<?xml version="1.0" encoding="UTF-8"?>
<testsuite xmlns:xsi="http://www.w3.org/2001/XMLSchema-instance" xsi:noNamespaceSchemaLocation="https://maven.apache.org/surefire/maven-surefire-plugin/xsd/surefire-test-report.xsd" name="org.apache.hadoop.ozone.client.rpc.TestKeyInputStream" time="49.492" tests="1" errors="1" skipped="0" failures="0">
  <properties>
    <property name="awt.toolkit" value="sun.awt.X11.XToolkit"/>
    <property name="file.encoding.pkg" value="sun.io"/>
    <property name="java.specification.version" value="1.8"/>
    <property name="sun.cpu.isalist" value=""/>
    <property name="sun.jnu.encoding" value="UTF-8"/>
    <property name="java.class.path" value="/workdir/hadoop-ozone/integration-test/target/test-classes:/workdir/hadoop-ozone/integration-test/target/classes:/home/user/.m2/repository/org/apache/hadoop/hadoop-ozone-common/0.5.0-SNAPSHOT/hadoop-ozone-common-0.5.0-SNAPSHOT.jar:/home/user/.m2/repository/org/apache/commons/commons-compress/1.4.1/commons-compress-1.4.1.jar:/home/user/.m2/repository/org/tukaani/xz/1.0/xz-1.0.jar:/home/user/.m2/repository/org/apache/hadoop/hadoop-common/3.2.0/hadoop-common-3.2.0.jar:/home/user/.m2/repository/org/apache/hadoop/hadoop-hdfs/3.2.0/hadoop-hdfs-3.2.0.jar:/home/user/.m2/repository/org/apache/hadoop/hadoop-hdfs-client/3.2.0/hadoop-hdfs-client-3.2.0.jar:/home/user/.m2/repository/com/fasterxml/jackson/core/jackson-annotations/2.9.9/jackson-annotations-2.9.9.jar:/home/user/.m2/repository/org/apache/hadoop/hadoop-hdds-common/0.5.0-SNAPSHOT/hadoop-hdds-common-0.5.0-SNAPSHOT.jar:/home/user/.m2/repository/javax/annotation/javax.annotation-api/1.2/javax.annotation-api-1.2.jar:/home/user/.m2/repository/org/apache/ratis/ratis-server/0.4.0/ratis-server-0.4.0.jar:/home/user/.m2/repository/org/apache/ratis/ratis-thirdparty-misc/0.2.0/ratis-thirdparty-misc-0.2.0.jar:/home/user/.m2/repository/org/apache/ratis/ratis-proto/0.4.0/ratis-proto-0.4.0.jar:/home/user/.m2/repository/org/apache/ratis/ratis-common/0.4.0/ratis-common-0.4.0.jar:/home/user/.m2/repository/org/apache/ratis/ratis-client/0.4.0/ratis-client-0.4.0.jar:/home/user/.m2/repository/org/apache/ratis/ratis-metrics/0.4.0/ratis-metrics-0.4.0.jar:/home/user/.m2/repository/com/github/joshelser/dropwizard-metrics-hadoop-metrics2-reporter/0.1.2/dropwizard-metrics-hadoop-metrics2-reporter-0.1.2.jar:/home/user/.m2/repository/io/dropwizard/metrics/metrics-jvm/3.2.5/metrics-jvm-3.2.5.jar:/home/user/.m2/repository/io/dropwizard/metrics/metrics-ganglia/3.2.5/metrics-ganglia-3.2.5.jar:/home/user/.m2/repository/info/ganglia/gmetric4j/gmetric4j/1.0.7/gmetric4j-1.0.7.jar:/home/user/.m2/repository/org/apache/ratis/ratis-netty/0.4.0/ratis-netty-0.4.0.jar:/home/user/.m2/repository/org/apache/ratis/ratis-grpc/0.4.0/ratis-grpc-0.4.0.jar:/home/user/.m2/repository/org/rocksdb/rocksdbjni/6.0.1/rocksdbjni-6.0.1.jar:/home/user/.m2/repository/org/apache/logging/log4j/log4j-api/2.11.0/log4j-api-2.11.0.jar:/home/user/.m2/repository/org/apache/logging/log4j/log4j-core/2.11.0/log4j-core-2.11.0.jar:/home/user/.m2/repository/com/lmax/disruptor/3.4.2/disruptor-3.4.2.jar:/home/user/.m2/repository/org/apache/commons/commons-pool2/2.6.0/commons-pool2-2.6.0.jar:/home/user/.m2/repository/org/bouncycastle/bcpkix-jdk15on/1.60/bcpkix-jdk15on-1.60.jar:/home/user/.m2/repository/commons-validator/commons-validator/1.6/commons-validator-1.6.jar:/home/user/.m2/repository/commons-digester/commons-digester/1.8.1/commons-digester-1.8.1.jar:/home/user/.m2/repository/io/jaegertracing/jaeger-client/0.34.0/jaeger-client-0.34.0.jar:/home/user/.m2/repository/io/jaegertracing/jaeger-thrift/0.34.0/jaeger-thrift-0.34.0.jar:/home/user/.m2/repository/org/apache/thrift/libthrift/0.12.0/libthrift-0.12.0.jar:/home/user/.m2/repository/com/squareup/okhttp3/okhttp/3.9.0/okhttp-3.9.0.jar:/home/user/.m2/repository/com/squareup/okio/okio/1.13.0/okio-1.13.0.jar:/home/user/.m2/repository/io/jaegertracing/jaeger-core/0.34.0/jaeger-core-0.34.0.jar:/home/user/.m2/repository/io/jaegertracing/jaeger-tracerresolver/0.34.0/jaeger-tracerresolver-0.34.0.jar:/home/user/.m2/repository/io/opentracing/contrib/opentracing-tracerresolver/0.1.5/opentracing-tracerresolver-0.1.5.jar:/home/user/.m2/repository/io/opentracing/opentracing-util/0.31.0/opentracing-util-0.31.0.jar:/home/user/.m2/repository/io/opentracing/opentracing-api/0.31.0/opentracing-api-0.31.0.jar:/home/user/.m2/repository/io/opentracing/opentracing-noop/0.31.0/opentracing-noop-0.31.0.jar:/home/user/.m2/repository/org/apache/hadoop/hadoop-hdds-server-framework/0.5.0-SNAPSHOT/hadoop-hdds-server-framework-0.5.0-SNAPSHOT.jar:/home/user/.m2/repository/org/apache/hadoop/hadoop-hdds-container-service/0.5.0-SNAPSHOT/hadoop-hdds-container-service-0.5.0-SNAPSHOT.jar:/home/user/.m2/repository/org/apache/hadoop/hadoop-hdds-client/0.5.0-SNAPSHOT/hadoop-hdds-client-0.5.0-SNAPSHOT.jar:/home/user/.m2/repository/org/apache/hadoop/hadoop-hdds-tools/0.5.0-SNAPSHOT/hadoop-hdds-tools-0.5.0-SNAPSHOT.jar:/home/user/.m2/repository/org/apache/hadoop/hadoop-hdds-server-scm/0.5.0-SNAPSHOT/hadoop-hdds-server-scm-0.5.0-SNAPSHOT.jar:/home/user/.m2/repository/org/apache/hadoop/hadoop-hdds-docs/0.5.0-SNAPSHOT/hadoop-hdds-docs-0.5.0-SNAPSHOT.jar:/home/user/.m2/repository/io/dropwizard/metrics/metrics-core/3.2.4/metrics-core-3.2.4.jar:/home/user/.m2/repository/org/hamcrest/hamcrest-all/1.3/hamcrest-all-1.3.jar:/home/user/.m2/repository/org/bouncycastle/bcprov-jdk15on/1.60/bcprov-jdk15on-1.60.jar:/home/user/.m2/repository/info/picocli/picocli/3.9.6/picocli-3.9.6.jar:/home/user/.m2/repository/com/google/protobuf/protobuf-java/2.5.0/protobuf-java-2.5.0.jar:/home/user/.m2/repository/com/google/guava/guava/11.0.2/guava-11.0.2.jar:/home/user/.m2/repository/org/apache/hadoop/hadoop-ozone-ozone-manager/0.5.0-SNAPSHOT/hadoop-ozone-ozone-manager-0.5.0-SNAPSHOT.jar:/home/user/.m2/repository/org/apache/hadoop/hadoop-minikdc/3.2.0/hadoop-minikdc-3.2.0.jar:/home/user/.m2/repository/commons-io/commons-io/2.5/commons-io-2.5.jar:/home/user/.m2/repository/org/apache/kerby/kerb-simplekdc/1.0.1/kerb-simplekdc-1.0.1.jar:/home/user/.m2/repository/org/apache/kerby/kerb-client/1.0.1/kerb-client-1.0.1.jar:/home/user/.m2/repository/org/apache/kerby/kerby-config/1.0.1/kerby-config-1.0.1.jar:/home/user/.m2/repository/org/apache/kerby/kerb-core/1.0.1/kerb-core-1.0.1.jar:/home/user/.m2/repository/org/apache/kerby/kerby-pkix/1.0.1/kerby-pkix-1.0.1.jar:/home/user/.m2/repository/org/apache/kerby/kerby-asn1/1.0.1/kerby-asn1-1.0.1.jar:/home/user/.m2/repository/org/apache/kerby/kerby-util/1.0.1/kerby-util-1.0.1.jar:/home/user/.m2/repository/org/apache/kerby/kerb-common/1.0.1/kerb-common-1.0.1.jar:/home/user/.m2/repository/org/apache/kerby/kerb-crypto/1.0.1/kerb-crypto-1.0.1.jar:/home/user/.m2/repository/org/apache/kerby/kerb-util/1.0.1/kerb-util-1.0.1.jar:/home/user/.m2/repository/org/apache/kerby/token-provider/1.0.1/token-provider-1.0.1.jar:/home/user/.m2/repository/org/apache/kerby/kerb-admin/1.0.1/kerb-admin-1.0.1.jar:/home/user/.m2/repository/org/apache/kerby/kerb-server/1.0.1/kerb-server-1.0.1.jar:/home/user/.m2/repository/org/apache/kerby/kerb-identity/1.0.1/kerb-identity-1.0.1.jar:/home/user/.m2/repository/org/apache/kerby/kerby-xdr/1.0.1/kerby-xdr-1.0.1.jar:/home/user/.m2/repository/org/slf4j/slf4j-log4j12/1.7.25/slf4j-log4j12-1.7.25.jar:/home/user/.m2/repository/org/apache/hadoop/hadoop-ozone-s3gateway/0.5.0-SNAPSHOT/hadoop-ozone-s3gateway-0.5.0-SNAPSHOT.jar:/home/user/.m2/repository/org/jboss/weld/servlet/weld-servlet/2.4.7.Final/weld-servlet-2.4.7.Final.jar:/home/user/.m2/repository/org/glassfish/jersey/containers/jersey-container-servlet-core/2.27/jersey-container-servlet-core-2.27.jar:/home/user/.m2/repository/org/glassfish/hk2/external/javax.inject/2.5.0-b42/javax.inject-2.5.0-b42.jar:/home/user/.m2/repository/org/glassfish/jersey/core/jersey-common/2.27/jersey-common-2.27.jar:/home/user/.m2/repository/org/glassfish/hk2/osgi-resource-locator/1.0.1/osgi-resource-locator-1.0.1.jar:/home/user/.m2/repository/javax/ws/rs/javax.ws.rs-api/2.1/javax.ws.rs-api-2.1.jar:/home/user/.m2/repository/org/glassfish/jersey/ext/cdi/jersey-cdi1x/2.27/jersey-cdi1x-2.27.jar:/home/user/.m2/repository/org/glassfish/jersey/inject/jersey-hk2/2.27/jersey-hk2-2.27.jar:/home/user/.m2/repository/org/glassfish/hk2/hk2-locator/2.5.0-b42/hk2-locator-2.5.0-b42.jar:/home/user/.m2/repository/org/javassist/javassist/3.22.0-CR2/javassist-3.22.0-CR2.jar:/home/user/.m2/repository/org/glassfish/hk2/hk2-api/2.5.0/hk2-api-2.5.0.jar:/home/user/.m2/repository/org/glassfish/hk2/external/jakarta.inject/2.5.0/jakarta.inject-2.5.0.jar:/home/user/.m2/repository/org/glassfish/hk2/hk2-utils/2.5.0/hk2-utils-2.5.0.jar:/home/user/.m2/repository/jakarta/annotation/jakarta.annotation-api/1.3.4/jakarta.annotation-api-1.3.4.jar:/home/user/.m2/repository/org/glassfish/hk2/external/aopalliance-repackaged/2.5.0/aopalliance-repackaged-2.5.0.jar:/home/user/.m2/repository/com/fasterxml/jackson/dataformat/jackson-dataformat-xml/2.9.0/jackson-dataformat-xml-2.9.0.jar:/home/user/.m2/repository/com/fasterxml/jackson/core/jackson-core/2.9.9/jackson-core-2.9.9.jar:/home/user/.m2/repository/com/fasterxml/jackson/module/jackson-module-jaxb-annotations/2.9.9/jackson-module-jaxb-annotations-2.9.9.jar:/home/user/.m2/repository/javax/enterprise/cdi-api/1.2/cdi-api-1.2.jar:/home/user/.m2/repository/javax/el/javax.el-api/3.0.0/javax.el-api-3.0.0.jar:/home/user/.m2/repository/javax/interceptor/javax.interceptor-api/1.2/javax.interceptor-api-1.2.jar:/home/user/.m2/repository/javax/inject/javax.inject/1/javax.inject-1.jar:/home/user/.m2/repository/com/sun/xml/bind/jaxb-impl/2.3.0.1/jaxb-impl-2.3.0.1.jar:/home/user/.m2/repository/com/sun/xml/bind/jaxb-core/2.3.0.1/jaxb-core-2.3.0.1.jar:/home/user/.m2/repository/javax/xml/bind/jaxb-api/2.3.0/jaxb-api-2.3.0.jar:/home/user/.m2/repository/javax/activation/activation/1.1.1/activation-1.1.1.jar:/home/user/.m2/repository/org/apache/hadoop/hadoop-ozone-csi/0.5.0-SNAPSHOT/hadoop-ozone-csi-0.5.0-SNAPSHOT.jar:/home/user/.m2/repository/com/google/protobuf/protobuf-java-util/3.5.1/protobuf-java-util-3.5.1.jar:/home/user/.m2/repository/org/apache/hadoop/hadoop-hdds-config/0.5.0-SNAPSHOT/hadoop-hdds-config-0.5.0-SNAPSHOT.jar:/home/user/.m2/repository/io/grpc/grpc-netty/1.17.1/grpc-netty-1.17.1.jar:/home/user/.m2/repository/io/grpc/grpc-core/1.17.1/grpc-core-1.17.1.jar:/home/user/.m2/repository/io/grpc/grpc-context/1.17.1/grpc-context-1.17.1.jar:/home/user/.m2/repository/com/google/errorprone/error_prone_annotations/2.2.0/error_prone_annotations-2.2.0.jar:/home/user/.m2/repository/org/codehaus/mojo/animal-sniffer-annotations/1.17/animal-sniffer-annotations-1.17.jar:/home/user/.m2/repository/io/opencensus/opencensus-api/0.17.0/opencensus-api-0.17.0.jar:/home/user/.m2/repository/io/opencensus/opencensus-contrib-grpc-metrics/0.17.0/opencensus-contrib-grpc-metrics-0.17.0.jar:/home/user/.m2/repository/io/netty/netty-codec-http2/4.1.30.Final/netty-codec-http2-4.1.30.Final.jar:/home/user/.m2/repository/io/netty/netty-codec-http/4.1.30.Final/netty-codec-http-4.1.30.Final.jar:/home/user/.m2/repository/io/netty/netty-codec/4.1.30.Final/netty-codec-4.1.30.Final.jar:/home/user/.m2/repository/io/netty/netty-handler/4.1.30.Final/netty-handler-4.1.30.Final.jar:/home/user/.m2/repository/io/netty/netty-handler-proxy/4.1.30.Final/netty-handler-proxy-4.1.30.Final.jar:/home/user/.m2/repository/io/netty/netty-codec-socks/4.1.30.Final/netty-codec-socks-4.1.30.Final.jar:/home/user/.m2/repository/io/netty/netty-transport-native-epoll/4.1.30.Final/netty-transport-native-epoll-4.1.30.Final.jar:/home/user/.m2/repository/io/netty/netty-common/4.1.30.Final/netty-common-4.1.30.Final.jar:/home/user/.m2/repository/io/netty/netty-buffer/4.1.30.Final/netty-buffer-4.1.30.Final.jar:/home/user/.m2/repository/io/netty/netty-transport/4.1.30.Final/netty-transport-4.1.30.Final.jar:/home/user/.m2/repository/io/netty/netty-resolver/4.1.30.Final/netty-resolver-4.1.30.Final.jar:/home/user/.m2/repository/io/netty/netty-transport-native-unix-common/4.1.30.Final/netty-transport-native-unix-common-4.1.30.Final.jar:/home/user/.m2/repository/io/grpc/grpc-protobuf/1.17.1/grpc-protobuf-1.17.1.jar:/home/user/.m2/repository/com/google/api/grpc/proto-google-common-protos/1.0.0/proto-google-common-protos-1.0.0.jar:/home/user/.m2/repository/io/grpc/grpc-protobuf-lite/1.17.1/grpc-protobuf-lite-1.17.1.jar:/home/user/.m2/repository/io/grpc/grpc-stub/1.17.1/grpc-stub-1.17.1.jar:/home/user/.m2/repository/org/apache/hadoop/hadoop-ozone-recon/0.5.0-SNAPSHOT/hadoop-ozone-recon-0.5.0-SNAPSHOT.jar:/home/user/.m2/repository/org/apache/hadoop/hadoop-ozone-reconcodegen/0.5.0-SNAPSHOT/hadoop-ozone-reconcodegen-0.5.0-SNAPSHOT.jar:/home/user/.m2/repository/com/google/inject/extensions/guice-multibindings/4.0/guice-multibindings-4.0.jar:/home/user/.m2/repository/com/google/inject/guice/4.0/guice-4.0.jar:/home/user/.m2/repository/aopalliance/aopalliance/1.0/aopalliance-1.0.jar:/home/user/.m2/repository/com/google/inject/extensions/guice-servlet/4.0/guice-servlet-4.0.jar:/home/user/.m2/repository/org/glassfish/jersey/containers/jersey-container-servlet/2.27/jersey-container-servlet-2.27.jar:/home/user/.m2/repository/org/glassfish/hk2/guice-bridge/2.5.0/guice-bridge-2.5.0.jar:/home/user/.m2/repository/org/glassfish/jersey/core/jersey-server/2.27/jersey-server-2.27.jar:/home/user/.m2/repository/org/glassfish/jersey/core/jersey-client/2.27/jersey-client-2.27.jar:/home/user/.m2/repository/org/glassfish/jersey/media/jersey-media-jaxb/2.27/jersey-media-jaxb-2.27.jar:/home/user/.m2/repository/javax/validation/validation-api/1.1.0.Final/validation-api-1.1.0.Final.jar:/home/user/.m2/repository/org/glassfish/jersey/media/jersey-media-json-jackson/2.27/jersey-media-json-jackson-2.27.jar:/home/user/.m2/repository/org/glassfish/jersey/ext/jersey-entity-filtering/2.27/jersey-entity-filtering-2.27.jar:/home/user/.m2/repository/com/google/inject/extensions/guice-assistedinject/4.0/guice-assistedinject-4.0.jar:/home/user/.m2/repository/org/jooq/jooq/3.11.10/jooq-3.11.10.jar:/home/user/.m2/repository/org/jooq/jooq-meta/3.11.10/jooq-meta-3.11.10.jar:/home/user/.m2/repository/org/jooq/jooq-codegen/3.11.10/jooq-codegen-3.11.10.jar:/home/user/.m2/repository/com/jolbox/bonecp/0.8.0.RELEASE/bonecp-0.8.0.RELEASE.jar:/home/user/.m2/repository/org/xerial/sqlite-jdbc/3.25.2/sqlite-jdbc-3.25.2.jar:/home/user/.m2/repository/org/springframework/spring-jdbc/5.1.3.RELEASE/spring-jdbc-5.1.3.RELEASE.jar:/home/user/.m2/repository/org/springframework/spring-beans/5.1.3.RELEASE/spring-beans-5.1.3.RELEASE.jar:/home/user/.m2/repository/org/springframework/spring-core/5.1.3.RELEASE/spring-core-5.1.3.RELEASE.jar:/home/user/.m2/repository/org/springframework/spring-jcl/5.1.3.RELEASE/spring-jcl-5.1.3.RELEASE.jar:/home/user/.m2/repository/org/springframework/spring-tx/5.1.3.RELEASE/spring-tx-5.1.3.RELEASE.jar:/home/user/.m2/repository/org/apache/hadoop/hadoop-ozone-client/0.5.0-SNAPSHOT/hadoop-ozone-client-0.5.0-SNAPSHOT.jar:/home/user/.m2/repository/commons-lang/commons-lang/2.6/commons-lang-2.6.jar:/home/user/.m2/repository/org/apache/hadoop/hadoop-ozone-ozone-manager/0.5.0-SNAPSHOT/hadoop-ozone-ozone-manager-0.5.0-SNAPSHOT-tests.jar:/home/user/.m2/repository/junit/junit/4.11/junit-4.11.jar:/home/user/.m2/repository/org/hamcrest/hamcrest-core/1.3/hamcrest-core-1.3.jar:/home/user/.m2/repository/org/openjdk/jmh/jmh-core/1.19/jmh-core-1.19.jar:/home/user/.m2/repository/net/sf/jopt-simple/jopt-simple/4.6/jopt-simple-4.6.jar:/home/user/.m2/repository/org/apache/commons/commons-math3/3.1.1/commons-math3-3.1.1.jar:/home/user/.m2/repository/org/openjdk/jmh/jmh-generator-annprocess/1.19/jmh-generator-annprocess-1.19.jar:/home/user/.m2/repository/org/mockito/mockito-all/1.8.5/mockito-all-1.8.5.jar:/home/user/.m2/repository/org/apache/hadoop/hadoop-kms/3.2.0/hadoop-kms-3.2.0.jar:/home/user/.m2/repository/org/apache/hadoop/hadoop-auth/3.2.0/hadoop-auth-3.2.0.jar:/home/user/.m2/repository/com/nimbusds/nimbus-jose-jwt/4.41.1/nimbus-jose-jwt-4.41.1.jar:/home/user/.m2/repository/com/github/stephenc/jcip/jcip-annotations/1.0-1/jcip-annotations-1.0-1.jar:/home/user/.m2/repository/net/minidev/json-smart/2.3/json-smart-2.3.jar:/home/user/.m2/repository/net/minidev/accessors-smart/1.2/accessors-smart-1.2.jar:/home/user/.m2/repository/org/ow2/asm/asm/5.0.4/asm-5.0.4.jar:/home/user/.m2/repository/org/apache/curator/curator-framework/2.12.0/curator-framework-2.12.0.jar:/home/user/.m2/repository/com/sun/jersey/jersey-core/1.19/jersey-core-1.19.jar:/home/user/.m2/repository/javax/ws/rs/jsr311-api/1.1.1/jsr311-api-1.1.1.jar:/home/user/.m2/repository/com/sun/jersey/jersey-server/1.19/jersey-server-1.19.jar:/home/user/.m2/repository/javax/servlet/javax.servlet-api/3.1.0/javax.servlet-api-3.1.0.jar:/home/user/.m2/repository/org/eclipse/jetty/jetty-server/9.3.25.v20180904/jetty-server-9.3.25.v20180904.jar:/home/user/.m2/repository/org/eclipse/jetty/jetty-http/9.3.25.v20180904/jetty-http-9.3.25.v20180904.jar:/home/user/.m2/repository/org/eclipse/jetty/jetty-io/9.3.25.v20180904/jetty-io-9.3.25.v20180904.jar:/home/user/.m2/repository/org/eclipse/jetty/jetty-webapp/9.3.25.v20180904/jetty-webapp-9.3.25.v20180904.jar:/home/user/.m2/repository/org/eclipse/jetty/jetty-xml/9.3.25.v20180904/jetty-xml-9.3.25.v20180904.jar:/home/user/.m2/repository/log4j/log4j/1.2.17/log4j-1.2.17.jar:/home/user/.m2/repository/org/slf4j/slf4j-api/1.7.25/slf4j-api-1.7.25.jar:/home/user/.m2/repository/org/slf4j/jul-to-slf4j/1.7.25/jul-to-slf4j-1.7.25.jar:/home/user/.m2/repository/org/eclipse/jetty/jetty-util/9.3.25.v20180904/jetty-util-9.3.25.v20180904.jar:/home/user/.m2/repository/com/fasterxml/jackson/core/jackson-databind/2.9.9/jackson-databind-2.9.9.jar:/home/user/.m2/repository/org/apache/hadoop/hadoop-kms/3.2.0/hadoop-kms-3.2.0-tests.jar:/home/user/.m2/repository/org/apache/hadoop/hadoop-hdds-server-scm/0.5.0-SNAPSHOT/hadoop-hdds-server-scm-0.5.0-SNAPSHOT-tests.jar:/home/user/.m2/repository/org/apache/hadoop/hadoop-hdds-container-service/0.5.0-SNAPSHOT/hadoop-hdds-container-service-0.5.0-SNAPSHOT-tests.jar:/home/user/.m2/repository/org/yaml/snakeyaml/1.16/snakeyaml-1.16.jar:/home/user/.m2/repository/org/apache/hadoop/hadoop-common/3.2.0/hadoop-common-3.2.0-tests.jar:/home/user/.m2/repository/org/apache/hadoop/hadoop-annotations/3.2.0/hadoop-annotations-3.2.0.jar:/usr/lib/jvm/java-1.8-openjdk/jre/../lib/tools.jar:/home/user/.m2/repository/commons-cli/commons-cli/1.2/commons-cli-1.2.jar:/home/user/.m2/repository/org/apache/httpcomponents/httpclient/4.5.2/httpclient-4.5.2.jar:/home/user/.m2/repository/org/apache/httpcomponents/httpcore/4.4.4/httpcore-4.4.4.jar:/home/user/.m2/repository/commons-codec/commons-codec/1.11/commons-codec-1.11.jar:/home/user/.m2/repository/commons-net/commons-net/3.6/commons-net-3.6.jar:/home/user/.m2/repository/commons-collections/commons-collections/3.2.2/commons-collections-3.2.2.jar:/home/user/.m2/repository/org/eclipse/jetty/jetty-servlet/9.3.25.v20180904/jetty-servlet-9.3.25.v20180904.jar:/home/user/.m2/repository/org/eclipse/jetty/jetty-security/9.3.25.v20180904/jetty-security-9.3.25.v20180904.jar:/home/user/.m2/repository/javax/servlet/jsp/jsp-api/2.1/jsp-api-2.1.jar:/home/user/.m2/repository/com/sun/jersey/jersey-servlet/1.19/jersey-servlet-1.19.jar:/home/user/.m2/repository/com/sun/jersey/jersey-json/1.19/jersey-json-1.19.jar:/home/user/.m2/repository/org/codehaus/jettison/jettison/1.1/jettison-1.1.jar:/home/user/.m2/repository/org/codehaus/jackson/jackson-core-asl/1.9.13/jackson-core-asl-1.9.13.jar:/home/user/.m2/repository/org/codehaus/jackson/jackson-mapper-asl/1.9.13/jackson-mapper-asl-1.9.13.jar:/home/user/.m2/repository/org/codehaus/jackson/jackson-jaxrs/1.9.13/jackson-jaxrs-1.9.13.jar:/home/user/.m2/repository/org/codehaus/jackson/jackson-xc/1.9.13/jackson-xc-1.9.13.jar:/home/user/.m2/repository/commons-logging/commons-logging/1.1.3/commons-logging-1.1.3.jar:/home/user/.m2/repository/commons-beanutils/commons-beanutils/1.9.4/commons-beanutils-1.9.4.jar:/home/user/.m2/repository/org/apache/commons/commons-configuration2/2.1.1/commons-configuration2-2.1.1.jar:/home/user/.m2/repository/org/apache/commons/commons-lang3/3.7/commons-lang3-3.7.jar:/home/user/.m2/repository/org/apache/commons/commons-text/1.4/commons-text-1.4.jar:/home/user/.m2/repository/org/apache/avro/avro/1.7.7/avro-1.7.7.jar:/home/user/.m2/repository/com/thoughtworks/paranamer/paranamer/2.3/paranamer-2.3.jar:/home/user/.m2/repository/org/xerial/snappy/snappy-java/1.0.5/snappy-java-1.0.5.jar:/home/user/.m2/repository/com/google/re2j/re2j/1.1/re2j-1.1.jar:/home/user/.m2/repository/com/google/code/gson/gson/2.2.4/gson-2.2.4.jar:/home/user/.m2/repository/com/jcraft/jsch/0.1.54/jsch-0.1.54.jar:/home/user/.m2/repository/org/apache/curator/curator-client/2.12.0/curator-client-2.12.0.jar:/home/user/.m2/repository/org/apache/curator/curator-recipes/2.12.0/curator-recipes-2.12.0.jar:/home/user/.m2/repository/com/google/code/findbugs/jsr305/3.0.0/jsr305-3.0.0.jar:/home/user/.m2/repository/org/apache/htrace/htrace-core4/4.1.0-incubating/htrace-core4-4.1.0-incubating.jar:/home/user/.m2/repository/org/apache/zookeeper/zookeeper/3.4.13/zookeeper-3.4.13.jar:/home/user/.m2/repository/jline/jline/0.9.94/jline-0.9.94.jar:/home/user/.m2/repository/org/apache/yetus/audience-annotations/0.5.0/audience-annotations-0.5.0.jar:/home/user/.m2/repository/org/codehaus/woodstox/stax2-api/3.1.4/stax2-api-3.1.4.jar:/home/user/.m2/repository/com/fasterxml/woodstox/woodstox-core/5.0.3/woodstox-core-5.0.3.jar:/home/user/.m2/repository/dnsjava/dnsjava/2.1.7/dnsjava-2.1.7.jar:/home/user/.m2/repository/org/apache/hadoop/hadoop-hdfs/3.2.0/hadoop-hdfs-3.2.0-tests.jar:/home/user/.m2/repository/org/eclipse/jetty/jetty-util-ajax/9.3.25.v20180904/jetty-util-ajax-9.3.25.v20180904.jar:/home/user/.m2/repository/commons-daemon/commons-daemon/1.0.13/commons-daemon-1.0.13.jar:/home/user/.m2/repository/io/netty/netty/3.10.5.Final/netty-3.10.5.Final.jar:/home/user/.m2/repository/io/netty/netty-all/4.0.52.Final/netty-all-4.0.52.Final.jar:/home/user/.m2/repository/org/fusesource/leveldbjni/leveldbjni-all/1.8/leveldbjni-all-1.8.jar:"/>
    <property name="java.vm.vendor" value="IcedTea"/>
    <property name="sun.arch.data.model" value="64"/>
    <property name="test.build.dir" value="/workdir/hadoop-ozone/integration-test/target/test-dir"/>
    <property name="test.cache.data" value=""/>
    <property name="java.vendor.url" value="https://icedtea.classpath.org"/>
    <property name="user.timezone" value=""/>
    <property name="java.vm.specification.version" value="1.8"/>
    <property name="os.name" value="Linux"/>
    <property name="test.build.data" value="/workdir/hadoop-ozone/integration-test/target/test-dir"/>
    <property name="user.country" value="US"/>
    <property name="sun.java.launcher" value="SUN_STANDARD"/>
    <property name="sun.boot.library.path" value="/usr/lib/jvm/java-1.8-openjdk/jre/lib/amd64"/>
    <property name="sun.java.command" value="/workdir/hadoop-ozone/integration-test/target/surefire/surefirebooter393191564831913508.jar /workdir/hadoop-ozone/integration-test/target/surefire 2019-09-25T03-07-58_965-jvmRun1 surefire1774112103728851123tmp surefire_575767857952788668977tmp"/>
    <property name="test" value="!TestMiniChaosOzoneCluster"/>
    <property name="surefire.test.class.path" value="/workdir/hadoop-ozone/integration-test/target/test-classes:/workdir/hadoop-ozone/integration-test/target/classes:/home/user/.m2/repository/org/apache/hadoop/hadoop-ozone-common/0.5.0-SNAPSHOT/hadoop-ozone-common-0.5.0-SNAPSHOT.jar:/home/user/.m2/repository/org/apache/commons/commons-compress/1.4.1/commons-compress-1.4.1.jar:/home/user/.m2/repository/org/tukaani/xz/1.0/xz-1.0.jar:/home/user/.m2/repository/org/apache/hadoop/hadoop-common/3.2.0/hadoop-common-3.2.0.jar:/home/user/.m2/repository/org/apache/hadoop/hadoop-hdfs/3.2.0/hadoop-hdfs-3.2.0.jar:/home/user/.m2/repository/org/apache/hadoop/hadoop-hdfs-client/3.2.0/hadoop-hdfs-client-3.2.0.jar:/home/user/.m2/repository/com/fasterxml/jackson/core/jackson-annotations/2.9.9/jackson-annotations-2.9.9.jar:/home/user/.m2/repository/org/apache/hadoop/hadoop-hdds-common/0.5.0-SNAPSHOT/hadoop-hdds-common-0.5.0-SNAPSHOT.jar:/home/user/.m2/repository/javax/annotation/javax.annotation-api/1.2/javax.annotation-api-1.2.jar:/home/user/.m2/repository/org/apache/ratis/ratis-server/0.4.0/ratis-server-0.4.0.jar:/home/user/.m2/repository/org/apache/ratis/ratis-thirdparty-misc/0.2.0/ratis-thirdparty-misc-0.2.0.jar:/home/user/.m2/repository/org/apache/ratis/ratis-proto/0.4.0/ratis-proto-0.4.0.jar:/home/user/.m2/repository/org/apache/ratis/ratis-common/0.4.0/ratis-common-0.4.0.jar:/home/user/.m2/repository/org/apache/ratis/ratis-client/0.4.0/ratis-client-0.4.0.jar:/home/user/.m2/repository/org/apache/ratis/ratis-metrics/0.4.0/ratis-metrics-0.4.0.jar:/home/user/.m2/repository/com/github/joshelser/dropwizard-metrics-hadoop-metrics2-reporter/0.1.2/dropwizard-metrics-hadoop-metrics2-reporter-0.1.2.jar:/home/user/.m2/repository/io/dropwizard/metrics/metrics-jvm/3.2.5/metrics-jvm-3.2.5.jar:/home/user/.m2/repository/io/dropwizard/metrics/metrics-ganglia/3.2.5/metrics-ganglia-3.2.5.jar:/home/user/.m2/repository/info/ganglia/gmetric4j/gmetric4j/1.0.7/gmetric4j-1.0.7.jar:/home/user/.m2/repository/org/apache/ratis/ratis-netty/0.4.0/ratis-netty-0.4.0.jar:/home/user/.m2/repository/org/apache/ratis/ratis-grpc/0.4.0/ratis-grpc-0.4.0.jar:/home/user/.m2/repository/org/rocksdb/rocksdbjni/6.0.1/rocksdbjni-6.0.1.jar:/home/user/.m2/repository/org/apache/logging/log4j/log4j-api/2.11.0/log4j-api-2.11.0.jar:/home/user/.m2/repository/org/apache/logging/log4j/log4j-core/2.11.0/log4j-core-2.11.0.jar:/home/user/.m2/repository/com/lmax/disruptor/3.4.2/disruptor-3.4.2.jar:/home/user/.m2/repository/org/apache/commons/commons-pool2/2.6.0/commons-pool2-2.6.0.jar:/home/user/.m2/repository/org/bouncycastle/bcpkix-jdk15on/1.60/bcpkix-jdk15on-1.60.jar:/home/user/.m2/repository/commons-validator/commons-validator/1.6/commons-validator-1.6.jar:/home/user/.m2/repository/commons-digester/commons-digester/1.8.1/commons-digester-1.8.1.jar:/home/user/.m2/repository/io/jaegertracing/jaeger-client/0.34.0/jaeger-client-0.34.0.jar:/home/user/.m2/repository/io/jaegertracing/jaeger-thrift/0.34.0/jaeger-thrift-0.34.0.jar:/home/user/.m2/repository/org/apache/thrift/libthrift/0.12.0/libthrift-0.12.0.jar:/home/user/.m2/repository/com/squareup/okhttp3/okhttp/3.9.0/okhttp-3.9.0.jar:/home/user/.m2/repository/com/squareup/okio/okio/1.13.0/okio-1.13.0.jar:/home/user/.m2/repository/io/jaegertracing/jaeger-core/0.34.0/jaeger-core-0.34.0.jar:/home/user/.m2/repository/io/jaegertracing/jaeger-tracerresolver/0.34.0/jaeger-tracerresolver-0.34.0.jar:/home/user/.m2/repository/io/opentracing/contrib/opentracing-tracerresolver/0.1.5/opentracing-tracerresolver-0.1.5.jar:/home/user/.m2/repository/io/opentracing/opentracing-util/0.31.0/opentracing-util-0.31.0.jar:/home/user/.m2/repository/io/opentracing/opentracing-api/0.31.0/opentracing-api-0.31.0.jar:/home/user/.m2/repository/io/opentracing/opentracing-noop/0.31.0/opentracing-noop-0.31.0.jar:/home/user/.m2/repository/org/apache/hadoop/hadoop-hdds-server-framework/0.5.0-SNAPSHOT/hadoop-hdds-server-framework-0.5.0-SNAPSHOT.jar:/home/user/.m2/repository/org/apache/hadoop/hadoop-hdds-container-service/0.5.0-SNAPSHOT/hadoop-hdds-container-service-0.5.0-SNAPSHOT.jar:/home/user/.m2/repository/org/apache/hadoop/hadoop-hdds-client/0.5.0-SNAPSHOT/hadoop-hdds-client-0.5.0-SNAPSHOT.jar:/home/user/.m2/repository/org/apache/hadoop/hadoop-hdds-tools/0.5.0-SNAPSHOT/hadoop-hdds-tools-0.5.0-SNAPSHOT.jar:/home/user/.m2/repository/org/apache/hadoop/hadoop-hdds-server-scm/0.5.0-SNAPSHOT/hadoop-hdds-server-scm-0.5.0-SNAPSHOT.jar:/home/user/.m2/repository/org/apache/hadoop/hadoop-hdds-docs/0.5.0-SNAPSHOT/hadoop-hdds-docs-0.5.0-SNAPSHOT.jar:/home/user/.m2/repository/io/dropwizard/metrics/metrics-core/3.2.4/metrics-core-3.2.4.jar:/home/user/.m2/repository/org/hamcrest/hamcrest-all/1.3/hamcrest-all-1.3.jar:/home/user/.m2/repository/org/bouncycastle/bcprov-jdk15on/1.60/bcprov-jdk15on-1.60.jar:/home/user/.m2/repository/info/picocli/picocli/3.9.6/picocli-3.9.6.jar:/home/user/.m2/repository/com/google/protobuf/protobuf-java/2.5.0/protobuf-java-2.5.0.jar:/home/user/.m2/repository/com/google/guava/guava/11.0.2/guava-11.0.2.jar:/home/user/.m2/repository/org/apache/hadoop/hadoop-ozone-ozone-manager/0.5.0-SNAPSHOT/hadoop-ozone-ozone-manager-0.5.0-SNAPSHOT.jar:/home/user/.m2/repository/org/apache/hadoop/hadoop-minikdc/3.2.0/hadoop-minikdc-3.2.0.jar:/home/user/.m2/repository/commons-io/commons-io/2.5/commons-io-2.5.jar:/home/user/.m2/repository/org/apache/kerby/kerb-simplekdc/1.0.1/kerb-simplekdc-1.0.1.jar:/home/user/.m2/repository/org/apache/kerby/kerb-client/1.0.1/kerb-client-1.0.1.jar:/home/user/.m2/repository/org/apache/kerby/kerby-config/1.0.1/kerby-config-1.0.1.jar:/home/user/.m2/repository/org/apache/kerby/kerb-core/1.0.1/kerb-core-1.0.1.jar:/home/user/.m2/repository/org/apache/kerby/kerby-pkix/1.0.1/kerby-pkix-1.0.1.jar:/home/user/.m2/repository/org/apache/kerby/kerby-asn1/1.0.1/kerby-asn1-1.0.1.jar:/home/user/.m2/repository/org/apache/kerby/kerby-util/1.0.1/kerby-util-1.0.1.jar:/home/user/.m2/repository/org/apache/kerby/kerb-common/1.0.1/kerb-common-1.0.1.jar:/home/user/.m2/repository/org/apache/kerby/kerb-crypto/1.0.1/kerb-crypto-1.0.1.jar:/home/user/.m2/repository/org/apache/kerby/kerb-util/1.0.1/kerb-util-1.0.1.jar:/home/user/.m2/repository/org/apache/kerby/token-provider/1.0.1/token-provider-1.0.1.jar:/home/user/.m2/repository/org/apache/kerby/kerb-admin/1.0.1/kerb-admin-1.0.1.jar:/home/user/.m2/repository/org/apache/kerby/kerb-server/1.0.1/kerb-server-1.0.1.jar:/home/user/.m2/repository/org/apache/kerby/kerb-identity/1.0.1/kerb-identity-1.0.1.jar:/home/user/.m2/repository/org/apache/kerby/kerby-xdr/1.0.1/kerby-xdr-1.0.1.jar:/home/user/.m2/repository/org/slf4j/slf4j-log4j12/1.7.25/slf4j-log4j12-1.7.25.jar:/home/user/.m2/repository/org/apache/hadoop/hadoop-ozone-s3gateway/0.5.0-SNAPSHOT/hadoop-ozone-s3gateway-0.5.0-SNAPSHOT.jar:/home/user/.m2/repository/org/jboss/weld/servlet/weld-servlet/2.4.7.Final/weld-servlet-2.4.7.Final.jar:/home/user/.m2/repository/org/glassfish/jersey/containers/jersey-container-servlet-core/2.27/jersey-container-servlet-core-2.27.jar:/home/user/.m2/repository/org/glassfish/hk2/external/javax.inject/2.5.0-b42/javax.inject-2.5.0-b42.jar:/home/user/.m2/repository/org/glassfish/jersey/core/jersey-common/2.27/jersey-common-2.27.jar:/home/user/.m2/repository/org/glassfish/hk2/osgi-resource-locator/1.0.1/osgi-resource-locator-1.0.1.jar:/home/user/.m2/repository/javax/ws/rs/javax.ws.rs-api/2.1/javax.ws.rs-api-2.1.jar:/home/user/.m2/repository/org/glassfish/jersey/ext/cdi/jersey-cdi1x/2.27/jersey-cdi1x-2.27.jar:/home/user/.m2/repository/org/glassfish/jersey/inject/jersey-hk2/2.27/jersey-hk2-2.27.jar:/home/user/.m2/repository/org/glassfish/hk2/hk2-locator/2.5.0-b42/hk2-locator-2.5.0-b42.jar:/home/user/.m2/repository/org/javassist/javassist/3.22.0-CR2/javassist-3.22.0-CR2.jar:/home/user/.m2/repository/org/glassfish/hk2/hk2-api/2.5.0/hk2-api-2.5.0.jar:/home/user/.m2/repository/org/glassfish/hk2/external/jakarta.inject/2.5.0/jakarta.inject-2.5.0.jar:/home/user/.m2/repository/org/glassfish/hk2/hk2-utils/2.5.0/hk2-utils-2.5.0.jar:/home/user/.m2/repository/jakarta/annotation/jakarta.annotation-api/1.3.4/jakarta.annotation-api-1.3.4.jar:/home/user/.m2/repository/org/glassfish/hk2/external/aopalliance-repackaged/2.5.0/aopalliance-repackaged-2.5.0.jar:/home/user/.m2/repository/com/fasterxml/jackson/dataformat/jackson-dataformat-xml/2.9.0/jackson-dataformat-xml-2.9.0.jar:/home/user/.m2/repository/com/fasterxml/jackson/core/jackson-core/2.9.9/jackson-core-2.9.9.jar:/home/user/.m2/repository/com/fasterxml/jackson/module/jackson-module-jaxb-annotations/2.9.9/jackson-module-jaxb-annotations-2.9.9.jar:/home/user/.m2/repository/javax/enterprise/cdi-api/1.2/cdi-api-1.2.jar:/home/user/.m2/repository/javax/el/javax.el-api/3.0.0/javax.el-api-3.0.0.jar:/home/user/.m2/repository/javax/interceptor/javax.interceptor-api/1.2/javax.interceptor-api-1.2.jar:/home/user/.m2/repository/javax/inject/javax.inject/1/javax.inject-1.jar:/home/user/.m2/repository/com/sun/xml/bind/jaxb-impl/2.3.0.1/jaxb-impl-2.3.0.1.jar:/home/user/.m2/repository/com/sun/xml/bind/jaxb-core/2.3.0.1/jaxb-core-2.3.0.1.jar:/home/user/.m2/repository/javax/xml/bind/jaxb-api/2.3.0/jaxb-api-2.3.0.jar:/home/user/.m2/repository/javax/activation/activation/1.1.1/activation-1.1.1.jar:/home/user/.m2/repository/org/apache/hadoop/hadoop-ozone-csi/0.5.0-SNAPSHOT/hadoop-ozone-csi-0.5.0-SNAPSHOT.jar:/home/user/.m2/repository/com/google/protobuf/protobuf-java-util/3.5.1/protobuf-java-util-3.5.1.jar:/home/user/.m2/repository/org/apache/hadoop/hadoop-hdds-config/0.5.0-SNAPSHOT/hadoop-hdds-config-0.5.0-SNAPSHOT.jar:/home/user/.m2/repository/io/grpc/grpc-netty/1.17.1/grpc-netty-1.17.1.jar:/home/user/.m2/repository/io/grpc/grpc-core/1.17.1/grpc-core-1.17.1.jar:/home/user/.m2/repository/io/grpc/grpc-context/1.17.1/grpc-context-1.17.1.jar:/home/user/.m2/repository/com/google/errorprone/error_prone_annotations/2.2.0/error_prone_annotations-2.2.0.jar:/home/user/.m2/repository/org/codehaus/mojo/animal-sniffer-annotations/1.17/animal-sniffer-annotations-1.17.jar:/home/user/.m2/repository/io/opencensus/opencensus-api/0.17.0/opencensus-api-0.17.0.jar:/home/user/.m2/repository/io/opencensus/opencensus-contrib-grpc-metrics/0.17.0/opencensus-contrib-grpc-metrics-0.17.0.jar:/home/user/.m2/repository/io/netty/netty-codec-http2/4.1.30.Final/netty-codec-http2-4.1.30.Final.jar:/home/user/.m2/repository/io/netty/netty-codec-http/4.1.30.Final/netty-codec-http-4.1.30.Final.jar:/home/user/.m2/repository/io/netty/netty-codec/4.1.30.Final/netty-codec-4.1.30.Final.jar:/home/user/.m2/repository/io/netty/netty-handler/4.1.30.Final/netty-handler-4.1.30.Final.jar:/home/user/.m2/repository/io/netty/netty-handler-proxy/4.1.30.Final/netty-handler-proxy-4.1.30.Final.jar:/home/user/.m2/repository/io/netty/netty-codec-socks/4.1.30.Final/netty-codec-socks-4.1.30.Final.jar:/home/user/.m2/repository/io/netty/netty-transport-native-epoll/4.1.30.Final/netty-transport-native-epoll-4.1.30.Final.jar:/home/user/.m2/repository/io/netty/netty-common/4.1.30.Final/netty-common-4.1.30.Final.jar:/home/user/.m2/repository/io/netty/netty-buffer/4.1.30.Final/netty-buffer-4.1.30.Final.jar:/home/user/.m2/repository/io/netty/netty-transport/4.1.30.Final/netty-transport-4.1.30.Final.jar:/home/user/.m2/repository/io/netty/netty-resolver/4.1.30.Final/netty-resolver-4.1.30.Final.jar:/home/user/.m2/repository/io/netty/netty-transport-native-unix-common/4.1.30.Final/netty-transport-native-unix-common-4.1.30.Final.jar:/home/user/.m2/repository/io/grpc/grpc-protobuf/1.17.1/grpc-protobuf-1.17.1.jar:/home/user/.m2/repository/com/google/api/grpc/proto-google-common-protos/1.0.0/proto-google-common-protos-1.0.0.jar:/home/user/.m2/repository/io/grpc/grpc-protobuf-lite/1.17.1/grpc-protobuf-lite-1.17.1.jar:/home/user/.m2/repository/io/grpc/grpc-stub/1.17.1/grpc-stub-1.17.1.jar:/home/user/.m2/repository/org/apache/hadoop/hadoop-ozone-recon/0.5.0-SNAPSHOT/hadoop-ozone-recon-0.5.0-SNAPSHOT.jar:/home/user/.m2/repository/org/apache/hadoop/hadoop-ozone-reconcodegen/0.5.0-SNAPSHOT/hadoop-ozone-reconcodegen-0.5.0-SNAPSHOT.jar:/home/user/.m2/repository/com/google/inject/extensions/guice-multibindings/4.0/guice-multibindings-4.0.jar:/home/user/.m2/repository/com/google/inject/guice/4.0/guice-4.0.jar:/home/user/.m2/repository/aopalliance/aopalliance/1.0/aopalliance-1.0.jar:/home/user/.m2/repository/com/google/inject/extensions/guice-servlet/4.0/guice-servlet-4.0.jar:/home/user/.m2/repository/org/glassfish/jersey/containers/jersey-container-servlet/2.27/jersey-container-servlet-2.27.jar:/home/user/.m2/repository/org/glassfish/hk2/guice-bridge/2.5.0/guice-bridge-2.5.0.jar:/home/user/.m2/repository/org/glassfish/jersey/core/jersey-server/2.27/jersey-server-2.27.jar:/home/user/.m2/repository/org/glassfish/jersey/core/jersey-client/2.27/jersey-client-2.27.jar:/home/user/.m2/repository/org/glassfish/jersey/media/jersey-media-jaxb/2.27/jersey-media-jaxb-2.27.jar:/home/user/.m2/repository/javax/validation/validation-api/1.1.0.Final/validation-api-1.1.0.Final.jar:/home/user/.m2/repository/org/glassfish/jersey/media/jersey-media-json-jackson/2.27/jersey-media-json-jackson-2.27.jar:/home/user/.m2/repository/org/glassfish/jersey/ext/jersey-entity-filtering/2.27/jersey-entity-filtering-2.27.jar:/home/user/.m2/repository/com/google/inject/extensions/guice-assistedinject/4.0/guice-assistedinject-4.0.jar:/home/user/.m2/repository/org/jooq/jooq/3.11.10/jooq-3.11.10.jar:/home/user/.m2/repository/org/jooq/jooq-meta/3.11.10/jooq-meta-3.11.10.jar:/home/user/.m2/repository/org/jooq/jooq-codegen/3.11.10/jooq-codegen-3.11.10.jar:/home/user/.m2/repository/com/jolbox/bonecp/0.8.0.RELEASE/bonecp-0.8.0.RELEASE.jar:/home/user/.m2/repository/org/xerial/sqlite-jdbc/3.25.2/sqlite-jdbc-3.25.2.jar:/home/user/.m2/repository/org/springframework/spring-jdbc/5.1.3.RELEASE/spring-jdbc-5.1.3.RELEASE.jar:/home/user/.m2/repository/org/springframework/spring-beans/5.1.3.RELEASE/spring-beans-5.1.3.RELEASE.jar:/home/user/.m2/repository/org/springframework/spring-core/5.1.3.RELEASE/spring-core-5.1.3.RELEASE.jar:/home/user/.m2/repository/org/springframework/spring-jcl/5.1.3.RELEASE/spring-jcl-5.1.3.RELEASE.jar:/home/user/.m2/repository/org/springframework/spring-tx/5.1.3.RELEASE/spring-tx-5.1.3.RELEASE.jar:/home/user/.m2/repository/org/apache/hadoop/hadoop-ozone-client/0.5.0-SNAPSHOT/hadoop-ozone-client-0.5.0-SNAPSHOT.jar:/home/user/.m2/repository/commons-lang/commons-lang/2.6/commons-lang-2.6.jar:/home/user/.m2/repository/org/apache/hadoop/hadoop-ozone-ozone-manager/0.5.0-SNAPSHOT/hadoop-ozone-ozone-manager-0.5.0-SNAPSHOT-tests.jar:/home/user/.m2/repository/junit/junit/4.11/junit-4.11.jar:/home/user/.m2/repository/org/hamcrest/hamcrest-core/1.3/hamcrest-core-1.3.jar:/home/user/.m2/repository/org/openjdk/jmh/jmh-core/1.19/jmh-core-1.19.jar:/home/user/.m2/repository/net/sf/jopt-simple/jopt-simple/4.6/jopt-simple-4.6.jar:/home/user/.m2/repository/org/apache/commons/commons-math3/3.1.1/commons-math3-3.1.1.jar:/home/user/.m2/repository/org/openjdk/jmh/jmh-generator-annprocess/1.19/jmh-generator-annprocess-1.19.jar:/home/user/.m2/repository/org/mockito/mockito-all/1.8.5/mockito-all-1.8.5.jar:/home/user/.m2/repository/org/apache/hadoop/hadoop-kms/3.2.0/hadoop-kms-3.2.0.jar:/home/user/.m2/repository/org/apache/hadoop/hadoop-auth/3.2.0/hadoop-auth-3.2.0.jar:/home/user/.m2/repository/com/nimbusds/nimbus-jose-jwt/4.41.1/nimbus-jose-jwt-4.41.1.jar:/home/user/.m2/repository/com/github/stephenc/jcip/jcip-annotations/1.0-1/jcip-annotations-1.0-1.jar:/home/user/.m2/repository/net/minidev/json-smart/2.3/json-smart-2.3.jar:/home/user/.m2/repository/net/minidev/accessors-smart/1.2/accessors-smart-1.2.jar:/home/user/.m2/repository/org/ow2/asm/asm/5.0.4/asm-5.0.4.jar:/home/user/.m2/repository/org/apache/curator/curator-framework/2.12.0/curator-framework-2.12.0.jar:/home/user/.m2/repository/com/sun/jersey/jersey-core/1.19/jersey-core-1.19.jar:/home/user/.m2/repository/javax/ws/rs/jsr311-api/1.1.1/jsr311-api-1.1.1.jar:/home/user/.m2/repository/com/sun/jersey/jersey-server/1.19/jersey-server-1.19.jar:/home/user/.m2/repository/javax/servlet/javax.servlet-api/3.1.0/javax.servlet-api-3.1.0.jar:/home/user/.m2/repository/org/eclipse/jetty/jetty-server/9.3.25.v20180904/jetty-server-9.3.25.v20180904.jar:/home/user/.m2/repository/org/eclipse/jetty/jetty-http/9.3.25.v20180904/jetty-http-9.3.25.v20180904.jar:/home/user/.m2/repository/org/eclipse/jetty/jetty-io/9.3.25.v20180904/jetty-io-9.3.25.v20180904.jar:/home/user/.m2/repository/org/eclipse/jetty/jetty-webapp/9.3.25.v20180904/jetty-webapp-9.3.25.v20180904.jar:/home/user/.m2/repository/org/eclipse/jetty/jetty-xml/9.3.25.v20180904/jetty-xml-9.3.25.v20180904.jar:/home/user/.m2/repository/log4j/log4j/1.2.17/log4j-1.2.17.jar:/home/user/.m2/repository/org/slf4j/slf4j-api/1.7.25/slf4j-api-1.7.25.jar:/home/user/.m2/repository/org/slf4j/jul-to-slf4j/1.7.25/jul-to-slf4j-1.7.25.jar:/home/user/.m2/repository/org/eclipse/jetty/jetty-util/9.3.25.v20180904/jetty-util-9.3.25.v20180904.jar:/home/user/.m2/repository/com/fasterxml/jackson/core/jackson-databind/2.9.9/jackson-databind-2.9.9.jar:/home/user/.m2/repository/org/apache/hadoop/hadoop-kms/3.2.0/hadoop-kms-3.2.0-tests.jar:/home/user/.m2/repository/org/apache/hadoop/hadoop-hdds-server-scm/0.5.0-SNAPSHOT/hadoop-hdds-server-scm-0.5.0-SNAPSHOT-tests.jar:/home/user/.m2/repository/org/apache/hadoop/hadoop-hdds-container-service/0.5.0-SNAPSHOT/hadoop-hdds-container-service-0.5.0-SNAPSHOT-tests.jar:/home/user/.m2/repository/org/yaml/snakeyaml/1.16/snakeyaml-1.16.jar:/home/user/.m2/repository/org/apache/hadoop/hadoop-common/3.2.0/hadoop-common-3.2.0-tests.jar:/home/user/.m2/repository/org/apache/hadoop/hadoop-annotations/3.2.0/hadoop-annotations-3.2.0.jar:/usr/lib/jvm/java-1.8-openjdk/jre/../lib/tools.jar:/home/user/.m2/repository/commons-cli/commons-cli/1.2/commons-cli-1.2.jar:/home/user/.m2/repository/org/apache/httpcomponents/httpclient/4.5.2/httpclient-4.5.2.jar:/home/user/.m2/repository/org/apache/httpcomponents/httpcore/4.4.4/httpcore-4.4.4.jar:/home/user/.m2/repository/commons-codec/commons-codec/1.11/commons-codec-1.11.jar:/home/user/.m2/repository/commons-net/commons-net/3.6/commons-net-3.6.jar:/home/user/.m2/repository/commons-collections/commons-collections/3.2.2/commons-collections-3.2.2.jar:/home/user/.m2/repository/org/eclipse/jetty/jetty-servlet/9.3.25.v20180904/jetty-servlet-9.3.25.v20180904.jar:/home/user/.m2/repository/org/eclipse/jetty/jetty-security/9.3.25.v20180904/jetty-security-9.3.25.v20180904.jar:/home/user/.m2/repository/javax/servlet/jsp/jsp-api/2.1/jsp-api-2.1.jar:/home/user/.m2/repository/com/sun/jersey/jersey-servlet/1.19/jersey-servlet-1.19.jar:/home/user/.m2/repository/com/sun/jersey/jersey-json/1.19/jersey-json-1.19.jar:/home/user/.m2/repository/org/codehaus/jettison/jettison/1.1/jettison-1.1.jar:/home/user/.m2/repository/org/codehaus/jackson/jackson-core-asl/1.9.13/jackson-core-asl-1.9.13.jar:/home/user/.m2/repository/org/codehaus/jackson/jackson-mapper-asl/1.9.13/jackson-mapper-asl-1.9.13.jar:/home/user/.m2/repository/org/codehaus/jackson/jackson-jaxrs/1.9.13/jackson-jaxrs-1.9.13.jar:/home/user/.m2/repository/org/codehaus/jackson/jackson-xc/1.9.13/jackson-xc-1.9.13.jar:/home/user/.m2/repository/commons-logging/commons-logging/1.1.3/commons-logging-1.1.3.jar:/home/user/.m2/repository/commons-beanutils/commons-beanutils/1.9.4/commons-beanutils-1.9.4.jar:/home/user/.m2/repository/org/apache/commons/commons-configuration2/2.1.1/commons-configuration2-2.1.1.jar:/home/user/.m2/repository/org/apache/commons/commons-lang3/3.7/commons-lang3-3.7.jar:/home/user/.m2/repository/org/apache/commons/commons-text/1.4/commons-text-1.4.jar:/home/user/.m2/repository/org/apache/avro/avro/1.7.7/avro-1.7.7.jar:/home/user/.m2/repository/com/thoughtworks/paranamer/paranamer/2.3/paranamer-2.3.jar:/home/user/.m2/repository/org/xerial/snappy/snappy-java/1.0.5/snappy-java-1.0.5.jar:/home/user/.m2/repository/com/google/re2j/re2j/1.1/re2j-1.1.jar:/home/user/.m2/repository/com/google/code/gson/gson/2.2.4/gson-2.2.4.jar:/home/user/.m2/repository/com/jcraft/jsch/0.1.54/jsch-0.1.54.jar:/home/user/.m2/repository/org/apache/curator/curator-client/2.12.0/curator-client-2.12.0.jar:/home/user/.m2/repository/org/apache/curator/curator-recipes/2.12.0/curator-recipes-2.12.0.jar:/home/user/.m2/repository/com/google/code/findbugs/jsr305/3.0.0/jsr305-3.0.0.jar:/home/user/.m2/repository/org/apache/htrace/htrace-core4/4.1.0-incubating/htrace-core4-4.1.0-incubating.jar:/home/user/.m2/repository/org/apache/zookeeper/zookeeper/3.4.13/zookeeper-3.4.13.jar:/home/user/.m2/repository/jline/jline/0.9.94/jline-0.9.94.jar:/home/user/.m2/repository/org/apache/yetus/audience-annotations/0.5.0/audience-annotations-0.5.0.jar:/home/user/.m2/repository/org/codehaus/woodstox/stax2-api/3.1.4/stax2-api-3.1.4.jar:/home/user/.m2/repository/com/fasterxml/woodstox/woodstox-core/5.0.3/woodstox-core-5.0.3.jar:/home/user/.m2/repository/dnsjava/dnsjava/2.1.7/dnsjava-2.1.7.jar:/home/user/.m2/repository/org/apache/hadoop/hadoop-hdfs/3.2.0/hadoop-hdfs-3.2.0-tests.jar:/home/user/.m2/repository/org/eclipse/jetty/jetty-util-ajax/9.3.25.v20180904/jetty-util-ajax-9.3.25.v20180904.jar:/home/user/.m2/repository/commons-daemon/commons-daemon/1.0.13/commons-daemon-1.0.13.jar:/home/user/.m2/repository/io/netty/netty/3.10.5.Final/netty-3.10.5.Final.jar:/home/user/.m2/repository/io/netty/netty-all/4.0.52.Final/netty-all-4.0.52.Final.jar:/home/user/.m2/repository/org/fusesource/leveldbjni/leveldbjni-all/1.8/leveldbjni-all-1.8.jar:"/>
    <property name="sun.cpu.endian" value="little"/>
    <property name="user.home" value="/home/user"/>
    <property name="user.language" value="en"/>
    <property name="java.specification.vendor" value="Oracle Corporation"/>
    <property name="java.home" value="/usr/lib/jvm/java-1.8-openjdk/jre"/>
    <property name="java.security.krb5.conf" value="/workdir/hadoop-ozone/integration-test/target/test-classes/krb5.conf"/>
    <property name="basedir" value="/workdir/hadoop-ozone/integration-test"/>
    <property name="file.separator" value="/"/>
    <property name="line.separator" value="&#10;"/>
    <property name="java.vm.specification.vendor" value="Oracle Corporation"/>
    <property name="java.specification.name" value="Java Platform API Specification"/>
    <property name="java.awt.graphicsenv" value="sun.awt.X11GraphicsEnvironment"/>
    <property name="surefire.real.class.path" value="/workdir/hadoop-ozone/integration-test/target/surefire/surefirebooter393191564831913508.jar"/>
    <property name="hadoop.log.dir" value="/workdir/hadoop-ozone/integration-test/target/log"/>
    <property name="sun.boot.class.path" value="/usr/lib/jvm/java-1.8-openjdk/jre/lib/resources.jar:/usr/lib/jvm/java-1.8-openjdk/jre/lib/rt.jar:/usr/lib/jvm/java-1.8-openjdk/jre/lib/sunrsasign.jar:/usr/lib/jvm/java-1.8-openjdk/jre/lib/jsse.jar:/usr/lib/jvm/java-1.8-openjdk/jre/lib/jce.jar:/usr/lib/jvm/java-1.8-openjdk/jre/lib/charsets.jar:/usr/lib/jvm/java-1.8-openjdk/jre/lib/jfr.jar:/usr/lib/jvm/java-1.8-openjdk/jre/classes"/>
    <property name="sun.management.compiler" value="HotSpot 64-Bit Tiered Compilers"/>
    <property name="java.runtime.version" value="1.8.0_212-b04"/>
    <property name="java.net.preferIPv4Stack" value="true"/>
    <property name="user.name" value="jenkins1000"/>
    <property name="path.separator" value=":"/>
    <property name="java.security.egd" value="file:///dev/urandom"/>
    <property name="os.version" value="3.10.0-957.12.2.el7.x86_64"/>
    <property name="java.endorsed.dirs" value="/usr/lib/jvm/java-1.8-openjdk/jre/lib/endorsed"/>
    <property name="java.runtime.name" value="OpenJDK Runtime Environment"/>
    <property name="file.encoding" value="UTF-8"/>
    <property name="java.vm.name" value="OpenJDK 64-Bit Server VM"/>
    <property name="test.build.webapps" value=""/>
    <property name="localRepository" value="/home/user/.m2/repository"/>
    <property name="java.vendor.url.bug" value="https://icedtea.classpath.org/bugzilla"/>
    <property name="java.io.tmpdir" value="/tmp"/>
    <property name="require.test.libhadoop" value=""/>
    <property name="java.version" value="1.8.0_212"/>
    <property name="user.dir" value="/workdir/hadoop-ozone/integration-test"/>
    <property name="os.arch" value="amd64"/>
    <property name="java.vm.specification.name" value="Java Virtual Machine Specification"/>
    <property name="test.build.classes" value="/workdir/hadoop-ozone/integration-test/target/test-classes"/>
    <property name="java.awt.printerjob" value="sun.print.PSPrinterJob"/>
    <property name="sun.os.patch.level" value="unknown"/>
    <property name="hadoop.tmp.dir" value="/workdir/hadoop-ozone/integration-test/target/tmp"/>
    <property name="java.library.path" value="/usr/lib/jvm/java-1.8-openjdk/jre/lib/amd64/server:/usr/lib/jvm/java-1.8-openjdk/jre/lib/amd64:/usr/lib/jvm/java-1.8-openjdk/jre/../lib/amd64:/workdir/hadoop-ozone/integration-test/target/native/target/usr/local/lib:/workdir/hadoop-ozone/integration-test/../../hadoop-common-project/hadoop-common/target/native/target/usr/local/lib:/usr/java/packages/lib/amd64:/usr/lib64:/lib64:/lib:/usr/lib"/>
    <property name="java.vm.info" value="mixed mode"/>
    <property name="java.vendor" value="IcedTea"/>
    <property name="java.vm.version" value="25.212-b04"/>
    <property name="java.ext.dirs" value="/usr/lib/jvm/java-1.8-openjdk/jre/lib/ext:/usr/java/packages/lib/ext"/>
    <property name="sun.io.unicode.encoding" value="UnicodeLittle"/>
    <property name="java.class.version" value="52.0"/>
  </properties>
  <testcase name="testSeek" classname="org.apache.hadoop.ozone.client.rpc.TestKeyInputStream" time="21.242">
    <error message="Allocated 0 blocks. Requested 1 blocks" type="INTERNAL_ERROR org.apache.hadoop.ozone.om.exceptions.OMException">INTERNAL_ERROR org.apache.hadoop.ozone.om.exceptions.OMException: Allocated 0 blocks. Requested 1 blocks
	at org.apache.hadoop.ozone.om.protocolPB.OzoneManagerProtocolClientSideTranslatorPB.handleError(OzoneManagerProtocolClientSideTranslatorPB.java:732)
	at org.apache.hadoop.ozone.om.protocolPB.OzoneManagerProtocolClientSideTranslatorPB.openKey(OzoneManagerProtocolClientSideTranslatorPB.java:723)
	at sun.reflect.NativeMethodAccessorImpl.invoke0(Native Method)
	at sun.reflect.NativeMethodAccessorImpl.invoke(NativeMethodAccessorImpl.java:62)
	at sun.reflect.DelegatingMethodAccessorImpl.invoke(DelegatingMethodAccessorImpl.java:43)
	at java.lang.reflect.Method.invoke(Method.java:498)
	at org.apache.hadoop.hdds.tracing.TraceAllMethod.invoke(TraceAllMethod.java:66)
	at com.sun.proxy.$Proxy37.openKey(Unknown Source)
	at org.apache.hadoop.ozone.client.rpc.RpcClient.createKey(RpcClient.java:614)
	at org.apache.hadoop.ozone.client.OzoneBucket.createKey(OzoneBucket.java:325)
	at org.apache.hadoop.ozone.container.ContainerTestHelper.createKey(ContainerTestHelper.java:695)
	at org.apache.hadoop.ozone.client.rpc.TestKeyInputStream.testSeek(TestKeyInputStream.java:134)
	at sun.reflect.NativeMethodAccessorImpl.invoke0(Native Method)
	at sun.reflect.NativeMethodAccessorImpl.invoke(NativeMethodAccessorImpl.java:62)
	at sun.reflect.DelegatingMethodAccessorImpl.invoke(DelegatingMethodAccessorImpl.java:43)
	at java.lang.reflect.Method.invoke(Method.java:498)
	at org.junit.runners.model.FrameworkMethod$1.runReflectiveCall(FrameworkMethod.java:47)
	at org.junit.internal.runners.model.ReflectiveCallable.run(ReflectiveCallable.java:12)
	at org.junit.runners.model.FrameworkMethod.invokeExplosively(FrameworkMethod.java:44)
	at org.junit.internal.runners.statements.InvokeMethod.evaluate(InvokeMethod.java:17)
	at org.junit.runners.ParentRunner.runLeaf(ParentRunner.java:271)
	at org.junit.runners.BlockJUnit4ClassRunner.runChild(BlockJUnit4ClassRunner.java:70)
	at org.junit.runners.BlockJUnit4ClassRunner.runChild(BlockJUnit4ClassRunner.java:50)
	at org.junit.runners.ParentRunner$3.run(ParentRunner.java:238)
	at org.junit.runners.ParentRunner$1.schedule(ParentRunner.java:63)
	at org.junit.runners.ParentRunner.runChildren(ParentRunner.java:236)
	at org.junit.runners.ParentRunner.access$000(ParentRunner.java:53)
	at org.junit.runners.ParentRunner$2.evaluate(ParentRunner.java:229)
	at org.junit.internal.runners.statements.RunBefores.evaluate(RunBefores.java:26)
	at org.junit.internal.runners.statements.RunAfters.evaluate(RunAfters.java:27)
	at org.junit.runners.ParentRunner.run(ParentRunner.java:309)
	at org.apache.maven.surefire.junit4.JUnit4Provider.execute(JUnit4Provider.java:365)
	at org.apache.maven.surefire.junit4.JUnit4Provider.executeWithRerun(JUnit4Provider.java:273)
	at org.apache.maven.surefire.junit4.JUnit4Provider.executeTestSet(JUnit4Provider.java:238)
	at org.apache.maven.surefire.junit4.JUnit4Provider.invoke(JUnit4Provider.java:159)
	at org.apache.maven.surefire.booter.ForkedBooter.invokeProviderInSameClassLoader(ForkedBooter.java:384)
	at org.apache.maven.surefire.booter.ForkedBooter.runSuitesInProcess(ForkedBooter.java:345)
	at org.apache.maven.surefire.booter.ForkedBooter.execute(ForkedBooter.java:126)
	at org.apache.maven.surefire.booter.ForkedBooter.main(ForkedBooter.java:418)
</error>
    <system-out><![CDATA[2019-09-25 05:52:12,022 [main] WARN  server.ServerUtils (ServerUtils.java:getScmDbDir(145)) - ozone.scm.db.dirs is not configured. We recommend adding this setting. Falling back to ozone.metadata.dirs instead.
2019-09-25 05:52:13,828 [main] WARN  server.ServerUtils (ServerUtils.java:getScmDbDir(145)) - ozone.scm.db.dirs is not configured. We recommend adding this setting. Falling back to ozone.metadata.dirs instead.
2019-09-25 05:52:13,832 [main] WARN  server.ServerUtils (ServerUtils.java:getScmDbDir(145)) - ozone.scm.db.dirs is not configured. We recommend adding this setting. Falling back to ozone.metadata.dirs instead.
2019-09-25 05:52:13,851 [main] INFO  util.log (Log.java:initialized(192)) - Logging initialized @2546ms
2019-09-25 05:52:13,951 [main] INFO  db.DBStoreBuilder (DBStoreBuilder.java:addTable(110)) - using custom profile for table: deletedBlocks
2019-09-25 05:52:13,951 [main] INFO  db.DBStoreBuilder (DBStoreBuilder.java:processTables(161)) - Using default column profile:DBProfile.DISK for Table:deletedBlocks
2019-09-25 05:52:13,951 [main] INFO  db.DBStoreBuilder (DBStoreBuilder.java:addTable(110)) - using custom profile for table: validCerts
2019-09-25 05:52:13,952 [main] INFO  db.DBStoreBuilder (DBStoreBuilder.java:processTables(161)) - Using default column profile:DBProfile.DISK for Table:validCerts
2019-09-25 05:52:13,952 [main] INFO  db.DBStoreBuilder (DBStoreBuilder.java:addTable(110)) - using custom profile for table: revokedCerts
2019-09-25 05:52:13,952 [main] INFO  db.DBStoreBuilder (DBStoreBuilder.java:processTables(161)) - Using default column profile:DBProfile.DISK for Table:revokedCerts
2019-09-25 05:52:13,964 [main] INFO  db.DBStoreBuilder (DBStoreBuilder.java:addTable(110)) - using custom profile for table: default
2019-09-25 05:52:13,964 [main] INFO  db.DBStoreBuilder (DBStoreBuilder.java:processTables(167)) - Using default column profile:DBProfile.DISK for Table:default
2019-09-25 05:52:13,965 [main] INFO  db.DBStoreBuilder (DBStoreBuilder.java:getDbProfile(198)) - Using default options. DBProfile.DISK
2019-09-25 05:52:16,014 [main] INFO  net.NodeSchemaLoader (NodeSchemaLoader.java:loadSchemaFromFile(125)) - Loading file from sun.misc.CompoundEnumeration@a1153bc
2019-09-25 05:52:16,016 [main] INFO  net.NodeSchemaLoader (NodeSchemaLoader.java:loadSchema(171)) - Loading network topology layer schema file
2019-09-25 05:52:16,085 [main] INFO  node.SCMNodeManager (SCMNodeManager.java:<init>(114)) - Entering startup safe mode.
2019-09-25 05:52:16,155 [main] INFO  algorithms.ContainerPlacementPolicyFactory (ContainerPlacementPolicyFactory.java:getPolicy(59)) - Create container placement policy of type org.apache.hadoop.hdds.scm.container.placement.algorithms.SCMContainerPlacementRandom
2019-09-25 05:52:16,173 [main] WARN  server.ServerUtils (ServerUtils.java:getScmDbDir(145)) - ozone.scm.db.dirs is not configured. We recommend adding this setting. Falling back to ozone.metadata.dirs instead.
2019-09-25 05:52:16,249 [main] INFO  pipeline.SCMPipelineManager (SCMPipelineManager.java:initializePipelineState(132)) - No pipeline exists in current db
2019-09-25 05:52:16,252 [main] WARN  server.ServerUtils (ServerUtils.java:getScmDbDir(145)) - ozone.scm.db.dirs is not configured. We recommend adding this setting. Falling back to ozone.metadata.dirs instead.
2019-09-25 05:52:16,381 [main] WARN  events.EventQueue (EventQueue.java:fireEvent(183)) - No event handler registered for event TypedEvent{payloadType=SafeModeStatus, name='SafeModeStatus'}
2019-09-25 05:52:16,757 [main] INFO  ipc.CallQueueManager (CallQueueManager.java:<init>(84)) - Using callQueue: class java.util.concurrent.LinkedBlockingQueue, queueCapacity: 2000, scheduler: class org.apache.hadoop.ipc.DefaultRpcScheduler, ipcBackoff: false.
2019-09-25 05:52:16,794 [Socket Reader #1 for port 43556] INFO  ipc.Server (Server.java:run(1074)) - Starting Socket Reader #1 for port 43556
2019-09-25 05:52:16,963 [main] INFO  ipc.CallQueueManager (CallQueueManager.java:<init>(84)) - Using callQueue: class java.util.concurrent.LinkedBlockingQueue, queueCapacity: 2000, scheduler: class org.apache.hadoop.ipc.DefaultRpcScheduler, ipcBackoff: false.
2019-09-25 05:52:16,964 [Socket Reader #1 for port 34189] INFO  ipc.Server (Server.java:run(1074)) - Starting Socket Reader #1 for port 34189
2019-09-25 05:52:16,976 [main] INFO  ipc.CallQueueManager (CallQueueManager.java:<init>(84)) - Using callQueue: class java.util.concurrent.LinkedBlockingQueue, queueCapacity: 2000, scheduler: class org.apache.hadoop.ipc.DefaultRpcScheduler, ipcBackoff: false.
2019-09-25 05:52:16,977 [Socket Reader #1 for port 45336] INFO  ipc.Server (Server.java:run(1074)) - Starting Socket Reader #1 for port 45336
2019-09-25 05:52:17,003 [main] INFO  hdfs.DFSUtil (DFSUtil.java:httpServerTemplateForNNAndJN(1641)) - Starting Web-server for scm at: http://0.0.0.0:0
2019-09-25 05:52:17,161 [main] INFO  server.AuthenticationFilter (AuthenticationFilter.java:constructSecretProvider(240)) - Unable to initialize FileSignerSecretProvider, falling back to use random secrets.
2019-09-25 05:52:17,168 [main] WARN  http.HttpRequestLog (HttpRequestLog.java:getRequestLog(97)) - Jetty request log can only be enabled using Log4j
2019-09-25 05:52:17,177 [main] INFO  http.HttpServer2 (HttpServer2.java:addGlobalFilter(975)) - Added global filter 'safety' (class=org.apache.hadoop.http.HttpServer2$QuotingInputFilter)
2019-09-25 05:52:17,179 [main] INFO  http.HttpServer2 (HttpServer2.java:addFilter(948)) - Added filter static_user_filter (class=org.apache.hadoop.http.lib.StaticUserWebFilter$StaticUserFilter) to context scm
2019-09-25 05:52:17,179 [main] INFO  http.HttpServer2 (HttpServer2.java:addFilter(958)) - Added filter static_user_filter (class=org.apache.hadoop.http.lib.StaticUserWebFilter$StaticUserFilter) to context static
2019-09-25 05:52:17,180 [main] INFO  http.HttpServer2 (HttpServer2.java:addFilter(958)) - Added filter static_user_filter (class=org.apache.hadoop.http.lib.StaticUserWebFilter$StaticUserFilter) to context logs
2019-09-25 05:52:17,213 [main] INFO  server.StorageContainerManager (StorageContainerManager.java:start(770)) - StorageContainerLocationProtocol RPC server is listening at /0.0.0.0:45336
2019-09-25 05:52:17,275 [main] WARN  impl.MetricsConfig (MetricsConfig.java:loadFirst(134)) - Cannot locate configuration: tried hadoop-metrics2-storagecontainermanager.properties,hadoop-metrics2.properties
2019-09-25 05:52:17,288 [main] INFO  impl.MetricsSystemImpl (MetricsSystemImpl.java:startTimer(374)) - Scheduled Metric snapshot period at 10 second(s).
2019-09-25 05:52:17,289 [main] INFO  impl.MetricsSystemImpl (MetricsSystemImpl.java:start(191)) - StorageContainerManager metrics system started
2019-09-25 05:52:17,532 [main] INFO  server.SCMClientProtocolServer (SCMClientProtocolServer.java:start(151)) - RPC server for Client  is listening at /0.0.0.0:45336
2019-09-25 05:52:17,533 [IPC Server Responder] INFO  ipc.Server (Server.java:run(1314)) - IPC Server Responder: starting
2019-09-25 05:52:17,533 [IPC Server listener on 45336] INFO  ipc.Server (Server.java:run(1153)) - IPC Server listener on 45336: starting
2019-09-25 05:52:17,537 [main] INFO  server.StorageContainerManager (StorageContainerManager.java:start(780)) - ScmBlockLocationProtocol RPC server is listening at /0.0.0.0:34189
2019-09-25 05:52:17,540 [main] INFO  server.SCMBlockProtocolServer (SCMBlockProtocolServer.java:start(146)) - RPC server for Block Protocol is listening at /0.0.0.0:34189
2019-09-25 05:52:17,540 [IPC Server Responder] INFO  ipc.Server (Server.java:run(1314)) - IPC Server Responder: starting
2019-09-25 05:52:17,540 [IPC Server listener on 34189] INFO  ipc.Server (Server.java:run(1153)) - IPC Server listener on 34189: starting
2019-09-25 05:52:17,544 [main] INFO  server.StorageContainerManager (StorageContainerManager.java:start(784)) - ScmDatanodeProtocl RPC server is listening at /0.0.0.0:43556
2019-09-25 05:52:17,544 [main] INFO  server.SCMDatanodeProtocolServer (SCMDatanodeProtocolServer.java:start(191)) - RPC server for DataNodes is listening at /0.0.0.0:43556
2019-09-25 05:52:17,545 [IPC Server Responder] INFO  ipc.Server (Server.java:run(1314)) - IPC Server Responder: starting
2019-09-25 05:52:17,545 [IPC Server listener on 43556] INFO  ipc.Server (Server.java:run(1153)) - IPC Server listener on 43556: starting
2019-09-25 05:52:17,552 [main] INFO  http.HttpServer2 (HttpServer2.java:bindListener(1191)) - Jetty bound to port 38515
2019-09-25 05:52:17,554 [main] INFO  server.Server (Server.java:doStart(351)) - jetty-9.3.25.v20180904, build timestamp: 2018-09-04T21:11:46Z, git hash: 3ce520221d0240229c862b122d2b06c12a625732
2019-09-25 05:52:17,603 [main] INFO  handler.ContextHandler (ContextHandler.java:doStart(781)) - Started o.e.j.s.ServletContextHandler@6622fc65{/logs,file:///workdir/hadoop-ozone/integration-test/target/log,AVAILABLE}
2019-09-25 05:52:17,604 [main] INFO  handler.ContextHandler (ContextHandler.java:doStart(781)) - Started o.e.j.s.ServletContextHandler@23fb172e{/static,file:///workdir/hadoop-ozone/integration-test/target/test-classes/webapps/static,AVAILABLE}
2019-09-25 05:52:17,639 [main] INFO  handler.ContextHandler (ContextHandler.java:doStart(781)) - Started o.e.j.w.WebAppContext@3591009c{/,file:///workdir/hadoop-ozone/integration-test/target/test-classes/webapps/scm/,AVAILABLE}{/scm}
2019-09-25 05:52:17,645 [main] INFO  server.AbstractConnector (AbstractConnector.java:doStart(278)) - Started ServerConnector@2de366bb{HTTP/1.1,[http/1.1]}{0.0.0.0:38515}
2019-09-25 05:52:17,645 [main] INFO  server.Server (Server.java:doStart(419)) - Started @6340ms
2019-09-25 05:52:17,648 [main] INFO  impl.MetricsSinkAdapter (MetricsSinkAdapter.java:start(204)) - Sink prometheus started
2019-09-25 05:52:17,648 [main] INFO  impl.MetricsSystemImpl (MetricsSystemImpl.java:registerSink(301)) - Registered sink prometheus
2019-09-25 05:52:17,649 [main] INFO  server.BaseHttpServer (BaseHttpServer.java:updateConnectorAddress(215)) - HTTP server of SCM is listening at http://0.0.0.0:38515
2019-09-25 05:52:17,657 [org.apache.hadoop.util.JvmPauseMonitor$Monitor@64f857e7] INFO  util.JvmPauseMonitor (JvmPauseMonitor.java:run(188)) - Starting JVM pause monitor
2019-09-25 05:52:17,659 [main] WARN  server.ServerUtils (ServerUtils.java:getDBPath(222)) - ozone.om.db.dirs is not configured. We recommend adding this setting. Falling back to ozone.metadata.dirs instead.
2019-09-25 05:52:19,484 [main] WARN  server.ServerUtils (ServerUtils.java:getDBPath(222)) - ozone.om.db.dirs is not configured. We recommend adding this setting. Falling back to ozone.metadata.dirs instead.
2019-09-25 05:52:19,485 [main] WARN  server.ServerUtils (ServerUtils.java:getDBPath(222)) - ozone.om.db.dirs is not configured. We recommend adding this setting. Falling back to ozone.metadata.dirs instead.
2019-09-25 05:52:19,487 [main] INFO  om.OzoneManager (OzoneManager.java:setOMNodeDetails(652)) - OM Service ID is not set. Setting it to the default ID: omServiceIdDefault
2019-09-25 05:52:19,487 [main] INFO  om.OzoneManager (OzoneManager.java:setOMNodeDetails(658)) - OM Node ID is not set. Setting it to the OmStorage's OmID: afd04e42-1438-4c69-a02a-68dad9633f2b
2019-09-25 05:52:19,489 [main] INFO  om.OzoneManager (OzoneManager.java:loadOMHAConfigs(609)) - Found matching OM address with OMServiceId: null, OMNodeId: null, RPC Address: localhost:0 and Ratis port: 9872
2019-09-25 05:52:20,233 [main] WARN  server.ServerUtils (ServerUtils.java:getDBPath(222)) - ozone.om.db.dirs is not configured. We recommend adding this setting. Falling back to ozone.metadata.dirs instead.
2019-09-25 05:52:20,240 [main] INFO  db.DBStoreBuilder (DBStoreBuilder.java:addTable(110)) - using custom profile for table: userTable
2019-09-25 05:52:20,240 [main] INFO  db.DBStoreBuilder (DBStoreBuilder.java:processTables(161)) - Using default column profile:DBProfile.DISK for Table:userTable
2019-09-25 05:52:20,240 [main] INFO  db.DBStoreBuilder (DBStoreBuilder.java:addTable(110)) - using custom profile for table: volumeTable
2019-09-25 05:52:20,240 [main] INFO  db.DBStoreBuilder (DBStoreBuilder.java:processTables(161)) - Using default column profile:DBProfile.DISK for Table:volumeTable
2019-09-25 05:52:20,241 [main] INFO  db.DBStoreBuilder (DBStoreBuilder.java:addTable(110)) - using custom profile for table: bucketTable
2019-09-25 05:52:20,241 [main] INFO  db.DBStoreBuilder (DBStoreBuilder.java:processTables(161)) - Using default column profile:DBProfile.DISK for Table:bucketTable
2019-09-25 05:52:20,241 [main] INFO  db.DBStoreBuilder (DBStoreBuilder.java:addTable(110)) - using custom profile for table: keyTable
2019-09-25 05:52:20,241 [main] INFO  db.DBStoreBuilder (DBStoreBuilder.java:processTables(161)) - Using default column profile:DBProfile.DISK for Table:keyTable
2019-09-25 05:52:20,242 [main] INFO  db.DBStoreBuilder (DBStoreBuilder.java:addTable(110)) - using custom profile for table: deletedTable
2019-09-25 05:52:20,242 [main] INFO  db.DBStoreBuilder (DBStoreBuilder.java:processTables(161)) - Using default column profile:DBProfile.DISK for Table:deletedTable
2019-09-25 05:52:20,242 [main] INFO  db.DBStoreBuilder (DBStoreBuilder.java:addTable(110)) - using custom profile for table: openKeyTable
2019-09-25 05:52:20,242 [main] INFO  db.DBStoreBuilder (DBStoreBuilder.java:processTables(161)) - Using default column profile:DBProfile.DISK for Table:openKeyTable
2019-09-25 05:52:20,242 [main] INFO  db.DBStoreBuilder (DBStoreBuilder.java:addTable(110)) - using custom profile for table: s3Table
2019-09-25 05:52:20,242 [main] INFO  db.DBStoreBuilder (DBStoreBuilder.java:processTables(161)) - Using default column profile:DBProfile.DISK for Table:s3Table
2019-09-25 05:52:20,243 [main] INFO  db.DBStoreBuilder (DBStoreBuilder.java:addTable(110)) - using custom profile for table: multipartInfoTable
2019-09-25 05:52:20,243 [main] INFO  db.DBStoreBuilder (DBStoreBuilder.java:processTables(161)) - Using default column profile:DBProfile.DISK for Table:multipartInfoTable
2019-09-25 05:52:20,243 [main] INFO  db.DBStoreBuilder (DBStoreBuilder.java:addTable(110)) - using custom profile for table: dTokenTable
2019-09-25 05:52:20,243 [main] INFO  db.DBStoreBuilder (DBStoreBuilder.java:processTables(161)) - Using default column profile:DBProfile.DISK for Table:dTokenTable
2019-09-25 05:52:20,243 [main] INFO  db.DBStoreBuilder (DBStoreBuilder.java:addTable(110)) - using custom profile for table: s3SecretTable
2019-09-25 05:52:20,244 [main] INFO  db.DBStoreBuilder (DBStoreBuilder.java:processTables(161)) - Using default column profile:DBProfile.DISK for Table:s3SecretTable
2019-09-25 05:52:20,244 [main] INFO  db.DBStoreBuilder (DBStoreBuilder.java:addTable(110)) - using custom profile for table: prefixTable
2019-09-25 05:52:20,244 [main] INFO  db.DBStoreBuilder (DBStoreBuilder.java:processTables(161)) - Using default column profile:DBProfile.DISK for Table:prefixTable
2019-09-25 05:52:20,244 [main] INFO  db.DBStoreBuilder (DBStoreBuilder.java:addTable(110)) - using custom profile for table: default
2019-09-25 05:52:20,244 [main] INFO  db.DBStoreBuilder (DBStoreBuilder.java:processTables(167)) - Using default column profile:DBProfile.DISK for Table:default
2019-09-25 05:52:20,245 [main] INFO  db.DBStoreBuilder (DBStoreBuilder.java:getDbProfile(198)) - Using default options. DBProfile.DISK
2019-09-25 05:52:20,634 [main] INFO  ipc.CallQueueManager (CallQueueManager.java:<init>(84)) - Using callQueue: class java.util.concurrent.LinkedBlockingQueue, queueCapacity: 2000, scheduler: class org.apache.hadoop.ipc.DefaultRpcScheduler, ipcBackoff: false.
2019-09-25 05:52:20,635 [Socket Reader #1 for port 46364] INFO  ipc.Server (Server.java:run(1074)) - Starting Socket Reader #1 for port 46364
2019-09-25 05:52:20,669 [main] INFO  om.OzoneManager (OzoneManager.java:start(1243)) - OzoneManager RPC server is listening at localhost/127.0.0.1:46364
2019-09-25 05:52:20,669 [main] INFO  impl.MetricsSystemImpl (MetricsSystemImpl.java:init(158)) - OzoneManager metrics system started (again)
2019-09-25 05:52:20,670 [IPC Server Responder] INFO  ipc.Server (Server.java:run(1314)) - IPC Server Responder: starting
2019-09-25 05:52:20,671 [IPC Server listener on 46364] INFO  ipc.Server (Server.java:run(1153)) - IPC Server listener on 46364: starting
2019-09-25 05:52:20,686 [main] INFO  hdfs.DFSUtil (DFSUtil.java:httpServerTemplateForNNAndJN(1641)) - Starting Web-server for ozoneManager at: http://0.0.0.0:0
2019-09-25 05:52:20,688 [main] INFO  server.AuthenticationFilter (AuthenticationFilter.java:constructSecretProvider(240)) - Unable to initialize FileSignerSecretProvider, falling back to use random secrets.
2019-09-25 05:52:20,688 [main] WARN  http.HttpRequestLog (HttpRequestLog.java:getRequestLog(97)) - Jetty request log can only be enabled using Log4j
2019-09-25 05:52:20,691 [main] INFO  http.HttpServer2 (HttpServer2.java:addGlobalFilter(975)) - Added global filter 'safety' (class=org.apache.hadoop.http.HttpServer2$QuotingInputFilter)
2019-09-25 05:52:20,692 [main] INFO  http.HttpServer2 (HttpServer2.java:addFilter(948)) - Added filter static_user_filter (class=org.apache.hadoop.http.lib.StaticUserWebFilter$StaticUserFilter) to context ozoneManager
2019-09-25 05:52:20,692 [main] INFO  http.HttpServer2 (HttpServer2.java:addFilter(958)) - Added filter static_user_filter (class=org.apache.hadoop.http.lib.StaticUserWebFilter$StaticUserFilter) to context logs
2019-09-25 05:52:20,692 [main] INFO  http.HttpServer2 (HttpServer2.java:addFilter(958)) - Added filter static_user_filter (class=org.apache.hadoop.http.lib.StaticUserWebFilter$StaticUserFilter) to context static
2019-09-25 05:52:20,695 [main] INFO  http.HttpServer2 (HttpServer2.java:bindListener(1191)) - Jetty bound to port 38673
2019-09-25 05:52:20,695 [main] INFO  server.Server (Server.java:doStart(351)) - jetty-9.3.25.v20180904, build timestamp: 2018-09-04T21:11:46Z, git hash: 3ce520221d0240229c862b122d2b06c12a625732
2019-09-25 05:52:20,699 [main] INFO  handler.ContextHandler (ContextHandler.java:doStart(781)) - Started o.e.j.s.ServletContextHandler@677b8e13{/logs,file:///workdir/hadoop-ozone/integration-test/target/log,AVAILABLE}
2019-09-25 05:52:20,700 [main] INFO  handler.ContextHandler (ContextHandler.java:doStart(781)) - Started o.e.j.s.ServletContextHandler@4c27d39d{/static,file:///workdir/hadoop-ozone/integration-test/target/test-classes/webapps/static,AVAILABLE}
2019-09-25 05:52:20,705 [main] INFO  handler.ContextHandler (ContextHandler.java:doStart(781)) - Started o.e.j.w.WebAppContext@3a022576{/,file:///workdir/hadoop-ozone/integration-test/target/test-classes/webapps/ozoneManager/,AVAILABLE}{/ozoneManager}
2019-09-25 05:52:20,706 [main] INFO  server.AbstractConnector (AbstractConnector.java:doStart(278)) - Started ServerConnector@2dbd803f{HTTP/1.1,[http/1.1]}{0.0.0.0:38673}
2019-09-25 05:52:20,706 [main] INFO  server.Server (Server.java:doStart(419)) - Started @9402ms
2019-09-25 05:52:20,706 [main] WARN  impl.MetricsSystemImpl (MetricsSystemImpl.java:register(276)) - Sink prometheus already exists!
2019-09-25 05:52:20,707 [main] INFO  server.BaseHttpServer (BaseHttpServer.java:updateConnectorAddress(215)) - HTTP server of OZONEMANAGER is listening at http://0.0.0.0:38673
2019-09-25 05:52:20,980 [main] INFO  impl.MetricsSystemImpl (MetricsSystemImpl.java:init(158)) - HddsDatanode metrics system started (again)
2019-09-25 05:52:21,031 [main] INFO  ozone.HddsDatanodeService (HddsDatanodeService.java:start(184)) - HddsDatanodeService host:pr-hdds-1569-s62bp-3040748787 ip:192.168.30.10
2019-09-25 05:52:21,062 [main] INFO  volume.HddsVolume (HddsVolume.java:<init>(176)) - Creating Volume: /workdir/hadoop-ozone/integration-test/target/test-dir/MiniOzoneClusterImpl-5fae48a0-8517-4c16-9d39-4001697b8772/datanode-0/data/containers/hdds of  storage type : DISK and capacity : 1482555576320
2019-09-25 05:52:21,064 [main] INFO  volume.VolumeSet (VolumeSet.java:initializeVolumeSet(170)) - Added Volume : /workdir/hadoop-ozone/integration-test/target/test-dir/MiniOzoneClusterImpl-5fae48a0-8517-4c16-9d39-4001697b8772/datanode-0/data/containers/hdds to VolumeSet
2019-09-25 05:52:21,067 [main] INFO  volume.ThrottledAsyncChecker (ThrottledAsyncChecker.java:schedule(139)) - Scheduling a check for org.apache.hadoop.ozone.container.common.volume.HddsVolume@4992613f
2019-09-25 05:52:21,083 [main] INFO  volume.HddsVolumeChecker (HddsVolumeChecker.java:checkAllVolumes(202)) - Scheduled health check for volume org.apache.hadoop.ozone.container.common.volume.HddsVolume@4992613f
2019-09-25 05:52:21,199 [main] INFO  impl.RaftServerProxy (ConfUtils.java:logGet(43)) - raft.rpc.type = GRPC (default)
2019-09-25 05:52:21,266 [main] INFO  grpc.GrpcFactory (GrpcFactory.java:checkPooledByteBufAllocatorUseCacheForAllThreads(45)) - PERFORMANCE WARNING: useCacheForAllThreads is true that may cause Netty to create a lot garbage objects and, as a result, trigger GC.
	It is recommended to disable useCacheForAllThreads by setting -Dorg.apache.ratis.thirdparty.io.netty.allocator.useCacheForAllThreads=false in command line.
2019-09-25 05:52:21,271 [main] INFO  grpc.GrpcConfigKeys$Server (ConfUtils.java:logGet(43)) - raft.grpc.server.port = 0 (default)
2019-09-25 05:52:21,272 [main] INFO  server.GrpcService (ConfUtils.java:logGet(43)) - raft.grpc.message.size.max = 33570816 (custom)
2019-09-25 05:52:21,273 [main] INFO  server.RaftServerConfigKeys (ConfUtils.java:logGet(43)) - raft.server.log.appender.buffer.byte-limit = 33554432 (custom)
2019-09-25 05:52:21,274 [main] INFO  server.GrpcService (ConfUtils.java:logGet(43)) - raft.grpc.flow.control.window = 1MB (=1048576) (default)
2019-09-25 05:52:21,275 [main] INFO  server.RaftServerConfigKeys (ConfUtils.java:logGet(43)) - raft.server.rpc.request.timeout = 3000ms (default)
2019-09-25 05:52:21,473 [main] INFO  server.RaftServerConfigKeys (ConfUtils.java:logGet(43)) - raft.server.storage.dir = [/workdir/hadoop-ozone/integration-test/target/test-dir/MiniOzoneClusterImpl-5fae48a0-8517-4c16-9d39-4001697b8772/datanode-0/data/ratis] (custom)
2019-09-25 05:52:21,528 [main] INFO  hdfs.DFSUtil (DFSUtil.java:httpServerTemplateForNNAndJN(1641)) - Starting Web-server for hddsDatanode at: http://0.0.0.0:0
2019-09-25 05:52:21,531 [main] INFO  server.AuthenticationFilter (AuthenticationFilter.java:constructSecretProvider(240)) - Unable to initialize FileSignerSecretProvider, falling back to use random secrets.
2019-09-25 05:52:21,531 [main] WARN  http.HttpRequestLog (HttpRequestLog.java:getRequestLog(97)) - Jetty request log can only be enabled using Log4j
2019-09-25 05:52:21,533 [main] INFO  http.HttpServer2 (HttpServer2.java:addGlobalFilter(975)) - Added global filter 'safety' (class=org.apache.hadoop.http.HttpServer2$QuotingInputFilter)
2019-09-25 05:52:21,534 [main] INFO  http.HttpServer2 (HttpServer2.java:addFilter(948)) - Added filter static_user_filter (class=org.apache.hadoop.http.lib.StaticUserWebFilter$StaticUserFilter) to context hddsDatanode
2019-09-25 05:52:21,534 [main] INFO  http.HttpServer2 (HttpServer2.java:addFilter(958)) - Added filter static_user_filter (class=org.apache.hadoop.http.lib.StaticUserWebFilter$StaticUserFilter) to context static
2019-09-25 05:52:21,534 [main] INFO  http.HttpServer2 (HttpServer2.java:addFilter(958)) - Added filter static_user_filter (class=org.apache.hadoop.http.lib.StaticUserWebFilter$StaticUserFilter) to context logs
2019-09-25 05:52:21,535 [main] INFO  http.HttpServer2 (HttpServer2.java:bindListener(1191)) - Jetty bound to port 43380
2019-09-25 05:52:21,536 [main] INFO  server.Server (Server.java:doStart(351)) - jetty-9.3.25.v20180904, build timestamp: 2018-09-04T21:11:46Z, git hash: 3ce520221d0240229c862b122d2b06c12a625732
2019-09-25 05:52:21,540 [main] INFO  handler.ContextHandler (ContextHandler.java:doStart(781)) - Started o.e.j.s.ServletContextHandler@60f70249{/logs,file:///workdir/hadoop-ozone/integration-test/target/log,AVAILABLE}
2019-09-25 05:52:21,541 [main] INFO  handler.ContextHandler (ContextHandler.java:doStart(781)) - Started o.e.j.s.ServletContextHandler@262816a8{/static,jar:file:/home/user/.m2/repository/org/apache/hadoop/hadoop-hdds-container-service/0.5.0-SNAPSHOT/hadoop-hdds-container-service-0.5.0-SNAPSHOT.jar!/webapps/static,AVAILABLE}
2019-09-25 05:52:21,597 [main] INFO  handler.ContextHandler (ContextHandler.java:doStart(781)) - Started o.e.j.w.WebAppContext@60bbacfc{/,file:///tmp/jetty-0.0.0.0-43380-hddsDatanode-_-any-2969968134282498260.dir/webapp/,AVAILABLE}{/hddsDatanode}
2019-09-25 05:52:21,599 [main] INFO  server.AbstractConnector (AbstractConnector.java:doStart(278)) - Started ServerConnector@65b97f47{HTTP/1.1,[http/1.1]}{0.0.0.0:43380}
2019-09-25 05:52:21,599 [main] INFO  server.Server (Server.java:doStart(419)) - Started @10294ms
2019-09-25 05:52:21,599 [main] WARN  impl.MetricsSystemImpl (MetricsSystemImpl.java:register(276)) - Sink prometheus already exists!
2019-09-25 05:52:21,600 [main] INFO  server.BaseHttpServer (BaseHttpServer.java:updateConnectorAddress(215)) - HTTP server of HDDSDATANODE is listening at http://0.0.0.0:43380
2019-09-25 05:52:21,602 [main] INFO  impl.MetricsSystemImpl (MetricsSystemImpl.java:init(158)) - HddsDatanode metrics system started (again)
2019-09-25 05:52:21,607 [main] INFO  ozone.HddsDatanodeService (HddsDatanodeService.java:start(184)) - HddsDatanodeService host:pr-hdds-1569-s62bp-3040748787 ip:192.168.30.10
2019-09-25 05:52:21,607 [org.apache.hadoop.util.JvmPauseMonitor$Monitor@3145b9c7] INFO  util.JvmPauseMonitor (JvmPauseMonitor.java:run(188)) - Starting JVM pause monitor
2019-09-25 05:52:21,618 [main] INFO  volume.HddsVolume (HddsVolume.java:<init>(176)) - Creating Volume: /workdir/hadoop-ozone/integration-test/target/test-dir/MiniOzoneClusterImpl-5fae48a0-8517-4c16-9d39-4001697b8772/datanode-1/data/containers/hdds of  storage type : DISK and capacity : 1482555576320
2019-09-25 05:52:21,619 [main] INFO  volume.VolumeSet (VolumeSet.java:initializeVolumeSet(170)) - Added Volume : /workdir/hadoop-ozone/integration-test/target/test-dir/MiniOzoneClusterImpl-5fae48a0-8517-4c16-9d39-4001697b8772/datanode-1/data/containers/hdds to VolumeSet
2019-09-25 05:52:21,619 [main] INFO  volume.ThrottledAsyncChecker (ThrottledAsyncChecker.java:schedule(139)) - Scheduling a check for org.apache.hadoop.ozone.container.common.volume.HddsVolume@3e33d73e
2019-09-25 05:52:21,621 [main] INFO  volume.HddsVolumeChecker (HddsVolumeChecker.java:checkAllVolumes(202)) - Scheduled health check for volume org.apache.hadoop.ozone.container.common.volume.HddsVolume@3e33d73e
2019-09-25 05:52:21,640 [main] INFO  impl.RaftServerProxy (ConfUtils.java:logGet(43)) - raft.rpc.type = GRPC (default)
2019-09-25 05:52:21,641 [main] INFO  grpc.GrpcFactory (GrpcFactory.java:checkPooledByteBufAllocatorUseCacheForAllThreads(45)) - PERFORMANCE WARNING: useCacheForAllThreads is true that may cause Netty to create a lot garbage objects and, as a result, trigger GC.
	It is recommended to disable useCacheForAllThreads by setting -Dorg.apache.ratis.thirdparty.io.netty.allocator.useCacheForAllThreads=false in command line.
2019-09-25 05:52:21,641 [main] INFO  grpc.GrpcConfigKeys$Server (ConfUtils.java:logGet(43)) - raft.grpc.server.port = 0 (default)
2019-09-25 05:52:21,641 [main] INFO  server.GrpcService (ConfUtils.java:logGet(43)) - raft.grpc.message.size.max = 33570816 (custom)
2019-09-25 05:52:21,642 [main] INFO  server.RaftServerConfigKeys (ConfUtils.java:logGet(43)) - raft.server.log.appender.buffer.byte-limit = 33554432 (custom)
2019-09-25 05:52:21,642 [main] INFO  server.GrpcService (ConfUtils.java:logGet(43)) - raft.grpc.flow.control.window = 1MB (=1048576) (default)
2019-09-25 05:52:21,642 [main] INFO  server.RaftServerConfigKeys (ConfUtils.java:logGet(43)) - raft.server.rpc.request.timeout = 3000ms (default)
2019-09-25 05:52:21,643 [main] INFO  server.RaftServerConfigKeys (ConfUtils.java:logGet(43)) - raft.server.storage.dir = [/workdir/hadoop-ozone/integration-test/target/test-dir/MiniOzoneClusterImpl-5fae48a0-8517-4c16-9d39-4001697b8772/datanode-1/data/ratis] (custom)
2019-09-25 05:52:21,645 [main] INFO  hdfs.DFSUtil (DFSUtil.java:httpServerTemplateForNNAndJN(1641)) - Starting Web-server for hddsDatanode at: http://0.0.0.0:0
2019-09-25 05:52:21,647 [main] INFO  server.AuthenticationFilter (AuthenticationFilter.java:constructSecretProvider(240)) - Unable to initialize FileSignerSecretProvider, falling back to use random secrets.
2019-09-25 05:52:21,649 [main] WARN  http.HttpRequestLog (HttpRequestLog.java:getRequestLog(97)) - Jetty request log can only be enabled using Log4j
2019-09-25 05:52:21,651 [main] INFO  http.HttpServer2 (HttpServer2.java:addGlobalFilter(975)) - Added global filter 'safety' (class=org.apache.hadoop.http.HttpServer2$QuotingInputFilter)
2019-09-25 05:52:21,652 [main] INFO  http.HttpServer2 (HttpServer2.java:addFilter(948)) - Added filter static_user_filter (class=org.apache.hadoop.http.lib.StaticUserWebFilter$StaticUserFilter) to context hddsDatanode
2019-09-25 05:52:21,652 [main] INFO  http.HttpServer2 (HttpServer2.java:addFilter(958)) - Added filter static_user_filter (class=org.apache.hadoop.http.lib.StaticUserWebFilter$StaticUserFilter) to context static
2019-09-25 05:52:21,652 [main] INFO  http.HttpServer2 (HttpServer2.java:addFilter(958)) - Added filter static_user_filter (class=org.apache.hadoop.http.lib.StaticUserWebFilter$StaticUserFilter) to context logs
2019-09-25 05:52:21,653 [main] INFO  http.HttpServer2 (HttpServer2.java:bindListener(1191)) - Jetty bound to port 45908
2019-09-25 05:52:21,654 [main] INFO  server.Server (Server.java:doStart(351)) - jetty-9.3.25.v20180904, build timestamp: 2018-09-04T21:11:46Z, git hash: 3ce520221d0240229c862b122d2b06c12a625732
2019-09-25 05:52:21,656 [main] INFO  handler.ContextHandler (ContextHandler.java:doStart(781)) - Started o.e.j.s.ServletContextHandler@4b6e1c0{/logs,file:///workdir/hadoop-ozone/integration-test/target/log,AVAILABLE}
2019-09-25 05:52:21,657 [main] INFO  handler.ContextHandler (ContextHandler.java:doStart(781)) - Started o.e.j.s.ServletContextHandler@654c7d2d{/static,jar:file:/home/user/.m2/repository/org/apache/hadoop/hadoop-hdds-container-service/0.5.0-SNAPSHOT/hadoop-hdds-container-service-0.5.0-SNAPSHOT.jar!/webapps/static,AVAILABLE}
2019-09-25 05:52:21,697 [main] INFO  handler.ContextHandler (ContextHandler.java:doStart(781)) - Started o.e.j.w.WebAppContext@7ceb4478{/,file:///tmp/jetty-0.0.0.0-45908-hddsDatanode-_-any-1885327454401773700.dir/webapp/,AVAILABLE}{/hddsDatanode}
2019-09-25 05:52:21,698 [main] INFO  server.AbstractConnector (AbstractConnector.java:doStart(278)) - Started ServerConnector@7fdab70c{HTTP/1.1,[http/1.1]}{0.0.0.0:45908}
2019-09-25 05:52:21,699 [main] INFO  server.Server (Server.java:doStart(419)) - Started @10394ms
2019-09-25 05:52:21,699 [main] WARN  impl.MetricsSystemImpl (MetricsSystemImpl.java:register(276)) - Sink prometheus already exists!
2019-09-25 05:52:21,700 [main] INFO  server.BaseHttpServer (BaseHttpServer.java:updateConnectorAddress(215)) - HTTP server of HDDSDATANODE is listening at http://0.0.0.0:45908
2019-09-25 05:52:21,701 [main] INFO  impl.MetricsSystemImpl (MetricsSystemImpl.java:init(158)) - HddsDatanode metrics system started (again)
2019-09-25 05:52:21,705 [org.apache.hadoop.util.JvmPauseMonitor$Monitor@6737ef83] INFO  util.JvmPauseMonitor (JvmPauseMonitor.java:run(188)) - Starting JVM pause monitor
2019-09-25 05:52:21,707 [main] INFO  ozone.HddsDatanodeService (HddsDatanodeService.java:start(184)) - HddsDatanodeService host:pr-hdds-1569-s62bp-3040748787 ip:192.168.30.10
2019-09-25 05:52:21,717 [main] INFO  volume.HddsVolume (HddsVolume.java:<init>(176)) - Creating Volume: /workdir/hadoop-ozone/integration-test/target/test-dir/MiniOzoneClusterImpl-5fae48a0-8517-4c16-9d39-4001697b8772/datanode-2/data/containers/hdds of  storage type : DISK and capacity : 1482555576320
2019-09-25 05:52:21,717 [main] INFO  volume.VolumeSet (VolumeSet.java:initializeVolumeSet(170)) - Added Volume : /workdir/hadoop-ozone/integration-test/target/test-dir/MiniOzoneClusterImpl-5fae48a0-8517-4c16-9d39-4001697b8772/datanode-2/data/containers/hdds to VolumeSet
2019-09-25 05:52:21,717 [main] INFO  volume.ThrottledAsyncChecker (ThrottledAsyncChecker.java:schedule(139)) - Scheduling a check for org.apache.hadoop.ozone.container.common.volume.HddsVolume@5e5af8e1
2019-09-25 05:52:21,719 [main] INFO  volume.HddsVolumeChecker (HddsVolumeChecker.java:checkAllVolumes(202)) - Scheduled health check for volume org.apache.hadoop.ozone.container.common.volume.HddsVolume@5e5af8e1
2019-09-25 05:52:21,735 [main] INFO  impl.RaftServerProxy (ConfUtils.java:logGet(43)) - raft.rpc.type = GRPC (default)
2019-09-25 05:52:21,735 [main] INFO  grpc.GrpcFactory (GrpcFactory.java:checkPooledByteBufAllocatorUseCacheForAllThreads(45)) - PERFORMANCE WARNING: useCacheForAllThreads is true that may cause Netty to create a lot garbage objects and, as a result, trigger GC.
	It is recommended to disable useCacheForAllThreads by setting -Dorg.apache.ratis.thirdparty.io.netty.allocator.useCacheForAllThreads=false in command line.
2019-09-25 05:52:21,736 [main] INFO  grpc.GrpcConfigKeys$Server (ConfUtils.java:logGet(43)) - raft.grpc.server.port = 0 (default)
2019-09-25 05:52:21,736 [main] INFO  server.GrpcService (ConfUtils.java:logGet(43)) - raft.grpc.message.size.max = 33570816 (custom)
2019-09-25 05:52:21,736 [main] INFO  server.RaftServerConfigKeys (ConfUtils.java:logGet(43)) - raft.server.log.appender.buffer.byte-limit = 33554432 (custom)
2019-09-25 05:52:21,736 [main] INFO  server.GrpcService (ConfUtils.java:logGet(43)) - raft.grpc.flow.control.window = 1MB (=1048576) (default)
2019-09-25 05:52:21,736 [main] INFO  server.RaftServerConfigKeys (ConfUtils.java:logGet(43)) - raft.server.rpc.request.timeout = 3000ms (default)
2019-09-25 05:52:21,737 [main] INFO  server.RaftServerConfigKeys (ConfUtils.java:logGet(43)) - raft.server.storage.dir = [/workdir/hadoop-ozone/integration-test/target/test-dir/MiniOzoneClusterImpl-5fae48a0-8517-4c16-9d39-4001697b8772/datanode-2/data/ratis] (custom)
2019-09-25 05:52:21,739 [Datanode State Machine Thread - 0] INFO  datanode.InitDatanodeState (InitDatanodeState.java:persistContainerDatanodeDetails(140)) - DatanodeDetails is persisted to /workdir/hadoop-ozone/integration-test/target/test-dir/MiniOzoneClusterImpl-5fae48a0-8517-4c16-9d39-4001697b8772/datanode-0/meta/datanode.id
2019-09-25 05:52:21,739 [main] INFO  hdfs.DFSUtil (DFSUtil.java:httpServerTemplateForNNAndJN(1641)) - Starting Web-server for hddsDatanode at: http://0.0.0.0:0
2019-09-25 05:52:21,743 [main] INFO  server.AuthenticationFilter (AuthenticationFilter.java:constructSecretProvider(240)) - Unable to initialize FileSignerSecretProvider, falling back to use random secrets.
2019-09-25 05:52:21,743 [main] WARN  http.HttpRequestLog (HttpRequestLog.java:getRequestLog(97)) - Jetty request log can only be enabled using Log4j
2019-09-25 05:52:21,743 [Datanode State Machine Thread - 0] INFO  datanode.InitDatanodeState (InitDatanodeState.java:persistContainerDatanodeDetails(140)) - DatanodeDetails is persisted to /workdir/hadoop-ozone/integration-test/target/test-dir/MiniOzoneClusterImpl-5fae48a0-8517-4c16-9d39-4001697b8772/datanode-1/meta/datanode.id
2019-09-25 05:52:21,745 [main] INFO  http.HttpServer2 (HttpServer2.java:addGlobalFilter(975)) - Added global filter 'safety' (class=org.apache.hadoop.http.HttpServer2$QuotingInputFilter)
2019-09-25 05:52:21,746 [main] INFO  http.HttpServer2 (HttpServer2.java:addFilter(948)) - Added filter static_user_filter (class=org.apache.hadoop.http.lib.StaticUserWebFilter$StaticUserFilter) to context hddsDatanode
2019-09-25 05:52:21,746 [main] INFO  http.HttpServer2 (HttpServer2.java:addFilter(958)) - Added filter static_user_filter (class=org.apache.hadoop.http.lib.StaticUserWebFilter$StaticUserFilter) to context logs
2019-09-25 05:52:21,746 [main] INFO  http.HttpServer2 (HttpServer2.java:addFilter(958)) - Added filter static_user_filter (class=org.apache.hadoop.http.lib.StaticUserWebFilter$StaticUserFilter) to context static
2019-09-25 05:52:21,747 [main] INFO  http.HttpServer2 (HttpServer2.java:bindListener(1191)) - Jetty bound to port 45332
2019-09-25 05:52:21,747 [main] INFO  server.Server (Server.java:doStart(351)) - jetty-9.3.25.v20180904, build timestamp: 2018-09-04T21:11:46Z, git hash: 3ce520221d0240229c862b122d2b06c12a625732
2019-09-25 05:52:21,751 [main] INFO  handler.ContextHandler (ContextHandler.java:doStart(781)) - Started o.e.j.s.ServletContextHandler@c3edf4c{/logs,file:///workdir/hadoop-ozone/integration-test/target/log,AVAILABLE}
2019-09-25 05:52:21,752 [main] INFO  handler.ContextHandler (ContextHandler.java:doStart(781)) - Started o.e.j.s.ServletContextHandler@799ed4e8{/static,jar:file:/home/user/.m2/repository/org/apache/hadoop/hadoop-hdds-container-service/0.5.0-SNAPSHOT/hadoop-hdds-container-service-0.5.0-SNAPSHOT.jar!/webapps/static,AVAILABLE}
2019-09-25 05:52:21,782 [main] INFO  handler.ContextHandler (ContextHandler.java:doStart(781)) - Started o.e.j.w.WebAppContext@599e4d41{/,file:///tmp/jetty-0.0.0.0-45332-hddsDatanode-_-any-237681379268524519.dir/webapp/,AVAILABLE}{/hddsDatanode}
2019-09-25 05:52:21,783 [main] INFO  server.AbstractConnector (AbstractConnector.java:doStart(278)) - Started ServerConnector@328d044f{HTTP/1.1,[http/1.1]}{0.0.0.0:45332}
2019-09-25 05:52:21,783 [main] INFO  server.Server (Server.java:doStart(419)) - Started @10478ms
2019-09-25 05:52:21,783 [main] WARN  impl.MetricsSystemImpl (MetricsSystemImpl.java:register(276)) - Sink prometheus already exists!
2019-09-25 05:52:21,784 [main] INFO  server.BaseHttpServer (BaseHttpServer.java:updateConnectorAddress(215)) - HTTP server of HDDSDATANODE is listening at http://0.0.0.0:45332
2019-09-25 05:52:21,787 [main] INFO  ozone.MiniOzoneClusterImpl (MiniOzoneClusterImpl.java:lambda$waitForClusterToBeReady$0(147)) - Waiting for cluster to be ready. Got 0 of 3 DN Heartbeats.
2019-09-25 05:52:21,788 [org.apache.hadoop.util.JvmPauseMonitor$Monitor@19626873] INFO  util.JvmPauseMonitor (JvmPauseMonitor.java:run(188)) - Starting JVM pause monitor
2019-09-25 05:52:21,790 [Datanode State Machine Thread - 0] INFO  datanode.InitDatanodeState (InitDatanodeState.java:persistContainerDatanodeDetails(140)) - DatanodeDetails is persisted to /workdir/hadoop-ozone/integration-test/target/test-dir/MiniOzoneClusterImpl-5fae48a0-8517-4c16-9d39-4001697b8772/datanode-2/meta/datanode.id
2019-09-25 05:52:22,787 [main] INFO  ozone.MiniOzoneClusterImpl (MiniOzoneClusterImpl.java:lambda$waitForClusterToBeReady$0(147)) - Waiting for cluster to be ready. Got 0 of 3 DN Heartbeats.
2019-09-25 05:52:23,659 [Datanode State Machine Thread - 0] INFO  ozoneimpl.OzoneContainer (OzoneContainer.java:start(217)) - Attempting to start container services.
2019-09-25 05:52:23,662 [Datanode State Machine Thread - 0] INFO  ozoneimpl.OzoneContainer (OzoneContainer.java:startContainerScrub(179)) - Background container scanner has been disabled.
2019-09-25 05:52:23,662 [Datanode State Machine Thread - 0] INFO  ratis.XceiverServerRatis (XceiverServerRatis.java:start(411)) - Starting XceiverServerRatis 0bbc1277-be6f-4bf3-88cf-1c3b12e139ad at port 0
2019-09-25 05:52:23,681 [Datanode State Machine Thread - 0] INFO  impl.RaftServerProxy (RaftServerProxy.java:lambda$start$3(299)) - 0bbc1277-be6f-4bf3-88cf-1c3b12e139ad: start RPC server
2019-09-25 05:52:23,727 [Datanode State Machine Thread - 0] INFO  ozoneimpl.OzoneContainer (OzoneContainer.java:start(217)) - Attempting to start container services.
2019-09-25 05:52:23,734 [Datanode State Machine Thread - 0] INFO  ozoneimpl.OzoneContainer (OzoneContainer.java:startContainerScrub(179)) - Background container scanner has been disabled.
2019-09-25 05:52:23,735 [Datanode State Machine Thread - 0] INFO  ratis.XceiverServerRatis (XceiverServerRatis.java:start(411)) - Starting XceiverServerRatis 5be219b2-97fd-4a8c-91ea-b15aa89454d4 at port 0
2019-09-25 05:52:23,745 [Datanode State Machine Thread - 0] INFO  impl.RaftServerProxy (RaftServerProxy.java:lambda$start$3(299)) - 5be219b2-97fd-4a8c-91ea-b15aa89454d4: start RPC server
2019-09-25 05:52:23,788 [main] INFO  ozone.MiniOzoneClusterImpl (MiniOzoneClusterImpl.java:lambda$waitForClusterToBeReady$0(147)) - Waiting for cluster to be ready. Got 0 of 3 DN Heartbeats.
2019-09-25 05:52:23,805 [Datanode State Machine Thread - 0] INFO  ozoneimpl.OzoneContainer (OzoneContainer.java:start(217)) - Attempting to start container services.
2019-09-25 05:52:23,806 [Datanode State Machine Thread - 0] INFO  ozoneimpl.OzoneContainer (OzoneContainer.java:startContainerScrub(179)) - Background container scanner has been disabled.
2019-09-25 05:52:23,806 [Datanode State Machine Thread - 0] INFO  ratis.XceiverServerRatis (XceiverServerRatis.java:start(411)) - Starting XceiverServerRatis 754f3588-47e6-41ad-b34e-eb7041cce070 at port 0
2019-09-25 05:52:23,815 [Datanode State Machine Thread - 0] INFO  impl.RaftServerProxy (RaftServerProxy.java:lambda$start$3(299)) - 754f3588-47e6-41ad-b34e-eb7041cce070: start RPC server
2019-09-25 05:52:23,826 [Datanode State Machine Thread - 0] INFO  server.GrpcService (GrpcService.java:startImpl(158)) - 5be219b2-97fd-4a8c-91ea-b15aa89454d4: GrpcService started, listening on 0.0.0.0/0.0.0.0:40625
2019-09-25 05:52:23,826 [Datanode State Machine Thread - 0] INFO  server.GrpcService (GrpcService.java:startImpl(158)) - 754f3588-47e6-41ad-b34e-eb7041cce070: GrpcService started, listening on 0.0.0.0/0.0.0.0:41089
2019-09-25 05:52:23,826 [Datanode State Machine Thread - 0] INFO  server.GrpcService (GrpcService.java:startImpl(158)) - 0bbc1277-be6f-4bf3-88cf-1c3b12e139ad: GrpcService started, listening on 0.0.0.0/0.0.0.0:46701
2019-09-25 05:52:23,827 [Datanode State Machine Thread - 0] INFO  ratis.XceiverServerRatis (XceiverServerRatis.java:start(421)) - XceiverServerRatis 754f3588-47e6-41ad-b34e-eb7041cce070 is started using port 41089
2019-09-25 05:52:23,827 [Datanode State Machine Thread - 0] INFO  ratis.XceiverServerRatis (XceiverServerRatis.java:start(421)) - XceiverServerRatis 5be219b2-97fd-4a8c-91ea-b15aa89454d4 is started using port 40625
2019-09-25 05:52:23,827 [Datanode State Machine Thread - 0] INFO  ratis.XceiverServerRatis (XceiverServerRatis.java:start(421)) - XceiverServerRatis 0bbc1277-be6f-4bf3-88cf-1c3b12e139ad is started using port 46701
2019-09-25 05:52:23,832 [Datanode State Machine Thread - 0] INFO  server.XceiverServerGrpc (XceiverServerGrpc.java:start(149)) - XceiverServerGrpc 0bbc1277-be6f-4bf3-88cf-1c3b12e139ad is started using port 42701
2019-09-25 05:52:23,832 [Datanode State Machine Thread - 0] INFO  server.XceiverServerGrpc (XceiverServerGrpc.java:start(149)) - XceiverServerGrpc 5be219b2-97fd-4a8c-91ea-b15aa89454d4 is started using port 42970
2019-09-25 05:52:23,832 [Datanode State Machine Thread - 0] INFO  server.XceiverServerGrpc (XceiverServerGrpc.java:start(149)) - XceiverServerGrpc 754f3588-47e6-41ad-b34e-eb7041cce070 is started using port 42197
2019-09-25 05:52:24,788 [main] INFO  ozone.MiniOzoneClusterImpl (MiniOzoneClusterImpl.java:lambda$waitForClusterToBeReady$0(147)) - Waiting for cluster to be ready. Got 0 of 3 DN Heartbeats.
2019-09-25 05:52:25,648 [IPC Server handler 1 on 43556] INFO  net.NetworkTopology (NetworkTopologyImpl.java:add(111)) - Added a new node: /default-rack/0bbc1277-be6f-4bf3-88cf-1c3b12e139ad
2019-09-25 05:52:25,649 [IPC Server handler 1 on 43556] INFO  node.SCMNodeManager (SCMNodeManager.java:register(266)) - Registered Data node : 0bbc1277-be6f-4bf3-88cf-1c3b12e139ad{ip: 192.168.30.10, host: pr-hdds-1569-s62bp-3040748787, networkLocation: /default-rack, certSerialId: null}
2019-09-25 05:52:25,654 [EventQueue-NodeRegistrationContainerReportForDataNodeSafeModeRule] INFO  safemode.SCMSafeModeManager (DataNodeSafeModeRule.java:process(71)) - SCM in safe mode. 1 DataNodes registered, 1 required.
2019-09-25 05:52:25,656 [EventQueue-NodeRegistrationContainerReportForDataNodeSafeModeRule] INFO  safemode.SCMSafeModeManager (SCMSafeModeManager.java:validateSafeModeExitRules(177)) - ScmSafeModeManager, all rules are successfully validated
2019-09-25 05:52:25,657 [EventQueue-NodeRegistrationContainerReportForDataNodeSafeModeRule] INFO  safemode.SCMSafeModeManager (SCMSafeModeManager.java:exitSafeMode(193)) - SCM exiting safe mode.
2019-09-25 05:52:25,709 [IPC Server handler 2 on 43556] INFO  net.NetworkTopology (NetworkTopologyImpl.java:add(111)) - Added a new node: /default-rack/5be219b2-97fd-4a8c-91ea-b15aa89454d4
2019-09-25 05:52:25,710 [IPC Server handler 2 on 43556] INFO  node.SCMNodeManager (SCMNodeManager.java:register(266)) - Registered Data node : 5be219b2-97fd-4a8c-91ea-b15aa89454d4{ip: 192.168.30.10, host: pr-hdds-1569-s62bp-3040748787, networkLocation: /default-rack, certSerialId: null}
2019-09-25 05:52:25,789 [main] INFO  ozone.MiniOzoneClusterImpl (MiniOzoneClusterImpl.java:lambda$waitForClusterToBeReady$0(147)) - Waiting for cluster to be ready. Got 2 of 3 DN Heartbeats.
2019-09-25 05:52:25,792 [IPC Server handler 3 on 43556] INFO  net.NetworkTopology (NetworkTopologyImpl.java:add(111)) - Added a new node: /default-rack/754f3588-47e6-41ad-b34e-eb7041cce070
2019-09-25 05:52:25,792 [IPC Server handler 3 on 43556] INFO  node.SCMNodeManager (SCMNodeManager.java:register(266)) - Registered Data node : 754f3588-47e6-41ad-b34e-eb7041cce070{ip: 192.168.30.10, host: pr-hdds-1569-s62bp-3040748787, networkLocation: /default-rack, certSerialId: null}
2019-09-25 05:52:26,151 [grpc-default-executor-0] INFO  impl.RaftServerProxy (RaftServerProxy.java:addNew(89)) - 0bbc1277-be6f-4bf3-88cf-1c3b12e139ad: addNew group-3AA83E1C1330:[0bbc1277-be6f-4bf3-88cf-1c3b12e139ad:192.168.30.10:46701] returns group-3AA83E1C1330:java.util.concurrent.CompletableFuture@54846351[Not completed]
2019-09-25 05:52:26,167 [pool-27-thread-1] INFO  impl.RaftServerImpl (RaftServerImpl.java:<init>(95)) - 0bbc1277-be6f-4bf3-88cf-1c3b12e139ad: new RaftServerImpl for group-3AA83E1C1330:[0bbc1277-be6f-4bf3-88cf-1c3b12e139ad:192.168.30.10:46701] with ContainerStateMachine:uninitialized
2019-09-25 05:52:26,170 [pool-27-thread-1] INFO  server.RaftServerConfigKeys (ConfUtils.java:logGet(43)) - raft.server.rpc.timeout.min = 5s (custom)
2019-09-25 05:52:26,171 [pool-27-thread-1] INFO  server.RaftServerConfigKeys (ConfUtils.java:logGet(43)) - raft.server.rpc.timeout.max = 5200ms (custom)
2019-09-25 05:52:26,171 [pool-27-thread-1] INFO  server.RaftServerConfigKeys (ConfUtils.java:logGet(43)) - raft.server.rpcslowness.timeout = 120s (custom)
2019-09-25 05:52:26,173 [pool-27-thread-1] INFO  server.RaftServerConfigKeys (ConfUtils.java:logGet(43)) - raft.server.sleep.deviation.threshold = 300 (default)
2019-09-25 05:52:26,174 [pool-27-thread-1] INFO  server.RaftServerConfigKeys (ConfUtils.java:logGet(43)) - raft.server.log.appender.install.snapshot.enabled = false (custom)
2019-09-25 05:52:26,183 [pool-27-thread-1] INFO  impl.RaftServerImpl (ServerState.java:<init>(103)) - 0bbc1277-be6f-4bf3-88cf-1c3b12e139ad@group-3AA83E1C1330: ConfigurationManager, init=-1: [0bbc1277-be6f-4bf3-88cf-1c3b12e139ad:192.168.30.10:46701], old=null, confs=<EMPTY_MAP>
2019-09-25 05:52:26,184 [pool-27-thread-1] INFO  server.RaftServerConfigKeys (ConfUtils.java:logGet(43)) - raft.server.storage.dir = [/workdir/hadoop-ozone/integration-test/target/test-dir/MiniOzoneClusterImpl-5fae48a0-8517-4c16-9d39-4001697b8772/datanode-0/data/ratis] (custom)
2019-09-25 05:52:26,193 [pool-27-thread-1] INFO  storage.RaftStorageDirectory (RaftStorageDirectory.java:analyzeStorage(246)) - The storage directory /workdir/hadoop-ozone/integration-test/target/test-dir/MiniOzoneClusterImpl-5fae48a0-8517-4c16-9d39-4001697b8772/datanode-0/data/ratis/e64e5260-61a5-463c-b167-3aa83e1c1330 does not exist. Creating ...
2019-09-25 05:52:26,212 [pool-27-thread-1] INFO  storage.RaftStorageDirectory (RaftStorageDirectory.java:tryLock(328)) - Lock on /workdir/hadoop-ozone/integration-test/target/test-dir/MiniOzoneClusterImpl-5fae48a0-8517-4c16-9d39-4001697b8772/datanode-0/data/ratis/e64e5260-61a5-463c-b167-3aa83e1c1330/in_use.lock acquired by nodename 25594@pr-hdds-1569-s62bp-3040748787
2019-09-25 05:52:26,227 [pool-27-thread-1] INFO  storage.RaftStorage (RaftStorage.java:format(72)) - Storage directory /workdir/hadoop-ozone/integration-test/target/test-dir/MiniOzoneClusterImpl-5fae48a0-8517-4c16-9d39-4001697b8772/datanode-0/data/ratis/e64e5260-61a5-463c-b167-3aa83e1c1330 has been successfully formatted.
2019-09-25 05:52:26,230 [pool-27-thread-1] INFO  ratis.ContainerStateMachine (ContainerStateMachine.java:loadSnapshot(230)) - group-3AA83E1C1330: The snapshot info is null. Setting the last applied indexto:(t:0, i:~)
2019-09-25 05:52:26,230 [pool-27-thread-1] INFO  server.RaftServerConfigKeys (ConfUtils.java:logGet(43)) - raft.server.notification.no-leader.timeout = 120s (custom)
2019-09-25 05:52:26,232 [pool-27-thread-1] INFO  server.RaftServerConfigKeys (ConfUtils.java:logGet(43)) - raft.server.log.use.memory = false (default)
2019-09-25 05:52:26,238 [pool-27-thread-1] INFO  server.RaftServerConfigKeys (ConfUtils.java:logGet(43)) - raft.server.log.purge.gap = 1000000 (custom)
2019-09-25 05:52:26,239 [pool-27-thread-1] INFO  server.RaftServerConfigKeys (ConfUtils.java:logGet(43)) - raft.server.log.appender.buffer.byte-limit = 33554432 (custom)
2019-09-25 05:52:26,241 [pool-27-thread-1] INFO  server.RaftServerConfigKeys (ConfUtils.java:logGet(43)) - raft.server.log.segment.size.max = 1048576 (custom)
2019-09-25 05:52:26,245 [pool-27-thread-1] INFO  server.RaftServerConfigKeys (ConfUtils.java:logGet(43)) - raft.server.log.segment.cache.num.max = 2 (custom)
2019-09-25 05:52:26,250 [pool-27-thread-1] INFO  segmented.SegmentedRaftLogWorker (SegmentedRaftLogWorker.java:<init>(172)) - new 0bbc1277-be6f-4bf3-88cf-1c3b12e139ad@group-3AA83E1C1330-SegmentedRaftLogWorker for RaftStorage:Storage Directory /workdir/hadoop-ozone/integration-test/target/test-dir/MiniOzoneClusterImpl-5fae48a0-8517-4c16-9d39-4001697b8772/datanode-0/data/ratis/e64e5260-61a5-463c-b167-3aa83e1c1330
2019-09-25 05:52:26,251 [pool-27-thread-1] INFO  impl.MetricsSystemImpl (MetricsSystemImpl.java:init(158)) - ratis metrics system started (again)
2019-09-25 05:52:26,256 [pool-27-thread-1] INFO  metrics.MetricRegistries (MetricRegistriesLoader.java:load(64)) - Loaded MetricRegistries class org.apache.ratis.metrics.impl.MetricRegistriesImpl
2019-09-25 05:52:26,284 [pool-27-thread-1] INFO  server.RaftServerConfigKeys (ConfUtils.java:logGet(43)) - raft.server.log.queue.byte-limit = 2147483647 (custom)
2019-09-25 05:52:26,284 [pool-27-thread-1] INFO  server.RaftServerConfigKeys (ConfUtils.java:logGet(43)) - raft.server.log.queue.element-limit = 1024 (custom)
2019-09-25 05:52:26,287 [pool-27-thread-1] INFO  server.RaftServerConfigKeys (ConfUtils.java:logGet(43)) - raft.server.log.segment.size.max = 1048576 (custom)
2019-09-25 05:52:26,287 [pool-27-thread-1] INFO  server.RaftServerConfigKeys (ConfUtils.java:logGet(43)) - raft.server.log.preallocated.size = 16384 (custom)
2019-09-25 05:52:26,287 [pool-27-thread-1] INFO  server.RaftServerConfigKeys (ConfUtils.java:logGet(43)) - raft.server.log.write.buffer.size = 33554432 (custom)
2019-09-25 05:52:26,288 [pool-27-thread-1] INFO  server.RaftServerConfigKeys (ConfUtils.java:logGet(43)) - raft.server.log.force.sync.num = 128 (default)
2019-09-25 05:52:26,289 [pool-27-thread-1] INFO  server.RaftServerConfigKeys (ConfUtils.java:logGet(43)) - raft.server.log.statemachine.data.sync = true (default)
2019-09-25 05:52:26,289 [pool-27-thread-1] INFO  server.RaftServerConfigKeys (ConfUtils.java:logGet(43)) - raft.server.log.statemachine.data.sync.timeout = 10s (default)
2019-09-25 05:52:26,290 [pool-27-thread-1] INFO  server.RaftServerConfigKeys (ConfUtils.java:logGet(43)) - raft.server.log.statemachine.data.sync.timeout.retry = -1 (default)
2019-09-25 05:52:26,297 [pool-27-thread-1] INFO  server.RaftServerConfigKeys (ConfUtils.java:logGet(43)) - raft.server.log.statemachine.data.caching.enabled = true (custom)
2019-09-25 05:52:26,301 [pool-27-thread-1] INFO  segmented.SegmentedRaftLogWorker (SegmentedRaftLogWorker.java:lambda$new$0(132)) - 0bbc1277-be6f-4bf3-88cf-1c3b12e139ad@group-3AA83E1C1330-SegmentedRaftLogWorker: flushIndex: setUnconditionally 0 -> -1
2019-09-25 05:52:26,304 [pool-27-thread-1] INFO  server.RaftServerConfigKeys (ConfUtils.java:logGet(43)) - raft.server.snapshot.auto.trigger.enabled = true (custom)
2019-09-25 05:52:26,305 [pool-27-thread-1] INFO  server.RaftServerConfigKeys (ConfUtils.java:logGet(43)) - raft.server.snapshot.auto.trigger.threshold = 10000 (custom)
2019-09-25 05:52:26,306 [pool-27-thread-1] INFO  server.RaftServerConfigKeys (ConfUtils.java:logGet(43)) - raft.server.snapshot.retention.num.files = 5 (custom)
2019-09-25 05:52:26,306 [pool-27-thread-1] INFO  server.RaftServerConfigKeys (ConfUtils.java:logGet(43)) - raft.server.retrycache.expirytime = 600000ms (custom)
2019-09-25 05:52:26,329 [pool-27-thread-1] INFO  impl.RaftServerImpl (RaftServerImpl.java:start(185)) - 0bbc1277-be6f-4bf3-88cf-1c3b12e139ad@group-3AA83E1C1330: start as a follower, conf=-1: [0bbc1277-be6f-4bf3-88cf-1c3b12e139ad:192.168.30.10:46701], old=null
2019-09-25 05:52:26,330 [pool-27-thread-1] INFO  impl.RaftServerImpl (RaftServerImpl.java:setRole(174)) - 0bbc1277-be6f-4bf3-88cf-1c3b12e139ad@group-3AA83E1C1330: changes role from      null to FOLLOWER at term 0 for startAsFollower
2019-09-25 05:52:26,331 [pool-27-thread-1] INFO  impl.RoleInfo (RoleInfo.java:updateAndGet(143)) - 0bbc1277-be6f-4bf3-88cf-1c3b12e139ad: start FollowerState
2019-09-25 05:52:26,340 [pool-27-thread-1] INFO  util.JmxRegister (JmxRegister.java:tryRegister(44)) - Successfully registered JMX Bean with object name Ratis:service=RaftServer,group=group-3AA83E1C1330,id=0bbc1277-be6f-4bf3-88cf-1c3b12e139ad
2019-09-25 05:52:26,406 [RatisPipelineUtilsThread] INFO  pipeline.PipelineStateManager (PipelineStateManager.java:addPipeline(56)) - Created pipeline Pipeline[ Id: e64e5260-61a5-463c-b167-3aa83e1c1330, Nodes: 0bbc1277-be6f-4bf3-88cf-1c3b12e139ad{ip: 192.168.30.10, host: pr-hdds-1569-s62bp-3040748787, networkLocation: /default-rack, certSerialId: null}, Type:RATIS, Factor:ONE, State:OPEN]
2019-09-25 05:52:26,429 [grpc-default-executor-0] INFO  impl.RaftServerProxy (RaftServerProxy.java:addNew(89)) - 0bbc1277-be6f-4bf3-88cf-1c3b12e139ad: addNew group-94F674F7A72B:[0bbc1277-be6f-4bf3-88cf-1c3b12e139ad:192.168.30.10:46701] returns group-94F674F7A72B:java.util.concurrent.CompletableFuture@282add6c[Not completed]
2019-09-25 05:52:26,431 [pool-27-thread-1] INFO  impl.RaftServerImpl (RaftServerImpl.java:<init>(95)) - 0bbc1277-be6f-4bf3-88cf-1c3b12e139ad: new RaftServerImpl for group-94F674F7A72B:[0bbc1277-be6f-4bf3-88cf-1c3b12e139ad:192.168.30.10:46701] with ContainerStateMachine:uninitialized
2019-09-25 05:52:26,431 [pool-27-thread-1] INFO  server.RaftServerConfigKeys (ConfUtils.java:logGet(43)) - raft.server.rpc.timeout.min = 5s (custom)
2019-09-25 05:52:26,431 [pool-27-thread-1] INFO  server.RaftServerConfigKeys (ConfUtils.java:logGet(43)) - raft.server.rpc.timeout.max = 5200ms (custom)
2019-09-25 05:52:26,432 [pool-27-thread-1] INFO  server.RaftServerConfigKeys (ConfUtils.java:logGet(43)) - raft.server.rpcslowness.timeout = 120s (custom)
2019-09-25 05:52:26,432 [pool-27-thread-1] INFO  server.RaftServerConfigKeys (ConfUtils.java:logGet(43)) - raft.server.sleep.deviation.threshold = 300 (default)
2019-09-25 05:52:26,432 [pool-27-thread-1] INFO  server.RaftServerConfigKeys (ConfUtils.java:logGet(43)) - raft.server.log.appender.install.snapshot.enabled = false (custom)
2019-09-25 05:52:26,432 [pool-27-thread-1] INFO  impl.RaftServerImpl (ServerState.java:<init>(103)) - 0bbc1277-be6f-4bf3-88cf-1c3b12e139ad@group-94F674F7A72B: ConfigurationManager, init=-1: [0bbc1277-be6f-4bf3-88cf-1c3b12e139ad:192.168.30.10:46701], old=null, confs=<EMPTY_MAP>
2019-09-25 05:52:26,432 [pool-27-thread-1] INFO  server.RaftServerConfigKeys (ConfUtils.java:logGet(43)) - raft.server.storage.dir = [/workdir/hadoop-ozone/integration-test/target/test-dir/MiniOzoneClusterImpl-5fae48a0-8517-4c16-9d39-4001697b8772/datanode-0/data/ratis] (custom)
2019-09-25 05:52:26,433 [pool-27-thread-1] INFO  storage.RaftStorageDirectory (RaftStorageDirectory.java:analyzeStorage(246)) - The storage directory /workdir/hadoop-ozone/integration-test/target/test-dir/MiniOzoneClusterImpl-5fae48a0-8517-4c16-9d39-4001697b8772/datanode-0/data/ratis/04f14c82-2c1d-41d4-9a84-94f674f7a72b does not exist. Creating ...
2019-09-25 05:52:26,446 [pool-27-thread-1] INFO  storage.RaftStorageDirectory (RaftStorageDirectory.java:tryLock(328)) - Lock on /workdir/hadoop-ozone/integration-test/target/test-dir/MiniOzoneClusterImpl-5fae48a0-8517-4c16-9d39-4001697b8772/datanode-0/data/ratis/04f14c82-2c1d-41d4-9a84-94f674f7a72b/in_use.lock acquired by nodename 25594@pr-hdds-1569-s62bp-3040748787
2019-09-25 05:52:26,462 [pool-27-thread-1] INFO  storage.RaftStorage (RaftStorage.java:format(72)) - Storage directory /workdir/hadoop-ozone/integration-test/target/test-dir/MiniOzoneClusterImpl-5fae48a0-8517-4c16-9d39-4001697b8772/datanode-0/data/ratis/04f14c82-2c1d-41d4-9a84-94f674f7a72b has been successfully formatted.
2019-09-25 05:52:26,462 [pool-27-thread-1] INFO  ratis.ContainerStateMachine (ContainerStateMachine.java:loadSnapshot(230)) - group-94F674F7A72B: The snapshot info is null. Setting the last applied indexto:(t:0, i:~)
2019-09-25 05:52:26,462 [pool-27-thread-1] INFO  server.RaftServerConfigKeys (ConfUtils.java:logGet(43)) - raft.server.notification.no-leader.timeout = 120s (custom)
2019-09-25 05:52:26,462 [pool-27-thread-1] INFO  server.RaftServerConfigKeys (ConfUtils.java:logGet(43)) - raft.server.log.use.memory = false (default)
2019-09-25 05:52:26,463 [pool-27-thread-1] INFO  server.RaftServerConfigKeys (ConfUtils.java:logGet(43)) - raft.server.log.purge.gap = 1000000 (custom)
2019-09-25 05:52:26,463 [pool-27-thread-1] INFO  server.RaftServerConfigKeys (ConfUtils.java:logGet(43)) - raft.server.log.appender.buffer.byte-limit = 33554432 (custom)
2019-09-25 05:52:26,463 [pool-27-thread-1] INFO  server.RaftServerConfigKeys (ConfUtils.java:logGet(43)) - raft.server.log.segment.size.max = 1048576 (custom)
2019-09-25 05:52:26,463 [pool-27-thread-1] INFO  server.RaftServerConfigKeys (ConfUtils.java:logGet(43)) - raft.server.log.segment.cache.num.max = 2 (custom)
2019-09-25 05:52:26,463 [pool-27-thread-1] INFO  segmented.SegmentedRaftLogWorker (SegmentedRaftLogWorker.java:<init>(172)) - new 0bbc1277-be6f-4bf3-88cf-1c3b12e139ad@group-94F674F7A72B-SegmentedRaftLogWorker for RaftStorage:Storage Directory /workdir/hadoop-ozone/integration-test/target/test-dir/MiniOzoneClusterImpl-5fae48a0-8517-4c16-9d39-4001697b8772/datanode-0/data/ratis/04f14c82-2c1d-41d4-9a84-94f674f7a72b
2019-09-25 05:52:26,463 [pool-27-thread-1] INFO  server.RaftServerConfigKeys (ConfUtils.java:logGet(43)) - raft.server.log.queue.byte-limit = 2147483647 (custom)
2019-09-25 05:52:26,464 [pool-27-thread-1] INFO  server.RaftServerConfigKeys (ConfUtils.java:logGet(43)) - raft.server.log.queue.element-limit = 1024 (custom)
2019-09-25 05:52:26,464 [pool-27-thread-1] INFO  server.RaftServerConfigKeys (ConfUtils.java:logGet(43)) - raft.server.log.segment.size.max = 1048576 (custom)
2019-09-25 05:52:26,464 [pool-27-thread-1] INFO  server.RaftServerConfigKeys (ConfUtils.java:logGet(43)) - raft.server.log.preallocated.size = 16384 (custom)
2019-09-25 05:52:26,464 [pool-27-thread-1] INFO  server.RaftServerConfigKeys (ConfUtils.java:logGet(43)) - raft.server.log.write.buffer.size = 33554432 (custom)
2019-09-25 05:52:26,464 [pool-27-thread-1] INFO  server.RaftServerConfigKeys (ConfUtils.java:logGet(43)) - raft.server.log.force.sync.num = 128 (default)
2019-09-25 05:52:26,464 [pool-27-thread-1] INFO  server.RaftServerConfigKeys (ConfUtils.java:logGet(43)) - raft.server.log.statemachine.data.sync = true (default)
2019-09-25 05:52:26,465 [pool-27-thread-1] INFO  server.RaftServerConfigKeys (ConfUtils.java:logGet(43)) - raft.server.log.statemachine.data.sync.timeout = 10s (default)
2019-09-25 05:52:26,465 [pool-27-thread-1] INFO  server.RaftServerConfigKeys (ConfUtils.java:logGet(43)) - raft.server.log.statemachine.data.sync.timeout.retry = -1 (default)
2019-09-25 05:52:26,465 [pool-27-thread-1] INFO  server.RaftServerConfigKeys (ConfUtils.java:logGet(43)) - raft.server.log.statemachine.data.caching.enabled = true (custom)
2019-09-25 05:52:26,465 [pool-27-thread-1] INFO  segmented.SegmentedRaftLogWorker (SegmentedRaftLogWorker.java:lambda$new$0(132)) - 0bbc1277-be6f-4bf3-88cf-1c3b12e139ad@group-94F674F7A72B-SegmentedRaftLogWorker: flushIndex: setUnconditionally 0 -> -1
2019-09-25 05:52:26,466 [pool-27-thread-1] INFO  server.RaftServerConfigKeys (ConfUtils.java:logGet(43)) - raft.server.snapshot.auto.trigger.enabled = true (custom)
2019-09-25 05:52:26,466 [pool-27-thread-1] INFO  server.RaftServerConfigKeys (ConfUtils.java:logGet(43)) - raft.server.snapshot.auto.trigger.threshold = 10000 (custom)
2019-09-25 05:52:26,466 [pool-27-thread-1] INFO  server.RaftServerConfigKeys (ConfUtils.java:logGet(43)) - raft.server.snapshot.retention.num.files = 5 (custom)
2019-09-25 05:52:26,466 [pool-27-thread-1] INFO  server.RaftServerConfigKeys (ConfUtils.java:logGet(43)) - raft.server.retrycache.expirytime = 600000ms (custom)
2019-09-25 05:52:26,471 [pool-27-thread-1] INFO  impl.RaftServerImpl (RaftServerImpl.java:start(185)) - 0bbc1277-be6f-4bf3-88cf-1c3b12e139ad@group-94F674F7A72B: start as a follower, conf=-1: [0bbc1277-be6f-4bf3-88cf-1c3b12e139ad:192.168.30.10:46701], old=null
2019-09-25 05:52:26,471 [pool-27-thread-1] INFO  impl.RaftServerImpl (RaftServerImpl.java:setRole(174)) - 0bbc1277-be6f-4bf3-88cf-1c3b12e139ad@group-94F674F7A72B: changes role from      null to FOLLOWER at term 0 for startAsFollower
2019-09-25 05:52:26,471 [pool-27-thread-1] INFO  impl.RoleInfo (RoleInfo.java:updateAndGet(143)) - 0bbc1277-be6f-4bf3-88cf-1c3b12e139ad: start FollowerState
2019-09-25 05:52:26,472 [pool-27-thread-1] INFO  util.JmxRegister (JmxRegister.java:tryRegister(44)) - Successfully registered JMX Bean with object name Ratis:service=RaftServer,group=group-94F674F7A72B,id=0bbc1277-be6f-4bf3-88cf-1c3b12e139ad
2019-09-25 05:52:26,481 [RatisPipelineUtilsThread] INFO  pipeline.PipelineStateManager (PipelineStateManager.java:addPipeline(56)) - Created pipeline Pipeline[ Id: 04f14c82-2c1d-41d4-9a84-94f674f7a72b, Nodes: 0bbc1277-be6f-4bf3-88cf-1c3b12e139ad{ip: 192.168.30.10, host: pr-hdds-1569-s62bp-3040748787, networkLocation: /default-rack, certSerialId: null}, Type:RATIS, Factor:ONE, State:OPEN]
2019-09-25 05:52:26,498 [grpc-default-executor-0] INFO  impl.RaftServerProxy (RaftServerProxy.java:addNew(89)) - 5be219b2-97fd-4a8c-91ea-b15aa89454d4: addNew group-E669D28F0EF2:[5be219b2-97fd-4a8c-91ea-b15aa89454d4:192.168.30.10:40625] returns group-E669D28F0EF2:java.util.concurrent.CompletableFuture@3e4cbe67[Not completed]
2019-09-25 05:52:26,521 [pool-37-thread-1] INFO  impl.RaftServerImpl (RaftServerImpl.java:<init>(95)) - 5be219b2-97fd-4a8c-91ea-b15aa89454d4: new RaftServerImpl for group-E669D28F0EF2:[5be219b2-97fd-4a8c-91ea-b15aa89454d4:192.168.30.10:40625] with ContainerStateMachine:uninitialized
2019-09-25 05:52:26,523 [pool-37-thread-1] INFO  server.RaftServerConfigKeys (ConfUtils.java:logGet(43)) - raft.server.rpc.timeout.min = 5s (custom)
2019-09-25 05:52:26,523 [pool-37-thread-1] INFO  server.RaftServerConfigKeys (ConfUtils.java:logGet(43)) - raft.server.rpc.timeout.max = 5200ms (custom)
2019-09-25 05:52:26,523 [pool-37-thread-1] INFO  server.RaftServerConfigKeys (ConfUtils.java:logGet(43)) - raft.server.rpcslowness.timeout = 120s (custom)
2019-09-25 05:52:26,523 [pool-37-thread-1] INFO  server.RaftServerConfigKeys (ConfUtils.java:logGet(43)) - raft.server.sleep.deviation.threshold = 300 (default)
2019-09-25 05:52:26,523 [pool-37-thread-1] INFO  server.RaftServerConfigKeys (ConfUtils.java:logGet(43)) - raft.server.log.appender.install.snapshot.enabled = false (custom)
2019-09-25 05:52:26,523 [pool-37-thread-1] INFO  impl.RaftServerImpl (ServerState.java:<init>(103)) - 5be219b2-97fd-4a8c-91ea-b15aa89454d4@group-E669D28F0EF2: ConfigurationManager, init=-1: [5be219b2-97fd-4a8c-91ea-b15aa89454d4:192.168.30.10:40625], old=null, confs=<EMPTY_MAP>
2019-09-25 05:52:26,524 [pool-37-thread-1] INFO  server.RaftServerConfigKeys (ConfUtils.java:logGet(43)) - raft.server.storage.dir = [/workdir/hadoop-ozone/integration-test/target/test-dir/MiniOzoneClusterImpl-5fae48a0-8517-4c16-9d39-4001697b8772/datanode-1/data/ratis] (custom)
2019-09-25 05:52:26,524 [pool-37-thread-1] INFO  storage.RaftStorageDirectory (RaftStorageDirectory.java:analyzeStorage(246)) - The storage directory /workdir/hadoop-ozone/integration-test/target/test-dir/MiniOzoneClusterImpl-5fae48a0-8517-4c16-9d39-4001697b8772/datanode-1/data/ratis/183c57ca-d7d0-4656-9bc0-e669d28f0ef2 does not exist. Creating ...
2019-09-25 05:52:26,538 [pool-37-thread-1] INFO  storage.RaftStorageDirectory (RaftStorageDirectory.java:tryLock(328)) - Lock on /workdir/hadoop-ozone/integration-test/target/test-dir/MiniOzoneClusterImpl-5fae48a0-8517-4c16-9d39-4001697b8772/datanode-1/data/ratis/183c57ca-d7d0-4656-9bc0-e669d28f0ef2/in_use.lock acquired by nodename 25594@pr-hdds-1569-s62bp-3040748787
2019-09-25 05:52:26,551 [pool-37-thread-1] INFO  storage.RaftStorage (RaftStorage.java:format(72)) - Storage directory /workdir/hadoop-ozone/integration-test/target/test-dir/MiniOzoneClusterImpl-5fae48a0-8517-4c16-9d39-4001697b8772/datanode-1/data/ratis/183c57ca-d7d0-4656-9bc0-e669d28f0ef2 has been successfully formatted.
2019-09-25 05:52:26,553 [pool-37-thread-1] INFO  ratis.ContainerStateMachine (ContainerStateMachine.java:loadSnapshot(230)) - group-E669D28F0EF2: The snapshot info is null. Setting the last applied indexto:(t:0, i:~)
2019-09-25 05:52:26,553 [pool-37-thread-1] INFO  server.RaftServerConfigKeys (ConfUtils.java:logGet(43)) - raft.server.notification.no-leader.timeout = 120s (custom)
2019-09-25 05:52:26,554 [pool-37-thread-1] INFO  server.RaftServerConfigKeys (ConfUtils.java:logGet(43)) - raft.server.log.use.memory = false (default)
2019-09-25 05:52:26,554 [pool-37-thread-1] INFO  server.RaftServerConfigKeys (ConfUtils.java:logGet(43)) - raft.server.log.purge.gap = 1000000 (custom)
2019-09-25 05:52:26,554 [pool-37-thread-1] INFO  server.RaftServerConfigKeys (ConfUtils.java:logGet(43)) - raft.server.log.appender.buffer.byte-limit = 33554432 (custom)
2019-09-25 05:52:26,554 [pool-37-thread-1] INFO  server.RaftServerConfigKeys (ConfUtils.java:logGet(43)) - raft.server.log.segment.size.max = 1048576 (custom)
2019-09-25 05:52:26,554 [pool-37-thread-1] INFO  server.RaftServerConfigKeys (ConfUtils.java:logGet(43)) - raft.server.log.segment.cache.num.max = 2 (custom)
2019-09-25 05:52:26,554 [pool-37-thread-1] INFO  segmented.SegmentedRaftLogWorker (SegmentedRaftLogWorker.java:<init>(172)) - new 5be219b2-97fd-4a8c-91ea-b15aa89454d4@group-E669D28F0EF2-SegmentedRaftLogWorker for RaftStorage:Storage Directory /workdir/hadoop-ozone/integration-test/target/test-dir/MiniOzoneClusterImpl-5fae48a0-8517-4c16-9d39-4001697b8772/datanode-1/data/ratis/183c57ca-d7d0-4656-9bc0-e669d28f0ef2
2019-09-25 05:52:26,559 [pool-37-thread-1] INFO  server.RaftServerConfigKeys (ConfUtils.java:logGet(43)) - raft.server.log.queue.byte-limit = 2147483647 (custom)
2019-09-25 05:52:26,559 [pool-37-thread-1] INFO  server.RaftServerConfigKeys (ConfUtils.java:logGet(43)) - raft.server.log.queue.element-limit = 1024 (custom)
2019-09-25 05:52:26,560 [pool-37-thread-1] INFO  server.RaftServerConfigKeys (ConfUtils.java:logGet(43)) - raft.server.log.segment.size.max = 1048576 (custom)
2019-09-25 05:52:26,560 [pool-37-thread-1] INFO  server.RaftServerConfigKeys (ConfUtils.java:logGet(43)) - raft.server.log.preallocated.size = 16384 (custom)
2019-09-25 05:52:26,560 [pool-37-thread-1] INFO  server.RaftServerConfigKeys (ConfUtils.java:logGet(43)) - raft.server.log.write.buffer.size = 33554432 (custom)
2019-09-25 05:52:26,560 [pool-37-thread-1] INFO  server.RaftServerConfigKeys (ConfUtils.java:logGet(43)) - raft.server.log.force.sync.num = 128 (default)
2019-09-25 05:52:26,560 [pool-37-thread-1] INFO  server.RaftServerConfigKeys (ConfUtils.java:logGet(43)) - raft.server.log.statemachine.data.sync = true (default)
2019-09-25 05:52:26,561 [pool-37-thread-1] INFO  server.RaftServerConfigKeys (ConfUtils.java:logGet(43)) - raft.server.log.statemachine.data.sync.timeout = 10s (default)
2019-09-25 05:52:26,561 [pool-37-thread-1] INFO  server.RaftServerConfigKeys (ConfUtils.java:logGet(43)) - raft.server.log.statemachine.data.sync.timeout.retry = -1 (default)
2019-09-25 05:52:26,561 [pool-37-thread-1] INFO  server.RaftServerConfigKeys (ConfUtils.java:logGet(43)) - raft.server.log.statemachine.data.caching.enabled = true (custom)
2019-09-25 05:52:26,561 [pool-37-thread-1] INFO  segmented.SegmentedRaftLogWorker (SegmentedRaftLogWorker.java:lambda$new$0(132)) - 5be219b2-97fd-4a8c-91ea-b15aa89454d4@group-E669D28F0EF2-SegmentedRaftLogWorker: flushIndex: setUnconditionally 0 -> -1
2019-09-25 05:52:26,562 [pool-37-thread-1] INFO  server.RaftServerConfigKeys (ConfUtils.java:logGet(43)) - raft.server.snapshot.auto.trigger.enabled = true (custom)
2019-09-25 05:52:26,562 [pool-37-thread-1] INFO  server.RaftServerConfigKeys (ConfUtils.java:logGet(43)) - raft.server.snapshot.auto.trigger.threshold = 10000 (custom)
2019-09-25 05:52:26,562 [pool-37-thread-1] INFO  server.RaftServerConfigKeys (ConfUtils.java:logGet(43)) - raft.server.snapshot.retention.num.files = 5 (custom)
2019-09-25 05:52:26,562 [pool-37-thread-1] INFO  server.RaftServerConfigKeys (ConfUtils.java:logGet(43)) - raft.server.retrycache.expirytime = 600000ms (custom)
2019-09-25 05:52:26,565 [pool-37-thread-1] INFO  impl.RaftServerImpl (RaftServerImpl.java:start(185)) - 5be219b2-97fd-4a8c-91ea-b15aa89454d4@group-E669D28F0EF2: start as a follower, conf=-1: [5be219b2-97fd-4a8c-91ea-b15aa89454d4:192.168.30.10:40625], old=null
2019-09-25 05:52:26,566 [pool-37-thread-1] INFO  impl.RaftServerImpl (RaftServerImpl.java:setRole(174)) - 5be219b2-97fd-4a8c-91ea-b15aa89454d4@group-E669D28F0EF2: changes role from      null to FOLLOWER at term 0 for startAsFollower
2019-09-25 05:52:26,566 [pool-37-thread-1] INFO  impl.RoleInfo (RoleInfo.java:updateAndGet(143)) - 5be219b2-97fd-4a8c-91ea-b15aa89454d4: start FollowerState
2019-09-25 05:52:26,567 [pool-37-thread-1] INFO  util.JmxRegister (JmxRegister.java:tryRegister(44)) - Successfully registered JMX Bean with object name Ratis:service=RaftServer,group=group-E669D28F0EF2,id=5be219b2-97fd-4a8c-91ea-b15aa89454d4
2019-09-25 05:52:26,578 [RatisPipelineUtilsThread] INFO  pipeline.PipelineStateManager (PipelineStateManager.java:addPipeline(56)) - Created pipeline Pipeline[ Id: 183c57ca-d7d0-4656-9bc0-e669d28f0ef2, Nodes: 5be219b2-97fd-4a8c-91ea-b15aa89454d4{ip: 192.168.30.10, host: pr-hdds-1569-s62bp-3040748787, networkLocation: /default-rack, certSerialId: null}, Type:RATIS, Factor:ONE, State:OPEN]
2019-09-25 05:52:26,590 [grpc-default-executor-0] INFO  impl.RaftServerProxy (RaftServerProxy.java:addNew(89)) - 0bbc1277-be6f-4bf3-88cf-1c3b12e139ad: addNew group-FEF03A2DA20A:[0bbc1277-be6f-4bf3-88cf-1c3b12e139ad:192.168.30.10:46701] returns group-FEF03A2DA20A:java.util.concurrent.CompletableFuture@31deed52[Not completed]
2019-09-25 05:52:26,605 [pool-27-thread-1] INFO  impl.RaftServerImpl (RaftServerImpl.java:<init>(95)) - 0bbc1277-be6f-4bf3-88cf-1c3b12e139ad: new RaftServerImpl for group-FEF03A2DA20A:[0bbc1277-be6f-4bf3-88cf-1c3b12e139ad:192.168.30.10:46701] with ContainerStateMachine:uninitialized
2019-09-25 05:52:26,605 [pool-27-thread-1] INFO  server.RaftServerConfigKeys (ConfUtils.java:logGet(43)) - raft.server.rpc.timeout.min = 5s (custom)
2019-09-25 05:52:26,606 [pool-27-thread-1] INFO  server.RaftServerConfigKeys (ConfUtils.java:logGet(43)) - raft.server.rpc.timeout.max = 5200ms (custom)
2019-09-25 05:52:26,606 [pool-27-thread-1] INFO  server.RaftServerConfigKeys (ConfUtils.java:logGet(43)) - raft.server.rpcslowness.timeout = 120s (custom)
2019-09-25 05:52:26,606 [pool-27-thread-1] INFO  server.RaftServerConfigKeys (ConfUtils.java:logGet(43)) - raft.server.sleep.deviation.threshold = 300 (default)
2019-09-25 05:52:26,606 [pool-27-thread-1] INFO  server.RaftServerConfigKeys (ConfUtils.java:logGet(43)) - raft.server.log.appender.install.snapshot.enabled = false (custom)
2019-09-25 05:52:26,606 [pool-27-thread-1] INFO  impl.RaftServerImpl (ServerState.java:<init>(103)) - 0bbc1277-be6f-4bf3-88cf-1c3b12e139ad@group-FEF03A2DA20A: ConfigurationManager, init=-1: [0bbc1277-be6f-4bf3-88cf-1c3b12e139ad:192.168.30.10:46701], old=null, confs=<EMPTY_MAP>
2019-09-25 05:52:26,606 [pool-27-thread-1] INFO  server.RaftServerConfigKeys (ConfUtils.java:logGet(43)) - raft.server.storage.dir = [/workdir/hadoop-ozone/integration-test/target/test-dir/MiniOzoneClusterImpl-5fae48a0-8517-4c16-9d39-4001697b8772/datanode-0/data/ratis] (custom)
2019-09-25 05:52:26,607 [pool-27-thread-1] INFO  storage.RaftStorageDirectory (RaftStorageDirectory.java:analyzeStorage(246)) - The storage directory /workdir/hadoop-ozone/integration-test/target/test-dir/MiniOzoneClusterImpl-5fae48a0-8517-4c16-9d39-4001697b8772/datanode-0/data/ratis/7da2d305-9cb8-4c4c-820e-fef03a2da20a does not exist. Creating ...
2019-09-25 05:52:26,619 [pool-27-thread-1] INFO  storage.RaftStorageDirectory (RaftStorageDirectory.java:tryLock(328)) - Lock on /workdir/hadoop-ozone/integration-test/target/test-dir/MiniOzoneClusterImpl-5fae48a0-8517-4c16-9d39-4001697b8772/datanode-0/data/ratis/7da2d305-9cb8-4c4c-820e-fef03a2da20a/in_use.lock acquired by nodename 25594@pr-hdds-1569-s62bp-3040748787
2019-09-25 05:52:26,631 [pool-27-thread-1] INFO  storage.RaftStorage (RaftStorage.java:format(72)) - Storage directory /workdir/hadoop-ozone/integration-test/target/test-dir/MiniOzoneClusterImpl-5fae48a0-8517-4c16-9d39-4001697b8772/datanode-0/data/ratis/7da2d305-9cb8-4c4c-820e-fef03a2da20a has been successfully formatted.
2019-09-25 05:52:26,632 [pool-27-thread-1] INFO  ratis.ContainerStateMachine (ContainerStateMachine.java:loadSnapshot(230)) - group-FEF03A2DA20A: The snapshot info is null. Setting the last applied indexto:(t:0, i:~)
2019-09-25 05:52:26,632 [pool-27-thread-1] INFO  server.RaftServerConfigKeys (ConfUtils.java:logGet(43)) - raft.server.notification.no-leader.timeout = 120s (custom)
2019-09-25 05:52:26,632 [pool-27-thread-1] INFO  server.RaftServerConfigKeys (ConfUtils.java:logGet(43)) - raft.server.log.use.memory = false (default)
2019-09-25 05:52:26,632 [pool-27-thread-1] INFO  server.RaftServerConfigKeys (ConfUtils.java:logGet(43)) - raft.server.log.purge.gap = 1000000 (custom)
2019-09-25 05:52:26,632 [pool-27-thread-1] INFO  server.RaftServerConfigKeys (ConfUtils.java:logGet(43)) - raft.server.log.appender.buffer.byte-limit = 33554432 (custom)
2019-09-25 05:52:26,632 [pool-27-thread-1] INFO  server.RaftServerConfigKeys (ConfUtils.java:logGet(43)) - raft.server.log.segment.size.max = 1048576 (custom)
2019-09-25 05:52:26,633 [pool-27-thread-1] INFO  server.RaftServerConfigKeys (ConfUtils.java:logGet(43)) - raft.server.log.segment.cache.num.max = 2 (custom)
2019-09-25 05:52:26,633 [pool-27-thread-1] INFO  segmented.SegmentedRaftLogWorker (SegmentedRaftLogWorker.java:<init>(172)) - new 0bbc1277-be6f-4bf3-88cf-1c3b12e139ad@group-FEF03A2DA20A-SegmentedRaftLogWorker for RaftStorage:Storage Directory /workdir/hadoop-ozone/integration-test/target/test-dir/MiniOzoneClusterImpl-5fae48a0-8517-4c16-9d39-4001697b8772/datanode-0/data/ratis/7da2d305-9cb8-4c4c-820e-fef03a2da20a
2019-09-25 05:52:26,633 [pool-27-thread-1] INFO  server.RaftServerConfigKeys (ConfUtils.java:logGet(43)) - raft.server.log.queue.byte-limit = 2147483647 (custom)
2019-09-25 05:52:26,633 [pool-27-thread-1] INFO  server.RaftServerConfigKeys (ConfUtils.java:logGet(43)) - raft.server.log.queue.element-limit = 1024 (custom)
2019-09-25 05:52:26,633 [pool-27-thread-1] INFO  server.RaftServerConfigKeys (ConfUtils.java:logGet(43)) - raft.server.log.segment.size.max = 1048576 (custom)
2019-09-25 05:52:26,633 [pool-27-thread-1] INFO  server.RaftServerConfigKeys (ConfUtils.java:logGet(43)) - raft.server.log.preallocated.size = 16384 (custom)
2019-09-25 05:52:26,633 [pool-27-thread-1] INFO  server.RaftServerConfigKeys (ConfUtils.java:logGet(43)) - raft.server.log.write.buffer.size = 33554432 (custom)
2019-09-25 05:52:26,634 [pool-27-thread-1] INFO  server.RaftServerConfigKeys (ConfUtils.java:logGet(43)) - raft.server.log.force.sync.num = 128 (default)
2019-09-25 05:52:26,634 [pool-27-thread-1] INFO  server.RaftServerConfigKeys (ConfUtils.java:logGet(43)) - raft.server.log.statemachine.data.sync = true (default)
2019-09-25 05:52:26,634 [pool-27-thread-1] INFO  server.RaftServerConfigKeys (ConfUtils.java:logGet(43)) - raft.server.log.statemachine.data.sync.timeout = 10s (default)
2019-09-25 05:52:26,634 [pool-27-thread-1] INFO  server.RaftServerConfigKeys (ConfUtils.java:logGet(43)) - raft.server.log.statemachine.data.sync.timeout.retry = -1 (default)
2019-09-25 05:52:26,634 [pool-27-thread-1] INFO  server.RaftServerConfigKeys (ConfUtils.java:logGet(43)) - raft.server.log.statemachine.data.caching.enabled = true (custom)
2019-09-25 05:52:26,634 [pool-27-thread-1] INFO  segmented.SegmentedRaftLogWorker (SegmentedRaftLogWorker.java:lambda$new$0(132)) - 0bbc1277-be6f-4bf3-88cf-1c3b12e139ad@group-FEF03A2DA20A-SegmentedRaftLogWorker: flushIndex: setUnconditionally 0 -> -1
2019-09-25 05:52:26,635 [pool-27-thread-1] INFO  server.RaftServerConfigKeys (ConfUtils.java:logGet(43)) - raft.server.snapshot.auto.trigger.enabled = true (custom)
2019-09-25 05:52:26,635 [pool-27-thread-1] INFO  server.RaftServerConfigKeys (ConfUtils.java:logGet(43)) - raft.server.snapshot.auto.trigger.threshold = 10000 (custom)
2019-09-25 05:52:26,635 [pool-27-thread-1] INFO  server.RaftServerConfigKeys (ConfUtils.java:logGet(43)) - raft.server.snapshot.retention.num.files = 5 (custom)
2019-09-25 05:52:26,635 [pool-27-thread-1] INFO  server.RaftServerConfigKeys (ConfUtils.java:logGet(43)) - raft.server.retrycache.expirytime = 600000ms (custom)
2019-09-25 05:52:26,651 [pool-27-thread-1] INFO  impl.RaftServerImpl (RaftServerImpl.java:start(185)) - 0bbc1277-be6f-4bf3-88cf-1c3b12e139ad@group-FEF03A2DA20A: start as a follower, conf=-1: [0bbc1277-be6f-4bf3-88cf-1c3b12e139ad:192.168.30.10:46701], old=null
2019-09-25 05:52:26,652 [pool-27-thread-1] INFO  impl.RaftServerImpl (RaftServerImpl.java:setRole(174)) - 0bbc1277-be6f-4bf3-88cf-1c3b12e139ad@group-FEF03A2DA20A: changes role from      null to FOLLOWER at term 0 for startAsFollower
2019-09-25 05:52:26,652 [pool-27-thread-1] INFO  impl.RoleInfo (RoleInfo.java:updateAndGet(143)) - 0bbc1277-be6f-4bf3-88cf-1c3b12e139ad: start FollowerState
2019-09-25 05:52:26,653 [pool-27-thread-1] INFO  util.JmxRegister (JmxRegister.java:tryRegister(44)) - Successfully registered JMX Bean with object name Ratis:service=RaftServer,group=group-FEF03A2DA20A,id=0bbc1277-be6f-4bf3-88cf-1c3b12e139ad
2019-09-25 05:52:26,661 [RatisPipelineUtilsThread] INFO  pipeline.PipelineStateManager (PipelineStateManager.java:addPipeline(56)) - Created pipeline Pipeline[ Id: 7da2d305-9cb8-4c4c-820e-fef03a2da20a, Nodes: 0bbc1277-be6f-4bf3-88cf-1c3b12e139ad{ip: 192.168.30.10, host: pr-hdds-1569-s62bp-3040748787, networkLocation: /default-rack, certSerialId: null}, Type:RATIS, Factor:ONE, State:OPEN]
2019-09-25 05:52:26,674 [grpc-default-executor-0] INFO  impl.RaftServerProxy (RaftServerProxy.java:addNew(89)) - 754f3588-47e6-41ad-b34e-eb7041cce070: addNew group-C0E132CB8A45:[754f3588-47e6-41ad-b34e-eb7041cce070:192.168.30.10:41089] returns group-C0E132CB8A45:java.util.concurrent.CompletableFuture@6ab183d9[Not completed]
2019-09-25 05:52:26,676 [pool-47-thread-1] INFO  impl.RaftServerImpl (RaftServerImpl.java:<init>(95)) - 754f3588-47e6-41ad-b34e-eb7041cce070: new RaftServerImpl for group-C0E132CB8A45:[754f3588-47e6-41ad-b34e-eb7041cce070:192.168.30.10:41089] with ContainerStateMachine:uninitialized
2019-09-25 05:52:26,677 [pool-47-thread-1] INFO  server.RaftServerConfigKeys (ConfUtils.java:logGet(43)) - raft.server.rpc.timeout.min = 5s (custom)
2019-09-25 05:52:26,677 [pool-47-thread-1] INFO  server.RaftServerConfigKeys (ConfUtils.java:logGet(43)) - raft.server.rpc.timeout.max = 5200ms (custom)
2019-09-25 05:52:26,678 [pool-47-thread-1] INFO  server.RaftServerConfigKeys (ConfUtils.java:logGet(43)) - raft.server.rpcslowness.timeout = 120s (custom)
2019-09-25 05:52:26,678 [pool-47-thread-1] INFO  server.RaftServerConfigKeys (ConfUtils.java:logGet(43)) - raft.server.sleep.deviation.threshold = 300 (default)
2019-09-25 05:52:26,678 [pool-47-thread-1] INFO  server.RaftServerConfigKeys (ConfUtils.java:logGet(43)) - raft.server.log.appender.install.snapshot.enabled = false (custom)
2019-09-25 05:52:26,678 [pool-47-thread-1] INFO  impl.RaftServerImpl (ServerState.java:<init>(103)) - 754f3588-47e6-41ad-b34e-eb7041cce070@group-C0E132CB8A45: ConfigurationManager, init=-1: [754f3588-47e6-41ad-b34e-eb7041cce070:192.168.30.10:41089], old=null, confs=<EMPTY_MAP>
2019-09-25 05:52:26,679 [pool-47-thread-1] INFO  server.RaftServerConfigKeys (ConfUtils.java:logGet(43)) - raft.server.storage.dir = [/workdir/hadoop-ozone/integration-test/target/test-dir/MiniOzoneClusterImpl-5fae48a0-8517-4c16-9d39-4001697b8772/datanode-2/data/ratis] (custom)
2019-09-25 05:52:26,679 [pool-47-thread-1] INFO  storage.RaftStorageDirectory (RaftStorageDirectory.java:analyzeStorage(246)) - The storage directory /workdir/hadoop-ozone/integration-test/target/test-dir/MiniOzoneClusterImpl-5fae48a0-8517-4c16-9d39-4001697b8772/datanode-2/data/ratis/06022dbd-f4e4-48cf-ac85-c0e132cb8a45 does not exist. Creating ...
2019-09-25 05:52:26,692 [pool-47-thread-1] INFO  storage.RaftStorageDirectory (RaftStorageDirectory.java:tryLock(328)) - Lock on /workdir/hadoop-ozone/integration-test/target/test-dir/MiniOzoneClusterImpl-5fae48a0-8517-4c16-9d39-4001697b8772/datanode-2/data/ratis/06022dbd-f4e4-48cf-ac85-c0e132cb8a45/in_use.lock acquired by nodename 25594@pr-hdds-1569-s62bp-3040748787
2019-09-25 05:52:26,715 [pool-47-thread-1] INFO  storage.RaftStorage (RaftStorage.java:format(72)) - Storage directory /workdir/hadoop-ozone/integration-test/target/test-dir/MiniOzoneClusterImpl-5fae48a0-8517-4c16-9d39-4001697b8772/datanode-2/data/ratis/06022dbd-f4e4-48cf-ac85-c0e132cb8a45 has been successfully formatted.
2019-09-25 05:52:26,716 [pool-47-thread-1] INFO  ratis.ContainerStateMachine (ContainerStateMachine.java:loadSnapshot(230)) - group-C0E132CB8A45: The snapshot info is null. Setting the last applied indexto:(t:0, i:~)
2019-09-25 05:52:26,716 [pool-47-thread-1] INFO  server.RaftServerConfigKeys (ConfUtils.java:logGet(43)) - raft.server.notification.no-leader.timeout = 120s (custom)
2019-09-25 05:52:26,716 [pool-47-thread-1] INFO  server.RaftServerConfigKeys (ConfUtils.java:logGet(43)) - raft.server.log.use.memory = false (default)
2019-09-25 05:52:26,716 [pool-47-thread-1] INFO  server.RaftServerConfigKeys (ConfUtils.java:logGet(43)) - raft.server.log.purge.gap = 1000000 (custom)
2019-09-25 05:52:26,716 [pool-47-thread-1] INFO  server.RaftServerConfigKeys (ConfUtils.java:logGet(43)) - raft.server.log.appender.buffer.byte-limit = 33554432 (custom)
2019-09-25 05:52:26,717 [pool-47-thread-1] INFO  server.RaftServerConfigKeys (ConfUtils.java:logGet(43)) - raft.server.log.segment.size.max = 1048576 (custom)
2019-09-25 05:52:26,717 [pool-47-thread-1] INFO  server.RaftServerConfigKeys (ConfUtils.java:logGet(43)) - raft.server.log.segment.cache.num.max = 2 (custom)
2019-09-25 05:52:26,717 [pool-47-thread-1] INFO  segmented.SegmentedRaftLogWorker (SegmentedRaftLogWorker.java:<init>(172)) - new 754f3588-47e6-41ad-b34e-eb7041cce070@group-C0E132CB8A45-SegmentedRaftLogWorker for RaftStorage:Storage Directory /workdir/hadoop-ozone/integration-test/target/test-dir/MiniOzoneClusterImpl-5fae48a0-8517-4c16-9d39-4001697b8772/datanode-2/data/ratis/06022dbd-f4e4-48cf-ac85-c0e132cb8a45
2019-09-25 05:52:26,722 [pool-47-thread-1] INFO  server.RaftServerConfigKeys (ConfUtils.java:logGet(43)) - raft.server.log.queue.byte-limit = 2147483647 (custom)
2019-09-25 05:52:26,722 [pool-47-thread-1] INFO  server.RaftServerConfigKeys (ConfUtils.java:logGet(43)) - raft.server.log.queue.element-limit = 1024 (custom)
2019-09-25 05:52:26,723 [pool-47-thread-1] INFO  server.RaftServerConfigKeys (ConfUtils.java:logGet(43)) - raft.server.log.segment.size.max = 1048576 (custom)
2019-09-25 05:52:26,723 [pool-47-thread-1] INFO  server.RaftServerConfigKeys (ConfUtils.java:logGet(43)) - raft.server.log.preallocated.size = 16384 (custom)
2019-09-25 05:52:26,723 [pool-47-thread-1] INFO  server.RaftServerConfigKeys (ConfUtils.java:logGet(43)) - raft.server.log.write.buffer.size = 33554432 (custom)
2019-09-25 05:52:26,723 [pool-47-thread-1] INFO  server.RaftServerConfigKeys (ConfUtils.java:logGet(43)) - raft.server.log.force.sync.num = 128 (default)
2019-09-25 05:52:26,723 [pool-47-thread-1] INFO  server.RaftServerConfigKeys (ConfUtils.java:logGet(43)) - raft.server.log.statemachine.data.sync = true (default)
2019-09-25 05:52:26,724 [pool-47-thread-1] INFO  server.RaftServerConfigKeys (ConfUtils.java:logGet(43)) - raft.server.log.statemachine.data.sync.timeout = 10s (default)
2019-09-25 05:52:26,724 [pool-47-thread-1] INFO  server.RaftServerConfigKeys (ConfUtils.java:logGet(43)) - raft.server.log.statemachine.data.sync.timeout.retry = -1 (default)
2019-09-25 05:52:26,724 [pool-47-thread-1] INFO  server.RaftServerConfigKeys (ConfUtils.java:logGet(43)) - raft.server.log.statemachine.data.caching.enabled = true (custom)
2019-09-25 05:52:26,725 [pool-47-thread-1] INFO  segmented.SegmentedRaftLogWorker (SegmentedRaftLogWorker.java:lambda$new$0(132)) - 754f3588-47e6-41ad-b34e-eb7041cce070@group-C0E132CB8A45-SegmentedRaftLogWorker: flushIndex: setUnconditionally 0 -> -1
2019-09-25 05:52:26,725 [pool-47-thread-1] INFO  server.RaftServerConfigKeys (ConfUtils.java:logGet(43)) - raft.server.snapshot.auto.trigger.enabled = true (custom)
2019-09-25 05:52:26,725 [pool-47-thread-1] INFO  server.RaftServerConfigKeys (ConfUtils.java:logGet(43)) - raft.server.snapshot.auto.trigger.threshold = 10000 (custom)
2019-09-25 05:52:26,725 [pool-47-thread-1] INFO  server.RaftServerConfigKeys (ConfUtils.java:logGet(43)) - raft.server.snapshot.retention.num.files = 5 (custom)
2019-09-25 05:52:26,726 [pool-47-thread-1] INFO  server.RaftServerConfigKeys (ConfUtils.java:logGet(43)) - raft.server.retrycache.expirytime = 600000ms (custom)
2019-09-25 05:52:26,730 [pool-47-thread-1] INFO  impl.RaftServerImpl (RaftServerImpl.java:start(185)) - 754f3588-47e6-41ad-b34e-eb7041cce070@group-C0E132CB8A45: start as a follower, conf=-1: [754f3588-47e6-41ad-b34e-eb7041cce070:192.168.30.10:41089], old=null
2019-09-25 05:52:26,730 [pool-47-thread-1] INFO  impl.RaftServerImpl (RaftServerImpl.java:setRole(174)) - 754f3588-47e6-41ad-b34e-eb7041cce070@group-C0E132CB8A45: changes role from      null to FOLLOWER at term 0 for startAsFollower
2019-09-25 05:52:26,731 [pool-47-thread-1] INFO  impl.RoleInfo (RoleInfo.java:updateAndGet(143)) - 754f3588-47e6-41ad-b34e-eb7041cce070: start FollowerState
2019-09-25 05:52:26,731 [pool-47-thread-1] INFO  util.JmxRegister (JmxRegister.java:tryRegister(44)) - Successfully registered JMX Bean with object name Ratis:service=RaftServer,group=group-C0E132CB8A45,id=754f3588-47e6-41ad-b34e-eb7041cce070
2019-09-25 05:52:26,742 [RatisPipelineUtilsThread] INFO  pipeline.PipelineStateManager (PipelineStateManager.java:addPipeline(56)) - Created pipeline Pipeline[ Id: 06022dbd-f4e4-48cf-ac85-c0e132cb8a45, Nodes: 754f3588-47e6-41ad-b34e-eb7041cce070{ip: 192.168.30.10, host: pr-hdds-1569-s62bp-3040748787, networkLocation: /default-rack, certSerialId: null}, Type:RATIS, Factor:ONE, State:OPEN]
2019-09-25 05:52:26,757 [grpc-default-executor-0] INFO  impl.RaftServerProxy (RaftServerProxy.java:addNew(89)) - 0bbc1277-be6f-4bf3-88cf-1c3b12e139ad: addNew group-A7F9D521FD78:[0bbc1277-be6f-4bf3-88cf-1c3b12e139ad:192.168.30.10:46701] returns group-A7F9D521FD78:java.util.concurrent.CompletableFuture@5d4155ca[Not completed]
2019-09-25 05:52:26,763 [pool-27-thread-1] INFO  impl.RaftServerImpl (RaftServerImpl.java:<init>(95)) - 0bbc1277-be6f-4bf3-88cf-1c3b12e139ad: new RaftServerImpl for group-A7F9D521FD78:[0bbc1277-be6f-4bf3-88cf-1c3b12e139ad:192.168.30.10:46701] with ContainerStateMachine:uninitialized
2019-09-25 05:52:26,763 [pool-27-thread-1] INFO  server.RaftServerConfigKeys (ConfUtils.java:logGet(43)) - raft.server.rpc.timeout.min = 5s (custom)
2019-09-25 05:52:26,763 [pool-27-thread-1] INFO  server.RaftServerConfigKeys (ConfUtils.java:logGet(43)) - raft.server.rpc.timeout.max = 5200ms (custom)
2019-09-25 05:52:26,763 [pool-27-thread-1] INFO  server.RaftServerConfigKeys (ConfUtils.java:logGet(43)) - raft.server.rpcslowness.timeout = 120s (custom)
2019-09-25 05:52:26,763 [pool-27-thread-1] INFO  server.RaftServerConfigKeys (ConfUtils.java:logGet(43)) - raft.server.sleep.deviation.threshold = 300 (default)
2019-09-25 05:52:26,764 [pool-27-thread-1] INFO  server.RaftServerConfigKeys (ConfUtils.java:logGet(43)) - raft.server.log.appender.install.snapshot.enabled = false (custom)
2019-09-25 05:52:26,764 [pool-27-thread-1] INFO  impl.RaftServerImpl (ServerState.java:<init>(103)) - 0bbc1277-be6f-4bf3-88cf-1c3b12e139ad@group-A7F9D521FD78: ConfigurationManager, init=-1: [0bbc1277-be6f-4bf3-88cf-1c3b12e139ad:192.168.30.10:46701], old=null, confs=<EMPTY_MAP>
2019-09-25 05:52:26,764 [pool-27-thread-1] INFO  server.RaftServerConfigKeys (ConfUtils.java:logGet(43)) - raft.server.storage.dir = [/workdir/hadoop-ozone/integration-test/target/test-dir/MiniOzoneClusterImpl-5fae48a0-8517-4c16-9d39-4001697b8772/datanode-0/data/ratis] (custom)
2019-09-25 05:52:26,764 [pool-27-thread-1] INFO  storage.RaftStorageDirectory (RaftStorageDirectory.java:analyzeStorage(246)) - The storage directory /workdir/hadoop-ozone/integration-test/target/test-dir/MiniOzoneClusterImpl-5fae48a0-8517-4c16-9d39-4001697b8772/datanode-0/data/ratis/fb087989-8f01-456c-a32b-a7f9d521fd78 does not exist. Creating ...
2019-09-25 05:52:26,778 [pool-27-thread-1] INFO  storage.RaftStorageDirectory (RaftStorageDirectory.java:tryLock(328)) - Lock on /workdir/hadoop-ozone/integration-test/target/test-dir/MiniOzoneClusterImpl-5fae48a0-8517-4c16-9d39-4001697b8772/datanode-0/data/ratis/fb087989-8f01-456c-a32b-a7f9d521fd78/in_use.lock acquired by nodename 25594@pr-hdds-1569-s62bp-3040748787
2019-09-25 05:52:26,791 [pool-27-thread-1] INFO  storage.RaftStorage (RaftStorage.java:format(72)) - Storage directory /workdir/hadoop-ozone/integration-test/target/test-dir/MiniOzoneClusterImpl-5fae48a0-8517-4c16-9d39-4001697b8772/datanode-0/data/ratis/fb087989-8f01-456c-a32b-a7f9d521fd78 has been successfully formatted.
2019-09-25 05:52:26,791 [pool-27-thread-1] INFO  ratis.ContainerStateMachine (ContainerStateMachine.java:loadSnapshot(230)) - group-A7F9D521FD78: The snapshot info is null. Setting the last applied indexto:(t:0, i:~)
2019-09-25 05:52:26,791 [main] INFO  ozone.MiniOzoneClusterImpl (MiniOzoneClusterImpl.java:lambda$waitForClusterToBeReady$0(147)) - Cluster is ready. Got 3 of 3 DN Heartbeats.
2019-09-25 05:52:26,791 [pool-27-thread-1] INFO  server.RaftServerConfigKeys (ConfUtils.java:logGet(43)) - raft.server.notification.no-leader.timeout = 120s (custom)
2019-09-25 05:52:26,792 [pool-27-thread-1] INFO  server.RaftServerConfigKeys (ConfUtils.java:logGet(43)) - raft.server.log.use.memory = false (default)
2019-09-25 05:52:26,792 [pool-27-thread-1] INFO  server.RaftServerConfigKeys (ConfUtils.java:logGet(43)) - raft.server.log.purge.gap = 1000000 (custom)
2019-09-25 05:52:26,792 [pool-27-thread-1] INFO  server.RaftServerConfigKeys (ConfUtils.java:logGet(43)) - raft.server.log.appender.buffer.byte-limit = 33554432 (custom)
2019-09-25 05:52:26,793 [pool-27-thread-1] INFO  server.RaftServerConfigKeys (ConfUtils.java:logGet(43)) - raft.server.log.segment.size.max = 1048576 (custom)
2019-09-25 05:52:26,793 [pool-27-thread-1] INFO  server.RaftServerConfigKeys (ConfUtils.java:logGet(43)) - raft.server.log.segment.cache.num.max = 2 (custom)
2019-09-25 05:52:26,793 [pool-27-thread-1] INFO  segmented.SegmentedRaftLogWorker (SegmentedRaftLogWorker.java:<init>(172)) - new 0bbc1277-be6f-4bf3-88cf-1c3b12e139ad@group-A7F9D521FD78-SegmentedRaftLogWorker for RaftStorage:Storage Directory /workdir/hadoop-ozone/integration-test/target/test-dir/MiniOzoneClusterImpl-5fae48a0-8517-4c16-9d39-4001697b8772/datanode-0/data/ratis/fb087989-8f01-456c-a32b-a7f9d521fd78
2019-09-25 05:52:26,793 [pool-27-thread-1] INFO  server.RaftServerConfigKeys (ConfUtils.java:logGet(43)) - raft.server.log.queue.byte-limit = 2147483647 (custom)
2019-09-25 05:52:26,794 [pool-27-thread-1] INFO  server.RaftServerConfigKeys (ConfUtils.java:logGet(43)) - raft.server.log.queue.element-limit = 1024 (custom)
2019-09-25 05:52:26,794 [pool-27-thread-1] INFO  server.RaftServerConfigKeys (ConfUtils.java:logGet(43)) - raft.server.log.segment.size.max = 1048576 (custom)
2019-09-25 05:52:26,794 [pool-27-thread-1] INFO  server.RaftServerConfigKeys (ConfUtils.java:logGet(43)) - raft.server.log.preallocated.size = 16384 (custom)
2019-09-25 05:52:26,794 [pool-27-thread-1] INFO  server.RaftServerConfigKeys (ConfUtils.java:logGet(43)) - raft.server.log.write.buffer.size = 33554432 (custom)
2019-09-25 05:52:26,794 [pool-27-thread-1] INFO  server.RaftServerConfigKeys (ConfUtils.java:logGet(43)) - raft.server.log.force.sync.num = 128 (default)
2019-09-25 05:52:26,795 [pool-27-thread-1] INFO  server.RaftServerConfigKeys (ConfUtils.java:logGet(43)) - raft.server.log.statemachine.data.sync = true (default)
2019-09-25 05:52:26,795 [pool-27-thread-1] INFO  server.RaftServerConfigKeys (ConfUtils.java:logGet(43)) - raft.server.log.statemachine.data.sync.timeout = 10s (default)
2019-09-25 05:52:26,795 [pool-27-thread-1] INFO  server.RaftServerConfigKeys (ConfUtils.java:logGet(43)) - raft.server.log.statemachine.data.sync.timeout.retry = -1 (default)
2019-09-25 05:52:26,795 [pool-27-thread-1] INFO  server.RaftServerConfigKeys (ConfUtils.java:logGet(43)) - raft.server.log.statemachine.data.caching.enabled = true (custom)
2019-09-25 05:52:26,796 [pool-27-thread-1] INFO  segmented.SegmentedRaftLogWorker (SegmentedRaftLogWorker.java:lambda$new$0(132)) - 0bbc1277-be6f-4bf3-88cf-1c3b12e139ad@group-A7F9D521FD78-SegmentedRaftLogWorker: flushIndex: setUnconditionally 0 -> -1
2019-09-25 05:52:26,796 [pool-27-thread-1] INFO  server.RaftServerConfigKeys (ConfUtils.java:logGet(43)) - raft.server.snapshot.auto.trigger.enabled = true (custom)
2019-09-25 05:52:26,797 [pool-27-thread-1] INFO  server.RaftServerConfigKeys (ConfUtils.java:logGet(43)) - raft.server.snapshot.auto.trigger.threshold = 10000 (custom)
2019-09-25 05:52:26,797 [pool-27-thread-1] INFO  server.RaftServerConfigKeys (ConfUtils.java:logGet(43)) - raft.server.snapshot.retention.num.files = 5 (custom)
2019-09-25 05:52:26,797 [pool-27-thread-1] INFO  server.RaftServerConfigKeys (ConfUtils.java:logGet(43)) - raft.server.retrycache.expirytime = 600000ms (custom)
2019-09-25 05:52:26,803 [pool-27-thread-1] INFO  impl.RaftServerImpl (RaftServerImpl.java:start(185)) - 0bbc1277-be6f-4bf3-88cf-1c3b12e139ad@group-A7F9D521FD78: start as a follower, conf=-1: [0bbc1277-be6f-4bf3-88cf-1c3b12e139ad:192.168.30.10:46701], old=null
2019-09-25 05:52:26,803 [pool-27-thread-1] INFO  impl.RaftServerImpl (RaftServerImpl.java:setRole(174)) - 0bbc1277-be6f-4bf3-88cf-1c3b12e139ad@group-A7F9D521FD78: changes role from      null to FOLLOWER at term 0 for startAsFollower
2019-09-25 05:52:26,803 [pool-27-thread-1] INFO  impl.RoleInfo (RoleInfo.java:updateAndGet(143)) - 0bbc1277-be6f-4bf3-88cf-1c3b12e139ad: start FollowerState
2019-09-25 05:52:26,804 [pool-27-thread-1] INFO  util.JmxRegister (JmxRegister.java:tryRegister(44)) - Successfully registered JMX Bean with object name Ratis:service=RaftServer,group=group-A7F9D521FD78,id=0bbc1277-be6f-4bf3-88cf-1c3b12e139ad
2019-09-25 05:52:26,815 [RatisPipelineUtilsThread] INFO  pipeline.PipelineStateManager (PipelineStateManager.java:addPipeline(56)) - Created pipeline Pipeline[ Id: fb087989-8f01-456c-a32b-a7f9d521fd78, Nodes: 0bbc1277-be6f-4bf3-88cf-1c3b12e139ad{ip: 192.168.30.10, host: pr-hdds-1569-s62bp-3040748787, networkLocation: /default-rack, certSerialId: null}, Type:RATIS, Factor:ONE, State:OPEN]
2019-09-25 05:52:26,836 [grpc-default-executor-0] INFO  impl.RaftServerProxy (RaftServerProxy.java:addNew(89)) - 754f3588-47e6-41ad-b34e-eb7041cce070: addNew group-71C80A7C5679:[754f3588-47e6-41ad-b34e-eb7041cce070:192.168.30.10:41089] returns group-71C80A7C5679:java.util.concurrent.CompletableFuture@30349fba[Not completed]
2019-09-25 05:52:26,838 [pool-47-thread-1] INFO  impl.RaftServerImpl (RaftServerImpl.java:<init>(95)) - 754f3588-47e6-41ad-b34e-eb7041cce070: new RaftServerImpl for group-71C80A7C5679:[754f3588-47e6-41ad-b34e-eb7041cce070:192.168.30.10:41089] with ContainerStateMachine:uninitialized
2019-09-25 05:52:26,838 [pool-47-thread-1] INFO  server.RaftServerConfigKeys (ConfUtils.java:logGet(43)) - raft.server.rpc.timeout.min = 5s (custom)
2019-09-25 05:52:26,838 [pool-47-thread-1] INFO  server.RaftServerConfigKeys (ConfUtils.java:logGet(43)) - raft.server.rpc.timeout.max = 5200ms (custom)
2019-09-25 05:52:26,839 [pool-47-thread-1] INFO  server.RaftServerConfigKeys (ConfUtils.java:logGet(43)) - raft.server.rpcslowness.timeout = 120s (custom)
2019-09-25 05:52:26,839 [pool-47-thread-1] INFO  server.RaftServerConfigKeys (ConfUtils.java:logGet(43)) - raft.server.sleep.deviation.threshold = 300 (default)
2019-09-25 05:52:26,839 [pool-47-thread-1] INFO  server.RaftServerConfigKeys (ConfUtils.java:logGet(43)) - raft.server.log.appender.install.snapshot.enabled = false (custom)
2019-09-25 05:52:26,839 [pool-47-thread-1] INFO  impl.RaftServerImpl (ServerState.java:<init>(103)) - 754f3588-47e6-41ad-b34e-eb7041cce070@group-71C80A7C5679: ConfigurationManager, init=-1: [754f3588-47e6-41ad-b34e-eb7041cce070:192.168.30.10:41089], old=null, confs=<EMPTY_MAP>
2019-09-25 05:52:26,840 [pool-47-thread-1] INFO  server.RaftServerConfigKeys (ConfUtils.java:logGet(43)) - raft.server.storage.dir = [/workdir/hadoop-ozone/integration-test/target/test-dir/MiniOzoneClusterImpl-5fae48a0-8517-4c16-9d39-4001697b8772/datanode-2/data/ratis] (custom)
2019-09-25 05:52:26,840 [pool-47-thread-1] INFO  storage.RaftStorageDirectory (RaftStorageDirectory.java:analyzeStorage(246)) - The storage directory /workdir/hadoop-ozone/integration-test/target/test-dir/MiniOzoneClusterImpl-5fae48a0-8517-4c16-9d39-4001697b8772/datanode-2/data/ratis/c7444765-418c-4901-96c9-71c80a7c5679 does not exist. Creating ...
2019-09-25 05:52:26,853 [pool-47-thread-1] INFO  storage.RaftStorageDirectory (RaftStorageDirectory.java:tryLock(328)) - Lock on /workdir/hadoop-ozone/integration-test/target/test-dir/MiniOzoneClusterImpl-5fae48a0-8517-4c16-9d39-4001697b8772/datanode-2/data/ratis/c7444765-418c-4901-96c9-71c80a7c5679/in_use.lock acquired by nodename 25594@pr-hdds-1569-s62bp-3040748787
2019-09-25 05:52:26,866 [pool-47-thread-1] INFO  storage.RaftStorage (RaftStorage.java:format(72)) - Storage directory /workdir/hadoop-ozone/integration-test/target/test-dir/MiniOzoneClusterImpl-5fae48a0-8517-4c16-9d39-4001697b8772/datanode-2/data/ratis/c7444765-418c-4901-96c9-71c80a7c5679 has been successfully formatted.
2019-09-25 05:52:26,867 [pool-47-thread-1] INFO  ratis.ContainerStateMachine (ContainerStateMachine.java:loadSnapshot(230)) - group-71C80A7C5679: The snapshot info is null. Setting the last applied indexto:(t:0, i:~)
2019-09-25 05:52:26,867 [pool-47-thread-1] INFO  server.RaftServerConfigKeys (ConfUtils.java:logGet(43)) - raft.server.notification.no-leader.timeout = 120s (custom)
2019-09-25 05:52:26,867 [pool-47-thread-1] INFO  server.RaftServerConfigKeys (ConfUtils.java:logGet(43)) - raft.server.log.use.memory = false (default)
2019-09-25 05:52:26,867 [pool-47-thread-1] INFO  server.RaftServerConfigKeys (ConfUtils.java:logGet(43)) - raft.server.log.purge.gap = 1000000 (custom)
2019-09-25 05:52:26,868 [pool-47-thread-1] INFO  server.RaftServerConfigKeys (ConfUtils.java:logGet(43)) - raft.server.log.appender.buffer.byte-limit = 33554432 (custom)
2019-09-25 05:52:26,868 [pool-47-thread-1] INFO  server.RaftServerConfigKeys (ConfUtils.java:logGet(43)) - raft.server.log.segment.size.max = 1048576 (custom)
2019-09-25 05:52:26,868 [pool-47-thread-1] INFO  server.RaftServerConfigKeys (ConfUtils.java:logGet(43)) - raft.server.log.segment.cache.num.max = 2 (custom)
2019-09-25 05:52:26,868 [pool-47-thread-1] INFO  segmented.SegmentedRaftLogWorker (SegmentedRaftLogWorker.java:<init>(172)) - new 754f3588-47e6-41ad-b34e-eb7041cce070@group-71C80A7C5679-SegmentedRaftLogWorker for RaftStorage:Storage Directory /workdir/hadoop-ozone/integration-test/target/test-dir/MiniOzoneClusterImpl-5fae48a0-8517-4c16-9d39-4001697b8772/datanode-2/data/ratis/c7444765-418c-4901-96c9-71c80a7c5679
2019-09-25 05:52:26,868 [pool-47-thread-1] INFO  server.RaftServerConfigKeys (ConfUtils.java:logGet(43)) - raft.server.log.queue.byte-limit = 2147483647 (custom)
2019-09-25 05:52:26,869 [pool-47-thread-1] INFO  server.RaftServerConfigKeys (ConfUtils.java:logGet(43)) - raft.server.log.queue.element-limit = 1024 (custom)
2019-09-25 05:52:26,869 [pool-47-thread-1] INFO  server.RaftServerConfigKeys (ConfUtils.java:logGet(43)) - raft.server.log.segment.size.max = 1048576 (custom)
2019-09-25 05:52:26,869 [pool-47-thread-1] INFO  server.RaftServerConfigKeys (ConfUtils.java:logGet(43)) - raft.server.log.preallocated.size = 16384 (custom)
2019-09-25 05:52:26,869 [pool-47-thread-1] INFO  server.RaftServerConfigKeys (ConfUtils.java:logGet(43)) - raft.server.log.write.buffer.size = 33554432 (custom)
2019-09-25 05:52:26,869 [pool-47-thread-1] INFO  server.RaftServerConfigKeys (ConfUtils.java:logGet(43)) - raft.server.log.force.sync.num = 128 (default)
2019-09-25 05:52:26,870 [pool-47-thread-1] INFO  server.RaftServerConfigKeys (ConfUtils.java:logGet(43)) - raft.server.log.statemachine.data.sync = true (default)
2019-09-25 05:52:26,870 [pool-47-thread-1] INFO  server.RaftServerConfigKeys (ConfUtils.java:logGet(43)) - raft.server.log.statemachine.data.sync.timeout = 10s (default)
2019-09-25 05:52:26,870 [pool-47-thread-1] INFO  server.RaftServerConfigKeys (ConfUtils.java:logGet(43)) - raft.server.log.statemachine.data.sync.timeout.retry = -1 (default)
2019-09-25 05:52:26,870 [pool-47-thread-1] INFO  server.RaftServerConfigKeys (ConfUtils.java:logGet(43)) - raft.server.log.statemachine.data.caching.enabled = true (custom)
2019-09-25 05:52:26,871 [pool-47-thread-1] INFO  segmented.SegmentedRaftLogWorker (SegmentedRaftLogWorker.java:lambda$new$0(132)) - 754f3588-47e6-41ad-b34e-eb7041cce070@group-71C80A7C5679-SegmentedRaftLogWorker: flushIndex: setUnconditionally 0 -> -1
2019-09-25 05:52:26,871 [pool-47-thread-1] INFO  server.RaftServerConfigKeys (ConfUtils.java:logGet(43)) - raft.server.snapshot.auto.trigger.enabled = true (custom)
2019-09-25 05:52:26,871 [pool-47-thread-1] INFO  server.RaftServerConfigKeys (ConfUtils.java:logGet(43)) - raft.server.snapshot.auto.trigger.threshold = 10000 (custom)
2019-09-25 05:52:26,872 [pool-47-thread-1] INFO  server.RaftServerConfigKeys (ConfUtils.java:logGet(43)) - raft.server.snapshot.retention.num.files = 5 (custom)
2019-09-25 05:52:26,872 [pool-47-thread-1] INFO  server.RaftServerConfigKeys (ConfUtils.java:logGet(43)) - raft.server.retrycache.expirytime = 600000ms (custom)
2019-09-25 05:52:26,876 [pool-47-thread-1] INFO  impl.RaftServerImpl (RaftServerImpl.java:start(185)) - 754f3588-47e6-41ad-b34e-eb7041cce070@group-71C80A7C5679: start as a follower, conf=-1: [754f3588-47e6-41ad-b34e-eb7041cce070:192.168.30.10:41089], old=null
2019-09-25 05:52:26,877 [pool-47-thread-1] INFO  impl.RaftServerImpl (RaftServerImpl.java:setRole(174)) - 754f3588-47e6-41ad-b34e-eb7041cce070@group-71C80A7C5679: changes role from      null to FOLLOWER at term 0 for startAsFollower
2019-09-25 05:52:26,877 [pool-47-thread-1] INFO  impl.RoleInfo (RoleInfo.java:updateAndGet(143)) - 754f3588-47e6-41ad-b34e-eb7041cce070: start FollowerState
2019-09-25 05:52:26,877 [pool-47-thread-1] INFO  util.JmxRegister (JmxRegister.java:tryRegister(44)) - Successfully registered JMX Bean with object name Ratis:service=RaftServer,group=group-71C80A7C5679,id=754f3588-47e6-41ad-b34e-eb7041cce070
2019-09-25 05:52:26,889 [RatisPipelineUtilsThread] INFO  pipeline.PipelineStateManager (PipelineStateManager.java:addPipeline(56)) - Created pipeline Pipeline[ Id: c7444765-418c-4901-96c9-71c80a7c5679, Nodes: 754f3588-47e6-41ad-b34e-eb7041cce070{ip: 192.168.30.10, host: pr-hdds-1569-s62bp-3040748787, networkLocation: /default-rack, certSerialId: null}, Type:RATIS, Factor:ONE, State:OPEN]
2019-09-25 05:52:26,902 [grpc-default-executor-0] INFO  impl.RaftServerProxy (RaftServerProxy.java:addNew(89)) - 754f3588-47e6-41ad-b34e-eb7041cce070: addNew group-D8B248088611:[754f3588-47e6-41ad-b34e-eb7041cce070:192.168.30.10:41089] returns group-D8B248088611:java.util.concurrent.CompletableFuture@51444a5b[Not completed]
2019-09-25 05:52:26,904 [pool-47-thread-1] INFO  impl.RaftServerImpl (RaftServerImpl.java:<init>(95)) - 754f3588-47e6-41ad-b34e-eb7041cce070: new RaftServerImpl for group-D8B248088611:[754f3588-47e6-41ad-b34e-eb7041cce070:192.168.30.10:41089] with ContainerStateMachine:uninitialized
2019-09-25 05:52:26,904 [pool-47-thread-1] INFO  server.RaftServerConfigKeys (ConfUtils.java:logGet(43)) - raft.server.rpc.timeout.min = 5s (custom)
2019-09-25 05:52:26,905 [pool-47-thread-1] INFO  server.RaftServerConfigKeys (ConfUtils.java:logGet(43)) - raft.server.rpc.timeout.max = 5200ms (custom)
2019-09-25 05:52:26,905 [pool-47-thread-1] INFO  server.RaftServerConfigKeys (ConfUtils.java:logGet(43)) - raft.server.rpcslowness.timeout = 120s (custom)
2019-09-25 05:52:26,905 [pool-47-thread-1] INFO  server.RaftServerConfigKeys (ConfUtils.java:logGet(43)) - raft.server.sleep.deviation.threshold = 300 (default)
2019-09-25 05:52:26,905 [pool-47-thread-1] INFO  server.RaftServerConfigKeys (ConfUtils.java:logGet(43)) - raft.server.log.appender.install.snapshot.enabled = false (custom)
2019-09-25 05:52:26,905 [pool-47-thread-1] INFO  impl.RaftServerImpl (ServerState.java:<init>(103)) - 754f3588-47e6-41ad-b34e-eb7041cce070@group-D8B248088611: ConfigurationManager, init=-1: [754f3588-47e6-41ad-b34e-eb7041cce070:192.168.30.10:41089], old=null, confs=<EMPTY_MAP>
2019-09-25 05:52:26,906 [pool-47-thread-1] INFO  server.RaftServerConfigKeys (ConfUtils.java:logGet(43)) - raft.server.storage.dir = [/workdir/hadoop-ozone/integration-test/target/test-dir/MiniOzoneClusterImpl-5fae48a0-8517-4c16-9d39-4001697b8772/datanode-2/data/ratis] (custom)
2019-09-25 05:52:26,906 [pool-47-thread-1] INFO  storage.RaftStorageDirectory (RaftStorageDirectory.java:analyzeStorage(246)) - The storage directory /workdir/hadoop-ozone/integration-test/target/test-dir/MiniOzoneClusterImpl-5fae48a0-8517-4c16-9d39-4001697b8772/datanode-2/data/ratis/2574fba4-4780-423a-afa6-d8b248088611 does not exist. Creating ...
2019-09-25 05:52:26,918 [pool-47-thread-1] INFO  storage.RaftStorageDirectory (RaftStorageDirectory.java:tryLock(328)) - Lock on /workdir/hadoop-ozone/integration-test/target/test-dir/MiniOzoneClusterImpl-5fae48a0-8517-4c16-9d39-4001697b8772/datanode-2/data/ratis/2574fba4-4780-423a-afa6-d8b248088611/in_use.lock acquired by nodename 25594@pr-hdds-1569-s62bp-3040748787
2019-09-25 05:52:26,932 [pool-47-thread-1] INFO  storage.RaftStorage (RaftStorage.java:format(72)) - Storage directory /workdir/hadoop-ozone/integration-test/target/test-dir/MiniOzoneClusterImpl-5fae48a0-8517-4c16-9d39-4001697b8772/datanode-2/data/ratis/2574fba4-4780-423a-afa6-d8b248088611 has been successfully formatted.
2019-09-25 05:52:26,932 [pool-47-thread-1] INFO  ratis.ContainerStateMachine (ContainerStateMachine.java:loadSnapshot(230)) - group-D8B248088611: The snapshot info is null. Setting the last applied indexto:(t:0, i:~)
2019-09-25 05:52:26,933 [pool-47-thread-1] INFO  server.RaftServerConfigKeys (ConfUtils.java:logGet(43)) - raft.server.notification.no-leader.timeout = 120s (custom)
2019-09-25 05:52:26,933 [pool-47-thread-1] INFO  server.RaftServerConfigKeys (ConfUtils.java:logGet(43)) - raft.server.log.use.memory = false (default)
2019-09-25 05:52:26,933 [pool-47-thread-1] INFO  server.RaftServerConfigKeys (ConfUtils.java:logGet(43)) - raft.server.log.purge.gap = 1000000 (custom)
2019-09-25 05:52:26,933 [pool-47-thread-1] INFO  server.RaftServerConfigKeys (ConfUtils.java:logGet(43)) - raft.server.log.appender.buffer.byte-limit = 33554432 (custom)
2019-09-25 05:52:26,933 [pool-47-thread-1] INFO  server.RaftServerConfigKeys (ConfUtils.java:logGet(43)) - raft.server.log.segment.size.max = 1048576 (custom)
2019-09-25 05:52:26,933 [pool-47-thread-1] INFO  server.RaftServerConfigKeys (ConfUtils.java:logGet(43)) - raft.server.log.segment.cache.num.max = 2 (custom)
2019-09-25 05:52:26,934 [pool-47-thread-1] INFO  segmented.SegmentedRaftLogWorker (SegmentedRaftLogWorker.java:<init>(172)) - new 754f3588-47e6-41ad-b34e-eb7041cce070@group-D8B248088611-SegmentedRaftLogWorker for RaftStorage:Storage Directory /workdir/hadoop-ozone/integration-test/target/test-dir/MiniOzoneClusterImpl-5fae48a0-8517-4c16-9d39-4001697b8772/datanode-2/data/ratis/2574fba4-4780-423a-afa6-d8b248088611
2019-09-25 05:52:26,934 [pool-47-thread-1] INFO  server.RaftServerConfigKeys (ConfUtils.java:logGet(43)) - raft.server.log.queue.byte-limit = 2147483647 (custom)
2019-09-25 05:52:26,934 [pool-47-thread-1] INFO  server.RaftServerConfigKeys (ConfUtils.java:logGet(43)) - raft.server.log.queue.element-limit = 1024 (custom)
2019-09-25 05:52:26,934 [pool-47-thread-1] INFO  server.RaftServerConfigKeys (ConfUtils.java:logGet(43)) - raft.server.log.segment.size.max = 1048576 (custom)
2019-09-25 05:52:26,934 [pool-47-thread-1] INFO  server.RaftServerConfigKeys (ConfUtils.java:logGet(43)) - raft.server.log.preallocated.size = 16384 (custom)
2019-09-25 05:52:26,934 [pool-47-thread-1] INFO  server.RaftServerConfigKeys (ConfUtils.java:logGet(43)) - raft.server.log.write.buffer.size = 33554432 (custom)
2019-09-25 05:52:26,934 [pool-47-thread-1] INFO  server.RaftServerConfigKeys (ConfUtils.java:logGet(43)) - raft.server.log.force.sync.num = 128 (default)
2019-09-25 05:52:26,935 [pool-47-thread-1] INFO  server.RaftServerConfigKeys (ConfUtils.java:logGet(43)) - raft.server.log.statemachine.data.sync = true (default)
2019-09-25 05:52:26,935 [pool-47-thread-1] INFO  server.RaftServerConfigKeys (ConfUtils.java:logGet(43)) - raft.server.log.statemachine.data.sync.timeout = 10s (default)
2019-09-25 05:52:26,935 [pool-47-thread-1] INFO  server.RaftServerConfigKeys (ConfUtils.java:logGet(43)) - raft.server.log.statemachine.data.sync.timeout.retry = -1 (default)
2019-09-25 05:52:26,935 [pool-47-thread-1] INFO  server.RaftServerConfigKeys (ConfUtils.java:logGet(43)) - raft.server.log.statemachine.data.caching.enabled = true (custom)
2019-09-25 05:52:26,935 [pool-47-thread-1] INFO  segmented.SegmentedRaftLogWorker (SegmentedRaftLogWorker.java:lambda$new$0(132)) - 754f3588-47e6-41ad-b34e-eb7041cce070@group-D8B248088611-SegmentedRaftLogWorker: flushIndex: setUnconditionally 0 -> -1
2019-09-25 05:52:26,936 [pool-47-thread-1] INFO  server.RaftServerConfigKeys (ConfUtils.java:logGet(43)) - raft.server.snapshot.auto.trigger.enabled = true (custom)
2019-09-25 05:52:26,936 [pool-47-thread-1] INFO  server.RaftServerConfigKeys (ConfUtils.java:logGet(43)) - raft.server.snapshot.auto.trigger.threshold = 10000 (custom)
2019-09-25 05:52:26,936 [pool-47-thread-1] INFO  server.RaftServerConfigKeys (ConfUtils.java:logGet(43)) - raft.server.snapshot.retention.num.files = 5 (custom)
2019-09-25 05:52:26,936 [pool-47-thread-1] INFO  server.RaftServerConfigKeys (ConfUtils.java:logGet(43)) - raft.server.retrycache.expirytime = 600000ms (custom)
2019-09-25 05:52:26,940 [pool-47-thread-1] INFO  impl.RaftServerImpl (RaftServerImpl.java:start(185)) - 754f3588-47e6-41ad-b34e-eb7041cce070@group-D8B248088611: start as a follower, conf=-1: [754f3588-47e6-41ad-b34e-eb7041cce070:192.168.30.10:41089], old=null
2019-09-25 05:52:26,940 [pool-47-thread-1] INFO  impl.RaftServerImpl (RaftServerImpl.java:setRole(174)) - 754f3588-47e6-41ad-b34e-eb7041cce070@group-D8B248088611: changes role from      null to FOLLOWER at term 0 for startAsFollower
2019-09-25 05:52:26,941 [pool-47-thread-1] INFO  impl.RoleInfo (RoleInfo.java:updateAndGet(143)) - 754f3588-47e6-41ad-b34e-eb7041cce070: start FollowerState
2019-09-25 05:52:26,941 [pool-47-thread-1] INFO  util.JmxRegister (JmxRegister.java:tryRegister(44)) - Successfully registered JMX Bean with object name Ratis:service=RaftServer,group=group-D8B248088611,id=754f3588-47e6-41ad-b34e-eb7041cce070
2019-09-25 05:52:26,951 [RatisPipelineUtilsThread] INFO  pipeline.PipelineStateManager (PipelineStateManager.java:addPipeline(56)) - Created pipeline Pipeline[ Id: 2574fba4-4780-423a-afa6-d8b248088611, Nodes: 754f3588-47e6-41ad-b34e-eb7041cce070{ip: 192.168.30.10, host: pr-hdds-1569-s62bp-3040748787, networkLocation: /default-rack, certSerialId: null}, Type:RATIS, Factor:ONE, State:OPEN]
2019-09-25 05:52:26,964 [grpc-default-executor-0] INFO  impl.RaftServerProxy (RaftServerProxy.java:addNew(89)) - 754f3588-47e6-41ad-b34e-eb7041cce070: addNew group-491B214C484E:[754f3588-47e6-41ad-b34e-eb7041cce070:192.168.30.10:41089] returns group-491B214C484E:java.util.concurrent.CompletableFuture@78d660a9[Not completed]
2019-09-25 05:52:26,966 [pool-47-thread-1] INFO  impl.RaftServerImpl (RaftServerImpl.java:<init>(95)) - 754f3588-47e6-41ad-b34e-eb7041cce070: new RaftServerImpl for group-491B214C484E:[754f3588-47e6-41ad-b34e-eb7041cce070:192.168.30.10:41089] with ContainerStateMachine:uninitialized
2019-09-25 05:52:26,966 [pool-47-thread-1] INFO  server.RaftServerConfigKeys (ConfUtils.java:logGet(43)) - raft.server.rpc.timeout.min = 5s (custom)
2019-09-25 05:52:26,966 [pool-47-thread-1] INFO  server.RaftServerConfigKeys (ConfUtils.java:logGet(43)) - raft.server.rpc.timeout.max = 5200ms (custom)
2019-09-25 05:52:26,966 [pool-47-thread-1] INFO  server.RaftServerConfigKeys (ConfUtils.java:logGet(43)) - raft.server.rpcslowness.timeout = 120s (custom)
2019-09-25 05:52:26,967 [pool-47-thread-1] INFO  server.RaftServerConfigKeys (ConfUtils.java:logGet(43)) - raft.server.sleep.deviation.threshold = 300 (default)
2019-09-25 05:52:26,967 [pool-47-thread-1] INFO  server.RaftServerConfigKeys (ConfUtils.java:logGet(43)) - raft.server.log.appender.install.snapshot.enabled = false (custom)
2019-09-25 05:52:26,967 [pool-47-thread-1] INFO  impl.RaftServerImpl (ServerState.java:<init>(103)) - 754f3588-47e6-41ad-b34e-eb7041cce070@group-491B214C484E: ConfigurationManager, init=-1: [754f3588-47e6-41ad-b34e-eb7041cce070:192.168.30.10:41089], old=null, confs=<EMPTY_MAP>
2019-09-25 05:52:26,967 [pool-47-thread-1] INFO  server.RaftServerConfigKeys (ConfUtils.java:logGet(43)) - raft.server.storage.dir = [/workdir/hadoop-ozone/integration-test/target/test-dir/MiniOzoneClusterImpl-5fae48a0-8517-4c16-9d39-4001697b8772/datanode-2/data/ratis] (custom)
2019-09-25 05:52:26,968 [pool-47-thread-1] INFO  storage.RaftStorageDirectory (RaftStorageDirectory.java:analyzeStorage(246)) - The storage directory /workdir/hadoop-ozone/integration-test/target/test-dir/MiniOzoneClusterImpl-5fae48a0-8517-4c16-9d39-4001697b8772/datanode-2/data/ratis/c7e442d2-90ee-4988-8941-491b214c484e does not exist. Creating ...
2019-09-25 05:52:26,981 [pool-47-thread-1] INFO  storage.RaftStorageDirectory (RaftStorageDirectory.java:tryLock(328)) - Lock on /workdir/hadoop-ozone/integration-test/target/test-dir/MiniOzoneClusterImpl-5fae48a0-8517-4c16-9d39-4001697b8772/datanode-2/data/ratis/c7e442d2-90ee-4988-8941-491b214c484e/in_use.lock acquired by nodename 25594@pr-hdds-1569-s62bp-3040748787
2019-09-25 05:52:26,994 [pool-47-thread-1] INFO  storage.RaftStorage (RaftStorage.java:format(72)) - Storage directory /workdir/hadoop-ozone/integration-test/target/test-dir/MiniOzoneClusterImpl-5fae48a0-8517-4c16-9d39-4001697b8772/datanode-2/data/ratis/c7e442d2-90ee-4988-8941-491b214c484e has been successfully formatted.
2019-09-25 05:52:26,995 [pool-47-thread-1] INFO  ratis.ContainerStateMachine (ContainerStateMachine.java:loadSnapshot(230)) - group-491B214C484E: The snapshot info is null. Setting the last applied indexto:(t:0, i:~)
2019-09-25 05:52:26,995 [pool-47-thread-1] INFO  server.RaftServerConfigKeys (ConfUtils.java:logGet(43)) - raft.server.notification.no-leader.timeout = 120s (custom)
2019-09-25 05:52:26,995 [pool-47-thread-1] INFO  server.RaftServerConfigKeys (ConfUtils.java:logGet(43)) - raft.server.log.use.memory = false (default)
2019-09-25 05:52:26,995 [pool-47-thread-1] INFO  server.RaftServerConfigKeys (ConfUtils.java:logGet(43)) - raft.server.log.purge.gap = 1000000 (custom)
2019-09-25 05:52:26,995 [pool-47-thread-1] INFO  server.RaftServerConfigKeys (ConfUtils.java:logGet(43)) - raft.server.log.appender.buffer.byte-limit = 33554432 (custom)
2019-09-25 05:52:26,995 [pool-47-thread-1] INFO  server.RaftServerConfigKeys (ConfUtils.java:logGet(43)) - raft.server.log.segment.size.max = 1048576 (custom)
2019-09-25 05:52:26,996 [pool-47-thread-1] INFO  server.RaftServerConfigKeys (ConfUtils.java:logGet(43)) - raft.server.log.segment.cache.num.max = 2 (custom)
2019-09-25 05:52:26,996 [pool-47-thread-1] INFO  segmented.SegmentedRaftLogWorker (SegmentedRaftLogWorker.java:<init>(172)) - new 754f3588-47e6-41ad-b34e-eb7041cce070@group-491B214C484E-SegmentedRaftLogWorker for RaftStorage:Storage Directory /workdir/hadoop-ozone/integration-test/target/test-dir/MiniOzoneClusterImpl-5fae48a0-8517-4c16-9d39-4001697b8772/datanode-2/data/ratis/c7e442d2-90ee-4988-8941-491b214c484e
2019-09-25 05:52:26,996 [pool-47-thread-1] INFO  server.RaftServerConfigKeys (ConfUtils.java:logGet(43)) - raft.server.log.queue.byte-limit = 2147483647 (custom)
2019-09-25 05:52:26,996 [pool-47-thread-1] INFO  server.RaftServerConfigKeys (ConfUtils.java:logGet(43)) - raft.server.log.queue.element-limit = 1024 (custom)
2019-09-25 05:52:26,996 [pool-47-thread-1] INFO  server.RaftServerConfigKeys (ConfUtils.java:logGet(43)) - raft.server.log.segment.size.max = 1048576 (custom)
2019-09-25 05:52:26,996 [pool-47-thread-1] INFO  server.RaftServerConfigKeys (ConfUtils.java:logGet(43)) - raft.server.log.preallocated.size = 16384 (custom)
2019-09-25 05:52:26,996 [pool-47-thread-1] INFO  server.RaftServerConfigKeys (ConfUtils.java:logGet(43)) - raft.server.log.write.buffer.size = 33554432 (custom)
2019-09-25 05:52:26,997 [pool-47-thread-1] INFO  server.RaftServerConfigKeys (ConfUtils.java:logGet(43)) - raft.server.log.force.sync.num = 128 (default)
2019-09-25 05:52:26,997 [pool-47-thread-1] INFO  server.RaftServerConfigKeys (ConfUtils.java:logGet(43)) - raft.server.log.statemachine.data.sync = true (default)
2019-09-25 05:52:26,997 [pool-47-thread-1] INFO  server.RaftServerConfigKeys (ConfUtils.java:logGet(43)) - raft.server.log.statemachine.data.sync.timeout = 10s (default)
2019-09-25 05:52:26,997 [pool-47-thread-1] INFO  server.RaftServerConfigKeys (ConfUtils.java:logGet(43)) - raft.server.log.statemachine.data.sync.timeout.retry = -1 (default)
2019-09-25 05:52:26,997 [pool-47-thread-1] INFO  server.RaftServerConfigKeys (ConfUtils.java:logGet(43)) - raft.server.log.statemachine.data.caching.enabled = true (custom)
2019-09-25 05:52:26,998 [pool-47-thread-1] INFO  segmented.SegmentedRaftLogWorker (SegmentedRaftLogWorker.java:lambda$new$0(132)) - 754f3588-47e6-41ad-b34e-eb7041cce070@group-491B214C484E-SegmentedRaftLogWorker: flushIndex: setUnconditionally 0 -> -1
2019-09-25 05:52:26,998 [pool-47-thread-1] INFO  server.RaftServerConfigKeys (ConfUtils.java:logGet(43)) - raft.server.snapshot.auto.trigger.enabled = true (custom)
2019-09-25 05:52:26,998 [pool-47-thread-1] INFO  server.RaftServerConfigKeys (ConfUtils.java:logGet(43)) - raft.server.snapshot.auto.trigger.threshold = 10000 (custom)
2019-09-25 05:52:26,999 [pool-47-thread-1] INFO  server.RaftServerConfigKeys (ConfUtils.java:logGet(43)) - raft.server.snapshot.retention.num.files = 5 (custom)
2019-09-25 05:52:26,999 [pool-47-thread-1] INFO  server.RaftServerConfigKeys (ConfUtils.java:logGet(43)) - raft.server.retrycache.expirytime = 600000ms (custom)
2019-09-25 05:52:27,004 [pool-47-thread-1] INFO  impl.RaftServerImpl (RaftServerImpl.java:start(185)) - 754f3588-47e6-41ad-b34e-eb7041cce070@group-491B214C484E: start as a follower, conf=-1: [754f3588-47e6-41ad-b34e-eb7041cce070:192.168.30.10:41089], old=null
2019-09-25 05:52:27,004 [pool-47-thread-1] INFO  impl.RaftServerImpl (RaftServerImpl.java:setRole(174)) - 754f3588-47e6-41ad-b34e-eb7041cce070@group-491B214C484E: changes role from      null to FOLLOWER at term 0 for startAsFollower
2019-09-25 05:52:27,004 [pool-47-thread-1] INFO  impl.RoleInfo (RoleInfo.java:updateAndGet(143)) - 754f3588-47e6-41ad-b34e-eb7041cce070: start FollowerState
2019-09-25 05:52:27,009 [pool-47-thread-1] INFO  util.JmxRegister (JmxRegister.java:tryRegister(44)) - Successfully registered JMX Bean with object name Ratis:service=RaftServer,group=group-491B214C484E,id=754f3588-47e6-41ad-b34e-eb7041cce070
2019-09-25 05:52:27,027 [RatisPipelineUtilsThread] INFO  pipeline.PipelineStateManager (PipelineStateManager.java:addPipeline(56)) - Created pipeline Pipeline[ Id: c7e442d2-90ee-4988-8941-491b214c484e, Nodes: 754f3588-47e6-41ad-b34e-eb7041cce070{ip: 192.168.30.10, host: pr-hdds-1569-s62bp-3040748787, networkLocation: /default-rack, certSerialId: null}, Type:RATIS, Factor:ONE, State:OPEN]
2019-09-25 05:52:27,040 [grpc-default-executor-0] INFO  impl.RaftServerProxy (RaftServerProxy.java:addNew(89)) - 0bbc1277-be6f-4bf3-88cf-1c3b12e139ad: addNew group-7CBB773EFEF0:[0bbc1277-be6f-4bf3-88cf-1c3b12e139ad:192.168.30.10:46701] returns group-7CBB773EFEF0:java.util.concurrent.CompletableFuture@682e7e20[Not completed]
2019-09-25 05:52:27,042 [pool-27-thread-1] INFO  impl.RaftServerImpl (RaftServerImpl.java:<init>(95)) - 0bbc1277-be6f-4bf3-88cf-1c3b12e139ad: new RaftServerImpl for group-7CBB773EFEF0:[0bbc1277-be6f-4bf3-88cf-1c3b12e139ad:192.168.30.10:46701] with ContainerStateMachine:uninitialized
2019-09-25 05:52:27,042 [pool-27-thread-1] INFO  server.RaftServerConfigKeys (ConfUtils.java:logGet(43)) - raft.server.rpc.timeout.min = 5s (custom)
2019-09-25 05:52:27,042 [pool-27-thread-1] INFO  server.RaftServerConfigKeys (ConfUtils.java:logGet(43)) - raft.server.rpc.timeout.max = 5200ms (custom)
2019-09-25 05:52:27,042 [pool-27-thread-1] INFO  server.RaftServerConfigKeys (ConfUtils.java:logGet(43)) - raft.server.rpcslowness.timeout = 120s (custom)
2019-09-25 05:52:27,042 [pool-27-thread-1] INFO  server.RaftServerConfigKeys (ConfUtils.java:logGet(43)) - raft.server.sleep.deviation.threshold = 300 (default)
2019-09-25 05:52:27,042 [pool-27-thread-1] INFO  server.RaftServerConfigKeys (ConfUtils.java:logGet(43)) - raft.server.log.appender.install.snapshot.enabled = false (custom)
2019-09-25 05:52:27,042 [pool-27-thread-1] INFO  impl.RaftServerImpl (ServerState.java:<init>(103)) - 0bbc1277-be6f-4bf3-88cf-1c3b12e139ad@group-7CBB773EFEF0: ConfigurationManager, init=-1: [0bbc1277-be6f-4bf3-88cf-1c3b12e139ad:192.168.30.10:46701], old=null, confs=<EMPTY_MAP>
2019-09-25 05:52:27,043 [pool-27-thread-1] INFO  server.RaftServerConfigKeys (ConfUtils.java:logGet(43)) - raft.server.storage.dir = [/workdir/hadoop-ozone/integration-test/target/test-dir/MiniOzoneClusterImpl-5fae48a0-8517-4c16-9d39-4001697b8772/datanode-0/data/ratis] (custom)
2019-09-25 05:52:27,043 [pool-27-thread-1] INFO  storage.RaftStorageDirectory (RaftStorageDirectory.java:analyzeStorage(246)) - The storage directory /workdir/hadoop-ozone/integration-test/target/test-dir/MiniOzoneClusterImpl-5fae48a0-8517-4c16-9d39-4001697b8772/datanode-0/data/ratis/c0dd7bb1-11b6-452d-9e81-7cbb773efef0 does not exist. Creating ...
2019-09-25 05:52:27,055 [pool-27-thread-1] INFO  storage.RaftStorageDirectory (RaftStorageDirectory.java:tryLock(328)) - Lock on /workdir/hadoop-ozone/integration-test/target/test-dir/MiniOzoneClusterImpl-5fae48a0-8517-4c16-9d39-4001697b8772/datanode-0/data/ratis/c0dd7bb1-11b6-452d-9e81-7cbb773efef0/in_use.lock acquired by nodename 25594@pr-hdds-1569-s62bp-3040748787
2019-09-25 05:52:27,070 [pool-27-thread-1] INFO  storage.RaftStorage (RaftStorage.java:format(72)) - Storage directory /workdir/hadoop-ozone/integration-test/target/test-dir/MiniOzoneClusterImpl-5fae48a0-8517-4c16-9d39-4001697b8772/datanode-0/data/ratis/c0dd7bb1-11b6-452d-9e81-7cbb773efef0 has been successfully formatted.
2019-09-25 05:52:27,070 [pool-27-thread-1] INFO  ratis.ContainerStateMachine (ContainerStateMachine.java:loadSnapshot(230)) - group-7CBB773EFEF0: The snapshot info is null. Setting the last applied indexto:(t:0, i:~)
2019-09-25 05:52:27,070 [pool-27-thread-1] INFO  server.RaftServerConfigKeys (ConfUtils.java:logGet(43)) - raft.server.notification.no-leader.timeout = 120s (custom)
2019-09-25 05:52:27,070 [pool-27-thread-1] INFO  server.RaftServerConfigKeys (ConfUtils.java:logGet(43)) - raft.server.log.use.memory = false (default)
2019-09-25 05:52:27,070 [pool-27-thread-1] INFO  server.RaftServerConfigKeys (ConfUtils.java:logGet(43)) - raft.server.log.purge.gap = 1000000 (custom)
2019-09-25 05:52:27,071 [pool-27-thread-1] INFO  server.RaftServerConfigKeys (ConfUtils.java:logGet(43)) - raft.server.log.appender.buffer.byte-limit = 33554432 (custom)
2019-09-25 05:52:27,071 [pool-27-thread-1] INFO  server.RaftServerConfigKeys (ConfUtils.java:logGet(43)) - raft.server.log.segment.size.max = 1048576 (custom)
2019-09-25 05:52:27,071 [pool-27-thread-1] INFO  server.RaftServerConfigKeys (ConfUtils.java:logGet(43)) - raft.server.log.segment.cache.num.max = 2 (custom)
2019-09-25 05:52:27,071 [pool-27-thread-1] INFO  segmented.SegmentedRaftLogWorker (SegmentedRaftLogWorker.java:<init>(172)) - new 0bbc1277-be6f-4bf3-88cf-1c3b12e139ad@group-7CBB773EFEF0-SegmentedRaftLogWorker for RaftStorage:Storage Directory /workdir/hadoop-ozone/integration-test/target/test-dir/MiniOzoneClusterImpl-5fae48a0-8517-4c16-9d39-4001697b8772/datanode-0/data/ratis/c0dd7bb1-11b6-452d-9e81-7cbb773efef0
2019-09-25 05:52:27,071 [pool-27-thread-1] INFO  server.RaftServerConfigKeys (ConfUtils.java:logGet(43)) - raft.server.log.queue.byte-limit = 2147483647 (custom)
2019-09-25 05:52:27,071 [pool-27-thread-1] INFO  server.RaftServerConfigKeys (ConfUtils.java:logGet(43)) - raft.server.log.queue.element-limit = 1024 (custom)
2019-09-25 05:52:27,071 [pool-27-thread-1] INFO  server.RaftServerConfigKeys (ConfUtils.java:logGet(43)) - raft.server.log.segment.size.max = 1048576 (custom)
2019-09-25 05:52:27,071 [pool-27-thread-1] INFO  server.RaftServerConfigKeys (ConfUtils.java:logGet(43)) - raft.server.log.preallocated.size = 16384 (custom)
2019-09-25 05:52:27,072 [pool-27-thread-1] INFO  server.RaftServerConfigKeys (ConfUtils.java:logGet(43)) - raft.server.log.write.buffer.size = 33554432 (custom)
2019-09-25 05:52:27,072 [pool-27-thread-1] INFO  server.RaftServerConfigKeys (ConfUtils.java:logGet(43)) - raft.server.log.force.sync.num = 128 (default)
2019-09-25 05:52:27,072 [pool-27-thread-1] INFO  server.RaftServerConfigKeys (ConfUtils.java:logGet(43)) - raft.server.log.statemachine.data.sync = true (default)
2019-09-25 05:52:27,072 [pool-27-thread-1] INFO  server.RaftServerConfigKeys (ConfUtils.java:logGet(43)) - raft.server.log.statemachine.data.sync.timeout = 10s (default)
2019-09-25 05:52:27,072 [pool-27-thread-1] INFO  server.RaftServerConfigKeys (ConfUtils.java:logGet(43)) - raft.server.log.statemachine.data.sync.timeout.retry = -1 (default)
2019-09-25 05:52:27,072 [pool-27-thread-1] INFO  server.RaftServerConfigKeys (ConfUtils.java:logGet(43)) - raft.server.log.statemachine.data.caching.enabled = true (custom)
2019-09-25 05:52:27,072 [pool-27-thread-1] INFO  segmented.SegmentedRaftLogWorker (SegmentedRaftLogWorker.java:lambda$new$0(132)) - 0bbc1277-be6f-4bf3-88cf-1c3b12e139ad@group-7CBB773EFEF0-SegmentedRaftLogWorker: flushIndex: setUnconditionally 0 -> -1
2019-09-25 05:52:27,073 [pool-27-thread-1] INFO  server.RaftServerConfigKeys (ConfUtils.java:logGet(43)) - raft.server.snapshot.auto.trigger.enabled = true (custom)
2019-09-25 05:52:27,073 [pool-27-thread-1] INFO  server.RaftServerConfigKeys (ConfUtils.java:logGet(43)) - raft.server.snapshot.auto.trigger.threshold = 10000 (custom)
2019-09-25 05:52:27,073 [pool-27-thread-1] INFO  server.RaftServerConfigKeys (ConfUtils.java:logGet(43)) - raft.server.snapshot.retention.num.files = 5 (custom)
2019-09-25 05:52:27,073 [pool-27-thread-1] INFO  server.RaftServerConfigKeys (ConfUtils.java:logGet(43)) - raft.server.retrycache.expirytime = 600000ms (custom)
2019-09-25 05:52:27,076 [pool-27-thread-1] INFO  impl.RaftServerImpl (RaftServerImpl.java:start(185)) - 0bbc1277-be6f-4bf3-88cf-1c3b12e139ad@group-7CBB773EFEF0: start as a follower, conf=-1: [0bbc1277-be6f-4bf3-88cf-1c3b12e139ad:192.168.30.10:46701], old=null
2019-09-25 05:52:27,076 [pool-27-thread-1] INFO  impl.RaftServerImpl (RaftServerImpl.java:setRole(174)) - 0bbc1277-be6f-4bf3-88cf-1c3b12e139ad@group-7CBB773EFEF0: changes role from      null to FOLLOWER at term 0 for startAsFollower
2019-09-25 05:52:27,076 [pool-27-thread-1] INFO  impl.RoleInfo (RoleInfo.java:updateAndGet(143)) - 0bbc1277-be6f-4bf3-88cf-1c3b12e139ad: start FollowerState
2019-09-25 05:52:27,077 [pool-27-thread-1] INFO  util.JmxRegister (JmxRegister.java:tryRegister(44)) - Successfully registered JMX Bean with object name Ratis:service=RaftServer,group=group-7CBB773EFEF0,id=0bbc1277-be6f-4bf3-88cf-1c3b12e139ad
2019-09-25 05:52:27,087 [RatisPipelineUtilsThread] INFO  pipeline.PipelineStateManager (PipelineStateManager.java:addPipeline(56)) - Created pipeline Pipeline[ Id: c0dd7bb1-11b6-452d-9e81-7cbb773efef0, Nodes: 0bbc1277-be6f-4bf3-88cf-1c3b12e139ad{ip: 192.168.30.10, host: pr-hdds-1569-s62bp-3040748787, networkLocation: /default-rack, certSerialId: null}, Type:RATIS, Factor:ONE, State:OPEN]
2019-09-25 05:52:27,100 [grpc-default-executor-0] INFO  impl.RaftServerProxy (RaftServerProxy.java:addNew(89)) - 754f3588-47e6-41ad-b34e-eb7041cce070: addNew group-D2D0ABE3DE41:[754f3588-47e6-41ad-b34e-eb7041cce070:192.168.30.10:41089] returns group-D2D0ABE3DE41:java.util.concurrent.CompletableFuture@10d05503[Not completed]
2019-09-25 05:52:27,103 [pool-47-thread-1] INFO  impl.RaftServerImpl (RaftServerImpl.java:<init>(95)) - 754f3588-47e6-41ad-b34e-eb7041cce070: new RaftServerImpl for group-D2D0ABE3DE41:[754f3588-47e6-41ad-b34e-eb7041cce070:192.168.30.10:41089] with ContainerStateMachine:uninitialized
2019-09-25 05:52:27,103 [pool-47-thread-1] INFO  server.RaftServerConfigKeys (ConfUtils.java:logGet(43)) - raft.server.rpc.timeout.min = 5s (custom)
2019-09-25 05:52:27,103 [pool-47-thread-1] INFO  server.RaftServerConfigKeys (ConfUtils.java:logGet(43)) - raft.server.rpc.timeout.max = 5200ms (custom)
2019-09-25 05:52:27,103 [pool-47-thread-1] INFO  server.RaftServerConfigKeys (ConfUtils.java:logGet(43)) - raft.server.rpcslowness.timeout = 120s (custom)
2019-09-25 05:52:27,103 [pool-47-thread-1] INFO  server.RaftServerConfigKeys (ConfUtils.java:logGet(43)) - raft.server.sleep.deviation.threshold = 300 (default)
2019-09-25 05:52:27,103 [pool-47-thread-1] INFO  server.RaftServerConfigKeys (ConfUtils.java:logGet(43)) - raft.server.log.appender.install.snapshot.enabled = false (custom)
2019-09-25 05:52:27,104 [pool-47-thread-1] INFO  impl.RaftServerImpl (ServerState.java:<init>(103)) - 754f3588-47e6-41ad-b34e-eb7041cce070@group-D2D0ABE3DE41: ConfigurationManager, init=-1: [754f3588-47e6-41ad-b34e-eb7041cce070:192.168.30.10:41089], old=null, confs=<EMPTY_MAP>
2019-09-25 05:52:27,104 [pool-47-thread-1] INFO  server.RaftServerConfigKeys (ConfUtils.java:logGet(43)) - raft.server.storage.dir = [/workdir/hadoop-ozone/integration-test/target/test-dir/MiniOzoneClusterImpl-5fae48a0-8517-4c16-9d39-4001697b8772/datanode-2/data/ratis] (custom)
2019-09-25 05:52:27,104 [pool-47-thread-1] INFO  storage.RaftStorageDirectory (RaftStorageDirectory.java:analyzeStorage(246)) - The storage directory /workdir/hadoop-ozone/integration-test/target/test-dir/MiniOzoneClusterImpl-5fae48a0-8517-4c16-9d39-4001697b8772/datanode-2/data/ratis/35dc93fe-acd4-4509-b7f9-d2d0abe3de41 does not exist. Creating ...
2019-09-25 05:52:27,117 [pool-47-thread-1] INFO  storage.RaftStorageDirectory (RaftStorageDirectory.java:tryLock(328)) - Lock on /workdir/hadoop-ozone/integration-test/target/test-dir/MiniOzoneClusterImpl-5fae48a0-8517-4c16-9d39-4001697b8772/datanode-2/data/ratis/35dc93fe-acd4-4509-b7f9-d2d0abe3de41/in_use.lock acquired by nodename 25594@pr-hdds-1569-s62bp-3040748787
2019-09-25 05:52:27,130 [pool-47-thread-1] INFO  storage.RaftStorage (RaftStorage.java:format(72)) - Storage directory /workdir/hadoop-ozone/integration-test/target/test-dir/MiniOzoneClusterImpl-5fae48a0-8517-4c16-9d39-4001697b8772/datanode-2/data/ratis/35dc93fe-acd4-4509-b7f9-d2d0abe3de41 has been successfully formatted.
2019-09-25 05:52:27,130 [pool-47-thread-1] INFO  ratis.ContainerStateMachine (ContainerStateMachine.java:loadSnapshot(230)) - group-D2D0ABE3DE41: The snapshot info is null. Setting the last applied indexto:(t:0, i:~)
2019-09-25 05:52:27,130 [pool-47-thread-1] INFO  server.RaftServerConfigKeys (ConfUtils.java:logGet(43)) - raft.server.notification.no-leader.timeout = 120s (custom)
2019-09-25 05:52:27,130 [pool-47-thread-1] INFO  server.RaftServerConfigKeys (ConfUtils.java:logGet(43)) - raft.server.log.use.memory = false (default)
2019-09-25 05:52:27,131 [pool-47-thread-1] INFO  server.RaftServerConfigKeys (ConfUtils.java:logGet(43)) - raft.server.log.purge.gap = 1000000 (custom)
2019-09-25 05:52:27,131 [pool-47-thread-1] INFO  server.RaftServerConfigKeys (ConfUtils.java:logGet(43)) - raft.server.log.appender.buffer.byte-limit = 33554432 (custom)
2019-09-25 05:52:27,131 [pool-47-thread-1] INFO  server.RaftServerConfigKeys (ConfUtils.java:logGet(43)) - raft.server.log.segment.size.max = 1048576 (custom)
2019-09-25 05:52:27,131 [pool-47-thread-1] INFO  server.RaftServerConfigKeys (ConfUtils.java:logGet(43)) - raft.server.log.segment.cache.num.max = 2 (custom)
2019-09-25 05:52:27,131 [pool-47-thread-1] INFO  segmented.SegmentedRaftLogWorker (SegmentedRaftLogWorker.java:<init>(172)) - new 754f3588-47e6-41ad-b34e-eb7041cce070@group-D2D0ABE3DE41-SegmentedRaftLogWorker for RaftStorage:Storage Directory /workdir/hadoop-ozone/integration-test/target/test-dir/MiniOzoneClusterImpl-5fae48a0-8517-4c16-9d39-4001697b8772/datanode-2/data/ratis/35dc93fe-acd4-4509-b7f9-d2d0abe3de41
2019-09-25 05:52:27,131 [pool-47-thread-1] INFO  server.RaftServerConfigKeys (ConfUtils.java:logGet(43)) - raft.server.log.queue.byte-limit = 2147483647 (custom)
2019-09-25 05:52:27,131 [pool-47-thread-1] INFO  server.RaftServerConfigKeys (ConfUtils.java:logGet(43)) - raft.server.log.queue.element-limit = 1024 (custom)
2019-09-25 05:52:27,132 [pool-47-thread-1] INFO  server.RaftServerConfigKeys (ConfUtils.java:logGet(43)) - raft.server.log.segment.size.max = 1048576 (custom)
2019-09-25 05:52:27,132 [pool-47-thread-1] INFO  server.RaftServerConfigKeys (ConfUtils.java:logGet(43)) - raft.server.log.preallocated.size = 16384 (custom)
2019-09-25 05:52:27,132 [pool-47-thread-1] INFO  server.RaftServerConfigKeys (ConfUtils.java:logGet(43)) - raft.server.log.write.buffer.size = 33554432 (custom)
2019-09-25 05:52:27,132 [pool-47-thread-1] INFO  server.RaftServerConfigKeys (ConfUtils.java:logGet(43)) - raft.server.log.force.sync.num = 128 (default)
2019-09-25 05:52:27,132 [pool-47-thread-1] INFO  server.RaftServerConfigKeys (ConfUtils.java:logGet(43)) - raft.server.log.statemachine.data.sync = true (default)
2019-09-25 05:52:27,132 [pool-47-thread-1] INFO  server.RaftServerConfigKeys (ConfUtils.java:logGet(43)) - raft.server.log.statemachine.data.sync.timeout = 10s (default)
2019-09-25 05:52:27,132 [pool-47-thread-1] INFO  server.RaftServerConfigKeys (ConfUtils.java:logGet(43)) - raft.server.log.statemachine.data.sync.timeout.retry = -1 (default)
2019-09-25 05:52:27,133 [pool-47-thread-1] INFO  server.RaftServerConfigKeys (ConfUtils.java:logGet(43)) - raft.server.log.statemachine.data.caching.enabled = true (custom)
2019-09-25 05:52:27,133 [pool-47-thread-1] INFO  segmented.SegmentedRaftLogWorker (SegmentedRaftLogWorker.java:lambda$new$0(132)) - 754f3588-47e6-41ad-b34e-eb7041cce070@group-D2D0ABE3DE41-SegmentedRaftLogWorker: flushIndex: setUnconditionally 0 -> -1
2019-09-25 05:52:27,133 [pool-47-thread-1] INFO  server.RaftServerConfigKeys (ConfUtils.java:logGet(43)) - raft.server.snapshot.auto.trigger.enabled = true (custom)
2019-09-25 05:52:27,133 [pool-47-thread-1] INFO  server.RaftServerConfigKeys (ConfUtils.java:logGet(43)) - raft.server.snapshot.auto.trigger.threshold = 10000 (custom)
2019-09-25 05:52:27,134 [pool-47-thread-1] INFO  server.RaftServerConfigKeys (ConfUtils.java:logGet(43)) - raft.server.snapshot.retention.num.files = 5 (custom)
2019-09-25 05:52:27,134 [pool-47-thread-1] INFO  server.RaftServerConfigKeys (ConfUtils.java:logGet(43)) - raft.server.retrycache.expirytime = 600000ms (custom)
2019-09-25 05:52:27,137 [pool-47-thread-1] INFO  impl.RaftServerImpl (RaftServerImpl.java:start(185)) - 754f3588-47e6-41ad-b34e-eb7041cce070@group-D2D0ABE3DE41: start as a follower, conf=-1: [754f3588-47e6-41ad-b34e-eb7041cce070:192.168.30.10:41089], old=null
2019-09-25 05:52:27,137 [pool-47-thread-1] INFO  impl.RaftServerImpl (RaftServerImpl.java:setRole(174)) - 754f3588-47e6-41ad-b34e-eb7041cce070@group-D2D0ABE3DE41: changes role from      null to FOLLOWER at term 0 for startAsFollower
2019-09-25 05:52:27,137 [pool-47-thread-1] INFO  impl.RoleInfo (RoleInfo.java:updateAndGet(143)) - 754f3588-47e6-41ad-b34e-eb7041cce070: start FollowerState
2019-09-25 05:52:27,137 [pool-47-thread-1] INFO  util.JmxRegister (JmxRegister.java:tryRegister(44)) - Successfully registered JMX Bean with object name Ratis:service=RaftServer,group=group-D2D0ABE3DE41,id=754f3588-47e6-41ad-b34e-eb7041cce070
2019-09-25 05:52:27,146 [RatisPipelineUtilsThread] INFO  pipeline.PipelineStateManager (PipelineStateManager.java:addPipeline(56)) - Created pipeline Pipeline[ Id: 35dc93fe-acd4-4509-b7f9-d2d0abe3de41, Nodes: 754f3588-47e6-41ad-b34e-eb7041cce070{ip: 192.168.30.10, host: pr-hdds-1569-s62bp-3040748787, networkLocation: /default-rack, certSerialId: null}, Type:RATIS, Factor:ONE, State:OPEN]
2019-09-25 05:52:27,159 [grpc-default-executor-0] INFO  impl.RaftServerProxy (RaftServerProxy.java:addNew(89)) - 0bbc1277-be6f-4bf3-88cf-1c3b12e139ad: addNew group-C94F2380347E:[0bbc1277-be6f-4bf3-88cf-1c3b12e139ad:192.168.30.10:46701] returns group-C94F2380347E:java.util.concurrent.CompletableFuture@4f5702ac[Not completed]
2019-09-25 05:52:27,161 [pool-27-thread-1] INFO  impl.RaftServerImpl (RaftServerImpl.java:<init>(95)) - 0bbc1277-be6f-4bf3-88cf-1c3b12e139ad: new RaftServerImpl for group-C94F2380347E:[0bbc1277-be6f-4bf3-88cf-1c3b12e139ad:192.168.30.10:46701] with ContainerStateMachine:uninitialized
2019-09-25 05:52:27,161 [pool-27-thread-1] INFO  server.RaftServerConfigKeys (ConfUtils.java:logGet(43)) - raft.server.rpc.timeout.min = 5s (custom)
2019-09-25 05:52:27,162 [pool-27-thread-1] INFO  server.RaftServerConfigKeys (ConfUtils.java:logGet(43)) - raft.server.rpc.timeout.max = 5200ms (custom)
2019-09-25 05:52:27,162 [pool-27-thread-1] INFO  server.RaftServerConfigKeys (ConfUtils.java:logGet(43)) - raft.server.rpcslowness.timeout = 120s (custom)
2019-09-25 05:52:27,162 [pool-27-thread-1] INFO  server.RaftServerConfigKeys (ConfUtils.java:logGet(43)) - raft.server.sleep.deviation.threshold = 300 (default)
2019-09-25 05:52:27,162 [pool-27-thread-1] INFO  server.RaftServerConfigKeys (ConfUtils.java:logGet(43)) - raft.server.log.appender.install.snapshot.enabled = false (custom)
2019-09-25 05:52:27,162 [pool-27-thread-1] INFO  impl.RaftServerImpl (ServerState.java:<init>(103)) - 0bbc1277-be6f-4bf3-88cf-1c3b12e139ad@group-C94F2380347E: ConfigurationManager, init=-1: [0bbc1277-be6f-4bf3-88cf-1c3b12e139ad:192.168.30.10:46701], old=null, confs=<EMPTY_MAP>
2019-09-25 05:52:27,162 [pool-27-thread-1] INFO  server.RaftServerConfigKeys (ConfUtils.java:logGet(43)) - raft.server.storage.dir = [/workdir/hadoop-ozone/integration-test/target/test-dir/MiniOzoneClusterImpl-5fae48a0-8517-4c16-9d39-4001697b8772/datanode-0/data/ratis] (custom)
2019-09-25 05:52:27,163 [pool-27-thread-1] INFO  storage.RaftStorageDirectory (RaftStorageDirectory.java:analyzeStorage(246)) - The storage directory /workdir/hadoop-ozone/integration-test/target/test-dir/MiniOzoneClusterImpl-5fae48a0-8517-4c16-9d39-4001697b8772/datanode-0/data/ratis/09029e93-8d42-4d88-9a92-c94f2380347e does not exist. Creating ...
2019-09-25 05:52:27,175 [pool-27-thread-1] INFO  storage.RaftStorageDirectory (RaftStorageDirectory.java:tryLock(328)) - Lock on /workdir/hadoop-ozone/integration-test/target/test-dir/MiniOzoneClusterImpl-5fae48a0-8517-4c16-9d39-4001697b8772/datanode-0/data/ratis/09029e93-8d42-4d88-9a92-c94f2380347e/in_use.lock acquired by nodename 25594@pr-hdds-1569-s62bp-3040748787
2019-09-25 05:52:27,188 [pool-27-thread-1] INFO  storage.RaftStorage (RaftStorage.java:format(72)) - Storage directory /workdir/hadoop-ozone/integration-test/target/test-dir/MiniOzoneClusterImpl-5fae48a0-8517-4c16-9d39-4001697b8772/datanode-0/data/ratis/09029e93-8d42-4d88-9a92-c94f2380347e has been successfully formatted.
2019-09-25 05:52:27,188 [pool-27-thread-1] INFO  ratis.ContainerStateMachine (ContainerStateMachine.java:loadSnapshot(230)) - group-C94F2380347E: The snapshot info is null. Setting the last applied indexto:(t:0, i:~)
2019-09-25 05:52:27,188 [pool-27-thread-1] INFO  server.RaftServerConfigKeys (ConfUtils.java:logGet(43)) - raft.server.notification.no-leader.timeout = 120s (custom)
2019-09-25 05:52:27,189 [pool-27-thread-1] INFO  server.RaftServerConfigKeys (ConfUtils.java:logGet(43)) - raft.server.log.use.memory = false (default)
2019-09-25 05:52:27,189 [pool-27-thread-1] INFO  server.RaftServerConfigKeys (ConfUtils.java:logGet(43)) - raft.server.log.purge.gap = 1000000 (custom)
2019-09-25 05:52:27,189 [pool-27-thread-1] INFO  server.RaftServerConfigKeys (ConfUtils.java:logGet(43)) - raft.server.log.appender.buffer.byte-limit = 33554432 (custom)
2019-09-25 05:52:27,189 [pool-27-thread-1] INFO  server.RaftServerConfigKeys (ConfUtils.java:logGet(43)) - raft.server.log.segment.size.max = 1048576 (custom)
2019-09-25 05:52:27,189 [pool-27-thread-1] INFO  server.RaftServerConfigKeys (ConfUtils.java:logGet(43)) - raft.server.log.segment.cache.num.max = 2 (custom)
2019-09-25 05:52:27,189 [pool-27-thread-1] INFO  segmented.SegmentedRaftLogWorker (SegmentedRaftLogWorker.java:<init>(172)) - new 0bbc1277-be6f-4bf3-88cf-1c3b12e139ad@group-C94F2380347E-SegmentedRaftLogWorker for RaftStorage:Storage Directory /workdir/hadoop-ozone/integration-test/target/test-dir/MiniOzoneClusterImpl-5fae48a0-8517-4c16-9d39-4001697b8772/datanode-0/data/ratis/09029e93-8d42-4d88-9a92-c94f2380347e
2019-09-25 05:52:27,189 [pool-27-thread-1] INFO  server.RaftServerConfigKeys (ConfUtils.java:logGet(43)) - raft.server.log.queue.byte-limit = 2147483647 (custom)
2019-09-25 05:52:27,190 [pool-27-thread-1] INFO  server.RaftServerConfigKeys (ConfUtils.java:logGet(43)) - raft.server.log.queue.element-limit = 1024 (custom)
2019-09-25 05:52:27,190 [pool-27-thread-1] INFO  server.RaftServerConfigKeys (ConfUtils.java:logGet(43)) - raft.server.log.segment.size.max = 1048576 (custom)
2019-09-25 05:52:27,190 [pool-27-thread-1] INFO  server.RaftServerConfigKeys (ConfUtils.java:logGet(43)) - raft.server.log.preallocated.size = 16384 (custom)
2019-09-25 05:52:27,190 [pool-27-thread-1] INFO  server.RaftServerConfigKeys (ConfUtils.java:logGet(43)) - raft.server.log.write.buffer.size = 33554432 (custom)
2019-09-25 05:52:27,190 [pool-27-thread-1] INFO  server.RaftServerConfigKeys (ConfUtils.java:logGet(43)) - raft.server.log.force.sync.num = 128 (default)
2019-09-25 05:52:27,190 [pool-27-thread-1] INFO  server.RaftServerConfigKeys (ConfUtils.java:logGet(43)) - raft.server.log.statemachine.data.sync = true (default)
2019-09-25 05:52:27,190 [pool-27-thread-1] INFO  server.RaftServerConfigKeys (ConfUtils.java:logGet(43)) - raft.server.log.statemachine.data.sync.timeout = 10s (default)
2019-09-25 05:52:27,191 [pool-27-thread-1] INFO  server.RaftServerConfigKeys (ConfUtils.java:logGet(43)) - raft.server.log.statemachine.data.sync.timeout.retry = -1 (default)
2019-09-25 05:52:27,191 [pool-27-thread-1] INFO  server.RaftServerConfigKeys (ConfUtils.java:logGet(43)) - raft.server.log.statemachine.data.caching.enabled = true (custom)
2019-09-25 05:52:27,191 [pool-27-thread-1] INFO  segmented.SegmentedRaftLogWorker (SegmentedRaftLogWorker.java:lambda$new$0(132)) - 0bbc1277-be6f-4bf3-88cf-1c3b12e139ad@group-C94F2380347E-SegmentedRaftLogWorker: flushIndex: setUnconditionally 0 -> -1
2019-09-25 05:52:27,191 [pool-27-thread-1] INFO  server.RaftServerConfigKeys (ConfUtils.java:logGet(43)) - raft.server.snapshot.auto.trigger.enabled = true (custom)
2019-09-25 05:52:27,192 [pool-27-thread-1] INFO  server.RaftServerConfigKeys (ConfUtils.java:logGet(43)) - raft.server.snapshot.auto.trigger.threshold = 10000 (custom)
2019-09-25 05:52:27,192 [pool-27-thread-1] INFO  server.RaftServerConfigKeys (ConfUtils.java:logGet(43)) - raft.server.snapshot.retention.num.files = 5 (custom)
2019-09-25 05:52:27,192 [pool-27-thread-1] INFO  server.RaftServerConfigKeys (ConfUtils.java:logGet(43)) - raft.server.retrycache.expirytime = 600000ms (custom)
2019-09-25 05:52:27,195 [pool-27-thread-1] INFO  impl.RaftServerImpl (RaftServerImpl.java:start(185)) - 0bbc1277-be6f-4bf3-88cf-1c3b12e139ad@group-C94F2380347E: start as a follower, conf=-1: [0bbc1277-be6f-4bf3-88cf-1c3b12e139ad:192.168.30.10:46701], old=null
2019-09-25 05:52:27,195 [pool-27-thread-1] INFO  impl.RaftServerImpl (RaftServerImpl.java:setRole(174)) - 0bbc1277-be6f-4bf3-88cf-1c3b12e139ad@group-C94F2380347E: changes role from      null to FOLLOWER at term 0 for startAsFollower
2019-09-25 05:52:27,195 [pool-27-thread-1] INFO  impl.RoleInfo (RoleInfo.java:updateAndGet(143)) - 0bbc1277-be6f-4bf3-88cf-1c3b12e139ad: start FollowerState
2019-09-25 05:52:27,195 [pool-27-thread-1] INFO  util.JmxRegister (JmxRegister.java:tryRegister(44)) - Successfully registered JMX Bean with object name Ratis:service=RaftServer,group=group-C94F2380347E,id=0bbc1277-be6f-4bf3-88cf-1c3b12e139ad
2019-09-25 05:52:27,203 [RatisPipelineUtilsThread] INFO  pipeline.PipelineStateManager (PipelineStateManager.java:addPipeline(56)) - Created pipeline Pipeline[ Id: 09029e93-8d42-4d88-9a92-c94f2380347e, Nodes: 0bbc1277-be6f-4bf3-88cf-1c3b12e139ad{ip: 192.168.30.10, host: pr-hdds-1569-s62bp-3040748787, networkLocation: /default-rack, certSerialId: null}, Type:RATIS, Factor:ONE, State:OPEN]
2019-09-25 05:52:27,216 [grpc-default-executor-0] INFO  impl.RaftServerProxy (RaftServerProxy.java:addNew(89)) - 5be219b2-97fd-4a8c-91ea-b15aa89454d4: addNew group-76A4C42608E4:[5be219b2-97fd-4a8c-91ea-b15aa89454d4:192.168.30.10:40625] returns group-76A4C42608E4:java.util.concurrent.CompletableFuture@43c4ae3b[Not completed]
2019-09-25 05:52:27,218 [pool-37-thread-1] INFO  impl.RaftServerImpl (RaftServerImpl.java:<init>(95)) - 5be219b2-97fd-4a8c-91ea-b15aa89454d4: new RaftServerImpl for group-76A4C42608E4:[5be219b2-97fd-4a8c-91ea-b15aa89454d4:192.168.30.10:40625] with ContainerStateMachine:uninitialized
2019-09-25 05:52:27,219 [pool-37-thread-1] INFO  server.RaftServerConfigKeys (ConfUtils.java:logGet(43)) - raft.server.rpc.timeout.min = 5s (custom)
2019-09-25 05:52:27,219 [pool-37-thread-1] INFO  server.RaftServerConfigKeys (ConfUtils.java:logGet(43)) - raft.server.rpc.timeout.max = 5200ms (custom)
2019-09-25 05:52:27,219 [pool-37-thread-1] INFO  server.RaftServerConfigKeys (ConfUtils.java:logGet(43)) - raft.server.rpcslowness.timeout = 120s (custom)
2019-09-25 05:52:27,220 [pool-37-thread-1] INFO  server.RaftServerConfigKeys (ConfUtils.java:logGet(43)) - raft.server.sleep.deviation.threshold = 300 (default)
2019-09-25 05:52:27,220 [pool-37-thread-1] INFO  server.RaftServerConfigKeys (ConfUtils.java:logGet(43)) - raft.server.log.appender.install.snapshot.enabled = false (custom)
2019-09-25 05:52:27,220 [pool-37-thread-1] INFO  impl.RaftServerImpl (ServerState.java:<init>(103)) - 5be219b2-97fd-4a8c-91ea-b15aa89454d4@group-76A4C42608E4: ConfigurationManager, init=-1: [5be219b2-97fd-4a8c-91ea-b15aa89454d4:192.168.30.10:40625], old=null, confs=<EMPTY_MAP>
2019-09-25 05:52:27,220 [pool-37-thread-1] INFO  server.RaftServerConfigKeys (ConfUtils.java:logGet(43)) - raft.server.storage.dir = [/workdir/hadoop-ozone/integration-test/target/test-dir/MiniOzoneClusterImpl-5fae48a0-8517-4c16-9d39-4001697b8772/datanode-1/data/ratis] (custom)
2019-09-25 05:52:27,220 [pool-37-thread-1] INFO  storage.RaftStorageDirectory (RaftStorageDirectory.java:analyzeStorage(246)) - The storage directory /workdir/hadoop-ozone/integration-test/target/test-dir/MiniOzoneClusterImpl-5fae48a0-8517-4c16-9d39-4001697b8772/datanode-1/data/ratis/b84a4bf3-d1cf-45fb-928e-76a4c42608e4 does not exist. Creating ...
2019-09-25 05:52:27,234 [pool-37-thread-1] INFO  storage.RaftStorageDirectory (RaftStorageDirectory.java:tryLock(328)) - Lock on /workdir/hadoop-ozone/integration-test/target/test-dir/MiniOzoneClusterImpl-5fae48a0-8517-4c16-9d39-4001697b8772/datanode-1/data/ratis/b84a4bf3-d1cf-45fb-928e-76a4c42608e4/in_use.lock acquired by nodename 25594@pr-hdds-1569-s62bp-3040748787
2019-09-25 05:52:27,253 [pool-37-thread-1] INFO  storage.RaftStorage (RaftStorage.java:format(72)) - Storage directory /workdir/hadoop-ozone/integration-test/target/test-dir/MiniOzoneClusterImpl-5fae48a0-8517-4c16-9d39-4001697b8772/datanode-1/data/ratis/b84a4bf3-d1cf-45fb-928e-76a4c42608e4 has been successfully formatted.
2019-09-25 05:52:27,253 [pool-37-thread-1] INFO  ratis.ContainerStateMachine (ContainerStateMachine.java:loadSnapshot(230)) - group-76A4C42608E4: The snapshot info is null. Setting the last applied indexto:(t:0, i:~)
2019-09-25 05:52:27,253 [pool-37-thread-1] INFO  server.RaftServerConfigKeys (ConfUtils.java:logGet(43)) - raft.server.notification.no-leader.timeout = 120s (custom)
2019-09-25 05:52:27,253 [pool-37-thread-1] INFO  server.RaftServerConfigKeys (ConfUtils.java:logGet(43)) - raft.server.log.use.memory = false (default)
2019-09-25 05:52:27,254 [pool-37-thread-1] INFO  server.RaftServerConfigKeys (ConfUtils.java:logGet(43)) - raft.server.log.purge.gap = 1000000 (custom)
2019-09-25 05:52:27,254 [pool-37-thread-1] INFO  server.RaftServerConfigKeys (ConfUtils.java:logGet(43)) - raft.server.log.appender.buffer.byte-limit = 33554432 (custom)
2019-09-25 05:52:27,254 [pool-37-thread-1] INFO  server.RaftServerConfigKeys (ConfUtils.java:logGet(43)) - raft.server.log.segment.size.max = 1048576 (custom)
2019-09-25 05:52:27,254 [pool-37-thread-1] INFO  server.RaftServerConfigKeys (ConfUtils.java:logGet(43)) - raft.server.log.segment.cache.num.max = 2 (custom)
2019-09-25 05:52:27,254 [pool-37-thread-1] INFO  segmented.SegmentedRaftLogWorker (SegmentedRaftLogWorker.java:<init>(172)) - new 5be219b2-97fd-4a8c-91ea-b15aa89454d4@group-76A4C42608E4-SegmentedRaftLogWorker for RaftStorage:Storage Directory /workdir/hadoop-ozone/integration-test/target/test-dir/MiniOzoneClusterImpl-5fae48a0-8517-4c16-9d39-4001697b8772/datanode-1/data/ratis/b84a4bf3-d1cf-45fb-928e-76a4c42608e4
2019-09-25 05:52:27,254 [pool-37-thread-1] INFO  server.RaftServerConfigKeys (ConfUtils.java:logGet(43)) - raft.server.log.queue.byte-limit = 2147483647 (custom)
2019-09-25 05:52:27,254 [pool-37-thread-1] INFO  server.RaftServerConfigKeys (ConfUtils.java:logGet(43)) - raft.server.log.queue.element-limit = 1024 (custom)
2019-09-25 05:52:27,254 [pool-37-thread-1] INFO  server.RaftServerConfigKeys (ConfUtils.java:logGet(43)) - raft.server.log.segment.size.max = 1048576 (custom)
2019-09-25 05:52:27,254 [pool-37-thread-1] INFO  server.RaftServerConfigKeys (ConfUtils.java:logGet(43)) - raft.server.log.preallocated.size = 16384 (custom)
2019-09-25 05:52:27,254 [pool-37-thread-1] INFO  server.RaftServerConfigKeys (ConfUtils.java:logGet(43)) - raft.server.log.write.buffer.size = 33554432 (custom)
2019-09-25 05:52:27,255 [pool-37-thread-1] INFO  server.RaftServerConfigKeys (ConfUtils.java:logGet(43)) - raft.server.log.force.sync.num = 128 (default)
2019-09-25 05:52:27,255 [pool-37-thread-1] INFO  server.RaftServerConfigKeys (ConfUtils.java:logGet(43)) - raft.server.log.statemachine.data.sync = true (default)
2019-09-25 05:52:27,255 [pool-37-thread-1] INFO  server.RaftServerConfigKeys (ConfUtils.java:logGet(43)) - raft.server.log.statemachine.data.sync.timeout = 10s (default)
2019-09-25 05:52:27,255 [pool-37-thread-1] INFO  server.RaftServerConfigKeys (ConfUtils.java:logGet(43)) - raft.server.log.statemachine.data.sync.timeout.retry = -1 (default)
2019-09-25 05:52:27,255 [pool-37-thread-1] INFO  server.RaftServerConfigKeys (ConfUtils.java:logGet(43)) - raft.server.log.statemachine.data.caching.enabled = true (custom)
2019-09-25 05:52:27,255 [pool-37-thread-1] INFO  segmented.SegmentedRaftLogWorker (SegmentedRaftLogWorker.java:lambda$new$0(132)) - 5be219b2-97fd-4a8c-91ea-b15aa89454d4@group-76A4C42608E4-SegmentedRaftLogWorker: flushIndex: setUnconditionally 0 -> -1
2019-09-25 05:52:27,258 [pool-37-thread-1] INFO  server.RaftServerConfigKeys (ConfUtils.java:logGet(43)) - raft.server.snapshot.auto.trigger.enabled = true (custom)
2019-09-25 05:52:27,258 [pool-37-thread-1] INFO  server.RaftServerConfigKeys (ConfUtils.java:logGet(43)) - raft.server.snapshot.auto.trigger.threshold = 10000 (custom)
2019-09-25 05:52:27,258 [pool-37-thread-1] INFO  server.RaftServerConfigKeys (ConfUtils.java:logGet(43)) - raft.server.snapshot.retention.num.files = 5 (custom)
2019-09-25 05:52:27,258 [pool-37-thread-1] INFO  server.RaftServerConfigKeys (ConfUtils.java:logGet(43)) - raft.server.retrycache.expirytime = 600000ms (custom)
2019-09-25 05:52:27,260 [pool-37-thread-1] INFO  impl.RaftServerImpl (RaftServerImpl.java:start(185)) - 5be219b2-97fd-4a8c-91ea-b15aa89454d4@group-76A4C42608E4: start as a follower, conf=-1: [5be219b2-97fd-4a8c-91ea-b15aa89454d4:192.168.30.10:40625], old=null
2019-09-25 05:52:27,261 [pool-37-thread-1] INFO  impl.RaftServerImpl (RaftServerImpl.java:setRole(174)) - 5be219b2-97fd-4a8c-91ea-b15aa89454d4@group-76A4C42608E4: changes role from      null to FOLLOWER at term 0 for startAsFollower
2019-09-25 05:52:27,261 [pool-37-thread-1] INFO  impl.RoleInfo (RoleInfo.java:updateAndGet(143)) - 5be219b2-97fd-4a8c-91ea-b15aa89454d4: start FollowerState
2019-09-25 05:52:27,261 [pool-37-thread-1] INFO  util.JmxRegister (JmxRegister.java:tryRegister(44)) - Successfully registered JMX Bean with object name Ratis:service=RaftServer,group=group-76A4C42608E4,id=5be219b2-97fd-4a8c-91ea-b15aa89454d4
2019-09-25 05:52:27,269 [RatisPipelineUtilsThread] INFO  pipeline.PipelineStateManager (PipelineStateManager.java:addPipeline(56)) - Created pipeline Pipeline[ Id: b84a4bf3-d1cf-45fb-928e-76a4c42608e4, Nodes: 5be219b2-97fd-4a8c-91ea-b15aa89454d4{ip: 192.168.30.10, host: pr-hdds-1569-s62bp-3040748787, networkLocation: /default-rack, certSerialId: null}, Type:RATIS, Factor:ONE, State:OPEN]
2019-09-25 05:52:27,283 [grpc-default-executor-0] INFO  impl.RaftServerProxy (RaftServerProxy.java:addNew(89)) - 0bbc1277-be6f-4bf3-88cf-1c3b12e139ad: addNew group-251D6F656D3D:[0bbc1277-be6f-4bf3-88cf-1c3b12e139ad:192.168.30.10:46701] returns group-251D6F656D3D:java.util.concurrent.CompletableFuture@7de0668e[Not completed]
2019-09-25 05:52:27,285 [pool-27-thread-1] INFO  impl.RaftServerImpl (RaftServerImpl.java:<init>(95)) - 0bbc1277-be6f-4bf3-88cf-1c3b12e139ad: new RaftServerImpl for group-251D6F656D3D:[0bbc1277-be6f-4bf3-88cf-1c3b12e139ad:192.168.30.10:46701] with ContainerStateMachine:uninitialized
2019-09-25 05:52:27,285 [pool-27-thread-1] INFO  server.RaftServerConfigKeys (ConfUtils.java:logGet(43)) - raft.server.rpc.timeout.min = 5s (custom)
2019-09-25 05:52:27,285 [pool-27-thread-1] INFO  server.RaftServerConfigKeys (ConfUtils.java:logGet(43)) - raft.server.rpc.timeout.max = 5200ms (custom)
2019-09-25 05:52:27,285 [pool-27-thread-1] INFO  server.RaftServerConfigKeys (ConfUtils.java:logGet(43)) - raft.server.rpcslowness.timeout = 120s (custom)
2019-09-25 05:52:27,285 [pool-27-thread-1] INFO  server.RaftServerConfigKeys (ConfUtils.java:logGet(43)) - raft.server.sleep.deviation.threshold = 300 (default)
2019-09-25 05:52:27,285 [pool-27-thread-1] INFO  server.RaftServerConfigKeys (ConfUtils.java:logGet(43)) - raft.server.log.appender.install.snapshot.enabled = false (custom)
2019-09-25 05:52:27,285 [pool-27-thread-1] INFO  impl.RaftServerImpl (ServerState.java:<init>(103)) - 0bbc1277-be6f-4bf3-88cf-1c3b12e139ad@group-251D6F656D3D: ConfigurationManager, init=-1: [0bbc1277-be6f-4bf3-88cf-1c3b12e139ad:192.168.30.10:46701], old=null, confs=<EMPTY_MAP>
2019-09-25 05:52:27,285 [pool-27-thread-1] INFO  server.RaftServerConfigKeys (ConfUtils.java:logGet(43)) - raft.server.storage.dir = [/workdir/hadoop-ozone/integration-test/target/test-dir/MiniOzoneClusterImpl-5fae48a0-8517-4c16-9d39-4001697b8772/datanode-0/data/ratis] (custom)
2019-09-25 05:52:27,286 [pool-27-thread-1] INFO  storage.RaftStorageDirectory (RaftStorageDirectory.java:analyzeStorage(246)) - The storage directory /workdir/hadoop-ozone/integration-test/target/test-dir/MiniOzoneClusterImpl-5fae48a0-8517-4c16-9d39-4001697b8772/datanode-0/data/ratis/22c09fd2-c0ac-4ec9-9014-251d6f656d3d does not exist. Creating ...
2019-09-25 05:52:27,299 [pool-27-thread-1] INFO  storage.RaftStorageDirectory (RaftStorageDirectory.java:tryLock(328)) - Lock on /workdir/hadoop-ozone/integration-test/target/test-dir/MiniOzoneClusterImpl-5fae48a0-8517-4c16-9d39-4001697b8772/datanode-0/data/ratis/22c09fd2-c0ac-4ec9-9014-251d6f656d3d/in_use.lock acquired by nodename 25594@pr-hdds-1569-s62bp-3040748787
2019-09-25 05:52:27,324 [pool-27-thread-1] INFO  storage.RaftStorage (RaftStorage.java:format(72)) - Storage directory /workdir/hadoop-ozone/integration-test/target/test-dir/MiniOzoneClusterImpl-5fae48a0-8517-4c16-9d39-4001697b8772/datanode-0/data/ratis/22c09fd2-c0ac-4ec9-9014-251d6f656d3d has been successfully formatted.
2019-09-25 05:52:27,324 [pool-27-thread-1] INFO  ratis.ContainerStateMachine (ContainerStateMachine.java:loadSnapshot(230)) - group-251D6F656D3D: The snapshot info is null. Setting the last applied indexto:(t:0, i:~)
2019-09-25 05:52:27,324 [pool-27-thread-1] INFO  server.RaftServerConfigKeys (ConfUtils.java:logGet(43)) - raft.server.notification.no-leader.timeout = 120s (custom)
2019-09-25 05:52:27,324 [pool-27-thread-1] INFO  server.RaftServerConfigKeys (ConfUtils.java:logGet(43)) - raft.server.log.use.memory = false (default)
2019-09-25 05:52:27,324 [pool-27-thread-1] INFO  server.RaftServerConfigKeys (ConfUtils.java:logGet(43)) - raft.server.log.purge.gap = 1000000 (custom)
2019-09-25 05:52:27,325 [pool-27-thread-1] INFO  server.RaftServerConfigKeys (ConfUtils.java:logGet(43)) - raft.server.log.appender.buffer.byte-limit = 33554432 (custom)
2019-09-25 05:52:27,325 [pool-27-thread-1] INFO  server.RaftServerConfigKeys (ConfUtils.java:logGet(43)) - raft.server.log.segment.size.max = 1048576 (custom)
2019-09-25 05:52:27,325 [pool-27-thread-1] INFO  server.RaftServerConfigKeys (ConfUtils.java:logGet(43)) - raft.server.log.segment.cache.num.max = 2 (custom)
2019-09-25 05:52:27,325 [pool-27-thread-1] INFO  segmented.SegmentedRaftLogWorker (SegmentedRaftLogWorker.java:<init>(172)) - new 0bbc1277-be6f-4bf3-88cf-1c3b12e139ad@group-251D6F656D3D-SegmentedRaftLogWorker for RaftStorage:Storage Directory /workdir/hadoop-ozone/integration-test/target/test-dir/MiniOzoneClusterImpl-5fae48a0-8517-4c16-9d39-4001697b8772/datanode-0/data/ratis/22c09fd2-c0ac-4ec9-9014-251d6f656d3d
2019-09-25 05:52:27,325 [pool-27-thread-1] INFO  server.RaftServerConfigKeys (ConfUtils.java:logGet(43)) - raft.server.log.queue.byte-limit = 2147483647 (custom)
2019-09-25 05:52:27,325 [pool-27-thread-1] INFO  server.RaftServerConfigKeys (ConfUtils.java:logGet(43)) - raft.server.log.queue.element-limit = 1024 (custom)
2019-09-25 05:52:27,326 [pool-27-thread-1] INFO  server.RaftServerConfigKeys (ConfUtils.java:logGet(43)) - raft.server.log.segment.size.max = 1048576 (custom)
2019-09-25 05:52:27,326 [pool-27-thread-1] INFO  server.RaftServerConfigKeys (ConfUtils.java:logGet(43)) - raft.server.log.preallocated.size = 16384 (custom)
2019-09-25 05:52:27,326 [pool-27-thread-1] INFO  server.RaftServerConfigKeys (ConfUtils.java:logGet(43)) - raft.server.log.write.buffer.size = 33554432 (custom)
2019-09-25 05:52:27,326 [pool-27-thread-1] INFO  server.RaftServerConfigKeys (ConfUtils.java:logGet(43)) - raft.server.log.force.sync.num = 128 (default)
2019-09-25 05:52:27,326 [pool-27-thread-1] INFO  server.RaftServerConfigKeys (ConfUtils.java:logGet(43)) - raft.server.log.statemachine.data.sync = true (default)
2019-09-25 05:52:27,326 [pool-27-thread-1] INFO  server.RaftServerConfigKeys (ConfUtils.java:logGet(43)) - raft.server.log.statemachine.data.sync.timeout = 10s (default)
2019-09-25 05:52:27,326 [pool-27-thread-1] INFO  server.RaftServerConfigKeys (ConfUtils.java:logGet(43)) - raft.server.log.statemachine.data.sync.timeout.retry = -1 (default)
2019-09-25 05:52:27,329 [pool-27-thread-1] INFO  server.RaftServerConfigKeys (ConfUtils.java:logGet(43)) - raft.server.log.statemachine.data.caching.enabled = true (custom)
2019-09-25 05:52:27,329 [pool-27-thread-1] INFO  segmented.SegmentedRaftLogWorker (SegmentedRaftLogWorker.java:lambda$new$0(132)) - 0bbc1277-be6f-4bf3-88cf-1c3b12e139ad@group-251D6F656D3D-SegmentedRaftLogWorker: flushIndex: setUnconditionally 0 -> -1
2019-09-25 05:52:27,330 [pool-27-thread-1] INFO  server.RaftServerConfigKeys (ConfUtils.java:logGet(43)) - raft.server.snapshot.auto.trigger.enabled = true (custom)
2019-09-25 05:52:27,330 [pool-27-thread-1] INFO  server.RaftServerConfigKeys (ConfUtils.java:logGet(43)) - raft.server.snapshot.auto.trigger.threshold = 10000 (custom)
2019-09-25 05:52:27,330 [pool-27-thread-1] INFO  server.RaftServerConfigKeys (ConfUtils.java:logGet(43)) - raft.server.snapshot.retention.num.files = 5 (custom)
2019-09-25 05:52:27,332 [pool-27-thread-1] INFO  server.RaftServerConfigKeys (ConfUtils.java:logGet(43)) - raft.server.retrycache.expirytime = 600000ms (custom)
2019-09-25 05:52:27,358 [main] INFO  rpc.RpcClient (RpcClient.java:createVolume(276)) - Creating Volume: test-key-input-stream-volume, with jenkins1000 as owner.
2019-09-25 05:52:27,376 [pool-27-thread-1] INFO  impl.RaftServerImpl (RaftServerImpl.java:start(185)) - 0bbc1277-be6f-4bf3-88cf-1c3b12e139ad@group-251D6F656D3D: start as a follower, conf=-1: [0bbc1277-be6f-4bf3-88cf-1c3b12e139ad:192.168.30.10:46701], old=null
2019-09-25 05:52:27,376 [pool-27-thread-1] INFO  impl.RaftServerImpl (RaftServerImpl.java:setRole(174)) - 0bbc1277-be6f-4bf3-88cf-1c3b12e139ad@group-251D6F656D3D: changes role from      null to FOLLOWER at term 0 for startAsFollower
2019-09-25 05:52:27,377 [pool-27-thread-1] INFO  impl.RoleInfo (RoleInfo.java:updateAndGet(143)) - 0bbc1277-be6f-4bf3-88cf-1c3b12e139ad: start FollowerState
2019-09-25 05:52:27,377 [pool-27-thread-1] INFO  util.JmxRegister (JmxRegister.java:tryRegister(44)) - Successfully registered JMX Bean with object name Ratis:service=RaftServer,group=group-251D6F656D3D,id=0bbc1277-be6f-4bf3-88cf-1c3b12e139ad
2019-09-25 05:52:27,387 [RatisPipelineUtilsThread] INFO  pipeline.PipelineStateManager (PipelineStateManager.java:addPipeline(56)) - Created pipeline Pipeline[ Id: 22c09fd2-c0ac-4ec9-9014-251d6f656d3d, Nodes: 0bbc1277-be6f-4bf3-88cf-1c3b12e139ad{ip: 192.168.30.10, host: pr-hdds-1569-s62bp-3040748787, networkLocation: /default-rack, certSerialId: null}, Type:RATIS, Factor:ONE, State:OPEN]
2019-09-25 05:52:27,402 [grpc-default-executor-0] INFO  impl.RaftServerProxy (RaftServerProxy.java:addNew(89)) - 5be219b2-97fd-4a8c-91ea-b15aa89454d4: addNew group-6524760BB73A:[5be219b2-97fd-4a8c-91ea-b15aa89454d4:192.168.30.10:40625] returns group-6524760BB73A:java.util.concurrent.CompletableFuture@3e321432[Not completed]
2019-09-25 05:52:27,404 [pool-37-thread-1] INFO  impl.RaftServerImpl (RaftServerImpl.java:<init>(95)) - 5be219b2-97fd-4a8c-91ea-b15aa89454d4: new RaftServerImpl for group-6524760BB73A:[5be219b2-97fd-4a8c-91ea-b15aa89454d4:192.168.30.10:40625] with ContainerStateMachine:uninitialized
2019-09-25 05:52:27,404 [pool-37-thread-1] INFO  server.RaftServerConfigKeys (ConfUtils.java:logGet(43)) - raft.server.rpc.timeout.min = 5s (custom)
2019-09-25 05:52:27,404 [pool-37-thread-1] INFO  server.RaftServerConfigKeys (ConfUtils.java:logGet(43)) - raft.server.rpc.timeout.max = 5200ms (custom)
2019-09-25 05:52:27,404 [pool-37-thread-1] INFO  server.RaftServerConfigKeys (ConfUtils.java:logGet(43)) - raft.server.rpcslowness.timeout = 120s (custom)
2019-09-25 05:52:27,404 [pool-37-thread-1] INFO  server.RaftServerConfigKeys (ConfUtils.java:logGet(43)) - raft.server.sleep.deviation.threshold = 300 (default)
2019-09-25 05:52:27,405 [pool-37-thread-1] INFO  server.RaftServerConfigKeys (ConfUtils.java:logGet(43)) - raft.server.log.appender.install.snapshot.enabled = false (custom)
2019-09-25 05:52:27,405 [pool-37-thread-1] INFO  impl.RaftServerImpl (ServerState.java:<init>(103)) - 5be219b2-97fd-4a8c-91ea-b15aa89454d4@group-6524760BB73A: ConfigurationManager, init=-1: [5be219b2-97fd-4a8c-91ea-b15aa89454d4:192.168.30.10:40625], old=null, confs=<EMPTY_MAP>
2019-09-25 05:52:27,405 [pool-37-thread-1] INFO  server.RaftServerConfigKeys (ConfUtils.java:logGet(43)) - raft.server.storage.dir = [/workdir/hadoop-ozone/integration-test/target/test-dir/MiniOzoneClusterImpl-5fae48a0-8517-4c16-9d39-4001697b8772/datanode-1/data/ratis] (custom)
2019-09-25 05:52:27,405 [pool-37-thread-1] INFO  storage.RaftStorageDirectory (RaftStorageDirectory.java:analyzeStorage(246)) - The storage directory /workdir/hadoop-ozone/integration-test/target/test-dir/MiniOzoneClusterImpl-5fae48a0-8517-4c16-9d39-4001697b8772/datanode-1/data/ratis/7dfeeacd-6682-42a9-ba82-6524760bb73a does not exist. Creating ...
2019-09-25 05:52:27,418 [pool-37-thread-1] INFO  storage.RaftStorageDirectory (RaftStorageDirectory.java:tryLock(328)) - Lock on /workdir/hadoop-ozone/integration-test/target/test-dir/MiniOzoneClusterImpl-5fae48a0-8517-4c16-9d39-4001697b8772/datanode-1/data/ratis/7dfeeacd-6682-42a9-ba82-6524760bb73a/in_use.lock acquired by nodename 25594@pr-hdds-1569-s62bp-3040748787
2019-09-25 05:52:27,431 [pool-37-thread-1] INFO  storage.RaftStorage (RaftStorage.java:format(72)) - Storage directory /workdir/hadoop-ozone/integration-test/target/test-dir/MiniOzoneClusterImpl-5fae48a0-8517-4c16-9d39-4001697b8772/datanode-1/data/ratis/7dfeeacd-6682-42a9-ba82-6524760bb73a has been successfully formatted.
2019-09-25 05:52:27,431 [pool-37-thread-1] INFO  ratis.ContainerStateMachine (ContainerStateMachine.java:loadSnapshot(230)) - group-6524760BB73A: The snapshot info is null. Setting the last applied indexto:(t:0, i:~)
2019-09-25 05:52:27,432 [pool-37-thread-1] INFO  server.RaftServerConfigKeys (ConfUtils.java:logGet(43)) - raft.server.notification.no-leader.timeout = 120s (custom)
2019-09-25 05:52:27,432 [pool-37-thread-1] INFO  server.RaftServerConfigKeys (ConfUtils.java:logGet(43)) - raft.server.log.use.memory = false (default)
2019-09-25 05:52:27,432 [pool-37-thread-1] INFO  server.RaftServerConfigKeys (ConfUtils.java:logGet(43)) - raft.server.log.purge.gap = 1000000 (custom)
2019-09-25 05:52:27,432 [pool-37-thread-1] INFO  server.RaftServerConfigKeys (ConfUtils.java:logGet(43)) - raft.server.log.appender.buffer.byte-limit = 33554432 (custom)
2019-09-25 05:52:27,432 [pool-37-thread-1] INFO  server.RaftServerConfigKeys (ConfUtils.java:logGet(43)) - raft.server.log.segment.size.max = 1048576 (custom)
2019-09-25 05:52:27,432 [pool-37-thread-1] INFO  server.RaftServerConfigKeys (ConfUtils.java:logGet(43)) - raft.server.log.segment.cache.num.max = 2 (custom)
2019-09-25 05:52:27,432 [pool-37-thread-1] INFO  segmented.SegmentedRaftLogWorker (SegmentedRaftLogWorker.java:<init>(172)) - new 5be219b2-97fd-4a8c-91ea-b15aa89454d4@group-6524760BB73A-SegmentedRaftLogWorker for RaftStorage:Storage Directory /workdir/hadoop-ozone/integration-test/target/test-dir/MiniOzoneClusterImpl-5fae48a0-8517-4c16-9d39-4001697b8772/datanode-1/data/ratis/7dfeeacd-6682-42a9-ba82-6524760bb73a
2019-09-25 05:52:27,433 [pool-37-thread-1] INFO  server.RaftServerConfigKeys (ConfUtils.java:logGet(43)) - raft.server.log.queue.byte-limit = 2147483647 (custom)
2019-09-25 05:52:27,433 [pool-37-thread-1] INFO  server.RaftServerConfigKeys (ConfUtils.java:logGet(43)) - raft.server.log.queue.element-limit = 1024 (custom)
2019-09-25 05:52:27,433 [pool-37-thread-1] INFO  server.RaftServerConfigKeys (ConfUtils.java:logGet(43)) - raft.server.log.segment.size.max = 1048576 (custom)
2019-09-25 05:52:27,433 [pool-37-thread-1] INFO  server.RaftServerConfigKeys (ConfUtils.java:logGet(43)) - raft.server.log.preallocated.size = 16384 (custom)
2019-09-25 05:52:27,433 [pool-37-thread-1] INFO  server.RaftServerConfigKeys (ConfUtils.java:logGet(43)) - raft.server.log.write.buffer.size = 33554432 (custom)
2019-09-25 05:52:27,433 [pool-37-thread-1] INFO  server.RaftServerConfigKeys (ConfUtils.java:logGet(43)) - raft.server.log.force.sync.num = 128 (default)
2019-09-25 05:52:27,433 [pool-37-thread-1] INFO  server.RaftServerConfigKeys (ConfUtils.java:logGet(43)) - raft.server.log.statemachine.data.sync = true (default)
2019-09-25 05:52:27,434 [pool-37-thread-1] INFO  server.RaftServerConfigKeys (ConfUtils.java:logGet(43)) - raft.server.log.statemachine.data.sync.timeout = 10s (default)
2019-09-25 05:52:27,434 [pool-37-thread-1] INFO  server.RaftServerConfigKeys (ConfUtils.java:logGet(43)) - raft.server.log.statemachine.data.sync.timeout.retry = -1 (default)
2019-09-25 05:52:27,434 [pool-37-thread-1] INFO  server.RaftServerConfigKeys (ConfUtils.java:logGet(43)) - raft.server.log.statemachine.data.caching.enabled = true (custom)
2019-09-25 05:52:27,434 [pool-37-thread-1] INFO  segmented.SegmentedRaftLogWorker (SegmentedRaftLogWorker.java:lambda$new$0(132)) - 5be219b2-97fd-4a8c-91ea-b15aa89454d4@group-6524760BB73A-SegmentedRaftLogWorker: flushIndex: setUnconditionally 0 -> -1
2019-09-25 05:52:27,435 [pool-37-thread-1] INFO  server.RaftServerConfigKeys (ConfUtils.java:logGet(43)) - raft.server.snapshot.auto.trigger.enabled = true (custom)
2019-09-25 05:52:27,435 [pool-37-thread-1] INFO  server.RaftServerConfigKeys (ConfUtils.java:logGet(43)) - raft.server.snapshot.auto.trigger.threshold = 10000 (custom)
2019-09-25 05:52:27,435 [pool-37-thread-1] INFO  server.RaftServerConfigKeys (ConfUtils.java:logGet(43)) - raft.server.snapshot.retention.num.files = 5 (custom)
2019-09-25 05:52:27,435 [pool-37-thread-1] INFO  server.RaftServerConfigKeys (ConfUtils.java:logGet(43)) - raft.server.retrycache.expirytime = 600000ms (custom)
2019-09-25 05:52:27,438 [pool-37-thread-1] INFO  impl.RaftServerImpl (RaftServerImpl.java:start(185)) - 5be219b2-97fd-4a8c-91ea-b15aa89454d4@group-6524760BB73A: start as a follower, conf=-1: [5be219b2-97fd-4a8c-91ea-b15aa89454d4:192.168.30.10:40625], old=null
2019-09-25 05:52:27,438 [pool-37-thread-1] INFO  impl.RaftServerImpl (RaftServerImpl.java:setRole(174)) - 5be219b2-97fd-4a8c-91ea-b15aa89454d4@group-6524760BB73A: changes role from      null to FOLLOWER at term 0 for startAsFollower
2019-09-25 05:52:27,438 [pool-37-thread-1] INFO  impl.RoleInfo (RoleInfo.java:updateAndGet(143)) - 5be219b2-97fd-4a8c-91ea-b15aa89454d4: start FollowerState
2019-09-25 05:52:27,438 [pool-37-thread-1] INFO  util.JmxRegister (JmxRegister.java:tryRegister(44)) - Successfully registered JMX Bean with object name Ratis:service=RaftServer,group=group-6524760BB73A,id=5be219b2-97fd-4a8c-91ea-b15aa89454d4
2019-09-25 05:52:27,444 [RatisPipelineUtilsThread] INFO  pipeline.PipelineStateManager (PipelineStateManager.java:addPipeline(56)) - Created pipeline Pipeline[ Id: 7dfeeacd-6682-42a9-ba82-6524760bb73a, Nodes: 5be219b2-97fd-4a8c-91ea-b15aa89454d4{ip: 192.168.30.10, host: pr-hdds-1569-s62bp-3040748787, networkLocation: /default-rack, certSerialId: null}, Type:RATIS, Factor:ONE, State:OPEN]
2019-09-25 05:52:27,457 [grpc-default-executor-0] INFO  impl.RaftServerProxy (RaftServerProxy.java:addNew(89)) - 0bbc1277-be6f-4bf3-88cf-1c3b12e139ad: addNew group-581D88885FE1:[0bbc1277-be6f-4bf3-88cf-1c3b12e139ad:192.168.30.10:46701] returns group-581D88885FE1:java.util.concurrent.CompletableFuture@183ce3e5[Not completed]
2019-09-25 05:52:27,459 [pool-27-thread-1] INFO  impl.RaftServerImpl (RaftServerImpl.java:<init>(95)) - 0bbc1277-be6f-4bf3-88cf-1c3b12e139ad: new RaftServerImpl for group-581D88885FE1:[0bbc1277-be6f-4bf3-88cf-1c3b12e139ad:192.168.30.10:46701] with ContainerStateMachine:uninitialized
2019-09-25 05:52:27,460 [pool-27-thread-1] INFO  server.RaftServerConfigKeys (ConfUtils.java:logGet(43)) - raft.server.rpc.timeout.min = 5s (custom)
2019-09-25 05:52:27,460 [pool-27-thread-1] INFO  server.RaftServerConfigKeys (ConfUtils.java:logGet(43)) - raft.server.rpc.timeout.max = 5200ms (custom)
2019-09-25 05:52:27,460 [pool-27-thread-1] INFO  server.RaftServerConfigKeys (ConfUtils.java:logGet(43)) - raft.server.rpcslowness.timeout = 120s (custom)
2019-09-25 05:52:27,460 [pool-27-thread-1] INFO  server.RaftServerConfigKeys (ConfUtils.java:logGet(43)) - raft.server.sleep.deviation.threshold = 300 (default)
2019-09-25 05:52:27,460 [pool-27-thread-1] INFO  server.RaftServerConfigKeys (ConfUtils.java:logGet(43)) - raft.server.log.appender.install.snapshot.enabled = false (custom)
2019-09-25 05:52:27,460 [pool-27-thread-1] INFO  impl.RaftServerImpl (ServerState.java:<init>(103)) - 0bbc1277-be6f-4bf3-88cf-1c3b12e139ad@group-581D88885FE1: ConfigurationManager, init=-1: [0bbc1277-be6f-4bf3-88cf-1c3b12e139ad:192.168.30.10:46701], old=null, confs=<EMPTY_MAP>
2019-09-25 05:52:27,461 [pool-27-thread-1] INFO  server.RaftServerConfigKeys (ConfUtils.java:logGet(43)) - raft.server.storage.dir = [/workdir/hadoop-ozone/integration-test/target/test-dir/MiniOzoneClusterImpl-5fae48a0-8517-4c16-9d39-4001697b8772/datanode-0/data/ratis] (custom)
2019-09-25 05:52:27,461 [pool-27-thread-1] INFO  storage.RaftStorageDirectory (RaftStorageDirectory.java:analyzeStorage(246)) - The storage directory /workdir/hadoop-ozone/integration-test/target/test-dir/MiniOzoneClusterImpl-5fae48a0-8517-4c16-9d39-4001697b8772/datanode-0/data/ratis/bef5b78a-d693-4aa3-ace9-581d88885fe1 does not exist. Creating ...
2019-09-25 05:52:27,464 [IPC Server handler 0 on 46364] INFO  volume.OMVolumeCreateRequest (OMVolumeCreateRequest.java:validateAndUpdateCache(189)) - created volume:test-key-input-stream-volume for user:jenkins1000
2019-09-25 05:52:27,475 [pool-27-thread-1] INFO  storage.RaftStorageDirectory (RaftStorageDirectory.java:tryLock(328)) - Lock on /workdir/hadoop-ozone/integration-test/target/test-dir/MiniOzoneClusterImpl-5fae48a0-8517-4c16-9d39-4001697b8772/datanode-0/data/ratis/bef5b78a-d693-4aa3-ace9-581d88885fe1/in_use.lock acquired by nodename 25594@pr-hdds-1569-s62bp-3040748787
2019-09-25 05:52:27,494 [main] INFO  rpc.RpcClient (RpcClient.java:createBucket(415)) - Creating Bucket: test-key-input-stream-volume/test-key-input-stream-bucket, with Versioning false and Storage Type set to DISK and Encryption set to false 
2019-09-25 05:52:27,497 [pool-27-thread-1] INFO  storage.RaftStorage (RaftStorage.java:format(72)) - Storage directory /workdir/hadoop-ozone/integration-test/target/test-dir/MiniOzoneClusterImpl-5fae48a0-8517-4c16-9d39-4001697b8772/datanode-0/data/ratis/bef5b78a-d693-4aa3-ace9-581d88885fe1 has been successfully formatted.
2019-09-25 05:52:27,497 [pool-27-thread-1] INFO  ratis.ContainerStateMachine (ContainerStateMachine.java:loadSnapshot(230)) - group-581D88885FE1: The snapshot info is null. Setting the last applied indexto:(t:0, i:~)
2019-09-25 05:52:27,497 [pool-27-thread-1] INFO  server.RaftServerConfigKeys (ConfUtils.java:logGet(43)) - raft.server.notification.no-leader.timeout = 120s (custom)
2019-09-25 05:52:27,498 [pool-27-thread-1] INFO  server.RaftServerConfigKeys (ConfUtils.java:logGet(43)) - raft.server.log.use.memory = false (default)
2019-09-25 05:52:27,498 [pool-27-thread-1] INFO  server.RaftServerConfigKeys (ConfUtils.java:logGet(43)) - raft.server.log.purge.gap = 1000000 (custom)
2019-09-25 05:52:27,498 [pool-27-thread-1] INFO  server.RaftServerConfigKeys (ConfUtils.java:logGet(43)) - raft.server.log.appender.buffer.byte-limit = 33554432 (custom)
2019-09-25 05:52:27,498 [pool-27-thread-1] INFO  server.RaftServerConfigKeys (ConfUtils.java:logGet(43)) - raft.server.log.segment.size.max = 1048576 (custom)
2019-09-25 05:52:27,498 [pool-27-thread-1] INFO  server.RaftServerConfigKeys (ConfUtils.java:logGet(43)) - raft.server.log.segment.cache.num.max = 2 (custom)
2019-09-25 05:52:27,498 [pool-27-thread-1] INFO  segmented.SegmentedRaftLogWorker (SegmentedRaftLogWorker.java:<init>(172)) - new 0bbc1277-be6f-4bf3-88cf-1c3b12e139ad@group-581D88885FE1-SegmentedRaftLogWorker for RaftStorage:Storage Directory /workdir/hadoop-ozone/integration-test/target/test-dir/MiniOzoneClusterImpl-5fae48a0-8517-4c16-9d39-4001697b8772/datanode-0/data/ratis/bef5b78a-d693-4aa3-ace9-581d88885fe1
2019-09-25 05:52:27,498 [pool-27-thread-1] INFO  server.RaftServerConfigKeys (ConfUtils.java:logGet(43)) - raft.server.log.queue.byte-limit = 2147483647 (custom)
2019-09-25 05:52:27,499 [pool-27-thread-1] INFO  server.RaftServerConfigKeys (ConfUtils.java:logGet(43)) - raft.server.log.queue.element-limit = 1024 (custom)
2019-09-25 05:52:27,499 [pool-27-thread-1] INFO  server.RaftServerConfigKeys (ConfUtils.java:logGet(43)) - raft.server.log.segment.size.max = 1048576 (custom)
2019-09-25 05:52:27,499 [pool-27-thread-1] INFO  server.RaftServerConfigKeys (ConfUtils.java:logGet(43)) - raft.server.log.preallocated.size = 16384 (custom)
2019-09-25 05:52:27,499 [pool-27-thread-1] INFO  server.RaftServerConfigKeys (ConfUtils.java:logGet(43)) - raft.server.log.write.buffer.size = 33554432 (custom)
2019-09-25 05:52:27,499 [pool-27-thread-1] INFO  server.RaftServerConfigKeys (ConfUtils.java:logGet(43)) - raft.server.log.force.sync.num = 128 (default)
2019-09-25 05:52:27,499 [pool-27-thread-1] INFO  server.RaftServerConfigKeys (ConfUtils.java:logGet(43)) - raft.server.log.statemachine.data.sync = true (default)
2019-09-25 05:52:27,499 [pool-27-thread-1] INFO  server.RaftServerConfigKeys (ConfUtils.java:logGet(43)) - raft.server.log.statemachine.data.sync.timeout = 10s (default)
2019-09-25 05:52:27,500 [pool-27-thread-1] INFO  server.RaftServerConfigKeys (ConfUtils.java:logGet(43)) - raft.server.log.statemachine.data.sync.timeout.retry = -1 (default)
2019-09-25 05:52:27,500 [pool-27-thread-1] INFO  server.RaftServerConfigKeys (ConfUtils.java:logGet(43)) - raft.server.log.statemachine.data.caching.enabled = true (custom)
2019-09-25 05:52:27,500 [pool-27-thread-1] INFO  segmented.SegmentedRaftLogWorker (SegmentedRaftLogWorker.java:lambda$new$0(132)) - 0bbc1277-be6f-4bf3-88cf-1c3b12e139ad@group-581D88885FE1-SegmentedRaftLogWorker: flushIndex: setUnconditionally 0 -> -1
2019-09-25 05:52:27,500 [pool-27-thread-1] INFO  server.RaftServerConfigKeys (ConfUtils.java:logGet(43)) - raft.server.snapshot.auto.trigger.enabled = true (custom)
2019-09-25 05:52:27,500 [pool-27-thread-1] INFO  server.RaftServerConfigKeys (ConfUtils.java:logGet(43)) - raft.server.snapshot.auto.trigger.threshold = 10000 (custom)
2019-09-25 05:52:27,501 [pool-27-thread-1] INFO  server.RaftServerConfigKeys (ConfUtils.java:logGet(43)) - raft.server.snapshot.retention.num.files = 5 (custom)
2019-09-25 05:52:27,501 [pool-27-thread-1] INFO  server.RaftServerConfigKeys (ConfUtils.java:logGet(43)) - raft.server.retrycache.expirytime = 600000ms (custom)
2019-09-25 05:52:27,505 [pool-27-thread-1] INFO  impl.RaftServerImpl (RaftServerImpl.java:start(185)) - 0bbc1277-be6f-4bf3-88cf-1c3b12e139ad@group-581D88885FE1: start as a follower, conf=-1: [0bbc1277-be6f-4bf3-88cf-1c3b12e139ad:192.168.30.10:46701], old=null
2019-09-25 05:52:27,506 [pool-27-thread-1] INFO  impl.RaftServerImpl (RaftServerImpl.java:setRole(174)) - 0bbc1277-be6f-4bf3-88cf-1c3b12e139ad@group-581D88885FE1: changes role from      null to FOLLOWER at term 0 for startAsFollower
2019-09-25 05:52:27,506 [pool-27-thread-1] INFO  impl.RoleInfo (RoleInfo.java:updateAndGet(143)) - 0bbc1277-be6f-4bf3-88cf-1c3b12e139ad: start FollowerState
2019-09-25 05:52:27,506 [pool-27-thread-1] INFO  util.JmxRegister (JmxRegister.java:tryRegister(44)) - Successfully registered JMX Bean with object name Ratis:service=RaftServer,group=group-581D88885FE1,id=0bbc1277-be6f-4bf3-88cf-1c3b12e139ad
2019-09-25 05:52:27,513 [RatisPipelineUtilsThread] INFO  pipeline.PipelineStateManager (PipelineStateManager.java:addPipeline(56)) - Created pipeline Pipeline[ Id: bef5b78a-d693-4aa3-ace9-581d88885fe1, Nodes: 0bbc1277-be6f-4bf3-88cf-1c3b12e139ad{ip: 192.168.30.10, host: pr-hdds-1569-s62bp-3040748787, networkLocation: /default-rack, certSerialId: null}, Type:RATIS, Factor:ONE, State:OPEN]
2019-09-25 05:52:27,527 [grpc-default-executor-0] INFO  impl.RaftServerProxy (RaftServerProxy.java:addNew(89)) - 5be219b2-97fd-4a8c-91ea-b15aa89454d4: addNew group-376802F275B2:[5be219b2-97fd-4a8c-91ea-b15aa89454d4:192.168.30.10:40625] returns group-376802F275B2:java.util.concurrent.CompletableFuture@30342671[Not completed]
2019-09-25 05:52:27,529 [main] INFO  impl.MetricsSystemImpl (MetricsSystemImpl.java:init(158)) - XceiverClientMetrics metrics system started (again)
2019-09-25 05:52:27,529 [pool-37-thread-1] INFO  impl.RaftServerImpl (RaftServerImpl.java:<init>(95)) - 5be219b2-97fd-4a8c-91ea-b15aa89454d4: new RaftServerImpl for group-376802F275B2:[5be219b2-97fd-4a8c-91ea-b15aa89454d4:192.168.30.10:40625] with ContainerStateMachine:uninitialized
2019-09-25 05:52:27,529 [pool-37-thread-1] INFO  server.RaftServerConfigKeys (ConfUtils.java:logGet(43)) - raft.server.rpc.timeout.min = 5s (custom)
2019-09-25 05:52:27,529 [pool-37-thread-1] INFO  server.RaftServerConfigKeys (ConfUtils.java:logGet(43)) - raft.server.rpc.timeout.max = 5200ms (custom)
2019-09-25 05:52:27,529 [pool-37-thread-1] INFO  server.RaftServerConfigKeys (ConfUtils.java:logGet(43)) - raft.server.rpcslowness.timeout = 120s (custom)
2019-09-25 05:52:27,530 [pool-37-thread-1] INFO  server.RaftServerConfigKeys (ConfUtils.java:logGet(43)) - raft.server.sleep.deviation.threshold = 300 (default)
2019-09-25 05:52:27,530 [pool-37-thread-1] INFO  server.RaftServerConfigKeys (ConfUtils.java:logGet(43)) - raft.server.log.appender.install.snapshot.enabled = false (custom)
2019-09-25 05:52:27,530 [pool-37-thread-1] INFO  impl.RaftServerImpl (ServerState.java:<init>(103)) - 5be219b2-97fd-4a8c-91ea-b15aa89454d4@group-376802F275B2: ConfigurationManager, init=-1: [5be219b2-97fd-4a8c-91ea-b15aa89454d4:192.168.30.10:40625], old=null, confs=<EMPTY_MAP>
2019-09-25 05:52:27,530 [pool-37-thread-1] INFO  server.RaftServerConfigKeys (ConfUtils.java:logGet(43)) - raft.server.storage.dir = [/workdir/hadoop-ozone/integration-test/target/test-dir/MiniOzoneClusterImpl-5fae48a0-8517-4c16-9d39-4001697b8772/datanode-1/data/ratis] (custom)
2019-09-25 05:52:27,531 [pool-37-thread-1] INFO  storage.RaftStorageDirectory (RaftStorageDirectory.java:analyzeStorage(246)) - The storage directory /workdir/hadoop-ozone/integration-test/target/test-dir/MiniOzoneClusterImpl-5fae48a0-8517-4c16-9d39-4001697b8772/datanode-1/data/ratis/46f2b765-4849-444e-8469-376802f275b2 does not exist. Creating ...
2019-09-25 05:52:27,543 [pool-37-thread-1] INFO  storage.RaftStorageDirectory (RaftStorageDirectory.java:tryLock(328)) - Lock on /workdir/hadoop-ozone/integration-test/target/test-dir/MiniOzoneClusterImpl-5fae48a0-8517-4c16-9d39-4001697b8772/datanode-1/data/ratis/46f2b765-4849-444e-8469-376802f275b2/in_use.lock acquired by nodename 25594@pr-hdds-1569-s62bp-3040748787
2019-09-25 05:52:27,558 [pool-37-thread-1] INFO  storage.RaftStorage (RaftStorage.java:format(72)) - Storage directory /workdir/hadoop-ozone/integration-test/target/test-dir/MiniOzoneClusterImpl-5fae48a0-8517-4c16-9d39-4001697b8772/datanode-1/data/ratis/46f2b765-4849-444e-8469-376802f275b2 has been successfully formatted.
2019-09-25 05:52:27,558 [pool-37-thread-1] INFO  ratis.ContainerStateMachine (ContainerStateMachine.java:loadSnapshot(230)) - group-376802F275B2: The snapshot info is null. Setting the last applied indexto:(t:0, i:~)
2019-09-25 05:52:27,558 [pool-37-thread-1] INFO  server.RaftServerConfigKeys (ConfUtils.java:logGet(43)) - raft.server.notification.no-leader.timeout = 120s (custom)
2019-09-25 05:52:27,558 [pool-37-thread-1] INFO  server.RaftServerConfigKeys (ConfUtils.java:logGet(43)) - raft.server.log.use.memory = false (default)
2019-09-25 05:52:27,559 [pool-37-thread-1] INFO  server.RaftServerConfigKeys (ConfUtils.java:logGet(43)) - raft.server.log.purge.gap = 1000000 (custom)
2019-09-25 05:52:27,559 [pool-37-thread-1] INFO  server.RaftServerConfigKeys (ConfUtils.java:logGet(43)) - raft.server.log.appender.buffer.byte-limit = 33554432 (custom)
2019-09-25 05:52:27,559 [pool-37-thread-1] INFO  server.RaftServerConfigKeys (ConfUtils.java:logGet(43)) - raft.server.log.segment.size.max = 1048576 (custom)
2019-09-25 05:52:27,559 [pool-37-thread-1] INFO  server.RaftServerConfigKeys (ConfUtils.java:logGet(43)) - raft.server.log.segment.cache.num.max = 2 (custom)
2019-09-25 05:52:27,559 [pool-37-thread-1] INFO  segmented.SegmentedRaftLogWorker (SegmentedRaftLogWorker.java:<init>(172)) - new 5be219b2-97fd-4a8c-91ea-b15aa89454d4@group-376802F275B2-SegmentedRaftLogWorker for RaftStorage:Storage Directory /workdir/hadoop-ozone/integration-test/target/test-dir/MiniOzoneClusterImpl-5fae48a0-8517-4c16-9d39-4001697b8772/datanode-1/data/ratis/46f2b765-4849-444e-8469-376802f275b2
2019-09-25 05:52:27,560 [pool-37-thread-1] INFO  server.RaftServerConfigKeys (ConfUtils.java:logGet(43)) - raft.server.log.queue.byte-limit = 2147483647 (custom)
2019-09-25 05:52:27,560 [pool-37-thread-1] INFO  server.RaftServerConfigKeys (ConfUtils.java:logGet(43)) - raft.server.log.queue.element-limit = 1024 (custom)
2019-09-25 05:52:27,560 [pool-37-thread-1] INFO  server.RaftServerConfigKeys (ConfUtils.java:logGet(43)) - raft.server.log.segment.size.max = 1048576 (custom)
2019-09-25 05:52:27,560 [pool-37-thread-1] INFO  server.RaftServerConfigKeys (ConfUtils.java:logGet(43)) - raft.server.log.preallocated.size = 16384 (custom)
2019-09-25 05:52:27,560 [pool-37-thread-1] INFO  server.RaftServerConfigKeys (ConfUtils.java:logGet(43)) - raft.server.log.write.buffer.size = 33554432 (custom)
2019-09-25 05:52:27,560 [pool-37-thread-1] INFO  server.RaftServerConfigKeys (ConfUtils.java:logGet(43)) - raft.server.log.force.sync.num = 128 (default)
2019-09-25 05:52:27,561 [pool-37-thread-1] INFO  server.RaftServerConfigKeys (ConfUtils.java:logGet(43)) - raft.server.log.statemachine.data.sync = true (default)
2019-09-25 05:52:27,561 [pool-37-thread-1] INFO  server.RaftServerConfigKeys (ConfUtils.java:logGet(43)) - raft.server.log.statemachine.data.sync.timeout = 10s (default)
2019-09-25 05:52:27,561 [pool-37-thread-1] INFO  server.RaftServerConfigKeys (ConfUtils.java:logGet(43)) - raft.server.log.statemachine.data.sync.timeout.retry = -1 (default)
2019-09-25 05:52:27,561 [pool-37-thread-1] INFO  server.RaftServerConfigKeys (ConfUtils.java:logGet(43)) - raft.server.log.statemachine.data.caching.enabled = true (custom)
2019-09-25 05:52:27,562 [pool-37-thread-1] INFO  segmented.SegmentedRaftLogWorker (SegmentedRaftLogWorker.java:lambda$new$0(132)) - 5be219b2-97fd-4a8c-91ea-b15aa89454d4@group-376802F275B2-SegmentedRaftLogWorker: flushIndex: setUnconditionally 0 -> -1
2019-09-25 05:52:27,562 [pool-37-thread-1] INFO  server.RaftServerConfigKeys (ConfUtils.java:logGet(43)) - raft.server.snapshot.auto.trigger.enabled = true (custom)
2019-09-25 05:52:27,562 [pool-37-thread-1] INFO  server.RaftServerConfigKeys (ConfUtils.java:logGet(43)) - raft.server.snapshot.auto.trigger.threshold = 10000 (custom)
2019-09-25 05:52:27,562 [pool-37-thread-1] INFO  server.RaftServerConfigKeys (ConfUtils.java:logGet(43)) - raft.server.snapshot.retention.num.files = 5 (custom)
2019-09-25 05:52:27,563 [pool-37-thread-1] INFO  server.RaftServerConfigKeys (ConfUtils.java:logGet(43)) - raft.server.retrycache.expirytime = 600000ms (custom)
2019-09-25 05:52:27,566 [pool-37-thread-1] INFO  impl.RaftServerImpl (RaftServerImpl.java:start(185)) - 5be219b2-97fd-4a8c-91ea-b15aa89454d4@group-376802F275B2: start as a follower, conf=-1: [5be219b2-97fd-4a8c-91ea-b15aa89454d4:192.168.30.10:40625], old=null
2019-09-25 05:52:27,566 [pool-37-thread-1] INFO  impl.RaftServerImpl (RaftServerImpl.java:setRole(174)) - 5be219b2-97fd-4a8c-91ea-b15aa89454d4@group-376802F275B2: changes role from      null to FOLLOWER at term 0 for startAsFollower
2019-09-25 05:52:27,567 [pool-37-thread-1] INFO  impl.RoleInfo (RoleInfo.java:updateAndGet(143)) - 5be219b2-97fd-4a8c-91ea-b15aa89454d4: start FollowerState
2019-09-25 05:52:27,567 [pool-37-thread-1] INFO  util.JmxRegister (JmxRegister.java:tryRegister(44)) - Successfully registered JMX Bean with object name Ratis:service=RaftServer,group=group-376802F275B2,id=5be219b2-97fd-4a8c-91ea-b15aa89454d4
2019-09-25 05:52:27,573 [RatisPipelineUtilsThread] INFO  pipeline.PipelineStateManager (PipelineStateManager.java:addPipeline(56)) - Created pipeline Pipeline[ Id: 46f2b765-4849-444e-8469-376802f275b2, Nodes: 5be219b2-97fd-4a8c-91ea-b15aa89454d4{ip: 192.168.30.10, host: pr-hdds-1569-s62bp-3040748787, networkLocation: /default-rack, certSerialId: null}, Type:RATIS, Factor:ONE, State:OPEN]
2019-09-25 05:52:27,582 [grpc-default-executor-0] INFO  impl.RaftServerProxy (RaftServerProxy.java:addNew(89)) - 754f3588-47e6-41ad-b34e-eb7041cce070: addNew group-7E51905CD43B:[754f3588-47e6-41ad-b34e-eb7041cce070:192.168.30.10:41089] returns group-7E51905CD43B:java.util.concurrent.CompletableFuture@7644b603[Not completed]
2019-09-25 05:52:27,583 [pool-47-thread-1] INFO  impl.RaftServerImpl (RaftServerImpl.java:<init>(95)) - 754f3588-47e6-41ad-b34e-eb7041cce070: new RaftServerImpl for group-7E51905CD43B:[754f3588-47e6-41ad-b34e-eb7041cce070:192.168.30.10:41089] with ContainerStateMachine:uninitialized
2019-09-25 05:52:27,583 [pool-47-thread-1] INFO  server.RaftServerConfigKeys (ConfUtils.java:logGet(43)) - raft.server.rpc.timeout.min = 5s (custom)
2019-09-25 05:52:27,583 [pool-47-thread-1] INFO  server.RaftServerConfigKeys (ConfUtils.java:logGet(43)) - raft.server.rpc.timeout.max = 5200ms (custom)
2019-09-25 05:52:27,583 [pool-47-thread-1] INFO  server.RaftServerConfigKeys (ConfUtils.java:logGet(43)) - raft.server.rpcslowness.timeout = 120s (custom)
2019-09-25 05:52:27,584 [pool-47-thread-1] INFO  server.RaftServerConfigKeys (ConfUtils.java:logGet(43)) - raft.server.sleep.deviation.threshold = 300 (default)
2019-09-25 05:52:27,584 [pool-47-thread-1] INFO  server.RaftServerConfigKeys (ConfUtils.java:logGet(43)) - raft.server.log.appender.install.snapshot.enabled = false (custom)
2019-09-25 05:52:27,584 [pool-47-thread-1] INFO  impl.RaftServerImpl (ServerState.java:<init>(103)) - 754f3588-47e6-41ad-b34e-eb7041cce070@group-7E51905CD43B: ConfigurationManager, init=-1: [754f3588-47e6-41ad-b34e-eb7041cce070:192.168.30.10:41089], old=null, confs=<EMPTY_MAP>
2019-09-25 05:52:27,584 [pool-47-thread-1] INFO  server.RaftServerConfigKeys (ConfUtils.java:logGet(43)) - raft.server.storage.dir = [/workdir/hadoop-ozone/integration-test/target/test-dir/MiniOzoneClusterImpl-5fae48a0-8517-4c16-9d39-4001697b8772/datanode-2/data/ratis] (custom)
2019-09-25 05:52:27,584 [pool-47-thread-1] INFO  storage.RaftStorageDirectory (RaftStorageDirectory.java:analyzeStorage(246)) - The storage directory /workdir/hadoop-ozone/integration-test/target/test-dir/MiniOzoneClusterImpl-5fae48a0-8517-4c16-9d39-4001697b8772/datanode-2/data/ratis/546a27fe-9669-49e9-8fee-7e51905cd43b does not exist. Creating ...
2019-09-25 05:52:27,597 [pool-47-thread-1] INFO  storage.RaftStorageDirectory (RaftStorageDirectory.java:tryLock(328)) - Lock on /workdir/hadoop-ozone/integration-test/target/test-dir/MiniOzoneClusterImpl-5fae48a0-8517-4c16-9d39-4001697b8772/datanode-2/data/ratis/546a27fe-9669-49e9-8fee-7e51905cd43b/in_use.lock acquired by nodename 25594@pr-hdds-1569-s62bp-3040748787
2019-09-25 05:52:27,610 [pool-47-thread-1] INFO  storage.RaftStorage (RaftStorage.java:format(72)) - Storage directory /workdir/hadoop-ozone/integration-test/target/test-dir/MiniOzoneClusterImpl-5fae48a0-8517-4c16-9d39-4001697b8772/datanode-2/data/ratis/546a27fe-9669-49e9-8fee-7e51905cd43b has been successfully formatted.
2019-09-25 05:52:27,610 [pool-47-thread-1] INFO  ratis.ContainerStateMachine (ContainerStateMachine.java:loadSnapshot(230)) - group-7E51905CD43B: The snapshot info is null. Setting the last applied indexto:(t:0, i:~)
2019-09-25 05:52:27,610 [pool-47-thread-1] INFO  server.RaftServerConfigKeys (ConfUtils.java:logGet(43)) - raft.server.notification.no-leader.timeout = 120s (custom)
2019-09-25 05:52:27,611 [pool-47-thread-1] INFO  server.RaftServerConfigKeys (ConfUtils.java:logGet(43)) - raft.server.log.use.memory = false (default)
2019-09-25 05:52:27,611 [pool-47-thread-1] INFO  server.RaftServerConfigKeys (ConfUtils.java:logGet(43)) - raft.server.log.purge.gap = 1000000 (custom)
2019-09-25 05:52:27,611 [pool-47-thread-1] INFO  server.RaftServerConfigKeys (ConfUtils.java:logGet(43)) - raft.server.log.appender.buffer.byte-limit = 33554432 (custom)
2019-09-25 05:52:27,611 [pool-47-thread-1] INFO  server.RaftServerConfigKeys (ConfUtils.java:logGet(43)) - raft.server.log.segment.size.max = 1048576 (custom)
2019-09-25 05:52:27,611 [pool-47-thread-1] INFO  server.RaftServerConfigKeys (ConfUtils.java:logGet(43)) - raft.server.log.segment.cache.num.max = 2 (custom)
2019-09-25 05:52:27,611 [pool-47-thread-1] INFO  segmented.SegmentedRaftLogWorker (SegmentedRaftLogWorker.java:<init>(172)) - new 754f3588-47e6-41ad-b34e-eb7041cce070@group-7E51905CD43B-SegmentedRaftLogWorker for RaftStorage:Storage Directory /workdir/hadoop-ozone/integration-test/target/test-dir/MiniOzoneClusterImpl-5fae48a0-8517-4c16-9d39-4001697b8772/datanode-2/data/ratis/546a27fe-9669-49e9-8fee-7e51905cd43b
2019-09-25 05:52:27,612 [pool-47-thread-1] INFO  server.RaftServerConfigKeys (ConfUtils.java:logGet(43)) - raft.server.log.queue.byte-limit = 2147483647 (custom)
2019-09-25 05:52:27,612 [pool-47-thread-1] INFO  server.RaftServerConfigKeys (ConfUtils.java:logGet(43)) - raft.server.log.queue.element-limit = 1024 (custom)
2019-09-25 05:52:27,612 [pool-47-thread-1] INFO  server.RaftServerConfigKeys (ConfUtils.java:logGet(43)) - raft.server.log.segment.size.max = 1048576 (custom)
2019-09-25 05:52:27,612 [pool-47-thread-1] INFO  server.RaftServerConfigKeys (ConfUtils.java:logGet(43)) - raft.server.log.preallocated.size = 16384 (custom)
2019-09-25 05:52:27,612 [pool-47-thread-1] INFO  server.RaftServerConfigKeys (ConfUtils.java:logGet(43)) - raft.server.log.write.buffer.size = 33554432 (custom)
2019-09-25 05:52:27,612 [pool-47-thread-1] INFO  server.RaftServerConfigKeys (ConfUtils.java:logGet(43)) - raft.server.log.force.sync.num = 128 (default)
2019-09-25 05:52:27,612 [pool-47-thread-1] INFO  server.RaftServerConfigKeys (ConfUtils.java:logGet(43)) - raft.server.log.statemachine.data.sync = true (default)
2019-09-25 05:52:27,613 [pool-47-thread-1] INFO  server.RaftServerConfigKeys (ConfUtils.java:logGet(43)) - raft.server.log.statemachine.data.sync.timeout = 10s (default)
2019-09-25 05:52:27,613 [pool-47-thread-1] INFO  server.RaftServerConfigKeys (ConfUtils.java:logGet(43)) - raft.server.log.statemachine.data.sync.timeout.retry = -1 (default)
2019-09-25 05:52:27,613 [pool-47-thread-1] INFO  server.RaftServerConfigKeys (ConfUtils.java:logGet(43)) - raft.server.log.statemachine.data.caching.enabled = true (custom)
2019-09-25 05:52:27,613 [pool-47-thread-1] INFO  segmented.SegmentedRaftLogWorker (SegmentedRaftLogWorker.java:lambda$new$0(132)) - 754f3588-47e6-41ad-b34e-eb7041cce070@group-7E51905CD43B-SegmentedRaftLogWorker: flushIndex: setUnconditionally 0 -> -1
2019-09-25 05:52:27,614 [pool-47-thread-1] INFO  server.RaftServerConfigKeys (ConfUtils.java:logGet(43)) - raft.server.snapshot.auto.trigger.enabled = true (custom)
2019-09-25 05:52:27,614 [pool-47-thread-1] INFO  server.RaftServerConfigKeys (ConfUtils.java:logGet(43)) - raft.server.snapshot.auto.trigger.threshold = 10000 (custom)
2019-09-25 05:52:27,614 [pool-47-thread-1] INFO  server.RaftServerConfigKeys (ConfUtils.java:logGet(43)) - raft.server.snapshot.retention.num.files = 5 (custom)
2019-09-25 05:52:27,614 [pool-47-thread-1] INFO  server.RaftServerConfigKeys (ConfUtils.java:logGet(43)) - raft.server.retrycache.expirytime = 600000ms (custom)
2019-09-25 05:52:27,617 [pool-47-thread-1] INFO  impl.RaftServerImpl (RaftServerImpl.java:start(185)) - 754f3588-47e6-41ad-b34e-eb7041cce070@group-7E51905CD43B: start as a follower, conf=-1: [754f3588-47e6-41ad-b34e-eb7041cce070:192.168.30.10:41089], old=null
2019-09-25 05:52:27,617 [pool-47-thread-1] INFO  impl.RaftServerImpl (RaftServerImpl.java:setRole(174)) - 754f3588-47e6-41ad-b34e-eb7041cce070@group-7E51905CD43B: changes role from      null to FOLLOWER at term 0 for startAsFollower
2019-09-25 05:52:27,617 [pool-47-thread-1] INFO  impl.RoleInfo (RoleInfo.java:updateAndGet(143)) - 754f3588-47e6-41ad-b34e-eb7041cce070: start FollowerState
2019-09-25 05:52:27,618 [pool-47-thread-1] INFO  util.JmxRegister (JmxRegister.java:tryRegister(44)) - Successfully registered JMX Bean with object name Ratis:service=RaftServer,group=group-7E51905CD43B,id=754f3588-47e6-41ad-b34e-eb7041cce070
2019-09-25 05:52:27,624 [RatisPipelineUtilsThread] INFO  pipeline.PipelineStateManager (PipelineStateManager.java:addPipeline(56)) - Created pipeline Pipeline[ Id: 546a27fe-9669-49e9-8fee-7e51905cd43b, Nodes: 754f3588-47e6-41ad-b34e-eb7041cce070{ip: 192.168.30.10, host: pr-hdds-1569-s62bp-3040748787, networkLocation: /default-rack, certSerialId: null}, Type:RATIS, Factor:ONE, State:OPEN]
2019-09-25 05:52:27,974 [grpc-default-executor-0] INFO  impl.RaftServerProxy (RaftServerProxy.java:addNew(89)) - 5be219b2-97fd-4a8c-91ea-b15aa89454d4: addNew group-8F616FDEA414:[5be219b2-97fd-4a8c-91ea-b15aa89454d4:192.168.30.10:40625] returns group-8F616FDEA414:java.util.concurrent.CompletableFuture@75245819[Not completed]
2019-09-25 05:52:27,979 [pool-37-thread-1] INFO  impl.RaftServerImpl (RaftServerImpl.java:<init>(95)) - 5be219b2-97fd-4a8c-91ea-b15aa89454d4: new RaftServerImpl for group-8F616FDEA414:[5be219b2-97fd-4a8c-91ea-b15aa89454d4:192.168.30.10:40625] with ContainerStateMachine:uninitialized
2019-09-25 05:52:27,980 [pool-37-thread-1] INFO  server.RaftServerConfigKeys (ConfUtils.java:logGet(43)) - raft.server.rpc.timeout.min = 5s (custom)
2019-09-25 05:52:27,980 [pool-37-thread-1] INFO  server.RaftServerConfigKeys (ConfUtils.java:logGet(43)) - raft.server.rpc.timeout.max = 5200ms (custom)
2019-09-25 05:52:27,980 [pool-37-thread-1] INFO  server.RaftServerConfigKeys (ConfUtils.java:logGet(43)) - raft.server.rpcslowness.timeout = 120s (custom)
2019-09-25 05:52:27,980 [pool-37-thread-1] INFO  server.RaftServerConfigKeys (ConfUtils.java:logGet(43)) - raft.server.sleep.deviation.threshold = 300 (default)
2019-09-25 05:52:27,980 [pool-37-thread-1] INFO  server.RaftServerConfigKeys (ConfUtils.java:logGet(43)) - raft.server.log.appender.install.snapshot.enabled = false (custom)
2019-09-25 05:52:27,981 [pool-37-thread-1] INFO  impl.RaftServerImpl (ServerState.java:<init>(103)) - 5be219b2-97fd-4a8c-91ea-b15aa89454d4@group-8F616FDEA414: ConfigurationManager, init=-1: [5be219b2-97fd-4a8c-91ea-b15aa89454d4:192.168.30.10:40625], old=null, confs=<EMPTY_MAP>
2019-09-25 05:52:27,981 [pool-37-thread-1] INFO  server.RaftServerConfigKeys (ConfUtils.java:logGet(43)) - raft.server.storage.dir = [/workdir/hadoop-ozone/integration-test/target/test-dir/MiniOzoneClusterImpl-5fae48a0-8517-4c16-9d39-4001697b8772/datanode-1/data/ratis] (custom)
2019-09-25 05:52:27,981 [pool-37-thread-1] INFO  storage.RaftStorageDirectory (RaftStorageDirectory.java:analyzeStorage(246)) - The storage directory /workdir/hadoop-ozone/integration-test/target/test-dir/MiniOzoneClusterImpl-5fae48a0-8517-4c16-9d39-4001697b8772/datanode-1/data/ratis/1af1ff97-7661-4dcf-b1d9-8f616fdea414 does not exist. Creating ...
2019-09-25 05:52:28,003 [pool-37-thread-1] INFO  storage.RaftStorageDirectory (RaftStorageDirectory.java:tryLock(328)) - Lock on /workdir/hadoop-ozone/integration-test/target/test-dir/MiniOzoneClusterImpl-5fae48a0-8517-4c16-9d39-4001697b8772/datanode-1/data/ratis/1af1ff97-7661-4dcf-b1d9-8f616fdea414/in_use.lock acquired by nodename 25594@pr-hdds-1569-s62bp-3040748787
2019-09-25 05:52:28,022 [pool-37-thread-1] INFO  storage.RaftStorage (RaftStorage.java:format(72)) - Storage directory /workdir/hadoop-ozone/integration-test/target/test-dir/MiniOzoneClusterImpl-5fae48a0-8517-4c16-9d39-4001697b8772/datanode-1/data/ratis/1af1ff97-7661-4dcf-b1d9-8f616fdea414 has been successfully formatted.
2019-09-25 05:52:28,023 [pool-37-thread-1] INFO  ratis.ContainerStateMachine (ContainerStateMachine.java:loadSnapshot(230)) - group-8F616FDEA414: The snapshot info is null. Setting the last applied indexto:(t:0, i:~)
2019-09-25 05:52:28,023 [pool-37-thread-1] INFO  server.RaftServerConfigKeys (ConfUtils.java:logGet(43)) - raft.server.notification.no-leader.timeout = 120s (custom)
2019-09-25 05:52:28,023 [pool-37-thread-1] INFO  server.RaftServerConfigKeys (ConfUtils.java:logGet(43)) - raft.server.log.use.memory = false (default)
2019-09-25 05:52:28,023 [pool-37-thread-1] INFO  server.RaftServerConfigKeys (ConfUtils.java:logGet(43)) - raft.server.log.purge.gap = 1000000 (custom)
2019-09-25 05:52:28,024 [pool-37-thread-1] INFO  server.RaftServerConfigKeys (ConfUtils.java:logGet(43)) - raft.server.log.appender.buffer.byte-limit = 33554432 (custom)
2019-09-25 05:52:28,024 [pool-37-thread-1] INFO  server.RaftServerConfigKeys (ConfUtils.java:logGet(43)) - raft.server.log.segment.size.max = 1048576 (custom)
2019-09-25 05:52:28,024 [pool-37-thread-1] INFO  server.RaftServerConfigKeys (ConfUtils.java:logGet(43)) - raft.server.log.segment.cache.num.max = 2 (custom)
2019-09-25 05:52:28,024 [pool-37-thread-1] INFO  segmented.SegmentedRaftLogWorker (SegmentedRaftLogWorker.java:<init>(172)) - new 5be219b2-97fd-4a8c-91ea-b15aa89454d4@group-8F616FDEA414-SegmentedRaftLogWorker for RaftStorage:Storage Directory /workdir/hadoop-ozone/integration-test/target/test-dir/MiniOzoneClusterImpl-5fae48a0-8517-4c16-9d39-4001697b8772/datanode-1/data/ratis/1af1ff97-7661-4dcf-b1d9-8f616fdea414
2019-09-25 05:52:28,024 [pool-37-thread-1] INFO  server.RaftServerConfigKeys (ConfUtils.java:logGet(43)) - raft.server.log.queue.byte-limit = 2147483647 (custom)
2019-09-25 05:52:28,025 [pool-37-thread-1] INFO  server.RaftServerConfigKeys (ConfUtils.java:logGet(43)) - raft.server.log.queue.element-limit = 1024 (custom)
2019-09-25 05:52:28,025 [pool-37-thread-1] INFO  server.RaftServerConfigKeys (ConfUtils.java:logGet(43)) - raft.server.log.segment.size.max = 1048576 (custom)
2019-09-25 05:52:28,025 [pool-37-thread-1] INFO  server.RaftServerConfigKeys (ConfUtils.java:logGet(43)) - raft.server.log.preallocated.size = 16384 (custom)
2019-09-25 05:52:28,025 [pool-37-thread-1] INFO  server.RaftServerConfigKeys (ConfUtils.java:logGet(43)) - raft.server.log.write.buffer.size = 33554432 (custom)
2019-09-25 05:52:28,025 [pool-37-thread-1] INFO  server.RaftServerConfigKeys (ConfUtils.java:logGet(43)) - raft.server.log.force.sync.num = 128 (default)
2019-09-25 05:52:28,025 [pool-37-thread-1] INFO  server.RaftServerConfigKeys (ConfUtils.java:logGet(43)) - raft.server.log.statemachine.data.sync = true (default)
2019-09-25 05:52:28,026 [pool-37-thread-1] INFO  server.RaftServerConfigKeys (ConfUtils.java:logGet(43)) - raft.server.log.statemachine.data.sync.timeout = 10s (default)
2019-09-25 05:52:28,026 [pool-37-thread-1] INFO  server.RaftServerConfigKeys (ConfUtils.java:logGet(43)) - raft.server.log.statemachine.data.sync.timeout.retry = -1 (default)
2019-09-25 05:52:28,026 [pool-37-thread-1] INFO  server.RaftServerConfigKeys (ConfUtils.java:logGet(43)) - raft.server.log.statemachine.data.caching.enabled = true (custom)
2019-09-25 05:52:28,027 [pool-37-thread-1] INFO  segmented.SegmentedRaftLogWorker (SegmentedRaftLogWorker.java:lambda$new$0(132)) - 5be219b2-97fd-4a8c-91ea-b15aa89454d4@group-8F616FDEA414-SegmentedRaftLogWorker: flushIndex: setUnconditionally 0 -> -1
2019-09-25 05:52:28,027 [pool-37-thread-1] INFO  server.RaftServerConfigKeys (ConfUtils.java:logGet(43)) - raft.server.snapshot.auto.trigger.enabled = true (custom)
2019-09-25 05:52:28,027 [pool-37-thread-1] INFO  server.RaftServerConfigKeys (ConfUtils.java:logGet(43)) - raft.server.snapshot.auto.trigger.threshold = 10000 (custom)
2019-09-25 05:52:28,027 [pool-37-thread-1] INFO  server.RaftServerConfigKeys (ConfUtils.java:logGet(43)) - raft.server.snapshot.retention.num.files = 5 (custom)
2019-09-25 05:52:28,028 [pool-37-thread-1] INFO  server.RaftServerConfigKeys (ConfUtils.java:logGet(43)) - raft.server.retrycache.expirytime = 600000ms (custom)
2019-09-25 05:52:28,031 [pool-37-thread-1] INFO  impl.RaftServerImpl (RaftServerImpl.java:start(185)) - 5be219b2-97fd-4a8c-91ea-b15aa89454d4@group-8F616FDEA414: start as a follower, conf=-1: [5be219b2-97fd-4a8c-91ea-b15aa89454d4:192.168.30.10:40625], old=null
2019-09-25 05:52:28,031 [pool-37-thread-1] INFO  impl.RaftServerImpl (RaftServerImpl.java:setRole(174)) - 5be219b2-97fd-4a8c-91ea-b15aa89454d4@group-8F616FDEA414: changes role from      null to FOLLOWER at term 0 for startAsFollower
2019-09-25 05:52:28,032 [pool-37-thread-1] INFO  impl.RoleInfo (RoleInfo.java:updateAndGet(143)) - 5be219b2-97fd-4a8c-91ea-b15aa89454d4: start FollowerState
2019-09-25 05:52:28,032 [pool-37-thread-1] INFO  util.JmxRegister (JmxRegister.java:tryRegister(44)) - Successfully registered JMX Bean with object name Ratis:service=RaftServer,group=group-8F616FDEA414,id=5be219b2-97fd-4a8c-91ea-b15aa89454d4
2019-09-25 05:52:28,037 [RatisPipelineUtilsThread] INFO  pipeline.PipelineStateManager (PipelineStateManager.java:addPipeline(56)) - Created pipeline Pipeline[ Id: 1af1ff97-7661-4dcf-b1d9-8f616fdea414, Nodes: 5be219b2-97fd-4a8c-91ea-b15aa89454d4{ip: 192.168.30.10, host: pr-hdds-1569-s62bp-3040748787, networkLocation: /default-rack, certSerialId: null}, Type:RATIS, Factor:ONE, State:OPEN]
2019-09-25 05:52:28,057 [grpc-default-executor-0] INFO  impl.RaftServerProxy (RaftServerProxy.java:addNew(89)) - 0bbc1277-be6f-4bf3-88cf-1c3b12e139ad: addNew group-D6FA99FD96CE:[0bbc1277-be6f-4bf3-88cf-1c3b12e139ad:192.168.30.10:46701] returns group-D6FA99FD96CE:java.util.concurrent.CompletableFuture@6da8d4f0[Not completed]
2019-09-25 05:52:28,059 [pool-27-thread-1] INFO  impl.RaftServerImpl (RaftServerImpl.java:<init>(95)) - 0bbc1277-be6f-4bf3-88cf-1c3b12e139ad: new RaftServerImpl for group-D6FA99FD96CE:[0bbc1277-be6f-4bf3-88cf-1c3b12e139ad:192.168.30.10:46701] with ContainerStateMachine:uninitialized
2019-09-25 05:52:28,059 [pool-27-thread-1] INFO  server.RaftServerConfigKeys (ConfUtils.java:logGet(43)) - raft.server.rpc.timeout.min = 5s (custom)
2019-09-25 05:52:28,059 [pool-27-thread-1] INFO  server.RaftServerConfigKeys (ConfUtils.java:logGet(43)) - raft.server.rpc.timeout.max = 5200ms (custom)
2019-09-25 05:52:28,060 [pool-27-thread-1] INFO  server.RaftServerConfigKeys (ConfUtils.java:logGet(43)) - raft.server.rpcslowness.timeout = 120s (custom)
2019-09-25 05:52:28,060 [pool-27-thread-1] INFO  server.RaftServerConfigKeys (ConfUtils.java:logGet(43)) - raft.server.sleep.deviation.threshold = 300 (default)
2019-09-25 05:52:28,060 [pool-27-thread-1] INFO  server.RaftServerConfigKeys (ConfUtils.java:logGet(43)) - raft.server.log.appender.install.snapshot.enabled = false (custom)
2019-09-25 05:52:28,060 [pool-27-thread-1] INFO  impl.RaftServerImpl (ServerState.java:<init>(103)) - 0bbc1277-be6f-4bf3-88cf-1c3b12e139ad@group-D6FA99FD96CE: ConfigurationManager, init=-1: [0bbc1277-be6f-4bf3-88cf-1c3b12e139ad:192.168.30.10:46701], old=null, confs=<EMPTY_MAP>
2019-09-25 05:52:28,060 [pool-27-thread-1] INFO  server.RaftServerConfigKeys (ConfUtils.java:logGet(43)) - raft.server.storage.dir = [/workdir/hadoop-ozone/integration-test/target/test-dir/MiniOzoneClusterImpl-5fae48a0-8517-4c16-9d39-4001697b8772/datanode-0/data/ratis] (custom)
2019-09-25 05:52:28,061 [pool-27-thread-1] INFO  storage.RaftStorageDirectory (RaftStorageDirectory.java:analyzeStorage(246)) - The storage directory /workdir/hadoop-ozone/integration-test/target/test-dir/MiniOzoneClusterImpl-5fae48a0-8517-4c16-9d39-4001697b8772/datanode-0/data/ratis/31264eb4-949a-4857-a6ef-d6fa99fd96ce does not exist. Creating ...
2019-09-25 05:52:28,073 [pool-27-thread-1] INFO  storage.RaftStorageDirectory (RaftStorageDirectory.java:tryLock(328)) - Lock on /workdir/hadoop-ozone/integration-test/target/test-dir/MiniOzoneClusterImpl-5fae48a0-8517-4c16-9d39-4001697b8772/datanode-0/data/ratis/31264eb4-949a-4857-a6ef-d6fa99fd96ce/in_use.lock acquired by nodename 25594@pr-hdds-1569-s62bp-3040748787
2019-09-25 05:52:28,086 [pool-27-thread-1] INFO  storage.RaftStorage (RaftStorage.java:format(72)) - Storage directory /workdir/hadoop-ozone/integration-test/target/test-dir/MiniOzoneClusterImpl-5fae48a0-8517-4c16-9d39-4001697b8772/datanode-0/data/ratis/31264eb4-949a-4857-a6ef-d6fa99fd96ce has been successfully formatted.
2019-09-25 05:52:28,087 [pool-27-thread-1] INFO  ratis.ContainerStateMachine (ContainerStateMachine.java:loadSnapshot(230)) - group-D6FA99FD96CE: The snapshot info is null. Setting the last applied indexto:(t:0, i:~)
2019-09-25 05:52:28,087 [pool-27-thread-1] INFO  server.RaftServerConfigKeys (ConfUtils.java:logGet(43)) - raft.server.notification.no-leader.timeout = 120s (custom)
2019-09-25 05:52:28,087 [pool-27-thread-1] INFO  server.RaftServerConfigKeys (ConfUtils.java:logGet(43)) - raft.server.log.use.memory = false (default)
2019-09-25 05:52:28,087 [pool-27-thread-1] INFO  server.RaftServerConfigKeys (ConfUtils.java:logGet(43)) - raft.server.log.purge.gap = 1000000 (custom)
2019-09-25 05:52:28,087 [pool-27-thread-1] INFO  server.RaftServerConfigKeys (ConfUtils.java:logGet(43)) - raft.server.log.appender.buffer.byte-limit = 33554432 (custom)
2019-09-25 05:52:28,087 [pool-27-thread-1] INFO  server.RaftServerConfigKeys (ConfUtils.java:logGet(43)) - raft.server.log.segment.size.max = 1048576 (custom)
2019-09-25 05:52:28,087 [pool-27-thread-1] INFO  server.RaftServerConfigKeys (ConfUtils.java:logGet(43)) - raft.server.log.segment.cache.num.max = 2 (custom)
2019-09-25 05:52:28,088 [pool-27-thread-1] INFO  segmented.SegmentedRaftLogWorker (SegmentedRaftLogWorker.java:<init>(172)) - new 0bbc1277-be6f-4bf3-88cf-1c3b12e139ad@group-D6FA99FD96CE-SegmentedRaftLogWorker for RaftStorage:Storage Directory /workdir/hadoop-ozone/integration-test/target/test-dir/MiniOzoneClusterImpl-5fae48a0-8517-4c16-9d39-4001697b8772/datanode-0/data/ratis/31264eb4-949a-4857-a6ef-d6fa99fd96ce
2019-09-25 05:52:28,088 [pool-27-thread-1] INFO  server.RaftServerConfigKeys (ConfUtils.java:logGet(43)) - raft.server.log.queue.byte-limit = 2147483647 (custom)
2019-09-25 05:52:28,088 [pool-27-thread-1] INFO  server.RaftServerConfigKeys (ConfUtils.java:logGet(43)) - raft.server.log.queue.element-limit = 1024 (custom)
2019-09-25 05:52:28,088 [pool-27-thread-1] INFO  server.RaftServerConfigKeys (ConfUtils.java:logGet(43)) - raft.server.log.segment.size.max = 1048576 (custom)
2019-09-25 05:52:28,088 [pool-27-thread-1] INFO  server.RaftServerConfigKeys (ConfUtils.java:logGet(43)) - raft.server.log.preallocated.size = 16384 (custom)
2019-09-25 05:52:28,088 [pool-27-thread-1] INFO  server.RaftServerConfigKeys (ConfUtils.java:logGet(43)) - raft.server.log.write.buffer.size = 33554432 (custom)
2019-09-25 05:52:28,088 [pool-27-thread-1] INFO  server.RaftServerConfigKeys (ConfUtils.java:logGet(43)) - raft.server.log.force.sync.num = 128 (default)
2019-09-25 05:52:28,088 [pool-27-thread-1] INFO  server.RaftServerConfigKeys (ConfUtils.java:logGet(43)) - raft.server.log.statemachine.data.sync = true (default)
2019-09-25 05:52:28,088 [pool-27-thread-1] INFO  server.RaftServerConfigKeys (ConfUtils.java:logGet(43)) - raft.server.log.statemachine.data.sync.timeout = 10s (default)
2019-09-25 05:52:28,088 [pool-27-thread-1] INFO  server.RaftServerConfigKeys (ConfUtils.java:logGet(43)) - raft.server.log.statemachine.data.sync.timeout.retry = -1 (default)
2019-09-25 05:52:28,089 [pool-27-thread-1] INFO  server.RaftServerConfigKeys (ConfUtils.java:logGet(43)) - raft.server.log.statemachine.data.caching.enabled = true (custom)
2019-09-25 05:52:28,089 [pool-27-thread-1] INFO  segmented.SegmentedRaftLogWorker (SegmentedRaftLogWorker.java:lambda$new$0(132)) - 0bbc1277-be6f-4bf3-88cf-1c3b12e139ad@group-D6FA99FD96CE-SegmentedRaftLogWorker: flushIndex: setUnconditionally 0 -> -1
2019-09-25 05:52:28,089 [pool-27-thread-1] INFO  server.RaftServerConfigKeys (ConfUtils.java:logGet(43)) - raft.server.snapshot.auto.trigger.enabled = true (custom)
2019-09-25 05:52:28,089 [pool-27-thread-1] INFO  server.RaftServerConfigKeys (ConfUtils.java:logGet(43)) - raft.server.snapshot.auto.trigger.threshold = 10000 (custom)
2019-09-25 05:52:28,089 [pool-27-thread-1] INFO  server.RaftServerConfigKeys (ConfUtils.java:logGet(43)) - raft.server.snapshot.retention.num.files = 5 (custom)
2019-09-25 05:52:28,090 [pool-27-thread-1] INFO  server.RaftServerConfigKeys (ConfUtils.java:logGet(43)) - raft.server.retrycache.expirytime = 600000ms (custom)
2019-09-25 05:52:28,092 [pool-27-thread-1] INFO  impl.RaftServerImpl (RaftServerImpl.java:start(185)) - 0bbc1277-be6f-4bf3-88cf-1c3b12e139ad@group-D6FA99FD96CE: start as a follower, conf=-1: [0bbc1277-be6f-4bf3-88cf-1c3b12e139ad:192.168.30.10:46701], old=null
2019-09-25 05:52:28,092 [pool-27-thread-1] INFO  impl.RaftServerImpl (RaftServerImpl.java:setRole(174)) - 0bbc1277-be6f-4bf3-88cf-1c3b12e139ad@group-D6FA99FD96CE: changes role from      null to FOLLOWER at term 0 for startAsFollower
2019-09-25 05:52:28,092 [pool-27-thread-1] INFO  impl.RoleInfo (RoleInfo.java:updateAndGet(143)) - 0bbc1277-be6f-4bf3-88cf-1c3b12e139ad: start FollowerState
2019-09-25 05:52:28,096 [pool-27-thread-1] INFO  util.JmxRegister (JmxRegister.java:tryRegister(44)) - Successfully registered JMX Bean with object name Ratis:service=RaftServer,group=group-D6FA99FD96CE,id=0bbc1277-be6f-4bf3-88cf-1c3b12e139ad
2019-09-25 05:52:28,107 [RatisPipelineUtilsThread] INFO  pipeline.PipelineStateManager (PipelineStateManager.java:addPipeline(56)) - Created pipeline Pipeline[ Id: 31264eb4-949a-4857-a6ef-d6fa99fd96ce, Nodes: 0bbc1277-be6f-4bf3-88cf-1c3b12e139ad{ip: 192.168.30.10, host: pr-hdds-1569-s62bp-3040748787, networkLocation: /default-rack, certSerialId: null}, Type:RATIS, Factor:ONE, State:OPEN]
2019-09-25 05:52:28,116 [grpc-default-executor-0] INFO  impl.RaftServerProxy (RaftServerProxy.java:addNew(89)) - 5be219b2-97fd-4a8c-91ea-b15aa89454d4: addNew group-28CA502B6C92:[5be219b2-97fd-4a8c-91ea-b15aa89454d4:192.168.30.10:40625] returns group-28CA502B6C92:java.util.concurrent.CompletableFuture@49b01bb1[Not completed]
2019-09-25 05:52:28,119 [pool-37-thread-1] INFO  impl.RaftServerImpl (RaftServerImpl.java:<init>(95)) - 5be219b2-97fd-4a8c-91ea-b15aa89454d4: new RaftServerImpl for group-28CA502B6C92:[5be219b2-97fd-4a8c-91ea-b15aa89454d4:192.168.30.10:40625] with ContainerStateMachine:uninitialized
2019-09-25 05:52:28,119 [pool-37-thread-1] INFO  server.RaftServerConfigKeys (ConfUtils.java:logGet(43)) - raft.server.rpc.timeout.min = 5s (custom)
2019-09-25 05:52:28,119 [pool-37-thread-1] INFO  server.RaftServerConfigKeys (ConfUtils.java:logGet(43)) - raft.server.rpc.timeout.max = 5200ms (custom)
2019-09-25 05:52:28,119 [pool-37-thread-1] INFO  server.RaftServerConfigKeys (ConfUtils.java:logGet(43)) - raft.server.rpcslowness.timeout = 120s (custom)
2019-09-25 05:52:28,119 [pool-37-thread-1] INFO  server.RaftServerConfigKeys (ConfUtils.java:logGet(43)) - raft.server.sleep.deviation.threshold = 300 (default)
2019-09-25 05:52:28,119 [pool-37-thread-1] INFO  server.RaftServerConfigKeys (ConfUtils.java:logGet(43)) - raft.server.log.appender.install.snapshot.enabled = false (custom)
2019-09-25 05:52:28,119 [pool-37-thread-1] INFO  impl.RaftServerImpl (ServerState.java:<init>(103)) - 5be219b2-97fd-4a8c-91ea-b15aa89454d4@group-28CA502B6C92: ConfigurationManager, init=-1: [5be219b2-97fd-4a8c-91ea-b15aa89454d4:192.168.30.10:40625], old=null, confs=<EMPTY_MAP>
2019-09-25 05:52:28,120 [pool-37-thread-1] INFO  server.RaftServerConfigKeys (ConfUtils.java:logGet(43)) - raft.server.storage.dir = [/workdir/hadoop-ozone/integration-test/target/test-dir/MiniOzoneClusterImpl-5fae48a0-8517-4c16-9d39-4001697b8772/datanode-1/data/ratis] (custom)
2019-09-25 05:52:28,120 [pool-37-thread-1] INFO  storage.RaftStorageDirectory (RaftStorageDirectory.java:analyzeStorage(246)) - The storage directory /workdir/hadoop-ozone/integration-test/target/test-dir/MiniOzoneClusterImpl-5fae48a0-8517-4c16-9d39-4001697b8772/datanode-1/data/ratis/0c484494-215f-46d2-a632-28ca502b6c92 does not exist. Creating ...
2019-09-25 05:52:28,133 [pool-37-thread-1] INFO  storage.RaftStorageDirectory (RaftStorageDirectory.java:tryLock(328)) - Lock on /workdir/hadoop-ozone/integration-test/target/test-dir/MiniOzoneClusterImpl-5fae48a0-8517-4c16-9d39-4001697b8772/datanode-1/data/ratis/0c484494-215f-46d2-a632-28ca502b6c92/in_use.lock acquired by nodename 25594@pr-hdds-1569-s62bp-3040748787
2019-09-25 05:52:28,145 [pool-37-thread-1] INFO  storage.RaftStorage (RaftStorage.java:format(72)) - Storage directory /workdir/hadoop-ozone/integration-test/target/test-dir/MiniOzoneClusterImpl-5fae48a0-8517-4c16-9d39-4001697b8772/datanode-1/data/ratis/0c484494-215f-46d2-a632-28ca502b6c92 has been successfully formatted.
2019-09-25 05:52:28,146 [pool-37-thread-1] INFO  ratis.ContainerStateMachine (ContainerStateMachine.java:loadSnapshot(230)) - group-28CA502B6C92: The snapshot info is null. Setting the last applied indexto:(t:0, i:~)
2019-09-25 05:52:28,146 [pool-37-thread-1] INFO  server.RaftServerConfigKeys (ConfUtils.java:logGet(43)) - raft.server.notification.no-leader.timeout = 120s (custom)
2019-09-25 05:52:28,146 [pool-37-thread-1] INFO  server.RaftServerConfigKeys (ConfUtils.java:logGet(43)) - raft.server.log.use.memory = false (default)
2019-09-25 05:52:28,146 [pool-37-thread-1] INFO  server.RaftServerConfigKeys (ConfUtils.java:logGet(43)) - raft.server.log.purge.gap = 1000000 (custom)
2019-09-25 05:52:28,146 [pool-37-thread-1] INFO  server.RaftServerConfigKeys (ConfUtils.java:logGet(43)) - raft.server.log.appender.buffer.byte-limit = 33554432 (custom)
2019-09-25 05:52:28,147 [pool-37-thread-1] INFO  server.RaftServerConfigKeys (ConfUtils.java:logGet(43)) - raft.server.log.segment.size.max = 1048576 (custom)
2019-09-25 05:52:28,147 [pool-37-thread-1] INFO  server.RaftServerConfigKeys (ConfUtils.java:logGet(43)) - raft.server.log.segment.cache.num.max = 2 (custom)
2019-09-25 05:52:28,147 [pool-37-thread-1] INFO  segmented.SegmentedRaftLogWorker (SegmentedRaftLogWorker.java:<init>(172)) - new 5be219b2-97fd-4a8c-91ea-b15aa89454d4@group-28CA502B6C92-SegmentedRaftLogWorker for RaftStorage:Storage Directory /workdir/hadoop-ozone/integration-test/target/test-dir/MiniOzoneClusterImpl-5fae48a0-8517-4c16-9d39-4001697b8772/datanode-1/data/ratis/0c484494-215f-46d2-a632-28ca502b6c92
2019-09-25 05:52:28,147 [pool-37-thread-1] INFO  server.RaftServerConfigKeys (ConfUtils.java:logGet(43)) - raft.server.log.queue.byte-limit = 2147483647 (custom)
2019-09-25 05:52:28,147 [pool-37-thread-1] INFO  server.RaftServerConfigKeys (ConfUtils.java:logGet(43)) - raft.server.log.queue.element-limit = 1024 (custom)
2019-09-25 05:52:28,147 [pool-37-thread-1] INFO  server.RaftServerConfigKeys (ConfUtils.java:logGet(43)) - raft.server.log.segment.size.max = 1048576 (custom)
2019-09-25 05:52:28,147 [pool-37-thread-1] INFO  server.RaftServerConfigKeys (ConfUtils.java:logGet(43)) - raft.server.log.preallocated.size = 16384 (custom)
2019-09-25 05:52:28,147 [pool-37-thread-1] INFO  server.RaftServerConfigKeys (ConfUtils.java:logGet(43)) - raft.server.log.write.buffer.size = 33554432 (custom)
2019-09-25 05:52:28,147 [pool-37-thread-1] INFO  server.RaftServerConfigKeys (ConfUtils.java:logGet(43)) - raft.server.log.force.sync.num = 128 (default)
2019-09-25 05:52:28,148 [pool-37-thread-1] INFO  server.RaftServerConfigKeys (ConfUtils.java:logGet(43)) - raft.server.log.statemachine.data.sync = true (default)
2019-09-25 05:52:28,148 [pool-37-thread-1] INFO  server.RaftServerConfigKeys (ConfUtils.java:logGet(43)) - raft.server.log.statemachine.data.sync.timeout = 10s (default)
2019-09-25 05:52:28,148 [pool-37-thread-1] INFO  server.RaftServerConfigKeys (ConfUtils.java:logGet(43)) - raft.server.log.statemachine.data.sync.timeout.retry = -1 (default)
2019-09-25 05:52:28,148 [pool-37-thread-1] INFO  server.RaftServerConfigKeys (ConfUtils.java:logGet(43)) - raft.server.log.statemachine.data.caching.enabled = true (custom)
2019-09-25 05:52:28,148 [pool-37-thread-1] INFO  segmented.SegmentedRaftLogWorker (SegmentedRaftLogWorker.java:lambda$new$0(132)) - 5be219b2-97fd-4a8c-91ea-b15aa89454d4@group-28CA502B6C92-SegmentedRaftLogWorker: flushIndex: setUnconditionally 0 -> -1
2019-09-25 05:52:28,149 [pool-37-thread-1] INFO  server.RaftServerConfigKeys (ConfUtils.java:logGet(43)) - raft.server.snapshot.auto.trigger.enabled = true (custom)
2019-09-25 05:52:28,149 [pool-37-thread-1] INFO  server.RaftServerConfigKeys (ConfUtils.java:logGet(43)) - raft.server.snapshot.auto.trigger.threshold = 10000 (custom)
2019-09-25 05:52:28,149 [pool-37-thread-1] INFO  server.RaftServerConfigKeys (ConfUtils.java:logGet(43)) - raft.server.snapshot.retention.num.files = 5 (custom)
2019-09-25 05:52:28,149 [pool-37-thread-1] INFO  server.RaftServerConfigKeys (ConfUtils.java:logGet(43)) - raft.server.retrycache.expirytime = 600000ms (custom)
2019-09-25 05:52:28,152 [pool-37-thread-1] INFO  impl.RaftServerImpl (RaftServerImpl.java:start(185)) - 5be219b2-97fd-4a8c-91ea-b15aa89454d4@group-28CA502B6C92: start as a follower, conf=-1: [5be219b2-97fd-4a8c-91ea-b15aa89454d4:192.168.30.10:40625], old=null
2019-09-25 05:52:28,152 [pool-37-thread-1] INFO  impl.RaftServerImpl (RaftServerImpl.java:setRole(174)) - 5be219b2-97fd-4a8c-91ea-b15aa89454d4@group-28CA502B6C92: changes role from      null to FOLLOWER at term 0 for startAsFollower
2019-09-25 05:52:28,152 [pool-37-thread-1] INFO  impl.RoleInfo (RoleInfo.java:updateAndGet(143)) - 5be219b2-97fd-4a8c-91ea-b15aa89454d4: start FollowerState
2019-09-25 05:52:28,152 [pool-37-thread-1] INFO  util.JmxRegister (JmxRegister.java:tryRegister(44)) - Successfully registered JMX Bean with object name Ratis:service=RaftServer,group=group-28CA502B6C92,id=5be219b2-97fd-4a8c-91ea-b15aa89454d4
2019-09-25 05:52:28,157 [RatisPipelineUtilsThread] INFO  pipeline.PipelineStateManager (PipelineStateManager.java:addPipeline(56)) - Created pipeline Pipeline[ Id: 0c484494-215f-46d2-a632-28ca502b6c92, Nodes: 5be219b2-97fd-4a8c-91ea-b15aa89454d4{ip: 192.168.30.10, host: pr-hdds-1569-s62bp-3040748787, networkLocation: /default-rack, certSerialId: null}, Type:RATIS, Factor:ONE, State:OPEN]
2019-09-25 05:52:28,165 [grpc-default-executor-0] INFO  impl.RaftServerProxy (RaftServerProxy.java:addNew(89)) - 0bbc1277-be6f-4bf3-88cf-1c3b12e139ad: addNew group-88E7BAD20BB4:[0bbc1277-be6f-4bf3-88cf-1c3b12e139ad:192.168.30.10:46701] returns group-88E7BAD20BB4:java.util.concurrent.CompletableFuture@209562a0[Not completed]
2019-09-25 05:52:28,166 [pool-27-thread-1] INFO  impl.RaftServerImpl (RaftServerImpl.java:<init>(95)) - 0bbc1277-be6f-4bf3-88cf-1c3b12e139ad: new RaftServerImpl for group-88E7BAD20BB4:[0bbc1277-be6f-4bf3-88cf-1c3b12e139ad:192.168.30.10:46701] with ContainerStateMachine:uninitialized
2019-09-25 05:52:28,166 [pool-27-thread-1] INFO  server.RaftServerConfigKeys (ConfUtils.java:logGet(43)) - raft.server.rpc.timeout.min = 5s (custom)
2019-09-25 05:52:28,166 [pool-27-thread-1] INFO  server.RaftServerConfigKeys (ConfUtils.java:logGet(43)) - raft.server.rpc.timeout.max = 5200ms (custom)
2019-09-25 05:52:28,166 [pool-27-thread-1] INFO  server.RaftServerConfigKeys (ConfUtils.java:logGet(43)) - raft.server.rpcslowness.timeout = 120s (custom)
2019-09-25 05:52:28,166 [pool-27-thread-1] INFO  server.RaftServerConfigKeys (ConfUtils.java:logGet(43)) - raft.server.sleep.deviation.threshold = 300 (default)
2019-09-25 05:52:28,167 [pool-27-thread-1] INFO  server.RaftServerConfigKeys (ConfUtils.java:logGet(43)) - raft.server.log.appender.install.snapshot.enabled = false (custom)
2019-09-25 05:52:28,167 [pool-27-thread-1] INFO  impl.RaftServerImpl (ServerState.java:<init>(103)) - 0bbc1277-be6f-4bf3-88cf-1c3b12e139ad@group-88E7BAD20BB4: ConfigurationManager, init=-1: [0bbc1277-be6f-4bf3-88cf-1c3b12e139ad:192.168.30.10:46701], old=null, confs=<EMPTY_MAP>
2019-09-25 05:52:28,167 [pool-27-thread-1] INFO  server.RaftServerConfigKeys (ConfUtils.java:logGet(43)) - raft.server.storage.dir = [/workdir/hadoop-ozone/integration-test/target/test-dir/MiniOzoneClusterImpl-5fae48a0-8517-4c16-9d39-4001697b8772/datanode-0/data/ratis] (custom)
2019-09-25 05:52:28,167 [pool-27-thread-1] INFO  storage.RaftStorageDirectory (RaftStorageDirectory.java:analyzeStorage(246)) - The storage directory /workdir/hadoop-ozone/integration-test/target/test-dir/MiniOzoneClusterImpl-5fae48a0-8517-4c16-9d39-4001697b8772/datanode-0/data/ratis/41bd3326-0907-4d51-903c-88e7bad20bb4 does not exist. Creating ...
2019-09-25 05:52:28,180 [pool-27-thread-1] INFO  storage.RaftStorageDirectory (RaftStorageDirectory.java:tryLock(328)) - Lock on /workdir/hadoop-ozone/integration-test/target/test-dir/MiniOzoneClusterImpl-5fae48a0-8517-4c16-9d39-4001697b8772/datanode-0/data/ratis/41bd3326-0907-4d51-903c-88e7bad20bb4/in_use.lock acquired by nodename 25594@pr-hdds-1569-s62bp-3040748787
2019-09-25 05:52:28,192 [pool-27-thread-1] INFO  storage.RaftStorage (RaftStorage.java:format(72)) - Storage directory /workdir/hadoop-ozone/integration-test/target/test-dir/MiniOzoneClusterImpl-5fae48a0-8517-4c16-9d39-4001697b8772/datanode-0/data/ratis/41bd3326-0907-4d51-903c-88e7bad20bb4 has been successfully formatted.
2019-09-25 05:52:28,192 [pool-27-thread-1] INFO  ratis.ContainerStateMachine (ContainerStateMachine.java:loadSnapshot(230)) - group-88E7BAD20BB4: The snapshot info is null. Setting the last applied indexto:(t:0, i:~)
2019-09-25 05:52:28,193 [pool-27-thread-1] INFO  server.RaftServerConfigKeys (ConfUtils.java:logGet(43)) - raft.server.notification.no-leader.timeout = 120s (custom)
2019-09-25 05:52:28,193 [pool-27-thread-1] INFO  server.RaftServerConfigKeys (ConfUtils.java:logGet(43)) - raft.server.log.use.memory = false (default)
2019-09-25 05:52:28,193 [pool-27-thread-1] INFO  server.RaftServerConfigKeys (ConfUtils.java:logGet(43)) - raft.server.log.purge.gap = 1000000 (custom)
2019-09-25 05:52:28,193 [pool-27-thread-1] INFO  server.RaftServerConfigKeys (ConfUtils.java:logGet(43)) - raft.server.log.appender.buffer.byte-limit = 33554432 (custom)
2019-09-25 05:52:28,193 [pool-27-thread-1] INFO  server.RaftServerConfigKeys (ConfUtils.java:logGet(43)) - raft.server.log.segment.size.max = 1048576 (custom)
2019-09-25 05:52:28,193 [pool-27-thread-1] INFO  server.RaftServerConfigKeys (ConfUtils.java:logGet(43)) - raft.server.log.segment.cache.num.max = 2 (custom)
2019-09-25 05:52:28,193 [pool-27-thread-1] INFO  segmented.SegmentedRaftLogWorker (SegmentedRaftLogWorker.java:<init>(172)) - new 0bbc1277-be6f-4bf3-88cf-1c3b12e139ad@group-88E7BAD20BB4-SegmentedRaftLogWorker for RaftStorage:Storage Directory /workdir/hadoop-ozone/integration-test/target/test-dir/MiniOzoneClusterImpl-5fae48a0-8517-4c16-9d39-4001697b8772/datanode-0/data/ratis/41bd3326-0907-4d51-903c-88e7bad20bb4
2019-09-25 05:52:28,193 [pool-27-thread-1] INFO  server.RaftServerConfigKeys (ConfUtils.java:logGet(43)) - raft.server.log.queue.byte-limit = 2147483647 (custom)
2019-09-25 05:52:28,193 [pool-27-thread-1] INFO  server.RaftServerConfigKeys (ConfUtils.java:logGet(43)) - raft.server.log.queue.element-limit = 1024 (custom)
2019-09-25 05:52:28,194 [pool-27-thread-1] INFO  server.RaftServerConfigKeys (ConfUtils.java:logGet(43)) - raft.server.log.segment.size.max = 1048576 (custom)
2019-09-25 05:52:28,194 [pool-27-thread-1] INFO  server.RaftServerConfigKeys (ConfUtils.java:logGet(43)) - raft.server.log.preallocated.size = 16384 (custom)
2019-09-25 05:52:28,194 [pool-27-thread-1] INFO  server.RaftServerConfigKeys (ConfUtils.java:logGet(43)) - raft.server.log.write.buffer.size = 33554432 (custom)
2019-09-25 05:52:28,194 [pool-27-thread-1] INFO  server.RaftServerConfigKeys (ConfUtils.java:logGet(43)) - raft.server.log.force.sync.num = 128 (default)
2019-09-25 05:52:28,194 [pool-27-thread-1] INFO  server.RaftServerConfigKeys (ConfUtils.java:logGet(43)) - raft.server.log.statemachine.data.sync = true (default)
2019-09-25 05:52:28,194 [pool-27-thread-1] INFO  server.RaftServerConfigKeys (ConfUtils.java:logGet(43)) - raft.server.log.statemachine.data.sync.timeout = 10s (default)
2019-09-25 05:52:28,194 [pool-27-thread-1] INFO  server.RaftServerConfigKeys (ConfUtils.java:logGet(43)) - raft.server.log.statemachine.data.sync.timeout.retry = -1 (default)
2019-09-25 05:52:28,194 [pool-27-thread-1] INFO  server.RaftServerConfigKeys (ConfUtils.java:logGet(43)) - raft.server.log.statemachine.data.caching.enabled = true (custom)
2019-09-25 05:52:28,195 [pool-27-thread-1] INFO  segmented.SegmentedRaftLogWorker (SegmentedRaftLogWorker.java:lambda$new$0(132)) - 0bbc1277-be6f-4bf3-88cf-1c3b12e139ad@group-88E7BAD20BB4-SegmentedRaftLogWorker: flushIndex: setUnconditionally 0 -> -1
2019-09-25 05:52:28,195 [pool-27-thread-1] INFO  server.RaftServerConfigKeys (ConfUtils.java:logGet(43)) - raft.server.snapshot.auto.trigger.enabled = true (custom)
2019-09-25 05:52:28,195 [pool-27-thread-1] INFO  server.RaftServerConfigKeys (ConfUtils.java:logGet(43)) - raft.server.snapshot.auto.trigger.threshold = 10000 (custom)
2019-09-25 05:52:28,195 [pool-27-thread-1] INFO  server.RaftServerConfigKeys (ConfUtils.java:logGet(43)) - raft.server.snapshot.retention.num.files = 5 (custom)
2019-09-25 05:52:28,195 [pool-27-thread-1] INFO  server.RaftServerConfigKeys (ConfUtils.java:logGet(43)) - raft.server.retrycache.expirytime = 600000ms (custom)
2019-09-25 05:52:28,197 [pool-27-thread-1] INFO  impl.RaftServerImpl (RaftServerImpl.java:start(185)) - 0bbc1277-be6f-4bf3-88cf-1c3b12e139ad@group-88E7BAD20BB4: start as a follower, conf=-1: [0bbc1277-be6f-4bf3-88cf-1c3b12e139ad:192.168.30.10:46701], old=null
2019-09-25 05:52:28,197 [pool-27-thread-1] INFO  impl.RaftServerImpl (RaftServerImpl.java:setRole(174)) - 0bbc1277-be6f-4bf3-88cf-1c3b12e139ad@group-88E7BAD20BB4: changes role from      null to FOLLOWER at term 0 for startAsFollower
2019-09-25 05:52:28,197 [pool-27-thread-1] INFO  impl.RoleInfo (RoleInfo.java:updateAndGet(143)) - 0bbc1277-be6f-4bf3-88cf-1c3b12e139ad: start FollowerState
2019-09-25 05:52:28,198 [pool-27-thread-1] INFO  util.JmxRegister (JmxRegister.java:tryRegister(44)) - Successfully registered JMX Bean with object name Ratis:service=RaftServer,group=group-88E7BAD20BB4,id=0bbc1277-be6f-4bf3-88cf-1c3b12e139ad
2019-09-25 05:52:28,202 [RatisPipelineUtilsThread] INFO  pipeline.PipelineStateManager (PipelineStateManager.java:addPipeline(56)) - Created pipeline Pipeline[ Id: 41bd3326-0907-4d51-903c-88e7bad20bb4, Nodes: 0bbc1277-be6f-4bf3-88cf-1c3b12e139ad{ip: 192.168.30.10, host: pr-hdds-1569-s62bp-3040748787, networkLocation: /default-rack, certSerialId: null}, Type:RATIS, Factor:ONE, State:OPEN]
2019-09-25 05:52:28,210 [grpc-default-executor-0] INFO  impl.RaftServerProxy (RaftServerProxy.java:addNew(89)) - 754f3588-47e6-41ad-b34e-eb7041cce070: addNew group-BDA231D70DB9:[754f3588-47e6-41ad-b34e-eb7041cce070:192.168.30.10:41089] returns group-BDA231D70DB9:java.util.concurrent.CompletableFuture@6c5054fa[Not completed]
2019-09-25 05:52:28,212 [pool-47-thread-1] INFO  impl.RaftServerImpl (RaftServerImpl.java:<init>(95)) - 754f3588-47e6-41ad-b34e-eb7041cce070: new RaftServerImpl for group-BDA231D70DB9:[754f3588-47e6-41ad-b34e-eb7041cce070:192.168.30.10:41089] with ContainerStateMachine:uninitialized
2019-09-25 05:52:28,212 [pool-47-thread-1] INFO  server.RaftServerConfigKeys (ConfUtils.java:logGet(43)) - raft.server.rpc.timeout.min = 5s (custom)
2019-09-25 05:52:28,212 [pool-47-thread-1] INFO  server.RaftServerConfigKeys (ConfUtils.java:logGet(43)) - raft.server.rpc.timeout.max = 5200ms (custom)
2019-09-25 05:52:28,212 [pool-47-thread-1] INFO  server.RaftServerConfigKeys (ConfUtils.java:logGet(43)) - raft.server.rpcslowness.timeout = 120s (custom)
2019-09-25 05:52:28,213 [pool-47-thread-1] INFO  server.RaftServerConfigKeys (ConfUtils.java:logGet(43)) - raft.server.sleep.deviation.threshold = 300 (default)
2019-09-25 05:52:28,213 [pool-47-thread-1] INFO  server.RaftServerConfigKeys (ConfUtils.java:logGet(43)) - raft.server.log.appender.install.snapshot.enabled = false (custom)
2019-09-25 05:52:28,213 [pool-47-thread-1] INFO  impl.RaftServerImpl (ServerState.java:<init>(103)) - 754f3588-47e6-41ad-b34e-eb7041cce070@group-BDA231D70DB9: ConfigurationManager, init=-1: [754f3588-47e6-41ad-b34e-eb7041cce070:192.168.30.10:41089], old=null, confs=<EMPTY_MAP>
2019-09-25 05:52:28,213 [pool-47-thread-1] INFO  server.RaftServerConfigKeys (ConfUtils.java:logGet(43)) - raft.server.storage.dir = [/workdir/hadoop-ozone/integration-test/target/test-dir/MiniOzoneClusterImpl-5fae48a0-8517-4c16-9d39-4001697b8772/datanode-2/data/ratis] (custom)
2019-09-25 05:52:28,214 [pool-47-thread-1] INFO  storage.RaftStorageDirectory (RaftStorageDirectory.java:analyzeStorage(246)) - The storage directory /workdir/hadoop-ozone/integration-test/target/test-dir/MiniOzoneClusterImpl-5fae48a0-8517-4c16-9d39-4001697b8772/datanode-2/data/ratis/ccedb663-dc99-45f4-80a8-bda231d70db9 does not exist. Creating ...
2019-09-25 05:52:28,226 [pool-47-thread-1] INFO  storage.RaftStorageDirectory (RaftStorageDirectory.java:tryLock(328)) - Lock on /workdir/hadoop-ozone/integration-test/target/test-dir/MiniOzoneClusterImpl-5fae48a0-8517-4c16-9d39-4001697b8772/datanode-2/data/ratis/ccedb663-dc99-45f4-80a8-bda231d70db9/in_use.lock acquired by nodename 25594@pr-hdds-1569-s62bp-3040748787
2019-09-25 05:52:28,239 [pool-47-thread-1] INFO  storage.RaftStorage (RaftStorage.java:format(72)) - Storage directory /workdir/hadoop-ozone/integration-test/target/test-dir/MiniOzoneClusterImpl-5fae48a0-8517-4c16-9d39-4001697b8772/datanode-2/data/ratis/ccedb663-dc99-45f4-80a8-bda231d70db9 has been successfully formatted.
2019-09-25 05:52:28,240 [pool-47-thread-1] INFO  ratis.ContainerStateMachine (ContainerStateMachine.java:loadSnapshot(230)) - group-BDA231D70DB9: The snapshot info is null. Setting the last applied indexto:(t:0, i:~)
2019-09-25 05:52:28,240 [pool-47-thread-1] INFO  server.RaftServerConfigKeys (ConfUtils.java:logGet(43)) - raft.server.notification.no-leader.timeout = 120s (custom)
2019-09-25 05:52:28,240 [pool-47-thread-1] INFO  server.RaftServerConfigKeys (ConfUtils.java:logGet(43)) - raft.server.log.use.memory = false (default)
2019-09-25 05:52:28,240 [pool-47-thread-1] INFO  server.RaftServerConfigKeys (ConfUtils.java:logGet(43)) - raft.server.log.purge.gap = 1000000 (custom)
2019-09-25 05:52:28,240 [pool-47-thread-1] INFO  server.RaftServerConfigKeys (ConfUtils.java:logGet(43)) - raft.server.log.appender.buffer.byte-limit = 33554432 (custom)
2019-09-25 05:52:28,240 [pool-47-thread-1] INFO  server.RaftServerConfigKeys (ConfUtils.java:logGet(43)) - raft.server.log.segment.size.max = 1048576 (custom)
2019-09-25 05:52:28,241 [pool-47-thread-1] INFO  server.RaftServerConfigKeys (ConfUtils.java:logGet(43)) - raft.server.log.segment.cache.num.max = 2 (custom)
2019-09-25 05:52:28,241 [pool-47-thread-1] INFO  segmented.SegmentedRaftLogWorker (SegmentedRaftLogWorker.java:<init>(172)) - new 754f3588-47e6-41ad-b34e-eb7041cce070@group-BDA231D70DB9-SegmentedRaftLogWorker for RaftStorage:Storage Directory /workdir/hadoop-ozone/integration-test/target/test-dir/MiniOzoneClusterImpl-5fae48a0-8517-4c16-9d39-4001697b8772/datanode-2/data/ratis/ccedb663-dc99-45f4-80a8-bda231d70db9
2019-09-25 05:52:28,241 [pool-47-thread-1] INFO  server.RaftServerConfigKeys (ConfUtils.java:logGet(43)) - raft.server.log.queue.byte-limit = 2147483647 (custom)
2019-09-25 05:52:28,241 [pool-47-thread-1] INFO  server.RaftServerConfigKeys (ConfUtils.java:logGet(43)) - raft.server.log.queue.element-limit = 1024 (custom)
2019-09-25 05:52:28,241 [pool-47-thread-1] INFO  server.RaftServerConfigKeys (ConfUtils.java:logGet(43)) - raft.server.log.segment.size.max = 1048576 (custom)
2019-09-25 05:52:28,241 [pool-47-thread-1] INFO  server.RaftServerConfigKeys (ConfUtils.java:logGet(43)) - raft.server.log.preallocated.size = 16384 (custom)
2019-09-25 05:52:28,241 [pool-47-thread-1] INFO  server.RaftServerConfigKeys (ConfUtils.java:logGet(43)) - raft.server.log.write.buffer.size = 33554432 (custom)
2019-09-25 05:52:28,242 [pool-47-thread-1] INFO  server.RaftServerConfigKeys (ConfUtils.java:logGet(43)) - raft.server.log.force.sync.num = 128 (default)
2019-09-25 05:52:28,242 [pool-47-thread-1] INFO  server.RaftServerConfigKeys (ConfUtils.java:logGet(43)) - raft.server.log.statemachine.data.sync = true (default)
2019-09-25 05:52:28,242 [pool-47-thread-1] INFO  server.RaftServerConfigKeys (ConfUtils.java:logGet(43)) - raft.server.log.statemachine.data.sync.timeout = 10s (default)
2019-09-25 05:52:28,242 [pool-47-thread-1] INFO  server.RaftServerConfigKeys (ConfUtils.java:logGet(43)) - raft.server.log.statemachine.data.sync.timeout.retry = -1 (default)
2019-09-25 05:52:28,242 [pool-47-thread-1] INFO  server.RaftServerConfigKeys (ConfUtils.java:logGet(43)) - raft.server.log.statemachine.data.caching.enabled = true (custom)
2019-09-25 05:52:28,243 [pool-47-thread-1] INFO  segmented.SegmentedRaftLogWorker (SegmentedRaftLogWorker.java:lambda$new$0(132)) - 754f3588-47e6-41ad-b34e-eb7041cce070@group-BDA231D70DB9-SegmentedRaftLogWorker: flushIndex: setUnconditionally 0 -> -1
2019-09-25 05:52:28,243 [pool-47-thread-1] INFO  server.RaftServerConfigKeys (ConfUtils.java:logGet(43)) - raft.server.snapshot.auto.trigger.enabled = true (custom)
2019-09-25 05:52:28,243 [pool-47-thread-1] INFO  server.RaftServerConfigKeys (ConfUtils.java:logGet(43)) - raft.server.snapshot.auto.trigger.threshold = 10000 (custom)
2019-09-25 05:52:28,243 [pool-47-thread-1] INFO  server.RaftServerConfigKeys (ConfUtils.java:logGet(43)) - raft.server.snapshot.retention.num.files = 5 (custom)
2019-09-25 05:52:28,243 [pool-47-thread-1] INFO  server.RaftServerConfigKeys (ConfUtils.java:logGet(43)) - raft.server.retrycache.expirytime = 600000ms (custom)
2019-09-25 05:52:28,246 [pool-47-thread-1] INFO  impl.RaftServerImpl (RaftServerImpl.java:start(185)) - 754f3588-47e6-41ad-b34e-eb7041cce070@group-BDA231D70DB9: start as a follower, conf=-1: [754f3588-47e6-41ad-b34e-eb7041cce070:192.168.30.10:41089], old=null
2019-09-25 05:52:28,246 [pool-47-thread-1] INFO  impl.RaftServerImpl (RaftServerImpl.java:setRole(174)) - 754f3588-47e6-41ad-b34e-eb7041cce070@group-BDA231D70DB9: changes role from      null to FOLLOWER at term 0 for startAsFollower
2019-09-25 05:52:28,247 [pool-47-thread-1] INFO  impl.RoleInfo (RoleInfo.java:updateAndGet(143)) - 754f3588-47e6-41ad-b34e-eb7041cce070: start FollowerState
2019-09-25 05:52:28,247 [pool-47-thread-1] INFO  util.JmxRegister (JmxRegister.java:tryRegister(44)) - Successfully registered JMX Bean with object name Ratis:service=RaftServer,group=group-BDA231D70DB9,id=754f3588-47e6-41ad-b34e-eb7041cce070
2019-09-25 05:52:28,252 [RatisPipelineUtilsThread] INFO  pipeline.PipelineStateManager (PipelineStateManager.java:addPipeline(56)) - Created pipeline Pipeline[ Id: ccedb663-dc99-45f4-80a8-bda231d70db9, Nodes: 754f3588-47e6-41ad-b34e-eb7041cce070{ip: 192.168.30.10, host: pr-hdds-1569-s62bp-3040748787, networkLocation: /default-rack, certSerialId: null}, Type:RATIS, Factor:ONE, State:OPEN]
2019-09-25 05:52:28,261 [grpc-default-executor-0] INFO  impl.RaftServerProxy (RaftServerProxy.java:addNew(89)) - 0bbc1277-be6f-4bf3-88cf-1c3b12e139ad: addNew group-303B80A85CE9:[0bbc1277-be6f-4bf3-88cf-1c3b12e139ad:192.168.30.10:46701] returns group-303B80A85CE9:java.util.concurrent.CompletableFuture@652bfcac[Not completed]
2019-09-25 05:52:28,263 [pool-27-thread-1] INFO  impl.RaftServerImpl (RaftServerImpl.java:<init>(95)) - 0bbc1277-be6f-4bf3-88cf-1c3b12e139ad: new RaftServerImpl for group-303B80A85CE9:[0bbc1277-be6f-4bf3-88cf-1c3b12e139ad:192.168.30.10:46701] with ContainerStateMachine:uninitialized
2019-09-25 05:52:28,263 [pool-27-thread-1] INFO  server.RaftServerConfigKeys (ConfUtils.java:logGet(43)) - raft.server.rpc.timeout.min = 5s (custom)
2019-09-25 05:52:28,263 [pool-27-thread-1] INFO  server.RaftServerConfigKeys (ConfUtils.java:logGet(43)) - raft.server.rpc.timeout.max = 5200ms (custom)
2019-09-25 05:52:28,264 [pool-27-thread-1] INFO  server.RaftServerConfigKeys (ConfUtils.java:logGet(43)) - raft.server.rpcslowness.timeout = 120s (custom)
2019-09-25 05:52:28,264 [pool-27-thread-1] INFO  server.RaftServerConfigKeys (ConfUtils.java:logGet(43)) - raft.server.sleep.deviation.threshold = 300 (default)
2019-09-25 05:52:28,264 [pool-27-thread-1] INFO  server.RaftServerConfigKeys (ConfUtils.java:logGet(43)) - raft.server.log.appender.install.snapshot.enabled = false (custom)
2019-09-25 05:52:28,264 [pool-27-thread-1] INFO  impl.RaftServerImpl (ServerState.java:<init>(103)) - 0bbc1277-be6f-4bf3-88cf-1c3b12e139ad@group-303B80A85CE9: ConfigurationManager, init=-1: [0bbc1277-be6f-4bf3-88cf-1c3b12e139ad:192.168.30.10:46701], old=null, confs=<EMPTY_MAP>
2019-09-25 05:52:28,264 [pool-27-thread-1] INFO  server.RaftServerConfigKeys (ConfUtils.java:logGet(43)) - raft.server.storage.dir = [/workdir/hadoop-ozone/integration-test/target/test-dir/MiniOzoneClusterImpl-5fae48a0-8517-4c16-9d39-4001697b8772/datanode-0/data/ratis] (custom)
2019-09-25 05:52:28,265 [pool-27-thread-1] INFO  storage.RaftStorageDirectory (RaftStorageDirectory.java:analyzeStorage(246)) - The storage directory /workdir/hadoop-ozone/integration-test/target/test-dir/MiniOzoneClusterImpl-5fae48a0-8517-4c16-9d39-4001697b8772/datanode-0/data/ratis/710cc713-afed-4ebc-a279-303b80a85ce9 does not exist. Creating ...
2019-09-25 05:52:28,272 [pool-27-thread-1] INFO  storage.RaftStorageDirectory (RaftStorageDirectory.java:tryLock(328)) - Lock on /workdir/hadoop-ozone/integration-test/target/test-dir/MiniOzoneClusterImpl-5fae48a0-8517-4c16-9d39-4001697b8772/datanode-0/data/ratis/710cc713-afed-4ebc-a279-303b80a85ce9/in_use.lock acquired by nodename 25594@pr-hdds-1569-s62bp-3040748787
2019-09-25 05:52:28,286 [pool-27-thread-1] INFO  storage.RaftStorage (RaftStorage.java:format(72)) - Storage directory /workdir/hadoop-ozone/integration-test/target/test-dir/MiniOzoneClusterImpl-5fae48a0-8517-4c16-9d39-4001697b8772/datanode-0/data/ratis/710cc713-afed-4ebc-a279-303b80a85ce9 has been successfully formatted.
2019-09-25 05:52:28,286 [pool-27-thread-1] INFO  ratis.ContainerStateMachine (ContainerStateMachine.java:loadSnapshot(230)) - group-303B80A85CE9: The snapshot info is null. Setting the last applied indexto:(t:0, i:~)
2019-09-25 05:52:28,286 [pool-27-thread-1] INFO  server.RaftServerConfigKeys (ConfUtils.java:logGet(43)) - raft.server.notification.no-leader.timeout = 120s (custom)
2019-09-25 05:52:28,286 [pool-27-thread-1] INFO  server.RaftServerConfigKeys (ConfUtils.java:logGet(43)) - raft.server.log.use.memory = false (default)
2019-09-25 05:52:28,287 [pool-27-thread-1] INFO  server.RaftServerConfigKeys (ConfUtils.java:logGet(43)) - raft.server.log.purge.gap = 1000000 (custom)
2019-09-25 05:52:28,287 [pool-27-thread-1] INFO  server.RaftServerConfigKeys (ConfUtils.java:logGet(43)) - raft.server.log.appender.buffer.byte-limit = 33554432 (custom)
2019-09-25 05:52:28,287 [pool-27-thread-1] INFO  server.RaftServerConfigKeys (ConfUtils.java:logGet(43)) - raft.server.log.segment.size.max = 1048576 (custom)
2019-09-25 05:52:28,287 [pool-27-thread-1] INFO  server.RaftServerConfigKeys (ConfUtils.java:logGet(43)) - raft.server.log.segment.cache.num.max = 2 (custom)
2019-09-25 05:52:28,287 [pool-27-thread-1] INFO  segmented.SegmentedRaftLogWorker (SegmentedRaftLogWorker.java:<init>(172)) - new 0bbc1277-be6f-4bf3-88cf-1c3b12e139ad@group-303B80A85CE9-SegmentedRaftLogWorker for RaftStorage:Storage Directory /workdir/hadoop-ozone/integration-test/target/test-dir/MiniOzoneClusterImpl-5fae48a0-8517-4c16-9d39-4001697b8772/datanode-0/data/ratis/710cc713-afed-4ebc-a279-303b80a85ce9
2019-09-25 05:52:28,287 [pool-27-thread-1] INFO  server.RaftServerConfigKeys (ConfUtils.java:logGet(43)) - raft.server.log.queue.byte-limit = 2147483647 (custom)
2019-09-25 05:52:28,288 [pool-27-thread-1] INFO  server.RaftServerConfigKeys (ConfUtils.java:logGet(43)) - raft.server.log.queue.element-limit = 1024 (custom)
2019-09-25 05:52:28,288 [pool-27-thread-1] INFO  server.RaftServerConfigKeys (ConfUtils.java:logGet(43)) - raft.server.log.segment.size.max = 1048576 (custom)
2019-09-25 05:52:28,288 [pool-27-thread-1] INFO  server.RaftServerConfigKeys (ConfUtils.java:logGet(43)) - raft.server.log.preallocated.size = 16384 (custom)
2019-09-25 05:52:28,288 [pool-27-thread-1] INFO  server.RaftServerConfigKeys (ConfUtils.java:logGet(43)) - raft.server.log.write.buffer.size = 33554432 (custom)
2019-09-25 05:52:28,288 [pool-27-thread-1] INFO  server.RaftServerConfigKeys (ConfUtils.java:logGet(43)) - raft.server.log.force.sync.num = 128 (default)
2019-09-25 05:52:28,288 [pool-27-thread-1] INFO  server.RaftServerConfigKeys (ConfUtils.java:logGet(43)) - raft.server.log.statemachine.data.sync = true (default)
2019-09-25 05:52:28,289 [pool-27-thread-1] INFO  server.RaftServerConfigKeys (ConfUtils.java:logGet(43)) - raft.server.log.statemachine.data.sync.timeout = 10s (default)
2019-09-25 05:52:28,289 [pool-27-thread-1] INFO  server.RaftServerConfigKeys (ConfUtils.java:logGet(43)) - raft.server.log.statemachine.data.sync.timeout.retry = -1 (default)
2019-09-25 05:52:28,289 [pool-27-thread-1] INFO  server.RaftServerConfigKeys (ConfUtils.java:logGet(43)) - raft.server.log.statemachine.data.caching.enabled = true (custom)
2019-09-25 05:52:28,289 [pool-27-thread-1] INFO  segmented.SegmentedRaftLogWorker (SegmentedRaftLogWorker.java:lambda$new$0(132)) - 0bbc1277-be6f-4bf3-88cf-1c3b12e139ad@group-303B80A85CE9-SegmentedRaftLogWorker: flushIndex: setUnconditionally 0 -> -1
2019-09-25 05:52:28,290 [pool-27-thread-1] INFO  server.RaftServerConfigKeys (ConfUtils.java:logGet(43)) - raft.server.snapshot.auto.trigger.enabled = true (custom)
2019-09-25 05:52:28,290 [pool-27-thread-1] INFO  server.RaftServerConfigKeys (ConfUtils.java:logGet(43)) - raft.server.snapshot.auto.trigger.threshold = 10000 (custom)
2019-09-25 05:52:28,290 [pool-27-thread-1] INFO  server.RaftServerConfigKeys (ConfUtils.java:logGet(43)) - raft.server.snapshot.retention.num.files = 5 (custom)
2019-09-25 05:52:28,292 [pool-27-thread-1] INFO  server.RaftServerConfigKeys (ConfUtils.java:logGet(43)) - raft.server.retrycache.expirytime = 600000ms (custom)
2019-09-25 05:52:28,295 [pool-27-thread-1] INFO  impl.RaftServerImpl (RaftServerImpl.java:start(185)) - 0bbc1277-be6f-4bf3-88cf-1c3b12e139ad@group-303B80A85CE9: start as a follower, conf=-1: [0bbc1277-be6f-4bf3-88cf-1c3b12e139ad:192.168.30.10:46701], old=null
2019-09-25 05:52:28,295 [pool-27-thread-1] INFO  impl.RaftServerImpl (RaftServerImpl.java:setRole(174)) - 0bbc1277-be6f-4bf3-88cf-1c3b12e139ad@group-303B80A85CE9: changes role from      null to FOLLOWER at term 0 for startAsFollower
2019-09-25 05:52:28,295 [pool-27-thread-1] INFO  impl.RoleInfo (RoleInfo.java:updateAndGet(143)) - 0bbc1277-be6f-4bf3-88cf-1c3b12e139ad: start FollowerState
2019-09-25 05:52:28,296 [pool-27-thread-1] INFO  util.JmxRegister (JmxRegister.java:tryRegister(44)) - Successfully registered JMX Bean with object name Ratis:service=RaftServer,group=group-303B80A85CE9,id=0bbc1277-be6f-4bf3-88cf-1c3b12e139ad
2019-09-25 05:52:28,300 [RatisPipelineUtilsThread] INFO  pipeline.PipelineStateManager (PipelineStateManager.java:addPipeline(56)) - Created pipeline Pipeline[ Id: 710cc713-afed-4ebc-a279-303b80a85ce9, Nodes: 0bbc1277-be6f-4bf3-88cf-1c3b12e139ad{ip: 192.168.30.10, host: pr-hdds-1569-s62bp-3040748787, networkLocation: /default-rack, certSerialId: null}, Type:RATIS, Factor:ONE, State:OPEN]
2019-09-25 05:52:28,309 [grpc-default-executor-0] INFO  impl.RaftServerProxy (RaftServerProxy.java:addNew(89)) - 5be219b2-97fd-4a8c-91ea-b15aa89454d4: addNew group-AE8D9EE10905:[5be219b2-97fd-4a8c-91ea-b15aa89454d4:192.168.30.10:40625] returns group-AE8D9EE10905:java.util.concurrent.CompletableFuture@b3506ba[Not completed]
2019-09-25 05:52:28,311 [pool-37-thread-1] INFO  impl.RaftServerImpl (RaftServerImpl.java:<init>(95)) - 5be219b2-97fd-4a8c-91ea-b15aa89454d4: new RaftServerImpl for group-AE8D9EE10905:[5be219b2-97fd-4a8c-91ea-b15aa89454d4:192.168.30.10:40625] with ContainerStateMachine:uninitialized
2019-09-25 05:52:28,311 [pool-37-thread-1] INFO  server.RaftServerConfigKeys (ConfUtils.java:logGet(43)) - raft.server.rpc.timeout.min = 5s (custom)
2019-09-25 05:52:28,311 [pool-37-thread-1] INFO  server.RaftServerConfigKeys (ConfUtils.java:logGet(43)) - raft.server.rpc.timeout.max = 5200ms (custom)
2019-09-25 05:52:28,311 [pool-37-thread-1] INFO  server.RaftServerConfigKeys (ConfUtils.java:logGet(43)) - raft.server.rpcslowness.timeout = 120s (custom)
2019-09-25 05:52:28,311 [pool-37-thread-1] INFO  server.RaftServerConfigKeys (ConfUtils.java:logGet(43)) - raft.server.sleep.deviation.threshold = 300 (default)
2019-09-25 05:52:28,312 [pool-37-thread-1] INFO  server.RaftServerConfigKeys (ConfUtils.java:logGet(43)) - raft.server.log.appender.install.snapshot.enabled = false (custom)
2019-09-25 05:52:28,312 [pool-37-thread-1] INFO  impl.RaftServerImpl (ServerState.java:<init>(103)) - 5be219b2-97fd-4a8c-91ea-b15aa89454d4@group-AE8D9EE10905: ConfigurationManager, init=-1: [5be219b2-97fd-4a8c-91ea-b15aa89454d4:192.168.30.10:40625], old=null, confs=<EMPTY_MAP>
2019-09-25 05:52:28,312 [pool-37-thread-1] INFO  server.RaftServerConfigKeys (ConfUtils.java:logGet(43)) - raft.server.storage.dir = [/workdir/hadoop-ozone/integration-test/target/test-dir/MiniOzoneClusterImpl-5fae48a0-8517-4c16-9d39-4001697b8772/datanode-1/data/ratis] (custom)
2019-09-25 05:52:28,312 [pool-37-thread-1] INFO  storage.RaftStorageDirectory (RaftStorageDirectory.java:analyzeStorage(246)) - The storage directory /workdir/hadoop-ozone/integration-test/target/test-dir/MiniOzoneClusterImpl-5fae48a0-8517-4c16-9d39-4001697b8772/datanode-1/data/ratis/a109d0b1-ae6e-4db0-b10f-ae8d9ee10905 does not exist. Creating ...
2019-09-25 05:52:28,321 [pool-37-thread-1] INFO  storage.RaftStorageDirectory (RaftStorageDirectory.java:tryLock(328)) - Lock on /workdir/hadoop-ozone/integration-test/target/test-dir/MiniOzoneClusterImpl-5fae48a0-8517-4c16-9d39-4001697b8772/datanode-1/data/ratis/a109d0b1-ae6e-4db0-b10f-ae8d9ee10905/in_use.lock acquired by nodename 25594@pr-hdds-1569-s62bp-3040748787
2019-09-25 05:52:28,336 [pool-37-thread-1] INFO  storage.RaftStorage (RaftStorage.java:format(72)) - Storage directory /workdir/hadoop-ozone/integration-test/target/test-dir/MiniOzoneClusterImpl-5fae48a0-8517-4c16-9d39-4001697b8772/datanode-1/data/ratis/a109d0b1-ae6e-4db0-b10f-ae8d9ee10905 has been successfully formatted.
2019-09-25 05:52:28,336 [pool-37-thread-1] INFO  ratis.ContainerStateMachine (ContainerStateMachine.java:loadSnapshot(230)) - group-AE8D9EE10905: The snapshot info is null. Setting the last applied indexto:(t:0, i:~)
2019-09-25 05:52:28,336 [pool-37-thread-1] INFO  server.RaftServerConfigKeys (ConfUtils.java:logGet(43)) - raft.server.notification.no-leader.timeout = 120s (custom)
2019-09-25 05:52:28,336 [pool-37-thread-1] INFO  server.RaftServerConfigKeys (ConfUtils.java:logGet(43)) - raft.server.log.use.memory = false (default)
2019-09-25 05:52:28,337 [pool-37-thread-1] INFO  server.RaftServerConfigKeys (ConfUtils.java:logGet(43)) - raft.server.log.purge.gap = 1000000 (custom)
2019-09-25 05:52:28,337 [pool-37-thread-1] INFO  server.RaftServerConfigKeys (ConfUtils.java:logGet(43)) - raft.server.log.appender.buffer.byte-limit = 33554432 (custom)
2019-09-25 05:52:28,337 [pool-37-thread-1] INFO  server.RaftServerConfigKeys (ConfUtils.java:logGet(43)) - raft.server.log.segment.size.max = 1048576 (custom)
2019-09-25 05:52:28,337 [pool-37-thread-1] INFO  server.RaftServerConfigKeys (ConfUtils.java:logGet(43)) - raft.server.log.segment.cache.num.max = 2 (custom)
2019-09-25 05:52:28,337 [pool-37-thread-1] INFO  segmented.SegmentedRaftLogWorker (SegmentedRaftLogWorker.java:<init>(172)) - new 5be219b2-97fd-4a8c-91ea-b15aa89454d4@group-AE8D9EE10905-SegmentedRaftLogWorker for RaftStorage:Storage Directory /workdir/hadoop-ozone/integration-test/target/test-dir/MiniOzoneClusterImpl-5fae48a0-8517-4c16-9d39-4001697b8772/datanode-1/data/ratis/a109d0b1-ae6e-4db0-b10f-ae8d9ee10905
2019-09-25 05:52:28,337 [pool-37-thread-1] INFO  server.RaftServerConfigKeys (ConfUtils.java:logGet(43)) - raft.server.log.queue.byte-limit = 2147483647 (custom)
2019-09-25 05:52:28,338 [pool-37-thread-1] INFO  server.RaftServerConfigKeys (ConfUtils.java:logGet(43)) - raft.server.log.queue.element-limit = 1024 (custom)
2019-09-25 05:52:28,338 [pool-37-thread-1] INFO  server.RaftServerConfigKeys (ConfUtils.java:logGet(43)) - raft.server.log.segment.size.max = 1048576 (custom)
2019-09-25 05:52:28,338 [pool-37-thread-1] INFO  server.RaftServerConfigKeys (ConfUtils.java:logGet(43)) - raft.server.log.preallocated.size = 16384 (custom)
2019-09-25 05:52:28,338 [pool-37-thread-1] INFO  server.RaftServerConfigKeys (ConfUtils.java:logGet(43)) - raft.server.log.write.buffer.size = 33554432 (custom)
2019-09-25 05:52:28,338 [pool-37-thread-1] INFO  server.RaftServerConfigKeys (ConfUtils.java:logGet(43)) - raft.server.log.force.sync.num = 128 (default)
2019-09-25 05:52:28,338 [pool-37-thread-1] INFO  server.RaftServerConfigKeys (ConfUtils.java:logGet(43)) - raft.server.log.statemachine.data.sync = true (default)
2019-09-25 05:52:28,338 [pool-37-thread-1] INFO  server.RaftServerConfigKeys (ConfUtils.java:logGet(43)) - raft.server.log.statemachine.data.sync.timeout = 10s (default)
2019-09-25 05:52:28,339 [pool-37-thread-1] INFO  server.RaftServerConfigKeys (ConfUtils.java:logGet(43)) - raft.server.log.statemachine.data.sync.timeout.retry = -1 (default)
2019-09-25 05:52:28,339 [pool-37-thread-1] INFO  server.RaftServerConfigKeys (ConfUtils.java:logGet(43)) - raft.server.log.statemachine.data.caching.enabled = true (custom)
2019-09-25 05:52:28,339 [pool-37-thread-1] INFO  segmented.SegmentedRaftLogWorker (SegmentedRaftLogWorker.java:lambda$new$0(132)) - 5be219b2-97fd-4a8c-91ea-b15aa89454d4@group-AE8D9EE10905-SegmentedRaftLogWorker: flushIndex: setUnconditionally 0 -> -1
2019-09-25 05:52:28,339 [pool-37-thread-1] INFO  server.RaftServerConfigKeys (ConfUtils.java:logGet(43)) - raft.server.snapshot.auto.trigger.enabled = true (custom)
2019-09-25 05:52:28,340 [pool-37-thread-1] INFO  server.RaftServerConfigKeys (ConfUtils.java:logGet(43)) - raft.server.snapshot.auto.trigger.threshold = 10000 (custom)
2019-09-25 05:52:28,340 [pool-37-thread-1] INFO  server.RaftServerConfigKeys (ConfUtils.java:logGet(43)) - raft.server.snapshot.retention.num.files = 5 (custom)
2019-09-25 05:52:28,340 [pool-37-thread-1] INFO  server.RaftServerConfigKeys (ConfUtils.java:logGet(43)) - raft.server.retrycache.expirytime = 600000ms (custom)
2019-09-25 05:52:28,343 [pool-37-thread-1] INFO  impl.RaftServerImpl (RaftServerImpl.java:start(185)) - 5be219b2-97fd-4a8c-91ea-b15aa89454d4@group-AE8D9EE10905: start as a follower, conf=-1: [5be219b2-97fd-4a8c-91ea-b15aa89454d4:192.168.30.10:40625], old=null
2019-09-25 05:52:28,343 [pool-37-thread-1] INFO  impl.RaftServerImpl (RaftServerImpl.java:setRole(174)) - 5be219b2-97fd-4a8c-91ea-b15aa89454d4@group-AE8D9EE10905: changes role from      null to FOLLOWER at term 0 for startAsFollower
2019-09-25 05:52:28,343 [pool-37-thread-1] INFO  impl.RoleInfo (RoleInfo.java:updateAndGet(143)) - 5be219b2-97fd-4a8c-91ea-b15aa89454d4: start FollowerState
2019-09-25 05:52:28,343 [pool-37-thread-1] INFO  util.JmxRegister (JmxRegister.java:tryRegister(44)) - Successfully registered JMX Bean with object name Ratis:service=RaftServer,group=group-AE8D9EE10905,id=5be219b2-97fd-4a8c-91ea-b15aa89454d4
2019-09-25 05:52:28,349 [RatisPipelineUtilsThread] INFO  pipeline.PipelineStateManager (PipelineStateManager.java:addPipeline(56)) - Created pipeline Pipeline[ Id: a109d0b1-ae6e-4db0-b10f-ae8d9ee10905, Nodes: 5be219b2-97fd-4a8c-91ea-b15aa89454d4{ip: 192.168.30.10, host: pr-hdds-1569-s62bp-3040748787, networkLocation: /default-rack, certSerialId: null}, Type:RATIS, Factor:ONE, State:OPEN]
2019-09-25 05:52:28,360 [grpc-default-executor-0] INFO  impl.RaftServerProxy (RaftServerProxy.java:addNew(89)) - 5be219b2-97fd-4a8c-91ea-b15aa89454d4: addNew group-8C08A0667C2F:[5be219b2-97fd-4a8c-91ea-b15aa89454d4:192.168.30.10:40625] returns group-8C08A0667C2F:java.util.concurrent.CompletableFuture@5f122729[Not completed]
2019-09-25 05:52:28,361 [pool-37-thread-1] INFO  impl.RaftServerImpl (RaftServerImpl.java:<init>(95)) - 5be219b2-97fd-4a8c-91ea-b15aa89454d4: new RaftServerImpl for group-8C08A0667C2F:[5be219b2-97fd-4a8c-91ea-b15aa89454d4:192.168.30.10:40625] with ContainerStateMachine:uninitialized
2019-09-25 05:52:28,361 [pool-37-thread-1] INFO  server.RaftServerConfigKeys (ConfUtils.java:logGet(43)) - raft.server.rpc.timeout.min = 5s (custom)
2019-09-25 05:52:28,361 [pool-37-thread-1] INFO  server.RaftServerConfigKeys (ConfUtils.java:logGet(43)) - raft.server.rpc.timeout.max = 5200ms (custom)
2019-09-25 05:52:28,362 [pool-37-thread-1] INFO  server.RaftServerConfigKeys (ConfUtils.java:logGet(43)) - raft.server.rpcslowness.timeout = 120s (custom)
2019-09-25 05:52:28,362 [pool-37-thread-1] INFO  server.RaftServerConfigKeys (ConfUtils.java:logGet(43)) - raft.server.sleep.deviation.threshold = 300 (default)
2019-09-25 05:52:28,362 [pool-37-thread-1] INFO  server.RaftServerConfigKeys (ConfUtils.java:logGet(43)) - raft.server.log.appender.install.snapshot.enabled = false (custom)
2019-09-25 05:52:28,362 [pool-37-thread-1] INFO  impl.RaftServerImpl (ServerState.java:<init>(103)) - 5be219b2-97fd-4a8c-91ea-b15aa89454d4@group-8C08A0667C2F: ConfigurationManager, init=-1: [5be219b2-97fd-4a8c-91ea-b15aa89454d4:192.168.30.10:40625], old=null, confs=<EMPTY_MAP>
2019-09-25 05:52:28,362 [pool-37-thread-1] INFO  server.RaftServerConfigKeys (ConfUtils.java:logGet(43)) - raft.server.storage.dir = [/workdir/hadoop-ozone/integration-test/target/test-dir/MiniOzoneClusterImpl-5fae48a0-8517-4c16-9d39-4001697b8772/datanode-1/data/ratis] (custom)
2019-09-25 05:52:28,362 [pool-37-thread-1] INFO  storage.RaftStorageDirectory (RaftStorageDirectory.java:analyzeStorage(246)) - The storage directory /workdir/hadoop-ozone/integration-test/target/test-dir/MiniOzoneClusterImpl-5fae48a0-8517-4c16-9d39-4001697b8772/datanode-1/data/ratis/53d115f4-9466-4ab2-bc50-8c08a0667c2f does not exist. Creating ...
2019-09-25 05:52:28,376 [pool-37-thread-1] INFO  storage.RaftStorageDirectory (RaftStorageDirectory.java:tryLock(328)) - Lock on /workdir/hadoop-ozone/integration-test/target/test-dir/MiniOzoneClusterImpl-5fae48a0-8517-4c16-9d39-4001697b8772/datanode-1/data/ratis/53d115f4-9466-4ab2-bc50-8c08a0667c2f/in_use.lock acquired by nodename 25594@pr-hdds-1569-s62bp-3040748787
2019-09-25 05:52:28,379 [pool-37-thread-1] INFO  storage.RaftStorage (RaftStorage.java:format(72)) - Storage directory /workdir/hadoop-ozone/integration-test/target/test-dir/MiniOzoneClusterImpl-5fae48a0-8517-4c16-9d39-4001697b8772/datanode-1/data/ratis/53d115f4-9466-4ab2-bc50-8c08a0667c2f has been successfully formatted.
2019-09-25 05:52:28,380 [pool-37-thread-1] INFO  ratis.ContainerStateMachine (ContainerStateMachine.java:loadSnapshot(230)) - group-8C08A0667C2F: The snapshot info is null. Setting the last applied indexto:(t:0, i:~)
2019-09-25 05:52:28,380 [pool-37-thread-1] INFO  server.RaftServerConfigKeys (ConfUtils.java:logGet(43)) - raft.server.notification.no-leader.timeout = 120s (custom)
2019-09-25 05:52:28,380 [pool-37-thread-1] INFO  server.RaftServerConfigKeys (ConfUtils.java:logGet(43)) - raft.server.log.use.memory = false (default)
2019-09-25 05:52:28,380 [pool-37-thread-1] INFO  server.RaftServerConfigKeys (ConfUtils.java:logGet(43)) - raft.server.log.purge.gap = 1000000 (custom)
2019-09-25 05:52:28,380 [pool-37-thread-1] INFO  server.RaftServerConfigKeys (ConfUtils.java:logGet(43)) - raft.server.log.appender.buffer.byte-limit = 33554432 (custom)
2019-09-25 05:52:28,380 [pool-37-thread-1] INFO  server.RaftServerConfigKeys (ConfUtils.java:logGet(43)) - raft.server.log.segment.size.max = 1048576 (custom)
2019-09-25 05:52:28,380 [pool-37-thread-1] INFO  server.RaftServerConfigKeys (ConfUtils.java:logGet(43)) - raft.server.log.segment.cache.num.max = 2 (custom)
2019-09-25 05:52:28,380 [pool-37-thread-1] INFO  segmented.SegmentedRaftLogWorker (SegmentedRaftLogWorker.java:<init>(172)) - new 5be219b2-97fd-4a8c-91ea-b15aa89454d4@group-8C08A0667C2F-SegmentedRaftLogWorker for RaftStorage:Storage Directory /workdir/hadoop-ozone/integration-test/target/test-dir/MiniOzoneClusterImpl-5fae48a0-8517-4c16-9d39-4001697b8772/datanode-1/data/ratis/53d115f4-9466-4ab2-bc50-8c08a0667c2f
2019-09-25 05:52:28,380 [pool-37-thread-1] INFO  server.RaftServerConfigKeys (ConfUtils.java:logGet(43)) - raft.server.log.queue.byte-limit = 2147483647 (custom)
2019-09-25 05:52:28,381 [pool-37-thread-1] INFO  server.RaftServerConfigKeys (ConfUtils.java:logGet(43)) - raft.server.log.queue.element-limit = 1024 (custom)
2019-09-25 05:52:28,381 [pool-37-thread-1] INFO  server.RaftServerConfigKeys (ConfUtils.java:logGet(43)) - raft.server.log.segment.size.max = 1048576 (custom)
2019-09-25 05:52:28,381 [pool-37-thread-1] INFO  server.RaftServerConfigKeys (ConfUtils.java:logGet(43)) - raft.server.log.preallocated.size = 16384 (custom)
2019-09-25 05:52:28,381 [pool-37-thread-1] INFO  server.RaftServerConfigKeys (ConfUtils.java:logGet(43)) - raft.server.log.write.buffer.size = 33554432 (custom)
2019-09-25 05:52:28,381 [pool-37-thread-1] INFO  server.RaftServerConfigKeys (ConfUtils.java:logGet(43)) - raft.server.log.force.sync.num = 128 (default)
2019-09-25 05:52:28,381 [pool-37-thread-1] INFO  server.RaftServerConfigKeys (ConfUtils.java:logGet(43)) - raft.server.log.statemachine.data.sync = true (default)
2019-09-25 05:52:28,381 [pool-37-thread-1] INFO  server.RaftServerConfigKeys (ConfUtils.java:logGet(43)) - raft.server.log.statemachine.data.sync.timeout = 10s (default)
2019-09-25 05:52:28,381 [pool-37-thread-1] INFO  server.RaftServerConfigKeys (ConfUtils.java:logGet(43)) - raft.server.log.statemachine.data.sync.timeout.retry = -1 (default)
2019-09-25 05:52:28,381 [pool-37-thread-1] INFO  server.RaftServerConfigKeys (ConfUtils.java:logGet(43)) - raft.server.log.statemachine.data.caching.enabled = true (custom)
2019-09-25 05:52:28,382 [pool-37-thread-1] INFO  segmented.SegmentedRaftLogWorker (SegmentedRaftLogWorker.java:lambda$new$0(132)) - 5be219b2-97fd-4a8c-91ea-b15aa89454d4@group-8C08A0667C2F-SegmentedRaftLogWorker: flushIndex: setUnconditionally 0 -> -1
2019-09-25 05:52:28,382 [pool-37-thread-1] INFO  server.RaftServerConfigKeys (ConfUtils.java:logGet(43)) - raft.server.snapshot.auto.trigger.enabled = true (custom)
2019-09-25 05:52:28,382 [pool-37-thread-1] INFO  server.RaftServerConfigKeys (ConfUtils.java:logGet(43)) - raft.server.snapshot.auto.trigger.threshold = 10000 (custom)
2019-09-25 05:52:28,382 [pool-37-thread-1] INFO  server.RaftServerConfigKeys (ConfUtils.java:logGet(43)) - raft.server.snapshot.retention.num.files = 5 (custom)
2019-09-25 05:52:28,382 [pool-37-thread-1] INFO  server.RaftServerConfigKeys (ConfUtils.java:logGet(43)) - raft.server.retrycache.expirytime = 600000ms (custom)
2019-09-25 05:52:28,384 [pool-37-thread-1] INFO  impl.RaftServerImpl (RaftServerImpl.java:start(185)) - 5be219b2-97fd-4a8c-91ea-b15aa89454d4@group-8C08A0667C2F: start as a follower, conf=-1: [5be219b2-97fd-4a8c-91ea-b15aa89454d4:192.168.30.10:40625], old=null
2019-09-25 05:52:28,384 [pool-37-thread-1] INFO  impl.RaftServerImpl (RaftServerImpl.java:setRole(174)) - 5be219b2-97fd-4a8c-91ea-b15aa89454d4@group-8C08A0667C2F: changes role from      null to FOLLOWER at term 0 for startAsFollower
2019-09-25 05:52:28,384 [pool-37-thread-1] INFO  impl.RoleInfo (RoleInfo.java:updateAndGet(143)) - 5be219b2-97fd-4a8c-91ea-b15aa89454d4: start FollowerState
2019-09-25 05:52:28,385 [pool-37-thread-1] INFO  util.JmxRegister (JmxRegister.java:tryRegister(44)) - Successfully registered JMX Bean with object name Ratis:service=RaftServer,group=group-8C08A0667C2F,id=5be219b2-97fd-4a8c-91ea-b15aa89454d4
2019-09-25 05:52:28,390 [RatisPipelineUtilsThread] INFO  pipeline.PipelineStateManager (PipelineStateManager.java:addPipeline(56)) - Created pipeline Pipeline[ Id: 53d115f4-9466-4ab2-bc50-8c08a0667c2f, Nodes: 5be219b2-97fd-4a8c-91ea-b15aa89454d4{ip: 192.168.30.10, host: pr-hdds-1569-s62bp-3040748787, networkLocation: /default-rack, certSerialId: null}, Type:RATIS, Factor:ONE, State:OPEN]
2019-09-25 05:52:28,400 [grpc-default-executor-0] INFO  impl.RaftServerProxy (RaftServerProxy.java:addNew(89)) - 5be219b2-97fd-4a8c-91ea-b15aa89454d4: addNew group-0D7B8A261B20:[5be219b2-97fd-4a8c-91ea-b15aa89454d4:192.168.30.10:40625] returns group-0D7B8A261B20:java.util.concurrent.CompletableFuture@7a50e719[Not completed]
2019-09-25 05:52:28,401 [pool-37-thread-1] INFO  impl.RaftServerImpl (RaftServerImpl.java:<init>(95)) - 5be219b2-97fd-4a8c-91ea-b15aa89454d4: new RaftServerImpl for group-0D7B8A261B20:[5be219b2-97fd-4a8c-91ea-b15aa89454d4:192.168.30.10:40625] with ContainerStateMachine:uninitialized
2019-09-25 05:52:28,401 [pool-37-thread-1] INFO  server.RaftServerConfigKeys (ConfUtils.java:logGet(43)) - raft.server.rpc.timeout.min = 5s (custom)
2019-09-25 05:52:28,402 [pool-37-thread-1] INFO  server.RaftServerConfigKeys (ConfUtils.java:logGet(43)) - raft.server.rpc.timeout.max = 5200ms (custom)
2019-09-25 05:52:28,402 [pool-37-thread-1] INFO  server.RaftServerConfigKeys (ConfUtils.java:logGet(43)) - raft.server.rpcslowness.timeout = 120s (custom)
2019-09-25 05:52:28,402 [pool-37-thread-1] INFO  server.RaftServerConfigKeys (ConfUtils.java:logGet(43)) - raft.server.sleep.deviation.threshold = 300 (default)
2019-09-25 05:52:28,402 [pool-37-thread-1] INFO  server.RaftServerConfigKeys (ConfUtils.java:logGet(43)) - raft.server.log.appender.install.snapshot.enabled = false (custom)
2019-09-25 05:52:28,402 [pool-37-thread-1] INFO  impl.RaftServerImpl (ServerState.java:<init>(103)) - 5be219b2-97fd-4a8c-91ea-b15aa89454d4@group-0D7B8A261B20: ConfigurationManager, init=-1: [5be219b2-97fd-4a8c-91ea-b15aa89454d4:192.168.30.10:40625], old=null, confs=<EMPTY_MAP>
2019-09-25 05:52:28,402 [pool-37-thread-1] INFO  server.RaftServerConfigKeys (ConfUtils.java:logGet(43)) - raft.server.storage.dir = [/workdir/hadoop-ozone/integration-test/target/test-dir/MiniOzoneClusterImpl-5fae48a0-8517-4c16-9d39-4001697b8772/datanode-1/data/ratis] (custom)
2019-09-25 05:52:28,402 [pool-37-thread-1] INFO  storage.RaftStorageDirectory (RaftStorageDirectory.java:analyzeStorage(246)) - The storage directory /workdir/hadoop-ozone/integration-test/target/test-dir/MiniOzoneClusterImpl-5fae48a0-8517-4c16-9d39-4001697b8772/datanode-1/data/ratis/6bfe0943-2a04-47a0-a6d0-0d7b8a261b20 does not exist. Creating ...
2019-09-25 05:52:28,411 [pool-37-thread-1] INFO  storage.RaftStorageDirectory (RaftStorageDirectory.java:tryLock(328)) - Lock on /workdir/hadoop-ozone/integration-test/target/test-dir/MiniOzoneClusterImpl-5fae48a0-8517-4c16-9d39-4001697b8772/datanode-1/data/ratis/6bfe0943-2a04-47a0-a6d0-0d7b8a261b20/in_use.lock acquired by nodename 25594@pr-hdds-1569-s62bp-3040748787
2019-09-25 05:52:28,425 [pool-37-thread-1] INFO  storage.RaftStorage (RaftStorage.java:format(72)) - Storage directory /workdir/hadoop-ozone/integration-test/target/test-dir/MiniOzoneClusterImpl-5fae48a0-8517-4c16-9d39-4001697b8772/datanode-1/data/ratis/6bfe0943-2a04-47a0-a6d0-0d7b8a261b20 has been successfully formatted.
2019-09-25 05:52:28,426 [pool-37-thread-1] INFO  ratis.ContainerStateMachine (ContainerStateMachine.java:loadSnapshot(230)) - group-0D7B8A261B20: The snapshot info is null. Setting the last applied indexto:(t:0, i:~)
2019-09-25 05:52:28,426 [pool-37-thread-1] INFO  server.RaftServerConfigKeys (ConfUtils.java:logGet(43)) - raft.server.notification.no-leader.timeout = 120s (custom)
2019-09-25 05:52:28,426 [pool-37-thread-1] INFO  server.RaftServerConfigKeys (ConfUtils.java:logGet(43)) - raft.server.log.use.memory = false (default)
2019-09-25 05:52:28,426 [pool-37-thread-1] INFO  server.RaftServerConfigKeys (ConfUtils.java:logGet(43)) - raft.server.log.purge.gap = 1000000 (custom)
2019-09-25 05:52:28,426 [pool-37-thread-1] INFO  server.RaftServerConfigKeys (ConfUtils.java:logGet(43)) - raft.server.log.appender.buffer.byte-limit = 33554432 (custom)
2019-09-25 05:52:28,426 [pool-37-thread-1] INFO  server.RaftServerConfigKeys (ConfUtils.java:logGet(43)) - raft.server.log.segment.size.max = 1048576 (custom)
2019-09-25 05:52:28,427 [pool-37-thread-1] INFO  server.RaftServerConfigKeys (ConfUtils.java:logGet(43)) - raft.server.log.segment.cache.num.max = 2 (custom)
2019-09-25 05:52:28,427 [pool-37-thread-1] INFO  segmented.SegmentedRaftLogWorker (SegmentedRaftLogWorker.java:<init>(172)) - new 5be219b2-97fd-4a8c-91ea-b15aa89454d4@group-0D7B8A261B20-SegmentedRaftLogWorker for RaftStorage:Storage Directory /workdir/hadoop-ozone/integration-test/target/test-dir/MiniOzoneClusterImpl-5fae48a0-8517-4c16-9d39-4001697b8772/datanode-1/data/ratis/6bfe0943-2a04-47a0-a6d0-0d7b8a261b20
2019-09-25 05:52:28,427 [pool-37-thread-1] INFO  server.RaftServerConfigKeys (ConfUtils.java:logGet(43)) - raft.server.log.queue.byte-limit = 2147483647 (custom)
2019-09-25 05:52:28,427 [pool-37-thread-1] INFO  server.RaftServerConfigKeys (ConfUtils.java:logGet(43)) - raft.server.log.queue.element-limit = 1024 (custom)
2019-09-25 05:52:28,427 [pool-37-thread-1] INFO  server.RaftServerConfigKeys (ConfUtils.java:logGet(43)) - raft.server.log.segment.size.max = 1048576 (custom)
2019-09-25 05:52:28,427 [pool-37-thread-1] INFO  server.RaftServerConfigKeys (ConfUtils.java:logGet(43)) - raft.server.log.preallocated.size = 16384 (custom)
2019-09-25 05:52:28,427 [pool-37-thread-1] INFO  server.RaftServerConfigKeys (ConfUtils.java:logGet(43)) - raft.server.log.write.buffer.size = 33554432 (custom)
2019-09-25 05:52:28,428 [pool-37-thread-1] INFO  server.RaftServerConfigKeys (ConfUtils.java:logGet(43)) - raft.server.log.force.sync.num = 128 (default)
2019-09-25 05:52:28,428 [pool-37-thread-1] INFO  server.RaftServerConfigKeys (ConfUtils.java:logGet(43)) - raft.server.log.statemachine.data.sync = true (default)
2019-09-25 05:52:28,428 [pool-37-thread-1] INFO  server.RaftServerConfigKeys (ConfUtils.java:logGet(43)) - raft.server.log.statemachine.data.sync.timeout = 10s (default)
2019-09-25 05:52:28,428 [pool-37-thread-1] INFO  server.RaftServerConfigKeys (ConfUtils.java:logGet(43)) - raft.server.log.statemachine.data.sync.timeout.retry = -1 (default)
2019-09-25 05:52:28,428 [pool-37-thread-1] INFO  server.RaftServerConfigKeys (ConfUtils.java:logGet(43)) - raft.server.log.statemachine.data.caching.enabled = true (custom)
2019-09-25 05:52:28,429 [pool-37-thread-1] INFO  segmented.SegmentedRaftLogWorker (SegmentedRaftLogWorker.java:lambda$new$0(132)) - 5be219b2-97fd-4a8c-91ea-b15aa89454d4@group-0D7B8A261B20-SegmentedRaftLogWorker: flushIndex: setUnconditionally 0 -> -1
2019-09-25 05:52:28,429 [pool-37-thread-1] INFO  server.RaftServerConfigKeys (ConfUtils.java:logGet(43)) - raft.server.snapshot.auto.trigger.enabled = true (custom)
2019-09-25 05:52:28,429 [pool-37-thread-1] INFO  server.RaftServerConfigKeys (ConfUtils.java:logGet(43)) - raft.server.snapshot.auto.trigger.threshold = 10000 (custom)
2019-09-25 05:52:28,429 [pool-37-thread-1] INFO  server.RaftServerConfigKeys (ConfUtils.java:logGet(43)) - raft.server.snapshot.retention.num.files = 5 (custom)
2019-09-25 05:52:28,430 [pool-37-thread-1] INFO  server.RaftServerConfigKeys (ConfUtils.java:logGet(43)) - raft.server.retrycache.expirytime = 600000ms (custom)
2019-09-25 05:52:28,433 [pool-37-thread-1] INFO  impl.RaftServerImpl (RaftServerImpl.java:start(185)) - 5be219b2-97fd-4a8c-91ea-b15aa89454d4@group-0D7B8A261B20: start as a follower, conf=-1: [5be219b2-97fd-4a8c-91ea-b15aa89454d4:192.168.30.10:40625], old=null
2019-09-25 05:52:28,433 [pool-37-thread-1] INFO  impl.RaftServerImpl (RaftServerImpl.java:setRole(174)) - 5be219b2-97fd-4a8c-91ea-b15aa89454d4@group-0D7B8A261B20: changes role from      null to FOLLOWER at term 0 for startAsFollower
2019-09-25 05:52:28,433 [pool-37-thread-1] INFO  impl.RoleInfo (RoleInfo.java:updateAndGet(143)) - 5be219b2-97fd-4a8c-91ea-b15aa89454d4: start FollowerState
2019-09-25 05:52:28,434 [pool-37-thread-1] INFO  util.JmxRegister (JmxRegister.java:tryRegister(44)) - Successfully registered JMX Bean with object name Ratis:service=RaftServer,group=group-0D7B8A261B20,id=5be219b2-97fd-4a8c-91ea-b15aa89454d4
2019-09-25 05:52:28,439 [RatisPipelineUtilsThread] INFO  pipeline.PipelineStateManager (PipelineStateManager.java:addPipeline(56)) - Created pipeline Pipeline[ Id: 6bfe0943-2a04-47a0-a6d0-0d7b8a261b20, Nodes: 5be219b2-97fd-4a8c-91ea-b15aa89454d4{ip: 192.168.30.10, host: pr-hdds-1569-s62bp-3040748787, networkLocation: /default-rack, certSerialId: null}, Type:RATIS, Factor:ONE, State:OPEN]
2019-09-25 05:52:28,448 [grpc-default-executor-0] INFO  impl.RaftServerProxy (RaftServerProxy.java:addNew(89)) - 5be219b2-97fd-4a8c-91ea-b15aa89454d4: addNew group-035E92030235:[5be219b2-97fd-4a8c-91ea-b15aa89454d4:192.168.30.10:40625] returns group-035E92030235:java.util.concurrent.CompletableFuture@62c8d3e4[Not completed]
2019-09-25 05:52:28,450 [pool-37-thread-1] INFO  impl.RaftServerImpl (RaftServerImpl.java:<init>(95)) - 5be219b2-97fd-4a8c-91ea-b15aa89454d4: new RaftServerImpl for group-035E92030235:[5be219b2-97fd-4a8c-91ea-b15aa89454d4:192.168.30.10:40625] with ContainerStateMachine:uninitialized
2019-09-25 05:52:28,450 [pool-37-thread-1] INFO  server.RaftServerConfigKeys (ConfUtils.java:logGet(43)) - raft.server.rpc.timeout.min = 5s (custom)
2019-09-25 05:52:28,450 [pool-37-thread-1] INFO  server.RaftServerConfigKeys (ConfUtils.java:logGet(43)) - raft.server.rpc.timeout.max = 5200ms (custom)
2019-09-25 05:52:28,450 [pool-37-thread-1] INFO  server.RaftServerConfigKeys (ConfUtils.java:logGet(43)) - raft.server.rpcslowness.timeout = 120s (custom)
2019-09-25 05:52:28,450 [pool-37-thread-1] INFO  server.RaftServerConfigKeys (ConfUtils.java:logGet(43)) - raft.server.sleep.deviation.threshold = 300 (default)
2019-09-25 05:52:28,450 [pool-37-thread-1] INFO  server.RaftServerConfigKeys (ConfUtils.java:logGet(43)) - raft.server.log.appender.install.snapshot.enabled = false (custom)
2019-09-25 05:52:28,451 [pool-37-thread-1] INFO  impl.RaftServerImpl (ServerState.java:<init>(103)) - 5be219b2-97fd-4a8c-91ea-b15aa89454d4@group-035E92030235: ConfigurationManager, init=-1: [5be219b2-97fd-4a8c-91ea-b15aa89454d4:192.168.30.10:40625], old=null, confs=<EMPTY_MAP>
2019-09-25 05:52:28,451 [pool-37-thread-1] INFO  server.RaftServerConfigKeys (ConfUtils.java:logGet(43)) - raft.server.storage.dir = [/workdir/hadoop-ozone/integration-test/target/test-dir/MiniOzoneClusterImpl-5fae48a0-8517-4c16-9d39-4001697b8772/datanode-1/data/ratis] (custom)
2019-09-25 05:52:28,451 [pool-37-thread-1] INFO  storage.RaftStorageDirectory (RaftStorageDirectory.java:analyzeStorage(246)) - The storage directory /workdir/hadoop-ozone/integration-test/target/test-dir/MiniOzoneClusterImpl-5fae48a0-8517-4c16-9d39-4001697b8772/datanode-1/data/ratis/a0b4074e-f300-4f36-aff2-035e92030235 does not exist. Creating ...
2019-09-25 05:52:28,454 [pool-37-thread-1] INFO  storage.RaftStorageDirectory (RaftStorageDirectory.java:tryLock(328)) - Lock on /workdir/hadoop-ozone/integration-test/target/test-dir/MiniOzoneClusterImpl-5fae48a0-8517-4c16-9d39-4001697b8772/datanode-1/data/ratis/a0b4074e-f300-4f36-aff2-035e92030235/in_use.lock acquired by nodename 25594@pr-hdds-1569-s62bp-3040748787
2019-09-25 05:52:28,467 [pool-37-thread-1] INFO  storage.RaftStorage (RaftStorage.java:format(72)) - Storage directory /workdir/hadoop-ozone/integration-test/target/test-dir/MiniOzoneClusterImpl-5fae48a0-8517-4c16-9d39-4001697b8772/datanode-1/data/ratis/a0b4074e-f300-4f36-aff2-035e92030235 has been successfully formatted.
2019-09-25 05:52:28,467 [pool-37-thread-1] INFO  ratis.ContainerStateMachine (ContainerStateMachine.java:loadSnapshot(230)) - group-035E92030235: The snapshot info is null. Setting the last applied indexto:(t:0, i:~)
2019-09-25 05:52:28,467 [pool-37-thread-1] INFO  server.RaftServerConfigKeys (ConfUtils.java:logGet(43)) - raft.server.notification.no-leader.timeout = 120s (custom)
2019-09-25 05:52:28,468 [pool-37-thread-1] INFO  server.RaftServerConfigKeys (ConfUtils.java:logGet(43)) - raft.server.log.use.memory = false (default)
2019-09-25 05:52:28,468 [pool-37-thread-1] INFO  server.RaftServerConfigKeys (ConfUtils.java:logGet(43)) - raft.server.log.purge.gap = 1000000 (custom)
2019-09-25 05:52:28,468 [pool-37-thread-1] INFO  server.RaftServerConfigKeys (ConfUtils.java:logGet(43)) - raft.server.log.appender.buffer.byte-limit = 33554432 (custom)
2019-09-25 05:52:28,468 [pool-37-thread-1] INFO  server.RaftServerConfigKeys (ConfUtils.java:logGet(43)) - raft.server.log.segment.size.max = 1048576 (custom)
2019-09-25 05:52:28,468 [pool-37-thread-1] INFO  server.RaftServerConfigKeys (ConfUtils.java:logGet(43)) - raft.server.log.segment.cache.num.max = 2 (custom)
2019-09-25 05:52:28,468 [pool-37-thread-1] INFO  segmented.SegmentedRaftLogWorker (SegmentedRaftLogWorker.java:<init>(172)) - new 5be219b2-97fd-4a8c-91ea-b15aa89454d4@group-035E92030235-SegmentedRaftLogWorker for RaftStorage:Storage Directory /workdir/hadoop-ozone/integration-test/target/test-dir/MiniOzoneClusterImpl-5fae48a0-8517-4c16-9d39-4001697b8772/datanode-1/data/ratis/a0b4074e-f300-4f36-aff2-035e92030235
2019-09-25 05:52:28,469 [pool-37-thread-1] INFO  server.RaftServerConfigKeys (ConfUtils.java:logGet(43)) - raft.server.log.queue.byte-limit = 2147483647 (custom)
2019-09-25 05:52:28,469 [pool-37-thread-1] INFO  server.RaftServerConfigKeys (ConfUtils.java:logGet(43)) - raft.server.log.queue.element-limit = 1024 (custom)
2019-09-25 05:52:28,469 [pool-37-thread-1] INFO  server.RaftServerConfigKeys (ConfUtils.java:logGet(43)) - raft.server.log.segment.size.max = 1048576 (custom)
2019-09-25 05:52:28,469 [pool-37-thread-1] INFO  server.RaftServerConfigKeys (ConfUtils.java:logGet(43)) - raft.server.log.preallocated.size = 16384 (custom)
2019-09-25 05:52:28,469 [pool-37-thread-1] INFO  server.RaftServerConfigKeys (ConfUtils.java:logGet(43)) - raft.server.log.write.buffer.size = 33554432 (custom)
2019-09-25 05:52:28,469 [pool-37-thread-1] INFO  server.RaftServerConfigKeys (ConfUtils.java:logGet(43)) - raft.server.log.force.sync.num = 128 (default)
2019-09-25 05:52:28,469 [pool-37-thread-1] INFO  server.RaftServerConfigKeys (ConfUtils.java:logGet(43)) - raft.server.log.statemachine.data.sync = true (default)
2019-09-25 05:52:28,470 [pool-37-thread-1] INFO  server.RaftServerConfigKeys (ConfUtils.java:logGet(43)) - raft.server.log.statemachine.data.sync.timeout = 10s (default)
2019-09-25 05:52:28,470 [pool-37-thread-1] INFO  server.RaftServerConfigKeys (ConfUtils.java:logGet(43)) - raft.server.log.statemachine.data.sync.timeout.retry = -1 (default)
2019-09-25 05:52:28,470 [pool-37-thread-1] INFO  server.RaftServerConfigKeys (ConfUtils.java:logGet(43)) - raft.server.log.statemachine.data.caching.enabled = true (custom)
2019-09-25 05:52:28,470 [pool-37-thread-1] INFO  segmented.SegmentedRaftLogWorker (SegmentedRaftLogWorker.java:lambda$new$0(132)) - 5be219b2-97fd-4a8c-91ea-b15aa89454d4@group-035E92030235-SegmentedRaftLogWorker: flushIndex: setUnconditionally 0 -> -1
2019-09-25 05:52:28,471 [pool-37-thread-1] INFO  server.RaftServerConfigKeys (ConfUtils.java:logGet(43)) - raft.server.snapshot.auto.trigger.enabled = true (custom)
2019-09-25 05:52:28,471 [pool-37-thread-1] INFO  server.RaftServerConfigKeys (ConfUtils.java:logGet(43)) - raft.server.snapshot.auto.trigger.threshold = 10000 (custom)
2019-09-25 05:52:28,471 [pool-37-thread-1] INFO  server.RaftServerConfigKeys (ConfUtils.java:logGet(43)) - raft.server.snapshot.retention.num.files = 5 (custom)
2019-09-25 05:52:28,471 [pool-37-thread-1] INFO  server.RaftServerConfigKeys (ConfUtils.java:logGet(43)) - raft.server.retrycache.expirytime = 600000ms (custom)
2019-09-25 05:52:28,474 [pool-37-thread-1] INFO  impl.RaftServerImpl (RaftServerImpl.java:start(185)) - 5be219b2-97fd-4a8c-91ea-b15aa89454d4@group-035E92030235: start as a follower, conf=-1: [5be219b2-97fd-4a8c-91ea-b15aa89454d4:192.168.30.10:40625], old=null
2019-09-25 05:52:28,474 [pool-37-thread-1] INFO  impl.RaftServerImpl (RaftServerImpl.java:setRole(174)) - 5be219b2-97fd-4a8c-91ea-b15aa89454d4@group-035E92030235: changes role from      null to FOLLOWER at term 0 for startAsFollower
2019-09-25 05:52:28,474 [pool-37-thread-1] INFO  impl.RoleInfo (RoleInfo.java:updateAndGet(143)) - 5be219b2-97fd-4a8c-91ea-b15aa89454d4: start FollowerState
2019-09-25 05:52:28,475 [pool-37-thread-1] INFO  util.JmxRegister (JmxRegister.java:tryRegister(44)) - Successfully registered JMX Bean with object name Ratis:service=RaftServer,group=group-035E92030235,id=5be219b2-97fd-4a8c-91ea-b15aa89454d4
2019-09-25 05:52:28,479 [RatisPipelineUtilsThread] INFO  pipeline.PipelineStateManager (PipelineStateManager.java:addPipeline(56)) - Created pipeline Pipeline[ Id: a0b4074e-f300-4f36-aff2-035e92030235, Nodes: 5be219b2-97fd-4a8c-91ea-b15aa89454d4{ip: 192.168.30.10, host: pr-hdds-1569-s62bp-3040748787, networkLocation: /default-rack, certSerialId: null}, Type:RATIS, Factor:ONE, State:OPEN]
2019-09-25 05:52:28,489 [grpc-default-executor-0] INFO  impl.RaftServerProxy (RaftServerProxy.java:addNew(89)) - 754f3588-47e6-41ad-b34e-eb7041cce070: addNew group-B136B2E426ED:[754f3588-47e6-41ad-b34e-eb7041cce070:192.168.30.10:41089] returns group-B136B2E426ED:java.util.concurrent.CompletableFuture@5f3ccf67[Not completed]
2019-09-25 05:52:28,490 [pool-47-thread-1] INFO  impl.RaftServerImpl (RaftServerImpl.java:<init>(95)) - 754f3588-47e6-41ad-b34e-eb7041cce070: new RaftServerImpl for group-B136B2E426ED:[754f3588-47e6-41ad-b34e-eb7041cce070:192.168.30.10:41089] with ContainerStateMachine:uninitialized
2019-09-25 05:52:28,490 [pool-47-thread-1] INFO  server.RaftServerConfigKeys (ConfUtils.java:logGet(43)) - raft.server.rpc.timeout.min = 5s (custom)
2019-09-25 05:52:28,490 [pool-47-thread-1] INFO  server.RaftServerConfigKeys (ConfUtils.java:logGet(43)) - raft.server.rpc.timeout.max = 5200ms (custom)
2019-09-25 05:52:28,490 [pool-47-thread-1] INFO  server.RaftServerConfigKeys (ConfUtils.java:logGet(43)) - raft.server.rpcslowness.timeout = 120s (custom)
2019-09-25 05:52:28,490 [pool-47-thread-1] INFO  server.RaftServerConfigKeys (ConfUtils.java:logGet(43)) - raft.server.sleep.deviation.threshold = 300 (default)
2019-09-25 05:52:28,490 [pool-47-thread-1] INFO  server.RaftServerConfigKeys (ConfUtils.java:logGet(43)) - raft.server.log.appender.install.snapshot.enabled = false (custom)
2019-09-25 05:52:28,490 [pool-47-thread-1] INFO  impl.RaftServerImpl (ServerState.java:<init>(103)) - 754f3588-47e6-41ad-b34e-eb7041cce070@group-B136B2E426ED: ConfigurationManager, init=-1: [754f3588-47e6-41ad-b34e-eb7041cce070:192.168.30.10:41089], old=null, confs=<EMPTY_MAP>
2019-09-25 05:52:28,491 [pool-47-thread-1] INFO  server.RaftServerConfigKeys (ConfUtils.java:logGet(43)) - raft.server.storage.dir = [/workdir/hadoop-ozone/integration-test/target/test-dir/MiniOzoneClusterImpl-5fae48a0-8517-4c16-9d39-4001697b8772/datanode-2/data/ratis] (custom)
2019-09-25 05:52:28,491 [pool-47-thread-1] INFO  storage.RaftStorageDirectory (RaftStorageDirectory.java:analyzeStorage(246)) - The storage directory /workdir/hadoop-ozone/integration-test/target/test-dir/MiniOzoneClusterImpl-5fae48a0-8517-4c16-9d39-4001697b8772/datanode-2/data/ratis/62c04d19-3b24-4e69-8e4f-b136b2e426ed does not exist. Creating ...
2019-09-25 05:52:28,503 [pool-47-thread-1] INFO  storage.RaftStorageDirectory (RaftStorageDirectory.java:tryLock(328)) - Lock on /workdir/hadoop-ozone/integration-test/target/test-dir/MiniOzoneClusterImpl-5fae48a0-8517-4c16-9d39-4001697b8772/datanode-2/data/ratis/62c04d19-3b24-4e69-8e4f-b136b2e426ed/in_use.lock acquired by nodename 25594@pr-hdds-1569-s62bp-3040748787
2019-09-25 05:52:28,516 [pool-47-thread-1] INFO  storage.RaftStorage (RaftStorage.java:format(72)) - Storage directory /workdir/hadoop-ozone/integration-test/target/test-dir/MiniOzoneClusterImpl-5fae48a0-8517-4c16-9d39-4001697b8772/datanode-2/data/ratis/62c04d19-3b24-4e69-8e4f-b136b2e426ed has been successfully formatted.
2019-09-25 05:52:28,516 [pool-47-thread-1] INFO  ratis.ContainerStateMachine (ContainerStateMachine.java:loadSnapshot(230)) - group-B136B2E426ED: The snapshot info is null. Setting the last applied indexto:(t:0, i:~)
2019-09-25 05:52:28,516 [pool-47-thread-1] INFO  server.RaftServerConfigKeys (ConfUtils.java:logGet(43)) - raft.server.notification.no-leader.timeout = 120s (custom)
2019-09-25 05:52:28,516 [pool-47-thread-1] INFO  server.RaftServerConfigKeys (ConfUtils.java:logGet(43)) - raft.server.log.use.memory = false (default)
2019-09-25 05:52:28,517 [pool-47-thread-1] INFO  server.RaftServerConfigKeys (ConfUtils.java:logGet(43)) - raft.server.log.purge.gap = 1000000 (custom)
2019-09-25 05:52:28,517 [pool-47-thread-1] INFO  server.RaftServerConfigKeys (ConfUtils.java:logGet(43)) - raft.server.log.appender.buffer.byte-limit = 33554432 (custom)
2019-09-25 05:52:28,517 [pool-47-thread-1] INFO  server.RaftServerConfigKeys (ConfUtils.java:logGet(43)) - raft.server.log.segment.size.max = 1048576 (custom)
2019-09-25 05:52:28,517 [pool-47-thread-1] INFO  server.RaftServerConfigKeys (ConfUtils.java:logGet(43)) - raft.server.log.segment.cache.num.max = 2 (custom)
2019-09-25 05:52:28,517 [pool-47-thread-1] INFO  segmented.SegmentedRaftLogWorker (SegmentedRaftLogWorker.java:<init>(172)) - new 754f3588-47e6-41ad-b34e-eb7041cce070@group-B136B2E426ED-SegmentedRaftLogWorker for RaftStorage:Storage Directory /workdir/hadoop-ozone/integration-test/target/test-dir/MiniOzoneClusterImpl-5fae48a0-8517-4c16-9d39-4001697b8772/datanode-2/data/ratis/62c04d19-3b24-4e69-8e4f-b136b2e426ed
2019-09-25 05:52:28,517 [pool-47-thread-1] INFO  server.RaftServerConfigKeys (ConfUtils.java:logGet(43)) - raft.server.log.queue.byte-limit = 2147483647 (custom)
2019-09-25 05:52:28,517 [pool-47-thread-1] INFO  server.RaftServerConfigKeys (ConfUtils.java:logGet(43)) - raft.server.log.queue.element-limit = 1024 (custom)
2019-09-25 05:52:28,517 [pool-47-thread-1] INFO  server.RaftServerConfigKeys (ConfUtils.java:logGet(43)) - raft.server.log.segment.size.max = 1048576 (custom)
2019-09-25 05:52:28,518 [pool-47-thread-1] INFO  server.RaftServerConfigKeys (ConfUtils.java:logGet(43)) - raft.server.log.preallocated.size = 16384 (custom)
2019-09-25 05:52:28,518 [pool-47-thread-1] INFO  server.RaftServerConfigKeys (ConfUtils.java:logGet(43)) - raft.server.log.write.buffer.size = 33554432 (custom)
2019-09-25 05:52:28,518 [pool-47-thread-1] INFO  server.RaftServerConfigKeys (ConfUtils.java:logGet(43)) - raft.server.log.force.sync.num = 128 (default)
2019-09-25 05:52:28,518 [pool-47-thread-1] INFO  server.RaftServerConfigKeys (ConfUtils.java:logGet(43)) - raft.server.log.statemachine.data.sync = true (default)
2019-09-25 05:52:28,518 [pool-47-thread-1] INFO  server.RaftServerConfigKeys (ConfUtils.java:logGet(43)) - raft.server.log.statemachine.data.sync.timeout = 10s (default)
2019-09-25 05:52:28,518 [pool-47-thread-1] INFO  server.RaftServerConfigKeys (ConfUtils.java:logGet(43)) - raft.server.log.statemachine.data.sync.timeout.retry = -1 (default)
2019-09-25 05:52:28,518 [pool-47-thread-1] INFO  server.RaftServerConfigKeys (ConfUtils.java:logGet(43)) - raft.server.log.statemachine.data.caching.enabled = true (custom)
2019-09-25 05:52:28,519 [pool-47-thread-1] INFO  segmented.SegmentedRaftLogWorker (SegmentedRaftLogWorker.java:lambda$new$0(132)) - 754f3588-47e6-41ad-b34e-eb7041cce070@group-B136B2E426ED-SegmentedRaftLogWorker: flushIndex: setUnconditionally 0 -> -1
2019-09-25 05:52:28,519 [pool-47-thread-1] INFO  server.RaftServerConfigKeys (ConfUtils.java:logGet(43)) - raft.server.snapshot.auto.trigger.enabled = true (custom)
2019-09-25 05:52:28,519 [pool-47-thread-1] INFO  server.RaftServerConfigKeys (ConfUtils.java:logGet(43)) - raft.server.snapshot.auto.trigger.threshold = 10000 (custom)
2019-09-25 05:52:28,519 [pool-47-thread-1] INFO  server.RaftServerConfigKeys (ConfUtils.java:logGet(43)) - raft.server.snapshot.retention.num.files = 5 (custom)
2019-09-25 05:52:28,519 [pool-47-thread-1] INFO  server.RaftServerConfigKeys (ConfUtils.java:logGet(43)) - raft.server.retrycache.expirytime = 600000ms (custom)
2019-09-25 05:52:28,521 [pool-47-thread-1] INFO  impl.RaftServerImpl (RaftServerImpl.java:start(185)) - 754f3588-47e6-41ad-b34e-eb7041cce070@group-B136B2E426ED: start as a follower, conf=-1: [754f3588-47e6-41ad-b34e-eb7041cce070:192.168.30.10:41089], old=null
2019-09-25 05:52:28,521 [pool-47-thread-1] INFO  impl.RaftServerImpl (RaftServerImpl.java:setRole(174)) - 754f3588-47e6-41ad-b34e-eb7041cce070@group-B136B2E426ED: changes role from      null to FOLLOWER at term 0 for startAsFollower
2019-09-25 05:52:28,521 [pool-47-thread-1] INFO  impl.RoleInfo (RoleInfo.java:updateAndGet(143)) - 754f3588-47e6-41ad-b34e-eb7041cce070: start FollowerState
2019-09-25 05:52:28,522 [pool-47-thread-1] INFO  util.JmxRegister (JmxRegister.java:tryRegister(44)) - Successfully registered JMX Bean with object name Ratis:service=RaftServer,group=group-B136B2E426ED,id=754f3588-47e6-41ad-b34e-eb7041cce070
2019-09-25 05:52:28,526 [RatisPipelineUtilsThread] INFO  pipeline.PipelineStateManager (PipelineStateManager.java:addPipeline(56)) - Created pipeline Pipeline[ Id: 62c04d19-3b24-4e69-8e4f-b136b2e426ed, Nodes: 754f3588-47e6-41ad-b34e-eb7041cce070{ip: 192.168.30.10, host: pr-hdds-1569-s62bp-3040748787, networkLocation: /default-rack, certSerialId: null}, Type:RATIS, Factor:ONE, State:OPEN]
2019-09-25 05:52:28,535 [grpc-default-executor-0] INFO  impl.RaftServerProxy (RaftServerProxy.java:addNew(89)) - 0bbc1277-be6f-4bf3-88cf-1c3b12e139ad: addNew group-82BD77DC9D22:[0bbc1277-be6f-4bf3-88cf-1c3b12e139ad:192.168.30.10:46701] returns group-82BD77DC9D22:java.util.concurrent.CompletableFuture@3b337562[Not completed]
2019-09-25 05:52:28,537 [pool-27-thread-1] INFO  impl.RaftServerImpl (RaftServerImpl.java:<init>(95)) - 0bbc1277-be6f-4bf3-88cf-1c3b12e139ad: new RaftServerImpl for group-82BD77DC9D22:[0bbc1277-be6f-4bf3-88cf-1c3b12e139ad:192.168.30.10:46701] with ContainerStateMachine:uninitialized
2019-09-25 05:52:28,537 [pool-27-thread-1] INFO  server.RaftServerConfigKeys (ConfUtils.java:logGet(43)) - raft.server.rpc.timeout.min = 5s (custom)
2019-09-25 05:52:28,537 [pool-27-thread-1] INFO  server.RaftServerConfigKeys (ConfUtils.java:logGet(43)) - raft.server.rpc.timeout.max = 5200ms (custom)
2019-09-25 05:52:28,537 [pool-27-thread-1] INFO  server.RaftServerConfigKeys (ConfUtils.java:logGet(43)) - raft.server.rpcslowness.timeout = 120s (custom)
2019-09-25 05:52:28,537 [pool-27-thread-1] INFO  server.RaftServerConfigKeys (ConfUtils.java:logGet(43)) - raft.server.sleep.deviation.threshold = 300 (default)
2019-09-25 05:52:28,537 [pool-27-thread-1] INFO  server.RaftServerConfigKeys (ConfUtils.java:logGet(43)) - raft.server.log.appender.install.snapshot.enabled = false (custom)
2019-09-25 05:52:28,537 [pool-27-thread-1] INFO  impl.RaftServerImpl (ServerState.java:<init>(103)) - 0bbc1277-be6f-4bf3-88cf-1c3b12e139ad@group-82BD77DC9D22: ConfigurationManager, init=-1: [0bbc1277-be6f-4bf3-88cf-1c3b12e139ad:192.168.30.10:46701], old=null, confs=<EMPTY_MAP>
2019-09-25 05:52:28,538 [pool-27-thread-1] INFO  server.RaftServerConfigKeys (ConfUtils.java:logGet(43)) - raft.server.storage.dir = [/workdir/hadoop-ozone/integration-test/target/test-dir/MiniOzoneClusterImpl-5fae48a0-8517-4c16-9d39-4001697b8772/datanode-0/data/ratis] (custom)
2019-09-25 05:52:28,538 [pool-27-thread-1] INFO  storage.RaftStorageDirectory (RaftStorageDirectory.java:analyzeStorage(246)) - The storage directory /workdir/hadoop-ozone/integration-test/target/test-dir/MiniOzoneClusterImpl-5fae48a0-8517-4c16-9d39-4001697b8772/datanode-0/data/ratis/65a8b763-f3b7-4b37-95c8-82bd77dc9d22 does not exist. Creating ...
2019-09-25 05:52:28,557 [pool-27-thread-1] INFO  storage.RaftStorageDirectory (RaftStorageDirectory.java:tryLock(328)) - Lock on /workdir/hadoop-ozone/integration-test/target/test-dir/MiniOzoneClusterImpl-5fae48a0-8517-4c16-9d39-4001697b8772/datanode-0/data/ratis/65a8b763-f3b7-4b37-95c8-82bd77dc9d22/in_use.lock acquired by nodename 25594@pr-hdds-1569-s62bp-3040748787
2019-09-25 05:52:28,580 [pool-27-thread-1] INFO  storage.RaftStorage (RaftStorage.java:format(72)) - Storage directory /workdir/hadoop-ozone/integration-test/target/test-dir/MiniOzoneClusterImpl-5fae48a0-8517-4c16-9d39-4001697b8772/datanode-0/data/ratis/65a8b763-f3b7-4b37-95c8-82bd77dc9d22 has been successfully formatted.
2019-09-25 05:52:28,581 [pool-27-thread-1] INFO  ratis.ContainerStateMachine (ContainerStateMachine.java:loadSnapshot(230)) - group-82BD77DC9D22: The snapshot info is null. Setting the last applied indexto:(t:0, i:~)
2019-09-25 05:52:28,581 [pool-27-thread-1] INFO  server.RaftServerConfigKeys (ConfUtils.java:logGet(43)) - raft.server.notification.no-leader.timeout = 120s (custom)
2019-09-25 05:52:28,581 [pool-27-thread-1] INFO  server.RaftServerConfigKeys (ConfUtils.java:logGet(43)) - raft.server.log.use.memory = false (default)
2019-09-25 05:52:28,581 [pool-27-thread-1] INFO  server.RaftServerConfigKeys (ConfUtils.java:logGet(43)) - raft.server.log.purge.gap = 1000000 (custom)
2019-09-25 05:52:28,582 [pool-27-thread-1] INFO  server.RaftServerConfigKeys (ConfUtils.java:logGet(43)) - raft.server.log.appender.buffer.byte-limit = 33554432 (custom)
2019-09-25 05:52:28,582 [pool-27-thread-1] INFO  server.RaftServerConfigKeys (ConfUtils.java:logGet(43)) - raft.server.log.segment.size.max = 1048576 (custom)
2019-09-25 05:52:28,582 [pool-27-thread-1] INFO  server.RaftServerConfigKeys (ConfUtils.java:logGet(43)) - raft.server.log.segment.cache.num.max = 2 (custom)
2019-09-25 05:52:28,582 [pool-27-thread-1] INFO  segmented.SegmentedRaftLogWorker (SegmentedRaftLogWorker.java:<init>(172)) - new 0bbc1277-be6f-4bf3-88cf-1c3b12e139ad@group-82BD77DC9D22-SegmentedRaftLogWorker for RaftStorage:Storage Directory /workdir/hadoop-ozone/integration-test/target/test-dir/MiniOzoneClusterImpl-5fae48a0-8517-4c16-9d39-4001697b8772/datanode-0/data/ratis/65a8b763-f3b7-4b37-95c8-82bd77dc9d22
2019-09-25 05:52:28,582 [pool-27-thread-1] INFO  server.RaftServerConfigKeys (ConfUtils.java:logGet(43)) - raft.server.log.queue.byte-limit = 2147483647 (custom)
2019-09-25 05:52:28,582 [pool-27-thread-1] INFO  server.RaftServerConfigKeys (ConfUtils.java:logGet(43)) - raft.server.log.queue.element-limit = 1024 (custom)
2019-09-25 05:52:28,583 [pool-27-thread-1] INFO  server.RaftServerConfigKeys (ConfUtils.java:logGet(43)) - raft.server.log.segment.size.max = 1048576 (custom)
2019-09-25 05:52:28,583 [pool-27-thread-1] INFO  server.RaftServerConfigKeys (ConfUtils.java:logGet(43)) - raft.server.log.preallocated.size = 16384 (custom)
2019-09-25 05:52:28,583 [pool-27-thread-1] INFO  server.RaftServerConfigKeys (ConfUtils.java:logGet(43)) - raft.server.log.write.buffer.size = 33554432 (custom)
2019-09-25 05:52:28,583 [pool-27-thread-1] INFO  server.RaftServerConfigKeys (ConfUtils.java:logGet(43)) - raft.server.log.force.sync.num = 128 (default)
2019-09-25 05:52:28,583 [pool-27-thread-1] INFO  server.RaftServerConfigKeys (ConfUtils.java:logGet(43)) - raft.server.log.statemachine.data.sync = true (default)
2019-09-25 05:52:28,583 [pool-27-thread-1] INFO  server.RaftServerConfigKeys (ConfUtils.java:logGet(43)) - raft.server.log.statemachine.data.sync.timeout = 10s (default)
2019-09-25 05:52:28,584 [pool-27-thread-1] INFO  server.RaftServerConfigKeys (ConfUtils.java:logGet(43)) - raft.server.log.statemachine.data.sync.timeout.retry = -1 (default)
2019-09-25 05:52:28,584 [pool-27-thread-1] INFO  server.RaftServerConfigKeys (ConfUtils.java:logGet(43)) - raft.server.log.statemachine.data.caching.enabled = true (custom)
2019-09-25 05:52:28,584 [pool-27-thread-1] INFO  segmented.SegmentedRaftLogWorker (SegmentedRaftLogWorker.java:lambda$new$0(132)) - 0bbc1277-be6f-4bf3-88cf-1c3b12e139ad@group-82BD77DC9D22-SegmentedRaftLogWorker: flushIndex: setUnconditionally 0 -> -1
2019-09-25 05:52:28,585 [pool-27-thread-1] INFO  server.RaftServerConfigKeys (ConfUtils.java:logGet(43)) - raft.server.snapshot.auto.trigger.enabled = true (custom)
2019-09-25 05:52:28,585 [pool-27-thread-1] INFO  server.RaftServerConfigKeys (ConfUtils.java:logGet(43)) - raft.server.snapshot.auto.trigger.threshold = 10000 (custom)
2019-09-25 05:52:28,585 [pool-27-thread-1] INFO  server.RaftServerConfigKeys (ConfUtils.java:logGet(43)) - raft.server.snapshot.retention.num.files = 5 (custom)
2019-09-25 05:52:28,585 [pool-27-thread-1] INFO  server.RaftServerConfigKeys (ConfUtils.java:logGet(43)) - raft.server.retrycache.expirytime = 600000ms (custom)
2019-09-25 05:52:28,588 [pool-27-thread-1] INFO  impl.RaftServerImpl (RaftServerImpl.java:start(185)) - 0bbc1277-be6f-4bf3-88cf-1c3b12e139ad@group-82BD77DC9D22: start as a follower, conf=-1: [0bbc1277-be6f-4bf3-88cf-1c3b12e139ad:192.168.30.10:46701], old=null
2019-09-25 05:52:28,588 [pool-27-thread-1] INFO  impl.RaftServerImpl (RaftServerImpl.java:setRole(174)) - 0bbc1277-be6f-4bf3-88cf-1c3b12e139ad@group-82BD77DC9D22: changes role from      null to FOLLOWER at term 0 for startAsFollower
2019-09-25 05:52:28,589 [pool-27-thread-1] INFO  impl.RoleInfo (RoleInfo.java:updateAndGet(143)) - 0bbc1277-be6f-4bf3-88cf-1c3b12e139ad: start FollowerState
2019-09-25 05:52:28,589 [pool-27-thread-1] INFO  util.JmxRegister (JmxRegister.java:tryRegister(44)) - Successfully registered JMX Bean with object name Ratis:service=RaftServer,group=group-82BD77DC9D22,id=0bbc1277-be6f-4bf3-88cf-1c3b12e139ad
2019-09-25 05:52:28,596 [RatisPipelineUtilsThread] INFO  pipeline.PipelineStateManager (PipelineStateManager.java:addPipeline(56)) - Created pipeline Pipeline[ Id: 65a8b763-f3b7-4b37-95c8-82bd77dc9d22, Nodes: 0bbc1277-be6f-4bf3-88cf-1c3b12e139ad{ip: 192.168.30.10, host: pr-hdds-1569-s62bp-3040748787, networkLocation: /default-rack, certSerialId: null}, Type:RATIS, Factor:ONE, State:OPEN]
2019-09-25 05:52:28,605 [grpc-default-executor-0] INFO  impl.RaftServerProxy (RaftServerProxy.java:addNew(89)) - 754f3588-47e6-41ad-b34e-eb7041cce070: addNew group-2FC77B5E22C2:[754f3588-47e6-41ad-b34e-eb7041cce070:192.168.30.10:41089] returns group-2FC77B5E22C2:java.util.concurrent.CompletableFuture@6c6a2d9e[Not completed]
2019-09-25 05:52:28,606 [pool-47-thread-1] INFO  impl.RaftServerImpl (RaftServerImpl.java:<init>(95)) - 754f3588-47e6-41ad-b34e-eb7041cce070: new RaftServerImpl for group-2FC77B5E22C2:[754f3588-47e6-41ad-b34e-eb7041cce070:192.168.30.10:41089] with ContainerStateMachine:uninitialized
2019-09-25 05:52:28,606 [pool-47-thread-1] INFO  server.RaftServerConfigKeys (ConfUtils.java:logGet(43)) - raft.server.rpc.timeout.min = 5s (custom)
2019-09-25 05:52:28,606 [pool-47-thread-1] INFO  server.RaftServerConfigKeys (ConfUtils.java:logGet(43)) - raft.server.rpc.timeout.max = 5200ms (custom)
2019-09-25 05:52:28,606 [pool-47-thread-1] INFO  server.RaftServerConfigKeys (ConfUtils.java:logGet(43)) - raft.server.rpcslowness.timeout = 120s (custom)
2019-09-25 05:52:28,607 [pool-47-thread-1] INFO  server.RaftServerConfigKeys (ConfUtils.java:logGet(43)) - raft.server.sleep.deviation.threshold = 300 (default)
2019-09-25 05:52:28,607 [pool-47-thread-1] INFO  server.RaftServerConfigKeys (ConfUtils.java:logGet(43)) - raft.server.log.appender.install.snapshot.enabled = false (custom)
2019-09-25 05:52:28,607 [pool-47-thread-1] INFO  impl.RaftServerImpl (ServerState.java:<init>(103)) - 754f3588-47e6-41ad-b34e-eb7041cce070@group-2FC77B5E22C2: ConfigurationManager, init=-1: [754f3588-47e6-41ad-b34e-eb7041cce070:192.168.30.10:41089], old=null, confs=<EMPTY_MAP>
2019-09-25 05:52:28,607 [pool-47-thread-1] INFO  server.RaftServerConfigKeys (ConfUtils.java:logGet(43)) - raft.server.storage.dir = [/workdir/hadoop-ozone/integration-test/target/test-dir/MiniOzoneClusterImpl-5fae48a0-8517-4c16-9d39-4001697b8772/datanode-2/data/ratis] (custom)
2019-09-25 05:52:28,608 [pool-47-thread-1] INFO  storage.RaftStorageDirectory (RaftStorageDirectory.java:analyzeStorage(246)) - The storage directory /workdir/hadoop-ozone/integration-test/target/test-dir/MiniOzoneClusterImpl-5fae48a0-8517-4c16-9d39-4001697b8772/datanode-2/data/ratis/d61e4b56-85f8-406e-9d47-2fc77b5e22c2 does not exist. Creating ...
2019-09-25 05:52:28,621 [pool-47-thread-1] INFO  storage.RaftStorageDirectory (RaftStorageDirectory.java:tryLock(328)) - Lock on /workdir/hadoop-ozone/integration-test/target/test-dir/MiniOzoneClusterImpl-5fae48a0-8517-4c16-9d39-4001697b8772/datanode-2/data/ratis/d61e4b56-85f8-406e-9d47-2fc77b5e22c2/in_use.lock acquired by nodename 25594@pr-hdds-1569-s62bp-3040748787
2019-09-25 05:52:28,634 [pool-47-thread-1] INFO  storage.RaftStorage (RaftStorage.java:format(72)) - Storage directory /workdir/hadoop-ozone/integration-test/target/test-dir/MiniOzoneClusterImpl-5fae48a0-8517-4c16-9d39-4001697b8772/datanode-2/data/ratis/d61e4b56-85f8-406e-9d47-2fc77b5e22c2 has been successfully formatted.
2019-09-25 05:52:28,635 [pool-47-thread-1] INFO  ratis.ContainerStateMachine (ContainerStateMachine.java:loadSnapshot(230)) - group-2FC77B5E22C2: The snapshot info is null. Setting the last applied indexto:(t:0, i:~)
2019-09-25 05:52:28,635 [pool-47-thread-1] INFO  server.RaftServerConfigKeys (ConfUtils.java:logGet(43)) - raft.server.notification.no-leader.timeout = 120s (custom)
2019-09-25 05:52:28,635 [pool-47-thread-1] INFO  server.RaftServerConfigKeys (ConfUtils.java:logGet(43)) - raft.server.log.use.memory = false (default)
2019-09-25 05:52:28,635 [pool-47-thread-1] INFO  server.RaftServerConfigKeys (ConfUtils.java:logGet(43)) - raft.server.log.purge.gap = 1000000 (custom)
2019-09-25 05:52:28,635 [pool-47-thread-1] INFO  server.RaftServerConfigKeys (ConfUtils.java:logGet(43)) - raft.server.log.appender.buffer.byte-limit = 33554432 (custom)
2019-09-25 05:52:28,635 [pool-47-thread-1] INFO  server.RaftServerConfigKeys (ConfUtils.java:logGet(43)) - raft.server.log.segment.size.max = 1048576 (custom)
2019-09-25 05:52:28,635 [pool-47-thread-1] INFO  server.RaftServerConfigKeys (ConfUtils.java:logGet(43)) - raft.server.log.segment.cache.num.max = 2 (custom)
2019-09-25 05:52:28,636 [pool-47-thread-1] INFO  segmented.SegmentedRaftLogWorker (SegmentedRaftLogWorker.java:<init>(172)) - new 754f3588-47e6-41ad-b34e-eb7041cce070@group-2FC77B5E22C2-SegmentedRaftLogWorker for RaftStorage:Storage Directory /workdir/hadoop-ozone/integration-test/target/test-dir/MiniOzoneClusterImpl-5fae48a0-8517-4c16-9d39-4001697b8772/datanode-2/data/ratis/d61e4b56-85f8-406e-9d47-2fc77b5e22c2
2019-09-25 05:52:28,636 [pool-47-thread-1] INFO  server.RaftServerConfigKeys (ConfUtils.java:logGet(43)) - raft.server.log.queue.byte-limit = 2147483647 (custom)
2019-09-25 05:52:28,636 [pool-47-thread-1] INFO  server.RaftServerConfigKeys (ConfUtils.java:logGet(43)) - raft.server.log.queue.element-limit = 1024 (custom)
2019-09-25 05:52:28,636 [pool-47-thread-1] INFO  server.RaftServerConfigKeys (ConfUtils.java:logGet(43)) - raft.server.log.segment.size.max = 1048576 (custom)
2019-09-25 05:52:28,636 [pool-47-thread-1] INFO  server.RaftServerConfigKeys (ConfUtils.java:logGet(43)) - raft.server.log.preallocated.size = 16384 (custom)
2019-09-25 05:52:28,636 [pool-47-thread-1] INFO  server.RaftServerConfigKeys (ConfUtils.java:logGet(43)) - raft.server.log.write.buffer.size = 33554432 (custom)
2019-09-25 05:52:28,636 [pool-47-thread-1] INFO  server.RaftServerConfigKeys (ConfUtils.java:logGet(43)) - raft.server.log.force.sync.num = 128 (default)
2019-09-25 05:52:28,636 [pool-47-thread-1] INFO  server.RaftServerConfigKeys (ConfUtils.java:logGet(43)) - raft.server.log.statemachine.data.sync = true (default)
2019-09-25 05:52:28,637 [pool-47-thread-1] INFO  server.RaftServerConfigKeys (ConfUtils.java:logGet(43)) - raft.server.log.statemachine.data.sync.timeout = 10s (default)
2019-09-25 05:52:28,637 [pool-47-thread-1] INFO  server.RaftServerConfigKeys (ConfUtils.java:logGet(43)) - raft.server.log.statemachine.data.sync.timeout.retry = -1 (default)
2019-09-25 05:52:28,637 [pool-47-thread-1] INFO  server.RaftServerConfigKeys (ConfUtils.java:logGet(43)) - raft.server.log.statemachine.data.caching.enabled = true (custom)
2019-09-25 05:52:28,637 [pool-47-thread-1] INFO  segmented.SegmentedRaftLogWorker (SegmentedRaftLogWorker.java:lambda$new$0(132)) - 754f3588-47e6-41ad-b34e-eb7041cce070@group-2FC77B5E22C2-SegmentedRaftLogWorker: flushIndex: setUnconditionally 0 -> -1
2019-09-25 05:52:28,637 [pool-47-thread-1] INFO  server.RaftServerConfigKeys (ConfUtils.java:logGet(43)) - raft.server.snapshot.auto.trigger.enabled = true (custom)
2019-09-25 05:52:28,637 [pool-47-thread-1] INFO  server.RaftServerConfigKeys (ConfUtils.java:logGet(43)) - raft.server.snapshot.auto.trigger.threshold = 10000 (custom)
2019-09-25 05:52:28,638 [pool-47-thread-1] INFO  server.RaftServerConfigKeys (ConfUtils.java:logGet(43)) - raft.server.snapshot.retention.num.files = 5 (custom)
2019-09-25 05:52:28,638 [pool-47-thread-1] INFO  server.RaftServerConfigKeys (ConfUtils.java:logGet(43)) - raft.server.retrycache.expirytime = 600000ms (custom)
2019-09-25 05:52:28,640 [pool-47-thread-1] INFO  impl.RaftServerImpl (RaftServerImpl.java:start(185)) - 754f3588-47e6-41ad-b34e-eb7041cce070@group-2FC77B5E22C2: start as a follower, conf=-1: [754f3588-47e6-41ad-b34e-eb7041cce070:192.168.30.10:41089], old=null
2019-09-25 05:52:28,640 [pool-47-thread-1] INFO  impl.RaftServerImpl (RaftServerImpl.java:setRole(174)) - 754f3588-47e6-41ad-b34e-eb7041cce070@group-2FC77B5E22C2: changes role from      null to FOLLOWER at term 0 for startAsFollower
2019-09-25 05:52:28,640 [pool-47-thread-1] INFO  impl.RoleInfo (RoleInfo.java:updateAndGet(143)) - 754f3588-47e6-41ad-b34e-eb7041cce070: start FollowerState
2019-09-25 05:52:28,640 [pool-47-thread-1] INFO  util.JmxRegister (JmxRegister.java:tryRegister(44)) - Successfully registered JMX Bean with object name Ratis:service=RaftServer,group=group-2FC77B5E22C2,id=754f3588-47e6-41ad-b34e-eb7041cce070
2019-09-25 05:52:28,646 [RatisPipelineUtilsThread] INFO  pipeline.PipelineStateManager (PipelineStateManager.java:addPipeline(56)) - Created pipeline Pipeline[ Id: d61e4b56-85f8-406e-9d47-2fc77b5e22c2, Nodes: 754f3588-47e6-41ad-b34e-eb7041cce070{ip: 192.168.30.10, host: pr-hdds-1569-s62bp-3040748787, networkLocation: /default-rack, certSerialId: null}, Type:RATIS, Factor:ONE, State:OPEN]
2019-09-25 05:52:28,657 [grpc-default-executor-0] INFO  impl.RaftServerProxy (RaftServerProxy.java:addNew(89)) - 754f3588-47e6-41ad-b34e-eb7041cce070: addNew group-05C9C68BDD60:[754f3588-47e6-41ad-b34e-eb7041cce070:192.168.30.10:41089] returns group-05C9C68BDD60:java.util.concurrent.CompletableFuture@559f3d07[Not completed]
2019-09-25 05:52:28,659 [pool-47-thread-1] INFO  impl.RaftServerImpl (RaftServerImpl.java:<init>(95)) - 754f3588-47e6-41ad-b34e-eb7041cce070: new RaftServerImpl for group-05C9C68BDD60:[754f3588-47e6-41ad-b34e-eb7041cce070:192.168.30.10:41089] with ContainerStateMachine:uninitialized
2019-09-25 05:52:28,659 [pool-47-thread-1] INFO  server.RaftServerConfigKeys (ConfUtils.java:logGet(43)) - raft.server.rpc.timeout.min = 5s (custom)
2019-09-25 05:52:28,659 [pool-47-thread-1] INFO  server.RaftServerConfigKeys (ConfUtils.java:logGet(43)) - raft.server.rpc.timeout.max = 5200ms (custom)
2019-09-25 05:52:28,659 [pool-47-thread-1] INFO  server.RaftServerConfigKeys (ConfUtils.java:logGet(43)) - raft.server.rpcslowness.timeout = 120s (custom)
2019-09-25 05:52:28,660 [pool-47-thread-1] INFO  server.RaftServerConfigKeys (ConfUtils.java:logGet(43)) - raft.server.sleep.deviation.threshold = 300 (default)
2019-09-25 05:52:28,660 [pool-47-thread-1] INFO  server.RaftServerConfigKeys (ConfUtils.java:logGet(43)) - raft.server.log.appender.install.snapshot.enabled = false (custom)
2019-09-25 05:52:28,660 [pool-47-thread-1] INFO  impl.RaftServerImpl (ServerState.java:<init>(103)) - 754f3588-47e6-41ad-b34e-eb7041cce070@group-05C9C68BDD60: ConfigurationManager, init=-1: [754f3588-47e6-41ad-b34e-eb7041cce070:192.168.30.10:41089], old=null, confs=<EMPTY_MAP>
2019-09-25 05:52:28,660 [pool-47-thread-1] INFO  server.RaftServerConfigKeys (ConfUtils.java:logGet(43)) - raft.server.storage.dir = [/workdir/hadoop-ozone/integration-test/target/test-dir/MiniOzoneClusterImpl-5fae48a0-8517-4c16-9d39-4001697b8772/datanode-2/data/ratis] (custom)
2019-09-25 05:52:28,660 [pool-47-thread-1] INFO  storage.RaftStorageDirectory (RaftStorageDirectory.java:analyzeStorage(246)) - The storage directory /workdir/hadoop-ozone/integration-test/target/test-dir/MiniOzoneClusterImpl-5fae48a0-8517-4c16-9d39-4001697b8772/datanode-2/data/ratis/8f6450c1-5505-42ac-bad3-05c9c68bdd60 does not exist. Creating ...
2019-09-25 05:52:28,662 [Thread-178] INFO  container.ReplicationManager (ReplicationManager.java:start(163)) - Starting Replication Monitor Thread.
2019-09-25 05:52:28,666 [ReplicationMonitor] INFO  container.ReplicationManager (ReplicationManager.java:run(226)) - Replication Monitor Thread took 1 milliseconds for processing 0 containers.
2019-09-25 05:52:28,674 [pool-47-thread-1] INFO  storage.RaftStorageDirectory (RaftStorageDirectory.java:tryLock(328)) - Lock on /workdir/hadoop-ozone/integration-test/target/test-dir/MiniOzoneClusterImpl-5fae48a0-8517-4c16-9d39-4001697b8772/datanode-2/data/ratis/8f6450c1-5505-42ac-bad3-05c9c68bdd60/in_use.lock acquired by nodename 25594@pr-hdds-1569-s62bp-3040748787
2019-09-25 05:52:28,678 [pool-47-thread-1] INFO  storage.RaftStorage (RaftStorage.java:format(72)) - Storage directory /workdir/hadoop-ozone/integration-test/target/test-dir/MiniOzoneClusterImpl-5fae48a0-8517-4c16-9d39-4001697b8772/datanode-2/data/ratis/8f6450c1-5505-42ac-bad3-05c9c68bdd60 has been successfully formatted.
2019-09-25 05:52:28,678 [pool-47-thread-1] INFO  ratis.ContainerStateMachine (ContainerStateMachine.java:loadSnapshot(230)) - group-05C9C68BDD60: The snapshot info is null. Setting the last applied indexto:(t:0, i:~)
2019-09-25 05:52:28,678 [pool-47-thread-1] INFO  server.RaftServerConfigKeys (ConfUtils.java:logGet(43)) - raft.server.notification.no-leader.timeout = 120s (custom)
2019-09-25 05:52:28,678 [pool-47-thread-1] INFO  server.RaftServerConfigKeys (ConfUtils.java:logGet(43)) - raft.server.log.use.memory = false (default)
2019-09-25 05:52:28,678 [pool-47-thread-1] INFO  server.RaftServerConfigKeys (ConfUtils.java:logGet(43)) - raft.server.log.purge.gap = 1000000 (custom)
2019-09-25 05:52:28,678 [pool-47-thread-1] INFO  server.RaftServerConfigKeys (ConfUtils.java:logGet(43)) - raft.server.log.appender.buffer.byte-limit = 33554432 (custom)
2019-09-25 05:52:28,679 [pool-47-thread-1] INFO  server.RaftServerConfigKeys (ConfUtils.java:logGet(43)) - raft.server.log.segment.size.max = 1048576 (custom)
2019-09-25 05:52:28,679 [pool-47-thread-1] INFO  server.RaftServerConfigKeys (ConfUtils.java:logGet(43)) - raft.server.log.segment.cache.num.max = 2 (custom)
2019-09-25 05:52:28,679 [pool-47-thread-1] INFO  segmented.SegmentedRaftLogWorker (SegmentedRaftLogWorker.java:<init>(172)) - new 754f3588-47e6-41ad-b34e-eb7041cce070@group-05C9C68BDD60-SegmentedRaftLogWorker for RaftStorage:Storage Directory /workdir/hadoop-ozone/integration-test/target/test-dir/MiniOzoneClusterImpl-5fae48a0-8517-4c16-9d39-4001697b8772/datanode-2/data/ratis/8f6450c1-5505-42ac-bad3-05c9c68bdd60
2019-09-25 05:52:28,679 [pool-47-thread-1] INFO  server.RaftServerConfigKeys (ConfUtils.java:logGet(43)) - raft.server.log.queue.byte-limit = 2147483647 (custom)
2019-09-25 05:52:28,679 [pool-47-thread-1] INFO  server.RaftServerConfigKeys (ConfUtils.java:logGet(43)) - raft.server.log.queue.element-limit = 1024 (custom)
2019-09-25 05:52:28,679 [pool-47-thread-1] INFO  server.RaftServerConfigKeys (ConfUtils.java:logGet(43)) - raft.server.log.segment.size.max = 1048576 (custom)
2019-09-25 05:52:28,679 [pool-47-thread-1] INFO  server.RaftServerConfigKeys (ConfUtils.java:logGet(43)) - raft.server.log.preallocated.size = 16384 (custom)
2019-09-25 05:52:28,680 [pool-47-thread-1] INFO  server.RaftServerConfigKeys (ConfUtils.java:logGet(43)) - raft.server.log.write.buffer.size = 33554432 (custom)
2019-09-25 05:52:28,680 [pool-47-thread-1] INFO  server.RaftServerConfigKeys (ConfUtils.java:logGet(43)) - raft.server.log.force.sync.num = 128 (default)
2019-09-25 05:52:28,680 [pool-47-thread-1] INFO  server.RaftServerConfigKeys (ConfUtils.java:logGet(43)) - raft.server.log.statemachine.data.sync = true (default)
2019-09-25 05:52:28,680 [pool-47-thread-1] INFO  server.RaftServerConfigKeys (ConfUtils.java:logGet(43)) - raft.server.log.statemachine.data.sync.timeout = 10s (default)
2019-09-25 05:52:28,680 [pool-47-thread-1] INFO  server.RaftServerConfigKeys (ConfUtils.java:logGet(43)) - raft.server.log.statemachine.data.sync.timeout.retry = -1 (default)
2019-09-25 05:52:28,680 [pool-47-thread-1] INFO  server.RaftServerConfigKeys (ConfUtils.java:logGet(43)) - raft.server.log.statemachine.data.caching.enabled = true (custom)
2019-09-25 05:52:28,681 [pool-47-thread-1] INFO  segmented.SegmentedRaftLogWorker (SegmentedRaftLogWorker.java:lambda$new$0(132)) - 754f3588-47e6-41ad-b34e-eb7041cce070@group-05C9C68BDD60-SegmentedRaftLogWorker: flushIndex: setUnconditionally 0 -> -1
2019-09-25 05:52:28,681 [pool-47-thread-1] INFO  server.RaftServerConfigKeys (ConfUtils.java:logGet(43)) - raft.server.snapshot.auto.trigger.enabled = true (custom)
2019-09-25 05:52:28,681 [pool-47-thread-1] INFO  server.RaftServerConfigKeys (ConfUtils.java:logGet(43)) - raft.server.snapshot.auto.trigger.threshold = 10000 (custom)
2019-09-25 05:52:28,681 [pool-47-thread-1] INFO  server.RaftServerConfigKeys (ConfUtils.java:logGet(43)) - raft.server.snapshot.retention.num.files = 5 (custom)
2019-09-25 05:52:28,681 [pool-47-thread-1] INFO  server.RaftServerConfigKeys (ConfUtils.java:logGet(43)) - raft.server.retrycache.expirytime = 600000ms (custom)
2019-09-25 05:52:28,684 [pool-47-thread-1] INFO  impl.RaftServerImpl (RaftServerImpl.java:start(185)) - 754f3588-47e6-41ad-b34e-eb7041cce070@group-05C9C68BDD60: start as a follower, conf=-1: [754f3588-47e6-41ad-b34e-eb7041cce070:192.168.30.10:41089], old=null
2019-09-25 05:52:28,684 [pool-47-thread-1] INFO  impl.RaftServerImpl (RaftServerImpl.java:setRole(174)) - 754f3588-47e6-41ad-b34e-eb7041cce070@group-05C9C68BDD60: changes role from      null to FOLLOWER at term 0 for startAsFollower
2019-09-25 05:52:28,684 [pool-47-thread-1] INFO  impl.RoleInfo (RoleInfo.java:updateAndGet(143)) - 754f3588-47e6-41ad-b34e-eb7041cce070: start FollowerState
2019-09-25 05:52:28,684 [pool-47-thread-1] INFO  util.JmxRegister (JmxRegister.java:tryRegister(44)) - Successfully registered JMX Bean with object name Ratis:service=RaftServer,group=group-05C9C68BDD60,id=754f3588-47e6-41ad-b34e-eb7041cce070
2019-09-25 05:52:28,690 [RatisPipelineUtilsThread] INFO  pipeline.PipelineStateManager (PipelineStateManager.java:addPipeline(56)) - Created pipeline Pipeline[ Id: 8f6450c1-5505-42ac-bad3-05c9c68bdd60, Nodes: 754f3588-47e6-41ad-b34e-eb7041cce070{ip: 192.168.30.10, host: pr-hdds-1569-s62bp-3040748787, networkLocation: /default-rack, certSerialId: null}, Type:RATIS, Factor:ONE, State:OPEN]
2019-09-25 05:52:28,700 [grpc-default-executor-0] INFO  impl.RaftServerProxy (RaftServerProxy.java:addNew(89)) - 0bbc1277-be6f-4bf3-88cf-1c3b12e139ad: addNew group-2E8135084781:[0bbc1277-be6f-4bf3-88cf-1c3b12e139ad:192.168.30.10:46701] returns group-2E8135084781:java.util.concurrent.CompletableFuture@197c26a4[Not completed]
2019-09-25 05:52:28,702 [pool-27-thread-1] INFO  impl.RaftServerImpl (RaftServerImpl.java:<init>(95)) - 0bbc1277-be6f-4bf3-88cf-1c3b12e139ad: new RaftServerImpl for group-2E8135084781:[0bbc1277-be6f-4bf3-88cf-1c3b12e139ad:192.168.30.10:46701] with ContainerStateMachine:uninitialized
2019-09-25 05:52:28,702 [pool-27-thread-1] INFO  server.RaftServerConfigKeys (ConfUtils.java:logGet(43)) - raft.server.rpc.timeout.min = 5s (custom)
2019-09-25 05:52:28,702 [pool-27-thread-1] INFO  server.RaftServerConfigKeys (ConfUtils.java:logGet(43)) - raft.server.rpc.timeout.max = 5200ms (custom)
2019-09-25 05:52:28,702 [pool-27-thread-1] INFO  server.RaftServerConfigKeys (ConfUtils.java:logGet(43)) - raft.server.rpcslowness.timeout = 120s (custom)
2019-09-25 05:52:28,703 [pool-27-thread-1] INFO  server.RaftServerConfigKeys (ConfUtils.java:logGet(43)) - raft.server.sleep.deviation.threshold = 300 (default)
2019-09-25 05:52:28,703 [pool-27-thread-1] INFO  server.RaftServerConfigKeys (ConfUtils.java:logGet(43)) - raft.server.log.appender.install.snapshot.enabled = false (custom)
2019-09-25 05:52:28,703 [pool-27-thread-1] INFO  impl.RaftServerImpl (ServerState.java:<init>(103)) - 0bbc1277-be6f-4bf3-88cf-1c3b12e139ad@group-2E8135084781: ConfigurationManager, init=-1: [0bbc1277-be6f-4bf3-88cf-1c3b12e139ad:192.168.30.10:46701], old=null, confs=<EMPTY_MAP>
2019-09-25 05:52:28,703 [pool-27-thread-1] INFO  server.RaftServerConfigKeys (ConfUtils.java:logGet(43)) - raft.server.storage.dir = [/workdir/hadoop-ozone/integration-test/target/test-dir/MiniOzoneClusterImpl-5fae48a0-8517-4c16-9d39-4001697b8772/datanode-0/data/ratis] (custom)
2019-09-25 05:52:28,704 [pool-27-thread-1] INFO  storage.RaftStorageDirectory (RaftStorageDirectory.java:analyzeStorage(246)) - The storage directory /workdir/hadoop-ozone/integration-test/target/test-dir/MiniOzoneClusterImpl-5fae48a0-8517-4c16-9d39-4001697b8772/datanode-0/data/ratis/2b7bde52-5957-43a9-b4f9-2e8135084781 does not exist. Creating ...
2019-09-25 05:52:28,716 [pool-27-thread-1] INFO  storage.RaftStorageDirectory (RaftStorageDirectory.java:tryLock(328)) - Lock on /workdir/hadoop-ozone/integration-test/target/test-dir/MiniOzoneClusterImpl-5fae48a0-8517-4c16-9d39-4001697b8772/datanode-0/data/ratis/2b7bde52-5957-43a9-b4f9-2e8135084781/in_use.lock acquired by nodename 25594@pr-hdds-1569-s62bp-3040748787
2019-09-25 05:52:28,729 [pool-27-thread-1] INFO  storage.RaftStorage (RaftStorage.java:format(72)) - Storage directory /workdir/hadoop-ozone/integration-test/target/test-dir/MiniOzoneClusterImpl-5fae48a0-8517-4c16-9d39-4001697b8772/datanode-0/data/ratis/2b7bde52-5957-43a9-b4f9-2e8135084781 has been successfully formatted.
2019-09-25 05:52:28,730 [pool-27-thread-1] INFO  ratis.ContainerStateMachine (ContainerStateMachine.java:loadSnapshot(230)) - group-2E8135084781: The snapshot info is null. Setting the last applied indexto:(t:0, i:~)
2019-09-25 05:52:28,730 [pool-27-thread-1] INFO  server.RaftServerConfigKeys (ConfUtils.java:logGet(43)) - raft.server.notification.no-leader.timeout = 120s (custom)
2019-09-25 05:52:28,730 [pool-27-thread-1] INFO  server.RaftServerConfigKeys (ConfUtils.java:logGet(43)) - raft.server.log.use.memory = false (default)
2019-09-25 05:52:28,730 [pool-27-thread-1] INFO  server.RaftServerConfigKeys (ConfUtils.java:logGet(43)) - raft.server.log.purge.gap = 1000000 (custom)
2019-09-25 05:52:28,730 [pool-27-thread-1] INFO  server.RaftServerConfigKeys (ConfUtils.java:logGet(43)) - raft.server.log.appender.buffer.byte-limit = 33554432 (custom)
2019-09-25 05:52:28,730 [pool-27-thread-1] INFO  server.RaftServerConfigKeys (ConfUtils.java:logGet(43)) - raft.server.log.segment.size.max = 1048576 (custom)
2019-09-25 05:52:28,731 [pool-27-thread-1] INFO  server.RaftServerConfigKeys (ConfUtils.java:logGet(43)) - raft.server.log.segment.cache.num.max = 2 (custom)
2019-09-25 05:52:28,731 [pool-27-thread-1] INFO  segmented.SegmentedRaftLogWorker (SegmentedRaftLogWorker.java:<init>(172)) - new 0bbc1277-be6f-4bf3-88cf-1c3b12e139ad@group-2E8135084781-SegmentedRaftLogWorker for RaftStorage:Storage Directory /workdir/hadoop-ozone/integration-test/target/test-dir/MiniOzoneClusterImpl-5fae48a0-8517-4c16-9d39-4001697b8772/datanode-0/data/ratis/2b7bde52-5957-43a9-b4f9-2e8135084781
2019-09-25 05:52:28,731 [pool-27-thread-1] INFO  server.RaftServerConfigKeys (ConfUtils.java:logGet(43)) - raft.server.log.queue.byte-limit = 2147483647 (custom)
2019-09-25 05:52:28,731 [pool-27-thread-1] INFO  server.RaftServerConfigKeys (ConfUtils.java:logGet(43)) - raft.server.log.queue.element-limit = 1024 (custom)
2019-09-25 05:52:28,731 [pool-27-thread-1] INFO  server.RaftServerConfigKeys (ConfUtils.java:logGet(43)) - raft.server.log.segment.size.max = 1048576 (custom)
2019-09-25 05:52:28,731 [pool-27-thread-1] INFO  server.RaftServerConfigKeys (ConfUtils.java:logGet(43)) - raft.server.log.preallocated.size = 16384 (custom)
2019-09-25 05:52:28,731 [pool-27-thread-1] INFO  server.RaftServerConfigKeys (ConfUtils.java:logGet(43)) - raft.server.log.write.buffer.size = 33554432 (custom)
2019-09-25 05:52:28,731 [pool-27-thread-1] INFO  server.RaftServerConfigKeys (ConfUtils.java:logGet(43)) - raft.server.log.force.sync.num = 128 (default)
2019-09-25 05:52:28,732 [pool-27-thread-1] INFO  server.RaftServerConfigKeys (ConfUtils.java:logGet(43)) - raft.server.log.statemachine.data.sync = true (default)
2019-09-25 05:52:28,732 [pool-27-thread-1] INFO  server.RaftServerConfigKeys (ConfUtils.java:logGet(43)) - raft.server.log.statemachine.data.sync.timeout = 10s (default)
2019-09-25 05:52:28,732 [pool-27-thread-1] INFO  server.RaftServerConfigKeys (ConfUtils.java:logGet(43)) - raft.server.log.statemachine.data.sync.timeout.retry = -1 (default)
2019-09-25 05:52:28,732 [pool-27-thread-1] INFO  server.RaftServerConfigKeys (ConfUtils.java:logGet(43)) - raft.server.log.statemachine.data.caching.enabled = true (custom)
2019-09-25 05:52:28,732 [pool-27-thread-1] INFO  segmented.SegmentedRaftLogWorker (SegmentedRaftLogWorker.java:lambda$new$0(132)) - 0bbc1277-be6f-4bf3-88cf-1c3b12e139ad@group-2E8135084781-SegmentedRaftLogWorker: flushIndex: setUnconditionally 0 -> -1
2019-09-25 05:52:28,733 [pool-27-thread-1] INFO  server.RaftServerConfigKeys (ConfUtils.java:logGet(43)) - raft.server.snapshot.auto.trigger.enabled = true (custom)
2019-09-25 05:52:28,733 [pool-27-thread-1] INFO  server.RaftServerConfigKeys (ConfUtils.java:logGet(43)) - raft.server.snapshot.auto.trigger.threshold = 10000 (custom)
2019-09-25 05:52:28,733 [pool-27-thread-1] INFO  server.RaftServerConfigKeys (ConfUtils.java:logGet(43)) - raft.server.snapshot.retention.num.files = 5 (custom)
2019-09-25 05:52:28,733 [pool-27-thread-1] INFO  server.RaftServerConfigKeys (ConfUtils.java:logGet(43)) - raft.server.retrycache.expirytime = 600000ms (custom)
2019-09-25 05:52:28,736 [pool-27-thread-1] INFO  impl.RaftServerImpl (RaftServerImpl.java:start(185)) - 0bbc1277-be6f-4bf3-88cf-1c3b12e139ad@group-2E8135084781: start as a follower, conf=-1: [0bbc1277-be6f-4bf3-88cf-1c3b12e139ad:192.168.30.10:46701], old=null
2019-09-25 05:52:28,736 [pool-27-thread-1] INFO  impl.RaftServerImpl (RaftServerImpl.java:setRole(174)) - 0bbc1277-be6f-4bf3-88cf-1c3b12e139ad@group-2E8135084781: changes role from      null to FOLLOWER at term 0 for startAsFollower
2019-09-25 05:52:28,736 [pool-27-thread-1] INFO  impl.RoleInfo (RoleInfo.java:updateAndGet(143)) - 0bbc1277-be6f-4bf3-88cf-1c3b12e139ad: start FollowerState
2019-09-25 05:52:28,736 [pool-27-thread-1] INFO  util.JmxRegister (JmxRegister.java:tryRegister(44)) - Successfully registered JMX Bean with object name Ratis:service=RaftServer,group=group-2E8135084781,id=0bbc1277-be6f-4bf3-88cf-1c3b12e139ad
2019-09-25 05:52:28,741 [RatisPipelineUtilsThread] INFO  pipeline.PipelineStateManager (PipelineStateManager.java:addPipeline(56)) - Created pipeline Pipeline[ Id: 2b7bde52-5957-43a9-b4f9-2e8135084781, Nodes: 0bbc1277-be6f-4bf3-88cf-1c3b12e139ad{ip: 192.168.30.10, host: pr-hdds-1569-s62bp-3040748787, networkLocation: /default-rack, certSerialId: null}, Type:RATIS, Factor:ONE, State:OPEN]
2019-09-25 05:52:28,751 [grpc-default-executor-0] INFO  impl.RaftServerProxy (RaftServerProxy.java:addNew(89)) - 5be219b2-97fd-4a8c-91ea-b15aa89454d4: addNew group-F68084C2E7D8:[5be219b2-97fd-4a8c-91ea-b15aa89454d4:192.168.30.10:40625] returns group-F68084C2E7D8:java.util.concurrent.CompletableFuture@7ebee10f[Not completed]
2019-09-25 05:52:28,753 [pool-37-thread-1] INFO  impl.RaftServerImpl (RaftServerImpl.java:<init>(95)) - 5be219b2-97fd-4a8c-91ea-b15aa89454d4: new RaftServerImpl for group-F68084C2E7D8:[5be219b2-97fd-4a8c-91ea-b15aa89454d4:192.168.30.10:40625] with ContainerStateMachine:uninitialized
2019-09-25 05:52:28,753 [pool-37-thread-1] INFO  server.RaftServerConfigKeys (ConfUtils.java:logGet(43)) - raft.server.rpc.timeout.min = 5s (custom)
2019-09-25 05:52:28,753 [pool-37-thread-1] INFO  server.RaftServerConfigKeys (ConfUtils.java:logGet(43)) - raft.server.rpc.timeout.max = 5200ms (custom)
2019-09-25 05:52:28,753 [pool-37-thread-1] INFO  server.RaftServerConfigKeys (ConfUtils.java:logGet(43)) - raft.server.rpcslowness.timeout = 120s (custom)
2019-09-25 05:52:28,753 [pool-37-thread-1] INFO  server.RaftServerConfigKeys (ConfUtils.java:logGet(43)) - raft.server.sleep.deviation.threshold = 300 (default)
2019-09-25 05:52:28,753 [pool-37-thread-1] INFO  server.RaftServerConfigKeys (ConfUtils.java:logGet(43)) - raft.server.log.appender.install.snapshot.enabled = false (custom)
2019-09-25 05:52:28,753 [pool-37-thread-1] INFO  impl.RaftServerImpl (ServerState.java:<init>(103)) - 5be219b2-97fd-4a8c-91ea-b15aa89454d4@group-F68084C2E7D8: ConfigurationManager, init=-1: [5be219b2-97fd-4a8c-91ea-b15aa89454d4:192.168.30.10:40625], old=null, confs=<EMPTY_MAP>
2019-09-25 05:52:28,754 [pool-37-thread-1] INFO  server.RaftServerConfigKeys (ConfUtils.java:logGet(43)) - raft.server.storage.dir = [/workdir/hadoop-ozone/integration-test/target/test-dir/MiniOzoneClusterImpl-5fae48a0-8517-4c16-9d39-4001697b8772/datanode-1/data/ratis] (custom)
2019-09-25 05:52:28,754 [pool-37-thread-1] INFO  storage.RaftStorageDirectory (RaftStorageDirectory.java:analyzeStorage(246)) - The storage directory /workdir/hadoop-ozone/integration-test/target/test-dir/MiniOzoneClusterImpl-5fae48a0-8517-4c16-9d39-4001697b8772/datanode-1/data/ratis/aa61dbfc-fdb7-4143-8b59-f68084c2e7d8 does not exist. Creating ...
2019-09-25 05:52:28,767 [pool-37-thread-1] INFO  storage.RaftStorageDirectory (RaftStorageDirectory.java:tryLock(328)) - Lock on /workdir/hadoop-ozone/integration-test/target/test-dir/MiniOzoneClusterImpl-5fae48a0-8517-4c16-9d39-4001697b8772/datanode-1/data/ratis/aa61dbfc-fdb7-4143-8b59-f68084c2e7d8/in_use.lock acquired by nodename 25594@pr-hdds-1569-s62bp-3040748787
2019-09-25 05:52:28,787 [pool-37-thread-1] INFO  storage.RaftStorage (RaftStorage.java:format(72)) - Storage directory /workdir/hadoop-ozone/integration-test/target/test-dir/MiniOzoneClusterImpl-5fae48a0-8517-4c16-9d39-4001697b8772/datanode-1/data/ratis/aa61dbfc-fdb7-4143-8b59-f68084c2e7d8 has been successfully formatted.
2019-09-25 05:52:28,787 [pool-37-thread-1] INFO  ratis.ContainerStateMachine (ContainerStateMachine.java:loadSnapshot(230)) - group-F68084C2E7D8: The snapshot info is null. Setting the last applied indexto:(t:0, i:~)
2019-09-25 05:52:28,787 [pool-37-thread-1] INFO  server.RaftServerConfigKeys (ConfUtils.java:logGet(43)) - raft.server.notification.no-leader.timeout = 120s (custom)
2019-09-25 05:52:28,788 [pool-37-thread-1] INFO  server.RaftServerConfigKeys (ConfUtils.java:logGet(43)) - raft.server.log.use.memory = false (default)
2019-09-25 05:52:28,788 [pool-37-thread-1] INFO  server.RaftServerConfigKeys (ConfUtils.java:logGet(43)) - raft.server.log.purge.gap = 1000000 (custom)
2019-09-25 05:52:28,788 [pool-37-thread-1] INFO  server.RaftServerConfigKeys (ConfUtils.java:logGet(43)) - raft.server.log.appender.buffer.byte-limit = 33554432 (custom)
2019-09-25 05:52:28,788 [pool-37-thread-1] INFO  server.RaftServerConfigKeys (ConfUtils.java:logGet(43)) - raft.server.log.segment.size.max = 1048576 (custom)
2019-09-25 05:52:28,788 [pool-37-thread-1] INFO  server.RaftServerConfigKeys (ConfUtils.java:logGet(43)) - raft.server.log.segment.cache.num.max = 2 (custom)
2019-09-25 05:52:28,788 [pool-37-thread-1] INFO  segmented.SegmentedRaftLogWorker (SegmentedRaftLogWorker.java:<init>(172)) - new 5be219b2-97fd-4a8c-91ea-b15aa89454d4@group-F68084C2E7D8-SegmentedRaftLogWorker for RaftStorage:Storage Directory /workdir/hadoop-ozone/integration-test/target/test-dir/MiniOzoneClusterImpl-5fae48a0-8517-4c16-9d39-4001697b8772/datanode-1/data/ratis/aa61dbfc-fdb7-4143-8b59-f68084c2e7d8
2019-09-25 05:52:28,789 [pool-37-thread-1] INFO  server.RaftServerConfigKeys (ConfUtils.java:logGet(43)) - raft.server.log.queue.byte-limit = 2147483647 (custom)
2019-09-25 05:52:28,789 [pool-37-thread-1] INFO  server.RaftServerConfigKeys (ConfUtils.java:logGet(43)) - raft.server.log.queue.element-limit = 1024 (custom)
2019-09-25 05:52:28,789 [pool-37-thread-1] INFO  server.RaftServerConfigKeys (ConfUtils.java:logGet(43)) - raft.server.log.segment.size.max = 1048576 (custom)
2019-09-25 05:52:28,789 [pool-37-thread-1] INFO  server.RaftServerConfigKeys (ConfUtils.java:logGet(43)) - raft.server.log.preallocated.size = 16384 (custom)
2019-09-25 05:52:28,789 [pool-37-thread-1] INFO  server.RaftServerConfigKeys (ConfUtils.java:logGet(43)) - raft.server.log.write.buffer.size = 33554432 (custom)
2019-09-25 05:52:28,789 [pool-37-thread-1] INFO  server.RaftServerConfigKeys (ConfUtils.java:logGet(43)) - raft.server.log.force.sync.num = 128 (default)
2019-09-25 05:52:28,790 [pool-37-thread-1] INFO  server.RaftServerConfigKeys (ConfUtils.java:logGet(43)) - raft.server.log.statemachine.data.sync = true (default)
2019-09-25 05:52:28,790 [pool-37-thread-1] INFO  server.RaftServerConfigKeys (ConfUtils.java:logGet(43)) - raft.server.log.statemachine.data.sync.timeout = 10s (default)
2019-09-25 05:52:28,790 [pool-37-thread-1] INFO  server.RaftServerConfigKeys (ConfUtils.java:logGet(43)) - raft.server.log.statemachine.data.sync.timeout.retry = -1 (default)
2019-09-25 05:52:28,790 [pool-37-thread-1] INFO  server.RaftServerConfigKeys (ConfUtils.java:logGet(43)) - raft.server.log.statemachine.data.caching.enabled = true (custom)
2019-09-25 05:52:28,791 [pool-37-thread-1] INFO  segmented.SegmentedRaftLogWorker (SegmentedRaftLogWorker.java:lambda$new$0(132)) - 5be219b2-97fd-4a8c-91ea-b15aa89454d4@group-F68084C2E7D8-SegmentedRaftLogWorker: flushIndex: setUnconditionally 0 -> -1
2019-09-25 05:52:28,791 [pool-37-thread-1] INFO  server.RaftServerConfigKeys (ConfUtils.java:logGet(43)) - raft.server.snapshot.auto.trigger.enabled = true (custom)
2019-09-25 05:52:28,791 [pool-37-thread-1] INFO  server.RaftServerConfigKeys (ConfUtils.java:logGet(43)) - raft.server.snapshot.auto.trigger.threshold = 10000 (custom)
2019-09-25 05:52:28,791 [pool-37-thread-1] INFO  server.RaftServerConfigKeys (ConfUtils.java:logGet(43)) - raft.server.snapshot.retention.num.files = 5 (custom)
2019-09-25 05:52:28,792 [pool-37-thread-1] INFO  server.RaftServerConfigKeys (ConfUtils.java:logGet(43)) - raft.server.retrycache.expirytime = 600000ms (custom)
2019-09-25 05:52:28,796 [pool-37-thread-1] INFO  impl.RaftServerImpl (RaftServerImpl.java:start(185)) - 5be219b2-97fd-4a8c-91ea-b15aa89454d4@group-F68084C2E7D8: start as a follower, conf=-1: [5be219b2-97fd-4a8c-91ea-b15aa89454d4:192.168.30.10:40625], old=null
2019-09-25 05:52:28,796 [pool-37-thread-1] INFO  impl.RaftServerImpl (RaftServerImpl.java:setRole(174)) - 5be219b2-97fd-4a8c-91ea-b15aa89454d4@group-F68084C2E7D8: changes role from      null to FOLLOWER at term 0 for startAsFollower
2019-09-25 05:52:28,796 [pool-37-thread-1] INFO  impl.RoleInfo (RoleInfo.java:updateAndGet(143)) - 5be219b2-97fd-4a8c-91ea-b15aa89454d4: start FollowerState
2019-09-25 05:52:28,797 [pool-37-thread-1] INFO  util.JmxRegister (JmxRegister.java:tryRegister(44)) - Successfully registered JMX Bean with object name Ratis:service=RaftServer,group=group-F68084C2E7D8,id=5be219b2-97fd-4a8c-91ea-b15aa89454d4
2019-09-25 05:52:28,802 [RatisPipelineUtilsThread] INFO  pipeline.PipelineStateManager (PipelineStateManager.java:addPipeline(56)) - Created pipeline Pipeline[ Id: aa61dbfc-fdb7-4143-8b59-f68084c2e7d8, Nodes: 5be219b2-97fd-4a8c-91ea-b15aa89454d4{ip: 192.168.30.10, host: pr-hdds-1569-s62bp-3040748787, networkLocation: /default-rack, certSerialId: null}, Type:RATIS, Factor:ONE, State:OPEN]
2019-09-25 05:52:28,811 [grpc-default-executor-0] INFO  impl.RaftServerProxy (RaftServerProxy.java:addNew(89)) - 0bbc1277-be6f-4bf3-88cf-1c3b12e139ad: addNew group-875CE67EE59F:[0bbc1277-be6f-4bf3-88cf-1c3b12e139ad:192.168.30.10:46701] returns group-875CE67EE59F:java.util.concurrent.CompletableFuture@1d182021[Not completed]
2019-09-25 05:52:28,812 [pool-27-thread-1] INFO  impl.RaftServerImpl (RaftServerImpl.java:<init>(95)) - 0bbc1277-be6f-4bf3-88cf-1c3b12e139ad: new RaftServerImpl for group-875CE67EE59F:[0bbc1277-be6f-4bf3-88cf-1c3b12e139ad:192.168.30.10:46701] with ContainerStateMachine:uninitialized
2019-09-25 05:52:28,812 [pool-27-thread-1] INFO  server.RaftServerConfigKeys (ConfUtils.java:logGet(43)) - raft.server.rpc.timeout.min = 5s (custom)
2019-09-25 05:52:28,812 [pool-27-thread-1] INFO  server.RaftServerConfigKeys (ConfUtils.java:logGet(43)) - raft.server.rpc.timeout.max = 5200ms (custom)
2019-09-25 05:52:28,812 [pool-27-thread-1] INFO  server.RaftServerConfigKeys (ConfUtils.java:logGet(43)) - raft.server.rpcslowness.timeout = 120s (custom)
2019-09-25 05:52:28,812 [pool-27-thread-1] INFO  server.RaftServerConfigKeys (ConfUtils.java:logGet(43)) - raft.server.sleep.deviation.threshold = 300 (default)
2019-09-25 05:52:28,813 [pool-27-thread-1] INFO  server.RaftServerConfigKeys (ConfUtils.java:logGet(43)) - raft.server.log.appender.install.snapshot.enabled = false (custom)
2019-09-25 05:52:28,813 [pool-27-thread-1] INFO  impl.RaftServerImpl (ServerState.java:<init>(103)) - 0bbc1277-be6f-4bf3-88cf-1c3b12e139ad@group-875CE67EE59F: ConfigurationManager, init=-1: [0bbc1277-be6f-4bf3-88cf-1c3b12e139ad:192.168.30.10:46701], old=null, confs=<EMPTY_MAP>
2019-09-25 05:52:28,813 [pool-27-thread-1] INFO  server.RaftServerConfigKeys (ConfUtils.java:logGet(43)) - raft.server.storage.dir = [/workdir/hadoop-ozone/integration-test/target/test-dir/MiniOzoneClusterImpl-5fae48a0-8517-4c16-9d39-4001697b8772/datanode-0/data/ratis] (custom)
2019-09-25 05:52:28,813 [pool-27-thread-1] INFO  storage.RaftStorageDirectory (RaftStorageDirectory.java:analyzeStorage(246)) - The storage directory /workdir/hadoop-ozone/integration-test/target/test-dir/MiniOzoneClusterImpl-5fae48a0-8517-4c16-9d39-4001697b8772/datanode-0/data/ratis/a74240c8-b105-4912-b68c-875ce67ee59f does not exist. Creating ...
2019-09-25 05:52:28,826 [pool-27-thread-1] INFO  storage.RaftStorageDirectory (RaftStorageDirectory.java:tryLock(328)) - Lock on /workdir/hadoop-ozone/integration-test/target/test-dir/MiniOzoneClusterImpl-5fae48a0-8517-4c16-9d39-4001697b8772/datanode-0/data/ratis/a74240c8-b105-4912-b68c-875ce67ee59f/in_use.lock acquired by nodename 25594@pr-hdds-1569-s62bp-3040748787
2019-09-25 05:52:28,840 [pool-27-thread-1] INFO  storage.RaftStorage (RaftStorage.java:format(72)) - Storage directory /workdir/hadoop-ozone/integration-test/target/test-dir/MiniOzoneClusterImpl-5fae48a0-8517-4c16-9d39-4001697b8772/datanode-0/data/ratis/a74240c8-b105-4912-b68c-875ce67ee59f has been successfully formatted.
2019-09-25 05:52:28,840 [pool-27-thread-1] INFO  ratis.ContainerStateMachine (ContainerStateMachine.java:loadSnapshot(230)) - group-875CE67EE59F: The snapshot info is null. Setting the last applied indexto:(t:0, i:~)
2019-09-25 05:52:28,841 [pool-27-thread-1] INFO  server.RaftServerConfigKeys (ConfUtils.java:logGet(43)) - raft.server.notification.no-leader.timeout = 120s (custom)
2019-09-25 05:52:28,841 [pool-27-thread-1] INFO  server.RaftServerConfigKeys (ConfUtils.java:logGet(43)) - raft.server.log.use.memory = false (default)
2019-09-25 05:52:28,841 [pool-27-thread-1] INFO  server.RaftServerConfigKeys (ConfUtils.java:logGet(43)) - raft.server.log.purge.gap = 1000000 (custom)
2019-09-25 05:52:28,841 [pool-27-thread-1] INFO  server.RaftServerConfigKeys (ConfUtils.java:logGet(43)) - raft.server.log.appender.buffer.byte-limit = 33554432 (custom)
2019-09-25 05:52:28,841 [pool-27-thread-1] INFO  server.RaftServerConfigKeys (ConfUtils.java:logGet(43)) - raft.server.log.segment.size.max = 1048576 (custom)
2019-09-25 05:52:28,843 [pool-27-thread-1] INFO  server.RaftServerConfigKeys (ConfUtils.java:logGet(43)) - raft.server.log.segment.cache.num.max = 2 (custom)
2019-09-25 05:52:28,843 [pool-27-thread-1] INFO  segmented.SegmentedRaftLogWorker (SegmentedRaftLogWorker.java:<init>(172)) - new 0bbc1277-be6f-4bf3-88cf-1c3b12e139ad@group-875CE67EE59F-SegmentedRaftLogWorker for RaftStorage:Storage Directory /workdir/hadoop-ozone/integration-test/target/test-dir/MiniOzoneClusterImpl-5fae48a0-8517-4c16-9d39-4001697b8772/datanode-0/data/ratis/a74240c8-b105-4912-b68c-875ce67ee59f
2019-09-25 05:52:28,843 [pool-27-thread-1] INFO  server.RaftServerConfigKeys (ConfUtils.java:logGet(43)) - raft.server.log.queue.byte-limit = 2147483647 (custom)
2019-09-25 05:52:28,843 [pool-27-thread-1] INFO  server.RaftServerConfigKeys (ConfUtils.java:logGet(43)) - raft.server.log.queue.element-limit = 1024 (custom)
2019-09-25 05:52:28,843 [pool-27-thread-1] INFO  server.RaftServerConfigKeys (ConfUtils.java:logGet(43)) - raft.server.log.segment.size.max = 1048576 (custom)
2019-09-25 05:52:28,843 [pool-27-thread-1] INFO  server.RaftServerConfigKeys (ConfUtils.java:logGet(43)) - raft.server.log.preallocated.size = 16384 (custom)
2019-09-25 05:52:28,844 [pool-27-thread-1] INFO  server.RaftServerConfigKeys (ConfUtils.java:logGet(43)) - raft.server.log.write.buffer.size = 33554432 (custom)
2019-09-25 05:52:28,844 [pool-27-thread-1] INFO  server.RaftServerConfigKeys (ConfUtils.java:logGet(43)) - raft.server.log.force.sync.num = 128 (default)
2019-09-25 05:52:28,844 [pool-27-thread-1] INFO  server.RaftServerConfigKeys (ConfUtils.java:logGet(43)) - raft.server.log.statemachine.data.sync = true (default)
2019-09-25 05:52:28,844 [pool-27-thread-1] INFO  server.RaftServerConfigKeys (ConfUtils.java:logGet(43)) - raft.server.log.statemachine.data.sync.timeout = 10s (default)
2019-09-25 05:52:28,844 [pool-27-thread-1] INFO  server.RaftServerConfigKeys (ConfUtils.java:logGet(43)) - raft.server.log.statemachine.data.sync.timeout.retry = -1 (default)
2019-09-25 05:52:28,844 [pool-27-thread-1] INFO  server.RaftServerConfigKeys (ConfUtils.java:logGet(43)) - raft.server.log.statemachine.data.caching.enabled = true (custom)
2019-09-25 05:52:28,845 [pool-27-thread-1] INFO  segmented.SegmentedRaftLogWorker (SegmentedRaftLogWorker.java:lambda$new$0(132)) - 0bbc1277-be6f-4bf3-88cf-1c3b12e139ad@group-875CE67EE59F-SegmentedRaftLogWorker: flushIndex: setUnconditionally 0 -> -1
2019-09-25 05:52:28,845 [pool-27-thread-1] INFO  server.RaftServerConfigKeys (ConfUtils.java:logGet(43)) - raft.server.snapshot.auto.trigger.enabled = true (custom)
2019-09-25 05:52:28,845 [pool-27-thread-1] INFO  server.RaftServerConfigKeys (ConfUtils.java:logGet(43)) - raft.server.snapshot.auto.trigger.threshold = 10000 (custom)
2019-09-25 05:52:28,845 [pool-27-thread-1] INFO  server.RaftServerConfigKeys (ConfUtils.java:logGet(43)) - raft.server.snapshot.retention.num.files = 5 (custom)
2019-09-25 05:52:28,846 [pool-27-thread-1] INFO  server.RaftServerConfigKeys (ConfUtils.java:logGet(43)) - raft.server.retrycache.expirytime = 600000ms (custom)
2019-09-25 05:52:28,848 [pool-27-thread-1] INFO  impl.RaftServerImpl (RaftServerImpl.java:start(185)) - 0bbc1277-be6f-4bf3-88cf-1c3b12e139ad@group-875CE67EE59F: start as a follower, conf=-1: [0bbc1277-be6f-4bf3-88cf-1c3b12e139ad:192.168.30.10:46701], old=null
2019-09-25 05:52:28,848 [pool-27-thread-1] INFO  impl.RaftServerImpl (RaftServerImpl.java:setRole(174)) - 0bbc1277-be6f-4bf3-88cf-1c3b12e139ad@group-875CE67EE59F: changes role from      null to FOLLOWER at term 0 for startAsFollower
2019-09-25 05:52:28,848 [pool-27-thread-1] INFO  impl.RoleInfo (RoleInfo.java:updateAndGet(143)) - 0bbc1277-be6f-4bf3-88cf-1c3b12e139ad: start FollowerState
2019-09-25 05:52:28,849 [pool-27-thread-1] INFO  util.JmxRegister (JmxRegister.java:tryRegister(44)) - Successfully registered JMX Bean with object name Ratis:service=RaftServer,group=group-875CE67EE59F,id=0bbc1277-be6f-4bf3-88cf-1c3b12e139ad
2019-09-25 05:52:28,853 [RatisPipelineUtilsThread] INFO  pipeline.PipelineStateManager (PipelineStateManager.java:addPipeline(56)) - Created pipeline Pipeline[ Id: a74240c8-b105-4912-b68c-875ce67ee59f, Nodes: 0bbc1277-be6f-4bf3-88cf-1c3b12e139ad{ip: 192.168.30.10, host: pr-hdds-1569-s62bp-3040748787, networkLocation: /default-rack, certSerialId: null}, Type:RATIS, Factor:ONE, State:OPEN]
2019-09-25 05:52:28,862 [grpc-default-executor-0] INFO  impl.RaftServerProxy (RaftServerProxy.java:addNew(89)) - 0bbc1277-be6f-4bf3-88cf-1c3b12e139ad: addNew group-E28338888ED1:[0bbc1277-be6f-4bf3-88cf-1c3b12e139ad:192.168.30.10:46701] returns group-E28338888ED1:java.util.concurrent.CompletableFuture@6af6be2d[Not completed]
2019-09-25 05:52:28,863 [pool-27-thread-1] INFO  impl.RaftServerImpl (RaftServerImpl.java:<init>(95)) - 0bbc1277-be6f-4bf3-88cf-1c3b12e139ad: new RaftServerImpl for group-E28338888ED1:[0bbc1277-be6f-4bf3-88cf-1c3b12e139ad:192.168.30.10:46701] with ContainerStateMachine:uninitialized
2019-09-25 05:52:28,863 [pool-27-thread-1] INFO  server.RaftServerConfigKeys (ConfUtils.java:logGet(43)) - raft.server.rpc.timeout.min = 5s (custom)
2019-09-25 05:52:28,863 [pool-27-thread-1] INFO  server.RaftServerConfigKeys (ConfUtils.java:logGet(43)) - raft.server.rpc.timeout.max = 5200ms (custom)
2019-09-25 05:52:28,863 [pool-27-thread-1] INFO  server.RaftServerConfigKeys (ConfUtils.java:logGet(43)) - raft.server.rpcslowness.timeout = 120s (custom)
2019-09-25 05:52:28,863 [pool-27-thread-1] INFO  server.RaftServerConfigKeys (ConfUtils.java:logGet(43)) - raft.server.sleep.deviation.threshold = 300 (default)
2019-09-25 05:52:28,864 [pool-27-thread-1] INFO  server.RaftServerConfigKeys (ConfUtils.java:logGet(43)) - raft.server.log.appender.install.snapshot.enabled = false (custom)
2019-09-25 05:52:28,864 [pool-27-thread-1] INFO  impl.RaftServerImpl (ServerState.java:<init>(103)) - 0bbc1277-be6f-4bf3-88cf-1c3b12e139ad@group-E28338888ED1: ConfigurationManager, init=-1: [0bbc1277-be6f-4bf3-88cf-1c3b12e139ad:192.168.30.10:46701], old=null, confs=<EMPTY_MAP>
2019-09-25 05:52:28,864 [pool-27-thread-1] INFO  server.RaftServerConfigKeys (ConfUtils.java:logGet(43)) - raft.server.storage.dir = [/workdir/hadoop-ozone/integration-test/target/test-dir/MiniOzoneClusterImpl-5fae48a0-8517-4c16-9d39-4001697b8772/datanode-0/data/ratis] (custom)
2019-09-25 05:52:28,864 [pool-27-thread-1] INFO  storage.RaftStorageDirectory (RaftStorageDirectory.java:analyzeStorage(246)) - The storage directory /workdir/hadoop-ozone/integration-test/target/test-dir/MiniOzoneClusterImpl-5fae48a0-8517-4c16-9d39-4001697b8772/datanode-0/data/ratis/7749b364-27b7-4977-b975-e28338888ed1 does not exist. Creating ...
2019-09-25 05:52:28,877 [pool-27-thread-1] INFO  storage.RaftStorageDirectory (RaftStorageDirectory.java:tryLock(328)) - Lock on /workdir/hadoop-ozone/integration-test/target/test-dir/MiniOzoneClusterImpl-5fae48a0-8517-4c16-9d39-4001697b8772/datanode-0/data/ratis/7749b364-27b7-4977-b975-e28338888ed1/in_use.lock acquired by nodename 25594@pr-hdds-1569-s62bp-3040748787
2019-09-25 05:52:28,890 [pool-27-thread-1] INFO  storage.RaftStorage (RaftStorage.java:format(72)) - Storage directory /workdir/hadoop-ozone/integration-test/target/test-dir/MiniOzoneClusterImpl-5fae48a0-8517-4c16-9d39-4001697b8772/datanode-0/data/ratis/7749b364-27b7-4977-b975-e28338888ed1 has been successfully formatted.
2019-09-25 05:52:28,891 [pool-27-thread-1] INFO  ratis.ContainerStateMachine (ContainerStateMachine.java:loadSnapshot(230)) - group-E28338888ED1: The snapshot info is null. Setting the last applied indexto:(t:0, i:~)
2019-09-25 05:52:28,891 [pool-27-thread-1] INFO  server.RaftServerConfigKeys (ConfUtils.java:logGet(43)) - raft.server.notification.no-leader.timeout = 120s (custom)
2019-09-25 05:52:28,891 [pool-27-thread-1] INFO  server.RaftServerConfigKeys (ConfUtils.java:logGet(43)) - raft.server.log.use.memory = false (default)
2019-09-25 05:52:28,891 [pool-27-thread-1] INFO  server.RaftServerConfigKeys (ConfUtils.java:logGet(43)) - raft.server.log.purge.gap = 1000000 (custom)
2019-09-25 05:52:28,891 [pool-27-thread-1] INFO  server.RaftServerConfigKeys (ConfUtils.java:logGet(43)) - raft.server.log.appender.buffer.byte-limit = 33554432 (custom)
2019-09-25 05:52:28,891 [pool-27-thread-1] INFO  server.RaftServerConfigKeys (ConfUtils.java:logGet(43)) - raft.server.log.segment.size.max = 1048576 (custom)
2019-09-25 05:52:28,892 [pool-27-thread-1] INFO  server.RaftServerConfigKeys (ConfUtils.java:logGet(43)) - raft.server.log.segment.cache.num.max = 2 (custom)
2019-09-25 05:52:28,892 [pool-27-thread-1] INFO  segmented.SegmentedRaftLogWorker (SegmentedRaftLogWorker.java:<init>(172)) - new 0bbc1277-be6f-4bf3-88cf-1c3b12e139ad@group-E28338888ED1-SegmentedRaftLogWorker for RaftStorage:Storage Directory /workdir/hadoop-ozone/integration-test/target/test-dir/MiniOzoneClusterImpl-5fae48a0-8517-4c16-9d39-4001697b8772/datanode-0/data/ratis/7749b364-27b7-4977-b975-e28338888ed1
2019-09-25 05:52:28,892 [pool-27-thread-1] INFO  server.RaftServerConfigKeys (ConfUtils.java:logGet(43)) - raft.server.log.queue.byte-limit = 2147483647 (custom)
2019-09-25 05:52:28,892 [pool-27-thread-1] INFO  server.RaftServerConfigKeys (ConfUtils.java:logGet(43)) - raft.server.log.queue.element-limit = 1024 (custom)
2019-09-25 05:52:28,892 [pool-27-thread-1] INFO  server.RaftServerConfigKeys (ConfUtils.java:logGet(43)) - raft.server.log.segment.size.max = 1048576 (custom)
2019-09-25 05:52:28,892 [pool-27-thread-1] INFO  server.RaftServerConfigKeys (ConfUtils.java:logGet(43)) - raft.server.log.preallocated.size = 16384 (custom)
2019-09-25 05:52:28,893 [pool-27-thread-1] INFO  server.RaftServerConfigKeys (ConfUtils.java:logGet(43)) - raft.server.log.write.buffer.size = 33554432 (custom)
2019-09-25 05:52:28,893 [pool-27-thread-1] INFO  server.RaftServerConfigKeys (ConfUtils.java:logGet(43)) - raft.server.log.force.sync.num = 128 (default)
2019-09-25 05:52:28,893 [pool-27-thread-1] INFO  server.RaftServerConfigKeys (ConfUtils.java:logGet(43)) - raft.server.log.statemachine.data.sync = true (default)
2019-09-25 05:52:28,893 [pool-27-thread-1] INFO  server.RaftServerConfigKeys (ConfUtils.java:logGet(43)) - raft.server.log.statemachine.data.sync.timeout = 10s (default)
2019-09-25 05:52:28,893 [pool-27-thread-1] INFO  server.RaftServerConfigKeys (ConfUtils.java:logGet(43)) - raft.server.log.statemachine.data.sync.timeout.retry = -1 (default)
2019-09-25 05:52:28,893 [pool-27-thread-1] INFO  server.RaftServerConfigKeys (ConfUtils.java:logGet(43)) - raft.server.log.statemachine.data.caching.enabled = true (custom)
2019-09-25 05:52:28,894 [pool-27-thread-1] INFO  segmented.SegmentedRaftLogWorker (SegmentedRaftLogWorker.java:lambda$new$0(132)) - 0bbc1277-be6f-4bf3-88cf-1c3b12e139ad@group-E28338888ED1-SegmentedRaftLogWorker: flushIndex: setUnconditionally 0 -> -1
2019-09-25 05:52:28,894 [pool-27-thread-1] INFO  server.RaftServerConfigKeys (ConfUtils.java:logGet(43)) - raft.server.snapshot.auto.trigger.enabled = true (custom)
2019-09-25 05:52:28,894 [pool-27-thread-1] INFO  server.RaftServerConfigKeys (ConfUtils.java:logGet(43)) - raft.server.snapshot.auto.trigger.threshold = 10000 (custom)
2019-09-25 05:52:28,895 [pool-27-thread-1] INFO  server.RaftServerConfigKeys (ConfUtils.java:logGet(43)) - raft.server.snapshot.retention.num.files = 5 (custom)
2019-09-25 05:52:28,895 [pool-27-thread-1] INFO  server.RaftServerConfigKeys (ConfUtils.java:logGet(43)) - raft.server.retrycache.expirytime = 600000ms (custom)
2019-09-25 05:52:28,898 [pool-27-thread-1] INFO  impl.RaftServerImpl (RaftServerImpl.java:start(185)) - 0bbc1277-be6f-4bf3-88cf-1c3b12e139ad@group-E28338888ED1: start as a follower, conf=-1: [0bbc1277-be6f-4bf3-88cf-1c3b12e139ad:192.168.30.10:46701], old=null
2019-09-25 05:52:28,898 [pool-27-thread-1] INFO  impl.RaftServerImpl (RaftServerImpl.java:setRole(174)) - 0bbc1277-be6f-4bf3-88cf-1c3b12e139ad@group-E28338888ED1: changes role from      null to FOLLOWER at term 0 for startAsFollower
2019-09-25 05:52:28,898 [pool-27-thread-1] INFO  impl.RoleInfo (RoleInfo.java:updateAndGet(143)) - 0bbc1277-be6f-4bf3-88cf-1c3b12e139ad: start FollowerState
2019-09-25 05:52:28,899 [pool-27-thread-1] INFO  util.JmxRegister (JmxRegister.java:tryRegister(44)) - Successfully registered JMX Bean with object name Ratis:service=RaftServer,group=group-E28338888ED1,id=0bbc1277-be6f-4bf3-88cf-1c3b12e139ad
2019-09-25 05:52:28,903 [RatisPipelineUtilsThread] INFO  pipeline.PipelineStateManager (PipelineStateManager.java:addPipeline(56)) - Created pipeline Pipeline[ Id: 7749b364-27b7-4977-b975-e28338888ed1, Nodes: 0bbc1277-be6f-4bf3-88cf-1c3b12e139ad{ip: 192.168.30.10, host: pr-hdds-1569-s62bp-3040748787, networkLocation: /default-rack, certSerialId: null}, Type:RATIS, Factor:ONE, State:OPEN]
2019-09-25 05:52:28,913 [grpc-default-executor-0] INFO  impl.RaftServerProxy (RaftServerProxy.java:addNew(89)) - 754f3588-47e6-41ad-b34e-eb7041cce070: addNew group-BD29B64AE38F:[754f3588-47e6-41ad-b34e-eb7041cce070:192.168.30.10:41089] returns group-BD29B64AE38F:java.util.concurrent.CompletableFuture@182de992[Not completed]
2019-09-25 05:52:28,914 [pool-47-thread-1] INFO  impl.RaftServerImpl (RaftServerImpl.java:<init>(95)) - 754f3588-47e6-41ad-b34e-eb7041cce070: new RaftServerImpl for group-BD29B64AE38F:[754f3588-47e6-41ad-b34e-eb7041cce070:192.168.30.10:41089] with ContainerStateMachine:uninitialized
2019-09-25 05:52:28,914 [pool-47-thread-1] INFO  server.RaftServerConfigKeys (ConfUtils.java:logGet(43)) - raft.server.rpc.timeout.min = 5s (custom)
2019-09-25 05:52:28,914 [pool-47-thread-1] INFO  server.RaftServerConfigKeys (ConfUtils.java:logGet(43)) - raft.server.rpc.timeout.max = 5200ms (custom)
2019-09-25 05:52:28,914 [pool-47-thread-1] INFO  server.RaftServerConfigKeys (ConfUtils.java:logGet(43)) - raft.server.rpcslowness.timeout = 120s (custom)
2019-09-25 05:52:28,915 [pool-47-thread-1] INFO  server.RaftServerConfigKeys (ConfUtils.java:logGet(43)) - raft.server.sleep.deviation.threshold = 300 (default)
2019-09-25 05:52:28,915 [pool-47-thread-1] INFO  server.RaftServerConfigKeys (ConfUtils.java:logGet(43)) - raft.server.log.appender.install.snapshot.enabled = false (custom)
2019-09-25 05:52:28,915 [pool-47-thread-1] INFO  impl.RaftServerImpl (ServerState.java:<init>(103)) - 754f3588-47e6-41ad-b34e-eb7041cce070@group-BD29B64AE38F: ConfigurationManager, init=-1: [754f3588-47e6-41ad-b34e-eb7041cce070:192.168.30.10:41089], old=null, confs=<EMPTY_MAP>
2019-09-25 05:52:28,915 [pool-47-thread-1] INFO  server.RaftServerConfigKeys (ConfUtils.java:logGet(43)) - raft.server.storage.dir = [/workdir/hadoop-ozone/integration-test/target/test-dir/MiniOzoneClusterImpl-5fae48a0-8517-4c16-9d39-4001697b8772/datanode-2/data/ratis] (custom)
2019-09-25 05:52:28,915 [pool-47-thread-1] INFO  storage.RaftStorageDirectory (RaftStorageDirectory.java:analyzeStorage(246)) - The storage directory /workdir/hadoop-ozone/integration-test/target/test-dir/MiniOzoneClusterImpl-5fae48a0-8517-4c16-9d39-4001697b8772/datanode-2/data/ratis/f5497908-6c32-4671-81e8-bd29b64ae38f does not exist. Creating ...
2019-09-25 05:52:28,923 [pool-47-thread-1] INFO  storage.RaftStorageDirectory (RaftStorageDirectory.java:tryLock(328)) - Lock on /workdir/hadoop-ozone/integration-test/target/test-dir/MiniOzoneClusterImpl-5fae48a0-8517-4c16-9d39-4001697b8772/datanode-2/data/ratis/f5497908-6c32-4671-81e8-bd29b64ae38f/in_use.lock acquired by nodename 25594@pr-hdds-1569-s62bp-3040748787
2019-09-25 05:52:28,936 [pool-47-thread-1] INFO  storage.RaftStorage (RaftStorage.java:format(72)) - Storage directory /workdir/hadoop-ozone/integration-test/target/test-dir/MiniOzoneClusterImpl-5fae48a0-8517-4c16-9d39-4001697b8772/datanode-2/data/ratis/f5497908-6c32-4671-81e8-bd29b64ae38f has been successfully formatted.
2019-09-25 05:52:28,937 [pool-47-thread-1] INFO  ratis.ContainerStateMachine (ContainerStateMachine.java:loadSnapshot(230)) - group-BD29B64AE38F: The snapshot info is null. Setting the last applied indexto:(t:0, i:~)
2019-09-25 05:52:28,937 [pool-47-thread-1] INFO  server.RaftServerConfigKeys (ConfUtils.java:logGet(43)) - raft.server.notification.no-leader.timeout = 120s (custom)
2019-09-25 05:52:28,937 [pool-47-thread-1] INFO  server.RaftServerConfigKeys (ConfUtils.java:logGet(43)) - raft.server.log.use.memory = false (default)
2019-09-25 05:52:28,937 [pool-47-thread-1] INFO  server.RaftServerConfigKeys (ConfUtils.java:logGet(43)) - raft.server.log.purge.gap = 1000000 (custom)
2019-09-25 05:52:28,937 [pool-47-thread-1] INFO  server.RaftServerConfigKeys (ConfUtils.java:logGet(43)) - raft.server.log.appender.buffer.byte-limit = 33554432 (custom)
2019-09-25 05:52:28,937 [pool-47-thread-1] INFO  server.RaftServerConfigKeys (ConfUtils.java:logGet(43)) - raft.server.log.segment.size.max = 1048576 (custom)
2019-09-25 05:52:28,937 [pool-47-thread-1] INFO  server.RaftServerConfigKeys (ConfUtils.java:logGet(43)) - raft.server.log.segment.cache.num.max = 2 (custom)
2019-09-25 05:52:28,938 [pool-47-thread-1] INFO  segmented.SegmentedRaftLogWorker (SegmentedRaftLogWorker.java:<init>(172)) - new 754f3588-47e6-41ad-b34e-eb7041cce070@group-BD29B64AE38F-SegmentedRaftLogWorker for RaftStorage:Storage Directory /workdir/hadoop-ozone/integration-test/target/test-dir/MiniOzoneClusterImpl-5fae48a0-8517-4c16-9d39-4001697b8772/datanode-2/data/ratis/f5497908-6c32-4671-81e8-bd29b64ae38f
2019-09-25 05:52:28,938 [pool-47-thread-1] INFO  server.RaftServerConfigKeys (ConfUtils.java:logGet(43)) - raft.server.log.queue.byte-limit = 2147483647 (custom)
2019-09-25 05:52:28,938 [pool-47-thread-1] INFO  server.RaftServerConfigKeys (ConfUtils.java:logGet(43)) - raft.server.log.queue.element-limit = 1024 (custom)
2019-09-25 05:52:28,938 [pool-47-thread-1] INFO  server.RaftServerConfigKeys (ConfUtils.java:logGet(43)) - raft.server.log.segment.size.max = 1048576 (custom)
2019-09-25 05:52:28,938 [pool-47-thread-1] INFO  server.RaftServerConfigKeys (ConfUtils.java:logGet(43)) - raft.server.log.preallocated.size = 16384 (custom)
2019-09-25 05:52:28,938 [pool-47-thread-1] INFO  server.RaftServerConfigKeys (ConfUtils.java:logGet(43)) - raft.server.log.write.buffer.size = 33554432 (custom)
2019-09-25 05:52:28,938 [pool-47-thread-1] INFO  server.RaftServerConfigKeys (ConfUtils.java:logGet(43)) - raft.server.log.force.sync.num = 128 (default)
2019-09-25 05:52:28,938 [pool-47-thread-1] INFO  server.RaftServerConfigKeys (ConfUtils.java:logGet(43)) - raft.server.log.statemachine.data.sync = true (default)
2019-09-25 05:52:28,938 [pool-47-thread-1] INFO  server.RaftServerConfigKeys (ConfUtils.java:logGet(43)) - raft.server.log.statemachine.data.sync.timeout = 10s (default)
2019-09-25 05:52:28,938 [pool-47-thread-1] INFO  server.RaftServerConfigKeys (ConfUtils.java:logGet(43)) - raft.server.log.statemachine.data.sync.timeout.retry = -1 (default)
2019-09-25 05:52:28,939 [pool-47-thread-1] INFO  server.RaftServerConfigKeys (ConfUtils.java:logGet(43)) - raft.server.log.statemachine.data.caching.enabled = true (custom)
2019-09-25 05:52:28,939 [pool-47-thread-1] INFO  segmented.SegmentedRaftLogWorker (SegmentedRaftLogWorker.java:lambda$new$0(132)) - 754f3588-47e6-41ad-b34e-eb7041cce070@group-BD29B64AE38F-SegmentedRaftLogWorker: flushIndex: setUnconditionally 0 -> -1
2019-09-25 05:52:28,939 [pool-47-thread-1] INFO  server.RaftServerConfigKeys (ConfUtils.java:logGet(43)) - raft.server.snapshot.auto.trigger.enabled = true (custom)
2019-09-25 05:52:28,939 [pool-47-thread-1] INFO  server.RaftServerConfigKeys (ConfUtils.java:logGet(43)) - raft.server.snapshot.auto.trigger.threshold = 10000 (custom)
2019-09-25 05:52:28,939 [pool-47-thread-1] INFO  server.RaftServerConfigKeys (ConfUtils.java:logGet(43)) - raft.server.snapshot.retention.num.files = 5 (custom)
2019-09-25 05:52:28,940 [pool-47-thread-1] INFO  server.RaftServerConfigKeys (ConfUtils.java:logGet(43)) - raft.server.retrycache.expirytime = 600000ms (custom)
2019-09-25 05:52:28,942 [pool-47-thread-1] INFO  impl.RaftServerImpl (RaftServerImpl.java:start(185)) - 754f3588-47e6-41ad-b34e-eb7041cce070@group-BD29B64AE38F: start as a follower, conf=-1: [754f3588-47e6-41ad-b34e-eb7041cce070:192.168.30.10:41089], old=null
2019-09-25 05:52:28,942 [pool-47-thread-1] INFO  impl.RaftServerImpl (RaftServerImpl.java:setRole(174)) - 754f3588-47e6-41ad-b34e-eb7041cce070@group-BD29B64AE38F: changes role from      null to FOLLOWER at term 0 for startAsFollower
2019-09-25 05:52:28,942 [pool-47-thread-1] INFO  impl.RoleInfo (RoleInfo.java:updateAndGet(143)) - 754f3588-47e6-41ad-b34e-eb7041cce070: start FollowerState
2019-09-25 05:52:28,942 [pool-47-thread-1] INFO  util.JmxRegister (JmxRegister.java:tryRegister(44)) - Successfully registered JMX Bean with object name Ratis:service=RaftServer,group=group-BD29B64AE38F,id=754f3588-47e6-41ad-b34e-eb7041cce070
2019-09-25 05:52:28,947 [RatisPipelineUtilsThread] INFO  pipeline.PipelineStateManager (PipelineStateManager.java:addPipeline(56)) - Created pipeline Pipeline[ Id: f5497908-6c32-4671-81e8-bd29b64ae38f, Nodes: 754f3588-47e6-41ad-b34e-eb7041cce070{ip: 192.168.30.10, host: pr-hdds-1569-s62bp-3040748787, networkLocation: /default-rack, certSerialId: null}, Type:RATIS, Factor:ONE, State:OPEN]
2019-09-25 05:52:28,957 [grpc-default-executor-0] INFO  impl.RaftServerProxy (RaftServerProxy.java:addNew(89)) - 5be219b2-97fd-4a8c-91ea-b15aa89454d4: addNew group-9B35153B0974:[5be219b2-97fd-4a8c-91ea-b15aa89454d4:192.168.30.10:40625] returns group-9B35153B0974:java.util.concurrent.CompletableFuture@68fd1757[Not completed]
2019-09-25 05:52:28,959 [pool-37-thread-1] INFO  impl.RaftServerImpl (RaftServerImpl.java:<init>(95)) - 5be219b2-97fd-4a8c-91ea-b15aa89454d4: new RaftServerImpl for group-9B35153B0974:[5be219b2-97fd-4a8c-91ea-b15aa89454d4:192.168.30.10:40625] with ContainerStateMachine:uninitialized
2019-09-25 05:52:28,959 [pool-37-thread-1] INFO  server.RaftServerConfigKeys (ConfUtils.java:logGet(43)) - raft.server.rpc.timeout.min = 5s (custom)
2019-09-25 05:52:28,959 [pool-37-thread-1] INFO  server.RaftServerConfigKeys (ConfUtils.java:logGet(43)) - raft.server.rpc.timeout.max = 5200ms (custom)
2019-09-25 05:52:28,959 [pool-37-thread-1] INFO  server.RaftServerConfigKeys (ConfUtils.java:logGet(43)) - raft.server.rpcslowness.timeout = 120s (custom)
2019-09-25 05:52:28,959 [pool-37-thread-1] INFO  server.RaftServerConfigKeys (ConfUtils.java:logGet(43)) - raft.server.sleep.deviation.threshold = 300 (default)
2019-09-25 05:52:28,959 [pool-37-thread-1] INFO  server.RaftServerConfigKeys (ConfUtils.java:logGet(43)) - raft.server.log.appender.install.snapshot.enabled = false (custom)
2019-09-25 05:52:28,959 [pool-37-thread-1] INFO  impl.RaftServerImpl (ServerState.java:<init>(103)) - 5be219b2-97fd-4a8c-91ea-b15aa89454d4@group-9B35153B0974: ConfigurationManager, init=-1: [5be219b2-97fd-4a8c-91ea-b15aa89454d4:192.168.30.10:40625], old=null, confs=<EMPTY_MAP>
2019-09-25 05:52:28,959 [pool-37-thread-1] INFO  server.RaftServerConfigKeys (ConfUtils.java:logGet(43)) - raft.server.storage.dir = [/workdir/hadoop-ozone/integration-test/target/test-dir/MiniOzoneClusterImpl-5fae48a0-8517-4c16-9d39-4001697b8772/datanode-1/data/ratis] (custom)
2019-09-25 05:52:28,960 [pool-37-thread-1] INFO  storage.RaftStorageDirectory (RaftStorageDirectory.java:analyzeStorage(246)) - The storage directory /workdir/hadoop-ozone/integration-test/target/test-dir/MiniOzoneClusterImpl-5fae48a0-8517-4c16-9d39-4001697b8772/datanode-1/data/ratis/aed0d405-f630-49ff-953d-9b35153b0974 does not exist. Creating ...
2019-09-25 05:52:28,973 [pool-37-thread-1] INFO  storage.RaftStorageDirectory (RaftStorageDirectory.java:tryLock(328)) - Lock on /workdir/hadoop-ozone/integration-test/target/test-dir/MiniOzoneClusterImpl-5fae48a0-8517-4c16-9d39-4001697b8772/datanode-1/data/ratis/aed0d405-f630-49ff-953d-9b35153b0974/in_use.lock acquired by nodename 25594@pr-hdds-1569-s62bp-3040748787
2019-09-25 05:52:28,986 [pool-37-thread-1] INFO  storage.RaftStorage (RaftStorage.java:format(72)) - Storage directory /workdir/hadoop-ozone/integration-test/target/test-dir/MiniOzoneClusterImpl-5fae48a0-8517-4c16-9d39-4001697b8772/datanode-1/data/ratis/aed0d405-f630-49ff-953d-9b35153b0974 has been successfully formatted.
2019-09-25 05:52:28,986 [pool-37-thread-1] INFO  ratis.ContainerStateMachine (ContainerStateMachine.java:loadSnapshot(230)) - group-9B35153B0974: The snapshot info is null. Setting the last applied indexto:(t:0, i:~)
2019-09-25 05:52:28,987 [pool-37-thread-1] INFO  server.RaftServerConfigKeys (ConfUtils.java:logGet(43)) - raft.server.notification.no-leader.timeout = 120s (custom)
2019-09-25 05:52:28,987 [pool-37-thread-1] INFO  server.RaftServerConfigKeys (ConfUtils.java:logGet(43)) - raft.server.log.use.memory = false (default)
2019-09-25 05:52:28,987 [pool-37-thread-1] INFO  server.RaftServerConfigKeys (ConfUtils.java:logGet(43)) - raft.server.log.purge.gap = 1000000 (custom)
2019-09-25 05:52:28,987 [pool-37-thread-1] INFO  server.RaftServerConfigKeys (ConfUtils.java:logGet(43)) - raft.server.log.appender.buffer.byte-limit = 33554432 (custom)
2019-09-25 05:52:28,987 [pool-37-thread-1] INFO  server.RaftServerConfigKeys (ConfUtils.java:logGet(43)) - raft.server.log.segment.size.max = 1048576 (custom)
2019-09-25 05:52:28,987 [pool-37-thread-1] INFO  server.RaftServerConfigKeys (ConfUtils.java:logGet(43)) - raft.server.log.segment.cache.num.max = 2 (custom)
2019-09-25 05:52:28,987 [pool-37-thread-1] INFO  segmented.SegmentedRaftLogWorker (SegmentedRaftLogWorker.java:<init>(172)) - new 5be219b2-97fd-4a8c-91ea-b15aa89454d4@group-9B35153B0974-SegmentedRaftLogWorker for RaftStorage:Storage Directory /workdir/hadoop-ozone/integration-test/target/test-dir/MiniOzoneClusterImpl-5fae48a0-8517-4c16-9d39-4001697b8772/datanode-1/data/ratis/aed0d405-f630-49ff-953d-9b35153b0974
2019-09-25 05:52:28,987 [pool-37-thread-1] INFO  server.RaftServerConfigKeys (ConfUtils.java:logGet(43)) - raft.server.log.queue.byte-limit = 2147483647 (custom)
2019-09-25 05:52:28,987 [pool-37-thread-1] INFO  server.RaftServerConfigKeys (ConfUtils.java:logGet(43)) - raft.server.log.queue.element-limit = 1024 (custom)
2019-09-25 05:52:28,987 [pool-37-thread-1] INFO  server.RaftServerConfigKeys (ConfUtils.java:logGet(43)) - raft.server.log.segment.size.max = 1048576 (custom)
2019-09-25 05:52:28,987 [pool-37-thread-1] INFO  server.RaftServerConfigKeys (ConfUtils.java:logGet(43)) - raft.server.log.preallocated.size = 16384 (custom)
2019-09-25 05:52:28,988 [pool-37-thread-1] INFO  server.RaftServerConfigKeys (ConfUtils.java:logGet(43)) - raft.server.log.write.buffer.size = 33554432 (custom)
2019-09-25 05:52:28,988 [pool-37-thread-1] INFO  server.RaftServerConfigKeys (ConfUtils.java:logGet(43)) - raft.server.log.force.sync.num = 128 (default)
2019-09-25 05:52:28,988 [pool-37-thread-1] INFO  server.RaftServerConfigKeys (ConfUtils.java:logGet(43)) - raft.server.log.statemachine.data.sync = true (default)
2019-09-25 05:52:28,988 [pool-37-thread-1] INFO  server.RaftServerConfigKeys (ConfUtils.java:logGet(43)) - raft.server.log.statemachine.data.sync.timeout = 10s (default)
2019-09-25 05:52:28,988 [pool-37-thread-1] INFO  server.RaftServerConfigKeys (ConfUtils.java:logGet(43)) - raft.server.log.statemachine.data.sync.timeout.retry = -1 (default)
2019-09-25 05:52:28,988 [pool-37-thread-1] INFO  server.RaftServerConfigKeys (ConfUtils.java:logGet(43)) - raft.server.log.statemachine.data.caching.enabled = true (custom)
2019-09-25 05:52:28,988 [pool-37-thread-1] INFO  segmented.SegmentedRaftLogWorker (SegmentedRaftLogWorker.java:lambda$new$0(132)) - 5be219b2-97fd-4a8c-91ea-b15aa89454d4@group-9B35153B0974-SegmentedRaftLogWorker: flushIndex: setUnconditionally 0 -> -1
2019-09-25 05:52:28,989 [pool-37-thread-1] INFO  server.RaftServerConfigKeys (ConfUtils.java:logGet(43)) - raft.server.snapshot.auto.trigger.enabled = true (custom)
2019-09-25 05:52:28,989 [pool-37-thread-1] INFO  server.RaftServerConfigKeys (ConfUtils.java:logGet(43)) - raft.server.snapshot.auto.trigger.threshold = 10000 (custom)
2019-09-25 05:52:28,989 [pool-37-thread-1] INFO  server.RaftServerConfigKeys (ConfUtils.java:logGet(43)) - raft.server.snapshot.retention.num.files = 5 (custom)
2019-09-25 05:52:28,989 [pool-37-thread-1] INFO  server.RaftServerConfigKeys (ConfUtils.java:logGet(43)) - raft.server.retrycache.expirytime = 600000ms (custom)
2019-09-25 05:52:28,991 [pool-37-thread-1] INFO  impl.RaftServerImpl (RaftServerImpl.java:start(185)) - 5be219b2-97fd-4a8c-91ea-b15aa89454d4@group-9B35153B0974: start as a follower, conf=-1: [5be219b2-97fd-4a8c-91ea-b15aa89454d4:192.168.30.10:40625], old=null
2019-09-25 05:52:28,991 [pool-37-thread-1] INFO  impl.RaftServerImpl (RaftServerImpl.java:setRole(174)) - 5be219b2-97fd-4a8c-91ea-b15aa89454d4@group-9B35153B0974: changes role from      null to FOLLOWER at term 0 for startAsFollower
2019-09-25 05:52:28,991 [pool-37-thread-1] INFO  impl.RoleInfo (RoleInfo.java:updateAndGet(143)) - 5be219b2-97fd-4a8c-91ea-b15aa89454d4: start FollowerState
2019-09-25 05:52:28,991 [pool-37-thread-1] INFO  util.JmxRegister (JmxRegister.java:tryRegister(44)) - Successfully registered JMX Bean with object name Ratis:service=RaftServer,group=group-9B35153B0974,id=5be219b2-97fd-4a8c-91ea-b15aa89454d4
2019-09-25 05:52:28,995 [RatisPipelineUtilsThread] INFO  pipeline.PipelineStateManager (PipelineStateManager.java:addPipeline(56)) - Created pipeline Pipeline[ Id: aed0d405-f630-49ff-953d-9b35153b0974, Nodes: 5be219b2-97fd-4a8c-91ea-b15aa89454d4{ip: 192.168.30.10, host: pr-hdds-1569-s62bp-3040748787, networkLocation: /default-rack, certSerialId: null}, Type:RATIS, Factor:ONE, State:OPEN]
2019-09-25 05:52:29,006 [grpc-default-executor-0] INFO  impl.RaftServerProxy (RaftServerProxy.java:addNew(89)) - 0bbc1277-be6f-4bf3-88cf-1c3b12e139ad: addNew group-D61B2F6300F1:[0bbc1277-be6f-4bf3-88cf-1c3b12e139ad:192.168.30.10:46701] returns group-D61B2F6300F1:java.util.concurrent.CompletableFuture@1d810707[Not completed]
2019-09-25 05:52:29,008 [pool-27-thread-1] INFO  impl.RaftServerImpl (RaftServerImpl.java:<init>(95)) - 0bbc1277-be6f-4bf3-88cf-1c3b12e139ad: new RaftServerImpl for group-D61B2F6300F1:[0bbc1277-be6f-4bf3-88cf-1c3b12e139ad:192.168.30.10:46701] with ContainerStateMachine:uninitialized
2019-09-25 05:52:29,008 [pool-27-thread-1] INFO  server.RaftServerConfigKeys (ConfUtils.java:logGet(43)) - raft.server.rpc.timeout.min = 5s (custom)
2019-09-25 05:52:29,008 [pool-27-thread-1] INFO  server.RaftServerConfigKeys (ConfUtils.java:logGet(43)) - raft.server.rpc.timeout.max = 5200ms (custom)
2019-09-25 05:52:29,008 [pool-27-thread-1] INFO  server.RaftServerConfigKeys (ConfUtils.java:logGet(43)) - raft.server.rpcslowness.timeout = 120s (custom)
2019-09-25 05:52:29,008 [pool-27-thread-1] INFO  server.RaftServerConfigKeys (ConfUtils.java:logGet(43)) - raft.server.sleep.deviation.threshold = 300 (default)
2019-09-25 05:52:29,008 [pool-27-thread-1] INFO  server.RaftServerConfigKeys (ConfUtils.java:logGet(43)) - raft.server.log.appender.install.snapshot.enabled = false (custom)
2019-09-25 05:52:29,008 [pool-27-thread-1] INFO  impl.RaftServerImpl (ServerState.java:<init>(103)) - 0bbc1277-be6f-4bf3-88cf-1c3b12e139ad@group-D61B2F6300F1: ConfigurationManager, init=-1: [0bbc1277-be6f-4bf3-88cf-1c3b12e139ad:192.168.30.10:46701], old=null, confs=<EMPTY_MAP>
2019-09-25 05:52:29,009 [pool-27-thread-1] INFO  server.RaftServerConfigKeys (ConfUtils.java:logGet(43)) - raft.server.storage.dir = [/workdir/hadoop-ozone/integration-test/target/test-dir/MiniOzoneClusterImpl-5fae48a0-8517-4c16-9d39-4001697b8772/datanode-0/data/ratis] (custom)
2019-09-25 05:52:29,009 [pool-27-thread-1] INFO  storage.RaftStorageDirectory (RaftStorageDirectory.java:analyzeStorage(246)) - The storage directory /workdir/hadoop-ozone/integration-test/target/test-dir/MiniOzoneClusterImpl-5fae48a0-8517-4c16-9d39-4001697b8772/datanode-0/data/ratis/c046245e-8bbe-4d58-a4c2-d61b2f6300f1 does not exist. Creating ...
2019-09-25 05:52:29,022 [pool-27-thread-1] INFO  storage.RaftStorageDirectory (RaftStorageDirectory.java:tryLock(328)) - Lock on /workdir/hadoop-ozone/integration-test/target/test-dir/MiniOzoneClusterImpl-5fae48a0-8517-4c16-9d39-4001697b8772/datanode-0/data/ratis/c046245e-8bbe-4d58-a4c2-d61b2f6300f1/in_use.lock acquired by nodename 25594@pr-hdds-1569-s62bp-3040748787
2019-09-25 05:52:29,044 [pool-27-thread-1] INFO  storage.RaftStorage (RaftStorage.java:format(72)) - Storage directory /workdir/hadoop-ozone/integration-test/target/test-dir/MiniOzoneClusterImpl-5fae48a0-8517-4c16-9d39-4001697b8772/datanode-0/data/ratis/c046245e-8bbe-4d58-a4c2-d61b2f6300f1 has been successfully formatted.
2019-09-25 05:52:29,044 [pool-27-thread-1] INFO  ratis.ContainerStateMachine (ContainerStateMachine.java:loadSnapshot(230)) - group-D61B2F6300F1: The snapshot info is null. Setting the last applied indexto:(t:0, i:~)
2019-09-25 05:52:29,044 [pool-27-thread-1] INFO  server.RaftServerConfigKeys (ConfUtils.java:logGet(43)) - raft.server.notification.no-leader.timeout = 120s (custom)
2019-09-25 05:52:29,044 [pool-27-thread-1] INFO  server.RaftServerConfigKeys (ConfUtils.java:logGet(43)) - raft.server.log.use.memory = false (default)
2019-09-25 05:52:29,045 [pool-27-thread-1] INFO  server.RaftServerConfigKeys (ConfUtils.java:logGet(43)) - raft.server.log.purge.gap = 1000000 (custom)
2019-09-25 05:52:29,045 [pool-27-thread-1] INFO  server.RaftServerConfigKeys (ConfUtils.java:logGet(43)) - raft.server.log.appender.buffer.byte-limit = 33554432 (custom)
2019-09-25 05:52:29,045 [pool-27-thread-1] INFO  server.RaftServerConfigKeys (ConfUtils.java:logGet(43)) - raft.server.log.segment.size.max = 1048576 (custom)
2019-09-25 05:52:29,045 [pool-27-thread-1] INFO  server.RaftServerConfigKeys (ConfUtils.java:logGet(43)) - raft.server.log.segment.cache.num.max = 2 (custom)
2019-09-25 05:52:29,045 [pool-27-thread-1] INFO  segmented.SegmentedRaftLogWorker (SegmentedRaftLogWorker.java:<init>(172)) - new 0bbc1277-be6f-4bf3-88cf-1c3b12e139ad@group-D61B2F6300F1-SegmentedRaftLogWorker for RaftStorage:Storage Directory /workdir/hadoop-ozone/integration-test/target/test-dir/MiniOzoneClusterImpl-5fae48a0-8517-4c16-9d39-4001697b8772/datanode-0/data/ratis/c046245e-8bbe-4d58-a4c2-d61b2f6300f1
2019-09-25 05:52:29,045 [pool-27-thread-1] INFO  server.RaftServerConfigKeys (ConfUtils.java:logGet(43)) - raft.server.log.queue.byte-limit = 2147483647 (custom)
2019-09-25 05:52:29,045 [pool-27-thread-1] INFO  server.RaftServerConfigKeys (ConfUtils.java:logGet(43)) - raft.server.log.queue.element-limit = 1024 (custom)
2019-09-25 05:52:29,046 [pool-27-thread-1] INFO  server.RaftServerConfigKeys (ConfUtils.java:logGet(43)) - raft.server.log.segment.size.max = 1048576 (custom)
2019-09-25 05:52:29,046 [pool-27-thread-1] INFO  server.RaftServerConfigKeys (ConfUtils.java:logGet(43)) - raft.server.log.preallocated.size = 16384 (custom)
2019-09-25 05:52:29,046 [pool-27-thread-1] INFO  server.RaftServerConfigKeys (ConfUtils.java:logGet(43)) - raft.server.log.write.buffer.size = 33554432 (custom)
2019-09-25 05:52:29,046 [pool-27-thread-1] INFO  server.RaftServerConfigKeys (ConfUtils.java:logGet(43)) - raft.server.log.force.sync.num = 128 (default)
2019-09-25 05:52:29,046 [pool-27-thread-1] INFO  server.RaftServerConfigKeys (ConfUtils.java:logGet(43)) - raft.server.log.statemachine.data.sync = true (default)
2019-09-25 05:52:29,046 [pool-27-thread-1] INFO  server.RaftServerConfigKeys (ConfUtils.java:logGet(43)) - raft.server.log.statemachine.data.sync.timeout = 10s (default)
2019-09-25 05:52:29,046 [pool-27-thread-1] INFO  server.RaftServerConfigKeys (ConfUtils.java:logGet(43)) - raft.server.log.statemachine.data.sync.timeout.retry = -1 (default)
2019-09-25 05:52:29,047 [pool-27-thread-1] INFO  server.RaftServerConfigKeys (ConfUtils.java:logGet(43)) - raft.server.log.statemachine.data.caching.enabled = true (custom)
2019-09-25 05:52:29,047 [pool-27-thread-1] INFO  segmented.SegmentedRaftLogWorker (SegmentedRaftLogWorker.java:lambda$new$0(132)) - 0bbc1277-be6f-4bf3-88cf-1c3b12e139ad@group-D61B2F6300F1-SegmentedRaftLogWorker: flushIndex: setUnconditionally 0 -> -1
2019-09-25 05:52:29,047 [pool-27-thread-1] INFO  server.RaftServerConfigKeys (ConfUtils.java:logGet(43)) - raft.server.snapshot.auto.trigger.enabled = true (custom)
2019-09-25 05:52:29,048 [pool-27-thread-1] INFO  server.RaftServerConfigKeys (ConfUtils.java:logGet(43)) - raft.server.snapshot.auto.trigger.threshold = 10000 (custom)
2019-09-25 05:52:29,048 [pool-27-thread-1] INFO  server.RaftServerConfigKeys (ConfUtils.java:logGet(43)) - raft.server.snapshot.retention.num.files = 5 (custom)
2019-09-25 05:52:29,048 [pool-27-thread-1] INFO  server.RaftServerConfigKeys (ConfUtils.java:logGet(43)) - raft.server.retrycache.expirytime = 600000ms (custom)
2019-09-25 05:52:29,051 [pool-27-thread-1] INFO  impl.RaftServerImpl (RaftServerImpl.java:start(185)) - 0bbc1277-be6f-4bf3-88cf-1c3b12e139ad@group-D61B2F6300F1: start as a follower, conf=-1: [0bbc1277-be6f-4bf3-88cf-1c3b12e139ad:192.168.30.10:46701], old=null
2019-09-25 05:52:29,051 [pool-27-thread-1] INFO  impl.RaftServerImpl (RaftServerImpl.java:setRole(174)) - 0bbc1277-be6f-4bf3-88cf-1c3b12e139ad@group-D61B2F6300F1: changes role from      null to FOLLOWER at term 0 for startAsFollower
2019-09-25 05:52:29,051 [pool-27-thread-1] INFO  impl.RoleInfo (RoleInfo.java:updateAndGet(143)) - 0bbc1277-be6f-4bf3-88cf-1c3b12e139ad: start FollowerState
2019-09-25 05:52:29,051 [pool-27-thread-1] INFO  util.JmxRegister (JmxRegister.java:tryRegister(44)) - Successfully registered JMX Bean with object name Ratis:service=RaftServer,group=group-D61B2F6300F1,id=0bbc1277-be6f-4bf3-88cf-1c3b12e139ad
2019-09-25 05:52:29,055 [RatisPipelineUtilsThread] INFO  pipeline.PipelineStateManager (PipelineStateManager.java:addPipeline(56)) - Created pipeline Pipeline[ Id: c046245e-8bbe-4d58-a4c2-d61b2f6300f1, Nodes: 0bbc1277-be6f-4bf3-88cf-1c3b12e139ad{ip: 192.168.30.10, host: pr-hdds-1569-s62bp-3040748787, networkLocation: /default-rack, certSerialId: null}, Type:RATIS, Factor:ONE, State:OPEN]
2019-09-25 05:52:29,068 [grpc-default-executor-0] INFO  impl.RaftServerProxy (RaftServerProxy.java:addNew(89)) - 754f3588-47e6-41ad-b34e-eb7041cce070: addNew group-6464436F0CE7:[754f3588-47e6-41ad-b34e-eb7041cce070:192.168.30.10:41089] returns group-6464436F0CE7:java.util.concurrent.CompletableFuture@478cb80[Not completed]
2019-09-25 05:52:29,070 [pool-47-thread-1] INFO  impl.RaftServerImpl (RaftServerImpl.java:<init>(95)) - 754f3588-47e6-41ad-b34e-eb7041cce070: new RaftServerImpl for group-6464436F0CE7:[754f3588-47e6-41ad-b34e-eb7041cce070:192.168.30.10:41089] with ContainerStateMachine:uninitialized
2019-09-25 05:52:29,070 [pool-47-thread-1] INFO  server.RaftServerConfigKeys (ConfUtils.java:logGet(43)) - raft.server.rpc.timeout.min = 5s (custom)
2019-09-25 05:52:29,070 [pool-47-thread-1] INFO  server.RaftServerConfigKeys (ConfUtils.java:logGet(43)) - raft.server.rpc.timeout.max = 5200ms (custom)
2019-09-25 05:52:29,070 [pool-47-thread-1] INFO  server.RaftServerConfigKeys (ConfUtils.java:logGet(43)) - raft.server.rpcslowness.timeout = 120s (custom)
2019-09-25 05:52:29,071 [pool-47-thread-1] INFO  server.RaftServerConfigKeys (ConfUtils.java:logGet(43)) - raft.server.sleep.deviation.threshold = 300 (default)
2019-09-25 05:52:29,071 [pool-47-thread-1] INFO  server.RaftServerConfigKeys (ConfUtils.java:logGet(43)) - raft.server.log.appender.install.snapshot.enabled = false (custom)
2019-09-25 05:52:29,071 [pool-47-thread-1] INFO  impl.RaftServerImpl (ServerState.java:<init>(103)) - 754f3588-47e6-41ad-b34e-eb7041cce070@group-6464436F0CE7: ConfigurationManager, init=-1: [754f3588-47e6-41ad-b34e-eb7041cce070:192.168.30.10:41089], old=null, confs=<EMPTY_MAP>
2019-09-25 05:52:29,071 [pool-47-thread-1] INFO  server.RaftServerConfigKeys (ConfUtils.java:logGet(43)) - raft.server.storage.dir = [/workdir/hadoop-ozone/integration-test/target/test-dir/MiniOzoneClusterImpl-5fae48a0-8517-4c16-9d39-4001697b8772/datanode-2/data/ratis] (custom)
2019-09-25 05:52:29,072 [pool-47-thread-1] INFO  storage.RaftStorageDirectory (RaftStorageDirectory.java:analyzeStorage(246)) - The storage directory /workdir/hadoop-ozone/integration-test/target/test-dir/MiniOzoneClusterImpl-5fae48a0-8517-4c16-9d39-4001697b8772/datanode-2/data/ratis/c5d43c91-43f0-4abd-87c7-6464436f0ce7 does not exist. Creating ...
2019-09-25 05:52:29,085 [pool-47-thread-1] INFO  storage.RaftStorageDirectory (RaftStorageDirectory.java:tryLock(328)) - Lock on /workdir/hadoop-ozone/integration-test/target/test-dir/MiniOzoneClusterImpl-5fae48a0-8517-4c16-9d39-4001697b8772/datanode-2/data/ratis/c5d43c91-43f0-4abd-87c7-6464436f0ce7/in_use.lock acquired by nodename 25594@pr-hdds-1569-s62bp-3040748787
2019-09-25 05:52:29,098 [pool-47-thread-1] INFO  storage.RaftStorage (RaftStorage.java:format(72)) - Storage directory /workdir/hadoop-ozone/integration-test/target/test-dir/MiniOzoneClusterImpl-5fae48a0-8517-4c16-9d39-4001697b8772/datanode-2/data/ratis/c5d43c91-43f0-4abd-87c7-6464436f0ce7 has been successfully formatted.
2019-09-25 05:52:29,099 [pool-47-thread-1] INFO  ratis.ContainerStateMachine (ContainerStateMachine.java:loadSnapshot(230)) - group-6464436F0CE7: The snapshot info is null. Setting the last applied indexto:(t:0, i:~)
2019-09-25 05:52:29,099 [pool-47-thread-1] INFO  server.RaftServerConfigKeys (ConfUtils.java:logGet(43)) - raft.server.notification.no-leader.timeout = 120s (custom)
2019-09-25 05:52:29,099 [pool-47-thread-1] INFO  server.RaftServerConfigKeys (ConfUtils.java:logGet(43)) - raft.server.log.use.memory = false (default)
2019-09-25 05:52:29,099 [pool-47-thread-1] INFO  server.RaftServerConfigKeys (ConfUtils.java:logGet(43)) - raft.server.log.purge.gap = 1000000 (custom)
2019-09-25 05:52:29,099 [pool-47-thread-1] INFO  server.RaftServerConfigKeys (ConfUtils.java:logGet(43)) - raft.server.log.appender.buffer.byte-limit = 33554432 (custom)
2019-09-25 05:52:29,100 [pool-47-thread-1] INFO  server.RaftServerConfigKeys (ConfUtils.java:logGet(43)) - raft.server.log.segment.size.max = 1048576 (custom)
2019-09-25 05:52:29,100 [pool-47-thread-1] INFO  server.RaftServerConfigKeys (ConfUtils.java:logGet(43)) - raft.server.log.segment.cache.num.max = 2 (custom)
2019-09-25 05:52:29,100 [pool-47-thread-1] INFO  segmented.SegmentedRaftLogWorker (SegmentedRaftLogWorker.java:<init>(172)) - new 754f3588-47e6-41ad-b34e-eb7041cce070@group-6464436F0CE7-SegmentedRaftLogWorker for RaftStorage:Storage Directory /workdir/hadoop-ozone/integration-test/target/test-dir/MiniOzoneClusterImpl-5fae48a0-8517-4c16-9d39-4001697b8772/datanode-2/data/ratis/c5d43c91-43f0-4abd-87c7-6464436f0ce7
2019-09-25 05:52:29,100 [pool-47-thread-1] INFO  server.RaftServerConfigKeys (ConfUtils.java:logGet(43)) - raft.server.log.queue.byte-limit = 2147483647 (custom)
2019-09-25 05:52:29,100 [pool-47-thread-1] INFO  server.RaftServerConfigKeys (ConfUtils.java:logGet(43)) - raft.server.log.queue.element-limit = 1024 (custom)
2019-09-25 05:52:29,100 [pool-47-thread-1] INFO  server.RaftServerConfigKeys (ConfUtils.java:logGet(43)) - raft.server.log.segment.size.max = 1048576 (custom)
2019-09-25 05:52:29,101 [pool-47-thread-1] INFO  server.RaftServerConfigKeys (ConfUtils.java:logGet(43)) - raft.server.log.preallocated.size = 16384 (custom)
2019-09-25 05:52:29,101 [pool-47-thread-1] INFO  server.RaftServerConfigKeys (ConfUtils.java:logGet(43)) - raft.server.log.write.buffer.size = 33554432 (custom)
2019-09-25 05:52:29,101 [pool-47-thread-1] INFO  server.RaftServerConfigKeys (ConfUtils.java:logGet(43)) - raft.server.log.force.sync.num = 128 (default)
2019-09-25 05:52:29,101 [pool-47-thread-1] INFO  server.RaftServerConfigKeys (ConfUtils.java:logGet(43)) - raft.server.log.statemachine.data.sync = true (default)
2019-09-25 05:52:29,101 [pool-47-thread-1] INFO  server.RaftServerConfigKeys (ConfUtils.java:logGet(43)) - raft.server.log.statemachine.data.sync.timeout = 10s (default)
2019-09-25 05:52:29,101 [pool-47-thread-1] INFO  server.RaftServerConfigKeys (ConfUtils.java:logGet(43)) - raft.server.log.statemachine.data.sync.timeout.retry = -1 (default)
2019-09-25 05:52:29,102 [pool-47-thread-1] INFO  server.RaftServerConfigKeys (ConfUtils.java:logGet(43)) - raft.server.log.statemachine.data.caching.enabled = true (custom)
2019-09-25 05:52:29,102 [pool-47-thread-1] INFO  segmented.SegmentedRaftLogWorker (SegmentedRaftLogWorker.java:lambda$new$0(132)) - 754f3588-47e6-41ad-b34e-eb7041cce070@group-6464436F0CE7-SegmentedRaftLogWorker: flushIndex: setUnconditionally 0 -> -1
2019-09-25 05:52:29,102 [pool-47-thread-1] INFO  server.RaftServerConfigKeys (ConfUtils.java:logGet(43)) - raft.server.snapshot.auto.trigger.enabled = true (custom)
2019-09-25 05:52:29,102 [pool-47-thread-1] INFO  server.RaftServerConfigKeys (ConfUtils.java:logGet(43)) - raft.server.snapshot.auto.trigger.threshold = 10000 (custom)
2019-09-25 05:52:29,103 [pool-47-thread-1] INFO  server.RaftServerConfigKeys (ConfUtils.java:logGet(43)) - raft.server.snapshot.retention.num.files = 5 (custom)
2019-09-25 05:52:29,103 [pool-47-thread-1] INFO  server.RaftServerConfigKeys (ConfUtils.java:logGet(43)) - raft.server.retrycache.expirytime = 600000ms (custom)
2019-09-25 05:52:29,105 [pool-47-thread-1] INFO  impl.RaftServerImpl (RaftServerImpl.java:start(185)) - 754f3588-47e6-41ad-b34e-eb7041cce070@group-6464436F0CE7: start as a follower, conf=-1: [754f3588-47e6-41ad-b34e-eb7041cce070:192.168.30.10:41089], old=null
2019-09-25 05:52:29,105 [pool-47-thread-1] INFO  impl.RaftServerImpl (RaftServerImpl.java:setRole(174)) - 754f3588-47e6-41ad-b34e-eb7041cce070@group-6464436F0CE7: changes role from      null to FOLLOWER at term 0 for startAsFollower
2019-09-25 05:52:29,106 [pool-47-thread-1] INFO  impl.RoleInfo (RoleInfo.java:updateAndGet(143)) - 754f3588-47e6-41ad-b34e-eb7041cce070: start FollowerState
2019-09-25 05:52:29,110 [pool-47-thread-1] INFO  util.JmxRegister (JmxRegister.java:tryRegister(44)) - Successfully registered JMX Bean with object name Ratis:service=RaftServer,group=group-6464436F0CE7,id=754f3588-47e6-41ad-b34e-eb7041cce070
2019-09-25 05:52:29,121 [RatisPipelineUtilsThread] INFO  pipeline.PipelineStateManager (PipelineStateManager.java:addPipeline(56)) - Created pipeline Pipeline[ Id: c5d43c91-43f0-4abd-87c7-6464436f0ce7, Nodes: 754f3588-47e6-41ad-b34e-eb7041cce070{ip: 192.168.30.10, host: pr-hdds-1569-s62bp-3040748787, networkLocation: /default-rack, certSerialId: null}, Type:RATIS, Factor:ONE, State:OPEN]
2019-09-25 05:52:29,127 [grpc-default-executor-0] INFO  impl.RaftServerProxy (RaftServerProxy.java:addNew(89)) - 0bbc1277-be6f-4bf3-88cf-1c3b12e139ad: addNew group-467D0E5E67B1:[0bbc1277-be6f-4bf3-88cf-1c3b12e139ad:192.168.30.10:46701] returns group-467D0E5E67B1:java.util.concurrent.CompletableFuture@4304b7be[Not completed]
2019-09-25 05:52:29,129 [pool-27-thread-1] INFO  impl.RaftServerImpl (RaftServerImpl.java:<init>(95)) - 0bbc1277-be6f-4bf3-88cf-1c3b12e139ad: new RaftServerImpl for group-467D0E5E67B1:[0bbc1277-be6f-4bf3-88cf-1c3b12e139ad:192.168.30.10:46701] with ContainerStateMachine:uninitialized
2019-09-25 05:52:29,129 [pool-27-thread-1] INFO  server.RaftServerConfigKeys (ConfUtils.java:logGet(43)) - raft.server.rpc.timeout.min = 5s (custom)
2019-09-25 05:52:29,129 [pool-27-thread-1] INFO  server.RaftServerConfigKeys (ConfUtils.java:logGet(43)) - raft.server.rpc.timeout.max = 5200ms (custom)
2019-09-25 05:52:29,129 [pool-27-thread-1] INFO  server.RaftServerConfigKeys (ConfUtils.java:logGet(43)) - raft.server.rpcslowness.timeout = 120s (custom)
2019-09-25 05:52:29,129 [pool-27-thread-1] INFO  server.RaftServerConfigKeys (ConfUtils.java:logGet(43)) - raft.server.sleep.deviation.threshold = 300 (default)
2019-09-25 05:52:29,130 [pool-27-thread-1] INFO  server.RaftServerConfigKeys (ConfUtils.java:logGet(43)) - raft.server.log.appender.install.snapshot.enabled = false (custom)
2019-09-25 05:52:29,130 [pool-27-thread-1] INFO  impl.RaftServerImpl (ServerState.java:<init>(103)) - 0bbc1277-be6f-4bf3-88cf-1c3b12e139ad@group-467D0E5E67B1: ConfigurationManager, init=-1: [0bbc1277-be6f-4bf3-88cf-1c3b12e139ad:192.168.30.10:46701], old=null, confs=<EMPTY_MAP>
2019-09-25 05:52:29,130 [pool-27-thread-1] INFO  server.RaftServerConfigKeys (ConfUtils.java:logGet(43)) - raft.server.storage.dir = [/workdir/hadoop-ozone/integration-test/target/test-dir/MiniOzoneClusterImpl-5fae48a0-8517-4c16-9d39-4001697b8772/datanode-0/data/ratis] (custom)
2019-09-25 05:52:29,131 [pool-27-thread-1] INFO  storage.RaftStorageDirectory (RaftStorageDirectory.java:analyzeStorage(246)) - The storage directory /workdir/hadoop-ozone/integration-test/target/test-dir/MiniOzoneClusterImpl-5fae48a0-8517-4c16-9d39-4001697b8772/datanode-0/data/ratis/3e9813d5-c542-47c7-8842-467d0e5e67b1 does not exist. Creating ...
2019-09-25 05:52:29,144 [pool-27-thread-1] INFO  storage.RaftStorageDirectory (RaftStorageDirectory.java:tryLock(328)) - Lock on /workdir/hadoop-ozone/integration-test/target/test-dir/MiniOzoneClusterImpl-5fae48a0-8517-4c16-9d39-4001697b8772/datanode-0/data/ratis/3e9813d5-c542-47c7-8842-467d0e5e67b1/in_use.lock acquired by nodename 25594@pr-hdds-1569-s62bp-3040748787
2019-09-25 05:52:29,157 [pool-27-thread-1] INFO  storage.RaftStorage (RaftStorage.java:format(72)) - Storage directory /workdir/hadoop-ozone/integration-test/target/test-dir/MiniOzoneClusterImpl-5fae48a0-8517-4c16-9d39-4001697b8772/datanode-0/data/ratis/3e9813d5-c542-47c7-8842-467d0e5e67b1 has been successfully formatted.
2019-09-25 05:52:29,157 [pool-27-thread-1] INFO  ratis.ContainerStateMachine (ContainerStateMachine.java:loadSnapshot(230)) - group-467D0E5E67B1: The snapshot info is null. Setting the last applied indexto:(t:0, i:~)
2019-09-25 05:52:29,157 [pool-27-thread-1] INFO  server.RaftServerConfigKeys (ConfUtils.java:logGet(43)) - raft.server.notification.no-leader.timeout = 120s (custom)
2019-09-25 05:52:29,158 [pool-27-thread-1] INFO  server.RaftServerConfigKeys (ConfUtils.java:logGet(43)) - raft.server.log.use.memory = false (default)
2019-09-25 05:52:29,158 [pool-27-thread-1] INFO  server.RaftServerConfigKeys (ConfUtils.java:logGet(43)) - raft.server.log.purge.gap = 1000000 (custom)
2019-09-25 05:52:29,158 [pool-27-thread-1] INFO  server.RaftServerConfigKeys (ConfUtils.java:logGet(43)) - raft.server.log.appender.buffer.byte-limit = 33554432 (custom)
2019-09-25 05:52:29,158 [pool-27-thread-1] INFO  server.RaftServerConfigKeys (ConfUtils.java:logGet(43)) - raft.server.log.segment.size.max = 1048576 (custom)
2019-09-25 05:52:29,158 [pool-27-thread-1] INFO  server.RaftServerConfigKeys (ConfUtils.java:logGet(43)) - raft.server.log.segment.cache.num.max = 2 (custom)
2019-09-25 05:52:29,158 [pool-27-thread-1] INFO  segmented.SegmentedRaftLogWorker (SegmentedRaftLogWorker.java:<init>(172)) - new 0bbc1277-be6f-4bf3-88cf-1c3b12e139ad@group-467D0E5E67B1-SegmentedRaftLogWorker for RaftStorage:Storage Directory /workdir/hadoop-ozone/integration-test/target/test-dir/MiniOzoneClusterImpl-5fae48a0-8517-4c16-9d39-4001697b8772/datanode-0/data/ratis/3e9813d5-c542-47c7-8842-467d0e5e67b1
2019-09-25 05:52:29,159 [pool-27-thread-1] INFO  server.RaftServerConfigKeys (ConfUtils.java:logGet(43)) - raft.server.log.queue.byte-limit = 2147483647 (custom)
2019-09-25 05:52:29,159 [pool-27-thread-1] INFO  server.RaftServerConfigKeys (ConfUtils.java:logGet(43)) - raft.server.log.queue.element-limit = 1024 (custom)
2019-09-25 05:52:29,159 [pool-27-thread-1] INFO  server.RaftServerConfigKeys (ConfUtils.java:logGet(43)) - raft.server.log.segment.size.max = 1048576 (custom)
2019-09-25 05:52:29,159 [pool-27-thread-1] INFO  server.RaftServerConfigKeys (ConfUtils.java:logGet(43)) - raft.server.log.preallocated.size = 16384 (custom)
2019-09-25 05:52:29,159 [pool-27-thread-1] INFO  server.RaftServerConfigKeys (ConfUtils.java:logGet(43)) - raft.server.log.write.buffer.size = 33554432 (custom)
2019-09-25 05:52:29,160 [pool-27-thread-1] INFO  server.RaftServerConfigKeys (ConfUtils.java:logGet(43)) - raft.server.log.force.sync.num = 128 (default)
2019-09-25 05:52:29,160 [pool-27-thread-1] INFO  server.RaftServerConfigKeys (ConfUtils.java:logGet(43)) - raft.server.log.statemachine.data.sync = true (default)
2019-09-25 05:52:29,160 [pool-27-thread-1] INFO  server.RaftServerConfigKeys (ConfUtils.java:logGet(43)) - raft.server.log.statemachine.data.sync.timeout = 10s (default)
2019-09-25 05:52:29,160 [pool-27-thread-1] INFO  server.RaftServerConfigKeys (ConfUtils.java:logGet(43)) - raft.server.log.statemachine.data.sync.timeout.retry = -1 (default)
2019-09-25 05:52:29,160 [pool-27-thread-1] INFO  server.RaftServerConfigKeys (ConfUtils.java:logGet(43)) - raft.server.log.statemachine.data.caching.enabled = true (custom)
2019-09-25 05:52:29,161 [pool-27-thread-1] INFO  segmented.SegmentedRaftLogWorker (SegmentedRaftLogWorker.java:lambda$new$0(132)) - 0bbc1277-be6f-4bf3-88cf-1c3b12e139ad@group-467D0E5E67B1-SegmentedRaftLogWorker: flushIndex: setUnconditionally 0 -> -1
2019-09-25 05:52:29,161 [pool-27-thread-1] INFO  server.RaftServerConfigKeys (ConfUtils.java:logGet(43)) - raft.server.snapshot.auto.trigger.enabled = true (custom)
2019-09-25 05:52:29,161 [pool-27-thread-1] INFO  server.RaftServerConfigKeys (ConfUtils.java:logGet(43)) - raft.server.snapshot.auto.trigger.threshold = 10000 (custom)
2019-09-25 05:52:29,161 [pool-27-thread-1] INFO  server.RaftServerConfigKeys (ConfUtils.java:logGet(43)) - raft.server.snapshot.retention.num.files = 5 (custom)
2019-09-25 05:52:29,162 [pool-27-thread-1] INFO  server.RaftServerConfigKeys (ConfUtils.java:logGet(43)) - raft.server.retrycache.expirytime = 600000ms (custom)
2019-09-25 05:52:29,164 [pool-27-thread-1] INFO  impl.RaftServerImpl (RaftServerImpl.java:start(185)) - 0bbc1277-be6f-4bf3-88cf-1c3b12e139ad@group-467D0E5E67B1: start as a follower, conf=-1: [0bbc1277-be6f-4bf3-88cf-1c3b12e139ad:192.168.30.10:46701], old=null
2019-09-25 05:52:29,164 [pool-27-thread-1] INFO  impl.RaftServerImpl (RaftServerImpl.java:setRole(174)) - 0bbc1277-be6f-4bf3-88cf-1c3b12e139ad@group-467D0E5E67B1: changes role from      null to FOLLOWER at term 0 for startAsFollower
2019-09-25 05:52:29,164 [pool-27-thread-1] INFO  impl.RoleInfo (RoleInfo.java:updateAndGet(143)) - 0bbc1277-be6f-4bf3-88cf-1c3b12e139ad: start FollowerState
2019-09-25 05:52:29,165 [pool-27-thread-1] INFO  util.JmxRegister (JmxRegister.java:tryRegister(44)) - Successfully registered JMX Bean with object name Ratis:service=RaftServer,group=group-467D0E5E67B1,id=0bbc1277-be6f-4bf3-88cf-1c3b12e139ad
2019-09-25 05:52:29,167 [RatisPipelineUtilsThread] INFO  pipeline.PipelineStateManager (PipelineStateManager.java:addPipeline(56)) - Created pipeline Pipeline[ Id: 3e9813d5-c542-47c7-8842-467d0e5e67b1, Nodes: 0bbc1277-be6f-4bf3-88cf-1c3b12e139ad{ip: 192.168.30.10, host: pr-hdds-1569-s62bp-3040748787, networkLocation: /default-rack, certSerialId: null}, Type:RATIS, Factor:ONE, State:OPEN]
2019-09-25 05:52:29,174 [grpc-default-executor-0] INFO  impl.RaftServerProxy (RaftServerProxy.java:addNew(89)) - 754f3588-47e6-41ad-b34e-eb7041cce070: addNew group-F2DDEEF02D63:[754f3588-47e6-41ad-b34e-eb7041cce070:192.168.30.10:41089] returns group-F2DDEEF02D63:java.util.concurrent.CompletableFuture@7cbf3c7a[Not completed]
2019-09-25 05:52:29,175 [pool-47-thread-1] INFO  impl.RaftServerImpl (RaftServerImpl.java:<init>(95)) - 754f3588-47e6-41ad-b34e-eb7041cce070: new RaftServerImpl for group-F2DDEEF02D63:[754f3588-47e6-41ad-b34e-eb7041cce070:192.168.30.10:41089] with ContainerStateMachine:uninitialized
2019-09-25 05:52:29,175 [pool-47-thread-1] INFO  server.RaftServerConfigKeys (ConfUtils.java:logGet(43)) - raft.server.rpc.timeout.min = 5s (custom)
2019-09-25 05:52:29,175 [pool-47-thread-1] INFO  server.RaftServerConfigKeys (ConfUtils.java:logGet(43)) - raft.server.rpc.timeout.max = 5200ms (custom)
2019-09-25 05:52:29,175 [pool-47-thread-1] INFO  server.RaftServerConfigKeys (ConfUtils.java:logGet(43)) - raft.server.rpcslowness.timeout = 120s (custom)
2019-09-25 05:52:29,175 [pool-47-thread-1] INFO  server.RaftServerConfigKeys (ConfUtils.java:logGet(43)) - raft.server.sleep.deviation.threshold = 300 (default)
2019-09-25 05:52:29,175 [pool-47-thread-1] INFO  server.RaftServerConfigKeys (ConfUtils.java:logGet(43)) - raft.server.log.appender.install.snapshot.enabled = false (custom)
2019-09-25 05:52:29,175 [pool-47-thread-1] INFO  impl.RaftServerImpl (ServerState.java:<init>(103)) - 754f3588-47e6-41ad-b34e-eb7041cce070@group-F2DDEEF02D63: ConfigurationManager, init=-1: [754f3588-47e6-41ad-b34e-eb7041cce070:192.168.30.10:41089], old=null, confs=<EMPTY_MAP>
2019-09-25 05:52:29,176 [pool-47-thread-1] INFO  server.RaftServerConfigKeys (ConfUtils.java:logGet(43)) - raft.server.storage.dir = [/workdir/hadoop-ozone/integration-test/target/test-dir/MiniOzoneClusterImpl-5fae48a0-8517-4c16-9d39-4001697b8772/datanode-2/data/ratis] (custom)
2019-09-25 05:52:29,176 [pool-47-thread-1] INFO  storage.RaftStorageDirectory (RaftStorageDirectory.java:analyzeStorage(246)) - The storage directory /workdir/hadoop-ozone/integration-test/target/test-dir/MiniOzoneClusterImpl-5fae48a0-8517-4c16-9d39-4001697b8772/datanode-2/data/ratis/d3022b76-ea2d-4840-83ce-f2ddeef02d63 does not exist. Creating ...
2019-09-25 05:52:29,189 [pool-47-thread-1] INFO  storage.RaftStorageDirectory (RaftStorageDirectory.java:tryLock(328)) - Lock on /workdir/hadoop-ozone/integration-test/target/test-dir/MiniOzoneClusterImpl-5fae48a0-8517-4c16-9d39-4001697b8772/datanode-2/data/ratis/d3022b76-ea2d-4840-83ce-f2ddeef02d63/in_use.lock acquired by nodename 25594@pr-hdds-1569-s62bp-3040748787
2019-09-25 05:52:29,201 [pool-47-thread-1] INFO  storage.RaftStorage (RaftStorage.java:format(72)) - Storage directory /workdir/hadoop-ozone/integration-test/target/test-dir/MiniOzoneClusterImpl-5fae48a0-8517-4c16-9d39-4001697b8772/datanode-2/data/ratis/d3022b76-ea2d-4840-83ce-f2ddeef02d63 has been successfully formatted.
2019-09-25 05:52:29,201 [pool-47-thread-1] INFO  ratis.ContainerStateMachine (ContainerStateMachine.java:loadSnapshot(230)) - group-F2DDEEF02D63: The snapshot info is null. Setting the last applied indexto:(t:0, i:~)
2019-09-25 05:52:29,202 [pool-47-thread-1] INFO  server.RaftServerConfigKeys (ConfUtils.java:logGet(43)) - raft.server.notification.no-leader.timeout = 120s (custom)
2019-09-25 05:52:29,202 [pool-47-thread-1] INFO  server.RaftServerConfigKeys (ConfUtils.java:logGet(43)) - raft.server.log.use.memory = false (default)
2019-09-25 05:52:29,202 [pool-47-thread-1] INFO  server.RaftServerConfigKeys (ConfUtils.java:logGet(43)) - raft.server.log.purge.gap = 1000000 (custom)
2019-09-25 05:52:29,202 [pool-47-thread-1] INFO  server.RaftServerConfigKeys (ConfUtils.java:logGet(43)) - raft.server.log.appender.buffer.byte-limit = 33554432 (custom)
2019-09-25 05:52:29,202 [pool-47-thread-1] INFO  server.RaftServerConfigKeys (ConfUtils.java:logGet(43)) - raft.server.log.segment.size.max = 1048576 (custom)
2019-09-25 05:52:29,202 [pool-47-thread-1] INFO  server.RaftServerConfigKeys (ConfUtils.java:logGet(43)) - raft.server.log.segment.cache.num.max = 2 (custom)
2019-09-25 05:52:29,202 [pool-47-thread-1] INFO  segmented.SegmentedRaftLogWorker (SegmentedRaftLogWorker.java:<init>(172)) - new 754f3588-47e6-41ad-b34e-eb7041cce070@group-F2DDEEF02D63-SegmentedRaftLogWorker for RaftStorage:Storage Directory /workdir/hadoop-ozone/integration-test/target/test-dir/MiniOzoneClusterImpl-5fae48a0-8517-4c16-9d39-4001697b8772/datanode-2/data/ratis/d3022b76-ea2d-4840-83ce-f2ddeef02d63
2019-09-25 05:52:29,202 [pool-47-thread-1] INFO  server.RaftServerConfigKeys (ConfUtils.java:logGet(43)) - raft.server.log.queue.byte-limit = 2147483647 (custom)
2019-09-25 05:52:29,203 [pool-47-thread-1] INFO  server.RaftServerConfigKeys (ConfUtils.java:logGet(43)) - raft.server.log.queue.element-limit = 1024 (custom)
2019-09-25 05:52:29,203 [pool-47-thread-1] INFO  server.RaftServerConfigKeys (ConfUtils.java:logGet(43)) - raft.server.log.segment.size.max = 1048576 (custom)
2019-09-25 05:52:29,203 [pool-47-thread-1] INFO  server.RaftServerConfigKeys (ConfUtils.java:logGet(43)) - raft.server.log.preallocated.size = 16384 (custom)
2019-09-25 05:52:29,203 [pool-47-thread-1] INFO  server.RaftServerConfigKeys (ConfUtils.java:logGet(43)) - raft.server.log.write.buffer.size = 33554432 (custom)
2019-09-25 05:52:29,203 [pool-47-thread-1] INFO  server.RaftServerConfigKeys (ConfUtils.java:logGet(43)) - raft.server.log.force.sync.num = 128 (default)
2019-09-25 05:52:29,203 [pool-47-thread-1] INFO  server.RaftServerConfigKeys (ConfUtils.java:logGet(43)) - raft.server.log.statemachine.data.sync = true (default)
2019-09-25 05:52:29,203 [pool-47-thread-1] INFO  server.RaftServerConfigKeys (ConfUtils.java:logGet(43)) - raft.server.log.statemachine.data.sync.timeout = 10s (default)
2019-09-25 05:52:29,203 [pool-47-thread-1] INFO  server.RaftServerConfigKeys (ConfUtils.java:logGet(43)) - raft.server.log.statemachine.data.sync.timeout.retry = -1 (default)
2019-09-25 05:52:29,203 [pool-47-thread-1] INFO  server.RaftServerConfigKeys (ConfUtils.java:logGet(43)) - raft.server.log.statemachine.data.caching.enabled = true (custom)
2019-09-25 05:52:29,204 [pool-47-thread-1] INFO  segmented.SegmentedRaftLogWorker (SegmentedRaftLogWorker.java:lambda$new$0(132)) - 754f3588-47e6-41ad-b34e-eb7041cce070@group-F2DDEEF02D63-SegmentedRaftLogWorker: flushIndex: setUnconditionally 0 -> -1
2019-09-25 05:52:29,204 [pool-47-thread-1] INFO  server.RaftServerConfigKeys (ConfUtils.java:logGet(43)) - raft.server.snapshot.auto.trigger.enabled = true (custom)
2019-09-25 05:52:29,204 [pool-47-thread-1] INFO  server.RaftServerConfigKeys (ConfUtils.java:logGet(43)) - raft.server.snapshot.auto.trigger.threshold = 10000 (custom)
2019-09-25 05:52:29,204 [pool-47-thread-1] INFO  server.RaftServerConfigKeys (ConfUtils.java:logGet(43)) - raft.server.snapshot.retention.num.files = 5 (custom)
2019-09-25 05:52:29,204 [pool-47-thread-1] INFO  server.RaftServerConfigKeys (ConfUtils.java:logGet(43)) - raft.server.retrycache.expirytime = 600000ms (custom)
2019-09-25 05:52:29,206 [pool-47-thread-1] INFO  impl.RaftServerImpl (RaftServerImpl.java:start(185)) - 754f3588-47e6-41ad-b34e-eb7041cce070@group-F2DDEEF02D63: start as a follower, conf=-1: [754f3588-47e6-41ad-b34e-eb7041cce070:192.168.30.10:41089], old=null
2019-09-25 05:52:29,206 [pool-47-thread-1] INFO  impl.RaftServerImpl (RaftServerImpl.java:setRole(174)) - 754f3588-47e6-41ad-b34e-eb7041cce070@group-F2DDEEF02D63: changes role from      null to FOLLOWER at term 0 for startAsFollower
2019-09-25 05:52:29,207 [pool-47-thread-1] INFO  impl.RoleInfo (RoleInfo.java:updateAndGet(143)) - 754f3588-47e6-41ad-b34e-eb7041cce070: start FollowerState
2019-09-25 05:52:29,207 [pool-47-thread-1] INFO  util.JmxRegister (JmxRegister.java:tryRegister(44)) - Successfully registered JMX Bean with object name Ratis:service=RaftServer,group=group-F2DDEEF02D63,id=754f3588-47e6-41ad-b34e-eb7041cce070
2019-09-25 05:52:29,210 [RatisPipelineUtilsThread] INFO  pipeline.PipelineStateManager (PipelineStateManager.java:addPipeline(56)) - Created pipeline Pipeline[ Id: d3022b76-ea2d-4840-83ce-f2ddeef02d63, Nodes: 754f3588-47e6-41ad-b34e-eb7041cce070{ip: 192.168.30.10, host: pr-hdds-1569-s62bp-3040748787, networkLocation: /default-rack, certSerialId: null}, Type:RATIS, Factor:ONE, State:OPEN]
2019-09-25 05:52:29,216 [grpc-default-executor-0] INFO  impl.RaftServerProxy (RaftServerProxy.java:addNew(89)) - 5be219b2-97fd-4a8c-91ea-b15aa89454d4: addNew group-6C9390CD4265:[5be219b2-97fd-4a8c-91ea-b15aa89454d4:192.168.30.10:40625] returns group-6C9390CD4265:java.util.concurrent.CompletableFuture@d05119f[Not completed]
2019-09-25 05:52:29,217 [pool-37-thread-1] INFO  impl.RaftServerImpl (RaftServerImpl.java:<init>(95)) - 5be219b2-97fd-4a8c-91ea-b15aa89454d4: new RaftServerImpl for group-6C9390CD4265:[5be219b2-97fd-4a8c-91ea-b15aa89454d4:192.168.30.10:40625] with ContainerStateMachine:uninitialized
2019-09-25 05:52:29,217 [pool-37-thread-1] INFO  server.RaftServerConfigKeys (ConfUtils.java:logGet(43)) - raft.server.rpc.timeout.min = 5s (custom)
2019-09-25 05:52:29,218 [pool-37-thread-1] INFO  server.RaftServerConfigKeys (ConfUtils.java:logGet(43)) - raft.server.rpc.timeout.max = 5200ms (custom)
2019-09-25 05:52:29,218 [pool-37-thread-1] INFO  server.RaftServerConfigKeys (ConfUtils.java:logGet(43)) - raft.server.rpcslowness.timeout = 120s (custom)
2019-09-25 05:52:29,218 [pool-37-thread-1] INFO  server.RaftServerConfigKeys (ConfUtils.java:logGet(43)) - raft.server.sleep.deviation.threshold = 300 (default)
2019-09-25 05:52:29,218 [pool-37-thread-1] INFO  server.RaftServerConfigKeys (ConfUtils.java:logGet(43)) - raft.server.log.appender.install.snapshot.enabled = false (custom)
2019-09-25 05:52:29,218 [pool-37-thread-1] INFO  impl.RaftServerImpl (ServerState.java:<init>(103)) - 5be219b2-97fd-4a8c-91ea-b15aa89454d4@group-6C9390CD4265: ConfigurationManager, init=-1: [5be219b2-97fd-4a8c-91ea-b15aa89454d4:192.168.30.10:40625], old=null, confs=<EMPTY_MAP>
2019-09-25 05:52:29,218 [pool-37-thread-1] INFO  server.RaftServerConfigKeys (ConfUtils.java:logGet(43)) - raft.server.storage.dir = [/workdir/hadoop-ozone/integration-test/target/test-dir/MiniOzoneClusterImpl-5fae48a0-8517-4c16-9d39-4001697b8772/datanode-1/data/ratis] (custom)
2019-09-25 05:52:29,219 [pool-37-thread-1] INFO  storage.RaftStorageDirectory (RaftStorageDirectory.java:analyzeStorage(246)) - The storage directory /workdir/hadoop-ozone/integration-test/target/test-dir/MiniOzoneClusterImpl-5fae48a0-8517-4c16-9d39-4001697b8772/datanode-1/data/ratis/f0efa3f4-047d-420e-be0f-6c9390cd4265 does not exist. Creating ...
2019-09-25 05:52:29,231 [pool-37-thread-1] INFO  storage.RaftStorageDirectory (RaftStorageDirectory.java:tryLock(328)) - Lock on /workdir/hadoop-ozone/integration-test/target/test-dir/MiniOzoneClusterImpl-5fae48a0-8517-4c16-9d39-4001697b8772/datanode-1/data/ratis/f0efa3f4-047d-420e-be0f-6c9390cd4265/in_use.lock acquired by nodename 25594@pr-hdds-1569-s62bp-3040748787
2019-09-25 05:52:29,244 [pool-37-thread-1] INFO  storage.RaftStorage (RaftStorage.java:format(72)) - Storage directory /workdir/hadoop-ozone/integration-test/target/test-dir/MiniOzoneClusterImpl-5fae48a0-8517-4c16-9d39-4001697b8772/datanode-1/data/ratis/f0efa3f4-047d-420e-be0f-6c9390cd4265 has been successfully formatted.
2019-09-25 05:52:29,244 [pool-37-thread-1] INFO  ratis.ContainerStateMachine (ContainerStateMachine.java:loadSnapshot(230)) - group-6C9390CD4265: The snapshot info is null. Setting the last applied indexto:(t:0, i:~)
2019-09-25 05:52:29,245 [pool-37-thread-1] INFO  server.RaftServerConfigKeys (ConfUtils.java:logGet(43)) - raft.server.notification.no-leader.timeout = 120s (custom)
2019-09-25 05:52:29,245 [pool-37-thread-1] INFO  server.RaftServerConfigKeys (ConfUtils.java:logGet(43)) - raft.server.log.use.memory = false (default)
2019-09-25 05:52:29,245 [pool-37-thread-1] INFO  server.RaftServerConfigKeys (ConfUtils.java:logGet(43)) - raft.server.log.purge.gap = 1000000 (custom)
2019-09-25 05:52:29,245 [pool-37-thread-1] INFO  server.RaftServerConfigKeys (ConfUtils.java:logGet(43)) - raft.server.log.appender.buffer.byte-limit = 33554432 (custom)
2019-09-25 05:52:29,245 [pool-37-thread-1] INFO  server.RaftServerConfigKeys (ConfUtils.java:logGet(43)) - raft.server.log.segment.size.max = 1048576 (custom)
2019-09-25 05:52:29,245 [pool-37-thread-1] INFO  server.RaftServerConfigKeys (ConfUtils.java:logGet(43)) - raft.server.log.segment.cache.num.max = 2 (custom)
2019-09-25 05:52:29,245 [pool-37-thread-1] INFO  segmented.SegmentedRaftLogWorker (SegmentedRaftLogWorker.java:<init>(172)) - new 5be219b2-97fd-4a8c-91ea-b15aa89454d4@group-6C9390CD4265-SegmentedRaftLogWorker for RaftStorage:Storage Directory /workdir/hadoop-ozone/integration-test/target/test-dir/MiniOzoneClusterImpl-5fae48a0-8517-4c16-9d39-4001697b8772/datanode-1/data/ratis/f0efa3f4-047d-420e-be0f-6c9390cd4265
2019-09-25 05:52:29,245 [pool-37-thread-1] INFO  server.RaftServerConfigKeys (ConfUtils.java:logGet(43)) - raft.server.log.queue.byte-limit = 2147483647 (custom)
2019-09-25 05:52:29,245 [pool-37-thread-1] INFO  server.RaftServerConfigKeys (ConfUtils.java:logGet(43)) - raft.server.log.queue.element-limit = 1024 (custom)
2019-09-25 05:52:29,246 [pool-37-thread-1] INFO  server.RaftServerConfigKeys (ConfUtils.java:logGet(43)) - raft.server.log.segment.size.max = 1048576 (custom)
2019-09-25 05:52:29,246 [pool-37-thread-1] INFO  server.RaftServerConfigKeys (ConfUtils.java:logGet(43)) - raft.server.log.preallocated.size = 16384 (custom)
2019-09-25 05:52:29,246 [pool-37-thread-1] INFO  server.RaftServerConfigKeys (ConfUtils.java:logGet(43)) - raft.server.log.write.buffer.size = 33554432 (custom)
2019-09-25 05:52:29,246 [pool-37-thread-1] INFO  server.RaftServerConfigKeys (ConfUtils.java:logGet(43)) - raft.server.log.force.sync.num = 128 (default)
2019-09-25 05:52:29,246 [pool-37-thread-1] INFO  server.RaftServerConfigKeys (ConfUtils.java:logGet(43)) - raft.server.log.statemachine.data.sync = true (default)
2019-09-25 05:52:29,246 [pool-37-thread-1] INFO  server.RaftServerConfigKeys (ConfUtils.java:logGet(43)) - raft.server.log.statemachine.data.sync.timeout = 10s (default)
2019-09-25 05:52:29,246 [pool-37-thread-1] INFO  server.RaftServerConfigKeys (ConfUtils.java:logGet(43)) - raft.server.log.statemachine.data.sync.timeout.retry = -1 (default)
2019-09-25 05:52:29,246 [pool-37-thread-1] INFO  server.RaftServerConfigKeys (ConfUtils.java:logGet(43)) - raft.server.log.statemachine.data.caching.enabled = true (custom)
2019-09-25 05:52:29,247 [pool-37-thread-1] INFO  segmented.SegmentedRaftLogWorker (SegmentedRaftLogWorker.java:lambda$new$0(132)) - 5be219b2-97fd-4a8c-91ea-b15aa89454d4@group-6C9390CD4265-SegmentedRaftLogWorker: flushIndex: setUnconditionally 0 -> -1
2019-09-25 05:52:29,247 [pool-37-thread-1] INFO  server.RaftServerConfigKeys (ConfUtils.java:logGet(43)) - raft.server.snapshot.auto.trigger.enabled = true (custom)
2019-09-25 05:52:29,247 [pool-37-thread-1] INFO  server.RaftServerConfigKeys (ConfUtils.java:logGet(43)) - raft.server.snapshot.auto.trigger.threshold = 10000 (custom)
2019-09-25 05:52:29,247 [pool-37-thread-1] INFO  server.RaftServerConfigKeys (ConfUtils.java:logGet(43)) - raft.server.snapshot.retention.num.files = 5 (custom)
2019-09-25 05:52:29,247 [pool-37-thread-1] INFO  server.RaftServerConfigKeys (ConfUtils.java:logGet(43)) - raft.server.retrycache.expirytime = 600000ms (custom)
2019-09-25 05:52:29,249 [pool-37-thread-1] INFO  impl.RaftServerImpl (RaftServerImpl.java:start(185)) - 5be219b2-97fd-4a8c-91ea-b15aa89454d4@group-6C9390CD4265: start as a follower, conf=-1: [5be219b2-97fd-4a8c-91ea-b15aa89454d4:192.168.30.10:40625], old=null
2019-09-25 05:52:29,249 [pool-37-thread-1] INFO  impl.RaftServerImpl (RaftServerImpl.java:setRole(174)) - 5be219b2-97fd-4a8c-91ea-b15aa89454d4@group-6C9390CD4265: changes role from      null to FOLLOWER at term 0 for startAsFollower
2019-09-25 05:52:29,249 [pool-37-thread-1] INFO  impl.RoleInfo (RoleInfo.java:updateAndGet(143)) - 5be219b2-97fd-4a8c-91ea-b15aa89454d4: start FollowerState
2019-09-25 05:52:29,250 [pool-37-thread-1] INFO  util.JmxRegister (JmxRegister.java:tryRegister(44)) - Successfully registered JMX Bean with object name Ratis:service=RaftServer,group=group-6C9390CD4265,id=5be219b2-97fd-4a8c-91ea-b15aa89454d4
2019-09-25 05:52:29,253 [RatisPipelineUtilsThread] INFO  pipeline.PipelineStateManager (PipelineStateManager.java:addPipeline(56)) - Created pipeline Pipeline[ Id: f0efa3f4-047d-420e-be0f-6c9390cd4265, Nodes: 5be219b2-97fd-4a8c-91ea-b15aa89454d4{ip: 192.168.30.10, host: pr-hdds-1569-s62bp-3040748787, networkLocation: /default-rack, certSerialId: null}, Type:RATIS, Factor:ONE, State:OPEN]
2019-09-25 05:52:29,258 [grpc-default-executor-0] INFO  impl.RaftServerProxy (RaftServerProxy.java:addNew(89)) - 5be219b2-97fd-4a8c-91ea-b15aa89454d4: addNew group-C399077E4831:[5be219b2-97fd-4a8c-91ea-b15aa89454d4:192.168.30.10:40625] returns group-C399077E4831:java.util.concurrent.CompletableFuture@78524576[Not completed]
2019-09-25 05:52:29,259 [pool-37-thread-1] INFO  impl.RaftServerImpl (RaftServerImpl.java:<init>(95)) - 5be219b2-97fd-4a8c-91ea-b15aa89454d4: new RaftServerImpl for group-C399077E4831:[5be219b2-97fd-4a8c-91ea-b15aa89454d4:192.168.30.10:40625] with ContainerStateMachine:uninitialized
2019-09-25 05:52:29,259 [pool-37-thread-1] INFO  server.RaftServerConfigKeys (ConfUtils.java:logGet(43)) - raft.server.rpc.timeout.min = 5s (custom)
2019-09-25 05:52:29,259 [pool-37-thread-1] INFO  server.RaftServerConfigKeys (ConfUtils.java:logGet(43)) - raft.server.rpc.timeout.max = 5200ms (custom)
2019-09-25 05:52:29,259 [pool-37-thread-1] INFO  server.RaftServerConfigKeys (ConfUtils.java:logGet(43)) - raft.server.rpcslowness.timeout = 120s (custom)
2019-09-25 05:52:29,260 [pool-37-thread-1] INFO  server.RaftServerConfigKeys (ConfUtils.java:logGet(43)) - raft.server.sleep.deviation.threshold = 300 (default)
2019-09-25 05:52:29,260 [pool-37-thread-1] INFO  server.RaftServerConfigKeys (ConfUtils.java:logGet(43)) - raft.server.log.appender.install.snapshot.enabled = false (custom)
2019-09-25 05:52:29,260 [pool-37-thread-1] INFO  impl.RaftServerImpl (ServerState.java:<init>(103)) - 5be219b2-97fd-4a8c-91ea-b15aa89454d4@group-C399077E4831: ConfigurationManager, init=-1: [5be219b2-97fd-4a8c-91ea-b15aa89454d4:192.168.30.10:40625], old=null, confs=<EMPTY_MAP>
2019-09-25 05:52:29,260 [pool-37-thread-1] INFO  server.RaftServerConfigKeys (ConfUtils.java:logGet(43)) - raft.server.storage.dir = [/workdir/hadoop-ozone/integration-test/target/test-dir/MiniOzoneClusterImpl-5fae48a0-8517-4c16-9d39-4001697b8772/datanode-1/data/ratis] (custom)
2019-09-25 05:52:29,260 [pool-37-thread-1] INFO  storage.RaftStorageDirectory (RaftStorageDirectory.java:analyzeStorage(246)) - The storage directory /workdir/hadoop-ozone/integration-test/target/test-dir/MiniOzoneClusterImpl-5fae48a0-8517-4c16-9d39-4001697b8772/datanode-1/data/ratis/2852b813-d095-4d20-9f70-c399077e4831 does not exist. Creating ...
2019-09-25 05:52:29,273 [pool-37-thread-1] INFO  storage.RaftStorageDirectory (RaftStorageDirectory.java:tryLock(328)) - Lock on /workdir/hadoop-ozone/integration-test/target/test-dir/MiniOzoneClusterImpl-5fae48a0-8517-4c16-9d39-4001697b8772/datanode-1/data/ratis/2852b813-d095-4d20-9f70-c399077e4831/in_use.lock acquired by nodename 25594@pr-hdds-1569-s62bp-3040748787
2019-09-25 05:52:29,285 [pool-37-thread-1] INFO  storage.RaftStorage (RaftStorage.java:format(72)) - Storage directory /workdir/hadoop-ozone/integration-test/target/test-dir/MiniOzoneClusterImpl-5fae48a0-8517-4c16-9d39-4001697b8772/datanode-1/data/ratis/2852b813-d095-4d20-9f70-c399077e4831 has been successfully formatted.
2019-09-25 05:52:29,286 [pool-37-thread-1] INFO  ratis.ContainerStateMachine (ContainerStateMachine.java:loadSnapshot(230)) - group-C399077E4831: The snapshot info is null. Setting the last applied indexto:(t:0, i:~)
2019-09-25 05:52:29,286 [pool-37-thread-1] INFO  server.RaftServerConfigKeys (ConfUtils.java:logGet(43)) - raft.server.notification.no-leader.timeout = 120s (custom)
2019-09-25 05:52:29,286 [pool-37-thread-1] INFO  server.RaftServerConfigKeys (ConfUtils.java:logGet(43)) - raft.server.log.use.memory = false (default)
2019-09-25 05:52:29,286 [pool-37-thread-1] INFO  server.RaftServerConfigKeys (ConfUtils.java:logGet(43)) - raft.server.log.purge.gap = 1000000 (custom)
2019-09-25 05:52:29,286 [pool-37-thread-1] INFO  server.RaftServerConfigKeys (ConfUtils.java:logGet(43)) - raft.server.log.appender.buffer.byte-limit = 33554432 (custom)
2019-09-25 05:52:29,286 [pool-37-thread-1] INFO  server.RaftServerConfigKeys (ConfUtils.java:logGet(43)) - raft.server.log.segment.size.max = 1048576 (custom)
2019-09-25 05:52:29,287 [pool-37-thread-1] INFO  server.RaftServerConfigKeys (ConfUtils.java:logGet(43)) - raft.server.log.segment.cache.num.max = 2 (custom)
2019-09-25 05:52:29,287 [pool-37-thread-1] INFO  segmented.SegmentedRaftLogWorker (SegmentedRaftLogWorker.java:<init>(172)) - new 5be219b2-97fd-4a8c-91ea-b15aa89454d4@group-C399077E4831-SegmentedRaftLogWorker for RaftStorage:Storage Directory /workdir/hadoop-ozone/integration-test/target/test-dir/MiniOzoneClusterImpl-5fae48a0-8517-4c16-9d39-4001697b8772/datanode-1/data/ratis/2852b813-d095-4d20-9f70-c399077e4831
2019-09-25 05:52:29,287 [pool-37-thread-1] INFO  server.RaftServerConfigKeys (ConfUtils.java:logGet(43)) - raft.server.log.queue.byte-limit = 2147483647 (custom)
2019-09-25 05:52:29,287 [pool-37-thread-1] INFO  server.RaftServerConfigKeys (ConfUtils.java:logGet(43)) - raft.server.log.queue.element-limit = 1024 (custom)
2019-09-25 05:52:29,287 [pool-37-thread-1] INFO  server.RaftServerConfigKeys (ConfUtils.java:logGet(43)) - raft.server.log.segment.size.max = 1048576 (custom)
2019-09-25 05:52:29,287 [pool-37-thread-1] INFO  server.RaftServerConfigKeys (ConfUtils.java:logGet(43)) - raft.server.log.preallocated.size = 16384 (custom)
2019-09-25 05:52:29,287 [pool-37-thread-1] INFO  server.RaftServerConfigKeys (ConfUtils.java:logGet(43)) - raft.server.log.write.buffer.size = 33554432 (custom)
2019-09-25 05:52:29,287 [pool-37-thread-1] INFO  server.RaftServerConfigKeys (ConfUtils.java:logGet(43)) - raft.server.log.force.sync.num = 128 (default)
2019-09-25 05:52:29,287 [pool-37-thread-1] INFO  server.RaftServerConfigKeys (ConfUtils.java:logGet(43)) - raft.server.log.statemachine.data.sync = true (default)
2019-09-25 05:52:29,287 [pool-37-thread-1] INFO  server.RaftServerConfigKeys (ConfUtils.java:logGet(43)) - raft.server.log.statemachine.data.sync.timeout = 10s (default)
2019-09-25 05:52:29,288 [pool-37-thread-1] INFO  server.RaftServerConfigKeys (ConfUtils.java:logGet(43)) - raft.server.log.statemachine.data.sync.timeout.retry = -1 (default)
2019-09-25 05:52:29,288 [pool-37-thread-1] INFO  server.RaftServerConfigKeys (ConfUtils.java:logGet(43)) - raft.server.log.statemachine.data.caching.enabled = true (custom)
2019-09-25 05:52:29,288 [pool-37-thread-1] INFO  segmented.SegmentedRaftLogWorker (SegmentedRaftLogWorker.java:lambda$new$0(132)) - 5be219b2-97fd-4a8c-91ea-b15aa89454d4@group-C399077E4831-SegmentedRaftLogWorker: flushIndex: setUnconditionally 0 -> -1
2019-09-25 05:52:29,288 [pool-37-thread-1] INFO  server.RaftServerConfigKeys (ConfUtils.java:logGet(43)) - raft.server.snapshot.auto.trigger.enabled = true (custom)
2019-09-25 05:52:29,288 [pool-37-thread-1] INFO  server.RaftServerConfigKeys (ConfUtils.java:logGet(43)) - raft.server.snapshot.auto.trigger.threshold = 10000 (custom)
2019-09-25 05:52:29,288 [pool-37-thread-1] INFO  server.RaftServerConfigKeys (ConfUtils.java:logGet(43)) - raft.server.snapshot.retention.num.files = 5 (custom)
2019-09-25 05:52:29,288 [pool-37-thread-1] INFO  server.RaftServerConfigKeys (ConfUtils.java:logGet(43)) - raft.server.retrycache.expirytime = 600000ms (custom)
2019-09-25 05:52:29,290 [pool-37-thread-1] INFO  impl.RaftServerImpl (RaftServerImpl.java:start(185)) - 5be219b2-97fd-4a8c-91ea-b15aa89454d4@group-C399077E4831: start as a follower, conf=-1: [5be219b2-97fd-4a8c-91ea-b15aa89454d4:192.168.30.10:40625], old=null
2019-09-25 05:52:29,290 [pool-37-thread-1] INFO  impl.RaftServerImpl (RaftServerImpl.java:setRole(174)) - 5be219b2-97fd-4a8c-91ea-b15aa89454d4@group-C399077E4831: changes role from      null to FOLLOWER at term 0 for startAsFollower
2019-09-25 05:52:29,291 [pool-37-thread-1] INFO  impl.RoleInfo (RoleInfo.java:updateAndGet(143)) - 5be219b2-97fd-4a8c-91ea-b15aa89454d4: start FollowerState
2019-09-25 05:52:29,291 [pool-37-thread-1] INFO  util.JmxRegister (JmxRegister.java:tryRegister(44)) - Successfully registered JMX Bean with object name Ratis:service=RaftServer,group=group-C399077E4831,id=5be219b2-97fd-4a8c-91ea-b15aa89454d4
2019-09-25 05:52:29,295 [RatisPipelineUtilsThread] INFO  pipeline.PipelineStateManager (PipelineStateManager.java:addPipeline(56)) - Created pipeline Pipeline[ Id: 2852b813-d095-4d20-9f70-c399077e4831, Nodes: 5be219b2-97fd-4a8c-91ea-b15aa89454d4{ip: 192.168.30.10, host: pr-hdds-1569-s62bp-3040748787, networkLocation: /default-rack, certSerialId: null}, Type:RATIS, Factor:ONE, State:OPEN]
2019-09-25 05:52:29,300 [grpc-default-executor-0] INFO  impl.RaftServerProxy (RaftServerProxy.java:addNew(89)) - 0bbc1277-be6f-4bf3-88cf-1c3b12e139ad: addNew group-A417777BEC43:[0bbc1277-be6f-4bf3-88cf-1c3b12e139ad:192.168.30.10:46701] returns group-A417777BEC43:java.util.concurrent.CompletableFuture@6188f299[Not completed]
2019-09-25 05:52:29,301 [pool-27-thread-1] INFO  impl.RaftServerImpl (RaftServerImpl.java:<init>(95)) - 0bbc1277-be6f-4bf3-88cf-1c3b12e139ad: new RaftServerImpl for group-A417777BEC43:[0bbc1277-be6f-4bf3-88cf-1c3b12e139ad:192.168.30.10:46701] with ContainerStateMachine:uninitialized
2019-09-25 05:52:29,301 [pool-27-thread-1] INFO  server.RaftServerConfigKeys (ConfUtils.java:logGet(43)) - raft.server.rpc.timeout.min = 5s (custom)
2019-09-25 05:52:29,301 [pool-27-thread-1] INFO  server.RaftServerConfigKeys (ConfUtils.java:logGet(43)) - raft.server.rpc.timeout.max = 5200ms (custom)
2019-09-25 05:52:29,301 [pool-27-thread-1] INFO  server.RaftServerConfigKeys (ConfUtils.java:logGet(43)) - raft.server.rpcslowness.timeout = 120s (custom)
2019-09-25 05:52:29,302 [pool-27-thread-1] INFO  server.RaftServerConfigKeys (ConfUtils.java:logGet(43)) - raft.server.sleep.deviation.threshold = 300 (default)
2019-09-25 05:52:29,302 [pool-27-thread-1] INFO  server.RaftServerConfigKeys (ConfUtils.java:logGet(43)) - raft.server.log.appender.install.snapshot.enabled = false (custom)
2019-09-25 05:52:29,302 [pool-27-thread-1] INFO  impl.RaftServerImpl (ServerState.java:<init>(103)) - 0bbc1277-be6f-4bf3-88cf-1c3b12e139ad@group-A417777BEC43: ConfigurationManager, init=-1: [0bbc1277-be6f-4bf3-88cf-1c3b12e139ad:192.168.30.10:46701], old=null, confs=<EMPTY_MAP>
2019-09-25 05:52:29,302 [pool-27-thread-1] INFO  server.RaftServerConfigKeys (ConfUtils.java:logGet(43)) - raft.server.storage.dir = [/workdir/hadoop-ozone/integration-test/target/test-dir/MiniOzoneClusterImpl-5fae48a0-8517-4c16-9d39-4001697b8772/datanode-0/data/ratis] (custom)
2019-09-25 05:52:29,302 [pool-27-thread-1] INFO  storage.RaftStorageDirectory (RaftStorageDirectory.java:analyzeStorage(246)) - The storage directory /workdir/hadoop-ozone/integration-test/target/test-dir/MiniOzoneClusterImpl-5fae48a0-8517-4c16-9d39-4001697b8772/datanode-0/data/ratis/685ff8ed-4726-4782-a90e-a417777bec43 does not exist. Creating ...
2019-09-25 05:52:29,327 [pool-27-thread-1] INFO  storage.RaftStorageDirectory (RaftStorageDirectory.java:tryLock(328)) - Lock on /workdir/hadoop-ozone/integration-test/target/test-dir/MiniOzoneClusterImpl-5fae48a0-8517-4c16-9d39-4001697b8772/datanode-0/data/ratis/685ff8ed-4726-4782-a90e-a417777bec43/in_use.lock acquired by nodename 25594@pr-hdds-1569-s62bp-3040748787
2019-09-25 05:52:29,343 [pool-27-thread-1] INFO  storage.RaftStorage (RaftStorage.java:format(72)) - Storage directory /workdir/hadoop-ozone/integration-test/target/test-dir/MiniOzoneClusterImpl-5fae48a0-8517-4c16-9d39-4001697b8772/datanode-0/data/ratis/685ff8ed-4726-4782-a90e-a417777bec43 has been successfully formatted.
2019-09-25 05:52:29,344 [pool-27-thread-1] INFO  ratis.ContainerStateMachine (ContainerStateMachine.java:loadSnapshot(230)) - group-A417777BEC43: The snapshot info is null. Setting the last applied indexto:(t:0, i:~)
2019-09-25 05:52:29,344 [pool-27-thread-1] INFO  server.RaftServerConfigKeys (ConfUtils.java:logGet(43)) - raft.server.notification.no-leader.timeout = 120s (custom)
2019-09-25 05:52:29,344 [pool-27-thread-1] INFO  server.RaftServerConfigKeys (ConfUtils.java:logGet(43)) - raft.server.log.use.memory = false (default)
2019-09-25 05:52:29,344 [pool-27-thread-1] INFO  server.RaftServerConfigKeys (ConfUtils.java:logGet(43)) - raft.server.log.purge.gap = 1000000 (custom)
2019-09-25 05:52:29,344 [pool-27-thread-1] INFO  server.RaftServerConfigKeys (ConfUtils.java:logGet(43)) - raft.server.log.appender.buffer.byte-limit = 33554432 (custom)
2019-09-25 05:52:29,344 [pool-27-thread-1] INFO  server.RaftServerConfigKeys (ConfUtils.java:logGet(43)) - raft.server.log.segment.size.max = 1048576 (custom)
2019-09-25 05:52:29,344 [pool-27-thread-1] INFO  server.RaftServerConfigKeys (ConfUtils.java:logGet(43)) - raft.server.log.segment.cache.num.max = 2 (custom)
2019-09-25 05:52:29,344 [pool-27-thread-1] INFO  segmented.SegmentedRaftLogWorker (SegmentedRaftLogWorker.java:<init>(172)) - new 0bbc1277-be6f-4bf3-88cf-1c3b12e139ad@group-A417777BEC43-SegmentedRaftLogWorker for RaftStorage:Storage Directory /workdir/hadoop-ozone/integration-test/target/test-dir/MiniOzoneClusterImpl-5fae48a0-8517-4c16-9d39-4001697b8772/datanode-0/data/ratis/685ff8ed-4726-4782-a90e-a417777bec43
2019-09-25 05:52:29,344 [pool-27-thread-1] INFO  server.RaftServerConfigKeys (ConfUtils.java:logGet(43)) - raft.server.log.queue.byte-limit = 2147483647 (custom)
2019-09-25 05:52:29,344 [pool-27-thread-1] INFO  server.RaftServerConfigKeys (ConfUtils.java:logGet(43)) - raft.server.log.queue.element-limit = 1024 (custom)
2019-09-25 05:52:29,345 [pool-27-thread-1] INFO  server.RaftServerConfigKeys (ConfUtils.java:logGet(43)) - raft.server.log.segment.size.max = 1048576 (custom)
2019-09-25 05:52:29,345 [pool-27-thread-1] INFO  server.RaftServerConfigKeys (ConfUtils.java:logGet(43)) - raft.server.log.preallocated.size = 16384 (custom)
2019-09-25 05:52:29,345 [pool-27-thread-1] INFO  server.RaftServerConfigKeys (ConfUtils.java:logGet(43)) - raft.server.log.write.buffer.size = 33554432 (custom)
2019-09-25 05:52:29,345 [pool-27-thread-1] INFO  server.RaftServerConfigKeys (ConfUtils.java:logGet(43)) - raft.server.log.force.sync.num = 128 (default)
2019-09-25 05:52:29,345 [pool-27-thread-1] INFO  server.RaftServerConfigKeys (ConfUtils.java:logGet(43)) - raft.server.log.statemachine.data.sync = true (default)
2019-09-25 05:52:29,345 [pool-27-thread-1] INFO  server.RaftServerConfigKeys (ConfUtils.java:logGet(43)) - raft.server.log.statemachine.data.sync.timeout = 10s (default)
2019-09-25 05:52:29,345 [pool-27-thread-1] INFO  server.RaftServerConfigKeys (ConfUtils.java:logGet(43)) - raft.server.log.statemachine.data.sync.timeout.retry = -1 (default)
2019-09-25 05:52:29,345 [pool-27-thread-1] INFO  server.RaftServerConfigKeys (ConfUtils.java:logGet(43)) - raft.server.log.statemachine.data.caching.enabled = true (custom)
2019-09-25 05:52:29,346 [pool-27-thread-1] INFO  segmented.SegmentedRaftLogWorker (SegmentedRaftLogWorker.java:lambda$new$0(132)) - 0bbc1277-be6f-4bf3-88cf-1c3b12e139ad@group-A417777BEC43-SegmentedRaftLogWorker: flushIndex: setUnconditionally 0 -> -1
2019-09-25 05:52:29,346 [pool-27-thread-1] INFO  server.RaftServerConfigKeys (ConfUtils.java:logGet(43)) - raft.server.snapshot.auto.trigger.enabled = true (custom)
2019-09-25 05:52:29,346 [pool-27-thread-1] INFO  server.RaftServerConfigKeys (ConfUtils.java:logGet(43)) - raft.server.snapshot.auto.trigger.threshold = 10000 (custom)
2019-09-25 05:52:29,346 [pool-27-thread-1] INFO  server.RaftServerConfigKeys (ConfUtils.java:logGet(43)) - raft.server.snapshot.retention.num.files = 5 (custom)
2019-09-25 05:52:29,346 [pool-27-thread-1] INFO  server.RaftServerConfigKeys (ConfUtils.java:logGet(43)) - raft.server.retrycache.expirytime = 600000ms (custom)
2019-09-25 05:52:29,350 [pool-27-thread-1] INFO  impl.RaftServerImpl (RaftServerImpl.java:start(185)) - 0bbc1277-be6f-4bf3-88cf-1c3b12e139ad@group-A417777BEC43: start as a follower, conf=-1: [0bbc1277-be6f-4bf3-88cf-1c3b12e139ad:192.168.30.10:46701], old=null
2019-09-25 05:52:29,350 [pool-27-thread-1] INFO  impl.RaftServerImpl (RaftServerImpl.java:setRole(174)) - 0bbc1277-be6f-4bf3-88cf-1c3b12e139ad@group-A417777BEC43: changes role from      null to FOLLOWER at term 0 for startAsFollower
2019-09-25 05:52:29,351 [pool-27-thread-1] INFO  impl.RoleInfo (RoleInfo.java:updateAndGet(143)) - 0bbc1277-be6f-4bf3-88cf-1c3b12e139ad: start FollowerState
2019-09-25 05:52:29,351 [pool-27-thread-1] INFO  util.JmxRegister (JmxRegister.java:tryRegister(44)) - Successfully registered JMX Bean with object name Ratis:service=RaftServer,group=group-A417777BEC43,id=0bbc1277-be6f-4bf3-88cf-1c3b12e139ad
2019-09-25 05:52:29,354 [RatisPipelineUtilsThread] INFO  pipeline.PipelineStateManager (PipelineStateManager.java:addPipeline(56)) - Created pipeline Pipeline[ Id: 685ff8ed-4726-4782-a90e-a417777bec43, Nodes: 0bbc1277-be6f-4bf3-88cf-1c3b12e139ad{ip: 192.168.30.10, host: pr-hdds-1569-s62bp-3040748787, networkLocation: /default-rack, certSerialId: null}, Type:RATIS, Factor:ONE, State:OPEN]
2019-09-25 05:52:29,359 [grpc-default-executor-0] INFO  impl.RaftServerProxy (RaftServerProxy.java:addNew(89)) - 754f3588-47e6-41ad-b34e-eb7041cce070: addNew group-11761E566D3B:[754f3588-47e6-41ad-b34e-eb7041cce070:192.168.30.10:41089] returns group-11761E566D3B:java.util.concurrent.CompletableFuture@2960d166[Not completed]
2019-09-25 05:52:29,361 [pool-47-thread-1] INFO  impl.RaftServerImpl (RaftServerImpl.java:<init>(95)) - 754f3588-47e6-41ad-b34e-eb7041cce070: new RaftServerImpl for group-11761E566D3B:[754f3588-47e6-41ad-b34e-eb7041cce070:192.168.30.10:41089] with ContainerStateMachine:uninitialized
2019-09-25 05:52:29,361 [pool-47-thread-1] INFO  server.RaftServerConfigKeys (ConfUtils.java:logGet(43)) - raft.server.rpc.timeout.min = 5s (custom)
2019-09-25 05:52:29,361 [pool-47-thread-1] INFO  server.RaftServerConfigKeys (ConfUtils.java:logGet(43)) - raft.server.rpc.timeout.max = 5200ms (custom)
2019-09-25 05:52:29,361 [pool-47-thread-1] INFO  server.RaftServerConfigKeys (ConfUtils.java:logGet(43)) - raft.server.rpcslowness.timeout = 120s (custom)
2019-09-25 05:52:29,361 [pool-47-thread-1] INFO  server.RaftServerConfigKeys (ConfUtils.java:logGet(43)) - raft.server.sleep.deviation.threshold = 300 (default)
2019-09-25 05:52:29,361 [pool-47-thread-1] INFO  server.RaftServerConfigKeys (ConfUtils.java:logGet(43)) - raft.server.log.appender.install.snapshot.enabled = false (custom)
2019-09-25 05:52:29,362 [pool-47-thread-1] INFO  impl.RaftServerImpl (ServerState.java:<init>(103)) - 754f3588-47e6-41ad-b34e-eb7041cce070@group-11761E566D3B: ConfigurationManager, init=-1: [754f3588-47e6-41ad-b34e-eb7041cce070:192.168.30.10:41089], old=null, confs=<EMPTY_MAP>
2019-09-25 05:52:29,362 [pool-47-thread-1] INFO  server.RaftServerConfigKeys (ConfUtils.java:logGet(43)) - raft.server.storage.dir = [/workdir/hadoop-ozone/integration-test/target/test-dir/MiniOzoneClusterImpl-5fae48a0-8517-4c16-9d39-4001697b8772/datanode-2/data/ratis] (custom)
2019-09-25 05:52:29,362 [pool-47-thread-1] INFO  storage.RaftStorageDirectory (RaftStorageDirectory.java:analyzeStorage(246)) - The storage directory /workdir/hadoop-ozone/integration-test/target/test-dir/MiniOzoneClusterImpl-5fae48a0-8517-4c16-9d39-4001697b8772/datanode-2/data/ratis/365754aa-4ddc-4b64-9409-11761e566d3b does not exist. Creating ...
2019-09-25 05:52:29,375 [pool-47-thread-1] INFO  storage.RaftStorageDirectory (RaftStorageDirectory.java:tryLock(328)) - Lock on /workdir/hadoop-ozone/integration-test/target/test-dir/MiniOzoneClusterImpl-5fae48a0-8517-4c16-9d39-4001697b8772/datanode-2/data/ratis/365754aa-4ddc-4b64-9409-11761e566d3b/in_use.lock acquired by nodename 25594@pr-hdds-1569-s62bp-3040748787
2019-09-25 05:52:29,388 [pool-47-thread-1] INFO  storage.RaftStorage (RaftStorage.java:format(72)) - Storage directory /workdir/hadoop-ozone/integration-test/target/test-dir/MiniOzoneClusterImpl-5fae48a0-8517-4c16-9d39-4001697b8772/datanode-2/data/ratis/365754aa-4ddc-4b64-9409-11761e566d3b has been successfully formatted.
2019-09-25 05:52:29,388 [pool-47-thread-1] INFO  ratis.ContainerStateMachine (ContainerStateMachine.java:loadSnapshot(230)) - group-11761E566D3B: The snapshot info is null. Setting the last applied indexto:(t:0, i:~)
2019-09-25 05:52:29,388 [pool-47-thread-1] INFO  server.RaftServerConfigKeys (ConfUtils.java:logGet(43)) - raft.server.notification.no-leader.timeout = 120s (custom)
2019-09-25 05:52:29,388 [pool-47-thread-1] INFO  server.RaftServerConfigKeys (ConfUtils.java:logGet(43)) - raft.server.log.use.memory = false (default)
2019-09-25 05:52:29,389 [pool-47-thread-1] INFO  server.RaftServerConfigKeys (ConfUtils.java:logGet(43)) - raft.server.log.purge.gap = 1000000 (custom)
2019-09-25 05:52:29,389 [pool-47-thread-1] INFO  server.RaftServerConfigKeys (ConfUtils.java:logGet(43)) - raft.server.log.appender.buffer.byte-limit = 33554432 (custom)
2019-09-25 05:52:29,389 [pool-47-thread-1] INFO  server.RaftServerConfigKeys (ConfUtils.java:logGet(43)) - raft.server.log.segment.size.max = 1048576 (custom)
2019-09-25 05:52:29,389 [pool-47-thread-1] INFO  server.RaftServerConfigKeys (ConfUtils.java:logGet(43)) - raft.server.log.segment.cache.num.max = 2 (custom)
2019-09-25 05:52:29,389 [pool-47-thread-1] INFO  segmented.SegmentedRaftLogWorker (SegmentedRaftLogWorker.java:<init>(172)) - new 754f3588-47e6-41ad-b34e-eb7041cce070@group-11761E566D3B-SegmentedRaftLogWorker for RaftStorage:Storage Directory /workdir/hadoop-ozone/integration-test/target/test-dir/MiniOzoneClusterImpl-5fae48a0-8517-4c16-9d39-4001697b8772/datanode-2/data/ratis/365754aa-4ddc-4b64-9409-11761e566d3b
2019-09-25 05:52:29,389 [pool-47-thread-1] INFO  server.RaftServerConfigKeys (ConfUtils.java:logGet(43)) - raft.server.log.queue.byte-limit = 2147483647 (custom)
2019-09-25 05:52:29,389 [pool-47-thread-1] INFO  server.RaftServerConfigKeys (ConfUtils.java:logGet(43)) - raft.server.log.queue.element-limit = 1024 (custom)
2019-09-25 05:52:29,390 [pool-47-thread-1] INFO  server.RaftServerConfigKeys (ConfUtils.java:logGet(43)) - raft.server.log.segment.size.max = 1048576 (custom)
2019-09-25 05:52:29,390 [pool-47-thread-1] INFO  server.RaftServerConfigKeys (ConfUtils.java:logGet(43)) - raft.server.log.preallocated.size = 16384 (custom)
2019-09-25 05:52:29,390 [pool-47-thread-1] INFO  server.RaftServerConfigKeys (ConfUtils.java:logGet(43)) - raft.server.log.write.buffer.size = 33554432 (custom)
2019-09-25 05:52:29,390 [pool-47-thread-1] INFO  server.RaftServerConfigKeys (ConfUtils.java:logGet(43)) - raft.server.log.force.sync.num = 128 (default)
2019-09-25 05:52:29,390 [pool-47-thread-1] INFO  server.RaftServerConfigKeys (ConfUtils.java:logGet(43)) - raft.server.log.statemachine.data.sync = true (default)
2019-09-25 05:52:29,390 [pool-47-thread-1] INFO  server.RaftServerConfigKeys (ConfUtils.java:logGet(43)) - raft.server.log.statemachine.data.sync.timeout = 10s (default)
2019-09-25 05:52:29,390 [pool-47-thread-1] INFO  server.RaftServerConfigKeys (ConfUtils.java:logGet(43)) - raft.server.log.statemachine.data.sync.timeout.retry = -1 (default)
2019-09-25 05:52:29,390 [pool-47-thread-1] INFO  server.RaftServerConfigKeys (ConfUtils.java:logGet(43)) - raft.server.log.statemachine.data.caching.enabled = true (custom)
2019-09-25 05:52:29,391 [pool-47-thread-1] INFO  segmented.SegmentedRaftLogWorker (SegmentedRaftLogWorker.java:lambda$new$0(132)) - 754f3588-47e6-41ad-b34e-eb7041cce070@group-11761E566D3B-SegmentedRaftLogWorker: flushIndex: setUnconditionally 0 -> -1
2019-09-25 05:52:29,391 [pool-47-thread-1] INFO  server.RaftServerConfigKeys (ConfUtils.java:logGet(43)) - raft.server.snapshot.auto.trigger.enabled = true (custom)
2019-09-25 05:52:29,391 [pool-47-thread-1] INFO  server.RaftServerConfigKeys (ConfUtils.java:logGet(43)) - raft.server.snapshot.auto.trigger.threshold = 10000 (custom)
2019-09-25 05:52:29,391 [pool-47-thread-1] INFO  server.RaftServerConfigKeys (ConfUtils.java:logGet(43)) - raft.server.snapshot.retention.num.files = 5 (custom)
2019-09-25 05:52:29,392 [pool-47-thread-1] INFO  server.RaftServerConfigKeys (ConfUtils.java:logGet(43)) - raft.server.retrycache.expirytime = 600000ms (custom)
2019-09-25 05:52:29,394 [pool-47-thread-1] INFO  impl.RaftServerImpl (RaftServerImpl.java:start(185)) - 754f3588-47e6-41ad-b34e-eb7041cce070@group-11761E566D3B: start as a follower, conf=-1: [754f3588-47e6-41ad-b34e-eb7041cce070:192.168.30.10:41089], old=null
2019-09-25 05:52:29,394 [pool-47-thread-1] INFO  impl.RaftServerImpl (RaftServerImpl.java:setRole(174)) - 754f3588-47e6-41ad-b34e-eb7041cce070@group-11761E566D3B: changes role from      null to FOLLOWER at term 0 for startAsFollower
2019-09-25 05:52:29,394 [pool-47-thread-1] INFO  impl.RoleInfo (RoleInfo.java:updateAndGet(143)) - 754f3588-47e6-41ad-b34e-eb7041cce070: start FollowerState
2019-09-25 05:52:29,395 [pool-47-thread-1] INFO  util.JmxRegister (JmxRegister.java:tryRegister(44)) - Successfully registered JMX Bean with object name Ratis:service=RaftServer,group=group-11761E566D3B,id=754f3588-47e6-41ad-b34e-eb7041cce070
2019-09-25 05:52:29,400 [RatisPipelineUtilsThread] INFO  pipeline.PipelineStateManager (PipelineStateManager.java:addPipeline(56)) - Created pipeline Pipeline[ Id: 365754aa-4ddc-4b64-9409-11761e566d3b, Nodes: 754f3588-47e6-41ad-b34e-eb7041cce070{ip: 192.168.30.10, host: pr-hdds-1569-s62bp-3040748787, networkLocation: /default-rack, certSerialId: null}, Type:RATIS, Factor:ONE, State:OPEN]
2019-09-25 05:52:29,405 [grpc-default-executor-0] INFO  impl.RaftServerProxy (RaftServerProxy.java:addNew(89)) - 5be219b2-97fd-4a8c-91ea-b15aa89454d4: addNew group-D8755F6DAC73:[5be219b2-97fd-4a8c-91ea-b15aa89454d4:192.168.30.10:40625] returns group-D8755F6DAC73:java.util.concurrent.CompletableFuture@6f4d4e6e[Not completed]
2019-09-25 05:52:29,407 [pool-37-thread-1] INFO  impl.RaftServerImpl (RaftServerImpl.java:<init>(95)) - 5be219b2-97fd-4a8c-91ea-b15aa89454d4: new RaftServerImpl for group-D8755F6DAC73:[5be219b2-97fd-4a8c-91ea-b15aa89454d4:192.168.30.10:40625] with ContainerStateMachine:uninitialized
2019-09-25 05:52:29,407 [pool-37-thread-1] INFO  server.RaftServerConfigKeys (ConfUtils.java:logGet(43)) - raft.server.rpc.timeout.min = 5s (custom)
2019-09-25 05:52:29,407 [pool-37-thread-1] INFO  server.RaftServerConfigKeys (ConfUtils.java:logGet(43)) - raft.server.rpc.timeout.max = 5200ms (custom)
2019-09-25 05:52:29,407 [pool-37-thread-1] INFO  server.RaftServerConfigKeys (ConfUtils.java:logGet(43)) - raft.server.rpcslowness.timeout = 120s (custom)
2019-09-25 05:52:29,407 [pool-37-thread-1] INFO  server.RaftServerConfigKeys (ConfUtils.java:logGet(43)) - raft.server.sleep.deviation.threshold = 300 (default)
2019-09-25 05:52:29,407 [pool-37-thread-1] INFO  server.RaftServerConfigKeys (ConfUtils.java:logGet(43)) - raft.server.log.appender.install.snapshot.enabled = false (custom)
2019-09-25 05:52:29,407 [pool-37-thread-1] INFO  impl.RaftServerImpl (ServerState.java:<init>(103)) - 5be219b2-97fd-4a8c-91ea-b15aa89454d4@group-D8755F6DAC73: ConfigurationManager, init=-1: [5be219b2-97fd-4a8c-91ea-b15aa89454d4:192.168.30.10:40625], old=null, confs=<EMPTY_MAP>
2019-09-25 05:52:29,408 [pool-37-thread-1] INFO  server.RaftServerConfigKeys (ConfUtils.java:logGet(43)) - raft.server.storage.dir = [/workdir/hadoop-ozone/integration-test/target/test-dir/MiniOzoneClusterImpl-5fae48a0-8517-4c16-9d39-4001697b8772/datanode-1/data/ratis] (custom)
2019-09-25 05:52:29,408 [pool-37-thread-1] INFO  storage.RaftStorageDirectory (RaftStorageDirectory.java:analyzeStorage(246)) - The storage directory /workdir/hadoop-ozone/integration-test/target/test-dir/MiniOzoneClusterImpl-5fae48a0-8517-4c16-9d39-4001697b8772/datanode-1/data/ratis/fcd38b64-aa4f-424b-bea9-d8755f6dac73 does not exist. Creating ...
2019-09-25 05:52:29,421 [pool-37-thread-1] INFO  storage.RaftStorageDirectory (RaftStorageDirectory.java:tryLock(328)) - Lock on /workdir/hadoop-ozone/integration-test/target/test-dir/MiniOzoneClusterImpl-5fae48a0-8517-4c16-9d39-4001697b8772/datanode-1/data/ratis/fcd38b64-aa4f-424b-bea9-d8755f6dac73/in_use.lock acquired by nodename 25594@pr-hdds-1569-s62bp-3040748787
2019-09-25 05:52:29,435 [pool-37-thread-1] INFO  storage.RaftStorage (RaftStorage.java:format(72)) - Storage directory /workdir/hadoop-ozone/integration-test/target/test-dir/MiniOzoneClusterImpl-5fae48a0-8517-4c16-9d39-4001697b8772/datanode-1/data/ratis/fcd38b64-aa4f-424b-bea9-d8755f6dac73 has been successfully formatted.
2019-09-25 05:52:29,435 [pool-37-thread-1] INFO  ratis.ContainerStateMachine (ContainerStateMachine.java:loadSnapshot(230)) - group-D8755F6DAC73: The snapshot info is null. Setting the last applied indexto:(t:0, i:~)
2019-09-25 05:52:29,435 [pool-37-thread-1] INFO  server.RaftServerConfigKeys (ConfUtils.java:logGet(43)) - raft.server.notification.no-leader.timeout = 120s (custom)
2019-09-25 05:52:29,435 [pool-37-thread-1] INFO  server.RaftServerConfigKeys (ConfUtils.java:logGet(43)) - raft.server.log.use.memory = false (default)
2019-09-25 05:52:29,436 [pool-37-thread-1] INFO  server.RaftServerConfigKeys (ConfUtils.java:logGet(43)) - raft.server.log.purge.gap = 1000000 (custom)
2019-09-25 05:52:29,436 [pool-37-thread-1] INFO  server.RaftServerConfigKeys (ConfUtils.java:logGet(43)) - raft.server.log.appender.buffer.byte-limit = 33554432 (custom)
2019-09-25 05:52:29,436 [pool-37-thread-1] INFO  server.RaftServerConfigKeys (ConfUtils.java:logGet(43)) - raft.server.log.segment.size.max = 1048576 (custom)
2019-09-25 05:52:29,436 [pool-37-thread-1] INFO  server.RaftServerConfigKeys (ConfUtils.java:logGet(43)) - raft.server.log.segment.cache.num.max = 2 (custom)
2019-09-25 05:52:29,436 [pool-37-thread-1] INFO  segmented.SegmentedRaftLogWorker (SegmentedRaftLogWorker.java:<init>(172)) - new 5be219b2-97fd-4a8c-91ea-b15aa89454d4@group-D8755F6DAC73-SegmentedRaftLogWorker for RaftStorage:Storage Directory /workdir/hadoop-ozone/integration-test/target/test-dir/MiniOzoneClusterImpl-5fae48a0-8517-4c16-9d39-4001697b8772/datanode-1/data/ratis/fcd38b64-aa4f-424b-bea9-d8755f6dac73
2019-09-25 05:52:29,436 [pool-37-thread-1] INFO  server.RaftServerConfigKeys (ConfUtils.java:logGet(43)) - raft.server.log.queue.byte-limit = 2147483647 (custom)
2019-09-25 05:52:29,436 [pool-37-thread-1] INFO  server.RaftServerConfigKeys (ConfUtils.java:logGet(43)) - raft.server.log.queue.element-limit = 1024 (custom)
2019-09-25 05:52:29,436 [pool-37-thread-1] INFO  server.RaftServerConfigKeys (ConfUtils.java:logGet(43)) - raft.server.log.segment.size.max = 1048576 (custom)
2019-09-25 05:52:29,437 [pool-37-thread-1] INFO  server.RaftServerConfigKeys (ConfUtils.java:logGet(43)) - raft.server.log.preallocated.size = 16384 (custom)
2019-09-25 05:52:29,437 [pool-37-thread-1] INFO  server.RaftServerConfigKeys (ConfUtils.java:logGet(43)) - raft.server.log.write.buffer.size = 33554432 (custom)
2019-09-25 05:52:29,437 [pool-37-thread-1] INFO  server.RaftServerConfigKeys (ConfUtils.java:logGet(43)) - raft.server.log.force.sync.num = 128 (default)
2019-09-25 05:52:29,437 [pool-37-thread-1] INFO  server.RaftServerConfigKeys (ConfUtils.java:logGet(43)) - raft.server.log.statemachine.data.sync = true (default)
2019-09-25 05:52:29,437 [pool-37-thread-1] INFO  server.RaftServerConfigKeys (ConfUtils.java:logGet(43)) - raft.server.log.statemachine.data.sync.timeout = 10s (default)
2019-09-25 05:52:29,437 [pool-37-thread-1] INFO  server.RaftServerConfigKeys (ConfUtils.java:logGet(43)) - raft.server.log.statemachine.data.sync.timeout.retry = -1 (default)
2019-09-25 05:52:29,437 [pool-37-thread-1] INFO  server.RaftServerConfigKeys (ConfUtils.java:logGet(43)) - raft.server.log.statemachine.data.caching.enabled = true (custom)
2019-09-25 05:52:29,438 [pool-37-thread-1] INFO  segmented.SegmentedRaftLogWorker (SegmentedRaftLogWorker.java:lambda$new$0(132)) - 5be219b2-97fd-4a8c-91ea-b15aa89454d4@group-D8755F6DAC73-SegmentedRaftLogWorker: flushIndex: setUnconditionally 0 -> -1
2019-09-25 05:52:29,438 [pool-37-thread-1] INFO  server.RaftServerConfigKeys (ConfUtils.java:logGet(43)) - raft.server.snapshot.auto.trigger.enabled = true (custom)
2019-09-25 05:52:29,438 [pool-37-thread-1] INFO  server.RaftServerConfigKeys (ConfUtils.java:logGet(43)) - raft.server.snapshot.auto.trigger.threshold = 10000 (custom)
2019-09-25 05:52:29,438 [pool-37-thread-1] INFO  server.RaftServerConfigKeys (ConfUtils.java:logGet(43)) - raft.server.snapshot.retention.num.files = 5 (custom)
2019-09-25 05:52:29,438 [pool-37-thread-1] INFO  server.RaftServerConfigKeys (ConfUtils.java:logGet(43)) - raft.server.retrycache.expirytime = 600000ms (custom)
2019-09-25 05:52:29,442 [pool-37-thread-1] INFO  impl.RaftServerImpl (RaftServerImpl.java:start(185)) - 5be219b2-97fd-4a8c-91ea-b15aa89454d4@group-D8755F6DAC73: start as a follower, conf=-1: [5be219b2-97fd-4a8c-91ea-b15aa89454d4:192.168.30.10:40625], old=null
2019-09-25 05:52:29,443 [pool-37-thread-1] INFO  impl.RaftServerImpl (RaftServerImpl.java:setRole(174)) - 5be219b2-97fd-4a8c-91ea-b15aa89454d4@group-D8755F6DAC73: changes role from      null to FOLLOWER at term 0 for startAsFollower
2019-09-25 05:52:29,443 [pool-37-thread-1] INFO  impl.RoleInfo (RoleInfo.java:updateAndGet(143)) - 5be219b2-97fd-4a8c-91ea-b15aa89454d4: start FollowerState
2019-09-25 05:52:29,443 [pool-37-thread-1] INFO  util.JmxRegister (JmxRegister.java:tryRegister(44)) - Successfully registered JMX Bean with object name Ratis:service=RaftServer,group=group-D8755F6DAC73,id=5be219b2-97fd-4a8c-91ea-b15aa89454d4
2019-09-25 05:52:29,446 [RatisPipelineUtilsThread] INFO  pipeline.PipelineStateManager (PipelineStateManager.java:addPipeline(56)) - Created pipeline Pipeline[ Id: fcd38b64-aa4f-424b-bea9-d8755f6dac73, Nodes: 5be219b2-97fd-4a8c-91ea-b15aa89454d4{ip: 192.168.30.10, host: pr-hdds-1569-s62bp-3040748787, networkLocation: /default-rack, certSerialId: null}, Type:RATIS, Factor:ONE, State:OPEN]
2019-09-25 05:52:29,452 [grpc-default-executor-0] INFO  impl.RaftServerProxy (RaftServerProxy.java:addNew(89)) - 0bbc1277-be6f-4bf3-88cf-1c3b12e139ad: addNew group-F4B2B6AE29C0:[0bbc1277-be6f-4bf3-88cf-1c3b12e139ad:192.168.30.10:46701] returns group-F4B2B6AE29C0:java.util.concurrent.CompletableFuture@198f8dcf[Not completed]
2019-09-25 05:52:29,453 [pool-27-thread-1] INFO  impl.RaftServerImpl (RaftServerImpl.java:<init>(95)) - 0bbc1277-be6f-4bf3-88cf-1c3b12e139ad: new RaftServerImpl for group-F4B2B6AE29C0:[0bbc1277-be6f-4bf3-88cf-1c3b12e139ad:192.168.30.10:46701] with ContainerStateMachine:uninitialized
2019-09-25 05:52:29,453 [pool-27-thread-1] INFO  server.RaftServerConfigKeys (ConfUtils.java:logGet(43)) - raft.server.rpc.timeout.min = 5s (custom)
2019-09-25 05:52:29,453 [pool-27-thread-1] INFO  server.RaftServerConfigKeys (ConfUtils.java:logGet(43)) - raft.server.rpc.timeout.max = 5200ms (custom)
2019-09-25 05:52:29,453 [pool-27-thread-1] INFO  server.RaftServerConfigKeys (ConfUtils.java:logGet(43)) - raft.server.rpcslowness.timeout = 120s (custom)
2019-09-25 05:52:29,453 [pool-27-thread-1] INFO  server.RaftServerConfigKeys (ConfUtils.java:logGet(43)) - raft.server.sleep.deviation.threshold = 300 (default)
2019-09-25 05:52:29,453 [pool-27-thread-1] INFO  server.RaftServerConfigKeys (ConfUtils.java:logGet(43)) - raft.server.log.appender.install.snapshot.enabled = false (custom)
2019-09-25 05:52:29,453 [pool-27-thread-1] INFO  impl.RaftServerImpl (ServerState.java:<init>(103)) - 0bbc1277-be6f-4bf3-88cf-1c3b12e139ad@group-F4B2B6AE29C0: ConfigurationManager, init=-1: [0bbc1277-be6f-4bf3-88cf-1c3b12e139ad:192.168.30.10:46701], old=null, confs=<EMPTY_MAP>
2019-09-25 05:52:29,454 [pool-27-thread-1] INFO  server.RaftServerConfigKeys (ConfUtils.java:logGet(43)) - raft.server.storage.dir = [/workdir/hadoop-ozone/integration-test/target/test-dir/MiniOzoneClusterImpl-5fae48a0-8517-4c16-9d39-4001697b8772/datanode-0/data/ratis] (custom)
2019-09-25 05:52:29,454 [pool-27-thread-1] INFO  storage.RaftStorageDirectory (RaftStorageDirectory.java:analyzeStorage(246)) - The storage directory /workdir/hadoop-ozone/integration-test/target/test-dir/MiniOzoneClusterImpl-5fae48a0-8517-4c16-9d39-4001697b8772/datanode-0/data/ratis/8ebd9951-991d-4cb1-ab51-f4b2b6ae29c0 does not exist. Creating ...
2019-09-25 05:52:29,467 [pool-27-thread-1] INFO  storage.RaftStorageDirectory (RaftStorageDirectory.java:tryLock(328)) - Lock on /workdir/hadoop-ozone/integration-test/target/test-dir/MiniOzoneClusterImpl-5fae48a0-8517-4c16-9d39-4001697b8772/datanode-0/data/ratis/8ebd9951-991d-4cb1-ab51-f4b2b6ae29c0/in_use.lock acquired by nodename 25594@pr-hdds-1569-s62bp-3040748787
2019-09-25 05:52:29,480 [pool-27-thread-1] INFO  storage.RaftStorage (RaftStorage.java:format(72)) - Storage directory /workdir/hadoop-ozone/integration-test/target/test-dir/MiniOzoneClusterImpl-5fae48a0-8517-4c16-9d39-4001697b8772/datanode-0/data/ratis/8ebd9951-991d-4cb1-ab51-f4b2b6ae29c0 has been successfully formatted.
2019-09-25 05:52:29,480 [pool-27-thread-1] INFO  ratis.ContainerStateMachine (ContainerStateMachine.java:loadSnapshot(230)) - group-F4B2B6AE29C0: The snapshot info is null. Setting the last applied indexto:(t:0, i:~)
2019-09-25 05:52:29,480 [pool-27-thread-1] INFO  server.RaftServerConfigKeys (ConfUtils.java:logGet(43)) - raft.server.notification.no-leader.timeout = 120s (custom)
2019-09-25 05:52:29,480 [pool-27-thread-1] INFO  server.RaftServerConfigKeys (ConfUtils.java:logGet(43)) - raft.server.log.use.memory = false (default)
2019-09-25 05:52:29,481 [pool-27-thread-1] INFO  server.RaftServerConfigKeys (ConfUtils.java:logGet(43)) - raft.server.log.purge.gap = 1000000 (custom)
2019-09-25 05:52:29,481 [pool-27-thread-1] INFO  server.RaftServerConfigKeys (ConfUtils.java:logGet(43)) - raft.server.log.appender.buffer.byte-limit = 33554432 (custom)
2019-09-25 05:52:29,481 [pool-27-thread-1] INFO  server.RaftServerConfigKeys (ConfUtils.java:logGet(43)) - raft.server.log.segment.size.max = 1048576 (custom)
2019-09-25 05:52:29,481 [pool-27-thread-1] INFO  server.RaftServerConfigKeys (ConfUtils.java:logGet(43)) - raft.server.log.segment.cache.num.max = 2 (custom)
2019-09-25 05:52:29,481 [pool-27-thread-1] INFO  segmented.SegmentedRaftLogWorker (SegmentedRaftLogWorker.java:<init>(172)) - new 0bbc1277-be6f-4bf3-88cf-1c3b12e139ad@group-F4B2B6AE29C0-SegmentedRaftLogWorker for RaftStorage:Storage Directory /workdir/hadoop-ozone/integration-test/target/test-dir/MiniOzoneClusterImpl-5fae48a0-8517-4c16-9d39-4001697b8772/datanode-0/data/ratis/8ebd9951-991d-4cb1-ab51-f4b2b6ae29c0
2019-09-25 05:52:29,481 [pool-27-thread-1] INFO  server.RaftServerConfigKeys (ConfUtils.java:logGet(43)) - raft.server.log.queue.byte-limit = 2147483647 (custom)
2019-09-25 05:52:29,481 [pool-27-thread-1] INFO  server.RaftServerConfigKeys (ConfUtils.java:logGet(43)) - raft.server.log.queue.element-limit = 1024 (custom)
2019-09-25 05:52:29,481 [pool-27-thread-1] INFO  server.RaftServerConfigKeys (ConfUtils.java:logGet(43)) - raft.server.log.segment.size.max = 1048576 (custom)
2019-09-25 05:52:29,481 [pool-27-thread-1] INFO  server.RaftServerConfigKeys (ConfUtils.java:logGet(43)) - raft.server.log.preallocated.size = 16384 (custom)
2019-09-25 05:52:29,482 [pool-27-thread-1] INFO  server.RaftServerConfigKeys (ConfUtils.java:logGet(43)) - raft.server.log.write.buffer.size = 33554432 (custom)
2019-09-25 05:52:29,482 [pool-27-thread-1] INFO  server.RaftServerConfigKeys (ConfUtils.java:logGet(43)) - raft.server.log.force.sync.num = 128 (default)
2019-09-25 05:52:29,482 [pool-27-thread-1] INFO  server.RaftServerConfigKeys (ConfUtils.java:logGet(43)) - raft.server.log.statemachine.data.sync = true (default)
2019-09-25 05:52:29,482 [pool-27-thread-1] INFO  server.RaftServerConfigKeys (ConfUtils.java:logGet(43)) - raft.server.log.statemachine.data.sync.timeout = 10s (default)
2019-09-25 05:52:29,482 [pool-27-thread-1] INFO  server.RaftServerConfigKeys (ConfUtils.java:logGet(43)) - raft.server.log.statemachine.data.sync.timeout.retry = -1 (default)
2019-09-25 05:52:29,482 [pool-27-thread-1] INFO  server.RaftServerConfigKeys (ConfUtils.java:logGet(43)) - raft.server.log.statemachine.data.caching.enabled = true (custom)
2019-09-25 05:52:29,482 [pool-27-thread-1] INFO  segmented.SegmentedRaftLogWorker (SegmentedRaftLogWorker.java:lambda$new$0(132)) - 0bbc1277-be6f-4bf3-88cf-1c3b12e139ad@group-F4B2B6AE29C0-SegmentedRaftLogWorker: flushIndex: setUnconditionally 0 -> -1
2019-09-25 05:52:29,483 [pool-27-thread-1] INFO  server.RaftServerConfigKeys (ConfUtils.java:logGet(43)) - raft.server.snapshot.auto.trigger.enabled = true (custom)
2019-09-25 05:52:29,483 [pool-27-thread-1] INFO  server.RaftServerConfigKeys (ConfUtils.java:logGet(43)) - raft.server.snapshot.auto.trigger.threshold = 10000 (custom)
2019-09-25 05:52:29,483 [pool-27-thread-1] INFO  server.RaftServerConfigKeys (ConfUtils.java:logGet(43)) - raft.server.snapshot.retention.num.files = 5 (custom)
2019-09-25 05:52:29,483 [pool-27-thread-1] INFO  server.RaftServerConfigKeys (ConfUtils.java:logGet(43)) - raft.server.retrycache.expirytime = 600000ms (custom)
2019-09-25 05:52:29,485 [pool-27-thread-1] INFO  impl.RaftServerImpl (RaftServerImpl.java:start(185)) - 0bbc1277-be6f-4bf3-88cf-1c3b12e139ad@group-F4B2B6AE29C0: start as a follower, conf=-1: [0bbc1277-be6f-4bf3-88cf-1c3b12e139ad:192.168.30.10:46701], old=null
2019-09-25 05:52:29,485 [pool-27-thread-1] INFO  impl.RaftServerImpl (RaftServerImpl.java:setRole(174)) - 0bbc1277-be6f-4bf3-88cf-1c3b12e139ad@group-F4B2B6AE29C0: changes role from      null to FOLLOWER at term 0 for startAsFollower
2019-09-25 05:52:29,486 [pool-27-thread-1] INFO  impl.RoleInfo (RoleInfo.java:updateAndGet(143)) - 0bbc1277-be6f-4bf3-88cf-1c3b12e139ad: start FollowerState
2019-09-25 05:52:29,486 [pool-27-thread-1] INFO  util.JmxRegister (JmxRegister.java:tryRegister(44)) - Successfully registered JMX Bean with object name Ratis:service=RaftServer,group=group-F4B2B6AE29C0,id=0bbc1277-be6f-4bf3-88cf-1c3b12e139ad
2019-09-25 05:52:29,489 [RatisPipelineUtilsThread] INFO  pipeline.PipelineStateManager (PipelineStateManager.java:addPipeline(56)) - Created pipeline Pipeline[ Id: 8ebd9951-991d-4cb1-ab51-f4b2b6ae29c0, Nodes: 0bbc1277-be6f-4bf3-88cf-1c3b12e139ad{ip: 192.168.30.10, host: pr-hdds-1569-s62bp-3040748787, networkLocation: /default-rack, certSerialId: null}, Type:RATIS, Factor:ONE, State:OPEN]
2019-09-25 05:52:29,496 [grpc-default-executor-0] INFO  impl.RaftServerProxy (RaftServerProxy.java:addNew(89)) - 754f3588-47e6-41ad-b34e-eb7041cce070: addNew group-C4B45119A0C8:[754f3588-47e6-41ad-b34e-eb7041cce070:192.168.30.10:41089] returns group-C4B45119A0C8:java.util.concurrent.CompletableFuture@6e3e92d4[Not completed]
2019-09-25 05:52:29,498 [pool-47-thread-1] INFO  impl.RaftServerImpl (RaftServerImpl.java:<init>(95)) - 754f3588-47e6-41ad-b34e-eb7041cce070: new RaftServerImpl for group-C4B45119A0C8:[754f3588-47e6-41ad-b34e-eb7041cce070:192.168.30.10:41089] with ContainerStateMachine:uninitialized
2019-09-25 05:52:29,498 [pool-47-thread-1] INFO  server.RaftServerConfigKeys (ConfUtils.java:logGet(43)) - raft.server.rpc.timeout.min = 5s (custom)
2019-09-25 05:52:29,498 [pool-47-thread-1] INFO  server.RaftServerConfigKeys (ConfUtils.java:logGet(43)) - raft.server.rpc.timeout.max = 5200ms (custom)
2019-09-25 05:52:29,499 [pool-47-thread-1] INFO  server.RaftServerConfigKeys (ConfUtils.java:logGet(43)) - raft.server.rpcslowness.timeout = 120s (custom)
2019-09-25 05:52:29,499 [pool-47-thread-1] INFO  server.RaftServerConfigKeys (ConfUtils.java:logGet(43)) - raft.server.sleep.deviation.threshold = 300 (default)
2019-09-25 05:52:29,499 [pool-47-thread-1] INFO  server.RaftServerConfigKeys (ConfUtils.java:logGet(43)) - raft.server.log.appender.install.snapshot.enabled = false (custom)
2019-09-25 05:52:29,499 [pool-47-thread-1] INFO  impl.RaftServerImpl (ServerState.java:<init>(103)) - 754f3588-47e6-41ad-b34e-eb7041cce070@group-C4B45119A0C8: ConfigurationManager, init=-1: [754f3588-47e6-41ad-b34e-eb7041cce070:192.168.30.10:41089], old=null, confs=<EMPTY_MAP>
2019-09-25 05:52:29,499 [pool-47-thread-1] INFO  server.RaftServerConfigKeys (ConfUtils.java:logGet(43)) - raft.server.storage.dir = [/workdir/hadoop-ozone/integration-test/target/test-dir/MiniOzoneClusterImpl-5fae48a0-8517-4c16-9d39-4001697b8772/datanode-2/data/ratis] (custom)
2019-09-25 05:52:29,500 [pool-47-thread-1] INFO  storage.RaftStorageDirectory (RaftStorageDirectory.java:analyzeStorage(246)) - The storage directory /workdir/hadoop-ozone/integration-test/target/test-dir/MiniOzoneClusterImpl-5fae48a0-8517-4c16-9d39-4001697b8772/datanode-2/data/ratis/690f663b-c05b-43fe-955d-c4b45119a0c8 does not exist. Creating ...
2019-09-25 05:52:29,513 [pool-47-thread-1] INFO  storage.RaftStorageDirectory (RaftStorageDirectory.java:tryLock(328)) - Lock on /workdir/hadoop-ozone/integration-test/target/test-dir/MiniOzoneClusterImpl-5fae48a0-8517-4c16-9d39-4001697b8772/datanode-2/data/ratis/690f663b-c05b-43fe-955d-c4b45119a0c8/in_use.lock acquired by nodename 25594@pr-hdds-1569-s62bp-3040748787
2019-09-25 05:52:29,536 [pool-47-thread-1] INFO  storage.RaftStorage (RaftStorage.java:format(72)) - Storage directory /workdir/hadoop-ozone/integration-test/target/test-dir/MiniOzoneClusterImpl-5fae48a0-8517-4c16-9d39-4001697b8772/datanode-2/data/ratis/690f663b-c05b-43fe-955d-c4b45119a0c8 has been successfully formatted.
2019-09-25 05:52:29,536 [pool-47-thread-1] INFO  ratis.ContainerStateMachine (ContainerStateMachine.java:loadSnapshot(230)) - group-C4B45119A0C8: The snapshot info is null. Setting the last applied indexto:(t:0, i:~)
2019-09-25 05:52:29,536 [pool-47-thread-1] INFO  server.RaftServerConfigKeys (ConfUtils.java:logGet(43)) - raft.server.notification.no-leader.timeout = 120s (custom)
2019-09-25 05:52:29,537 [pool-47-thread-1] INFO  server.RaftServerConfigKeys (ConfUtils.java:logGet(43)) - raft.server.log.use.memory = false (default)
2019-09-25 05:52:29,537 [pool-47-thread-1] INFO  server.RaftServerConfigKeys (ConfUtils.java:logGet(43)) - raft.server.log.purge.gap = 1000000 (custom)
2019-09-25 05:52:29,537 [pool-47-thread-1] INFO  server.RaftServerConfigKeys (ConfUtils.java:logGet(43)) - raft.server.log.appender.buffer.byte-limit = 33554432 (custom)
2019-09-25 05:52:29,537 [pool-47-thread-1] INFO  server.RaftServerConfigKeys (ConfUtils.java:logGet(43)) - raft.server.log.segment.size.max = 1048576 (custom)
2019-09-25 05:52:29,537 [pool-47-thread-1] INFO  server.RaftServerConfigKeys (ConfUtils.java:logGet(43)) - raft.server.log.segment.cache.num.max = 2 (custom)
2019-09-25 05:52:29,537 [pool-47-thread-1] INFO  segmented.SegmentedRaftLogWorker (SegmentedRaftLogWorker.java:<init>(172)) - new 754f3588-47e6-41ad-b34e-eb7041cce070@group-C4B45119A0C8-SegmentedRaftLogWorker for RaftStorage:Storage Directory /workdir/hadoop-ozone/integration-test/target/test-dir/MiniOzoneClusterImpl-5fae48a0-8517-4c16-9d39-4001697b8772/datanode-2/data/ratis/690f663b-c05b-43fe-955d-c4b45119a0c8
2019-09-25 05:52:29,537 [pool-47-thread-1] INFO  server.RaftServerConfigKeys (ConfUtils.java:logGet(43)) - raft.server.log.queue.byte-limit = 2147483647 (custom)
2019-09-25 05:52:29,538 [pool-47-thread-1] INFO  server.RaftServerConfigKeys (ConfUtils.java:logGet(43)) - raft.server.log.queue.element-limit = 1024 (custom)
2019-09-25 05:52:29,538 [pool-47-thread-1] INFO  server.RaftServerConfigKeys (ConfUtils.java:logGet(43)) - raft.server.log.segment.size.max = 1048576 (custom)
2019-09-25 05:52:29,538 [pool-47-thread-1] INFO  server.RaftServerConfigKeys (ConfUtils.java:logGet(43)) - raft.server.log.preallocated.size = 16384 (custom)
2019-09-25 05:52:29,538 [pool-47-thread-1] INFO  server.RaftServerConfigKeys (ConfUtils.java:logGet(43)) - raft.server.log.write.buffer.size = 33554432 (custom)
2019-09-25 05:52:29,538 [pool-47-thread-1] INFO  server.RaftServerConfigKeys (ConfUtils.java:logGet(43)) - raft.server.log.force.sync.num = 128 (default)
2019-09-25 05:52:29,538 [pool-47-thread-1] INFO  server.RaftServerConfigKeys (ConfUtils.java:logGet(43)) - raft.server.log.statemachine.data.sync = true (default)
2019-09-25 05:52:29,538 [pool-47-thread-1] INFO  server.RaftServerConfigKeys (ConfUtils.java:logGet(43)) - raft.server.log.statemachine.data.sync.timeout = 10s (default)
2019-09-25 05:52:29,538 [pool-47-thread-1] INFO  server.RaftServerConfigKeys (ConfUtils.java:logGet(43)) - raft.server.log.statemachine.data.sync.timeout.retry = -1 (default)
2019-09-25 05:52:29,539 [pool-47-thread-1] INFO  server.RaftServerConfigKeys (ConfUtils.java:logGet(43)) - raft.server.log.statemachine.data.caching.enabled = true (custom)
2019-09-25 05:52:29,539 [pool-47-thread-1] INFO  segmented.SegmentedRaftLogWorker (SegmentedRaftLogWorker.java:lambda$new$0(132)) - 754f3588-47e6-41ad-b34e-eb7041cce070@group-C4B45119A0C8-SegmentedRaftLogWorker: flushIndex: setUnconditionally 0 -> -1
2019-09-25 05:52:29,539 [pool-47-thread-1] INFO  server.RaftServerConfigKeys (ConfUtils.java:logGet(43)) - raft.server.snapshot.auto.trigger.enabled = true (custom)
2019-09-25 05:52:29,539 [pool-47-thread-1] INFO  server.RaftServerConfigKeys (ConfUtils.java:logGet(43)) - raft.server.snapshot.auto.trigger.threshold = 10000 (custom)
2019-09-25 05:52:29,539 [pool-47-thread-1] INFO  server.RaftServerConfigKeys (ConfUtils.java:logGet(43)) - raft.server.snapshot.retention.num.files = 5 (custom)
2019-09-25 05:52:29,540 [pool-47-thread-1] INFO  server.RaftServerConfigKeys (ConfUtils.java:logGet(43)) - raft.server.retrycache.expirytime = 600000ms (custom)
2019-09-25 05:52:29,542 [pool-47-thread-1] INFO  impl.RaftServerImpl (RaftServerImpl.java:start(185)) - 754f3588-47e6-41ad-b34e-eb7041cce070@group-C4B45119A0C8: start as a follower, conf=-1: [754f3588-47e6-41ad-b34e-eb7041cce070:192.168.30.10:41089], old=null
2019-09-25 05:52:29,542 [pool-47-thread-1] INFO  impl.RaftServerImpl (RaftServerImpl.java:setRole(174)) - 754f3588-47e6-41ad-b34e-eb7041cce070@group-C4B45119A0C8: changes role from      null to FOLLOWER at term 0 for startAsFollower
2019-09-25 05:52:29,542 [pool-47-thread-1] INFO  impl.RoleInfo (RoleInfo.java:updateAndGet(143)) - 754f3588-47e6-41ad-b34e-eb7041cce070: start FollowerState
2019-09-25 05:52:29,543 [pool-47-thread-1] INFO  util.JmxRegister (JmxRegister.java:tryRegister(44)) - Successfully registered JMX Bean with object name Ratis:service=RaftServer,group=group-C4B45119A0C8,id=754f3588-47e6-41ad-b34e-eb7041cce070
2019-09-25 05:52:29,545 [RatisPipelineUtilsThread] INFO  pipeline.PipelineStateManager (PipelineStateManager.java:addPipeline(56)) - Created pipeline Pipeline[ Id: 690f663b-c05b-43fe-955d-c4b45119a0c8, Nodes: 754f3588-47e6-41ad-b34e-eb7041cce070{ip: 192.168.30.10, host: pr-hdds-1569-s62bp-3040748787, networkLocation: /default-rack, certSerialId: null}, Type:RATIS, Factor:ONE, State:OPEN]
2019-09-25 05:52:29,556 [grpc-default-executor-0] INFO  impl.RaftServerProxy (RaftServerProxy.java:addNew(89)) - 0bbc1277-be6f-4bf3-88cf-1c3b12e139ad: addNew group-E6C4366E70FF:[0bbc1277-be6f-4bf3-88cf-1c3b12e139ad:192.168.30.10:46701] returns group-E6C4366E70FF:java.util.concurrent.CompletableFuture@61974523[Not completed]
2019-09-25 05:52:29,558 [pool-27-thread-1] INFO  impl.RaftServerImpl (RaftServerImpl.java:<init>(95)) - 0bbc1277-be6f-4bf3-88cf-1c3b12e139ad: new RaftServerImpl for group-E6C4366E70FF:[0bbc1277-be6f-4bf3-88cf-1c3b12e139ad:192.168.30.10:46701] with ContainerStateMachine:uninitialized
2019-09-25 05:52:29,558 [pool-27-thread-1] INFO  server.RaftServerConfigKeys (ConfUtils.java:logGet(43)) - raft.server.rpc.timeout.min = 5s (custom)
2019-09-25 05:52:29,558 [pool-27-thread-1] INFO  server.RaftServerConfigKeys (ConfUtils.java:logGet(43)) - raft.server.rpc.timeout.max = 5200ms (custom)
2019-09-25 05:52:29,558 [pool-27-thread-1] INFO  server.RaftServerConfigKeys (ConfUtils.java:logGet(43)) - raft.server.rpcslowness.timeout = 120s (custom)
2019-09-25 05:52:29,559 [pool-27-thread-1] INFO  server.RaftServerConfigKeys (ConfUtils.java:logGet(43)) - raft.server.sleep.deviation.threshold = 300 (default)
2019-09-25 05:52:29,559 [pool-27-thread-1] INFO  server.RaftServerConfigKeys (ConfUtils.java:logGet(43)) - raft.server.log.appender.install.snapshot.enabled = false (custom)
2019-09-25 05:52:29,559 [pool-27-thread-1] INFO  impl.RaftServerImpl (ServerState.java:<init>(103)) - 0bbc1277-be6f-4bf3-88cf-1c3b12e139ad@group-E6C4366E70FF: ConfigurationManager, init=-1: [0bbc1277-be6f-4bf3-88cf-1c3b12e139ad:192.168.30.10:46701], old=null, confs=<EMPTY_MAP>
2019-09-25 05:52:29,559 [pool-27-thread-1] INFO  server.RaftServerConfigKeys (ConfUtils.java:logGet(43)) - raft.server.storage.dir = [/workdir/hadoop-ozone/integration-test/target/test-dir/MiniOzoneClusterImpl-5fae48a0-8517-4c16-9d39-4001697b8772/datanode-0/data/ratis] (custom)
2019-09-25 05:52:29,559 [pool-27-thread-1] INFO  storage.RaftStorageDirectory (RaftStorageDirectory.java:analyzeStorage(246)) - The storage directory /workdir/hadoop-ozone/integration-test/target/test-dir/MiniOzoneClusterImpl-5fae48a0-8517-4c16-9d39-4001697b8772/datanode-0/data/ratis/2120ae05-4964-459f-a44a-e6c4366e70ff does not exist. Creating ...
2019-09-25 05:52:29,572 [pool-27-thread-1] INFO  storage.RaftStorageDirectory (RaftStorageDirectory.java:tryLock(328)) - Lock on /workdir/hadoop-ozone/integration-test/target/test-dir/MiniOzoneClusterImpl-5fae48a0-8517-4c16-9d39-4001697b8772/datanode-0/data/ratis/2120ae05-4964-459f-a44a-e6c4366e70ff/in_use.lock acquired by nodename 25594@pr-hdds-1569-s62bp-3040748787
2019-09-25 05:52:29,586 [pool-27-thread-1] INFO  storage.RaftStorage (RaftStorage.java:format(72)) - Storage directory /workdir/hadoop-ozone/integration-test/target/test-dir/MiniOzoneClusterImpl-5fae48a0-8517-4c16-9d39-4001697b8772/datanode-0/data/ratis/2120ae05-4964-459f-a44a-e6c4366e70ff has been successfully formatted.
2019-09-25 05:52:29,586 [pool-27-thread-1] INFO  ratis.ContainerStateMachine (ContainerStateMachine.java:loadSnapshot(230)) - group-E6C4366E70FF: The snapshot info is null. Setting the last applied indexto:(t:0, i:~)
2019-09-25 05:52:29,587 [pool-27-thread-1] INFO  server.RaftServerConfigKeys (ConfUtils.java:logGet(43)) - raft.server.notification.no-leader.timeout = 120s (custom)
2019-09-25 05:52:29,587 [pool-27-thread-1] INFO  server.RaftServerConfigKeys (ConfUtils.java:logGet(43)) - raft.server.log.use.memory = false (default)
2019-09-25 05:52:29,587 [pool-27-thread-1] INFO  server.RaftServerConfigKeys (ConfUtils.java:logGet(43)) - raft.server.log.purge.gap = 1000000 (custom)
2019-09-25 05:52:29,587 [pool-27-thread-1] INFO  server.RaftServerConfigKeys (ConfUtils.java:logGet(43)) - raft.server.log.appender.buffer.byte-limit = 33554432 (custom)
2019-09-25 05:52:29,587 [pool-27-thread-1] INFO  server.RaftServerConfigKeys (ConfUtils.java:logGet(43)) - raft.server.log.segment.size.max = 1048576 (custom)
2019-09-25 05:52:29,588 [pool-27-thread-1] INFO  server.RaftServerConfigKeys (ConfUtils.java:logGet(43)) - raft.server.log.segment.cache.num.max = 2 (custom)
2019-09-25 05:52:29,588 [pool-27-thread-1] INFO  segmented.SegmentedRaftLogWorker (SegmentedRaftLogWorker.java:<init>(172)) - new 0bbc1277-be6f-4bf3-88cf-1c3b12e139ad@group-E6C4366E70FF-SegmentedRaftLogWorker for RaftStorage:Storage Directory /workdir/hadoop-ozone/integration-test/target/test-dir/MiniOzoneClusterImpl-5fae48a0-8517-4c16-9d39-4001697b8772/datanode-0/data/ratis/2120ae05-4964-459f-a44a-e6c4366e70ff
2019-09-25 05:52:29,588 [pool-27-thread-1] INFO  server.RaftServerConfigKeys (ConfUtils.java:logGet(43)) - raft.server.log.queue.byte-limit = 2147483647 (custom)
2019-09-25 05:52:29,588 [pool-27-thread-1] INFO  server.RaftServerConfigKeys (ConfUtils.java:logGet(43)) - raft.server.log.queue.element-limit = 1024 (custom)
2019-09-25 05:52:29,588 [pool-27-thread-1] INFO  server.RaftServerConfigKeys (ConfUtils.java:logGet(43)) - raft.server.log.segment.size.max = 1048576 (custom)
2019-09-25 05:52:29,588 [pool-27-thread-1] INFO  server.RaftServerConfigKeys (ConfUtils.java:logGet(43)) - raft.server.log.preallocated.size = 16384 (custom)
2019-09-25 05:52:29,589 [pool-27-thread-1] INFO  server.RaftServerConfigKeys (ConfUtils.java:logGet(43)) - raft.server.log.write.buffer.size = 33554432 (custom)
2019-09-25 05:52:29,589 [pool-27-thread-1] INFO  server.RaftServerConfigKeys (ConfUtils.java:logGet(43)) - raft.server.log.force.sync.num = 128 (default)
2019-09-25 05:52:29,589 [pool-27-thread-1] INFO  server.RaftServerConfigKeys (ConfUtils.java:logGet(43)) - raft.server.log.statemachine.data.sync = true (default)
2019-09-25 05:52:29,589 [pool-27-thread-1] INFO  server.RaftServerConfigKeys (ConfUtils.java:logGet(43)) - raft.server.log.statemachine.data.sync.timeout = 10s (default)
2019-09-25 05:52:29,589 [pool-27-thread-1] INFO  server.RaftServerConfigKeys (ConfUtils.java:logGet(43)) - raft.server.log.statemachine.data.sync.timeout.retry = -1 (default)
2019-09-25 05:52:29,590 [pool-27-thread-1] INFO  server.RaftServerConfigKeys (ConfUtils.java:logGet(43)) - raft.server.log.statemachine.data.caching.enabled = true (custom)
2019-09-25 05:52:29,590 [pool-27-thread-1] INFO  segmented.SegmentedRaftLogWorker (SegmentedRaftLogWorker.java:lambda$new$0(132)) - 0bbc1277-be6f-4bf3-88cf-1c3b12e139ad@group-E6C4366E70FF-SegmentedRaftLogWorker: flushIndex: setUnconditionally 0 -> -1
2019-09-25 05:52:29,590 [pool-27-thread-1] INFO  server.RaftServerConfigKeys (ConfUtils.java:logGet(43)) - raft.server.snapshot.auto.trigger.enabled = true (custom)
2019-09-25 05:52:29,591 [pool-27-thread-1] INFO  server.RaftServerConfigKeys (ConfUtils.java:logGet(43)) - raft.server.snapshot.auto.trigger.threshold = 10000 (custom)
2019-09-25 05:52:29,591 [pool-27-thread-1] INFO  server.RaftServerConfigKeys (ConfUtils.java:logGet(43)) - raft.server.snapshot.retention.num.files = 5 (custom)
2019-09-25 05:52:29,591 [pool-27-thread-1] INFO  server.RaftServerConfigKeys (ConfUtils.java:logGet(43)) - raft.server.retrycache.expirytime = 600000ms (custom)
2019-09-25 05:52:29,594 [pool-27-thread-1] INFO  impl.RaftServerImpl (RaftServerImpl.java:start(185)) - 0bbc1277-be6f-4bf3-88cf-1c3b12e139ad@group-E6C4366E70FF: start as a follower, conf=-1: [0bbc1277-be6f-4bf3-88cf-1c3b12e139ad:192.168.30.10:46701], old=null
2019-09-25 05:52:29,594 [pool-27-thread-1] INFO  impl.RaftServerImpl (RaftServerImpl.java:setRole(174)) - 0bbc1277-be6f-4bf3-88cf-1c3b12e139ad@group-E6C4366E70FF: changes role from      null to FOLLOWER at term 0 for startAsFollower
2019-09-25 05:52:29,594 [pool-27-thread-1] INFO  impl.RoleInfo (RoleInfo.java:updateAndGet(143)) - 0bbc1277-be6f-4bf3-88cf-1c3b12e139ad: start FollowerState
2019-09-25 05:52:29,595 [pool-27-thread-1] INFO  util.JmxRegister (JmxRegister.java:tryRegister(44)) - Successfully registered JMX Bean with object name Ratis:service=RaftServer,group=group-E6C4366E70FF,id=0bbc1277-be6f-4bf3-88cf-1c3b12e139ad
2019-09-25 05:52:29,598 [RatisPipelineUtilsThread] INFO  pipeline.PipelineStateManager (PipelineStateManager.java:addPipeline(56)) - Created pipeline Pipeline[ Id: 2120ae05-4964-459f-a44a-e6c4366e70ff, Nodes: 0bbc1277-be6f-4bf3-88cf-1c3b12e139ad{ip: 192.168.30.10, host: pr-hdds-1569-s62bp-3040748787, networkLocation: /default-rack, certSerialId: null}, Type:RATIS, Factor:ONE, State:OPEN]
2019-09-25 05:52:29,604 [grpc-default-executor-0] INFO  impl.RaftServerProxy (RaftServerProxy.java:addNew(89)) - 0bbc1277-be6f-4bf3-88cf-1c3b12e139ad: addNew group-5D990EFA0EF6:[0bbc1277-be6f-4bf3-88cf-1c3b12e139ad:192.168.30.10:46701] returns group-5D990EFA0EF6:java.util.concurrent.CompletableFuture@3c1892e9[Not completed]
2019-09-25 05:52:29,605 [pool-27-thread-1] INFO  impl.RaftServerImpl (RaftServerImpl.java:<init>(95)) - 0bbc1277-be6f-4bf3-88cf-1c3b12e139ad: new RaftServerImpl for group-5D990EFA0EF6:[0bbc1277-be6f-4bf3-88cf-1c3b12e139ad:192.168.30.10:46701] with ContainerStateMachine:uninitialized
2019-09-25 05:52:29,605 [pool-27-thread-1] INFO  server.RaftServerConfigKeys (ConfUtils.java:logGet(43)) - raft.server.rpc.timeout.min = 5s (custom)
2019-09-25 05:52:29,605 [pool-27-thread-1] INFO  server.RaftServerConfigKeys (ConfUtils.java:logGet(43)) - raft.server.rpc.timeout.max = 5200ms (custom)
2019-09-25 05:52:29,606 [pool-27-thread-1] INFO  server.RaftServerConfigKeys (ConfUtils.java:logGet(43)) - raft.server.rpcslowness.timeout = 120s (custom)
2019-09-25 05:52:29,606 [pool-27-thread-1] INFO  server.RaftServerConfigKeys (ConfUtils.java:logGet(43)) - raft.server.sleep.deviation.threshold = 300 (default)
2019-09-25 05:52:29,606 [pool-27-thread-1] INFO  server.RaftServerConfigKeys (ConfUtils.java:logGet(43)) - raft.server.log.appender.install.snapshot.enabled = false (custom)
2019-09-25 05:52:29,606 [pool-27-thread-1] INFO  impl.RaftServerImpl (ServerState.java:<init>(103)) - 0bbc1277-be6f-4bf3-88cf-1c3b12e139ad@group-5D990EFA0EF6: ConfigurationManager, init=-1: [0bbc1277-be6f-4bf3-88cf-1c3b12e139ad:192.168.30.10:46701], old=null, confs=<EMPTY_MAP>
2019-09-25 05:52:29,606 [pool-27-thread-1] INFO  server.RaftServerConfigKeys (ConfUtils.java:logGet(43)) - raft.server.storage.dir = [/workdir/hadoop-ozone/integration-test/target/test-dir/MiniOzoneClusterImpl-5fae48a0-8517-4c16-9d39-4001697b8772/datanode-0/data/ratis] (custom)
2019-09-25 05:52:29,607 [pool-27-thread-1] INFO  storage.RaftStorageDirectory (RaftStorageDirectory.java:analyzeStorage(246)) - The storage directory /workdir/hadoop-ozone/integration-test/target/test-dir/MiniOzoneClusterImpl-5fae48a0-8517-4c16-9d39-4001697b8772/datanode-0/data/ratis/fcb26b9a-c88f-4dfd-8620-5d990efa0ef6 does not exist. Creating ...
2019-09-25 05:52:29,620 [pool-27-thread-1] INFO  storage.RaftStorageDirectory (RaftStorageDirectory.java:tryLock(328)) - Lock on /workdir/hadoop-ozone/integration-test/target/test-dir/MiniOzoneClusterImpl-5fae48a0-8517-4c16-9d39-4001697b8772/datanode-0/data/ratis/fcb26b9a-c88f-4dfd-8620-5d990efa0ef6/in_use.lock acquired by nodename 25594@pr-hdds-1569-s62bp-3040748787
2019-09-25 05:52:29,634 [pool-27-thread-1] INFO  storage.RaftStorage (RaftStorage.java:format(72)) - Storage directory /workdir/hadoop-ozone/integration-test/target/test-dir/MiniOzoneClusterImpl-5fae48a0-8517-4c16-9d39-4001697b8772/datanode-0/data/ratis/fcb26b9a-c88f-4dfd-8620-5d990efa0ef6 has been successfully formatted.
2019-09-25 05:52:29,634 [pool-27-thread-1] INFO  ratis.ContainerStateMachine (ContainerStateMachine.java:loadSnapshot(230)) - group-5D990EFA0EF6: The snapshot info is null. Setting the last applied indexto:(t:0, i:~)
2019-09-25 05:52:29,634 [pool-27-thread-1] INFO  server.RaftServerConfigKeys (ConfUtils.java:logGet(43)) - raft.server.notification.no-leader.timeout = 120s (custom)
2019-09-25 05:52:29,634 [pool-27-thread-1] INFO  server.RaftServerConfigKeys (ConfUtils.java:logGet(43)) - raft.server.log.use.memory = false (default)
2019-09-25 05:52:29,634 [pool-27-thread-1] INFO  server.RaftServerConfigKeys (ConfUtils.java:logGet(43)) - raft.server.log.purge.gap = 1000000 (custom)
2019-09-25 05:52:29,634 [pool-27-thread-1] INFO  server.RaftServerConfigKeys (ConfUtils.java:logGet(43)) - raft.server.log.appender.buffer.byte-limit = 33554432 (custom)
2019-09-25 05:52:29,635 [pool-27-thread-1] INFO  server.RaftServerConfigKeys (ConfUtils.java:logGet(43)) - raft.server.log.segment.size.max = 1048576 (custom)
2019-09-25 05:52:29,635 [pool-27-thread-1] INFO  server.RaftServerConfigKeys (ConfUtils.java:logGet(43)) - raft.server.log.segment.cache.num.max = 2 (custom)
2019-09-25 05:52:29,635 [pool-27-thread-1] INFO  segmented.SegmentedRaftLogWorker (SegmentedRaftLogWorker.java:<init>(172)) - new 0bbc1277-be6f-4bf3-88cf-1c3b12e139ad@group-5D990EFA0EF6-SegmentedRaftLogWorker for RaftStorage:Storage Directory /workdir/hadoop-ozone/integration-test/target/test-dir/MiniOzoneClusterImpl-5fae48a0-8517-4c16-9d39-4001697b8772/datanode-0/data/ratis/fcb26b9a-c88f-4dfd-8620-5d990efa0ef6
2019-09-25 05:52:29,635 [pool-27-thread-1] INFO  server.RaftServerConfigKeys (ConfUtils.java:logGet(43)) - raft.server.log.queue.byte-limit = 2147483647 (custom)
2019-09-25 05:52:29,635 [pool-27-thread-1] INFO  server.RaftServerConfigKeys (ConfUtils.java:logGet(43)) - raft.server.log.queue.element-limit = 1024 (custom)
2019-09-25 05:52:29,635 [pool-27-thread-1] INFO  server.RaftServerConfigKeys (ConfUtils.java:logGet(43)) - raft.server.log.segment.size.max = 1048576 (custom)
2019-09-25 05:52:29,635 [pool-27-thread-1] INFO  server.RaftServerConfigKeys (ConfUtils.java:logGet(43)) - raft.server.log.preallocated.size = 16384 (custom)
2019-09-25 05:52:29,635 [pool-27-thread-1] INFO  server.RaftServerConfigKeys (ConfUtils.java:logGet(43)) - raft.server.log.write.buffer.size = 33554432 (custom)
2019-09-25 05:52:29,636 [pool-27-thread-1] INFO  server.RaftServerConfigKeys (ConfUtils.java:logGet(43)) - raft.server.log.force.sync.num = 128 (default)
2019-09-25 05:52:29,636 [pool-27-thread-1] INFO  server.RaftServerConfigKeys (ConfUtils.java:logGet(43)) - raft.server.log.statemachine.data.sync = true (default)
2019-09-25 05:52:29,636 [pool-27-thread-1] INFO  server.RaftServerConfigKeys (ConfUtils.java:logGet(43)) - raft.server.log.statemachine.data.sync.timeout = 10s (default)
2019-09-25 05:52:29,636 [pool-27-thread-1] INFO  server.RaftServerConfigKeys (ConfUtils.java:logGet(43)) - raft.server.log.statemachine.data.sync.timeout.retry = -1 (default)
2019-09-25 05:52:29,636 [pool-27-thread-1] INFO  server.RaftServerConfigKeys (ConfUtils.java:logGet(43)) - raft.server.log.statemachine.data.caching.enabled = true (custom)
2019-09-25 05:52:29,637 [pool-27-thread-1] INFO  segmented.SegmentedRaftLogWorker (SegmentedRaftLogWorker.java:lambda$new$0(132)) - 0bbc1277-be6f-4bf3-88cf-1c3b12e139ad@group-5D990EFA0EF6-SegmentedRaftLogWorker: flushIndex: setUnconditionally 0 -> -1
2019-09-25 05:52:29,637 [pool-27-thread-1] INFO  server.RaftServerConfigKeys (ConfUtils.java:logGet(43)) - raft.server.snapshot.auto.trigger.enabled = true (custom)
2019-09-25 05:52:29,637 [pool-27-thread-1] INFO  server.RaftServerConfigKeys (ConfUtils.java:logGet(43)) - raft.server.snapshot.auto.trigger.threshold = 10000 (custom)
2019-09-25 05:52:29,637 [pool-27-thread-1] INFO  server.RaftServerConfigKeys (ConfUtils.java:logGet(43)) - raft.server.snapshot.retention.num.files = 5 (custom)
2019-09-25 05:52:29,637 [pool-27-thread-1] INFO  server.RaftServerConfigKeys (ConfUtils.java:logGet(43)) - raft.server.retrycache.expirytime = 600000ms (custom)
2019-09-25 05:52:29,640 [pool-27-thread-1] INFO  impl.RaftServerImpl (RaftServerImpl.java:start(185)) - 0bbc1277-be6f-4bf3-88cf-1c3b12e139ad@group-5D990EFA0EF6: start as a follower, conf=-1: [0bbc1277-be6f-4bf3-88cf-1c3b12e139ad:192.168.30.10:46701], old=null
2019-09-25 05:52:29,640 [pool-27-thread-1] INFO  impl.RaftServerImpl (RaftServerImpl.java:setRole(174)) - 0bbc1277-be6f-4bf3-88cf-1c3b12e139ad@group-5D990EFA0EF6: changes role from      null to FOLLOWER at term 0 for startAsFollower
2019-09-25 05:52:29,640 [pool-27-thread-1] INFO  impl.RoleInfo (RoleInfo.java:updateAndGet(143)) - 0bbc1277-be6f-4bf3-88cf-1c3b12e139ad: start FollowerState
2019-09-25 05:52:29,640 [pool-27-thread-1] INFO  util.JmxRegister (JmxRegister.java:tryRegister(44)) - Successfully registered JMX Bean with object name Ratis:service=RaftServer,group=group-5D990EFA0EF6,id=0bbc1277-be6f-4bf3-88cf-1c3b12e139ad
2019-09-25 05:52:29,643 [RatisPipelineUtilsThread] INFO  pipeline.PipelineStateManager (PipelineStateManager.java:addPipeline(56)) - Created pipeline Pipeline[ Id: fcb26b9a-c88f-4dfd-8620-5d990efa0ef6, Nodes: 0bbc1277-be6f-4bf3-88cf-1c3b12e139ad{ip: 192.168.30.10, host: pr-hdds-1569-s62bp-3040748787, networkLocation: /default-rack, certSerialId: null}, Type:RATIS, Factor:ONE, State:OPEN]
2019-09-25 05:52:29,649 [grpc-default-executor-0] INFO  impl.RaftServerProxy (RaftServerProxy.java:addNew(89)) - 754f3588-47e6-41ad-b34e-eb7041cce070: addNew group-E562DD96F965:[754f3588-47e6-41ad-b34e-eb7041cce070:192.168.30.10:41089] returns group-E562DD96F965:java.util.concurrent.CompletableFuture@79fcf4d5[Not completed]
2019-09-25 05:52:29,651 [pool-47-thread-1] INFO  impl.RaftServerImpl (RaftServerImpl.java:<init>(95)) - 754f3588-47e6-41ad-b34e-eb7041cce070: new RaftServerImpl for group-E562DD96F965:[754f3588-47e6-41ad-b34e-eb7041cce070:192.168.30.10:41089] with ContainerStateMachine:uninitialized
2019-09-25 05:52:29,651 [pool-47-thread-1] INFO  server.RaftServerConfigKeys (ConfUtils.java:logGet(43)) - raft.server.rpc.timeout.min = 5s (custom)
2019-09-25 05:52:29,651 [pool-47-thread-1] INFO  server.RaftServerConfigKeys (ConfUtils.java:logGet(43)) - raft.server.rpc.timeout.max = 5200ms (custom)
2019-09-25 05:52:29,651 [pool-47-thread-1] INFO  server.RaftServerConfigKeys (ConfUtils.java:logGet(43)) - raft.server.rpcslowness.timeout = 120s (custom)
2019-09-25 05:52:29,651 [pool-47-thread-1] INFO  server.RaftServerConfigKeys (ConfUtils.java:logGet(43)) - raft.server.sleep.deviation.threshold = 300 (default)
2019-09-25 05:52:29,651 [pool-47-thread-1] INFO  server.RaftServerConfigKeys (ConfUtils.java:logGet(43)) - raft.server.log.appender.install.snapshot.enabled = false (custom)
2019-09-25 05:52:29,651 [pool-47-thread-1] INFO  impl.RaftServerImpl (ServerState.java:<init>(103)) - 754f3588-47e6-41ad-b34e-eb7041cce070@group-E562DD96F965: ConfigurationManager, init=-1: [754f3588-47e6-41ad-b34e-eb7041cce070:192.168.30.10:41089], old=null, confs=<EMPTY_MAP>
2019-09-25 05:52:29,652 [pool-47-thread-1] INFO  server.RaftServerConfigKeys (ConfUtils.java:logGet(43)) - raft.server.storage.dir = [/workdir/hadoop-ozone/integration-test/target/test-dir/MiniOzoneClusterImpl-5fae48a0-8517-4c16-9d39-4001697b8772/datanode-2/data/ratis] (custom)
2019-09-25 05:52:29,652 [pool-47-thread-1] INFO  storage.RaftStorageDirectory (RaftStorageDirectory.java:analyzeStorage(246)) - The storage directory /workdir/hadoop-ozone/integration-test/target/test-dir/MiniOzoneClusterImpl-5fae48a0-8517-4c16-9d39-4001697b8772/datanode-2/data/ratis/5e0413cf-2e4d-4c52-a81a-e562dd96f965 does not exist. Creating ...
2019-09-25 05:52:29,665 [pool-47-thread-1] INFO  storage.RaftStorageDirectory (RaftStorageDirectory.java:tryLock(328)) - Lock on /workdir/hadoop-ozone/integration-test/target/test-dir/MiniOzoneClusterImpl-5fae48a0-8517-4c16-9d39-4001697b8772/datanode-2/data/ratis/5e0413cf-2e4d-4c52-a81a-e562dd96f965/in_use.lock acquired by nodename 25594@pr-hdds-1569-s62bp-3040748787
2019-09-25 05:52:29,677 [pool-47-thread-1] INFO  storage.RaftStorage (RaftStorage.java:format(72)) - Storage directory /workdir/hadoop-ozone/integration-test/target/test-dir/MiniOzoneClusterImpl-5fae48a0-8517-4c16-9d39-4001697b8772/datanode-2/data/ratis/5e0413cf-2e4d-4c52-a81a-e562dd96f965 has been successfully formatted.
2019-09-25 05:52:29,678 [pool-47-thread-1] INFO  ratis.ContainerStateMachine (ContainerStateMachine.java:loadSnapshot(230)) - group-E562DD96F965: The snapshot info is null. Setting the last applied indexto:(t:0, i:~)
2019-09-25 05:52:29,678 [pool-47-thread-1] INFO  server.RaftServerConfigKeys (ConfUtils.java:logGet(43)) - raft.server.notification.no-leader.timeout = 120s (custom)
2019-09-25 05:52:29,678 [pool-47-thread-1] INFO  server.RaftServerConfigKeys (ConfUtils.java:logGet(43)) - raft.server.log.use.memory = false (default)
2019-09-25 05:52:29,678 [pool-47-thread-1] INFO  server.RaftServerConfigKeys (ConfUtils.java:logGet(43)) - raft.server.log.purge.gap = 1000000 (custom)
2019-09-25 05:52:29,678 [pool-47-thread-1] INFO  server.RaftServerConfigKeys (ConfUtils.java:logGet(43)) - raft.server.log.appender.buffer.byte-limit = 33554432 (custom)
2019-09-25 05:52:29,678 [pool-47-thread-1] INFO  server.RaftServerConfigKeys (ConfUtils.java:logGet(43)) - raft.server.log.segment.size.max = 1048576 (custom)
2019-09-25 05:52:29,678 [pool-47-thread-1] INFO  server.RaftServerConfigKeys (ConfUtils.java:logGet(43)) - raft.server.log.segment.cache.num.max = 2 (custom)
2019-09-25 05:52:29,679 [pool-47-thread-1] INFO  segmented.SegmentedRaftLogWorker (SegmentedRaftLogWorker.java:<init>(172)) - new 754f3588-47e6-41ad-b34e-eb7041cce070@group-E562DD96F965-SegmentedRaftLogWorker for RaftStorage:Storage Directory /workdir/hadoop-ozone/integration-test/target/test-dir/MiniOzoneClusterImpl-5fae48a0-8517-4c16-9d39-4001697b8772/datanode-2/data/ratis/5e0413cf-2e4d-4c52-a81a-e562dd96f965
2019-09-25 05:52:29,679 [pool-47-thread-1] INFO  server.RaftServerConfigKeys (ConfUtils.java:logGet(43)) - raft.server.log.queue.byte-limit = 2147483647 (custom)
2019-09-25 05:52:29,679 [pool-47-thread-1] INFO  server.RaftServerConfigKeys (ConfUtils.java:logGet(43)) - raft.server.log.queue.element-limit = 1024 (custom)
2019-09-25 05:52:29,679 [pool-47-thread-1] INFO  server.RaftServerConfigKeys (ConfUtils.java:logGet(43)) - raft.server.log.segment.size.max = 1048576 (custom)
2019-09-25 05:52:29,679 [pool-47-thread-1] INFO  server.RaftServerConfigKeys (ConfUtils.java:logGet(43)) - raft.server.log.preallocated.size = 16384 (custom)
2019-09-25 05:52:29,679 [pool-47-thread-1] INFO  server.RaftServerConfigKeys (ConfUtils.java:logGet(43)) - raft.server.log.write.buffer.size = 33554432 (custom)
2019-09-25 05:52:29,679 [pool-47-thread-1] INFO  server.RaftServerConfigKeys (ConfUtils.java:logGet(43)) - raft.server.log.force.sync.num = 128 (default)
2019-09-25 05:52:29,679 [pool-47-thread-1] INFO  server.RaftServerConfigKeys (ConfUtils.java:logGet(43)) - raft.server.log.statemachine.data.sync = true (default)
2019-09-25 05:52:29,680 [pool-47-thread-1] INFO  server.RaftServerConfigKeys (ConfUtils.java:logGet(43)) - raft.server.log.statemachine.data.sync.timeout = 10s (default)
2019-09-25 05:52:29,680 [pool-47-thread-1] INFO  server.RaftServerConfigKeys (ConfUtils.java:logGet(43)) - raft.server.log.statemachine.data.sync.timeout.retry = -1 (default)
2019-09-25 05:52:29,680 [pool-47-thread-1] INFO  server.RaftServerConfigKeys (ConfUtils.java:logGet(43)) - raft.server.log.statemachine.data.caching.enabled = true (custom)
2019-09-25 05:52:29,680 [pool-47-thread-1] INFO  segmented.SegmentedRaftLogWorker (SegmentedRaftLogWorker.java:lambda$new$0(132)) - 754f3588-47e6-41ad-b34e-eb7041cce070@group-E562DD96F965-SegmentedRaftLogWorker: flushIndex: setUnconditionally 0 -> -1
2019-09-25 05:52:29,680 [pool-47-thread-1] INFO  server.RaftServerConfigKeys (ConfUtils.java:logGet(43)) - raft.server.snapshot.auto.trigger.enabled = true (custom)
2019-09-25 05:52:29,681 [pool-47-thread-1] INFO  server.RaftServerConfigKeys (ConfUtils.java:logGet(43)) - raft.server.snapshot.auto.trigger.threshold = 10000 (custom)
2019-09-25 05:52:29,681 [pool-47-thread-1] INFO  server.RaftServerConfigKeys (ConfUtils.java:logGet(43)) - raft.server.snapshot.retention.num.files = 5 (custom)
2019-09-25 05:52:29,681 [pool-47-thread-1] INFO  server.RaftServerConfigKeys (ConfUtils.java:logGet(43)) - raft.server.retrycache.expirytime = 600000ms (custom)
2019-09-25 05:52:29,683 [pool-47-thread-1] INFO  impl.RaftServerImpl (RaftServerImpl.java:start(185)) - 754f3588-47e6-41ad-b34e-eb7041cce070@group-E562DD96F965: start as a follower, conf=-1: [754f3588-47e6-41ad-b34e-eb7041cce070:192.168.30.10:41089], old=null
2019-09-25 05:52:29,683 [pool-47-thread-1] INFO  impl.RaftServerImpl (RaftServerImpl.java:setRole(174)) - 754f3588-47e6-41ad-b34e-eb7041cce070@group-E562DD96F965: changes role from      null to FOLLOWER at term 0 for startAsFollower
2019-09-25 05:52:29,683 [pool-47-thread-1] INFO  impl.RoleInfo (RoleInfo.java:updateAndGet(143)) - 754f3588-47e6-41ad-b34e-eb7041cce070: start FollowerState
2019-09-25 05:52:29,683 [pool-47-thread-1] INFO  util.JmxRegister (JmxRegister.java:tryRegister(44)) - Successfully registered JMX Bean with object name Ratis:service=RaftServer,group=group-E562DD96F965,id=754f3588-47e6-41ad-b34e-eb7041cce070
2019-09-25 05:52:29,686 [RatisPipelineUtilsThread] INFO  pipeline.PipelineStateManager (PipelineStateManager.java:addPipeline(56)) - Created pipeline Pipeline[ Id: 5e0413cf-2e4d-4c52-a81a-e562dd96f965, Nodes: 754f3588-47e6-41ad-b34e-eb7041cce070{ip: 192.168.30.10, host: pr-hdds-1569-s62bp-3040748787, networkLocation: /default-rack, certSerialId: null}, Type:RATIS, Factor:ONE, State:OPEN]
2019-09-25 05:52:29,692 [grpc-default-executor-0] INFO  impl.RaftServerProxy (RaftServerProxy.java:addNew(89)) - 5be219b2-97fd-4a8c-91ea-b15aa89454d4: addNew group-F20A76B892B0:[5be219b2-97fd-4a8c-91ea-b15aa89454d4:192.168.30.10:40625] returns group-F20A76B892B0:java.util.concurrent.CompletableFuture@7731bf37[Not completed]
2019-09-25 05:52:29,693 [pool-37-thread-1] INFO  impl.RaftServerImpl (RaftServerImpl.java:<init>(95)) - 5be219b2-97fd-4a8c-91ea-b15aa89454d4: new RaftServerImpl for group-F20A76B892B0:[5be219b2-97fd-4a8c-91ea-b15aa89454d4:192.168.30.10:40625] with ContainerStateMachine:uninitialized
2019-09-25 05:52:29,693 [pool-37-thread-1] INFO  server.RaftServerConfigKeys (ConfUtils.java:logGet(43)) - raft.server.rpc.timeout.min = 5s (custom)
2019-09-25 05:52:29,693 [pool-37-thread-1] INFO  server.RaftServerConfigKeys (ConfUtils.java:logGet(43)) - raft.server.rpc.timeout.max = 5200ms (custom)
2019-09-25 05:52:29,693 [pool-37-thread-1] INFO  server.RaftServerConfigKeys (ConfUtils.java:logGet(43)) - raft.server.rpcslowness.timeout = 120s (custom)
2019-09-25 05:52:29,694 [pool-37-thread-1] INFO  server.RaftServerConfigKeys (ConfUtils.java:logGet(43)) - raft.server.sleep.deviation.threshold = 300 (default)
2019-09-25 05:52:29,694 [pool-37-thread-1] INFO  server.RaftServerConfigKeys (ConfUtils.java:logGet(43)) - raft.server.log.appender.install.snapshot.enabled = false (custom)
2019-09-25 05:52:29,694 [pool-37-thread-1] INFO  impl.RaftServerImpl (ServerState.java:<init>(103)) - 5be219b2-97fd-4a8c-91ea-b15aa89454d4@group-F20A76B892B0: ConfigurationManager, init=-1: [5be219b2-97fd-4a8c-91ea-b15aa89454d4:192.168.30.10:40625], old=null, confs=<EMPTY_MAP>
2019-09-25 05:52:29,694 [pool-37-thread-1] INFO  server.RaftServerConfigKeys (ConfUtils.java:logGet(43)) - raft.server.storage.dir = [/workdir/hadoop-ozone/integration-test/target/test-dir/MiniOzoneClusterImpl-5fae48a0-8517-4c16-9d39-4001697b8772/datanode-1/data/ratis] (custom)
2019-09-25 05:52:29,694 [pool-37-thread-1] INFO  storage.RaftStorageDirectory (RaftStorageDirectory.java:analyzeStorage(246)) - The storage directory /workdir/hadoop-ozone/integration-test/target/test-dir/MiniOzoneClusterImpl-5fae48a0-8517-4c16-9d39-4001697b8772/datanode-1/data/ratis/58365704-91a7-4bf8-8243-f20a76b892b0 does not exist. Creating ...
2019-09-25 05:52:29,707 [pool-37-thread-1] INFO  storage.RaftStorageDirectory (RaftStorageDirectory.java:tryLock(328)) - Lock on /workdir/hadoop-ozone/integration-test/target/test-dir/MiniOzoneClusterImpl-5fae48a0-8517-4c16-9d39-4001697b8772/datanode-1/data/ratis/58365704-91a7-4bf8-8243-f20a76b892b0/in_use.lock acquired by nodename 25594@pr-hdds-1569-s62bp-3040748787
2019-09-25 05:52:29,720 [pool-37-thread-1] INFO  storage.RaftStorage (RaftStorage.java:format(72)) - Storage directory /workdir/hadoop-ozone/integration-test/target/test-dir/MiniOzoneClusterImpl-5fae48a0-8517-4c16-9d39-4001697b8772/datanode-1/data/ratis/58365704-91a7-4bf8-8243-f20a76b892b0 has been successfully formatted.
2019-09-25 05:52:29,720 [pool-37-thread-1] INFO  ratis.ContainerStateMachine (ContainerStateMachine.java:loadSnapshot(230)) - group-F20A76B892B0: The snapshot info is null. Setting the last applied indexto:(t:0, i:~)
2019-09-25 05:52:29,720 [pool-37-thread-1] INFO  server.RaftServerConfigKeys (ConfUtils.java:logGet(43)) - raft.server.notification.no-leader.timeout = 120s (custom)
2019-09-25 05:52:29,721 [pool-37-thread-1] INFO  server.RaftServerConfigKeys (ConfUtils.java:logGet(43)) - raft.server.log.use.memory = false (default)
2019-09-25 05:52:29,721 [pool-37-thread-1] INFO  server.RaftServerConfigKeys (ConfUtils.java:logGet(43)) - raft.server.log.purge.gap = 1000000 (custom)
2019-09-25 05:52:29,721 [pool-37-thread-1] INFO  server.RaftServerConfigKeys (ConfUtils.java:logGet(43)) - raft.server.log.appender.buffer.byte-limit = 33554432 (custom)
2019-09-25 05:52:29,721 [pool-37-thread-1] INFO  server.RaftServerConfigKeys (ConfUtils.java:logGet(43)) - raft.server.log.segment.size.max = 1048576 (custom)
2019-09-25 05:52:29,721 [pool-37-thread-1] INFO  server.RaftServerConfigKeys (ConfUtils.java:logGet(43)) - raft.server.log.segment.cache.num.max = 2 (custom)
2019-09-25 05:52:29,721 [pool-37-thread-1] INFO  segmented.SegmentedRaftLogWorker (SegmentedRaftLogWorker.java:<init>(172)) - new 5be219b2-97fd-4a8c-91ea-b15aa89454d4@group-F20A76B892B0-SegmentedRaftLogWorker for RaftStorage:Storage Directory /workdir/hadoop-ozone/integration-test/target/test-dir/MiniOzoneClusterImpl-5fae48a0-8517-4c16-9d39-4001697b8772/datanode-1/data/ratis/58365704-91a7-4bf8-8243-f20a76b892b0
2019-09-25 05:52:29,721 [pool-37-thread-1] INFO  server.RaftServerConfigKeys (ConfUtils.java:logGet(43)) - raft.server.log.queue.byte-limit = 2147483647 (custom)
2019-09-25 05:52:29,722 [pool-37-thread-1] INFO  server.RaftServerConfigKeys (ConfUtils.java:logGet(43)) - raft.server.log.queue.element-limit = 1024 (custom)
2019-09-25 05:52:29,722 [pool-37-thread-1] INFO  server.RaftServerConfigKeys (ConfUtils.java:logGet(43)) - raft.server.log.segment.size.max = 1048576 (custom)
2019-09-25 05:52:29,722 [pool-37-thread-1] INFO  server.RaftServerConfigKeys (ConfUtils.java:logGet(43)) - raft.server.log.preallocated.size = 16384 (custom)
2019-09-25 05:52:29,722 [pool-37-thread-1] INFO  server.RaftServerConfigKeys (ConfUtils.java:logGet(43)) - raft.server.log.write.buffer.size = 33554432 (custom)
2019-09-25 05:52:29,722 [pool-37-thread-1] INFO  server.RaftServerConfigKeys (ConfUtils.java:logGet(43)) - raft.server.log.force.sync.num = 128 (default)
2019-09-25 05:52:29,722 [pool-37-thread-1] INFO  server.RaftServerConfigKeys (ConfUtils.java:logGet(43)) - raft.server.log.statemachine.data.sync = true (default)
2019-09-25 05:52:29,722 [pool-37-thread-1] INFO  server.RaftServerConfigKeys (ConfUtils.java:logGet(43)) - raft.server.log.statemachine.data.sync.timeout = 10s (default)
2019-09-25 05:52:29,722 [pool-37-thread-1] INFO  server.RaftServerConfigKeys (ConfUtils.java:logGet(43)) - raft.server.log.statemachine.data.sync.timeout.retry = -1 (default)
2019-09-25 05:52:29,723 [pool-37-thread-1] INFO  server.RaftServerConfigKeys (ConfUtils.java:logGet(43)) - raft.server.log.statemachine.data.caching.enabled = true (custom)
2019-09-25 05:52:29,723 [pool-37-thread-1] INFO  segmented.SegmentedRaftLogWorker (SegmentedRaftLogWorker.java:lambda$new$0(132)) - 5be219b2-97fd-4a8c-91ea-b15aa89454d4@group-F20A76B892B0-SegmentedRaftLogWorker: flushIndex: setUnconditionally 0 -> -1
2019-09-25 05:52:29,723 [pool-37-thread-1] INFO  server.RaftServerConfigKeys (ConfUtils.java:logGet(43)) - raft.server.snapshot.auto.trigger.enabled = true (custom)
2019-09-25 05:52:29,723 [pool-37-thread-1] INFO  server.RaftServerConfigKeys (ConfUtils.java:logGet(43)) - raft.server.snapshot.auto.trigger.threshold = 10000 (custom)
2019-09-25 05:52:29,724 [pool-37-thread-1] INFO  server.RaftServerConfigKeys (ConfUtils.java:logGet(43)) - raft.server.snapshot.retention.num.files = 5 (custom)
2019-09-25 05:52:29,724 [pool-37-thread-1] INFO  server.RaftServerConfigKeys (ConfUtils.java:logGet(43)) - raft.server.retrycache.expirytime = 600000ms (custom)
2019-09-25 05:52:29,726 [pool-37-thread-1] INFO  impl.RaftServerImpl (RaftServerImpl.java:start(185)) - 5be219b2-97fd-4a8c-91ea-b15aa89454d4@group-F20A76B892B0: start as a follower, conf=-1: [5be219b2-97fd-4a8c-91ea-b15aa89454d4:192.168.30.10:40625], old=null
2019-09-25 05:52:29,726 [pool-37-thread-1] INFO  impl.RaftServerImpl (RaftServerImpl.java:setRole(174)) - 5be219b2-97fd-4a8c-91ea-b15aa89454d4@group-F20A76B892B0: changes role from      null to FOLLOWER at term 0 for startAsFollower
2019-09-25 05:52:29,727 [pool-37-thread-1] INFO  impl.RoleInfo (RoleInfo.java:updateAndGet(143)) - 5be219b2-97fd-4a8c-91ea-b15aa89454d4: start FollowerState
2019-09-25 05:52:29,727 [pool-37-thread-1] INFO  util.JmxRegister (JmxRegister.java:tryRegister(44)) - Successfully registered JMX Bean with object name Ratis:service=RaftServer,group=group-F20A76B892B0,id=5be219b2-97fd-4a8c-91ea-b15aa89454d4
2019-09-25 05:52:29,730 [RatisPipelineUtilsThread] INFO  pipeline.PipelineStateManager (PipelineStateManager.java:addPipeline(56)) - Created pipeline Pipeline[ Id: 58365704-91a7-4bf8-8243-f20a76b892b0, Nodes: 5be219b2-97fd-4a8c-91ea-b15aa89454d4{ip: 192.168.30.10, host: pr-hdds-1569-s62bp-3040748787, networkLocation: /default-rack, certSerialId: null}, Type:RATIS, Factor:ONE, State:OPEN]
2019-09-25 05:52:29,735 [grpc-default-executor-0] INFO  impl.RaftServerProxy (RaftServerProxy.java:addNew(89)) - 0bbc1277-be6f-4bf3-88cf-1c3b12e139ad: addNew group-EAFFD2989790:[0bbc1277-be6f-4bf3-88cf-1c3b12e139ad:192.168.30.10:46701] returns group-EAFFD2989790:java.util.concurrent.CompletableFuture@39971c8[Not completed]
2019-09-25 05:52:29,737 [pool-27-thread-1] INFO  impl.RaftServerImpl (RaftServerImpl.java:<init>(95)) - 0bbc1277-be6f-4bf3-88cf-1c3b12e139ad: new RaftServerImpl for group-EAFFD2989790:[0bbc1277-be6f-4bf3-88cf-1c3b12e139ad:192.168.30.10:46701] with ContainerStateMachine:uninitialized
2019-09-25 05:52:29,737 [pool-27-thread-1] INFO  server.RaftServerConfigKeys (ConfUtils.java:logGet(43)) - raft.server.rpc.timeout.min = 5s (custom)
2019-09-25 05:52:29,738 [pool-27-thread-1] INFO  server.RaftServerConfigKeys (ConfUtils.java:logGet(43)) - raft.server.rpc.timeout.max = 5200ms (custom)
2019-09-25 05:52:29,738 [pool-27-thread-1] INFO  server.RaftServerConfigKeys (ConfUtils.java:logGet(43)) - raft.server.rpcslowness.timeout = 120s (custom)
2019-09-25 05:52:29,738 [pool-27-thread-1] INFO  server.RaftServerConfigKeys (ConfUtils.java:logGet(43)) - raft.server.sleep.deviation.threshold = 300 (default)
2019-09-25 05:52:29,738 [pool-27-thread-1] INFO  server.RaftServerConfigKeys (ConfUtils.java:logGet(43)) - raft.server.log.appender.install.snapshot.enabled = false (custom)
2019-09-25 05:52:29,738 [pool-27-thread-1] INFO  impl.RaftServerImpl (ServerState.java:<init>(103)) - 0bbc1277-be6f-4bf3-88cf-1c3b12e139ad@group-EAFFD2989790: ConfigurationManager, init=-1: [0bbc1277-be6f-4bf3-88cf-1c3b12e139ad:192.168.30.10:46701], old=null, confs=<EMPTY_MAP>
2019-09-25 05:52:29,738 [pool-27-thread-1] INFO  server.RaftServerConfigKeys (ConfUtils.java:logGet(43)) - raft.server.storage.dir = [/workdir/hadoop-ozone/integration-test/target/test-dir/MiniOzoneClusterImpl-5fae48a0-8517-4c16-9d39-4001697b8772/datanode-0/data/ratis] (custom)
2019-09-25 05:52:29,739 [pool-27-thread-1] INFO  storage.RaftStorageDirectory (RaftStorageDirectory.java:analyzeStorage(246)) - The storage directory /workdir/hadoop-ozone/integration-test/target/test-dir/MiniOzoneClusterImpl-5fae48a0-8517-4c16-9d39-4001697b8772/datanode-0/data/ratis/809b8ec4-a3a6-4d07-88fc-eaffd2989790 does not exist. Creating ...
2019-09-25 05:52:29,753 [pool-27-thread-1] INFO  storage.RaftStorageDirectory (RaftStorageDirectory.java:tryLock(328)) - Lock on /workdir/hadoop-ozone/integration-test/target/test-dir/MiniOzoneClusterImpl-5fae48a0-8517-4c16-9d39-4001697b8772/datanode-0/data/ratis/809b8ec4-a3a6-4d07-88fc-eaffd2989790/in_use.lock acquired by nodename 25594@pr-hdds-1569-s62bp-3040748787
2019-09-25 05:52:29,766 [pool-27-thread-1] INFO  storage.RaftStorage (RaftStorage.java:format(72)) - Storage directory /workdir/hadoop-ozone/integration-test/target/test-dir/MiniOzoneClusterImpl-5fae48a0-8517-4c16-9d39-4001697b8772/datanode-0/data/ratis/809b8ec4-a3a6-4d07-88fc-eaffd2989790 has been successfully formatted.
2019-09-25 05:52:29,766 [pool-27-thread-1] INFO  ratis.ContainerStateMachine (ContainerStateMachine.java:loadSnapshot(230)) - group-EAFFD2989790: The snapshot info is null. Setting the last applied indexto:(t:0, i:~)
2019-09-25 05:52:29,767 [pool-27-thread-1] INFO  server.RaftServerConfigKeys (ConfUtils.java:logGet(43)) - raft.server.notification.no-leader.timeout = 120s (custom)
2019-09-25 05:52:29,767 [pool-27-thread-1] INFO  server.RaftServerConfigKeys (ConfUtils.java:logGet(43)) - raft.server.log.use.memory = false (default)
2019-09-25 05:52:29,767 [pool-27-thread-1] INFO  server.RaftServerConfigKeys (ConfUtils.java:logGet(43)) - raft.server.log.purge.gap = 1000000 (custom)
2019-09-25 05:52:29,767 [pool-27-thread-1] INFO  server.RaftServerConfigKeys (ConfUtils.java:logGet(43)) - raft.server.log.appender.buffer.byte-limit = 33554432 (custom)
2019-09-25 05:52:29,767 [pool-27-thread-1] INFO  server.RaftServerConfigKeys (ConfUtils.java:logGet(43)) - raft.server.log.segment.size.max = 1048576 (custom)
2019-09-25 05:52:29,767 [pool-27-thread-1] INFO  server.RaftServerConfigKeys (ConfUtils.java:logGet(43)) - raft.server.log.segment.cache.num.max = 2 (custom)
2019-09-25 05:52:29,768 [pool-27-thread-1] INFO  segmented.SegmentedRaftLogWorker (SegmentedRaftLogWorker.java:<init>(172)) - new 0bbc1277-be6f-4bf3-88cf-1c3b12e139ad@group-EAFFD2989790-SegmentedRaftLogWorker for RaftStorage:Storage Directory /workdir/hadoop-ozone/integration-test/target/test-dir/MiniOzoneClusterImpl-5fae48a0-8517-4c16-9d39-4001697b8772/datanode-0/data/ratis/809b8ec4-a3a6-4d07-88fc-eaffd2989790
2019-09-25 05:52:29,768 [pool-27-thread-1] INFO  server.RaftServerConfigKeys (ConfUtils.java:logGet(43)) - raft.server.log.queue.byte-limit = 2147483647 (custom)
2019-09-25 05:52:29,768 [pool-27-thread-1] INFO  server.RaftServerConfigKeys (ConfUtils.java:logGet(43)) - raft.server.log.queue.element-limit = 1024 (custom)
2019-09-25 05:52:29,768 [pool-27-thread-1] INFO  server.RaftServerConfigKeys (ConfUtils.java:logGet(43)) - raft.server.log.segment.size.max = 1048576 (custom)
2019-09-25 05:52:29,768 [pool-27-thread-1] INFO  server.RaftServerConfigKeys (ConfUtils.java:logGet(43)) - raft.server.log.preallocated.size = 16384 (custom)
2019-09-25 05:52:29,768 [pool-27-thread-1] INFO  server.RaftServerConfigKeys (ConfUtils.java:logGet(43)) - raft.server.log.write.buffer.size = 33554432 (custom)
2019-09-25 05:52:29,769 [pool-27-thread-1] INFO  server.RaftServerConfigKeys (ConfUtils.java:logGet(43)) - raft.server.log.force.sync.num = 128 (default)
2019-09-25 05:52:29,769 [pool-27-thread-1] INFO  server.RaftServerConfigKeys (ConfUtils.java:logGet(43)) - raft.server.log.statemachine.data.sync = true (default)
2019-09-25 05:52:29,769 [pool-27-thread-1] INFO  server.RaftServerConfigKeys (ConfUtils.java:logGet(43)) - raft.server.log.statemachine.data.sync.timeout = 10s (default)
2019-09-25 05:52:29,769 [pool-27-thread-1] INFO  server.RaftServerConfigKeys (ConfUtils.java:logGet(43)) - raft.server.log.statemachine.data.sync.timeout.retry = -1 (default)
2019-09-25 05:52:29,769 [pool-27-thread-1] INFO  server.RaftServerConfigKeys (ConfUtils.java:logGet(43)) - raft.server.log.statemachine.data.caching.enabled = true (custom)
2019-09-25 05:52:29,770 [pool-27-thread-1] INFO  segmented.SegmentedRaftLogWorker (SegmentedRaftLogWorker.java:lambda$new$0(132)) - 0bbc1277-be6f-4bf3-88cf-1c3b12e139ad@group-EAFFD2989790-SegmentedRaftLogWorker: flushIndex: setUnconditionally 0 -> -1
2019-09-25 05:52:29,770 [pool-27-thread-1] INFO  server.RaftServerConfigKeys (ConfUtils.java:logGet(43)) - raft.server.snapshot.auto.trigger.enabled = true (custom)
2019-09-25 05:52:29,770 [pool-27-thread-1] INFO  server.RaftServerConfigKeys (ConfUtils.java:logGet(43)) - raft.server.snapshot.auto.trigger.threshold = 10000 (custom)
2019-09-25 05:52:29,770 [pool-27-thread-1] INFO  server.RaftServerConfigKeys (ConfUtils.java:logGet(43)) - raft.server.snapshot.retention.num.files = 5 (custom)
2019-09-25 05:52:29,771 [pool-27-thread-1] INFO  server.RaftServerConfigKeys (ConfUtils.java:logGet(43)) - raft.server.retrycache.expirytime = 600000ms (custom)
2019-09-25 05:52:29,774 [pool-27-thread-1] INFO  impl.RaftServerImpl (RaftServerImpl.java:start(185)) - 0bbc1277-be6f-4bf3-88cf-1c3b12e139ad@group-EAFFD2989790: start as a follower, conf=-1: [0bbc1277-be6f-4bf3-88cf-1c3b12e139ad:192.168.30.10:46701], old=null
2019-09-25 05:52:29,774 [pool-27-thread-1] INFO  impl.RaftServerImpl (RaftServerImpl.java:setRole(174)) - 0bbc1277-be6f-4bf3-88cf-1c3b12e139ad@group-EAFFD2989790: changes role from      null to FOLLOWER at term 0 for startAsFollower
2019-09-25 05:52:29,774 [pool-27-thread-1] INFO  impl.RoleInfo (RoleInfo.java:updateAndGet(143)) - 0bbc1277-be6f-4bf3-88cf-1c3b12e139ad: start FollowerState
2019-09-25 05:52:29,774 [pool-27-thread-1] INFO  util.JmxRegister (JmxRegister.java:tryRegister(44)) - Successfully registered JMX Bean with object name Ratis:service=RaftServer,group=group-EAFFD2989790,id=0bbc1277-be6f-4bf3-88cf-1c3b12e139ad
2019-09-25 05:52:29,777 [RatisPipelineUtilsThread] INFO  pipeline.PipelineStateManager (PipelineStateManager.java:addPipeline(56)) - Created pipeline Pipeline[ Id: 809b8ec4-a3a6-4d07-88fc-eaffd2989790, Nodes: 0bbc1277-be6f-4bf3-88cf-1c3b12e139ad{ip: 192.168.30.10, host: pr-hdds-1569-s62bp-3040748787, networkLocation: /default-rack, certSerialId: null}, Type:RATIS, Factor:ONE, State:OPEN]
2019-09-25 05:52:29,783 [grpc-default-executor-0] INFO  impl.RaftServerProxy (RaftServerProxy.java:addNew(89)) - 0bbc1277-be6f-4bf3-88cf-1c3b12e139ad: addNew group-F3FA8EC02016:[0bbc1277-be6f-4bf3-88cf-1c3b12e139ad:192.168.30.10:46701] returns group-F3FA8EC02016:java.util.concurrent.CompletableFuture@418aab8b[Not completed]
2019-09-25 05:52:29,785 [pool-27-thread-1] INFO  impl.RaftServerImpl (RaftServerImpl.java:<init>(95)) - 0bbc1277-be6f-4bf3-88cf-1c3b12e139ad: new RaftServerImpl for group-F3FA8EC02016:[0bbc1277-be6f-4bf3-88cf-1c3b12e139ad:192.168.30.10:46701] with ContainerStateMachine:uninitialized
2019-09-25 05:52:29,785 [pool-27-thread-1] INFO  server.RaftServerConfigKeys (ConfUtils.java:logGet(43)) - raft.server.rpc.timeout.min = 5s (custom)
2019-09-25 05:52:29,785 [pool-27-thread-1] INFO  server.RaftServerConfigKeys (ConfUtils.java:logGet(43)) - raft.server.rpc.timeout.max = 5200ms (custom)
2019-09-25 05:52:29,785 [pool-27-thread-1] INFO  server.RaftServerConfigKeys (ConfUtils.java:logGet(43)) - raft.server.rpcslowness.timeout = 120s (custom)
2019-09-25 05:52:29,786 [pool-27-thread-1] INFO  server.RaftServerConfigKeys (ConfUtils.java:logGet(43)) - raft.server.sleep.deviation.threshold = 300 (default)
2019-09-25 05:52:29,786 [pool-27-thread-1] INFO  server.RaftServerConfigKeys (ConfUtils.java:logGet(43)) - raft.server.log.appender.install.snapshot.enabled = false (custom)
2019-09-25 05:52:29,786 [pool-27-thread-1] INFO  impl.RaftServerImpl (ServerState.java:<init>(103)) - 0bbc1277-be6f-4bf3-88cf-1c3b12e139ad@group-F3FA8EC02016: ConfigurationManager, init=-1: [0bbc1277-be6f-4bf3-88cf-1c3b12e139ad:192.168.30.10:46701], old=null, confs=<EMPTY_MAP>
2019-09-25 05:52:29,786 [pool-27-thread-1] INFO  server.RaftServerConfigKeys (ConfUtils.java:logGet(43)) - raft.server.storage.dir = [/workdir/hadoop-ozone/integration-test/target/test-dir/MiniOzoneClusterImpl-5fae48a0-8517-4c16-9d39-4001697b8772/datanode-0/data/ratis] (custom)
2019-09-25 05:52:29,787 [pool-27-thread-1] INFO  storage.RaftStorageDirectory (RaftStorageDirectory.java:analyzeStorage(246)) - The storage directory /workdir/hadoop-ozone/integration-test/target/test-dir/MiniOzoneClusterImpl-5fae48a0-8517-4c16-9d39-4001697b8772/datanode-0/data/ratis/594bf085-3c5d-4854-9d01-f3fa8ec02016 does not exist. Creating ...
2019-09-25 05:52:29,798 [pool-27-thread-1] INFO  storage.RaftStorageDirectory (RaftStorageDirectory.java:tryLock(328)) - Lock on /workdir/hadoop-ozone/integration-test/target/test-dir/MiniOzoneClusterImpl-5fae48a0-8517-4c16-9d39-4001697b8772/datanode-0/data/ratis/594bf085-3c5d-4854-9d01-f3fa8ec02016/in_use.lock acquired by nodename 25594@pr-hdds-1569-s62bp-3040748787
2019-09-25 05:52:29,811 [pool-27-thread-1] INFO  storage.RaftStorage (RaftStorage.java:format(72)) - Storage directory /workdir/hadoop-ozone/integration-test/target/test-dir/MiniOzoneClusterImpl-5fae48a0-8517-4c16-9d39-4001697b8772/datanode-0/data/ratis/594bf085-3c5d-4854-9d01-f3fa8ec02016 has been successfully formatted.
2019-09-25 05:52:29,812 [pool-27-thread-1] INFO  ratis.ContainerStateMachine (ContainerStateMachine.java:loadSnapshot(230)) - group-F3FA8EC02016: The snapshot info is null. Setting the last applied indexto:(t:0, i:~)
2019-09-25 05:52:29,812 [pool-27-thread-1] INFO  server.RaftServerConfigKeys (ConfUtils.java:logGet(43)) - raft.server.notification.no-leader.timeout = 120s (custom)
2019-09-25 05:52:29,812 [pool-27-thread-1] INFO  server.RaftServerConfigKeys (ConfUtils.java:logGet(43)) - raft.server.log.use.memory = false (default)
2019-09-25 05:52:29,812 [pool-27-thread-1] INFO  server.RaftServerConfigKeys (ConfUtils.java:logGet(43)) - raft.server.log.purge.gap = 1000000 (custom)
2019-09-25 05:52:29,812 [pool-27-thread-1] INFO  server.RaftServerConfigKeys (ConfUtils.java:logGet(43)) - raft.server.log.appender.buffer.byte-limit = 33554432 (custom)
2019-09-25 05:52:29,813 [pool-27-thread-1] INFO  server.RaftServerConfigKeys (ConfUtils.java:logGet(43)) - raft.server.log.segment.size.max = 1048576 (custom)
2019-09-25 05:52:29,813 [pool-27-thread-1] INFO  server.RaftServerConfigKeys (ConfUtils.java:logGet(43)) - raft.server.log.segment.cache.num.max = 2 (custom)
2019-09-25 05:52:29,813 [pool-27-thread-1] INFO  segmented.SegmentedRaftLogWorker (SegmentedRaftLogWorker.java:<init>(172)) - new 0bbc1277-be6f-4bf3-88cf-1c3b12e139ad@group-F3FA8EC02016-SegmentedRaftLogWorker for RaftStorage:Storage Directory /workdir/hadoop-ozone/integration-test/target/test-dir/MiniOzoneClusterImpl-5fae48a0-8517-4c16-9d39-4001697b8772/datanode-0/data/ratis/594bf085-3c5d-4854-9d01-f3fa8ec02016
2019-09-25 05:52:29,813 [pool-27-thread-1] INFO  server.RaftServerConfigKeys (ConfUtils.java:logGet(43)) - raft.server.log.queue.byte-limit = 2147483647 (custom)
2019-09-25 05:52:29,813 [pool-27-thread-1] INFO  server.RaftServerConfigKeys (ConfUtils.java:logGet(43)) - raft.server.log.queue.element-limit = 1024 (custom)
2019-09-25 05:52:29,813 [pool-27-thread-1] INFO  server.RaftServerConfigKeys (ConfUtils.java:logGet(43)) - raft.server.log.segment.size.max = 1048576 (custom)
2019-09-25 05:52:29,814 [pool-27-thread-1] INFO  server.RaftServerConfigKeys (ConfUtils.java:logGet(43)) - raft.server.log.preallocated.size = 16384 (custom)
2019-09-25 05:52:29,814 [pool-27-thread-1] INFO  server.RaftServerConfigKeys (ConfUtils.java:logGet(43)) - raft.server.log.write.buffer.size = 33554432 (custom)
2019-09-25 05:52:29,814 [pool-27-thread-1] INFO  server.RaftServerConfigKeys (ConfUtils.java:logGet(43)) - raft.server.log.force.sync.num = 128 (default)
2019-09-25 05:52:29,814 [pool-27-thread-1] INFO  server.RaftServerConfigKeys (ConfUtils.java:logGet(43)) - raft.server.log.statemachine.data.sync = true (default)
2019-09-25 05:52:29,814 [pool-27-thread-1] INFO  server.RaftServerConfigKeys (ConfUtils.java:logGet(43)) - raft.server.log.statemachine.data.sync.timeout = 10s (default)
2019-09-25 05:52:29,814 [pool-27-thread-1] INFO  server.RaftServerConfigKeys (ConfUtils.java:logGet(43)) - raft.server.log.statemachine.data.sync.timeout.retry = -1 (default)
2019-09-25 05:52:29,815 [pool-27-thread-1] INFO  server.RaftServerConfigKeys (ConfUtils.java:logGet(43)) - raft.server.log.statemachine.data.caching.enabled = true (custom)
2019-09-25 05:52:29,815 [pool-27-thread-1] INFO  segmented.SegmentedRaftLogWorker (SegmentedRaftLogWorker.java:lambda$new$0(132)) - 0bbc1277-be6f-4bf3-88cf-1c3b12e139ad@group-F3FA8EC02016-SegmentedRaftLogWorker: flushIndex: setUnconditionally 0 -> -1
2019-09-25 05:52:29,815 [pool-27-thread-1] INFO  server.RaftServerConfigKeys (ConfUtils.java:logGet(43)) - raft.server.snapshot.auto.trigger.enabled = true (custom)
2019-09-25 05:52:29,816 [pool-27-thread-1] INFO  server.RaftServerConfigKeys (ConfUtils.java:logGet(43)) - raft.server.snapshot.auto.trigger.threshold = 10000 (custom)
2019-09-25 05:52:29,816 [pool-27-thread-1] INFO  server.RaftServerConfigKeys (ConfUtils.java:logGet(43)) - raft.server.snapshot.retention.num.files = 5 (custom)
2019-09-25 05:52:29,816 [pool-27-thread-1] INFO  server.RaftServerConfigKeys (ConfUtils.java:logGet(43)) - raft.server.retrycache.expirytime = 600000ms (custom)
2019-09-25 05:52:29,819 [pool-27-thread-1] INFO  impl.RaftServerImpl (RaftServerImpl.java:start(185)) - 0bbc1277-be6f-4bf3-88cf-1c3b12e139ad@group-F3FA8EC02016: start as a follower, conf=-1: [0bbc1277-be6f-4bf3-88cf-1c3b12e139ad:192.168.30.10:46701], old=null
2019-09-25 05:52:29,819 [pool-27-thread-1] INFO  impl.RaftServerImpl (RaftServerImpl.java:setRole(174)) - 0bbc1277-be6f-4bf3-88cf-1c3b12e139ad@group-F3FA8EC02016: changes role from      null to FOLLOWER at term 0 for startAsFollower
2019-09-25 05:52:29,819 [pool-27-thread-1] INFO  impl.RoleInfo (RoleInfo.java:updateAndGet(143)) - 0bbc1277-be6f-4bf3-88cf-1c3b12e139ad: start FollowerState
2019-09-25 05:52:29,820 [pool-27-thread-1] INFO  util.JmxRegister (JmxRegister.java:tryRegister(44)) - Successfully registered JMX Bean with object name Ratis:service=RaftServer,group=group-F3FA8EC02016,id=0bbc1277-be6f-4bf3-88cf-1c3b12e139ad
2019-09-25 05:52:29,823 [RatisPipelineUtilsThread] INFO  pipeline.PipelineStateManager (PipelineStateManager.java:addPipeline(56)) - Created pipeline Pipeline[ Id: 594bf085-3c5d-4854-9d01-f3fa8ec02016, Nodes: 0bbc1277-be6f-4bf3-88cf-1c3b12e139ad{ip: 192.168.30.10, host: pr-hdds-1569-s62bp-3040748787, networkLocation: /default-rack, certSerialId: null}, Type:RATIS, Factor:ONE, State:OPEN]
2019-09-25 05:52:29,829 [grpc-default-executor-0] INFO  impl.RaftServerProxy (RaftServerProxy.java:addNew(89)) - 754f3588-47e6-41ad-b34e-eb7041cce070: addNew group-2F4E73A0FF2F:[754f3588-47e6-41ad-b34e-eb7041cce070:192.168.30.10:41089] returns group-2F4E73A0FF2F:java.util.concurrent.CompletableFuture@7f59cded[Not completed]
2019-09-25 05:52:29,830 [pool-47-thread-1] INFO  impl.RaftServerImpl (RaftServerImpl.java:<init>(95)) - 754f3588-47e6-41ad-b34e-eb7041cce070: new RaftServerImpl for group-2F4E73A0FF2F:[754f3588-47e6-41ad-b34e-eb7041cce070:192.168.30.10:41089] with ContainerStateMachine:uninitialized
2019-09-25 05:52:29,830 [pool-47-thread-1] INFO  server.RaftServerConfigKeys (ConfUtils.java:logGet(43)) - raft.server.rpc.timeout.min = 5s (custom)
2019-09-25 05:52:29,830 [pool-47-thread-1] INFO  server.RaftServerConfigKeys (ConfUtils.java:logGet(43)) - raft.server.rpc.timeout.max = 5200ms (custom)
2019-09-25 05:52:29,830 [pool-47-thread-1] INFO  server.RaftServerConfigKeys (ConfUtils.java:logGet(43)) - raft.server.rpcslowness.timeout = 120s (custom)
2019-09-25 05:52:29,830 [pool-47-thread-1] INFO  server.RaftServerConfigKeys (ConfUtils.java:logGet(43)) - raft.server.sleep.deviation.threshold = 300 (default)
2019-09-25 05:52:29,831 [pool-47-thread-1] INFO  server.RaftServerConfigKeys (ConfUtils.java:logGet(43)) - raft.server.log.appender.install.snapshot.enabled = false (custom)
2019-09-25 05:52:29,831 [pool-47-thread-1] INFO  impl.RaftServerImpl (ServerState.java:<init>(103)) - 754f3588-47e6-41ad-b34e-eb7041cce070@group-2F4E73A0FF2F: ConfigurationManager, init=-1: [754f3588-47e6-41ad-b34e-eb7041cce070:192.168.30.10:41089], old=null, confs=<EMPTY_MAP>
2019-09-25 05:52:29,831 [pool-47-thread-1] INFO  server.RaftServerConfigKeys (ConfUtils.java:logGet(43)) - raft.server.storage.dir = [/workdir/hadoop-ozone/integration-test/target/test-dir/MiniOzoneClusterImpl-5fae48a0-8517-4c16-9d39-4001697b8772/datanode-2/data/ratis] (custom)
2019-09-25 05:52:29,831 [pool-47-thread-1] INFO  storage.RaftStorageDirectory (RaftStorageDirectory.java:analyzeStorage(246)) - The storage directory /workdir/hadoop-ozone/integration-test/target/test-dir/MiniOzoneClusterImpl-5fae48a0-8517-4c16-9d39-4001697b8772/datanode-2/data/ratis/bc9b5949-a7e6-4653-bac9-2f4e73a0ff2f does not exist. Creating ...
2019-09-25 05:52:29,844 [pool-47-thread-1] INFO  storage.RaftStorageDirectory (RaftStorageDirectory.java:tryLock(328)) - Lock on /workdir/hadoop-ozone/integration-test/target/test-dir/MiniOzoneClusterImpl-5fae48a0-8517-4c16-9d39-4001697b8772/datanode-2/data/ratis/bc9b5949-a7e6-4653-bac9-2f4e73a0ff2f/in_use.lock acquired by nodename 25594@pr-hdds-1569-s62bp-3040748787
2019-09-25 05:52:29,856 [pool-47-thread-1] INFO  storage.RaftStorage (RaftStorage.java:format(72)) - Storage directory /workdir/hadoop-ozone/integration-test/target/test-dir/MiniOzoneClusterImpl-5fae48a0-8517-4c16-9d39-4001697b8772/datanode-2/data/ratis/bc9b5949-a7e6-4653-bac9-2f4e73a0ff2f has been successfully formatted.
2019-09-25 05:52:29,857 [pool-47-thread-1] INFO  ratis.ContainerStateMachine (ContainerStateMachine.java:loadSnapshot(230)) - group-2F4E73A0FF2F: The snapshot info is null. Setting the last applied indexto:(t:0, i:~)
2019-09-25 05:52:29,857 [pool-47-thread-1] INFO  server.RaftServerConfigKeys (ConfUtils.java:logGet(43)) - raft.server.notification.no-leader.timeout = 120s (custom)
2019-09-25 05:52:29,857 [pool-47-thread-1] INFO  server.RaftServerConfigKeys (ConfUtils.java:logGet(43)) - raft.server.log.use.memory = false (default)
2019-09-25 05:52:29,857 [pool-47-thread-1] INFO  server.RaftServerConfigKeys (ConfUtils.java:logGet(43)) - raft.server.log.purge.gap = 1000000 (custom)
2019-09-25 05:52:29,857 [pool-47-thread-1] INFO  server.RaftServerConfigKeys (ConfUtils.java:logGet(43)) - raft.server.log.appender.buffer.byte-limit = 33554432 (custom)
2019-09-25 05:52:29,857 [pool-47-thread-1] INFO  server.RaftServerConfigKeys (ConfUtils.java:logGet(43)) - raft.server.log.segment.size.max = 1048576 (custom)
2019-09-25 05:52:29,857 [pool-47-thread-1] INFO  server.RaftServerConfigKeys (ConfUtils.java:logGet(43)) - raft.server.log.segment.cache.num.max = 2 (custom)
2019-09-25 05:52:29,858 [pool-47-thread-1] INFO  segmented.SegmentedRaftLogWorker (SegmentedRaftLogWorker.java:<init>(172)) - new 754f3588-47e6-41ad-b34e-eb7041cce070@group-2F4E73A0FF2F-SegmentedRaftLogWorker for RaftStorage:Storage Directory /workdir/hadoop-ozone/integration-test/target/test-dir/MiniOzoneClusterImpl-5fae48a0-8517-4c16-9d39-4001697b8772/datanode-2/data/ratis/bc9b5949-a7e6-4653-bac9-2f4e73a0ff2f
2019-09-25 05:52:29,858 [pool-47-thread-1] INFO  server.RaftServerConfigKeys (ConfUtils.java:logGet(43)) - raft.server.log.queue.byte-limit = 2147483647 (custom)
2019-09-25 05:52:29,858 [pool-47-thread-1] INFO  server.RaftServerConfigKeys (ConfUtils.java:logGet(43)) - raft.server.log.queue.element-limit = 1024 (custom)
2019-09-25 05:52:29,858 [pool-47-thread-1] INFO  server.RaftServerConfigKeys (ConfUtils.java:logGet(43)) - raft.server.log.segment.size.max = 1048576 (custom)
2019-09-25 05:52:29,858 [pool-47-thread-1] INFO  server.RaftServerConfigKeys (ConfUtils.java:logGet(43)) - raft.server.log.preallocated.size = 16384 (custom)
2019-09-25 05:52:29,858 [pool-47-thread-1] INFO  server.RaftServerConfigKeys (ConfUtils.java:logGet(43)) - raft.server.log.write.buffer.size = 33554432 (custom)
2019-09-25 05:52:29,858 [pool-47-thread-1] INFO  server.RaftServerConfigKeys (ConfUtils.java:logGet(43)) - raft.server.log.force.sync.num = 128 (default)
2019-09-25 05:52:29,858 [pool-47-thread-1] INFO  server.RaftServerConfigKeys (ConfUtils.java:logGet(43)) - raft.server.log.statemachine.data.sync = true (default)
2019-09-25 05:52:29,858 [pool-47-thread-1] INFO  server.RaftServerConfigKeys (ConfUtils.java:logGet(43)) - raft.server.log.statemachine.data.sync.timeout = 10s (default)
2019-09-25 05:52:29,858 [pool-47-thread-1] INFO  server.RaftServerConfigKeys (ConfUtils.java:logGet(43)) - raft.server.log.statemachine.data.sync.timeout.retry = -1 (default)
2019-09-25 05:52:29,859 [pool-47-thread-1] INFO  server.RaftServerConfigKeys (ConfUtils.java:logGet(43)) - raft.server.log.statemachine.data.caching.enabled = true (custom)
2019-09-25 05:52:29,859 [pool-47-thread-1] INFO  segmented.SegmentedRaftLogWorker (SegmentedRaftLogWorker.java:lambda$new$0(132)) - 754f3588-47e6-41ad-b34e-eb7041cce070@group-2F4E73A0FF2F-SegmentedRaftLogWorker: flushIndex: setUnconditionally 0 -> -1
2019-09-25 05:52:29,859 [pool-47-thread-1] INFO  server.RaftServerConfigKeys (ConfUtils.java:logGet(43)) - raft.server.snapshot.auto.trigger.enabled = true (custom)
2019-09-25 05:52:29,859 [pool-47-thread-1] INFO  server.RaftServerConfigKeys (ConfUtils.java:logGet(43)) - raft.server.snapshot.auto.trigger.threshold = 10000 (custom)
2019-09-25 05:52:29,859 [pool-47-thread-1] INFO  server.RaftServerConfigKeys (ConfUtils.java:logGet(43)) - raft.server.snapshot.retention.num.files = 5 (custom)
2019-09-25 05:52:29,859 [pool-47-thread-1] INFO  server.RaftServerConfigKeys (ConfUtils.java:logGet(43)) - raft.server.retrycache.expirytime = 600000ms (custom)
2019-09-25 05:52:29,861 [pool-47-thread-1] INFO  impl.RaftServerImpl (RaftServerImpl.java:start(185)) - 754f3588-47e6-41ad-b34e-eb7041cce070@group-2F4E73A0FF2F: start as a follower, conf=-1: [754f3588-47e6-41ad-b34e-eb7041cce070:192.168.30.10:41089], old=null
2019-09-25 05:52:29,861 [pool-47-thread-1] INFO  impl.RaftServerImpl (RaftServerImpl.java:setRole(174)) - 754f3588-47e6-41ad-b34e-eb7041cce070@group-2F4E73A0FF2F: changes role from      null to FOLLOWER at term 0 for startAsFollower
2019-09-25 05:52:29,862 [pool-47-thread-1] INFO  impl.RoleInfo (RoleInfo.java:updateAndGet(143)) - 754f3588-47e6-41ad-b34e-eb7041cce070: start FollowerState
2019-09-25 05:52:29,862 [pool-47-thread-1] INFO  util.JmxRegister (JmxRegister.java:tryRegister(44)) - Successfully registered JMX Bean with object name Ratis:service=RaftServer,group=group-2F4E73A0FF2F,id=754f3588-47e6-41ad-b34e-eb7041cce070
2019-09-25 05:52:29,865 [RatisPipelineUtilsThread] INFO  pipeline.PipelineStateManager (PipelineStateManager.java:addPipeline(56)) - Created pipeline Pipeline[ Id: bc9b5949-a7e6-4653-bac9-2f4e73a0ff2f, Nodes: 754f3588-47e6-41ad-b34e-eb7041cce070{ip: 192.168.30.10, host: pr-hdds-1569-s62bp-3040748787, networkLocation: /default-rack, certSerialId: null}, Type:RATIS, Factor:ONE, State:OPEN]
2019-09-25 05:52:29,871 [grpc-default-executor-0] INFO  impl.RaftServerProxy (RaftServerProxy.java:addNew(89)) - 5be219b2-97fd-4a8c-91ea-b15aa89454d4: addNew group-09E77BA40875:[5be219b2-97fd-4a8c-91ea-b15aa89454d4:192.168.30.10:40625] returns group-09E77BA40875:java.util.concurrent.CompletableFuture@13455251[Not completed]
2019-09-25 05:52:29,873 [pool-37-thread-1] INFO  impl.RaftServerImpl (RaftServerImpl.java:<init>(95)) - 5be219b2-97fd-4a8c-91ea-b15aa89454d4: new RaftServerImpl for group-09E77BA40875:[5be219b2-97fd-4a8c-91ea-b15aa89454d4:192.168.30.10:40625] with ContainerStateMachine:uninitialized
2019-09-25 05:52:29,873 [pool-37-thread-1] INFO  server.RaftServerConfigKeys (ConfUtils.java:logGet(43)) - raft.server.rpc.timeout.min = 5s (custom)
2019-09-25 05:52:29,873 [pool-37-thread-1] INFO  server.RaftServerConfigKeys (ConfUtils.java:logGet(43)) - raft.server.rpc.timeout.max = 5200ms (custom)
2019-09-25 05:52:29,873 [pool-37-thread-1] INFO  server.RaftServerConfigKeys (ConfUtils.java:logGet(43)) - raft.server.rpcslowness.timeout = 120s (custom)
2019-09-25 05:52:29,873 [pool-37-thread-1] INFO  server.RaftServerConfigKeys (ConfUtils.java:logGet(43)) - raft.server.sleep.deviation.threshold = 300 (default)
2019-09-25 05:52:29,873 [pool-37-thread-1] INFO  server.RaftServerConfigKeys (ConfUtils.java:logGet(43)) - raft.server.log.appender.install.snapshot.enabled = false (custom)
2019-09-25 05:52:29,874 [pool-37-thread-1] INFO  impl.RaftServerImpl (ServerState.java:<init>(103)) - 5be219b2-97fd-4a8c-91ea-b15aa89454d4@group-09E77BA40875: ConfigurationManager, init=-1: [5be219b2-97fd-4a8c-91ea-b15aa89454d4:192.168.30.10:40625], old=null, confs=<EMPTY_MAP>
2019-09-25 05:52:29,874 [pool-37-thread-1] INFO  server.RaftServerConfigKeys (ConfUtils.java:logGet(43)) - raft.server.storage.dir = [/workdir/hadoop-ozone/integration-test/target/test-dir/MiniOzoneClusterImpl-5fae48a0-8517-4c16-9d39-4001697b8772/datanode-1/data/ratis] (custom)
2019-09-25 05:52:29,874 [pool-37-thread-1] INFO  storage.RaftStorageDirectory (RaftStorageDirectory.java:analyzeStorage(246)) - The storage directory /workdir/hadoop-ozone/integration-test/target/test-dir/MiniOzoneClusterImpl-5fae48a0-8517-4c16-9d39-4001697b8772/datanode-1/data/ratis/391e3f38-9d06-4ab7-8abc-09e77ba40875 does not exist. Creating ...
2019-09-25 05:52:29,887 [pool-37-thread-1] INFO  storage.RaftStorageDirectory (RaftStorageDirectory.java:tryLock(328)) - Lock on /workdir/hadoop-ozone/integration-test/target/test-dir/MiniOzoneClusterImpl-5fae48a0-8517-4c16-9d39-4001697b8772/datanode-1/data/ratis/391e3f38-9d06-4ab7-8abc-09e77ba40875/in_use.lock acquired by nodename 25594@pr-hdds-1569-s62bp-3040748787
2019-09-25 05:52:29,901 [pool-37-thread-1] INFO  storage.RaftStorage (RaftStorage.java:format(72)) - Storage directory /workdir/hadoop-ozone/integration-test/target/test-dir/MiniOzoneClusterImpl-5fae48a0-8517-4c16-9d39-4001697b8772/datanode-1/data/ratis/391e3f38-9d06-4ab7-8abc-09e77ba40875 has been successfully formatted.
2019-09-25 05:52:29,902 [pool-37-thread-1] INFO  ratis.ContainerStateMachine (ContainerStateMachine.java:loadSnapshot(230)) - group-09E77BA40875: The snapshot info is null. Setting the last applied indexto:(t:0, i:~)
2019-09-25 05:52:29,902 [pool-37-thread-1] INFO  server.RaftServerConfigKeys (ConfUtils.java:logGet(43)) - raft.server.notification.no-leader.timeout = 120s (custom)
2019-09-25 05:52:29,902 [pool-37-thread-1] INFO  server.RaftServerConfigKeys (ConfUtils.java:logGet(43)) - raft.server.log.use.memory = false (default)
2019-09-25 05:52:29,902 [pool-37-thread-1] INFO  server.RaftServerConfigKeys (ConfUtils.java:logGet(43)) - raft.server.log.purge.gap = 1000000 (custom)
2019-09-25 05:52:29,902 [pool-37-thread-1] INFO  server.RaftServerConfigKeys (ConfUtils.java:logGet(43)) - raft.server.log.appender.buffer.byte-limit = 33554432 (custom)
2019-09-25 05:52:29,902 [pool-37-thread-1] INFO  server.RaftServerConfigKeys (ConfUtils.java:logGet(43)) - raft.server.log.segment.size.max = 1048576 (custom)
2019-09-25 05:52:29,903 [pool-37-thread-1] INFO  server.RaftServerConfigKeys (ConfUtils.java:logGet(43)) - raft.server.log.segment.cache.num.max = 2 (custom)
2019-09-25 05:52:29,903 [pool-37-thread-1] INFO  segmented.SegmentedRaftLogWorker (SegmentedRaftLogWorker.java:<init>(172)) - new 5be219b2-97fd-4a8c-91ea-b15aa89454d4@group-09E77BA40875-SegmentedRaftLogWorker for RaftStorage:Storage Directory /workdir/hadoop-ozone/integration-test/target/test-dir/MiniOzoneClusterImpl-5fae48a0-8517-4c16-9d39-4001697b8772/datanode-1/data/ratis/391e3f38-9d06-4ab7-8abc-09e77ba40875
2019-09-25 05:52:29,903 [pool-37-thread-1] INFO  server.RaftServerConfigKeys (ConfUtils.java:logGet(43)) - raft.server.log.queue.byte-limit = 2147483647 (custom)
2019-09-25 05:52:29,903 [pool-37-thread-1] INFO  server.RaftServerConfigKeys (ConfUtils.java:logGet(43)) - raft.server.log.queue.element-limit = 1024 (custom)
2019-09-25 05:52:29,903 [pool-37-thread-1] INFO  server.RaftServerConfigKeys (ConfUtils.java:logGet(43)) - raft.server.log.segment.size.max = 1048576 (custom)
2019-09-25 05:52:29,903 [pool-37-thread-1] INFO  server.RaftServerConfigKeys (ConfUtils.java:logGet(43)) - raft.server.log.preallocated.size = 16384 (custom)
2019-09-25 05:52:29,903 [pool-37-thread-1] INFO  server.RaftServerConfigKeys (ConfUtils.java:logGet(43)) - raft.server.log.write.buffer.size = 33554432 (custom)
2019-09-25 05:52:29,904 [pool-37-thread-1] INFO  server.RaftServerConfigKeys (ConfUtils.java:logGet(43)) - raft.server.log.force.sync.num = 128 (default)
2019-09-25 05:52:29,904 [pool-37-thread-1] INFO  server.RaftServerConfigKeys (ConfUtils.java:logGet(43)) - raft.server.log.statemachine.data.sync = true (default)
2019-09-25 05:52:29,904 [pool-37-thread-1] INFO  server.RaftServerConfigKeys (ConfUtils.java:logGet(43)) - raft.server.log.statemachine.data.sync.timeout = 10s (default)
2019-09-25 05:52:29,904 [pool-37-thread-1] INFO  server.RaftServerConfigKeys (ConfUtils.java:logGet(43)) - raft.server.log.statemachine.data.sync.timeout.retry = -1 (default)
2019-09-25 05:52:29,904 [pool-37-thread-1] INFO  server.RaftServerConfigKeys (ConfUtils.java:logGet(43)) - raft.server.log.statemachine.data.caching.enabled = true (custom)
2019-09-25 05:52:29,905 [pool-37-thread-1] INFO  segmented.SegmentedRaftLogWorker (SegmentedRaftLogWorker.java:lambda$new$0(132)) - 5be219b2-97fd-4a8c-91ea-b15aa89454d4@group-09E77BA40875-SegmentedRaftLogWorker: flushIndex: setUnconditionally 0 -> -1
2019-09-25 05:52:29,905 [pool-37-thread-1] INFO  server.RaftServerConfigKeys (ConfUtils.java:logGet(43)) - raft.server.snapshot.auto.trigger.enabled = true (custom)
2019-09-25 05:52:29,905 [pool-37-thread-1] INFO  server.RaftServerConfigKeys (ConfUtils.java:logGet(43)) - raft.server.snapshot.auto.trigger.threshold = 10000 (custom)
2019-09-25 05:52:29,905 [pool-37-thread-1] INFO  server.RaftServerConfigKeys (ConfUtils.java:logGet(43)) - raft.server.snapshot.retention.num.files = 5 (custom)
2019-09-25 05:52:29,905 [pool-37-thread-1] INFO  server.RaftServerConfigKeys (ConfUtils.java:logGet(43)) - raft.server.retrycache.expirytime = 600000ms (custom)
2019-09-25 05:52:29,908 [pool-37-thread-1] INFO  impl.RaftServerImpl (RaftServerImpl.java:start(185)) - 5be219b2-97fd-4a8c-91ea-b15aa89454d4@group-09E77BA40875: start as a follower, conf=-1: [5be219b2-97fd-4a8c-91ea-b15aa89454d4:192.168.30.10:40625], old=null
2019-09-25 05:52:29,908 [pool-37-thread-1] INFO  impl.RaftServerImpl (RaftServerImpl.java:setRole(174)) - 5be219b2-97fd-4a8c-91ea-b15aa89454d4@group-09E77BA40875: changes role from      null to FOLLOWER at term 0 for startAsFollower
2019-09-25 05:52:29,908 [pool-37-thread-1] INFO  impl.RoleInfo (RoleInfo.java:updateAndGet(143)) - 5be219b2-97fd-4a8c-91ea-b15aa89454d4: start FollowerState
2019-09-25 05:52:29,908 [pool-37-thread-1] INFO  util.JmxRegister (JmxRegister.java:tryRegister(44)) - Successfully registered JMX Bean with object name Ratis:service=RaftServer,group=group-09E77BA40875,id=5be219b2-97fd-4a8c-91ea-b15aa89454d4
2019-09-25 05:52:29,911 [RatisPipelineUtilsThread] INFO  pipeline.PipelineStateManager (PipelineStateManager.java:addPipeline(56)) - Created pipeline Pipeline[ Id: 391e3f38-9d06-4ab7-8abc-09e77ba40875, Nodes: 5be219b2-97fd-4a8c-91ea-b15aa89454d4{ip: 192.168.30.10, host: pr-hdds-1569-s62bp-3040748787, networkLocation: /default-rack, certSerialId: null}, Type:RATIS, Factor:ONE, State:OPEN]
2019-09-25 05:52:29,917 [grpc-default-executor-0] INFO  impl.RaftServerProxy (RaftServerProxy.java:addNew(89)) - 5be219b2-97fd-4a8c-91ea-b15aa89454d4: addNew group-08F50665F143:[5be219b2-97fd-4a8c-91ea-b15aa89454d4:192.168.30.10:40625] returns group-08F50665F143:java.util.concurrent.CompletableFuture@222b65bd[Not completed]
2019-09-25 05:52:29,918 [pool-37-thread-1] INFO  impl.RaftServerImpl (RaftServerImpl.java:<init>(95)) - 5be219b2-97fd-4a8c-91ea-b15aa89454d4: new RaftServerImpl for group-08F50665F143:[5be219b2-97fd-4a8c-91ea-b15aa89454d4:192.168.30.10:40625] with ContainerStateMachine:uninitialized
2019-09-25 05:52:29,918 [pool-37-thread-1] INFO  server.RaftServerConfigKeys (ConfUtils.java:logGet(43)) - raft.server.rpc.timeout.min = 5s (custom)
2019-09-25 05:52:29,918 [pool-37-thread-1] INFO  server.RaftServerConfigKeys (ConfUtils.java:logGet(43)) - raft.server.rpc.timeout.max = 5200ms (custom)
2019-09-25 05:52:29,918 [pool-37-thread-1] INFO  server.RaftServerConfigKeys (ConfUtils.java:logGet(43)) - raft.server.rpcslowness.timeout = 120s (custom)
2019-09-25 05:52:29,918 [pool-37-thread-1] INFO  server.RaftServerConfigKeys (ConfUtils.java:logGet(43)) - raft.server.sleep.deviation.threshold = 300 (default)
2019-09-25 05:52:29,918 [pool-37-thread-1] INFO  server.RaftServerConfigKeys (ConfUtils.java:logGet(43)) - raft.server.log.appender.install.snapshot.enabled = false (custom)
2019-09-25 05:52:29,919 [pool-37-thread-1] INFO  impl.RaftServerImpl (ServerState.java:<init>(103)) - 5be219b2-97fd-4a8c-91ea-b15aa89454d4@group-08F50665F143: ConfigurationManager, init=-1: [5be219b2-97fd-4a8c-91ea-b15aa89454d4:192.168.30.10:40625], old=null, confs=<EMPTY_MAP>
2019-09-25 05:52:29,919 [pool-37-thread-1] INFO  server.RaftServerConfigKeys (ConfUtils.java:logGet(43)) - raft.server.storage.dir = [/workdir/hadoop-ozone/integration-test/target/test-dir/MiniOzoneClusterImpl-5fae48a0-8517-4c16-9d39-4001697b8772/datanode-1/data/ratis] (custom)
2019-09-25 05:52:29,919 [pool-37-thread-1] INFO  storage.RaftStorageDirectory (RaftStorageDirectory.java:analyzeStorage(246)) - The storage directory /workdir/hadoop-ozone/integration-test/target/test-dir/MiniOzoneClusterImpl-5fae48a0-8517-4c16-9d39-4001697b8772/datanode-1/data/ratis/06e1df2a-2a3a-49da-929c-08f50665f143 does not exist. Creating ...
2019-09-25 05:52:29,932 [pool-37-thread-1] INFO  storage.RaftStorageDirectory (RaftStorageDirectory.java:tryLock(328)) - Lock on /workdir/hadoop-ozone/integration-test/target/test-dir/MiniOzoneClusterImpl-5fae48a0-8517-4c16-9d39-4001697b8772/datanode-1/data/ratis/06e1df2a-2a3a-49da-929c-08f50665f143/in_use.lock acquired by nodename 25594@pr-hdds-1569-s62bp-3040748787
2019-09-25 05:52:29,944 [pool-37-thread-1] INFO  storage.RaftStorage (RaftStorage.java:format(72)) - Storage directory /workdir/hadoop-ozone/integration-test/target/test-dir/MiniOzoneClusterImpl-5fae48a0-8517-4c16-9d39-4001697b8772/datanode-1/data/ratis/06e1df2a-2a3a-49da-929c-08f50665f143 has been successfully formatted.
2019-09-25 05:52:29,945 [pool-37-thread-1] INFO  ratis.ContainerStateMachine (ContainerStateMachine.java:loadSnapshot(230)) - group-08F50665F143: The snapshot info is null. Setting the last applied indexto:(t:0, i:~)
2019-09-25 05:52:29,945 [pool-37-thread-1] INFO  server.RaftServerConfigKeys (ConfUtils.java:logGet(43)) - raft.server.notification.no-leader.timeout = 120s (custom)
2019-09-25 05:52:29,945 [pool-37-thread-1] INFO  server.RaftServerConfigKeys (ConfUtils.java:logGet(43)) - raft.server.log.use.memory = false (default)
2019-09-25 05:52:29,945 [pool-37-thread-1] INFO  server.RaftServerConfigKeys (ConfUtils.java:logGet(43)) - raft.server.log.purge.gap = 1000000 (custom)
2019-09-25 05:52:29,945 [pool-37-thread-1] INFO  server.RaftServerConfigKeys (ConfUtils.java:logGet(43)) - raft.server.log.appender.buffer.byte-limit = 33554432 (custom)
2019-09-25 05:52:29,945 [pool-37-thread-1] INFO  server.RaftServerConfigKeys (ConfUtils.java:logGet(43)) - raft.server.log.segment.size.max = 1048576 (custom)
2019-09-25 05:52:29,945 [pool-37-thread-1] INFO  server.RaftServerConfigKeys (ConfUtils.java:logGet(43)) - raft.server.log.segment.cache.num.max = 2 (custom)
2019-09-25 05:52:29,945 [pool-37-thread-1] INFO  segmented.SegmentedRaftLogWorker (SegmentedRaftLogWorker.java:<init>(172)) - new 5be219b2-97fd-4a8c-91ea-b15aa89454d4@group-08F50665F143-SegmentedRaftLogWorker for RaftStorage:Storage Directory /workdir/hadoop-ozone/integration-test/target/test-dir/MiniOzoneClusterImpl-5fae48a0-8517-4c16-9d39-4001697b8772/datanode-1/data/ratis/06e1df2a-2a3a-49da-929c-08f50665f143
2019-09-25 05:52:29,945 [pool-37-thread-1] INFO  server.RaftServerConfigKeys (ConfUtils.java:logGet(43)) - raft.server.log.queue.byte-limit = 2147483647 (custom)
2019-09-25 05:52:29,946 [pool-37-thread-1] INFO  server.RaftServerConfigKeys (ConfUtils.java:logGet(43)) - raft.server.log.queue.element-limit = 1024 (custom)
2019-09-25 05:52:29,946 [pool-37-thread-1] INFO  server.RaftServerConfigKeys (ConfUtils.java:logGet(43)) - raft.server.log.segment.size.max = 1048576 (custom)
2019-09-25 05:52:29,946 [pool-37-thread-1] INFO  server.RaftServerConfigKeys (ConfUtils.java:logGet(43)) - raft.server.log.preallocated.size = 16384 (custom)
2019-09-25 05:52:29,946 [pool-37-thread-1] INFO  server.RaftServerConfigKeys (ConfUtils.java:logGet(43)) - raft.server.log.write.buffer.size = 33554432 (custom)
2019-09-25 05:52:29,946 [pool-37-thread-1] INFO  server.RaftServerConfigKeys (ConfUtils.java:logGet(43)) - raft.server.log.force.sync.num = 128 (default)
2019-09-25 05:52:29,946 [pool-37-thread-1] INFO  server.RaftServerConfigKeys (ConfUtils.java:logGet(43)) - raft.server.log.statemachine.data.sync = true (default)
2019-09-25 05:52:29,946 [pool-37-thread-1] INFO  server.RaftServerConfigKeys (ConfUtils.java:logGet(43)) - raft.server.log.statemachine.data.sync.timeout = 10s (default)
2019-09-25 05:52:29,946 [pool-37-thread-1] INFO  server.RaftServerConfigKeys (ConfUtils.java:logGet(43)) - raft.server.log.statemachine.data.sync.timeout.retry = -1 (default)
2019-09-25 05:52:29,947 [pool-37-thread-1] INFO  server.RaftServerConfigKeys (ConfUtils.java:logGet(43)) - raft.server.log.statemachine.data.caching.enabled = true (custom)
2019-09-25 05:52:29,947 [pool-37-thread-1] INFO  segmented.SegmentedRaftLogWorker (SegmentedRaftLogWorker.java:lambda$new$0(132)) - 5be219b2-97fd-4a8c-91ea-b15aa89454d4@group-08F50665F143-SegmentedRaftLogWorker: flushIndex: setUnconditionally 0 -> -1
2019-09-25 05:52:29,947 [pool-37-thread-1] INFO  server.RaftServerConfigKeys (ConfUtils.java:logGet(43)) - raft.server.snapshot.auto.trigger.enabled = true (custom)
2019-09-25 05:52:29,947 [pool-37-thread-1] INFO  server.RaftServerConfigKeys (ConfUtils.java:logGet(43)) - raft.server.snapshot.auto.trigger.threshold = 10000 (custom)
2019-09-25 05:52:29,947 [pool-37-thread-1] INFO  server.RaftServerConfigKeys (ConfUtils.java:logGet(43)) - raft.server.snapshot.retention.num.files = 5 (custom)
2019-09-25 05:52:29,948 [pool-37-thread-1] INFO  server.RaftServerConfigKeys (ConfUtils.java:logGet(43)) - raft.server.retrycache.expirytime = 600000ms (custom)
2019-09-25 05:52:29,949 [pool-37-thread-1] INFO  impl.RaftServerImpl (RaftServerImpl.java:start(185)) - 5be219b2-97fd-4a8c-91ea-b15aa89454d4@group-08F50665F143: start as a follower, conf=-1: [5be219b2-97fd-4a8c-91ea-b15aa89454d4:192.168.30.10:40625], old=null
2019-09-25 05:52:29,949 [pool-37-thread-1] INFO  impl.RaftServerImpl (RaftServerImpl.java:setRole(174)) - 5be219b2-97fd-4a8c-91ea-b15aa89454d4@group-08F50665F143: changes role from      null to FOLLOWER at term 0 for startAsFollower
2019-09-25 05:52:29,949 [pool-37-thread-1] INFO  impl.RoleInfo (RoleInfo.java:updateAndGet(143)) - 5be219b2-97fd-4a8c-91ea-b15aa89454d4: start FollowerState
2019-09-25 05:52:29,950 [pool-37-thread-1] INFO  util.JmxRegister (JmxRegister.java:tryRegister(44)) - Successfully registered JMX Bean with object name Ratis:service=RaftServer,group=group-08F50665F143,id=5be219b2-97fd-4a8c-91ea-b15aa89454d4
2019-09-25 05:52:29,957 [RatisPipelineUtilsThread] INFO  pipeline.PipelineStateManager (PipelineStateManager.java:addPipeline(56)) - Created pipeline Pipeline[ Id: 06e1df2a-2a3a-49da-929c-08f50665f143, Nodes: 5be219b2-97fd-4a8c-91ea-b15aa89454d4{ip: 192.168.30.10, host: pr-hdds-1569-s62bp-3040748787, networkLocation: /default-rack, certSerialId: null}, Type:RATIS, Factor:ONE, State:OPEN]
2019-09-25 05:52:29,963 [grpc-default-executor-0] INFO  impl.RaftServerProxy (RaftServerProxy.java:addNew(89)) - 0bbc1277-be6f-4bf3-88cf-1c3b12e139ad: addNew group-67657A5AC365:[0bbc1277-be6f-4bf3-88cf-1c3b12e139ad:192.168.30.10:46701] returns group-67657A5AC365:java.util.concurrent.CompletableFuture@27c0e950[Not completed]
2019-09-25 05:52:29,965 [pool-27-thread-1] INFO  impl.RaftServerImpl (RaftServerImpl.java:<init>(95)) - 0bbc1277-be6f-4bf3-88cf-1c3b12e139ad: new RaftServerImpl for group-67657A5AC365:[0bbc1277-be6f-4bf3-88cf-1c3b12e139ad:192.168.30.10:46701] with ContainerStateMachine:uninitialized
2019-09-25 05:52:29,965 [pool-27-thread-1] INFO  server.RaftServerConfigKeys (ConfUtils.java:logGet(43)) - raft.server.rpc.timeout.min = 5s (custom)
2019-09-25 05:52:29,965 [pool-27-thread-1] INFO  server.RaftServerConfigKeys (ConfUtils.java:logGet(43)) - raft.server.rpc.timeout.max = 5200ms (custom)
2019-09-25 05:52:29,965 [pool-27-thread-1] INFO  server.RaftServerConfigKeys (ConfUtils.java:logGet(43)) - raft.server.rpcslowness.timeout = 120s (custom)
2019-09-25 05:52:29,966 [pool-27-thread-1] INFO  server.RaftServerConfigKeys (ConfUtils.java:logGet(43)) - raft.server.sleep.deviation.threshold = 300 (default)
2019-09-25 05:52:29,966 [pool-27-thread-1] INFO  server.RaftServerConfigKeys (ConfUtils.java:logGet(43)) - raft.server.log.appender.install.snapshot.enabled = false (custom)
2019-09-25 05:52:29,966 [pool-27-thread-1] INFO  impl.RaftServerImpl (ServerState.java:<init>(103)) - 0bbc1277-be6f-4bf3-88cf-1c3b12e139ad@group-67657A5AC365: ConfigurationManager, init=-1: [0bbc1277-be6f-4bf3-88cf-1c3b12e139ad:192.168.30.10:46701], old=null, confs=<EMPTY_MAP>
2019-09-25 05:52:29,966 [pool-27-thread-1] INFO  server.RaftServerConfigKeys (ConfUtils.java:logGet(43)) - raft.server.storage.dir = [/workdir/hadoop-ozone/integration-test/target/test-dir/MiniOzoneClusterImpl-5fae48a0-8517-4c16-9d39-4001697b8772/datanode-0/data/ratis] (custom)
2019-09-25 05:52:29,967 [pool-27-thread-1] INFO  storage.RaftStorageDirectory (RaftStorageDirectory.java:analyzeStorage(246)) - The storage directory /workdir/hadoop-ozone/integration-test/target/test-dir/MiniOzoneClusterImpl-5fae48a0-8517-4c16-9d39-4001697b8772/datanode-0/data/ratis/ec0294a3-9575-475d-9eae-67657a5ac365 does not exist. Creating ...
2019-09-25 05:52:29,979 [pool-27-thread-1] INFO  storage.RaftStorageDirectory (RaftStorageDirectory.java:tryLock(328)) - Lock on /workdir/hadoop-ozone/integration-test/target/test-dir/MiniOzoneClusterImpl-5fae48a0-8517-4c16-9d39-4001697b8772/datanode-0/data/ratis/ec0294a3-9575-475d-9eae-67657a5ac365/in_use.lock acquired by nodename 25594@pr-hdds-1569-s62bp-3040748787
2019-09-25 05:52:29,992 [pool-27-thread-1] INFO  storage.RaftStorage (RaftStorage.java:format(72)) - Storage directory /workdir/hadoop-ozone/integration-test/target/test-dir/MiniOzoneClusterImpl-5fae48a0-8517-4c16-9d39-4001697b8772/datanode-0/data/ratis/ec0294a3-9575-475d-9eae-67657a5ac365 has been successfully formatted.
2019-09-25 05:52:29,992 [pool-27-thread-1] INFO  ratis.ContainerStateMachine (ContainerStateMachine.java:loadSnapshot(230)) - group-67657A5AC365: The snapshot info is null. Setting the last applied indexto:(t:0, i:~)
2019-09-25 05:52:29,993 [pool-27-thread-1] INFO  server.RaftServerConfigKeys (ConfUtils.java:logGet(43)) - raft.server.notification.no-leader.timeout = 120s (custom)
2019-09-25 05:52:29,993 [pool-27-thread-1] INFO  server.RaftServerConfigKeys (ConfUtils.java:logGet(43)) - raft.server.log.use.memory = false (default)
2019-09-25 05:52:29,993 [pool-27-thread-1] INFO  server.RaftServerConfigKeys (ConfUtils.java:logGet(43)) - raft.server.log.purge.gap = 1000000 (custom)
2019-09-25 05:52:29,993 [pool-27-thread-1] INFO  server.RaftServerConfigKeys (ConfUtils.java:logGet(43)) - raft.server.log.appender.buffer.byte-limit = 33554432 (custom)
2019-09-25 05:52:29,993 [pool-27-thread-1] INFO  server.RaftServerConfigKeys (ConfUtils.java:logGet(43)) - raft.server.log.segment.size.max = 1048576 (custom)
2019-09-25 05:52:29,993 [pool-27-thread-1] INFO  server.RaftServerConfigKeys (ConfUtils.java:logGet(43)) - raft.server.log.segment.cache.num.max = 2 (custom)
2019-09-25 05:52:29,993 [pool-27-thread-1] INFO  segmented.SegmentedRaftLogWorker (SegmentedRaftLogWorker.java:<init>(172)) - new 0bbc1277-be6f-4bf3-88cf-1c3b12e139ad@group-67657A5AC365-SegmentedRaftLogWorker for RaftStorage:Storage Directory /workdir/hadoop-ozone/integration-test/target/test-dir/MiniOzoneClusterImpl-5fae48a0-8517-4c16-9d39-4001697b8772/datanode-0/data/ratis/ec0294a3-9575-475d-9eae-67657a5ac365
2019-09-25 05:52:29,994 [pool-27-thread-1] INFO  server.RaftServerConfigKeys (ConfUtils.java:logGet(43)) - raft.server.log.queue.byte-limit = 2147483647 (custom)
2019-09-25 05:52:29,994 [pool-27-thread-1] INFO  server.RaftServerConfigKeys (ConfUtils.java:logGet(43)) - raft.server.log.queue.element-limit = 1024 (custom)
2019-09-25 05:52:29,994 [pool-27-thread-1] INFO  server.RaftServerConfigKeys (ConfUtils.java:logGet(43)) - raft.server.log.segment.size.max = 1048576 (custom)
2019-09-25 05:52:29,994 [pool-27-thread-1] INFO  server.RaftServerConfigKeys (ConfUtils.java:logGet(43)) - raft.server.log.preallocated.size = 16384 (custom)
2019-09-25 05:52:29,994 [pool-27-thread-1] INFO  server.RaftServerConfigKeys (ConfUtils.java:logGet(43)) - raft.server.log.write.buffer.size = 33554432 (custom)
2019-09-25 05:52:29,994 [pool-27-thread-1] INFO  server.RaftServerConfigKeys (ConfUtils.java:logGet(43)) - raft.server.log.force.sync.num = 128 (default)
2019-09-25 05:52:29,994 [pool-27-thread-1] INFO  server.RaftServerConfigKeys (ConfUtils.java:logGet(43)) - raft.server.log.statemachine.data.sync = true (default)
2019-09-25 05:52:29,994 [pool-27-thread-1] INFO  server.RaftServerConfigKeys (ConfUtils.java:logGet(43)) - raft.server.log.statemachine.data.sync.timeout = 10s (default)
2019-09-25 05:52:29,995 [pool-27-thread-1] INFO  server.RaftServerConfigKeys (ConfUtils.java:logGet(43)) - raft.server.log.statemachine.data.sync.timeout.retry = -1 (default)
2019-09-25 05:52:29,995 [pool-27-thread-1] INFO  server.RaftServerConfigKeys (ConfUtils.java:logGet(43)) - raft.server.log.statemachine.data.caching.enabled = true (custom)
2019-09-25 05:52:29,995 [pool-27-thread-1] INFO  segmented.SegmentedRaftLogWorker (SegmentedRaftLogWorker.java:lambda$new$0(132)) - 0bbc1277-be6f-4bf3-88cf-1c3b12e139ad@group-67657A5AC365-SegmentedRaftLogWorker: flushIndex: setUnconditionally 0 -> -1
2019-09-25 05:52:29,995 [pool-27-thread-1] INFO  server.RaftServerConfigKeys (ConfUtils.java:logGet(43)) - raft.server.snapshot.auto.trigger.enabled = true (custom)
2019-09-25 05:52:29,995 [pool-27-thread-1] INFO  server.RaftServerConfigKeys (ConfUtils.java:logGet(43)) - raft.server.snapshot.auto.trigger.threshold = 10000 (custom)
2019-09-25 05:52:29,996 [pool-27-thread-1] INFO  server.RaftServerConfigKeys (ConfUtils.java:logGet(43)) - raft.server.snapshot.retention.num.files = 5 (custom)
2019-09-25 05:52:29,996 [pool-27-thread-1] INFO  server.RaftServerConfigKeys (ConfUtils.java:logGet(43)) - raft.server.retrycache.expirytime = 600000ms (custom)
2019-09-25 05:52:29,998 [pool-27-thread-1] INFO  impl.RaftServerImpl (RaftServerImpl.java:start(185)) - 0bbc1277-be6f-4bf3-88cf-1c3b12e139ad@group-67657A5AC365: start as a follower, conf=-1: [0bbc1277-be6f-4bf3-88cf-1c3b12e139ad:192.168.30.10:46701], old=null
2019-09-25 05:52:29,998 [pool-27-thread-1] INFO  impl.RaftServerImpl (RaftServerImpl.java:setRole(174)) - 0bbc1277-be6f-4bf3-88cf-1c3b12e139ad@group-67657A5AC365: changes role from      null to FOLLOWER at term 0 for startAsFollower
2019-09-25 05:52:29,999 [pool-27-thread-1] INFO  impl.RoleInfo (RoleInfo.java:updateAndGet(143)) - 0bbc1277-be6f-4bf3-88cf-1c3b12e139ad: start FollowerState
2019-09-25 05:52:29,999 [pool-27-thread-1] INFO  util.JmxRegister (JmxRegister.java:tryRegister(44)) - Successfully registered JMX Bean with object name Ratis:service=RaftServer,group=group-67657A5AC365,id=0bbc1277-be6f-4bf3-88cf-1c3b12e139ad
2019-09-25 05:52:30,002 [RatisPipelineUtilsThread] INFO  pipeline.PipelineStateManager (PipelineStateManager.java:addPipeline(56)) - Created pipeline Pipeline[ Id: ec0294a3-9575-475d-9eae-67657a5ac365, Nodes: 0bbc1277-be6f-4bf3-88cf-1c3b12e139ad{ip: 192.168.30.10, host: pr-hdds-1569-s62bp-3040748787, networkLocation: /default-rack, certSerialId: null}, Type:RATIS, Factor:ONE, State:OPEN]
2019-09-25 05:52:30,007 [grpc-default-executor-0] INFO  impl.RaftServerProxy (RaftServerProxy.java:addNew(89)) - 0bbc1277-be6f-4bf3-88cf-1c3b12e139ad: addNew group-CEEAA4490B5D:[0bbc1277-be6f-4bf3-88cf-1c3b12e139ad:192.168.30.10:46701] returns group-CEEAA4490B5D:java.util.concurrent.CompletableFuture@2a43901b[Not completed]
2019-09-25 05:52:30,008 [pool-27-thread-1] INFO  impl.RaftServerImpl (RaftServerImpl.java:<init>(95)) - 0bbc1277-be6f-4bf3-88cf-1c3b12e139ad: new RaftServerImpl for group-CEEAA4490B5D:[0bbc1277-be6f-4bf3-88cf-1c3b12e139ad:192.168.30.10:46701] with ContainerStateMachine:uninitialized
2019-09-25 05:52:30,009 [pool-27-thread-1] INFO  server.RaftServerConfigKeys (ConfUtils.java:logGet(43)) - raft.server.rpc.timeout.min = 5s (custom)
2019-09-25 05:52:30,009 [pool-27-thread-1] INFO  server.RaftServerConfigKeys (ConfUtils.java:logGet(43)) - raft.server.rpc.timeout.max = 5200ms (custom)
2019-09-25 05:52:30,009 [pool-27-thread-1] INFO  server.RaftServerConfigKeys (ConfUtils.java:logGet(43)) - raft.server.rpcslowness.timeout = 120s (custom)
2019-09-25 05:52:30,009 [pool-27-thread-1] INFO  server.RaftServerConfigKeys (ConfUtils.java:logGet(43)) - raft.server.sleep.deviation.threshold = 300 (default)
2019-09-25 05:52:30,009 [pool-27-thread-1] INFO  server.RaftServerConfigKeys (ConfUtils.java:logGet(43)) - raft.server.log.appender.install.snapshot.enabled = false (custom)
2019-09-25 05:52:30,009 [pool-27-thread-1] INFO  impl.RaftServerImpl (ServerState.java:<init>(103)) - 0bbc1277-be6f-4bf3-88cf-1c3b12e139ad@group-CEEAA4490B5D: ConfigurationManager, init=-1: [0bbc1277-be6f-4bf3-88cf-1c3b12e139ad:192.168.30.10:46701], old=null, confs=<EMPTY_MAP>
2019-09-25 05:52:30,009 [pool-27-thread-1] INFO  server.RaftServerConfigKeys (ConfUtils.java:logGet(43)) - raft.server.storage.dir = [/workdir/hadoop-ozone/integration-test/target/test-dir/MiniOzoneClusterImpl-5fae48a0-8517-4c16-9d39-4001697b8772/datanode-0/data/ratis] (custom)
2019-09-25 05:52:30,010 [pool-27-thread-1] INFO  storage.RaftStorageDirectory (RaftStorageDirectory.java:analyzeStorage(246)) - The storage directory /workdir/hadoop-ozone/integration-test/target/test-dir/MiniOzoneClusterImpl-5fae48a0-8517-4c16-9d39-4001697b8772/datanode-0/data/ratis/8736dd9b-e573-4978-a1e5-ceeaa4490b5d does not exist. Creating ...
2019-09-25 05:52:30,022 [pool-27-thread-1] INFO  storage.RaftStorageDirectory (RaftStorageDirectory.java:tryLock(328)) - Lock on /workdir/hadoop-ozone/integration-test/target/test-dir/MiniOzoneClusterImpl-5fae48a0-8517-4c16-9d39-4001697b8772/datanode-0/data/ratis/8736dd9b-e573-4978-a1e5-ceeaa4490b5d/in_use.lock acquired by nodename 25594@pr-hdds-1569-s62bp-3040748787
2019-09-25 05:52:30,048 [pool-27-thread-1] INFO  storage.RaftStorage (RaftStorage.java:format(72)) - Storage directory /workdir/hadoop-ozone/integration-test/target/test-dir/MiniOzoneClusterImpl-5fae48a0-8517-4c16-9d39-4001697b8772/datanode-0/data/ratis/8736dd9b-e573-4978-a1e5-ceeaa4490b5d has been successfully formatted.
2019-09-25 05:52:30,049 [pool-27-thread-1] INFO  ratis.ContainerStateMachine (ContainerStateMachine.java:loadSnapshot(230)) - group-CEEAA4490B5D: The snapshot info is null. Setting the last applied indexto:(t:0, i:~)
2019-09-25 05:52:30,049 [pool-27-thread-1] INFO  server.RaftServerConfigKeys (ConfUtils.java:logGet(43)) - raft.server.notification.no-leader.timeout = 120s (custom)
2019-09-25 05:52:30,049 [pool-27-thread-1] INFO  server.RaftServerConfigKeys (ConfUtils.java:logGet(43)) - raft.server.log.use.memory = false (default)
2019-09-25 05:52:30,049 [pool-27-thread-1] INFO  server.RaftServerConfigKeys (ConfUtils.java:logGet(43)) - raft.server.log.purge.gap = 1000000 (custom)
2019-09-25 05:52:30,050 [pool-27-thread-1] INFO  server.RaftServerConfigKeys (ConfUtils.java:logGet(43)) - raft.server.log.appender.buffer.byte-limit = 33554432 (custom)
2019-09-25 05:52:30,050 [pool-27-thread-1] INFO  server.RaftServerConfigKeys (ConfUtils.java:logGet(43)) - raft.server.log.segment.size.max = 1048576 (custom)
2019-09-25 05:52:30,050 [pool-27-thread-1] INFO  server.RaftServerConfigKeys (ConfUtils.java:logGet(43)) - raft.server.log.segment.cache.num.max = 2 (custom)
2019-09-25 05:52:30,050 [pool-27-thread-1] INFO  segmented.SegmentedRaftLogWorker (SegmentedRaftLogWorker.java:<init>(172)) - new 0bbc1277-be6f-4bf3-88cf-1c3b12e139ad@group-CEEAA4490B5D-SegmentedRaftLogWorker for RaftStorage:Storage Directory /workdir/hadoop-ozone/integration-test/target/test-dir/MiniOzoneClusterImpl-5fae48a0-8517-4c16-9d39-4001697b8772/datanode-0/data/ratis/8736dd9b-e573-4978-a1e5-ceeaa4490b5d
2019-09-25 05:52:30,050 [pool-27-thread-1] INFO  server.RaftServerConfigKeys (ConfUtils.java:logGet(43)) - raft.server.log.queue.byte-limit = 2147483647 (custom)
2019-09-25 05:52:30,050 [pool-27-thread-1] INFO  server.RaftServerConfigKeys (ConfUtils.java:logGet(43)) - raft.server.log.queue.element-limit = 1024 (custom)
2019-09-25 05:52:30,051 [pool-27-thread-1] INFO  server.RaftServerConfigKeys (ConfUtils.java:logGet(43)) - raft.server.log.segment.size.max = 1048576 (custom)
2019-09-25 05:52:30,051 [pool-27-thread-1] INFO  server.RaftServerConfigKeys (ConfUtils.java:logGet(43)) - raft.server.log.preallocated.size = 16384 (custom)
2019-09-25 05:52:30,051 [pool-27-thread-1] INFO  server.RaftServerConfigKeys (ConfUtils.java:logGet(43)) - raft.server.log.write.buffer.size = 33554432 (custom)
2019-09-25 05:52:30,051 [pool-27-thread-1] INFO  server.RaftServerConfigKeys (ConfUtils.java:logGet(43)) - raft.server.log.force.sync.num = 128 (default)
2019-09-25 05:52:30,051 [pool-27-thread-1] INFO  server.RaftServerConfigKeys (ConfUtils.java:logGet(43)) - raft.server.log.statemachine.data.sync = true (default)
2019-09-25 05:52:30,051 [pool-27-thread-1] INFO  server.RaftServerConfigKeys (ConfUtils.java:logGet(43)) - raft.server.log.statemachine.data.sync.timeout = 10s (default)
2019-09-25 05:52:30,052 [pool-27-thread-1] INFO  server.RaftServerConfigKeys (ConfUtils.java:logGet(43)) - raft.server.log.statemachine.data.sync.timeout.retry = -1 (default)
2019-09-25 05:52:30,052 [pool-27-thread-1] INFO  server.RaftServerConfigKeys (ConfUtils.java:logGet(43)) - raft.server.log.statemachine.data.caching.enabled = true (custom)
2019-09-25 05:52:30,052 [pool-27-thread-1] INFO  segmented.SegmentedRaftLogWorker (SegmentedRaftLogWorker.java:lambda$new$0(132)) - 0bbc1277-be6f-4bf3-88cf-1c3b12e139ad@group-CEEAA4490B5D-SegmentedRaftLogWorker: flushIndex: setUnconditionally 0 -> -1
2019-09-25 05:52:30,052 [pool-27-thread-1] INFO  server.RaftServerConfigKeys (ConfUtils.java:logGet(43)) - raft.server.snapshot.auto.trigger.enabled = true (custom)
2019-09-25 05:52:30,053 [pool-27-thread-1] INFO  server.RaftServerConfigKeys (ConfUtils.java:logGet(43)) - raft.server.snapshot.auto.trigger.threshold = 10000 (custom)
2019-09-25 05:52:30,053 [pool-27-thread-1] INFO  server.RaftServerConfigKeys (ConfUtils.java:logGet(43)) - raft.server.snapshot.retention.num.files = 5 (custom)
2019-09-25 05:52:30,053 [pool-27-thread-1] INFO  server.RaftServerConfigKeys (ConfUtils.java:logGet(43)) - raft.server.retrycache.expirytime = 600000ms (custom)
2019-09-25 05:52:30,056 [pool-27-thread-1] INFO  impl.RaftServerImpl (RaftServerImpl.java:start(185)) - 0bbc1277-be6f-4bf3-88cf-1c3b12e139ad@group-CEEAA4490B5D: start as a follower, conf=-1: [0bbc1277-be6f-4bf3-88cf-1c3b12e139ad:192.168.30.10:46701], old=null
2019-09-25 05:52:30,056 [pool-27-thread-1] INFO  impl.RaftServerImpl (RaftServerImpl.java:setRole(174)) - 0bbc1277-be6f-4bf3-88cf-1c3b12e139ad@group-CEEAA4490B5D: changes role from      null to FOLLOWER at term 0 for startAsFollower
2019-09-25 05:52:30,056 [pool-27-thread-1] INFO  impl.RoleInfo (RoleInfo.java:updateAndGet(143)) - 0bbc1277-be6f-4bf3-88cf-1c3b12e139ad: start FollowerState
2019-09-25 05:52:30,056 [pool-27-thread-1] INFO  util.JmxRegister (JmxRegister.java:tryRegister(44)) - Successfully registered JMX Bean with object name Ratis:service=RaftServer,group=group-CEEAA4490B5D,id=0bbc1277-be6f-4bf3-88cf-1c3b12e139ad
2019-09-25 05:52:30,059 [RatisPipelineUtilsThread] INFO  pipeline.PipelineStateManager (PipelineStateManager.java:addPipeline(56)) - Created pipeline Pipeline[ Id: 8736dd9b-e573-4978-a1e5-ceeaa4490b5d, Nodes: 0bbc1277-be6f-4bf3-88cf-1c3b12e139ad{ip: 192.168.30.10, host: pr-hdds-1569-s62bp-3040748787, networkLocation: /default-rack, certSerialId: null}, Type:RATIS, Factor:ONE, State:OPEN]
2019-09-25 05:52:30,066 [grpc-default-executor-0] INFO  impl.RaftServerProxy (RaftServerProxy.java:addNew(89)) - 0bbc1277-be6f-4bf3-88cf-1c3b12e139ad: addNew group-87557529426B:[0bbc1277-be6f-4bf3-88cf-1c3b12e139ad:192.168.30.10:46701] returns group-87557529426B:java.util.concurrent.CompletableFuture@63967f84[Not completed]
2019-09-25 05:52:30,067 [pool-27-thread-1] INFO  impl.RaftServerImpl (RaftServerImpl.java:<init>(95)) - 0bbc1277-be6f-4bf3-88cf-1c3b12e139ad: new RaftServerImpl for group-87557529426B:[0bbc1277-be6f-4bf3-88cf-1c3b12e139ad:192.168.30.10:46701] with ContainerStateMachine:uninitialized
2019-09-25 05:52:30,067 [pool-27-thread-1] INFO  server.RaftServerConfigKeys (ConfUtils.java:logGet(43)) - raft.server.rpc.timeout.min = 5s (custom)
2019-09-25 05:52:30,067 [pool-27-thread-1] INFO  server.RaftServerConfigKeys (ConfUtils.java:logGet(43)) - raft.server.rpc.timeout.max = 5200ms (custom)
2019-09-25 05:52:30,067 [pool-27-thread-1] INFO  server.RaftServerConfigKeys (ConfUtils.java:logGet(43)) - raft.server.rpcslowness.timeout = 120s (custom)
2019-09-25 05:52:30,067 [pool-27-thread-1] INFO  server.RaftServerConfigKeys (ConfUtils.java:logGet(43)) - raft.server.sleep.deviation.threshold = 300 (default)
2019-09-25 05:52:30,068 [pool-27-thread-1] INFO  server.RaftServerConfigKeys (ConfUtils.java:logGet(43)) - raft.server.log.appender.install.snapshot.enabled = false (custom)
2019-09-25 05:52:30,068 [pool-27-thread-1] INFO  impl.RaftServerImpl (ServerState.java:<init>(103)) - 0bbc1277-be6f-4bf3-88cf-1c3b12e139ad@group-87557529426B: ConfigurationManager, init=-1: [0bbc1277-be6f-4bf3-88cf-1c3b12e139ad:192.168.30.10:46701], old=null, confs=<EMPTY_MAP>
2019-09-25 05:52:30,068 [pool-27-thread-1] INFO  server.RaftServerConfigKeys (ConfUtils.java:logGet(43)) - raft.server.storage.dir = [/workdir/hadoop-ozone/integration-test/target/test-dir/MiniOzoneClusterImpl-5fae48a0-8517-4c16-9d39-4001697b8772/datanode-0/data/ratis] (custom)
2019-09-25 05:52:30,068 [pool-27-thread-1] INFO  storage.RaftStorageDirectory (RaftStorageDirectory.java:analyzeStorage(246)) - The storage directory /workdir/hadoop-ozone/integration-test/target/test-dir/MiniOzoneClusterImpl-5fae48a0-8517-4c16-9d39-4001697b8772/datanode-0/data/ratis/d5ef9067-bc8b-4676-8d36-87557529426b does not exist. Creating ...
2019-09-25 05:52:30,081 [pool-27-thread-1] INFO  storage.RaftStorageDirectory (RaftStorageDirectory.java:tryLock(328)) - Lock on /workdir/hadoop-ozone/integration-test/target/test-dir/MiniOzoneClusterImpl-5fae48a0-8517-4c16-9d39-4001697b8772/datanode-0/data/ratis/d5ef9067-bc8b-4676-8d36-87557529426b/in_use.lock acquired by nodename 25594@pr-hdds-1569-s62bp-3040748787
2019-09-25 05:52:30,094 [pool-27-thread-1] INFO  storage.RaftStorage (RaftStorage.java:format(72)) - Storage directory /workdir/hadoop-ozone/integration-test/target/test-dir/MiniOzoneClusterImpl-5fae48a0-8517-4c16-9d39-4001697b8772/datanode-0/data/ratis/d5ef9067-bc8b-4676-8d36-87557529426b has been successfully formatted.
2019-09-25 05:52:30,095 [pool-27-thread-1] INFO  ratis.ContainerStateMachine (ContainerStateMachine.java:loadSnapshot(230)) - group-87557529426B: The snapshot info is null. Setting the last applied indexto:(t:0, i:~)
2019-09-25 05:52:30,095 [pool-27-thread-1] INFO  server.RaftServerConfigKeys (ConfUtils.java:logGet(43)) - raft.server.notification.no-leader.timeout = 120s (custom)
2019-09-25 05:52:30,095 [pool-27-thread-1] INFO  server.RaftServerConfigKeys (ConfUtils.java:logGet(43)) - raft.server.log.use.memory = false (default)
2019-09-25 05:52:30,095 [pool-27-thread-1] INFO  server.RaftServerConfigKeys (ConfUtils.java:logGet(43)) - raft.server.log.purge.gap = 1000000 (custom)
2019-09-25 05:52:30,095 [pool-27-thread-1] INFO  server.RaftServerConfigKeys (ConfUtils.java:logGet(43)) - raft.server.log.appender.buffer.byte-limit = 33554432 (custom)
2019-09-25 05:52:30,095 [pool-27-thread-1] INFO  server.RaftServerConfigKeys (ConfUtils.java:logGet(43)) - raft.server.log.segment.size.max = 1048576 (custom)
2019-09-25 05:52:30,096 [pool-27-thread-1] INFO  server.RaftServerConfigKeys (ConfUtils.java:logGet(43)) - raft.server.log.segment.cache.num.max = 2 (custom)
2019-09-25 05:52:30,096 [pool-27-thread-1] INFO  segmented.SegmentedRaftLogWorker (SegmentedRaftLogWorker.java:<init>(172)) - new 0bbc1277-be6f-4bf3-88cf-1c3b12e139ad@group-87557529426B-SegmentedRaftLogWorker for RaftStorage:Storage Directory /workdir/hadoop-ozone/integration-test/target/test-dir/MiniOzoneClusterImpl-5fae48a0-8517-4c16-9d39-4001697b8772/datanode-0/data/ratis/d5ef9067-bc8b-4676-8d36-87557529426b
2019-09-25 05:52:30,096 [pool-27-thread-1] INFO  server.RaftServerConfigKeys (ConfUtils.java:logGet(43)) - raft.server.log.queue.byte-limit = 2147483647 (custom)
2019-09-25 05:52:30,096 [pool-27-thread-1] INFO  server.RaftServerConfigKeys (ConfUtils.java:logGet(43)) - raft.server.log.queue.element-limit = 1024 (custom)
2019-09-25 05:52:30,096 [pool-27-thread-1] INFO  server.RaftServerConfigKeys (ConfUtils.java:logGet(43)) - raft.server.log.segment.size.max = 1048576 (custom)
2019-09-25 05:52:30,096 [pool-27-thread-1] INFO  server.RaftServerConfigKeys (ConfUtils.java:logGet(43)) - raft.server.log.preallocated.size = 16384 (custom)
2019-09-25 05:52:30,096 [pool-27-thread-1] INFO  server.RaftServerConfigKeys (ConfUtils.java:logGet(43)) - raft.server.log.write.buffer.size = 33554432 (custom)
2019-09-25 05:52:30,097 [pool-27-thread-1] INFO  server.RaftServerConfigKeys (ConfUtils.java:logGet(43)) - raft.server.log.force.sync.num = 128 (default)
2019-09-25 05:52:30,097 [pool-27-thread-1] INFO  server.RaftServerConfigKeys (ConfUtils.java:logGet(43)) - raft.server.log.statemachine.data.sync = true (default)
2019-09-25 05:52:30,097 [pool-27-thread-1] INFO  server.RaftServerConfigKeys (ConfUtils.java:logGet(43)) - raft.server.log.statemachine.data.sync.timeout = 10s (default)
2019-09-25 05:52:30,097 [pool-27-thread-1] INFO  server.RaftServerConfigKeys (ConfUtils.java:logGet(43)) - raft.server.log.statemachine.data.sync.timeout.retry = -1 (default)
2019-09-25 05:52:30,097 [pool-27-thread-1] INFO  server.RaftServerConfigKeys (ConfUtils.java:logGet(43)) - raft.server.log.statemachine.data.caching.enabled = true (custom)
2019-09-25 05:52:30,098 [pool-27-thread-1] INFO  segmented.SegmentedRaftLogWorker (SegmentedRaftLogWorker.java:lambda$new$0(132)) - 0bbc1277-be6f-4bf3-88cf-1c3b12e139ad@group-87557529426B-SegmentedRaftLogWorker: flushIndex: setUnconditionally 0 -> -1
2019-09-25 05:52:30,098 [pool-27-thread-1] INFO  server.RaftServerConfigKeys (ConfUtils.java:logGet(43)) - raft.server.snapshot.auto.trigger.enabled = true (custom)
2019-09-25 05:52:30,098 [pool-27-thread-1] INFO  server.RaftServerConfigKeys (ConfUtils.java:logGet(43)) - raft.server.snapshot.auto.trigger.threshold = 10000 (custom)
2019-09-25 05:52:30,098 [pool-27-thread-1] INFO  server.RaftServerConfigKeys (ConfUtils.java:logGet(43)) - raft.server.snapshot.retention.num.files = 5 (custom)
2019-09-25 05:52:30,098 [pool-27-thread-1] INFO  server.RaftServerConfigKeys (ConfUtils.java:logGet(43)) - raft.server.retrycache.expirytime = 600000ms (custom)
2019-09-25 05:52:30,101 [pool-27-thread-1] INFO  impl.RaftServerImpl (RaftServerImpl.java:start(185)) - 0bbc1277-be6f-4bf3-88cf-1c3b12e139ad@group-87557529426B: start as a follower, conf=-1: [0bbc1277-be6f-4bf3-88cf-1c3b12e139ad:192.168.30.10:46701], old=null
2019-09-25 05:52:30,101 [pool-27-thread-1] INFO  impl.RaftServerImpl (RaftServerImpl.java:setRole(174)) - 0bbc1277-be6f-4bf3-88cf-1c3b12e139ad@group-87557529426B: changes role from      null to FOLLOWER at term 0 for startAsFollower
2019-09-25 05:52:30,101 [pool-27-thread-1] INFO  impl.RoleInfo (RoleInfo.java:updateAndGet(143)) - 0bbc1277-be6f-4bf3-88cf-1c3b12e139ad: start FollowerState
2019-09-25 05:52:30,102 [pool-27-thread-1] INFO  util.JmxRegister (JmxRegister.java:tryRegister(44)) - Successfully registered JMX Bean with object name Ratis:service=RaftServer,group=group-87557529426B,id=0bbc1277-be6f-4bf3-88cf-1c3b12e139ad
2019-09-25 05:52:30,105 [RatisPipelineUtilsThread] INFO  pipeline.PipelineStateManager (PipelineStateManager.java:addPipeline(56)) - Created pipeline Pipeline[ Id: d5ef9067-bc8b-4676-8d36-87557529426b, Nodes: 0bbc1277-be6f-4bf3-88cf-1c3b12e139ad{ip: 192.168.30.10, host: pr-hdds-1569-s62bp-3040748787, networkLocation: /default-rack, certSerialId: null}, Type:RATIS, Factor:ONE, State:OPEN]
2019-09-25 05:52:30,110 [grpc-default-executor-0] INFO  impl.RaftServerProxy (RaftServerProxy.java:addNew(89)) - 754f3588-47e6-41ad-b34e-eb7041cce070: addNew group-B6BCB68AD752:[754f3588-47e6-41ad-b34e-eb7041cce070:192.168.30.10:41089] returns group-B6BCB68AD752:java.util.concurrent.CompletableFuture@66e6a59a[Not completed]
2019-09-25 05:52:30,112 [pool-47-thread-1] INFO  impl.RaftServerImpl (RaftServerImpl.java:<init>(95)) - 754f3588-47e6-41ad-b34e-eb7041cce070: new RaftServerImpl for group-B6BCB68AD752:[754f3588-47e6-41ad-b34e-eb7041cce070:192.168.30.10:41089] with ContainerStateMachine:uninitialized
2019-09-25 05:52:30,112 [pool-47-thread-1] INFO  server.RaftServerConfigKeys (ConfUtils.java:logGet(43)) - raft.server.rpc.timeout.min = 5s (custom)
2019-09-25 05:52:30,112 [pool-47-thread-1] INFO  server.RaftServerConfigKeys (ConfUtils.java:logGet(43)) - raft.server.rpc.timeout.max = 5200ms (custom)
2019-09-25 05:52:30,113 [pool-47-thread-1] INFO  server.RaftServerConfigKeys (ConfUtils.java:logGet(43)) - raft.server.rpcslowness.timeout = 120s (custom)
2019-09-25 05:52:30,113 [pool-47-thread-1] INFO  server.RaftServerConfigKeys (ConfUtils.java:logGet(43)) - raft.server.sleep.deviation.threshold = 300 (default)
2019-09-25 05:52:30,113 [pool-47-thread-1] INFO  server.RaftServerConfigKeys (ConfUtils.java:logGet(43)) - raft.server.log.appender.install.snapshot.enabled = false (custom)
2019-09-25 05:52:30,113 [pool-47-thread-1] INFO  impl.RaftServerImpl (ServerState.java:<init>(103)) - 754f3588-47e6-41ad-b34e-eb7041cce070@group-B6BCB68AD752: ConfigurationManager, init=-1: [754f3588-47e6-41ad-b34e-eb7041cce070:192.168.30.10:41089], old=null, confs=<EMPTY_MAP>
2019-09-25 05:52:30,113 [pool-47-thread-1] INFO  server.RaftServerConfigKeys (ConfUtils.java:logGet(43)) - raft.server.storage.dir = [/workdir/hadoop-ozone/integration-test/target/test-dir/MiniOzoneClusterImpl-5fae48a0-8517-4c16-9d39-4001697b8772/datanode-2/data/ratis] (custom)
2019-09-25 05:52:30,114 [pool-47-thread-1] INFO  storage.RaftStorageDirectory (RaftStorageDirectory.java:analyzeStorage(246)) - The storage directory /workdir/hadoop-ozone/integration-test/target/test-dir/MiniOzoneClusterImpl-5fae48a0-8517-4c16-9d39-4001697b8772/datanode-2/data/ratis/b9dafbb2-e0df-4146-a0d1-b6bcb68ad752 does not exist. Creating ...
2019-09-25 05:52:30,127 [pool-47-thread-1] INFO  storage.RaftStorageDirectory (RaftStorageDirectory.java:tryLock(328)) - Lock on /workdir/hadoop-ozone/integration-test/target/test-dir/MiniOzoneClusterImpl-5fae48a0-8517-4c16-9d39-4001697b8772/datanode-2/data/ratis/b9dafbb2-e0df-4146-a0d1-b6bcb68ad752/in_use.lock acquired by nodename 25594@pr-hdds-1569-s62bp-3040748787
2019-09-25 05:52:30,141 [pool-47-thread-1] INFO  storage.RaftStorage (RaftStorage.java:format(72)) - Storage directory /workdir/hadoop-ozone/integration-test/target/test-dir/MiniOzoneClusterImpl-5fae48a0-8517-4c16-9d39-4001697b8772/datanode-2/data/ratis/b9dafbb2-e0df-4146-a0d1-b6bcb68ad752 has been successfully formatted.
2019-09-25 05:52:30,141 [pool-47-thread-1] INFO  ratis.ContainerStateMachine (ContainerStateMachine.java:loadSnapshot(230)) - group-B6BCB68AD752: The snapshot info is null. Setting the last applied indexto:(t:0, i:~)
2019-09-25 05:52:30,141 [pool-47-thread-1] INFO  server.RaftServerConfigKeys (ConfUtils.java:logGet(43)) - raft.server.notification.no-leader.timeout = 120s (custom)
2019-09-25 05:52:30,141 [pool-47-thread-1] INFO  server.RaftServerConfigKeys (ConfUtils.java:logGet(43)) - raft.server.log.use.memory = false (default)
2019-09-25 05:52:30,141 [pool-47-thread-1] INFO  server.RaftServerConfigKeys (ConfUtils.java:logGet(43)) - raft.server.log.purge.gap = 1000000 (custom)
2019-09-25 05:52:30,142 [pool-47-thread-1] INFO  server.RaftServerConfigKeys (ConfUtils.java:logGet(43)) - raft.server.log.appender.buffer.byte-limit = 33554432 (custom)
2019-09-25 05:52:30,142 [pool-47-thread-1] INFO  server.RaftServerConfigKeys (ConfUtils.java:logGet(43)) - raft.server.log.segment.size.max = 1048576 (custom)
2019-09-25 05:52:30,142 [pool-47-thread-1] INFO  server.RaftServerConfigKeys (ConfUtils.java:logGet(43)) - raft.server.log.segment.cache.num.max = 2 (custom)
2019-09-25 05:52:30,142 [pool-47-thread-1] INFO  segmented.SegmentedRaftLogWorker (SegmentedRaftLogWorker.java:<init>(172)) - new 754f3588-47e6-41ad-b34e-eb7041cce070@group-B6BCB68AD752-SegmentedRaftLogWorker for RaftStorage:Storage Directory /workdir/hadoop-ozone/integration-test/target/test-dir/MiniOzoneClusterImpl-5fae48a0-8517-4c16-9d39-4001697b8772/datanode-2/data/ratis/b9dafbb2-e0df-4146-a0d1-b6bcb68ad752
2019-09-25 05:52:30,142 [pool-47-thread-1] INFO  server.RaftServerConfigKeys (ConfUtils.java:logGet(43)) - raft.server.log.queue.byte-limit = 2147483647 (custom)
2019-09-25 05:52:30,142 [pool-47-thread-1] INFO  server.RaftServerConfigKeys (ConfUtils.java:logGet(43)) - raft.server.log.queue.element-limit = 1024 (custom)
2019-09-25 05:52:30,143 [pool-47-thread-1] INFO  server.RaftServerConfigKeys (ConfUtils.java:logGet(43)) - raft.server.log.segment.size.max = 1048576 (custom)
2019-09-25 05:52:30,143 [pool-47-thread-1] INFO  server.RaftServerConfigKeys (ConfUtils.java:logGet(43)) - raft.server.log.preallocated.size = 16384 (custom)
2019-09-25 05:52:30,143 [pool-47-thread-1] INFO  server.RaftServerConfigKeys (ConfUtils.java:logGet(43)) - raft.server.log.write.buffer.size = 33554432 (custom)
2019-09-25 05:52:30,143 [pool-47-thread-1] INFO  server.RaftServerConfigKeys (ConfUtils.java:logGet(43)) - raft.server.log.force.sync.num = 128 (default)
2019-09-25 05:52:30,143 [pool-47-thread-1] INFO  server.RaftServerConfigKeys (ConfUtils.java:logGet(43)) - raft.server.log.statemachine.data.sync = true (default)
2019-09-25 05:52:30,143 [pool-47-thread-1] INFO  server.RaftServerConfigKeys (ConfUtils.java:logGet(43)) - raft.server.log.statemachine.data.sync.timeout = 10s (default)
2019-09-25 05:52:30,143 [pool-47-thread-1] INFO  server.RaftServerConfigKeys (ConfUtils.java:logGet(43)) - raft.server.log.statemachine.data.sync.timeout.retry = -1 (default)
2019-09-25 05:52:30,144 [pool-47-thread-1] INFO  server.RaftServerConfigKeys (ConfUtils.java:logGet(43)) - raft.server.log.statemachine.data.caching.enabled = true (custom)
2019-09-25 05:52:30,144 [pool-47-thread-1] INFO  segmented.SegmentedRaftLogWorker (SegmentedRaftLogWorker.java:lambda$new$0(132)) - 754f3588-47e6-41ad-b34e-eb7041cce070@group-B6BCB68AD752-SegmentedRaftLogWorker: flushIndex: setUnconditionally 0 -> -1
2019-09-25 05:52:30,144 [pool-47-thread-1] INFO  server.RaftServerConfigKeys (ConfUtils.java:logGet(43)) - raft.server.snapshot.auto.trigger.enabled = true (custom)
2019-09-25 05:52:30,145 [pool-47-thread-1] INFO  server.RaftServerConfigKeys (ConfUtils.java:logGet(43)) - raft.server.snapshot.auto.trigger.threshold = 10000 (custom)
2019-09-25 05:52:30,145 [pool-47-thread-1] INFO  server.RaftServerConfigKeys (ConfUtils.java:logGet(43)) - raft.server.snapshot.retention.num.files = 5 (custom)
2019-09-25 05:52:30,145 [pool-47-thread-1] INFO  server.RaftServerConfigKeys (ConfUtils.java:logGet(43)) - raft.server.retrycache.expirytime = 600000ms (custom)
2019-09-25 05:52:30,148 [pool-47-thread-1] INFO  impl.RaftServerImpl (RaftServerImpl.java:start(185)) - 754f3588-47e6-41ad-b34e-eb7041cce070@group-B6BCB68AD752: start as a follower, conf=-1: [754f3588-47e6-41ad-b34e-eb7041cce070:192.168.30.10:41089], old=null
2019-09-25 05:52:30,148 [pool-47-thread-1] INFO  impl.RaftServerImpl (RaftServerImpl.java:setRole(174)) - 754f3588-47e6-41ad-b34e-eb7041cce070@group-B6BCB68AD752: changes role from      null to FOLLOWER at term 0 for startAsFollower
2019-09-25 05:52:30,148 [pool-47-thread-1] INFO  impl.RoleInfo (RoleInfo.java:updateAndGet(143)) - 754f3588-47e6-41ad-b34e-eb7041cce070: start FollowerState
2019-09-25 05:52:30,149 [pool-47-thread-1] INFO  util.JmxRegister (JmxRegister.java:tryRegister(44)) - Successfully registered JMX Bean with object name Ratis:service=RaftServer,group=group-B6BCB68AD752,id=754f3588-47e6-41ad-b34e-eb7041cce070
2019-09-25 05:52:30,151 [RatisPipelineUtilsThread] INFO  pipeline.PipelineStateManager (PipelineStateManager.java:addPipeline(56)) - Created pipeline Pipeline[ Id: b9dafbb2-e0df-4146-a0d1-b6bcb68ad752, Nodes: 754f3588-47e6-41ad-b34e-eb7041cce070{ip: 192.168.30.10, host: pr-hdds-1569-s62bp-3040748787, networkLocation: /default-rack, certSerialId: null}, Type:RATIS, Factor:ONE, State:OPEN]
2019-09-25 05:52:30,157 [grpc-default-executor-0] INFO  impl.RaftServerProxy (RaftServerProxy.java:addNew(89)) - 5be219b2-97fd-4a8c-91ea-b15aa89454d4: addNew group-07F1BD9B71BC:[5be219b2-97fd-4a8c-91ea-b15aa89454d4:192.168.30.10:40625] returns group-07F1BD9B71BC:java.util.concurrent.CompletableFuture@11e1daa8[Not completed]
2019-09-25 05:52:30,160 [pool-37-thread-1] INFO  impl.RaftServerImpl (RaftServerImpl.java:<init>(95)) - 5be219b2-97fd-4a8c-91ea-b15aa89454d4: new RaftServerImpl for group-07F1BD9B71BC:[5be219b2-97fd-4a8c-91ea-b15aa89454d4:192.168.30.10:40625] with ContainerStateMachine:uninitialized
2019-09-25 05:52:30,160 [pool-37-thread-1] INFO  server.RaftServerConfigKeys (ConfUtils.java:logGet(43)) - raft.server.rpc.timeout.min = 5s (custom)
2019-09-25 05:52:30,160 [pool-37-thread-1] INFO  server.RaftServerConfigKeys (ConfUtils.java:logGet(43)) - raft.server.rpc.timeout.max = 5200ms (custom)
2019-09-25 05:52:30,160 [pool-37-thread-1] INFO  server.RaftServerConfigKeys (ConfUtils.java:logGet(43)) - raft.server.rpcslowness.timeout = 120s (custom)
2019-09-25 05:52:30,160 [pool-37-thread-1] INFO  server.RaftServerConfigKeys (ConfUtils.java:logGet(43)) - raft.server.sleep.deviation.threshold = 300 (default)
2019-09-25 05:52:30,160 [pool-37-thread-1] INFO  server.RaftServerConfigKeys (ConfUtils.java:logGet(43)) - raft.server.log.appender.install.snapshot.enabled = false (custom)
2019-09-25 05:52:30,160 [pool-37-thread-1] INFO  impl.RaftServerImpl (ServerState.java:<init>(103)) - 5be219b2-97fd-4a8c-91ea-b15aa89454d4@group-07F1BD9B71BC: ConfigurationManager, init=-1: [5be219b2-97fd-4a8c-91ea-b15aa89454d4:192.168.30.10:40625], old=null, confs=<EMPTY_MAP>
2019-09-25 05:52:30,161 [pool-37-thread-1] INFO  server.RaftServerConfigKeys (ConfUtils.java:logGet(43)) - raft.server.storage.dir = [/workdir/hadoop-ozone/integration-test/target/test-dir/MiniOzoneClusterImpl-5fae48a0-8517-4c16-9d39-4001697b8772/datanode-1/data/ratis] (custom)
2019-09-25 05:52:30,161 [pool-37-thread-1] INFO  storage.RaftStorageDirectory (RaftStorageDirectory.java:analyzeStorage(246)) - The storage directory /workdir/hadoop-ozone/integration-test/target/test-dir/MiniOzoneClusterImpl-5fae48a0-8517-4c16-9d39-4001697b8772/datanode-1/data/ratis/2680562b-43cd-42b4-b0dd-07f1bd9b71bc does not exist. Creating ...
2019-09-25 05:52:30,175 [pool-37-thread-1] INFO  storage.RaftStorageDirectory (RaftStorageDirectory.java:tryLock(328)) - Lock on /workdir/hadoop-ozone/integration-test/target/test-dir/MiniOzoneClusterImpl-5fae48a0-8517-4c16-9d39-4001697b8772/datanode-1/data/ratis/2680562b-43cd-42b4-b0dd-07f1bd9b71bc/in_use.lock acquired by nodename 25594@pr-hdds-1569-s62bp-3040748787
2019-09-25 05:52:30,188 [pool-37-thread-1] INFO  storage.RaftStorage (RaftStorage.java:format(72)) - Storage directory /workdir/hadoop-ozone/integration-test/target/test-dir/MiniOzoneClusterImpl-5fae48a0-8517-4c16-9d39-4001697b8772/datanode-1/data/ratis/2680562b-43cd-42b4-b0dd-07f1bd9b71bc has been successfully formatted.
2019-09-25 05:52:30,188 [pool-37-thread-1] INFO  ratis.ContainerStateMachine (ContainerStateMachine.java:loadSnapshot(230)) - group-07F1BD9B71BC: The snapshot info is null. Setting the last applied indexto:(t:0, i:~)
2019-09-25 05:52:30,188 [pool-37-thread-1] INFO  server.RaftServerConfigKeys (ConfUtils.java:logGet(43)) - raft.server.notification.no-leader.timeout = 120s (custom)
2019-09-25 05:52:30,188 [pool-37-thread-1] INFO  server.RaftServerConfigKeys (ConfUtils.java:logGet(43)) - raft.server.log.use.memory = false (default)
2019-09-25 05:52:30,189 [pool-37-thread-1] INFO  server.RaftServerConfigKeys (ConfUtils.java:logGet(43)) - raft.server.log.purge.gap = 1000000 (custom)
2019-09-25 05:52:30,189 [pool-37-thread-1] INFO  server.RaftServerConfigKeys (ConfUtils.java:logGet(43)) - raft.server.log.appender.buffer.byte-limit = 33554432 (custom)
2019-09-25 05:52:30,189 [pool-37-thread-1] INFO  server.RaftServerConfigKeys (ConfUtils.java:logGet(43)) - raft.server.log.segment.size.max = 1048576 (custom)
2019-09-25 05:52:30,189 [pool-37-thread-1] INFO  server.RaftServerConfigKeys (ConfUtils.java:logGet(43)) - raft.server.log.segment.cache.num.max = 2 (custom)
2019-09-25 05:52:30,189 [pool-37-thread-1] INFO  segmented.SegmentedRaftLogWorker (SegmentedRaftLogWorker.java:<init>(172)) - new 5be219b2-97fd-4a8c-91ea-b15aa89454d4@group-07F1BD9B71BC-SegmentedRaftLogWorker for RaftStorage:Storage Directory /workdir/hadoop-ozone/integration-test/target/test-dir/MiniOzoneClusterImpl-5fae48a0-8517-4c16-9d39-4001697b8772/datanode-1/data/ratis/2680562b-43cd-42b4-b0dd-07f1bd9b71bc
2019-09-25 05:52:30,189 [pool-37-thread-1] INFO  server.RaftServerConfigKeys (ConfUtils.java:logGet(43)) - raft.server.log.queue.byte-limit = 2147483647 (custom)
2019-09-25 05:52:30,189 [pool-37-thread-1] INFO  server.RaftServerConfigKeys (ConfUtils.java:logGet(43)) - raft.server.log.queue.element-limit = 1024 (custom)
2019-09-25 05:52:30,190 [pool-37-thread-1] INFO  server.RaftServerConfigKeys (ConfUtils.java:logGet(43)) - raft.server.log.segment.size.max = 1048576 (custom)
2019-09-25 05:52:30,190 [pool-37-thread-1] INFO  server.RaftServerConfigKeys (ConfUtils.java:logGet(43)) - raft.server.log.preallocated.size = 16384 (custom)
2019-09-25 05:52:30,190 [pool-37-thread-1] INFO  server.RaftServerConfigKeys (ConfUtils.java:logGet(43)) - raft.server.log.write.buffer.size = 33554432 (custom)
2019-09-25 05:52:30,190 [pool-37-thread-1] INFO  server.RaftServerConfigKeys (ConfUtils.java:logGet(43)) - raft.server.log.force.sync.num = 128 (default)
2019-09-25 05:52:30,190 [pool-37-thread-1] INFO  server.RaftServerConfigKeys (ConfUtils.java:logGet(43)) - raft.server.log.statemachine.data.sync = true (default)
2019-09-25 05:52:30,190 [pool-37-thread-1] INFO  server.RaftServerConfigKeys (ConfUtils.java:logGet(43)) - raft.server.log.statemachine.data.sync.timeout = 10s (default)
2019-09-25 05:52:30,191 [pool-37-thread-1] INFO  server.RaftServerConfigKeys (ConfUtils.java:logGet(43)) - raft.server.log.statemachine.data.sync.timeout.retry = -1 (default)
2019-09-25 05:52:30,191 [pool-37-thread-1] INFO  server.RaftServerConfigKeys (ConfUtils.java:logGet(43)) - raft.server.log.statemachine.data.caching.enabled = true (custom)
2019-09-25 05:52:30,191 [pool-37-thread-1] INFO  segmented.SegmentedRaftLogWorker (SegmentedRaftLogWorker.java:lambda$new$0(132)) - 5be219b2-97fd-4a8c-91ea-b15aa89454d4@group-07F1BD9B71BC-SegmentedRaftLogWorker: flushIndex: setUnconditionally 0 -> -1
2019-09-25 05:52:30,191 [pool-37-thread-1] INFO  server.RaftServerConfigKeys (ConfUtils.java:logGet(43)) - raft.server.snapshot.auto.trigger.enabled = true (custom)
2019-09-25 05:52:30,192 [pool-37-thread-1] INFO  server.RaftServerConfigKeys (ConfUtils.java:logGet(43)) - raft.server.snapshot.auto.trigger.threshold = 10000 (custom)
2019-09-25 05:52:30,192 [pool-37-thread-1] INFO  server.RaftServerConfigKeys (ConfUtils.java:logGet(43)) - raft.server.snapshot.retention.num.files = 5 (custom)
2019-09-25 05:52:30,192 [pool-37-thread-1] INFO  server.RaftServerConfigKeys (ConfUtils.java:logGet(43)) - raft.server.retrycache.expirytime = 600000ms (custom)
2019-09-25 05:52:30,195 [pool-37-thread-1] INFO  impl.RaftServerImpl (RaftServerImpl.java:start(185)) - 5be219b2-97fd-4a8c-91ea-b15aa89454d4@group-07F1BD9B71BC: start as a follower, conf=-1: [5be219b2-97fd-4a8c-91ea-b15aa89454d4:192.168.30.10:40625], old=null
2019-09-25 05:52:30,195 [pool-37-thread-1] INFO  impl.RaftServerImpl (RaftServerImpl.java:setRole(174)) - 5be219b2-97fd-4a8c-91ea-b15aa89454d4@group-07F1BD9B71BC: changes role from      null to FOLLOWER at term 0 for startAsFollower
2019-09-25 05:52:30,195 [pool-37-thread-1] INFO  impl.RoleInfo (RoleInfo.java:updateAndGet(143)) - 5be219b2-97fd-4a8c-91ea-b15aa89454d4: start FollowerState
2019-09-25 05:52:30,195 [pool-37-thread-1] INFO  util.JmxRegister (JmxRegister.java:tryRegister(44)) - Successfully registered JMX Bean with object name Ratis:service=RaftServer,group=group-07F1BD9B71BC,id=5be219b2-97fd-4a8c-91ea-b15aa89454d4
2019-09-25 05:52:30,198 [RatisPipelineUtilsThread] INFO  pipeline.PipelineStateManager (PipelineStateManager.java:addPipeline(56)) - Created pipeline Pipeline[ Id: 2680562b-43cd-42b4-b0dd-07f1bd9b71bc, Nodes: 5be219b2-97fd-4a8c-91ea-b15aa89454d4{ip: 192.168.30.10, host: pr-hdds-1569-s62bp-3040748787, networkLocation: /default-rack, certSerialId: null}, Type:RATIS, Factor:ONE, State:OPEN]
2019-09-25 05:52:30,204 [grpc-default-executor-0] INFO  impl.RaftServerProxy (RaftServerProxy.java:addNew(89)) - 5be219b2-97fd-4a8c-91ea-b15aa89454d4: addNew group-203529379A77:[5be219b2-97fd-4a8c-91ea-b15aa89454d4:192.168.30.10:40625] returns group-203529379A77:java.util.concurrent.CompletableFuture@b84354f[Not completed]
2019-09-25 05:52:30,205 [pool-37-thread-1] INFO  impl.RaftServerImpl (RaftServerImpl.java:<init>(95)) - 5be219b2-97fd-4a8c-91ea-b15aa89454d4: new RaftServerImpl for group-203529379A77:[5be219b2-97fd-4a8c-91ea-b15aa89454d4:192.168.30.10:40625] with ContainerStateMachine:uninitialized
2019-09-25 05:52:30,205 [pool-37-thread-1] INFO  server.RaftServerConfigKeys (ConfUtils.java:logGet(43)) - raft.server.rpc.timeout.min = 5s (custom)
2019-09-25 05:52:30,205 [pool-37-thread-1] INFO  server.RaftServerConfigKeys (ConfUtils.java:logGet(43)) - raft.server.rpc.timeout.max = 5200ms (custom)
2019-09-25 05:52:30,205 [pool-37-thread-1] INFO  server.RaftServerConfigKeys (ConfUtils.java:logGet(43)) - raft.server.rpcslowness.timeout = 120s (custom)
2019-09-25 05:52:30,205 [pool-37-thread-1] INFO  server.RaftServerConfigKeys (ConfUtils.java:logGet(43)) - raft.server.sleep.deviation.threshold = 300 (default)
2019-09-25 05:52:30,206 [pool-37-thread-1] INFO  server.RaftServerConfigKeys (ConfUtils.java:logGet(43)) - raft.server.log.appender.install.snapshot.enabled = false (custom)
2019-09-25 05:52:30,206 [pool-37-thread-1] INFO  impl.RaftServerImpl (ServerState.java:<init>(103)) - 5be219b2-97fd-4a8c-91ea-b15aa89454d4@group-203529379A77: ConfigurationManager, init=-1: [5be219b2-97fd-4a8c-91ea-b15aa89454d4:192.168.30.10:40625], old=null, confs=<EMPTY_MAP>
2019-09-25 05:52:30,206 [pool-37-thread-1] INFO  server.RaftServerConfigKeys (ConfUtils.java:logGet(43)) - raft.server.storage.dir = [/workdir/hadoop-ozone/integration-test/target/test-dir/MiniOzoneClusterImpl-5fae48a0-8517-4c16-9d39-4001697b8772/datanode-1/data/ratis] (custom)
2019-09-25 05:52:30,206 [pool-37-thread-1] INFO  storage.RaftStorageDirectory (RaftStorageDirectory.java:analyzeStorage(246)) - The storage directory /workdir/hadoop-ozone/integration-test/target/test-dir/MiniOzoneClusterImpl-5fae48a0-8517-4c16-9d39-4001697b8772/datanode-1/data/ratis/75cb233e-8118-41a6-8f79-203529379a77 does not exist. Creating ...
2019-09-25 05:52:30,219 [pool-37-thread-1] INFO  storage.RaftStorageDirectory (RaftStorageDirectory.java:tryLock(328)) - Lock on /workdir/hadoop-ozone/integration-test/target/test-dir/MiniOzoneClusterImpl-5fae48a0-8517-4c16-9d39-4001697b8772/datanode-1/data/ratis/75cb233e-8118-41a6-8f79-203529379a77/in_use.lock acquired by nodename 25594@pr-hdds-1569-s62bp-3040748787
2019-09-25 05:52:30,231 [pool-37-thread-1] INFO  storage.RaftStorage (RaftStorage.java:format(72)) - Storage directory /workdir/hadoop-ozone/integration-test/target/test-dir/MiniOzoneClusterImpl-5fae48a0-8517-4c16-9d39-4001697b8772/datanode-1/data/ratis/75cb233e-8118-41a6-8f79-203529379a77 has been successfully formatted.
2019-09-25 05:52:30,232 [pool-37-thread-1] INFO  ratis.ContainerStateMachine (ContainerStateMachine.java:loadSnapshot(230)) - group-203529379A77: The snapshot info is null. Setting the last applied indexto:(t:0, i:~)
2019-09-25 05:52:30,232 [pool-37-thread-1] INFO  server.RaftServerConfigKeys (ConfUtils.java:logGet(43)) - raft.server.notification.no-leader.timeout = 120s (custom)
2019-09-25 05:52:30,232 [pool-37-thread-1] INFO  server.RaftServerConfigKeys (ConfUtils.java:logGet(43)) - raft.server.log.use.memory = false (default)
2019-09-25 05:52:30,232 [pool-37-thread-1] INFO  server.RaftServerConfigKeys (ConfUtils.java:logGet(43)) - raft.server.log.purge.gap = 1000000 (custom)
2019-09-25 05:52:30,232 [pool-37-thread-1] INFO  server.RaftServerConfigKeys (ConfUtils.java:logGet(43)) - raft.server.log.appender.buffer.byte-limit = 33554432 (custom)
2019-09-25 05:52:30,233 [pool-37-thread-1] INFO  server.RaftServerConfigKeys (ConfUtils.java:logGet(43)) - raft.server.log.segment.size.max = 1048576 (custom)
2019-09-25 05:52:30,233 [pool-37-thread-1] INFO  server.RaftServerConfigKeys (ConfUtils.java:logGet(43)) - raft.server.log.segment.cache.num.max = 2 (custom)
2019-09-25 05:52:30,233 [pool-37-thread-1] INFO  segmented.SegmentedRaftLogWorker (SegmentedRaftLogWorker.java:<init>(172)) - new 5be219b2-97fd-4a8c-91ea-b15aa89454d4@group-203529379A77-SegmentedRaftLogWorker for RaftStorage:Storage Directory /workdir/hadoop-ozone/integration-test/target/test-dir/MiniOzoneClusterImpl-5fae48a0-8517-4c16-9d39-4001697b8772/datanode-1/data/ratis/75cb233e-8118-41a6-8f79-203529379a77
2019-09-25 05:52:30,233 [pool-37-thread-1] INFO  server.RaftServerConfigKeys (ConfUtils.java:logGet(43)) - raft.server.log.queue.byte-limit = 2147483647 (custom)
2019-09-25 05:52:30,233 [pool-37-thread-1] INFO  server.RaftServerConfigKeys (ConfUtils.java:logGet(43)) - raft.server.log.queue.element-limit = 1024 (custom)
2019-09-25 05:52:30,233 [pool-37-thread-1] INFO  server.RaftServerConfigKeys (ConfUtils.java:logGet(43)) - raft.server.log.segment.size.max = 1048576 (custom)
2019-09-25 05:52:30,233 [pool-37-thread-1] INFO  server.RaftServerConfigKeys (ConfUtils.java:logGet(43)) - raft.server.log.preallocated.size = 16384 (custom)
2019-09-25 05:52:30,233 [pool-37-thread-1] INFO  server.RaftServerConfigKeys (ConfUtils.java:logGet(43)) - raft.server.log.write.buffer.size = 33554432 (custom)
2019-09-25 05:52:30,233 [pool-37-thread-1] INFO  server.RaftServerConfigKeys (ConfUtils.java:logGet(43)) - raft.server.log.force.sync.num = 128 (default)
2019-09-25 05:52:30,233 [pool-37-thread-1] INFO  server.RaftServerConfigKeys (ConfUtils.java:logGet(43)) - raft.server.log.statemachine.data.sync = true (default)
2019-09-25 05:52:30,234 [pool-37-thread-1] INFO  server.RaftServerConfigKeys (ConfUtils.java:logGet(43)) - raft.server.log.statemachine.data.sync.timeout = 10s (default)
2019-09-25 05:52:30,234 [pool-37-thread-1] INFO  server.RaftServerConfigKeys (ConfUtils.java:logGet(43)) - raft.server.log.statemachine.data.sync.timeout.retry = -1 (default)
2019-09-25 05:52:30,234 [pool-37-thread-1] INFO  server.RaftServerConfigKeys (ConfUtils.java:logGet(43)) - raft.server.log.statemachine.data.caching.enabled = true (custom)
2019-09-25 05:52:30,234 [pool-37-thread-1] INFO  segmented.SegmentedRaftLogWorker (SegmentedRaftLogWorker.java:lambda$new$0(132)) - 5be219b2-97fd-4a8c-91ea-b15aa89454d4@group-203529379A77-SegmentedRaftLogWorker: flushIndex: setUnconditionally 0 -> -1
2019-09-25 05:52:30,234 [pool-37-thread-1] INFO  server.RaftServerConfigKeys (ConfUtils.java:logGet(43)) - raft.server.snapshot.auto.trigger.enabled = true (custom)
2019-09-25 05:52:30,235 [pool-37-thread-1] INFO  server.RaftServerConfigKeys (ConfUtils.java:logGet(43)) - raft.server.snapshot.auto.trigger.threshold = 10000 (custom)
2019-09-25 05:52:30,235 [pool-37-thread-1] INFO  server.RaftServerConfigKeys (ConfUtils.java:logGet(43)) - raft.server.snapshot.retention.num.files = 5 (custom)
2019-09-25 05:52:30,235 [pool-37-thread-1] INFO  server.RaftServerConfigKeys (ConfUtils.java:logGet(43)) - raft.server.retrycache.expirytime = 600000ms (custom)
2019-09-25 05:52:30,237 [pool-37-thread-1] INFO  impl.RaftServerImpl (RaftServerImpl.java:start(185)) - 5be219b2-97fd-4a8c-91ea-b15aa89454d4@group-203529379A77: start as a follower, conf=-1: [5be219b2-97fd-4a8c-91ea-b15aa89454d4:192.168.30.10:40625], old=null
2019-09-25 05:52:30,237 [pool-37-thread-1] INFO  impl.RaftServerImpl (RaftServerImpl.java:setRole(174)) - 5be219b2-97fd-4a8c-91ea-b15aa89454d4@group-203529379A77: changes role from      null to FOLLOWER at term 0 for startAsFollower
2019-09-25 05:52:30,237 [pool-37-thread-1] INFO  impl.RoleInfo (RoleInfo.java:updateAndGet(143)) - 5be219b2-97fd-4a8c-91ea-b15aa89454d4: start FollowerState
2019-09-25 05:52:30,237 [pool-37-thread-1] INFO  util.JmxRegister (JmxRegister.java:tryRegister(44)) - Successfully registered JMX Bean with object name Ratis:service=RaftServer,group=group-203529379A77,id=5be219b2-97fd-4a8c-91ea-b15aa89454d4
2019-09-25 05:52:30,241 [RatisPipelineUtilsThread] INFO  pipeline.PipelineStateManager (PipelineStateManager.java:addPipeline(56)) - Created pipeline Pipeline[ Id: 75cb233e-8118-41a6-8f79-203529379a77, Nodes: 5be219b2-97fd-4a8c-91ea-b15aa89454d4{ip: 192.168.30.10, host: pr-hdds-1569-s62bp-3040748787, networkLocation: /default-rack, certSerialId: null}, Type:RATIS, Factor:ONE, State:OPEN]
2019-09-25 05:52:30,246 [grpc-default-executor-0] INFO  impl.RaftServerProxy (RaftServerProxy.java:addNew(89)) - 5be219b2-97fd-4a8c-91ea-b15aa89454d4: addNew group-5CA9F57E662E:[5be219b2-97fd-4a8c-91ea-b15aa89454d4:192.168.30.10:40625] returns group-5CA9F57E662E:java.util.concurrent.CompletableFuture@a504ecd[Not completed]
2019-09-25 05:52:30,246 [pool-37-thread-1] INFO  impl.RaftServerImpl (RaftServerImpl.java:<init>(95)) - 5be219b2-97fd-4a8c-91ea-b15aa89454d4: new RaftServerImpl for group-5CA9F57E662E:[5be219b2-97fd-4a8c-91ea-b15aa89454d4:192.168.30.10:40625] with ContainerStateMachine:uninitialized
2019-09-25 05:52:30,246 [pool-37-thread-1] INFO  server.RaftServerConfigKeys (ConfUtils.java:logGet(43)) - raft.server.rpc.timeout.min = 5s (custom)
2019-09-25 05:52:30,247 [pool-37-thread-1] INFO  server.RaftServerConfigKeys (ConfUtils.java:logGet(43)) - raft.server.rpc.timeout.max = 5200ms (custom)
2019-09-25 05:52:30,247 [pool-37-thread-1] INFO  server.RaftServerConfigKeys (ConfUtils.java:logGet(43)) - raft.server.rpcslowness.timeout = 120s (custom)
2019-09-25 05:52:30,247 [pool-37-thread-1] INFO  server.RaftServerConfigKeys (ConfUtils.java:logGet(43)) - raft.server.sleep.deviation.threshold = 300 (default)
2019-09-25 05:52:30,247 [pool-37-thread-1] INFO  server.RaftServerConfigKeys (ConfUtils.java:logGet(43)) - raft.server.log.appender.install.snapshot.enabled = false (custom)
2019-09-25 05:52:30,247 [pool-37-thread-1] INFO  impl.RaftServerImpl (ServerState.java:<init>(103)) - 5be219b2-97fd-4a8c-91ea-b15aa89454d4@group-5CA9F57E662E: ConfigurationManager, init=-1: [5be219b2-97fd-4a8c-91ea-b15aa89454d4:192.168.30.10:40625], old=null, confs=<EMPTY_MAP>
2019-09-25 05:52:30,247 [pool-37-thread-1] INFO  server.RaftServerConfigKeys (ConfUtils.java:logGet(43)) - raft.server.storage.dir = [/workdir/hadoop-ozone/integration-test/target/test-dir/MiniOzoneClusterImpl-5fae48a0-8517-4c16-9d39-4001697b8772/datanode-1/data/ratis] (custom)
2019-09-25 05:52:30,247 [pool-37-thread-1] INFO  storage.RaftStorageDirectory (RaftStorageDirectory.java:analyzeStorage(246)) - The storage directory /workdir/hadoop-ozone/integration-test/target/test-dir/MiniOzoneClusterImpl-5fae48a0-8517-4c16-9d39-4001697b8772/datanode-1/data/ratis/e0898c13-18c6-4eb1-8cb7-5ca9f57e662e does not exist. Creating ...
2019-09-25 05:52:30,260 [pool-37-thread-1] INFO  storage.RaftStorageDirectory (RaftStorageDirectory.java:tryLock(328)) - Lock on /workdir/hadoop-ozone/integration-test/target/test-dir/MiniOzoneClusterImpl-5fae48a0-8517-4c16-9d39-4001697b8772/datanode-1/data/ratis/e0898c13-18c6-4eb1-8cb7-5ca9f57e662e/in_use.lock acquired by nodename 25594@pr-hdds-1569-s62bp-3040748787
2019-09-25 05:52:30,273 [pool-37-thread-1] INFO  storage.RaftStorage (RaftStorage.java:format(72)) - Storage directory /workdir/hadoop-ozone/integration-test/target/test-dir/MiniOzoneClusterImpl-5fae48a0-8517-4c16-9d39-4001697b8772/datanode-1/data/ratis/e0898c13-18c6-4eb1-8cb7-5ca9f57e662e has been successfully formatted.
2019-09-25 05:52:30,273 [pool-37-thread-1] INFO  ratis.ContainerStateMachine (ContainerStateMachine.java:loadSnapshot(230)) - group-5CA9F57E662E: The snapshot info is null. Setting the last applied indexto:(t:0, i:~)
2019-09-25 05:52:30,273 [pool-37-thread-1] INFO  server.RaftServerConfigKeys (ConfUtils.java:logGet(43)) - raft.server.notification.no-leader.timeout = 120s (custom)
2019-09-25 05:52:30,273 [pool-37-thread-1] INFO  server.RaftServerConfigKeys (ConfUtils.java:logGet(43)) - raft.server.log.use.memory = false (default)
2019-09-25 05:52:30,273 [pool-37-thread-1] INFO  server.RaftServerConfigKeys (ConfUtils.java:logGet(43)) - raft.server.log.purge.gap = 1000000 (custom)
2019-09-25 05:52:30,273 [pool-37-thread-1] INFO  server.RaftServerConfigKeys (ConfUtils.java:logGet(43)) - raft.server.log.appender.buffer.byte-limit = 33554432 (custom)
2019-09-25 05:52:30,273 [pool-37-thread-1] INFO  server.RaftServerConfigKeys (ConfUtils.java:logGet(43)) - raft.server.log.segment.size.max = 1048576 (custom)
2019-09-25 05:52:30,274 [pool-37-thread-1] INFO  server.RaftServerConfigKeys (ConfUtils.java:logGet(43)) - raft.server.log.segment.cache.num.max = 2 (custom)
2019-09-25 05:52:30,274 [pool-37-thread-1] INFO  segmented.SegmentedRaftLogWorker (SegmentedRaftLogWorker.java:<init>(172)) - new 5be219b2-97fd-4a8c-91ea-b15aa89454d4@group-5CA9F57E662E-SegmentedRaftLogWorker for RaftStorage:Storage Directory /workdir/hadoop-ozone/integration-test/target/test-dir/MiniOzoneClusterImpl-5fae48a0-8517-4c16-9d39-4001697b8772/datanode-1/data/ratis/e0898c13-18c6-4eb1-8cb7-5ca9f57e662e
2019-09-25 05:52:30,274 [pool-37-thread-1] INFO  server.RaftServerConfigKeys (ConfUtils.java:logGet(43)) - raft.server.log.queue.byte-limit = 2147483647 (custom)
2019-09-25 05:52:30,274 [pool-37-thread-1] INFO  server.RaftServerConfigKeys (ConfUtils.java:logGet(43)) - raft.server.log.queue.element-limit = 1024 (custom)
2019-09-25 05:52:30,274 [pool-37-thread-1] INFO  server.RaftServerConfigKeys (ConfUtils.java:logGet(43)) - raft.server.log.segment.size.max = 1048576 (custom)
2019-09-25 05:52:30,274 [pool-37-thread-1] INFO  server.RaftServerConfigKeys (ConfUtils.java:logGet(43)) - raft.server.log.preallocated.size = 16384 (custom)
2019-09-25 05:52:30,274 [pool-37-thread-1] INFO  server.RaftServerConfigKeys (ConfUtils.java:logGet(43)) - raft.server.log.write.buffer.size = 33554432 (custom)
2019-09-25 05:52:30,274 [pool-37-thread-1] INFO  server.RaftServerConfigKeys (ConfUtils.java:logGet(43)) - raft.server.log.force.sync.num = 128 (default)
2019-09-25 05:52:30,274 [pool-37-thread-1] INFO  server.RaftServerConfigKeys (ConfUtils.java:logGet(43)) - raft.server.log.statemachine.data.sync = true (default)
2019-09-25 05:52:30,274 [pool-37-thread-1] INFO  server.RaftServerConfigKeys (ConfUtils.java:logGet(43)) - raft.server.log.statemachine.data.sync.timeout = 10s (default)
2019-09-25 05:52:30,274 [pool-37-thread-1] INFO  server.RaftServerConfigKeys (ConfUtils.java:logGet(43)) - raft.server.log.statemachine.data.sync.timeout.retry = -1 (default)
2019-09-25 05:52:30,275 [pool-37-thread-1] INFO  server.RaftServerConfigKeys (ConfUtils.java:logGet(43)) - raft.server.log.statemachine.data.caching.enabled = true (custom)
2019-09-25 05:52:30,275 [pool-37-thread-1] INFO  segmented.SegmentedRaftLogWorker (SegmentedRaftLogWorker.java:lambda$new$0(132)) - 5be219b2-97fd-4a8c-91ea-b15aa89454d4@group-5CA9F57E662E-SegmentedRaftLogWorker: flushIndex: setUnconditionally 0 -> -1
2019-09-25 05:52:30,275 [pool-37-thread-1] INFO  server.RaftServerConfigKeys (ConfUtils.java:logGet(43)) - raft.server.snapshot.auto.trigger.enabled = true (custom)
2019-09-25 05:52:30,275 [pool-37-thread-1] INFO  server.RaftServerConfigKeys (ConfUtils.java:logGet(43)) - raft.server.snapshot.auto.trigger.threshold = 10000 (custom)
2019-09-25 05:52:30,275 [pool-37-thread-1] INFO  server.RaftServerConfigKeys (ConfUtils.java:logGet(43)) - raft.server.snapshot.retention.num.files = 5 (custom)
2019-09-25 05:52:30,275 [pool-37-thread-1] INFO  server.RaftServerConfigKeys (ConfUtils.java:logGet(43)) - raft.server.retrycache.expirytime = 600000ms (custom)
2019-09-25 05:52:30,277 [pool-37-thread-1] INFO  impl.RaftServerImpl (RaftServerImpl.java:start(185)) - 5be219b2-97fd-4a8c-91ea-b15aa89454d4@group-5CA9F57E662E: start as a follower, conf=-1: [5be219b2-97fd-4a8c-91ea-b15aa89454d4:192.168.30.10:40625], old=null
2019-09-25 05:52:30,277 [pool-37-thread-1] INFO  impl.RaftServerImpl (RaftServerImpl.java:setRole(174)) - 5be219b2-97fd-4a8c-91ea-b15aa89454d4@group-5CA9F57E662E: changes role from      null to FOLLOWER at term 0 for startAsFollower
2019-09-25 05:52:30,278 [pool-37-thread-1] INFO  impl.RoleInfo (RoleInfo.java:updateAndGet(143)) - 5be219b2-97fd-4a8c-91ea-b15aa89454d4: start FollowerState
2019-09-25 05:52:30,278 [pool-37-thread-1] INFO  util.JmxRegister (JmxRegister.java:tryRegister(44)) - Successfully registered JMX Bean with object name Ratis:service=RaftServer,group=group-5CA9F57E662E,id=5be219b2-97fd-4a8c-91ea-b15aa89454d4
2019-09-25 05:52:30,280 [RatisPipelineUtilsThread] INFO  pipeline.PipelineStateManager (PipelineStateManager.java:addPipeline(56)) - Created pipeline Pipeline[ Id: e0898c13-18c6-4eb1-8cb7-5ca9f57e662e, Nodes: 5be219b2-97fd-4a8c-91ea-b15aa89454d4{ip: 192.168.30.10, host: pr-hdds-1569-s62bp-3040748787, networkLocation: /default-rack, certSerialId: null}, Type:RATIS, Factor:ONE, State:OPEN]
2019-09-25 05:52:30,285 [grpc-default-executor-0] INFO  impl.RaftServerProxy (RaftServerProxy.java:addNew(89)) - 5be219b2-97fd-4a8c-91ea-b15aa89454d4: addNew group-75850FD069CD:[5be219b2-97fd-4a8c-91ea-b15aa89454d4:192.168.30.10:40625] returns group-75850FD069CD:java.util.concurrent.CompletableFuture@147032f1[Not completed]
2019-09-25 05:52:30,286 [pool-37-thread-1] INFO  impl.RaftServerImpl (RaftServerImpl.java:<init>(95)) - 5be219b2-97fd-4a8c-91ea-b15aa89454d4: new RaftServerImpl for group-75850FD069CD:[5be219b2-97fd-4a8c-91ea-b15aa89454d4:192.168.30.10:40625] with ContainerStateMachine:uninitialized
2019-09-25 05:52:30,286 [pool-37-thread-1] INFO  server.RaftServerConfigKeys (ConfUtils.java:logGet(43)) - raft.server.rpc.timeout.min = 5s (custom)
2019-09-25 05:52:30,286 [pool-37-thread-1] INFO  server.RaftServerConfigKeys (ConfUtils.java:logGet(43)) - raft.server.rpc.timeout.max = 5200ms (custom)
2019-09-25 05:52:30,286 [pool-37-thread-1] INFO  server.RaftServerConfigKeys (ConfUtils.java:logGet(43)) - raft.server.rpcslowness.timeout = 120s (custom)
2019-09-25 05:52:30,286 [pool-37-thread-1] INFO  server.RaftServerConfigKeys (ConfUtils.java:logGet(43)) - raft.server.sleep.deviation.threshold = 300 (default)
2019-09-25 05:52:30,286 [pool-37-thread-1] INFO  server.RaftServerConfigKeys (ConfUtils.java:logGet(43)) - raft.server.log.appender.install.snapshot.enabled = false (custom)
2019-09-25 05:52:30,286 [pool-37-thread-1] INFO  impl.RaftServerImpl (ServerState.java:<init>(103)) - 5be219b2-97fd-4a8c-91ea-b15aa89454d4@group-75850FD069CD: ConfigurationManager, init=-1: [5be219b2-97fd-4a8c-91ea-b15aa89454d4:192.168.30.10:40625], old=null, confs=<EMPTY_MAP>
2019-09-25 05:52:30,287 [pool-37-thread-1] INFO  server.RaftServerConfigKeys (ConfUtils.java:logGet(43)) - raft.server.storage.dir = [/workdir/hadoop-ozone/integration-test/target/test-dir/MiniOzoneClusterImpl-5fae48a0-8517-4c16-9d39-4001697b8772/datanode-1/data/ratis] (custom)
2019-09-25 05:52:30,287 [pool-37-thread-1] INFO  storage.RaftStorageDirectory (RaftStorageDirectory.java:analyzeStorage(246)) - The storage directory /workdir/hadoop-ozone/integration-test/target/test-dir/MiniOzoneClusterImpl-5fae48a0-8517-4c16-9d39-4001697b8772/datanode-1/data/ratis/dfe0b8c3-7615-4ca7-a4b4-75850fd069cd does not exist. Creating ...
2019-09-25 05:52:30,296 [pool-37-thread-1] INFO  storage.RaftStorageDirectory (RaftStorageDirectory.java:tryLock(328)) - Lock on /workdir/hadoop-ozone/integration-test/target/test-dir/MiniOzoneClusterImpl-5fae48a0-8517-4c16-9d39-4001697b8772/datanode-1/data/ratis/dfe0b8c3-7615-4ca7-a4b4-75850fd069cd/in_use.lock acquired by nodename 25594@pr-hdds-1569-s62bp-3040748787
2019-09-25 05:52:30,309 [pool-37-thread-1] INFO  storage.RaftStorage (RaftStorage.java:format(72)) - Storage directory /workdir/hadoop-ozone/integration-test/target/test-dir/MiniOzoneClusterImpl-5fae48a0-8517-4c16-9d39-4001697b8772/datanode-1/data/ratis/dfe0b8c3-7615-4ca7-a4b4-75850fd069cd has been successfully formatted.
2019-09-25 05:52:30,309 [pool-37-thread-1] INFO  ratis.ContainerStateMachine (ContainerStateMachine.java:loadSnapshot(230)) - group-75850FD069CD: The snapshot info is null. Setting the last applied indexto:(t:0, i:~)
2019-09-25 05:52:30,309 [pool-37-thread-1] INFO  server.RaftServerConfigKeys (ConfUtils.java:logGet(43)) - raft.server.notification.no-leader.timeout = 120s (custom)
2019-09-25 05:52:30,309 [pool-37-thread-1] INFO  server.RaftServerConfigKeys (ConfUtils.java:logGet(43)) - raft.server.log.use.memory = false (default)
2019-09-25 05:52:30,309 [pool-37-thread-1] INFO  server.RaftServerConfigKeys (ConfUtils.java:logGet(43)) - raft.server.log.purge.gap = 1000000 (custom)
2019-09-25 05:52:30,310 [pool-37-thread-1] INFO  server.RaftServerConfigKeys (ConfUtils.java:logGet(43)) - raft.server.log.appender.buffer.byte-limit = 33554432 (custom)
2019-09-25 05:52:30,310 [pool-37-thread-1] INFO  server.RaftServerConfigKeys (ConfUtils.java:logGet(43)) - raft.server.log.segment.size.max = 1048576 (custom)
2019-09-25 05:52:30,310 [pool-37-thread-1] INFO  server.RaftServerConfigKeys (ConfUtils.java:logGet(43)) - raft.server.log.segment.cache.num.max = 2 (custom)
2019-09-25 05:52:30,310 [pool-37-thread-1] INFO  segmented.SegmentedRaftLogWorker (SegmentedRaftLogWorker.java:<init>(172)) - new 5be219b2-97fd-4a8c-91ea-b15aa89454d4@group-75850FD069CD-SegmentedRaftLogWorker for RaftStorage:Storage Directory /workdir/hadoop-ozone/integration-test/target/test-dir/MiniOzoneClusterImpl-5fae48a0-8517-4c16-9d39-4001697b8772/datanode-1/data/ratis/dfe0b8c3-7615-4ca7-a4b4-75850fd069cd
2019-09-25 05:52:30,310 [pool-37-thread-1] INFO  server.RaftServerConfigKeys (ConfUtils.java:logGet(43)) - raft.server.log.queue.byte-limit = 2147483647 (custom)
2019-09-25 05:52:30,310 [pool-37-thread-1] INFO  server.RaftServerConfigKeys (ConfUtils.java:logGet(43)) - raft.server.log.queue.element-limit = 1024 (custom)
2019-09-25 05:52:30,310 [pool-37-thread-1] INFO  server.RaftServerConfigKeys (ConfUtils.java:logGet(43)) - raft.server.log.segment.size.max = 1048576 (custom)
2019-09-25 05:52:30,310 [pool-37-thread-1] INFO  server.RaftServerConfigKeys (ConfUtils.java:logGet(43)) - raft.server.log.preallocated.size = 16384 (custom)
2019-09-25 05:52:30,310 [pool-37-thread-1] INFO  server.RaftServerConfigKeys (ConfUtils.java:logGet(43)) - raft.server.log.write.buffer.size = 33554432 (custom)
2019-09-25 05:52:30,310 [pool-37-thread-1] INFO  server.RaftServerConfigKeys (ConfUtils.java:logGet(43)) - raft.server.log.force.sync.num = 128 (default)
2019-09-25 05:52:30,311 [pool-37-thread-1] INFO  server.RaftServerConfigKeys (ConfUtils.java:logGet(43)) - raft.server.log.statemachine.data.sync = true (default)
2019-09-25 05:52:30,311 [pool-37-thread-1] INFO  server.RaftServerConfigKeys (ConfUtils.java:logGet(43)) - raft.server.log.statemachine.data.sync.timeout = 10s (default)
2019-09-25 05:52:30,311 [pool-37-thread-1] INFO  server.RaftServerConfigKeys (ConfUtils.java:logGet(43)) - raft.server.log.statemachine.data.sync.timeout.retry = -1 (default)
2019-09-25 05:52:30,311 [pool-37-thread-1] INFO  server.RaftServerConfigKeys (ConfUtils.java:logGet(43)) - raft.server.log.statemachine.data.caching.enabled = true (custom)
2019-09-25 05:52:30,311 [pool-37-thread-1] INFO  segmented.SegmentedRaftLogWorker (SegmentedRaftLogWorker.java:lambda$new$0(132)) - 5be219b2-97fd-4a8c-91ea-b15aa89454d4@group-75850FD069CD-SegmentedRaftLogWorker: flushIndex: setUnconditionally 0 -> -1
2019-09-25 05:52:30,311 [pool-37-thread-1] INFO  server.RaftServerConfigKeys (ConfUtils.java:logGet(43)) - raft.server.snapshot.auto.trigger.enabled = true (custom)
2019-09-25 05:52:30,312 [pool-37-thread-1] INFO  server.RaftServerConfigKeys (ConfUtils.java:logGet(43)) - raft.server.snapshot.auto.trigger.threshold = 10000 (custom)
2019-09-25 05:52:30,312 [pool-37-thread-1] INFO  server.RaftServerConfigKeys (ConfUtils.java:logGet(43)) - raft.server.snapshot.retention.num.files = 5 (custom)
2019-09-25 05:52:30,312 [pool-37-thread-1] INFO  server.RaftServerConfigKeys (ConfUtils.java:logGet(43)) - raft.server.retrycache.expirytime = 600000ms (custom)
2019-09-25 05:52:30,314 [pool-37-thread-1] INFO  impl.RaftServerImpl (RaftServerImpl.java:start(185)) - 5be219b2-97fd-4a8c-91ea-b15aa89454d4@group-75850FD069CD: start as a follower, conf=-1: [5be219b2-97fd-4a8c-91ea-b15aa89454d4:192.168.30.10:40625], old=null
2019-09-25 05:52:30,314 [pool-37-thread-1] INFO  impl.RaftServerImpl (RaftServerImpl.java:setRole(174)) - 5be219b2-97fd-4a8c-91ea-b15aa89454d4@group-75850FD069CD: changes role from      null to FOLLOWER at term 0 for startAsFollower
2019-09-25 05:52:30,314 [pool-37-thread-1] INFO  impl.RoleInfo (RoleInfo.java:updateAndGet(143)) - 5be219b2-97fd-4a8c-91ea-b15aa89454d4: start FollowerState
2019-09-25 05:52:30,314 [pool-37-thread-1] INFO  util.JmxRegister (JmxRegister.java:tryRegister(44)) - Successfully registered JMX Bean with object name Ratis:service=RaftServer,group=group-75850FD069CD,id=5be219b2-97fd-4a8c-91ea-b15aa89454d4
2019-09-25 05:52:30,317 [RatisPipelineUtilsThread] INFO  pipeline.PipelineStateManager (PipelineStateManager.java:addPipeline(56)) - Created pipeline Pipeline[ Id: dfe0b8c3-7615-4ca7-a4b4-75850fd069cd, Nodes: 5be219b2-97fd-4a8c-91ea-b15aa89454d4{ip: 192.168.30.10, host: pr-hdds-1569-s62bp-3040748787, networkLocation: /default-rack, certSerialId: null}, Type:RATIS, Factor:ONE, State:OPEN]
2019-09-25 05:52:30,321 [grpc-default-executor-0] INFO  impl.RaftServerProxy (RaftServerProxy.java:addNew(89)) - 5be219b2-97fd-4a8c-91ea-b15aa89454d4: addNew group-062EB2D13C02:[5be219b2-97fd-4a8c-91ea-b15aa89454d4:192.168.30.10:40625] returns group-062EB2D13C02:java.util.concurrent.CompletableFuture@567d207c[Not completed]
2019-09-25 05:52:30,322 [pool-37-thread-1] INFO  impl.RaftServerImpl (RaftServerImpl.java:<init>(95)) - 5be219b2-97fd-4a8c-91ea-b15aa89454d4: new RaftServerImpl for group-062EB2D13C02:[5be219b2-97fd-4a8c-91ea-b15aa89454d4:192.168.30.10:40625] with ContainerStateMachine:uninitialized
2019-09-25 05:52:30,322 [pool-37-thread-1] INFO  server.RaftServerConfigKeys (ConfUtils.java:logGet(43)) - raft.server.rpc.timeout.min = 5s (custom)
2019-09-25 05:52:30,322 [pool-37-thread-1] INFO  server.RaftServerConfigKeys (ConfUtils.java:logGet(43)) - raft.server.rpc.timeout.max = 5200ms (custom)
2019-09-25 05:52:30,322 [pool-37-thread-1] INFO  server.RaftServerConfigKeys (ConfUtils.java:logGet(43)) - raft.server.rpcslowness.timeout = 120s (custom)
2019-09-25 05:52:30,323 [pool-37-thread-1] INFO  server.RaftServerConfigKeys (ConfUtils.java:logGet(43)) - raft.server.sleep.deviation.threshold = 300 (default)
2019-09-25 05:52:30,323 [pool-37-thread-1] INFO  server.RaftServerConfigKeys (ConfUtils.java:logGet(43)) - raft.server.log.appender.install.snapshot.enabled = false (custom)
2019-09-25 05:52:30,323 [pool-37-thread-1] INFO  impl.RaftServerImpl (ServerState.java:<init>(103)) - 5be219b2-97fd-4a8c-91ea-b15aa89454d4@group-062EB2D13C02: ConfigurationManager, init=-1: [5be219b2-97fd-4a8c-91ea-b15aa89454d4:192.168.30.10:40625], old=null, confs=<EMPTY_MAP>
2019-09-25 05:52:30,323 [pool-37-thread-1] INFO  server.RaftServerConfigKeys (ConfUtils.java:logGet(43)) - raft.server.storage.dir = [/workdir/hadoop-ozone/integration-test/target/test-dir/MiniOzoneClusterImpl-5fae48a0-8517-4c16-9d39-4001697b8772/datanode-1/data/ratis] (custom)
2019-09-25 05:52:30,323 [pool-37-thread-1] INFO  storage.RaftStorageDirectory (RaftStorageDirectory.java:analyzeStorage(246)) - The storage directory /workdir/hadoop-ozone/integration-test/target/test-dir/MiniOzoneClusterImpl-5fae48a0-8517-4c16-9d39-4001697b8772/datanode-1/data/ratis/6ef143fd-e48d-4c2f-b338-062eb2d13c02 does not exist. Creating ...
2019-09-25 05:52:30,348 [pool-37-thread-1] INFO  storage.RaftStorageDirectory (RaftStorageDirectory.java:tryLock(328)) - Lock on /workdir/hadoop-ozone/integration-test/target/test-dir/MiniOzoneClusterImpl-5fae48a0-8517-4c16-9d39-4001697b8772/datanode-1/data/ratis/6ef143fd-e48d-4c2f-b338-062eb2d13c02/in_use.lock acquired by nodename 25594@pr-hdds-1569-s62bp-3040748787
2019-09-25 05:52:30,361 [pool-37-thread-1] INFO  storage.RaftStorage (RaftStorage.java:format(72)) - Storage directory /workdir/hadoop-ozone/integration-test/target/test-dir/MiniOzoneClusterImpl-5fae48a0-8517-4c16-9d39-4001697b8772/datanode-1/data/ratis/6ef143fd-e48d-4c2f-b338-062eb2d13c02 has been successfully formatted.
2019-09-25 05:52:30,361 [pool-37-thread-1] INFO  ratis.ContainerStateMachine (ContainerStateMachine.java:loadSnapshot(230)) - group-062EB2D13C02: The snapshot info is null. Setting the last applied indexto:(t:0, i:~)
2019-09-25 05:52:30,361 [pool-37-thread-1] INFO  server.RaftServerConfigKeys (ConfUtils.java:logGet(43)) - raft.server.notification.no-leader.timeout = 120s (custom)
2019-09-25 05:52:30,361 [pool-37-thread-1] INFO  server.RaftServerConfigKeys (ConfUtils.java:logGet(43)) - raft.server.log.use.memory = false (default)
2019-09-25 05:52:30,361 [pool-37-thread-1] INFO  server.RaftServerConfigKeys (ConfUtils.java:logGet(43)) - raft.server.log.purge.gap = 1000000 (custom)
2019-09-25 05:52:30,362 [pool-37-thread-1] INFO  server.RaftServerConfigKeys (ConfUtils.java:logGet(43)) - raft.server.log.appender.buffer.byte-limit = 33554432 (custom)
2019-09-25 05:52:30,362 [pool-37-thread-1] INFO  server.RaftServerConfigKeys (ConfUtils.java:logGet(43)) - raft.server.log.segment.size.max = 1048576 (custom)
2019-09-25 05:52:30,362 [pool-37-thread-1] INFO  server.RaftServerConfigKeys (ConfUtils.java:logGet(43)) - raft.server.log.segment.cache.num.max = 2 (custom)
2019-09-25 05:52:30,362 [pool-37-thread-1] INFO  segmented.SegmentedRaftLogWorker (SegmentedRaftLogWorker.java:<init>(172)) - new 5be219b2-97fd-4a8c-91ea-b15aa89454d4@group-062EB2D13C02-SegmentedRaftLogWorker for RaftStorage:Storage Directory /workdir/hadoop-ozone/integration-test/target/test-dir/MiniOzoneClusterImpl-5fae48a0-8517-4c16-9d39-4001697b8772/datanode-1/data/ratis/6ef143fd-e48d-4c2f-b338-062eb2d13c02
2019-09-25 05:52:30,362 [pool-37-thread-1] INFO  server.RaftServerConfigKeys (ConfUtils.java:logGet(43)) - raft.server.log.queue.byte-limit = 2147483647 (custom)
2019-09-25 05:52:30,362 [pool-37-thread-1] INFO  server.RaftServerConfigKeys (ConfUtils.java:logGet(43)) - raft.server.log.queue.element-limit = 1024 (custom)
2019-09-25 05:52:30,362 [pool-37-thread-1] INFO  server.RaftServerConfigKeys (ConfUtils.java:logGet(43)) - raft.server.log.segment.size.max = 1048576 (custom)
2019-09-25 05:52:30,362 [pool-37-thread-1] INFO  server.RaftServerConfigKeys (ConfUtils.java:logGet(43)) - raft.server.log.preallocated.size = 16384 (custom)
2019-09-25 05:52:30,362 [pool-37-thread-1] INFO  server.RaftServerConfigKeys (ConfUtils.java:logGet(43)) - raft.server.log.write.buffer.size = 33554432 (custom)
2019-09-25 05:52:30,363 [pool-37-thread-1] INFO  server.RaftServerConfigKeys (ConfUtils.java:logGet(43)) - raft.server.log.force.sync.num = 128 (default)
2019-09-25 05:52:30,363 [pool-37-thread-1] INFO  server.RaftServerConfigKeys (ConfUtils.java:logGet(43)) - raft.server.log.statemachine.data.sync = true (default)
2019-09-25 05:52:30,363 [pool-37-thread-1] INFO  server.RaftServerConfigKeys (ConfUtils.java:logGet(43)) - raft.server.log.statemachine.data.sync.timeout = 10s (default)
2019-09-25 05:52:30,363 [pool-37-thread-1] INFO  server.RaftServerConfigKeys (ConfUtils.java:logGet(43)) - raft.server.log.statemachine.data.sync.timeout.retry = -1 (default)
2019-09-25 05:52:30,363 [pool-37-thread-1] INFO  server.RaftServerConfigKeys (ConfUtils.java:logGet(43)) - raft.server.log.statemachine.data.caching.enabled = true (custom)
2019-09-25 05:52:30,363 [pool-37-thread-1] INFO  segmented.SegmentedRaftLogWorker (SegmentedRaftLogWorker.java:lambda$new$0(132)) - 5be219b2-97fd-4a8c-91ea-b15aa89454d4@group-062EB2D13C02-SegmentedRaftLogWorker: flushIndex: setUnconditionally 0 -> -1
2019-09-25 05:52:30,364 [pool-37-thread-1] INFO  server.RaftServerConfigKeys (ConfUtils.java:logGet(43)) - raft.server.snapshot.auto.trigger.enabled = true (custom)
2019-09-25 05:52:30,364 [pool-37-thread-1] INFO  server.RaftServerConfigKeys (ConfUtils.java:logGet(43)) - raft.server.snapshot.auto.trigger.threshold = 10000 (custom)
2019-09-25 05:52:30,364 [pool-37-thread-1] INFO  server.RaftServerConfigKeys (ConfUtils.java:logGet(43)) - raft.server.snapshot.retention.num.files = 5 (custom)
2019-09-25 05:52:30,364 [pool-37-thread-1] INFO  server.RaftServerConfigKeys (ConfUtils.java:logGet(43)) - raft.server.retrycache.expirytime = 600000ms (custom)
2019-09-25 05:52:30,366 [pool-37-thread-1] INFO  impl.RaftServerImpl (RaftServerImpl.java:start(185)) - 5be219b2-97fd-4a8c-91ea-b15aa89454d4@group-062EB2D13C02: start as a follower, conf=-1: [5be219b2-97fd-4a8c-91ea-b15aa89454d4:192.168.30.10:40625], old=null
2019-09-25 05:52:30,366 [pool-37-thread-1] INFO  impl.RaftServerImpl (RaftServerImpl.java:setRole(174)) - 5be219b2-97fd-4a8c-91ea-b15aa89454d4@group-062EB2D13C02: changes role from      null to FOLLOWER at term 0 for startAsFollower
2019-09-25 05:52:30,366 [pool-37-thread-1] INFO  impl.RoleInfo (RoleInfo.java:updateAndGet(143)) - 5be219b2-97fd-4a8c-91ea-b15aa89454d4: start FollowerState
2019-09-25 05:52:30,367 [pool-37-thread-1] INFO  util.JmxRegister (JmxRegister.java:tryRegister(44)) - Successfully registered JMX Bean with object name Ratis:service=RaftServer,group=group-062EB2D13C02,id=5be219b2-97fd-4a8c-91ea-b15aa89454d4
2019-09-25 05:52:30,369 [RatisPipelineUtilsThread] INFO  pipeline.PipelineStateManager (PipelineStateManager.java:addPipeline(56)) - Created pipeline Pipeline[ Id: 6ef143fd-e48d-4c2f-b338-062eb2d13c02, Nodes: 5be219b2-97fd-4a8c-91ea-b15aa89454d4{ip: 192.168.30.10, host: pr-hdds-1569-s62bp-3040748787, networkLocation: /default-rack, certSerialId: null}, Type:RATIS, Factor:ONE, State:OPEN]
2019-09-25 05:52:30,374 [grpc-default-executor-0] INFO  impl.RaftServerProxy (RaftServerProxy.java:addNew(89)) - 754f3588-47e6-41ad-b34e-eb7041cce070: addNew group-2AFD8FA83037:[754f3588-47e6-41ad-b34e-eb7041cce070:192.168.30.10:41089] returns group-2AFD8FA83037:java.util.concurrent.CompletableFuture@5f56153f[Not completed]
2019-09-25 05:52:30,375 [pool-47-thread-1] INFO  impl.RaftServerImpl (RaftServerImpl.java:<init>(95)) - 754f3588-47e6-41ad-b34e-eb7041cce070: new RaftServerImpl for group-2AFD8FA83037:[754f3588-47e6-41ad-b34e-eb7041cce070:192.168.30.10:41089] with ContainerStateMachine:uninitialized
2019-09-25 05:52:30,376 [pool-47-thread-1] INFO  server.RaftServerConfigKeys (ConfUtils.java:logGet(43)) - raft.server.rpc.timeout.min = 5s (custom)
2019-09-25 05:52:30,376 [pool-47-thread-1] INFO  server.RaftServerConfigKeys (ConfUtils.java:logGet(43)) - raft.server.rpc.timeout.max = 5200ms (custom)
2019-09-25 05:52:30,376 [pool-47-thread-1] INFO  server.RaftServerConfigKeys (ConfUtils.java:logGet(43)) - raft.server.rpcslowness.timeout = 120s (custom)
2019-09-25 05:52:30,376 [pool-47-thread-1] INFO  server.RaftServerConfigKeys (ConfUtils.java:logGet(43)) - raft.server.sleep.deviation.threshold = 300 (default)
2019-09-25 05:52:30,376 [pool-47-thread-1] INFO  server.RaftServerConfigKeys (ConfUtils.java:logGet(43)) - raft.server.log.appender.install.snapshot.enabled = false (custom)
2019-09-25 05:52:30,376 [pool-47-thread-1] INFO  impl.RaftServerImpl (ServerState.java:<init>(103)) - 754f3588-47e6-41ad-b34e-eb7041cce070@group-2AFD8FA83037: ConfigurationManager, init=-1: [754f3588-47e6-41ad-b34e-eb7041cce070:192.168.30.10:41089], old=null, confs=<EMPTY_MAP>
2019-09-25 05:52:30,377 [pool-47-thread-1] INFO  server.RaftServerConfigKeys (ConfUtils.java:logGet(43)) - raft.server.storage.dir = [/workdir/hadoop-ozone/integration-test/target/test-dir/MiniOzoneClusterImpl-5fae48a0-8517-4c16-9d39-4001697b8772/datanode-2/data/ratis] (custom)
2019-09-25 05:52:30,377 [pool-47-thread-1] INFO  storage.RaftStorageDirectory (RaftStorageDirectory.java:analyzeStorage(246)) - The storage directory /workdir/hadoop-ozone/integration-test/target/test-dir/MiniOzoneClusterImpl-5fae48a0-8517-4c16-9d39-4001697b8772/datanode-2/data/ratis/7cd429c6-474a-4296-bc97-2afd8fa83037 does not exist. Creating ...
2019-09-25 05:52:30,390 [pool-47-thread-1] INFO  storage.RaftStorageDirectory (RaftStorageDirectory.java:tryLock(328)) - Lock on /workdir/hadoop-ozone/integration-test/target/test-dir/MiniOzoneClusterImpl-5fae48a0-8517-4c16-9d39-4001697b8772/datanode-2/data/ratis/7cd429c6-474a-4296-bc97-2afd8fa83037/in_use.lock acquired by nodename 25594@pr-hdds-1569-s62bp-3040748787
2019-09-25 05:52:30,402 [pool-47-thread-1] INFO  storage.RaftStorage (RaftStorage.java:format(72)) - Storage directory /workdir/hadoop-ozone/integration-test/target/test-dir/MiniOzoneClusterImpl-5fae48a0-8517-4c16-9d39-4001697b8772/datanode-2/data/ratis/7cd429c6-474a-4296-bc97-2afd8fa83037 has been successfully formatted.
2019-09-25 05:52:30,403 [pool-47-thread-1] INFO  ratis.ContainerStateMachine (ContainerStateMachine.java:loadSnapshot(230)) - group-2AFD8FA83037: The snapshot info is null. Setting the last applied indexto:(t:0, i:~)
2019-09-25 05:52:30,403 [pool-47-thread-1] INFO  server.RaftServerConfigKeys (ConfUtils.java:logGet(43)) - raft.server.notification.no-leader.timeout = 120s (custom)
2019-09-25 05:52:30,403 [pool-47-thread-1] INFO  server.RaftServerConfigKeys (ConfUtils.java:logGet(43)) - raft.server.log.use.memory = false (default)
2019-09-25 05:52:30,403 [pool-47-thread-1] INFO  server.RaftServerConfigKeys (ConfUtils.java:logGet(43)) - raft.server.log.purge.gap = 1000000 (custom)
2019-09-25 05:52:30,403 [pool-47-thread-1] INFO  server.RaftServerConfigKeys (ConfUtils.java:logGet(43)) - raft.server.log.appender.buffer.byte-limit = 33554432 (custom)
2019-09-25 05:52:30,403 [pool-47-thread-1] INFO  server.RaftServerConfigKeys (ConfUtils.java:logGet(43)) - raft.server.log.segment.size.max = 1048576 (custom)
2019-09-25 05:52:30,404 [pool-47-thread-1] INFO  server.RaftServerConfigKeys (ConfUtils.java:logGet(43)) - raft.server.log.segment.cache.num.max = 2 (custom)
2019-09-25 05:52:30,404 [pool-47-thread-1] INFO  segmented.SegmentedRaftLogWorker (SegmentedRaftLogWorker.java:<init>(172)) - new 754f3588-47e6-41ad-b34e-eb7041cce070@group-2AFD8FA83037-SegmentedRaftLogWorker for RaftStorage:Storage Directory /workdir/hadoop-ozone/integration-test/target/test-dir/MiniOzoneClusterImpl-5fae48a0-8517-4c16-9d39-4001697b8772/datanode-2/data/ratis/7cd429c6-474a-4296-bc97-2afd8fa83037
2019-09-25 05:52:30,404 [pool-47-thread-1] INFO  server.RaftServerConfigKeys (ConfUtils.java:logGet(43)) - raft.server.log.queue.byte-limit = 2147483647 (custom)
2019-09-25 05:52:30,404 [pool-47-thread-1] INFO  server.RaftServerConfigKeys (ConfUtils.java:logGet(43)) - raft.server.log.queue.element-limit = 1024 (custom)
2019-09-25 05:52:30,404 [pool-47-thread-1] INFO  server.RaftServerConfigKeys (ConfUtils.java:logGet(43)) - raft.server.log.segment.size.max = 1048576 (custom)
2019-09-25 05:52:30,404 [pool-47-thread-1] INFO  server.RaftServerConfigKeys (ConfUtils.java:logGet(43)) - raft.server.log.preallocated.size = 16384 (custom)
2019-09-25 05:52:30,404 [pool-47-thread-1] INFO  server.RaftServerConfigKeys (ConfUtils.java:logGet(43)) - raft.server.log.write.buffer.size = 33554432 (custom)
2019-09-25 05:52:30,404 [pool-47-thread-1] INFO  server.RaftServerConfigKeys (ConfUtils.java:logGet(43)) - raft.server.log.force.sync.num = 128 (default)
2019-09-25 05:52:30,405 [pool-47-thread-1] INFO  server.RaftServerConfigKeys (ConfUtils.java:logGet(43)) - raft.server.log.statemachine.data.sync = true (default)
2019-09-25 05:52:30,405 [pool-47-thread-1] INFO  server.RaftServerConfigKeys (ConfUtils.java:logGet(43)) - raft.server.log.statemachine.data.sync.timeout = 10s (default)
2019-09-25 05:52:30,405 [pool-47-thread-1] INFO  server.RaftServerConfigKeys (ConfUtils.java:logGet(43)) - raft.server.log.statemachine.data.sync.timeout.retry = -1 (default)
2019-09-25 05:52:30,405 [pool-47-thread-1] INFO  server.RaftServerConfigKeys (ConfUtils.java:logGet(43)) - raft.server.log.statemachine.data.caching.enabled = true (custom)
2019-09-25 05:52:30,405 [pool-47-thread-1] INFO  segmented.SegmentedRaftLogWorker (SegmentedRaftLogWorker.java:lambda$new$0(132)) - 754f3588-47e6-41ad-b34e-eb7041cce070@group-2AFD8FA83037-SegmentedRaftLogWorker: flushIndex: setUnconditionally 0 -> -1
2019-09-25 05:52:30,406 [pool-47-thread-1] INFO  server.RaftServerConfigKeys (ConfUtils.java:logGet(43)) - raft.server.snapshot.auto.trigger.enabled = true (custom)
2019-09-25 05:52:30,406 [pool-47-thread-1] INFO  server.RaftServerConfigKeys (ConfUtils.java:logGet(43)) - raft.server.snapshot.auto.trigger.threshold = 10000 (custom)
2019-09-25 05:52:30,406 [pool-47-thread-1] INFO  server.RaftServerConfigKeys (ConfUtils.java:logGet(43)) - raft.server.snapshot.retention.num.files = 5 (custom)
2019-09-25 05:52:30,406 [pool-47-thread-1] INFO  server.RaftServerConfigKeys (ConfUtils.java:logGet(43)) - raft.server.retrycache.expirytime = 600000ms (custom)
2019-09-25 05:52:30,408 [pool-47-thread-1] INFO  impl.RaftServerImpl (RaftServerImpl.java:start(185)) - 754f3588-47e6-41ad-b34e-eb7041cce070@group-2AFD8FA83037: start as a follower, conf=-1: [754f3588-47e6-41ad-b34e-eb7041cce070:192.168.30.10:41089], old=null
2019-09-25 05:52:30,408 [pool-47-thread-1] INFO  impl.RaftServerImpl (RaftServerImpl.java:setRole(174)) - 754f3588-47e6-41ad-b34e-eb7041cce070@group-2AFD8FA83037: changes role from      null to FOLLOWER at term 0 for startAsFollower
2019-09-25 05:52:30,409 [pool-47-thread-1] INFO  impl.RoleInfo (RoleInfo.java:updateAndGet(143)) - 754f3588-47e6-41ad-b34e-eb7041cce070: start FollowerState
2019-09-25 05:52:30,409 [pool-47-thread-1] INFO  util.JmxRegister (JmxRegister.java:tryRegister(44)) - Successfully registered JMX Bean with object name Ratis:service=RaftServer,group=group-2AFD8FA83037,id=754f3588-47e6-41ad-b34e-eb7041cce070
2019-09-25 05:52:30,411 [RatisPipelineUtilsThread] INFO  pipeline.PipelineStateManager (PipelineStateManager.java:addPipeline(56)) - Created pipeline Pipeline[ Id: 7cd429c6-474a-4296-bc97-2afd8fa83037, Nodes: 754f3588-47e6-41ad-b34e-eb7041cce070{ip: 192.168.30.10, host: pr-hdds-1569-s62bp-3040748787, networkLocation: /default-rack, certSerialId: null}, Type:RATIS, Factor:ONE, State:OPEN]
2019-09-25 05:52:30,416 [grpc-default-executor-0] INFO  impl.RaftServerProxy (RaftServerProxy.java:addNew(89)) - 0bbc1277-be6f-4bf3-88cf-1c3b12e139ad: addNew group-84D84F2032E7:[0bbc1277-be6f-4bf3-88cf-1c3b12e139ad:192.168.30.10:46701] returns group-84D84F2032E7:java.util.concurrent.CompletableFuture@27d9f974[Not completed]
2019-09-25 05:52:30,418 [pool-27-thread-1] INFO  impl.RaftServerImpl (RaftServerImpl.java:<init>(95)) - 0bbc1277-be6f-4bf3-88cf-1c3b12e139ad: new RaftServerImpl for group-84D84F2032E7:[0bbc1277-be6f-4bf3-88cf-1c3b12e139ad:192.168.30.10:46701] with ContainerStateMachine:uninitialized
2019-09-25 05:52:30,418 [pool-27-thread-1] INFO  server.RaftServerConfigKeys (ConfUtils.java:logGet(43)) - raft.server.rpc.timeout.min = 5s (custom)
2019-09-25 05:52:30,418 [pool-27-thread-1] INFO  server.RaftServerConfigKeys (ConfUtils.java:logGet(43)) - raft.server.rpc.timeout.max = 5200ms (custom)
2019-09-25 05:52:30,418 [pool-27-thread-1] INFO  server.RaftServerConfigKeys (ConfUtils.java:logGet(43)) - raft.server.rpcslowness.timeout = 120s (custom)
2019-09-25 05:52:30,418 [pool-27-thread-1] INFO  server.RaftServerConfigKeys (ConfUtils.java:logGet(43)) - raft.server.sleep.deviation.threshold = 300 (default)
2019-09-25 05:52:30,418 [pool-27-thread-1] INFO  server.RaftServerConfigKeys (ConfUtils.java:logGet(43)) - raft.server.log.appender.install.snapshot.enabled = false (custom)
2019-09-25 05:52:30,418 [pool-27-thread-1] INFO  impl.RaftServerImpl (ServerState.java:<init>(103)) - 0bbc1277-be6f-4bf3-88cf-1c3b12e139ad@group-84D84F2032E7: ConfigurationManager, init=-1: [0bbc1277-be6f-4bf3-88cf-1c3b12e139ad:192.168.30.10:46701], old=null, confs=<EMPTY_MAP>
2019-09-25 05:52:30,419 [pool-27-thread-1] INFO  server.RaftServerConfigKeys (ConfUtils.java:logGet(43)) - raft.server.storage.dir = [/workdir/hadoop-ozone/integration-test/target/test-dir/MiniOzoneClusterImpl-5fae48a0-8517-4c16-9d39-4001697b8772/datanode-0/data/ratis] (custom)
2019-09-25 05:52:30,419 [pool-27-thread-1] INFO  storage.RaftStorageDirectory (RaftStorageDirectory.java:analyzeStorage(246)) - The storage directory /workdir/hadoop-ozone/integration-test/target/test-dir/MiniOzoneClusterImpl-5fae48a0-8517-4c16-9d39-4001697b8772/datanode-0/data/ratis/1fa4e778-1a47-46cf-a86f-84d84f2032e7 does not exist. Creating ...
2019-09-25 05:52:30,432 [pool-27-thread-1] INFO  storage.RaftStorageDirectory (RaftStorageDirectory.java:tryLock(328)) - Lock on /workdir/hadoop-ozone/integration-test/target/test-dir/MiniOzoneClusterImpl-5fae48a0-8517-4c16-9d39-4001697b8772/datanode-0/data/ratis/1fa4e778-1a47-46cf-a86f-84d84f2032e7/in_use.lock acquired by nodename 25594@pr-hdds-1569-s62bp-3040748787
2019-09-25 05:52:30,445 [pool-27-thread-1] INFO  storage.RaftStorage (RaftStorage.java:format(72)) - Storage directory /workdir/hadoop-ozone/integration-test/target/test-dir/MiniOzoneClusterImpl-5fae48a0-8517-4c16-9d39-4001697b8772/datanode-0/data/ratis/1fa4e778-1a47-46cf-a86f-84d84f2032e7 has been successfully formatted.
2019-09-25 05:52:30,445 [pool-27-thread-1] INFO  ratis.ContainerStateMachine (ContainerStateMachine.java:loadSnapshot(230)) - group-84D84F2032E7: The snapshot info is null. Setting the last applied indexto:(t:0, i:~)
2019-09-25 05:52:30,446 [pool-27-thread-1] INFO  server.RaftServerConfigKeys (ConfUtils.java:logGet(43)) - raft.server.notification.no-leader.timeout = 120s (custom)
2019-09-25 05:52:30,446 [pool-27-thread-1] INFO  server.RaftServerConfigKeys (ConfUtils.java:logGet(43)) - raft.server.log.use.memory = false (default)
2019-09-25 05:52:30,446 [pool-27-thread-1] INFO  server.RaftServerConfigKeys (ConfUtils.java:logGet(43)) - raft.server.log.purge.gap = 1000000 (custom)
2019-09-25 05:52:30,446 [pool-27-thread-1] INFO  server.RaftServerConfigKeys (ConfUtils.java:logGet(43)) - raft.server.log.appender.buffer.byte-limit = 33554432 (custom)
2019-09-25 05:52:30,446 [pool-27-thread-1] INFO  server.RaftServerConfigKeys (ConfUtils.java:logGet(43)) - raft.server.log.segment.size.max = 1048576 (custom)
2019-09-25 05:52:30,446 [pool-27-thread-1] INFO  server.RaftServerConfigKeys (ConfUtils.java:logGet(43)) - raft.server.log.segment.cache.num.max = 2 (custom)
2019-09-25 05:52:30,446 [pool-27-thread-1] INFO  segmented.SegmentedRaftLogWorker (SegmentedRaftLogWorker.java:<init>(172)) - new 0bbc1277-be6f-4bf3-88cf-1c3b12e139ad@group-84D84F2032E7-SegmentedRaftLogWorker for RaftStorage:Storage Directory /workdir/hadoop-ozone/integration-test/target/test-dir/MiniOzoneClusterImpl-5fae48a0-8517-4c16-9d39-4001697b8772/datanode-0/data/ratis/1fa4e778-1a47-46cf-a86f-84d84f2032e7
2019-09-25 05:52:30,447 [pool-27-thread-1] INFO  server.RaftServerConfigKeys (ConfUtils.java:logGet(43)) - raft.server.log.queue.byte-limit = 2147483647 (custom)
2019-09-25 05:52:30,447 [pool-27-thread-1] INFO  server.RaftServerConfigKeys (ConfUtils.java:logGet(43)) - raft.server.log.queue.element-limit = 1024 (custom)
2019-09-25 05:52:30,447 [pool-27-thread-1] INFO  server.RaftServerConfigKeys (ConfUtils.java:logGet(43)) - raft.server.log.segment.size.max = 1048576 (custom)
2019-09-25 05:52:30,447 [pool-27-thread-1] INFO  server.RaftServerConfigKeys (ConfUtils.java:logGet(43)) - raft.server.log.preallocated.size = 16384 (custom)
2019-09-25 05:52:30,447 [pool-27-thread-1] INFO  server.RaftServerConfigKeys (ConfUtils.java:logGet(43)) - raft.server.log.write.buffer.size = 33554432 (custom)
2019-09-25 05:52:30,447 [pool-27-thread-1] INFO  server.RaftServerConfigKeys (ConfUtils.java:logGet(43)) - raft.server.log.force.sync.num = 128 (default)
2019-09-25 05:52:30,447 [pool-27-thread-1] INFO  server.RaftServerConfigKeys (ConfUtils.java:logGet(43)) - raft.server.log.statemachine.data.sync = true (default)
2019-09-25 05:52:30,447 [pool-27-thread-1] INFO  server.RaftServerConfigKeys (ConfUtils.java:logGet(43)) - raft.server.log.statemachine.data.sync.timeout = 10s (default)
2019-09-25 05:52:30,448 [pool-27-thread-1] INFO  server.RaftServerConfigKeys (ConfUtils.java:logGet(43)) - raft.server.log.statemachine.data.sync.timeout.retry = -1 (default)
2019-09-25 05:52:30,448 [pool-27-thread-1] INFO  server.RaftServerConfigKeys (ConfUtils.java:logGet(43)) - raft.server.log.statemachine.data.caching.enabled = true (custom)
2019-09-25 05:52:30,448 [pool-27-thread-1] INFO  segmented.SegmentedRaftLogWorker (SegmentedRaftLogWorker.java:lambda$new$0(132)) - 0bbc1277-be6f-4bf3-88cf-1c3b12e139ad@group-84D84F2032E7-SegmentedRaftLogWorker: flushIndex: setUnconditionally 0 -> -1
2019-09-25 05:52:30,448 [pool-27-thread-1] INFO  server.RaftServerConfigKeys (ConfUtils.java:logGet(43)) - raft.server.snapshot.auto.trigger.enabled = true (custom)
2019-09-25 05:52:30,449 [pool-27-thread-1] INFO  server.RaftServerConfigKeys (ConfUtils.java:logGet(43)) - raft.server.snapshot.auto.trigger.threshold = 10000 (custom)
2019-09-25 05:52:30,449 [pool-27-thread-1] INFO  server.RaftServerConfigKeys (ConfUtils.java:logGet(43)) - raft.server.snapshot.retention.num.files = 5 (custom)
2019-09-25 05:52:30,449 [pool-27-thread-1] INFO  server.RaftServerConfigKeys (ConfUtils.java:logGet(43)) - raft.server.retrycache.expirytime = 600000ms (custom)
2019-09-25 05:52:30,451 [pool-27-thread-1] INFO  impl.RaftServerImpl (RaftServerImpl.java:start(185)) - 0bbc1277-be6f-4bf3-88cf-1c3b12e139ad@group-84D84F2032E7: start as a follower, conf=-1: [0bbc1277-be6f-4bf3-88cf-1c3b12e139ad:192.168.30.10:46701], old=null
2019-09-25 05:52:30,451 [pool-27-thread-1] INFO  impl.RaftServerImpl (RaftServerImpl.java:setRole(174)) - 0bbc1277-be6f-4bf3-88cf-1c3b12e139ad@group-84D84F2032E7: changes role from      null to FOLLOWER at term 0 for startAsFollower
2019-09-25 05:52:30,451 [pool-27-thread-1] INFO  impl.RoleInfo (RoleInfo.java:updateAndGet(143)) - 0bbc1277-be6f-4bf3-88cf-1c3b12e139ad: start FollowerState
2019-09-25 05:52:30,452 [pool-27-thread-1] INFO  util.JmxRegister (JmxRegister.java:tryRegister(44)) - Successfully registered JMX Bean with object name Ratis:service=RaftServer,group=group-84D84F2032E7,id=0bbc1277-be6f-4bf3-88cf-1c3b12e139ad
2019-09-25 05:52:30,454 [RatisPipelineUtilsThread] INFO  pipeline.PipelineStateManager (PipelineStateManager.java:addPipeline(56)) - Created pipeline Pipeline[ Id: 1fa4e778-1a47-46cf-a86f-84d84f2032e7, Nodes: 0bbc1277-be6f-4bf3-88cf-1c3b12e139ad{ip: 192.168.30.10, host: pr-hdds-1569-s62bp-3040748787, networkLocation: /default-rack, certSerialId: null}, Type:RATIS, Factor:ONE, State:OPEN]
2019-09-25 05:52:30,460 [grpc-default-executor-0] INFO  impl.RaftServerProxy (RaftServerProxy.java:addNew(89)) - 754f3588-47e6-41ad-b34e-eb7041cce070: addNew group-0CE913FB3B9B:[754f3588-47e6-41ad-b34e-eb7041cce070:192.168.30.10:41089] returns group-0CE913FB3B9B:java.util.concurrent.CompletableFuture@208c8a4f[Not completed]
2019-09-25 05:52:30,461 [pool-47-thread-1] INFO  impl.RaftServerImpl (RaftServerImpl.java:<init>(95)) - 754f3588-47e6-41ad-b34e-eb7041cce070: new RaftServerImpl for group-0CE913FB3B9B:[754f3588-47e6-41ad-b34e-eb7041cce070:192.168.30.10:41089] with ContainerStateMachine:uninitialized
2019-09-25 05:52:30,461 [pool-47-thread-1] INFO  server.RaftServerConfigKeys (ConfUtils.java:logGet(43)) - raft.server.rpc.timeout.min = 5s (custom)
2019-09-25 05:52:30,461 [pool-47-thread-1] INFO  server.RaftServerConfigKeys (ConfUtils.java:logGet(43)) - raft.server.rpc.timeout.max = 5200ms (custom)
2019-09-25 05:52:30,461 [pool-47-thread-1] INFO  server.RaftServerConfigKeys (ConfUtils.java:logGet(43)) - raft.server.rpcslowness.timeout = 120s (custom)
2019-09-25 05:52:30,461 [pool-47-thread-1] INFO  server.RaftServerConfigKeys (ConfUtils.java:logGet(43)) - raft.server.sleep.deviation.threshold = 300 (default)
2019-09-25 05:52:30,461 [pool-47-thread-1] INFO  server.RaftServerConfigKeys (ConfUtils.java:logGet(43)) - raft.server.log.appender.install.snapshot.enabled = false (custom)
2019-09-25 05:52:30,461 [pool-47-thread-1] INFO  impl.RaftServerImpl (ServerState.java:<init>(103)) - 754f3588-47e6-41ad-b34e-eb7041cce070@group-0CE913FB3B9B: ConfigurationManager, init=-1: [754f3588-47e6-41ad-b34e-eb7041cce070:192.168.30.10:41089], old=null, confs=<EMPTY_MAP>
2019-09-25 05:52:30,461 [pool-47-thread-1] INFO  server.RaftServerConfigKeys (ConfUtils.java:logGet(43)) - raft.server.storage.dir = [/workdir/hadoop-ozone/integration-test/target/test-dir/MiniOzoneClusterImpl-5fae48a0-8517-4c16-9d39-4001697b8772/datanode-2/data/ratis] (custom)
2019-09-25 05:52:30,462 [pool-47-thread-1] INFO  storage.RaftStorageDirectory (RaftStorageDirectory.java:analyzeStorage(246)) - The storage directory /workdir/hadoop-ozone/integration-test/target/test-dir/MiniOzoneClusterImpl-5fae48a0-8517-4c16-9d39-4001697b8772/datanode-2/data/ratis/751b6bde-bd6a-4c0e-aa11-0ce913fb3b9b does not exist. Creating ...
2019-09-25 05:52:30,474 [pool-47-thread-1] INFO  storage.RaftStorageDirectory (RaftStorageDirectory.java:tryLock(328)) - Lock on /workdir/hadoop-ozone/integration-test/target/test-dir/MiniOzoneClusterImpl-5fae48a0-8517-4c16-9d39-4001697b8772/datanode-2/data/ratis/751b6bde-bd6a-4c0e-aa11-0ce913fb3b9b/in_use.lock acquired by nodename 25594@pr-hdds-1569-s62bp-3040748787
2019-09-25 05:52:30,487 [pool-47-thread-1] INFO  storage.RaftStorage (RaftStorage.java:format(72)) - Storage directory /workdir/hadoop-ozone/integration-test/target/test-dir/MiniOzoneClusterImpl-5fae48a0-8517-4c16-9d39-4001697b8772/datanode-2/data/ratis/751b6bde-bd6a-4c0e-aa11-0ce913fb3b9b has been successfully formatted.
2019-09-25 05:52:30,487 [pool-47-thread-1] INFO  ratis.ContainerStateMachine (ContainerStateMachine.java:loadSnapshot(230)) - group-0CE913FB3B9B: The snapshot info is null. Setting the last applied indexto:(t:0, i:~)
2019-09-25 05:52:30,488 [pool-47-thread-1] INFO  server.RaftServerConfigKeys (ConfUtils.java:logGet(43)) - raft.server.notification.no-leader.timeout = 120s (custom)
2019-09-25 05:52:30,488 [pool-47-thread-1] INFO  server.RaftServerConfigKeys (ConfUtils.java:logGet(43)) - raft.server.log.use.memory = false (default)
2019-09-25 05:52:30,488 [pool-47-thread-1] INFO  server.RaftServerConfigKeys (ConfUtils.java:logGet(43)) - raft.server.log.purge.gap = 1000000 (custom)
2019-09-25 05:52:30,488 [pool-47-thread-1] INFO  server.RaftServerConfigKeys (ConfUtils.java:logGet(43)) - raft.server.log.appender.buffer.byte-limit = 33554432 (custom)
2019-09-25 05:52:30,488 [pool-47-thread-1] INFO  server.RaftServerConfigKeys (ConfUtils.java:logGet(43)) - raft.server.log.segment.size.max = 1048576 (custom)
2019-09-25 05:52:30,488 [pool-47-thread-1] INFO  server.RaftServerConfigKeys (ConfUtils.java:logGet(43)) - raft.server.log.segment.cache.num.max = 2 (custom)
2019-09-25 05:52:30,488 [pool-47-thread-1] INFO  segmented.SegmentedRaftLogWorker (SegmentedRaftLogWorker.java:<init>(172)) - new 754f3588-47e6-41ad-b34e-eb7041cce070@group-0CE913FB3B9B-SegmentedRaftLogWorker for RaftStorage:Storage Directory /workdir/hadoop-ozone/integration-test/target/test-dir/MiniOzoneClusterImpl-5fae48a0-8517-4c16-9d39-4001697b8772/datanode-2/data/ratis/751b6bde-bd6a-4c0e-aa11-0ce913fb3b9b
2019-09-25 05:52:30,488 [pool-47-thread-1] INFO  server.RaftServerConfigKeys (ConfUtils.java:logGet(43)) - raft.server.log.queue.byte-limit = 2147483647 (custom)
2019-09-25 05:52:30,488 [pool-47-thread-1] INFO  server.RaftServerConfigKeys (ConfUtils.java:logGet(43)) - raft.server.log.queue.element-limit = 1024 (custom)
2019-09-25 05:52:30,488 [pool-47-thread-1] INFO  server.RaftServerConfigKeys (ConfUtils.java:logGet(43)) - raft.server.log.segment.size.max = 1048576 (custom)
2019-09-25 05:52:30,489 [pool-47-thread-1] INFO  server.RaftServerConfigKeys (ConfUtils.java:logGet(43)) - raft.server.log.preallocated.size = 16384 (custom)
2019-09-25 05:52:30,489 [pool-47-thread-1] INFO  server.RaftServerConfigKeys (ConfUtils.java:logGet(43)) - raft.server.log.write.buffer.size = 33554432 (custom)
2019-09-25 05:52:30,489 [pool-47-thread-1] INFO  server.RaftServerConfigKeys (ConfUtils.java:logGet(43)) - raft.server.log.force.sync.num = 128 (default)
2019-09-25 05:52:30,489 [pool-47-thread-1] INFO  server.RaftServerConfigKeys (ConfUtils.java:logGet(43)) - raft.server.log.statemachine.data.sync = true (default)
2019-09-25 05:52:30,489 [pool-47-thread-1] INFO  server.RaftServerConfigKeys (ConfUtils.java:logGet(43)) - raft.server.log.statemachine.data.sync.timeout = 10s (default)
2019-09-25 05:52:30,489 [pool-47-thread-1] INFO  server.RaftServerConfigKeys (ConfUtils.java:logGet(43)) - raft.server.log.statemachine.data.sync.timeout.retry = -1 (default)
2019-09-25 05:52:30,489 [pool-47-thread-1] INFO  server.RaftServerConfigKeys (ConfUtils.java:logGet(43)) - raft.server.log.statemachine.data.caching.enabled = true (custom)
2019-09-25 05:52:30,489 [pool-47-thread-1] INFO  segmented.SegmentedRaftLogWorker (SegmentedRaftLogWorker.java:lambda$new$0(132)) - 754f3588-47e6-41ad-b34e-eb7041cce070@group-0CE913FB3B9B-SegmentedRaftLogWorker: flushIndex: setUnconditionally 0 -> -1
2019-09-25 05:52:30,489 [pool-47-thread-1] INFO  server.RaftServerConfigKeys (ConfUtils.java:logGet(43)) - raft.server.snapshot.auto.trigger.enabled = true (custom)
2019-09-25 05:52:30,490 [pool-47-thread-1] INFO  server.RaftServerConfigKeys (ConfUtils.java:logGet(43)) - raft.server.snapshot.auto.trigger.threshold = 10000 (custom)
2019-09-25 05:52:30,490 [pool-47-thread-1] INFO  server.RaftServerConfigKeys (ConfUtils.java:logGet(43)) - raft.server.snapshot.retention.num.files = 5 (custom)
2019-09-25 05:52:30,490 [pool-47-thread-1] INFO  server.RaftServerConfigKeys (ConfUtils.java:logGet(43)) - raft.server.retrycache.expirytime = 600000ms (custom)
2019-09-25 05:52:30,492 [pool-47-thread-1] INFO  impl.RaftServerImpl (RaftServerImpl.java:start(185)) - 754f3588-47e6-41ad-b34e-eb7041cce070@group-0CE913FB3B9B: start as a follower, conf=-1: [754f3588-47e6-41ad-b34e-eb7041cce070:192.168.30.10:41089], old=null
2019-09-25 05:52:30,492 [pool-47-thread-1] INFO  impl.RaftServerImpl (RaftServerImpl.java:setRole(174)) - 754f3588-47e6-41ad-b34e-eb7041cce070@group-0CE913FB3B9B: changes role from      null to FOLLOWER at term 0 for startAsFollower
2019-09-25 05:52:30,492 [pool-47-thread-1] INFO  impl.RoleInfo (RoleInfo.java:updateAndGet(143)) - 754f3588-47e6-41ad-b34e-eb7041cce070: start FollowerState
2019-09-25 05:52:30,492 [pool-47-thread-1] INFO  util.JmxRegister (JmxRegister.java:tryRegister(44)) - Successfully registered JMX Bean with object name Ratis:service=RaftServer,group=group-0CE913FB3B9B,id=754f3588-47e6-41ad-b34e-eb7041cce070
2019-09-25 05:52:30,494 [RatisPipelineUtilsThread] INFO  pipeline.PipelineStateManager (PipelineStateManager.java:addPipeline(56)) - Created pipeline Pipeline[ Id: 751b6bde-bd6a-4c0e-aa11-0ce913fb3b9b, Nodes: 754f3588-47e6-41ad-b34e-eb7041cce070{ip: 192.168.30.10, host: pr-hdds-1569-s62bp-3040748787, networkLocation: /default-rack, certSerialId: null}, Type:RATIS, Factor:ONE, State:OPEN]
2019-09-25 05:52:30,500 [grpc-default-executor-0] INFO  impl.RaftServerProxy (RaftServerProxy.java:addNew(89)) - 0bbc1277-be6f-4bf3-88cf-1c3b12e139ad: addNew group-CAAD79553794:[0bbc1277-be6f-4bf3-88cf-1c3b12e139ad:192.168.30.10:46701] returns group-CAAD79553794:java.util.concurrent.CompletableFuture@1212f8e9[Not completed]
2019-09-25 05:52:30,501 [pool-27-thread-1] INFO  impl.RaftServerImpl (RaftServerImpl.java:<init>(95)) - 0bbc1277-be6f-4bf3-88cf-1c3b12e139ad: new RaftServerImpl for group-CAAD79553794:[0bbc1277-be6f-4bf3-88cf-1c3b12e139ad:192.168.30.10:46701] with ContainerStateMachine:uninitialized
2019-09-25 05:52:30,501 [pool-27-thread-1] INFO  server.RaftServerConfigKeys (ConfUtils.java:logGet(43)) - raft.server.rpc.timeout.min = 5s (custom)
2019-09-25 05:52:30,501 [pool-27-thread-1] INFO  server.RaftServerConfigKeys (ConfUtils.java:logGet(43)) - raft.server.rpc.timeout.max = 5200ms (custom)
2019-09-25 05:52:30,501 [pool-27-thread-1] INFO  server.RaftServerConfigKeys (ConfUtils.java:logGet(43)) - raft.server.rpcslowness.timeout = 120s (custom)
2019-09-25 05:52:30,501 [pool-27-thread-1] INFO  server.RaftServerConfigKeys (ConfUtils.java:logGet(43)) - raft.server.sleep.deviation.threshold = 300 (default)
2019-09-25 05:52:30,501 [pool-27-thread-1] INFO  server.RaftServerConfigKeys (ConfUtils.java:logGet(43)) - raft.server.log.appender.install.snapshot.enabled = false (custom)
2019-09-25 05:52:30,502 [pool-27-thread-1] INFO  impl.RaftServerImpl (ServerState.java:<init>(103)) - 0bbc1277-be6f-4bf3-88cf-1c3b12e139ad@group-CAAD79553794: ConfigurationManager, init=-1: [0bbc1277-be6f-4bf3-88cf-1c3b12e139ad:192.168.30.10:46701], old=null, confs=<EMPTY_MAP>
2019-09-25 05:52:30,502 [pool-27-thread-1] INFO  server.RaftServerConfigKeys (ConfUtils.java:logGet(43)) - raft.server.storage.dir = [/workdir/hadoop-ozone/integration-test/target/test-dir/MiniOzoneClusterImpl-5fae48a0-8517-4c16-9d39-4001697b8772/datanode-0/data/ratis] (custom)
2019-09-25 05:52:30,502 [pool-27-thread-1] INFO  storage.RaftStorageDirectory (RaftStorageDirectory.java:analyzeStorage(246)) - The storage directory /workdir/hadoop-ozone/integration-test/target/test-dir/MiniOzoneClusterImpl-5fae48a0-8517-4c16-9d39-4001697b8772/datanode-0/data/ratis/c5a6c883-f4ea-44f9-a71a-caad79553794 does not exist. Creating ...
2019-09-25 05:52:30,514 [pool-27-thread-1] INFO  storage.RaftStorageDirectory (RaftStorageDirectory.java:tryLock(328)) - Lock on /workdir/hadoop-ozone/integration-test/target/test-dir/MiniOzoneClusterImpl-5fae48a0-8517-4c16-9d39-4001697b8772/datanode-0/data/ratis/c5a6c883-f4ea-44f9-a71a-caad79553794/in_use.lock acquired by nodename 25594@pr-hdds-1569-s62bp-3040748787
2019-09-25 05:52:30,527 [pool-27-thread-1] INFO  storage.RaftStorage (RaftStorage.java:format(72)) - Storage directory /workdir/hadoop-ozone/integration-test/target/test-dir/MiniOzoneClusterImpl-5fae48a0-8517-4c16-9d39-4001697b8772/datanode-0/data/ratis/c5a6c883-f4ea-44f9-a71a-caad79553794 has been successfully formatted.
2019-09-25 05:52:30,528 [pool-27-thread-1] INFO  ratis.ContainerStateMachine (ContainerStateMachine.java:loadSnapshot(230)) - group-CAAD79553794: The snapshot info is null. Setting the last applied indexto:(t:0, i:~)
2019-09-25 05:52:30,528 [pool-27-thread-1] INFO  server.RaftServerConfigKeys (ConfUtils.java:logGet(43)) - raft.server.notification.no-leader.timeout = 120s (custom)
2019-09-25 05:52:30,528 [pool-27-thread-1] INFO  server.RaftServerConfigKeys (ConfUtils.java:logGet(43)) - raft.server.log.use.memory = false (default)
2019-09-25 05:52:30,528 [pool-27-thread-1] INFO  server.RaftServerConfigKeys (ConfUtils.java:logGet(43)) - raft.server.log.purge.gap = 1000000 (custom)
2019-09-25 05:52:30,528 [pool-27-thread-1] INFO  server.RaftServerConfigKeys (ConfUtils.java:logGet(43)) - raft.server.log.appender.buffer.byte-limit = 33554432 (custom)
2019-09-25 05:52:30,528 [pool-27-thread-1] INFO  server.RaftServerConfigKeys (ConfUtils.java:logGet(43)) - raft.server.log.segment.size.max = 1048576 (custom)
2019-09-25 05:52:30,528 [pool-27-thread-1] INFO  server.RaftServerConfigKeys (ConfUtils.java:logGet(43)) - raft.server.log.segment.cache.num.max = 2 (custom)
2019-09-25 05:52:30,528 [pool-27-thread-1] INFO  segmented.SegmentedRaftLogWorker (SegmentedRaftLogWorker.java:<init>(172)) - new 0bbc1277-be6f-4bf3-88cf-1c3b12e139ad@group-CAAD79553794-SegmentedRaftLogWorker for RaftStorage:Storage Directory /workdir/hadoop-ozone/integration-test/target/test-dir/MiniOzoneClusterImpl-5fae48a0-8517-4c16-9d39-4001697b8772/datanode-0/data/ratis/c5a6c883-f4ea-44f9-a71a-caad79553794
2019-09-25 05:52:30,529 [pool-27-thread-1] INFO  server.RaftServerConfigKeys (ConfUtils.java:logGet(43)) - raft.server.log.queue.byte-limit = 2147483647 (custom)
2019-09-25 05:52:30,529 [pool-27-thread-1] INFO  server.RaftServerConfigKeys (ConfUtils.java:logGet(43)) - raft.server.log.queue.element-limit = 1024 (custom)
2019-09-25 05:52:30,529 [pool-27-thread-1] INFO  server.RaftServerConfigKeys (ConfUtils.java:logGet(43)) - raft.server.log.segment.size.max = 1048576 (custom)
2019-09-25 05:52:30,529 [pool-27-thread-1] INFO  server.RaftServerConfigKeys (ConfUtils.java:logGet(43)) - raft.server.log.preallocated.size = 16384 (custom)
2019-09-25 05:52:30,529 [pool-27-thread-1] INFO  server.RaftServerConfigKeys (ConfUtils.java:logGet(43)) - raft.server.log.write.buffer.size = 33554432 (custom)
2019-09-25 05:52:30,529 [pool-27-thread-1] INFO  server.RaftServerConfigKeys (ConfUtils.java:logGet(43)) - raft.server.log.force.sync.num = 128 (default)
2019-09-25 05:52:30,529 [pool-27-thread-1] INFO  server.RaftServerConfigKeys (ConfUtils.java:logGet(43)) - raft.server.log.statemachine.data.sync = true (default)
2019-09-25 05:52:30,530 [pool-27-thread-1] INFO  server.RaftServerConfigKeys (ConfUtils.java:logGet(43)) - raft.server.log.statemachine.data.sync.timeout = 10s (default)
2019-09-25 05:52:30,530 [pool-27-thread-1] INFO  server.RaftServerConfigKeys (ConfUtils.java:logGet(43)) - raft.server.log.statemachine.data.sync.timeout.retry = -1 (default)
2019-09-25 05:52:30,530 [pool-27-thread-1] INFO  server.RaftServerConfigKeys (ConfUtils.java:logGet(43)) - raft.server.log.statemachine.data.caching.enabled = true (custom)
2019-09-25 05:52:30,530 [pool-27-thread-1] INFO  segmented.SegmentedRaftLogWorker (SegmentedRaftLogWorker.java:lambda$new$0(132)) - 0bbc1277-be6f-4bf3-88cf-1c3b12e139ad@group-CAAD79553794-SegmentedRaftLogWorker: flushIndex: setUnconditionally 0 -> -1
2019-09-25 05:52:30,531 [pool-27-thread-1] INFO  server.RaftServerConfigKeys (ConfUtils.java:logGet(43)) - raft.server.snapshot.auto.trigger.enabled = true (custom)
2019-09-25 05:52:30,531 [pool-27-thread-1] INFO  server.RaftServerConfigKeys (ConfUtils.java:logGet(43)) - raft.server.snapshot.auto.trigger.threshold = 10000 (custom)
2019-09-25 05:52:30,531 [pool-27-thread-1] INFO  server.RaftServerConfigKeys (ConfUtils.java:logGet(43)) - raft.server.snapshot.retention.num.files = 5 (custom)
2019-09-25 05:52:30,531 [pool-27-thread-1] INFO  server.RaftServerConfigKeys (ConfUtils.java:logGet(43)) - raft.server.retrycache.expirytime = 600000ms (custom)
2019-09-25 05:52:30,533 [pool-27-thread-1] INFO  impl.RaftServerImpl (RaftServerImpl.java:start(185)) - 0bbc1277-be6f-4bf3-88cf-1c3b12e139ad@group-CAAD79553794: start as a follower, conf=-1: [0bbc1277-be6f-4bf3-88cf-1c3b12e139ad:192.168.30.10:46701], old=null
2019-09-25 05:52:30,533 [pool-27-thread-1] INFO  impl.RaftServerImpl (RaftServerImpl.java:setRole(174)) - 0bbc1277-be6f-4bf3-88cf-1c3b12e139ad@group-CAAD79553794: changes role from      null to FOLLOWER at term 0 for startAsFollower
2019-09-25 05:52:30,533 [pool-27-thread-1] INFO  impl.RoleInfo (RoleInfo.java:updateAndGet(143)) - 0bbc1277-be6f-4bf3-88cf-1c3b12e139ad: start FollowerState
2019-09-25 05:52:30,534 [pool-27-thread-1] INFO  util.JmxRegister (JmxRegister.java:tryRegister(44)) - Successfully registered JMX Bean with object name Ratis:service=RaftServer,group=group-CAAD79553794,id=0bbc1277-be6f-4bf3-88cf-1c3b12e139ad
2019-09-25 05:52:30,536 [RatisPipelineUtilsThread] INFO  pipeline.PipelineStateManager (PipelineStateManager.java:addPipeline(56)) - Created pipeline Pipeline[ Id: c5a6c883-f4ea-44f9-a71a-caad79553794, Nodes: 0bbc1277-be6f-4bf3-88cf-1c3b12e139ad{ip: 192.168.30.10, host: pr-hdds-1569-s62bp-3040748787, networkLocation: /default-rack, certSerialId: null}, Type:RATIS, Factor:ONE, State:OPEN]
2019-09-25 05:52:30,541 [grpc-default-executor-0] INFO  impl.RaftServerProxy (RaftServerProxy.java:addNew(89)) - 754f3588-47e6-41ad-b34e-eb7041cce070: addNew group-22F58638F634:[754f3588-47e6-41ad-b34e-eb7041cce070:192.168.30.10:41089] returns group-22F58638F634:java.util.concurrent.CompletableFuture@7db437ac[Not completed]
2019-09-25 05:52:30,542 [pool-47-thread-1] INFO  impl.RaftServerImpl (RaftServerImpl.java:<init>(95)) - 754f3588-47e6-41ad-b34e-eb7041cce070: new RaftServerImpl for group-22F58638F634:[754f3588-47e6-41ad-b34e-eb7041cce070:192.168.30.10:41089] with ContainerStateMachine:uninitialized
2019-09-25 05:52:30,542 [pool-47-thread-1] INFO  server.RaftServerConfigKeys (ConfUtils.java:logGet(43)) - raft.server.rpc.timeout.min = 5s (custom)
2019-09-25 05:52:30,543 [pool-47-thread-1] INFO  server.RaftServerConfigKeys (ConfUtils.java:logGet(43)) - raft.server.rpc.timeout.max = 5200ms (custom)
2019-09-25 05:52:30,543 [pool-47-thread-1] INFO  server.RaftServerConfigKeys (ConfUtils.java:logGet(43)) - raft.server.rpcslowness.timeout = 120s (custom)
2019-09-25 05:52:30,543 [pool-47-thread-1] INFO  server.RaftServerConfigKeys (ConfUtils.java:logGet(43)) - raft.server.sleep.deviation.threshold = 300 (default)
2019-09-25 05:52:30,543 [pool-47-thread-1] INFO  server.RaftServerConfigKeys (ConfUtils.java:logGet(43)) - raft.server.log.appender.install.snapshot.enabled = false (custom)
2019-09-25 05:52:30,543 [pool-47-thread-1] INFO  impl.RaftServerImpl (ServerState.java:<init>(103)) - 754f3588-47e6-41ad-b34e-eb7041cce070@group-22F58638F634: ConfigurationManager, init=-1: [754f3588-47e6-41ad-b34e-eb7041cce070:192.168.30.10:41089], old=null, confs=<EMPTY_MAP>
2019-09-25 05:52:30,543 [pool-47-thread-1] INFO  server.RaftServerConfigKeys (ConfUtils.java:logGet(43)) - raft.server.storage.dir = [/workdir/hadoop-ozone/integration-test/target/test-dir/MiniOzoneClusterImpl-5fae48a0-8517-4c16-9d39-4001697b8772/datanode-2/data/ratis] (custom)
2019-09-25 05:52:30,543 [pool-47-thread-1] INFO  storage.RaftStorageDirectory (RaftStorageDirectory.java:analyzeStorage(246)) - The storage directory /workdir/hadoop-ozone/integration-test/target/test-dir/MiniOzoneClusterImpl-5fae48a0-8517-4c16-9d39-4001697b8772/datanode-2/data/ratis/bb51bc03-0e62-4366-8fc9-22f58638f634 does not exist. Creating ...
2019-09-25 05:52:30,564 [pool-47-thread-1] INFO  storage.RaftStorageDirectory (RaftStorageDirectory.java:tryLock(328)) - Lock on /workdir/hadoop-ozone/integration-test/target/test-dir/MiniOzoneClusterImpl-5fae48a0-8517-4c16-9d39-4001697b8772/datanode-2/data/ratis/bb51bc03-0e62-4366-8fc9-22f58638f634/in_use.lock acquired by nodename 25594@pr-hdds-1569-s62bp-3040748787
2019-09-25 05:52:30,577 [pool-47-thread-1] INFO  storage.RaftStorage (RaftStorage.java:format(72)) - Storage directory /workdir/hadoop-ozone/integration-test/target/test-dir/MiniOzoneClusterImpl-5fae48a0-8517-4c16-9d39-4001697b8772/datanode-2/data/ratis/bb51bc03-0e62-4366-8fc9-22f58638f634 has been successfully formatted.
2019-09-25 05:52:30,578 [pool-47-thread-1] INFO  ratis.ContainerStateMachine (ContainerStateMachine.java:loadSnapshot(230)) - group-22F58638F634: The snapshot info is null. Setting the last applied indexto:(t:0, i:~)
2019-09-25 05:52:30,578 [pool-47-thread-1] INFO  server.RaftServerConfigKeys (ConfUtils.java:logGet(43)) - raft.server.notification.no-leader.timeout = 120s (custom)
2019-09-25 05:52:30,578 [pool-47-thread-1] INFO  server.RaftServerConfigKeys (ConfUtils.java:logGet(43)) - raft.server.log.use.memory = false (default)
2019-09-25 05:52:30,578 [pool-47-thread-1] INFO  server.RaftServerConfigKeys (ConfUtils.java:logGet(43)) - raft.server.log.purge.gap = 1000000 (custom)
2019-09-25 05:52:30,578 [pool-47-thread-1] INFO  server.RaftServerConfigKeys (ConfUtils.java:logGet(43)) - raft.server.log.appender.buffer.byte-limit = 33554432 (custom)
2019-09-25 05:52:30,578 [pool-47-thread-1] INFO  server.RaftServerConfigKeys (ConfUtils.java:logGet(43)) - raft.server.log.segment.size.max = 1048576 (custom)
2019-09-25 05:52:30,578 [pool-47-thread-1] INFO  server.RaftServerConfigKeys (ConfUtils.java:logGet(43)) - raft.server.log.segment.cache.num.max = 2 (custom)
2019-09-25 05:52:30,578 [pool-47-thread-1] INFO  segmented.SegmentedRaftLogWorker (SegmentedRaftLogWorker.java:<init>(172)) - new 754f3588-47e6-41ad-b34e-eb7041cce070@group-22F58638F634-SegmentedRaftLogWorker for RaftStorage:Storage Directory /workdir/hadoop-ozone/integration-test/target/test-dir/MiniOzoneClusterImpl-5fae48a0-8517-4c16-9d39-4001697b8772/datanode-2/data/ratis/bb51bc03-0e62-4366-8fc9-22f58638f634
2019-09-25 05:52:30,578 [pool-47-thread-1] INFO  server.RaftServerConfigKeys (ConfUtils.java:logGet(43)) - raft.server.log.queue.byte-limit = 2147483647 (custom)
2019-09-25 05:52:30,579 [pool-47-thread-1] INFO  server.RaftServerConfigKeys (ConfUtils.java:logGet(43)) - raft.server.log.queue.element-limit = 1024 (custom)
2019-09-25 05:52:30,579 [pool-47-thread-1] INFO  server.RaftServerConfigKeys (ConfUtils.java:logGet(43)) - raft.server.log.segment.size.max = 1048576 (custom)
2019-09-25 05:52:30,579 [pool-47-thread-1] INFO  server.RaftServerConfigKeys (ConfUtils.java:logGet(43)) - raft.server.log.preallocated.size = 16384 (custom)
2019-09-25 05:52:30,579 [pool-47-thread-1] INFO  server.RaftServerConfigKeys (ConfUtils.java:logGet(43)) - raft.server.log.write.buffer.size = 33554432 (custom)
2019-09-25 05:52:30,579 [pool-47-thread-1] INFO  server.RaftServerConfigKeys (ConfUtils.java:logGet(43)) - raft.server.log.force.sync.num = 128 (default)
2019-09-25 05:52:30,579 [pool-47-thread-1] INFO  server.RaftServerConfigKeys (ConfUtils.java:logGet(43)) - raft.server.log.statemachine.data.sync = true (default)
2019-09-25 05:52:30,579 [pool-47-thread-1] INFO  server.RaftServerConfigKeys (ConfUtils.java:logGet(43)) - raft.server.log.statemachine.data.sync.timeout = 10s (default)
2019-09-25 05:52:30,579 [pool-47-thread-1] INFO  server.RaftServerConfigKeys (ConfUtils.java:logGet(43)) - raft.server.log.statemachine.data.sync.timeout.retry = -1 (default)
2019-09-25 05:52:30,579 [pool-47-thread-1] INFO  server.RaftServerConfigKeys (ConfUtils.java:logGet(43)) - raft.server.log.statemachine.data.caching.enabled = true (custom)
2019-09-25 05:52:30,580 [pool-47-thread-1] INFO  segmented.SegmentedRaftLogWorker (SegmentedRaftLogWorker.java:lambda$new$0(132)) - 754f3588-47e6-41ad-b34e-eb7041cce070@group-22F58638F634-SegmentedRaftLogWorker: flushIndex: setUnconditionally 0 -> -1
2019-09-25 05:52:30,580 [pool-47-thread-1] INFO  server.RaftServerConfigKeys (ConfUtils.java:logGet(43)) - raft.server.snapshot.auto.trigger.enabled = true (custom)
2019-09-25 05:52:30,580 [pool-47-thread-1] INFO  server.RaftServerConfigKeys (ConfUtils.java:logGet(43)) - raft.server.snapshot.auto.trigger.threshold = 10000 (custom)
2019-09-25 05:52:30,580 [pool-47-thread-1] INFO  server.RaftServerConfigKeys (ConfUtils.java:logGet(43)) - raft.server.snapshot.retention.num.files = 5 (custom)
2019-09-25 05:52:30,580 [pool-47-thread-1] INFO  server.RaftServerConfigKeys (ConfUtils.java:logGet(43)) - raft.server.retrycache.expirytime = 600000ms (custom)
2019-09-25 05:52:30,582 [pool-47-thread-1] INFO  impl.RaftServerImpl (RaftServerImpl.java:start(185)) - 754f3588-47e6-41ad-b34e-eb7041cce070@group-22F58638F634: start as a follower, conf=-1: [754f3588-47e6-41ad-b34e-eb7041cce070:192.168.30.10:41089], old=null
2019-09-25 05:52:30,582 [pool-47-thread-1] INFO  impl.RaftServerImpl (RaftServerImpl.java:setRole(174)) - 754f3588-47e6-41ad-b34e-eb7041cce070@group-22F58638F634: changes role from      null to FOLLOWER at term 0 for startAsFollower
2019-09-25 05:52:30,582 [pool-47-thread-1] INFO  impl.RoleInfo (RoleInfo.java:updateAndGet(143)) - 754f3588-47e6-41ad-b34e-eb7041cce070: start FollowerState
2019-09-25 05:52:30,582 [pool-47-thread-1] INFO  util.JmxRegister (JmxRegister.java:tryRegister(44)) - Successfully registered JMX Bean with object name Ratis:service=RaftServer,group=group-22F58638F634,id=754f3588-47e6-41ad-b34e-eb7041cce070
2019-09-25 05:52:30,585 [RatisPipelineUtilsThread] INFO  pipeline.PipelineStateManager (PipelineStateManager.java:addPipeline(56)) - Created pipeline Pipeline[ Id: bb51bc03-0e62-4366-8fc9-22f58638f634, Nodes: 754f3588-47e6-41ad-b34e-eb7041cce070{ip: 192.168.30.10, host: pr-hdds-1569-s62bp-3040748787, networkLocation: /default-rack, certSerialId: null}, Type:RATIS, Factor:ONE, State:OPEN]
2019-09-25 05:52:30,590 [grpc-default-executor-0] INFO  impl.RaftServerProxy (RaftServerProxy.java:addNew(89)) - 754f3588-47e6-41ad-b34e-eb7041cce070: addNew group-ECF48C7AF352:[754f3588-47e6-41ad-b34e-eb7041cce070:192.168.30.10:41089] returns group-ECF48C7AF352:java.util.concurrent.CompletableFuture@47572d7e[Not completed]
2019-09-25 05:52:30,591 [pool-47-thread-1] INFO  impl.RaftServerImpl (RaftServerImpl.java:<init>(95)) - 754f3588-47e6-41ad-b34e-eb7041cce070: new RaftServerImpl for group-ECF48C7AF352:[754f3588-47e6-41ad-b34e-eb7041cce070:192.168.30.10:41089] with ContainerStateMachine:uninitialized
2019-09-25 05:52:30,591 [pool-47-thread-1] INFO  server.RaftServerConfigKeys (ConfUtils.java:logGet(43)) - raft.server.rpc.timeout.min = 5s (custom)
2019-09-25 05:52:30,591 [pool-47-thread-1] INFO  server.RaftServerConfigKeys (ConfUtils.java:logGet(43)) - raft.server.rpc.timeout.max = 5200ms (custom)
2019-09-25 05:52:30,591 [pool-47-thread-1] INFO  server.RaftServerConfigKeys (ConfUtils.java:logGet(43)) - raft.server.rpcslowness.timeout = 120s (custom)
2019-09-25 05:52:30,591 [pool-47-thread-1] INFO  server.RaftServerConfigKeys (ConfUtils.java:logGet(43)) - raft.server.sleep.deviation.threshold = 300 (default)
2019-09-25 05:52:30,592 [pool-47-thread-1] INFO  server.RaftServerConfigKeys (ConfUtils.java:logGet(43)) - raft.server.log.appender.install.snapshot.enabled = false (custom)
2019-09-25 05:52:30,592 [pool-47-thread-1] INFO  impl.RaftServerImpl (ServerState.java:<init>(103)) - 754f3588-47e6-41ad-b34e-eb7041cce070@group-ECF48C7AF352: ConfigurationManager, init=-1: [754f3588-47e6-41ad-b34e-eb7041cce070:192.168.30.10:41089], old=null, confs=<EMPTY_MAP>
2019-09-25 05:52:30,592 [pool-47-thread-1] INFO  server.RaftServerConfigKeys (ConfUtils.java:logGet(43)) - raft.server.storage.dir = [/workdir/hadoop-ozone/integration-test/target/test-dir/MiniOzoneClusterImpl-5fae48a0-8517-4c16-9d39-4001697b8772/datanode-2/data/ratis] (custom)
2019-09-25 05:52:30,592 [pool-47-thread-1] INFO  storage.RaftStorageDirectory (RaftStorageDirectory.java:analyzeStorage(246)) - The storage directory /workdir/hadoop-ozone/integration-test/target/test-dir/MiniOzoneClusterImpl-5fae48a0-8517-4c16-9d39-4001697b8772/datanode-2/data/ratis/9c9ee2f8-2048-48b9-813c-ecf48c7af352 does not exist. Creating ...
2019-09-25 05:52:30,605 [pool-47-thread-1] INFO  storage.RaftStorageDirectory (RaftStorageDirectory.java:tryLock(328)) - Lock on /workdir/hadoop-ozone/integration-test/target/test-dir/MiniOzoneClusterImpl-5fae48a0-8517-4c16-9d39-4001697b8772/datanode-2/data/ratis/9c9ee2f8-2048-48b9-813c-ecf48c7af352/in_use.lock acquired by nodename 25594@pr-hdds-1569-s62bp-3040748787
2019-09-25 05:52:30,618 [pool-47-thread-1] INFO  storage.RaftStorage (RaftStorage.java:format(72)) - Storage directory /workdir/hadoop-ozone/integration-test/target/test-dir/MiniOzoneClusterImpl-5fae48a0-8517-4c16-9d39-4001697b8772/datanode-2/data/ratis/9c9ee2f8-2048-48b9-813c-ecf48c7af352 has been successfully formatted.
2019-09-25 05:52:30,619 [pool-47-thread-1] INFO  ratis.ContainerStateMachine (ContainerStateMachine.java:loadSnapshot(230)) - group-ECF48C7AF352: The snapshot info is null. Setting the last applied indexto:(t:0, i:~)
2019-09-25 05:52:30,619 [pool-47-thread-1] INFO  server.RaftServerConfigKeys (ConfUtils.java:logGet(43)) - raft.server.notification.no-leader.timeout = 120s (custom)
2019-09-25 05:52:30,619 [pool-47-thread-1] INFO  server.RaftServerConfigKeys (ConfUtils.java:logGet(43)) - raft.server.log.use.memory = false (default)
2019-09-25 05:52:30,619 [pool-47-thread-1] INFO  server.RaftServerConfigKeys (ConfUtils.java:logGet(43)) - raft.server.log.purge.gap = 1000000 (custom)
2019-09-25 05:52:30,619 [pool-47-thread-1] INFO  server.RaftServerConfigKeys (ConfUtils.java:logGet(43)) - raft.server.log.appender.buffer.byte-limit = 33554432 (custom)
2019-09-25 05:52:30,619 [pool-47-thread-1] INFO  server.RaftServerConfigKeys (ConfUtils.java:logGet(43)) - raft.server.log.segment.size.max = 1048576 (custom)
2019-09-25 05:52:30,619 [pool-47-thread-1] INFO  server.RaftServerConfigKeys (ConfUtils.java:logGet(43)) - raft.server.log.segment.cache.num.max = 2 (custom)
2019-09-25 05:52:30,620 [pool-47-thread-1] INFO  segmented.SegmentedRaftLogWorker (SegmentedRaftLogWorker.java:<init>(172)) - new 754f3588-47e6-41ad-b34e-eb7041cce070@group-ECF48C7AF352-SegmentedRaftLogWorker for RaftStorage:Storage Directory /workdir/hadoop-ozone/integration-test/target/test-dir/MiniOzoneClusterImpl-5fae48a0-8517-4c16-9d39-4001697b8772/datanode-2/data/ratis/9c9ee2f8-2048-48b9-813c-ecf48c7af352
2019-09-25 05:52:30,620 [pool-47-thread-1] INFO  server.RaftServerConfigKeys (ConfUtils.java:logGet(43)) - raft.server.log.queue.byte-limit = 2147483647 (custom)
2019-09-25 05:52:30,620 [pool-47-thread-1] INFO  server.RaftServerConfigKeys (ConfUtils.java:logGet(43)) - raft.server.log.queue.element-limit = 1024 (custom)
2019-09-25 05:52:30,620 [pool-47-thread-1] INFO  server.RaftServerConfigKeys (ConfUtils.java:logGet(43)) - raft.server.log.segment.size.max = 1048576 (custom)
2019-09-25 05:52:30,620 [pool-47-thread-1] INFO  server.RaftServerConfigKeys (ConfUtils.java:logGet(43)) - raft.server.log.preallocated.size = 16384 (custom)
2019-09-25 05:52:30,620 [pool-47-thread-1] INFO  server.RaftServerConfigKeys (ConfUtils.java:logGet(43)) - raft.server.log.write.buffer.size = 33554432 (custom)
2019-09-25 05:52:30,620 [pool-47-thread-1] INFO  server.RaftServerConfigKeys (ConfUtils.java:logGet(43)) - raft.server.log.force.sync.num = 128 (default)
2019-09-25 05:52:30,620 [pool-47-thread-1] INFO  server.RaftServerConfigKeys (ConfUtils.java:logGet(43)) - raft.server.log.statemachine.data.sync = true (default)
2019-09-25 05:52:30,621 [pool-47-thread-1] INFO  server.RaftServerConfigKeys (ConfUtils.java:logGet(43)) - raft.server.log.statemachine.data.sync.timeout = 10s (default)
2019-09-25 05:52:30,621 [pool-47-thread-1] INFO  server.RaftServerConfigKeys (ConfUtils.java:logGet(43)) - raft.server.log.statemachine.data.sync.timeout.retry = -1 (default)
2019-09-25 05:52:30,621 [pool-47-thread-1] INFO  server.RaftServerConfigKeys (ConfUtils.java:logGet(43)) - raft.server.log.statemachine.data.caching.enabled = true (custom)
2019-09-25 05:52:30,621 [pool-47-thread-1] INFO  segmented.SegmentedRaftLogWorker (SegmentedRaftLogWorker.java:lambda$new$0(132)) - 754f3588-47e6-41ad-b34e-eb7041cce070@group-ECF48C7AF352-SegmentedRaftLogWorker: flushIndex: setUnconditionally 0 -> -1
2019-09-25 05:52:30,621 [pool-47-thread-1] INFO  server.RaftServerConfigKeys (ConfUtils.java:logGet(43)) - raft.server.snapshot.auto.trigger.enabled = true (custom)
2019-09-25 05:52:30,622 [pool-47-thread-1] INFO  server.RaftServerConfigKeys (ConfUtils.java:logGet(43)) - raft.server.snapshot.auto.trigger.threshold = 10000 (custom)
2019-09-25 05:52:30,622 [pool-47-thread-1] INFO  server.RaftServerConfigKeys (ConfUtils.java:logGet(43)) - raft.server.snapshot.retention.num.files = 5 (custom)
2019-09-25 05:52:30,622 [pool-47-thread-1] INFO  server.RaftServerConfigKeys (ConfUtils.java:logGet(43)) - raft.server.retrycache.expirytime = 600000ms (custom)
2019-09-25 05:52:30,624 [pool-47-thread-1] INFO  impl.RaftServerImpl (RaftServerImpl.java:start(185)) - 754f3588-47e6-41ad-b34e-eb7041cce070@group-ECF48C7AF352: start as a follower, conf=-1: [754f3588-47e6-41ad-b34e-eb7041cce070:192.168.30.10:41089], old=null
2019-09-25 05:52:30,624 [pool-47-thread-1] INFO  impl.RaftServerImpl (RaftServerImpl.java:setRole(174)) - 754f3588-47e6-41ad-b34e-eb7041cce070@group-ECF48C7AF352: changes role from      null to FOLLOWER at term 0 for startAsFollower
2019-09-25 05:52:30,624 [pool-47-thread-1] INFO  impl.RoleInfo (RoleInfo.java:updateAndGet(143)) - 754f3588-47e6-41ad-b34e-eb7041cce070: start FollowerState
2019-09-25 05:52:30,624 [pool-47-thread-1] INFO  util.JmxRegister (JmxRegister.java:tryRegister(44)) - Successfully registered JMX Bean with object name Ratis:service=RaftServer,group=group-ECF48C7AF352,id=754f3588-47e6-41ad-b34e-eb7041cce070
2019-09-25 05:52:30,627 [RatisPipelineUtilsThread] INFO  pipeline.PipelineStateManager (PipelineStateManager.java:addPipeline(56)) - Created pipeline Pipeline[ Id: 9c9ee2f8-2048-48b9-813c-ecf48c7af352, Nodes: 754f3588-47e6-41ad-b34e-eb7041cce070{ip: 192.168.30.10, host: pr-hdds-1569-s62bp-3040748787, networkLocation: /default-rack, certSerialId: null}, Type:RATIS, Factor:ONE, State:OPEN]
2019-09-25 05:52:30,632 [grpc-default-executor-0] INFO  impl.RaftServerProxy (RaftServerProxy.java:addNew(89)) - 754f3588-47e6-41ad-b34e-eb7041cce070: addNew group-7284753E1186:[754f3588-47e6-41ad-b34e-eb7041cce070:192.168.30.10:41089] returns group-7284753E1186:java.util.concurrent.CompletableFuture@528489ad[Not completed]
2019-09-25 05:52:30,633 [pool-47-thread-1] INFO  impl.RaftServerImpl (RaftServerImpl.java:<init>(95)) - 754f3588-47e6-41ad-b34e-eb7041cce070: new RaftServerImpl for group-7284753E1186:[754f3588-47e6-41ad-b34e-eb7041cce070:192.168.30.10:41089] with ContainerStateMachine:uninitialized
2019-09-25 05:52:30,633 [pool-47-thread-1] INFO  server.RaftServerConfigKeys (ConfUtils.java:logGet(43)) - raft.server.rpc.timeout.min = 5s (custom)
2019-09-25 05:52:30,633 [pool-47-thread-1] INFO  server.RaftServerConfigKeys (ConfUtils.java:logGet(43)) - raft.server.rpc.timeout.max = 5200ms (custom)
2019-09-25 05:52:30,633 [pool-47-thread-1] INFO  server.RaftServerConfigKeys (ConfUtils.java:logGet(43)) - raft.server.rpcslowness.timeout = 120s (custom)
2019-09-25 05:52:30,633 [pool-47-thread-1] INFO  server.RaftServerConfigKeys (ConfUtils.java:logGet(43)) - raft.server.sleep.deviation.threshold = 300 (default)
2019-09-25 05:52:30,633 [pool-47-thread-1] INFO  server.RaftServerConfigKeys (ConfUtils.java:logGet(43)) - raft.server.log.appender.install.snapshot.enabled = false (custom)
2019-09-25 05:52:30,633 [pool-47-thread-1] INFO  impl.RaftServerImpl (ServerState.java:<init>(103)) - 754f3588-47e6-41ad-b34e-eb7041cce070@group-7284753E1186: ConfigurationManager, init=-1: [754f3588-47e6-41ad-b34e-eb7041cce070:192.168.30.10:41089], old=null, confs=<EMPTY_MAP>
2019-09-25 05:52:30,634 [pool-47-thread-1] INFO  server.RaftServerConfigKeys (ConfUtils.java:logGet(43)) - raft.server.storage.dir = [/workdir/hadoop-ozone/integration-test/target/test-dir/MiniOzoneClusterImpl-5fae48a0-8517-4c16-9d39-4001697b8772/datanode-2/data/ratis] (custom)
2019-09-25 05:52:30,634 [pool-47-thread-1] INFO  storage.RaftStorageDirectory (RaftStorageDirectory.java:analyzeStorage(246)) - The storage directory /workdir/hadoop-ozone/integration-test/target/test-dir/MiniOzoneClusterImpl-5fae48a0-8517-4c16-9d39-4001697b8772/datanode-2/data/ratis/b24d8b0f-f148-44fe-8f7f-7284753e1186 does not exist. Creating ...
2019-09-25 05:52:30,647 [pool-47-thread-1] INFO  storage.RaftStorageDirectory (RaftStorageDirectory.java:tryLock(328)) - Lock on /workdir/hadoop-ozone/integration-test/target/test-dir/MiniOzoneClusterImpl-5fae48a0-8517-4c16-9d39-4001697b8772/datanode-2/data/ratis/b24d8b0f-f148-44fe-8f7f-7284753e1186/in_use.lock acquired by nodename 25594@pr-hdds-1569-s62bp-3040748787
2019-09-25 05:52:30,660 [pool-47-thread-1] INFO  storage.RaftStorage (RaftStorage.java:format(72)) - Storage directory /workdir/hadoop-ozone/integration-test/target/test-dir/MiniOzoneClusterImpl-5fae48a0-8517-4c16-9d39-4001697b8772/datanode-2/data/ratis/b24d8b0f-f148-44fe-8f7f-7284753e1186 has been successfully formatted.
2019-09-25 05:52:30,660 [pool-47-thread-1] INFO  ratis.ContainerStateMachine (ContainerStateMachine.java:loadSnapshot(230)) - group-7284753E1186: The snapshot info is null. Setting the last applied indexto:(t:0, i:~)
2019-09-25 05:52:30,660 [pool-47-thread-1] INFO  server.RaftServerConfigKeys (ConfUtils.java:logGet(43)) - raft.server.notification.no-leader.timeout = 120s (custom)
2019-09-25 05:52:30,660 [pool-47-thread-1] INFO  server.RaftServerConfigKeys (ConfUtils.java:logGet(43)) - raft.server.log.use.memory = false (default)
2019-09-25 05:52:30,660 [pool-47-thread-1] INFO  server.RaftServerConfigKeys (ConfUtils.java:logGet(43)) - raft.server.log.purge.gap = 1000000 (custom)
2019-09-25 05:52:30,660 [pool-47-thread-1] INFO  server.RaftServerConfigKeys (ConfUtils.java:logGet(43)) - raft.server.log.appender.buffer.byte-limit = 33554432 (custom)
2019-09-25 05:52:30,661 [pool-47-thread-1] INFO  server.RaftServerConfigKeys (ConfUtils.java:logGet(43)) - raft.server.log.segment.size.max = 1048576 (custom)
2019-09-25 05:52:30,661 [pool-47-thread-1] INFO  server.RaftServerConfigKeys (ConfUtils.java:logGet(43)) - raft.server.log.segment.cache.num.max = 2 (custom)
2019-09-25 05:52:30,661 [pool-47-thread-1] INFO  segmented.SegmentedRaftLogWorker (SegmentedRaftLogWorker.java:<init>(172)) - new 754f3588-47e6-41ad-b34e-eb7041cce070@group-7284753E1186-SegmentedRaftLogWorker for RaftStorage:Storage Directory /workdir/hadoop-ozone/integration-test/target/test-dir/MiniOzoneClusterImpl-5fae48a0-8517-4c16-9d39-4001697b8772/datanode-2/data/ratis/b24d8b0f-f148-44fe-8f7f-7284753e1186
2019-09-25 05:52:30,661 [pool-47-thread-1] INFO  server.RaftServerConfigKeys (ConfUtils.java:logGet(43)) - raft.server.log.queue.byte-limit = 2147483647 (custom)
2019-09-25 05:52:30,661 [pool-47-thread-1] INFO  server.RaftServerConfigKeys (ConfUtils.java:logGet(43)) - raft.server.log.queue.element-limit = 1024 (custom)
2019-09-25 05:52:30,661 [pool-47-thread-1] INFO  server.RaftServerConfigKeys (ConfUtils.java:logGet(43)) - raft.server.log.segment.size.max = 1048576 (custom)
2019-09-25 05:52:30,661 [pool-47-thread-1] INFO  server.RaftServerConfigKeys (ConfUtils.java:logGet(43)) - raft.server.log.preallocated.size = 16384 (custom)
2019-09-25 05:52:30,661 [pool-47-thread-1] INFO  server.RaftServerConfigKeys (ConfUtils.java:logGet(43)) - raft.server.log.write.buffer.size = 33554432 (custom)
2019-09-25 05:52:30,662 [pool-47-thread-1] INFO  server.RaftServerConfigKeys (ConfUtils.java:logGet(43)) - raft.server.log.force.sync.num = 128 (default)
2019-09-25 05:52:30,662 [pool-47-thread-1] INFO  server.RaftServerConfigKeys (ConfUtils.java:logGet(43)) - raft.server.log.statemachine.data.sync = true (default)
2019-09-25 05:52:30,662 [pool-47-thread-1] INFO  server.RaftServerConfigKeys (ConfUtils.java:logGet(43)) - raft.server.log.statemachine.data.sync.timeout = 10s (default)
2019-09-25 05:52:30,662 [pool-47-thread-1] INFO  server.RaftServerConfigKeys (ConfUtils.java:logGet(43)) - raft.server.log.statemachine.data.sync.timeout.retry = -1 (default)
2019-09-25 05:52:30,662 [pool-47-thread-1] INFO  server.RaftServerConfigKeys (ConfUtils.java:logGet(43)) - raft.server.log.statemachine.data.caching.enabled = true (custom)
2019-09-25 05:52:30,662 [pool-47-thread-1] INFO  segmented.SegmentedRaftLogWorker (SegmentedRaftLogWorker.java:lambda$new$0(132)) - 754f3588-47e6-41ad-b34e-eb7041cce070@group-7284753E1186-SegmentedRaftLogWorker: flushIndex: setUnconditionally 0 -> -1
2019-09-25 05:52:30,663 [pool-47-thread-1] INFO  server.RaftServerConfigKeys (ConfUtils.java:logGet(43)) - raft.server.snapshot.auto.trigger.enabled = true (custom)
2019-09-25 05:52:30,663 [pool-47-thread-1] INFO  server.RaftServerConfigKeys (ConfUtils.java:logGet(43)) - raft.server.snapshot.auto.trigger.threshold = 10000 (custom)
2019-09-25 05:52:30,663 [pool-47-thread-1] INFO  server.RaftServerConfigKeys (ConfUtils.java:logGet(43)) - raft.server.snapshot.retention.num.files = 5 (custom)
2019-09-25 05:52:30,663 [pool-47-thread-1] INFO  server.RaftServerConfigKeys (ConfUtils.java:logGet(43)) - raft.server.retrycache.expirytime = 600000ms (custom)
2019-09-25 05:52:30,665 [pool-47-thread-1] INFO  impl.RaftServerImpl (RaftServerImpl.java:start(185)) - 754f3588-47e6-41ad-b34e-eb7041cce070@group-7284753E1186: start as a follower, conf=-1: [754f3588-47e6-41ad-b34e-eb7041cce070:192.168.30.10:41089], old=null
2019-09-25 05:52:30,665 [pool-47-thread-1] INFO  impl.RaftServerImpl (RaftServerImpl.java:setRole(174)) - 754f3588-47e6-41ad-b34e-eb7041cce070@group-7284753E1186: changes role from      null to FOLLOWER at term 0 for startAsFollower
2019-09-25 05:52:30,665 [pool-47-thread-1] INFO  impl.RoleInfo (RoleInfo.java:updateAndGet(143)) - 754f3588-47e6-41ad-b34e-eb7041cce070: start FollowerState
2019-09-25 05:52:30,666 [pool-47-thread-1] INFO  util.JmxRegister (JmxRegister.java:tryRegister(44)) - Successfully registered JMX Bean with object name Ratis:service=RaftServer,group=group-7284753E1186,id=754f3588-47e6-41ad-b34e-eb7041cce070
2019-09-25 05:52:30,668 [RatisPipelineUtilsThread] INFO  pipeline.PipelineStateManager (PipelineStateManager.java:addPipeline(56)) - Created pipeline Pipeline[ Id: b24d8b0f-f148-44fe-8f7f-7284753e1186, Nodes: 754f3588-47e6-41ad-b34e-eb7041cce070{ip: 192.168.30.10, host: pr-hdds-1569-s62bp-3040748787, networkLocation: /default-rack, certSerialId: null}, Type:RATIS, Factor:ONE, State:OPEN]
2019-09-25 05:52:30,672 [grpc-default-executor-0] INFO  impl.RaftServerProxy (RaftServerProxy.java:addNew(89)) - 0bbc1277-be6f-4bf3-88cf-1c3b12e139ad: addNew group-460933B656CC:[0bbc1277-be6f-4bf3-88cf-1c3b12e139ad:192.168.30.10:46701] returns group-460933B656CC:java.util.concurrent.CompletableFuture@54ba1b1e[Not completed]
2019-09-25 05:52:30,673 [pool-27-thread-1] INFO  impl.RaftServerImpl (RaftServerImpl.java:<init>(95)) - 0bbc1277-be6f-4bf3-88cf-1c3b12e139ad: new RaftServerImpl for group-460933B656CC:[0bbc1277-be6f-4bf3-88cf-1c3b12e139ad:192.168.30.10:46701] with ContainerStateMachine:uninitialized
2019-09-25 05:52:30,673 [pool-27-thread-1] INFO  server.RaftServerConfigKeys (ConfUtils.java:logGet(43)) - raft.server.rpc.timeout.min = 5s (custom)
2019-09-25 05:52:30,673 [pool-27-thread-1] INFO  server.RaftServerConfigKeys (ConfUtils.java:logGet(43)) - raft.server.rpc.timeout.max = 5200ms (custom)
2019-09-25 05:52:30,673 [pool-27-thread-1] INFO  server.RaftServerConfigKeys (ConfUtils.java:logGet(43)) - raft.server.rpcslowness.timeout = 120s (custom)
2019-09-25 05:52:30,673 [pool-27-thread-1] INFO  server.RaftServerConfigKeys (ConfUtils.java:logGet(43)) - raft.server.sleep.deviation.threshold = 300 (default)
2019-09-25 05:52:30,673 [pool-27-thread-1] INFO  server.RaftServerConfigKeys (ConfUtils.java:logGet(43)) - raft.server.log.appender.install.snapshot.enabled = false (custom)
2019-09-25 05:52:30,674 [pool-27-thread-1] INFO  impl.RaftServerImpl (ServerState.java:<init>(103)) - 0bbc1277-be6f-4bf3-88cf-1c3b12e139ad@group-460933B656CC: ConfigurationManager, init=-1: [0bbc1277-be6f-4bf3-88cf-1c3b12e139ad:192.168.30.10:46701], old=null, confs=<EMPTY_MAP>
2019-09-25 05:52:30,674 [pool-27-thread-1] INFO  server.RaftServerConfigKeys (ConfUtils.java:logGet(43)) - raft.server.storage.dir = [/workdir/hadoop-ozone/integration-test/target/test-dir/MiniOzoneClusterImpl-5fae48a0-8517-4c16-9d39-4001697b8772/datanode-0/data/ratis] (custom)
2019-09-25 05:52:30,674 [pool-27-thread-1] INFO  storage.RaftStorageDirectory (RaftStorageDirectory.java:analyzeStorage(246)) - The storage directory /workdir/hadoop-ozone/integration-test/target/test-dir/MiniOzoneClusterImpl-5fae48a0-8517-4c16-9d39-4001697b8772/datanode-0/data/ratis/2ba4e5d0-0a9a-4cad-b27e-460933b656cc does not exist. Creating ...
2019-09-25 05:52:30,687 [pool-27-thread-1] INFO  storage.RaftStorageDirectory (RaftStorageDirectory.java:tryLock(328)) - Lock on /workdir/hadoop-ozone/integration-test/target/test-dir/MiniOzoneClusterImpl-5fae48a0-8517-4c16-9d39-4001697b8772/datanode-0/data/ratis/2ba4e5d0-0a9a-4cad-b27e-460933b656cc/in_use.lock acquired by nodename 25594@pr-hdds-1569-s62bp-3040748787
2019-09-25 05:52:30,700 [pool-27-thread-1] INFO  storage.RaftStorage (RaftStorage.java:format(72)) - Storage directory /workdir/hadoop-ozone/integration-test/target/test-dir/MiniOzoneClusterImpl-5fae48a0-8517-4c16-9d39-4001697b8772/datanode-0/data/ratis/2ba4e5d0-0a9a-4cad-b27e-460933b656cc has been successfully formatted.
2019-09-25 05:52:30,700 [pool-27-thread-1] INFO  ratis.ContainerStateMachine (ContainerStateMachine.java:loadSnapshot(230)) - group-460933B656CC: The snapshot info is null. Setting the last applied indexto:(t:0, i:~)
2019-09-25 05:52:30,700 [pool-27-thread-1] INFO  server.RaftServerConfigKeys (ConfUtils.java:logGet(43)) - raft.server.notification.no-leader.timeout = 120s (custom)
2019-09-25 05:52:30,700 [pool-27-thread-1] INFO  server.RaftServerConfigKeys (ConfUtils.java:logGet(43)) - raft.server.log.use.memory = false (default)
2019-09-25 05:52:30,700 [pool-27-thread-1] INFO  server.RaftServerConfigKeys (ConfUtils.java:logGet(43)) - raft.server.log.purge.gap = 1000000 (custom)
2019-09-25 05:52:30,701 [pool-27-thread-1] INFO  server.RaftServerConfigKeys (ConfUtils.java:logGet(43)) - raft.server.log.appender.buffer.byte-limit = 33554432 (custom)
2019-09-25 05:52:30,701 [pool-27-thread-1] INFO  server.RaftServerConfigKeys (ConfUtils.java:logGet(43)) - raft.server.log.segment.size.max = 1048576 (custom)
2019-09-25 05:52:30,701 [pool-27-thread-1] INFO  server.RaftServerConfigKeys (ConfUtils.java:logGet(43)) - raft.server.log.segment.cache.num.max = 2 (custom)
2019-09-25 05:52:30,701 [pool-27-thread-1] INFO  segmented.SegmentedRaftLogWorker (SegmentedRaftLogWorker.java:<init>(172)) - new 0bbc1277-be6f-4bf3-88cf-1c3b12e139ad@group-460933B656CC-SegmentedRaftLogWorker for RaftStorage:Storage Directory /workdir/hadoop-ozone/integration-test/target/test-dir/MiniOzoneClusterImpl-5fae48a0-8517-4c16-9d39-4001697b8772/datanode-0/data/ratis/2ba4e5d0-0a9a-4cad-b27e-460933b656cc
2019-09-25 05:52:30,701 [pool-27-thread-1] INFO  server.RaftServerConfigKeys (ConfUtils.java:logGet(43)) - raft.server.log.queue.byte-limit = 2147483647 (custom)
2019-09-25 05:52:30,701 [pool-27-thread-1] INFO  server.RaftServerConfigKeys (ConfUtils.java:logGet(43)) - raft.server.log.queue.element-limit = 1024 (custom)
2019-09-25 05:52:30,701 [pool-27-thread-1] INFO  server.RaftServerConfigKeys (ConfUtils.java:logGet(43)) - raft.server.log.segment.size.max = 1048576 (custom)
2019-09-25 05:52:30,701 [pool-27-thread-1] INFO  server.RaftServerConfigKeys (ConfUtils.java:logGet(43)) - raft.server.log.preallocated.size = 16384 (custom)
2019-09-25 05:52:30,701 [pool-27-thread-1] INFO  server.RaftServerConfigKeys (ConfUtils.java:logGet(43)) - raft.server.log.write.buffer.size = 33554432 (custom)
2019-09-25 05:52:30,702 [pool-27-thread-1] INFO  server.RaftServerConfigKeys (ConfUtils.java:logGet(43)) - raft.server.log.force.sync.num = 128 (default)
2019-09-25 05:52:30,702 [pool-27-thread-1] INFO  server.RaftServerConfigKeys (ConfUtils.java:logGet(43)) - raft.server.log.statemachine.data.sync = true (default)
2019-09-25 05:52:30,702 [pool-27-thread-1] INFO  server.RaftServerConfigKeys (ConfUtils.java:logGet(43)) - raft.server.log.statemachine.data.sync.timeout = 10s (default)
2019-09-25 05:52:30,702 [pool-27-thread-1] INFO  server.RaftServerConfigKeys (ConfUtils.java:logGet(43)) - raft.server.log.statemachine.data.sync.timeout.retry = -1 (default)
2019-09-25 05:52:30,702 [pool-27-thread-1] INFO  server.RaftServerConfigKeys (ConfUtils.java:logGet(43)) - raft.server.log.statemachine.data.caching.enabled = true (custom)
2019-09-25 05:52:30,702 [pool-27-thread-1] INFO  segmented.SegmentedRaftLogWorker (SegmentedRaftLogWorker.java:lambda$new$0(132)) - 0bbc1277-be6f-4bf3-88cf-1c3b12e139ad@group-460933B656CC-SegmentedRaftLogWorker: flushIndex: setUnconditionally 0 -> -1
2019-09-25 05:52:30,703 [pool-27-thread-1] INFO  server.RaftServerConfigKeys (ConfUtils.java:logGet(43)) - raft.server.snapshot.auto.trigger.enabled = true (custom)
2019-09-25 05:52:30,703 [pool-27-thread-1] INFO  server.RaftServerConfigKeys (ConfUtils.java:logGet(43)) - raft.server.snapshot.auto.trigger.threshold = 10000 (custom)
2019-09-25 05:52:30,703 [pool-27-thread-1] INFO  server.RaftServerConfigKeys (ConfUtils.java:logGet(43)) - raft.server.snapshot.retention.num.files = 5 (custom)
2019-09-25 05:52:30,703 [pool-27-thread-1] INFO  server.RaftServerConfigKeys (ConfUtils.java:logGet(43)) - raft.server.retrycache.expirytime = 600000ms (custom)
2019-09-25 05:52:30,705 [pool-27-thread-1] INFO  impl.RaftServerImpl (RaftServerImpl.java:start(185)) - 0bbc1277-be6f-4bf3-88cf-1c3b12e139ad@group-460933B656CC: start as a follower, conf=-1: [0bbc1277-be6f-4bf3-88cf-1c3b12e139ad:192.168.30.10:46701], old=null
2019-09-25 05:52:30,705 [pool-27-thread-1] INFO  impl.RaftServerImpl (RaftServerImpl.java:setRole(174)) - 0bbc1277-be6f-4bf3-88cf-1c3b12e139ad@group-460933B656CC: changes role from      null to FOLLOWER at term 0 for startAsFollower
2019-09-25 05:52:30,705 [pool-27-thread-1] INFO  impl.RoleInfo (RoleInfo.java:updateAndGet(143)) - 0bbc1277-be6f-4bf3-88cf-1c3b12e139ad: start FollowerState
2019-09-25 05:52:30,705 [pool-27-thread-1] INFO  util.JmxRegister (JmxRegister.java:tryRegister(44)) - Successfully registered JMX Bean with object name Ratis:service=RaftServer,group=group-460933B656CC,id=0bbc1277-be6f-4bf3-88cf-1c3b12e139ad
2019-09-25 05:52:30,707 [RatisPipelineUtilsThread] INFO  pipeline.PipelineStateManager (PipelineStateManager.java:addPipeline(56)) - Created pipeline Pipeline[ Id: 2ba4e5d0-0a9a-4cad-b27e-460933b656cc, Nodes: 0bbc1277-be6f-4bf3-88cf-1c3b12e139ad{ip: 192.168.30.10, host: pr-hdds-1569-s62bp-3040748787, networkLocation: /default-rack, certSerialId: null}, Type:RATIS, Factor:ONE, State:OPEN]
2019-09-25 05:52:30,712 [grpc-default-executor-0] INFO  impl.RaftServerProxy (RaftServerProxy.java:addNew(89)) - 5be219b2-97fd-4a8c-91ea-b15aa89454d4: addNew group-962CE1515C19:[5be219b2-97fd-4a8c-91ea-b15aa89454d4:192.168.30.10:40625] returns group-962CE1515C19:java.util.concurrent.CompletableFuture@22e0f0f4[Not completed]
2019-09-25 05:52:30,713 [pool-37-thread-1] INFO  impl.RaftServerImpl (RaftServerImpl.java:<init>(95)) - 5be219b2-97fd-4a8c-91ea-b15aa89454d4: new RaftServerImpl for group-962CE1515C19:[5be219b2-97fd-4a8c-91ea-b15aa89454d4:192.168.30.10:40625] with ContainerStateMachine:uninitialized
2019-09-25 05:52:30,713 [pool-37-thread-1] INFO  server.RaftServerConfigKeys (ConfUtils.java:logGet(43)) - raft.server.rpc.timeout.min = 5s (custom)
2019-09-25 05:52:30,714 [pool-37-thread-1] INFO  server.RaftServerConfigKeys (ConfUtils.java:logGet(43)) - raft.server.rpc.timeout.max = 5200ms (custom)
2019-09-25 05:52:30,714 [pool-37-thread-1] INFO  server.RaftServerConfigKeys (ConfUtils.java:logGet(43)) - raft.server.rpcslowness.timeout = 120s (custom)
2019-09-25 05:52:30,714 [pool-37-thread-1] INFO  server.RaftServerConfigKeys (ConfUtils.java:logGet(43)) - raft.server.sleep.deviation.threshold = 300 (default)
2019-09-25 05:52:30,714 [pool-37-thread-1] INFO  server.RaftServerConfigKeys (ConfUtils.java:logGet(43)) - raft.server.log.appender.install.snapshot.enabled = false (custom)
2019-09-25 05:52:30,714 [pool-37-thread-1] INFO  impl.RaftServerImpl (ServerState.java:<init>(103)) - 5be219b2-97fd-4a8c-91ea-b15aa89454d4@group-962CE1515C19: ConfigurationManager, init=-1: [5be219b2-97fd-4a8c-91ea-b15aa89454d4:192.168.30.10:40625], old=null, confs=<EMPTY_MAP>
2019-09-25 05:52:30,714 [pool-37-thread-1] INFO  server.RaftServerConfigKeys (ConfUtils.java:logGet(43)) - raft.server.storage.dir = [/workdir/hadoop-ozone/integration-test/target/test-dir/MiniOzoneClusterImpl-5fae48a0-8517-4c16-9d39-4001697b8772/datanode-1/data/ratis] (custom)
2019-09-25 05:52:30,715 [pool-37-thread-1] INFO  storage.RaftStorageDirectory (RaftStorageDirectory.java:analyzeStorage(246)) - The storage directory /workdir/hadoop-ozone/integration-test/target/test-dir/MiniOzoneClusterImpl-5fae48a0-8517-4c16-9d39-4001697b8772/datanode-1/data/ratis/fe8bdf69-50b1-4d93-a504-962ce1515c19 does not exist. Creating ...
2019-09-25 05:52:30,727 [pool-37-thread-1] INFO  storage.RaftStorageDirectory (RaftStorageDirectory.java:tryLock(328)) - Lock on /workdir/hadoop-ozone/integration-test/target/test-dir/MiniOzoneClusterImpl-5fae48a0-8517-4c16-9d39-4001697b8772/datanode-1/data/ratis/fe8bdf69-50b1-4d93-a504-962ce1515c19/in_use.lock acquired by nodename 25594@pr-hdds-1569-s62bp-3040748787
2019-09-25 05:52:30,740 [pool-37-thread-1] INFO  storage.RaftStorage (RaftStorage.java:format(72)) - Storage directory /workdir/hadoop-ozone/integration-test/target/test-dir/MiniOzoneClusterImpl-5fae48a0-8517-4c16-9d39-4001697b8772/datanode-1/data/ratis/fe8bdf69-50b1-4d93-a504-962ce1515c19 has been successfully formatted.
2019-09-25 05:52:30,740 [pool-37-thread-1] INFO  ratis.ContainerStateMachine (ContainerStateMachine.java:loadSnapshot(230)) - group-962CE1515C19: The snapshot info is null. Setting the last applied indexto:(t:0, i:~)
2019-09-25 05:52:30,740 [pool-37-thread-1] INFO  server.RaftServerConfigKeys (ConfUtils.java:logGet(43)) - raft.server.notification.no-leader.timeout = 120s (custom)
2019-09-25 05:52:30,740 [pool-37-thread-1] INFO  server.RaftServerConfigKeys (ConfUtils.java:logGet(43)) - raft.server.log.use.memory = false (default)
2019-09-25 05:52:30,740 [pool-37-thread-1] INFO  server.RaftServerConfigKeys (ConfUtils.java:logGet(43)) - raft.server.log.purge.gap = 1000000 (custom)
2019-09-25 05:52:30,740 [pool-37-thread-1] INFO  server.RaftServerConfigKeys (ConfUtils.java:logGet(43)) - raft.server.log.appender.buffer.byte-limit = 33554432 (custom)
2019-09-25 05:52:30,740 [pool-37-thread-1] INFO  server.RaftServerConfigKeys (ConfUtils.java:logGet(43)) - raft.server.log.segment.size.max = 1048576 (custom)
2019-09-25 05:52:30,741 [pool-37-thread-1] INFO  server.RaftServerConfigKeys (ConfUtils.java:logGet(43)) - raft.server.log.segment.cache.num.max = 2 (custom)
2019-09-25 05:52:30,741 [pool-37-thread-1] INFO  segmented.SegmentedRaftLogWorker (SegmentedRaftLogWorker.java:<init>(172)) - new 5be219b2-97fd-4a8c-91ea-b15aa89454d4@group-962CE1515C19-SegmentedRaftLogWorker for RaftStorage:Storage Directory /workdir/hadoop-ozone/integration-test/target/test-dir/MiniOzoneClusterImpl-5fae48a0-8517-4c16-9d39-4001697b8772/datanode-1/data/ratis/fe8bdf69-50b1-4d93-a504-962ce1515c19
2019-09-25 05:52:30,741 [pool-37-thread-1] INFO  server.RaftServerConfigKeys (ConfUtils.java:logGet(43)) - raft.server.log.queue.byte-limit = 2147483647 (custom)
2019-09-25 05:52:30,741 [pool-37-thread-1] INFO  server.RaftServerConfigKeys (ConfUtils.java:logGet(43)) - raft.server.log.queue.element-limit = 1024 (custom)
2019-09-25 05:52:30,741 [pool-37-thread-1] INFO  server.RaftServerConfigKeys (ConfUtils.java:logGet(43)) - raft.server.log.segment.size.max = 1048576 (custom)
2019-09-25 05:52:30,741 [pool-37-thread-1] INFO  server.RaftServerConfigKeys (ConfUtils.java:logGet(43)) - raft.server.log.preallocated.size = 16384 (custom)
2019-09-25 05:52:30,741 [pool-37-thread-1] INFO  server.RaftServerConfigKeys (ConfUtils.java:logGet(43)) - raft.server.log.write.buffer.size = 33554432 (custom)
2019-09-25 05:52:30,741 [pool-37-thread-1] INFO  server.RaftServerConfigKeys (ConfUtils.java:logGet(43)) - raft.server.log.force.sync.num = 128 (default)
2019-09-25 05:52:30,741 [pool-37-thread-1] INFO  server.RaftServerConfigKeys (ConfUtils.java:logGet(43)) - raft.server.log.statemachine.data.sync = true (default)
2019-09-25 05:52:30,741 [pool-37-thread-1] INFO  server.RaftServerConfigKeys (ConfUtils.java:logGet(43)) - raft.server.log.statemachine.data.sync.timeout = 10s (default)
2019-09-25 05:52:30,741 [pool-37-thread-1] INFO  server.RaftServerConfigKeys (ConfUtils.java:logGet(43)) - raft.server.log.statemachine.data.sync.timeout.retry = -1 (default)
2019-09-25 05:52:30,742 [pool-37-thread-1] INFO  server.RaftServerConfigKeys (ConfUtils.java:logGet(43)) - raft.server.log.statemachine.data.caching.enabled = true (custom)
2019-09-25 05:52:30,742 [pool-37-thread-1] INFO  segmented.SegmentedRaftLogWorker (SegmentedRaftLogWorker.java:lambda$new$0(132)) - 5be219b2-97fd-4a8c-91ea-b15aa89454d4@group-962CE1515C19-SegmentedRaftLogWorker: flushIndex: setUnconditionally 0 -> -1
2019-09-25 05:52:30,742 [pool-37-thread-1] INFO  server.RaftServerConfigKeys (ConfUtils.java:logGet(43)) - raft.server.snapshot.auto.trigger.enabled = true (custom)
2019-09-25 05:52:30,742 [pool-37-thread-1] INFO  server.RaftServerConfigKeys (ConfUtils.java:logGet(43)) - raft.server.snapshot.auto.trigger.threshold = 10000 (custom)
2019-09-25 05:52:30,742 [pool-37-thread-1] INFO  server.RaftServerConfigKeys (ConfUtils.java:logGet(43)) - raft.server.snapshot.retention.num.files = 5 (custom)
2019-09-25 05:52:30,743 [pool-37-thread-1] INFO  server.RaftServerConfigKeys (ConfUtils.java:logGet(43)) - raft.server.retrycache.expirytime = 600000ms (custom)
2019-09-25 05:52:30,744 [pool-37-thread-1] INFO  impl.RaftServerImpl (RaftServerImpl.java:start(185)) - 5be219b2-97fd-4a8c-91ea-b15aa89454d4@group-962CE1515C19: start as a follower, conf=-1: [5be219b2-97fd-4a8c-91ea-b15aa89454d4:192.168.30.10:40625], old=null
2019-09-25 05:52:30,744 [pool-37-thread-1] INFO  impl.RaftServerImpl (RaftServerImpl.java:setRole(174)) - 5be219b2-97fd-4a8c-91ea-b15aa89454d4@group-962CE1515C19: changes role from      null to FOLLOWER at term 0 for startAsFollower
2019-09-25 05:52:30,745 [pool-37-thread-1] INFO  impl.RoleInfo (RoleInfo.java:updateAndGet(143)) - 5be219b2-97fd-4a8c-91ea-b15aa89454d4: start FollowerState
2019-09-25 05:52:30,745 [pool-37-thread-1] INFO  util.JmxRegister (JmxRegister.java:tryRegister(44)) - Successfully registered JMX Bean with object name Ratis:service=RaftServer,group=group-962CE1515C19,id=5be219b2-97fd-4a8c-91ea-b15aa89454d4
2019-09-25 05:52:30,747 [RatisPipelineUtilsThread] INFO  pipeline.PipelineStateManager (PipelineStateManager.java:addPipeline(56)) - Created pipeline Pipeline[ Id: fe8bdf69-50b1-4d93-a504-962ce1515c19, Nodes: 5be219b2-97fd-4a8c-91ea-b15aa89454d4{ip: 192.168.30.10, host: pr-hdds-1569-s62bp-3040748787, networkLocation: /default-rack, certSerialId: null}, Type:RATIS, Factor:ONE, State:OPEN]
2019-09-25 05:52:30,752 [grpc-default-executor-0] INFO  impl.RaftServerProxy (RaftServerProxy.java:addNew(89)) - 5be219b2-97fd-4a8c-91ea-b15aa89454d4: addNew group-2F77B981F125:[5be219b2-97fd-4a8c-91ea-b15aa89454d4:192.168.30.10:40625] returns group-2F77B981F125:java.util.concurrent.CompletableFuture@4b6c0ca1[Not completed]
2019-09-25 05:52:30,753 [pool-37-thread-1] INFO  impl.RaftServerImpl (RaftServerImpl.java:<init>(95)) - 5be219b2-97fd-4a8c-91ea-b15aa89454d4: new RaftServerImpl for group-2F77B981F125:[5be219b2-97fd-4a8c-91ea-b15aa89454d4:192.168.30.10:40625] with ContainerStateMachine:uninitialized
2019-09-25 05:52:30,753 [pool-37-thread-1] INFO  server.RaftServerConfigKeys (ConfUtils.java:logGet(43)) - raft.server.rpc.timeout.min = 5s (custom)
2019-09-25 05:52:30,753 [pool-37-thread-1] INFO  server.RaftServerConfigKeys (ConfUtils.java:logGet(43)) - raft.server.rpc.timeout.max = 5200ms (custom)
2019-09-25 05:52:30,753 [pool-37-thread-1] INFO  server.RaftServerConfigKeys (ConfUtils.java:logGet(43)) - raft.server.rpcslowness.timeout = 120s (custom)
2019-09-25 05:52:30,753 [pool-37-thread-1] INFO  server.RaftServerConfigKeys (ConfUtils.java:logGet(43)) - raft.server.sleep.deviation.threshold = 300 (default)
2019-09-25 05:52:30,754 [pool-37-thread-1] INFO  server.RaftServerConfigKeys (ConfUtils.java:logGet(43)) - raft.server.log.appender.install.snapshot.enabled = false (custom)
2019-09-25 05:52:30,754 [pool-37-thread-1] INFO  impl.RaftServerImpl (ServerState.java:<init>(103)) - 5be219b2-97fd-4a8c-91ea-b15aa89454d4@group-2F77B981F125: ConfigurationManager, init=-1: [5be219b2-97fd-4a8c-91ea-b15aa89454d4:192.168.30.10:40625], old=null, confs=<EMPTY_MAP>
2019-09-25 05:52:30,754 [pool-37-thread-1] INFO  server.RaftServerConfigKeys (ConfUtils.java:logGet(43)) - raft.server.storage.dir = [/workdir/hadoop-ozone/integration-test/target/test-dir/MiniOzoneClusterImpl-5fae48a0-8517-4c16-9d39-4001697b8772/datanode-1/data/ratis] (custom)
2019-09-25 05:52:30,754 [pool-37-thread-1] INFO  storage.RaftStorageDirectory (RaftStorageDirectory.java:analyzeStorage(246)) - The storage directory /workdir/hadoop-ozone/integration-test/target/test-dir/MiniOzoneClusterImpl-5fae48a0-8517-4c16-9d39-4001697b8772/datanode-1/data/ratis/9c26fc48-75e9-42f3-8f40-2f77b981f125 does not exist. Creating ...
2019-09-25 05:52:30,767 [pool-37-thread-1] INFO  storage.RaftStorageDirectory (RaftStorageDirectory.java:tryLock(328)) - Lock on /workdir/hadoop-ozone/integration-test/target/test-dir/MiniOzoneClusterImpl-5fae48a0-8517-4c16-9d39-4001697b8772/datanode-1/data/ratis/9c26fc48-75e9-42f3-8f40-2f77b981f125/in_use.lock acquired by nodename 25594@pr-hdds-1569-s62bp-3040748787
2019-09-25 05:52:30,780 [pool-37-thread-1] INFO  storage.RaftStorage (RaftStorage.java:format(72)) - Storage directory /workdir/hadoop-ozone/integration-test/target/test-dir/MiniOzoneClusterImpl-5fae48a0-8517-4c16-9d39-4001697b8772/datanode-1/data/ratis/9c26fc48-75e9-42f3-8f40-2f77b981f125 has been successfully formatted.
2019-09-25 05:52:30,780 [pool-37-thread-1] INFO  ratis.ContainerStateMachine (ContainerStateMachine.java:loadSnapshot(230)) - group-2F77B981F125: The snapshot info is null. Setting the last applied indexto:(t:0, i:~)
2019-09-25 05:52:30,780 [pool-37-thread-1] INFO  server.RaftServerConfigKeys (ConfUtils.java:logGet(43)) - raft.server.notification.no-leader.timeout = 120s (custom)
2019-09-25 05:52:30,781 [pool-37-thread-1] INFO  server.RaftServerConfigKeys (ConfUtils.java:logGet(43)) - raft.server.log.use.memory = false (default)
2019-09-25 05:52:30,781 [pool-37-thread-1] INFO  server.RaftServerConfigKeys (ConfUtils.java:logGet(43)) - raft.server.log.purge.gap = 1000000 (custom)
2019-09-25 05:52:30,781 [pool-37-thread-1] INFO  server.RaftServerConfigKeys (ConfUtils.java:logGet(43)) - raft.server.log.appender.buffer.byte-limit = 33554432 (custom)
2019-09-25 05:52:30,781 [pool-37-thread-1] INFO  server.RaftServerConfigKeys (ConfUtils.java:logGet(43)) - raft.server.log.segment.size.max = 1048576 (custom)
2019-09-25 05:52:30,781 [pool-37-thread-1] INFO  server.RaftServerConfigKeys (ConfUtils.java:logGet(43)) - raft.server.log.segment.cache.num.max = 2 (custom)
2019-09-25 05:52:30,781 [pool-37-thread-1] INFO  segmented.SegmentedRaftLogWorker (SegmentedRaftLogWorker.java:<init>(172)) - new 5be219b2-97fd-4a8c-91ea-b15aa89454d4@group-2F77B981F125-SegmentedRaftLogWorker for RaftStorage:Storage Directory /workdir/hadoop-ozone/integration-test/target/test-dir/MiniOzoneClusterImpl-5fae48a0-8517-4c16-9d39-4001697b8772/datanode-1/data/ratis/9c26fc48-75e9-42f3-8f40-2f77b981f125
2019-09-25 05:52:30,781 [pool-37-thread-1] INFO  server.RaftServerConfigKeys (ConfUtils.java:logGet(43)) - raft.server.log.queue.byte-limit = 2147483647 (custom)
2019-09-25 05:52:30,781 [pool-37-thread-1] INFO  server.RaftServerConfigKeys (ConfUtils.java:logGet(43)) - raft.server.log.queue.element-limit = 1024 (custom)
2019-09-25 05:52:30,781 [pool-37-thread-1] INFO  server.RaftServerConfigKeys (ConfUtils.java:logGet(43)) - raft.server.log.segment.size.max = 1048576 (custom)
2019-09-25 05:52:30,782 [pool-37-thread-1] INFO  server.RaftServerConfigKeys (ConfUtils.java:logGet(43)) - raft.server.log.preallocated.size = 16384 (custom)
2019-09-25 05:52:30,782 [pool-37-thread-1] INFO  server.RaftServerConfigKeys (ConfUtils.java:logGet(43)) - raft.server.log.write.buffer.size = 33554432 (custom)
2019-09-25 05:52:30,782 [pool-37-thread-1] INFO  server.RaftServerConfigKeys (ConfUtils.java:logGet(43)) - raft.server.log.force.sync.num = 128 (default)
2019-09-25 05:52:30,782 [pool-37-thread-1] INFO  server.RaftServerConfigKeys (ConfUtils.java:logGet(43)) - raft.server.log.statemachine.data.sync = true (default)
2019-09-25 05:52:30,782 [pool-37-thread-1] INFO  server.RaftServerConfigKeys (ConfUtils.java:logGet(43)) - raft.server.log.statemachine.data.sync.timeout = 10s (default)
2019-09-25 05:52:30,782 [pool-37-thread-1] INFO  server.RaftServerConfigKeys (ConfUtils.java:logGet(43)) - raft.server.log.statemachine.data.sync.timeout.retry = -1 (default)
2019-09-25 05:52:30,782 [pool-37-thread-1] INFO  server.RaftServerConfigKeys (ConfUtils.java:logGet(43)) - raft.server.log.statemachine.data.caching.enabled = true (custom)
2019-09-25 05:52:30,783 [pool-37-thread-1] INFO  segmented.SegmentedRaftLogWorker (SegmentedRaftLogWorker.java:lambda$new$0(132)) - 5be219b2-97fd-4a8c-91ea-b15aa89454d4@group-2F77B981F125-SegmentedRaftLogWorker: flushIndex: setUnconditionally 0 -> -1
2019-09-25 05:52:30,783 [pool-37-thread-1] INFO  server.RaftServerConfigKeys (ConfUtils.java:logGet(43)) - raft.server.snapshot.auto.trigger.enabled = true (custom)
2019-09-25 05:52:30,783 [pool-37-thread-1] INFO  server.RaftServerConfigKeys (ConfUtils.java:logGet(43)) - raft.server.snapshot.auto.trigger.threshold = 10000 (custom)
2019-09-25 05:52:30,783 [pool-37-thread-1] INFO  server.RaftServerConfigKeys (ConfUtils.java:logGet(43)) - raft.server.snapshot.retention.num.files = 5 (custom)
2019-09-25 05:52:30,783 [pool-37-thread-1] INFO  server.RaftServerConfigKeys (ConfUtils.java:logGet(43)) - raft.server.retrycache.expirytime = 600000ms (custom)
2019-09-25 05:52:30,785 [pool-37-thread-1] INFO  impl.RaftServerImpl (RaftServerImpl.java:start(185)) - 5be219b2-97fd-4a8c-91ea-b15aa89454d4@group-2F77B981F125: start as a follower, conf=-1: [5be219b2-97fd-4a8c-91ea-b15aa89454d4:192.168.30.10:40625], old=null
2019-09-25 05:52:30,785 [pool-37-thread-1] INFO  impl.RaftServerImpl (RaftServerImpl.java:setRole(174)) - 5be219b2-97fd-4a8c-91ea-b15aa89454d4@group-2F77B981F125: changes role from      null to FOLLOWER at term 0 for startAsFollower
2019-09-25 05:52:30,785 [pool-37-thread-1] INFO  impl.RoleInfo (RoleInfo.java:updateAndGet(143)) - 5be219b2-97fd-4a8c-91ea-b15aa89454d4: start FollowerState
2019-09-25 05:52:30,785 [pool-37-thread-1] INFO  util.JmxRegister (JmxRegister.java:tryRegister(44)) - Successfully registered JMX Bean with object name Ratis:service=RaftServer,group=group-2F77B981F125,id=5be219b2-97fd-4a8c-91ea-b15aa89454d4
2019-09-25 05:52:30,788 [RatisPipelineUtilsThread] INFO  pipeline.PipelineStateManager (PipelineStateManager.java:addPipeline(56)) - Created pipeline Pipeline[ Id: 9c26fc48-75e9-42f3-8f40-2f77b981f125, Nodes: 5be219b2-97fd-4a8c-91ea-b15aa89454d4{ip: 192.168.30.10, host: pr-hdds-1569-s62bp-3040748787, networkLocation: /default-rack, certSerialId: null}, Type:RATIS, Factor:ONE, State:OPEN]
2019-09-25 05:52:30,793 [grpc-default-executor-0] INFO  impl.RaftServerProxy (RaftServerProxy.java:addNew(89)) - 0bbc1277-be6f-4bf3-88cf-1c3b12e139ad: addNew group-703D5E58E916:[0bbc1277-be6f-4bf3-88cf-1c3b12e139ad:192.168.30.10:46701] returns group-703D5E58E916:java.util.concurrent.CompletableFuture@444aaab0[Not completed]
2019-09-25 05:52:30,794 [pool-27-thread-1] INFO  impl.RaftServerImpl (RaftServerImpl.java:<init>(95)) - 0bbc1277-be6f-4bf3-88cf-1c3b12e139ad: new RaftServerImpl for group-703D5E58E916:[0bbc1277-be6f-4bf3-88cf-1c3b12e139ad:192.168.30.10:46701] with ContainerStateMachine:uninitialized
2019-09-25 05:52:30,795 [pool-27-thread-1] INFO  server.RaftServerConfigKeys (ConfUtils.java:logGet(43)) - raft.server.rpc.timeout.min = 5s (custom)
2019-09-25 05:52:30,795 [pool-27-thread-1] INFO  server.RaftServerConfigKeys (ConfUtils.java:logGet(43)) - raft.server.rpc.timeout.max = 5200ms (custom)
2019-09-25 05:52:30,795 [pool-27-thread-1] INFO  server.RaftServerConfigKeys (ConfUtils.java:logGet(43)) - raft.server.rpcslowness.timeout = 120s (custom)
2019-09-25 05:52:30,795 [pool-27-thread-1] INFO  server.RaftServerConfigKeys (ConfUtils.java:logGet(43)) - raft.server.sleep.deviation.threshold = 300 (default)
2019-09-25 05:52:30,795 [pool-27-thread-1] INFO  server.RaftServerConfigKeys (ConfUtils.java:logGet(43)) - raft.server.log.appender.install.snapshot.enabled = false (custom)
2019-09-25 05:52:30,795 [pool-27-thread-1] INFO  impl.RaftServerImpl (ServerState.java:<init>(103)) - 0bbc1277-be6f-4bf3-88cf-1c3b12e139ad@group-703D5E58E916: ConfigurationManager, init=-1: [0bbc1277-be6f-4bf3-88cf-1c3b12e139ad:192.168.30.10:46701], old=null, confs=<EMPTY_MAP>
2019-09-25 05:52:30,796 [pool-27-thread-1] INFO  server.RaftServerConfigKeys (ConfUtils.java:logGet(43)) - raft.server.storage.dir = [/workdir/hadoop-ozone/integration-test/target/test-dir/MiniOzoneClusterImpl-5fae48a0-8517-4c16-9d39-4001697b8772/datanode-0/data/ratis] (custom)
2019-09-25 05:52:30,796 [pool-27-thread-1] INFO  storage.RaftStorageDirectory (RaftStorageDirectory.java:analyzeStorage(246)) - The storage directory /workdir/hadoop-ozone/integration-test/target/test-dir/MiniOzoneClusterImpl-5fae48a0-8517-4c16-9d39-4001697b8772/datanode-0/data/ratis/8d0098a1-c152-4938-8c97-703d5e58e916 does not exist. Creating ...
2019-09-25 05:52:30,827 [pool-27-thread-1] INFO  storage.RaftStorageDirectory (RaftStorageDirectory.java:tryLock(328)) - Lock on /workdir/hadoop-ozone/integration-test/target/test-dir/MiniOzoneClusterImpl-5fae48a0-8517-4c16-9d39-4001697b8772/datanode-0/data/ratis/8d0098a1-c152-4938-8c97-703d5e58e916/in_use.lock acquired by nodename 25594@pr-hdds-1569-s62bp-3040748787
2019-09-25 05:52:30,854 [pool-27-thread-1] INFO  storage.RaftStorage (RaftStorage.java:format(72)) - Storage directory /workdir/hadoop-ozone/integration-test/target/test-dir/MiniOzoneClusterImpl-5fae48a0-8517-4c16-9d39-4001697b8772/datanode-0/data/ratis/8d0098a1-c152-4938-8c97-703d5e58e916 has been successfully formatted.
2019-09-25 05:52:30,855 [pool-27-thread-1] INFO  ratis.ContainerStateMachine (ContainerStateMachine.java:loadSnapshot(230)) - group-703D5E58E916: The snapshot info is null. Setting the last applied indexto:(t:0, i:~)
2019-09-25 05:52:30,855 [pool-27-thread-1] INFO  server.RaftServerConfigKeys (ConfUtils.java:logGet(43)) - raft.server.notification.no-leader.timeout = 120s (custom)
2019-09-25 05:52:30,855 [pool-27-thread-1] INFO  server.RaftServerConfigKeys (ConfUtils.java:logGet(43)) - raft.server.log.use.memory = false (default)
2019-09-25 05:52:30,855 [pool-27-thread-1] INFO  server.RaftServerConfigKeys (ConfUtils.java:logGet(43)) - raft.server.log.purge.gap = 1000000 (custom)
2019-09-25 05:52:30,855 [pool-27-thread-1] INFO  server.RaftServerConfigKeys (ConfUtils.java:logGet(43)) - raft.server.log.appender.buffer.byte-limit = 33554432 (custom)
2019-09-25 05:52:30,856 [pool-27-thread-1] INFO  server.RaftServerConfigKeys (ConfUtils.java:logGet(43)) - raft.server.log.segment.size.max = 1048576 (custom)
2019-09-25 05:52:30,856 [pool-27-thread-1] INFO  server.RaftServerConfigKeys (ConfUtils.java:logGet(43)) - raft.server.log.segment.cache.num.max = 2 (custom)
2019-09-25 05:52:30,856 [pool-27-thread-1] INFO  segmented.SegmentedRaftLogWorker (SegmentedRaftLogWorker.java:<init>(172)) - new 0bbc1277-be6f-4bf3-88cf-1c3b12e139ad@group-703D5E58E916-SegmentedRaftLogWorker for RaftStorage:Storage Directory /workdir/hadoop-ozone/integration-test/target/test-dir/MiniOzoneClusterImpl-5fae48a0-8517-4c16-9d39-4001697b8772/datanode-0/data/ratis/8d0098a1-c152-4938-8c97-703d5e58e916
2019-09-25 05:52:30,856 [pool-27-thread-1] INFO  server.RaftServerConfigKeys (ConfUtils.java:logGet(43)) - raft.server.log.queue.byte-limit = 2147483647 (custom)
2019-09-25 05:52:30,856 [pool-27-thread-1] INFO  server.RaftServerConfigKeys (ConfUtils.java:logGet(43)) - raft.server.log.queue.element-limit = 1024 (custom)
2019-09-25 05:52:30,857 [pool-27-thread-1] INFO  server.RaftServerConfigKeys (ConfUtils.java:logGet(43)) - raft.server.log.segment.size.max = 1048576 (custom)
2019-09-25 05:52:30,857 [pool-27-thread-1] INFO  server.RaftServerConfigKeys (ConfUtils.java:logGet(43)) - raft.server.log.preallocated.size = 16384 (custom)
2019-09-25 05:52:30,857 [pool-27-thread-1] INFO  server.RaftServerConfigKeys (ConfUtils.java:logGet(43)) - raft.server.log.write.buffer.size = 33554432 (custom)
2019-09-25 05:52:30,857 [pool-27-thread-1] INFO  server.RaftServerConfigKeys (ConfUtils.java:logGet(43)) - raft.server.log.force.sync.num = 128 (default)
2019-09-25 05:52:30,857 [pool-27-thread-1] INFO  server.RaftServerConfigKeys (ConfUtils.java:logGet(43)) - raft.server.log.statemachine.data.sync = true (default)
2019-09-25 05:52:30,857 [pool-27-thread-1] INFO  server.RaftServerConfigKeys (ConfUtils.java:logGet(43)) - raft.server.log.statemachine.data.sync.timeout = 10s (default)
2019-09-25 05:52:30,857 [pool-27-thread-1] INFO  server.RaftServerConfigKeys (ConfUtils.java:logGet(43)) - raft.server.log.statemachine.data.sync.timeout.retry = -1 (default)
2019-09-25 05:52:30,858 [pool-27-thread-1] INFO  server.RaftServerConfigKeys (ConfUtils.java:logGet(43)) - raft.server.log.statemachine.data.caching.enabled = true (custom)
2019-09-25 05:52:30,858 [pool-27-thread-1] INFO  segmented.SegmentedRaftLogWorker (SegmentedRaftLogWorker.java:lambda$new$0(132)) - 0bbc1277-be6f-4bf3-88cf-1c3b12e139ad@group-703D5E58E916-SegmentedRaftLogWorker: flushIndex: setUnconditionally 0 -> -1
2019-09-25 05:52:30,858 [pool-27-thread-1] INFO  server.RaftServerConfigKeys (ConfUtils.java:logGet(43)) - raft.server.snapshot.auto.trigger.enabled = true (custom)
2019-09-25 05:52:30,858 [pool-27-thread-1] INFO  server.RaftServerConfigKeys (ConfUtils.java:logGet(43)) - raft.server.snapshot.auto.trigger.threshold = 10000 (custom)
2019-09-25 05:52:30,859 [pool-27-thread-1] INFO  server.RaftServerConfigKeys (ConfUtils.java:logGet(43)) - raft.server.snapshot.retention.num.files = 5 (custom)
2019-09-25 05:52:30,859 [pool-27-thread-1] INFO  server.RaftServerConfigKeys (ConfUtils.java:logGet(43)) - raft.server.retrycache.expirytime = 600000ms (custom)
2019-09-25 05:52:30,861 [pool-27-thread-1] INFO  impl.RaftServerImpl (RaftServerImpl.java:start(185)) - 0bbc1277-be6f-4bf3-88cf-1c3b12e139ad@group-703D5E58E916: start as a follower, conf=-1: [0bbc1277-be6f-4bf3-88cf-1c3b12e139ad:192.168.30.10:46701], old=null
2019-09-25 05:52:30,862 [pool-27-thread-1] INFO  impl.RaftServerImpl (RaftServerImpl.java:setRole(174)) - 0bbc1277-be6f-4bf3-88cf-1c3b12e139ad@group-703D5E58E916: changes role from      null to FOLLOWER at term 0 for startAsFollower
2019-09-25 05:52:30,862 [pool-27-thread-1] INFO  impl.RoleInfo (RoleInfo.java:updateAndGet(143)) - 0bbc1277-be6f-4bf3-88cf-1c3b12e139ad: start FollowerState
2019-09-25 05:52:30,862 [pool-27-thread-1] INFO  util.JmxRegister (JmxRegister.java:tryRegister(44)) - Successfully registered JMX Bean with object name Ratis:service=RaftServer,group=group-703D5E58E916,id=0bbc1277-be6f-4bf3-88cf-1c3b12e139ad
2019-09-25 05:52:30,865 [RatisPipelineUtilsThread] INFO  pipeline.PipelineStateManager (PipelineStateManager.java:addPipeline(56)) - Created pipeline Pipeline[ Id: 8d0098a1-c152-4938-8c97-703d5e58e916, Nodes: 0bbc1277-be6f-4bf3-88cf-1c3b12e139ad{ip: 192.168.30.10, host: pr-hdds-1569-s62bp-3040748787, networkLocation: /default-rack, certSerialId: null}, Type:RATIS, Factor:ONE, State:OPEN]
2019-09-25 05:52:30,870 [grpc-default-executor-0] INFO  impl.RaftServerProxy (RaftServerProxy.java:addNew(89)) - 0bbc1277-be6f-4bf3-88cf-1c3b12e139ad: addNew group-8A0701C6A3A8:[0bbc1277-be6f-4bf3-88cf-1c3b12e139ad:192.168.30.10:46701] returns group-8A0701C6A3A8:java.util.concurrent.CompletableFuture@749c6ffa[Not completed]
2019-09-25 05:52:30,871 [pool-27-thread-1] INFO  impl.RaftServerImpl (RaftServerImpl.java:<init>(95)) - 0bbc1277-be6f-4bf3-88cf-1c3b12e139ad: new RaftServerImpl for group-8A0701C6A3A8:[0bbc1277-be6f-4bf3-88cf-1c3b12e139ad:192.168.30.10:46701] with ContainerStateMachine:uninitialized
2019-09-25 05:52:30,871 [pool-27-thread-1] INFO  server.RaftServerConfigKeys (ConfUtils.java:logGet(43)) - raft.server.rpc.timeout.min = 5s (custom)
2019-09-25 05:52:30,872 [pool-27-thread-1] INFO  server.RaftServerConfigKeys (ConfUtils.java:logGet(43)) - raft.server.rpc.timeout.max = 5200ms (custom)
2019-09-25 05:52:30,872 [pool-27-thread-1] INFO  server.RaftServerConfigKeys (ConfUtils.java:logGet(43)) - raft.server.rpcslowness.timeout = 120s (custom)
2019-09-25 05:52:30,872 [pool-27-thread-1] INFO  server.RaftServerConfigKeys (ConfUtils.java:logGet(43)) - raft.server.sleep.deviation.threshold = 300 (default)
2019-09-25 05:52:30,872 [pool-27-thread-1] INFO  server.RaftServerConfigKeys (ConfUtils.java:logGet(43)) - raft.server.log.appender.install.snapshot.enabled = false (custom)
2019-09-25 05:52:30,872 [pool-27-thread-1] INFO  impl.RaftServerImpl (ServerState.java:<init>(103)) - 0bbc1277-be6f-4bf3-88cf-1c3b12e139ad@group-8A0701C6A3A8: ConfigurationManager, init=-1: [0bbc1277-be6f-4bf3-88cf-1c3b12e139ad:192.168.30.10:46701], old=null, confs=<EMPTY_MAP>
2019-09-25 05:52:30,872 [pool-27-thread-1] INFO  server.RaftServerConfigKeys (ConfUtils.java:logGet(43)) - raft.server.storage.dir = [/workdir/hadoop-ozone/integration-test/target/test-dir/MiniOzoneClusterImpl-5fae48a0-8517-4c16-9d39-4001697b8772/datanode-0/data/ratis] (custom)
2019-09-25 05:52:30,873 [pool-27-thread-1] INFO  storage.RaftStorageDirectory (RaftStorageDirectory.java:analyzeStorage(246)) - The storage directory /workdir/hadoop-ozone/integration-test/target/test-dir/MiniOzoneClusterImpl-5fae48a0-8517-4c16-9d39-4001697b8772/datanode-0/data/ratis/174ad167-8429-4569-ac88-8a0701c6a3a8 does not exist. Creating ...
2019-09-25 05:52:30,886 [pool-27-thread-1] INFO  storage.RaftStorageDirectory (RaftStorageDirectory.java:tryLock(328)) - Lock on /workdir/hadoop-ozone/integration-test/target/test-dir/MiniOzoneClusterImpl-5fae48a0-8517-4c16-9d39-4001697b8772/datanode-0/data/ratis/174ad167-8429-4569-ac88-8a0701c6a3a8/in_use.lock acquired by nodename 25594@pr-hdds-1569-s62bp-3040748787
2019-09-25 05:52:30,900 [pool-27-thread-1] INFO  storage.RaftStorage (RaftStorage.java:format(72)) - Storage directory /workdir/hadoop-ozone/integration-test/target/test-dir/MiniOzoneClusterImpl-5fae48a0-8517-4c16-9d39-4001697b8772/datanode-0/data/ratis/174ad167-8429-4569-ac88-8a0701c6a3a8 has been successfully formatted.
2019-09-25 05:52:30,901 [pool-27-thread-1] INFO  ratis.ContainerStateMachine (ContainerStateMachine.java:loadSnapshot(230)) - group-8A0701C6A3A8: The snapshot info is null. Setting the last applied indexto:(t:0, i:~)
2019-09-25 05:52:30,901 [pool-27-thread-1] INFO  server.RaftServerConfigKeys (ConfUtils.java:logGet(43)) - raft.server.notification.no-leader.timeout = 120s (custom)
2019-09-25 05:52:30,901 [pool-27-thread-1] INFO  server.RaftServerConfigKeys (ConfUtils.java:logGet(43)) - raft.server.log.use.memory = false (default)
2019-09-25 05:52:30,901 [pool-27-thread-1] INFO  server.RaftServerConfigKeys (ConfUtils.java:logGet(43)) - raft.server.log.purge.gap = 1000000 (custom)
2019-09-25 05:52:30,901 [pool-27-thread-1] INFO  server.RaftServerConfigKeys (ConfUtils.java:logGet(43)) - raft.server.log.appender.buffer.byte-limit = 33554432 (custom)
2019-09-25 05:52:30,901 [pool-27-thread-1] INFO  server.RaftServerConfigKeys (ConfUtils.java:logGet(43)) - raft.server.log.segment.size.max = 1048576 (custom)
2019-09-25 05:52:30,902 [pool-27-thread-1] INFO  server.RaftServerConfigKeys (ConfUtils.java:logGet(43)) - raft.server.log.segment.cache.num.max = 2 (custom)
2019-09-25 05:52:30,902 [pool-27-thread-1] INFO  segmented.SegmentedRaftLogWorker (SegmentedRaftLogWorker.java:<init>(172)) - new 0bbc1277-be6f-4bf3-88cf-1c3b12e139ad@group-8A0701C6A3A8-SegmentedRaftLogWorker for RaftStorage:Storage Directory /workdir/hadoop-ozone/integration-test/target/test-dir/MiniOzoneClusterImpl-5fae48a0-8517-4c16-9d39-4001697b8772/datanode-0/data/ratis/174ad167-8429-4569-ac88-8a0701c6a3a8
2019-09-25 05:52:30,902 [pool-27-thread-1] INFO  server.RaftServerConfigKeys (ConfUtils.java:logGet(43)) - raft.server.log.queue.byte-limit = 2147483647 (custom)
2019-09-25 05:52:30,902 [pool-27-thread-1] INFO  server.RaftServerConfigKeys (ConfUtils.java:logGet(43)) - raft.server.log.queue.element-limit = 1024 (custom)
2019-09-25 05:52:30,902 [pool-27-thread-1] INFO  server.RaftServerConfigKeys (ConfUtils.java:logGet(43)) - raft.server.log.segment.size.max = 1048576 (custom)
2019-09-25 05:52:30,902 [pool-27-thread-1] INFO  server.RaftServerConfigKeys (ConfUtils.java:logGet(43)) - raft.server.log.preallocated.size = 16384 (custom)
2019-09-25 05:52:30,902 [pool-27-thread-1] INFO  server.RaftServerConfigKeys (ConfUtils.java:logGet(43)) - raft.server.log.write.buffer.size = 33554432 (custom)
2019-09-25 05:52:30,902 [pool-27-thread-1] INFO  server.RaftServerConfigKeys (ConfUtils.java:logGet(43)) - raft.server.log.force.sync.num = 128 (default)
2019-09-25 05:52:30,903 [pool-27-thread-1] INFO  server.RaftServerConfigKeys (ConfUtils.java:logGet(43)) - raft.server.log.statemachine.data.sync = true (default)
2019-09-25 05:52:30,903 [pool-27-thread-1] INFO  server.RaftServerConfigKeys (ConfUtils.java:logGet(43)) - raft.server.log.statemachine.data.sync.timeout = 10s (default)
2019-09-25 05:52:30,903 [pool-27-thread-1] INFO  server.RaftServerConfigKeys (ConfUtils.java:logGet(43)) - raft.server.log.statemachine.data.sync.timeout.retry = -1 (default)
2019-09-25 05:52:30,903 [pool-27-thread-1] INFO  server.RaftServerConfigKeys (ConfUtils.java:logGet(43)) - raft.server.log.statemachine.data.caching.enabled = true (custom)
2019-09-25 05:52:30,903 [pool-27-thread-1] INFO  segmented.SegmentedRaftLogWorker (SegmentedRaftLogWorker.java:lambda$new$0(132)) - 0bbc1277-be6f-4bf3-88cf-1c3b12e139ad@group-8A0701C6A3A8-SegmentedRaftLogWorker: flushIndex: setUnconditionally 0 -> -1
2019-09-25 05:52:30,904 [pool-27-thread-1] INFO  server.RaftServerConfigKeys (ConfUtils.java:logGet(43)) - raft.server.snapshot.auto.trigger.enabled = true (custom)
2019-09-25 05:52:30,904 [pool-27-thread-1] INFO  server.RaftServerConfigKeys (ConfUtils.java:logGet(43)) - raft.server.snapshot.auto.trigger.threshold = 10000 (custom)
2019-09-25 05:52:30,904 [pool-27-thread-1] INFO  server.RaftServerConfigKeys (ConfUtils.java:logGet(43)) - raft.server.snapshot.retention.num.files = 5 (custom)
2019-09-25 05:52:30,904 [pool-27-thread-1] INFO  server.RaftServerConfigKeys (ConfUtils.java:logGet(43)) - raft.server.retrycache.expirytime = 600000ms (custom)
2019-09-25 05:52:30,906 [pool-27-thread-1] INFO  impl.RaftServerImpl (RaftServerImpl.java:start(185)) - 0bbc1277-be6f-4bf3-88cf-1c3b12e139ad@group-8A0701C6A3A8: start as a follower, conf=-1: [0bbc1277-be6f-4bf3-88cf-1c3b12e139ad:192.168.30.10:46701], old=null
2019-09-25 05:52:30,906 [pool-27-thread-1] INFO  impl.RaftServerImpl (RaftServerImpl.java:setRole(174)) - 0bbc1277-be6f-4bf3-88cf-1c3b12e139ad@group-8A0701C6A3A8: changes role from      null to FOLLOWER at term 0 for startAsFollower
2019-09-25 05:52:30,907 [pool-27-thread-1] INFO  impl.RoleInfo (RoleInfo.java:updateAndGet(143)) - 0bbc1277-be6f-4bf3-88cf-1c3b12e139ad: start FollowerState
2019-09-25 05:52:30,907 [pool-27-thread-1] INFO  util.JmxRegister (JmxRegister.java:tryRegister(44)) - Successfully registered JMX Bean with object name Ratis:service=RaftServer,group=group-8A0701C6A3A8,id=0bbc1277-be6f-4bf3-88cf-1c3b12e139ad
2019-09-25 05:52:30,909 [RatisPipelineUtilsThread] INFO  pipeline.PipelineStateManager (PipelineStateManager.java:addPipeline(56)) - Created pipeline Pipeline[ Id: 174ad167-8429-4569-ac88-8a0701c6a3a8, Nodes: 0bbc1277-be6f-4bf3-88cf-1c3b12e139ad{ip: 192.168.30.10, host: pr-hdds-1569-s62bp-3040748787, networkLocation: /default-rack, certSerialId: null}, Type:RATIS, Factor:ONE, State:OPEN]
2019-09-25 05:52:30,914 [grpc-default-executor-0] INFO  impl.RaftServerProxy (RaftServerProxy.java:addNew(89)) - 0bbc1277-be6f-4bf3-88cf-1c3b12e139ad: addNew group-19A6A27F62D9:[0bbc1277-be6f-4bf3-88cf-1c3b12e139ad:192.168.30.10:46701] returns group-19A6A27F62D9:java.util.concurrent.CompletableFuture@4036e658[Not completed]
2019-09-25 05:52:30,915 [pool-27-thread-1] INFO  impl.RaftServerImpl (RaftServerImpl.java:<init>(95)) - 0bbc1277-be6f-4bf3-88cf-1c3b12e139ad: new RaftServerImpl for group-19A6A27F62D9:[0bbc1277-be6f-4bf3-88cf-1c3b12e139ad:192.168.30.10:46701] with ContainerStateMachine:uninitialized
2019-09-25 05:52:30,915 [pool-27-thread-1] INFO  server.RaftServerConfigKeys (ConfUtils.java:logGet(43)) - raft.server.rpc.timeout.min = 5s (custom)
2019-09-25 05:52:30,915 [pool-27-thread-1] INFO  server.RaftServerConfigKeys (ConfUtils.java:logGet(43)) - raft.server.rpc.timeout.max = 5200ms (custom)
2019-09-25 05:52:30,915 [pool-27-thread-1] INFO  server.RaftServerConfigKeys (ConfUtils.java:logGet(43)) - raft.server.rpcslowness.timeout = 120s (custom)
2019-09-25 05:52:30,915 [pool-27-thread-1] INFO  server.RaftServerConfigKeys (ConfUtils.java:logGet(43)) - raft.server.sleep.deviation.threshold = 300 (default)
2019-09-25 05:52:30,916 [pool-27-thread-1] INFO  server.RaftServerConfigKeys (ConfUtils.java:logGet(43)) - raft.server.log.appender.install.snapshot.enabled = false (custom)
2019-09-25 05:52:30,916 [pool-27-thread-1] INFO  impl.RaftServerImpl (ServerState.java:<init>(103)) - 0bbc1277-be6f-4bf3-88cf-1c3b12e139ad@group-19A6A27F62D9: ConfigurationManager, init=-1: [0bbc1277-be6f-4bf3-88cf-1c3b12e139ad:192.168.30.10:46701], old=null, confs=<EMPTY_MAP>
2019-09-25 05:52:30,916 [pool-27-thread-1] INFO  server.RaftServerConfigKeys (ConfUtils.java:logGet(43)) - raft.server.storage.dir = [/workdir/hadoop-ozone/integration-test/target/test-dir/MiniOzoneClusterImpl-5fae48a0-8517-4c16-9d39-4001697b8772/datanode-0/data/ratis] (custom)
2019-09-25 05:52:30,916 [pool-27-thread-1] INFO  storage.RaftStorageDirectory (RaftStorageDirectory.java:analyzeStorage(246)) - The storage directory /workdir/hadoop-ozone/integration-test/target/test-dir/MiniOzoneClusterImpl-5fae48a0-8517-4c16-9d39-4001697b8772/datanode-0/data/ratis/5b64aee3-6ad3-4e60-842f-19a6a27f62d9 does not exist. Creating ...
2019-09-25 05:52:30,929 [pool-27-thread-1] INFO  storage.RaftStorageDirectory (RaftStorageDirectory.java:tryLock(328)) - Lock on /workdir/hadoop-ozone/integration-test/target/test-dir/MiniOzoneClusterImpl-5fae48a0-8517-4c16-9d39-4001697b8772/datanode-0/data/ratis/5b64aee3-6ad3-4e60-842f-19a6a27f62d9/in_use.lock acquired by nodename 25594@pr-hdds-1569-s62bp-3040748787
2019-09-25 05:52:30,942 [pool-27-thread-1] INFO  storage.RaftStorage (RaftStorage.java:format(72)) - Storage directory /workdir/hadoop-ozone/integration-test/target/test-dir/MiniOzoneClusterImpl-5fae48a0-8517-4c16-9d39-4001697b8772/datanode-0/data/ratis/5b64aee3-6ad3-4e60-842f-19a6a27f62d9 has been successfully formatted.
2019-09-25 05:52:30,942 [pool-27-thread-1] INFO  ratis.ContainerStateMachine (ContainerStateMachine.java:loadSnapshot(230)) - group-19A6A27F62D9: The snapshot info is null. Setting the last applied indexto:(t:0, i:~)
2019-09-25 05:52:30,942 [pool-27-thread-1] INFO  server.RaftServerConfigKeys (ConfUtils.java:logGet(43)) - raft.server.notification.no-leader.timeout = 120s (custom)
2019-09-25 05:52:30,942 [pool-27-thread-1] INFO  server.RaftServerConfigKeys (ConfUtils.java:logGet(43)) - raft.server.log.use.memory = false (default)
2019-09-25 05:52:30,943 [pool-27-thread-1] INFO  server.RaftServerConfigKeys (ConfUtils.java:logGet(43)) - raft.server.log.purge.gap = 1000000 (custom)
2019-09-25 05:52:30,943 [pool-27-thread-1] INFO  server.RaftServerConfigKeys (ConfUtils.java:logGet(43)) - raft.server.log.appender.buffer.byte-limit = 33554432 (custom)
2019-09-25 05:52:30,943 [pool-27-thread-1] INFO  server.RaftServerConfigKeys (ConfUtils.java:logGet(43)) - raft.server.log.segment.size.max = 1048576 (custom)
2019-09-25 05:52:30,943 [pool-27-thread-1] INFO  server.RaftServerConfigKeys (ConfUtils.java:logGet(43)) - raft.server.log.segment.cache.num.max = 2 (custom)
2019-09-25 05:52:30,943 [pool-27-thread-1] INFO  segmented.SegmentedRaftLogWorker (SegmentedRaftLogWorker.java:<init>(172)) - new 0bbc1277-be6f-4bf3-88cf-1c3b12e139ad@group-19A6A27F62D9-SegmentedRaftLogWorker for RaftStorage:Storage Directory /workdir/hadoop-ozone/integration-test/target/test-dir/MiniOzoneClusterImpl-5fae48a0-8517-4c16-9d39-4001697b8772/datanode-0/data/ratis/5b64aee3-6ad3-4e60-842f-19a6a27f62d9
2019-09-25 05:52:30,943 [pool-27-thread-1] INFO  server.RaftServerConfigKeys (ConfUtils.java:logGet(43)) - raft.server.log.queue.byte-limit = 2147483647 (custom)
2019-09-25 05:52:30,943 [pool-27-thread-1] INFO  server.RaftServerConfigKeys (ConfUtils.java:logGet(43)) - raft.server.log.queue.element-limit = 1024 (custom)
2019-09-25 05:52:30,943 [pool-27-thread-1] INFO  server.RaftServerConfigKeys (ConfUtils.java:logGet(43)) - raft.server.log.segment.size.max = 1048576 (custom)
2019-09-25 05:52:30,943 [pool-27-thread-1] INFO  server.RaftServerConfigKeys (ConfUtils.java:logGet(43)) - raft.server.log.preallocated.size = 16384 (custom)
2019-09-25 05:52:30,943 [pool-27-thread-1] INFO  server.RaftServerConfigKeys (ConfUtils.java:logGet(43)) - raft.server.log.write.buffer.size = 33554432 (custom)
2019-09-25 05:52:30,943 [pool-27-thread-1] INFO  server.RaftServerConfigKeys (ConfUtils.java:logGet(43)) - raft.server.log.force.sync.num = 128 (default)
2019-09-25 05:52:30,943 [pool-27-thread-1] INFO  server.RaftServerConfigKeys (ConfUtils.java:logGet(43)) - raft.server.log.statemachine.data.sync = true (default)
2019-09-25 05:52:30,944 [pool-27-thread-1] INFO  server.RaftServerConfigKeys (ConfUtils.java:logGet(43)) - raft.server.log.statemachine.data.sync.timeout = 10s (default)
2019-09-25 05:52:30,944 [pool-27-thread-1] INFO  server.RaftServerConfigKeys (ConfUtils.java:logGet(43)) - raft.server.log.statemachine.data.sync.timeout.retry = -1 (default)
2019-09-25 05:52:30,944 [pool-27-thread-1] INFO  server.RaftServerConfigKeys (ConfUtils.java:logGet(43)) - raft.server.log.statemachine.data.caching.enabled = true (custom)
2019-09-25 05:52:30,944 [pool-27-thread-1] INFO  segmented.SegmentedRaftLogWorker (SegmentedRaftLogWorker.java:lambda$new$0(132)) - 0bbc1277-be6f-4bf3-88cf-1c3b12e139ad@group-19A6A27F62D9-SegmentedRaftLogWorker: flushIndex: setUnconditionally 0 -> -1
2019-09-25 05:52:30,944 [pool-27-thread-1] INFO  server.RaftServerConfigKeys (ConfUtils.java:logGet(43)) - raft.server.snapshot.auto.trigger.enabled = true (custom)
2019-09-25 05:52:30,944 [pool-27-thread-1] INFO  server.RaftServerConfigKeys (ConfUtils.java:logGet(43)) - raft.server.snapshot.auto.trigger.threshold = 10000 (custom)
2019-09-25 05:52:30,944 [pool-27-thread-1] INFO  server.RaftServerConfigKeys (ConfUtils.java:logGet(43)) - raft.server.snapshot.retention.num.files = 5 (custom)
2019-09-25 05:52:30,944 [pool-27-thread-1] INFO  server.RaftServerConfigKeys (ConfUtils.java:logGet(43)) - raft.server.retrycache.expirytime = 600000ms (custom)
2019-09-25 05:52:30,946 [pool-27-thread-1] INFO  impl.RaftServerImpl (RaftServerImpl.java:start(185)) - 0bbc1277-be6f-4bf3-88cf-1c3b12e139ad@group-19A6A27F62D9: start as a follower, conf=-1: [0bbc1277-be6f-4bf3-88cf-1c3b12e139ad:192.168.30.10:46701], old=null
2019-09-25 05:52:30,946 [pool-27-thread-1] INFO  impl.RaftServerImpl (RaftServerImpl.java:setRole(174)) - 0bbc1277-be6f-4bf3-88cf-1c3b12e139ad@group-19A6A27F62D9: changes role from      null to FOLLOWER at term 0 for startAsFollower
2019-09-25 05:52:30,946 [pool-27-thread-1] INFO  impl.RoleInfo (RoleInfo.java:updateAndGet(143)) - 0bbc1277-be6f-4bf3-88cf-1c3b12e139ad: start FollowerState
2019-09-25 05:52:30,946 [pool-27-thread-1] INFO  util.JmxRegister (JmxRegister.java:tryRegister(44)) - Successfully registered JMX Bean with object name Ratis:service=RaftServer,group=group-19A6A27F62D9,id=0bbc1277-be6f-4bf3-88cf-1c3b12e139ad
2019-09-25 05:52:30,948 [RatisPipelineUtilsThread] INFO  pipeline.PipelineStateManager (PipelineStateManager.java:addPipeline(56)) - Created pipeline Pipeline[ Id: 5b64aee3-6ad3-4e60-842f-19a6a27f62d9, Nodes: 0bbc1277-be6f-4bf3-88cf-1c3b12e139ad{ip: 192.168.30.10, host: pr-hdds-1569-s62bp-3040748787, networkLocation: /default-rack, certSerialId: null}, Type:RATIS, Factor:ONE, State:OPEN]
2019-09-25 05:52:30,957 [grpc-default-executor-0] INFO  impl.RaftServerProxy (RaftServerProxy.java:addNew(89)) - 754f3588-47e6-41ad-b34e-eb7041cce070: addNew group-C59E6E433298:[754f3588-47e6-41ad-b34e-eb7041cce070:192.168.30.10:41089] returns group-C59E6E433298:java.util.concurrent.CompletableFuture@7b1d7597[Not completed]
2019-09-25 05:52:30,957 [pool-47-thread-1] INFO  impl.RaftServerImpl (RaftServerImpl.java:<init>(95)) - 754f3588-47e6-41ad-b34e-eb7041cce070: new RaftServerImpl for group-C59E6E433298:[754f3588-47e6-41ad-b34e-eb7041cce070:192.168.30.10:41089] with ContainerStateMachine:uninitialized
2019-09-25 05:52:30,957 [pool-47-thread-1] INFO  server.RaftServerConfigKeys (ConfUtils.java:logGet(43)) - raft.server.rpc.timeout.min = 5s (custom)
2019-09-25 05:52:30,958 [pool-47-thread-1] INFO  server.RaftServerConfigKeys (ConfUtils.java:logGet(43)) - raft.server.rpc.timeout.max = 5200ms (custom)
2019-09-25 05:52:30,958 [pool-47-thread-1] INFO  server.RaftServerConfigKeys (ConfUtils.java:logGet(43)) - raft.server.rpcslowness.timeout = 120s (custom)
2019-09-25 05:52:30,958 [pool-47-thread-1] INFO  server.RaftServerConfigKeys (ConfUtils.java:logGet(43)) - raft.server.sleep.deviation.threshold = 300 (default)
2019-09-25 05:52:30,958 [pool-47-thread-1] INFO  server.RaftServerConfigKeys (ConfUtils.java:logGet(43)) - raft.server.log.appender.install.snapshot.enabled = false (custom)
2019-09-25 05:52:30,958 [pool-47-thread-1] INFO  impl.RaftServerImpl (ServerState.java:<init>(103)) - 754f3588-47e6-41ad-b34e-eb7041cce070@group-C59E6E433298: ConfigurationManager, init=-1: [754f3588-47e6-41ad-b34e-eb7041cce070:192.168.30.10:41089], old=null, confs=<EMPTY_MAP>
2019-09-25 05:52:30,958 [pool-47-thread-1] INFO  server.RaftServerConfigKeys (ConfUtils.java:logGet(43)) - raft.server.storage.dir = [/workdir/hadoop-ozone/integration-test/target/test-dir/MiniOzoneClusterImpl-5fae48a0-8517-4c16-9d39-4001697b8772/datanode-2/data/ratis] (custom)
2019-09-25 05:52:30,958 [pool-47-thread-1] INFO  storage.RaftStorageDirectory (RaftStorageDirectory.java:analyzeStorage(246)) - The storage directory /workdir/hadoop-ozone/integration-test/target/test-dir/MiniOzoneClusterImpl-5fae48a0-8517-4c16-9d39-4001697b8772/datanode-2/data/ratis/d83f3876-c849-4618-87c5-c59e6e433298 does not exist. Creating ...
2019-09-25 05:52:30,972 [pool-47-thread-1] INFO  storage.RaftStorageDirectory (RaftStorageDirectory.java:tryLock(328)) - Lock on /workdir/hadoop-ozone/integration-test/target/test-dir/MiniOzoneClusterImpl-5fae48a0-8517-4c16-9d39-4001697b8772/datanode-2/data/ratis/d83f3876-c849-4618-87c5-c59e6e433298/in_use.lock acquired by nodename 25594@pr-hdds-1569-s62bp-3040748787
2019-09-25 05:52:30,988 [pool-47-thread-1] INFO  storage.RaftStorage (RaftStorage.java:format(72)) - Storage directory /workdir/hadoop-ozone/integration-test/target/test-dir/MiniOzoneClusterImpl-5fae48a0-8517-4c16-9d39-4001697b8772/datanode-2/data/ratis/d83f3876-c849-4618-87c5-c59e6e433298 has been successfully formatted.
2019-09-25 05:52:30,995 [pool-47-thread-1] INFO  ratis.ContainerStateMachine (ContainerStateMachine.java:loadSnapshot(230)) - group-C59E6E433298: The snapshot info is null. Setting the last applied indexto:(t:0, i:~)
2019-09-25 05:52:30,995 [pool-47-thread-1] INFO  server.RaftServerConfigKeys (ConfUtils.java:logGet(43)) - raft.server.notification.no-leader.timeout = 120s (custom)
2019-09-25 05:52:30,995 [pool-47-thread-1] INFO  server.RaftServerConfigKeys (ConfUtils.java:logGet(43)) - raft.server.log.use.memory = false (default)
2019-09-25 05:52:30,995 [pool-47-thread-1] INFO  server.RaftServerConfigKeys (ConfUtils.java:logGet(43)) - raft.server.log.purge.gap = 1000000 (custom)
2019-09-25 05:52:30,995 [pool-47-thread-1] INFO  server.RaftServerConfigKeys (ConfUtils.java:logGet(43)) - raft.server.log.appender.buffer.byte-limit = 33554432 (custom)
2019-09-25 05:52:30,995 [pool-47-thread-1] INFO  server.RaftServerConfigKeys (ConfUtils.java:logGet(43)) - raft.server.log.segment.size.max = 1048576 (custom)
2019-09-25 05:52:30,995 [pool-47-thread-1] INFO  server.RaftServerConfigKeys (ConfUtils.java:logGet(43)) - raft.server.log.segment.cache.num.max = 2 (custom)
2019-09-25 05:52:30,995 [pool-47-thread-1] INFO  segmented.SegmentedRaftLogWorker (SegmentedRaftLogWorker.java:<init>(172)) - new 754f3588-47e6-41ad-b34e-eb7041cce070@group-C59E6E433298-SegmentedRaftLogWorker for RaftStorage:Storage Directory /workdir/hadoop-ozone/integration-test/target/test-dir/MiniOzoneClusterImpl-5fae48a0-8517-4c16-9d39-4001697b8772/datanode-2/data/ratis/d83f3876-c849-4618-87c5-c59e6e433298
2019-09-25 05:52:30,995 [pool-47-thread-1] INFO  server.RaftServerConfigKeys (ConfUtils.java:logGet(43)) - raft.server.log.queue.byte-limit = 2147483647 (custom)
2019-09-25 05:52:30,996 [pool-47-thread-1] INFO  server.RaftServerConfigKeys (ConfUtils.java:logGet(43)) - raft.server.log.queue.element-limit = 1024 (custom)
2019-09-25 05:52:30,996 [pool-47-thread-1] INFO  server.RaftServerConfigKeys (ConfUtils.java:logGet(43)) - raft.server.log.segment.size.max = 1048576 (custom)
2019-09-25 05:52:30,996 [pool-47-thread-1] INFO  server.RaftServerConfigKeys (ConfUtils.java:logGet(43)) - raft.server.log.preallocated.size = 16384 (custom)
2019-09-25 05:52:30,996 [pool-47-thread-1] INFO  server.RaftServerConfigKeys (ConfUtils.java:logGet(43)) - raft.server.log.write.buffer.size = 33554432 (custom)
2019-09-25 05:52:30,996 [pool-47-thread-1] INFO  server.RaftServerConfigKeys (ConfUtils.java:logGet(43)) - raft.server.log.force.sync.num = 128 (default)
2019-09-25 05:52:30,996 [pool-47-thread-1] INFO  server.RaftServerConfigKeys (ConfUtils.java:logGet(43)) - raft.server.log.statemachine.data.sync = true (default)
2019-09-25 05:52:30,996 [pool-47-thread-1] INFO  server.RaftServerConfigKeys (ConfUtils.java:logGet(43)) - raft.server.log.statemachine.data.sync.timeout = 10s (default)
2019-09-25 05:52:30,996 [pool-47-thread-1] INFO  server.RaftServerConfigKeys (ConfUtils.java:logGet(43)) - raft.server.log.statemachine.data.sync.timeout.retry = -1 (default)
2019-09-25 05:52:30,996 [pool-47-thread-1] INFO  server.RaftServerConfigKeys (ConfUtils.java:logGet(43)) - raft.server.log.statemachine.data.caching.enabled = true (custom)
2019-09-25 05:52:30,996 [pool-47-thread-1] INFO  segmented.SegmentedRaftLogWorker (SegmentedRaftLogWorker.java:lambda$new$0(132)) - 754f3588-47e6-41ad-b34e-eb7041cce070@group-C59E6E433298-SegmentedRaftLogWorker: flushIndex: setUnconditionally 0 -> -1
2019-09-25 05:52:30,997 [pool-47-thread-1] INFO  server.RaftServerConfigKeys (ConfUtils.java:logGet(43)) - raft.server.snapshot.auto.trigger.enabled = true (custom)
2019-09-25 05:52:30,997 [pool-47-thread-1] INFO  server.RaftServerConfigKeys (ConfUtils.java:logGet(43)) - raft.server.snapshot.auto.trigger.threshold = 10000 (custom)
2019-09-25 05:52:30,997 [pool-47-thread-1] INFO  server.RaftServerConfigKeys (ConfUtils.java:logGet(43)) - raft.server.snapshot.retention.num.files = 5 (custom)
2019-09-25 05:52:30,997 [pool-47-thread-1] INFO  server.RaftServerConfigKeys (ConfUtils.java:logGet(43)) - raft.server.retrycache.expirytime = 600000ms (custom)
2019-09-25 05:52:30,999 [pool-47-thread-1] INFO  impl.RaftServerImpl (RaftServerImpl.java:start(185)) - 754f3588-47e6-41ad-b34e-eb7041cce070@group-C59E6E433298: start as a follower, conf=-1: [754f3588-47e6-41ad-b34e-eb7041cce070:192.168.30.10:41089], old=null
2019-09-25 05:52:30,999 [pool-47-thread-1] INFO  impl.RaftServerImpl (RaftServerImpl.java:setRole(174)) - 754f3588-47e6-41ad-b34e-eb7041cce070@group-C59E6E433298: changes role from      null to FOLLOWER at term 0 for startAsFollower
2019-09-25 05:52:30,999 [pool-47-thread-1] INFO  impl.RoleInfo (RoleInfo.java:updateAndGet(143)) - 754f3588-47e6-41ad-b34e-eb7041cce070: start FollowerState
2019-09-25 05:52:30,999 [pool-47-thread-1] INFO  util.JmxRegister (JmxRegister.java:tryRegister(44)) - Successfully registered JMX Bean with object name Ratis:service=RaftServer,group=group-C59E6E433298,id=754f3588-47e6-41ad-b34e-eb7041cce070
2019-09-25 05:52:31,001 [RatisPipelineUtilsThread] INFO  pipeline.PipelineStateManager (PipelineStateManager.java:addPipeline(56)) - Created pipeline Pipeline[ Id: d83f3876-c849-4618-87c5-c59e6e433298, Nodes: 754f3588-47e6-41ad-b34e-eb7041cce070{ip: 192.168.30.10, host: pr-hdds-1569-s62bp-3040748787, networkLocation: /default-rack, certSerialId: null}, Type:RATIS, Factor:ONE, State:OPEN]
2019-09-25 05:52:31,005 [grpc-default-executor-0] INFO  impl.RaftServerProxy (RaftServerProxy.java:addNew(89)) - 754f3588-47e6-41ad-b34e-eb7041cce070: addNew group-A475441C9D32:[754f3588-47e6-41ad-b34e-eb7041cce070:192.168.30.10:41089] returns group-A475441C9D32:java.util.concurrent.CompletableFuture@1b0ec381[Not completed]
2019-09-25 05:52:31,006 [pool-47-thread-1] INFO  impl.RaftServerImpl (RaftServerImpl.java:<init>(95)) - 754f3588-47e6-41ad-b34e-eb7041cce070: new RaftServerImpl for group-A475441C9D32:[754f3588-47e6-41ad-b34e-eb7041cce070:192.168.30.10:41089] with ContainerStateMachine:uninitialized
2019-09-25 05:52:31,006 [pool-47-thread-1] INFO  server.RaftServerConfigKeys (ConfUtils.java:logGet(43)) - raft.server.rpc.timeout.min = 5s (custom)
2019-09-25 05:52:31,006 [pool-47-thread-1] INFO  server.RaftServerConfigKeys (ConfUtils.java:logGet(43)) - raft.server.rpc.timeout.max = 5200ms (custom)
2019-09-25 05:52:31,006 [pool-47-thread-1] INFO  server.RaftServerConfigKeys (ConfUtils.java:logGet(43)) - raft.server.rpcslowness.timeout = 120s (custom)
2019-09-25 05:52:31,006 [pool-47-thread-1] INFO  server.RaftServerConfigKeys (ConfUtils.java:logGet(43)) - raft.server.sleep.deviation.threshold = 300 (default)
2019-09-25 05:52:31,006 [pool-47-thread-1] INFO  server.RaftServerConfigKeys (ConfUtils.java:logGet(43)) - raft.server.log.appender.install.snapshot.enabled = false (custom)
2019-09-25 05:52:31,006 [pool-47-thread-1] INFO  impl.RaftServerImpl (ServerState.java:<init>(103)) - 754f3588-47e6-41ad-b34e-eb7041cce070@group-A475441C9D32: ConfigurationManager, init=-1: [754f3588-47e6-41ad-b34e-eb7041cce070:192.168.30.10:41089], old=null, confs=<EMPTY_MAP>
2019-09-25 05:52:31,007 [pool-47-thread-1] INFO  server.RaftServerConfigKeys (ConfUtils.java:logGet(43)) - raft.server.storage.dir = [/workdir/hadoop-ozone/integration-test/target/test-dir/MiniOzoneClusterImpl-5fae48a0-8517-4c16-9d39-4001697b8772/datanode-2/data/ratis] (custom)
2019-09-25 05:52:31,007 [pool-47-thread-1] INFO  storage.RaftStorageDirectory (RaftStorageDirectory.java:analyzeStorage(246)) - The storage directory /workdir/hadoop-ozone/integration-test/target/test-dir/MiniOzoneClusterImpl-5fae48a0-8517-4c16-9d39-4001697b8772/datanode-2/data/ratis/2a80f1fe-7b9c-45ea-be4e-a475441c9d32 does not exist. Creating ...
2019-09-25 05:52:31,019 [pool-47-thread-1] INFO  storage.RaftStorageDirectory (RaftStorageDirectory.java:tryLock(328)) - Lock on /workdir/hadoop-ozone/integration-test/target/test-dir/MiniOzoneClusterImpl-5fae48a0-8517-4c16-9d39-4001697b8772/datanode-2/data/ratis/2a80f1fe-7b9c-45ea-be4e-a475441c9d32/in_use.lock acquired by nodename 25594@pr-hdds-1569-s62bp-3040748787
2019-09-25 05:52:31,032 [pool-47-thread-1] INFO  storage.RaftStorage (RaftStorage.java:format(72)) - Storage directory /workdir/hadoop-ozone/integration-test/target/test-dir/MiniOzoneClusterImpl-5fae48a0-8517-4c16-9d39-4001697b8772/datanode-2/data/ratis/2a80f1fe-7b9c-45ea-be4e-a475441c9d32 has been successfully formatted.
2019-09-25 05:52:31,032 [pool-47-thread-1] INFO  ratis.ContainerStateMachine (ContainerStateMachine.java:loadSnapshot(230)) - group-A475441C9D32: The snapshot info is null. Setting the last applied indexto:(t:0, i:~)
2019-09-25 05:52:31,032 [pool-47-thread-1] INFO  server.RaftServerConfigKeys (ConfUtils.java:logGet(43)) - raft.server.notification.no-leader.timeout = 120s (custom)
2019-09-25 05:52:31,032 [pool-47-thread-1] INFO  server.RaftServerConfigKeys (ConfUtils.java:logGet(43)) - raft.server.log.use.memory = false (default)
2019-09-25 05:52:31,032 [pool-47-thread-1] INFO  server.RaftServerConfigKeys (ConfUtils.java:logGet(43)) - raft.server.log.purge.gap = 1000000 (custom)
2019-09-25 05:52:31,032 [pool-47-thread-1] INFO  server.RaftServerConfigKeys (ConfUtils.java:logGet(43)) - raft.server.log.appender.buffer.byte-limit = 33554432 (custom)
2019-09-25 05:52:31,032 [pool-47-thread-1] INFO  server.RaftServerConfigKeys (ConfUtils.java:logGet(43)) - raft.server.log.segment.size.max = 1048576 (custom)
2019-09-25 05:52:31,032 [pool-47-thread-1] INFO  server.RaftServerConfigKeys (ConfUtils.java:logGet(43)) - raft.server.log.segment.cache.num.max = 2 (custom)
2019-09-25 05:52:31,032 [pool-47-thread-1] INFO  segmented.SegmentedRaftLogWorker (SegmentedRaftLogWorker.java:<init>(172)) - new 754f3588-47e6-41ad-b34e-eb7041cce070@group-A475441C9D32-SegmentedRaftLogWorker for RaftStorage:Storage Directory /workdir/hadoop-ozone/integration-test/target/test-dir/MiniOzoneClusterImpl-5fae48a0-8517-4c16-9d39-4001697b8772/datanode-2/data/ratis/2a80f1fe-7b9c-45ea-be4e-a475441c9d32
2019-09-25 05:52:31,033 [pool-47-thread-1] INFO  server.RaftServerConfigKeys (ConfUtils.java:logGet(43)) - raft.server.log.queue.byte-limit = 2147483647 (custom)
2019-09-25 05:52:31,033 [pool-47-thread-1] INFO  server.RaftServerConfigKeys (ConfUtils.java:logGet(43)) - raft.server.log.queue.element-limit = 1024 (custom)
2019-09-25 05:52:31,033 [pool-47-thread-1] INFO  server.RaftServerConfigKeys (ConfUtils.java:logGet(43)) - raft.server.log.segment.size.max = 1048576 (custom)
2019-09-25 05:52:31,033 [pool-47-thread-1] INFO  server.RaftServerConfigKeys (ConfUtils.java:logGet(43)) - raft.server.log.preallocated.size = 16384 (custom)
2019-09-25 05:52:31,033 [pool-47-thread-1] INFO  server.RaftServerConfigKeys (ConfUtils.java:logGet(43)) - raft.server.log.write.buffer.size = 33554432 (custom)
2019-09-25 05:52:31,033 [pool-47-thread-1] INFO  server.RaftServerConfigKeys (ConfUtils.java:logGet(43)) - raft.server.log.force.sync.num = 128 (default)
2019-09-25 05:52:31,033 [pool-47-thread-1] INFO  server.RaftServerConfigKeys (ConfUtils.java:logGet(43)) - raft.server.log.statemachine.data.sync = true (default)
2019-09-25 05:52:31,033 [pool-47-thread-1] INFO  server.RaftServerConfigKeys (ConfUtils.java:logGet(43)) - raft.server.log.statemachine.data.sync.timeout = 10s (default)
2019-09-25 05:52:31,033 [pool-47-thread-1] INFO  server.RaftServerConfigKeys (ConfUtils.java:logGet(43)) - raft.server.log.statemachine.data.sync.timeout.retry = -1 (default)
2019-09-25 05:52:31,033 [pool-47-thread-1] INFO  server.RaftServerConfigKeys (ConfUtils.java:logGet(43)) - raft.server.log.statemachine.data.caching.enabled = true (custom)
2019-09-25 05:52:31,033 [pool-47-thread-1] INFO  segmented.SegmentedRaftLogWorker (SegmentedRaftLogWorker.java:lambda$new$0(132)) - 754f3588-47e6-41ad-b34e-eb7041cce070@group-A475441C9D32-SegmentedRaftLogWorker: flushIndex: setUnconditionally 0 -> -1
2019-09-25 05:52:31,034 [pool-47-thread-1] INFO  server.RaftServerConfigKeys (ConfUtils.java:logGet(43)) - raft.server.snapshot.auto.trigger.enabled = true (custom)
2019-09-25 05:52:31,034 [pool-47-thread-1] INFO  server.RaftServerConfigKeys (ConfUtils.java:logGet(43)) - raft.server.snapshot.auto.trigger.threshold = 10000 (custom)
2019-09-25 05:52:31,034 [pool-47-thread-1] INFO  server.RaftServerConfigKeys (ConfUtils.java:logGet(43)) - raft.server.snapshot.retention.num.files = 5 (custom)
2019-09-25 05:52:31,034 [pool-47-thread-1] INFO  server.RaftServerConfigKeys (ConfUtils.java:logGet(43)) - raft.server.retrycache.expirytime = 600000ms (custom)
2019-09-25 05:52:31,035 [pool-47-thread-1] INFO  impl.RaftServerImpl (RaftServerImpl.java:start(185)) - 754f3588-47e6-41ad-b34e-eb7041cce070@group-A475441C9D32: start as a follower, conf=-1: [754f3588-47e6-41ad-b34e-eb7041cce070:192.168.30.10:41089], old=null
2019-09-25 05:52:31,035 [pool-47-thread-1] INFO  impl.RaftServerImpl (RaftServerImpl.java:setRole(174)) - 754f3588-47e6-41ad-b34e-eb7041cce070@group-A475441C9D32: changes role from      null to FOLLOWER at term 0 for startAsFollower
2019-09-25 05:52:31,035 [pool-47-thread-1] INFO  impl.RoleInfo (RoleInfo.java:updateAndGet(143)) - 754f3588-47e6-41ad-b34e-eb7041cce070: start FollowerState
2019-09-25 05:52:31,035 [pool-47-thread-1] INFO  util.JmxRegister (JmxRegister.java:tryRegister(44)) - Successfully registered JMX Bean with object name Ratis:service=RaftServer,group=group-A475441C9D32,id=754f3588-47e6-41ad-b34e-eb7041cce070
2019-09-25 05:52:31,037 [RatisPipelineUtilsThread] INFO  pipeline.PipelineStateManager (PipelineStateManager.java:addPipeline(56)) - Created pipeline Pipeline[ Id: 2a80f1fe-7b9c-45ea-be4e-a475441c9d32, Nodes: 754f3588-47e6-41ad-b34e-eb7041cce070{ip: 192.168.30.10, host: pr-hdds-1569-s62bp-3040748787, networkLocation: /default-rack, certSerialId: null}, Type:RATIS, Factor:ONE, State:OPEN]
2019-09-25 05:52:31,042 [grpc-default-executor-0] INFO  impl.RaftServerProxy (RaftServerProxy.java:addNew(89)) - 754f3588-47e6-41ad-b34e-eb7041cce070: addNew group-8A7557A8C55D:[754f3588-47e6-41ad-b34e-eb7041cce070:192.168.30.10:41089] returns group-8A7557A8C55D:java.util.concurrent.CompletableFuture@2e41ac65[Not completed]
2019-09-25 05:52:31,042 [pool-47-thread-1] INFO  impl.RaftServerImpl (RaftServerImpl.java:<init>(95)) - 754f3588-47e6-41ad-b34e-eb7041cce070: new RaftServerImpl for group-8A7557A8C55D:[754f3588-47e6-41ad-b34e-eb7041cce070:192.168.30.10:41089] with ContainerStateMachine:uninitialized
2019-09-25 05:52:31,042 [pool-47-thread-1] INFO  server.RaftServerConfigKeys (ConfUtils.java:logGet(43)) - raft.server.rpc.timeout.min = 5s (custom)
2019-09-25 05:52:31,042 [pool-47-thread-1] INFO  server.RaftServerConfigKeys (ConfUtils.java:logGet(43)) - raft.server.rpc.timeout.max = 5200ms (custom)
2019-09-25 05:52:31,043 [pool-47-thread-1] INFO  server.RaftServerConfigKeys (ConfUtils.java:logGet(43)) - raft.server.rpcslowness.timeout = 120s (custom)
2019-09-25 05:52:31,043 [pool-47-thread-1] INFO  server.RaftServerConfigKeys (ConfUtils.java:logGet(43)) - raft.server.sleep.deviation.threshold = 300 (default)
2019-09-25 05:52:31,043 [pool-47-thread-1] INFO  server.RaftServerConfigKeys (ConfUtils.java:logGet(43)) - raft.server.log.appender.install.snapshot.enabled = false (custom)
2019-09-25 05:52:31,043 [pool-47-thread-1] INFO  impl.RaftServerImpl (ServerState.java:<init>(103)) - 754f3588-47e6-41ad-b34e-eb7041cce070@group-8A7557A8C55D: ConfigurationManager, init=-1: [754f3588-47e6-41ad-b34e-eb7041cce070:192.168.30.10:41089], old=null, confs=<EMPTY_MAP>
2019-09-25 05:52:31,043 [pool-47-thread-1] INFO  server.RaftServerConfigKeys (ConfUtils.java:logGet(43)) - raft.server.storage.dir = [/workdir/hadoop-ozone/integration-test/target/test-dir/MiniOzoneClusterImpl-5fae48a0-8517-4c16-9d39-4001697b8772/datanode-2/data/ratis] (custom)
2019-09-25 05:52:31,043 [pool-47-thread-1] INFO  storage.RaftStorageDirectory (RaftStorageDirectory.java:analyzeStorage(246)) - The storage directory /workdir/hadoop-ozone/integration-test/target/test-dir/MiniOzoneClusterImpl-5fae48a0-8517-4c16-9d39-4001697b8772/datanode-2/data/ratis/53b499a5-ac60-4636-b70f-8a7557a8c55d does not exist. Creating ...
2019-09-25 05:52:31,068 [pool-47-thread-1] INFO  storage.RaftStorageDirectory (RaftStorageDirectory.java:tryLock(328)) - Lock on /workdir/hadoop-ozone/integration-test/target/test-dir/MiniOzoneClusterImpl-5fae48a0-8517-4c16-9d39-4001697b8772/datanode-2/data/ratis/53b499a5-ac60-4636-b70f-8a7557a8c55d/in_use.lock acquired by nodename 25594@pr-hdds-1569-s62bp-3040748787
2019-09-25 05:52:31,082 [pool-47-thread-1] INFO  storage.RaftStorage (RaftStorage.java:format(72)) - Storage directory /workdir/hadoop-ozone/integration-test/target/test-dir/MiniOzoneClusterImpl-5fae48a0-8517-4c16-9d39-4001697b8772/datanode-2/data/ratis/53b499a5-ac60-4636-b70f-8a7557a8c55d has been successfully formatted.
2019-09-25 05:52:31,082 [pool-47-thread-1] INFO  ratis.ContainerStateMachine (ContainerStateMachine.java:loadSnapshot(230)) - group-8A7557A8C55D: The snapshot info is null. Setting the last applied indexto:(t:0, i:~)
2019-09-25 05:52:31,082 [pool-47-thread-1] INFO  server.RaftServerConfigKeys (ConfUtils.java:logGet(43)) - raft.server.notification.no-leader.timeout = 120s (custom)
2019-09-25 05:52:31,082 [pool-47-thread-1] INFO  server.RaftServerConfigKeys (ConfUtils.java:logGet(43)) - raft.server.log.use.memory = false (default)
2019-09-25 05:52:31,083 [pool-47-thread-1] INFO  server.RaftServerConfigKeys (ConfUtils.java:logGet(43)) - raft.server.log.purge.gap = 1000000 (custom)
2019-09-25 05:52:31,083 [pool-47-thread-1] INFO  server.RaftServerConfigKeys (ConfUtils.java:logGet(43)) - raft.server.log.appender.buffer.byte-limit = 33554432 (custom)
2019-09-25 05:52:31,083 [pool-47-thread-1] INFO  server.RaftServerConfigKeys (ConfUtils.java:logGet(43)) - raft.server.log.segment.size.max = 1048576 (custom)
2019-09-25 05:52:31,083 [pool-47-thread-1] INFO  server.RaftServerConfigKeys (ConfUtils.java:logGet(43)) - raft.server.log.segment.cache.num.max = 2 (custom)
2019-09-25 05:52:31,083 [pool-47-thread-1] INFO  segmented.SegmentedRaftLogWorker (SegmentedRaftLogWorker.java:<init>(172)) - new 754f3588-47e6-41ad-b34e-eb7041cce070@group-8A7557A8C55D-SegmentedRaftLogWorker for RaftStorage:Storage Directory /workdir/hadoop-ozone/integration-test/target/test-dir/MiniOzoneClusterImpl-5fae48a0-8517-4c16-9d39-4001697b8772/datanode-2/data/ratis/53b499a5-ac60-4636-b70f-8a7557a8c55d
2019-09-25 05:52:31,083 [pool-47-thread-1] INFO  server.RaftServerConfigKeys (ConfUtils.java:logGet(43)) - raft.server.log.queue.byte-limit = 2147483647 (custom)
2019-09-25 05:52:31,083 [pool-47-thread-1] INFO  server.RaftServerConfigKeys (ConfUtils.java:logGet(43)) - raft.server.log.queue.element-limit = 1024 (custom)
2019-09-25 05:52:31,084 [pool-47-thread-1] INFO  server.RaftServerConfigKeys (ConfUtils.java:logGet(43)) - raft.server.log.segment.size.max = 1048576 (custom)
2019-09-25 05:52:31,084 [pool-47-thread-1] INFO  server.RaftServerConfigKeys (ConfUtils.java:logGet(43)) - raft.server.log.preallocated.size = 16384 (custom)
2019-09-25 05:52:31,084 [pool-47-thread-1] INFO  server.RaftServerConfigKeys (ConfUtils.java:logGet(43)) - raft.server.log.write.buffer.size = 33554432 (custom)
2019-09-25 05:52:31,084 [pool-47-thread-1] INFO  server.RaftServerConfigKeys (ConfUtils.java:logGet(43)) - raft.server.log.force.sync.num = 128 (default)
2019-09-25 05:52:31,084 [pool-47-thread-1] INFO  server.RaftServerConfigKeys (ConfUtils.java:logGet(43)) - raft.server.log.statemachine.data.sync = true (default)
2019-09-25 05:52:31,084 [pool-47-thread-1] INFO  server.RaftServerConfigKeys (ConfUtils.java:logGet(43)) - raft.server.log.statemachine.data.sync.timeout = 10s (default)
2019-09-25 05:52:31,084 [pool-47-thread-1] INFO  server.RaftServerConfigKeys (ConfUtils.java:logGet(43)) - raft.server.log.statemachine.data.sync.timeout.retry = -1 (default)
2019-09-25 05:52:31,085 [pool-47-thread-1] INFO  server.RaftServerConfigKeys (ConfUtils.java:logGet(43)) - raft.server.log.statemachine.data.caching.enabled = true (custom)
2019-09-25 05:52:31,085 [pool-47-thread-1] INFO  segmented.SegmentedRaftLogWorker (SegmentedRaftLogWorker.java:lambda$new$0(132)) - 754f3588-47e6-41ad-b34e-eb7041cce070@group-8A7557A8C55D-SegmentedRaftLogWorker: flushIndex: setUnconditionally 0 -> -1
2019-09-25 05:52:31,085 [pool-47-thread-1] INFO  server.RaftServerConfigKeys (ConfUtils.java:logGet(43)) - raft.server.snapshot.auto.trigger.enabled = true (custom)
2019-09-25 05:52:31,086 [pool-47-thread-1] INFO  server.RaftServerConfigKeys (ConfUtils.java:logGet(43)) - raft.server.snapshot.auto.trigger.threshold = 10000 (custom)
2019-09-25 05:52:31,086 [pool-47-thread-1] INFO  server.RaftServerConfigKeys (ConfUtils.java:logGet(43)) - raft.server.snapshot.retention.num.files = 5 (custom)
2019-09-25 05:52:31,086 [pool-47-thread-1] INFO  server.RaftServerConfigKeys (ConfUtils.java:logGet(43)) - raft.server.retrycache.expirytime = 600000ms (custom)
2019-09-25 05:52:31,088 [pool-47-thread-1] INFO  impl.RaftServerImpl (RaftServerImpl.java:start(185)) - 754f3588-47e6-41ad-b34e-eb7041cce070@group-8A7557A8C55D: start as a follower, conf=-1: [754f3588-47e6-41ad-b34e-eb7041cce070:192.168.30.10:41089], old=null
2019-09-25 05:52:31,089 [pool-47-thread-1] INFO  impl.RaftServerImpl (RaftServerImpl.java:setRole(174)) - 754f3588-47e6-41ad-b34e-eb7041cce070@group-8A7557A8C55D: changes role from      null to FOLLOWER at term 0 for startAsFollower
2019-09-25 05:52:31,089 [pool-47-thread-1] INFO  impl.RoleInfo (RoleInfo.java:updateAndGet(143)) - 754f3588-47e6-41ad-b34e-eb7041cce070: start FollowerState
2019-09-25 05:52:31,089 [pool-47-thread-1] INFO  util.JmxRegister (JmxRegister.java:tryRegister(44)) - Successfully registered JMX Bean with object name Ratis:service=RaftServer,group=group-8A7557A8C55D,id=754f3588-47e6-41ad-b34e-eb7041cce070
2019-09-25 05:52:31,092 [RatisPipelineUtilsThread] INFO  pipeline.PipelineStateManager (PipelineStateManager.java:addPipeline(56)) - Created pipeline Pipeline[ Id: 53b499a5-ac60-4636-b70f-8a7557a8c55d, Nodes: 754f3588-47e6-41ad-b34e-eb7041cce070{ip: 192.168.30.10, host: pr-hdds-1569-s62bp-3040748787, networkLocation: /default-rack, certSerialId: null}, Type:RATIS, Factor:ONE, State:OPEN]
2019-09-25 05:52:31,097 [grpc-default-executor-0] INFO  impl.RaftServerProxy (RaftServerProxy.java:addNew(89)) - 0bbc1277-be6f-4bf3-88cf-1c3b12e139ad: addNew group-12BFCBBA8C97:[0bbc1277-be6f-4bf3-88cf-1c3b12e139ad:192.168.30.10:46701] returns group-12BFCBBA8C97:java.util.concurrent.CompletableFuture@402397d0[Not completed]
2019-09-25 05:52:31,098 [pool-27-thread-1] INFO  impl.RaftServerImpl (RaftServerImpl.java:<init>(95)) - 0bbc1277-be6f-4bf3-88cf-1c3b12e139ad: new RaftServerImpl for group-12BFCBBA8C97:[0bbc1277-be6f-4bf3-88cf-1c3b12e139ad:192.168.30.10:46701] with ContainerStateMachine:uninitialized
2019-09-25 05:52:31,098 [pool-27-thread-1] INFO  server.RaftServerConfigKeys (ConfUtils.java:logGet(43)) - raft.server.rpc.timeout.min = 5s (custom)
2019-09-25 05:52:31,098 [pool-27-thread-1] INFO  server.RaftServerConfigKeys (ConfUtils.java:logGet(43)) - raft.server.rpc.timeout.max = 5200ms (custom)
2019-09-25 05:52:31,098 [pool-27-thread-1] INFO  server.RaftServerConfigKeys (ConfUtils.java:logGet(43)) - raft.server.rpcslowness.timeout = 120s (custom)
2019-09-25 05:52:31,098 [pool-27-thread-1] INFO  server.RaftServerConfigKeys (ConfUtils.java:logGet(43)) - raft.server.sleep.deviation.threshold = 300 (default)
2019-09-25 05:52:31,098 [pool-27-thread-1] INFO  server.RaftServerConfigKeys (ConfUtils.java:logGet(43)) - raft.server.log.appender.install.snapshot.enabled = false (custom)
2019-09-25 05:52:31,098 [pool-27-thread-1] INFO  impl.RaftServerImpl (ServerState.java:<init>(103)) - 0bbc1277-be6f-4bf3-88cf-1c3b12e139ad@group-12BFCBBA8C97: ConfigurationManager, init=-1: [0bbc1277-be6f-4bf3-88cf-1c3b12e139ad:192.168.30.10:46701], old=null, confs=<EMPTY_MAP>
2019-09-25 05:52:31,099 [pool-27-thread-1] INFO  server.RaftServerConfigKeys (ConfUtils.java:logGet(43)) - raft.server.storage.dir = [/workdir/hadoop-ozone/integration-test/target/test-dir/MiniOzoneClusterImpl-5fae48a0-8517-4c16-9d39-4001697b8772/datanode-0/data/ratis] (custom)
2019-09-25 05:52:31,099 [pool-27-thread-1] INFO  storage.RaftStorageDirectory (RaftStorageDirectory.java:analyzeStorage(246)) - The storage directory /workdir/hadoop-ozone/integration-test/target/test-dir/MiniOzoneClusterImpl-5fae48a0-8517-4c16-9d39-4001697b8772/datanode-0/data/ratis/1201956c-b419-4a1c-b7ed-12bfcbba8c97 does not exist. Creating ...
2019-09-25 05:52:31,111 [pool-27-thread-1] INFO  storage.RaftStorageDirectory (RaftStorageDirectory.java:tryLock(328)) - Lock on /workdir/hadoop-ozone/integration-test/target/test-dir/MiniOzoneClusterImpl-5fae48a0-8517-4c16-9d39-4001697b8772/datanode-0/data/ratis/1201956c-b419-4a1c-b7ed-12bfcbba8c97/in_use.lock acquired by nodename 25594@pr-hdds-1569-s62bp-3040748787
2019-09-25 05:52:31,132 [pool-27-thread-1] INFO  storage.RaftStorage (RaftStorage.java:format(72)) - Storage directory /workdir/hadoop-ozone/integration-test/target/test-dir/MiniOzoneClusterImpl-5fae48a0-8517-4c16-9d39-4001697b8772/datanode-0/data/ratis/1201956c-b419-4a1c-b7ed-12bfcbba8c97 has been successfully formatted.
2019-09-25 05:52:31,132 [pool-27-thread-1] INFO  ratis.ContainerStateMachine (ContainerStateMachine.java:loadSnapshot(230)) - group-12BFCBBA8C97: The snapshot info is null. Setting the last applied indexto:(t:0, i:~)
2019-09-25 05:52:31,132 [pool-27-thread-1] INFO  server.RaftServerConfigKeys (ConfUtils.java:logGet(43)) - raft.server.notification.no-leader.timeout = 120s (custom)
2019-09-25 05:52:31,133 [pool-27-thread-1] INFO  server.RaftServerConfigKeys (ConfUtils.java:logGet(43)) - raft.server.log.use.memory = false (default)
2019-09-25 05:52:31,133 [pool-27-thread-1] INFO  server.RaftServerConfigKeys (ConfUtils.java:logGet(43)) - raft.server.log.purge.gap = 1000000 (custom)
2019-09-25 05:52:31,133 [pool-27-thread-1] INFO  server.RaftServerConfigKeys (ConfUtils.java:logGet(43)) - raft.server.log.appender.buffer.byte-limit = 33554432 (custom)
2019-09-25 05:52:31,133 [pool-27-thread-1] INFO  server.RaftServerConfigKeys (ConfUtils.java:logGet(43)) - raft.server.log.segment.size.max = 1048576 (custom)
2019-09-25 05:52:31,133 [pool-27-thread-1] INFO  server.RaftServerConfigKeys (ConfUtils.java:logGet(43)) - raft.server.log.segment.cache.num.max = 2 (custom)
2019-09-25 05:52:31,133 [pool-27-thread-1] INFO  segmented.SegmentedRaftLogWorker (SegmentedRaftLogWorker.java:<init>(172)) - new 0bbc1277-be6f-4bf3-88cf-1c3b12e139ad@group-12BFCBBA8C97-SegmentedRaftLogWorker for RaftStorage:Storage Directory /workdir/hadoop-ozone/integration-test/target/test-dir/MiniOzoneClusterImpl-5fae48a0-8517-4c16-9d39-4001697b8772/datanode-0/data/ratis/1201956c-b419-4a1c-b7ed-12bfcbba8c97
2019-09-25 05:52:31,133 [pool-27-thread-1] INFO  server.RaftServerConfigKeys (ConfUtils.java:logGet(43)) - raft.server.log.queue.byte-limit = 2147483647 (custom)
2019-09-25 05:52:31,133 [pool-27-thread-1] INFO  server.RaftServerConfigKeys (ConfUtils.java:logGet(43)) - raft.server.log.queue.element-limit = 1024 (custom)
2019-09-25 05:52:31,133 [pool-27-thread-1] INFO  server.RaftServerConfigKeys (ConfUtils.java:logGet(43)) - raft.server.log.segment.size.max = 1048576 (custom)
2019-09-25 05:52:31,133 [pool-27-thread-1] INFO  server.RaftServerConfigKeys (ConfUtils.java:logGet(43)) - raft.server.log.preallocated.size = 16384 (custom)
2019-09-25 05:52:31,133 [pool-27-thread-1] INFO  server.RaftServerConfigKeys (ConfUtils.java:logGet(43)) - raft.server.log.write.buffer.size = 33554432 (custom)
2019-09-25 05:52:31,134 [pool-27-thread-1] INFO  server.RaftServerConfigKeys (ConfUtils.java:logGet(43)) - raft.server.log.force.sync.num = 128 (default)
2019-09-25 05:52:31,134 [pool-27-thread-1] INFO  server.RaftServerConfigKeys (ConfUtils.java:logGet(43)) - raft.server.log.statemachine.data.sync = true (default)
2019-09-25 05:52:31,134 [pool-27-thread-1] INFO  server.RaftServerConfigKeys (ConfUtils.java:logGet(43)) - raft.server.log.statemachine.data.sync.timeout = 10s (default)
2019-09-25 05:52:31,134 [pool-27-thread-1] INFO  server.RaftServerConfigKeys (ConfUtils.java:logGet(43)) - raft.server.log.statemachine.data.sync.timeout.retry = -1 (default)
2019-09-25 05:52:31,134 [pool-27-thread-1] INFO  server.RaftServerConfigKeys (ConfUtils.java:logGet(43)) - raft.server.log.statemachine.data.caching.enabled = true (custom)
2019-09-25 05:52:31,134 [pool-27-thread-1] INFO  segmented.SegmentedRaftLogWorker (SegmentedRaftLogWorker.java:lambda$new$0(132)) - 0bbc1277-be6f-4bf3-88cf-1c3b12e139ad@group-12BFCBBA8C97-SegmentedRaftLogWorker: flushIndex: setUnconditionally 0 -> -1
2019-09-25 05:52:31,134 [pool-27-thread-1] INFO  server.RaftServerConfigKeys (ConfUtils.java:logGet(43)) - raft.server.snapshot.auto.trigger.enabled = true (custom)
2019-09-25 05:52:31,135 [pool-27-thread-1] INFO  server.RaftServerConfigKeys (ConfUtils.java:logGet(43)) - raft.server.snapshot.auto.trigger.threshold = 10000 (custom)
2019-09-25 05:52:31,135 [pool-27-thread-1] INFO  server.RaftServerConfigKeys (ConfUtils.java:logGet(43)) - raft.server.snapshot.retention.num.files = 5 (custom)
2019-09-25 05:52:31,135 [pool-27-thread-1] INFO  server.RaftServerConfigKeys (ConfUtils.java:logGet(43)) - raft.server.retrycache.expirytime = 600000ms (custom)
2019-09-25 05:52:31,136 [pool-27-thread-1] INFO  impl.RaftServerImpl (RaftServerImpl.java:start(185)) - 0bbc1277-be6f-4bf3-88cf-1c3b12e139ad@group-12BFCBBA8C97: start as a follower, conf=-1: [0bbc1277-be6f-4bf3-88cf-1c3b12e139ad:192.168.30.10:46701], old=null
2019-09-25 05:52:31,136 [pool-27-thread-1] INFO  impl.RaftServerImpl (RaftServerImpl.java:setRole(174)) - 0bbc1277-be6f-4bf3-88cf-1c3b12e139ad@group-12BFCBBA8C97: changes role from      null to FOLLOWER at term 0 for startAsFollower
2019-09-25 05:52:31,137 [pool-27-thread-1] INFO  impl.RoleInfo (RoleInfo.java:updateAndGet(143)) - 0bbc1277-be6f-4bf3-88cf-1c3b12e139ad: start FollowerState
2019-09-25 05:52:31,137 [pool-27-thread-1] INFO  util.JmxRegister (JmxRegister.java:tryRegister(44)) - Successfully registered JMX Bean with object name Ratis:service=RaftServer,group=group-12BFCBBA8C97,id=0bbc1277-be6f-4bf3-88cf-1c3b12e139ad
2019-09-25 05:52:31,139 [RatisPipelineUtilsThread] INFO  pipeline.PipelineStateManager (PipelineStateManager.java:addPipeline(56)) - Created pipeline Pipeline[ Id: 1201956c-b419-4a1c-b7ed-12bfcbba8c97, Nodes: 0bbc1277-be6f-4bf3-88cf-1c3b12e139ad{ip: 192.168.30.10, host: pr-hdds-1569-s62bp-3040748787, networkLocation: /default-rack, certSerialId: null}, Type:RATIS, Factor:ONE, State:OPEN]
2019-09-25 05:52:31,144 [grpc-default-executor-0] INFO  impl.RaftServerProxy (RaftServerProxy.java:addNew(89)) - 5be219b2-97fd-4a8c-91ea-b15aa89454d4: addNew group-CB6A65C6BA0C:[5be219b2-97fd-4a8c-91ea-b15aa89454d4:192.168.30.10:40625] returns group-CB6A65C6BA0C:java.util.concurrent.CompletableFuture@5bc52601[Not completed]
2019-09-25 05:52:31,145 [pool-37-thread-1] INFO  impl.RaftServerImpl (RaftServerImpl.java:<init>(95)) - 5be219b2-97fd-4a8c-91ea-b15aa89454d4: new RaftServerImpl for group-CB6A65C6BA0C:[5be219b2-97fd-4a8c-91ea-b15aa89454d4:192.168.30.10:40625] with ContainerStateMachine:uninitialized
2019-09-25 05:52:31,145 [pool-37-thread-1] INFO  server.RaftServerConfigKeys (ConfUtils.java:logGet(43)) - raft.server.rpc.timeout.min = 5s (custom)
2019-09-25 05:52:31,146 [pool-37-thread-1] INFO  server.RaftServerConfigKeys (ConfUtils.java:logGet(43)) - raft.server.rpc.timeout.max = 5200ms (custom)
2019-09-25 05:52:31,146 [pool-37-thread-1] INFO  server.RaftServerConfigKeys (ConfUtils.java:logGet(43)) - raft.server.rpcslowness.timeout = 120s (custom)
2019-09-25 05:52:31,146 [pool-37-thread-1] INFO  server.RaftServerConfigKeys (ConfUtils.java:logGet(43)) - raft.server.sleep.deviation.threshold = 300 (default)
2019-09-25 05:52:31,146 [pool-37-thread-1] INFO  server.RaftServerConfigKeys (ConfUtils.java:logGet(43)) - raft.server.log.appender.install.snapshot.enabled = false (custom)
2019-09-25 05:52:31,146 [pool-37-thread-1] INFO  impl.RaftServerImpl (ServerState.java:<init>(103)) - 5be219b2-97fd-4a8c-91ea-b15aa89454d4@group-CB6A65C6BA0C: ConfigurationManager, init=-1: [5be219b2-97fd-4a8c-91ea-b15aa89454d4:192.168.30.10:40625], old=null, confs=<EMPTY_MAP>
2019-09-25 05:52:31,146 [pool-37-thread-1] INFO  server.RaftServerConfigKeys (ConfUtils.java:logGet(43)) - raft.server.storage.dir = [/workdir/hadoop-ozone/integration-test/target/test-dir/MiniOzoneClusterImpl-5fae48a0-8517-4c16-9d39-4001697b8772/datanode-1/data/ratis] (custom)
2019-09-25 05:52:31,147 [pool-37-thread-1] INFO  storage.RaftStorageDirectory (RaftStorageDirectory.java:analyzeStorage(246)) - The storage directory /workdir/hadoop-ozone/integration-test/target/test-dir/MiniOzoneClusterImpl-5fae48a0-8517-4c16-9d39-4001697b8772/datanode-1/data/ratis/da3bdb46-0e84-405c-a8ed-cb6a65c6ba0c does not exist. Creating ...
2019-09-25 05:52:31,159 [pool-37-thread-1] INFO  storage.RaftStorageDirectory (RaftStorageDirectory.java:tryLock(328)) - Lock on /workdir/hadoop-ozone/integration-test/target/test-dir/MiniOzoneClusterImpl-5fae48a0-8517-4c16-9d39-4001697b8772/datanode-1/data/ratis/da3bdb46-0e84-405c-a8ed-cb6a65c6ba0c/in_use.lock acquired by nodename 25594@pr-hdds-1569-s62bp-3040748787
2019-09-25 05:52:31,172 [pool-37-thread-1] INFO  storage.RaftStorage (RaftStorage.java:format(72)) - Storage directory /workdir/hadoop-ozone/integration-test/target/test-dir/MiniOzoneClusterImpl-5fae48a0-8517-4c16-9d39-4001697b8772/datanode-1/data/ratis/da3bdb46-0e84-405c-a8ed-cb6a65c6ba0c has been successfully formatted.
2019-09-25 05:52:31,173 [pool-37-thread-1] INFO  ratis.ContainerStateMachine (ContainerStateMachine.java:loadSnapshot(230)) - group-CB6A65C6BA0C: The snapshot info is null. Setting the last applied indexto:(t:0, i:~)
2019-09-25 05:52:31,173 [pool-37-thread-1] INFO  server.RaftServerConfigKeys (ConfUtils.java:logGet(43)) - raft.server.notification.no-leader.timeout = 120s (custom)
2019-09-25 05:52:31,173 [pool-37-thread-1] INFO  server.RaftServerConfigKeys (ConfUtils.java:logGet(43)) - raft.server.log.use.memory = false (default)
2019-09-25 05:52:31,173 [pool-37-thread-1] INFO  server.RaftServerConfigKeys (ConfUtils.java:logGet(43)) - raft.server.log.purge.gap = 1000000 (custom)
2019-09-25 05:52:31,173 [pool-37-thread-1] INFO  server.RaftServerConfigKeys (ConfUtils.java:logGet(43)) - raft.server.log.appender.buffer.byte-limit = 33554432 (custom)
2019-09-25 05:52:31,173 [pool-37-thread-1] INFO  server.RaftServerConfigKeys (ConfUtils.java:logGet(43)) - raft.server.log.segment.size.max = 1048576 (custom)
2019-09-25 05:52:31,174 [pool-37-thread-1] INFO  server.RaftServerConfigKeys (ConfUtils.java:logGet(43)) - raft.server.log.segment.cache.num.max = 2 (custom)
2019-09-25 05:52:31,174 [pool-37-thread-1] INFO  segmented.SegmentedRaftLogWorker (SegmentedRaftLogWorker.java:<init>(172)) - new 5be219b2-97fd-4a8c-91ea-b15aa89454d4@group-CB6A65C6BA0C-SegmentedRaftLogWorker for RaftStorage:Storage Directory /workdir/hadoop-ozone/integration-test/target/test-dir/MiniOzoneClusterImpl-5fae48a0-8517-4c16-9d39-4001697b8772/datanode-1/data/ratis/da3bdb46-0e84-405c-a8ed-cb6a65c6ba0c
2019-09-25 05:52:31,174 [pool-37-thread-1] INFO  server.RaftServerConfigKeys (ConfUtils.java:logGet(43)) - raft.server.log.queue.byte-limit = 2147483647 (custom)
2019-09-25 05:52:31,174 [pool-37-thread-1] INFO  server.RaftServerConfigKeys (ConfUtils.java:logGet(43)) - raft.server.log.queue.element-limit = 1024 (custom)
2019-09-25 05:52:31,174 [pool-37-thread-1] INFO  server.RaftServerConfigKeys (ConfUtils.java:logGet(43)) - raft.server.log.segment.size.max = 1048576 (custom)
2019-09-25 05:52:31,174 [pool-37-thread-1] INFO  server.RaftServerConfigKeys (ConfUtils.java:logGet(43)) - raft.server.log.preallocated.size = 16384 (custom)
2019-09-25 05:52:31,174 [pool-37-thread-1] INFO  server.RaftServerConfigKeys (ConfUtils.java:logGet(43)) - raft.server.log.write.buffer.size = 33554432 (custom)
2019-09-25 05:52:31,174 [pool-37-thread-1] INFO  server.RaftServerConfigKeys (ConfUtils.java:logGet(43)) - raft.server.log.force.sync.num = 128 (default)
2019-09-25 05:52:31,174 [pool-37-thread-1] INFO  server.RaftServerConfigKeys (ConfUtils.java:logGet(43)) - raft.server.log.statemachine.data.sync = true (default)
2019-09-25 05:52:31,175 [pool-37-thread-1] INFO  server.RaftServerConfigKeys (ConfUtils.java:logGet(43)) - raft.server.log.statemachine.data.sync.timeout = 10s (default)
2019-09-25 05:52:31,175 [pool-37-thread-1] INFO  server.RaftServerConfigKeys (ConfUtils.java:logGet(43)) - raft.server.log.statemachine.data.sync.timeout.retry = -1 (default)
2019-09-25 05:52:31,175 [pool-37-thread-1] INFO  server.RaftServerConfigKeys (ConfUtils.java:logGet(43)) - raft.server.log.statemachine.data.caching.enabled = true (custom)
2019-09-25 05:52:31,175 [pool-37-thread-1] INFO  segmented.SegmentedRaftLogWorker (SegmentedRaftLogWorker.java:lambda$new$0(132)) - 5be219b2-97fd-4a8c-91ea-b15aa89454d4@group-CB6A65C6BA0C-SegmentedRaftLogWorker: flushIndex: setUnconditionally 0 -> -1
2019-09-25 05:52:31,175 [pool-37-thread-1] INFO  server.RaftServerConfigKeys (ConfUtils.java:logGet(43)) - raft.server.snapshot.auto.trigger.enabled = true (custom)
2019-09-25 05:52:31,176 [pool-37-thread-1] INFO  server.RaftServerConfigKeys (ConfUtils.java:logGet(43)) - raft.server.snapshot.auto.trigger.threshold = 10000 (custom)
2019-09-25 05:52:31,176 [pool-37-thread-1] INFO  server.RaftServerConfigKeys (ConfUtils.java:logGet(43)) - raft.server.snapshot.retention.num.files = 5 (custom)
2019-09-25 05:52:31,176 [pool-37-thread-1] INFO  server.RaftServerConfigKeys (ConfUtils.java:logGet(43)) - raft.server.retrycache.expirytime = 600000ms (custom)
2019-09-25 05:52:31,178 [pool-37-thread-1] INFO  impl.RaftServerImpl (RaftServerImpl.java:start(185)) - 5be219b2-97fd-4a8c-91ea-b15aa89454d4@group-CB6A65C6BA0C: start as a follower, conf=-1: [5be219b2-97fd-4a8c-91ea-b15aa89454d4:192.168.30.10:40625], old=null
2019-09-25 05:52:31,178 [pool-37-thread-1] INFO  impl.RaftServerImpl (RaftServerImpl.java:setRole(174)) - 5be219b2-97fd-4a8c-91ea-b15aa89454d4@group-CB6A65C6BA0C: changes role from      null to FOLLOWER at term 0 for startAsFollower
2019-09-25 05:52:31,178 [pool-37-thread-1] INFO  impl.RoleInfo (RoleInfo.java:updateAndGet(143)) - 5be219b2-97fd-4a8c-91ea-b15aa89454d4: start FollowerState
2019-09-25 05:52:31,178 [pool-37-thread-1] INFO  util.JmxRegister (JmxRegister.java:tryRegister(44)) - Successfully registered JMX Bean with object name Ratis:service=RaftServer,group=group-CB6A65C6BA0C,id=5be219b2-97fd-4a8c-91ea-b15aa89454d4
2019-09-25 05:52:31,180 [RatisPipelineUtilsThread] INFO  pipeline.PipelineStateManager (PipelineStateManager.java:addPipeline(56)) - Created pipeline Pipeline[ Id: da3bdb46-0e84-405c-a8ed-cb6a65c6ba0c, Nodes: 5be219b2-97fd-4a8c-91ea-b15aa89454d4{ip: 192.168.30.10, host: pr-hdds-1569-s62bp-3040748787, networkLocation: /default-rack, certSerialId: null}, Type:RATIS, Factor:ONE, State:OPEN]
2019-09-25 05:52:31,186 [grpc-default-executor-0] INFO  impl.RaftServerProxy (RaftServerProxy.java:addNew(89)) - 754f3588-47e6-41ad-b34e-eb7041cce070: addNew group-71DC1F77229B:[754f3588-47e6-41ad-b34e-eb7041cce070:192.168.30.10:41089] returns group-71DC1F77229B:java.util.concurrent.CompletableFuture@484ef3dd[Not completed]
2019-09-25 05:52:31,188 [pool-47-thread-1] INFO  impl.RaftServerImpl (RaftServerImpl.java:<init>(95)) - 754f3588-47e6-41ad-b34e-eb7041cce070: new RaftServerImpl for group-71DC1F77229B:[754f3588-47e6-41ad-b34e-eb7041cce070:192.168.30.10:41089] with ContainerStateMachine:uninitialized
2019-09-25 05:52:31,188 [pool-47-thread-1] INFO  server.RaftServerConfigKeys (ConfUtils.java:logGet(43)) - raft.server.rpc.timeout.min = 5s (custom)
2019-09-25 05:52:31,188 [pool-47-thread-1] INFO  server.RaftServerConfigKeys (ConfUtils.java:logGet(43)) - raft.server.rpc.timeout.max = 5200ms (custom)
2019-09-25 05:52:31,189 [pool-47-thread-1] INFO  server.RaftServerConfigKeys (ConfUtils.java:logGet(43)) - raft.server.rpcslowness.timeout = 120s (custom)
2019-09-25 05:52:31,189 [pool-47-thread-1] INFO  server.RaftServerConfigKeys (ConfUtils.java:logGet(43)) - raft.server.sleep.deviation.threshold = 300 (default)
2019-09-25 05:52:31,189 [pool-47-thread-1] INFO  server.RaftServerConfigKeys (ConfUtils.java:logGet(43)) - raft.server.log.appender.install.snapshot.enabled = false (custom)
2019-09-25 05:52:31,189 [pool-47-thread-1] INFO  impl.RaftServerImpl (ServerState.java:<init>(103)) - 754f3588-47e6-41ad-b34e-eb7041cce070@group-71DC1F77229B: ConfigurationManager, init=-1: [754f3588-47e6-41ad-b34e-eb7041cce070:192.168.30.10:41089], old=null, confs=<EMPTY_MAP>
2019-09-25 05:52:31,189 [pool-47-thread-1] INFO  server.RaftServerConfigKeys (ConfUtils.java:logGet(43)) - raft.server.storage.dir = [/workdir/hadoop-ozone/integration-test/target/test-dir/MiniOzoneClusterImpl-5fae48a0-8517-4c16-9d39-4001697b8772/datanode-2/data/ratis] (custom)
2019-09-25 05:52:31,190 [pool-47-thread-1] INFO  storage.RaftStorageDirectory (RaftStorageDirectory.java:analyzeStorage(246)) - The storage directory /workdir/hadoop-ozone/integration-test/target/test-dir/MiniOzoneClusterImpl-5fae48a0-8517-4c16-9d39-4001697b8772/datanode-2/data/ratis/4c1f78a4-ac5a-4905-99b9-71dc1f77229b does not exist. Creating ...
2019-09-25 05:52:31,203 [pool-47-thread-1] INFO  storage.RaftStorageDirectory (RaftStorageDirectory.java:tryLock(328)) - Lock on /workdir/hadoop-ozone/integration-test/target/test-dir/MiniOzoneClusterImpl-5fae48a0-8517-4c16-9d39-4001697b8772/datanode-2/data/ratis/4c1f78a4-ac5a-4905-99b9-71dc1f77229b/in_use.lock acquired by nodename 25594@pr-hdds-1569-s62bp-3040748787
2019-09-25 05:52:31,217 [pool-47-thread-1] INFO  storage.RaftStorage (RaftStorage.java:format(72)) - Storage directory /workdir/hadoop-ozone/integration-test/target/test-dir/MiniOzoneClusterImpl-5fae48a0-8517-4c16-9d39-4001697b8772/datanode-2/data/ratis/4c1f78a4-ac5a-4905-99b9-71dc1f77229b has been successfully formatted.
2019-09-25 05:52:31,217 [pool-47-thread-1] INFO  ratis.ContainerStateMachine (ContainerStateMachine.java:loadSnapshot(230)) - group-71DC1F77229B: The snapshot info is null. Setting the last applied indexto:(t:0, i:~)
2019-09-25 05:52:31,218 [pool-47-thread-1] INFO  server.RaftServerConfigKeys (ConfUtils.java:logGet(43)) - raft.server.notification.no-leader.timeout = 120s (custom)
2019-09-25 05:52:31,218 [pool-47-thread-1] INFO  server.RaftServerConfigKeys (ConfUtils.java:logGet(43)) - raft.server.log.use.memory = false (default)
2019-09-25 05:52:31,218 [pool-47-thread-1] INFO  server.RaftServerConfigKeys (ConfUtils.java:logGet(43)) - raft.server.log.purge.gap = 1000000 (custom)
2019-09-25 05:52:31,218 [pool-47-thread-1] INFO  server.RaftServerConfigKeys (ConfUtils.java:logGet(43)) - raft.server.log.appender.buffer.byte-limit = 33554432 (custom)
2019-09-25 05:52:31,218 [pool-47-thread-1] INFO  server.RaftServerConfigKeys (ConfUtils.java:logGet(43)) - raft.server.log.segment.size.max = 1048576 (custom)
2019-09-25 05:52:31,218 [pool-47-thread-1] INFO  server.RaftServerConfigKeys (ConfUtils.java:logGet(43)) - raft.server.log.segment.cache.num.max = 2 (custom)
2019-09-25 05:52:31,218 [pool-47-thread-1] INFO  segmented.SegmentedRaftLogWorker (SegmentedRaftLogWorker.java:<init>(172)) - new 754f3588-47e6-41ad-b34e-eb7041cce070@group-71DC1F77229B-SegmentedRaftLogWorker for RaftStorage:Storage Directory /workdir/hadoop-ozone/integration-test/target/test-dir/MiniOzoneClusterImpl-5fae48a0-8517-4c16-9d39-4001697b8772/datanode-2/data/ratis/4c1f78a4-ac5a-4905-99b9-71dc1f77229b
2019-09-25 05:52:31,219 [pool-47-thread-1] INFO  server.RaftServerConfigKeys (ConfUtils.java:logGet(43)) - raft.server.log.queue.byte-limit = 2147483647 (custom)
2019-09-25 05:52:31,219 [pool-47-thread-1] INFO  server.RaftServerConfigKeys (ConfUtils.java:logGet(43)) - raft.server.log.queue.element-limit = 1024 (custom)
2019-09-25 05:52:31,219 [pool-47-thread-1] INFO  server.RaftServerConfigKeys (ConfUtils.java:logGet(43)) - raft.server.log.segment.size.max = 1048576 (custom)
2019-09-25 05:52:31,219 [pool-47-thread-1] INFO  server.RaftServerConfigKeys (ConfUtils.java:logGet(43)) - raft.server.log.preallocated.size = 16384 (custom)
2019-09-25 05:52:31,219 [pool-47-thread-1] INFO  server.RaftServerConfigKeys (ConfUtils.java:logGet(43)) - raft.server.log.write.buffer.size = 33554432 (custom)
2019-09-25 05:52:31,219 [pool-47-thread-1] INFO  server.RaftServerConfigKeys (ConfUtils.java:logGet(43)) - raft.server.log.force.sync.num = 128 (default)
2019-09-25 05:52:31,220 [pool-47-thread-1] INFO  server.RaftServerConfigKeys (ConfUtils.java:logGet(43)) - raft.server.log.statemachine.data.sync = true (default)
2019-09-25 05:52:31,220 [pool-47-thread-1] INFO  server.RaftServerConfigKeys (ConfUtils.java:logGet(43)) - raft.server.log.statemachine.data.sync.timeout = 10s (default)
2019-09-25 05:52:31,220 [pool-47-thread-1] INFO  server.RaftServerConfigKeys (ConfUtils.java:logGet(43)) - raft.server.log.statemachine.data.sync.timeout.retry = -1 (default)
2019-09-25 05:52:31,220 [pool-47-thread-1] INFO  server.RaftServerConfigKeys (ConfUtils.java:logGet(43)) - raft.server.log.statemachine.data.caching.enabled = true (custom)
2019-09-25 05:52:31,220 [pool-47-thread-1] INFO  segmented.SegmentedRaftLogWorker (SegmentedRaftLogWorker.java:lambda$new$0(132)) - 754f3588-47e6-41ad-b34e-eb7041cce070@group-71DC1F77229B-SegmentedRaftLogWorker: flushIndex: setUnconditionally 0 -> -1
2019-09-25 05:52:31,221 [pool-47-thread-1] INFO  server.RaftServerConfigKeys (ConfUtils.java:logGet(43)) - raft.server.snapshot.auto.trigger.enabled = true (custom)
2019-09-25 05:52:31,221 [pool-47-thread-1] INFO  server.RaftServerConfigKeys (ConfUtils.java:logGet(43)) - raft.server.snapshot.auto.trigger.threshold = 10000 (custom)
2019-09-25 05:52:31,221 [pool-47-thread-1] INFO  server.RaftServerConfigKeys (ConfUtils.java:logGet(43)) - raft.server.snapshot.retention.num.files = 5 (custom)
2019-09-25 05:52:31,221 [pool-47-thread-1] INFO  server.RaftServerConfigKeys (ConfUtils.java:logGet(43)) - raft.server.retrycache.expirytime = 600000ms (custom)
2019-09-25 05:52:31,224 [pool-47-thread-1] INFO  impl.RaftServerImpl (RaftServerImpl.java:start(185)) - 754f3588-47e6-41ad-b34e-eb7041cce070@group-71DC1F77229B: start as a follower, conf=-1: [754f3588-47e6-41ad-b34e-eb7041cce070:192.168.30.10:41089], old=null
2019-09-25 05:52:31,224 [pool-47-thread-1] INFO  impl.RaftServerImpl (RaftServerImpl.java:setRole(174)) - 754f3588-47e6-41ad-b34e-eb7041cce070@group-71DC1F77229B: changes role from      null to FOLLOWER at term 0 for startAsFollower
2019-09-25 05:52:31,224 [pool-47-thread-1] INFO  impl.RoleInfo (RoleInfo.java:updateAndGet(143)) - 754f3588-47e6-41ad-b34e-eb7041cce070: start FollowerState
2019-09-25 05:52:31,224 [pool-47-thread-1] INFO  util.JmxRegister (JmxRegister.java:tryRegister(44)) - Successfully registered JMX Bean with object name Ratis:service=RaftServer,group=group-71DC1F77229B,id=754f3588-47e6-41ad-b34e-eb7041cce070
2019-09-25 05:52:31,227 [RatisPipelineUtilsThread] INFO  pipeline.PipelineStateManager (PipelineStateManager.java:addPipeline(56)) - Created pipeline Pipeline[ Id: 4c1f78a4-ac5a-4905-99b9-71dc1f77229b, Nodes: 754f3588-47e6-41ad-b34e-eb7041cce070{ip: 192.168.30.10, host: pr-hdds-1569-s62bp-3040748787, networkLocation: /default-rack, certSerialId: null}, Type:RATIS, Factor:ONE, State:OPEN]
2019-09-25 05:52:31,233 [grpc-default-executor-0] INFO  impl.RaftServerProxy (RaftServerProxy.java:addNew(89)) - 5be219b2-97fd-4a8c-91ea-b15aa89454d4: addNew group-0B6C19AFD170:[5be219b2-97fd-4a8c-91ea-b15aa89454d4:192.168.30.10:40625] returns group-0B6C19AFD170:java.util.concurrent.CompletableFuture@662ed759[Not completed]
2019-09-25 05:52:31,233 [pool-37-thread-1] INFO  impl.RaftServerImpl (RaftServerImpl.java:<init>(95)) - 5be219b2-97fd-4a8c-91ea-b15aa89454d4: new RaftServerImpl for group-0B6C19AFD170:[5be219b2-97fd-4a8c-91ea-b15aa89454d4:192.168.30.10:40625] with ContainerStateMachine:uninitialized
2019-09-25 05:52:31,234 [pool-37-thread-1] INFO  server.RaftServerConfigKeys (ConfUtils.java:logGet(43)) - raft.server.rpc.timeout.min = 5s (custom)
2019-09-25 05:52:31,234 [pool-37-thread-1] INFO  server.RaftServerConfigKeys (ConfUtils.java:logGet(43)) - raft.server.rpc.timeout.max = 5200ms (custom)
2019-09-25 05:52:31,234 [pool-37-thread-1] INFO  server.RaftServerConfigKeys (ConfUtils.java:logGet(43)) - raft.server.rpcslowness.timeout = 120s (custom)
2019-09-25 05:52:31,234 [pool-37-thread-1] INFO  server.RaftServerConfigKeys (ConfUtils.java:logGet(43)) - raft.server.sleep.deviation.threshold = 300 (default)
2019-09-25 05:52:31,234 [pool-37-thread-1] INFO  server.RaftServerConfigKeys (ConfUtils.java:logGet(43)) - raft.server.log.appender.install.snapshot.enabled = false (custom)
2019-09-25 05:52:31,234 [pool-37-thread-1] INFO  impl.RaftServerImpl (ServerState.java:<init>(103)) - 5be219b2-97fd-4a8c-91ea-b15aa89454d4@group-0B6C19AFD170: ConfigurationManager, init=-1: [5be219b2-97fd-4a8c-91ea-b15aa89454d4:192.168.30.10:40625], old=null, confs=<EMPTY_MAP>
2019-09-25 05:52:31,234 [pool-37-thread-1] INFO  server.RaftServerConfigKeys (ConfUtils.java:logGet(43)) - raft.server.storage.dir = [/workdir/hadoop-ozone/integration-test/target/test-dir/MiniOzoneClusterImpl-5fae48a0-8517-4c16-9d39-4001697b8772/datanode-1/data/ratis] (custom)
2019-09-25 05:52:31,234 [pool-37-thread-1] INFO  storage.RaftStorageDirectory (RaftStorageDirectory.java:analyzeStorage(246)) - The storage directory /workdir/hadoop-ozone/integration-test/target/test-dir/MiniOzoneClusterImpl-5fae48a0-8517-4c16-9d39-4001697b8772/datanode-1/data/ratis/2f51ad27-3f4e-4a41-8520-0b6c19afd170 does not exist. Creating ...
2019-09-25 05:52:31,248 [pool-37-thread-1] INFO  storage.RaftStorageDirectory (RaftStorageDirectory.java:tryLock(328)) - Lock on /workdir/hadoop-ozone/integration-test/target/test-dir/MiniOzoneClusterImpl-5fae48a0-8517-4c16-9d39-4001697b8772/datanode-1/data/ratis/2f51ad27-3f4e-4a41-8520-0b6c19afd170/in_use.lock acquired by nodename 25594@pr-hdds-1569-s62bp-3040748787
2019-09-25 05:52:31,261 [pool-37-thread-1] INFO  storage.RaftStorage (RaftStorage.java:format(72)) - Storage directory /workdir/hadoop-ozone/integration-test/target/test-dir/MiniOzoneClusterImpl-5fae48a0-8517-4c16-9d39-4001697b8772/datanode-1/data/ratis/2f51ad27-3f4e-4a41-8520-0b6c19afd170 has been successfully formatted.
2019-09-25 05:52:31,262 [pool-37-thread-1] INFO  ratis.ContainerStateMachine (ContainerStateMachine.java:loadSnapshot(230)) - group-0B6C19AFD170: The snapshot info is null. Setting the last applied indexto:(t:0, i:~)
2019-09-25 05:52:31,262 [pool-37-thread-1] INFO  server.RaftServerConfigKeys (ConfUtils.java:logGet(43)) - raft.server.notification.no-leader.timeout = 120s (custom)
2019-09-25 05:52:31,262 [pool-37-thread-1] INFO  server.RaftServerConfigKeys (ConfUtils.java:logGet(43)) - raft.server.log.use.memory = false (default)
2019-09-25 05:52:31,262 [pool-37-thread-1] INFO  server.RaftServerConfigKeys (ConfUtils.java:logGet(43)) - raft.server.log.purge.gap = 1000000 (custom)
2019-09-25 05:52:31,262 [pool-37-thread-1] INFO  server.RaftServerConfigKeys (ConfUtils.java:logGet(43)) - raft.server.log.appender.buffer.byte-limit = 33554432 (custom)
2019-09-25 05:52:31,262 [pool-37-thread-1] INFO  server.RaftServerConfigKeys (ConfUtils.java:logGet(43)) - raft.server.log.segment.size.max = 1048576 (custom)
2019-09-25 05:52:31,262 [pool-37-thread-1] INFO  server.RaftServerConfigKeys (ConfUtils.java:logGet(43)) - raft.server.log.segment.cache.num.max = 2 (custom)
2019-09-25 05:52:31,262 [pool-37-thread-1] INFO  segmented.SegmentedRaftLogWorker (SegmentedRaftLogWorker.java:<init>(172)) - new 5be219b2-97fd-4a8c-91ea-b15aa89454d4@group-0B6C19AFD170-SegmentedRaftLogWorker for RaftStorage:Storage Directory /workdir/hadoop-ozone/integration-test/target/test-dir/MiniOzoneClusterImpl-5fae48a0-8517-4c16-9d39-4001697b8772/datanode-1/data/ratis/2f51ad27-3f4e-4a41-8520-0b6c19afd170
2019-09-25 05:52:31,262 [pool-37-thread-1] INFO  server.RaftServerConfigKeys (ConfUtils.java:logGet(43)) - raft.server.log.queue.byte-limit = 2147483647 (custom)
2019-09-25 05:52:31,262 [pool-37-thread-1] INFO  server.RaftServerConfigKeys (ConfUtils.java:logGet(43)) - raft.server.log.queue.element-limit = 1024 (custom)
2019-09-25 05:52:31,262 [pool-37-thread-1] INFO  server.RaftServerConfigKeys (ConfUtils.java:logGet(43)) - raft.server.log.segment.size.max = 1048576 (custom)
2019-09-25 05:52:31,262 [pool-37-thread-1] INFO  server.RaftServerConfigKeys (ConfUtils.java:logGet(43)) - raft.server.log.preallocated.size = 16384 (custom)
2019-09-25 05:52:31,262 [pool-37-thread-1] INFO  server.RaftServerConfigKeys (ConfUtils.java:logGet(43)) - raft.server.log.write.buffer.size = 33554432 (custom)
2019-09-25 05:52:31,263 [pool-37-thread-1] INFO  server.RaftServerConfigKeys (ConfUtils.java:logGet(43)) - raft.server.log.force.sync.num = 128 (default)
2019-09-25 05:52:31,263 [pool-37-thread-1] INFO  server.RaftServerConfigKeys (ConfUtils.java:logGet(43)) - raft.server.log.statemachine.data.sync = true (default)
2019-09-25 05:52:31,263 [pool-37-thread-1] INFO  server.RaftServerConfigKeys (ConfUtils.java:logGet(43)) - raft.server.log.statemachine.data.sync.timeout = 10s (default)
2019-09-25 05:52:31,263 [pool-37-thread-1] INFO  server.RaftServerConfigKeys (ConfUtils.java:logGet(43)) - raft.server.log.statemachine.data.sync.timeout.retry = -1 (default)
2019-09-25 05:52:31,263 [pool-37-thread-1] INFO  server.RaftServerConfigKeys (ConfUtils.java:logGet(43)) - raft.server.log.statemachine.data.caching.enabled = true (custom)
2019-09-25 05:52:31,263 [pool-37-thread-1] INFO  segmented.SegmentedRaftLogWorker (SegmentedRaftLogWorker.java:lambda$new$0(132)) - 5be219b2-97fd-4a8c-91ea-b15aa89454d4@group-0B6C19AFD170-SegmentedRaftLogWorker: flushIndex: setUnconditionally 0 -> -1
2019-09-25 05:52:31,263 [pool-37-thread-1] INFO  server.RaftServerConfigKeys (ConfUtils.java:logGet(43)) - raft.server.snapshot.auto.trigger.enabled = true (custom)
2019-09-25 05:52:31,263 [pool-37-thread-1] INFO  server.RaftServerConfigKeys (ConfUtils.java:logGet(43)) - raft.server.snapshot.auto.trigger.threshold = 10000 (custom)
2019-09-25 05:52:31,264 [pool-37-thread-1] INFO  server.RaftServerConfigKeys (ConfUtils.java:logGet(43)) - raft.server.snapshot.retention.num.files = 5 (custom)
2019-09-25 05:52:31,264 [pool-37-thread-1] INFO  server.RaftServerConfigKeys (ConfUtils.java:logGet(43)) - raft.server.retrycache.expirytime = 600000ms (custom)
2019-09-25 05:52:31,265 [pool-37-thread-1] INFO  impl.RaftServerImpl (RaftServerImpl.java:start(185)) - 5be219b2-97fd-4a8c-91ea-b15aa89454d4@group-0B6C19AFD170: start as a follower, conf=-1: [5be219b2-97fd-4a8c-91ea-b15aa89454d4:192.168.30.10:40625], old=null
2019-09-25 05:52:31,265 [pool-37-thread-1] INFO  impl.RaftServerImpl (RaftServerImpl.java:setRole(174)) - 5be219b2-97fd-4a8c-91ea-b15aa89454d4@group-0B6C19AFD170: changes role from      null to FOLLOWER at term 0 for startAsFollower
2019-09-25 05:52:31,265 [pool-37-thread-1] INFO  impl.RoleInfo (RoleInfo.java:updateAndGet(143)) - 5be219b2-97fd-4a8c-91ea-b15aa89454d4: start FollowerState
2019-09-25 05:52:31,266 [pool-37-thread-1] INFO  util.JmxRegister (JmxRegister.java:tryRegister(44)) - Successfully registered JMX Bean with object name Ratis:service=RaftServer,group=group-0B6C19AFD170,id=5be219b2-97fd-4a8c-91ea-b15aa89454d4
2019-09-25 05:52:31,268 [RatisPipelineUtilsThread] INFO  pipeline.PipelineStateManager (PipelineStateManager.java:addPipeline(56)) - Created pipeline Pipeline[ Id: 2f51ad27-3f4e-4a41-8520-0b6c19afd170, Nodes: 5be219b2-97fd-4a8c-91ea-b15aa89454d4{ip: 192.168.30.10, host: pr-hdds-1569-s62bp-3040748787, networkLocation: /default-rack, certSerialId: null}, Type:RATIS, Factor:ONE, State:OPEN]
2019-09-25 05:52:31,273 [grpc-default-executor-0] INFO  impl.RaftServerProxy (RaftServerProxy.java:addNew(89)) - 5be219b2-97fd-4a8c-91ea-b15aa89454d4: addNew group-43352AA4234F:[5be219b2-97fd-4a8c-91ea-b15aa89454d4:192.168.30.10:40625] returns group-43352AA4234F:java.util.concurrent.CompletableFuture@367de140[Not completed]
2019-09-25 05:52:31,274 [pool-37-thread-1] INFO  impl.RaftServerImpl (RaftServerImpl.java:<init>(95)) - 5be219b2-97fd-4a8c-91ea-b15aa89454d4: new RaftServerImpl for group-43352AA4234F:[5be219b2-97fd-4a8c-91ea-b15aa89454d4:192.168.30.10:40625] with ContainerStateMachine:uninitialized
2019-09-25 05:52:31,274 [pool-37-thread-1] INFO  server.RaftServerConfigKeys (ConfUtils.java:logGet(43)) - raft.server.rpc.timeout.min = 5s (custom)
2019-09-25 05:52:31,274 [pool-37-thread-1] INFO  server.RaftServerConfigKeys (ConfUtils.java:logGet(43)) - raft.server.rpc.timeout.max = 5200ms (custom)
2019-09-25 05:52:31,274 [pool-37-thread-1] INFO  server.RaftServerConfigKeys (ConfUtils.java:logGet(43)) - raft.server.rpcslowness.timeout = 120s (custom)
2019-09-25 05:52:31,274 [pool-37-thread-1] INFO  server.RaftServerConfigKeys (ConfUtils.java:logGet(43)) - raft.server.sleep.deviation.threshold = 300 (default)
2019-09-25 05:52:31,274 [pool-37-thread-1] INFO  server.RaftServerConfigKeys (ConfUtils.java:logGet(43)) - raft.server.log.appender.install.snapshot.enabled = false (custom)
2019-09-25 05:52:31,274 [pool-37-thread-1] INFO  impl.RaftServerImpl (ServerState.java:<init>(103)) - 5be219b2-97fd-4a8c-91ea-b15aa89454d4@group-43352AA4234F: ConfigurationManager, init=-1: [5be219b2-97fd-4a8c-91ea-b15aa89454d4:192.168.30.10:40625], old=null, confs=<EMPTY_MAP>
2019-09-25 05:52:31,274 [pool-37-thread-1] INFO  server.RaftServerConfigKeys (ConfUtils.java:logGet(43)) - raft.server.storage.dir = [/workdir/hadoop-ozone/integration-test/target/test-dir/MiniOzoneClusterImpl-5fae48a0-8517-4c16-9d39-4001697b8772/datanode-1/data/ratis] (custom)
2019-09-25 05:52:31,274 [pool-37-thread-1] INFO  storage.RaftStorageDirectory (RaftStorageDirectory.java:analyzeStorage(246)) - The storage directory /workdir/hadoop-ozone/integration-test/target/test-dir/MiniOzoneClusterImpl-5fae48a0-8517-4c16-9d39-4001697b8772/datanode-1/data/ratis/198ba52c-1cbb-4ac2-9b2f-43352aa4234f does not exist. Creating ...
2019-09-25 05:52:31,286 [pool-37-thread-1] INFO  storage.RaftStorageDirectory (RaftStorageDirectory.java:tryLock(328)) - Lock on /workdir/hadoop-ozone/integration-test/target/test-dir/MiniOzoneClusterImpl-5fae48a0-8517-4c16-9d39-4001697b8772/datanode-1/data/ratis/198ba52c-1cbb-4ac2-9b2f-43352aa4234f/in_use.lock acquired by nodename 25594@pr-hdds-1569-s62bp-3040748787
2019-09-25 05:52:31,299 [pool-37-thread-1] INFO  storage.RaftStorage (RaftStorage.java:format(72)) - Storage directory /workdir/hadoop-ozone/integration-test/target/test-dir/MiniOzoneClusterImpl-5fae48a0-8517-4c16-9d39-4001697b8772/datanode-1/data/ratis/198ba52c-1cbb-4ac2-9b2f-43352aa4234f has been successfully formatted.
2019-09-25 05:52:31,299 [pool-37-thread-1] INFO  ratis.ContainerStateMachine (ContainerStateMachine.java:loadSnapshot(230)) - group-43352AA4234F: The snapshot info is null. Setting the last applied indexto:(t:0, i:~)
2019-09-25 05:52:31,299 [pool-37-thread-1] INFO  server.RaftServerConfigKeys (ConfUtils.java:logGet(43)) - raft.server.notification.no-leader.timeout = 120s (custom)
2019-09-25 05:52:31,299 [pool-37-thread-1] INFO  server.RaftServerConfigKeys (ConfUtils.java:logGet(43)) - raft.server.log.use.memory = false (default)
2019-09-25 05:52:31,299 [pool-37-thread-1] INFO  server.RaftServerConfigKeys (ConfUtils.java:logGet(43)) - raft.server.log.purge.gap = 1000000 (custom)
2019-09-25 05:52:31,299 [pool-37-thread-1] INFO  server.RaftServerConfigKeys (ConfUtils.java:logGet(43)) - raft.server.log.appender.buffer.byte-limit = 33554432 (custom)
2019-09-25 05:52:31,300 [pool-37-thread-1] INFO  server.RaftServerConfigKeys (ConfUtils.java:logGet(43)) - raft.server.log.segment.size.max = 1048576 (custom)
2019-09-25 05:52:31,300 [pool-37-thread-1] INFO  server.RaftServerConfigKeys (ConfUtils.java:logGet(43)) - raft.server.log.segment.cache.num.max = 2 (custom)
2019-09-25 05:52:31,300 [pool-37-thread-1] INFO  segmented.SegmentedRaftLogWorker (SegmentedRaftLogWorker.java:<init>(172)) - new 5be219b2-97fd-4a8c-91ea-b15aa89454d4@group-43352AA4234F-SegmentedRaftLogWorker for RaftStorage:Storage Directory /workdir/hadoop-ozone/integration-test/target/test-dir/MiniOzoneClusterImpl-5fae48a0-8517-4c16-9d39-4001697b8772/datanode-1/data/ratis/198ba52c-1cbb-4ac2-9b2f-43352aa4234f
2019-09-25 05:52:31,300 [pool-37-thread-1] INFO  server.RaftServerConfigKeys (ConfUtils.java:logGet(43)) - raft.server.log.queue.byte-limit = 2147483647 (custom)
2019-09-25 05:52:31,300 [pool-37-thread-1] INFO  server.RaftServerConfigKeys (ConfUtils.java:logGet(43)) - raft.server.log.queue.element-limit = 1024 (custom)
2019-09-25 05:52:31,300 [pool-37-thread-1] INFO  server.RaftServerConfigKeys (ConfUtils.java:logGet(43)) - raft.server.log.segment.size.max = 1048576 (custom)
2019-09-25 05:52:31,300 [pool-37-thread-1] INFO  server.RaftServerConfigKeys (ConfUtils.java:logGet(43)) - raft.server.log.preallocated.size = 16384 (custom)
2019-09-25 05:52:31,300 [pool-37-thread-1] INFO  server.RaftServerConfigKeys (ConfUtils.java:logGet(43)) - raft.server.log.write.buffer.size = 33554432 (custom)
2019-09-25 05:52:31,300 [pool-37-thread-1] INFO  server.RaftServerConfigKeys (ConfUtils.java:logGet(43)) - raft.server.log.force.sync.num = 128 (default)
2019-09-25 05:52:31,300 [pool-37-thread-1] INFO  server.RaftServerConfigKeys (ConfUtils.java:logGet(43)) - raft.server.log.statemachine.data.sync = true (default)
2019-09-25 05:52:31,300 [pool-37-thread-1] INFO  server.RaftServerConfigKeys (ConfUtils.java:logGet(43)) - raft.server.log.statemachine.data.sync.timeout = 10s (default)
2019-09-25 05:52:31,300 [pool-37-thread-1] INFO  server.RaftServerConfigKeys (ConfUtils.java:logGet(43)) - raft.server.log.statemachine.data.sync.timeout.retry = -1 (default)
2019-09-25 05:52:31,301 [pool-37-thread-1] INFO  server.RaftServerConfigKeys (ConfUtils.java:logGet(43)) - raft.server.log.statemachine.data.caching.enabled = true (custom)
2019-09-25 05:52:31,301 [pool-37-thread-1] INFO  segmented.SegmentedRaftLogWorker (SegmentedRaftLogWorker.java:lambda$new$0(132)) - 5be219b2-97fd-4a8c-91ea-b15aa89454d4@group-43352AA4234F-SegmentedRaftLogWorker: flushIndex: setUnconditionally 0 -> -1
2019-09-25 05:52:31,301 [pool-37-thread-1] INFO  server.RaftServerConfigKeys (ConfUtils.java:logGet(43)) - raft.server.snapshot.auto.trigger.enabled = true (custom)
2019-09-25 05:52:31,301 [pool-37-thread-1] INFO  server.RaftServerConfigKeys (ConfUtils.java:logGet(43)) - raft.server.snapshot.auto.trigger.threshold = 10000 (custom)
2019-09-25 05:52:31,301 [pool-37-thread-1] INFO  server.RaftServerConfigKeys (ConfUtils.java:logGet(43)) - raft.server.snapshot.retention.num.files = 5 (custom)
2019-09-25 05:52:31,301 [pool-37-thread-1] INFO  server.RaftServerConfigKeys (ConfUtils.java:logGet(43)) - raft.server.retrycache.expirytime = 600000ms (custom)
2019-09-25 05:52:31,303 [pool-37-thread-1] INFO  impl.RaftServerImpl (RaftServerImpl.java:start(185)) - 5be219b2-97fd-4a8c-91ea-b15aa89454d4@group-43352AA4234F: start as a follower, conf=-1: [5be219b2-97fd-4a8c-91ea-b15aa89454d4:192.168.30.10:40625], old=null
2019-09-25 05:52:31,303 [pool-37-thread-1] INFO  impl.RaftServerImpl (RaftServerImpl.java:setRole(174)) - 5be219b2-97fd-4a8c-91ea-b15aa89454d4@group-43352AA4234F: changes role from      null to FOLLOWER at term 0 for startAsFollower
2019-09-25 05:52:31,303 [pool-37-thread-1] INFO  impl.RoleInfo (RoleInfo.java:updateAndGet(143)) - 5be219b2-97fd-4a8c-91ea-b15aa89454d4: start FollowerState
2019-09-25 05:52:31,303 [pool-37-thread-1] INFO  util.JmxRegister (JmxRegister.java:tryRegister(44)) - Successfully registered JMX Bean with object name Ratis:service=RaftServer,group=group-43352AA4234F,id=5be219b2-97fd-4a8c-91ea-b15aa89454d4
2019-09-25 05:52:31,306 [RatisPipelineUtilsThread] INFO  pipeline.PipelineStateManager (PipelineStateManager.java:addPipeline(56)) - Created pipeline Pipeline[ Id: 198ba52c-1cbb-4ac2-9b2f-43352aa4234f, Nodes: 5be219b2-97fd-4a8c-91ea-b15aa89454d4{ip: 192.168.30.10, host: pr-hdds-1569-s62bp-3040748787, networkLocation: /default-rack, certSerialId: null}, Type:RATIS, Factor:ONE, State:OPEN]
2019-09-25 05:52:31,310 [grpc-default-executor-0] INFO  impl.RaftServerProxy (RaftServerProxy.java:addNew(89)) - 0bbc1277-be6f-4bf3-88cf-1c3b12e139ad: addNew group-82B8C547FB12:[0bbc1277-be6f-4bf3-88cf-1c3b12e139ad:192.168.30.10:46701] returns group-82B8C547FB12:java.util.concurrent.CompletableFuture@7a7ba9e3[Not completed]
2019-09-25 05:52:31,311 [pool-27-thread-1] INFO  impl.RaftServerImpl (RaftServerImpl.java:<init>(95)) - 0bbc1277-be6f-4bf3-88cf-1c3b12e139ad: new RaftServerImpl for group-82B8C547FB12:[0bbc1277-be6f-4bf3-88cf-1c3b12e139ad:192.168.30.10:46701] with ContainerStateMachine:uninitialized
2019-09-25 05:52:31,311 [pool-27-thread-1] INFO  server.RaftServerConfigKeys (ConfUtils.java:logGet(43)) - raft.server.rpc.timeout.min = 5s (custom)
2019-09-25 05:52:31,311 [pool-27-thread-1] INFO  server.RaftServerConfigKeys (ConfUtils.java:logGet(43)) - raft.server.rpc.timeout.max = 5200ms (custom)
2019-09-25 05:52:31,311 [pool-27-thread-1] INFO  server.RaftServerConfigKeys (ConfUtils.java:logGet(43)) - raft.server.rpcslowness.timeout = 120s (custom)
2019-09-25 05:52:31,311 [pool-27-thread-1] INFO  server.RaftServerConfigKeys (ConfUtils.java:logGet(43)) - raft.server.sleep.deviation.threshold = 300 (default)
2019-09-25 05:52:31,311 [pool-27-thread-1] INFO  server.RaftServerConfigKeys (ConfUtils.java:logGet(43)) - raft.server.log.appender.install.snapshot.enabled = false (custom)
2019-09-25 05:52:31,311 [pool-27-thread-1] INFO  impl.RaftServerImpl (ServerState.java:<init>(103)) - 0bbc1277-be6f-4bf3-88cf-1c3b12e139ad@group-82B8C547FB12: ConfigurationManager, init=-1: [0bbc1277-be6f-4bf3-88cf-1c3b12e139ad:192.168.30.10:46701], old=null, confs=<EMPTY_MAP>
2019-09-25 05:52:31,311 [pool-27-thread-1] INFO  server.RaftServerConfigKeys (ConfUtils.java:logGet(43)) - raft.server.storage.dir = [/workdir/hadoop-ozone/integration-test/target/test-dir/MiniOzoneClusterImpl-5fae48a0-8517-4c16-9d39-4001697b8772/datanode-0/data/ratis] (custom)
2019-09-25 05:52:31,312 [pool-27-thread-1] INFO  storage.RaftStorageDirectory (RaftStorageDirectory.java:analyzeStorage(246)) - The storage directory /workdir/hadoop-ozone/integration-test/target/test-dir/MiniOzoneClusterImpl-5fae48a0-8517-4c16-9d39-4001697b8772/datanode-0/data/ratis/b915cff5-38af-467f-a3e8-82b8c547fb12 does not exist. Creating ...
2019-09-25 05:52:31,339 [pool-27-thread-1] INFO  storage.RaftStorageDirectory (RaftStorageDirectory.java:tryLock(328)) - Lock on /workdir/hadoop-ozone/integration-test/target/test-dir/MiniOzoneClusterImpl-5fae48a0-8517-4c16-9d39-4001697b8772/datanode-0/data/ratis/b915cff5-38af-467f-a3e8-82b8c547fb12/in_use.lock acquired by nodename 25594@pr-hdds-1569-s62bp-3040748787
2019-09-25 05:52:31,370 [pool-27-thread-1] INFO  storage.RaftStorage (RaftStorage.java:format(72)) - Storage directory /workdir/hadoop-ozone/integration-test/target/test-dir/MiniOzoneClusterImpl-5fae48a0-8517-4c16-9d39-4001697b8772/datanode-0/data/ratis/b915cff5-38af-467f-a3e8-82b8c547fb12 has been successfully formatted.
2019-09-25 05:52:31,370 [pool-27-thread-1] INFO  ratis.ContainerStateMachine (ContainerStateMachine.java:loadSnapshot(230)) - group-82B8C547FB12: The snapshot info is null. Setting the last applied indexto:(t:0, i:~)
2019-09-25 05:52:31,370 [pool-27-thread-1] INFO  server.RaftServerConfigKeys (ConfUtils.java:logGet(43)) - raft.server.notification.no-leader.timeout = 120s (custom)
2019-09-25 05:52:31,370 [pool-27-thread-1] INFO  server.RaftServerConfigKeys (ConfUtils.java:logGet(43)) - raft.server.log.use.memory = false (default)
2019-09-25 05:52:31,371 [pool-27-thread-1] INFO  server.RaftServerConfigKeys (ConfUtils.java:logGet(43)) - raft.server.log.purge.gap = 1000000 (custom)
2019-09-25 05:52:31,371 [pool-27-thread-1] INFO  server.RaftServerConfigKeys (ConfUtils.java:logGet(43)) - raft.server.log.appender.buffer.byte-limit = 33554432 (custom)
2019-09-25 05:52:31,371 [pool-27-thread-1] INFO  server.RaftServerConfigKeys (ConfUtils.java:logGet(43)) - raft.server.log.segment.size.max = 1048576 (custom)
2019-09-25 05:52:31,371 [pool-27-thread-1] INFO  server.RaftServerConfigKeys (ConfUtils.java:logGet(43)) - raft.server.log.segment.cache.num.max = 2 (custom)
2019-09-25 05:52:31,371 [pool-27-thread-1] INFO  segmented.SegmentedRaftLogWorker (SegmentedRaftLogWorker.java:<init>(172)) - new 0bbc1277-be6f-4bf3-88cf-1c3b12e139ad@group-82B8C547FB12-SegmentedRaftLogWorker for RaftStorage:Storage Directory /workdir/hadoop-ozone/integration-test/target/test-dir/MiniOzoneClusterImpl-5fae48a0-8517-4c16-9d39-4001697b8772/datanode-0/data/ratis/b915cff5-38af-467f-a3e8-82b8c547fb12
2019-09-25 05:52:31,371 [pool-27-thread-1] INFO  server.RaftServerConfigKeys (ConfUtils.java:logGet(43)) - raft.server.log.queue.byte-limit = 2147483647 (custom)
2019-09-25 05:52:31,371 [pool-27-thread-1] INFO  server.RaftServerConfigKeys (ConfUtils.java:logGet(43)) - raft.server.log.queue.element-limit = 1024 (custom)
2019-09-25 05:52:31,371 [pool-27-thread-1] INFO  server.RaftServerConfigKeys (ConfUtils.java:logGet(43)) - raft.server.log.segment.size.max = 1048576 (custom)
2019-09-25 05:52:31,371 [pool-27-thread-1] INFO  server.RaftServerConfigKeys (ConfUtils.java:logGet(43)) - raft.server.log.preallocated.size = 16384 (custom)
2019-09-25 05:52:31,372 [pool-27-thread-1] INFO  server.RaftServerConfigKeys (ConfUtils.java:logGet(43)) - raft.server.log.write.buffer.size = 33554432 (custom)
2019-09-25 05:52:31,372 [pool-27-thread-1] INFO  server.RaftServerConfigKeys (ConfUtils.java:logGet(43)) - raft.server.log.force.sync.num = 128 (default)
2019-09-25 05:52:31,372 [pool-27-thread-1] INFO  server.RaftServerConfigKeys (ConfUtils.java:logGet(43)) - raft.server.log.statemachine.data.sync = true (default)
2019-09-25 05:52:31,372 [pool-27-thread-1] INFO  server.RaftServerConfigKeys (ConfUtils.java:logGet(43)) - raft.server.log.statemachine.data.sync.timeout = 10s (default)
2019-09-25 05:52:31,372 [pool-27-thread-1] INFO  server.RaftServerConfigKeys (ConfUtils.java:logGet(43)) - raft.server.log.statemachine.data.sync.timeout.retry = -1 (default)
2019-09-25 05:52:31,372 [pool-27-thread-1] INFO  server.RaftServerConfigKeys (ConfUtils.java:logGet(43)) - raft.server.log.statemachine.data.caching.enabled = true (custom)
2019-09-25 05:52:31,373 [pool-27-thread-1] INFO  segmented.SegmentedRaftLogWorker (SegmentedRaftLogWorker.java:lambda$new$0(132)) - 0bbc1277-be6f-4bf3-88cf-1c3b12e139ad@group-82B8C547FB12-SegmentedRaftLogWorker: flushIndex: setUnconditionally 0 -> -1
2019-09-25 05:52:31,373 [pool-27-thread-1] INFO  server.RaftServerConfigKeys (ConfUtils.java:logGet(43)) - raft.server.snapshot.auto.trigger.enabled = true (custom)
2019-09-25 05:52:31,373 [pool-27-thread-1] INFO  server.RaftServerConfigKeys (ConfUtils.java:logGet(43)) - raft.server.snapshot.auto.trigger.threshold = 10000 (custom)
2019-09-25 05:52:31,373 [pool-27-thread-1] INFO  server.RaftServerConfigKeys (ConfUtils.java:logGet(43)) - raft.server.snapshot.retention.num.files = 5 (custom)
2019-09-25 05:52:31,373 [pool-27-thread-1] INFO  server.RaftServerConfigKeys (ConfUtils.java:logGet(43)) - raft.server.retrycache.expirytime = 600000ms (custom)
2019-09-25 05:52:31,375 [pool-27-thread-1] INFO  impl.RaftServerImpl (RaftServerImpl.java:start(185)) - 0bbc1277-be6f-4bf3-88cf-1c3b12e139ad@group-82B8C547FB12: start as a follower, conf=-1: [0bbc1277-be6f-4bf3-88cf-1c3b12e139ad:192.168.30.10:46701], old=null
2019-09-25 05:52:31,375 [pool-27-thread-1] INFO  impl.RaftServerImpl (RaftServerImpl.java:setRole(174)) - 0bbc1277-be6f-4bf3-88cf-1c3b12e139ad@group-82B8C547FB12: changes role from      null to FOLLOWER at term 0 for startAsFollower
2019-09-25 05:52:31,375 [pool-27-thread-1] INFO  impl.RoleInfo (RoleInfo.java:updateAndGet(143)) - 0bbc1277-be6f-4bf3-88cf-1c3b12e139ad: start FollowerState
2019-09-25 05:52:31,376 [pool-27-thread-1] INFO  util.JmxRegister (JmxRegister.java:tryRegister(44)) - Successfully registered JMX Bean with object name Ratis:service=RaftServer,group=group-82B8C547FB12,id=0bbc1277-be6f-4bf3-88cf-1c3b12e139ad
2019-09-25 05:52:31,379 [RatisPipelineUtilsThread] INFO  pipeline.PipelineStateManager (PipelineStateManager.java:addPipeline(56)) - Created pipeline Pipeline[ Id: b915cff5-38af-467f-a3e8-82b8c547fb12, Nodes: 0bbc1277-be6f-4bf3-88cf-1c3b12e139ad{ip: 192.168.30.10, host: pr-hdds-1569-s62bp-3040748787, networkLocation: /default-rack, certSerialId: null}, Type:RATIS, Factor:ONE, State:OPEN]
2019-09-25 05:52:31,384 [grpc-default-executor-0] INFO  impl.RaftServerProxy (RaftServerProxy.java:addNew(89)) - 0bbc1277-be6f-4bf3-88cf-1c3b12e139ad: addNew group-257556E8FEBB:[0bbc1277-be6f-4bf3-88cf-1c3b12e139ad:192.168.30.10:46701] returns group-257556E8FEBB:java.util.concurrent.CompletableFuture@3b826877[Not completed]
2019-09-25 05:52:31,385 [pool-27-thread-1] INFO  impl.RaftServerImpl (RaftServerImpl.java:<init>(95)) - 0bbc1277-be6f-4bf3-88cf-1c3b12e139ad: new RaftServerImpl for group-257556E8FEBB:[0bbc1277-be6f-4bf3-88cf-1c3b12e139ad:192.168.30.10:46701] with ContainerStateMachine:uninitialized
2019-09-25 05:52:31,385 [pool-27-thread-1] INFO  server.RaftServerConfigKeys (ConfUtils.java:logGet(43)) - raft.server.rpc.timeout.min = 5s (custom)
2019-09-25 05:52:31,385 [pool-27-thread-1] INFO  server.RaftServerConfigKeys (ConfUtils.java:logGet(43)) - raft.server.rpc.timeout.max = 5200ms (custom)
2019-09-25 05:52:31,386 [pool-27-thread-1] INFO  server.RaftServerConfigKeys (ConfUtils.java:logGet(43)) - raft.server.rpcslowness.timeout = 120s (custom)
2019-09-25 05:52:31,386 [pool-27-thread-1] INFO  server.RaftServerConfigKeys (ConfUtils.java:logGet(43)) - raft.server.sleep.deviation.threshold = 300 (default)
2019-09-25 05:52:31,386 [pool-27-thread-1] INFO  server.RaftServerConfigKeys (ConfUtils.java:logGet(43)) - raft.server.log.appender.install.snapshot.enabled = false (custom)
2019-09-25 05:52:31,386 [pool-27-thread-1] INFO  impl.RaftServerImpl (ServerState.java:<init>(103)) - 0bbc1277-be6f-4bf3-88cf-1c3b12e139ad@group-257556E8FEBB: ConfigurationManager, init=-1: [0bbc1277-be6f-4bf3-88cf-1c3b12e139ad:192.168.30.10:46701], old=null, confs=<EMPTY_MAP>
2019-09-25 05:52:31,386 [pool-27-thread-1] INFO  server.RaftServerConfigKeys (ConfUtils.java:logGet(43)) - raft.server.storage.dir = [/workdir/hadoop-ozone/integration-test/target/test-dir/MiniOzoneClusterImpl-5fae48a0-8517-4c16-9d39-4001697b8772/datanode-0/data/ratis] (custom)
2019-09-25 05:52:31,386 [pool-27-thread-1] INFO  storage.RaftStorageDirectory (RaftStorageDirectory.java:analyzeStorage(246)) - The storage directory /workdir/hadoop-ozone/integration-test/target/test-dir/MiniOzoneClusterImpl-5fae48a0-8517-4c16-9d39-4001697b8772/datanode-0/data/ratis/bec93f0c-13b8-43c8-a1bc-257556e8febb does not exist. Creating ...
2019-09-25 05:52:31,399 [pool-27-thread-1] INFO  storage.RaftStorageDirectory (RaftStorageDirectory.java:tryLock(328)) - Lock on /workdir/hadoop-ozone/integration-test/target/test-dir/MiniOzoneClusterImpl-5fae48a0-8517-4c16-9d39-4001697b8772/datanode-0/data/ratis/bec93f0c-13b8-43c8-a1bc-257556e8febb/in_use.lock acquired by nodename 25594@pr-hdds-1569-s62bp-3040748787
2019-09-25 05:52:31,413 [pool-27-thread-1] INFO  storage.RaftStorage (RaftStorage.java:format(72)) - Storage directory /workdir/hadoop-ozone/integration-test/target/test-dir/MiniOzoneClusterImpl-5fae48a0-8517-4c16-9d39-4001697b8772/datanode-0/data/ratis/bec93f0c-13b8-43c8-a1bc-257556e8febb has been successfully formatted.
2019-09-25 05:52:31,413 [pool-27-thread-1] INFO  ratis.ContainerStateMachine (ContainerStateMachine.java:loadSnapshot(230)) - group-257556E8FEBB: The snapshot info is null. Setting the last applied indexto:(t:0, i:~)
2019-09-25 05:52:31,413 [pool-27-thread-1] INFO  server.RaftServerConfigKeys (ConfUtils.java:logGet(43)) - raft.server.notification.no-leader.timeout = 120s (custom)
2019-09-25 05:52:31,413 [pool-27-thread-1] INFO  server.RaftServerConfigKeys (ConfUtils.java:logGet(43)) - raft.server.log.use.memory = false (default)
2019-09-25 05:52:31,414 [pool-27-thread-1] INFO  server.RaftServerConfigKeys (ConfUtils.java:logGet(43)) - raft.server.log.purge.gap = 1000000 (custom)
2019-09-25 05:52:31,414 [pool-27-thread-1] INFO  server.RaftServerConfigKeys (ConfUtils.java:logGet(43)) - raft.server.log.appender.buffer.byte-limit = 33554432 (custom)
2019-09-25 05:52:31,414 [pool-27-thread-1] INFO  server.RaftServerConfigKeys (ConfUtils.java:logGet(43)) - raft.server.log.segment.size.max = 1048576 (custom)
2019-09-25 05:52:31,414 [pool-27-thread-1] INFO  server.RaftServerConfigKeys (ConfUtils.java:logGet(43)) - raft.server.log.segment.cache.num.max = 2 (custom)
2019-09-25 05:52:31,414 [pool-27-thread-1] INFO  segmented.SegmentedRaftLogWorker (SegmentedRaftLogWorker.java:<init>(172)) - new 0bbc1277-be6f-4bf3-88cf-1c3b12e139ad@group-257556E8FEBB-SegmentedRaftLogWorker for RaftStorage:Storage Directory /workdir/hadoop-ozone/integration-test/target/test-dir/MiniOzoneClusterImpl-5fae48a0-8517-4c16-9d39-4001697b8772/datanode-0/data/ratis/bec93f0c-13b8-43c8-a1bc-257556e8febb
2019-09-25 05:52:31,415 [pool-27-thread-1] INFO  server.RaftServerConfigKeys (ConfUtils.java:logGet(43)) - raft.server.log.queue.byte-limit = 2147483647 (custom)
2019-09-25 05:52:31,415 [pool-27-thread-1] INFO  server.RaftServerConfigKeys (ConfUtils.java:logGet(43)) - raft.server.log.queue.element-limit = 1024 (custom)
2019-09-25 05:52:31,415 [pool-27-thread-1] INFO  server.RaftServerConfigKeys (ConfUtils.java:logGet(43)) - raft.server.log.segment.size.max = 1048576 (custom)
2019-09-25 05:52:31,415 [pool-27-thread-1] INFO  server.RaftServerConfigKeys (ConfUtils.java:logGet(43)) - raft.server.log.preallocated.size = 16384 (custom)
2019-09-25 05:52:31,415 [pool-27-thread-1] INFO  server.RaftServerConfigKeys (ConfUtils.java:logGet(43)) - raft.server.log.write.buffer.size = 33554432 (custom)
2019-09-25 05:52:31,415 [pool-27-thread-1] INFO  server.RaftServerConfigKeys (ConfUtils.java:logGet(43)) - raft.server.log.force.sync.num = 128 (default)
2019-09-25 05:52:31,416 [pool-27-thread-1] INFO  server.RaftServerConfigKeys (ConfUtils.java:logGet(43)) - raft.server.log.statemachine.data.sync = true (default)
2019-09-25 05:52:31,416 [pool-27-thread-1] INFO  server.RaftServerConfigKeys (ConfUtils.java:logGet(43)) - raft.server.log.statemachine.data.sync.timeout = 10s (default)
2019-09-25 05:52:31,416 [pool-27-thread-1] INFO  server.RaftServerConfigKeys (ConfUtils.java:logGet(43)) - raft.server.log.statemachine.data.sync.timeout.retry = -1 (default)
2019-09-25 05:52:31,416 [pool-27-thread-1] INFO  server.RaftServerConfigKeys (ConfUtils.java:logGet(43)) - raft.server.log.statemachine.data.caching.enabled = true (custom)
2019-09-25 05:52:31,417 [pool-27-thread-1] INFO  segmented.SegmentedRaftLogWorker (SegmentedRaftLogWorker.java:lambda$new$0(132)) - 0bbc1277-be6f-4bf3-88cf-1c3b12e139ad@group-257556E8FEBB-SegmentedRaftLogWorker: flushIndex: setUnconditionally 0 -> -1
2019-09-25 05:52:31,417 [pool-27-thread-1] INFO  server.RaftServerConfigKeys (ConfUtils.java:logGet(43)) - raft.server.snapshot.auto.trigger.enabled = true (custom)
2019-09-25 05:52:31,417 [pool-27-thread-1] INFO  server.RaftServerConfigKeys (ConfUtils.java:logGet(43)) - raft.server.snapshot.auto.trigger.threshold = 10000 (custom)
2019-09-25 05:52:31,417 [pool-27-thread-1] INFO  server.RaftServerConfigKeys (ConfUtils.java:logGet(43)) - raft.server.snapshot.retention.num.files = 5 (custom)
2019-09-25 05:52:31,418 [pool-27-thread-1] INFO  server.RaftServerConfigKeys (ConfUtils.java:logGet(43)) - raft.server.retrycache.expirytime = 600000ms (custom)
2019-09-25 05:52:31,421 [pool-27-thread-1] INFO  impl.RaftServerImpl (RaftServerImpl.java:start(185)) - 0bbc1277-be6f-4bf3-88cf-1c3b12e139ad@group-257556E8FEBB: start as a follower, conf=-1: [0bbc1277-be6f-4bf3-88cf-1c3b12e139ad:192.168.30.10:46701], old=null
2019-09-25 05:52:31,421 [pool-27-thread-1] INFO  impl.RaftServerImpl (RaftServerImpl.java:setRole(174)) - 0bbc1277-be6f-4bf3-88cf-1c3b12e139ad@group-257556E8FEBB: changes role from      null to FOLLOWER at term 0 for startAsFollower
2019-09-25 05:52:31,421 [pool-27-thread-1] INFO  impl.RoleInfo (RoleInfo.java:updateAndGet(143)) - 0bbc1277-be6f-4bf3-88cf-1c3b12e139ad: start FollowerState
2019-09-25 05:52:31,421 [pool-27-thread-1] INFO  util.JmxRegister (JmxRegister.java:tryRegister(44)) - Successfully registered JMX Bean with object name Ratis:service=RaftServer,group=group-257556E8FEBB,id=0bbc1277-be6f-4bf3-88cf-1c3b12e139ad
2019-09-25 05:52:31,424 [RatisPipelineUtilsThread] INFO  pipeline.PipelineStateManager (PipelineStateManager.java:addPipeline(56)) - Created pipeline Pipeline[ Id: bec93f0c-13b8-43c8-a1bc-257556e8febb, Nodes: 0bbc1277-be6f-4bf3-88cf-1c3b12e139ad{ip: 192.168.30.10, host: pr-hdds-1569-s62bp-3040748787, networkLocation: /default-rack, certSerialId: null}, Type:RATIS, Factor:ONE, State:OPEN]
2019-09-25 05:52:31,429 [grpc-default-executor-0] INFO  impl.RaftServerProxy (RaftServerProxy.java:addNew(89)) - 0bbc1277-be6f-4bf3-88cf-1c3b12e139ad: addNew group-C8E21141DA1D:[0bbc1277-be6f-4bf3-88cf-1c3b12e139ad:192.168.30.10:46701] returns group-C8E21141DA1D:java.util.concurrent.CompletableFuture@f0280c2[Not completed]
2019-09-25 05:52:31,431 [pool-27-thread-1] INFO  impl.RaftServerImpl (RaftServerImpl.java:<init>(95)) - 0bbc1277-be6f-4bf3-88cf-1c3b12e139ad: new RaftServerImpl for group-C8E21141DA1D:[0bbc1277-be6f-4bf3-88cf-1c3b12e139ad:192.168.30.10:46701] with ContainerStateMachine:uninitialized
2019-09-25 05:52:31,431 [pool-27-thread-1] INFO  server.RaftServerConfigKeys (ConfUtils.java:logGet(43)) - raft.server.rpc.timeout.min = 5s (custom)
2019-09-25 05:52:31,431 [pool-27-thread-1] INFO  server.RaftServerConfigKeys (ConfUtils.java:logGet(43)) - raft.server.rpc.timeout.max = 5200ms (custom)
2019-09-25 05:52:31,431 [pool-27-thread-1] INFO  server.RaftServerConfigKeys (ConfUtils.java:logGet(43)) - raft.server.rpcslowness.timeout = 120s (custom)
2019-09-25 05:52:31,432 [pool-27-thread-1] INFO  server.RaftServerConfigKeys (ConfUtils.java:logGet(43)) - raft.server.sleep.deviation.threshold = 300 (default)
2019-09-25 05:52:31,432 [pool-27-thread-1] INFO  server.RaftServerConfigKeys (ConfUtils.java:logGet(43)) - raft.server.log.appender.install.snapshot.enabled = false (custom)
2019-09-25 05:52:31,432 [pool-27-thread-1] INFO  impl.RaftServerImpl (ServerState.java:<init>(103)) - 0bbc1277-be6f-4bf3-88cf-1c3b12e139ad@group-C8E21141DA1D: ConfigurationManager, init=-1: [0bbc1277-be6f-4bf3-88cf-1c3b12e139ad:192.168.30.10:46701], old=null, confs=<EMPTY_MAP>
2019-09-25 05:52:31,432 [pool-27-thread-1] INFO  server.RaftServerConfigKeys (ConfUtils.java:logGet(43)) - raft.server.storage.dir = [/workdir/hadoop-ozone/integration-test/target/test-dir/MiniOzoneClusterImpl-5fae48a0-8517-4c16-9d39-4001697b8772/datanode-0/data/ratis] (custom)
2019-09-25 05:52:31,433 [pool-27-thread-1] INFO  storage.RaftStorageDirectory (RaftStorageDirectory.java:analyzeStorage(246)) - The storage directory /workdir/hadoop-ozone/integration-test/target/test-dir/MiniOzoneClusterImpl-5fae48a0-8517-4c16-9d39-4001697b8772/datanode-0/data/ratis/54b4e7b9-bdcb-492f-a273-c8e21141da1d does not exist. Creating ...
2019-09-25 05:52:31,446 [pool-27-thread-1] INFO  storage.RaftStorageDirectory (RaftStorageDirectory.java:tryLock(328)) - Lock on /workdir/hadoop-ozone/integration-test/target/test-dir/MiniOzoneClusterImpl-5fae48a0-8517-4c16-9d39-4001697b8772/datanode-0/data/ratis/54b4e7b9-bdcb-492f-a273-c8e21141da1d/in_use.lock acquired by nodename 25594@pr-hdds-1569-s62bp-3040748787
2019-09-25 05:52:31,460 [pool-27-thread-1] INFO  storage.RaftStorage (RaftStorage.java:format(72)) - Storage directory /workdir/hadoop-ozone/integration-test/target/test-dir/MiniOzoneClusterImpl-5fae48a0-8517-4c16-9d39-4001697b8772/datanode-0/data/ratis/54b4e7b9-bdcb-492f-a273-c8e21141da1d has been successfully formatted.
2019-09-25 05:52:31,460 [pool-27-thread-1] INFO  ratis.ContainerStateMachine (ContainerStateMachine.java:loadSnapshot(230)) - group-C8E21141DA1D: The snapshot info is null. Setting the last applied indexto:(t:0, i:~)
2019-09-25 05:52:31,460 [pool-27-thread-1] INFO  server.RaftServerConfigKeys (ConfUtils.java:logGet(43)) - raft.server.notification.no-leader.timeout = 120s (custom)
2019-09-25 05:52:31,460 [pool-27-thread-1] INFO  server.RaftServerConfigKeys (ConfUtils.java:logGet(43)) - raft.server.log.use.memory = false (default)
2019-09-25 05:52:31,461 [pool-27-thread-1] INFO  server.RaftServerConfigKeys (ConfUtils.java:logGet(43)) - raft.server.log.purge.gap = 1000000 (custom)
2019-09-25 05:52:31,461 [pool-27-thread-1] INFO  server.RaftServerConfigKeys (ConfUtils.java:logGet(43)) - raft.server.log.appender.buffer.byte-limit = 33554432 (custom)
2019-09-25 05:52:31,461 [pool-27-thread-1] INFO  server.RaftServerConfigKeys (ConfUtils.java:logGet(43)) - raft.server.log.segment.size.max = 1048576 (custom)
2019-09-25 05:52:31,461 [pool-27-thread-1] INFO  server.RaftServerConfigKeys (ConfUtils.java:logGet(43)) - raft.server.log.segment.cache.num.max = 2 (custom)
2019-09-25 05:52:31,461 [pool-27-thread-1] INFO  segmented.SegmentedRaftLogWorker (SegmentedRaftLogWorker.java:<init>(172)) - new 0bbc1277-be6f-4bf3-88cf-1c3b12e139ad@group-C8E21141DA1D-SegmentedRaftLogWorker for RaftStorage:Storage Directory /workdir/hadoop-ozone/integration-test/target/test-dir/MiniOzoneClusterImpl-5fae48a0-8517-4c16-9d39-4001697b8772/datanode-0/data/ratis/54b4e7b9-bdcb-492f-a273-c8e21141da1d
2019-09-25 05:52:31,461 [pool-27-thread-1] INFO  server.RaftServerConfigKeys (ConfUtils.java:logGet(43)) - raft.server.log.queue.byte-limit = 2147483647 (custom)
2019-09-25 05:52:31,462 [pool-27-thread-1] INFO  server.RaftServerConfigKeys (ConfUtils.java:logGet(43)) - raft.server.log.queue.element-limit = 1024 (custom)
2019-09-25 05:52:31,462 [pool-27-thread-1] INFO  server.RaftServerConfigKeys (ConfUtils.java:logGet(43)) - raft.server.log.segment.size.max = 1048576 (custom)
2019-09-25 05:52:31,462 [pool-27-thread-1] INFO  server.RaftServerConfigKeys (ConfUtils.java:logGet(43)) - raft.server.log.preallocated.size = 16384 (custom)
2019-09-25 05:52:31,462 [pool-27-thread-1] INFO  server.RaftServerConfigKeys (ConfUtils.java:logGet(43)) - raft.server.log.write.buffer.size = 33554432 (custom)
2019-09-25 05:52:31,462 [pool-27-thread-1] INFO  server.RaftServerConfigKeys (ConfUtils.java:logGet(43)) - raft.server.log.force.sync.num = 128 (default)
2019-09-25 05:52:31,462 [pool-27-thread-1] INFO  server.RaftServerConfigKeys (ConfUtils.java:logGet(43)) - raft.server.log.statemachine.data.sync = true (default)
2019-09-25 05:52:31,462 [pool-27-thread-1] INFO  server.RaftServerConfigKeys (ConfUtils.java:logGet(43)) - raft.server.log.statemachine.data.sync.timeout = 10s (default)
2019-09-25 05:52:31,463 [pool-27-thread-1] INFO  server.RaftServerConfigKeys (ConfUtils.java:logGet(43)) - raft.server.log.statemachine.data.sync.timeout.retry = -1 (default)
2019-09-25 05:52:31,463 [pool-27-thread-1] INFO  server.RaftServerConfigKeys (ConfUtils.java:logGet(43)) - raft.server.log.statemachine.data.caching.enabled = true (custom)
2019-09-25 05:52:31,463 [pool-27-thread-1] INFO  segmented.SegmentedRaftLogWorker (SegmentedRaftLogWorker.java:lambda$new$0(132)) - 0bbc1277-be6f-4bf3-88cf-1c3b12e139ad@group-C8E21141DA1D-SegmentedRaftLogWorker: flushIndex: setUnconditionally 0 -> -1
2019-09-25 05:52:31,463 [pool-27-thread-1] INFO  server.RaftServerConfigKeys (ConfUtils.java:logGet(43)) - raft.server.snapshot.auto.trigger.enabled = true (custom)
2019-09-25 05:52:31,464 [pool-27-thread-1] INFO  server.RaftServerConfigKeys (ConfUtils.java:logGet(43)) - raft.server.snapshot.auto.trigger.threshold = 10000 (custom)
2019-09-25 05:52:31,464 [pool-27-thread-1] INFO  server.RaftServerConfigKeys (ConfUtils.java:logGet(43)) - raft.server.snapshot.retention.num.files = 5 (custom)
2019-09-25 05:52:31,464 [pool-27-thread-1] INFO  server.RaftServerConfigKeys (ConfUtils.java:logGet(43)) - raft.server.retrycache.expirytime = 600000ms (custom)
2019-09-25 05:52:31,467 [pool-27-thread-1] INFO  impl.RaftServerImpl (RaftServerImpl.java:start(185)) - 0bbc1277-be6f-4bf3-88cf-1c3b12e139ad@group-C8E21141DA1D: start as a follower, conf=-1: [0bbc1277-be6f-4bf3-88cf-1c3b12e139ad:192.168.30.10:46701], old=null
2019-09-25 05:52:31,467 [pool-27-thread-1] INFO  impl.RaftServerImpl (RaftServerImpl.java:setRole(174)) - 0bbc1277-be6f-4bf3-88cf-1c3b12e139ad@group-C8E21141DA1D: changes role from      null to FOLLOWER at term 0 for startAsFollower
2019-09-25 05:52:31,467 [pool-27-thread-1] INFO  impl.RoleInfo (RoleInfo.java:updateAndGet(143)) - 0bbc1277-be6f-4bf3-88cf-1c3b12e139ad: start FollowerState
2019-09-25 05:52:31,468 [pool-27-thread-1] INFO  util.JmxRegister (JmxRegister.java:tryRegister(44)) - Successfully registered JMX Bean with object name Ratis:service=RaftServer,group=group-C8E21141DA1D,id=0bbc1277-be6f-4bf3-88cf-1c3b12e139ad
2019-09-25 05:52:31,470 [RatisPipelineUtilsThread] INFO  pipeline.PipelineStateManager (PipelineStateManager.java:addPipeline(56)) - Created pipeline Pipeline[ Id: 54b4e7b9-bdcb-492f-a273-c8e21141da1d, Nodes: 0bbc1277-be6f-4bf3-88cf-1c3b12e139ad{ip: 192.168.30.10, host: pr-hdds-1569-s62bp-3040748787, networkLocation: /default-rack, certSerialId: null}, Type:RATIS, Factor:ONE, State:OPEN]
2019-09-25 05:52:31,476 [grpc-default-executor-0] INFO  impl.RaftServerProxy (RaftServerProxy.java:addNew(89)) - 0bbc1277-be6f-4bf3-88cf-1c3b12e139ad: addNew group-65B12A733142:[0bbc1277-be6f-4bf3-88cf-1c3b12e139ad:192.168.30.10:46701] returns group-65B12A733142:java.util.concurrent.CompletableFuture@22d6432b[Not completed]
2019-09-25 05:52:31,477 [pool-27-thread-1] INFO  impl.RaftServerImpl (RaftServerImpl.java:<init>(95)) - 0bbc1277-be6f-4bf3-88cf-1c3b12e139ad: new RaftServerImpl for group-65B12A733142:[0bbc1277-be6f-4bf3-88cf-1c3b12e139ad:192.168.30.10:46701] with ContainerStateMachine:uninitialized
2019-09-25 05:52:31,477 [pool-27-thread-1] INFO  server.RaftServerConfigKeys (ConfUtils.java:logGet(43)) - raft.server.rpc.timeout.min = 5s (custom)
2019-09-25 05:52:31,477 [pool-27-thread-1] INFO  server.RaftServerConfigKeys (ConfUtils.java:logGet(43)) - raft.server.rpc.timeout.max = 5200ms (custom)
2019-09-25 05:52:31,477 [pool-27-thread-1] INFO  server.RaftServerConfigKeys (ConfUtils.java:logGet(43)) - raft.server.rpcslowness.timeout = 120s (custom)
2019-09-25 05:52:31,477 [pool-27-thread-1] INFO  server.RaftServerConfigKeys (ConfUtils.java:logGet(43)) - raft.server.sleep.deviation.threshold = 300 (default)
2019-09-25 05:52:31,478 [pool-27-thread-1] INFO  server.RaftServerConfigKeys (ConfUtils.java:logGet(43)) - raft.server.log.appender.install.snapshot.enabled = false (custom)
2019-09-25 05:52:31,478 [pool-27-thread-1] INFO  impl.RaftServerImpl (ServerState.java:<init>(103)) - 0bbc1277-be6f-4bf3-88cf-1c3b12e139ad@group-65B12A733142: ConfigurationManager, init=-1: [0bbc1277-be6f-4bf3-88cf-1c3b12e139ad:192.168.30.10:46701], old=null, confs=<EMPTY_MAP>
2019-09-25 05:52:31,478 [pool-27-thread-1] INFO  server.RaftServerConfigKeys (ConfUtils.java:logGet(43)) - raft.server.storage.dir = [/workdir/hadoop-ozone/integration-test/target/test-dir/MiniOzoneClusterImpl-5fae48a0-8517-4c16-9d39-4001697b8772/datanode-0/data/ratis] (custom)
2019-09-25 05:52:31,478 [pool-27-thread-1] INFO  storage.RaftStorageDirectory (RaftStorageDirectory.java:analyzeStorage(246)) - The storage directory /workdir/hadoop-ozone/integration-test/target/test-dir/MiniOzoneClusterImpl-5fae48a0-8517-4c16-9d39-4001697b8772/datanode-0/data/ratis/a199daad-c60c-45ec-aa6e-65b12a733142 does not exist. Creating ...
2019-09-25 05:52:31,493 [pool-27-thread-1] INFO  storage.RaftStorageDirectory (RaftStorageDirectory.java:tryLock(328)) - Lock on /workdir/hadoop-ozone/integration-test/target/test-dir/MiniOzoneClusterImpl-5fae48a0-8517-4c16-9d39-4001697b8772/datanode-0/data/ratis/a199daad-c60c-45ec-aa6e-65b12a733142/in_use.lock acquired by nodename 25594@pr-hdds-1569-s62bp-3040748787
2019-09-25 05:52:31,506 [pool-27-thread-1] INFO  storage.RaftStorage (RaftStorage.java:format(72)) - Storage directory /workdir/hadoop-ozone/integration-test/target/test-dir/MiniOzoneClusterImpl-5fae48a0-8517-4c16-9d39-4001697b8772/datanode-0/data/ratis/a199daad-c60c-45ec-aa6e-65b12a733142 has been successfully formatted.
2019-09-25 05:52:31,507 [pool-27-thread-1] INFO  ratis.ContainerStateMachine (ContainerStateMachine.java:loadSnapshot(230)) - group-65B12A733142: The snapshot info is null. Setting the last applied indexto:(t:0, i:~)
2019-09-25 05:52:31,507 [pool-27-thread-1] INFO  server.RaftServerConfigKeys (ConfUtils.java:logGet(43)) - raft.server.notification.no-leader.timeout = 120s (custom)
2019-09-25 05:52:31,507 [pool-27-thread-1] INFO  server.RaftServerConfigKeys (ConfUtils.java:logGet(43)) - raft.server.log.use.memory = false (default)
2019-09-25 05:52:31,507 [pool-27-thread-1] INFO  server.RaftServerConfigKeys (ConfUtils.java:logGet(43)) - raft.server.log.purge.gap = 1000000 (custom)
2019-09-25 05:52:31,507 [pool-27-thread-1] INFO  server.RaftServerConfigKeys (ConfUtils.java:logGet(43)) - raft.server.log.appender.buffer.byte-limit = 33554432 (custom)
2019-09-25 05:52:31,507 [pool-27-thread-1] INFO  server.RaftServerConfigKeys (ConfUtils.java:logGet(43)) - raft.server.log.segment.size.max = 1048576 (custom)
2019-09-25 05:52:31,508 [pool-27-thread-1] INFO  server.RaftServerConfigKeys (ConfUtils.java:logGet(43)) - raft.server.log.segment.cache.num.max = 2 (custom)
2019-09-25 05:52:31,508 [pool-27-thread-1] INFO  segmented.SegmentedRaftLogWorker (SegmentedRaftLogWorker.java:<init>(172)) - new 0bbc1277-be6f-4bf3-88cf-1c3b12e139ad@group-65B12A733142-SegmentedRaftLogWorker for RaftStorage:Storage Directory /workdir/hadoop-ozone/integration-test/target/test-dir/MiniOzoneClusterImpl-5fae48a0-8517-4c16-9d39-4001697b8772/datanode-0/data/ratis/a199daad-c60c-45ec-aa6e-65b12a733142
2019-09-25 05:52:31,508 [pool-27-thread-1] INFO  server.RaftServerConfigKeys (ConfUtils.java:logGet(43)) - raft.server.log.queue.byte-limit = 2147483647 (custom)
2019-09-25 05:52:31,508 [pool-27-thread-1] INFO  server.RaftServerConfigKeys (ConfUtils.java:logGet(43)) - raft.server.log.queue.element-limit = 1024 (custom)
2019-09-25 05:52:31,508 [pool-27-thread-1] INFO  server.RaftServerConfigKeys (ConfUtils.java:logGet(43)) - raft.server.log.segment.size.max = 1048576 (custom)
2019-09-25 05:52:31,508 [pool-27-thread-1] INFO  server.RaftServerConfigKeys (ConfUtils.java:logGet(43)) - raft.server.log.preallocated.size = 16384 (custom)
2019-09-25 05:52:31,509 [pool-27-thread-1] INFO  server.RaftServerConfigKeys (ConfUtils.java:logGet(43)) - raft.server.log.write.buffer.size = 33554432 (custom)
2019-09-25 05:52:31,509 [pool-27-thread-1] INFO  server.RaftServerConfigKeys (ConfUtils.java:logGet(43)) - raft.server.log.force.sync.num = 128 (default)
2019-09-25 05:52:31,509 [pool-27-thread-1] INFO  server.RaftServerConfigKeys (ConfUtils.java:logGet(43)) - raft.server.log.statemachine.data.sync = true (default)
2019-09-25 05:52:31,509 [pool-27-thread-1] INFO  server.RaftServerConfigKeys (ConfUtils.java:logGet(43)) - raft.server.log.statemachine.data.sync.timeout = 10s (default)
2019-09-25 05:52:31,509 [pool-27-thread-1] INFO  server.RaftServerConfigKeys (ConfUtils.java:logGet(43)) - raft.server.log.statemachine.data.sync.timeout.retry = -1 (default)
2019-09-25 05:52:31,509 [pool-27-thread-1] INFO  server.RaftServerConfigKeys (ConfUtils.java:logGet(43)) - raft.server.log.statemachine.data.caching.enabled = true (custom)
2019-09-25 05:52:31,510 [pool-27-thread-1] INFO  segmented.SegmentedRaftLogWorker (SegmentedRaftLogWorker.java:lambda$new$0(132)) - 0bbc1277-be6f-4bf3-88cf-1c3b12e139ad@group-65B12A733142-SegmentedRaftLogWorker: flushIndex: setUnconditionally 0 -> -1
2019-09-25 05:52:31,510 [pool-27-thread-1] INFO  server.RaftServerConfigKeys (ConfUtils.java:logGet(43)) - raft.server.snapshot.auto.trigger.enabled = true (custom)
2019-09-25 05:52:31,510 [pool-27-thread-1] INFO  server.RaftServerConfigKeys (ConfUtils.java:logGet(43)) - raft.server.snapshot.auto.trigger.threshold = 10000 (custom)
2019-09-25 05:52:31,510 [pool-27-thread-1] INFO  server.RaftServerConfigKeys (ConfUtils.java:logGet(43)) - raft.server.snapshot.retention.num.files = 5 (custom)
2019-09-25 05:52:31,511 [pool-27-thread-1] INFO  server.RaftServerConfigKeys (ConfUtils.java:logGet(43)) - raft.server.retrycache.expirytime = 600000ms (custom)
2019-09-25 05:52:31,513 [pool-27-thread-1] INFO  impl.RaftServerImpl (RaftServerImpl.java:start(185)) - 0bbc1277-be6f-4bf3-88cf-1c3b12e139ad@group-65B12A733142: start as a follower, conf=-1: [0bbc1277-be6f-4bf3-88cf-1c3b12e139ad:192.168.30.10:46701], old=null
2019-09-25 05:52:31,513 [pool-27-thread-1] INFO  impl.RaftServerImpl (RaftServerImpl.java:setRole(174)) - 0bbc1277-be6f-4bf3-88cf-1c3b12e139ad@group-65B12A733142: changes role from      null to FOLLOWER at term 0 for startAsFollower
2019-09-25 05:52:31,514 [pool-27-thread-1] INFO  impl.RoleInfo (RoleInfo.java:updateAndGet(143)) - 0bbc1277-be6f-4bf3-88cf-1c3b12e139ad: start FollowerState
2019-09-25 05:52:31,514 [Thread-180] INFO  impl.FollowerState (FollowerState.java:run(106)) - 0bbc1277-be6f-4bf3-88cf-1c3b12e139ad:group-3AA83E1C1330 changes to CANDIDATE, lastRpcTime:5182, electionTimeout:5182ms
2019-09-25 05:52:31,514 [pool-27-thread-1] INFO  util.JmxRegister (JmxRegister.java:tryRegister(44)) - Successfully registered JMX Bean with object name Ratis:service=RaftServer,group=group-65B12A733142,id=0bbc1277-be6f-4bf3-88cf-1c3b12e139ad
2019-09-25 05:52:31,517 [Thread-180] INFO  impl.RoleInfo (RoleInfo.java:shutdownFollowerState(121)) - 0bbc1277-be6f-4bf3-88cf-1c3b12e139ad: shutdown FollowerState
2019-09-25 05:52:31,517 [Thread-180] INFO  impl.RaftServerImpl (RaftServerImpl.java:setRole(174)) - 0bbc1277-be6f-4bf3-88cf-1c3b12e139ad@group-3AA83E1C1330: changes role from  FOLLOWER to CANDIDATE at term 0 for changeToCandidate
2019-09-25 05:52:31,517 [RatisPipelineUtilsThread] INFO  pipeline.PipelineStateManager (PipelineStateManager.java:addPipeline(56)) - Created pipeline Pipeline[ Id: a199daad-c60c-45ec-aa6e-65b12a733142, Nodes: 0bbc1277-be6f-4bf3-88cf-1c3b12e139ad{ip: 192.168.30.10, host: pr-hdds-1569-s62bp-3040748787, networkLocation: /default-rack, certSerialId: null}, Type:RATIS, Factor:ONE, State:OPEN]
2019-09-25 05:52:31,525 [Thread-180] INFO  impl.RoleInfo (RoleInfo.java:updateAndGet(143)) - 0bbc1277-be6f-4bf3-88cf-1c3b12e139ad: start LeaderElection
2019-09-25 05:52:31,529 [grpc-default-executor-0] INFO  impl.RaftServerProxy (RaftServerProxy.java:addNew(89)) - 0bbc1277-be6f-4bf3-88cf-1c3b12e139ad: addNew group-0529369CD838:[0bbc1277-be6f-4bf3-88cf-1c3b12e139ad:192.168.30.10:46701] returns group-0529369CD838:java.util.concurrent.CompletableFuture@197c466d[Not completed]
2019-09-25 05:52:31,530 [pool-27-thread-1] INFO  impl.RaftServerImpl (RaftServerImpl.java:<init>(95)) - 0bbc1277-be6f-4bf3-88cf-1c3b12e139ad: new RaftServerImpl for group-0529369CD838:[0bbc1277-be6f-4bf3-88cf-1c3b12e139ad:192.168.30.10:46701] with ContainerStateMachine:uninitialized
2019-09-25 05:52:31,531 [pool-27-thread-1] INFO  server.RaftServerConfigKeys (ConfUtils.java:logGet(43)) - raft.server.rpc.timeout.min = 5s (custom)
2019-09-25 05:52:31,531 [pool-27-thread-1] INFO  server.RaftServerConfigKeys (ConfUtils.java:logGet(43)) - raft.server.rpc.timeout.max = 5200ms (custom)
2019-09-25 05:52:31,531 [pool-27-thread-1] INFO  server.RaftServerConfigKeys (ConfUtils.java:logGet(43)) - raft.server.rpcslowness.timeout = 120s (custom)
2019-09-25 05:52:31,531 [pool-27-thread-1] INFO  server.RaftServerConfigKeys (ConfUtils.java:logGet(43)) - raft.server.sleep.deviation.threshold = 300 (default)
2019-09-25 05:52:31,531 [pool-27-thread-1] INFO  server.RaftServerConfigKeys (ConfUtils.java:logGet(43)) - raft.server.log.appender.install.snapshot.enabled = false (custom)
2019-09-25 05:52:31,531 [pool-27-thread-1] INFO  impl.RaftServerImpl (ServerState.java:<init>(103)) - 0bbc1277-be6f-4bf3-88cf-1c3b12e139ad@group-0529369CD838: ConfigurationManager, init=-1: [0bbc1277-be6f-4bf3-88cf-1c3b12e139ad:192.168.30.10:46701], old=null, confs=<EMPTY_MAP>
2019-09-25 05:52:31,532 [pool-27-thread-1] INFO  server.RaftServerConfigKeys (ConfUtils.java:logGet(43)) - raft.server.storage.dir = [/workdir/hadoop-ozone/integration-test/target/test-dir/MiniOzoneClusterImpl-5fae48a0-8517-4c16-9d39-4001697b8772/datanode-0/data/ratis] (custom)
2019-09-25 05:52:31,532 [pool-27-thread-1] INFO  storage.RaftStorageDirectory (RaftStorageDirectory.java:analyzeStorage(246)) - The storage directory /workdir/hadoop-ozone/integration-test/target/test-dir/MiniOzoneClusterImpl-5fae48a0-8517-4c16-9d39-4001697b8772/datanode-0/data/ratis/38ed0969-6afa-4ec1-8aaa-0529369cd838 does not exist. Creating ...
2019-09-25 05:52:31,542 [pool-27-thread-1] INFO  storage.RaftStorageDirectory (RaftStorageDirectory.java:tryLock(328)) - Lock on /workdir/hadoop-ozone/integration-test/target/test-dir/MiniOzoneClusterImpl-5fae48a0-8517-4c16-9d39-4001697b8772/datanode-0/data/ratis/38ed0969-6afa-4ec1-8aaa-0529369cd838/in_use.lock acquired by nodename 25594@pr-hdds-1569-s62bp-3040748787
2019-09-25 05:52:31,542 [0bbc1277-be6f-4bf3-88cf-1c3b12e139ad@group-3AA83E1C1330:LeaderElection1] INFO  impl.LeaderElection (LeaderElection.java:askForVotes(182)) - 0bbc1277-be6f-4bf3-88cf-1c3b12e139ad@group-3AA83E1C1330:LeaderElection1: begin an election at term 1 for -1: [0bbc1277-be6f-4bf3-88cf-1c3b12e139ad:192.168.30.10:46701], old=null
2019-09-25 05:52:31,544 [0bbc1277-be6f-4bf3-88cf-1c3b12e139ad@group-3AA83E1C1330:LeaderElection1] INFO  impl.RoleInfo (RoleInfo.java:shutdownLeaderElection(134)) - 0bbc1277-be6f-4bf3-88cf-1c3b12e139ad: shutdown LeaderElection
2019-09-25 05:52:31,544 [0bbc1277-be6f-4bf3-88cf-1c3b12e139ad@group-3AA83E1C1330:LeaderElection1] INFO  impl.RaftServerImpl (RaftServerImpl.java:setRole(174)) - 0bbc1277-be6f-4bf3-88cf-1c3b12e139ad@group-3AA83E1C1330: changes role from CANDIDATE to LEADER at term 1 for changeToLeader
2019-09-25 05:52:31,544 [0bbc1277-be6f-4bf3-88cf-1c3b12e139ad@group-3AA83E1C1330:LeaderElection1] INFO  impl.RaftServerImpl (ServerState.java:setLeader(253)) - 0bbc1277-be6f-4bf3-88cf-1c3b12e139ad@group-3AA83E1C1330: change Leader from null to 0bbc1277-be6f-4bf3-88cf-1c3b12e139ad at term 1 for becomeLeader, leader elected after 5314ms
2019-09-25 05:52:31,549 [0bbc1277-be6f-4bf3-88cf-1c3b12e139ad@group-3AA83E1C1330:LeaderElection1] INFO  server.RaftServerConfigKeys (ConfUtils.java:logGet(43)) - raft.server.staging.catchup.gap = 1000 (default)
2019-09-25 05:52:31,550 [0bbc1277-be6f-4bf3-88cf-1c3b12e139ad@group-3AA83E1C1330:LeaderElection1] INFO  server.RaftServerConfigKeys (ConfUtils.java:logGet(43)) - raft.server.rpc.sleep.time = 25ms (default)
2019-09-25 05:52:31,552 [0bbc1277-be6f-4bf3-88cf-1c3b12e139ad@group-3AA83E1C1330:LeaderElection1] INFO  server.RaftServerConfigKeys (ConfUtils.java:logGet(43)) - raft.server.write.element-limit = 4096 (default)
2019-09-25 05:52:31,554 [0bbc1277-be6f-4bf3-88cf-1c3b12e139ad@group-3AA83E1C1330:LeaderElection1] INFO  server.RaftServerConfigKeys (ConfUtils.java:logGet(43)) - raft.server.watch.timeout = 10s (default)
2019-09-25 05:52:31,554 [0bbc1277-be6f-4bf3-88cf-1c3b12e139ad@group-3AA83E1C1330:LeaderElection1] INFO  server.RaftServerConfigKeys (ConfUtils.java:logGet(43)) - raft.server.watch.timeout.denomination = 1s (default)
2019-09-25 05:52:31,555 [0bbc1277-be6f-4bf3-88cf-1c3b12e139ad@group-3AA83E1C1330:LeaderElection1] INFO  server.RaftServerConfigKeys (ConfUtils.java:logGet(43)) - raft.server.watch.element-limit = 65536 (default)
2019-09-25 05:52:31,564 [0bbc1277-be6f-4bf3-88cf-1c3b12e139ad@group-3AA83E1C1330:LeaderElection1] INFO  impl.RoleInfo (RoleInfo.java:updateAndGet(143)) - 0bbc1277-be6f-4bf3-88cf-1c3b12e139ad: start LeaderState
2019-09-25 05:52:31,579 [Thread-183] INFO  impl.FollowerState (FollowerState.java:run(106)) - 0bbc1277-be6f-4bf3-88cf-1c3b12e139ad:group-94F674F7A72B changes to CANDIDATE, lastRpcTime:5107, electionTimeout:5106ms
2019-09-25 05:52:31,581 [Thread-183] INFO  impl.RoleInfo (RoleInfo.java:shutdownFollowerState(121)) - 0bbc1277-be6f-4bf3-88cf-1c3b12e139ad: shutdown FollowerState
2019-09-25 05:52:31,581 [Thread-183] INFO  impl.RaftServerImpl (RaftServerImpl.java:setRole(174)) - 0bbc1277-be6f-4bf3-88cf-1c3b12e139ad@group-94F674F7A72B: changes role from  FOLLOWER to CANDIDATE at term 0 for changeToCandidate
2019-09-25 05:52:31,581 [Thread-183] INFO  impl.RoleInfo (RoleInfo.java:updateAndGet(143)) - 0bbc1277-be6f-4bf3-88cf-1c3b12e139ad: start LeaderElection
2019-09-25 05:52:31,588 [0bbc1277-be6f-4bf3-88cf-1c3b12e139ad@group-3AA83E1C1330:LeaderElection1] INFO  segmented.SegmentedRaftLogWorker (SegmentedRaftLogWorker.java:startLogSegment(380)) - 0bbc1277-be6f-4bf3-88cf-1c3b12e139ad@group-3AA83E1C1330-SegmentedRaftLogWorker: Starting segment from index:0
2019-09-25 05:52:31,589 [pool-27-thread-1] INFO  storage.RaftStorage (RaftStorage.java:format(72)) - Storage directory /workdir/hadoop-ozone/integration-test/target/test-dir/MiniOzoneClusterImpl-5fae48a0-8517-4c16-9d39-4001697b8772/datanode-0/data/ratis/38ed0969-6afa-4ec1-8aaa-0529369cd838 has been successfully formatted.
2019-09-25 05:52:31,589 [pool-27-thread-1] INFO  ratis.ContainerStateMachine (ContainerStateMachine.java:loadSnapshot(230)) - group-0529369CD838: The snapshot info is null. Setting the last applied indexto:(t:0, i:~)
2019-09-25 05:52:31,589 [pool-27-thread-1] INFO  server.RaftServerConfigKeys (ConfUtils.java:logGet(43)) - raft.server.notification.no-leader.timeout = 120s (custom)
2019-09-25 05:52:31,589 [pool-27-thread-1] INFO  server.RaftServerConfigKeys (ConfUtils.java:logGet(43)) - raft.server.log.use.memory = false (default)
2019-09-25 05:52:31,590 [pool-27-thread-1] INFO  server.RaftServerConfigKeys (ConfUtils.java:logGet(43)) - raft.server.log.purge.gap = 1000000 (custom)
2019-09-25 05:52:31,590 [pool-27-thread-1] INFO  server.RaftServerConfigKeys (ConfUtils.java:logGet(43)) - raft.server.log.appender.buffer.byte-limit = 33554432 (custom)
2019-09-25 05:52:31,590 [pool-27-thread-1] INFO  server.RaftServerConfigKeys (ConfUtils.java:logGet(43)) - raft.server.log.segment.size.max = 1048576 (custom)
2019-09-25 05:52:31,590 [pool-27-thread-1] INFO  server.RaftServerConfigKeys (ConfUtils.java:logGet(43)) - raft.server.log.segment.cache.num.max = 2 (custom)
2019-09-25 05:52:31,590 [pool-27-thread-1] INFO  segmented.SegmentedRaftLogWorker (SegmentedRaftLogWorker.java:<init>(172)) - new 0bbc1277-be6f-4bf3-88cf-1c3b12e139ad@group-0529369CD838-SegmentedRaftLogWorker for RaftStorage:Storage Directory /workdir/hadoop-ozone/integration-test/target/test-dir/MiniOzoneClusterImpl-5fae48a0-8517-4c16-9d39-4001697b8772/datanode-0/data/ratis/38ed0969-6afa-4ec1-8aaa-0529369cd838
2019-09-25 05:52:31,590 [0bbc1277-be6f-4bf3-88cf-1c3b12e139ad@group-94F674F7A72B:LeaderElection2] INFO  impl.LeaderElection (LeaderElection.java:askForVotes(182)) - 0bbc1277-be6f-4bf3-88cf-1c3b12e139ad@group-94F674F7A72B:LeaderElection2: begin an election at term 1 for -1: [0bbc1277-be6f-4bf3-88cf-1c3b12e139ad:192.168.30.10:46701], old=null
2019-09-25 05:52:31,592 [pool-27-thread-1] INFO  server.RaftServerConfigKeys (ConfUtils.java:logGet(43)) - raft.server.log.queue.byte-limit = 2147483647 (custom)
2019-09-25 05:52:31,592 [0bbc1277-be6f-4bf3-88cf-1c3b12e139ad@group-94F674F7A72B:LeaderElection2] INFO  impl.RoleInfo (RoleInfo.java:shutdownLeaderElection(134)) - 0bbc1277-be6f-4bf3-88cf-1c3b12e139ad: shutdown LeaderElection
2019-09-25 05:52:31,592 [pool-27-thread-1] INFO  server.RaftServerConfigKeys (ConfUtils.java:logGet(43)) - raft.server.log.queue.element-limit = 1024 (custom)
2019-09-25 05:52:31,592 [0bbc1277-be6f-4bf3-88cf-1c3b12e139ad@group-94F674F7A72B:LeaderElection2] INFO  impl.RaftServerImpl (RaftServerImpl.java:setRole(174)) - 0bbc1277-be6f-4bf3-88cf-1c3b12e139ad@group-94F674F7A72B: changes role from CANDIDATE to LEADER at term 1 for changeToLeader
2019-09-25 05:52:31,593 [pool-27-thread-1] INFO  server.RaftServerConfigKeys (ConfUtils.java:logGet(43)) - raft.server.log.segment.size.max = 1048576 (custom)
2019-09-25 05:52:31,593 [0bbc1277-be6f-4bf3-88cf-1c3b12e139ad@group-94F674F7A72B:LeaderElection2] INFO  impl.RaftServerImpl (ServerState.java:setLeader(253)) - 0bbc1277-be6f-4bf3-88cf-1c3b12e139ad@group-94F674F7A72B: change Leader from null to 0bbc1277-be6f-4bf3-88cf-1c3b12e139ad at term 1 for becomeLeader, leader elected after 5130ms
2019-09-25 05:52:31,593 [pool-27-thread-1] INFO  server.RaftServerConfigKeys (ConfUtils.java:logGet(43)) - raft.server.log.preallocated.size = 16384 (custom)
2019-09-25 05:52:31,593 [0bbc1277-be6f-4bf3-88cf-1c3b12e139ad@group-94F674F7A72B:LeaderElection2] INFO  server.RaftServerConfigKeys (ConfUtils.java:logGet(43)) - raft.server.staging.catchup.gap = 1000 (default)
2019-09-25 05:52:31,593 [pool-27-thread-1] INFO  server.RaftServerConfigKeys (ConfUtils.java:logGet(43)) - raft.server.log.write.buffer.size = 33554432 (custom)
2019-09-25 05:52:31,593 [0bbc1277-be6f-4bf3-88cf-1c3b12e139ad@group-94F674F7A72B:LeaderElection2] INFO  server.RaftServerConfigKeys (ConfUtils.java:logGet(43)) - raft.server.rpc.sleep.time = 25ms (default)
2019-09-25 05:52:31,593 [pool-27-thread-1] INFO  server.RaftServerConfigKeys (ConfUtils.java:logGet(43)) - raft.server.log.force.sync.num = 128 (default)
2019-09-25 05:52:31,593 [0bbc1277-be6f-4bf3-88cf-1c3b12e139ad@group-94F674F7A72B:LeaderElection2] INFO  server.RaftServerConfigKeys (ConfUtils.java:logGet(43)) - raft.server.write.element-limit = 4096 (default)
2019-09-25 05:52:31,593 [pool-27-thread-1] INFO  server.RaftServerConfigKeys (ConfUtils.java:logGet(43)) - raft.server.log.statemachine.data.sync = true (default)
2019-09-25 05:52:31,594 [0bbc1277-be6f-4bf3-88cf-1c3b12e139ad@group-94F674F7A72B:LeaderElection2] INFO  server.RaftServerConfigKeys (ConfUtils.java:logGet(43)) - raft.server.watch.timeout = 10s (default)
2019-09-25 05:52:31,594 [pool-27-thread-1] INFO  server.RaftServerConfigKeys (ConfUtils.java:logGet(43)) - raft.server.log.statemachine.data.sync.timeout = 10s (default)
2019-09-25 05:52:31,594 [0bbc1277-be6f-4bf3-88cf-1c3b12e139ad@group-94F674F7A72B:LeaderElection2] INFO  server.RaftServerConfigKeys (ConfUtils.java:logGet(43)) - raft.server.watch.timeout.denomination = 1s (default)
2019-09-25 05:52:31,594 [pool-27-thread-1] INFO  server.RaftServerConfigKeys (ConfUtils.java:logGet(43)) - raft.server.log.statemachine.data.sync.timeout.retry = -1 (default)
2019-09-25 05:52:31,594 [0bbc1277-be6f-4bf3-88cf-1c3b12e139ad@group-94F674F7A72B:LeaderElection2] INFO  server.RaftServerConfigKeys (ConfUtils.java:logGet(43)) - raft.server.watch.element-limit = 65536 (default)
2019-09-25 05:52:31,594 [pool-27-thread-1] INFO  server.RaftServerConfigKeys (ConfUtils.java:logGet(43)) - raft.server.log.statemachine.data.caching.enabled = true (custom)
2019-09-25 05:52:31,595 [pool-27-thread-1] INFO  segmented.SegmentedRaftLogWorker (SegmentedRaftLogWorker.java:lambda$new$0(132)) - 0bbc1277-be6f-4bf3-88cf-1c3b12e139ad@group-0529369CD838-SegmentedRaftLogWorker: flushIndex: setUnconditionally 0 -> -1
2019-09-25 05:52:31,595 [pool-27-thread-1] INFO  server.RaftServerConfigKeys (ConfUtils.java:logGet(43)) - raft.server.snapshot.auto.trigger.enabled = true (custom)
2019-09-25 05:52:31,595 [pool-27-thread-1] INFO  server.RaftServerConfigKeys (ConfUtils.java:logGet(43)) - raft.server.snapshot.auto.trigger.threshold = 10000 (custom)
2019-09-25 05:52:31,595 [pool-27-thread-1] INFO  server.RaftServerConfigKeys (ConfUtils.java:logGet(43)) - raft.server.snapshot.retention.num.files = 5 (custom)
2019-09-25 05:52:31,595 [pool-27-thread-1] INFO  server.RaftServerConfigKeys (ConfUtils.java:logGet(43)) - raft.server.retrycache.expirytime = 600000ms (custom)
2019-09-25 05:52:31,596 [0bbc1277-be6f-4bf3-88cf-1c3b12e139ad@group-94F674F7A72B:LeaderElection2] INFO  impl.RoleInfo (RoleInfo.java:updateAndGet(143)) - 0bbc1277-be6f-4bf3-88cf-1c3b12e139ad: start LeaderState
2019-09-25 05:52:31,597 [0bbc1277-be6f-4bf3-88cf-1c3b12e139ad@group-94F674F7A72B:LeaderElection2] INFO  segmented.SegmentedRaftLogWorker (SegmentedRaftLogWorker.java:startLogSegment(380)) - 0bbc1277-be6f-4bf3-88cf-1c3b12e139ad@group-94F674F7A72B-SegmentedRaftLogWorker: Starting segment from index:0
2019-09-25 05:52:31,598 [pool-27-thread-1] INFO  impl.RaftServerImpl (RaftServerImpl.java:start(185)) - 0bbc1277-be6f-4bf3-88cf-1c3b12e139ad@group-0529369CD838: start as a follower, conf=-1: [0bbc1277-be6f-4bf3-88cf-1c3b12e139ad:192.168.30.10:46701], old=null
2019-09-25 05:52:31,598 [pool-27-thread-1] INFO  impl.RaftServerImpl (RaftServerImpl.java:setRole(174)) - 0bbc1277-be6f-4bf3-88cf-1c3b12e139ad@group-0529369CD838: changes role from      null to FOLLOWER at term 0 for startAsFollower
2019-09-25 05:52:31,598 [pool-27-thread-1] INFO  impl.RoleInfo (RoleInfo.java:updateAndGet(143)) - 0bbc1277-be6f-4bf3-88cf-1c3b12e139ad: start FollowerState
2019-09-25 05:52:31,599 [pool-27-thread-1] INFO  util.JmxRegister (JmxRegister.java:tryRegister(44)) - Successfully registered JMX Bean with object name Ratis:service=RaftServer,group=group-0529369CD838,id=0bbc1277-be6f-4bf3-88cf-1c3b12e139ad
2019-09-25 05:52:31,600 [0bbc1277-be6f-4bf3-88cf-1c3b12e139ad@group-94F674F7A72B:LeaderElection2] INFO  impl.RaftServerImpl (ServerState.java:setRaftConf(354)) - 0bbc1277-be6f-4bf3-88cf-1c3b12e139ad@group-94F674F7A72B: set configuration 0: [0bbc1277-be6f-4bf3-88cf-1c3b12e139ad:192.168.30.10:46701], old=null at 0
2019-09-25 05:52:31,602 [0bbc1277-be6f-4bf3-88cf-1c3b12e139ad@group-3AA83E1C1330:LeaderElection1] INFO  impl.RaftServerImpl (ServerState.java:setRaftConf(354)) - 0bbc1277-be6f-4bf3-88cf-1c3b12e139ad@group-3AA83E1C1330: set configuration 0: [0bbc1277-be6f-4bf3-88cf-1c3b12e139ad:192.168.30.10:46701], old=null at 0
2019-09-25 05:52:31,605 [RatisPipelineUtilsThread] INFO  pipeline.PipelineStateManager (PipelineStateManager.java:addPipeline(56)) - Created pipeline Pipeline[ Id: 38ed0969-6afa-4ec1-8aaa-0529369cd838, Nodes: 0bbc1277-be6f-4bf3-88cf-1c3b12e139ad{ip: 192.168.30.10, host: pr-hdds-1569-s62bp-3040748787, networkLocation: /default-rack, certSerialId: null}, Type:RATIS, Factor:ONE, State:OPEN]
2019-09-25 05:52:31,612 [grpc-default-executor-0] INFO  impl.RaftServerProxy (RaftServerProxy.java:addNew(89)) - 754f3588-47e6-41ad-b34e-eb7041cce070: addNew group-C3114859B4D1:[754f3588-47e6-41ad-b34e-eb7041cce070:192.168.30.10:41089] returns group-C3114859B4D1:java.util.concurrent.CompletableFuture@79722617[Not completed]
2019-09-25 05:52:31,613 [pool-47-thread-1] INFO  impl.RaftServerImpl (RaftServerImpl.java:<init>(95)) - 754f3588-47e6-41ad-b34e-eb7041cce070: new RaftServerImpl for group-C3114859B4D1:[754f3588-47e6-41ad-b34e-eb7041cce070:192.168.30.10:41089] with ContainerStateMachine:uninitialized
2019-09-25 05:52:31,613 [pool-47-thread-1] INFO  server.RaftServerConfigKeys (ConfUtils.java:logGet(43)) - raft.server.rpc.timeout.min = 5s (custom)
2019-09-25 05:52:31,614 [pool-47-thread-1] INFO  server.RaftServerConfigKeys (ConfUtils.java:logGet(43)) - raft.server.rpc.timeout.max = 5200ms (custom)
2019-09-25 05:52:31,614 [pool-47-thread-1] INFO  server.RaftServerConfigKeys (ConfUtils.java:logGet(43)) - raft.server.rpcslowness.timeout = 120s (custom)
2019-09-25 05:52:31,614 [pool-47-thread-1] INFO  server.RaftServerConfigKeys (ConfUtils.java:logGet(43)) - raft.server.sleep.deviation.threshold = 300 (default)
2019-09-25 05:52:31,614 [pool-47-thread-1] INFO  server.RaftServerConfigKeys (ConfUtils.java:logGet(43)) - raft.server.log.appender.install.snapshot.enabled = false (custom)
2019-09-25 05:52:31,614 [pool-47-thread-1] INFO  impl.RaftServerImpl (ServerState.java:<init>(103)) - 754f3588-47e6-41ad-b34e-eb7041cce070@group-C3114859B4D1: ConfigurationManager, init=-1: [754f3588-47e6-41ad-b34e-eb7041cce070:192.168.30.10:41089], old=null, confs=<EMPTY_MAP>
2019-09-25 05:52:31,614 [pool-47-thread-1] INFO  server.RaftServerConfigKeys (ConfUtils.java:logGet(43)) - raft.server.storage.dir = [/workdir/hadoop-ozone/integration-test/target/test-dir/MiniOzoneClusterImpl-5fae48a0-8517-4c16-9d39-4001697b8772/datanode-2/data/ratis] (custom)
2019-09-25 05:52:31,614 [pool-47-thread-1] INFO  storage.RaftStorageDirectory (RaftStorageDirectory.java:analyzeStorage(246)) - The storage directory /workdir/hadoop-ozone/integration-test/target/test-dir/MiniOzoneClusterImpl-5fae48a0-8517-4c16-9d39-4001697b8772/datanode-2/data/ratis/cb20c2d9-ffb2-4082-bd09-c3114859b4d1 does not exist. Creating ...
2019-09-25 05:52:31,627 [pool-47-thread-1] INFO  storage.RaftStorageDirectory (RaftStorageDirectory.java:tryLock(328)) - Lock on /workdir/hadoop-ozone/integration-test/target/test-dir/MiniOzoneClusterImpl-5fae48a0-8517-4c16-9d39-4001697b8772/datanode-2/data/ratis/cb20c2d9-ffb2-4082-bd09-c3114859b4d1/in_use.lock acquired by nodename 25594@pr-hdds-1569-s62bp-3040748787
2019-09-25 05:52:31,640 [pool-47-thread-1] INFO  storage.RaftStorage (RaftStorage.java:format(72)) - Storage directory /workdir/hadoop-ozone/integration-test/target/test-dir/MiniOzoneClusterImpl-5fae48a0-8517-4c16-9d39-4001697b8772/datanode-2/data/ratis/cb20c2d9-ffb2-4082-bd09-c3114859b4d1 has been successfully formatted.
2019-09-25 05:52:31,640 [pool-47-thread-1] INFO  ratis.ContainerStateMachine (ContainerStateMachine.java:loadSnapshot(230)) - group-C3114859B4D1: The snapshot info is null. Setting the last applied indexto:(t:0, i:~)
2019-09-25 05:52:31,641 [pool-47-thread-1] INFO  server.RaftServerConfigKeys (ConfUtils.java:logGet(43)) - raft.server.notification.no-leader.timeout = 120s (custom)
2019-09-25 05:52:31,641 [pool-47-thread-1] INFO  server.RaftServerConfigKeys (ConfUtils.java:logGet(43)) - raft.server.log.use.memory = false (default)
2019-09-25 05:52:31,641 [pool-47-thread-1] INFO  server.RaftServerConfigKeys (ConfUtils.java:logGet(43)) - raft.server.log.purge.gap = 1000000 (custom)
2019-09-25 05:52:31,641 [pool-47-thread-1] INFO  server.RaftServerConfigKeys (ConfUtils.java:logGet(43)) - raft.server.log.appender.buffer.byte-limit = 33554432 (custom)
2019-09-25 05:52:31,641 [pool-47-thread-1] INFO  server.RaftServerConfigKeys (ConfUtils.java:logGet(43)) - raft.server.log.segment.size.max = 1048576 (custom)
2019-09-25 05:52:31,641 [pool-47-thread-1] INFO  server.RaftServerConfigKeys (ConfUtils.java:logGet(43)) - raft.server.log.segment.cache.num.max = 2 (custom)
2019-09-25 05:52:31,641 [pool-47-thread-1] INFO  segmented.SegmentedRaftLogWorker (SegmentedRaftLogWorker.java:<init>(172)) - new 754f3588-47e6-41ad-b34e-eb7041cce070@group-C3114859B4D1-SegmentedRaftLogWorker for RaftStorage:Storage Directory /workdir/hadoop-ozone/integration-test/target/test-dir/MiniOzoneClusterImpl-5fae48a0-8517-4c16-9d39-4001697b8772/datanode-2/data/ratis/cb20c2d9-ffb2-4082-bd09-c3114859b4d1
2019-09-25 05:52:31,641 [pool-47-thread-1] INFO  server.RaftServerConfigKeys (ConfUtils.java:logGet(43)) - raft.server.log.queue.byte-limit = 2147483647 (custom)
2019-09-25 05:52:31,641 [pool-47-thread-1] INFO  server.RaftServerConfigKeys (ConfUtils.java:logGet(43)) - raft.server.log.queue.element-limit = 1024 (custom)
2019-09-25 05:52:31,641 [pool-47-thread-1] INFO  server.RaftServerConfigKeys (ConfUtils.java:logGet(43)) - raft.server.log.segment.size.max = 1048576 (custom)
2019-09-25 05:52:31,641 [pool-47-thread-1] INFO  server.RaftServerConfigKeys (ConfUtils.java:logGet(43)) - raft.server.log.preallocated.size = 16384 (custom)
2019-09-25 05:52:31,642 [pool-47-thread-1] INFO  server.RaftServerConfigKeys (ConfUtils.java:logGet(43)) - raft.server.log.write.buffer.size = 33554432 (custom)
2019-09-25 05:52:31,642 [pool-47-thread-1] INFO  server.RaftServerConfigKeys (ConfUtils.java:logGet(43)) - raft.server.log.force.sync.num = 128 (default)
2019-09-25 05:52:31,642 [pool-47-thread-1] INFO  server.RaftServerConfigKeys (ConfUtils.java:logGet(43)) - raft.server.log.statemachine.data.sync = true (default)
2019-09-25 05:52:31,642 [pool-47-thread-1] INFO  server.RaftServerConfigKeys (ConfUtils.java:logGet(43)) - raft.server.log.statemachine.data.sync.timeout = 10s (default)
2019-09-25 05:52:31,642 [pool-47-thread-1] INFO  server.RaftServerConfigKeys (ConfUtils.java:logGet(43)) - raft.server.log.statemachine.data.sync.timeout.retry = -1 (default)
2019-09-25 05:52:31,642 [pool-47-thread-1] INFO  server.RaftServerConfigKeys (ConfUtils.java:logGet(43)) - raft.server.log.statemachine.data.caching.enabled = true (custom)
2019-09-25 05:52:31,642 [pool-47-thread-1] INFO  segmented.SegmentedRaftLogWorker (SegmentedRaftLogWorker.java:lambda$new$0(132)) - 754f3588-47e6-41ad-b34e-eb7041cce070@group-C3114859B4D1-SegmentedRaftLogWorker: flushIndex: setUnconditionally 0 -> -1
2019-09-25 05:52:31,643 [pool-47-thread-1] INFO  server.RaftServerConfigKeys (ConfUtils.java:logGet(43)) - raft.server.snapshot.auto.trigger.enabled = true (custom)
2019-09-25 05:52:31,643 [pool-47-thread-1] INFO  server.RaftServerConfigKeys (ConfUtils.java:logGet(43)) - raft.server.snapshot.auto.trigger.threshold = 10000 (custom)
2019-09-25 05:52:31,643 [pool-47-thread-1] INFO  server.RaftServerConfigKeys (ConfUtils.java:logGet(43)) - raft.server.snapshot.retention.num.files = 5 (custom)
2019-09-25 05:52:31,643 [pool-47-thread-1] INFO  server.RaftServerConfigKeys (ConfUtils.java:logGet(43)) - raft.server.retrycache.expirytime = 600000ms (custom)
2019-09-25 05:52:31,645 [pool-47-thread-1] INFO  impl.RaftServerImpl (RaftServerImpl.java:start(185)) - 754f3588-47e6-41ad-b34e-eb7041cce070@group-C3114859B4D1: start as a follower, conf=-1: [754f3588-47e6-41ad-b34e-eb7041cce070:192.168.30.10:41089], old=null
2019-09-25 05:52:31,645 [pool-47-thread-1] INFO  impl.RaftServerImpl (RaftServerImpl.java:setRole(174)) - 754f3588-47e6-41ad-b34e-eb7041cce070@group-C3114859B4D1: changes role from      null to FOLLOWER at term 0 for startAsFollower
2019-09-25 05:52:31,645 [pool-47-thread-1] INFO  impl.RoleInfo (RoleInfo.java:updateAndGet(143)) - 754f3588-47e6-41ad-b34e-eb7041cce070: start FollowerState
2019-09-25 05:52:31,645 [pool-47-thread-1] INFO  util.JmxRegister (JmxRegister.java:tryRegister(44)) - Successfully registered JMX Bean with object name Ratis:service=RaftServer,group=group-C3114859B4D1,id=754f3588-47e6-41ad-b34e-eb7041cce070
2019-09-25 05:52:31,645 [Thread-186] INFO  impl.FollowerState (FollowerState.java:run(106)) - 5be219b2-97fd-4a8c-91ea-b15aa89454d4:group-E669D28F0EF2 changes to CANDIDATE, lastRpcTime:5079, electionTimeout:5078ms
2019-09-25 05:52:31,646 [Thread-186] INFO  impl.RoleInfo (RoleInfo.java:shutdownFollowerState(121)) - 5be219b2-97fd-4a8c-91ea-b15aa89454d4: shutdown FollowerState
2019-09-25 05:52:31,646 [Thread-186] INFO  impl.RaftServerImpl (RaftServerImpl.java:setRole(174)) - 5be219b2-97fd-4a8c-91ea-b15aa89454d4@group-E669D28F0EF2: changes role from  FOLLOWER to CANDIDATE at term 0 for changeToCandidate
2019-09-25 05:52:31,646 [Thread-186] INFO  impl.RoleInfo (RoleInfo.java:updateAndGet(143)) - 5be219b2-97fd-4a8c-91ea-b15aa89454d4: start LeaderElection
2019-09-25 05:52:31,651 [RatisPipelineUtilsThread] INFO  pipeline.PipelineStateManager (PipelineStateManager.java:addPipeline(56)) - Created pipeline Pipeline[ Id: cb20c2d9-ffb2-4082-bd09-c3114859b4d1, Nodes: 754f3588-47e6-41ad-b34e-eb7041cce070{ip: 192.168.30.10, host: pr-hdds-1569-s62bp-3040748787, networkLocation: /default-rack, certSerialId: null}, Type:RATIS, Factor:ONE, State:OPEN]
2019-09-25 05:52:31,657 [grpc-default-executor-0] INFO  impl.RaftServerProxy (RaftServerProxy.java:addNew(89)) - 754f3588-47e6-41ad-b34e-eb7041cce070: addNew group-68E8BDB01568:[754f3588-47e6-41ad-b34e-eb7041cce070:192.168.30.10:41089] returns group-68E8BDB01568:java.util.concurrent.CompletableFuture@1e2afef0[Not completed]
2019-09-25 05:52:31,657 [pool-47-thread-1] INFO  impl.RaftServerImpl (RaftServerImpl.java:<init>(95)) - 754f3588-47e6-41ad-b34e-eb7041cce070: new RaftServerImpl for group-68E8BDB01568:[754f3588-47e6-41ad-b34e-eb7041cce070:192.168.30.10:41089] with ContainerStateMachine:uninitialized
2019-09-25 05:52:31,657 [pool-47-thread-1] INFO  server.RaftServerConfigKeys (ConfUtils.java:logGet(43)) - raft.server.rpc.timeout.min = 5s (custom)
2019-09-25 05:52:31,657 [pool-47-thread-1] INFO  server.RaftServerConfigKeys (ConfUtils.java:logGet(43)) - raft.server.rpc.timeout.max = 5200ms (custom)
2019-09-25 05:52:31,657 [pool-47-thread-1] INFO  server.RaftServerConfigKeys (ConfUtils.java:logGet(43)) - raft.server.rpcslowness.timeout = 120s (custom)
2019-09-25 05:52:31,658 [pool-47-thread-1] INFO  server.RaftServerConfigKeys (ConfUtils.java:logGet(43)) - raft.server.sleep.deviation.threshold = 300 (default)
2019-09-25 05:52:31,658 [pool-47-thread-1] INFO  server.RaftServerConfigKeys (ConfUtils.java:logGet(43)) - raft.server.log.appender.install.snapshot.enabled = false (custom)
2019-09-25 05:52:31,658 [pool-47-thread-1] INFO  impl.RaftServerImpl (ServerState.java:<init>(103)) - 754f3588-47e6-41ad-b34e-eb7041cce070@group-68E8BDB01568: ConfigurationManager, init=-1: [754f3588-47e6-41ad-b34e-eb7041cce070:192.168.30.10:41089], old=null, confs=<EMPTY_MAP>
2019-09-25 05:52:31,658 [pool-47-thread-1] INFO  server.RaftServerConfigKeys (ConfUtils.java:logGet(43)) - raft.server.storage.dir = [/workdir/hadoop-ozone/integration-test/target/test-dir/MiniOzoneClusterImpl-5fae48a0-8517-4c16-9d39-4001697b8772/datanode-2/data/ratis] (custom)
2019-09-25 05:52:31,658 [pool-47-thread-1] INFO  storage.RaftStorageDirectory (RaftStorageDirectory.java:analyzeStorage(246)) - The storage directory /workdir/hadoop-ozone/integration-test/target/test-dir/MiniOzoneClusterImpl-5fae48a0-8517-4c16-9d39-4001697b8772/datanode-2/data/ratis/1fa07e90-d742-40e7-a5d5-68e8bdb01568 does not exist. Creating ...
2019-09-25 05:52:31,675 [pool-47-thread-1] INFO  storage.RaftStorageDirectory (RaftStorageDirectory.java:tryLock(328)) - Lock on /workdir/hadoop-ozone/integration-test/target/test-dir/MiniOzoneClusterImpl-5fae48a0-8517-4c16-9d39-4001697b8772/datanode-2/data/ratis/1fa07e90-d742-40e7-a5d5-68e8bdb01568/in_use.lock acquired by nodename 25594@pr-hdds-1569-s62bp-3040748787
2019-09-25 05:52:31,676 [5be219b2-97fd-4a8c-91ea-b15aa89454d4@group-E669D28F0EF2:LeaderElection3] INFO  impl.LeaderElection (LeaderElection.java:askForVotes(182)) - 5be219b2-97fd-4a8c-91ea-b15aa89454d4@group-E669D28F0EF2:LeaderElection3: begin an election at term 1 for -1: [5be219b2-97fd-4a8c-91ea-b15aa89454d4:192.168.30.10:40625], old=null
2019-09-25 05:52:31,676 [5be219b2-97fd-4a8c-91ea-b15aa89454d4@group-E669D28F0EF2:LeaderElection3] INFO  impl.RoleInfo (RoleInfo.java:shutdownLeaderElection(134)) - 5be219b2-97fd-4a8c-91ea-b15aa89454d4: shutdown LeaderElection
2019-09-25 05:52:31,676 [5be219b2-97fd-4a8c-91ea-b15aa89454d4@group-E669D28F0EF2:LeaderElection3] INFO  impl.RaftServerImpl (RaftServerImpl.java:setRole(174)) - 5be219b2-97fd-4a8c-91ea-b15aa89454d4@group-E669D28F0EF2: changes role from CANDIDATE to LEADER at term 1 for changeToLeader
2019-09-25 05:52:31,676 [5be219b2-97fd-4a8c-91ea-b15aa89454d4@group-E669D28F0EF2:LeaderElection3] INFO  impl.RaftServerImpl (ServerState.java:setLeader(253)) - 5be219b2-97fd-4a8c-91ea-b15aa89454d4@group-E669D28F0EF2: change Leader from null to 5be219b2-97fd-4a8c-91ea-b15aa89454d4 at term 1 for becomeLeader, leader elected after 5122ms
2019-09-25 05:52:31,676 [5be219b2-97fd-4a8c-91ea-b15aa89454d4@group-E669D28F0EF2:LeaderElection3] INFO  server.RaftServerConfigKeys (ConfUtils.java:logGet(43)) - raft.server.staging.catchup.gap = 1000 (default)
2019-09-25 05:52:31,676 [5be219b2-97fd-4a8c-91ea-b15aa89454d4@group-E669D28F0EF2:LeaderElection3] INFO  server.RaftServerConfigKeys (ConfUtils.java:logGet(43)) - raft.server.rpc.sleep.time = 25ms (default)
2019-09-25 05:52:31,676 [5be219b2-97fd-4a8c-91ea-b15aa89454d4@group-E669D28F0EF2:LeaderElection3] INFO  server.RaftServerConfigKeys (ConfUtils.java:logGet(43)) - raft.server.write.element-limit = 4096 (default)
2019-09-25 05:52:31,676 [5be219b2-97fd-4a8c-91ea-b15aa89454d4@group-E669D28F0EF2:LeaderElection3] INFO  server.RaftServerConfigKeys (ConfUtils.java:logGet(43)) - raft.server.watch.timeout = 10s (default)
2019-09-25 05:52:31,676 [5be219b2-97fd-4a8c-91ea-b15aa89454d4@group-E669D28F0EF2:LeaderElection3] INFO  server.RaftServerConfigKeys (ConfUtils.java:logGet(43)) - raft.server.watch.timeout.denomination = 1s (default)
2019-09-25 05:52:31,676 [5be219b2-97fd-4a8c-91ea-b15aa89454d4@group-E669D28F0EF2:LeaderElection3] INFO  server.RaftServerConfigKeys (ConfUtils.java:logGet(43)) - raft.server.watch.element-limit = 65536 (default)
2019-09-25 05:52:31,678 [5be219b2-97fd-4a8c-91ea-b15aa89454d4@group-E669D28F0EF2:LeaderElection3] INFO  impl.RoleInfo (RoleInfo.java:updateAndGet(143)) - 5be219b2-97fd-4a8c-91ea-b15aa89454d4: start LeaderState
2019-09-25 05:52:31,678 [5be219b2-97fd-4a8c-91ea-b15aa89454d4@group-E669D28F0EF2:LeaderElection3] INFO  segmented.SegmentedRaftLogWorker (SegmentedRaftLogWorker.java:startLogSegment(380)) - 5be219b2-97fd-4a8c-91ea-b15aa89454d4@group-E669D28F0EF2-SegmentedRaftLogWorker: Starting segment from index:0
2019-09-25 05:52:31,678 [5be219b2-97fd-4a8c-91ea-b15aa89454d4@group-E669D28F0EF2:LeaderElection3] INFO  impl.RaftServerImpl (ServerState.java:setRaftConf(354)) - 5be219b2-97fd-4a8c-91ea-b15aa89454d4@group-E669D28F0EF2: set configuration 0: [5be219b2-97fd-4a8c-91ea-b15aa89454d4:192.168.30.10:40625], old=null at 0
2019-09-25 05:52:31,689 [pool-47-thread-1] INFO  storage.RaftStorage (RaftStorage.java:format(72)) - Storage directory /workdir/hadoop-ozone/integration-test/target/test-dir/MiniOzoneClusterImpl-5fae48a0-8517-4c16-9d39-4001697b8772/datanode-2/data/ratis/1fa07e90-d742-40e7-a5d5-68e8bdb01568 has been successfully formatted.
2019-09-25 05:52:31,689 [pool-47-thread-1] INFO  ratis.ContainerStateMachine (ContainerStateMachine.java:loadSnapshot(230)) - group-68E8BDB01568: The snapshot info is null. Setting the last applied indexto:(t:0, i:~)
2019-09-25 05:52:31,690 [pool-47-thread-1] INFO  server.RaftServerConfigKeys (ConfUtils.java:logGet(43)) - raft.server.notification.no-leader.timeout = 120s (custom)
2019-09-25 05:52:31,690 [pool-47-thread-1] INFO  server.RaftServerConfigKeys (ConfUtils.java:logGet(43)) - raft.server.log.use.memory = false (default)
2019-09-25 05:52:31,690 [pool-47-thread-1] INFO  server.RaftServerConfigKeys (ConfUtils.java:logGet(43)) - raft.server.log.purge.gap = 1000000 (custom)
2019-09-25 05:52:31,690 [pool-47-thread-1] INFO  server.RaftServerConfigKeys (ConfUtils.java:logGet(43)) - raft.server.log.appender.buffer.byte-limit = 33554432 (custom)
2019-09-25 05:52:31,690 [pool-47-thread-1] INFO  server.RaftServerConfigKeys (ConfUtils.java:logGet(43)) - raft.server.log.segment.size.max = 1048576 (custom)
2019-09-25 05:52:31,690 [pool-47-thread-1] INFO  server.RaftServerConfigKeys (ConfUtils.java:logGet(43)) - raft.server.log.segment.cache.num.max = 2 (custom)
2019-09-25 05:52:31,690 [pool-47-thread-1] INFO  segmented.SegmentedRaftLogWorker (SegmentedRaftLogWorker.java:<init>(172)) - new 754f3588-47e6-41ad-b34e-eb7041cce070@group-68E8BDB01568-SegmentedRaftLogWorker for RaftStorage:Storage Directory /workdir/hadoop-ozone/integration-test/target/test-dir/MiniOzoneClusterImpl-5fae48a0-8517-4c16-9d39-4001697b8772/datanode-2/data/ratis/1fa07e90-d742-40e7-a5d5-68e8bdb01568
2019-09-25 05:52:31,691 [pool-47-thread-1] INFO  server.RaftServerConfigKeys (ConfUtils.java:logGet(43)) - raft.server.log.queue.byte-limit = 2147483647 (custom)
2019-09-25 05:52:31,691 [pool-47-thread-1] INFO  server.RaftServerConfigKeys (ConfUtils.java:logGet(43)) - raft.server.log.queue.element-limit = 1024 (custom)
2019-09-25 05:52:31,691 [pool-47-thread-1] INFO  server.RaftServerConfigKeys (ConfUtils.java:logGet(43)) - raft.server.log.segment.size.max = 1048576 (custom)
2019-09-25 05:52:31,691 [pool-47-thread-1] INFO  server.RaftServerConfigKeys (ConfUtils.java:logGet(43)) - raft.server.log.preallocated.size = 16384 (custom)
2019-09-25 05:52:31,691 [pool-47-thread-1] INFO  server.RaftServerConfigKeys (ConfUtils.java:logGet(43)) - raft.server.log.write.buffer.size = 33554432 (custom)
2019-09-25 05:52:31,691 [pool-47-thread-1] INFO  server.RaftServerConfigKeys (ConfUtils.java:logGet(43)) - raft.server.log.force.sync.num = 128 (default)
2019-09-25 05:52:31,691 [pool-47-thread-1] INFO  server.RaftServerConfigKeys (ConfUtils.java:logGet(43)) - raft.server.log.statemachine.data.sync = true (default)
2019-09-25 05:52:31,692 [pool-47-thread-1] INFO  server.RaftServerConfigKeys (ConfUtils.java:logGet(43)) - raft.server.log.statemachine.data.sync.timeout = 10s (default)
2019-09-25 05:52:31,692 [pool-47-thread-1] INFO  server.RaftServerConfigKeys (ConfUtils.java:logGet(43)) - raft.server.log.statemachine.data.sync.timeout.retry = -1 (default)
2019-09-25 05:52:31,692 [pool-47-thread-1] INFO  server.RaftServerConfigKeys (ConfUtils.java:logGet(43)) - raft.server.log.statemachine.data.caching.enabled = true (custom)
2019-09-25 05:52:31,692 [pool-47-thread-1] INFO  segmented.SegmentedRaftLogWorker (SegmentedRaftLogWorker.java:lambda$new$0(132)) - 754f3588-47e6-41ad-b34e-eb7041cce070@group-68E8BDB01568-SegmentedRaftLogWorker: flushIndex: setUnconditionally 0 -> -1
2019-09-25 05:52:31,693 [pool-47-thread-1] INFO  server.RaftServerConfigKeys (ConfUtils.java:logGet(43)) - raft.server.snapshot.auto.trigger.enabled = true (custom)
2019-09-25 05:52:31,693 [pool-47-thread-1] INFO  server.RaftServerConfigKeys (ConfUtils.java:logGet(43)) - raft.server.snapshot.auto.trigger.threshold = 10000 (custom)
2019-09-25 05:52:31,693 [pool-47-thread-1] INFO  server.RaftServerConfigKeys (ConfUtils.java:logGet(43)) - raft.server.snapshot.retention.num.files = 5 (custom)
2019-09-25 05:52:31,693 [pool-47-thread-1] INFO  server.RaftServerConfigKeys (ConfUtils.java:logGet(43)) - raft.server.retrycache.expirytime = 600000ms (custom)
2019-09-25 05:52:31,696 [pool-47-thread-1] INFO  impl.RaftServerImpl (RaftServerImpl.java:start(185)) - 754f3588-47e6-41ad-b34e-eb7041cce070@group-68E8BDB01568: start as a follower, conf=-1: [754f3588-47e6-41ad-b34e-eb7041cce070:192.168.30.10:41089], old=null
2019-09-25 05:52:31,696 [pool-47-thread-1] INFO  impl.RaftServerImpl (RaftServerImpl.java:setRole(174)) - 754f3588-47e6-41ad-b34e-eb7041cce070@group-68E8BDB01568: changes role from      null to FOLLOWER at term 0 for startAsFollower
2019-09-25 05:52:31,696 [pool-47-thread-1] INFO  impl.RoleInfo (RoleInfo.java:updateAndGet(143)) - 754f3588-47e6-41ad-b34e-eb7041cce070: start FollowerState
2019-09-25 05:52:31,696 [pool-47-thread-1] INFO  util.JmxRegister (JmxRegister.java:tryRegister(44)) - Successfully registered JMX Bean with object name Ratis:service=RaftServer,group=group-68E8BDB01568,id=754f3588-47e6-41ad-b34e-eb7041cce070
2019-09-25 05:52:31,699 [RatisPipelineUtilsThread] INFO  pipeline.PipelineStateManager (PipelineStateManager.java:addPipeline(56)) - Created pipeline Pipeline[ Id: 1fa07e90-d742-40e7-a5d5-68e8bdb01568, Nodes: 754f3588-47e6-41ad-b34e-eb7041cce070{ip: 192.168.30.10, host: pr-hdds-1569-s62bp-3040748787, networkLocation: /default-rack, certSerialId: null}, Type:RATIS, Factor:ONE, State:OPEN]
2019-09-25 05:52:31,703 [grpc-default-executor-0] INFO  impl.RaftServerProxy (RaftServerProxy.java:addNew(89)) - 5be219b2-97fd-4a8c-91ea-b15aa89454d4: addNew group-594F27088C27:[5be219b2-97fd-4a8c-91ea-b15aa89454d4:192.168.30.10:40625] returns group-594F27088C27:java.util.concurrent.CompletableFuture@705398de[Not completed]
2019-09-25 05:52:31,705 [pool-37-thread-1] INFO  impl.RaftServerImpl (RaftServerImpl.java:<init>(95)) - 5be219b2-97fd-4a8c-91ea-b15aa89454d4: new RaftServerImpl for group-594F27088C27:[5be219b2-97fd-4a8c-91ea-b15aa89454d4:192.168.30.10:40625] with ContainerStateMachine:uninitialized
2019-09-25 05:52:31,705 [pool-37-thread-1] INFO  server.RaftServerConfigKeys (ConfUtils.java:logGet(43)) - raft.server.rpc.timeout.min = 5s (custom)
2019-09-25 05:52:31,705 [pool-37-thread-1] INFO  server.RaftServerConfigKeys (ConfUtils.java:logGet(43)) - raft.server.rpc.timeout.max = 5200ms (custom)
2019-09-25 05:52:31,705 [pool-37-thread-1] INFO  server.RaftServerConfigKeys (ConfUtils.java:logGet(43)) - raft.server.rpcslowness.timeout = 120s (custom)
2019-09-25 05:52:31,705 [pool-37-thread-1] INFO  server.RaftServerConfigKeys (ConfUtils.java:logGet(43)) - raft.server.sleep.deviation.threshold = 300 (default)
2019-09-25 05:52:31,705 [pool-37-thread-1] INFO  server.RaftServerConfigKeys (ConfUtils.java:logGet(43)) - raft.server.log.appender.install.snapshot.enabled = false (custom)
2019-09-25 05:52:31,705 [pool-37-thread-1] INFO  impl.RaftServerImpl (ServerState.java:<init>(103)) - 5be219b2-97fd-4a8c-91ea-b15aa89454d4@group-594F27088C27: ConfigurationManager, init=-1: [5be219b2-97fd-4a8c-91ea-b15aa89454d4:192.168.30.10:40625], old=null, confs=<EMPTY_MAP>
2019-09-25 05:52:31,705 [pool-37-thread-1] INFO  server.RaftServerConfigKeys (ConfUtils.java:logGet(43)) - raft.server.storage.dir = [/workdir/hadoop-ozone/integration-test/target/test-dir/MiniOzoneClusterImpl-5fae48a0-8517-4c16-9d39-4001697b8772/datanode-1/data/ratis] (custom)
2019-09-25 05:52:31,706 [pool-37-thread-1] INFO  storage.RaftStorageDirectory (RaftStorageDirectory.java:analyzeStorage(246)) - The storage directory /workdir/hadoop-ozone/integration-test/target/test-dir/MiniOzoneClusterImpl-5fae48a0-8517-4c16-9d39-4001697b8772/datanode-1/data/ratis/d06f12bf-f1a6-40c2-b2a9-594f27088c27 does not exist. Creating ...
2019-09-25 05:52:31,720 [pool-37-thread-1] INFO  storage.RaftStorageDirectory (RaftStorageDirectory.java:tryLock(328)) - Lock on /workdir/hadoop-ozone/integration-test/target/test-dir/MiniOzoneClusterImpl-5fae48a0-8517-4c16-9d39-4001697b8772/datanode-1/data/ratis/d06f12bf-f1a6-40c2-b2a9-594f27088c27/in_use.lock acquired by nodename 25594@pr-hdds-1569-s62bp-3040748787
2019-09-25 05:52:31,733 [pool-37-thread-1] INFO  storage.RaftStorage (RaftStorage.java:format(72)) - Storage directory /workdir/hadoop-ozone/integration-test/target/test-dir/MiniOzoneClusterImpl-5fae48a0-8517-4c16-9d39-4001697b8772/datanode-1/data/ratis/d06f12bf-f1a6-40c2-b2a9-594f27088c27 has been successfully formatted.
2019-09-25 05:52:31,733 [pool-37-thread-1] INFO  ratis.ContainerStateMachine (ContainerStateMachine.java:loadSnapshot(230)) - group-594F27088C27: The snapshot info is null. Setting the last applied indexto:(t:0, i:~)
2019-09-25 05:52:31,733 [pool-37-thread-1] INFO  server.RaftServerConfigKeys (ConfUtils.java:logGet(43)) - raft.server.notification.no-leader.timeout = 120s (custom)
2019-09-25 05:52:31,733 [pool-37-thread-1] INFO  server.RaftServerConfigKeys (ConfUtils.java:logGet(43)) - raft.server.log.use.memory = false (default)
2019-09-25 05:52:31,733 [pool-37-thread-1] INFO  server.RaftServerConfigKeys (ConfUtils.java:logGet(43)) - raft.server.log.purge.gap = 1000000 (custom)
2019-09-25 05:52:31,733 [pool-37-thread-1] INFO  server.RaftServerConfigKeys (ConfUtils.java:logGet(43)) - raft.server.log.appender.buffer.byte-limit = 33554432 (custom)
2019-09-25 05:52:31,733 [pool-37-thread-1] INFO  server.RaftServerConfigKeys (ConfUtils.java:logGet(43)) - raft.server.log.segment.size.max = 1048576 (custom)
2019-09-25 05:52:31,734 [pool-37-thread-1] INFO  server.RaftServerConfigKeys (ConfUtils.java:logGet(43)) - raft.server.log.segment.cache.num.max = 2 (custom)
2019-09-25 05:52:31,734 [pool-37-thread-1] INFO  segmented.SegmentedRaftLogWorker (SegmentedRaftLogWorker.java:<init>(172)) - new 5be219b2-97fd-4a8c-91ea-b15aa89454d4@group-594F27088C27-SegmentedRaftLogWorker for RaftStorage:Storage Directory /workdir/hadoop-ozone/integration-test/target/test-dir/MiniOzoneClusterImpl-5fae48a0-8517-4c16-9d39-4001697b8772/datanode-1/data/ratis/d06f12bf-f1a6-40c2-b2a9-594f27088c27
2019-09-25 05:52:31,734 [pool-37-thread-1] INFO  server.RaftServerConfigKeys (ConfUtils.java:logGet(43)) - raft.server.log.queue.byte-limit = 2147483647 (custom)
2019-09-25 05:52:31,734 [pool-37-thread-1] INFO  server.RaftServerConfigKeys (ConfUtils.java:logGet(43)) - raft.server.log.queue.element-limit = 1024 (custom)
2019-09-25 05:52:31,734 [pool-37-thread-1] INFO  server.RaftServerConfigKeys (ConfUtils.java:logGet(43)) - raft.server.log.segment.size.max = 1048576 (custom)
2019-09-25 05:52:31,734 [pool-37-thread-1] INFO  server.RaftServerConfigKeys (ConfUtils.java:logGet(43)) - raft.server.log.preallocated.size = 16384 (custom)
2019-09-25 05:52:31,734 [pool-37-thread-1] INFO  server.RaftServerConfigKeys (ConfUtils.java:logGet(43)) - raft.server.log.write.buffer.size = 33554432 (custom)
2019-09-25 05:52:31,734 [pool-37-thread-1] INFO  server.RaftServerConfigKeys (ConfUtils.java:logGet(43)) - raft.server.log.force.sync.num = 128 (default)
2019-09-25 05:52:31,734 [pool-37-thread-1] INFO  server.RaftServerConfigKeys (ConfUtils.java:logGet(43)) - raft.server.log.statemachine.data.sync = true (default)
2019-09-25 05:52:31,735 [pool-37-thread-1] INFO  server.RaftServerConfigKeys (ConfUtils.java:logGet(43)) - raft.server.log.statemachine.data.sync.timeout = 10s (default)
2019-09-25 05:52:31,735 [pool-37-thread-1] INFO  server.RaftServerConfigKeys (ConfUtils.java:logGet(43)) - raft.server.log.statemachine.data.sync.timeout.retry = -1 (default)
2019-09-25 05:52:31,735 [pool-37-thread-1] INFO  server.RaftServerConfigKeys (ConfUtils.java:logGet(43)) - raft.server.log.statemachine.data.caching.enabled = true (custom)
2019-09-25 05:52:31,735 [pool-37-thread-1] INFO  segmented.SegmentedRaftLogWorker (SegmentedRaftLogWorker.java:lambda$new$0(132)) - 5be219b2-97fd-4a8c-91ea-b15aa89454d4@group-594F27088C27-SegmentedRaftLogWorker: flushIndex: setUnconditionally 0 -> -1
2019-09-25 05:52:31,735 [pool-37-thread-1] INFO  server.RaftServerConfigKeys (ConfUtils.java:logGet(43)) - raft.server.snapshot.auto.trigger.enabled = true (custom)
2019-09-25 05:52:31,735 [pool-37-thread-1] INFO  server.RaftServerConfigKeys (ConfUtils.java:logGet(43)) - raft.server.snapshot.auto.trigger.threshold = 10000 (custom)
2019-09-25 05:52:31,735 [pool-37-thread-1] INFO  server.RaftServerConfigKeys (ConfUtils.java:logGet(43)) - raft.server.snapshot.retention.num.files = 5 (custom)
2019-09-25 05:52:31,736 [pool-37-thread-1] INFO  server.RaftServerConfigKeys (ConfUtils.java:logGet(43)) - raft.server.retrycache.expirytime = 600000ms (custom)
2019-09-25 05:52:31,737 [pool-37-thread-1] INFO  impl.RaftServerImpl (RaftServerImpl.java:start(185)) - 5be219b2-97fd-4a8c-91ea-b15aa89454d4@group-594F27088C27: start as a follower, conf=-1: [5be219b2-97fd-4a8c-91ea-b15aa89454d4:192.168.30.10:40625], old=null
2019-09-25 05:52:31,737 [pool-37-thread-1] INFO  impl.RaftServerImpl (RaftServerImpl.java:setRole(174)) - 5be219b2-97fd-4a8c-91ea-b15aa89454d4@group-594F27088C27: changes role from      null to FOLLOWER at term 0 for startAsFollower
2019-09-25 05:52:31,738 [pool-37-thread-1] INFO  impl.RoleInfo (RoleInfo.java:updateAndGet(143)) - 5be219b2-97fd-4a8c-91ea-b15aa89454d4: start FollowerState
2019-09-25 05:52:31,738 [pool-37-thread-1] INFO  util.JmxRegister (JmxRegister.java:tryRegister(44)) - Successfully registered JMX Bean with object name Ratis:service=RaftServer,group=group-594F27088C27,id=5be219b2-97fd-4a8c-91ea-b15aa89454d4
2019-09-25 05:52:31,740 [RatisPipelineUtilsThread] INFO  pipeline.PipelineStateManager (PipelineStateManager.java:addPipeline(56)) - Created pipeline Pipeline[ Id: d06f12bf-f1a6-40c2-b2a9-594f27088c27, Nodes: 5be219b2-97fd-4a8c-91ea-b15aa89454d4{ip: 192.168.30.10, host: pr-hdds-1569-s62bp-3040748787, networkLocation: /default-rack, certSerialId: null}, Type:RATIS, Factor:ONE, State:OPEN]
2019-09-25 05:52:31,745 [grpc-default-executor-0] INFO  impl.RaftServerProxy (RaftServerProxy.java:addNew(89)) - 5be219b2-97fd-4a8c-91ea-b15aa89454d4: addNew group-37BCAE1ED488:[5be219b2-97fd-4a8c-91ea-b15aa89454d4:192.168.30.10:40625] returns group-37BCAE1ED488:java.util.concurrent.CompletableFuture@28503ce1[Not completed]
2019-09-25 05:52:31,746 [pool-37-thread-1] INFO  impl.RaftServerImpl (RaftServerImpl.java:<init>(95)) - 5be219b2-97fd-4a8c-91ea-b15aa89454d4: new RaftServerImpl for group-37BCAE1ED488:[5be219b2-97fd-4a8c-91ea-b15aa89454d4:192.168.30.10:40625] with ContainerStateMachine:uninitialized
2019-09-25 05:52:31,746 [pool-37-thread-1] INFO  server.RaftServerConfigKeys (ConfUtils.java:logGet(43)) - raft.server.rpc.timeout.min = 5s (custom)
2019-09-25 05:52:31,746 [pool-37-thread-1] INFO  server.RaftServerConfigKeys (ConfUtils.java:logGet(43)) - raft.server.rpc.timeout.max = 5200ms (custom)
2019-09-25 05:52:31,746 [pool-37-thread-1] INFO  server.RaftServerConfigKeys (ConfUtils.java:logGet(43)) - raft.server.rpcslowness.timeout = 120s (custom)
2019-09-25 05:52:31,746 [pool-37-thread-1] INFO  server.RaftServerConfigKeys (ConfUtils.java:logGet(43)) - raft.server.sleep.deviation.threshold = 300 (default)
2019-09-25 05:52:31,746 [pool-37-thread-1] INFO  server.RaftServerConfigKeys (ConfUtils.java:logGet(43)) - raft.server.log.appender.install.snapshot.enabled = false (custom)
2019-09-25 05:52:31,746 [pool-37-thread-1] INFO  impl.RaftServerImpl (ServerState.java:<init>(103)) - 5be219b2-97fd-4a8c-91ea-b15aa89454d4@group-37BCAE1ED488: ConfigurationManager, init=-1: [5be219b2-97fd-4a8c-91ea-b15aa89454d4:192.168.30.10:40625], old=null, confs=<EMPTY_MAP>
2019-09-25 05:52:31,747 [pool-37-thread-1] INFO  server.RaftServerConfigKeys (ConfUtils.java:logGet(43)) - raft.server.storage.dir = [/workdir/hadoop-ozone/integration-test/target/test-dir/MiniOzoneClusterImpl-5fae48a0-8517-4c16-9d39-4001697b8772/datanode-1/data/ratis] (custom)
2019-09-25 05:52:31,747 [pool-37-thread-1] INFO  storage.RaftStorageDirectory (RaftStorageDirectory.java:analyzeStorage(246)) - The storage directory /workdir/hadoop-ozone/integration-test/target/test-dir/MiniOzoneClusterImpl-5fae48a0-8517-4c16-9d39-4001697b8772/datanode-1/data/ratis/a622f9de-184f-4f43-8d45-37bcae1ed488 does not exist. Creating ...
2019-09-25 05:52:31,759 [pool-37-thread-1] INFO  storage.RaftStorageDirectory (RaftStorageDirectory.java:tryLock(328)) - Lock on /workdir/hadoop-ozone/integration-test/target/test-dir/MiniOzoneClusterImpl-5fae48a0-8517-4c16-9d39-4001697b8772/datanode-1/data/ratis/a622f9de-184f-4f43-8d45-37bcae1ed488/in_use.lock acquired by nodename 25594@pr-hdds-1569-s62bp-3040748787
2019-09-25 05:52:31,772 [pool-37-thread-1] INFO  storage.RaftStorage (RaftStorage.java:format(72)) - Storage directory /workdir/hadoop-ozone/integration-test/target/test-dir/MiniOzoneClusterImpl-5fae48a0-8517-4c16-9d39-4001697b8772/datanode-1/data/ratis/a622f9de-184f-4f43-8d45-37bcae1ed488 has been successfully formatted.
2019-09-25 05:52:31,772 [pool-37-thread-1] INFO  ratis.ContainerStateMachine (ContainerStateMachine.java:loadSnapshot(230)) - group-37BCAE1ED488: The snapshot info is null. Setting the last applied indexto:(t:0, i:~)
2019-09-25 05:52:31,772 [pool-37-thread-1] INFO  server.RaftServerConfigKeys (ConfUtils.java:logGet(43)) - raft.server.notification.no-leader.timeout = 120s (custom)
2019-09-25 05:52:31,772 [pool-37-thread-1] INFO  server.RaftServerConfigKeys (ConfUtils.java:logGet(43)) - raft.server.log.use.memory = false (default)
2019-09-25 05:52:31,772 [pool-37-thread-1] INFO  server.RaftServerConfigKeys (ConfUtils.java:logGet(43)) - raft.server.log.purge.gap = 1000000 (custom)
2019-09-25 05:52:31,772 [pool-37-thread-1] INFO  server.RaftServerConfigKeys (ConfUtils.java:logGet(43)) - raft.server.log.appender.buffer.byte-limit = 33554432 (custom)
2019-09-25 05:52:31,772 [pool-37-thread-1] INFO  server.RaftServerConfigKeys (ConfUtils.java:logGet(43)) - raft.server.log.segment.size.max = 1048576 (custom)
2019-09-25 05:52:31,772 [pool-37-thread-1] INFO  server.RaftServerConfigKeys (ConfUtils.java:logGet(43)) - raft.server.log.segment.cache.num.max = 2 (custom)
2019-09-25 05:52:31,773 [pool-37-thread-1] INFO  segmented.SegmentedRaftLogWorker (SegmentedRaftLogWorker.java:<init>(172)) - new 5be219b2-97fd-4a8c-91ea-b15aa89454d4@group-37BCAE1ED488-SegmentedRaftLogWorker for RaftStorage:Storage Directory /workdir/hadoop-ozone/integration-test/target/test-dir/MiniOzoneClusterImpl-5fae48a0-8517-4c16-9d39-4001697b8772/datanode-1/data/ratis/a622f9de-184f-4f43-8d45-37bcae1ed488
2019-09-25 05:52:31,773 [pool-37-thread-1] INFO  server.RaftServerConfigKeys (ConfUtils.java:logGet(43)) - raft.server.log.queue.byte-limit = 2147483647 (custom)
2019-09-25 05:52:31,773 [pool-37-thread-1] INFO  server.RaftServerConfigKeys (ConfUtils.java:logGet(43)) - raft.server.log.queue.element-limit = 1024 (custom)
2019-09-25 05:52:31,773 [pool-37-thread-1] INFO  server.RaftServerConfigKeys (ConfUtils.java:logGet(43)) - raft.server.log.segment.size.max = 1048576 (custom)
2019-09-25 05:52:31,773 [pool-37-thread-1] INFO  server.RaftServerConfigKeys (ConfUtils.java:logGet(43)) - raft.server.log.preallocated.size = 16384 (custom)
2019-09-25 05:52:31,773 [pool-37-thread-1] INFO  server.RaftServerConfigKeys (ConfUtils.java:logGet(43)) - raft.server.log.write.buffer.size = 33554432 (custom)
2019-09-25 05:52:31,773 [pool-37-thread-1] INFO  server.RaftServerConfigKeys (ConfUtils.java:logGet(43)) - raft.server.log.force.sync.num = 128 (default)
2019-09-25 05:52:31,773 [pool-37-thread-1] INFO  server.RaftServerConfigKeys (ConfUtils.java:logGet(43)) - raft.server.log.statemachine.data.sync = true (default)
2019-09-25 05:52:31,773 [pool-37-thread-1] INFO  server.RaftServerConfigKeys (ConfUtils.java:logGet(43)) - raft.server.log.statemachine.data.sync.timeout = 10s (default)
2019-09-25 05:52:31,773 [pool-37-thread-1] INFO  server.RaftServerConfigKeys (ConfUtils.java:logGet(43)) - raft.server.log.statemachine.data.sync.timeout.retry = -1 (default)
2019-09-25 05:52:31,774 [pool-37-thread-1] INFO  server.RaftServerConfigKeys (ConfUtils.java:logGet(43)) - raft.server.log.statemachine.data.caching.enabled = true (custom)
2019-09-25 05:52:31,774 [pool-37-thread-1] INFO  segmented.SegmentedRaftLogWorker (SegmentedRaftLogWorker.java:lambda$new$0(132)) - 5be219b2-97fd-4a8c-91ea-b15aa89454d4@group-37BCAE1ED488-SegmentedRaftLogWorker: flushIndex: setUnconditionally 0 -> -1
2019-09-25 05:52:31,774 [pool-37-thread-1] INFO  server.RaftServerConfigKeys (ConfUtils.java:logGet(43)) - raft.server.snapshot.auto.trigger.enabled = true (custom)
2019-09-25 05:52:31,774 [pool-37-thread-1] INFO  server.RaftServerConfigKeys (ConfUtils.java:logGet(43)) - raft.server.snapshot.auto.trigger.threshold = 10000 (custom)
2019-09-25 05:52:31,774 [pool-37-thread-1] INFO  server.RaftServerConfigKeys (ConfUtils.java:logGet(43)) - raft.server.snapshot.retention.num.files = 5 (custom)
2019-09-25 05:52:31,774 [pool-37-thread-1] INFO  server.RaftServerConfigKeys (ConfUtils.java:logGet(43)) - raft.server.retrycache.expirytime = 600000ms (custom)
2019-09-25 05:52:31,776 [pool-37-thread-1] INFO  impl.RaftServerImpl (RaftServerImpl.java:start(185)) - 5be219b2-97fd-4a8c-91ea-b15aa89454d4@group-37BCAE1ED488: start as a follower, conf=-1: [5be219b2-97fd-4a8c-91ea-b15aa89454d4:192.168.30.10:40625], old=null
2019-09-25 05:52:31,776 [pool-37-thread-1] INFO  impl.RaftServerImpl (RaftServerImpl.java:setRole(174)) - 5be219b2-97fd-4a8c-91ea-b15aa89454d4@group-37BCAE1ED488: changes role from      null to FOLLOWER at term 0 for startAsFollower
2019-09-25 05:52:31,776 [pool-37-thread-1] INFO  impl.RoleInfo (RoleInfo.java:updateAndGet(143)) - 5be219b2-97fd-4a8c-91ea-b15aa89454d4: start FollowerState
2019-09-25 05:52:31,777 [pool-37-thread-1] INFO  util.JmxRegister (JmxRegister.java:tryRegister(44)) - Successfully registered JMX Bean with object name Ratis:service=RaftServer,group=group-37BCAE1ED488,id=5be219b2-97fd-4a8c-91ea-b15aa89454d4
2019-09-25 05:52:31,779 [RatisPipelineUtilsThread] INFO  pipeline.PipelineStateManager (PipelineStateManager.java:addPipeline(56)) - Created pipeline Pipeline[ Id: a622f9de-184f-4f43-8d45-37bcae1ed488, Nodes: 5be219b2-97fd-4a8c-91ea-b15aa89454d4{ip: 192.168.30.10, host: pr-hdds-1569-s62bp-3040748787, networkLocation: /default-rack, certSerialId: null}, Type:RATIS, Factor:ONE, State:OPEN]
2019-09-25 05:52:31,783 [grpc-default-executor-0] INFO  impl.RaftServerProxy (RaftServerProxy.java:addNew(89)) - 5be219b2-97fd-4a8c-91ea-b15aa89454d4: addNew group-51FF8E54341D:[5be219b2-97fd-4a8c-91ea-b15aa89454d4:192.168.30.10:40625] returns group-51FF8E54341D:java.util.concurrent.CompletableFuture@16389fca[Not completed]
2019-09-25 05:52:31,784 [pool-37-thread-1] INFO  impl.RaftServerImpl (RaftServerImpl.java:<init>(95)) - 5be219b2-97fd-4a8c-91ea-b15aa89454d4: new RaftServerImpl for group-51FF8E54341D:[5be219b2-97fd-4a8c-91ea-b15aa89454d4:192.168.30.10:40625] with ContainerStateMachine:uninitialized
2019-09-25 05:52:31,784 [pool-37-thread-1] INFO  server.RaftServerConfigKeys (ConfUtils.java:logGet(43)) - raft.server.rpc.timeout.min = 5s (custom)
2019-09-25 05:52:31,784 [pool-37-thread-1] INFO  server.RaftServerConfigKeys (ConfUtils.java:logGet(43)) - raft.server.rpc.timeout.max = 5200ms (custom)
2019-09-25 05:52:31,785 [pool-37-thread-1] INFO  server.RaftServerConfigKeys (ConfUtils.java:logGet(43)) - raft.server.rpcslowness.timeout = 120s (custom)
2019-09-25 05:52:31,785 [pool-37-thread-1] INFO  server.RaftServerConfigKeys (ConfUtils.java:logGet(43)) - raft.server.sleep.deviation.threshold = 300 (default)
2019-09-25 05:52:31,785 [pool-37-thread-1] INFO  server.RaftServerConfigKeys (ConfUtils.java:logGet(43)) - raft.server.log.appender.install.snapshot.enabled = false (custom)
2019-09-25 05:52:31,785 [pool-37-thread-1] INFO  impl.RaftServerImpl (ServerState.java:<init>(103)) - 5be219b2-97fd-4a8c-91ea-b15aa89454d4@group-51FF8E54341D: ConfigurationManager, init=-1: [5be219b2-97fd-4a8c-91ea-b15aa89454d4:192.168.30.10:40625], old=null, confs=<EMPTY_MAP>
2019-09-25 05:52:31,785 [pool-37-thread-1] INFO  server.RaftServerConfigKeys (ConfUtils.java:logGet(43)) - raft.server.storage.dir = [/workdir/hadoop-ozone/integration-test/target/test-dir/MiniOzoneClusterImpl-5fae48a0-8517-4c16-9d39-4001697b8772/datanode-1/data/ratis] (custom)
2019-09-25 05:52:31,785 [pool-37-thread-1] INFO  storage.RaftStorageDirectory (RaftStorageDirectory.java:analyzeStorage(246)) - The storage directory /workdir/hadoop-ozone/integration-test/target/test-dir/MiniOzoneClusterImpl-5fae48a0-8517-4c16-9d39-4001697b8772/datanode-1/data/ratis/243060b6-c4c0-45d2-919a-51ff8e54341d does not exist. Creating ...
2019-09-25 05:52:31,798 [pool-37-thread-1] INFO  storage.RaftStorageDirectory (RaftStorageDirectory.java:tryLock(328)) - Lock on /workdir/hadoop-ozone/integration-test/target/test-dir/MiniOzoneClusterImpl-5fae48a0-8517-4c16-9d39-4001697b8772/datanode-1/data/ratis/243060b6-c4c0-45d2-919a-51ff8e54341d/in_use.lock acquired by nodename 25594@pr-hdds-1569-s62bp-3040748787
2019-09-25 05:52:31,808 [Thread-189] INFO  impl.FollowerState (FollowerState.java:run(106)) - 0bbc1277-be6f-4bf3-88cf-1c3b12e139ad:group-FEF03A2DA20A changes to CANDIDATE, lastRpcTime:5155, electionTimeout:5155ms
2019-09-25 05:52:31,808 [Thread-189] INFO  impl.RoleInfo (RoleInfo.java:shutdownFollowerState(121)) - 0bbc1277-be6f-4bf3-88cf-1c3b12e139ad: shutdown FollowerState
2019-09-25 05:52:31,808 [Thread-189] INFO  impl.RaftServerImpl (RaftServerImpl.java:setRole(174)) - 0bbc1277-be6f-4bf3-88cf-1c3b12e139ad@group-FEF03A2DA20A: changes role from  FOLLOWER to CANDIDATE at term 0 for changeToCandidate
2019-09-25 05:52:31,808 [Thread-189] INFO  impl.RoleInfo (RoleInfo.java:updateAndGet(143)) - 0bbc1277-be6f-4bf3-88cf-1c3b12e139ad: start LeaderElection
2019-09-25 05:52:31,832 [pool-37-thread-1] INFO  storage.RaftStorage (RaftStorage.java:format(72)) - Storage directory /workdir/hadoop-ozone/integration-test/target/test-dir/MiniOzoneClusterImpl-5fae48a0-8517-4c16-9d39-4001697b8772/datanode-1/data/ratis/243060b6-c4c0-45d2-919a-51ff8e54341d has been successfully formatted.
2019-09-25 05:52:31,832 [Thread-195] INFO  impl.FollowerState (FollowerState.java:run(106)) - 0bbc1277-be6f-4bf3-88cf-1c3b12e139ad:group-A7F9D521FD78 changes to CANDIDATE, lastRpcTime:5028, electionTimeout:5015ms
2019-09-25 05:52:31,836 [pool-37-thread-1] INFO  ratis.ContainerStateMachine (ContainerStateMachine.java:loadSnapshot(230)) - group-51FF8E54341D: The snapshot info is null. Setting the last applied indexto:(t:0, i:~)
2019-09-25 05:52:31,836 [Thread-195] INFO  impl.RoleInfo (RoleInfo.java:shutdownFollowerState(121)) - 0bbc1277-be6f-4bf3-88cf-1c3b12e139ad: shutdown FollowerState
2019-09-25 05:52:31,836 [pool-37-thread-1] INFO  server.RaftServerConfigKeys (ConfUtils.java:logGet(43)) - raft.server.notification.no-leader.timeout = 120s (custom)
2019-09-25 05:52:31,836 [Thread-195] INFO  impl.RaftServerImpl (RaftServerImpl.java:setRole(174)) - 0bbc1277-be6f-4bf3-88cf-1c3b12e139ad@group-A7F9D521FD78: changes role from  FOLLOWER to CANDIDATE at term 0 for changeToCandidate
2019-09-25 05:52:31,836 [pool-37-thread-1] INFO  server.RaftServerConfigKeys (ConfUtils.java:logGet(43)) - raft.server.log.use.memory = false (default)
2019-09-25 05:52:31,836 [Thread-195] INFO  impl.RoleInfo (RoleInfo.java:updateAndGet(143)) - 0bbc1277-be6f-4bf3-88cf-1c3b12e139ad: start LeaderElection
2019-09-25 05:52:31,836 [pool-37-thread-1] INFO  server.RaftServerConfigKeys (ConfUtils.java:logGet(43)) - raft.server.log.purge.gap = 1000000 (custom)
2019-09-25 05:52:31,836 [pool-37-thread-1] INFO  server.RaftServerConfigKeys (ConfUtils.java:logGet(43)) - raft.server.log.appender.buffer.byte-limit = 33554432 (custom)
2019-09-25 05:52:31,836 [pool-37-thread-1] INFO  server.RaftServerConfigKeys (ConfUtils.java:logGet(43)) - raft.server.log.segment.size.max = 1048576 (custom)
2019-09-25 05:52:31,840 [pool-37-thread-1] INFO  server.RaftServerConfigKeys (ConfUtils.java:logGet(43)) - raft.server.log.segment.cache.num.max = 2 (custom)
2019-09-25 05:52:31,840 [pool-37-thread-1] INFO  segmented.SegmentedRaftLogWorker (SegmentedRaftLogWorker.java:<init>(172)) - new 5be219b2-97fd-4a8c-91ea-b15aa89454d4@group-51FF8E54341D-SegmentedRaftLogWorker for RaftStorage:Storage Directory /workdir/hadoop-ozone/integration-test/target/test-dir/MiniOzoneClusterImpl-5fae48a0-8517-4c16-9d39-4001697b8772/datanode-1/data/ratis/243060b6-c4c0-45d2-919a-51ff8e54341d
2019-09-25 05:52:31,840 [pool-37-thread-1] INFO  server.RaftServerConfigKeys (ConfUtils.java:logGet(43)) - raft.server.log.queue.byte-limit = 2147483647 (custom)
2019-09-25 05:52:31,840 [pool-37-thread-1] INFO  server.RaftServerConfigKeys (ConfUtils.java:logGet(43)) - raft.server.log.queue.element-limit = 1024 (custom)
2019-09-25 05:52:31,841 [pool-37-thread-1] INFO  server.RaftServerConfigKeys (ConfUtils.java:logGet(43)) - raft.server.log.segment.size.max = 1048576 (custom)
2019-09-25 05:52:31,841 [pool-37-thread-1] INFO  server.RaftServerConfigKeys (ConfUtils.java:logGet(43)) - raft.server.log.preallocated.size = 16384 (custom)
2019-09-25 05:52:31,841 [pool-37-thread-1] INFO  server.RaftServerConfigKeys (ConfUtils.java:logGet(43)) - raft.server.log.write.buffer.size = 33554432 (custom)
2019-09-25 05:52:31,841 [pool-37-thread-1] INFO  server.RaftServerConfigKeys (ConfUtils.java:logGet(43)) - raft.server.log.force.sync.num = 128 (default)
2019-09-25 05:52:31,841 [pool-37-thread-1] INFO  server.RaftServerConfigKeys (ConfUtils.java:logGet(43)) - raft.server.log.statemachine.data.sync = true (default)
2019-09-25 05:52:31,841 [pool-37-thread-1] INFO  server.RaftServerConfigKeys (ConfUtils.java:logGet(43)) - raft.server.log.statemachine.data.sync.timeout = 10s (default)
2019-09-25 05:52:31,841 [pool-37-thread-1] INFO  server.RaftServerConfigKeys (ConfUtils.java:logGet(43)) - raft.server.log.statemachine.data.sync.timeout.retry = -1 (default)
2019-09-25 05:52:31,841 [pool-37-thread-1] INFO  server.RaftServerConfigKeys (ConfUtils.java:logGet(43)) - raft.server.log.statemachine.data.caching.enabled = true (custom)
2019-09-25 05:52:31,842 [pool-37-thread-1] INFO  segmented.SegmentedRaftLogWorker (SegmentedRaftLogWorker.java:lambda$new$0(132)) - 5be219b2-97fd-4a8c-91ea-b15aa89454d4@group-51FF8E54341D-SegmentedRaftLogWorker: flushIndex: setUnconditionally 0 -> -1
2019-09-25 05:52:31,842 [pool-37-thread-1] INFO  server.RaftServerConfigKeys (ConfUtils.java:logGet(43)) - raft.server.snapshot.auto.trigger.enabled = true (custom)
2019-09-25 05:52:31,842 [pool-37-thread-1] INFO  server.RaftServerConfigKeys (ConfUtils.java:logGet(43)) - raft.server.snapshot.auto.trigger.threshold = 10000 (custom)
2019-09-25 05:52:31,842 [pool-37-thread-1] INFO  server.RaftServerConfigKeys (ConfUtils.java:logGet(43)) - raft.server.snapshot.retention.num.files = 5 (custom)
2019-09-25 05:52:31,842 [pool-37-thread-1] INFO  server.RaftServerConfigKeys (ConfUtils.java:logGet(43)) - raft.server.retrycache.expirytime = 600000ms (custom)
2019-09-25 05:52:31,844 [pool-37-thread-1] INFO  impl.RaftServerImpl (RaftServerImpl.java:start(185)) - 5be219b2-97fd-4a8c-91ea-b15aa89454d4@group-51FF8E54341D: start as a follower, conf=-1: [5be219b2-97fd-4a8c-91ea-b15aa89454d4:192.168.30.10:40625], old=null
2019-09-25 05:52:31,844 [pool-37-thread-1] INFO  impl.RaftServerImpl (RaftServerImpl.java:setRole(174)) - 5be219b2-97fd-4a8c-91ea-b15aa89454d4@group-51FF8E54341D: changes role from      null to FOLLOWER at term 0 for startAsFollower
2019-09-25 05:52:31,844 [pool-37-thread-1] INFO  impl.RoleInfo (RoleInfo.java:updateAndGet(143)) - 5be219b2-97fd-4a8c-91ea-b15aa89454d4: start FollowerState
2019-09-25 05:52:31,845 [pool-37-thread-1] INFO  util.JmxRegister (JmxRegister.java:tryRegister(44)) - Successfully registered JMX Bean with object name Ratis:service=RaftServer,group=group-51FF8E54341D,id=5be219b2-97fd-4a8c-91ea-b15aa89454d4
2019-09-25 05:52:31,847 [RatisPipelineUtilsThread] INFO  pipeline.PipelineStateManager (PipelineStateManager.java:addPipeline(56)) - Created pipeline Pipeline[ Id: 243060b6-c4c0-45d2-919a-51ff8e54341d, Nodes: 5be219b2-97fd-4a8c-91ea-b15aa89454d4{ip: 192.168.30.10, host: pr-hdds-1569-s62bp-3040748787, networkLocation: /default-rack, certSerialId: null}, Type:RATIS, Factor:ONE, State:OPEN]
2019-09-25 05:52:31,852 [grpc-default-executor-0] INFO  impl.RaftServerProxy (RaftServerProxy.java:addNew(89)) - 5be219b2-97fd-4a8c-91ea-b15aa89454d4: addNew group-463BFAA6248D:[5be219b2-97fd-4a8c-91ea-b15aa89454d4:192.168.30.10:40625] returns group-463BFAA6248D:java.util.concurrent.CompletableFuture@7abde1d0[Not completed]
2019-09-25 05:52:31,853 [pool-37-thread-1] INFO  impl.RaftServerImpl (RaftServerImpl.java:<init>(95)) - 5be219b2-97fd-4a8c-91ea-b15aa89454d4: new RaftServerImpl for group-463BFAA6248D:[5be219b2-97fd-4a8c-91ea-b15aa89454d4:192.168.30.10:40625] with ContainerStateMachine:uninitialized
2019-09-25 05:52:31,853 [pool-37-thread-1] INFO  server.RaftServerConfigKeys (ConfUtils.java:logGet(43)) - raft.server.rpc.timeout.min = 5s (custom)
2019-09-25 05:52:31,854 [pool-37-thread-1] INFO  server.RaftServerConfigKeys (ConfUtils.java:logGet(43)) - raft.server.rpc.timeout.max = 5200ms (custom)
2019-09-25 05:52:31,854 [pool-37-thread-1] INFO  server.RaftServerConfigKeys (ConfUtils.java:logGet(43)) - raft.server.rpcslowness.timeout = 120s (custom)
2019-09-25 05:52:31,854 [pool-37-thread-1] INFO  server.RaftServerConfigKeys (ConfUtils.java:logGet(43)) - raft.server.sleep.deviation.threshold = 300 (default)
2019-09-25 05:52:31,854 [pool-37-thread-1] INFO  server.RaftServerConfigKeys (ConfUtils.java:logGet(43)) - raft.server.log.appender.install.snapshot.enabled = false (custom)
2019-09-25 05:52:31,854 [pool-37-thread-1] INFO  impl.RaftServerImpl (ServerState.java:<init>(103)) - 5be219b2-97fd-4a8c-91ea-b15aa89454d4@group-463BFAA6248D: ConfigurationManager, init=-1: [5be219b2-97fd-4a8c-91ea-b15aa89454d4:192.168.30.10:40625], old=null, confs=<EMPTY_MAP>
2019-09-25 05:52:31,854 [pool-37-thread-1] INFO  server.RaftServerConfigKeys (ConfUtils.java:logGet(43)) - raft.server.storage.dir = [/workdir/hadoop-ozone/integration-test/target/test-dir/MiniOzoneClusterImpl-5fae48a0-8517-4c16-9d39-4001697b8772/datanode-1/data/ratis] (custom)
2019-09-25 05:52:31,854 [pool-37-thread-1] INFO  storage.RaftStorageDirectory (RaftStorageDirectory.java:analyzeStorage(246)) - The storage directory /workdir/hadoop-ozone/integration-test/target/test-dir/MiniOzoneClusterImpl-5fae48a0-8517-4c16-9d39-4001697b8772/datanode-1/data/ratis/dda9bade-eec5-4071-85e6-463bfaa6248d does not exist. Creating ...
2019-09-25 05:52:31,857 [0bbc1277-be6f-4bf3-88cf-1c3b12e139ad@group-94F674F7A72B-SegmentedRaftLogWorker] INFO  segmented.SegmentedRaftLogWorker (SegmentedRaftLogWorker.java:execute(569)) - 0bbc1277-be6f-4bf3-88cf-1c3b12e139ad@group-94F674F7A72B-SegmentedRaftLogWorker: created new log segment /workdir/hadoop-ozone/integration-test/target/test-dir/MiniOzoneClusterImpl-5fae48a0-8517-4c16-9d39-4001697b8772/datanode-0/data/ratis/04f14c82-2c1d-41d4-9a84-94f674f7a72b/current/log_inprogress_0
2019-09-25 05:52:31,857 [0bbc1277-be6f-4bf3-88cf-1c3b12e139ad@group-FEF03A2DA20A:LeaderElection4] INFO  impl.LeaderElection (LeaderElection.java:askForVotes(182)) - 0bbc1277-be6f-4bf3-88cf-1c3b12e139ad@group-FEF03A2DA20A:LeaderElection4: begin an election at term 1 for -1: [0bbc1277-be6f-4bf3-88cf-1c3b12e139ad:192.168.30.10:46701], old=null
2019-09-25 05:52:31,857 [0bbc1277-be6f-4bf3-88cf-1c3b12e139ad@group-A7F9D521FD78:LeaderElection5] INFO  impl.LeaderElection (LeaderElection.java:askForVotes(182)) - 0bbc1277-be6f-4bf3-88cf-1c3b12e139ad@group-A7F9D521FD78:LeaderElection5: begin an election at term 1 for -1: [0bbc1277-be6f-4bf3-88cf-1c3b12e139ad:192.168.30.10:46701], old=null
2019-09-25 05:52:31,857 [0bbc1277-be6f-4bf3-88cf-1c3b12e139ad@group-3AA83E1C1330-SegmentedRaftLogWorker] INFO  segmented.SegmentedRaftLogWorker (SegmentedRaftLogWorker.java:execute(569)) - 0bbc1277-be6f-4bf3-88cf-1c3b12e139ad@group-3AA83E1C1330-SegmentedRaftLogWorker: created new log segment /workdir/hadoop-ozone/integration-test/target/test-dir/MiniOzoneClusterImpl-5fae48a0-8517-4c16-9d39-4001697b8772/datanode-0/data/ratis/e64e5260-61a5-463c-b167-3aa83e1c1330/current/log_inprogress_0
2019-09-25 05:52:31,857 [5be219b2-97fd-4a8c-91ea-b15aa89454d4@group-E669D28F0EF2-SegmentedRaftLogWorker] INFO  segmented.SegmentedRaftLogWorker (SegmentedRaftLogWorker.java:execute(569)) - 5be219b2-97fd-4a8c-91ea-b15aa89454d4@group-E669D28F0EF2-SegmentedRaftLogWorker: created new log segment /workdir/hadoop-ozone/integration-test/target/test-dir/MiniOzoneClusterImpl-5fae48a0-8517-4c16-9d39-4001697b8772/datanode-1/data/ratis/183c57ca-d7d0-4656-9bc0-e669d28f0ef2/current/log_inprogress_0
2019-09-25 05:52:31,858 [0bbc1277-be6f-4bf3-88cf-1c3b12e139ad@group-A7F9D521FD78:LeaderElection5] INFO  impl.RoleInfo (RoleInfo.java:shutdownLeaderElection(134)) - 0bbc1277-be6f-4bf3-88cf-1c3b12e139ad: shutdown LeaderElection
2019-09-25 05:52:31,857 [0bbc1277-be6f-4bf3-88cf-1c3b12e139ad@group-FEF03A2DA20A:LeaderElection4] INFO  impl.RoleInfo (RoleInfo.java:shutdownLeaderElection(134)) - 0bbc1277-be6f-4bf3-88cf-1c3b12e139ad: shutdown LeaderElection
2019-09-25 05:52:31,858 [0bbc1277-be6f-4bf3-88cf-1c3b12e139ad@group-A7F9D521FD78:LeaderElection5] INFO  impl.RaftServerImpl (RaftServerImpl.java:setRole(174)) - 0bbc1277-be6f-4bf3-88cf-1c3b12e139ad@group-A7F9D521FD78: changes role from CANDIDATE to LEADER at term 1 for changeToLeader
2019-09-25 05:52:31,858 [0bbc1277-be6f-4bf3-88cf-1c3b12e139ad@group-FEF03A2DA20A:LeaderElection4] INFO  impl.RaftServerImpl (RaftServerImpl.java:setRole(174)) - 0bbc1277-be6f-4bf3-88cf-1c3b12e139ad@group-FEF03A2DA20A: changes role from CANDIDATE to LEADER at term 1 for changeToLeader
2019-09-25 05:52:31,858 [0bbc1277-be6f-4bf3-88cf-1c3b12e139ad@group-A7F9D521FD78:LeaderElection5] INFO  impl.RaftServerImpl (ServerState.java:setLeader(253)) - 0bbc1277-be6f-4bf3-88cf-1c3b12e139ad@group-A7F9D521FD78: change Leader from null to 0bbc1277-be6f-4bf3-88cf-1c3b12e139ad at term 1 for becomeLeader, leader elected after 5066ms
2019-09-25 05:52:31,858 [0bbc1277-be6f-4bf3-88cf-1c3b12e139ad@group-FEF03A2DA20A:LeaderElection4] INFO  impl.RaftServerImpl (ServerState.java:setLeader(253)) - 0bbc1277-be6f-4bf3-88cf-1c3b12e139ad@group-FEF03A2DA20A: change Leader from null to 0bbc1277-be6f-4bf3-88cf-1c3b12e139ad at term 1 for becomeLeader, leader elected after 5226ms
2019-09-25 05:52:31,858 [0bbc1277-be6f-4bf3-88cf-1c3b12e139ad@group-A7F9D521FD78:LeaderElection5] INFO  server.RaftServerConfigKeys (ConfUtils.java:logGet(43)) - raft.server.staging.catchup.gap = 1000 (default)
2019-09-25 05:52:31,858 [0bbc1277-be6f-4bf3-88cf-1c3b12e139ad@group-FEF03A2DA20A:LeaderElection4] INFO  server.RaftServerConfigKeys (ConfUtils.java:logGet(43)) - raft.server.staging.catchup.gap = 1000 (default)
2019-09-25 05:52:31,858 [0bbc1277-be6f-4bf3-88cf-1c3b12e139ad@group-A7F9D521FD78:LeaderElection5] INFO  server.RaftServerConfigKeys (ConfUtils.java:logGet(43)) - raft.server.rpc.sleep.time = 25ms (default)
2019-09-25 05:52:31,859 [0bbc1277-be6f-4bf3-88cf-1c3b12e139ad@group-FEF03A2DA20A:LeaderElection4] INFO  server.RaftServerConfigKeys (ConfUtils.java:logGet(43)) - raft.server.rpc.sleep.time = 25ms (default)
2019-09-25 05:52:31,859 [0bbc1277-be6f-4bf3-88cf-1c3b12e139ad@group-A7F9D521FD78:LeaderElection5] INFO  server.RaftServerConfigKeys (ConfUtils.java:logGet(43)) - raft.server.write.element-limit = 4096 (default)
2019-09-25 05:52:31,859 [0bbc1277-be6f-4bf3-88cf-1c3b12e139ad@group-FEF03A2DA20A:LeaderElection4] INFO  server.RaftServerConfigKeys (ConfUtils.java:logGet(43)) - raft.server.write.element-limit = 4096 (default)
2019-09-25 05:52:31,859 [0bbc1277-be6f-4bf3-88cf-1c3b12e139ad@group-A7F9D521FD78:LeaderElection5] INFO  server.RaftServerConfigKeys (ConfUtils.java:logGet(43)) - raft.server.watch.timeout = 10s (default)
2019-09-25 05:52:31,859 [0bbc1277-be6f-4bf3-88cf-1c3b12e139ad@group-FEF03A2DA20A:LeaderElection4] INFO  server.RaftServerConfigKeys (ConfUtils.java:logGet(43)) - raft.server.watch.timeout = 10s (default)
2019-09-25 05:52:31,859 [0bbc1277-be6f-4bf3-88cf-1c3b12e139ad@group-A7F9D521FD78:LeaderElection5] INFO  server.RaftServerConfigKeys (ConfUtils.java:logGet(43)) - raft.server.watch.timeout.denomination = 1s (default)
2019-09-25 05:52:31,859 [0bbc1277-be6f-4bf3-88cf-1c3b12e139ad@group-FEF03A2DA20A:LeaderElection4] INFO  server.RaftServerConfigKeys (ConfUtils.java:logGet(43)) - raft.server.watch.timeout.denomination = 1s (default)
2019-09-25 05:52:31,859 [0bbc1277-be6f-4bf3-88cf-1c3b12e139ad@group-A7F9D521FD78:LeaderElection5] INFO  server.RaftServerConfigKeys (ConfUtils.java:logGet(43)) - raft.server.watch.element-limit = 65536 (default)
2019-09-25 05:52:31,860 [0bbc1277-be6f-4bf3-88cf-1c3b12e139ad@group-FEF03A2DA20A:LeaderElection4] INFO  server.RaftServerConfigKeys (ConfUtils.java:logGet(43)) - raft.server.watch.element-limit = 65536 (default)
2019-09-25 05:52:31,860 [pool-37-thread-1] INFO  storage.RaftStorageDirectory (RaftStorageDirectory.java:tryLock(328)) - Lock on /workdir/hadoop-ozone/integration-test/target/test-dir/MiniOzoneClusterImpl-5fae48a0-8517-4c16-9d39-4001697b8772/datanode-1/data/ratis/dda9bade-eec5-4071-85e6-463bfaa6248d/in_use.lock acquired by nodename 25594@pr-hdds-1569-s62bp-3040748787
2019-09-25 05:52:31,863 [0bbc1277-be6f-4bf3-88cf-1c3b12e139ad@group-A7F9D521FD78:LeaderElection5] INFO  impl.RoleInfo (RoleInfo.java:updateAndGet(143)) - 0bbc1277-be6f-4bf3-88cf-1c3b12e139ad: start LeaderState
2019-09-25 05:52:31,863 [0bbc1277-be6f-4bf3-88cf-1c3b12e139ad@group-FEF03A2DA20A:LeaderElection4] INFO  impl.RoleInfo (RoleInfo.java:updateAndGet(143)) - 0bbc1277-be6f-4bf3-88cf-1c3b12e139ad: start LeaderState
2019-09-25 05:52:31,863 [0bbc1277-be6f-4bf3-88cf-1c3b12e139ad@group-A7F9D521FD78:LeaderElection5] INFO  segmented.SegmentedRaftLogWorker (SegmentedRaftLogWorker.java:startLogSegment(380)) - 0bbc1277-be6f-4bf3-88cf-1c3b12e139ad@group-A7F9D521FD78-SegmentedRaftLogWorker: Starting segment from index:0
2019-09-25 05:52:31,863 [0bbc1277-be6f-4bf3-88cf-1c3b12e139ad@group-FEF03A2DA20A:LeaderElection4] INFO  segmented.SegmentedRaftLogWorker (SegmentedRaftLogWorker.java:startLogSegment(380)) - 0bbc1277-be6f-4bf3-88cf-1c3b12e139ad@group-FEF03A2DA20A-SegmentedRaftLogWorker: Starting segment from index:0
2019-09-25 05:52:31,863 [0bbc1277-be6f-4bf3-88cf-1c3b12e139ad@group-A7F9D521FD78:LeaderElection5] INFO  impl.RaftServerImpl (ServerState.java:setRaftConf(354)) - 0bbc1277-be6f-4bf3-88cf-1c3b12e139ad@group-A7F9D521FD78: set configuration 0: [0bbc1277-be6f-4bf3-88cf-1c3b12e139ad:192.168.30.10:46701], old=null at 0
2019-09-25 05:52:31,864 [0bbc1277-be6f-4bf3-88cf-1c3b12e139ad@group-FEF03A2DA20A:LeaderElection4] INFO  impl.RaftServerImpl (ServerState.java:setRaftConf(354)) - 0bbc1277-be6f-4bf3-88cf-1c3b12e139ad@group-FEF03A2DA20A: set configuration 0: [0bbc1277-be6f-4bf3-88cf-1c3b12e139ad:192.168.30.10:46701], old=null at 0
2019-09-25 05:52:31,899 [pool-37-thread-1] INFO  storage.RaftStorage (RaftStorage.java:format(72)) - Storage directory /workdir/hadoop-ozone/integration-test/target/test-dir/MiniOzoneClusterImpl-5fae48a0-8517-4c16-9d39-4001697b8772/datanode-1/data/ratis/dda9bade-eec5-4071-85e6-463bfaa6248d has been successfully formatted.
2019-09-25 05:52:31,900 [Thread-192] INFO  impl.FollowerState (FollowerState.java:run(106)) - 754f3588-47e6-41ad-b34e-eb7041cce070:group-C0E132CB8A45 changes to CANDIDATE, lastRpcTime:5169, electionTimeout:5169ms
2019-09-25 05:52:31,901 [pool-37-thread-1] INFO  ratis.ContainerStateMachine (ContainerStateMachine.java:loadSnapshot(230)) - group-463BFAA6248D: The snapshot info is null. Setting the last applied indexto:(t:0, i:~)
2019-09-25 05:52:31,901 [Thread-192] INFO  impl.RoleInfo (RoleInfo.java:shutdownFollowerState(121)) - 754f3588-47e6-41ad-b34e-eb7041cce070: shutdown FollowerState
2019-09-25 05:52:31,901 [pool-37-thread-1] INFO  server.RaftServerConfigKeys (ConfUtils.java:logGet(43)) - raft.server.notification.no-leader.timeout = 120s (custom)
2019-09-25 05:52:31,901 [Thread-192] INFO  impl.RaftServerImpl (RaftServerImpl.java:setRole(174)) - 754f3588-47e6-41ad-b34e-eb7041cce070@group-C0E132CB8A45: changes role from  FOLLOWER to CANDIDATE at term 0 for changeToCandidate
2019-09-25 05:52:31,901 [pool-37-thread-1] INFO  server.RaftServerConfigKeys (ConfUtils.java:logGet(43)) - raft.server.log.use.memory = false (default)
2019-09-25 05:52:31,901 [Thread-192] INFO  impl.RoleInfo (RoleInfo.java:updateAndGet(143)) - 754f3588-47e6-41ad-b34e-eb7041cce070: start LeaderElection
2019-09-25 05:52:31,902 [pool-37-thread-1] INFO  server.RaftServerConfigKeys (ConfUtils.java:logGet(43)) - raft.server.log.purge.gap = 1000000 (custom)
2019-09-25 05:52:31,902 [pool-37-thread-1] INFO  server.RaftServerConfigKeys (ConfUtils.java:logGet(43)) - raft.server.log.appender.buffer.byte-limit = 33554432 (custom)
2019-09-25 05:52:31,906 [pool-37-thread-1] INFO  server.RaftServerConfigKeys (ConfUtils.java:logGet(43)) - raft.server.log.segment.size.max = 1048576 (custom)
2019-09-25 05:52:31,906 [pool-37-thread-1] INFO  server.RaftServerConfigKeys (ConfUtils.java:logGet(43)) - raft.server.log.segment.cache.num.max = 2 (custom)
2019-09-25 05:52:31,906 [pool-37-thread-1] INFO  segmented.SegmentedRaftLogWorker (SegmentedRaftLogWorker.java:<init>(172)) - new 5be219b2-97fd-4a8c-91ea-b15aa89454d4@group-463BFAA6248D-SegmentedRaftLogWorker for RaftStorage:Storage Directory /workdir/hadoop-ozone/integration-test/target/test-dir/MiniOzoneClusterImpl-5fae48a0-8517-4c16-9d39-4001697b8772/datanode-1/data/ratis/dda9bade-eec5-4071-85e6-463bfaa6248d
2019-09-25 05:52:31,906 [pool-37-thread-1] INFO  server.RaftServerConfigKeys (ConfUtils.java:logGet(43)) - raft.server.log.queue.byte-limit = 2147483647 (custom)
2019-09-25 05:52:31,907 [pool-37-thread-1] INFO  server.RaftServerConfigKeys (ConfUtils.java:logGet(43)) - raft.server.log.queue.element-limit = 1024 (custom)
2019-09-25 05:52:31,907 [pool-37-thread-1] INFO  server.RaftServerConfigKeys (ConfUtils.java:logGet(43)) - raft.server.log.segment.size.max = 1048576 (custom)
2019-09-25 05:52:31,907 [pool-37-thread-1] INFO  server.RaftServerConfigKeys (ConfUtils.java:logGet(43)) - raft.server.log.preallocated.size = 16384 (custom)
2019-09-25 05:52:31,907 [pool-37-thread-1] INFO  server.RaftServerConfigKeys (ConfUtils.java:logGet(43)) - raft.server.log.write.buffer.size = 33554432 (custom)
2019-09-25 05:52:31,907 [pool-37-thread-1] INFO  server.RaftServerConfigKeys (ConfUtils.java:logGet(43)) - raft.server.log.force.sync.num = 128 (default)
2019-09-25 05:52:31,907 [pool-37-thread-1] INFO  server.RaftServerConfigKeys (ConfUtils.java:logGet(43)) - raft.server.log.statemachine.data.sync = true (default)
2019-09-25 05:52:31,907 [pool-37-thread-1] INFO  server.RaftServerConfigKeys (ConfUtils.java:logGet(43)) - raft.server.log.statemachine.data.sync.timeout = 10s (default)
2019-09-25 05:52:31,908 [pool-37-thread-1] INFO  server.RaftServerConfigKeys (ConfUtils.java:logGet(43)) - raft.server.log.statemachine.data.sync.timeout.retry = -1 (default)
2019-09-25 05:52:31,908 [pool-37-thread-1] INFO  server.RaftServerConfigKeys (ConfUtils.java:logGet(43)) - raft.server.log.statemachine.data.caching.enabled = true (custom)
2019-09-25 05:52:31,908 [pool-37-thread-1] INFO  segmented.SegmentedRaftLogWorker (SegmentedRaftLogWorker.java:lambda$new$0(132)) - 5be219b2-97fd-4a8c-91ea-b15aa89454d4@group-463BFAA6248D-SegmentedRaftLogWorker: flushIndex: setUnconditionally 0 -> -1
2019-09-25 05:52:31,909 [pool-37-thread-1] INFO  server.RaftServerConfigKeys (ConfUtils.java:logGet(43)) - raft.server.snapshot.auto.trigger.enabled = true (custom)
2019-09-25 05:52:31,909 [pool-37-thread-1] INFO  server.RaftServerConfigKeys (ConfUtils.java:logGet(43)) - raft.server.snapshot.auto.trigger.threshold = 10000 (custom)
2019-09-25 05:52:31,909 [pool-37-thread-1] INFO  server.RaftServerConfigKeys (ConfUtils.java:logGet(43)) - raft.server.snapshot.retention.num.files = 5 (custom)
2019-09-25 05:52:31,909 [pool-37-thread-1] INFO  server.RaftServerConfigKeys (ConfUtils.java:logGet(43)) - raft.server.retrycache.expirytime = 600000ms (custom)
2019-09-25 05:52:31,912 [pool-37-thread-1] INFO  impl.RaftServerImpl (RaftServerImpl.java:start(185)) - 5be219b2-97fd-4a8c-91ea-b15aa89454d4@group-463BFAA6248D: start as a follower, conf=-1: [5be219b2-97fd-4a8c-91ea-b15aa89454d4:192.168.30.10:40625], old=null
2019-09-25 05:52:31,912 [pool-37-thread-1] INFO  impl.RaftServerImpl (RaftServerImpl.java:setRole(174)) - 5be219b2-97fd-4a8c-91ea-b15aa89454d4@group-463BFAA6248D: changes role from      null to FOLLOWER at term 0 for startAsFollower
2019-09-25 05:52:31,912 [pool-37-thread-1] INFO  impl.RoleInfo (RoleInfo.java:updateAndGet(143)) - 5be219b2-97fd-4a8c-91ea-b15aa89454d4: start FollowerState
2019-09-25 05:52:31,913 [pool-37-thread-1] INFO  util.JmxRegister (JmxRegister.java:tryRegister(44)) - Successfully registered JMX Bean with object name Ratis:service=RaftServer,group=group-463BFAA6248D,id=5be219b2-97fd-4a8c-91ea-b15aa89454d4
2019-09-25 05:52:31,915 [RatisPipelineUtilsThread] INFO  pipeline.PipelineStateManager (PipelineStateManager.java:addPipeline(56)) - Created pipeline Pipeline[ Id: dda9bade-eec5-4071-85e6-463bfaa6248d, Nodes: 5be219b2-97fd-4a8c-91ea-b15aa89454d4{ip: 192.168.30.10, host: pr-hdds-1569-s62bp-3040748787, networkLocation: /default-rack, certSerialId: null}, Type:RATIS, Factor:ONE, State:OPEN]
2019-09-25 05:52:31,921 [grpc-default-executor-0] INFO  impl.RaftServerProxy (RaftServerProxy.java:addNew(89)) - 0bbc1277-be6f-4bf3-88cf-1c3b12e139ad: addNew group-98DB549270B5:[0bbc1277-be6f-4bf3-88cf-1c3b12e139ad:192.168.30.10:46701] returns group-98DB549270B5:java.util.concurrent.CompletableFuture@59f08397[Not completed]
2019-09-25 05:52:31,922 [pool-27-thread-1] INFO  impl.RaftServerImpl (RaftServerImpl.java:<init>(95)) - 0bbc1277-be6f-4bf3-88cf-1c3b12e139ad: new RaftServerImpl for group-98DB549270B5:[0bbc1277-be6f-4bf3-88cf-1c3b12e139ad:192.168.30.10:46701] with ContainerStateMachine:uninitialized
2019-09-25 05:52:31,922 [pool-27-thread-1] INFO  server.RaftServerConfigKeys (ConfUtils.java:logGet(43)) - raft.server.rpc.timeout.min = 5s (custom)
2019-09-25 05:52:31,923 [pool-27-thread-1] INFO  server.RaftServerConfigKeys (ConfUtils.java:logGet(43)) - raft.server.rpc.timeout.max = 5200ms (custom)
2019-09-25 05:52:31,923 [pool-27-thread-1] INFO  server.RaftServerConfigKeys (ConfUtils.java:logGet(43)) - raft.server.rpcslowness.timeout = 120s (custom)
2019-09-25 05:52:31,923 [pool-27-thread-1] INFO  server.RaftServerConfigKeys (ConfUtils.java:logGet(43)) - raft.server.sleep.deviation.threshold = 300 (default)
2019-09-25 05:52:31,923 [pool-27-thread-1] INFO  server.RaftServerConfigKeys (ConfUtils.java:logGet(43)) - raft.server.log.appender.install.snapshot.enabled = false (custom)
2019-09-25 05:52:31,923 [pool-27-thread-1] INFO  impl.RaftServerImpl (ServerState.java:<init>(103)) - 0bbc1277-be6f-4bf3-88cf-1c3b12e139ad@group-98DB549270B5: ConfigurationManager, init=-1: [0bbc1277-be6f-4bf3-88cf-1c3b12e139ad:192.168.30.10:46701], old=null, confs=<EMPTY_MAP>
2019-09-25 05:52:31,923 [pool-27-thread-1] INFO  server.RaftServerConfigKeys (ConfUtils.java:logGet(43)) - raft.server.storage.dir = [/workdir/hadoop-ozone/integration-test/target/test-dir/MiniOzoneClusterImpl-5fae48a0-8517-4c16-9d39-4001697b8772/datanode-0/data/ratis] (custom)
2019-09-25 05:52:31,924 [pool-27-thread-1] INFO  storage.RaftStorageDirectory (RaftStorageDirectory.java:analyzeStorage(246)) - The storage directory /workdir/hadoop-ozone/integration-test/target/test-dir/MiniOzoneClusterImpl-5fae48a0-8517-4c16-9d39-4001697b8772/datanode-0/data/ratis/a669e5d0-60a3-49ce-ac70-98db549270b5 does not exist. Creating ...
2019-09-25 05:52:31,924 [0bbc1277-be6f-4bf3-88cf-1c3b12e139ad@group-A7F9D521FD78-SegmentedRaftLogWorker] INFO  segmented.SegmentedRaftLogWorker (SegmentedRaftLogWorker.java:execute(569)) - 0bbc1277-be6f-4bf3-88cf-1c3b12e139ad@group-A7F9D521FD78-SegmentedRaftLogWorker: created new log segment /workdir/hadoop-ozone/integration-test/target/test-dir/MiniOzoneClusterImpl-5fae48a0-8517-4c16-9d39-4001697b8772/datanode-0/data/ratis/fb087989-8f01-456c-a32b-a7f9d521fd78/current/log_inprogress_0
2019-09-25 05:52:31,924 [0bbc1277-be6f-4bf3-88cf-1c3b12e139ad@group-FEF03A2DA20A-SegmentedRaftLogWorker] INFO  segmented.SegmentedRaftLogWorker (SegmentedRaftLogWorker.java:execute(569)) - 0bbc1277-be6f-4bf3-88cf-1c3b12e139ad@group-FEF03A2DA20A-SegmentedRaftLogWorker: created new log segment /workdir/hadoop-ozone/integration-test/target/test-dir/MiniOzoneClusterImpl-5fae48a0-8517-4c16-9d39-4001697b8772/datanode-0/data/ratis/7da2d305-9cb8-4c4c-820e-fef03a2da20a/current/log_inprogress_0
2019-09-25 05:52:31,924 [754f3588-47e6-41ad-b34e-eb7041cce070@group-C0E132CB8A45:LeaderElection6] INFO  impl.LeaderElection (LeaderElection.java:askForVotes(182)) - 754f3588-47e6-41ad-b34e-eb7041cce070@group-C0E132CB8A45:LeaderElection6: begin an election at term 1 for -1: [754f3588-47e6-41ad-b34e-eb7041cce070:192.168.30.10:41089], old=null
2019-09-25 05:52:31,924 [754f3588-47e6-41ad-b34e-eb7041cce070@group-C0E132CB8A45:LeaderElection6] INFO  impl.RoleInfo (RoleInfo.java:shutdownLeaderElection(134)) - 754f3588-47e6-41ad-b34e-eb7041cce070: shutdown LeaderElection
2019-09-25 05:52:31,925 [754f3588-47e6-41ad-b34e-eb7041cce070@group-C0E132CB8A45:LeaderElection6] INFO  impl.RaftServerImpl (RaftServerImpl.java:setRole(174)) - 754f3588-47e6-41ad-b34e-eb7041cce070@group-C0E132CB8A45: changes role from CANDIDATE to LEADER at term 1 for changeToLeader
2019-09-25 05:52:31,925 [754f3588-47e6-41ad-b34e-eb7041cce070@group-C0E132CB8A45:LeaderElection6] INFO  impl.RaftServerImpl (ServerState.java:setLeader(253)) - 754f3588-47e6-41ad-b34e-eb7041cce070@group-C0E132CB8A45: change Leader from null to 754f3588-47e6-41ad-b34e-eb7041cce070 at term 1 for becomeLeader, leader elected after 5208ms
2019-09-25 05:52:31,925 [754f3588-47e6-41ad-b34e-eb7041cce070@group-C0E132CB8A45:LeaderElection6] INFO  server.RaftServerConfigKeys (ConfUtils.java:logGet(43)) - raft.server.staging.catchup.gap = 1000 (default)
2019-09-25 05:52:31,925 [754f3588-47e6-41ad-b34e-eb7041cce070@group-C0E132CB8A45:LeaderElection6] INFO  server.RaftServerConfigKeys (ConfUtils.java:logGet(43)) - raft.server.rpc.sleep.time = 25ms (default)
2019-09-25 05:52:31,925 [754f3588-47e6-41ad-b34e-eb7041cce070@group-C0E132CB8A45:LeaderElection6] INFO  server.RaftServerConfigKeys (ConfUtils.java:logGet(43)) - raft.server.write.element-limit = 4096 (default)
2019-09-25 05:52:31,925 [754f3588-47e6-41ad-b34e-eb7041cce070@group-C0E132CB8A45:LeaderElection6] INFO  server.RaftServerConfigKeys (ConfUtils.java:logGet(43)) - raft.server.watch.timeout = 10s (default)
2019-09-25 05:52:31,925 [754f3588-47e6-41ad-b34e-eb7041cce070@group-C0E132CB8A45:LeaderElection6] INFO  server.RaftServerConfigKeys (ConfUtils.java:logGet(43)) - raft.server.watch.timeout.denomination = 1s (default)
2019-09-25 05:52:31,926 [754f3588-47e6-41ad-b34e-eb7041cce070@group-C0E132CB8A45:LeaderElection6] INFO  server.RaftServerConfigKeys (ConfUtils.java:logGet(43)) - raft.server.watch.element-limit = 65536 (default)
2019-09-25 05:52:31,928 [754f3588-47e6-41ad-b34e-eb7041cce070@group-C0E132CB8A45:LeaderElection6] INFO  impl.RoleInfo (RoleInfo.java:updateAndGet(143)) - 754f3588-47e6-41ad-b34e-eb7041cce070: start LeaderState
2019-09-25 05:52:31,928 [754f3588-47e6-41ad-b34e-eb7041cce070@group-C0E132CB8A45:LeaderElection6] INFO  segmented.SegmentedRaftLogWorker (SegmentedRaftLogWorker.java:startLogSegment(380)) - 754f3588-47e6-41ad-b34e-eb7041cce070@group-C0E132CB8A45-SegmentedRaftLogWorker: Starting segment from index:0
2019-09-25 05:52:31,929 [754f3588-47e6-41ad-b34e-eb7041cce070@group-C0E132CB8A45:LeaderElection6] INFO  impl.RaftServerImpl (ServerState.java:setRaftConf(354)) - 754f3588-47e6-41ad-b34e-eb7041cce070@group-C0E132CB8A45: set configuration 0: [754f3588-47e6-41ad-b34e-eb7041cce070:192.168.30.10:41089], old=null at 0
2019-09-25 05:52:31,940 [pool-27-thread-1] INFO  storage.RaftStorageDirectory (RaftStorageDirectory.java:tryLock(328)) - Lock on /workdir/hadoop-ozone/integration-test/target/test-dir/MiniOzoneClusterImpl-5fae48a0-8517-4c16-9d39-4001697b8772/datanode-0/data/ratis/a669e5d0-60a3-49ce-ac70-98db549270b5/in_use.lock acquired by nodename 25594@pr-hdds-1569-s62bp-3040748787
2019-09-25 05:52:31,966 [pool-27-thread-1] INFO  storage.RaftStorage (RaftStorage.java:format(72)) - Storage directory /workdir/hadoop-ozone/integration-test/target/test-dir/MiniOzoneClusterImpl-5fae48a0-8517-4c16-9d39-4001697b8772/datanode-0/data/ratis/a669e5d0-60a3-49ce-ac70-98db549270b5 has been successfully formatted.
2019-09-25 05:52:31,966 [pool-27-thread-1] INFO  ratis.ContainerStateMachine (ContainerStateMachine.java:loadSnapshot(230)) - group-98DB549270B5: The snapshot info is null. Setting the last applied indexto:(t:0, i:~)
2019-09-25 05:52:31,967 [pool-27-thread-1] INFO  server.RaftServerConfigKeys (ConfUtils.java:logGet(43)) - raft.server.notification.no-leader.timeout = 120s (custom)
2019-09-25 05:52:31,968 [pool-27-thread-1] INFO  server.RaftServerConfigKeys (ConfUtils.java:logGet(43)) - raft.server.log.use.memory = false (default)
2019-09-25 05:52:31,968 [pool-27-thread-1] INFO  server.RaftServerConfigKeys (ConfUtils.java:logGet(43)) - raft.server.log.purge.gap = 1000000 (custom)
2019-09-25 05:52:31,968 [pool-27-thread-1] INFO  server.RaftServerConfigKeys (ConfUtils.java:logGet(43)) - raft.server.log.appender.buffer.byte-limit = 33554432 (custom)
2019-09-25 05:52:31,968 [pool-27-thread-1] INFO  server.RaftServerConfigKeys (ConfUtils.java:logGet(43)) - raft.server.log.segment.size.max = 1048576 (custom)
2019-09-25 05:52:31,969 [pool-27-thread-1] INFO  server.RaftServerConfigKeys (ConfUtils.java:logGet(43)) - raft.server.log.segment.cache.num.max = 2 (custom)
2019-09-25 05:52:31,969 [pool-27-thread-1] INFO  segmented.SegmentedRaftLogWorker (SegmentedRaftLogWorker.java:<init>(172)) - new 0bbc1277-be6f-4bf3-88cf-1c3b12e139ad@group-98DB549270B5-SegmentedRaftLogWorker for RaftStorage:Storage Directory /workdir/hadoop-ozone/integration-test/target/test-dir/MiniOzoneClusterImpl-5fae48a0-8517-4c16-9d39-4001697b8772/datanode-0/data/ratis/a669e5d0-60a3-49ce-ac70-98db549270b5
2019-09-25 05:52:31,969 [pool-27-thread-1] INFO  server.RaftServerConfigKeys (ConfUtils.java:logGet(43)) - raft.server.log.queue.byte-limit = 2147483647 (custom)
2019-09-25 05:52:31,969 [pool-27-thread-1] INFO  server.RaftServerConfigKeys (ConfUtils.java:logGet(43)) - raft.server.log.queue.element-limit = 1024 (custom)
2019-09-25 05:52:31,969 [pool-27-thread-1] INFO  server.RaftServerConfigKeys (ConfUtils.java:logGet(43)) - raft.server.log.segment.size.max = 1048576 (custom)
2019-09-25 05:52:31,969 [pool-27-thread-1] INFO  server.RaftServerConfigKeys (ConfUtils.java:logGet(43)) - raft.server.log.preallocated.size = 16384 (custom)
2019-09-25 05:52:31,970 [pool-27-thread-1] INFO  server.RaftServerConfigKeys (ConfUtils.java:logGet(43)) - raft.server.log.write.buffer.size = 33554432 (custom)
2019-09-25 05:52:31,970 [pool-27-thread-1] INFO  server.RaftServerConfigKeys (ConfUtils.java:logGet(43)) - raft.server.log.force.sync.num = 128 (default)
2019-09-25 05:52:31,970 [pool-27-thread-1] INFO  server.RaftServerConfigKeys (ConfUtils.java:logGet(43)) - raft.server.log.statemachine.data.sync = true (default)
2019-09-25 05:52:31,970 [pool-27-thread-1] INFO  server.RaftServerConfigKeys (ConfUtils.java:logGet(43)) - raft.server.log.statemachine.data.sync.timeout = 10s (default)
2019-09-25 05:52:31,970 [pool-27-thread-1] INFO  server.RaftServerConfigKeys (ConfUtils.java:logGet(43)) - raft.server.log.statemachine.data.sync.timeout.retry = -1 (default)
2019-09-25 05:52:31,970 [pool-27-thread-1] INFO  server.RaftServerConfigKeys (ConfUtils.java:logGet(43)) - raft.server.log.statemachine.data.caching.enabled = true (custom)
2019-09-25 05:52:31,971 [pool-27-thread-1] INFO  segmented.SegmentedRaftLogWorker (SegmentedRaftLogWorker.java:lambda$new$0(132)) - 0bbc1277-be6f-4bf3-88cf-1c3b12e139ad@group-98DB549270B5-SegmentedRaftLogWorker: flushIndex: setUnconditionally 0 -> -1
2019-09-25 05:52:31,971 [pool-27-thread-1] INFO  server.RaftServerConfigKeys (ConfUtils.java:logGet(43)) - raft.server.snapshot.auto.trigger.enabled = true (custom)
2019-09-25 05:52:31,971 [pool-27-thread-1] INFO  server.RaftServerConfigKeys (ConfUtils.java:logGet(43)) - raft.server.snapshot.auto.trigger.threshold = 10000 (custom)
2019-09-25 05:52:31,971 [pool-27-thread-1] INFO  server.RaftServerConfigKeys (ConfUtils.java:logGet(43)) - raft.server.snapshot.retention.num.files = 5 (custom)
2019-09-25 05:52:31,971 [pool-27-thread-1] INFO  server.RaftServerConfigKeys (ConfUtils.java:logGet(43)) - raft.server.retrycache.expirytime = 600000ms (custom)
2019-09-25 05:52:31,973 [pool-27-thread-1] INFO  impl.RaftServerImpl (RaftServerImpl.java:start(185)) - 0bbc1277-be6f-4bf3-88cf-1c3b12e139ad@group-98DB549270B5: start as a follower, conf=-1: [0bbc1277-be6f-4bf3-88cf-1c3b12e139ad:192.168.30.10:46701], old=null
2019-09-25 05:52:31,974 [pool-27-thread-1] INFO  impl.RaftServerImpl (RaftServerImpl.java:setRole(174)) - 0bbc1277-be6f-4bf3-88cf-1c3b12e139ad@group-98DB549270B5: changes role from      null to FOLLOWER at term 0 for startAsFollower
2019-09-25 05:52:31,974 [pool-27-thread-1] INFO  impl.RoleInfo (RoleInfo.java:updateAndGet(143)) - 0bbc1277-be6f-4bf3-88cf-1c3b12e139ad: start FollowerState
2019-09-25 05:52:31,974 [pool-27-thread-1] INFO  util.JmxRegister (JmxRegister.java:tryRegister(44)) - Successfully registered JMX Bean with object name Ratis:service=RaftServer,group=group-98DB549270B5,id=0bbc1277-be6f-4bf3-88cf-1c3b12e139ad
2019-09-25 05:52:31,976 [RatisPipelineUtilsThread] INFO  pipeline.PipelineStateManager (PipelineStateManager.java:addPipeline(56)) - Created pipeline Pipeline[ Id: a669e5d0-60a3-49ce-ac70-98db549270b5, Nodes: 0bbc1277-be6f-4bf3-88cf-1c3b12e139ad{ip: 192.168.30.10, host: pr-hdds-1569-s62bp-3040748787, networkLocation: /default-rack, certSerialId: null}, Type:RATIS, Factor:ONE, State:OPEN]
2019-09-25 05:52:31,981 [grpc-default-executor-0] INFO  impl.RaftServerProxy (RaftServerProxy.java:addNew(89)) - 0bbc1277-be6f-4bf3-88cf-1c3b12e139ad: addNew group-513E1586D88B:[0bbc1277-be6f-4bf3-88cf-1c3b12e139ad:192.168.30.10:46701] returns group-513E1586D88B:java.util.concurrent.CompletableFuture@4fe5822[Not completed]
2019-09-25 05:52:31,982 [pool-27-thread-1] INFO  impl.RaftServerImpl (RaftServerImpl.java:<init>(95)) - 0bbc1277-be6f-4bf3-88cf-1c3b12e139ad: new RaftServerImpl for group-513E1586D88B:[0bbc1277-be6f-4bf3-88cf-1c3b12e139ad:192.168.30.10:46701] with ContainerStateMachine:uninitialized
2019-09-25 05:52:31,983 [pool-27-thread-1] INFO  server.RaftServerConfigKeys (ConfUtils.java:logGet(43)) - raft.server.rpc.timeout.min = 5s (custom)
2019-09-25 05:52:31,983 [pool-27-thread-1] INFO  server.RaftServerConfigKeys (ConfUtils.java:logGet(43)) - raft.server.rpc.timeout.max = 5200ms (custom)
2019-09-25 05:52:31,983 [pool-27-thread-1] INFO  server.RaftServerConfigKeys (ConfUtils.java:logGet(43)) - raft.server.rpcslowness.timeout = 120s (custom)
2019-09-25 05:52:31,983 [pool-27-thread-1] INFO  server.RaftServerConfigKeys (ConfUtils.java:logGet(43)) - raft.server.sleep.deviation.threshold = 300 (default)
2019-09-25 05:52:31,983 [pool-27-thread-1] INFO  server.RaftServerConfigKeys (ConfUtils.java:logGet(43)) - raft.server.log.appender.install.snapshot.enabled = false (custom)
2019-09-25 05:52:31,983 [pool-27-thread-1] INFO  impl.RaftServerImpl (ServerState.java:<init>(103)) - 0bbc1277-be6f-4bf3-88cf-1c3b12e139ad@group-513E1586D88B: ConfigurationManager, init=-1: [0bbc1277-be6f-4bf3-88cf-1c3b12e139ad:192.168.30.10:46701], old=null, confs=<EMPTY_MAP>
2019-09-25 05:52:31,983 [pool-27-thread-1] INFO  server.RaftServerConfigKeys (ConfUtils.java:logGet(43)) - raft.server.storage.dir = [/workdir/hadoop-ozone/integration-test/target/test-dir/MiniOzoneClusterImpl-5fae48a0-8517-4c16-9d39-4001697b8772/datanode-0/data/ratis] (custom)
2019-09-25 05:52:31,984 [pool-27-thread-1] INFO  storage.RaftStorageDirectory (RaftStorageDirectory.java:analyzeStorage(246)) - The storage directory /workdir/hadoop-ozone/integration-test/target/test-dir/MiniOzoneClusterImpl-5fae48a0-8517-4c16-9d39-4001697b8772/datanode-0/data/ratis/ff4ac884-1c89-4bf6-8bf6-513e1586d88b does not exist. Creating ...
2019-09-25 05:52:31,991 [754f3588-47e6-41ad-b34e-eb7041cce070@group-C0E132CB8A45-SegmentedRaftLogWorker] INFO  segmented.SegmentedRaftLogWorker (SegmentedRaftLogWorker.java:execute(569)) - 754f3588-47e6-41ad-b34e-eb7041cce070@group-C0E132CB8A45-SegmentedRaftLogWorker: created new log segment /workdir/hadoop-ozone/integration-test/target/test-dir/MiniOzoneClusterImpl-5fae48a0-8517-4c16-9d39-4001697b8772/datanode-2/data/ratis/06022dbd-f4e4-48cf-ac85-c0e132cb8a45/current/log_inprogress_0
2019-09-25 05:52:31,993 [pool-27-thread-1] INFO  storage.RaftStorageDirectory (RaftStorageDirectory.java:tryLock(328)) - Lock on /workdir/hadoop-ozone/integration-test/target/test-dir/MiniOzoneClusterImpl-5fae48a0-8517-4c16-9d39-4001697b8772/datanode-0/data/ratis/ff4ac884-1c89-4bf6-8bf6-513e1586d88b/in_use.lock acquired by nodename 25594@pr-hdds-1569-s62bp-3040748787
2019-09-25 05:52:31,998 [Thread-201] INFO  impl.FollowerState (FollowerState.java:run(106)) - 754f3588-47e6-41ad-b34e-eb7041cce070:group-D8B248088611 changes to CANDIDATE, lastRpcTime:5057, electionTimeout:5057ms
2019-09-25 05:52:31,998 [Thread-201] INFO  impl.RoleInfo (RoleInfo.java:shutdownFollowerState(121)) - 754f3588-47e6-41ad-b34e-eb7041cce070: shutdown FollowerState
2019-09-25 05:52:31,998 [Thread-201] INFO  impl.RaftServerImpl (RaftServerImpl.java:setRole(174)) - 754f3588-47e6-41ad-b34e-eb7041cce070@group-D8B248088611: changes role from  FOLLOWER to CANDIDATE at term 0 for changeToCandidate
2019-09-25 05:52:31,998 [Thread-201] INFO  impl.RoleInfo (RoleInfo.java:updateAndGet(143)) - 754f3588-47e6-41ad-b34e-eb7041cce070: start LeaderElection
2019-09-25 05:52:32,000 [Thread-198] INFO  impl.FollowerState (FollowerState.java:run(106)) - 754f3588-47e6-41ad-b34e-eb7041cce070:group-71C80A7C5679 changes to CANDIDATE, lastRpcTime:5122, electionTimeout:5122ms
2019-09-25 05:52:32,002 [Thread-198] INFO  impl.RoleInfo (RoleInfo.java:shutdownFollowerState(121)) - 754f3588-47e6-41ad-b34e-eb7041cce070: shutdown FollowerState
2019-09-25 05:52:32,002 [Thread-198] INFO  impl.RaftServerImpl (RaftServerImpl.java:setRole(174)) - 754f3588-47e6-41ad-b34e-eb7041cce070@group-71C80A7C5679: changes role from  FOLLOWER to CANDIDATE at term 0 for changeToCandidate
2019-09-25 05:52:32,002 [Thread-198] INFO  impl.RoleInfo (RoleInfo.java:updateAndGet(143)) - 754f3588-47e6-41ad-b34e-eb7041cce070: start LeaderElection
2019-09-25 05:52:32,008 [pool-27-thread-1] INFO  storage.RaftStorage (RaftStorage.java:format(72)) - Storage directory /workdir/hadoop-ozone/integration-test/target/test-dir/MiniOzoneClusterImpl-5fae48a0-8517-4c16-9d39-4001697b8772/datanode-0/data/ratis/ff4ac884-1c89-4bf6-8bf6-513e1586d88b has been successfully formatted.
2019-09-25 05:52:32,009 [pool-27-thread-1] INFO  ratis.ContainerStateMachine (ContainerStateMachine.java:loadSnapshot(230)) - group-513E1586D88B: The snapshot info is null. Setting the last applied indexto:(t:0, i:~)
2019-09-25 05:52:32,009 [pool-27-thread-1] INFO  server.RaftServerConfigKeys (ConfUtils.java:logGet(43)) - raft.server.notification.no-leader.timeout = 120s (custom)
2019-09-25 05:52:32,009 [pool-27-thread-1] INFO  server.RaftServerConfigKeys (ConfUtils.java:logGet(43)) - raft.server.log.use.memory = false (default)
2019-09-25 05:52:32,009 [pool-27-thread-1] INFO  server.RaftServerConfigKeys (ConfUtils.java:logGet(43)) - raft.server.log.purge.gap = 1000000 (custom)
2019-09-25 05:52:32,009 [pool-27-thread-1] INFO  server.RaftServerConfigKeys (ConfUtils.java:logGet(43)) - raft.server.log.appender.buffer.byte-limit = 33554432 (custom)
2019-09-25 05:52:32,009 [pool-27-thread-1] INFO  server.RaftServerConfigKeys (ConfUtils.java:logGet(43)) - raft.server.log.segment.size.max = 1048576 (custom)
2019-09-25 05:52:32,009 [pool-27-thread-1] INFO  server.RaftServerConfigKeys (ConfUtils.java:logGet(43)) - raft.server.log.segment.cache.num.max = 2 (custom)
2019-09-25 05:52:32,009 [pool-27-thread-1] INFO  segmented.SegmentedRaftLogWorker (SegmentedRaftLogWorker.java:<init>(172)) - new 0bbc1277-be6f-4bf3-88cf-1c3b12e139ad@group-513E1586D88B-SegmentedRaftLogWorker for RaftStorage:Storage Directory /workdir/hadoop-ozone/integration-test/target/test-dir/MiniOzoneClusterImpl-5fae48a0-8517-4c16-9d39-4001697b8772/datanode-0/data/ratis/ff4ac884-1c89-4bf6-8bf6-513e1586d88b
2019-09-25 05:52:32,010 [pool-27-thread-1] INFO  server.RaftServerConfigKeys (ConfUtils.java:logGet(43)) - raft.server.log.queue.byte-limit = 2147483647 (custom)
2019-09-25 05:52:32,010 [pool-27-thread-1] INFO  server.RaftServerConfigKeys (ConfUtils.java:logGet(43)) - raft.server.log.queue.element-limit = 1024 (custom)
2019-09-25 05:52:32,010 [pool-27-thread-1] INFO  server.RaftServerConfigKeys (ConfUtils.java:logGet(43)) - raft.server.log.segment.size.max = 1048576 (custom)
2019-09-25 05:52:32,010 [pool-27-thread-1] INFO  server.RaftServerConfigKeys (ConfUtils.java:logGet(43)) - raft.server.log.preallocated.size = 16384 (custom)
2019-09-25 05:52:32,010 [pool-27-thread-1] INFO  server.RaftServerConfigKeys (ConfUtils.java:logGet(43)) - raft.server.log.write.buffer.size = 33554432 (custom)
2019-09-25 05:52:32,010 [pool-27-thread-1] INFO  server.RaftServerConfigKeys (ConfUtils.java:logGet(43)) - raft.server.log.force.sync.num = 128 (default)
2019-09-25 05:52:32,010 [pool-27-thread-1] INFO  server.RaftServerConfigKeys (ConfUtils.java:logGet(43)) - raft.server.log.statemachine.data.sync = true (default)
2019-09-25 05:52:32,010 [pool-27-thread-1] INFO  server.RaftServerConfigKeys (ConfUtils.java:logGet(43)) - raft.server.log.statemachine.data.sync.timeout = 10s (default)
2019-09-25 05:52:32,010 [pool-27-thread-1] INFO  server.RaftServerConfigKeys (ConfUtils.java:logGet(43)) - raft.server.log.statemachine.data.sync.timeout.retry = -1 (default)
2019-09-25 05:52:32,011 [pool-27-thread-1] INFO  server.RaftServerConfigKeys (ConfUtils.java:logGet(43)) - raft.server.log.statemachine.data.caching.enabled = true (custom)
2019-09-25 05:52:32,011 [pool-27-thread-1] INFO  segmented.SegmentedRaftLogWorker (SegmentedRaftLogWorker.java:lambda$new$0(132)) - 0bbc1277-be6f-4bf3-88cf-1c3b12e139ad@group-513E1586D88B-SegmentedRaftLogWorker: flushIndex: setUnconditionally 0 -> -1
2019-09-25 05:52:32,011 [pool-27-thread-1] INFO  server.RaftServerConfigKeys (ConfUtils.java:logGet(43)) - raft.server.snapshot.auto.trigger.enabled = true (custom)
2019-09-25 05:52:32,011 [pool-27-thread-1] INFO  server.RaftServerConfigKeys (ConfUtils.java:logGet(43)) - raft.server.snapshot.auto.trigger.threshold = 10000 (custom)
2019-09-25 05:52:32,011 [pool-27-thread-1] INFO  server.RaftServerConfigKeys (ConfUtils.java:logGet(43)) - raft.server.snapshot.retention.num.files = 5 (custom)
2019-09-25 05:52:32,011 [pool-27-thread-1] INFO  server.RaftServerConfigKeys (ConfUtils.java:logGet(43)) - raft.server.retrycache.expirytime = 600000ms (custom)
2019-09-25 05:52:32,013 [pool-27-thread-1] INFO  impl.RaftServerImpl (RaftServerImpl.java:start(185)) - 0bbc1277-be6f-4bf3-88cf-1c3b12e139ad@group-513E1586D88B: start as a follower, conf=-1: [0bbc1277-be6f-4bf3-88cf-1c3b12e139ad:192.168.30.10:46701], old=null
2019-09-25 05:52:32,013 [pool-27-thread-1] INFO  impl.RaftServerImpl (RaftServerImpl.java:setRole(174)) - 0bbc1277-be6f-4bf3-88cf-1c3b12e139ad@group-513E1586D88B: changes role from      null to FOLLOWER at term 0 for startAsFollower
2019-09-25 05:52:32,013 [pool-27-thread-1] INFO  impl.RoleInfo (RoleInfo.java:updateAndGet(143)) - 0bbc1277-be6f-4bf3-88cf-1c3b12e139ad: start FollowerState
2019-09-25 05:52:32,014 [pool-27-thread-1] INFO  util.JmxRegister (JmxRegister.java:tryRegister(44)) - Successfully registered JMX Bean with object name Ratis:service=RaftServer,group=group-513E1586D88B,id=0bbc1277-be6f-4bf3-88cf-1c3b12e139ad
2019-09-25 05:52:32,021 [RatisPipelineUtilsThread] INFO  pipeline.PipelineStateManager (PipelineStateManager.java:addPipeline(56)) - Created pipeline Pipeline[ Id: ff4ac884-1c89-4bf6-8bf6-513e1586d88b, Nodes: 0bbc1277-be6f-4bf3-88cf-1c3b12e139ad{ip: 192.168.30.10, host: pr-hdds-1569-s62bp-3040748787, networkLocation: /default-rack, certSerialId: null}, Type:RATIS, Factor:ONE, State:OPEN]
2019-09-25 05:52:32,026 [grpc-default-executor-0] INFO  impl.RaftServerProxy (RaftServerProxy.java:addNew(89)) - 754f3588-47e6-41ad-b34e-eb7041cce070: addNew group-BD472D801032:[754f3588-47e6-41ad-b34e-eb7041cce070:192.168.30.10:41089] returns group-BD472D801032:java.util.concurrent.CompletableFuture@765b4af9[Not completed]
2019-09-25 05:52:32,027 [pool-47-thread-1] INFO  impl.RaftServerImpl (RaftServerImpl.java:<init>(95)) - 754f3588-47e6-41ad-b34e-eb7041cce070: new RaftServerImpl for group-BD472D801032:[754f3588-47e6-41ad-b34e-eb7041cce070:192.168.30.10:41089] with ContainerStateMachine:uninitialized
2019-09-25 05:52:32,028 [pool-47-thread-1] INFO  server.RaftServerConfigKeys (ConfUtils.java:logGet(43)) - raft.server.rpc.timeout.min = 5s (custom)
2019-09-25 05:52:32,028 [pool-47-thread-1] INFO  server.RaftServerConfigKeys (ConfUtils.java:logGet(43)) - raft.server.rpc.timeout.max = 5200ms (custom)
2019-09-25 05:52:32,028 [pool-47-thread-1] INFO  server.RaftServerConfigKeys (ConfUtils.java:logGet(43)) - raft.server.rpcslowness.timeout = 120s (custom)
2019-09-25 05:52:32,028 [pool-47-thread-1] INFO  server.RaftServerConfigKeys (ConfUtils.java:logGet(43)) - raft.server.sleep.deviation.threshold = 300 (default)
2019-09-25 05:52:32,028 [pool-47-thread-1] INFO  server.RaftServerConfigKeys (ConfUtils.java:logGet(43)) - raft.server.log.appender.install.snapshot.enabled = false (custom)
2019-09-25 05:52:32,028 [pool-47-thread-1] INFO  impl.RaftServerImpl (ServerState.java:<init>(103)) - 754f3588-47e6-41ad-b34e-eb7041cce070@group-BD472D801032: ConfigurationManager, init=-1: [754f3588-47e6-41ad-b34e-eb7041cce070:192.168.30.10:41089], old=null, confs=<EMPTY_MAP>
2019-09-25 05:52:32,029 [pool-47-thread-1] INFO  server.RaftServerConfigKeys (ConfUtils.java:logGet(43)) - raft.server.storage.dir = [/workdir/hadoop-ozone/integration-test/target/test-dir/MiniOzoneClusterImpl-5fae48a0-8517-4c16-9d39-4001697b8772/datanode-2/data/ratis] (custom)
2019-09-25 05:52:32,029 [pool-47-thread-1] INFO  storage.RaftStorageDirectory (RaftStorageDirectory.java:analyzeStorage(246)) - The storage directory /workdir/hadoop-ozone/integration-test/target/test-dir/MiniOzoneClusterImpl-5fae48a0-8517-4c16-9d39-4001697b8772/datanode-2/data/ratis/325f3957-8875-4cf1-9725-bd472d801032 does not exist. Creating ...
2019-09-25 05:52:32,032 [754f3588-47e6-41ad-b34e-eb7041cce070@group-D8B248088611:LeaderElection7] INFO  impl.LeaderElection (LeaderElection.java:askForVotes(182)) - 754f3588-47e6-41ad-b34e-eb7041cce070@group-D8B248088611:LeaderElection7: begin an election at term 1 for -1: [754f3588-47e6-41ad-b34e-eb7041cce070:192.168.30.10:41089], old=null
2019-09-25 05:52:32,032 [754f3588-47e6-41ad-b34e-eb7041cce070@group-71C80A7C5679:LeaderElection8] INFO  impl.LeaderElection (LeaderElection.java:askForVotes(182)) - 754f3588-47e6-41ad-b34e-eb7041cce070@group-71C80A7C5679:LeaderElection8: begin an election at term 1 for -1: [754f3588-47e6-41ad-b34e-eb7041cce070:192.168.30.10:41089], old=null
2019-09-25 05:52:32,032 [754f3588-47e6-41ad-b34e-eb7041cce070@group-D8B248088611:LeaderElection7] INFO  impl.RoleInfo (RoleInfo.java:shutdownLeaderElection(134)) - 754f3588-47e6-41ad-b34e-eb7041cce070: shutdown LeaderElection
2019-09-25 05:52:32,033 [754f3588-47e6-41ad-b34e-eb7041cce070@group-71C80A7C5679:LeaderElection8] INFO  impl.RoleInfo (RoleInfo.java:shutdownLeaderElection(134)) - 754f3588-47e6-41ad-b34e-eb7041cce070: shutdown LeaderElection
2019-09-25 05:52:32,033 [754f3588-47e6-41ad-b34e-eb7041cce070@group-D8B248088611:LeaderElection7] INFO  impl.RaftServerImpl (RaftServerImpl.java:setRole(174)) - 754f3588-47e6-41ad-b34e-eb7041cce070@group-D8B248088611: changes role from CANDIDATE to LEADER at term 1 for changeToLeader
2019-09-25 05:52:32,033 [754f3588-47e6-41ad-b34e-eb7041cce070@group-71C80A7C5679:LeaderElection8] INFO  impl.RaftServerImpl (RaftServerImpl.java:setRole(174)) - 754f3588-47e6-41ad-b34e-eb7041cce070@group-71C80A7C5679: changes role from CANDIDATE to LEADER at term 1 for changeToLeader
2019-09-25 05:52:32,033 [754f3588-47e6-41ad-b34e-eb7041cce070@group-D8B248088611:LeaderElection7] INFO  impl.RaftServerImpl (ServerState.java:setLeader(253)) - 754f3588-47e6-41ad-b34e-eb7041cce070@group-D8B248088611: change Leader from null to 754f3588-47e6-41ad-b34e-eb7041cce070 at term 1 for becomeLeader, leader elected after 5100ms
2019-09-25 05:52:32,033 [754f3588-47e6-41ad-b34e-eb7041cce070@group-71C80A7C5679:LeaderElection8] INFO  impl.RaftServerImpl (ServerState.java:setLeader(253)) - 754f3588-47e6-41ad-b34e-eb7041cce070@group-71C80A7C5679: change Leader from null to 754f3588-47e6-41ad-b34e-eb7041cce070 at term 1 for becomeLeader, leader elected after 5165ms
2019-09-25 05:52:32,033 [754f3588-47e6-41ad-b34e-eb7041cce070@group-D8B248088611:LeaderElection7] INFO  server.RaftServerConfigKeys (ConfUtils.java:logGet(43)) - raft.server.staging.catchup.gap = 1000 (default)
2019-09-25 05:52:32,033 [754f3588-47e6-41ad-b34e-eb7041cce070@group-71C80A7C5679:LeaderElection8] INFO  server.RaftServerConfigKeys (ConfUtils.java:logGet(43)) - raft.server.staging.catchup.gap = 1000 (default)
2019-09-25 05:52:32,033 [754f3588-47e6-41ad-b34e-eb7041cce070@group-D8B248088611:LeaderElection7] INFO  server.RaftServerConfigKeys (ConfUtils.java:logGet(43)) - raft.server.rpc.sleep.time = 25ms (default)
2019-09-25 05:52:32,033 [754f3588-47e6-41ad-b34e-eb7041cce070@group-71C80A7C5679:LeaderElection8] INFO  server.RaftServerConfigKeys (ConfUtils.java:logGet(43)) - raft.server.rpc.sleep.time = 25ms (default)
2019-09-25 05:52:32,033 [754f3588-47e6-41ad-b34e-eb7041cce070@group-D8B248088611:LeaderElection7] INFO  server.RaftServerConfigKeys (ConfUtils.java:logGet(43)) - raft.server.write.element-limit = 4096 (default)
2019-09-25 05:52:32,033 [754f3588-47e6-41ad-b34e-eb7041cce070@group-71C80A7C5679:LeaderElection8] INFO  server.RaftServerConfigKeys (ConfUtils.java:logGet(43)) - raft.server.write.element-limit = 4096 (default)
2019-09-25 05:52:32,033 [754f3588-47e6-41ad-b34e-eb7041cce070@group-D8B248088611:LeaderElection7] INFO  server.RaftServerConfigKeys (ConfUtils.java:logGet(43)) - raft.server.watch.timeout = 10s (default)
2019-09-25 05:52:32,034 [754f3588-47e6-41ad-b34e-eb7041cce070@group-71C80A7C5679:LeaderElection8] INFO  server.RaftServerConfigKeys (ConfUtils.java:logGet(43)) - raft.server.watch.timeout = 10s (default)
2019-09-25 05:52:32,034 [754f3588-47e6-41ad-b34e-eb7041cce070@group-D8B248088611:LeaderElection7] INFO  server.RaftServerConfigKeys (ConfUtils.java:logGet(43)) - raft.server.watch.timeout.denomination = 1s (default)
2019-09-25 05:52:32,034 [754f3588-47e6-41ad-b34e-eb7041cce070@group-71C80A7C5679:LeaderElection8] INFO  server.RaftServerConfigKeys (ConfUtils.java:logGet(43)) - raft.server.watch.timeout.denomination = 1s (default)
2019-09-25 05:52:32,034 [754f3588-47e6-41ad-b34e-eb7041cce070@group-D8B248088611:LeaderElection7] INFO  server.RaftServerConfigKeys (ConfUtils.java:logGet(43)) - raft.server.watch.element-limit = 65536 (default)
2019-09-25 05:52:32,034 [754f3588-47e6-41ad-b34e-eb7041cce070@group-71C80A7C5679:LeaderElection8] INFO  server.RaftServerConfigKeys (ConfUtils.java:logGet(43)) - raft.server.watch.element-limit = 65536 (default)
2019-09-25 05:52:32,035 [pool-47-thread-1] INFO  storage.RaftStorageDirectory (RaftStorageDirectory.java:tryLock(328)) - Lock on /workdir/hadoop-ozone/integration-test/target/test-dir/MiniOzoneClusterImpl-5fae48a0-8517-4c16-9d39-4001697b8772/datanode-2/data/ratis/325f3957-8875-4cf1-9725-bd472d801032/in_use.lock acquired by nodename 25594@pr-hdds-1569-s62bp-3040748787
2019-09-25 05:52:32,036 [754f3588-47e6-41ad-b34e-eb7041cce070@group-D8B248088611:LeaderElection7] INFO  impl.RoleInfo (RoleInfo.java:updateAndGet(143)) - 754f3588-47e6-41ad-b34e-eb7041cce070: start LeaderState
2019-09-25 05:52:32,036 [754f3588-47e6-41ad-b34e-eb7041cce070@group-D8B248088611:LeaderElection7] INFO  segmented.SegmentedRaftLogWorker (SegmentedRaftLogWorker.java:startLogSegment(380)) - 754f3588-47e6-41ad-b34e-eb7041cce070@group-D8B248088611-SegmentedRaftLogWorker: Starting segment from index:0
2019-09-25 05:52:32,036 [754f3588-47e6-41ad-b34e-eb7041cce070@group-D8B248088611:LeaderElection7] INFO  impl.RaftServerImpl (ServerState.java:setRaftConf(354)) - 754f3588-47e6-41ad-b34e-eb7041cce070@group-D8B248088611: set configuration 0: [754f3588-47e6-41ad-b34e-eb7041cce070:192.168.30.10:41089], old=null at 0
2019-09-25 05:52:32,071 [754f3588-47e6-41ad-b34e-eb7041cce070@group-71C80A7C5679:LeaderElection8] INFO  impl.RoleInfo (RoleInfo.java:updateAndGet(143)) - 754f3588-47e6-41ad-b34e-eb7041cce070: start LeaderState
2019-09-25 05:52:32,072 [pool-47-thread-1] INFO  storage.RaftStorage (RaftStorage.java:format(72)) - Storage directory /workdir/hadoop-ozone/integration-test/target/test-dir/MiniOzoneClusterImpl-5fae48a0-8517-4c16-9d39-4001697b8772/datanode-2/data/ratis/325f3957-8875-4cf1-9725-bd472d801032 has been successfully formatted.
2019-09-25 05:52:32,072 [754f3588-47e6-41ad-b34e-eb7041cce070@group-71C80A7C5679:LeaderElection8] INFO  segmented.SegmentedRaftLogWorker (SegmentedRaftLogWorker.java:startLogSegment(380)) - 754f3588-47e6-41ad-b34e-eb7041cce070@group-71C80A7C5679-SegmentedRaftLogWorker: Starting segment from index:0
2019-09-25 05:52:32,072 [pool-47-thread-1] INFO  ratis.ContainerStateMachine (ContainerStateMachine.java:loadSnapshot(230)) - group-BD472D801032: The snapshot info is null. Setting the last applied indexto:(t:0, i:~)
2019-09-25 05:52:32,072 [pool-47-thread-1] INFO  server.RaftServerConfigKeys (ConfUtils.java:logGet(43)) - raft.server.notification.no-leader.timeout = 120s (custom)
2019-09-25 05:52:32,073 [pool-47-thread-1] INFO  server.RaftServerConfigKeys (ConfUtils.java:logGet(43)) - raft.server.log.use.memory = false (default)
2019-09-25 05:52:32,073 [754f3588-47e6-41ad-b34e-eb7041cce070@group-71C80A7C5679:LeaderElection8] INFO  impl.RaftServerImpl (ServerState.java:setRaftConf(354)) - 754f3588-47e6-41ad-b34e-eb7041cce070@group-71C80A7C5679: set configuration 0: [754f3588-47e6-41ad-b34e-eb7041cce070:192.168.30.10:41089], old=null at 0
2019-09-25 05:52:32,073 [pool-47-thread-1] INFO  server.RaftServerConfigKeys (ConfUtils.java:logGet(43)) - raft.server.log.purge.gap = 1000000 (custom)
2019-09-25 05:52:32,100 [754f3588-47e6-41ad-b34e-eb7041cce070@group-D8B248088611-SegmentedRaftLogWorker] INFO  segmented.SegmentedRaftLogWorker (SegmentedRaftLogWorker.java:execute(569)) - 754f3588-47e6-41ad-b34e-eb7041cce070@group-D8B248088611-SegmentedRaftLogWorker: created new log segment /workdir/hadoop-ozone/integration-test/target/test-dir/MiniOzoneClusterImpl-5fae48a0-8517-4c16-9d39-4001697b8772/datanode-2/data/ratis/2574fba4-4780-423a-afa6-d8b248088611/current/log_inprogress_0
2019-09-25 05:52:32,100 [pool-47-thread-1] INFO  server.RaftServerConfigKeys (ConfUtils.java:logGet(43)) - raft.server.log.appender.buffer.byte-limit = 33554432 (custom)
2019-09-25 05:52:32,101 [pool-47-thread-1] INFO  server.RaftServerConfigKeys (ConfUtils.java:logGet(43)) - raft.server.log.segment.size.max = 1048576 (custom)
2019-09-25 05:52:32,101 [pool-47-thread-1] INFO  server.RaftServerConfigKeys (ConfUtils.java:logGet(43)) - raft.server.log.segment.cache.num.max = 2 (custom)
2019-09-25 05:52:32,101 [Thread-205] INFO  impl.FollowerState (FollowerState.java:run(106)) - 754f3588-47e6-41ad-b34e-eb7041cce070:group-491B214C484E changes to CANDIDATE, lastRpcTime:5096, electionTimeout:5092ms
2019-09-25 05:52:32,101 [pool-47-thread-1] INFO  segmented.SegmentedRaftLogWorker (SegmentedRaftLogWorker.java:<init>(172)) - new 754f3588-47e6-41ad-b34e-eb7041cce070@group-BD472D801032-SegmentedRaftLogWorker for RaftStorage:Storage Directory /workdir/hadoop-ozone/integration-test/target/test-dir/MiniOzoneClusterImpl-5fae48a0-8517-4c16-9d39-4001697b8772/datanode-2/data/ratis/325f3957-8875-4cf1-9725-bd472d801032
2019-09-25 05:52:32,101 [pool-47-thread-1] INFO  server.RaftServerConfigKeys (ConfUtils.java:logGet(43)) - raft.server.log.queue.byte-limit = 2147483647 (custom)
2019-09-25 05:52:32,101 [Thread-205] INFO  impl.RoleInfo (RoleInfo.java:shutdownFollowerState(121)) - 754f3588-47e6-41ad-b34e-eb7041cce070: shutdown FollowerState
2019-09-25 05:52:32,101 [pool-47-thread-1] INFO  server.RaftServerConfigKeys (ConfUtils.java:logGet(43)) - raft.server.log.queue.element-limit = 1024 (custom)
2019-09-25 05:52:32,101 [Thread-205] INFO  impl.RaftServerImpl (RaftServerImpl.java:setRole(174)) - 754f3588-47e6-41ad-b34e-eb7041cce070@group-491B214C484E: changes role from  FOLLOWER to CANDIDATE at term 0 for changeToCandidate
2019-09-25 05:52:32,101 [pool-47-thread-1] INFO  server.RaftServerConfigKeys (ConfUtils.java:logGet(43)) - raft.server.log.segment.size.max = 1048576 (custom)
2019-09-25 05:52:32,101 [Thread-205] INFO  impl.RoleInfo (RoleInfo.java:updateAndGet(143)) - 754f3588-47e6-41ad-b34e-eb7041cce070: start LeaderElection
2019-09-25 05:52:32,101 [pool-47-thread-1] INFO  server.RaftServerConfigKeys (ConfUtils.java:logGet(43)) - raft.server.log.preallocated.size = 16384 (custom)
2019-09-25 05:52:32,102 [pool-47-thread-1] INFO  server.RaftServerConfigKeys (ConfUtils.java:logGet(43)) - raft.server.log.write.buffer.size = 33554432 (custom)
2019-09-25 05:52:32,106 [pool-47-thread-1] INFO  server.RaftServerConfigKeys (ConfUtils.java:logGet(43)) - raft.server.log.force.sync.num = 128 (default)
2019-09-25 05:52:32,106 [pool-47-thread-1] INFO  server.RaftServerConfigKeys (ConfUtils.java:logGet(43)) - raft.server.log.statemachine.data.sync = true (default)
2019-09-25 05:52:32,106 [pool-47-thread-1] INFO  server.RaftServerConfigKeys (ConfUtils.java:logGet(43)) - raft.server.log.statemachine.data.sync.timeout = 10s (default)
2019-09-25 05:52:32,106 [pool-47-thread-1] INFO  server.RaftServerConfigKeys (ConfUtils.java:logGet(43)) - raft.server.log.statemachine.data.sync.timeout.retry = -1 (default)
2019-09-25 05:52:32,106 [pool-47-thread-1] INFO  server.RaftServerConfigKeys (ConfUtils.java:logGet(43)) - raft.server.log.statemachine.data.caching.enabled = true (custom)
2019-09-25 05:52:32,106 [pool-47-thread-1] INFO  segmented.SegmentedRaftLogWorker (SegmentedRaftLogWorker.java:lambda$new$0(132)) - 754f3588-47e6-41ad-b34e-eb7041cce070@group-BD472D801032-SegmentedRaftLogWorker: flushIndex: setUnconditionally 0 -> -1
2019-09-25 05:52:32,107 [pool-47-thread-1] INFO  server.RaftServerConfigKeys (ConfUtils.java:logGet(43)) - raft.server.snapshot.auto.trigger.enabled = true (custom)
2019-09-25 05:52:32,107 [pool-47-thread-1] INFO  server.RaftServerConfigKeys (ConfUtils.java:logGet(43)) - raft.server.snapshot.auto.trigger.threshold = 10000 (custom)
2019-09-25 05:52:32,107 [pool-47-thread-1] INFO  server.RaftServerConfigKeys (ConfUtils.java:logGet(43)) - raft.server.snapshot.retention.num.files = 5 (custom)
2019-09-25 05:52:32,107 [pool-47-thread-1] INFO  server.RaftServerConfigKeys (ConfUtils.java:logGet(43)) - raft.server.retrycache.expirytime = 600000ms (custom)
2019-09-25 05:52:32,107 [754f3588-47e6-41ad-b34e-eb7041cce070@group-71C80A7C5679-SegmentedRaftLogWorker] INFO  segmented.SegmentedRaftLogWorker (SegmentedRaftLogWorker.java:execute(569)) - 754f3588-47e6-41ad-b34e-eb7041cce070@group-71C80A7C5679-SegmentedRaftLogWorker: created new log segment /workdir/hadoop-ozone/integration-test/target/test-dir/MiniOzoneClusterImpl-5fae48a0-8517-4c16-9d39-4001697b8772/datanode-2/data/ratis/c7444765-418c-4901-96c9-71c80a7c5679/current/log_inprogress_0
2019-09-25 05:52:32,109 [pool-47-thread-1] INFO  impl.RaftServerImpl (RaftServerImpl.java:start(185)) - 754f3588-47e6-41ad-b34e-eb7041cce070@group-BD472D801032: start as a follower, conf=-1: [754f3588-47e6-41ad-b34e-eb7041cce070:192.168.30.10:41089], old=null
2019-09-25 05:52:32,109 [pool-47-thread-1] INFO  impl.RaftServerImpl (RaftServerImpl.java:setRole(174)) - 754f3588-47e6-41ad-b34e-eb7041cce070@group-BD472D801032: changes role from      null to FOLLOWER at term 0 for startAsFollower
2019-09-25 05:52:32,109 [pool-47-thread-1] INFO  impl.RoleInfo (RoleInfo.java:updateAndGet(143)) - 754f3588-47e6-41ad-b34e-eb7041cce070: start FollowerState
2019-09-25 05:52:32,109 [pool-47-thread-1] INFO  util.JmxRegister (JmxRegister.java:tryRegister(44)) - Successfully registered JMX Bean with object name Ratis:service=RaftServer,group=group-BD472D801032,id=754f3588-47e6-41ad-b34e-eb7041cce070
2019-09-25 05:52:32,110 [754f3588-47e6-41ad-b34e-eb7041cce070@group-491B214C484E:LeaderElection9] INFO  impl.LeaderElection (LeaderElection.java:askForVotes(182)) - 754f3588-47e6-41ad-b34e-eb7041cce070@group-491B214C484E:LeaderElection9: begin an election at term 1 for -1: [754f3588-47e6-41ad-b34e-eb7041cce070:192.168.30.10:41089], old=null
2019-09-25 05:52:32,111 [754f3588-47e6-41ad-b34e-eb7041cce070@group-491B214C484E:LeaderElection9] INFO  impl.RoleInfo (RoleInfo.java:shutdownLeaderElection(134)) - 754f3588-47e6-41ad-b34e-eb7041cce070: shutdown LeaderElection
2019-09-25 05:52:32,111 [754f3588-47e6-41ad-b34e-eb7041cce070@group-491B214C484E:LeaderElection9] INFO  impl.RaftServerImpl (RaftServerImpl.java:setRole(174)) - 754f3588-47e6-41ad-b34e-eb7041cce070@group-491B214C484E: changes role from CANDIDATE to LEADER at term 1 for changeToLeader
2019-09-25 05:52:32,111 [754f3588-47e6-41ad-b34e-eb7041cce070@group-491B214C484E:LeaderElection9] INFO  impl.RaftServerImpl (ServerState.java:setLeader(253)) - 754f3588-47e6-41ad-b34e-eb7041cce070@group-491B214C484E: change Leader from null to 754f3588-47e6-41ad-b34e-eb7041cce070 at term 1 for becomeLeader, leader elected after 5115ms
2019-09-25 05:52:32,111 [754f3588-47e6-41ad-b34e-eb7041cce070@group-491B214C484E:LeaderElection9] INFO  server.RaftServerConfigKeys (ConfUtils.java:logGet(43)) - raft.server.staging.catchup.gap = 1000 (default)
2019-09-25 05:52:32,111 [754f3588-47e6-41ad-b34e-eb7041cce070@group-491B214C484E:LeaderElection9] INFO  server.RaftServerConfigKeys (ConfUtils.java:logGet(43)) - raft.server.rpc.sleep.time = 25ms (default)
2019-09-25 05:52:32,111 [754f3588-47e6-41ad-b34e-eb7041cce070@group-491B214C484E:LeaderElection9] INFO  server.RaftServerConfigKeys (ConfUtils.java:logGet(43)) - raft.server.write.element-limit = 4096 (default)
2019-09-25 05:52:32,111 [754f3588-47e6-41ad-b34e-eb7041cce070@group-491B214C484E:LeaderElection9] INFO  server.RaftServerConfigKeys (ConfUtils.java:logGet(43)) - raft.server.watch.timeout = 10s (default)
2019-09-25 05:52:32,111 [754f3588-47e6-41ad-b34e-eb7041cce070@group-491B214C484E:LeaderElection9] INFO  server.RaftServerConfigKeys (ConfUtils.java:logGet(43)) - raft.server.watch.timeout.denomination = 1s (default)
2019-09-25 05:52:32,112 [754f3588-47e6-41ad-b34e-eb7041cce070@group-491B214C484E:LeaderElection9] INFO  server.RaftServerConfigKeys (ConfUtils.java:logGet(43)) - raft.server.watch.element-limit = 65536 (default)
2019-09-25 05:52:32,112 [RatisPipelineUtilsThread] INFO  pipeline.PipelineStateManager (PipelineStateManager.java:addPipeline(56)) - Created pipeline Pipeline[ Id: 325f3957-8875-4cf1-9725-bd472d801032, Nodes: 754f3588-47e6-41ad-b34e-eb7041cce070{ip: 192.168.30.10, host: pr-hdds-1569-s62bp-3040748787, networkLocation: /default-rack, certSerialId: null}, Type:RATIS, Factor:ONE, State:OPEN]
2019-09-25 05:52:32,113 [754f3588-47e6-41ad-b34e-eb7041cce070@group-491B214C484E:LeaderElection9] INFO  impl.RoleInfo (RoleInfo.java:updateAndGet(143)) - 754f3588-47e6-41ad-b34e-eb7041cce070: start LeaderState
2019-09-25 05:52:32,113 [754f3588-47e6-41ad-b34e-eb7041cce070@group-491B214C484E:LeaderElection9] INFO  segmented.SegmentedRaftLogWorker (SegmentedRaftLogWorker.java:startLogSegment(380)) - 754f3588-47e6-41ad-b34e-eb7041cce070@group-491B214C484E-SegmentedRaftLogWorker: Starting segment from index:0
2019-09-25 05:52:32,114 [754f3588-47e6-41ad-b34e-eb7041cce070@group-491B214C484E:LeaderElection9] INFO  impl.RaftServerImpl (ServerState.java:setRaftConf(354)) - 754f3588-47e6-41ad-b34e-eb7041cce070@group-491B214C484E: set configuration 0: [754f3588-47e6-41ad-b34e-eb7041cce070:192.168.30.10:41089], old=null at 0
2019-09-25 05:52:32,144 [grpc-default-executor-0] INFO  impl.RaftServerProxy (RaftServerProxy.java:addNew(89)) - 0bbc1277-be6f-4bf3-88cf-1c3b12e139ad: addNew group-EAB65D37406F:[0bbc1277-be6f-4bf3-88cf-1c3b12e139ad:192.168.30.10:46701] returns group-EAB65D37406F:java.util.concurrent.CompletableFuture@55daf24a[Not completed]
2019-09-25 05:52:32,145 [pool-27-thread-1] INFO  impl.RaftServerImpl (RaftServerImpl.java:<init>(95)) - 0bbc1277-be6f-4bf3-88cf-1c3b12e139ad: new RaftServerImpl for group-EAB65D37406F:[0bbc1277-be6f-4bf3-88cf-1c3b12e139ad:192.168.30.10:46701] with ContainerStateMachine:uninitialized
2019-09-25 05:52:32,145 [pool-27-thread-1] INFO  server.RaftServerConfigKeys (ConfUtils.java:logGet(43)) - raft.server.rpc.timeout.min = 5s (custom)
2019-09-25 05:52:32,145 [pool-27-thread-1] INFO  server.RaftServerConfigKeys (ConfUtils.java:logGet(43)) - raft.server.rpc.timeout.max = 5200ms (custom)
2019-09-25 05:52:32,145 [pool-27-thread-1] INFO  server.RaftServerConfigKeys (ConfUtils.java:logGet(43)) - raft.server.rpcslowness.timeout = 120s (custom)
2019-09-25 05:52:32,145 [pool-27-thread-1] INFO  server.RaftServerConfigKeys (ConfUtils.java:logGet(43)) - raft.server.sleep.deviation.threshold = 300 (default)
2019-09-25 05:52:32,146 [pool-27-thread-1] INFO  server.RaftServerConfigKeys (ConfUtils.java:logGet(43)) - raft.server.log.appender.install.snapshot.enabled = false (custom)
2019-09-25 05:52:32,146 [pool-27-thread-1] INFO  impl.RaftServerImpl (ServerState.java:<init>(103)) - 0bbc1277-be6f-4bf3-88cf-1c3b12e139ad@group-EAB65D37406F: ConfigurationManager, init=-1: [0bbc1277-be6f-4bf3-88cf-1c3b12e139ad:192.168.30.10:46701], old=null, confs=<EMPTY_MAP>
2019-09-25 05:52:32,146 [pool-27-thread-1] INFO  server.RaftServerConfigKeys (ConfUtils.java:logGet(43)) - raft.server.storage.dir = [/workdir/hadoop-ozone/integration-test/target/test-dir/MiniOzoneClusterImpl-5fae48a0-8517-4c16-9d39-4001697b8772/datanode-0/data/ratis] (custom)
2019-09-25 05:52:32,146 [pool-27-thread-1] INFO  storage.RaftStorageDirectory (RaftStorageDirectory.java:analyzeStorage(246)) - The storage directory /workdir/hadoop-ozone/integration-test/target/test-dir/MiniOzoneClusterImpl-5fae48a0-8517-4c16-9d39-4001697b8772/datanode-0/data/ratis/571d64d5-9975-4278-ba10-eab65d37406f does not exist. Creating ...
2019-09-25 05:52:32,154 [pool-27-thread-1] INFO  storage.RaftStorageDirectory (RaftStorageDirectory.java:tryLock(328)) - Lock on /workdir/hadoop-ozone/integration-test/target/test-dir/MiniOzoneClusterImpl-5fae48a0-8517-4c16-9d39-4001697b8772/datanode-0/data/ratis/571d64d5-9975-4278-ba10-eab65d37406f/in_use.lock acquired by nodename 25594@pr-hdds-1569-s62bp-3040748787
2019-09-25 05:52:32,154 [754f3588-47e6-41ad-b34e-eb7041cce070@group-491B214C484E-SegmentedRaftLogWorker] INFO  segmented.SegmentedRaftLogWorker (SegmentedRaftLogWorker.java:execute(569)) - 754f3588-47e6-41ad-b34e-eb7041cce070@group-491B214C484E-SegmentedRaftLogWorker: created new log segment /workdir/hadoop-ozone/integration-test/target/test-dir/MiniOzoneClusterImpl-5fae48a0-8517-4c16-9d39-4001697b8772/datanode-2/data/ratis/c7e442d2-90ee-4988-8941-491b214c484e/current/log_inprogress_0
2019-09-25 05:52:32,157 [pool-27-thread-1] INFO  storage.RaftStorage (RaftStorage.java:format(72)) - Storage directory /workdir/hadoop-ozone/integration-test/target/test-dir/MiniOzoneClusterImpl-5fae48a0-8517-4c16-9d39-4001697b8772/datanode-0/data/ratis/571d64d5-9975-4278-ba10-eab65d37406f has been successfully formatted.
2019-09-25 05:52:32,157 [pool-27-thread-1] INFO  ratis.ContainerStateMachine (ContainerStateMachine.java:loadSnapshot(230)) - group-EAB65D37406F: The snapshot info is null. Setting the last applied indexto:(t:0, i:~)
2019-09-25 05:52:32,157 [pool-27-thread-1] INFO  server.RaftServerConfigKeys (ConfUtils.java:logGet(43)) - raft.server.notification.no-leader.timeout = 120s (custom)
2019-09-25 05:52:32,157 [pool-27-thread-1] INFO  server.RaftServerConfigKeys (ConfUtils.java:logGet(43)) - raft.server.log.use.memory = false (default)
2019-09-25 05:52:32,157 [pool-27-thread-1] INFO  server.RaftServerConfigKeys (ConfUtils.java:logGet(43)) - raft.server.log.purge.gap = 1000000 (custom)
2019-09-25 05:52:32,157 [pool-27-thread-1] INFO  server.RaftServerConfigKeys (ConfUtils.java:logGet(43)) - raft.server.log.appender.buffer.byte-limit = 33554432 (custom)
2019-09-25 05:52:32,158 [pool-27-thread-1] INFO  server.RaftServerConfigKeys (ConfUtils.java:logGet(43)) - raft.server.log.segment.size.max = 1048576 (custom)
2019-09-25 05:52:32,158 [pool-27-thread-1] INFO  server.RaftServerConfigKeys (ConfUtils.java:logGet(43)) - raft.server.log.segment.cache.num.max = 2 (custom)
2019-09-25 05:52:32,158 [pool-27-thread-1] INFO  segmented.SegmentedRaftLogWorker (SegmentedRaftLogWorker.java:<init>(172)) - new 0bbc1277-be6f-4bf3-88cf-1c3b12e139ad@group-EAB65D37406F-SegmentedRaftLogWorker for RaftStorage:Storage Directory /workdir/hadoop-ozone/integration-test/target/test-dir/MiniOzoneClusterImpl-5fae48a0-8517-4c16-9d39-4001697b8772/datanode-0/data/ratis/571d64d5-9975-4278-ba10-eab65d37406f
2019-09-25 05:52:32,158 [pool-27-thread-1] INFO  server.RaftServerConfigKeys (ConfUtils.java:logGet(43)) - raft.server.log.queue.byte-limit = 2147483647 (custom)
2019-09-25 05:52:32,158 [pool-27-thread-1] INFO  server.RaftServerConfigKeys (ConfUtils.java:logGet(43)) - raft.server.log.queue.element-limit = 1024 (custom)
2019-09-25 05:52:32,158 [pool-27-thread-1] INFO  server.RaftServerConfigKeys (ConfUtils.java:logGet(43)) - raft.server.log.segment.size.max = 1048576 (custom)
2019-09-25 05:52:32,158 [pool-27-thread-1] INFO  server.RaftServerConfigKeys (ConfUtils.java:logGet(43)) - raft.server.log.preallocated.size = 16384 (custom)
2019-09-25 05:52:32,158 [pool-27-thread-1] INFO  server.RaftServerConfigKeys (ConfUtils.java:logGet(43)) - raft.server.log.write.buffer.size = 33554432 (custom)
2019-09-25 05:52:32,158 [pool-27-thread-1] INFO  server.RaftServerConfigKeys (ConfUtils.java:logGet(43)) - raft.server.log.force.sync.num = 128 (default)
2019-09-25 05:52:32,158 [pool-27-thread-1] INFO  server.RaftServerConfigKeys (ConfUtils.java:logGet(43)) - raft.server.log.statemachine.data.sync = true (default)
2019-09-25 05:52:32,159 [pool-27-thread-1] INFO  server.RaftServerConfigKeys (ConfUtils.java:logGet(43)) - raft.server.log.statemachine.data.sync.timeout = 10s (default)
2019-09-25 05:52:32,159 [pool-27-thread-1] INFO  server.RaftServerConfigKeys (ConfUtils.java:logGet(43)) - raft.server.log.statemachine.data.sync.timeout.retry = -1 (default)
2019-09-25 05:52:32,159 [pool-27-thread-1] INFO  server.RaftServerConfigKeys (ConfUtils.java:logGet(43)) - raft.server.log.statemachine.data.caching.enabled = true (custom)
2019-09-25 05:52:32,159 [pool-27-thread-1] INFO  segmented.SegmentedRaftLogWorker (SegmentedRaftLogWorker.java:lambda$new$0(132)) - 0bbc1277-be6f-4bf3-88cf-1c3b12e139ad@group-EAB65D37406F-SegmentedRaftLogWorker: flushIndex: setUnconditionally 0 -> -1
2019-09-25 05:52:32,159 [pool-27-thread-1] INFO  server.RaftServerConfigKeys (ConfUtils.java:logGet(43)) - raft.server.snapshot.auto.trigger.enabled = true (custom)
2019-09-25 05:52:32,159 [pool-27-thread-1] INFO  server.RaftServerConfigKeys (ConfUtils.java:logGet(43)) - raft.server.snapshot.auto.trigger.threshold = 10000 (custom)
2019-09-25 05:52:32,159 [pool-27-thread-1] INFO  server.RaftServerConfigKeys (ConfUtils.java:logGet(43)) - raft.server.snapshot.retention.num.files = 5 (custom)
2019-09-25 05:52:32,160 [pool-27-thread-1] INFO  server.RaftServerConfigKeys (ConfUtils.java:logGet(43)) - raft.server.retrycache.expirytime = 600000ms (custom)
2019-09-25 05:52:32,161 [pool-27-thread-1] INFO  impl.RaftServerImpl (RaftServerImpl.java:start(185)) - 0bbc1277-be6f-4bf3-88cf-1c3b12e139ad@group-EAB65D37406F: start as a follower, conf=-1: [0bbc1277-be6f-4bf3-88cf-1c3b12e139ad:192.168.30.10:46701], old=null
2019-09-25 05:52:32,161 [pool-27-thread-1] INFO  impl.RaftServerImpl (RaftServerImpl.java:setRole(174)) - 0bbc1277-be6f-4bf3-88cf-1c3b12e139ad@group-EAB65D37406F: changes role from      null to FOLLOWER at term 0 for startAsFollower
2019-09-25 05:52:32,161 [pool-27-thread-1] INFO  impl.RoleInfo (RoleInfo.java:updateAndGet(143)) - 0bbc1277-be6f-4bf3-88cf-1c3b12e139ad: start FollowerState
2019-09-25 05:52:32,162 [pool-27-thread-1] INFO  util.JmxRegister (JmxRegister.java:tryRegister(44)) - Successfully registered JMX Bean with object name Ratis:service=RaftServer,group=group-EAB65D37406F,id=0bbc1277-be6f-4bf3-88cf-1c3b12e139ad
2019-09-25 05:52:32,164 [RatisPipelineUtilsThread] INFO  pipeline.PipelineStateManager (PipelineStateManager.java:addPipeline(56)) - Created pipeline Pipeline[ Id: 571d64d5-9975-4278-ba10-eab65d37406f, Nodes: 0bbc1277-be6f-4bf3-88cf-1c3b12e139ad{ip: 192.168.30.10, host: pr-hdds-1569-s62bp-3040748787, networkLocation: /default-rack, certSerialId: null}, Type:RATIS, Factor:ONE, State:OPEN]
2019-09-25 05:52:32,169 [grpc-default-executor-0] INFO  impl.RaftServerProxy (RaftServerProxy.java:addNew(89)) - 754f3588-47e6-41ad-b34e-eb7041cce070: addNew group-4C3D0E1A45D5:[754f3588-47e6-41ad-b34e-eb7041cce070:192.168.30.10:41089] returns group-4C3D0E1A45D5:java.util.concurrent.CompletableFuture@6ae003b[Not completed]
2019-09-25 05:52:32,170 [pool-47-thread-1] INFO  impl.RaftServerImpl (RaftServerImpl.java:<init>(95)) - 754f3588-47e6-41ad-b34e-eb7041cce070: new RaftServerImpl for group-4C3D0E1A45D5:[754f3588-47e6-41ad-b34e-eb7041cce070:192.168.30.10:41089] with ContainerStateMachine:uninitialized
2019-09-25 05:52:32,170 [pool-47-thread-1] INFO  server.RaftServerConfigKeys (ConfUtils.java:logGet(43)) - raft.server.rpc.timeout.min = 5s (custom)
2019-09-25 05:52:32,170 [pool-47-thread-1] INFO  server.RaftServerConfigKeys (ConfUtils.java:logGet(43)) - raft.server.rpc.timeout.max = 5200ms (custom)
2019-09-25 05:52:32,171 [pool-47-thread-1] INFO  server.RaftServerConfigKeys (ConfUtils.java:logGet(43)) - raft.server.rpcslowness.timeout = 120s (custom)
2019-09-25 05:52:32,171 [pool-47-thread-1] INFO  server.RaftServerConfigKeys (ConfUtils.java:logGet(43)) - raft.server.sleep.deviation.threshold = 300 (default)
2019-09-25 05:52:32,171 [pool-47-thread-1] INFO  server.RaftServerConfigKeys (ConfUtils.java:logGet(43)) - raft.server.log.appender.install.snapshot.enabled = false (custom)
2019-09-25 05:52:32,171 [pool-47-thread-1] INFO  impl.RaftServerImpl (ServerState.java:<init>(103)) - 754f3588-47e6-41ad-b34e-eb7041cce070@group-4C3D0E1A45D5: ConfigurationManager, init=-1: [754f3588-47e6-41ad-b34e-eb7041cce070:192.168.30.10:41089], old=null, confs=<EMPTY_MAP>
2019-09-25 05:52:32,171 [pool-47-thread-1] INFO  server.RaftServerConfigKeys (ConfUtils.java:logGet(43)) - raft.server.storage.dir = [/workdir/hadoop-ozone/integration-test/target/test-dir/MiniOzoneClusterImpl-5fae48a0-8517-4c16-9d39-4001697b8772/datanode-2/data/ratis] (custom)
2019-09-25 05:52:32,171 [pool-47-thread-1] INFO  storage.RaftStorageDirectory (RaftStorageDirectory.java:analyzeStorage(246)) - The storage directory /workdir/hadoop-ozone/integration-test/target/test-dir/MiniOzoneClusterImpl-5fae48a0-8517-4c16-9d39-4001697b8772/datanode-2/data/ratis/78ce5714-31d8-40b2-85a1-4c3d0e1a45d5 does not exist. Creating ...
2019-09-25 05:52:32,186 [pool-47-thread-1] INFO  storage.RaftStorageDirectory (RaftStorageDirectory.java:tryLock(328)) - Lock on /workdir/hadoop-ozone/integration-test/target/test-dir/MiniOzoneClusterImpl-5fae48a0-8517-4c16-9d39-4001697b8772/datanode-2/data/ratis/78ce5714-31d8-40b2-85a1-4c3d0e1a45d5/in_use.lock acquired by nodename 25594@pr-hdds-1569-s62bp-3040748787
2019-09-25 05:52:32,199 [pool-47-thread-1] INFO  storage.RaftStorage (RaftStorage.java:format(72)) - Storage directory /workdir/hadoop-ozone/integration-test/target/test-dir/MiniOzoneClusterImpl-5fae48a0-8517-4c16-9d39-4001697b8772/datanode-2/data/ratis/78ce5714-31d8-40b2-85a1-4c3d0e1a45d5 has been successfully formatted.
2019-09-25 05:52:32,199 [pool-47-thread-1] INFO  ratis.ContainerStateMachine (ContainerStateMachine.java:loadSnapshot(230)) - group-4C3D0E1A45D5: The snapshot info is null. Setting the last applied indexto:(t:0, i:~)
2019-09-25 05:52:32,199 [pool-47-thread-1] INFO  server.RaftServerConfigKeys (ConfUtils.java:logGet(43)) - raft.server.notification.no-leader.timeout = 120s (custom)
2019-09-25 05:52:32,199 [pool-47-thread-1] INFO  server.RaftServerConfigKeys (ConfUtils.java:logGet(43)) - raft.server.log.use.memory = false (default)
2019-09-25 05:52:32,199 [pool-47-thread-1] INFO  server.RaftServerConfigKeys (ConfUtils.java:logGet(43)) - raft.server.log.purge.gap = 1000000 (custom)
2019-09-25 05:52:32,199 [pool-47-thread-1] INFO  server.RaftServerConfigKeys (ConfUtils.java:logGet(43)) - raft.server.log.appender.buffer.byte-limit = 33554432 (custom)
2019-09-25 05:52:32,199 [pool-47-thread-1] INFO  server.RaftServerConfigKeys (ConfUtils.java:logGet(43)) - raft.server.log.segment.size.max = 1048576 (custom)
2019-09-25 05:52:32,199 [pool-47-thread-1] INFO  server.RaftServerConfigKeys (ConfUtils.java:logGet(43)) - raft.server.log.segment.cache.num.max = 2 (custom)
2019-09-25 05:52:32,200 [pool-47-thread-1] INFO  segmented.SegmentedRaftLogWorker (SegmentedRaftLogWorker.java:<init>(172)) - new 754f3588-47e6-41ad-b34e-eb7041cce070@group-4C3D0E1A45D5-SegmentedRaftLogWorker for RaftStorage:Storage Directory /workdir/hadoop-ozone/integration-test/target/test-dir/MiniOzoneClusterImpl-5fae48a0-8517-4c16-9d39-4001697b8772/datanode-2/data/ratis/78ce5714-31d8-40b2-85a1-4c3d0e1a45d5
2019-09-25 05:52:32,200 [pool-47-thread-1] INFO  server.RaftServerConfigKeys (ConfUtils.java:logGet(43)) - raft.server.log.queue.byte-limit = 2147483647 (custom)
2019-09-25 05:52:32,200 [pool-47-thread-1] INFO  server.RaftServerConfigKeys (ConfUtils.java:logGet(43)) - raft.server.log.queue.element-limit = 1024 (custom)
2019-09-25 05:52:32,200 [pool-47-thread-1] INFO  server.RaftServerConfigKeys (ConfUtils.java:logGet(43)) - raft.server.log.segment.size.max = 1048576 (custom)
2019-09-25 05:52:32,200 [pool-47-thread-1] INFO  server.RaftServerConfigKeys (ConfUtils.java:logGet(43)) - raft.server.log.preallocated.size = 16384 (custom)
2019-09-25 05:52:32,200 [pool-47-thread-1] INFO  server.RaftServerConfigKeys (ConfUtils.java:logGet(43)) - raft.server.log.write.buffer.size = 33554432 (custom)
2019-09-25 05:52:32,200 [pool-47-thread-1] INFO  server.RaftServerConfigKeys (ConfUtils.java:logGet(43)) - raft.server.log.force.sync.num = 128 (default)
2019-09-25 05:52:32,200 [pool-47-thread-1] INFO  server.RaftServerConfigKeys (ConfUtils.java:logGet(43)) - raft.server.log.statemachine.data.sync = true (default)
2019-09-25 05:52:32,200 [pool-47-thread-1] INFO  server.RaftServerConfigKeys (ConfUtils.java:logGet(43)) - raft.server.log.statemachine.data.sync.timeout = 10s (default)
2019-09-25 05:52:32,200 [pool-47-thread-1] INFO  server.RaftServerConfigKeys (ConfUtils.java:logGet(43)) - raft.server.log.statemachine.data.sync.timeout.retry = -1 (default)
2019-09-25 05:52:32,200 [pool-47-thread-1] INFO  server.RaftServerConfigKeys (ConfUtils.java:logGet(43)) - raft.server.log.statemachine.data.caching.enabled = true (custom)
2019-09-25 05:52:32,201 [pool-47-thread-1] INFO  segmented.SegmentedRaftLogWorker (SegmentedRaftLogWorker.java:lambda$new$0(132)) - 754f3588-47e6-41ad-b34e-eb7041cce070@group-4C3D0E1A45D5-SegmentedRaftLogWorker: flushIndex: setUnconditionally 0 -> -1
2019-09-25 05:52:32,201 [pool-47-thread-1] INFO  server.RaftServerConfigKeys (ConfUtils.java:logGet(43)) - raft.server.snapshot.auto.trigger.enabled = true (custom)
2019-09-25 05:52:32,201 [pool-47-thread-1] INFO  server.RaftServerConfigKeys (ConfUtils.java:logGet(43)) - raft.server.snapshot.auto.trigger.threshold = 10000 (custom)
2019-09-25 05:52:32,201 [pool-47-thread-1] INFO  server.RaftServerConfigKeys (ConfUtils.java:logGet(43)) - raft.server.snapshot.retention.num.files = 5 (custom)
2019-09-25 05:52:32,201 [pool-47-thread-1] INFO  server.RaftServerConfigKeys (ConfUtils.java:logGet(43)) - raft.server.retrycache.expirytime = 600000ms (custom)
2019-09-25 05:52:32,203 [pool-47-thread-1] INFO  impl.RaftServerImpl (RaftServerImpl.java:start(185)) - 754f3588-47e6-41ad-b34e-eb7041cce070@group-4C3D0E1A45D5: start as a follower, conf=-1: [754f3588-47e6-41ad-b34e-eb7041cce070:192.168.30.10:41089], old=null
2019-09-25 05:52:32,203 [pool-47-thread-1] INFO  impl.RaftServerImpl (RaftServerImpl.java:setRole(174)) - 754f3588-47e6-41ad-b34e-eb7041cce070@group-4C3D0E1A45D5: changes role from      null to FOLLOWER at term 0 for startAsFollower
2019-09-25 05:52:32,203 [pool-47-thread-1] INFO  impl.RoleInfo (RoleInfo.java:updateAndGet(143)) - 754f3588-47e6-41ad-b34e-eb7041cce070: start FollowerState
2019-09-25 05:52:32,203 [pool-47-thread-1] INFO  util.JmxRegister (JmxRegister.java:tryRegister(44)) - Successfully registered JMX Bean with object name Ratis:service=RaftServer,group=group-4C3D0E1A45D5,id=754f3588-47e6-41ad-b34e-eb7041cce070
2019-09-25 05:52:32,205 [RatisPipelineUtilsThread] INFO  pipeline.PipelineStateManager (PipelineStateManager.java:addPipeline(56)) - Created pipeline Pipeline[ Id: 78ce5714-31d8-40b2-85a1-4c3d0e1a45d5, Nodes: 754f3588-47e6-41ad-b34e-eb7041cce070{ip: 192.168.30.10, host: pr-hdds-1569-s62bp-3040748787, networkLocation: /default-rack, certSerialId: null}, Type:RATIS, Factor:ONE, State:OPEN]
2019-09-25 05:52:32,209 [grpc-default-executor-0] INFO  impl.RaftServerProxy (RaftServerProxy.java:addNew(89)) - 754f3588-47e6-41ad-b34e-eb7041cce070: addNew group-C196BB46B7FE:[754f3588-47e6-41ad-b34e-eb7041cce070:192.168.30.10:41089] returns group-C196BB46B7FE:java.util.concurrent.CompletableFuture@3bc2f5e4[Not completed]
2019-09-25 05:52:32,210 [pool-47-thread-1] INFO  impl.RaftServerImpl (RaftServerImpl.java:<init>(95)) - 754f3588-47e6-41ad-b34e-eb7041cce070: new RaftServerImpl for group-C196BB46B7FE:[754f3588-47e6-41ad-b34e-eb7041cce070:192.168.30.10:41089] with ContainerStateMachine:uninitialized
2019-09-25 05:52:32,210 [pool-47-thread-1] INFO  server.RaftServerConfigKeys (ConfUtils.java:logGet(43)) - raft.server.rpc.timeout.min = 5s (custom)
2019-09-25 05:52:32,210 [pool-47-thread-1] INFO  server.RaftServerConfigKeys (ConfUtils.java:logGet(43)) - raft.server.rpc.timeout.max = 5200ms (custom)
2019-09-25 05:52:32,210 [pool-47-thread-1] INFO  server.RaftServerConfigKeys (ConfUtils.java:logGet(43)) - raft.server.rpcslowness.timeout = 120s (custom)
2019-09-25 05:52:32,211 [pool-47-thread-1] INFO  server.RaftServerConfigKeys (ConfUtils.java:logGet(43)) - raft.server.sleep.deviation.threshold = 300 (default)
2019-09-25 05:52:32,211 [pool-47-thread-1] INFO  server.RaftServerConfigKeys (ConfUtils.java:logGet(43)) - raft.server.log.appender.install.snapshot.enabled = false (custom)
2019-09-25 05:52:32,211 [pool-47-thread-1] INFO  impl.RaftServerImpl (ServerState.java:<init>(103)) - 754f3588-47e6-41ad-b34e-eb7041cce070@group-C196BB46B7FE: ConfigurationManager, init=-1: [754f3588-47e6-41ad-b34e-eb7041cce070:192.168.30.10:41089], old=null, confs=<EMPTY_MAP>
2019-09-25 05:52:32,211 [pool-47-thread-1] INFO  server.RaftServerConfigKeys (ConfUtils.java:logGet(43)) - raft.server.storage.dir = [/workdir/hadoop-ozone/integration-test/target/test-dir/MiniOzoneClusterImpl-5fae48a0-8517-4c16-9d39-4001697b8772/datanode-2/data/ratis] (custom)
2019-09-25 05:52:32,211 [pool-47-thread-1] INFO  storage.RaftStorageDirectory (RaftStorageDirectory.java:analyzeStorage(246)) - The storage directory /workdir/hadoop-ozone/integration-test/target/test-dir/MiniOzoneClusterImpl-5fae48a0-8517-4c16-9d39-4001697b8772/datanode-2/data/ratis/c667c537-ce20-4dcb-af2a-c196bb46b7fe does not exist. Creating ...
2019-09-25 05:52:32,226 [pool-47-thread-1] INFO  storage.RaftStorageDirectory (RaftStorageDirectory.java:tryLock(328)) - Lock on /workdir/hadoop-ozone/integration-test/target/test-dir/MiniOzoneClusterImpl-5fae48a0-8517-4c16-9d39-4001697b8772/datanode-2/data/ratis/c667c537-ce20-4dcb-af2a-c196bb46b7fe/in_use.lock acquired by nodename 25594@pr-hdds-1569-s62bp-3040748787
2019-09-25 05:52:32,238 [pool-47-thread-1] INFO  storage.RaftStorage (RaftStorage.java:format(72)) - Storage directory /workdir/hadoop-ozone/integration-test/target/test-dir/MiniOzoneClusterImpl-5fae48a0-8517-4c16-9d39-4001697b8772/datanode-2/data/ratis/c667c537-ce20-4dcb-af2a-c196bb46b7fe has been successfully formatted.
2019-09-25 05:52:32,239 [pool-47-thread-1] INFO  ratis.ContainerStateMachine (ContainerStateMachine.java:loadSnapshot(230)) - group-C196BB46B7FE: The snapshot info is null. Setting the last applied indexto:(t:0, i:~)
2019-09-25 05:52:32,239 [pool-47-thread-1] INFO  server.RaftServerConfigKeys (ConfUtils.java:logGet(43)) - raft.server.notification.no-leader.timeout = 120s (custom)
2019-09-25 05:52:32,239 [pool-47-thread-1] INFO  server.RaftServerConfigKeys (ConfUtils.java:logGet(43)) - raft.server.log.use.memory = false (default)
2019-09-25 05:52:32,239 [pool-47-thread-1] INFO  server.RaftServerConfigKeys (ConfUtils.java:logGet(43)) - raft.server.log.purge.gap = 1000000 (custom)
2019-09-25 05:52:32,239 [pool-47-thread-1] INFO  server.RaftServerConfigKeys (ConfUtils.java:logGet(43)) - raft.server.log.appender.buffer.byte-limit = 33554432 (custom)
2019-09-25 05:52:32,239 [pool-47-thread-1] INFO  server.RaftServerConfigKeys (ConfUtils.java:logGet(43)) - raft.server.log.segment.size.max = 1048576 (custom)
2019-09-25 05:52:32,239 [pool-47-thread-1] INFO  server.RaftServerConfigKeys (ConfUtils.java:logGet(43)) - raft.server.log.segment.cache.num.max = 2 (custom)
2019-09-25 05:52:32,240 [pool-47-thread-1] INFO  segmented.SegmentedRaftLogWorker (SegmentedRaftLogWorker.java:<init>(172)) - new 754f3588-47e6-41ad-b34e-eb7041cce070@group-C196BB46B7FE-SegmentedRaftLogWorker for RaftStorage:Storage Directory /workdir/hadoop-ozone/integration-test/target/test-dir/MiniOzoneClusterImpl-5fae48a0-8517-4c16-9d39-4001697b8772/datanode-2/data/ratis/c667c537-ce20-4dcb-af2a-c196bb46b7fe
2019-09-25 05:52:32,240 [pool-47-thread-1] INFO  server.RaftServerConfigKeys (ConfUtils.java:logGet(43)) - raft.server.log.queue.byte-limit = 2147483647 (custom)
2019-09-25 05:52:32,240 [pool-47-thread-1] INFO  server.RaftServerConfigKeys (ConfUtils.java:logGet(43)) - raft.server.log.queue.element-limit = 1024 (custom)
2019-09-25 05:52:32,240 [pool-47-thread-1] INFO  server.RaftServerConfigKeys (ConfUtils.java:logGet(43)) - raft.server.log.segment.size.max = 1048576 (custom)
2019-09-25 05:52:32,240 [pool-47-thread-1] INFO  server.RaftServerConfigKeys (ConfUtils.java:logGet(43)) - raft.server.log.preallocated.size = 16384 (custom)
2019-09-25 05:52:32,240 [pool-47-thread-1] INFO  server.RaftServerConfigKeys (ConfUtils.java:logGet(43)) - raft.server.log.write.buffer.size = 33554432 (custom)
2019-09-25 05:52:32,240 [pool-47-thread-1] INFO  server.RaftServerConfigKeys (ConfUtils.java:logGet(43)) - raft.server.log.force.sync.num = 128 (default)
2019-09-25 05:52:32,240 [pool-47-thread-1] INFO  server.RaftServerConfigKeys (ConfUtils.java:logGet(43)) - raft.server.log.statemachine.data.sync = true (default)
2019-09-25 05:52:32,240 [pool-47-thread-1] INFO  server.RaftServerConfigKeys (ConfUtils.java:logGet(43)) - raft.server.log.statemachine.data.sync.timeout = 10s (default)
2019-09-25 05:52:32,240 [pool-47-thread-1] INFO  server.RaftServerConfigKeys (ConfUtils.java:logGet(43)) - raft.server.log.statemachine.data.sync.timeout.retry = -1 (default)
2019-09-25 05:52:32,241 [pool-47-thread-1] INFO  server.RaftServerConfigKeys (ConfUtils.java:logGet(43)) - raft.server.log.statemachine.data.caching.enabled = true (custom)
2019-09-25 05:52:32,241 [pool-47-thread-1] INFO  segmented.SegmentedRaftLogWorker (SegmentedRaftLogWorker.java:lambda$new$0(132)) - 754f3588-47e6-41ad-b34e-eb7041cce070@group-C196BB46B7FE-SegmentedRaftLogWorker: flushIndex: setUnconditionally 0 -> -1
2019-09-25 05:52:32,241 [pool-47-thread-1] INFO  server.RaftServerConfigKeys (ConfUtils.java:logGet(43)) - raft.server.snapshot.auto.trigger.enabled = true (custom)
2019-09-25 05:52:32,241 [pool-47-thread-1] INFO  server.RaftServerConfigKeys (ConfUtils.java:logGet(43)) - raft.server.snapshot.auto.trigger.threshold = 10000 (custom)
2019-09-25 05:52:32,241 [pool-47-thread-1] INFO  server.RaftServerConfigKeys (ConfUtils.java:logGet(43)) - raft.server.snapshot.retention.num.files = 5 (custom)
2019-09-25 05:52:32,241 [pool-47-thread-1] INFO  server.RaftServerConfigKeys (ConfUtils.java:logGet(43)) - raft.server.retrycache.expirytime = 600000ms (custom)
2019-09-25 05:52:32,243 [pool-47-thread-1] INFO  impl.RaftServerImpl (RaftServerImpl.java:start(185)) - 754f3588-47e6-41ad-b34e-eb7041cce070@group-C196BB46B7FE: start as a follower, conf=-1: [754f3588-47e6-41ad-b34e-eb7041cce070:192.168.30.10:41089], old=null
2019-09-25 05:52:32,243 [pool-47-thread-1] INFO  impl.RaftServerImpl (RaftServerImpl.java:setRole(174)) - 754f3588-47e6-41ad-b34e-eb7041cce070@group-C196BB46B7FE: changes role from      null to FOLLOWER at term 0 for startAsFollower
2019-09-25 05:52:32,243 [pool-47-thread-1] INFO  impl.RoleInfo (RoleInfo.java:updateAndGet(143)) - 754f3588-47e6-41ad-b34e-eb7041cce070: start FollowerState
2019-09-25 05:52:32,243 [pool-47-thread-1] INFO  util.JmxRegister (JmxRegister.java:tryRegister(44)) - Successfully registered JMX Bean with object name Ratis:service=RaftServer,group=group-C196BB46B7FE,id=754f3588-47e6-41ad-b34e-eb7041cce070
2019-09-25 05:52:32,246 [RatisPipelineUtilsThread] INFO  pipeline.PipelineStateManager (PipelineStateManager.java:addPipeline(56)) - Created pipeline Pipeline[ Id: c667c537-ce20-4dcb-af2a-c196bb46b7fe, Nodes: 754f3588-47e6-41ad-b34e-eb7041cce070{ip: 192.168.30.10, host: pr-hdds-1569-s62bp-3040748787, networkLocation: /default-rack, certSerialId: null}, Type:RATIS, Factor:ONE, State:OPEN]
2019-09-25 05:52:32,251 [grpc-default-executor-0] INFO  impl.RaftServerProxy (RaftServerProxy.java:addNew(89)) - 5be219b2-97fd-4a8c-91ea-b15aa89454d4: addNew group-955671A74EC5:[5be219b2-97fd-4a8c-91ea-b15aa89454d4:192.168.30.10:40625] returns group-955671A74EC5:java.util.concurrent.CompletableFuture@1313dcd4[Not completed]
2019-09-25 05:52:32,253 [pool-37-thread-1] INFO  impl.RaftServerImpl (RaftServerImpl.java:<init>(95)) - 5be219b2-97fd-4a8c-91ea-b15aa89454d4: new RaftServerImpl for group-955671A74EC5:[5be219b2-97fd-4a8c-91ea-b15aa89454d4:192.168.30.10:40625] with ContainerStateMachine:uninitialized
2019-09-25 05:52:32,253 [pool-37-thread-1] INFO  server.RaftServerConfigKeys (ConfUtils.java:logGet(43)) - raft.server.rpc.timeout.min = 5s (custom)
2019-09-25 05:52:32,253 [pool-37-thread-1] INFO  server.RaftServerConfigKeys (ConfUtils.java:logGet(43)) - raft.server.rpc.timeout.max = 5200ms (custom)
2019-09-25 05:52:32,253 [pool-37-thread-1] INFO  server.RaftServerConfigKeys (ConfUtils.java:logGet(43)) - raft.server.rpcslowness.timeout = 120s (custom)
2019-09-25 05:52:32,253 [pool-37-thread-1] INFO  server.RaftServerConfigKeys (ConfUtils.java:logGet(43)) - raft.server.sleep.deviation.threshold = 300 (default)
2019-09-25 05:52:32,253 [pool-37-thread-1] INFO  server.RaftServerConfigKeys (ConfUtils.java:logGet(43)) - raft.server.log.appender.install.snapshot.enabled = false (custom)
2019-09-25 05:52:32,253 [pool-37-thread-1] INFO  impl.RaftServerImpl (ServerState.java:<init>(103)) - 5be219b2-97fd-4a8c-91ea-b15aa89454d4@group-955671A74EC5: ConfigurationManager, init=-1: [5be219b2-97fd-4a8c-91ea-b15aa89454d4:192.168.30.10:40625], old=null, confs=<EMPTY_MAP>
2019-09-25 05:52:32,254 [pool-37-thread-1] INFO  server.RaftServerConfigKeys (ConfUtils.java:logGet(43)) - raft.server.storage.dir = [/workdir/hadoop-ozone/integration-test/target/test-dir/MiniOzoneClusterImpl-5fae48a0-8517-4c16-9d39-4001697b8772/datanode-1/data/ratis] (custom)
2019-09-25 05:52:32,254 [pool-37-thread-1] INFO  storage.RaftStorageDirectory (RaftStorageDirectory.java:analyzeStorage(246)) - The storage directory /workdir/hadoop-ozone/integration-test/target/test-dir/MiniOzoneClusterImpl-5fae48a0-8517-4c16-9d39-4001697b8772/datanode-1/data/ratis/9d68dcfc-eae2-418a-9075-955671a74ec5 does not exist. Creating ...
2019-09-25 05:52:32,267 [pool-37-thread-1] INFO  storage.RaftStorageDirectory (RaftStorageDirectory.java:tryLock(328)) - Lock on /workdir/hadoop-ozone/integration-test/target/test-dir/MiniOzoneClusterImpl-5fae48a0-8517-4c16-9d39-4001697b8772/datanode-1/data/ratis/9d68dcfc-eae2-418a-9075-955671a74ec5/in_use.lock acquired by nodename 25594@pr-hdds-1569-s62bp-3040748787
2019-09-25 05:52:32,268 [Thread-214] INFO  impl.FollowerState (FollowerState.java:run(106)) - 0bbc1277-be6f-4bf3-88cf-1c3b12e139ad:group-C94F2380347E changes to CANDIDATE, lastRpcTime:5073, electionTimeout:5073ms
2019-09-25 05:52:32,269 [Thread-214] INFO  impl.RoleInfo (RoleInfo.java:shutdownFollowerState(121)) - 0bbc1277-be6f-4bf3-88cf-1c3b12e139ad: shutdown FollowerState
2019-09-25 05:52:32,269 [Thread-208] INFO  impl.FollowerState (FollowerState.java:run(106)) - 0bbc1277-be6f-4bf3-88cf-1c3b12e139ad:group-7CBB773EFEF0 changes to CANDIDATE, lastRpcTime:5192, electionTimeout:5192ms
2019-09-25 05:52:32,269 [Thread-214] INFO  impl.RaftServerImpl (RaftServerImpl.java:setRole(174)) - 0bbc1277-be6f-4bf3-88cf-1c3b12e139ad@group-C94F2380347E: changes role from  FOLLOWER to CANDIDATE at term 0 for changeToCandidate
2019-09-25 05:52:32,269 [Thread-208] INFO  impl.RoleInfo (RoleInfo.java:shutdownFollowerState(121)) - 0bbc1277-be6f-4bf3-88cf-1c3b12e139ad: shutdown FollowerState
2019-09-25 05:52:32,269 [Thread-214] INFO  impl.RoleInfo (RoleInfo.java:updateAndGet(143)) - 0bbc1277-be6f-4bf3-88cf-1c3b12e139ad: start LeaderElection
2019-09-25 05:52:32,269 [Thread-208] INFO  impl.RaftServerImpl (RaftServerImpl.java:setRole(174)) - 0bbc1277-be6f-4bf3-88cf-1c3b12e139ad@group-7CBB773EFEF0: changes role from  FOLLOWER to CANDIDATE at term 0 for changeToCandidate
2019-09-25 05:52:32,269 [Thread-208] INFO  impl.RoleInfo (RoleInfo.java:updateAndGet(143)) - 0bbc1277-be6f-4bf3-88cf-1c3b12e139ad: start LeaderElection
2019-09-25 05:52:32,280 [pool-37-thread-1] INFO  storage.RaftStorage (RaftStorage.java:format(72)) - Storage directory /workdir/hadoop-ozone/integration-test/target/test-dir/MiniOzoneClusterImpl-5fae48a0-8517-4c16-9d39-4001697b8772/datanode-1/data/ratis/9d68dcfc-eae2-418a-9075-955671a74ec5 has been successfully formatted.
2019-09-25 05:52:32,281 [pool-37-thread-1] INFO  ratis.ContainerStateMachine (ContainerStateMachine.java:loadSnapshot(230)) - group-955671A74EC5: The snapshot info is null. Setting the last applied indexto:(t:0, i:~)
2019-09-25 05:52:32,281 [pool-37-thread-1] INFO  server.RaftServerConfigKeys (ConfUtils.java:logGet(43)) - raft.server.notification.no-leader.timeout = 120s (custom)
2019-09-25 05:52:32,281 [pool-37-thread-1] INFO  server.RaftServerConfigKeys (ConfUtils.java:logGet(43)) - raft.server.log.use.memory = false (default)
2019-09-25 05:52:32,281 [pool-37-thread-1] INFO  server.RaftServerConfigKeys (ConfUtils.java:logGet(43)) - raft.server.log.purge.gap = 1000000 (custom)
2019-09-25 05:52:32,281 [pool-37-thread-1] INFO  server.RaftServerConfigKeys (ConfUtils.java:logGet(43)) - raft.server.log.appender.buffer.byte-limit = 33554432 (custom)
2019-09-25 05:52:32,281 [pool-37-thread-1] INFO  server.RaftServerConfigKeys (ConfUtils.java:logGet(43)) - raft.server.log.segment.size.max = 1048576 (custom)
2019-09-25 05:52:32,282 [pool-37-thread-1] INFO  server.RaftServerConfigKeys (ConfUtils.java:logGet(43)) - raft.server.log.segment.cache.num.max = 2 (custom)
2019-09-25 05:52:32,282 [pool-37-thread-1] INFO  segmented.SegmentedRaftLogWorker (SegmentedRaftLogWorker.java:<init>(172)) - new 5be219b2-97fd-4a8c-91ea-b15aa89454d4@group-955671A74EC5-SegmentedRaftLogWorker for RaftStorage:Storage Directory /workdir/hadoop-ozone/integration-test/target/test-dir/MiniOzoneClusterImpl-5fae48a0-8517-4c16-9d39-4001697b8772/datanode-1/data/ratis/9d68dcfc-eae2-418a-9075-955671a74ec5
2019-09-25 05:52:32,282 [pool-37-thread-1] INFO  server.RaftServerConfigKeys (ConfUtils.java:logGet(43)) - raft.server.log.queue.byte-limit = 2147483647 (custom)
2019-09-25 05:52:32,282 [pool-37-thread-1] INFO  server.RaftServerConfigKeys (ConfUtils.java:logGet(43)) - raft.server.log.queue.element-limit = 1024 (custom)
2019-09-25 05:52:32,282 [pool-37-thread-1] INFO  server.RaftServerConfigKeys (ConfUtils.java:logGet(43)) - raft.server.log.segment.size.max = 1048576 (custom)
2019-09-25 05:52:32,282 [pool-37-thread-1] INFO  server.RaftServerConfigKeys (ConfUtils.java:logGet(43)) - raft.server.log.preallocated.size = 16384 (custom)
2019-09-25 05:52:32,282 [pool-37-thread-1] INFO  server.RaftServerConfigKeys (ConfUtils.java:logGet(43)) - raft.server.log.write.buffer.size = 33554432 (custom)
2019-09-25 05:52:32,283 [pool-37-thread-1] INFO  server.RaftServerConfigKeys (ConfUtils.java:logGet(43)) - raft.server.log.force.sync.num = 128 (default)
2019-09-25 05:52:32,283 [pool-37-thread-1] INFO  server.RaftServerConfigKeys (ConfUtils.java:logGet(43)) - raft.server.log.statemachine.data.sync = true (default)
2019-09-25 05:52:32,283 [pool-37-thread-1] INFO  server.RaftServerConfigKeys (ConfUtils.java:logGet(43)) - raft.server.log.statemachine.data.sync.timeout = 10s (default)
2019-09-25 05:52:32,283 [pool-37-thread-1] INFO  server.RaftServerConfigKeys (ConfUtils.java:logGet(43)) - raft.server.log.statemachine.data.sync.timeout.retry = -1 (default)
2019-09-25 05:52:32,283 [pool-37-thread-1] INFO  server.RaftServerConfigKeys (ConfUtils.java:logGet(43)) - raft.server.log.statemachine.data.caching.enabled = true (custom)
2019-09-25 05:52:32,293 [pool-37-thread-1] INFO  segmented.SegmentedRaftLogWorker (SegmentedRaftLogWorker.java:lambda$new$0(132)) - 5be219b2-97fd-4a8c-91ea-b15aa89454d4@group-955671A74EC5-SegmentedRaftLogWorker: flushIndex: setUnconditionally 0 -> -1
2019-09-25 05:52:32,293 [pool-37-thread-1] INFO  server.RaftServerConfigKeys (ConfUtils.java:logGet(43)) - raft.server.snapshot.auto.trigger.enabled = true (custom)
2019-09-25 05:52:32,294 [pool-37-thread-1] INFO  server.RaftServerConfigKeys (ConfUtils.java:logGet(43)) - raft.server.snapshot.auto.trigger.threshold = 10000 (custom)
2019-09-25 05:52:32,294 [pool-37-thread-1] INFO  server.RaftServerConfigKeys (ConfUtils.java:logGet(43)) - raft.server.snapshot.retention.num.files = 5 (custom)
2019-09-25 05:52:32,294 [pool-37-thread-1] INFO  server.RaftServerConfigKeys (ConfUtils.java:logGet(43)) - raft.server.retrycache.expirytime = 600000ms (custom)
2019-09-25 05:52:32,295 [0bbc1277-be6f-4bf3-88cf-1c3b12e139ad@group-C94F2380347E:LeaderElection10] INFO  impl.LeaderElection (LeaderElection.java:askForVotes(182)) - 0bbc1277-be6f-4bf3-88cf-1c3b12e139ad@group-C94F2380347E:LeaderElection10: begin an election at term 1 for -1: [0bbc1277-be6f-4bf3-88cf-1c3b12e139ad:192.168.30.10:46701], old=null
2019-09-25 05:52:32,295 [0bbc1277-be6f-4bf3-88cf-1c3b12e139ad@group-7CBB773EFEF0:LeaderElection11] INFO  impl.LeaderElection (LeaderElection.java:askForVotes(182)) - 0bbc1277-be6f-4bf3-88cf-1c3b12e139ad@group-7CBB773EFEF0:LeaderElection11: begin an election at term 1 for -1: [0bbc1277-be6f-4bf3-88cf-1c3b12e139ad:192.168.30.10:46701], old=null
2019-09-25 05:52:32,295 [0bbc1277-be6f-4bf3-88cf-1c3b12e139ad@group-C94F2380347E:LeaderElection10] INFO  impl.RoleInfo (RoleInfo.java:shutdownLeaderElection(134)) - 0bbc1277-be6f-4bf3-88cf-1c3b12e139ad: shutdown LeaderElection
2019-09-25 05:52:32,295 [0bbc1277-be6f-4bf3-88cf-1c3b12e139ad@group-7CBB773EFEF0:LeaderElection11] INFO  impl.RoleInfo (RoleInfo.java:shutdownLeaderElection(134)) - 0bbc1277-be6f-4bf3-88cf-1c3b12e139ad: shutdown LeaderElection
2019-09-25 05:52:32,296 [0bbc1277-be6f-4bf3-88cf-1c3b12e139ad@group-C94F2380347E:LeaderElection10] INFO  impl.RaftServerImpl (RaftServerImpl.java:setRole(174)) - 0bbc1277-be6f-4bf3-88cf-1c3b12e139ad@group-C94F2380347E: changes role from CANDIDATE to LEADER at term 1 for changeToLeader
2019-09-25 05:52:32,296 [0bbc1277-be6f-4bf3-88cf-1c3b12e139ad@group-7CBB773EFEF0:LeaderElection11] INFO  impl.RaftServerImpl (RaftServerImpl.java:setRole(174)) - 0bbc1277-be6f-4bf3-88cf-1c3b12e139ad@group-7CBB773EFEF0: changes role from CANDIDATE to LEADER at term 1 for changeToLeader
2019-09-25 05:52:32,296 [0bbc1277-be6f-4bf3-88cf-1c3b12e139ad@group-C94F2380347E:LeaderElection10] INFO  impl.RaftServerImpl (ServerState.java:setLeader(253)) - 0bbc1277-be6f-4bf3-88cf-1c3b12e139ad@group-C94F2380347E: change Leader from null to 0bbc1277-be6f-4bf3-88cf-1c3b12e139ad at term 1 for becomeLeader, leader elected after 5107ms
2019-09-25 05:52:32,296 [0bbc1277-be6f-4bf3-88cf-1c3b12e139ad@group-7CBB773EFEF0:LeaderElection11] INFO  impl.RaftServerImpl (ServerState.java:setLeader(253)) - 0bbc1277-be6f-4bf3-88cf-1c3b12e139ad@group-7CBB773EFEF0: change Leader from null to 0bbc1277-be6f-4bf3-88cf-1c3b12e139ad at term 1 for becomeLeader, leader elected after 5225ms
2019-09-25 05:52:32,296 [0bbc1277-be6f-4bf3-88cf-1c3b12e139ad@group-C94F2380347E:LeaderElection10] INFO  server.RaftServerConfigKeys (ConfUtils.java:logGet(43)) - raft.server.staging.catchup.gap = 1000 (default)
2019-09-25 05:52:32,296 [0bbc1277-be6f-4bf3-88cf-1c3b12e139ad@group-7CBB773EFEF0:LeaderElection11] INFO  server.RaftServerConfigKeys (ConfUtils.java:logGet(43)) - raft.server.staging.catchup.gap = 1000 (default)
2019-09-25 05:52:32,296 [0bbc1277-be6f-4bf3-88cf-1c3b12e139ad@group-C94F2380347E:LeaderElection10] INFO  server.RaftServerConfigKeys (ConfUtils.java:logGet(43)) - raft.server.rpc.sleep.time = 25ms (default)
2019-09-25 05:52:32,296 [0bbc1277-be6f-4bf3-88cf-1c3b12e139ad@group-7CBB773EFEF0:LeaderElection11] INFO  server.RaftServerConfigKeys (ConfUtils.java:logGet(43)) - raft.server.rpc.sleep.time = 25ms (default)
2019-09-25 05:52:32,296 [0bbc1277-be6f-4bf3-88cf-1c3b12e139ad@group-C94F2380347E:LeaderElection10] INFO  server.RaftServerConfigKeys (ConfUtils.java:logGet(43)) - raft.server.write.element-limit = 4096 (default)
2019-09-25 05:52:32,296 [pool-37-thread-1] INFO  impl.RaftServerImpl (RaftServerImpl.java:start(185)) - 5be219b2-97fd-4a8c-91ea-b15aa89454d4@group-955671A74EC5: start as a follower, conf=-1: [5be219b2-97fd-4a8c-91ea-b15aa89454d4:192.168.30.10:40625], old=null
2019-09-25 05:52:32,297 [0bbc1277-be6f-4bf3-88cf-1c3b12e139ad@group-C94F2380347E:LeaderElection10] INFO  server.RaftServerConfigKeys (ConfUtils.java:logGet(43)) - raft.server.watch.timeout = 10s (default)
2019-09-25 05:52:32,297 [0bbc1277-be6f-4bf3-88cf-1c3b12e139ad@group-7CBB773EFEF0:LeaderElection11] INFO  server.RaftServerConfigKeys (ConfUtils.java:logGet(43)) - raft.server.write.element-limit = 4096 (default)
2019-09-25 05:52:32,297 [0bbc1277-be6f-4bf3-88cf-1c3b12e139ad@group-C94F2380347E:LeaderElection10] INFO  server.RaftServerConfigKeys (ConfUtils.java:logGet(43)) - raft.server.watch.timeout.denomination = 1s (default)
2019-09-25 05:52:32,297 [pool-37-thread-1] INFO  impl.RaftServerImpl (RaftServerImpl.java:setRole(174)) - 5be219b2-97fd-4a8c-91ea-b15aa89454d4@group-955671A74EC5: changes role from      null to FOLLOWER at term 0 for startAsFollower
2019-09-25 05:52:32,297 [0bbc1277-be6f-4bf3-88cf-1c3b12e139ad@group-C94F2380347E:LeaderElection10] INFO  server.RaftServerConfigKeys (ConfUtils.java:logGet(43)) - raft.server.watch.element-limit = 65536 (default)
2019-09-25 05:52:32,297 [0bbc1277-be6f-4bf3-88cf-1c3b12e139ad@group-7CBB773EFEF0:LeaderElection11] INFO  server.RaftServerConfigKeys (ConfUtils.java:logGet(43)) - raft.server.watch.timeout = 10s (default)
2019-09-25 05:52:32,297 [pool-37-thread-1] INFO  impl.RoleInfo (RoleInfo.java:updateAndGet(143)) - 5be219b2-97fd-4a8c-91ea-b15aa89454d4: start FollowerState
2019-09-25 05:52:32,298 [0bbc1277-be6f-4bf3-88cf-1c3b12e139ad@group-7CBB773EFEF0:LeaderElection11] INFO  server.RaftServerConfigKeys (ConfUtils.java:logGet(43)) - raft.server.watch.timeout.denomination = 1s (default)
2019-09-25 05:52:32,298 [0bbc1277-be6f-4bf3-88cf-1c3b12e139ad@group-7CBB773EFEF0:LeaderElection11] INFO  server.RaftServerConfigKeys (ConfUtils.java:logGet(43)) - raft.server.watch.element-limit = 65536 (default)
2019-09-25 05:52:32,298 [pool-37-thread-1] INFO  util.JmxRegister (JmxRegister.java:tryRegister(44)) - Successfully registered JMX Bean with object name Ratis:service=RaftServer,group=group-955671A74EC5,id=5be219b2-97fd-4a8c-91ea-b15aa89454d4
2019-09-25 05:52:32,299 [Thread-211] INFO  impl.FollowerState (FollowerState.java:run(106)) - 754f3588-47e6-41ad-b34e-eb7041cce070:group-D2D0ABE3DE41 changes to CANDIDATE, lastRpcTime:5161, electionTimeout:5161ms
2019-09-25 05:52:32,299 [Thread-211] INFO  impl.RoleInfo (RoleInfo.java:shutdownFollowerState(121)) - 754f3588-47e6-41ad-b34e-eb7041cce070: shutdown FollowerState
2019-09-25 05:52:32,299 [Thread-211] INFO  impl.RaftServerImpl (RaftServerImpl.java:setRole(174)) - 754f3588-47e6-41ad-b34e-eb7041cce070@group-D2D0ABE3DE41: changes role from  FOLLOWER to CANDIDATE at term 0 for changeToCandidate
2019-09-25 05:52:32,299 [Thread-211] INFO  impl.RoleInfo (RoleInfo.java:updateAndGet(143)) - 754f3588-47e6-41ad-b34e-eb7041cce070: start LeaderElection
2019-09-25 05:52:32,304 [0bbc1277-be6f-4bf3-88cf-1c3b12e139ad@group-C94F2380347E:LeaderElection10] INFO  impl.RoleInfo (RoleInfo.java:updateAndGet(143)) - 0bbc1277-be6f-4bf3-88cf-1c3b12e139ad: start LeaderState
2019-09-25 05:52:32,305 [0bbc1277-be6f-4bf3-88cf-1c3b12e139ad@group-C94F2380347E:LeaderElection10] INFO  segmented.SegmentedRaftLogWorker (SegmentedRaftLogWorker.java:startLogSegment(380)) - 0bbc1277-be6f-4bf3-88cf-1c3b12e139ad@group-C94F2380347E-SegmentedRaftLogWorker: Starting segment from index:0
2019-09-25 05:52:32,305 [0bbc1277-be6f-4bf3-88cf-1c3b12e139ad@group-7CBB773EFEF0:LeaderElection11] INFO  impl.RoleInfo (RoleInfo.java:updateAndGet(143)) - 0bbc1277-be6f-4bf3-88cf-1c3b12e139ad: start LeaderState
2019-09-25 05:52:32,305 [0bbc1277-be6f-4bf3-88cf-1c3b12e139ad@group-C94F2380347E:LeaderElection10] INFO  impl.RaftServerImpl (ServerState.java:setRaftConf(354)) - 0bbc1277-be6f-4bf3-88cf-1c3b12e139ad@group-C94F2380347E: set configuration 0: [0bbc1277-be6f-4bf3-88cf-1c3b12e139ad:192.168.30.10:46701], old=null at 0
2019-09-25 05:52:32,305 [RatisPipelineUtilsThread] INFO  pipeline.PipelineStateManager (PipelineStateManager.java:addPipeline(56)) - Created pipeline Pipeline[ Id: 9d68dcfc-eae2-418a-9075-955671a74ec5, Nodes: 5be219b2-97fd-4a8c-91ea-b15aa89454d4{ip: 192.168.30.10, host: pr-hdds-1569-s62bp-3040748787, networkLocation: /default-rack, certSerialId: null}, Type:RATIS, Factor:ONE, State:OPEN]
2019-09-25 05:52:32,341 [754f3588-47e6-41ad-b34e-eb7041cce070@group-D2D0ABE3DE41:LeaderElection12] INFO  impl.LeaderElection (LeaderElection.java:askForVotes(182)) - 754f3588-47e6-41ad-b34e-eb7041cce070@group-D2D0ABE3DE41:LeaderElection12: begin an election at term 1 for -1: [754f3588-47e6-41ad-b34e-eb7041cce070:192.168.30.10:41089], old=null
2019-09-25 05:52:32,305 [0bbc1277-be6f-4bf3-88cf-1c3b12e139ad@group-7CBB773EFEF0:LeaderElection11] INFO  segmented.SegmentedRaftLogWorker (SegmentedRaftLogWorker.java:startLogSegment(380)) - 0bbc1277-be6f-4bf3-88cf-1c3b12e139ad@group-7CBB773EFEF0-SegmentedRaftLogWorker: Starting segment from index:0
2019-09-25 05:52:32,342 [754f3588-47e6-41ad-b34e-eb7041cce070@group-D2D0ABE3DE41:LeaderElection12] INFO  impl.RoleInfo (RoleInfo.java:shutdownLeaderElection(134)) - 754f3588-47e6-41ad-b34e-eb7041cce070: shutdown LeaderElection
2019-09-25 05:52:32,342 [754f3588-47e6-41ad-b34e-eb7041cce070@group-D2D0ABE3DE41:LeaderElection12] INFO  impl.RaftServerImpl (RaftServerImpl.java:setRole(174)) - 754f3588-47e6-41ad-b34e-eb7041cce070@group-D2D0ABE3DE41: changes role from CANDIDATE to LEADER at term 1 for changeToLeader
2019-09-25 05:52:32,342 [754f3588-47e6-41ad-b34e-eb7041cce070@group-D2D0ABE3DE41:LeaderElection12] INFO  impl.RaftServerImpl (ServerState.java:setLeader(253)) - 754f3588-47e6-41ad-b34e-eb7041cce070@group-D2D0ABE3DE41: change Leader from null to 754f3588-47e6-41ad-b34e-eb7041cce070 at term 1 for becomeLeader, leader elected after 5211ms
2019-09-25 05:52:32,342 [0bbc1277-be6f-4bf3-88cf-1c3b12e139ad@group-7CBB773EFEF0:LeaderElection11] INFO  impl.RaftServerImpl (ServerState.java:setRaftConf(354)) - 0bbc1277-be6f-4bf3-88cf-1c3b12e139ad@group-7CBB773EFEF0: set configuration 0: [0bbc1277-be6f-4bf3-88cf-1c3b12e139ad:192.168.30.10:46701], old=null at 0
2019-09-25 05:52:32,342 [754f3588-47e6-41ad-b34e-eb7041cce070@group-D2D0ABE3DE41:LeaderElection12] INFO  server.RaftServerConfigKeys (ConfUtils.java:logGet(43)) - raft.server.staging.catchup.gap = 1000 (default)
2019-09-25 05:52:32,370 [Thread-218] INFO  impl.FollowerState (FollowerState.java:run(106)) - 5be219b2-97fd-4a8c-91ea-b15aa89454d4:group-76A4C42608E4 changes to CANDIDATE, lastRpcTime:5109, electionTimeout:5100ms
2019-09-25 05:52:32,370 [0bbc1277-be6f-4bf3-88cf-1c3b12e139ad@group-C94F2380347E-SegmentedRaftLogWorker] INFO  segmented.SegmentedRaftLogWorker (SegmentedRaftLogWorker.java:execute(569)) - 0bbc1277-be6f-4bf3-88cf-1c3b12e139ad@group-C94F2380347E-SegmentedRaftLogWorker: created new log segment /workdir/hadoop-ozone/integration-test/target/test-dir/MiniOzoneClusterImpl-5fae48a0-8517-4c16-9d39-4001697b8772/datanode-0/data/ratis/09029e93-8d42-4d88-9a92-c94f2380347e/current/log_inprogress_0
2019-09-25 05:52:32,371 [Thread-218] INFO  impl.RoleInfo (RoleInfo.java:shutdownFollowerState(121)) - 5be219b2-97fd-4a8c-91ea-b15aa89454d4: shutdown FollowerState
2019-09-25 05:52:32,371 [754f3588-47e6-41ad-b34e-eb7041cce070@group-D2D0ABE3DE41:LeaderElection12] INFO  server.RaftServerConfigKeys (ConfUtils.java:logGet(43)) - raft.server.rpc.sleep.time = 25ms (default)
2019-09-25 05:52:32,371 [Thread-218] INFO  impl.RaftServerImpl (RaftServerImpl.java:setRole(174)) - 5be219b2-97fd-4a8c-91ea-b15aa89454d4@group-76A4C42608E4: changes role from  FOLLOWER to CANDIDATE at term 0 for changeToCandidate
2019-09-25 05:52:32,371 [754f3588-47e6-41ad-b34e-eb7041cce070@group-D2D0ABE3DE41:LeaderElection12] INFO  server.RaftServerConfigKeys (ConfUtils.java:logGet(43)) - raft.server.write.element-limit = 4096 (default)
2019-09-25 05:52:32,371 [Thread-218] INFO  impl.RoleInfo (RoleInfo.java:updateAndGet(143)) - 5be219b2-97fd-4a8c-91ea-b15aa89454d4: start LeaderElection
2019-09-25 05:52:32,372 [754f3588-47e6-41ad-b34e-eb7041cce070@group-D2D0ABE3DE41:LeaderElection12] INFO  server.RaftServerConfigKeys (ConfUtils.java:logGet(43)) - raft.server.watch.timeout = 10s (default)
2019-09-25 05:52:32,372 [754f3588-47e6-41ad-b34e-eb7041cce070@group-D2D0ABE3DE41:LeaderElection12] INFO  server.RaftServerConfigKeys (ConfUtils.java:logGet(43)) - raft.server.watch.timeout.denomination = 1s (default)
2019-09-25 05:52:32,373 [754f3588-47e6-41ad-b34e-eb7041cce070@group-D2D0ABE3DE41:LeaderElection12] INFO  server.RaftServerConfigKeys (ConfUtils.java:logGet(43)) - raft.server.watch.element-limit = 65536 (default)
2019-09-25 05:52:32,377 [754f3588-47e6-41ad-b34e-eb7041cce070@group-D2D0ABE3DE41:LeaderElection12] INFO  impl.RoleInfo (RoleInfo.java:updateAndGet(143)) - 754f3588-47e6-41ad-b34e-eb7041cce070: start LeaderState
2019-09-25 05:52:32,378 [754f3588-47e6-41ad-b34e-eb7041cce070@group-D2D0ABE3DE41:LeaderElection12] INFO  segmented.SegmentedRaftLogWorker (SegmentedRaftLogWorker.java:startLogSegment(380)) - 754f3588-47e6-41ad-b34e-eb7041cce070@group-D2D0ABE3DE41-SegmentedRaftLogWorker: Starting segment from index:0
2019-09-25 05:52:32,378 [754f3588-47e6-41ad-b34e-eb7041cce070@group-D2D0ABE3DE41:LeaderElection12] INFO  impl.RaftServerImpl (ServerState.java:setRaftConf(354)) - 754f3588-47e6-41ad-b34e-eb7041cce070@group-D2D0ABE3DE41: set configuration 0: [754f3588-47e6-41ad-b34e-eb7041cce070:192.168.30.10:41089], old=null at 0
2019-09-25 05:52:32,405 [Thread-222] INFO  impl.FollowerState (FollowerState.java:run(106)) - 0bbc1277-be6f-4bf3-88cf-1c3b12e139ad:group-251D6F656D3D changes to CANDIDATE, lastRpcTime:5028, electionTimeout:5020ms
2019-09-25 05:52:32,405 [5be219b2-97fd-4a8c-91ea-b15aa89454d4@group-76A4C42608E4:LeaderElection13] INFO  impl.LeaderElection (LeaderElection.java:askForVotes(182)) - 5be219b2-97fd-4a8c-91ea-b15aa89454d4@group-76A4C42608E4:LeaderElection13: begin an election at term 1 for -1: [5be219b2-97fd-4a8c-91ea-b15aa89454d4:192.168.30.10:40625], old=null
2019-09-25 05:52:32,405 [0bbc1277-be6f-4bf3-88cf-1c3b12e139ad@group-7CBB773EFEF0-SegmentedRaftLogWorker] INFO  segmented.SegmentedRaftLogWorker (SegmentedRaftLogWorker.java:execute(569)) - 0bbc1277-be6f-4bf3-88cf-1c3b12e139ad@group-7CBB773EFEF0-SegmentedRaftLogWorker: created new log segment /workdir/hadoop-ozone/integration-test/target/test-dir/MiniOzoneClusterImpl-5fae48a0-8517-4c16-9d39-4001697b8772/datanode-0/data/ratis/c0dd7bb1-11b6-452d-9e81-7cbb773efef0/current/log_inprogress_0
2019-09-25 05:52:32,406 [Thread-222] INFO  impl.RoleInfo (RoleInfo.java:shutdownFollowerState(121)) - 0bbc1277-be6f-4bf3-88cf-1c3b12e139ad: shutdown FollowerState
2019-09-25 05:52:32,406 [5be219b2-97fd-4a8c-91ea-b15aa89454d4@group-76A4C42608E4:LeaderElection13] INFO  impl.RoleInfo (RoleInfo.java:shutdownLeaderElection(134)) - 5be219b2-97fd-4a8c-91ea-b15aa89454d4: shutdown LeaderElection
2019-09-25 05:52:32,406 [Thread-222] INFO  impl.RaftServerImpl (RaftServerImpl.java:setRole(174)) - 0bbc1277-be6f-4bf3-88cf-1c3b12e139ad@group-251D6F656D3D: changes role from  FOLLOWER to CANDIDATE at term 0 for changeToCandidate
2019-09-25 05:52:32,406 [5be219b2-97fd-4a8c-91ea-b15aa89454d4@group-76A4C42608E4:LeaderElection13] INFO  impl.RaftServerImpl (RaftServerImpl.java:setRole(174)) - 5be219b2-97fd-4a8c-91ea-b15aa89454d4@group-76A4C42608E4: changes role from CANDIDATE to LEADER at term 1 for changeToLeader
2019-09-25 05:52:32,406 [5be219b2-97fd-4a8c-91ea-b15aa89454d4@group-76A4C42608E4:LeaderElection13] INFO  impl.RaftServerImpl (ServerState.java:setLeader(253)) - 5be219b2-97fd-4a8c-91ea-b15aa89454d4@group-76A4C42608E4: change Leader from null to 5be219b2-97fd-4a8c-91ea-b15aa89454d4 at term 1 for becomeLeader, leader elected after 5152ms
2019-09-25 05:52:32,406 [Thread-222] INFO  impl.RoleInfo (RoleInfo.java:updateAndGet(143)) - 0bbc1277-be6f-4bf3-88cf-1c3b12e139ad: start LeaderElection
2019-09-25 05:52:32,406 [5be219b2-97fd-4a8c-91ea-b15aa89454d4@group-76A4C42608E4:LeaderElection13] INFO  server.RaftServerConfigKeys (ConfUtils.java:logGet(43)) - raft.server.staging.catchup.gap = 1000 (default)
2019-09-25 05:52:32,406 [5be219b2-97fd-4a8c-91ea-b15aa89454d4@group-76A4C42608E4:LeaderElection13] INFO  server.RaftServerConfigKeys (ConfUtils.java:logGet(43)) - raft.server.rpc.sleep.time = 25ms (default)
2019-09-25 05:52:32,406 [5be219b2-97fd-4a8c-91ea-b15aa89454d4@group-76A4C42608E4:LeaderElection13] INFO  server.RaftServerConfigKeys (ConfUtils.java:logGet(43)) - raft.server.write.element-limit = 4096 (default)
2019-09-25 05:52:32,408 [5be219b2-97fd-4a8c-91ea-b15aa89454d4@group-76A4C42608E4:LeaderElection13] INFO  server.RaftServerConfigKeys (ConfUtils.java:logGet(43)) - raft.server.watch.timeout = 10s (default)
2019-09-25 05:52:32,410 [5be219b2-97fd-4a8c-91ea-b15aa89454d4@group-76A4C42608E4:LeaderElection13] INFO  server.RaftServerConfigKeys (ConfUtils.java:logGet(43)) - raft.server.watch.timeout.denomination = 1s (default)
2019-09-25 05:52:32,410 [5be219b2-97fd-4a8c-91ea-b15aa89454d4@group-76A4C42608E4:LeaderElection13] INFO  server.RaftServerConfigKeys (ConfUtils.java:logGet(43)) - raft.server.watch.element-limit = 65536 (default)
2019-09-25 05:52:32,411 [grpc-default-executor-0] INFO  impl.RaftServerProxy (RaftServerProxy.java:addNew(89)) - 5be219b2-97fd-4a8c-91ea-b15aa89454d4: addNew group-B56EBFBAB971:[5be219b2-97fd-4a8c-91ea-b15aa89454d4:192.168.30.10:40625] returns group-B56EBFBAB971:java.util.concurrent.CompletableFuture@46e2529e[Not completed]
2019-09-25 05:52:32,412 [5be219b2-97fd-4a8c-91ea-b15aa89454d4@group-76A4C42608E4:LeaderElection13] INFO  impl.RoleInfo (RoleInfo.java:updateAndGet(143)) - 5be219b2-97fd-4a8c-91ea-b15aa89454d4: start LeaderState
2019-09-25 05:52:32,412 [5be219b2-97fd-4a8c-91ea-b15aa89454d4@group-76A4C42608E4:LeaderElection13] INFO  segmented.SegmentedRaftLogWorker (SegmentedRaftLogWorker.java:startLogSegment(380)) - 5be219b2-97fd-4a8c-91ea-b15aa89454d4@group-76A4C42608E4-SegmentedRaftLogWorker: Starting segment from index:0
2019-09-25 05:52:32,412 [pool-37-thread-1] INFO  impl.RaftServerImpl (RaftServerImpl.java:<init>(95)) - 5be219b2-97fd-4a8c-91ea-b15aa89454d4: new RaftServerImpl for group-B56EBFBAB971:[5be219b2-97fd-4a8c-91ea-b15aa89454d4:192.168.30.10:40625] with ContainerStateMachine:uninitialized
2019-09-25 05:52:32,412 [5be219b2-97fd-4a8c-91ea-b15aa89454d4@group-76A4C42608E4:LeaderElection13] INFO  impl.RaftServerImpl (ServerState.java:setRaftConf(354)) - 5be219b2-97fd-4a8c-91ea-b15aa89454d4@group-76A4C42608E4: set configuration 0: [5be219b2-97fd-4a8c-91ea-b15aa89454d4:192.168.30.10:40625], old=null at 0
2019-09-25 05:52:32,412 [pool-37-thread-1] INFO  server.RaftServerConfigKeys (ConfUtils.java:logGet(43)) - raft.server.rpc.timeout.min = 5s (custom)
2019-09-25 05:52:32,447 [0bbc1277-be6f-4bf3-88cf-1c3b12e139ad@group-251D6F656D3D:LeaderElection14] INFO  impl.LeaderElection (LeaderElection.java:askForVotes(182)) - 0bbc1277-be6f-4bf3-88cf-1c3b12e139ad@group-251D6F656D3D:LeaderElection14: begin an election at term 1 for -1: [0bbc1277-be6f-4bf3-88cf-1c3b12e139ad:192.168.30.10:46701], old=null
2019-09-25 05:52:32,447 [754f3588-47e6-41ad-b34e-eb7041cce070@group-D2D0ABE3DE41-SegmentedRaftLogWorker] INFO  segmented.SegmentedRaftLogWorker (SegmentedRaftLogWorker.java:execute(569)) - 754f3588-47e6-41ad-b34e-eb7041cce070@group-D2D0ABE3DE41-SegmentedRaftLogWorker: created new log segment /workdir/hadoop-ozone/integration-test/target/test-dir/MiniOzoneClusterImpl-5fae48a0-8517-4c16-9d39-4001697b8772/datanode-2/data/ratis/35dc93fe-acd4-4509-b7f9-d2d0abe3de41/current/log_inprogress_0
2019-09-25 05:52:32,447 [0bbc1277-be6f-4bf3-88cf-1c3b12e139ad@group-251D6F656D3D:LeaderElection14] INFO  impl.RoleInfo (RoleInfo.java:shutdownLeaderElection(134)) - 0bbc1277-be6f-4bf3-88cf-1c3b12e139ad: shutdown LeaderElection
2019-09-25 05:52:32,447 [pool-37-thread-1] INFO  server.RaftServerConfigKeys (ConfUtils.java:logGet(43)) - raft.server.rpc.timeout.max = 5200ms (custom)
2019-09-25 05:52:32,448 [0bbc1277-be6f-4bf3-88cf-1c3b12e139ad@group-251D6F656D3D:LeaderElection14] INFO  impl.RaftServerImpl (RaftServerImpl.java:setRole(174)) - 0bbc1277-be6f-4bf3-88cf-1c3b12e139ad@group-251D6F656D3D: changes role from CANDIDATE to LEADER at term 1 for changeToLeader
2019-09-25 05:52:32,448 [pool-37-thread-1] INFO  server.RaftServerConfigKeys (ConfUtils.java:logGet(43)) - raft.server.rpcslowness.timeout = 120s (custom)
2019-09-25 05:52:32,448 [0bbc1277-be6f-4bf3-88cf-1c3b12e139ad@group-251D6F656D3D:LeaderElection14] INFO  impl.RaftServerImpl (ServerState.java:setLeader(253)) - 0bbc1277-be6f-4bf3-88cf-1c3b12e139ad@group-251D6F656D3D: change Leader from null to 0bbc1277-be6f-4bf3-88cf-1c3b12e139ad at term 1 for becomeLeader, leader elected after 5123ms
2019-09-25 05:52:32,448 [pool-37-thread-1] INFO  server.RaftServerConfigKeys (ConfUtils.java:logGet(43)) - raft.server.sleep.deviation.threshold = 300 (default)
2019-09-25 05:52:32,448 [0bbc1277-be6f-4bf3-88cf-1c3b12e139ad@group-251D6F656D3D:LeaderElection14] INFO  server.RaftServerConfigKeys (ConfUtils.java:logGet(43)) - raft.server.staging.catchup.gap = 1000 (default)
2019-09-25 05:52:32,448 [pool-37-thread-1] INFO  server.RaftServerConfigKeys (ConfUtils.java:logGet(43)) - raft.server.log.appender.install.snapshot.enabled = false (custom)
2019-09-25 05:52:32,448 [0bbc1277-be6f-4bf3-88cf-1c3b12e139ad@group-251D6F656D3D:LeaderElection14] INFO  server.RaftServerConfigKeys (ConfUtils.java:logGet(43)) - raft.server.rpc.sleep.time = 25ms (default)
2019-09-25 05:52:32,448 [pool-37-thread-1] INFO  impl.RaftServerImpl (ServerState.java:<init>(103)) - 5be219b2-97fd-4a8c-91ea-b15aa89454d4@group-B56EBFBAB971: ConfigurationManager, init=-1: [5be219b2-97fd-4a8c-91ea-b15aa89454d4:192.168.30.10:40625], old=null, confs=<EMPTY_MAP>
2019-09-25 05:52:32,448 [0bbc1277-be6f-4bf3-88cf-1c3b12e139ad@group-251D6F656D3D:LeaderElection14] INFO  server.RaftServerConfigKeys (ConfUtils.java:logGet(43)) - raft.server.write.element-limit = 4096 (default)
2019-09-25 05:52:32,448 [pool-37-thread-1] INFO  server.RaftServerConfigKeys (ConfUtils.java:logGet(43)) - raft.server.storage.dir = [/workdir/hadoop-ozone/integration-test/target/test-dir/MiniOzoneClusterImpl-5fae48a0-8517-4c16-9d39-4001697b8772/datanode-1/data/ratis] (custom)
2019-09-25 05:52:32,448 [0bbc1277-be6f-4bf3-88cf-1c3b12e139ad@group-251D6F656D3D:LeaderElection14] INFO  server.RaftServerConfigKeys (ConfUtils.java:logGet(43)) - raft.server.watch.timeout = 10s (default)
2019-09-25 05:52:32,449 [0bbc1277-be6f-4bf3-88cf-1c3b12e139ad@group-251D6F656D3D:LeaderElection14] INFO  server.RaftServerConfigKeys (ConfUtils.java:logGet(43)) - raft.server.watch.timeout.denomination = 1s (default)
2019-09-25 05:52:32,449 [0bbc1277-be6f-4bf3-88cf-1c3b12e139ad@group-251D6F656D3D:LeaderElection14] INFO  server.RaftServerConfigKeys (ConfUtils.java:logGet(43)) - raft.server.watch.element-limit = 65536 (default)
2019-09-25 05:52:32,449 [pool-37-thread-1] INFO  storage.RaftStorageDirectory (RaftStorageDirectory.java:analyzeStorage(246)) - The storage directory /workdir/hadoop-ozone/integration-test/target/test-dir/MiniOzoneClusterImpl-5fae48a0-8517-4c16-9d39-4001697b8772/datanode-1/data/ratis/20605baf-d83c-490a-ad1b-b56ebfbab971 does not exist. Creating ...
2019-09-25 05:52:32,450 [0bbc1277-be6f-4bf3-88cf-1c3b12e139ad@group-251D6F656D3D:LeaderElection14] INFO  impl.RoleInfo (RoleInfo.java:updateAndGet(143)) - 0bbc1277-be6f-4bf3-88cf-1c3b12e139ad: start LeaderState
2019-09-25 05:52:32,451 [0bbc1277-be6f-4bf3-88cf-1c3b12e139ad@group-251D6F656D3D:LeaderElection14] INFO  segmented.SegmentedRaftLogWorker (SegmentedRaftLogWorker.java:startLogSegment(380)) - 0bbc1277-be6f-4bf3-88cf-1c3b12e139ad@group-251D6F656D3D-SegmentedRaftLogWorker: Starting segment from index:0
2019-09-25 05:52:32,451 [0bbc1277-be6f-4bf3-88cf-1c3b12e139ad@group-251D6F656D3D:LeaderElection14] INFO  impl.RaftServerImpl (ServerState.java:setRaftConf(354)) - 0bbc1277-be6f-4bf3-88cf-1c3b12e139ad@group-251D6F656D3D: set configuration 0: [0bbc1277-be6f-4bf3-88cf-1c3b12e139ad:192.168.30.10:46701], old=null at 0
2019-09-25 05:52:32,487 [pool-37-thread-1] INFO  storage.RaftStorageDirectory (RaftStorageDirectory.java:tryLock(328)) - Lock on /workdir/hadoop-ozone/integration-test/target/test-dir/MiniOzoneClusterImpl-5fae48a0-8517-4c16-9d39-4001697b8772/datanode-1/data/ratis/20605baf-d83c-490a-ad1b-b56ebfbab971/in_use.lock acquired by nodename 25594@pr-hdds-1569-s62bp-3040748787
2019-09-25 05:52:32,488 [5be219b2-97fd-4a8c-91ea-b15aa89454d4@group-76A4C42608E4-SegmentedRaftLogWorker] INFO  segmented.SegmentedRaftLogWorker (SegmentedRaftLogWorker.java:execute(569)) - 5be219b2-97fd-4a8c-91ea-b15aa89454d4@group-76A4C42608E4-SegmentedRaftLogWorker: created new log segment /workdir/hadoop-ozone/integration-test/target/test-dir/MiniOzoneClusterImpl-5fae48a0-8517-4c16-9d39-4001697b8772/datanode-1/data/ratis/b84a4bf3-d1cf-45fb-928e-76a4c42608e4/current/log_inprogress_0
2019-09-25 05:52:32,500 [0bbc1277-be6f-4bf3-88cf-1c3b12e139ad@group-251D6F656D3D-SegmentedRaftLogWorker] INFO  segmented.SegmentedRaftLogWorker (SegmentedRaftLogWorker.java:execute(569)) - 0bbc1277-be6f-4bf3-88cf-1c3b12e139ad@group-251D6F656D3D-SegmentedRaftLogWorker: created new log segment /workdir/hadoop-ozone/integration-test/target/test-dir/MiniOzoneClusterImpl-5fae48a0-8517-4c16-9d39-4001697b8772/datanode-0/data/ratis/22c09fd2-c0ac-4ec9-9014-251d6f656d3d/current/log_inprogress_0
2019-09-25 05:52:32,500 [pool-37-thread-1] INFO  storage.RaftStorage (RaftStorage.java:format(72)) - Storage directory /workdir/hadoop-ozone/integration-test/target/test-dir/MiniOzoneClusterImpl-5fae48a0-8517-4c16-9d39-4001697b8772/datanode-1/data/ratis/20605baf-d83c-490a-ad1b-b56ebfbab971 has been successfully formatted.
2019-09-25 05:52:32,501 [pool-37-thread-1] INFO  ratis.ContainerStateMachine (ContainerStateMachine.java:loadSnapshot(230)) - group-B56EBFBAB971: The snapshot info is null. Setting the last applied indexto:(t:0, i:~)
2019-09-25 05:52:32,501 [pool-37-thread-1] INFO  server.RaftServerConfigKeys (ConfUtils.java:logGet(43)) - raft.server.notification.no-leader.timeout = 120s (custom)
2019-09-25 05:52:32,501 [pool-37-thread-1] INFO  server.RaftServerConfigKeys (ConfUtils.java:logGet(43)) - raft.server.log.use.memory = false (default)
2019-09-25 05:52:32,501 [pool-37-thread-1] INFO  server.RaftServerConfigKeys (ConfUtils.java:logGet(43)) - raft.server.log.purge.gap = 1000000 (custom)
2019-09-25 05:52:32,501 [pool-37-thread-1] INFO  server.RaftServerConfigKeys (ConfUtils.java:logGet(43)) - raft.server.log.appender.buffer.byte-limit = 33554432 (custom)
2019-09-25 05:52:32,502 [pool-37-thread-1] INFO  server.RaftServerConfigKeys (ConfUtils.java:logGet(43)) - raft.server.log.segment.size.max = 1048576 (custom)
2019-09-25 05:52:32,502 [pool-37-thread-1] INFO  server.RaftServerConfigKeys (ConfUtils.java:logGet(43)) - raft.server.log.segment.cache.num.max = 2 (custom)
2019-09-25 05:52:32,502 [pool-37-thread-1] INFO  segmented.SegmentedRaftLogWorker (SegmentedRaftLogWorker.java:<init>(172)) - new 5be219b2-97fd-4a8c-91ea-b15aa89454d4@group-B56EBFBAB971-SegmentedRaftLogWorker for RaftStorage:Storage Directory /workdir/hadoop-ozone/integration-test/target/test-dir/MiniOzoneClusterImpl-5fae48a0-8517-4c16-9d39-4001697b8772/datanode-1/data/ratis/20605baf-d83c-490a-ad1b-b56ebfbab971
2019-09-25 05:52:32,502 [pool-37-thread-1] INFO  server.RaftServerConfigKeys (ConfUtils.java:logGet(43)) - raft.server.log.queue.byte-limit = 2147483647 (custom)
2019-09-25 05:52:32,502 [pool-37-thread-1] INFO  server.RaftServerConfigKeys (ConfUtils.java:logGet(43)) - raft.server.log.queue.element-limit = 1024 (custom)
2019-09-25 05:52:32,502 [pool-37-thread-1] INFO  server.RaftServerConfigKeys (ConfUtils.java:logGet(43)) - raft.server.log.segment.size.max = 1048576 (custom)
2019-09-25 05:52:32,503 [pool-37-thread-1] INFO  server.RaftServerConfigKeys (ConfUtils.java:logGet(43)) - raft.server.log.preallocated.size = 16384 (custom)
2019-09-25 05:52:32,503 [pool-37-thread-1] INFO  server.RaftServerConfigKeys (ConfUtils.java:logGet(43)) - raft.server.log.write.buffer.size = 33554432 (custom)
2019-09-25 05:52:32,503 [pool-37-thread-1] INFO  server.RaftServerConfigKeys (ConfUtils.java:logGet(43)) - raft.server.log.force.sync.num = 128 (default)
2019-09-25 05:52:32,503 [pool-37-thread-1] INFO  server.RaftServerConfigKeys (ConfUtils.java:logGet(43)) - raft.server.log.statemachine.data.sync = true (default)
2019-09-25 05:52:32,503 [pool-37-thread-1] INFO  server.RaftServerConfigKeys (ConfUtils.java:logGet(43)) - raft.server.log.statemachine.data.sync.timeout = 10s (default)
2019-09-25 05:52:32,503 [pool-37-thread-1] INFO  server.RaftServerConfigKeys (ConfUtils.java:logGet(43)) - raft.server.log.statemachine.data.sync.timeout.retry = -1 (default)
2019-09-25 05:52:32,503 [pool-37-thread-1] INFO  server.RaftServerConfigKeys (ConfUtils.java:logGet(43)) - raft.server.log.statemachine.data.caching.enabled = true (custom)
2019-09-25 05:52:32,504 [pool-37-thread-1] INFO  segmented.SegmentedRaftLogWorker (SegmentedRaftLogWorker.java:lambda$new$0(132)) - 5be219b2-97fd-4a8c-91ea-b15aa89454d4@group-B56EBFBAB971-SegmentedRaftLogWorker: flushIndex: setUnconditionally 0 -> -1
2019-09-25 05:52:32,504 [pool-37-thread-1] INFO  server.RaftServerConfigKeys (ConfUtils.java:logGet(43)) - raft.server.snapshot.auto.trigger.enabled = true (custom)
2019-09-25 05:52:32,504 [pool-37-thread-1] INFO  server.RaftServerConfigKeys (ConfUtils.java:logGet(43)) - raft.server.snapshot.auto.trigger.threshold = 10000 (custom)
2019-09-25 05:52:32,505 [pool-37-thread-1] INFO  server.RaftServerConfigKeys (ConfUtils.java:logGet(43)) - raft.server.snapshot.retention.num.files = 5 (custom)
2019-09-25 05:52:32,505 [pool-37-thread-1] INFO  server.RaftServerConfigKeys (ConfUtils.java:logGet(43)) - raft.server.retrycache.expirytime = 600000ms (custom)
2019-09-25 05:52:32,508 [pool-37-thread-1] INFO  impl.RaftServerImpl (RaftServerImpl.java:start(185)) - 5be219b2-97fd-4a8c-91ea-b15aa89454d4@group-B56EBFBAB971: start as a follower, conf=-1: [5be219b2-97fd-4a8c-91ea-b15aa89454d4:192.168.30.10:40625], old=null
2019-09-25 05:52:32,508 [pool-37-thread-1] INFO  impl.RaftServerImpl (RaftServerImpl.java:setRole(174)) - 5be219b2-97fd-4a8c-91ea-b15aa89454d4@group-B56EBFBAB971: changes role from      null to FOLLOWER at term 0 for startAsFollower
2019-09-25 05:52:32,508 [pool-37-thread-1] INFO  impl.RoleInfo (RoleInfo.java:updateAndGet(143)) - 5be219b2-97fd-4a8c-91ea-b15aa89454d4: start FollowerState
2019-09-25 05:52:32,509 [pool-37-thread-1] INFO  util.JmxRegister (JmxRegister.java:tryRegister(44)) - Successfully registered JMX Bean with object name Ratis:service=RaftServer,group=group-B56EBFBAB971,id=5be219b2-97fd-4a8c-91ea-b15aa89454d4
2019-09-25 05:52:32,512 [RatisPipelineUtilsThread] INFO  pipeline.PipelineStateManager (PipelineStateManager.java:addPipeline(56)) - Created pipeline Pipeline[ Id: 20605baf-d83c-490a-ad1b-b56ebfbab971, Nodes: 5be219b2-97fd-4a8c-91ea-b15aa89454d4{ip: 192.168.30.10, host: pr-hdds-1569-s62bp-3040748787, networkLocation: /default-rack, certSerialId: null}, Type:RATIS, Factor:ONE, State:OPEN]
2019-09-25 05:52:32,517 [grpc-default-executor-0] INFO  impl.RaftServerProxy (RaftServerProxy.java:addNew(89)) - 754f3588-47e6-41ad-b34e-eb7041cce070: addNew group-7B431B125DE5:[754f3588-47e6-41ad-b34e-eb7041cce070:192.168.30.10:41089] returns group-7B431B125DE5:java.util.concurrent.CompletableFuture@7bdc7ce7[Not completed]
2019-09-25 05:52:32,519 [pool-47-thread-1] INFO  impl.RaftServerImpl (RaftServerImpl.java:<init>(95)) - 754f3588-47e6-41ad-b34e-eb7041cce070: new RaftServerImpl for group-7B431B125DE5:[754f3588-47e6-41ad-b34e-eb7041cce070:192.168.30.10:41089] with ContainerStateMachine:uninitialized
2019-09-25 05:52:32,519 [pool-47-thread-1] INFO  server.RaftServerConfigKeys (ConfUtils.java:logGet(43)) - raft.server.rpc.timeout.min = 5s (custom)
2019-09-25 05:52:32,519 [pool-47-thread-1] INFO  server.RaftServerConfigKeys (ConfUtils.java:logGet(43)) - raft.server.rpc.timeout.max = 5200ms (custom)
2019-09-25 05:52:32,519 [pool-47-thread-1] INFO  server.RaftServerConfigKeys (ConfUtils.java:logGet(43)) - raft.server.rpcslowness.timeout = 120s (custom)
2019-09-25 05:52:32,519 [pool-47-thread-1] INFO  server.RaftServerConfigKeys (ConfUtils.java:logGet(43)) - raft.server.sleep.deviation.threshold = 300 (default)
2019-09-25 05:52:32,519 [pool-47-thread-1] INFO  server.RaftServerConfigKeys (ConfUtils.java:logGet(43)) - raft.server.log.appender.install.snapshot.enabled = false (custom)
2019-09-25 05:52:32,520 [pool-47-thread-1] INFO  impl.RaftServerImpl (ServerState.java:<init>(103)) - 754f3588-47e6-41ad-b34e-eb7041cce070@group-7B431B125DE5: ConfigurationManager, init=-1: [754f3588-47e6-41ad-b34e-eb7041cce070:192.168.30.10:41089], old=null, confs=<EMPTY_MAP>
2019-09-25 05:52:32,520 [pool-47-thread-1] INFO  server.RaftServerConfigKeys (ConfUtils.java:logGet(43)) - raft.server.storage.dir = [/workdir/hadoop-ozone/integration-test/target/test-dir/MiniOzoneClusterImpl-5fae48a0-8517-4c16-9d39-4001697b8772/datanode-2/data/ratis] (custom)
2019-09-25 05:52:32,520 [pool-47-thread-1] INFO  storage.RaftStorageDirectory (RaftStorageDirectory.java:analyzeStorage(246)) - The storage directory /workdir/hadoop-ozone/integration-test/target/test-dir/MiniOzoneClusterImpl-5fae48a0-8517-4c16-9d39-4001697b8772/datanode-2/data/ratis/1e05a722-b8af-4b47-95fc-7b431b125de5 does not exist. Creating ...
2019-09-25 05:52:32,533 [pool-47-thread-1] INFO  storage.RaftStorageDirectory (RaftStorageDirectory.java:tryLock(328)) - Lock on /workdir/hadoop-ozone/integration-test/target/test-dir/MiniOzoneClusterImpl-5fae48a0-8517-4c16-9d39-4001697b8772/datanode-2/data/ratis/1e05a722-b8af-4b47-95fc-7b431b125de5/in_use.lock acquired by nodename 25594@pr-hdds-1569-s62bp-3040748787
2019-09-25 05:52:32,546 [pool-47-thread-1] INFO  storage.RaftStorage (RaftStorage.java:format(72)) - Storage directory /workdir/hadoop-ozone/integration-test/target/test-dir/MiniOzoneClusterImpl-5fae48a0-8517-4c16-9d39-4001697b8772/datanode-2/data/ratis/1e05a722-b8af-4b47-95fc-7b431b125de5 has been successfully formatted.
2019-09-25 05:52:32,547 [pool-47-thread-1] INFO  ratis.ContainerStateMachine (ContainerStateMachine.java:loadSnapshot(230)) - group-7B431B125DE5: The snapshot info is null. Setting the last applied indexto:(t:0, i:~)
2019-09-25 05:52:32,547 [pool-47-thread-1] INFO  server.RaftServerConfigKeys (ConfUtils.java:logGet(43)) - raft.server.notification.no-leader.timeout = 120s (custom)
2019-09-25 05:52:32,547 [pool-47-thread-1] INFO  server.RaftServerConfigKeys (ConfUtils.java:logGet(43)) - raft.server.log.use.memory = false (default)
2019-09-25 05:52:32,547 [pool-47-thread-1] INFO  server.RaftServerConfigKeys (ConfUtils.java:logGet(43)) - raft.server.log.purge.gap = 1000000 (custom)
2019-09-25 05:52:32,547 [pool-47-thread-1] INFO  server.RaftServerConfigKeys (ConfUtils.java:logGet(43)) - raft.server.log.appender.buffer.byte-limit = 33554432 (custom)
2019-09-25 05:52:32,547 [pool-47-thread-1] INFO  server.RaftServerConfigKeys (ConfUtils.java:logGet(43)) - raft.server.log.segment.size.max = 1048576 (custom)
2019-09-25 05:52:32,548 [pool-47-thread-1] INFO  server.RaftServerConfigKeys (ConfUtils.java:logGet(43)) - raft.server.log.segment.cache.num.max = 2 (custom)
2019-09-25 05:52:32,548 [pool-47-thread-1] INFO  segmented.SegmentedRaftLogWorker (SegmentedRaftLogWorker.java:<init>(172)) - new 754f3588-47e6-41ad-b34e-eb7041cce070@group-7B431B125DE5-SegmentedRaftLogWorker for RaftStorage:Storage Directory /workdir/hadoop-ozone/integration-test/target/test-dir/MiniOzoneClusterImpl-5fae48a0-8517-4c16-9d39-4001697b8772/datanode-2/data/ratis/1e05a722-b8af-4b47-95fc-7b431b125de5
2019-09-25 05:52:32,548 [pool-47-thread-1] INFO  server.RaftServerConfigKeys (ConfUtils.java:logGet(43)) - raft.server.log.queue.byte-limit = 2147483647 (custom)
2019-09-25 05:52:32,548 [pool-47-thread-1] INFO  server.RaftServerConfigKeys (ConfUtils.java:logGet(43)) - raft.server.log.queue.element-limit = 1024 (custom)
2019-09-25 05:52:32,548 [pool-47-thread-1] INFO  server.RaftServerConfigKeys (ConfUtils.java:logGet(43)) - raft.server.log.segment.size.max = 1048576 (custom)
2019-09-25 05:52:32,548 [pool-47-thread-1] INFO  server.RaftServerConfigKeys (ConfUtils.java:logGet(43)) - raft.server.log.preallocated.size = 16384 (custom)
2019-09-25 05:52:32,548 [pool-47-thread-1] INFO  server.RaftServerConfigKeys (ConfUtils.java:logGet(43)) - raft.server.log.write.buffer.size = 33554432 (custom)
2019-09-25 05:52:32,549 [pool-47-thread-1] INFO  server.RaftServerConfigKeys (ConfUtils.java:logGet(43)) - raft.server.log.force.sync.num = 128 (default)
2019-09-25 05:52:32,549 [pool-47-thread-1] INFO  server.RaftServerConfigKeys (ConfUtils.java:logGet(43)) - raft.server.log.statemachine.data.sync = true (default)
2019-09-25 05:52:32,549 [pool-47-thread-1] INFO  server.RaftServerConfigKeys (ConfUtils.java:logGet(43)) - raft.server.log.statemachine.data.sync.timeout = 10s (default)
2019-09-25 05:52:32,549 [pool-47-thread-1] INFO  server.RaftServerConfigKeys (ConfUtils.java:logGet(43)) - raft.server.log.statemachine.data.sync.timeout.retry = -1 (default)
2019-09-25 05:52:32,549 [pool-47-thread-1] INFO  server.RaftServerConfigKeys (ConfUtils.java:logGet(43)) - raft.server.log.statemachine.data.caching.enabled = true (custom)
2019-09-25 05:52:32,549 [pool-47-thread-1] INFO  segmented.SegmentedRaftLogWorker (SegmentedRaftLogWorker.java:lambda$new$0(132)) - 754f3588-47e6-41ad-b34e-eb7041cce070@group-7B431B125DE5-SegmentedRaftLogWorker: flushIndex: setUnconditionally 0 -> -1
2019-09-25 05:52:32,550 [pool-47-thread-1] INFO  server.RaftServerConfigKeys (ConfUtils.java:logGet(43)) - raft.server.snapshot.auto.trigger.enabled = true (custom)
2019-09-25 05:52:32,550 [pool-47-thread-1] INFO  server.RaftServerConfigKeys (ConfUtils.java:logGet(43)) - raft.server.snapshot.auto.trigger.threshold = 10000 (custom)
2019-09-25 05:52:32,550 [pool-47-thread-1] INFO  server.RaftServerConfigKeys (ConfUtils.java:logGet(43)) - raft.server.snapshot.retention.num.files = 5 (custom)
2019-09-25 05:52:32,550 [pool-47-thread-1] INFO  server.RaftServerConfigKeys (ConfUtils.java:logGet(43)) - raft.server.retrycache.expirytime = 600000ms (custom)
2019-09-25 05:52:32,552 [pool-47-thread-1] INFO  impl.RaftServerImpl (RaftServerImpl.java:start(185)) - 754f3588-47e6-41ad-b34e-eb7041cce070@group-7B431B125DE5: start as a follower, conf=-1: [754f3588-47e6-41ad-b34e-eb7041cce070:192.168.30.10:41089], old=null
2019-09-25 05:52:32,552 [pool-47-thread-1] INFO  impl.RaftServerImpl (RaftServerImpl.java:setRole(174)) - 754f3588-47e6-41ad-b34e-eb7041cce070@group-7B431B125DE5: changes role from      null to FOLLOWER at term 0 for startAsFollower
2019-09-25 05:52:32,553 [pool-47-thread-1] INFO  impl.RoleInfo (RoleInfo.java:updateAndGet(143)) - 754f3588-47e6-41ad-b34e-eb7041cce070: start FollowerState
2019-09-25 05:52:32,553 [pool-47-thread-1] INFO  util.JmxRegister (JmxRegister.java:tryRegister(44)) - Successfully registered JMX Bean with object name Ratis:service=RaftServer,group=group-7B431B125DE5,id=754f3588-47e6-41ad-b34e-eb7041cce070
2019-09-25 05:52:32,618 [Thread-231] INFO  impl.FollowerState (FollowerState.java:run(106)) - 5be219b2-97fd-4a8c-91ea-b15aa89454d4:group-376802F275B2 changes to CANDIDATE, lastRpcTime:5051, electionTimeout:5051ms
2019-09-25 05:52:32,619 [Thread-231] INFO  impl.RoleInfo (RoleInfo.java:shutdownFollowerState(121)) - 5be219b2-97fd-4a8c-91ea-b15aa89454d4: shutdown FollowerState
2019-09-25 05:52:32,619 [Thread-231] INFO  impl.RaftServerImpl (RaftServerImpl.java:setRole(174)) - 5be219b2-97fd-4a8c-91ea-b15aa89454d4@group-376802F275B2: changes role from  FOLLOWER to CANDIDATE at term 0 for changeToCandidate
2019-09-25 05:52:32,619 [Thread-225] INFO  impl.FollowerState (FollowerState.java:run(106)) - 5be219b2-97fd-4a8c-91ea-b15aa89454d4:group-6524760BB73A changes to CANDIDATE, lastRpcTime:5181, electionTimeout:5181ms
2019-09-25 05:52:32,620 [Thread-225] INFO  impl.RoleInfo (RoleInfo.java:shutdownFollowerState(121)) - 5be219b2-97fd-4a8c-91ea-b15aa89454d4: shutdown FollowerState
2019-09-25 05:52:32,620 [Thread-225] INFO  impl.RaftServerImpl (RaftServerImpl.java:setRole(174)) - 5be219b2-97fd-4a8c-91ea-b15aa89454d4@group-6524760BB73A: changes role from  FOLLOWER to CANDIDATE at term 0 for changeToCandidate
2019-09-25 05:52:32,621 [Thread-228] INFO  impl.FollowerState (FollowerState.java:run(106)) - 0bbc1277-be6f-4bf3-88cf-1c3b12e139ad:group-581D88885FE1 changes to CANDIDATE, lastRpcTime:5115, electionTimeout:5115ms
2019-09-25 05:52:32,621 [Thread-228] INFO  impl.RoleInfo (RoleInfo.java:shutdownFollowerState(121)) - 0bbc1277-be6f-4bf3-88cf-1c3b12e139ad: shutdown FollowerState
2019-09-25 05:52:32,622 [Thread-228] INFO  impl.RaftServerImpl (RaftServerImpl.java:setRole(174)) - 0bbc1277-be6f-4bf3-88cf-1c3b12e139ad@group-581D88885FE1: changes role from  FOLLOWER to CANDIDATE at term 0 for changeToCandidate
2019-09-25 05:52:32,667 [Thread-225] INFO  impl.RoleInfo (RoleInfo.java:updateAndGet(143)) - 5be219b2-97fd-4a8c-91ea-b15aa89454d4: start LeaderElection
2019-09-25 05:52:32,667 [Thread-231] INFO  impl.RoleInfo (RoleInfo.java:updateAndGet(143)) - 5be219b2-97fd-4a8c-91ea-b15aa89454d4: start LeaderElection
2019-09-25 05:52:32,667 [Thread-228] INFO  impl.RoleInfo (RoleInfo.java:updateAndGet(143)) - 0bbc1277-be6f-4bf3-88cf-1c3b12e139ad: start LeaderElection
2019-09-25 05:52:32,679 [Thread-234] INFO  impl.FollowerState (FollowerState.java:run(106)) - 754f3588-47e6-41ad-b34e-eb7041cce070:group-7E51905CD43B changes to CANDIDATE, lastRpcTime:5061, electionTimeout:5060ms
2019-09-25 05:52:32,679 [Thread-234] INFO  impl.RoleInfo (RoleInfo.java:shutdownFollowerState(121)) - 754f3588-47e6-41ad-b34e-eb7041cce070: shutdown FollowerState
2019-09-25 05:52:32,679 [Thread-234] INFO  impl.RaftServerImpl (RaftServerImpl.java:setRole(174)) - 754f3588-47e6-41ad-b34e-eb7041cce070@group-7E51905CD43B: changes role from  FOLLOWER to CANDIDATE at term 0 for changeToCandidate
2019-09-25 05:52:32,679 [Thread-234] INFO  impl.RoleInfo (RoleInfo.java:updateAndGet(143)) - 754f3588-47e6-41ad-b34e-eb7041cce070: start LeaderElection
2019-09-25 05:52:32,687 [RatisPipelineUtilsThread] INFO  pipeline.PipelineStateManager (PipelineStateManager.java:addPipeline(56)) - Created pipeline Pipeline[ Id: 1e05a722-b8af-4b47-95fc-7b431b125de5, Nodes: 754f3588-47e6-41ad-b34e-eb7041cce070{ip: 192.168.30.10, host: pr-hdds-1569-s62bp-3040748787, networkLocation: /default-rack, certSerialId: null}, Type:RATIS, Factor:ONE, State:OPEN]
2019-09-25 05:52:32,692 [grpc-default-executor-0] INFO  impl.RaftServerProxy (RaftServerProxy.java:addNew(89)) - 0bbc1277-be6f-4bf3-88cf-1c3b12e139ad: addNew group-3B0A252CE86D:[0bbc1277-be6f-4bf3-88cf-1c3b12e139ad:192.168.30.10:46701] returns group-3B0A252CE86D:java.util.concurrent.CompletableFuture@5a9785b2[Not completed]
2019-09-25 05:52:32,693 [pool-27-thread-1] INFO  impl.RaftServerImpl (RaftServerImpl.java:<init>(95)) - 0bbc1277-be6f-4bf3-88cf-1c3b12e139ad: new RaftServerImpl for group-3B0A252CE86D:[0bbc1277-be6f-4bf3-88cf-1c3b12e139ad:192.168.30.10:46701] with ContainerStateMachine:uninitialized
2019-09-25 05:52:32,693 [pool-27-thread-1] INFO  server.RaftServerConfigKeys (ConfUtils.java:logGet(43)) - raft.server.rpc.timeout.min = 5s (custom)
2019-09-25 05:52:32,694 [pool-27-thread-1] INFO  server.RaftServerConfigKeys (ConfUtils.java:logGet(43)) - raft.server.rpc.timeout.max = 5200ms (custom)
2019-09-25 05:52:32,694 [pool-27-thread-1] INFO  server.RaftServerConfigKeys (ConfUtils.java:logGet(43)) - raft.server.rpcslowness.timeout = 120s (custom)
2019-09-25 05:52:32,694 [pool-27-thread-1] INFO  server.RaftServerConfigKeys (ConfUtils.java:logGet(43)) - raft.server.sleep.deviation.threshold = 300 (default)
2019-09-25 05:52:32,694 [pool-27-thread-1] INFO  server.RaftServerConfigKeys (ConfUtils.java:logGet(43)) - raft.server.log.appender.install.snapshot.enabled = false (custom)
2019-09-25 05:52:32,694 [pool-27-thread-1] INFO  impl.RaftServerImpl (ServerState.java:<init>(103)) - 0bbc1277-be6f-4bf3-88cf-1c3b12e139ad@group-3B0A252CE86D: ConfigurationManager, init=-1: [0bbc1277-be6f-4bf3-88cf-1c3b12e139ad:192.168.30.10:46701], old=null, confs=<EMPTY_MAP>
2019-09-25 05:52:32,694 [pool-27-thread-1] INFO  server.RaftServerConfigKeys (ConfUtils.java:logGet(43)) - raft.server.storage.dir = [/workdir/hadoop-ozone/integration-test/target/test-dir/MiniOzoneClusterImpl-5fae48a0-8517-4c16-9d39-4001697b8772/datanode-0/data/ratis] (custom)
2019-09-25 05:52:32,695 [pool-27-thread-1] INFO  storage.RaftStorageDirectory (RaftStorageDirectory.java:analyzeStorage(246)) - The storage directory /workdir/hadoop-ozone/integration-test/target/test-dir/MiniOzoneClusterImpl-5fae48a0-8517-4c16-9d39-4001697b8772/datanode-0/data/ratis/622fca1f-0963-41c8-a4d7-3b0a252ce86d does not exist. Creating ...
2019-09-25 05:52:32,699 [pool-27-thread-1] INFO  storage.RaftStorageDirectory (RaftStorageDirectory.java:tryLock(328)) - Lock on /workdir/hadoop-ozone/integration-test/target/test-dir/MiniOzoneClusterImpl-5fae48a0-8517-4c16-9d39-4001697b8772/datanode-0/data/ratis/622fca1f-0963-41c8-a4d7-3b0a252ce86d/in_use.lock acquired by nodename 25594@pr-hdds-1569-s62bp-3040748787
2019-09-25 05:52:32,699 [5be219b2-97fd-4a8c-91ea-b15aa89454d4@group-6524760BB73A:LeaderElection16] INFO  impl.LeaderElection (LeaderElection.java:askForVotes(182)) - 5be219b2-97fd-4a8c-91ea-b15aa89454d4@group-6524760BB73A:LeaderElection16: begin an election at term 1 for -1: [5be219b2-97fd-4a8c-91ea-b15aa89454d4:192.168.30.10:40625], old=null
2019-09-25 05:52:32,699 [5be219b2-97fd-4a8c-91ea-b15aa89454d4@group-376802F275B2:LeaderElection15] INFO  impl.LeaderElection (LeaderElection.java:askForVotes(182)) - 5be219b2-97fd-4a8c-91ea-b15aa89454d4@group-376802F275B2:LeaderElection15: begin an election at term 1 for -1: [5be219b2-97fd-4a8c-91ea-b15aa89454d4:192.168.30.10:40625], old=null
2019-09-25 05:52:32,699 [754f3588-47e6-41ad-b34e-eb7041cce070@group-7E51905CD43B:LeaderElection18] INFO  impl.LeaderElection (LeaderElection.java:askForVotes(182)) - 754f3588-47e6-41ad-b34e-eb7041cce070@group-7E51905CD43B:LeaderElection18: begin an election at term 1 for -1: [754f3588-47e6-41ad-b34e-eb7041cce070:192.168.30.10:41089], old=null
2019-09-25 05:52:32,699 [0bbc1277-be6f-4bf3-88cf-1c3b12e139ad@group-581D88885FE1:LeaderElection17] INFO  impl.LeaderElection (LeaderElection.java:askForVotes(182)) - 0bbc1277-be6f-4bf3-88cf-1c3b12e139ad@group-581D88885FE1:LeaderElection17: begin an election at term 1 for -1: [0bbc1277-be6f-4bf3-88cf-1c3b12e139ad:192.168.30.10:46701], old=null
2019-09-25 05:52:32,700 [754f3588-47e6-41ad-b34e-eb7041cce070@group-7E51905CD43B:LeaderElection18] INFO  impl.RoleInfo (RoleInfo.java:shutdownLeaderElection(134)) - 754f3588-47e6-41ad-b34e-eb7041cce070: shutdown LeaderElection
2019-09-25 05:52:32,700 [5be219b2-97fd-4a8c-91ea-b15aa89454d4@group-376802F275B2:LeaderElection15] INFO  impl.RoleInfo (RoleInfo.java:shutdownLeaderElection(134)) - 5be219b2-97fd-4a8c-91ea-b15aa89454d4: shutdown LeaderElection
2019-09-25 05:52:32,699 [5be219b2-97fd-4a8c-91ea-b15aa89454d4@group-6524760BB73A:LeaderElection16] INFO  impl.RoleInfo (RoleInfo.java:shutdownLeaderElection(134)) - 5be219b2-97fd-4a8c-91ea-b15aa89454d4: shutdown LeaderElection
2019-09-25 05:52:32,700 [5be219b2-97fd-4a8c-91ea-b15aa89454d4@group-376802F275B2:LeaderElection15] INFO  impl.RaftServerImpl (RaftServerImpl.java:setRole(174)) - 5be219b2-97fd-4a8c-91ea-b15aa89454d4@group-376802F275B2: changes role from CANDIDATE to LEADER at term 1 for changeToLeader
2019-09-25 05:52:32,700 [5be219b2-97fd-4a8c-91ea-b15aa89454d4@group-376802F275B2:LeaderElection15] INFO  impl.RaftServerImpl (ServerState.java:setLeader(253)) - 5be219b2-97fd-4a8c-91ea-b15aa89454d4@group-376802F275B2: change Leader from null to 5be219b2-97fd-4a8c-91ea-b15aa89454d4 at term 1 for becomeLeader, leader elected after 5142ms
2019-09-25 05:52:32,700 [754f3588-47e6-41ad-b34e-eb7041cce070@group-7E51905CD43B:LeaderElection18] INFO  impl.RaftServerImpl (RaftServerImpl.java:setRole(174)) - 754f3588-47e6-41ad-b34e-eb7041cce070@group-7E51905CD43B: changes role from CANDIDATE to LEADER at term 1 for changeToLeader
2019-09-25 05:52:32,700 [0bbc1277-be6f-4bf3-88cf-1c3b12e139ad@group-581D88885FE1:LeaderElection17] INFO  impl.RoleInfo (RoleInfo.java:shutdownLeaderElection(134)) - 0bbc1277-be6f-4bf3-88cf-1c3b12e139ad: shutdown LeaderElection
2019-09-25 05:52:32,700 [754f3588-47e6-41ad-b34e-eb7041cce070@group-7E51905CD43B:LeaderElection18] INFO  impl.RaftServerImpl (ServerState.java:setLeader(253)) - 754f3588-47e6-41ad-b34e-eb7041cce070@group-7E51905CD43B: change Leader from null to 754f3588-47e6-41ad-b34e-eb7041cce070 at term 1 for becomeLeader, leader elected after 5090ms
2019-09-25 05:52:32,700 [5be219b2-97fd-4a8c-91ea-b15aa89454d4@group-376802F275B2:LeaderElection15] INFO  server.RaftServerConfigKeys (ConfUtils.java:logGet(43)) - raft.server.staging.catchup.gap = 1000 (default)
2019-09-25 05:52:32,700 [5be219b2-97fd-4a8c-91ea-b15aa89454d4@group-6524760BB73A:LeaderElection16] INFO  impl.RaftServerImpl (RaftServerImpl.java:setRole(174)) - 5be219b2-97fd-4a8c-91ea-b15aa89454d4@group-6524760BB73A: changes role from CANDIDATE to LEADER at term 1 for changeToLeader
2019-09-25 05:52:32,701 [5be219b2-97fd-4a8c-91ea-b15aa89454d4@group-376802F275B2:LeaderElection15] INFO  server.RaftServerConfigKeys (ConfUtils.java:logGet(43)) - raft.server.rpc.sleep.time = 25ms (default)
2019-09-25 05:52:32,701 [754f3588-47e6-41ad-b34e-eb7041cce070@group-7E51905CD43B:LeaderElection18] INFO  server.RaftServerConfigKeys (ConfUtils.java:logGet(43)) - raft.server.staging.catchup.gap = 1000 (default)
2019-09-25 05:52:32,701 [0bbc1277-be6f-4bf3-88cf-1c3b12e139ad@group-581D88885FE1:LeaderElection17] INFO  impl.RaftServerImpl (RaftServerImpl.java:setRole(174)) - 0bbc1277-be6f-4bf3-88cf-1c3b12e139ad@group-581D88885FE1: changes role from CANDIDATE to LEADER at term 1 for changeToLeader
2019-09-25 05:52:32,701 [754f3588-47e6-41ad-b34e-eb7041cce070@group-7E51905CD43B:LeaderElection18] INFO  server.RaftServerConfigKeys (ConfUtils.java:logGet(43)) - raft.server.rpc.sleep.time = 25ms (default)
2019-09-25 05:52:32,701 [5be219b2-97fd-4a8c-91ea-b15aa89454d4@group-376802F275B2:LeaderElection15] INFO  server.RaftServerConfigKeys (ConfUtils.java:logGet(43)) - raft.server.write.element-limit = 4096 (default)
2019-09-25 05:52:32,701 [5be219b2-97fd-4a8c-91ea-b15aa89454d4@group-6524760BB73A:LeaderElection16] INFO  impl.RaftServerImpl (ServerState.java:setLeader(253)) - 5be219b2-97fd-4a8c-91ea-b15aa89454d4@group-6524760BB73A: change Leader from null to 5be219b2-97fd-4a8c-91ea-b15aa89454d4 at term 1 for becomeLeader, leader elected after 5269ms
2019-09-25 05:52:32,701 [5be219b2-97fd-4a8c-91ea-b15aa89454d4@group-376802F275B2:LeaderElection15] INFO  server.RaftServerConfigKeys (ConfUtils.java:logGet(43)) - raft.server.watch.timeout = 10s (default)
2019-09-25 05:52:32,702 [5be219b2-97fd-4a8c-91ea-b15aa89454d4@group-376802F275B2:LeaderElection15] INFO  server.RaftServerConfigKeys (ConfUtils.java:logGet(43)) - raft.server.watch.timeout.denomination = 1s (default)
2019-09-25 05:52:32,701 [754f3588-47e6-41ad-b34e-eb7041cce070@group-7E51905CD43B:LeaderElection18] INFO  server.RaftServerConfigKeys (ConfUtils.java:logGet(43)) - raft.server.write.element-limit = 4096 (default)
2019-09-25 05:52:32,701 [0bbc1277-be6f-4bf3-88cf-1c3b12e139ad@group-581D88885FE1:LeaderElection17] INFO  impl.RaftServerImpl (ServerState.java:setLeader(253)) - 0bbc1277-be6f-4bf3-88cf-1c3b12e139ad@group-581D88885FE1: change Leader from null to 0bbc1277-be6f-4bf3-88cf-1c3b12e139ad at term 1 for becomeLeader, leader elected after 5203ms
2019-09-25 05:52:32,702 [754f3588-47e6-41ad-b34e-eb7041cce070@group-7E51905CD43B:LeaderElection18] INFO  server.RaftServerConfigKeys (ConfUtils.java:logGet(43)) - raft.server.watch.timeout = 10s (default)
2019-09-25 05:52:32,702 [5be219b2-97fd-4a8c-91ea-b15aa89454d4@group-376802F275B2:LeaderElection15] INFO  server.RaftServerConfigKeys (ConfUtils.java:logGet(43)) - raft.server.watch.element-limit = 65536 (default)
2019-09-25 05:52:32,702 [5be219b2-97fd-4a8c-91ea-b15aa89454d4@group-6524760BB73A:LeaderElection16] INFO  server.RaftServerConfigKeys (ConfUtils.java:logGet(43)) - raft.server.staging.catchup.gap = 1000 (default)
2019-09-25 05:52:32,702 [754f3588-47e6-41ad-b34e-eb7041cce070@group-7E51905CD43B:LeaderElection18] INFO  server.RaftServerConfigKeys (ConfUtils.java:logGet(43)) - raft.server.watch.timeout.denomination = 1s (default)
2019-09-25 05:52:32,702 [754f3588-47e6-41ad-b34e-eb7041cce070@group-7E51905CD43B:LeaderElection18] INFO  server.RaftServerConfigKeys (ConfUtils.java:logGet(43)) - raft.server.watch.element-limit = 65536 (default)
2019-09-25 05:52:32,702 [0bbc1277-be6f-4bf3-88cf-1c3b12e139ad@group-581D88885FE1:LeaderElection17] INFO  server.RaftServerConfigKeys (ConfUtils.java:logGet(43)) - raft.server.staging.catchup.gap = 1000 (default)
2019-09-25 05:52:32,702 [5be219b2-97fd-4a8c-91ea-b15aa89454d4@group-6524760BB73A:LeaderElection16] INFO  server.RaftServerConfigKeys (ConfUtils.java:logGet(43)) - raft.server.rpc.sleep.time = 25ms (default)
2019-09-25 05:52:32,703 [0bbc1277-be6f-4bf3-88cf-1c3b12e139ad@group-581D88885FE1:LeaderElection17] INFO  server.RaftServerConfigKeys (ConfUtils.java:logGet(43)) - raft.server.rpc.sleep.time = 25ms (default)
2019-09-25 05:52:32,703 [5be219b2-97fd-4a8c-91ea-b15aa89454d4@group-6524760BB73A:LeaderElection16] INFO  server.RaftServerConfigKeys (ConfUtils.java:logGet(43)) - raft.server.write.element-limit = 4096 (default)
2019-09-25 05:52:32,703 [0bbc1277-be6f-4bf3-88cf-1c3b12e139ad@group-581D88885FE1:LeaderElection17] INFO  server.RaftServerConfigKeys (ConfUtils.java:logGet(43)) - raft.server.write.element-limit = 4096 (default)
2019-09-25 05:52:32,703 [5be219b2-97fd-4a8c-91ea-b15aa89454d4@group-6524760BB73A:LeaderElection16] INFO  server.RaftServerConfigKeys (ConfUtils.java:logGet(43)) - raft.server.watch.timeout = 10s (default)
2019-09-25 05:52:32,703 [0bbc1277-be6f-4bf3-88cf-1c3b12e139ad@group-581D88885FE1:LeaderElection17] INFO  server.RaftServerConfigKeys (ConfUtils.java:logGet(43)) - raft.server.watch.timeout = 10s (default)
2019-09-25 05:52:32,703 [5be219b2-97fd-4a8c-91ea-b15aa89454d4@group-6524760BB73A:LeaderElection16] INFO  server.RaftServerConfigKeys (ConfUtils.java:logGet(43)) - raft.server.watch.timeout.denomination = 1s (default)
2019-09-25 05:52:32,703 [0bbc1277-be6f-4bf3-88cf-1c3b12e139ad@group-581D88885FE1:LeaderElection17] INFO  server.RaftServerConfigKeys (ConfUtils.java:logGet(43)) - raft.server.watch.timeout.denomination = 1s (default)
2019-09-25 05:52:32,703 [5be219b2-97fd-4a8c-91ea-b15aa89454d4@group-6524760BB73A:LeaderElection16] INFO  server.RaftServerConfigKeys (ConfUtils.java:logGet(43)) - raft.server.watch.element-limit = 65536 (default)
2019-09-25 05:52:32,703 [0bbc1277-be6f-4bf3-88cf-1c3b12e139ad@group-581D88885FE1:LeaderElection17] INFO  server.RaftServerConfigKeys (ConfUtils.java:logGet(43)) - raft.server.watch.element-limit = 65536 (default)
2019-09-25 05:52:32,705 [5be219b2-97fd-4a8c-91ea-b15aa89454d4@group-376802F275B2:LeaderElection15] INFO  impl.RoleInfo (RoleInfo.java:updateAndGet(143)) - 5be219b2-97fd-4a8c-91ea-b15aa89454d4: start LeaderState
2019-09-25 05:52:32,706 [754f3588-47e6-41ad-b34e-eb7041cce070@group-7E51905CD43B:LeaderElection18] INFO  impl.RoleInfo (RoleInfo.java:updateAndGet(143)) - 754f3588-47e6-41ad-b34e-eb7041cce070: start LeaderState
2019-09-25 05:52:32,706 [5be219b2-97fd-4a8c-91ea-b15aa89454d4@group-376802F275B2:LeaderElection15] INFO  segmented.SegmentedRaftLogWorker (SegmentedRaftLogWorker.java:startLogSegment(380)) - 5be219b2-97fd-4a8c-91ea-b15aa89454d4@group-376802F275B2-SegmentedRaftLogWorker: Starting segment from index:0
2019-09-25 05:52:32,706 [754f3588-47e6-41ad-b34e-eb7041cce070@group-7E51905CD43B:LeaderElection18] INFO  segmented.SegmentedRaftLogWorker (SegmentedRaftLogWorker.java:startLogSegment(380)) - 754f3588-47e6-41ad-b34e-eb7041cce070@group-7E51905CD43B-SegmentedRaftLogWorker: Starting segment from index:0
2019-09-25 05:52:32,706 [5be219b2-97fd-4a8c-91ea-b15aa89454d4@group-376802F275B2:LeaderElection15] INFO  impl.RaftServerImpl (ServerState.java:setRaftConf(354)) - 5be219b2-97fd-4a8c-91ea-b15aa89454d4@group-376802F275B2: set configuration 0: [5be219b2-97fd-4a8c-91ea-b15aa89454d4:192.168.30.10:40625], old=null at 0
2019-09-25 05:52:32,706 [754f3588-47e6-41ad-b34e-eb7041cce070@group-7E51905CD43B:LeaderElection18] INFO  impl.RaftServerImpl (ServerState.java:setRaftConf(354)) - 754f3588-47e6-41ad-b34e-eb7041cce070@group-7E51905CD43B: set configuration 0: [754f3588-47e6-41ad-b34e-eb7041cce070:192.168.30.10:41089], old=null at 0
2019-09-25 05:52:32,730 [pool-27-thread-1] INFO  storage.RaftStorage (RaftStorage.java:format(72)) - Storage directory /workdir/hadoop-ozone/integration-test/target/test-dir/MiniOzoneClusterImpl-5fae48a0-8517-4c16-9d39-4001697b8772/datanode-0/data/ratis/622fca1f-0963-41c8-a4d7-3b0a252ce86d has been successfully formatted.
2019-09-25 05:52:32,765 [5be219b2-97fd-4a8c-91ea-b15aa89454d4@group-376802F275B2-SegmentedRaftLogWorker] INFO  segmented.SegmentedRaftLogWorker (SegmentedRaftLogWorker.java:execute(569)) - 5be219b2-97fd-4a8c-91ea-b15aa89454d4@group-376802F275B2-SegmentedRaftLogWorker: created new log segment /workdir/hadoop-ozone/integration-test/target/test-dir/MiniOzoneClusterImpl-5fae48a0-8517-4c16-9d39-4001697b8772/datanode-1/data/ratis/46f2b765-4849-444e-8469-376802f275b2/current/log_inprogress_0
2019-09-25 05:52:32,765 [0bbc1277-be6f-4bf3-88cf-1c3b12e139ad@group-581D88885FE1:LeaderElection17] INFO  impl.RoleInfo (RoleInfo.java:updateAndGet(143)) - 0bbc1277-be6f-4bf3-88cf-1c3b12e139ad: start LeaderState
2019-09-25 05:52:32,765 [pool-27-thread-1] INFO  ratis.ContainerStateMachine (ContainerStateMachine.java:loadSnapshot(230)) - group-3B0A252CE86D: The snapshot info is null. Setting the last applied indexto:(t:0, i:~)
2019-09-25 05:52:32,766 [5be219b2-97fd-4a8c-91ea-b15aa89454d4@group-6524760BB73A:LeaderElection16] INFO  impl.RoleInfo (RoleInfo.java:updateAndGet(143)) - 5be219b2-97fd-4a8c-91ea-b15aa89454d4: start LeaderState
2019-09-25 05:52:32,766 [0bbc1277-be6f-4bf3-88cf-1c3b12e139ad@group-581D88885FE1:LeaderElection17] INFO  segmented.SegmentedRaftLogWorker (SegmentedRaftLogWorker.java:startLogSegment(380)) - 0bbc1277-be6f-4bf3-88cf-1c3b12e139ad@group-581D88885FE1-SegmentedRaftLogWorker: Starting segment from index:0
2019-09-25 05:52:32,766 [pool-27-thread-1] INFO  server.RaftServerConfigKeys (ConfUtils.java:logGet(43)) - raft.server.notification.no-leader.timeout = 120s (custom)
2019-09-25 05:52:32,766 [5be219b2-97fd-4a8c-91ea-b15aa89454d4@group-6524760BB73A:LeaderElection16] INFO  segmented.SegmentedRaftLogWorker (SegmentedRaftLogWorker.java:startLogSegment(380)) - 5be219b2-97fd-4a8c-91ea-b15aa89454d4@group-6524760BB73A-SegmentedRaftLogWorker: Starting segment from index:0
2019-09-25 05:52:32,766 [pool-27-thread-1] INFO  server.RaftServerConfigKeys (ConfUtils.java:logGet(43)) - raft.server.log.use.memory = false (default)
2019-09-25 05:52:32,766 [0bbc1277-be6f-4bf3-88cf-1c3b12e139ad@group-581D88885FE1:LeaderElection17] INFO  impl.RaftServerImpl (ServerState.java:setRaftConf(354)) - 0bbc1277-be6f-4bf3-88cf-1c3b12e139ad@group-581D88885FE1: set configuration 0: [0bbc1277-be6f-4bf3-88cf-1c3b12e139ad:192.168.30.10:46701], old=null at 0
2019-09-25 05:52:32,766 [pool-27-thread-1] INFO  server.RaftServerConfigKeys (ConfUtils.java:logGet(43)) - raft.server.log.purge.gap = 1000000 (custom)
2019-09-25 05:52:32,791 [5be219b2-97fd-4a8c-91ea-b15aa89454d4@group-6524760BB73A:LeaderElection16] INFO  impl.RaftServerImpl (ServerState.java:setRaftConf(354)) - 5be219b2-97fd-4a8c-91ea-b15aa89454d4@group-6524760BB73A: set configuration 0: [5be219b2-97fd-4a8c-91ea-b15aa89454d4:192.168.30.10:40625], old=null at 0
2019-09-25 05:52:32,791 [754f3588-47e6-41ad-b34e-eb7041cce070@group-7E51905CD43B-SegmentedRaftLogWorker] INFO  segmented.SegmentedRaftLogWorker (SegmentedRaftLogWorker.java:execute(569)) - 754f3588-47e6-41ad-b34e-eb7041cce070@group-7E51905CD43B-SegmentedRaftLogWorker: created new log segment /workdir/hadoop-ozone/integration-test/target/test-dir/MiniOzoneClusterImpl-5fae48a0-8517-4c16-9d39-4001697b8772/datanode-2/data/ratis/546a27fe-9669-49e9-8fee-7e51905cd43b/current/log_inprogress_0
2019-09-25 05:52:32,820 [0bbc1277-be6f-4bf3-88cf-1c3b12e139ad@group-581D88885FE1-SegmentedRaftLogWorker] INFO  segmented.SegmentedRaftLogWorker (SegmentedRaftLogWorker.java:execute(569)) - 0bbc1277-be6f-4bf3-88cf-1c3b12e139ad@group-581D88885FE1-SegmentedRaftLogWorker: created new log segment /workdir/hadoop-ozone/integration-test/target/test-dir/MiniOzoneClusterImpl-5fae48a0-8517-4c16-9d39-4001697b8772/datanode-0/data/ratis/bef5b78a-d693-4aa3-ace9-581d88885fe1/current/log_inprogress_0
2019-09-25 05:52:32,792 [pool-27-thread-1] INFO  server.RaftServerConfigKeys (ConfUtils.java:logGet(43)) - raft.server.log.appender.buffer.byte-limit = 33554432 (custom)
2019-09-25 05:52:32,821 [pool-27-thread-1] INFO  server.RaftServerConfigKeys (ConfUtils.java:logGet(43)) - raft.server.log.segment.size.max = 1048576 (custom)
2019-09-25 05:52:32,821 [pool-27-thread-1] INFO  server.RaftServerConfigKeys (ConfUtils.java:logGet(43)) - raft.server.log.segment.cache.num.max = 2 (custom)
2019-09-25 05:52:32,821 [pool-27-thread-1] INFO  segmented.SegmentedRaftLogWorker (SegmentedRaftLogWorker.java:<init>(172)) - new 0bbc1277-be6f-4bf3-88cf-1c3b12e139ad@group-3B0A252CE86D-SegmentedRaftLogWorker for RaftStorage:Storage Directory /workdir/hadoop-ozone/integration-test/target/test-dir/MiniOzoneClusterImpl-5fae48a0-8517-4c16-9d39-4001697b8772/datanode-0/data/ratis/622fca1f-0963-41c8-a4d7-3b0a252ce86d
2019-09-25 05:52:32,821 [pool-27-thread-1] INFO  server.RaftServerConfigKeys (ConfUtils.java:logGet(43)) - raft.server.log.queue.byte-limit = 2147483647 (custom)
2019-09-25 05:52:32,821 [pool-27-thread-1] INFO  server.RaftServerConfigKeys (ConfUtils.java:logGet(43)) - raft.server.log.queue.element-limit = 1024 (custom)
2019-09-25 05:52:32,821 [pool-27-thread-1] INFO  server.RaftServerConfigKeys (ConfUtils.java:logGet(43)) - raft.server.log.segment.size.max = 1048576 (custom)
2019-09-25 05:52:32,822 [pool-27-thread-1] INFO  server.RaftServerConfigKeys (ConfUtils.java:logGet(43)) - raft.server.log.preallocated.size = 16384 (custom)
2019-09-25 05:52:32,822 [pool-27-thread-1] INFO  server.RaftServerConfigKeys (ConfUtils.java:logGet(43)) - raft.server.log.write.buffer.size = 33554432 (custom)
2019-09-25 05:52:32,822 [pool-27-thread-1] INFO  server.RaftServerConfigKeys (ConfUtils.java:logGet(43)) - raft.server.log.force.sync.num = 128 (default)
2019-09-25 05:52:32,822 [pool-27-thread-1] INFO  server.RaftServerConfigKeys (ConfUtils.java:logGet(43)) - raft.server.log.statemachine.data.sync = true (default)
2019-09-25 05:52:32,822 [pool-27-thread-1] INFO  server.RaftServerConfigKeys (ConfUtils.java:logGet(43)) - raft.server.log.statemachine.data.sync.timeout = 10s (default)
2019-09-25 05:52:32,822 [pool-27-thread-1] INFO  server.RaftServerConfigKeys (ConfUtils.java:logGet(43)) - raft.server.log.statemachine.data.sync.timeout.retry = -1 (default)
2019-09-25 05:52:32,823 [pool-27-thread-1] INFO  server.RaftServerConfigKeys (ConfUtils.java:logGet(43)) - raft.server.log.statemachine.data.caching.enabled = true (custom)
2019-09-25 05:52:32,823 [pool-27-thread-1] INFO  segmented.SegmentedRaftLogWorker (SegmentedRaftLogWorker.java:lambda$new$0(132)) - 0bbc1277-be6f-4bf3-88cf-1c3b12e139ad@group-3B0A252CE86D-SegmentedRaftLogWorker: flushIndex: setUnconditionally 0 -> -1
2019-09-25 05:52:32,823 [pool-27-thread-1] INFO  server.RaftServerConfigKeys (ConfUtils.java:logGet(43)) - raft.server.snapshot.auto.trigger.enabled = true (custom)
2019-09-25 05:52:32,823 [pool-27-thread-1] INFO  server.RaftServerConfigKeys (ConfUtils.java:logGet(43)) - raft.server.snapshot.auto.trigger.threshold = 10000 (custom)
2019-09-25 05:52:32,824 [pool-27-thread-1] INFO  server.RaftServerConfigKeys (ConfUtils.java:logGet(43)) - raft.server.snapshot.retention.num.files = 5 (custom)
2019-09-25 05:52:32,824 [pool-27-thread-1] INFO  server.RaftServerConfigKeys (ConfUtils.java:logGet(43)) - raft.server.retrycache.expirytime = 600000ms (custom)
2019-09-25 05:52:32,826 [pool-27-thread-1] INFO  impl.RaftServerImpl (RaftServerImpl.java:start(185)) - 0bbc1277-be6f-4bf3-88cf-1c3b12e139ad@group-3B0A252CE86D: start as a follower, conf=-1: [0bbc1277-be6f-4bf3-88cf-1c3b12e139ad:192.168.30.10:46701], old=null
2019-09-25 05:52:32,826 [pool-27-thread-1] INFO  impl.RaftServerImpl (RaftServerImpl.java:setRole(174)) - 0bbc1277-be6f-4bf3-88cf-1c3b12e139ad@group-3B0A252CE86D: changes role from      null to FOLLOWER at term 0 for startAsFollower
2019-09-25 05:52:32,826 [pool-27-thread-1] INFO  impl.RoleInfo (RoleInfo.java:updateAndGet(143)) - 0bbc1277-be6f-4bf3-88cf-1c3b12e139ad: start FollowerState
2019-09-25 05:52:32,827 [pool-27-thread-1] INFO  util.JmxRegister (JmxRegister.java:tryRegister(44)) - Successfully registered JMX Bean with object name Ratis:service=RaftServer,group=group-3B0A252CE86D,id=0bbc1277-be6f-4bf3-88cf-1c3b12e139ad
2019-09-25 05:52:32,829 [RatisPipelineUtilsThread] INFO  pipeline.PipelineStateManager (PipelineStateManager.java:addPipeline(56)) - Created pipeline Pipeline[ Id: 622fca1f-0963-41c8-a4d7-3b0a252ce86d, Nodes: 0bbc1277-be6f-4bf3-88cf-1c3b12e139ad{ip: 192.168.30.10, host: pr-hdds-1569-s62bp-3040748787, networkLocation: /default-rack, certSerialId: null}, Type:RATIS, Factor:ONE, State:OPEN]
2019-09-25 05:52:32,832 [5be219b2-97fd-4a8c-91ea-b15aa89454d4@group-6524760BB73A-SegmentedRaftLogWorker] INFO  segmented.SegmentedRaftLogWorker (SegmentedRaftLogWorker.java:execute(569)) - 5be219b2-97fd-4a8c-91ea-b15aa89454d4@group-6524760BB73A-SegmentedRaftLogWorker: created new log segment /workdir/hadoop-ozone/integration-test/target/test-dir/MiniOzoneClusterImpl-5fae48a0-8517-4c16-9d39-4001697b8772/datanode-1/data/ratis/7dfeeacd-6682-42a9-ba82-6524760bb73a/current/log_inprogress_0
2019-09-25 05:52:32,834 [grpc-default-executor-0] INFO  impl.RaftServerProxy (RaftServerProxy.java:addNew(89)) - 754f3588-47e6-41ad-b34e-eb7041cce070: addNew group-8904BE2F6653:[754f3588-47e6-41ad-b34e-eb7041cce070:192.168.30.10:41089] returns group-8904BE2F6653:java.util.concurrent.CompletableFuture@139dab8c[Not completed]
2019-09-25 05:52:32,836 [pool-47-thread-1] INFO  impl.RaftServerImpl (RaftServerImpl.java:<init>(95)) - 754f3588-47e6-41ad-b34e-eb7041cce070: new RaftServerImpl for group-8904BE2F6653:[754f3588-47e6-41ad-b34e-eb7041cce070:192.168.30.10:41089] with ContainerStateMachine:uninitialized
2019-09-25 05:52:32,836 [pool-47-thread-1] INFO  server.RaftServerConfigKeys (ConfUtils.java:logGet(43)) - raft.server.rpc.timeout.min = 5s (custom)
2019-09-25 05:52:32,836 [pool-47-thread-1] INFO  server.RaftServerConfigKeys (ConfUtils.java:logGet(43)) - raft.server.rpc.timeout.max = 5200ms (custom)
2019-09-25 05:52:32,836 [pool-47-thread-1] INFO  server.RaftServerConfigKeys (ConfUtils.java:logGet(43)) - raft.server.rpcslowness.timeout = 120s (custom)
2019-09-25 05:52:32,836 [pool-47-thread-1] INFO  server.RaftServerConfigKeys (ConfUtils.java:logGet(43)) - raft.server.sleep.deviation.threshold = 300 (default)
2019-09-25 05:52:32,836 [pool-47-thread-1] INFO  server.RaftServerConfigKeys (ConfUtils.java:logGet(43)) - raft.server.log.appender.install.snapshot.enabled = false (custom)
2019-09-25 05:52:32,836 [pool-47-thread-1] INFO  impl.RaftServerImpl (ServerState.java:<init>(103)) - 754f3588-47e6-41ad-b34e-eb7041cce070@group-8904BE2F6653: ConfigurationManager, init=-1: [754f3588-47e6-41ad-b34e-eb7041cce070:192.168.30.10:41089], old=null, confs=<EMPTY_MAP>
2019-09-25 05:52:32,837 [pool-47-thread-1] INFO  server.RaftServerConfigKeys (ConfUtils.java:logGet(43)) - raft.server.storage.dir = [/workdir/hadoop-ozone/integration-test/target/test-dir/MiniOzoneClusterImpl-5fae48a0-8517-4c16-9d39-4001697b8772/datanode-2/data/ratis] (custom)
2019-09-25 05:52:32,837 [pool-47-thread-1] INFO  storage.RaftStorageDirectory (RaftStorageDirectory.java:analyzeStorage(246)) - The storage directory /workdir/hadoop-ozone/integration-test/target/test-dir/MiniOzoneClusterImpl-5fae48a0-8517-4c16-9d39-4001697b8772/datanode-2/data/ratis/1b4883f9-94a0-4b1a-a09e-8904be2f6653 does not exist. Creating ...
2019-09-25 05:52:32,850 [pool-47-thread-1] INFO  storage.RaftStorageDirectory (RaftStorageDirectory.java:tryLock(328)) - Lock on /workdir/hadoop-ozone/integration-test/target/test-dir/MiniOzoneClusterImpl-5fae48a0-8517-4c16-9d39-4001697b8772/datanode-2/data/ratis/1b4883f9-94a0-4b1a-a09e-8904be2f6653/in_use.lock acquired by nodename 25594@pr-hdds-1569-s62bp-3040748787
2019-09-25 05:52:32,863 [pool-47-thread-1] INFO  storage.RaftStorage (RaftStorage.java:format(72)) - Storage directory /workdir/hadoop-ozone/integration-test/target/test-dir/MiniOzoneClusterImpl-5fae48a0-8517-4c16-9d39-4001697b8772/datanode-2/data/ratis/1b4883f9-94a0-4b1a-a09e-8904be2f6653 has been successfully formatted.
2019-09-25 05:52:32,864 [pool-47-thread-1] INFO  ratis.ContainerStateMachine (ContainerStateMachine.java:loadSnapshot(230)) - group-8904BE2F6653: The snapshot info is null. Setting the last applied indexto:(t:0, i:~)
2019-09-25 05:52:32,864 [pool-47-thread-1] INFO  server.RaftServerConfigKeys (ConfUtils.java:logGet(43)) - raft.server.notification.no-leader.timeout = 120s (custom)
2019-09-25 05:52:32,864 [pool-47-thread-1] INFO  server.RaftServerConfigKeys (ConfUtils.java:logGet(43)) - raft.server.log.use.memory = false (default)
2019-09-25 05:52:32,864 [pool-47-thread-1] INFO  server.RaftServerConfigKeys (ConfUtils.java:logGet(43)) - raft.server.log.purge.gap = 1000000 (custom)
2019-09-25 05:52:32,864 [pool-47-thread-1] INFO  server.RaftServerConfigKeys (ConfUtils.java:logGet(43)) - raft.server.log.appender.buffer.byte-limit = 33554432 (custom)
2019-09-25 05:52:32,864 [pool-47-thread-1] INFO  server.RaftServerConfigKeys (ConfUtils.java:logGet(43)) - raft.server.log.segment.size.max = 1048576 (custom)
2019-09-25 05:52:32,865 [pool-47-thread-1] INFO  server.RaftServerConfigKeys (ConfUtils.java:logGet(43)) - raft.server.log.segment.cache.num.max = 2 (custom)
2019-09-25 05:52:32,865 [pool-47-thread-1] INFO  segmented.SegmentedRaftLogWorker (SegmentedRaftLogWorker.java:<init>(172)) - new 754f3588-47e6-41ad-b34e-eb7041cce070@group-8904BE2F6653-SegmentedRaftLogWorker for RaftStorage:Storage Directory /workdir/hadoop-ozone/integration-test/target/test-dir/MiniOzoneClusterImpl-5fae48a0-8517-4c16-9d39-4001697b8772/datanode-2/data/ratis/1b4883f9-94a0-4b1a-a09e-8904be2f6653
2019-09-25 05:52:32,865 [pool-47-thread-1] INFO  server.RaftServerConfigKeys (ConfUtils.java:logGet(43)) - raft.server.log.queue.byte-limit = 2147483647 (custom)
2019-09-25 05:52:32,865 [pool-47-thread-1] INFO  server.RaftServerConfigKeys (ConfUtils.java:logGet(43)) - raft.server.log.queue.element-limit = 1024 (custom)
2019-09-25 05:52:32,865 [pool-47-thread-1] INFO  server.RaftServerConfigKeys (ConfUtils.java:logGet(43)) - raft.server.log.segment.size.max = 1048576 (custom)
2019-09-25 05:52:32,865 [pool-47-thread-1] INFO  server.RaftServerConfigKeys (ConfUtils.java:logGet(43)) - raft.server.log.preallocated.size = 16384 (custom)
2019-09-25 05:52:32,866 [pool-47-thread-1] INFO  server.RaftServerConfigKeys (ConfUtils.java:logGet(43)) - raft.server.log.write.buffer.size = 33554432 (custom)
2019-09-25 05:52:32,866 [pool-47-thread-1] INFO  server.RaftServerConfigKeys (ConfUtils.java:logGet(43)) - raft.server.log.force.sync.num = 128 (default)
2019-09-25 05:52:32,866 [pool-47-thread-1] INFO  server.RaftServerConfigKeys (ConfUtils.java:logGet(43)) - raft.server.log.statemachine.data.sync = true (default)
2019-09-25 05:52:32,866 [pool-47-thread-1] INFO  server.RaftServerConfigKeys (ConfUtils.java:logGet(43)) - raft.server.log.statemachine.data.sync.timeout = 10s (default)
2019-09-25 05:52:32,866 [pool-47-thread-1] INFO  server.RaftServerConfigKeys (ConfUtils.java:logGet(43)) - raft.server.log.statemachine.data.sync.timeout.retry = -1 (default)
2019-09-25 05:52:32,866 [pool-47-thread-1] INFO  server.RaftServerConfigKeys (ConfUtils.java:logGet(43)) - raft.server.log.statemachine.data.caching.enabled = true (custom)
2019-09-25 05:52:32,867 [pool-47-thread-1] INFO  segmented.SegmentedRaftLogWorker (SegmentedRaftLogWorker.java:lambda$new$0(132)) - 754f3588-47e6-41ad-b34e-eb7041cce070@group-8904BE2F6653-SegmentedRaftLogWorker: flushIndex: setUnconditionally 0 -> -1
2019-09-25 05:52:32,867 [pool-47-thread-1] INFO  server.RaftServerConfigKeys (ConfUtils.java:logGet(43)) - raft.server.snapshot.auto.trigger.enabled = true (custom)
2019-09-25 05:52:32,867 [pool-47-thread-1] INFO  server.RaftServerConfigKeys (ConfUtils.java:logGet(43)) - raft.server.snapshot.auto.trigger.threshold = 10000 (custom)
2019-09-25 05:52:32,867 [pool-47-thread-1] INFO  server.RaftServerConfigKeys (ConfUtils.java:logGet(43)) - raft.server.snapshot.retention.num.files = 5 (custom)
2019-09-25 05:52:32,867 [pool-47-thread-1] INFO  server.RaftServerConfigKeys (ConfUtils.java:logGet(43)) - raft.server.retrycache.expirytime = 600000ms (custom)
2019-09-25 05:52:32,869 [pool-47-thread-1] INFO  impl.RaftServerImpl (RaftServerImpl.java:start(185)) - 754f3588-47e6-41ad-b34e-eb7041cce070@group-8904BE2F6653: start as a follower, conf=-1: [754f3588-47e6-41ad-b34e-eb7041cce070:192.168.30.10:41089], old=null
2019-09-25 05:52:32,870 [pool-47-thread-1] INFO  impl.RaftServerImpl (RaftServerImpl.java:setRole(174)) - 754f3588-47e6-41ad-b34e-eb7041cce070@group-8904BE2F6653: changes role from      null to FOLLOWER at term 0 for startAsFollower
2019-09-25 05:52:32,870 [pool-47-thread-1] INFO  impl.RoleInfo (RoleInfo.java:updateAndGet(143)) - 754f3588-47e6-41ad-b34e-eb7041cce070: start FollowerState
2019-09-25 05:52:32,870 [pool-47-thread-1] INFO  util.JmxRegister (JmxRegister.java:tryRegister(44)) - Successfully registered JMX Bean with object name Ratis:service=RaftServer,group=group-8904BE2F6653,id=754f3588-47e6-41ad-b34e-eb7041cce070
2019-09-25 05:52:32,873 [RatisPipelineUtilsThread] INFO  pipeline.PipelineStateManager (PipelineStateManager.java:addPipeline(56)) - Created pipeline Pipeline[ Id: 1b4883f9-94a0-4b1a-a09e-8904be2f6653, Nodes: 754f3588-47e6-41ad-b34e-eb7041cce070{ip: 192.168.30.10, host: pr-hdds-1569-s62bp-3040748787, networkLocation: /default-rack, certSerialId: null}, Type:RATIS, Factor:ONE, State:OPEN]
2019-09-25 05:52:32,877 [grpc-default-executor-0] INFO  impl.RaftServerProxy (RaftServerProxy.java:addNew(89)) - 5be219b2-97fd-4a8c-91ea-b15aa89454d4: addNew group-68BF0268EAE0:[5be219b2-97fd-4a8c-91ea-b15aa89454d4:192.168.30.10:40625] returns group-68BF0268EAE0:java.util.concurrent.CompletableFuture@5152b7f1[Not completed]
2019-09-25 05:52:32,879 [pool-37-thread-1] INFO  impl.RaftServerImpl (RaftServerImpl.java:<init>(95)) - 5be219b2-97fd-4a8c-91ea-b15aa89454d4: new RaftServerImpl for group-68BF0268EAE0:[5be219b2-97fd-4a8c-91ea-b15aa89454d4:192.168.30.10:40625] with ContainerStateMachine:uninitialized
2019-09-25 05:52:32,879 [pool-37-thread-1] INFO  server.RaftServerConfigKeys (ConfUtils.java:logGet(43)) - raft.server.rpc.timeout.min = 5s (custom)
2019-09-25 05:52:32,879 [pool-37-thread-1] INFO  server.RaftServerConfigKeys (ConfUtils.java:logGet(43)) - raft.server.rpc.timeout.max = 5200ms (custom)
2019-09-25 05:52:32,879 [pool-37-thread-1] INFO  server.RaftServerConfigKeys (ConfUtils.java:logGet(43)) - raft.server.rpcslowness.timeout = 120s (custom)
2019-09-25 05:52:32,879 [pool-37-thread-1] INFO  server.RaftServerConfigKeys (ConfUtils.java:logGet(43)) - raft.server.sleep.deviation.threshold = 300 (default)
2019-09-25 05:52:32,879 [pool-37-thread-1] INFO  server.RaftServerConfigKeys (ConfUtils.java:logGet(43)) - raft.server.log.appender.install.snapshot.enabled = false (custom)
2019-09-25 05:52:32,879 [pool-37-thread-1] INFO  impl.RaftServerImpl (ServerState.java:<init>(103)) - 5be219b2-97fd-4a8c-91ea-b15aa89454d4@group-68BF0268EAE0: ConfigurationManager, init=-1: [5be219b2-97fd-4a8c-91ea-b15aa89454d4:192.168.30.10:40625], old=null, confs=<EMPTY_MAP>
2019-09-25 05:52:32,880 [pool-37-thread-1] INFO  server.RaftServerConfigKeys (ConfUtils.java:logGet(43)) - raft.server.storage.dir = [/workdir/hadoop-ozone/integration-test/target/test-dir/MiniOzoneClusterImpl-5fae48a0-8517-4c16-9d39-4001697b8772/datanode-1/data/ratis] (custom)
2019-09-25 05:52:32,880 [pool-37-thread-1] INFO  storage.RaftStorageDirectory (RaftStorageDirectory.java:analyzeStorage(246)) - The storage directory /workdir/hadoop-ozone/integration-test/target/test-dir/MiniOzoneClusterImpl-5fae48a0-8517-4c16-9d39-4001697b8772/datanode-1/data/ratis/7624a23e-5829-4b11-b6d3-68bf0268eae0 does not exist. Creating ...
2019-09-25 05:52:32,893 [pool-37-thread-1] INFO  storage.RaftStorageDirectory (RaftStorageDirectory.java:tryLock(328)) - Lock on /workdir/hadoop-ozone/integration-test/target/test-dir/MiniOzoneClusterImpl-5fae48a0-8517-4c16-9d39-4001697b8772/datanode-1/data/ratis/7624a23e-5829-4b11-b6d3-68bf0268eae0/in_use.lock acquired by nodename 25594@pr-hdds-1569-s62bp-3040748787
2019-09-25 05:52:32,919 [pool-37-thread-1] INFO  storage.RaftStorage (RaftStorage.java:format(72)) - Storage directory /workdir/hadoop-ozone/integration-test/target/test-dir/MiniOzoneClusterImpl-5fae48a0-8517-4c16-9d39-4001697b8772/datanode-1/data/ratis/7624a23e-5829-4b11-b6d3-68bf0268eae0 has been successfully formatted.
2019-09-25 05:52:32,919 [pool-37-thread-1] INFO  ratis.ContainerStateMachine (ContainerStateMachine.java:loadSnapshot(230)) - group-68BF0268EAE0: The snapshot info is null. Setting the last applied indexto:(t:0, i:~)
2019-09-25 05:52:32,920 [pool-37-thread-1] INFO  server.RaftServerConfigKeys (ConfUtils.java:logGet(43)) - raft.server.notification.no-leader.timeout = 120s (custom)
2019-09-25 05:52:32,920 [pool-37-thread-1] INFO  server.RaftServerConfigKeys (ConfUtils.java:logGet(43)) - raft.server.log.use.memory = false (default)
2019-09-25 05:52:32,920 [pool-37-thread-1] INFO  server.RaftServerConfigKeys (ConfUtils.java:logGet(43)) - raft.server.log.purge.gap = 1000000 (custom)
2019-09-25 05:52:32,920 [pool-37-thread-1] INFO  server.RaftServerConfigKeys (ConfUtils.java:logGet(43)) - raft.server.log.appender.buffer.byte-limit = 33554432 (custom)
2019-09-25 05:52:32,920 [pool-37-thread-1] INFO  server.RaftServerConfigKeys (ConfUtils.java:logGet(43)) - raft.server.log.segment.size.max = 1048576 (custom)
2019-09-25 05:52:32,920 [pool-37-thread-1] INFO  server.RaftServerConfigKeys (ConfUtils.java:logGet(43)) - raft.server.log.segment.cache.num.max = 2 (custom)
2019-09-25 05:52:32,920 [pool-37-thread-1] INFO  segmented.SegmentedRaftLogWorker (SegmentedRaftLogWorker.java:<init>(172)) - new 5be219b2-97fd-4a8c-91ea-b15aa89454d4@group-68BF0268EAE0-SegmentedRaftLogWorker for RaftStorage:Storage Directory /workdir/hadoop-ozone/integration-test/target/test-dir/MiniOzoneClusterImpl-5fae48a0-8517-4c16-9d39-4001697b8772/datanode-1/data/ratis/7624a23e-5829-4b11-b6d3-68bf0268eae0
2019-09-25 05:52:32,920 [pool-37-thread-1] INFO  server.RaftServerConfigKeys (ConfUtils.java:logGet(43)) - raft.server.log.queue.byte-limit = 2147483647 (custom)
2019-09-25 05:52:32,921 [pool-37-thread-1] INFO  server.RaftServerConfigKeys (ConfUtils.java:logGet(43)) - raft.server.log.queue.element-limit = 1024 (custom)
2019-09-25 05:52:32,921 [pool-37-thread-1] INFO  server.RaftServerConfigKeys (ConfUtils.java:logGet(43)) - raft.server.log.segment.size.max = 1048576 (custom)
2019-09-25 05:52:32,921 [pool-37-thread-1] INFO  server.RaftServerConfigKeys (ConfUtils.java:logGet(43)) - raft.server.log.preallocated.size = 16384 (custom)
2019-09-25 05:52:32,921 [pool-37-thread-1] INFO  server.RaftServerConfigKeys (ConfUtils.java:logGet(43)) - raft.server.log.write.buffer.size = 33554432 (custom)
2019-09-25 05:52:32,921 [pool-37-thread-1] INFO  server.RaftServerConfigKeys (ConfUtils.java:logGet(43)) - raft.server.log.force.sync.num = 128 (default)
2019-09-25 05:52:32,921 [pool-37-thread-1] INFO  server.RaftServerConfigKeys (ConfUtils.java:logGet(43)) - raft.server.log.statemachine.data.sync = true (default)
2019-09-25 05:52:32,921 [pool-37-thread-1] INFO  server.RaftServerConfigKeys (ConfUtils.java:logGet(43)) - raft.server.log.statemachine.data.sync.timeout = 10s (default)
2019-09-25 05:52:32,921 [pool-37-thread-1] INFO  server.RaftServerConfigKeys (ConfUtils.java:logGet(43)) - raft.server.log.statemachine.data.sync.timeout.retry = -1 (default)
2019-09-25 05:52:32,922 [pool-37-thread-1] INFO  server.RaftServerConfigKeys (ConfUtils.java:logGet(43)) - raft.server.log.statemachine.data.caching.enabled = true (custom)
2019-09-25 05:52:32,922 [pool-37-thread-1] INFO  segmented.SegmentedRaftLogWorker (SegmentedRaftLogWorker.java:lambda$new$0(132)) - 5be219b2-97fd-4a8c-91ea-b15aa89454d4@group-68BF0268EAE0-SegmentedRaftLogWorker: flushIndex: setUnconditionally 0 -> -1
2019-09-25 05:52:32,922 [pool-37-thread-1] INFO  server.RaftServerConfigKeys (ConfUtils.java:logGet(43)) - raft.server.snapshot.auto.trigger.enabled = true (custom)
2019-09-25 05:52:32,922 [pool-37-thread-1] INFO  server.RaftServerConfigKeys (ConfUtils.java:logGet(43)) - raft.server.snapshot.auto.trigger.threshold = 10000 (custom)
2019-09-25 05:52:32,922 [pool-37-thread-1] INFO  server.RaftServerConfigKeys (ConfUtils.java:logGet(43)) - raft.server.snapshot.retention.num.files = 5 (custom)
2019-09-25 05:52:32,923 [pool-37-thread-1] INFO  server.RaftServerConfigKeys (ConfUtils.java:logGet(43)) - raft.server.retrycache.expirytime = 600000ms (custom)
2019-09-25 05:52:32,924 [pool-37-thread-1] INFO  impl.RaftServerImpl (RaftServerImpl.java:start(185)) - 5be219b2-97fd-4a8c-91ea-b15aa89454d4@group-68BF0268EAE0: start as a follower, conf=-1: [5be219b2-97fd-4a8c-91ea-b15aa89454d4:192.168.30.10:40625], old=null
2019-09-25 05:52:32,925 [pool-37-thread-1] INFO  impl.RaftServerImpl (RaftServerImpl.java:setRole(174)) - 5be219b2-97fd-4a8c-91ea-b15aa89454d4@group-68BF0268EAE0: changes role from      null to FOLLOWER at term 0 for startAsFollower
2019-09-25 05:52:32,925 [pool-37-thread-1] INFO  impl.RoleInfo (RoleInfo.java:updateAndGet(143)) - 5be219b2-97fd-4a8c-91ea-b15aa89454d4: start FollowerState
2019-09-25 05:52:32,925 [pool-37-thread-1] INFO  util.JmxRegister (JmxRegister.java:tryRegister(44)) - Successfully registered JMX Bean with object name Ratis:service=RaftServer,group=group-68BF0268EAE0,id=5be219b2-97fd-4a8c-91ea-b15aa89454d4
2019-09-25 05:52:32,928 [RatisPipelineUtilsThread] INFO  pipeline.PipelineStateManager (PipelineStateManager.java:addPipeline(56)) - Created pipeline Pipeline[ Id: 7624a23e-5829-4b11-b6d3-68bf0268eae0, Nodes: 5be219b2-97fd-4a8c-91ea-b15aa89454d4{ip: 192.168.30.10, host: pr-hdds-1569-s62bp-3040748787, networkLocation: /default-rack, certSerialId: null}, Type:RATIS, Factor:ONE, State:OPEN]
2019-09-25 05:52:32,933 [grpc-default-executor-0] INFO  impl.RaftServerProxy (RaftServerProxy.java:addNew(89)) - 5be219b2-97fd-4a8c-91ea-b15aa89454d4: addNew group-DED6F7C08979:[5be219b2-97fd-4a8c-91ea-b15aa89454d4:192.168.30.10:40625] returns group-DED6F7C08979:java.util.concurrent.CompletableFuture@52042356[Not completed]
2019-09-25 05:52:32,934 [pool-37-thread-1] INFO  impl.RaftServerImpl (RaftServerImpl.java:<init>(95)) - 5be219b2-97fd-4a8c-91ea-b15aa89454d4: new RaftServerImpl for group-DED6F7C08979:[5be219b2-97fd-4a8c-91ea-b15aa89454d4:192.168.30.10:40625] with ContainerStateMachine:uninitialized
2019-09-25 05:52:32,934 [pool-37-thread-1] INFO  server.RaftServerConfigKeys (ConfUtils.java:logGet(43)) - raft.server.rpc.timeout.min = 5s (custom)
2019-09-25 05:52:32,934 [pool-37-thread-1] INFO  server.RaftServerConfigKeys (ConfUtils.java:logGet(43)) - raft.server.rpc.timeout.max = 5200ms (custom)
2019-09-25 05:52:32,934 [pool-37-thread-1] INFO  server.RaftServerConfigKeys (ConfUtils.java:logGet(43)) - raft.server.rpcslowness.timeout = 120s (custom)
2019-09-25 05:52:32,934 [pool-37-thread-1] INFO  server.RaftServerConfigKeys (ConfUtils.java:logGet(43)) - raft.server.sleep.deviation.threshold = 300 (default)
2019-09-25 05:52:32,934 [pool-37-thread-1] INFO  server.RaftServerConfigKeys (ConfUtils.java:logGet(43)) - raft.server.log.appender.install.snapshot.enabled = false (custom)
2019-09-25 05:52:32,934 [pool-37-thread-1] INFO  impl.RaftServerImpl (ServerState.java:<init>(103)) - 5be219b2-97fd-4a8c-91ea-b15aa89454d4@group-DED6F7C08979: ConfigurationManager, init=-1: [5be219b2-97fd-4a8c-91ea-b15aa89454d4:192.168.30.10:40625], old=null, confs=<EMPTY_MAP>
2019-09-25 05:52:32,935 [pool-37-thread-1] INFO  server.RaftServerConfigKeys (ConfUtils.java:logGet(43)) - raft.server.storage.dir = [/workdir/hadoop-ozone/integration-test/target/test-dir/MiniOzoneClusterImpl-5fae48a0-8517-4c16-9d39-4001697b8772/datanode-1/data/ratis] (custom)
2019-09-25 05:52:32,935 [pool-37-thread-1] INFO  storage.RaftStorageDirectory (RaftStorageDirectory.java:analyzeStorage(246)) - The storage directory /workdir/hadoop-ozone/integration-test/target/test-dir/MiniOzoneClusterImpl-5fae48a0-8517-4c16-9d39-4001697b8772/datanode-1/data/ratis/8d8d91db-e85a-426f-8dc4-ded6f7c08979 does not exist. Creating ...
2019-09-25 05:52:32,955 [pool-37-thread-1] INFO  storage.RaftStorageDirectory (RaftStorageDirectory.java:tryLock(328)) - Lock on /workdir/hadoop-ozone/integration-test/target/test-dir/MiniOzoneClusterImpl-5fae48a0-8517-4c16-9d39-4001697b8772/datanode-1/data/ratis/8d8d91db-e85a-426f-8dc4-ded6f7c08979/in_use.lock acquired by nodename 25594@pr-hdds-1569-s62bp-3040748787
2019-09-25 05:52:32,970 [pool-37-thread-1] INFO  storage.RaftStorage (RaftStorage.java:format(72)) - Storage directory /workdir/hadoop-ozone/integration-test/target/test-dir/MiniOzoneClusterImpl-5fae48a0-8517-4c16-9d39-4001697b8772/datanode-1/data/ratis/8d8d91db-e85a-426f-8dc4-ded6f7c08979 has been successfully formatted.
2019-09-25 05:52:32,970 [pool-37-thread-1] INFO  ratis.ContainerStateMachine (ContainerStateMachine.java:loadSnapshot(230)) - group-DED6F7C08979: The snapshot info is null. Setting the last applied indexto:(t:0, i:~)
2019-09-25 05:52:32,970 [pool-37-thread-1] INFO  server.RaftServerConfigKeys (ConfUtils.java:logGet(43)) - raft.server.notification.no-leader.timeout = 120s (custom)
2019-09-25 05:52:32,970 [pool-37-thread-1] INFO  server.RaftServerConfigKeys (ConfUtils.java:logGet(43)) - raft.server.log.use.memory = false (default)
2019-09-25 05:52:32,970 [pool-37-thread-1] INFO  server.RaftServerConfigKeys (ConfUtils.java:logGet(43)) - raft.server.log.purge.gap = 1000000 (custom)
2019-09-25 05:52:32,970 [pool-37-thread-1] INFO  server.RaftServerConfigKeys (ConfUtils.java:logGet(43)) - raft.server.log.appender.buffer.byte-limit = 33554432 (custom)
2019-09-25 05:52:32,970 [pool-37-thread-1] INFO  server.RaftServerConfigKeys (ConfUtils.java:logGet(43)) - raft.server.log.segment.size.max = 1048576 (custom)
2019-09-25 05:52:32,970 [pool-37-thread-1] INFO  server.RaftServerConfigKeys (ConfUtils.java:logGet(43)) - raft.server.log.segment.cache.num.max = 2 (custom)
2019-09-25 05:52:32,970 [pool-37-thread-1] INFO  segmented.SegmentedRaftLogWorker (SegmentedRaftLogWorker.java:<init>(172)) - new 5be219b2-97fd-4a8c-91ea-b15aa89454d4@group-DED6F7C08979-SegmentedRaftLogWorker for RaftStorage:Storage Directory /workdir/hadoop-ozone/integration-test/target/test-dir/MiniOzoneClusterImpl-5fae48a0-8517-4c16-9d39-4001697b8772/datanode-1/data/ratis/8d8d91db-e85a-426f-8dc4-ded6f7c08979
2019-09-25 05:52:32,970 [pool-37-thread-1] INFO  server.RaftServerConfigKeys (ConfUtils.java:logGet(43)) - raft.server.log.queue.byte-limit = 2147483647 (custom)
2019-09-25 05:52:32,971 [pool-37-thread-1] INFO  server.RaftServerConfigKeys (ConfUtils.java:logGet(43)) - raft.server.log.queue.element-limit = 1024 (custom)
2019-09-25 05:52:32,971 [pool-37-thread-1] INFO  server.RaftServerConfigKeys (ConfUtils.java:logGet(43)) - raft.server.log.segment.size.max = 1048576 (custom)
2019-09-25 05:52:32,971 [pool-37-thread-1] INFO  server.RaftServerConfigKeys (ConfUtils.java:logGet(43)) - raft.server.log.preallocated.size = 16384 (custom)
2019-09-25 05:52:32,971 [pool-37-thread-1] INFO  server.RaftServerConfigKeys (ConfUtils.java:logGet(43)) - raft.server.log.write.buffer.size = 33554432 (custom)
2019-09-25 05:52:32,971 [pool-37-thread-1] INFO  server.RaftServerConfigKeys (ConfUtils.java:logGet(43)) - raft.server.log.force.sync.num = 128 (default)
2019-09-25 05:52:32,971 [pool-37-thread-1] INFO  server.RaftServerConfigKeys (ConfUtils.java:logGet(43)) - raft.server.log.statemachine.data.sync = true (default)
2019-09-25 05:52:32,971 [pool-37-thread-1] INFO  server.RaftServerConfigKeys (ConfUtils.java:logGet(43)) - raft.server.log.statemachine.data.sync.timeout = 10s (default)
2019-09-25 05:52:32,971 [pool-37-thread-1] INFO  server.RaftServerConfigKeys (ConfUtils.java:logGet(43)) - raft.server.log.statemachine.data.sync.timeout.retry = -1 (default)
2019-09-25 05:52:32,971 [pool-37-thread-1] INFO  server.RaftServerConfigKeys (ConfUtils.java:logGet(43)) - raft.server.log.statemachine.data.caching.enabled = true (custom)
2019-09-25 05:52:32,971 [pool-37-thread-1] INFO  segmented.SegmentedRaftLogWorker (SegmentedRaftLogWorker.java:lambda$new$0(132)) - 5be219b2-97fd-4a8c-91ea-b15aa89454d4@group-DED6F7C08979-SegmentedRaftLogWorker: flushIndex: setUnconditionally 0 -> -1
2019-09-25 05:52:32,972 [pool-37-thread-1] INFO  server.RaftServerConfigKeys (ConfUtils.java:logGet(43)) - raft.server.snapshot.auto.trigger.enabled = true (custom)
2019-09-25 05:52:32,972 [pool-37-thread-1] INFO  server.RaftServerConfigKeys (ConfUtils.java:logGet(43)) - raft.server.snapshot.auto.trigger.threshold = 10000 (custom)
2019-09-25 05:52:32,972 [pool-37-thread-1] INFO  server.RaftServerConfigKeys (ConfUtils.java:logGet(43)) - raft.server.snapshot.retention.num.files = 5 (custom)
2019-09-25 05:52:32,972 [pool-37-thread-1] INFO  server.RaftServerConfigKeys (ConfUtils.java:logGet(43)) - raft.server.retrycache.expirytime = 600000ms (custom)
2019-09-25 05:52:32,973 [pool-37-thread-1] INFO  impl.RaftServerImpl (RaftServerImpl.java:start(185)) - 5be219b2-97fd-4a8c-91ea-b15aa89454d4@group-DED6F7C08979: start as a follower, conf=-1: [5be219b2-97fd-4a8c-91ea-b15aa89454d4:192.168.30.10:40625], old=null
2019-09-25 05:52:32,973 [pool-37-thread-1] INFO  impl.RaftServerImpl (RaftServerImpl.java:setRole(174)) - 5be219b2-97fd-4a8c-91ea-b15aa89454d4@group-DED6F7C08979: changes role from      null to FOLLOWER at term 0 for startAsFollower
2019-09-25 05:52:32,973 [pool-37-thread-1] INFO  impl.RoleInfo (RoleInfo.java:updateAndGet(143)) - 5be219b2-97fd-4a8c-91ea-b15aa89454d4: start FollowerState
2019-09-25 05:52:32,974 [pool-37-thread-1] INFO  util.JmxRegister (JmxRegister.java:tryRegister(44)) - Successfully registered JMX Bean with object name Ratis:service=RaftServer,group=group-DED6F7C08979,id=5be219b2-97fd-4a8c-91ea-b15aa89454d4
2019-09-25 05:52:32,976 [RatisPipelineUtilsThread] INFO  pipeline.PipelineStateManager (PipelineStateManager.java:addPipeline(56)) - Created pipeline Pipeline[ Id: 8d8d91db-e85a-426f-8dc4-ded6f7c08979, Nodes: 5be219b2-97fd-4a8c-91ea-b15aa89454d4{ip: 192.168.30.10, host: pr-hdds-1569-s62bp-3040748787, networkLocation: /default-rack, certSerialId: null}, Type:RATIS, Factor:ONE, State:OPEN]
2019-09-25 05:52:32,982 [grpc-default-executor-0] INFO  impl.RaftServerProxy (RaftServerProxy.java:addNew(89)) - 5be219b2-97fd-4a8c-91ea-b15aa89454d4: addNew group-33B7851AF354:[5be219b2-97fd-4a8c-91ea-b15aa89454d4:192.168.30.10:40625] returns group-33B7851AF354:java.util.concurrent.CompletableFuture@5111a4fe[Not completed]
2019-09-25 05:52:32,983 [pool-37-thread-1] INFO  impl.RaftServerImpl (RaftServerImpl.java:<init>(95)) - 5be219b2-97fd-4a8c-91ea-b15aa89454d4: new RaftServerImpl for group-33B7851AF354:[5be219b2-97fd-4a8c-91ea-b15aa89454d4:192.168.30.10:40625] with ContainerStateMachine:uninitialized
2019-09-25 05:52:32,983 [pool-37-thread-1] INFO  server.RaftServerConfigKeys (ConfUtils.java:logGet(43)) - raft.server.rpc.timeout.min = 5s (custom)
2019-09-25 05:52:32,983 [pool-37-thread-1] INFO  server.RaftServerConfigKeys (ConfUtils.java:logGet(43)) - raft.server.rpc.timeout.max = 5200ms (custom)
2019-09-25 05:52:32,983 [pool-37-thread-1] INFO  server.RaftServerConfigKeys (ConfUtils.java:logGet(43)) - raft.server.rpcslowness.timeout = 120s (custom)
2019-09-25 05:52:32,983 [pool-37-thread-1] INFO  server.RaftServerConfigKeys (ConfUtils.java:logGet(43)) - raft.server.sleep.deviation.threshold = 300 (default)
2019-09-25 05:52:32,983 [pool-37-thread-1] INFO  server.RaftServerConfigKeys (ConfUtils.java:logGet(43)) - raft.server.log.appender.install.snapshot.enabled = false (custom)
2019-09-25 05:52:32,983 [pool-37-thread-1] INFO  impl.RaftServerImpl (ServerState.java:<init>(103)) - 5be219b2-97fd-4a8c-91ea-b15aa89454d4@group-33B7851AF354: ConfigurationManager, init=-1: [5be219b2-97fd-4a8c-91ea-b15aa89454d4:192.168.30.10:40625], old=null, confs=<EMPTY_MAP>
2019-09-25 05:52:32,983 [pool-37-thread-1] INFO  server.RaftServerConfigKeys (ConfUtils.java:logGet(43)) - raft.server.storage.dir = [/workdir/hadoop-ozone/integration-test/target/test-dir/MiniOzoneClusterImpl-5fae48a0-8517-4c16-9d39-4001697b8772/datanode-1/data/ratis] (custom)
2019-09-25 05:52:32,983 [pool-37-thread-1] INFO  storage.RaftStorageDirectory (RaftStorageDirectory.java:analyzeStorage(246)) - The storage directory /workdir/hadoop-ozone/integration-test/target/test-dir/MiniOzoneClusterImpl-5fae48a0-8517-4c16-9d39-4001697b8772/datanode-1/data/ratis/0b0ad4e8-f75f-41a4-a1d1-33b7851af354 does not exist. Creating ...
2019-09-25 05:52:32,996 [pool-37-thread-1] INFO  storage.RaftStorageDirectory (RaftStorageDirectory.java:tryLock(328)) - Lock on /workdir/hadoop-ozone/integration-test/target/test-dir/MiniOzoneClusterImpl-5fae48a0-8517-4c16-9d39-4001697b8772/datanode-1/data/ratis/0b0ad4e8-f75f-41a4-a1d1-33b7851af354/in_use.lock acquired by nodename 25594@pr-hdds-1569-s62bp-3040748787
2019-09-25 05:52:33,009 [pool-37-thread-1] INFO  storage.RaftStorage (RaftStorage.java:format(72)) - Storage directory /workdir/hadoop-ozone/integration-test/target/test-dir/MiniOzoneClusterImpl-5fae48a0-8517-4c16-9d39-4001697b8772/datanode-1/data/ratis/0b0ad4e8-f75f-41a4-a1d1-33b7851af354 has been successfully formatted.
2019-09-25 05:52:33,009 [pool-37-thread-1] INFO  ratis.ContainerStateMachine (ContainerStateMachine.java:loadSnapshot(230)) - group-33B7851AF354: The snapshot info is null. Setting the last applied indexto:(t:0, i:~)
2019-09-25 05:52:33,009 [pool-37-thread-1] INFO  server.RaftServerConfigKeys (ConfUtils.java:logGet(43)) - raft.server.notification.no-leader.timeout = 120s (custom)
2019-09-25 05:52:33,009 [pool-37-thread-1] INFO  server.RaftServerConfigKeys (ConfUtils.java:logGet(43)) - raft.server.log.use.memory = false (default)
2019-09-25 05:52:33,009 [pool-37-thread-1] INFO  server.RaftServerConfigKeys (ConfUtils.java:logGet(43)) - raft.server.log.purge.gap = 1000000 (custom)
2019-09-25 05:52:33,009 [pool-37-thread-1] INFO  server.RaftServerConfigKeys (ConfUtils.java:logGet(43)) - raft.server.log.appender.buffer.byte-limit = 33554432 (custom)
2019-09-25 05:52:33,009 [pool-37-thread-1] INFO  server.RaftServerConfigKeys (ConfUtils.java:logGet(43)) - raft.server.log.segment.size.max = 1048576 (custom)
2019-09-25 05:52:33,009 [pool-37-thread-1] INFO  server.RaftServerConfigKeys (ConfUtils.java:logGet(43)) - raft.server.log.segment.cache.num.max = 2 (custom)
2019-09-25 05:52:33,009 [pool-37-thread-1] INFO  segmented.SegmentedRaftLogWorker (SegmentedRaftLogWorker.java:<init>(172)) - new 5be219b2-97fd-4a8c-91ea-b15aa89454d4@group-33B7851AF354-SegmentedRaftLogWorker for RaftStorage:Storage Directory /workdir/hadoop-ozone/integration-test/target/test-dir/MiniOzoneClusterImpl-5fae48a0-8517-4c16-9d39-4001697b8772/datanode-1/data/ratis/0b0ad4e8-f75f-41a4-a1d1-33b7851af354
2019-09-25 05:52:33,010 [pool-37-thread-1] INFO  server.RaftServerConfigKeys (ConfUtils.java:logGet(43)) - raft.server.log.queue.byte-limit = 2147483647 (custom)
2019-09-25 05:52:33,010 [pool-37-thread-1] INFO  server.RaftServerConfigKeys (ConfUtils.java:logGet(43)) - raft.server.log.queue.element-limit = 1024 (custom)
2019-09-25 05:52:33,010 [pool-37-thread-1] INFO  server.RaftServerConfigKeys (ConfUtils.java:logGet(43)) - raft.server.log.segment.size.max = 1048576 (custom)
2019-09-25 05:52:33,010 [pool-37-thread-1] INFO  server.RaftServerConfigKeys (ConfUtils.java:logGet(43)) - raft.server.log.preallocated.size = 16384 (custom)
2019-09-25 05:52:33,010 [pool-37-thread-1] INFO  server.RaftServerConfigKeys (ConfUtils.java:logGet(43)) - raft.server.log.write.buffer.size = 33554432 (custom)
2019-09-25 05:52:33,010 [pool-37-thread-1] INFO  server.RaftServerConfigKeys (ConfUtils.java:logGet(43)) - raft.server.log.force.sync.num = 128 (default)
2019-09-25 05:52:33,010 [pool-37-thread-1] INFO  server.RaftServerConfigKeys (ConfUtils.java:logGet(43)) - raft.server.log.statemachine.data.sync = true (default)
2019-09-25 05:52:33,010 [pool-37-thread-1] INFO  server.RaftServerConfigKeys (ConfUtils.java:logGet(43)) - raft.server.log.statemachine.data.sync.timeout = 10s (default)
2019-09-25 05:52:33,010 [pool-37-thread-1] INFO  server.RaftServerConfigKeys (ConfUtils.java:logGet(43)) - raft.server.log.statemachine.data.sync.timeout.retry = -1 (default)
2019-09-25 05:52:33,010 [pool-37-thread-1] INFO  server.RaftServerConfigKeys (ConfUtils.java:logGet(43)) - raft.server.log.statemachine.data.caching.enabled = true (custom)
2019-09-25 05:52:33,011 [pool-37-thread-1] INFO  segmented.SegmentedRaftLogWorker (SegmentedRaftLogWorker.java:lambda$new$0(132)) - 5be219b2-97fd-4a8c-91ea-b15aa89454d4@group-33B7851AF354-SegmentedRaftLogWorker: flushIndex: setUnconditionally 0 -> -1
2019-09-25 05:52:33,011 [pool-37-thread-1] INFO  server.RaftServerConfigKeys (ConfUtils.java:logGet(43)) - raft.server.snapshot.auto.trigger.enabled = true (custom)
2019-09-25 05:52:33,011 [pool-37-thread-1] INFO  server.RaftServerConfigKeys (ConfUtils.java:logGet(43)) - raft.server.snapshot.auto.trigger.threshold = 10000 (custom)
2019-09-25 05:52:33,011 [pool-37-thread-1] INFO  server.RaftServerConfigKeys (ConfUtils.java:logGet(43)) - raft.server.snapshot.retention.num.files = 5 (custom)
2019-09-25 05:52:33,011 [pool-37-thread-1] INFO  server.RaftServerConfigKeys (ConfUtils.java:logGet(43)) - raft.server.retrycache.expirytime = 600000ms (custom)
2019-09-25 05:52:33,013 [pool-37-thread-1] INFO  impl.RaftServerImpl (RaftServerImpl.java:start(185)) - 5be219b2-97fd-4a8c-91ea-b15aa89454d4@group-33B7851AF354: start as a follower, conf=-1: [5be219b2-97fd-4a8c-91ea-b15aa89454d4:192.168.30.10:40625], old=null
2019-09-25 05:52:33,013 [pool-37-thread-1] INFO  impl.RaftServerImpl (RaftServerImpl.java:setRole(174)) - 5be219b2-97fd-4a8c-91ea-b15aa89454d4@group-33B7851AF354: changes role from      null to FOLLOWER at term 0 for startAsFollower
2019-09-25 05:52:33,013 [pool-37-thread-1] INFO  impl.RoleInfo (RoleInfo.java:updateAndGet(143)) - 5be219b2-97fd-4a8c-91ea-b15aa89454d4: start FollowerState
2019-09-25 05:52:33,013 [pool-37-thread-1] INFO  util.JmxRegister (JmxRegister.java:tryRegister(44)) - Successfully registered JMX Bean with object name Ratis:service=RaftServer,group=group-33B7851AF354,id=5be219b2-97fd-4a8c-91ea-b15aa89454d4
2019-09-25 05:52:33,015 [RatisPipelineUtilsThread] INFO  pipeline.PipelineStateManager (PipelineStateManager.java:addPipeline(56)) - Created pipeline Pipeline[ Id: 0b0ad4e8-f75f-41a4-a1d1-33b7851af354, Nodes: 5be219b2-97fd-4a8c-91ea-b15aa89454d4{ip: 192.168.30.10, host: pr-hdds-1569-s62bp-3040748787, networkLocation: /default-rack, certSerialId: null}, Type:RATIS, Factor:ONE, State:OPEN]
2019-09-25 05:52:33,020 [grpc-default-executor-0] INFO  impl.RaftServerProxy (RaftServerProxy.java:addNew(89)) - 754f3588-47e6-41ad-b34e-eb7041cce070: addNew group-A2252AB6FA12:[754f3588-47e6-41ad-b34e-eb7041cce070:192.168.30.10:41089] returns group-A2252AB6FA12:java.util.concurrent.CompletableFuture@5756f404[Not completed]
2019-09-25 05:52:33,021 [pool-47-thread-1] INFO  impl.RaftServerImpl (RaftServerImpl.java:<init>(95)) - 754f3588-47e6-41ad-b34e-eb7041cce070: new RaftServerImpl for group-A2252AB6FA12:[754f3588-47e6-41ad-b34e-eb7041cce070:192.168.30.10:41089] with ContainerStateMachine:uninitialized
2019-09-25 05:52:33,021 [pool-47-thread-1] INFO  server.RaftServerConfigKeys (ConfUtils.java:logGet(43)) - raft.server.rpc.timeout.min = 5s (custom)
2019-09-25 05:52:33,022 [pool-47-thread-1] INFO  server.RaftServerConfigKeys (ConfUtils.java:logGet(43)) - raft.server.rpc.timeout.max = 5200ms (custom)
2019-09-25 05:52:33,022 [pool-47-thread-1] INFO  server.RaftServerConfigKeys (ConfUtils.java:logGet(43)) - raft.server.rpcslowness.timeout = 120s (custom)
2019-09-25 05:52:33,022 [pool-47-thread-1] INFO  server.RaftServerConfigKeys (ConfUtils.java:logGet(43)) - raft.server.sleep.deviation.threshold = 300 (default)
2019-09-25 05:52:33,022 [pool-47-thread-1] INFO  server.RaftServerConfigKeys (ConfUtils.java:logGet(43)) - raft.server.log.appender.install.snapshot.enabled = false (custom)
2019-09-25 05:52:33,022 [pool-47-thread-1] INFO  impl.RaftServerImpl (ServerState.java:<init>(103)) - 754f3588-47e6-41ad-b34e-eb7041cce070@group-A2252AB6FA12: ConfigurationManager, init=-1: [754f3588-47e6-41ad-b34e-eb7041cce070:192.168.30.10:41089], old=null, confs=<EMPTY_MAP>
2019-09-25 05:52:33,022 [pool-47-thread-1] INFO  server.RaftServerConfigKeys (ConfUtils.java:logGet(43)) - raft.server.storage.dir = [/workdir/hadoop-ozone/integration-test/target/test-dir/MiniOzoneClusterImpl-5fae48a0-8517-4c16-9d39-4001697b8772/datanode-2/data/ratis] (custom)
2019-09-25 05:52:33,023 [pool-47-thread-1] INFO  storage.RaftStorageDirectory (RaftStorageDirectory.java:analyzeStorage(246)) - The storage directory /workdir/hadoop-ozone/integration-test/target/test-dir/MiniOzoneClusterImpl-5fae48a0-8517-4c16-9d39-4001697b8772/datanode-2/data/ratis/997fb384-db0a-4d0a-b129-a2252ab6fa12 does not exist. Creating ...
2019-09-25 05:52:33,035 [pool-47-thread-1] INFO  storage.RaftStorageDirectory (RaftStorageDirectory.java:tryLock(328)) - Lock on /workdir/hadoop-ozone/integration-test/target/test-dir/MiniOzoneClusterImpl-5fae48a0-8517-4c16-9d39-4001697b8772/datanode-2/data/ratis/997fb384-db0a-4d0a-b129-a2252ab6fa12/in_use.lock acquired by nodename 25594@pr-hdds-1569-s62bp-3040748787
2019-09-25 05:52:33,048 [pool-47-thread-1] INFO  storage.RaftStorage (RaftStorage.java:format(72)) - Storage directory /workdir/hadoop-ozone/integration-test/target/test-dir/MiniOzoneClusterImpl-5fae48a0-8517-4c16-9d39-4001697b8772/datanode-2/data/ratis/997fb384-db0a-4d0a-b129-a2252ab6fa12 has been successfully formatted.
2019-09-25 05:52:33,048 [pool-47-thread-1] INFO  ratis.ContainerStateMachine (ContainerStateMachine.java:loadSnapshot(230)) - group-A2252AB6FA12: The snapshot info is null. Setting the last applied indexto:(t:0, i:~)
2019-09-25 05:52:33,048 [pool-47-thread-1] INFO  server.RaftServerConfigKeys (ConfUtils.java:logGet(43)) - raft.server.notification.no-leader.timeout = 120s (custom)
2019-09-25 05:52:33,048 [pool-47-thread-1] INFO  server.RaftServerConfigKeys (ConfUtils.java:logGet(43)) - raft.server.log.use.memory = false (default)
2019-09-25 05:52:33,049 [pool-47-thread-1] INFO  server.RaftServerConfigKeys (ConfUtils.java:logGet(43)) - raft.server.log.purge.gap = 1000000 (custom)
2019-09-25 05:52:33,049 [pool-47-thread-1] INFO  server.RaftServerConfigKeys (ConfUtils.java:logGet(43)) - raft.server.log.appender.buffer.byte-limit = 33554432 (custom)
2019-09-25 05:52:33,049 [pool-47-thread-1] INFO  server.RaftServerConfigKeys (ConfUtils.java:logGet(43)) - raft.server.log.segment.size.max = 1048576 (custom)
2019-09-25 05:52:33,049 [pool-47-thread-1] INFO  server.RaftServerConfigKeys (ConfUtils.java:logGet(43)) - raft.server.log.segment.cache.num.max = 2 (custom)
2019-09-25 05:52:33,049 [pool-47-thread-1] INFO  segmented.SegmentedRaftLogWorker (SegmentedRaftLogWorker.java:<init>(172)) - new 754f3588-47e6-41ad-b34e-eb7041cce070@group-A2252AB6FA12-SegmentedRaftLogWorker for RaftStorage:Storage Directory /workdir/hadoop-ozone/integration-test/target/test-dir/MiniOzoneClusterImpl-5fae48a0-8517-4c16-9d39-4001697b8772/datanode-2/data/ratis/997fb384-db0a-4d0a-b129-a2252ab6fa12
2019-09-25 05:52:33,049 [pool-47-thread-1] INFO  server.RaftServerConfigKeys (ConfUtils.java:logGet(43)) - raft.server.log.queue.byte-limit = 2147483647 (custom)
2019-09-25 05:52:33,049 [pool-47-thread-1] INFO  server.RaftServerConfigKeys (ConfUtils.java:logGet(43)) - raft.server.log.queue.element-limit = 1024 (custom)
2019-09-25 05:52:33,049 [pool-47-thread-1] INFO  server.RaftServerConfigKeys (ConfUtils.java:logGet(43)) - raft.server.log.segment.size.max = 1048576 (custom)
2019-09-25 05:52:33,049 [pool-47-thread-1] INFO  server.RaftServerConfigKeys (ConfUtils.java:logGet(43)) - raft.server.log.preallocated.size = 16384 (custom)
2019-09-25 05:52:33,049 [pool-47-thread-1] INFO  server.RaftServerConfigKeys (ConfUtils.java:logGet(43)) - raft.server.log.write.buffer.size = 33554432 (custom)
2019-09-25 05:52:33,050 [pool-47-thread-1] INFO  server.RaftServerConfigKeys (ConfUtils.java:logGet(43)) - raft.server.log.force.sync.num = 128 (default)
2019-09-25 05:52:33,050 [pool-47-thread-1] INFO  server.RaftServerConfigKeys (ConfUtils.java:logGet(43)) - raft.server.log.statemachine.data.sync = true (default)
2019-09-25 05:52:33,050 [pool-47-thread-1] INFO  server.RaftServerConfigKeys (ConfUtils.java:logGet(43)) - raft.server.log.statemachine.data.sync.timeout = 10s (default)
2019-09-25 05:52:33,050 [pool-47-thread-1] INFO  server.RaftServerConfigKeys (ConfUtils.java:logGet(43)) - raft.server.log.statemachine.data.sync.timeout.retry = -1 (default)
2019-09-25 05:52:33,050 [pool-47-thread-1] INFO  server.RaftServerConfigKeys (ConfUtils.java:logGet(43)) - raft.server.log.statemachine.data.caching.enabled = true (custom)
2019-09-25 05:52:33,050 [pool-47-thread-1] INFO  segmented.SegmentedRaftLogWorker (SegmentedRaftLogWorker.java:lambda$new$0(132)) - 754f3588-47e6-41ad-b34e-eb7041cce070@group-A2252AB6FA12-SegmentedRaftLogWorker: flushIndex: setUnconditionally 0 -> -1
2019-09-25 05:52:33,050 [pool-47-thread-1] INFO  server.RaftServerConfigKeys (ConfUtils.java:logGet(43)) - raft.server.snapshot.auto.trigger.enabled = true (custom)
2019-09-25 05:52:33,050 [pool-47-thread-1] INFO  server.RaftServerConfigKeys (ConfUtils.java:logGet(43)) - raft.server.snapshot.auto.trigger.threshold = 10000 (custom)
2019-09-25 05:52:33,051 [pool-47-thread-1] INFO  server.RaftServerConfigKeys (ConfUtils.java:logGet(43)) - raft.server.snapshot.retention.num.files = 5 (custom)
2019-09-25 05:52:33,051 [pool-47-thread-1] INFO  server.RaftServerConfigKeys (ConfUtils.java:logGet(43)) - raft.server.retrycache.expirytime = 600000ms (custom)
2019-09-25 05:52:33,053 [pool-47-thread-1] INFO  impl.RaftServerImpl (RaftServerImpl.java:start(185)) - 754f3588-47e6-41ad-b34e-eb7041cce070@group-A2252AB6FA12: start as a follower, conf=-1: [754f3588-47e6-41ad-b34e-eb7041cce070:192.168.30.10:41089], old=null
2019-09-25 05:52:33,053 [pool-47-thread-1] INFO  impl.RaftServerImpl (RaftServerImpl.java:setRole(174)) - 754f3588-47e6-41ad-b34e-eb7041cce070@group-A2252AB6FA12: changes role from      null to FOLLOWER at term 0 for startAsFollower
2019-09-25 05:52:33,053 [pool-47-thread-1] INFO  impl.RoleInfo (RoleInfo.java:updateAndGet(143)) - 754f3588-47e6-41ad-b34e-eb7041cce070: start FollowerState
2019-09-25 05:52:33,053 [pool-47-thread-1] INFO  util.JmxRegister (JmxRegister.java:tryRegister(44)) - Successfully registered JMX Bean with object name Ratis:service=RaftServer,group=group-A2252AB6FA12,id=754f3588-47e6-41ad-b34e-eb7041cce070
2019-09-25 05:52:33,056 [RatisPipelineUtilsThread] INFO  pipeline.PipelineStateManager (PipelineStateManager.java:addPipeline(56)) - Created pipeline Pipeline[ Id: 997fb384-db0a-4d0a-b129-a2252ab6fa12, Nodes: 754f3588-47e6-41ad-b34e-eb7041cce070{ip: 192.168.30.10, host: pr-hdds-1569-s62bp-3040748787, networkLocation: /default-rack, certSerialId: null}, Type:RATIS, Factor:ONE, State:OPEN]
2019-09-25 05:52:33,061 [grpc-default-executor-0] INFO  impl.RaftServerProxy (RaftServerProxy.java:addNew(89)) - 5be219b2-97fd-4a8c-91ea-b15aa89454d4: addNew group-C9565C519C1A:[5be219b2-97fd-4a8c-91ea-b15aa89454d4:192.168.30.10:40625] returns group-C9565C519C1A:java.util.concurrent.CompletableFuture@5d76dc3c[Not completed]
2019-09-25 05:52:33,062 [pool-37-thread-1] INFO  impl.RaftServerImpl (RaftServerImpl.java:<init>(95)) - 5be219b2-97fd-4a8c-91ea-b15aa89454d4: new RaftServerImpl for group-C9565C519C1A:[5be219b2-97fd-4a8c-91ea-b15aa89454d4:192.168.30.10:40625] with ContainerStateMachine:uninitialized
2019-09-25 05:52:33,063 [pool-37-thread-1] INFO  server.RaftServerConfigKeys (ConfUtils.java:logGet(43)) - raft.server.rpc.timeout.min = 5s (custom)
2019-09-25 05:52:33,063 [pool-37-thread-1] INFO  server.RaftServerConfigKeys (ConfUtils.java:logGet(43)) - raft.server.rpc.timeout.max = 5200ms (custom)
2019-09-25 05:52:33,063 [pool-37-thread-1] INFO  server.RaftServerConfigKeys (ConfUtils.java:logGet(43)) - raft.server.rpcslowness.timeout = 120s (custom)
2019-09-25 05:52:33,063 [pool-37-thread-1] INFO  server.RaftServerConfigKeys (ConfUtils.java:logGet(43)) - raft.server.sleep.deviation.threshold = 300 (default)
2019-09-25 05:52:33,063 [pool-37-thread-1] INFO  server.RaftServerConfigKeys (ConfUtils.java:logGet(43)) - raft.server.log.appender.install.snapshot.enabled = false (custom)
2019-09-25 05:52:33,063 [pool-37-thread-1] INFO  impl.RaftServerImpl (ServerState.java:<init>(103)) - 5be219b2-97fd-4a8c-91ea-b15aa89454d4@group-C9565C519C1A: ConfigurationManager, init=-1: [5be219b2-97fd-4a8c-91ea-b15aa89454d4:192.168.30.10:40625], old=null, confs=<EMPTY_MAP>
2019-09-25 05:52:33,064 [pool-37-thread-1] INFO  server.RaftServerConfigKeys (ConfUtils.java:logGet(43)) - raft.server.storage.dir = [/workdir/hadoop-ozone/integration-test/target/test-dir/MiniOzoneClusterImpl-5fae48a0-8517-4c16-9d39-4001697b8772/datanode-1/data/ratis] (custom)
2019-09-25 05:52:33,064 [pool-37-thread-1] INFO  storage.RaftStorageDirectory (RaftStorageDirectory.java:analyzeStorage(246)) - The storage directory /workdir/hadoop-ozone/integration-test/target/test-dir/MiniOzoneClusterImpl-5fae48a0-8517-4c16-9d39-4001697b8772/datanode-1/data/ratis/1bd78e4e-3c69-4367-b631-c9565c519c1a does not exist. Creating ...
2019-09-25 05:52:33,089 [pool-37-thread-1] INFO  storage.RaftStorageDirectory (RaftStorageDirectory.java:tryLock(328)) - Lock on /workdir/hadoop-ozone/integration-test/target/test-dir/MiniOzoneClusterImpl-5fae48a0-8517-4c16-9d39-4001697b8772/datanode-1/data/ratis/1bd78e4e-3c69-4367-b631-c9565c519c1a/in_use.lock acquired by nodename 25594@pr-hdds-1569-s62bp-3040748787
2019-09-25 05:52:33,102 [pool-37-thread-1] INFO  storage.RaftStorage (RaftStorage.java:format(72)) - Storage directory /workdir/hadoop-ozone/integration-test/target/test-dir/MiniOzoneClusterImpl-5fae48a0-8517-4c16-9d39-4001697b8772/datanode-1/data/ratis/1bd78e4e-3c69-4367-b631-c9565c519c1a has been successfully formatted.
2019-09-25 05:52:33,102 [pool-37-thread-1] INFO  ratis.ContainerStateMachine (ContainerStateMachine.java:loadSnapshot(230)) - group-C9565C519C1A: The snapshot info is null. Setting the last applied indexto:(t:0, i:~)
2019-09-25 05:52:33,102 [pool-37-thread-1] INFO  server.RaftServerConfigKeys (ConfUtils.java:logGet(43)) - raft.server.notification.no-leader.timeout = 120s (custom)
2019-09-25 05:52:33,103 [pool-37-thread-1] INFO  server.RaftServerConfigKeys (ConfUtils.java:logGet(43)) - raft.server.log.use.memory = false (default)
2019-09-25 05:52:33,103 [pool-37-thread-1] INFO  server.RaftServerConfigKeys (ConfUtils.java:logGet(43)) - raft.server.log.purge.gap = 1000000 (custom)
2019-09-25 05:52:33,103 [pool-37-thread-1] INFO  server.RaftServerConfigKeys (ConfUtils.java:logGet(43)) - raft.server.log.appender.buffer.byte-limit = 33554432 (custom)
2019-09-25 05:52:33,103 [pool-37-thread-1] INFO  server.RaftServerConfigKeys (ConfUtils.java:logGet(43)) - raft.server.log.segment.size.max = 1048576 (custom)
2019-09-25 05:52:33,103 [pool-37-thread-1] INFO  server.RaftServerConfigKeys (ConfUtils.java:logGet(43)) - raft.server.log.segment.cache.num.max = 2 (custom)
2019-09-25 05:52:33,103 [pool-37-thread-1] INFO  segmented.SegmentedRaftLogWorker (SegmentedRaftLogWorker.java:<init>(172)) - new 5be219b2-97fd-4a8c-91ea-b15aa89454d4@group-C9565C519C1A-SegmentedRaftLogWorker for RaftStorage:Storage Directory /workdir/hadoop-ozone/integration-test/target/test-dir/MiniOzoneClusterImpl-5fae48a0-8517-4c16-9d39-4001697b8772/datanode-1/data/ratis/1bd78e4e-3c69-4367-b631-c9565c519c1a
2019-09-25 05:52:33,103 [pool-37-thread-1] INFO  server.RaftServerConfigKeys (ConfUtils.java:logGet(43)) - raft.server.log.queue.byte-limit = 2147483647 (custom)
2019-09-25 05:52:33,103 [pool-37-thread-1] INFO  server.RaftServerConfigKeys (ConfUtils.java:logGet(43)) - raft.server.log.queue.element-limit = 1024 (custom)
2019-09-25 05:52:33,103 [pool-37-thread-1] INFO  server.RaftServerConfigKeys (ConfUtils.java:logGet(43)) - raft.server.log.segment.size.max = 1048576 (custom)
2019-09-25 05:52:33,103 [pool-37-thread-1] INFO  server.RaftServerConfigKeys (ConfUtils.java:logGet(43)) - raft.server.log.preallocated.size = 16384 (custom)
2019-09-25 05:52:33,104 [pool-37-thread-1] INFO  server.RaftServerConfigKeys (ConfUtils.java:logGet(43)) - raft.server.log.write.buffer.size = 33554432 (custom)
2019-09-25 05:52:33,104 [pool-37-thread-1] INFO  server.RaftServerConfigKeys (ConfUtils.java:logGet(43)) - raft.server.log.force.sync.num = 128 (default)
2019-09-25 05:52:33,104 [pool-37-thread-1] INFO  server.RaftServerConfigKeys (ConfUtils.java:logGet(43)) - raft.server.log.statemachine.data.sync = true (default)
2019-09-25 05:52:33,104 [pool-37-thread-1] INFO  server.RaftServerConfigKeys (ConfUtils.java:logGet(43)) - raft.server.log.statemachine.data.sync.timeout = 10s (default)
2019-09-25 05:52:33,104 [pool-37-thread-1] INFO  server.RaftServerConfigKeys (ConfUtils.java:logGet(43)) - raft.server.log.statemachine.data.sync.timeout.retry = -1 (default)
2019-09-25 05:52:33,104 [pool-37-thread-1] INFO  server.RaftServerConfigKeys (ConfUtils.java:logGet(43)) - raft.server.log.statemachine.data.caching.enabled = true (custom)
2019-09-25 05:52:33,104 [pool-37-thread-1] INFO  segmented.SegmentedRaftLogWorker (SegmentedRaftLogWorker.java:lambda$new$0(132)) - 5be219b2-97fd-4a8c-91ea-b15aa89454d4@group-C9565C519C1A-SegmentedRaftLogWorker: flushIndex: setUnconditionally 0 -> -1
2019-09-25 05:52:33,105 [pool-37-thread-1] INFO  server.RaftServerConfigKeys (ConfUtils.java:logGet(43)) - raft.server.snapshot.auto.trigger.enabled = true (custom)
2019-09-25 05:52:33,105 [pool-37-thread-1] INFO  server.RaftServerConfigKeys (ConfUtils.java:logGet(43)) - raft.server.snapshot.auto.trigger.threshold = 10000 (custom)
2019-09-25 05:52:33,105 [pool-37-thread-1] INFO  server.RaftServerConfigKeys (ConfUtils.java:logGet(43)) - raft.server.snapshot.retention.num.files = 5 (custom)
2019-09-25 05:52:33,105 [pool-37-thread-1] INFO  server.RaftServerConfigKeys (ConfUtils.java:logGet(43)) - raft.server.retrycache.expirytime = 600000ms (custom)
2019-09-25 05:52:33,106 [pool-37-thread-1] INFO  impl.RaftServerImpl (RaftServerImpl.java:start(185)) - 5be219b2-97fd-4a8c-91ea-b15aa89454d4@group-C9565C519C1A: start as a follower, conf=-1: [5be219b2-97fd-4a8c-91ea-b15aa89454d4:192.168.30.10:40625], old=null
2019-09-25 05:52:33,107 [pool-37-thread-1] INFO  impl.RaftServerImpl (RaftServerImpl.java:setRole(174)) - 5be219b2-97fd-4a8c-91ea-b15aa89454d4@group-C9565C519C1A: changes role from      null to FOLLOWER at term 0 for startAsFollower
2019-09-25 05:52:33,107 [pool-37-thread-1] INFO  impl.RoleInfo (RoleInfo.java:updateAndGet(143)) - 5be219b2-97fd-4a8c-91ea-b15aa89454d4: start FollowerState
2019-09-25 05:52:33,107 [pool-37-thread-1] INFO  util.JmxRegister (JmxRegister.java:tryRegister(44)) - Successfully registered JMX Bean with object name Ratis:service=RaftServer,group=group-C9565C519C1A,id=5be219b2-97fd-4a8c-91ea-b15aa89454d4
2019-09-25 05:52:33,109 [RatisPipelineUtilsThread] INFO  pipeline.PipelineStateManager (PipelineStateManager.java:addPipeline(56)) - Created pipeline Pipeline[ Id: 1bd78e4e-3c69-4367-b631-c9565c519c1a, Nodes: 5be219b2-97fd-4a8c-91ea-b15aa89454d4{ip: 192.168.30.10, host: pr-hdds-1569-s62bp-3040748787, networkLocation: /default-rack, certSerialId: null}, Type:RATIS, Factor:ONE, State:OPEN]
2019-09-25 05:52:33,115 [grpc-default-executor-0] INFO  impl.RaftServerProxy (RaftServerProxy.java:addNew(89)) - 5be219b2-97fd-4a8c-91ea-b15aa89454d4: addNew group-9A6E2FA63B89:[5be219b2-97fd-4a8c-91ea-b15aa89454d4:192.168.30.10:40625] returns group-9A6E2FA63B89:java.util.concurrent.CompletableFuture@424e7d02[Not completed]
2019-09-25 05:52:33,116 [pool-37-thread-1] INFO  impl.RaftServerImpl (RaftServerImpl.java:<init>(95)) - 5be219b2-97fd-4a8c-91ea-b15aa89454d4: new RaftServerImpl for group-9A6E2FA63B89:[5be219b2-97fd-4a8c-91ea-b15aa89454d4:192.168.30.10:40625] with ContainerStateMachine:uninitialized
2019-09-25 05:52:33,116 [pool-37-thread-1] INFO  server.RaftServerConfigKeys (ConfUtils.java:logGet(43)) - raft.server.rpc.timeout.min = 5s (custom)
2019-09-25 05:52:33,116 [pool-37-thread-1] INFO  server.RaftServerConfigKeys (ConfUtils.java:logGet(43)) - raft.server.rpc.timeout.max = 5200ms (custom)
2019-09-25 05:52:33,116 [pool-37-thread-1] INFO  server.RaftServerConfigKeys (ConfUtils.java:logGet(43)) - raft.server.rpcslowness.timeout = 120s (custom)
2019-09-25 05:52:33,116 [pool-37-thread-1] INFO  server.RaftServerConfigKeys (ConfUtils.java:logGet(43)) - raft.server.sleep.deviation.threshold = 300 (default)
2019-09-25 05:52:33,116 [pool-37-thread-1] INFO  server.RaftServerConfigKeys (ConfUtils.java:logGet(43)) - raft.server.log.appender.install.snapshot.enabled = false (custom)
2019-09-25 05:52:33,116 [pool-37-thread-1] INFO  impl.RaftServerImpl (ServerState.java:<init>(103)) - 5be219b2-97fd-4a8c-91ea-b15aa89454d4@group-9A6E2FA63B89: ConfigurationManager, init=-1: [5be219b2-97fd-4a8c-91ea-b15aa89454d4:192.168.30.10:40625], old=null, confs=<EMPTY_MAP>
2019-09-25 05:52:33,117 [pool-37-thread-1] INFO  server.RaftServerConfigKeys (ConfUtils.java:logGet(43)) - raft.server.storage.dir = [/workdir/hadoop-ozone/integration-test/target/test-dir/MiniOzoneClusterImpl-5fae48a0-8517-4c16-9d39-4001697b8772/datanode-1/data/ratis] (custom)
2019-09-25 05:52:33,117 [pool-37-thread-1] INFO  storage.RaftStorageDirectory (RaftStorageDirectory.java:analyzeStorage(246)) - The storage directory /workdir/hadoop-ozone/integration-test/target/test-dir/MiniOzoneClusterImpl-5fae48a0-8517-4c16-9d39-4001697b8772/datanode-1/data/ratis/de54bcdb-5393-4655-8166-9a6e2fa63b89 does not exist. Creating ...
2019-09-25 05:52:33,131 [pool-37-thread-1] INFO  storage.RaftStorageDirectory (RaftStorageDirectory.java:tryLock(328)) - Lock on /workdir/hadoop-ozone/integration-test/target/test-dir/MiniOzoneClusterImpl-5fae48a0-8517-4c16-9d39-4001697b8772/datanode-1/data/ratis/de54bcdb-5393-4655-8166-9a6e2fa63b89/in_use.lock acquired by nodename 25594@pr-hdds-1569-s62bp-3040748787
2019-09-25 05:52:33,151 [Thread-237] INFO  impl.FollowerState (FollowerState.java:run(106)) - 5be219b2-97fd-4a8c-91ea-b15aa89454d4:group-8F616FDEA414 changes to CANDIDATE, lastRpcTime:5119, electionTimeout:5119ms
2019-09-25 05:52:33,151 [Thread-237] INFO  impl.RoleInfo (RoleInfo.java:shutdownFollowerState(121)) - 5be219b2-97fd-4a8c-91ea-b15aa89454d4: shutdown FollowerState
2019-09-25 05:52:33,151 [Thread-237] INFO  impl.RaftServerImpl (RaftServerImpl.java:setRole(174)) - 5be219b2-97fd-4a8c-91ea-b15aa89454d4@group-8F616FDEA414: changes role from  FOLLOWER to CANDIDATE at term 0 for changeToCandidate
2019-09-25 05:52:33,152 [Thread-237] INFO  impl.RoleInfo (RoleInfo.java:updateAndGet(143)) - 5be219b2-97fd-4a8c-91ea-b15aa89454d4: start LeaderElection
2019-09-25 05:52:33,157 [pool-37-thread-1] INFO  storage.RaftStorage (RaftStorage.java:format(72)) - Storage directory /workdir/hadoop-ozone/integration-test/target/test-dir/MiniOzoneClusterImpl-5fae48a0-8517-4c16-9d39-4001697b8772/datanode-1/data/ratis/de54bcdb-5393-4655-8166-9a6e2fa63b89 has been successfully formatted.
2019-09-25 05:52:33,157 [pool-37-thread-1] INFO  ratis.ContainerStateMachine (ContainerStateMachine.java:loadSnapshot(230)) - group-9A6E2FA63B89: The snapshot info is null. Setting the last applied indexto:(t:0, i:~)
2019-09-25 05:52:33,157 [pool-37-thread-1] INFO  server.RaftServerConfigKeys (ConfUtils.java:logGet(43)) - raft.server.notification.no-leader.timeout = 120s (custom)
2019-09-25 05:52:33,158 [pool-37-thread-1] INFO  server.RaftServerConfigKeys (ConfUtils.java:logGet(43)) - raft.server.log.use.memory = false (default)
2019-09-25 05:52:33,158 [pool-37-thread-1] INFO  server.RaftServerConfigKeys (ConfUtils.java:logGet(43)) - raft.server.log.purge.gap = 1000000 (custom)
2019-09-25 05:52:33,158 [pool-37-thread-1] INFO  server.RaftServerConfigKeys (ConfUtils.java:logGet(43)) - raft.server.log.appender.buffer.byte-limit = 33554432 (custom)
2019-09-25 05:52:33,158 [pool-37-thread-1] INFO  server.RaftServerConfigKeys (ConfUtils.java:logGet(43)) - raft.server.log.segment.size.max = 1048576 (custom)
2019-09-25 05:52:33,158 [pool-37-thread-1] INFO  server.RaftServerConfigKeys (ConfUtils.java:logGet(43)) - raft.server.log.segment.cache.num.max = 2 (custom)
2019-09-25 05:52:33,158 [pool-37-thread-1] INFO  segmented.SegmentedRaftLogWorker (SegmentedRaftLogWorker.java:<init>(172)) - new 5be219b2-97fd-4a8c-91ea-b15aa89454d4@group-9A6E2FA63B89-SegmentedRaftLogWorker for RaftStorage:Storage Directory /workdir/hadoop-ozone/integration-test/target/test-dir/MiniOzoneClusterImpl-5fae48a0-8517-4c16-9d39-4001697b8772/datanode-1/data/ratis/de54bcdb-5393-4655-8166-9a6e2fa63b89
2019-09-25 05:52:33,158 [pool-37-thread-1] INFO  server.RaftServerConfigKeys (ConfUtils.java:logGet(43)) - raft.server.log.queue.byte-limit = 2147483647 (custom)
2019-09-25 05:52:33,158 [pool-37-thread-1] INFO  server.RaftServerConfigKeys (ConfUtils.java:logGet(43)) - raft.server.log.queue.element-limit = 1024 (custom)
2019-09-25 05:52:33,159 [pool-37-thread-1] INFO  server.RaftServerConfigKeys (ConfUtils.java:logGet(43)) - raft.server.log.segment.size.max = 1048576 (custom)
2019-09-25 05:52:33,159 [pool-37-thread-1] INFO  server.RaftServerConfigKeys (ConfUtils.java:logGet(43)) - raft.server.log.preallocated.size = 16384 (custom)
2019-09-25 05:52:33,159 [pool-37-thread-1] INFO  server.RaftServerConfigKeys (ConfUtils.java:logGet(43)) - raft.server.log.write.buffer.size = 33554432 (custom)
2019-09-25 05:52:33,159 [pool-37-thread-1] INFO  server.RaftServerConfigKeys (ConfUtils.java:logGet(43)) - raft.server.log.force.sync.num = 128 (default)
2019-09-25 05:52:33,159 [pool-37-thread-1] INFO  server.RaftServerConfigKeys (ConfUtils.java:logGet(43)) - raft.server.log.statemachine.data.sync = true (default)
2019-09-25 05:52:33,159 [pool-37-thread-1] INFO  server.RaftServerConfigKeys (ConfUtils.java:logGet(43)) - raft.server.log.statemachine.data.sync.timeout = 10s (default)
2019-09-25 05:52:33,159 [pool-37-thread-1] INFO  server.RaftServerConfigKeys (ConfUtils.java:logGet(43)) - raft.server.log.statemachine.data.sync.timeout.retry = -1 (default)
2019-09-25 05:52:33,159 [pool-37-thread-1] INFO  server.RaftServerConfigKeys (ConfUtils.java:logGet(43)) - raft.server.log.statemachine.data.caching.enabled = true (custom)
2019-09-25 05:52:33,160 [pool-37-thread-1] INFO  segmented.SegmentedRaftLogWorker (SegmentedRaftLogWorker.java:lambda$new$0(132)) - 5be219b2-97fd-4a8c-91ea-b15aa89454d4@group-9A6E2FA63B89-SegmentedRaftLogWorker: flushIndex: setUnconditionally 0 -> -1
2019-09-25 05:52:33,160 [pool-37-thread-1] INFO  server.RaftServerConfigKeys (ConfUtils.java:logGet(43)) - raft.server.snapshot.auto.trigger.enabled = true (custom)
2019-09-25 05:52:33,160 [pool-37-thread-1] INFO  server.RaftServerConfigKeys (ConfUtils.java:logGet(43)) - raft.server.snapshot.auto.trigger.threshold = 10000 (custom)
2019-09-25 05:52:33,160 [pool-37-thread-1] INFO  server.RaftServerConfigKeys (ConfUtils.java:logGet(43)) - raft.server.snapshot.retention.num.files = 5 (custom)
2019-09-25 05:52:33,160 [pool-37-thread-1] INFO  server.RaftServerConfigKeys (ConfUtils.java:logGet(43)) - raft.server.retrycache.expirytime = 600000ms (custom)
2019-09-25 05:52:33,162 [pool-37-thread-1] INFO  impl.RaftServerImpl (RaftServerImpl.java:start(185)) - 5be219b2-97fd-4a8c-91ea-b15aa89454d4@group-9A6E2FA63B89: start as a follower, conf=-1: [5be219b2-97fd-4a8c-91ea-b15aa89454d4:192.168.30.10:40625], old=null
2019-09-25 05:52:33,162 [pool-37-thread-1] INFO  impl.RaftServerImpl (RaftServerImpl.java:setRole(174)) - 5be219b2-97fd-4a8c-91ea-b15aa89454d4@group-9A6E2FA63B89: changes role from      null to FOLLOWER at term 0 for startAsFollower
2019-09-25 05:52:33,162 [pool-37-thread-1] INFO  impl.RoleInfo (RoleInfo.java:updateAndGet(143)) - 5be219b2-97fd-4a8c-91ea-b15aa89454d4: start FollowerState
2019-09-25 05:52:33,162 [pool-37-thread-1] INFO  util.JmxRegister (JmxRegister.java:tryRegister(44)) - Successfully registered JMX Bean with object name Ratis:service=RaftServer,group=group-9A6E2FA63B89,id=5be219b2-97fd-4a8c-91ea-b15aa89454d4
2019-09-25 05:52:33,166 [RatisPipelineUtilsThread] INFO  pipeline.PipelineStateManager (PipelineStateManager.java:addPipeline(56)) - Created pipeline Pipeline[ Id: de54bcdb-5393-4655-8166-9a6e2fa63b89, Nodes: 5be219b2-97fd-4a8c-91ea-b15aa89454d4{ip: 192.168.30.10, host: pr-hdds-1569-s62bp-3040748787, networkLocation: /default-rack, certSerialId: null}, Type:RATIS, Factor:ONE, State:OPEN]
2019-09-25 05:52:33,171 [grpc-default-executor-0] INFO  impl.RaftServerProxy (RaftServerProxy.java:addNew(89)) - 5be219b2-97fd-4a8c-91ea-b15aa89454d4: addNew group-8EFB222D9B87:[5be219b2-97fd-4a8c-91ea-b15aa89454d4:192.168.30.10:40625] returns group-8EFB222D9B87:java.util.concurrent.CompletableFuture@4dbfb530[Not completed]
2019-09-25 05:52:33,172 [pool-37-thread-1] INFO  impl.RaftServerImpl (RaftServerImpl.java:<init>(95)) - 5be219b2-97fd-4a8c-91ea-b15aa89454d4: new RaftServerImpl for group-8EFB222D9B87:[5be219b2-97fd-4a8c-91ea-b15aa89454d4:192.168.30.10:40625] with ContainerStateMachine:uninitialized
2019-09-25 05:52:33,173 [pool-37-thread-1] INFO  server.RaftServerConfigKeys (ConfUtils.java:logGet(43)) - raft.server.rpc.timeout.min = 5s (custom)
2019-09-25 05:52:33,173 [pool-37-thread-1] INFO  server.RaftServerConfigKeys (ConfUtils.java:logGet(43)) - raft.server.rpc.timeout.max = 5200ms (custom)
2019-09-25 05:52:33,173 [pool-37-thread-1] INFO  server.RaftServerConfigKeys (ConfUtils.java:logGet(43)) - raft.server.rpcslowness.timeout = 120s (custom)
2019-09-25 05:52:33,173 [pool-37-thread-1] INFO  server.RaftServerConfigKeys (ConfUtils.java:logGet(43)) - raft.server.sleep.deviation.threshold = 300 (default)
2019-09-25 05:52:33,173 [pool-37-thread-1] INFO  server.RaftServerConfigKeys (ConfUtils.java:logGet(43)) - raft.server.log.appender.install.snapshot.enabled = false (custom)
2019-09-25 05:52:33,173 [pool-37-thread-1] INFO  impl.RaftServerImpl (ServerState.java:<init>(103)) - 5be219b2-97fd-4a8c-91ea-b15aa89454d4@group-8EFB222D9B87: ConfigurationManager, init=-1: [5be219b2-97fd-4a8c-91ea-b15aa89454d4:192.168.30.10:40625], old=null, confs=<EMPTY_MAP>
2019-09-25 05:52:33,174 [pool-37-thread-1] INFO  server.RaftServerConfigKeys (ConfUtils.java:logGet(43)) - raft.server.storage.dir = [/workdir/hadoop-ozone/integration-test/target/test-dir/MiniOzoneClusterImpl-5fae48a0-8517-4c16-9d39-4001697b8772/datanode-1/data/ratis] (custom)
2019-09-25 05:52:33,174 [pool-37-thread-1] INFO  storage.RaftStorageDirectory (RaftStorageDirectory.java:analyzeStorage(246)) - The storage directory /workdir/hadoop-ozone/integration-test/target/test-dir/MiniOzoneClusterImpl-5fae48a0-8517-4c16-9d39-4001697b8772/datanode-1/data/ratis/2b9f0343-b283-411a-bccc-8efb222d9b87 does not exist. Creating ...
2019-09-25 05:52:33,174 [5be219b2-97fd-4a8c-91ea-b15aa89454d4@group-8F616FDEA414:LeaderElection19] INFO  impl.LeaderElection (LeaderElection.java:askForVotes(182)) - 5be219b2-97fd-4a8c-91ea-b15aa89454d4@group-8F616FDEA414:LeaderElection19: begin an election at term 1 for -1: [5be219b2-97fd-4a8c-91ea-b15aa89454d4:192.168.30.10:40625], old=null
2019-09-25 05:52:33,175 [5be219b2-97fd-4a8c-91ea-b15aa89454d4@group-8F616FDEA414:LeaderElection19] INFO  impl.RoleInfo (RoleInfo.java:shutdownLeaderElection(134)) - 5be219b2-97fd-4a8c-91ea-b15aa89454d4: shutdown LeaderElection
2019-09-25 05:52:33,175 [5be219b2-97fd-4a8c-91ea-b15aa89454d4@group-8F616FDEA414:LeaderElection19] INFO  impl.RaftServerImpl (RaftServerImpl.java:setRole(174)) - 5be219b2-97fd-4a8c-91ea-b15aa89454d4@group-8F616FDEA414: changes role from CANDIDATE to LEADER at term 1 for changeToLeader
2019-09-25 05:52:33,175 [5be219b2-97fd-4a8c-91ea-b15aa89454d4@group-8F616FDEA414:LeaderElection19] INFO  impl.RaftServerImpl (ServerState.java:setLeader(253)) - 5be219b2-97fd-4a8c-91ea-b15aa89454d4@group-8F616FDEA414: change Leader from null to 5be219b2-97fd-4a8c-91ea-b15aa89454d4 at term 1 for becomeLeader, leader elected after 5152ms
2019-09-25 05:52:33,175 [5be219b2-97fd-4a8c-91ea-b15aa89454d4@group-8F616FDEA414:LeaderElection19] INFO  server.RaftServerConfigKeys (ConfUtils.java:logGet(43)) - raft.server.staging.catchup.gap = 1000 (default)
2019-09-25 05:52:33,175 [5be219b2-97fd-4a8c-91ea-b15aa89454d4@group-8F616FDEA414:LeaderElection19] INFO  server.RaftServerConfigKeys (ConfUtils.java:logGet(43)) - raft.server.rpc.sleep.time = 25ms (default)
2019-09-25 05:52:33,176 [5be219b2-97fd-4a8c-91ea-b15aa89454d4@group-8F616FDEA414:LeaderElection19] INFO  server.RaftServerConfigKeys (ConfUtils.java:logGet(43)) - raft.server.write.element-limit = 4096 (default)
2019-09-25 05:52:33,176 [5be219b2-97fd-4a8c-91ea-b15aa89454d4@group-8F616FDEA414:LeaderElection19] INFO  server.RaftServerConfigKeys (ConfUtils.java:logGet(43)) - raft.server.watch.timeout = 10s (default)
2019-09-25 05:52:33,176 [5be219b2-97fd-4a8c-91ea-b15aa89454d4@group-8F616FDEA414:LeaderElection19] INFO  server.RaftServerConfigKeys (ConfUtils.java:logGet(43)) - raft.server.watch.timeout.denomination = 1s (default)
2019-09-25 05:52:33,176 [5be219b2-97fd-4a8c-91ea-b15aa89454d4@group-8F616FDEA414:LeaderElection19] INFO  server.RaftServerConfigKeys (ConfUtils.java:logGet(43)) - raft.server.watch.element-limit = 65536 (default)
2019-09-25 05:52:33,177 [pool-37-thread-1] INFO  storage.RaftStorageDirectory (RaftStorageDirectory.java:tryLock(328)) - Lock on /workdir/hadoop-ozone/integration-test/target/test-dir/MiniOzoneClusterImpl-5fae48a0-8517-4c16-9d39-4001697b8772/datanode-1/data/ratis/2b9f0343-b283-411a-bccc-8efb222d9b87/in_use.lock acquired by nodename 25594@pr-hdds-1569-s62bp-3040748787
2019-09-25 05:52:33,178 [5be219b2-97fd-4a8c-91ea-b15aa89454d4@group-8F616FDEA414:LeaderElection19] INFO  impl.RoleInfo (RoleInfo.java:updateAndGet(143)) - 5be219b2-97fd-4a8c-91ea-b15aa89454d4: start LeaderState
2019-09-25 05:52:33,179 [5be219b2-97fd-4a8c-91ea-b15aa89454d4@group-8F616FDEA414:LeaderElection19] INFO  segmented.SegmentedRaftLogWorker (SegmentedRaftLogWorker.java:startLogSegment(380)) - 5be219b2-97fd-4a8c-91ea-b15aa89454d4@group-8F616FDEA414-SegmentedRaftLogWorker: Starting segment from index:0
2019-09-25 05:52:33,179 [5be219b2-97fd-4a8c-91ea-b15aa89454d4@group-8F616FDEA414:LeaderElection19] INFO  impl.RaftServerImpl (ServerState.java:setRaftConf(354)) - 5be219b2-97fd-4a8c-91ea-b15aa89454d4@group-8F616FDEA414: set configuration 0: [5be219b2-97fd-4a8c-91ea-b15aa89454d4:192.168.30.10:40625], old=null at 0
2019-09-25 05:52:33,203 [Thread-243] INFO  impl.FollowerState (FollowerState.java:run(106)) - 5be219b2-97fd-4a8c-91ea-b15aa89454d4:group-28CA502B6C92 changes to CANDIDATE, lastRpcTime:5051, electionTimeout:5040ms
2019-09-25 05:52:33,203 [pool-37-thread-1] INFO  storage.RaftStorage (RaftStorage.java:format(72)) - Storage directory /workdir/hadoop-ozone/integration-test/target/test-dir/MiniOzoneClusterImpl-5fae48a0-8517-4c16-9d39-4001697b8772/datanode-1/data/ratis/2b9f0343-b283-411a-bccc-8efb222d9b87 has been successfully formatted.
2019-09-25 05:52:33,203 [Thread-243] INFO  impl.RoleInfo (RoleInfo.java:shutdownFollowerState(121)) - 5be219b2-97fd-4a8c-91ea-b15aa89454d4: shutdown FollowerState
2019-09-25 05:52:33,204 [Thread-243] INFO  impl.RaftServerImpl (RaftServerImpl.java:setRole(174)) - 5be219b2-97fd-4a8c-91ea-b15aa89454d4@group-28CA502B6C92: changes role from  FOLLOWER to CANDIDATE at term 0 for changeToCandidate
2019-09-25 05:52:33,204 [pool-37-thread-1] INFO  ratis.ContainerStateMachine (ContainerStateMachine.java:loadSnapshot(230)) - group-8EFB222D9B87: The snapshot info is null. Setting the last applied indexto:(t:0, i:~)
2019-09-25 05:52:33,204 [Thread-246] INFO  impl.FollowerState (FollowerState.java:run(106)) - 0bbc1277-be6f-4bf3-88cf-1c3b12e139ad:group-88E7BAD20BB4 changes to CANDIDATE, lastRpcTime:5006, electionTimeout:5006ms
2019-09-25 05:52:33,204 [Thread-243] INFO  impl.RoleInfo (RoleInfo.java:updateAndGet(143)) - 5be219b2-97fd-4a8c-91ea-b15aa89454d4: start LeaderElection
2019-09-25 05:52:33,204 [pool-37-thread-1] INFO  server.RaftServerConfigKeys (ConfUtils.java:logGet(43)) - raft.server.notification.no-leader.timeout = 120s (custom)
2019-09-25 05:52:33,204 [Thread-246] INFO  impl.RoleInfo (RoleInfo.java:shutdownFollowerState(121)) - 0bbc1277-be6f-4bf3-88cf-1c3b12e139ad: shutdown FollowerState
2019-09-25 05:52:33,226 [5be219b2-97fd-4a8c-91ea-b15aa89454d4@group-8F616FDEA414-SegmentedRaftLogWorker] INFO  segmented.SegmentedRaftLogWorker (SegmentedRaftLogWorker.java:execute(569)) - 5be219b2-97fd-4a8c-91ea-b15aa89454d4@group-8F616FDEA414-SegmentedRaftLogWorker: created new log segment /workdir/hadoop-ozone/integration-test/target/test-dir/MiniOzoneClusterImpl-5fae48a0-8517-4c16-9d39-4001697b8772/datanode-1/data/ratis/1af1ff97-7661-4dcf-b1d9-8f616fdea414/current/log_inprogress_0
2019-09-25 05:52:33,213 [Thread-240] INFO  impl.FollowerState (FollowerState.java:run(106)) - 0bbc1277-be6f-4bf3-88cf-1c3b12e139ad:group-D6FA99FD96CE changes to CANDIDATE, lastRpcTime:5120, electionTimeout:5115ms
2019-09-25 05:52:33,204 [pool-37-thread-1] INFO  server.RaftServerConfigKeys (ConfUtils.java:logGet(43)) - raft.server.log.use.memory = false (default)
2019-09-25 05:52:33,228 [pool-37-thread-1] INFO  server.RaftServerConfigKeys (ConfUtils.java:logGet(43)) - raft.server.log.purge.gap = 1000000 (custom)
2019-09-25 05:52:33,227 [Thread-240] INFO  impl.RoleInfo (RoleInfo.java:shutdownFollowerState(121)) - 0bbc1277-be6f-4bf3-88cf-1c3b12e139ad: shutdown FollowerState
2019-09-25 05:52:33,227 [Thread-246] INFO  impl.RaftServerImpl (RaftServerImpl.java:setRole(174)) - 0bbc1277-be6f-4bf3-88cf-1c3b12e139ad@group-88E7BAD20BB4: changes role from  FOLLOWER to CANDIDATE at term 0 for changeToCandidate
2019-09-25 05:52:33,228 [Thread-240] INFO  impl.RaftServerImpl (RaftServerImpl.java:setRole(174)) - 0bbc1277-be6f-4bf3-88cf-1c3b12e139ad@group-D6FA99FD96CE: changes role from  FOLLOWER to CANDIDATE at term 0 for changeToCandidate
2019-09-25 05:52:33,228 [Thread-246] INFO  impl.RoleInfo (RoleInfo.java:updateAndGet(143)) - 0bbc1277-be6f-4bf3-88cf-1c3b12e139ad: start LeaderElection
2019-09-25 05:52:33,228 [pool-37-thread-1] INFO  server.RaftServerConfigKeys (ConfUtils.java:logGet(43)) - raft.server.log.appender.buffer.byte-limit = 33554432 (custom)
2019-09-25 05:52:33,228 [Thread-240] INFO  impl.RoleInfo (RoleInfo.java:updateAndGet(143)) - 0bbc1277-be6f-4bf3-88cf-1c3b12e139ad: start LeaderElection
2019-09-25 05:52:33,229 [pool-37-thread-1] INFO  server.RaftServerConfigKeys (ConfUtils.java:logGet(43)) - raft.server.log.segment.size.max = 1048576 (custom)
2019-09-25 05:52:33,229 [pool-37-thread-1] INFO  server.RaftServerConfigKeys (ConfUtils.java:logGet(43)) - raft.server.log.segment.cache.num.max = 2 (custom)
2019-09-25 05:52:33,229 [pool-37-thread-1] INFO  segmented.SegmentedRaftLogWorker (SegmentedRaftLogWorker.java:<init>(172)) - new 5be219b2-97fd-4a8c-91ea-b15aa89454d4@group-8EFB222D9B87-SegmentedRaftLogWorker for RaftStorage:Storage Directory /workdir/hadoop-ozone/integration-test/target/test-dir/MiniOzoneClusterImpl-5fae48a0-8517-4c16-9d39-4001697b8772/datanode-1/data/ratis/2b9f0343-b283-411a-bccc-8efb222d9b87
2019-09-25 05:52:33,229 [pool-37-thread-1] INFO  server.RaftServerConfigKeys (ConfUtils.java:logGet(43)) - raft.server.log.queue.byte-limit = 2147483647 (custom)
2019-09-25 05:52:33,229 [pool-37-thread-1] INFO  server.RaftServerConfigKeys (ConfUtils.java:logGet(43)) - raft.server.log.queue.element-limit = 1024 (custom)
2019-09-25 05:52:33,230 [pool-37-thread-1] INFO  server.RaftServerConfigKeys (ConfUtils.java:logGet(43)) - raft.server.log.segment.size.max = 1048576 (custom)
2019-09-25 05:52:33,230 [pool-37-thread-1] INFO  server.RaftServerConfigKeys (ConfUtils.java:logGet(43)) - raft.server.log.preallocated.size = 16384 (custom)
2019-09-25 05:52:33,230 [pool-37-thread-1] INFO  server.RaftServerConfigKeys (ConfUtils.java:logGet(43)) - raft.server.log.write.buffer.size = 33554432 (custom)
2019-09-25 05:52:33,230 [pool-37-thread-1] INFO  server.RaftServerConfigKeys (ConfUtils.java:logGet(43)) - raft.server.log.force.sync.num = 128 (default)
2019-09-25 05:52:33,230 [pool-37-thread-1] INFO  server.RaftServerConfigKeys (ConfUtils.java:logGet(43)) - raft.server.log.statemachine.data.sync = true (default)
2019-09-25 05:52:33,231 [pool-37-thread-1] INFO  server.RaftServerConfigKeys (ConfUtils.java:logGet(43)) - raft.server.log.statemachine.data.sync.timeout = 10s (default)
2019-09-25 05:52:33,231 [pool-37-thread-1] INFO  server.RaftServerConfigKeys (ConfUtils.java:logGet(43)) - raft.server.log.statemachine.data.sync.timeout.retry = -1 (default)
2019-09-25 05:52:33,234 [pool-37-thread-1] INFO  server.RaftServerConfigKeys (ConfUtils.java:logGet(43)) - raft.server.log.statemachine.data.caching.enabled = true (custom)
2019-09-25 05:52:33,234 [pool-37-thread-1] INFO  segmented.SegmentedRaftLogWorker (SegmentedRaftLogWorker.java:lambda$new$0(132)) - 5be219b2-97fd-4a8c-91ea-b15aa89454d4@group-8EFB222D9B87-SegmentedRaftLogWorker: flushIndex: setUnconditionally 0 -> -1
2019-09-25 05:52:33,234 [pool-37-thread-1] INFO  server.RaftServerConfigKeys (ConfUtils.java:logGet(43)) - raft.server.snapshot.auto.trigger.enabled = true (custom)
2019-09-25 05:52:33,234 [pool-37-thread-1] INFO  server.RaftServerConfigKeys (ConfUtils.java:logGet(43)) - raft.server.snapshot.auto.trigger.threshold = 10000 (custom)
2019-09-25 05:52:33,235 [pool-37-thread-1] INFO  server.RaftServerConfigKeys (ConfUtils.java:logGet(43)) - raft.server.snapshot.retention.num.files = 5 (custom)
2019-09-25 05:52:33,235 [pool-37-thread-1] INFO  server.RaftServerConfigKeys (ConfUtils.java:logGet(43)) - raft.server.retrycache.expirytime = 600000ms (custom)
2019-09-25 05:52:33,236 [pool-37-thread-1] INFO  impl.RaftServerImpl (RaftServerImpl.java:start(185)) - 5be219b2-97fd-4a8c-91ea-b15aa89454d4@group-8EFB222D9B87: start as a follower, conf=-1: [5be219b2-97fd-4a8c-91ea-b15aa89454d4:192.168.30.10:40625], old=null
2019-09-25 05:52:33,236 [pool-37-thread-1] INFO  impl.RaftServerImpl (RaftServerImpl.java:setRole(174)) - 5be219b2-97fd-4a8c-91ea-b15aa89454d4@group-8EFB222D9B87: changes role from      null to FOLLOWER at term 0 for startAsFollower
2019-09-25 05:52:33,236 [pool-37-thread-1] INFO  impl.RoleInfo (RoleInfo.java:updateAndGet(143)) - 5be219b2-97fd-4a8c-91ea-b15aa89454d4: start FollowerState
2019-09-25 05:52:33,237 [pool-37-thread-1] INFO  util.JmxRegister (JmxRegister.java:tryRegister(44)) - Successfully registered JMX Bean with object name Ratis:service=RaftServer,group=group-8EFB222D9B87,id=5be219b2-97fd-4a8c-91ea-b15aa89454d4
2019-09-25 05:52:33,239 [RatisPipelineUtilsThread] INFO  pipeline.PipelineStateManager (PipelineStateManager.java:addPipeline(56)) - Created pipeline Pipeline[ Id: 2b9f0343-b283-411a-bccc-8efb222d9b87, Nodes: 5be219b2-97fd-4a8c-91ea-b15aa89454d4{ip: 192.168.30.10, host: pr-hdds-1569-s62bp-3040748787, networkLocation: /default-rack, certSerialId: null}, Type:RATIS, Factor:ONE, State:OPEN]
2019-09-25 05:52:33,240 [5be219b2-97fd-4a8c-91ea-b15aa89454d4@group-28CA502B6C92:LeaderElection20] INFO  impl.LeaderElection (LeaderElection.java:askForVotes(182)) - 5be219b2-97fd-4a8c-91ea-b15aa89454d4@group-28CA502B6C92:LeaderElection20: begin an election at term 1 for -1: [5be219b2-97fd-4a8c-91ea-b15aa89454d4:192.168.30.10:40625], old=null
2019-09-25 05:52:33,240 [0bbc1277-be6f-4bf3-88cf-1c3b12e139ad@group-D6FA99FD96CE:LeaderElection22] INFO  impl.LeaderElection (LeaderElection.java:askForVotes(182)) - 0bbc1277-be6f-4bf3-88cf-1c3b12e139ad@group-D6FA99FD96CE:LeaderElection22: begin an election at term 1 for -1: [0bbc1277-be6f-4bf3-88cf-1c3b12e139ad:192.168.30.10:46701], old=null
2019-09-25 05:52:33,240 [0bbc1277-be6f-4bf3-88cf-1c3b12e139ad@group-88E7BAD20BB4:LeaderElection21] INFO  impl.LeaderElection (LeaderElection.java:askForVotes(182)) - 0bbc1277-be6f-4bf3-88cf-1c3b12e139ad@group-88E7BAD20BB4:LeaderElection21: begin an election at term 1 for -1: [0bbc1277-be6f-4bf3-88cf-1c3b12e139ad:192.168.30.10:46701], old=null
2019-09-25 05:52:33,240 [0bbc1277-be6f-4bf3-88cf-1c3b12e139ad@group-D6FA99FD96CE:LeaderElection22] INFO  impl.RoleInfo (RoleInfo.java:shutdownLeaderElection(134)) - 0bbc1277-be6f-4bf3-88cf-1c3b12e139ad: shutdown LeaderElection
2019-09-25 05:52:33,240 [5be219b2-97fd-4a8c-91ea-b15aa89454d4@group-28CA502B6C92:LeaderElection20] INFO  impl.RoleInfo (RoleInfo.java:shutdownLeaderElection(134)) - 5be219b2-97fd-4a8c-91ea-b15aa89454d4: shutdown LeaderElection
2019-09-25 05:52:33,241 [0bbc1277-be6f-4bf3-88cf-1c3b12e139ad@group-D6FA99FD96CE:LeaderElection22] INFO  impl.RaftServerImpl (RaftServerImpl.java:setRole(174)) - 0bbc1277-be6f-4bf3-88cf-1c3b12e139ad@group-D6FA99FD96CE: changes role from CANDIDATE to LEADER at term 1 for changeToLeader
2019-09-25 05:52:33,240 [0bbc1277-be6f-4bf3-88cf-1c3b12e139ad@group-88E7BAD20BB4:LeaderElection21] INFO  impl.RoleInfo (RoleInfo.java:shutdownLeaderElection(134)) - 0bbc1277-be6f-4bf3-88cf-1c3b12e139ad: shutdown LeaderElection
2019-09-25 05:52:33,241 [0bbc1277-be6f-4bf3-88cf-1c3b12e139ad@group-D6FA99FD96CE:LeaderElection22] INFO  impl.RaftServerImpl (ServerState.java:setLeader(253)) - 0bbc1277-be6f-4bf3-88cf-1c3b12e139ad@group-D6FA99FD96CE: change Leader from null to 0bbc1277-be6f-4bf3-88cf-1c3b12e139ad at term 1 for becomeLeader, leader elected after 5154ms
2019-09-25 05:52:33,241 [5be219b2-97fd-4a8c-91ea-b15aa89454d4@group-28CA502B6C92:LeaderElection20] INFO  impl.RaftServerImpl (RaftServerImpl.java:setRole(174)) - 5be219b2-97fd-4a8c-91ea-b15aa89454d4@group-28CA502B6C92: changes role from CANDIDATE to LEADER at term 1 for changeToLeader
2019-09-25 05:52:33,241 [0bbc1277-be6f-4bf3-88cf-1c3b12e139ad@group-D6FA99FD96CE:LeaderElection22] INFO  server.RaftServerConfigKeys (ConfUtils.java:logGet(43)) - raft.server.staging.catchup.gap = 1000 (default)
2019-09-25 05:52:33,241 [0bbc1277-be6f-4bf3-88cf-1c3b12e139ad@group-88E7BAD20BB4:LeaderElection21] INFO  impl.RaftServerImpl (RaftServerImpl.java:setRole(174)) - 0bbc1277-be6f-4bf3-88cf-1c3b12e139ad@group-88E7BAD20BB4: changes role from CANDIDATE to LEADER at term 1 for changeToLeader
2019-09-25 05:52:33,241 [0bbc1277-be6f-4bf3-88cf-1c3b12e139ad@group-D6FA99FD96CE:LeaderElection22] INFO  server.RaftServerConfigKeys (ConfUtils.java:logGet(43)) - raft.server.rpc.sleep.time = 25ms (default)
2019-09-25 05:52:33,241 [5be219b2-97fd-4a8c-91ea-b15aa89454d4@group-28CA502B6C92:LeaderElection20] INFO  impl.RaftServerImpl (ServerState.java:setLeader(253)) - 5be219b2-97fd-4a8c-91ea-b15aa89454d4@group-28CA502B6C92: change Leader from null to 5be219b2-97fd-4a8c-91ea-b15aa89454d4 at term 1 for becomeLeader, leader elected after 5095ms
2019-09-25 05:52:33,242 [0bbc1277-be6f-4bf3-88cf-1c3b12e139ad@group-D6FA99FD96CE:LeaderElection22] INFO  server.RaftServerConfigKeys (ConfUtils.java:logGet(43)) - raft.server.write.element-limit = 4096 (default)
2019-09-25 05:52:33,241 [0bbc1277-be6f-4bf3-88cf-1c3b12e139ad@group-88E7BAD20BB4:LeaderElection21] INFO  impl.RaftServerImpl (ServerState.java:setLeader(253)) - 0bbc1277-be6f-4bf3-88cf-1c3b12e139ad@group-88E7BAD20BB4: change Leader from null to 0bbc1277-be6f-4bf3-88cf-1c3b12e139ad at term 1 for becomeLeader, leader elected after 5048ms
2019-09-25 05:52:33,242 [0bbc1277-be6f-4bf3-88cf-1c3b12e139ad@group-D6FA99FD96CE:LeaderElection22] INFO  server.RaftServerConfigKeys (ConfUtils.java:logGet(43)) - raft.server.watch.timeout = 10s (default)
2019-09-25 05:52:33,242 [5be219b2-97fd-4a8c-91ea-b15aa89454d4@group-28CA502B6C92:LeaderElection20] INFO  server.RaftServerConfigKeys (ConfUtils.java:logGet(43)) - raft.server.staging.catchup.gap = 1000 (default)
2019-09-25 05:52:33,242 [0bbc1277-be6f-4bf3-88cf-1c3b12e139ad@group-D6FA99FD96CE:LeaderElection22] INFO  server.RaftServerConfigKeys (ConfUtils.java:logGet(43)) - raft.server.watch.timeout.denomination = 1s (default)
2019-09-25 05:52:33,242 [0bbc1277-be6f-4bf3-88cf-1c3b12e139ad@group-88E7BAD20BB4:LeaderElection21] INFO  server.RaftServerConfigKeys (ConfUtils.java:logGet(43)) - raft.server.staging.catchup.gap = 1000 (default)
2019-09-25 05:52:33,242 [0bbc1277-be6f-4bf3-88cf-1c3b12e139ad@group-D6FA99FD96CE:LeaderElection22] INFO  server.RaftServerConfigKeys (ConfUtils.java:logGet(43)) - raft.server.watch.element-limit = 65536 (default)
2019-09-25 05:52:33,242 [5be219b2-97fd-4a8c-91ea-b15aa89454d4@group-28CA502B6C92:LeaderElection20] INFO  server.RaftServerConfigKeys (ConfUtils.java:logGet(43)) - raft.server.rpc.sleep.time = 25ms (default)
2019-09-25 05:52:33,242 [0bbc1277-be6f-4bf3-88cf-1c3b12e139ad@group-88E7BAD20BB4:LeaderElection21] INFO  server.RaftServerConfigKeys (ConfUtils.java:logGet(43)) - raft.server.rpc.sleep.time = 25ms (default)
2019-09-25 05:52:33,243 [5be219b2-97fd-4a8c-91ea-b15aa89454d4@group-28CA502B6C92:LeaderElection20] INFO  server.RaftServerConfigKeys (ConfUtils.java:logGet(43)) - raft.server.write.element-limit = 4096 (default)
2019-09-25 05:52:33,243 [0bbc1277-be6f-4bf3-88cf-1c3b12e139ad@group-88E7BAD20BB4:LeaderElection21] INFO  server.RaftServerConfigKeys (ConfUtils.java:logGet(43)) - raft.server.write.element-limit = 4096 (default)
2019-09-25 05:52:33,243 [5be219b2-97fd-4a8c-91ea-b15aa89454d4@group-28CA502B6C92:LeaderElection20] INFO  server.RaftServerConfigKeys (ConfUtils.java:logGet(43)) - raft.server.watch.timeout = 10s (default)
2019-09-25 05:52:33,243 [0bbc1277-be6f-4bf3-88cf-1c3b12e139ad@group-88E7BAD20BB4:LeaderElection21] INFO  server.RaftServerConfigKeys (ConfUtils.java:logGet(43)) - raft.server.watch.timeout = 10s (default)
2019-09-25 05:52:33,243 [5be219b2-97fd-4a8c-91ea-b15aa89454d4@group-28CA502B6C92:LeaderElection20] INFO  server.RaftServerConfigKeys (ConfUtils.java:logGet(43)) - raft.server.watch.timeout.denomination = 1s (default)
2019-09-25 05:52:33,243 [0bbc1277-be6f-4bf3-88cf-1c3b12e139ad@group-88E7BAD20BB4:LeaderElection21] INFO  server.RaftServerConfigKeys (ConfUtils.java:logGet(43)) - raft.server.watch.timeout.denomination = 1s (default)
2019-09-25 05:52:33,244 [5be219b2-97fd-4a8c-91ea-b15aa89454d4@group-28CA502B6C92:LeaderElection20] INFO  server.RaftServerConfigKeys (ConfUtils.java:logGet(43)) - raft.server.watch.element-limit = 65536 (default)
2019-09-25 05:52:33,244 [0bbc1277-be6f-4bf3-88cf-1c3b12e139ad@group-88E7BAD20BB4:LeaderElection21] INFO  server.RaftServerConfigKeys (ConfUtils.java:logGet(43)) - raft.server.watch.element-limit = 65536 (default)
2019-09-25 05:52:33,245 [grpc-default-executor-0] INFO  impl.RaftServerProxy (RaftServerProxy.java:addNew(89)) - 5be219b2-97fd-4a8c-91ea-b15aa89454d4: addNew group-38D98D4419BA:[5be219b2-97fd-4a8c-91ea-b15aa89454d4:192.168.30.10:40625] returns group-38D98D4419BA:java.util.concurrent.CompletableFuture@1ccc7559[Not completed]
2019-09-25 05:52:33,245 [0bbc1277-be6f-4bf3-88cf-1c3b12e139ad@group-D6FA99FD96CE:LeaderElection22] INFO  impl.RoleInfo (RoleInfo.java:updateAndGet(143)) - 0bbc1277-be6f-4bf3-88cf-1c3b12e139ad: start LeaderState
2019-09-25 05:52:33,245 [0bbc1277-be6f-4bf3-88cf-1c3b12e139ad@group-D6FA99FD96CE:LeaderElection22] INFO  segmented.SegmentedRaftLogWorker (SegmentedRaftLogWorker.java:startLogSegment(380)) - 0bbc1277-be6f-4bf3-88cf-1c3b12e139ad@group-D6FA99FD96CE-SegmentedRaftLogWorker: Starting segment from index:0
2019-09-25 05:52:33,245 [0bbc1277-be6f-4bf3-88cf-1c3b12e139ad@group-D6FA99FD96CE:LeaderElection22] INFO  impl.RaftServerImpl (ServerState.java:setRaftConf(354)) - 0bbc1277-be6f-4bf3-88cf-1c3b12e139ad@group-D6FA99FD96CE: set configuration 0: [0bbc1277-be6f-4bf3-88cf-1c3b12e139ad:192.168.30.10:46701], old=null at 0
2019-09-25 05:52:33,277 [pool-37-thread-1] INFO  impl.RaftServerImpl (RaftServerImpl.java:<init>(95)) - 5be219b2-97fd-4a8c-91ea-b15aa89454d4: new RaftServerImpl for group-38D98D4419BA:[5be219b2-97fd-4a8c-91ea-b15aa89454d4:192.168.30.10:40625] with ContainerStateMachine:uninitialized
2019-09-25 05:52:33,277 [pool-37-thread-1] INFO  server.RaftServerConfigKeys (ConfUtils.java:logGet(43)) - raft.server.rpc.timeout.min = 5s (custom)
2019-09-25 05:52:33,277 [pool-37-thread-1] INFO  server.RaftServerConfigKeys (ConfUtils.java:logGet(43)) - raft.server.rpc.timeout.max = 5200ms (custom)
2019-09-25 05:52:33,278 [pool-37-thread-1] INFO  server.RaftServerConfigKeys (ConfUtils.java:logGet(43)) - raft.server.rpcslowness.timeout = 120s (custom)
2019-09-25 05:52:33,278 [pool-37-thread-1] INFO  server.RaftServerConfigKeys (ConfUtils.java:logGet(43)) - raft.server.sleep.deviation.threshold = 300 (default)
2019-09-25 05:52:33,278 [pool-37-thread-1] INFO  server.RaftServerConfigKeys (ConfUtils.java:logGet(43)) - raft.server.log.appender.install.snapshot.enabled = false (custom)
2019-09-25 05:52:33,278 [pool-37-thread-1] INFO  impl.RaftServerImpl (ServerState.java:<init>(103)) - 5be219b2-97fd-4a8c-91ea-b15aa89454d4@group-38D98D4419BA: ConfigurationManager, init=-1: [5be219b2-97fd-4a8c-91ea-b15aa89454d4:192.168.30.10:40625], old=null, confs=<EMPTY_MAP>
2019-09-25 05:52:33,278 [pool-37-thread-1] INFO  server.RaftServerConfigKeys (ConfUtils.java:logGet(43)) - raft.server.storage.dir = [/workdir/hadoop-ozone/integration-test/target/test-dir/MiniOzoneClusterImpl-5fae48a0-8517-4c16-9d39-4001697b8772/datanode-1/data/ratis] (custom)
2019-09-25 05:52:33,278 [5be219b2-97fd-4a8c-91ea-b15aa89454d4@group-28CA502B6C92:LeaderElection20] INFO  impl.RoleInfo (RoleInfo.java:updateAndGet(143)) - 5be219b2-97fd-4a8c-91ea-b15aa89454d4: start LeaderState
2019-09-25 05:52:33,278 [0bbc1277-be6f-4bf3-88cf-1c3b12e139ad@group-88E7BAD20BB4:LeaderElection21] INFO  impl.RoleInfo (RoleInfo.java:updateAndGet(143)) - 0bbc1277-be6f-4bf3-88cf-1c3b12e139ad: start LeaderState
2019-09-25 05:52:33,278 [5be219b2-97fd-4a8c-91ea-b15aa89454d4@group-28CA502B6C92:LeaderElection20] INFO  segmented.SegmentedRaftLogWorker (SegmentedRaftLogWorker.java:startLogSegment(380)) - 5be219b2-97fd-4a8c-91ea-b15aa89454d4@group-28CA502B6C92-SegmentedRaftLogWorker: Starting segment from index:0
2019-09-25 05:52:33,278 [0bbc1277-be6f-4bf3-88cf-1c3b12e139ad@group-88E7BAD20BB4:LeaderElection21] INFO  segmented.SegmentedRaftLogWorker (SegmentedRaftLogWorker.java:startLogSegment(380)) - 0bbc1277-be6f-4bf3-88cf-1c3b12e139ad@group-88E7BAD20BB4-SegmentedRaftLogWorker: Starting segment from index:0
2019-09-25 05:52:33,278 [pool-37-thread-1] INFO  storage.RaftStorageDirectory (RaftStorageDirectory.java:analyzeStorage(246)) - The storage directory /workdir/hadoop-ozone/integration-test/target/test-dir/MiniOzoneClusterImpl-5fae48a0-8517-4c16-9d39-4001697b8772/datanode-1/data/ratis/e1e132e8-6426-485e-9d83-38d98d4419ba does not exist. Creating ...
2019-09-25 05:52:33,279 [5be219b2-97fd-4a8c-91ea-b15aa89454d4@group-28CA502B6C92:LeaderElection20] INFO  impl.RaftServerImpl (ServerState.java:setRaftConf(354)) - 5be219b2-97fd-4a8c-91ea-b15aa89454d4@group-28CA502B6C92: set configuration 0: [5be219b2-97fd-4a8c-91ea-b15aa89454d4:192.168.30.10:40625], old=null at 0
2019-09-25 05:52:33,306 [0bbc1277-be6f-4bf3-88cf-1c3b12e139ad@group-D6FA99FD96CE-SegmentedRaftLogWorker] INFO  segmented.SegmentedRaftLogWorker (SegmentedRaftLogWorker.java:execute(569)) - 0bbc1277-be6f-4bf3-88cf-1c3b12e139ad@group-D6FA99FD96CE-SegmentedRaftLogWorker: created new log segment /workdir/hadoop-ozone/integration-test/target/test-dir/MiniOzoneClusterImpl-5fae48a0-8517-4c16-9d39-4001697b8772/datanode-0/data/ratis/31264eb4-949a-4857-a6ef-d6fa99fd96ce/current/log_inprogress_0
2019-09-25 05:52:33,306 [0bbc1277-be6f-4bf3-88cf-1c3b12e139ad@group-88E7BAD20BB4:LeaderElection21] INFO  impl.RaftServerImpl (ServerState.java:setRaftConf(354)) - 0bbc1277-be6f-4bf3-88cf-1c3b12e139ad@group-88E7BAD20BB4: set configuration 0: [0bbc1277-be6f-4bf3-88cf-1c3b12e139ad:192.168.30.10:46701], old=null at 0
2019-09-25 05:52:33,306 [Thread-252] INFO  impl.FollowerState (FollowerState.java:run(106)) - 0bbc1277-be6f-4bf3-88cf-1c3b12e139ad:group-303B80A85CE9 changes to CANDIDATE, lastRpcTime:5010, electionTimeout:5006ms
2019-09-25 05:52:33,345 [Thread-249] INFO  impl.FollowerState (FollowerState.java:run(106)) - 754f3588-47e6-41ad-b34e-eb7041cce070:group-BDA231D70DB9 changes to CANDIDATE, lastRpcTime:5098, electionTimeout:5075ms
2019-09-25 05:52:33,345 [5be219b2-97fd-4a8c-91ea-b15aa89454d4@group-28CA502B6C92-SegmentedRaftLogWorker] INFO  segmented.SegmentedRaftLogWorker (SegmentedRaftLogWorker.java:execute(569)) - 5be219b2-97fd-4a8c-91ea-b15aa89454d4@group-28CA502B6C92-SegmentedRaftLogWorker: created new log segment /workdir/hadoop-ozone/integration-test/target/test-dir/MiniOzoneClusterImpl-5fae48a0-8517-4c16-9d39-4001697b8772/datanode-1/data/ratis/0c484494-215f-46d2-a632-28ca502b6c92/current/log_inprogress_0
2019-09-25 05:52:33,345 [Thread-252] INFO  impl.RoleInfo (RoleInfo.java:shutdownFollowerState(121)) - 0bbc1277-be6f-4bf3-88cf-1c3b12e139ad: shutdown FollowerState
2019-09-25 05:52:33,346 [Thread-249] INFO  impl.RoleInfo (RoleInfo.java:shutdownFollowerState(121)) - 754f3588-47e6-41ad-b34e-eb7041cce070: shutdown FollowerState
2019-09-25 05:52:33,346 [Thread-252] INFO  impl.RaftServerImpl (RaftServerImpl.java:setRole(174)) - 0bbc1277-be6f-4bf3-88cf-1c3b12e139ad@group-303B80A85CE9: changes role from  FOLLOWER to CANDIDATE at term 0 for changeToCandidate
2019-09-25 05:52:33,346 [Thread-249] INFO  impl.RaftServerImpl (RaftServerImpl.java:setRole(174)) - 754f3588-47e6-41ad-b34e-eb7041cce070@group-BDA231D70DB9: changes role from  FOLLOWER to CANDIDATE at term 0 for changeToCandidate
2019-09-25 05:52:33,346 [Thread-252] INFO  impl.RoleInfo (RoleInfo.java:updateAndGet(143)) - 0bbc1277-be6f-4bf3-88cf-1c3b12e139ad: start LeaderElection
2019-09-25 05:52:33,346 [Thread-249] INFO  impl.RoleInfo (RoleInfo.java:updateAndGet(143)) - 754f3588-47e6-41ad-b34e-eb7041cce070: start LeaderElection
2019-09-25 05:52:33,359 [pool-37-thread-1] INFO  storage.RaftStorageDirectory (RaftStorageDirectory.java:tryLock(328)) - Lock on /workdir/hadoop-ozone/integration-test/target/test-dir/MiniOzoneClusterImpl-5fae48a0-8517-4c16-9d39-4001697b8772/datanode-1/data/ratis/e1e132e8-6426-485e-9d83-38d98d4419ba/in_use.lock acquired by nodename 25594@pr-hdds-1569-s62bp-3040748787
2019-09-25 05:52:33,360 [754f3588-47e6-41ad-b34e-eb7041cce070@group-BDA231D70DB9:LeaderElection24] INFO  impl.LeaderElection (LeaderElection.java:askForVotes(182)) - 754f3588-47e6-41ad-b34e-eb7041cce070@group-BDA231D70DB9:LeaderElection24: begin an election at term 1 for -1: [754f3588-47e6-41ad-b34e-eb7041cce070:192.168.30.10:41089], old=null
2019-09-25 05:52:33,359 [0bbc1277-be6f-4bf3-88cf-1c3b12e139ad@group-303B80A85CE9:LeaderElection23] INFO  impl.LeaderElection (LeaderElection.java:askForVotes(182)) - 0bbc1277-be6f-4bf3-88cf-1c3b12e139ad@group-303B80A85CE9:LeaderElection23: begin an election at term 1 for -1: [0bbc1277-be6f-4bf3-88cf-1c3b12e139ad:192.168.30.10:46701], old=null
2019-09-25 05:52:33,359 [0bbc1277-be6f-4bf3-88cf-1c3b12e139ad@group-88E7BAD20BB4-SegmentedRaftLogWorker] INFO  segmented.SegmentedRaftLogWorker (SegmentedRaftLogWorker.java:execute(569)) - 0bbc1277-be6f-4bf3-88cf-1c3b12e139ad@group-88E7BAD20BB4-SegmentedRaftLogWorker: created new log segment /workdir/hadoop-ozone/integration-test/target/test-dir/MiniOzoneClusterImpl-5fae48a0-8517-4c16-9d39-4001697b8772/datanode-0/data/ratis/41bd3326-0907-4d51-903c-88e7bad20bb4/current/log_inprogress_0
2019-09-25 05:52:33,360 [0bbc1277-be6f-4bf3-88cf-1c3b12e139ad@group-303B80A85CE9:LeaderElection23] INFO  impl.RoleInfo (RoleInfo.java:shutdownLeaderElection(134)) - 0bbc1277-be6f-4bf3-88cf-1c3b12e139ad: shutdown LeaderElection
2019-09-25 05:52:33,360 [754f3588-47e6-41ad-b34e-eb7041cce070@group-BDA231D70DB9:LeaderElection24] INFO  impl.RoleInfo (RoleInfo.java:shutdownLeaderElection(134)) - 754f3588-47e6-41ad-b34e-eb7041cce070: shutdown LeaderElection
2019-09-25 05:52:33,360 [0bbc1277-be6f-4bf3-88cf-1c3b12e139ad@group-303B80A85CE9:LeaderElection23] INFO  impl.RaftServerImpl (RaftServerImpl.java:setRole(174)) - 0bbc1277-be6f-4bf3-88cf-1c3b12e139ad@group-303B80A85CE9: changes role from CANDIDATE to LEADER at term 1 for changeToLeader
2019-09-25 05:52:33,360 [754f3588-47e6-41ad-b34e-eb7041cce070@group-BDA231D70DB9:LeaderElection24] INFO  impl.RaftServerImpl (RaftServerImpl.java:setRole(174)) - 754f3588-47e6-41ad-b34e-eb7041cce070@group-BDA231D70DB9: changes role from CANDIDATE to LEADER at term 1 for changeToLeader
2019-09-25 05:52:33,360 [0bbc1277-be6f-4bf3-88cf-1c3b12e139ad@group-303B80A85CE9:LeaderElection23] INFO  impl.RaftServerImpl (ServerState.java:setLeader(253)) - 0bbc1277-be6f-4bf3-88cf-1c3b12e139ad@group-303B80A85CE9: change Leader from null to 0bbc1277-be6f-4bf3-88cf-1c3b12e139ad at term 1 for becomeLeader, leader elected after 5074ms
2019-09-25 05:52:33,360 [754f3588-47e6-41ad-b34e-eb7041cce070@group-BDA231D70DB9:LeaderElection24] INFO  impl.RaftServerImpl (ServerState.java:setLeader(253)) - 754f3588-47e6-41ad-b34e-eb7041cce070@group-BDA231D70DB9: change Leader from null to 754f3588-47e6-41ad-b34e-eb7041cce070 at term 1 for becomeLeader, leader elected after 5120ms
2019-09-25 05:52:33,360 [0bbc1277-be6f-4bf3-88cf-1c3b12e139ad@group-303B80A85CE9:LeaderElection23] INFO  server.RaftServerConfigKeys (ConfUtils.java:logGet(43)) - raft.server.staging.catchup.gap = 1000 (default)
2019-09-25 05:52:33,361 [754f3588-47e6-41ad-b34e-eb7041cce070@group-BDA231D70DB9:LeaderElection24] INFO  server.RaftServerConfigKeys (ConfUtils.java:logGet(43)) - raft.server.staging.catchup.gap = 1000 (default)
2019-09-25 05:52:33,361 [0bbc1277-be6f-4bf3-88cf-1c3b12e139ad@group-303B80A85CE9:LeaderElection23] INFO  server.RaftServerConfigKeys (ConfUtils.java:logGet(43)) - raft.server.rpc.sleep.time = 25ms (default)
2019-09-25 05:52:33,361 [754f3588-47e6-41ad-b34e-eb7041cce070@group-BDA231D70DB9:LeaderElection24] INFO  server.RaftServerConfigKeys (ConfUtils.java:logGet(43)) - raft.server.rpc.sleep.time = 25ms (default)
2019-09-25 05:52:33,361 [0bbc1277-be6f-4bf3-88cf-1c3b12e139ad@group-303B80A85CE9:LeaderElection23] INFO  server.RaftServerConfigKeys (ConfUtils.java:logGet(43)) - raft.server.write.element-limit = 4096 (default)
2019-09-25 05:52:33,361 [754f3588-47e6-41ad-b34e-eb7041cce070@group-BDA231D70DB9:LeaderElection24] INFO  server.RaftServerConfigKeys (ConfUtils.java:logGet(43)) - raft.server.write.element-limit = 4096 (default)
2019-09-25 05:52:33,361 [0bbc1277-be6f-4bf3-88cf-1c3b12e139ad@group-303B80A85CE9:LeaderElection23] INFO  server.RaftServerConfigKeys (ConfUtils.java:logGet(43)) - raft.server.watch.timeout = 10s (default)
2019-09-25 05:52:33,361 [754f3588-47e6-41ad-b34e-eb7041cce070@group-BDA231D70DB9:LeaderElection24] INFO  server.RaftServerConfigKeys (ConfUtils.java:logGet(43)) - raft.server.watch.timeout = 10s (default)
2019-09-25 05:52:33,361 [0bbc1277-be6f-4bf3-88cf-1c3b12e139ad@group-303B80A85CE9:LeaderElection23] INFO  server.RaftServerConfigKeys (ConfUtils.java:logGet(43)) - raft.server.watch.timeout.denomination = 1s (default)
2019-09-25 05:52:33,361 [754f3588-47e6-41ad-b34e-eb7041cce070@group-BDA231D70DB9:LeaderElection24] INFO  server.RaftServerConfigKeys (ConfUtils.java:logGet(43)) - raft.server.watch.timeout.denomination = 1s (default)
2019-09-25 05:52:33,362 [0bbc1277-be6f-4bf3-88cf-1c3b12e139ad@group-303B80A85CE9:LeaderElection23] INFO  server.RaftServerConfigKeys (ConfUtils.java:logGet(43)) - raft.server.watch.element-limit = 65536 (default)
2019-09-25 05:52:33,362 [754f3588-47e6-41ad-b34e-eb7041cce070@group-BDA231D70DB9:LeaderElection24] INFO  server.RaftServerConfigKeys (ConfUtils.java:logGet(43)) - raft.server.watch.element-limit = 65536 (default)
2019-09-25 05:52:33,364 [0bbc1277-be6f-4bf3-88cf-1c3b12e139ad@group-303B80A85CE9:LeaderElection23] INFO  impl.RoleInfo (RoleInfo.java:updateAndGet(143)) - 0bbc1277-be6f-4bf3-88cf-1c3b12e139ad: start LeaderState
2019-09-25 05:52:33,364 [0bbc1277-be6f-4bf3-88cf-1c3b12e139ad@group-303B80A85CE9:LeaderElection23] INFO  segmented.SegmentedRaftLogWorker (SegmentedRaftLogWorker.java:startLogSegment(380)) - 0bbc1277-be6f-4bf3-88cf-1c3b12e139ad@group-303B80A85CE9-SegmentedRaftLogWorker: Starting segment from index:0
2019-09-25 05:52:33,365 [754f3588-47e6-41ad-b34e-eb7041cce070@group-BDA231D70DB9:LeaderElection24] INFO  impl.RoleInfo (RoleInfo.java:updateAndGet(143)) - 754f3588-47e6-41ad-b34e-eb7041cce070: start LeaderState
2019-09-25 05:52:33,365 [754f3588-47e6-41ad-b34e-eb7041cce070@group-BDA231D70DB9:LeaderElection24] INFO  segmented.SegmentedRaftLogWorker (SegmentedRaftLogWorker.java:startLogSegment(380)) - 754f3588-47e6-41ad-b34e-eb7041cce070@group-BDA231D70DB9-SegmentedRaftLogWorker: Starting segment from index:0
2019-09-25 05:52:33,365 [Thread-255] INFO  impl.FollowerState (FollowerState.java:run(106)) - 5be219b2-97fd-4a8c-91ea-b15aa89454d4:group-AE8D9EE10905 changes to CANDIDATE, lastRpcTime:5022, electionTimeout:5022ms
2019-09-25 05:52:33,366 [Thread-255] INFO  impl.RoleInfo (RoleInfo.java:shutdownFollowerState(121)) - 5be219b2-97fd-4a8c-91ea-b15aa89454d4: shutdown FollowerState
2019-09-25 05:52:33,366 [Thread-255] INFO  impl.RaftServerImpl (RaftServerImpl.java:setRole(174)) - 5be219b2-97fd-4a8c-91ea-b15aa89454d4@group-AE8D9EE10905: changes role from  FOLLOWER to CANDIDATE at term 0 for changeToCandidate
2019-09-25 05:52:33,373 [pool-37-thread-1] INFO  storage.RaftStorage (RaftStorage.java:format(72)) - Storage directory /workdir/hadoop-ozone/integration-test/target/test-dir/MiniOzoneClusterImpl-5fae48a0-8517-4c16-9d39-4001697b8772/datanode-1/data/ratis/e1e132e8-6426-485e-9d83-38d98d4419ba has been successfully formatted.
2019-09-25 05:52:33,373 [pool-37-thread-1] INFO  ratis.ContainerStateMachine (ContainerStateMachine.java:loadSnapshot(230)) - group-38D98D4419BA: The snapshot info is null. Setting the last applied indexto:(t:0, i:~)
2019-09-25 05:52:33,374 [pool-37-thread-1] INFO  server.RaftServerConfigKeys (ConfUtils.java:logGet(43)) - raft.server.notification.no-leader.timeout = 120s (custom)
2019-09-25 05:52:33,374 [pool-37-thread-1] INFO  server.RaftServerConfigKeys (ConfUtils.java:logGet(43)) - raft.server.log.use.memory = false (default)
2019-09-25 05:52:33,374 [pool-37-thread-1] INFO  server.RaftServerConfigKeys (ConfUtils.java:logGet(43)) - raft.server.log.purge.gap = 1000000 (custom)
2019-09-25 05:52:33,374 [pool-37-thread-1] INFO  server.RaftServerConfigKeys (ConfUtils.java:logGet(43)) - raft.server.log.appender.buffer.byte-limit = 33554432 (custom)
2019-09-25 05:52:33,374 [pool-37-thread-1] INFO  server.RaftServerConfigKeys (ConfUtils.java:logGet(43)) - raft.server.log.segment.size.max = 1048576 (custom)
2019-09-25 05:52:33,374 [pool-37-thread-1] INFO  server.RaftServerConfigKeys (ConfUtils.java:logGet(43)) - raft.server.log.segment.cache.num.max = 2 (custom)
2019-09-25 05:52:33,374 [pool-37-thread-1] INFO  segmented.SegmentedRaftLogWorker (SegmentedRaftLogWorker.java:<init>(172)) - new 5be219b2-97fd-4a8c-91ea-b15aa89454d4@group-38D98D4419BA-SegmentedRaftLogWorker for RaftStorage:Storage Directory /workdir/hadoop-ozone/integration-test/target/test-dir/MiniOzoneClusterImpl-5fae48a0-8517-4c16-9d39-4001697b8772/datanode-1/data/ratis/e1e132e8-6426-485e-9d83-38d98d4419ba
2019-09-25 05:52:33,375 [pool-37-thread-1] INFO  server.RaftServerConfigKeys (ConfUtils.java:logGet(43)) - raft.server.log.queue.byte-limit = 2147483647 (custom)
2019-09-25 05:52:33,375 [pool-37-thread-1] INFO  server.RaftServerConfigKeys (ConfUtils.java:logGet(43)) - raft.server.log.queue.element-limit = 1024 (custom)
2019-09-25 05:52:33,375 [pool-37-thread-1] INFO  server.RaftServerConfigKeys (ConfUtils.java:logGet(43)) - raft.server.log.segment.size.max = 1048576 (custom)
2019-09-25 05:52:33,375 [pool-37-thread-1] INFO  server.RaftServerConfigKeys (ConfUtils.java:logGet(43)) - raft.server.log.preallocated.size = 16384 (custom)
2019-09-25 05:52:33,375 [pool-37-thread-1] INFO  server.RaftServerConfigKeys (ConfUtils.java:logGet(43)) - raft.server.log.write.buffer.size = 33554432 (custom)
2019-09-25 05:52:33,375 [pool-37-thread-1] INFO  server.RaftServerConfigKeys (ConfUtils.java:logGet(43)) - raft.server.log.force.sync.num = 128 (default)
2019-09-25 05:52:33,375 [pool-37-thread-1] INFO  server.RaftServerConfigKeys (ConfUtils.java:logGet(43)) - raft.server.log.statemachine.data.sync = true (default)
2019-09-25 05:52:33,375 [pool-37-thread-1] INFO  server.RaftServerConfigKeys (ConfUtils.java:logGet(43)) - raft.server.log.statemachine.data.sync.timeout = 10s (default)
2019-09-25 05:52:33,375 [pool-37-thread-1] INFO  server.RaftServerConfigKeys (ConfUtils.java:logGet(43)) - raft.server.log.statemachine.data.sync.timeout.retry = -1 (default)
2019-09-25 05:52:33,391 [Thread-258] INFO  impl.FollowerState (FollowerState.java:run(106)) - 5be219b2-97fd-4a8c-91ea-b15aa89454d4:group-8C08A0667C2F changes to CANDIDATE, lastRpcTime:5006, electionTimeout:5006ms
2019-09-25 05:52:33,391 [Thread-258] INFO  impl.RoleInfo (RoleInfo.java:shutdownFollowerState(121)) - 5be219b2-97fd-4a8c-91ea-b15aa89454d4: shutdown FollowerState
2019-09-25 05:52:33,391 [Thread-258] INFO  impl.RaftServerImpl (RaftServerImpl.java:setRole(174)) - 5be219b2-97fd-4a8c-91ea-b15aa89454d4@group-8C08A0667C2F: changes role from  FOLLOWER to CANDIDATE at term 0 for changeToCandidate
2019-09-25 05:52:33,405 [0bbc1277-be6f-4bf3-88cf-1c3b12e139ad@group-303B80A85CE9-SegmentedRaftLogWorker] INFO  segmented.SegmentedRaftLogWorker (SegmentedRaftLogWorker.java:execute(569)) - 0bbc1277-be6f-4bf3-88cf-1c3b12e139ad@group-303B80A85CE9-SegmentedRaftLogWorker: created new log segment /workdir/hadoop-ozone/integration-test/target/test-dir/MiniOzoneClusterImpl-5fae48a0-8517-4c16-9d39-4001697b8772/datanode-0/data/ratis/710cc713-afed-4ebc-a279-303b80a85ce9/current/log_inprogress_0
2019-09-25 05:52:33,407 [Thread-258] INFO  impl.RoleInfo (RoleInfo.java:updateAndGet(143)) - 5be219b2-97fd-4a8c-91ea-b15aa89454d4: start LeaderElection
2019-09-25 05:52:33,407 [pool-37-thread-1] INFO  server.RaftServerConfigKeys (ConfUtils.java:logGet(43)) - raft.server.log.statemachine.data.caching.enabled = true (custom)
2019-09-25 05:52:33,407 [0bbc1277-be6f-4bf3-88cf-1c3b12e139ad@group-303B80A85CE9:LeaderElection23] INFO  impl.RaftServerImpl (ServerState.java:setRaftConf(354)) - 0bbc1277-be6f-4bf3-88cf-1c3b12e139ad@group-303B80A85CE9: set configuration 0: [0bbc1277-be6f-4bf3-88cf-1c3b12e139ad:192.168.30.10:46701], old=null at 0
2019-09-25 05:52:33,407 [pool-37-thread-1] INFO  segmented.SegmentedRaftLogWorker (SegmentedRaftLogWorker.java:lambda$new$0(132)) - 5be219b2-97fd-4a8c-91ea-b15aa89454d4@group-38D98D4419BA-SegmentedRaftLogWorker: flushIndex: setUnconditionally 0 -> -1
2019-09-25 05:52:33,407 [Thread-255] INFO  impl.RoleInfo (RoleInfo.java:updateAndGet(143)) - 5be219b2-97fd-4a8c-91ea-b15aa89454d4: start LeaderElection
2019-09-25 05:52:33,437 [pool-37-thread-1] INFO  server.RaftServerConfigKeys (ConfUtils.java:logGet(43)) - raft.server.snapshot.auto.trigger.enabled = true (custom)
2019-09-25 05:52:33,407 [754f3588-47e6-41ad-b34e-eb7041cce070@group-BDA231D70DB9:LeaderElection24] INFO  impl.RaftServerImpl (ServerState.java:setRaftConf(354)) - 754f3588-47e6-41ad-b34e-eb7041cce070@group-BDA231D70DB9: set configuration 0: [754f3588-47e6-41ad-b34e-eb7041cce070:192.168.30.10:41089], old=null at 0
2019-09-25 05:52:33,438 [pool-37-thread-1] INFO  server.RaftServerConfigKeys (ConfUtils.java:logGet(43)) - raft.server.snapshot.auto.trigger.threshold = 10000 (custom)
2019-09-25 05:52:33,440 [pool-37-thread-1] INFO  server.RaftServerConfigKeys (ConfUtils.java:logGet(43)) - raft.server.snapshot.retention.num.files = 5 (custom)
2019-09-25 05:52:33,440 [754f3588-47e6-41ad-b34e-eb7041cce070@group-BDA231D70DB9-SegmentedRaftLogWorker] INFO  segmented.SegmentedRaftLogWorker (SegmentedRaftLogWorker.java:execute(569)) - 754f3588-47e6-41ad-b34e-eb7041cce070@group-BDA231D70DB9-SegmentedRaftLogWorker: created new log segment /workdir/hadoop-ozone/integration-test/target/test-dir/MiniOzoneClusterImpl-5fae48a0-8517-4c16-9d39-4001697b8772/datanode-2/data/ratis/ccedb663-dc99-45f4-80a8-bda231d70db9/current/log_inprogress_0
2019-09-25 05:52:33,440 [pool-37-thread-1] INFO  server.RaftServerConfigKeys (ConfUtils.java:logGet(43)) - raft.server.retrycache.expirytime = 600000ms (custom)
2019-09-25 05:52:33,442 [pool-37-thread-1] INFO  impl.RaftServerImpl (RaftServerImpl.java:start(185)) - 5be219b2-97fd-4a8c-91ea-b15aa89454d4@group-38D98D4419BA: start as a follower, conf=-1: [5be219b2-97fd-4a8c-91ea-b15aa89454d4:192.168.30.10:40625], old=null
2019-09-25 05:52:33,442 [pool-37-thread-1] INFO  impl.RaftServerImpl (RaftServerImpl.java:setRole(174)) - 5be219b2-97fd-4a8c-91ea-b15aa89454d4@group-38D98D4419BA: changes role from      null to FOLLOWER at term 0 for startAsFollower
2019-09-25 05:52:33,442 [pool-37-thread-1] INFO  impl.RoleInfo (RoleInfo.java:updateAndGet(143)) - 5be219b2-97fd-4a8c-91ea-b15aa89454d4: start FollowerState
2019-09-25 05:52:33,442 [pool-37-thread-1] INFO  util.JmxRegister (JmxRegister.java:tryRegister(44)) - Successfully registered JMX Bean with object name Ratis:service=RaftServer,group=group-38D98D4419BA,id=5be219b2-97fd-4a8c-91ea-b15aa89454d4
2019-09-25 05:52:33,445 [RatisPipelineUtilsThread] INFO  pipeline.PipelineStateManager (PipelineStateManager.java:addPipeline(56)) - Created pipeline Pipeline[ Id: e1e132e8-6426-485e-9d83-38d98d4419ba, Nodes: 5be219b2-97fd-4a8c-91ea-b15aa89454d4{ip: 192.168.30.10, host: pr-hdds-1569-s62bp-3040748787, networkLocation: /default-rack, certSerialId: null}, Type:RATIS, Factor:ONE, State:OPEN]
2019-09-25 05:52:33,450 [grpc-default-executor-0] INFO  impl.RaftServerProxy (RaftServerProxy.java:addNew(89)) - 0bbc1277-be6f-4bf3-88cf-1c3b12e139ad: addNew group-0DB47DC2B114:[0bbc1277-be6f-4bf3-88cf-1c3b12e139ad:192.168.30.10:46701] returns group-0DB47DC2B114:java.util.concurrent.CompletableFuture@12409fbb[Not completed]
2019-09-25 05:52:33,451 [pool-27-thread-1] INFO  impl.RaftServerImpl (RaftServerImpl.java:<init>(95)) - 0bbc1277-be6f-4bf3-88cf-1c3b12e139ad: new RaftServerImpl for group-0DB47DC2B114:[0bbc1277-be6f-4bf3-88cf-1c3b12e139ad:192.168.30.10:46701] with ContainerStateMachine:uninitialized
2019-09-25 05:52:33,451 [pool-27-thread-1] INFO  server.RaftServerConfigKeys (ConfUtils.java:logGet(43)) - raft.server.rpc.timeout.min = 5s (custom)
2019-09-25 05:52:33,451 [pool-27-thread-1] INFO  server.RaftServerConfigKeys (ConfUtils.java:logGet(43)) - raft.server.rpc.timeout.max = 5200ms (custom)
2019-09-25 05:52:33,451 [pool-27-thread-1] INFO  server.RaftServerConfigKeys (ConfUtils.java:logGet(43)) - raft.server.rpcslowness.timeout = 120s (custom)
2019-09-25 05:52:33,451 [pool-27-thread-1] INFO  server.RaftServerConfigKeys (ConfUtils.java:logGet(43)) - raft.server.sleep.deviation.threshold = 300 (default)
2019-09-25 05:52:33,451 [pool-27-thread-1] INFO  server.RaftServerConfigKeys (ConfUtils.java:logGet(43)) - raft.server.log.appender.install.snapshot.enabled = false (custom)
2019-09-25 05:52:33,452 [pool-27-thread-1] INFO  impl.RaftServerImpl (ServerState.java:<init>(103)) - 0bbc1277-be6f-4bf3-88cf-1c3b12e139ad@group-0DB47DC2B114: ConfigurationManager, init=-1: [0bbc1277-be6f-4bf3-88cf-1c3b12e139ad:192.168.30.10:46701], old=null, confs=<EMPTY_MAP>
2019-09-25 05:52:33,452 [pool-27-thread-1] INFO  server.RaftServerConfigKeys (ConfUtils.java:logGet(43)) - raft.server.storage.dir = [/workdir/hadoop-ozone/integration-test/target/test-dir/MiniOzoneClusterImpl-5fae48a0-8517-4c16-9d39-4001697b8772/datanode-0/data/ratis] (custom)
2019-09-25 05:52:33,452 [pool-27-thread-1] INFO  storage.RaftStorageDirectory (RaftStorageDirectory.java:analyzeStorage(246)) - The storage directory /workdir/hadoop-ozone/integration-test/target/test-dir/MiniOzoneClusterImpl-5fae48a0-8517-4c16-9d39-4001697b8772/datanode-0/data/ratis/f2be1c2f-435e-460b-882c-0db47dc2b114 does not exist. Creating ...
2019-09-25 05:52:33,455 [5be219b2-97fd-4a8c-91ea-b15aa89454d4@group-8C08A0667C2F:LeaderElection26] INFO  impl.LeaderElection (LeaderElection.java:askForVotes(182)) - 5be219b2-97fd-4a8c-91ea-b15aa89454d4@group-8C08A0667C2F:LeaderElection26: begin an election at term 1 for -1: [5be219b2-97fd-4a8c-91ea-b15aa89454d4:192.168.30.10:40625], old=null
2019-09-25 05:52:33,455 [5be219b2-97fd-4a8c-91ea-b15aa89454d4@group-AE8D9EE10905:LeaderElection25] INFO  impl.LeaderElection (LeaderElection.java:askForVotes(182)) - 5be219b2-97fd-4a8c-91ea-b15aa89454d4@group-AE8D9EE10905:LeaderElection25: begin an election at term 1 for -1: [5be219b2-97fd-4a8c-91ea-b15aa89454d4:192.168.30.10:40625], old=null
2019-09-25 05:52:33,455 [5be219b2-97fd-4a8c-91ea-b15aa89454d4@group-8C08A0667C2F:LeaderElection26] INFO  impl.RoleInfo (RoleInfo.java:shutdownLeaderElection(134)) - 5be219b2-97fd-4a8c-91ea-b15aa89454d4: shutdown LeaderElection
2019-09-25 05:52:33,455 [5be219b2-97fd-4a8c-91ea-b15aa89454d4@group-AE8D9EE10905:LeaderElection25] INFO  impl.RoleInfo (RoleInfo.java:shutdownLeaderElection(134)) - 5be219b2-97fd-4a8c-91ea-b15aa89454d4: shutdown LeaderElection
2019-09-25 05:52:33,456 [5be219b2-97fd-4a8c-91ea-b15aa89454d4@group-8C08A0667C2F:LeaderElection26] INFO  impl.RaftServerImpl (RaftServerImpl.java:setRole(174)) - 5be219b2-97fd-4a8c-91ea-b15aa89454d4@group-8C08A0667C2F: changes role from CANDIDATE to LEADER at term 1 for changeToLeader
2019-09-25 05:52:33,456 [5be219b2-97fd-4a8c-91ea-b15aa89454d4@group-AE8D9EE10905:LeaderElection25] INFO  impl.RaftServerImpl (RaftServerImpl.java:setRole(174)) - 5be219b2-97fd-4a8c-91ea-b15aa89454d4@group-AE8D9EE10905: changes role from CANDIDATE to LEADER at term 1 for changeToLeader
2019-09-25 05:52:33,456 [5be219b2-97fd-4a8c-91ea-b15aa89454d4@group-8C08A0667C2F:LeaderElection26] INFO  impl.RaftServerImpl (ServerState.java:setLeader(253)) - 5be219b2-97fd-4a8c-91ea-b15aa89454d4@group-8C08A0667C2F: change Leader from null to 5be219b2-97fd-4a8c-91ea-b15aa89454d4 at term 1 for becomeLeader, leader elected after 5076ms
2019-09-25 05:52:33,456 [5be219b2-97fd-4a8c-91ea-b15aa89454d4@group-AE8D9EE10905:LeaderElection25] INFO  impl.RaftServerImpl (ServerState.java:setLeader(253)) - 5be219b2-97fd-4a8c-91ea-b15aa89454d4@group-AE8D9EE10905: change Leader from null to 5be219b2-97fd-4a8c-91ea-b15aa89454d4 at term 1 for becomeLeader, leader elected after 5119ms
2019-09-25 05:52:33,456 [5be219b2-97fd-4a8c-91ea-b15aa89454d4@group-8C08A0667C2F:LeaderElection26] INFO  server.RaftServerConfigKeys (ConfUtils.java:logGet(43)) - raft.server.staging.catchup.gap = 1000 (default)
2019-09-25 05:52:33,456 [5be219b2-97fd-4a8c-91ea-b15aa89454d4@group-AE8D9EE10905:LeaderElection25] INFO  server.RaftServerConfigKeys (ConfUtils.java:logGet(43)) - raft.server.staging.catchup.gap = 1000 (default)
2019-09-25 05:52:33,456 [5be219b2-97fd-4a8c-91ea-b15aa89454d4@group-8C08A0667C2F:LeaderElection26] INFO  server.RaftServerConfigKeys (ConfUtils.java:logGet(43)) - raft.server.rpc.sleep.time = 25ms (default)
2019-09-25 05:52:33,456 [5be219b2-97fd-4a8c-91ea-b15aa89454d4@group-AE8D9EE10905:LeaderElection25] INFO  server.RaftServerConfigKeys (ConfUtils.java:logGet(43)) - raft.server.rpc.sleep.time = 25ms (default)
2019-09-25 05:52:33,456 [5be219b2-97fd-4a8c-91ea-b15aa89454d4@group-8C08A0667C2F:LeaderElection26] INFO  server.RaftServerConfigKeys (ConfUtils.java:logGet(43)) - raft.server.write.element-limit = 4096 (default)
2019-09-25 05:52:33,456 [5be219b2-97fd-4a8c-91ea-b15aa89454d4@group-AE8D9EE10905:LeaderElection25] INFO  server.RaftServerConfigKeys (ConfUtils.java:logGet(43)) - raft.server.write.element-limit = 4096 (default)
2019-09-25 05:52:33,457 [5be219b2-97fd-4a8c-91ea-b15aa89454d4@group-8C08A0667C2F:LeaderElection26] INFO  server.RaftServerConfigKeys (ConfUtils.java:logGet(43)) - raft.server.watch.timeout = 10s (default)
2019-09-25 05:52:33,457 [5be219b2-97fd-4a8c-91ea-b15aa89454d4@group-AE8D9EE10905:LeaderElection25] INFO  server.RaftServerConfigKeys (ConfUtils.java:logGet(43)) - raft.server.watch.timeout = 10s (default)
2019-09-25 05:52:33,457 [5be219b2-97fd-4a8c-91ea-b15aa89454d4@group-8C08A0667C2F:LeaderElection26] INFO  server.RaftServerConfigKeys (ConfUtils.java:logGet(43)) - raft.server.watch.timeout.denomination = 1s (default)
2019-09-25 05:52:33,457 [5be219b2-97fd-4a8c-91ea-b15aa89454d4@group-AE8D9EE10905:LeaderElection25] INFO  server.RaftServerConfigKeys (ConfUtils.java:logGet(43)) - raft.server.watch.timeout.denomination = 1s (default)
2019-09-25 05:52:33,457 [5be219b2-97fd-4a8c-91ea-b15aa89454d4@group-8C08A0667C2F:LeaderElection26] INFO  server.RaftServerConfigKeys (ConfUtils.java:logGet(43)) - raft.server.watch.element-limit = 65536 (default)
2019-09-25 05:52:33,457 [5be219b2-97fd-4a8c-91ea-b15aa89454d4@group-AE8D9EE10905:LeaderElection25] INFO  server.RaftServerConfigKeys (ConfUtils.java:logGet(43)) - raft.server.watch.element-limit = 65536 (default)
2019-09-25 05:52:33,459 [pool-27-thread-1] INFO  storage.RaftStorageDirectory (RaftStorageDirectory.java:tryLock(328)) - Lock on /workdir/hadoop-ozone/integration-test/target/test-dir/MiniOzoneClusterImpl-5fae48a0-8517-4c16-9d39-4001697b8772/datanode-0/data/ratis/f2be1c2f-435e-460b-882c-0db47dc2b114/in_use.lock acquired by nodename 25594@pr-hdds-1569-s62bp-3040748787
2019-09-25 05:52:33,459 [5be219b2-97fd-4a8c-91ea-b15aa89454d4@group-8C08A0667C2F:LeaderElection26] INFO  impl.RoleInfo (RoleInfo.java:updateAndGet(143)) - 5be219b2-97fd-4a8c-91ea-b15aa89454d4: start LeaderState
2019-09-25 05:52:33,459 [5be219b2-97fd-4a8c-91ea-b15aa89454d4@group-8C08A0667C2F:LeaderElection26] INFO  segmented.SegmentedRaftLogWorker (SegmentedRaftLogWorker.java:startLogSegment(380)) - 5be219b2-97fd-4a8c-91ea-b15aa89454d4@group-8C08A0667C2F-SegmentedRaftLogWorker: Starting segment from index:0
2019-09-25 05:52:33,459 [5be219b2-97fd-4a8c-91ea-b15aa89454d4@group-AE8D9EE10905:LeaderElection25] INFO  impl.RoleInfo (RoleInfo.java:updateAndGet(143)) - 5be219b2-97fd-4a8c-91ea-b15aa89454d4: start LeaderState
2019-09-25 05:52:33,460 [5be219b2-97fd-4a8c-91ea-b15aa89454d4@group-AE8D9EE10905:LeaderElection25] INFO  segmented.SegmentedRaftLogWorker (SegmentedRaftLogWorker.java:startLogSegment(380)) - 5be219b2-97fd-4a8c-91ea-b15aa89454d4@group-AE8D9EE10905-SegmentedRaftLogWorker: Starting segment from index:0
2019-09-25 05:52:33,460 [5be219b2-97fd-4a8c-91ea-b15aa89454d4@group-8C08A0667C2F:LeaderElection26] INFO  impl.RaftServerImpl (ServerState.java:setRaftConf(354)) - 5be219b2-97fd-4a8c-91ea-b15aa89454d4@group-8C08A0667C2F: set configuration 0: [5be219b2-97fd-4a8c-91ea-b15aa89454d4:192.168.30.10:40625], old=null at 0
2019-09-25 05:52:33,493 [pool-27-thread-1] INFO  storage.RaftStorage (RaftStorage.java:format(72)) - Storage directory /workdir/hadoop-ozone/integration-test/target/test-dir/MiniOzoneClusterImpl-5fae48a0-8517-4c16-9d39-4001697b8772/datanode-0/data/ratis/f2be1c2f-435e-460b-882c-0db47dc2b114 has been successfully formatted.
2019-09-25 05:52:33,493 [5be219b2-97fd-4a8c-91ea-b15aa89454d4@group-AE8D9EE10905:LeaderElection25] INFO  impl.RaftServerImpl (ServerState.java:setRaftConf(354)) - 5be219b2-97fd-4a8c-91ea-b15aa89454d4@group-AE8D9EE10905: set configuration 0: [5be219b2-97fd-4a8c-91ea-b15aa89454d4:192.168.30.10:40625], old=null at 0
2019-09-25 05:52:33,495 [pool-27-thread-1] INFO  ratis.ContainerStateMachine (ContainerStateMachine.java:loadSnapshot(230)) - group-0DB47DC2B114: The snapshot info is null. Setting the last applied indexto:(t:0, i:~)
2019-09-25 05:52:33,496 [pool-27-thread-1] INFO  server.RaftServerConfigKeys (ConfUtils.java:logGet(43)) - raft.server.notification.no-leader.timeout = 120s (custom)
2019-09-25 05:52:33,496 [pool-27-thread-1] INFO  server.RaftServerConfigKeys (ConfUtils.java:logGet(43)) - raft.server.log.use.memory = false (default)
2019-09-25 05:52:33,496 [pool-27-thread-1] INFO  server.RaftServerConfigKeys (ConfUtils.java:logGet(43)) - raft.server.log.purge.gap = 1000000 (custom)
2019-09-25 05:52:33,496 [pool-27-thread-1] INFO  server.RaftServerConfigKeys (ConfUtils.java:logGet(43)) - raft.server.log.appender.buffer.byte-limit = 33554432 (custom)
2019-09-25 05:52:33,496 [pool-27-thread-1] INFO  server.RaftServerConfigKeys (ConfUtils.java:logGet(43)) - raft.server.log.segment.size.max = 1048576 (custom)
2019-09-25 05:52:33,496 [pool-27-thread-1] INFO  server.RaftServerConfigKeys (ConfUtils.java:logGet(43)) - raft.server.log.segment.cache.num.max = 2 (custom)
2019-09-25 05:52:33,496 [pool-27-thread-1] INFO  segmented.SegmentedRaftLogWorker (SegmentedRaftLogWorker.java:<init>(172)) - new 0bbc1277-be6f-4bf3-88cf-1c3b12e139ad@group-0DB47DC2B114-SegmentedRaftLogWorker for RaftStorage:Storage Directory /workdir/hadoop-ozone/integration-test/target/test-dir/MiniOzoneClusterImpl-5fae48a0-8517-4c16-9d39-4001697b8772/datanode-0/data/ratis/f2be1c2f-435e-460b-882c-0db47dc2b114
2019-09-25 05:52:33,496 [pool-27-thread-1] INFO  server.RaftServerConfigKeys (ConfUtils.java:logGet(43)) - raft.server.log.queue.byte-limit = 2147483647 (custom)
2019-09-25 05:52:33,497 [pool-27-thread-1] INFO  server.RaftServerConfigKeys (ConfUtils.java:logGet(43)) - raft.server.log.queue.element-limit = 1024 (custom)
2019-09-25 05:52:33,497 [pool-27-thread-1] INFO  server.RaftServerConfigKeys (ConfUtils.java:logGet(43)) - raft.server.log.segment.size.max = 1048576 (custom)
2019-09-25 05:52:33,497 [pool-27-thread-1] INFO  server.RaftServerConfigKeys (ConfUtils.java:logGet(43)) - raft.server.log.preallocated.size = 16384 (custom)
2019-09-25 05:52:33,497 [pool-27-thread-1] INFO  server.RaftServerConfigKeys (ConfUtils.java:logGet(43)) - raft.server.log.write.buffer.size = 33554432 (custom)
2019-09-25 05:52:33,497 [pool-27-thread-1] INFO  server.RaftServerConfigKeys (ConfUtils.java:logGet(43)) - raft.server.log.force.sync.num = 128 (default)
2019-09-25 05:52:33,497 [pool-27-thread-1] INFO  server.RaftServerConfigKeys (ConfUtils.java:logGet(43)) - raft.server.log.statemachine.data.sync = true (default)
2019-09-25 05:52:33,497 [pool-27-thread-1] INFO  server.RaftServerConfigKeys (ConfUtils.java:logGet(43)) - raft.server.log.statemachine.data.sync.timeout = 10s (default)
2019-09-25 05:52:33,497 [pool-27-thread-1] INFO  server.RaftServerConfigKeys (ConfUtils.java:logGet(43)) - raft.server.log.statemachine.data.sync.timeout.retry = -1 (default)
2019-09-25 05:52:33,497 [pool-27-thread-1] INFO  server.RaftServerConfigKeys (ConfUtils.java:logGet(43)) - raft.server.log.statemachine.data.caching.enabled = true (custom)
2019-09-25 05:52:33,498 [pool-27-thread-1] INFO  segmented.SegmentedRaftLogWorker (SegmentedRaftLogWorker.java:lambda$new$0(132)) - 0bbc1277-be6f-4bf3-88cf-1c3b12e139ad@group-0DB47DC2B114-SegmentedRaftLogWorker: flushIndex: setUnconditionally 0 -> -1
2019-09-25 05:52:33,498 [pool-27-thread-1] INFO  server.RaftServerConfigKeys (ConfUtils.java:logGet(43)) - raft.server.snapshot.auto.trigger.enabled = true (custom)
2019-09-25 05:52:33,498 [pool-27-thread-1] INFO  server.RaftServerConfigKeys (ConfUtils.java:logGet(43)) - raft.server.snapshot.auto.trigger.threshold = 10000 (custom)
2019-09-25 05:52:33,498 [pool-27-thread-1] INFO  server.RaftServerConfigKeys (ConfUtils.java:logGet(43)) - raft.server.snapshot.retention.num.files = 5 (custom)
2019-09-25 05:52:33,498 [pool-27-thread-1] INFO  server.RaftServerConfigKeys (ConfUtils.java:logGet(43)) - raft.server.retrycache.expirytime = 600000ms (custom)
2019-09-25 05:52:33,500 [pool-27-thread-1] INFO  impl.RaftServerImpl (RaftServerImpl.java:start(185)) - 0bbc1277-be6f-4bf3-88cf-1c3b12e139ad@group-0DB47DC2B114: start as a follower, conf=-1: [0bbc1277-be6f-4bf3-88cf-1c3b12e139ad:192.168.30.10:46701], old=null
2019-09-25 05:52:33,500 [pool-27-thread-1] INFO  impl.RaftServerImpl (RaftServerImpl.java:setRole(174)) - 0bbc1277-be6f-4bf3-88cf-1c3b12e139ad@group-0DB47DC2B114: changes role from      null to FOLLOWER at term 0 for startAsFollower
2019-09-25 05:52:33,500 [pool-27-thread-1] INFO  impl.RoleInfo (RoleInfo.java:updateAndGet(143)) - 0bbc1277-be6f-4bf3-88cf-1c3b12e139ad: start FollowerState
2019-09-25 05:52:33,500 [pool-27-thread-1] INFO  util.JmxRegister (JmxRegister.java:tryRegister(44)) - Successfully registered JMX Bean with object name Ratis:service=RaftServer,group=group-0DB47DC2B114,id=0bbc1277-be6f-4bf3-88cf-1c3b12e139ad
2019-09-25 05:52:33,502 [RatisPipelineUtilsThread] INFO  pipeline.PipelineStateManager (PipelineStateManager.java:addPipeline(56)) - Created pipeline Pipeline[ Id: f2be1c2f-435e-460b-882c-0db47dc2b114, Nodes: 0bbc1277-be6f-4bf3-88cf-1c3b12e139ad{ip: 192.168.30.10, host: pr-hdds-1569-s62bp-3040748787, networkLocation: /default-rack, certSerialId: null}, Type:RATIS, Factor:ONE, State:OPEN]
2019-09-25 05:52:33,507 [grpc-default-executor-0] INFO  impl.RaftServerProxy (RaftServerProxy.java:addNew(89)) - 0bbc1277-be6f-4bf3-88cf-1c3b12e139ad: addNew group-13CCC1715FDD:[0bbc1277-be6f-4bf3-88cf-1c3b12e139ad:192.168.30.10:46701] returns group-13CCC1715FDD:java.util.concurrent.CompletableFuture@1d2e8e1f[Not completed]
2019-09-25 05:52:33,507 [5be219b2-97fd-4a8c-91ea-b15aa89454d4@group-8C08A0667C2F-SegmentedRaftLogWorker] INFO  segmented.SegmentedRaftLogWorker (SegmentedRaftLogWorker.java:execute(569)) - 5be219b2-97fd-4a8c-91ea-b15aa89454d4@group-8C08A0667C2F-SegmentedRaftLogWorker: created new log segment /workdir/hadoop-ozone/integration-test/target/test-dir/MiniOzoneClusterImpl-5fae48a0-8517-4c16-9d39-4001697b8772/datanode-1/data/ratis/53d115f4-9466-4ab2-bc50-8c08a0667c2f/current/log_inprogress_0
2019-09-25 05:52:33,507 [5be219b2-97fd-4a8c-91ea-b15aa89454d4@group-AE8D9EE10905-SegmentedRaftLogWorker] INFO  segmented.SegmentedRaftLogWorker (SegmentedRaftLogWorker.java:execute(569)) - 5be219b2-97fd-4a8c-91ea-b15aa89454d4@group-AE8D9EE10905-SegmentedRaftLogWorker: created new log segment /workdir/hadoop-ozone/integration-test/target/test-dir/MiniOzoneClusterImpl-5fae48a0-8517-4c16-9d39-4001697b8772/datanode-1/data/ratis/a109d0b1-ae6e-4db0-b10f-ae8d9ee10905/current/log_inprogress_0
2019-09-25 05:52:33,507 [pool-27-thread-1] INFO  impl.RaftServerImpl (RaftServerImpl.java:<init>(95)) - 0bbc1277-be6f-4bf3-88cf-1c3b12e139ad: new RaftServerImpl for group-13CCC1715FDD:[0bbc1277-be6f-4bf3-88cf-1c3b12e139ad:192.168.30.10:46701] with ContainerStateMachine:uninitialized
2019-09-25 05:52:33,508 [pool-27-thread-1] INFO  server.RaftServerConfigKeys (ConfUtils.java:logGet(43)) - raft.server.rpc.timeout.min = 5s (custom)
2019-09-25 05:52:33,508 [pool-27-thread-1] INFO  server.RaftServerConfigKeys (ConfUtils.java:logGet(43)) - raft.server.rpc.timeout.max = 5200ms (custom)
2019-09-25 05:52:33,508 [pool-27-thread-1] INFO  server.RaftServerConfigKeys (ConfUtils.java:logGet(43)) - raft.server.rpcslowness.timeout = 120s (custom)
2019-09-25 05:52:33,508 [pool-27-thread-1] INFO  server.RaftServerConfigKeys (ConfUtils.java:logGet(43)) - raft.server.sleep.deviation.threshold = 300 (default)
2019-09-25 05:52:33,508 [pool-27-thread-1] INFO  server.RaftServerConfigKeys (ConfUtils.java:logGet(43)) - raft.server.log.appender.install.snapshot.enabled = false (custom)
2019-09-25 05:52:33,508 [pool-27-thread-1] INFO  impl.RaftServerImpl (ServerState.java:<init>(103)) - 0bbc1277-be6f-4bf3-88cf-1c3b12e139ad@group-13CCC1715FDD: ConfigurationManager, init=-1: [0bbc1277-be6f-4bf3-88cf-1c3b12e139ad:192.168.30.10:46701], old=null, confs=<EMPTY_MAP>
2019-09-25 05:52:33,508 [pool-27-thread-1] INFO  server.RaftServerConfigKeys (ConfUtils.java:logGet(43)) - raft.server.storage.dir = [/workdir/hadoop-ozone/integration-test/target/test-dir/MiniOzoneClusterImpl-5fae48a0-8517-4c16-9d39-4001697b8772/datanode-0/data/ratis] (custom)
2019-09-25 05:52:33,509 [pool-27-thread-1] INFO  storage.RaftStorageDirectory (RaftStorageDirectory.java:analyzeStorage(246)) - The storage directory /workdir/hadoop-ozone/integration-test/target/test-dir/MiniOzoneClusterImpl-5fae48a0-8517-4c16-9d39-4001697b8772/datanode-0/data/ratis/815072aa-118b-463a-992f-13ccc1715fdd does not exist. Creating ...
2019-09-25 05:52:33,510 [Thread-261] INFO  impl.FollowerState (FollowerState.java:run(106)) - 5be219b2-97fd-4a8c-91ea-b15aa89454d4:group-0D7B8A261B20 changes to CANDIDATE, lastRpcTime:5076, electionTimeout:5076ms
2019-09-25 05:52:33,510 [Thread-261] INFO  impl.RoleInfo (RoleInfo.java:shutdownFollowerState(121)) - 5be219b2-97fd-4a8c-91ea-b15aa89454d4: shutdown FollowerState
2019-09-25 05:52:33,510 [Thread-261] INFO  impl.RaftServerImpl (RaftServerImpl.java:setRole(174)) - 5be219b2-97fd-4a8c-91ea-b15aa89454d4@group-0D7B8A261B20: changes role from  FOLLOWER to CANDIDATE at term 0 for changeToCandidate
2019-09-25 05:52:33,510 [Thread-261] INFO  impl.RoleInfo (RoleInfo.java:updateAndGet(143)) - 5be219b2-97fd-4a8c-91ea-b15aa89454d4: start LeaderElection
2019-09-25 05:52:33,534 [pool-27-thread-1] INFO  storage.RaftStorageDirectory (RaftStorageDirectory.java:tryLock(328)) - Lock on /workdir/hadoop-ozone/integration-test/target/test-dir/MiniOzoneClusterImpl-5fae48a0-8517-4c16-9d39-4001697b8772/datanode-0/data/ratis/815072aa-118b-463a-992f-13ccc1715fdd/in_use.lock acquired by nodename 25594@pr-hdds-1569-s62bp-3040748787
2019-09-25 05:52:33,534 [5be219b2-97fd-4a8c-91ea-b15aa89454d4@group-0D7B8A261B20:LeaderElection27] INFO  impl.LeaderElection (LeaderElection.java:askForVotes(182)) - 5be219b2-97fd-4a8c-91ea-b15aa89454d4@group-0D7B8A261B20:LeaderElection27: begin an election at term 1 for -1: [5be219b2-97fd-4a8c-91ea-b15aa89454d4:192.168.30.10:40625], old=null
2019-09-25 05:52:33,535 [5be219b2-97fd-4a8c-91ea-b15aa89454d4@group-0D7B8A261B20:LeaderElection27] INFO  impl.RoleInfo (RoleInfo.java:shutdownLeaderElection(134)) - 5be219b2-97fd-4a8c-91ea-b15aa89454d4: shutdown LeaderElection
2019-09-25 05:52:33,535 [5be219b2-97fd-4a8c-91ea-b15aa89454d4@group-0D7B8A261B20:LeaderElection27] INFO  impl.RaftServerImpl (RaftServerImpl.java:setRole(174)) - 5be219b2-97fd-4a8c-91ea-b15aa89454d4@group-0D7B8A261B20: changes role from CANDIDATE to LEADER at term 1 for changeToLeader
2019-09-25 05:52:33,535 [5be219b2-97fd-4a8c-91ea-b15aa89454d4@group-0D7B8A261B20:LeaderElection27] INFO  impl.RaftServerImpl (ServerState.java:setLeader(253)) - 5be219b2-97fd-4a8c-91ea-b15aa89454d4@group-0D7B8A261B20: change Leader from null to 5be219b2-97fd-4a8c-91ea-b15aa89454d4 at term 1 for becomeLeader, leader elected after 5109ms
2019-09-25 05:52:33,535 [5be219b2-97fd-4a8c-91ea-b15aa89454d4@group-0D7B8A261B20:LeaderElection27] INFO  server.RaftServerConfigKeys (ConfUtils.java:logGet(43)) - raft.server.staging.catchup.gap = 1000 (default)
2019-09-25 05:52:33,535 [5be219b2-97fd-4a8c-91ea-b15aa89454d4@group-0D7B8A261B20:LeaderElection27] INFO  server.RaftServerConfigKeys (ConfUtils.java:logGet(43)) - raft.server.rpc.sleep.time = 25ms (default)
2019-09-25 05:52:33,535 [5be219b2-97fd-4a8c-91ea-b15aa89454d4@group-0D7B8A261B20:LeaderElection27] INFO  server.RaftServerConfigKeys (ConfUtils.java:logGet(43)) - raft.server.write.element-limit = 4096 (default)
2019-09-25 05:52:33,535 [5be219b2-97fd-4a8c-91ea-b15aa89454d4@group-0D7B8A261B20:LeaderElection27] INFO  server.RaftServerConfigKeys (ConfUtils.java:logGet(43)) - raft.server.watch.timeout = 10s (default)
2019-09-25 05:52:33,535 [5be219b2-97fd-4a8c-91ea-b15aa89454d4@group-0D7B8A261B20:LeaderElection27] INFO  server.RaftServerConfigKeys (ConfUtils.java:logGet(43)) - raft.server.watch.timeout.denomination = 1s (default)
2019-09-25 05:52:33,536 [5be219b2-97fd-4a8c-91ea-b15aa89454d4@group-0D7B8A261B20:LeaderElection27] INFO  server.RaftServerConfigKeys (ConfUtils.java:logGet(43)) - raft.server.watch.element-limit = 65536 (default)
2019-09-25 05:52:33,537 [5be219b2-97fd-4a8c-91ea-b15aa89454d4@group-0D7B8A261B20:LeaderElection27] INFO  impl.RoleInfo (RoleInfo.java:updateAndGet(143)) - 5be219b2-97fd-4a8c-91ea-b15aa89454d4: start LeaderState
2019-09-25 05:52:33,537 [5be219b2-97fd-4a8c-91ea-b15aa89454d4@group-0D7B8A261B20:LeaderElection27] INFO  segmented.SegmentedRaftLogWorker (SegmentedRaftLogWorker.java:startLogSegment(380)) - 5be219b2-97fd-4a8c-91ea-b15aa89454d4@group-0D7B8A261B20-SegmentedRaftLogWorker: Starting segment from index:0
2019-09-25 05:52:33,538 [5be219b2-97fd-4a8c-91ea-b15aa89454d4@group-0D7B8A261B20:LeaderElection27] INFO  impl.RaftServerImpl (ServerState.java:setRaftConf(354)) - 5be219b2-97fd-4a8c-91ea-b15aa89454d4@group-0D7B8A261B20: set configuration 0: [5be219b2-97fd-4a8c-91ea-b15aa89454d4:192.168.30.10:40625], old=null at 0
2019-09-25 05:52:33,576 [pool-27-thread-1] INFO  storage.RaftStorage (RaftStorage.java:format(72)) - Storage directory /workdir/hadoop-ozone/integration-test/target/test-dir/MiniOzoneClusterImpl-5fae48a0-8517-4c16-9d39-4001697b8772/datanode-0/data/ratis/815072aa-118b-463a-992f-13ccc1715fdd has been successfully formatted.
2019-09-25 05:52:33,577 [pool-27-thread-1] INFO  ratis.ContainerStateMachine (ContainerStateMachine.java:loadSnapshot(230)) - group-13CCC1715FDD: The snapshot info is null. Setting the last applied indexto:(t:0, i:~)
2019-09-25 05:52:33,577 [pool-27-thread-1] INFO  server.RaftServerConfigKeys (ConfUtils.java:logGet(43)) - raft.server.notification.no-leader.timeout = 120s (custom)
2019-09-25 05:52:33,577 [pool-27-thread-1] INFO  server.RaftServerConfigKeys (ConfUtils.java:logGet(43)) - raft.server.log.use.memory = false (default)
2019-09-25 05:52:33,577 [pool-27-thread-1] INFO  server.RaftServerConfigKeys (ConfUtils.java:logGet(43)) - raft.server.log.purge.gap = 1000000 (custom)
2019-09-25 05:52:33,577 [pool-27-thread-1] INFO  server.RaftServerConfigKeys (ConfUtils.java:logGet(43)) - raft.server.log.appender.buffer.byte-limit = 33554432 (custom)
2019-09-25 05:52:33,577 [pool-27-thread-1] INFO  server.RaftServerConfigKeys (ConfUtils.java:logGet(43)) - raft.server.log.segment.size.max = 1048576 (custom)
2019-09-25 05:52:33,577 [pool-27-thread-1] INFO  server.RaftServerConfigKeys (ConfUtils.java:logGet(43)) - raft.server.log.segment.cache.num.max = 2 (custom)
2019-09-25 05:52:33,577 [pool-27-thread-1] INFO  segmented.SegmentedRaftLogWorker (SegmentedRaftLogWorker.java:<init>(172)) - new 0bbc1277-be6f-4bf3-88cf-1c3b12e139ad@group-13CCC1715FDD-SegmentedRaftLogWorker for RaftStorage:Storage Directory /workdir/hadoop-ozone/integration-test/target/test-dir/MiniOzoneClusterImpl-5fae48a0-8517-4c16-9d39-4001697b8772/datanode-0/data/ratis/815072aa-118b-463a-992f-13ccc1715fdd
2019-09-25 05:52:33,577 [pool-27-thread-1] INFO  server.RaftServerConfigKeys (ConfUtils.java:logGet(43)) - raft.server.log.queue.byte-limit = 2147483647 (custom)
2019-09-25 05:52:33,577 [pool-27-thread-1] INFO  server.RaftServerConfigKeys (ConfUtils.java:logGet(43)) - raft.server.log.queue.element-limit = 1024 (custom)
2019-09-25 05:52:33,577 [pool-27-thread-1] INFO  server.RaftServerConfigKeys (ConfUtils.java:logGet(43)) - raft.server.log.segment.size.max = 1048576 (custom)
2019-09-25 05:52:33,577 [pool-27-thread-1] INFO  server.RaftServerConfigKeys (ConfUtils.java:logGet(43)) - raft.server.log.preallocated.size = 16384 (custom)
2019-09-25 05:52:33,578 [pool-27-thread-1] INFO  server.RaftServerConfigKeys (ConfUtils.java:logGet(43)) - raft.server.log.write.buffer.size = 33554432 (custom)
2019-09-25 05:52:33,578 [pool-27-thread-1] INFO  server.RaftServerConfigKeys (ConfUtils.java:logGet(43)) - raft.server.log.force.sync.num = 128 (default)
2019-09-25 05:52:33,578 [pool-27-thread-1] INFO  server.RaftServerConfigKeys (ConfUtils.java:logGet(43)) - raft.server.log.statemachine.data.sync = true (default)
2019-09-25 05:52:33,578 [pool-27-thread-1] INFO  server.RaftServerConfigKeys (ConfUtils.java:logGet(43)) - raft.server.log.statemachine.data.sync.timeout = 10s (default)
2019-09-25 05:52:33,578 [pool-27-thread-1] INFO  server.RaftServerConfigKeys (ConfUtils.java:logGet(43)) - raft.server.log.statemachine.data.sync.timeout.retry = -1 (default)
2019-09-25 05:52:33,578 [pool-27-thread-1] INFO  server.RaftServerConfigKeys (ConfUtils.java:logGet(43)) - raft.server.log.statemachine.data.caching.enabled = true (custom)
2019-09-25 05:52:33,578 [pool-27-thread-1] INFO  segmented.SegmentedRaftLogWorker (SegmentedRaftLogWorker.java:lambda$new$0(132)) - 0bbc1277-be6f-4bf3-88cf-1c3b12e139ad@group-13CCC1715FDD-SegmentedRaftLogWorker: flushIndex: setUnconditionally 0 -> -1
2019-09-25 05:52:33,578 [pool-27-thread-1] INFO  server.RaftServerConfigKeys (ConfUtils.java:logGet(43)) - raft.server.snapshot.auto.trigger.enabled = true (custom)
2019-09-25 05:52:33,578 [pool-27-thread-1] INFO  server.RaftServerConfigKeys (ConfUtils.java:logGet(43)) - raft.server.snapshot.auto.trigger.threshold = 10000 (custom)
2019-09-25 05:52:33,579 [pool-27-thread-1] INFO  server.RaftServerConfigKeys (ConfUtils.java:logGet(43)) - raft.server.snapshot.retention.num.files = 5 (custom)
2019-09-25 05:52:33,579 [pool-27-thread-1] INFO  server.RaftServerConfigKeys (ConfUtils.java:logGet(43)) - raft.server.retrycache.expirytime = 600000ms (custom)
2019-09-25 05:52:33,580 [pool-27-thread-1] INFO  impl.RaftServerImpl (RaftServerImpl.java:start(185)) - 0bbc1277-be6f-4bf3-88cf-1c3b12e139ad@group-13CCC1715FDD: start as a follower, conf=-1: [0bbc1277-be6f-4bf3-88cf-1c3b12e139ad:192.168.30.10:46701], old=null
2019-09-25 05:52:33,580 [pool-27-thread-1] INFO  impl.RaftServerImpl (RaftServerImpl.java:setRole(174)) - 0bbc1277-be6f-4bf3-88cf-1c3b12e139ad@group-13CCC1715FDD: changes role from      null to FOLLOWER at term 0 for startAsFollower
2019-09-25 05:52:33,580 [pool-27-thread-1] INFO  impl.RoleInfo (RoleInfo.java:updateAndGet(143)) - 0bbc1277-be6f-4bf3-88cf-1c3b12e139ad: start FollowerState
2019-09-25 05:52:33,586 [pool-27-thread-1] INFO  util.JmxRegister (JmxRegister.java:tryRegister(44)) - Successfully registered JMX Bean with object name Ratis:service=RaftServer,group=group-13CCC1715FDD,id=0bbc1277-be6f-4bf3-88cf-1c3b12e139ad
2019-09-25 05:52:33,588 [RatisPipelineUtilsThread] INFO  pipeline.PipelineStateManager (PipelineStateManager.java:addPipeline(56)) - Created pipeline Pipeline[ Id: 815072aa-118b-463a-992f-13ccc1715fdd, Nodes: 0bbc1277-be6f-4bf3-88cf-1c3b12e139ad{ip: 192.168.30.10, host: pr-hdds-1569-s62bp-3040748787, networkLocation: /default-rack, certSerialId: null}, Type:RATIS, Factor:ONE, State:OPEN]
2019-09-25 05:52:33,593 [grpc-default-executor-0] INFO  impl.RaftServerProxy (RaftServerProxy.java:addNew(89)) - 754f3588-47e6-41ad-b34e-eb7041cce070: addNew group-C1F53D7A1728:[754f3588-47e6-41ad-b34e-eb7041cce070:192.168.30.10:41089] returns group-C1F53D7A1728:java.util.concurrent.CompletableFuture@1c33ffcf[Not completed]
2019-09-25 05:52:33,595 [pool-47-thread-1] INFO  impl.RaftServerImpl (RaftServerImpl.java:<init>(95)) - 754f3588-47e6-41ad-b34e-eb7041cce070: new RaftServerImpl for group-C1F53D7A1728:[754f3588-47e6-41ad-b34e-eb7041cce070:192.168.30.10:41089] with ContainerStateMachine:uninitialized
2019-09-25 05:52:33,595 [pool-47-thread-1] INFO  server.RaftServerConfigKeys (ConfUtils.java:logGet(43)) - raft.server.rpc.timeout.min = 5s (custom)
2019-09-25 05:52:33,595 [pool-47-thread-1] INFO  server.RaftServerConfigKeys (ConfUtils.java:logGet(43)) - raft.server.rpc.timeout.max = 5200ms (custom)
2019-09-25 05:52:33,595 [pool-47-thread-1] INFO  server.RaftServerConfigKeys (ConfUtils.java:logGet(43)) - raft.server.rpcslowness.timeout = 120s (custom)
2019-09-25 05:52:33,595 [pool-47-thread-1] INFO  server.RaftServerConfigKeys (ConfUtils.java:logGet(43)) - raft.server.sleep.deviation.threshold = 300 (default)
2019-09-25 05:52:33,595 [pool-47-thread-1] INFO  server.RaftServerConfigKeys (ConfUtils.java:logGet(43)) - raft.server.log.appender.install.snapshot.enabled = false (custom)
2019-09-25 05:52:33,595 [pool-47-thread-1] INFO  impl.RaftServerImpl (ServerState.java:<init>(103)) - 754f3588-47e6-41ad-b34e-eb7041cce070@group-C1F53D7A1728: ConfigurationManager, init=-1: [754f3588-47e6-41ad-b34e-eb7041cce070:192.168.30.10:41089], old=null, confs=<EMPTY_MAP>
2019-09-25 05:52:33,596 [pool-47-thread-1] INFO  server.RaftServerConfigKeys (ConfUtils.java:logGet(43)) - raft.server.storage.dir = [/workdir/hadoop-ozone/integration-test/target/test-dir/MiniOzoneClusterImpl-5fae48a0-8517-4c16-9d39-4001697b8772/datanode-2/data/ratis] (custom)
2019-09-25 05:52:33,596 [pool-47-thread-1] INFO  storage.RaftStorageDirectory (RaftStorageDirectory.java:analyzeStorage(246)) - The storage directory /workdir/hadoop-ozone/integration-test/target/test-dir/MiniOzoneClusterImpl-5fae48a0-8517-4c16-9d39-4001697b8772/datanode-2/data/ratis/5dd9cdd7-c87a-4263-99ce-c1f53d7a1728 does not exist. Creating ...
2019-09-25 05:52:33,599 [5be219b2-97fd-4a8c-91ea-b15aa89454d4@group-0D7B8A261B20-SegmentedRaftLogWorker] INFO  segmented.SegmentedRaftLogWorker (SegmentedRaftLogWorker.java:execute(569)) - 5be219b2-97fd-4a8c-91ea-b15aa89454d4@group-0D7B8A261B20-SegmentedRaftLogWorker: created new log segment /workdir/hadoop-ozone/integration-test/target/test-dir/MiniOzoneClusterImpl-5fae48a0-8517-4c16-9d39-4001697b8772/datanode-1/data/ratis/6bfe0943-2a04-47a0-a6d0-0d7b8a261b20/current/log_inprogress_0
2019-09-25 05:52:33,612 [pool-47-thread-1] INFO  storage.RaftStorageDirectory (RaftStorageDirectory.java:tryLock(328)) - Lock on /workdir/hadoop-ozone/integration-test/target/test-dir/MiniOzoneClusterImpl-5fae48a0-8517-4c16-9d39-4001697b8772/datanode-2/data/ratis/5dd9cdd7-c87a-4263-99ce-c1f53d7a1728/in_use.lock acquired by nodename 25594@pr-hdds-1569-s62bp-3040748787
2019-09-25 05:52:33,621 [Thread-267] INFO  impl.FollowerState (FollowerState.java:run(106)) - 754f3588-47e6-41ad-b34e-eb7041cce070:group-B136B2E426ED changes to CANDIDATE, lastRpcTime:5099, electionTimeout:5099ms
2019-09-25 05:52:33,621 [Thread-267] INFO  impl.RoleInfo (RoleInfo.java:shutdownFollowerState(121)) - 754f3588-47e6-41ad-b34e-eb7041cce070: shutdown FollowerState
2019-09-25 05:52:33,621 [Thread-267] INFO  impl.RaftServerImpl (RaftServerImpl.java:setRole(174)) - 754f3588-47e6-41ad-b34e-eb7041cce070@group-B136B2E426ED: changes role from  FOLLOWER to CANDIDATE at term 0 for changeToCandidate
2019-09-25 05:52:33,621 [Thread-267] INFO  impl.RoleInfo (RoleInfo.java:updateAndGet(143)) - 754f3588-47e6-41ad-b34e-eb7041cce070: start LeaderElection
2019-09-25 05:52:33,625 [pool-47-thread-1] INFO  storage.RaftStorage (RaftStorage.java:format(72)) - Storage directory /workdir/hadoop-ozone/integration-test/target/test-dir/MiniOzoneClusterImpl-5fae48a0-8517-4c16-9d39-4001697b8772/datanode-2/data/ratis/5dd9cdd7-c87a-4263-99ce-c1f53d7a1728 has been successfully formatted.
2019-09-25 05:52:33,625 [pool-47-thread-1] INFO  ratis.ContainerStateMachine (ContainerStateMachine.java:loadSnapshot(230)) - group-C1F53D7A1728: The snapshot info is null. Setting the last applied indexto:(t:0, i:~)
2019-09-25 05:52:33,625 [pool-47-thread-1] INFO  server.RaftServerConfigKeys (ConfUtils.java:logGet(43)) - raft.server.notification.no-leader.timeout = 120s (custom)
2019-09-25 05:52:33,625 [pool-47-thread-1] INFO  server.RaftServerConfigKeys (ConfUtils.java:logGet(43)) - raft.server.log.use.memory = false (default)
2019-09-25 05:52:33,626 [pool-47-thread-1] INFO  server.RaftServerConfigKeys (ConfUtils.java:logGet(43)) - raft.server.log.purge.gap = 1000000 (custom)
2019-09-25 05:52:33,626 [pool-47-thread-1] INFO  server.RaftServerConfigKeys (ConfUtils.java:logGet(43)) - raft.server.log.appender.buffer.byte-limit = 33554432 (custom)
2019-09-25 05:52:33,626 [pool-47-thread-1] INFO  server.RaftServerConfigKeys (ConfUtils.java:logGet(43)) - raft.server.log.segment.size.max = 1048576 (custom)
2019-09-25 05:52:33,626 [pool-47-thread-1] INFO  server.RaftServerConfigKeys (ConfUtils.java:logGet(43)) - raft.server.log.segment.cache.num.max = 2 (custom)
2019-09-25 05:52:33,626 [pool-47-thread-1] INFO  segmented.SegmentedRaftLogWorker (SegmentedRaftLogWorker.java:<init>(172)) - new 754f3588-47e6-41ad-b34e-eb7041cce070@group-C1F53D7A1728-SegmentedRaftLogWorker for RaftStorage:Storage Directory /workdir/hadoop-ozone/integration-test/target/test-dir/MiniOzoneClusterImpl-5fae48a0-8517-4c16-9d39-4001697b8772/datanode-2/data/ratis/5dd9cdd7-c87a-4263-99ce-c1f53d7a1728
2019-09-25 05:52:33,626 [pool-47-thread-1] INFO  server.RaftServerConfigKeys (ConfUtils.java:logGet(43)) - raft.server.log.queue.byte-limit = 2147483647 (custom)
2019-09-25 05:52:33,626 [pool-47-thread-1] INFO  server.RaftServerConfigKeys (ConfUtils.java:logGet(43)) - raft.server.log.queue.element-limit = 1024 (custom)
2019-09-25 05:52:33,627 [pool-47-thread-1] INFO  server.RaftServerConfigKeys (ConfUtils.java:logGet(43)) - raft.server.log.segment.size.max = 1048576 (custom)
2019-09-25 05:52:33,627 [pool-47-thread-1] INFO  server.RaftServerConfigKeys (ConfUtils.java:logGet(43)) - raft.server.log.preallocated.size = 16384 (custom)
2019-09-25 05:52:33,627 [754f3588-47e6-41ad-b34e-eb7041cce070@group-B136B2E426ED:LeaderElection28] INFO  impl.LeaderElection (LeaderElection.java:askForVotes(182)) - 754f3588-47e6-41ad-b34e-eb7041cce070@group-B136B2E426ED:LeaderElection28: begin an election at term 1 for -1: [754f3588-47e6-41ad-b34e-eb7041cce070:192.168.30.10:41089], old=null
2019-09-25 05:52:33,627 [pool-47-thread-1] INFO  server.RaftServerConfigKeys (ConfUtils.java:logGet(43)) - raft.server.log.write.buffer.size = 33554432 (custom)
2019-09-25 05:52:33,627 [754f3588-47e6-41ad-b34e-eb7041cce070@group-B136B2E426ED:LeaderElection28] INFO  impl.RoleInfo (RoleInfo.java:shutdownLeaderElection(134)) - 754f3588-47e6-41ad-b34e-eb7041cce070: shutdown LeaderElection
2019-09-25 05:52:33,627 [pool-47-thread-1] INFO  server.RaftServerConfigKeys (ConfUtils.java:logGet(43)) - raft.server.log.force.sync.num = 128 (default)
2019-09-25 05:52:33,627 [754f3588-47e6-41ad-b34e-eb7041cce070@group-B136B2E426ED:LeaderElection28] INFO  impl.RaftServerImpl (RaftServerImpl.java:setRole(174)) - 754f3588-47e6-41ad-b34e-eb7041cce070@group-B136B2E426ED: changes role from CANDIDATE to LEADER at term 1 for changeToLeader
2019-09-25 05:52:33,627 [pool-47-thread-1] INFO  server.RaftServerConfigKeys (ConfUtils.java:logGet(43)) - raft.server.log.statemachine.data.sync = true (default)
2019-09-25 05:52:33,627 [754f3588-47e6-41ad-b34e-eb7041cce070@group-B136B2E426ED:LeaderElection28] INFO  impl.RaftServerImpl (ServerState.java:setLeader(253)) - 754f3588-47e6-41ad-b34e-eb7041cce070@group-B136B2E426ED: change Leader from null to 754f3588-47e6-41ad-b34e-eb7041cce070 at term 1 for becomeLeader, leader elected after 5111ms
2019-09-25 05:52:33,628 [pool-47-thread-1] INFO  server.RaftServerConfigKeys (ConfUtils.java:logGet(43)) - raft.server.log.statemachine.data.sync.timeout = 10s (default)
2019-09-25 05:52:33,628 [754f3588-47e6-41ad-b34e-eb7041cce070@group-B136B2E426ED:LeaderElection28] INFO  server.RaftServerConfigKeys (ConfUtils.java:logGet(43)) - raft.server.staging.catchup.gap = 1000 (default)
2019-09-25 05:52:33,628 [pool-47-thread-1] INFO  server.RaftServerConfigKeys (ConfUtils.java:logGet(43)) - raft.server.log.statemachine.data.sync.timeout.retry = -1 (default)
2019-09-25 05:52:33,628 [754f3588-47e6-41ad-b34e-eb7041cce070@group-B136B2E426ED:LeaderElection28] INFO  server.RaftServerConfigKeys (ConfUtils.java:logGet(43)) - raft.server.rpc.sleep.time = 25ms (default)
2019-09-25 05:52:33,628 [pool-47-thread-1] INFO  server.RaftServerConfigKeys (ConfUtils.java:logGet(43)) - raft.server.log.statemachine.data.caching.enabled = true (custom)
2019-09-25 05:52:33,628 [754f3588-47e6-41ad-b34e-eb7041cce070@group-B136B2E426ED:LeaderElection28] INFO  server.RaftServerConfigKeys (ConfUtils.java:logGet(43)) - raft.server.write.element-limit = 4096 (default)
2019-09-25 05:52:33,628 [754f3588-47e6-41ad-b34e-eb7041cce070@group-B136B2E426ED:LeaderElection28] INFO  server.RaftServerConfigKeys (ConfUtils.java:logGet(43)) - raft.server.watch.timeout = 10s (default)
2019-09-25 05:52:33,628 [754f3588-47e6-41ad-b34e-eb7041cce070@group-B136B2E426ED:LeaderElection28] INFO  server.RaftServerConfigKeys (ConfUtils.java:logGet(43)) - raft.server.watch.timeout.denomination = 1s (default)
2019-09-25 05:52:33,628 [pool-47-thread-1] INFO  segmented.SegmentedRaftLogWorker (SegmentedRaftLogWorker.java:lambda$new$0(132)) - 754f3588-47e6-41ad-b34e-eb7041cce070@group-C1F53D7A1728-SegmentedRaftLogWorker: flushIndex: setUnconditionally 0 -> -1
2019-09-25 05:52:33,628 [754f3588-47e6-41ad-b34e-eb7041cce070@group-B136B2E426ED:LeaderElection28] INFO  server.RaftServerConfigKeys (ConfUtils.java:logGet(43)) - raft.server.watch.element-limit = 65536 (default)
2019-09-25 05:52:33,629 [pool-47-thread-1] INFO  server.RaftServerConfigKeys (ConfUtils.java:logGet(43)) - raft.server.snapshot.auto.trigger.enabled = true (custom)
2019-09-25 05:52:33,629 [pool-47-thread-1] INFO  server.RaftServerConfigKeys (ConfUtils.java:logGet(43)) - raft.server.snapshot.auto.trigger.threshold = 10000 (custom)
2019-09-25 05:52:33,629 [pool-47-thread-1] INFO  server.RaftServerConfigKeys (ConfUtils.java:logGet(43)) - raft.server.snapshot.retention.num.files = 5 (custom)
2019-09-25 05:52:33,629 [pool-47-thread-1] INFO  server.RaftServerConfigKeys (ConfUtils.java:logGet(43)) - raft.server.retrycache.expirytime = 600000ms (custom)
2019-09-25 05:52:33,630 [754f3588-47e6-41ad-b34e-eb7041cce070@group-B136B2E426ED:LeaderElection28] INFO  impl.RoleInfo (RoleInfo.java:updateAndGet(143)) - 754f3588-47e6-41ad-b34e-eb7041cce070: start LeaderState
2019-09-25 05:52:33,631 [754f3588-47e6-41ad-b34e-eb7041cce070@group-B136B2E426ED:LeaderElection28] INFO  segmented.SegmentedRaftLogWorker (SegmentedRaftLogWorker.java:startLogSegment(380)) - 754f3588-47e6-41ad-b34e-eb7041cce070@group-B136B2E426ED-SegmentedRaftLogWorker: Starting segment from index:0
2019-09-25 05:52:33,631 [754f3588-47e6-41ad-b34e-eb7041cce070@group-B136B2E426ED:LeaderElection28] INFO  impl.RaftServerImpl (ServerState.java:setRaftConf(354)) - 754f3588-47e6-41ad-b34e-eb7041cce070@group-B136B2E426ED: set configuration 0: [754f3588-47e6-41ad-b34e-eb7041cce070:192.168.30.10:41089], old=null at 0
2019-09-25 05:52:33,631 [pool-47-thread-1] INFO  impl.RaftServerImpl (RaftServerImpl.java:start(185)) - 754f3588-47e6-41ad-b34e-eb7041cce070@group-C1F53D7A1728: start as a follower, conf=-1: [754f3588-47e6-41ad-b34e-eb7041cce070:192.168.30.10:41089], old=null
2019-09-25 05:52:33,665 [Thread-270] INFO  impl.FollowerState (FollowerState.java:run(106)) - 0bbc1277-be6f-4bf3-88cf-1c3b12e139ad:group-82BD77DC9D22 changes to CANDIDATE, lastRpcTime:5076, electionTimeout:5076ms
2019-09-25 05:52:33,665 [Thread-264] INFO  impl.FollowerState (FollowerState.java:run(106)) - 5be219b2-97fd-4a8c-91ea-b15aa89454d4:group-035E92030235 changes to CANDIDATE, lastRpcTime:5190, electionTimeout:5189ms
2019-09-25 05:52:33,666 [Thread-270] INFO  impl.RoleInfo (RoleInfo.java:shutdownFollowerState(121)) - 0bbc1277-be6f-4bf3-88cf-1c3b12e139ad: shutdown FollowerState
2019-09-25 05:52:33,666 [pool-47-thread-1] INFO  impl.RaftServerImpl (RaftServerImpl.java:setRole(174)) - 754f3588-47e6-41ad-b34e-eb7041cce070@group-C1F53D7A1728: changes role from      null to FOLLOWER at term 0 for startAsFollower
2019-09-25 05:52:33,666 [Thread-270] INFO  impl.RaftServerImpl (RaftServerImpl.java:setRole(174)) - 0bbc1277-be6f-4bf3-88cf-1c3b12e139ad@group-82BD77DC9D22: changes role from  FOLLOWER to CANDIDATE at term 0 for changeToCandidate
2019-09-25 05:52:33,666 [Thread-264] INFO  impl.RoleInfo (RoleInfo.java:shutdownFollowerState(121)) - 5be219b2-97fd-4a8c-91ea-b15aa89454d4: shutdown FollowerState
2019-09-25 05:52:33,667 [Thread-270] INFO  impl.RoleInfo (RoleInfo.java:updateAndGet(143)) - 0bbc1277-be6f-4bf3-88cf-1c3b12e139ad: start LeaderElection
2019-09-25 05:52:33,666 [pool-47-thread-1] INFO  impl.RoleInfo (RoleInfo.java:updateAndGet(143)) - 754f3588-47e6-41ad-b34e-eb7041cce070: start FollowerState
2019-09-25 05:52:33,667 [Thread-264] INFO  impl.RaftServerImpl (RaftServerImpl.java:setRole(174)) - 5be219b2-97fd-4a8c-91ea-b15aa89454d4@group-035E92030235: changes role from  FOLLOWER to CANDIDATE at term 0 for changeToCandidate
2019-09-25 05:52:33,667 [Thread-264] INFO  impl.RoleInfo (RoleInfo.java:updateAndGet(143)) - 5be219b2-97fd-4a8c-91ea-b15aa89454d4: start LeaderElection
2019-09-25 05:52:33,667 [pool-47-thread-1] INFO  util.JmxRegister (JmxRegister.java:tryRegister(44)) - Successfully registered JMX Bean with object name Ratis:service=RaftServer,group=group-C1F53D7A1728,id=754f3588-47e6-41ad-b34e-eb7041cce070
2019-09-25 05:52:33,674 [RatisPipelineUtilsThread] INFO  pipeline.PipelineStateManager (PipelineStateManager.java:addPipeline(56)) - Created pipeline Pipeline[ Id: 5dd9cdd7-c87a-4263-99ce-c1f53d7a1728, Nodes: 754f3588-47e6-41ad-b34e-eb7041cce070{ip: 192.168.30.10, host: pr-hdds-1569-s62bp-3040748787, networkLocation: /default-rack, certSerialId: null}, Type:RATIS, Factor:ONE, State:OPEN]
2019-09-25 05:52:33,679 [754f3588-47e6-41ad-b34e-eb7041cce070@group-B136B2E426ED-SegmentedRaftLogWorker] INFO  segmented.SegmentedRaftLogWorker (SegmentedRaftLogWorker.java:execute(569)) - 754f3588-47e6-41ad-b34e-eb7041cce070@group-B136B2E426ED-SegmentedRaftLogWorker: created new log segment /workdir/hadoop-ozone/integration-test/target/test-dir/MiniOzoneClusterImpl-5fae48a0-8517-4c16-9d39-4001697b8772/datanode-2/data/ratis/62c04d19-3b24-4e69-8e4f-b136b2e426ed/current/log_inprogress_0
2019-09-25 05:52:33,679 [5be219b2-97fd-4a8c-91ea-b15aa89454d4@group-035E92030235:LeaderElection30] INFO  impl.LeaderElection (LeaderElection.java:askForVotes(182)) - 5be219b2-97fd-4a8c-91ea-b15aa89454d4@group-035E92030235:LeaderElection30: begin an election at term 1 for -1: [5be219b2-97fd-4a8c-91ea-b15aa89454d4:192.168.30.10:40625], old=null
2019-09-25 05:52:33,679 [0bbc1277-be6f-4bf3-88cf-1c3b12e139ad@group-82BD77DC9D22:LeaderElection29] INFO  impl.LeaderElection (LeaderElection.java:askForVotes(182)) - 0bbc1277-be6f-4bf3-88cf-1c3b12e139ad@group-82BD77DC9D22:LeaderElection29: begin an election at term 1 for -1: [0bbc1277-be6f-4bf3-88cf-1c3b12e139ad:192.168.30.10:46701], old=null
2019-09-25 05:52:33,679 [5be219b2-97fd-4a8c-91ea-b15aa89454d4@group-035E92030235:LeaderElection30] INFO  impl.RoleInfo (RoleInfo.java:shutdownLeaderElection(134)) - 5be219b2-97fd-4a8c-91ea-b15aa89454d4: shutdown LeaderElection
2019-09-25 05:52:33,679 [grpc-default-executor-0] INFO  impl.RaftServerProxy (RaftServerProxy.java:addNew(89)) - 5be219b2-97fd-4a8c-91ea-b15aa89454d4: addNew group-280C5BF5A703:[5be219b2-97fd-4a8c-91ea-b15aa89454d4:192.168.30.10:40625] returns group-280C5BF5A703:java.util.concurrent.CompletableFuture@2da6073e[Not completed]
2019-09-25 05:52:33,679 [0bbc1277-be6f-4bf3-88cf-1c3b12e139ad@group-82BD77DC9D22:LeaderElection29] INFO  impl.RoleInfo (RoleInfo.java:shutdownLeaderElection(134)) - 0bbc1277-be6f-4bf3-88cf-1c3b12e139ad: shutdown LeaderElection
2019-09-25 05:52:33,679 [5be219b2-97fd-4a8c-91ea-b15aa89454d4@group-035E92030235:LeaderElection30] INFO  impl.RaftServerImpl (RaftServerImpl.java:setRole(174)) - 5be219b2-97fd-4a8c-91ea-b15aa89454d4@group-035E92030235: changes role from CANDIDATE to LEADER at term 1 for changeToLeader
2019-09-25 05:52:33,680 [0bbc1277-be6f-4bf3-88cf-1c3b12e139ad@group-82BD77DC9D22:LeaderElection29] INFO  impl.RaftServerImpl (RaftServerImpl.java:setRole(174)) - 0bbc1277-be6f-4bf3-88cf-1c3b12e139ad@group-82BD77DC9D22: changes role from CANDIDATE to LEADER at term 1 for changeToLeader
2019-09-25 05:52:33,680 [5be219b2-97fd-4a8c-91ea-b15aa89454d4@group-035E92030235:LeaderElection30] INFO  impl.RaftServerImpl (ServerState.java:setLeader(253)) - 5be219b2-97fd-4a8c-91ea-b15aa89454d4@group-035E92030235: change Leader from null to 5be219b2-97fd-4a8c-91ea-b15aa89454d4 at term 1 for becomeLeader, leader elected after 5212ms
2019-09-25 05:52:33,680 [0bbc1277-be6f-4bf3-88cf-1c3b12e139ad@group-82BD77DC9D22:LeaderElection29] INFO  impl.RaftServerImpl (ServerState.java:setLeader(253)) - 0bbc1277-be6f-4bf3-88cf-1c3b12e139ad@group-82BD77DC9D22: change Leader from null to 0bbc1277-be6f-4bf3-88cf-1c3b12e139ad at term 1 for becomeLeader, leader elected after 5098ms
2019-09-25 05:52:33,680 [5be219b2-97fd-4a8c-91ea-b15aa89454d4@group-035E92030235:LeaderElection30] INFO  server.RaftServerConfigKeys (ConfUtils.java:logGet(43)) - raft.server.staging.catchup.gap = 1000 (default)
2019-09-25 05:52:33,680 [0bbc1277-be6f-4bf3-88cf-1c3b12e139ad@group-82BD77DC9D22:LeaderElection29] INFO  server.RaftServerConfigKeys (ConfUtils.java:logGet(43)) - raft.server.staging.catchup.gap = 1000 (default)
2019-09-25 05:52:33,680 [5be219b2-97fd-4a8c-91ea-b15aa89454d4@group-035E92030235:LeaderElection30] INFO  server.RaftServerConfigKeys (ConfUtils.java:logGet(43)) - raft.server.rpc.sleep.time = 25ms (default)
2019-09-25 05:52:33,680 [0bbc1277-be6f-4bf3-88cf-1c3b12e139ad@group-82BD77DC9D22:LeaderElection29] INFO  server.RaftServerConfigKeys (ConfUtils.java:logGet(43)) - raft.server.rpc.sleep.time = 25ms (default)
2019-09-25 05:52:33,680 [5be219b2-97fd-4a8c-91ea-b15aa89454d4@group-035E92030235:LeaderElection30] INFO  server.RaftServerConfigKeys (ConfUtils.java:logGet(43)) - raft.server.write.element-limit = 4096 (default)
2019-09-25 05:52:33,680 [0bbc1277-be6f-4bf3-88cf-1c3b12e139ad@group-82BD77DC9D22:LeaderElection29] INFO  server.RaftServerConfigKeys (ConfUtils.java:logGet(43)) - raft.server.write.element-limit = 4096 (default)
2019-09-25 05:52:33,681 [5be219b2-97fd-4a8c-91ea-b15aa89454d4@group-035E92030235:LeaderElection30] INFO  server.RaftServerConfigKeys (ConfUtils.java:logGet(43)) - raft.server.watch.timeout = 10s (default)
2019-09-25 05:52:33,681 [0bbc1277-be6f-4bf3-88cf-1c3b12e139ad@group-82BD77DC9D22:LeaderElection29] INFO  server.RaftServerConfigKeys (ConfUtils.java:logGet(43)) - raft.server.watch.timeout = 10s (default)
2019-09-25 05:52:33,681 [5be219b2-97fd-4a8c-91ea-b15aa89454d4@group-035E92030235:LeaderElection30] INFO  server.RaftServerConfigKeys (ConfUtils.java:logGet(43)) - raft.server.watch.timeout.denomination = 1s (default)
2019-09-25 05:52:33,681 [pool-37-thread-1] INFO  impl.RaftServerImpl (RaftServerImpl.java:<init>(95)) - 5be219b2-97fd-4a8c-91ea-b15aa89454d4: new RaftServerImpl for group-280C5BF5A703:[5be219b2-97fd-4a8c-91ea-b15aa89454d4:192.168.30.10:40625] with ContainerStateMachine:uninitialized
2019-09-25 05:52:33,681 [5be219b2-97fd-4a8c-91ea-b15aa89454d4@group-035E92030235:LeaderElection30] INFO  server.RaftServerConfigKeys (ConfUtils.java:logGet(43)) - raft.server.watch.element-limit = 65536 (default)
2019-09-25 05:52:33,681 [0bbc1277-be6f-4bf3-88cf-1c3b12e139ad@group-82BD77DC9D22:LeaderElection29] INFO  server.RaftServerConfigKeys (ConfUtils.java:logGet(43)) - raft.server.watch.timeout.denomination = 1s (default)
2019-09-25 05:52:33,681 [pool-37-thread-1] INFO  server.RaftServerConfigKeys (ConfUtils.java:logGet(43)) - raft.server.rpc.timeout.min = 5s (custom)
2019-09-25 05:52:33,681 [0bbc1277-be6f-4bf3-88cf-1c3b12e139ad@group-82BD77DC9D22:LeaderElection29] INFO  server.RaftServerConfigKeys (ConfUtils.java:logGet(43)) - raft.server.watch.element-limit = 65536 (default)
2019-09-25 05:52:33,681 [pool-37-thread-1] INFO  server.RaftServerConfigKeys (ConfUtils.java:logGet(43)) - raft.server.rpc.timeout.max = 5200ms (custom)
2019-09-25 05:52:33,682 [pool-37-thread-1] INFO  server.RaftServerConfigKeys (ConfUtils.java:logGet(43)) - raft.server.rpcslowness.timeout = 120s (custom)
2019-09-25 05:52:33,682 [pool-37-thread-1] INFO  server.RaftServerConfigKeys (ConfUtils.java:logGet(43)) - raft.server.sleep.deviation.threshold = 300 (default)
2019-09-25 05:52:33,682 [pool-37-thread-1] INFO  server.RaftServerConfigKeys (ConfUtils.java:logGet(43)) - raft.server.log.appender.install.snapshot.enabled = false (custom)
2019-09-25 05:52:33,682 [pool-37-thread-1] INFO  impl.RaftServerImpl (ServerState.java:<init>(103)) - 5be219b2-97fd-4a8c-91ea-b15aa89454d4@group-280C5BF5A703: ConfigurationManager, init=-1: [5be219b2-97fd-4a8c-91ea-b15aa89454d4:192.168.30.10:40625], old=null, confs=<EMPTY_MAP>
2019-09-25 05:52:33,682 [pool-37-thread-1] INFO  server.RaftServerConfigKeys (ConfUtils.java:logGet(43)) - raft.server.storage.dir = [/workdir/hadoop-ozone/integration-test/target/test-dir/MiniOzoneClusterImpl-5fae48a0-8517-4c16-9d39-4001697b8772/datanode-1/data/ratis] (custom)
2019-09-25 05:52:33,683 [pool-37-thread-1] INFO  storage.RaftStorageDirectory (RaftStorageDirectory.java:analyzeStorage(246)) - The storage directory /workdir/hadoop-ozone/integration-test/target/test-dir/MiniOzoneClusterImpl-5fae48a0-8517-4c16-9d39-4001697b8772/datanode-1/data/ratis/71cc88b0-5846-4503-a2d8-280c5bf5a703 does not exist. Creating ...
2019-09-25 05:52:33,683 [5be219b2-97fd-4a8c-91ea-b15aa89454d4@group-035E92030235:LeaderElection30] INFO  impl.RoleInfo (RoleInfo.java:updateAndGet(143)) - 5be219b2-97fd-4a8c-91ea-b15aa89454d4: start LeaderState
2019-09-25 05:52:33,683 [0bbc1277-be6f-4bf3-88cf-1c3b12e139ad@group-82BD77DC9D22:LeaderElection29] INFO  impl.RoleInfo (RoleInfo.java:updateAndGet(143)) - 0bbc1277-be6f-4bf3-88cf-1c3b12e139ad: start LeaderState
2019-09-25 05:52:33,684 [5be219b2-97fd-4a8c-91ea-b15aa89454d4@group-035E92030235:LeaderElection30] INFO  segmented.SegmentedRaftLogWorker (SegmentedRaftLogWorker.java:startLogSegment(380)) - 5be219b2-97fd-4a8c-91ea-b15aa89454d4@group-035E92030235-SegmentedRaftLogWorker: Starting segment from index:0
2019-09-25 05:52:33,684 [0bbc1277-be6f-4bf3-88cf-1c3b12e139ad@group-82BD77DC9D22:LeaderElection29] INFO  segmented.SegmentedRaftLogWorker (SegmentedRaftLogWorker.java:startLogSegment(380)) - 0bbc1277-be6f-4bf3-88cf-1c3b12e139ad@group-82BD77DC9D22-SegmentedRaftLogWorker: Starting segment from index:0
2019-09-25 05:52:33,684 [5be219b2-97fd-4a8c-91ea-b15aa89454d4@group-035E92030235:LeaderElection30] INFO  impl.RaftServerImpl (ServerState.java:setRaftConf(354)) - 5be219b2-97fd-4a8c-91ea-b15aa89454d4@group-035E92030235: set configuration 0: [5be219b2-97fd-4a8c-91ea-b15aa89454d4:192.168.30.10:40625], old=null at 0
2019-09-25 05:52:33,684 [0bbc1277-be6f-4bf3-88cf-1c3b12e139ad@group-82BD77DC9D22:LeaderElection29] INFO  impl.RaftServerImpl (ServerState.java:setRaftConf(354)) - 0bbc1277-be6f-4bf3-88cf-1c3b12e139ad@group-82BD77DC9D22: set configuration 0: [0bbc1277-be6f-4bf3-88cf-1c3b12e139ad:192.168.30.10:46701], old=null at 0
2019-09-25 05:52:33,719 [pool-37-thread-1] INFO  storage.RaftStorageDirectory (RaftStorageDirectory.java:tryLock(328)) - Lock on /workdir/hadoop-ozone/integration-test/target/test-dir/MiniOzoneClusterImpl-5fae48a0-8517-4c16-9d39-4001697b8772/datanode-1/data/ratis/71cc88b0-5846-4503-a2d8-280c5bf5a703/in_use.lock acquired by nodename 25594@pr-hdds-1569-s62bp-3040748787
2019-09-25 05:52:33,719 [Thread-273] INFO  impl.FollowerState (FollowerState.java:run(106)) - 754f3588-47e6-41ad-b34e-eb7041cce070:group-2FC77B5E22C2 changes to CANDIDATE, lastRpcTime:5079, electionTimeout:5069ms
2019-09-25 05:52:33,751 [5be219b2-97fd-4a8c-91ea-b15aa89454d4@group-035E92030235-SegmentedRaftLogWorker] INFO  segmented.SegmentedRaftLogWorker (SegmentedRaftLogWorker.java:execute(569)) - 5be219b2-97fd-4a8c-91ea-b15aa89454d4@group-035E92030235-SegmentedRaftLogWorker: created new log segment /workdir/hadoop-ozone/integration-test/target/test-dir/MiniOzoneClusterImpl-5fae48a0-8517-4c16-9d39-4001697b8772/datanode-1/data/ratis/a0b4074e-f300-4f36-aff2-035e92030235/current/log_inprogress_0
2019-09-25 05:52:33,751 [Thread-273] INFO  impl.RoleInfo (RoleInfo.java:shutdownFollowerState(121)) - 754f3588-47e6-41ad-b34e-eb7041cce070: shutdown FollowerState
2019-09-25 05:52:33,752 [Thread-273] INFO  impl.RaftServerImpl (RaftServerImpl.java:setRole(174)) - 754f3588-47e6-41ad-b34e-eb7041cce070@group-2FC77B5E22C2: changes role from  FOLLOWER to CANDIDATE at term 0 for changeToCandidate
2019-09-25 05:52:33,752 [Thread-273] INFO  impl.RoleInfo (RoleInfo.java:updateAndGet(143)) - 754f3588-47e6-41ad-b34e-eb7041cce070: start LeaderElection
2019-09-25 05:52:33,764 [0bbc1277-be6f-4bf3-88cf-1c3b12e139ad@group-82BD77DC9D22-SegmentedRaftLogWorker] INFO  segmented.SegmentedRaftLogWorker (SegmentedRaftLogWorker.java:execute(569)) - 0bbc1277-be6f-4bf3-88cf-1c3b12e139ad@group-82BD77DC9D22-SegmentedRaftLogWorker: created new log segment /workdir/hadoop-ozone/integration-test/target/test-dir/MiniOzoneClusterImpl-5fae48a0-8517-4c16-9d39-4001697b8772/datanode-0/data/ratis/65a8b763-f3b7-4b37-95c8-82bd77dc9d22/current/log_inprogress_0
2019-09-25 05:52:33,764 [pool-37-thread-1] INFO  storage.RaftStorage (RaftStorage.java:format(72)) - Storage directory /workdir/hadoop-ozone/integration-test/target/test-dir/MiniOzoneClusterImpl-5fae48a0-8517-4c16-9d39-4001697b8772/datanode-1/data/ratis/71cc88b0-5846-4503-a2d8-280c5bf5a703 has been successfully formatted.
2019-09-25 05:52:33,764 [754f3588-47e6-41ad-b34e-eb7041cce070@group-2FC77B5E22C2:LeaderElection31] INFO  impl.LeaderElection (LeaderElection.java:askForVotes(182)) - 754f3588-47e6-41ad-b34e-eb7041cce070@group-2FC77B5E22C2:LeaderElection31: begin an election at term 1 for -1: [754f3588-47e6-41ad-b34e-eb7041cce070:192.168.30.10:41089], old=null
2019-09-25 05:52:33,764 [pool-37-thread-1] INFO  ratis.ContainerStateMachine (ContainerStateMachine.java:loadSnapshot(230)) - group-280C5BF5A703: The snapshot info is null. Setting the last applied indexto:(t:0, i:~)
2019-09-25 05:52:33,764 [754f3588-47e6-41ad-b34e-eb7041cce070@group-2FC77B5E22C2:LeaderElection31] INFO  impl.RoleInfo (RoleInfo.java:shutdownLeaderElection(134)) - 754f3588-47e6-41ad-b34e-eb7041cce070: shutdown LeaderElection
2019-09-25 05:52:33,764 [pool-37-thread-1] INFO  server.RaftServerConfigKeys (ConfUtils.java:logGet(43)) - raft.server.notification.no-leader.timeout = 120s (custom)
2019-09-25 05:52:33,764 [754f3588-47e6-41ad-b34e-eb7041cce070@group-2FC77B5E22C2:LeaderElection31] INFO  impl.RaftServerImpl (RaftServerImpl.java:setRole(174)) - 754f3588-47e6-41ad-b34e-eb7041cce070@group-2FC77B5E22C2: changes role from CANDIDATE to LEADER at term 1 for changeToLeader
2019-09-25 05:52:33,764 [pool-37-thread-1] INFO  server.RaftServerConfigKeys (ConfUtils.java:logGet(43)) - raft.server.log.use.memory = false (default)
2019-09-25 05:52:33,764 [754f3588-47e6-41ad-b34e-eb7041cce070@group-2FC77B5E22C2:LeaderElection31] INFO  impl.RaftServerImpl (ServerState.java:setLeader(253)) - 754f3588-47e6-41ad-b34e-eb7041cce070@group-2FC77B5E22C2: change Leader from null to 754f3588-47e6-41ad-b34e-eb7041cce070 at term 1 for becomeLeader, leader elected after 5129ms
2019-09-25 05:52:33,764 [pool-37-thread-1] INFO  server.RaftServerConfigKeys (ConfUtils.java:logGet(43)) - raft.server.log.purge.gap = 1000000 (custom)
2019-09-25 05:52:33,765 [754f3588-47e6-41ad-b34e-eb7041cce070@group-2FC77B5E22C2:LeaderElection31] INFO  server.RaftServerConfigKeys (ConfUtils.java:logGet(43)) - raft.server.staging.catchup.gap = 1000 (default)
2019-09-25 05:52:33,765 [pool-37-thread-1] INFO  server.RaftServerConfigKeys (ConfUtils.java:logGet(43)) - raft.server.log.appender.buffer.byte-limit = 33554432 (custom)
2019-09-25 05:52:33,765 [754f3588-47e6-41ad-b34e-eb7041cce070@group-2FC77B5E22C2:LeaderElection31] INFO  server.RaftServerConfigKeys (ConfUtils.java:logGet(43)) - raft.server.rpc.sleep.time = 25ms (default)
2019-09-25 05:52:33,765 [pool-37-thread-1] INFO  server.RaftServerConfigKeys (ConfUtils.java:logGet(43)) - raft.server.log.segment.size.max = 1048576 (custom)
2019-09-25 05:52:33,765 [754f3588-47e6-41ad-b34e-eb7041cce070@group-2FC77B5E22C2:LeaderElection31] INFO  server.RaftServerConfigKeys (ConfUtils.java:logGet(43)) - raft.server.write.element-limit = 4096 (default)
2019-09-25 05:52:33,765 [pool-37-thread-1] INFO  server.RaftServerConfigKeys (ConfUtils.java:logGet(43)) - raft.server.log.segment.cache.num.max = 2 (custom)
2019-09-25 05:52:33,765 [754f3588-47e6-41ad-b34e-eb7041cce070@group-2FC77B5E22C2:LeaderElection31] INFO  server.RaftServerConfigKeys (ConfUtils.java:logGet(43)) - raft.server.watch.timeout = 10s (default)
2019-09-25 05:52:33,765 [pool-37-thread-1] INFO  segmented.SegmentedRaftLogWorker (SegmentedRaftLogWorker.java:<init>(172)) - new 5be219b2-97fd-4a8c-91ea-b15aa89454d4@group-280C5BF5A703-SegmentedRaftLogWorker for RaftStorage:Storage Directory /workdir/hadoop-ozone/integration-test/target/test-dir/MiniOzoneClusterImpl-5fae48a0-8517-4c16-9d39-4001697b8772/datanode-1/data/ratis/71cc88b0-5846-4503-a2d8-280c5bf5a703
2019-09-25 05:52:33,765 [754f3588-47e6-41ad-b34e-eb7041cce070@group-2FC77B5E22C2:LeaderElection31] INFO  server.RaftServerConfigKeys (ConfUtils.java:logGet(43)) - raft.server.watch.timeout.denomination = 1s (default)
2019-09-25 05:52:33,766 [pool-37-thread-1] INFO  server.RaftServerConfigKeys (ConfUtils.java:logGet(43)) - raft.server.log.queue.byte-limit = 2147483647 (custom)
2019-09-25 05:52:33,766 [754f3588-47e6-41ad-b34e-eb7041cce070@group-2FC77B5E22C2:LeaderElection31] INFO  server.RaftServerConfigKeys (ConfUtils.java:logGet(43)) - raft.server.watch.element-limit = 65536 (default)
2019-09-25 05:52:33,766 [pool-37-thread-1] INFO  server.RaftServerConfigKeys (ConfUtils.java:logGet(43)) - raft.server.log.queue.element-limit = 1024 (custom)
2019-09-25 05:52:33,766 [pool-37-thread-1] INFO  server.RaftServerConfigKeys (ConfUtils.java:logGet(43)) - raft.server.log.segment.size.max = 1048576 (custom)
2019-09-25 05:52:33,766 [pool-37-thread-1] INFO  server.RaftServerConfigKeys (ConfUtils.java:logGet(43)) - raft.server.log.preallocated.size = 16384 (custom)
2019-09-25 05:52:33,766 [pool-37-thread-1] INFO  server.RaftServerConfigKeys (ConfUtils.java:logGet(43)) - raft.server.log.write.buffer.size = 33554432 (custom)
2019-09-25 05:52:33,766 [pool-37-thread-1] INFO  server.RaftServerConfigKeys (ConfUtils.java:logGet(43)) - raft.server.log.force.sync.num = 128 (default)
2019-09-25 05:52:33,766 [Thread-280] INFO  impl.FollowerState (FollowerState.java:run(106)) - 0bbc1277-be6f-4bf3-88cf-1c3b12e139ad:group-2E8135084781 changes to CANDIDATE, lastRpcTime:5030, electionTimeout:5030ms
2019-09-25 05:52:33,766 [pool-37-thread-1] INFO  server.RaftServerConfigKeys (ConfUtils.java:logGet(43)) - raft.server.log.statemachine.data.sync = true (default)
2019-09-25 05:52:33,766 [Thread-280] INFO  impl.RoleInfo (RoleInfo.java:shutdownFollowerState(121)) - 0bbc1277-be6f-4bf3-88cf-1c3b12e139ad: shutdown FollowerState
2019-09-25 05:52:33,766 [pool-37-thread-1] INFO  server.RaftServerConfigKeys (ConfUtils.java:logGet(43)) - raft.server.log.statemachine.data.sync.timeout = 10s (default)
2019-09-25 05:52:33,767 [Thread-280] INFO  impl.RaftServerImpl (RaftServerImpl.java:setRole(174)) - 0bbc1277-be6f-4bf3-88cf-1c3b12e139ad@group-2E8135084781: changes role from  FOLLOWER to CANDIDATE at term 0 for changeToCandidate
2019-09-25 05:52:33,767 [pool-37-thread-1] INFO  server.RaftServerConfigKeys (ConfUtils.java:logGet(43)) - raft.server.log.statemachine.data.sync.timeout.retry = -1 (default)
2019-09-25 05:52:33,767 [Thread-280] INFO  impl.RoleInfo (RoleInfo.java:updateAndGet(143)) - 0bbc1277-be6f-4bf3-88cf-1c3b12e139ad: start LeaderElection
2019-09-25 05:52:33,767 [pool-37-thread-1] INFO  server.RaftServerConfigKeys (ConfUtils.java:logGet(43)) - raft.server.log.statemachine.data.caching.enabled = true (custom)
2019-09-25 05:52:33,767 [pool-37-thread-1] INFO  segmented.SegmentedRaftLogWorker (SegmentedRaftLogWorker.java:lambda$new$0(132)) - 5be219b2-97fd-4a8c-91ea-b15aa89454d4@group-280C5BF5A703-SegmentedRaftLogWorker: flushIndex: setUnconditionally 0 -> -1
2019-09-25 05:52:33,769 [pool-37-thread-1] INFO  server.RaftServerConfigKeys (ConfUtils.java:logGet(43)) - raft.server.snapshot.auto.trigger.enabled = true (custom)
2019-09-25 05:52:33,769 [754f3588-47e6-41ad-b34e-eb7041cce070@group-2FC77B5E22C2:LeaderElection31] INFO  impl.RoleInfo (RoleInfo.java:updateAndGet(143)) - 754f3588-47e6-41ad-b34e-eb7041cce070: start LeaderState
2019-09-25 05:52:33,769 [pool-37-thread-1] INFO  server.RaftServerConfigKeys (ConfUtils.java:logGet(43)) - raft.server.snapshot.auto.trigger.threshold = 10000 (custom)
2019-09-25 05:52:33,770 [754f3588-47e6-41ad-b34e-eb7041cce070@group-2FC77B5E22C2:LeaderElection31] INFO  segmented.SegmentedRaftLogWorker (SegmentedRaftLogWorker.java:startLogSegment(380)) - 754f3588-47e6-41ad-b34e-eb7041cce070@group-2FC77B5E22C2-SegmentedRaftLogWorker: Starting segment from index:0
2019-09-25 05:52:33,770 [pool-37-thread-1] INFO  server.RaftServerConfigKeys (ConfUtils.java:logGet(43)) - raft.server.snapshot.retention.num.files = 5 (custom)
2019-09-25 05:52:33,770 [pool-37-thread-1] INFO  server.RaftServerConfigKeys (ConfUtils.java:logGet(43)) - raft.server.retrycache.expirytime = 600000ms (custom)
2019-09-25 05:52:33,770 [754f3588-47e6-41ad-b34e-eb7041cce070@group-2FC77B5E22C2:LeaderElection31] INFO  impl.RaftServerImpl (ServerState.java:setRaftConf(354)) - 754f3588-47e6-41ad-b34e-eb7041cce070@group-2FC77B5E22C2: set configuration 0: [754f3588-47e6-41ad-b34e-eb7041cce070:192.168.30.10:41089], old=null at 0
2019-09-25 05:52:33,803 [0bbc1277-be6f-4bf3-88cf-1c3b12e139ad@group-2E8135084781:LeaderElection32] INFO  impl.LeaderElection (LeaderElection.java:askForVotes(182)) - 0bbc1277-be6f-4bf3-88cf-1c3b12e139ad@group-2E8135084781:LeaderElection32: begin an election at term 1 for -1: [0bbc1277-be6f-4bf3-88cf-1c3b12e139ad:192.168.30.10:46701], old=null
2019-09-25 05:52:33,803 [0bbc1277-be6f-4bf3-88cf-1c3b12e139ad@group-2E8135084781:LeaderElection32] INFO  impl.RoleInfo (RoleInfo.java:shutdownLeaderElection(134)) - 0bbc1277-be6f-4bf3-88cf-1c3b12e139ad: shutdown LeaderElection
2019-09-25 05:52:33,803 [0bbc1277-be6f-4bf3-88cf-1c3b12e139ad@group-2E8135084781:LeaderElection32] INFO  impl.RaftServerImpl (RaftServerImpl.java:setRole(174)) - 0bbc1277-be6f-4bf3-88cf-1c3b12e139ad@group-2E8135084781: changes role from CANDIDATE to LEADER at term 1 for changeToLeader
2019-09-25 05:52:33,803 [0bbc1277-be6f-4bf3-88cf-1c3b12e139ad@group-2E8135084781:LeaderElection32] INFO  impl.RaftServerImpl (ServerState.java:setLeader(253)) - 0bbc1277-be6f-4bf3-88cf-1c3b12e139ad@group-2E8135084781: change Leader from null to 0bbc1277-be6f-4bf3-88cf-1c3b12e139ad at term 1 for becomeLeader, leader elected after 5073ms
2019-09-25 05:52:33,804 [0bbc1277-be6f-4bf3-88cf-1c3b12e139ad@group-2E8135084781:LeaderElection32] INFO  server.RaftServerConfigKeys (ConfUtils.java:logGet(43)) - raft.server.staging.catchup.gap = 1000 (default)
2019-09-25 05:52:33,804 [0bbc1277-be6f-4bf3-88cf-1c3b12e139ad@group-2E8135084781:LeaderElection32] INFO  server.RaftServerConfigKeys (ConfUtils.java:logGet(43)) - raft.server.rpc.sleep.time = 25ms (default)
2019-09-25 05:52:33,804 [0bbc1277-be6f-4bf3-88cf-1c3b12e139ad@group-2E8135084781:LeaderElection32] INFO  server.RaftServerConfigKeys (ConfUtils.java:logGet(43)) - raft.server.write.element-limit = 4096 (default)
2019-09-25 05:52:33,804 [0bbc1277-be6f-4bf3-88cf-1c3b12e139ad@group-2E8135084781:LeaderElection32] INFO  server.RaftServerConfigKeys (ConfUtils.java:logGet(43)) - raft.server.watch.timeout = 10s (default)
2019-09-25 05:52:33,804 [0bbc1277-be6f-4bf3-88cf-1c3b12e139ad@group-2E8135084781:LeaderElection32] INFO  server.RaftServerConfigKeys (ConfUtils.java:logGet(43)) - raft.server.watch.timeout.denomination = 1s (default)
2019-09-25 05:52:33,804 [0bbc1277-be6f-4bf3-88cf-1c3b12e139ad@group-2E8135084781:LeaderElection32] INFO  server.RaftServerConfigKeys (ConfUtils.java:logGet(43)) - raft.server.watch.element-limit = 65536 (default)
2019-09-25 05:52:33,805 [pool-37-thread-1] INFO  impl.RaftServerImpl (RaftServerImpl.java:start(185)) - 5be219b2-97fd-4a8c-91ea-b15aa89454d4@group-280C5BF5A703: start as a follower, conf=-1: [5be219b2-97fd-4a8c-91ea-b15aa89454d4:192.168.30.10:40625], old=null
2019-09-25 05:52:33,805 [pool-37-thread-1] INFO  impl.RaftServerImpl (RaftServerImpl.java:setRole(174)) - 5be219b2-97fd-4a8c-91ea-b15aa89454d4@group-280C5BF5A703: changes role from      null to FOLLOWER at term 0 for startAsFollower
2019-09-25 05:52:33,805 [pool-37-thread-1] INFO  impl.RoleInfo (RoleInfo.java:updateAndGet(143)) - 5be219b2-97fd-4a8c-91ea-b15aa89454d4: start FollowerState
2019-09-25 05:52:33,806 [pool-37-thread-1] INFO  util.JmxRegister (JmxRegister.java:tryRegister(44)) - Successfully registered JMX Bean with object name Ratis:service=RaftServer,group=group-280C5BF5A703,id=5be219b2-97fd-4a8c-91ea-b15aa89454d4
2019-09-25 05:52:33,806 [0bbc1277-be6f-4bf3-88cf-1c3b12e139ad@group-2E8135084781:LeaderElection32] INFO  impl.RoleInfo (RoleInfo.java:updateAndGet(143)) - 0bbc1277-be6f-4bf3-88cf-1c3b12e139ad: start LeaderState
2019-09-25 05:52:33,806 [0bbc1277-be6f-4bf3-88cf-1c3b12e139ad@group-2E8135084781:LeaderElection32] INFO  segmented.SegmentedRaftLogWorker (SegmentedRaftLogWorker.java:startLogSegment(380)) - 0bbc1277-be6f-4bf3-88cf-1c3b12e139ad@group-2E8135084781-SegmentedRaftLogWorker: Starting segment from index:0
2019-09-25 05:52:33,820 [0bbc1277-be6f-4bf3-88cf-1c3b12e139ad@group-2E8135084781:LeaderElection32] INFO  impl.RaftServerImpl (ServerState.java:setRaftConf(354)) - 0bbc1277-be6f-4bf3-88cf-1c3b12e139ad@group-2E8135084781: set configuration 0: [0bbc1277-be6f-4bf3-88cf-1c3b12e139ad:192.168.30.10:46701], old=null at 0
2019-09-25 05:52:33,851 [Thread-277] INFO  impl.FollowerState (FollowerState.java:run(106)) - 754f3588-47e6-41ad-b34e-eb7041cce070:group-05C9C68BDD60 changes to CANDIDATE, lastRpcTime:5166, electionTimeout:5150ms
2019-09-25 05:52:33,851 [754f3588-47e6-41ad-b34e-eb7041cce070@group-2FC77B5E22C2-SegmentedRaftLogWorker] INFO  segmented.SegmentedRaftLogWorker (SegmentedRaftLogWorker.java:execute(569)) - 754f3588-47e6-41ad-b34e-eb7041cce070@group-2FC77B5E22C2-SegmentedRaftLogWorker: created new log segment /workdir/hadoop-ozone/integration-test/target/test-dir/MiniOzoneClusterImpl-5fae48a0-8517-4c16-9d39-4001697b8772/datanode-2/data/ratis/d61e4b56-85f8-406e-9d47-2fc77b5e22c2/current/log_inprogress_0
2019-09-25 05:52:33,851 [Thread-277] INFO  impl.RoleInfo (RoleInfo.java:shutdownFollowerState(121)) - 754f3588-47e6-41ad-b34e-eb7041cce070: shutdown FollowerState
2019-09-25 05:52:33,851 [Thread-277] INFO  impl.RaftServerImpl (RaftServerImpl.java:setRole(174)) - 754f3588-47e6-41ad-b34e-eb7041cce070@group-05C9C68BDD60: changes role from  FOLLOWER to CANDIDATE at term 0 for changeToCandidate
2019-09-25 05:52:33,852 [Thread-277] INFO  impl.RoleInfo (RoleInfo.java:updateAndGet(143)) - 754f3588-47e6-41ad-b34e-eb7041cce070: start LeaderElection
2019-09-25 05:52:33,856 [RatisPipelineUtilsThread] INFO  pipeline.PipelineStateManager (PipelineStateManager.java:addPipeline(56)) - Created pipeline Pipeline[ Id: 71cc88b0-5846-4503-a2d8-280c5bf5a703, Nodes: 5be219b2-97fd-4a8c-91ea-b15aa89454d4{ip: 192.168.30.10, host: pr-hdds-1569-s62bp-3040748787, networkLocation: /default-rack, certSerialId: null}, Type:RATIS, Factor:ONE, State:OPEN]
2019-09-25 05:52:33,862 [grpc-default-executor-0] INFO  impl.RaftServerProxy (RaftServerProxy.java:addNew(89)) - 5be219b2-97fd-4a8c-91ea-b15aa89454d4: addNew group-144250B2D26F:[5be219b2-97fd-4a8c-91ea-b15aa89454d4:192.168.30.10:40625] returns group-144250B2D26F:java.util.concurrent.CompletableFuture@6499eb5c[Not completed]
2019-09-25 05:52:33,863 [0bbc1277-be6f-4bf3-88cf-1c3b12e139ad@group-2E8135084781-SegmentedRaftLogWorker] INFO  segmented.SegmentedRaftLogWorker (SegmentedRaftLogWorker.java:execute(569)) - 0bbc1277-be6f-4bf3-88cf-1c3b12e139ad@group-2E8135084781-SegmentedRaftLogWorker: created new log segment /workdir/hadoop-ozone/integration-test/target/test-dir/MiniOzoneClusterImpl-5fae48a0-8517-4c16-9d39-4001697b8772/datanode-0/data/ratis/2b7bde52-5957-43a9-b4f9-2e8135084781/current/log_inprogress_0
2019-09-25 05:52:33,864 [754f3588-47e6-41ad-b34e-eb7041cce070@group-05C9C68BDD60:LeaderElection33] INFO  impl.LeaderElection (LeaderElection.java:askForVotes(182)) - 754f3588-47e6-41ad-b34e-eb7041cce070@group-05C9C68BDD60:LeaderElection33: begin an election at term 1 for -1: [754f3588-47e6-41ad-b34e-eb7041cce070:192.168.30.10:41089], old=null
2019-09-25 05:52:33,864 [pool-37-thread-1] INFO  impl.RaftServerImpl (RaftServerImpl.java:<init>(95)) - 5be219b2-97fd-4a8c-91ea-b15aa89454d4: new RaftServerImpl for group-144250B2D26F:[5be219b2-97fd-4a8c-91ea-b15aa89454d4:192.168.30.10:40625] with ContainerStateMachine:uninitialized
2019-09-25 05:52:33,864 [754f3588-47e6-41ad-b34e-eb7041cce070@group-05C9C68BDD60:LeaderElection33] INFO  impl.RoleInfo (RoleInfo.java:shutdownLeaderElection(134)) - 754f3588-47e6-41ad-b34e-eb7041cce070: shutdown LeaderElection
2019-09-25 05:52:33,864 [pool-37-thread-1] INFO  server.RaftServerConfigKeys (ConfUtils.java:logGet(43)) - raft.server.rpc.timeout.min = 5s (custom)
2019-09-25 05:52:33,864 [754f3588-47e6-41ad-b34e-eb7041cce070@group-05C9C68BDD60:LeaderElection33] INFO  impl.RaftServerImpl (RaftServerImpl.java:setRole(174)) - 754f3588-47e6-41ad-b34e-eb7041cce070@group-05C9C68BDD60: changes role from CANDIDATE to LEADER at term 1 for changeToLeader
2019-09-25 05:52:33,864 [pool-37-thread-1] INFO  server.RaftServerConfigKeys (ConfUtils.java:logGet(43)) - raft.server.rpc.timeout.max = 5200ms (custom)
2019-09-25 05:52:33,864 [754f3588-47e6-41ad-b34e-eb7041cce070@group-05C9C68BDD60:LeaderElection33] INFO  impl.RaftServerImpl (ServerState.java:setLeader(253)) - 754f3588-47e6-41ad-b34e-eb7041cce070@group-05C9C68BDD60: change Leader from null to 754f3588-47e6-41ad-b34e-eb7041cce070 at term 1 for becomeLeader, leader elected after 5186ms
2019-09-25 05:52:33,864 [pool-37-thread-1] INFO  server.RaftServerConfigKeys (ConfUtils.java:logGet(43)) - raft.server.rpcslowness.timeout = 120s (custom)
2019-09-25 05:52:33,864 [754f3588-47e6-41ad-b34e-eb7041cce070@group-05C9C68BDD60:LeaderElection33] INFO  server.RaftServerConfigKeys (ConfUtils.java:logGet(43)) - raft.server.staging.catchup.gap = 1000 (default)
2019-09-25 05:52:33,864 [pool-37-thread-1] INFO  server.RaftServerConfigKeys (ConfUtils.java:logGet(43)) - raft.server.sleep.deviation.threshold = 300 (default)
2019-09-25 05:52:33,865 [754f3588-47e6-41ad-b34e-eb7041cce070@group-05C9C68BDD60:LeaderElection33] INFO  server.RaftServerConfigKeys (ConfUtils.java:logGet(43)) - raft.server.rpc.sleep.time = 25ms (default)
2019-09-25 05:52:33,865 [pool-37-thread-1] INFO  server.RaftServerConfigKeys (ConfUtils.java:logGet(43)) - raft.server.log.appender.install.snapshot.enabled = false (custom)
2019-09-25 05:52:33,865 [754f3588-47e6-41ad-b34e-eb7041cce070@group-05C9C68BDD60:LeaderElection33] INFO  server.RaftServerConfigKeys (ConfUtils.java:logGet(43)) - raft.server.write.element-limit = 4096 (default)
2019-09-25 05:52:33,865 [pool-37-thread-1] INFO  impl.RaftServerImpl (ServerState.java:<init>(103)) - 5be219b2-97fd-4a8c-91ea-b15aa89454d4@group-144250B2D26F: ConfigurationManager, init=-1: [5be219b2-97fd-4a8c-91ea-b15aa89454d4:192.168.30.10:40625], old=null, confs=<EMPTY_MAP>
2019-09-25 05:52:33,865 [754f3588-47e6-41ad-b34e-eb7041cce070@group-05C9C68BDD60:LeaderElection33] INFO  server.RaftServerConfigKeys (ConfUtils.java:logGet(43)) - raft.server.watch.timeout = 10s (default)
2019-09-25 05:52:33,865 [pool-37-thread-1] INFO  server.RaftServerConfigKeys (ConfUtils.java:logGet(43)) - raft.server.storage.dir = [/workdir/hadoop-ozone/integration-test/target/test-dir/MiniOzoneClusterImpl-5fae48a0-8517-4c16-9d39-4001697b8772/datanode-1/data/ratis] (custom)
2019-09-25 05:52:33,865 [754f3588-47e6-41ad-b34e-eb7041cce070@group-05C9C68BDD60:LeaderElection33] INFO  server.RaftServerConfigKeys (ConfUtils.java:logGet(43)) - raft.server.watch.timeout.denomination = 1s (default)
2019-09-25 05:52:33,865 [754f3588-47e6-41ad-b34e-eb7041cce070@group-05C9C68BDD60:LeaderElection33] INFO  server.RaftServerConfigKeys (ConfUtils.java:logGet(43)) - raft.server.watch.element-limit = 65536 (default)
2019-09-25 05:52:33,866 [pool-37-thread-1] INFO  storage.RaftStorageDirectory (RaftStorageDirectory.java:analyzeStorage(246)) - The storage directory /workdir/hadoop-ozone/integration-test/target/test-dir/MiniOzoneClusterImpl-5fae48a0-8517-4c16-9d39-4001697b8772/datanode-1/data/ratis/8072850a-2dd0-41a5-9b73-144250b2d26f does not exist. Creating ...
2019-09-25 05:52:33,867 [754f3588-47e6-41ad-b34e-eb7041cce070@group-05C9C68BDD60:LeaderElection33] INFO  impl.RoleInfo (RoleInfo.java:updateAndGet(143)) - 754f3588-47e6-41ad-b34e-eb7041cce070: start LeaderState
2019-09-25 05:52:33,867 [754f3588-47e6-41ad-b34e-eb7041cce070@group-05C9C68BDD60:LeaderElection33] INFO  segmented.SegmentedRaftLogWorker (SegmentedRaftLogWorker.java:startLogSegment(380)) - 754f3588-47e6-41ad-b34e-eb7041cce070@group-05C9C68BDD60-SegmentedRaftLogWorker: Starting segment from index:0
2019-09-25 05:52:33,868 [754f3588-47e6-41ad-b34e-eb7041cce070@group-05C9C68BDD60:LeaderElection33] INFO  impl.RaftServerImpl (ServerState.java:setRaftConf(354)) - 754f3588-47e6-41ad-b34e-eb7041cce070@group-05C9C68BDD60: set configuration 0: [754f3588-47e6-41ad-b34e-eb7041cce070:192.168.30.10:41089], old=null at 0
2019-09-25 05:52:33,906 [pool-37-thread-1] INFO  storage.RaftStorageDirectory (RaftStorageDirectory.java:tryLock(328)) - Lock on /workdir/hadoop-ozone/integration-test/target/test-dir/MiniOzoneClusterImpl-5fae48a0-8517-4c16-9d39-4001697b8772/datanode-1/data/ratis/8072850a-2dd0-41a5-9b73-144250b2d26f/in_use.lock acquired by nodename 25594@pr-hdds-1569-s62bp-3040748787
2019-09-25 05:52:33,907 [Thread-283] INFO  impl.FollowerState (FollowerState.java:run(106)) - 5be219b2-97fd-4a8c-91ea-b15aa89454d4:group-F68084C2E7D8 changes to CANDIDATE, lastRpcTime:5110, electionTimeout:5077ms
2019-09-25 05:52:33,907 [Thread-283] INFO  impl.RoleInfo (RoleInfo.java:shutdownFollowerState(121)) - 5be219b2-97fd-4a8c-91ea-b15aa89454d4: shutdown FollowerState
2019-09-25 05:52:33,907 [Thread-283] INFO  impl.RaftServerImpl (RaftServerImpl.java:setRole(174)) - 5be219b2-97fd-4a8c-91ea-b15aa89454d4@group-F68084C2E7D8: changes role from  FOLLOWER to CANDIDATE at term 0 for changeToCandidate
2019-09-25 05:52:33,907 [Thread-283] INFO  impl.RoleInfo (RoleInfo.java:updateAndGet(143)) - 5be219b2-97fd-4a8c-91ea-b15aa89454d4: start LeaderElection
2019-09-25 05:52:33,931 [754f3588-47e6-41ad-b34e-eb7041cce070@group-05C9C68BDD60-SegmentedRaftLogWorker] INFO  segmented.SegmentedRaftLogWorker (SegmentedRaftLogWorker.java:execute(569)) - 754f3588-47e6-41ad-b34e-eb7041cce070@group-05C9C68BDD60-SegmentedRaftLogWorker: created new log segment /workdir/hadoop-ozone/integration-test/target/test-dir/MiniOzoneClusterImpl-5fae48a0-8517-4c16-9d39-4001697b8772/datanode-2/data/ratis/8f6450c1-5505-42ac-bad3-05c9c68bdd60/current/log_inprogress_0
2019-09-25 05:52:33,932 [pool-37-thread-1] INFO  storage.RaftStorage (RaftStorage.java:format(72)) - Storage directory /workdir/hadoop-ozone/integration-test/target/test-dir/MiniOzoneClusterImpl-5fae48a0-8517-4c16-9d39-4001697b8772/datanode-1/data/ratis/8072850a-2dd0-41a5-9b73-144250b2d26f has been successfully formatted.
2019-09-25 05:52:33,932 [pool-37-thread-1] INFO  ratis.ContainerStateMachine (ContainerStateMachine.java:loadSnapshot(230)) - group-144250B2D26F: The snapshot info is null. Setting the last applied indexto:(t:0, i:~)
2019-09-25 05:52:33,932 [pool-37-thread-1] INFO  server.RaftServerConfigKeys (ConfUtils.java:logGet(43)) - raft.server.notification.no-leader.timeout = 120s (custom)
2019-09-25 05:52:33,932 [pool-37-thread-1] INFO  server.RaftServerConfigKeys (ConfUtils.java:logGet(43)) - raft.server.log.use.memory = false (default)
2019-09-25 05:52:33,933 [pool-37-thread-1] INFO  server.RaftServerConfigKeys (ConfUtils.java:logGet(43)) - raft.server.log.purge.gap = 1000000 (custom)
2019-09-25 05:52:33,933 [pool-37-thread-1] INFO  server.RaftServerConfigKeys (ConfUtils.java:logGet(43)) - raft.server.log.appender.buffer.byte-limit = 33554432 (custom)
2019-09-25 05:52:33,933 [pool-37-thread-1] INFO  server.RaftServerConfigKeys (ConfUtils.java:logGet(43)) - raft.server.log.segment.size.max = 1048576 (custom)
2019-09-25 05:52:33,933 [pool-37-thread-1] INFO  server.RaftServerConfigKeys (ConfUtils.java:logGet(43)) - raft.server.log.segment.cache.num.max = 2 (custom)
2019-09-25 05:52:33,933 [pool-37-thread-1] INFO  segmented.SegmentedRaftLogWorker (SegmentedRaftLogWorker.java:<init>(172)) - new 5be219b2-97fd-4a8c-91ea-b15aa89454d4@group-144250B2D26F-SegmentedRaftLogWorker for RaftStorage:Storage Directory /workdir/hadoop-ozone/integration-test/target/test-dir/MiniOzoneClusterImpl-5fae48a0-8517-4c16-9d39-4001697b8772/datanode-1/data/ratis/8072850a-2dd0-41a5-9b73-144250b2d26f
2019-09-25 05:52:33,934 [pool-37-thread-1] INFO  server.RaftServerConfigKeys (ConfUtils.java:logGet(43)) - raft.server.log.queue.byte-limit = 2147483647 (custom)
2019-09-25 05:52:33,934 [pool-37-thread-1] INFO  server.RaftServerConfigKeys (ConfUtils.java:logGet(43)) - raft.server.log.queue.element-limit = 1024 (custom)
2019-09-25 05:52:33,934 [pool-37-thread-1] INFO  server.RaftServerConfigKeys (ConfUtils.java:logGet(43)) - raft.server.log.segment.size.max = 1048576 (custom)
2019-09-25 05:52:33,934 [pool-37-thread-1] INFO  server.RaftServerConfigKeys (ConfUtils.java:logGet(43)) - raft.server.log.preallocated.size = 16384 (custom)
2019-09-25 05:52:33,934 [pool-37-thread-1] INFO  server.RaftServerConfigKeys (ConfUtils.java:logGet(43)) - raft.server.log.write.buffer.size = 33554432 (custom)
2019-09-25 05:52:33,934 [pool-37-thread-1] INFO  server.RaftServerConfigKeys (ConfUtils.java:logGet(43)) - raft.server.log.force.sync.num = 128 (default)
2019-09-25 05:52:33,934 [pool-37-thread-1] INFO  server.RaftServerConfigKeys (ConfUtils.java:logGet(43)) - raft.server.log.statemachine.data.sync = true (default)
2019-09-25 05:52:33,935 [pool-37-thread-1] INFO  server.RaftServerConfigKeys (ConfUtils.java:logGet(43)) - raft.server.log.statemachine.data.sync.timeout = 10s (default)
2019-09-25 05:52:33,935 [pool-37-thread-1] INFO  server.RaftServerConfigKeys (ConfUtils.java:logGet(43)) - raft.server.log.statemachine.data.sync.timeout.retry = -1 (default)
2019-09-25 05:52:33,951 [Thread-289] INFO  impl.FollowerState (FollowerState.java:run(106)) - 0bbc1277-be6f-4bf3-88cf-1c3b12e139ad:group-E28338888ED1 changes to CANDIDATE, lastRpcTime:5052, electionTimeout:5052ms
2019-09-25 05:52:33,951 [pool-37-thread-1] INFO  server.RaftServerConfigKeys (ConfUtils.java:logGet(43)) - raft.server.log.statemachine.data.caching.enabled = true (custom)
2019-09-25 05:52:33,951 [Thread-289] INFO  impl.RoleInfo (RoleInfo.java:shutdownFollowerState(121)) - 0bbc1277-be6f-4bf3-88cf-1c3b12e139ad: shutdown FollowerState
2019-09-25 05:52:33,957 [Thread-289] INFO  impl.RaftServerImpl (RaftServerImpl.java:setRole(174)) - 0bbc1277-be6f-4bf3-88cf-1c3b12e139ad@group-E28338888ED1: changes role from  FOLLOWER to CANDIDATE at term 0 for changeToCandidate
2019-09-25 05:52:33,957 [Thread-289] INFO  impl.RoleInfo (RoleInfo.java:updateAndGet(143)) - 0bbc1277-be6f-4bf3-88cf-1c3b12e139ad: start LeaderElection
2019-09-25 05:52:33,957 [pool-37-thread-1] INFO  segmented.SegmentedRaftLogWorker (SegmentedRaftLogWorker.java:lambda$new$0(132)) - 5be219b2-97fd-4a8c-91ea-b15aa89454d4@group-144250B2D26F-SegmentedRaftLogWorker: flushIndex: setUnconditionally 0 -> -1
2019-09-25 05:52:33,960 [pool-37-thread-1] INFO  server.RaftServerConfigKeys (ConfUtils.java:logGet(43)) - raft.server.snapshot.auto.trigger.enabled = true (custom)
2019-09-25 05:52:33,960 [pool-37-thread-1] INFO  server.RaftServerConfigKeys (ConfUtils.java:logGet(43)) - raft.server.snapshot.auto.trigger.threshold = 10000 (custom)
2019-09-25 05:52:33,960 [pool-37-thread-1] INFO  server.RaftServerConfigKeys (ConfUtils.java:logGet(43)) - raft.server.snapshot.retention.num.files = 5 (custom)
2019-09-25 05:52:33,961 [pool-37-thread-1] INFO  server.RaftServerConfigKeys (ConfUtils.java:logGet(43)) - raft.server.retrycache.expirytime = 600000ms (custom)
2019-09-25 05:52:33,961 [5be219b2-97fd-4a8c-91ea-b15aa89454d4@group-F68084C2E7D8:LeaderElection34] INFO  impl.LeaderElection (LeaderElection.java:askForVotes(182)) - 5be219b2-97fd-4a8c-91ea-b15aa89454d4@group-F68084C2E7D8:LeaderElection34: begin an election at term 1 for -1: [5be219b2-97fd-4a8c-91ea-b15aa89454d4:192.168.30.10:40625], old=null
2019-09-25 05:52:33,962 [5be219b2-97fd-4a8c-91ea-b15aa89454d4@group-F68084C2E7D8:LeaderElection34] INFO  impl.RoleInfo (RoleInfo.java:shutdownLeaderElection(134)) - 5be219b2-97fd-4a8c-91ea-b15aa89454d4: shutdown LeaderElection
2019-09-25 05:52:33,962 [5be219b2-97fd-4a8c-91ea-b15aa89454d4@group-F68084C2E7D8:LeaderElection34] INFO  impl.RaftServerImpl (RaftServerImpl.java:setRole(174)) - 5be219b2-97fd-4a8c-91ea-b15aa89454d4@group-F68084C2E7D8: changes role from CANDIDATE to LEADER at term 1 for changeToLeader
2019-09-25 05:52:33,962 [5be219b2-97fd-4a8c-91ea-b15aa89454d4@group-F68084C2E7D8:LeaderElection34] INFO  impl.RaftServerImpl (ServerState.java:setLeader(253)) - 5be219b2-97fd-4a8c-91ea-b15aa89454d4@group-F68084C2E7D8: change Leader from null to 5be219b2-97fd-4a8c-91ea-b15aa89454d4 at term 1 for becomeLeader, leader elected after 5174ms
2019-09-25 05:52:33,962 [5be219b2-97fd-4a8c-91ea-b15aa89454d4@group-F68084C2E7D8:LeaderElection34] INFO  server.RaftServerConfigKeys (ConfUtils.java:logGet(43)) - raft.server.staging.catchup.gap = 1000 (default)
2019-09-25 05:52:33,962 [5be219b2-97fd-4a8c-91ea-b15aa89454d4@group-F68084C2E7D8:LeaderElection34] INFO  server.RaftServerConfigKeys (ConfUtils.java:logGet(43)) - raft.server.rpc.sleep.time = 25ms (default)
2019-09-25 05:52:33,962 [5be219b2-97fd-4a8c-91ea-b15aa89454d4@group-F68084C2E7D8:LeaderElection34] INFO  server.RaftServerConfigKeys (ConfUtils.java:logGet(43)) - raft.server.write.element-limit = 4096 (default)
2019-09-25 05:52:33,963 [5be219b2-97fd-4a8c-91ea-b15aa89454d4@group-F68084C2E7D8:LeaderElection34] INFO  server.RaftServerConfigKeys (ConfUtils.java:logGet(43)) - raft.server.watch.timeout = 10s (default)
2019-09-25 05:52:33,963 [5be219b2-97fd-4a8c-91ea-b15aa89454d4@group-F68084C2E7D8:LeaderElection34] INFO  server.RaftServerConfigKeys (ConfUtils.java:logGet(43)) - raft.server.watch.timeout.denomination = 1s (default)
2019-09-25 05:52:33,963 [5be219b2-97fd-4a8c-91ea-b15aa89454d4@group-F68084C2E7D8:LeaderElection34] INFO  server.RaftServerConfigKeys (ConfUtils.java:logGet(43)) - raft.server.watch.element-limit = 65536 (default)
2019-09-25 05:52:33,963 [Thread-286] INFO  impl.FollowerState (FollowerState.java:run(106)) - 0bbc1277-be6f-4bf3-88cf-1c3b12e139ad:group-875CE67EE59F changes to CANDIDATE, lastRpcTime:5114, electionTimeout:5114ms
2019-09-25 05:52:33,963 [pool-37-thread-1] INFO  impl.RaftServerImpl (RaftServerImpl.java:start(185)) - 5be219b2-97fd-4a8c-91ea-b15aa89454d4@group-144250B2D26F: start as a follower, conf=-1: [5be219b2-97fd-4a8c-91ea-b15aa89454d4:192.168.30.10:40625], old=null
2019-09-25 05:52:33,963 [Thread-286] INFO  impl.RoleInfo (RoleInfo.java:shutdownFollowerState(121)) - 0bbc1277-be6f-4bf3-88cf-1c3b12e139ad: shutdown FollowerState
2019-09-25 05:52:33,963 [pool-37-thread-1] INFO  impl.RaftServerImpl (RaftServerImpl.java:setRole(174)) - 5be219b2-97fd-4a8c-91ea-b15aa89454d4@group-144250B2D26F: changes role from      null to FOLLOWER at term 0 for startAsFollower
2019-09-25 05:52:33,963 [Thread-286] INFO  impl.RaftServerImpl (RaftServerImpl.java:setRole(174)) - 0bbc1277-be6f-4bf3-88cf-1c3b12e139ad@group-875CE67EE59F: changes role from  FOLLOWER to CANDIDATE at term 0 for changeToCandidate
2019-09-25 05:52:33,964 [pool-37-thread-1] INFO  impl.RoleInfo (RoleInfo.java:updateAndGet(143)) - 5be219b2-97fd-4a8c-91ea-b15aa89454d4: start FollowerState
2019-09-25 05:52:33,964 [Thread-286] INFO  impl.RoleInfo (RoleInfo.java:updateAndGet(143)) - 0bbc1277-be6f-4bf3-88cf-1c3b12e139ad: start LeaderElection
2019-09-25 05:52:33,964 [pool-37-thread-1] INFO  util.JmxRegister (JmxRegister.java:tryRegister(44)) - Successfully registered JMX Bean with object name Ratis:service=RaftServer,group=group-144250B2D26F,id=5be219b2-97fd-4a8c-91ea-b15aa89454d4
2019-09-25 05:52:33,964 [0bbc1277-be6f-4bf3-88cf-1c3b12e139ad@group-E28338888ED1:LeaderElection35] INFO  impl.LeaderElection (LeaderElection.java:askForVotes(182)) - 0bbc1277-be6f-4bf3-88cf-1c3b12e139ad@group-E28338888ED1:LeaderElection35: begin an election at term 1 for -1: [0bbc1277-be6f-4bf3-88cf-1c3b12e139ad:192.168.30.10:46701], old=null
2019-09-25 05:52:33,966 [0bbc1277-be6f-4bf3-88cf-1c3b12e139ad@group-E28338888ED1:LeaderElection35] INFO  impl.RoleInfo (RoleInfo.java:shutdownLeaderElection(134)) - 0bbc1277-be6f-4bf3-88cf-1c3b12e139ad: shutdown LeaderElection
2019-09-25 05:52:33,967 [0bbc1277-be6f-4bf3-88cf-1c3b12e139ad@group-E28338888ED1:LeaderElection35] INFO  impl.RaftServerImpl (RaftServerImpl.java:setRole(174)) - 0bbc1277-be6f-4bf3-88cf-1c3b12e139ad@group-E28338888ED1: changes role from CANDIDATE to LEADER at term 1 for changeToLeader
2019-09-25 05:52:33,969 [0bbc1277-be6f-4bf3-88cf-1c3b12e139ad@group-E28338888ED1:LeaderElection35] INFO  impl.RaftServerImpl (ServerState.java:setLeader(253)) - 0bbc1277-be6f-4bf3-88cf-1c3b12e139ad@group-E28338888ED1: change Leader from null to 0bbc1277-be6f-4bf3-88cf-1c3b12e139ad at term 1 for becomeLeader, leader elected after 5077ms
2019-09-25 05:52:33,969 [0bbc1277-be6f-4bf3-88cf-1c3b12e139ad@group-E28338888ED1:LeaderElection35] INFO  server.RaftServerConfigKeys (ConfUtils.java:logGet(43)) - raft.server.staging.catchup.gap = 1000 (default)
2019-09-25 05:52:33,969 [0bbc1277-be6f-4bf3-88cf-1c3b12e139ad@group-E28338888ED1:LeaderElection35] INFO  server.RaftServerConfigKeys (ConfUtils.java:logGet(43)) - raft.server.rpc.sleep.time = 25ms (default)
2019-09-25 05:52:33,969 [0bbc1277-be6f-4bf3-88cf-1c3b12e139ad@group-E28338888ED1:LeaderElection35] INFO  server.RaftServerConfigKeys (ConfUtils.java:logGet(43)) - raft.server.write.element-limit = 4096 (default)
2019-09-25 05:52:33,969 [0bbc1277-be6f-4bf3-88cf-1c3b12e139ad@group-E28338888ED1:LeaderElection35] INFO  server.RaftServerConfigKeys (ConfUtils.java:logGet(43)) - raft.server.watch.timeout = 10s (default)
2019-09-25 05:52:33,969 [0bbc1277-be6f-4bf3-88cf-1c3b12e139ad@group-E28338888ED1:LeaderElection35] INFO  server.RaftServerConfigKeys (ConfUtils.java:logGet(43)) - raft.server.watch.timeout.denomination = 1s (default)
2019-09-25 05:52:33,970 [5be219b2-97fd-4a8c-91ea-b15aa89454d4@group-F68084C2E7D8:LeaderElection34] INFO  impl.RoleInfo (RoleInfo.java:updateAndGet(143)) - 5be219b2-97fd-4a8c-91ea-b15aa89454d4: start LeaderState
2019-09-25 05:52:33,970 [0bbc1277-be6f-4bf3-88cf-1c3b12e139ad@group-E28338888ED1:LeaderElection35] INFO  server.RaftServerConfigKeys (ConfUtils.java:logGet(43)) - raft.server.watch.element-limit = 65536 (default)
2019-09-25 05:52:33,970 [5be219b2-97fd-4a8c-91ea-b15aa89454d4@group-F68084C2E7D8:LeaderElection34] INFO  segmented.SegmentedRaftLogWorker (SegmentedRaftLogWorker.java:startLogSegment(380)) - 5be219b2-97fd-4a8c-91ea-b15aa89454d4@group-F68084C2E7D8-SegmentedRaftLogWorker: Starting segment from index:0
2019-09-25 05:52:33,970 [5be219b2-97fd-4a8c-91ea-b15aa89454d4@group-F68084C2E7D8:LeaderElection34] INFO  impl.RaftServerImpl (ServerState.java:setRaftConf(354)) - 5be219b2-97fd-4a8c-91ea-b15aa89454d4@group-F68084C2E7D8: set configuration 0: [5be219b2-97fd-4a8c-91ea-b15aa89454d4:192.168.30.10:40625], old=null at 0
2019-09-25 05:52:34,005 [0bbc1277-be6f-4bf3-88cf-1c3b12e139ad@group-875CE67EE59F:LeaderElection36] INFO  impl.LeaderElection (LeaderElection.java:askForVotes(182)) - 0bbc1277-be6f-4bf3-88cf-1c3b12e139ad@group-875CE67EE59F:LeaderElection36: begin an election at term 1 for -1: [0bbc1277-be6f-4bf3-88cf-1c3b12e139ad:192.168.30.10:46701], old=null
2019-09-25 05:52:34,005 [RatisPipelineUtilsThread] INFO  pipeline.PipelineStateManager (PipelineStateManager.java:addPipeline(56)) - Created pipeline Pipeline[ Id: 8072850a-2dd0-41a5-9b73-144250b2d26f, Nodes: 5be219b2-97fd-4a8c-91ea-b15aa89454d4{ip: 192.168.30.10, host: pr-hdds-1569-s62bp-3040748787, networkLocation: /default-rack, certSerialId: null}, Type:RATIS, Factor:ONE, State:OPEN]
2019-09-25 05:52:34,005 [0bbc1277-be6f-4bf3-88cf-1c3b12e139ad@group-875CE67EE59F:LeaderElection36] INFO  impl.RoleInfo (RoleInfo.java:shutdownLeaderElection(134)) - 0bbc1277-be6f-4bf3-88cf-1c3b12e139ad: shutdown LeaderElection
2019-09-25 05:52:34,005 [0bbc1277-be6f-4bf3-88cf-1c3b12e139ad@group-875CE67EE59F:LeaderElection36] INFO  impl.RaftServerImpl (RaftServerImpl.java:setRole(174)) - 0bbc1277-be6f-4bf3-88cf-1c3b12e139ad@group-875CE67EE59F: changes role from CANDIDATE to LEADER at term 1 for changeToLeader
2019-09-25 05:52:34,005 [0bbc1277-be6f-4bf3-88cf-1c3b12e139ad@group-875CE67EE59F:LeaderElection36] INFO  impl.RaftServerImpl (ServerState.java:setLeader(253)) - 0bbc1277-be6f-4bf3-88cf-1c3b12e139ad@group-875CE67EE59F: change Leader from null to 0bbc1277-be6f-4bf3-88cf-1c3b12e139ad at term 1 for becomeLeader, leader elected after 5164ms
2019-09-25 05:52:34,006 [0bbc1277-be6f-4bf3-88cf-1c3b12e139ad@group-875CE67EE59F:LeaderElection36] INFO  server.RaftServerConfigKeys (ConfUtils.java:logGet(43)) - raft.server.staging.catchup.gap = 1000 (default)
2019-09-25 05:52:34,006 [0bbc1277-be6f-4bf3-88cf-1c3b12e139ad@group-875CE67EE59F:LeaderElection36] INFO  server.RaftServerConfigKeys (ConfUtils.java:logGet(43)) - raft.server.rpc.sleep.time = 25ms (default)
2019-09-25 05:52:34,006 [0bbc1277-be6f-4bf3-88cf-1c3b12e139ad@group-875CE67EE59F:LeaderElection36] INFO  server.RaftServerConfigKeys (ConfUtils.java:logGet(43)) - raft.server.write.element-limit = 4096 (default)
2019-09-25 05:52:34,006 [0bbc1277-be6f-4bf3-88cf-1c3b12e139ad@group-E28338888ED1:LeaderElection35] INFO  impl.RoleInfo (RoleInfo.java:updateAndGet(143)) - 0bbc1277-be6f-4bf3-88cf-1c3b12e139ad: start LeaderState
2019-09-25 05:52:34,006 [0bbc1277-be6f-4bf3-88cf-1c3b12e139ad@group-875CE67EE59F:LeaderElection36] INFO  server.RaftServerConfigKeys (ConfUtils.java:logGet(43)) - raft.server.watch.timeout = 10s (default)
2019-09-25 05:52:34,006 [0bbc1277-be6f-4bf3-88cf-1c3b12e139ad@group-875CE67EE59F:LeaderElection36] INFO  server.RaftServerConfigKeys (ConfUtils.java:logGet(43)) - raft.server.watch.timeout.denomination = 1s (default)
2019-09-25 05:52:34,006 [0bbc1277-be6f-4bf3-88cf-1c3b12e139ad@group-E28338888ED1:LeaderElection35] INFO  segmented.SegmentedRaftLogWorker (SegmentedRaftLogWorker.java:startLogSegment(380)) - 0bbc1277-be6f-4bf3-88cf-1c3b12e139ad@group-E28338888ED1-SegmentedRaftLogWorker: Starting segment from index:0
2019-09-25 05:52:34,007 [0bbc1277-be6f-4bf3-88cf-1c3b12e139ad@group-875CE67EE59F:LeaderElection36] INFO  server.RaftServerConfigKeys (ConfUtils.java:logGet(43)) - raft.server.watch.element-limit = 65536 (default)
2019-09-25 05:52:34,007 [0bbc1277-be6f-4bf3-88cf-1c3b12e139ad@group-E28338888ED1:LeaderElection35] INFO  impl.RaftServerImpl (ServerState.java:setRaftConf(354)) - 0bbc1277-be6f-4bf3-88cf-1c3b12e139ad@group-E28338888ED1: set configuration 0: [0bbc1277-be6f-4bf3-88cf-1c3b12e139ad:192.168.30.10:46701], old=null at 0
2019-09-25 05:52:34,031 [5be219b2-97fd-4a8c-91ea-b15aa89454d4@group-F68084C2E7D8-SegmentedRaftLogWorker] INFO  segmented.SegmentedRaftLogWorker (SegmentedRaftLogWorker.java:execute(569)) - 5be219b2-97fd-4a8c-91ea-b15aa89454d4@group-F68084C2E7D8-SegmentedRaftLogWorker: created new log segment /workdir/hadoop-ozone/integration-test/target/test-dir/MiniOzoneClusterImpl-5fae48a0-8517-4c16-9d39-4001697b8772/datanode-1/data/ratis/aa61dbfc-fdb7-4143-8b59-f68084c2e7d8/current/log_inprogress_0
2019-09-25 05:52:34,033 [0bbc1277-be6f-4bf3-88cf-1c3b12e139ad@group-875CE67EE59F:LeaderElection36] INFO  impl.RoleInfo (RoleInfo.java:updateAndGet(143)) - 0bbc1277-be6f-4bf3-88cf-1c3b12e139ad: start LeaderState
2019-09-25 05:52:34,033 [0bbc1277-be6f-4bf3-88cf-1c3b12e139ad@group-875CE67EE59F:LeaderElection36] INFO  segmented.SegmentedRaftLogWorker (SegmentedRaftLogWorker.java:startLogSegment(380)) - 0bbc1277-be6f-4bf3-88cf-1c3b12e139ad@group-875CE67EE59F-SegmentedRaftLogWorker: Starting segment from index:0
2019-09-25 05:52:34,033 [0bbc1277-be6f-4bf3-88cf-1c3b12e139ad@group-875CE67EE59F:LeaderElection36] INFO  impl.RaftServerImpl (ServerState.java:setRaftConf(354)) - 0bbc1277-be6f-4bf3-88cf-1c3b12e139ad@group-875CE67EE59F: set configuration 0: [0bbc1277-be6f-4bf3-88cf-1c3b12e139ad:192.168.30.10:46701], old=null at 0
2019-09-25 05:52:34,067 [0bbc1277-be6f-4bf3-88cf-1c3b12e139ad@group-E28338888ED1-SegmentedRaftLogWorker] INFO  segmented.SegmentedRaftLogWorker (SegmentedRaftLogWorker.java:execute(569)) - 0bbc1277-be6f-4bf3-88cf-1c3b12e139ad@group-E28338888ED1-SegmentedRaftLogWorker: created new log segment /workdir/hadoop-ozone/integration-test/target/test-dir/MiniOzoneClusterImpl-5fae48a0-8517-4c16-9d39-4001697b8772/datanode-0/data/ratis/7749b364-27b7-4977-b975-e28338888ed1/current/log_inprogress_0
2019-09-25 05:52:34,083 [0bbc1277-be6f-4bf3-88cf-1c3b12e139ad@group-875CE67EE59F-SegmentedRaftLogWorker] INFO  segmented.SegmentedRaftLogWorker (SegmentedRaftLogWorker.java:execute(569)) - 0bbc1277-be6f-4bf3-88cf-1c3b12e139ad@group-875CE67EE59F-SegmentedRaftLogWorker: created new log segment /workdir/hadoop-ozone/integration-test/target/test-dir/MiniOzoneClusterImpl-5fae48a0-8517-4c16-9d39-4001697b8772/datanode-0/data/ratis/a74240c8-b105-4912-b68c-875ce67ee59f/current/log_inprogress_0
2019-09-25 05:52:34,083 [Thread-292] INFO  impl.FollowerState (FollowerState.java:run(106)) - 754f3588-47e6-41ad-b34e-eb7041cce070:group-BD29B64AE38F changes to CANDIDATE, lastRpcTime:5125, electionTimeout:5102ms
2019-09-25 05:52:34,086 [Thread-292] INFO  impl.RoleInfo (RoleInfo.java:shutdownFollowerState(121)) - 754f3588-47e6-41ad-b34e-eb7041cce070: shutdown FollowerState
2019-09-25 05:52:34,086 [Thread-292] INFO  impl.RaftServerImpl (RaftServerImpl.java:setRole(174)) - 754f3588-47e6-41ad-b34e-eb7041cce070@group-BD29B64AE38F: changes role from  FOLLOWER to CANDIDATE at term 0 for changeToCandidate
2019-09-25 05:52:34,086 [Thread-292] INFO  impl.RoleInfo (RoleInfo.java:updateAndGet(143)) - 754f3588-47e6-41ad-b34e-eb7041cce070: start LeaderElection
2019-09-25 05:52:34,087 [Thread-295] INFO  impl.FollowerState (FollowerState.java:run(106)) - 5be219b2-97fd-4a8c-91ea-b15aa89454d4:group-9B35153B0974 changes to CANDIDATE, lastRpcTime:5095, electionTimeout:5095ms
2019-09-25 05:52:34,087 [Thread-295] INFO  impl.RoleInfo (RoleInfo.java:shutdownFollowerState(121)) - 5be219b2-97fd-4a8c-91ea-b15aa89454d4: shutdown FollowerState
2019-09-25 05:52:34,087 [Thread-295] INFO  impl.RaftServerImpl (RaftServerImpl.java:setRole(174)) - 5be219b2-97fd-4a8c-91ea-b15aa89454d4@group-9B35153B0974: changes role from  FOLLOWER to CANDIDATE at term 0 for changeToCandidate
2019-09-25 05:52:34,087 [Thread-295] INFO  impl.RoleInfo (RoleInfo.java:updateAndGet(143)) - 5be219b2-97fd-4a8c-91ea-b15aa89454d4: start LeaderElection
2019-09-25 05:52:34,094 [grpc-default-executor-0] INFO  impl.RaftServerProxy (RaftServerProxy.java:addNew(89)) - 5be219b2-97fd-4a8c-91ea-b15aa89454d4: addNew group-C916076952F9:[5be219b2-97fd-4a8c-91ea-b15aa89454d4:192.168.30.10:40625] returns group-C916076952F9:java.util.concurrent.CompletableFuture@34793af3[Not completed]
2019-09-25 05:52:34,096 [pool-37-thread-1] INFO  impl.RaftServerImpl (RaftServerImpl.java:<init>(95)) - 5be219b2-97fd-4a8c-91ea-b15aa89454d4: new RaftServerImpl for group-C916076952F9:[5be219b2-97fd-4a8c-91ea-b15aa89454d4:192.168.30.10:40625] with ContainerStateMachine:uninitialized
2019-09-25 05:52:34,096 [pool-37-thread-1] INFO  server.RaftServerConfigKeys (ConfUtils.java:logGet(43)) - raft.server.rpc.timeout.min = 5s (custom)
2019-09-25 05:52:34,096 [pool-37-thread-1] INFO  server.RaftServerConfigKeys (ConfUtils.java:logGet(43)) - raft.server.rpc.timeout.max = 5200ms (custom)
2019-09-25 05:52:34,096 [pool-37-thread-1] INFO  server.RaftServerConfigKeys (ConfUtils.java:logGet(43)) - raft.server.rpcslowness.timeout = 120s (custom)
2019-09-25 05:52:34,096 [pool-37-thread-1] INFO  server.RaftServerConfigKeys (ConfUtils.java:logGet(43)) - raft.server.sleep.deviation.threshold = 300 (default)
2019-09-25 05:52:34,096 [pool-37-thread-1] INFO  server.RaftServerConfigKeys (ConfUtils.java:logGet(43)) - raft.server.log.appender.install.snapshot.enabled = false (custom)
2019-09-25 05:52:34,097 [pool-37-thread-1] INFO  impl.RaftServerImpl (ServerState.java:<init>(103)) - 5be219b2-97fd-4a8c-91ea-b15aa89454d4@group-C916076952F9: ConfigurationManager, init=-1: [5be219b2-97fd-4a8c-91ea-b15aa89454d4:192.168.30.10:40625], old=null, confs=<EMPTY_MAP>
2019-09-25 05:52:34,097 [pool-37-thread-1] INFO  server.RaftServerConfigKeys (ConfUtils.java:logGet(43)) - raft.server.storage.dir = [/workdir/hadoop-ozone/integration-test/target/test-dir/MiniOzoneClusterImpl-5fae48a0-8517-4c16-9d39-4001697b8772/datanode-1/data/ratis] (custom)
2019-09-25 05:52:34,097 [pool-37-thread-1] INFO  storage.RaftStorageDirectory (RaftStorageDirectory.java:analyzeStorage(246)) - The storage directory /workdir/hadoop-ozone/integration-test/target/test-dir/MiniOzoneClusterImpl-5fae48a0-8517-4c16-9d39-4001697b8772/datanode-1/data/ratis/5595a8d3-b15d-48d8-b889-c916076952f9 does not exist. Creating ...
2019-09-25 05:52:34,101 [5be219b2-97fd-4a8c-91ea-b15aa89454d4@group-9B35153B0974:LeaderElection38] INFO  impl.LeaderElection (LeaderElection.java:askForVotes(182)) - 5be219b2-97fd-4a8c-91ea-b15aa89454d4@group-9B35153B0974:LeaderElection38: begin an election at term 1 for -1: [5be219b2-97fd-4a8c-91ea-b15aa89454d4:192.168.30.10:40625], old=null
2019-09-25 05:52:34,101 [754f3588-47e6-41ad-b34e-eb7041cce070@group-BD29B64AE38F:LeaderElection37] INFO  impl.LeaderElection (LeaderElection.java:askForVotes(182)) - 754f3588-47e6-41ad-b34e-eb7041cce070@group-BD29B64AE38F:LeaderElection37: begin an election at term 1 for -1: [754f3588-47e6-41ad-b34e-eb7041cce070:192.168.30.10:41089], old=null
2019-09-25 05:52:34,101 [5be219b2-97fd-4a8c-91ea-b15aa89454d4@group-9B35153B0974:LeaderElection38] INFO  impl.RoleInfo (RoleInfo.java:shutdownLeaderElection(134)) - 5be219b2-97fd-4a8c-91ea-b15aa89454d4: shutdown LeaderElection
2019-09-25 05:52:34,101 [754f3588-47e6-41ad-b34e-eb7041cce070@group-BD29B64AE38F:LeaderElection37] INFO  impl.RoleInfo (RoleInfo.java:shutdownLeaderElection(134)) - 754f3588-47e6-41ad-b34e-eb7041cce070: shutdown LeaderElection
2019-09-25 05:52:34,101 [5be219b2-97fd-4a8c-91ea-b15aa89454d4@group-9B35153B0974:LeaderElection38] INFO  impl.RaftServerImpl (RaftServerImpl.java:setRole(174)) - 5be219b2-97fd-4a8c-91ea-b15aa89454d4@group-9B35153B0974: changes role from CANDIDATE to LEADER at term 1 for changeToLeader
2019-09-25 05:52:34,101 [754f3588-47e6-41ad-b34e-eb7041cce070@group-BD29B64AE38F:LeaderElection37] INFO  impl.RaftServerImpl (RaftServerImpl.java:setRole(174)) - 754f3588-47e6-41ad-b34e-eb7041cce070@group-BD29B64AE38F: changes role from CANDIDATE to LEADER at term 1 for changeToLeader
2019-09-25 05:52:34,101 [5be219b2-97fd-4a8c-91ea-b15aa89454d4@group-9B35153B0974:LeaderElection38] INFO  impl.RaftServerImpl (ServerState.java:setLeader(253)) - 5be219b2-97fd-4a8c-91ea-b15aa89454d4@group-9B35153B0974: change Leader from null to 5be219b2-97fd-4a8c-91ea-b15aa89454d4 at term 1 for becomeLeader, leader elected after 5114ms
2019-09-25 05:52:34,102 [754f3588-47e6-41ad-b34e-eb7041cce070@group-BD29B64AE38F:LeaderElection37] INFO  impl.RaftServerImpl (ServerState.java:setLeader(253)) - 754f3588-47e6-41ad-b34e-eb7041cce070@group-BD29B64AE38F: change Leader from null to 754f3588-47e6-41ad-b34e-eb7041cce070 at term 1 for becomeLeader, leader elected after 5164ms
2019-09-25 05:52:34,102 [5be219b2-97fd-4a8c-91ea-b15aa89454d4@group-9B35153B0974:LeaderElection38] INFO  server.RaftServerConfigKeys (ConfUtils.java:logGet(43)) - raft.server.staging.catchup.gap = 1000 (default)
2019-09-25 05:52:34,102 [754f3588-47e6-41ad-b34e-eb7041cce070@group-BD29B64AE38F:LeaderElection37] INFO  server.RaftServerConfigKeys (ConfUtils.java:logGet(43)) - raft.server.staging.catchup.gap = 1000 (default)
2019-09-25 05:52:34,102 [5be219b2-97fd-4a8c-91ea-b15aa89454d4@group-9B35153B0974:LeaderElection38] INFO  server.RaftServerConfigKeys (ConfUtils.java:logGet(43)) - raft.server.rpc.sleep.time = 25ms (default)
2019-09-25 05:52:34,102 [754f3588-47e6-41ad-b34e-eb7041cce070@group-BD29B64AE38F:LeaderElection37] INFO  server.RaftServerConfigKeys (ConfUtils.java:logGet(43)) - raft.server.rpc.sleep.time = 25ms (default)
2019-09-25 05:52:34,102 [5be219b2-97fd-4a8c-91ea-b15aa89454d4@group-9B35153B0974:LeaderElection38] INFO  server.RaftServerConfigKeys (ConfUtils.java:logGet(43)) - raft.server.write.element-limit = 4096 (default)
2019-09-25 05:52:34,102 [754f3588-47e6-41ad-b34e-eb7041cce070@group-BD29B64AE38F:LeaderElection37] INFO  server.RaftServerConfigKeys (ConfUtils.java:logGet(43)) - raft.server.write.element-limit = 4096 (default)
2019-09-25 05:52:34,102 [5be219b2-97fd-4a8c-91ea-b15aa89454d4@group-9B35153B0974:LeaderElection38] INFO  server.RaftServerConfigKeys (ConfUtils.java:logGet(43)) - raft.server.watch.timeout = 10s (default)
2019-09-25 05:52:34,102 [754f3588-47e6-41ad-b34e-eb7041cce070@group-BD29B64AE38F:LeaderElection37] INFO  server.RaftServerConfigKeys (ConfUtils.java:logGet(43)) - raft.server.watch.timeout = 10s (default)
2019-09-25 05:52:34,102 [5be219b2-97fd-4a8c-91ea-b15aa89454d4@group-9B35153B0974:LeaderElection38] INFO  server.RaftServerConfigKeys (ConfUtils.java:logGet(43)) - raft.server.watch.timeout.denomination = 1s (default)
2019-09-25 05:52:34,102 [754f3588-47e6-41ad-b34e-eb7041cce070@group-BD29B64AE38F:LeaderElection37] INFO  server.RaftServerConfigKeys (ConfUtils.java:logGet(43)) - raft.server.watch.timeout.denomination = 1s (default)
2019-09-25 05:52:34,103 [5be219b2-97fd-4a8c-91ea-b15aa89454d4@group-9B35153B0974:LeaderElection38] INFO  server.RaftServerConfigKeys (ConfUtils.java:logGet(43)) - raft.server.watch.element-limit = 65536 (default)
2019-09-25 05:52:34,103 [754f3588-47e6-41ad-b34e-eb7041cce070@group-BD29B64AE38F:LeaderElection37] INFO  server.RaftServerConfigKeys (ConfUtils.java:logGet(43)) - raft.server.watch.element-limit = 65536 (default)
2019-09-25 05:52:34,104 [5be219b2-97fd-4a8c-91ea-b15aa89454d4@group-9B35153B0974:LeaderElection38] INFO  impl.RoleInfo (RoleInfo.java:updateAndGet(143)) - 5be219b2-97fd-4a8c-91ea-b15aa89454d4: start LeaderState
2019-09-25 05:52:34,105 [5be219b2-97fd-4a8c-91ea-b15aa89454d4@group-9B35153B0974:LeaderElection38] INFO  segmented.SegmentedRaftLogWorker (SegmentedRaftLogWorker.java:startLogSegment(380)) - 5be219b2-97fd-4a8c-91ea-b15aa89454d4@group-9B35153B0974-SegmentedRaftLogWorker: Starting segment from index:0
2019-09-25 05:52:34,105 [5be219b2-97fd-4a8c-91ea-b15aa89454d4@group-9B35153B0974:LeaderElection38] INFO  impl.RaftServerImpl (ServerState.java:setRaftConf(354)) - 5be219b2-97fd-4a8c-91ea-b15aa89454d4@group-9B35153B0974: set configuration 0: [5be219b2-97fd-4a8c-91ea-b15aa89454d4:192.168.30.10:40625], old=null at 0
2019-09-25 05:52:34,139 [pool-37-thread-1] INFO  storage.RaftStorageDirectory (RaftStorageDirectory.java:tryLock(328)) - Lock on /workdir/hadoop-ozone/integration-test/target/test-dir/MiniOzoneClusterImpl-5fae48a0-8517-4c16-9d39-4001697b8772/datanode-1/data/ratis/5595a8d3-b15d-48d8-b889-c916076952f9/in_use.lock acquired by nodename 25594@pr-hdds-1569-s62bp-3040748787
2019-09-25 05:52:34,139 [754f3588-47e6-41ad-b34e-eb7041cce070@group-BD29B64AE38F:LeaderElection37] INFO  impl.RoleInfo (RoleInfo.java:updateAndGet(143)) - 754f3588-47e6-41ad-b34e-eb7041cce070: start LeaderState
2019-09-25 05:52:34,140 [754f3588-47e6-41ad-b34e-eb7041cce070@group-BD29B64AE38F:LeaderElection37] INFO  segmented.SegmentedRaftLogWorker (SegmentedRaftLogWorker.java:startLogSegment(380)) - 754f3588-47e6-41ad-b34e-eb7041cce070@group-BD29B64AE38F-SegmentedRaftLogWorker: Starting segment from index:0
2019-09-25 05:52:34,146 [754f3588-47e6-41ad-b34e-eb7041cce070@group-BD29B64AE38F:LeaderElection37] INFO  impl.RaftServerImpl (ServerState.java:setRaftConf(354)) - 754f3588-47e6-41ad-b34e-eb7041cce070@group-BD29B64AE38F: set configuration 0: [754f3588-47e6-41ad-b34e-eb7041cce070:192.168.30.10:41089], old=null at 0
2019-09-25 05:52:34,169 [5be219b2-97fd-4a8c-91ea-b15aa89454d4@group-9B35153B0974-SegmentedRaftLogWorker] INFO  segmented.SegmentedRaftLogWorker (SegmentedRaftLogWorker.java:execute(569)) - 5be219b2-97fd-4a8c-91ea-b15aa89454d4@group-9B35153B0974-SegmentedRaftLogWorker: created new log segment /workdir/hadoop-ozone/integration-test/target/test-dir/MiniOzoneClusterImpl-5fae48a0-8517-4c16-9d39-4001697b8772/datanode-1/data/ratis/aed0d405-f630-49ff-953d-9b35153b0974/current/log_inprogress_0
2019-09-25 05:52:34,169 [pool-37-thread-1] INFO  storage.RaftStorage (RaftStorage.java:format(72)) - Storage directory /workdir/hadoop-ozone/integration-test/target/test-dir/MiniOzoneClusterImpl-5fae48a0-8517-4c16-9d39-4001697b8772/datanode-1/data/ratis/5595a8d3-b15d-48d8-b889-c916076952f9 has been successfully formatted.
2019-09-25 05:52:34,169 [pool-37-thread-1] INFO  ratis.ContainerStateMachine (ContainerStateMachine.java:loadSnapshot(230)) - group-C916076952F9: The snapshot info is null. Setting the last applied indexto:(t:0, i:~)
2019-09-25 05:52:34,170 [pool-37-thread-1] INFO  server.RaftServerConfigKeys (ConfUtils.java:logGet(43)) - raft.server.notification.no-leader.timeout = 120s (custom)
2019-09-25 05:52:34,170 [pool-37-thread-1] INFO  server.RaftServerConfigKeys (ConfUtils.java:logGet(43)) - raft.server.log.use.memory = false (default)
2019-09-25 05:52:34,170 [pool-37-thread-1] INFO  server.RaftServerConfigKeys (ConfUtils.java:logGet(43)) - raft.server.log.purge.gap = 1000000 (custom)
2019-09-25 05:52:34,170 [pool-37-thread-1] INFO  server.RaftServerConfigKeys (ConfUtils.java:logGet(43)) - raft.server.log.appender.buffer.byte-limit = 33554432 (custom)
2019-09-25 05:52:34,170 [pool-37-thread-1] INFO  server.RaftServerConfigKeys (ConfUtils.java:logGet(43)) - raft.server.log.segment.size.max = 1048576 (custom)
2019-09-25 05:52:34,170 [pool-37-thread-1] INFO  server.RaftServerConfigKeys (ConfUtils.java:logGet(43)) - raft.server.log.segment.cache.num.max = 2 (custom)
2019-09-25 05:52:34,170 [pool-37-thread-1] INFO  segmented.SegmentedRaftLogWorker (SegmentedRaftLogWorker.java:<init>(172)) - new 5be219b2-97fd-4a8c-91ea-b15aa89454d4@group-C916076952F9-SegmentedRaftLogWorker for RaftStorage:Storage Directory /workdir/hadoop-ozone/integration-test/target/test-dir/MiniOzoneClusterImpl-5fae48a0-8517-4c16-9d39-4001697b8772/datanode-1/data/ratis/5595a8d3-b15d-48d8-b889-c916076952f9
2019-09-25 05:52:34,170 [pool-37-thread-1] INFO  server.RaftServerConfigKeys (ConfUtils.java:logGet(43)) - raft.server.log.queue.byte-limit = 2147483647 (custom)
2019-09-25 05:52:34,170 [pool-37-thread-1] INFO  server.RaftServerConfigKeys (ConfUtils.java:logGet(43)) - raft.server.log.queue.element-limit = 1024 (custom)
2019-09-25 05:52:34,171 [pool-37-thread-1] INFO  server.RaftServerConfigKeys (ConfUtils.java:logGet(43)) - raft.server.log.segment.size.max = 1048576 (custom)
2019-09-25 05:52:34,171 [pool-37-thread-1] INFO  server.RaftServerConfigKeys (ConfUtils.java:logGet(43)) - raft.server.log.preallocated.size = 16384 (custom)
2019-09-25 05:52:34,171 [pool-37-thread-1] INFO  server.RaftServerConfigKeys (ConfUtils.java:logGet(43)) - raft.server.log.write.buffer.size = 33554432 (custom)
2019-09-25 05:52:34,171 [pool-37-thread-1] INFO  server.RaftServerConfigKeys (ConfUtils.java:logGet(43)) - raft.server.log.force.sync.num = 128 (default)
2019-09-25 05:52:34,171 [pool-37-thread-1] INFO  server.RaftServerConfigKeys (ConfUtils.java:logGet(43)) - raft.server.log.statemachine.data.sync = true (default)
2019-09-25 05:52:34,171 [pool-37-thread-1] INFO  server.RaftServerConfigKeys (ConfUtils.java:logGet(43)) - raft.server.log.statemachine.data.sync.timeout = 10s (default)
2019-09-25 05:52:34,171 [pool-37-thread-1] INFO  server.RaftServerConfigKeys (ConfUtils.java:logGet(43)) - raft.server.log.statemachine.data.sync.timeout.retry = -1 (default)
2019-09-25 05:52:34,171 [pool-37-thread-1] INFO  server.RaftServerConfigKeys (ConfUtils.java:logGet(43)) - raft.server.log.statemachine.data.caching.enabled = true (custom)
2019-09-25 05:52:34,172 [pool-37-thread-1] INFO  segmented.SegmentedRaftLogWorker (SegmentedRaftLogWorker.java:lambda$new$0(132)) - 5be219b2-97fd-4a8c-91ea-b15aa89454d4@group-C916076952F9-SegmentedRaftLogWorker: flushIndex: setUnconditionally 0 -> -1
2019-09-25 05:52:34,172 [pool-37-thread-1] INFO  server.RaftServerConfigKeys (ConfUtils.java:logGet(43)) - raft.server.snapshot.auto.trigger.enabled = true (custom)
2019-09-25 05:52:34,172 [pool-37-thread-1] INFO  server.RaftServerConfigKeys (ConfUtils.java:logGet(43)) - raft.server.snapshot.auto.trigger.threshold = 10000 (custom)
2019-09-25 05:52:34,172 [pool-37-thread-1] INFO  server.RaftServerConfigKeys (ConfUtils.java:logGet(43)) - raft.server.snapshot.retention.num.files = 5 (custom)
2019-09-25 05:52:34,172 [pool-37-thread-1] INFO  server.RaftServerConfigKeys (ConfUtils.java:logGet(43)) - raft.server.retrycache.expirytime = 600000ms (custom)
2019-09-25 05:52:34,174 [pool-37-thread-1] INFO  impl.RaftServerImpl (RaftServerImpl.java:start(185)) - 5be219b2-97fd-4a8c-91ea-b15aa89454d4@group-C916076952F9: start as a follower, conf=-1: [5be219b2-97fd-4a8c-91ea-b15aa89454d4:192.168.30.10:40625], old=null
2019-09-25 05:52:34,174 [pool-37-thread-1] INFO  impl.RaftServerImpl (RaftServerImpl.java:setRole(174)) - 5be219b2-97fd-4a8c-91ea-b15aa89454d4@group-C916076952F9: changes role from      null to FOLLOWER at term 0 for startAsFollower
2019-09-25 05:52:34,174 [pool-37-thread-1] INFO  impl.RoleInfo (RoleInfo.java:updateAndGet(143)) - 5be219b2-97fd-4a8c-91ea-b15aa89454d4: start FollowerState
2019-09-25 05:52:34,174 [pool-37-thread-1] INFO  util.JmxRegister (JmxRegister.java:tryRegister(44)) - Successfully registered JMX Bean with object name Ratis:service=RaftServer,group=group-C916076952F9,id=5be219b2-97fd-4a8c-91ea-b15aa89454d4
2019-09-25 05:52:34,177 [RatisPipelineUtilsThread] INFO  pipeline.PipelineStateManager (PipelineStateManager.java:addPipeline(56)) - Created pipeline Pipeline[ Id: 5595a8d3-b15d-48d8-b889-c916076952f9, Nodes: 5be219b2-97fd-4a8c-91ea-b15aa89454d4{ip: 192.168.30.10, host: pr-hdds-1569-s62bp-3040748787, networkLocation: /default-rack, certSerialId: null}, Type:RATIS, Factor:ONE, State:OPEN]
2019-09-25 05:52:34,181 [grpc-default-executor-0] INFO  impl.RaftServerProxy (RaftServerProxy.java:addNew(89)) - 5be219b2-97fd-4a8c-91ea-b15aa89454d4: addNew group-A7119F067D59:[5be219b2-97fd-4a8c-91ea-b15aa89454d4:192.168.30.10:40625] returns group-A7119F067D59:java.util.concurrent.CompletableFuture@45730ccb[Not completed]
2019-09-25 05:52:34,182 [754f3588-47e6-41ad-b34e-eb7041cce070@group-BD29B64AE38F-SegmentedRaftLogWorker] INFO  segmented.SegmentedRaftLogWorker (SegmentedRaftLogWorker.java:execute(569)) - 754f3588-47e6-41ad-b34e-eb7041cce070@group-BD29B64AE38F-SegmentedRaftLogWorker: created new log segment /workdir/hadoop-ozone/integration-test/target/test-dir/MiniOzoneClusterImpl-5fae48a0-8517-4c16-9d39-4001697b8772/datanode-2/data/ratis/f5497908-6c32-4671-81e8-bd29b64ae38f/current/log_inprogress_0
2019-09-25 05:52:34,182 [pool-37-thread-1] INFO  impl.RaftServerImpl (RaftServerImpl.java:<init>(95)) - 5be219b2-97fd-4a8c-91ea-b15aa89454d4: new RaftServerImpl for group-A7119F067D59:[5be219b2-97fd-4a8c-91ea-b15aa89454d4:192.168.30.10:40625] with ContainerStateMachine:uninitialized
2019-09-25 05:52:34,182 [pool-37-thread-1] INFO  server.RaftServerConfigKeys (ConfUtils.java:logGet(43)) - raft.server.rpc.timeout.min = 5s (custom)
2019-09-25 05:52:34,182 [pool-37-thread-1] INFO  server.RaftServerConfigKeys (ConfUtils.java:logGet(43)) - raft.server.rpc.timeout.max = 5200ms (custom)
2019-09-25 05:52:34,182 [pool-37-thread-1] INFO  server.RaftServerConfigKeys (ConfUtils.java:logGet(43)) - raft.server.rpcslowness.timeout = 120s (custom)
2019-09-25 05:52:34,182 [pool-37-thread-1] INFO  server.RaftServerConfigKeys (ConfUtils.java:logGet(43)) - raft.server.sleep.deviation.threshold = 300 (default)
2019-09-25 05:52:34,182 [pool-37-thread-1] INFO  server.RaftServerConfigKeys (ConfUtils.java:logGet(43)) - raft.server.log.appender.install.snapshot.enabled = false (custom)
2019-09-25 05:52:34,183 [pool-37-thread-1] INFO  impl.RaftServerImpl (ServerState.java:<init>(103)) - 5be219b2-97fd-4a8c-91ea-b15aa89454d4@group-A7119F067D59: ConfigurationManager, init=-1: [5be219b2-97fd-4a8c-91ea-b15aa89454d4:192.168.30.10:40625], old=null, confs=<EMPTY_MAP>
2019-09-25 05:52:34,183 [pool-37-thread-1] INFO  server.RaftServerConfigKeys (ConfUtils.java:logGet(43)) - raft.server.storage.dir = [/workdir/hadoop-ozone/integration-test/target/test-dir/MiniOzoneClusterImpl-5fae48a0-8517-4c16-9d39-4001697b8772/datanode-1/data/ratis] (custom)
2019-09-25 05:52:34,183 [pool-37-thread-1] INFO  storage.RaftStorageDirectory (RaftStorageDirectory.java:analyzeStorage(246)) - The storage directory /workdir/hadoop-ozone/integration-test/target/test-dir/MiniOzoneClusterImpl-5fae48a0-8517-4c16-9d39-4001697b8772/datanode-1/data/ratis/61cbde85-a705-4002-97a5-a7119f067d59 does not exist. Creating ...
2019-09-25 05:52:34,204 [pool-37-thread-1] INFO  storage.RaftStorageDirectory (RaftStorageDirectory.java:tryLock(328)) - Lock on /workdir/hadoop-ozone/integration-test/target/test-dir/MiniOzoneClusterImpl-5fae48a0-8517-4c16-9d39-4001697b8772/datanode-1/data/ratis/61cbde85-a705-4002-97a5-a7119f067d59/in_use.lock acquired by nodename 25594@pr-hdds-1569-s62bp-3040748787
2019-09-25 05:52:34,215 [Thread-298] INFO  impl.FollowerState (FollowerState.java:run(106)) - 0bbc1277-be6f-4bf3-88cf-1c3b12e139ad:group-D61B2F6300F1 changes to CANDIDATE, lastRpcTime:5163, electionTimeout:5163ms
2019-09-25 05:52:34,215 [Thread-298] INFO  impl.RoleInfo (RoleInfo.java:shutdownFollowerState(121)) - 0bbc1277-be6f-4bf3-88cf-1c3b12e139ad: shutdown FollowerState
2019-09-25 05:52:34,215 [Thread-298] INFO  impl.RaftServerImpl (RaftServerImpl.java:setRole(174)) - 0bbc1277-be6f-4bf3-88cf-1c3b12e139ad@group-D61B2F6300F1: changes role from  FOLLOWER to CANDIDATE at term 0 for changeToCandidate
2019-09-25 05:52:34,215 [Thread-298] INFO  impl.RoleInfo (RoleInfo.java:updateAndGet(143)) - 0bbc1277-be6f-4bf3-88cf-1c3b12e139ad: start LeaderElection
2019-09-25 05:52:34,228 [pool-37-thread-1] INFO  storage.RaftStorage (RaftStorage.java:format(72)) - Storage directory /workdir/hadoop-ozone/integration-test/target/test-dir/MiniOzoneClusterImpl-5fae48a0-8517-4c16-9d39-4001697b8772/datanode-1/data/ratis/61cbde85-a705-4002-97a5-a7119f067d59 has been successfully formatted.
2019-09-25 05:52:34,228 [pool-37-thread-1] INFO  ratis.ContainerStateMachine (ContainerStateMachine.java:loadSnapshot(230)) - group-A7119F067D59: The snapshot info is null. Setting the last applied indexto:(t:0, i:~)
2019-09-25 05:52:34,228 [pool-37-thread-1] INFO  server.RaftServerConfigKeys (ConfUtils.java:logGet(43)) - raft.server.notification.no-leader.timeout = 120s (custom)
2019-09-25 05:52:34,228 [pool-37-thread-1] INFO  server.RaftServerConfigKeys (ConfUtils.java:logGet(43)) - raft.server.log.use.memory = false (default)
2019-09-25 05:52:34,228 [pool-37-thread-1] INFO  server.RaftServerConfigKeys (ConfUtils.java:logGet(43)) - raft.server.log.purge.gap = 1000000 (custom)
2019-09-25 05:52:34,229 [pool-37-thread-1] INFO  server.RaftServerConfigKeys (ConfUtils.java:logGet(43)) - raft.server.log.appender.buffer.byte-limit = 33554432 (custom)
2019-09-25 05:52:34,229 [pool-37-thread-1] INFO  server.RaftServerConfigKeys (ConfUtils.java:logGet(43)) - raft.server.log.segment.size.max = 1048576 (custom)
2019-09-25 05:52:34,229 [pool-37-thread-1] INFO  server.RaftServerConfigKeys (ConfUtils.java:logGet(43)) - raft.server.log.segment.cache.num.max = 2 (custom)
2019-09-25 05:52:34,229 [pool-37-thread-1] INFO  segmented.SegmentedRaftLogWorker (SegmentedRaftLogWorker.java:<init>(172)) - new 5be219b2-97fd-4a8c-91ea-b15aa89454d4@group-A7119F067D59-SegmentedRaftLogWorker for RaftStorage:Storage Directory /workdir/hadoop-ozone/integration-test/target/test-dir/MiniOzoneClusterImpl-5fae48a0-8517-4c16-9d39-4001697b8772/datanode-1/data/ratis/61cbde85-a705-4002-97a5-a7119f067d59
2019-09-25 05:52:34,229 [pool-37-thread-1] INFO  server.RaftServerConfigKeys (ConfUtils.java:logGet(43)) - raft.server.log.queue.byte-limit = 2147483647 (custom)
2019-09-25 05:52:34,229 [pool-37-thread-1] INFO  server.RaftServerConfigKeys (ConfUtils.java:logGet(43)) - raft.server.log.queue.element-limit = 1024 (custom)
2019-09-25 05:52:34,229 [pool-37-thread-1] INFO  server.RaftServerConfigKeys (ConfUtils.java:logGet(43)) - raft.server.log.segment.size.max = 1048576 (custom)
2019-09-25 05:52:34,230 [pool-37-thread-1] INFO  server.RaftServerConfigKeys (ConfUtils.java:logGet(43)) - raft.server.log.preallocated.size = 16384 (custom)
2019-09-25 05:52:34,230 [pool-37-thread-1] INFO  server.RaftServerConfigKeys (ConfUtils.java:logGet(43)) - raft.server.log.write.buffer.size = 33554432 (custom)
2019-09-25 05:52:34,230 [pool-37-thread-1] INFO  server.RaftServerConfigKeys (ConfUtils.java:logGet(43)) - raft.server.log.force.sync.num = 128 (default)
2019-09-25 05:52:34,230 [pool-37-thread-1] INFO  server.RaftServerConfigKeys (ConfUtils.java:logGet(43)) - raft.server.log.statemachine.data.sync = true (default)
2019-09-25 05:52:34,230 [pool-37-thread-1] INFO  server.RaftServerConfigKeys (ConfUtils.java:logGet(43)) - raft.server.log.statemachine.data.sync.timeout = 10s (default)
2019-09-25 05:52:34,230 [pool-37-thread-1] INFO  server.RaftServerConfigKeys (ConfUtils.java:logGet(43)) - raft.server.log.statemachine.data.sync.timeout.retry = -1 (default)
2019-09-25 05:52:34,231 [pool-37-thread-1] INFO  server.RaftServerConfigKeys (ConfUtils.java:logGet(43)) - raft.server.log.statemachine.data.caching.enabled = true (custom)
2019-09-25 05:52:34,231 [pool-37-thread-1] INFO  segmented.SegmentedRaftLogWorker (SegmentedRaftLogWorker.java:lambda$new$0(132)) - 5be219b2-97fd-4a8c-91ea-b15aa89454d4@group-A7119F067D59-SegmentedRaftLogWorker: flushIndex: setUnconditionally 0 -> -1
2019-09-25 05:52:34,231 [Thread-301] INFO  impl.FollowerState (FollowerState.java:run(106)) - 754f3588-47e6-41ad-b34e-eb7041cce070:group-6464436F0CE7 changes to CANDIDATE, lastRpcTime:5125, electionTimeout:5125ms
2019-09-25 05:52:34,231 [pool-37-thread-1] INFO  server.RaftServerConfigKeys (ConfUtils.java:logGet(43)) - raft.server.snapshot.auto.trigger.enabled = true (custom)
2019-09-25 05:52:34,231 [Thread-301] INFO  impl.RoleInfo (RoleInfo.java:shutdownFollowerState(121)) - 754f3588-47e6-41ad-b34e-eb7041cce070: shutdown FollowerState
2019-09-25 05:52:34,231 [pool-37-thread-1] INFO  server.RaftServerConfigKeys (ConfUtils.java:logGet(43)) - raft.server.snapshot.auto.trigger.threshold = 10000 (custom)
2019-09-25 05:52:34,231 [Thread-301] INFO  impl.RaftServerImpl (RaftServerImpl.java:setRole(174)) - 754f3588-47e6-41ad-b34e-eb7041cce070@group-6464436F0CE7: changes role from  FOLLOWER to CANDIDATE at term 0 for changeToCandidate
2019-09-25 05:52:34,232 [pool-37-thread-1] INFO  server.RaftServerConfigKeys (ConfUtils.java:logGet(43)) - raft.server.snapshot.retention.num.files = 5 (custom)
2019-09-25 05:52:34,232 [Thread-301] INFO  impl.RoleInfo (RoleInfo.java:updateAndGet(143)) - 754f3588-47e6-41ad-b34e-eb7041cce070: start LeaderElection
2019-09-25 05:52:34,232 [pool-37-thread-1] INFO  server.RaftServerConfigKeys (ConfUtils.java:logGet(43)) - raft.server.retrycache.expirytime = 600000ms (custom)
2019-09-25 05:52:34,233 [pool-37-thread-1] INFO  impl.RaftServerImpl (RaftServerImpl.java:start(185)) - 5be219b2-97fd-4a8c-91ea-b15aa89454d4@group-A7119F067D59: start as a follower, conf=-1: [5be219b2-97fd-4a8c-91ea-b15aa89454d4:192.168.30.10:40625], old=null
2019-09-25 05:52:34,233 [pool-37-thread-1] INFO  impl.RaftServerImpl (RaftServerImpl.java:setRole(174)) - 5be219b2-97fd-4a8c-91ea-b15aa89454d4@group-A7119F067D59: changes role from      null to FOLLOWER at term 0 for startAsFollower
2019-09-25 05:52:34,233 [pool-37-thread-1] INFO  impl.RoleInfo (RoleInfo.java:updateAndGet(143)) - 5be219b2-97fd-4a8c-91ea-b15aa89454d4: start FollowerState
2019-09-25 05:52:34,233 [pool-37-thread-1] INFO  util.JmxRegister (JmxRegister.java:tryRegister(44)) - Successfully registered JMX Bean with object name Ratis:service=RaftServer,group=group-A7119F067D59,id=5be219b2-97fd-4a8c-91ea-b15aa89454d4
2019-09-25 05:52:34,236 [RatisPipelineUtilsThread] INFO  pipeline.PipelineStateManager (PipelineStateManager.java:addPipeline(56)) - Created pipeline Pipeline[ Id: 61cbde85-a705-4002-97a5-a7119f067d59, Nodes: 5be219b2-97fd-4a8c-91ea-b15aa89454d4{ip: 192.168.30.10, host: pr-hdds-1569-s62bp-3040748787, networkLocation: /default-rack, certSerialId: null}, Type:RATIS, Factor:ONE, State:OPEN]
2019-09-25 05:52:34,240 [grpc-default-executor-0] INFO  impl.RaftServerProxy (RaftServerProxy.java:addNew(89)) - 0bbc1277-be6f-4bf3-88cf-1c3b12e139ad: addNew group-9E442A14D521:[0bbc1277-be6f-4bf3-88cf-1c3b12e139ad:192.168.30.10:46701] returns group-9E442A14D521:java.util.concurrent.CompletableFuture@4b10a286[Not completed]
2019-09-25 05:52:34,241 [pool-27-thread-1] INFO  impl.RaftServerImpl (RaftServerImpl.java:<init>(95)) - 0bbc1277-be6f-4bf3-88cf-1c3b12e139ad: new RaftServerImpl for group-9E442A14D521:[0bbc1277-be6f-4bf3-88cf-1c3b12e139ad:192.168.30.10:46701] with ContainerStateMachine:uninitialized
2019-09-25 05:52:34,241 [pool-27-thread-1] INFO  server.RaftServerConfigKeys (ConfUtils.java:logGet(43)) - raft.server.rpc.timeout.min = 5s (custom)
2019-09-25 05:52:34,241 [pool-27-thread-1] INFO  server.RaftServerConfigKeys (ConfUtils.java:logGet(43)) - raft.server.rpc.timeout.max = 5200ms (custom)
2019-09-25 05:52:34,241 [pool-27-thread-1] INFO  server.RaftServerConfigKeys (ConfUtils.java:logGet(43)) - raft.server.rpcslowness.timeout = 120s (custom)
2019-09-25 05:52:34,241 [pool-27-thread-1] INFO  server.RaftServerConfigKeys (ConfUtils.java:logGet(43)) - raft.server.sleep.deviation.threshold = 300 (default)
2019-09-25 05:52:34,241 [pool-27-thread-1] INFO  server.RaftServerConfigKeys (ConfUtils.java:logGet(43)) - raft.server.log.appender.install.snapshot.enabled = false (custom)
2019-09-25 05:52:34,241 [pool-27-thread-1] INFO  impl.RaftServerImpl (ServerState.java:<init>(103)) - 0bbc1277-be6f-4bf3-88cf-1c3b12e139ad@group-9E442A14D521: ConfigurationManager, init=-1: [0bbc1277-be6f-4bf3-88cf-1c3b12e139ad:192.168.30.10:46701], old=null, confs=<EMPTY_MAP>
2019-09-25 05:52:34,241 [pool-27-thread-1] INFO  server.RaftServerConfigKeys (ConfUtils.java:logGet(43)) - raft.server.storage.dir = [/workdir/hadoop-ozone/integration-test/target/test-dir/MiniOzoneClusterImpl-5fae48a0-8517-4c16-9d39-4001697b8772/datanode-0/data/ratis] (custom)
2019-09-25 05:52:34,242 [pool-27-thread-1] INFO  storage.RaftStorageDirectory (RaftStorageDirectory.java:analyzeStorage(246)) - The storage directory /workdir/hadoop-ozone/integration-test/target/test-dir/MiniOzoneClusterImpl-5fae48a0-8517-4c16-9d39-4001697b8772/datanode-0/data/ratis/8b3518d8-6d9f-4575-81c3-9e442a14d521 does not exist. Creating ...
2019-09-25 05:52:34,245 [0bbc1277-be6f-4bf3-88cf-1c3b12e139ad@group-D61B2F6300F1:LeaderElection39] INFO  impl.LeaderElection (LeaderElection.java:askForVotes(182)) - 0bbc1277-be6f-4bf3-88cf-1c3b12e139ad@group-D61B2F6300F1:LeaderElection39: begin an election at term 1 for -1: [0bbc1277-be6f-4bf3-88cf-1c3b12e139ad:192.168.30.10:46701], old=null
2019-09-25 05:52:34,245 [754f3588-47e6-41ad-b34e-eb7041cce070@group-6464436F0CE7:LeaderElection40] INFO  impl.LeaderElection (LeaderElection.java:askForVotes(182)) - 754f3588-47e6-41ad-b34e-eb7041cce070@group-6464436F0CE7:LeaderElection40: begin an election at term 1 for -1: [754f3588-47e6-41ad-b34e-eb7041cce070:192.168.30.10:41089], old=null
2019-09-25 05:52:34,245 [0bbc1277-be6f-4bf3-88cf-1c3b12e139ad@group-D61B2F6300F1:LeaderElection39] INFO  impl.RoleInfo (RoleInfo.java:shutdownLeaderElection(134)) - 0bbc1277-be6f-4bf3-88cf-1c3b12e139ad: shutdown LeaderElection
2019-09-25 05:52:34,245 [754f3588-47e6-41ad-b34e-eb7041cce070@group-6464436F0CE7:LeaderElection40] INFO  impl.RoleInfo (RoleInfo.java:shutdownLeaderElection(134)) - 754f3588-47e6-41ad-b34e-eb7041cce070: shutdown LeaderElection
2019-09-25 05:52:34,245 [0bbc1277-be6f-4bf3-88cf-1c3b12e139ad@group-D61B2F6300F1:LeaderElection39] INFO  impl.RaftServerImpl (RaftServerImpl.java:setRole(174)) - 0bbc1277-be6f-4bf3-88cf-1c3b12e139ad@group-D61B2F6300F1: changes role from CANDIDATE to LEADER at term 1 for changeToLeader
2019-09-25 05:52:34,245 [0bbc1277-be6f-4bf3-88cf-1c3b12e139ad@group-D61B2F6300F1:LeaderElection39] INFO  impl.RaftServerImpl (ServerState.java:setLeader(253)) - 0bbc1277-be6f-4bf3-88cf-1c3b12e139ad@group-D61B2F6300F1: change Leader from null to 0bbc1277-be6f-4bf3-88cf-1c3b12e139ad at term 1 for becomeLeader, leader elected after 5201ms
2019-09-25 05:52:34,245 [754f3588-47e6-41ad-b34e-eb7041cce070@group-6464436F0CE7:LeaderElection40] INFO  impl.RaftServerImpl (RaftServerImpl.java:setRole(174)) - 754f3588-47e6-41ad-b34e-eb7041cce070@group-6464436F0CE7: changes role from CANDIDATE to LEADER at term 1 for changeToLeader
2019-09-25 05:52:34,245 [0bbc1277-be6f-4bf3-88cf-1c3b12e139ad@group-D61B2F6300F1:LeaderElection39] INFO  server.RaftServerConfigKeys (ConfUtils.java:logGet(43)) - raft.server.staging.catchup.gap = 1000 (default)
2019-09-25 05:52:34,245 [754f3588-47e6-41ad-b34e-eb7041cce070@group-6464436F0CE7:LeaderElection40] INFO  impl.RaftServerImpl (ServerState.java:setLeader(253)) - 754f3588-47e6-41ad-b34e-eb7041cce070@group-6464436F0CE7: change Leader from null to 754f3588-47e6-41ad-b34e-eb7041cce070 at term 1 for becomeLeader, leader elected after 5146ms
2019-09-25 05:52:34,245 [0bbc1277-be6f-4bf3-88cf-1c3b12e139ad@group-D61B2F6300F1:LeaderElection39] INFO  server.RaftServerConfigKeys (ConfUtils.java:logGet(43)) - raft.server.rpc.sleep.time = 25ms (default)
2019-09-25 05:52:34,246 [754f3588-47e6-41ad-b34e-eb7041cce070@group-6464436F0CE7:LeaderElection40] INFO  server.RaftServerConfigKeys (ConfUtils.java:logGet(43)) - raft.server.staging.catchup.gap = 1000 (default)
2019-09-25 05:52:34,246 [0bbc1277-be6f-4bf3-88cf-1c3b12e139ad@group-D61B2F6300F1:LeaderElection39] INFO  server.RaftServerConfigKeys (ConfUtils.java:logGet(43)) - raft.server.write.element-limit = 4096 (default)
2019-09-25 05:52:34,246 [754f3588-47e6-41ad-b34e-eb7041cce070@group-6464436F0CE7:LeaderElection40] INFO  server.RaftServerConfigKeys (ConfUtils.java:logGet(43)) - raft.server.rpc.sleep.time = 25ms (default)
2019-09-25 05:52:34,246 [0bbc1277-be6f-4bf3-88cf-1c3b12e139ad@group-D61B2F6300F1:LeaderElection39] INFO  server.RaftServerConfigKeys (ConfUtils.java:logGet(43)) - raft.server.watch.timeout = 10s (default)
2019-09-25 05:52:34,246 [754f3588-47e6-41ad-b34e-eb7041cce070@group-6464436F0CE7:LeaderElection40] INFO  server.RaftServerConfigKeys (ConfUtils.java:logGet(43)) - raft.server.write.element-limit = 4096 (default)
2019-09-25 05:52:34,246 [0bbc1277-be6f-4bf3-88cf-1c3b12e139ad@group-D61B2F6300F1:LeaderElection39] INFO  server.RaftServerConfigKeys (ConfUtils.java:logGet(43)) - raft.server.watch.timeout.denomination = 1s (default)
2019-09-25 05:52:34,246 [754f3588-47e6-41ad-b34e-eb7041cce070@group-6464436F0CE7:LeaderElection40] INFO  server.RaftServerConfigKeys (ConfUtils.java:logGet(43)) - raft.server.watch.timeout = 10s (default)
2019-09-25 05:52:34,246 [0bbc1277-be6f-4bf3-88cf-1c3b12e139ad@group-D61B2F6300F1:LeaderElection39] INFO  server.RaftServerConfigKeys (ConfUtils.java:logGet(43)) - raft.server.watch.element-limit = 65536 (default)
2019-09-25 05:52:34,246 [754f3588-47e6-41ad-b34e-eb7041cce070@group-6464436F0CE7:LeaderElection40] INFO  server.RaftServerConfigKeys (ConfUtils.java:logGet(43)) - raft.server.watch.timeout.denomination = 1s (default)
2019-09-25 05:52:34,247 [754f3588-47e6-41ad-b34e-eb7041cce070@group-6464436F0CE7:LeaderElection40] INFO  server.RaftServerConfigKeys (ConfUtils.java:logGet(43)) - raft.server.watch.element-limit = 65536 (default)
2019-09-25 05:52:34,248 [0bbc1277-be6f-4bf3-88cf-1c3b12e139ad@group-D61B2F6300F1:LeaderElection39] INFO  impl.RoleInfo (RoleInfo.java:updateAndGet(143)) - 0bbc1277-be6f-4bf3-88cf-1c3b12e139ad: start LeaderState
2019-09-25 05:52:34,248 [0bbc1277-be6f-4bf3-88cf-1c3b12e139ad@group-D61B2F6300F1:LeaderElection39] INFO  segmented.SegmentedRaftLogWorker (SegmentedRaftLogWorker.java:startLogSegment(380)) - 0bbc1277-be6f-4bf3-88cf-1c3b12e139ad@group-D61B2F6300F1-SegmentedRaftLogWorker: Starting segment from index:0
2019-09-25 05:52:34,248 [0bbc1277-be6f-4bf3-88cf-1c3b12e139ad@group-D61B2F6300F1:LeaderElection39] INFO  impl.RaftServerImpl (ServerState.java:setRaftConf(354)) - 0bbc1277-be6f-4bf3-88cf-1c3b12e139ad@group-D61B2F6300F1: set configuration 0: [0bbc1277-be6f-4bf3-88cf-1c3b12e139ad:192.168.30.10:46701], old=null at 0
2019-09-25 05:52:34,289 [pool-27-thread-1] INFO  storage.RaftStorageDirectory (RaftStorageDirectory.java:tryLock(328)) - Lock on /workdir/hadoop-ozone/integration-test/target/test-dir/MiniOzoneClusterImpl-5fae48a0-8517-4c16-9d39-4001697b8772/datanode-0/data/ratis/8b3518d8-6d9f-4575-81c3-9e442a14d521/in_use.lock acquired by nodename 25594@pr-hdds-1569-s62bp-3040748787
2019-09-25 05:52:34,290 [754f3588-47e6-41ad-b34e-eb7041cce070@group-6464436F0CE7:LeaderElection40] INFO  impl.RoleInfo (RoleInfo.java:updateAndGet(143)) - 754f3588-47e6-41ad-b34e-eb7041cce070: start LeaderState
2019-09-25 05:52:34,290 [754f3588-47e6-41ad-b34e-eb7041cce070@group-6464436F0CE7:LeaderElection40] INFO  segmented.SegmentedRaftLogWorker (SegmentedRaftLogWorker.java:startLogSegment(380)) - 754f3588-47e6-41ad-b34e-eb7041cce070@group-6464436F0CE7-SegmentedRaftLogWorker: Starting segment from index:0
2019-09-25 05:52:34,291 [754f3588-47e6-41ad-b34e-eb7041cce070@group-6464436F0CE7:LeaderElection40] INFO  impl.RaftServerImpl (ServerState.java:setRaftConf(354)) - 754f3588-47e6-41ad-b34e-eb7041cce070@group-6464436F0CE7: set configuration 0: [754f3588-47e6-41ad-b34e-eb7041cce070:192.168.30.10:41089], old=null at 0
2019-09-25 05:52:34,327 [Thread-307] INFO  impl.FollowerState (FollowerState.java:run(106)) - 754f3588-47e6-41ad-b34e-eb7041cce070:group-F2DDEEF02D63 changes to CANDIDATE, lastRpcTime:5120, electionTimeout:5115ms
2019-09-25 05:52:34,328 [Thread-307] INFO  impl.RoleInfo (RoleInfo.java:shutdownFollowerState(121)) - 754f3588-47e6-41ad-b34e-eb7041cce070: shutdown FollowerState
2019-09-25 05:52:34,328 [0bbc1277-be6f-4bf3-88cf-1c3b12e139ad@group-D61B2F6300F1-SegmentedRaftLogWorker] INFO  segmented.SegmentedRaftLogWorker (SegmentedRaftLogWorker.java:execute(569)) - 0bbc1277-be6f-4bf3-88cf-1c3b12e139ad@group-D61B2F6300F1-SegmentedRaftLogWorker: created new log segment /workdir/hadoop-ozone/integration-test/target/test-dir/MiniOzoneClusterImpl-5fae48a0-8517-4c16-9d39-4001697b8772/datanode-0/data/ratis/c046245e-8bbe-4d58-a4c2-d61b2f6300f1/current/log_inprogress_0
2019-09-25 05:52:34,328 [pool-27-thread-1] INFO  storage.RaftStorage (RaftStorage.java:format(72)) - Storage directory /workdir/hadoop-ozone/integration-test/target/test-dir/MiniOzoneClusterImpl-5fae48a0-8517-4c16-9d39-4001697b8772/datanode-0/data/ratis/8b3518d8-6d9f-4575-81c3-9e442a14d521 has been successfully formatted.
2019-09-25 05:52:34,328 [Thread-307] INFO  impl.RaftServerImpl (RaftServerImpl.java:setRole(174)) - 754f3588-47e6-41ad-b34e-eb7041cce070@group-F2DDEEF02D63: changes role from  FOLLOWER to CANDIDATE at term 0 for changeToCandidate
2019-09-25 05:52:34,328 [Thread-307] INFO  impl.RoleInfo (RoleInfo.java:updateAndGet(143)) - 754f3588-47e6-41ad-b34e-eb7041cce070: start LeaderElection
2019-09-25 05:52:34,328 [pool-27-thread-1] INFO  ratis.ContainerStateMachine (ContainerStateMachine.java:loadSnapshot(230)) - group-9E442A14D521: The snapshot info is null. Setting the last applied indexto:(t:0, i:~)
2019-09-25 05:52:34,328 [pool-27-thread-1] INFO  server.RaftServerConfigKeys (ConfUtils.java:logGet(43)) - raft.server.notification.no-leader.timeout = 120s (custom)
2019-09-25 05:52:34,328 [pool-27-thread-1] INFO  server.RaftServerConfigKeys (ConfUtils.java:logGet(43)) - raft.server.log.use.memory = false (default)
2019-09-25 05:52:34,329 [pool-27-thread-1] INFO  server.RaftServerConfigKeys (ConfUtils.java:logGet(43)) - raft.server.log.purge.gap = 1000000 (custom)
2019-09-25 05:52:34,329 [pool-27-thread-1] INFO  server.RaftServerConfigKeys (ConfUtils.java:logGet(43)) - raft.server.log.appender.buffer.byte-limit = 33554432 (custom)
2019-09-25 05:52:34,329 [pool-27-thread-1] INFO  server.RaftServerConfigKeys (ConfUtils.java:logGet(43)) - raft.server.log.segment.size.max = 1048576 (custom)
2019-09-25 05:52:34,329 [pool-27-thread-1] INFO  server.RaftServerConfigKeys (ConfUtils.java:logGet(43)) - raft.server.log.segment.cache.num.max = 2 (custom)
2019-09-25 05:52:34,329 [pool-27-thread-1] INFO  segmented.SegmentedRaftLogWorker (SegmentedRaftLogWorker.java:<init>(172)) - new 0bbc1277-be6f-4bf3-88cf-1c3b12e139ad@group-9E442A14D521-SegmentedRaftLogWorker for RaftStorage:Storage Directory /workdir/hadoop-ozone/integration-test/target/test-dir/MiniOzoneClusterImpl-5fae48a0-8517-4c16-9d39-4001697b8772/datanode-0/data/ratis/8b3518d8-6d9f-4575-81c3-9e442a14d521
2019-09-25 05:52:34,329 [pool-27-thread-1] INFO  server.RaftServerConfigKeys (ConfUtils.java:logGet(43)) - raft.server.log.queue.byte-limit = 2147483647 (custom)
2019-09-25 05:52:34,329 [pool-27-thread-1] INFO  server.RaftServerConfigKeys (ConfUtils.java:logGet(43)) - raft.server.log.queue.element-limit = 1024 (custom)
2019-09-25 05:52:34,329 [pool-27-thread-1] INFO  server.RaftServerConfigKeys (ConfUtils.java:logGet(43)) - raft.server.log.segment.size.max = 1048576 (custom)
2019-09-25 05:52:34,329 [pool-27-thread-1] INFO  server.RaftServerConfigKeys (ConfUtils.java:logGet(43)) - raft.server.log.preallocated.size = 16384 (custom)
2019-09-25 05:52:34,329 [pool-27-thread-1] INFO  server.RaftServerConfigKeys (ConfUtils.java:logGet(43)) - raft.server.log.write.buffer.size = 33554432 (custom)
2019-09-25 05:52:34,329 [pool-27-thread-1] INFO  server.RaftServerConfigKeys (ConfUtils.java:logGet(43)) - raft.server.log.force.sync.num = 128 (default)
2019-09-25 05:52:34,329 [pool-27-thread-1] INFO  server.RaftServerConfigKeys (ConfUtils.java:logGet(43)) - raft.server.log.statemachine.data.sync = true (default)
2019-09-25 05:52:34,330 [pool-27-thread-1] INFO  server.RaftServerConfigKeys (ConfUtils.java:logGet(43)) - raft.server.log.statemachine.data.sync.timeout = 10s (default)
2019-09-25 05:52:34,330 [pool-27-thread-1] INFO  server.RaftServerConfigKeys (ConfUtils.java:logGet(43)) - raft.server.log.statemachine.data.sync.timeout.retry = -1 (default)
2019-09-25 05:52:34,330 [pool-27-thread-1] INFO  server.RaftServerConfigKeys (ConfUtils.java:logGet(43)) - raft.server.log.statemachine.data.caching.enabled = true (custom)
2019-09-25 05:52:34,330 [pool-27-thread-1] INFO  segmented.SegmentedRaftLogWorker (SegmentedRaftLogWorker.java:lambda$new$0(132)) - 0bbc1277-be6f-4bf3-88cf-1c3b12e139ad@group-9E442A14D521-SegmentedRaftLogWorker: flushIndex: setUnconditionally 0 -> -1
2019-09-25 05:52:34,330 [pool-27-thread-1] INFO  server.RaftServerConfigKeys (ConfUtils.java:logGet(43)) - raft.server.snapshot.auto.trigger.enabled = true (custom)
2019-09-25 05:52:34,330 [pool-27-thread-1] INFO  server.RaftServerConfigKeys (ConfUtils.java:logGet(43)) - raft.server.snapshot.auto.trigger.threshold = 10000 (custom)
2019-09-25 05:52:34,330 [pool-27-thread-1] INFO  server.RaftServerConfigKeys (ConfUtils.java:logGet(43)) - raft.server.snapshot.retention.num.files = 5 (custom)
2019-09-25 05:52:34,330 [pool-27-thread-1] INFO  server.RaftServerConfigKeys (ConfUtils.java:logGet(43)) - raft.server.retrycache.expirytime = 600000ms (custom)
2019-09-25 05:52:34,332 [pool-27-thread-1] INFO  impl.RaftServerImpl (RaftServerImpl.java:start(185)) - 0bbc1277-be6f-4bf3-88cf-1c3b12e139ad@group-9E442A14D521: start as a follower, conf=-1: [0bbc1277-be6f-4bf3-88cf-1c3b12e139ad:192.168.30.10:46701], old=null
2019-09-25 05:52:34,332 [pool-27-thread-1] INFO  impl.RaftServerImpl (RaftServerImpl.java:setRole(174)) - 0bbc1277-be6f-4bf3-88cf-1c3b12e139ad@group-9E442A14D521: changes role from      null to FOLLOWER at term 0 for startAsFollower
2019-09-25 05:52:34,332 [pool-27-thread-1] INFO  impl.RoleInfo (RoleInfo.java:updateAndGet(143)) - 0bbc1277-be6f-4bf3-88cf-1c3b12e139ad: start FollowerState
2019-09-25 05:52:34,332 [pool-27-thread-1] INFO  util.JmxRegister (JmxRegister.java:tryRegister(44)) - Successfully registered JMX Bean with object name Ratis:service=RaftServer,group=group-9E442A14D521,id=0bbc1277-be6f-4bf3-88cf-1c3b12e139ad
2019-09-25 05:52:34,335 [RatisPipelineUtilsThread] INFO  pipeline.PipelineStateManager (PipelineStateManager.java:addPipeline(56)) - Created pipeline Pipeline[ Id: 8b3518d8-6d9f-4575-81c3-9e442a14d521, Nodes: 0bbc1277-be6f-4bf3-88cf-1c3b12e139ad{ip: 192.168.30.10, host: pr-hdds-1569-s62bp-3040748787, networkLocation: /default-rack, certSerialId: null}, Type:RATIS, Factor:ONE, State:OPEN]
2019-09-25 05:52:34,340 [grpc-default-executor-0] INFO  impl.RaftServerProxy (RaftServerProxy.java:addNew(89)) - 5be219b2-97fd-4a8c-91ea-b15aa89454d4: addNew group-B9A5584514CD:[5be219b2-97fd-4a8c-91ea-b15aa89454d4:192.168.30.10:40625] returns group-B9A5584514CD:java.util.concurrent.CompletableFuture@2639157b[Not completed]
2019-09-25 05:52:34,341 [pool-37-thread-1] INFO  impl.RaftServerImpl (RaftServerImpl.java:<init>(95)) - 5be219b2-97fd-4a8c-91ea-b15aa89454d4: new RaftServerImpl for group-B9A5584514CD:[5be219b2-97fd-4a8c-91ea-b15aa89454d4:192.168.30.10:40625] with ContainerStateMachine:uninitialized
2019-09-25 05:52:34,341 [pool-37-thread-1] INFO  server.RaftServerConfigKeys (ConfUtils.java:logGet(43)) - raft.server.rpc.timeout.min = 5s (custom)
2019-09-25 05:52:34,341 [754f3588-47e6-41ad-b34e-eb7041cce070@group-6464436F0CE7-SegmentedRaftLogWorker] INFO  segmented.SegmentedRaftLogWorker (SegmentedRaftLogWorker.java:execute(569)) - 754f3588-47e6-41ad-b34e-eb7041cce070@group-6464436F0CE7-SegmentedRaftLogWorker: created new log segment /workdir/hadoop-ozone/integration-test/target/test-dir/MiniOzoneClusterImpl-5fae48a0-8517-4c16-9d39-4001697b8772/datanode-2/data/ratis/c5d43c91-43f0-4abd-87c7-6464436f0ce7/current/log_inprogress_0
2019-09-25 05:52:34,341 [pool-37-thread-1] INFO  server.RaftServerConfigKeys (ConfUtils.java:logGet(43)) - raft.server.rpc.timeout.max = 5200ms (custom)
2019-09-25 05:52:34,341 [754f3588-47e6-41ad-b34e-eb7041cce070@group-F2DDEEF02D63:LeaderElection41] INFO  impl.LeaderElection (LeaderElection.java:askForVotes(182)) - 754f3588-47e6-41ad-b34e-eb7041cce070@group-F2DDEEF02D63:LeaderElection41: begin an election at term 1 for -1: [754f3588-47e6-41ad-b34e-eb7041cce070:192.168.30.10:41089], old=null
2019-09-25 05:52:34,341 [pool-37-thread-1] INFO  server.RaftServerConfigKeys (ConfUtils.java:logGet(43)) - raft.server.rpcslowness.timeout = 120s (custom)
2019-09-25 05:52:34,342 [754f3588-47e6-41ad-b34e-eb7041cce070@group-F2DDEEF02D63:LeaderElection41] INFO  impl.RoleInfo (RoleInfo.java:shutdownLeaderElection(134)) - 754f3588-47e6-41ad-b34e-eb7041cce070: shutdown LeaderElection
2019-09-25 05:52:34,342 [pool-37-thread-1] INFO  server.RaftServerConfigKeys (ConfUtils.java:logGet(43)) - raft.server.sleep.deviation.threshold = 300 (default)
2019-09-25 05:52:34,342 [754f3588-47e6-41ad-b34e-eb7041cce070@group-F2DDEEF02D63:LeaderElection41] INFO  impl.RaftServerImpl (RaftServerImpl.java:setRole(174)) - 754f3588-47e6-41ad-b34e-eb7041cce070@group-F2DDEEF02D63: changes role from CANDIDATE to LEADER at term 1 for changeToLeader
2019-09-25 05:52:34,342 [pool-37-thread-1] INFO  server.RaftServerConfigKeys (ConfUtils.java:logGet(43)) - raft.server.log.appender.install.snapshot.enabled = false (custom)
2019-09-25 05:52:34,342 [754f3588-47e6-41ad-b34e-eb7041cce070@group-F2DDEEF02D63:LeaderElection41] INFO  impl.RaftServerImpl (ServerState.java:setLeader(253)) - 754f3588-47e6-41ad-b34e-eb7041cce070@group-F2DDEEF02D63: change Leader from null to 754f3588-47e6-41ad-b34e-eb7041cce070 at term 1 for becomeLeader, leader elected after 5140ms
2019-09-25 05:52:34,342 [pool-37-thread-1] INFO  impl.RaftServerImpl (ServerState.java:<init>(103)) - 5be219b2-97fd-4a8c-91ea-b15aa89454d4@group-B9A5584514CD: ConfigurationManager, init=-1: [5be219b2-97fd-4a8c-91ea-b15aa89454d4:192.168.30.10:40625], old=null, confs=<EMPTY_MAP>
2019-09-25 05:52:34,342 [754f3588-47e6-41ad-b34e-eb7041cce070@group-F2DDEEF02D63:LeaderElection41] INFO  server.RaftServerConfigKeys (ConfUtils.java:logGet(43)) - raft.server.staging.catchup.gap = 1000 (default)
2019-09-25 05:52:34,343 [pool-37-thread-1] INFO  server.RaftServerConfigKeys (ConfUtils.java:logGet(43)) - raft.server.storage.dir = [/workdir/hadoop-ozone/integration-test/target/test-dir/MiniOzoneClusterImpl-5fae48a0-8517-4c16-9d39-4001697b8772/datanode-1/data/ratis] (custom)
2019-09-25 05:52:34,343 [754f3588-47e6-41ad-b34e-eb7041cce070@group-F2DDEEF02D63:LeaderElection41] INFO  server.RaftServerConfigKeys (ConfUtils.java:logGet(43)) - raft.server.rpc.sleep.time = 25ms (default)
2019-09-25 05:52:34,343 [754f3588-47e6-41ad-b34e-eb7041cce070@group-F2DDEEF02D63:LeaderElection41] INFO  server.RaftServerConfigKeys (ConfUtils.java:logGet(43)) - raft.server.write.element-limit = 4096 (default)
2019-09-25 05:52:34,343 [754f3588-47e6-41ad-b34e-eb7041cce070@group-F2DDEEF02D63:LeaderElection41] INFO  server.RaftServerConfigKeys (ConfUtils.java:logGet(43)) - raft.server.watch.timeout = 10s (default)
2019-09-25 05:52:34,343 [pool-37-thread-1] INFO  storage.RaftStorageDirectory (RaftStorageDirectory.java:analyzeStorage(246)) - The storage directory /workdir/hadoop-ozone/integration-test/target/test-dir/MiniOzoneClusterImpl-5fae48a0-8517-4c16-9d39-4001697b8772/datanode-1/data/ratis/846606ea-e61b-4f46-836d-b9a5584514cd does not exist. Creating ...
2019-09-25 05:52:34,343 [754f3588-47e6-41ad-b34e-eb7041cce070@group-F2DDEEF02D63:LeaderElection41] INFO  server.RaftServerConfigKeys (ConfUtils.java:logGet(43)) - raft.server.watch.timeout.denomination = 1s (default)
2019-09-25 05:52:34,344 [754f3588-47e6-41ad-b34e-eb7041cce070@group-F2DDEEF02D63:LeaderElection41] INFO  server.RaftServerConfigKeys (ConfUtils.java:logGet(43)) - raft.server.watch.element-limit = 65536 (default)
2019-09-25 05:52:34,346 [754f3588-47e6-41ad-b34e-eb7041cce070@group-F2DDEEF02D63:LeaderElection41] INFO  impl.RoleInfo (RoleInfo.java:updateAndGet(143)) - 754f3588-47e6-41ad-b34e-eb7041cce070: start LeaderState
2019-09-25 05:52:34,346 [754f3588-47e6-41ad-b34e-eb7041cce070@group-F2DDEEF02D63:LeaderElection41] INFO  segmented.SegmentedRaftLogWorker (SegmentedRaftLogWorker.java:startLogSegment(380)) - 754f3588-47e6-41ad-b34e-eb7041cce070@group-F2DDEEF02D63-SegmentedRaftLogWorker: Starting segment from index:0
2019-09-25 05:52:34,347 [754f3588-47e6-41ad-b34e-eb7041cce070@group-F2DDEEF02D63:LeaderElection41] INFO  impl.RaftServerImpl (ServerState.java:setRaftConf(354)) - 754f3588-47e6-41ad-b34e-eb7041cce070@group-F2DDEEF02D63: set configuration 0: [754f3588-47e6-41ad-b34e-eb7041cce070:192.168.30.10:41089], old=null at 0
2019-09-25 05:52:34,382 [pool-37-thread-1] INFO  storage.RaftStorageDirectory (RaftStorageDirectory.java:tryLock(328)) - Lock on /workdir/hadoop-ozone/integration-test/target/test-dir/MiniOzoneClusterImpl-5fae48a0-8517-4c16-9d39-4001697b8772/datanode-1/data/ratis/846606ea-e61b-4f46-836d-b9a5584514cd/in_use.lock acquired by nodename 25594@pr-hdds-1569-s62bp-3040748787
2019-09-25 05:52:34,382 [Thread-304] INFO  impl.FollowerState (FollowerState.java:run(106)) - 0bbc1277-be6f-4bf3-88cf-1c3b12e139ad:group-467D0E5E67B1 changes to CANDIDATE, lastRpcTime:5217, electionTimeout:5188ms
2019-09-25 05:52:34,382 [Thread-304] INFO  impl.RoleInfo (RoleInfo.java:shutdownFollowerState(121)) - 0bbc1277-be6f-4bf3-88cf-1c3b12e139ad: shutdown FollowerState
2019-09-25 05:52:34,382 [Thread-304] INFO  impl.RaftServerImpl (RaftServerImpl.java:setRole(174)) - 0bbc1277-be6f-4bf3-88cf-1c3b12e139ad@group-467D0E5E67B1: changes role from  FOLLOWER to CANDIDATE at term 0 for changeToCandidate
2019-09-25 05:52:34,382 [Thread-304] INFO  impl.RoleInfo (RoleInfo.java:updateAndGet(143)) - 0bbc1277-be6f-4bf3-88cf-1c3b12e139ad: start LeaderElection
2019-09-25 05:52:34,390 [Thread-313] INFO  impl.FollowerState (FollowerState.java:run(106)) - 5be219b2-97fd-4a8c-91ea-b15aa89454d4:group-C399077E4831 changes to CANDIDATE, lastRpcTime:5099, electionTimeout:5099ms
2019-09-25 05:52:34,390 [Thread-313] INFO  impl.RoleInfo (RoleInfo.java:shutdownFollowerState(121)) - 5be219b2-97fd-4a8c-91ea-b15aa89454d4: shutdown FollowerState
2019-09-25 05:52:34,390 [Thread-313] INFO  impl.RaftServerImpl (RaftServerImpl.java:setRole(174)) - 5be219b2-97fd-4a8c-91ea-b15aa89454d4@group-C399077E4831: changes role from  FOLLOWER to CANDIDATE at term 0 for changeToCandidate
2019-09-25 05:52:34,390 [Thread-313] INFO  impl.RoleInfo (RoleInfo.java:updateAndGet(143)) - 5be219b2-97fd-4a8c-91ea-b15aa89454d4: start LeaderElection
2019-09-25 05:52:34,396 [Thread-310] INFO  impl.FollowerState (FollowerState.java:run(106)) - 5be219b2-97fd-4a8c-91ea-b15aa89454d4:group-6C9390CD4265 changes to CANDIDATE, lastRpcTime:5146, electionTimeout:5146ms
2019-09-25 05:52:34,396 [Thread-310] INFO  impl.RoleInfo (RoleInfo.java:shutdownFollowerState(121)) - 5be219b2-97fd-4a8c-91ea-b15aa89454d4: shutdown FollowerState
2019-09-25 05:52:34,396 [Thread-310] INFO  impl.RaftServerImpl (RaftServerImpl.java:setRole(174)) - 5be219b2-97fd-4a8c-91ea-b15aa89454d4@group-6C9390CD4265: changes role from  FOLLOWER to CANDIDATE at term 0 for changeToCandidate
2019-09-25 05:52:34,396 [Thread-310] INFO  impl.RoleInfo (RoleInfo.java:updateAndGet(143)) - 5be219b2-97fd-4a8c-91ea-b15aa89454d4: start LeaderElection
2019-09-25 05:52:34,407 [754f3588-47e6-41ad-b34e-eb7041cce070@group-F2DDEEF02D63-SegmentedRaftLogWorker] INFO  segmented.SegmentedRaftLogWorker (SegmentedRaftLogWorker.java:execute(569)) - 754f3588-47e6-41ad-b34e-eb7041cce070@group-F2DDEEF02D63-SegmentedRaftLogWorker: created new log segment /workdir/hadoop-ozone/integration-test/target/test-dir/MiniOzoneClusterImpl-5fae48a0-8517-4c16-9d39-4001697b8772/datanode-2/data/ratis/d3022b76-ea2d-4840-83ce-f2ddeef02d63/current/log_inprogress_0
2019-09-25 05:52:34,407 [pool-37-thread-1] INFO  storage.RaftStorage (RaftStorage.java:format(72)) - Storage directory /workdir/hadoop-ozone/integration-test/target/test-dir/MiniOzoneClusterImpl-5fae48a0-8517-4c16-9d39-4001697b8772/datanode-1/data/ratis/846606ea-e61b-4f46-836d-b9a5584514cd has been successfully formatted.
2019-09-25 05:52:34,407 [5be219b2-97fd-4a8c-91ea-b15aa89454d4@group-C399077E4831:LeaderElection43] INFO  impl.LeaderElection (LeaderElection.java:askForVotes(182)) - 5be219b2-97fd-4a8c-91ea-b15aa89454d4@group-C399077E4831:LeaderElection43: begin an election at term 1 for -1: [5be219b2-97fd-4a8c-91ea-b15aa89454d4:192.168.30.10:40625], old=null
2019-09-25 05:52:34,407 [0bbc1277-be6f-4bf3-88cf-1c3b12e139ad@group-467D0E5E67B1:LeaderElection42] INFO  impl.LeaderElection (LeaderElection.java:askForVotes(182)) - 0bbc1277-be6f-4bf3-88cf-1c3b12e139ad@group-467D0E5E67B1:LeaderElection42: begin an election at term 1 for -1: [0bbc1277-be6f-4bf3-88cf-1c3b12e139ad:192.168.30.10:46701], old=null
2019-09-25 05:52:34,407 [5be219b2-97fd-4a8c-91ea-b15aa89454d4@group-C399077E4831:LeaderElection43] INFO  impl.RoleInfo (RoleInfo.java:shutdownLeaderElection(134)) - 5be219b2-97fd-4a8c-91ea-b15aa89454d4: shutdown LeaderElection
2019-09-25 05:52:34,407 [pool-37-thread-1] INFO  ratis.ContainerStateMachine (ContainerStateMachine.java:loadSnapshot(230)) - group-B9A5584514CD: The snapshot info is null. Setting the last applied indexto:(t:0, i:~)
2019-09-25 05:52:34,407 [5be219b2-97fd-4a8c-91ea-b15aa89454d4@group-C399077E4831:LeaderElection43] INFO  impl.RaftServerImpl (RaftServerImpl.java:setRole(174)) - 5be219b2-97fd-4a8c-91ea-b15aa89454d4@group-C399077E4831: changes role from CANDIDATE to LEADER at term 1 for changeToLeader
2019-09-25 05:52:34,407 [0bbc1277-be6f-4bf3-88cf-1c3b12e139ad@group-467D0E5E67B1:LeaderElection42] INFO  impl.RoleInfo (RoleInfo.java:shutdownLeaderElection(134)) - 0bbc1277-be6f-4bf3-88cf-1c3b12e139ad: shutdown LeaderElection
2019-09-25 05:52:34,408 [5be219b2-97fd-4a8c-91ea-b15aa89454d4@group-C399077E4831:LeaderElection43] INFO  impl.RaftServerImpl (ServerState.java:setLeader(253)) - 5be219b2-97fd-4a8c-91ea-b15aa89454d4@group-C399077E4831: change Leader from null to 5be219b2-97fd-4a8c-91ea-b15aa89454d4 at term 1 for becomeLeader, leader elected after 5121ms
2019-09-25 05:52:34,407 [pool-37-thread-1] INFO  server.RaftServerConfigKeys (ConfUtils.java:logGet(43)) - raft.server.notification.no-leader.timeout = 120s (custom)
2019-09-25 05:52:34,408 [5be219b2-97fd-4a8c-91ea-b15aa89454d4@group-C399077E4831:LeaderElection43] INFO  server.RaftServerConfigKeys (ConfUtils.java:logGet(43)) - raft.server.staging.catchup.gap = 1000 (default)
2019-09-25 05:52:34,408 [0bbc1277-be6f-4bf3-88cf-1c3b12e139ad@group-467D0E5E67B1:LeaderElection42] INFO  impl.RaftServerImpl (RaftServerImpl.java:setRole(174)) - 0bbc1277-be6f-4bf3-88cf-1c3b12e139ad@group-467D0E5E67B1: changes role from CANDIDATE to LEADER at term 1 for changeToLeader
2019-09-25 05:52:34,408 [5be219b2-97fd-4a8c-91ea-b15aa89454d4@group-C399077E4831:LeaderElection43] INFO  server.RaftServerConfigKeys (ConfUtils.java:logGet(43)) - raft.server.rpc.sleep.time = 25ms (default)
2019-09-25 05:52:34,408 [pool-37-thread-1] INFO  server.RaftServerConfigKeys (ConfUtils.java:logGet(43)) - raft.server.log.use.memory = false (default)
2019-09-25 05:52:34,408 [5be219b2-97fd-4a8c-91ea-b15aa89454d4@group-C399077E4831:LeaderElection43] INFO  server.RaftServerConfigKeys (ConfUtils.java:logGet(43)) - raft.server.write.element-limit = 4096 (default)
2019-09-25 05:52:34,408 [0bbc1277-be6f-4bf3-88cf-1c3b12e139ad@group-467D0E5E67B1:LeaderElection42] INFO  impl.RaftServerImpl (ServerState.java:setLeader(253)) - 0bbc1277-be6f-4bf3-88cf-1c3b12e139ad@group-467D0E5E67B1: change Leader from null to 0bbc1277-be6f-4bf3-88cf-1c3b12e139ad at term 1 for becomeLeader, leader elected after 5250ms
2019-09-25 05:52:34,409 [5be219b2-97fd-4a8c-91ea-b15aa89454d4@group-C399077E4831:LeaderElection43] INFO  server.RaftServerConfigKeys (ConfUtils.java:logGet(43)) - raft.server.watch.timeout = 10s (default)
2019-09-25 05:52:34,408 [pool-37-thread-1] INFO  server.RaftServerConfigKeys (ConfUtils.java:logGet(43)) - raft.server.log.purge.gap = 1000000 (custom)
2019-09-25 05:52:34,409 [5be219b2-97fd-4a8c-91ea-b15aa89454d4@group-C399077E4831:LeaderElection43] INFO  server.RaftServerConfigKeys (ConfUtils.java:logGet(43)) - raft.server.watch.timeout.denomination = 1s (default)
2019-09-25 05:52:34,409 [0bbc1277-be6f-4bf3-88cf-1c3b12e139ad@group-467D0E5E67B1:LeaderElection42] INFO  server.RaftServerConfigKeys (ConfUtils.java:logGet(43)) - raft.server.staging.catchup.gap = 1000 (default)
2019-09-25 05:52:34,409 [5be219b2-97fd-4a8c-91ea-b15aa89454d4@group-C399077E4831:LeaderElection43] INFO  server.RaftServerConfigKeys (ConfUtils.java:logGet(43)) - raft.server.watch.element-limit = 65536 (default)
2019-09-25 05:52:34,409 [pool-37-thread-1] INFO  server.RaftServerConfigKeys (ConfUtils.java:logGet(43)) - raft.server.log.appender.buffer.byte-limit = 33554432 (custom)
2019-09-25 05:52:34,409 [0bbc1277-be6f-4bf3-88cf-1c3b12e139ad@group-467D0E5E67B1:LeaderElection42] INFO  server.RaftServerConfigKeys (ConfUtils.java:logGet(43)) - raft.server.rpc.sleep.time = 25ms (default)
2019-09-25 05:52:34,409 [pool-37-thread-1] INFO  server.RaftServerConfigKeys (ConfUtils.java:logGet(43)) - raft.server.log.segment.size.max = 1048576 (custom)
2019-09-25 05:52:34,409 [0bbc1277-be6f-4bf3-88cf-1c3b12e139ad@group-467D0E5E67B1:LeaderElection42] INFO  server.RaftServerConfigKeys (ConfUtils.java:logGet(43)) - raft.server.write.element-limit = 4096 (default)
2019-09-25 05:52:34,410 [pool-37-thread-1] INFO  server.RaftServerConfigKeys (ConfUtils.java:logGet(43)) - raft.server.log.segment.cache.num.max = 2 (custom)
2019-09-25 05:52:34,410 [0bbc1277-be6f-4bf3-88cf-1c3b12e139ad@group-467D0E5E67B1:LeaderElection42] INFO  server.RaftServerConfigKeys (ConfUtils.java:logGet(43)) - raft.server.watch.timeout = 10s (default)
2019-09-25 05:52:34,410 [pool-37-thread-1] INFO  segmented.SegmentedRaftLogWorker (SegmentedRaftLogWorker.java:<init>(172)) - new 5be219b2-97fd-4a8c-91ea-b15aa89454d4@group-B9A5584514CD-SegmentedRaftLogWorker for RaftStorage:Storage Directory /workdir/hadoop-ozone/integration-test/target/test-dir/MiniOzoneClusterImpl-5fae48a0-8517-4c16-9d39-4001697b8772/datanode-1/data/ratis/846606ea-e61b-4f46-836d-b9a5584514cd
2019-09-25 05:52:34,410 [0bbc1277-be6f-4bf3-88cf-1c3b12e139ad@group-467D0E5E67B1:LeaderElection42] INFO  server.RaftServerConfigKeys (ConfUtils.java:logGet(43)) - raft.server.watch.timeout.denomination = 1s (default)
2019-09-25 05:52:34,410 [5be219b2-97fd-4a8c-91ea-b15aa89454d4@group-6C9390CD4265:LeaderElection44] INFO  impl.LeaderElection (LeaderElection.java:askForVotes(182)) - 5be219b2-97fd-4a8c-91ea-b15aa89454d4@group-6C9390CD4265:LeaderElection44: begin an election at term 1 for -1: [5be219b2-97fd-4a8c-91ea-b15aa89454d4:192.168.30.10:40625], old=null
2019-09-25 05:52:34,410 [pool-37-thread-1] INFO  server.RaftServerConfigKeys (ConfUtils.java:logGet(43)) - raft.server.log.queue.byte-limit = 2147483647 (custom)
2019-09-25 05:52:34,410 [5be219b2-97fd-4a8c-91ea-b15aa89454d4@group-6C9390CD4265:LeaderElection44] INFO  impl.RoleInfo (RoleInfo.java:shutdownLeaderElection(134)) - 5be219b2-97fd-4a8c-91ea-b15aa89454d4: shutdown LeaderElection
2019-09-25 05:52:34,410 [0bbc1277-be6f-4bf3-88cf-1c3b12e139ad@group-467D0E5E67B1:LeaderElection42] INFO  server.RaftServerConfigKeys (ConfUtils.java:logGet(43)) - raft.server.watch.element-limit = 65536 (default)
2019-09-25 05:52:34,410 [5be219b2-97fd-4a8c-91ea-b15aa89454d4@group-6C9390CD4265:LeaderElection44] INFO  impl.RaftServerImpl (RaftServerImpl.java:setRole(174)) - 5be219b2-97fd-4a8c-91ea-b15aa89454d4@group-6C9390CD4265: changes role from CANDIDATE to LEADER at term 1 for changeToLeader
2019-09-25 05:52:34,410 [pool-37-thread-1] INFO  server.RaftServerConfigKeys (ConfUtils.java:logGet(43)) - raft.server.log.queue.element-limit = 1024 (custom)
2019-09-25 05:52:34,411 [5be219b2-97fd-4a8c-91ea-b15aa89454d4@group-6C9390CD4265:LeaderElection44] INFO  impl.RaftServerImpl (ServerState.java:setLeader(253)) - 5be219b2-97fd-4a8c-91ea-b15aa89454d4@group-6C9390CD4265: change Leader from null to 5be219b2-97fd-4a8c-91ea-b15aa89454d4 at term 1 for becomeLeader, leader elected after 5166ms
2019-09-25 05:52:34,411 [5be219b2-97fd-4a8c-91ea-b15aa89454d4@group-C399077E4831:LeaderElection43] INFO  impl.RoleInfo (RoleInfo.java:updateAndGet(143)) - 5be219b2-97fd-4a8c-91ea-b15aa89454d4: start LeaderState
2019-09-25 05:52:34,411 [pool-37-thread-1] INFO  server.RaftServerConfigKeys (ConfUtils.java:logGet(43)) - raft.server.log.segment.size.max = 1048576 (custom)
2019-09-25 05:52:34,411 [5be219b2-97fd-4a8c-91ea-b15aa89454d4@group-6C9390CD4265:LeaderElection44] INFO  server.RaftServerConfigKeys (ConfUtils.java:logGet(43)) - raft.server.staging.catchup.gap = 1000 (default)
2019-09-25 05:52:34,411 [5be219b2-97fd-4a8c-91ea-b15aa89454d4@group-C399077E4831:LeaderElection43] INFO  segmented.SegmentedRaftLogWorker (SegmentedRaftLogWorker.java:startLogSegment(380)) - 5be219b2-97fd-4a8c-91ea-b15aa89454d4@group-C399077E4831-SegmentedRaftLogWorker: Starting segment from index:0
2019-09-25 05:52:34,411 [pool-37-thread-1] INFO  server.RaftServerConfigKeys (ConfUtils.java:logGet(43)) - raft.server.log.preallocated.size = 16384 (custom)
2019-09-25 05:52:34,411 [5be219b2-97fd-4a8c-91ea-b15aa89454d4@group-6C9390CD4265:LeaderElection44] INFO  server.RaftServerConfigKeys (ConfUtils.java:logGet(43)) - raft.server.rpc.sleep.time = 25ms (default)
2019-09-25 05:52:34,412 [pool-37-thread-1] INFO  server.RaftServerConfigKeys (ConfUtils.java:logGet(43)) - raft.server.log.write.buffer.size = 33554432 (custom)
2019-09-25 05:52:34,412 [5be219b2-97fd-4a8c-91ea-b15aa89454d4@group-C399077E4831:LeaderElection43] INFO  impl.RaftServerImpl (ServerState.java:setRaftConf(354)) - 5be219b2-97fd-4a8c-91ea-b15aa89454d4@group-C399077E4831: set configuration 0: [5be219b2-97fd-4a8c-91ea-b15aa89454d4:192.168.30.10:40625], old=null at 0
2019-09-25 05:52:34,412 [5be219b2-97fd-4a8c-91ea-b15aa89454d4@group-6C9390CD4265:LeaderElection44] INFO  server.RaftServerConfigKeys (ConfUtils.java:logGet(43)) - raft.server.write.element-limit = 4096 (default)
2019-09-25 05:52:34,412 [0bbc1277-be6f-4bf3-88cf-1c3b12e139ad@group-467D0E5E67B1:LeaderElection42] INFO  impl.RoleInfo (RoleInfo.java:updateAndGet(143)) - 0bbc1277-be6f-4bf3-88cf-1c3b12e139ad: start LeaderState
2019-09-25 05:52:34,412 [pool-37-thread-1] INFO  server.RaftServerConfigKeys (ConfUtils.java:logGet(43)) - raft.server.log.force.sync.num = 128 (default)
2019-09-25 05:52:34,453 [5be219b2-97fd-4a8c-91ea-b15aa89454d4@group-6C9390CD4265:LeaderElection44] INFO  server.RaftServerConfigKeys (ConfUtils.java:logGet(43)) - raft.server.watch.timeout = 10s (default)
2019-09-25 05:52:34,453 [0bbc1277-be6f-4bf3-88cf-1c3b12e139ad@group-467D0E5E67B1:LeaderElection42] INFO  segmented.SegmentedRaftLogWorker (SegmentedRaftLogWorker.java:startLogSegment(380)) - 0bbc1277-be6f-4bf3-88cf-1c3b12e139ad@group-467D0E5E67B1-SegmentedRaftLogWorker: Starting segment from index:0
2019-09-25 05:52:34,453 [pool-37-thread-1] INFO  server.RaftServerConfigKeys (ConfUtils.java:logGet(43)) - raft.server.log.statemachine.data.sync = true (default)
2019-09-25 05:52:34,453 [5be219b2-97fd-4a8c-91ea-b15aa89454d4@group-6C9390CD4265:LeaderElection44] INFO  server.RaftServerConfigKeys (ConfUtils.java:logGet(43)) - raft.server.watch.timeout.denomination = 1s (default)
2019-09-25 05:52:34,453 [pool-37-thread-1] INFO  server.RaftServerConfigKeys (ConfUtils.java:logGet(43)) - raft.server.log.statemachine.data.sync.timeout = 10s (default)
2019-09-25 05:52:34,454 [0bbc1277-be6f-4bf3-88cf-1c3b12e139ad@group-467D0E5E67B1:LeaderElection42] INFO  impl.RaftServerImpl (ServerState.java:setRaftConf(354)) - 0bbc1277-be6f-4bf3-88cf-1c3b12e139ad@group-467D0E5E67B1: set configuration 0: [0bbc1277-be6f-4bf3-88cf-1c3b12e139ad:192.168.30.10:46701], old=null at 0
2019-09-25 05:52:34,454 [5be219b2-97fd-4a8c-91ea-b15aa89454d4@group-6C9390CD4265:LeaderElection44] INFO  server.RaftServerConfigKeys (ConfUtils.java:logGet(43)) - raft.server.watch.element-limit = 65536 (default)
2019-09-25 05:52:34,454 [pool-37-thread-1] INFO  server.RaftServerConfigKeys (ConfUtils.java:logGet(43)) - raft.server.log.statemachine.data.sync.timeout.retry = -1 (default)
2019-09-25 05:52:34,454 [pool-37-thread-1] INFO  server.RaftServerConfigKeys (ConfUtils.java:logGet(43)) - raft.server.log.statemachine.data.caching.enabled = true (custom)
2019-09-25 05:52:34,456 [pool-37-thread-1] INFO  segmented.SegmentedRaftLogWorker (SegmentedRaftLogWorker.java:lambda$new$0(132)) - 5be219b2-97fd-4a8c-91ea-b15aa89454d4@group-B9A5584514CD-SegmentedRaftLogWorker: flushIndex: setUnconditionally 0 -> -1
2019-09-25 05:52:34,456 [pool-37-thread-1] INFO  server.RaftServerConfigKeys (ConfUtils.java:logGet(43)) - raft.server.snapshot.auto.trigger.enabled = true (custom)
2019-09-25 05:52:34,456 [pool-37-thread-1] INFO  server.RaftServerConfigKeys (ConfUtils.java:logGet(43)) - raft.server.snapshot.auto.trigger.threshold = 10000 (custom)
2019-09-25 05:52:34,456 [pool-37-thread-1] INFO  server.RaftServerConfigKeys (ConfUtils.java:logGet(43)) - raft.server.snapshot.retention.num.files = 5 (custom)
2019-09-25 05:52:34,457 [5be219b2-97fd-4a8c-91ea-b15aa89454d4@group-6C9390CD4265:LeaderElection44] INFO  impl.RoleInfo (RoleInfo.java:updateAndGet(143)) - 5be219b2-97fd-4a8c-91ea-b15aa89454d4: start LeaderState
2019-09-25 05:52:34,457 [pool-37-thread-1] INFO  server.RaftServerConfigKeys (ConfUtils.java:logGet(43)) - raft.server.retrycache.expirytime = 600000ms (custom)
2019-09-25 05:52:34,457 [5be219b2-97fd-4a8c-91ea-b15aa89454d4@group-6C9390CD4265:LeaderElection44] INFO  segmented.SegmentedRaftLogWorker (SegmentedRaftLogWorker.java:startLogSegment(380)) - 5be219b2-97fd-4a8c-91ea-b15aa89454d4@group-6C9390CD4265-SegmentedRaftLogWorker: Starting segment from index:0
2019-09-25 05:52:34,458 [5be219b2-97fd-4a8c-91ea-b15aa89454d4@group-6C9390CD4265:LeaderElection44] INFO  impl.RaftServerImpl (ServerState.java:setRaftConf(354)) - 5be219b2-97fd-4a8c-91ea-b15aa89454d4@group-6C9390CD4265: set configuration 0: [5be219b2-97fd-4a8c-91ea-b15aa89454d4:192.168.30.10:40625], old=null at 0
2019-09-25 05:52:34,459 [pool-37-thread-1] INFO  impl.RaftServerImpl (RaftServerImpl.java:start(185)) - 5be219b2-97fd-4a8c-91ea-b15aa89454d4@group-B9A5584514CD: start as a follower, conf=-1: [5be219b2-97fd-4a8c-91ea-b15aa89454d4:192.168.30.10:40625], old=null
2019-09-25 05:52:34,459 [pool-37-thread-1] INFO  impl.RaftServerImpl (RaftServerImpl.java:setRole(174)) - 5be219b2-97fd-4a8c-91ea-b15aa89454d4@group-B9A5584514CD: changes role from      null to FOLLOWER at term 0 for startAsFollower
2019-09-25 05:52:34,459 [pool-37-thread-1] INFO  impl.RoleInfo (RoleInfo.java:updateAndGet(143)) - 5be219b2-97fd-4a8c-91ea-b15aa89454d4: start FollowerState
2019-09-25 05:52:34,460 [pool-37-thread-1] INFO  util.JmxRegister (JmxRegister.java:tryRegister(44)) - Successfully registered JMX Bean with object name Ratis:service=RaftServer,group=group-B9A5584514CD,id=5be219b2-97fd-4a8c-91ea-b15aa89454d4
2019-09-25 05:52:34,460 [Thread-316] INFO  impl.FollowerState (FollowerState.java:run(106)) - 0bbc1277-be6f-4bf3-88cf-1c3b12e139ad:group-A417777BEC43 changes to CANDIDATE, lastRpcTime:5109, electionTimeout:5109ms
2019-09-25 05:52:34,460 [Thread-316] INFO  impl.RoleInfo (RoleInfo.java:shutdownFollowerState(121)) - 0bbc1277-be6f-4bf3-88cf-1c3b12e139ad: shutdown FollowerState
2019-09-25 05:52:34,460 [Thread-316] INFO  impl.RaftServerImpl (RaftServerImpl.java:setRole(174)) - 0bbc1277-be6f-4bf3-88cf-1c3b12e139ad@group-A417777BEC43: changes role from  FOLLOWER to CANDIDATE at term 0 for changeToCandidate
2019-09-25 05:52:34,461 [Thread-316] INFO  impl.RoleInfo (RoleInfo.java:updateAndGet(143)) - 0bbc1277-be6f-4bf3-88cf-1c3b12e139ad: start LeaderElection
2019-09-25 05:52:34,463 [RatisPipelineUtilsThread] INFO  pipeline.PipelineStateManager (PipelineStateManager.java:addPipeline(56)) - Created pipeline Pipeline[ Id: 846606ea-e61b-4f46-836d-b9a5584514cd, Nodes: 5be219b2-97fd-4a8c-91ea-b15aa89454d4{ip: 192.168.30.10, host: pr-hdds-1569-s62bp-3040748787, networkLocation: /default-rack, certSerialId: null}, Type:RATIS, Factor:ONE, State:OPEN]
2019-09-25 05:52:34,466 [5be219b2-97fd-4a8c-91ea-b15aa89454d4@group-C399077E4831-SegmentedRaftLogWorker] INFO  segmented.SegmentedRaftLogWorker (SegmentedRaftLogWorker.java:execute(569)) - 5be219b2-97fd-4a8c-91ea-b15aa89454d4@group-C399077E4831-SegmentedRaftLogWorker: created new log segment /workdir/hadoop-ozone/integration-test/target/test-dir/MiniOzoneClusterImpl-5fae48a0-8517-4c16-9d39-4001697b8772/datanode-1/data/ratis/2852b813-d095-4d20-9f70-c399077e4831/current/log_inprogress_0
2019-09-25 05:52:34,466 [0bbc1277-be6f-4bf3-88cf-1c3b12e139ad@group-A417777BEC43:LeaderElection45] INFO  impl.LeaderElection (LeaderElection.java:askForVotes(182)) - 0bbc1277-be6f-4bf3-88cf-1c3b12e139ad@group-A417777BEC43:LeaderElection45: begin an election at term 1 for -1: [0bbc1277-be6f-4bf3-88cf-1c3b12e139ad:192.168.30.10:46701], old=null
2019-09-25 05:52:34,466 [0bbc1277-be6f-4bf3-88cf-1c3b12e139ad@group-A417777BEC43:LeaderElection45] INFO  impl.RoleInfo (RoleInfo.java:shutdownLeaderElection(134)) - 0bbc1277-be6f-4bf3-88cf-1c3b12e139ad: shutdown LeaderElection
2019-09-25 05:52:34,466 [0bbc1277-be6f-4bf3-88cf-1c3b12e139ad@group-A417777BEC43:LeaderElection45] INFO  impl.RaftServerImpl (RaftServerImpl.java:setRole(174)) - 0bbc1277-be6f-4bf3-88cf-1c3b12e139ad@group-A417777BEC43: changes role from CANDIDATE to LEADER at term 1 for changeToLeader
2019-09-25 05:52:34,466 [0bbc1277-be6f-4bf3-88cf-1c3b12e139ad@group-A417777BEC43:LeaderElection45] INFO  impl.RaftServerImpl (ServerState.java:setLeader(253)) - 0bbc1277-be6f-4bf3-88cf-1c3b12e139ad@group-A417777BEC43: change Leader from null to 0bbc1277-be6f-4bf3-88cf-1c3b12e139ad at term 1 for becomeLeader, leader elected after 5122ms
2019-09-25 05:52:34,466 [0bbc1277-be6f-4bf3-88cf-1c3b12e139ad@group-A417777BEC43:LeaderElection45] INFO  server.RaftServerConfigKeys (ConfUtils.java:logGet(43)) - raft.server.staging.catchup.gap = 1000 (default)
2019-09-25 05:52:34,466 [0bbc1277-be6f-4bf3-88cf-1c3b12e139ad@group-A417777BEC43:LeaderElection45] INFO  server.RaftServerConfigKeys (ConfUtils.java:logGet(43)) - raft.server.rpc.sleep.time = 25ms (default)
2019-09-25 05:52:34,467 [0bbc1277-be6f-4bf3-88cf-1c3b12e139ad@group-A417777BEC43:LeaderElection45] INFO  server.RaftServerConfigKeys (ConfUtils.java:logGet(43)) - raft.server.write.element-limit = 4096 (default)
2019-09-25 05:52:34,467 [0bbc1277-be6f-4bf3-88cf-1c3b12e139ad@group-A417777BEC43:LeaderElection45] INFO  server.RaftServerConfigKeys (ConfUtils.java:logGet(43)) - raft.server.watch.timeout = 10s (default)
2019-09-25 05:52:34,467 [0bbc1277-be6f-4bf3-88cf-1c3b12e139ad@group-A417777BEC43:LeaderElection45] INFO  server.RaftServerConfigKeys (ConfUtils.java:logGet(43)) - raft.server.watch.timeout.denomination = 1s (default)
2019-09-25 05:52:34,467 [0bbc1277-be6f-4bf3-88cf-1c3b12e139ad@group-A417777BEC43:LeaderElection45] INFO  server.RaftServerConfigKeys (ConfUtils.java:logGet(43)) - raft.server.watch.element-limit = 65536 (default)
2019-09-25 05:52:34,469 [0bbc1277-be6f-4bf3-88cf-1c3b12e139ad@group-A417777BEC43:LeaderElection45] INFO  impl.RoleInfo (RoleInfo.java:updateAndGet(143)) - 0bbc1277-be6f-4bf3-88cf-1c3b12e139ad: start LeaderState
2019-09-25 05:52:34,469 [0bbc1277-be6f-4bf3-88cf-1c3b12e139ad@group-A417777BEC43:LeaderElection45] INFO  segmented.SegmentedRaftLogWorker (SegmentedRaftLogWorker.java:startLogSegment(380)) - 0bbc1277-be6f-4bf3-88cf-1c3b12e139ad@group-A417777BEC43-SegmentedRaftLogWorker: Starting segment from index:0
2019-09-25 05:52:34,469 [0bbc1277-be6f-4bf3-88cf-1c3b12e139ad@group-A417777BEC43:LeaderElection45] INFO  impl.RaftServerImpl (ServerState.java:setRaftConf(354)) - 0bbc1277-be6f-4bf3-88cf-1c3b12e139ad@group-A417777BEC43: set configuration 0: [0bbc1277-be6f-4bf3-88cf-1c3b12e139ad:192.168.30.10:46701], old=null at 0
2019-09-25 05:52:34,470 [grpc-default-executor-0] INFO  impl.RaftServerProxy (RaftServerProxy.java:addNew(89)) - 5be219b2-97fd-4a8c-91ea-b15aa89454d4: addNew group-0A38BACE653E:[5be219b2-97fd-4a8c-91ea-b15aa89454d4:192.168.30.10:40625] returns group-0A38BACE653E:java.util.concurrent.CompletableFuture@435bd5c5[Not completed]
2019-09-25 05:52:34,471 [pool-37-thread-1] INFO  impl.RaftServerImpl (RaftServerImpl.java:<init>(95)) - 5be219b2-97fd-4a8c-91ea-b15aa89454d4: new RaftServerImpl for group-0A38BACE653E:[5be219b2-97fd-4a8c-91ea-b15aa89454d4:192.168.30.10:40625] with ContainerStateMachine:uninitialized
2019-09-25 05:52:34,471 [pool-37-thread-1] INFO  server.RaftServerConfigKeys (ConfUtils.java:logGet(43)) - raft.server.rpc.timeout.min = 5s (custom)
2019-09-25 05:52:34,471 [pool-37-thread-1] INFO  server.RaftServerConfigKeys (ConfUtils.java:logGet(43)) - raft.server.rpc.timeout.max = 5200ms (custom)
2019-09-25 05:52:34,471 [pool-37-thread-1] INFO  server.RaftServerConfigKeys (ConfUtils.java:logGet(43)) - raft.server.rpcslowness.timeout = 120s (custom)
2019-09-25 05:52:34,472 [pool-37-thread-1] INFO  server.RaftServerConfigKeys (ConfUtils.java:logGet(43)) - raft.server.sleep.deviation.threshold = 300 (default)
2019-09-25 05:52:34,472 [pool-37-thread-1] INFO  server.RaftServerConfigKeys (ConfUtils.java:logGet(43)) - raft.server.log.appender.install.snapshot.enabled = false (custom)
2019-09-25 05:52:34,472 [pool-37-thread-1] INFO  impl.RaftServerImpl (ServerState.java:<init>(103)) - 5be219b2-97fd-4a8c-91ea-b15aa89454d4@group-0A38BACE653E: ConfigurationManager, init=-1: [5be219b2-97fd-4a8c-91ea-b15aa89454d4:192.168.30.10:40625], old=null, confs=<EMPTY_MAP>
2019-09-25 05:52:34,472 [pool-37-thread-1] INFO  server.RaftServerConfigKeys (ConfUtils.java:logGet(43)) - raft.server.storage.dir = [/workdir/hadoop-ozone/integration-test/target/test-dir/MiniOzoneClusterImpl-5fae48a0-8517-4c16-9d39-4001697b8772/datanode-1/data/ratis] (custom)
2019-09-25 05:52:34,472 [pool-37-thread-1] INFO  storage.RaftStorageDirectory (RaftStorageDirectory.java:analyzeStorage(246)) - The storage directory /workdir/hadoop-ozone/integration-test/target/test-dir/MiniOzoneClusterImpl-5fae48a0-8517-4c16-9d39-4001697b8772/datanode-1/data/ratis/9e6354b7-a8fd-4c38-8094-0a38bace653e does not exist. Creating ...
2019-09-25 05:52:34,525 [pool-37-thread-1] INFO  storage.RaftStorageDirectory (RaftStorageDirectory.java:tryLock(328)) - Lock on /workdir/hadoop-ozone/integration-test/target/test-dir/MiniOzoneClusterImpl-5fae48a0-8517-4c16-9d39-4001697b8772/datanode-1/data/ratis/9e6354b7-a8fd-4c38-8094-0a38bace653e/in_use.lock acquired by nodename 25594@pr-hdds-1569-s62bp-3040748787
2019-09-25 05:52:34,526 [0bbc1277-be6f-4bf3-88cf-1c3b12e139ad@group-467D0E5E67B1-SegmentedRaftLogWorker] INFO  segmented.SegmentedRaftLogWorker (SegmentedRaftLogWorker.java:execute(569)) - 0bbc1277-be6f-4bf3-88cf-1c3b12e139ad@group-467D0E5E67B1-SegmentedRaftLogWorker: created new log segment /workdir/hadoop-ozone/integration-test/target/test-dir/MiniOzoneClusterImpl-5fae48a0-8517-4c16-9d39-4001697b8772/datanode-0/data/ratis/3e9813d5-c542-47c7-8842-467d0e5e67b1/current/log_inprogress_0
2019-09-25 05:52:34,526 [0bbc1277-be6f-4bf3-88cf-1c3b12e139ad@group-A417777BEC43-SegmentedRaftLogWorker] INFO  segmented.SegmentedRaftLogWorker (SegmentedRaftLogWorker.java:execute(569)) - 0bbc1277-be6f-4bf3-88cf-1c3b12e139ad@group-A417777BEC43-SegmentedRaftLogWorker: created new log segment /workdir/hadoop-ozone/integration-test/target/test-dir/MiniOzoneClusterImpl-5fae48a0-8517-4c16-9d39-4001697b8772/datanode-0/data/ratis/685ff8ed-4726-4782-a90e-a417777bec43/current/log_inprogress_0
2019-09-25 05:52:34,526 [5be219b2-97fd-4a8c-91ea-b15aa89454d4@group-6C9390CD4265-SegmentedRaftLogWorker] INFO  segmented.SegmentedRaftLogWorker (SegmentedRaftLogWorker.java:execute(569)) - 5be219b2-97fd-4a8c-91ea-b15aa89454d4@group-6C9390CD4265-SegmentedRaftLogWorker: created new log segment /workdir/hadoop-ozone/integration-test/target/test-dir/MiniOzoneClusterImpl-5fae48a0-8517-4c16-9d39-4001697b8772/datanode-1/data/ratis/f0efa3f4-047d-420e-be0f-6c9390cd4265/current/log_inprogress_0
2019-09-25 05:52:34,539 [pool-37-thread-1] INFO  storage.RaftStorage (RaftStorage.java:format(72)) - Storage directory /workdir/hadoop-ozone/integration-test/target/test-dir/MiniOzoneClusterImpl-5fae48a0-8517-4c16-9d39-4001697b8772/datanode-1/data/ratis/9e6354b7-a8fd-4c38-8094-0a38bace653e has been successfully formatted.
2019-09-25 05:52:34,540 [pool-37-thread-1] INFO  ratis.ContainerStateMachine (ContainerStateMachine.java:loadSnapshot(230)) - group-0A38BACE653E: The snapshot info is null. Setting the last applied indexto:(t:0, i:~)
2019-09-25 05:52:34,540 [pool-37-thread-1] INFO  server.RaftServerConfigKeys (ConfUtils.java:logGet(43)) - raft.server.notification.no-leader.timeout = 120s (custom)
2019-09-25 05:52:34,540 [pool-37-thread-1] INFO  server.RaftServerConfigKeys (ConfUtils.java:logGet(43)) - raft.server.log.use.memory = false (default)
2019-09-25 05:52:34,540 [pool-37-thread-1] INFO  server.RaftServerConfigKeys (ConfUtils.java:logGet(43)) - raft.server.log.purge.gap = 1000000 (custom)
2019-09-25 05:52:34,540 [pool-37-thread-1] INFO  server.RaftServerConfigKeys (ConfUtils.java:logGet(43)) - raft.server.log.appender.buffer.byte-limit = 33554432 (custom)
2019-09-25 05:52:34,540 [pool-37-thread-1] INFO  server.RaftServerConfigKeys (ConfUtils.java:logGet(43)) - raft.server.log.segment.size.max = 1048576 (custom)
2019-09-25 05:52:34,540 [pool-37-thread-1] INFO  server.RaftServerConfigKeys (ConfUtils.java:logGet(43)) - raft.server.log.segment.cache.num.max = 2 (custom)
2019-09-25 05:52:34,540 [pool-37-thread-1] INFO  segmented.SegmentedRaftLogWorker (SegmentedRaftLogWorker.java:<init>(172)) - new 5be219b2-97fd-4a8c-91ea-b15aa89454d4@group-0A38BACE653E-SegmentedRaftLogWorker for RaftStorage:Storage Directory /workdir/hadoop-ozone/integration-test/target/test-dir/MiniOzoneClusterImpl-5fae48a0-8517-4c16-9d39-4001697b8772/datanode-1/data/ratis/9e6354b7-a8fd-4c38-8094-0a38bace653e
2019-09-25 05:52:34,540 [pool-37-thread-1] INFO  server.RaftServerConfigKeys (ConfUtils.java:logGet(43)) - raft.server.log.queue.byte-limit = 2147483647 (custom)
2019-09-25 05:52:34,541 [pool-37-thread-1] INFO  server.RaftServerConfigKeys (ConfUtils.java:logGet(43)) - raft.server.log.queue.element-limit = 1024 (custom)
2019-09-25 05:52:34,541 [pool-37-thread-1] INFO  server.RaftServerConfigKeys (ConfUtils.java:logGet(43)) - raft.server.log.segment.size.max = 1048576 (custom)
2019-09-25 05:52:34,541 [pool-37-thread-1] INFO  server.RaftServerConfigKeys (ConfUtils.java:logGet(43)) - raft.server.log.preallocated.size = 16384 (custom)
2019-09-25 05:52:34,541 [pool-37-thread-1] INFO  server.RaftServerConfigKeys (ConfUtils.java:logGet(43)) - raft.server.log.write.buffer.size = 33554432 (custom)
2019-09-25 05:52:34,541 [pool-37-thread-1] INFO  server.RaftServerConfigKeys (ConfUtils.java:logGet(43)) - raft.server.log.force.sync.num = 128 (default)
2019-09-25 05:52:34,541 [pool-37-thread-1] INFO  server.RaftServerConfigKeys (ConfUtils.java:logGet(43)) - raft.server.log.statemachine.data.sync = true (default)
2019-09-25 05:52:34,541 [pool-37-thread-1] INFO  server.RaftServerConfigKeys (ConfUtils.java:logGet(43)) - raft.server.log.statemachine.data.sync.timeout = 10s (default)
2019-09-25 05:52:34,541 [pool-37-thread-1] INFO  server.RaftServerConfigKeys (ConfUtils.java:logGet(43)) - raft.server.log.statemachine.data.sync.timeout.retry = -1 (default)
2019-09-25 05:52:34,541 [pool-37-thread-1] INFO  server.RaftServerConfigKeys (ConfUtils.java:logGet(43)) - raft.server.log.statemachine.data.caching.enabled = true (custom)
2019-09-25 05:52:34,542 [pool-37-thread-1] INFO  segmented.SegmentedRaftLogWorker (SegmentedRaftLogWorker.java:lambda$new$0(132)) - 5be219b2-97fd-4a8c-91ea-b15aa89454d4@group-0A38BACE653E-SegmentedRaftLogWorker: flushIndex: setUnconditionally 0 -> -1
2019-09-25 05:52:34,542 [pool-37-thread-1] INFO  server.RaftServerConfigKeys (ConfUtils.java:logGet(43)) - raft.server.snapshot.auto.trigger.enabled = true (custom)
2019-09-25 05:52:34,542 [pool-37-thread-1] INFO  server.RaftServerConfigKeys (ConfUtils.java:logGet(43)) - raft.server.snapshot.auto.trigger.threshold = 10000 (custom)
2019-09-25 05:52:34,542 [pool-37-thread-1] INFO  server.RaftServerConfigKeys (ConfUtils.java:logGet(43)) - raft.server.snapshot.retention.num.files = 5 (custom)
2019-09-25 05:52:34,542 [pool-37-thread-1] INFO  server.RaftServerConfigKeys (ConfUtils.java:logGet(43)) - raft.server.retrycache.expirytime = 600000ms (custom)
2019-09-25 05:52:34,544 [pool-37-thread-1] INFO  impl.RaftServerImpl (RaftServerImpl.java:start(185)) - 5be219b2-97fd-4a8c-91ea-b15aa89454d4@group-0A38BACE653E: start as a follower, conf=-1: [5be219b2-97fd-4a8c-91ea-b15aa89454d4:192.168.30.10:40625], old=null
2019-09-25 05:52:34,544 [pool-37-thread-1] INFO  impl.RaftServerImpl (RaftServerImpl.java:setRole(174)) - 5be219b2-97fd-4a8c-91ea-b15aa89454d4@group-0A38BACE653E: changes role from      null to FOLLOWER at term 0 for startAsFollower
2019-09-25 05:52:34,544 [pool-37-thread-1] INFO  impl.RoleInfo (RoleInfo.java:updateAndGet(143)) - 5be219b2-97fd-4a8c-91ea-b15aa89454d4: start FollowerState
2019-09-25 05:52:34,544 [pool-37-thread-1] INFO  util.JmxRegister (JmxRegister.java:tryRegister(44)) - Successfully registered JMX Bean with object name Ratis:service=RaftServer,group=group-0A38BACE653E,id=5be219b2-97fd-4a8c-91ea-b15aa89454d4
2019-09-25 05:52:34,548 [RatisPipelineUtilsThread] INFO  pipeline.PipelineStateManager (PipelineStateManager.java:addPipeline(56)) - Created pipeline Pipeline[ Id: 9e6354b7-a8fd-4c38-8094-0a38bace653e, Nodes: 5be219b2-97fd-4a8c-91ea-b15aa89454d4{ip: 192.168.30.10, host: pr-hdds-1569-s62bp-3040748787, networkLocation: /default-rack, certSerialId: null}, Type:RATIS, Factor:ONE, State:OPEN]
2019-09-25 05:52:34,555 [Thread-319] INFO  impl.FollowerState (FollowerState.java:run(106)) - 754f3588-47e6-41ad-b34e-eb7041cce070:group-11761E566D3B changes to CANDIDATE, lastRpcTime:5160, electionTimeout:5159ms
2019-09-25 05:52:34,555 [grpc-default-executor-0] INFO  impl.RaftServerProxy (RaftServerProxy.java:addNew(89)) - 5be219b2-97fd-4a8c-91ea-b15aa89454d4: addNew group-2FF12999A258:[5be219b2-97fd-4a8c-91ea-b15aa89454d4:192.168.30.10:40625] returns group-2FF12999A258:java.util.concurrent.CompletableFuture@5c7b3259[Not completed]
2019-09-25 05:52:34,555 [Thread-319] INFO  impl.RoleInfo (RoleInfo.java:shutdownFollowerState(121)) - 754f3588-47e6-41ad-b34e-eb7041cce070: shutdown FollowerState
2019-09-25 05:52:34,556 [Thread-319] INFO  impl.RaftServerImpl (RaftServerImpl.java:setRole(174)) - 754f3588-47e6-41ad-b34e-eb7041cce070@group-11761E566D3B: changes role from  FOLLOWER to CANDIDATE at term 0 for changeToCandidate
2019-09-25 05:52:34,556 [Thread-319] INFO  impl.RoleInfo (RoleInfo.java:updateAndGet(143)) - 754f3588-47e6-41ad-b34e-eb7041cce070: start LeaderElection
2019-09-25 05:52:34,556 [pool-37-thread-1] INFO  impl.RaftServerImpl (RaftServerImpl.java:<init>(95)) - 5be219b2-97fd-4a8c-91ea-b15aa89454d4: new RaftServerImpl for group-2FF12999A258:[5be219b2-97fd-4a8c-91ea-b15aa89454d4:192.168.30.10:40625] with ContainerStateMachine:uninitialized
2019-09-25 05:52:34,556 [pool-37-thread-1] INFO  server.RaftServerConfigKeys (ConfUtils.java:logGet(43)) - raft.server.rpc.timeout.min = 5s (custom)
2019-09-25 05:52:34,556 [pool-37-thread-1] INFO  server.RaftServerConfigKeys (ConfUtils.java:logGet(43)) - raft.server.rpc.timeout.max = 5200ms (custom)
2019-09-25 05:52:34,556 [pool-37-thread-1] INFO  server.RaftServerConfigKeys (ConfUtils.java:logGet(43)) - raft.server.rpcslowness.timeout = 120s (custom)
2019-09-25 05:52:34,556 [pool-37-thread-1] INFO  server.RaftServerConfigKeys (ConfUtils.java:logGet(43)) - raft.server.sleep.deviation.threshold = 300 (default)
2019-09-25 05:52:34,556 [pool-37-thread-1] INFO  server.RaftServerConfigKeys (ConfUtils.java:logGet(43)) - raft.server.log.appender.install.snapshot.enabled = false (custom)
2019-09-25 05:52:34,557 [pool-37-thread-1] INFO  impl.RaftServerImpl (ServerState.java:<init>(103)) - 5be219b2-97fd-4a8c-91ea-b15aa89454d4@group-2FF12999A258: ConfigurationManager, init=-1: [5be219b2-97fd-4a8c-91ea-b15aa89454d4:192.168.30.10:40625], old=null, confs=<EMPTY_MAP>
2019-09-25 05:52:34,557 [pool-37-thread-1] INFO  server.RaftServerConfigKeys (ConfUtils.java:logGet(43)) - raft.server.storage.dir = [/workdir/hadoop-ozone/integration-test/target/test-dir/MiniOzoneClusterImpl-5fae48a0-8517-4c16-9d39-4001697b8772/datanode-1/data/ratis] (custom)
2019-09-25 05:52:34,557 [pool-37-thread-1] INFO  storage.RaftStorageDirectory (RaftStorageDirectory.java:analyzeStorage(246)) - The storage directory /workdir/hadoop-ozone/integration-test/target/test-dir/MiniOzoneClusterImpl-5fae48a0-8517-4c16-9d39-4001697b8772/datanode-1/data/ratis/9bba89c3-31aa-470a-a856-2ff12999a258 does not exist. Creating ...
2019-09-25 05:52:34,558 [Thread-322] INFO  impl.FollowerState (FollowerState.java:run(106)) - 5be219b2-97fd-4a8c-91ea-b15aa89454d4:group-D8755F6DAC73 changes to CANDIDATE, lastRpcTime:5115, electionTimeout:5115ms
2019-09-25 05:52:34,558 [Thread-322] INFO  impl.RoleInfo (RoleInfo.java:shutdownFollowerState(121)) - 5be219b2-97fd-4a8c-91ea-b15aa89454d4: shutdown FollowerState
2019-09-25 05:52:34,558 [Thread-322] INFO  impl.RaftServerImpl (RaftServerImpl.java:setRole(174)) - 5be219b2-97fd-4a8c-91ea-b15aa89454d4@group-D8755F6DAC73: changes role from  FOLLOWER to CANDIDATE at term 0 for changeToCandidate
2019-09-25 05:52:34,559 [Thread-322] INFO  impl.RoleInfo (RoleInfo.java:updateAndGet(143)) - 5be219b2-97fd-4a8c-91ea-b15aa89454d4: start LeaderElection
2019-09-25 05:52:34,570 [pool-37-thread-1] INFO  storage.RaftStorageDirectory (RaftStorageDirectory.java:tryLock(328)) - Lock on /workdir/hadoop-ozone/integration-test/target/test-dir/MiniOzoneClusterImpl-5fae48a0-8517-4c16-9d39-4001697b8772/datanode-1/data/ratis/9bba89c3-31aa-470a-a856-2ff12999a258/in_use.lock acquired by nodename 25594@pr-hdds-1569-s62bp-3040748787
2019-09-25 05:52:34,570 [754f3588-47e6-41ad-b34e-eb7041cce070@group-11761E566D3B:LeaderElection46] INFO  impl.LeaderElection (LeaderElection.java:askForVotes(182)) - 754f3588-47e6-41ad-b34e-eb7041cce070@group-11761E566D3B:LeaderElection46: begin an election at term 1 for -1: [754f3588-47e6-41ad-b34e-eb7041cce070:192.168.30.10:41089], old=null
2019-09-25 05:52:34,570 [5be219b2-97fd-4a8c-91ea-b15aa89454d4@group-D8755F6DAC73:LeaderElection47] INFO  impl.LeaderElection (LeaderElection.java:askForVotes(182)) - 5be219b2-97fd-4a8c-91ea-b15aa89454d4@group-D8755F6DAC73:LeaderElection47: begin an election at term 1 for -1: [5be219b2-97fd-4a8c-91ea-b15aa89454d4:192.168.30.10:40625], old=null
2019-09-25 05:52:34,571 [754f3588-47e6-41ad-b34e-eb7041cce070@group-11761E566D3B:LeaderElection46] INFO  impl.RoleInfo (RoleInfo.java:shutdownLeaderElection(134)) - 754f3588-47e6-41ad-b34e-eb7041cce070: shutdown LeaderElection
2019-09-25 05:52:34,571 [5be219b2-97fd-4a8c-91ea-b15aa89454d4@group-D8755F6DAC73:LeaderElection47] INFO  impl.RoleInfo (RoleInfo.java:shutdownLeaderElection(134)) - 5be219b2-97fd-4a8c-91ea-b15aa89454d4: shutdown LeaderElection
2019-09-25 05:52:34,571 [754f3588-47e6-41ad-b34e-eb7041cce070@group-11761E566D3B:LeaderElection46] INFO  impl.RaftServerImpl (RaftServerImpl.java:setRole(174)) - 754f3588-47e6-41ad-b34e-eb7041cce070@group-11761E566D3B: changes role from CANDIDATE to LEADER at term 1 for changeToLeader
2019-09-25 05:52:34,571 [5be219b2-97fd-4a8c-91ea-b15aa89454d4@group-D8755F6DAC73:LeaderElection47] INFO  impl.RaftServerImpl (RaftServerImpl.java:setRole(174)) - 5be219b2-97fd-4a8c-91ea-b15aa89454d4@group-D8755F6DAC73: changes role from CANDIDATE to LEADER at term 1 for changeToLeader
2019-09-25 05:52:34,571 [754f3588-47e6-41ad-b34e-eb7041cce070@group-11761E566D3B:LeaderElection46] INFO  impl.RaftServerImpl (ServerState.java:setLeader(253)) - 754f3588-47e6-41ad-b34e-eb7041cce070@group-11761E566D3B: change Leader from null to 754f3588-47e6-41ad-b34e-eb7041cce070 at term 1 for becomeLeader, leader elected after 5182ms
2019-09-25 05:52:34,571 [5be219b2-97fd-4a8c-91ea-b15aa89454d4@group-D8755F6DAC73:LeaderElection47] INFO  impl.RaftServerImpl (ServerState.java:setLeader(253)) - 5be219b2-97fd-4a8c-91ea-b15aa89454d4@group-D8755F6DAC73: change Leader from null to 5be219b2-97fd-4a8c-91ea-b15aa89454d4 at term 1 for becomeLeader, leader elected after 5135ms
2019-09-25 05:52:34,571 [754f3588-47e6-41ad-b34e-eb7041cce070@group-11761E566D3B:LeaderElection46] INFO  server.RaftServerConfigKeys (ConfUtils.java:logGet(43)) - raft.server.staging.catchup.gap = 1000 (default)
2019-09-25 05:52:34,571 [5be219b2-97fd-4a8c-91ea-b15aa89454d4@group-D8755F6DAC73:LeaderElection47] INFO  server.RaftServerConfigKeys (ConfUtils.java:logGet(43)) - raft.server.staging.catchup.gap = 1000 (default)
2019-09-25 05:52:34,571 [754f3588-47e6-41ad-b34e-eb7041cce070@group-11761E566D3B:LeaderElection46] INFO  server.RaftServerConfigKeys (ConfUtils.java:logGet(43)) - raft.server.rpc.sleep.time = 25ms (default)
2019-09-25 05:52:34,572 [5be219b2-97fd-4a8c-91ea-b15aa89454d4@group-D8755F6DAC73:LeaderElection47] INFO  server.RaftServerConfigKeys (ConfUtils.java:logGet(43)) - raft.server.rpc.sleep.time = 25ms (default)
2019-09-25 05:52:34,572 [754f3588-47e6-41ad-b34e-eb7041cce070@group-11761E566D3B:LeaderElection46] INFO  server.RaftServerConfigKeys (ConfUtils.java:logGet(43)) - raft.server.write.element-limit = 4096 (default)
2019-09-25 05:52:34,572 [5be219b2-97fd-4a8c-91ea-b15aa89454d4@group-D8755F6DAC73:LeaderElection47] INFO  server.RaftServerConfigKeys (ConfUtils.java:logGet(43)) - raft.server.write.element-limit = 4096 (default)
2019-09-25 05:52:34,572 [754f3588-47e6-41ad-b34e-eb7041cce070@group-11761E566D3B:LeaderElection46] INFO  server.RaftServerConfigKeys (ConfUtils.java:logGet(43)) - raft.server.watch.timeout = 10s (default)
2019-09-25 05:52:34,572 [5be219b2-97fd-4a8c-91ea-b15aa89454d4@group-D8755F6DAC73:LeaderElection47] INFO  server.RaftServerConfigKeys (ConfUtils.java:logGet(43)) - raft.server.watch.timeout = 10s (default)
2019-09-25 05:52:34,572 [754f3588-47e6-41ad-b34e-eb7041cce070@group-11761E566D3B:LeaderElection46] INFO  server.RaftServerConfigKeys (ConfUtils.java:logGet(43)) - raft.server.watch.timeout.denomination = 1s (default)
2019-09-25 05:52:34,572 [5be219b2-97fd-4a8c-91ea-b15aa89454d4@group-D8755F6DAC73:LeaderElection47] INFO  server.RaftServerConfigKeys (ConfUtils.java:logGet(43)) - raft.server.watch.timeout.denomination = 1s (default)
2019-09-25 05:52:34,572 [754f3588-47e6-41ad-b34e-eb7041cce070@group-11761E566D3B:LeaderElection46] INFO  server.RaftServerConfigKeys (ConfUtils.java:logGet(43)) - raft.server.watch.element-limit = 65536 (default)
2019-09-25 05:52:34,572 [5be219b2-97fd-4a8c-91ea-b15aa89454d4@group-D8755F6DAC73:LeaderElection47] INFO  server.RaftServerConfigKeys (ConfUtils.java:logGet(43)) - raft.server.watch.element-limit = 65536 (default)
2019-09-25 05:52:34,574 [754f3588-47e6-41ad-b34e-eb7041cce070@group-11761E566D3B:LeaderElection46] INFO  impl.RoleInfo (RoleInfo.java:updateAndGet(143)) - 754f3588-47e6-41ad-b34e-eb7041cce070: start LeaderState
2019-09-25 05:52:34,574 [5be219b2-97fd-4a8c-91ea-b15aa89454d4@group-D8755F6DAC73:LeaderElection47] INFO  impl.RoleInfo (RoleInfo.java:updateAndGet(143)) - 5be219b2-97fd-4a8c-91ea-b15aa89454d4: start LeaderState
2019-09-25 05:52:34,575 [754f3588-47e6-41ad-b34e-eb7041cce070@group-11761E566D3B:LeaderElection46] INFO  segmented.SegmentedRaftLogWorker (SegmentedRaftLogWorker.java:startLogSegment(380)) - 754f3588-47e6-41ad-b34e-eb7041cce070@group-11761E566D3B-SegmentedRaftLogWorker: Starting segment from index:0
2019-09-25 05:52:34,575 [5be219b2-97fd-4a8c-91ea-b15aa89454d4@group-D8755F6DAC73:LeaderElection47] INFO  segmented.SegmentedRaftLogWorker (SegmentedRaftLogWorker.java:startLogSegment(380)) - 5be219b2-97fd-4a8c-91ea-b15aa89454d4@group-D8755F6DAC73-SegmentedRaftLogWorker: Starting segment from index:0
2019-09-25 05:52:34,575 [754f3588-47e6-41ad-b34e-eb7041cce070@group-11761E566D3B:LeaderElection46] INFO  impl.RaftServerImpl (ServerState.java:setRaftConf(354)) - 754f3588-47e6-41ad-b34e-eb7041cce070@group-11761E566D3B: set configuration 0: [754f3588-47e6-41ad-b34e-eb7041cce070:192.168.30.10:41089], old=null at 0
2019-09-25 05:52:34,575 [Thread-325] INFO  impl.FollowerState (FollowerState.java:run(106)) - 0bbc1277-be6f-4bf3-88cf-1c3b12e139ad:group-F4B2B6AE29C0 changes to CANDIDATE, lastRpcTime:5089, electionTimeout:5089ms
2019-09-25 05:52:34,575 [5be219b2-97fd-4a8c-91ea-b15aa89454d4@group-D8755F6DAC73:LeaderElection47] INFO  impl.RaftServerImpl (ServerState.java:setRaftConf(354)) - 5be219b2-97fd-4a8c-91ea-b15aa89454d4@group-D8755F6DAC73: set configuration 0: [5be219b2-97fd-4a8c-91ea-b15aa89454d4:192.168.30.10:40625], old=null at 0
2019-09-25 05:52:34,575 [Thread-325] INFO  impl.RoleInfo (RoleInfo.java:shutdownFollowerState(121)) - 0bbc1277-be6f-4bf3-88cf-1c3b12e139ad: shutdown FollowerState
2019-09-25 05:52:34,576 [Thread-325] INFO  impl.RaftServerImpl (RaftServerImpl.java:setRole(174)) - 0bbc1277-be6f-4bf3-88cf-1c3b12e139ad@group-F4B2B6AE29C0: changes role from  FOLLOWER to CANDIDATE at term 0 for changeToCandidate
2019-09-25 05:52:34,576 [Thread-325] INFO  impl.RoleInfo (RoleInfo.java:updateAndGet(143)) - 0bbc1277-be6f-4bf3-88cf-1c3b12e139ad: start LeaderElection
2019-09-25 05:52:34,585 [pool-37-thread-1] INFO  storage.RaftStorage (RaftStorage.java:format(72)) - Storage directory /workdir/hadoop-ozone/integration-test/target/test-dir/MiniOzoneClusterImpl-5fae48a0-8517-4c16-9d39-4001697b8772/datanode-1/data/ratis/9bba89c3-31aa-470a-a856-2ff12999a258 has been successfully formatted.
2019-09-25 05:52:34,585 [0bbc1277-be6f-4bf3-88cf-1c3b12e139ad@group-F4B2B6AE29C0:LeaderElection48] INFO  impl.LeaderElection (LeaderElection.java:askForVotes(182)) - 0bbc1277-be6f-4bf3-88cf-1c3b12e139ad@group-F4B2B6AE29C0:LeaderElection48: begin an election at term 1 for -1: [0bbc1277-be6f-4bf3-88cf-1c3b12e139ad:192.168.30.10:46701], old=null
2019-09-25 05:52:34,585 [0bbc1277-be6f-4bf3-88cf-1c3b12e139ad@group-F4B2B6AE29C0:LeaderElection48] INFO  impl.RoleInfo (RoleInfo.java:shutdownLeaderElection(134)) - 0bbc1277-be6f-4bf3-88cf-1c3b12e139ad: shutdown LeaderElection
2019-09-25 05:52:34,585 [0bbc1277-be6f-4bf3-88cf-1c3b12e139ad@group-F4B2B6AE29C0:LeaderElection48] INFO  impl.RaftServerImpl (RaftServerImpl.java:setRole(174)) - 0bbc1277-be6f-4bf3-88cf-1c3b12e139ad@group-F4B2B6AE29C0: changes role from CANDIDATE to LEADER at term 1 for changeToLeader
2019-09-25 05:52:34,585 [pool-37-thread-1] INFO  ratis.ContainerStateMachine (ContainerStateMachine.java:loadSnapshot(230)) - group-2FF12999A258: The snapshot info is null. Setting the last applied indexto:(t:0, i:~)
2019-09-25 05:52:34,585 [0bbc1277-be6f-4bf3-88cf-1c3b12e139ad@group-F4B2B6AE29C0:LeaderElection48] INFO  impl.RaftServerImpl (ServerState.java:setLeader(253)) - 0bbc1277-be6f-4bf3-88cf-1c3b12e139ad@group-F4B2B6AE29C0: change Leader from null to 0bbc1277-be6f-4bf3-88cf-1c3b12e139ad at term 1 for becomeLeader, leader elected after 5104ms
2019-09-25 05:52:34,585 [pool-37-thread-1] INFO  server.RaftServerConfigKeys (ConfUtils.java:logGet(43)) - raft.server.notification.no-leader.timeout = 120s (custom)
2019-09-25 05:52:34,585 [0bbc1277-be6f-4bf3-88cf-1c3b12e139ad@group-F4B2B6AE29C0:LeaderElection48] INFO  server.RaftServerConfigKeys (ConfUtils.java:logGet(43)) - raft.server.staging.catchup.gap = 1000 (default)
2019-09-25 05:52:34,586 [pool-37-thread-1] INFO  server.RaftServerConfigKeys (ConfUtils.java:logGet(43)) - raft.server.log.use.memory = false (default)
2019-09-25 05:52:34,586 [0bbc1277-be6f-4bf3-88cf-1c3b12e139ad@group-F4B2B6AE29C0:LeaderElection48] INFO  server.RaftServerConfigKeys (ConfUtils.java:logGet(43)) - raft.server.rpc.sleep.time = 25ms (default)
2019-09-25 05:52:34,586 [pool-37-thread-1] INFO  server.RaftServerConfigKeys (ConfUtils.java:logGet(43)) - raft.server.log.purge.gap = 1000000 (custom)
2019-09-25 05:52:34,586 [0bbc1277-be6f-4bf3-88cf-1c3b12e139ad@group-F4B2B6AE29C0:LeaderElection48] INFO  server.RaftServerConfigKeys (ConfUtils.java:logGet(43)) - raft.server.write.element-limit = 4096 (default)
2019-09-25 05:52:34,586 [pool-37-thread-1] INFO  server.RaftServerConfigKeys (ConfUtils.java:logGet(43)) - raft.server.log.appender.buffer.byte-limit = 33554432 (custom)
2019-09-25 05:52:34,586 [0bbc1277-be6f-4bf3-88cf-1c3b12e139ad@group-F4B2B6AE29C0:LeaderElection48] INFO  server.RaftServerConfigKeys (ConfUtils.java:logGet(43)) - raft.server.watch.timeout = 10s (default)
2019-09-25 05:52:34,586 [pool-37-thread-1] INFO  server.RaftServerConfigKeys (ConfUtils.java:logGet(43)) - raft.server.log.segment.size.max = 1048576 (custom)
2019-09-25 05:52:34,586 [0bbc1277-be6f-4bf3-88cf-1c3b12e139ad@group-F4B2B6AE29C0:LeaderElection48] INFO  server.RaftServerConfigKeys (ConfUtils.java:logGet(43)) - raft.server.watch.timeout.denomination = 1s (default)
2019-09-25 05:52:34,586 [pool-37-thread-1] INFO  server.RaftServerConfigKeys (ConfUtils.java:logGet(43)) - raft.server.log.segment.cache.num.max = 2 (custom)
2019-09-25 05:52:34,586 [0bbc1277-be6f-4bf3-88cf-1c3b12e139ad@group-F4B2B6AE29C0:LeaderElection48] INFO  server.RaftServerConfigKeys (ConfUtils.java:logGet(43)) - raft.server.watch.element-limit = 65536 (default)
2019-09-25 05:52:34,587 [pool-37-thread-1] INFO  segmented.SegmentedRaftLogWorker (SegmentedRaftLogWorker.java:<init>(172)) - new 5be219b2-97fd-4a8c-91ea-b15aa89454d4@group-2FF12999A258-SegmentedRaftLogWorker for RaftStorage:Storage Directory /workdir/hadoop-ozone/integration-test/target/test-dir/MiniOzoneClusterImpl-5fae48a0-8517-4c16-9d39-4001697b8772/datanode-1/data/ratis/9bba89c3-31aa-470a-a856-2ff12999a258
2019-09-25 05:52:34,587 [pool-37-thread-1] INFO  server.RaftServerConfigKeys (ConfUtils.java:logGet(43)) - raft.server.log.queue.byte-limit = 2147483647 (custom)
2019-09-25 05:52:34,587 [pool-37-thread-1] INFO  server.RaftServerConfigKeys (ConfUtils.java:logGet(43)) - raft.server.log.queue.element-limit = 1024 (custom)
2019-09-25 05:52:34,587 [pool-37-thread-1] INFO  server.RaftServerConfigKeys (ConfUtils.java:logGet(43)) - raft.server.log.segment.size.max = 1048576 (custom)
2019-09-25 05:52:34,587 [pool-37-thread-1] INFO  server.RaftServerConfigKeys (ConfUtils.java:logGet(43)) - raft.server.log.preallocated.size = 16384 (custom)
2019-09-25 05:52:34,587 [pool-37-thread-1] INFO  server.RaftServerConfigKeys (ConfUtils.java:logGet(43)) - raft.server.log.write.buffer.size = 33554432 (custom)
2019-09-25 05:52:34,588 [pool-37-thread-1] INFO  server.RaftServerConfigKeys (ConfUtils.java:logGet(43)) - raft.server.log.force.sync.num = 128 (default)
2019-09-25 05:52:34,588 [pool-37-thread-1] INFO  server.RaftServerConfigKeys (ConfUtils.java:logGet(43)) - raft.server.log.statemachine.data.sync = true (default)
2019-09-25 05:52:34,588 [pool-37-thread-1] INFO  server.RaftServerConfigKeys (ConfUtils.java:logGet(43)) - raft.server.log.statemachine.data.sync.timeout = 10s (default)
2019-09-25 05:52:34,588 [pool-37-thread-1] INFO  server.RaftServerConfigKeys (ConfUtils.java:logGet(43)) - raft.server.log.statemachine.data.sync.timeout.retry = -1 (default)
2019-09-25 05:52:34,588 [0bbc1277-be6f-4bf3-88cf-1c3b12e139ad@group-F4B2B6AE29C0:LeaderElection48] INFO  impl.RoleInfo (RoleInfo.java:updateAndGet(143)) - 0bbc1277-be6f-4bf3-88cf-1c3b12e139ad: start LeaderState
2019-09-25 05:52:34,588 [pool-37-thread-1] INFO  server.RaftServerConfigKeys (ConfUtils.java:logGet(43)) - raft.server.log.statemachine.data.caching.enabled = true (custom)
2019-09-25 05:52:34,588 [0bbc1277-be6f-4bf3-88cf-1c3b12e139ad@group-F4B2B6AE29C0:LeaderElection48] INFO  segmented.SegmentedRaftLogWorker (SegmentedRaftLogWorker.java:startLogSegment(380)) - 0bbc1277-be6f-4bf3-88cf-1c3b12e139ad@group-F4B2B6AE29C0-SegmentedRaftLogWorker: Starting segment from index:0
2019-09-25 05:52:34,588 [pool-37-thread-1] INFO  segmented.SegmentedRaftLogWorker (SegmentedRaftLogWorker.java:lambda$new$0(132)) - 5be219b2-97fd-4a8c-91ea-b15aa89454d4@group-2FF12999A258-SegmentedRaftLogWorker: flushIndex: setUnconditionally 0 -> -1
2019-09-25 05:52:34,588 [pool-37-thread-1] INFO  server.RaftServerConfigKeys (ConfUtils.java:logGet(43)) - raft.server.snapshot.auto.trigger.enabled = true (custom)
2019-09-25 05:52:34,589 [pool-37-thread-1] INFO  server.RaftServerConfigKeys (ConfUtils.java:logGet(43)) - raft.server.snapshot.auto.trigger.threshold = 10000 (custom)
2019-09-25 05:52:34,589 [pool-37-thread-1] INFO  server.RaftServerConfigKeys (ConfUtils.java:logGet(43)) - raft.server.snapshot.retention.num.files = 5 (custom)
2019-09-25 05:52:34,589 [0bbc1277-be6f-4bf3-88cf-1c3b12e139ad@group-F4B2B6AE29C0:LeaderElection48] INFO  impl.RaftServerImpl (ServerState.java:setRaftConf(354)) - 0bbc1277-be6f-4bf3-88cf-1c3b12e139ad@group-F4B2B6AE29C0: set configuration 0: [0bbc1277-be6f-4bf3-88cf-1c3b12e139ad:192.168.30.10:46701], old=null at 0
2019-09-25 05:52:34,589 [pool-37-thread-1] INFO  server.RaftServerConfigKeys (ConfUtils.java:logGet(43)) - raft.server.retrycache.expirytime = 600000ms (custom)
2019-09-25 05:52:34,590 [pool-37-thread-1] INFO  impl.RaftServerImpl (RaftServerImpl.java:start(185)) - 5be219b2-97fd-4a8c-91ea-b15aa89454d4@group-2FF12999A258: start as a follower, conf=-1: [5be219b2-97fd-4a8c-91ea-b15aa89454d4:192.168.30.10:40625], old=null
2019-09-25 05:52:34,590 [pool-37-thread-1] INFO  impl.RaftServerImpl (RaftServerImpl.java:setRole(174)) - 5be219b2-97fd-4a8c-91ea-b15aa89454d4@group-2FF12999A258: changes role from      null to FOLLOWER at term 0 for startAsFollower
2019-09-25 05:52:34,590 [pool-37-thread-1] INFO  impl.RoleInfo (RoleInfo.java:updateAndGet(143)) - 5be219b2-97fd-4a8c-91ea-b15aa89454d4: start FollowerState
2019-09-25 05:52:34,590 [pool-37-thread-1] INFO  util.JmxRegister (JmxRegister.java:tryRegister(44)) - Successfully registered JMX Bean with object name Ratis:service=RaftServer,group=group-2FF12999A258,id=5be219b2-97fd-4a8c-91ea-b15aa89454d4
2019-09-25 05:52:34,593 [RatisPipelineUtilsThread] INFO  pipeline.PipelineStateManager (PipelineStateManager.java:addPipeline(56)) - Created pipeline Pipeline[ Id: 9bba89c3-31aa-470a-a856-2ff12999a258, Nodes: 5be219b2-97fd-4a8c-91ea-b15aa89454d4{ip: 192.168.30.10, host: pr-hdds-1569-s62bp-3040748787, networkLocation: /default-rack, certSerialId: null}, Type:RATIS, Factor:ONE, State:OPEN]
2019-09-25 05:52:34,598 [Thread-331] INFO  impl.FollowerState (FollowerState.java:run(106)) - 0bbc1277-be6f-4bf3-88cf-1c3b12e139ad:group-E6C4366E70FF changes to CANDIDATE, lastRpcTime:5003, electionTimeout:5003ms
2019-09-25 05:52:34,598 [grpc-default-executor-0] INFO  impl.RaftServerProxy (RaftServerProxy.java:addNew(89)) - 5be219b2-97fd-4a8c-91ea-b15aa89454d4: addNew group-3B1C96D13BDA:[5be219b2-97fd-4a8c-91ea-b15aa89454d4:192.168.30.10:40625] returns group-3B1C96D13BDA:java.util.concurrent.CompletableFuture@461672a8[Not completed]
2019-09-25 05:52:34,598 [Thread-331] INFO  impl.RoleInfo (RoleInfo.java:shutdownFollowerState(121)) - 0bbc1277-be6f-4bf3-88cf-1c3b12e139ad: shutdown FollowerState
2019-09-25 05:52:34,599 [Thread-331] INFO  impl.RaftServerImpl (RaftServerImpl.java:setRole(174)) - 0bbc1277-be6f-4bf3-88cf-1c3b12e139ad@group-E6C4366E70FF: changes role from  FOLLOWER to CANDIDATE at term 0 for changeToCandidate
2019-09-25 05:52:34,599 [Thread-331] INFO  impl.RoleInfo (RoleInfo.java:updateAndGet(143)) - 0bbc1277-be6f-4bf3-88cf-1c3b12e139ad: start LeaderElection
2019-09-25 05:52:34,599 [pool-37-thread-1] INFO  impl.RaftServerImpl (RaftServerImpl.java:<init>(95)) - 5be219b2-97fd-4a8c-91ea-b15aa89454d4: new RaftServerImpl for group-3B1C96D13BDA:[5be219b2-97fd-4a8c-91ea-b15aa89454d4:192.168.30.10:40625] with ContainerStateMachine:uninitialized
2019-09-25 05:52:34,599 [pool-37-thread-1] INFO  server.RaftServerConfigKeys (ConfUtils.java:logGet(43)) - raft.server.rpc.timeout.min = 5s (custom)
2019-09-25 05:52:34,599 [pool-37-thread-1] INFO  server.RaftServerConfigKeys (ConfUtils.java:logGet(43)) - raft.server.rpc.timeout.max = 5200ms (custom)
2019-09-25 05:52:34,599 [pool-37-thread-1] INFO  server.RaftServerConfigKeys (ConfUtils.java:logGet(43)) - raft.server.rpcslowness.timeout = 120s (custom)
2019-09-25 05:52:34,599 [pool-37-thread-1] INFO  server.RaftServerConfigKeys (ConfUtils.java:logGet(43)) - raft.server.sleep.deviation.threshold = 300 (default)
2019-09-25 05:52:34,599 [pool-37-thread-1] INFO  server.RaftServerConfigKeys (ConfUtils.java:logGet(43)) - raft.server.log.appender.install.snapshot.enabled = false (custom)
2019-09-25 05:52:34,599 [pool-37-thread-1] INFO  impl.RaftServerImpl (ServerState.java:<init>(103)) - 5be219b2-97fd-4a8c-91ea-b15aa89454d4@group-3B1C96D13BDA: ConfigurationManager, init=-1: [5be219b2-97fd-4a8c-91ea-b15aa89454d4:192.168.30.10:40625], old=null, confs=<EMPTY_MAP>
2019-09-25 05:52:34,599 [pool-37-thread-1] INFO  server.RaftServerConfigKeys (ConfUtils.java:logGet(43)) - raft.server.storage.dir = [/workdir/hadoop-ozone/integration-test/target/test-dir/MiniOzoneClusterImpl-5fae48a0-8517-4c16-9d39-4001697b8772/datanode-1/data/ratis] (custom)
2019-09-25 05:52:34,600 [pool-37-thread-1] INFO  storage.RaftStorageDirectory (RaftStorageDirectory.java:analyzeStorage(246)) - The storage directory /workdir/hadoop-ozone/integration-test/target/test-dir/MiniOzoneClusterImpl-5fae48a0-8517-4c16-9d39-4001697b8772/datanode-1/data/ratis/f5049c1b-fba8-4a13-9109-3b1c96d13bda does not exist. Creating ...
2019-09-25 05:52:34,620 [pool-37-thread-1] INFO  storage.RaftStorageDirectory (RaftStorageDirectory.java:tryLock(328)) - Lock on /workdir/hadoop-ozone/integration-test/target/test-dir/MiniOzoneClusterImpl-5fae48a0-8517-4c16-9d39-4001697b8772/datanode-1/data/ratis/f5049c1b-fba8-4a13-9109-3b1c96d13bda/in_use.lock acquired by nodename 25594@pr-hdds-1569-s62bp-3040748787
2019-09-25 05:52:34,620 [0bbc1277-be6f-4bf3-88cf-1c3b12e139ad@group-E6C4366E70FF:LeaderElection49] INFO  impl.LeaderElection (LeaderElection.java:askForVotes(182)) - 0bbc1277-be6f-4bf3-88cf-1c3b12e139ad@group-E6C4366E70FF:LeaderElection49: begin an election at term 1 for -1: [0bbc1277-be6f-4bf3-88cf-1c3b12e139ad:192.168.30.10:46701], old=null
2019-09-25 05:52:34,620 [0bbc1277-be6f-4bf3-88cf-1c3b12e139ad@group-E6C4366E70FF:LeaderElection49] INFO  impl.RoleInfo (RoleInfo.java:shutdownLeaderElection(134)) - 0bbc1277-be6f-4bf3-88cf-1c3b12e139ad: shutdown LeaderElection
2019-09-25 05:52:34,620 [0bbc1277-be6f-4bf3-88cf-1c3b12e139ad@group-E6C4366E70FF:LeaderElection49] INFO  impl.RaftServerImpl (RaftServerImpl.java:setRole(174)) - 0bbc1277-be6f-4bf3-88cf-1c3b12e139ad@group-E6C4366E70FF: changes role from CANDIDATE to LEADER at term 1 for changeToLeader
2019-09-25 05:52:34,620 [0bbc1277-be6f-4bf3-88cf-1c3b12e139ad@group-E6C4366E70FF:LeaderElection49] INFO  impl.RaftServerImpl (ServerState.java:setLeader(253)) - 0bbc1277-be6f-4bf3-88cf-1c3b12e139ad@group-E6C4366E70FF: change Leader from null to 0bbc1277-be6f-4bf3-88cf-1c3b12e139ad at term 1 for becomeLeader, leader elected after 5034ms
2019-09-25 05:52:34,621 [0bbc1277-be6f-4bf3-88cf-1c3b12e139ad@group-E6C4366E70FF:LeaderElection49] INFO  server.RaftServerConfigKeys (ConfUtils.java:logGet(43)) - raft.server.staging.catchup.gap = 1000 (default)
2019-09-25 05:52:34,621 [0bbc1277-be6f-4bf3-88cf-1c3b12e139ad@group-E6C4366E70FF:LeaderElection49] INFO  server.RaftServerConfigKeys (ConfUtils.java:logGet(43)) - raft.server.rpc.sleep.time = 25ms (default)
2019-09-25 05:52:34,621 [0bbc1277-be6f-4bf3-88cf-1c3b12e139ad@group-E6C4366E70FF:LeaderElection49] INFO  server.RaftServerConfigKeys (ConfUtils.java:logGet(43)) - raft.server.write.element-limit = 4096 (default)
2019-09-25 05:52:34,621 [0bbc1277-be6f-4bf3-88cf-1c3b12e139ad@group-E6C4366E70FF:LeaderElection49] INFO  server.RaftServerConfigKeys (ConfUtils.java:logGet(43)) - raft.server.watch.timeout = 10s (default)
2019-09-25 05:52:34,621 [0bbc1277-be6f-4bf3-88cf-1c3b12e139ad@group-E6C4366E70FF:LeaderElection49] INFO  server.RaftServerConfigKeys (ConfUtils.java:logGet(43)) - raft.server.watch.timeout.denomination = 1s (default)
2019-09-25 05:52:34,621 [0bbc1277-be6f-4bf3-88cf-1c3b12e139ad@group-E6C4366E70FF:LeaderElection49] INFO  server.RaftServerConfigKeys (ConfUtils.java:logGet(43)) - raft.server.watch.element-limit = 65536 (default)
2019-09-25 05:52:34,623 [0bbc1277-be6f-4bf3-88cf-1c3b12e139ad@group-E6C4366E70FF:LeaderElection49] INFO  impl.RoleInfo (RoleInfo.java:updateAndGet(143)) - 0bbc1277-be6f-4bf3-88cf-1c3b12e139ad: start LeaderState
2019-09-25 05:52:34,623 [0bbc1277-be6f-4bf3-88cf-1c3b12e139ad@group-E6C4366E70FF:LeaderElection49] INFO  segmented.SegmentedRaftLogWorker (SegmentedRaftLogWorker.java:startLogSegment(380)) - 0bbc1277-be6f-4bf3-88cf-1c3b12e139ad@group-E6C4366E70FF-SegmentedRaftLogWorker: Starting segment from index:0
2019-09-25 05:52:34,624 [0bbc1277-be6f-4bf3-88cf-1c3b12e139ad@group-E6C4366E70FF:LeaderElection49] INFO  impl.RaftServerImpl (ServerState.java:setRaftConf(354)) - 0bbc1277-be6f-4bf3-88cf-1c3b12e139ad@group-E6C4366E70FF: set configuration 0: [0bbc1277-be6f-4bf3-88cf-1c3b12e139ad:192.168.30.10:46701], old=null at 0
2019-09-25 05:52:34,643 [Thread-328] INFO  impl.FollowerState (FollowerState.java:run(106)) - 754f3588-47e6-41ad-b34e-eb7041cce070:group-C4B45119A0C8 changes to CANDIDATE, lastRpcTime:5100, electionTimeout:5100ms
2019-09-25 05:52:34,643 [Thread-328] INFO  impl.RoleInfo (RoleInfo.java:shutdownFollowerState(121)) - 754f3588-47e6-41ad-b34e-eb7041cce070: shutdown FollowerState
2019-09-25 05:52:34,643 [Thread-328] INFO  impl.RaftServerImpl (RaftServerImpl.java:setRole(174)) - 754f3588-47e6-41ad-b34e-eb7041cce070@group-C4B45119A0C8: changes role from  FOLLOWER to CANDIDATE at term 0 for changeToCandidate
2019-09-25 05:52:34,643 [Thread-328] INFO  impl.RoleInfo (RoleInfo.java:updateAndGet(143)) - 754f3588-47e6-41ad-b34e-eb7041cce070: start LeaderElection
2019-09-25 05:52:34,645 [754f3588-47e6-41ad-b34e-eb7041cce070@group-11761E566D3B-SegmentedRaftLogWorker] INFO  segmented.SegmentedRaftLogWorker (SegmentedRaftLogWorker.java:execute(569)) - 754f3588-47e6-41ad-b34e-eb7041cce070@group-11761E566D3B-SegmentedRaftLogWorker: created new log segment /workdir/hadoop-ozone/integration-test/target/test-dir/MiniOzoneClusterImpl-5fae48a0-8517-4c16-9d39-4001697b8772/datanode-2/data/ratis/365754aa-4ddc-4b64-9409-11761e566d3b/current/log_inprogress_0
2019-09-25 05:52:34,645 [pool-37-thread-1] INFO  storage.RaftStorage (RaftStorage.java:format(72)) - Storage directory /workdir/hadoop-ozone/integration-test/target/test-dir/MiniOzoneClusterImpl-5fae48a0-8517-4c16-9d39-4001697b8772/datanode-1/data/ratis/f5049c1b-fba8-4a13-9109-3b1c96d13bda has been successfully formatted.
2019-09-25 05:52:34,645 [0bbc1277-be6f-4bf3-88cf-1c3b12e139ad@group-F4B2B6AE29C0-SegmentedRaftLogWorker] INFO  segmented.SegmentedRaftLogWorker (SegmentedRaftLogWorker.java:execute(569)) - 0bbc1277-be6f-4bf3-88cf-1c3b12e139ad@group-F4B2B6AE29C0-SegmentedRaftLogWorker: created new log segment /workdir/hadoop-ozone/integration-test/target/test-dir/MiniOzoneClusterImpl-5fae48a0-8517-4c16-9d39-4001697b8772/datanode-0/data/ratis/8ebd9951-991d-4cb1-ab51-f4b2b6ae29c0/current/log_inprogress_0
2019-09-25 05:52:34,645 [5be219b2-97fd-4a8c-91ea-b15aa89454d4@group-D8755F6DAC73-SegmentedRaftLogWorker] INFO  segmented.SegmentedRaftLogWorker (SegmentedRaftLogWorker.java:execute(569)) - 5be219b2-97fd-4a8c-91ea-b15aa89454d4@group-D8755F6DAC73-SegmentedRaftLogWorker: created new log segment /workdir/hadoop-ozone/integration-test/target/test-dir/MiniOzoneClusterImpl-5fae48a0-8517-4c16-9d39-4001697b8772/datanode-1/data/ratis/fcd38b64-aa4f-424b-bea9-d8755f6dac73/current/log_inprogress_0
2019-09-25 05:52:34,646 [pool-37-thread-1] INFO  ratis.ContainerStateMachine (ContainerStateMachine.java:loadSnapshot(230)) - group-3B1C96D13BDA: The snapshot info is null. Setting the last applied indexto:(t:0, i:~)
2019-09-25 05:52:34,646 [pool-37-thread-1] INFO  server.RaftServerConfigKeys (ConfUtils.java:logGet(43)) - raft.server.notification.no-leader.timeout = 120s (custom)
2019-09-25 05:52:34,646 [pool-37-thread-1] INFO  server.RaftServerConfigKeys (ConfUtils.java:logGet(43)) - raft.server.log.use.memory = false (default)
2019-09-25 05:52:34,646 [pool-37-thread-1] INFO  server.RaftServerConfigKeys (ConfUtils.java:logGet(43)) - raft.server.log.purge.gap = 1000000 (custom)
2019-09-25 05:52:34,646 [pool-37-thread-1] INFO  server.RaftServerConfigKeys (ConfUtils.java:logGet(43)) - raft.server.log.appender.buffer.byte-limit = 33554432 (custom)
2019-09-25 05:52:34,646 [pool-37-thread-1] INFO  server.RaftServerConfigKeys (ConfUtils.java:logGet(43)) - raft.server.log.segment.size.max = 1048576 (custom)
2019-09-25 05:52:34,647 [pool-37-thread-1] INFO  server.RaftServerConfigKeys (ConfUtils.java:logGet(43)) - raft.server.log.segment.cache.num.max = 2 (custom)
2019-09-25 05:52:34,647 [pool-37-thread-1] INFO  segmented.SegmentedRaftLogWorker (SegmentedRaftLogWorker.java:<init>(172)) - new 5be219b2-97fd-4a8c-91ea-b15aa89454d4@group-3B1C96D13BDA-SegmentedRaftLogWorker for RaftStorage:Storage Directory /workdir/hadoop-ozone/integration-test/target/test-dir/MiniOzoneClusterImpl-5fae48a0-8517-4c16-9d39-4001697b8772/datanode-1/data/ratis/f5049c1b-fba8-4a13-9109-3b1c96d13bda
2019-09-25 05:52:34,647 [pool-37-thread-1] INFO  server.RaftServerConfigKeys (ConfUtils.java:logGet(43)) - raft.server.log.queue.byte-limit = 2147483647 (custom)
2019-09-25 05:52:34,647 [pool-37-thread-1] INFO  server.RaftServerConfigKeys (ConfUtils.java:logGet(43)) - raft.server.log.queue.element-limit = 1024 (custom)
2019-09-25 05:52:34,647 [pool-37-thread-1] INFO  server.RaftServerConfigKeys (ConfUtils.java:logGet(43)) - raft.server.log.segment.size.max = 1048576 (custom)
2019-09-25 05:52:34,647 [pool-37-thread-1] INFO  server.RaftServerConfigKeys (ConfUtils.java:logGet(43)) - raft.server.log.preallocated.size = 16384 (custom)
2019-09-25 05:52:34,647 [pool-37-thread-1] INFO  server.RaftServerConfigKeys (ConfUtils.java:logGet(43)) - raft.server.log.write.buffer.size = 33554432 (custom)
2019-09-25 05:52:34,647 [pool-37-thread-1] INFO  server.RaftServerConfigKeys (ConfUtils.java:logGet(43)) - raft.server.log.force.sync.num = 128 (default)
2019-09-25 05:52:34,647 [pool-37-thread-1] INFO  server.RaftServerConfigKeys (ConfUtils.java:logGet(43)) - raft.server.log.statemachine.data.sync = true (default)
2019-09-25 05:52:34,648 [pool-37-thread-1] INFO  server.RaftServerConfigKeys (ConfUtils.java:logGet(43)) - raft.server.log.statemachine.data.sync.timeout = 10s (default)
2019-09-25 05:52:34,648 [pool-37-thread-1] INFO  server.RaftServerConfigKeys (ConfUtils.java:logGet(43)) - raft.server.log.statemachine.data.sync.timeout.retry = -1 (default)
2019-09-25 05:52:34,648 [pool-37-thread-1] INFO  server.RaftServerConfigKeys (ConfUtils.java:logGet(43)) - raft.server.log.statemachine.data.caching.enabled = true (custom)
2019-09-25 05:52:34,648 [pool-37-thread-1] INFO  segmented.SegmentedRaftLogWorker (SegmentedRaftLogWorker.java:lambda$new$0(132)) - 5be219b2-97fd-4a8c-91ea-b15aa89454d4@group-3B1C96D13BDA-SegmentedRaftLogWorker: flushIndex: setUnconditionally 0 -> -1
2019-09-25 05:52:34,649 [pool-37-thread-1] INFO  server.RaftServerConfigKeys (ConfUtils.java:logGet(43)) - raft.server.snapshot.auto.trigger.enabled = true (custom)
2019-09-25 05:52:34,649 [pool-37-thread-1] INFO  server.RaftServerConfigKeys (ConfUtils.java:logGet(43)) - raft.server.snapshot.auto.trigger.threshold = 10000 (custom)
2019-09-25 05:52:34,649 [pool-37-thread-1] INFO  server.RaftServerConfigKeys (ConfUtils.java:logGet(43)) - raft.server.snapshot.retention.num.files = 5 (custom)
2019-09-25 05:52:34,649 [pool-37-thread-1] INFO  server.RaftServerConfigKeys (ConfUtils.java:logGet(43)) - raft.server.retrycache.expirytime = 600000ms (custom)
2019-09-25 05:52:34,649 [754f3588-47e6-41ad-b34e-eb7041cce070@group-C4B45119A0C8:LeaderElection50] INFO  impl.LeaderElection (LeaderElection.java:askForVotes(182)) - 754f3588-47e6-41ad-b34e-eb7041cce070@group-C4B45119A0C8:LeaderElection50: begin an election at term 1 for -1: [754f3588-47e6-41ad-b34e-eb7041cce070:192.168.30.10:41089], old=null
2019-09-25 05:52:34,650 [754f3588-47e6-41ad-b34e-eb7041cce070@group-C4B45119A0C8:LeaderElection50] INFO  impl.RoleInfo (RoleInfo.java:shutdownLeaderElection(134)) - 754f3588-47e6-41ad-b34e-eb7041cce070: shutdown LeaderElection
2019-09-25 05:52:34,650 [754f3588-47e6-41ad-b34e-eb7041cce070@group-C4B45119A0C8:LeaderElection50] INFO  impl.RaftServerImpl (RaftServerImpl.java:setRole(174)) - 754f3588-47e6-41ad-b34e-eb7041cce070@group-C4B45119A0C8: changes role from CANDIDATE to LEADER at term 1 for changeToLeader
2019-09-25 05:52:34,650 [754f3588-47e6-41ad-b34e-eb7041cce070@group-C4B45119A0C8:LeaderElection50] INFO  impl.RaftServerImpl (ServerState.java:setLeader(253)) - 754f3588-47e6-41ad-b34e-eb7041cce070@group-C4B45119A0C8: change Leader from null to 754f3588-47e6-41ad-b34e-eb7041cce070 at term 1 for becomeLeader, leader elected after 5113ms
2019-09-25 05:52:34,650 [754f3588-47e6-41ad-b34e-eb7041cce070@group-C4B45119A0C8:LeaderElection50] INFO  server.RaftServerConfigKeys (ConfUtils.java:logGet(43)) - raft.server.staging.catchup.gap = 1000 (default)
2019-09-25 05:52:34,650 [0bbc1277-be6f-4bf3-88cf-1c3b12e139ad@group-E6C4366E70FF-SegmentedRaftLogWorker] INFO  segmented.SegmentedRaftLogWorker (SegmentedRaftLogWorker.java:execute(569)) - 0bbc1277-be6f-4bf3-88cf-1c3b12e139ad@group-E6C4366E70FF-SegmentedRaftLogWorker: created new log segment /workdir/hadoop-ozone/integration-test/target/test-dir/MiniOzoneClusterImpl-5fae48a0-8517-4c16-9d39-4001697b8772/datanode-0/data/ratis/2120ae05-4964-459f-a44a-e6c4366e70ff/current/log_inprogress_0
2019-09-25 05:52:34,650 [754f3588-47e6-41ad-b34e-eb7041cce070@group-C4B45119A0C8:LeaderElection50] INFO  server.RaftServerConfigKeys (ConfUtils.java:logGet(43)) - raft.server.rpc.sleep.time = 25ms (default)
2019-09-25 05:52:34,650 [754f3588-47e6-41ad-b34e-eb7041cce070@group-C4B45119A0C8:LeaderElection50] INFO  server.RaftServerConfigKeys (ConfUtils.java:logGet(43)) - raft.server.write.element-limit = 4096 (default)
2019-09-25 05:52:34,650 [754f3588-47e6-41ad-b34e-eb7041cce070@group-C4B45119A0C8:LeaderElection50] INFO  server.RaftServerConfigKeys (ConfUtils.java:logGet(43)) - raft.server.watch.timeout = 10s (default)
2019-09-25 05:52:34,650 [pool-37-thread-1] INFO  impl.RaftServerImpl (RaftServerImpl.java:start(185)) - 5be219b2-97fd-4a8c-91ea-b15aa89454d4@group-3B1C96D13BDA: start as a follower, conf=-1: [5be219b2-97fd-4a8c-91ea-b15aa89454d4:192.168.30.10:40625], old=null
2019-09-25 05:52:34,651 [754f3588-47e6-41ad-b34e-eb7041cce070@group-C4B45119A0C8:LeaderElection50] INFO  server.RaftServerConfigKeys (ConfUtils.java:logGet(43)) - raft.server.watch.timeout.denomination = 1s (default)
2019-09-25 05:52:34,651 [pool-37-thread-1] INFO  impl.RaftServerImpl (RaftServerImpl.java:setRole(174)) - 5be219b2-97fd-4a8c-91ea-b15aa89454d4@group-3B1C96D13BDA: changes role from      null to FOLLOWER at term 0 for startAsFollower
2019-09-25 05:52:34,651 [754f3588-47e6-41ad-b34e-eb7041cce070@group-C4B45119A0C8:LeaderElection50] INFO  server.RaftServerConfigKeys (ConfUtils.java:logGet(43)) - raft.server.watch.element-limit = 65536 (default)
2019-09-25 05:52:34,651 [pool-37-thread-1] INFO  impl.RoleInfo (RoleInfo.java:updateAndGet(143)) - 5be219b2-97fd-4a8c-91ea-b15aa89454d4: start FollowerState
2019-09-25 05:52:34,651 [pool-37-thread-1] INFO  util.JmxRegister (JmxRegister.java:tryRegister(44)) - Successfully registered JMX Bean with object name Ratis:service=RaftServer,group=group-3B1C96D13BDA,id=5be219b2-97fd-4a8c-91ea-b15aa89454d4
2019-09-25 05:52:34,652 [754f3588-47e6-41ad-b34e-eb7041cce070@group-C4B45119A0C8:LeaderElection50] INFO  impl.RoleInfo (RoleInfo.java:updateAndGet(143)) - 754f3588-47e6-41ad-b34e-eb7041cce070: start LeaderState
2019-09-25 05:52:34,653 [754f3588-47e6-41ad-b34e-eb7041cce070@group-C4B45119A0C8:LeaderElection50] INFO  segmented.SegmentedRaftLogWorker (SegmentedRaftLogWorker.java:startLogSegment(380)) - 754f3588-47e6-41ad-b34e-eb7041cce070@group-C4B45119A0C8-SegmentedRaftLogWorker: Starting segment from index:0
2019-09-25 05:52:34,653 [754f3588-47e6-41ad-b34e-eb7041cce070@group-C4B45119A0C8:LeaderElection50] INFO  impl.RaftServerImpl (ServerState.java:setRaftConf(354)) - 754f3588-47e6-41ad-b34e-eb7041cce070@group-C4B45119A0C8: set configuration 0: [754f3588-47e6-41ad-b34e-eb7041cce070:192.168.30.10:41089], old=null at 0
2019-09-25 05:52:34,654 [RatisPipelineUtilsThread] INFO  pipeline.PipelineStateManager (PipelineStateManager.java:addPipeline(56)) - Created pipeline Pipeline[ Id: f5049c1b-fba8-4a13-9109-3b1c96d13bda, Nodes: 5be219b2-97fd-4a8c-91ea-b15aa89454d4{ip: 192.168.30.10, host: pr-hdds-1569-s62bp-3040748787, networkLocation: /default-rack, certSerialId: null}, Type:RATIS, Factor:ONE, State:OPEN]
2019-09-25 05:52:34,658 [grpc-default-executor-0] INFO  impl.RaftServerProxy (RaftServerProxy.java:addNew(89)) - 754f3588-47e6-41ad-b34e-eb7041cce070: addNew group-228FF19DBEAD:[754f3588-47e6-41ad-b34e-eb7041cce070:192.168.30.10:41089] returns group-228FF19DBEAD:java.util.concurrent.CompletableFuture@4a29a90d[Not completed]
2019-09-25 05:52:34,659 [pool-47-thread-1] INFO  impl.RaftServerImpl (RaftServerImpl.java:<init>(95)) - 754f3588-47e6-41ad-b34e-eb7041cce070: new RaftServerImpl for group-228FF19DBEAD:[754f3588-47e6-41ad-b34e-eb7041cce070:192.168.30.10:41089] with ContainerStateMachine:uninitialized
2019-09-25 05:52:34,659 [pool-47-thread-1] INFO  server.RaftServerConfigKeys (ConfUtils.java:logGet(43)) - raft.server.rpc.timeout.min = 5s (custom)
2019-09-25 05:52:34,659 [pool-47-thread-1] INFO  server.RaftServerConfigKeys (ConfUtils.java:logGet(43)) - raft.server.rpc.timeout.max = 5200ms (custom)
2019-09-25 05:52:34,659 [pool-47-thread-1] INFO  server.RaftServerConfigKeys (ConfUtils.java:logGet(43)) - raft.server.rpcslowness.timeout = 120s (custom)
2019-09-25 05:52:34,659 [pool-47-thread-1] INFO  server.RaftServerConfigKeys (ConfUtils.java:logGet(43)) - raft.server.sleep.deviation.threshold = 300 (default)
2019-09-25 05:52:34,659 [pool-47-thread-1] INFO  server.RaftServerConfigKeys (ConfUtils.java:logGet(43)) - raft.server.log.appender.install.snapshot.enabled = false (custom)
2019-09-25 05:52:34,659 [pool-47-thread-1] INFO  impl.RaftServerImpl (ServerState.java:<init>(103)) - 754f3588-47e6-41ad-b34e-eb7041cce070@group-228FF19DBEAD: ConfigurationManager, init=-1: [754f3588-47e6-41ad-b34e-eb7041cce070:192.168.30.10:41089], old=null, confs=<EMPTY_MAP>
2019-09-25 05:52:34,660 [pool-47-thread-1] INFO  server.RaftServerConfigKeys (ConfUtils.java:logGet(43)) - raft.server.storage.dir = [/workdir/hadoop-ozone/integration-test/target/test-dir/MiniOzoneClusterImpl-5fae48a0-8517-4c16-9d39-4001697b8772/datanode-2/data/ratis] (custom)
2019-09-25 05:52:34,660 [pool-47-thread-1] INFO  storage.RaftStorageDirectory (RaftStorageDirectory.java:analyzeStorage(246)) - The storage directory /workdir/hadoop-ozone/integration-test/target/test-dir/MiniOzoneClusterImpl-5fae48a0-8517-4c16-9d39-4001697b8772/datanode-2/data/ratis/b33b019b-a1b8-41d8-86a1-228ff19dbead does not exist. Creating ...
2019-09-25 05:52:34,673 [pool-47-thread-1] INFO  storage.RaftStorageDirectory (RaftStorageDirectory.java:tryLock(328)) - Lock on /workdir/hadoop-ozone/integration-test/target/test-dir/MiniOzoneClusterImpl-5fae48a0-8517-4c16-9d39-4001697b8772/datanode-2/data/ratis/b33b019b-a1b8-41d8-86a1-228ff19dbead/in_use.lock acquired by nodename 25594@pr-hdds-1569-s62bp-3040748787
2019-09-25 05:52:34,688 [754f3588-47e6-41ad-b34e-eb7041cce070@group-C4B45119A0C8-SegmentedRaftLogWorker] INFO  segmented.SegmentedRaftLogWorker (SegmentedRaftLogWorker.java:execute(569)) - 754f3588-47e6-41ad-b34e-eb7041cce070@group-C4B45119A0C8-SegmentedRaftLogWorker: created new log segment /workdir/hadoop-ozone/integration-test/target/test-dir/MiniOzoneClusterImpl-5fae48a0-8517-4c16-9d39-4001697b8772/datanode-2/data/ratis/690f663b-c05b-43fe-955d-c4b45119a0c8/current/log_inprogress_0
2019-09-25 05:52:34,688 [pool-47-thread-1] INFO  storage.RaftStorage (RaftStorage.java:format(72)) - Storage directory /workdir/hadoop-ozone/integration-test/target/test-dir/MiniOzoneClusterImpl-5fae48a0-8517-4c16-9d39-4001697b8772/datanode-2/data/ratis/b33b019b-a1b8-41d8-86a1-228ff19dbead has been successfully formatted.
2019-09-25 05:52:34,688 [pool-47-thread-1] INFO  ratis.ContainerStateMachine (ContainerStateMachine.java:loadSnapshot(230)) - group-228FF19DBEAD: The snapshot info is null. Setting the last applied indexto:(t:0, i:~)
2019-09-25 05:52:34,688 [pool-47-thread-1] INFO  server.RaftServerConfigKeys (ConfUtils.java:logGet(43)) - raft.server.notification.no-leader.timeout = 120s (custom)
2019-09-25 05:52:34,688 [pool-47-thread-1] INFO  server.RaftServerConfigKeys (ConfUtils.java:logGet(43)) - raft.server.log.use.memory = false (default)
2019-09-25 05:52:34,688 [pool-47-thread-1] INFO  server.RaftServerConfigKeys (ConfUtils.java:logGet(43)) - raft.server.log.purge.gap = 1000000 (custom)
2019-09-25 05:52:34,688 [pool-47-thread-1] INFO  server.RaftServerConfigKeys (ConfUtils.java:logGet(43)) - raft.server.log.appender.buffer.byte-limit = 33554432 (custom)
2019-09-25 05:52:34,689 [pool-47-thread-1] INFO  server.RaftServerConfigKeys (ConfUtils.java:logGet(43)) - raft.server.log.segment.size.max = 1048576 (custom)
2019-09-25 05:52:34,689 [pool-47-thread-1] INFO  server.RaftServerConfigKeys (ConfUtils.java:logGet(43)) - raft.server.log.segment.cache.num.max = 2 (custom)
2019-09-25 05:52:34,689 [pool-47-thread-1] INFO  segmented.SegmentedRaftLogWorker (SegmentedRaftLogWorker.java:<init>(172)) - new 754f3588-47e6-41ad-b34e-eb7041cce070@group-228FF19DBEAD-SegmentedRaftLogWorker for RaftStorage:Storage Directory /workdir/hadoop-ozone/integration-test/target/test-dir/MiniOzoneClusterImpl-5fae48a0-8517-4c16-9d39-4001697b8772/datanode-2/data/ratis/b33b019b-a1b8-41d8-86a1-228ff19dbead
2019-09-25 05:52:34,689 [pool-47-thread-1] INFO  server.RaftServerConfigKeys (ConfUtils.java:logGet(43)) - raft.server.log.queue.byte-limit = 2147483647 (custom)
2019-09-25 05:52:34,689 [pool-47-thread-1] INFO  server.RaftServerConfigKeys (ConfUtils.java:logGet(43)) - raft.server.log.queue.element-limit = 1024 (custom)
2019-09-25 05:52:34,689 [pool-47-thread-1] INFO  server.RaftServerConfigKeys (ConfUtils.java:logGet(43)) - raft.server.log.segment.size.max = 1048576 (custom)
2019-09-25 05:52:34,689 [pool-47-thread-1] INFO  server.RaftServerConfigKeys (ConfUtils.java:logGet(43)) - raft.server.log.preallocated.size = 16384 (custom)
2019-09-25 05:52:34,689 [pool-47-thread-1] INFO  server.RaftServerConfigKeys (ConfUtils.java:logGet(43)) - raft.server.log.write.buffer.size = 33554432 (custom)
2019-09-25 05:52:34,689 [pool-47-thread-1] INFO  server.RaftServerConfigKeys (ConfUtils.java:logGet(43)) - raft.server.log.force.sync.num = 128 (default)
2019-09-25 05:52:34,689 [pool-47-thread-1] INFO  server.RaftServerConfigKeys (ConfUtils.java:logGet(43)) - raft.server.log.statemachine.data.sync = true (default)
2019-09-25 05:52:34,689 [pool-47-thread-1] INFO  server.RaftServerConfigKeys (ConfUtils.java:logGet(43)) - raft.server.log.statemachine.data.sync.timeout = 10s (default)
2019-09-25 05:52:34,689 [pool-47-thread-1] INFO  server.RaftServerConfigKeys (ConfUtils.java:logGet(43)) - raft.server.log.statemachine.data.sync.timeout.retry = -1 (default)
2019-09-25 05:52:34,690 [pool-47-thread-1] INFO  server.RaftServerConfigKeys (ConfUtils.java:logGet(43)) - raft.server.log.statemachine.data.caching.enabled = true (custom)
2019-09-25 05:52:34,690 [pool-47-thread-1] INFO  segmented.SegmentedRaftLogWorker (SegmentedRaftLogWorker.java:lambda$new$0(132)) - 754f3588-47e6-41ad-b34e-eb7041cce070@group-228FF19DBEAD-SegmentedRaftLogWorker: flushIndex: setUnconditionally 0 -> -1
2019-09-25 05:52:34,696 [pool-47-thread-1] INFO  server.RaftServerConfigKeys (ConfUtils.java:logGet(43)) - raft.server.snapshot.auto.trigger.enabled = true (custom)
2019-09-25 05:52:34,696 [pool-47-thread-1] INFO  server.RaftServerConfigKeys (ConfUtils.java:logGet(43)) - raft.server.snapshot.auto.trigger.threshold = 10000 (custom)
2019-09-25 05:52:34,696 [pool-47-thread-1] INFO  server.RaftServerConfigKeys (ConfUtils.java:logGet(43)) - raft.server.snapshot.retention.num.files = 5 (custom)
2019-09-25 05:52:34,696 [pool-47-thread-1] INFO  server.RaftServerConfigKeys (ConfUtils.java:logGet(43)) - raft.server.retrycache.expirytime = 600000ms (custom)
2019-09-25 05:52:34,698 [pool-47-thread-1] INFO  impl.RaftServerImpl (RaftServerImpl.java:start(185)) - 754f3588-47e6-41ad-b34e-eb7041cce070@group-228FF19DBEAD: start as a follower, conf=-1: [754f3588-47e6-41ad-b34e-eb7041cce070:192.168.30.10:41089], old=null
2019-09-25 05:52:34,698 [pool-47-thread-1] INFO  impl.RaftServerImpl (RaftServerImpl.java:setRole(174)) - 754f3588-47e6-41ad-b34e-eb7041cce070@group-228FF19DBEAD: changes role from      null to FOLLOWER at term 0 for startAsFollower
2019-09-25 05:52:34,698 [pool-47-thread-1] INFO  impl.RoleInfo (RoleInfo.java:updateAndGet(143)) - 754f3588-47e6-41ad-b34e-eb7041cce070: start FollowerState
2019-09-25 05:52:34,698 [pool-47-thread-1] INFO  util.JmxRegister (JmxRegister.java:tryRegister(44)) - Successfully registered JMX Bean with object name Ratis:service=RaftServer,group=group-228FF19DBEAD,id=754f3588-47e6-41ad-b34e-eb7041cce070
2019-09-25 05:52:34,700 [RatisPipelineUtilsThread] INFO  pipeline.PipelineStateManager (PipelineStateManager.java:addPipeline(56)) - Created pipeline Pipeline[ Id: b33b019b-a1b8-41d8-86a1-228ff19dbead, Nodes: 754f3588-47e6-41ad-b34e-eb7041cce070{ip: 192.168.30.10, host: pr-hdds-1569-s62bp-3040748787, networkLocation: /default-rack, certSerialId: null}, Type:RATIS, Factor:ONE, State:OPEN]
2019-09-25 05:52:34,704 [grpc-default-executor-0] INFO  impl.RaftServerProxy (RaftServerProxy.java:addNew(89)) - 5be219b2-97fd-4a8c-91ea-b15aa89454d4: addNew group-7AA31BD13724:[5be219b2-97fd-4a8c-91ea-b15aa89454d4:192.168.30.10:40625] returns group-7AA31BD13724:java.util.concurrent.CompletableFuture@1706f5fa[Not completed]
2019-09-25 05:52:34,705 [pool-37-thread-1] INFO  impl.RaftServerImpl (RaftServerImpl.java:<init>(95)) - 5be219b2-97fd-4a8c-91ea-b15aa89454d4: new RaftServerImpl for group-7AA31BD13724:[5be219b2-97fd-4a8c-91ea-b15aa89454d4:192.168.30.10:40625] with ContainerStateMachine:uninitialized
2019-09-25 05:52:34,705 [pool-37-thread-1] INFO  server.RaftServerConfigKeys (ConfUtils.java:logGet(43)) - raft.server.rpc.timeout.min = 5s (custom)
2019-09-25 05:52:34,705 [pool-37-thread-1] INFO  server.RaftServerConfigKeys (ConfUtils.java:logGet(43)) - raft.server.rpc.timeout.max = 5200ms (custom)
2019-09-25 05:52:34,705 [pool-37-thread-1] INFO  server.RaftServerConfigKeys (ConfUtils.java:logGet(43)) - raft.server.rpcslowness.timeout = 120s (custom)
2019-09-25 05:52:34,705 [pool-37-thread-1] INFO  server.RaftServerConfigKeys (ConfUtils.java:logGet(43)) - raft.server.sleep.deviation.threshold = 300 (default)
2019-09-25 05:52:34,705 [pool-37-thread-1] INFO  server.RaftServerConfigKeys (ConfUtils.java:logGet(43)) - raft.server.log.appender.install.snapshot.enabled = false (custom)
2019-09-25 05:52:34,705 [pool-37-thread-1] INFO  impl.RaftServerImpl (ServerState.java:<init>(103)) - 5be219b2-97fd-4a8c-91ea-b15aa89454d4@group-7AA31BD13724: ConfigurationManager, init=-1: [5be219b2-97fd-4a8c-91ea-b15aa89454d4:192.168.30.10:40625], old=null, confs=<EMPTY_MAP>
2019-09-25 05:52:34,705 [pool-37-thread-1] INFO  server.RaftServerConfigKeys (ConfUtils.java:logGet(43)) - raft.server.storage.dir = [/workdir/hadoop-ozone/integration-test/target/test-dir/MiniOzoneClusterImpl-5fae48a0-8517-4c16-9d39-4001697b8772/datanode-1/data/ratis] (custom)
2019-09-25 05:52:34,705 [Thread-337] INFO  impl.FollowerState (FollowerState.java:run(106)) - 754f3588-47e6-41ad-b34e-eb7041cce070:group-E562DD96F965 changes to CANDIDATE, lastRpcTime:5022, electionTimeout:5022ms
2019-09-25 05:52:34,706 [pool-37-thread-1] INFO  storage.RaftStorageDirectory (RaftStorageDirectory.java:analyzeStorage(246)) - The storage directory /workdir/hadoop-ozone/integration-test/target/test-dir/MiniOzoneClusterImpl-5fae48a0-8517-4c16-9d39-4001697b8772/datanode-1/data/ratis/5fd755a5-f2fe-4cfa-a6b5-7aa31bd13724 does not exist. Creating ...
2019-09-25 05:52:34,706 [Thread-337] INFO  impl.RoleInfo (RoleInfo.java:shutdownFollowerState(121)) - 754f3588-47e6-41ad-b34e-eb7041cce070: shutdown FollowerState
2019-09-25 05:52:34,706 [Thread-337] INFO  impl.RaftServerImpl (RaftServerImpl.java:setRole(174)) - 754f3588-47e6-41ad-b34e-eb7041cce070@group-E562DD96F965: changes role from  FOLLOWER to CANDIDATE at term 0 for changeToCandidate
2019-09-25 05:52:34,706 [Thread-337] INFO  impl.RoleInfo (RoleInfo.java:updateAndGet(143)) - 754f3588-47e6-41ad-b34e-eb7041cce070: start LeaderElection
2019-09-25 05:52:34,719 [pool-37-thread-1] INFO  storage.RaftStorageDirectory (RaftStorageDirectory.java:tryLock(328)) - Lock on /workdir/hadoop-ozone/integration-test/target/test-dir/MiniOzoneClusterImpl-5fae48a0-8517-4c16-9d39-4001697b8772/datanode-1/data/ratis/5fd755a5-f2fe-4cfa-a6b5-7aa31bd13724/in_use.lock acquired by nodename 25594@pr-hdds-1569-s62bp-3040748787
2019-09-25 05:52:34,719 [754f3588-47e6-41ad-b34e-eb7041cce070@group-E562DD96F965:LeaderElection51] INFO  impl.LeaderElection (LeaderElection.java:askForVotes(182)) - 754f3588-47e6-41ad-b34e-eb7041cce070@group-E562DD96F965:LeaderElection51: begin an election at term 1 for -1: [754f3588-47e6-41ad-b34e-eb7041cce070:192.168.30.10:41089], old=null
2019-09-25 05:52:34,719 [754f3588-47e6-41ad-b34e-eb7041cce070@group-E562DD96F965:LeaderElection51] INFO  impl.RoleInfo (RoleInfo.java:shutdownLeaderElection(134)) - 754f3588-47e6-41ad-b34e-eb7041cce070: shutdown LeaderElection
2019-09-25 05:52:34,719 [754f3588-47e6-41ad-b34e-eb7041cce070@group-E562DD96F965:LeaderElection51] INFO  impl.RaftServerImpl (RaftServerImpl.java:setRole(174)) - 754f3588-47e6-41ad-b34e-eb7041cce070@group-E562DD96F965: changes role from CANDIDATE to LEADER at term 1 for changeToLeader
2019-09-25 05:52:34,719 [754f3588-47e6-41ad-b34e-eb7041cce070@group-E562DD96F965:LeaderElection51] INFO  impl.RaftServerImpl (ServerState.java:setLeader(253)) - 754f3588-47e6-41ad-b34e-eb7041cce070@group-E562DD96F965: change Leader from null to 754f3588-47e6-41ad-b34e-eb7041cce070 at term 1 for becomeLeader, leader elected after 5041ms
2019-09-25 05:52:34,719 [754f3588-47e6-41ad-b34e-eb7041cce070@group-E562DD96F965:LeaderElection51] INFO  server.RaftServerConfigKeys (ConfUtils.java:logGet(43)) - raft.server.staging.catchup.gap = 1000 (default)
2019-09-25 05:52:34,720 [754f3588-47e6-41ad-b34e-eb7041cce070@group-E562DD96F965:LeaderElection51] INFO  server.RaftServerConfigKeys (ConfUtils.java:logGet(43)) - raft.server.rpc.sleep.time = 25ms (default)
2019-09-25 05:52:34,720 [754f3588-47e6-41ad-b34e-eb7041cce070@group-E562DD96F965:LeaderElection51] INFO  server.RaftServerConfigKeys (ConfUtils.java:logGet(43)) - raft.server.write.element-limit = 4096 (default)
2019-09-25 05:52:34,720 [754f3588-47e6-41ad-b34e-eb7041cce070@group-E562DD96F965:LeaderElection51] INFO  server.RaftServerConfigKeys (ConfUtils.java:logGet(43)) - raft.server.watch.timeout = 10s (default)
2019-09-25 05:52:34,720 [754f3588-47e6-41ad-b34e-eb7041cce070@group-E562DD96F965:LeaderElection51] INFO  server.RaftServerConfigKeys (ConfUtils.java:logGet(43)) - raft.server.watch.timeout.denomination = 1s (default)
2019-09-25 05:52:34,720 [754f3588-47e6-41ad-b34e-eb7041cce070@group-E562DD96F965:LeaderElection51] INFO  server.RaftServerConfigKeys (ConfUtils.java:logGet(43)) - raft.server.watch.element-limit = 65536 (default)
2019-09-25 05:52:34,722 [754f3588-47e6-41ad-b34e-eb7041cce070@group-E562DD96F965:LeaderElection51] INFO  impl.RoleInfo (RoleInfo.java:updateAndGet(143)) - 754f3588-47e6-41ad-b34e-eb7041cce070: start LeaderState
2019-09-25 05:52:34,722 [754f3588-47e6-41ad-b34e-eb7041cce070@group-E562DD96F965:LeaderElection51] INFO  segmented.SegmentedRaftLogWorker (SegmentedRaftLogWorker.java:startLogSegment(380)) - 754f3588-47e6-41ad-b34e-eb7041cce070@group-E562DD96F965-SegmentedRaftLogWorker: Starting segment from index:0
2019-09-25 05:52:34,723 [754f3588-47e6-41ad-b34e-eb7041cce070@group-E562DD96F965:LeaderElection51] INFO  impl.RaftServerImpl (ServerState.java:setRaftConf(354)) - 754f3588-47e6-41ad-b34e-eb7041cce070@group-E562DD96F965: set configuration 0: [754f3588-47e6-41ad-b34e-eb7041cce070:192.168.30.10:41089], old=null at 0
2019-09-25 05:52:34,733 [pool-37-thread-1] INFO  storage.RaftStorage (RaftStorage.java:format(72)) - Storage directory /workdir/hadoop-ozone/integration-test/target/test-dir/MiniOzoneClusterImpl-5fae48a0-8517-4c16-9d39-4001697b8772/datanode-1/data/ratis/5fd755a5-f2fe-4cfa-a6b5-7aa31bd13724 has been successfully formatted.
2019-09-25 05:52:34,734 [pool-37-thread-1] INFO  ratis.ContainerStateMachine (ContainerStateMachine.java:loadSnapshot(230)) - group-7AA31BD13724: The snapshot info is null. Setting the last applied indexto:(t:0, i:~)
2019-09-25 05:52:34,734 [pool-37-thread-1] INFO  server.RaftServerConfigKeys (ConfUtils.java:logGet(43)) - raft.server.notification.no-leader.timeout = 120s (custom)
2019-09-25 05:52:34,734 [pool-37-thread-1] INFO  server.RaftServerConfigKeys (ConfUtils.java:logGet(43)) - raft.server.log.use.memory = false (default)
2019-09-25 05:52:34,734 [pool-37-thread-1] INFO  server.RaftServerConfigKeys (ConfUtils.java:logGet(43)) - raft.server.log.purge.gap = 1000000 (custom)
2019-09-25 05:52:34,734 [pool-37-thread-1] INFO  server.RaftServerConfigKeys (ConfUtils.java:logGet(43)) - raft.server.log.appender.buffer.byte-limit = 33554432 (custom)
2019-09-25 05:52:34,734 [pool-37-thread-1] INFO  server.RaftServerConfigKeys (ConfUtils.java:logGet(43)) - raft.server.log.segment.size.max = 1048576 (custom)
2019-09-25 05:52:34,734 [pool-37-thread-1] INFO  server.RaftServerConfigKeys (ConfUtils.java:logGet(43)) - raft.server.log.segment.cache.num.max = 2 (custom)
2019-09-25 05:52:34,734 [pool-37-thread-1] INFO  segmented.SegmentedRaftLogWorker (SegmentedRaftLogWorker.java:<init>(172)) - new 5be219b2-97fd-4a8c-91ea-b15aa89454d4@group-7AA31BD13724-SegmentedRaftLogWorker for RaftStorage:Storage Directory /workdir/hadoop-ozone/integration-test/target/test-dir/MiniOzoneClusterImpl-5fae48a0-8517-4c16-9d39-4001697b8772/datanode-1/data/ratis/5fd755a5-f2fe-4cfa-a6b5-7aa31bd13724
2019-09-25 05:52:34,734 [pool-37-thread-1] INFO  server.RaftServerConfigKeys (ConfUtils.java:logGet(43)) - raft.server.log.queue.byte-limit = 2147483647 (custom)
2019-09-25 05:52:34,734 [pool-37-thread-1] INFO  server.RaftServerConfigKeys (ConfUtils.java:logGet(43)) - raft.server.log.queue.element-limit = 1024 (custom)
2019-09-25 05:52:34,734 [pool-37-thread-1] INFO  server.RaftServerConfigKeys (ConfUtils.java:logGet(43)) - raft.server.log.segment.size.max = 1048576 (custom)
2019-09-25 05:52:34,735 [pool-37-thread-1] INFO  server.RaftServerConfigKeys (ConfUtils.java:logGet(43)) - raft.server.log.preallocated.size = 16384 (custom)
2019-09-25 05:52:34,735 [pool-37-thread-1] INFO  server.RaftServerConfigKeys (ConfUtils.java:logGet(43)) - raft.server.log.write.buffer.size = 33554432 (custom)
2019-09-25 05:52:34,735 [pool-37-thread-1] INFO  server.RaftServerConfigKeys (ConfUtils.java:logGet(43)) - raft.server.log.force.sync.num = 128 (default)
2019-09-25 05:52:34,735 [pool-37-thread-1] INFO  server.RaftServerConfigKeys (ConfUtils.java:logGet(43)) - raft.server.log.statemachine.data.sync = true (default)
2019-09-25 05:52:34,735 [pool-37-thread-1] INFO  server.RaftServerConfigKeys (ConfUtils.java:logGet(43)) - raft.server.log.statemachine.data.sync.timeout = 10s (default)
2019-09-25 05:52:34,735 [pool-37-thread-1] INFO  server.RaftServerConfigKeys (ConfUtils.java:logGet(43)) - raft.server.log.statemachine.data.sync.timeout.retry = -1 (default)
2019-09-25 05:52:34,735 [pool-37-thread-1] INFO  server.RaftServerConfigKeys (ConfUtils.java:logGet(43)) - raft.server.log.statemachine.data.caching.enabled = true (custom)
2019-09-25 05:52:34,735 [pool-37-thread-1] INFO  segmented.SegmentedRaftLogWorker (SegmentedRaftLogWorker.java:lambda$new$0(132)) - 5be219b2-97fd-4a8c-91ea-b15aa89454d4@group-7AA31BD13724-SegmentedRaftLogWorker: flushIndex: setUnconditionally 0 -> -1
2019-09-25 05:52:34,735 [pool-37-thread-1] INFO  server.RaftServerConfigKeys (ConfUtils.java:logGet(43)) - raft.server.snapshot.auto.trigger.enabled = true (custom)
2019-09-25 05:52:34,736 [pool-37-thread-1] INFO  server.RaftServerConfigKeys (ConfUtils.java:logGet(43)) - raft.server.snapshot.auto.trigger.threshold = 10000 (custom)
2019-09-25 05:52:34,736 [pool-37-thread-1] INFO  server.RaftServerConfigKeys (ConfUtils.java:logGet(43)) - raft.server.snapshot.retention.num.files = 5 (custom)
2019-09-25 05:52:34,736 [pool-37-thread-1] INFO  server.RaftServerConfigKeys (ConfUtils.java:logGet(43)) - raft.server.retrycache.expirytime = 600000ms (custom)
2019-09-25 05:52:34,737 [pool-37-thread-1] INFO  impl.RaftServerImpl (RaftServerImpl.java:start(185)) - 5be219b2-97fd-4a8c-91ea-b15aa89454d4@group-7AA31BD13724: start as a follower, conf=-1: [5be219b2-97fd-4a8c-91ea-b15aa89454d4:192.168.30.10:40625], old=null
2019-09-25 05:52:34,737 [pool-37-thread-1] INFO  impl.RaftServerImpl (RaftServerImpl.java:setRole(174)) - 5be219b2-97fd-4a8c-91ea-b15aa89454d4@group-7AA31BD13724: changes role from      null to FOLLOWER at term 0 for startAsFollower
2019-09-25 05:52:34,737 [pool-37-thread-1] INFO  impl.RoleInfo (RoleInfo.java:updateAndGet(143)) - 5be219b2-97fd-4a8c-91ea-b15aa89454d4: start FollowerState
2019-09-25 05:52:34,737 [pool-37-thread-1] INFO  util.JmxRegister (JmxRegister.java:tryRegister(44)) - Successfully registered JMX Bean with object name Ratis:service=RaftServer,group=group-7AA31BD13724,id=5be219b2-97fd-4a8c-91ea-b15aa89454d4
2019-09-25 05:52:34,739 [RatisPipelineUtilsThread] INFO  pipeline.PipelineStateManager (PipelineStateManager.java:addPipeline(56)) - Created pipeline Pipeline[ Id: 5fd755a5-f2fe-4cfa-a6b5-7aa31bd13724, Nodes: 5be219b2-97fd-4a8c-91ea-b15aa89454d4{ip: 192.168.30.10, host: pr-hdds-1569-s62bp-3040748787, networkLocation: /default-rack, certSerialId: null}, Type:RATIS, Factor:ONE, State:OPEN]
2019-09-25 05:52:34,742 [grpc-default-executor-0] INFO  impl.RaftServerProxy (RaftServerProxy.java:addNew(89)) - 5be219b2-97fd-4a8c-91ea-b15aa89454d4: addNew group-0ACA082B0ECF:[5be219b2-97fd-4a8c-91ea-b15aa89454d4:192.168.30.10:40625] returns group-0ACA082B0ECF:java.util.concurrent.CompletableFuture@72dd8534[Not completed]
2019-09-25 05:52:34,743 [pool-37-thread-1] INFO  impl.RaftServerImpl (RaftServerImpl.java:<init>(95)) - 5be219b2-97fd-4a8c-91ea-b15aa89454d4: new RaftServerImpl for group-0ACA082B0ECF:[5be219b2-97fd-4a8c-91ea-b15aa89454d4:192.168.30.10:40625] with ContainerStateMachine:uninitialized
2019-09-25 05:52:34,743 [pool-37-thread-1] INFO  server.RaftServerConfigKeys (ConfUtils.java:logGet(43)) - raft.server.rpc.timeout.min = 5s (custom)
2019-09-25 05:52:34,743 [pool-37-thread-1] INFO  server.RaftServerConfigKeys (ConfUtils.java:logGet(43)) - raft.server.rpc.timeout.max = 5200ms (custom)
2019-09-25 05:52:34,743 [pool-37-thread-1] INFO  server.RaftServerConfigKeys (ConfUtils.java:logGet(43)) - raft.server.rpcslowness.timeout = 120s (custom)
2019-09-25 05:52:34,743 [pool-37-thread-1] INFO  server.RaftServerConfigKeys (ConfUtils.java:logGet(43)) - raft.server.sleep.deviation.threshold = 300 (default)
2019-09-25 05:52:34,743 [pool-37-thread-1] INFO  server.RaftServerConfigKeys (ConfUtils.java:logGet(43)) - raft.server.log.appender.install.snapshot.enabled = false (custom)
2019-09-25 05:52:34,743 [pool-37-thread-1] INFO  impl.RaftServerImpl (ServerState.java:<init>(103)) - 5be219b2-97fd-4a8c-91ea-b15aa89454d4@group-0ACA082B0ECF: ConfigurationManager, init=-1: [5be219b2-97fd-4a8c-91ea-b15aa89454d4:192.168.30.10:40625], old=null, confs=<EMPTY_MAP>
2019-09-25 05:52:34,744 [pool-37-thread-1] INFO  server.RaftServerConfigKeys (ConfUtils.java:logGet(43)) - raft.server.storage.dir = [/workdir/hadoop-ozone/integration-test/target/test-dir/MiniOzoneClusterImpl-5fae48a0-8517-4c16-9d39-4001697b8772/datanode-1/data/ratis] (custom)
2019-09-25 05:52:34,744 [pool-37-thread-1] INFO  storage.RaftStorageDirectory (RaftStorageDirectory.java:analyzeStorage(246)) - The storage directory /workdir/hadoop-ozone/integration-test/target/test-dir/MiniOzoneClusterImpl-5fae48a0-8517-4c16-9d39-4001697b8772/datanode-1/data/ratis/a5640015-b873-4c13-a8de-0aca082b0ecf does not exist. Creating ...
2019-09-25 05:52:34,762 [Thread-334] INFO  impl.FollowerState (FollowerState.java:run(106)) - 0bbc1277-be6f-4bf3-88cf-1c3b12e139ad:group-5D990EFA0EF6 changes to CANDIDATE, lastRpcTime:5121, electionTimeout:5121ms
2019-09-25 05:52:34,762 [Thread-334] INFO  impl.RoleInfo (RoleInfo.java:shutdownFollowerState(121)) - 0bbc1277-be6f-4bf3-88cf-1c3b12e139ad: shutdown FollowerState
2019-09-25 05:52:34,762 [Thread-334] INFO  impl.RaftServerImpl (RaftServerImpl.java:setRole(174)) - 0bbc1277-be6f-4bf3-88cf-1c3b12e139ad@group-5D990EFA0EF6: changes role from  FOLLOWER to CANDIDATE at term 0 for changeToCandidate
2019-09-25 05:52:34,762 [Thread-334] INFO  impl.RoleInfo (RoleInfo.java:updateAndGet(143)) - 0bbc1277-be6f-4bf3-88cf-1c3b12e139ad: start LeaderElection
2019-09-25 05:52:34,767 [pool-37-thread-1] INFO  storage.RaftStorageDirectory (RaftStorageDirectory.java:tryLock(328)) - Lock on /workdir/hadoop-ozone/integration-test/target/test-dir/MiniOzoneClusterImpl-5fae48a0-8517-4c16-9d39-4001697b8772/datanode-1/data/ratis/a5640015-b873-4c13-a8de-0aca082b0ecf/in_use.lock acquired by nodename 25594@pr-hdds-1569-s62bp-3040748787
2019-09-25 05:52:34,767 [754f3588-47e6-41ad-b34e-eb7041cce070@group-E562DD96F965-SegmentedRaftLogWorker] INFO  segmented.SegmentedRaftLogWorker (SegmentedRaftLogWorker.java:execute(569)) - 754f3588-47e6-41ad-b34e-eb7041cce070@group-E562DD96F965-SegmentedRaftLogWorker: created new log segment /workdir/hadoop-ozone/integration-test/target/test-dir/MiniOzoneClusterImpl-5fae48a0-8517-4c16-9d39-4001697b8772/datanode-2/data/ratis/5e0413cf-2e4d-4c52-a81a-e562dd96f965/current/log_inprogress_0
2019-09-25 05:52:34,779 [0bbc1277-be6f-4bf3-88cf-1c3b12e139ad@group-5D990EFA0EF6:LeaderElection52] INFO  impl.LeaderElection (LeaderElection.java:askForVotes(182)) - 0bbc1277-be6f-4bf3-88cf-1c3b12e139ad@group-5D990EFA0EF6:LeaderElection52: begin an election at term 1 for -1: [0bbc1277-be6f-4bf3-88cf-1c3b12e139ad:192.168.30.10:46701], old=null
2019-09-25 05:52:34,780 [0bbc1277-be6f-4bf3-88cf-1c3b12e139ad@group-5D990EFA0EF6:LeaderElection52] INFO  impl.RoleInfo (RoleInfo.java:shutdownLeaderElection(134)) - 0bbc1277-be6f-4bf3-88cf-1c3b12e139ad: shutdown LeaderElection
2019-09-25 05:52:34,780 [0bbc1277-be6f-4bf3-88cf-1c3b12e139ad@group-5D990EFA0EF6:LeaderElection52] INFO  impl.RaftServerImpl (RaftServerImpl.java:setRole(174)) - 0bbc1277-be6f-4bf3-88cf-1c3b12e139ad@group-5D990EFA0EF6: changes role from CANDIDATE to LEADER at term 1 for changeToLeader
2019-09-25 05:52:34,780 [0bbc1277-be6f-4bf3-88cf-1c3b12e139ad@group-5D990EFA0EF6:LeaderElection52] INFO  impl.RaftServerImpl (ServerState.java:setLeader(253)) - 0bbc1277-be6f-4bf3-88cf-1c3b12e139ad@group-5D990EFA0EF6: change Leader from null to 0bbc1277-be6f-4bf3-88cf-1c3b12e139ad at term 1 for becomeLeader, leader elected after 5145ms
2019-09-25 05:52:34,780 [0bbc1277-be6f-4bf3-88cf-1c3b12e139ad@group-5D990EFA0EF6:LeaderElection52] INFO  server.RaftServerConfigKeys (ConfUtils.java:logGet(43)) - raft.server.staging.catchup.gap = 1000 (default)
2019-09-25 05:52:34,780 [0bbc1277-be6f-4bf3-88cf-1c3b12e139ad@group-5D990EFA0EF6:LeaderElection52] INFO  server.RaftServerConfigKeys (ConfUtils.java:logGet(43)) - raft.server.rpc.sleep.time = 25ms (default)
2019-09-25 05:52:34,780 [pool-37-thread-1] INFO  storage.RaftStorage (RaftStorage.java:format(72)) - Storage directory /workdir/hadoop-ozone/integration-test/target/test-dir/MiniOzoneClusterImpl-5fae48a0-8517-4c16-9d39-4001697b8772/datanode-1/data/ratis/a5640015-b873-4c13-a8de-0aca082b0ecf has been successfully formatted.
2019-09-25 05:52:34,780 [0bbc1277-be6f-4bf3-88cf-1c3b12e139ad@group-5D990EFA0EF6:LeaderElection52] INFO  server.RaftServerConfigKeys (ConfUtils.java:logGet(43)) - raft.server.write.element-limit = 4096 (default)
2019-09-25 05:52:34,780 [0bbc1277-be6f-4bf3-88cf-1c3b12e139ad@group-5D990EFA0EF6:LeaderElection52] INFO  server.RaftServerConfigKeys (ConfUtils.java:logGet(43)) - raft.server.watch.timeout = 10s (default)
2019-09-25 05:52:34,780 [pool-37-thread-1] INFO  ratis.ContainerStateMachine (ContainerStateMachine.java:loadSnapshot(230)) - group-0ACA082B0ECF: The snapshot info is null. Setting the last applied indexto:(t:0, i:~)
2019-09-25 05:52:34,780 [0bbc1277-be6f-4bf3-88cf-1c3b12e139ad@group-5D990EFA0EF6:LeaderElection52] INFO  server.RaftServerConfigKeys (ConfUtils.java:logGet(43)) - raft.server.watch.timeout.denomination = 1s (default)
2019-09-25 05:52:34,781 [pool-37-thread-1] INFO  server.RaftServerConfigKeys (ConfUtils.java:logGet(43)) - raft.server.notification.no-leader.timeout = 120s (custom)
2019-09-25 05:52:34,781 [0bbc1277-be6f-4bf3-88cf-1c3b12e139ad@group-5D990EFA0EF6:LeaderElection52] INFO  server.RaftServerConfigKeys (ConfUtils.java:logGet(43)) - raft.server.watch.element-limit = 65536 (default)
2019-09-25 05:52:34,781 [pool-37-thread-1] INFO  server.RaftServerConfigKeys (ConfUtils.java:logGet(43)) - raft.server.log.use.memory = false (default)
2019-09-25 05:52:34,781 [pool-37-thread-1] INFO  server.RaftServerConfigKeys (ConfUtils.java:logGet(43)) - raft.server.log.purge.gap = 1000000 (custom)
2019-09-25 05:52:34,781 [pool-37-thread-1] INFO  server.RaftServerConfigKeys (ConfUtils.java:logGet(43)) - raft.server.log.appender.buffer.byte-limit = 33554432 (custom)
2019-09-25 05:52:34,782 [pool-37-thread-1] INFO  server.RaftServerConfigKeys (ConfUtils.java:logGet(43)) - raft.server.log.segment.size.max = 1048576 (custom)
2019-09-25 05:52:34,782 [pool-37-thread-1] INFO  server.RaftServerConfigKeys (ConfUtils.java:logGet(43)) - raft.server.log.segment.cache.num.max = 2 (custom)
2019-09-25 05:52:34,782 [pool-37-thread-1] INFO  segmented.SegmentedRaftLogWorker (SegmentedRaftLogWorker.java:<init>(172)) - new 5be219b2-97fd-4a8c-91ea-b15aa89454d4@group-0ACA082B0ECF-SegmentedRaftLogWorker for RaftStorage:Storage Directory /workdir/hadoop-ozone/integration-test/target/test-dir/MiniOzoneClusterImpl-5fae48a0-8517-4c16-9d39-4001697b8772/datanode-1/data/ratis/a5640015-b873-4c13-a8de-0aca082b0ecf
2019-09-25 05:52:34,782 [pool-37-thread-1] INFO  server.RaftServerConfigKeys (ConfUtils.java:logGet(43)) - raft.server.log.queue.byte-limit = 2147483647 (custom)
2019-09-25 05:52:34,782 [pool-37-thread-1] INFO  server.RaftServerConfigKeys (ConfUtils.java:logGet(43)) - raft.server.log.queue.element-limit = 1024 (custom)
2019-09-25 05:52:34,782 [pool-37-thread-1] INFO  server.RaftServerConfigKeys (ConfUtils.java:logGet(43)) - raft.server.log.segment.size.max = 1048576 (custom)
2019-09-25 05:52:34,782 [pool-37-thread-1] INFO  server.RaftServerConfigKeys (ConfUtils.java:logGet(43)) - raft.server.log.preallocated.size = 16384 (custom)
2019-09-25 05:52:34,782 [pool-37-thread-1] INFO  server.RaftServerConfigKeys (ConfUtils.java:logGet(43)) - raft.server.log.write.buffer.size = 33554432 (custom)
2019-09-25 05:52:34,782 [pool-37-thread-1] INFO  server.RaftServerConfigKeys (ConfUtils.java:logGet(43)) - raft.server.log.force.sync.num = 128 (default)
2019-09-25 05:52:34,783 [pool-37-thread-1] INFO  server.RaftServerConfigKeys (ConfUtils.java:logGet(43)) - raft.server.log.statemachine.data.sync = true (default)
2019-09-25 05:52:34,783 [0bbc1277-be6f-4bf3-88cf-1c3b12e139ad@group-5D990EFA0EF6:LeaderElection52] INFO  impl.RoleInfo (RoleInfo.java:updateAndGet(143)) - 0bbc1277-be6f-4bf3-88cf-1c3b12e139ad: start LeaderState
2019-09-25 05:52:34,783 [pool-37-thread-1] INFO  server.RaftServerConfigKeys (ConfUtils.java:logGet(43)) - raft.server.log.statemachine.data.sync.timeout = 10s (default)
2019-09-25 05:52:34,783 [0bbc1277-be6f-4bf3-88cf-1c3b12e139ad@group-5D990EFA0EF6:LeaderElection52] INFO  segmented.SegmentedRaftLogWorker (SegmentedRaftLogWorker.java:startLogSegment(380)) - 0bbc1277-be6f-4bf3-88cf-1c3b12e139ad@group-5D990EFA0EF6-SegmentedRaftLogWorker: Starting segment from index:0
2019-09-25 05:52:34,783 [pool-37-thread-1] INFO  server.RaftServerConfigKeys (ConfUtils.java:logGet(43)) - raft.server.log.statemachine.data.sync.timeout.retry = -1 (default)
2019-09-25 05:52:34,783 [pool-37-thread-1] INFO  server.RaftServerConfigKeys (ConfUtils.java:logGet(43)) - raft.server.log.statemachine.data.caching.enabled = true (custom)
2019-09-25 05:52:34,783 [0bbc1277-be6f-4bf3-88cf-1c3b12e139ad@group-5D990EFA0EF6:LeaderElection52] INFO  impl.RaftServerImpl (ServerState.java:setRaftConf(354)) - 0bbc1277-be6f-4bf3-88cf-1c3b12e139ad@group-5D990EFA0EF6: set configuration 0: [0bbc1277-be6f-4bf3-88cf-1c3b12e139ad:192.168.30.10:46701], old=null at 0
2019-09-25 05:52:34,784 [pool-37-thread-1] INFO  segmented.SegmentedRaftLogWorker (SegmentedRaftLogWorker.java:lambda$new$0(132)) - 5be219b2-97fd-4a8c-91ea-b15aa89454d4@group-0ACA082B0ECF-SegmentedRaftLogWorker: flushIndex: setUnconditionally 0 -> -1
2019-09-25 05:52:34,784 [pool-37-thread-1] INFO  server.RaftServerConfigKeys (ConfUtils.java:logGet(43)) - raft.server.snapshot.auto.trigger.enabled = true (custom)
2019-09-25 05:52:34,784 [pool-37-thread-1] INFO  server.RaftServerConfigKeys (ConfUtils.java:logGet(43)) - raft.server.snapshot.auto.trigger.threshold = 10000 (custom)
2019-09-25 05:52:34,784 [pool-37-thread-1] INFO  server.RaftServerConfigKeys (ConfUtils.java:logGet(43)) - raft.server.snapshot.retention.num.files = 5 (custom)
2019-09-25 05:52:34,785 [pool-37-thread-1] INFO  server.RaftServerConfigKeys (ConfUtils.java:logGet(43)) - raft.server.retrycache.expirytime = 600000ms (custom)
2019-09-25 05:52:34,787 [pool-37-thread-1] INFO  impl.RaftServerImpl (RaftServerImpl.java:start(185)) - 5be219b2-97fd-4a8c-91ea-b15aa89454d4@group-0ACA082B0ECF: start as a follower, conf=-1: [5be219b2-97fd-4a8c-91ea-b15aa89454d4:192.168.30.10:40625], old=null
2019-09-25 05:52:34,787 [pool-37-thread-1] INFO  impl.RaftServerImpl (RaftServerImpl.java:setRole(174)) - 5be219b2-97fd-4a8c-91ea-b15aa89454d4@group-0ACA082B0ECF: changes role from      null to FOLLOWER at term 0 for startAsFollower
2019-09-25 05:52:34,787 [pool-37-thread-1] INFO  impl.RoleInfo (RoleInfo.java:updateAndGet(143)) - 5be219b2-97fd-4a8c-91ea-b15aa89454d4: start FollowerState
2019-09-25 05:52:34,788 [pool-37-thread-1] INFO  util.JmxRegister (JmxRegister.java:tryRegister(44)) - Successfully registered JMX Bean with object name Ratis:service=RaftServer,group=group-0ACA082B0ECF,id=5be219b2-97fd-4a8c-91ea-b15aa89454d4
2019-09-25 05:52:34,790 [RatisPipelineUtilsThread] INFO  pipeline.PipelineStateManager (PipelineStateManager.java:addPipeline(56)) - Created pipeline Pipeline[ Id: a5640015-b873-4c13-a8de-0aca082b0ecf, Nodes: 5be219b2-97fd-4a8c-91ea-b15aa89454d4{ip: 192.168.30.10, host: pr-hdds-1569-s62bp-3040748787, networkLocation: /default-rack, certSerialId: null}, Type:RATIS, Factor:ONE, State:OPEN]
2019-09-25 05:52:34,793 [Thread-343] INFO  impl.FollowerState (FollowerState.java:run(106)) - 0bbc1277-be6f-4bf3-88cf-1c3b12e139ad:group-EAFFD2989790 changes to CANDIDATE, lastRpcTime:5018, electionTimeout:5018ms
2019-09-25 05:52:34,793 [Thread-343] INFO  impl.RoleInfo (RoleInfo.java:shutdownFollowerState(121)) - 0bbc1277-be6f-4bf3-88cf-1c3b12e139ad: shutdown FollowerState
2019-09-25 05:52:34,793 [Thread-343] INFO  impl.RaftServerImpl (RaftServerImpl.java:setRole(174)) - 0bbc1277-be6f-4bf3-88cf-1c3b12e139ad@group-EAFFD2989790: changes role from  FOLLOWER to CANDIDATE at term 0 for changeToCandidate
2019-09-25 05:52:34,793 [Thread-343] INFO  impl.RoleInfo (RoleInfo.java:updateAndGet(143)) - 0bbc1277-be6f-4bf3-88cf-1c3b12e139ad: start LeaderElection
2019-09-25 05:52:34,795 [grpc-default-executor-0] INFO  impl.RaftServerProxy (RaftServerProxy.java:addNew(89)) - 5be219b2-97fd-4a8c-91ea-b15aa89454d4: addNew group-675F701FE51E:[5be219b2-97fd-4a8c-91ea-b15aa89454d4:192.168.30.10:40625] returns group-675F701FE51E:java.util.concurrent.CompletableFuture@32859cf7[Not completed]
2019-09-25 05:52:34,796 [pool-37-thread-1] INFO  impl.RaftServerImpl (RaftServerImpl.java:<init>(95)) - 5be219b2-97fd-4a8c-91ea-b15aa89454d4: new RaftServerImpl for group-675F701FE51E:[5be219b2-97fd-4a8c-91ea-b15aa89454d4:192.168.30.10:40625] with ContainerStateMachine:uninitialized
2019-09-25 05:52:34,796 [pool-37-thread-1] INFO  server.RaftServerConfigKeys (ConfUtils.java:logGet(43)) - raft.server.rpc.timeout.min = 5s (custom)
2019-09-25 05:52:34,796 [pool-37-thread-1] INFO  server.RaftServerConfigKeys (ConfUtils.java:logGet(43)) - raft.server.rpc.timeout.max = 5200ms (custom)
2019-09-25 05:52:34,796 [pool-37-thread-1] INFO  server.RaftServerConfigKeys (ConfUtils.java:logGet(43)) - raft.server.rpcslowness.timeout = 120s (custom)
2019-09-25 05:52:34,796 [pool-37-thread-1] INFO  server.RaftServerConfigKeys (ConfUtils.java:logGet(43)) - raft.server.sleep.deviation.threshold = 300 (default)
2019-09-25 05:52:34,796 [pool-37-thread-1] INFO  server.RaftServerConfigKeys (ConfUtils.java:logGet(43)) - raft.server.log.appender.install.snapshot.enabled = false (custom)
2019-09-25 05:52:34,796 [pool-37-thread-1] INFO  impl.RaftServerImpl (ServerState.java:<init>(103)) - 5be219b2-97fd-4a8c-91ea-b15aa89454d4@group-675F701FE51E: ConfigurationManager, init=-1: [5be219b2-97fd-4a8c-91ea-b15aa89454d4:192.168.30.10:40625], old=null, confs=<EMPTY_MAP>
2019-09-25 05:52:34,796 [pool-37-thread-1] INFO  server.RaftServerConfigKeys (ConfUtils.java:logGet(43)) - raft.server.storage.dir = [/workdir/hadoop-ozone/integration-test/target/test-dir/MiniOzoneClusterImpl-5fae48a0-8517-4c16-9d39-4001697b8772/datanode-1/data/ratis] (custom)
2019-09-25 05:52:34,797 [pool-37-thread-1] INFO  storage.RaftStorageDirectory (RaftStorageDirectory.java:analyzeStorage(246)) - The storage directory /workdir/hadoop-ozone/integration-test/target/test-dir/MiniOzoneClusterImpl-5fae48a0-8517-4c16-9d39-4001697b8772/datanode-1/data/ratis/178010d1-c3dd-44e0-a514-675f701fe51e does not exist. Creating ...
2019-09-25 05:52:34,800 [Thread-340] INFO  impl.FollowerState (FollowerState.java:run(106)) - 5be219b2-97fd-4a8c-91ea-b15aa89454d4:group-F20A76B892B0 changes to CANDIDATE, lastRpcTime:5073, electionTimeout:5073ms
2019-09-25 05:52:34,800 [Thread-340] INFO  impl.RoleInfo (RoleInfo.java:shutdownFollowerState(121)) - 5be219b2-97fd-4a8c-91ea-b15aa89454d4: shutdown FollowerState
2019-09-25 05:52:34,800 [Thread-340] INFO  impl.RaftServerImpl (RaftServerImpl.java:setRole(174)) - 5be219b2-97fd-4a8c-91ea-b15aa89454d4@group-F20A76B892B0: changes role from  FOLLOWER to CANDIDATE at term 0 for changeToCandidate
2019-09-25 05:52:34,801 [Thread-340] INFO  impl.RoleInfo (RoleInfo.java:updateAndGet(143)) - 5be219b2-97fd-4a8c-91ea-b15aa89454d4: start LeaderElection
2019-09-25 05:52:34,807 [pool-37-thread-1] INFO  storage.RaftStorageDirectory (RaftStorageDirectory.java:tryLock(328)) - Lock on /workdir/hadoop-ozone/integration-test/target/test-dir/MiniOzoneClusterImpl-5fae48a0-8517-4c16-9d39-4001697b8772/datanode-1/data/ratis/178010d1-c3dd-44e0-a514-675f701fe51e/in_use.lock acquired by nodename 25594@pr-hdds-1569-s62bp-3040748787
2019-09-25 05:52:34,807 [5be219b2-97fd-4a8c-91ea-b15aa89454d4@group-F20A76B892B0:LeaderElection54] INFO  impl.LeaderElection (LeaderElection.java:askForVotes(182)) - 5be219b2-97fd-4a8c-91ea-b15aa89454d4@group-F20A76B892B0:LeaderElection54: begin an election at term 1 for -1: [5be219b2-97fd-4a8c-91ea-b15aa89454d4:192.168.30.10:40625], old=null
2019-09-25 05:52:34,807 [0bbc1277-be6f-4bf3-88cf-1c3b12e139ad@group-EAFFD2989790:LeaderElection53] INFO  impl.LeaderElection (LeaderElection.java:askForVotes(182)) - 0bbc1277-be6f-4bf3-88cf-1c3b12e139ad@group-EAFFD2989790:LeaderElection53: begin an election at term 1 for -1: [0bbc1277-be6f-4bf3-88cf-1c3b12e139ad:192.168.30.10:46701], old=null
2019-09-25 05:52:34,808 [5be219b2-97fd-4a8c-91ea-b15aa89454d4@group-F20A76B892B0:LeaderElection54] INFO  impl.RoleInfo (RoleInfo.java:shutdownLeaderElection(134)) - 5be219b2-97fd-4a8c-91ea-b15aa89454d4: shutdown LeaderElection
2019-09-25 05:52:34,808 [0bbc1277-be6f-4bf3-88cf-1c3b12e139ad@group-EAFFD2989790:LeaderElection53] INFO  impl.RoleInfo (RoleInfo.java:shutdownLeaderElection(134)) - 0bbc1277-be6f-4bf3-88cf-1c3b12e139ad: shutdown LeaderElection
2019-09-25 05:52:34,808 [5be219b2-97fd-4a8c-91ea-b15aa89454d4@group-F20A76B892B0:LeaderElection54] INFO  impl.RaftServerImpl (RaftServerImpl.java:setRole(174)) - 5be219b2-97fd-4a8c-91ea-b15aa89454d4@group-F20A76B892B0: changes role from CANDIDATE to LEADER at term 1 for changeToLeader
2019-09-25 05:52:34,808 [0bbc1277-be6f-4bf3-88cf-1c3b12e139ad@group-EAFFD2989790:LeaderElection53] INFO  impl.RaftServerImpl (RaftServerImpl.java:setRole(174)) - 0bbc1277-be6f-4bf3-88cf-1c3b12e139ad@group-EAFFD2989790: changes role from CANDIDATE to LEADER at term 1 for changeToLeader
2019-09-25 05:52:34,808 [5be219b2-97fd-4a8c-91ea-b15aa89454d4@group-F20A76B892B0:LeaderElection54] INFO  impl.RaftServerImpl (ServerState.java:setLeader(253)) - 5be219b2-97fd-4a8c-91ea-b15aa89454d4@group-F20A76B892B0: change Leader from null to 5be219b2-97fd-4a8c-91ea-b15aa89454d4 at term 1 for becomeLeader, leader elected after 5087ms
2019-09-25 05:52:34,808 [0bbc1277-be6f-4bf3-88cf-1c3b12e139ad@group-EAFFD2989790:LeaderElection53] INFO  impl.RaftServerImpl (ServerState.java:setLeader(253)) - 0bbc1277-be6f-4bf3-88cf-1c3b12e139ad@group-EAFFD2989790: change Leader from null to 0bbc1277-be6f-4bf3-88cf-1c3b12e139ad at term 1 for becomeLeader, leader elected after 5041ms
2019-09-25 05:52:34,808 [5be219b2-97fd-4a8c-91ea-b15aa89454d4@group-F20A76B892B0:LeaderElection54] INFO  server.RaftServerConfigKeys (ConfUtils.java:logGet(43)) - raft.server.staging.catchup.gap = 1000 (default)
2019-09-25 05:52:34,808 [0bbc1277-be6f-4bf3-88cf-1c3b12e139ad@group-EAFFD2989790:LeaderElection53] INFO  server.RaftServerConfigKeys (ConfUtils.java:logGet(43)) - raft.server.staging.catchup.gap = 1000 (default)
2019-09-25 05:52:34,808 [5be219b2-97fd-4a8c-91ea-b15aa89454d4@group-F20A76B892B0:LeaderElection54] INFO  server.RaftServerConfigKeys (ConfUtils.java:logGet(43)) - raft.server.rpc.sleep.time = 25ms (default)
2019-09-25 05:52:34,808 [0bbc1277-be6f-4bf3-88cf-1c3b12e139ad@group-EAFFD2989790:LeaderElection53] INFO  server.RaftServerConfigKeys (ConfUtils.java:logGet(43)) - raft.server.rpc.sleep.time = 25ms (default)
2019-09-25 05:52:34,809 [5be219b2-97fd-4a8c-91ea-b15aa89454d4@group-F20A76B892B0:LeaderElection54] INFO  server.RaftServerConfigKeys (ConfUtils.java:logGet(43)) - raft.server.write.element-limit = 4096 (default)
2019-09-25 05:52:34,809 [0bbc1277-be6f-4bf3-88cf-1c3b12e139ad@group-EAFFD2989790:LeaderElection53] INFO  server.RaftServerConfigKeys (ConfUtils.java:logGet(43)) - raft.server.write.element-limit = 4096 (default)
2019-09-25 05:52:34,809 [5be219b2-97fd-4a8c-91ea-b15aa89454d4@group-F20A76B892B0:LeaderElection54] INFO  server.RaftServerConfigKeys (ConfUtils.java:logGet(43)) - raft.server.watch.timeout = 10s (default)
2019-09-25 05:52:34,809 [0bbc1277-be6f-4bf3-88cf-1c3b12e139ad@group-EAFFD2989790:LeaderElection53] INFO  server.RaftServerConfigKeys (ConfUtils.java:logGet(43)) - raft.server.watch.timeout = 10s (default)
2019-09-25 05:52:34,809 [5be219b2-97fd-4a8c-91ea-b15aa89454d4@group-F20A76B892B0:LeaderElection54] INFO  server.RaftServerConfigKeys (ConfUtils.java:logGet(43)) - raft.server.watch.timeout.denomination = 1s (default)
2019-09-25 05:52:34,809 [0bbc1277-be6f-4bf3-88cf-1c3b12e139ad@group-EAFFD2989790:LeaderElection53] INFO  server.RaftServerConfigKeys (ConfUtils.java:logGet(43)) - raft.server.watch.timeout.denomination = 1s (default)
2019-09-25 05:52:34,809 [5be219b2-97fd-4a8c-91ea-b15aa89454d4@group-F20A76B892B0:LeaderElection54] INFO  server.RaftServerConfigKeys (ConfUtils.java:logGet(43)) - raft.server.watch.element-limit = 65536 (default)
2019-09-25 05:52:34,809 [0bbc1277-be6f-4bf3-88cf-1c3b12e139ad@group-EAFFD2989790:LeaderElection53] INFO  server.RaftServerConfigKeys (ConfUtils.java:logGet(43)) - raft.server.watch.element-limit = 65536 (default)
2019-09-25 05:52:34,821 [0bbc1277-be6f-4bf3-88cf-1c3b12e139ad@group-5D990EFA0EF6-SegmentedRaftLogWorker] INFO  segmented.SegmentedRaftLogWorker (SegmentedRaftLogWorker.java:execute(569)) - 0bbc1277-be6f-4bf3-88cf-1c3b12e139ad@group-5D990EFA0EF6-SegmentedRaftLogWorker: created new log segment /workdir/hadoop-ozone/integration-test/target/test-dir/MiniOzoneClusterImpl-5fae48a0-8517-4c16-9d39-4001697b8772/datanode-0/data/ratis/fcb26b9a-c88f-4dfd-8620-5d990efa0ef6/current/log_inprogress_0
2019-09-25 05:52:34,821 [pool-37-thread-1] INFO  storage.RaftStorage (RaftStorage.java:format(72)) - Storage directory /workdir/hadoop-ozone/integration-test/target/test-dir/MiniOzoneClusterImpl-5fae48a0-8517-4c16-9d39-4001697b8772/datanode-1/data/ratis/178010d1-c3dd-44e0-a514-675f701fe51e has been successfully formatted.
2019-09-25 05:52:34,822 [pool-37-thread-1] INFO  ratis.ContainerStateMachine (ContainerStateMachine.java:loadSnapshot(230)) - group-675F701FE51E: The snapshot info is null. Setting the last applied indexto:(t:0, i:~)
2019-09-25 05:52:34,822 [pool-37-thread-1] INFO  server.RaftServerConfigKeys (ConfUtils.java:logGet(43)) - raft.server.notification.no-leader.timeout = 120s (custom)
2019-09-25 05:52:34,822 [pool-37-thread-1] INFO  server.RaftServerConfigKeys (ConfUtils.java:logGet(43)) - raft.server.log.use.memory = false (default)
2019-09-25 05:52:34,822 [pool-37-thread-1] INFO  server.RaftServerConfigKeys (ConfUtils.java:logGet(43)) - raft.server.log.purge.gap = 1000000 (custom)
2019-09-25 05:52:34,822 [pool-37-thread-1] INFO  server.RaftServerConfigKeys (ConfUtils.java:logGet(43)) - raft.server.log.appender.buffer.byte-limit = 33554432 (custom)
2019-09-25 05:52:34,822 [pool-37-thread-1] INFO  server.RaftServerConfigKeys (ConfUtils.java:logGet(43)) - raft.server.log.segment.size.max = 1048576 (custom)
2019-09-25 05:52:34,822 [pool-37-thread-1] INFO  server.RaftServerConfigKeys (ConfUtils.java:logGet(43)) - raft.server.log.segment.cache.num.max = 2 (custom)
2019-09-25 05:52:34,823 [pool-37-thread-1] INFO  segmented.SegmentedRaftLogWorker (SegmentedRaftLogWorker.java:<init>(172)) - new 5be219b2-97fd-4a8c-91ea-b15aa89454d4@group-675F701FE51E-SegmentedRaftLogWorker for RaftStorage:Storage Directory /workdir/hadoop-ozone/integration-test/target/test-dir/MiniOzoneClusterImpl-5fae48a0-8517-4c16-9d39-4001697b8772/datanode-1/data/ratis/178010d1-c3dd-44e0-a514-675f701fe51e
2019-09-25 05:52:34,823 [pool-37-thread-1] INFO  server.RaftServerConfigKeys (ConfUtils.java:logGet(43)) - raft.server.log.queue.byte-limit = 2147483647 (custom)
2019-09-25 05:52:34,823 [pool-37-thread-1] INFO  server.RaftServerConfigKeys (ConfUtils.java:logGet(43)) - raft.server.log.queue.element-limit = 1024 (custom)
2019-09-25 05:52:34,823 [pool-37-thread-1] INFO  server.RaftServerConfigKeys (ConfUtils.java:logGet(43)) - raft.server.log.segment.size.max = 1048576 (custom)
2019-09-25 05:52:34,823 [pool-37-thread-1] INFO  server.RaftServerConfigKeys (ConfUtils.java:logGet(43)) - raft.server.log.preallocated.size = 16384 (custom)
2019-09-25 05:52:34,823 [pool-37-thread-1] INFO  server.RaftServerConfigKeys (ConfUtils.java:logGet(43)) - raft.server.log.write.buffer.size = 33554432 (custom)
2019-09-25 05:52:34,823 [pool-37-thread-1] INFO  server.RaftServerConfigKeys (ConfUtils.java:logGet(43)) - raft.server.log.force.sync.num = 128 (default)
2019-09-25 05:52:34,824 [pool-37-thread-1] INFO  server.RaftServerConfigKeys (ConfUtils.java:logGet(43)) - raft.server.log.statemachine.data.sync = true (default)
2019-09-25 05:52:34,824 [pool-37-thread-1] INFO  server.RaftServerConfigKeys (ConfUtils.java:logGet(43)) - raft.server.log.statemachine.data.sync.timeout = 10s (default)
2019-09-25 05:52:34,824 [pool-37-thread-1] INFO  server.RaftServerConfigKeys (ConfUtils.java:logGet(43)) - raft.server.log.statemachine.data.sync.timeout.retry = -1 (default)
2019-09-25 05:52:34,825 [pool-37-thread-1] INFO  server.RaftServerConfigKeys (ConfUtils.java:logGet(43)) - raft.server.log.statemachine.data.caching.enabled = true (custom)
2019-09-25 05:52:34,825 [pool-37-thread-1] INFO  segmented.SegmentedRaftLogWorker (SegmentedRaftLogWorker.java:lambda$new$0(132)) - 5be219b2-97fd-4a8c-91ea-b15aa89454d4@group-675F701FE51E-SegmentedRaftLogWorker: flushIndex: setUnconditionally 0 -> -1
2019-09-25 05:52:34,825 [pool-37-thread-1] INFO  server.RaftServerConfigKeys (ConfUtils.java:logGet(43)) - raft.server.snapshot.auto.trigger.enabled = true (custom)
2019-09-25 05:52:34,826 [pool-37-thread-1] INFO  server.RaftServerConfigKeys (ConfUtils.java:logGet(43)) - raft.server.snapshot.auto.trigger.threshold = 10000 (custom)
2019-09-25 05:52:34,826 [pool-37-thread-1] INFO  server.RaftServerConfigKeys (ConfUtils.java:logGet(43)) - raft.server.snapshot.retention.num.files = 5 (custom)
2019-09-25 05:52:34,826 [pool-37-thread-1] INFO  server.RaftServerConfigKeys (ConfUtils.java:logGet(43)) - raft.server.retrycache.expirytime = 600000ms (custom)
2019-09-25 05:52:34,826 [0bbc1277-be6f-4bf3-88cf-1c3b12e139ad@group-EAFFD2989790:LeaderElection53] INFO  impl.RoleInfo (RoleInfo.java:updateAndGet(143)) - 0bbc1277-be6f-4bf3-88cf-1c3b12e139ad: start LeaderState
2019-09-25 05:52:34,826 [5be219b2-97fd-4a8c-91ea-b15aa89454d4@group-F20A76B892B0:LeaderElection54] INFO  impl.RoleInfo (RoleInfo.java:updateAndGet(143)) - 5be219b2-97fd-4a8c-91ea-b15aa89454d4: start LeaderState
2019-09-25 05:52:34,827 [0bbc1277-be6f-4bf3-88cf-1c3b12e139ad@group-EAFFD2989790:LeaderElection53] INFO  segmented.SegmentedRaftLogWorker (SegmentedRaftLogWorker.java:startLogSegment(380)) - 0bbc1277-be6f-4bf3-88cf-1c3b12e139ad@group-EAFFD2989790-SegmentedRaftLogWorker: Starting segment from index:0
2019-09-25 05:52:34,827 [5be219b2-97fd-4a8c-91ea-b15aa89454d4@group-F20A76B892B0:LeaderElection54] INFO  segmented.SegmentedRaftLogWorker (SegmentedRaftLogWorker.java:startLogSegment(380)) - 5be219b2-97fd-4a8c-91ea-b15aa89454d4@group-F20A76B892B0-SegmentedRaftLogWorker: Starting segment from index:0
2019-09-25 05:52:34,827 [0bbc1277-be6f-4bf3-88cf-1c3b12e139ad@group-EAFFD2989790:LeaderElection53] INFO  impl.RaftServerImpl (ServerState.java:setRaftConf(354)) - 0bbc1277-be6f-4bf3-88cf-1c3b12e139ad@group-EAFFD2989790: set configuration 0: [0bbc1277-be6f-4bf3-88cf-1c3b12e139ad:192.168.30.10:46701], old=null at 0
2019-09-25 05:52:34,827 [5be219b2-97fd-4a8c-91ea-b15aa89454d4@group-F20A76B892B0:LeaderElection54] INFO  impl.RaftServerImpl (ServerState.java:setRaftConf(354)) - 5be219b2-97fd-4a8c-91ea-b15aa89454d4@group-F20A76B892B0: set configuration 0: [5be219b2-97fd-4a8c-91ea-b15aa89454d4:192.168.30.10:40625], old=null at 0
2019-09-25 05:52:34,828 [pool-37-thread-1] INFO  impl.RaftServerImpl (RaftServerImpl.java:start(185)) - 5be219b2-97fd-4a8c-91ea-b15aa89454d4@group-675F701FE51E: start as a follower, conf=-1: [5be219b2-97fd-4a8c-91ea-b15aa89454d4:192.168.30.10:40625], old=null
2019-09-25 05:52:34,828 [pool-37-thread-1] INFO  impl.RaftServerImpl (RaftServerImpl.java:setRole(174)) - 5be219b2-97fd-4a8c-91ea-b15aa89454d4@group-675F701FE51E: changes role from      null to FOLLOWER at term 0 for startAsFollower
2019-09-25 05:52:34,828 [pool-37-thread-1] INFO  impl.RoleInfo (RoleInfo.java:updateAndGet(143)) - 5be219b2-97fd-4a8c-91ea-b15aa89454d4: start FollowerState
2019-09-25 05:52:34,829 [pool-37-thread-1] INFO  util.JmxRegister (JmxRegister.java:tryRegister(44)) - Successfully registered JMX Bean with object name Ratis:service=RaftServer,group=group-675F701FE51E,id=5be219b2-97fd-4a8c-91ea-b15aa89454d4
2019-09-25 05:52:34,831 [RatisPipelineUtilsThread] INFO  pipeline.PipelineStateManager (PipelineStateManager.java:addPipeline(56)) - Created pipeline Pipeline[ Id: 178010d1-c3dd-44e0-a514-675f701fe51e, Nodes: 5be219b2-97fd-4a8c-91ea-b15aa89454d4{ip: 192.168.30.10, host: pr-hdds-1569-s62bp-3040748787, networkLocation: /default-rack, certSerialId: null}, Type:RATIS, Factor:ONE, State:OPEN]
2019-09-25 05:52:34,835 [grpc-default-executor-0] INFO  impl.RaftServerProxy (RaftServerProxy.java:addNew(89)) - 754f3588-47e6-41ad-b34e-eb7041cce070: addNew group-0F52E95425BA:[754f3588-47e6-41ad-b34e-eb7041cce070:192.168.30.10:41089] returns group-0F52E95425BA:java.util.concurrent.CompletableFuture@226ae3[Not completed]
2019-09-25 05:52:34,837 [pool-47-thread-1] INFO  impl.RaftServerImpl (RaftServerImpl.java:<init>(95)) - 754f3588-47e6-41ad-b34e-eb7041cce070: new RaftServerImpl for group-0F52E95425BA:[754f3588-47e6-41ad-b34e-eb7041cce070:192.168.30.10:41089] with ContainerStateMachine:uninitialized
2019-09-25 05:52:34,837 [pool-47-thread-1] INFO  server.RaftServerConfigKeys (ConfUtils.java:logGet(43)) - raft.server.rpc.timeout.min = 5s (custom)
2019-09-25 05:52:34,837 [pool-47-thread-1] INFO  server.RaftServerConfigKeys (ConfUtils.java:logGet(43)) - raft.server.rpc.timeout.max = 5200ms (custom)
2019-09-25 05:52:34,837 [pool-47-thread-1] INFO  server.RaftServerConfigKeys (ConfUtils.java:logGet(43)) - raft.server.rpcslowness.timeout = 120s (custom)
2019-09-25 05:52:34,837 [pool-47-thread-1] INFO  server.RaftServerConfigKeys (ConfUtils.java:logGet(43)) - raft.server.sleep.deviation.threshold = 300 (default)
2019-09-25 05:52:34,837 [pool-47-thread-1] INFO  server.RaftServerConfigKeys (ConfUtils.java:logGet(43)) - raft.server.log.appender.install.snapshot.enabled = false (custom)
2019-09-25 05:52:34,837 [pool-47-thread-1] INFO  impl.RaftServerImpl (ServerState.java:<init>(103)) - 754f3588-47e6-41ad-b34e-eb7041cce070@group-0F52E95425BA: ConfigurationManager, init=-1: [754f3588-47e6-41ad-b34e-eb7041cce070:192.168.30.10:41089], old=null, confs=<EMPTY_MAP>
2019-09-25 05:52:34,837 [pool-47-thread-1] INFO  server.RaftServerConfigKeys (ConfUtils.java:logGet(43)) - raft.server.storage.dir = [/workdir/hadoop-ozone/integration-test/target/test-dir/MiniOzoneClusterImpl-5fae48a0-8517-4c16-9d39-4001697b8772/datanode-2/data/ratis] (custom)
2019-09-25 05:52:34,838 [pool-47-thread-1] INFO  storage.RaftStorageDirectory (RaftStorageDirectory.java:analyzeStorage(246)) - The storage directory /workdir/hadoop-ozone/integration-test/target/test-dir/MiniOzoneClusterImpl-5fae48a0-8517-4c16-9d39-4001697b8772/datanode-2/data/ratis/e3a7e7f6-89cc-4892-a214-0f52e95425ba does not exist. Creating ...
2019-09-25 05:52:34,852 [pool-47-thread-1] INFO  storage.RaftStorageDirectory (RaftStorageDirectory.java:tryLock(328)) - Lock on /workdir/hadoop-ozone/integration-test/target/test-dir/MiniOzoneClusterImpl-5fae48a0-8517-4c16-9d39-4001697b8772/datanode-2/data/ratis/e3a7e7f6-89cc-4892-a214-0f52e95425ba/in_use.lock acquired by nodename 25594@pr-hdds-1569-s62bp-3040748787
2019-09-25 05:52:34,866 [5be219b2-97fd-4a8c-91ea-b15aa89454d4@group-F20A76B892B0-SegmentedRaftLogWorker] INFO  segmented.SegmentedRaftLogWorker (SegmentedRaftLogWorker.java:execute(569)) - 5be219b2-97fd-4a8c-91ea-b15aa89454d4@group-F20A76B892B0-SegmentedRaftLogWorker: created new log segment /workdir/hadoop-ozone/integration-test/target/test-dir/MiniOzoneClusterImpl-5fae48a0-8517-4c16-9d39-4001697b8772/datanode-1/data/ratis/58365704-91a7-4bf8-8243-f20a76b892b0/current/log_inprogress_0
2019-09-25 05:52:34,866 [pool-47-thread-1] INFO  storage.RaftStorage (RaftStorage.java:format(72)) - Storage directory /workdir/hadoop-ozone/integration-test/target/test-dir/MiniOzoneClusterImpl-5fae48a0-8517-4c16-9d39-4001697b8772/datanode-2/data/ratis/e3a7e7f6-89cc-4892-a214-0f52e95425ba has been successfully formatted.
2019-09-25 05:52:34,866 [0bbc1277-be6f-4bf3-88cf-1c3b12e139ad@group-EAFFD2989790-SegmentedRaftLogWorker] INFO  segmented.SegmentedRaftLogWorker (SegmentedRaftLogWorker.java:execute(569)) - 0bbc1277-be6f-4bf3-88cf-1c3b12e139ad@group-EAFFD2989790-SegmentedRaftLogWorker: created new log segment /workdir/hadoop-ozone/integration-test/target/test-dir/MiniOzoneClusterImpl-5fae48a0-8517-4c16-9d39-4001697b8772/datanode-0/data/ratis/809b8ec4-a3a6-4d07-88fc-eaffd2989790/current/log_inprogress_0
2019-09-25 05:52:34,867 [pool-47-thread-1] INFO  ratis.ContainerStateMachine (ContainerStateMachine.java:loadSnapshot(230)) - group-0F52E95425BA: The snapshot info is null. Setting the last applied indexto:(t:0, i:~)
2019-09-25 05:52:34,867 [pool-47-thread-1] INFO  server.RaftServerConfigKeys (ConfUtils.java:logGet(43)) - raft.server.notification.no-leader.timeout = 120s (custom)
2019-09-25 05:52:34,867 [pool-47-thread-1] INFO  server.RaftServerConfigKeys (ConfUtils.java:logGet(43)) - raft.server.log.use.memory = false (default)
2019-09-25 05:52:34,867 [pool-47-thread-1] INFO  server.RaftServerConfigKeys (ConfUtils.java:logGet(43)) - raft.server.log.purge.gap = 1000000 (custom)
2019-09-25 05:52:34,867 [pool-47-thread-1] INFO  server.RaftServerConfigKeys (ConfUtils.java:logGet(43)) - raft.server.log.appender.buffer.byte-limit = 33554432 (custom)
2019-09-25 05:52:34,867 [pool-47-thread-1] INFO  server.RaftServerConfigKeys (ConfUtils.java:logGet(43)) - raft.server.log.segment.size.max = 1048576 (custom)
2019-09-25 05:52:34,867 [pool-47-thread-1] INFO  server.RaftServerConfigKeys (ConfUtils.java:logGet(43)) - raft.server.log.segment.cache.num.max = 2 (custom)
2019-09-25 05:52:34,867 [pool-47-thread-1] INFO  segmented.SegmentedRaftLogWorker (SegmentedRaftLogWorker.java:<init>(172)) - new 754f3588-47e6-41ad-b34e-eb7041cce070@group-0F52E95425BA-SegmentedRaftLogWorker for RaftStorage:Storage Directory /workdir/hadoop-ozone/integration-test/target/test-dir/MiniOzoneClusterImpl-5fae48a0-8517-4c16-9d39-4001697b8772/datanode-2/data/ratis/e3a7e7f6-89cc-4892-a214-0f52e95425ba
2019-09-25 05:52:34,867 [pool-47-thread-1] INFO  server.RaftServerConfigKeys (ConfUtils.java:logGet(43)) - raft.server.log.queue.byte-limit = 2147483647 (custom)
2019-09-25 05:52:34,867 [pool-47-thread-1] INFO  server.RaftServerConfigKeys (ConfUtils.java:logGet(43)) - raft.server.log.queue.element-limit = 1024 (custom)
2019-09-25 05:52:34,868 [pool-47-thread-1] INFO  server.RaftServerConfigKeys (ConfUtils.java:logGet(43)) - raft.server.log.segment.size.max = 1048576 (custom)
2019-09-25 05:52:34,868 [pool-47-thread-1] INFO  server.RaftServerConfigKeys (ConfUtils.java:logGet(43)) - raft.server.log.preallocated.size = 16384 (custom)
2019-09-25 05:52:34,868 [pool-47-thread-1] INFO  server.RaftServerConfigKeys (ConfUtils.java:logGet(43)) - raft.server.log.write.buffer.size = 33554432 (custom)
2019-09-25 05:52:34,868 [pool-47-thread-1] INFO  server.RaftServerConfigKeys (ConfUtils.java:logGet(43)) - raft.server.log.force.sync.num = 128 (default)
2019-09-25 05:52:34,868 [pool-47-thread-1] INFO  server.RaftServerConfigKeys (ConfUtils.java:logGet(43)) - raft.server.log.statemachine.data.sync = true (default)
2019-09-25 05:52:34,868 [pool-47-thread-1] INFO  server.RaftServerConfigKeys (ConfUtils.java:logGet(43)) - raft.server.log.statemachine.data.sync.timeout = 10s (default)
2019-09-25 05:52:34,868 [pool-47-thread-1] INFO  server.RaftServerConfigKeys (ConfUtils.java:logGet(43)) - raft.server.log.statemachine.data.sync.timeout.retry = -1 (default)
2019-09-25 05:52:34,868 [pool-47-thread-1] INFO  server.RaftServerConfigKeys (ConfUtils.java:logGet(43)) - raft.server.log.statemachine.data.caching.enabled = true (custom)
2019-09-25 05:52:34,868 [pool-47-thread-1] INFO  segmented.SegmentedRaftLogWorker (SegmentedRaftLogWorker.java:lambda$new$0(132)) - 754f3588-47e6-41ad-b34e-eb7041cce070@group-0F52E95425BA-SegmentedRaftLogWorker: flushIndex: setUnconditionally 0 -> -1
2019-09-25 05:52:34,869 [pool-47-thread-1] INFO  server.RaftServerConfigKeys (ConfUtils.java:logGet(43)) - raft.server.snapshot.auto.trigger.enabled = true (custom)
2019-09-25 05:52:34,869 [pool-47-thread-1] INFO  server.RaftServerConfigKeys (ConfUtils.java:logGet(43)) - raft.server.snapshot.auto.trigger.threshold = 10000 (custom)
2019-09-25 05:52:34,869 [pool-47-thread-1] INFO  server.RaftServerConfigKeys (ConfUtils.java:logGet(43)) - raft.server.snapshot.retention.num.files = 5 (custom)
2019-09-25 05:52:34,869 [pool-47-thread-1] INFO  server.RaftServerConfigKeys (ConfUtils.java:logGet(43)) - raft.server.retrycache.expirytime = 600000ms (custom)
2019-09-25 05:52:34,870 [pool-47-thread-1] INFO  impl.RaftServerImpl (RaftServerImpl.java:start(185)) - 754f3588-47e6-41ad-b34e-eb7041cce070@group-0F52E95425BA: start as a follower, conf=-1: [754f3588-47e6-41ad-b34e-eb7041cce070:192.168.30.10:41089], old=null
2019-09-25 05:52:34,870 [pool-47-thread-1] INFO  impl.RaftServerImpl (RaftServerImpl.java:setRole(174)) - 754f3588-47e6-41ad-b34e-eb7041cce070@group-0F52E95425BA: changes role from      null to FOLLOWER at term 0 for startAsFollower
2019-09-25 05:52:34,870 [pool-47-thread-1] INFO  impl.RoleInfo (RoleInfo.java:updateAndGet(143)) - 754f3588-47e6-41ad-b34e-eb7041cce070: start FollowerState
2019-09-25 05:52:34,870 [pool-47-thread-1] INFO  util.JmxRegister (JmxRegister.java:tryRegister(44)) - Successfully registered JMX Bean with object name Ratis:service=RaftServer,group=group-0F52E95425BA,id=754f3588-47e6-41ad-b34e-eb7041cce070
2019-09-25 05:52:34,872 [RatisPipelineUtilsThread] INFO  pipeline.PipelineStateManager (PipelineStateManager.java:addPipeline(56)) - Created pipeline Pipeline[ Id: e3a7e7f6-89cc-4892-a214-0f52e95425ba, Nodes: 754f3588-47e6-41ad-b34e-eb7041cce070{ip: 192.168.30.10, host: pr-hdds-1569-s62bp-3040748787, networkLocation: /default-rack, certSerialId: null}, Type:RATIS, Factor:ONE, State:OPEN]
2019-09-25 05:52:34,876 [grpc-default-executor-0] INFO  impl.RaftServerProxy (RaftServerProxy.java:addNew(89)) - 754f3588-47e6-41ad-b34e-eb7041cce070: addNew group-62F1225160E4:[754f3588-47e6-41ad-b34e-eb7041cce070:192.168.30.10:41089] returns group-62F1225160E4:java.util.concurrent.CompletableFuture@6cb3e75e[Not completed]
2019-09-25 05:52:34,877 [pool-47-thread-1] INFO  impl.RaftServerImpl (RaftServerImpl.java:<init>(95)) - 754f3588-47e6-41ad-b34e-eb7041cce070: new RaftServerImpl for group-62F1225160E4:[754f3588-47e6-41ad-b34e-eb7041cce070:192.168.30.10:41089] with ContainerStateMachine:uninitialized
2019-09-25 05:52:34,877 [pool-47-thread-1] INFO  server.RaftServerConfigKeys (ConfUtils.java:logGet(43)) - raft.server.rpc.timeout.min = 5s (custom)
2019-09-25 05:52:34,877 [pool-47-thread-1] INFO  server.RaftServerConfigKeys (ConfUtils.java:logGet(43)) - raft.server.rpc.timeout.max = 5200ms (custom)
2019-09-25 05:52:34,877 [pool-47-thread-1] INFO  server.RaftServerConfigKeys (ConfUtils.java:logGet(43)) - raft.server.rpcslowness.timeout = 120s (custom)
2019-09-25 05:52:34,877 [pool-47-thread-1] INFO  server.RaftServerConfigKeys (ConfUtils.java:logGet(43)) - raft.server.sleep.deviation.threshold = 300 (default)
2019-09-25 05:52:34,877 [pool-47-thread-1] INFO  server.RaftServerConfigKeys (ConfUtils.java:logGet(43)) - raft.server.log.appender.install.snapshot.enabled = false (custom)
2019-09-25 05:52:34,877 [pool-47-thread-1] INFO  impl.RaftServerImpl (ServerState.java:<init>(103)) - 754f3588-47e6-41ad-b34e-eb7041cce070@group-62F1225160E4: ConfigurationManager, init=-1: [754f3588-47e6-41ad-b34e-eb7041cce070:192.168.30.10:41089], old=null, confs=<EMPTY_MAP>
2019-09-25 05:52:34,877 [pool-47-thread-1] INFO  server.RaftServerConfigKeys (ConfUtils.java:logGet(43)) - raft.server.storage.dir = [/workdir/hadoop-ozone/integration-test/target/test-dir/MiniOzoneClusterImpl-5fae48a0-8517-4c16-9d39-4001697b8772/datanode-2/data/ratis] (custom)
2019-09-25 05:52:34,878 [pool-47-thread-1] INFO  storage.RaftStorageDirectory (RaftStorageDirectory.java:analyzeStorage(246)) - The storage directory /workdir/hadoop-ozone/integration-test/target/test-dir/MiniOzoneClusterImpl-5fae48a0-8517-4c16-9d39-4001697b8772/datanode-2/data/ratis/30326e2e-9d97-41eb-bef3-62f1225160e4 does not exist. Creating ...
2019-09-25 05:52:34,891 [pool-47-thread-1] INFO  storage.RaftStorageDirectory (RaftStorageDirectory.java:tryLock(328)) - Lock on /workdir/hadoop-ozone/integration-test/target/test-dir/MiniOzoneClusterImpl-5fae48a0-8517-4c16-9d39-4001697b8772/datanode-2/data/ratis/30326e2e-9d97-41eb-bef3-62f1225160e4/in_use.lock acquired by nodename 25594@pr-hdds-1569-s62bp-3040748787
2019-09-25 05:52:34,904 [pool-47-thread-1] INFO  storage.RaftStorage (RaftStorage.java:format(72)) - Storage directory /workdir/hadoop-ozone/integration-test/target/test-dir/MiniOzoneClusterImpl-5fae48a0-8517-4c16-9d39-4001697b8772/datanode-2/data/ratis/30326e2e-9d97-41eb-bef3-62f1225160e4 has been successfully formatted.
2019-09-25 05:52:34,904 [pool-47-thread-1] INFO  ratis.ContainerStateMachine (ContainerStateMachine.java:loadSnapshot(230)) - group-62F1225160E4: The snapshot info is null. Setting the last applied indexto:(t:0, i:~)
2019-09-25 05:52:34,904 [pool-47-thread-1] INFO  server.RaftServerConfigKeys (ConfUtils.java:logGet(43)) - raft.server.notification.no-leader.timeout = 120s (custom)
2019-09-25 05:52:34,904 [pool-47-thread-1] INFO  server.RaftServerConfigKeys (ConfUtils.java:logGet(43)) - raft.server.log.use.memory = false (default)
2019-09-25 05:52:34,904 [pool-47-thread-1] INFO  server.RaftServerConfigKeys (ConfUtils.java:logGet(43)) - raft.server.log.purge.gap = 1000000 (custom)
2019-09-25 05:52:34,904 [pool-47-thread-1] INFO  server.RaftServerConfigKeys (ConfUtils.java:logGet(43)) - raft.server.log.appender.buffer.byte-limit = 33554432 (custom)
2019-09-25 05:52:34,904 [pool-47-thread-1] INFO  server.RaftServerConfigKeys (ConfUtils.java:logGet(43)) - raft.server.log.segment.size.max = 1048576 (custom)
2019-09-25 05:52:34,904 [pool-47-thread-1] INFO  server.RaftServerConfigKeys (ConfUtils.java:logGet(43)) - raft.server.log.segment.cache.num.max = 2 (custom)
2019-09-25 05:52:34,904 [pool-47-thread-1] INFO  segmented.SegmentedRaftLogWorker (SegmentedRaftLogWorker.java:<init>(172)) - new 754f3588-47e6-41ad-b34e-eb7041cce070@group-62F1225160E4-SegmentedRaftLogWorker for RaftStorage:Storage Directory /workdir/hadoop-ozone/integration-test/target/test-dir/MiniOzoneClusterImpl-5fae48a0-8517-4c16-9d39-4001697b8772/datanode-2/data/ratis/30326e2e-9d97-41eb-bef3-62f1225160e4
2019-09-25 05:52:34,905 [pool-47-thread-1] INFO  server.RaftServerConfigKeys (ConfUtils.java:logGet(43)) - raft.server.log.queue.byte-limit = 2147483647 (custom)
2019-09-25 05:52:34,905 [pool-47-thread-1] INFO  server.RaftServerConfigKeys (ConfUtils.java:logGet(43)) - raft.server.log.queue.element-limit = 1024 (custom)
2019-09-25 05:52:34,905 [pool-47-thread-1] INFO  server.RaftServerConfigKeys (ConfUtils.java:logGet(43)) - raft.server.log.segment.size.max = 1048576 (custom)
2019-09-25 05:52:34,905 [pool-47-thread-1] INFO  server.RaftServerConfigKeys (ConfUtils.java:logGet(43)) - raft.server.log.preallocated.size = 16384 (custom)
2019-09-25 05:52:34,905 [pool-47-thread-1] INFO  server.RaftServerConfigKeys (ConfUtils.java:logGet(43)) - raft.server.log.write.buffer.size = 33554432 (custom)
2019-09-25 05:52:34,905 [pool-47-thread-1] INFO  server.RaftServerConfigKeys (ConfUtils.java:logGet(43)) - raft.server.log.force.sync.num = 128 (default)
2019-09-25 05:52:34,905 [pool-47-thread-1] INFO  server.RaftServerConfigKeys (ConfUtils.java:logGet(43)) - raft.server.log.statemachine.data.sync = true (default)
2019-09-25 05:52:34,905 [pool-47-thread-1] INFO  server.RaftServerConfigKeys (ConfUtils.java:logGet(43)) - raft.server.log.statemachine.data.sync.timeout = 10s (default)
2019-09-25 05:52:34,905 [pool-47-thread-1] INFO  server.RaftServerConfigKeys (ConfUtils.java:logGet(43)) - raft.server.log.statemachine.data.sync.timeout.retry = -1 (default)
2019-09-25 05:52:34,905 [pool-47-thread-1] INFO  server.RaftServerConfigKeys (ConfUtils.java:logGet(43)) - raft.server.log.statemachine.data.caching.enabled = true (custom)
2019-09-25 05:52:34,906 [pool-47-thread-1] INFO  segmented.SegmentedRaftLogWorker (SegmentedRaftLogWorker.java:lambda$new$0(132)) - 754f3588-47e6-41ad-b34e-eb7041cce070@group-62F1225160E4-SegmentedRaftLogWorker: flushIndex: setUnconditionally 0 -> -1
2019-09-25 05:52:34,906 [pool-47-thread-1] INFO  server.RaftServerConfigKeys (ConfUtils.java:logGet(43)) - raft.server.snapshot.auto.trigger.enabled = true (custom)
2019-09-25 05:52:34,906 [pool-47-thread-1] INFO  server.RaftServerConfigKeys (ConfUtils.java:logGet(43)) - raft.server.snapshot.auto.trigger.threshold = 10000 (custom)
2019-09-25 05:52:34,906 [pool-47-thread-1] INFO  server.RaftServerConfigKeys (ConfUtils.java:logGet(43)) - raft.server.snapshot.retention.num.files = 5 (custom)
2019-09-25 05:52:34,906 [pool-47-thread-1] INFO  server.RaftServerConfigKeys (ConfUtils.java:logGet(43)) - raft.server.retrycache.expirytime = 600000ms (custom)
2019-09-25 05:52:34,907 [pool-47-thread-1] INFO  impl.RaftServerImpl (RaftServerImpl.java:start(185)) - 754f3588-47e6-41ad-b34e-eb7041cce070@group-62F1225160E4: start as a follower, conf=-1: [754f3588-47e6-41ad-b34e-eb7041cce070:192.168.30.10:41089], old=null
2019-09-25 05:52:34,908 [pool-47-thread-1] INFO  impl.RaftServerImpl (RaftServerImpl.java:setRole(174)) - 754f3588-47e6-41ad-b34e-eb7041cce070@group-62F1225160E4: changes role from      null to FOLLOWER at term 0 for startAsFollower
2019-09-25 05:52:34,908 [pool-47-thread-1] INFO  impl.RoleInfo (RoleInfo.java:updateAndGet(143)) - 754f3588-47e6-41ad-b34e-eb7041cce070: start FollowerState
2019-09-25 05:52:34,911 [pool-47-thread-1] INFO  util.JmxRegister (JmxRegister.java:tryRegister(44)) - Successfully registered JMX Bean with object name Ratis:service=RaftServer,group=group-62F1225160E4,id=754f3588-47e6-41ad-b34e-eb7041cce070
2019-09-25 05:52:34,913 [RatisPipelineUtilsThread] INFO  pipeline.PipelineStateManager (PipelineStateManager.java:addPipeline(56)) - Created pipeline Pipeline[ Id: 30326e2e-9d97-41eb-bef3-62f1225160e4, Nodes: 754f3588-47e6-41ad-b34e-eb7041cce070{ip: 192.168.30.10, host: pr-hdds-1569-s62bp-3040748787, networkLocation: /default-rack, certSerialId: null}, Type:RATIS, Factor:ONE, State:OPEN]
2019-09-25 05:52:34,915 [Thread-352] INFO  impl.FollowerState (FollowerState.java:run(106)) - 5be219b2-97fd-4a8c-91ea-b15aa89454d4:group-09E77BA40875 changes to CANDIDATE, lastRpcTime:5006, electionTimeout:5006ms
2019-09-25 05:52:34,915 [Thread-352] INFO  impl.RoleInfo (RoleInfo.java:shutdownFollowerState(121)) - 5be219b2-97fd-4a8c-91ea-b15aa89454d4: shutdown FollowerState
2019-09-25 05:52:34,915 [Thread-352] INFO  impl.RaftServerImpl (RaftServerImpl.java:setRole(174)) - 5be219b2-97fd-4a8c-91ea-b15aa89454d4@group-09E77BA40875: changes role from  FOLLOWER to CANDIDATE at term 0 for changeToCandidate
2019-09-25 05:52:34,915 [Thread-352] INFO  impl.RoleInfo (RoleInfo.java:updateAndGet(143)) - 5be219b2-97fd-4a8c-91ea-b15aa89454d4: start LeaderElection
2019-09-25 05:52:34,917 [grpc-default-executor-0] INFO  impl.RaftServerProxy (RaftServerProxy.java:addNew(89)) - 0bbc1277-be6f-4bf3-88cf-1c3b12e139ad: addNew group-6EE9E400CE9F:[0bbc1277-be6f-4bf3-88cf-1c3b12e139ad:192.168.30.10:46701] returns group-6EE9E400CE9F:java.util.concurrent.CompletableFuture@248702ee[Not completed]
2019-09-25 05:52:34,918 [pool-27-thread-1] INFO  impl.RaftServerImpl (RaftServerImpl.java:<init>(95)) - 0bbc1277-be6f-4bf3-88cf-1c3b12e139ad: new RaftServerImpl for group-6EE9E400CE9F:[0bbc1277-be6f-4bf3-88cf-1c3b12e139ad:192.168.30.10:46701] with ContainerStateMachine:uninitialized
2019-09-25 05:52:34,918 [pool-27-thread-1] INFO  server.RaftServerConfigKeys (ConfUtils.java:logGet(43)) - raft.server.rpc.timeout.min = 5s (custom)
2019-09-25 05:52:34,918 [pool-27-thread-1] INFO  server.RaftServerConfigKeys (ConfUtils.java:logGet(43)) - raft.server.rpc.timeout.max = 5200ms (custom)
2019-09-25 05:52:34,918 [pool-27-thread-1] INFO  server.RaftServerConfigKeys (ConfUtils.java:logGet(43)) - raft.server.rpcslowness.timeout = 120s (custom)
2019-09-25 05:52:34,918 [pool-27-thread-1] INFO  server.RaftServerConfigKeys (ConfUtils.java:logGet(43)) - raft.server.sleep.deviation.threshold = 300 (default)
2019-09-25 05:52:34,918 [pool-27-thread-1] INFO  server.RaftServerConfigKeys (ConfUtils.java:logGet(43)) - raft.server.log.appender.install.snapshot.enabled = false (custom)
2019-09-25 05:52:34,918 [pool-27-thread-1] INFO  impl.RaftServerImpl (ServerState.java:<init>(103)) - 0bbc1277-be6f-4bf3-88cf-1c3b12e139ad@group-6EE9E400CE9F: ConfigurationManager, init=-1: [0bbc1277-be6f-4bf3-88cf-1c3b12e139ad:192.168.30.10:46701], old=null, confs=<EMPTY_MAP>
2019-09-25 05:52:34,919 [pool-27-thread-1] INFO  server.RaftServerConfigKeys (ConfUtils.java:logGet(43)) - raft.server.storage.dir = [/workdir/hadoop-ozone/integration-test/target/test-dir/MiniOzoneClusterImpl-5fae48a0-8517-4c16-9d39-4001697b8772/datanode-0/data/ratis] (custom)
2019-09-25 05:52:34,919 [pool-27-thread-1] INFO  storage.RaftStorageDirectory (RaftStorageDirectory.java:analyzeStorage(246)) - The storage directory /workdir/hadoop-ozone/integration-test/target/test-dir/MiniOzoneClusterImpl-5fae48a0-8517-4c16-9d39-4001697b8772/datanode-0/data/ratis/a23a51d8-1bbd-430f-a453-6ee9e400ce9f does not exist. Creating ...
2019-09-25 05:52:34,925 [Thread-346] INFO  impl.FollowerState (FollowerState.java:run(106)) - 0bbc1277-be6f-4bf3-88cf-1c3b12e139ad:group-F3FA8EC02016 changes to CANDIDATE, lastRpcTime:5105, electionTimeout:5105ms
2019-09-25 05:52:34,925 [Thread-346] INFO  impl.RoleInfo (RoleInfo.java:shutdownFollowerState(121)) - 0bbc1277-be6f-4bf3-88cf-1c3b12e139ad: shutdown FollowerState
2019-09-25 05:52:34,925 [Thread-346] INFO  impl.RaftServerImpl (RaftServerImpl.java:setRole(174)) - 0bbc1277-be6f-4bf3-88cf-1c3b12e139ad@group-F3FA8EC02016: changes role from  FOLLOWER to CANDIDATE at term 0 for changeToCandidate
2019-09-25 05:52:34,925 [Thread-346] INFO  impl.RoleInfo (RoleInfo.java:updateAndGet(143)) - 0bbc1277-be6f-4bf3-88cf-1c3b12e139ad: start LeaderElection
2019-09-25 05:52:34,929 [pool-27-thread-1] INFO  storage.RaftStorageDirectory (RaftStorageDirectory.java:tryLock(328)) - Lock on /workdir/hadoop-ozone/integration-test/target/test-dir/MiniOzoneClusterImpl-5fae48a0-8517-4c16-9d39-4001697b8772/datanode-0/data/ratis/a23a51d8-1bbd-430f-a453-6ee9e400ce9f/in_use.lock acquired by nodename 25594@pr-hdds-1569-s62bp-3040748787
2019-09-25 05:52:34,929 [5be219b2-97fd-4a8c-91ea-b15aa89454d4@group-09E77BA40875:LeaderElection55] INFO  impl.LeaderElection (LeaderElection.java:askForVotes(182)) - 5be219b2-97fd-4a8c-91ea-b15aa89454d4@group-09E77BA40875:LeaderElection55: begin an election at term 1 for -1: [5be219b2-97fd-4a8c-91ea-b15aa89454d4:192.168.30.10:40625], old=null
2019-09-25 05:52:34,929 [0bbc1277-be6f-4bf3-88cf-1c3b12e139ad@group-F3FA8EC02016:LeaderElection56] INFO  impl.LeaderElection (LeaderElection.java:askForVotes(182)) - 0bbc1277-be6f-4bf3-88cf-1c3b12e139ad@group-F3FA8EC02016:LeaderElection56: begin an election at term 1 for -1: [0bbc1277-be6f-4bf3-88cf-1c3b12e139ad:192.168.30.10:46701], old=null
2019-09-25 05:52:34,929 [5be219b2-97fd-4a8c-91ea-b15aa89454d4@group-09E77BA40875:LeaderElection55] INFO  impl.RoleInfo (RoleInfo.java:shutdownLeaderElection(134)) - 5be219b2-97fd-4a8c-91ea-b15aa89454d4: shutdown LeaderElection
2019-09-25 05:52:34,929 [0bbc1277-be6f-4bf3-88cf-1c3b12e139ad@group-F3FA8EC02016:LeaderElection56] INFO  impl.RoleInfo (RoleInfo.java:shutdownLeaderElection(134)) - 0bbc1277-be6f-4bf3-88cf-1c3b12e139ad: shutdown LeaderElection
2019-09-25 05:52:34,929 [5be219b2-97fd-4a8c-91ea-b15aa89454d4@group-09E77BA40875:LeaderElection55] INFO  impl.RaftServerImpl (RaftServerImpl.java:setRole(174)) - 5be219b2-97fd-4a8c-91ea-b15aa89454d4@group-09E77BA40875: changes role from CANDIDATE to LEADER at term 1 for changeToLeader
2019-09-25 05:52:34,929 [0bbc1277-be6f-4bf3-88cf-1c3b12e139ad@group-F3FA8EC02016:LeaderElection56] INFO  impl.RaftServerImpl (RaftServerImpl.java:setRole(174)) - 0bbc1277-be6f-4bf3-88cf-1c3b12e139ad@group-F3FA8EC02016: changes role from CANDIDATE to LEADER at term 1 for changeToLeader
2019-09-25 05:52:34,929 [5be219b2-97fd-4a8c-91ea-b15aa89454d4@group-09E77BA40875:LeaderElection55] INFO  impl.RaftServerImpl (ServerState.java:setLeader(253)) - 5be219b2-97fd-4a8c-91ea-b15aa89454d4@group-09E77BA40875: change Leader from null to 5be219b2-97fd-4a8c-91ea-b15aa89454d4 at term 1 for becomeLeader, leader elected after 5027ms
2019-09-25 05:52:34,929 [0bbc1277-be6f-4bf3-88cf-1c3b12e139ad@group-F3FA8EC02016:LeaderElection56] INFO  impl.RaftServerImpl (ServerState.java:setLeader(253)) - 0bbc1277-be6f-4bf3-88cf-1c3b12e139ad@group-F3FA8EC02016: change Leader from null to 0bbc1277-be6f-4bf3-88cf-1c3b12e139ad at term 1 for becomeLeader, leader elected after 5117ms
2019-09-25 05:52:34,929 [5be219b2-97fd-4a8c-91ea-b15aa89454d4@group-09E77BA40875:LeaderElection55] INFO  server.RaftServerConfigKeys (ConfUtils.java:logGet(43)) - raft.server.staging.catchup.gap = 1000 (default)
2019-09-25 05:52:34,929 [0bbc1277-be6f-4bf3-88cf-1c3b12e139ad@group-F3FA8EC02016:LeaderElection56] INFO  server.RaftServerConfigKeys (ConfUtils.java:logGet(43)) - raft.server.staging.catchup.gap = 1000 (default)
2019-09-25 05:52:34,929 [5be219b2-97fd-4a8c-91ea-b15aa89454d4@group-09E77BA40875:LeaderElection55] INFO  server.RaftServerConfigKeys (ConfUtils.java:logGet(43)) - raft.server.rpc.sleep.time = 25ms (default)
2019-09-25 05:52:34,930 [0bbc1277-be6f-4bf3-88cf-1c3b12e139ad@group-F3FA8EC02016:LeaderElection56] INFO  server.RaftServerConfigKeys (ConfUtils.java:logGet(43)) - raft.server.rpc.sleep.time = 25ms (default)
2019-09-25 05:52:34,930 [5be219b2-97fd-4a8c-91ea-b15aa89454d4@group-09E77BA40875:LeaderElection55] INFO  server.RaftServerConfigKeys (ConfUtils.java:logGet(43)) - raft.server.write.element-limit = 4096 (default)
2019-09-25 05:52:34,930 [0bbc1277-be6f-4bf3-88cf-1c3b12e139ad@group-F3FA8EC02016:LeaderElection56] INFO  server.RaftServerConfigKeys (ConfUtils.java:logGet(43)) - raft.server.write.element-limit = 4096 (default)
2019-09-25 05:52:34,930 [5be219b2-97fd-4a8c-91ea-b15aa89454d4@group-09E77BA40875:LeaderElection55] INFO  server.RaftServerConfigKeys (ConfUtils.java:logGet(43)) - raft.server.watch.timeout = 10s (default)
2019-09-25 05:52:34,930 [0bbc1277-be6f-4bf3-88cf-1c3b12e139ad@group-F3FA8EC02016:LeaderElection56] INFO  server.RaftServerConfigKeys (ConfUtils.java:logGet(43)) - raft.server.watch.timeout = 10s (default)
2019-09-25 05:52:34,930 [5be219b2-97fd-4a8c-91ea-b15aa89454d4@group-09E77BA40875:LeaderElection55] INFO  server.RaftServerConfigKeys (ConfUtils.java:logGet(43)) - raft.server.watch.timeout.denomination = 1s (default)
2019-09-25 05:52:34,930 [0bbc1277-be6f-4bf3-88cf-1c3b12e139ad@group-F3FA8EC02016:LeaderElection56] INFO  server.RaftServerConfigKeys (ConfUtils.java:logGet(43)) - raft.server.watch.timeout.denomination = 1s (default)
2019-09-25 05:52:34,930 [5be219b2-97fd-4a8c-91ea-b15aa89454d4@group-09E77BA40875:LeaderElection55] INFO  server.RaftServerConfigKeys (ConfUtils.java:logGet(43)) - raft.server.watch.element-limit = 65536 (default)
2019-09-25 05:52:34,930 [0bbc1277-be6f-4bf3-88cf-1c3b12e139ad@group-F3FA8EC02016:LeaderElection56] INFO  server.RaftServerConfigKeys (ConfUtils.java:logGet(43)) - raft.server.watch.element-limit = 65536 (default)
2019-09-25 05:52:34,932 [5be219b2-97fd-4a8c-91ea-b15aa89454d4@group-09E77BA40875:LeaderElection55] INFO  impl.RoleInfo (RoleInfo.java:updateAndGet(143)) - 5be219b2-97fd-4a8c-91ea-b15aa89454d4: start LeaderState
2019-09-25 05:52:34,932 [5be219b2-97fd-4a8c-91ea-b15aa89454d4@group-09E77BA40875:LeaderElection55] INFO  segmented.SegmentedRaftLogWorker (SegmentedRaftLogWorker.java:startLogSegment(380)) - 5be219b2-97fd-4a8c-91ea-b15aa89454d4@group-09E77BA40875-SegmentedRaftLogWorker: Starting segment from index:0
2019-09-25 05:52:34,932 [0bbc1277-be6f-4bf3-88cf-1c3b12e139ad@group-F3FA8EC02016:LeaderElection56] INFO  impl.RoleInfo (RoleInfo.java:updateAndGet(143)) - 0bbc1277-be6f-4bf3-88cf-1c3b12e139ad: start LeaderState
2019-09-25 05:52:34,932 [0bbc1277-be6f-4bf3-88cf-1c3b12e139ad@group-F3FA8EC02016:LeaderElection56] INFO  segmented.SegmentedRaftLogWorker (SegmentedRaftLogWorker.java:startLogSegment(380)) - 0bbc1277-be6f-4bf3-88cf-1c3b12e139ad@group-F3FA8EC02016-SegmentedRaftLogWorker: Starting segment from index:0
2019-09-25 05:52:34,932 [5be219b2-97fd-4a8c-91ea-b15aa89454d4@group-09E77BA40875:LeaderElection55] INFO  impl.RaftServerImpl (ServerState.java:setRaftConf(354)) - 5be219b2-97fd-4a8c-91ea-b15aa89454d4@group-09E77BA40875: set configuration 0: [5be219b2-97fd-4a8c-91ea-b15aa89454d4:192.168.30.10:40625], old=null at 0
2019-09-25 05:52:34,933 [0bbc1277-be6f-4bf3-88cf-1c3b12e139ad@group-F3FA8EC02016:LeaderElection56] INFO  impl.RaftServerImpl (ServerState.java:setRaftConf(354)) - 0bbc1277-be6f-4bf3-88cf-1c3b12e139ad@group-F3FA8EC02016: set configuration 0: [0bbc1277-be6f-4bf3-88cf-1c3b12e139ad:192.168.30.10:46701], old=null at 0
2019-09-25 05:52:34,942 [pool-27-thread-1] INFO  storage.RaftStorage (RaftStorage.java:format(72)) - Storage directory /workdir/hadoop-ozone/integration-test/target/test-dir/MiniOzoneClusterImpl-5fae48a0-8517-4c16-9d39-4001697b8772/datanode-0/data/ratis/a23a51d8-1bbd-430f-a453-6ee9e400ce9f has been successfully formatted.
2019-09-25 05:52:34,942 [pool-27-thread-1] INFO  ratis.ContainerStateMachine (ContainerStateMachine.java:loadSnapshot(230)) - group-6EE9E400CE9F: The snapshot info is null. Setting the last applied indexto:(t:0, i:~)
2019-09-25 05:52:34,942 [pool-27-thread-1] INFO  server.RaftServerConfigKeys (ConfUtils.java:logGet(43)) - raft.server.notification.no-leader.timeout = 120s (custom)
2019-09-25 05:52:34,943 [pool-27-thread-1] INFO  server.RaftServerConfigKeys (ConfUtils.java:logGet(43)) - raft.server.log.use.memory = false (default)
2019-09-25 05:52:34,943 [pool-27-thread-1] INFO  server.RaftServerConfigKeys (ConfUtils.java:logGet(43)) - raft.server.log.purge.gap = 1000000 (custom)
2019-09-25 05:52:34,943 [pool-27-thread-1] INFO  server.RaftServerConfigKeys (ConfUtils.java:logGet(43)) - raft.server.log.appender.buffer.byte-limit = 33554432 (custom)
2019-09-25 05:52:34,943 [pool-27-thread-1] INFO  server.RaftServerConfigKeys (ConfUtils.java:logGet(43)) - raft.server.log.segment.size.max = 1048576 (custom)
2019-09-25 05:52:34,943 [pool-27-thread-1] INFO  server.RaftServerConfigKeys (ConfUtils.java:logGet(43)) - raft.server.log.segment.cache.num.max = 2 (custom)
2019-09-25 05:52:34,943 [pool-27-thread-1] INFO  segmented.SegmentedRaftLogWorker (SegmentedRaftLogWorker.java:<init>(172)) - new 0bbc1277-be6f-4bf3-88cf-1c3b12e139ad@group-6EE9E400CE9F-SegmentedRaftLogWorker for RaftStorage:Storage Directory /workdir/hadoop-ozone/integration-test/target/test-dir/MiniOzoneClusterImpl-5fae48a0-8517-4c16-9d39-4001697b8772/datanode-0/data/ratis/a23a51d8-1bbd-430f-a453-6ee9e400ce9f
2019-09-25 05:52:34,943 [pool-27-thread-1] INFO  server.RaftServerConfigKeys (ConfUtils.java:logGet(43)) - raft.server.log.queue.byte-limit = 2147483647 (custom)
2019-09-25 05:52:34,944 [pool-27-thread-1] INFO  server.RaftServerConfigKeys (ConfUtils.java:logGet(43)) - raft.server.log.queue.element-limit = 1024 (custom)
2019-09-25 05:52:34,944 [pool-27-thread-1] INFO  server.RaftServerConfigKeys (ConfUtils.java:logGet(43)) - raft.server.log.segment.size.max = 1048576 (custom)
2019-09-25 05:52:34,944 [pool-27-thread-1] INFO  server.RaftServerConfigKeys (ConfUtils.java:logGet(43)) - raft.server.log.preallocated.size = 16384 (custom)
2019-09-25 05:52:34,944 [pool-27-thread-1] INFO  server.RaftServerConfigKeys (ConfUtils.java:logGet(43)) - raft.server.log.write.buffer.size = 33554432 (custom)
2019-09-25 05:52:34,944 [pool-27-thread-1] INFO  server.RaftServerConfigKeys (ConfUtils.java:logGet(43)) - raft.server.log.force.sync.num = 128 (default)
2019-09-25 05:52:34,944 [pool-27-thread-1] INFO  server.RaftServerConfigKeys (ConfUtils.java:logGet(43)) - raft.server.log.statemachine.data.sync = true (default)
2019-09-25 05:52:34,944 [pool-27-thread-1] INFO  server.RaftServerConfigKeys (ConfUtils.java:logGet(43)) - raft.server.log.statemachine.data.sync.timeout = 10s (default)
2019-09-25 05:52:34,945 [pool-27-thread-1] INFO  server.RaftServerConfigKeys (ConfUtils.java:logGet(43)) - raft.server.log.statemachine.data.sync.timeout.retry = -1 (default)
2019-09-25 05:52:34,945 [pool-27-thread-1] INFO  server.RaftServerConfigKeys (ConfUtils.java:logGet(43)) - raft.server.log.statemachine.data.caching.enabled = true (custom)
2019-09-25 05:52:34,945 [pool-27-thread-1] INFO  segmented.SegmentedRaftLogWorker (SegmentedRaftLogWorker.java:lambda$new$0(132)) - 0bbc1277-be6f-4bf3-88cf-1c3b12e139ad@group-6EE9E400CE9F-SegmentedRaftLogWorker: flushIndex: setUnconditionally 0 -> -1
2019-09-25 05:52:34,945 [pool-27-thread-1] INFO  server.RaftServerConfigKeys (ConfUtils.java:logGet(43)) - raft.server.snapshot.auto.trigger.enabled = true (custom)
2019-09-25 05:52:34,946 [pool-27-thread-1] INFO  server.RaftServerConfigKeys (ConfUtils.java:logGet(43)) - raft.server.snapshot.auto.trigger.threshold = 10000 (custom)
2019-09-25 05:52:34,946 [pool-27-thread-1] INFO  server.RaftServerConfigKeys (ConfUtils.java:logGet(43)) - raft.server.snapshot.retention.num.files = 5 (custom)
2019-09-25 05:52:34,946 [pool-27-thread-1] INFO  server.RaftServerConfigKeys (ConfUtils.java:logGet(43)) - raft.server.retrycache.expirytime = 600000ms (custom)
2019-09-25 05:52:34,948 [pool-27-thread-1] INFO  impl.RaftServerImpl (RaftServerImpl.java:start(185)) - 0bbc1277-be6f-4bf3-88cf-1c3b12e139ad@group-6EE9E400CE9F: start as a follower, conf=-1: [0bbc1277-be6f-4bf3-88cf-1c3b12e139ad:192.168.30.10:46701], old=null
2019-09-25 05:52:34,948 [pool-27-thread-1] INFO  impl.RaftServerImpl (RaftServerImpl.java:setRole(174)) - 0bbc1277-be6f-4bf3-88cf-1c3b12e139ad@group-6EE9E400CE9F: changes role from      null to FOLLOWER at term 0 for startAsFollower
2019-09-25 05:52:34,948 [pool-27-thread-1] INFO  impl.RoleInfo (RoleInfo.java:updateAndGet(143)) - 0bbc1277-be6f-4bf3-88cf-1c3b12e139ad: start FollowerState
2019-09-25 05:52:34,948 [pool-27-thread-1] INFO  util.JmxRegister (JmxRegister.java:tryRegister(44)) - Successfully registered JMX Bean with object name Ratis:service=RaftServer,group=group-6EE9E400CE9F,id=0bbc1277-be6f-4bf3-88cf-1c3b12e139ad
2019-09-25 05:52:34,951 [RatisPipelineUtilsThread] INFO  pipeline.PipelineStateManager (PipelineStateManager.java:addPipeline(56)) - Created pipeline Pipeline[ Id: a23a51d8-1bbd-430f-a453-6ee9e400ce9f, Nodes: 0bbc1277-be6f-4bf3-88cf-1c3b12e139ad{ip: 192.168.30.10, host: pr-hdds-1569-s62bp-3040748787, networkLocation: /default-rack, certSerialId: null}, Type:RATIS, Factor:ONE, State:OPEN]
2019-09-25 05:52:34,991 [grpc-default-executor-0] INFO  impl.RaftServerProxy (RaftServerProxy.java:addNew(89)) - 0bbc1277-be6f-4bf3-88cf-1c3b12e139ad: addNew group-BB6A8D64A9B1:[0bbc1277-be6f-4bf3-88cf-1c3b12e139ad:192.168.30.10:46701] returns group-BB6A8D64A9B1:java.util.concurrent.CompletableFuture@58c3a39b[Not completed]
2019-09-25 05:52:34,993 [pool-27-thread-1] INFO  impl.RaftServerImpl (RaftServerImpl.java:<init>(95)) - 0bbc1277-be6f-4bf3-88cf-1c3b12e139ad: new RaftServerImpl for group-BB6A8D64A9B1:[0bbc1277-be6f-4bf3-88cf-1c3b12e139ad:192.168.30.10:46701] with ContainerStateMachine:uninitialized
2019-09-25 05:52:34,993 [pool-27-thread-1] INFO  server.RaftServerConfigKeys (ConfUtils.java:logGet(43)) - raft.server.rpc.timeout.min = 5s (custom)
2019-09-25 05:52:34,993 [pool-27-thread-1] INFO  server.RaftServerConfigKeys (ConfUtils.java:logGet(43)) - raft.server.rpc.timeout.max = 5200ms (custom)
2019-09-25 05:52:34,993 [pool-27-thread-1] INFO  server.RaftServerConfigKeys (ConfUtils.java:logGet(43)) - raft.server.rpcslowness.timeout = 120s (custom)
2019-09-25 05:52:34,993 [pool-27-thread-1] INFO  server.RaftServerConfigKeys (ConfUtils.java:logGet(43)) - raft.server.sleep.deviation.threshold = 300 (default)
2019-09-25 05:52:34,993 [pool-27-thread-1] INFO  server.RaftServerConfigKeys (ConfUtils.java:logGet(43)) - raft.server.log.appender.install.snapshot.enabled = false (custom)
2019-09-25 05:52:34,994 [pool-27-thread-1] INFO  impl.RaftServerImpl (ServerState.java:<init>(103)) - 0bbc1277-be6f-4bf3-88cf-1c3b12e139ad@group-BB6A8D64A9B1: ConfigurationManager, init=-1: [0bbc1277-be6f-4bf3-88cf-1c3b12e139ad:192.168.30.10:46701], old=null, confs=<EMPTY_MAP>
2019-09-25 05:52:34,994 [pool-27-thread-1] INFO  server.RaftServerConfigKeys (ConfUtils.java:logGet(43)) - raft.server.storage.dir = [/workdir/hadoop-ozone/integration-test/target/test-dir/MiniOzoneClusterImpl-5fae48a0-8517-4c16-9d39-4001697b8772/datanode-0/data/ratis] (custom)
2019-09-25 05:52:34,994 [pool-27-thread-1] INFO  storage.RaftStorageDirectory (RaftStorageDirectory.java:analyzeStorage(246)) - The storage directory /workdir/hadoop-ozone/integration-test/target/test-dir/MiniOzoneClusterImpl-5fae48a0-8517-4c16-9d39-4001697b8772/datanode-0/data/ratis/4a67f3a5-b77b-4de8-aafe-bb6a8d64a9b1 does not exist. Creating ...
2019-09-25 05:52:35,003 [pool-27-thread-1] INFO  storage.RaftStorageDirectory (RaftStorageDirectory.java:tryLock(328)) - Lock on /workdir/hadoop-ozone/integration-test/target/test-dir/MiniOzoneClusterImpl-5fae48a0-8517-4c16-9d39-4001697b8772/datanode-0/data/ratis/4a67f3a5-b77b-4de8-aafe-bb6a8d64a9b1/in_use.lock acquired by nodename 25594@pr-hdds-1569-s62bp-3040748787
2019-09-25 05:52:35,003 [0bbc1277-be6f-4bf3-88cf-1c3b12e139ad@group-F3FA8EC02016-SegmentedRaftLogWorker] INFO  segmented.SegmentedRaftLogWorker (SegmentedRaftLogWorker.java:execute(569)) - 0bbc1277-be6f-4bf3-88cf-1c3b12e139ad@group-F3FA8EC02016-SegmentedRaftLogWorker: created new log segment /workdir/hadoop-ozone/integration-test/target/test-dir/MiniOzoneClusterImpl-5fae48a0-8517-4c16-9d39-4001697b8772/datanode-0/data/ratis/594bf085-3c5d-4854-9d01-f3fa8ec02016/current/log_inprogress_0
2019-09-25 05:52:35,003 [5be219b2-97fd-4a8c-91ea-b15aa89454d4@group-09E77BA40875-SegmentedRaftLogWorker] INFO  segmented.SegmentedRaftLogWorker (SegmentedRaftLogWorker.java:execute(569)) - 5be219b2-97fd-4a8c-91ea-b15aa89454d4@group-09E77BA40875-SegmentedRaftLogWorker: created new log segment /workdir/hadoop-ozone/integration-test/target/test-dir/MiniOzoneClusterImpl-5fae48a0-8517-4c16-9d39-4001697b8772/datanode-1/data/ratis/391e3f38-9d06-4ab7-8abc-09e77ba40875/current/log_inprogress_0
2019-09-25 05:52:35,016 [pool-27-thread-1] INFO  storage.RaftStorage (RaftStorage.java:format(72)) - Storage directory /workdir/hadoop-ozone/integration-test/target/test-dir/MiniOzoneClusterImpl-5fae48a0-8517-4c16-9d39-4001697b8772/datanode-0/data/ratis/4a67f3a5-b77b-4de8-aafe-bb6a8d64a9b1 has been successfully formatted.
2019-09-25 05:52:35,016 [pool-27-thread-1] INFO  ratis.ContainerStateMachine (ContainerStateMachine.java:loadSnapshot(230)) - group-BB6A8D64A9B1: The snapshot info is null. Setting the last applied indexto:(t:0, i:~)
2019-09-25 05:52:35,016 [pool-27-thread-1] INFO  server.RaftServerConfigKeys (ConfUtils.java:logGet(43)) - raft.server.notification.no-leader.timeout = 120s (custom)
2019-09-25 05:52:35,017 [pool-27-thread-1] INFO  server.RaftServerConfigKeys (ConfUtils.java:logGet(43)) - raft.server.log.use.memory = false (default)
2019-09-25 05:52:35,017 [pool-27-thread-1] INFO  server.RaftServerConfigKeys (ConfUtils.java:logGet(43)) - raft.server.log.purge.gap = 1000000 (custom)
2019-09-25 05:52:35,017 [pool-27-thread-1] INFO  server.RaftServerConfigKeys (ConfUtils.java:logGet(43)) - raft.server.log.appender.buffer.byte-limit = 33554432 (custom)
2019-09-25 05:52:35,017 [pool-27-thread-1] INFO  server.RaftServerConfigKeys (ConfUtils.java:logGet(43)) - raft.server.log.segment.size.max = 1048576 (custom)
2019-09-25 05:52:35,017 [pool-27-thread-1] INFO  server.RaftServerConfigKeys (ConfUtils.java:logGet(43)) - raft.server.log.segment.cache.num.max = 2 (custom)
2019-09-25 05:52:35,018 [pool-27-thread-1] INFO  segmented.SegmentedRaftLogWorker (SegmentedRaftLogWorker.java:<init>(172)) - new 0bbc1277-be6f-4bf3-88cf-1c3b12e139ad@group-BB6A8D64A9B1-SegmentedRaftLogWorker for RaftStorage:Storage Directory /workdir/hadoop-ozone/integration-test/target/test-dir/MiniOzoneClusterImpl-5fae48a0-8517-4c16-9d39-4001697b8772/datanode-0/data/ratis/4a67f3a5-b77b-4de8-aafe-bb6a8d64a9b1
2019-09-25 05:52:35,018 [pool-27-thread-1] INFO  server.RaftServerConfigKeys (ConfUtils.java:logGet(43)) - raft.server.log.queue.byte-limit = 2147483647 (custom)
2019-09-25 05:52:35,018 [pool-27-thread-1] INFO  server.RaftServerConfigKeys (ConfUtils.java:logGet(43)) - raft.server.log.queue.element-limit = 1024 (custom)
2019-09-25 05:52:35,018 [pool-27-thread-1] INFO  server.RaftServerConfigKeys (ConfUtils.java:logGet(43)) - raft.server.log.segment.size.max = 1048576 (custom)
2019-09-25 05:52:35,018 [pool-27-thread-1] INFO  server.RaftServerConfigKeys (ConfUtils.java:logGet(43)) - raft.server.log.preallocated.size = 16384 (custom)
2019-09-25 05:52:35,019 [pool-27-thread-1] INFO  server.RaftServerConfigKeys (ConfUtils.java:logGet(43)) - raft.server.log.write.buffer.size = 33554432 (custom)
2019-09-25 05:52:35,019 [pool-27-thread-1] INFO  server.RaftServerConfigKeys (ConfUtils.java:logGet(43)) - raft.server.log.force.sync.num = 128 (default)
2019-09-25 05:52:35,019 [pool-27-thread-1] INFO  server.RaftServerConfigKeys (ConfUtils.java:logGet(43)) - raft.server.log.statemachine.data.sync = true (default)
2019-09-25 05:52:35,019 [pool-27-thread-1] INFO  server.RaftServerConfigKeys (ConfUtils.java:logGet(43)) - raft.server.log.statemachine.data.sync.timeout = 10s (default)
2019-09-25 05:52:35,019 [pool-27-thread-1] INFO  server.RaftServerConfigKeys (ConfUtils.java:logGet(43)) - raft.server.log.statemachine.data.sync.timeout.retry = -1 (default)
2019-09-25 05:52:35,020 [pool-27-thread-1] INFO  server.RaftServerConfigKeys (ConfUtils.java:logGet(43)) - raft.server.log.statemachine.data.caching.enabled = true (custom)
2019-09-25 05:52:35,020 [pool-27-thread-1] INFO  segmented.SegmentedRaftLogWorker (SegmentedRaftLogWorker.java:lambda$new$0(132)) - 0bbc1277-be6f-4bf3-88cf-1c3b12e139ad@group-BB6A8D64A9B1-SegmentedRaftLogWorker: flushIndex: setUnconditionally 0 -> -1
2019-09-25 05:52:35,021 [pool-27-thread-1] INFO  server.RaftServerConfigKeys (ConfUtils.java:logGet(43)) - raft.server.snapshot.auto.trigger.enabled = true (custom)
2019-09-25 05:52:35,021 [pool-27-thread-1] INFO  server.RaftServerConfigKeys (ConfUtils.java:logGet(43)) - raft.server.snapshot.auto.trigger.threshold = 10000 (custom)
2019-09-25 05:52:35,021 [pool-27-thread-1] INFO  server.RaftServerConfigKeys (ConfUtils.java:logGet(43)) - raft.server.snapshot.retention.num.files = 5 (custom)
2019-09-25 05:52:35,021 [pool-27-thread-1] INFO  server.RaftServerConfigKeys (ConfUtils.java:logGet(43)) - raft.server.retrycache.expirytime = 600000ms (custom)
2019-09-25 05:52:35,025 [pool-27-thread-1] INFO  impl.RaftServerImpl (RaftServerImpl.java:start(185)) - 0bbc1277-be6f-4bf3-88cf-1c3b12e139ad@group-BB6A8D64A9B1: start as a follower, conf=-1: [0bbc1277-be6f-4bf3-88cf-1c3b12e139ad:192.168.30.10:46701], old=null
2019-09-25 05:52:35,025 [pool-27-thread-1] INFO  impl.RaftServerImpl (RaftServerImpl.java:setRole(174)) - 0bbc1277-be6f-4bf3-88cf-1c3b12e139ad@group-BB6A8D64A9B1: changes role from      null to FOLLOWER at term 0 for startAsFollower
2019-09-25 05:52:35,025 [pool-27-thread-1] INFO  impl.RoleInfo (RoleInfo.java:updateAndGet(143)) - 0bbc1277-be6f-4bf3-88cf-1c3b12e139ad: start FollowerState
2019-09-25 05:52:35,026 [Thread-349] INFO  impl.FollowerState (FollowerState.java:run(106)) - 754f3588-47e6-41ad-b34e-eb7041cce070:group-2F4E73A0FF2F changes to CANDIDATE, lastRpcTime:5164, electionTimeout:5164ms
2019-09-25 05:52:35,026 [Thread-349] INFO  impl.RoleInfo (RoleInfo.java:shutdownFollowerState(121)) - 754f3588-47e6-41ad-b34e-eb7041cce070: shutdown FollowerState
2019-09-25 05:52:35,026 [Thread-349] INFO  impl.RaftServerImpl (RaftServerImpl.java:setRole(174)) - 754f3588-47e6-41ad-b34e-eb7041cce070@group-2F4E73A0FF2F: changes role from  FOLLOWER to CANDIDATE at term 0 for changeToCandidate
2019-09-25 05:52:35,042 [Thread-349] INFO  impl.RoleInfo (RoleInfo.java:updateAndGet(143)) - 754f3588-47e6-41ad-b34e-eb7041cce070: start LeaderElection
2019-09-25 05:52:35,042 [pool-27-thread-1] INFO  util.JmxRegister (JmxRegister.java:tryRegister(44)) - Successfully registered JMX Bean with object name Ratis:service=RaftServer,group=group-BB6A8D64A9B1,id=0bbc1277-be6f-4bf3-88cf-1c3b12e139ad
2019-09-25 05:52:35,044 [RatisPipelineUtilsThread] INFO  pipeline.PipelineStateManager (PipelineStateManager.java:addPipeline(56)) - Created pipeline Pipeline[ Id: 4a67f3a5-b77b-4de8-aafe-bb6a8d64a9b1, Nodes: 0bbc1277-be6f-4bf3-88cf-1c3b12e139ad{ip: 192.168.30.10, host: pr-hdds-1569-s62bp-3040748787, networkLocation: /default-rack, certSerialId: null}, Type:RATIS, Factor:ONE, State:OPEN]
2019-09-25 05:52:35,048 [grpc-default-executor-0] INFO  impl.RaftServerProxy (RaftServerProxy.java:addNew(89)) - 754f3588-47e6-41ad-b34e-eb7041cce070: addNew group-663029606EF7:[754f3588-47e6-41ad-b34e-eb7041cce070:192.168.30.10:41089] returns group-663029606EF7:java.util.concurrent.CompletableFuture@7b0d20f7[Not completed]
2019-09-25 05:52:35,049 [pool-47-thread-1] INFO  impl.RaftServerImpl (RaftServerImpl.java:<init>(95)) - 754f3588-47e6-41ad-b34e-eb7041cce070: new RaftServerImpl for group-663029606EF7:[754f3588-47e6-41ad-b34e-eb7041cce070:192.168.30.10:41089] with ContainerStateMachine:uninitialized
2019-09-25 05:52:35,049 [pool-47-thread-1] INFO  server.RaftServerConfigKeys (ConfUtils.java:logGet(43)) - raft.server.rpc.timeout.min = 5s (custom)
2019-09-25 05:52:35,049 [pool-47-thread-1] INFO  server.RaftServerConfigKeys (ConfUtils.java:logGet(43)) - raft.server.rpc.timeout.max = 5200ms (custom)
2019-09-25 05:52:35,049 [pool-47-thread-1] INFO  server.RaftServerConfigKeys (ConfUtils.java:logGet(43)) - raft.server.rpcslowness.timeout = 120s (custom)
2019-09-25 05:52:35,049 [pool-47-thread-1] INFO  server.RaftServerConfigKeys (ConfUtils.java:logGet(43)) - raft.server.sleep.deviation.threshold = 300 (default)
2019-09-25 05:52:35,049 [pool-47-thread-1] INFO  server.RaftServerConfigKeys (ConfUtils.java:logGet(43)) - raft.server.log.appender.install.snapshot.enabled = false (custom)
2019-09-25 05:52:35,050 [pool-47-thread-1] INFO  impl.RaftServerImpl (ServerState.java:<init>(103)) - 754f3588-47e6-41ad-b34e-eb7041cce070@group-663029606EF7: ConfigurationManager, init=-1: [754f3588-47e6-41ad-b34e-eb7041cce070:192.168.30.10:41089], old=null, confs=<EMPTY_MAP>
2019-09-25 05:52:35,050 [pool-47-thread-1] INFO  server.RaftServerConfigKeys (ConfUtils.java:logGet(43)) - raft.server.storage.dir = [/workdir/hadoop-ozone/integration-test/target/test-dir/MiniOzoneClusterImpl-5fae48a0-8517-4c16-9d39-4001697b8772/datanode-2/data/ratis] (custom)
2019-09-25 05:52:35,050 [pool-47-thread-1] INFO  storage.RaftStorageDirectory (RaftStorageDirectory.java:analyzeStorage(246)) - The storage directory /workdir/hadoop-ozone/integration-test/target/test-dir/MiniOzoneClusterImpl-5fae48a0-8517-4c16-9d39-4001697b8772/datanode-2/data/ratis/5e3cddd2-e041-46c1-a4fb-663029606ef7 does not exist. Creating ...
2019-09-25 05:52:35,056 [pool-47-thread-1] INFO  storage.RaftStorageDirectory (RaftStorageDirectory.java:tryLock(328)) - Lock on /workdir/hadoop-ozone/integration-test/target/test-dir/MiniOzoneClusterImpl-5fae48a0-8517-4c16-9d39-4001697b8772/datanode-2/data/ratis/5e3cddd2-e041-46c1-a4fb-663029606ef7/in_use.lock acquired by nodename 25594@pr-hdds-1569-s62bp-3040748787
2019-09-25 05:52:35,056 [754f3588-47e6-41ad-b34e-eb7041cce070@group-2F4E73A0FF2F:LeaderElection57] INFO  impl.LeaderElection (LeaderElection.java:askForVotes(182)) - 754f3588-47e6-41ad-b34e-eb7041cce070@group-2F4E73A0FF2F:LeaderElection57: begin an election at term 1 for -1: [754f3588-47e6-41ad-b34e-eb7041cce070:192.168.30.10:41089], old=null
2019-09-25 05:52:35,056 [754f3588-47e6-41ad-b34e-eb7041cce070@group-2F4E73A0FF2F:LeaderElection57] INFO  impl.RoleInfo (RoleInfo.java:shutdownLeaderElection(134)) - 754f3588-47e6-41ad-b34e-eb7041cce070: shutdown LeaderElection
2019-09-25 05:52:35,056 [754f3588-47e6-41ad-b34e-eb7041cce070@group-2F4E73A0FF2F:LeaderElection57] INFO  impl.RaftServerImpl (RaftServerImpl.java:setRole(174)) - 754f3588-47e6-41ad-b34e-eb7041cce070@group-2F4E73A0FF2F: changes role from CANDIDATE to LEADER at term 1 for changeToLeader
2019-09-25 05:52:35,056 [754f3588-47e6-41ad-b34e-eb7041cce070@group-2F4E73A0FF2F:LeaderElection57] INFO  impl.RaftServerImpl (ServerState.java:setLeader(253)) - 754f3588-47e6-41ad-b34e-eb7041cce070@group-2F4E73A0FF2F: change Leader from null to 754f3588-47e6-41ad-b34e-eb7041cce070 at term 1 for becomeLeader, leader elected after 5199ms
2019-09-25 05:52:35,056 [754f3588-47e6-41ad-b34e-eb7041cce070@group-2F4E73A0FF2F:LeaderElection57] INFO  server.RaftServerConfigKeys (ConfUtils.java:logGet(43)) - raft.server.staging.catchup.gap = 1000 (default)
2019-09-25 05:52:35,056 [754f3588-47e6-41ad-b34e-eb7041cce070@group-2F4E73A0FF2F:LeaderElection57] INFO  server.RaftServerConfigKeys (ConfUtils.java:logGet(43)) - raft.server.rpc.sleep.time = 25ms (default)
2019-09-25 05:52:35,056 [754f3588-47e6-41ad-b34e-eb7041cce070@group-2F4E73A0FF2F:LeaderElection57] INFO  server.RaftServerConfigKeys (ConfUtils.java:logGet(43)) - raft.server.write.element-limit = 4096 (default)
2019-09-25 05:52:35,056 [754f3588-47e6-41ad-b34e-eb7041cce070@group-2F4E73A0FF2F:LeaderElection57] INFO  server.RaftServerConfigKeys (ConfUtils.java:logGet(43)) - raft.server.watch.timeout = 10s (default)
2019-09-25 05:52:35,056 [754f3588-47e6-41ad-b34e-eb7041cce070@group-2F4E73A0FF2F:LeaderElection57] INFO  server.RaftServerConfigKeys (ConfUtils.java:logGet(43)) - raft.server.watch.timeout.denomination = 1s (default)
2019-09-25 05:52:35,057 [754f3588-47e6-41ad-b34e-eb7041cce070@group-2F4E73A0FF2F:LeaderElection57] INFO  server.RaftServerConfigKeys (ConfUtils.java:logGet(43)) - raft.server.watch.element-limit = 65536 (default)
2019-09-25 05:52:35,058 [754f3588-47e6-41ad-b34e-eb7041cce070@group-2F4E73A0FF2F:LeaderElection57] INFO  impl.RoleInfo (RoleInfo.java:updateAndGet(143)) - 754f3588-47e6-41ad-b34e-eb7041cce070: start LeaderState
2019-09-25 05:52:35,058 [754f3588-47e6-41ad-b34e-eb7041cce070@group-2F4E73A0FF2F:LeaderElection57] INFO  segmented.SegmentedRaftLogWorker (SegmentedRaftLogWorker.java:startLogSegment(380)) - 754f3588-47e6-41ad-b34e-eb7041cce070@group-2F4E73A0FF2F-SegmentedRaftLogWorker: Starting segment from index:0
2019-09-25 05:52:35,058 [754f3588-47e6-41ad-b34e-eb7041cce070@group-2F4E73A0FF2F:LeaderElection57] INFO  impl.RaftServerImpl (ServerState.java:setRaftConf(354)) - 754f3588-47e6-41ad-b34e-eb7041cce070@group-2F4E73A0FF2F: set configuration 0: [754f3588-47e6-41ad-b34e-eb7041cce070:192.168.30.10:41089], old=null at 0
2019-09-25 05:52:35,066 [Thread-355] INFO  impl.FollowerState (FollowerState.java:run(106)) - 5be219b2-97fd-4a8c-91ea-b15aa89454d4:group-08F50665F143 changes to CANDIDATE, lastRpcTime:5116, electionTimeout:5116ms
2019-09-25 05:52:35,066 [Thread-355] INFO  impl.RoleInfo (RoleInfo.java:shutdownFollowerState(121)) - 5be219b2-97fd-4a8c-91ea-b15aa89454d4: shutdown FollowerState
2019-09-25 05:52:35,066 [Thread-355] INFO  impl.RaftServerImpl (RaftServerImpl.java:setRole(174)) - 5be219b2-97fd-4a8c-91ea-b15aa89454d4@group-08F50665F143: changes role from  FOLLOWER to CANDIDATE at term 0 for changeToCandidate
2019-09-25 05:52:35,066 [Thread-355] INFO  impl.RoleInfo (RoleInfo.java:updateAndGet(143)) - 5be219b2-97fd-4a8c-91ea-b15aa89454d4: start LeaderElection
2019-09-25 05:52:35,069 [5be219b2-97fd-4a8c-91ea-b15aa89454d4@group-08F50665F143:LeaderElection58] INFO  impl.LeaderElection (LeaderElection.java:askForVotes(182)) - 5be219b2-97fd-4a8c-91ea-b15aa89454d4@group-08F50665F143:LeaderElection58: begin an election at term 1 for -1: [5be219b2-97fd-4a8c-91ea-b15aa89454d4:192.168.30.10:40625], old=null
2019-09-25 05:52:35,069 [pool-47-thread-1] INFO  storage.RaftStorage (RaftStorage.java:format(72)) - Storage directory /workdir/hadoop-ozone/integration-test/target/test-dir/MiniOzoneClusterImpl-5fae48a0-8517-4c16-9d39-4001697b8772/datanode-2/data/ratis/5e3cddd2-e041-46c1-a4fb-663029606ef7 has been successfully formatted.
2019-09-25 05:52:35,070 [5be219b2-97fd-4a8c-91ea-b15aa89454d4@group-08F50665F143:LeaderElection58] INFO  impl.RoleInfo (RoleInfo.java:shutdownLeaderElection(134)) - 5be219b2-97fd-4a8c-91ea-b15aa89454d4: shutdown LeaderElection
2019-09-25 05:52:35,070 [5be219b2-97fd-4a8c-91ea-b15aa89454d4@group-08F50665F143:LeaderElection58] INFO  impl.RaftServerImpl (RaftServerImpl.java:setRole(174)) - 5be219b2-97fd-4a8c-91ea-b15aa89454d4@group-08F50665F143: changes role from CANDIDATE to LEADER at term 1 for changeToLeader
2019-09-25 05:52:35,070 [5be219b2-97fd-4a8c-91ea-b15aa89454d4@group-08F50665F143:LeaderElection58] INFO  impl.RaftServerImpl (ServerState.java:setLeader(253)) - 5be219b2-97fd-4a8c-91ea-b15aa89454d4@group-08F50665F143: change Leader from null to 5be219b2-97fd-4a8c-91ea-b15aa89454d4 at term 1 for becomeLeader, leader elected after 5125ms
2019-09-25 05:52:35,070 [pool-47-thread-1] INFO  ratis.ContainerStateMachine (ContainerStateMachine.java:loadSnapshot(230)) - group-663029606EF7: The snapshot info is null. Setting the last applied indexto:(t:0, i:~)
2019-09-25 05:52:35,070 [5be219b2-97fd-4a8c-91ea-b15aa89454d4@group-08F50665F143:LeaderElection58] INFO  server.RaftServerConfigKeys (ConfUtils.java:logGet(43)) - raft.server.staging.catchup.gap = 1000 (default)
2019-09-25 05:52:35,070 [pool-47-thread-1] INFO  server.RaftServerConfigKeys (ConfUtils.java:logGet(43)) - raft.server.notification.no-leader.timeout = 120s (custom)
2019-09-25 05:52:35,070 [5be219b2-97fd-4a8c-91ea-b15aa89454d4@group-08F50665F143:LeaderElection58] INFO  server.RaftServerConfigKeys (ConfUtils.java:logGet(43)) - raft.server.rpc.sleep.time = 25ms (default)
2019-09-25 05:52:35,070 [pool-47-thread-1] INFO  server.RaftServerConfigKeys (ConfUtils.java:logGet(43)) - raft.server.log.use.memory = false (default)
2019-09-25 05:52:35,070 [5be219b2-97fd-4a8c-91ea-b15aa89454d4@group-08F50665F143:LeaderElection58] INFO  server.RaftServerConfigKeys (ConfUtils.java:logGet(43)) - raft.server.write.element-limit = 4096 (default)
2019-09-25 05:52:35,070 [pool-47-thread-1] INFO  server.RaftServerConfigKeys (ConfUtils.java:logGet(43)) - raft.server.log.purge.gap = 1000000 (custom)
2019-09-25 05:52:35,070 [5be219b2-97fd-4a8c-91ea-b15aa89454d4@group-08F50665F143:LeaderElection58] INFO  server.RaftServerConfigKeys (ConfUtils.java:logGet(43)) - raft.server.watch.timeout = 10s (default)
2019-09-25 05:52:35,070 [pool-47-thread-1] INFO  server.RaftServerConfigKeys (ConfUtils.java:logGet(43)) - raft.server.log.appender.buffer.byte-limit = 33554432 (custom)
2019-09-25 05:52:35,070 [5be219b2-97fd-4a8c-91ea-b15aa89454d4@group-08F50665F143:LeaderElection58] INFO  server.RaftServerConfigKeys (ConfUtils.java:logGet(43)) - raft.server.watch.timeout.denomination = 1s (default)
2019-09-25 05:52:35,071 [pool-47-thread-1] INFO  server.RaftServerConfigKeys (ConfUtils.java:logGet(43)) - raft.server.log.segment.size.max = 1048576 (custom)
2019-09-25 05:52:35,071 [5be219b2-97fd-4a8c-91ea-b15aa89454d4@group-08F50665F143:LeaderElection58] INFO  server.RaftServerConfigKeys (ConfUtils.java:logGet(43)) - raft.server.watch.element-limit = 65536 (default)
2019-09-25 05:52:35,071 [pool-47-thread-1] INFO  server.RaftServerConfigKeys (ConfUtils.java:logGet(43)) - raft.server.log.segment.cache.num.max = 2 (custom)
2019-09-25 05:52:35,071 [pool-47-thread-1] INFO  segmented.SegmentedRaftLogWorker (SegmentedRaftLogWorker.java:<init>(172)) - new 754f3588-47e6-41ad-b34e-eb7041cce070@group-663029606EF7-SegmentedRaftLogWorker for RaftStorage:Storage Directory /workdir/hadoop-ozone/integration-test/target/test-dir/MiniOzoneClusterImpl-5fae48a0-8517-4c16-9d39-4001697b8772/datanode-2/data/ratis/5e3cddd2-e041-46c1-a4fb-663029606ef7
2019-09-25 05:52:35,071 [pool-47-thread-1] INFO  server.RaftServerConfigKeys (ConfUtils.java:logGet(43)) - raft.server.log.queue.byte-limit = 2147483647 (custom)
2019-09-25 05:52:35,071 [pool-47-thread-1] INFO  server.RaftServerConfigKeys (ConfUtils.java:logGet(43)) - raft.server.log.queue.element-limit = 1024 (custom)
2019-09-25 05:52:35,071 [pool-47-thread-1] INFO  server.RaftServerConfigKeys (ConfUtils.java:logGet(43)) - raft.server.log.segment.size.max = 1048576 (custom)
2019-09-25 05:52:35,071 [pool-47-thread-1] INFO  server.RaftServerConfigKeys (ConfUtils.java:logGet(43)) - raft.server.log.preallocated.size = 16384 (custom)
2019-09-25 05:52:35,071 [pool-47-thread-1] INFO  server.RaftServerConfigKeys (ConfUtils.java:logGet(43)) - raft.server.log.write.buffer.size = 33554432 (custom)
2019-09-25 05:52:35,071 [pool-47-thread-1] INFO  server.RaftServerConfigKeys (ConfUtils.java:logGet(43)) - raft.server.log.force.sync.num = 128 (default)
2019-09-25 05:52:35,071 [pool-47-thread-1] INFO  server.RaftServerConfigKeys (ConfUtils.java:logGet(43)) - raft.server.log.statemachine.data.sync = true (default)
2019-09-25 05:52:35,072 [pool-47-thread-1] INFO  server.RaftServerConfigKeys (ConfUtils.java:logGet(43)) - raft.server.log.statemachine.data.sync.timeout = 10s (default)
2019-09-25 05:52:35,072 [5be219b2-97fd-4a8c-91ea-b15aa89454d4@group-08F50665F143:LeaderElection58] INFO  impl.RoleInfo (RoleInfo.java:updateAndGet(143)) - 5be219b2-97fd-4a8c-91ea-b15aa89454d4: start LeaderState
2019-09-25 05:52:35,072 [pool-47-thread-1] INFO  server.RaftServerConfigKeys (ConfUtils.java:logGet(43)) - raft.server.log.statemachine.data.sync.timeout.retry = -1 (default)
2019-09-25 05:52:35,072 [5be219b2-97fd-4a8c-91ea-b15aa89454d4@group-08F50665F143:LeaderElection58] INFO  segmented.SegmentedRaftLogWorker (SegmentedRaftLogWorker.java:startLogSegment(380)) - 5be219b2-97fd-4a8c-91ea-b15aa89454d4@group-08F50665F143-SegmentedRaftLogWorker: Starting segment from index:0
2019-09-25 05:52:35,072 [pool-47-thread-1] INFO  server.RaftServerConfigKeys (ConfUtils.java:logGet(43)) - raft.server.log.statemachine.data.caching.enabled = true (custom)
2019-09-25 05:52:35,072 [5be219b2-97fd-4a8c-91ea-b15aa89454d4@group-08F50665F143:LeaderElection58] INFO  impl.RaftServerImpl (ServerState.java:setRaftConf(354)) - 5be219b2-97fd-4a8c-91ea-b15aa89454d4@group-08F50665F143: set configuration 0: [5be219b2-97fd-4a8c-91ea-b15aa89454d4:192.168.30.10:40625], old=null at 0
2019-09-25 05:52:35,072 [pool-47-thread-1] INFO  segmented.SegmentedRaftLogWorker (SegmentedRaftLogWorker.java:lambda$new$0(132)) - 754f3588-47e6-41ad-b34e-eb7041cce070@group-663029606EF7-SegmentedRaftLogWorker: flushIndex: setUnconditionally 0 -> -1
2019-09-25 05:52:35,072 [pool-47-thread-1] INFO  server.RaftServerConfigKeys (ConfUtils.java:logGet(43)) - raft.server.snapshot.auto.trigger.enabled = true (custom)
2019-09-25 05:52:35,072 [pool-47-thread-1] INFO  server.RaftServerConfigKeys (ConfUtils.java:logGet(43)) - raft.server.snapshot.auto.trigger.threshold = 10000 (custom)
2019-09-25 05:52:35,073 [pool-47-thread-1] INFO  server.RaftServerConfigKeys (ConfUtils.java:logGet(43)) - raft.server.snapshot.retention.num.files = 5 (custom)
2019-09-25 05:52:35,073 [pool-47-thread-1] INFO  server.RaftServerConfigKeys (ConfUtils.java:logGet(43)) - raft.server.retrycache.expirytime = 600000ms (custom)
2019-09-25 05:52:35,074 [pool-47-thread-1] INFO  impl.RaftServerImpl (RaftServerImpl.java:start(185)) - 754f3588-47e6-41ad-b34e-eb7041cce070@group-663029606EF7: start as a follower, conf=-1: [754f3588-47e6-41ad-b34e-eb7041cce070:192.168.30.10:41089], old=null
2019-09-25 05:52:35,074 [Thread-358] INFO  impl.FollowerState (FollowerState.java:run(106)) - 0bbc1277-be6f-4bf3-88cf-1c3b12e139ad:group-67657A5AC365 changes to CANDIDATE, lastRpcTime:5075, electionTimeout:5075ms
2019-09-25 05:52:35,074 [pool-47-thread-1] INFO  impl.RaftServerImpl (RaftServerImpl.java:setRole(174)) - 754f3588-47e6-41ad-b34e-eb7041cce070@group-663029606EF7: changes role from      null to FOLLOWER at term 0 for startAsFollower
2019-09-25 05:52:35,074 [Thread-358] INFO  impl.RoleInfo (RoleInfo.java:shutdownFollowerState(121)) - 0bbc1277-be6f-4bf3-88cf-1c3b12e139ad: shutdown FollowerState
2019-09-25 05:52:35,074 [pool-47-thread-1] INFO  impl.RoleInfo (RoleInfo.java:updateAndGet(143)) - 754f3588-47e6-41ad-b34e-eb7041cce070: start FollowerState
2019-09-25 05:52:35,074 [Thread-358] INFO  impl.RaftServerImpl (RaftServerImpl.java:setRole(174)) - 0bbc1277-be6f-4bf3-88cf-1c3b12e139ad@group-67657A5AC365: changes role from  FOLLOWER to CANDIDATE at term 0 for changeToCandidate
2019-09-25 05:52:35,075 [Thread-358] INFO  impl.RoleInfo (RoleInfo.java:updateAndGet(143)) - 0bbc1277-be6f-4bf3-88cf-1c3b12e139ad: start LeaderElection
2019-09-25 05:52:35,075 [pool-47-thread-1] INFO  util.JmxRegister (JmxRegister.java:tryRegister(44)) - Successfully registered JMX Bean with object name Ratis:service=RaftServer,group=group-663029606EF7,id=754f3588-47e6-41ad-b34e-eb7041cce070
2019-09-25 05:52:35,078 [RatisPipelineUtilsThread] INFO  pipeline.PipelineStateManager (PipelineStateManager.java:addPipeline(56)) - Created pipeline Pipeline[ Id: 5e3cddd2-e041-46c1-a4fb-663029606ef7, Nodes: 754f3588-47e6-41ad-b34e-eb7041cce070{ip: 192.168.30.10, host: pr-hdds-1569-s62bp-3040748787, networkLocation: /default-rack, certSerialId: null}, Type:RATIS, Factor:ONE, State:OPEN]
2019-09-25 05:52:35,083 [grpc-default-executor-0] INFO  impl.RaftServerProxy (RaftServerProxy.java:addNew(89)) - 0bbc1277-be6f-4bf3-88cf-1c3b12e139ad: addNew group-454111474CB6:[0bbc1277-be6f-4bf3-88cf-1c3b12e139ad:192.168.30.10:46701] returns group-454111474CB6:java.util.concurrent.CompletableFuture@5c097461[Not completed]
2019-09-25 05:52:35,084 [pool-27-thread-1] INFO  impl.RaftServerImpl (RaftServerImpl.java:<init>(95)) - 0bbc1277-be6f-4bf3-88cf-1c3b12e139ad: new RaftServerImpl for group-454111474CB6:[0bbc1277-be6f-4bf3-88cf-1c3b12e139ad:192.168.30.10:46701] with ContainerStateMachine:uninitialized
2019-09-25 05:52:35,084 [pool-27-thread-1] INFO  server.RaftServerConfigKeys (ConfUtils.java:logGet(43)) - raft.server.rpc.timeout.min = 5s (custom)
2019-09-25 05:52:35,084 [pool-27-thread-1] INFO  server.RaftServerConfigKeys (ConfUtils.java:logGet(43)) - raft.server.rpc.timeout.max = 5200ms (custom)
2019-09-25 05:52:35,084 [pool-27-thread-1] INFO  server.RaftServerConfigKeys (ConfUtils.java:logGet(43)) - raft.server.rpcslowness.timeout = 120s (custom)
2019-09-25 05:52:35,084 [pool-27-thread-1] INFO  server.RaftServerConfigKeys (ConfUtils.java:logGet(43)) - raft.server.sleep.deviation.threshold = 300 (default)
2019-09-25 05:52:35,084 [pool-27-thread-1] INFO  server.RaftServerConfigKeys (ConfUtils.java:logGet(43)) - raft.server.log.appender.install.snapshot.enabled = false (custom)
2019-09-25 05:52:35,084 [pool-27-thread-1] INFO  impl.RaftServerImpl (ServerState.java:<init>(103)) - 0bbc1277-be6f-4bf3-88cf-1c3b12e139ad@group-454111474CB6: ConfigurationManager, init=-1: [0bbc1277-be6f-4bf3-88cf-1c3b12e139ad:192.168.30.10:46701], old=null, confs=<EMPTY_MAP>
2019-09-25 05:52:35,085 [pool-27-thread-1] INFO  server.RaftServerConfigKeys (ConfUtils.java:logGet(43)) - raft.server.storage.dir = [/workdir/hadoop-ozone/integration-test/target/test-dir/MiniOzoneClusterImpl-5fae48a0-8517-4c16-9d39-4001697b8772/datanode-0/data/ratis] (custom)
2019-09-25 05:52:35,085 [pool-27-thread-1] INFO  storage.RaftStorageDirectory (RaftStorageDirectory.java:analyzeStorage(246)) - The storage directory /workdir/hadoop-ozone/integration-test/target/test-dir/MiniOzoneClusterImpl-5fae48a0-8517-4c16-9d39-4001697b8772/datanode-0/data/ratis/3ad59968-1d05-427d-99bc-454111474cb6 does not exist. Creating ...
2019-09-25 05:52:35,089 [pool-27-thread-1] INFO  storage.RaftStorageDirectory (RaftStorageDirectory.java:tryLock(328)) - Lock on /workdir/hadoop-ozone/integration-test/target/test-dir/MiniOzoneClusterImpl-5fae48a0-8517-4c16-9d39-4001697b8772/datanode-0/data/ratis/3ad59968-1d05-427d-99bc-454111474cb6/in_use.lock acquired by nodename 25594@pr-hdds-1569-s62bp-3040748787
2019-09-25 05:52:35,089 [754f3588-47e6-41ad-b34e-eb7041cce070@group-2F4E73A0FF2F-SegmentedRaftLogWorker] INFO  segmented.SegmentedRaftLogWorker (SegmentedRaftLogWorker.java:execute(569)) - 754f3588-47e6-41ad-b34e-eb7041cce070@group-2F4E73A0FF2F-SegmentedRaftLogWorker: created new log segment /workdir/hadoop-ozone/integration-test/target/test-dir/MiniOzoneClusterImpl-5fae48a0-8517-4c16-9d39-4001697b8772/datanode-2/data/ratis/bc9b5949-a7e6-4653-bac9-2f4e73a0ff2f/current/log_inprogress_0
2019-09-25 05:52:35,089 [0bbc1277-be6f-4bf3-88cf-1c3b12e139ad@group-67657A5AC365:LeaderElection59] INFO  impl.LeaderElection (LeaderElection.java:askForVotes(182)) - 0bbc1277-be6f-4bf3-88cf-1c3b12e139ad@group-67657A5AC365:LeaderElection59: begin an election at term 1 for -1: [0bbc1277-be6f-4bf3-88cf-1c3b12e139ad:192.168.30.10:46701], old=null
2019-09-25 05:52:35,089 [0bbc1277-be6f-4bf3-88cf-1c3b12e139ad@group-67657A5AC365:LeaderElection59] INFO  impl.RoleInfo (RoleInfo.java:shutdownLeaderElection(134)) - 0bbc1277-be6f-4bf3-88cf-1c3b12e139ad: shutdown LeaderElection
2019-09-25 05:52:35,089 [0bbc1277-be6f-4bf3-88cf-1c3b12e139ad@group-67657A5AC365:LeaderElection59] INFO  impl.RaftServerImpl (RaftServerImpl.java:setRole(174)) - 0bbc1277-be6f-4bf3-88cf-1c3b12e139ad@group-67657A5AC365: changes role from CANDIDATE to LEADER at term 1 for changeToLeader
2019-09-25 05:52:35,089 [0bbc1277-be6f-4bf3-88cf-1c3b12e139ad@group-67657A5AC365:LeaderElection59] INFO  impl.RaftServerImpl (ServerState.java:setLeader(253)) - 0bbc1277-be6f-4bf3-88cf-1c3b12e139ad@group-67657A5AC365: change Leader from null to 0bbc1277-be6f-4bf3-88cf-1c3b12e139ad at term 1 for becomeLeader, leader elected after 5096ms
2019-09-25 05:52:35,089 [0bbc1277-be6f-4bf3-88cf-1c3b12e139ad@group-67657A5AC365:LeaderElection59] INFO  server.RaftServerConfigKeys (ConfUtils.java:logGet(43)) - raft.server.staging.catchup.gap = 1000 (default)
2019-09-25 05:52:35,089 [0bbc1277-be6f-4bf3-88cf-1c3b12e139ad@group-67657A5AC365:LeaderElection59] INFO  server.RaftServerConfigKeys (ConfUtils.java:logGet(43)) - raft.server.rpc.sleep.time = 25ms (default)
2019-09-25 05:52:35,089 [0bbc1277-be6f-4bf3-88cf-1c3b12e139ad@group-67657A5AC365:LeaderElection59] INFO  server.RaftServerConfigKeys (ConfUtils.java:logGet(43)) - raft.server.write.element-limit = 4096 (default)
2019-09-25 05:52:35,090 [0bbc1277-be6f-4bf3-88cf-1c3b12e139ad@group-67657A5AC365:LeaderElection59] INFO  server.RaftServerConfigKeys (ConfUtils.java:logGet(43)) - raft.server.watch.timeout = 10s (default)
2019-09-25 05:52:35,090 [0bbc1277-be6f-4bf3-88cf-1c3b12e139ad@group-67657A5AC365:LeaderElection59] INFO  server.RaftServerConfigKeys (ConfUtils.java:logGet(43)) - raft.server.watch.timeout.denomination = 1s (default)
2019-09-25 05:52:35,090 [0bbc1277-be6f-4bf3-88cf-1c3b12e139ad@group-67657A5AC365:LeaderElection59] INFO  server.RaftServerConfigKeys (ConfUtils.java:logGet(43)) - raft.server.watch.element-limit = 65536 (default)
2019-09-25 05:52:35,091 [0bbc1277-be6f-4bf3-88cf-1c3b12e139ad@group-67657A5AC365:LeaderElection59] INFO  impl.RoleInfo (RoleInfo.java:updateAndGet(143)) - 0bbc1277-be6f-4bf3-88cf-1c3b12e139ad: start LeaderState
2019-09-25 05:52:35,091 [0bbc1277-be6f-4bf3-88cf-1c3b12e139ad@group-67657A5AC365:LeaderElection59] INFO  segmented.SegmentedRaftLogWorker (SegmentedRaftLogWorker.java:startLogSegment(380)) - 0bbc1277-be6f-4bf3-88cf-1c3b12e139ad@group-67657A5AC365-SegmentedRaftLogWorker: Starting segment from index:0
2019-09-25 05:52:35,091 [0bbc1277-be6f-4bf3-88cf-1c3b12e139ad@group-67657A5AC365:LeaderElection59] INFO  impl.RaftServerImpl (ServerState.java:setRaftConf(354)) - 0bbc1277-be6f-4bf3-88cf-1c3b12e139ad@group-67657A5AC365: set configuration 0: [0bbc1277-be6f-4bf3-88cf-1c3b12e139ad:192.168.30.10:46701], old=null at 0
2019-09-25 05:52:35,118 [pool-27-thread-1] INFO  storage.RaftStorage (RaftStorage.java:format(72)) - Storage directory /workdir/hadoop-ozone/integration-test/target/test-dir/MiniOzoneClusterImpl-5fae48a0-8517-4c16-9d39-4001697b8772/datanode-0/data/ratis/3ad59968-1d05-427d-99bc-454111474cb6 has been successfully formatted.
2019-09-25 05:52:35,121 [pool-27-thread-1] INFO  ratis.ContainerStateMachine (ContainerStateMachine.java:loadSnapshot(230)) - group-454111474CB6: The snapshot info is null. Setting the last applied indexto:(t:0, i:~)
2019-09-25 05:52:35,121 [pool-27-thread-1] INFO  server.RaftServerConfigKeys (ConfUtils.java:logGet(43)) - raft.server.notification.no-leader.timeout = 120s (custom)
2019-09-25 05:52:35,121 [pool-27-thread-1] INFO  server.RaftServerConfigKeys (ConfUtils.java:logGet(43)) - raft.server.log.use.memory = false (default)
2019-09-25 05:52:35,122 [pool-27-thread-1] INFO  server.RaftServerConfigKeys (ConfUtils.java:logGet(43)) - raft.server.log.purge.gap = 1000000 (custom)
2019-09-25 05:52:35,122 [pool-27-thread-1] INFO  server.RaftServerConfigKeys (ConfUtils.java:logGet(43)) - raft.server.log.appender.buffer.byte-limit = 33554432 (custom)
2019-09-25 05:52:35,122 [pool-27-thread-1] INFO  server.RaftServerConfigKeys (ConfUtils.java:logGet(43)) - raft.server.log.segment.size.max = 1048576 (custom)
2019-09-25 05:52:35,122 [pool-27-thread-1] INFO  server.RaftServerConfigKeys (ConfUtils.java:logGet(43)) - raft.server.log.segment.cache.num.max = 2 (custom)
2019-09-25 05:52:35,122 [pool-27-thread-1] INFO  segmented.SegmentedRaftLogWorker (SegmentedRaftLogWorker.java:<init>(172)) - new 0bbc1277-be6f-4bf3-88cf-1c3b12e139ad@group-454111474CB6-SegmentedRaftLogWorker for RaftStorage:Storage Directory /workdir/hadoop-ozone/integration-test/target/test-dir/MiniOzoneClusterImpl-5fae48a0-8517-4c16-9d39-4001697b8772/datanode-0/data/ratis/3ad59968-1d05-427d-99bc-454111474cb6
2019-09-25 05:52:35,122 [pool-27-thread-1] INFO  server.RaftServerConfigKeys (ConfUtils.java:logGet(43)) - raft.server.log.queue.byte-limit = 2147483647 (custom)
2019-09-25 05:52:35,122 [pool-27-thread-1] INFO  server.RaftServerConfigKeys (ConfUtils.java:logGet(43)) - raft.server.log.queue.element-limit = 1024 (custom)
2019-09-25 05:52:35,122 [pool-27-thread-1] INFO  server.RaftServerConfigKeys (ConfUtils.java:logGet(43)) - raft.server.log.segment.size.max = 1048576 (custom)
2019-09-25 05:52:35,123 [pool-27-thread-1] INFO  server.RaftServerConfigKeys (ConfUtils.java:logGet(43)) - raft.server.log.preallocated.size = 16384 (custom)
2019-09-25 05:52:35,123 [pool-27-thread-1] INFO  server.RaftServerConfigKeys (ConfUtils.java:logGet(43)) - raft.server.log.write.buffer.size = 33554432 (custom)
2019-09-25 05:52:35,123 [pool-27-thread-1] INFO  server.RaftServerConfigKeys (ConfUtils.java:logGet(43)) - raft.server.log.force.sync.num = 128 (default)
2019-09-25 05:52:35,123 [pool-27-thread-1] INFO  server.RaftServerConfigKeys (ConfUtils.java:logGet(43)) - raft.server.log.statemachine.data.sync = true (default)
2019-09-25 05:52:35,123 [pool-27-thread-1] INFO  server.RaftServerConfigKeys (ConfUtils.java:logGet(43)) - raft.server.log.statemachine.data.sync.timeout = 10s (default)
2019-09-25 05:52:35,123 [pool-27-thread-1] INFO  server.RaftServerConfigKeys (ConfUtils.java:logGet(43)) - raft.server.log.statemachine.data.sync.timeout.retry = -1 (default)
2019-09-25 05:52:35,123 [pool-27-thread-1] INFO  server.RaftServerConfigKeys (ConfUtils.java:logGet(43)) - raft.server.log.statemachine.data.caching.enabled = true (custom)
2019-09-25 05:52:35,124 [pool-27-thread-1] INFO  segmented.SegmentedRaftLogWorker (SegmentedRaftLogWorker.java:lambda$new$0(132)) - 0bbc1277-be6f-4bf3-88cf-1c3b12e139ad@group-454111474CB6-SegmentedRaftLogWorker: flushIndex: setUnconditionally 0 -> -1
2019-09-25 05:52:35,124 [pool-27-thread-1] INFO  server.RaftServerConfigKeys (ConfUtils.java:logGet(43)) - raft.server.snapshot.auto.trigger.enabled = true (custom)
2019-09-25 05:52:35,124 [pool-27-thread-1] INFO  server.RaftServerConfigKeys (ConfUtils.java:logGet(43)) - raft.server.snapshot.auto.trigger.threshold = 10000 (custom)
2019-09-25 05:52:35,124 [pool-27-thread-1] INFO  server.RaftServerConfigKeys (ConfUtils.java:logGet(43)) - raft.server.snapshot.retention.num.files = 5 (custom)
2019-09-25 05:52:35,124 [pool-27-thread-1] INFO  server.RaftServerConfigKeys (ConfUtils.java:logGet(43)) - raft.server.retrycache.expirytime = 600000ms (custom)
2019-09-25 05:52:35,126 [pool-27-thread-1] INFO  impl.RaftServerImpl (RaftServerImpl.java:start(185)) - 0bbc1277-be6f-4bf3-88cf-1c3b12e139ad@group-454111474CB6: start as a follower, conf=-1: [0bbc1277-be6f-4bf3-88cf-1c3b12e139ad:192.168.30.10:46701], old=null
2019-09-25 05:52:35,126 [pool-27-thread-1] INFO  impl.RaftServerImpl (RaftServerImpl.java:setRole(174)) - 0bbc1277-be6f-4bf3-88cf-1c3b12e139ad@group-454111474CB6: changes role from      null to FOLLOWER at term 0 for startAsFollower
2019-09-25 05:52:35,127 [pool-27-thread-1] INFO  impl.RoleInfo (RoleInfo.java:updateAndGet(143)) - 0bbc1277-be6f-4bf3-88cf-1c3b12e139ad: start FollowerState
2019-09-25 05:52:35,127 [pool-27-thread-1] INFO  util.JmxRegister (JmxRegister.java:tryRegister(44)) - Successfully registered JMX Bean with object name Ratis:service=RaftServer,group=group-454111474CB6,id=0bbc1277-be6f-4bf3-88cf-1c3b12e139ad
2019-09-25 05:52:35,131 [5be219b2-97fd-4a8c-91ea-b15aa89454d4@group-08F50665F143-SegmentedRaftLogWorker] INFO  segmented.SegmentedRaftLogWorker (SegmentedRaftLogWorker.java:execute(569)) - 5be219b2-97fd-4a8c-91ea-b15aa89454d4@group-08F50665F143-SegmentedRaftLogWorker: created new log segment /workdir/hadoop-ozone/integration-test/target/test-dir/MiniOzoneClusterImpl-5fae48a0-8517-4c16-9d39-4001697b8772/datanode-1/data/ratis/06e1df2a-2a3a-49da-929c-08f50665f143/current/log_inprogress_0
2019-09-25 05:52:35,131 [0bbc1277-be6f-4bf3-88cf-1c3b12e139ad@group-67657A5AC365-SegmentedRaftLogWorker] INFO  segmented.SegmentedRaftLogWorker (SegmentedRaftLogWorker.java:execute(569)) - 0bbc1277-be6f-4bf3-88cf-1c3b12e139ad@group-67657A5AC365-SegmentedRaftLogWorker: created new log segment /workdir/hadoop-ozone/integration-test/target/test-dir/MiniOzoneClusterImpl-5fae48a0-8517-4c16-9d39-4001697b8772/datanode-0/data/ratis/ec0294a3-9575-475d-9eae-67657a5ac365/current/log_inprogress_0
2019-09-25 05:52:35,140 [RatisPipelineUtilsThread] INFO  pipeline.PipelineStateManager (PipelineStateManager.java:addPipeline(56)) - Created pipeline Pipeline[ Id: 3ad59968-1d05-427d-99bc-454111474cb6, Nodes: 0bbc1277-be6f-4bf3-88cf-1c3b12e139ad{ip: 192.168.30.10, host: pr-hdds-1569-s62bp-3040748787, networkLocation: /default-rack, certSerialId: null}, Type:RATIS, Factor:ONE, State:OPEN]
2019-09-25 05:52:35,145 [grpc-default-executor-0] INFO  impl.RaftServerProxy (RaftServerProxy.java:addNew(89)) - 5be219b2-97fd-4a8c-91ea-b15aa89454d4: addNew group-5BFA6460C9BF:[5be219b2-97fd-4a8c-91ea-b15aa89454d4:192.168.30.10:40625] returns group-5BFA6460C9BF:java.util.concurrent.CompletableFuture@278d08b0[Not completed]
2019-09-25 05:52:35,146 [pool-37-thread-1] INFO  impl.RaftServerImpl (RaftServerImpl.java:<init>(95)) - 5be219b2-97fd-4a8c-91ea-b15aa89454d4: new RaftServerImpl for group-5BFA6460C9BF:[5be219b2-97fd-4a8c-91ea-b15aa89454d4:192.168.30.10:40625] with ContainerStateMachine:uninitialized
2019-09-25 05:52:35,146 [pool-37-thread-1] INFO  server.RaftServerConfigKeys (ConfUtils.java:logGet(43)) - raft.server.rpc.timeout.min = 5s (custom)
2019-09-25 05:52:35,146 [pool-37-thread-1] INFO  server.RaftServerConfigKeys (ConfUtils.java:logGet(43)) - raft.server.rpc.timeout.max = 5200ms (custom)
2019-09-25 05:52:35,146 [pool-37-thread-1] INFO  server.RaftServerConfigKeys (ConfUtils.java:logGet(43)) - raft.server.rpcslowness.timeout = 120s (custom)
2019-09-25 05:52:35,146 [pool-37-thread-1] INFO  server.RaftServerConfigKeys (ConfUtils.java:logGet(43)) - raft.server.sleep.deviation.threshold = 300 (default)
2019-09-25 05:52:35,146 [pool-37-thread-1] INFO  server.RaftServerConfigKeys (ConfUtils.java:logGet(43)) - raft.server.log.appender.install.snapshot.enabled = false (custom)
2019-09-25 05:52:35,147 [pool-37-thread-1] INFO  impl.RaftServerImpl (ServerState.java:<init>(103)) - 5be219b2-97fd-4a8c-91ea-b15aa89454d4@group-5BFA6460C9BF: ConfigurationManager, init=-1: [5be219b2-97fd-4a8c-91ea-b15aa89454d4:192.168.30.10:40625], old=null, confs=<EMPTY_MAP>
2019-09-25 05:52:35,147 [pool-37-thread-1] INFO  server.RaftServerConfigKeys (ConfUtils.java:logGet(43)) - raft.server.storage.dir = [/workdir/hadoop-ozone/integration-test/target/test-dir/MiniOzoneClusterImpl-5fae48a0-8517-4c16-9d39-4001697b8772/datanode-1/data/ratis] (custom)
2019-09-25 05:52:35,147 [pool-37-thread-1] INFO  storage.RaftStorageDirectory (RaftStorageDirectory.java:analyzeStorage(246)) - The storage directory /workdir/hadoop-ozone/integration-test/target/test-dir/MiniOzoneClusterImpl-5fae48a0-8517-4c16-9d39-4001697b8772/datanode-1/data/ratis/daa10994-6b76-4e46-a8e8-5bfa6460c9bf does not exist. Creating ...
2019-09-25 05:52:35,160 [pool-37-thread-1] INFO  storage.RaftStorageDirectory (RaftStorageDirectory.java:tryLock(328)) - Lock on /workdir/hadoop-ozone/integration-test/target/test-dir/MiniOzoneClusterImpl-5fae48a0-8517-4c16-9d39-4001697b8772/datanode-1/data/ratis/daa10994-6b76-4e46-a8e8-5bfa6460c9bf/in_use.lock acquired by nodename 25594@pr-hdds-1569-s62bp-3040748787
2019-09-25 05:52:35,173 [pool-37-thread-1] INFO  storage.RaftStorage (RaftStorage.java:format(72)) - Storage directory /workdir/hadoop-ozone/integration-test/target/test-dir/MiniOzoneClusterImpl-5fae48a0-8517-4c16-9d39-4001697b8772/datanode-1/data/ratis/daa10994-6b76-4e46-a8e8-5bfa6460c9bf has been successfully formatted.
2019-09-25 05:52:35,174 [pool-37-thread-1] INFO  ratis.ContainerStateMachine (ContainerStateMachine.java:loadSnapshot(230)) - group-5BFA6460C9BF: The snapshot info is null. Setting the last applied indexto:(t:0, i:~)
2019-09-25 05:52:35,174 [pool-37-thread-1] INFO  server.RaftServerConfigKeys (ConfUtils.java:logGet(43)) - raft.server.notification.no-leader.timeout = 120s (custom)
2019-09-25 05:52:35,174 [pool-37-thread-1] INFO  server.RaftServerConfigKeys (ConfUtils.java:logGet(43)) - raft.server.log.use.memory = false (default)
2019-09-25 05:52:35,174 [pool-37-thread-1] INFO  server.RaftServerConfigKeys (ConfUtils.java:logGet(43)) - raft.server.log.purge.gap = 1000000 (custom)
2019-09-25 05:52:35,174 [pool-37-thread-1] INFO  server.RaftServerConfigKeys (ConfUtils.java:logGet(43)) - raft.server.log.appender.buffer.byte-limit = 33554432 (custom)
2019-09-25 05:52:35,174 [pool-37-thread-1] INFO  server.RaftServerConfigKeys (ConfUtils.java:logGet(43)) - raft.server.log.segment.size.max = 1048576 (custom)
2019-09-25 05:52:35,174 [pool-37-thread-1] INFO  server.RaftServerConfigKeys (ConfUtils.java:logGet(43)) - raft.server.log.segment.cache.num.max = 2 (custom)
2019-09-25 05:52:35,174 [pool-37-thread-1] INFO  segmented.SegmentedRaftLogWorker (SegmentedRaftLogWorker.java:<init>(172)) - new 5be219b2-97fd-4a8c-91ea-b15aa89454d4@group-5BFA6460C9BF-SegmentedRaftLogWorker for RaftStorage:Storage Directory /workdir/hadoop-ozone/integration-test/target/test-dir/MiniOzoneClusterImpl-5fae48a0-8517-4c16-9d39-4001697b8772/datanode-1/data/ratis/daa10994-6b76-4e46-a8e8-5bfa6460c9bf
2019-09-25 05:52:35,175 [pool-37-thread-1] INFO  server.RaftServerConfigKeys (ConfUtils.java:logGet(43)) - raft.server.log.queue.byte-limit = 2147483647 (custom)
2019-09-25 05:52:35,175 [pool-37-thread-1] INFO  server.RaftServerConfigKeys (ConfUtils.java:logGet(43)) - raft.server.log.queue.element-limit = 1024 (custom)
2019-09-25 05:52:35,175 [pool-37-thread-1] INFO  server.RaftServerConfigKeys (ConfUtils.java:logGet(43)) - raft.server.log.segment.size.max = 1048576 (custom)
2019-09-25 05:52:35,175 [pool-37-thread-1] INFO  server.RaftServerConfigKeys (ConfUtils.java:logGet(43)) - raft.server.log.preallocated.size = 16384 (custom)
2019-09-25 05:52:35,175 [pool-37-thread-1] INFO  server.RaftServerConfigKeys (ConfUtils.java:logGet(43)) - raft.server.log.write.buffer.size = 33554432 (custom)
2019-09-25 05:52:35,175 [pool-37-thread-1] INFO  server.RaftServerConfigKeys (ConfUtils.java:logGet(43)) - raft.server.log.force.sync.num = 128 (default)
2019-09-25 05:52:35,175 [pool-37-thread-1] INFO  server.RaftServerConfigKeys (ConfUtils.java:logGet(43)) - raft.server.log.statemachine.data.sync = true (default)
2019-09-25 05:52:35,175 [pool-37-thread-1] INFO  server.RaftServerConfigKeys (ConfUtils.java:logGet(43)) - raft.server.log.statemachine.data.sync.timeout = 10s (default)
2019-09-25 05:52:35,175 [pool-37-thread-1] INFO  server.RaftServerConfigKeys (ConfUtils.java:logGet(43)) - raft.server.log.statemachine.data.sync.timeout.retry = -1 (default)
2019-09-25 05:52:35,176 [pool-37-thread-1] INFO  server.RaftServerConfigKeys (ConfUtils.java:logGet(43)) - raft.server.log.statemachine.data.caching.enabled = true (custom)
2019-09-25 05:52:35,176 [pool-37-thread-1] INFO  segmented.SegmentedRaftLogWorker (SegmentedRaftLogWorker.java:lambda$new$0(132)) - 5be219b2-97fd-4a8c-91ea-b15aa89454d4@group-5BFA6460C9BF-SegmentedRaftLogWorker: flushIndex: setUnconditionally 0 -> -1
2019-09-25 05:52:35,176 [pool-37-thread-1] INFO  server.RaftServerConfigKeys (ConfUtils.java:logGet(43)) - raft.server.snapshot.auto.trigger.enabled = true (custom)
2019-09-25 05:52:35,176 [pool-37-thread-1] INFO  server.RaftServerConfigKeys (ConfUtils.java:logGet(43)) - raft.server.snapshot.auto.trigger.threshold = 10000 (custom)
2019-09-25 05:52:35,176 [pool-37-thread-1] INFO  server.RaftServerConfigKeys (ConfUtils.java:logGet(43)) - raft.server.snapshot.retention.num.files = 5 (custom)
2019-09-25 05:52:35,177 [pool-37-thread-1] INFO  server.RaftServerConfigKeys (ConfUtils.java:logGet(43)) - raft.server.retrycache.expirytime = 600000ms (custom)
2019-09-25 05:52:35,178 [pool-37-thread-1] INFO  impl.RaftServerImpl (RaftServerImpl.java:start(185)) - 5be219b2-97fd-4a8c-91ea-b15aa89454d4@group-5BFA6460C9BF: start as a follower, conf=-1: [5be219b2-97fd-4a8c-91ea-b15aa89454d4:192.168.30.10:40625], old=null
2019-09-25 05:52:35,178 [pool-37-thread-1] INFO  impl.RaftServerImpl (RaftServerImpl.java:setRole(174)) - 5be219b2-97fd-4a8c-91ea-b15aa89454d4@group-5BFA6460C9BF: changes role from      null to FOLLOWER at term 0 for startAsFollower
2019-09-25 05:52:35,178 [pool-37-thread-1] INFO  impl.RoleInfo (RoleInfo.java:updateAndGet(143)) - 5be219b2-97fd-4a8c-91ea-b15aa89454d4: start FollowerState
2019-09-25 05:52:35,179 [pool-37-thread-1] INFO  util.JmxRegister (JmxRegister.java:tryRegister(44)) - Successfully registered JMX Bean with object name Ratis:service=RaftServer,group=group-5BFA6460C9BF,id=5be219b2-97fd-4a8c-91ea-b15aa89454d4
2019-09-25 05:52:35,181 [RatisPipelineUtilsThread] INFO  pipeline.PipelineStateManager (PipelineStateManager.java:addPipeline(56)) - Created pipeline Pipeline[ Id: daa10994-6b76-4e46-a8e8-5bfa6460c9bf, Nodes: 5be219b2-97fd-4a8c-91ea-b15aa89454d4{ip: 192.168.30.10, host: pr-hdds-1569-s62bp-3040748787, networkLocation: /default-rack, certSerialId: null}, Type:RATIS, Factor:ONE, State:OPEN]
2019-09-25 05:52:35,182 [Thread-367] INFO  impl.FollowerState (FollowerState.java:run(106)) - 754f3588-47e6-41ad-b34e-eb7041cce070:group-B6BCB68AD752 changes to CANDIDATE, lastRpcTime:5033, electionTimeout:5033ms
2019-09-25 05:52:35,182 [Thread-367] INFO  impl.RoleInfo (RoleInfo.java:shutdownFollowerState(121)) - 754f3588-47e6-41ad-b34e-eb7041cce070: shutdown FollowerState
2019-09-25 05:52:35,182 [Thread-367] INFO  impl.RaftServerImpl (RaftServerImpl.java:setRole(174)) - 754f3588-47e6-41ad-b34e-eb7041cce070@group-B6BCB68AD752: changes role from  FOLLOWER to CANDIDATE at term 0 for changeToCandidate
2019-09-25 05:52:35,182 [Thread-367] INFO  impl.RoleInfo (RoleInfo.java:updateAndGet(143)) - 754f3588-47e6-41ad-b34e-eb7041cce070: start LeaderElection
2019-09-25 05:52:35,186 [grpc-default-executor-0] INFO  impl.RaftServerProxy (RaftServerProxy.java:addNew(89)) - 0bbc1277-be6f-4bf3-88cf-1c3b12e139ad: addNew group-6C249D83FF29:[0bbc1277-be6f-4bf3-88cf-1c3b12e139ad:192.168.30.10:46701] returns group-6C249D83FF29:java.util.concurrent.CompletableFuture@37b98b24[Not completed]
2019-09-25 05:52:35,187 [pool-27-thread-1] INFO  impl.RaftServerImpl (RaftServerImpl.java:<init>(95)) - 0bbc1277-be6f-4bf3-88cf-1c3b12e139ad: new RaftServerImpl for group-6C249D83FF29:[0bbc1277-be6f-4bf3-88cf-1c3b12e139ad:192.168.30.10:46701] with ContainerStateMachine:uninitialized
2019-09-25 05:52:35,187 [pool-27-thread-1] INFO  server.RaftServerConfigKeys (ConfUtils.java:logGet(43)) - raft.server.rpc.timeout.min = 5s (custom)
2019-09-25 05:52:35,187 [pool-27-thread-1] INFO  server.RaftServerConfigKeys (ConfUtils.java:logGet(43)) - raft.server.rpc.timeout.max = 5200ms (custom)
2019-09-25 05:52:35,187 [pool-27-thread-1] INFO  server.RaftServerConfigKeys (ConfUtils.java:logGet(43)) - raft.server.rpcslowness.timeout = 120s (custom)
2019-09-25 05:52:35,188 [pool-27-thread-1] INFO  server.RaftServerConfigKeys (ConfUtils.java:logGet(43)) - raft.server.sleep.deviation.threshold = 300 (default)
2019-09-25 05:52:35,188 [pool-27-thread-1] INFO  server.RaftServerConfigKeys (ConfUtils.java:logGet(43)) - raft.server.log.appender.install.snapshot.enabled = false (custom)
2019-09-25 05:52:35,188 [pool-27-thread-1] INFO  impl.RaftServerImpl (ServerState.java:<init>(103)) - 0bbc1277-be6f-4bf3-88cf-1c3b12e139ad@group-6C249D83FF29: ConfigurationManager, init=-1: [0bbc1277-be6f-4bf3-88cf-1c3b12e139ad:192.168.30.10:46701], old=null, confs=<EMPTY_MAP>
2019-09-25 05:52:35,188 [pool-27-thread-1] INFO  server.RaftServerConfigKeys (ConfUtils.java:logGet(43)) - raft.server.storage.dir = [/workdir/hadoop-ozone/integration-test/target/test-dir/MiniOzoneClusterImpl-5fae48a0-8517-4c16-9d39-4001697b8772/datanode-0/data/ratis] (custom)
2019-09-25 05:52:35,189 [pool-27-thread-1] INFO  storage.RaftStorageDirectory (RaftStorageDirectory.java:analyzeStorage(246)) - The storage directory /workdir/hadoop-ozone/integration-test/target/test-dir/MiniOzoneClusterImpl-5fae48a0-8517-4c16-9d39-4001697b8772/datanode-0/data/ratis/208437c1-a1cd-4a62-9cb3-6c249d83ff29 does not exist. Creating ...
2019-09-25 05:52:35,196 [pool-27-thread-1] INFO  storage.RaftStorageDirectory (RaftStorageDirectory.java:tryLock(328)) - Lock on /workdir/hadoop-ozone/integration-test/target/test-dir/MiniOzoneClusterImpl-5fae48a0-8517-4c16-9d39-4001697b8772/datanode-0/data/ratis/208437c1-a1cd-4a62-9cb3-6c249d83ff29/in_use.lock acquired by nodename 25594@pr-hdds-1569-s62bp-3040748787
2019-09-25 05:52:35,197 [754f3588-47e6-41ad-b34e-eb7041cce070@group-B6BCB68AD752:LeaderElection60] INFO  impl.LeaderElection (LeaderElection.java:askForVotes(182)) - 754f3588-47e6-41ad-b34e-eb7041cce070@group-B6BCB68AD752:LeaderElection60: begin an election at term 1 for -1: [754f3588-47e6-41ad-b34e-eb7041cce070:192.168.30.10:41089], old=null
2019-09-25 05:52:35,197 [754f3588-47e6-41ad-b34e-eb7041cce070@group-B6BCB68AD752:LeaderElection60] INFO  impl.RoleInfo (RoleInfo.java:shutdownLeaderElection(134)) - 754f3588-47e6-41ad-b34e-eb7041cce070: shutdown LeaderElection
2019-09-25 05:52:35,197 [754f3588-47e6-41ad-b34e-eb7041cce070@group-B6BCB68AD752:LeaderElection60] INFO  impl.RaftServerImpl (RaftServerImpl.java:setRole(174)) - 754f3588-47e6-41ad-b34e-eb7041cce070@group-B6BCB68AD752: changes role from CANDIDATE to LEADER at term 1 for changeToLeader
2019-09-25 05:52:35,197 [754f3588-47e6-41ad-b34e-eb7041cce070@group-B6BCB68AD752:LeaderElection60] INFO  impl.RaftServerImpl (ServerState.java:setLeader(253)) - 754f3588-47e6-41ad-b34e-eb7041cce070@group-B6BCB68AD752: change Leader from null to 754f3588-47e6-41ad-b34e-eb7041cce070 at term 1 for becomeLeader, leader elected after 5055ms
2019-09-25 05:52:35,197 [754f3588-47e6-41ad-b34e-eb7041cce070@group-B6BCB68AD752:LeaderElection60] INFO  server.RaftServerConfigKeys (ConfUtils.java:logGet(43)) - raft.server.staging.catchup.gap = 1000 (default)
2019-09-25 05:52:35,197 [754f3588-47e6-41ad-b34e-eb7041cce070@group-B6BCB68AD752:LeaderElection60] INFO  server.RaftServerConfigKeys (ConfUtils.java:logGet(43)) - raft.server.rpc.sleep.time = 25ms (default)
2019-09-25 05:52:35,197 [754f3588-47e6-41ad-b34e-eb7041cce070@group-B6BCB68AD752:LeaderElection60] INFO  server.RaftServerConfigKeys (ConfUtils.java:logGet(43)) - raft.server.write.element-limit = 4096 (default)
2019-09-25 05:52:35,197 [754f3588-47e6-41ad-b34e-eb7041cce070@group-B6BCB68AD752:LeaderElection60] INFO  server.RaftServerConfigKeys (ConfUtils.java:logGet(43)) - raft.server.watch.timeout = 10s (default)
2019-09-25 05:52:35,197 [754f3588-47e6-41ad-b34e-eb7041cce070@group-B6BCB68AD752:LeaderElection60] INFO  server.RaftServerConfigKeys (ConfUtils.java:logGet(43)) - raft.server.watch.timeout.denomination = 1s (default)
2019-09-25 05:52:35,198 [754f3588-47e6-41ad-b34e-eb7041cce070@group-B6BCB68AD752:LeaderElection60] INFO  server.RaftServerConfigKeys (ConfUtils.java:logGet(43)) - raft.server.watch.element-limit = 65536 (default)
2019-09-25 05:52:35,199 [754f3588-47e6-41ad-b34e-eb7041cce070@group-B6BCB68AD752:LeaderElection60] INFO  impl.RoleInfo (RoleInfo.java:updateAndGet(143)) - 754f3588-47e6-41ad-b34e-eb7041cce070: start LeaderState
2019-09-25 05:52:35,199 [754f3588-47e6-41ad-b34e-eb7041cce070@group-B6BCB68AD752:LeaderElection60] INFO  segmented.SegmentedRaftLogWorker (SegmentedRaftLogWorker.java:startLogSegment(380)) - 754f3588-47e6-41ad-b34e-eb7041cce070@group-B6BCB68AD752-SegmentedRaftLogWorker: Starting segment from index:0
2019-09-25 05:52:35,200 [754f3588-47e6-41ad-b34e-eb7041cce070@group-B6BCB68AD752:LeaderElection60] INFO  impl.RaftServerImpl (ServerState.java:setRaftConf(354)) - 754f3588-47e6-41ad-b34e-eb7041cce070@group-B6BCB68AD752: set configuration 0: [754f3588-47e6-41ad-b34e-eb7041cce070:192.168.30.10:41089], old=null at 0
2019-09-25 05:52:35,210 [pool-27-thread-1] INFO  storage.RaftStorage (RaftStorage.java:format(72)) - Storage directory /workdir/hadoop-ozone/integration-test/target/test-dir/MiniOzoneClusterImpl-5fae48a0-8517-4c16-9d39-4001697b8772/datanode-0/data/ratis/208437c1-a1cd-4a62-9cb3-6c249d83ff29 has been successfully formatted.
2019-09-25 05:52:35,210 [pool-27-thread-1] INFO  ratis.ContainerStateMachine (ContainerStateMachine.java:loadSnapshot(230)) - group-6C249D83FF29: The snapshot info is null. Setting the last applied indexto:(t:0, i:~)
2019-09-25 05:52:35,210 [pool-27-thread-1] INFO  server.RaftServerConfigKeys (ConfUtils.java:logGet(43)) - raft.server.notification.no-leader.timeout = 120s (custom)
2019-09-25 05:52:35,210 [pool-27-thread-1] INFO  server.RaftServerConfigKeys (ConfUtils.java:logGet(43)) - raft.server.log.use.memory = false (default)
2019-09-25 05:52:35,211 [pool-27-thread-1] INFO  server.RaftServerConfigKeys (ConfUtils.java:logGet(43)) - raft.server.log.purge.gap = 1000000 (custom)
2019-09-25 05:52:35,211 [pool-27-thread-1] INFO  server.RaftServerConfigKeys (ConfUtils.java:logGet(43)) - raft.server.log.appender.buffer.byte-limit = 33554432 (custom)
2019-09-25 05:52:35,211 [pool-27-thread-1] INFO  server.RaftServerConfigKeys (ConfUtils.java:logGet(43)) - raft.server.log.segment.size.max = 1048576 (custom)
2019-09-25 05:52:35,211 [pool-27-thread-1] INFO  server.RaftServerConfigKeys (ConfUtils.java:logGet(43)) - raft.server.log.segment.cache.num.max = 2 (custom)
2019-09-25 05:52:35,211 [pool-27-thread-1] INFO  segmented.SegmentedRaftLogWorker (SegmentedRaftLogWorker.java:<init>(172)) - new 0bbc1277-be6f-4bf3-88cf-1c3b12e139ad@group-6C249D83FF29-SegmentedRaftLogWorker for RaftStorage:Storage Directory /workdir/hadoop-ozone/integration-test/target/test-dir/MiniOzoneClusterImpl-5fae48a0-8517-4c16-9d39-4001697b8772/datanode-0/data/ratis/208437c1-a1cd-4a62-9cb3-6c249d83ff29
2019-09-25 05:52:35,211 [pool-27-thread-1] INFO  server.RaftServerConfigKeys (ConfUtils.java:logGet(43)) - raft.server.log.queue.byte-limit = 2147483647 (custom)
2019-09-25 05:52:35,211 [pool-27-thread-1] INFO  server.RaftServerConfigKeys (ConfUtils.java:logGet(43)) - raft.server.log.queue.element-limit = 1024 (custom)
2019-09-25 05:52:35,211 [pool-27-thread-1] INFO  server.RaftServerConfigKeys (ConfUtils.java:logGet(43)) - raft.server.log.segment.size.max = 1048576 (custom)
2019-09-25 05:52:35,211 [pool-27-thread-1] INFO  server.RaftServerConfigKeys (ConfUtils.java:logGet(43)) - raft.server.log.preallocated.size = 16384 (custom)
2019-09-25 05:52:35,212 [pool-27-thread-1] INFO  server.RaftServerConfigKeys (ConfUtils.java:logGet(43)) - raft.server.log.write.buffer.size = 33554432 (custom)
2019-09-25 05:52:35,212 [pool-27-thread-1] INFO  server.RaftServerConfigKeys (ConfUtils.java:logGet(43)) - raft.server.log.force.sync.num = 128 (default)
2019-09-25 05:52:35,212 [pool-27-thread-1] INFO  server.RaftServerConfigKeys (ConfUtils.java:logGet(43)) - raft.server.log.statemachine.data.sync = true (default)
2019-09-25 05:52:35,212 [pool-27-thread-1] INFO  server.RaftServerConfigKeys (ConfUtils.java:logGet(43)) - raft.server.log.statemachine.data.sync.timeout = 10s (default)
2019-09-25 05:52:35,212 [pool-27-thread-1] INFO  server.RaftServerConfigKeys (ConfUtils.java:logGet(43)) - raft.server.log.statemachine.data.sync.timeout.retry = -1 (default)
2019-09-25 05:52:35,212 [pool-27-thread-1] INFO  server.RaftServerConfigKeys (ConfUtils.java:logGet(43)) - raft.server.log.statemachine.data.caching.enabled = true (custom)
2019-09-25 05:52:35,212 [pool-27-thread-1] INFO  segmented.SegmentedRaftLogWorker (SegmentedRaftLogWorker.java:lambda$new$0(132)) - 0bbc1277-be6f-4bf3-88cf-1c3b12e139ad@group-6C249D83FF29-SegmentedRaftLogWorker: flushIndex: setUnconditionally 0 -> -1
2019-09-25 05:52:35,213 [pool-27-thread-1] INFO  server.RaftServerConfigKeys (ConfUtils.java:logGet(43)) - raft.server.snapshot.auto.trigger.enabled = true (custom)
2019-09-25 05:52:35,213 [pool-27-thread-1] INFO  server.RaftServerConfigKeys (ConfUtils.java:logGet(43)) - raft.server.snapshot.auto.trigger.threshold = 10000 (custom)
2019-09-25 05:52:35,213 [pool-27-thread-1] INFO  server.RaftServerConfigKeys (ConfUtils.java:logGet(43)) - raft.server.snapshot.retention.num.files = 5 (custom)
2019-09-25 05:52:35,213 [pool-27-thread-1] INFO  server.RaftServerConfigKeys (ConfUtils.java:logGet(43)) - raft.server.retrycache.expirytime = 600000ms (custom)
2019-09-25 05:52:35,214 [pool-27-thread-1] INFO  impl.RaftServerImpl (RaftServerImpl.java:start(185)) - 0bbc1277-be6f-4bf3-88cf-1c3b12e139ad@group-6C249D83FF29: start as a follower, conf=-1: [0bbc1277-be6f-4bf3-88cf-1c3b12e139ad:192.168.30.10:46701], old=null
2019-09-25 05:52:35,214 [pool-27-thread-1] INFO  impl.RaftServerImpl (RaftServerImpl.java:setRole(174)) - 0bbc1277-be6f-4bf3-88cf-1c3b12e139ad@group-6C249D83FF29: changes role from      null to FOLLOWER at term 0 for startAsFollower
2019-09-25 05:52:35,214 [pool-27-thread-1] INFO  impl.RoleInfo (RoleInfo.java:updateAndGet(143)) - 0bbc1277-be6f-4bf3-88cf-1c3b12e139ad: start FollowerState
2019-09-25 05:52:35,215 [pool-27-thread-1] INFO  util.JmxRegister (JmxRegister.java:tryRegister(44)) - Successfully registered JMX Bean with object name Ratis:service=RaftServer,group=group-6C249D83FF29,id=0bbc1277-be6f-4bf3-88cf-1c3b12e139ad
2019-09-25 05:52:35,217 [RatisPipelineUtilsThread] INFO  pipeline.PipelineStateManager (PipelineStateManager.java:addPipeline(56)) - Created pipeline Pipeline[ Id: 208437c1-a1cd-4a62-9cb3-6c249d83ff29, Nodes: 0bbc1277-be6f-4bf3-88cf-1c3b12e139ad{ip: 192.168.30.10, host: pr-hdds-1569-s62bp-3040748787, networkLocation: /default-rack, certSerialId: null}, Type:RATIS, Factor:ONE, State:OPEN]
2019-09-25 05:52:35,222 [grpc-default-executor-0] INFO  impl.RaftServerProxy (RaftServerProxy.java:addNew(89)) - 754f3588-47e6-41ad-b34e-eb7041cce070: addNew group-33E71CD17CEB:[754f3588-47e6-41ad-b34e-eb7041cce070:192.168.30.10:41089] returns group-33E71CD17CEB:java.util.concurrent.CompletableFuture@6151daa8[Not completed]
2019-09-25 05:52:35,223 [pool-47-thread-1] INFO  impl.RaftServerImpl (RaftServerImpl.java:<init>(95)) - 754f3588-47e6-41ad-b34e-eb7041cce070: new RaftServerImpl for group-33E71CD17CEB:[754f3588-47e6-41ad-b34e-eb7041cce070:192.168.30.10:41089] with ContainerStateMachine:uninitialized
2019-09-25 05:52:35,223 [pool-47-thread-1] INFO  server.RaftServerConfigKeys (ConfUtils.java:logGet(43)) - raft.server.rpc.timeout.min = 5s (custom)
2019-09-25 05:52:35,223 [pool-47-thread-1] INFO  server.RaftServerConfigKeys (ConfUtils.java:logGet(43)) - raft.server.rpc.timeout.max = 5200ms (custom)
2019-09-25 05:52:35,223 [pool-47-thread-1] INFO  server.RaftServerConfigKeys (ConfUtils.java:logGet(43)) - raft.server.rpcslowness.timeout = 120s (custom)
2019-09-25 05:52:35,223 [pool-47-thread-1] INFO  server.RaftServerConfigKeys (ConfUtils.java:logGet(43)) - raft.server.sleep.deviation.threshold = 300 (default)
2019-09-25 05:52:35,223 [pool-47-thread-1] INFO  server.RaftServerConfigKeys (ConfUtils.java:logGet(43)) - raft.server.log.appender.install.snapshot.enabled = false (custom)
2019-09-25 05:52:35,223 [pool-47-thread-1] INFO  impl.RaftServerImpl (ServerState.java:<init>(103)) - 754f3588-47e6-41ad-b34e-eb7041cce070@group-33E71CD17CEB: ConfigurationManager, init=-1: [754f3588-47e6-41ad-b34e-eb7041cce070:192.168.30.10:41089], old=null, confs=<EMPTY_MAP>
2019-09-25 05:52:35,224 [pool-47-thread-1] INFO  server.RaftServerConfigKeys (ConfUtils.java:logGet(43)) - raft.server.storage.dir = [/workdir/hadoop-ozone/integration-test/target/test-dir/MiniOzoneClusterImpl-5fae48a0-8517-4c16-9d39-4001697b8772/datanode-2/data/ratis] (custom)
2019-09-25 05:52:35,224 [pool-47-thread-1] INFO  storage.RaftStorageDirectory (RaftStorageDirectory.java:analyzeStorage(246)) - The storage directory /workdir/hadoop-ozone/integration-test/target/test-dir/MiniOzoneClusterImpl-5fae48a0-8517-4c16-9d39-4001697b8772/datanode-2/data/ratis/d087a4ae-4ab6-4308-bbc3-33e71cd17ceb does not exist. Creating ...
2019-09-25 05:52:35,232 [Thread-370] INFO  impl.FollowerState (FollowerState.java:run(106)) - 5be219b2-97fd-4a8c-91ea-b15aa89454d4:group-07F1BD9B71BC changes to CANDIDATE, lastRpcTime:5036, electionTimeout:5035ms
2019-09-25 05:52:35,232 [Thread-370] INFO  impl.RoleInfo (RoleInfo.java:shutdownFollowerState(121)) - 5be219b2-97fd-4a8c-91ea-b15aa89454d4: shutdown FollowerState
2019-09-25 05:52:35,232 [Thread-370] INFO  impl.RaftServerImpl (RaftServerImpl.java:setRole(174)) - 5be219b2-97fd-4a8c-91ea-b15aa89454d4@group-07F1BD9B71BC: changes role from  FOLLOWER to CANDIDATE at term 0 for changeToCandidate
2019-09-25 05:52:35,232 [Thread-370] INFO  impl.RoleInfo (RoleInfo.java:updateAndGet(143)) - 5be219b2-97fd-4a8c-91ea-b15aa89454d4: start LeaderElection
2019-09-25 05:52:35,237 [pool-47-thread-1] INFO  storage.RaftStorageDirectory (RaftStorageDirectory.java:tryLock(328)) - Lock on /workdir/hadoop-ozone/integration-test/target/test-dir/MiniOzoneClusterImpl-5fae48a0-8517-4c16-9d39-4001697b8772/datanode-2/data/ratis/d087a4ae-4ab6-4308-bbc3-33e71cd17ceb/in_use.lock acquired by nodename 25594@pr-hdds-1569-s62bp-3040748787
2019-09-25 05:52:35,237 [5be219b2-97fd-4a8c-91ea-b15aa89454d4@group-07F1BD9B71BC:LeaderElection61] INFO  impl.LeaderElection (LeaderElection.java:askForVotes(182)) - 5be219b2-97fd-4a8c-91ea-b15aa89454d4@group-07F1BD9B71BC:LeaderElection61: begin an election at term 1 for -1: [5be219b2-97fd-4a8c-91ea-b15aa89454d4:192.168.30.10:40625], old=null
2019-09-25 05:52:35,237 [754f3588-47e6-41ad-b34e-eb7041cce070@group-B6BCB68AD752-SegmentedRaftLogWorker] INFO  segmented.SegmentedRaftLogWorker (SegmentedRaftLogWorker.java:execute(569)) - 754f3588-47e6-41ad-b34e-eb7041cce070@group-B6BCB68AD752-SegmentedRaftLogWorker: created new log segment /workdir/hadoop-ozone/integration-test/target/test-dir/MiniOzoneClusterImpl-5fae48a0-8517-4c16-9d39-4001697b8772/datanode-2/data/ratis/b9dafbb2-e0df-4146-a0d1-b6bcb68ad752/current/log_inprogress_0
2019-09-25 05:52:35,238 [5be219b2-97fd-4a8c-91ea-b15aa89454d4@group-07F1BD9B71BC:LeaderElection61] INFO  impl.RoleInfo (RoleInfo.java:shutdownLeaderElection(134)) - 5be219b2-97fd-4a8c-91ea-b15aa89454d4: shutdown LeaderElection
2019-09-25 05:52:35,238 [5be219b2-97fd-4a8c-91ea-b15aa89454d4@group-07F1BD9B71BC:LeaderElection61] INFO  impl.RaftServerImpl (RaftServerImpl.java:setRole(174)) - 5be219b2-97fd-4a8c-91ea-b15aa89454d4@group-07F1BD9B71BC: changes role from CANDIDATE to LEADER at term 1 for changeToLeader
2019-09-25 05:52:35,238 [5be219b2-97fd-4a8c-91ea-b15aa89454d4@group-07F1BD9B71BC:LeaderElection61] INFO  impl.RaftServerImpl (ServerState.java:setLeader(253)) - 5be219b2-97fd-4a8c-91ea-b15aa89454d4@group-07F1BD9B71BC: change Leader from null to 5be219b2-97fd-4a8c-91ea-b15aa89454d4 at term 1 for becomeLeader, leader elected after 5049ms
2019-09-25 05:52:35,238 [5be219b2-97fd-4a8c-91ea-b15aa89454d4@group-07F1BD9B71BC:LeaderElection61] INFO  server.RaftServerConfigKeys (ConfUtils.java:logGet(43)) - raft.server.staging.catchup.gap = 1000 (default)
2019-09-25 05:52:35,238 [5be219b2-97fd-4a8c-91ea-b15aa89454d4@group-07F1BD9B71BC:LeaderElection61] INFO  server.RaftServerConfigKeys (ConfUtils.java:logGet(43)) - raft.server.rpc.sleep.time = 25ms (default)
2019-09-25 05:52:35,238 [5be219b2-97fd-4a8c-91ea-b15aa89454d4@group-07F1BD9B71BC:LeaderElection61] INFO  server.RaftServerConfigKeys (ConfUtils.java:logGet(43)) - raft.server.write.element-limit = 4096 (default)
2019-09-25 05:52:35,238 [5be219b2-97fd-4a8c-91ea-b15aa89454d4@group-07F1BD9B71BC:LeaderElection61] INFO  server.RaftServerConfigKeys (ConfUtils.java:logGet(43)) - raft.server.watch.timeout = 10s (default)
2019-09-25 05:52:35,239 [5be219b2-97fd-4a8c-91ea-b15aa89454d4@group-07F1BD9B71BC:LeaderElection61] INFO  server.RaftServerConfigKeys (ConfUtils.java:logGet(43)) - raft.server.watch.timeout.denomination = 1s (default)
2019-09-25 05:52:35,239 [5be219b2-97fd-4a8c-91ea-b15aa89454d4@group-07F1BD9B71BC:LeaderElection61] INFO  server.RaftServerConfigKeys (ConfUtils.java:logGet(43)) - raft.server.watch.element-limit = 65536 (default)
2019-09-25 05:52:35,240 [5be219b2-97fd-4a8c-91ea-b15aa89454d4@group-07F1BD9B71BC:LeaderElection61] INFO  impl.RoleInfo (RoleInfo.java:updateAndGet(143)) - 5be219b2-97fd-4a8c-91ea-b15aa89454d4: start LeaderState
2019-09-25 05:52:35,240 [5be219b2-97fd-4a8c-91ea-b15aa89454d4@group-07F1BD9B71BC:LeaderElection61] INFO  segmented.SegmentedRaftLogWorker (SegmentedRaftLogWorker.java:startLogSegment(380)) - 5be219b2-97fd-4a8c-91ea-b15aa89454d4@group-07F1BD9B71BC-SegmentedRaftLogWorker: Starting segment from index:0
2019-09-25 05:52:35,241 [5be219b2-97fd-4a8c-91ea-b15aa89454d4@group-07F1BD9B71BC:LeaderElection61] INFO  impl.RaftServerImpl (ServerState.java:setRaftConf(354)) - 5be219b2-97fd-4a8c-91ea-b15aa89454d4@group-07F1BD9B71BC: set configuration 0: [5be219b2-97fd-4a8c-91ea-b15aa89454d4:192.168.30.10:40625], old=null at 0
2019-09-25 05:52:35,255 [Thread-361] INFO  impl.FollowerState (FollowerState.java:run(106)) - 0bbc1277-be6f-4bf3-88cf-1c3b12e139ad:group-CEEAA4490B5D changes to CANDIDATE, lastRpcTime:5198, electionTimeout:5198ms
2019-09-25 05:52:35,255 [Thread-361] INFO  impl.RoleInfo (RoleInfo.java:shutdownFollowerState(121)) - 0bbc1277-be6f-4bf3-88cf-1c3b12e139ad: shutdown FollowerState
2019-09-25 05:52:35,255 [Thread-361] INFO  impl.RaftServerImpl (RaftServerImpl.java:setRole(174)) - 0bbc1277-be6f-4bf3-88cf-1c3b12e139ad@group-CEEAA4490B5D: changes role from  FOLLOWER to CANDIDATE at term 0 for changeToCandidate
2019-09-25 05:52:35,255 [Thread-361] INFO  impl.RoleInfo (RoleInfo.java:updateAndGet(143)) - 0bbc1277-be6f-4bf3-88cf-1c3b12e139ad: start LeaderElection
2019-09-25 05:52:35,259 [pool-47-thread-1] INFO  storage.RaftStorage (RaftStorage.java:format(72)) - Storage directory /workdir/hadoop-ozone/integration-test/target/test-dir/MiniOzoneClusterImpl-5fae48a0-8517-4c16-9d39-4001697b8772/datanode-2/data/ratis/d087a4ae-4ab6-4308-bbc3-33e71cd17ceb has been successfully formatted.
2019-09-25 05:52:35,259 [0bbc1277-be6f-4bf3-88cf-1c3b12e139ad@group-CEEAA4490B5D:LeaderElection62] INFO  impl.LeaderElection (LeaderElection.java:askForVotes(182)) - 0bbc1277-be6f-4bf3-88cf-1c3b12e139ad@group-CEEAA4490B5D:LeaderElection62: begin an election at term 1 for -1: [0bbc1277-be6f-4bf3-88cf-1c3b12e139ad:192.168.30.10:46701], old=null
2019-09-25 05:52:35,259 [0bbc1277-be6f-4bf3-88cf-1c3b12e139ad@group-CEEAA4490B5D:LeaderElection62] INFO  impl.RoleInfo (RoleInfo.java:shutdownLeaderElection(134)) - 0bbc1277-be6f-4bf3-88cf-1c3b12e139ad: shutdown LeaderElection
2019-09-25 05:52:35,259 [pool-47-thread-1] INFO  ratis.ContainerStateMachine (ContainerStateMachine.java:loadSnapshot(230)) - group-33E71CD17CEB: The snapshot info is null. Setting the last applied indexto:(t:0, i:~)
2019-09-25 05:52:35,259 [0bbc1277-be6f-4bf3-88cf-1c3b12e139ad@group-CEEAA4490B5D:LeaderElection62] INFO  impl.RaftServerImpl (RaftServerImpl.java:setRole(174)) - 0bbc1277-be6f-4bf3-88cf-1c3b12e139ad@group-CEEAA4490B5D: changes role from CANDIDATE to LEADER at term 1 for changeToLeader
2019-09-25 05:52:35,259 [pool-47-thread-1] INFO  server.RaftServerConfigKeys (ConfUtils.java:logGet(43)) - raft.server.notification.no-leader.timeout = 120s (custom)
2019-09-25 05:52:35,259 [0bbc1277-be6f-4bf3-88cf-1c3b12e139ad@group-CEEAA4490B5D:LeaderElection62] INFO  impl.RaftServerImpl (ServerState.java:setLeader(253)) - 0bbc1277-be6f-4bf3-88cf-1c3b12e139ad@group-CEEAA4490B5D: change Leader from null to 0bbc1277-be6f-4bf3-88cf-1c3b12e139ad at term 1 for becomeLeader, leader elected after 5210ms
2019-09-25 05:52:35,260 [pool-47-thread-1] INFO  server.RaftServerConfigKeys (ConfUtils.java:logGet(43)) - raft.server.log.use.memory = false (default)
2019-09-25 05:52:35,260 [0bbc1277-be6f-4bf3-88cf-1c3b12e139ad@group-CEEAA4490B5D:LeaderElection62] INFO  server.RaftServerConfigKeys (ConfUtils.java:logGet(43)) - raft.server.staging.catchup.gap = 1000 (default)
2019-09-25 05:52:35,260 [pool-47-thread-1] INFO  server.RaftServerConfigKeys (ConfUtils.java:logGet(43)) - raft.server.log.purge.gap = 1000000 (custom)
2019-09-25 05:52:35,260 [0bbc1277-be6f-4bf3-88cf-1c3b12e139ad@group-CEEAA4490B5D:LeaderElection62] INFO  server.RaftServerConfigKeys (ConfUtils.java:logGet(43)) - raft.server.rpc.sleep.time = 25ms (default)
2019-09-25 05:52:35,260 [pool-47-thread-1] INFO  server.RaftServerConfigKeys (ConfUtils.java:logGet(43)) - raft.server.log.appender.buffer.byte-limit = 33554432 (custom)
2019-09-25 05:52:35,260 [0bbc1277-be6f-4bf3-88cf-1c3b12e139ad@group-CEEAA4490B5D:LeaderElection62] INFO  server.RaftServerConfigKeys (ConfUtils.java:logGet(43)) - raft.server.write.element-limit = 4096 (default)
2019-09-25 05:52:35,260 [pool-47-thread-1] INFO  server.RaftServerConfigKeys (ConfUtils.java:logGet(43)) - raft.server.log.segment.size.max = 1048576 (custom)
2019-09-25 05:52:35,260 [0bbc1277-be6f-4bf3-88cf-1c3b12e139ad@group-CEEAA4490B5D:LeaderElection62] INFO  server.RaftServerConfigKeys (ConfUtils.java:logGet(43)) - raft.server.watch.timeout = 10s (default)
2019-09-25 05:52:35,260 [pool-47-thread-1] INFO  server.RaftServerConfigKeys (ConfUtils.java:logGet(43)) - raft.server.log.segment.cache.num.max = 2 (custom)
2019-09-25 05:52:35,260 [0bbc1277-be6f-4bf3-88cf-1c3b12e139ad@group-CEEAA4490B5D:LeaderElection62] INFO  server.RaftServerConfigKeys (ConfUtils.java:logGet(43)) - raft.server.watch.timeout.denomination = 1s (default)
2019-09-25 05:52:35,261 [pool-47-thread-1] INFO  segmented.SegmentedRaftLogWorker (SegmentedRaftLogWorker.java:<init>(172)) - new 754f3588-47e6-41ad-b34e-eb7041cce070@group-33E71CD17CEB-SegmentedRaftLogWorker for RaftStorage:Storage Directory /workdir/hadoop-ozone/integration-test/target/test-dir/MiniOzoneClusterImpl-5fae48a0-8517-4c16-9d39-4001697b8772/datanode-2/data/ratis/d087a4ae-4ab6-4308-bbc3-33e71cd17ceb
2019-09-25 05:52:35,261 [0bbc1277-be6f-4bf3-88cf-1c3b12e139ad@group-CEEAA4490B5D:LeaderElection62] INFO  server.RaftServerConfigKeys (ConfUtils.java:logGet(43)) - raft.server.watch.element-limit = 65536 (default)
2019-09-25 05:52:35,261 [pool-47-thread-1] INFO  server.RaftServerConfigKeys (ConfUtils.java:logGet(43)) - raft.server.log.queue.byte-limit = 2147483647 (custom)
2019-09-25 05:52:35,261 [pool-47-thread-1] INFO  server.RaftServerConfigKeys (ConfUtils.java:logGet(43)) - raft.server.log.queue.element-limit = 1024 (custom)
2019-09-25 05:52:35,261 [pool-47-thread-1] INFO  server.RaftServerConfigKeys (ConfUtils.java:logGet(43)) - raft.server.log.segment.size.max = 1048576 (custom)
2019-09-25 05:52:35,261 [pool-47-thread-1] INFO  server.RaftServerConfigKeys (ConfUtils.java:logGet(43)) - raft.server.log.preallocated.size = 16384 (custom)
2019-09-25 05:52:35,261 [pool-47-thread-1] INFO  server.RaftServerConfigKeys (ConfUtils.java:logGet(43)) - raft.server.log.write.buffer.size = 33554432 (custom)
2019-09-25 05:52:35,261 [pool-47-thread-1] INFO  server.RaftServerConfigKeys (ConfUtils.java:logGet(43)) - raft.server.log.force.sync.num = 128 (default)
2019-09-25 05:52:35,262 [pool-47-thread-1] INFO  server.RaftServerConfigKeys (ConfUtils.java:logGet(43)) - raft.server.log.statemachine.data.sync = true (default)
2019-09-25 05:52:35,262 [pool-47-thread-1] INFO  server.RaftServerConfigKeys (ConfUtils.java:logGet(43)) - raft.server.log.statemachine.data.sync.timeout = 10s (default)
2019-09-25 05:52:35,262 [pool-47-thread-1] INFO  server.RaftServerConfigKeys (ConfUtils.java:logGet(43)) - raft.server.log.statemachine.data.sync.timeout.retry = -1 (default)
2019-09-25 05:52:35,279 [Thread-376] INFO  impl.FollowerState (FollowerState.java:run(106)) - 5be219b2-97fd-4a8c-91ea-b15aa89454d4:group-5CA9F57E662E changes to CANDIDATE, lastRpcTime:5001, electionTimeout:5001ms
2019-09-25 05:52:35,279 [Thread-376] INFO  impl.RoleInfo (RoleInfo.java:shutdownFollowerState(121)) - 5be219b2-97fd-4a8c-91ea-b15aa89454d4: shutdown FollowerState
2019-09-25 05:52:35,279 [Thread-376] INFO  impl.RaftServerImpl (RaftServerImpl.java:setRole(174)) - 5be219b2-97fd-4a8c-91ea-b15aa89454d4@group-5CA9F57E662E: changes role from  FOLLOWER to CANDIDATE at term 0 for changeToCandidate
2019-09-25 05:52:35,282 [Thread-364] INFO  impl.FollowerState (FollowerState.java:run(106)) - 0bbc1277-be6f-4bf3-88cf-1c3b12e139ad:group-87557529426B changes to CANDIDATE, lastRpcTime:5180, electionTimeout:5180ms
2019-09-25 05:52:35,282 [Thread-364] INFO  impl.RoleInfo (RoleInfo.java:shutdownFollowerState(121)) - 0bbc1277-be6f-4bf3-88cf-1c3b12e139ad: shutdown FollowerState
2019-09-25 05:52:35,282 [Thread-364] INFO  impl.RaftServerImpl (RaftServerImpl.java:setRole(174)) - 0bbc1277-be6f-4bf3-88cf-1c3b12e139ad@group-87557529426B: changes role from  FOLLOWER to CANDIDATE at term 0 for changeToCandidate
2019-09-25 05:52:35,284 [5be219b2-97fd-4a8c-91ea-b15aa89454d4@group-07F1BD9B71BC-SegmentedRaftLogWorker] INFO  segmented.SegmentedRaftLogWorker (SegmentedRaftLogWorker.java:execute(569)) - 5be219b2-97fd-4a8c-91ea-b15aa89454d4@group-07F1BD9B71BC-SegmentedRaftLogWorker: created new log segment /workdir/hadoop-ozone/integration-test/target/test-dir/MiniOzoneClusterImpl-5fae48a0-8517-4c16-9d39-4001697b8772/datanode-1/data/ratis/2680562b-43cd-42b4-b0dd-07f1bd9b71bc/current/log_inprogress_0
2019-09-25 05:52:35,302 [Thread-364] INFO  impl.RoleInfo (RoleInfo.java:updateAndGet(143)) - 0bbc1277-be6f-4bf3-88cf-1c3b12e139ad: start LeaderElection
2019-09-25 05:52:35,302 [pool-47-thread-1] INFO  server.RaftServerConfigKeys (ConfUtils.java:logGet(43)) - raft.server.log.statemachine.data.caching.enabled = true (custom)
2019-09-25 05:52:35,302 [Thread-376] INFO  impl.RoleInfo (RoleInfo.java:updateAndGet(143)) - 5be219b2-97fd-4a8c-91ea-b15aa89454d4: start LeaderElection
2019-09-25 05:52:35,302 [pool-47-thread-1] INFO  segmented.SegmentedRaftLogWorker (SegmentedRaftLogWorker.java:lambda$new$0(132)) - 754f3588-47e6-41ad-b34e-eb7041cce070@group-33E71CD17CEB-SegmentedRaftLogWorker: flushIndex: setUnconditionally 0 -> -1
2019-09-25 05:52:35,302 [0bbc1277-be6f-4bf3-88cf-1c3b12e139ad@group-CEEAA4490B5D:LeaderElection62] INFO  impl.RoleInfo (RoleInfo.java:updateAndGet(143)) - 0bbc1277-be6f-4bf3-88cf-1c3b12e139ad: start LeaderState
2019-09-25 05:52:35,303 [pool-47-thread-1] INFO  server.RaftServerConfigKeys (ConfUtils.java:logGet(43)) - raft.server.snapshot.auto.trigger.enabled = true (custom)
2019-09-25 05:52:35,303 [0bbc1277-be6f-4bf3-88cf-1c3b12e139ad@group-CEEAA4490B5D:LeaderElection62] INFO  segmented.SegmentedRaftLogWorker (SegmentedRaftLogWorker.java:startLogSegment(380)) - 0bbc1277-be6f-4bf3-88cf-1c3b12e139ad@group-CEEAA4490B5D-SegmentedRaftLogWorker: Starting segment from index:0
2019-09-25 05:52:35,303 [pool-47-thread-1] INFO  server.RaftServerConfigKeys (ConfUtils.java:logGet(43)) - raft.server.snapshot.auto.trigger.threshold = 10000 (custom)
2019-09-25 05:52:35,303 [pool-47-thread-1] INFO  server.RaftServerConfigKeys (ConfUtils.java:logGet(43)) - raft.server.snapshot.retention.num.files = 5 (custom)
2019-09-25 05:52:35,303 [0bbc1277-be6f-4bf3-88cf-1c3b12e139ad@group-CEEAA4490B5D:LeaderElection62] INFO  impl.RaftServerImpl (ServerState.java:setRaftConf(354)) - 0bbc1277-be6f-4bf3-88cf-1c3b12e139ad@group-CEEAA4490B5D: set configuration 0: [0bbc1277-be6f-4bf3-88cf-1c3b12e139ad:192.168.30.10:46701], old=null at 0
2019-09-25 05:52:35,303 [pool-47-thread-1] INFO  server.RaftServerConfigKeys (ConfUtils.java:logGet(43)) - raft.server.retrycache.expirytime = 600000ms (custom)
2019-09-25 05:52:35,687 [5be219b2-97fd-4a8c-91ea-b15aa89454d4@group-5CA9F57E662E:LeaderElection63] INFO  impl.LeaderElection (LeaderElection.java:askForVotes(182)) - 5be219b2-97fd-4a8c-91ea-b15aa89454d4@group-5CA9F57E662E:LeaderElection63: begin an election at term 1 for -1: [5be219b2-97fd-4a8c-91ea-b15aa89454d4:192.168.30.10:40625], old=null
2019-09-25 05:52:35,687 [0bbc1277-be6f-4bf3-88cf-1c3b12e139ad@group-87557529426B:LeaderElection64] INFO  impl.LeaderElection (LeaderElection.java:askForVotes(182)) - 0bbc1277-be6f-4bf3-88cf-1c3b12e139ad@group-87557529426B:LeaderElection64: begin an election at term 1 for -1: [0bbc1277-be6f-4bf3-88cf-1c3b12e139ad:192.168.30.10:46701], old=null
2019-09-25 05:52:35,687 [Thread-373] WARN  util.JavaUtils (JavaUtils.java:sleep(250)) - Unexpected long sleep: sleep(5102ms) actually took 5449ms which is over the threshold 300ms
2019-09-25 05:52:35,686 [Thread-385] INFO  impl.FollowerState (FollowerState.java:run(106)) - 754f3588-47e6-41ad-b34e-eb7041cce070:group-2AFD8FA83037 changes to CANDIDATE, lastRpcTime:5277, electionTimeout:5046ms
2019-09-25 05:52:35,686 [Thread-379] INFO  impl.FollowerState (FollowerState.java:run(106)) - 5be219b2-97fd-4a8c-91ea-b15aa89454d4:group-75850FD069CD changes to CANDIDATE, lastRpcTime:5371, electionTimeout:5163ms
2019-09-25 05:52:35,685 [Thread-394] INFO  impl.FollowerState (FollowerState.java:run(106)) - 0bbc1277-be6f-4bf3-88cf-1c3b12e139ad:group-CAAD79553794 changes to CANDIDATE, lastRpcTime:5151, electionTimeout:5012ms
2019-09-25 05:52:35,685 [Thread-382] INFO  impl.FollowerState (FollowerState.java:run(106)) - 5be219b2-97fd-4a8c-91ea-b15aa89454d4:group-062EB2D13C02 changes to CANDIDATE, lastRpcTime:5318, electionTimeout:5179ms
2019-09-25 05:52:35,684 [Thread-403] INFO  impl.FollowerState (FollowerState.java:run(106)) - 754f3588-47e6-41ad-b34e-eb7041cce070:group-7284753E1186 changes to CANDIDATE, lastRpcTime:5018, electionTimeout:5018ms
2019-09-25 05:52:35,683 [Thread-388] INFO  impl.FollowerState (FollowerState.java:run(106)) - 0bbc1277-be6f-4bf3-88cf-1c3b12e139ad:group-84D84F2032E7 changes to CANDIDATE, lastRpcTime:5231, electionTimeout:5177ms
2019-09-25 05:52:35,683 [Thread-391] INFO  impl.FollowerState (FollowerState.java:run(106)) - 754f3588-47e6-41ad-b34e-eb7041cce070:group-0CE913FB3B9B changes to CANDIDATE, lastRpcTime:5190, electionTimeout:5183ms
2019-09-25 05:52:35,689 [Thread-388] INFO  impl.RoleInfo (RoleInfo.java:shutdownFollowerState(121)) - 0bbc1277-be6f-4bf3-88cf-1c3b12e139ad: shutdown FollowerState
2019-09-25 05:52:35,689 [Thread-403] INFO  impl.RoleInfo (RoleInfo.java:shutdownFollowerState(121)) - 754f3588-47e6-41ad-b34e-eb7041cce070: shutdown FollowerState
2019-09-25 05:52:35,689 [Thread-382] INFO  impl.RoleInfo (RoleInfo.java:shutdownFollowerState(121)) - 5be219b2-97fd-4a8c-91ea-b15aa89454d4: shutdown FollowerState
2019-09-25 05:52:35,689 [Thread-394] INFO  impl.RoleInfo (RoleInfo.java:shutdownFollowerState(121)) - 0bbc1277-be6f-4bf3-88cf-1c3b12e139ad: shutdown FollowerState
2019-09-25 05:52:35,688 [Thread-379] INFO  impl.RoleInfo (RoleInfo.java:shutdownFollowerState(121)) - 5be219b2-97fd-4a8c-91ea-b15aa89454d4: shutdown FollowerState
2019-09-25 05:52:35,688 [Thread-385] INFO  impl.RoleInfo (RoleInfo.java:shutdownFollowerState(121)) - 754f3588-47e6-41ad-b34e-eb7041cce070: shutdown FollowerState
2019-09-25 05:52:35,689 [Thread-385] INFO  impl.RaftServerImpl (RaftServerImpl.java:setRole(174)) - 754f3588-47e6-41ad-b34e-eb7041cce070@group-2AFD8FA83037: changes role from  FOLLOWER to CANDIDATE at term 0 for changeToCandidate
2019-09-25 05:52:35,688 [0bbc1277-be6f-4bf3-88cf-1c3b12e139ad@group-87557529426B:LeaderElection64] INFO  impl.RoleInfo (RoleInfo.java:shutdownLeaderElection(134)) - 0bbc1277-be6f-4bf3-88cf-1c3b12e139ad: shutdown LeaderElection
2019-09-25 05:52:35,690 [Thread-385] INFO  impl.RoleInfo (RoleInfo.java:updateAndGet(143)) - 754f3588-47e6-41ad-b34e-eb7041cce070: start LeaderElection
2019-09-25 05:52:35,688 [5be219b2-97fd-4a8c-91ea-b15aa89454d4@group-5CA9F57E662E:LeaderElection63] INFO  impl.RoleInfo (RoleInfo.java:shutdownLeaderElection(134)) - 5be219b2-97fd-4a8c-91ea-b15aa89454d4: shutdown LeaderElection
2019-09-25 05:52:35,690 [0bbc1277-be6f-4bf3-88cf-1c3b12e139ad@group-87557529426B:LeaderElection64] INFO  impl.RaftServerImpl (RaftServerImpl.java:setRole(174)) - 0bbc1277-be6f-4bf3-88cf-1c3b12e139ad@group-87557529426B: changes role from CANDIDATE to LEADER at term 1 for changeToLeader
2019-09-25 05:52:35,689 [pool-47-thread-1] INFO  impl.RaftServerImpl (RaftServerImpl.java:start(185)) - 754f3588-47e6-41ad-b34e-eb7041cce070@group-33E71CD17CEB: start as a follower, conf=-1: [754f3588-47e6-41ad-b34e-eb7041cce070:192.168.30.10:41089], old=null
2019-09-25 05:52:35,689 [Thread-379] INFO  impl.RaftServerImpl (RaftServerImpl.java:setRole(174)) - 5be219b2-97fd-4a8c-91ea-b15aa89454d4@group-75850FD069CD: changes role from  FOLLOWER to CANDIDATE at term 0 for changeToCandidate
2019-09-25 05:52:35,689 [Thread-394] INFO  impl.RaftServerImpl (RaftServerImpl.java:setRole(174)) - 0bbc1277-be6f-4bf3-88cf-1c3b12e139ad@group-CAAD79553794: changes role from  FOLLOWER to CANDIDATE at term 0 for changeToCandidate
2019-09-25 05:52:35,689 [Thread-382] INFO  impl.RaftServerImpl (RaftServerImpl.java:setRole(174)) - 5be219b2-97fd-4a8c-91ea-b15aa89454d4@group-062EB2D13C02: changes role from  FOLLOWER to CANDIDATE at term 0 for changeToCandidate
2019-09-25 05:52:35,689 [Thread-403] INFO  impl.RaftServerImpl (RaftServerImpl.java:setRole(174)) - 754f3588-47e6-41ad-b34e-eb7041cce070@group-7284753E1186: changes role from  FOLLOWER to CANDIDATE at term 0 for changeToCandidate
2019-09-25 05:52:35,690 [Thread-403] INFO  impl.RoleInfo (RoleInfo.java:updateAndGet(143)) - 754f3588-47e6-41ad-b34e-eb7041cce070: start LeaderElection
2019-09-25 05:52:35,689 [Thread-388] INFO  impl.RaftServerImpl (RaftServerImpl.java:setRole(174)) - 0bbc1277-be6f-4bf3-88cf-1c3b12e139ad@group-84D84F2032E7: changes role from  FOLLOWER to CANDIDATE at term 0 for changeToCandidate
2019-09-25 05:52:35,689 [Thread-391] INFO  impl.RoleInfo (RoleInfo.java:shutdownFollowerState(121)) - 754f3588-47e6-41ad-b34e-eb7041cce070: shutdown FollowerState
2019-09-25 05:52:35,691 [Thread-388] INFO  impl.RoleInfo (RoleInfo.java:updateAndGet(143)) - 0bbc1277-be6f-4bf3-88cf-1c3b12e139ad: start LeaderElection
2019-09-25 05:52:35,690 [Thread-382] INFO  impl.RoleInfo (RoleInfo.java:updateAndGet(143)) - 5be219b2-97fd-4a8c-91ea-b15aa89454d4: start LeaderElection
2019-09-25 05:52:35,690 [Thread-394] INFO  impl.RoleInfo (RoleInfo.java:updateAndGet(143)) - 0bbc1277-be6f-4bf3-88cf-1c3b12e139ad: start LeaderElection
2019-09-25 05:52:35,690 [Thread-379] INFO  impl.RoleInfo (RoleInfo.java:updateAndGet(143)) - 5be219b2-97fd-4a8c-91ea-b15aa89454d4: start LeaderElection
2019-09-25 05:52:35,690 [pool-47-thread-1] INFO  impl.RaftServerImpl (RaftServerImpl.java:setRole(174)) - 754f3588-47e6-41ad-b34e-eb7041cce070@group-33E71CD17CEB: changes role from      null to FOLLOWER at term 0 for startAsFollower
2019-09-25 05:52:35,691 [pool-47-thread-1] INFO  impl.RoleInfo (RoleInfo.java:updateAndGet(143)) - 754f3588-47e6-41ad-b34e-eb7041cce070: start FollowerState
2019-09-25 05:52:35,690 [0bbc1277-be6f-4bf3-88cf-1c3b12e139ad@group-87557529426B:LeaderElection64] INFO  impl.RaftServerImpl (ServerState.java:setLeader(253)) - 0bbc1277-be6f-4bf3-88cf-1c3b12e139ad@group-87557529426B: change Leader from null to 0bbc1277-be6f-4bf3-88cf-1c3b12e139ad at term 1 for becomeLeader, leader elected after 5595ms
2019-09-25 05:52:35,690 [5be219b2-97fd-4a8c-91ea-b15aa89454d4@group-5CA9F57E662E:LeaderElection63] INFO  impl.RaftServerImpl (RaftServerImpl.java:setRole(174)) - 5be219b2-97fd-4a8c-91ea-b15aa89454d4@group-5CA9F57E662E: changes role from CANDIDATE to LEADER at term 1 for changeToLeader
2019-09-25 05:52:35,692 [0bbc1277-be6f-4bf3-88cf-1c3b12e139ad@group-87557529426B:LeaderElection64] INFO  server.RaftServerConfigKeys (ConfUtils.java:logGet(43)) - raft.server.staging.catchup.gap = 1000 (default)
2019-09-25 05:52:35,692 [0bbc1277-be6f-4bf3-88cf-1c3b12e139ad@group-87557529426B:LeaderElection64] INFO  server.RaftServerConfigKeys (ConfUtils.java:logGet(43)) - raft.server.rpc.sleep.time = 25ms (default)
2019-09-25 05:52:35,691 [Thread-400] INFO  impl.FollowerState (FollowerState.java:run(106)) - 754f3588-47e6-41ad-b34e-eb7041cce070:group-ECF48C7AF352 changes to CANDIDATE, lastRpcTime:5067, electionTimeout:5067ms
2019-09-25 05:52:35,691 [Thread-391] INFO  impl.RaftServerImpl (RaftServerImpl.java:setRole(174)) - 754f3588-47e6-41ad-b34e-eb7041cce070@group-0CE913FB3B9B: changes role from  FOLLOWER to CANDIDATE at term 0 for changeToCandidate
2019-09-25 05:52:35,692 [Thread-400] INFO  impl.RoleInfo (RoleInfo.java:shutdownFollowerState(121)) - 754f3588-47e6-41ad-b34e-eb7041cce070: shutdown FollowerState
2019-09-25 05:52:35,692 [0bbc1277-be6f-4bf3-88cf-1c3b12e139ad@group-87557529426B:LeaderElection64] INFO  server.RaftServerConfigKeys (ConfUtils.java:logGet(43)) - raft.server.write.element-limit = 4096 (default)
2019-09-25 05:52:35,692 [pool-47-thread-1] INFO  util.JmxRegister (JmxRegister.java:tryRegister(44)) - Successfully registered JMX Bean with object name Ratis:service=RaftServer,group=group-33E71CD17CEB,id=754f3588-47e6-41ad-b34e-eb7041cce070
2019-09-25 05:52:35,692 [5be219b2-97fd-4a8c-91ea-b15aa89454d4@group-5CA9F57E662E:LeaderElection63] INFO  impl.RaftServerImpl (ServerState.java:setLeader(253)) - 5be219b2-97fd-4a8c-91ea-b15aa89454d4@group-5CA9F57E662E: change Leader from null to 5be219b2-97fd-4a8c-91ea-b15aa89454d4 at term 1 for becomeLeader, leader elected after 5418ms
2019-09-25 05:52:35,693 [0bbc1277-be6f-4bf3-88cf-1c3b12e139ad@group-87557529426B:LeaderElection64] INFO  server.RaftServerConfigKeys (ConfUtils.java:logGet(43)) - raft.server.watch.timeout = 10s (default)
2019-09-25 05:52:35,692 [Thread-400] INFO  impl.RaftServerImpl (RaftServerImpl.java:setRole(174)) - 754f3588-47e6-41ad-b34e-eb7041cce070@group-ECF48C7AF352: changes role from  FOLLOWER to CANDIDATE at term 0 for changeToCandidate
2019-09-25 05:52:35,692 [Thread-391] INFO  impl.RoleInfo (RoleInfo.java:updateAndGet(143)) - 754f3588-47e6-41ad-b34e-eb7041cce070: start LeaderElection
2019-09-25 05:52:35,693 [Thread-400] INFO  impl.RoleInfo (RoleInfo.java:updateAndGet(143)) - 754f3588-47e6-41ad-b34e-eb7041cce070: start LeaderElection
2019-09-25 05:52:35,693 [0bbc1277-be6f-4bf3-88cf-1c3b12e139ad@group-87557529426B:LeaderElection64] INFO  server.RaftServerConfigKeys (ConfUtils.java:logGet(43)) - raft.server.watch.timeout.denomination = 1s (default)
2019-09-25 05:52:35,693 [5be219b2-97fd-4a8c-91ea-b15aa89454d4@group-5CA9F57E662E:LeaderElection63] INFO  server.RaftServerConfigKeys (ConfUtils.java:logGet(43)) - raft.server.staging.catchup.gap = 1000 (default)
2019-09-25 05:52:35,693 [0bbc1277-be6f-4bf3-88cf-1c3b12e139ad@group-87557529426B:LeaderElection64] INFO  server.RaftServerConfigKeys (ConfUtils.java:logGet(43)) - raft.server.watch.element-limit = 65536 (default)
2019-09-25 05:52:35,694 [5be219b2-97fd-4a8c-91ea-b15aa89454d4@group-5CA9F57E662E:LeaderElection63] INFO  server.RaftServerConfigKeys (ConfUtils.java:logGet(43)) - raft.server.rpc.sleep.time = 25ms (default)
2019-09-25 05:52:35,694 [5be219b2-97fd-4a8c-91ea-b15aa89454d4@group-5CA9F57E662E:LeaderElection63] INFO  server.RaftServerConfigKeys (ConfUtils.java:logGet(43)) - raft.server.write.element-limit = 4096 (default)
2019-09-25 05:52:35,694 [5be219b2-97fd-4a8c-91ea-b15aa89454d4@group-5CA9F57E662E:LeaderElection63] INFO  server.RaftServerConfigKeys (ConfUtils.java:logGet(43)) - raft.server.watch.timeout = 10s (default)
2019-09-25 05:52:35,694 [5be219b2-97fd-4a8c-91ea-b15aa89454d4@group-5CA9F57E662E:LeaderElection63] INFO  server.RaftServerConfigKeys (ConfUtils.java:logGet(43)) - raft.server.watch.timeout.denomination = 1s (default)
2019-09-25 05:52:35,695 [5be219b2-97fd-4a8c-91ea-b15aa89454d4@group-5CA9F57E662E:LeaderElection63] INFO  server.RaftServerConfigKeys (ConfUtils.java:logGet(43)) - raft.server.watch.element-limit = 65536 (default)
2019-09-25 05:52:35,696 [0bbc1277-be6f-4bf3-88cf-1c3b12e139ad@group-87557529426B:LeaderElection64] INFO  impl.RoleInfo (RoleInfo.java:updateAndGet(143)) - 0bbc1277-be6f-4bf3-88cf-1c3b12e139ad: start LeaderState
2019-09-25 05:52:35,696 [0bbc1277-be6f-4bf3-88cf-1c3b12e139ad@group-87557529426B:LeaderElection64] INFO  segmented.SegmentedRaftLogWorker (SegmentedRaftLogWorker.java:startLogSegment(380)) - 0bbc1277-be6f-4bf3-88cf-1c3b12e139ad@group-87557529426B-SegmentedRaftLogWorker: Starting segment from index:0
2019-09-25 05:52:35,697 [0bbc1277-be6f-4bf3-88cf-1c3b12e139ad@group-87557529426B:LeaderElection64] INFO  impl.RaftServerImpl (ServerState.java:setRaftConf(354)) - 0bbc1277-be6f-4bf3-88cf-1c3b12e139ad@group-87557529426B: set configuration 0: [0bbc1277-be6f-4bf3-88cf-1c3b12e139ad:192.168.30.10:46701], old=null at 0
2019-09-25 05:52:35,960 [754f3588-47e6-41ad-b34e-eb7041cce070@group-ECF48C7AF352:LeaderElection72] INFO  impl.LeaderElection (LeaderElection.java:askForVotes(182)) - 754f3588-47e6-41ad-b34e-eb7041cce070@group-ECF48C7AF352:LeaderElection72: begin an election at term 1 for -1: [754f3588-47e6-41ad-b34e-eb7041cce070:192.168.30.10:41089], old=null
2019-09-25 05:52:35,960 [5be219b2-97fd-4a8c-91ea-b15aa89454d4@group-062EB2D13C02:LeaderElection68] INFO  impl.LeaderElection (LeaderElection.java:askForVotes(182)) - 5be219b2-97fd-4a8c-91ea-b15aa89454d4@group-062EB2D13C02:LeaderElection68: begin an election at term 1 for -1: [5be219b2-97fd-4a8c-91ea-b15aa89454d4:192.168.30.10:40625], old=null
2019-09-25 05:52:35,960 [754f3588-47e6-41ad-b34e-eb7041cce070@group-2AFD8FA83037:LeaderElection65] INFO  impl.LeaderElection (LeaderElection.java:askForVotes(182)) - 754f3588-47e6-41ad-b34e-eb7041cce070@group-2AFD8FA83037:LeaderElection65: begin an election at term 1 for -1: [754f3588-47e6-41ad-b34e-eb7041cce070:192.168.30.10:41089], old=null
2019-09-25 05:52:35,960 [0bbc1277-be6f-4bf3-88cf-1c3b12e139ad@group-84D84F2032E7:LeaderElection70] INFO  impl.LeaderElection (LeaderElection.java:askForVotes(182)) - 0bbc1277-be6f-4bf3-88cf-1c3b12e139ad@group-84D84F2032E7:LeaderElection70: begin an election at term 1 for -1: [0bbc1277-be6f-4bf3-88cf-1c3b12e139ad:192.168.30.10:46701], old=null
2019-09-25 05:52:35,960 [754f3588-47e6-41ad-b34e-eb7041cce070@group-0CE913FB3B9B:LeaderElection71] INFO  impl.LeaderElection (LeaderElection.java:askForVotes(182)) - 754f3588-47e6-41ad-b34e-eb7041cce070@group-0CE913FB3B9B:LeaderElection71: begin an election at term 1 for -1: [754f3588-47e6-41ad-b34e-eb7041cce070:192.168.30.10:41089], old=null
2019-09-25 05:52:35,960 [0bbc1277-be6f-4bf3-88cf-1c3b12e139ad@group-CAAD79553794:LeaderElection67] INFO  impl.LeaderElection (LeaderElection.java:askForVotes(182)) - 0bbc1277-be6f-4bf3-88cf-1c3b12e139ad@group-CAAD79553794:LeaderElection67: begin an election at term 1 for -1: [0bbc1277-be6f-4bf3-88cf-1c3b12e139ad:192.168.30.10:46701], old=null
2019-09-25 05:52:35,960 [5be219b2-97fd-4a8c-91ea-b15aa89454d4@group-75850FD069CD:LeaderElection66] INFO  impl.LeaderElection (LeaderElection.java:askForVotes(182)) - 5be219b2-97fd-4a8c-91ea-b15aa89454d4@group-75850FD069CD:LeaderElection66: begin an election at term 1 for -1: [5be219b2-97fd-4a8c-91ea-b15aa89454d4:192.168.30.10:40625], old=null
2019-09-25 05:52:35,960 [754f3588-47e6-41ad-b34e-eb7041cce070@group-7284753E1186:LeaderElection69] INFO  impl.LeaderElection (LeaderElection.java:askForVotes(182)) - 754f3588-47e6-41ad-b34e-eb7041cce070@group-7284753E1186:LeaderElection69: begin an election at term 1 for -1: [754f3588-47e6-41ad-b34e-eb7041cce070:192.168.30.10:41089], old=null
2019-09-25 05:52:35,960 [Thread-397] INFO  impl.FollowerState (FollowerState.java:run(106)) - 754f3588-47e6-41ad-b34e-eb7041cce070:group-22F58638F634 changes to CANDIDATE, lastRpcTime:5377, electionTimeout:5150ms
2019-09-25 05:52:35,959 [Thread-409] INFO  impl.FollowerState (FollowerState.java:run(106)) - 5be219b2-97fd-4a8c-91ea-b15aa89454d4:group-962CE1515C19 changes to CANDIDATE, lastRpcTime:5214, electionTimeout:5022ms
2019-09-25 05:52:35,962 [Thread-397] INFO  impl.RoleInfo (RoleInfo.java:shutdownFollowerState(121)) - 754f3588-47e6-41ad-b34e-eb7041cce070: shutdown FollowerState
2019-09-25 05:52:35,958 [Thread-406] INFO  impl.FollowerState (FollowerState.java:run(106)) - 0bbc1277-be6f-4bf3-88cf-1c3b12e139ad:group-460933B656CC changes to CANDIDATE, lastRpcTime:5253, electionTimeout:5180ms
2019-09-25 05:52:35,958 [Thread-418] INFO  impl.FollowerState (FollowerState.java:run(106)) - 0bbc1277-be6f-4bf3-88cf-1c3b12e139ad:group-8A0701C6A3A8 changes to CANDIDATE, lastRpcTime:5051, electionTimeout:5008ms
2019-09-25 05:52:35,958 [Thread-412] INFO  impl.FollowerState (FollowerState.java:run(106)) - 5be219b2-97fd-4a8c-91ea-b15aa89454d4:group-2F77B981F125 changes to CANDIDATE, lastRpcTime:5172, electionTimeout:5146ms
2019-09-25 05:52:35,697 [5be219b2-97fd-4a8c-91ea-b15aa89454d4@group-5CA9F57E662E:LeaderElection63] INFO  impl.RoleInfo (RoleInfo.java:updateAndGet(143)) - 5be219b2-97fd-4a8c-91ea-b15aa89454d4: start LeaderState
2019-09-25 05:52:35,962 [Thread-412] INFO  impl.RoleInfo (RoleInfo.java:shutdownFollowerState(121)) - 5be219b2-97fd-4a8c-91ea-b15aa89454d4: shutdown FollowerState
2019-09-25 05:52:35,962 [Thread-418] INFO  impl.RoleInfo (RoleInfo.java:shutdownFollowerState(121)) - 0bbc1277-be6f-4bf3-88cf-1c3b12e139ad: shutdown FollowerState
2019-09-25 05:52:35,962 [Thread-406] INFO  impl.RoleInfo (RoleInfo.java:shutdownFollowerState(121)) - 0bbc1277-be6f-4bf3-88cf-1c3b12e139ad: shutdown FollowerState
2019-09-25 05:52:35,962 [Thread-397] INFO  impl.RaftServerImpl (RaftServerImpl.java:setRole(174)) - 754f3588-47e6-41ad-b34e-eb7041cce070@group-22F58638F634: changes role from  FOLLOWER to CANDIDATE at term 0 for changeToCandidate
2019-09-25 05:52:35,962 [Thread-409] INFO  impl.RoleInfo (RoleInfo.java:shutdownFollowerState(121)) - 5be219b2-97fd-4a8c-91ea-b15aa89454d4: shutdown FollowerState
2019-09-25 05:52:35,963 [Thread-397] INFO  impl.RoleInfo (RoleInfo.java:updateAndGet(143)) - 754f3588-47e6-41ad-b34e-eb7041cce070: start LeaderElection
2019-09-25 05:52:35,962 [754f3588-47e6-41ad-b34e-eb7041cce070@group-7284753E1186:LeaderElection69] INFO  impl.RoleInfo (RoleInfo.java:shutdownLeaderElection(134)) - 754f3588-47e6-41ad-b34e-eb7041cce070: shutdown LeaderElection
2019-09-25 05:52:35,962 [5be219b2-97fd-4a8c-91ea-b15aa89454d4@group-75850FD069CD:LeaderElection66] INFO  impl.RoleInfo (RoleInfo.java:shutdownLeaderElection(134)) - 5be219b2-97fd-4a8c-91ea-b15aa89454d4: shutdown LeaderElection
2019-09-25 05:52:35,962 [0bbc1277-be6f-4bf3-88cf-1c3b12e139ad@group-CAAD79553794:LeaderElection67] INFO  impl.RoleInfo (RoleInfo.java:shutdownLeaderElection(134)) - 0bbc1277-be6f-4bf3-88cf-1c3b12e139ad: shutdown LeaderElection
2019-09-25 05:52:35,961 [754f3588-47e6-41ad-b34e-eb7041cce070@group-0CE913FB3B9B:LeaderElection71] INFO  impl.RoleInfo (RoleInfo.java:shutdownLeaderElection(134)) - 754f3588-47e6-41ad-b34e-eb7041cce070: shutdown LeaderElection
2019-09-25 05:52:35,961 [0bbc1277-be6f-4bf3-88cf-1c3b12e139ad@group-84D84F2032E7:LeaderElection70] INFO  impl.RoleInfo (RoleInfo.java:shutdownLeaderElection(134)) - 0bbc1277-be6f-4bf3-88cf-1c3b12e139ad: shutdown LeaderElection
2019-09-25 05:52:35,961 [754f3588-47e6-41ad-b34e-eb7041cce070@group-2AFD8FA83037:LeaderElection65] INFO  impl.RoleInfo (RoleInfo.java:shutdownLeaderElection(134)) - 754f3588-47e6-41ad-b34e-eb7041cce070: shutdown LeaderElection
2019-09-25 05:52:35,961 [5be219b2-97fd-4a8c-91ea-b15aa89454d4@group-062EB2D13C02:LeaderElection68] INFO  impl.RoleInfo (RoleInfo.java:shutdownLeaderElection(134)) - 5be219b2-97fd-4a8c-91ea-b15aa89454d4: shutdown LeaderElection
2019-09-25 05:52:35,961 [754f3588-47e6-41ad-b34e-eb7041cce070@group-ECF48C7AF352:LeaderElection72] INFO  impl.RoleInfo (RoleInfo.java:shutdownLeaderElection(134)) - 754f3588-47e6-41ad-b34e-eb7041cce070: shutdown LeaderElection
2019-09-25 05:52:35,961 [RatisPipelineUtilsThread] INFO  pipeline.PipelineStateManager (PipelineStateManager.java:addPipeline(56)) - Created pipeline Pipeline[ Id: d087a4ae-4ab6-4308-bbc3-33e71cd17ceb, Nodes: 754f3588-47e6-41ad-b34e-eb7041cce070{ip: 192.168.30.10, host: pr-hdds-1569-s62bp-3040748787, networkLocation: /default-rack, certSerialId: null}, Type:RATIS, Factor:ONE, State:OPEN]
2019-09-25 05:52:35,964 [754f3588-47e6-41ad-b34e-eb7041cce070@group-ECF48C7AF352:LeaderElection72] INFO  impl.RaftServerImpl (RaftServerImpl.java:setRole(174)) - 754f3588-47e6-41ad-b34e-eb7041cce070@group-ECF48C7AF352: changes role from CANDIDATE to LEADER at term 1 for changeToLeader
2019-09-25 05:52:35,964 [5be219b2-97fd-4a8c-91ea-b15aa89454d4@group-062EB2D13C02:LeaderElection68] INFO  impl.RaftServerImpl (RaftServerImpl.java:setRole(174)) - 5be219b2-97fd-4a8c-91ea-b15aa89454d4@group-062EB2D13C02: changes role from CANDIDATE to LEADER at term 1 for changeToLeader
2019-09-25 05:52:35,964 [754f3588-47e6-41ad-b34e-eb7041cce070@group-2AFD8FA83037:LeaderElection65] INFO  impl.RaftServerImpl (RaftServerImpl.java:setRole(174)) - 754f3588-47e6-41ad-b34e-eb7041cce070@group-2AFD8FA83037: changes role from CANDIDATE to LEADER at term 1 for changeToLeader
2019-09-25 05:52:35,964 [0bbc1277-be6f-4bf3-88cf-1c3b12e139ad@group-84D84F2032E7:LeaderElection70] INFO  impl.RaftServerImpl (RaftServerImpl.java:setRole(174)) - 0bbc1277-be6f-4bf3-88cf-1c3b12e139ad@group-84D84F2032E7: changes role from CANDIDATE to LEADER at term 1 for changeToLeader
2019-09-25 05:52:35,964 [754f3588-47e6-41ad-b34e-eb7041cce070@group-0CE913FB3B9B:LeaderElection71] INFO  impl.RaftServerImpl (RaftServerImpl.java:setRole(174)) - 754f3588-47e6-41ad-b34e-eb7041cce070@group-0CE913FB3B9B: changes role from CANDIDATE to LEADER at term 1 for changeToLeader
2019-09-25 05:52:35,963 [0bbc1277-be6f-4bf3-88cf-1c3b12e139ad@group-CAAD79553794:LeaderElection67] INFO  impl.RaftServerImpl (RaftServerImpl.java:setRole(174)) - 0bbc1277-be6f-4bf3-88cf-1c3b12e139ad@group-CAAD79553794: changes role from CANDIDATE to LEADER at term 1 for changeToLeader
2019-09-25 05:52:35,963 [5be219b2-97fd-4a8c-91ea-b15aa89454d4@group-75850FD069CD:LeaderElection66] INFO  impl.RaftServerImpl (RaftServerImpl.java:setRole(174)) - 5be219b2-97fd-4a8c-91ea-b15aa89454d4@group-75850FD069CD: changes role from CANDIDATE to LEADER at term 1 for changeToLeader
2019-09-25 05:52:35,963 [754f3588-47e6-41ad-b34e-eb7041cce070@group-7284753E1186:LeaderElection69] INFO  impl.RaftServerImpl (RaftServerImpl.java:setRole(174)) - 754f3588-47e6-41ad-b34e-eb7041cce070@group-7284753E1186: changes role from CANDIDATE to LEADER at term 1 for changeToLeader
2019-09-25 05:52:35,963 [Thread-409] INFO  impl.RaftServerImpl (RaftServerImpl.java:setRole(174)) - 5be219b2-97fd-4a8c-91ea-b15aa89454d4@group-962CE1515C19: changes role from  FOLLOWER to CANDIDATE at term 0 for changeToCandidate
2019-09-25 05:52:35,963 [Thread-406] INFO  impl.RaftServerImpl (RaftServerImpl.java:setRole(174)) - 0bbc1277-be6f-4bf3-88cf-1c3b12e139ad@group-460933B656CC: changes role from  FOLLOWER to CANDIDATE at term 0 for changeToCandidate
2019-09-25 05:52:35,963 [Thread-418] INFO  impl.RaftServerImpl (RaftServerImpl.java:setRole(174)) - 0bbc1277-be6f-4bf3-88cf-1c3b12e139ad@group-8A0701C6A3A8: changes role from  FOLLOWER to CANDIDATE at term 0 for changeToCandidate
2019-09-25 05:52:35,963 [5be219b2-97fd-4a8c-91ea-b15aa89454d4@group-5CA9F57E662E:LeaderElection63] INFO  segmented.SegmentedRaftLogWorker (SegmentedRaftLogWorker.java:startLogSegment(380)) - 5be219b2-97fd-4a8c-91ea-b15aa89454d4@group-5CA9F57E662E-SegmentedRaftLogWorker: Starting segment from index:0
2019-09-25 05:52:35,962 [Thread-412] INFO  impl.RaftServerImpl (RaftServerImpl.java:setRole(174)) - 5be219b2-97fd-4a8c-91ea-b15aa89454d4@group-2F77B981F125: changes role from  FOLLOWER to CANDIDATE at term 0 for changeToCandidate
2019-09-25 05:52:35,965 [Thread-418] INFO  impl.RoleInfo (RoleInfo.java:updateAndGet(143)) - 0bbc1277-be6f-4bf3-88cf-1c3b12e139ad: start LeaderElection
2019-09-25 05:52:35,965 [Thread-406] INFO  impl.RoleInfo (RoleInfo.java:updateAndGet(143)) - 0bbc1277-be6f-4bf3-88cf-1c3b12e139ad: start LeaderElection
2019-09-25 05:52:35,965 [Thread-409] INFO  impl.RoleInfo (RoleInfo.java:updateAndGet(143)) - 5be219b2-97fd-4a8c-91ea-b15aa89454d4: start LeaderElection
2019-09-25 05:52:35,965 [754f3588-47e6-41ad-b34e-eb7041cce070@group-7284753E1186:LeaderElection69] INFO  impl.RaftServerImpl (ServerState.java:setLeader(253)) - 754f3588-47e6-41ad-b34e-eb7041cce070@group-7284753E1186: change Leader from null to 754f3588-47e6-41ad-b34e-eb7041cce070 at term 1 for becomeLeader, leader elected after 5305ms
2019-09-25 05:52:35,965 [5be219b2-97fd-4a8c-91ea-b15aa89454d4@group-75850FD069CD:LeaderElection66] INFO  impl.RaftServerImpl (ServerState.java:setLeader(253)) - 5be219b2-97fd-4a8c-91ea-b15aa89454d4@group-75850FD069CD: change Leader from null to 5be219b2-97fd-4a8c-91ea-b15aa89454d4 at term 1 for becomeLeader, leader elected after 5655ms
2019-09-25 05:52:35,965 [0bbc1277-be6f-4bf3-88cf-1c3b12e139ad@group-CAAD79553794:LeaderElection67] INFO  impl.RaftServerImpl (ServerState.java:setLeader(253)) - 0bbc1277-be6f-4bf3-88cf-1c3b12e139ad@group-CAAD79553794: change Leader from null to 0bbc1277-be6f-4bf3-88cf-1c3b12e139ad at term 1 for becomeLeader, leader elected after 5437ms
2019-09-25 05:52:35,965 [754f3588-47e6-41ad-b34e-eb7041cce070@group-0CE913FB3B9B:LeaderElection71] INFO  impl.RaftServerImpl (ServerState.java:setLeader(253)) - 754f3588-47e6-41ad-b34e-eb7041cce070@group-0CE913FB3B9B: change Leader from null to 754f3588-47e6-41ad-b34e-eb7041cce070 at term 1 for becomeLeader, leader elected after 5477ms
2019-09-25 05:52:35,965 [0bbc1277-be6f-4bf3-88cf-1c3b12e139ad@group-84D84F2032E7:LeaderElection70] INFO  impl.RaftServerImpl (ServerState.java:setLeader(253)) - 0bbc1277-be6f-4bf3-88cf-1c3b12e139ad@group-84D84F2032E7: change Leader from null to 0bbc1277-be6f-4bf3-88cf-1c3b12e139ad at term 1 for becomeLeader, leader elected after 5519ms
2019-09-25 05:52:35,965 [754f3588-47e6-41ad-b34e-eb7041cce070@group-2AFD8FA83037:LeaderElection65] INFO  impl.RaftServerImpl (ServerState.java:setLeader(253)) - 754f3588-47e6-41ad-b34e-eb7041cce070@group-2AFD8FA83037: change Leader from null to 754f3588-47e6-41ad-b34e-eb7041cce070 at term 1 for becomeLeader, leader elected after 5561ms
2019-09-25 05:52:35,965 [5be219b2-97fd-4a8c-91ea-b15aa89454d4@group-062EB2D13C02:LeaderElection68] INFO  impl.RaftServerImpl (ServerState.java:setLeader(253)) - 5be219b2-97fd-4a8c-91ea-b15aa89454d4@group-062EB2D13C02: change Leader from null to 5be219b2-97fd-4a8c-91ea-b15aa89454d4 at term 1 for becomeLeader, leader elected after 5603ms
2019-09-25 05:52:35,964 [754f3588-47e6-41ad-b34e-eb7041cce070@group-ECF48C7AF352:LeaderElection72] INFO  impl.RaftServerImpl (ServerState.java:setLeader(253)) - 754f3588-47e6-41ad-b34e-eb7041cce070@group-ECF48C7AF352: change Leader from null to 754f3588-47e6-41ad-b34e-eb7041cce070 at term 1 for becomeLeader, leader elected after 5345ms
2019-09-25 05:52:36,191 [5be219b2-97fd-4a8c-91ea-b15aa89454d4@group-062EB2D13C02:LeaderElection68] INFO  server.RaftServerConfigKeys (ConfUtils.java:logGet(43)) - raft.server.staging.catchup.gap = 1000 (default)
2019-09-25 05:52:36,191 [754f3588-47e6-41ad-b34e-eb7041cce070@group-2AFD8FA83037:LeaderElection65] INFO  server.RaftServerConfigKeys (ConfUtils.java:logGet(43)) - raft.server.staging.catchup.gap = 1000 (default)
2019-09-25 05:52:36,191 [0bbc1277-be6f-4bf3-88cf-1c3b12e139ad@group-84D84F2032E7:LeaderElection70] INFO  server.RaftServerConfigKeys (ConfUtils.java:logGet(43)) - raft.server.staging.catchup.gap = 1000 (default)
2019-09-25 05:52:36,191 [754f3588-47e6-41ad-b34e-eb7041cce070@group-0CE913FB3B9B:LeaderElection71] INFO  server.RaftServerConfigKeys (ConfUtils.java:logGet(43)) - raft.server.staging.catchup.gap = 1000 (default)
2019-09-25 05:52:36,191 [0bbc1277-be6f-4bf3-88cf-1c3b12e139ad@group-CAAD79553794:LeaderElection67] INFO  server.RaftServerConfigKeys (ConfUtils.java:logGet(43)) - raft.server.staging.catchup.gap = 1000 (default)
2019-09-25 05:52:36,191 [5be219b2-97fd-4a8c-91ea-b15aa89454d4@group-75850FD069CD:LeaderElection66] INFO  server.RaftServerConfigKeys (ConfUtils.java:logGet(43)) - raft.server.staging.catchup.gap = 1000 (default)
2019-09-25 05:52:36,191 [754f3588-47e6-41ad-b34e-eb7041cce070@group-7284753E1186:LeaderElection69] INFO  server.RaftServerConfigKeys (ConfUtils.java:logGet(43)) - raft.server.staging.catchup.gap = 1000 (default)
2019-09-25 05:52:36,190 [Thread-436] INFO  impl.FollowerState (FollowerState.java:run(106)) - 5be219b2-97fd-4a8c-91ea-b15aa89454d4:group-CB6A65C6BA0C changes to CANDIDATE, lastRpcTime:5012, electionTimeout:5012ms
2019-09-25 05:52:36,190 [5be219b2-97fd-4a8c-91ea-b15aa89454d4@group-5CA9F57E662E:LeaderElection63] INFO  impl.RaftServerImpl (ServerState.java:setRaftConf(354)) - 5be219b2-97fd-4a8c-91ea-b15aa89454d4@group-5CA9F57E662E: set configuration 0: [5be219b2-97fd-4a8c-91ea-b15aa89454d4:192.168.30.10:40625], old=null at 0
2019-09-25 05:52:36,190 [Thread-421] INFO  impl.FollowerState (FollowerState.java:run(106)) - 0bbc1277-be6f-4bf3-88cf-1c3b12e139ad:group-19A6A27F62D9 changes to CANDIDATE, lastRpcTime:5243, electionTimeout:5023ms
2019-09-25 05:52:36,190 [754f3588-47e6-41ad-b34e-eb7041cce070@group-22F58638F634:LeaderElection73] INFO  impl.LeaderElection (LeaderElection.java:askForVotes(182)) - 754f3588-47e6-41ad-b34e-eb7041cce070@group-22F58638F634:LeaderElection73: begin an election at term 1 for -1: [754f3588-47e6-41ad-b34e-eb7041cce070:192.168.30.10:41089], old=null
2019-09-25 05:52:36,189 [Thread-415] INFO  impl.FollowerState (FollowerState.java:run(106)) - 0bbc1277-be6f-4bf3-88cf-1c3b12e139ad:group-703D5E58E916 changes to CANDIDATE, lastRpcTime:5327, electionTimeout:5147ms
2019-09-25 05:52:36,189 [Thread-424] INFO  impl.FollowerState (FollowerState.java:run(106)) - 754f3588-47e6-41ad-b34e-eb7041cce070:group-C59E6E433298 changes to CANDIDATE, lastRpcTime:5190, electionTimeout:5037ms
2019-09-25 05:52:35,966 [Thread-412] INFO  impl.RoleInfo (RoleInfo.java:updateAndGet(143)) - 5be219b2-97fd-4a8c-91ea-b15aa89454d4: start LeaderElection
2019-09-25 05:52:36,193 [Thread-424] INFO  impl.RoleInfo (RoleInfo.java:shutdownFollowerState(121)) - 754f3588-47e6-41ad-b34e-eb7041cce070: shutdown FollowerState
2019-09-25 05:52:36,193 [Thread-415] INFO  impl.RoleInfo (RoleInfo.java:shutdownFollowerState(121)) - 0bbc1277-be6f-4bf3-88cf-1c3b12e139ad: shutdown FollowerState
2019-09-25 05:52:36,193 [754f3588-47e6-41ad-b34e-eb7041cce070@group-22F58638F634:LeaderElection73] INFO  impl.RoleInfo (RoleInfo.java:shutdownLeaderElection(134)) - 754f3588-47e6-41ad-b34e-eb7041cce070: shutdown LeaderElection
2019-09-25 05:52:36,193 [Thread-421] INFO  impl.RoleInfo (RoleInfo.java:shutdownFollowerState(121)) - 0bbc1277-be6f-4bf3-88cf-1c3b12e139ad: shutdown FollowerState
2019-09-25 05:52:36,193 [Thread-421] INFO  impl.RaftServerImpl (RaftServerImpl.java:setRole(174)) - 0bbc1277-be6f-4bf3-88cf-1c3b12e139ad@group-19A6A27F62D9: changes role from  FOLLOWER to CANDIDATE at term 0 for changeToCandidate
2019-09-25 05:52:36,192 [Thread-436] INFO  impl.RoleInfo (RoleInfo.java:shutdownFollowerState(121)) - 5be219b2-97fd-4a8c-91ea-b15aa89454d4: shutdown FollowerState
2019-09-25 05:52:36,192 [754f3588-47e6-41ad-b34e-eb7041cce070@group-7284753E1186:LeaderElection69] INFO  server.RaftServerConfigKeys (ConfUtils.java:logGet(43)) - raft.server.rpc.sleep.time = 25ms (default)
2019-09-25 05:52:36,192 [5be219b2-97fd-4a8c-91ea-b15aa89454d4@group-75850FD069CD:LeaderElection66] INFO  server.RaftServerConfigKeys (ConfUtils.java:logGet(43)) - raft.server.rpc.sleep.time = 25ms (default)
2019-09-25 05:52:36,192 [0bbc1277-be6f-4bf3-88cf-1c3b12e139ad@group-CAAD79553794:LeaderElection67] INFO  server.RaftServerConfigKeys (ConfUtils.java:logGet(43)) - raft.server.rpc.sleep.time = 25ms (default)
2019-09-25 05:52:36,192 [754f3588-47e6-41ad-b34e-eb7041cce070@group-0CE913FB3B9B:LeaderElection71] INFO  server.RaftServerConfigKeys (ConfUtils.java:logGet(43)) - raft.server.rpc.sleep.time = 25ms (default)
2019-09-25 05:52:36,192 [0bbc1277-be6f-4bf3-88cf-1c3b12e139ad@group-84D84F2032E7:LeaderElection70] INFO  server.RaftServerConfigKeys (ConfUtils.java:logGet(43)) - raft.server.rpc.sleep.time = 25ms (default)
2019-09-25 05:52:36,192 [754f3588-47e6-41ad-b34e-eb7041cce070@group-2AFD8FA83037:LeaderElection65] INFO  server.RaftServerConfigKeys (ConfUtils.java:logGet(43)) - raft.server.rpc.sleep.time = 25ms (default)
2019-09-25 05:52:36,192 [5be219b2-97fd-4a8c-91ea-b15aa89454d4@group-062EB2D13C02:LeaderElection68] INFO  server.RaftServerConfigKeys (ConfUtils.java:logGet(43)) - raft.server.rpc.sleep.time = 25ms (default)
2019-09-25 05:52:36,191 [754f3588-47e6-41ad-b34e-eb7041cce070@group-ECF48C7AF352:LeaderElection72] INFO  server.RaftServerConfigKeys (ConfUtils.java:logGet(43)) - raft.server.staging.catchup.gap = 1000 (default)
2019-09-25 05:52:36,194 [5be219b2-97fd-4a8c-91ea-b15aa89454d4@group-062EB2D13C02:LeaderElection68] INFO  server.RaftServerConfigKeys (ConfUtils.java:logGet(43)) - raft.server.write.element-limit = 4096 (default)
2019-09-25 05:52:36,194 [754f3588-47e6-41ad-b34e-eb7041cce070@group-2AFD8FA83037:LeaderElection65] INFO  server.RaftServerConfigKeys (ConfUtils.java:logGet(43)) - raft.server.write.element-limit = 4096 (default)
2019-09-25 05:52:36,194 [0bbc1277-be6f-4bf3-88cf-1c3b12e139ad@group-84D84F2032E7:LeaderElection70] INFO  server.RaftServerConfigKeys (ConfUtils.java:logGet(43)) - raft.server.write.element-limit = 4096 (default)
2019-09-25 05:52:36,194 [754f3588-47e6-41ad-b34e-eb7041cce070@group-0CE913FB3B9B:LeaderElection71] INFO  server.RaftServerConfigKeys (ConfUtils.java:logGet(43)) - raft.server.write.element-limit = 4096 (default)
2019-09-25 05:52:36,194 [0bbc1277-be6f-4bf3-88cf-1c3b12e139ad@group-CAAD79553794:LeaderElection67] INFO  server.RaftServerConfigKeys (ConfUtils.java:logGet(43)) - raft.server.write.element-limit = 4096 (default)
2019-09-25 05:52:36,194 [5be219b2-97fd-4a8c-91ea-b15aa89454d4@group-75850FD069CD:LeaderElection66] INFO  server.RaftServerConfigKeys (ConfUtils.java:logGet(43)) - raft.server.write.element-limit = 4096 (default)
2019-09-25 05:52:36,193 [754f3588-47e6-41ad-b34e-eb7041cce070@group-7284753E1186:LeaderElection69] INFO  server.RaftServerConfigKeys (ConfUtils.java:logGet(43)) - raft.server.write.element-limit = 4096 (default)
2019-09-25 05:52:36,193 [Thread-436] INFO  impl.RaftServerImpl (RaftServerImpl.java:setRole(174)) - 5be219b2-97fd-4a8c-91ea-b15aa89454d4@group-CB6A65C6BA0C: changes role from  FOLLOWER to CANDIDATE at term 0 for changeToCandidate
2019-09-25 05:52:36,193 [Thread-421] INFO  impl.RoleInfo (RoleInfo.java:updateAndGet(143)) - 0bbc1277-be6f-4bf3-88cf-1c3b12e139ad: start LeaderElection
2019-09-25 05:52:36,193 [754f3588-47e6-41ad-b34e-eb7041cce070@group-22F58638F634:LeaderElection73] INFO  impl.RaftServerImpl (RaftServerImpl.java:setRole(174)) - 754f3588-47e6-41ad-b34e-eb7041cce070@group-22F58638F634: changes role from CANDIDATE to LEADER at term 1 for changeToLeader
2019-09-25 05:52:36,193 [Thread-415] INFO  impl.RaftServerImpl (RaftServerImpl.java:setRole(174)) - 0bbc1277-be6f-4bf3-88cf-1c3b12e139ad@group-703D5E58E916: changes role from  FOLLOWER to CANDIDATE at term 0 for changeToCandidate
2019-09-25 05:52:36,193 [Thread-424] INFO  impl.RaftServerImpl (RaftServerImpl.java:setRole(174)) - 754f3588-47e6-41ad-b34e-eb7041cce070@group-C59E6E433298: changes role from  FOLLOWER to CANDIDATE at term 0 for changeToCandidate
2019-09-25 05:52:36,195 [Thread-415] INFO  impl.RoleInfo (RoleInfo.java:updateAndGet(143)) - 0bbc1277-be6f-4bf3-88cf-1c3b12e139ad: start LeaderElection
2019-09-25 05:52:36,195 [754f3588-47e6-41ad-b34e-eb7041cce070@group-22F58638F634:LeaderElection73] INFO  impl.RaftServerImpl (ServerState.java:setLeader(253)) - 754f3588-47e6-41ad-b34e-eb7041cce070@group-22F58638F634: change Leader from null to 754f3588-47e6-41ad-b34e-eb7041cce070 at term 1 for becomeLeader, leader elected after 5617ms
2019-09-25 05:52:36,195 [Thread-436] INFO  impl.RoleInfo (RoleInfo.java:updateAndGet(143)) - 5be219b2-97fd-4a8c-91ea-b15aa89454d4: start LeaderElection
2019-09-25 05:52:36,195 [754f3588-47e6-41ad-b34e-eb7041cce070@group-7284753E1186:LeaderElection69] INFO  server.RaftServerConfigKeys (ConfUtils.java:logGet(43)) - raft.server.watch.timeout = 10s (default)
2019-09-25 05:52:36,195 [5be219b2-97fd-4a8c-91ea-b15aa89454d4@group-75850FD069CD:LeaderElection66] INFO  server.RaftServerConfigKeys (ConfUtils.java:logGet(43)) - raft.server.watch.timeout = 10s (default)
2019-09-25 05:52:36,195 [0bbc1277-be6f-4bf3-88cf-1c3b12e139ad@group-CAAD79553794:LeaderElection67] INFO  server.RaftServerConfigKeys (ConfUtils.java:logGet(43)) - raft.server.watch.timeout = 10s (default)
2019-09-25 05:52:36,195 [754f3588-47e6-41ad-b34e-eb7041cce070@group-0CE913FB3B9B:LeaderElection71] INFO  server.RaftServerConfigKeys (ConfUtils.java:logGet(43)) - raft.server.watch.timeout = 10s (default)
2019-09-25 05:52:36,195 [0bbc1277-be6f-4bf3-88cf-1c3b12e139ad@group-84D84F2032E7:LeaderElection70] INFO  server.RaftServerConfigKeys (ConfUtils.java:logGet(43)) - raft.server.watch.timeout = 10s (default)
2019-09-25 05:52:36,195 [754f3588-47e6-41ad-b34e-eb7041cce070@group-2AFD8FA83037:LeaderElection65] INFO  server.RaftServerConfigKeys (ConfUtils.java:logGet(43)) - raft.server.watch.timeout = 10s (default)
2019-09-25 05:52:36,194 [5be219b2-97fd-4a8c-91ea-b15aa89454d4@group-062EB2D13C02:LeaderElection68] INFO  server.RaftServerConfigKeys (ConfUtils.java:logGet(43)) - raft.server.watch.timeout = 10s (default)
2019-09-25 05:52:36,194 [754f3588-47e6-41ad-b34e-eb7041cce070@group-ECF48C7AF352:LeaderElection72] INFO  server.RaftServerConfigKeys (ConfUtils.java:logGet(43)) - raft.server.rpc.sleep.time = 25ms (default)
2019-09-25 05:52:36,197 [5be219b2-97fd-4a8c-91ea-b15aa89454d4@group-062EB2D13C02:LeaderElection68] INFO  server.RaftServerConfigKeys (ConfUtils.java:logGet(43)) - raft.server.watch.timeout.denomination = 1s (default)
2019-09-25 05:52:36,196 [754f3588-47e6-41ad-b34e-eb7041cce070@group-2AFD8FA83037:LeaderElection65] INFO  server.RaftServerConfigKeys (ConfUtils.java:logGet(43)) - raft.server.watch.timeout.denomination = 1s (default)
2019-09-25 05:52:36,207 [0bbc1277-be6f-4bf3-88cf-1c3b12e139ad@group-8A0701C6A3A8:LeaderElection76] INFO  impl.LeaderElection (LeaderElection.java:askForVotes(182)) - 0bbc1277-be6f-4bf3-88cf-1c3b12e139ad@group-8A0701C6A3A8:LeaderElection76: begin an election at term 1 for -1: [0bbc1277-be6f-4bf3-88cf-1c3b12e139ad:192.168.30.10:46701], old=null
2019-09-25 05:52:36,196 [0bbc1277-be6f-4bf3-88cf-1c3b12e139ad@group-84D84F2032E7:LeaderElection70] INFO  server.RaftServerConfigKeys (ConfUtils.java:logGet(43)) - raft.server.watch.timeout.denomination = 1s (default)
2019-09-25 05:52:36,196 [754f3588-47e6-41ad-b34e-eb7041cce070@group-0CE913FB3B9B:LeaderElection71] INFO  server.RaftServerConfigKeys (ConfUtils.java:logGet(43)) - raft.server.watch.timeout.denomination = 1s (default)
2019-09-25 05:52:36,207 [754f3588-47e6-41ad-b34e-eb7041cce070@group-0CE913FB3B9B:LeaderElection71] INFO  server.RaftServerConfigKeys (ConfUtils.java:logGet(43)) - raft.server.watch.element-limit = 65536 (default)
2019-09-25 05:52:36,196 [0bbc1277-be6f-4bf3-88cf-1c3b12e139ad@group-CAAD79553794:LeaderElection67] INFO  server.RaftServerConfigKeys (ConfUtils.java:logGet(43)) - raft.server.watch.timeout.denomination = 1s (default)
2019-09-25 05:52:36,196 [5be219b2-97fd-4a8c-91ea-b15aa89454d4@group-75850FD069CD:LeaderElection66] INFO  server.RaftServerConfigKeys (ConfUtils.java:logGet(43)) - raft.server.watch.timeout.denomination = 1s (default)
2019-09-25 05:52:36,196 [754f3588-47e6-41ad-b34e-eb7041cce070@group-7284753E1186:LeaderElection69] INFO  server.RaftServerConfigKeys (ConfUtils.java:logGet(43)) - raft.server.watch.timeout.denomination = 1s (default)
2019-09-25 05:52:36,196 [grpc-default-executor-0] INFO  impl.RaftServerProxy (RaftServerProxy.java:addNew(89)) - 0bbc1277-be6f-4bf3-88cf-1c3b12e139ad: addNew group-5C54A8351410:[0bbc1277-be6f-4bf3-88cf-1c3b12e139ad:192.168.30.10:46701] returns group-5C54A8351410:java.util.concurrent.CompletableFuture@1885cd56[Not completed]
2019-09-25 05:52:36,196 [754f3588-47e6-41ad-b34e-eb7041cce070@group-22F58638F634:LeaderElection73] INFO  server.RaftServerConfigKeys (ConfUtils.java:logGet(43)) - raft.server.staging.catchup.gap = 1000 (default)
2019-09-25 05:52:36,196 [Thread-424] INFO  impl.RoleInfo (RoleInfo.java:updateAndGet(143)) - 754f3588-47e6-41ad-b34e-eb7041cce070: start LeaderElection
2019-09-25 05:52:36,208 [754f3588-47e6-41ad-b34e-eb7041cce070@group-22F58638F634:LeaderElection73] INFO  server.RaftServerConfigKeys (ConfUtils.java:logGet(43)) - raft.server.rpc.sleep.time = 25ms (default)
2019-09-25 05:52:36,208 [754f3588-47e6-41ad-b34e-eb7041cce070@group-7284753E1186:LeaderElection69] INFO  server.RaftServerConfigKeys (ConfUtils.java:logGet(43)) - raft.server.watch.element-limit = 65536 (default)
2019-09-25 05:52:36,208 [5be219b2-97fd-4a8c-91ea-b15aa89454d4@group-75850FD069CD:LeaderElection66] INFO  server.RaftServerConfigKeys (ConfUtils.java:logGet(43)) - raft.server.watch.element-limit = 65536 (default)
2019-09-25 05:52:36,207 [0bbc1277-be6f-4bf3-88cf-1c3b12e139ad@group-CAAD79553794:LeaderElection67] INFO  server.RaftServerConfigKeys (ConfUtils.java:logGet(43)) - raft.server.watch.element-limit = 65536 (default)
2019-09-25 05:52:36,207 [0bbc1277-be6f-4bf3-88cf-1c3b12e139ad@group-84D84F2032E7:LeaderElection70] INFO  server.RaftServerConfigKeys (ConfUtils.java:logGet(43)) - raft.server.watch.element-limit = 65536 (default)
2019-09-25 05:52:36,207 [0bbc1277-be6f-4bf3-88cf-1c3b12e139ad@group-8A0701C6A3A8:LeaderElection76] INFO  impl.RoleInfo (RoleInfo.java:shutdownLeaderElection(134)) - 0bbc1277-be6f-4bf3-88cf-1c3b12e139ad: shutdown LeaderElection
2019-09-25 05:52:36,207 [pool-27-thread-1] INFO  impl.RaftServerImpl (RaftServerImpl.java:<init>(95)) - 0bbc1277-be6f-4bf3-88cf-1c3b12e139ad: new RaftServerImpl for group-5C54A8351410:[0bbc1277-be6f-4bf3-88cf-1c3b12e139ad:192.168.30.10:46701] with ContainerStateMachine:uninitialized
2019-09-25 05:52:36,207 [5be219b2-97fd-4a8c-91ea-b15aa89454d4@group-CB6A65C6BA0C:LeaderElection79] INFO  impl.LeaderElection (LeaderElection.java:askForVotes(182)) - 5be219b2-97fd-4a8c-91ea-b15aa89454d4@group-CB6A65C6BA0C:LeaderElection79: begin an election at term 1 for -1: [5be219b2-97fd-4a8c-91ea-b15aa89454d4:192.168.30.10:40625], old=null
2019-09-25 05:52:36,207 [754f3588-47e6-41ad-b34e-eb7041cce070@group-2AFD8FA83037:LeaderElection65] INFO  server.RaftServerConfigKeys (ConfUtils.java:logGet(43)) - raft.server.watch.element-limit = 65536 (default)
2019-09-25 05:52:36,207 [5be219b2-97fd-4a8c-91ea-b15aa89454d4@group-2F77B981F125:LeaderElection77] INFO  impl.LeaderElection (LeaderElection.java:askForVotes(182)) - 5be219b2-97fd-4a8c-91ea-b15aa89454d4@group-2F77B981F125:LeaderElection77: begin an election at term 1 for -1: [5be219b2-97fd-4a8c-91ea-b15aa89454d4:192.168.30.10:40625], old=null
2019-09-25 05:52:36,207 [0bbc1277-be6f-4bf3-88cf-1c3b12e139ad@group-19A6A27F62D9:LeaderElection78] INFO  impl.LeaderElection (LeaderElection.java:askForVotes(182)) - 0bbc1277-be6f-4bf3-88cf-1c3b12e139ad@group-19A6A27F62D9:LeaderElection78: begin an election at term 1 for -1: [0bbc1277-be6f-4bf3-88cf-1c3b12e139ad:192.168.30.10:46701], old=null
2019-09-25 05:52:36,207 [5be219b2-97fd-4a8c-91ea-b15aa89454d4@group-062EB2D13C02:LeaderElection68] INFO  server.RaftServerConfigKeys (ConfUtils.java:logGet(43)) - raft.server.watch.element-limit = 65536 (default)
2019-09-25 05:52:36,207 [5be219b2-97fd-4a8c-91ea-b15aa89454d4@group-962CE1515C19:LeaderElection74] INFO  impl.LeaderElection (LeaderElection.java:askForVotes(182)) - 5be219b2-97fd-4a8c-91ea-b15aa89454d4@group-962CE1515C19:LeaderElection74: begin an election at term 1 for -1: [5be219b2-97fd-4a8c-91ea-b15aa89454d4:192.168.30.10:40625], old=null
2019-09-25 05:52:36,207 [0bbc1277-be6f-4bf3-88cf-1c3b12e139ad@group-460933B656CC:LeaderElection75] INFO  impl.LeaderElection (LeaderElection.java:askForVotes(182)) - 0bbc1277-be6f-4bf3-88cf-1c3b12e139ad@group-460933B656CC:LeaderElection75: begin an election at term 1 for -1: [0bbc1277-be6f-4bf3-88cf-1c3b12e139ad:192.168.30.10:46701], old=null
2019-09-25 05:52:36,207 [754f3588-47e6-41ad-b34e-eb7041cce070@group-ECF48C7AF352:LeaderElection72] INFO  server.RaftServerConfigKeys (ConfUtils.java:logGet(43)) - raft.server.write.element-limit = 4096 (default)
2019-09-25 05:52:36,210 [0bbc1277-be6f-4bf3-88cf-1c3b12e139ad@group-460933B656CC:LeaderElection75] INFO  impl.RoleInfo (RoleInfo.java:shutdownLeaderElection(134)) - 0bbc1277-be6f-4bf3-88cf-1c3b12e139ad: shutdown LeaderElection
2019-09-25 05:52:36,210 [5be219b2-97fd-4a8c-91ea-b15aa89454d4@group-962CE1515C19:LeaderElection74] INFO  impl.RoleInfo (RoleInfo.java:shutdownLeaderElection(134)) - 5be219b2-97fd-4a8c-91ea-b15aa89454d4: shutdown LeaderElection
2019-09-25 05:52:36,209 [0bbc1277-be6f-4bf3-88cf-1c3b12e139ad@group-19A6A27F62D9:LeaderElection78] INFO  impl.RoleInfo (RoleInfo.java:shutdownLeaderElection(134)) - 0bbc1277-be6f-4bf3-88cf-1c3b12e139ad: shutdown LeaderElection
2019-09-25 05:52:36,209 [5be219b2-97fd-4a8c-91ea-b15aa89454d4@group-2F77B981F125:LeaderElection77] INFO  impl.RoleInfo (RoleInfo.java:shutdownLeaderElection(134)) - 5be219b2-97fd-4a8c-91ea-b15aa89454d4: shutdown LeaderElection
2019-09-25 05:52:36,209 [5be219b2-97fd-4a8c-91ea-b15aa89454d4@group-CB6A65C6BA0C:LeaderElection79] INFO  impl.RoleInfo (RoleInfo.java:shutdownLeaderElection(134)) - 5be219b2-97fd-4a8c-91ea-b15aa89454d4: shutdown LeaderElection
2019-09-25 05:52:36,209 [pool-27-thread-1] INFO  server.RaftServerConfigKeys (ConfUtils.java:logGet(43)) - raft.server.rpc.timeout.min = 5s (custom)
2019-09-25 05:52:36,210 [pool-27-thread-1] INFO  server.RaftServerConfigKeys (ConfUtils.java:logGet(43)) - raft.server.rpc.timeout.max = 5200ms (custom)
2019-09-25 05:52:36,209 [0bbc1277-be6f-4bf3-88cf-1c3b12e139ad@group-8A0701C6A3A8:LeaderElection76] INFO  impl.RaftServerImpl (RaftServerImpl.java:setRole(174)) - 0bbc1277-be6f-4bf3-88cf-1c3b12e139ad@group-8A0701C6A3A8: changes role from CANDIDATE to LEADER at term 1 for changeToLeader
2019-09-25 05:52:36,208 [754f3588-47e6-41ad-b34e-eb7041cce070@group-0CE913FB3B9B:LeaderElection71] INFO  impl.RoleInfo (RoleInfo.java:updateAndGet(143)) - 754f3588-47e6-41ad-b34e-eb7041cce070: start LeaderState
2019-09-25 05:52:36,208 [754f3588-47e6-41ad-b34e-eb7041cce070@group-22F58638F634:LeaderElection73] INFO  server.RaftServerConfigKeys (ConfUtils.java:logGet(43)) - raft.server.write.element-limit = 4096 (default)
2019-09-25 05:52:36,211 [0bbc1277-be6f-4bf3-88cf-1c3b12e139ad@group-8A0701C6A3A8:LeaderElection76] INFO  impl.RaftServerImpl (ServerState.java:setLeader(253)) - 0bbc1277-be6f-4bf3-88cf-1c3b12e139ad@group-8A0701C6A3A8: change Leader from null to 0bbc1277-be6f-4bf3-88cf-1c3b12e139ad at term 1 for becomeLeader, leader elected after 5309ms
2019-09-25 05:52:36,211 [pool-27-thread-1] INFO  server.RaftServerConfigKeys (ConfUtils.java:logGet(43)) - raft.server.rpcslowness.timeout = 120s (custom)
2019-09-25 05:52:36,210 [5be219b2-97fd-4a8c-91ea-b15aa89454d4@group-CB6A65C6BA0C:LeaderElection79] INFO  impl.RaftServerImpl (RaftServerImpl.java:setRole(174)) - 5be219b2-97fd-4a8c-91ea-b15aa89454d4@group-CB6A65C6BA0C: changes role from CANDIDATE to LEADER at term 1 for changeToLeader
2019-09-25 05:52:36,211 [5be219b2-97fd-4a8c-91ea-b15aa89454d4@group-CB6A65C6BA0C:LeaderElection79] INFO  impl.RaftServerImpl (ServerState.java:setLeader(253)) - 5be219b2-97fd-4a8c-91ea-b15aa89454d4@group-CB6A65C6BA0C: change Leader from null to 5be219b2-97fd-4a8c-91ea-b15aa89454d4 at term 1 for becomeLeader, leader elected after 5038ms
2019-09-25 05:52:36,210 [5be219b2-97fd-4a8c-91ea-b15aa89454d4@group-2F77B981F125:LeaderElection77] INFO  impl.RaftServerImpl (RaftServerImpl.java:setRole(174)) - 5be219b2-97fd-4a8c-91ea-b15aa89454d4@group-2F77B981F125: changes role from CANDIDATE to LEADER at term 1 for changeToLeader
2019-09-25 05:52:36,210 [0bbc1277-be6f-4bf3-88cf-1c3b12e139ad@group-19A6A27F62D9:LeaderElection78] INFO  impl.RaftServerImpl (RaftServerImpl.java:setRole(174)) - 0bbc1277-be6f-4bf3-88cf-1c3b12e139ad@group-19A6A27F62D9: changes role from CANDIDATE to LEADER at term 1 for changeToLeader
2019-09-25 05:52:36,210 [5be219b2-97fd-4a8c-91ea-b15aa89454d4@group-962CE1515C19:LeaderElection74] INFO  impl.RaftServerImpl (RaftServerImpl.java:setRole(174)) - 5be219b2-97fd-4a8c-91ea-b15aa89454d4@group-962CE1515C19: changes role from CANDIDATE to LEADER at term 1 for changeToLeader
2019-09-25 05:52:36,210 [0bbc1277-be6f-4bf3-88cf-1c3b12e139ad@group-460933B656CC:LeaderElection75] INFO  impl.RaftServerImpl (RaftServerImpl.java:setRole(174)) - 0bbc1277-be6f-4bf3-88cf-1c3b12e139ad@group-460933B656CC: changes role from CANDIDATE to LEADER at term 1 for changeToLeader
2019-09-25 05:52:36,210 [754f3588-47e6-41ad-b34e-eb7041cce070@group-ECF48C7AF352:LeaderElection72] INFO  server.RaftServerConfigKeys (ConfUtils.java:logGet(43)) - raft.server.watch.timeout = 10s (default)
2019-09-25 05:52:36,212 [0bbc1277-be6f-4bf3-88cf-1c3b12e139ad@group-460933B656CC:LeaderElection75] INFO  impl.RaftServerImpl (ServerState.java:setLeader(253)) - 0bbc1277-be6f-4bf3-88cf-1c3b12e139ad@group-460933B656CC: change Leader from null to 0bbc1277-be6f-4bf3-88cf-1c3b12e139ad at term 1 for becomeLeader, leader elected after 5511ms
2019-09-25 05:52:36,212 [5be219b2-97fd-4a8c-91ea-b15aa89454d4@group-962CE1515C19:LeaderElection74] INFO  impl.RaftServerImpl (ServerState.java:setLeader(253)) - 5be219b2-97fd-4a8c-91ea-b15aa89454d4@group-962CE1515C19: change Leader from null to 5be219b2-97fd-4a8c-91ea-b15aa89454d4 at term 1 for becomeLeader, leader elected after 5471ms
2019-09-25 05:52:36,211 [0bbc1277-be6f-4bf3-88cf-1c3b12e139ad@group-19A6A27F62D9:LeaderElection78] INFO  impl.RaftServerImpl (ServerState.java:setLeader(253)) - 0bbc1277-be6f-4bf3-88cf-1c3b12e139ad@group-19A6A27F62D9: change Leader from null to 0bbc1277-be6f-4bf3-88cf-1c3b12e139ad at term 1 for becomeLeader, leader elected after 5269ms
2019-09-25 05:52:36,211 [5be219b2-97fd-4a8c-91ea-b15aa89454d4@group-2F77B981F125:LeaderElection77] INFO  impl.RaftServerImpl (ServerState.java:setLeader(253)) - 5be219b2-97fd-4a8c-91ea-b15aa89454d4@group-2F77B981F125: change Leader from null to 5be219b2-97fd-4a8c-91ea-b15aa89454d4 at term 1 for becomeLeader, leader elected after 5431ms
2019-09-25 05:52:36,212 [5be219b2-97fd-4a8c-91ea-b15aa89454d4@group-2F77B981F125:LeaderElection77] INFO  server.RaftServerConfigKeys (ConfUtils.java:logGet(43)) - raft.server.staging.catchup.gap = 1000 (default)
2019-09-25 05:52:36,211 [5be219b2-97fd-4a8c-91ea-b15aa89454d4@group-CB6A65C6BA0C:LeaderElection79] INFO  server.RaftServerConfigKeys (ConfUtils.java:logGet(43)) - raft.server.staging.catchup.gap = 1000 (default)
2019-09-25 05:52:36,211 [754f3588-47e6-41ad-b34e-eb7041cce070@group-7284753E1186:LeaderElection69] INFO  impl.RoleInfo (RoleInfo.java:updateAndGet(143)) - 754f3588-47e6-41ad-b34e-eb7041cce070: start LeaderState
2019-09-25 05:52:36,211 [pool-27-thread-1] INFO  server.RaftServerConfigKeys (ConfUtils.java:logGet(43)) - raft.server.sleep.deviation.threshold = 300 (default)
2019-09-25 05:52:36,211 [0bbc1277-be6f-4bf3-88cf-1c3b12e139ad@group-8A0701C6A3A8:LeaderElection76] INFO  server.RaftServerConfigKeys (ConfUtils.java:logGet(43)) - raft.server.staging.catchup.gap = 1000 (default)
2019-09-25 05:52:36,211 [754f3588-47e6-41ad-b34e-eb7041cce070@group-0CE913FB3B9B:LeaderElection71] INFO  segmented.SegmentedRaftLogWorker (SegmentedRaftLogWorker.java:startLogSegment(380)) - 754f3588-47e6-41ad-b34e-eb7041cce070@group-0CE913FB3B9B-SegmentedRaftLogWorker: Starting segment from index:0
2019-09-25 05:52:36,211 [754f3588-47e6-41ad-b34e-eb7041cce070@group-22F58638F634:LeaderElection73] INFO  server.RaftServerConfigKeys (ConfUtils.java:logGet(43)) - raft.server.watch.timeout = 10s (default)
2019-09-25 05:52:36,213 [5be219b2-97fd-4a8c-91ea-b15aa89454d4@group-75850FD069CD:LeaderElection66] INFO  impl.RoleInfo (RoleInfo.java:updateAndGet(143)) - 5be219b2-97fd-4a8c-91ea-b15aa89454d4: start LeaderState
2019-09-25 05:52:36,213 [0bbc1277-be6f-4bf3-88cf-1c3b12e139ad@group-8A0701C6A3A8:LeaderElection76] INFO  server.RaftServerConfigKeys (ConfUtils.java:logGet(43)) - raft.server.rpc.sleep.time = 25ms (default)
2019-09-25 05:52:36,213 [pool-27-thread-1] INFO  server.RaftServerConfigKeys (ConfUtils.java:logGet(43)) - raft.server.log.appender.install.snapshot.enabled = false (custom)
2019-09-25 05:52:36,213 [754f3588-47e6-41ad-b34e-eb7041cce070@group-7284753E1186:LeaderElection69] INFO  segmented.SegmentedRaftLogWorker (SegmentedRaftLogWorker.java:startLogSegment(380)) - 754f3588-47e6-41ad-b34e-eb7041cce070@group-7284753E1186-SegmentedRaftLogWorker: Starting segment from index:0
2019-09-25 05:52:36,455 [0bbc1277-be6f-4bf3-88cf-1c3b12e139ad@group-CAAD79553794:LeaderElection67] INFO  impl.RoleInfo (RoleInfo.java:updateAndGet(143)) - 0bbc1277-be6f-4bf3-88cf-1c3b12e139ad: start LeaderState
2019-09-25 05:52:36,212 [5be219b2-97fd-4a8c-91ea-b15aa89454d4@group-CB6A65C6BA0C:LeaderElection79] INFO  server.RaftServerConfigKeys (ConfUtils.java:logGet(43)) - raft.server.rpc.sleep.time = 25ms (default)
2019-09-25 05:52:36,455 [0bbc1277-be6f-4bf3-88cf-1c3b12e139ad@group-CAAD79553794:LeaderElection67] INFO  segmented.SegmentedRaftLogWorker (SegmentedRaftLogWorker.java:startLogSegment(380)) - 0bbc1277-be6f-4bf3-88cf-1c3b12e139ad@group-CAAD79553794-SegmentedRaftLogWorker: Starting segment from index:0
2019-09-25 05:52:36,212 [Thread-430] INFO  impl.FollowerState (FollowerState.java:run(106)) - 754f3588-47e6-41ad-b34e-eb7041cce070:group-8A7557A8C55D changes to CANDIDATE, lastRpcTime:5123, electionTimeout:5123ms
2019-09-25 05:52:36,212 [5be219b2-97fd-4a8c-91ea-b15aa89454d4@group-2F77B981F125:LeaderElection77] INFO  server.RaftServerConfigKeys (ConfUtils.java:logGet(43)) - raft.server.rpc.sleep.time = 25ms (default)
2019-09-25 05:52:36,212 [0bbc1277-be6f-4bf3-88cf-1c3b12e139ad@group-19A6A27F62D9:LeaderElection78] INFO  server.RaftServerConfigKeys (ConfUtils.java:logGet(43)) - raft.server.staging.catchup.gap = 1000 (default)
2019-09-25 05:52:36,212 [5be219b2-97fd-4a8c-91ea-b15aa89454d4@group-962CE1515C19:LeaderElection74] INFO  server.RaftServerConfigKeys (ConfUtils.java:logGet(43)) - raft.server.staging.catchup.gap = 1000 (default)
2019-09-25 05:52:36,212 [0bbc1277-be6f-4bf3-88cf-1c3b12e139ad@group-460933B656CC:LeaderElection75] INFO  server.RaftServerConfigKeys (ConfUtils.java:logGet(43)) - raft.server.staging.catchup.gap = 1000 (default)
2019-09-25 05:52:36,212 [754f3588-47e6-41ad-b34e-eb7041cce070@group-ECF48C7AF352:LeaderElection72] INFO  server.RaftServerConfigKeys (ConfUtils.java:logGet(43)) - raft.server.watch.timeout.denomination = 1s (default)
2019-09-25 05:52:36,851 [0bbc1277-be6f-4bf3-88cf-1c3b12e139ad@group-460933B656CC:LeaderElection75] INFO  server.RaftServerConfigKeys (ConfUtils.java:logGet(43)) - raft.server.rpc.sleep.time = 25ms (default)
2019-09-25 05:52:36,851 [5be219b2-97fd-4a8c-91ea-b15aa89454d4@group-962CE1515C19:LeaderElection74] INFO  server.RaftServerConfigKeys (ConfUtils.java:logGet(43)) - raft.server.rpc.sleep.time = 25ms (default)
2019-09-25 05:52:36,851 [0bbc1277-be6f-4bf3-88cf-1c3b12e139ad@group-19A6A27F62D9:LeaderElection78] INFO  server.RaftServerConfigKeys (ConfUtils.java:logGet(43)) - raft.server.rpc.sleep.time = 25ms (default)
2019-09-25 05:52:36,851 [5be219b2-97fd-4a8c-91ea-b15aa89454d4@group-2F77B981F125:LeaderElection77] INFO  server.RaftServerConfigKeys (ConfUtils.java:logGet(43)) - raft.server.write.element-limit = 4096 (default)
2019-09-25 05:52:36,851 [0bbc1277-be6f-4bf3-88cf-1c3b12e139ad@group-CAAD79553794:LeaderElection67] INFO  impl.RaftServerImpl (ServerState.java:setRaftConf(354)) - 0bbc1277-be6f-4bf3-88cf-1c3b12e139ad@group-CAAD79553794: set configuration 0: [0bbc1277-be6f-4bf3-88cf-1c3b12e139ad:192.168.30.10:46701], old=null at 0
2019-09-25 05:52:36,847 [Thread-464] INFO  impl.FollowerState (FollowerState.java:run(106)) - 0bbc1277-be6f-4bf3-88cf-1c3b12e139ad:group-0529369CD838 changes to CANDIDATE, lastRpcTime:5249, electionTimeout:5154ms
2019-09-25 05:52:36,847 [Thread-467] INFO  impl.FollowerState (FollowerState.java:run(106)) - 754f3588-47e6-41ad-b34e-eb7041cce070:group-C3114859B4D1 changes to CANDIDATE, lastRpcTime:5202, electionTimeout:5117ms
2019-09-25 05:52:36,847 [Thread-475] INFO  impl.FollowerState (FollowerState.java:run(106)) - 5be219b2-97fd-4a8c-91ea-b15aa89454d4:group-594F27088C27 changes to CANDIDATE, lastRpcTime:5109, electionTimeout:5104ms
2019-09-25 05:52:36,661 [Thread-430] INFO  impl.RoleInfo (RoleInfo.java:shutdownFollowerState(121)) - 754f3588-47e6-41ad-b34e-eb7041cce070: shutdown FollowerState
2019-09-25 05:52:36,852 [Thread-430] INFO  impl.RaftServerImpl (RaftServerImpl.java:setRole(174)) - 754f3588-47e6-41ad-b34e-eb7041cce070@group-8A7557A8C55D: changes role from  FOLLOWER to CANDIDATE at term 0 for changeToCandidate
2019-09-25 05:52:36,660 [Thread-445] INFO  impl.FollowerState (FollowerState.java:run(106)) - 5be219b2-97fd-4a8c-91ea-b15aa89454d4:group-43352AA4234F changes to CANDIDATE, lastRpcTime:5356, electionTimeout:5181ms
2019-09-25 05:52:36,660 [Thread-451] INFO  impl.FollowerState (FollowerState.java:run(106)) - 0bbc1277-be6f-4bf3-88cf-1c3b12e139ad:group-257556E8FEBB changes to CANDIDATE, lastRpcTime:5239, electionTimeout:5076ms
2019-09-25 05:52:36,660 [Thread-457] INFO  impl.FollowerState (FollowerState.java:run(106)) - 0bbc1277-be6f-4bf3-88cf-1c3b12e139ad:group-65B12A733142 changes to CANDIDATE, lastRpcTime:5146, electionTimeout:5023ms
2019-09-25 05:52:36,659 [Thread-454] INFO  impl.FollowerState (FollowerState.java:run(106)) - 0bbc1277-be6f-4bf3-88cf-1c3b12e139ad:group-C8E21141DA1D changes to CANDIDATE, lastRpcTime:5192, electionTimeout:5130ms
2019-09-25 05:52:36,455 [5be219b2-97fd-4a8c-91ea-b15aa89454d4@group-062EB2D13C02:LeaderElection68] INFO  impl.RoleInfo (RoleInfo.java:updateAndGet(143)) - 5be219b2-97fd-4a8c-91ea-b15aa89454d4: start LeaderState
2019-09-25 05:52:36,455 [5be219b2-97fd-4a8c-91ea-b15aa89454d4@group-CB6A65C6BA0C:LeaderElection79] INFO  server.RaftServerConfigKeys (ConfUtils.java:logGet(43)) - raft.server.write.element-limit = 4096 (default)
2019-09-25 05:52:36,853 [5be219b2-97fd-4a8c-91ea-b15aa89454d4@group-062EB2D13C02:LeaderElection68] INFO  segmented.SegmentedRaftLogWorker (SegmentedRaftLogWorker.java:startLogSegment(380)) - 5be219b2-97fd-4a8c-91ea-b15aa89454d4@group-062EB2D13C02-SegmentedRaftLogWorker: Starting segment from index:0
2019-09-25 05:52:36,455 [754f3588-47e6-41ad-b34e-eb7041cce070@group-7284753E1186:LeaderElection69] INFO  impl.RaftServerImpl (ServerState.java:setRaftConf(354)) - 754f3588-47e6-41ad-b34e-eb7041cce070@group-7284753E1186: set configuration 0: [754f3588-47e6-41ad-b34e-eb7041cce070:192.168.30.10:41089], old=null at 0
2019-09-25 05:52:36,455 [754f3588-47e6-41ad-b34e-eb7041cce070@group-2AFD8FA83037:LeaderElection65] INFO  impl.RoleInfo (RoleInfo.java:updateAndGet(143)) - 754f3588-47e6-41ad-b34e-eb7041cce070: start LeaderState
2019-09-25 05:52:36,455 [0bbc1277-be6f-4bf3-88cf-1c3b12e139ad@group-84D84F2032E7:LeaderElection70] INFO  impl.RoleInfo (RoleInfo.java:updateAndGet(143)) - 0bbc1277-be6f-4bf3-88cf-1c3b12e139ad: start LeaderState
2019-09-25 05:52:36,455 [pool-27-thread-1] INFO  impl.RaftServerImpl (ServerState.java:<init>(103)) - 0bbc1277-be6f-4bf3-88cf-1c3b12e139ad@group-5C54A8351410: ConfigurationManager, init=-1: [0bbc1277-be6f-4bf3-88cf-1c3b12e139ad:192.168.30.10:46701], old=null, confs=<EMPTY_MAP>
2019-09-25 05:52:36,454 [0bbc1277-be6f-4bf3-88cf-1c3b12e139ad@group-8A0701C6A3A8:LeaderElection76] INFO  server.RaftServerConfigKeys (ConfUtils.java:logGet(43)) - raft.server.write.element-limit = 4096 (default)
2019-09-25 05:52:37,091 [pool-27-thread-1] INFO  server.RaftServerConfigKeys (ConfUtils.java:logGet(43)) - raft.server.storage.dir = [/workdir/hadoop-ozone/integration-test/target/test-dir/MiniOzoneClusterImpl-5fae48a0-8517-4c16-9d39-4001697b8772/datanode-0/data/ratis] (custom)
2019-09-25 05:52:36,454 [0bbc1277-be6f-4bf3-88cf-1c3b12e139ad@group-703D5E58E916:LeaderElection80] INFO  impl.LeaderElection (LeaderElection.java:askForVotes(182)) - 0bbc1277-be6f-4bf3-88cf-1c3b12e139ad@group-703D5E58E916:LeaderElection80: begin an election at term 1 for -1: [0bbc1277-be6f-4bf3-88cf-1c3b12e139ad:192.168.30.10:46701], old=null
2019-09-25 05:52:36,454 [754f3588-47e6-41ad-b34e-eb7041cce070@group-C59E6E433298:LeaderElection81] INFO  impl.LeaderElection (LeaderElection.java:askForVotes(182)) - 754f3588-47e6-41ad-b34e-eb7041cce070@group-C59E6E433298:LeaderElection81: begin an election at term 1 for -1: [754f3588-47e6-41ad-b34e-eb7041cce070:192.168.30.10:41089], old=null
2019-09-25 05:52:36,454 [Thread-433] INFO  impl.FollowerState (FollowerState.java:run(106)) - 0bbc1277-be6f-4bf3-88cf-1c3b12e139ad:group-12BFCBBA8C97 changes to CANDIDATE, lastRpcTime:5317, electionTimeout:5085ms
2019-09-25 05:52:36,454 [Thread-427] INFO  impl.FollowerState (FollowerState.java:run(106)) - 754f3588-47e6-41ad-b34e-eb7041cce070:group-A475441C9D32 changes to CANDIDATE, lastRpcTime:5418, electionTimeout:5192ms
2019-09-25 05:52:36,453 [Thread-442] INFO  impl.FollowerState (FollowerState.java:run(106)) - 5be219b2-97fd-4a8c-91ea-b15aa89454d4:group-0B6C19AFD170 changes to CANDIDATE, lastRpcTime:5187, electionTimeout:5109ms
2019-09-25 05:52:36,452 [Thread-448] INFO  impl.FollowerState (FollowerState.java:run(106)) - 0bbc1277-be6f-4bf3-88cf-1c3b12e139ad:group-82B8C547FB12 changes to CANDIDATE, lastRpcTime:5076, electionTimeout:5022ms
2019-09-25 05:52:36,452 [Thread-439] INFO  impl.FollowerState (FollowerState.java:run(106)) - 754f3588-47e6-41ad-b34e-eb7041cce070:group-71DC1F77229B changes to CANDIDATE, lastRpcTime:5228, electionTimeout:5196ms
2019-09-25 05:52:36,213 [5be219b2-97fd-4a8c-91ea-b15aa89454d4@group-75850FD069CD:LeaderElection66] INFO  segmented.SegmentedRaftLogWorker (SegmentedRaftLogWorker.java:startLogSegment(380)) - 5be219b2-97fd-4a8c-91ea-b15aa89454d4@group-75850FD069CD-SegmentedRaftLogWorker: Starting segment from index:0
2019-09-25 05:52:36,213 [754f3588-47e6-41ad-b34e-eb7041cce070@group-0CE913FB3B9B:LeaderElection71] INFO  impl.RaftServerImpl (ServerState.java:setRaftConf(354)) - 754f3588-47e6-41ad-b34e-eb7041cce070@group-0CE913FB3B9B: set configuration 0: [754f3588-47e6-41ad-b34e-eb7041cce070:192.168.30.10:41089], old=null at 0
2019-09-25 05:52:36,213 [754f3588-47e6-41ad-b34e-eb7041cce070@group-22F58638F634:LeaderElection73] INFO  server.RaftServerConfigKeys (ConfUtils.java:logGet(43)) - raft.server.watch.timeout.denomination = 1s (default)
2019-09-25 05:52:37,092 [Thread-439] INFO  impl.RoleInfo (RoleInfo.java:shutdownFollowerState(121)) - 754f3588-47e6-41ad-b34e-eb7041cce070: shutdown FollowerState
2019-09-25 05:52:37,092 [Thread-448] INFO  impl.RoleInfo (RoleInfo.java:shutdownFollowerState(121)) - 0bbc1277-be6f-4bf3-88cf-1c3b12e139ad: shutdown FollowerState
2019-09-25 05:52:37,092 [Thread-442] INFO  impl.RoleInfo (RoleInfo.java:shutdownFollowerState(121)) - 5be219b2-97fd-4a8c-91ea-b15aa89454d4: shutdown FollowerState
2019-09-25 05:52:37,092 [Thread-427] INFO  impl.RoleInfo (RoleInfo.java:shutdownFollowerState(121)) - 754f3588-47e6-41ad-b34e-eb7041cce070: shutdown FollowerState
2019-09-25 05:52:37,092 [pool-27-thread-1] INFO  storage.RaftStorageDirectory (RaftStorageDirectory.java:analyzeStorage(246)) - The storage directory /workdir/hadoop-ozone/integration-test/target/test-dir/MiniOzoneClusterImpl-5fae48a0-8517-4c16-9d39-4001697b8772/datanode-0/data/ratis/58f00663-84c7-4c45-a8f1-5c54a8351410 does not exist. Creating ...
2019-09-25 05:52:37,092 [Thread-433] INFO  impl.RoleInfo (RoleInfo.java:shutdownFollowerState(121)) - 0bbc1277-be6f-4bf3-88cf-1c3b12e139ad: shutdown FollowerState
2019-09-25 05:52:37,092 [754f3588-47e6-41ad-b34e-eb7041cce070@group-C59E6E433298:LeaderElection81] INFO  impl.RoleInfo (RoleInfo.java:shutdownLeaderElection(134)) - 754f3588-47e6-41ad-b34e-eb7041cce070: shutdown LeaderElection
2019-09-25 05:52:37,092 [0bbc1277-be6f-4bf3-88cf-1c3b12e139ad@group-703D5E58E916:LeaderElection80] INFO  impl.RoleInfo (RoleInfo.java:shutdownLeaderElection(134)) - 0bbc1277-be6f-4bf3-88cf-1c3b12e139ad: shutdown LeaderElection
2019-09-25 05:52:37,091 [0bbc1277-be6f-4bf3-88cf-1c3b12e139ad@group-8A0701C6A3A8:LeaderElection76] INFO  server.RaftServerConfigKeys (ConfUtils.java:logGet(43)) - raft.server.watch.timeout = 10s (default)
2019-09-25 05:52:37,091 [0bbc1277-be6f-4bf3-88cf-1c3b12e139ad@group-84D84F2032E7:LeaderElection70] INFO  segmented.SegmentedRaftLogWorker (SegmentedRaftLogWorker.java:startLogSegment(380)) - 0bbc1277-be6f-4bf3-88cf-1c3b12e139ad@group-84D84F2032E7-SegmentedRaftLogWorker: Starting segment from index:0
2019-09-25 05:52:37,090 [Thread-472] INFO  impl.FollowerState (FollowerState.java:run(106)) - 754f3588-47e6-41ad-b34e-eb7041cce070:group-68E8BDB01568 changes to CANDIDATE, lastRpcTime:5394, electionTimeout:5172ms
2019-09-25 05:52:37,090 [Thread-478] INFO  impl.FollowerState (FollowerState.java:run(106)) - 5be219b2-97fd-4a8c-91ea-b15aa89454d4:group-37BCAE1ED488 changes to CANDIDATE, lastRpcTime:5313, electionTimeout:5179ms
2019-09-25 05:52:37,089 [Thread-483] INFO  impl.FollowerState (FollowerState.java:run(106)) - 5be219b2-97fd-4a8c-91ea-b15aa89454d4:group-51FF8E54341D changes to CANDIDATE, lastRpcTime:5244, electionTimeout:5122ms
2019-09-25 05:52:37,088 [Thread-493] INFO  impl.FollowerState (FollowerState.java:run(106)) - 0bbc1277-be6f-4bf3-88cf-1c3b12e139ad:group-98DB549270B5 changes to CANDIDATE, lastRpcTime:5114, electionTimeout:5074ms
2019-09-25 05:52:37,566 [0bbc1277-be6f-4bf3-88cf-1c3b12e139ad@group-84D84F2032E7:LeaderElection70] INFO  impl.RaftServerImpl (ServerState.java:setRaftConf(354)) - 0bbc1277-be6f-4bf3-88cf-1c3b12e139ad@group-84D84F2032E7: set configuration 0: [0bbc1277-be6f-4bf3-88cf-1c3b12e139ad:192.168.30.10:46701], old=null at 0
2019-09-25 05:52:37,088 [Thread-498] INFO  impl.FollowerState (FollowerState.java:run(106)) - 0bbc1277-be6f-4bf3-88cf-1c3b12e139ad:group-513E1586D88B changes to CANDIDATE, lastRpcTime:5074, electionTimeout:5059ms
2019-09-25 05:52:37,088 [Thread-489] INFO  impl.FollowerState (FollowerState.java:run(106)) - 5be219b2-97fd-4a8c-91ea-b15aa89454d4:group-463BFAA6248D changes to CANDIDATE, lastRpcTime:5175, electionTimeout:5168ms
2019-09-25 05:52:36,854 [754f3588-47e6-41ad-b34e-eb7041cce070@group-2AFD8FA83037:LeaderElection65] INFO  segmented.SegmentedRaftLogWorker (SegmentedRaftLogWorker.java:startLogSegment(380)) - 754f3588-47e6-41ad-b34e-eb7041cce070@group-2AFD8FA83037-SegmentedRaftLogWorker: Starting segment from index:0
2019-09-25 05:52:36,854 [5be219b2-97fd-4a8c-91ea-b15aa89454d4@group-062EB2D13C02:LeaderElection68] INFO  impl.RaftServerImpl (ServerState.java:setRaftConf(354)) - 5be219b2-97fd-4a8c-91ea-b15aa89454d4@group-062EB2D13C02: set configuration 0: [5be219b2-97fd-4a8c-91ea-b15aa89454d4:192.168.30.10:40625], old=null at 0
2019-09-25 05:52:36,853 [5be219b2-97fd-4a8c-91ea-b15aa89454d4@group-CB6A65C6BA0C:LeaderElection79] INFO  server.RaftServerConfigKeys (ConfUtils.java:logGet(43)) - raft.server.watch.timeout = 10s (default)
2019-09-25 05:52:36,853 [Thread-454] INFO  impl.RoleInfo (RoleInfo.java:shutdownFollowerState(121)) - 0bbc1277-be6f-4bf3-88cf-1c3b12e139ad: shutdown FollowerState
2019-09-25 05:52:37,567 [754f3588-47e6-41ad-b34e-eb7041cce070@group-2AFD8FA83037:LeaderElection65] INFO  impl.RaftServerImpl (ServerState.java:setRaftConf(354)) - 754f3588-47e6-41ad-b34e-eb7041cce070@group-2AFD8FA83037: set configuration 0: [754f3588-47e6-41ad-b34e-eb7041cce070:192.168.30.10:41089], old=null at 0
2019-09-25 05:52:36,853 [Thread-457] INFO  impl.RoleInfo (RoleInfo.java:shutdownFollowerState(121)) - 0bbc1277-be6f-4bf3-88cf-1c3b12e139ad: shutdown FollowerState
2019-09-25 05:52:36,853 [Thread-451] INFO  impl.RoleInfo (RoleInfo.java:shutdownFollowerState(121)) - 0bbc1277-be6f-4bf3-88cf-1c3b12e139ad: shutdown FollowerState
2019-09-25 05:52:36,853 [Thread-445] INFO  impl.RoleInfo (RoleInfo.java:shutdownFollowerState(121)) - 5be219b2-97fd-4a8c-91ea-b15aa89454d4: shutdown FollowerState
2019-09-25 05:52:36,853 [Thread-430] INFO  impl.RoleInfo (RoleInfo.java:updateAndGet(143)) - 754f3588-47e6-41ad-b34e-eb7041cce070: start LeaderElection
2019-09-25 05:52:36,852 [Thread-475] INFO  impl.RoleInfo (RoleInfo.java:shutdownFollowerState(121)) - 5be219b2-97fd-4a8c-91ea-b15aa89454d4: shutdown FollowerState
2019-09-25 05:52:36,852 [Thread-467] INFO  impl.RoleInfo (RoleInfo.java:shutdownFollowerState(121)) - 754f3588-47e6-41ad-b34e-eb7041cce070: shutdown FollowerState
2019-09-25 05:52:36,852 [Thread-464] INFO  impl.RoleInfo (RoleInfo.java:shutdownFollowerState(121)) - 0bbc1277-be6f-4bf3-88cf-1c3b12e139ad: shutdown FollowerState
2019-09-25 05:52:36,852 [5be219b2-97fd-4a8c-91ea-b15aa89454d4@group-2F77B981F125:LeaderElection77] INFO  server.RaftServerConfigKeys (ConfUtils.java:logGet(43)) - raft.server.watch.timeout = 10s (default)
2019-09-25 05:52:36,852 [0bbc1277-be6f-4bf3-88cf-1c3b12e139ad@group-19A6A27F62D9:LeaderElection78] INFO  server.RaftServerConfigKeys (ConfUtils.java:logGet(43)) - raft.server.write.element-limit = 4096 (default)
2019-09-25 05:52:36,852 [5be219b2-97fd-4a8c-91ea-b15aa89454d4@group-962CE1515C19:LeaderElection74] INFO  server.RaftServerConfigKeys (ConfUtils.java:logGet(43)) - raft.server.write.element-limit = 4096 (default)
2019-09-25 05:52:36,851 [0bbc1277-be6f-4bf3-88cf-1c3b12e139ad@group-460933B656CC:LeaderElection75] INFO  server.RaftServerConfigKeys (ConfUtils.java:logGet(43)) - raft.server.write.element-limit = 4096 (default)
2019-09-25 05:52:36,851 [754f3588-47e6-41ad-b34e-eb7041cce070@group-ECF48C7AF352:LeaderElection72] INFO  server.RaftServerConfigKeys (ConfUtils.java:logGet(43)) - raft.server.watch.element-limit = 65536 (default)
2019-09-25 05:52:37,777 [0bbc1277-be6f-4bf3-88cf-1c3b12e139ad@group-460933B656CC:LeaderElection75] INFO  server.RaftServerConfigKeys (ConfUtils.java:logGet(43)) - raft.server.watch.timeout = 10s (default)
2019-09-25 05:52:37,777 [5be219b2-97fd-4a8c-91ea-b15aa89454d4@group-962CE1515C19:LeaderElection74] INFO  server.RaftServerConfigKeys (ConfUtils.java:logGet(43)) - raft.server.watch.timeout = 10s (default)
2019-09-25 05:52:37,776 [0bbc1277-be6f-4bf3-88cf-1c3b12e139ad@group-19A6A27F62D9:LeaderElection78] INFO  server.RaftServerConfigKeys (ConfUtils.java:logGet(43)) - raft.server.watch.timeout = 10s (default)
2019-09-25 05:52:37,776 [5be219b2-97fd-4a8c-91ea-b15aa89454d4@group-2F77B981F125:LeaderElection77] INFO  server.RaftServerConfigKeys (ConfUtils.java:logGet(43)) - raft.server.watch.timeout.denomination = 1s (default)
2019-09-25 05:52:37,776 [Thread-464] INFO  impl.RaftServerImpl (RaftServerImpl.java:setRole(174)) - 0bbc1277-be6f-4bf3-88cf-1c3b12e139ad@group-0529369CD838: changes role from  FOLLOWER to CANDIDATE at term 0 for changeToCandidate
2019-09-25 05:52:37,776 [Thread-467] INFO  impl.RaftServerImpl (RaftServerImpl.java:setRole(174)) - 754f3588-47e6-41ad-b34e-eb7041cce070@group-C3114859B4D1: changes role from  FOLLOWER to CANDIDATE at term 0 for changeToCandidate
2019-09-25 05:52:37,776 [Thread-475] INFO  impl.RaftServerImpl (RaftServerImpl.java:setRole(174)) - 5be219b2-97fd-4a8c-91ea-b15aa89454d4@group-594F27088C27: changes role from  FOLLOWER to CANDIDATE at term 0 for changeToCandidate
2019-09-25 05:52:37,776 [5be219b2-97fd-4a8c-91ea-b15aa89454d4@group-5CA9F57E662E-SegmentedRaftLogWorker] ERROR segmented.SegmentedRaftLogWorker (SegmentedRaftLogWorker.java:run(323)) - 5be219b2-97fd-4a8c-91ea-b15aa89454d4@group-5CA9F57E662E-SegmentedRaftLogWorker hit exception
java.lang.OutOfMemoryError: Direct buffer memory
	at java.nio.Bits.reserveMemory(Bits.java:666)
	at java.nio.DirectByteBuffer.<init>(DirectByteBuffer.java:123)
	at java.nio.ByteBuffer.allocateDirect(ByteBuffer.java:311)
	at org.apache.ratis.server.raftlog.segmented.BufferedWriteChannel.<init>(BufferedWriteChannel.java:41)
	at org.apache.ratis.server.raftlog.segmented.SegmentedRaftLogOutputStream.<init>(SegmentedRaftLogOutputStream.java:72)
	at org.apache.ratis.server.raftlog.segmented.SegmentedRaftLogWorker$StartLogSegment.execute(SegmentedRaftLogWorker.java:566)
	at org.apache.ratis.server.raftlog.segmented.SegmentedRaftLogWorker.run(SegmentedRaftLogWorker.java:289)
	at java.lang.Thread.run(Thread.java:748)
2019-09-25 05:52:37,776 [0bbc1277-be6f-4bf3-88cf-1c3b12e139ad@group-CEEAA4490B5D-SegmentedRaftLogWorker] ERROR segmented.SegmentedRaftLogWorker (SegmentedRaftLogWorker.java:run(323)) - 0bbc1277-be6f-4bf3-88cf-1c3b12e139ad@group-CEEAA4490B5D-SegmentedRaftLogWorker hit exception
java.lang.OutOfMemoryError: Direct buffer memory
	at java.nio.Bits.reserveMemory(Bits.java:666)
	at java.nio.DirectByteBuffer.<init>(DirectByteBuffer.java:123)
	at java.nio.ByteBuffer.allocateDirect(ByteBuffer.java:311)
	at org.apache.ratis.server.raftlog.segmented.BufferedWriteChannel.<init>(BufferedWriteChannel.java:41)
	at org.apache.ratis.server.raftlog.segmented.SegmentedRaftLogOutputStream.<init>(SegmentedRaftLogOutputStream.java:72)
	at org.apache.ratis.server.raftlog.segmented.SegmentedRaftLogWorker$StartLogSegment.execute(SegmentedRaftLogWorker.java:566)
	at org.apache.ratis.server.raftlog.segmented.SegmentedRaftLogWorker.run(SegmentedRaftLogWorker.java:289)
	at java.lang.Thread.run(Thread.java:748)
2019-09-25 05:52:37,776 [0bbc1277-be6f-4bf3-88cf-1c3b12e139ad@group-87557529426B-SegmentedRaftLogWorker] ERROR segmented.SegmentedRaftLogWorker (SegmentedRaftLogWorker.java:run(323)) - 0bbc1277-be6f-4bf3-88cf-1c3b12e139ad@group-87557529426B-SegmentedRaftLogWorker hit exception
java.lang.OutOfMemoryError: Direct buffer memory
	at java.nio.Bits.reserveMemory(Bits.java:666)
	at java.nio.DirectByteBuffer.<init>(DirectByteBuffer.java:123)
	at java.nio.ByteBuffer.allocateDirect(ByteBuffer.java:311)
	at org.apache.ratis.server.raftlog.segmented.BufferedWriteChannel.<init>(BufferedWriteChannel.java:41)
	at org.apache.ratis.server.raftlog.segmented.SegmentedRaftLogOutputStream.<init>(SegmentedRaftLogOutputStream.java:72)
	at org.apache.ratis.server.raftlog.segmented.SegmentedRaftLogWorker$StartLogSegment.execute(SegmentedRaftLogWorker.java:566)
	at org.apache.ratis.server.raftlog.segmented.SegmentedRaftLogWorker.run(SegmentedRaftLogWorker.java:289)
	at java.lang.Thread.run(Thread.java:748)
2019-09-25 05:52:37,776 [Thread-445] INFO  impl.RaftServerImpl (RaftServerImpl.java:setRole(174)) - 5be219b2-97fd-4a8c-91ea-b15aa89454d4@group-43352AA4234F: changes role from  FOLLOWER to CANDIDATE at term 0 for changeToCandidate
2019-09-25 05:52:37,776 [Thread-451] INFO  impl.RaftServerImpl (RaftServerImpl.java:setRole(174)) - 0bbc1277-be6f-4bf3-88cf-1c3b12e139ad@group-257556E8FEBB: changes role from  FOLLOWER to CANDIDATE at term 0 for changeToCandidate
2019-09-25 05:52:37,775 [Thread-457] INFO  impl.RaftServerImpl (RaftServerImpl.java:setRole(174)) - 0bbc1277-be6f-4bf3-88cf-1c3b12e139ad@group-65B12A733142: changes role from  FOLLOWER to CANDIDATE at term 0 for changeToCandidate
2019-09-25 05:52:37,774 [Thread-530] INFO  impl.FollowerState (FollowerState.java:run(106)) - 5be219b2-97fd-4a8c-91ea-b15aa89454d4:group-B56EBFBAB971 changes to CANDIDATE, lastRpcTime:5265, electionTimeout:5107ms
2019-09-25 05:52:37,774 [Thread-533] INFO  impl.FollowerState (FollowerState.java:run(106)) - 754f3588-47e6-41ad-b34e-eb7041cce070:group-7B431B125DE5 changes to CANDIDATE, lastRpcTime:5221, electionTimeout:5133ms
2019-09-25 05:52:37,567 [Thread-454] INFO  impl.RaftServerImpl (RaftServerImpl.java:setRole(174)) - 0bbc1277-be6f-4bf3-88cf-1c3b12e139ad@group-C8E21141DA1D: changes role from  FOLLOWER to CANDIDATE at term 0 for changeToCandidate
2019-09-25 05:52:37,567 [5be219b2-97fd-4a8c-91ea-b15aa89454d4@group-CB6A65C6BA0C:LeaderElection79] INFO  server.RaftServerConfigKeys (ConfUtils.java:logGet(43)) - raft.server.watch.timeout.denomination = 1s (default)
2019-09-25 05:52:37,567 [Thread-489] INFO  impl.RoleInfo (RoleInfo.java:shutdownFollowerState(121)) - 5be219b2-97fd-4a8c-91ea-b15aa89454d4: shutdown FollowerState
2019-09-25 05:52:37,782 [Thread-489] INFO  impl.RaftServerImpl (RaftServerImpl.java:setRole(174)) - 5be219b2-97fd-4a8c-91ea-b15aa89454d4@group-463BFAA6248D: changes role from  FOLLOWER to CANDIDATE at term 0 for changeToCandidate
2019-09-25 05:52:37,566 [Thread-498] INFO  impl.RoleInfo (RoleInfo.java:shutdownFollowerState(121)) - 0bbc1277-be6f-4bf3-88cf-1c3b12e139ad: shutdown FollowerState
2019-09-25 05:52:37,566 [Thread-493] INFO  impl.RoleInfo (RoleInfo.java:shutdownFollowerState(121)) - 0bbc1277-be6f-4bf3-88cf-1c3b12e139ad: shutdown FollowerState
2019-09-25 05:52:37,783 [Thread-493] INFO  impl.RaftServerImpl (RaftServerImpl.java:setRole(174)) - 0bbc1277-be6f-4bf3-88cf-1c3b12e139ad@group-98DB549270B5: changes role from  FOLLOWER to CANDIDATE at term 0 for changeToCandidate
2019-09-25 05:52:37,566 [pool-27-thread-1] INFO  storage.RaftStorageDirectory (RaftStorageDirectory.java:tryLock(328)) - Lock on /workdir/hadoop-ozone/integration-test/target/test-dir/MiniOzoneClusterImpl-5fae48a0-8517-4c16-9d39-4001697b8772/datanode-0/data/ratis/58f00663-84c7-4c45-a8f1-5c54a8351410/in_use.lock acquired by nodename 25594@pr-hdds-1569-s62bp-3040748787
2019-09-25 05:52:37,565 [Thread-511] INFO  impl.FollowerState (FollowerState.java:run(106)) - 754f3588-47e6-41ad-b34e-eb7041cce070:group-4C3D0E1A45D5 changes to CANDIDATE, lastRpcTime:5362, electionTimeout:5143ms
2019-09-25 05:52:37,565 [Thread-514] INFO  impl.FollowerState (FollowerState.java:run(106)) - 754f3588-47e6-41ad-b34e-eb7041cce070:group-C196BB46B7FE changes to CANDIDATE, lastRpcTime:5322, electionTimeout:5106ms
2019-09-25 05:52:37,326 [Thread-483] INFO  impl.RoleInfo (RoleInfo.java:shutdownFollowerState(121)) - 5be219b2-97fd-4a8c-91ea-b15aa89454d4: shutdown FollowerState
2019-09-25 05:52:37,326 [Thread-478] INFO  impl.RoleInfo (RoleInfo.java:shutdownFollowerState(121)) - 5be219b2-97fd-4a8c-91ea-b15aa89454d4: shutdown FollowerState
2019-09-25 05:52:37,783 [Thread-478] INFO  impl.RaftServerImpl (RaftServerImpl.java:setRole(174)) - 5be219b2-97fd-4a8c-91ea-b15aa89454d4@group-37BCAE1ED488: changes role from  FOLLOWER to CANDIDATE at term 0 for changeToCandidate
2019-09-25 05:52:37,326 [Thread-472] INFO  impl.RoleInfo (RoleInfo.java:shutdownFollowerState(121)) - 754f3588-47e6-41ad-b34e-eb7041cce070: shutdown FollowerState
2019-09-25 05:52:37,316 [Thread-521] INFO  impl.FollowerState (FollowerState.java:run(106)) - 5be219b2-97fd-4a8c-91ea-b15aa89454d4:group-955671A74EC5 changes to CANDIDATE, lastRpcTime:5013, electionTimeout:5011ms
2019-09-25 05:52:37,784 [Thread-521] INFO  impl.RoleInfo (RoleInfo.java:shutdownFollowerState(121)) - 5be219b2-97fd-4a8c-91ea-b15aa89454d4: shutdown FollowerState
2019-09-25 05:52:37,306 [0bbc1277-be6f-4bf3-88cf-1c3b12e139ad@group-8A0701C6A3A8:LeaderElection76] INFO  server.RaftServerConfigKeys (ConfUtils.java:logGet(43)) - raft.server.watch.timeout.denomination = 1s (default)
2019-09-25 05:52:37,304 [0bbc1277-be6f-4bf3-88cf-1c3b12e139ad@group-703D5E58E916:LeaderElection80] INFO  impl.RaftServerImpl (RaftServerImpl.java:setRole(174)) - 0bbc1277-be6f-4bf3-88cf-1c3b12e139ad@group-703D5E58E916: changes role from CANDIDATE to LEADER at term 1 for changeToLeader
2019-09-25 05:52:37,304 [754f3588-47e6-41ad-b34e-eb7041cce070@group-C59E6E433298:LeaderElection81] INFO  impl.RaftServerImpl (RaftServerImpl.java:setRole(174)) - 754f3588-47e6-41ad-b34e-eb7041cce070@group-C59E6E433298: changes role from CANDIDATE to LEADER at term 1 for changeToLeader
2019-09-25 05:52:37,298 [Thread-433] INFO  impl.RaftServerImpl (RaftServerImpl.java:setRole(174)) - 0bbc1277-be6f-4bf3-88cf-1c3b12e139ad@group-12BFCBBA8C97: changes role from  FOLLOWER to CANDIDATE at term 0 for changeToCandidate
2019-09-25 05:52:37,298 [Thread-427] INFO  impl.RaftServerImpl (RaftServerImpl.java:setRole(174)) - 754f3588-47e6-41ad-b34e-eb7041cce070@group-A475441C9D32: changes role from  FOLLOWER to CANDIDATE at term 0 for changeToCandidate
2019-09-25 05:52:37,298 [Thread-442] INFO  impl.RaftServerImpl (RaftServerImpl.java:setRole(174)) - 5be219b2-97fd-4a8c-91ea-b15aa89454d4@group-0B6C19AFD170: changes role from  FOLLOWER to CANDIDATE at term 0 for changeToCandidate
2019-09-25 05:52:37,298 [Thread-448] INFO  impl.RaftServerImpl (RaftServerImpl.java:setRole(174)) - 0bbc1277-be6f-4bf3-88cf-1c3b12e139ad@group-82B8C547FB12: changes role from  FOLLOWER to CANDIDATE at term 0 for changeToCandidate
2019-09-25 05:52:37,298 [Thread-439] INFO  impl.RaftServerImpl (RaftServerImpl.java:setRole(174)) - 754f3588-47e6-41ad-b34e-eb7041cce070@group-71DC1F77229B: changes role from  FOLLOWER to CANDIDATE at term 0 for changeToCandidate
2019-09-25 05:52:37,298 [5be219b2-97fd-4a8c-91ea-b15aa89454d4@group-75850FD069CD:LeaderElection66] INFO  impl.RaftServerImpl (ServerState.java:setRaftConf(354)) - 5be219b2-97fd-4a8c-91ea-b15aa89454d4@group-75850FD069CD: set configuration 0: [5be219b2-97fd-4a8c-91ea-b15aa89454d4:192.168.30.10:40625], old=null at 0
2019-09-25 05:52:37,093 [754f3588-47e6-41ad-b34e-eb7041cce070@group-22F58638F634:LeaderElection73] INFO  server.RaftServerConfigKeys (ConfUtils.java:logGet(43)) - raft.server.watch.element-limit = 65536 (default)
2019-09-25 05:52:37,297 [Thread-504] INFO  impl.FollowerState (FollowerState.java:run(106)) - 754f3588-47e6-41ad-b34e-eb7041cce070:group-BD472D801032 changes to CANDIDATE, lastRpcTime:5187, electionTimeout:5080ms
2019-09-25 05:52:37,295 [Thread-508] INFO  impl.FollowerState (FollowerState.java:run(106)) - 0bbc1277-be6f-4bf3-88cf-1c3b12e139ad:group-EAB65D37406F changes to CANDIDATE, lastRpcTime:5133, electionTimeout:5133ms
2019-09-25 05:52:37,785 [Thread-504] INFO  impl.RoleInfo (RoleInfo.java:shutdownFollowerState(121)) - 754f3588-47e6-41ad-b34e-eb7041cce070: shutdown FollowerState
2019-09-25 05:52:37,784 [754f3588-47e6-41ad-b34e-eb7041cce070@group-C59E6E433298:LeaderElection81] INFO  impl.RaftServerImpl (ServerState.java:setLeader(253)) - 754f3588-47e6-41ad-b34e-eb7041cce070@group-C59E6E433298: change Leader from null to 754f3588-47e6-41ad-b34e-eb7041cce070 at term 1 for becomeLeader, leader elected after 6789ms
2019-09-25 05:52:37,784 [0bbc1277-be6f-4bf3-88cf-1c3b12e139ad@group-703D5E58E916:LeaderElection80] INFO  impl.RaftServerImpl (ServerState.java:setLeader(253)) - 0bbc1277-be6f-4bf3-88cf-1c3b12e139ad@group-703D5E58E916: change Leader from null to 0bbc1277-be6f-4bf3-88cf-1c3b12e139ad at term 1 for becomeLeader, leader elected after 6929ms
2019-09-25 05:52:37,786 [0bbc1277-be6f-4bf3-88cf-1c3b12e139ad@group-703D5E58E916:LeaderElection80] INFO  server.RaftServerConfigKeys (ConfUtils.java:logGet(43)) - raft.server.staging.catchup.gap = 1000 (default)
2019-09-25 05:52:37,784 [0bbc1277-be6f-4bf3-88cf-1c3b12e139ad@group-8A0701C6A3A8:LeaderElection76] INFO  server.RaftServerConfigKeys (ConfUtils.java:logGet(43)) - raft.server.watch.element-limit = 65536 (default)
2019-09-25 05:52:37,784 [Thread-521] INFO  impl.RaftServerImpl (RaftServerImpl.java:setRole(174)) - 5be219b2-97fd-4a8c-91ea-b15aa89454d4@group-955671A74EC5: changes role from  FOLLOWER to CANDIDATE at term 0 for changeToCandidate
2019-09-25 05:52:37,784 [Thread-472] INFO  impl.RaftServerImpl (RaftServerImpl.java:setRole(174)) - 754f3588-47e6-41ad-b34e-eb7041cce070@group-68E8BDB01568: changes role from  FOLLOWER to CANDIDATE at term 0 for changeToCandidate
2019-09-25 05:52:37,783 [Thread-483] INFO  impl.RaftServerImpl (RaftServerImpl.java:setRole(174)) - 5be219b2-97fd-4a8c-91ea-b15aa89454d4@group-51FF8E54341D: changes role from  FOLLOWER to CANDIDATE at term 0 for changeToCandidate
2019-09-25 05:52:37,783 [Thread-514] INFO  impl.RoleInfo (RoleInfo.java:shutdownFollowerState(121)) - 754f3588-47e6-41ad-b34e-eb7041cce070: shutdown FollowerState
2019-09-25 05:52:37,786 [Thread-514] INFO  impl.RaftServerImpl (RaftServerImpl.java:setRole(174)) - 754f3588-47e6-41ad-b34e-eb7041cce070@group-C196BB46B7FE: changes role from  FOLLOWER to CANDIDATE at term 0 for changeToCandidate
2019-09-25 05:52:37,783 [Thread-511] INFO  impl.RoleInfo (RoleInfo.java:shutdownFollowerState(121)) - 754f3588-47e6-41ad-b34e-eb7041cce070: shutdown FollowerState
2019-09-25 05:52:37,783 [Thread-498] INFO  impl.RaftServerImpl (RaftServerImpl.java:setRole(174)) - 0bbc1277-be6f-4bf3-88cf-1c3b12e139ad@group-513E1586D88B: changes role from  FOLLOWER to CANDIDATE at term 0 for changeToCandidate
2019-09-25 05:52:37,782 [5be219b2-97fd-4a8c-91ea-b15aa89454d4@group-CB6A65C6BA0C:LeaderElection79] INFO  server.RaftServerConfigKeys (ConfUtils.java:logGet(43)) - raft.server.watch.element-limit = 65536 (default)
2019-09-25 05:52:37,782 [0bbc1277-be6f-4bf3-88cf-1c3b12e139ad@group-87557529426B-SegmentedRaftLogWorker] INFO  impl.RaftServerImpl (RaftServerImpl.java:lambda$shutdown$3(251)) - 0bbc1277-be6f-4bf3-88cf-1c3b12e139ad@group-87557529426B: shutdown
2019-09-25 05:52:37,782 [Thread-533] INFO  impl.RoleInfo (RoleInfo.java:shutdownFollowerState(121)) - 754f3588-47e6-41ad-b34e-eb7041cce070: shutdown FollowerState
2019-09-25 05:52:37,787 [Thread-533] INFO  impl.RaftServerImpl (RaftServerImpl.java:setRole(174)) - 754f3588-47e6-41ad-b34e-eb7041cce070@group-7B431B125DE5: changes role from  FOLLOWER to CANDIDATE at term 0 for changeToCandidate
2019-09-25 05:52:37,782 [0bbc1277-be6f-4bf3-88cf-1c3b12e139ad@group-CEEAA4490B5D-SegmentedRaftLogWorker] INFO  impl.RaftServerImpl (RaftServerImpl.java:lambda$shutdown$3(251)) - 0bbc1277-be6f-4bf3-88cf-1c3b12e139ad@group-CEEAA4490B5D: shutdown
2019-09-25 05:52:37,782 [5be219b2-97fd-4a8c-91ea-b15aa89454d4@group-5CA9F57E662E-SegmentedRaftLogWorker] INFO  impl.RaftServerImpl (RaftServerImpl.java:lambda$shutdown$3(251)) - 5be219b2-97fd-4a8c-91ea-b15aa89454d4@group-5CA9F57E662E: shutdown
2019-09-25 05:52:37,782 [Thread-530] INFO  impl.RoleInfo (RoleInfo.java:shutdownFollowerState(121)) - 5be219b2-97fd-4a8c-91ea-b15aa89454d4: shutdown FollowerState
2019-09-25 05:52:37,777 [5be219b2-97fd-4a8c-91ea-b15aa89454d4@group-2F77B981F125:LeaderElection77] INFO  server.RaftServerConfigKeys (ConfUtils.java:logGet(43)) - raft.server.watch.element-limit = 65536 (default)
2019-09-25 05:52:37,777 [0bbc1277-be6f-4bf3-88cf-1c3b12e139ad@group-19A6A27F62D9:LeaderElection78] INFO  server.RaftServerConfigKeys (ConfUtils.java:logGet(43)) - raft.server.watch.timeout.denomination = 1s (default)
2019-09-25 05:52:37,777 [5be219b2-97fd-4a8c-91ea-b15aa89454d4@group-962CE1515C19:LeaderElection74] INFO  server.RaftServerConfigKeys (ConfUtils.java:logGet(43)) - raft.server.watch.timeout.denomination = 1s (default)
2019-09-25 05:52:37,777 [0bbc1277-be6f-4bf3-88cf-1c3b12e139ad@group-460933B656CC:LeaderElection75] INFO  server.RaftServerConfigKeys (ConfUtils.java:logGet(43)) - raft.server.watch.timeout.denomination = 1s (default)
2019-09-25 05:52:37,788 [5be219b2-97fd-4a8c-91ea-b15aa89454d4@group-962CE1515C19:LeaderElection74] INFO  server.RaftServerConfigKeys (ConfUtils.java:logGet(43)) - raft.server.watch.element-limit = 65536 (default)
2019-09-25 05:52:37,788 [0bbc1277-be6f-4bf3-88cf-1c3b12e139ad@group-19A6A27F62D9:LeaderElection78] INFO  server.RaftServerConfigKeys (ConfUtils.java:logGet(43)) - raft.server.watch.element-limit = 65536 (default)
2019-09-25 05:52:37,787 [Thread-530] INFO  impl.RaftServerImpl (RaftServerImpl.java:setRole(174)) - 5be219b2-97fd-4a8c-91ea-b15aa89454d4@group-B56EBFBAB971: changes role from  FOLLOWER to CANDIDATE at term 0 for changeToCandidate
2019-09-25 05:52:37,787 [5be219b2-97fd-4a8c-91ea-b15aa89454d4@group-5CA9F57E662E-SegmentedRaftLogWorker] INFO  util.JmxRegister (JmxRegister.java:unregister(73)) - Successfully un-registered JMX Bean with object name Ratis:service=RaftServer,group=group-5CA9F57E662E,id=5be219b2-97fd-4a8c-91ea-b15aa89454d4
2019-09-25 05:52:37,788 [5be219b2-97fd-4a8c-91ea-b15aa89454d4@group-5CA9F57E662E-SegmentedRaftLogWorker] INFO  impl.RoleInfo (RoleInfo.java:shutdownLeaderState(104)) - 5be219b2-97fd-4a8c-91ea-b15aa89454d4: shutdown LeaderState
2019-09-25 05:52:37,787 [0bbc1277-be6f-4bf3-88cf-1c3b12e139ad@group-CEEAA4490B5D-SegmentedRaftLogWorker] INFO  util.JmxRegister (JmxRegister.java:unregister(73)) - Successfully un-registered JMX Bean with object name Ratis:service=RaftServer,group=group-CEEAA4490B5D,id=0bbc1277-be6f-4bf3-88cf-1c3b12e139ad
2019-09-25 05:52:37,787 [0bbc1277-be6f-4bf3-88cf-1c3b12e139ad@group-87557529426B-SegmentedRaftLogWorker] INFO  util.JmxRegister (JmxRegister.java:unregister(73)) - Successfully un-registered JMX Bean with object name Ratis:service=RaftServer,group=group-87557529426B,id=0bbc1277-be6f-4bf3-88cf-1c3b12e139ad
2019-09-25 05:52:37,786 [Thread-511] INFO  impl.RaftServerImpl (RaftServerImpl.java:setRole(174)) - 754f3588-47e6-41ad-b34e-eb7041cce070@group-4C3D0E1A45D5: changes role from  FOLLOWER to CANDIDATE at term 0 for changeToCandidate
2019-09-25 05:52:37,786 [0bbc1277-be6f-4bf3-88cf-1c3b12e139ad@group-703D5E58E916:LeaderElection80] INFO  server.RaftServerConfigKeys (ConfUtils.java:logGet(43)) - raft.server.rpc.sleep.time = 25ms (default)
2019-09-25 05:52:37,785 [754f3588-47e6-41ad-b34e-eb7041cce070@group-C59E6E433298:LeaderElection81] INFO  server.RaftServerConfigKeys (ConfUtils.java:logGet(43)) - raft.server.staging.catchup.gap = 1000 (default)
2019-09-25 05:52:37,785 [Thread-504] INFO  impl.RaftServerImpl (RaftServerImpl.java:setRole(174)) - 754f3588-47e6-41ad-b34e-eb7041cce070@group-BD472D801032: changes role from  FOLLOWER to CANDIDATE at term 0 for changeToCandidate
2019-09-25 05:52:37,785 [Thread-508] INFO  impl.RoleInfo (RoleInfo.java:shutdownFollowerState(121)) - 0bbc1277-be6f-4bf3-88cf-1c3b12e139ad: shutdown FollowerState
2019-09-25 05:52:37,789 [754f3588-47e6-41ad-b34e-eb7041cce070@group-C59E6E433298:LeaderElection81] INFO  server.RaftServerConfigKeys (ConfUtils.java:logGet(43)) - raft.server.rpc.sleep.time = 25ms (default)
2019-09-25 05:52:37,789 [0bbc1277-be6f-4bf3-88cf-1c3b12e139ad@group-87557529426B-SegmentedRaftLogWorker] INFO  impl.RoleInfo (RoleInfo.java:shutdownLeaderState(104)) - 0bbc1277-be6f-4bf3-88cf-1c3b12e139ad: shutdown LeaderState
2019-09-25 05:52:37,789 [0bbc1277-be6f-4bf3-88cf-1c3b12e139ad@group-CEEAA4490B5D-SegmentedRaftLogWorker] INFO  impl.RoleInfo (RoleInfo.java:shutdownLeaderState(104)) - 0bbc1277-be6f-4bf3-88cf-1c3b12e139ad: shutdown LeaderState
2019-09-25 05:52:37,788 [0bbc1277-be6f-4bf3-88cf-1c3b12e139ad@group-460933B656CC:LeaderElection75] INFO  server.RaftServerConfigKeys (ConfUtils.java:logGet(43)) - raft.server.watch.element-limit = 65536 (default)
2019-09-25 05:52:37,789 [5be219b2-97fd-4a8c-91ea-b15aa89454d4@group-5CA9F57E662E-SegmentedRaftLogWorker] INFO  impl.PendingRequests (PendingRequests.java:sendNotLeaderResponses(202)) - 5be219b2-97fd-4a8c-91ea-b15aa89454d4-PendingRequests: sendNotLeaderResponses
2019-09-25 05:52:37,789 [Thread-508] INFO  impl.RaftServerImpl (RaftServerImpl.java:setRole(174)) - 0bbc1277-be6f-4bf3-88cf-1c3b12e139ad@group-EAB65D37406F: changes role from  FOLLOWER to CANDIDATE at term 0 for changeToCandidate
2019-09-25 05:52:37,790 [pool-27-thread-1] INFO  storage.RaftStorage (RaftStorage.java:format(72)) - Storage directory /workdir/hadoop-ozone/integration-test/target/test-dir/MiniOzoneClusterImpl-5fae48a0-8517-4c16-9d39-4001697b8772/datanode-0/data/ratis/58f00663-84c7-4c45-a8f1-5c54a8351410 has been successfully formatted.
2019-09-25 05:52:37,790 [754f3588-47e6-41ad-b34e-eb7041cce070@group-8A7557A8C55D:LeaderElection82] INFO  impl.LeaderElection (LeaderElection.java:askForVotes(182)) - 754f3588-47e6-41ad-b34e-eb7041cce070@group-8A7557A8C55D:LeaderElection82: begin an election at term 1 for -1: [754f3588-47e6-41ad-b34e-eb7041cce070:192.168.30.10:41089], old=null
2019-09-25 05:52:37,790 [754f3588-47e6-41ad-b34e-eb7041cce070@group-8A7557A8C55D:LeaderElection82] INFO  impl.RoleInfo (RoleInfo.java:shutdownLeaderElection(134)) - 754f3588-47e6-41ad-b34e-eb7041cce070: shutdown LeaderElection
2019-09-25 05:52:37,790 [754f3588-47e6-41ad-b34e-eb7041cce070@group-8A7557A8C55D:LeaderElection82] INFO  impl.RaftServerImpl (RaftServerImpl.java:setRole(174)) - 754f3588-47e6-41ad-b34e-eb7041cce070@group-8A7557A8C55D: changes role from CANDIDATE to LEADER at term 1 for changeToLeader
2019-09-25 05:52:37,790 [pool-27-thread-1] INFO  ratis.ContainerStateMachine (ContainerStateMachine.java:loadSnapshot(230)) - group-5C54A8351410: The snapshot info is null. Setting the last applied indexto:(t:0, i:~)
2019-09-25 05:52:37,790 [754f3588-47e6-41ad-b34e-eb7041cce070@group-8A7557A8C55D:LeaderElection82] INFO  impl.RaftServerImpl (ServerState.java:setLeader(253)) - 754f3588-47e6-41ad-b34e-eb7041cce070@group-8A7557A8C55D: change Leader from null to 754f3588-47e6-41ad-b34e-eb7041cce070 at term 1 for becomeLeader, leader elected after 6708ms
2019-09-25 05:52:37,791 [pool-27-thread-1] INFO  server.RaftServerConfigKeys (ConfUtils.java:logGet(43)) - raft.server.notification.no-leader.timeout = 120s (custom)
2019-09-25 05:52:37,791 [754f3588-47e6-41ad-b34e-eb7041cce070@group-8A7557A8C55D:LeaderElection82] INFO  server.RaftServerConfigKeys (ConfUtils.java:logGet(43)) - raft.server.staging.catchup.gap = 1000 (default)
2019-09-25 05:52:37,791 [pool-27-thread-1] INFO  server.RaftServerConfigKeys (ConfUtils.java:logGet(43)) - raft.server.log.use.memory = false (default)
2019-09-25 05:52:37,791 [754f3588-47e6-41ad-b34e-eb7041cce070@group-8A7557A8C55D:LeaderElection82] INFO  server.RaftServerConfigKeys (ConfUtils.java:logGet(43)) - raft.server.rpc.sleep.time = 25ms (default)
2019-09-25 05:52:37,791 [pool-27-thread-1] INFO  server.RaftServerConfigKeys (ConfUtils.java:logGet(43)) - raft.server.log.purge.gap = 1000000 (custom)
2019-09-25 05:52:37,791 [5be219b2-97fd-4a8c-91ea-b15aa89454d4@group-5CA9F57E662E-SegmentedRaftLogWorker] INFO  impl.StateMachineUpdater (StateMachineUpdater.java:stopAndJoin(125)) - 5be219b2-97fd-4a8c-91ea-b15aa89454d4@group-5CA9F57E662E-StateMachineUpdater: set stopIndex = -1
2019-09-25 05:52:37,791 [pool-27-thread-1] INFO  server.RaftServerConfigKeys (ConfUtils.java:logGet(43)) - raft.server.log.appender.buffer.byte-limit = 33554432 (custom)
2019-09-25 05:52:37,792 [5be219b2-97fd-4a8c-91ea-b15aa89454d4@group-5CA9F57E662E-SegmentedRaftLogWorker] INFO  impl.RaftServerImpl (ServerState.java:close(385)) - 5be219b2-97fd-4a8c-91ea-b15aa89454d4@group-5CA9F57E662E: closes. applyIndex: -1
2019-09-25 05:52:37,792 [pool-27-thread-1] INFO  server.RaftServerConfigKeys (ConfUtils.java:logGet(43)) - raft.server.log.segment.size.max = 1048576 (custom)
2019-09-25 05:52:37,792 [pool-27-thread-1] INFO  server.RaftServerConfigKeys (ConfUtils.java:logGet(43)) - raft.server.log.segment.cache.num.max = 2 (custom)
2019-09-25 05:52:37,792 [pool-27-thread-1] INFO  segmented.SegmentedRaftLogWorker (SegmentedRaftLogWorker.java:<init>(172)) - new 0bbc1277-be6f-4bf3-88cf-1c3b12e139ad@group-5C54A8351410-SegmentedRaftLogWorker for RaftStorage:Storage Directory /workdir/hadoop-ozone/integration-test/target/test-dir/MiniOzoneClusterImpl-5fae48a0-8517-4c16-9d39-4001697b8772/datanode-0/data/ratis/58f00663-84c7-4c45-a8f1-5c54a8351410
2019-09-25 05:52:37,792 [pool-27-thread-1] INFO  server.RaftServerConfigKeys (ConfUtils.java:logGet(43)) - raft.server.log.queue.byte-limit = 2147483647 (custom)
2019-09-25 05:52:37,792 [pool-27-thread-1] INFO  server.RaftServerConfigKeys (ConfUtils.java:logGet(43)) - raft.server.log.queue.element-limit = 1024 (custom)
2019-09-25 05:52:37,792 [pool-27-thread-1] INFO  server.RaftServerConfigKeys (ConfUtils.java:logGet(43)) - raft.server.log.segment.size.max = 1048576 (custom)
2019-09-25 05:52:37,796 [pool-27-thread-1] INFO  server.RaftServerConfigKeys (ConfUtils.java:logGet(43)) - raft.server.log.preallocated.size = 16384 (custom)
2019-09-25 05:52:37,793 [5be219b2-97fd-4a8c-91ea-b15aa89454d4@group-5CA9F57E662E-SegmentedRaftLogWorker] INFO  segmented.SegmentedRaftLogWorker (SegmentedRaftLogWorker.java:close(228)) - 5be219b2-97fd-4a8c-91ea-b15aa89454d4@group-5CA9F57E662E-SegmentedRaftLogWorker close()
2019-09-25 05:52:37,796 [pool-27-thread-1] INFO  server.RaftServerConfigKeys (ConfUtils.java:logGet(43)) - raft.server.log.write.buffer.size = 33554432 (custom)
2019-09-25 05:52:37,796 [pool-27-thread-1] INFO  server.RaftServerConfigKeys (ConfUtils.java:logGet(43)) - raft.server.log.force.sync.num = 128 (default)
2019-09-25 05:52:37,796 [pool-27-thread-1] INFO  server.RaftServerConfigKeys (ConfUtils.java:logGet(43)) - raft.server.log.statemachine.data.sync = true (default)
2019-09-25 05:52:37,797 [pool-27-thread-1] INFO  server.RaftServerConfigKeys (ConfUtils.java:logGet(43)) - raft.server.log.statemachine.data.sync.timeout = 10s (default)
2019-09-25 05:52:37,797 [pool-27-thread-1] INFO  server.RaftServerConfigKeys (ConfUtils.java:logGet(43)) - raft.server.log.statemachine.data.sync.timeout.retry = -1 (default)
2019-09-25 05:52:37,804 [pool-27-thread-1] INFO  server.RaftServerConfigKeys (ConfUtils.java:logGet(43)) - raft.server.log.statemachine.data.caching.enabled = true (custom)
2019-09-25 05:52:37,804 [754f3588-47e6-41ad-b34e-eb7041cce070@group-8A7557A8C55D:LeaderElection82] INFO  server.RaftServerConfigKeys (ConfUtils.java:logGet(43)) - raft.server.write.element-limit = 4096 (default)
2019-09-25 05:52:37,813 [Thread-521] INFO  impl.RoleInfo (RoleInfo.java:updateAndGet(143)) - 5be219b2-97fd-4a8c-91ea-b15aa89454d4: start LeaderElection
2019-09-25 05:52:37,813 [Thread-508] INFO  impl.RoleInfo (RoleInfo.java:updateAndGet(143)) - 0bbc1277-be6f-4bf3-88cf-1c3b12e139ad: start LeaderElection
2019-09-25 05:52:37,813 [Thread-489] INFO  impl.RoleInfo (RoleInfo.java:updateAndGet(143)) - 5be219b2-97fd-4a8c-91ea-b15aa89454d4: start LeaderElection
2019-09-25 05:52:37,813 [Thread-498] INFO  impl.RoleInfo (RoleInfo.java:updateAndGet(143)) - 0bbc1277-be6f-4bf3-88cf-1c3b12e139ad: start LeaderElection
2019-09-25 05:52:37,813 [Thread-514] INFO  impl.RoleInfo (RoleInfo.java:updateAndGet(143)) - 754f3588-47e6-41ad-b34e-eb7041cce070: start LeaderElection
2019-09-25 05:52:37,812 [Thread-483] INFO  impl.RoleInfo (RoleInfo.java:updateAndGet(143)) - 5be219b2-97fd-4a8c-91ea-b15aa89454d4: start LeaderElection
2019-09-25 05:52:37,812 [Thread-478] INFO  impl.RoleInfo (RoleInfo.java:updateAndGet(143)) - 5be219b2-97fd-4a8c-91ea-b15aa89454d4: start LeaderElection
2019-09-25 05:52:37,812 [Thread-511] INFO  impl.RoleInfo (RoleInfo.java:updateAndGet(143)) - 754f3588-47e6-41ad-b34e-eb7041cce070: start LeaderElection
2019-09-25 05:52:37,812 [Thread-504] INFO  impl.RoleInfo (RoleInfo.java:updateAndGet(143)) - 754f3588-47e6-41ad-b34e-eb7041cce070: start LeaderElection
2019-09-25 05:52:37,812 [Thread-464] INFO  impl.RoleInfo (RoleInfo.java:updateAndGet(143)) - 0bbc1277-be6f-4bf3-88cf-1c3b12e139ad: start LeaderElection
2019-09-25 05:52:37,812 [Thread-467] INFO  impl.RoleInfo (RoleInfo.java:updateAndGet(143)) - 754f3588-47e6-41ad-b34e-eb7041cce070: start LeaderElection
2019-09-25 05:52:37,812 [Thread-475] INFO  impl.RoleInfo (RoleInfo.java:updateAndGet(143)) - 5be219b2-97fd-4a8c-91ea-b15aa89454d4: start LeaderElection
2019-09-25 05:52:37,812 [Thread-445] INFO  impl.RoleInfo (RoleInfo.java:updateAndGet(143)) - 5be219b2-97fd-4a8c-91ea-b15aa89454d4: start LeaderElection
2019-09-25 05:52:37,812 [Thread-451] INFO  impl.RoleInfo (RoleInfo.java:updateAndGet(143)) - 0bbc1277-be6f-4bf3-88cf-1c3b12e139ad: start LeaderElection
2019-09-25 05:52:37,812 [Thread-457] INFO  impl.RoleInfo (RoleInfo.java:updateAndGet(143)) - 0bbc1277-be6f-4bf3-88cf-1c3b12e139ad: start LeaderElection
2019-09-25 05:52:37,812 [Thread-454] INFO  impl.RoleInfo (RoleInfo.java:updateAndGet(143)) - 0bbc1277-be6f-4bf3-88cf-1c3b12e139ad: start LeaderElection
2019-09-25 05:52:37,812 [Thread-493] INFO  impl.RoleInfo (RoleInfo.java:updateAndGet(143)) - 0bbc1277-be6f-4bf3-88cf-1c3b12e139ad: start LeaderElection
2019-09-25 05:52:37,810 [Thread-433] INFO  impl.RoleInfo (RoleInfo.java:updateAndGet(143)) - 0bbc1277-be6f-4bf3-88cf-1c3b12e139ad: start LeaderElection
2019-09-25 05:52:37,810 [Thread-427] INFO  impl.RoleInfo (RoleInfo.java:updateAndGet(143)) - 754f3588-47e6-41ad-b34e-eb7041cce070: start LeaderElection
2019-09-25 05:52:37,810 [Thread-442] INFO  impl.RoleInfo (RoleInfo.java:updateAndGet(143)) - 5be219b2-97fd-4a8c-91ea-b15aa89454d4: start LeaderElection
2019-09-25 05:52:37,810 [Thread-448] INFO  impl.RoleInfo (RoleInfo.java:updateAndGet(143)) - 0bbc1277-be6f-4bf3-88cf-1c3b12e139ad: start LeaderElection
2019-09-25 05:52:37,810 [Thread-439] INFO  impl.RoleInfo (RoleInfo.java:updateAndGet(143)) - 754f3588-47e6-41ad-b34e-eb7041cce070: start LeaderElection
2019-09-25 05:52:37,808 [Thread-472] INFO  impl.RoleInfo (RoleInfo.java:updateAndGet(143)) - 754f3588-47e6-41ad-b34e-eb7041cce070: start LeaderElection
2019-09-25 05:52:37,807 [Thread-530] INFO  impl.RoleInfo (RoleInfo.java:updateAndGet(143)) - 5be219b2-97fd-4a8c-91ea-b15aa89454d4: start LeaderElection
2019-09-25 05:52:37,808 [Thread-533] INFO  impl.RoleInfo (RoleInfo.java:updateAndGet(143)) - 754f3588-47e6-41ad-b34e-eb7041cce070: start LeaderElection
2019-09-25 05:52:37,807 [0bbc1277-be6f-4bf3-88cf-1c3b12e139ad@group-703D5E58E916:LeaderElection80] INFO  server.RaftServerConfigKeys (ConfUtils.java:logGet(43)) - raft.server.write.element-limit = 4096 (default)
2019-09-25 05:52:37,790 [0bbc1277-be6f-4bf3-88cf-1c3b12e139ad@group-CEEAA4490B5D-SegmentedRaftLogWorker] INFO  impl.PendingRequests (PendingRequests.java:sendNotLeaderResponses(202)) - 0bbc1277-be6f-4bf3-88cf-1c3b12e139ad-PendingRequests: sendNotLeaderResponses
2019-09-25 05:52:37,807 [754f3588-47e6-41ad-b34e-eb7041cce070@group-C59E6E433298:LeaderElection81] INFO  server.RaftServerConfigKeys (ConfUtils.java:logGet(43)) - raft.server.write.element-limit = 4096 (default)
2019-09-25 05:52:37,789 [0bbc1277-be6f-4bf3-88cf-1c3b12e139ad@group-87557529426B-SegmentedRaftLogWorker] INFO  impl.PendingRequests (PendingRequests.java:sendNotLeaderResponses(202)) - 0bbc1277-be6f-4bf3-88cf-1c3b12e139ad-PendingRequests: sendNotLeaderResponses
2019-09-25 05:52:37,816 [754f3588-47e6-41ad-b34e-eb7041cce070@group-C59E6E433298:LeaderElection81] INFO  server.RaftServerConfigKeys (ConfUtils.java:logGet(43)) - raft.server.watch.timeout = 10s (default)
2019-09-25 05:52:37,817 [754f3588-47e6-41ad-b34e-eb7041cce070@group-C59E6E433298:LeaderElection81] INFO  server.RaftServerConfigKeys (ConfUtils.java:logGet(43)) - raft.server.watch.timeout.denomination = 1s (default)
2019-09-25 05:52:37,816 [0bbc1277-be6f-4bf3-88cf-1c3b12e139ad@group-703D5E58E916:LeaderElection80] INFO  server.RaftServerConfigKeys (ConfUtils.java:logGet(43)) - raft.server.watch.timeout = 10s (default)
2019-09-25 05:52:37,813 [754f3588-47e6-41ad-b34e-eb7041cce070@group-8A7557A8C55D:LeaderElection82] INFO  server.RaftServerConfigKeys (ConfUtils.java:logGet(43)) - raft.server.watch.timeout = 10s (default)
2019-09-25 05:52:37,813 [pool-27-thread-1] INFO  segmented.SegmentedRaftLogWorker (SegmentedRaftLogWorker.java:lambda$new$0(132)) - 0bbc1277-be6f-4bf3-88cf-1c3b12e139ad@group-5C54A8351410-SegmentedRaftLogWorker: flushIndex: setUnconditionally 0 -> -1
2019-09-25 05:52:37,817 [0bbc1277-be6f-4bf3-88cf-1c3b12e139ad@group-87557529426B-SegmentedRaftLogWorker] INFO  impl.StateMachineUpdater (StateMachineUpdater.java:stopAndJoin(125)) - 0bbc1277-be6f-4bf3-88cf-1c3b12e139ad@group-87557529426B-StateMachineUpdater: set stopIndex = -1
2019-09-25 05:52:37,820 [pool-27-thread-1] INFO  server.RaftServerConfigKeys (ConfUtils.java:logGet(43)) - raft.server.snapshot.auto.trigger.enabled = true (custom)
2019-09-25 05:52:37,816 [0bbc1277-be6f-4bf3-88cf-1c3b12e139ad@group-CEEAA4490B5D-SegmentedRaftLogWorker] INFO  impl.StateMachineUpdater (StateMachineUpdater.java:stopAndJoin(125)) - 0bbc1277-be6f-4bf3-88cf-1c3b12e139ad@group-CEEAA4490B5D-StateMachineUpdater: set stopIndex = -1
2019-09-25 05:52:37,817 [754f3588-47e6-41ad-b34e-eb7041cce070@group-8A7557A8C55D:LeaderElection82] INFO  server.RaftServerConfigKeys (ConfUtils.java:logGet(43)) - raft.server.watch.timeout.denomination = 1s (default)
2019-09-25 05:52:37,817 [0bbc1277-be6f-4bf3-88cf-1c3b12e139ad@group-703D5E58E916:LeaderElection80] INFO  server.RaftServerConfigKeys (ConfUtils.java:logGet(43)) - raft.server.watch.timeout.denomination = 1s (default)
2019-09-25 05:52:37,817 [754f3588-47e6-41ad-b34e-eb7041cce070@group-C59E6E433298:LeaderElection81] INFO  server.RaftServerConfigKeys (ConfUtils.java:logGet(43)) - raft.server.watch.element-limit = 65536 (default)
2019-09-25 05:52:37,821 [0bbc1277-be6f-4bf3-88cf-1c3b12e139ad@group-703D5E58E916:LeaderElection80] INFO  server.RaftServerConfigKeys (ConfUtils.java:logGet(43)) - raft.server.watch.element-limit = 65536 (default)
2019-09-25 05:52:37,821 [754f3588-47e6-41ad-b34e-eb7041cce070@group-8A7557A8C55D:LeaderElection82] INFO  server.RaftServerConfigKeys (ConfUtils.java:logGet(43)) - raft.server.watch.element-limit = 65536 (default)
2019-09-25 05:52:37,821 [0bbc1277-be6f-4bf3-88cf-1c3b12e139ad@group-CEEAA4490B5D-SegmentedRaftLogWorker] INFO  impl.RaftServerImpl (ServerState.java:close(385)) - 0bbc1277-be6f-4bf3-88cf-1c3b12e139ad@group-CEEAA4490B5D: closes. applyIndex: -1
2019-09-25 05:52:37,821 [pool-27-thread-1] INFO  server.RaftServerConfigKeys (ConfUtils.java:logGet(43)) - raft.server.snapshot.auto.trigger.threshold = 10000 (custom)
2019-09-25 05:52:37,822 [pool-27-thread-1] INFO  server.RaftServerConfigKeys (ConfUtils.java:logGet(43)) - raft.server.snapshot.retention.num.files = 5 (custom)
2019-09-25 05:52:37,820 [0bbc1277-be6f-4bf3-88cf-1c3b12e139ad@group-87557529426B-SegmentedRaftLogWorker] INFO  impl.RaftServerImpl (ServerState.java:close(385)) - 0bbc1277-be6f-4bf3-88cf-1c3b12e139ad@group-87557529426B: closes. applyIndex: -1
2019-09-25 05:52:37,822 [pool-27-thread-1] INFO  server.RaftServerConfigKeys (ConfUtils.java:logGet(43)) - raft.server.retrycache.expirytime = 600000ms (custom)
2019-09-25 05:52:37,822 [0bbc1277-be6f-4bf3-88cf-1c3b12e139ad@group-CEEAA4490B5D-SegmentedRaftLogWorker] INFO  segmented.SegmentedRaftLogWorker (SegmentedRaftLogWorker.java:close(228)) - 0bbc1277-be6f-4bf3-88cf-1c3b12e139ad@group-CEEAA4490B5D-SegmentedRaftLogWorker close()
2019-09-25 05:52:37,822 [0bbc1277-be6f-4bf3-88cf-1c3b12e139ad@group-87557529426B-SegmentedRaftLogWorker] INFO  segmented.SegmentedRaftLogWorker (SegmentedRaftLogWorker.java:close(228)) - 0bbc1277-be6f-4bf3-88cf-1c3b12e139ad@group-87557529426B-SegmentedRaftLogWorker close()
2019-09-25 05:52:37,839 [754f3588-47e6-41ad-b34e-eb7041cce070@group-A475441C9D32:LeaderElection94] INFO  impl.LeaderElection (LeaderElection.java:askForVotes(182)) - 754f3588-47e6-41ad-b34e-eb7041cce070@group-A475441C9D32:LeaderElection94: begin an election at term 1 for -1: [754f3588-47e6-41ad-b34e-eb7041cce070:192.168.30.10:41089], old=null
2019-09-25 05:52:37,839 [0bbc1277-be6f-4bf3-88cf-1c3b12e139ad@group-EAB65D37406F:LeaderElection107] INFO  impl.LeaderElection (LeaderElection.java:askForVotes(182)) - 0bbc1277-be6f-4bf3-88cf-1c3b12e139ad@group-EAB65D37406F:LeaderElection107: begin an election at term 1 for -1: [0bbc1277-be6f-4bf3-88cf-1c3b12e139ad:192.168.30.10:46701], old=null
2019-09-25 05:52:37,839 [754f3588-47e6-41ad-b34e-eb7041cce070@group-68E8BDB01568:LeaderElection99] INFO  impl.LeaderElection (LeaderElection.java:askForVotes(182)) - 754f3588-47e6-41ad-b34e-eb7041cce070@group-68E8BDB01568:LeaderElection99: begin an election at term 1 for -1: [754f3588-47e6-41ad-b34e-eb7041cce070:192.168.30.10:41089], old=null
2019-09-25 05:52:37,839 [5be219b2-97fd-4a8c-91ea-b15aa89454d4@group-37BCAE1ED488:LeaderElection92] INFO  impl.LeaderElection (LeaderElection.java:askForVotes(182)) - 5be219b2-97fd-4a8c-91ea-b15aa89454d4@group-37BCAE1ED488:LeaderElection92: begin an election at term 1 for -1: [5be219b2-97fd-4a8c-91ea-b15aa89454d4:192.168.30.10:40625], old=null
2019-09-25 05:52:37,839 [0bbc1277-be6f-4bf3-88cf-1c3b12e139ad@group-98DB549270B5:LeaderElection91] INFO  impl.LeaderElection (LeaderElection.java:askForVotes(182)) - 0bbc1277-be6f-4bf3-88cf-1c3b12e139ad@group-98DB549270B5:LeaderElection91: begin an election at term 1 for -1: [0bbc1277-be6f-4bf3-88cf-1c3b12e139ad:192.168.30.10:46701], old=null
2019-09-25 05:52:37,839 [0bbc1277-be6f-4bf3-88cf-1c3b12e139ad@group-C8E21141DA1D:LeaderElection89] INFO  impl.LeaderElection (LeaderElection.java:askForVotes(182)) - 0bbc1277-be6f-4bf3-88cf-1c3b12e139ad@group-C8E21141DA1D:LeaderElection89: begin an election at term 1 for -1: [0bbc1277-be6f-4bf3-88cf-1c3b12e139ad:192.168.30.10:46701], old=null
2019-09-25 05:52:37,839 [5be219b2-97fd-4a8c-91ea-b15aa89454d4@group-0B6C19AFD170:LeaderElection95] INFO  impl.LeaderElection (LeaderElection.java:askForVotes(182)) - 5be219b2-97fd-4a8c-91ea-b15aa89454d4@group-0B6C19AFD170:LeaderElection95: begin an election at term 1 for -1: [5be219b2-97fd-4a8c-91ea-b15aa89454d4:192.168.30.10:40625], old=null
2019-09-25 05:52:37,839 [754f3588-47e6-41ad-b34e-eb7041cce070@group-A475441C9D32:LeaderElection94] INFO  impl.RoleInfo (RoleInfo.java:shutdownLeaderElection(134)) - 754f3588-47e6-41ad-b34e-eb7041cce070: shutdown LeaderElection
2019-09-25 05:52:37,839 [0bbc1277-be6f-4bf3-88cf-1c3b12e139ad@group-513E1586D88B:LeaderElection102] INFO  impl.LeaderElection (LeaderElection.java:askForVotes(182)) - 0bbc1277-be6f-4bf3-88cf-1c3b12e139ad@group-513E1586D88B:LeaderElection102: begin an election at term 1 for -1: [0bbc1277-be6f-4bf3-88cf-1c3b12e139ad:192.168.30.10:46701], old=null
2019-09-25 05:52:37,839 [754f3588-47e6-41ad-b34e-eb7041cce070@group-C196BB46B7FE:LeaderElection101] INFO  impl.LeaderElection (LeaderElection.java:askForVotes(182)) - 754f3588-47e6-41ad-b34e-eb7041cce070@group-C196BB46B7FE:LeaderElection101: begin an election at term 1 for -1: [754f3588-47e6-41ad-b34e-eb7041cce070:192.168.30.10:41089], old=null
2019-09-25 05:52:37,839 [0bbc1277-be6f-4bf3-88cf-1c3b12e139ad@group-82B8C547FB12:LeaderElection96] INFO  impl.LeaderElection (LeaderElection.java:askForVotes(182)) - 0bbc1277-be6f-4bf3-88cf-1c3b12e139ad@group-82B8C547FB12:LeaderElection96: begin an election at term 1 for -1: [0bbc1277-be6f-4bf3-88cf-1c3b12e139ad:192.168.30.10:46701], old=null
2019-09-25 05:52:37,839 [754f3588-47e6-41ad-b34e-eb7041cce070@group-71DC1F77229B:LeaderElection97] INFO  impl.LeaderElection (LeaderElection.java:askForVotes(182)) - 754f3588-47e6-41ad-b34e-eb7041cce070@group-71DC1F77229B:LeaderElection97: begin an election at term 1 for -1: [754f3588-47e6-41ad-b34e-eb7041cce070:192.168.30.10:41089], old=null
2019-09-25 05:52:37,839 [0bbc1277-be6f-4bf3-88cf-1c3b12e139ad@group-0529369CD838:LeaderElection83] INFO  impl.LeaderElection (LeaderElection.java:askForVotes(182)) - 0bbc1277-be6f-4bf3-88cf-1c3b12e139ad@group-0529369CD838:LeaderElection83: begin an election at term 1 for -1: [0bbc1277-be6f-4bf3-88cf-1c3b12e139ad:192.168.30.10:46701], old=null
2019-09-25 05:52:37,839 [5be219b2-97fd-4a8c-91ea-b15aa89454d4@group-955671A74EC5:LeaderElection98] INFO  impl.LeaderElection (LeaderElection.java:askForVotes(182)) - 5be219b2-97fd-4a8c-91ea-b15aa89454d4@group-955671A74EC5:LeaderElection98: begin an election at term 1 for -1: [5be219b2-97fd-4a8c-91ea-b15aa89454d4:192.168.30.10:40625], old=null
2019-09-25 05:52:37,839 [754f3588-47e6-41ad-b34e-eb7041cce070@group-4C3D0E1A45D5:LeaderElection105] INFO  impl.LeaderElection (LeaderElection.java:askForVotes(182)) - 754f3588-47e6-41ad-b34e-eb7041cce070@group-4C3D0E1A45D5:LeaderElection105: begin an election at term 1 for -1: [754f3588-47e6-41ad-b34e-eb7041cce070:192.168.30.10:41089], old=null
2019-09-25 05:52:37,839 [5be219b2-97fd-4a8c-91ea-b15aa89454d4@group-51FF8E54341D:LeaderElection100] INFO  impl.LeaderElection (LeaderElection.java:askForVotes(182)) - 5be219b2-97fd-4a8c-91ea-b15aa89454d4@group-51FF8E54341D:LeaderElection100: begin an election at term 1 for -1: [5be219b2-97fd-4a8c-91ea-b15aa89454d4:192.168.30.10:40625], old=null
2019-09-25 05:52:37,839 [754f3588-47e6-41ad-b34e-eb7041cce070@group-7B431B125DE5:LeaderElection103] INFO  impl.LeaderElection (LeaderElection.java:askForVotes(182)) - 754f3588-47e6-41ad-b34e-eb7041cce070@group-7B431B125DE5:LeaderElection103: begin an election at term 1 for -1: [754f3588-47e6-41ad-b34e-eb7041cce070:192.168.30.10:41089], old=null
2019-09-25 05:52:37,839 [5be219b2-97fd-4a8c-91ea-b15aa89454d4@group-463BFAA6248D:LeaderElection90] INFO  impl.LeaderElection (LeaderElection.java:askForVotes(182)) - 5be219b2-97fd-4a8c-91ea-b15aa89454d4@group-463BFAA6248D:LeaderElection90: begin an election at term 1 for -1: [5be219b2-97fd-4a8c-91ea-b15aa89454d4:192.168.30.10:40625], old=null
2019-09-25 05:52:37,839 [0bbc1277-be6f-4bf3-88cf-1c3b12e139ad@group-65B12A733142:LeaderElection88] INFO  impl.LeaderElection (LeaderElection.java:askForVotes(182)) - 0bbc1277-be6f-4bf3-88cf-1c3b12e139ad@group-65B12A733142:LeaderElection88: begin an election at term 1 for -1: [0bbc1277-be6f-4bf3-88cf-1c3b12e139ad:192.168.30.10:46701], old=null
2019-09-25 05:52:37,839 [0bbc1277-be6f-4bf3-88cf-1c3b12e139ad@group-12BFCBBA8C97:LeaderElection93] INFO  impl.LeaderElection (LeaderElection.java:askForVotes(182)) - 0bbc1277-be6f-4bf3-88cf-1c3b12e139ad@group-12BFCBBA8C97:LeaderElection93: begin an election at term 1 for -1: [0bbc1277-be6f-4bf3-88cf-1c3b12e139ad:192.168.30.10:46701], old=null
2019-09-25 05:52:37,839 [5be219b2-97fd-4a8c-91ea-b15aa89454d4@group-43352AA4234F:LeaderElection86] INFO  impl.LeaderElection (LeaderElection.java:askForVotes(182)) - 5be219b2-97fd-4a8c-91ea-b15aa89454d4@group-43352AA4234F:LeaderElection86: begin an election at term 1 for -1: [5be219b2-97fd-4a8c-91ea-b15aa89454d4:192.168.30.10:40625], old=null
2019-09-25 05:52:37,841 [0bbc1277-be6f-4bf3-88cf-1c3b12e139ad@group-12BFCBBA8C97:LeaderElection93] INFO  impl.RoleInfo (RoleInfo.java:shutdownLeaderElection(134)) - 0bbc1277-be6f-4bf3-88cf-1c3b12e139ad: shutdown LeaderElection
2019-09-25 05:52:37,841 [0bbc1277-be6f-4bf3-88cf-1c3b12e139ad@group-65B12A733142:LeaderElection88] INFO  impl.RoleInfo (RoleInfo.java:shutdownLeaderElection(134)) - 0bbc1277-be6f-4bf3-88cf-1c3b12e139ad: shutdown LeaderElection
2019-09-25 05:52:37,841 [0bbc1277-be6f-4bf3-88cf-1c3b12e139ad@group-65B12A733142:LeaderElection88] INFO  impl.RaftServerImpl (RaftServerImpl.java:setRole(174)) - 0bbc1277-be6f-4bf3-88cf-1c3b12e139ad@group-65B12A733142: changes role from CANDIDATE to LEADER at term 1 for changeToLeader
2019-09-25 05:52:37,840 [5be219b2-97fd-4a8c-91ea-b15aa89454d4@group-463BFAA6248D:LeaderElection90] INFO  impl.RoleInfo (RoleInfo.java:shutdownLeaderElection(134)) - 5be219b2-97fd-4a8c-91ea-b15aa89454d4: shutdown LeaderElection
2019-09-25 05:52:37,840 [754f3588-47e6-41ad-b34e-eb7041cce070@group-7B431B125DE5:LeaderElection103] INFO  impl.RoleInfo (RoleInfo.java:shutdownLeaderElection(134)) - 754f3588-47e6-41ad-b34e-eb7041cce070: shutdown LeaderElection
2019-09-25 05:52:37,840 [5be219b2-97fd-4a8c-91ea-b15aa89454d4@group-51FF8E54341D:LeaderElection100] INFO  impl.RoleInfo (RoleInfo.java:shutdownLeaderElection(134)) - 5be219b2-97fd-4a8c-91ea-b15aa89454d4: shutdown LeaderElection
2019-09-25 05:52:37,840 [754f3588-47e6-41ad-b34e-eb7041cce070@group-4C3D0E1A45D5:LeaderElection105] INFO  impl.RoleInfo (RoleInfo.java:shutdownLeaderElection(134)) - 754f3588-47e6-41ad-b34e-eb7041cce070: shutdown LeaderElection
2019-09-25 05:52:37,840 [5be219b2-97fd-4a8c-91ea-b15aa89454d4@group-955671A74EC5:LeaderElection98] INFO  impl.RoleInfo (RoleInfo.java:shutdownLeaderElection(134)) - 5be219b2-97fd-4a8c-91ea-b15aa89454d4: shutdown LeaderElection
2019-09-25 05:52:37,840 [0bbc1277-be6f-4bf3-88cf-1c3b12e139ad@group-0529369CD838:LeaderElection83] INFO  impl.RoleInfo (RoleInfo.java:shutdownLeaderElection(134)) - 0bbc1277-be6f-4bf3-88cf-1c3b12e139ad: shutdown LeaderElection
2019-09-25 05:52:37,840 [754f3588-47e6-41ad-b34e-eb7041cce070@group-71DC1F77229B:LeaderElection97] INFO  impl.RoleInfo (RoleInfo.java:shutdownLeaderElection(134)) - 754f3588-47e6-41ad-b34e-eb7041cce070: shutdown LeaderElection
2019-09-25 05:52:37,840 [0bbc1277-be6f-4bf3-88cf-1c3b12e139ad@group-82B8C547FB12:LeaderElection96] INFO  impl.RoleInfo (RoleInfo.java:shutdownLeaderElection(134)) - 0bbc1277-be6f-4bf3-88cf-1c3b12e139ad: shutdown LeaderElection
2019-09-25 05:52:37,842 [0bbc1277-be6f-4bf3-88cf-1c3b12e139ad@group-82B8C547FB12:LeaderElection96] INFO  impl.RaftServerImpl (RaftServerImpl.java:setRole(174)) - 0bbc1277-be6f-4bf3-88cf-1c3b12e139ad@group-82B8C547FB12: changes role from CANDIDATE to LEADER at term 1 for changeToLeader
2019-09-25 05:52:37,840 [754f3588-47e6-41ad-b34e-eb7041cce070@group-C196BB46B7FE:LeaderElection101] INFO  impl.RoleInfo (RoleInfo.java:shutdownLeaderElection(134)) - 754f3588-47e6-41ad-b34e-eb7041cce070: shutdown LeaderElection
2019-09-25 05:52:37,839 [0bbc1277-be6f-4bf3-88cf-1c3b12e139ad@group-513E1586D88B:LeaderElection102] INFO  impl.RoleInfo (RoleInfo.java:shutdownLeaderElection(134)) - 0bbc1277-be6f-4bf3-88cf-1c3b12e139ad: shutdown LeaderElection
2019-09-25 05:52:37,839 [754f3588-47e6-41ad-b34e-eb7041cce070@group-A475441C9D32:LeaderElection94] INFO  impl.RaftServerImpl (RaftServerImpl.java:setRole(174)) - 754f3588-47e6-41ad-b34e-eb7041cce070@group-A475441C9D32: changes role from CANDIDATE to LEADER at term 1 for changeToLeader
2019-09-25 05:52:37,839 [5be219b2-97fd-4a8c-91ea-b15aa89454d4@group-0B6C19AFD170:LeaderElection95] INFO  impl.RoleInfo (RoleInfo.java:shutdownLeaderElection(134)) - 5be219b2-97fd-4a8c-91ea-b15aa89454d4: shutdown LeaderElection
2019-09-25 05:52:37,839 [0bbc1277-be6f-4bf3-88cf-1c3b12e139ad@group-C8E21141DA1D:LeaderElection89] INFO  impl.RoleInfo (RoleInfo.java:shutdownLeaderElection(134)) - 0bbc1277-be6f-4bf3-88cf-1c3b12e139ad: shutdown LeaderElection
2019-09-25 05:52:37,842 [0bbc1277-be6f-4bf3-88cf-1c3b12e139ad@group-C8E21141DA1D:LeaderElection89] INFO  impl.RaftServerImpl (RaftServerImpl.java:setRole(174)) - 0bbc1277-be6f-4bf3-88cf-1c3b12e139ad@group-C8E21141DA1D: changes role from CANDIDATE to LEADER at term 1 for changeToLeader
2019-09-25 05:52:37,839 [0bbc1277-be6f-4bf3-88cf-1c3b12e139ad@group-98DB549270B5:LeaderElection91] INFO  impl.RoleInfo (RoleInfo.java:shutdownLeaderElection(134)) - 0bbc1277-be6f-4bf3-88cf-1c3b12e139ad: shutdown LeaderElection
2019-09-25 05:52:37,839 [5be219b2-97fd-4a8c-91ea-b15aa89454d4@group-37BCAE1ED488:LeaderElection92] INFO  impl.RoleInfo (RoleInfo.java:shutdownLeaderElection(134)) - 5be219b2-97fd-4a8c-91ea-b15aa89454d4: shutdown LeaderElection
2019-09-25 05:52:37,839 [754f3588-47e6-41ad-b34e-eb7041cce070@group-C3114859B4D1:LeaderElection84] INFO  impl.LeaderElection (LeaderElection.java:askForVotes(182)) - 754f3588-47e6-41ad-b34e-eb7041cce070@group-C3114859B4D1:LeaderElection84: begin an election at term 1 for -1: [754f3588-47e6-41ad-b34e-eb7041cce070:192.168.30.10:41089], old=null
2019-09-25 05:52:37,839 [754f3588-47e6-41ad-b34e-eb7041cce070@group-68E8BDB01568:LeaderElection99] INFO  impl.RoleInfo (RoleInfo.java:shutdownLeaderElection(134)) - 754f3588-47e6-41ad-b34e-eb7041cce070: shutdown LeaderElection
2019-09-25 05:52:37,843 [754f3588-47e6-41ad-b34e-eb7041cce070@group-68E8BDB01568:LeaderElection99] INFO  impl.RaftServerImpl (RaftServerImpl.java:setRole(174)) - 754f3588-47e6-41ad-b34e-eb7041cce070@group-68E8BDB01568: changes role from CANDIDATE to LEADER at term 1 for changeToLeader
2019-09-25 05:52:37,839 [5be219b2-97fd-4a8c-91ea-b15aa89454d4@group-B56EBFBAB971:LeaderElection104] INFO  impl.LeaderElection (LeaderElection.java:askForVotes(182)) - 5be219b2-97fd-4a8c-91ea-b15aa89454d4@group-B56EBFBAB971:LeaderElection104: begin an election at term 1 for -1: [5be219b2-97fd-4a8c-91ea-b15aa89454d4:192.168.30.10:40625], old=null
2019-09-25 05:52:37,839 [0bbc1277-be6f-4bf3-88cf-1c3b12e139ad@group-257556E8FEBB:LeaderElection87] INFO  impl.LeaderElection (LeaderElection.java:askForVotes(182)) - 0bbc1277-be6f-4bf3-88cf-1c3b12e139ad@group-257556E8FEBB:LeaderElection87: begin an election at term 1 for -1: [0bbc1277-be6f-4bf3-88cf-1c3b12e139ad:192.168.30.10:46701], old=null
2019-09-25 05:52:37,839 [0bbc1277-be6f-4bf3-88cf-1c3b12e139ad@group-EAB65D37406F:LeaderElection107] INFO  impl.RoleInfo (RoleInfo.java:shutdownLeaderElection(134)) - 0bbc1277-be6f-4bf3-88cf-1c3b12e139ad: shutdown LeaderElection
2019-09-25 05:52:37,839 [5be219b2-97fd-4a8c-91ea-b15aa89454d4@group-594F27088C27:LeaderElection85] INFO  impl.LeaderElection (LeaderElection.java:askForVotes(182)) - 5be219b2-97fd-4a8c-91ea-b15aa89454d4@group-594F27088C27:LeaderElection85: begin an election at term 1 for -1: [5be219b2-97fd-4a8c-91ea-b15aa89454d4:192.168.30.10:40625], old=null
2019-09-25 05:52:37,839 [754f3588-47e6-41ad-b34e-eb7041cce070@group-BD472D801032:LeaderElection106] INFO  impl.LeaderElection (LeaderElection.java:askForVotes(182)) - 754f3588-47e6-41ad-b34e-eb7041cce070@group-BD472D801032:LeaderElection106: begin an election at term 1 for -1: [754f3588-47e6-41ad-b34e-eb7041cce070:192.168.30.10:41089], old=null
2019-09-25 05:52:37,843 [5be219b2-97fd-4a8c-91ea-b15aa89454d4@group-594F27088C27:LeaderElection85] INFO  impl.RoleInfo (RoleInfo.java:shutdownLeaderElection(134)) - 5be219b2-97fd-4a8c-91ea-b15aa89454d4: shutdown LeaderElection
2019-09-25 05:52:37,843 [0bbc1277-be6f-4bf3-88cf-1c3b12e139ad@group-EAB65D37406F:LeaderElection107] INFO  impl.RaftServerImpl (RaftServerImpl.java:setRole(174)) - 0bbc1277-be6f-4bf3-88cf-1c3b12e139ad@group-EAB65D37406F: changes role from CANDIDATE to LEADER at term 1 for changeToLeader
2019-09-25 05:52:37,843 [0bbc1277-be6f-4bf3-88cf-1c3b12e139ad@group-257556E8FEBB:LeaderElection87] INFO  impl.RoleInfo (RoleInfo.java:shutdownLeaderElection(134)) - 0bbc1277-be6f-4bf3-88cf-1c3b12e139ad: shutdown LeaderElection
2019-09-25 05:52:37,843 [5be219b2-97fd-4a8c-91ea-b15aa89454d4@group-B56EBFBAB971:LeaderElection104] INFO  impl.RoleInfo (RoleInfo.java:shutdownLeaderElection(134)) - 5be219b2-97fd-4a8c-91ea-b15aa89454d4: shutdown LeaderElection
2019-09-25 05:52:37,843 [754f3588-47e6-41ad-b34e-eb7041cce070@group-68E8BDB01568:LeaderElection99] INFO  impl.RaftServerImpl (ServerState.java:setLeader(253)) - 754f3588-47e6-41ad-b34e-eb7041cce070@group-68E8BDB01568: change Leader from null to 754f3588-47e6-41ad-b34e-eb7041cce070 at term 1 for becomeLeader, leader elected after 6153ms
2019-09-25 05:52:37,844 [754f3588-47e6-41ad-b34e-eb7041cce070@group-68E8BDB01568:LeaderElection99] INFO  server.RaftServerConfigKeys (ConfUtils.java:logGet(43)) - raft.server.staging.catchup.gap = 1000 (default)
2019-09-25 05:52:37,843 [754f3588-47e6-41ad-b34e-eb7041cce070@group-C3114859B4D1:LeaderElection84] INFO  impl.RoleInfo (RoleInfo.java:shutdownLeaderElection(134)) - 754f3588-47e6-41ad-b34e-eb7041cce070: shutdown LeaderElection
2019-09-25 05:52:37,843 [5be219b2-97fd-4a8c-91ea-b15aa89454d4@group-37BCAE1ED488:LeaderElection92] INFO  impl.RaftServerImpl (RaftServerImpl.java:setRole(174)) - 5be219b2-97fd-4a8c-91ea-b15aa89454d4@group-37BCAE1ED488: changes role from CANDIDATE to LEADER at term 1 for changeToLeader
2019-09-25 05:52:37,844 [5be219b2-97fd-4a8c-91ea-b15aa89454d4@group-37BCAE1ED488:LeaderElection92] INFO  impl.RaftServerImpl (ServerState.java:setLeader(253)) - 5be219b2-97fd-4a8c-91ea-b15aa89454d4@group-37BCAE1ED488: change Leader from null to 5be219b2-97fd-4a8c-91ea-b15aa89454d4 at term 1 for becomeLeader, leader elected after 6072ms
2019-09-25 05:52:37,843 [0bbc1277-be6f-4bf3-88cf-1c3b12e139ad@group-98DB549270B5:LeaderElection91] INFO  impl.RaftServerImpl (RaftServerImpl.java:setRole(174)) - 0bbc1277-be6f-4bf3-88cf-1c3b12e139ad@group-98DB549270B5: changes role from CANDIDATE to LEADER at term 1 for changeToLeader
2019-09-25 05:52:37,843 [0bbc1277-be6f-4bf3-88cf-1c3b12e139ad@group-C8E21141DA1D:LeaderElection89] INFO  impl.RaftServerImpl (ServerState.java:setLeader(253)) - 0bbc1277-be6f-4bf3-88cf-1c3b12e139ad@group-C8E21141DA1D: change Leader from null to 0bbc1277-be6f-4bf3-88cf-1c3b12e139ad at term 1 for becomeLeader, leader elected after 6382ms
2019-09-25 05:52:37,842 [5be219b2-97fd-4a8c-91ea-b15aa89454d4@group-0B6C19AFD170:LeaderElection95] INFO  impl.RaftServerImpl (RaftServerImpl.java:setRole(174)) - 5be219b2-97fd-4a8c-91ea-b15aa89454d4@group-0B6C19AFD170: changes role from CANDIDATE to LEADER at term 1 for changeToLeader
2019-09-25 05:52:37,842 [754f3588-47e6-41ad-b34e-eb7041cce070@group-A475441C9D32:LeaderElection94] INFO  impl.RaftServerImpl (ServerState.java:setLeader(253)) - 754f3588-47e6-41ad-b34e-eb7041cce070@group-A475441C9D32: change Leader from null to 754f3588-47e6-41ad-b34e-eb7041cce070 at term 1 for becomeLeader, leader elected after 6810ms
2019-09-25 05:52:37,842 [0bbc1277-be6f-4bf3-88cf-1c3b12e139ad@group-513E1586D88B:LeaderElection102] INFO  impl.RaftServerImpl (RaftServerImpl.java:setRole(174)) - 0bbc1277-be6f-4bf3-88cf-1c3b12e139ad@group-513E1586D88B: changes role from CANDIDATE to LEADER at term 1 for changeToLeader
2019-09-25 05:52:37,842 [754f3588-47e6-41ad-b34e-eb7041cce070@group-C196BB46B7FE:LeaderElection101] INFO  impl.RaftServerImpl (RaftServerImpl.java:setRole(174)) - 754f3588-47e6-41ad-b34e-eb7041cce070@group-C196BB46B7FE: changes role from CANDIDATE to LEADER at term 1 for changeToLeader
2019-09-25 05:52:37,845 [754f3588-47e6-41ad-b34e-eb7041cce070@group-C196BB46B7FE:LeaderElection101] INFO  impl.RaftServerImpl (ServerState.java:setLeader(253)) - 754f3588-47e6-41ad-b34e-eb7041cce070@group-C196BB46B7FE: change Leader from null to 754f3588-47e6-41ad-b34e-eb7041cce070 at term 1 for becomeLeader, leader elected after 5606ms
2019-09-25 05:52:37,842 [0bbc1277-be6f-4bf3-88cf-1c3b12e139ad@group-82B8C547FB12:LeaderElection96] INFO  impl.RaftServerImpl (ServerState.java:setLeader(253)) - 0bbc1277-be6f-4bf3-88cf-1c3b12e139ad@group-82B8C547FB12: change Leader from null to 0bbc1277-be6f-4bf3-88cf-1c3b12e139ad at term 1 for becomeLeader, leader elected after 6471ms
2019-09-25 05:52:37,842 [754f3588-47e6-41ad-b34e-eb7041cce070@group-71DC1F77229B:LeaderElection97] INFO  impl.RaftServerImpl (RaftServerImpl.java:setRole(174)) - 754f3588-47e6-41ad-b34e-eb7041cce070@group-71DC1F77229B: changes role from CANDIDATE to LEADER at term 1 for changeToLeader
2019-09-25 05:52:37,845 [754f3588-47e6-41ad-b34e-eb7041cce070@group-71DC1F77229B:LeaderElection97] INFO  impl.RaftServerImpl (ServerState.java:setLeader(253)) - 754f3588-47e6-41ad-b34e-eb7041cce070@group-71DC1F77229B: change Leader from null to 754f3588-47e6-41ad-b34e-eb7041cce070 at term 1 for becomeLeader, leader elected after 6627ms
2019-09-25 05:52:37,842 [0bbc1277-be6f-4bf3-88cf-1c3b12e139ad@group-0529369CD838:LeaderElection83] INFO  impl.RaftServerImpl (RaftServerImpl.java:setRole(174)) - 0bbc1277-be6f-4bf3-88cf-1c3b12e139ad@group-0529369CD838: changes role from CANDIDATE to LEADER at term 1 for changeToLeader
2019-09-25 05:52:37,842 [5be219b2-97fd-4a8c-91ea-b15aa89454d4@group-955671A74EC5:LeaderElection98] INFO  impl.RaftServerImpl (RaftServerImpl.java:setRole(174)) - 5be219b2-97fd-4a8c-91ea-b15aa89454d4@group-955671A74EC5: changes role from CANDIDATE to LEADER at term 1 for changeToLeader
2019-09-25 05:52:37,841 [754f3588-47e6-41ad-b34e-eb7041cce070@group-4C3D0E1A45D5:LeaderElection105] INFO  impl.RaftServerImpl (RaftServerImpl.java:setRole(174)) - 754f3588-47e6-41ad-b34e-eb7041cce070@group-4C3D0E1A45D5: changes role from CANDIDATE to LEADER at term 1 for changeToLeader
2019-09-25 05:52:37,841 [5be219b2-97fd-4a8c-91ea-b15aa89454d4@group-51FF8E54341D:LeaderElection100] INFO  impl.RaftServerImpl (RaftServerImpl.java:setRole(174)) - 5be219b2-97fd-4a8c-91ea-b15aa89454d4@group-51FF8E54341D: changes role from CANDIDATE to LEADER at term 1 for changeToLeader
2019-09-25 05:52:37,841 [754f3588-47e6-41ad-b34e-eb7041cce070@group-7B431B125DE5:LeaderElection103] INFO  impl.RaftServerImpl (RaftServerImpl.java:setRole(174)) - 754f3588-47e6-41ad-b34e-eb7041cce070@group-7B431B125DE5: changes role from CANDIDATE to LEADER at term 1 for changeToLeader
2019-09-25 05:52:37,846 [754f3588-47e6-41ad-b34e-eb7041cce070@group-7B431B125DE5:LeaderElection103] INFO  impl.RaftServerImpl (ServerState.java:setLeader(253)) - 754f3588-47e6-41ad-b34e-eb7041cce070@group-7B431B125DE5: change Leader from null to 754f3588-47e6-41ad-b34e-eb7041cce070 at term 1 for becomeLeader, leader elected after 5299ms
2019-09-25 05:52:37,841 [5be219b2-97fd-4a8c-91ea-b15aa89454d4@group-463BFAA6248D:LeaderElection90] INFO  impl.RaftServerImpl (RaftServerImpl.java:setRole(174)) - 5be219b2-97fd-4a8c-91ea-b15aa89454d4@group-463BFAA6248D: changes role from CANDIDATE to LEADER at term 1 for changeToLeader
2019-09-25 05:52:37,846 [5be219b2-97fd-4a8c-91ea-b15aa89454d4@group-463BFAA6248D:LeaderElection90] INFO  impl.RaftServerImpl (ServerState.java:setLeader(253)) - 5be219b2-97fd-4a8c-91ea-b15aa89454d4@group-463BFAA6248D: change Leader from null to 5be219b2-97fd-4a8c-91ea-b15aa89454d4 at term 1 for becomeLeader, leader elected after 5945ms
2019-09-25 05:52:37,841 [0bbc1277-be6f-4bf3-88cf-1c3b12e139ad@group-65B12A733142:LeaderElection88] INFO  impl.RaftServerImpl (ServerState.java:setLeader(253)) - 0bbc1277-be6f-4bf3-88cf-1c3b12e139ad@group-65B12A733142: change Leader from null to 0bbc1277-be6f-4bf3-88cf-1c3b12e139ad at term 1 for becomeLeader, leader elected after 6334ms
2019-09-25 05:52:37,846 [0bbc1277-be6f-4bf3-88cf-1c3b12e139ad@group-65B12A733142:LeaderElection88] INFO  server.RaftServerConfigKeys (ConfUtils.java:logGet(43)) - raft.server.staging.catchup.gap = 1000 (default)
2019-09-25 05:52:37,841 [0bbc1277-be6f-4bf3-88cf-1c3b12e139ad@group-12BFCBBA8C97:LeaderElection93] INFO  impl.RaftServerImpl (RaftServerImpl.java:setRole(174)) - 0bbc1277-be6f-4bf3-88cf-1c3b12e139ad@group-12BFCBBA8C97: changes role from CANDIDATE to LEADER at term 1 for changeToLeader
2019-09-25 05:52:37,841 [5be219b2-97fd-4a8c-91ea-b15aa89454d4@group-43352AA4234F:LeaderElection86] INFO  impl.RoleInfo (RoleInfo.java:shutdownLeaderElection(134)) - 5be219b2-97fd-4a8c-91ea-b15aa89454d4: shutdown LeaderElection
2019-09-25 05:52:37,846 [0bbc1277-be6f-4bf3-88cf-1c3b12e139ad@group-12BFCBBA8C97:LeaderElection93] INFO  impl.RaftServerImpl (ServerState.java:setLeader(253)) - 0bbc1277-be6f-4bf3-88cf-1c3b12e139ad@group-12BFCBBA8C97: change Leader from null to 0bbc1277-be6f-4bf3-88cf-1c3b12e139ad at term 1 for becomeLeader, leader elected after 6714ms
2019-09-25 05:52:37,846 [0bbc1277-be6f-4bf3-88cf-1c3b12e139ad@group-65B12A733142:LeaderElection88] INFO  server.RaftServerConfigKeys (ConfUtils.java:logGet(43)) - raft.server.rpc.sleep.time = 25ms (default)
2019-09-25 05:52:37,846 [5be219b2-97fd-4a8c-91ea-b15aa89454d4@group-463BFAA6248D:LeaderElection90] INFO  server.RaftServerConfigKeys (ConfUtils.java:logGet(43)) - raft.server.staging.catchup.gap = 1000 (default)
2019-09-25 05:52:37,846 [754f3588-47e6-41ad-b34e-eb7041cce070@group-7B431B125DE5:LeaderElection103] INFO  server.RaftServerConfigKeys (ConfUtils.java:logGet(43)) - raft.server.staging.catchup.gap = 1000 (default)
2019-09-25 05:52:37,847 [754f3588-47e6-41ad-b34e-eb7041cce070@group-7B431B125DE5:LeaderElection103] INFO  server.RaftServerConfigKeys (ConfUtils.java:logGet(43)) - raft.server.rpc.sleep.time = 25ms (default)
2019-09-25 05:52:37,846 [5be219b2-97fd-4a8c-91ea-b15aa89454d4@group-51FF8E54341D:LeaderElection100] INFO  impl.RaftServerImpl (ServerState.java:setLeader(253)) - 5be219b2-97fd-4a8c-91ea-b15aa89454d4@group-51FF8E54341D: change Leader from null to 5be219b2-97fd-4a8c-91ea-b15aa89454d4 at term 1 for becomeLeader, leader elected after 6010ms
2019-09-25 05:52:37,846 [754f3588-47e6-41ad-b34e-eb7041cce070@group-4C3D0E1A45D5:LeaderElection105] INFO  impl.RaftServerImpl (ServerState.java:setLeader(253)) - 754f3588-47e6-41ad-b34e-eb7041cce070@group-4C3D0E1A45D5: change Leader from null to 754f3588-47e6-41ad-b34e-eb7041cce070 at term 1 for becomeLeader, leader elected after 5646ms
2019-09-25 05:52:37,846 [5be219b2-97fd-4a8c-91ea-b15aa89454d4@group-955671A74EC5:LeaderElection98] INFO  impl.RaftServerImpl (ServerState.java:setLeader(253)) - 5be219b2-97fd-4a8c-91ea-b15aa89454d4@group-955671A74EC5: change Leader from null to 5be219b2-97fd-4a8c-91ea-b15aa89454d4 at term 1 for becomeLeader, leader elected after 5564ms
2019-09-25 05:52:37,845 [0bbc1277-be6f-4bf3-88cf-1c3b12e139ad@group-0529369CD838:LeaderElection83] INFO  impl.RaftServerImpl (ServerState.java:setLeader(253)) - 0bbc1277-be6f-4bf3-88cf-1c3b12e139ad@group-0529369CD838: change Leader from null to 0bbc1277-be6f-4bf3-88cf-1c3b12e139ad at term 1 for becomeLeader, leader elected after 6256ms
2019-09-25 05:52:37,845 [754f3588-47e6-41ad-b34e-eb7041cce070@group-71DC1F77229B:LeaderElection97] INFO  server.RaftServerConfigKeys (ConfUtils.java:logGet(43)) - raft.server.staging.catchup.gap = 1000 (default)
2019-09-25 05:52:37,845 [0bbc1277-be6f-4bf3-88cf-1c3b12e139ad@group-82B8C547FB12:LeaderElection96] INFO  server.RaftServerConfigKeys (ConfUtils.java:logGet(43)) - raft.server.staging.catchup.gap = 1000 (default)
2019-09-25 05:52:37,848 [0bbc1277-be6f-4bf3-88cf-1c3b12e139ad@group-82B8C547FB12:LeaderElection96] INFO  server.RaftServerConfigKeys (ConfUtils.java:logGet(43)) - raft.server.rpc.sleep.time = 25ms (default)
2019-09-25 05:52:37,845 [754f3588-47e6-41ad-b34e-eb7041cce070@group-C196BB46B7FE:LeaderElection101] INFO  server.RaftServerConfigKeys (ConfUtils.java:logGet(43)) - raft.server.staging.catchup.gap = 1000 (default)
2019-09-25 05:52:37,845 [0bbc1277-be6f-4bf3-88cf-1c3b12e139ad@group-513E1586D88B:LeaderElection102] INFO  impl.RaftServerImpl (ServerState.java:setLeader(253)) - 0bbc1277-be6f-4bf3-88cf-1c3b12e139ad@group-513E1586D88B: change Leader from null to 0bbc1277-be6f-4bf3-88cf-1c3b12e139ad at term 1 for becomeLeader, leader elected after 5836ms
2019-09-25 05:52:37,845 [754f3588-47e6-41ad-b34e-eb7041cce070@group-A475441C9D32:LeaderElection94] INFO  server.RaftServerConfigKeys (ConfUtils.java:logGet(43)) - raft.server.staging.catchup.gap = 1000 (default)
2019-09-25 05:52:37,845 [5be219b2-97fd-4a8c-91ea-b15aa89454d4@group-0B6C19AFD170:LeaderElection95] INFO  impl.RaftServerImpl (ServerState.java:setLeader(253)) - 5be219b2-97fd-4a8c-91ea-b15aa89454d4@group-0B6C19AFD170: change Leader from null to 5be219b2-97fd-4a8c-91ea-b15aa89454d4 at term 1 for becomeLeader, leader elected after 6583ms
2019-09-25 05:52:37,845 [0bbc1277-be6f-4bf3-88cf-1c3b12e139ad@group-C8E21141DA1D:LeaderElection89] INFO  server.RaftServerConfigKeys (ConfUtils.java:logGet(43)) - raft.server.staging.catchup.gap = 1000 (default)
2019-09-25 05:52:37,844 [0bbc1277-be6f-4bf3-88cf-1c3b12e139ad@group-98DB549270B5:LeaderElection91] INFO  impl.RaftServerImpl (ServerState.java:setLeader(253)) - 0bbc1277-be6f-4bf3-88cf-1c3b12e139ad@group-98DB549270B5: change Leader from null to 0bbc1277-be6f-4bf3-88cf-1c3b12e139ad at term 1 for becomeLeader, leader elected after 5877ms
2019-09-25 05:52:37,849 [0bbc1277-be6f-4bf3-88cf-1c3b12e139ad@group-98DB549270B5:LeaderElection91] INFO  server.RaftServerConfigKeys (ConfUtils.java:logGet(43)) - raft.server.staging.catchup.gap = 1000 (default)
2019-09-25 05:52:37,849 [0bbc1277-be6f-4bf3-88cf-1c3b12e139ad@group-98DB549270B5:LeaderElection91] INFO  server.RaftServerConfigKeys (ConfUtils.java:logGet(43)) - raft.server.rpc.sleep.time = 25ms (default)
2019-09-25 05:52:37,844 [5be219b2-97fd-4a8c-91ea-b15aa89454d4@group-37BCAE1ED488:LeaderElection92] INFO  server.RaftServerConfigKeys (ConfUtils.java:logGet(43)) - raft.server.staging.catchup.gap = 1000 (default)
2019-09-25 05:52:37,844 [754f3588-47e6-41ad-b34e-eb7041cce070@group-C3114859B4D1:LeaderElection84] INFO  impl.RaftServerImpl (RaftServerImpl.java:setRole(174)) - 754f3588-47e6-41ad-b34e-eb7041cce070@group-C3114859B4D1: changes role from CANDIDATE to LEADER at term 1 for changeToLeader
2019-09-25 05:52:37,844 [754f3588-47e6-41ad-b34e-eb7041cce070@group-68E8BDB01568:LeaderElection99] INFO  server.RaftServerConfigKeys (ConfUtils.java:logGet(43)) - raft.server.rpc.sleep.time = 25ms (default)
2019-09-25 05:52:37,844 [5be219b2-97fd-4a8c-91ea-b15aa89454d4@group-B56EBFBAB971:LeaderElection104] INFO  impl.RaftServerImpl (RaftServerImpl.java:setRole(174)) - 5be219b2-97fd-4a8c-91ea-b15aa89454d4@group-B56EBFBAB971: changes role from CANDIDATE to LEADER at term 1 for changeToLeader
2019-09-25 05:52:37,844 [0bbc1277-be6f-4bf3-88cf-1c3b12e139ad@group-257556E8FEBB:LeaderElection87] INFO  impl.RaftServerImpl (RaftServerImpl.java:setRole(174)) - 0bbc1277-be6f-4bf3-88cf-1c3b12e139ad@group-257556E8FEBB: changes role from CANDIDATE to LEADER at term 1 for changeToLeader
2019-09-25 05:52:37,844 [0bbc1277-be6f-4bf3-88cf-1c3b12e139ad@group-EAB65D37406F:LeaderElection107] INFO  impl.RaftServerImpl (ServerState.java:setLeader(253)) - 0bbc1277-be6f-4bf3-88cf-1c3b12e139ad@group-EAB65D37406F: change Leader from null to 0bbc1277-be6f-4bf3-88cf-1c3b12e139ad at term 1 for becomeLeader, leader elected after 5686ms
2019-09-25 05:52:37,844 [5be219b2-97fd-4a8c-91ea-b15aa89454d4@group-594F27088C27:LeaderElection85] INFO  impl.RaftServerImpl (RaftServerImpl.java:setRole(174)) - 5be219b2-97fd-4a8c-91ea-b15aa89454d4@group-594F27088C27: changes role from CANDIDATE to LEADER at term 1 for changeToLeader
2019-09-25 05:52:37,843 [754f3588-47e6-41ad-b34e-eb7041cce070@group-BD472D801032:LeaderElection106] INFO  impl.RoleInfo (RoleInfo.java:shutdownLeaderElection(134)) - 754f3588-47e6-41ad-b34e-eb7041cce070: shutdown LeaderElection
2019-09-25 05:52:37,850 [5be219b2-97fd-4a8c-91ea-b15aa89454d4@group-594F27088C27:LeaderElection85] INFO  impl.RaftServerImpl (ServerState.java:setLeader(253)) - 5be219b2-97fd-4a8c-91ea-b15aa89454d4@group-594F27088C27: change Leader from null to 5be219b2-97fd-4a8c-91ea-b15aa89454d4 at term 1 for becomeLeader, leader elected after 6116ms
2019-09-25 05:52:37,850 [0bbc1277-be6f-4bf3-88cf-1c3b12e139ad@group-EAB65D37406F:LeaderElection107] INFO  server.RaftServerConfigKeys (ConfUtils.java:logGet(43)) - raft.server.staging.catchup.gap = 1000 (default)
2019-09-25 05:52:37,850 [0bbc1277-be6f-4bf3-88cf-1c3b12e139ad@group-257556E8FEBB:LeaderElection87] INFO  impl.RaftServerImpl (ServerState.java:setLeader(253)) - 0bbc1277-be6f-4bf3-88cf-1c3b12e139ad@group-257556E8FEBB: change Leader from null to 0bbc1277-be6f-4bf3-88cf-1c3b12e139ad at term 1 for becomeLeader, leader elected after 6436ms
2019-09-25 05:52:37,849 [5be219b2-97fd-4a8c-91ea-b15aa89454d4@group-B56EBFBAB971:LeaderElection104] INFO  impl.RaftServerImpl (ServerState.java:setLeader(253)) - 5be219b2-97fd-4a8c-91ea-b15aa89454d4@group-B56EBFBAB971: change Leader from null to 5be219b2-97fd-4a8c-91ea-b15aa89454d4 at term 1 for becomeLeader, leader elected after 5348ms
2019-09-25 05:52:37,849 [754f3588-47e6-41ad-b34e-eb7041cce070@group-C3114859B4D1:LeaderElection84] INFO  impl.RaftServerImpl (ServerState.java:setLeader(253)) - 754f3588-47e6-41ad-b34e-eb7041cce070@group-C3114859B4D1: change Leader from null to 754f3588-47e6-41ad-b34e-eb7041cce070 at term 1 for becomeLeader, leader elected after 6208ms
2019-09-25 05:52:37,849 [5be219b2-97fd-4a8c-91ea-b15aa89454d4@group-37BCAE1ED488:LeaderElection92] INFO  server.RaftServerConfigKeys (ConfUtils.java:logGet(43)) - raft.server.rpc.sleep.time = 25ms (default)
2019-09-25 05:52:37,849 [0bbc1277-be6f-4bf3-88cf-1c3b12e139ad@group-C8E21141DA1D:LeaderElection89] INFO  server.RaftServerConfigKeys (ConfUtils.java:logGet(43)) - raft.server.rpc.sleep.time = 25ms (default)
2019-09-25 05:52:37,849 [5be219b2-97fd-4a8c-91ea-b15aa89454d4@group-0B6C19AFD170:LeaderElection95] INFO  server.RaftServerConfigKeys (ConfUtils.java:logGet(43)) - raft.server.staging.catchup.gap = 1000 (default)
2019-09-25 05:52:37,848 [754f3588-47e6-41ad-b34e-eb7041cce070@group-A475441C9D32:LeaderElection94] INFO  server.RaftServerConfigKeys (ConfUtils.java:logGet(43)) - raft.server.rpc.sleep.time = 25ms (default)
2019-09-25 05:52:37,848 [0bbc1277-be6f-4bf3-88cf-1c3b12e139ad@group-513E1586D88B:LeaderElection102] INFO  server.RaftServerConfigKeys (ConfUtils.java:logGet(43)) - raft.server.staging.catchup.gap = 1000 (default)
2019-09-25 05:52:37,848 [754f3588-47e6-41ad-b34e-eb7041cce070@group-C196BB46B7FE:LeaderElection101] INFO  server.RaftServerConfigKeys (ConfUtils.java:logGet(43)) - raft.server.rpc.sleep.time = 25ms (default)
2019-09-25 05:52:37,848 [754f3588-47e6-41ad-b34e-eb7041cce070@group-71DC1F77229B:LeaderElection97] INFO  server.RaftServerConfigKeys (ConfUtils.java:logGet(43)) - raft.server.rpc.sleep.time = 25ms (default)
2019-09-25 05:52:37,848 [0bbc1277-be6f-4bf3-88cf-1c3b12e139ad@group-0529369CD838:LeaderElection83] INFO  server.RaftServerConfigKeys (ConfUtils.java:logGet(43)) - raft.server.staging.catchup.gap = 1000 (default)
2019-09-25 05:52:37,848 [5be219b2-97fd-4a8c-91ea-b15aa89454d4@group-955671A74EC5:LeaderElection98] INFO  server.RaftServerConfigKeys (ConfUtils.java:logGet(43)) - raft.server.staging.catchup.gap = 1000 (default)
2019-09-25 05:52:37,851 [5be219b2-97fd-4a8c-91ea-b15aa89454d4@group-955671A74EC5:LeaderElection98] INFO  server.RaftServerConfigKeys (ConfUtils.java:logGet(43)) - raft.server.rpc.sleep.time = 25ms (default)
2019-09-25 05:52:37,847 [754f3588-47e6-41ad-b34e-eb7041cce070@group-4C3D0E1A45D5:LeaderElection105] INFO  server.RaftServerConfigKeys (ConfUtils.java:logGet(43)) - raft.server.staging.catchup.gap = 1000 (default)
2019-09-25 05:52:37,847 [5be219b2-97fd-4a8c-91ea-b15aa89454d4@group-51FF8E54341D:LeaderElection100] INFO  server.RaftServerConfigKeys (ConfUtils.java:logGet(43)) - raft.server.staging.catchup.gap = 1000 (default)
2019-09-25 05:52:37,847 [5be219b2-97fd-4a8c-91ea-b15aa89454d4@group-463BFAA6248D:LeaderElection90] INFO  server.RaftServerConfigKeys (ConfUtils.java:logGet(43)) - raft.server.rpc.sleep.time = 25ms (default)
2019-09-25 05:52:37,847 [0bbc1277-be6f-4bf3-88cf-1c3b12e139ad@group-12BFCBBA8C97:LeaderElection93] INFO  server.RaftServerConfigKeys (ConfUtils.java:logGet(43)) - raft.server.staging.catchup.gap = 1000 (default)
2019-09-25 05:52:37,847 [5be219b2-97fd-4a8c-91ea-b15aa89454d4@group-43352AA4234F:LeaderElection86] INFO  impl.RaftServerImpl (RaftServerImpl.java:setRole(174)) - 5be219b2-97fd-4a8c-91ea-b15aa89454d4@group-43352AA4234F: changes role from CANDIDATE to LEADER at term 1 for changeToLeader
2019-09-25 05:52:37,852 [0bbc1277-be6f-4bf3-88cf-1c3b12e139ad@group-12BFCBBA8C97:LeaderElection93] INFO  server.RaftServerConfigKeys (ConfUtils.java:logGet(43)) - raft.server.rpc.sleep.time = 25ms (default)
2019-09-25 05:52:37,852 [5be219b2-97fd-4a8c-91ea-b15aa89454d4@group-51FF8E54341D:LeaderElection100] INFO  server.RaftServerConfigKeys (ConfUtils.java:logGet(43)) - raft.server.rpc.sleep.time = 25ms (default)
2019-09-25 05:52:37,852 [754f3588-47e6-41ad-b34e-eb7041cce070@group-4C3D0E1A45D5:LeaderElection105] INFO  server.RaftServerConfigKeys (ConfUtils.java:logGet(43)) - raft.server.rpc.sleep.time = 25ms (default)
2019-09-25 05:52:37,851 [0bbc1277-be6f-4bf3-88cf-1c3b12e139ad@group-0529369CD838:LeaderElection83] INFO  server.RaftServerConfigKeys (ConfUtils.java:logGet(43)) - raft.server.rpc.sleep.time = 25ms (default)
2019-09-25 05:52:37,851 [0bbc1277-be6f-4bf3-88cf-1c3b12e139ad@group-513E1586D88B:LeaderElection102] INFO  server.RaftServerConfigKeys (ConfUtils.java:logGet(43)) - raft.server.rpc.sleep.time = 25ms (default)
2019-09-25 05:52:37,851 [5be219b2-97fd-4a8c-91ea-b15aa89454d4@group-0B6C19AFD170:LeaderElection95] INFO  server.RaftServerConfigKeys (ConfUtils.java:logGet(43)) - raft.server.rpc.sleep.time = 25ms (default)
2019-09-25 05:52:37,850 [754f3588-47e6-41ad-b34e-eb7041cce070@group-C3114859B4D1:LeaderElection84] INFO  server.RaftServerConfigKeys (ConfUtils.java:logGet(43)) - raft.server.staging.catchup.gap = 1000 (default)
2019-09-25 05:52:37,850 [5be219b2-97fd-4a8c-91ea-b15aa89454d4@group-B56EBFBAB971:LeaderElection104] INFO  server.RaftServerConfigKeys (ConfUtils.java:logGet(43)) - raft.server.staging.catchup.gap = 1000 (default)
2019-09-25 05:52:37,850 [0bbc1277-be6f-4bf3-88cf-1c3b12e139ad@group-257556E8FEBB:LeaderElection87] INFO  server.RaftServerConfigKeys (ConfUtils.java:logGet(43)) - raft.server.staging.catchup.gap = 1000 (default)
2019-09-25 05:52:37,853 [0bbc1277-be6f-4bf3-88cf-1c3b12e139ad@group-257556E8FEBB:LeaderElection87] INFO  server.RaftServerConfigKeys (ConfUtils.java:logGet(43)) - raft.server.rpc.sleep.time = 25ms (default)
2019-09-25 05:52:37,850 [0bbc1277-be6f-4bf3-88cf-1c3b12e139ad@group-EAB65D37406F:LeaderElection107] INFO  server.RaftServerConfigKeys (ConfUtils.java:logGet(43)) - raft.server.rpc.sleep.time = 25ms (default)
2019-09-25 05:52:37,850 [5be219b2-97fd-4a8c-91ea-b15aa89454d4@group-594F27088C27:LeaderElection85] INFO  server.RaftServerConfigKeys (ConfUtils.java:logGet(43)) - raft.server.staging.catchup.gap = 1000 (default)
2019-09-25 05:52:37,850 [754f3588-47e6-41ad-b34e-eb7041cce070@group-BD472D801032:LeaderElection106] INFO  impl.RaftServerImpl (RaftServerImpl.java:setRole(174)) - 754f3588-47e6-41ad-b34e-eb7041cce070@group-BD472D801032: changes role from CANDIDATE to LEADER at term 1 for changeToLeader
2019-09-25 05:52:37,853 [5be219b2-97fd-4a8c-91ea-b15aa89454d4@group-594F27088C27:LeaderElection85] INFO  server.RaftServerConfigKeys (ConfUtils.java:logGet(43)) - raft.server.rpc.sleep.time = 25ms (default)
2019-09-25 05:52:37,853 [5be219b2-97fd-4a8c-91ea-b15aa89454d4@group-B56EBFBAB971:LeaderElection104] INFO  server.RaftServerConfigKeys (ConfUtils.java:logGet(43)) - raft.server.rpc.sleep.time = 25ms (default)
2019-09-25 05:52:37,853 [754f3588-47e6-41ad-b34e-eb7041cce070@group-C3114859B4D1:LeaderElection84] INFO  server.RaftServerConfigKeys (ConfUtils.java:logGet(43)) - raft.server.rpc.sleep.time = 25ms (default)
2019-09-25 05:52:37,852 [5be219b2-97fd-4a8c-91ea-b15aa89454d4@group-43352AA4234F:LeaderElection86] INFO  impl.RaftServerImpl (ServerState.java:setLeader(253)) - 5be219b2-97fd-4a8c-91ea-b15aa89454d4@group-43352AA4234F: change Leader from null to 5be219b2-97fd-4a8c-91ea-b15aa89454d4 at term 1 for becomeLeader, leader elected after 6552ms
2019-09-25 05:52:37,853 [754f3588-47e6-41ad-b34e-eb7041cce070@group-BD472D801032:LeaderElection106] INFO  impl.RaftServerImpl (ServerState.java:setLeader(253)) - 754f3588-47e6-41ad-b34e-eb7041cce070@group-BD472D801032: change Leader from null to 754f3588-47e6-41ad-b34e-eb7041cce070 at term 1 for becomeLeader, leader elected after 5780ms
2019-09-25 05:52:37,854 [5be219b2-97fd-4a8c-91ea-b15aa89454d4@group-43352AA4234F:LeaderElection86] INFO  server.RaftServerConfigKeys (ConfUtils.java:logGet(43)) - raft.server.staging.catchup.gap = 1000 (default)
2019-09-25 05:52:37,854 [754f3588-47e6-41ad-b34e-eb7041cce070@group-BD472D801032:LeaderElection106] INFO  server.RaftServerConfigKeys (ConfUtils.java:logGet(43)) - raft.server.staging.catchup.gap = 1000 (default)
2019-09-25 05:52:37,854 [5be219b2-97fd-4a8c-91ea-b15aa89454d4@group-43352AA4234F:LeaderElection86] INFO  server.RaftServerConfigKeys (ConfUtils.java:logGet(43)) - raft.server.rpc.sleep.time = 25ms (default)
2019-09-25 05:52:37,854 [754f3588-47e6-41ad-b34e-eb7041cce070@group-BD472D801032:LeaderElection106] INFO  server.RaftServerConfigKeys (ConfUtils.java:logGet(43)) - raft.server.rpc.sleep.time = 25ms (default)
2019-09-25 05:52:37,856 [754f3588-47e6-41ad-b34e-eb7041cce070@group-BD472D801032:LeaderElection106] INFO  server.RaftServerConfigKeys (ConfUtils.java:logGet(43)) - raft.server.write.element-limit = 4096 (default)
2019-09-25 05:52:37,856 [5be219b2-97fd-4a8c-91ea-b15aa89454d4@group-B56EBFBAB971:LeaderElection104] INFO  server.RaftServerConfigKeys (ConfUtils.java:logGet(43)) - raft.server.write.element-limit = 4096 (default)
2019-09-25 05:52:37,856 [5be219b2-97fd-4a8c-91ea-b15aa89454d4@group-51FF8E54341D:LeaderElection100] INFO  server.RaftServerConfigKeys (ConfUtils.java:logGet(43)) - raft.server.write.element-limit = 4096 (default)
2019-09-25 05:52:37,856 [754f3588-47e6-41ad-b34e-eb7041cce070@group-A475441C9D32:LeaderElection94] INFO  server.RaftServerConfigKeys (ConfUtils.java:logGet(43)) - raft.server.write.element-limit = 4096 (default)
2019-09-25 05:52:37,856 [0bbc1277-be6f-4bf3-88cf-1c3b12e139ad@group-65B12A733142:LeaderElection88] INFO  server.RaftServerConfigKeys (ConfUtils.java:logGet(43)) - raft.server.write.element-limit = 4096 (default)
2019-09-25 05:52:37,856 [0bbc1277-be6f-4bf3-88cf-1c3b12e139ad@group-82B8C547FB12:LeaderElection96] INFO  server.RaftServerConfigKeys (ConfUtils.java:logGet(43)) - raft.server.write.element-limit = 4096 (default)
2019-09-25 05:52:37,856 [5be219b2-97fd-4a8c-91ea-b15aa89454d4@group-51FF8E54341D:LeaderElection100] INFO  server.RaftServerConfigKeys (ConfUtils.java:logGet(43)) - raft.server.watch.timeout = 10s (default)
2019-09-25 05:52:37,856 [0bbc1277-be6f-4bf3-88cf-1c3b12e139ad@group-98DB549270B5:LeaderElection91] INFO  server.RaftServerConfigKeys (ConfUtils.java:logGet(43)) - raft.server.write.element-limit = 4096 (default)
2019-09-25 05:52:37,856 [5be219b2-97fd-4a8c-91ea-b15aa89454d4@group-37BCAE1ED488:LeaderElection92] INFO  server.RaftServerConfigKeys (ConfUtils.java:logGet(43)) - raft.server.write.element-limit = 4096 (default)
2019-09-25 05:52:37,856 [754f3588-47e6-41ad-b34e-eb7041cce070@group-68E8BDB01568:LeaderElection99] INFO  server.RaftServerConfigKeys (ConfUtils.java:logGet(43)) - raft.server.write.element-limit = 4096 (default)
2019-09-25 05:52:37,856 [0bbc1277-be6f-4bf3-88cf-1c3b12e139ad@group-C8E21141DA1D:LeaderElection89] INFO  server.RaftServerConfigKeys (ConfUtils.java:logGet(43)) - raft.server.write.element-limit = 4096 (default)
2019-09-25 05:52:37,856 [754f3588-47e6-41ad-b34e-eb7041cce070@group-C196BB46B7FE:LeaderElection101] INFO  server.RaftServerConfigKeys (ConfUtils.java:logGet(43)) - raft.server.write.element-limit = 4096 (default)
2019-09-25 05:52:37,856 [5be219b2-97fd-4a8c-91ea-b15aa89454d4@group-955671A74EC5:LeaderElection98] INFO  server.RaftServerConfigKeys (ConfUtils.java:logGet(43)) - raft.server.write.element-limit = 4096 (default)
2019-09-25 05:52:37,856 [754f3588-47e6-41ad-b34e-eb7041cce070@group-71DC1F77229B:LeaderElection97] INFO  server.RaftServerConfigKeys (ConfUtils.java:logGet(43)) - raft.server.write.element-limit = 4096 (default)
2019-09-25 05:52:37,856 [5be219b2-97fd-4a8c-91ea-b15aa89454d4@group-B56EBFBAB971:LeaderElection104] INFO  server.RaftServerConfigKeys (ConfUtils.java:logGet(43)) - raft.server.watch.timeout = 10s (default)
2019-09-25 05:52:37,856 [754f3588-47e6-41ad-b34e-eb7041cce070@group-4C3D0E1A45D5:LeaderElection105] INFO  server.RaftServerConfigKeys (ConfUtils.java:logGet(43)) - raft.server.write.element-limit = 4096 (default)
2019-09-25 05:52:37,856 [5be219b2-97fd-4a8c-91ea-b15aa89454d4@group-463BFAA6248D:LeaderElection90] INFO  server.RaftServerConfigKeys (ConfUtils.java:logGet(43)) - raft.server.write.element-limit = 4096 (default)
2019-09-25 05:52:37,856 [0bbc1277-be6f-4bf3-88cf-1c3b12e139ad@group-12BFCBBA8C97:LeaderElection93] INFO  server.RaftServerConfigKeys (ConfUtils.java:logGet(43)) - raft.server.write.element-limit = 4096 (default)
2019-09-25 05:52:37,858 [0bbc1277-be6f-4bf3-88cf-1c3b12e139ad@group-12BFCBBA8C97:LeaderElection93] INFO  server.RaftServerConfigKeys (ConfUtils.java:logGet(43)) - raft.server.watch.timeout = 10s (default)
2019-09-25 05:52:37,856 [0bbc1277-be6f-4bf3-88cf-1c3b12e139ad@group-513E1586D88B:LeaderElection102] INFO  server.RaftServerConfigKeys (ConfUtils.java:logGet(43)) - raft.server.write.element-limit = 4096 (default)
2019-09-25 05:52:37,856 [0bbc1277-be6f-4bf3-88cf-1c3b12e139ad@group-0529369CD838:LeaderElection83] INFO  server.RaftServerConfigKeys (ConfUtils.java:logGet(43)) - raft.server.write.element-limit = 4096 (default)
2019-09-25 05:52:37,856 [5be219b2-97fd-4a8c-91ea-b15aa89454d4@group-0B6C19AFD170:LeaderElection95] INFO  server.RaftServerConfigKeys (ConfUtils.java:logGet(43)) - raft.server.write.element-limit = 4096 (default)
2019-09-25 05:52:37,856 [5be219b2-97fd-4a8c-91ea-b15aa89454d4@group-594F27088C27:LeaderElection85] INFO  server.RaftServerConfigKeys (ConfUtils.java:logGet(43)) - raft.server.write.element-limit = 4096 (default)
2019-09-25 05:52:37,856 [0bbc1277-be6f-4bf3-88cf-1c3b12e139ad@group-EAB65D37406F:LeaderElection107] INFO  server.RaftServerConfigKeys (ConfUtils.java:logGet(43)) - raft.server.write.element-limit = 4096 (default)
2019-09-25 05:52:37,856 [754f3588-47e6-41ad-b34e-eb7041cce070@group-BD472D801032:LeaderElection106] INFO  server.RaftServerConfigKeys (ConfUtils.java:logGet(43)) - raft.server.watch.timeout = 10s (default)
2019-09-25 05:52:37,856 [0bbc1277-be6f-4bf3-88cf-1c3b12e139ad@group-257556E8FEBB:LeaderElection87] INFO  server.RaftServerConfigKeys (ConfUtils.java:logGet(43)) - raft.server.write.element-limit = 4096 (default)
2019-09-25 05:52:37,856 [754f3588-47e6-41ad-b34e-eb7041cce070@group-C3114859B4D1:LeaderElection84] INFO  server.RaftServerConfigKeys (ConfUtils.java:logGet(43)) - raft.server.write.element-limit = 4096 (default)
2019-09-25 05:52:37,856 [5be219b2-97fd-4a8c-91ea-b15aa89454d4@group-43352AA4234F:LeaderElection86] INFO  server.RaftServerConfigKeys (ConfUtils.java:logGet(43)) - raft.server.write.element-limit = 4096 (default)
2019-09-25 05:52:37,859 [754f3588-47e6-41ad-b34e-eb7041cce070@group-C3114859B4D1:LeaderElection84] INFO  server.RaftServerConfigKeys (ConfUtils.java:logGet(43)) - raft.server.watch.timeout = 10s (default)
2019-09-25 05:52:37,859 [0bbc1277-be6f-4bf3-88cf-1c3b12e139ad@group-257556E8FEBB:LeaderElection87] INFO  server.RaftServerConfigKeys (ConfUtils.java:logGet(43)) - raft.server.watch.timeout = 10s (default)
2019-09-25 05:52:37,858 [754f3588-47e6-41ad-b34e-eb7041cce070@group-BD472D801032:LeaderElection106] INFO  server.RaftServerConfigKeys (ConfUtils.java:logGet(43)) - raft.server.watch.timeout.denomination = 1s (default)
2019-09-25 05:52:37,858 [0bbc1277-be6f-4bf3-88cf-1c3b12e139ad@group-EAB65D37406F:LeaderElection107] INFO  server.RaftServerConfigKeys (ConfUtils.java:logGet(43)) - raft.server.watch.timeout = 10s (default)
2019-09-25 05:52:37,858 [5be219b2-97fd-4a8c-91ea-b15aa89454d4@group-594F27088C27:LeaderElection85] INFO  server.RaftServerConfigKeys (ConfUtils.java:logGet(43)) - raft.server.watch.timeout = 10s (default)
2019-09-25 05:52:37,858 [5be219b2-97fd-4a8c-91ea-b15aa89454d4@group-0B6C19AFD170:LeaderElection95] INFO  server.RaftServerConfigKeys (ConfUtils.java:logGet(43)) - raft.server.watch.timeout = 10s (default)
2019-09-25 05:52:37,858 [0bbc1277-be6f-4bf3-88cf-1c3b12e139ad@group-0529369CD838:LeaderElection83] INFO  server.RaftServerConfigKeys (ConfUtils.java:logGet(43)) - raft.server.watch.timeout = 10s (default)
2019-09-25 05:52:37,858 [0bbc1277-be6f-4bf3-88cf-1c3b12e139ad@group-513E1586D88B:LeaderElection102] INFO  server.RaftServerConfigKeys (ConfUtils.java:logGet(43)) - raft.server.watch.timeout = 10s (default)
2019-09-25 05:52:37,858 [0bbc1277-be6f-4bf3-88cf-1c3b12e139ad@group-12BFCBBA8C97:LeaderElection93] INFO  server.RaftServerConfigKeys (ConfUtils.java:logGet(43)) - raft.server.watch.timeout.denomination = 1s (default)
2019-09-25 05:52:37,858 [5be219b2-97fd-4a8c-91ea-b15aa89454d4@group-463BFAA6248D:LeaderElection90] INFO  server.RaftServerConfigKeys (ConfUtils.java:logGet(43)) - raft.server.watch.timeout = 10s (default)
2019-09-25 05:52:37,858 [754f3588-47e6-41ad-b34e-eb7041cce070@group-4C3D0E1A45D5:LeaderElection105] INFO  server.RaftServerConfigKeys (ConfUtils.java:logGet(43)) - raft.server.watch.timeout = 10s (default)
2019-09-25 05:52:37,857 [5be219b2-97fd-4a8c-91ea-b15aa89454d4@group-B56EBFBAB971:LeaderElection104] INFO  server.RaftServerConfigKeys (ConfUtils.java:logGet(43)) - raft.server.watch.timeout.denomination = 1s (default)
2019-09-25 05:52:37,857 [754f3588-47e6-41ad-b34e-eb7041cce070@group-71DC1F77229B:LeaderElection97] INFO  server.RaftServerConfigKeys (ConfUtils.java:logGet(43)) - raft.server.watch.timeout = 10s (default)
2019-09-25 05:52:37,857 [5be219b2-97fd-4a8c-91ea-b15aa89454d4@group-955671A74EC5:LeaderElection98] INFO  server.RaftServerConfigKeys (ConfUtils.java:logGet(43)) - raft.server.watch.timeout = 10s (default)
2019-09-25 05:52:37,857 [754f3588-47e6-41ad-b34e-eb7041cce070@group-C196BB46B7FE:LeaderElection101] INFO  server.RaftServerConfigKeys (ConfUtils.java:logGet(43)) - raft.server.watch.timeout = 10s (default)
2019-09-25 05:52:37,857 [0bbc1277-be6f-4bf3-88cf-1c3b12e139ad@group-C8E21141DA1D:LeaderElection89] INFO  server.RaftServerConfigKeys (ConfUtils.java:logGet(43)) - raft.server.watch.timeout = 10s (default)
2019-09-25 05:52:37,861 [0bbc1277-be6f-4bf3-88cf-1c3b12e139ad@group-C8E21141DA1D:LeaderElection89] INFO  server.RaftServerConfigKeys (ConfUtils.java:logGet(43)) - raft.server.watch.timeout.denomination = 1s (default)
2019-09-25 05:52:37,857 [754f3588-47e6-41ad-b34e-eb7041cce070@group-68E8BDB01568:LeaderElection99] INFO  server.RaftServerConfigKeys (ConfUtils.java:logGet(43)) - raft.server.watch.timeout = 10s (default)
2019-09-25 05:52:37,857 [5be219b2-97fd-4a8c-91ea-b15aa89454d4@group-37BCAE1ED488:LeaderElection92] INFO  server.RaftServerConfigKeys (ConfUtils.java:logGet(43)) - raft.server.watch.timeout = 10s (default)
2019-09-25 05:52:37,857 [0bbc1277-be6f-4bf3-88cf-1c3b12e139ad@group-98DB549270B5:LeaderElection91] INFO  server.RaftServerConfigKeys (ConfUtils.java:logGet(43)) - raft.server.watch.timeout = 10s (default)
2019-09-25 05:52:37,857 [5be219b2-97fd-4a8c-91ea-b15aa89454d4@group-51FF8E54341D:LeaderElection100] INFO  server.RaftServerConfigKeys (ConfUtils.java:logGet(43)) - raft.server.watch.timeout.denomination = 1s (default)
2019-09-25 05:52:37,856 [0bbc1277-be6f-4bf3-88cf-1c3b12e139ad@group-82B8C547FB12:LeaderElection96] INFO  server.RaftServerConfigKeys (ConfUtils.java:logGet(43)) - raft.server.watch.timeout = 10s (default)
2019-09-25 05:52:37,856 [0bbc1277-be6f-4bf3-88cf-1c3b12e139ad@group-65B12A733142:LeaderElection88] INFO  server.RaftServerConfigKeys (ConfUtils.java:logGet(43)) - raft.server.watch.timeout = 10s (default)
2019-09-25 05:52:37,862 [0bbc1277-be6f-4bf3-88cf-1c3b12e139ad@group-65B12A733142:LeaderElection88] INFO  server.RaftServerConfigKeys (ConfUtils.java:logGet(43)) - raft.server.watch.timeout.denomination = 1s (default)
2019-09-25 05:52:37,856 [754f3588-47e6-41ad-b34e-eb7041cce070@group-A475441C9D32:LeaderElection94] INFO  server.RaftServerConfigKeys (ConfUtils.java:logGet(43)) - raft.server.watch.timeout = 10s (default)
2019-09-25 05:52:37,856 [754f3588-47e6-41ad-b34e-eb7041cce070@group-7B431B125DE5:LeaderElection103] INFO  server.RaftServerConfigKeys (ConfUtils.java:logGet(43)) - raft.server.write.element-limit = 4096 (default)
2019-09-25 05:52:37,862 [754f3588-47e6-41ad-b34e-eb7041cce070@group-A475441C9D32:LeaderElection94] INFO  server.RaftServerConfigKeys (ConfUtils.java:logGet(43)) - raft.server.watch.timeout.denomination = 1s (default)
2019-09-25 05:52:37,862 [0bbc1277-be6f-4bf3-88cf-1c3b12e139ad@group-65B12A733142:LeaderElection88] INFO  server.RaftServerConfigKeys (ConfUtils.java:logGet(43)) - raft.server.watch.element-limit = 65536 (default)
2019-09-25 05:52:37,862 [0bbc1277-be6f-4bf3-88cf-1c3b12e139ad@group-82B8C547FB12:LeaderElection96] INFO  server.RaftServerConfigKeys (ConfUtils.java:logGet(43)) - raft.server.watch.timeout.denomination = 1s (default)
2019-09-25 05:52:37,862 [0bbc1277-be6f-4bf3-88cf-1c3b12e139ad@group-82B8C547FB12:LeaderElection96] INFO  server.RaftServerConfigKeys (ConfUtils.java:logGet(43)) - raft.server.watch.element-limit = 65536 (default)
2019-09-25 05:52:37,861 [5be219b2-97fd-4a8c-91ea-b15aa89454d4@group-51FF8E54341D:LeaderElection100] INFO  server.RaftServerConfigKeys (ConfUtils.java:logGet(43)) - raft.server.watch.element-limit = 65536 (default)
2019-09-25 05:52:37,861 [0bbc1277-be6f-4bf3-88cf-1c3b12e139ad@group-98DB549270B5:LeaderElection91] INFO  server.RaftServerConfigKeys (ConfUtils.java:logGet(43)) - raft.server.watch.timeout.denomination = 1s (default)
2019-09-25 05:52:37,861 [5be219b2-97fd-4a8c-91ea-b15aa89454d4@group-37BCAE1ED488:LeaderElection92] INFO  server.RaftServerConfigKeys (ConfUtils.java:logGet(43)) - raft.server.watch.timeout.denomination = 1s (default)
2019-09-25 05:52:37,861 [754f3588-47e6-41ad-b34e-eb7041cce070@group-68E8BDB01568:LeaderElection99] INFO  server.RaftServerConfigKeys (ConfUtils.java:logGet(43)) - raft.server.watch.timeout.denomination = 1s (default)
2019-09-25 05:52:37,861 [0bbc1277-be6f-4bf3-88cf-1c3b12e139ad@group-C8E21141DA1D:LeaderElection89] INFO  server.RaftServerConfigKeys (ConfUtils.java:logGet(43)) - raft.server.watch.element-limit = 65536 (default)
2019-09-25 05:52:37,861 [754f3588-47e6-41ad-b34e-eb7041cce070@group-C196BB46B7FE:LeaderElection101] INFO  server.RaftServerConfigKeys (ConfUtils.java:logGet(43)) - raft.server.watch.timeout.denomination = 1s (default)
2019-09-25 05:52:37,861 [5be219b2-97fd-4a8c-91ea-b15aa89454d4@group-955671A74EC5:LeaderElection98] INFO  server.RaftServerConfigKeys (ConfUtils.java:logGet(43)) - raft.server.watch.timeout.denomination = 1s (default)
2019-09-25 05:52:37,861 [754f3588-47e6-41ad-b34e-eb7041cce070@group-71DC1F77229B:LeaderElection97] INFO  server.RaftServerConfigKeys (ConfUtils.java:logGet(43)) - raft.server.watch.timeout.denomination = 1s (default)
2019-09-25 05:52:37,860 [5be219b2-97fd-4a8c-91ea-b15aa89454d4@group-B56EBFBAB971:LeaderElection104] INFO  server.RaftServerConfigKeys (ConfUtils.java:logGet(43)) - raft.server.watch.element-limit = 65536 (default)
2019-09-25 05:52:37,860 [754f3588-47e6-41ad-b34e-eb7041cce070@group-4C3D0E1A45D5:LeaderElection105] INFO  server.RaftServerConfigKeys (ConfUtils.java:logGet(43)) - raft.server.watch.timeout.denomination = 1s (default)
2019-09-25 05:52:37,860 [5be219b2-97fd-4a8c-91ea-b15aa89454d4@group-463BFAA6248D:LeaderElection90] INFO  server.RaftServerConfigKeys (ConfUtils.java:logGet(43)) - raft.server.watch.timeout.denomination = 1s (default)
2019-09-25 05:52:37,860 [0bbc1277-be6f-4bf3-88cf-1c3b12e139ad@group-12BFCBBA8C97:LeaderElection93] INFO  server.RaftServerConfigKeys (ConfUtils.java:logGet(43)) - raft.server.watch.element-limit = 65536 (default)
2019-09-25 05:52:37,860 [0bbc1277-be6f-4bf3-88cf-1c3b12e139ad@group-513E1586D88B:LeaderElection102] INFO  server.RaftServerConfigKeys (ConfUtils.java:logGet(43)) - raft.server.watch.timeout.denomination = 1s (default)
2019-09-25 05:52:37,860 [0bbc1277-be6f-4bf3-88cf-1c3b12e139ad@group-0529369CD838:LeaderElection83] INFO  server.RaftServerConfigKeys (ConfUtils.java:logGet(43)) - raft.server.watch.timeout.denomination = 1s (default)
2019-09-25 05:52:37,860 [5be219b2-97fd-4a8c-91ea-b15aa89454d4@group-0B6C19AFD170:LeaderElection95] INFO  server.RaftServerConfigKeys (ConfUtils.java:logGet(43)) - raft.server.watch.timeout.denomination = 1s (default)
2019-09-25 05:52:37,864 [5be219b2-97fd-4a8c-91ea-b15aa89454d4@group-0B6C19AFD170:LeaderElection95] INFO  server.RaftServerConfigKeys (ConfUtils.java:logGet(43)) - raft.server.watch.element-limit = 65536 (default)
2019-09-25 05:52:37,860 [5be219b2-97fd-4a8c-91ea-b15aa89454d4@group-594F27088C27:LeaderElection85] INFO  server.RaftServerConfigKeys (ConfUtils.java:logGet(43)) - raft.server.watch.timeout.denomination = 1s (default)
2019-09-25 05:52:37,864 [5be219b2-97fd-4a8c-91ea-b15aa89454d4@group-594F27088C27:LeaderElection85] INFO  server.RaftServerConfigKeys (ConfUtils.java:logGet(43)) - raft.server.watch.element-limit = 65536 (default)
2019-09-25 05:52:37,860 [0bbc1277-be6f-4bf3-88cf-1c3b12e139ad@group-EAB65D37406F:LeaderElection107] INFO  server.RaftServerConfigKeys (ConfUtils.java:logGet(43)) - raft.server.watch.timeout.denomination = 1s (default)
2019-09-25 05:52:37,859 [754f3588-47e6-41ad-b34e-eb7041cce070@group-BD472D801032:LeaderElection106] INFO  server.RaftServerConfigKeys (ConfUtils.java:logGet(43)) - raft.server.watch.element-limit = 65536 (default)
2019-09-25 05:52:37,859 [0bbc1277-be6f-4bf3-88cf-1c3b12e139ad@group-257556E8FEBB:LeaderElection87] INFO  server.RaftServerConfigKeys (ConfUtils.java:logGet(43)) - raft.server.watch.timeout.denomination = 1s (default)
2019-09-25 05:52:37,859 [754f3588-47e6-41ad-b34e-eb7041cce070@group-C3114859B4D1:LeaderElection84] INFO  server.RaftServerConfigKeys (ConfUtils.java:logGet(43)) - raft.server.watch.timeout.denomination = 1s (default)
2019-09-25 05:52:37,859 [5be219b2-97fd-4a8c-91ea-b15aa89454d4@group-43352AA4234F:LeaderElection86] INFO  server.RaftServerConfigKeys (ConfUtils.java:logGet(43)) - raft.server.watch.timeout = 10s (default)
2019-09-25 05:52:37,865 [754f3588-47e6-41ad-b34e-eb7041cce070@group-C3114859B4D1:LeaderElection84] INFO  server.RaftServerConfigKeys (ConfUtils.java:logGet(43)) - raft.server.watch.element-limit = 65536 (default)
2019-09-25 05:52:37,865 [0bbc1277-be6f-4bf3-88cf-1c3b12e139ad@group-257556E8FEBB:LeaderElection87] INFO  server.RaftServerConfigKeys (ConfUtils.java:logGet(43)) - raft.server.watch.element-limit = 65536 (default)
2019-09-25 05:52:37,864 [0bbc1277-be6f-4bf3-88cf-1c3b12e139ad@group-EAB65D37406F:LeaderElection107] INFO  server.RaftServerConfigKeys (ConfUtils.java:logGet(43)) - raft.server.watch.element-limit = 65536 (default)
2019-09-25 05:52:37,864 [0bbc1277-be6f-4bf3-88cf-1c3b12e139ad@group-0529369CD838:LeaderElection83] INFO  server.RaftServerConfigKeys (ConfUtils.java:logGet(43)) - raft.server.watch.element-limit = 65536 (default)
2019-09-25 05:52:37,864 [0bbc1277-be6f-4bf3-88cf-1c3b12e139ad@group-513E1586D88B:LeaderElection102] INFO  server.RaftServerConfigKeys (ConfUtils.java:logGet(43)) - raft.server.watch.element-limit = 65536 (default)
2019-09-25 05:52:37,864 [5be219b2-97fd-4a8c-91ea-b15aa89454d4@group-463BFAA6248D:LeaderElection90] INFO  server.RaftServerConfigKeys (ConfUtils.java:logGet(43)) - raft.server.watch.element-limit = 65536 (default)
2019-09-25 05:52:37,864 [754f3588-47e6-41ad-b34e-eb7041cce070@group-4C3D0E1A45D5:LeaderElection105] INFO  server.RaftServerConfigKeys (ConfUtils.java:logGet(43)) - raft.server.watch.element-limit = 65536 (default)
2019-09-25 05:52:37,863 [754f3588-47e6-41ad-b34e-eb7041cce070@group-71DC1F77229B:LeaderElection97] INFO  server.RaftServerConfigKeys (ConfUtils.java:logGet(43)) - raft.server.watch.element-limit = 65536 (default)
2019-09-25 05:52:37,863 [5be219b2-97fd-4a8c-91ea-b15aa89454d4@group-955671A74EC5:LeaderElection98] INFO  server.RaftServerConfigKeys (ConfUtils.java:logGet(43)) - raft.server.watch.element-limit = 65536 (default)
2019-09-25 05:52:37,863 [754f3588-47e6-41ad-b34e-eb7041cce070@group-C196BB46B7FE:LeaderElection101] INFO  server.RaftServerConfigKeys (ConfUtils.java:logGet(43)) - raft.server.watch.element-limit = 65536 (default)
2019-09-25 05:52:37,863 [754f3588-47e6-41ad-b34e-eb7041cce070@group-68E8BDB01568:LeaderElection99] INFO  server.RaftServerConfigKeys (ConfUtils.java:logGet(43)) - raft.server.watch.element-limit = 65536 (default)
2019-09-25 05:52:37,863 [5be219b2-97fd-4a8c-91ea-b15aa89454d4@group-37BCAE1ED488:LeaderElection92] INFO  server.RaftServerConfigKeys (ConfUtils.java:logGet(43)) - raft.server.watch.element-limit = 65536 (default)
2019-09-25 05:52:37,863 [0bbc1277-be6f-4bf3-88cf-1c3b12e139ad@group-98DB549270B5:LeaderElection91] INFO  server.RaftServerConfigKeys (ConfUtils.java:logGet(43)) - raft.server.watch.element-limit = 65536 (default)
2019-09-25 05:52:37,862 [754f3588-47e6-41ad-b34e-eb7041cce070@group-A475441C9D32:LeaderElection94] INFO  server.RaftServerConfigKeys (ConfUtils.java:logGet(43)) - raft.server.watch.element-limit = 65536 (default)
2019-09-25 05:52:37,862 [754f3588-47e6-41ad-b34e-eb7041cce070@group-7B431B125DE5:LeaderElection103] INFO  server.RaftServerConfigKeys (ConfUtils.java:logGet(43)) - raft.server.watch.timeout = 10s (default)
2019-09-25 05:52:37,865 [5be219b2-97fd-4a8c-91ea-b15aa89454d4@group-43352AA4234F:LeaderElection86] INFO  server.RaftServerConfigKeys (ConfUtils.java:logGet(43)) - raft.server.watch.timeout.denomination = 1s (default)
2019-09-25 05:52:37,867 [754f3588-47e6-41ad-b34e-eb7041cce070@group-7B431B125DE5:LeaderElection103] INFO  server.RaftServerConfigKeys (ConfUtils.java:logGet(43)) - raft.server.watch.timeout.denomination = 1s (default)
2019-09-25 05:52:37,867 [5be219b2-97fd-4a8c-91ea-b15aa89454d4@group-43352AA4234F:LeaderElection86] INFO  server.RaftServerConfigKeys (ConfUtils.java:logGet(43)) - raft.server.watch.element-limit = 65536 (default)
2019-09-25 05:52:37,867 [754f3588-47e6-41ad-b34e-eb7041cce070@group-7B431B125DE5:LeaderElection103] INFO  server.RaftServerConfigKeys (ConfUtils.java:logGet(43)) - raft.server.watch.element-limit = 65536 (default)
2019-09-25 05:52:37,976 [Thread-544] INFO  impl.FollowerState (FollowerState.java:run(106)) - 0bbc1277-be6f-4bf3-88cf-1c3b12e139ad:group-3B0A252CE86D changes to CANDIDATE, lastRpcTime:5150, electionTimeout:5087ms
2019-09-25 05:52:37,977 [Thread-544] INFO  impl.RoleInfo (RoleInfo.java:shutdownFollowerState(121)) - 0bbc1277-be6f-4bf3-88cf-1c3b12e139ad: shutdown FollowerState
2019-09-25 05:52:37,977 [Thread-544] INFO  impl.RaftServerImpl (RaftServerImpl.java:setRole(174)) - 0bbc1277-be6f-4bf3-88cf-1c3b12e139ad@group-3B0A252CE86D: changes role from  FOLLOWER to CANDIDATE at term 0 for changeToCandidate
2019-09-25 05:52:37,977 [Thread-544] INFO  impl.RoleInfo (RoleInfo.java:updateAndGet(143)) - 0bbc1277-be6f-4bf3-88cf-1c3b12e139ad: start LeaderElection
2019-09-25 05:52:37,992 [0bbc1277-be6f-4bf3-88cf-1c3b12e139ad@group-3B0A252CE86D:LeaderElection108] INFO  impl.LeaderElection (LeaderElection.java:askForVotes(182)) - 0bbc1277-be6f-4bf3-88cf-1c3b12e139ad@group-3B0A252CE86D:LeaderElection108: begin an election at term 1 for -1: [0bbc1277-be6f-4bf3-88cf-1c3b12e139ad:192.168.30.10:46701], old=null
2019-09-25 05:52:37,992 [0bbc1277-be6f-4bf3-88cf-1c3b12e139ad@group-3B0A252CE86D:LeaderElection108] INFO  impl.RoleInfo (RoleInfo.java:shutdownLeaderElection(134)) - 0bbc1277-be6f-4bf3-88cf-1c3b12e139ad: shutdown LeaderElection
2019-09-25 05:52:37,993 [0bbc1277-be6f-4bf3-88cf-1c3b12e139ad@group-3B0A252CE86D:LeaderElection108] INFO  impl.RaftServerImpl (RaftServerImpl.java:setRole(174)) - 0bbc1277-be6f-4bf3-88cf-1c3b12e139ad@group-3B0A252CE86D: changes role from CANDIDATE to LEADER at term 1 for changeToLeader
2019-09-25 05:52:37,993 [0bbc1277-be6f-4bf3-88cf-1c3b12e139ad@group-3B0A252CE86D:LeaderElection108] INFO  impl.RaftServerImpl (ServerState.java:setLeader(253)) - 0bbc1277-be6f-4bf3-88cf-1c3b12e139ad@group-3B0A252CE86D: change Leader from null to 0bbc1277-be6f-4bf3-88cf-1c3b12e139ad at term 1 for becomeLeader, leader elected after 5226ms
2019-09-25 05:52:37,993 [0bbc1277-be6f-4bf3-88cf-1c3b12e139ad@group-3B0A252CE86D:LeaderElection108] INFO  server.RaftServerConfigKeys (ConfUtils.java:logGet(43)) - raft.server.staging.catchup.gap = 1000 (default)
2019-09-25 05:52:37,993 [0bbc1277-be6f-4bf3-88cf-1c3b12e139ad@group-3B0A252CE86D:LeaderElection108] INFO  server.RaftServerConfigKeys (ConfUtils.java:logGet(43)) - raft.server.rpc.sleep.time = 25ms (default)
2019-09-25 05:52:37,993 [0bbc1277-be6f-4bf3-88cf-1c3b12e139ad@group-3B0A252CE86D:LeaderElection108] INFO  server.RaftServerConfigKeys (ConfUtils.java:logGet(43)) - raft.server.write.element-limit = 4096 (default)
2019-09-25 05:52:37,994 [0bbc1277-be6f-4bf3-88cf-1c3b12e139ad@group-3B0A252CE86D:LeaderElection108] INFO  server.RaftServerConfigKeys (ConfUtils.java:logGet(43)) - raft.server.watch.timeout = 10s (default)
2019-09-25 05:52:37,994 [0bbc1277-be6f-4bf3-88cf-1c3b12e139ad@group-3B0A252CE86D:LeaderElection108] INFO  server.RaftServerConfigKeys (ConfUtils.java:logGet(43)) - raft.server.watch.timeout.denomination = 1s (default)
2019-09-25 05:52:37,994 [0bbc1277-be6f-4bf3-88cf-1c3b12e139ad@group-3B0A252CE86D:LeaderElection108] INFO  server.RaftServerConfigKeys (ConfUtils.java:logGet(43)) - raft.server.watch.element-limit = 65536 (default)
2019-09-25 05:52:37,994 [Thread-547] INFO  impl.FollowerState (FollowerState.java:run(106)) - 754f3588-47e6-41ad-b34e-eb7041cce070:group-8904BE2F6653 changes to CANDIDATE, lastRpcTime:5124, electionTimeout:5124ms
2019-09-25 05:52:37,995 [754f3588-47e6-41ad-b34e-eb7041cce070@group-7B431B125DE5:LeaderElection103] INFO  impl.RoleInfo (RoleInfo.java:updateAndGet(143)) - 754f3588-47e6-41ad-b34e-eb7041cce070: start LeaderState
2019-09-25 05:52:37,995 [Thread-547] INFO  impl.RoleInfo (RoleInfo.java:shutdownFollowerState(121)) - 754f3588-47e6-41ad-b34e-eb7041cce070: shutdown FollowerState
2019-09-25 05:52:37,995 [754f3588-47e6-41ad-b34e-eb7041cce070@group-7B431B125DE5:LeaderElection103] INFO  segmented.SegmentedRaftLogWorker (SegmentedRaftLogWorker.java:startLogSegment(380)) - 754f3588-47e6-41ad-b34e-eb7041cce070@group-7B431B125DE5-SegmentedRaftLogWorker: Starting segment from index:0
2019-09-25 05:52:37,995 [Thread-547] INFO  impl.RaftServerImpl (RaftServerImpl.java:setRole(174)) - 754f3588-47e6-41ad-b34e-eb7041cce070@group-8904BE2F6653: changes role from  FOLLOWER to CANDIDATE at term 0 for changeToCandidate
2019-09-25 05:52:37,996 [Thread-547] INFO  impl.RoleInfo (RoleInfo.java:updateAndGet(143)) - 754f3588-47e6-41ad-b34e-eb7041cce070: start LeaderElection
2019-09-25 05:52:37,996 [754f3588-47e6-41ad-b34e-eb7041cce070@group-7B431B125DE5:LeaderElection103] INFO  impl.RaftServerImpl (ServerState.java:setRaftConf(354)) - 754f3588-47e6-41ad-b34e-eb7041cce070@group-7B431B125DE5: set configuration 0: [754f3588-47e6-41ad-b34e-eb7041cce070:192.168.30.10:41089], old=null at 0
2019-09-25 05:52:38,296 [Thread-573] INFO  impl.FollowerState (FollowerState.java:run(106)) - 5be219b2-97fd-4a8c-91ea-b15aa89454d4:group-8EFB222D9B87 changes to CANDIDATE, lastRpcTime:5059, electionTimeout:5033ms
2019-09-25 05:52:38,296 [Thread-566] INFO  impl.FollowerState (FollowerState.java:run(106)) - 5be219b2-97fd-4a8c-91ea-b15aa89454d4:group-9A6E2FA63B89 changes to CANDIDATE, lastRpcTime:5133, electionTimeout:5100ms
2019-09-25 05:52:38,296 [Thread-562] INFO  impl.FollowerState (FollowerState.java:run(106)) - 5be219b2-97fd-4a8c-91ea-b15aa89454d4:group-C9565C519C1A changes to CANDIDATE, lastRpcTime:5189, electionTimeout:5098ms
2019-09-25 05:52:38,296 [5be219b2-97fd-4a8c-91ea-b15aa89454d4@group-75850FD069CD-SegmentedRaftLogWorker] ERROR segmented.SegmentedRaftLogWorker (SegmentedRaftLogWorker.java:run(323)) - 5be219b2-97fd-4a8c-91ea-b15aa89454d4@group-75850FD069CD-SegmentedRaftLogWorker hit exception
java.lang.OutOfMemoryError: Direct buffer memory
	at java.nio.Bits.reserveMemory(Bits.java:666)
	at java.nio.DirectByteBuffer.<init>(DirectByteBuffer.java:123)
	at java.nio.ByteBuffer.allocateDirect(ByteBuffer.java:311)
	at org.apache.ratis.server.raftlog.segmented.BufferedWriteChannel.<init>(BufferedWriteChannel.java:41)
	at org.apache.ratis.server.raftlog.segmented.SegmentedRaftLogOutputStream.<init>(SegmentedRaftLogOutputStream.java:72)
	at org.apache.ratis.server.raftlog.segmented.SegmentedRaftLogWorker$StartLogSegment.execute(SegmentedRaftLogWorker.java:566)
	at org.apache.ratis.server.raftlog.segmented.SegmentedRaftLogWorker.run(SegmentedRaftLogWorker.java:289)
	at java.lang.Thread.run(Thread.java:748)
2019-09-25 05:52:38,297 [5be219b2-97fd-4a8c-91ea-b15aa89454d4@group-75850FD069CD-SegmentedRaftLogWorker] INFO  impl.RaftServerImpl (RaftServerImpl.java:lambda$shutdown$3(251)) - 5be219b2-97fd-4a8c-91ea-b15aa89454d4@group-75850FD069CD: shutdown
2019-09-25 05:52:38,297 [0bbc1277-be6f-4bf3-88cf-1c3b12e139ad@group-CAAD79553794-SegmentedRaftLogWorker] ERROR segmented.SegmentedRaftLogWorker (SegmentedRaftLogWorker.java:run(323)) - 0bbc1277-be6f-4bf3-88cf-1c3b12e139ad@group-CAAD79553794-SegmentedRaftLogWorker hit exception
java.lang.OutOfMemoryError: Direct buffer memory
	at java.nio.Bits.reserveMemory(Bits.java:666)
	at java.nio.DirectByteBuffer.<init>(DirectByteBuffer.java:123)
	at java.nio.ByteBuffer.allocateDirect(ByteBuffer.java:311)
	at org.apache.ratis.server.raftlog.segmented.BufferedWriteChannel.<init>(BufferedWriteChannel.java:41)
	at org.apache.ratis.server.raftlog.segmented.SegmentedRaftLogOutputStream.<init>(SegmentedRaftLogOutputStream.java:72)
	at org.apache.ratis.server.raftlog.segmented.SegmentedRaftLogWorker$StartLogSegment.execute(SegmentedRaftLogWorker.java:566)
	at org.apache.ratis.server.raftlog.segmented.SegmentedRaftLogWorker.run(SegmentedRaftLogWorker.java:289)
	at java.lang.Thread.run(Thread.java:748)
2019-09-25 05:52:38,297 [5be219b2-97fd-4a8c-91ea-b15aa89454d4@group-062EB2D13C02-SegmentedRaftLogWorker] ERROR segmented.SegmentedRaftLogWorker (SegmentedRaftLogWorker.java:run(323)) - 5be219b2-97fd-4a8c-91ea-b15aa89454d4@group-062EB2D13C02-SegmentedRaftLogWorker hit exception
java.lang.OutOfMemoryError: Direct buffer memory
	at java.nio.Bits.reserveMemory(Bits.java:666)
	at java.nio.DirectByteBuffer.<init>(DirectByteBuffer.java:123)
	at java.nio.ByteBuffer.allocateDirect(ByteBuffer.java:311)
	at org.apache.ratis.server.raftlog.segmented.BufferedWriteChannel.<init>(BufferedWriteChannel.java:41)
	at org.apache.ratis.server.raftlog.segmented.SegmentedRaftLogOutputStream.<init>(SegmentedRaftLogOutputStream.java:72)
	at org.apache.ratis.server.raftlog.segmented.SegmentedRaftLogWorker$StartLogSegment.execute(SegmentedRaftLogWorker.java:566)
	at org.apache.ratis.server.raftlog.segmented.SegmentedRaftLogWorker.run(SegmentedRaftLogWorker.java:289)
	at java.lang.Thread.run(Thread.java:748)
2019-09-25 05:52:38,298 [754f3588-47e6-41ad-b34e-eb7041cce070@group-7284753E1186-SegmentedRaftLogWorker] ERROR segmented.SegmentedRaftLogWorker (SegmentedRaftLogWorker.java:run(323)) - 754f3588-47e6-41ad-b34e-eb7041cce070@group-7284753E1186-SegmentedRaftLogWorker hit exception
java.lang.OutOfMemoryError: Direct buffer memory
	at java.nio.Bits.reserveMemory(Bits.java:666)
	at java.nio.DirectByteBuffer.<init>(DirectByteBuffer.java:123)
	at java.nio.ByteBuffer.allocateDirect(ByteBuffer.java:311)
	at org.apache.ratis.server.raftlog.segmented.BufferedWriteChannel.<init>(BufferedWriteChannel.java:41)
	at org.apache.ratis.server.raftlog.segmented.SegmentedRaftLogOutputStream.<init>(SegmentedRaftLogOutputStream.java:72)
	at org.apache.ratis.server.raftlog.segmented.SegmentedRaftLogWorker$StartLogSegment.execute(SegmentedRaftLogWorker.java:566)
	at org.apache.ratis.server.raftlog.segmented.SegmentedRaftLogWorker.run(SegmentedRaftLogWorker.java:289)
	at java.lang.Thread.run(Thread.java:748)
2019-09-25 05:52:38,298 [0bbc1277-be6f-4bf3-88cf-1c3b12e139ad@group-CAAD79553794-SegmentedRaftLogWorker] INFO  impl.RaftServerImpl (RaftServerImpl.java:lambda$shutdown$3(251)) - 0bbc1277-be6f-4bf3-88cf-1c3b12e139ad@group-CAAD79553794: shutdown
2019-09-25 05:52:38,298 [754f3588-47e6-41ad-b34e-eb7041cce070@group-7284753E1186-SegmentedRaftLogWorker] INFO  impl.RaftServerImpl (RaftServerImpl.java:lambda$shutdown$3(251)) - 754f3588-47e6-41ad-b34e-eb7041cce070@group-7284753E1186: shutdown
2019-09-25 05:52:38,298 [5be219b2-97fd-4a8c-91ea-b15aa89454d4@group-062EB2D13C02-SegmentedRaftLogWorker] INFO  impl.RaftServerImpl (RaftServerImpl.java:lambda$shutdown$3(251)) - 5be219b2-97fd-4a8c-91ea-b15aa89454d4@group-062EB2D13C02: shutdown
2019-09-25 05:52:38,299 [Thread-550] INFO  impl.FollowerState (FollowerState.java:run(106)) - 5be219b2-97fd-4a8c-91ea-b15aa89454d4:group-68BF0268EAE0 changes to CANDIDATE, lastRpcTime:5374, electionTimeout:5163ms
2019-09-25 05:52:38,302 [754f3588-47e6-41ad-b34e-eb7041cce070@group-0CE913FB3B9B-SegmentedRaftLogWorker] ERROR segmented.SegmentedRaftLogWorker (SegmentedRaftLogWorker.java:run(323)) - 754f3588-47e6-41ad-b34e-eb7041cce070@group-0CE913FB3B9B-SegmentedRaftLogWorker hit exception
java.lang.OutOfMemoryError: Direct buffer memory
	at java.nio.Bits.reserveMemory(Bits.java:666)
	at java.nio.DirectByteBuffer.<init>(DirectByteBuffer.java:123)
	at java.nio.ByteBuffer.allocateDirect(ByteBuffer.java:311)
	at org.apache.ratis.server.raftlog.segmented.BufferedWriteChannel.<init>(BufferedWriteChannel.java:41)
	at org.apache.ratis.server.raftlog.segmented.SegmentedRaftLogOutputStream.<init>(SegmentedRaftLogOutputStream.java:72)
	at org.apache.ratis.server.raftlog.segmented.SegmentedRaftLogWorker$StartLogSegment.execute(SegmentedRaftLogWorker.java:566)
	at org.apache.ratis.server.raftlog.segmented.SegmentedRaftLogWorker.run(SegmentedRaftLogWorker.java:289)
	at java.lang.Thread.run(Thread.java:748)
2019-09-25 05:52:38,302 [Thread-556] INFO  impl.FollowerState (FollowerState.java:run(106)) - 5be219b2-97fd-4a8c-91ea-b15aa89454d4:group-33B7851AF354 changes to CANDIDATE, lastRpcTime:5289, electionTimeout:5018ms
2019-09-25 05:52:38,301 [Thread-559] INFO  impl.FollowerState (FollowerState.java:run(106)) - 754f3588-47e6-41ad-b34e-eb7041cce070:group-A2252AB6FA12 changes to CANDIDATE, lastRpcTime:5248, electionTimeout:5003ms
2019-09-25 05:52:38,301 [Thread-553] INFO  impl.FollowerState (FollowerState.java:run(106)) - 5be219b2-97fd-4a8c-91ea-b15aa89454d4:group-DED6F7C08979 changes to CANDIDATE, lastRpcTime:5327, electionTimeout:5093ms
2019-09-25 05:52:38,303 [754f3588-47e6-41ad-b34e-eb7041cce070@group-0CE913FB3B9B-SegmentedRaftLogWorker] INFO  impl.RaftServerImpl (RaftServerImpl.java:lambda$shutdown$3(251)) - 754f3588-47e6-41ad-b34e-eb7041cce070@group-0CE913FB3B9B: shutdown
2019-09-25 05:52:38,303 [Thread-562] INFO  impl.RoleInfo (RoleInfo.java:shutdownFollowerState(121)) - 5be219b2-97fd-4a8c-91ea-b15aa89454d4: shutdown FollowerState
2019-09-25 05:52:38,303 [Thread-566] INFO  impl.RoleInfo (RoleInfo.java:shutdownFollowerState(121)) - 5be219b2-97fd-4a8c-91ea-b15aa89454d4: shutdown FollowerState
2019-09-25 05:52:38,303 [Thread-566] INFO  impl.RaftServerImpl (RaftServerImpl.java:setRole(174)) - 5be219b2-97fd-4a8c-91ea-b15aa89454d4@group-9A6E2FA63B89: changes role from  FOLLOWER to CANDIDATE at term 0 for changeToCandidate
2019-09-25 05:52:38,303 [Thread-573] INFO  impl.RoleInfo (RoleInfo.java:shutdownFollowerState(121)) - 5be219b2-97fd-4a8c-91ea-b15aa89454d4: shutdown FollowerState
2019-09-25 05:52:38,303 [Thread-550] INFO  impl.RoleInfo (RoleInfo.java:shutdownFollowerState(121)) - 5be219b2-97fd-4a8c-91ea-b15aa89454d4: shutdown FollowerState
2019-09-25 05:52:38,303 [Thread-562] INFO  impl.RaftServerImpl (RaftServerImpl.java:setRole(174)) - 5be219b2-97fd-4a8c-91ea-b15aa89454d4@group-C9565C519C1A: changes role from  FOLLOWER to CANDIDATE at term 0 for changeToCandidate
2019-09-25 05:52:38,304 [Thread-559] INFO  impl.RoleInfo (RoleInfo.java:shutdownFollowerState(121)) - 754f3588-47e6-41ad-b34e-eb7041cce070: shutdown FollowerState
2019-09-25 05:52:38,304 [Thread-550] INFO  impl.RaftServerImpl (RaftServerImpl.java:setRole(174)) - 5be219b2-97fd-4a8c-91ea-b15aa89454d4@group-68BF0268EAE0: changes role from  FOLLOWER to CANDIDATE at term 0 for changeToCandidate
2019-09-25 05:52:38,304 [Thread-556] INFO  impl.RoleInfo (RoleInfo.java:shutdownFollowerState(121)) - 5be219b2-97fd-4a8c-91ea-b15aa89454d4: shutdown FollowerState
2019-09-25 05:52:38,304 [Thread-573] INFO  impl.RaftServerImpl (RaftServerImpl.java:setRole(174)) - 5be219b2-97fd-4a8c-91ea-b15aa89454d4@group-8EFB222D9B87: changes role from  FOLLOWER to CANDIDATE at term 0 for changeToCandidate
2019-09-25 05:52:38,304 [Thread-566] INFO  impl.RoleInfo (RoleInfo.java:updateAndGet(143)) - 5be219b2-97fd-4a8c-91ea-b15aa89454d4: start LeaderElection
2019-09-25 05:52:38,304 [754f3588-47e6-41ad-b34e-eb7041cce070@group-7284753E1186-SegmentedRaftLogWorker] INFO  util.JmxRegister (JmxRegister.java:unregister(73)) - Successfully un-registered JMX Bean with object name Ratis:service=RaftServer,group=group-7284753E1186,id=754f3588-47e6-41ad-b34e-eb7041cce070
2019-09-25 05:52:38,304 [0bbc1277-be6f-4bf3-88cf-1c3b12e139ad@group-CAAD79553794-SegmentedRaftLogWorker] INFO  util.JmxRegister (JmxRegister.java:unregister(73)) - Successfully un-registered JMX Bean with object name Ratis:service=RaftServer,group=group-CAAD79553794,id=0bbc1277-be6f-4bf3-88cf-1c3b12e139ad
2019-09-25 05:52:38,304 [5be219b2-97fd-4a8c-91ea-b15aa89454d4@group-75850FD069CD-SegmentedRaftLogWorker] INFO  util.JmxRegister (JmxRegister.java:unregister(73)) - Successfully un-registered JMX Bean with object name Ratis:service=RaftServer,group=group-75850FD069CD,id=5be219b2-97fd-4a8c-91ea-b15aa89454d4
2019-09-25 05:52:38,304 [Thread-573] INFO  impl.RoleInfo (RoleInfo.java:updateAndGet(143)) - 5be219b2-97fd-4a8c-91ea-b15aa89454d4: start LeaderElection
2019-09-25 05:52:38,304 [Thread-556] INFO  impl.RaftServerImpl (RaftServerImpl.java:setRole(174)) - 5be219b2-97fd-4a8c-91ea-b15aa89454d4@group-33B7851AF354: changes role from  FOLLOWER to CANDIDATE at term 0 for changeToCandidate
2019-09-25 05:52:38,304 [Thread-550] INFO  impl.RoleInfo (RoleInfo.java:updateAndGet(143)) - 5be219b2-97fd-4a8c-91ea-b15aa89454d4: start LeaderElection
2019-09-25 05:52:38,304 [Thread-559] INFO  impl.RaftServerImpl (RaftServerImpl.java:setRole(174)) - 754f3588-47e6-41ad-b34e-eb7041cce070@group-A2252AB6FA12: changes role from  FOLLOWER to CANDIDATE at term 0 for changeToCandidate
2019-09-25 05:52:38,304 [Thread-553] INFO  impl.RoleInfo (RoleInfo.java:shutdownFollowerState(121)) - 5be219b2-97fd-4a8c-91ea-b15aa89454d4: shutdown FollowerState
2019-09-25 05:52:38,304 [Thread-562] INFO  impl.RoleInfo (RoleInfo.java:updateAndGet(143)) - 5be219b2-97fd-4a8c-91ea-b15aa89454d4: start LeaderElection
2019-09-25 05:52:38,305 [Thread-553] INFO  impl.RaftServerImpl (RaftServerImpl.java:setRole(174)) - 5be219b2-97fd-4a8c-91ea-b15aa89454d4@group-DED6F7C08979: changes role from  FOLLOWER to CANDIDATE at term 0 for changeToCandidate
2019-09-25 05:52:38,305 [Thread-559] INFO  impl.RoleInfo (RoleInfo.java:updateAndGet(143)) - 754f3588-47e6-41ad-b34e-eb7041cce070: start LeaderElection
2019-09-25 05:52:38,305 [Thread-556] INFO  impl.RoleInfo (RoleInfo.java:updateAndGet(143)) - 5be219b2-97fd-4a8c-91ea-b15aa89454d4: start LeaderElection
2019-09-25 05:52:38,305 [754f3588-47e6-41ad-b34e-eb7041cce070@group-0CE913FB3B9B-SegmentedRaftLogWorker] INFO  util.JmxRegister (JmxRegister.java:unregister(73)) - Successfully un-registered JMX Bean with object name Ratis:service=RaftServer,group=group-0CE913FB3B9B,id=754f3588-47e6-41ad-b34e-eb7041cce070
2019-09-25 05:52:38,305 [5be219b2-97fd-4a8c-91ea-b15aa89454d4@group-75850FD069CD-SegmentedRaftLogWorker] INFO  impl.RoleInfo (RoleInfo.java:shutdownLeaderState(104)) - 5be219b2-97fd-4a8c-91ea-b15aa89454d4: shutdown LeaderState
2019-09-25 05:52:38,304 [0bbc1277-be6f-4bf3-88cf-1c3b12e139ad@group-CAAD79553794-SegmentedRaftLogWorker] INFO  impl.RoleInfo (RoleInfo.java:shutdownLeaderState(104)) - 0bbc1277-be6f-4bf3-88cf-1c3b12e139ad: shutdown LeaderState
2019-09-25 05:52:38,304 [754f3588-47e6-41ad-b34e-eb7041cce070@group-7284753E1186-SegmentedRaftLogWorker] INFO  impl.RoleInfo (RoleInfo.java:shutdownLeaderState(104)) - 754f3588-47e6-41ad-b34e-eb7041cce070: shutdown LeaderState
2019-09-25 05:52:38,304 [5be219b2-97fd-4a8c-91ea-b15aa89454d4@group-062EB2D13C02-SegmentedRaftLogWorker] INFO  util.JmxRegister (JmxRegister.java:unregister(73)) - Successfully un-registered JMX Bean with object name Ratis:service=RaftServer,group=group-062EB2D13C02,id=5be219b2-97fd-4a8c-91ea-b15aa89454d4
2019-09-25 05:52:38,308 [754f3588-47e6-41ad-b34e-eb7041cce070@group-7284753E1186-SegmentedRaftLogWorker] INFO  impl.PendingRequests (PendingRequests.java:sendNotLeaderResponses(202)) - 754f3588-47e6-41ad-b34e-eb7041cce070-PendingRequests: sendNotLeaderResponses
2019-09-25 05:52:38,308 [5be219b2-97fd-4a8c-91ea-b15aa89454d4@group-75850FD069CD-SegmentedRaftLogWorker] INFO  impl.PendingRequests (PendingRequests.java:sendNotLeaderResponses(202)) - 5be219b2-97fd-4a8c-91ea-b15aa89454d4-PendingRequests: sendNotLeaderResponses
2019-09-25 05:52:38,308 [0bbc1277-be6f-4bf3-88cf-1c3b12e139ad@group-CAAD79553794-SegmentedRaftLogWorker] INFO  impl.PendingRequests (PendingRequests.java:sendNotLeaderResponses(202)) - 0bbc1277-be6f-4bf3-88cf-1c3b12e139ad-PendingRequests: sendNotLeaderResponses
2019-09-25 05:52:38,306 [754f3588-47e6-41ad-b34e-eb7041cce070@group-0CE913FB3B9B-SegmentedRaftLogWorker] INFO  impl.RoleInfo (RoleInfo.java:shutdownLeaderState(104)) - 754f3588-47e6-41ad-b34e-eb7041cce070: shutdown LeaderState
2019-09-25 05:52:38,305 [Thread-553] INFO  impl.RoleInfo (RoleInfo.java:updateAndGet(143)) - 5be219b2-97fd-4a8c-91ea-b15aa89454d4: start LeaderElection
2019-09-25 05:52:38,309 [754f3588-47e6-41ad-b34e-eb7041cce070@group-0CE913FB3B9B-SegmentedRaftLogWorker] INFO  impl.PendingRequests (PendingRequests.java:sendNotLeaderResponses(202)) - 754f3588-47e6-41ad-b34e-eb7041cce070-PendingRequests: sendNotLeaderResponses
2019-09-25 05:52:38,309 [5be219b2-97fd-4a8c-91ea-b15aa89454d4@group-75850FD069CD-SegmentedRaftLogWorker] INFO  impl.StateMachineUpdater (StateMachineUpdater.java:stopAndJoin(125)) - 5be219b2-97fd-4a8c-91ea-b15aa89454d4@group-75850FD069CD-StateMachineUpdater: set stopIndex = -1
2019-09-25 05:52:38,309 [0bbc1277-be6f-4bf3-88cf-1c3b12e139ad@group-CAAD79553794-SegmentedRaftLogWorker] INFO  impl.StateMachineUpdater (StateMachineUpdater.java:stopAndJoin(125)) - 0bbc1277-be6f-4bf3-88cf-1c3b12e139ad@group-CAAD79553794-StateMachineUpdater: set stopIndex = -1
2019-09-25 05:52:38,309 [754f3588-47e6-41ad-b34e-eb7041cce070@group-7284753E1186-SegmentedRaftLogWorker] INFO  impl.StateMachineUpdater (StateMachineUpdater.java:stopAndJoin(125)) - 754f3588-47e6-41ad-b34e-eb7041cce070@group-7284753E1186-StateMachineUpdater: set stopIndex = -1
2019-09-25 05:52:38,308 [5be219b2-97fd-4a8c-91ea-b15aa89454d4@group-062EB2D13C02-SegmentedRaftLogWorker] INFO  impl.RoleInfo (RoleInfo.java:shutdownLeaderState(104)) - 5be219b2-97fd-4a8c-91ea-b15aa89454d4: shutdown LeaderState
2019-09-25 05:52:38,310 [754f3588-47e6-41ad-b34e-eb7041cce070@group-7284753E1186-SegmentedRaftLogWorker] INFO  impl.RaftServerImpl (ServerState.java:close(385)) - 754f3588-47e6-41ad-b34e-eb7041cce070@group-7284753E1186: closes. applyIndex: -1
2019-09-25 05:52:38,310 [5be219b2-97fd-4a8c-91ea-b15aa89454d4@group-75850FD069CD-SegmentedRaftLogWorker] INFO  impl.RaftServerImpl (ServerState.java:close(385)) - 5be219b2-97fd-4a8c-91ea-b15aa89454d4@group-75850FD069CD: closes. applyIndex: -1
2019-09-25 05:52:38,310 [754f3588-47e6-41ad-b34e-eb7041cce070@group-7284753E1186-SegmentedRaftLogWorker] INFO  segmented.SegmentedRaftLogWorker (SegmentedRaftLogWorker.java:close(228)) - 754f3588-47e6-41ad-b34e-eb7041cce070@group-7284753E1186-SegmentedRaftLogWorker close()
2019-09-25 05:52:38,310 [5be219b2-97fd-4a8c-91ea-b15aa89454d4@group-75850FD069CD-SegmentedRaftLogWorker] INFO  segmented.SegmentedRaftLogWorker (SegmentedRaftLogWorker.java:close(228)) - 5be219b2-97fd-4a8c-91ea-b15aa89454d4@group-75850FD069CD-SegmentedRaftLogWorker close()
2019-09-25 05:52:38,310 [0bbc1277-be6f-4bf3-88cf-1c3b12e139ad@group-CAAD79553794-SegmentedRaftLogWorker] INFO  impl.RaftServerImpl (ServerState.java:close(385)) - 0bbc1277-be6f-4bf3-88cf-1c3b12e139ad@group-CAAD79553794: closes. applyIndex: -1
2019-09-25 05:52:38,309 [754f3588-47e6-41ad-b34e-eb7041cce070@group-0CE913FB3B9B-SegmentedRaftLogWorker] INFO  impl.StateMachineUpdater (StateMachineUpdater.java:stopAndJoin(125)) - 754f3588-47e6-41ad-b34e-eb7041cce070@group-0CE913FB3B9B-StateMachineUpdater: set stopIndex = -1
2019-09-25 05:52:38,327 [0bbc1277-be6f-4bf3-88cf-1c3b12e139ad@group-CAAD79553794-SegmentedRaftLogWorker] INFO  segmented.SegmentedRaftLogWorker (SegmentedRaftLogWorker.java:close(228)) - 0bbc1277-be6f-4bf3-88cf-1c3b12e139ad@group-CAAD79553794-SegmentedRaftLogWorker close()
2019-09-25 05:52:38,310 [5be219b2-97fd-4a8c-91ea-b15aa89454d4@group-062EB2D13C02-SegmentedRaftLogWorker] INFO  impl.PendingRequests (PendingRequests.java:sendNotLeaderResponses(202)) - 5be219b2-97fd-4a8c-91ea-b15aa89454d4-PendingRequests: sendNotLeaderResponses
2019-09-25 05:52:38,327 [754f3588-47e6-41ad-b34e-eb7041cce070@group-0CE913FB3B9B-SegmentedRaftLogWorker] INFO  impl.RaftServerImpl (ServerState.java:close(385)) - 754f3588-47e6-41ad-b34e-eb7041cce070@group-0CE913FB3B9B: closes. applyIndex: -1
2019-09-25 05:52:38,331 [5be219b2-97fd-4a8c-91ea-b15aa89454d4@group-062EB2D13C02-SegmentedRaftLogWorker] INFO  impl.StateMachineUpdater (StateMachineUpdater.java:stopAndJoin(125)) - 5be219b2-97fd-4a8c-91ea-b15aa89454d4@group-062EB2D13C02-StateMachineUpdater: set stopIndex = -1
2019-09-25 05:52:38,333 [754f3588-47e6-41ad-b34e-eb7041cce070@group-0CE913FB3B9B-SegmentedRaftLogWorker] INFO  segmented.SegmentedRaftLogWorker (SegmentedRaftLogWorker.java:close(228)) - 754f3588-47e6-41ad-b34e-eb7041cce070@group-0CE913FB3B9B-SegmentedRaftLogWorker close()
2019-09-25 05:52:38,333 [5be219b2-97fd-4a8c-91ea-b15aa89454d4@group-062EB2D13C02-SegmentedRaftLogWorker] INFO  impl.RaftServerImpl (ServerState.java:close(385)) - 5be219b2-97fd-4a8c-91ea-b15aa89454d4@group-062EB2D13C02: closes. applyIndex: -1
2019-09-25 05:52:38,336 [5be219b2-97fd-4a8c-91ea-b15aa89454d4@group-062EB2D13C02-SegmentedRaftLogWorker] INFO  segmented.SegmentedRaftLogWorker (SegmentedRaftLogWorker.java:close(228)) - 5be219b2-97fd-4a8c-91ea-b15aa89454d4@group-062EB2D13C02-SegmentedRaftLogWorker close()
2019-09-25 05:52:38,342 [5be219b2-97fd-4a8c-91ea-b15aa89454d4@group-43352AA4234F:LeaderElection86] INFO  impl.RoleInfo (RoleInfo.java:updateAndGet(143)) - 5be219b2-97fd-4a8c-91ea-b15aa89454d4: start LeaderState
2019-09-25 05:52:38,342 [5be219b2-97fd-4a8c-91ea-b15aa89454d4@group-43352AA4234F:LeaderElection86] INFO  segmented.SegmentedRaftLogWorker (SegmentedRaftLogWorker.java:startLogSegment(380)) - 5be219b2-97fd-4a8c-91ea-b15aa89454d4@group-43352AA4234F-SegmentedRaftLogWorker: Starting segment from index:0
2019-09-25 05:52:38,343 [5be219b2-97fd-4a8c-91ea-b15aa89454d4@group-43352AA4234F:LeaderElection86] INFO  impl.RaftServerImpl (ServerState.java:setRaftConf(354)) - 5be219b2-97fd-4a8c-91ea-b15aa89454d4@group-43352AA4234F: set configuration 0: [5be219b2-97fd-4a8c-91ea-b15aa89454d4:192.168.30.10:40625], old=null at 0
2019-09-25 05:52:38,552 [5be219b2-97fd-4a8c-91ea-b15aa89454d4@group-33B7851AF354:LeaderElection114] INFO  impl.LeaderElection (LeaderElection.java:askForVotes(182)) - 5be219b2-97fd-4a8c-91ea-b15aa89454d4@group-33B7851AF354:LeaderElection114: begin an election at term 1 for -1: [5be219b2-97fd-4a8c-91ea-b15aa89454d4:192.168.30.10:40625], old=null
2019-09-25 05:52:38,552 [5be219b2-97fd-4a8c-91ea-b15aa89454d4@group-9A6E2FA63B89:LeaderElection110] INFO  impl.LeaderElection (LeaderElection.java:askForVotes(182)) - 5be219b2-97fd-4a8c-91ea-b15aa89454d4@group-9A6E2FA63B89:LeaderElection110: begin an election at term 1 for -1: [5be219b2-97fd-4a8c-91ea-b15aa89454d4:192.168.30.10:40625], old=null
2019-09-25 05:52:38,553 [5be219b2-97fd-4a8c-91ea-b15aa89454d4@group-33B7851AF354:LeaderElection114] INFO  impl.RoleInfo (RoleInfo.java:shutdownLeaderElection(134)) - 5be219b2-97fd-4a8c-91ea-b15aa89454d4: shutdown LeaderElection
2019-09-25 05:52:38,552 [754f3588-47e6-41ad-b34e-eb7041cce070@group-8904BE2F6653:LeaderElection109] INFO  impl.LeaderElection (LeaderElection.java:askForVotes(182)) - 754f3588-47e6-41ad-b34e-eb7041cce070@group-8904BE2F6653:LeaderElection109: begin an election at term 1 for -1: [754f3588-47e6-41ad-b34e-eb7041cce070:192.168.30.10:41089], old=null
2019-09-25 05:52:38,552 [5be219b2-97fd-4a8c-91ea-b15aa89454d4@group-8EFB222D9B87:LeaderElection113] INFO  impl.LeaderElection (LeaderElection.java:askForVotes(182)) - 5be219b2-97fd-4a8c-91ea-b15aa89454d4@group-8EFB222D9B87:LeaderElection113: begin an election at term 1 for -1: [5be219b2-97fd-4a8c-91ea-b15aa89454d4:192.168.30.10:40625], old=null
2019-09-25 05:52:38,552 [5be219b2-97fd-4a8c-91ea-b15aa89454d4@group-C9565C519C1A:LeaderElection111] INFO  impl.LeaderElection (LeaderElection.java:askForVotes(182)) - 5be219b2-97fd-4a8c-91ea-b15aa89454d4@group-C9565C519C1A:LeaderElection111: begin an election at term 1 for -1: [5be219b2-97fd-4a8c-91ea-b15aa89454d4:192.168.30.10:40625], old=null
2019-09-25 05:52:38,552 [754f3588-47e6-41ad-b34e-eb7041cce070@group-A2252AB6FA12:LeaderElection115] INFO  impl.LeaderElection (LeaderElection.java:askForVotes(182)) - 754f3588-47e6-41ad-b34e-eb7041cce070@group-A2252AB6FA12:LeaderElection115: begin an election at term 1 for -1: [754f3588-47e6-41ad-b34e-eb7041cce070:192.168.30.10:41089], old=null
2019-09-25 05:52:38,552 [5be219b2-97fd-4a8c-91ea-b15aa89454d4@group-68BF0268EAE0:LeaderElection112] INFO  impl.LeaderElection (LeaderElection.java:askForVotes(182)) - 5be219b2-97fd-4a8c-91ea-b15aa89454d4@group-68BF0268EAE0:LeaderElection112: begin an election at term 1 for -1: [5be219b2-97fd-4a8c-91ea-b15aa89454d4:192.168.30.10:40625], old=null
2019-09-25 05:52:38,552 [5be219b2-97fd-4a8c-91ea-b15aa89454d4@group-DED6F7C08979:LeaderElection116] INFO  impl.LeaderElection (LeaderElection.java:askForVotes(182)) - 5be219b2-97fd-4a8c-91ea-b15aa89454d4@group-DED6F7C08979:LeaderElection116: begin an election at term 1 for -1: [5be219b2-97fd-4a8c-91ea-b15aa89454d4:192.168.30.10:40625], old=null
2019-09-25 05:52:38,550 [Thread-585] INFO  impl.FollowerState (FollowerState.java:run(106)) - 5be219b2-97fd-4a8c-91ea-b15aa89454d4:group-38D98D4419BA changes to CANDIDATE, lastRpcTime:5108, electionTimeout:5047ms
2019-09-25 05:52:38,554 [5be219b2-97fd-4a8c-91ea-b15aa89454d4@group-DED6F7C08979:LeaderElection116] INFO  impl.RoleInfo (RoleInfo.java:shutdownLeaderElection(134)) - 5be219b2-97fd-4a8c-91ea-b15aa89454d4: shutdown LeaderElection
2019-09-25 05:52:38,553 [5be219b2-97fd-4a8c-91ea-b15aa89454d4@group-68BF0268EAE0:LeaderElection112] INFO  impl.RoleInfo (RoleInfo.java:shutdownLeaderElection(134)) - 5be219b2-97fd-4a8c-91ea-b15aa89454d4: shutdown LeaderElection
2019-09-25 05:52:38,553 [754f3588-47e6-41ad-b34e-eb7041cce070@group-A2252AB6FA12:LeaderElection115] INFO  impl.RoleInfo (RoleInfo.java:shutdownLeaderElection(134)) - 754f3588-47e6-41ad-b34e-eb7041cce070: shutdown LeaderElection
2019-09-25 05:52:38,553 [5be219b2-97fd-4a8c-91ea-b15aa89454d4@group-C9565C519C1A:LeaderElection111] INFO  impl.RoleInfo (RoleInfo.java:shutdownLeaderElection(134)) - 5be219b2-97fd-4a8c-91ea-b15aa89454d4: shutdown LeaderElection
2019-09-25 05:52:38,553 [5be219b2-97fd-4a8c-91ea-b15aa89454d4@group-8EFB222D9B87:LeaderElection113] INFO  impl.RoleInfo (RoleInfo.java:shutdownLeaderElection(134)) - 5be219b2-97fd-4a8c-91ea-b15aa89454d4: shutdown LeaderElection
2019-09-25 05:52:38,553 [754f3588-47e6-41ad-b34e-eb7041cce070@group-8904BE2F6653:LeaderElection109] INFO  impl.RoleInfo (RoleInfo.java:shutdownLeaderElection(134)) - 754f3588-47e6-41ad-b34e-eb7041cce070: shutdown LeaderElection
2019-09-25 05:52:38,553 [5be219b2-97fd-4a8c-91ea-b15aa89454d4@group-33B7851AF354:LeaderElection114] INFO  impl.RaftServerImpl (RaftServerImpl.java:setRole(174)) - 5be219b2-97fd-4a8c-91ea-b15aa89454d4@group-33B7851AF354: changes role from CANDIDATE to LEADER at term 1 for changeToLeader
2019-09-25 05:52:38,553 [5be219b2-97fd-4a8c-91ea-b15aa89454d4@group-9A6E2FA63B89:LeaderElection110] INFO  impl.RoleInfo (RoleInfo.java:shutdownLeaderElection(134)) - 5be219b2-97fd-4a8c-91ea-b15aa89454d4: shutdown LeaderElection
2019-09-25 05:52:38,555 [5be219b2-97fd-4a8c-91ea-b15aa89454d4@group-33B7851AF354:LeaderElection114] INFO  impl.RaftServerImpl (ServerState.java:setLeader(253)) - 5be219b2-97fd-4a8c-91ea-b15aa89454d4@group-33B7851AF354: change Leader from null to 5be219b2-97fd-4a8c-91ea-b15aa89454d4 at term 1 for becomeLeader, leader elected after 5545ms
2019-09-25 05:52:38,554 [Thread-585] INFO  impl.RoleInfo (RoleInfo.java:shutdownFollowerState(121)) - 5be219b2-97fd-4a8c-91ea-b15aa89454d4: shutdown FollowerState
2019-09-25 05:52:38,554 [754f3588-47e6-41ad-b34e-eb7041cce070@group-8904BE2F6653:LeaderElection109] INFO  impl.RaftServerImpl (RaftServerImpl.java:setRole(174)) - 754f3588-47e6-41ad-b34e-eb7041cce070@group-8904BE2F6653: changes role from CANDIDATE to LEADER at term 1 for changeToLeader
2019-09-25 05:52:38,554 [5be219b2-97fd-4a8c-91ea-b15aa89454d4@group-8EFB222D9B87:LeaderElection113] INFO  impl.RaftServerImpl (RaftServerImpl.java:setRole(174)) - 5be219b2-97fd-4a8c-91ea-b15aa89454d4@group-8EFB222D9B87: changes role from CANDIDATE to LEADER at term 1 for changeToLeader
2019-09-25 05:52:38,554 [5be219b2-97fd-4a8c-91ea-b15aa89454d4@group-C9565C519C1A:LeaderElection111] INFO  impl.RaftServerImpl (RaftServerImpl.java:setRole(174)) - 5be219b2-97fd-4a8c-91ea-b15aa89454d4@group-C9565C519C1A: changes role from CANDIDATE to LEADER at term 1 for changeToLeader
2019-09-25 05:52:38,554 [754f3588-47e6-41ad-b34e-eb7041cce070@group-A2252AB6FA12:LeaderElection115] INFO  impl.RaftServerImpl (RaftServerImpl.java:setRole(174)) - 754f3588-47e6-41ad-b34e-eb7041cce070@group-A2252AB6FA12: changes role from CANDIDATE to LEADER at term 1 for changeToLeader
2019-09-25 05:52:38,554 [5be219b2-97fd-4a8c-91ea-b15aa89454d4@group-68BF0268EAE0:LeaderElection112] INFO  impl.RaftServerImpl (RaftServerImpl.java:setRole(174)) - 5be219b2-97fd-4a8c-91ea-b15aa89454d4@group-68BF0268EAE0: changes role from CANDIDATE to LEADER at term 1 for changeToLeader
2019-09-25 05:52:38,554 [5be219b2-97fd-4a8c-91ea-b15aa89454d4@group-DED6F7C08979:LeaderElection116] INFO  impl.RaftServerImpl (RaftServerImpl.java:setRole(174)) - 5be219b2-97fd-4a8c-91ea-b15aa89454d4@group-DED6F7C08979: changes role from CANDIDATE to LEADER at term 1 for changeToLeader
2019-09-25 05:52:38,555 [5be219b2-97fd-4a8c-91ea-b15aa89454d4@group-68BF0268EAE0:LeaderElection112] INFO  impl.RaftServerImpl (ServerState.java:setLeader(253)) - 5be219b2-97fd-4a8c-91ea-b15aa89454d4@group-68BF0268EAE0: change Leader from null to 5be219b2-97fd-4a8c-91ea-b15aa89454d4 at term 1 for becomeLeader, leader elected after 5635ms
2019-09-25 05:52:38,555 [754f3588-47e6-41ad-b34e-eb7041cce070@group-A2252AB6FA12:LeaderElection115] INFO  impl.RaftServerImpl (ServerState.java:setLeader(253)) - 754f3588-47e6-41ad-b34e-eb7041cce070@group-A2252AB6FA12: change Leader from null to 754f3588-47e6-41ad-b34e-eb7041cce070 at term 1 for becomeLeader, leader elected after 5507ms
2019-09-25 05:52:38,555 [5be219b2-97fd-4a8c-91ea-b15aa89454d4@group-C9565C519C1A:LeaderElection111] INFO  impl.RaftServerImpl (ServerState.java:setLeader(253)) - 5be219b2-97fd-4a8c-91ea-b15aa89454d4@group-C9565C519C1A: change Leader from null to 5be219b2-97fd-4a8c-91ea-b15aa89454d4 at term 1 for becomeLeader, leader elected after 5452ms
2019-09-25 05:52:38,556 [5be219b2-97fd-4a8c-91ea-b15aa89454d4@group-C9565C519C1A:LeaderElection111] INFO  server.RaftServerConfigKeys (ConfUtils.java:logGet(43)) - raft.server.staging.catchup.gap = 1000 (default)
2019-09-25 05:52:38,555 [5be219b2-97fd-4a8c-91ea-b15aa89454d4@group-8EFB222D9B87:LeaderElection113] INFO  impl.RaftServerImpl (ServerState.java:setLeader(253)) - 5be219b2-97fd-4a8c-91ea-b15aa89454d4@group-8EFB222D9B87: change Leader from null to 5be219b2-97fd-4a8c-91ea-b15aa89454d4 at term 1 for becomeLeader, leader elected after 5351ms
2019-09-25 05:52:38,555 [754f3588-47e6-41ad-b34e-eb7041cce070@group-8904BE2F6653:LeaderElection109] INFO  impl.RaftServerImpl (ServerState.java:setLeader(253)) - 754f3588-47e6-41ad-b34e-eb7041cce070@group-8904BE2F6653: change Leader from null to 754f3588-47e6-41ad-b34e-eb7041cce070 at term 1 for becomeLeader, leader elected after 5691ms
2019-09-25 05:52:38,555 [5be219b2-97fd-4a8c-91ea-b15aa89454d4@group-33B7851AF354:LeaderElection114] INFO  server.RaftServerConfigKeys (ConfUtils.java:logGet(43)) - raft.server.staging.catchup.gap = 1000 (default)
2019-09-25 05:52:38,555 [Thread-585] INFO  impl.RaftServerImpl (RaftServerImpl.java:setRole(174)) - 5be219b2-97fd-4a8c-91ea-b15aa89454d4@group-38D98D4419BA: changes role from  FOLLOWER to CANDIDATE at term 0 for changeToCandidate
2019-09-25 05:52:38,555 [5be219b2-97fd-4a8c-91ea-b15aa89454d4@group-9A6E2FA63B89:LeaderElection110] INFO  impl.RaftServerImpl (RaftServerImpl.java:setRole(174)) - 5be219b2-97fd-4a8c-91ea-b15aa89454d4@group-9A6E2FA63B89: changes role from CANDIDATE to LEADER at term 1 for changeToLeader
2019-09-25 05:52:38,557 [Thread-585] INFO  impl.RoleInfo (RoleInfo.java:updateAndGet(143)) - 5be219b2-97fd-4a8c-91ea-b15aa89454d4: start LeaderElection
2019-09-25 05:52:38,557 [5be219b2-97fd-4a8c-91ea-b15aa89454d4@group-33B7851AF354:LeaderElection114] INFO  server.RaftServerConfigKeys (ConfUtils.java:logGet(43)) - raft.server.rpc.sleep.time = 25ms (default)
2019-09-25 05:52:38,556 [754f3588-47e6-41ad-b34e-eb7041cce070@group-8904BE2F6653:LeaderElection109] INFO  server.RaftServerConfigKeys (ConfUtils.java:logGet(43)) - raft.server.staging.catchup.gap = 1000 (default)
2019-09-25 05:52:38,556 [5be219b2-97fd-4a8c-91ea-b15aa89454d4@group-8EFB222D9B87:LeaderElection113] INFO  server.RaftServerConfigKeys (ConfUtils.java:logGet(43)) - raft.server.staging.catchup.gap = 1000 (default)
2019-09-25 05:52:38,556 [5be219b2-97fd-4a8c-91ea-b15aa89454d4@group-C9565C519C1A:LeaderElection111] INFO  server.RaftServerConfigKeys (ConfUtils.java:logGet(43)) - raft.server.rpc.sleep.time = 25ms (default)
2019-09-25 05:52:38,556 [754f3588-47e6-41ad-b34e-eb7041cce070@group-A2252AB6FA12:LeaderElection115] INFO  server.RaftServerConfigKeys (ConfUtils.java:logGet(43)) - raft.server.staging.catchup.gap = 1000 (default)
2019-09-25 05:52:38,556 [5be219b2-97fd-4a8c-91ea-b15aa89454d4@group-68BF0268EAE0:LeaderElection112] INFO  server.RaftServerConfigKeys (ConfUtils.java:logGet(43)) - raft.server.staging.catchup.gap = 1000 (default)
2019-09-25 05:52:38,558 [754f3588-47e6-41ad-b34e-eb7041cce070@group-A475441C9D32:LeaderElection94] INFO  impl.RoleInfo (RoleInfo.java:updateAndGet(143)) - 754f3588-47e6-41ad-b34e-eb7041cce070: start LeaderState
2019-09-25 05:52:38,556 [5be219b2-97fd-4a8c-91ea-b15aa89454d4@group-DED6F7C08979:LeaderElection116] INFO  impl.RaftServerImpl (ServerState.java:setLeader(253)) - 5be219b2-97fd-4a8c-91ea-b15aa89454d4@group-DED6F7C08979: change Leader from null to 5be219b2-97fd-4a8c-91ea-b15aa89454d4 at term 1 for becomeLeader, leader elected after 5585ms
2019-09-25 05:52:38,558 [754f3588-47e6-41ad-b34e-eb7041cce070@group-2AFD8FA83037-SegmentedRaftLogWorker] ERROR segmented.SegmentedRaftLogWorker (SegmentedRaftLogWorker.java:run(323)) - 754f3588-47e6-41ad-b34e-eb7041cce070@group-2AFD8FA83037-SegmentedRaftLogWorker hit exception
java.lang.OutOfMemoryError: Direct buffer memory
	at java.nio.Bits.reserveMemory(Bits.java:666)
	at java.nio.DirectByteBuffer.<init>(DirectByteBuffer.java:123)
	at java.nio.ByteBuffer.allocateDirect(ByteBuffer.java:311)
	at org.apache.ratis.server.raftlog.segmented.BufferedWriteChannel.<init>(BufferedWriteChannel.java:41)
	at org.apache.ratis.server.raftlog.segmented.SegmentedRaftLogOutputStream.<init>(SegmentedRaftLogOutputStream.java:72)
	at org.apache.ratis.server.raftlog.segmented.SegmentedRaftLogWorker$StartLogSegment.execute(SegmentedRaftLogWorker.java:566)
	at org.apache.ratis.server.raftlog.segmented.SegmentedRaftLogWorker.run(SegmentedRaftLogWorker.java:289)
	at java.lang.Thread.run(Thread.java:748)
2019-09-25 05:52:38,558 [5be219b2-97fd-4a8c-91ea-b15aa89454d4@group-68BF0268EAE0:LeaderElection112] INFO  server.RaftServerConfigKeys (ConfUtils.java:logGet(43)) - raft.server.rpc.sleep.time = 25ms (default)
2019-09-25 05:52:38,558 [754f3588-47e6-41ad-b34e-eb7041cce070@group-A2252AB6FA12:LeaderElection115] INFO  server.RaftServerConfigKeys (ConfUtils.java:logGet(43)) - raft.server.rpc.sleep.time = 25ms (default)
2019-09-25 05:52:38,557 [5be219b2-97fd-4a8c-91ea-b15aa89454d4@group-C9565C519C1A:LeaderElection111] INFO  server.RaftServerConfigKeys (ConfUtils.java:logGet(43)) - raft.server.write.element-limit = 4096 (default)
2019-09-25 05:52:38,557 [5be219b2-97fd-4a8c-91ea-b15aa89454d4@group-8EFB222D9B87:LeaderElection113] INFO  server.RaftServerConfigKeys (ConfUtils.java:logGet(43)) - raft.server.rpc.sleep.time = 25ms (default)
2019-09-25 05:52:38,557 [754f3588-47e6-41ad-b34e-eb7041cce070@group-8904BE2F6653:LeaderElection109] INFO  server.RaftServerConfigKeys (ConfUtils.java:logGet(43)) - raft.server.rpc.sleep.time = 25ms (default)
2019-09-25 05:52:38,557 [5be219b2-97fd-4a8c-91ea-b15aa89454d4@group-33B7851AF354:LeaderElection114] INFO  server.RaftServerConfigKeys (ConfUtils.java:logGet(43)) - raft.server.write.element-limit = 4096 (default)
2019-09-25 05:52:38,557 [5be219b2-97fd-4a8c-91ea-b15aa89454d4@group-9A6E2FA63B89:LeaderElection110] INFO  impl.RaftServerImpl (ServerState.java:setLeader(253)) - 5be219b2-97fd-4a8c-91ea-b15aa89454d4@group-9A6E2FA63B89: change Leader from null to 5be219b2-97fd-4a8c-91ea-b15aa89454d4 at term 1 for becomeLeader, leader elected after 5399ms
2019-09-25 05:52:38,562 [5be219b2-97fd-4a8c-91ea-b15aa89454d4@group-33B7851AF354:LeaderElection114] INFO  server.RaftServerConfigKeys (ConfUtils.java:logGet(43)) - raft.server.watch.timeout = 10s (default)
2019-09-25 05:52:38,562 [754f3588-47e6-41ad-b34e-eb7041cce070@group-8904BE2F6653:LeaderElection109] INFO  server.RaftServerConfigKeys (ConfUtils.java:logGet(43)) - raft.server.write.element-limit = 4096 (default)
2019-09-25 05:52:38,561 [5be219b2-97fd-4a8c-91ea-b15aa89454d4@group-8EFB222D9B87:LeaderElection113] INFO  server.RaftServerConfigKeys (ConfUtils.java:logGet(43)) - raft.server.write.element-limit = 4096 (default)
2019-09-25 05:52:38,562 [5be219b2-97fd-4a8c-91ea-b15aa89454d4@group-8EFB222D9B87:LeaderElection113] INFO  server.RaftServerConfigKeys (ConfUtils.java:logGet(43)) - raft.server.watch.timeout = 10s (default)
2019-09-25 05:52:38,561 [5be219b2-97fd-4a8c-91ea-b15aa89454d4@group-C9565C519C1A:LeaderElection111] INFO  server.RaftServerConfigKeys (ConfUtils.java:logGet(43)) - raft.server.watch.timeout = 10s (default)
2019-09-25 05:52:38,561 [754f3588-47e6-41ad-b34e-eb7041cce070@group-A2252AB6FA12:LeaderElection115] INFO  server.RaftServerConfigKeys (ConfUtils.java:logGet(43)) - raft.server.write.element-limit = 4096 (default)
2019-09-25 05:52:38,561 [5be219b2-97fd-4a8c-91ea-b15aa89454d4@group-68BF0268EAE0:LeaderElection112] INFO  server.RaftServerConfigKeys (ConfUtils.java:logGet(43)) - raft.server.write.element-limit = 4096 (default)
2019-09-25 05:52:38,561 [754f3588-47e6-41ad-b34e-eb7041cce070@group-2AFD8FA83037-SegmentedRaftLogWorker] INFO  impl.RaftServerImpl (RaftServerImpl.java:lambda$shutdown$3(251)) - 754f3588-47e6-41ad-b34e-eb7041cce070@group-2AFD8FA83037: shutdown
2019-09-25 05:52:38,561 [0bbc1277-be6f-4bf3-88cf-1c3b12e139ad@group-84D84F2032E7-SegmentedRaftLogWorker] ERROR segmented.SegmentedRaftLogWorker (SegmentedRaftLogWorker.java:run(323)) - 0bbc1277-be6f-4bf3-88cf-1c3b12e139ad@group-84D84F2032E7-SegmentedRaftLogWorker hit exception
java.lang.OutOfMemoryError: Direct buffer memory
	at java.nio.Bits.reserveMemory(Bits.java:666)
	at java.nio.DirectByteBuffer.<init>(DirectByteBuffer.java:123)
	at java.nio.ByteBuffer.allocateDirect(ByteBuffer.java:311)
	at org.apache.ratis.server.raftlog.segmented.BufferedWriteChannel.<init>(BufferedWriteChannel.java:41)
	at org.apache.ratis.server.raftlog.segmented.SegmentedRaftLogOutputStream.<init>(SegmentedRaftLogOutputStream.java:72)
	at org.apache.ratis.server.raftlog.segmented.SegmentedRaftLogWorker$StartLogSegment.execute(SegmentedRaftLogWorker.java:566)
	at org.apache.ratis.server.raftlog.segmented.SegmentedRaftLogWorker.run(SegmentedRaftLogWorker.java:289)
	at java.lang.Thread.run(Thread.java:748)
2019-09-25 05:52:38,558 [754f3588-47e6-41ad-b34e-eb7041cce070@group-A475441C9D32:LeaderElection94] INFO  segmented.SegmentedRaftLogWorker (SegmentedRaftLogWorker.java:startLogSegment(380)) - 754f3588-47e6-41ad-b34e-eb7041cce070@group-A475441C9D32-SegmentedRaftLogWorker: Starting segment from index:0
2019-09-25 05:52:38,558 [5be219b2-97fd-4a8c-91ea-b15aa89454d4@group-DED6F7C08979:LeaderElection116] INFO  server.RaftServerConfigKeys (ConfUtils.java:logGet(43)) - raft.server.staging.catchup.gap = 1000 (default)
2019-09-25 05:52:38,563 [0bbc1277-be6f-4bf3-88cf-1c3b12e139ad@group-84D84F2032E7-SegmentedRaftLogWorker] INFO  impl.RaftServerImpl (RaftServerImpl.java:lambda$shutdown$3(251)) - 0bbc1277-be6f-4bf3-88cf-1c3b12e139ad@group-84D84F2032E7: shutdown
2019-09-25 05:52:38,563 [5be219b2-97fd-4a8c-91ea-b15aa89454d4@group-68BF0268EAE0:LeaderElection112] INFO  server.RaftServerConfigKeys (ConfUtils.java:logGet(43)) - raft.server.watch.timeout = 10s (default)
2019-09-25 05:52:38,563 [754f3588-47e6-41ad-b34e-eb7041cce070@group-A2252AB6FA12:LeaderElection115] INFO  server.RaftServerConfigKeys (ConfUtils.java:logGet(43)) - raft.server.watch.timeout = 10s (default)
2019-09-25 05:52:38,562 [5be219b2-97fd-4a8c-91ea-b15aa89454d4@group-C9565C519C1A:LeaderElection111] INFO  server.RaftServerConfigKeys (ConfUtils.java:logGet(43)) - raft.server.watch.timeout.denomination = 1s (default)
2019-09-25 05:52:38,562 [5be219b2-97fd-4a8c-91ea-b15aa89454d4@group-8EFB222D9B87:LeaderElection113] INFO  server.RaftServerConfigKeys (ConfUtils.java:logGet(43)) - raft.server.watch.timeout.denomination = 1s (default)
2019-09-25 05:52:38,562 [754f3588-47e6-41ad-b34e-eb7041cce070@group-8904BE2F6653:LeaderElection109] INFO  server.RaftServerConfigKeys (ConfUtils.java:logGet(43)) - raft.server.watch.timeout = 10s (default)
2019-09-25 05:52:38,562 [5be219b2-97fd-4a8c-91ea-b15aa89454d4@group-33B7851AF354:LeaderElection114] INFO  server.RaftServerConfigKeys (ConfUtils.java:logGet(43)) - raft.server.watch.timeout.denomination = 1s (default)
2019-09-25 05:52:38,562 [5be219b2-97fd-4a8c-91ea-b15aa89454d4@group-9A6E2FA63B89:LeaderElection110] INFO  server.RaftServerConfigKeys (ConfUtils.java:logGet(43)) - raft.server.staging.catchup.gap = 1000 (default)
2019-09-25 05:52:38,775 [5be219b2-97fd-4a8c-91ea-b15aa89454d4@group-33B7851AF354:LeaderElection114] INFO  server.RaftServerConfigKeys (ConfUtils.java:logGet(43)) - raft.server.watch.element-limit = 65536 (default)
2019-09-25 05:52:38,775 [754f3588-47e6-41ad-b34e-eb7041cce070@group-8904BE2F6653:LeaderElection109] INFO  server.RaftServerConfigKeys (ConfUtils.java:logGet(43)) - raft.server.watch.timeout.denomination = 1s (default)
2019-09-25 05:52:38,775 [5be219b2-97fd-4a8c-91ea-b15aa89454d4@group-C9565C519C1A:LeaderElection111] INFO  server.RaftServerConfigKeys (ConfUtils.java:logGet(43)) - raft.server.watch.element-limit = 65536 (default)
2019-09-25 05:52:38,775 [5be219b2-97fd-4a8c-91ea-b15aa89454d4@group-8EFB222D9B87:LeaderElection113] INFO  server.RaftServerConfigKeys (ConfUtils.java:logGet(43)) - raft.server.watch.element-limit = 65536 (default)
2019-09-25 05:52:38,775 [754f3588-47e6-41ad-b34e-eb7041cce070@group-A2252AB6FA12:LeaderElection115] INFO  server.RaftServerConfigKeys (ConfUtils.java:logGet(43)) - raft.server.watch.timeout.denomination = 1s (default)
2019-09-25 05:52:38,774 [5be219b2-97fd-4a8c-91ea-b15aa89454d4@group-38D98D4419BA:LeaderElection117] INFO  impl.LeaderElection (LeaderElection.java:askForVotes(182)) - 5be219b2-97fd-4a8c-91ea-b15aa89454d4@group-38D98D4419BA:LeaderElection117: begin an election at term 1 for -1: [5be219b2-97fd-4a8c-91ea-b15aa89454d4:192.168.30.10:40625], old=null
2019-09-25 05:52:38,776 [5be219b2-97fd-4a8c-91ea-b15aa89454d4@group-38D98D4419BA:LeaderElection117] INFO  impl.RoleInfo (RoleInfo.java:shutdownLeaderElection(134)) - 5be219b2-97fd-4a8c-91ea-b15aa89454d4: shutdown LeaderElection
2019-09-25 05:52:38,774 [Thread-595] INFO  impl.FollowerState (FollowerState.java:run(106)) - 0bbc1277-be6f-4bf3-88cf-1c3b12e139ad:group-13CCC1715FDD changes to CANDIDATE, lastRpcTime:5193, electionTimeout:5010ms
2019-09-25 05:52:38,774 [Thread-590] INFO  impl.FollowerState (FollowerState.java:run(106)) - 0bbc1277-be6f-4bf3-88cf-1c3b12e139ad:group-0DB47DC2B114 changes to CANDIDATE, lastRpcTime:5273, electionTimeout:5100ms
2019-09-25 05:52:38,772 [Thread-600] INFO  impl.FollowerState (FollowerState.java:run(106)) - 754f3588-47e6-41ad-b34e-eb7041cce070:group-C1F53D7A1728 changes to CANDIDATE, lastRpcTime:5105, electionTimeout:5064ms
2019-09-25 05:52:38,564 [5be219b2-97fd-4a8c-91ea-b15aa89454d4@group-68BF0268EAE0:LeaderElection112] INFO  server.RaftServerConfigKeys (ConfUtils.java:logGet(43)) - raft.server.watch.timeout.denomination = 1s (default)
2019-09-25 05:52:38,564 [754f3588-47e6-41ad-b34e-eb7041cce070@group-A475441C9D32:LeaderElection94] INFO  impl.RaftServerImpl (ServerState.java:setRaftConf(354)) - 754f3588-47e6-41ad-b34e-eb7041cce070@group-A475441C9D32: set configuration 0: [754f3588-47e6-41ad-b34e-eb7041cce070:192.168.30.10:41089], old=null at 0
2019-09-25 05:52:38,563 [5be219b2-97fd-4a8c-91ea-b15aa89454d4@group-DED6F7C08979:LeaderElection116] INFO  server.RaftServerConfigKeys (ConfUtils.java:logGet(43)) - raft.server.rpc.sleep.time = 25ms (default)
2019-09-25 05:52:38,777 [5be219b2-97fd-4a8c-91ea-b15aa89454d4@group-68BF0268EAE0:LeaderElection112] INFO  server.RaftServerConfigKeys (ConfUtils.java:logGet(43)) - raft.server.watch.element-limit = 65536 (default)
2019-09-25 05:52:38,777 [0bbc1277-be6f-4bf3-88cf-1c3b12e139ad@group-84D84F2032E7-SegmentedRaftLogWorker] INFO  util.JmxRegister (JmxRegister.java:unregister(73)) - Successfully un-registered JMX Bean with object name Ratis:service=RaftServer,group=group-84D84F2032E7,id=0bbc1277-be6f-4bf3-88cf-1c3b12e139ad
2019-09-25 05:52:38,777 [5be219b2-97fd-4a8c-91ea-b15aa89454d4@group-38D98D4419BA:LeaderElection117] INFO  impl.RaftServerImpl (RaftServerImpl.java:setRole(174)) - 5be219b2-97fd-4a8c-91ea-b15aa89454d4@group-38D98D4419BA: changes role from CANDIDATE to LEADER at term 1 for changeToLeader
2019-09-25 05:52:38,776 [754f3588-47e6-41ad-b34e-eb7041cce070@group-A2252AB6FA12:LeaderElection115] INFO  server.RaftServerConfigKeys (ConfUtils.java:logGet(43)) - raft.server.watch.element-limit = 65536 (default)
2019-09-25 05:52:38,776 [754f3588-47e6-41ad-b34e-eb7041cce070@group-2AFD8FA83037-SegmentedRaftLogWorker] INFO  util.JmxRegister (JmxRegister.java:unregister(73)) - Successfully un-registered JMX Bean with object name Ratis:service=RaftServer,group=group-2AFD8FA83037,id=754f3588-47e6-41ad-b34e-eb7041cce070
2019-09-25 05:52:38,776 [754f3588-47e6-41ad-b34e-eb7041cce070@group-8904BE2F6653:LeaderElection109] INFO  server.RaftServerConfigKeys (ConfUtils.java:logGet(43)) - raft.server.watch.element-limit = 65536 (default)
2019-09-25 05:52:38,779 [Thread-595] INFO  impl.RoleInfo (RoleInfo.java:shutdownFollowerState(121)) - 0bbc1277-be6f-4bf3-88cf-1c3b12e139ad: shutdown FollowerState
2019-09-25 05:52:38,775 [5be219b2-97fd-4a8c-91ea-b15aa89454d4@group-9A6E2FA63B89:LeaderElection110] INFO  server.RaftServerConfigKeys (ConfUtils.java:logGet(43)) - raft.server.rpc.sleep.time = 25ms (default)
2019-09-25 05:52:38,779 [Thread-595] INFO  impl.RaftServerImpl (RaftServerImpl.java:setRole(174)) - 0bbc1277-be6f-4bf3-88cf-1c3b12e139ad@group-13CCC1715FDD: changes role from  FOLLOWER to CANDIDATE at term 0 for changeToCandidate
2019-09-25 05:52:38,779 [Thread-600] INFO  impl.RoleInfo (RoleInfo.java:shutdownFollowerState(121)) - 754f3588-47e6-41ad-b34e-eb7041cce070: shutdown FollowerState
2019-09-25 05:52:38,778 [Thread-590] INFO  impl.RoleInfo (RoleInfo.java:shutdownFollowerState(121)) - 0bbc1277-be6f-4bf3-88cf-1c3b12e139ad: shutdown FollowerState
2019-09-25 05:52:38,778 [754f3588-47e6-41ad-b34e-eb7041cce070@group-2AFD8FA83037-SegmentedRaftLogWorker] INFO  impl.RoleInfo (RoleInfo.java:shutdownLeaderState(104)) - 754f3588-47e6-41ad-b34e-eb7041cce070: shutdown LeaderState
2019-09-25 05:52:38,778 [5be219b2-97fd-4a8c-91ea-b15aa89454d4@group-38D98D4419BA:LeaderElection117] INFO  impl.RaftServerImpl (ServerState.java:setLeader(253)) - 5be219b2-97fd-4a8c-91ea-b15aa89454d4@group-38D98D4419BA: change Leader from null to 5be219b2-97fd-4a8c-91ea-b15aa89454d4 at term 1 for becomeLeader, leader elected after 5404ms
2019-09-25 05:52:38,778 [0bbc1277-be6f-4bf3-88cf-1c3b12e139ad@group-98DB549270B5:LeaderElection91] INFO  impl.RoleInfo (RoleInfo.java:updateAndGet(143)) - 0bbc1277-be6f-4bf3-88cf-1c3b12e139ad: start LeaderState
2019-09-25 05:52:38,778 [0bbc1277-be6f-4bf3-88cf-1c3b12e139ad@group-84D84F2032E7-SegmentedRaftLogWorker] INFO  impl.RoleInfo (RoleInfo.java:shutdownLeaderState(104)) - 0bbc1277-be6f-4bf3-88cf-1c3b12e139ad: shutdown LeaderState
2019-09-25 05:52:38,778 [5be219b2-97fd-4a8c-91ea-b15aa89454d4@group-DED6F7C08979:LeaderElection116] INFO  server.RaftServerConfigKeys (ConfUtils.java:logGet(43)) - raft.server.write.element-limit = 4096 (default)
2019-09-25 05:52:38,780 [0bbc1277-be6f-4bf3-88cf-1c3b12e139ad@group-84D84F2032E7-SegmentedRaftLogWorker] INFO  impl.PendingRequests (PendingRequests.java:sendNotLeaderResponses(202)) - 0bbc1277-be6f-4bf3-88cf-1c3b12e139ad-PendingRequests: sendNotLeaderResponses
2019-09-25 05:52:38,779 [5be219b2-97fd-4a8c-91ea-b15aa89454d4@group-38D98D4419BA:LeaderElection117] INFO  server.RaftServerConfigKeys (ConfUtils.java:logGet(43)) - raft.server.staging.catchup.gap = 1000 (default)
2019-09-25 05:52:38,779 [754f3588-47e6-41ad-b34e-eb7041cce070@group-2AFD8FA83037-SegmentedRaftLogWorker] INFO  impl.PendingRequests (PendingRequests.java:sendNotLeaderResponses(202)) - 754f3588-47e6-41ad-b34e-eb7041cce070-PendingRequests: sendNotLeaderResponses
2019-09-25 05:52:38,779 [Thread-590] INFO  impl.RaftServerImpl (RaftServerImpl.java:setRole(174)) - 0bbc1277-be6f-4bf3-88cf-1c3b12e139ad@group-0DB47DC2B114: changes role from  FOLLOWER to CANDIDATE at term 0 for changeToCandidate
2019-09-25 05:52:38,779 [Thread-600] INFO  impl.RaftServerImpl (RaftServerImpl.java:setRole(174)) - 754f3588-47e6-41ad-b34e-eb7041cce070@group-C1F53D7A1728: changes role from  FOLLOWER to CANDIDATE at term 0 for changeToCandidate
2019-09-25 05:52:38,779 [Thread-595] INFO  impl.RoleInfo (RoleInfo.java:updateAndGet(143)) - 0bbc1277-be6f-4bf3-88cf-1c3b12e139ad: start LeaderElection
2019-09-25 05:52:38,779 [5be219b2-97fd-4a8c-91ea-b15aa89454d4@group-9A6E2FA63B89:LeaderElection110] INFO  server.RaftServerConfigKeys (ConfUtils.java:logGet(43)) - raft.server.write.element-limit = 4096 (default)
2019-09-25 05:52:38,781 [Thread-600] INFO  impl.RoleInfo (RoleInfo.java:updateAndGet(143)) - 754f3588-47e6-41ad-b34e-eb7041cce070: start LeaderElection
2019-09-25 05:52:38,781 [0bbc1277-be6f-4bf3-88cf-1c3b12e139ad@group-98DB549270B5:LeaderElection91] INFO  segmented.SegmentedRaftLogWorker (SegmentedRaftLogWorker.java:startLogSegment(380)) - 0bbc1277-be6f-4bf3-88cf-1c3b12e139ad@group-98DB549270B5-SegmentedRaftLogWorker: Starting segment from index:0
2019-09-25 05:52:38,780 [5be219b2-97fd-4a8c-91ea-b15aa89454d4@group-37BCAE1ED488:LeaderElection92] INFO  impl.RoleInfo (RoleInfo.java:updateAndGet(143)) - 5be219b2-97fd-4a8c-91ea-b15aa89454d4: start LeaderState
2019-09-25 05:52:38,780 [Thread-590] INFO  impl.RoleInfo (RoleInfo.java:updateAndGet(143)) - 0bbc1277-be6f-4bf3-88cf-1c3b12e139ad: start LeaderElection
2019-09-25 05:52:38,780 [754f3588-47e6-41ad-b34e-eb7041cce070@group-2AFD8FA83037-SegmentedRaftLogWorker] INFO  impl.StateMachineUpdater (StateMachineUpdater.java:stopAndJoin(125)) - 754f3588-47e6-41ad-b34e-eb7041cce070@group-2AFD8FA83037-StateMachineUpdater: set stopIndex = -1
2019-09-25 05:52:38,782 [754f3588-47e6-41ad-b34e-eb7041cce070@group-2AFD8FA83037-SegmentedRaftLogWorker] INFO  impl.RaftServerImpl (ServerState.java:close(385)) - 754f3588-47e6-41ad-b34e-eb7041cce070@group-2AFD8FA83037: closes. applyIndex: -1
2019-09-25 05:52:38,780 [5be219b2-97fd-4a8c-91ea-b15aa89454d4@group-38D98D4419BA:LeaderElection117] INFO  server.RaftServerConfigKeys (ConfUtils.java:logGet(43)) - raft.server.rpc.sleep.time = 25ms (default)
2019-09-25 05:52:38,782 [754f3588-47e6-41ad-b34e-eb7041cce070@group-2AFD8FA83037-SegmentedRaftLogWorker] INFO  segmented.SegmentedRaftLogWorker (SegmentedRaftLogWorker.java:close(228)) - 754f3588-47e6-41ad-b34e-eb7041cce070@group-2AFD8FA83037-SegmentedRaftLogWorker close()
2019-09-25 05:52:38,780 [0bbc1277-be6f-4bf3-88cf-1c3b12e139ad@group-84D84F2032E7-SegmentedRaftLogWorker] INFO  impl.StateMachineUpdater (StateMachineUpdater.java:stopAndJoin(125)) - 0bbc1277-be6f-4bf3-88cf-1c3b12e139ad@group-84D84F2032E7-StateMachineUpdater: set stopIndex = -1
2019-09-25 05:52:38,780 [5be219b2-97fd-4a8c-91ea-b15aa89454d4@group-DED6F7C08979:LeaderElection116] INFO  server.RaftServerConfigKeys (ConfUtils.java:logGet(43)) - raft.server.watch.timeout = 10s (default)
2019-09-25 05:52:38,787 [0bbc1277-be6f-4bf3-88cf-1c3b12e139ad@group-84D84F2032E7-SegmentedRaftLogWorker] INFO  impl.RaftServerImpl (ServerState.java:close(385)) - 0bbc1277-be6f-4bf3-88cf-1c3b12e139ad@group-84D84F2032E7: closes. applyIndex: -1
2019-09-25 05:52:38,782 [5be219b2-97fd-4a8c-91ea-b15aa89454d4@group-38D98D4419BA:LeaderElection117] INFO  server.RaftServerConfigKeys (ConfUtils.java:logGet(43)) - raft.server.write.element-limit = 4096 (default)
2019-09-25 05:52:38,781 [5be219b2-97fd-4a8c-91ea-b15aa89454d4@group-37BCAE1ED488:LeaderElection92] INFO  segmented.SegmentedRaftLogWorker (SegmentedRaftLogWorker.java:startLogSegment(380)) - 5be219b2-97fd-4a8c-91ea-b15aa89454d4@group-37BCAE1ED488-SegmentedRaftLogWorker: Starting segment from index:0
2019-09-25 05:52:38,781 [5be219b2-97fd-4a8c-91ea-b15aa89454d4@group-9A6E2FA63B89:LeaderElection110] INFO  server.RaftServerConfigKeys (ConfUtils.java:logGet(43)) - raft.server.watch.timeout = 10s (default)
2019-09-25 05:52:39,018 [5be219b2-97fd-4a8c-91ea-b15aa89454d4@group-38D98D4419BA:LeaderElection117] INFO  server.RaftServerConfigKeys (ConfUtils.java:logGet(43)) - raft.server.watch.timeout = 10s (default)
2019-09-25 05:52:39,017 [Thread-611] INFO  impl.FollowerState (FollowerState.java:run(106)) - 5be219b2-97fd-4a8c-91ea-b15aa89454d4:group-280C5BF5A703 changes to CANDIDATE, lastRpcTime:5212, electionTimeout:5040ms
2019-09-25 05:52:38,789 [0bbc1277-be6f-4bf3-88cf-1c3b12e139ad@group-84D84F2032E7-SegmentedRaftLogWorker] INFO  segmented.SegmentedRaftLogWorker (SegmentedRaftLogWorker.java:close(228)) - 0bbc1277-be6f-4bf3-88cf-1c3b12e139ad@group-84D84F2032E7-SegmentedRaftLogWorker close()
2019-09-25 05:52:38,789 [0bbc1277-be6f-4bf3-88cf-1c3b12e139ad@group-98DB549270B5:LeaderElection91] INFO  impl.RaftServerImpl (ServerState.java:setRaftConf(354)) - 0bbc1277-be6f-4bf3-88cf-1c3b12e139ad@group-98DB549270B5: set configuration 0: [0bbc1277-be6f-4bf3-88cf-1c3b12e139ad:192.168.30.10:46701], old=null at 0
2019-09-25 05:52:38,787 [5be219b2-97fd-4a8c-91ea-b15aa89454d4@group-DED6F7C08979:LeaderElection116] INFO  server.RaftServerConfigKeys (ConfUtils.java:logGet(43)) - raft.server.watch.timeout.denomination = 1s (default)
2019-09-25 05:52:39,201 [0bbc1277-be6f-4bf3-88cf-1c3b12e139ad@group-13CCC1715FDD:LeaderElection118] INFO  impl.LeaderElection (LeaderElection.java:askForVotes(182)) - 0bbc1277-be6f-4bf3-88cf-1c3b12e139ad@group-13CCC1715FDD:LeaderElection118: begin an election at term 1 for -1: [0bbc1277-be6f-4bf3-88cf-1c3b12e139ad:192.168.30.10:46701], old=null
2019-09-25 05:52:39,200 [Thread-619] INFO  impl.FollowerState (FollowerState.java:run(106)) - 5be219b2-97fd-4a8c-91ea-b15aa89454d4:group-144250B2D26F changes to CANDIDATE, lastRpcTime:5236, electionTimeout:5163ms
2019-09-25 05:52:39,021 [5be219b2-97fd-4a8c-91ea-b15aa89454d4@group-37BCAE1ED488:LeaderElection92] INFO  impl.RaftServerImpl (ServerState.java:setRaftConf(354)) - 5be219b2-97fd-4a8c-91ea-b15aa89454d4@group-37BCAE1ED488: set configuration 0: [5be219b2-97fd-4a8c-91ea-b15aa89454d4:192.168.30.10:40625], old=null at 0
2019-09-25 05:52:39,018 [5be219b2-97fd-4a8c-91ea-b15aa89454d4@group-38D98D4419BA:LeaderElection117] INFO  server.RaftServerConfigKeys (ConfUtils.java:logGet(43)) - raft.server.watch.timeout.denomination = 1s (default)
2019-09-25 05:52:39,210 [Thread-611] INFO  impl.RoleInfo (RoleInfo.java:shutdownFollowerState(121)) - 5be219b2-97fd-4a8c-91ea-b15aa89454d4: shutdown FollowerState
2019-09-25 05:52:39,018 [5be219b2-97fd-4a8c-91ea-b15aa89454d4@group-9A6E2FA63B89:LeaderElection110] INFO  server.RaftServerConfigKeys (ConfUtils.java:logGet(43)) - raft.server.watch.timeout.denomination = 1s (default)
2019-09-25 05:52:39,210 [0bbc1277-be6f-4bf3-88cf-1c3b12e139ad@group-13CCC1715FDD:LeaderElection118] INFO  impl.RoleInfo (RoleInfo.java:shutdownLeaderElection(134)) - 0bbc1277-be6f-4bf3-88cf-1c3b12e139ad: shutdown LeaderElection
2019-09-25 05:52:39,210 [Thread-611] INFO  impl.RaftServerImpl (RaftServerImpl.java:setRole(174)) - 5be219b2-97fd-4a8c-91ea-b15aa89454d4@group-280C5BF5A703: changes role from  FOLLOWER to CANDIDATE at term 0 for changeToCandidate
2019-09-25 05:52:39,210 [5be219b2-97fd-4a8c-91ea-b15aa89454d4@group-38D98D4419BA:LeaderElection117] INFO  server.RaftServerConfigKeys (ConfUtils.java:logGet(43)) - raft.server.watch.element-limit = 65536 (default)
2019-09-25 05:52:39,210 [5be219b2-97fd-4a8c-91ea-b15aa89454d4@group-DED6F7C08979:LeaderElection116] INFO  server.RaftServerConfigKeys (ConfUtils.java:logGet(43)) - raft.server.watch.element-limit = 65536 (default)
2019-09-25 05:52:39,211 [Thread-611] INFO  impl.RoleInfo (RoleInfo.java:updateAndGet(143)) - 5be219b2-97fd-4a8c-91ea-b15aa89454d4: start LeaderElection
2019-09-25 05:52:39,211 [0bbc1277-be6f-4bf3-88cf-1c3b12e139ad@group-13CCC1715FDD:LeaderElection118] INFO  impl.RaftServerImpl (RaftServerImpl.java:setRole(174)) - 0bbc1277-be6f-4bf3-88cf-1c3b12e139ad@group-13CCC1715FDD: changes role from CANDIDATE to LEADER at term 1 for changeToLeader
2019-09-25 05:52:39,210 [5be219b2-97fd-4a8c-91ea-b15aa89454d4@group-9A6E2FA63B89:LeaderElection110] INFO  server.RaftServerConfigKeys (ConfUtils.java:logGet(43)) - raft.server.watch.element-limit = 65536 (default)
2019-09-25 05:52:39,211 [754f3588-47e6-41ad-b34e-eb7041cce070@group-68E8BDB01568:LeaderElection99] INFO  impl.RoleInfo (RoleInfo.java:updateAndGet(143)) - 754f3588-47e6-41ad-b34e-eb7041cce070: start LeaderState
2019-09-25 05:52:39,211 [0bbc1277-be6f-4bf3-88cf-1c3b12e139ad@group-13CCC1715FDD:LeaderElection118] INFO  impl.RaftServerImpl (ServerState.java:setLeader(253)) - 0bbc1277-be6f-4bf3-88cf-1c3b12e139ad@group-13CCC1715FDD: change Leader from null to 0bbc1277-be6f-4bf3-88cf-1c3b12e139ad at term 1 for becomeLeader, leader elected after 5634ms
2019-09-25 05:52:39,211 [Thread-619] INFO  impl.RoleInfo (RoleInfo.java:shutdownFollowerState(121)) - 5be219b2-97fd-4a8c-91ea-b15aa89454d4: shutdown FollowerState
2019-09-25 05:52:39,212 [0bbc1277-be6f-4bf3-88cf-1c3b12e139ad@group-13CCC1715FDD:LeaderElection118] INFO  server.RaftServerConfigKeys (ConfUtils.java:logGet(43)) - raft.server.staging.catchup.gap = 1000 (default)
2019-09-25 05:52:39,212 [Thread-619] INFO  impl.RaftServerImpl (RaftServerImpl.java:setRole(174)) - 5be219b2-97fd-4a8c-91ea-b15aa89454d4@group-144250B2D26F: changes role from  FOLLOWER to CANDIDATE at term 0 for changeToCandidate
2019-09-25 05:52:39,212 [0bbc1277-be6f-4bf3-88cf-1c3b12e139ad@group-13CCC1715FDD:LeaderElection118] INFO  server.RaftServerConfigKeys (ConfUtils.java:logGet(43)) - raft.server.rpc.sleep.time = 25ms (default)
2019-09-25 05:52:39,212 [Thread-619] INFO  impl.RoleInfo (RoleInfo.java:updateAndGet(143)) - 5be219b2-97fd-4a8c-91ea-b15aa89454d4: start LeaderElection
2019-09-25 05:52:39,212 [0bbc1277-be6f-4bf3-88cf-1c3b12e139ad@group-13CCC1715FDD:LeaderElection118] INFO  server.RaftServerConfigKeys (ConfUtils.java:logGet(43)) - raft.server.write.element-limit = 4096 (default)
2019-09-25 05:52:39,212 [754f3588-47e6-41ad-b34e-eb7041cce070@group-68E8BDB01568:LeaderElection99] INFO  segmented.SegmentedRaftLogWorker (SegmentedRaftLogWorker.java:startLogSegment(380)) - 754f3588-47e6-41ad-b34e-eb7041cce070@group-68E8BDB01568-SegmentedRaftLogWorker: Starting segment from index:0
2019-09-25 05:52:39,212 [0bbc1277-be6f-4bf3-88cf-1c3b12e139ad@group-13CCC1715FDD:LeaderElection118] INFO  server.RaftServerConfigKeys (ConfUtils.java:logGet(43)) - raft.server.watch.timeout = 10s (default)
2019-09-25 05:52:39,215 [0bbc1277-be6f-4bf3-88cf-1c3b12e139ad@group-13CCC1715FDD:LeaderElection118] INFO  server.RaftServerConfigKeys (ConfUtils.java:logGet(43)) - raft.server.watch.timeout.denomination = 1s (default)
2019-09-25 05:52:39,215 [0bbc1277-be6f-4bf3-88cf-1c3b12e139ad@group-13CCC1715FDD:LeaderElection118] INFO  server.RaftServerConfigKeys (ConfUtils.java:logGet(43)) - raft.server.watch.element-limit = 65536 (default)
2019-09-25 05:52:39,216 [754f3588-47e6-41ad-b34e-eb7041cce070@group-68E8BDB01568:LeaderElection99] INFO  impl.RaftServerImpl (ServerState.java:setRaftConf(354)) - 754f3588-47e6-41ad-b34e-eb7041cce070@group-68E8BDB01568: set configuration 0: [754f3588-47e6-41ad-b34e-eb7041cce070:192.168.30.10:41089], old=null at 0
2019-09-25 05:52:39,445 [Thread-640] INFO  impl.FollowerState (FollowerState.java:run(106)) - 0bbc1277-be6f-4bf3-88cf-1c3b12e139ad:group-9E442A14D521 changes to CANDIDATE, lastRpcTime:5113, electionTimeout:5107ms
2019-09-25 05:52:39,446 [Thread-634] INFO  impl.FollowerState (FollowerState.java:run(106)) - 5be219b2-97fd-4a8c-91ea-b15aa89454d4:group-A7119F067D59 changes to CANDIDATE, lastRpcTime:5212, electionTimeout:5126ms
2019-09-25 05:52:39,446 [Thread-629] INFO  impl.FollowerState (FollowerState.java:run(106)) - 5be219b2-97fd-4a8c-91ea-b15aa89454d4:group-C916076952F9 changes to CANDIDATE, lastRpcTime:5271, electionTimeout:5164ms
2019-09-25 05:52:39,448 [754f3588-47e6-41ad-b34e-eb7041cce070@group-7B431B125DE5-SegmentedRaftLogWorker] ERROR segmented.SegmentedRaftLogWorker (SegmentedRaftLogWorker.java:run(323)) - 754f3588-47e6-41ad-b34e-eb7041cce070@group-7B431B125DE5-SegmentedRaftLogWorker hit exception
java.lang.OutOfMemoryError: Direct buffer memory
	at java.nio.Bits.reserveMemory(Bits.java:666)
	at java.nio.DirectByteBuffer.<init>(DirectByteBuffer.java:123)
	at java.nio.ByteBuffer.allocateDirect(ByteBuffer.java:311)
	at org.apache.ratis.server.raftlog.segmented.BufferedWriteChannel.<init>(BufferedWriteChannel.java:41)
	at org.apache.ratis.server.raftlog.segmented.SegmentedRaftLogOutputStream.<init>(SegmentedRaftLogOutputStream.java:72)
	at org.apache.ratis.server.raftlog.segmented.SegmentedRaftLogWorker$StartLogSegment.execute(SegmentedRaftLogWorker.java:566)
	at org.apache.ratis.server.raftlog.segmented.SegmentedRaftLogWorker.run(SegmentedRaftLogWorker.java:289)
	at java.lang.Thread.run(Thread.java:748)
2019-09-25 05:52:39,449 [754f3588-47e6-41ad-b34e-eb7041cce070@group-7B431B125DE5-SegmentedRaftLogWorker] INFO  impl.RaftServerImpl (RaftServerImpl.java:lambda$shutdown$3(251)) - 754f3588-47e6-41ad-b34e-eb7041cce070@group-7B431B125DE5: shutdown
2019-09-25 05:52:39,453 [754f3588-47e6-41ad-b34e-eb7041cce070@group-C196BB46B7FE:LeaderElection101] INFO  impl.RoleInfo (RoleInfo.java:updateAndGet(143)) - 754f3588-47e6-41ad-b34e-eb7041cce070: start LeaderState
2019-09-25 05:52:39,453 [754f3588-47e6-41ad-b34e-eb7041cce070@group-C196BB46B7FE:LeaderElection101] INFO  segmented.SegmentedRaftLogWorker (SegmentedRaftLogWorker.java:startLogSegment(380)) - 754f3588-47e6-41ad-b34e-eb7041cce070@group-C196BB46B7FE-SegmentedRaftLogWorker: Starting segment from index:0
2019-09-25 05:52:39,454 [Thread-640] INFO  impl.RoleInfo (RoleInfo.java:shutdownFollowerState(121)) - 0bbc1277-be6f-4bf3-88cf-1c3b12e139ad: shutdown FollowerState
2019-09-25 05:52:39,459 [Thread-629] INFO  impl.RoleInfo (RoleInfo.java:shutdownFollowerState(121)) - 5be219b2-97fd-4a8c-91ea-b15aa89454d4: shutdown FollowerState
2019-09-25 05:52:39,622 [Thread-655] INFO  impl.FollowerState (FollowerState.java:run(106)) - 5be219b2-97fd-4a8c-91ea-b15aa89454d4:group-0A38BACE653E changes to CANDIDATE, lastRpcTime:5077, electionTimeout:5076ms
2019-09-25 05:52:39,459 [Thread-634] INFO  impl.RoleInfo (RoleInfo.java:shutdownFollowerState(121)) - 5be219b2-97fd-4a8c-91ea-b15aa89454d4: shutdown FollowerState
2019-09-25 05:52:39,459 [754f3588-47e6-41ad-b34e-eb7041cce070@group-C196BB46B7FE:LeaderElection101] INFO  impl.RaftServerImpl (ServerState.java:setRaftConf(354)) - 754f3588-47e6-41ad-b34e-eb7041cce070@group-C196BB46B7FE: set configuration 0: [754f3588-47e6-41ad-b34e-eb7041cce070:192.168.30.10:41089], old=null at 0
2019-09-25 05:52:39,624 [Thread-634] INFO  impl.RaftServerImpl (RaftServerImpl.java:setRole(174)) - 5be219b2-97fd-4a8c-91ea-b15aa89454d4@group-A7119F067D59: changes role from  FOLLOWER to CANDIDATE at term 0 for changeToCandidate
2019-09-25 05:52:39,624 [Thread-640] INFO  impl.RaftServerImpl (RaftServerImpl.java:setRole(174)) - 0bbc1277-be6f-4bf3-88cf-1c3b12e139ad@group-9E442A14D521: changes role from  FOLLOWER to CANDIDATE at term 0 for changeToCandidate
2019-09-25 05:52:39,624 [Thread-629] INFO  impl.RaftServerImpl (RaftServerImpl.java:setRole(174)) - 5be219b2-97fd-4a8c-91ea-b15aa89454d4@group-C916076952F9: changes role from  FOLLOWER to CANDIDATE at term 0 for changeToCandidate
2019-09-25 05:52:39,625 [Thread-634] INFO  impl.RoleInfo (RoleInfo.java:updateAndGet(143)) - 5be219b2-97fd-4a8c-91ea-b15aa89454d4: start LeaderElection
2019-09-25 05:52:39,625 [Thread-640] INFO  impl.RoleInfo (RoleInfo.java:updateAndGet(143)) - 0bbc1277-be6f-4bf3-88cf-1c3b12e139ad: start LeaderElection
2019-09-25 05:52:39,625 [Thread-629] INFO  impl.RoleInfo (RoleInfo.java:updateAndGet(143)) - 5be219b2-97fd-4a8c-91ea-b15aa89454d4: start LeaderElection
2019-09-25 05:52:39,626 [754f3588-47e6-41ad-b34e-eb7041cce070@group-7B431B125DE5-SegmentedRaftLogWorker] INFO  util.JmxRegister (JmxRegister.java:unregister(73)) - Successfully un-registered JMX Bean with object name Ratis:service=RaftServer,group=group-7B431B125DE5,id=754f3588-47e6-41ad-b34e-eb7041cce070
2019-09-25 05:52:39,626 [754f3588-47e6-41ad-b34e-eb7041cce070@group-7B431B125DE5-SegmentedRaftLogWorker] INFO  impl.RoleInfo (RoleInfo.java:shutdownLeaderState(104)) - 754f3588-47e6-41ad-b34e-eb7041cce070: shutdown LeaderState
2019-09-25 05:52:39,626 [Thread-655] INFO  impl.RoleInfo (RoleInfo.java:shutdownFollowerState(121)) - 5be219b2-97fd-4a8c-91ea-b15aa89454d4: shutdown FollowerState
2019-09-25 05:52:39,626 [754f3588-47e6-41ad-b34e-eb7041cce070@group-7B431B125DE5-SegmentedRaftLogWorker] INFO  impl.PendingRequests (PendingRequests.java:sendNotLeaderResponses(202)) - 754f3588-47e6-41ad-b34e-eb7041cce070-PendingRequests: sendNotLeaderResponses
2019-09-25 05:52:39,626 [RATISCREATEPIPELINE1] ERROR pipeline.RatisPipelineProvider (RatisPipelineProvider.java:lambda$null$2(181)) - Failed invoke Ratis rpc org.apache.hadoop.hdds.scm.pipeline.RatisPipelineProvider$$Lambda$179/1731679697@571d5d87 for 0bbc1277-be6f-4bf3-88cf-1c3b12e139ad
org.apache.ratis.protocol.TimeoutIOException: deadline exceeded after 2999712337ns
	at org.apache.ratis.grpc.GrpcUtil.tryUnwrapException(GrpcUtil.java:82)
	at org.apache.ratis.grpc.GrpcUtil.unwrapException(GrpcUtil.java:75)
	at org.apache.ratis.grpc.client.GrpcClientProtocolClient.blockingCall(GrpcClientProtocolClient.java:178)
	at org.apache.ratis.grpc.client.GrpcClientProtocolClient.groupAdd(GrpcClientProtocolClient.java:147)
	at org.apache.ratis.grpc.client.GrpcClientRpc.sendRequest(GrpcClientRpc.java:94)
	at org.apache.ratis.client.impl.RaftClientImpl.sendRequest(RaftClientImpl.java:278)
	at org.apache.ratis.client.impl.RaftClientImpl.groupAdd(RaftClientImpl.java:205)
	at org.apache.hadoop.hdds.scm.pipeline.RatisPipelineProvider.lambda$initializePipeline$1(RatisPipelineProvider.java:142)
	at org.apache.hadoop.hdds.scm.pipeline.RatisPipelineProvider.lambda$null$2(RatisPipelineProvider.java:177)
	at java.util.stream.ForEachOps$ForEachOp$OfRef.accept(ForEachOps.java:184)
	at java.util.ArrayList$ArrayListSpliterator.forEachRemaining(ArrayList.java:1382)
	at java.util.stream.AbstractPipeline.copyInto(AbstractPipeline.java:482)
	at java.util.stream.ForEachOps$ForEachTask.compute(ForEachOps.java:291)
	at java.util.concurrent.CountedCompleter.exec(CountedCompleter.java:731)
	at java.util.concurrent.ForkJoinTask.doExec(ForkJoinTask.java:289)
	at java.util.concurrent.ForkJoinTask.doInvoke(ForkJoinTask.java:401)
	at java.util.concurrent.ForkJoinTask.invoke(ForkJoinTask.java:734)
	at java.util.stream.ForEachOps$ForEachOp.evaluateParallel(ForEachOps.java:160)
	at java.util.stream.ForEachOps$ForEachOp$OfRef.evaluateParallel(ForEachOps.java:174)
	at java.util.stream.AbstractPipeline.evaluate(AbstractPipeline.java:233)
	at java.util.stream.ReferencePipeline.forEach(ReferencePipeline.java:418)
	at java.util.stream.ReferencePipeline$Head.forEach(ReferencePipeline.java:583)
	at org.apache.hadoop.hdds.scm.pipeline.RatisPipelineProvider.lambda$callRatisRpc$3(RatisPipelineProvider.java:171)
	at java.util.concurrent.ForkJoinTask$AdaptedRunnableAction.exec(ForkJoinTask.java:1386)
	at java.util.concurrent.ForkJoinTask.doExec(ForkJoinTask.java:289)
	at java.util.concurrent.ForkJoinPool$WorkQueue.runTask(ForkJoinPool.java:1056)
	at java.util.concurrent.ForkJoinPool.runWorker(ForkJoinPool.java:1692)
	at java.util.concurrent.ForkJoinWorkerThread.run(ForkJoinWorkerThread.java:157)
Caused by: org.apache.ratis.thirdparty.io.grpc.StatusRuntimeException: DEADLINE_EXCEEDED: deadline exceeded after 2999712337ns
	at org.apache.ratis.thirdparty.io.grpc.stub.ClientCalls.toStatusRuntimeException(ClientCalls.java:233)
	at org.apache.ratis.thirdparty.io.grpc.stub.ClientCalls.getUnchecked(ClientCalls.java:214)
	at org.apache.ratis.thirdparty.io.grpc.stub.ClientCalls.blockingUnaryCall(ClientCalls.java:139)
	at org.apache.ratis.proto.grpc.AdminProtocolServiceGrpc$AdminProtocolServiceBlockingStub.groupManagement(AdminProtocolServiceGrpc.java:274)
	at org.apache.ratis.grpc.client.GrpcClientProtocolClient.lambda$groupAdd$3(GrpcClientProtocolClient.java:149)
	at org.apache.ratis.grpc.client.GrpcClientProtocolClient.blockingCall(GrpcClientProtocolClient.java:176)
	... 25 more
2019-09-25 05:52:39,627 [754f3588-47e6-41ad-b34e-eb7041cce070@group-7B431B125DE5-SegmentedRaftLogWorker] INFO  impl.StateMachineUpdater (StateMachineUpdater.java:stopAndJoin(125)) - 754f3588-47e6-41ad-b34e-eb7041cce070@group-7B431B125DE5-StateMachineUpdater: set stopIndex = -1
2019-09-25 05:52:39,627 [Thread-655] INFO  impl.RaftServerImpl (RaftServerImpl.java:setRole(174)) - 5be219b2-97fd-4a8c-91ea-b15aa89454d4@group-0A38BACE653E: changes role from  FOLLOWER to CANDIDATE at term 0 for changeToCandidate
2019-09-25 05:52:39,634 [754f3588-47e6-41ad-b34e-eb7041cce070@group-7B431B125DE5-SegmentedRaftLogWorker] INFO  impl.RaftServerImpl (ServerState.java:close(385)) - 754f3588-47e6-41ad-b34e-eb7041cce070@group-7B431B125DE5: closes. applyIndex: -1
2019-09-25 05:52:39,636 [Thread-655] INFO  impl.RoleInfo (RoleInfo.java:updateAndGet(143)) - 5be219b2-97fd-4a8c-91ea-b15aa89454d4: start LeaderElection
2019-09-25 05:52:39,636 [754f3588-47e6-41ad-b34e-eb7041cce070@group-7B431B125DE5-SegmentedRaftLogWorker] INFO  segmented.SegmentedRaftLogWorker (SegmentedRaftLogWorker.java:close(228)) - 754f3588-47e6-41ad-b34e-eb7041cce070@group-7B431B125DE5-SegmentedRaftLogWorker close()
2019-09-25 05:52:39,637 [RatisPipelineUtilsThread] ERROR pipeline.SCMPipelineManager (SCMPipelineManager.java:createPipeline(167)) - Pipeline creation failed due to exception: Failed invoke Ratis rpc org.apache.hadoop.hdds.scm.pipeline.RatisPipelineProvider$$Lambda$179/1731679697@571d5d87 for 0bbc1277-be6f-4bf3-88cf-1c3b12e139ad
2019-09-25 05:52:39,638 [5be219b2-97fd-4a8c-91ea-b15aa89454d4@group-955671A74EC5:LeaderElection98] INFO  impl.RoleInfo (RoleInfo.java:updateAndGet(143)) - 5be219b2-97fd-4a8c-91ea-b15aa89454d4: start LeaderState
2019-09-25 05:52:39,640 [5be219b2-97fd-4a8c-91ea-b15aa89454d4@group-955671A74EC5:LeaderElection98] INFO  segmented.SegmentedRaftLogWorker (SegmentedRaftLogWorker.java:startLogSegment(380)) - 5be219b2-97fd-4a8c-91ea-b15aa89454d4@group-955671A74EC5-SegmentedRaftLogWorker: Starting segment from index:0
2019-09-25 05:52:39,640 [5be219b2-97fd-4a8c-91ea-b15aa89454d4@group-955671A74EC5:LeaderElection98] INFO  impl.RaftServerImpl (ServerState.java:setRaftConf(354)) - 5be219b2-97fd-4a8c-91ea-b15aa89454d4@group-955671A74EC5: set configuration 0: [5be219b2-97fd-4a8c-91ea-b15aa89454d4:192.168.30.10:40625], old=null at 0
2019-09-25 05:52:39,645 [754f3588-47e6-41ad-b34e-eb7041cce070@group-71DC1F77229B:LeaderElection97] INFO  impl.RoleInfo (RoleInfo.java:updateAndGet(143)) - 754f3588-47e6-41ad-b34e-eb7041cce070: start LeaderState
2019-09-25 05:52:39,646 [754f3588-47e6-41ad-b34e-eb7041cce070@group-71DC1F77229B:LeaderElection97] INFO  segmented.SegmentedRaftLogWorker (SegmentedRaftLogWorker.java:startLogSegment(380)) - 754f3588-47e6-41ad-b34e-eb7041cce070@group-71DC1F77229B-SegmentedRaftLogWorker: Starting segment from index:0
2019-09-25 05:52:39,646 [754f3588-47e6-41ad-b34e-eb7041cce070@group-71DC1F77229B:LeaderElection97] INFO  impl.RaftServerImpl (ServerState.java:setRaftConf(354)) - 754f3588-47e6-41ad-b34e-eb7041cce070@group-71DC1F77229B: set configuration 0: [754f3588-47e6-41ad-b34e-eb7041cce070:192.168.30.10:41089], old=null at 0
2019-09-25 05:52:39,652 [754f3588-47e6-41ad-b34e-eb7041cce070@group-4C3D0E1A45D5:LeaderElection105] INFO  impl.RoleInfo (RoleInfo.java:updateAndGet(143)) - 754f3588-47e6-41ad-b34e-eb7041cce070: start LeaderState
2019-09-25 05:52:39,654 [754f3588-47e6-41ad-b34e-eb7041cce070@group-4C3D0E1A45D5:LeaderElection105] INFO  segmented.SegmentedRaftLogWorker (SegmentedRaftLogWorker.java:startLogSegment(380)) - 754f3588-47e6-41ad-b34e-eb7041cce070@group-4C3D0E1A45D5-SegmentedRaftLogWorker: Starting segment from index:0
2019-09-25 05:52:39,654 [754f3588-47e6-41ad-b34e-eb7041cce070@group-4C3D0E1A45D5:LeaderElection105] INFO  impl.RaftServerImpl (ServerState.java:setRaftConf(354)) - 754f3588-47e6-41ad-b34e-eb7041cce070@group-4C3D0E1A45D5: set configuration 0: [754f3588-47e6-41ad-b34e-eb7041cce070:192.168.30.10:41089], old=null at 0
2019-09-25 05:52:39,655 [5be219b2-97fd-4a8c-91ea-b15aa89454d4@group-463BFAA6248D:LeaderElection90] INFO  impl.RoleInfo (RoleInfo.java:updateAndGet(143)) - 5be219b2-97fd-4a8c-91ea-b15aa89454d4: start LeaderState
2019-09-25 05:52:39,655 [5be219b2-97fd-4a8c-91ea-b15aa89454d4@group-463BFAA6248D:LeaderElection90] INFO  segmented.SegmentedRaftLogWorker (SegmentedRaftLogWorker.java:startLogSegment(380)) - 5be219b2-97fd-4a8c-91ea-b15aa89454d4@group-463BFAA6248D-SegmentedRaftLogWorker: Starting segment from index:0
2019-09-25 05:52:39,657 [Thread-650] INFO  impl.FollowerState (FollowerState.java:run(106)) - 5be219b2-97fd-4a8c-91ea-b15aa89454d4:group-B9A5584514CD changes to CANDIDATE, lastRpcTime:5197, electionTimeout:5197ms
2019-09-25 05:52:39,658 [5be219b2-97fd-4a8c-91ea-b15aa89454d4@group-463BFAA6248D:LeaderElection90] INFO  impl.RaftServerImpl (ServerState.java:setRaftConf(354)) - 5be219b2-97fd-4a8c-91ea-b15aa89454d4@group-463BFAA6248D: set configuration 0: [5be219b2-97fd-4a8c-91ea-b15aa89454d4:192.168.30.10:40625], old=null at 0
2019-09-25 05:52:39,658 [grpc-default-executor-0] INFO  impl.RaftServerProxy (RaftServerProxy.java:addNew(89)) - 0bbc1277-be6f-4bf3-88cf-1c3b12e139ad: addNew group-012443E21B0A:[754f3588-47e6-41ad-b34e-eb7041cce070:192.168.30.10:41089, 0bbc1277-be6f-4bf3-88cf-1c3b12e139ad:192.168.30.10:46701, 5be219b2-97fd-4a8c-91ea-b15aa89454d4:192.168.30.10:40625] returns group-012443E21B0A:java.util.concurrent.CompletableFuture@6dd8a327[Not completed]
2019-09-25 05:52:39,658 [grpc-default-executor-1] INFO  impl.RaftServerProxy (RaftServerProxy.java:addNew(89)) - 5be219b2-97fd-4a8c-91ea-b15aa89454d4: addNew group-012443E21B0A:[754f3588-47e6-41ad-b34e-eb7041cce070:192.168.30.10:41089, 0bbc1277-be6f-4bf3-88cf-1c3b12e139ad:192.168.30.10:46701, 5be219b2-97fd-4a8c-91ea-b15aa89454d4:192.168.30.10:40625] returns group-012443E21B0A:java.util.concurrent.CompletableFuture@4e64c608[Not completed]
2019-09-25 05:52:39,659 [0bbc1277-be6f-4bf3-88cf-1c3b12e139ad@group-513E1586D88B:LeaderElection102] INFO  impl.RoleInfo (RoleInfo.java:updateAndGet(143)) - 0bbc1277-be6f-4bf3-88cf-1c3b12e139ad: start LeaderState
2019-09-25 05:52:39,658 [grpc-default-executor-2] INFO  impl.RaftServerProxy (RaftServerProxy.java:addNew(89)) - 754f3588-47e6-41ad-b34e-eb7041cce070: addNew group-012443E21B0A:[754f3588-47e6-41ad-b34e-eb7041cce070:192.168.30.10:41089, 0bbc1277-be6f-4bf3-88cf-1c3b12e139ad:192.168.30.10:46701, 5be219b2-97fd-4a8c-91ea-b15aa89454d4:192.168.30.10:40625] returns group-012443E21B0A:java.util.concurrent.CompletableFuture@417405eb[Not completed]
2019-09-25 05:52:39,659 [Thread-650] INFO  impl.RoleInfo (RoleInfo.java:shutdownFollowerState(121)) - 5be219b2-97fd-4a8c-91ea-b15aa89454d4: shutdown FollowerState
2019-09-25 05:52:39,659 [0bbc1277-be6f-4bf3-88cf-1c3b12e139ad@group-513E1586D88B:LeaderElection102] INFO  segmented.SegmentedRaftLogWorker (SegmentedRaftLogWorker.java:startLogSegment(380)) - 0bbc1277-be6f-4bf3-88cf-1c3b12e139ad@group-513E1586D88B-SegmentedRaftLogWorker: Starting segment from index:0
2019-09-25 05:52:39,659 [Thread-650] INFO  impl.RaftServerImpl (RaftServerImpl.java:setRole(174)) - 5be219b2-97fd-4a8c-91ea-b15aa89454d4@group-B9A5584514CD: changes role from  FOLLOWER to CANDIDATE at term 0 for changeToCandidate
2019-09-25 05:52:39,659 [Thread-650] INFO  impl.RoleInfo (RoleInfo.java:updateAndGet(143)) - 5be219b2-97fd-4a8c-91ea-b15aa89454d4: start LeaderElection
2019-09-25 05:52:39,659 [0bbc1277-be6f-4bf3-88cf-1c3b12e139ad@group-513E1586D88B:LeaderElection102] INFO  impl.RaftServerImpl (ServerState.java:setRaftConf(354)) - 0bbc1277-be6f-4bf3-88cf-1c3b12e139ad@group-513E1586D88B: set configuration 0: [0bbc1277-be6f-4bf3-88cf-1c3b12e139ad:192.168.30.10:46701], old=null at 0
2019-09-25 05:52:39,660 [0bbc1277-be6f-4bf3-88cf-1c3b12e139ad@group-0529369CD838:LeaderElection83] INFO  impl.RoleInfo (RoleInfo.java:updateAndGet(143)) - 0bbc1277-be6f-4bf3-88cf-1c3b12e139ad: start LeaderState
2019-09-25 05:52:39,660 [0bbc1277-be6f-4bf3-88cf-1c3b12e139ad@group-0529369CD838:LeaderElection83] INFO  segmented.SegmentedRaftLogWorker (SegmentedRaftLogWorker.java:startLogSegment(380)) - 0bbc1277-be6f-4bf3-88cf-1c3b12e139ad@group-0529369CD838-SegmentedRaftLogWorker: Starting segment from index:0
2019-09-25 05:52:39,660 [0bbc1277-be6f-4bf3-88cf-1c3b12e139ad@group-0529369CD838:LeaderElection83] INFO  impl.RaftServerImpl (ServerState.java:setRaftConf(354)) - 0bbc1277-be6f-4bf3-88cf-1c3b12e139ad@group-0529369CD838: set configuration 0: [0bbc1277-be6f-4bf3-88cf-1c3b12e139ad:192.168.30.10:46701], old=null at 0
2019-09-25 05:52:39,661 [pool-37-thread-1] INFO  impl.RaftServerImpl (RaftServerImpl.java:<init>(95)) - 5be219b2-97fd-4a8c-91ea-b15aa89454d4: new RaftServerImpl for group-012443E21B0A:[754f3588-47e6-41ad-b34e-eb7041cce070:192.168.30.10:41089, 0bbc1277-be6f-4bf3-88cf-1c3b12e139ad:192.168.30.10:46701, 5be219b2-97fd-4a8c-91ea-b15aa89454d4:192.168.30.10:40625] with ContainerStateMachine:uninitialized
2019-09-25 05:52:39,663 [pool-37-thread-1] INFO  server.RaftServerConfigKeys (ConfUtils.java:logGet(43)) - raft.server.rpc.timeout.min = 5s (custom)
2019-09-25 05:52:39,663 [pool-37-thread-1] INFO  server.RaftServerConfigKeys (ConfUtils.java:logGet(43)) - raft.server.rpc.timeout.max = 5200ms (custom)
2019-09-25 05:52:39,663 [pool-37-thread-1] INFO  server.RaftServerConfigKeys (ConfUtils.java:logGet(43)) - raft.server.rpcslowness.timeout = 120s (custom)
2019-09-25 05:52:39,664 [pool-37-thread-1] INFO  server.RaftServerConfigKeys (ConfUtils.java:logGet(43)) - raft.server.sleep.deviation.threshold = 300 (default)
2019-09-25 05:52:39,664 [pool-37-thread-1] INFO  server.RaftServerConfigKeys (ConfUtils.java:logGet(43)) - raft.server.log.appender.install.snapshot.enabled = false (custom)
2019-09-25 05:52:39,664 [pool-37-thread-1] INFO  impl.RaftServerImpl (ServerState.java:<init>(103)) - 5be219b2-97fd-4a8c-91ea-b15aa89454d4@group-012443E21B0A: ConfigurationManager, init=-1: [754f3588-47e6-41ad-b34e-eb7041cce070:192.168.30.10:41089, 0bbc1277-be6f-4bf3-88cf-1c3b12e139ad:192.168.30.10:46701, 5be219b2-97fd-4a8c-91ea-b15aa89454d4:192.168.30.10:40625], old=null, confs=<EMPTY_MAP>
2019-09-25 05:52:39,664 [0bbc1277-be6f-4bf3-88cf-1c3b12e139ad@group-EAB65D37406F:LeaderElection107] INFO  impl.RoleInfo (RoleInfo.java:updateAndGet(143)) - 0bbc1277-be6f-4bf3-88cf-1c3b12e139ad: start LeaderState
2019-09-25 05:52:39,664 [pool-37-thread-1] INFO  server.RaftServerConfigKeys (ConfUtils.java:logGet(43)) - raft.server.storage.dir = [/workdir/hadoop-ozone/integration-test/target/test-dir/MiniOzoneClusterImpl-5fae48a0-8517-4c16-9d39-4001697b8772/datanode-1/data/ratis] (custom)
2019-09-25 05:52:39,664 [0bbc1277-be6f-4bf3-88cf-1c3b12e139ad@group-EAB65D37406F:LeaderElection107] INFO  segmented.SegmentedRaftLogWorker (SegmentedRaftLogWorker.java:startLogSegment(380)) - 0bbc1277-be6f-4bf3-88cf-1c3b12e139ad@group-EAB65D37406F-SegmentedRaftLogWorker: Starting segment from index:0
2019-09-25 05:52:39,664 [pool-47-thread-1] INFO  impl.RaftServerImpl (RaftServerImpl.java:<init>(95)) - 754f3588-47e6-41ad-b34e-eb7041cce070: new RaftServerImpl for group-012443E21B0A:[754f3588-47e6-41ad-b34e-eb7041cce070:192.168.30.10:41089, 0bbc1277-be6f-4bf3-88cf-1c3b12e139ad:192.168.30.10:46701, 5be219b2-97fd-4a8c-91ea-b15aa89454d4:192.168.30.10:40625] with ContainerStateMachine:uninitialized
2019-09-25 05:52:39,664 [pool-47-thread-1] INFO  server.RaftServerConfigKeys (ConfUtils.java:logGet(43)) - raft.server.rpc.timeout.min = 5s (custom)
2019-09-25 05:52:39,664 [0bbc1277-be6f-4bf3-88cf-1c3b12e139ad@group-EAB65D37406F:LeaderElection107] INFO  impl.RaftServerImpl (ServerState.java:setRaftConf(354)) - 0bbc1277-be6f-4bf3-88cf-1c3b12e139ad@group-EAB65D37406F: set configuration 0: [0bbc1277-be6f-4bf3-88cf-1c3b12e139ad:192.168.30.10:46701], old=null at 0
2019-09-25 05:52:39,665 [pool-47-thread-1] INFO  server.RaftServerConfigKeys (ConfUtils.java:logGet(43)) - raft.server.rpc.timeout.max = 5200ms (custom)
2019-09-25 05:52:39,665 [pool-47-thread-1] INFO  server.RaftServerConfigKeys (ConfUtils.java:logGet(43)) - raft.server.rpcslowness.timeout = 120s (custom)
2019-09-25 05:52:39,665 [pool-47-thread-1] INFO  server.RaftServerConfigKeys (ConfUtils.java:logGet(43)) - raft.server.sleep.deviation.threshold = 300 (default)
2019-09-25 05:52:39,665 [pool-37-thread-1] INFO  storage.RaftStorageDirectory (RaftStorageDirectory.java:analyzeStorage(246)) - The storage directory /workdir/hadoop-ozone/integration-test/target/test-dir/MiniOzoneClusterImpl-5fae48a0-8517-4c16-9d39-4001697b8772/datanode-1/data/ratis/891ced09-bf18-470b-9d3a-012443e21b0a does not exist. Creating ...
2019-09-25 05:52:39,665 [pool-47-thread-1] INFO  server.RaftServerConfigKeys (ConfUtils.java:logGet(43)) - raft.server.log.appender.install.snapshot.enabled = false (custom)
2019-09-25 05:52:39,665 [pool-47-thread-1] INFO  impl.RaftServerImpl (ServerState.java:<init>(103)) - 754f3588-47e6-41ad-b34e-eb7041cce070@group-012443E21B0A: ConfigurationManager, init=-1: [754f3588-47e6-41ad-b34e-eb7041cce070:192.168.30.10:41089, 0bbc1277-be6f-4bf3-88cf-1c3b12e139ad:192.168.30.10:46701, 5be219b2-97fd-4a8c-91ea-b15aa89454d4:192.168.30.10:40625], old=null, confs=<EMPTY_MAP>
2019-09-25 05:52:39,665 [pool-47-thread-1] INFO  server.RaftServerConfigKeys (ConfUtils.java:logGet(43)) - raft.server.storage.dir = [/workdir/hadoop-ozone/integration-test/target/test-dir/MiniOzoneClusterImpl-5fae48a0-8517-4c16-9d39-4001697b8772/datanode-2/data/ratis] (custom)
2019-09-25 05:52:39,665 [0bbc1277-be6f-4bf3-88cf-1c3b12e139ad@group-257556E8FEBB:LeaderElection87] INFO  impl.RoleInfo (RoleInfo.java:updateAndGet(143)) - 0bbc1277-be6f-4bf3-88cf-1c3b12e139ad: start LeaderState
2019-09-25 05:52:39,665 [0bbc1277-be6f-4bf3-88cf-1c3b12e139ad@group-257556E8FEBB:LeaderElection87] INFO  segmented.SegmentedRaftLogWorker (SegmentedRaftLogWorker.java:startLogSegment(380)) - 0bbc1277-be6f-4bf3-88cf-1c3b12e139ad@group-257556E8FEBB-SegmentedRaftLogWorker: Starting segment from index:0
2019-09-25 05:52:39,665 [pool-47-thread-1] INFO  storage.RaftStorageDirectory (RaftStorageDirectory.java:analyzeStorage(246)) - The storage directory /workdir/hadoop-ozone/integration-test/target/test-dir/MiniOzoneClusterImpl-5fae48a0-8517-4c16-9d39-4001697b8772/datanode-2/data/ratis/891ced09-bf18-470b-9d3a-012443e21b0a does not exist. Creating ...
2019-09-25 05:52:39,666 [0bbc1277-be6f-4bf3-88cf-1c3b12e139ad@group-257556E8FEBB:LeaderElection87] INFO  impl.RaftServerImpl (ServerState.java:setRaftConf(354)) - 0bbc1277-be6f-4bf3-88cf-1c3b12e139ad@group-257556E8FEBB: set configuration 0: [0bbc1277-be6f-4bf3-88cf-1c3b12e139ad:192.168.30.10:46701], old=null at 0
2019-09-25 05:52:39,666 [754f3588-47e6-41ad-b34e-eb7041cce070@group-C3114859B4D1:LeaderElection84] INFO  impl.RoleInfo (RoleInfo.java:updateAndGet(143)) - 754f3588-47e6-41ad-b34e-eb7041cce070: start LeaderState
2019-09-25 05:52:39,666 [754f3588-47e6-41ad-b34e-eb7041cce070@group-C3114859B4D1:LeaderElection84] INFO  segmented.SegmentedRaftLogWorker (SegmentedRaftLogWorker.java:startLogSegment(380)) - 754f3588-47e6-41ad-b34e-eb7041cce070@group-C3114859B4D1-SegmentedRaftLogWorker: Starting segment from index:0
2019-09-25 05:52:39,666 [754f3588-47e6-41ad-b34e-eb7041cce070@group-C3114859B4D1:LeaderElection84] INFO  impl.RaftServerImpl (ServerState.java:setRaftConf(354)) - 754f3588-47e6-41ad-b34e-eb7041cce070@group-C3114859B4D1: set configuration 0: [754f3588-47e6-41ad-b34e-eb7041cce070:192.168.30.10:41089], old=null at 0
2019-09-25 05:52:39,667 [754f3588-47e6-41ad-b34e-eb7041cce070@group-BD472D801032:LeaderElection106] INFO  impl.RoleInfo (RoleInfo.java:updateAndGet(143)) - 754f3588-47e6-41ad-b34e-eb7041cce070: start LeaderState
2019-09-25 05:52:39,667 [754f3588-47e6-41ad-b34e-eb7041cce070@group-BD472D801032:LeaderElection106] INFO  segmented.SegmentedRaftLogWorker (SegmentedRaftLogWorker.java:startLogSegment(380)) - 754f3588-47e6-41ad-b34e-eb7041cce070@group-BD472D801032-SegmentedRaftLogWorker: Starting segment from index:0
2019-09-25 05:52:39,667 [754f3588-47e6-41ad-b34e-eb7041cce070@group-BD472D801032:LeaderElection106] INFO  impl.RaftServerImpl (ServerState.java:setRaftConf(354)) - 754f3588-47e6-41ad-b34e-eb7041cce070@group-BD472D801032: set configuration 0: [754f3588-47e6-41ad-b34e-eb7041cce070:192.168.30.10:41089], old=null at 0
2019-09-25 05:52:39,668 [5be219b2-97fd-4a8c-91ea-b15aa89454d4@group-594F27088C27:LeaderElection85] INFO  impl.RoleInfo (RoleInfo.java:updateAndGet(143)) - 5be219b2-97fd-4a8c-91ea-b15aa89454d4: start LeaderState
2019-09-25 05:52:39,668 [5be219b2-97fd-4a8c-91ea-b15aa89454d4@group-594F27088C27:LeaderElection85] INFO  segmented.SegmentedRaftLogWorker (SegmentedRaftLogWorker.java:startLogSegment(380)) - 5be219b2-97fd-4a8c-91ea-b15aa89454d4@group-594F27088C27-SegmentedRaftLogWorker: Starting segment from index:0
2019-09-25 05:52:39,668 [5be219b2-97fd-4a8c-91ea-b15aa89454d4@group-594F27088C27:LeaderElection85] INFO  impl.RaftServerImpl (ServerState.java:setRaftConf(354)) - 5be219b2-97fd-4a8c-91ea-b15aa89454d4@group-594F27088C27: set configuration 0: [5be219b2-97fd-4a8c-91ea-b15aa89454d4:192.168.30.10:40625], old=null at 0
2019-09-25 05:52:39,668 [5be219b2-97fd-4a8c-91ea-b15aa89454d4@group-0B6C19AFD170:LeaderElection95] INFO  impl.RoleInfo (RoleInfo.java:updateAndGet(143)) - 5be219b2-97fd-4a8c-91ea-b15aa89454d4: start LeaderState
2019-09-25 05:52:39,668 [5be219b2-97fd-4a8c-91ea-b15aa89454d4@group-0B6C19AFD170:LeaderElection95] INFO  segmented.SegmentedRaftLogWorker (SegmentedRaftLogWorker.java:startLogSegment(380)) - 5be219b2-97fd-4a8c-91ea-b15aa89454d4@group-0B6C19AFD170-SegmentedRaftLogWorker: Starting segment from index:0
2019-09-25 05:52:39,669 [5be219b2-97fd-4a8c-91ea-b15aa89454d4@group-0B6C19AFD170:LeaderElection95] INFO  impl.RaftServerImpl (ServerState.java:setRaftConf(354)) - 5be219b2-97fd-4a8c-91ea-b15aa89454d4@group-0B6C19AFD170: set configuration 0: [5be219b2-97fd-4a8c-91ea-b15aa89454d4:192.168.30.10:40625], old=null at 0
2019-09-25 05:52:39,669 [0bbc1277-be6f-4bf3-88cf-1c3b12e139ad@group-12BFCBBA8C97:LeaderElection93] INFO  impl.RoleInfo (RoleInfo.java:updateAndGet(143)) - 0bbc1277-be6f-4bf3-88cf-1c3b12e139ad: start LeaderState
2019-09-25 05:52:39,669 [0bbc1277-be6f-4bf3-88cf-1c3b12e139ad@group-12BFCBBA8C97:LeaderElection93] INFO  segmented.SegmentedRaftLogWorker (SegmentedRaftLogWorker.java:startLogSegment(380)) - 0bbc1277-be6f-4bf3-88cf-1c3b12e139ad@group-12BFCBBA8C97-SegmentedRaftLogWorker: Starting segment from index:0
2019-09-25 05:52:39,669 [0bbc1277-be6f-4bf3-88cf-1c3b12e139ad@group-12BFCBBA8C97:LeaderElection93] INFO  impl.RaftServerImpl (ServerState.java:setRaftConf(354)) - 0bbc1277-be6f-4bf3-88cf-1c3b12e139ad@group-12BFCBBA8C97: set configuration 0: [0bbc1277-be6f-4bf3-88cf-1c3b12e139ad:192.168.30.10:46701], old=null at 0
2019-09-25 05:52:39,670 [5be219b2-97fd-4a8c-91ea-b15aa89454d4@group-B56EBFBAB971:LeaderElection104] INFO  impl.RoleInfo (RoleInfo.java:updateAndGet(143)) - 5be219b2-97fd-4a8c-91ea-b15aa89454d4: start LeaderState
2019-09-25 05:52:39,670 [5be219b2-97fd-4a8c-91ea-b15aa89454d4@group-B56EBFBAB971:LeaderElection104] INFO  segmented.SegmentedRaftLogWorker (SegmentedRaftLogWorker.java:startLogSegment(380)) - 5be219b2-97fd-4a8c-91ea-b15aa89454d4@group-B56EBFBAB971-SegmentedRaftLogWorker: Starting segment from index:0
2019-09-25 05:52:39,670 [5be219b2-97fd-4a8c-91ea-b15aa89454d4@group-B56EBFBAB971:LeaderElection104] INFO  impl.RaftServerImpl (ServerState.java:setRaftConf(354)) - 5be219b2-97fd-4a8c-91ea-b15aa89454d4@group-B56EBFBAB971: set configuration 0: [5be219b2-97fd-4a8c-91ea-b15aa89454d4:192.168.30.10:40625], old=null at 0
2019-09-25 05:52:39,670 [0bbc1277-be6f-4bf3-88cf-1c3b12e139ad@group-C8E21141DA1D:LeaderElection89] INFO  impl.RoleInfo (RoleInfo.java:updateAndGet(143)) - 0bbc1277-be6f-4bf3-88cf-1c3b12e139ad: start LeaderState
2019-09-25 05:52:39,671 [0bbc1277-be6f-4bf3-88cf-1c3b12e139ad@group-C8E21141DA1D:LeaderElection89] INFO  segmented.SegmentedRaftLogWorker (SegmentedRaftLogWorker.java:startLogSegment(380)) - 0bbc1277-be6f-4bf3-88cf-1c3b12e139ad@group-C8E21141DA1D-SegmentedRaftLogWorker: Starting segment from index:0
2019-09-25 05:52:39,671 [0bbc1277-be6f-4bf3-88cf-1c3b12e139ad@group-C8E21141DA1D:LeaderElection89] INFO  impl.RaftServerImpl (ServerState.java:setRaftConf(354)) - 0bbc1277-be6f-4bf3-88cf-1c3b12e139ad@group-C8E21141DA1D: set configuration 0: [0bbc1277-be6f-4bf3-88cf-1c3b12e139ad:192.168.30.10:46701], old=null at 0
2019-09-25 05:52:39,671 [5be219b2-97fd-4a8c-91ea-b15aa89454d4@group-51FF8E54341D:LeaderElection100] INFO  impl.RoleInfo (RoleInfo.java:updateAndGet(143)) - 5be219b2-97fd-4a8c-91ea-b15aa89454d4: start LeaderState
2019-09-25 05:52:39,671 [5be219b2-97fd-4a8c-91ea-b15aa89454d4@group-51FF8E54341D:LeaderElection100] INFO  segmented.SegmentedRaftLogWorker (SegmentedRaftLogWorker.java:startLogSegment(380)) - 5be219b2-97fd-4a8c-91ea-b15aa89454d4@group-51FF8E54341D-SegmentedRaftLogWorker: Starting segment from index:0
2019-09-25 05:52:39,672 [5be219b2-97fd-4a8c-91ea-b15aa89454d4@group-51FF8E54341D:LeaderElection100] INFO  impl.RaftServerImpl (ServerState.java:setRaftConf(354)) - 5be219b2-97fd-4a8c-91ea-b15aa89454d4@group-51FF8E54341D: set configuration 0: [5be219b2-97fd-4a8c-91ea-b15aa89454d4:192.168.30.10:40625], old=null at 0
2019-09-25 05:52:39,672 [0bbc1277-be6f-4bf3-88cf-1c3b12e139ad@group-82B8C547FB12:LeaderElection96] INFO  impl.RoleInfo (RoleInfo.java:updateAndGet(143)) - 0bbc1277-be6f-4bf3-88cf-1c3b12e139ad: start LeaderState
2019-09-25 05:52:39,672 [0bbc1277-be6f-4bf3-88cf-1c3b12e139ad@group-82B8C547FB12:LeaderElection96] INFO  segmented.SegmentedRaftLogWorker (SegmentedRaftLogWorker.java:startLogSegment(380)) - 0bbc1277-be6f-4bf3-88cf-1c3b12e139ad@group-82B8C547FB12-SegmentedRaftLogWorker: Starting segment from index:0
2019-09-25 05:52:39,672 [0bbc1277-be6f-4bf3-88cf-1c3b12e139ad@group-82B8C547FB12:LeaderElection96] INFO  impl.RaftServerImpl (ServerState.java:setRaftConf(354)) - 0bbc1277-be6f-4bf3-88cf-1c3b12e139ad@group-82B8C547FB12: set configuration 0: [0bbc1277-be6f-4bf3-88cf-1c3b12e139ad:192.168.30.10:46701], old=null at 0
2019-09-25 05:52:39,672 [0bbc1277-be6f-4bf3-88cf-1c3b12e139ad@group-65B12A733142:LeaderElection88] INFO  impl.RoleInfo (RoleInfo.java:updateAndGet(143)) - 0bbc1277-be6f-4bf3-88cf-1c3b12e139ad: start LeaderState
2019-09-25 05:52:39,672 [0bbc1277-be6f-4bf3-88cf-1c3b12e139ad@group-65B12A733142:LeaderElection88] INFO  segmented.SegmentedRaftLogWorker (SegmentedRaftLogWorker.java:startLogSegment(380)) - 0bbc1277-be6f-4bf3-88cf-1c3b12e139ad@group-65B12A733142-SegmentedRaftLogWorker: Starting segment from index:0
2019-09-25 05:52:39,673 [0bbc1277-be6f-4bf3-88cf-1c3b12e139ad@group-65B12A733142:LeaderElection88] INFO  impl.RaftServerImpl (ServerState.java:setRaftConf(354)) - 0bbc1277-be6f-4bf3-88cf-1c3b12e139ad@group-65B12A733142: set configuration 0: [0bbc1277-be6f-4bf3-88cf-1c3b12e139ad:192.168.30.10:46701], old=null at 0
2019-09-25 05:52:39,674 [754f3588-47e6-41ad-b34e-eb7041cce070@group-8A7557A8C55D:LeaderElection82] INFO  impl.RoleInfo (RoleInfo.java:updateAndGet(143)) - 754f3588-47e6-41ad-b34e-eb7041cce070: start LeaderState
2019-09-25 05:52:39,674 [754f3588-47e6-41ad-b34e-eb7041cce070@group-8A7557A8C55D:LeaderElection82] INFO  segmented.SegmentedRaftLogWorker (SegmentedRaftLogWorker.java:startLogSegment(380)) - 754f3588-47e6-41ad-b34e-eb7041cce070@group-8A7557A8C55D-SegmentedRaftLogWorker: Starting segment from index:0
2019-09-25 05:52:39,674 [754f3588-47e6-41ad-b34e-eb7041cce070@group-8A7557A8C55D:LeaderElection82] INFO  impl.RaftServerImpl (ServerState.java:setRaftConf(354)) - 754f3588-47e6-41ad-b34e-eb7041cce070@group-8A7557A8C55D: set configuration 0: [754f3588-47e6-41ad-b34e-eb7041cce070:192.168.30.10:41089], old=null at 0
2019-09-25 05:52:39,674 [0bbc1277-be6f-4bf3-88cf-1c3b12e139ad@group-703D5E58E916:LeaderElection80] INFO  impl.RoleInfo (RoleInfo.java:updateAndGet(143)) - 0bbc1277-be6f-4bf3-88cf-1c3b12e139ad: start LeaderState
2019-09-25 05:52:39,675 [0bbc1277-be6f-4bf3-88cf-1c3b12e139ad@group-703D5E58E916:LeaderElection80] INFO  segmented.SegmentedRaftLogWorker (SegmentedRaftLogWorker.java:startLogSegment(380)) - 0bbc1277-be6f-4bf3-88cf-1c3b12e139ad@group-703D5E58E916-SegmentedRaftLogWorker: Starting segment from index:0
2019-09-25 05:52:39,675 [754f3588-47e6-41ad-b34e-eb7041cce070@group-C59E6E433298:LeaderElection81] INFO  impl.RoleInfo (RoleInfo.java:updateAndGet(143)) - 754f3588-47e6-41ad-b34e-eb7041cce070: start LeaderState
2019-09-25 05:52:39,675 [0bbc1277-be6f-4bf3-88cf-1c3b12e139ad@group-703D5E58E916:LeaderElection80] INFO  impl.RaftServerImpl (ServerState.java:setRaftConf(354)) - 0bbc1277-be6f-4bf3-88cf-1c3b12e139ad@group-703D5E58E916: set configuration 0: [0bbc1277-be6f-4bf3-88cf-1c3b12e139ad:192.168.30.10:46701], old=null at 0
2019-09-25 05:52:39,675 [754f3588-47e6-41ad-b34e-eb7041cce070@group-C59E6E433298:LeaderElection81] INFO  segmented.SegmentedRaftLogWorker (SegmentedRaftLogWorker.java:startLogSegment(380)) - 754f3588-47e6-41ad-b34e-eb7041cce070@group-C59E6E433298-SegmentedRaftLogWorker: Starting segment from index:0
2019-09-25 05:52:39,676 [754f3588-47e6-41ad-b34e-eb7041cce070@group-C59E6E433298:LeaderElection81] INFO  impl.RaftServerImpl (ServerState.java:setRaftConf(354)) - 754f3588-47e6-41ad-b34e-eb7041cce070@group-C59E6E433298: set configuration 0: [754f3588-47e6-41ad-b34e-eb7041cce070:192.168.30.10:41089], old=null at 0
2019-09-25 05:52:39,676 [pool-27-thread-1] INFO  impl.RaftServerImpl (RaftServerImpl.java:<init>(95)) - 0bbc1277-be6f-4bf3-88cf-1c3b12e139ad: new RaftServerImpl for group-012443E21B0A:[754f3588-47e6-41ad-b34e-eb7041cce070:192.168.30.10:41089, 0bbc1277-be6f-4bf3-88cf-1c3b12e139ad:192.168.30.10:46701, 5be219b2-97fd-4a8c-91ea-b15aa89454d4:192.168.30.10:40625] with ContainerStateMachine:uninitialized
2019-09-25 05:52:39,676 [0bbc1277-be6f-4bf3-88cf-1c3b12e139ad@group-460933B656CC:LeaderElection75] INFO  impl.RoleInfo (RoleInfo.java:updateAndGet(143)) - 0bbc1277-be6f-4bf3-88cf-1c3b12e139ad: start LeaderState
2019-09-25 05:52:39,676 [pool-27-thread-1] INFO  server.RaftServerConfigKeys (ConfUtils.java:logGet(43)) - raft.server.rpc.timeout.min = 5s (custom)
2019-09-25 05:52:39,676 [0bbc1277-be6f-4bf3-88cf-1c3b12e139ad@group-460933B656CC:LeaderElection75] INFO  segmented.SegmentedRaftLogWorker (SegmentedRaftLogWorker.java:startLogSegment(380)) - 0bbc1277-be6f-4bf3-88cf-1c3b12e139ad@group-460933B656CC-SegmentedRaftLogWorker: Starting segment from index:0
2019-09-25 05:52:39,676 [pool-27-thread-1] INFO  server.RaftServerConfigKeys (ConfUtils.java:logGet(43)) - raft.server.rpc.timeout.max = 5200ms (custom)
2019-09-25 05:52:39,676 [pool-27-thread-1] INFO  server.RaftServerConfigKeys (ConfUtils.java:logGet(43)) - raft.server.rpcslowness.timeout = 120s (custom)
2019-09-25 05:52:39,676 [0bbc1277-be6f-4bf3-88cf-1c3b12e139ad@group-460933B656CC:LeaderElection75] INFO  impl.RaftServerImpl (ServerState.java:setRaftConf(354)) - 0bbc1277-be6f-4bf3-88cf-1c3b12e139ad@group-460933B656CC: set configuration 0: [0bbc1277-be6f-4bf3-88cf-1c3b12e139ad:192.168.30.10:46701], old=null at 0
2019-09-25 05:52:39,676 [0bbc1277-be6f-4bf3-88cf-1c3b12e139ad@group-19A6A27F62D9:LeaderElection78] INFO  impl.RoleInfo (RoleInfo.java:updateAndGet(143)) - 0bbc1277-be6f-4bf3-88cf-1c3b12e139ad: start LeaderState
2019-09-25 05:52:39,676 [pool-27-thread-1] INFO  server.RaftServerConfigKeys (ConfUtils.java:logGet(43)) - raft.server.sleep.deviation.threshold = 300 (default)
2019-09-25 05:52:39,677 [0bbc1277-be6f-4bf3-88cf-1c3b12e139ad@group-19A6A27F62D9:LeaderElection78] INFO  segmented.SegmentedRaftLogWorker (SegmentedRaftLogWorker.java:startLogSegment(380)) - 0bbc1277-be6f-4bf3-88cf-1c3b12e139ad@group-19A6A27F62D9-SegmentedRaftLogWorker: Starting segment from index:0
2019-09-25 05:52:39,677 [pool-27-thread-1] INFO  server.RaftServerConfigKeys (ConfUtils.java:logGet(43)) - raft.server.log.appender.install.snapshot.enabled = false (custom)
2019-09-25 05:52:39,677 [5be219b2-97fd-4a8c-91ea-b15aa89454d4@group-962CE1515C19:LeaderElection74] INFO  impl.RoleInfo (RoleInfo.java:updateAndGet(143)) - 5be219b2-97fd-4a8c-91ea-b15aa89454d4: start LeaderState
2019-09-25 05:52:39,677 [pool-27-thread-1] INFO  impl.RaftServerImpl (ServerState.java:<init>(103)) - 0bbc1277-be6f-4bf3-88cf-1c3b12e139ad@group-012443E21B0A: ConfigurationManager, init=-1: [754f3588-47e6-41ad-b34e-eb7041cce070:192.168.30.10:41089, 0bbc1277-be6f-4bf3-88cf-1c3b12e139ad:192.168.30.10:46701, 5be219b2-97fd-4a8c-91ea-b15aa89454d4:192.168.30.10:40625], old=null, confs=<EMPTY_MAP>
2019-09-25 05:52:39,677 [0bbc1277-be6f-4bf3-88cf-1c3b12e139ad@group-19A6A27F62D9:LeaderElection78] INFO  impl.RaftServerImpl (ServerState.java:setRaftConf(354)) - 0bbc1277-be6f-4bf3-88cf-1c3b12e139ad@group-19A6A27F62D9: set configuration 0: [0bbc1277-be6f-4bf3-88cf-1c3b12e139ad:192.168.30.10:46701], old=null at 0
2019-09-25 05:52:39,677 [pool-27-thread-1] INFO  server.RaftServerConfigKeys (ConfUtils.java:logGet(43)) - raft.server.storage.dir = [/workdir/hadoop-ozone/integration-test/target/test-dir/MiniOzoneClusterImpl-5fae48a0-8517-4c16-9d39-4001697b8772/datanode-0/data/ratis] (custom)
2019-09-25 05:52:39,677 [5be219b2-97fd-4a8c-91ea-b15aa89454d4@group-962CE1515C19:LeaderElection74] INFO  segmented.SegmentedRaftLogWorker (SegmentedRaftLogWorker.java:startLogSegment(380)) - 5be219b2-97fd-4a8c-91ea-b15aa89454d4@group-962CE1515C19-SegmentedRaftLogWorker: Starting segment from index:0
2019-09-25 05:52:39,677 [5be219b2-97fd-4a8c-91ea-b15aa89454d4@group-2F77B981F125:LeaderElection77] INFO  impl.RoleInfo (RoleInfo.java:updateAndGet(143)) - 5be219b2-97fd-4a8c-91ea-b15aa89454d4: start LeaderState
2019-09-25 05:52:39,677 [5be219b2-97fd-4a8c-91ea-b15aa89454d4@group-2F77B981F125:LeaderElection77] INFO  segmented.SegmentedRaftLogWorker (SegmentedRaftLogWorker.java:startLogSegment(380)) - 5be219b2-97fd-4a8c-91ea-b15aa89454d4@group-2F77B981F125-SegmentedRaftLogWorker: Starting segment from index:0
2019-09-25 05:52:39,678 [5be219b2-97fd-4a8c-91ea-b15aa89454d4@group-962CE1515C19:LeaderElection74] INFO  impl.RaftServerImpl (ServerState.java:setRaftConf(354)) - 5be219b2-97fd-4a8c-91ea-b15aa89454d4@group-962CE1515C19: set configuration 0: [5be219b2-97fd-4a8c-91ea-b15aa89454d4:192.168.30.10:40625], old=null at 0
2019-09-25 05:52:39,678 [pool-27-thread-1] INFO  storage.RaftStorageDirectory (RaftStorageDirectory.java:analyzeStorage(246)) - The storage directory /workdir/hadoop-ozone/integration-test/target/test-dir/MiniOzoneClusterImpl-5fae48a0-8517-4c16-9d39-4001697b8772/datanode-0/data/ratis/891ced09-bf18-470b-9d3a-012443e21b0a does not exist. Creating ...
2019-09-25 05:52:39,678 [5be219b2-97fd-4a8c-91ea-b15aa89454d4@group-2F77B981F125:LeaderElection77] INFO  impl.RaftServerImpl (ServerState.java:setRaftConf(354)) - 5be219b2-97fd-4a8c-91ea-b15aa89454d4@group-2F77B981F125: set configuration 0: [5be219b2-97fd-4a8c-91ea-b15aa89454d4:192.168.30.10:40625], old=null at 0
2019-09-25 05:52:39,678 [5be219b2-97fd-4a8c-91ea-b15aa89454d4@group-CB6A65C6BA0C:LeaderElection79] INFO  impl.RoleInfo (RoleInfo.java:updateAndGet(143)) - 5be219b2-97fd-4a8c-91ea-b15aa89454d4: start LeaderState
2019-09-25 05:52:39,678 [5be219b2-97fd-4a8c-91ea-b15aa89454d4@group-CB6A65C6BA0C:LeaderElection79] INFO  segmented.SegmentedRaftLogWorker (SegmentedRaftLogWorker.java:startLogSegment(380)) - 5be219b2-97fd-4a8c-91ea-b15aa89454d4@group-CB6A65C6BA0C-SegmentedRaftLogWorker: Starting segment from index:0
2019-09-25 05:52:39,678 [0bbc1277-be6f-4bf3-88cf-1c3b12e139ad@group-8A0701C6A3A8:LeaderElection76] INFO  impl.RoleInfo (RoleInfo.java:updateAndGet(143)) - 0bbc1277-be6f-4bf3-88cf-1c3b12e139ad: start LeaderState
2019-09-25 05:52:39,678 [0bbc1277-be6f-4bf3-88cf-1c3b12e139ad@group-8A0701C6A3A8:LeaderElection76] INFO  segmented.SegmentedRaftLogWorker (SegmentedRaftLogWorker.java:startLogSegment(380)) - 0bbc1277-be6f-4bf3-88cf-1c3b12e139ad@group-8A0701C6A3A8-SegmentedRaftLogWorker: Starting segment from index:0
2019-09-25 05:52:39,678 [5be219b2-97fd-4a8c-91ea-b15aa89454d4@group-CB6A65C6BA0C:LeaderElection79] INFO  impl.RaftServerImpl (ServerState.java:setRaftConf(354)) - 5be219b2-97fd-4a8c-91ea-b15aa89454d4@group-CB6A65C6BA0C: set configuration 0: [5be219b2-97fd-4a8c-91ea-b15aa89454d4:192.168.30.10:40625], old=null at 0
2019-09-25 05:52:39,679 [754f3588-47e6-41ad-b34e-eb7041cce070@group-22F58638F634:LeaderElection73] INFO  impl.RoleInfo (RoleInfo.java:updateAndGet(143)) - 754f3588-47e6-41ad-b34e-eb7041cce070: start LeaderState
2019-09-25 05:52:39,679 [754f3588-47e6-41ad-b34e-eb7041cce070@group-22F58638F634:LeaderElection73] INFO  segmented.SegmentedRaftLogWorker (SegmentedRaftLogWorker.java:startLogSegment(380)) - 754f3588-47e6-41ad-b34e-eb7041cce070@group-22F58638F634-SegmentedRaftLogWorker: Starting segment from index:0
2019-09-25 05:52:39,679 [0bbc1277-be6f-4bf3-88cf-1c3b12e139ad@group-8A0701C6A3A8:LeaderElection76] INFO  impl.RaftServerImpl (ServerState.java:setRaftConf(354)) - 0bbc1277-be6f-4bf3-88cf-1c3b12e139ad@group-8A0701C6A3A8: set configuration 0: [0bbc1277-be6f-4bf3-88cf-1c3b12e139ad:192.168.30.10:46701], old=null at 0
2019-09-25 05:52:39,679 [754f3588-47e6-41ad-b34e-eb7041cce070@group-ECF48C7AF352:LeaderElection72] INFO  impl.RoleInfo (RoleInfo.java:updateAndGet(143)) - 754f3588-47e6-41ad-b34e-eb7041cce070: start LeaderState
2019-09-25 05:52:39,679 [754f3588-47e6-41ad-b34e-eb7041cce070@group-22F58638F634:LeaderElection73] INFO  impl.RaftServerImpl (ServerState.java:setRaftConf(354)) - 754f3588-47e6-41ad-b34e-eb7041cce070@group-22F58638F634: set configuration 0: [754f3588-47e6-41ad-b34e-eb7041cce070:192.168.30.10:41089], old=null at 0
2019-09-25 05:52:39,679 [754f3588-47e6-41ad-b34e-eb7041cce070@group-ECF48C7AF352:LeaderElection72] INFO  segmented.SegmentedRaftLogWorker (SegmentedRaftLogWorker.java:startLogSegment(380)) - 754f3588-47e6-41ad-b34e-eb7041cce070@group-ECF48C7AF352-SegmentedRaftLogWorker: Starting segment from index:0
2019-09-25 05:52:39,679 [0bbc1277-be6f-4bf3-88cf-1c3b12e139ad@group-3B0A252CE86D:LeaderElection108] INFO  impl.RoleInfo (RoleInfo.java:updateAndGet(143)) - 0bbc1277-be6f-4bf3-88cf-1c3b12e139ad: start LeaderState
2019-09-25 05:52:39,681 [0bbc1277-be6f-4bf3-88cf-1c3b12e139ad@group-3B0A252CE86D:LeaderElection108] INFO  segmented.SegmentedRaftLogWorker (SegmentedRaftLogWorker.java:startLogSegment(380)) - 0bbc1277-be6f-4bf3-88cf-1c3b12e139ad@group-3B0A252CE86D-SegmentedRaftLogWorker: Starting segment from index:0
2019-09-25 05:52:39,681 [754f3588-47e6-41ad-b34e-eb7041cce070@group-ECF48C7AF352:LeaderElection72] INFO  impl.RaftServerImpl (ServerState.java:setRaftConf(354)) - 754f3588-47e6-41ad-b34e-eb7041cce070@group-ECF48C7AF352: set configuration 0: [754f3588-47e6-41ad-b34e-eb7041cce070:192.168.30.10:41089], old=null at 0
2019-09-25 05:52:39,681 [0bbc1277-be6f-4bf3-88cf-1c3b12e139ad@group-3B0A252CE86D:LeaderElection108] INFO  impl.RaftServerImpl (ServerState.java:setRaftConf(354)) - 0bbc1277-be6f-4bf3-88cf-1c3b12e139ad@group-3B0A252CE86D: set configuration 0: [0bbc1277-be6f-4bf3-88cf-1c3b12e139ad:192.168.30.10:46701], old=null at 0
2019-09-25 05:52:39,681 [5be219b2-97fd-4a8c-91ea-b15aa89454d4@group-8EFB222D9B87:LeaderElection113] INFO  impl.RoleInfo (RoleInfo.java:updateAndGet(143)) - 5be219b2-97fd-4a8c-91ea-b15aa89454d4: start LeaderState
2019-09-25 05:52:39,682 [5be219b2-97fd-4a8c-91ea-b15aa89454d4@group-8EFB222D9B87:LeaderElection113] INFO  segmented.SegmentedRaftLogWorker (SegmentedRaftLogWorker.java:startLogSegment(380)) - 5be219b2-97fd-4a8c-91ea-b15aa89454d4@group-8EFB222D9B87-SegmentedRaftLogWorker: Starting segment from index:0
2019-09-25 05:52:39,682 [754f3588-47e6-41ad-b34e-eb7041cce070@group-A2252AB6FA12:LeaderElection115] INFO  impl.RoleInfo (RoleInfo.java:updateAndGet(143)) - 754f3588-47e6-41ad-b34e-eb7041cce070: start LeaderState
2019-09-25 05:52:39,682 [754f3588-47e6-41ad-b34e-eb7041cce070@group-8904BE2F6653:LeaderElection109] INFO  impl.RoleInfo (RoleInfo.java:updateAndGet(143)) - 754f3588-47e6-41ad-b34e-eb7041cce070: start LeaderState
2019-09-25 05:52:39,682 [5be219b2-97fd-4a8c-91ea-b15aa89454d4@group-8EFB222D9B87:LeaderElection113] INFO  impl.RaftServerImpl (ServerState.java:setRaftConf(354)) - 5be219b2-97fd-4a8c-91ea-b15aa89454d4@group-8EFB222D9B87: set configuration 0: [5be219b2-97fd-4a8c-91ea-b15aa89454d4:192.168.30.10:40625], old=null at 0
2019-09-25 05:52:39,682 [754f3588-47e6-41ad-b34e-eb7041cce070@group-8904BE2F6653:LeaderElection109] INFO  segmented.SegmentedRaftLogWorker (SegmentedRaftLogWorker.java:startLogSegment(380)) - 754f3588-47e6-41ad-b34e-eb7041cce070@group-8904BE2F6653-SegmentedRaftLogWorker: Starting segment from index:0
2019-09-25 05:52:39,682 [754f3588-47e6-41ad-b34e-eb7041cce070@group-A2252AB6FA12:LeaderElection115] INFO  segmented.SegmentedRaftLogWorker (SegmentedRaftLogWorker.java:startLogSegment(380)) - 754f3588-47e6-41ad-b34e-eb7041cce070@group-A2252AB6FA12-SegmentedRaftLogWorker: Starting segment from index:0
2019-09-25 05:52:39,682 [5be219b2-97fd-4a8c-91ea-b15aa89454d4@group-C9565C519C1A:LeaderElection111] INFO  impl.RoleInfo (RoleInfo.java:updateAndGet(143)) - 5be219b2-97fd-4a8c-91ea-b15aa89454d4: start LeaderState
2019-09-25 05:52:39,682 [5be219b2-97fd-4a8c-91ea-b15aa89454d4@group-33B7851AF354:LeaderElection114] INFO  impl.RoleInfo (RoleInfo.java:updateAndGet(143)) - 5be219b2-97fd-4a8c-91ea-b15aa89454d4: start LeaderState
2019-09-25 05:52:39,682 [5be219b2-97fd-4a8c-91ea-b15aa89454d4@group-68BF0268EAE0:LeaderElection112] INFO  impl.RoleInfo (RoleInfo.java:updateAndGet(143)) - 5be219b2-97fd-4a8c-91ea-b15aa89454d4: start LeaderState
2019-09-25 05:52:39,682 [5be219b2-97fd-4a8c-91ea-b15aa89454d4@group-C9565C519C1A:LeaderElection111] INFO  segmented.SegmentedRaftLogWorker (SegmentedRaftLogWorker.java:startLogSegment(380)) - 5be219b2-97fd-4a8c-91ea-b15aa89454d4@group-C9565C519C1A-SegmentedRaftLogWorker: Starting segment from index:0
2019-09-25 05:52:39,682 [754f3588-47e6-41ad-b34e-eb7041cce070@group-8904BE2F6653:LeaderElection109] INFO  impl.RaftServerImpl (ServerState.java:setRaftConf(354)) - 754f3588-47e6-41ad-b34e-eb7041cce070@group-8904BE2F6653: set configuration 0: [754f3588-47e6-41ad-b34e-eb7041cce070:192.168.30.10:41089], old=null at 0
2019-09-25 05:52:39,683 [5be219b2-97fd-4a8c-91ea-b15aa89454d4@group-DED6F7C08979:LeaderElection116] INFO  impl.RoleInfo (RoleInfo.java:updateAndGet(143)) - 5be219b2-97fd-4a8c-91ea-b15aa89454d4: start LeaderState
2019-09-25 05:52:39,683 [0bbc1277-be6f-4bf3-88cf-1c3b12e139ad@group-13CCC1715FDD:LeaderElection118] INFO  impl.RoleInfo (RoleInfo.java:updateAndGet(143)) - 0bbc1277-be6f-4bf3-88cf-1c3b12e139ad: start LeaderState
2019-09-25 05:52:39,682 [5be219b2-97fd-4a8c-91ea-b15aa89454d4@group-9A6E2FA63B89:LeaderElection110] INFO  impl.RoleInfo (RoleInfo.java:updateAndGet(143)) - 5be219b2-97fd-4a8c-91ea-b15aa89454d4: start LeaderState
2019-09-25 05:52:39,682 [754f3588-47e6-41ad-b34e-eb7041cce070@group-A2252AB6FA12:LeaderElection115] INFO  impl.RaftServerImpl (ServerState.java:setRaftConf(354)) - 754f3588-47e6-41ad-b34e-eb7041cce070@group-A2252AB6FA12: set configuration 0: [754f3588-47e6-41ad-b34e-eb7041cce070:192.168.30.10:41089], old=null at 0
2019-09-25 05:52:39,682 [5be219b2-97fd-4a8c-91ea-b15aa89454d4@group-68BF0268EAE0:LeaderElection112] INFO  segmented.SegmentedRaftLogWorker (SegmentedRaftLogWorker.java:startLogSegment(380)) - 5be219b2-97fd-4a8c-91ea-b15aa89454d4@group-68BF0268EAE0-SegmentedRaftLogWorker: Starting segment from index:0
2019-09-25 05:52:39,682 [5be219b2-97fd-4a8c-91ea-b15aa89454d4@group-38D98D4419BA:LeaderElection117] INFO  impl.RoleInfo (RoleInfo.java:updateAndGet(143)) - 5be219b2-97fd-4a8c-91ea-b15aa89454d4: start LeaderState
2019-09-25 05:52:39,682 [5be219b2-97fd-4a8c-91ea-b15aa89454d4@group-33B7851AF354:LeaderElection114] INFO  segmented.SegmentedRaftLogWorker (SegmentedRaftLogWorker.java:startLogSegment(380)) - 5be219b2-97fd-4a8c-91ea-b15aa89454d4@group-33B7851AF354-SegmentedRaftLogWorker: Starting segment from index:0
2019-09-25 05:52:39,683 [5be219b2-97fd-4a8c-91ea-b15aa89454d4@group-38D98D4419BA:LeaderElection117] INFO  segmented.SegmentedRaftLogWorker (SegmentedRaftLogWorker.java:startLogSegment(380)) - 5be219b2-97fd-4a8c-91ea-b15aa89454d4@group-38D98D4419BA-SegmentedRaftLogWorker: Starting segment from index:0
2019-09-25 05:52:39,683 [5be219b2-97fd-4a8c-91ea-b15aa89454d4@group-9A6E2FA63B89:LeaderElection110] INFO  segmented.SegmentedRaftLogWorker (SegmentedRaftLogWorker.java:startLogSegment(380)) - 5be219b2-97fd-4a8c-91ea-b15aa89454d4@group-9A6E2FA63B89-SegmentedRaftLogWorker: Starting segment from index:0
2019-09-25 05:52:39,683 [5be219b2-97fd-4a8c-91ea-b15aa89454d4@group-33B7851AF354:LeaderElection114] INFO  impl.RaftServerImpl (ServerState.java:setRaftConf(354)) - 5be219b2-97fd-4a8c-91ea-b15aa89454d4@group-33B7851AF354: set configuration 0: [5be219b2-97fd-4a8c-91ea-b15aa89454d4:192.168.30.10:40625], old=null at 0
2019-09-25 05:52:39,683 [0bbc1277-be6f-4bf3-88cf-1c3b12e139ad@group-13CCC1715FDD:LeaderElection118] INFO  segmented.SegmentedRaftLogWorker (SegmentedRaftLogWorker.java:startLogSegment(380)) - 0bbc1277-be6f-4bf3-88cf-1c3b12e139ad@group-13CCC1715FDD-SegmentedRaftLogWorker: Starting segment from index:0
2019-09-25 05:52:39,683 [5be219b2-97fd-4a8c-91ea-b15aa89454d4@group-DED6F7C08979:LeaderElection116] INFO  segmented.SegmentedRaftLogWorker (SegmentedRaftLogWorker.java:startLogSegment(380)) - 5be219b2-97fd-4a8c-91ea-b15aa89454d4@group-DED6F7C08979-SegmentedRaftLogWorker: Starting segment from index:0
2019-09-25 05:52:39,683 [5be219b2-97fd-4a8c-91ea-b15aa89454d4@group-C9565C519C1A:LeaderElection111] INFO  impl.RaftServerImpl (ServerState.java:setRaftConf(354)) - 5be219b2-97fd-4a8c-91ea-b15aa89454d4@group-C9565C519C1A: set configuration 0: [5be219b2-97fd-4a8c-91ea-b15aa89454d4:192.168.30.10:40625], old=null at 0
2019-09-25 05:52:39,684 [0bbc1277-be6f-4bf3-88cf-1c3b12e139ad@group-13CCC1715FDD:LeaderElection118] INFO  impl.RaftServerImpl (ServerState.java:setRaftConf(354)) - 0bbc1277-be6f-4bf3-88cf-1c3b12e139ad@group-13CCC1715FDD: set configuration 0: [0bbc1277-be6f-4bf3-88cf-1c3b12e139ad:192.168.30.10:46701], old=null at 0
2019-09-25 05:52:39,684 [5be219b2-97fd-4a8c-91ea-b15aa89454d4@group-9A6E2FA63B89:LeaderElection110] INFO  impl.RaftServerImpl (ServerState.java:setRaftConf(354)) - 5be219b2-97fd-4a8c-91ea-b15aa89454d4@group-9A6E2FA63B89: set configuration 0: [5be219b2-97fd-4a8c-91ea-b15aa89454d4:192.168.30.10:40625], old=null at 0
2019-09-25 05:52:39,684 [5be219b2-97fd-4a8c-91ea-b15aa89454d4@group-38D98D4419BA:LeaderElection117] INFO  impl.RaftServerImpl (ServerState.java:setRaftConf(354)) - 5be219b2-97fd-4a8c-91ea-b15aa89454d4@group-38D98D4419BA: set configuration 0: [5be219b2-97fd-4a8c-91ea-b15aa89454d4:192.168.30.10:40625], old=null at 0
2019-09-25 05:52:39,683 [5be219b2-97fd-4a8c-91ea-b15aa89454d4@group-68BF0268EAE0:LeaderElection112] INFO  impl.RaftServerImpl (ServerState.java:setRaftConf(354)) - 5be219b2-97fd-4a8c-91ea-b15aa89454d4@group-68BF0268EAE0: set configuration 0: [5be219b2-97fd-4a8c-91ea-b15aa89454d4:192.168.30.10:40625], old=null at 0
2019-09-25 05:52:39,684 [5be219b2-97fd-4a8c-91ea-b15aa89454d4@group-DED6F7C08979:LeaderElection116] INFO  impl.RaftServerImpl (ServerState.java:setRaftConf(354)) - 5be219b2-97fd-4a8c-91ea-b15aa89454d4@group-DED6F7C08979: set configuration 0: [5be219b2-97fd-4a8c-91ea-b15aa89454d4:192.168.30.10:40625], old=null at 0
2019-09-25 05:52:39,724 [Thread-664] INFO  impl.FollowerState (FollowerState.java:run(106)) - 5be219b2-97fd-4a8c-91ea-b15aa89454d4:group-2FF12999A258 changes to CANDIDATE, lastRpcTime:5134, electionTimeout:5134ms
2019-09-25 05:52:39,725 [Thread-664] INFO  impl.RoleInfo (RoleInfo.java:shutdownFollowerState(121)) - 5be219b2-97fd-4a8c-91ea-b15aa89454d4: shutdown FollowerState
2019-09-25 05:52:39,725 [Thread-664] INFO  impl.RaftServerImpl (RaftServerImpl.java:setRole(174)) - 5be219b2-97fd-4a8c-91ea-b15aa89454d4@group-2FF12999A258: changes role from  FOLLOWER to CANDIDATE at term 0 for changeToCandidate
2019-09-25 05:52:39,725 [Thread-664] INFO  impl.RoleInfo (RoleInfo.java:updateAndGet(143)) - 5be219b2-97fd-4a8c-91ea-b15aa89454d4: start LeaderElection
2019-09-25 05:52:42,682 [Thread-679] WARN  util.JavaUtils (JavaUtils.java:sleep(250)) - Unexpected long sleep: sleep(5195ms) actually took 7945ms which is over the threshold 300ms
2019-09-25 05:52:44,712 [754f3588-47e6-41ad-b34e-eb7041cce070@group-C1F53D7A1728:LeaderElection120] INFO  impl.LeaderElection (LeaderElection.java:askForVotes(182)) - 754f3588-47e6-41ad-b34e-eb7041cce070@group-C1F53D7A1728:LeaderElection120: begin an election at term 1 for -1: [754f3588-47e6-41ad-b34e-eb7041cce070:192.168.30.10:41089], old=null
2019-09-25 05:52:44,712 [5be219b2-97fd-4a8c-91ea-b15aa89454d4@group-280C5BF5A703:LeaderElection121] INFO  impl.LeaderElection (LeaderElection.java:askForVotes(182)) - 5be219b2-97fd-4a8c-91ea-b15aa89454d4@group-280C5BF5A703:LeaderElection121: begin an election at term 1 for -1: [5be219b2-97fd-4a8c-91ea-b15aa89454d4:192.168.30.10:40625], old=null
2019-09-25 05:52:44,712 [754f3588-47e6-41ad-b34e-eb7041cce070@group-C1F53D7A1728:LeaderElection120] INFO  impl.RoleInfo (RoleInfo.java:shutdownLeaderElection(134)) - 754f3588-47e6-41ad-b34e-eb7041cce070: shutdown LeaderElection
2019-09-25 05:52:44,373 [754f3588-47e6-41ad-b34e-eb7041cce070@group-C196BB46B7FE-SegmentedRaftLogWorker] ERROR segmented.SegmentedRaftLogWorker (SegmentedRaftLogWorker.java:run(323)) - 754f3588-47e6-41ad-b34e-eb7041cce070@group-C196BB46B7FE-SegmentedRaftLogWorker hit exception
java.lang.OutOfMemoryError: Direct buffer memory
	at java.nio.Bits.reserveMemory(Bits.java:666)
	at java.nio.DirectByteBuffer.<init>(DirectByteBuffer.java:123)
	at java.nio.ByteBuffer.allocateDirect(ByteBuffer.java:311)
	at org.apache.ratis.server.raftlog.segmented.BufferedWriteChannel.<init>(BufferedWriteChannel.java:41)
	at org.apache.ratis.server.raftlog.segmented.SegmentedRaftLogOutputStream.<init>(SegmentedRaftLogOutputStream.java:72)
	at org.apache.ratis.server.raftlog.segmented.SegmentedRaftLogWorker$StartLogSegment.execute(SegmentedRaftLogWorker.java:566)
	at org.apache.ratis.server.raftlog.segmented.SegmentedRaftLogWorker.run(SegmentedRaftLogWorker.java:289)
	at java.lang.Thread.run(Thread.java:748)
2019-09-25 05:52:44,373 [754f3588-47e6-41ad-b34e-eb7041cce070@group-68E8BDB01568-SegmentedRaftLogWorker] ERROR segmented.SegmentedRaftLogWorker (SegmentedRaftLogWorker.java:run(323)) - 754f3588-47e6-41ad-b34e-eb7041cce070@group-68E8BDB01568-SegmentedRaftLogWorker hit exception
java.lang.OutOfMemoryError: Direct buffer memory
	at java.nio.Bits.reserveMemory(Bits.java:666)
	at java.nio.DirectByteBuffer.<init>(DirectByteBuffer.java:123)
	at java.nio.ByteBuffer.allocateDirect(ByteBuffer.java:311)
	at org.apache.ratis.server.raftlog.segmented.BufferedWriteChannel.<init>(BufferedWriteChannel.java:41)
	at org.apache.ratis.server.raftlog.segmented.SegmentedRaftLogOutputStream.<init>(SegmentedRaftLogOutputStream.java:72)
	at org.apache.ratis.server.raftlog.segmented.SegmentedRaftLogWorker$StartLogSegment.execute(SegmentedRaftLogWorker.java:566)
	at org.apache.ratis.server.raftlog.segmented.SegmentedRaftLogWorker.run(SegmentedRaftLogWorker.java:289)
	at java.lang.Thread.run(Thread.java:748)
2019-09-25 05:52:44,705 [Thread-704] WARN  util.JavaUtils (JavaUtils.java:sleep(250)) - Unexpected long sleep: sleep(5049ms) actually took 9756ms which is over the threshold 300ms
2019-09-25 05:52:44,703 [Thread-691] WARN  util.JavaUtils (JavaUtils.java:sleep(250)) - Unexpected long sleep: sleep(5193ms) actually took 9874ms which is over the threshold 300ms
2019-09-25 05:52:44,703 [Thread-694] WARN  util.JavaUtils (JavaUtils.java:sleep(250)) - Unexpected long sleep: sleep(5155ms) actually took 9832ms which is over the threshold 300ms
2019-09-25 05:52:44,702 [org.apache.hadoop.util.JvmPauseMonitor$Monitor@6737ef83] INFO  util.JvmPauseMonitor (JvmPauseMonitor.java:run(205)) - Detected pause in JVM or host machine (eg GC): pause of approximately 4578ms
GC pool 'PS MarkSweep' had collection(s): count=31 time=4609ms
GC pool 'PS Scavenge' had collection(s): count=31 time=198ms
2019-09-25 05:52:44,702 [org.apache.hadoop.util.JvmPauseMonitor$Monitor@19626873] INFO  util.JvmPauseMonitor (JvmPauseMonitor.java:run(205)) - Detected pause in JVM or host machine (eg GC): pause of approximately 4578ms
GC pool 'PS MarkSweep' had collection(s): count=31 time=4609ms
GC pool 'PS Scavenge' had collection(s): count=31 time=198ms
2019-09-25 05:52:44,702 [org.apache.hadoop.util.JvmPauseMonitor$Monitor@3145b9c7] INFO  util.JvmPauseMonitor (JvmPauseMonitor.java:run(205)) - Detected pause in JVM or host machine (eg GC): pause of approximately 4579ms
GC pool 'PS MarkSweep' had collection(s): count=31 time=4609ms
GC pool 'PS Scavenge' had collection(s): count=31 time=198ms
2019-09-25 05:52:44,702 [org.apache.hadoop.util.JvmPauseMonitor$Monitor@64f857e7] INFO  util.JvmPauseMonitor (JvmPauseMonitor.java:run(205)) - Detected pause in JVM or host machine (eg GC): pause of approximately 4578ms
GC pool 'PS MarkSweep' had collection(s): count=31 time=4609ms
GC pool 'PS Scavenge' had collection(s): count=31 time=198ms
2019-09-25 05:52:44,702 [Thread-697] WARN  util.JavaUtils (JavaUtils.java:sleep(250)) - Unexpected long sleep: sleep(5196ms) actually took 9791ms which is over the threshold 300ms
2019-09-25 05:52:44,701 [Thread-714] WARN  util.JavaUtils (JavaUtils.java:sleep(250)) - Unexpected long sleep: sleep(5082ms) actually took 9626ms which is over the threshold 300ms
2019-09-25 05:52:44,701 [Thread-707] WARN  util.JavaUtils (JavaUtils.java:sleep(250)) - Unexpected long sleep: sleep(5131ms) actually took 9659ms which is over the threshold 300ms
2019-09-25 05:52:44,700 [Thread-719] WARN  util.JavaUtils (JavaUtils.java:sleep(250)) - Unexpected long sleep: sleep(5089ms) actually took 9573ms which is over the threshold 300ms
2019-09-25 05:52:44,700 [Thread-727] WARN  util.JavaUtils (JavaUtils.java:sleep(250)) - Unexpected long sleep: sleep(5053ms) actually took 9484ms which is over the threshold 300ms
2019-09-25 05:52:44,699 [Thread-722] WARN  util.JavaUtils (JavaUtils.java:sleep(250)) - Unexpected long sleep: sleep(5149ms) actually took 9520ms which is over the threshold 300ms
2019-09-25 05:52:44,697 [Thread-373] WARN  util.JavaUtils (JavaUtils.java:sleep(250)) - Unexpected long sleep: sleep(5069ms) actually took 9008ms which is over the threshold 300ms
2019-09-25 05:52:44,697 [Thread-742] WARN  util.JavaUtils (JavaUtils.java:sleep(250)) - Unexpected long sleep: sleep(5146ms) actually took 9004ms which is over the threshold 300ms
2019-09-25 05:52:44,696 [RATISCREATEPIPELINE1] ERROR pipeline.RatisPipelineProvider (RatisPipelineProvider.java:lambda$null$2(181)) - Failed invoke Ratis rpc org.apache.hadoop.hdds.scm.pipeline.RatisPipelineProvider$$Lambda$179/1731679697@29f03616 for 5be219b2-97fd-4a8c-91ea-b15aa89454d4
org.apache.ratis.protocol.TimeoutIOException: deadline exceeded after 2999555138ns
	at org.apache.ratis.grpc.GrpcUtil.tryUnwrapException(GrpcUtil.java:82)
	at org.apache.ratis.grpc.GrpcUtil.unwrapException(GrpcUtil.java:75)
	at org.apache.ratis.grpc.client.GrpcClientProtocolClient.blockingCall(GrpcClientProtocolClient.java:178)
	at org.apache.ratis.grpc.client.GrpcClientProtocolClient.groupAdd(GrpcClientProtocolClient.java:147)
	at org.apache.ratis.grpc.client.GrpcClientRpc.sendRequest(GrpcClientRpc.java:94)
	at org.apache.ratis.client.impl.RaftClientImpl.sendRequest(RaftClientImpl.java:278)
	at org.apache.ratis.client.impl.RaftClientImpl.groupAdd(RaftClientImpl.java:205)
	at org.apache.hadoop.hdds.scm.pipeline.RatisPipelineProvider.lambda$initializePipeline$1(RatisPipelineProvider.java:142)
	at org.apache.hadoop.hdds.scm.pipeline.RatisPipelineProvider.lambda$null$2(RatisPipelineProvider.java:177)
	at java.util.stream.ForEachOps$ForEachOp$OfRef.accept(ForEachOps.java:184)
	at java.util.ArrayList$ArrayListSpliterator.forEachRemaining(ArrayList.java:1382)
	at java.util.stream.AbstractPipeline.copyInto(AbstractPipeline.java:482)
	at java.util.stream.ForEachOps$ForEachTask.compute(ForEachOps.java:291)
	at java.util.concurrent.CountedCompleter.exec(CountedCompleter.java:731)
	at java.util.concurrent.ForkJoinTask.doExec(ForkJoinTask.java:289)
	at java.util.concurrent.ForkJoinTask.doInvoke(ForkJoinTask.java:401)
	at java.util.concurrent.ForkJoinTask.invoke(ForkJoinTask.java:734)
	at java.util.stream.ForEachOps$ForEachOp.evaluateParallel(ForEachOps.java:160)
	at java.util.stream.ForEachOps$ForEachOp$OfRef.evaluateParallel(ForEachOps.java:174)
	at java.util.stream.AbstractPipeline.evaluate(AbstractPipeline.java:233)
	at java.util.stream.ReferencePipeline.forEach(ReferencePipeline.java:418)
	at java.util.stream.ReferencePipeline$Head.forEach(ReferencePipeline.java:583)
	at org.apache.hadoop.hdds.scm.pipeline.RatisPipelineProvider.lambda$callRatisRpc$3(RatisPipelineProvider.java:171)
	at java.util.concurrent.ForkJoinTask$AdaptedRunnableAction.exec(ForkJoinTask.java:1386)
	at java.util.concurrent.ForkJoinTask.doExec(ForkJoinTask.java:289)
	at java.util.concurrent.ForkJoinPool$WorkQueue.runTask(ForkJoinPool.java:1056)
	at java.util.concurrent.ForkJoinPool.runWorker(ForkJoinPool.java:1692)
	at java.util.concurrent.ForkJoinWorkerThread.run(ForkJoinWorkerThread.java:157)
Caused by: org.apache.ratis.thirdparty.io.grpc.StatusRuntimeException: DEADLINE_EXCEEDED: deadline exceeded after 2999555138ns
	at org.apache.ratis.thirdparty.io.grpc.stub.ClientCalls.toStatusRuntimeException(ClientCalls.java:233)
	at org.apache.ratis.thirdparty.io.grpc.stub.ClientCalls.getUnchecked(ClientCalls.java:214)
	at org.apache.ratis.thirdparty.io.grpc.stub.ClientCalls.blockingUnaryCall(ClientCalls.java:139)
	at org.apache.ratis.proto.grpc.AdminProtocolServiceGrpc$AdminProtocolServiceBlockingStub.groupManagement(AdminProtocolServiceGrpc.java:274)
	at org.apache.ratis.grpc.client.GrpcClientProtocolClient.lambda$groupAdd$3(GrpcClientProtocolClient.java:149)
	at org.apache.ratis.grpc.client.GrpcClientProtocolClient.blockingCall(GrpcClientProtocolClient.java:176)
	... 25 more
2019-09-25 05:52:44,695 [5be219b2-97fd-4a8c-91ea-b15aa89454d4@group-144250B2D26F:LeaderElection122] INFO  impl.LeaderElection (LeaderElection.java:askForVotes(182)) - 5be219b2-97fd-4a8c-91ea-b15aa89454d4@group-144250B2D26F:LeaderElection122: begin an election at term 1 for -1: [5be219b2-97fd-4a8c-91ea-b15aa89454d4:192.168.30.10:40625], old=null
2019-09-25 05:52:44,695 [0bbc1277-be6f-4bf3-88cf-1c3b12e139ad@group-0DB47DC2B114:LeaderElection119] INFO  impl.LeaderElection (LeaderElection.java:askForVotes(182)) - 0bbc1277-be6f-4bf3-88cf-1c3b12e139ad@group-0DB47DC2B114:LeaderElection119: begin an election at term 1 for -1: [0bbc1277-be6f-4bf3-88cf-1c3b12e139ad:192.168.30.10:46701], old=null
2019-09-25 05:52:44,373 [5be219b2-97fd-4a8c-91ea-b15aa89454d4@group-37BCAE1ED488-SegmentedRaftLogWorker] ERROR segmented.SegmentedRaftLogWorker (SegmentedRaftLogWorker.java:run(323)) - 5be219b2-97fd-4a8c-91ea-b15aa89454d4@group-37BCAE1ED488-SegmentedRaftLogWorker hit exception
java.lang.OutOfMemoryError: Direct buffer memory
	at java.nio.Bits.reserveMemory(Bits.java:666)
	at java.nio.DirectByteBuffer.<init>(DirectByteBuffer.java:123)
	at java.nio.ByteBuffer.allocateDirect(ByteBuffer.java:311)
	at org.apache.ratis.server.raftlog.segmented.BufferedWriteChannel.<init>(BufferedWriteChannel.java:41)
	at org.apache.ratis.server.raftlog.segmented.SegmentedRaftLogOutputStream.<init>(SegmentedRaftLogOutputStream.java:72)
	at org.apache.ratis.server.raftlog.segmented.SegmentedRaftLogWorker$StartLogSegment.execute(SegmentedRaftLogWorker.java:566)
	at org.apache.ratis.server.raftlog.segmented.SegmentedRaftLogWorker.run(SegmentedRaftLogWorker.java:289)
	at java.lang.Thread.run(Thread.java:748)
2019-09-25 05:52:44,373 [0bbc1277-be6f-4bf3-88cf-1c3b12e139ad@group-98DB549270B5-SegmentedRaftLogWorker] ERROR segmented.SegmentedRaftLogWorker (SegmentedRaftLogWorker.java:run(323)) - 0bbc1277-be6f-4bf3-88cf-1c3b12e139ad@group-98DB549270B5-SegmentedRaftLogWorker hit exception
java.lang.OutOfMemoryError: Direct buffer memory
	at java.nio.Bits.reserveMemory(Bits.java:666)
	at java.nio.DirectByteBuffer.<init>(DirectByteBuffer.java:123)
	at java.nio.ByteBuffer.allocateDirect(ByteBuffer.java:311)
	at org.apache.ratis.server.raftlog.segmented.BufferedWriteChannel.<init>(BufferedWriteChannel.java:41)
	at org.apache.ratis.server.raftlog.segmented.SegmentedRaftLogOutputStream.<init>(SegmentedRaftLogOutputStream.java:72)
	at org.apache.ratis.server.raftlog.segmented.SegmentedRaftLogWorker$StartLogSegment.execute(SegmentedRaftLogWorker.java:566)
	at org.apache.ratis.server.raftlog.segmented.SegmentedRaftLogWorker.run(SegmentedRaftLogWorker.java:289)
	at java.lang.Thread.run(Thread.java:748)
2019-09-25 05:52:42,964 [SCM Heartbeat Processing Thread - 0] INFO  node.NodeStateManager (NodeStateManager.java:run(516)) - Detected long delay in scheduling HB processing thread. Skipping heartbeat checks for one iteration.
2019-09-25 05:52:42,964 [Thread-671] WARN  util.JavaUtils (JavaUtils.java:sleep(250)) - Unexpected long sleep: sleep(5161ms) actually took 8312ms which is over the threshold 300ms
2019-09-25 05:52:42,964 [754f3588-47e6-41ad-b34e-eb7041cce070@group-A475441C9D32-SegmentedRaftLogWorker] ERROR segmented.SegmentedRaftLogWorker (SegmentedRaftLogWorker.java:run(323)) - 754f3588-47e6-41ad-b34e-eb7041cce070@group-A475441C9D32-SegmentedRaftLogWorker hit exception
java.lang.OutOfMemoryError: Direct buffer memory
	at java.nio.Bits.reserveMemory(Bits.java:666)
	at java.nio.DirectByteBuffer.<init>(DirectByteBuffer.java:123)
	at java.nio.ByteBuffer.allocateDirect(ByteBuffer.java:311)
	at org.apache.ratis.server.raftlog.segmented.BufferedWriteChannel.<init>(BufferedWriteChannel.java:41)
	at org.apache.ratis.server.raftlog.segmented.SegmentedRaftLogOutputStream.<init>(SegmentedRaftLogOutputStream.java:72)
	at org.apache.ratis.server.raftlog.segmented.SegmentedRaftLogWorker$StartLogSegment.execute(SegmentedRaftLogWorker.java:566)
	at org.apache.ratis.server.raftlog.segmented.SegmentedRaftLogWorker.run(SegmentedRaftLogWorker.java:289)
	at java.lang.Thread.run(Thread.java:748)
2019-09-25 05:52:42,964 [5be219b2-97fd-4a8c-91ea-b15aa89454d4@group-43352AA4234F-SegmentedRaftLogWorker] ERROR segmented.SegmentedRaftLogWorker (SegmentedRaftLogWorker.java:run(323)) - 5be219b2-97fd-4a8c-91ea-b15aa89454d4@group-43352AA4234F-SegmentedRaftLogWorker hit exception
java.lang.OutOfMemoryError: Direct buffer memory
	at java.nio.Bits.reserveMemory(Bits.java:666)
	at java.nio.DirectByteBuffer.<init>(DirectByteBuffer.java:123)
	at java.nio.ByteBuffer.allocateDirect(ByteBuffer.java:311)
	at org.apache.ratis.server.raftlog.segmented.BufferedWriteChannel.<init>(BufferedWriteChannel.java:41)
	at org.apache.ratis.server.raftlog.segmented.SegmentedRaftLogOutputStream.<init>(SegmentedRaftLogOutputStream.java:72)
	at org.apache.ratis.server.raftlog.segmented.SegmentedRaftLogWorker$StartLogSegment.execute(SegmentedRaftLogWorker.java:566)
	at org.apache.ratis.server.raftlog.segmented.SegmentedRaftLogWorker.run(SegmentedRaftLogWorker.java:289)
	at java.lang.Thread.run(Thread.java:748)
2019-09-25 05:52:42,964 [Thread-684] WARN  util.JavaUtils (JavaUtils.java:sleep(250)) - Unexpected long sleep: sleep(5113ms) actually took 8176ms which is over the threshold 300ms
2019-09-25 05:52:42,964 [Thread-674] WARN  util.JavaUtils (JavaUtils.java:sleep(250)) - Unexpected long sleep: sleep(5200ms) actually took 8265ms which is over the threshold 300ms
2019-09-25 05:52:45,704 [5be219b2-97fd-4a8c-91ea-b15aa89454d4@group-43352AA4234F-SegmentedRaftLogWorker] INFO  impl.RaftServerImpl (RaftServerImpl.java:lambda$shutdown$3(251)) - 5be219b2-97fd-4a8c-91ea-b15aa89454d4@group-43352AA4234F: shutdown
2019-09-25 05:52:45,704 [754f3588-47e6-41ad-b34e-eb7041cce070@group-A475441C9D32-SegmentedRaftLogWorker] INFO  impl.RaftServerImpl (RaftServerImpl.java:lambda$shutdown$3(251)) - 754f3588-47e6-41ad-b34e-eb7041cce070@group-A475441C9D32: shutdown
2019-09-25 05:52:45,705 [5be219b2-97fd-4a8c-91ea-b15aa89454d4@group-43352AA4234F-SegmentedRaftLogWorker] INFO  util.JmxRegister (JmxRegister.java:unregister(73)) - Successfully un-registered JMX Bean with object name Ratis:service=RaftServer,group=group-43352AA4234F,id=5be219b2-97fd-4a8c-91ea-b15aa89454d4
2019-09-25 05:52:45,705 [5be219b2-97fd-4a8c-91ea-b15aa89454d4@group-43352AA4234F-SegmentedRaftLogWorker] INFO  impl.RoleInfo (RoleInfo.java:shutdownLeaderState(104)) - 5be219b2-97fd-4a8c-91ea-b15aa89454d4: shutdown LeaderState
2019-09-25 05:52:45,703 [0bbc1277-be6f-4bf3-88cf-1c3b12e139ad@group-98DB549270B5-SegmentedRaftLogWorker] INFO  impl.RaftServerImpl (RaftServerImpl.java:lambda$shutdown$3(251)) - 0bbc1277-be6f-4bf3-88cf-1c3b12e139ad@group-98DB549270B5: shutdown
2019-09-25 05:52:45,703 [5be219b2-97fd-4a8c-91ea-b15aa89454d4@group-37BCAE1ED488-SegmentedRaftLogWorker] INFO  impl.RaftServerImpl (RaftServerImpl.java:lambda$shutdown$3(251)) - 5be219b2-97fd-4a8c-91ea-b15aa89454d4@group-37BCAE1ED488: shutdown
2019-09-25 05:52:45,703 [0bbc1277-be6f-4bf3-88cf-1c3b12e139ad@group-0DB47DC2B114:LeaderElection119] INFO  impl.RoleInfo (RoleInfo.java:shutdownLeaderElection(134)) - 0bbc1277-be6f-4bf3-88cf-1c3b12e139ad: shutdown LeaderElection
2019-09-25 05:52:45,703 [5be219b2-97fd-4a8c-91ea-b15aa89454d4@group-144250B2D26F:LeaderElection122] INFO  impl.RoleInfo (RoleInfo.java:shutdownLeaderElection(134)) - 5be219b2-97fd-4a8c-91ea-b15aa89454d4: shutdown LeaderElection
2019-09-25 05:52:45,700 [754f3588-47e6-41ad-b34e-eb7041cce070@group-68E8BDB01568-SegmentedRaftLogWorker] INFO  impl.RaftServerImpl (RaftServerImpl.java:lambda$shutdown$3(251)) - 754f3588-47e6-41ad-b34e-eb7041cce070@group-68E8BDB01568: shutdown
2019-09-25 05:52:45,700 [754f3588-47e6-41ad-b34e-eb7041cce070@group-C196BB46B7FE-SegmentedRaftLogWorker] INFO  impl.RaftServerImpl (RaftServerImpl.java:lambda$shutdown$3(251)) - 754f3588-47e6-41ad-b34e-eb7041cce070@group-C196BB46B7FE: shutdown
2019-09-25 05:52:45,700 [5be219b2-97fd-4a8c-91ea-b15aa89454d4@group-2FF12999A258:LeaderElection128] INFO  impl.LeaderElection (LeaderElection.java:askForVotes(182)) - 5be219b2-97fd-4a8c-91ea-b15aa89454d4@group-2FF12999A258:LeaderElection128: begin an election at term 1 for -1: [5be219b2-97fd-4a8c-91ea-b15aa89454d4:192.168.30.10:40625], old=null
2019-09-25 05:52:45,700 [5be219b2-97fd-4a8c-91ea-b15aa89454d4@group-C916076952F9:LeaderElection125] INFO  impl.LeaderElection (LeaderElection.java:askForVotes(182)) - 5be219b2-97fd-4a8c-91ea-b15aa89454d4@group-C916076952F9:LeaderElection125: begin an election at term 1 for -1: [5be219b2-97fd-4a8c-91ea-b15aa89454d4:192.168.30.10:40625], old=null
2019-09-25 05:52:45,700 [5be219b2-97fd-4a8c-91ea-b15aa89454d4@group-0A38BACE653E:LeaderElection126] INFO  impl.LeaderElection (LeaderElection.java:askForVotes(182)) - 5be219b2-97fd-4a8c-91ea-b15aa89454d4@group-0A38BACE653E:LeaderElection126: begin an election at term 1 for -1: [5be219b2-97fd-4a8c-91ea-b15aa89454d4:192.168.30.10:40625], old=null
2019-09-25 05:52:45,700 [0bbc1277-be6f-4bf3-88cf-1c3b12e139ad@group-9E442A14D521:LeaderElection124] INFO  impl.LeaderElection (LeaderElection.java:askForVotes(182)) - 0bbc1277-be6f-4bf3-88cf-1c3b12e139ad@group-9E442A14D521:LeaderElection124: begin an election at term 1 for -1: [0bbc1277-be6f-4bf3-88cf-1c3b12e139ad:192.168.30.10:46701], old=null
2019-09-25 05:52:45,700 [5be219b2-97fd-4a8c-91ea-b15aa89454d4@group-B9A5584514CD:LeaderElection127] INFO  impl.LeaderElection (LeaderElection.java:askForVotes(182)) - 5be219b2-97fd-4a8c-91ea-b15aa89454d4@group-B9A5584514CD:LeaderElection127: begin an election at term 1 for -1: [5be219b2-97fd-4a8c-91ea-b15aa89454d4:192.168.30.10:40625], old=null
2019-09-25 05:52:45,700 [pool-47-thread-1] INFO  storage.RaftStorageDirectory (RaftStorageDirectory.java:tryLock(328)) - Lock on /workdir/hadoop-ozone/integration-test/target/test-dir/MiniOzoneClusterImpl-5fae48a0-8517-4c16-9d39-4001697b8772/datanode-2/data/ratis/891ced09-bf18-470b-9d3a-012443e21b0a/in_use.lock acquired by nodename 25594@pr-hdds-1569-s62bp-3040748787
2019-09-25 05:52:44,696 [RATISCREATEPIPELINE3] ERROR pipeline.RatisPipelineProvider (RatisPipelineProvider.java:lambda$null$2(181)) - Failed invoke Ratis rpc org.apache.hadoop.hdds.scm.pipeline.RatisPipelineProvider$$Lambda$179/1731679697@29f03616 for 0bbc1277-be6f-4bf3-88cf-1c3b12e139ad
org.apache.ratis.protocol.TimeoutIOException: deadline exceeded after 2999729338ns
	at org.apache.ratis.grpc.GrpcUtil.tryUnwrapException(GrpcUtil.java:82)
	at org.apache.ratis.grpc.GrpcUtil.unwrapException(GrpcUtil.java:75)
	at org.apache.ratis.grpc.client.GrpcClientProtocolClient.blockingCall(GrpcClientProtocolClient.java:178)
	at org.apache.ratis.grpc.client.GrpcClientProtocolClient.groupAdd(GrpcClientProtocolClient.java:147)
	at org.apache.ratis.grpc.client.GrpcClientRpc.sendRequest(GrpcClientRpc.java:94)
	at org.apache.ratis.client.impl.RaftClientImpl.sendRequest(RaftClientImpl.java:278)
	at org.apache.ratis.client.impl.RaftClientImpl.groupAdd(RaftClientImpl.java:205)
	at org.apache.hadoop.hdds.scm.pipeline.RatisPipelineProvider.lambda$initializePipeline$1(RatisPipelineProvider.java:142)
	at org.apache.hadoop.hdds.scm.pipeline.RatisPipelineProvider.lambda$null$2(RatisPipelineProvider.java:177)
	at java.util.stream.ForEachOps$ForEachOp$OfRef.accept(ForEachOps.java:184)
	at java.util.ArrayList$ArrayListSpliterator.forEachRemaining(ArrayList.java:1382)
	at java.util.stream.AbstractPipeline.copyInto(AbstractPipeline.java:482)
	at java.util.stream.ForEachOps$ForEachTask.compute(ForEachOps.java:291)
	at java.util.concurrent.CountedCompleter.exec(CountedCompleter.java:731)
	at java.util.concurrent.ForkJoinTask.doExec(ForkJoinTask.java:289)
	at java.util.concurrent.ForkJoinPool$WorkQueue.runTask(ForkJoinPool.java:1056)
	at java.util.concurrent.ForkJoinPool.runWorker(ForkJoinPool.java:1692)
	at java.util.concurrent.ForkJoinWorkerThread.run(ForkJoinWorkerThread.java:157)
Caused by: org.apache.ratis.thirdparty.io.grpc.StatusRuntimeException: DEADLINE_EXCEEDED: deadline exceeded after 2999729338ns
	at org.apache.ratis.thirdparty.io.grpc.stub.ClientCalls.toStatusRuntimeException(ClientCalls.java:233)
	at org.apache.ratis.thirdparty.io.grpc.stub.ClientCalls.getUnchecked(ClientCalls.java:214)
	at org.apache.ratis.thirdparty.io.grpc.stub.ClientCalls.blockingUnaryCall(ClientCalls.java:139)
	at org.apache.ratis.proto.grpc.AdminProtocolServiceGrpc$AdminProtocolServiceBlockingStub.groupManagement(AdminProtocolServiceGrpc.java:274)
	at org.apache.ratis.grpc.client.GrpcClientProtocolClient.lambda$groupAdd$3(GrpcClientProtocolClient.java:149)
	at org.apache.ratis.grpc.client.GrpcClientProtocolClient.blockingCall(GrpcClientProtocolClient.java:176)
	... 15 more
2019-09-25 05:52:44,712 [5be219b2-97fd-4a8c-91ea-b15aa89454d4@group-A7119F067D59:LeaderElection123] INFO  impl.LeaderElection (LeaderElection.java:askForVotes(182)) - 5be219b2-97fd-4a8c-91ea-b15aa89454d4@group-A7119F067D59:LeaderElection123: begin an election at term 1 for -1: [5be219b2-97fd-4a8c-91ea-b15aa89454d4:192.168.30.10:40625], old=null
2019-09-25 05:52:44,712 [754f3588-47e6-41ad-b34e-eb7041cce070@group-C1F53D7A1728:LeaderElection120] INFO  impl.RaftServerImpl (RaftServerImpl.java:setRole(174)) - 754f3588-47e6-41ad-b34e-eb7041cce070@group-C1F53D7A1728: changes role from CANDIDATE to LEADER at term 1 for changeToLeader
2019-09-25 05:52:45,711 [754f3588-47e6-41ad-b34e-eb7041cce070@group-C1F53D7A1728:LeaderElection120] INFO  impl.RaftServerImpl (ServerState.java:setLeader(253)) - 754f3588-47e6-41ad-b34e-eb7041cce070@group-C1F53D7A1728: change Leader from null to 754f3588-47e6-41ad-b34e-eb7041cce070 at term 1 for becomeLeader, leader elected after 12085ms
2019-09-25 05:52:44,712 [pool-27-thread-1] INFO  storage.RaftStorageDirectory (RaftStorageDirectory.java:tryLock(328)) - Lock on /workdir/hadoop-ozone/integration-test/target/test-dir/MiniOzoneClusterImpl-5fae48a0-8517-4c16-9d39-4001697b8772/datanode-0/data/ratis/891ced09-bf18-470b-9d3a-012443e21b0a/in_use.lock acquired by nodename 25594@pr-hdds-1569-s62bp-3040748787
2019-09-25 05:52:44,712 [pool-37-thread-1] INFO  storage.RaftStorageDirectory (RaftStorageDirectory.java:tryLock(328)) - Lock on /workdir/hadoop-ozone/integration-test/target/test-dir/MiniOzoneClusterImpl-5fae48a0-8517-4c16-9d39-4001697b8772/datanode-1/data/ratis/891ced09-bf18-470b-9d3a-012443e21b0a/in_use.lock acquired by nodename 25594@pr-hdds-1569-s62bp-3040748787
2019-09-25 05:52:44,712 [5be219b2-97fd-4a8c-91ea-b15aa89454d4@group-280C5BF5A703:LeaderElection121] INFO  impl.RoleInfo (RoleInfo.java:shutdownLeaderElection(134)) - 5be219b2-97fd-4a8c-91ea-b15aa89454d4: shutdown LeaderElection
2019-09-25 05:52:44,712 [RATISCREATEPIPELINE2] ERROR pipeline.RatisPipelineProvider (RatisPipelineProvider.java:lambda$null$2(181)) - Failed invoke Ratis rpc org.apache.hadoop.hdds.scm.pipeline.RatisPipelineProvider$$Lambda$179/1731679697@29f03616 for 754f3588-47e6-41ad-b34e-eb7041cce070
org.apache.ratis.protocol.TimeoutIOException: deadline exceeded after 2999723518ns
	at org.apache.ratis.grpc.GrpcUtil.tryUnwrapException(GrpcUtil.java:82)
	at org.apache.ratis.grpc.GrpcUtil.unwrapException(GrpcUtil.java:75)
	at org.apache.ratis.grpc.client.GrpcClientProtocolClient.blockingCall(GrpcClientProtocolClient.java:178)
	at org.apache.ratis.grpc.client.GrpcClientProtocolClient.groupAdd(GrpcClientProtocolClient.java:147)
	at org.apache.ratis.grpc.client.GrpcClientRpc.sendRequest(GrpcClientRpc.java:94)
	at org.apache.ratis.client.impl.RaftClientImpl.sendRequest(RaftClientImpl.java:278)
	at org.apache.ratis.client.impl.RaftClientImpl.groupAdd(RaftClientImpl.java:205)
	at org.apache.hadoop.hdds.scm.pipeline.RatisPipelineProvider.lambda$initializePipeline$1(RatisPipelineProvider.java:142)
	at org.apache.hadoop.hdds.scm.pipeline.RatisPipelineProvider.lambda$null$2(RatisPipelineProvider.java:177)
	at java.util.stream.ForEachOps$ForEachOp$OfRef.accept(ForEachOps.java:184)
	at java.util.ArrayList$ArrayListSpliterator.forEachRemaining(ArrayList.java:1382)
	at java.util.stream.AbstractPipeline.copyInto(AbstractPipeline.java:482)
	at java.util.stream.ForEachOps$ForEachTask.compute(ForEachOps.java:291)
	at java.util.concurrent.CountedCompleter.exec(CountedCompleter.java:731)
	at java.util.concurrent.ForkJoinTask.doExec(ForkJoinTask.java:289)
	at java.util.concurrent.ForkJoinPool$WorkQueue.runTask(ForkJoinPool.java:1056)
	at java.util.concurrent.ForkJoinPool.runWorker(ForkJoinPool.java:1692)
	at java.util.concurrent.ForkJoinWorkerThread.run(ForkJoinWorkerThread.java:157)
Caused by: org.apache.ratis.thirdparty.io.grpc.StatusRuntimeException: DEADLINE_EXCEEDED: deadline exceeded after 2999723518ns
	at org.apache.ratis.thirdparty.io.grpc.stub.ClientCalls.toStatusRuntimeException(ClientCalls.java:233)
	at org.apache.ratis.thirdparty.io.grpc.stub.ClientCalls.getUnchecked(ClientCalls.java:214)
	at org.apache.ratis.thirdparty.io.grpc.stub.ClientCalls.blockingUnaryCall(ClientCalls.java:139)
	at org.apache.ratis.proto.grpc.AdminProtocolServiceGrpc$AdminProtocolServiceBlockingStub.groupManagement(AdminProtocolServiceGrpc.java:274)
	at org.apache.ratis.grpc.client.GrpcClientProtocolClient.lambda$groupAdd$3(GrpcClientProtocolClient.java:149)
	at org.apache.ratis.grpc.client.GrpcClientProtocolClient.blockingCall(GrpcClientProtocolClient.java:176)
	... 15 more
2019-09-25 05:52:45,716 [5be219b2-97fd-4a8c-91ea-b15aa89454d4@group-280C5BF5A703:LeaderElection121] INFO  impl.RaftServerImpl (RaftServerImpl.java:setRole(174)) - 5be219b2-97fd-4a8c-91ea-b15aa89454d4@group-280C5BF5A703: changes role from CANDIDATE to LEADER at term 1 for changeToLeader
2019-09-25 05:52:45,720 [5be219b2-97fd-4a8c-91ea-b15aa89454d4@group-280C5BF5A703:LeaderElection121] INFO  impl.RaftServerImpl (ServerState.java:setLeader(253)) - 5be219b2-97fd-4a8c-91ea-b15aa89454d4@group-280C5BF5A703: change Leader from null to 5be219b2-97fd-4a8c-91ea-b15aa89454d4 at term 1 for becomeLeader, leader elected after 11956ms
2019-09-25 05:52:45,711 [754f3588-47e6-41ad-b34e-eb7041cce070@group-C1F53D7A1728:LeaderElection120] INFO  server.RaftServerConfigKeys (ConfUtils.java:logGet(43)) - raft.server.staging.catchup.gap = 1000 (default)
2019-09-25 05:52:45,711 [5be219b2-97fd-4a8c-91ea-b15aa89454d4@group-A7119F067D59:LeaderElection123] INFO  impl.RoleInfo (RoleInfo.java:shutdownLeaderElection(134)) - 5be219b2-97fd-4a8c-91ea-b15aa89454d4: shutdown LeaderElection
2019-09-25 05:52:45,724 [5be219b2-97fd-4a8c-91ea-b15aa89454d4@group-A7119F067D59:LeaderElection123] INFO  impl.RaftServerImpl (RaftServerImpl.java:setRole(174)) - 5be219b2-97fd-4a8c-91ea-b15aa89454d4@group-A7119F067D59: changes role from CANDIDATE to LEADER at term 1 for changeToLeader
2019-09-25 05:52:45,706 [5be219b2-97fd-4a8c-91ea-b15aa89454d4@group-B9A5584514CD:LeaderElection127] INFO  impl.RoleInfo (RoleInfo.java:shutdownLeaderElection(134)) - 5be219b2-97fd-4a8c-91ea-b15aa89454d4: shutdown LeaderElection
2019-09-25 05:52:45,706 [5be219b2-97fd-4a8c-91ea-b15aa89454d4@group-0A38BACE653E:LeaderElection126] INFO  impl.RoleInfo (RoleInfo.java:shutdownLeaderElection(134)) - 5be219b2-97fd-4a8c-91ea-b15aa89454d4: shutdown LeaderElection
2019-09-25 05:52:45,706 [0bbc1277-be6f-4bf3-88cf-1c3b12e139ad@group-9E442A14D521:LeaderElection124] INFO  impl.RoleInfo (RoleInfo.java:shutdownLeaderElection(134)) - 0bbc1277-be6f-4bf3-88cf-1c3b12e139ad: shutdown LeaderElection
2019-09-25 05:52:45,706 [5be219b2-97fd-4a8c-91ea-b15aa89454d4@group-C916076952F9:LeaderElection125] INFO  impl.RoleInfo (RoleInfo.java:shutdownLeaderElection(134)) - 5be219b2-97fd-4a8c-91ea-b15aa89454d4: shutdown LeaderElection
2019-09-25 05:52:45,706 [5be219b2-97fd-4a8c-91ea-b15aa89454d4@group-2FF12999A258:LeaderElection128] INFO  impl.RoleInfo (RoleInfo.java:shutdownLeaderElection(134)) - 5be219b2-97fd-4a8c-91ea-b15aa89454d4: shutdown LeaderElection
2019-09-25 05:52:45,705 [754f3588-47e6-41ad-b34e-eb7041cce070@group-C196BB46B7FE-SegmentedRaftLogWorker] INFO  util.JmxRegister (JmxRegister.java:unregister(73)) - Successfully un-registered JMX Bean with object name Ratis:service=RaftServer,group=group-C196BB46B7FE,id=754f3588-47e6-41ad-b34e-eb7041cce070
2019-09-25 05:52:45,705 [754f3588-47e6-41ad-b34e-eb7041cce070@group-68E8BDB01568-SegmentedRaftLogWorker] INFO  util.JmxRegister (JmxRegister.java:unregister(73)) - Successfully un-registered JMX Bean with object name Ratis:service=RaftServer,group=group-68E8BDB01568,id=754f3588-47e6-41ad-b34e-eb7041cce070
2019-09-25 05:52:45,705 [5be219b2-97fd-4a8c-91ea-b15aa89454d4@group-144250B2D26F:LeaderElection122] INFO  impl.RaftServerImpl (RaftServerImpl.java:setRole(174)) - 5be219b2-97fd-4a8c-91ea-b15aa89454d4@group-144250B2D26F: changes role from CANDIDATE to LEADER at term 1 for changeToLeader
2019-09-25 05:52:45,725 [5be219b2-97fd-4a8c-91ea-b15aa89454d4@group-144250B2D26F:LeaderElection122] INFO  impl.RaftServerImpl (ServerState.java:setLeader(253)) - 5be219b2-97fd-4a8c-91ea-b15aa89454d4@group-144250B2D26F: change Leader from null to 5be219b2-97fd-4a8c-91ea-b15aa89454d4 at term 1 for becomeLeader, leader elected after 11792ms
2019-09-25 05:52:45,705 [0bbc1277-be6f-4bf3-88cf-1c3b12e139ad@group-0DB47DC2B114:LeaderElection119] INFO  impl.RaftServerImpl (RaftServerImpl.java:setRole(174)) - 0bbc1277-be6f-4bf3-88cf-1c3b12e139ad@group-0DB47DC2B114: changes role from CANDIDATE to LEADER at term 1 for changeToLeader
2019-09-25 05:52:45,725 [0bbc1277-be6f-4bf3-88cf-1c3b12e139ad@group-0DB47DC2B114:LeaderElection119] INFO  impl.RaftServerImpl (ServerState.java:setLeader(253)) - 0bbc1277-be6f-4bf3-88cf-1c3b12e139ad@group-0DB47DC2B114: change Leader from null to 0bbc1277-be6f-4bf3-88cf-1c3b12e139ad at term 1 for becomeLeader, leader elected after 12229ms
2019-09-25 05:52:45,705 [5be219b2-97fd-4a8c-91ea-b15aa89454d4@group-37BCAE1ED488-SegmentedRaftLogWorker] INFO  util.JmxRegister (JmxRegister.java:unregister(73)) - Successfully un-registered JMX Bean with object name Ratis:service=RaftServer,group=group-37BCAE1ED488,id=5be219b2-97fd-4a8c-91ea-b15aa89454d4
2019-09-25 05:52:45,725 [5be219b2-97fd-4a8c-91ea-b15aa89454d4@group-37BCAE1ED488-SegmentedRaftLogWorker] INFO  impl.RoleInfo (RoleInfo.java:shutdownLeaderState(104)) - 5be219b2-97fd-4a8c-91ea-b15aa89454d4: shutdown LeaderState
2019-09-25 05:52:45,705 [0bbc1277-be6f-4bf3-88cf-1c3b12e139ad@group-98DB549270B5-SegmentedRaftLogWorker] INFO  util.JmxRegister (JmxRegister.java:unregister(73)) - Successfully un-registered JMX Bean with object name Ratis:service=RaftServer,group=group-98DB549270B5,id=0bbc1277-be6f-4bf3-88cf-1c3b12e139ad
2019-09-25 05:52:45,705 [5be219b2-97fd-4a8c-91ea-b15aa89454d4@group-43352AA4234F-SegmentedRaftLogWorker] INFO  impl.PendingRequests (PendingRequests.java:sendNotLeaderResponses(202)) - 5be219b2-97fd-4a8c-91ea-b15aa89454d4-PendingRequests: sendNotLeaderResponses
2019-09-25 05:52:45,705 [754f3588-47e6-41ad-b34e-eb7041cce070@group-A475441C9D32-SegmentedRaftLogWorker] INFO  util.JmxRegister (JmxRegister.java:unregister(73)) - Successfully un-registered JMX Bean with object name Ratis:service=RaftServer,group=group-A475441C9D32,id=754f3588-47e6-41ad-b34e-eb7041cce070
2019-09-25 05:52:45,726 [0bbc1277-be6f-4bf3-88cf-1c3b12e139ad@group-98DB549270B5-SegmentedRaftLogWorker] INFO  impl.RoleInfo (RoleInfo.java:shutdownLeaderState(104)) - 0bbc1277-be6f-4bf3-88cf-1c3b12e139ad: shutdown LeaderState
2019-09-25 05:52:45,726 [5be219b2-97fd-4a8c-91ea-b15aa89454d4@group-37BCAE1ED488-SegmentedRaftLogWorker] INFO  impl.PendingRequests (PendingRequests.java:sendNotLeaderResponses(202)) - 5be219b2-97fd-4a8c-91ea-b15aa89454d4-PendingRequests: sendNotLeaderResponses
2019-09-25 05:52:45,725 [0bbc1277-be6f-4bf3-88cf-1c3b12e139ad@group-0DB47DC2B114:LeaderElection119] INFO  server.RaftServerConfigKeys (ConfUtils.java:logGet(43)) - raft.server.staging.catchup.gap = 1000 (default)
2019-09-25 05:52:45,725 [5be219b2-97fd-4a8c-91ea-b15aa89454d4@group-144250B2D26F:LeaderElection122] INFO  server.RaftServerConfigKeys (ConfUtils.java:logGet(43)) - raft.server.staging.catchup.gap = 1000 (default)
2019-09-25 05:52:45,726 [5be219b2-97fd-4a8c-91ea-b15aa89454d4@group-144250B2D26F:LeaderElection122] INFO  server.RaftServerConfigKeys (ConfUtils.java:logGet(43)) - raft.server.rpc.sleep.time = 25ms (default)
2019-09-25 05:52:45,725 [754f3588-47e6-41ad-b34e-eb7041cce070@group-68E8BDB01568-SegmentedRaftLogWorker] INFO  impl.RoleInfo (RoleInfo.java:shutdownLeaderState(104)) - 754f3588-47e6-41ad-b34e-eb7041cce070: shutdown LeaderState
2019-09-25 05:52:45,725 [754f3588-47e6-41ad-b34e-eb7041cce070@group-C196BB46B7FE-SegmentedRaftLogWorker] INFO  impl.RoleInfo (RoleInfo.java:shutdownLeaderState(104)) - 754f3588-47e6-41ad-b34e-eb7041cce070: shutdown LeaderState
2019-09-25 05:52:45,725 [5be219b2-97fd-4a8c-91ea-b15aa89454d4@group-2FF12999A258:LeaderElection128] INFO  impl.RaftServerImpl (RaftServerImpl.java:setRole(174)) - 5be219b2-97fd-4a8c-91ea-b15aa89454d4@group-2FF12999A258: changes role from CANDIDATE to LEADER at term 1 for changeToLeader
2019-09-25 05:52:45,727 [5be219b2-97fd-4a8c-91ea-b15aa89454d4@group-2FF12999A258:LeaderElection128] INFO  impl.RaftServerImpl (ServerState.java:setLeader(253)) - 5be219b2-97fd-4a8c-91ea-b15aa89454d4@group-2FF12999A258: change Leader from null to 5be219b2-97fd-4a8c-91ea-b15aa89454d4 at term 1 for becomeLeader, leader elected after 11141ms
2019-09-25 05:52:45,725 [5be219b2-97fd-4a8c-91ea-b15aa89454d4@group-C916076952F9:LeaderElection125] INFO  impl.RaftServerImpl (RaftServerImpl.java:setRole(174)) - 5be219b2-97fd-4a8c-91ea-b15aa89454d4@group-C916076952F9: changes role from CANDIDATE to LEADER at term 1 for changeToLeader
2019-09-25 05:52:45,725 [0bbc1277-be6f-4bf3-88cf-1c3b12e139ad@group-9E442A14D521:LeaderElection124] INFO  impl.RaftServerImpl (RaftServerImpl.java:setRole(174)) - 0bbc1277-be6f-4bf3-88cf-1c3b12e139ad@group-9E442A14D521: changes role from CANDIDATE to LEADER at term 1 for changeToLeader
2019-09-25 05:52:45,725 [5be219b2-97fd-4a8c-91ea-b15aa89454d4@group-0A38BACE653E:LeaderElection126] INFO  impl.RaftServerImpl (RaftServerImpl.java:setRole(174)) - 5be219b2-97fd-4a8c-91ea-b15aa89454d4@group-0A38BACE653E: changes role from CANDIDATE to LEADER at term 1 for changeToLeader
2019-09-25 05:52:45,724 [5be219b2-97fd-4a8c-91ea-b15aa89454d4@group-B9A5584514CD:LeaderElection127] INFO  impl.RaftServerImpl (RaftServerImpl.java:setRole(174)) - 5be219b2-97fd-4a8c-91ea-b15aa89454d4@group-B9A5584514CD: changes role from CANDIDATE to LEADER at term 1 for changeToLeader
2019-09-25 05:52:45,724 [5be219b2-97fd-4a8c-91ea-b15aa89454d4@group-A7119F067D59:LeaderElection123] INFO  impl.RaftServerImpl (ServerState.java:setLeader(253)) - 5be219b2-97fd-4a8c-91ea-b15aa89454d4@group-A7119F067D59: change Leader from null to 5be219b2-97fd-4a8c-91ea-b15aa89454d4 at term 1 for becomeLeader, leader elected after 11496ms
2019-09-25 05:52:45,724 [pool-47-thread-1] INFO  storage.RaftStorage (RaftStorage.java:format(72)) - Storage directory /workdir/hadoop-ozone/integration-test/target/test-dir/MiniOzoneClusterImpl-5fae48a0-8517-4c16-9d39-4001697b8772/datanode-2/data/ratis/891ced09-bf18-470b-9d3a-012443e21b0a has been successfully formatted.
2019-09-25 05:52:45,724 [754f3588-47e6-41ad-b34e-eb7041cce070@group-C1F53D7A1728:LeaderElection120] INFO  server.RaftServerConfigKeys (ConfUtils.java:logGet(43)) - raft.server.rpc.sleep.time = 25ms (default)
2019-09-25 05:52:45,720 [IPC Server handler 0 on 34189] ERROR pipeline.SCMPipelineManager (SCMPipelineManager.java:createPipeline(167)) - Pipeline creation failed due to exception: 3 exceptions [java.io.IOException: Failed invoke Ratis rpc org.apache.hadoop.hdds.scm.pipeline.RatisPipelineProvider$$Lambda$179/1731679697@29f03616 for 5be219b2-97fd-4a8c-91ea-b15aa89454d4, java.io.IOException: Failed invoke Ratis rpc org.apache.hadoop.hdds.scm.pipeline.RatisPipelineProvider$$Lambda$179/1731679697@29f03616 for 0bbc1277-be6f-4bf3-88cf-1c3b12e139ad, java.io.IOException: Failed invoke Ratis rpc org.apache.hadoop.hdds.scm.pipeline.RatisPipelineProvider$$Lambda$179/1731679697@29f03616 for 754f3588-47e6-41ad-b34e-eb7041cce070]
2019-09-25 05:52:45,720 [5be219b2-97fd-4a8c-91ea-b15aa89454d4@group-280C5BF5A703:LeaderElection121] INFO  server.RaftServerConfigKeys (ConfUtils.java:logGet(43)) - raft.server.staging.catchup.gap = 1000 (default)
2019-09-25 05:52:45,728 [IPC Server handler 0 on 34189] WARN  block.BlockManagerImpl (BlockManagerImpl.java:allocateBlock(192)) - Pipeline creation failed for type:RATIS factor:THREE. Retrying get pipelines call once.
org.apache.hadoop.io.MultipleIOException: 3 exceptions [java.io.IOException: Failed invoke Ratis rpc org.apache.hadoop.hdds.scm.pipeline.RatisPipelineProvider$$Lambda$179/1731679697@29f03616 for 5be219b2-97fd-4a8c-91ea-b15aa89454d4, java.io.IOException: Failed invoke Ratis rpc org.apache.hadoop.hdds.scm.pipeline.RatisPipelineProvider$$Lambda$179/1731679697@29f03616 for 0bbc1277-be6f-4bf3-88cf-1c3b12e139ad, java.io.IOException: Failed invoke Ratis rpc org.apache.hadoop.hdds.scm.pipeline.RatisPipelineProvider$$Lambda$179/1731679697@29f03616 for 754f3588-47e6-41ad-b34e-eb7041cce070]
	at org.apache.hadoop.io.MultipleIOException.createIOException(MultipleIOException.java:53)
	at org.apache.hadoop.hdds.scm.pipeline.RatisPipelineProvider.callRatisRpc(RatisPipelineProvider.java:197)
	at org.apache.hadoop.hdds.scm.pipeline.RatisPipelineProvider.initializePipeline(RatisPipelineProvider.java:140)
	at org.apache.hadoop.hdds.scm.pipeline.RatisPipelineProvider.create(RatisPipelineProvider.java:109)
	at org.apache.hadoop.hdds.scm.pipeline.PipelineFactory.create(PipelineFactory.java:58)
	at org.apache.hadoop.hdds.scm.pipeline.SCMPipelineManager.createPipeline(SCMPipelineManager.java:155)
	at org.apache.hadoop.hdds.scm.block.BlockManagerImpl.allocateBlock(BlockManagerImpl.java:190)
	at org.apache.hadoop.hdds.scm.server.SCMBlockProtocolServer.allocateBlock(SCMBlockProtocolServer.java:182)
	at org.apache.hadoop.ozone.protocolPB.ScmBlockLocationProtocolServerSideTranslatorPB.allocateScmBlock(ScmBlockLocationProtocolServerSideTranslatorPB.java:183)
	at org.apache.hadoop.ozone.protocolPB.ScmBlockLocationProtocolServerSideTranslatorPB.processMessage(ScmBlockLocationProtocolServerSideTranslatorPB.java:141)
	at org.apache.hadoop.ozone.protocolPB.ScmBlockLocationProtocolServerSideTranslatorPB.send(ScmBlockLocationProtocolServerSideTranslatorPB.java:116)
	at org.apache.hadoop.hdds.protocol.proto.ScmBlockLocationProtocolProtos$ScmBlockLocationProtocolService$2.callBlockingMethod(ScmBlockLocationProtocolProtos.java:13157)
	at org.apache.hadoop.ipc.ProtobufRpcEngine$Server$ProtoBufRpcInvoker.call(ProtobufRpcEngine.java:524)
	at org.apache.hadoop.ipc.RPC$Server.call(RPC.java:1025)
	at org.apache.hadoop.ipc.Server$RpcCall.run(Server.java:876)
	at org.apache.hadoop.ipc.Server$RpcCall.run(Server.java:822)
	at java.security.AccessController.doPrivileged(Native Method)
	at javax.security.auth.Subject.doAs(Subject.java:422)
	at org.apache.hadoop.security.UserGroupInformation.doAs(UserGroupInformation.java:1730)
	at org.apache.hadoop.ipc.Server$Handler.run(Server.java:2682)
2019-09-25 05:52:45,728 [pool-47-thread-1] INFO  ratis.ContainerStateMachine (ContainerStateMachine.java:loadSnapshot(230)) - group-012443E21B0A: The snapshot info is null. Setting the last applied indexto:(t:0, i:~)
2019-09-25 05:52:45,728 [754f3588-47e6-41ad-b34e-eb7041cce070@group-C1F53D7A1728:LeaderElection120] INFO  server.RaftServerConfigKeys (ConfUtils.java:logGet(43)) - raft.server.write.element-limit = 4096 (default)
2019-09-25 05:52:45,727 [5be219b2-97fd-4a8c-91ea-b15aa89454d4@group-A7119F067D59:LeaderElection123] INFO  server.RaftServerConfigKeys (ConfUtils.java:logGet(43)) - raft.server.staging.catchup.gap = 1000 (default)
2019-09-25 05:52:45,732 [5be219b2-97fd-4a8c-91ea-b15aa89454d4@group-A7119F067D59:LeaderElection123] INFO  server.RaftServerConfigKeys (ConfUtils.java:logGet(43)) - raft.server.rpc.sleep.time = 25ms (default)
2019-09-25 05:52:45,727 [5be219b2-97fd-4a8c-91ea-b15aa89454d4@group-B9A5584514CD:LeaderElection127] INFO  impl.RaftServerImpl (ServerState.java:setLeader(253)) - 5be219b2-97fd-4a8c-91ea-b15aa89454d4@group-B9A5584514CD: change Leader from null to 5be219b2-97fd-4a8c-91ea-b15aa89454d4 at term 1 for becomeLeader, leader elected after 11319ms
2019-09-25 05:52:45,727 [5be219b2-97fd-4a8c-91ea-b15aa89454d4@group-0A38BACE653E:LeaderElection126] INFO  impl.RaftServerImpl (ServerState.java:setLeader(253)) - 5be219b2-97fd-4a8c-91ea-b15aa89454d4@group-0A38BACE653E: change Leader from null to 5be219b2-97fd-4a8c-91ea-b15aa89454d4 at term 1 for becomeLeader, leader elected after 11187ms
2019-09-25 05:52:45,727 [0bbc1277-be6f-4bf3-88cf-1c3b12e139ad@group-9E442A14D521:LeaderElection124] INFO  impl.RaftServerImpl (ServerState.java:setLeader(253)) - 0bbc1277-be6f-4bf3-88cf-1c3b12e139ad@group-9E442A14D521: change Leader from null to 0bbc1277-be6f-4bf3-88cf-1c3b12e139ad at term 1 for becomeLeader, leader elected after 11398ms
2019-09-25 05:52:45,727 [5be219b2-97fd-4a8c-91ea-b15aa89454d4@group-C916076952F9:LeaderElection125] INFO  impl.RaftServerImpl (ServerState.java:setLeader(253)) - 5be219b2-97fd-4a8c-91ea-b15aa89454d4@group-C916076952F9: change Leader from null to 5be219b2-97fd-4a8c-91ea-b15aa89454d4 at term 1 for becomeLeader, leader elected after 11557ms
2019-09-25 05:52:45,727 [5be219b2-97fd-4a8c-91ea-b15aa89454d4@group-2FF12999A258:LeaderElection128] INFO  server.RaftServerConfigKeys (ConfUtils.java:logGet(43)) - raft.server.staging.catchup.gap = 1000 (default)
2019-09-25 05:52:45,727 [754f3588-47e6-41ad-b34e-eb7041cce070@group-C196BB46B7FE-SegmentedRaftLogWorker] INFO  impl.PendingRequests (PendingRequests.java:sendNotLeaderResponses(202)) - 754f3588-47e6-41ad-b34e-eb7041cce070-PendingRequests: sendNotLeaderResponses
2019-09-25 05:52:45,727 [754f3588-47e6-41ad-b34e-eb7041cce070@group-68E8BDB01568-SegmentedRaftLogWorker] INFO  impl.PendingRequests (PendingRequests.java:sendNotLeaderResponses(202)) - 754f3588-47e6-41ad-b34e-eb7041cce070-PendingRequests: sendNotLeaderResponses
2019-09-25 05:52:45,726 [5be219b2-97fd-4a8c-91ea-b15aa89454d4@group-144250B2D26F:LeaderElection122] INFO  server.RaftServerConfigKeys (ConfUtils.java:logGet(43)) - raft.server.write.element-limit = 4096 (default)
2019-09-25 05:52:45,736 [754f3588-47e6-41ad-b34e-eb7041cce070@group-68E8BDB01568-SegmentedRaftLogWorker] INFO  impl.StateMachineUpdater (StateMachineUpdater.java:stopAndJoin(125)) - 754f3588-47e6-41ad-b34e-eb7041cce070@group-68E8BDB01568-StateMachineUpdater: set stopIndex = -1
2019-09-25 05:52:45,726 [0bbc1277-be6f-4bf3-88cf-1c3b12e139ad@group-0DB47DC2B114:LeaderElection119] INFO  server.RaftServerConfigKeys (ConfUtils.java:logGet(43)) - raft.server.rpc.sleep.time = 25ms (default)
2019-09-25 05:52:45,726 [5be219b2-97fd-4a8c-91ea-b15aa89454d4@group-37BCAE1ED488-SegmentedRaftLogWorker] INFO  impl.StateMachineUpdater (StateMachineUpdater.java:stopAndJoin(125)) - 5be219b2-97fd-4a8c-91ea-b15aa89454d4@group-37BCAE1ED488-StateMachineUpdater: set stopIndex = -1
2019-09-25 05:52:45,737 [754f3588-47e6-41ad-b34e-eb7041cce070@group-68E8BDB01568-SegmentedRaftLogWorker] INFO  impl.RaftServerImpl (ServerState.java:close(385)) - 754f3588-47e6-41ad-b34e-eb7041cce070@group-68E8BDB01568: closes. applyIndex: -1
2019-09-25 05:52:45,726 [0bbc1277-be6f-4bf3-88cf-1c3b12e139ad@group-98DB549270B5-SegmentedRaftLogWorker] INFO  impl.PendingRequests (PendingRequests.java:sendNotLeaderResponses(202)) - 0bbc1277-be6f-4bf3-88cf-1c3b12e139ad-PendingRequests: sendNotLeaderResponses
2019-09-25 05:52:45,737 [754f3588-47e6-41ad-b34e-eb7041cce070@group-68E8BDB01568-SegmentedRaftLogWorker] INFO  segmented.SegmentedRaftLogWorker (SegmentedRaftLogWorker.java:close(228)) - 754f3588-47e6-41ad-b34e-eb7041cce070@group-68E8BDB01568-SegmentedRaftLogWorker close()
2019-09-25 05:52:45,726 [5be219b2-97fd-4a8c-91ea-b15aa89454d4@group-43352AA4234F-SegmentedRaftLogWorker] INFO  impl.StateMachineUpdater (StateMachineUpdater.java:stopAndJoin(125)) - 5be219b2-97fd-4a8c-91ea-b15aa89454d4@group-43352AA4234F-StateMachineUpdater: set stopIndex = -1
2019-09-25 05:52:45,742 [pool-37-thread-1] INFO  storage.RaftStorage (RaftStorage.java:format(72)) - Storage directory /workdir/hadoop-ozone/integration-test/target/test-dir/MiniOzoneClusterImpl-5fae48a0-8517-4c16-9d39-4001697b8772/datanode-1/data/ratis/891ced09-bf18-470b-9d3a-012443e21b0a has been successfully formatted.
2019-09-25 05:52:45,726 [754f3588-47e6-41ad-b34e-eb7041cce070@group-A475441C9D32-SegmentedRaftLogWorker] INFO  impl.RoleInfo (RoleInfo.java:shutdownLeaderState(104)) - 754f3588-47e6-41ad-b34e-eb7041cce070: shutdown LeaderState
2019-09-25 05:52:45,742 [pool-27-thread-1] INFO  storage.RaftStorage (RaftStorage.java:format(72)) - Storage directory /workdir/hadoop-ozone/integration-test/target/test-dir/MiniOzoneClusterImpl-5fae48a0-8517-4c16-9d39-4001697b8772/datanode-0/data/ratis/891ced09-bf18-470b-9d3a-012443e21b0a has been successfully formatted.
2019-09-25 05:52:45,742 [5be219b2-97fd-4a8c-91ea-b15aa89454d4@group-43352AA4234F-SegmentedRaftLogWorker] INFO  impl.RaftServerImpl (ServerState.java:close(385)) - 5be219b2-97fd-4a8c-91ea-b15aa89454d4@group-43352AA4234F: closes. applyIndex: -1
2019-09-25 05:52:45,737 [0bbc1277-be6f-4bf3-88cf-1c3b12e139ad@group-98DB549270B5-SegmentedRaftLogWorker] INFO  impl.StateMachineUpdater (StateMachineUpdater.java:stopAndJoin(125)) - 0bbc1277-be6f-4bf3-88cf-1c3b12e139ad@group-98DB549270B5-StateMachineUpdater: set stopIndex = -1
2019-09-25 05:52:45,737 [5be219b2-97fd-4a8c-91ea-b15aa89454d4@group-37BCAE1ED488-SegmentedRaftLogWorker] INFO  impl.RaftServerImpl (ServerState.java:close(385)) - 5be219b2-97fd-4a8c-91ea-b15aa89454d4@group-37BCAE1ED488: closes. applyIndex: -1
2019-09-25 05:52:45,737 [0bbc1277-be6f-4bf3-88cf-1c3b12e139ad@group-0DB47DC2B114:LeaderElection119] INFO  server.RaftServerConfigKeys (ConfUtils.java:logGet(43)) - raft.server.write.element-limit = 4096 (default)
2019-09-25 05:52:45,736 [5be219b2-97fd-4a8c-91ea-b15aa89454d4@group-144250B2D26F:LeaderElection122] INFO  server.RaftServerConfigKeys (ConfUtils.java:logGet(43)) - raft.server.watch.timeout = 10s (default)
2019-09-25 05:52:45,736 [754f3588-47e6-41ad-b34e-eb7041cce070@group-C196BB46B7FE-SegmentedRaftLogWorker] INFO  impl.StateMachineUpdater (StateMachineUpdater.java:stopAndJoin(125)) - 754f3588-47e6-41ad-b34e-eb7041cce070@group-C196BB46B7FE-StateMachineUpdater: set stopIndex = -1
2019-09-25 05:52:45,736 [5be219b2-97fd-4a8c-91ea-b15aa89454d4@group-2FF12999A258:LeaderElection128] INFO  server.RaftServerConfigKeys (ConfUtils.java:logGet(43)) - raft.server.rpc.sleep.time = 25ms (default)
2019-09-25 05:52:45,736 [5be219b2-97fd-4a8c-91ea-b15aa89454d4@group-C916076952F9:LeaderElection125] INFO  server.RaftServerConfigKeys (ConfUtils.java:logGet(43)) - raft.server.staging.catchup.gap = 1000 (default)
2019-09-25 05:52:45,733 [0bbc1277-be6f-4bf3-88cf-1c3b12e139ad@group-9E442A14D521:LeaderElection124] INFO  server.RaftServerConfigKeys (ConfUtils.java:logGet(43)) - raft.server.staging.catchup.gap = 1000 (default)
2019-09-25 05:52:45,733 [5be219b2-97fd-4a8c-91ea-b15aa89454d4@group-0A38BACE653E:LeaderElection126] INFO  server.RaftServerConfigKeys (ConfUtils.java:logGet(43)) - raft.server.staging.catchup.gap = 1000 (default)
2019-09-25 05:52:45,733 [5be219b2-97fd-4a8c-91ea-b15aa89454d4@group-B9A5584514CD:LeaderElection127] INFO  server.RaftServerConfigKeys (ConfUtils.java:logGet(43)) - raft.server.staging.catchup.gap = 1000 (default)
2019-09-25 05:52:45,732 [5be219b2-97fd-4a8c-91ea-b15aa89454d4@group-A7119F067D59:LeaderElection123] INFO  server.RaftServerConfigKeys (ConfUtils.java:logGet(43)) - raft.server.write.element-limit = 4096 (default)
2019-09-25 05:52:45,732 [754f3588-47e6-41ad-b34e-eb7041cce070@group-C1F53D7A1728:LeaderElection120] INFO  server.RaftServerConfigKeys (ConfUtils.java:logGet(43)) - raft.server.watch.timeout = 10s (default)
2019-09-25 05:52:45,747 [754f3588-47e6-41ad-b34e-eb7041cce070@group-C1F53D7A1728:LeaderElection120] INFO  server.RaftServerConfigKeys (ConfUtils.java:logGet(43)) - raft.server.watch.timeout.denomination = 1s (default)
2019-09-25 05:52:45,732 [pool-47-thread-1] INFO  server.RaftServerConfigKeys (ConfUtils.java:logGet(43)) - raft.server.notification.no-leader.timeout = 120s (custom)
2019-09-25 05:52:45,728 [5be219b2-97fd-4a8c-91ea-b15aa89454d4@group-280C5BF5A703:LeaderElection121] INFO  server.RaftServerConfigKeys (ConfUtils.java:logGet(43)) - raft.server.rpc.sleep.time = 25ms (default)
2019-09-25 05:52:45,747 [pool-47-thread-1] INFO  server.RaftServerConfigKeys (ConfUtils.java:logGet(43)) - raft.server.log.use.memory = false (default)
2019-09-25 05:52:45,747 [754f3588-47e6-41ad-b34e-eb7041cce070@group-C1F53D7A1728:LeaderElection120] INFO  server.RaftServerConfigKeys (ConfUtils.java:logGet(43)) - raft.server.watch.element-limit = 65536 (default)
2019-09-25 05:52:45,747 [5be219b2-97fd-4a8c-91ea-b15aa89454d4@group-A7119F067D59:LeaderElection123] INFO  server.RaftServerConfigKeys (ConfUtils.java:logGet(43)) - raft.server.watch.timeout = 10s (default)
2019-09-25 05:52:45,746 [5be219b2-97fd-4a8c-91ea-b15aa89454d4@group-B9A5584514CD:LeaderElection127] INFO  server.RaftServerConfigKeys (ConfUtils.java:logGet(43)) - raft.server.rpc.sleep.time = 25ms (default)
2019-09-25 05:52:45,746 [5be219b2-97fd-4a8c-91ea-b15aa89454d4@group-0A38BACE653E:LeaderElection126] INFO  server.RaftServerConfigKeys (ConfUtils.java:logGet(43)) - raft.server.rpc.sleep.time = 25ms (default)
2019-09-25 05:52:45,746 [0bbc1277-be6f-4bf3-88cf-1c3b12e139ad@group-9E442A14D521:LeaderElection124] INFO  server.RaftServerConfigKeys (ConfUtils.java:logGet(43)) - raft.server.rpc.sleep.time = 25ms (default)
2019-09-25 05:52:45,746 [5be219b2-97fd-4a8c-91ea-b15aa89454d4@group-C916076952F9:LeaderElection125] INFO  server.RaftServerConfigKeys (ConfUtils.java:logGet(43)) - raft.server.rpc.sleep.time = 25ms (default)
2019-09-25 05:52:45,746 [5be219b2-97fd-4a8c-91ea-b15aa89454d4@group-2FF12999A258:LeaderElection128] INFO  server.RaftServerConfigKeys (ConfUtils.java:logGet(43)) - raft.server.write.element-limit = 4096 (default)
2019-09-25 05:52:45,746 [754f3588-47e6-41ad-b34e-eb7041cce070@group-C196BB46B7FE-SegmentedRaftLogWorker] INFO  impl.RaftServerImpl (ServerState.java:close(385)) - 754f3588-47e6-41ad-b34e-eb7041cce070@group-C196BB46B7FE: closes. applyIndex: -1
2019-09-25 05:52:45,746 [5be219b2-97fd-4a8c-91ea-b15aa89454d4@group-144250B2D26F:LeaderElection122] INFO  server.RaftServerConfigKeys (ConfUtils.java:logGet(43)) - raft.server.watch.timeout.denomination = 1s (default)
2019-09-25 05:52:45,746 [0bbc1277-be6f-4bf3-88cf-1c3b12e139ad@group-0DB47DC2B114:LeaderElection119] INFO  server.RaftServerConfigKeys (ConfUtils.java:logGet(43)) - raft.server.watch.timeout = 10s (default)
2019-09-25 05:52:45,746 [5be219b2-97fd-4a8c-91ea-b15aa89454d4@group-37BCAE1ED488-SegmentedRaftLogWorker] INFO  segmented.SegmentedRaftLogWorker (SegmentedRaftLogWorker.java:close(228)) - 5be219b2-97fd-4a8c-91ea-b15aa89454d4@group-37BCAE1ED488-SegmentedRaftLogWorker close()
2019-09-25 05:52:45,745 [5be219b2-97fd-4a8c-91ea-b15aa89454d4@group-43352AA4234F-SegmentedRaftLogWorker] INFO  segmented.SegmentedRaftLogWorker (SegmentedRaftLogWorker.java:close(228)) - 5be219b2-97fd-4a8c-91ea-b15aa89454d4@group-43352AA4234F-SegmentedRaftLogWorker close()
2019-09-25 05:52:45,745 [0bbc1277-be6f-4bf3-88cf-1c3b12e139ad@group-98DB549270B5-SegmentedRaftLogWorker] INFO  impl.RaftServerImpl (ServerState.java:close(385)) - 0bbc1277-be6f-4bf3-88cf-1c3b12e139ad@group-98DB549270B5: closes. applyIndex: -1
2019-09-25 05:52:45,745 [pool-27-thread-1] INFO  ratis.ContainerStateMachine (ContainerStateMachine.java:loadSnapshot(230)) - group-012443E21B0A: The snapshot info is null. Setting the last applied indexto:(t:0, i:~)
2019-09-25 05:52:45,743 [754f3588-47e6-41ad-b34e-eb7041cce070@group-A475441C9D32-SegmentedRaftLogWorker] INFO  impl.PendingRequests (PendingRequests.java:sendNotLeaderResponses(202)) - 754f3588-47e6-41ad-b34e-eb7041cce070-PendingRequests: sendNotLeaderResponses
2019-09-25 05:52:45,742 [pool-37-thread-1] INFO  ratis.ContainerStateMachine (ContainerStateMachine.java:loadSnapshot(230)) - group-012443E21B0A: The snapshot info is null. Setting the last applied indexto:(t:0, i:~)
2019-09-25 05:52:45,749 [754f3588-47e6-41ad-b34e-eb7041cce070@group-A475441C9D32-SegmentedRaftLogWorker] INFO  impl.StateMachineUpdater (StateMachineUpdater.java:stopAndJoin(125)) - 754f3588-47e6-41ad-b34e-eb7041cce070@group-A475441C9D32-StateMachineUpdater: set stopIndex = -1
2019-09-25 05:52:45,749 [pool-27-thread-1] INFO  server.RaftServerConfigKeys (ConfUtils.java:logGet(43)) - raft.server.notification.no-leader.timeout = 120s (custom)
2019-09-25 05:52:45,749 [0bbc1277-be6f-4bf3-88cf-1c3b12e139ad@group-98DB549270B5-SegmentedRaftLogWorker] INFO  segmented.SegmentedRaftLogWorker (SegmentedRaftLogWorker.java:close(228)) - 0bbc1277-be6f-4bf3-88cf-1c3b12e139ad@group-98DB549270B5-SegmentedRaftLogWorker close()
2019-09-25 05:52:45,748 [0bbc1277-be6f-4bf3-88cf-1c3b12e139ad@group-0DB47DC2B114:LeaderElection119] INFO  server.RaftServerConfigKeys (ConfUtils.java:logGet(43)) - raft.server.watch.timeout.denomination = 1s (default)
2019-09-25 05:52:45,748 [5be219b2-97fd-4a8c-91ea-b15aa89454d4@group-144250B2D26F:LeaderElection122] INFO  server.RaftServerConfigKeys (ConfUtils.java:logGet(43)) - raft.server.watch.element-limit = 65536 (default)
2019-09-25 05:52:45,748 [754f3588-47e6-41ad-b34e-eb7041cce070@group-C196BB46B7FE-SegmentedRaftLogWorker] INFO  segmented.SegmentedRaftLogWorker (SegmentedRaftLogWorker.java:close(228)) - 754f3588-47e6-41ad-b34e-eb7041cce070@group-C196BB46B7FE-SegmentedRaftLogWorker close()
2019-09-25 05:52:45,748 [5be219b2-97fd-4a8c-91ea-b15aa89454d4@group-2FF12999A258:LeaderElection128] INFO  server.RaftServerConfigKeys (ConfUtils.java:logGet(43)) - raft.server.watch.timeout = 10s (default)
2019-09-25 05:52:45,748 [5be219b2-97fd-4a8c-91ea-b15aa89454d4@group-C916076952F9:LeaderElection125] INFO  server.RaftServerConfigKeys (ConfUtils.java:logGet(43)) - raft.server.write.element-limit = 4096 (default)
2019-09-25 05:52:45,748 [0bbc1277-be6f-4bf3-88cf-1c3b12e139ad@group-9E442A14D521:LeaderElection124] INFO  server.RaftServerConfigKeys (ConfUtils.java:logGet(43)) - raft.server.write.element-limit = 4096 (default)
2019-09-25 05:52:45,748 [5be219b2-97fd-4a8c-91ea-b15aa89454d4@group-0A38BACE653E:LeaderElection126] INFO  server.RaftServerConfigKeys (ConfUtils.java:logGet(43)) - raft.server.write.element-limit = 4096 (default)
2019-09-25 05:52:45,750 [5be219b2-97fd-4a8c-91ea-b15aa89454d4@group-0A38BACE653E:LeaderElection126] INFO  server.RaftServerConfigKeys (ConfUtils.java:logGet(43)) - raft.server.watch.timeout = 10s (default)
2019-09-25 05:52:45,748 [5be219b2-97fd-4a8c-91ea-b15aa89454d4@group-B9A5584514CD:LeaderElection127] INFO  server.RaftServerConfigKeys (ConfUtils.java:logGet(43)) - raft.server.write.element-limit = 4096 (default)
2019-09-25 05:52:45,747 [grpc-default-executor-3] INFO  impl.RaftServerProxy (RaftServerProxy.java:addNew(89)) - 754f3588-47e6-41ad-b34e-eb7041cce070: addNew group-1D49C32E6057:[754f3588-47e6-41ad-b34e-eb7041cce070:192.168.30.10:41089, 0bbc1277-be6f-4bf3-88cf-1c3b12e139ad:192.168.30.10:46701, 5be219b2-97fd-4a8c-91ea-b15aa89454d4:192.168.30.10:40625] returns group-1D49C32E6057:java.util.concurrent.CompletableFuture@6c1c5d66[Not completed]
2019-09-25 05:52:45,747 [5be219b2-97fd-4a8c-91ea-b15aa89454d4@group-A7119F067D59:LeaderElection123] INFO  server.RaftServerConfigKeys (ConfUtils.java:logGet(43)) - raft.server.watch.timeout.denomination = 1s (default)
2019-09-25 05:52:45,747 [pool-47-thread-1] INFO  server.RaftServerConfigKeys (ConfUtils.java:logGet(43)) - raft.server.log.purge.gap = 1000000 (custom)
2019-09-25 05:52:45,747 [grpc-default-executor-1] INFO  impl.RaftServerProxy (RaftServerProxy.java:addNew(89)) - 0bbc1277-be6f-4bf3-88cf-1c3b12e139ad: addNew group-1D49C32E6057:[754f3588-47e6-41ad-b34e-eb7041cce070:192.168.30.10:41089, 0bbc1277-be6f-4bf3-88cf-1c3b12e139ad:192.168.30.10:46701, 5be219b2-97fd-4a8c-91ea-b15aa89454d4:192.168.30.10:40625] returns group-1D49C32E6057:java.util.concurrent.CompletableFuture@f59cc33[Not completed]
2019-09-25 05:52:45,747 [grpc-default-executor-0] INFO  impl.RaftServerProxy (RaftServerProxy.java:addNew(89)) - 5be219b2-97fd-4a8c-91ea-b15aa89454d4: addNew group-1D49C32E6057:[754f3588-47e6-41ad-b34e-eb7041cce070:192.168.30.10:41089, 0bbc1277-be6f-4bf3-88cf-1c3b12e139ad:192.168.30.10:46701, 5be219b2-97fd-4a8c-91ea-b15aa89454d4:192.168.30.10:40625] returns group-1D49C32E6057:java.util.concurrent.CompletableFuture@4cdd3217[Not completed]
2019-09-25 05:52:45,747 [5be219b2-97fd-4a8c-91ea-b15aa89454d4@group-280C5BF5A703:LeaderElection121] INFO  server.RaftServerConfigKeys (ConfUtils.java:logGet(43)) - raft.server.write.element-limit = 4096 (default)
2019-09-25 05:52:45,750 [pool-47-thread-1] INFO  server.RaftServerConfigKeys (ConfUtils.java:logGet(43)) - raft.server.log.appender.buffer.byte-limit = 33554432 (custom)
2019-09-25 05:52:45,750 [5be219b2-97fd-4a8c-91ea-b15aa89454d4@group-A7119F067D59:LeaderElection123] INFO  server.RaftServerConfigKeys (ConfUtils.java:logGet(43)) - raft.server.watch.element-limit = 65536 (default)
2019-09-25 05:52:45,750 [5be219b2-97fd-4a8c-91ea-b15aa89454d4@group-B9A5584514CD:LeaderElection127] INFO  server.RaftServerConfigKeys (ConfUtils.java:logGet(43)) - raft.server.watch.timeout = 10s (default)
2019-09-25 05:52:45,750 [5be219b2-97fd-4a8c-91ea-b15aa89454d4@group-0A38BACE653E:LeaderElection126] INFO  server.RaftServerConfigKeys (ConfUtils.java:logGet(43)) - raft.server.watch.timeout.denomination = 1s (default)
2019-09-25 05:52:45,750 [0bbc1277-be6f-4bf3-88cf-1c3b12e139ad@group-9E442A14D521:LeaderElection124] INFO  server.RaftServerConfigKeys (ConfUtils.java:logGet(43)) - raft.server.watch.timeout = 10s (default)
2019-09-25 05:52:45,750 [5be219b2-97fd-4a8c-91ea-b15aa89454d4@group-C916076952F9:LeaderElection125] INFO  server.RaftServerConfigKeys (ConfUtils.java:logGet(43)) - raft.server.watch.timeout = 10s (default)
2019-09-25 05:52:45,752 [5be219b2-97fd-4a8c-91ea-b15aa89454d4@group-C916076952F9:LeaderElection125] INFO  server.RaftServerConfigKeys (ConfUtils.java:logGet(43)) - raft.server.watch.timeout.denomination = 1s (default)
2019-09-25 05:52:45,750 [5be219b2-97fd-4a8c-91ea-b15aa89454d4@group-2FF12999A258:LeaderElection128] INFO  server.RaftServerConfigKeys (ConfUtils.java:logGet(43)) - raft.server.watch.timeout.denomination = 1s (default)
2019-09-25 05:52:45,752 [5be219b2-97fd-4a8c-91ea-b15aa89454d4@group-2FF12999A258:LeaderElection128] INFO  server.RaftServerConfigKeys (ConfUtils.java:logGet(43)) - raft.server.watch.element-limit = 65536 (default)
2019-09-25 05:52:45,749 [0bbc1277-be6f-4bf3-88cf-1c3b12e139ad@group-0DB47DC2B114:LeaderElection119] INFO  server.RaftServerConfigKeys (ConfUtils.java:logGet(43)) - raft.server.watch.element-limit = 65536 (default)
2019-09-25 05:52:45,749 [754f3588-47e6-41ad-b34e-eb7041cce070@group-A475441C9D32-SegmentedRaftLogWorker] INFO  impl.RaftServerImpl (ServerState.java:close(385)) - 754f3588-47e6-41ad-b34e-eb7041cce070@group-A475441C9D32: closes. applyIndex: -1
2019-09-25 05:52:45,749 [pool-27-thread-1] INFO  server.RaftServerConfigKeys (ConfUtils.java:logGet(43)) - raft.server.log.use.memory = false (default)
2019-09-25 05:52:45,749 [pool-37-thread-1] INFO  server.RaftServerConfigKeys (ConfUtils.java:logGet(43)) - raft.server.notification.no-leader.timeout = 120s (custom)
2019-09-25 05:52:45,752 [pool-27-thread-1] INFO  server.RaftServerConfigKeys (ConfUtils.java:logGet(43)) - raft.server.log.purge.gap = 1000000 (custom)
2019-09-25 05:52:45,752 [754f3588-47e6-41ad-b34e-eb7041cce070@group-A475441C9D32-SegmentedRaftLogWorker] INFO  segmented.SegmentedRaftLogWorker (SegmentedRaftLogWorker.java:close(228)) - 754f3588-47e6-41ad-b34e-eb7041cce070@group-A475441C9D32-SegmentedRaftLogWorker close()
2019-09-25 05:52:45,752 [5be219b2-97fd-4a8c-91ea-b15aa89454d4@group-C916076952F9:LeaderElection125] INFO  server.RaftServerConfigKeys (ConfUtils.java:logGet(43)) - raft.server.watch.element-limit = 65536 (default)
2019-09-25 05:52:45,752 [0bbc1277-be6f-4bf3-88cf-1c3b12e139ad@group-9E442A14D521:LeaderElection124] INFO  server.RaftServerConfigKeys (ConfUtils.java:logGet(43)) - raft.server.watch.timeout.denomination = 1s (default)
2019-09-25 05:52:45,753 [0bbc1277-be6f-4bf3-88cf-1c3b12e139ad@group-9E442A14D521:LeaderElection124] INFO  server.RaftServerConfigKeys (ConfUtils.java:logGet(43)) - raft.server.watch.element-limit = 65536 (default)
2019-09-25 05:52:45,751 [5be219b2-97fd-4a8c-91ea-b15aa89454d4@group-0A38BACE653E:LeaderElection126] INFO  server.RaftServerConfigKeys (ConfUtils.java:logGet(43)) - raft.server.watch.element-limit = 65536 (default)
2019-09-25 05:52:45,751 [5be219b2-97fd-4a8c-91ea-b15aa89454d4@group-B9A5584514CD:LeaderElection127] INFO  server.RaftServerConfigKeys (ConfUtils.java:logGet(43)) - raft.server.watch.timeout.denomination = 1s (default)
2019-09-25 05:52:45,751 [pool-47-thread-1] INFO  server.RaftServerConfigKeys (ConfUtils.java:logGet(43)) - raft.server.log.segment.size.max = 1048576 (custom)
2019-09-25 05:52:45,751 [5be219b2-97fd-4a8c-91ea-b15aa89454d4@group-280C5BF5A703:LeaderElection121] INFO  server.RaftServerConfigKeys (ConfUtils.java:logGet(43)) - raft.server.watch.timeout = 10s (default)
2019-09-25 05:52:45,753 [pool-47-thread-1] INFO  server.RaftServerConfigKeys (ConfUtils.java:logGet(43)) - raft.server.log.segment.cache.num.max = 2 (custom)
2019-09-25 05:52:45,753 [5be219b2-97fd-4a8c-91ea-b15aa89454d4@group-B9A5584514CD:LeaderElection127] INFO  server.RaftServerConfigKeys (ConfUtils.java:logGet(43)) - raft.server.watch.element-limit = 65536 (default)
2019-09-25 05:52:45,753 [pool-27-thread-1] INFO  server.RaftServerConfigKeys (ConfUtils.java:logGet(43)) - raft.server.log.appender.buffer.byte-limit = 33554432 (custom)
2019-09-25 05:52:45,752 [pool-37-thread-1] INFO  server.RaftServerConfigKeys (ConfUtils.java:logGet(43)) - raft.server.log.use.memory = false (default)
2019-09-25 05:52:45,754 [pool-27-thread-1] INFO  server.RaftServerConfigKeys (ConfUtils.java:logGet(43)) - raft.server.log.segment.size.max = 1048576 (custom)
2019-09-25 05:52:45,754 [pool-47-thread-1] INFO  segmented.SegmentedRaftLogWorker (SegmentedRaftLogWorker.java:<init>(172)) - new 754f3588-47e6-41ad-b34e-eb7041cce070@group-012443E21B0A-SegmentedRaftLogWorker for RaftStorage:Storage Directory /workdir/hadoop-ozone/integration-test/target/test-dir/MiniOzoneClusterImpl-5fae48a0-8517-4c16-9d39-4001697b8772/datanode-2/data/ratis/891ced09-bf18-470b-9d3a-012443e21b0a
2019-09-25 05:52:45,754 [5be219b2-97fd-4a8c-91ea-b15aa89454d4@group-280C5BF5A703:LeaderElection121] INFO  server.RaftServerConfigKeys (ConfUtils.java:logGet(43)) - raft.server.watch.timeout.denomination = 1s (default)
2019-09-25 05:52:45,754 [pool-47-thread-1] INFO  server.RaftServerConfigKeys (ConfUtils.java:logGet(43)) - raft.server.log.queue.byte-limit = 2147483647 (custom)
2019-09-25 05:52:45,754 [pool-27-thread-1] INFO  server.RaftServerConfigKeys (ConfUtils.java:logGet(43)) - raft.server.log.segment.cache.num.max = 2 (custom)
2019-09-25 05:52:45,754 [pool-37-thread-1] INFO  server.RaftServerConfigKeys (ConfUtils.java:logGet(43)) - raft.server.log.purge.gap = 1000000 (custom)
2019-09-25 05:52:45,755 [pool-27-thread-1] INFO  segmented.SegmentedRaftLogWorker (SegmentedRaftLogWorker.java:<init>(172)) - new 0bbc1277-be6f-4bf3-88cf-1c3b12e139ad@group-012443E21B0A-SegmentedRaftLogWorker for RaftStorage:Storage Directory /workdir/hadoop-ozone/integration-test/target/test-dir/MiniOzoneClusterImpl-5fae48a0-8517-4c16-9d39-4001697b8772/datanode-0/data/ratis/891ced09-bf18-470b-9d3a-012443e21b0a
2019-09-25 05:52:45,755 [pool-47-thread-1] INFO  server.RaftServerConfigKeys (ConfUtils.java:logGet(43)) - raft.server.log.queue.element-limit = 1024 (custom)
2019-09-25 05:52:45,755 [5be219b2-97fd-4a8c-91ea-b15aa89454d4@group-280C5BF5A703:LeaderElection121] INFO  server.RaftServerConfigKeys (ConfUtils.java:logGet(43)) - raft.server.watch.element-limit = 65536 (default)
2019-09-25 05:52:45,755 [pool-47-thread-1] INFO  server.RaftServerConfigKeys (ConfUtils.java:logGet(43)) - raft.server.log.segment.size.max = 1048576 (custom)
2019-09-25 05:52:45,755 [pool-27-thread-1] INFO  server.RaftServerConfigKeys (ConfUtils.java:logGet(43)) - raft.server.log.queue.byte-limit = 2147483647 (custom)
2019-09-25 05:52:45,756 [pool-27-thread-1] INFO  server.RaftServerConfigKeys (ConfUtils.java:logGet(43)) - raft.server.log.queue.element-limit = 1024 (custom)
2019-09-25 05:52:45,755 [pool-37-thread-1] INFO  server.RaftServerConfigKeys (ConfUtils.java:logGet(43)) - raft.server.log.appender.buffer.byte-limit = 33554432 (custom)
2019-09-25 05:52:45,756 [pool-27-thread-1] INFO  server.RaftServerConfigKeys (ConfUtils.java:logGet(43)) - raft.server.log.segment.size.max = 1048576 (custom)
2019-09-25 05:52:45,755 [pool-47-thread-1] INFO  server.RaftServerConfigKeys (ConfUtils.java:logGet(43)) - raft.server.log.preallocated.size = 16384 (custom)
2019-09-25 05:52:45,756 [pool-27-thread-1] INFO  server.RaftServerConfigKeys (ConfUtils.java:logGet(43)) - raft.server.log.preallocated.size = 16384 (custom)
2019-09-25 05:52:45,756 [pool-27-thread-1] INFO  server.RaftServerConfigKeys (ConfUtils.java:logGet(43)) - raft.server.log.write.buffer.size = 33554432 (custom)
2019-09-25 05:52:45,756 [pool-37-thread-1] INFO  server.RaftServerConfigKeys (ConfUtils.java:logGet(43)) - raft.server.log.segment.size.max = 1048576 (custom)
2019-09-25 05:52:45,756 [pool-27-thread-1] INFO  server.RaftServerConfigKeys (ConfUtils.java:logGet(43)) - raft.server.log.force.sync.num = 128 (default)
2019-09-25 05:52:45,756 [pool-27-thread-1] INFO  server.RaftServerConfigKeys (ConfUtils.java:logGet(43)) - raft.server.log.statemachine.data.sync = true (default)
2019-09-25 05:52:45,756 [pool-47-thread-1] INFO  server.RaftServerConfigKeys (ConfUtils.java:logGet(43)) - raft.server.log.write.buffer.size = 33554432 (custom)
2019-09-25 05:52:45,756 [pool-27-thread-1] INFO  server.RaftServerConfigKeys (ConfUtils.java:logGet(43)) - raft.server.log.statemachine.data.sync.timeout = 10s (default)
2019-09-25 05:52:45,757 [pool-27-thread-1] INFO  server.RaftServerConfigKeys (ConfUtils.java:logGet(43)) - raft.server.log.statemachine.data.sync.timeout.retry = -1 (default)
2019-09-25 05:52:45,756 [pool-37-thread-1] INFO  server.RaftServerConfigKeys (ConfUtils.java:logGet(43)) - raft.server.log.segment.cache.num.max = 2 (custom)
2019-09-25 05:52:45,757 [pool-47-thread-1] INFO  server.RaftServerConfigKeys (ConfUtils.java:logGet(43)) - raft.server.log.force.sync.num = 128 (default)
2019-09-25 05:52:45,757 [pool-37-thread-1] INFO  segmented.SegmentedRaftLogWorker (SegmentedRaftLogWorker.java:<init>(172)) - new 5be219b2-97fd-4a8c-91ea-b15aa89454d4@group-012443E21B0A-SegmentedRaftLogWorker for RaftStorage:Storage Directory /workdir/hadoop-ozone/integration-test/target/test-dir/MiniOzoneClusterImpl-5fae48a0-8517-4c16-9d39-4001697b8772/datanode-1/data/ratis/891ced09-bf18-470b-9d3a-012443e21b0a
2019-09-25 05:52:45,757 [pool-47-thread-1] INFO  server.RaftServerConfigKeys (ConfUtils.java:logGet(43)) - raft.server.log.statemachine.data.sync = true (default)
2019-09-25 05:52:45,757 [pool-37-thread-1] INFO  server.RaftServerConfigKeys (ConfUtils.java:logGet(43)) - raft.server.log.queue.byte-limit = 2147483647 (custom)
2019-09-25 05:52:45,757 [pool-47-thread-1] INFO  server.RaftServerConfigKeys (ConfUtils.java:logGet(43)) - raft.server.log.statemachine.data.sync.timeout = 10s (default)
2019-09-25 05:52:45,757 [pool-37-thread-1] INFO  server.RaftServerConfigKeys (ConfUtils.java:logGet(43)) - raft.server.log.queue.element-limit = 1024 (custom)
2019-09-25 05:52:45,758 [pool-47-thread-1] INFO  server.RaftServerConfigKeys (ConfUtils.java:logGet(43)) - raft.server.log.statemachine.data.sync.timeout.retry = -1 (default)
2019-09-25 05:52:45,758 [pool-37-thread-1] INFO  server.RaftServerConfigKeys (ConfUtils.java:logGet(43)) - raft.server.log.segment.size.max = 1048576 (custom)
2019-09-25 05:52:45,758 [pool-37-thread-1] INFO  server.RaftServerConfigKeys (ConfUtils.java:logGet(43)) - raft.server.log.preallocated.size = 16384 (custom)
2019-09-25 05:52:45,758 [pool-37-thread-1] INFO  server.RaftServerConfigKeys (ConfUtils.java:logGet(43)) - raft.server.log.write.buffer.size = 33554432 (custom)
2019-09-25 05:52:45,758 [pool-37-thread-1] INFO  server.RaftServerConfigKeys (ConfUtils.java:logGet(43)) - raft.server.log.force.sync.num = 128 (default)
2019-09-25 05:52:45,758 [pool-37-thread-1] INFO  server.RaftServerConfigKeys (ConfUtils.java:logGet(43)) - raft.server.log.statemachine.data.sync = true (default)
2019-09-25 05:52:45,758 [pool-37-thread-1] INFO  server.RaftServerConfigKeys (ConfUtils.java:logGet(43)) - raft.server.log.statemachine.data.sync.timeout = 10s (default)
2019-09-25 05:52:45,758 [pool-37-thread-1] INFO  server.RaftServerConfigKeys (ConfUtils.java:logGet(43)) - raft.server.log.statemachine.data.sync.timeout.retry = -1 (default)
2019-09-25 05:52:45,760 [pool-37-thread-1] INFO  server.RaftServerConfigKeys (ConfUtils.java:logGet(43)) - raft.server.log.statemachine.data.caching.enabled = true (custom)
2019-09-25 05:52:45,760 [pool-27-thread-1] INFO  server.RaftServerConfigKeys (ConfUtils.java:logGet(43)) - raft.server.log.statemachine.data.caching.enabled = true (custom)
2019-09-25 05:52:45,760 [pool-47-thread-1] INFO  server.RaftServerConfigKeys (ConfUtils.java:logGet(43)) - raft.server.log.statemachine.data.caching.enabled = true (custom)
2019-09-25 05:52:45,760 [pool-27-thread-1] INFO  segmented.SegmentedRaftLogWorker (SegmentedRaftLogWorker.java:lambda$new$0(132)) - 0bbc1277-be6f-4bf3-88cf-1c3b12e139ad@group-012443E21B0A-SegmentedRaftLogWorker: flushIndex: setUnconditionally 0 -> -1
2019-09-25 05:52:45,760 [pool-37-thread-1] INFO  segmented.SegmentedRaftLogWorker (SegmentedRaftLogWorker.java:lambda$new$0(132)) - 5be219b2-97fd-4a8c-91ea-b15aa89454d4@group-012443E21B0A-SegmentedRaftLogWorker: flushIndex: setUnconditionally 0 -> -1
2019-09-25 05:52:45,761 [pool-47-thread-1] INFO  segmented.SegmentedRaftLogWorker (SegmentedRaftLogWorker.java:lambda$new$0(132)) - 754f3588-47e6-41ad-b34e-eb7041cce070@group-012443E21B0A-SegmentedRaftLogWorker: flushIndex: setUnconditionally 0 -> -1
2019-09-25 05:52:45,761 [pool-27-thread-1] INFO  server.RaftServerConfigKeys (ConfUtils.java:logGet(43)) - raft.server.snapshot.auto.trigger.enabled = true (custom)
2019-09-25 05:52:45,771 [pool-27-thread-1] INFO  server.RaftServerConfigKeys (ConfUtils.java:logGet(43)) - raft.server.snapshot.auto.trigger.threshold = 10000 (custom)
2019-09-25 05:52:45,771 [pool-27-thread-1] INFO  server.RaftServerConfigKeys (ConfUtils.java:logGet(43)) - raft.server.snapshot.retention.num.files = 5 (custom)
2019-09-25 05:52:45,771 [pool-47-thread-1] INFO  server.RaftServerConfigKeys (ConfUtils.java:logGet(43)) - raft.server.snapshot.auto.trigger.enabled = true (custom)
2019-09-25 05:52:45,771 [pool-37-thread-1] INFO  server.RaftServerConfigKeys (ConfUtils.java:logGet(43)) - raft.server.snapshot.auto.trigger.enabled = true (custom)
2019-09-25 05:52:45,771 [pool-47-thread-1] INFO  server.RaftServerConfigKeys (ConfUtils.java:logGet(43)) - raft.server.snapshot.auto.trigger.threshold = 10000 (custom)
2019-09-25 05:52:45,771 [pool-37-thread-1] INFO  server.RaftServerConfigKeys (ConfUtils.java:logGet(43)) - raft.server.snapshot.auto.trigger.threshold = 10000 (custom)
2019-09-25 05:52:45,771 [pool-47-thread-1] INFO  server.RaftServerConfigKeys (ConfUtils.java:logGet(43)) - raft.server.snapshot.retention.num.files = 5 (custom)
2019-09-25 05:52:45,771 [pool-37-thread-1] INFO  server.RaftServerConfigKeys (ConfUtils.java:logGet(43)) - raft.server.snapshot.retention.num.files = 5 (custom)
2019-09-25 05:52:45,771 [pool-27-thread-1] INFO  server.RaftServerConfigKeys (ConfUtils.java:logGet(43)) - raft.server.retrycache.expirytime = 600000ms (custom)
2019-09-25 05:52:45,774 [pool-37-thread-1] INFO  server.RaftServerConfigKeys (ConfUtils.java:logGet(43)) - raft.server.retrycache.expirytime = 600000ms (custom)
2019-09-25 05:52:45,774 [pool-47-thread-1] INFO  server.RaftServerConfigKeys (ConfUtils.java:logGet(43)) - raft.server.retrycache.expirytime = 600000ms (custom)
2019-09-25 05:52:45,786 [754f3588-47e6-41ad-b34e-eb7041cce070@group-C1F53D7A1728:LeaderElection120] INFO  impl.RoleInfo (RoleInfo.java:updateAndGet(143)) - 754f3588-47e6-41ad-b34e-eb7041cce070: start LeaderState
2019-09-25 05:52:45,786 [754f3588-47e6-41ad-b34e-eb7041cce070@group-C1F53D7A1728:LeaderElection120] INFO  segmented.SegmentedRaftLogWorker (SegmentedRaftLogWorker.java:startLogSegment(380)) - 754f3588-47e6-41ad-b34e-eb7041cce070@group-C1F53D7A1728-SegmentedRaftLogWorker: Starting segment from index:0
2019-09-25 05:52:45,787 [5be219b2-97fd-4a8c-91ea-b15aa89454d4@group-280C5BF5A703:LeaderElection121] INFO  impl.RoleInfo (RoleInfo.java:updateAndGet(143)) - 5be219b2-97fd-4a8c-91ea-b15aa89454d4: start LeaderState
2019-09-25 05:52:45,787 [754f3588-47e6-41ad-b34e-eb7041cce070@group-C1F53D7A1728:LeaderElection120] INFO  impl.RaftServerImpl (ServerState.java:setRaftConf(354)) - 754f3588-47e6-41ad-b34e-eb7041cce070@group-C1F53D7A1728: set configuration 0: [754f3588-47e6-41ad-b34e-eb7041cce070:192.168.30.10:41089], old=null at 0
2019-09-25 05:52:46,038 [5be219b2-97fd-4a8c-91ea-b15aa89454d4@group-280C5BF5A703:LeaderElection121] INFO  segmented.SegmentedRaftLogWorker (SegmentedRaftLogWorker.java:startLogSegment(380)) - 5be219b2-97fd-4a8c-91ea-b15aa89454d4@group-280C5BF5A703-SegmentedRaftLogWorker: Starting segment from index:0
2019-09-25 05:52:46,038 [5be219b2-97fd-4a8c-91ea-b15aa89454d4@group-0A38BACE653E:LeaderElection126] INFO  impl.RoleInfo (RoleInfo.java:updateAndGet(143)) - 5be219b2-97fd-4a8c-91ea-b15aa89454d4: start LeaderState
2019-09-25 05:52:46,038 [5be219b2-97fd-4a8c-91ea-b15aa89454d4@group-A7119F067D59:LeaderElection123] INFO  impl.RoleInfo (RoleInfo.java:updateAndGet(143)) - 5be219b2-97fd-4a8c-91ea-b15aa89454d4: start LeaderState
2019-09-25 05:52:46,038 [0bbc1277-be6f-4bf3-88cf-1c3b12e139ad@group-9E442A14D521:LeaderElection124] INFO  impl.RoleInfo (RoleInfo.java:updateAndGet(143)) - 0bbc1277-be6f-4bf3-88cf-1c3b12e139ad: start LeaderState
2019-09-25 05:52:46,195 [5be219b2-97fd-4a8c-91ea-b15aa89454d4@group-A7119F067D59:LeaderElection123] INFO  segmented.SegmentedRaftLogWorker (SegmentedRaftLogWorker.java:startLogSegment(380)) - 5be219b2-97fd-4a8c-91ea-b15aa89454d4@group-A7119F067D59-SegmentedRaftLogWorker: Starting segment from index:0
2019-09-25 05:52:46,038 [5be219b2-97fd-4a8c-91ea-b15aa89454d4@group-280C5BF5A703:LeaderElection121] INFO  impl.RaftServerImpl (ServerState.java:setRaftConf(354)) - 5be219b2-97fd-4a8c-91ea-b15aa89454d4@group-280C5BF5A703: set configuration 0: [5be219b2-97fd-4a8c-91ea-b15aa89454d4:192.168.30.10:40625], old=null at 0
2019-09-25 05:52:46,195 [5be219b2-97fd-4a8c-91ea-b15aa89454d4@group-B9A5584514CD:LeaderElection127] INFO  impl.RoleInfo (RoleInfo.java:updateAndGet(143)) - 5be219b2-97fd-4a8c-91ea-b15aa89454d4: start LeaderState
2019-09-25 05:52:46,195 [0bbc1277-be6f-4bf3-88cf-1c3b12e139ad@group-9E442A14D521:LeaderElection124] INFO  segmented.SegmentedRaftLogWorker (SegmentedRaftLogWorker.java:startLogSegment(380)) - 0bbc1277-be6f-4bf3-88cf-1c3b12e139ad@group-9E442A14D521-SegmentedRaftLogWorker: Starting segment from index:0
2019-09-25 05:52:46,195 [5be219b2-97fd-4a8c-91ea-b15aa89454d4@group-B9A5584514CD:LeaderElection127] INFO  segmented.SegmentedRaftLogWorker (SegmentedRaftLogWorker.java:startLogSegment(380)) - 5be219b2-97fd-4a8c-91ea-b15aa89454d4@group-B9A5584514CD-SegmentedRaftLogWorker: Starting segment from index:0
2019-09-25 05:52:46,195 [5be219b2-97fd-4a8c-91ea-b15aa89454d4@group-0A38BACE653E:LeaderElection126] INFO  segmented.SegmentedRaftLogWorker (SegmentedRaftLogWorker.java:startLogSegment(380)) - 5be219b2-97fd-4a8c-91ea-b15aa89454d4@group-0A38BACE653E-SegmentedRaftLogWorker: Starting segment from index:0
2019-09-25 05:52:46,195 [0bbc1277-be6f-4bf3-88cf-1c3b12e139ad@group-0DB47DC2B114:LeaderElection119] INFO  impl.RoleInfo (RoleInfo.java:updateAndGet(143)) - 0bbc1277-be6f-4bf3-88cf-1c3b12e139ad: start LeaderState
2019-09-25 05:52:46,195 [5be219b2-97fd-4a8c-91ea-b15aa89454d4@group-144250B2D26F:LeaderElection122] INFO  impl.RoleInfo (RoleInfo.java:updateAndGet(143)) - 5be219b2-97fd-4a8c-91ea-b15aa89454d4: start LeaderState
2019-09-25 05:52:46,195 [5be219b2-97fd-4a8c-91ea-b15aa89454d4@group-C916076952F9:LeaderElection125] INFO  impl.RoleInfo (RoleInfo.java:updateAndGet(143)) - 5be219b2-97fd-4a8c-91ea-b15aa89454d4: start LeaderState
2019-09-25 05:52:46,365 [5be219b2-97fd-4a8c-91ea-b15aa89454d4@group-144250B2D26F:LeaderElection122] INFO  segmented.SegmentedRaftLogWorker (SegmentedRaftLogWorker.java:startLogSegment(380)) - 5be219b2-97fd-4a8c-91ea-b15aa89454d4@group-144250B2D26F-SegmentedRaftLogWorker: Starting segment from index:0
2019-09-25 05:52:46,195 [5be219b2-97fd-4a8c-91ea-b15aa89454d4@group-2FF12999A258:LeaderElection128] INFO  impl.RoleInfo (RoleInfo.java:updateAndGet(143)) - 5be219b2-97fd-4a8c-91ea-b15aa89454d4: start LeaderState
2019-09-25 05:52:46,504 [5be219b2-97fd-4a8c-91ea-b15aa89454d4@group-C916076952F9:LeaderElection125] INFO  segmented.SegmentedRaftLogWorker (SegmentedRaftLogWorker.java:startLogSegment(380)) - 5be219b2-97fd-4a8c-91ea-b15aa89454d4@group-C916076952F9-SegmentedRaftLogWorker: Starting segment from index:0
2019-09-25 05:52:46,504 [5be219b2-97fd-4a8c-91ea-b15aa89454d4@group-0A38BACE653E:LeaderElection126] INFO  impl.RaftServerImpl (ServerState.java:setRaftConf(354)) - 5be219b2-97fd-4a8c-91ea-b15aa89454d4@group-0A38BACE653E: set configuration 0: [5be219b2-97fd-4a8c-91ea-b15aa89454d4:192.168.30.10:40625], old=null at 0
2019-09-25 05:52:46,503 [0bbc1277-be6f-4bf3-88cf-1c3b12e139ad@group-0529369CD838-SegmentedRaftLogWorker] ERROR segmented.SegmentedRaftLogWorker (SegmentedRaftLogWorker.java:run(323)) - 0bbc1277-be6f-4bf3-88cf-1c3b12e139ad@group-0529369CD838-SegmentedRaftLogWorker hit exception
java.lang.OutOfMemoryError: Direct buffer memory
	at java.nio.Bits.reserveMemory(Bits.java:666)
	at java.nio.DirectByteBuffer.<init>(DirectByteBuffer.java:123)
	at java.nio.ByteBuffer.allocateDirect(ByteBuffer.java:311)
	at org.apache.ratis.server.raftlog.segmented.BufferedWriteChannel.<init>(BufferedWriteChannel.java:41)
	at org.apache.ratis.server.raftlog.segmented.SegmentedRaftLogOutputStream.<init>(SegmentedRaftLogOutputStream.java:72)
	at org.apache.ratis.server.raftlog.segmented.SegmentedRaftLogWorker$StartLogSegment.execute(SegmentedRaftLogWorker.java:566)
	at org.apache.ratis.server.raftlog.segmented.SegmentedRaftLogWorker.run(SegmentedRaftLogWorker.java:289)
	at java.lang.Thread.run(Thread.java:748)
2019-09-25 05:52:46,503 [5be219b2-97fd-4a8c-91ea-b15aa89454d4@group-594F27088C27-SegmentedRaftLogWorker] ERROR segmented.SegmentedRaftLogWorker (SegmentedRaftLogWorker.java:run(323)) - 5be219b2-97fd-4a8c-91ea-b15aa89454d4@group-594F27088C27-SegmentedRaftLogWorker hit exception
java.lang.OutOfMemoryError: Direct buffer memory
	at java.nio.Bits.reserveMemory(Bits.java:666)
	at java.nio.DirectByteBuffer.<init>(DirectByteBuffer.java:123)
	at java.nio.ByteBuffer.allocateDirect(ByteBuffer.java:311)
	at org.apache.ratis.server.raftlog.segmented.BufferedWriteChannel.<init>(BufferedWriteChannel.java:41)
	at org.apache.ratis.server.raftlog.segmented.SegmentedRaftLogOutputStream.<init>(SegmentedRaftLogOutputStream.java:72)
	at org.apache.ratis.server.raftlog.segmented.SegmentedRaftLogWorker$StartLogSegment.execute(SegmentedRaftLogWorker.java:566)
	at org.apache.ratis.server.raftlog.segmented.SegmentedRaftLogWorker.run(SegmentedRaftLogWorker.java:289)
	at java.lang.Thread.run(Thread.java:748)
2019-09-25 05:52:46,503 [5be219b2-97fd-4a8c-91ea-b15aa89454d4@group-0B6C19AFD170-SegmentedRaftLogWorker] ERROR segmented.SegmentedRaftLogWorker (SegmentedRaftLogWorker.java:run(323)) - 5be219b2-97fd-4a8c-91ea-b15aa89454d4@group-0B6C19AFD170-SegmentedRaftLogWorker hit exception
java.lang.OutOfMemoryError: Direct buffer memory
	at java.nio.Bits.reserveMemory(Bits.java:666)
	at java.nio.DirectByteBuffer.<init>(DirectByteBuffer.java:123)
	at java.nio.ByteBuffer.allocateDirect(ByteBuffer.java:311)
	at org.apache.ratis.server.raftlog.segmented.BufferedWriteChannel.<init>(BufferedWriteChannel.java:41)
	at org.apache.ratis.server.raftlog.segmented.SegmentedRaftLogOutputStream.<init>(SegmentedRaftLogOutputStream.java:72)
	at org.apache.ratis.server.raftlog.segmented.SegmentedRaftLogWorker$StartLogSegment.execute(SegmentedRaftLogWorker.java:566)
	at org.apache.ratis.server.raftlog.segmented.SegmentedRaftLogWorker.run(SegmentedRaftLogWorker.java:289)
	at java.lang.Thread.run(Thread.java:748)
2019-09-25 05:52:46,503 [5be219b2-97fd-4a8c-91ea-b15aa89454d4@group-51FF8E54341D-SegmentedRaftLogWorker] ERROR segmented.SegmentedRaftLogWorker (SegmentedRaftLogWorker.java:run(323)) - 5be219b2-97fd-4a8c-91ea-b15aa89454d4@group-51FF8E54341D-SegmentedRaftLogWorker hit exception
java.lang.OutOfMemoryError: Direct buffer memory
	at java.nio.Bits.reserveMemory(Bits.java:666)
	at java.nio.DirectByteBuffer.<init>(DirectByteBuffer.java:123)
	at java.nio.ByteBuffer.allocateDirect(ByteBuffer.java:311)
	at org.apache.ratis.server.raftlog.segmented.BufferedWriteChannel.<init>(BufferedWriteChannel.java:41)
	at org.apache.ratis.server.raftlog.segmented.SegmentedRaftLogOutputStream.<init>(SegmentedRaftLogOutputStream.java:72)
	at org.apache.ratis.server.raftlog.segmented.SegmentedRaftLogWorker$StartLogSegment.execute(SegmentedRaftLogWorker.java:566)
	at org.apache.ratis.server.raftlog.segmented.SegmentedRaftLogWorker.run(SegmentedRaftLogWorker.java:289)
	at java.lang.Thread.run(Thread.java:748)
2019-09-25 05:52:46,503 [0bbc1277-be6f-4bf3-88cf-1c3b12e139ad@group-3B0A252CE86D-SegmentedRaftLogWorker] ERROR segmented.SegmentedRaftLogWorker (SegmentedRaftLogWorker.java:run(323)) - 0bbc1277-be6f-4bf3-88cf-1c3b12e139ad@group-3B0A252CE86D-SegmentedRaftLogWorker hit exception
java.lang.OutOfMemoryError: Direct buffer memory
	at java.nio.Bits.reserveMemory(Bits.java:666)
	at java.nio.DirectByteBuffer.<init>(DirectByteBuffer.java:123)
	at java.nio.ByteBuffer.allocateDirect(ByteBuffer.java:311)
	at org.apache.ratis.server.raftlog.segmented.BufferedWriteChannel.<init>(BufferedWriteChannel.java:41)
	at org.apache.ratis.server.raftlog.segmented.SegmentedRaftLogOutputStream.<init>(SegmentedRaftLogOutputStream.java:72)
	at org.apache.ratis.server.raftlog.segmented.SegmentedRaftLogWorker$StartLogSegment.execute(SegmentedRaftLogWorker.java:566)
	at org.apache.ratis.server.raftlog.segmented.SegmentedRaftLogWorker.run(SegmentedRaftLogWorker.java:289)
	at java.lang.Thread.run(Thread.java:748)
2019-09-25 05:52:46,503 [0bbc1277-be6f-4bf3-88cf-1c3b12e139ad@group-C8E21141DA1D-SegmentedRaftLogWorker] ERROR segmented.SegmentedRaftLogWorker (SegmentedRaftLogWorker.java:run(323)) - 0bbc1277-be6f-4bf3-88cf-1c3b12e139ad@group-C8E21141DA1D-SegmentedRaftLogWorker hit exception
java.lang.OutOfMemoryError: Direct buffer memory
	at java.nio.Bits.reserveMemory(Bits.java:666)
	at java.nio.DirectByteBuffer.<init>(DirectByteBuffer.java:123)
	at java.nio.ByteBuffer.allocateDirect(ByteBuffer.java:311)
	at org.apache.ratis.server.raftlog.segmented.BufferedWriteChannel.<init>(BufferedWriteChannel.java:41)
	at org.apache.ratis.server.raftlog.segmented.SegmentedRaftLogOutputStream.<init>(SegmentedRaftLogOutputStream.java:72)
	at org.apache.ratis.server.raftlog.segmented.SegmentedRaftLogWorker$StartLogSegment.execute(SegmentedRaftLogWorker.java:566)
	at org.apache.ratis.server.raftlog.segmented.SegmentedRaftLogWorker.run(SegmentedRaftLogWorker.java:289)
	at java.lang.Thread.run(Thread.java:748)
2019-09-25 05:52:46,503 [754f3588-47e6-41ad-b34e-eb7041cce070@group-71DC1F77229B-SegmentedRaftLogWorker] ERROR segmented.SegmentedRaftLogWorker (SegmentedRaftLogWorker.java:run(323)) - 754f3588-47e6-41ad-b34e-eb7041cce070@group-71DC1F77229B-SegmentedRaftLogWorker hit exception
java.lang.OutOfMemoryError: Direct buffer memory
	at java.nio.Bits.reserveMemory(Bits.java:666)
	at java.nio.DirectByteBuffer.<init>(DirectByteBuffer.java:123)
	at java.nio.ByteBuffer.allocateDirect(ByteBuffer.java:311)
	at org.apache.ratis.server.raftlog.segmented.BufferedWriteChannel.<init>(BufferedWriteChannel.java:41)
	at org.apache.ratis.server.raftlog.segmented.SegmentedRaftLogOutputStream.<init>(SegmentedRaftLogOutputStream.java:72)
	at org.apache.ratis.server.raftlog.segmented.SegmentedRaftLogWorker$StartLogSegment.execute(SegmentedRaftLogWorker.java:566)
	at org.apache.ratis.server.raftlog.segmented.SegmentedRaftLogWorker.run(SegmentedRaftLogWorker.java:289)
	at java.lang.Thread.run(Thread.java:748)
2019-09-25 05:52:46,503 [5be219b2-97fd-4a8c-91ea-b15aa89454d4@group-9A6E2FA63B89-SegmentedRaftLogWorker] ERROR segmented.SegmentedRaftLogWorker (SegmentedRaftLogWorker.java:run(323)) - 5be219b2-97fd-4a8c-91ea-b15aa89454d4@group-9A6E2FA63B89-SegmentedRaftLogWorker hit exception
java.lang.OutOfMemoryError: Direct buffer memory
	at java.nio.Bits.reserveMemory(Bits.java:666)
	at java.nio.DirectByteBuffer.<init>(DirectByteBuffer.java:123)
	at java.nio.ByteBuffer.allocateDirect(ByteBuffer.java:311)
	at org.apache.ratis.server.raftlog.segmented.BufferedWriteChannel.<init>(BufferedWriteChannel.java:41)
	at org.apache.ratis.server.raftlog.segmented.SegmentedRaftLogOutputStream.<init>(SegmentedRaftLogOutputStream.java:72)
	at org.apache.ratis.server.raftlog.segmented.SegmentedRaftLogWorker$StartLogSegment.execute(SegmentedRaftLogWorker.java:566)
	at org.apache.ratis.server.raftlog.segmented.SegmentedRaftLogWorker.run(SegmentedRaftLogWorker.java:289)
	at java.lang.Thread.run(Thread.java:748)
2019-09-25 05:52:46,517 [5be219b2-97fd-4a8c-91ea-b15aa89454d4@group-9A6E2FA63B89-SegmentedRaftLogWorker] INFO  impl.RaftServerImpl (RaftServerImpl.java:lambda$shutdown$3(251)) - 5be219b2-97fd-4a8c-91ea-b15aa89454d4@group-9A6E2FA63B89: shutdown
2019-09-25 05:52:46,503 [5be219b2-97fd-4a8c-91ea-b15aa89454d4@group-C9565C519C1A-SegmentedRaftLogWorker] ERROR segmented.SegmentedRaftLogWorker (SegmentedRaftLogWorker.java:run(323)) - 5be219b2-97fd-4a8c-91ea-b15aa89454d4@group-C9565C519C1A-SegmentedRaftLogWorker hit exception
java.lang.OutOfMemoryError: Direct buffer memory
	at java.nio.Bits.reserveMemory(Bits.java:666)
	at java.nio.DirectByteBuffer.<init>(DirectByteBuffer.java:123)
	at java.nio.ByteBuffer.allocateDirect(ByteBuffer.java:311)
	at org.apache.ratis.server.raftlog.segmented.BufferedWriteChannel.<init>(BufferedWriteChannel.java:41)
	at org.apache.ratis.server.raftlog.segmented.SegmentedRaftLogOutputStream.<init>(SegmentedRaftLogOutputStream.java:72)
	at org.apache.ratis.server.raftlog.segmented.SegmentedRaftLogWorker$StartLogSegment.execute(SegmentedRaftLogWorker.java:566)
	at org.apache.ratis.server.raftlog.segmented.SegmentedRaftLogWorker.run(SegmentedRaftLogWorker.java:289)
	at java.lang.Thread.run(Thread.java:748)
2019-09-25 05:52:46,503 [5be219b2-97fd-4a8c-91ea-b15aa89454d4@group-68BF0268EAE0-SegmentedRaftLogWorker] ERROR segmented.SegmentedRaftLogWorker (SegmentedRaftLogWorker.java:run(323)) - 5be219b2-97fd-4a8c-91ea-b15aa89454d4@group-68BF0268EAE0-SegmentedRaftLogWorker hit exception
java.lang.OutOfMemoryError: Direct buffer memory
	at java.nio.Bits.reserveMemory(Bits.java:666)
	at java.nio.DirectByteBuffer.<init>(DirectByteBuffer.java:123)
	at java.nio.ByteBuffer.allocateDirect(ByteBuffer.java:311)
	at org.apache.ratis.server.raftlog.segmented.BufferedWriteChannel.<init>(BufferedWriteChannel.java:41)
	at org.apache.ratis.server.raftlog.segmented.SegmentedRaftLogOutputStream.<init>(SegmentedRaftLogOutputStream.java:72)
	at org.apache.ratis.server.raftlog.segmented.SegmentedRaftLogWorker$StartLogSegment.execute(SegmentedRaftLogWorker.java:566)
	at org.apache.ratis.server.raftlog.segmented.SegmentedRaftLogWorker.run(SegmentedRaftLogWorker.java:289)
	at java.lang.Thread.run(Thread.java:748)
2019-09-25 05:52:46,503 [5be219b2-97fd-4a8c-91ea-b15aa89454d4@group-962CE1515C19-SegmentedRaftLogWorker] ERROR segmented.SegmentedRaftLogWorker (SegmentedRaftLogWorker.java:run(323)) - 5be219b2-97fd-4a8c-91ea-b15aa89454d4@group-962CE1515C19-SegmentedRaftLogWorker hit exception
java.lang.OutOfMemoryError: Direct buffer memory
	at java.nio.Bits.reserveMemory(Bits.java:666)
	at java.nio.DirectByteBuffer.<init>(DirectByteBuffer.java:123)
	at java.nio.ByteBuffer.allocateDirect(ByteBuffer.java:311)
	at org.apache.ratis.server.raftlog.segmented.BufferedWriteChannel.<init>(BufferedWriteChannel.java:41)
	at org.apache.ratis.server.raftlog.segmented.SegmentedRaftLogOutputStream.<init>(SegmentedRaftLogOutputStream.java:72)
	at org.apache.ratis.server.raftlog.segmented.SegmentedRaftLogWorker$StartLogSegment.execute(SegmentedRaftLogWorker.java:566)
	at org.apache.ratis.server.raftlog.segmented.SegmentedRaftLogWorker.run(SegmentedRaftLogWorker.java:289)
	at java.lang.Thread.run(Thread.java:748)
2019-09-25 05:52:46,503 [754f3588-47e6-41ad-b34e-eb7041cce070@group-BD472D801032-SegmentedRaftLogWorker] ERROR segmented.SegmentedRaftLogWorker (SegmentedRaftLogWorker.java:run(323)) - 754f3588-47e6-41ad-b34e-eb7041cce070@group-BD472D801032-SegmentedRaftLogWorker hit exception
java.lang.OutOfMemoryError: Direct buffer memory
	at java.nio.Bits.reserveMemory(Bits.java:666)
	at java.nio.DirectByteBuffer.<init>(DirectByteBuffer.java:123)
	at java.nio.ByteBuffer.allocateDirect(ByteBuffer.java:311)
	at org.apache.ratis.server.raftlog.segmented.BufferedWriteChannel.<init>(BufferedWriteChannel.java:41)
	at org.apache.ratis.server.raftlog.segmented.SegmentedRaftLogOutputStream.<init>(SegmentedRaftLogOutputStream.java:72)
	at org.apache.ratis.server.raftlog.segmented.SegmentedRaftLogWorker$StartLogSegment.execute(SegmentedRaftLogWorker.java:566)
	at org.apache.ratis.server.raftlog.segmented.SegmentedRaftLogWorker.run(SegmentedRaftLogWorker.java:289)
	at java.lang.Thread.run(Thread.java:748)
2019-09-25 05:52:46,503 [754f3588-47e6-41ad-b34e-eb7041cce070@group-22F58638F634-SegmentedRaftLogWorker] ERROR segmented.SegmentedRaftLogWorker (SegmentedRaftLogWorker.java:run(323)) - 754f3588-47e6-41ad-b34e-eb7041cce070@group-22F58638F634-SegmentedRaftLogWorker hit exception
java.lang.OutOfMemoryError: Direct buffer memory
	at java.nio.Bits.reserveMemory(Bits.java:666)
	at java.nio.DirectByteBuffer.<init>(DirectByteBuffer.java:123)
	at java.nio.ByteBuffer.allocateDirect(ByteBuffer.java:311)
	at org.apache.ratis.server.raftlog.segmented.BufferedWriteChannel.<init>(BufferedWriteChannel.java:41)
	at org.apache.ratis.server.raftlog.segmented.SegmentedRaftLogOutputStream.<init>(SegmentedRaftLogOutputStream.java:72)
	at org.apache.ratis.server.raftlog.segmented.SegmentedRaftLogWorker$StartLogSegment.execute(SegmentedRaftLogWorker.java:566)
	at org.apache.ratis.server.raftlog.segmented.SegmentedRaftLogWorker.run(SegmentedRaftLogWorker.java:289)
	at java.lang.Thread.run(Thread.java:748)
2019-09-25 05:52:46,518 [754f3588-47e6-41ad-b34e-eb7041cce070@group-22F58638F634-SegmentedRaftLogWorker] INFO  impl.RaftServerImpl (RaftServerImpl.java:lambda$shutdown$3(251)) - 754f3588-47e6-41ad-b34e-eb7041cce070@group-22F58638F634: shutdown
2019-09-25 05:52:46,503 [0bbc1277-be6f-4bf3-88cf-1c3b12e139ad@group-82B8C547FB12-SegmentedRaftLogWorker] ERROR segmented.SegmentedRaftLogWorker (SegmentedRaftLogWorker.java:run(323)) - 0bbc1277-be6f-4bf3-88cf-1c3b12e139ad@group-82B8C547FB12-SegmentedRaftLogWorker hit exception
java.lang.OutOfMemoryError: Direct buffer memory
	at java.nio.Bits.reserveMemory(Bits.java:666)
	at java.nio.DirectByteBuffer.<init>(DirectByteBuffer.java:123)
	at java.nio.ByteBuffer.allocateDirect(ByteBuffer.java:311)
	at org.apache.ratis.server.raftlog.segmented.BufferedWriteChannel.<init>(BufferedWriteChannel.java:41)
	at org.apache.ratis.server.raftlog.segmented.SegmentedRaftLogOutputStream.<init>(SegmentedRaftLogOutputStream.java:72)
	at org.apache.ratis.server.raftlog.segmented.SegmentedRaftLogWorker$StartLogSegment.execute(SegmentedRaftLogWorker.java:566)
	at org.apache.ratis.server.raftlog.segmented.SegmentedRaftLogWorker.run(SegmentedRaftLogWorker.java:289)
	at java.lang.Thread.run(Thread.java:748)
2019-09-25 05:52:46,503 [754f3588-47e6-41ad-b34e-eb7041cce070@group-A2252AB6FA12-SegmentedRaftLogWorker] ERROR segmented.SegmentedRaftLogWorker (SegmentedRaftLogWorker.java:run(323)) - 754f3588-47e6-41ad-b34e-eb7041cce070@group-A2252AB6FA12-SegmentedRaftLogWorker hit exception
java.lang.OutOfMemoryError: Direct buffer memory
	at java.nio.Bits.reserveMemory(Bits.java:666)
	at java.nio.DirectByteBuffer.<init>(DirectByteBuffer.java:123)
	at java.nio.ByteBuffer.allocateDirect(ByteBuffer.java:311)
	at org.apache.ratis.server.raftlog.segmented.BufferedWriteChannel.<init>(BufferedWriteChannel.java:41)
	at org.apache.ratis.server.raftlog.segmented.SegmentedRaftLogOutputStream.<init>(SegmentedRaftLogOutputStream.java:72)
	at org.apache.ratis.server.raftlog.segmented.SegmentedRaftLogWorker$StartLogSegment.execute(SegmentedRaftLogWorker.java:566)
	at org.apache.ratis.server.raftlog.segmented.SegmentedRaftLogWorker.run(SegmentedRaftLogWorker.java:289)
	at java.lang.Thread.run(Thread.java:748)
2019-09-25 05:52:46,503 [0bbc1277-be6f-4bf3-88cf-1c3b12e139ad@group-13CCC1715FDD-SegmentedRaftLogWorker] ERROR segmented.SegmentedRaftLogWorker (SegmentedRaftLogWorker.java:run(323)) - 0bbc1277-be6f-4bf3-88cf-1c3b12e139ad@group-13CCC1715FDD-SegmentedRaftLogWorker hit exception
java.lang.OutOfMemoryError: Direct buffer memory
	at java.nio.Bits.reserveMemory(Bits.java:666)
	at java.nio.DirectByteBuffer.<init>(DirectByteBuffer.java:123)
	at java.nio.ByteBuffer.allocateDirect(ByteBuffer.java:311)
	at org.apache.ratis.server.raftlog.segmented.BufferedWriteChannel.<init>(BufferedWriteChannel.java:41)
	at org.apache.ratis.server.raftlog.segmented.SegmentedRaftLogOutputStream.<init>(SegmentedRaftLogOutputStream.java:72)
	at org.apache.ratis.server.raftlog.segmented.SegmentedRaftLogWorker$StartLogSegment.execute(SegmentedRaftLogWorker.java:566)
	at org.apache.ratis.server.raftlog.segmented.SegmentedRaftLogWorker.run(SegmentedRaftLogWorker.java:289)
	at java.lang.Thread.run(Thread.java:748)
2019-09-25 05:52:46,503 [0bbc1277-be6f-4bf3-88cf-1c3b12e139ad@group-65B12A733142-SegmentedRaftLogWorker] ERROR segmented.SegmentedRaftLogWorker (SegmentedRaftLogWorker.java:run(323)) - 0bbc1277-be6f-4bf3-88cf-1c3b12e139ad@group-65B12A733142-SegmentedRaftLogWorker hit exception
java.lang.OutOfMemoryError: Direct buffer memory
	at java.nio.Bits.reserveMemory(Bits.java:666)
	at java.nio.DirectByteBuffer.<init>(DirectByteBuffer.java:123)
	at java.nio.ByteBuffer.allocateDirect(ByteBuffer.java:311)
	at org.apache.ratis.server.raftlog.segmented.BufferedWriteChannel.<init>(BufferedWriteChannel.java:41)
	at org.apache.ratis.server.raftlog.segmented.SegmentedRaftLogOutputStream.<init>(SegmentedRaftLogOutputStream.java:72)
	at org.apache.ratis.server.raftlog.segmented.SegmentedRaftLogWorker$StartLogSegment.execute(SegmentedRaftLogWorker.java:566)
	at org.apache.ratis.server.raftlog.segmented.SegmentedRaftLogWorker.run(SegmentedRaftLogWorker.java:289)
	at java.lang.Thread.run(Thread.java:748)
2019-09-25 05:52:46,503 [754f3588-47e6-41ad-b34e-eb7041cce070@group-8A7557A8C55D-SegmentedRaftLogWorker] ERROR segmented.SegmentedRaftLogWorker (SegmentedRaftLogWorker.java:run(323)) - 754f3588-47e6-41ad-b34e-eb7041cce070@group-8A7557A8C55D-SegmentedRaftLogWorker hit exception
java.lang.OutOfMemoryError: Direct buffer memory
	at java.nio.Bits.reserveMemory(Bits.java:666)
	at java.nio.DirectByteBuffer.<init>(DirectByteBuffer.java:123)
	at java.nio.ByteBuffer.allocateDirect(ByteBuffer.java:311)
	at org.apache.ratis.server.raftlog.segmented.BufferedWriteChannel.<init>(BufferedWriteChannel.java:41)
	at org.apache.ratis.server.raftlog.segmented.SegmentedRaftLogOutputStream.<init>(SegmentedRaftLogOutputStream.java:72)
	at org.apache.ratis.server.raftlog.segmented.SegmentedRaftLogWorker$StartLogSegment.execute(SegmentedRaftLogWorker.java:566)
	at org.apache.ratis.server.raftlog.segmented.SegmentedRaftLogWorker.run(SegmentedRaftLogWorker.java:289)
	at java.lang.Thread.run(Thread.java:748)
2019-09-25 05:52:46,520 [754f3588-47e6-41ad-b34e-eb7041cce070@group-8A7557A8C55D-SegmentedRaftLogWorker] INFO  impl.RaftServerImpl (RaftServerImpl.java:lambda$shutdown$3(251)) - 754f3588-47e6-41ad-b34e-eb7041cce070@group-8A7557A8C55D: shutdown
2019-09-25 05:52:46,503 [0bbc1277-be6f-4bf3-88cf-1c3b12e139ad@group-12BFCBBA8C97-SegmentedRaftLogWorker] ERROR segmented.SegmentedRaftLogWorker (SegmentedRaftLogWorker.java:run(323)) - 0bbc1277-be6f-4bf3-88cf-1c3b12e139ad@group-12BFCBBA8C97-SegmentedRaftLogWorker hit exception
java.lang.OutOfMemoryError: Direct buffer memory
	at java.nio.Bits.reserveMemory(Bits.java:666)
	at java.nio.DirectByteBuffer.<init>(DirectByteBuffer.java:123)
	at java.nio.ByteBuffer.allocateDirect(ByteBuffer.java:311)
	at org.apache.ratis.server.raftlog.segmented.BufferedWriteChannel.<init>(BufferedWriteChannel.java:41)
	at org.apache.ratis.server.raftlog.segmented.SegmentedRaftLogOutputStream.<init>(SegmentedRaftLogOutputStream.java:72)
	at org.apache.ratis.server.raftlog.segmented.SegmentedRaftLogWorker$StartLogSegment.execute(SegmentedRaftLogWorker.java:566)
	at org.apache.ratis.server.raftlog.segmented.SegmentedRaftLogWorker.run(SegmentedRaftLogWorker.java:289)
	at java.lang.Thread.run(Thread.java:748)
2019-09-25 05:52:46,520 [0bbc1277-be6f-4bf3-88cf-1c3b12e139ad@group-12BFCBBA8C97-SegmentedRaftLogWorker] INFO  impl.RaftServerImpl (RaftServerImpl.java:lambda$shutdown$3(251)) - 0bbc1277-be6f-4bf3-88cf-1c3b12e139ad@group-12BFCBBA8C97: shutdown
2019-09-25 05:52:46,503 [754f3588-47e6-41ad-b34e-eb7041cce070@group-ECF48C7AF352-SegmentedRaftLogWorker] ERROR segmented.SegmentedRaftLogWorker (SegmentedRaftLogWorker.java:run(323)) - 754f3588-47e6-41ad-b34e-eb7041cce070@group-ECF48C7AF352-SegmentedRaftLogWorker hit exception
java.lang.OutOfMemoryError: Direct buffer memory
	at java.nio.Bits.reserveMemory(Bits.java:666)
	at java.nio.DirectByteBuffer.<init>(DirectByteBuffer.java:123)
	at java.nio.ByteBuffer.allocateDirect(ByteBuffer.java:311)
	at org.apache.ratis.server.raftlog.segmented.BufferedWriteChannel.<init>(BufferedWriteChannel.java:41)
	at org.apache.ratis.server.raftlog.segmented.SegmentedRaftLogOutputStream.<init>(SegmentedRaftLogOutputStream.java:72)
	at org.apache.ratis.server.raftlog.segmented.SegmentedRaftLogWorker$StartLogSegment.execute(SegmentedRaftLogWorker.java:566)
	at org.apache.ratis.server.raftlog.segmented.SegmentedRaftLogWorker.run(SegmentedRaftLogWorker.java:289)
	at java.lang.Thread.run(Thread.java:748)
2019-09-25 05:52:46,503 [5be219b2-97fd-4a8c-91ea-b15aa89454d4@group-DED6F7C08979-SegmentedRaftLogWorker] ERROR segmented.SegmentedRaftLogWorker (SegmentedRaftLogWorker.java:run(323)) - 5be219b2-97fd-4a8c-91ea-b15aa89454d4@group-DED6F7C08979-SegmentedRaftLogWorker hit exception
java.lang.OutOfMemoryError: Direct buffer memory
	at java.nio.Bits.reserveMemory(Bits.java:666)
	at java.nio.DirectByteBuffer.<init>(DirectByteBuffer.java:123)
	at java.nio.ByteBuffer.allocateDirect(ByteBuffer.java:311)
	at org.apache.ratis.server.raftlog.segmented.BufferedWriteChannel.<init>(BufferedWriteChannel.java:41)
	at org.apache.ratis.server.raftlog.segmented.SegmentedRaftLogOutputStream.<init>(SegmentedRaftLogOutputStream.java:72)
	at org.apache.ratis.server.raftlog.segmented.SegmentedRaftLogWorker$StartLogSegment.execute(SegmentedRaftLogWorker.java:566)
	at org.apache.ratis.server.raftlog.segmented.SegmentedRaftLogWorker.run(SegmentedRaftLogWorker.java:289)
	at java.lang.Thread.run(Thread.java:748)
2019-09-25 05:52:46,503 [5be219b2-97fd-4a8c-91ea-b15aa89454d4@group-8EFB222D9B87-SegmentedRaftLogWorker] ERROR segmented.SegmentedRaftLogWorker (SegmentedRaftLogWorker.java:run(323)) - 5be219b2-97fd-4a8c-91ea-b15aa89454d4@group-8EFB222D9B87-SegmentedRaftLogWorker hit exception
java.lang.OutOfMemoryError: Direct buffer memory
	at java.nio.Bits.reserveMemory(Bits.java:666)
	at java.nio.DirectByteBuffer.<init>(DirectByteBuffer.java:123)
	at java.nio.ByteBuffer.allocateDirect(ByteBuffer.java:311)
	at org.apache.ratis.server.raftlog.segmented.BufferedWriteChannel.<init>(BufferedWriteChannel.java:41)
	at org.apache.ratis.server.raftlog.segmented.SegmentedRaftLogOutputStream.<init>(SegmentedRaftLogOutputStream.java:72)
	at org.apache.ratis.server.raftlog.segmented.SegmentedRaftLogWorker$StartLogSegment.execute(SegmentedRaftLogWorker.java:566)
	at org.apache.ratis.server.raftlog.segmented.SegmentedRaftLogWorker.run(SegmentedRaftLogWorker.java:289)
	at java.lang.Thread.run(Thread.java:748)
2019-09-25 05:52:46,521 [5be219b2-97fd-4a8c-91ea-b15aa89454d4@group-8EFB222D9B87-SegmentedRaftLogWorker] INFO  impl.RaftServerImpl (RaftServerImpl.java:lambda$shutdown$3(251)) - 5be219b2-97fd-4a8c-91ea-b15aa89454d4@group-8EFB222D9B87: shutdown
2019-09-25 05:52:46,503 [0bbc1277-be6f-4bf3-88cf-1c3b12e139ad@group-513E1586D88B-SegmentedRaftLogWorker] ERROR segmented.SegmentedRaftLogWorker (SegmentedRaftLogWorker.java:run(323)) - 0bbc1277-be6f-4bf3-88cf-1c3b12e139ad@group-513E1586D88B-SegmentedRaftLogWorker hit exception
java.lang.OutOfMemoryError: Direct buffer memory
	at java.nio.Bits.reserveMemory(Bits.java:666)
	at java.nio.DirectByteBuffer.<init>(DirectByteBuffer.java:123)
	at java.nio.ByteBuffer.allocateDirect(ByteBuffer.java:311)
	at org.apache.ratis.server.raftlog.segmented.BufferedWriteChannel.<init>(BufferedWriteChannel.java:41)
	at org.apache.ratis.server.raftlog.segmented.SegmentedRaftLogOutputStream.<init>(SegmentedRaftLogOutputStream.java:72)
	at org.apache.ratis.server.raftlog.segmented.SegmentedRaftLogWorker$StartLogSegment.execute(SegmentedRaftLogWorker.java:566)
	at org.apache.ratis.server.raftlog.segmented.SegmentedRaftLogWorker.run(SegmentedRaftLogWorker.java:289)
	at java.lang.Thread.run(Thread.java:748)
2019-09-25 05:52:46,503 [0bbc1277-be6f-4bf3-88cf-1c3b12e139ad@group-703D5E58E916-SegmentedRaftLogWorker] ERROR segmented.SegmentedRaftLogWorker (SegmentedRaftLogWorker.java:run(323)) - 0bbc1277-be6f-4bf3-88cf-1c3b12e139ad@group-703D5E58E916-SegmentedRaftLogWorker hit exception
java.lang.OutOfMemoryError: Direct buffer memory
	at java.nio.Bits.reserveMemory(Bits.java:666)
	at java.nio.DirectByteBuffer.<init>(DirectByteBuffer.java:123)
	at java.nio.ByteBuffer.allocateDirect(ByteBuffer.java:311)
	at org.apache.ratis.server.raftlog.segmented.BufferedWriteChannel.<init>(BufferedWriteChannel.java:41)
	at org.apache.ratis.server.raftlog.segmented.SegmentedRaftLogOutputStream.<init>(SegmentedRaftLogOutputStream.java:72)
	at org.apache.ratis.server.raftlog.segmented.SegmentedRaftLogWorker$StartLogSegment.execute(SegmentedRaftLogWorker.java:566)
	at org.apache.ratis.server.raftlog.segmented.SegmentedRaftLogWorker.run(SegmentedRaftLogWorker.java:289)
	at java.lang.Thread.run(Thread.java:748)
2019-09-25 05:52:46,503 [5be219b2-97fd-4a8c-91ea-b15aa89454d4@group-955671A74EC5-SegmentedRaftLogWorker] ERROR segmented.SegmentedRaftLogWorker (SegmentedRaftLogWorker.java:run(323)) - 5be219b2-97fd-4a8c-91ea-b15aa89454d4@group-955671A74EC5-SegmentedRaftLogWorker hit exception
java.lang.OutOfMemoryError: Direct buffer memory
	at java.nio.Bits.reserveMemory(Bits.java:666)
	at java.nio.DirectByteBuffer.<init>(DirectByteBuffer.java:123)
	at java.nio.ByteBuffer.allocateDirect(ByteBuffer.java:311)
	at org.apache.ratis.server.raftlog.segmented.BufferedWriteChannel.<init>(BufferedWriteChannel.java:41)
	at org.apache.ratis.server.raftlog.segmented.SegmentedRaftLogOutputStream.<init>(SegmentedRaftLogOutputStream.java:72)
	at org.apache.ratis.server.raftlog.segmented.SegmentedRaftLogWorker$StartLogSegment.execute(SegmentedRaftLogWorker.java:566)
	at org.apache.ratis.server.raftlog.segmented.SegmentedRaftLogWorker.run(SegmentedRaftLogWorker.java:289)
	at java.lang.Thread.run(Thread.java:748)
2019-09-25 05:52:46,503 [5be219b2-97fd-4a8c-91ea-b15aa89454d4@group-33B7851AF354-SegmentedRaftLogWorker] ERROR segmented.SegmentedRaftLogWorker (SegmentedRaftLogWorker.java:run(323)) - 5be219b2-97fd-4a8c-91ea-b15aa89454d4@group-33B7851AF354-SegmentedRaftLogWorker hit exception
java.lang.OutOfMemoryError: Direct buffer memory
	at java.nio.Bits.reserveMemory(Bits.java:666)
	at java.nio.DirectByteBuffer.<init>(DirectByteBuffer.java:123)
	at java.nio.ByteBuffer.allocateDirect(ByteBuffer.java:311)
	at org.apache.ratis.server.raftlog.segmented.BufferedWriteChannel.<init>(BufferedWriteChannel.java:41)
	at org.apache.ratis.server.raftlog.segmented.SegmentedRaftLogOutputStream.<init>(SegmentedRaftLogOutputStream.java:72)
	at org.apache.ratis.server.raftlog.segmented.SegmentedRaftLogWorker$StartLogSegment.execute(SegmentedRaftLogWorker.java:566)
	at org.apache.ratis.server.raftlog.segmented.SegmentedRaftLogWorker.run(SegmentedRaftLogWorker.java:289)
	at java.lang.Thread.run(Thread.java:748)
2019-09-25 05:52:46,522 [5be219b2-97fd-4a8c-91ea-b15aa89454d4@group-33B7851AF354-SegmentedRaftLogWorker] INFO  impl.RaftServerImpl (RaftServerImpl.java:lambda$shutdown$3(251)) - 5be219b2-97fd-4a8c-91ea-b15aa89454d4@group-33B7851AF354: shutdown
2019-09-25 05:52:46,503 [0bbc1277-be6f-4bf3-88cf-1c3b12e139ad@group-19A6A27F62D9-SegmentedRaftLogWorker] ERROR segmented.SegmentedRaftLogWorker (SegmentedRaftLogWorker.java:run(323)) - 0bbc1277-be6f-4bf3-88cf-1c3b12e139ad@group-19A6A27F62D9-SegmentedRaftLogWorker hit exception
java.lang.OutOfMemoryError: Direct buffer memory
	at java.nio.Bits.reserveMemory(Bits.java:666)
	at java.nio.DirectByteBuffer.<init>(DirectByteBuffer.java:123)
	at java.nio.ByteBuffer.allocateDirect(ByteBuffer.java:311)
	at org.apache.ratis.server.raftlog.segmented.BufferedWriteChannel.<init>(BufferedWriteChannel.java:41)
	at org.apache.ratis.server.raftlog.segmented.SegmentedRaftLogOutputStream.<init>(SegmentedRaftLogOutputStream.java:72)
	at org.apache.ratis.server.raftlog.segmented.SegmentedRaftLogWorker$StartLogSegment.execute(SegmentedRaftLogWorker.java:566)
	at org.apache.ratis.server.raftlog.segmented.SegmentedRaftLogWorker.run(SegmentedRaftLogWorker.java:289)
	at java.lang.Thread.run(Thread.java:748)
2019-09-25 05:52:46,503 [5be219b2-97fd-4a8c-91ea-b15aa89454d4@group-2F77B981F125-SegmentedRaftLogWorker] ERROR segmented.SegmentedRaftLogWorker (SegmentedRaftLogWorker.java:run(323)) - 5be219b2-97fd-4a8c-91ea-b15aa89454d4@group-2F77B981F125-SegmentedRaftLogWorker hit exception
java.lang.OutOfMemoryError: Direct buffer memory
	at java.nio.Bits.reserveMemory(Bits.java:666)
	at java.nio.DirectByteBuffer.<init>(DirectByteBuffer.java:123)
	at java.nio.ByteBuffer.allocateDirect(ByteBuffer.java:311)
	at org.apache.ratis.server.raftlog.segmented.BufferedWriteChannel.<init>(BufferedWriteChannel.java:41)
	at org.apache.ratis.server.raftlog.segmented.SegmentedRaftLogOutputStream.<init>(SegmentedRaftLogOutputStream.java:72)
	at org.apache.ratis.server.raftlog.segmented.SegmentedRaftLogWorker$StartLogSegment.execute(SegmentedRaftLogWorker.java:566)
	at org.apache.ratis.server.raftlog.segmented.SegmentedRaftLogWorker.run(SegmentedRaftLogWorker.java:289)
	at java.lang.Thread.run(Thread.java:748)
2019-09-25 05:52:46,503 [5be219b2-97fd-4a8c-91ea-b15aa89454d4@group-38D98D4419BA-SegmentedRaftLogWorker] ERROR segmented.SegmentedRaftLogWorker (SegmentedRaftLogWorker.java:run(323)) - 5be219b2-97fd-4a8c-91ea-b15aa89454d4@group-38D98D4419BA-SegmentedRaftLogWorker hit exception
java.lang.OutOfMemoryError: Direct buffer memory
	at java.nio.Bits.reserveMemory(Bits.java:666)
	at java.nio.DirectByteBuffer.<init>(DirectByteBuffer.java:123)
	at java.nio.ByteBuffer.allocateDirect(ByteBuffer.java:311)
	at org.apache.ratis.server.raftlog.segmented.BufferedWriteChannel.<init>(BufferedWriteChannel.java:41)
	at org.apache.ratis.server.raftlog.segmented.SegmentedRaftLogOutputStream.<init>(SegmentedRaftLogOutputStream.java:72)
	at org.apache.ratis.server.raftlog.segmented.SegmentedRaftLogWorker$StartLogSegment.execute(SegmentedRaftLogWorker.java:566)
	at org.apache.ratis.server.raftlog.segmented.SegmentedRaftLogWorker.run(SegmentedRaftLogWorker.java:289)
	at java.lang.Thread.run(Thread.java:748)
2019-09-25 05:52:46,503 [0bbc1277-be6f-4bf3-88cf-1c3b12e139ad@group-460933B656CC-SegmentedRaftLogWorker] ERROR segmented.SegmentedRaftLogWorker (SegmentedRaftLogWorker.java:run(323)) - 0bbc1277-be6f-4bf3-88cf-1c3b12e139ad@group-460933B656CC-SegmentedRaftLogWorker hit exception
java.lang.OutOfMemoryError: Direct buffer memory
	at java.nio.Bits.reserveMemory(Bits.java:666)
	at java.nio.DirectByteBuffer.<init>(DirectByteBuffer.java:123)
	at java.nio.ByteBuffer.allocateDirect(ByteBuffer.java:311)
	at org.apache.ratis.server.raftlog.segmented.BufferedWriteChannel.<init>(BufferedWriteChannel.java:41)
	at org.apache.ratis.server.raftlog.segmented.SegmentedRaftLogOutputStream.<init>(SegmentedRaftLogOutputStream.java:72)
	at org.apache.ratis.server.raftlog.segmented.SegmentedRaftLogWorker$StartLogSegment.execute(SegmentedRaftLogWorker.java:566)
	at org.apache.ratis.server.raftlog.segmented.SegmentedRaftLogWorker.run(SegmentedRaftLogWorker.java:289)
	at java.lang.Thread.run(Thread.java:748)
2019-09-25 05:52:46,503 [0bbc1277-be6f-4bf3-88cf-1c3b12e139ad@group-8A0701C6A3A8-SegmentedRaftLogWorker] ERROR segmented.SegmentedRaftLogWorker (SegmentedRaftLogWorker.java:run(323)) - 0bbc1277-be6f-4bf3-88cf-1c3b12e139ad@group-8A0701C6A3A8-SegmentedRaftLogWorker hit exception
java.lang.OutOfMemoryError: Direct buffer memory
	at java.nio.Bits.reserveMemory(Bits.java:666)
	at java.nio.DirectByteBuffer.<init>(DirectByteBuffer.java:123)
	at java.nio.ByteBuffer.allocateDirect(ByteBuffer.java:311)
	at org.apache.ratis.server.raftlog.segmented.BufferedWriteChannel.<init>(BufferedWriteChannel.java:41)
	at org.apache.ratis.server.raftlog.segmented.SegmentedRaftLogOutputStream.<init>(SegmentedRaftLogOutputStream.java:72)
	at org.apache.ratis.server.raftlog.segmented.SegmentedRaftLogWorker$StartLogSegment.execute(SegmentedRaftLogWorker.java:566)
	at org.apache.ratis.server.raftlog.segmented.SegmentedRaftLogWorker.run(SegmentedRaftLogWorker.java:289)
	at java.lang.Thread.run(Thread.java:748)
2019-09-25 05:52:46,503 [0bbc1277-be6f-4bf3-88cf-1c3b12e139ad@group-EAB65D37406F-SegmentedRaftLogWorker] ERROR segmented.SegmentedRaftLogWorker (SegmentedRaftLogWorker.java:run(323)) - 0bbc1277-be6f-4bf3-88cf-1c3b12e139ad@group-EAB65D37406F-SegmentedRaftLogWorker hit exception
java.lang.OutOfMemoryError: Direct buffer memory
	at java.nio.Bits.reserveMemory(Bits.java:666)
	at java.nio.DirectByteBuffer.<init>(DirectByteBuffer.java:123)
	at java.nio.ByteBuffer.allocateDirect(ByteBuffer.java:311)
	at org.apache.ratis.server.raftlog.segmented.BufferedWriteChannel.<init>(BufferedWriteChannel.java:41)
	at org.apache.ratis.server.raftlog.segmented.SegmentedRaftLogOutputStream.<init>(SegmentedRaftLogOutputStream.java:72)
	at org.apache.ratis.server.raftlog.segmented.SegmentedRaftLogWorker$StartLogSegment.execute(SegmentedRaftLogWorker.java:566)
	at org.apache.ratis.server.raftlog.segmented.SegmentedRaftLogWorker.run(SegmentedRaftLogWorker.java:289)
	at java.lang.Thread.run(Thread.java:748)
2019-09-25 05:52:46,503 [5be219b2-97fd-4a8c-91ea-b15aa89454d4@group-CB6A65C6BA0C-SegmentedRaftLogWorker] ERROR segmented.SegmentedRaftLogWorker (SegmentedRaftLogWorker.java:run(323)) - 5be219b2-97fd-4a8c-91ea-b15aa89454d4@group-CB6A65C6BA0C-SegmentedRaftLogWorker hit exception
java.lang.OutOfMemoryError: Direct buffer memory
	at java.nio.Bits.reserveMemory(Bits.java:666)
	at java.nio.DirectByteBuffer.<init>(DirectByteBuffer.java:123)
	at java.nio.ByteBuffer.allocateDirect(ByteBuffer.java:311)
	at org.apache.ratis.server.raftlog.segmented.BufferedWriteChannel.<init>(BufferedWriteChannel.java:41)
	at org.apache.ratis.server.raftlog.segmented.SegmentedRaftLogOutputStream.<init>(SegmentedRaftLogOutputStream.java:72)
	at org.apache.ratis.server.raftlog.segmented.SegmentedRaftLogWorker$StartLogSegment.execute(SegmentedRaftLogWorker.java:566)
	at org.apache.ratis.server.raftlog.segmented.SegmentedRaftLogWorker.run(SegmentedRaftLogWorker.java:289)
	at java.lang.Thread.run(Thread.java:748)
2019-09-25 05:52:46,503 [754f3588-47e6-41ad-b34e-eb7041cce070@group-C59E6E433298-SegmentedRaftLogWorker] ERROR segmented.SegmentedRaftLogWorker (SegmentedRaftLogWorker.java:run(323)) - 754f3588-47e6-41ad-b34e-eb7041cce070@group-C59E6E433298-SegmentedRaftLogWorker hit exception
java.lang.OutOfMemoryError: Direct buffer memory
	at java.nio.Bits.reserveMemory(Bits.java:666)
	at java.nio.DirectByteBuffer.<init>(DirectByteBuffer.java:123)
	at java.nio.ByteBuffer.allocateDirect(ByteBuffer.java:311)
	at org.apache.ratis.server.raftlog.segmented.BufferedWriteChannel.<init>(BufferedWriteChannel.java:41)
	at org.apache.ratis.server.raftlog.segmented.SegmentedRaftLogOutputStream.<init>(SegmentedRaftLogOutputStream.java:72)
	at org.apache.ratis.server.raftlog.segmented.SegmentedRaftLogWorker$StartLogSegment.execute(SegmentedRaftLogWorker.java:566)
	at org.apache.ratis.server.raftlog.segmented.SegmentedRaftLogWorker.run(SegmentedRaftLogWorker.java:289)
	at java.lang.Thread.run(Thread.java:748)
2019-09-25 05:52:46,503 [754f3588-47e6-41ad-b34e-eb7041cce070@group-4C3D0E1A45D5-SegmentedRaftLogWorker] ERROR segmented.SegmentedRaftLogWorker (SegmentedRaftLogWorker.java:run(323)) - 754f3588-47e6-41ad-b34e-eb7041cce070@group-4C3D0E1A45D5-SegmentedRaftLogWorker hit exception
java.lang.OutOfMemoryError: Direct buffer memory
	at java.nio.Bits.reserveMemory(Bits.java:666)
	at java.nio.DirectByteBuffer.<init>(DirectByteBuffer.java:123)
	at java.nio.ByteBuffer.allocateDirect(ByteBuffer.java:311)
	at org.apache.ratis.server.raftlog.segmented.BufferedWriteChannel.<init>(BufferedWriteChannel.java:41)
	at org.apache.ratis.server.raftlog.segmented.SegmentedRaftLogOutputStream.<init>(SegmentedRaftLogOutputStream.java:72)
	at org.apache.ratis.server.raftlog.segmented.SegmentedRaftLogWorker$StartLogSegment.execute(SegmentedRaftLogWorker.java:566)
	at org.apache.ratis.server.raftlog.segmented.SegmentedRaftLogWorker.run(SegmentedRaftLogWorker.java:289)
	at java.lang.Thread.run(Thread.java:748)
2019-09-25 05:52:46,503 [754f3588-47e6-41ad-b34e-eb7041cce070@group-8904BE2F6653-SegmentedRaftLogWorker] ERROR segmented.SegmentedRaftLogWorker (SegmentedRaftLogWorker.java:run(323)) - 754f3588-47e6-41ad-b34e-eb7041cce070@group-8904BE2F6653-SegmentedRaftLogWorker hit exception
java.lang.OutOfMemoryError: Direct buffer memory
	at java.nio.Bits.reserveMemory(Bits.java:666)
	at java.nio.DirectByteBuffer.<init>(DirectByteBuffer.java:123)
	at java.nio.ByteBuffer.allocateDirect(ByteBuffer.java:311)
	at org.apache.ratis.server.raftlog.segmented.BufferedWriteChannel.<init>(BufferedWriteChannel.java:41)
	at org.apache.ratis.server.raftlog.segmented.SegmentedRaftLogOutputStream.<init>(SegmentedRaftLogOutputStream.java:72)
	at org.apache.ratis.server.raftlog.segmented.SegmentedRaftLogWorker$StartLogSegment.execute(SegmentedRaftLogWorker.java:566)
	at org.apache.ratis.server.raftlog.segmented.SegmentedRaftLogWorker.run(SegmentedRaftLogWorker.java:289)
	at java.lang.Thread.run(Thread.java:748)
2019-09-25 05:52:46,503 [0bbc1277-be6f-4bf3-88cf-1c3b12e139ad@group-257556E8FEBB-SegmentedRaftLogWorker] ERROR segmented.SegmentedRaftLogWorker (SegmentedRaftLogWorker.java:run(323)) - 0bbc1277-be6f-4bf3-88cf-1c3b12e139ad@group-257556E8FEBB-SegmentedRaftLogWorker hit exception
java.lang.OutOfMemoryError: Direct buffer memory
	at java.nio.Bits.reserveMemory(Bits.java:666)
	at java.nio.DirectByteBuffer.<init>(DirectByteBuffer.java:123)
	at java.nio.ByteBuffer.allocateDirect(ByteBuffer.java:311)
	at org.apache.ratis.server.raftlog.segmented.BufferedWriteChannel.<init>(BufferedWriteChannel.java:41)
	at org.apache.ratis.server.raftlog.segmented.SegmentedRaftLogOutputStream.<init>(SegmentedRaftLogOutputStream.java:72)
	at org.apache.ratis.server.raftlog.segmented.SegmentedRaftLogWorker$StartLogSegment.execute(SegmentedRaftLogWorker.java:566)
	at org.apache.ratis.server.raftlog.segmented.SegmentedRaftLogWorker.run(SegmentedRaftLogWorker.java:289)
	at java.lang.Thread.run(Thread.java:748)
2019-09-25 05:52:46,503 [5be219b2-97fd-4a8c-91ea-b15aa89454d4@group-463BFAA6248D-SegmentedRaftLogWorker] ERROR segmented.SegmentedRaftLogWorker (SegmentedRaftLogWorker.java:run(323)) - 5be219b2-97fd-4a8c-91ea-b15aa89454d4@group-463BFAA6248D-SegmentedRaftLogWorker hit exception
java.lang.OutOfMemoryError: Direct buffer memory
	at java.nio.Bits.reserveMemory(Bits.java:666)
	at java.nio.DirectByteBuffer.<init>(DirectByteBuffer.java:123)
	at java.nio.ByteBuffer.allocateDirect(ByteBuffer.java:311)
	at org.apache.ratis.server.raftlog.segmented.BufferedWriteChannel.<init>(BufferedWriteChannel.java:41)
	at org.apache.ratis.server.raftlog.segmented.SegmentedRaftLogOutputStream.<init>(SegmentedRaftLogOutputStream.java:72)
	at org.apache.ratis.server.raftlog.segmented.SegmentedRaftLogWorker$StartLogSegment.execute(SegmentedRaftLogWorker.java:566)
	at org.apache.ratis.server.raftlog.segmented.SegmentedRaftLogWorker.run(SegmentedRaftLogWorker.java:289)
	at java.lang.Thread.run(Thread.java:748)
2019-09-25 05:52:46,503 [754f3588-47e6-41ad-b34e-eb7041cce070@group-C3114859B4D1-SegmentedRaftLogWorker] ERROR segmented.SegmentedRaftLogWorker (SegmentedRaftLogWorker.java:run(323)) - 754f3588-47e6-41ad-b34e-eb7041cce070@group-C3114859B4D1-SegmentedRaftLogWorker hit exception
java.lang.OutOfMemoryError: Direct buffer memory
	at java.nio.Bits.reserveMemory(Bits.java:666)
	at java.nio.DirectByteBuffer.<init>(DirectByteBuffer.java:123)
	at java.nio.ByteBuffer.allocateDirect(ByteBuffer.java:311)
	at org.apache.ratis.server.raftlog.segmented.BufferedWriteChannel.<init>(BufferedWriteChannel.java:41)
	at org.apache.ratis.server.raftlog.segmented.SegmentedRaftLogOutputStream.<init>(SegmentedRaftLogOutputStream.java:72)
	at org.apache.ratis.server.raftlog.segmented.SegmentedRaftLogWorker$StartLogSegment.execute(SegmentedRaftLogWorker.java:566)
	at org.apache.ratis.server.raftlog.segmented.SegmentedRaftLogWorker.run(SegmentedRaftLogWorker.java:289)
	at java.lang.Thread.run(Thread.java:748)
2019-09-25 05:52:46,503 [5be219b2-97fd-4a8c-91ea-b15aa89454d4@group-B56EBFBAB971-SegmentedRaftLogWorker] ERROR segmented.SegmentedRaftLogWorker (SegmentedRaftLogWorker.java:run(323)) - 5be219b2-97fd-4a8c-91ea-b15aa89454d4@group-B56EBFBAB971-SegmentedRaftLogWorker hit exception
java.lang.OutOfMemoryError: Direct buffer memory
	at java.nio.Bits.reserveMemory(Bits.java:666)
	at java.nio.DirectByteBuffer.<init>(DirectByteBuffer.java:123)
	at java.nio.ByteBuffer.allocateDirect(ByteBuffer.java:311)
	at org.apache.ratis.server.raftlog.segmented.BufferedWriteChannel.<init>(BufferedWriteChannel.java:41)
	at org.apache.ratis.server.raftlog.segmented.SegmentedRaftLogOutputStream.<init>(SegmentedRaftLogOutputStream.java:72)
	at org.apache.ratis.server.raftlog.segmented.SegmentedRaftLogWorker$StartLogSegment.execute(SegmentedRaftLogWorker.java:566)
	at org.apache.ratis.server.raftlog.segmented.SegmentedRaftLogWorker.run(SegmentedRaftLogWorker.java:289)
	at java.lang.Thread.run(Thread.java:748)
2019-09-25 05:52:46,365 [5be219b2-97fd-4a8c-91ea-b15aa89454d4@group-B9A5584514CD:LeaderElection127] INFO  impl.RaftServerImpl (ServerState.java:setRaftConf(354)) - 5be219b2-97fd-4a8c-91ea-b15aa89454d4@group-B9A5584514CD: set configuration 0: [5be219b2-97fd-4a8c-91ea-b15aa89454d4:192.168.30.10:40625], old=null at 0
2019-09-25 05:52:46,365 [0bbc1277-be6f-4bf3-88cf-1c3b12e139ad@group-0DB47DC2B114:LeaderElection119] INFO  segmented.SegmentedRaftLogWorker (SegmentedRaftLogWorker.java:startLogSegment(380)) - 0bbc1277-be6f-4bf3-88cf-1c3b12e139ad@group-0DB47DC2B114-SegmentedRaftLogWorker: Starting segment from index:0
2019-09-25 05:52:46,365 [pool-27-thread-1] INFO  impl.RaftServerImpl (RaftServerImpl.java:start(185)) - 0bbc1277-be6f-4bf3-88cf-1c3b12e139ad@group-5C54A8351410: start as a follower, conf=-1: [0bbc1277-be6f-4bf3-88cf-1c3b12e139ad:192.168.30.10:46701], old=null
2019-09-25 05:52:46,365 [0bbc1277-be6f-4bf3-88cf-1c3b12e139ad@group-9E442A14D521:LeaderElection124] INFO  impl.RaftServerImpl (ServerState.java:setRaftConf(354)) - 0bbc1277-be6f-4bf3-88cf-1c3b12e139ad@group-9E442A14D521: set configuration 0: [0bbc1277-be6f-4bf3-88cf-1c3b12e139ad:192.168.30.10:46701], old=null at 0
2019-09-25 05:52:46,195 [5be219b2-97fd-4a8c-91ea-b15aa89454d4@group-A7119F067D59:LeaderElection123] INFO  impl.RaftServerImpl (ServerState.java:setRaftConf(354)) - 5be219b2-97fd-4a8c-91ea-b15aa89454d4@group-A7119F067D59: set configuration 0: [5be219b2-97fd-4a8c-91ea-b15aa89454d4:192.168.30.10:40625], old=null at 0
2019-09-25 05:52:46,821 [0bbc1277-be6f-4bf3-88cf-1c3b12e139ad@group-0DB47DC2B114:LeaderElection119] INFO  impl.RaftServerImpl (ServerState.java:setRaftConf(354)) - 0bbc1277-be6f-4bf3-88cf-1c3b12e139ad@group-0DB47DC2B114: set configuration 0: [0bbc1277-be6f-4bf3-88cf-1c3b12e139ad:192.168.30.10:46701], old=null at 0
2019-09-25 05:52:46,821 [pool-27-thread-1] INFO  impl.RaftServerImpl (RaftServerImpl.java:setRole(174)) - 0bbc1277-be6f-4bf3-88cf-1c3b12e139ad@group-5C54A8351410: changes role from      null to FOLLOWER at term 0 for startAsFollower
2019-09-25 05:52:46,820 [5be219b2-97fd-4a8c-91ea-b15aa89454d4@group-B56EBFBAB971-SegmentedRaftLogWorker] INFO  impl.RaftServerImpl (RaftServerImpl.java:lambda$shutdown$3(251)) - 5be219b2-97fd-4a8c-91ea-b15aa89454d4@group-B56EBFBAB971: shutdown
2019-09-25 05:52:46,524 [754f3588-47e6-41ad-b34e-eb7041cce070@group-C3114859B4D1-SegmentedRaftLogWorker] INFO  impl.RaftServerImpl (RaftServerImpl.java:lambda$shutdown$3(251)) - 754f3588-47e6-41ad-b34e-eb7041cce070@group-C3114859B4D1: shutdown
2019-09-25 05:52:46,524 [5be219b2-97fd-4a8c-91ea-b15aa89454d4@group-463BFAA6248D-SegmentedRaftLogWorker] INFO  impl.RaftServerImpl (RaftServerImpl.java:lambda$shutdown$3(251)) - 5be219b2-97fd-4a8c-91ea-b15aa89454d4@group-463BFAA6248D: shutdown
2019-09-25 05:52:46,524 [0bbc1277-be6f-4bf3-88cf-1c3b12e139ad@group-257556E8FEBB-SegmentedRaftLogWorker] INFO  impl.RaftServerImpl (RaftServerImpl.java:lambda$shutdown$3(251)) - 0bbc1277-be6f-4bf3-88cf-1c3b12e139ad@group-257556E8FEBB: shutdown
2019-09-25 05:52:46,524 [754f3588-47e6-41ad-b34e-eb7041cce070@group-8904BE2F6653-SegmentedRaftLogWorker] INFO  impl.RaftServerImpl (RaftServerImpl.java:lambda$shutdown$3(251)) - 754f3588-47e6-41ad-b34e-eb7041cce070@group-8904BE2F6653: shutdown
2019-09-25 05:52:46,524 [754f3588-47e6-41ad-b34e-eb7041cce070@group-4C3D0E1A45D5-SegmentedRaftLogWorker] INFO  impl.RaftServerImpl (RaftServerImpl.java:lambda$shutdown$3(251)) - 754f3588-47e6-41ad-b34e-eb7041cce070@group-4C3D0E1A45D5: shutdown
2019-09-25 05:52:46,523 [754f3588-47e6-41ad-b34e-eb7041cce070@group-C59E6E433298-SegmentedRaftLogWorker] INFO  impl.RaftServerImpl (RaftServerImpl.java:lambda$shutdown$3(251)) - 754f3588-47e6-41ad-b34e-eb7041cce070@group-C59E6E433298: shutdown
2019-09-25 05:52:46,523 [5be219b2-97fd-4a8c-91ea-b15aa89454d4@group-CB6A65C6BA0C-SegmentedRaftLogWorker] INFO  impl.RaftServerImpl (RaftServerImpl.java:lambda$shutdown$3(251)) - 5be219b2-97fd-4a8c-91ea-b15aa89454d4@group-CB6A65C6BA0C: shutdown
2019-09-25 05:52:46,523 [0bbc1277-be6f-4bf3-88cf-1c3b12e139ad@group-EAB65D37406F-SegmentedRaftLogWorker] INFO  impl.RaftServerImpl (RaftServerImpl.java:lambda$shutdown$3(251)) - 0bbc1277-be6f-4bf3-88cf-1c3b12e139ad@group-EAB65D37406F: shutdown
2019-09-25 05:52:46,523 [0bbc1277-be6f-4bf3-88cf-1c3b12e139ad@group-8A0701C6A3A8-SegmentedRaftLogWorker] INFO  impl.RaftServerImpl (RaftServerImpl.java:lambda$shutdown$3(251)) - 0bbc1277-be6f-4bf3-88cf-1c3b12e139ad@group-8A0701C6A3A8: shutdown
2019-09-25 05:52:46,523 [0bbc1277-be6f-4bf3-88cf-1c3b12e139ad@group-460933B656CC-SegmentedRaftLogWorker] INFO  impl.RaftServerImpl (RaftServerImpl.java:lambda$shutdown$3(251)) - 0bbc1277-be6f-4bf3-88cf-1c3b12e139ad@group-460933B656CC: shutdown
2019-09-25 05:52:46,522 [5be219b2-97fd-4a8c-91ea-b15aa89454d4@group-38D98D4419BA-SegmentedRaftLogWorker] INFO  impl.RaftServerImpl (RaftServerImpl.java:lambda$shutdown$3(251)) - 5be219b2-97fd-4a8c-91ea-b15aa89454d4@group-38D98D4419BA: shutdown
2019-09-25 05:52:46,522 [5be219b2-97fd-4a8c-91ea-b15aa89454d4@group-2F77B981F125-SegmentedRaftLogWorker] INFO  impl.RaftServerImpl (RaftServerImpl.java:lambda$shutdown$3(251)) - 5be219b2-97fd-4a8c-91ea-b15aa89454d4@group-2F77B981F125: shutdown
2019-09-25 05:52:46,522 [0bbc1277-be6f-4bf3-88cf-1c3b12e139ad@group-19A6A27F62D9-SegmentedRaftLogWorker] INFO  impl.RaftServerImpl (RaftServerImpl.java:lambda$shutdown$3(251)) - 0bbc1277-be6f-4bf3-88cf-1c3b12e139ad@group-19A6A27F62D9: shutdown
2019-09-25 05:52:46,522 [5be219b2-97fd-4a8c-91ea-b15aa89454d4@group-33B7851AF354-SegmentedRaftLogWorker] INFO  util.JmxRegister (JmxRegister.java:unregister(73)) - Successfully un-registered JMX Bean with object name Ratis:service=RaftServer,group=group-33B7851AF354,id=5be219b2-97fd-4a8c-91ea-b15aa89454d4
2019-09-25 05:52:46,522 [5be219b2-97fd-4a8c-91ea-b15aa89454d4@group-955671A74EC5-SegmentedRaftLogWorker] INFO  impl.RaftServerImpl (RaftServerImpl.java:lambda$shutdown$3(251)) - 5be219b2-97fd-4a8c-91ea-b15aa89454d4@group-955671A74EC5: shutdown
2019-09-25 05:52:46,521 [0bbc1277-be6f-4bf3-88cf-1c3b12e139ad@group-703D5E58E916-SegmentedRaftLogWorker] INFO  impl.RaftServerImpl (RaftServerImpl.java:lambda$shutdown$3(251)) - 0bbc1277-be6f-4bf3-88cf-1c3b12e139ad@group-703D5E58E916: shutdown
2019-09-25 05:52:46,965 [0bbc1277-be6f-4bf3-88cf-1c3b12e139ad@group-703D5E58E916-SegmentedRaftLogWorker] INFO  util.JmxRegister (JmxRegister.java:unregister(73)) - Successfully un-registered JMX Bean with object name Ratis:service=RaftServer,group=group-703D5E58E916,id=0bbc1277-be6f-4bf3-88cf-1c3b12e139ad
2019-09-25 05:52:46,521 [0bbc1277-be6f-4bf3-88cf-1c3b12e139ad@group-513E1586D88B-SegmentedRaftLogWorker] INFO  impl.RaftServerImpl (RaftServerImpl.java:lambda$shutdown$3(251)) - 0bbc1277-be6f-4bf3-88cf-1c3b12e139ad@group-513E1586D88B: shutdown
2019-09-25 05:52:46,521 [5be219b2-97fd-4a8c-91ea-b15aa89454d4@group-8EFB222D9B87-SegmentedRaftLogWorker] INFO  util.JmxRegister (JmxRegister.java:unregister(73)) - Successfully un-registered JMX Bean with object name Ratis:service=RaftServer,group=group-8EFB222D9B87,id=5be219b2-97fd-4a8c-91ea-b15aa89454d4
2019-09-25 05:52:46,966 [5be219b2-97fd-4a8c-91ea-b15aa89454d4@group-8EFB222D9B87-SegmentedRaftLogWorker] INFO  impl.RoleInfo (RoleInfo.java:shutdownLeaderState(104)) - 5be219b2-97fd-4a8c-91ea-b15aa89454d4: shutdown LeaderState
2019-09-25 05:52:46,521 [5be219b2-97fd-4a8c-91ea-b15aa89454d4@group-DED6F7C08979-SegmentedRaftLogWorker] INFO  impl.RaftServerImpl (RaftServerImpl.java:lambda$shutdown$3(251)) - 5be219b2-97fd-4a8c-91ea-b15aa89454d4@group-DED6F7C08979: shutdown
2019-09-25 05:52:46,520 [754f3588-47e6-41ad-b34e-eb7041cce070@group-ECF48C7AF352-SegmentedRaftLogWorker] INFO  impl.RaftServerImpl (RaftServerImpl.java:lambda$shutdown$3(251)) - 754f3588-47e6-41ad-b34e-eb7041cce070@group-ECF48C7AF352: shutdown
2019-09-25 05:52:46,520 [0bbc1277-be6f-4bf3-88cf-1c3b12e139ad@group-12BFCBBA8C97-SegmentedRaftLogWorker] INFO  util.JmxRegister (JmxRegister.java:unregister(73)) - Successfully un-registered JMX Bean with object name Ratis:service=RaftServer,group=group-12BFCBBA8C97,id=0bbc1277-be6f-4bf3-88cf-1c3b12e139ad
2019-09-25 05:52:46,520 [754f3588-47e6-41ad-b34e-eb7041cce070@group-8A7557A8C55D-SegmentedRaftLogWorker] INFO  util.JmxRegister (JmxRegister.java:unregister(73)) - Successfully un-registered JMX Bean with object name Ratis:service=RaftServer,group=group-8A7557A8C55D,id=754f3588-47e6-41ad-b34e-eb7041cce070
2019-09-25 05:52:46,967 [754f3588-47e6-41ad-b34e-eb7041cce070@group-8A7557A8C55D-SegmentedRaftLogWorker] INFO  impl.RoleInfo (RoleInfo.java:shutdownLeaderState(104)) - 754f3588-47e6-41ad-b34e-eb7041cce070: shutdown LeaderState
2019-09-25 05:52:46,519 [0bbc1277-be6f-4bf3-88cf-1c3b12e139ad@group-65B12A733142-SegmentedRaftLogWorker] INFO  impl.RaftServerImpl (RaftServerImpl.java:lambda$shutdown$3(251)) - 0bbc1277-be6f-4bf3-88cf-1c3b12e139ad@group-65B12A733142: shutdown
2019-09-25 05:52:46,519 [0bbc1277-be6f-4bf3-88cf-1c3b12e139ad@group-13CCC1715FDD-SegmentedRaftLogWorker] INFO  impl.RaftServerImpl (RaftServerImpl.java:lambda$shutdown$3(251)) - 0bbc1277-be6f-4bf3-88cf-1c3b12e139ad@group-13CCC1715FDD: shutdown
2019-09-25 05:52:46,519 [754f3588-47e6-41ad-b34e-eb7041cce070@group-A2252AB6FA12-SegmentedRaftLogWorker] INFO  impl.RaftServerImpl (RaftServerImpl.java:lambda$shutdown$3(251)) - 754f3588-47e6-41ad-b34e-eb7041cce070@group-A2252AB6FA12: shutdown
2019-09-25 05:52:46,519 [0bbc1277-be6f-4bf3-88cf-1c3b12e139ad@group-82B8C547FB12-SegmentedRaftLogWorker] INFO  impl.RaftServerImpl (RaftServerImpl.java:lambda$shutdown$3(251)) - 0bbc1277-be6f-4bf3-88cf-1c3b12e139ad@group-82B8C547FB12: shutdown
2019-09-25 05:52:46,518 [754f3588-47e6-41ad-b34e-eb7041cce070@group-22F58638F634-SegmentedRaftLogWorker] INFO  util.JmxRegister (JmxRegister.java:unregister(73)) - Successfully un-registered JMX Bean with object name Ratis:service=RaftServer,group=group-22F58638F634,id=754f3588-47e6-41ad-b34e-eb7041cce070
2019-09-25 05:52:46,967 [754f3588-47e6-41ad-b34e-eb7041cce070@group-22F58638F634-SegmentedRaftLogWorker] INFO  impl.RoleInfo (RoleInfo.java:shutdownLeaderState(104)) - 754f3588-47e6-41ad-b34e-eb7041cce070: shutdown LeaderState
2019-09-25 05:52:46,518 [754f3588-47e6-41ad-b34e-eb7041cce070@group-BD472D801032-SegmentedRaftLogWorker] INFO  impl.RaftServerImpl (RaftServerImpl.java:lambda$shutdown$3(251)) - 754f3588-47e6-41ad-b34e-eb7041cce070@group-BD472D801032: shutdown
2019-09-25 05:52:46,518 [5be219b2-97fd-4a8c-91ea-b15aa89454d4@group-962CE1515C19-SegmentedRaftLogWorker] INFO  impl.RaftServerImpl (RaftServerImpl.java:lambda$shutdown$3(251)) - 5be219b2-97fd-4a8c-91ea-b15aa89454d4@group-962CE1515C19: shutdown
2019-09-25 05:52:46,517 [5be219b2-97fd-4a8c-91ea-b15aa89454d4@group-68BF0268EAE0-SegmentedRaftLogWorker] INFO  impl.RaftServerImpl (RaftServerImpl.java:lambda$shutdown$3(251)) - 5be219b2-97fd-4a8c-91ea-b15aa89454d4@group-68BF0268EAE0: shutdown
2019-09-25 05:52:46,517 [5be219b2-97fd-4a8c-91ea-b15aa89454d4@group-C9565C519C1A-SegmentedRaftLogWorker] INFO  impl.RaftServerImpl (RaftServerImpl.java:lambda$shutdown$3(251)) - 5be219b2-97fd-4a8c-91ea-b15aa89454d4@group-C9565C519C1A: shutdown
2019-09-25 05:52:46,517 [5be219b2-97fd-4a8c-91ea-b15aa89454d4@group-9A6E2FA63B89-SegmentedRaftLogWorker] INFO  util.JmxRegister (JmxRegister.java:unregister(73)) - Successfully un-registered JMX Bean with object name Ratis:service=RaftServer,group=group-9A6E2FA63B89,id=5be219b2-97fd-4a8c-91ea-b15aa89454d4
2019-09-25 05:52:46,968 [5be219b2-97fd-4a8c-91ea-b15aa89454d4@group-9A6E2FA63B89-SegmentedRaftLogWorker] INFO  impl.RoleInfo (RoleInfo.java:shutdownLeaderState(104)) - 5be219b2-97fd-4a8c-91ea-b15aa89454d4: shutdown LeaderState
2019-09-25 05:52:46,517 [754f3588-47e6-41ad-b34e-eb7041cce070@group-71DC1F77229B-SegmentedRaftLogWorker] INFO  impl.RaftServerImpl (RaftServerImpl.java:lambda$shutdown$3(251)) - 754f3588-47e6-41ad-b34e-eb7041cce070@group-71DC1F77229B: shutdown
2019-09-25 05:52:46,516 [0bbc1277-be6f-4bf3-88cf-1c3b12e139ad@group-C8E21141DA1D-SegmentedRaftLogWorker] INFO  impl.RaftServerImpl (RaftServerImpl.java:lambda$shutdown$3(251)) - 0bbc1277-be6f-4bf3-88cf-1c3b12e139ad@group-C8E21141DA1D: shutdown
2019-09-25 05:52:46,516 [0bbc1277-be6f-4bf3-88cf-1c3b12e139ad@group-3B0A252CE86D-SegmentedRaftLogWorker] INFO  impl.RaftServerImpl (RaftServerImpl.java:lambda$shutdown$3(251)) - 0bbc1277-be6f-4bf3-88cf-1c3b12e139ad@group-3B0A252CE86D: shutdown
2019-09-25 05:52:46,516 [5be219b2-97fd-4a8c-91ea-b15aa89454d4@group-51FF8E54341D-SegmentedRaftLogWorker] INFO  impl.RaftServerImpl (RaftServerImpl.java:lambda$shutdown$3(251)) - 5be219b2-97fd-4a8c-91ea-b15aa89454d4@group-51FF8E54341D: shutdown
2019-09-25 05:52:46,516 [5be219b2-97fd-4a8c-91ea-b15aa89454d4@group-0B6C19AFD170-SegmentedRaftLogWorker] INFO  impl.RaftServerImpl (RaftServerImpl.java:lambda$shutdown$3(251)) - 5be219b2-97fd-4a8c-91ea-b15aa89454d4@group-0B6C19AFD170: shutdown
2019-09-25 05:52:46,505 [5be219b2-97fd-4a8c-91ea-b15aa89454d4@group-594F27088C27-SegmentedRaftLogWorker] INFO  impl.RaftServerImpl (RaftServerImpl.java:lambda$shutdown$3(251)) - 5be219b2-97fd-4a8c-91ea-b15aa89454d4@group-594F27088C27: shutdown
2019-09-25 05:52:46,505 [0bbc1277-be6f-4bf3-88cf-1c3b12e139ad@group-0529369CD838-SegmentedRaftLogWorker] INFO  impl.RaftServerImpl (RaftServerImpl.java:lambda$shutdown$3(251)) - 0bbc1277-be6f-4bf3-88cf-1c3b12e139ad@group-0529369CD838: shutdown
2019-09-25 05:52:46,505 [pool-47-thread-1] INFO  impl.RaftServerImpl (RaftServerImpl.java:<init>(95)) - 754f3588-47e6-41ad-b34e-eb7041cce070: new RaftServerImpl for group-1D49C32E6057:[754f3588-47e6-41ad-b34e-eb7041cce070:192.168.30.10:41089, 0bbc1277-be6f-4bf3-88cf-1c3b12e139ad:192.168.30.10:46701, 5be219b2-97fd-4a8c-91ea-b15aa89454d4:192.168.30.10:40625] with ContainerStateMachine:uninitialized
2019-09-25 05:52:46,505 [5be219b2-97fd-4a8c-91ea-b15aa89454d4@group-C916076952F9:LeaderElection125] INFO  impl.RaftServerImpl (ServerState.java:setRaftConf(354)) - 5be219b2-97fd-4a8c-91ea-b15aa89454d4@group-C916076952F9: set configuration 0: [5be219b2-97fd-4a8c-91ea-b15aa89454d4:192.168.30.10:40625], old=null at 0
2019-09-25 05:52:46,505 [5be219b2-97fd-4a8c-91ea-b15aa89454d4@group-2FF12999A258:LeaderElection128] INFO  segmented.SegmentedRaftLogWorker (SegmentedRaftLogWorker.java:startLogSegment(380)) - 5be219b2-97fd-4a8c-91ea-b15aa89454d4@group-2FF12999A258-SegmentedRaftLogWorker: Starting segment from index:0
2019-09-25 05:52:46,504 [5be219b2-97fd-4a8c-91ea-b15aa89454d4@group-144250B2D26F:LeaderElection122] INFO  impl.RaftServerImpl (ServerState.java:setRaftConf(354)) - 5be219b2-97fd-4a8c-91ea-b15aa89454d4@group-144250B2D26F: set configuration 0: [5be219b2-97fd-4a8c-91ea-b15aa89454d4:192.168.30.10:40625], old=null at 0
2019-09-25 05:52:46,504 [pool-37-thread-1] INFO  impl.RaftServerImpl (RaftServerImpl.java:<init>(95)) - 5be219b2-97fd-4a8c-91ea-b15aa89454d4: new RaftServerImpl for group-1D49C32E6057:[754f3588-47e6-41ad-b34e-eb7041cce070:192.168.30.10:41089, 0bbc1277-be6f-4bf3-88cf-1c3b12e139ad:192.168.30.10:46701, 5be219b2-97fd-4a8c-91ea-b15aa89454d4:192.168.30.10:40625] with ContainerStateMachine:uninitialized
2019-09-25 05:52:46,969 [pool-47-thread-1] INFO  server.RaftServerConfigKeys (ConfUtils.java:logGet(43)) - raft.server.rpc.timeout.min = 5s (custom)
2019-09-25 05:52:46,970 [pool-47-thread-1] INFO  server.RaftServerConfigKeys (ConfUtils.java:logGet(43)) - raft.server.rpc.timeout.max = 5200ms (custom)
2019-09-25 05:52:46,969 [0bbc1277-be6f-4bf3-88cf-1c3b12e139ad@group-0529369CD838-SegmentedRaftLogWorker] INFO  util.JmxRegister (JmxRegister.java:unregister(73)) - Successfully un-registered JMX Bean with object name Ratis:service=RaftServer,group=group-0529369CD838,id=0bbc1277-be6f-4bf3-88cf-1c3b12e139ad
2019-09-25 05:52:46,969 [5be219b2-97fd-4a8c-91ea-b15aa89454d4@group-594F27088C27-SegmentedRaftLogWorker] INFO  util.JmxRegister (JmxRegister.java:unregister(73)) - Successfully un-registered JMX Bean with object name Ratis:service=RaftServer,group=group-594F27088C27,id=5be219b2-97fd-4a8c-91ea-b15aa89454d4
2019-09-25 05:52:47,145 [5be219b2-97fd-4a8c-91ea-b15aa89454d4@group-594F27088C27-SegmentedRaftLogWorker] INFO  impl.RoleInfo (RoleInfo.java:shutdownLeaderState(104)) - 5be219b2-97fd-4a8c-91ea-b15aa89454d4: shutdown LeaderState
2019-09-25 05:52:46,969 [5be219b2-97fd-4a8c-91ea-b15aa89454d4@group-0B6C19AFD170-SegmentedRaftLogWorker] INFO  util.JmxRegister (JmxRegister.java:unregister(73)) - Successfully un-registered JMX Bean with object name Ratis:service=RaftServer,group=group-0B6C19AFD170,id=5be219b2-97fd-4a8c-91ea-b15aa89454d4
2019-09-25 05:52:47,145 [5be219b2-97fd-4a8c-91ea-b15aa89454d4@group-0B6C19AFD170-SegmentedRaftLogWorker] INFO  impl.RoleInfo (RoleInfo.java:shutdownLeaderState(104)) - 5be219b2-97fd-4a8c-91ea-b15aa89454d4: shutdown LeaderState
2019-09-25 05:52:46,969 [5be219b2-97fd-4a8c-91ea-b15aa89454d4@group-51FF8E54341D-SegmentedRaftLogWorker] INFO  util.JmxRegister (JmxRegister.java:unregister(73)) - Successfully un-registered JMX Bean with object name Ratis:service=RaftServer,group=group-51FF8E54341D,id=5be219b2-97fd-4a8c-91ea-b15aa89454d4
2019-09-25 05:52:46,969 [0bbc1277-be6f-4bf3-88cf-1c3b12e139ad@group-3B0A252CE86D-SegmentedRaftLogWorker] INFO  util.JmxRegister (JmxRegister.java:unregister(73)) - Successfully un-registered JMX Bean with object name Ratis:service=RaftServer,group=group-3B0A252CE86D,id=0bbc1277-be6f-4bf3-88cf-1c3b12e139ad
2019-09-25 05:52:46,968 [0bbc1277-be6f-4bf3-88cf-1c3b12e139ad@group-C8E21141DA1D-SegmentedRaftLogWorker] INFO  util.JmxRegister (JmxRegister.java:unregister(73)) - Successfully un-registered JMX Bean with object name Ratis:service=RaftServer,group=group-C8E21141DA1D,id=0bbc1277-be6f-4bf3-88cf-1c3b12e139ad
2019-09-25 05:52:46,968 [754f3588-47e6-41ad-b34e-eb7041cce070@group-71DC1F77229B-SegmentedRaftLogWorker] INFO  util.JmxRegister (JmxRegister.java:unregister(73)) - Successfully un-registered JMX Bean with object name Ratis:service=RaftServer,group=group-71DC1F77229B,id=754f3588-47e6-41ad-b34e-eb7041cce070
2019-09-25 05:52:46,968 [5be219b2-97fd-4a8c-91ea-b15aa89454d4@group-9A6E2FA63B89-SegmentedRaftLogWorker] INFO  impl.PendingRequests (PendingRequests.java:sendNotLeaderResponses(202)) - 5be219b2-97fd-4a8c-91ea-b15aa89454d4-PendingRequests: sendNotLeaderResponses
2019-09-25 05:52:46,968 [5be219b2-97fd-4a8c-91ea-b15aa89454d4@group-C9565C519C1A-SegmentedRaftLogWorker] INFO  util.JmxRegister (JmxRegister.java:unregister(73)) - Successfully un-registered JMX Bean with object name Ratis:service=RaftServer,group=group-C9565C519C1A,id=5be219b2-97fd-4a8c-91ea-b15aa89454d4
2019-09-25 05:52:46,968 [5be219b2-97fd-4a8c-91ea-b15aa89454d4@group-68BF0268EAE0-SegmentedRaftLogWorker] INFO  util.JmxRegister (JmxRegister.java:unregister(73)) - Successfully un-registered JMX Bean with object name Ratis:service=RaftServer,group=group-68BF0268EAE0,id=5be219b2-97fd-4a8c-91ea-b15aa89454d4
2019-09-25 05:52:47,146 [5be219b2-97fd-4a8c-91ea-b15aa89454d4@group-68BF0268EAE0-SegmentedRaftLogWorker] INFO  impl.RoleInfo (RoleInfo.java:shutdownLeaderState(104)) - 5be219b2-97fd-4a8c-91ea-b15aa89454d4: shutdown LeaderState
2019-09-25 05:52:46,968 [5be219b2-97fd-4a8c-91ea-b15aa89454d4@group-962CE1515C19-SegmentedRaftLogWorker] INFO  util.JmxRegister (JmxRegister.java:unregister(73)) - Successfully un-registered JMX Bean with object name Ratis:service=RaftServer,group=group-962CE1515C19,id=5be219b2-97fd-4a8c-91ea-b15aa89454d4
2019-09-25 05:52:46,968 [754f3588-47e6-41ad-b34e-eb7041cce070@group-BD472D801032-SegmentedRaftLogWorker] INFO  util.JmxRegister (JmxRegister.java:unregister(73)) - Successfully un-registered JMX Bean with object name Ratis:service=RaftServer,group=group-BD472D801032,id=754f3588-47e6-41ad-b34e-eb7041cce070
2019-09-25 05:52:46,968 [754f3588-47e6-41ad-b34e-eb7041cce070@group-22F58638F634-SegmentedRaftLogWorker] INFO  impl.PendingRequests (PendingRequests.java:sendNotLeaderResponses(202)) - 754f3588-47e6-41ad-b34e-eb7041cce070-PendingRequests: sendNotLeaderResponses
2019-09-25 05:52:46,967 [0bbc1277-be6f-4bf3-88cf-1c3b12e139ad@group-82B8C547FB12-SegmentedRaftLogWorker] INFO  util.JmxRegister (JmxRegister.java:unregister(73)) - Successfully un-registered JMX Bean with object name Ratis:service=RaftServer,group=group-82B8C547FB12,id=0bbc1277-be6f-4bf3-88cf-1c3b12e139ad
2019-09-25 05:52:46,967 [754f3588-47e6-41ad-b34e-eb7041cce070@group-A2252AB6FA12-SegmentedRaftLogWorker] INFO  util.JmxRegister (JmxRegister.java:unregister(73)) - Successfully un-registered JMX Bean with object name Ratis:service=RaftServer,group=group-A2252AB6FA12,id=754f3588-47e6-41ad-b34e-eb7041cce070
2019-09-25 05:52:47,147 [754f3588-47e6-41ad-b34e-eb7041cce070@group-A2252AB6FA12-SegmentedRaftLogWorker] INFO  impl.RoleInfo (RoleInfo.java:shutdownLeaderState(104)) - 754f3588-47e6-41ad-b34e-eb7041cce070: shutdown LeaderState
2019-09-25 05:52:46,967 [0bbc1277-be6f-4bf3-88cf-1c3b12e139ad@group-13CCC1715FDD-SegmentedRaftLogWorker] INFO  util.JmxRegister (JmxRegister.java:unregister(73)) - Successfully un-registered JMX Bean with object name Ratis:service=RaftServer,group=group-13CCC1715FDD,id=0bbc1277-be6f-4bf3-88cf-1c3b12e139ad
2019-09-25 05:52:47,147 [0bbc1277-be6f-4bf3-88cf-1c3b12e139ad@group-13CCC1715FDD-SegmentedRaftLogWorker] INFO  impl.RoleInfo (RoleInfo.java:shutdownLeaderState(104)) - 0bbc1277-be6f-4bf3-88cf-1c3b12e139ad: shutdown LeaderState
2019-09-25 05:52:46,967 [0bbc1277-be6f-4bf3-88cf-1c3b12e139ad@group-65B12A733142-SegmentedRaftLogWorker] INFO  util.JmxRegister (JmxRegister.java:unregister(73)) - Successfully un-registered JMX Bean with object name Ratis:service=RaftServer,group=group-65B12A733142,id=0bbc1277-be6f-4bf3-88cf-1c3b12e139ad
2019-09-25 05:52:46,967 [754f3588-47e6-41ad-b34e-eb7041cce070@group-8A7557A8C55D-SegmentedRaftLogWorker] INFO  impl.PendingRequests (PendingRequests.java:sendNotLeaderResponses(202)) - 754f3588-47e6-41ad-b34e-eb7041cce070-PendingRequests: sendNotLeaderResponses
2019-09-25 05:52:46,966 [0bbc1277-be6f-4bf3-88cf-1c3b12e139ad@group-12BFCBBA8C97-SegmentedRaftLogWorker] INFO  impl.RoleInfo (RoleInfo.java:shutdownLeaderState(104)) - 0bbc1277-be6f-4bf3-88cf-1c3b12e139ad: shutdown LeaderState
2019-09-25 05:52:46,966 [754f3588-47e6-41ad-b34e-eb7041cce070@group-ECF48C7AF352-SegmentedRaftLogWorker] INFO  util.JmxRegister (JmxRegister.java:unregister(73)) - Successfully un-registered JMX Bean with object name Ratis:service=RaftServer,group=group-ECF48C7AF352,id=754f3588-47e6-41ad-b34e-eb7041cce070
2019-09-25 05:52:46,966 [5be219b2-97fd-4a8c-91ea-b15aa89454d4@group-DED6F7C08979-SegmentedRaftLogWorker] INFO  util.JmxRegister (JmxRegister.java:unregister(73)) - Successfully un-registered JMX Bean with object name Ratis:service=RaftServer,group=group-DED6F7C08979,id=5be219b2-97fd-4a8c-91ea-b15aa89454d4
2019-09-25 05:52:47,148 [5be219b2-97fd-4a8c-91ea-b15aa89454d4@group-DED6F7C08979-SegmentedRaftLogWorker] INFO  impl.RoleInfo (RoleInfo.java:shutdownLeaderState(104)) - 5be219b2-97fd-4a8c-91ea-b15aa89454d4: shutdown LeaderState
2019-09-25 05:52:46,966 [5be219b2-97fd-4a8c-91ea-b15aa89454d4@group-8EFB222D9B87-SegmentedRaftLogWorker] INFO  impl.PendingRequests (PendingRequests.java:sendNotLeaderResponses(202)) - 5be219b2-97fd-4a8c-91ea-b15aa89454d4-PendingRequests: sendNotLeaderResponses
2019-09-25 05:52:46,966 [0bbc1277-be6f-4bf3-88cf-1c3b12e139ad@group-513E1586D88B-SegmentedRaftLogWorker] INFO  util.JmxRegister (JmxRegister.java:unregister(73)) - Successfully un-registered JMX Bean with object name Ratis:service=RaftServer,group=group-513E1586D88B,id=0bbc1277-be6f-4bf3-88cf-1c3b12e139ad
2019-09-25 05:52:46,966 [0bbc1277-be6f-4bf3-88cf-1c3b12e139ad@group-703D5E58E916-SegmentedRaftLogWorker] INFO  impl.RoleInfo (RoleInfo.java:shutdownLeaderState(104)) - 0bbc1277-be6f-4bf3-88cf-1c3b12e139ad: shutdown LeaderState
2019-09-25 05:52:46,965 [5be219b2-97fd-4a8c-91ea-b15aa89454d4@group-955671A74EC5-SegmentedRaftLogWorker] INFO  util.JmxRegister (JmxRegister.java:unregister(73)) - Successfully un-registered JMX Bean with object name Ratis:service=RaftServer,group=group-955671A74EC5,id=5be219b2-97fd-4a8c-91ea-b15aa89454d4
2019-09-25 05:52:46,965 [5be219b2-97fd-4a8c-91ea-b15aa89454d4@group-33B7851AF354-SegmentedRaftLogWorker] INFO  impl.RoleInfo (RoleInfo.java:shutdownLeaderState(104)) - 5be219b2-97fd-4a8c-91ea-b15aa89454d4: shutdown LeaderState
2019-09-25 05:52:46,965 [0bbc1277-be6f-4bf3-88cf-1c3b12e139ad@group-19A6A27F62D9-SegmentedRaftLogWorker] INFO  util.JmxRegister (JmxRegister.java:unregister(73)) - Successfully un-registered JMX Bean with object name Ratis:service=RaftServer,group=group-19A6A27F62D9,id=0bbc1277-be6f-4bf3-88cf-1c3b12e139ad
2019-09-25 05:52:46,965 [5be219b2-97fd-4a8c-91ea-b15aa89454d4@group-2F77B981F125-SegmentedRaftLogWorker] INFO  util.JmxRegister (JmxRegister.java:unregister(73)) - Successfully un-registered JMX Bean with object name Ratis:service=RaftServer,group=group-2F77B981F125,id=5be219b2-97fd-4a8c-91ea-b15aa89454d4
2019-09-25 05:52:46,965 [5be219b2-97fd-4a8c-91ea-b15aa89454d4@group-38D98D4419BA-SegmentedRaftLogWorker] INFO  util.JmxRegister (JmxRegister.java:unregister(73)) - Successfully un-registered JMX Bean with object name Ratis:service=RaftServer,group=group-38D98D4419BA,id=5be219b2-97fd-4a8c-91ea-b15aa89454d4
2019-09-25 05:52:47,149 [5be219b2-97fd-4a8c-91ea-b15aa89454d4@group-38D98D4419BA-SegmentedRaftLogWorker] INFO  impl.RoleInfo (RoleInfo.java:shutdownLeaderState(104)) - 5be219b2-97fd-4a8c-91ea-b15aa89454d4: shutdown LeaderState
2019-09-25 05:52:46,965 [0bbc1277-be6f-4bf3-88cf-1c3b12e139ad@group-460933B656CC-SegmentedRaftLogWorker] INFO  util.JmxRegister (JmxRegister.java:unregister(73)) - Successfully un-registered JMX Bean with object name Ratis:service=RaftServer,group=group-460933B656CC,id=0bbc1277-be6f-4bf3-88cf-1c3b12e139ad
2019-09-25 05:52:46,965 [0bbc1277-be6f-4bf3-88cf-1c3b12e139ad@group-8A0701C6A3A8-SegmentedRaftLogWorker] INFO  util.JmxRegister (JmxRegister.java:unregister(73)) - Successfully un-registered JMX Bean with object name Ratis:service=RaftServer,group=group-8A0701C6A3A8,id=0bbc1277-be6f-4bf3-88cf-1c3b12e139ad
2019-09-25 05:52:46,964 [0bbc1277-be6f-4bf3-88cf-1c3b12e139ad@group-EAB65D37406F-SegmentedRaftLogWorker] INFO  util.JmxRegister (JmxRegister.java:unregister(73)) - Successfully un-registered JMX Bean with object name Ratis:service=RaftServer,group=group-EAB65D37406F,id=0bbc1277-be6f-4bf3-88cf-1c3b12e139ad
2019-09-25 05:52:46,964 [5be219b2-97fd-4a8c-91ea-b15aa89454d4@group-CB6A65C6BA0C-SegmentedRaftLogWorker] INFO  util.JmxRegister (JmxRegister.java:unregister(73)) - Successfully un-registered JMX Bean with object name Ratis:service=RaftServer,group=group-CB6A65C6BA0C,id=5be219b2-97fd-4a8c-91ea-b15aa89454d4
2019-09-25 05:52:46,964 [754f3588-47e6-41ad-b34e-eb7041cce070@group-C59E6E433298-SegmentedRaftLogWorker] INFO  util.JmxRegister (JmxRegister.java:unregister(73)) - Successfully un-registered JMX Bean with object name Ratis:service=RaftServer,group=group-C59E6E433298,id=754f3588-47e6-41ad-b34e-eb7041cce070
2019-09-25 05:52:47,150 [754f3588-47e6-41ad-b34e-eb7041cce070@group-C59E6E433298-SegmentedRaftLogWorker] INFO  impl.RoleInfo (RoleInfo.java:shutdownLeaderState(104)) - 754f3588-47e6-41ad-b34e-eb7041cce070: shutdown LeaderState
2019-09-25 05:52:46,964 [754f3588-47e6-41ad-b34e-eb7041cce070@group-4C3D0E1A45D5-SegmentedRaftLogWorker] INFO  util.JmxRegister (JmxRegister.java:unregister(73)) - Successfully un-registered JMX Bean with object name Ratis:service=RaftServer,group=group-4C3D0E1A45D5,id=754f3588-47e6-41ad-b34e-eb7041cce070
2019-09-25 05:52:46,964 [754f3588-47e6-41ad-b34e-eb7041cce070@group-8904BE2F6653-SegmentedRaftLogWorker] INFO  util.JmxRegister (JmxRegister.java:unregister(73)) - Successfully un-registered JMX Bean with object name Ratis:service=RaftServer,group=group-8904BE2F6653,id=754f3588-47e6-41ad-b34e-eb7041cce070
2019-09-25 05:52:46,964 [0bbc1277-be6f-4bf3-88cf-1c3b12e139ad@group-257556E8FEBB-SegmentedRaftLogWorker] INFO  util.JmxRegister (JmxRegister.java:unregister(73)) - Successfully un-registered JMX Bean with object name Ratis:service=RaftServer,group=group-257556E8FEBB,id=0bbc1277-be6f-4bf3-88cf-1c3b12e139ad
2019-09-25 05:52:46,964 [5be219b2-97fd-4a8c-91ea-b15aa89454d4@group-463BFAA6248D-SegmentedRaftLogWorker] INFO  util.JmxRegister (JmxRegister.java:unregister(73)) - Successfully un-registered JMX Bean with object name Ratis:service=RaftServer,group=group-463BFAA6248D,id=5be219b2-97fd-4a8c-91ea-b15aa89454d4
2019-09-25 05:52:46,964 [754f3588-47e6-41ad-b34e-eb7041cce070@group-C3114859B4D1-SegmentedRaftLogWorker] INFO  util.JmxRegister (JmxRegister.java:unregister(73)) - Successfully un-registered JMX Bean with object name Ratis:service=RaftServer,group=group-C3114859B4D1,id=754f3588-47e6-41ad-b34e-eb7041cce070
2019-09-25 05:52:46,963 [5be219b2-97fd-4a8c-91ea-b15aa89454d4@group-B56EBFBAB971-SegmentedRaftLogWorker] INFO  util.JmxRegister (JmxRegister.java:unregister(73)) - Successfully un-registered JMX Bean with object name Ratis:service=RaftServer,group=group-B56EBFBAB971,id=5be219b2-97fd-4a8c-91ea-b15aa89454d4
2019-09-25 05:52:47,151 [5be219b2-97fd-4a8c-91ea-b15aa89454d4@group-B56EBFBAB971-SegmentedRaftLogWorker] INFO  impl.RoleInfo (RoleInfo.java:shutdownLeaderState(104)) - 5be219b2-97fd-4a8c-91ea-b15aa89454d4: shutdown LeaderState
2019-09-25 05:52:46,963 [pool-27-thread-1] INFO  impl.RoleInfo (RoleInfo.java:updateAndGet(143)) - 0bbc1277-be6f-4bf3-88cf-1c3b12e139ad: start FollowerState
2019-09-25 05:52:47,151 [5be219b2-97fd-4a8c-91ea-b15aa89454d4@group-B56EBFBAB971-SegmentedRaftLogWorker] INFO  impl.PendingRequests (PendingRequests.java:sendNotLeaderResponses(202)) - 5be219b2-97fd-4a8c-91ea-b15aa89454d4-PendingRequests: sendNotLeaderResponses
2019-09-25 05:52:47,151 [754f3588-47e6-41ad-b34e-eb7041cce070@group-C3114859B4D1-SegmentedRaftLogWorker] INFO  impl.RoleInfo (RoleInfo.java:shutdownLeaderState(104)) - 754f3588-47e6-41ad-b34e-eb7041cce070: shutdown LeaderState
2019-09-25 05:52:47,151 [5be219b2-97fd-4a8c-91ea-b15aa89454d4@group-463BFAA6248D-SegmentedRaftLogWorker] INFO  impl.RoleInfo (RoleInfo.java:shutdownLeaderState(104)) - 5be219b2-97fd-4a8c-91ea-b15aa89454d4: shutdown LeaderState
2019-09-25 05:52:47,151 [0bbc1277-be6f-4bf3-88cf-1c3b12e139ad@group-257556E8FEBB-SegmentedRaftLogWorker] INFO  impl.RoleInfo (RoleInfo.java:shutdownLeaderState(104)) - 0bbc1277-be6f-4bf3-88cf-1c3b12e139ad: shutdown LeaderState
2019-09-25 05:52:47,150 [754f3588-47e6-41ad-b34e-eb7041cce070@group-8904BE2F6653-SegmentedRaftLogWorker] INFO  impl.RoleInfo (RoleInfo.java:shutdownLeaderState(104)) - 754f3588-47e6-41ad-b34e-eb7041cce070: shutdown LeaderState
2019-09-25 05:52:47,150 [754f3588-47e6-41ad-b34e-eb7041cce070@group-4C3D0E1A45D5-SegmentedRaftLogWorker] INFO  impl.RoleInfo (RoleInfo.java:shutdownLeaderState(104)) - 754f3588-47e6-41ad-b34e-eb7041cce070: shutdown LeaderState
2019-09-25 05:52:47,150 [754f3588-47e6-41ad-b34e-eb7041cce070@group-C59E6E433298-SegmentedRaftLogWorker] INFO  impl.PendingRequests (PendingRequests.java:sendNotLeaderResponses(202)) - 754f3588-47e6-41ad-b34e-eb7041cce070-PendingRequests: sendNotLeaderResponses
2019-09-25 05:52:47,150 [5be219b2-97fd-4a8c-91ea-b15aa89454d4@group-CB6A65C6BA0C-SegmentedRaftLogWorker] INFO  impl.RoleInfo (RoleInfo.java:shutdownLeaderState(104)) - 5be219b2-97fd-4a8c-91ea-b15aa89454d4: shutdown LeaderState
2019-09-25 05:52:47,150 [0bbc1277-be6f-4bf3-88cf-1c3b12e139ad@group-EAB65D37406F-SegmentedRaftLogWorker] INFO  impl.RoleInfo (RoleInfo.java:shutdownLeaderState(104)) - 0bbc1277-be6f-4bf3-88cf-1c3b12e139ad: shutdown LeaderState
2019-09-25 05:52:47,150 [0bbc1277-be6f-4bf3-88cf-1c3b12e139ad@group-8A0701C6A3A8-SegmentedRaftLogWorker] INFO  impl.RoleInfo (RoleInfo.java:shutdownLeaderState(104)) - 0bbc1277-be6f-4bf3-88cf-1c3b12e139ad: shutdown LeaderState
2019-09-25 05:52:47,150 [0bbc1277-be6f-4bf3-88cf-1c3b12e139ad@group-460933B656CC-SegmentedRaftLogWorker] INFO  impl.RoleInfo (RoleInfo.java:shutdownLeaderState(104)) - 0bbc1277-be6f-4bf3-88cf-1c3b12e139ad: shutdown LeaderState
2019-09-25 05:52:47,150 [5be219b2-97fd-4a8c-91ea-b15aa89454d4@group-38D98D4419BA-SegmentedRaftLogWorker] INFO  impl.PendingRequests (PendingRequests.java:sendNotLeaderResponses(202)) - 5be219b2-97fd-4a8c-91ea-b15aa89454d4-PendingRequests: sendNotLeaderResponses
2019-09-25 05:52:47,149 [5be219b2-97fd-4a8c-91ea-b15aa89454d4@group-2F77B981F125-SegmentedRaftLogWorker] INFO  impl.RoleInfo (RoleInfo.java:shutdownLeaderState(104)) - 5be219b2-97fd-4a8c-91ea-b15aa89454d4: shutdown LeaderState
2019-09-25 05:52:47,149 [0bbc1277-be6f-4bf3-88cf-1c3b12e139ad@group-19A6A27F62D9-SegmentedRaftLogWorker] INFO  impl.RoleInfo (RoleInfo.java:shutdownLeaderState(104)) - 0bbc1277-be6f-4bf3-88cf-1c3b12e139ad: shutdown LeaderState
2019-09-25 05:52:47,149 [5be219b2-97fd-4a8c-91ea-b15aa89454d4@group-33B7851AF354-SegmentedRaftLogWorker] INFO  impl.PendingRequests (PendingRequests.java:sendNotLeaderResponses(202)) - 5be219b2-97fd-4a8c-91ea-b15aa89454d4-PendingRequests: sendNotLeaderResponses
2019-09-25 05:52:47,149 [5be219b2-97fd-4a8c-91ea-b15aa89454d4@group-955671A74EC5-SegmentedRaftLogWorker] INFO  impl.RoleInfo (RoleInfo.java:shutdownLeaderState(104)) - 5be219b2-97fd-4a8c-91ea-b15aa89454d4: shutdown LeaderState
2019-09-25 05:52:47,153 [5be219b2-97fd-4a8c-91ea-b15aa89454d4@group-33B7851AF354-SegmentedRaftLogWorker] INFO  impl.StateMachineUpdater (StateMachineUpdater.java:stopAndJoin(125)) - 5be219b2-97fd-4a8c-91ea-b15aa89454d4@group-33B7851AF354-StateMachineUpdater: set stopIndex = -1
2019-09-25 05:52:47,149 [0bbc1277-be6f-4bf3-88cf-1c3b12e139ad@group-703D5E58E916-SegmentedRaftLogWorker] INFO  impl.PendingRequests (PendingRequests.java:sendNotLeaderResponses(202)) - 0bbc1277-be6f-4bf3-88cf-1c3b12e139ad-PendingRequests: sendNotLeaderResponses
2019-09-25 05:52:47,149 [0bbc1277-be6f-4bf3-88cf-1c3b12e139ad@group-513E1586D88B-SegmentedRaftLogWorker] INFO  impl.RoleInfo (RoleInfo.java:shutdownLeaderState(104)) - 0bbc1277-be6f-4bf3-88cf-1c3b12e139ad: shutdown LeaderState
2019-09-25 05:52:47,149 [5be219b2-97fd-4a8c-91ea-b15aa89454d4@group-8EFB222D9B87-SegmentedRaftLogWorker] INFO  impl.StateMachineUpdater (StateMachineUpdater.java:stopAndJoin(125)) - 5be219b2-97fd-4a8c-91ea-b15aa89454d4@group-8EFB222D9B87-StateMachineUpdater: set stopIndex = -1
2019-09-25 05:52:47,149 [5be219b2-97fd-4a8c-91ea-b15aa89454d4@group-DED6F7C08979-SegmentedRaftLogWorker] INFO  impl.PendingRequests (PendingRequests.java:sendNotLeaderResponses(202)) - 5be219b2-97fd-4a8c-91ea-b15aa89454d4-PendingRequests: sendNotLeaderResponses
2019-09-25 05:52:47,148 [754f3588-47e6-41ad-b34e-eb7041cce070@group-ECF48C7AF352-SegmentedRaftLogWorker] INFO  impl.RoleInfo (RoleInfo.java:shutdownLeaderState(104)) - 754f3588-47e6-41ad-b34e-eb7041cce070: shutdown LeaderState
2019-09-25 05:52:47,148 [0bbc1277-be6f-4bf3-88cf-1c3b12e139ad@group-12BFCBBA8C97-SegmentedRaftLogWorker] INFO  impl.PendingRequests (PendingRequests.java:sendNotLeaderResponses(202)) - 0bbc1277-be6f-4bf3-88cf-1c3b12e139ad-PendingRequests: sendNotLeaderResponses
2019-09-25 05:52:47,148 [754f3588-47e6-41ad-b34e-eb7041cce070@group-8A7557A8C55D-SegmentedRaftLogWorker] INFO  impl.StateMachineUpdater (StateMachineUpdater.java:stopAndJoin(125)) - 754f3588-47e6-41ad-b34e-eb7041cce070@group-8A7557A8C55D-StateMachineUpdater: set stopIndex = -1
2019-09-25 05:52:47,154 [0bbc1277-be6f-4bf3-88cf-1c3b12e139ad@group-12BFCBBA8C97-SegmentedRaftLogWorker] INFO  impl.StateMachineUpdater (StateMachineUpdater.java:stopAndJoin(125)) - 0bbc1277-be6f-4bf3-88cf-1c3b12e139ad@group-12BFCBBA8C97-StateMachineUpdater: set stopIndex = -1
2019-09-25 05:52:47,148 [0bbc1277-be6f-4bf3-88cf-1c3b12e139ad@group-65B12A733142-SegmentedRaftLogWorker] INFO  impl.RoleInfo (RoleInfo.java:shutdownLeaderState(104)) - 0bbc1277-be6f-4bf3-88cf-1c3b12e139ad: shutdown LeaderState
2019-09-25 05:52:47,148 [0bbc1277-be6f-4bf3-88cf-1c3b12e139ad@group-13CCC1715FDD-SegmentedRaftLogWorker] INFO  impl.PendingRequests (PendingRequests.java:sendNotLeaderResponses(202)) - 0bbc1277-be6f-4bf3-88cf-1c3b12e139ad-PendingRequests: sendNotLeaderResponses
2019-09-25 05:52:47,147 [754f3588-47e6-41ad-b34e-eb7041cce070@group-A2252AB6FA12-SegmentedRaftLogWorker] INFO  impl.PendingRequests (PendingRequests.java:sendNotLeaderResponses(202)) - 754f3588-47e6-41ad-b34e-eb7041cce070-PendingRequests: sendNotLeaderResponses
2019-09-25 05:52:47,147 [0bbc1277-be6f-4bf3-88cf-1c3b12e139ad@group-82B8C547FB12-SegmentedRaftLogWorker] INFO  impl.RoleInfo (RoleInfo.java:shutdownLeaderState(104)) - 0bbc1277-be6f-4bf3-88cf-1c3b12e139ad: shutdown LeaderState
2019-09-25 05:52:47,155 [754f3588-47e6-41ad-b34e-eb7041cce070@group-A2252AB6FA12-SegmentedRaftLogWorker] INFO  impl.StateMachineUpdater (StateMachineUpdater.java:stopAndJoin(125)) - 754f3588-47e6-41ad-b34e-eb7041cce070@group-A2252AB6FA12-StateMachineUpdater: set stopIndex = -1
2019-09-25 05:52:47,147 [754f3588-47e6-41ad-b34e-eb7041cce070@group-22F58638F634-SegmentedRaftLogWorker] INFO  impl.StateMachineUpdater (StateMachineUpdater.java:stopAndJoin(125)) - 754f3588-47e6-41ad-b34e-eb7041cce070@group-22F58638F634-StateMachineUpdater: set stopIndex = -1
2019-09-25 05:52:47,147 [754f3588-47e6-41ad-b34e-eb7041cce070@group-BD472D801032-SegmentedRaftLogWorker] INFO  impl.RoleInfo (RoleInfo.java:shutdownLeaderState(104)) - 754f3588-47e6-41ad-b34e-eb7041cce070: shutdown LeaderState
2019-09-25 05:52:47,147 [5be219b2-97fd-4a8c-91ea-b15aa89454d4@group-962CE1515C19-SegmentedRaftLogWorker] INFO  impl.RoleInfo (RoleInfo.java:shutdownLeaderState(104)) - 5be219b2-97fd-4a8c-91ea-b15aa89454d4: shutdown LeaderState
2019-09-25 05:52:47,146 [5be219b2-97fd-4a8c-91ea-b15aa89454d4@group-68BF0268EAE0-SegmentedRaftLogWorker] INFO  impl.PendingRequests (PendingRequests.java:sendNotLeaderResponses(202)) - 5be219b2-97fd-4a8c-91ea-b15aa89454d4-PendingRequests: sendNotLeaderResponses
2019-09-25 05:52:47,146 [5be219b2-97fd-4a8c-91ea-b15aa89454d4@group-9A6E2FA63B89-SegmentedRaftLogWorker] INFO  impl.StateMachineUpdater (StateMachineUpdater.java:stopAndJoin(125)) - 5be219b2-97fd-4a8c-91ea-b15aa89454d4@group-9A6E2FA63B89-StateMachineUpdater: set stopIndex = -1
2019-09-25 05:52:47,146 [5be219b2-97fd-4a8c-91ea-b15aa89454d4@group-C9565C519C1A-SegmentedRaftLogWorker] INFO  impl.RoleInfo (RoleInfo.java:shutdownLeaderState(104)) - 5be219b2-97fd-4a8c-91ea-b15aa89454d4: shutdown LeaderState
2019-09-25 05:52:47,146 [754f3588-47e6-41ad-b34e-eb7041cce070@group-71DC1F77229B-SegmentedRaftLogWorker] INFO  impl.RoleInfo (RoleInfo.java:shutdownLeaderState(104)) - 754f3588-47e6-41ad-b34e-eb7041cce070: shutdown LeaderState
2019-09-25 05:52:47,146 [0bbc1277-be6f-4bf3-88cf-1c3b12e139ad@group-C8E21141DA1D-SegmentedRaftLogWorker] INFO  impl.RoleInfo (RoleInfo.java:shutdownLeaderState(104)) - 0bbc1277-be6f-4bf3-88cf-1c3b12e139ad: shutdown LeaderState
2019-09-25 05:52:47,146 [0bbc1277-be6f-4bf3-88cf-1c3b12e139ad@group-3B0A252CE86D-SegmentedRaftLogWorker] INFO  impl.RoleInfo (RoleInfo.java:shutdownLeaderState(104)) - 0bbc1277-be6f-4bf3-88cf-1c3b12e139ad: shutdown LeaderState
2019-09-25 05:52:47,145 [5be219b2-97fd-4a8c-91ea-b15aa89454d4@group-51FF8E54341D-SegmentedRaftLogWorker] INFO  impl.RoleInfo (RoleInfo.java:shutdownLeaderState(104)) - 5be219b2-97fd-4a8c-91ea-b15aa89454d4: shutdown LeaderState
2019-09-25 05:52:47,145 [5be219b2-97fd-4a8c-91ea-b15aa89454d4@group-0B6C19AFD170-SegmentedRaftLogWorker] INFO  impl.PendingRequests (PendingRequests.java:sendNotLeaderResponses(202)) - 5be219b2-97fd-4a8c-91ea-b15aa89454d4-PendingRequests: sendNotLeaderResponses
2019-09-25 05:52:47,145 [5be219b2-97fd-4a8c-91ea-b15aa89454d4@group-594F27088C27-SegmentedRaftLogWorker] INFO  impl.PendingRequests (PendingRequests.java:sendNotLeaderResponses(202)) - 5be219b2-97fd-4a8c-91ea-b15aa89454d4-PendingRequests: sendNotLeaderResponses
2019-09-25 05:52:47,145 [0bbc1277-be6f-4bf3-88cf-1c3b12e139ad@group-0529369CD838-SegmentedRaftLogWorker] INFO  impl.RoleInfo (RoleInfo.java:shutdownLeaderState(104)) - 0bbc1277-be6f-4bf3-88cf-1c3b12e139ad: shutdown LeaderState
2019-09-25 05:52:47,157 [5be219b2-97fd-4a8c-91ea-b15aa89454d4@group-594F27088C27-SegmentedRaftLogWorker] INFO  impl.StateMachineUpdater (StateMachineUpdater.java:stopAndJoin(125)) - 5be219b2-97fd-4a8c-91ea-b15aa89454d4@group-594F27088C27-StateMachineUpdater: set stopIndex = -1
2019-09-25 05:52:47,144 [pool-47-thread-1] INFO  server.RaftServerConfigKeys (ConfUtils.java:logGet(43)) - raft.server.rpcslowness.timeout = 120s (custom)
2019-09-25 05:52:47,144 [5be219b2-97fd-4a8c-91ea-b15aa89454d4@group-2FF12999A258:LeaderElection128] INFO  impl.RaftServerImpl (ServerState.java:setRaftConf(354)) - 5be219b2-97fd-4a8c-91ea-b15aa89454d4@group-2FF12999A258: set configuration 0: [5be219b2-97fd-4a8c-91ea-b15aa89454d4:192.168.30.10:40625], old=null at 0
2019-09-25 05:52:46,970 [pool-37-thread-1] INFO  server.RaftServerConfigKeys (ConfUtils.java:logGet(43)) - raft.server.rpc.timeout.min = 5s (custom)
2019-09-25 05:52:47,157 [5be219b2-97fd-4a8c-91ea-b15aa89454d4@group-594F27088C27-SegmentedRaftLogWorker] INFO  impl.RaftServerImpl (ServerState.java:close(385)) - 5be219b2-97fd-4a8c-91ea-b15aa89454d4@group-594F27088C27: closes. applyIndex: -1
2019-09-25 05:52:47,157 [pool-47-thread-1] INFO  server.RaftServerConfigKeys (ConfUtils.java:logGet(43)) - raft.server.sleep.deviation.threshold = 300 (default)
2019-09-25 05:52:47,158 [5be219b2-97fd-4a8c-91ea-b15aa89454d4@group-594F27088C27-SegmentedRaftLogWorker] INFO  segmented.SegmentedRaftLogWorker (SegmentedRaftLogWorker.java:close(228)) - 5be219b2-97fd-4a8c-91ea-b15aa89454d4@group-594F27088C27-SegmentedRaftLogWorker close()
2019-09-25 05:52:47,157 [0bbc1277-be6f-4bf3-88cf-1c3b12e139ad@group-0529369CD838-SegmentedRaftLogWorker] INFO  impl.PendingRequests (PendingRequests.java:sendNotLeaderResponses(202)) - 0bbc1277-be6f-4bf3-88cf-1c3b12e139ad-PendingRequests: sendNotLeaderResponses
2019-09-25 05:52:47,157 [5be219b2-97fd-4a8c-91ea-b15aa89454d4@group-0B6C19AFD170-SegmentedRaftLogWorker] INFO  impl.StateMachineUpdater (StateMachineUpdater.java:stopAndJoin(125)) - 5be219b2-97fd-4a8c-91ea-b15aa89454d4@group-0B6C19AFD170-StateMachineUpdater: set stopIndex = -1
2019-09-25 05:52:47,164 [5be219b2-97fd-4a8c-91ea-b15aa89454d4@group-0B6C19AFD170-SegmentedRaftLogWorker] INFO  impl.RaftServerImpl (ServerState.java:close(385)) - 5be219b2-97fd-4a8c-91ea-b15aa89454d4@group-0B6C19AFD170: closes. applyIndex: -1
2019-09-25 05:52:47,164 [0bbc1277-be6f-4bf3-88cf-1c3b12e139ad@group-0529369CD838-SegmentedRaftLogWorker] INFO  impl.StateMachineUpdater (StateMachineUpdater.java:stopAndJoin(125)) - 0bbc1277-be6f-4bf3-88cf-1c3b12e139ad@group-0529369CD838-StateMachineUpdater: set stopIndex = -1
2019-09-25 05:52:47,157 [5be219b2-97fd-4a8c-91ea-b15aa89454d4@group-51FF8E54341D-SegmentedRaftLogWorker] INFO  impl.PendingRequests (PendingRequests.java:sendNotLeaderResponses(202)) - 5be219b2-97fd-4a8c-91ea-b15aa89454d4-PendingRequests: sendNotLeaderResponses
2019-09-25 05:52:47,156 [0bbc1277-be6f-4bf3-88cf-1c3b12e139ad@group-3B0A252CE86D-SegmentedRaftLogWorker] INFO  impl.PendingRequests (PendingRequests.java:sendNotLeaderResponses(202)) - 0bbc1277-be6f-4bf3-88cf-1c3b12e139ad-PendingRequests: sendNotLeaderResponses
2019-09-25 05:52:47,164 [5be219b2-97fd-4a8c-91ea-b15aa89454d4@group-51FF8E54341D-SegmentedRaftLogWorker] INFO  impl.StateMachineUpdater (StateMachineUpdater.java:stopAndJoin(125)) - 5be219b2-97fd-4a8c-91ea-b15aa89454d4@group-51FF8E54341D-StateMachineUpdater: set stopIndex = -1
2019-09-25 05:52:47,156 [0bbc1277-be6f-4bf3-88cf-1c3b12e139ad@group-C8E21141DA1D-SegmentedRaftLogWorker] INFO  impl.PendingRequests (PendingRequests.java:sendNotLeaderResponses(202)) - 0bbc1277-be6f-4bf3-88cf-1c3b12e139ad-PendingRequests: sendNotLeaderResponses
2019-09-25 05:52:47,156 [754f3588-47e6-41ad-b34e-eb7041cce070@group-71DC1F77229B-SegmentedRaftLogWorker] INFO  impl.PendingRequests (PendingRequests.java:sendNotLeaderResponses(202)) - 754f3588-47e6-41ad-b34e-eb7041cce070-PendingRequests: sendNotLeaderResponses
2019-09-25 05:52:47,165 [5be219b2-97fd-4a8c-91ea-b15aa89454d4@group-51FF8E54341D-SegmentedRaftLogWorker] INFO  impl.RaftServerImpl (ServerState.java:close(385)) - 5be219b2-97fd-4a8c-91ea-b15aa89454d4@group-51FF8E54341D: closes. applyIndex: -1
2019-09-25 05:52:47,156 [5be219b2-97fd-4a8c-91ea-b15aa89454d4@group-C9565C519C1A-SegmentedRaftLogWorker] INFO  impl.PendingRequests (PendingRequests.java:sendNotLeaderResponses(202)) - 5be219b2-97fd-4a8c-91ea-b15aa89454d4-PendingRequests: sendNotLeaderResponses
2019-09-25 05:52:47,156 [5be219b2-97fd-4a8c-91ea-b15aa89454d4@group-9A6E2FA63B89-SegmentedRaftLogWorker] INFO  impl.RaftServerImpl (ServerState.java:close(385)) - 5be219b2-97fd-4a8c-91ea-b15aa89454d4@group-9A6E2FA63B89: closes. applyIndex: -1
2019-09-25 05:52:47,156 [5be219b2-97fd-4a8c-91ea-b15aa89454d4@group-68BF0268EAE0-SegmentedRaftLogWorker] INFO  impl.StateMachineUpdater (StateMachineUpdater.java:stopAndJoin(125)) - 5be219b2-97fd-4a8c-91ea-b15aa89454d4@group-68BF0268EAE0-StateMachineUpdater: set stopIndex = -1
2019-09-25 05:52:47,165 [5be219b2-97fd-4a8c-91ea-b15aa89454d4@group-68BF0268EAE0-SegmentedRaftLogWorker] INFO  impl.RaftServerImpl (ServerState.java:close(385)) - 5be219b2-97fd-4a8c-91ea-b15aa89454d4@group-68BF0268EAE0: closes. applyIndex: -1
2019-09-25 05:52:47,156 [5be219b2-97fd-4a8c-91ea-b15aa89454d4@group-962CE1515C19-SegmentedRaftLogWorker] INFO  impl.PendingRequests (PendingRequests.java:sendNotLeaderResponses(202)) - 5be219b2-97fd-4a8c-91ea-b15aa89454d4-PendingRequests: sendNotLeaderResponses
2019-09-25 05:52:47,155 [754f3588-47e6-41ad-b34e-eb7041cce070@group-BD472D801032-SegmentedRaftLogWorker] INFO  impl.PendingRequests (PendingRequests.java:sendNotLeaderResponses(202)) - 754f3588-47e6-41ad-b34e-eb7041cce070-PendingRequests: sendNotLeaderResponses
2019-09-25 05:52:47,155 [754f3588-47e6-41ad-b34e-eb7041cce070@group-22F58638F634-SegmentedRaftLogWorker] INFO  impl.RaftServerImpl (ServerState.java:close(385)) - 754f3588-47e6-41ad-b34e-eb7041cce070@group-22F58638F634: closes. applyIndex: -1
2019-09-25 05:52:47,155 [754f3588-47e6-41ad-b34e-eb7041cce070@group-A2252AB6FA12-SegmentedRaftLogWorker] INFO  impl.RaftServerImpl (ServerState.java:close(385)) - 754f3588-47e6-41ad-b34e-eb7041cce070@group-A2252AB6FA12: closes. applyIndex: -1
2019-09-25 05:52:47,155 [0bbc1277-be6f-4bf3-88cf-1c3b12e139ad@group-82B8C547FB12-SegmentedRaftLogWorker] INFO  impl.PendingRequests (PendingRequests.java:sendNotLeaderResponses(202)) - 0bbc1277-be6f-4bf3-88cf-1c3b12e139ad-PendingRequests: sendNotLeaderResponses
2019-09-25 05:52:47,155 [0bbc1277-be6f-4bf3-88cf-1c3b12e139ad@group-13CCC1715FDD-SegmentedRaftLogWorker] INFO  impl.StateMachineUpdater (StateMachineUpdater.java:stopAndJoin(125)) - 0bbc1277-be6f-4bf3-88cf-1c3b12e139ad@group-13CCC1715FDD-StateMachineUpdater: set stopIndex = -1
2019-09-25 05:52:47,166 [0bbc1277-be6f-4bf3-88cf-1c3b12e139ad@group-13CCC1715FDD-SegmentedRaftLogWorker] INFO  impl.RaftServerImpl (ServerState.java:close(385)) - 0bbc1277-be6f-4bf3-88cf-1c3b12e139ad@group-13CCC1715FDD: closes. applyIndex: -1
2019-09-25 05:52:47,155 [0bbc1277-be6f-4bf3-88cf-1c3b12e139ad@group-12BFCBBA8C97-SegmentedRaftLogWorker] INFO  impl.RaftServerImpl (ServerState.java:close(385)) - 0bbc1277-be6f-4bf3-88cf-1c3b12e139ad@group-12BFCBBA8C97: closes. applyIndex: -1
2019-09-25 05:52:47,155 [0bbc1277-be6f-4bf3-88cf-1c3b12e139ad@group-65B12A733142-SegmentedRaftLogWorker] INFO  impl.PendingRequests (PendingRequests.java:sendNotLeaderResponses(202)) - 0bbc1277-be6f-4bf3-88cf-1c3b12e139ad-PendingRequests: sendNotLeaderResponses
2019-09-25 05:52:47,154 [754f3588-47e6-41ad-b34e-eb7041cce070@group-8A7557A8C55D-SegmentedRaftLogWorker] INFO  impl.RaftServerImpl (ServerState.java:close(385)) - 754f3588-47e6-41ad-b34e-eb7041cce070@group-8A7557A8C55D: closes. applyIndex: -1
2019-09-25 05:52:47,167 [0bbc1277-be6f-4bf3-88cf-1c3b12e139ad@group-65B12A733142-SegmentedRaftLogWorker] INFO  impl.StateMachineUpdater (StateMachineUpdater.java:stopAndJoin(125)) - 0bbc1277-be6f-4bf3-88cf-1c3b12e139ad@group-65B12A733142-StateMachineUpdater: set stopIndex = -1
2019-09-25 05:52:47,167 [754f3588-47e6-41ad-b34e-eb7041cce070@group-8A7557A8C55D-SegmentedRaftLogWorker] INFO  segmented.SegmentedRaftLogWorker (SegmentedRaftLogWorker.java:close(228)) - 754f3588-47e6-41ad-b34e-eb7041cce070@group-8A7557A8C55D-SegmentedRaftLogWorker close()
2019-09-25 05:52:47,154 [754f3588-47e6-41ad-b34e-eb7041cce070@group-ECF48C7AF352-SegmentedRaftLogWorker] INFO  impl.PendingRequests (PendingRequests.java:sendNotLeaderResponses(202)) - 754f3588-47e6-41ad-b34e-eb7041cce070-PendingRequests: sendNotLeaderResponses
2019-09-25 05:52:47,154 [5be219b2-97fd-4a8c-91ea-b15aa89454d4@group-DED6F7C08979-SegmentedRaftLogWorker] INFO  impl.StateMachineUpdater (StateMachineUpdater.java:stopAndJoin(125)) - 5be219b2-97fd-4a8c-91ea-b15aa89454d4@group-DED6F7C08979-StateMachineUpdater: set stopIndex = -1
2019-09-25 05:52:47,172 [5be219b2-97fd-4a8c-91ea-b15aa89454d4@group-DED6F7C08979-SegmentedRaftLogWorker] INFO  impl.RaftServerImpl (ServerState.java:close(385)) - 5be219b2-97fd-4a8c-91ea-b15aa89454d4@group-DED6F7C08979: closes. applyIndex: -1
2019-09-25 05:52:47,154 [5be219b2-97fd-4a8c-91ea-b15aa89454d4@group-8EFB222D9B87-SegmentedRaftLogWorker] INFO  impl.RaftServerImpl (ServerState.java:close(385)) - 5be219b2-97fd-4a8c-91ea-b15aa89454d4@group-8EFB222D9B87: closes. applyIndex: -1
2019-09-25 05:52:47,154 [0bbc1277-be6f-4bf3-88cf-1c3b12e139ad@group-513E1586D88B-SegmentedRaftLogWorker] INFO  impl.PendingRequests (PendingRequests.java:sendNotLeaderResponses(202)) - 0bbc1277-be6f-4bf3-88cf-1c3b12e139ad-PendingRequests: sendNotLeaderResponses
2019-09-25 05:52:47,154 [0bbc1277-be6f-4bf3-88cf-1c3b12e139ad@group-703D5E58E916-SegmentedRaftLogWorker] INFO  impl.StateMachineUpdater (StateMachineUpdater.java:stopAndJoin(125)) - 0bbc1277-be6f-4bf3-88cf-1c3b12e139ad@group-703D5E58E916-StateMachineUpdater: set stopIndex = -1
2019-09-25 05:52:47,153 [5be219b2-97fd-4a8c-91ea-b15aa89454d4@group-33B7851AF354-SegmentedRaftLogWorker] INFO  impl.RaftServerImpl (ServerState.java:close(385)) - 5be219b2-97fd-4a8c-91ea-b15aa89454d4@group-33B7851AF354: closes. applyIndex: -1
2019-09-25 05:52:47,153 [5be219b2-97fd-4a8c-91ea-b15aa89454d4@group-955671A74EC5-SegmentedRaftLogWorker] INFO  impl.PendingRequests (PendingRequests.java:sendNotLeaderResponses(202)) - 5be219b2-97fd-4a8c-91ea-b15aa89454d4-PendingRequests: sendNotLeaderResponses
2019-09-25 05:52:47,173 [5be219b2-97fd-4a8c-91ea-b15aa89454d4@group-33B7851AF354-SegmentedRaftLogWorker] INFO  segmented.SegmentedRaftLogWorker (SegmentedRaftLogWorker.java:close(228)) - 5be219b2-97fd-4a8c-91ea-b15aa89454d4@group-33B7851AF354-SegmentedRaftLogWorker close()
2019-09-25 05:52:47,153 [0bbc1277-be6f-4bf3-88cf-1c3b12e139ad@group-19A6A27F62D9-SegmentedRaftLogWorker] INFO  impl.PendingRequests (PendingRequests.java:sendNotLeaderResponses(202)) - 0bbc1277-be6f-4bf3-88cf-1c3b12e139ad-PendingRequests: sendNotLeaderResponses
2019-09-25 05:52:47,153 [5be219b2-97fd-4a8c-91ea-b15aa89454d4@group-2F77B981F125-SegmentedRaftLogWorker] INFO  impl.PendingRequests (PendingRequests.java:sendNotLeaderResponses(202)) - 5be219b2-97fd-4a8c-91ea-b15aa89454d4-PendingRequests: sendNotLeaderResponses
2019-09-25 05:52:47,153 [5be219b2-97fd-4a8c-91ea-b15aa89454d4@group-38D98D4419BA-SegmentedRaftLogWorker] INFO  impl.StateMachineUpdater (StateMachineUpdater.java:stopAndJoin(125)) - 5be219b2-97fd-4a8c-91ea-b15aa89454d4@group-38D98D4419BA-StateMachineUpdater: set stopIndex = -1
2019-09-25 05:52:47,193 [5be219b2-97fd-4a8c-91ea-b15aa89454d4@group-38D98D4419BA-SegmentedRaftLogWorker] INFO  impl.RaftServerImpl (ServerState.java:close(385)) - 5be219b2-97fd-4a8c-91ea-b15aa89454d4@group-38D98D4419BA: closes. applyIndex: -1
2019-09-25 05:52:47,153 [0bbc1277-be6f-4bf3-88cf-1c3b12e139ad@group-460933B656CC-SegmentedRaftLogWorker] INFO  impl.PendingRequests (PendingRequests.java:sendNotLeaderResponses(202)) - 0bbc1277-be6f-4bf3-88cf-1c3b12e139ad-PendingRequests: sendNotLeaderResponses
2019-09-25 05:52:47,153 [0bbc1277-be6f-4bf3-88cf-1c3b12e139ad@group-8A0701C6A3A8-SegmentedRaftLogWorker] INFO  impl.PendingRequests (PendingRequests.java:sendNotLeaderResponses(202)) - 0bbc1277-be6f-4bf3-88cf-1c3b12e139ad-PendingRequests: sendNotLeaderResponses
2019-09-25 05:52:47,152 [0bbc1277-be6f-4bf3-88cf-1c3b12e139ad@group-EAB65D37406F-SegmentedRaftLogWorker] INFO  impl.PendingRequests (PendingRequests.java:sendNotLeaderResponses(202)) - 0bbc1277-be6f-4bf3-88cf-1c3b12e139ad-PendingRequests: sendNotLeaderResponses
2019-09-25 05:52:47,152 [5be219b2-97fd-4a8c-91ea-b15aa89454d4@group-CB6A65C6BA0C-SegmentedRaftLogWorker] INFO  impl.PendingRequests (PendingRequests.java:sendNotLeaderResponses(202)) - 5be219b2-97fd-4a8c-91ea-b15aa89454d4-PendingRequests: sendNotLeaderResponses
2019-09-25 05:52:47,152 [754f3588-47e6-41ad-b34e-eb7041cce070@group-C59E6E433298-SegmentedRaftLogWorker] INFO  impl.StateMachineUpdater (StateMachineUpdater.java:stopAndJoin(125)) - 754f3588-47e6-41ad-b34e-eb7041cce070@group-C59E6E433298-StateMachineUpdater: set stopIndex = -1
2019-09-25 05:52:47,194 [754f3588-47e6-41ad-b34e-eb7041cce070@group-C59E6E433298-SegmentedRaftLogWorker] INFO  impl.RaftServerImpl (ServerState.java:close(385)) - 754f3588-47e6-41ad-b34e-eb7041cce070@group-C59E6E433298: closes. applyIndex: -1
2019-09-25 05:52:47,152 [754f3588-47e6-41ad-b34e-eb7041cce070@group-4C3D0E1A45D5-SegmentedRaftLogWorker] INFO  impl.PendingRequests (PendingRequests.java:sendNotLeaderResponses(202)) - 754f3588-47e6-41ad-b34e-eb7041cce070-PendingRequests: sendNotLeaderResponses
2019-09-25 05:52:47,152 [754f3588-47e6-41ad-b34e-eb7041cce070@group-8904BE2F6653-SegmentedRaftLogWorker] INFO  impl.PendingRequests (PendingRequests.java:sendNotLeaderResponses(202)) - 754f3588-47e6-41ad-b34e-eb7041cce070-PendingRequests: sendNotLeaderResponses
2019-09-25 05:52:47,152 [0bbc1277-be6f-4bf3-88cf-1c3b12e139ad@group-257556E8FEBB-SegmentedRaftLogWorker] INFO  impl.PendingRequests (PendingRequests.java:sendNotLeaderResponses(202)) - 0bbc1277-be6f-4bf3-88cf-1c3b12e139ad-PendingRequests: sendNotLeaderResponses
2019-09-25 05:52:47,152 [5be219b2-97fd-4a8c-91ea-b15aa89454d4@group-463BFAA6248D-SegmentedRaftLogWorker] INFO  impl.PendingRequests (PendingRequests.java:sendNotLeaderResponses(202)) - 5be219b2-97fd-4a8c-91ea-b15aa89454d4-PendingRequests: sendNotLeaderResponses
2019-09-25 05:52:47,195 [0bbc1277-be6f-4bf3-88cf-1c3b12e139ad@group-257556E8FEBB-SegmentedRaftLogWorker] INFO  impl.StateMachineUpdater (StateMachineUpdater.java:stopAndJoin(125)) - 0bbc1277-be6f-4bf3-88cf-1c3b12e139ad@group-257556E8FEBB-StateMachineUpdater: set stopIndex = -1
2019-09-25 05:52:47,152 [pool-27-thread-1] INFO  util.JmxRegister (JmxRegister.java:tryRegister(44)) - Successfully registered JMX Bean with object name Ratis:service=RaftServer,group=group-5C54A8351410,id=0bbc1277-be6f-4bf3-88cf-1c3b12e139ad
2019-09-25 05:52:47,152 [754f3588-47e6-41ad-b34e-eb7041cce070@group-C3114859B4D1-SegmentedRaftLogWorker] INFO  impl.PendingRequests (PendingRequests.java:sendNotLeaderResponses(202)) - 754f3588-47e6-41ad-b34e-eb7041cce070-PendingRequests: sendNotLeaderResponses
2019-09-25 05:52:47,151 [5be219b2-97fd-4a8c-91ea-b15aa89454d4@group-B56EBFBAB971-SegmentedRaftLogWorker] INFO  impl.StateMachineUpdater (StateMachineUpdater.java:stopAndJoin(125)) - 5be219b2-97fd-4a8c-91ea-b15aa89454d4@group-B56EBFBAB971-StateMachineUpdater: set stopIndex = -1
2019-09-25 05:52:47,195 [754f3588-47e6-41ad-b34e-eb7041cce070@group-C3114859B4D1-SegmentedRaftLogWorker] INFO  impl.StateMachineUpdater (StateMachineUpdater.java:stopAndJoin(125)) - 754f3588-47e6-41ad-b34e-eb7041cce070@group-C3114859B4D1-StateMachineUpdater: set stopIndex = -1
2019-09-25 05:52:47,195 [5be219b2-97fd-4a8c-91ea-b15aa89454d4@group-463BFAA6248D-SegmentedRaftLogWorker] INFO  impl.StateMachineUpdater (StateMachineUpdater.java:stopAndJoin(125)) - 5be219b2-97fd-4a8c-91ea-b15aa89454d4@group-463BFAA6248D-StateMachineUpdater: set stopIndex = -1
2019-09-25 05:52:47,195 [754f3588-47e6-41ad-b34e-eb7041cce070@group-8904BE2F6653-SegmentedRaftLogWorker] INFO  impl.StateMachineUpdater (StateMachineUpdater.java:stopAndJoin(125)) - 754f3588-47e6-41ad-b34e-eb7041cce070@group-8904BE2F6653-StateMachineUpdater: set stopIndex = -1
2019-09-25 05:52:47,194 [754f3588-47e6-41ad-b34e-eb7041cce070@group-4C3D0E1A45D5-SegmentedRaftLogWorker] INFO  impl.StateMachineUpdater (StateMachineUpdater.java:stopAndJoin(125)) - 754f3588-47e6-41ad-b34e-eb7041cce070@group-4C3D0E1A45D5-StateMachineUpdater: set stopIndex = -1
2019-09-25 05:52:47,196 [754f3588-47e6-41ad-b34e-eb7041cce070@group-4C3D0E1A45D5-SegmentedRaftLogWorker] INFO  impl.RaftServerImpl (ServerState.java:close(385)) - 754f3588-47e6-41ad-b34e-eb7041cce070@group-4C3D0E1A45D5: closes. applyIndex: -1
2019-09-25 05:52:47,196 [754f3588-47e6-41ad-b34e-eb7041cce070@group-C3114859B4D1-SegmentedRaftLogWorker] INFO  impl.RaftServerImpl (ServerState.java:close(385)) - 754f3588-47e6-41ad-b34e-eb7041cce070@group-C3114859B4D1: closes. applyIndex: -1
2019-09-25 05:52:47,194 [5be219b2-97fd-4a8c-91ea-b15aa89454d4@group-CB6A65C6BA0C-SegmentedRaftLogWorker] INFO  impl.StateMachineUpdater (StateMachineUpdater.java:stopAndJoin(125)) - 5be219b2-97fd-4a8c-91ea-b15aa89454d4@group-CB6A65C6BA0C-StateMachineUpdater: set stopIndex = -1
2019-09-25 05:52:47,194 [754f3588-47e6-41ad-b34e-eb7041cce070@group-C59E6E433298-SegmentedRaftLogWorker] INFO  segmented.SegmentedRaftLogWorker (SegmentedRaftLogWorker.java:close(228)) - 754f3588-47e6-41ad-b34e-eb7041cce070@group-C59E6E433298-SegmentedRaftLogWorker close()
2019-09-25 05:52:47,194 [0bbc1277-be6f-4bf3-88cf-1c3b12e139ad@group-8A0701C6A3A8-SegmentedRaftLogWorker] INFO  impl.StateMachineUpdater (StateMachineUpdater.java:stopAndJoin(125)) - 0bbc1277-be6f-4bf3-88cf-1c3b12e139ad@group-8A0701C6A3A8-StateMachineUpdater: set stopIndex = -1
2019-09-25 05:52:47,194 [0bbc1277-be6f-4bf3-88cf-1c3b12e139ad@group-EAB65D37406F-SegmentedRaftLogWorker] INFO  impl.StateMachineUpdater (StateMachineUpdater.java:stopAndJoin(125)) - 0bbc1277-be6f-4bf3-88cf-1c3b12e139ad@group-EAB65D37406F-StateMachineUpdater: set stopIndex = -1
2019-09-25 05:52:47,194 [0bbc1277-be6f-4bf3-88cf-1c3b12e139ad@group-460933B656CC-SegmentedRaftLogWorker] INFO  impl.StateMachineUpdater (StateMachineUpdater.java:stopAndJoin(125)) - 0bbc1277-be6f-4bf3-88cf-1c3b12e139ad@group-460933B656CC-StateMachineUpdater: set stopIndex = -1
2019-09-25 05:52:47,194 [5be219b2-97fd-4a8c-91ea-b15aa89454d4@group-38D98D4419BA-SegmentedRaftLogWorker] INFO  segmented.SegmentedRaftLogWorker (SegmentedRaftLogWorker.java:close(228)) - 5be219b2-97fd-4a8c-91ea-b15aa89454d4@group-38D98D4419BA-SegmentedRaftLogWorker close()
2019-09-25 05:52:47,193 [5be219b2-97fd-4a8c-91ea-b15aa89454d4@group-2F77B981F125-SegmentedRaftLogWorker] INFO  impl.StateMachineUpdater (StateMachineUpdater.java:stopAndJoin(125)) - 5be219b2-97fd-4a8c-91ea-b15aa89454d4@group-2F77B981F125-StateMachineUpdater: set stopIndex = -1
2019-09-25 05:52:47,193 [0bbc1277-be6f-4bf3-88cf-1c3b12e139ad@group-19A6A27F62D9-SegmentedRaftLogWorker] INFO  impl.StateMachineUpdater (StateMachineUpdater.java:stopAndJoin(125)) - 0bbc1277-be6f-4bf3-88cf-1c3b12e139ad@group-19A6A27F62D9-StateMachineUpdater: set stopIndex = -1
2019-09-25 05:52:47,173 [5be219b2-97fd-4a8c-91ea-b15aa89454d4@group-955671A74EC5-SegmentedRaftLogWorker] INFO  impl.StateMachineUpdater (StateMachineUpdater.java:stopAndJoin(125)) - 5be219b2-97fd-4a8c-91ea-b15aa89454d4@group-955671A74EC5-StateMachineUpdater: set stopIndex = -1
2019-09-25 05:52:47,172 [0bbc1277-be6f-4bf3-88cf-1c3b12e139ad@group-703D5E58E916-SegmentedRaftLogWorker] INFO  impl.RaftServerImpl (ServerState.java:close(385)) - 0bbc1277-be6f-4bf3-88cf-1c3b12e139ad@group-703D5E58E916: closes. applyIndex: -1
2019-09-25 05:52:47,197 [pool-27-thread-1] INFO  impl.RaftServerImpl (RaftServerImpl.java:<init>(95)) - 0bbc1277-be6f-4bf3-88cf-1c3b12e139ad: new RaftServerImpl for group-1D49C32E6057:[754f3588-47e6-41ad-b34e-eb7041cce070:192.168.30.10:41089, 0bbc1277-be6f-4bf3-88cf-1c3b12e139ad:192.168.30.10:46701, 5be219b2-97fd-4a8c-91ea-b15aa89454d4:192.168.30.10:40625] with ContainerStateMachine:uninitialized
2019-09-25 05:52:47,172 [0bbc1277-be6f-4bf3-88cf-1c3b12e139ad@group-513E1586D88B-SegmentedRaftLogWorker] INFO  impl.StateMachineUpdater (StateMachineUpdater.java:stopAndJoin(125)) - 0bbc1277-be6f-4bf3-88cf-1c3b12e139ad@group-513E1586D88B-StateMachineUpdater: set stopIndex = -1
2019-09-25 05:52:47,172 [5be219b2-97fd-4a8c-91ea-b15aa89454d4@group-8EFB222D9B87-SegmentedRaftLogWorker] INFO  segmented.SegmentedRaftLogWorker (SegmentedRaftLogWorker.java:close(228)) - 5be219b2-97fd-4a8c-91ea-b15aa89454d4@group-8EFB222D9B87-SegmentedRaftLogWorker close()
2019-09-25 05:52:47,172 [5be219b2-97fd-4a8c-91ea-b15aa89454d4@group-DED6F7C08979-SegmentedRaftLogWorker] INFO  segmented.SegmentedRaftLogWorker (SegmentedRaftLogWorker.java:close(228)) - 5be219b2-97fd-4a8c-91ea-b15aa89454d4@group-DED6F7C08979-SegmentedRaftLogWorker close()
2019-09-25 05:52:47,172 [754f3588-47e6-41ad-b34e-eb7041cce070@group-ECF48C7AF352-SegmentedRaftLogWorker] INFO  impl.StateMachineUpdater (StateMachineUpdater.java:stopAndJoin(125)) - 754f3588-47e6-41ad-b34e-eb7041cce070@group-ECF48C7AF352-StateMachineUpdater: set stopIndex = -1
2019-09-25 05:52:47,172 [0bbc1277-be6f-4bf3-88cf-1c3b12e139ad@group-65B12A733142-SegmentedRaftLogWorker] INFO  impl.RaftServerImpl (ServerState.java:close(385)) - 0bbc1277-be6f-4bf3-88cf-1c3b12e139ad@group-65B12A733142: closes. applyIndex: -1
2019-09-25 05:52:47,167 [0bbc1277-be6f-4bf3-88cf-1c3b12e139ad@group-12BFCBBA8C97-SegmentedRaftLogWorker] INFO  segmented.SegmentedRaftLogWorker (SegmentedRaftLogWorker.java:close(228)) - 0bbc1277-be6f-4bf3-88cf-1c3b12e139ad@group-12BFCBBA8C97-SegmentedRaftLogWorker close()
2019-09-25 05:52:47,167 [0bbc1277-be6f-4bf3-88cf-1c3b12e139ad@group-13CCC1715FDD-SegmentedRaftLogWorker] INFO  segmented.SegmentedRaftLogWorker (SegmentedRaftLogWorker.java:close(228)) - 0bbc1277-be6f-4bf3-88cf-1c3b12e139ad@group-13CCC1715FDD-SegmentedRaftLogWorker close()
2019-09-25 05:52:47,166 [0bbc1277-be6f-4bf3-88cf-1c3b12e139ad@group-82B8C547FB12-SegmentedRaftLogWorker] INFO  impl.StateMachineUpdater (StateMachineUpdater.java:stopAndJoin(125)) - 0bbc1277-be6f-4bf3-88cf-1c3b12e139ad@group-82B8C547FB12-StateMachineUpdater: set stopIndex = -1
2019-09-25 05:52:47,198 [0bbc1277-be6f-4bf3-88cf-1c3b12e139ad@group-82B8C547FB12-SegmentedRaftLogWorker] INFO  impl.RaftServerImpl (ServerState.java:close(385)) - 0bbc1277-be6f-4bf3-88cf-1c3b12e139ad@group-82B8C547FB12: closes. applyIndex: -1
2019-09-25 05:52:47,198 [0bbc1277-be6f-4bf3-88cf-1c3b12e139ad@group-82B8C547FB12-SegmentedRaftLogWorker] INFO  segmented.SegmentedRaftLogWorker (SegmentedRaftLogWorker.java:close(228)) - 0bbc1277-be6f-4bf3-88cf-1c3b12e139ad@group-82B8C547FB12-SegmentedRaftLogWorker close()
2019-09-25 05:52:47,166 [754f3588-47e6-41ad-b34e-eb7041cce070@group-A2252AB6FA12-SegmentedRaftLogWorker] INFO  segmented.SegmentedRaftLogWorker (SegmentedRaftLogWorker.java:close(228)) - 754f3588-47e6-41ad-b34e-eb7041cce070@group-A2252AB6FA12-SegmentedRaftLogWorker close()
2019-09-25 05:52:47,166 [754f3588-47e6-41ad-b34e-eb7041cce070@group-22F58638F634-SegmentedRaftLogWorker] INFO  segmented.SegmentedRaftLogWorker (SegmentedRaftLogWorker.java:close(228)) - 754f3588-47e6-41ad-b34e-eb7041cce070@group-22F58638F634-SegmentedRaftLogWorker close()
2019-09-25 05:52:47,166 [754f3588-47e6-41ad-b34e-eb7041cce070@group-BD472D801032-SegmentedRaftLogWorker] INFO  impl.StateMachineUpdater (StateMachineUpdater.java:stopAndJoin(125)) - 754f3588-47e6-41ad-b34e-eb7041cce070@group-BD472D801032-StateMachineUpdater: set stopIndex = -1
2019-09-25 05:52:47,166 [5be219b2-97fd-4a8c-91ea-b15aa89454d4@group-962CE1515C19-SegmentedRaftLogWorker] INFO  impl.StateMachineUpdater (StateMachineUpdater.java:stopAndJoin(125)) - 5be219b2-97fd-4a8c-91ea-b15aa89454d4@group-962CE1515C19-StateMachineUpdater: set stopIndex = -1
2019-09-25 05:52:47,199 [5be219b2-97fd-4a8c-91ea-b15aa89454d4@group-962CE1515C19-SegmentedRaftLogWorker] INFO  impl.RaftServerImpl (ServerState.java:close(385)) - 5be219b2-97fd-4a8c-91ea-b15aa89454d4@group-962CE1515C19: closes. applyIndex: -1
2019-09-25 05:52:47,166 [5be219b2-97fd-4a8c-91ea-b15aa89454d4@group-68BF0268EAE0-SegmentedRaftLogWorker] INFO  segmented.SegmentedRaftLogWorker (SegmentedRaftLogWorker.java:close(228)) - 5be219b2-97fd-4a8c-91ea-b15aa89454d4@group-68BF0268EAE0-SegmentedRaftLogWorker close()
2019-09-25 05:52:47,199 [5be219b2-97fd-4a8c-91ea-b15aa89454d4@group-962CE1515C19-SegmentedRaftLogWorker] INFO  segmented.SegmentedRaftLogWorker (SegmentedRaftLogWorker.java:close(228)) - 5be219b2-97fd-4a8c-91ea-b15aa89454d4@group-962CE1515C19-SegmentedRaftLogWorker close()
2019-09-25 05:52:47,165 [5be219b2-97fd-4a8c-91ea-b15aa89454d4@group-9A6E2FA63B89-SegmentedRaftLogWorker] INFO  segmented.SegmentedRaftLogWorker (SegmentedRaftLogWorker.java:close(228)) - 5be219b2-97fd-4a8c-91ea-b15aa89454d4@group-9A6E2FA63B89-SegmentedRaftLogWorker close()
2019-09-25 05:52:47,165 [5be219b2-97fd-4a8c-91ea-b15aa89454d4@group-C9565C519C1A-SegmentedRaftLogWorker] INFO  impl.StateMachineUpdater (StateMachineUpdater.java:stopAndJoin(125)) - 5be219b2-97fd-4a8c-91ea-b15aa89454d4@group-C9565C519C1A-StateMachineUpdater: set stopIndex = -1
2019-09-25 05:52:47,165 [5be219b2-97fd-4a8c-91ea-b15aa89454d4@group-51FF8E54341D-SegmentedRaftLogWorker] INFO  segmented.SegmentedRaftLogWorker (SegmentedRaftLogWorker.java:close(228)) - 5be219b2-97fd-4a8c-91ea-b15aa89454d4@group-51FF8E54341D-SegmentedRaftLogWorker close()
2019-09-25 05:52:47,165 [754f3588-47e6-41ad-b34e-eb7041cce070@group-71DC1F77229B-SegmentedRaftLogWorker] INFO  impl.StateMachineUpdater (StateMachineUpdater.java:stopAndJoin(125)) - 754f3588-47e6-41ad-b34e-eb7041cce070@group-71DC1F77229B-StateMachineUpdater: set stopIndex = -1
2019-09-25 05:52:47,165 [0bbc1277-be6f-4bf3-88cf-1c3b12e139ad@group-C8E21141DA1D-SegmentedRaftLogWorker] INFO  impl.StateMachineUpdater (StateMachineUpdater.java:stopAndJoin(125)) - 0bbc1277-be6f-4bf3-88cf-1c3b12e139ad@group-C8E21141DA1D-StateMachineUpdater: set stopIndex = -1
2019-09-25 05:52:47,164 [0bbc1277-be6f-4bf3-88cf-1c3b12e139ad@group-3B0A252CE86D-SegmentedRaftLogWorker] INFO  impl.StateMachineUpdater (StateMachineUpdater.java:stopAndJoin(125)) - 0bbc1277-be6f-4bf3-88cf-1c3b12e139ad@group-3B0A252CE86D-StateMachineUpdater: set stopIndex = -1
2019-09-25 05:52:47,164 [0bbc1277-be6f-4bf3-88cf-1c3b12e139ad@group-0529369CD838-SegmentedRaftLogWorker] INFO  impl.RaftServerImpl (ServerState.java:close(385)) - 0bbc1277-be6f-4bf3-88cf-1c3b12e139ad@group-0529369CD838: closes. applyIndex: -1
2019-09-25 05:52:47,164 [5be219b2-97fd-4a8c-91ea-b15aa89454d4@group-0B6C19AFD170-SegmentedRaftLogWorker] INFO  segmented.SegmentedRaftLogWorker (SegmentedRaftLogWorker.java:close(228)) - 5be219b2-97fd-4a8c-91ea-b15aa89454d4@group-0B6C19AFD170-SegmentedRaftLogWorker close()
2019-09-25 05:52:47,158 [pool-47-thread-1] INFO  server.RaftServerConfigKeys (ConfUtils.java:logGet(43)) - raft.server.log.appender.install.snapshot.enabled = false (custom)
2019-09-25 05:52:47,158 [pool-37-thread-1] INFO  server.RaftServerConfigKeys (ConfUtils.java:logGet(43)) - raft.server.rpc.timeout.max = 5200ms (custom)
2019-09-25 05:52:47,200 [pool-47-thread-1] INFO  impl.RaftServerImpl (ServerState.java:<init>(103)) - 754f3588-47e6-41ad-b34e-eb7041cce070@group-1D49C32E6057: ConfigurationManager, init=-1: [754f3588-47e6-41ad-b34e-eb7041cce070:192.168.30.10:41089, 0bbc1277-be6f-4bf3-88cf-1c3b12e139ad:192.168.30.10:46701, 5be219b2-97fd-4a8c-91ea-b15aa89454d4:192.168.30.10:40625], old=null, confs=<EMPTY_MAP>
2019-09-25 05:52:47,200 [0bbc1277-be6f-4bf3-88cf-1c3b12e139ad@group-0529369CD838-SegmentedRaftLogWorker] INFO  segmented.SegmentedRaftLogWorker (SegmentedRaftLogWorker.java:close(228)) - 0bbc1277-be6f-4bf3-88cf-1c3b12e139ad@group-0529369CD838-SegmentedRaftLogWorker close()
2019-09-25 05:52:47,200 [0bbc1277-be6f-4bf3-88cf-1c3b12e139ad@group-3B0A252CE86D-SegmentedRaftLogWorker] INFO  impl.RaftServerImpl (ServerState.java:close(385)) - 0bbc1277-be6f-4bf3-88cf-1c3b12e139ad@group-3B0A252CE86D: closes. applyIndex: -1
2019-09-25 05:52:47,200 [0bbc1277-be6f-4bf3-88cf-1c3b12e139ad@group-C8E21141DA1D-SegmentedRaftLogWorker] INFO  impl.RaftServerImpl (ServerState.java:close(385)) - 0bbc1277-be6f-4bf3-88cf-1c3b12e139ad@group-C8E21141DA1D: closes. applyIndex: -1
2019-09-25 05:52:47,200 [754f3588-47e6-41ad-b34e-eb7041cce070@group-71DC1F77229B-SegmentedRaftLogWorker] INFO  impl.RaftServerImpl (ServerState.java:close(385)) - 754f3588-47e6-41ad-b34e-eb7041cce070@group-71DC1F77229B: closes. applyIndex: -1
2019-09-25 05:52:47,199 [5be219b2-97fd-4a8c-91ea-b15aa89454d4@group-C9565C519C1A-SegmentedRaftLogWorker] INFO  impl.RaftServerImpl (ServerState.java:close(385)) - 5be219b2-97fd-4a8c-91ea-b15aa89454d4@group-C9565C519C1A: closes. applyIndex: -1
2019-09-25 05:52:47,199 [754f3588-47e6-41ad-b34e-eb7041cce070@group-BD472D801032-SegmentedRaftLogWorker] INFO  impl.RaftServerImpl (ServerState.java:close(385)) - 754f3588-47e6-41ad-b34e-eb7041cce070@group-BD472D801032: closes. applyIndex: -1
2019-09-25 05:52:47,201 [5be219b2-97fd-4a8c-91ea-b15aa89454d4@group-C9565C519C1A-SegmentedRaftLogWorker] INFO  segmented.SegmentedRaftLogWorker (SegmentedRaftLogWorker.java:close(228)) - 5be219b2-97fd-4a8c-91ea-b15aa89454d4@group-C9565C519C1A-SegmentedRaftLogWorker close()
2019-09-25 05:52:47,198 [0bbc1277-be6f-4bf3-88cf-1c3b12e139ad@group-65B12A733142-SegmentedRaftLogWorker] INFO  segmented.SegmentedRaftLogWorker (SegmentedRaftLogWorker.java:close(228)) - 0bbc1277-be6f-4bf3-88cf-1c3b12e139ad@group-65B12A733142-SegmentedRaftLogWorker close()
2019-09-25 05:52:47,198 [754f3588-47e6-41ad-b34e-eb7041cce070@group-ECF48C7AF352-SegmentedRaftLogWorker] INFO  impl.RaftServerImpl (ServerState.java:close(385)) - 754f3588-47e6-41ad-b34e-eb7041cce070@group-ECF48C7AF352: closes. applyIndex: -1
2019-09-25 05:52:47,197 [0bbc1277-be6f-4bf3-88cf-1c3b12e139ad@group-513E1586D88B-SegmentedRaftLogWorker] INFO  impl.RaftServerImpl (ServerState.java:close(385)) - 0bbc1277-be6f-4bf3-88cf-1c3b12e139ad@group-513E1586D88B: closes. applyIndex: -1
2019-09-25 05:52:47,201 [754f3588-47e6-41ad-b34e-eb7041cce070@group-ECF48C7AF352-SegmentedRaftLogWorker] INFO  segmented.SegmentedRaftLogWorker (SegmentedRaftLogWorker.java:close(228)) - 754f3588-47e6-41ad-b34e-eb7041cce070@group-ECF48C7AF352-SegmentedRaftLogWorker close()
2019-09-25 05:52:47,197 [pool-27-thread-1] INFO  server.RaftServerConfigKeys (ConfUtils.java:logGet(43)) - raft.server.rpc.timeout.min = 5s (custom)
2019-09-25 05:52:47,197 [0bbc1277-be6f-4bf3-88cf-1c3b12e139ad@group-703D5E58E916-SegmentedRaftLogWorker] INFO  segmented.SegmentedRaftLogWorker (SegmentedRaftLogWorker.java:close(228)) - 0bbc1277-be6f-4bf3-88cf-1c3b12e139ad@group-703D5E58E916-SegmentedRaftLogWorker close()
2019-09-25 05:52:47,197 [5be219b2-97fd-4a8c-91ea-b15aa89454d4@group-955671A74EC5-SegmentedRaftLogWorker] INFO  impl.RaftServerImpl (ServerState.java:close(385)) - 5be219b2-97fd-4a8c-91ea-b15aa89454d4@group-955671A74EC5: closes. applyIndex: -1
2019-09-25 05:52:47,197 [0bbc1277-be6f-4bf3-88cf-1c3b12e139ad@group-19A6A27F62D9-SegmentedRaftLogWorker] INFO  impl.RaftServerImpl (ServerState.java:close(385)) - 0bbc1277-be6f-4bf3-88cf-1c3b12e139ad@group-19A6A27F62D9: closes. applyIndex: -1
2019-09-25 05:52:47,197 [5be219b2-97fd-4a8c-91ea-b15aa89454d4@group-2F77B981F125-SegmentedRaftLogWorker] INFO  impl.RaftServerImpl (ServerState.java:close(385)) - 5be219b2-97fd-4a8c-91ea-b15aa89454d4@group-2F77B981F125: closes. applyIndex: -1
2019-09-25 05:52:47,197 [0bbc1277-be6f-4bf3-88cf-1c3b12e139ad@group-460933B656CC-SegmentedRaftLogWorker] INFO  impl.RaftServerImpl (ServerState.java:close(385)) - 0bbc1277-be6f-4bf3-88cf-1c3b12e139ad@group-460933B656CC: closes. applyIndex: -1
2019-09-25 05:52:47,196 [0bbc1277-be6f-4bf3-88cf-1c3b12e139ad@group-EAB65D37406F-SegmentedRaftLogWorker] INFO  impl.RaftServerImpl (ServerState.java:close(385)) - 0bbc1277-be6f-4bf3-88cf-1c3b12e139ad@group-EAB65D37406F: closes. applyIndex: -1
2019-09-25 05:52:47,196 [0bbc1277-be6f-4bf3-88cf-1c3b12e139ad@group-8A0701C6A3A8-SegmentedRaftLogWorker] INFO  impl.RaftServerImpl (ServerState.java:close(385)) - 0bbc1277-be6f-4bf3-88cf-1c3b12e139ad@group-8A0701C6A3A8: closes. applyIndex: -1
2019-09-25 05:52:47,196 [5be219b2-97fd-4a8c-91ea-b15aa89454d4@group-CB6A65C6BA0C-SegmentedRaftLogWorker] INFO  impl.RaftServerImpl (ServerState.java:close(385)) - 5be219b2-97fd-4a8c-91ea-b15aa89454d4@group-CB6A65C6BA0C: closes. applyIndex: -1
2019-09-25 05:52:47,196 [754f3588-47e6-41ad-b34e-eb7041cce070@group-C3114859B4D1-SegmentedRaftLogWorker] INFO  segmented.SegmentedRaftLogWorker (SegmentedRaftLogWorker.java:close(228)) - 754f3588-47e6-41ad-b34e-eb7041cce070@group-C3114859B4D1-SegmentedRaftLogWorker close()
2019-09-25 05:52:47,196 [754f3588-47e6-41ad-b34e-eb7041cce070@group-4C3D0E1A45D5-SegmentedRaftLogWorker] INFO  segmented.SegmentedRaftLogWorker (SegmentedRaftLogWorker.java:close(228)) - 754f3588-47e6-41ad-b34e-eb7041cce070@group-4C3D0E1A45D5-SegmentedRaftLogWorker close()
2019-09-25 05:52:47,196 [754f3588-47e6-41ad-b34e-eb7041cce070@group-8904BE2F6653-SegmentedRaftLogWorker] INFO  impl.RaftServerImpl (ServerState.java:close(385)) - 754f3588-47e6-41ad-b34e-eb7041cce070@group-8904BE2F6653: closes. applyIndex: -1
2019-09-25 05:52:47,196 [5be219b2-97fd-4a8c-91ea-b15aa89454d4@group-463BFAA6248D-SegmentedRaftLogWorker] INFO  impl.RaftServerImpl (ServerState.java:close(385)) - 5be219b2-97fd-4a8c-91ea-b15aa89454d4@group-463BFAA6248D: closes. applyIndex: -1
2019-09-25 05:52:47,196 [0bbc1277-be6f-4bf3-88cf-1c3b12e139ad@group-257556E8FEBB-SegmentedRaftLogWorker] INFO  impl.RaftServerImpl (ServerState.java:close(385)) - 0bbc1277-be6f-4bf3-88cf-1c3b12e139ad@group-257556E8FEBB: closes. applyIndex: -1
2019-09-25 05:52:47,195 [5be219b2-97fd-4a8c-91ea-b15aa89454d4@group-B56EBFBAB971-SegmentedRaftLogWorker] INFO  impl.RaftServerImpl (ServerState.java:close(385)) - 5be219b2-97fd-4a8c-91ea-b15aa89454d4@group-B56EBFBAB971: closes. applyIndex: -1
2019-09-25 05:52:47,203 [0bbc1277-be6f-4bf3-88cf-1c3b12e139ad@group-257556E8FEBB-SegmentedRaftLogWorker] INFO  segmented.SegmentedRaftLogWorker (SegmentedRaftLogWorker.java:close(228)) - 0bbc1277-be6f-4bf3-88cf-1c3b12e139ad@group-257556E8FEBB-SegmentedRaftLogWorker close()
2019-09-25 05:52:47,203 [5be219b2-97fd-4a8c-91ea-b15aa89454d4@group-463BFAA6248D-SegmentedRaftLogWorker] INFO  segmented.SegmentedRaftLogWorker (SegmentedRaftLogWorker.java:close(228)) - 5be219b2-97fd-4a8c-91ea-b15aa89454d4@group-463BFAA6248D-SegmentedRaftLogWorker close()
2019-09-25 05:52:47,203 [754f3588-47e6-41ad-b34e-eb7041cce070@group-8904BE2F6653-SegmentedRaftLogWorker] INFO  segmented.SegmentedRaftLogWorker (SegmentedRaftLogWorker.java:close(228)) - 754f3588-47e6-41ad-b34e-eb7041cce070@group-8904BE2F6653-SegmentedRaftLogWorker close()
2019-09-25 05:52:47,203 [5be219b2-97fd-4a8c-91ea-b15aa89454d4@group-CB6A65C6BA0C-SegmentedRaftLogWorker] INFO  segmented.SegmentedRaftLogWorker (SegmentedRaftLogWorker.java:close(228)) - 5be219b2-97fd-4a8c-91ea-b15aa89454d4@group-CB6A65C6BA0C-SegmentedRaftLogWorker close()
2019-09-25 05:52:47,202 [0bbc1277-be6f-4bf3-88cf-1c3b12e139ad@group-8A0701C6A3A8-SegmentedRaftLogWorker] INFO  segmented.SegmentedRaftLogWorker (SegmentedRaftLogWorker.java:close(228)) - 0bbc1277-be6f-4bf3-88cf-1c3b12e139ad@group-8A0701C6A3A8-SegmentedRaftLogWorker close()
2019-09-25 05:52:47,202 [0bbc1277-be6f-4bf3-88cf-1c3b12e139ad@group-EAB65D37406F-SegmentedRaftLogWorker] INFO  segmented.SegmentedRaftLogWorker (SegmentedRaftLogWorker.java:close(228)) - 0bbc1277-be6f-4bf3-88cf-1c3b12e139ad@group-EAB65D37406F-SegmentedRaftLogWorker close()
2019-09-25 05:52:47,202 [0bbc1277-be6f-4bf3-88cf-1c3b12e139ad@group-460933B656CC-SegmentedRaftLogWorker] INFO  segmented.SegmentedRaftLogWorker (SegmentedRaftLogWorker.java:close(228)) - 0bbc1277-be6f-4bf3-88cf-1c3b12e139ad@group-460933B656CC-SegmentedRaftLogWorker close()
2019-09-25 05:52:47,202 [5be219b2-97fd-4a8c-91ea-b15aa89454d4@group-2F77B981F125-SegmentedRaftLogWorker] INFO  segmented.SegmentedRaftLogWorker (SegmentedRaftLogWorker.java:close(228)) - 5be219b2-97fd-4a8c-91ea-b15aa89454d4@group-2F77B981F125-SegmentedRaftLogWorker close()
2019-09-25 05:52:47,202 [0bbc1277-be6f-4bf3-88cf-1c3b12e139ad@group-19A6A27F62D9-SegmentedRaftLogWorker] INFO  segmented.SegmentedRaftLogWorker (SegmentedRaftLogWorker.java:close(228)) - 0bbc1277-be6f-4bf3-88cf-1c3b12e139ad@group-19A6A27F62D9-SegmentedRaftLogWorker close()
2019-09-25 05:52:47,202 [5be219b2-97fd-4a8c-91ea-b15aa89454d4@group-955671A74EC5-SegmentedRaftLogWorker] INFO  segmented.SegmentedRaftLogWorker (SegmentedRaftLogWorker.java:close(228)) - 5be219b2-97fd-4a8c-91ea-b15aa89454d4@group-955671A74EC5-SegmentedRaftLogWorker close()
2019-09-25 05:52:47,202 [pool-27-thread-1] INFO  server.RaftServerConfigKeys (ConfUtils.java:logGet(43)) - raft.server.rpc.timeout.max = 5200ms (custom)
2019-09-25 05:52:47,202 [0bbc1277-be6f-4bf3-88cf-1c3b12e139ad@group-513E1586D88B-SegmentedRaftLogWorker] INFO  segmented.SegmentedRaftLogWorker (SegmentedRaftLogWorker.java:close(228)) - 0bbc1277-be6f-4bf3-88cf-1c3b12e139ad@group-513E1586D88B-SegmentedRaftLogWorker close()
2019-09-25 05:52:47,201 [754f3588-47e6-41ad-b34e-eb7041cce070@group-BD472D801032-SegmentedRaftLogWorker] INFO  segmented.SegmentedRaftLogWorker (SegmentedRaftLogWorker.java:close(228)) - 754f3588-47e6-41ad-b34e-eb7041cce070@group-BD472D801032-SegmentedRaftLogWorker close()
2019-09-25 05:52:47,201 [754f3588-47e6-41ad-b34e-eb7041cce070@group-71DC1F77229B-SegmentedRaftLogWorker] INFO  segmented.SegmentedRaftLogWorker (SegmentedRaftLogWorker.java:close(228)) - 754f3588-47e6-41ad-b34e-eb7041cce070@group-71DC1F77229B-SegmentedRaftLogWorker close()
2019-09-25 05:52:47,201 [0bbc1277-be6f-4bf3-88cf-1c3b12e139ad@group-C8E21141DA1D-SegmentedRaftLogWorker] INFO  segmented.SegmentedRaftLogWorker (SegmentedRaftLogWorker.java:close(228)) - 0bbc1277-be6f-4bf3-88cf-1c3b12e139ad@group-C8E21141DA1D-SegmentedRaftLogWorker close()
2019-09-25 05:52:47,201 [0bbc1277-be6f-4bf3-88cf-1c3b12e139ad@group-3B0A252CE86D-SegmentedRaftLogWorker] INFO  segmented.SegmentedRaftLogWorker (SegmentedRaftLogWorker.java:close(228)) - 0bbc1277-be6f-4bf3-88cf-1c3b12e139ad@group-3B0A252CE86D-SegmentedRaftLogWorker close()
2019-09-25 05:52:47,201 [pool-47-thread-1] INFO  server.RaftServerConfigKeys (ConfUtils.java:logGet(43)) - raft.server.storage.dir = [/workdir/hadoop-ozone/integration-test/target/test-dir/MiniOzoneClusterImpl-5fae48a0-8517-4c16-9d39-4001697b8772/datanode-2/data/ratis] (custom)
2019-09-25 05:52:47,200 [pool-37-thread-1] INFO  server.RaftServerConfigKeys (ConfUtils.java:logGet(43)) - raft.server.rpcslowness.timeout = 120s (custom)
2019-09-25 05:52:47,204 [pool-27-thread-1] INFO  server.RaftServerConfigKeys (ConfUtils.java:logGet(43)) - raft.server.rpcslowness.timeout = 120s (custom)
2019-09-25 05:52:47,203 [5be219b2-97fd-4a8c-91ea-b15aa89454d4@group-B56EBFBAB971-SegmentedRaftLogWorker] INFO  segmented.SegmentedRaftLogWorker (SegmentedRaftLogWorker.java:close(228)) - 5be219b2-97fd-4a8c-91ea-b15aa89454d4@group-B56EBFBAB971-SegmentedRaftLogWorker close()
2019-09-25 05:52:47,205 [pool-47-thread-1] INFO  storage.RaftStorageDirectory (RaftStorageDirectory.java:analyzeStorage(246)) - The storage directory /workdir/hadoop-ozone/integration-test/target/test-dir/MiniOzoneClusterImpl-5fae48a0-8517-4c16-9d39-4001697b8772/datanode-2/data/ratis/7204aecb-894f-43a8-aaf6-1d49c32e6057 does not exist. Creating ...
2019-09-25 05:52:47,205 [pool-27-thread-1] INFO  server.RaftServerConfigKeys (ConfUtils.java:logGet(43)) - raft.server.sleep.deviation.threshold = 300 (default)
2019-09-25 05:52:47,205 [pool-37-thread-1] INFO  server.RaftServerConfigKeys (ConfUtils.java:logGet(43)) - raft.server.sleep.deviation.threshold = 300 (default)
2019-09-25 05:52:47,206 [pool-27-thread-1] INFO  server.RaftServerConfigKeys (ConfUtils.java:logGet(43)) - raft.server.log.appender.install.snapshot.enabled = false (custom)
2019-09-25 05:52:47,206 [pool-37-thread-1] INFO  server.RaftServerConfigKeys (ConfUtils.java:logGet(43)) - raft.server.log.appender.install.snapshot.enabled = false (custom)
2019-09-25 05:52:47,206 [pool-27-thread-1] INFO  impl.RaftServerImpl (ServerState.java:<init>(103)) - 0bbc1277-be6f-4bf3-88cf-1c3b12e139ad@group-1D49C32E6057: ConfigurationManager, init=-1: [754f3588-47e6-41ad-b34e-eb7041cce070:192.168.30.10:41089, 0bbc1277-be6f-4bf3-88cf-1c3b12e139ad:192.168.30.10:46701, 5be219b2-97fd-4a8c-91ea-b15aa89454d4:192.168.30.10:40625], old=null, confs=<EMPTY_MAP>
2019-09-25 05:52:47,206 [pool-37-thread-1] INFO  impl.RaftServerImpl (ServerState.java:<init>(103)) - 5be219b2-97fd-4a8c-91ea-b15aa89454d4@group-1D49C32E6057: ConfigurationManager, init=-1: [754f3588-47e6-41ad-b34e-eb7041cce070:192.168.30.10:41089, 0bbc1277-be6f-4bf3-88cf-1c3b12e139ad:192.168.30.10:46701, 5be219b2-97fd-4a8c-91ea-b15aa89454d4:192.168.30.10:40625], old=null, confs=<EMPTY_MAP>
2019-09-25 05:52:47,206 [pool-27-thread-1] INFO  server.RaftServerConfigKeys (ConfUtils.java:logGet(43)) - raft.server.storage.dir = [/workdir/hadoop-ozone/integration-test/target/test-dir/MiniOzoneClusterImpl-5fae48a0-8517-4c16-9d39-4001697b8772/datanode-0/data/ratis] (custom)
2019-09-25 05:52:47,206 [pool-37-thread-1] INFO  server.RaftServerConfigKeys (ConfUtils.java:logGet(43)) - raft.server.storage.dir = [/workdir/hadoop-ozone/integration-test/target/test-dir/MiniOzoneClusterImpl-5fae48a0-8517-4c16-9d39-4001697b8772/datanode-1/data/ratis] (custom)
2019-09-25 05:52:47,207 [pool-27-thread-1] INFO  storage.RaftStorageDirectory (RaftStorageDirectory.java:analyzeStorage(246)) - The storage directory /workdir/hadoop-ozone/integration-test/target/test-dir/MiniOzoneClusterImpl-5fae48a0-8517-4c16-9d39-4001697b8772/datanode-0/data/ratis/7204aecb-894f-43a8-aaf6-1d49c32e6057 does not exist. Creating ...
2019-09-25 05:52:47,207 [pool-37-thread-1] INFO  storage.RaftStorageDirectory (RaftStorageDirectory.java:analyzeStorage(246)) - The storage directory /workdir/hadoop-ozone/integration-test/target/test-dir/MiniOzoneClusterImpl-5fae48a0-8517-4c16-9d39-4001697b8772/datanode-1/data/ratis/7204aecb-894f-43a8-aaf6-1d49c32e6057 does not exist. Creating ...
2019-09-25 05:52:47,213 [754f3588-47e6-41ad-b34e-eb7041cce070@group-C1F53D7A1728-SegmentedRaftLogWorker] ERROR segmented.SegmentedRaftLogWorker (SegmentedRaftLogWorker.java:run(323)) - 754f3588-47e6-41ad-b34e-eb7041cce070@group-C1F53D7A1728-SegmentedRaftLogWorker hit exception
java.lang.OutOfMemoryError: Direct buffer memory
	at java.nio.Bits.reserveMemory(Bits.java:666)
	at java.nio.DirectByteBuffer.<init>(DirectByteBuffer.java:123)
	at java.nio.ByteBuffer.allocateDirect(ByteBuffer.java:311)
	at org.apache.ratis.server.raftlog.segmented.BufferedWriteChannel.<init>(BufferedWriteChannel.java:41)
	at org.apache.ratis.server.raftlog.segmented.SegmentedRaftLogOutputStream.<init>(SegmentedRaftLogOutputStream.java:72)
	at org.apache.ratis.server.raftlog.segmented.SegmentedRaftLogWorker$StartLogSegment.execute(SegmentedRaftLogWorker.java:566)
	at org.apache.ratis.server.raftlog.segmented.SegmentedRaftLogWorker.run(SegmentedRaftLogWorker.java:289)
	at java.lang.Thread.run(Thread.java:748)
2019-09-25 05:52:47,213 [5be219b2-97fd-4a8c-91ea-b15aa89454d4@group-280C5BF5A703-SegmentedRaftLogWorker] ERROR segmented.SegmentedRaftLogWorker (SegmentedRaftLogWorker.java:run(323)) - 5be219b2-97fd-4a8c-91ea-b15aa89454d4@group-280C5BF5A703-SegmentedRaftLogWorker hit exception
java.lang.OutOfMemoryError: Direct buffer memory
	at java.nio.Bits.reserveMemory(Bits.java:666)
	at java.nio.DirectByteBuffer.<init>(DirectByteBuffer.java:123)
	at java.nio.ByteBuffer.allocateDirect(ByteBuffer.java:311)
	at org.apache.ratis.server.raftlog.segmented.BufferedWriteChannel.<init>(BufferedWriteChannel.java:41)
	at org.apache.ratis.server.raftlog.segmented.SegmentedRaftLogOutputStream.<init>(SegmentedRaftLogOutputStream.java:72)
	at org.apache.ratis.server.raftlog.segmented.SegmentedRaftLogWorker$StartLogSegment.execute(SegmentedRaftLogWorker.java:566)
	at org.apache.ratis.server.raftlog.segmented.SegmentedRaftLogWorker.run(SegmentedRaftLogWorker.java:289)
	at java.lang.Thread.run(Thread.java:748)
2019-09-25 05:52:47,213 [754f3588-47e6-41ad-b34e-eb7041cce070@group-C1F53D7A1728-SegmentedRaftLogWorker] INFO  impl.RaftServerImpl (RaftServerImpl.java:lambda$shutdown$3(251)) - 754f3588-47e6-41ad-b34e-eb7041cce070@group-C1F53D7A1728: shutdown
2019-09-25 05:52:47,214 [5be219b2-97fd-4a8c-91ea-b15aa89454d4@group-280C5BF5A703-SegmentedRaftLogWorker] INFO  impl.RaftServerImpl (RaftServerImpl.java:lambda$shutdown$3(251)) - 5be219b2-97fd-4a8c-91ea-b15aa89454d4@group-280C5BF5A703: shutdown
2019-09-25 05:52:47,214 [754f3588-47e6-41ad-b34e-eb7041cce070@group-C1F53D7A1728-SegmentedRaftLogWorker] INFO  util.JmxRegister (JmxRegister.java:unregister(73)) - Successfully un-registered JMX Bean with object name Ratis:service=RaftServer,group=group-C1F53D7A1728,id=754f3588-47e6-41ad-b34e-eb7041cce070
2019-09-25 05:52:47,214 [5be219b2-97fd-4a8c-91ea-b15aa89454d4@group-280C5BF5A703-SegmentedRaftLogWorker] INFO  util.JmxRegister (JmxRegister.java:unregister(73)) - Successfully un-registered JMX Bean with object name Ratis:service=RaftServer,group=group-280C5BF5A703,id=5be219b2-97fd-4a8c-91ea-b15aa89454d4
2019-09-25 05:52:47,214 [754f3588-47e6-41ad-b34e-eb7041cce070@group-C1F53D7A1728-SegmentedRaftLogWorker] INFO  impl.RoleInfo (RoleInfo.java:shutdownLeaderState(104)) - 754f3588-47e6-41ad-b34e-eb7041cce070: shutdown LeaderState
2019-09-25 05:52:47,214 [5be219b2-97fd-4a8c-91ea-b15aa89454d4@group-280C5BF5A703-SegmentedRaftLogWorker] INFO  impl.RoleInfo (RoleInfo.java:shutdownLeaderState(104)) - 5be219b2-97fd-4a8c-91ea-b15aa89454d4: shutdown LeaderState
2019-09-25 05:52:47,214 [754f3588-47e6-41ad-b34e-eb7041cce070@group-C1F53D7A1728-SegmentedRaftLogWorker] INFO  impl.PendingRequests (PendingRequests.java:sendNotLeaderResponses(202)) - 754f3588-47e6-41ad-b34e-eb7041cce070-PendingRequests: sendNotLeaderResponses
2019-09-25 05:52:47,214 [5be219b2-97fd-4a8c-91ea-b15aa89454d4@group-280C5BF5A703-SegmentedRaftLogWorker] INFO  impl.PendingRequests (PendingRequests.java:sendNotLeaderResponses(202)) - 5be219b2-97fd-4a8c-91ea-b15aa89454d4-PendingRequests: sendNotLeaderResponses
2019-09-25 05:52:47,214 [5be219b2-97fd-4a8c-91ea-b15aa89454d4@group-280C5BF5A703-SegmentedRaftLogWorker] INFO  impl.StateMachineUpdater (StateMachineUpdater.java:stopAndJoin(125)) - 5be219b2-97fd-4a8c-91ea-b15aa89454d4@group-280C5BF5A703-StateMachineUpdater: set stopIndex = -1
2019-09-25 05:52:47,214 [754f3588-47e6-41ad-b34e-eb7041cce070@group-C1F53D7A1728-SegmentedRaftLogWorker] INFO  impl.StateMachineUpdater (StateMachineUpdater.java:stopAndJoin(125)) - 754f3588-47e6-41ad-b34e-eb7041cce070@group-C1F53D7A1728-StateMachineUpdater: set stopIndex = -1
2019-09-25 05:52:47,215 [5be219b2-97fd-4a8c-91ea-b15aa89454d4@group-280C5BF5A703-SegmentedRaftLogWorker] INFO  impl.RaftServerImpl (ServerState.java:close(385)) - 5be219b2-97fd-4a8c-91ea-b15aa89454d4@group-280C5BF5A703: closes. applyIndex: -1
2019-09-25 05:52:47,215 [754f3588-47e6-41ad-b34e-eb7041cce070@group-C1F53D7A1728-SegmentedRaftLogWorker] INFO  impl.RaftServerImpl (ServerState.java:close(385)) - 754f3588-47e6-41ad-b34e-eb7041cce070@group-C1F53D7A1728: closes. applyIndex: -1
2019-09-25 05:52:47,215 [5be219b2-97fd-4a8c-91ea-b15aa89454d4@group-280C5BF5A703-SegmentedRaftLogWorker] INFO  segmented.SegmentedRaftLogWorker (SegmentedRaftLogWorker.java:close(228)) - 5be219b2-97fd-4a8c-91ea-b15aa89454d4@group-280C5BF5A703-SegmentedRaftLogWorker close()
2019-09-25 05:52:47,215 [754f3588-47e6-41ad-b34e-eb7041cce070@group-C1F53D7A1728-SegmentedRaftLogWorker] INFO  segmented.SegmentedRaftLogWorker (SegmentedRaftLogWorker.java:close(228)) - 754f3588-47e6-41ad-b34e-eb7041cce070@group-C1F53D7A1728-SegmentedRaftLogWorker close()
2019-09-25 05:52:47,399 [5be219b2-97fd-4a8c-91ea-b15aa89454d4@group-A7119F067D59-SegmentedRaftLogWorker] ERROR segmented.SegmentedRaftLogWorker (SegmentedRaftLogWorker.java:run(323)) - 5be219b2-97fd-4a8c-91ea-b15aa89454d4@group-A7119F067D59-SegmentedRaftLogWorker hit exception
java.lang.OutOfMemoryError: Direct buffer memory
	at java.nio.Bits.reserveMemory(Bits.java:666)
	at java.nio.DirectByteBuffer.<init>(DirectByteBuffer.java:123)
	at java.nio.ByteBuffer.allocateDirect(ByteBuffer.java:311)
	at org.apache.ratis.server.raftlog.segmented.BufferedWriteChannel.<init>(BufferedWriteChannel.java:41)
	at org.apache.ratis.server.raftlog.segmented.SegmentedRaftLogOutputStream.<init>(SegmentedRaftLogOutputStream.java:72)
	at org.apache.ratis.server.raftlog.segmented.SegmentedRaftLogWorker$StartLogSegment.execute(SegmentedRaftLogWorker.java:566)
	at org.apache.ratis.server.raftlog.segmented.SegmentedRaftLogWorker.run(SegmentedRaftLogWorker.java:289)
	at java.lang.Thread.run(Thread.java:748)
2019-09-25 05:52:47,399 [0bbc1277-be6f-4bf3-88cf-1c3b12e139ad@group-9E442A14D521-SegmentedRaftLogWorker] ERROR segmented.SegmentedRaftLogWorker (SegmentedRaftLogWorker.java:run(323)) - 0bbc1277-be6f-4bf3-88cf-1c3b12e139ad@group-9E442A14D521-SegmentedRaftLogWorker hit exception
java.lang.OutOfMemoryError: Direct buffer memory
	at java.nio.Bits.reserveMemory(Bits.java:666)
	at java.nio.DirectByteBuffer.<init>(DirectByteBuffer.java:123)
	at java.nio.ByteBuffer.allocateDirect(ByteBuffer.java:311)
	at org.apache.ratis.server.raftlog.segmented.BufferedWriteChannel.<init>(BufferedWriteChannel.java:41)
	at org.apache.ratis.server.raftlog.segmented.SegmentedRaftLogOutputStream.<init>(SegmentedRaftLogOutputStream.java:72)
	at org.apache.ratis.server.raftlog.segmented.SegmentedRaftLogWorker$StartLogSegment.execute(SegmentedRaftLogWorker.java:566)
	at org.apache.ratis.server.raftlog.segmented.SegmentedRaftLogWorker.run(SegmentedRaftLogWorker.java:289)
	at java.lang.Thread.run(Thread.java:748)
2019-09-25 05:52:47,399 [5be219b2-97fd-4a8c-91ea-b15aa89454d4@group-B9A5584514CD-SegmentedRaftLogWorker] ERROR segmented.SegmentedRaftLogWorker (SegmentedRaftLogWorker.java:run(323)) - 5be219b2-97fd-4a8c-91ea-b15aa89454d4@group-B9A5584514CD-SegmentedRaftLogWorker hit exception
java.lang.OutOfMemoryError: Direct buffer memory
	at java.nio.Bits.reserveMemory(Bits.java:666)
	at java.nio.DirectByteBuffer.<init>(DirectByteBuffer.java:123)
	at java.nio.ByteBuffer.allocateDirect(ByteBuffer.java:311)
	at org.apache.ratis.server.raftlog.segmented.BufferedWriteChannel.<init>(BufferedWriteChannel.java:41)
	at org.apache.ratis.server.raftlog.segmented.SegmentedRaftLogOutputStream.<init>(SegmentedRaftLogOutputStream.java:72)
	at org.apache.ratis.server.raftlog.segmented.SegmentedRaftLogWorker$StartLogSegment.execute(SegmentedRaftLogWorker.java:566)
	at org.apache.ratis.server.raftlog.segmented.SegmentedRaftLogWorker.run(SegmentedRaftLogWorker.java:289)
	at java.lang.Thread.run(Thread.java:748)
2019-09-25 05:52:47,399 [5be219b2-97fd-4a8c-91ea-b15aa89454d4@group-0A38BACE653E-SegmentedRaftLogWorker] ERROR segmented.SegmentedRaftLogWorker (SegmentedRaftLogWorker.java:run(323)) - 5be219b2-97fd-4a8c-91ea-b15aa89454d4@group-0A38BACE653E-SegmentedRaftLogWorker hit exception
java.lang.OutOfMemoryError: Direct buffer memory
	at java.nio.Bits.reserveMemory(Bits.java:666)
	at java.nio.DirectByteBuffer.<init>(DirectByteBuffer.java:123)
	at java.nio.ByteBuffer.allocateDirect(ByteBuffer.java:311)
	at org.apache.ratis.server.raftlog.segmented.BufferedWriteChannel.<init>(BufferedWriteChannel.java:41)
	at org.apache.ratis.server.raftlog.segmented.SegmentedRaftLogOutputStream.<init>(SegmentedRaftLogOutputStream.java:72)
	at org.apache.ratis.server.raftlog.segmented.SegmentedRaftLogWorker$StartLogSegment.execute(SegmentedRaftLogWorker.java:566)
	at org.apache.ratis.server.raftlog.segmented.SegmentedRaftLogWorker.run(SegmentedRaftLogWorker.java:289)
	at java.lang.Thread.run(Thread.java:748)
2019-09-25 05:52:47,400 [5be219b2-97fd-4a8c-91ea-b15aa89454d4@group-B9A5584514CD-SegmentedRaftLogWorker] INFO  impl.RaftServerImpl (RaftServerImpl.java:lambda$shutdown$3(251)) - 5be219b2-97fd-4a8c-91ea-b15aa89454d4@group-B9A5584514CD: shutdown
2019-09-25 05:52:47,400 [0bbc1277-be6f-4bf3-88cf-1c3b12e139ad@group-9E442A14D521-SegmentedRaftLogWorker] INFO  impl.RaftServerImpl (RaftServerImpl.java:lambda$shutdown$3(251)) - 0bbc1277-be6f-4bf3-88cf-1c3b12e139ad@group-9E442A14D521: shutdown
2019-09-25 05:52:47,399 [5be219b2-97fd-4a8c-91ea-b15aa89454d4@group-A7119F067D59-SegmentedRaftLogWorker] INFO  impl.RaftServerImpl (RaftServerImpl.java:lambda$shutdown$3(251)) - 5be219b2-97fd-4a8c-91ea-b15aa89454d4@group-A7119F067D59: shutdown
2019-09-25 05:52:47,400 [0bbc1277-be6f-4bf3-88cf-1c3b12e139ad@group-9E442A14D521-SegmentedRaftLogWorker] INFO  util.JmxRegister (JmxRegister.java:unregister(73)) - Successfully un-registered JMX Bean with object name Ratis:service=RaftServer,group=group-9E442A14D521,id=0bbc1277-be6f-4bf3-88cf-1c3b12e139ad
2019-09-25 05:52:47,400 [5be219b2-97fd-4a8c-91ea-b15aa89454d4@group-B9A5584514CD-SegmentedRaftLogWorker] INFO  util.JmxRegister (JmxRegister.java:unregister(73)) - Successfully un-registered JMX Bean with object name Ratis:service=RaftServer,group=group-B9A5584514CD,id=5be219b2-97fd-4a8c-91ea-b15aa89454d4
2019-09-25 05:52:47,400 [5be219b2-97fd-4a8c-91ea-b15aa89454d4@group-0A38BACE653E-SegmentedRaftLogWorker] INFO  impl.RaftServerImpl (RaftServerImpl.java:lambda$shutdown$3(251)) - 5be219b2-97fd-4a8c-91ea-b15aa89454d4@group-0A38BACE653E: shutdown
2019-09-25 05:52:47,401 [5be219b2-97fd-4a8c-91ea-b15aa89454d4@group-B9A5584514CD-SegmentedRaftLogWorker] INFO  impl.RoleInfo (RoleInfo.java:shutdownLeaderState(104)) - 5be219b2-97fd-4a8c-91ea-b15aa89454d4: shutdown LeaderState
2019-09-25 05:52:47,401 [0bbc1277-be6f-4bf3-88cf-1c3b12e139ad@group-9E442A14D521-SegmentedRaftLogWorker] INFO  impl.RoleInfo (RoleInfo.java:shutdownLeaderState(104)) - 0bbc1277-be6f-4bf3-88cf-1c3b12e139ad: shutdown LeaderState
2019-09-25 05:52:47,400 [5be219b2-97fd-4a8c-91ea-b15aa89454d4@group-A7119F067D59-SegmentedRaftLogWorker] INFO  util.JmxRegister (JmxRegister.java:unregister(73)) - Successfully un-registered JMX Bean with object name Ratis:service=RaftServer,group=group-A7119F067D59,id=5be219b2-97fd-4a8c-91ea-b15aa89454d4
2019-09-25 05:52:47,401 [0bbc1277-be6f-4bf3-88cf-1c3b12e139ad@group-9E442A14D521-SegmentedRaftLogWorker] INFO  impl.PendingRequests (PendingRequests.java:sendNotLeaderResponses(202)) - 0bbc1277-be6f-4bf3-88cf-1c3b12e139ad-PendingRequests: sendNotLeaderResponses
2019-09-25 05:52:47,401 [5be219b2-97fd-4a8c-91ea-b15aa89454d4@group-B9A5584514CD-SegmentedRaftLogWorker] INFO  impl.PendingRequests (PendingRequests.java:sendNotLeaderResponses(202)) - 5be219b2-97fd-4a8c-91ea-b15aa89454d4-PendingRequests: sendNotLeaderResponses
2019-09-25 05:52:47,401 [5be219b2-97fd-4a8c-91ea-b15aa89454d4@group-0A38BACE653E-SegmentedRaftLogWorker] INFO  util.JmxRegister (JmxRegister.java:unregister(73)) - Successfully un-registered JMX Bean with object name Ratis:service=RaftServer,group=group-0A38BACE653E,id=5be219b2-97fd-4a8c-91ea-b15aa89454d4
2019-09-25 05:52:47,401 [5be219b2-97fd-4a8c-91ea-b15aa89454d4@group-B9A5584514CD-SegmentedRaftLogWorker] INFO  impl.StateMachineUpdater (StateMachineUpdater.java:stopAndJoin(125)) - 5be219b2-97fd-4a8c-91ea-b15aa89454d4@group-B9A5584514CD-StateMachineUpdater: set stopIndex = -1
2019-09-25 05:52:47,401 [0bbc1277-be6f-4bf3-88cf-1c3b12e139ad@group-9E442A14D521-SegmentedRaftLogWorker] INFO  impl.StateMachineUpdater (StateMachineUpdater.java:stopAndJoin(125)) - 0bbc1277-be6f-4bf3-88cf-1c3b12e139ad@group-9E442A14D521-StateMachineUpdater: set stopIndex = -1
2019-09-25 05:52:47,401 [5be219b2-97fd-4a8c-91ea-b15aa89454d4@group-A7119F067D59-SegmentedRaftLogWorker] INFO  impl.RoleInfo (RoleInfo.java:shutdownLeaderState(104)) - 5be219b2-97fd-4a8c-91ea-b15aa89454d4: shutdown LeaderState
2019-09-25 05:52:47,402 [0bbc1277-be6f-4bf3-88cf-1c3b12e139ad@group-9E442A14D521-SegmentedRaftLogWorker] INFO  impl.RaftServerImpl (ServerState.java:close(385)) - 0bbc1277-be6f-4bf3-88cf-1c3b12e139ad@group-9E442A14D521: closes. applyIndex: -1
2019-09-25 05:52:47,402 [5be219b2-97fd-4a8c-91ea-b15aa89454d4@group-B9A5584514CD-SegmentedRaftLogWorker] INFO  impl.RaftServerImpl (ServerState.java:close(385)) - 5be219b2-97fd-4a8c-91ea-b15aa89454d4@group-B9A5584514CD: closes. applyIndex: -1
2019-09-25 05:52:47,401 [5be219b2-97fd-4a8c-91ea-b15aa89454d4@group-0A38BACE653E-SegmentedRaftLogWorker] INFO  impl.RoleInfo (RoleInfo.java:shutdownLeaderState(104)) - 5be219b2-97fd-4a8c-91ea-b15aa89454d4: shutdown LeaderState
2019-09-25 05:52:47,402 [0bbc1277-be6f-4bf3-88cf-1c3b12e139ad@group-9E442A14D521-SegmentedRaftLogWorker] INFO  segmented.SegmentedRaftLogWorker (SegmentedRaftLogWorker.java:close(228)) - 0bbc1277-be6f-4bf3-88cf-1c3b12e139ad@group-9E442A14D521-SegmentedRaftLogWorker close()
2019-09-25 05:52:47,402 [5be219b2-97fd-4a8c-91ea-b15aa89454d4@group-A7119F067D59-SegmentedRaftLogWorker] INFO  impl.PendingRequests (PendingRequests.java:sendNotLeaderResponses(202)) - 5be219b2-97fd-4a8c-91ea-b15aa89454d4-PendingRequests: sendNotLeaderResponses
2019-09-25 05:52:47,402 [5be219b2-97fd-4a8c-91ea-b15aa89454d4@group-0A38BACE653E-SegmentedRaftLogWorker] INFO  impl.PendingRequests (PendingRequests.java:sendNotLeaderResponses(202)) - 5be219b2-97fd-4a8c-91ea-b15aa89454d4-PendingRequests: sendNotLeaderResponses
2019-09-25 05:52:47,402 [5be219b2-97fd-4a8c-91ea-b15aa89454d4@group-B9A5584514CD-SegmentedRaftLogWorker] INFO  segmented.SegmentedRaftLogWorker (SegmentedRaftLogWorker.java:close(228)) - 5be219b2-97fd-4a8c-91ea-b15aa89454d4@group-B9A5584514CD-SegmentedRaftLogWorker close()
2019-09-25 05:52:47,402 [5be219b2-97fd-4a8c-91ea-b15aa89454d4@group-0A38BACE653E-SegmentedRaftLogWorker] INFO  impl.StateMachineUpdater (StateMachineUpdater.java:stopAndJoin(125)) - 5be219b2-97fd-4a8c-91ea-b15aa89454d4@group-0A38BACE653E-StateMachineUpdater: set stopIndex = -1
2019-09-25 05:52:47,403 [5be219b2-97fd-4a8c-91ea-b15aa89454d4@group-0A38BACE653E-SegmentedRaftLogWorker] INFO  impl.RaftServerImpl (ServerState.java:close(385)) - 5be219b2-97fd-4a8c-91ea-b15aa89454d4@group-0A38BACE653E: closes. applyIndex: -1
2019-09-25 05:52:47,402 [5be219b2-97fd-4a8c-91ea-b15aa89454d4@group-A7119F067D59-SegmentedRaftLogWorker] INFO  impl.StateMachineUpdater (StateMachineUpdater.java:stopAndJoin(125)) - 5be219b2-97fd-4a8c-91ea-b15aa89454d4@group-A7119F067D59-StateMachineUpdater: set stopIndex = -1
2019-09-25 05:52:47,403 [5be219b2-97fd-4a8c-91ea-b15aa89454d4@group-0A38BACE653E-SegmentedRaftLogWorker] INFO  segmented.SegmentedRaftLogWorker (SegmentedRaftLogWorker.java:close(228)) - 5be219b2-97fd-4a8c-91ea-b15aa89454d4@group-0A38BACE653E-SegmentedRaftLogWorker close()
2019-09-25 05:52:47,403 [5be219b2-97fd-4a8c-91ea-b15aa89454d4@group-A7119F067D59-SegmentedRaftLogWorker] INFO  impl.RaftServerImpl (ServerState.java:close(385)) - 5be219b2-97fd-4a8c-91ea-b15aa89454d4@group-A7119F067D59: closes. applyIndex: -1
2019-09-25 05:52:47,403 [5be219b2-97fd-4a8c-91ea-b15aa89454d4@group-A7119F067D59-SegmentedRaftLogWorker] INFO  segmented.SegmentedRaftLogWorker (SegmentedRaftLogWorker.java:close(228)) - 5be219b2-97fd-4a8c-91ea-b15aa89454d4@group-A7119F067D59-SegmentedRaftLogWorker close()
2019-09-25 05:52:47,641 [5be219b2-97fd-4a8c-91ea-b15aa89454d4@group-144250B2D26F-SegmentedRaftLogWorker] ERROR segmented.SegmentedRaftLogWorker (SegmentedRaftLogWorker.java:run(323)) - 5be219b2-97fd-4a8c-91ea-b15aa89454d4@group-144250B2D26F-SegmentedRaftLogWorker hit exception
java.lang.OutOfMemoryError: Direct buffer memory
	at java.nio.Bits.reserveMemory(Bits.java:666)
	at java.nio.DirectByteBuffer.<init>(DirectByteBuffer.java:123)
	at java.nio.ByteBuffer.allocateDirect(ByteBuffer.java:311)
	at org.apache.ratis.server.raftlog.segmented.BufferedWriteChannel.<init>(BufferedWriteChannel.java:41)
	at org.apache.ratis.server.raftlog.segmented.SegmentedRaftLogOutputStream.<init>(SegmentedRaftLogOutputStream.java:72)
	at org.apache.ratis.server.raftlog.segmented.SegmentedRaftLogWorker$StartLogSegment.execute(SegmentedRaftLogWorker.java:566)
	at org.apache.ratis.server.raftlog.segmented.SegmentedRaftLogWorker.run(SegmentedRaftLogWorker.java:289)
	at java.lang.Thread.run(Thread.java:748)
2019-09-25 05:52:47,642 [0bbc1277-be6f-4bf3-88cf-1c3b12e139ad@group-0DB47DC2B114-SegmentedRaftLogWorker] ERROR segmented.SegmentedRaftLogWorker (SegmentedRaftLogWorker.java:run(323)) - 0bbc1277-be6f-4bf3-88cf-1c3b12e139ad@group-0DB47DC2B114-SegmentedRaftLogWorker hit exception
java.lang.OutOfMemoryError: Direct buffer memory
	at java.nio.Bits.reserveMemory(Bits.java:666)
	at java.nio.DirectByteBuffer.<init>(DirectByteBuffer.java:123)
	at java.nio.ByteBuffer.allocateDirect(ByteBuffer.java:311)
	at org.apache.ratis.server.raftlog.segmented.BufferedWriteChannel.<init>(BufferedWriteChannel.java:41)
	at org.apache.ratis.server.raftlog.segmented.SegmentedRaftLogOutputStream.<init>(SegmentedRaftLogOutputStream.java:72)
	at org.apache.ratis.server.raftlog.segmented.SegmentedRaftLogWorker$StartLogSegment.execute(SegmentedRaftLogWorker.java:566)
	at org.apache.ratis.server.raftlog.segmented.SegmentedRaftLogWorker.run(SegmentedRaftLogWorker.java:289)
	at java.lang.Thread.run(Thread.java:748)
2019-09-25 05:52:47,641 [5be219b2-97fd-4a8c-91ea-b15aa89454d4@group-C916076952F9-SegmentedRaftLogWorker] ERROR segmented.SegmentedRaftLogWorker (SegmentedRaftLogWorker.java:run(323)) - 5be219b2-97fd-4a8c-91ea-b15aa89454d4@group-C916076952F9-SegmentedRaftLogWorker hit exception
java.lang.OutOfMemoryError: Direct buffer memory
	at java.nio.Bits.reserveMemory(Bits.java:666)
	at java.nio.DirectByteBuffer.<init>(DirectByteBuffer.java:123)
	at java.nio.ByteBuffer.allocateDirect(ByteBuffer.java:311)
	at org.apache.ratis.server.raftlog.segmented.BufferedWriteChannel.<init>(BufferedWriteChannel.java:41)
	at org.apache.ratis.server.raftlog.segmented.SegmentedRaftLogOutputStream.<init>(SegmentedRaftLogOutputStream.java:72)
	at org.apache.ratis.server.raftlog.segmented.SegmentedRaftLogWorker$StartLogSegment.execute(SegmentedRaftLogWorker.java:566)
	at org.apache.ratis.server.raftlog.segmented.SegmentedRaftLogWorker.run(SegmentedRaftLogWorker.java:289)
	at java.lang.Thread.run(Thread.java:748)
2019-09-25 05:52:47,642 [0bbc1277-be6f-4bf3-88cf-1c3b12e139ad@group-0DB47DC2B114-SegmentedRaftLogWorker] INFO  impl.RaftServerImpl (RaftServerImpl.java:lambda$shutdown$3(251)) - 0bbc1277-be6f-4bf3-88cf-1c3b12e139ad@group-0DB47DC2B114: shutdown
2019-09-25 05:52:47,642 [5be219b2-97fd-4a8c-91ea-b15aa89454d4@group-144250B2D26F-SegmentedRaftLogWorker] INFO  impl.RaftServerImpl (RaftServerImpl.java:lambda$shutdown$3(251)) - 5be219b2-97fd-4a8c-91ea-b15aa89454d4@group-144250B2D26F: shutdown
2019-09-25 05:52:47,642 [0bbc1277-be6f-4bf3-88cf-1c3b12e139ad@group-0DB47DC2B114-SegmentedRaftLogWorker] INFO  util.JmxRegister (JmxRegister.java:unregister(73)) - Successfully un-registered JMX Bean with object name Ratis:service=RaftServer,group=group-0DB47DC2B114,id=0bbc1277-be6f-4bf3-88cf-1c3b12e139ad
2019-09-25 05:52:47,643 [0bbc1277-be6f-4bf3-88cf-1c3b12e139ad@group-0DB47DC2B114-SegmentedRaftLogWorker] INFO  impl.RoleInfo (RoleInfo.java:shutdownLeaderState(104)) - 0bbc1277-be6f-4bf3-88cf-1c3b12e139ad: shutdown LeaderState
2019-09-25 05:52:47,642 [5be219b2-97fd-4a8c-91ea-b15aa89454d4@group-C916076952F9-SegmentedRaftLogWorker] INFO  impl.RaftServerImpl (RaftServerImpl.java:lambda$shutdown$3(251)) - 5be219b2-97fd-4a8c-91ea-b15aa89454d4@group-C916076952F9: shutdown
2019-09-25 05:52:47,643 [0bbc1277-be6f-4bf3-88cf-1c3b12e139ad@group-0DB47DC2B114-SegmentedRaftLogWorker] INFO  impl.PendingRequests (PendingRequests.java:sendNotLeaderResponses(202)) - 0bbc1277-be6f-4bf3-88cf-1c3b12e139ad-PendingRequests: sendNotLeaderResponses
2019-09-25 05:52:47,643 [5be219b2-97fd-4a8c-91ea-b15aa89454d4@group-144250B2D26F-SegmentedRaftLogWorker] INFO  util.JmxRegister (JmxRegister.java:unregister(73)) - Successfully un-registered JMX Bean with object name Ratis:service=RaftServer,group=group-144250B2D26F,id=5be219b2-97fd-4a8c-91ea-b15aa89454d4
2019-09-25 05:52:47,643 [0bbc1277-be6f-4bf3-88cf-1c3b12e139ad@group-0DB47DC2B114-SegmentedRaftLogWorker] INFO  impl.StateMachineUpdater (StateMachineUpdater.java:stopAndJoin(125)) - 0bbc1277-be6f-4bf3-88cf-1c3b12e139ad@group-0DB47DC2B114-StateMachineUpdater: set stopIndex = -1
2019-09-25 05:52:47,643 [0bbc1277-be6f-4bf3-88cf-1c3b12e139ad@group-0DB47DC2B114-SegmentedRaftLogWorker] INFO  impl.RaftServerImpl (ServerState.java:close(385)) - 0bbc1277-be6f-4bf3-88cf-1c3b12e139ad@group-0DB47DC2B114: closes. applyIndex: -1
2019-09-25 05:52:47,643 [5be219b2-97fd-4a8c-91ea-b15aa89454d4@group-C916076952F9-SegmentedRaftLogWorker] INFO  util.JmxRegister (JmxRegister.java:unregister(73)) - Successfully un-registered JMX Bean with object name Ratis:service=RaftServer,group=group-C916076952F9,id=5be219b2-97fd-4a8c-91ea-b15aa89454d4
2019-09-25 05:52:47,643 [5be219b2-97fd-4a8c-91ea-b15aa89454d4@group-C916076952F9-SegmentedRaftLogWorker] INFO  impl.RoleInfo (RoleInfo.java:shutdownLeaderState(104)) - 5be219b2-97fd-4a8c-91ea-b15aa89454d4: shutdown LeaderState
2019-09-25 05:52:47,643 [5be219b2-97fd-4a8c-91ea-b15aa89454d4@group-144250B2D26F-SegmentedRaftLogWorker] INFO  impl.RoleInfo (RoleInfo.java:shutdownLeaderState(104)) - 5be219b2-97fd-4a8c-91ea-b15aa89454d4: shutdown LeaderState
2019-09-25 05:52:47,644 [5be219b2-97fd-4a8c-91ea-b15aa89454d4@group-C916076952F9-SegmentedRaftLogWorker] INFO  impl.PendingRequests (PendingRequests.java:sendNotLeaderResponses(202)) - 5be219b2-97fd-4a8c-91ea-b15aa89454d4-PendingRequests: sendNotLeaderResponses
2019-09-25 05:52:47,644 [0bbc1277-be6f-4bf3-88cf-1c3b12e139ad@group-0DB47DC2B114-SegmentedRaftLogWorker] INFO  segmented.SegmentedRaftLogWorker (SegmentedRaftLogWorker.java:close(228)) - 0bbc1277-be6f-4bf3-88cf-1c3b12e139ad@group-0DB47DC2B114-SegmentedRaftLogWorker close()
2019-09-25 05:52:47,644 [5be219b2-97fd-4a8c-91ea-b15aa89454d4@group-C916076952F9-SegmentedRaftLogWorker] INFO  impl.StateMachineUpdater (StateMachineUpdater.java:stopAndJoin(125)) - 5be219b2-97fd-4a8c-91ea-b15aa89454d4@group-C916076952F9-StateMachineUpdater: set stopIndex = -1
2019-09-25 05:52:47,644 [5be219b2-97fd-4a8c-91ea-b15aa89454d4@group-144250B2D26F-SegmentedRaftLogWorker] INFO  impl.PendingRequests (PendingRequests.java:sendNotLeaderResponses(202)) - 5be219b2-97fd-4a8c-91ea-b15aa89454d4-PendingRequests: sendNotLeaderResponses
2019-09-25 05:52:47,644 [5be219b2-97fd-4a8c-91ea-b15aa89454d4@group-C916076952F9-SegmentedRaftLogWorker] INFO  impl.RaftServerImpl (ServerState.java:close(385)) - 5be219b2-97fd-4a8c-91ea-b15aa89454d4@group-C916076952F9: closes. applyIndex: -1
2019-09-25 05:52:47,644 [5be219b2-97fd-4a8c-91ea-b15aa89454d4@group-144250B2D26F-SegmentedRaftLogWorker] INFO  impl.StateMachineUpdater (StateMachineUpdater.java:stopAndJoin(125)) - 5be219b2-97fd-4a8c-91ea-b15aa89454d4@group-144250B2D26F-StateMachineUpdater: set stopIndex = -1
2019-09-25 05:52:47,644 [5be219b2-97fd-4a8c-91ea-b15aa89454d4@group-C916076952F9-SegmentedRaftLogWorker] INFO  segmented.SegmentedRaftLogWorker (SegmentedRaftLogWorker.java:close(228)) - 5be219b2-97fd-4a8c-91ea-b15aa89454d4@group-C916076952F9-SegmentedRaftLogWorker close()
2019-09-25 05:52:47,644 [5be219b2-97fd-4a8c-91ea-b15aa89454d4@group-144250B2D26F-SegmentedRaftLogWorker] INFO  impl.RaftServerImpl (ServerState.java:close(385)) - 5be219b2-97fd-4a8c-91ea-b15aa89454d4@group-144250B2D26F: closes. applyIndex: -1
2019-09-25 05:52:47,644 [5be219b2-97fd-4a8c-91ea-b15aa89454d4@group-144250B2D26F-SegmentedRaftLogWorker] INFO  segmented.SegmentedRaftLogWorker (SegmentedRaftLogWorker.java:close(228)) - 5be219b2-97fd-4a8c-91ea-b15aa89454d4@group-144250B2D26F-SegmentedRaftLogWorker close()
2019-09-25 05:52:47,674 [5be219b2-97fd-4a8c-91ea-b15aa89454d4@group-2FF12999A258-SegmentedRaftLogWorker] ERROR segmented.SegmentedRaftLogWorker (SegmentedRaftLogWorker.java:run(323)) - 5be219b2-97fd-4a8c-91ea-b15aa89454d4@group-2FF12999A258-SegmentedRaftLogWorker hit exception
java.lang.OutOfMemoryError: Direct buffer memory
	at java.nio.Bits.reserveMemory(Bits.java:666)
	at java.nio.DirectByteBuffer.<init>(DirectByteBuffer.java:123)
	at java.nio.ByteBuffer.allocateDirect(ByteBuffer.java:311)
	at org.apache.ratis.server.raftlog.segmented.BufferedWriteChannel.<init>(BufferedWriteChannel.java:41)
	at org.apache.ratis.server.raftlog.segmented.SegmentedRaftLogOutputStream.<init>(SegmentedRaftLogOutputStream.java:72)
	at org.apache.ratis.server.raftlog.segmented.SegmentedRaftLogWorker$StartLogSegment.execute(SegmentedRaftLogWorker.java:566)
	at org.apache.ratis.server.raftlog.segmented.SegmentedRaftLogWorker.run(SegmentedRaftLogWorker.java:289)
	at java.lang.Thread.run(Thread.java:748)
2019-09-25 05:52:47,674 [5be219b2-97fd-4a8c-91ea-b15aa89454d4@group-2FF12999A258-SegmentedRaftLogWorker] INFO  impl.RaftServerImpl (RaftServerImpl.java:lambda$shutdown$3(251)) - 5be219b2-97fd-4a8c-91ea-b15aa89454d4@group-2FF12999A258: shutdown
2019-09-25 05:52:47,674 [5be219b2-97fd-4a8c-91ea-b15aa89454d4@group-2FF12999A258-SegmentedRaftLogWorker] INFO  util.JmxRegister (JmxRegister.java:unregister(73)) - Successfully un-registered JMX Bean with object name Ratis:service=RaftServer,group=group-2FF12999A258,id=5be219b2-97fd-4a8c-91ea-b15aa89454d4
2019-09-25 05:52:47,674 [5be219b2-97fd-4a8c-91ea-b15aa89454d4@group-2FF12999A258-SegmentedRaftLogWorker] INFO  impl.RoleInfo (RoleInfo.java:shutdownLeaderState(104)) - 5be219b2-97fd-4a8c-91ea-b15aa89454d4: shutdown LeaderState
2019-09-25 05:52:47,674 [5be219b2-97fd-4a8c-91ea-b15aa89454d4@group-2FF12999A258-SegmentedRaftLogWorker] INFO  impl.PendingRequests (PendingRequests.java:sendNotLeaderResponses(202)) - 5be219b2-97fd-4a8c-91ea-b15aa89454d4-PendingRequests: sendNotLeaderResponses
2019-09-25 05:52:47,674 [5be219b2-97fd-4a8c-91ea-b15aa89454d4@group-2FF12999A258-SegmentedRaftLogWorker] INFO  impl.StateMachineUpdater (StateMachineUpdater.java:stopAndJoin(125)) - 5be219b2-97fd-4a8c-91ea-b15aa89454d4@group-2FF12999A258-StateMachineUpdater: set stopIndex = -1
2019-09-25 05:52:47,675 [5be219b2-97fd-4a8c-91ea-b15aa89454d4@group-2FF12999A258-SegmentedRaftLogWorker] INFO  impl.RaftServerImpl (ServerState.java:close(385)) - 5be219b2-97fd-4a8c-91ea-b15aa89454d4@group-2FF12999A258: closes. applyIndex: -1
2019-09-25 05:52:47,675 [5be219b2-97fd-4a8c-91ea-b15aa89454d4@group-2FF12999A258-SegmentedRaftLogWorker] INFO  segmented.SegmentedRaftLogWorker (SegmentedRaftLogWorker.java:close(228)) - 5be219b2-97fd-4a8c-91ea-b15aa89454d4@group-2FF12999A258-SegmentedRaftLogWorker close()
2019-09-25 05:52:48,554 [pool-47-thread-1] INFO  storage.RaftStorageDirectory (RaftStorageDirectory.java:tryLock(328)) - Lock on /workdir/hadoop-ozone/integration-test/target/test-dir/MiniOzoneClusterImpl-5fae48a0-8517-4c16-9d39-4001697b8772/datanode-2/data/ratis/7204aecb-894f-43a8-aaf6-1d49c32e6057/in_use.lock acquired by nodename 25594@pr-hdds-1569-s62bp-3040748787
2019-09-25 05:52:48,554 [pool-37-thread-1] INFO  storage.RaftStorageDirectory (RaftStorageDirectory.java:tryLock(328)) - Lock on /workdir/hadoop-ozone/integration-test/target/test-dir/MiniOzoneClusterImpl-5fae48a0-8517-4c16-9d39-4001697b8772/datanode-1/data/ratis/7204aecb-894f-43a8-aaf6-1d49c32e6057/in_use.lock acquired by nodename 25594@pr-hdds-1569-s62bp-3040748787
2019-09-25 05:52:48,554 [pool-27-thread-1] INFO  storage.RaftStorageDirectory (RaftStorageDirectory.java:tryLock(328)) - Lock on /workdir/hadoop-ozone/integration-test/target/test-dir/MiniOzoneClusterImpl-5fae48a0-8517-4c16-9d39-4001697b8772/datanode-0/data/ratis/7204aecb-894f-43a8-aaf6-1d49c32e6057/in_use.lock acquired by nodename 25594@pr-hdds-1569-s62bp-3040748787
2019-09-25 05:52:48,739 [RATISCREATEPIPELINE3] ERROR pipeline.RatisPipelineProvider (RatisPipelineProvider.java:lambda$null$2(181)) - Failed invoke Ratis rpc org.apache.hadoop.hdds.scm.pipeline.RatisPipelineProvider$$Lambda$179/1731679697@5037fe4d for 5be219b2-97fd-4a8c-91ea-b15aa89454d4
org.apache.ratis.protocol.TimeoutIOException: deadline exceeded after 2999827001ns
	at org.apache.ratis.grpc.GrpcUtil.tryUnwrapException(GrpcUtil.java:82)
	at org.apache.ratis.grpc.GrpcUtil.unwrapException(GrpcUtil.java:75)
	at org.apache.ratis.grpc.client.GrpcClientProtocolClient.blockingCall(GrpcClientProtocolClient.java:178)
	at org.apache.ratis.grpc.client.GrpcClientProtocolClient.groupAdd(GrpcClientProtocolClient.java:147)
	at org.apache.ratis.grpc.client.GrpcClientRpc.sendRequest(GrpcClientRpc.java:94)
	at org.apache.ratis.client.impl.RaftClientImpl.sendRequest(RaftClientImpl.java:278)
	at org.apache.ratis.client.impl.RaftClientImpl.groupAdd(RaftClientImpl.java:205)
	at org.apache.hadoop.hdds.scm.pipeline.RatisPipelineProvider.lambda$initializePipeline$1(RatisPipelineProvider.java:142)
	at org.apache.hadoop.hdds.scm.pipeline.RatisPipelineProvider.lambda$null$2(RatisPipelineProvider.java:177)
	at java.util.stream.ForEachOps$ForEachOp$OfRef.accept(ForEachOps.java:184)
	at java.util.ArrayList$ArrayListSpliterator.forEachRemaining(ArrayList.java:1382)
	at java.util.stream.AbstractPipeline.copyInto(AbstractPipeline.java:482)
	at java.util.stream.ForEachOps$ForEachTask.compute(ForEachOps.java:291)
	at java.util.concurrent.CountedCompleter.exec(CountedCompleter.java:731)
	at java.util.concurrent.ForkJoinTask.doExec(ForkJoinTask.java:289)
	at java.util.concurrent.ForkJoinPool$WorkQueue.runTask(ForkJoinPool.java:1056)
	at java.util.concurrent.ForkJoinPool.runWorker(ForkJoinPool.java:1692)
	at java.util.concurrent.ForkJoinWorkerThread.run(ForkJoinWorkerThread.java:157)
Caused by: org.apache.ratis.thirdparty.io.grpc.StatusRuntimeException: DEADLINE_EXCEEDED: deadline exceeded after 2999827001ns
	at org.apache.ratis.thirdparty.io.grpc.stub.ClientCalls.toStatusRuntimeException(ClientCalls.java:233)
	at org.apache.ratis.thirdparty.io.grpc.stub.ClientCalls.getUnchecked(ClientCalls.java:214)
	at org.apache.ratis.thirdparty.io.grpc.stub.ClientCalls.blockingUnaryCall(ClientCalls.java:139)
	at org.apache.ratis.proto.grpc.AdminProtocolServiceGrpc$AdminProtocolServiceBlockingStub.groupManagement(AdminProtocolServiceGrpc.java:274)
	at org.apache.ratis.grpc.client.GrpcClientProtocolClient.lambda$groupAdd$3(GrpcClientProtocolClient.java:149)
	at org.apache.ratis.grpc.client.GrpcClientProtocolClient.blockingCall(GrpcClientProtocolClient.java:176)
	... 15 more
2019-09-25 05:52:48,739 [RATISCREATEPIPELINE2] ERROR pipeline.RatisPipelineProvider (RatisPipelineProvider.java:lambda$null$2(181)) - Failed invoke Ratis rpc org.apache.hadoop.hdds.scm.pipeline.RatisPipelineProvider$$Lambda$179/1731679697@5037fe4d for 0bbc1277-be6f-4bf3-88cf-1c3b12e139ad
org.apache.ratis.protocol.TimeoutIOException: deadline exceeded after 2999742395ns
	at org.apache.ratis.grpc.GrpcUtil.tryUnwrapException(GrpcUtil.java:82)
	at org.apache.ratis.grpc.GrpcUtil.unwrapException(GrpcUtil.java:75)
	at org.apache.ratis.grpc.client.GrpcClientProtocolClient.blockingCall(GrpcClientProtocolClient.java:178)
	at org.apache.ratis.grpc.client.GrpcClientProtocolClient.groupAdd(GrpcClientProtocolClient.java:147)
	at org.apache.ratis.grpc.client.GrpcClientRpc.sendRequest(GrpcClientRpc.java:94)
	at org.apache.ratis.client.impl.RaftClientImpl.sendRequest(RaftClientImpl.java:278)
	at org.apache.ratis.client.impl.RaftClientImpl.groupAdd(RaftClientImpl.java:205)
	at org.apache.hadoop.hdds.scm.pipeline.RatisPipelineProvider.lambda$initializePipeline$1(RatisPipelineProvider.java:142)
	at org.apache.hadoop.hdds.scm.pipeline.RatisPipelineProvider.lambda$null$2(RatisPipelineProvider.java:177)
	at java.util.stream.ForEachOps$ForEachOp$OfRef.accept(ForEachOps.java:184)
	at java.util.ArrayList$ArrayListSpliterator.forEachRemaining(ArrayList.java:1382)
	at java.util.stream.AbstractPipeline.copyInto(AbstractPipeline.java:482)
	at java.util.stream.ForEachOps$ForEachTask.compute(ForEachOps.java:291)
	at java.util.concurrent.CountedCompleter.exec(CountedCompleter.java:731)
	at java.util.concurrent.ForkJoinTask.doExec(ForkJoinTask.java:289)
	at java.util.concurrent.ForkJoinPool$WorkQueue.runTask(ForkJoinPool.java:1056)
	at java.util.concurrent.ForkJoinPool.runWorker(ForkJoinPool.java:1692)
	at java.util.concurrent.ForkJoinWorkerThread.run(ForkJoinWorkerThread.java:157)
Caused by: org.apache.ratis.thirdparty.io.grpc.StatusRuntimeException: DEADLINE_EXCEEDED: deadline exceeded after 2999742395ns
	at org.apache.ratis.thirdparty.io.grpc.stub.ClientCalls.toStatusRuntimeException(ClientCalls.java:233)
	at org.apache.ratis.thirdparty.io.grpc.stub.ClientCalls.getUnchecked(ClientCalls.java:214)
	at org.apache.ratis.thirdparty.io.grpc.stub.ClientCalls.blockingUnaryCall(ClientCalls.java:139)
	at org.apache.ratis.proto.grpc.AdminProtocolServiceGrpc$AdminProtocolServiceBlockingStub.groupManagement(AdminProtocolServiceGrpc.java:274)
	at org.apache.ratis.grpc.client.GrpcClientProtocolClient.lambda$groupAdd$3(GrpcClientProtocolClient.java:149)
	at org.apache.ratis.grpc.client.GrpcClientProtocolClient.blockingCall(GrpcClientProtocolClient.java:176)
	... 15 more
2019-09-25 05:52:48,739 [RATISCREATEPIPELINE1] ERROR pipeline.RatisPipelineProvider (RatisPipelineProvider.java:lambda$null$2(181)) - Failed invoke Ratis rpc org.apache.hadoop.hdds.scm.pipeline.RatisPipelineProvider$$Lambda$179/1731679697@5037fe4d for 754f3588-47e6-41ad-b34e-eb7041cce070
org.apache.ratis.protocol.TimeoutIOException: deadline exceeded after 2999809382ns
	at org.apache.ratis.grpc.GrpcUtil.tryUnwrapException(GrpcUtil.java:82)
	at org.apache.ratis.grpc.GrpcUtil.unwrapException(GrpcUtil.java:75)
	at org.apache.ratis.grpc.client.GrpcClientProtocolClient.blockingCall(GrpcClientProtocolClient.java:178)
	at org.apache.ratis.grpc.client.GrpcClientProtocolClient.groupAdd(GrpcClientProtocolClient.java:147)
	at org.apache.ratis.grpc.client.GrpcClientRpc.sendRequest(GrpcClientRpc.java:94)
	at org.apache.ratis.client.impl.RaftClientImpl.sendRequest(RaftClientImpl.java:278)
	at org.apache.ratis.client.impl.RaftClientImpl.groupAdd(RaftClientImpl.java:205)
	at org.apache.hadoop.hdds.scm.pipeline.RatisPipelineProvider.lambda$initializePipeline$1(RatisPipelineProvider.java:142)
	at org.apache.hadoop.hdds.scm.pipeline.RatisPipelineProvider.lambda$null$2(RatisPipelineProvider.java:177)
	at java.util.stream.ForEachOps$ForEachOp$OfRef.accept(ForEachOps.java:184)
	at java.util.ArrayList$ArrayListSpliterator.forEachRemaining(ArrayList.java:1382)
	at java.util.stream.AbstractPipeline.copyInto(AbstractPipeline.java:482)
	at java.util.stream.ForEachOps$ForEachTask.compute(ForEachOps.java:291)
	at java.util.concurrent.CountedCompleter.exec(CountedCompleter.java:731)
	at java.util.concurrent.ForkJoinTask.doExec(ForkJoinTask.java:289)
	at java.util.concurrent.ForkJoinTask.doInvoke(ForkJoinTask.java:401)
	at java.util.concurrent.ForkJoinTask.invoke(ForkJoinTask.java:734)
	at java.util.stream.ForEachOps$ForEachOp.evaluateParallel(ForEachOps.java:160)
	at java.util.stream.ForEachOps$ForEachOp$OfRef.evaluateParallel(ForEachOps.java:174)
	at java.util.stream.AbstractPipeline.evaluate(AbstractPipeline.java:233)
	at java.util.stream.ReferencePipeline.forEach(ReferencePipeline.java:418)
	at java.util.stream.ReferencePipeline$Head.forEach(ReferencePipeline.java:583)
	at org.apache.hadoop.hdds.scm.pipeline.RatisPipelineProvider.lambda$callRatisRpc$3(RatisPipelineProvider.java:171)
	at java.util.concurrent.ForkJoinTask$AdaptedRunnableAction.exec(ForkJoinTask.java:1386)
	at java.util.concurrent.ForkJoinTask.doExec(ForkJoinTask.java:289)
	at java.util.concurrent.ForkJoinPool$WorkQueue.runTask(ForkJoinPool.java:1056)
	at java.util.concurrent.ForkJoinPool.runWorker(ForkJoinPool.java:1692)
	at java.util.concurrent.ForkJoinWorkerThread.run(ForkJoinWorkerThread.java:157)
Caused by: org.apache.ratis.thirdparty.io.grpc.StatusRuntimeException: DEADLINE_EXCEEDED: deadline exceeded after 2999809382ns
	at org.apache.ratis.thirdparty.io.grpc.stub.ClientCalls.toStatusRuntimeException(ClientCalls.java:233)
	at org.apache.ratis.thirdparty.io.grpc.stub.ClientCalls.getUnchecked(ClientCalls.java:214)
	at org.apache.ratis.thirdparty.io.grpc.stub.ClientCalls.blockingUnaryCall(ClientCalls.java:139)
	at org.apache.ratis.proto.grpc.AdminProtocolServiceGrpc$AdminProtocolServiceBlockingStub.groupManagement(AdminProtocolServiceGrpc.java:274)
	at org.apache.ratis.grpc.client.GrpcClientProtocolClient.lambda$groupAdd$3(GrpcClientProtocolClient.java:149)
	at org.apache.ratis.grpc.client.GrpcClientProtocolClient.blockingCall(GrpcClientProtocolClient.java:176)
	... 25 more
2019-09-25 05:52:48,745 [RatisPipelineUtilsThread] ERROR pipeline.SCMPipelineManager (SCMPipelineManager.java:createPipeline(167)) - Pipeline creation failed due to exception: 3 exceptions [java.io.IOException: Failed invoke Ratis rpc org.apache.hadoop.hdds.scm.pipeline.RatisPipelineProvider$$Lambda$179/1731679697@5037fe4d for 5be219b2-97fd-4a8c-91ea-b15aa89454d4, java.io.IOException: Failed invoke Ratis rpc org.apache.hadoop.hdds.scm.pipeline.RatisPipelineProvider$$Lambda$179/1731679697@5037fe4d for 0bbc1277-be6f-4bf3-88cf-1c3b12e139ad, java.io.IOException: Failed invoke Ratis rpc org.apache.hadoop.hdds.scm.pipeline.RatisPipelineProvider$$Lambda$179/1731679697@5037fe4d for 754f3588-47e6-41ad-b34e-eb7041cce070]
2019-09-25 05:52:48,745 [IPC Server handler 0 on 34189] INFO  block.BlockManagerImpl (BlockManagerImpl.java:allocateBlock(198)) - Could not find available pipeline of type:RATIS and factor:THREE even after retrying
2019-09-25 05:52:48,745 [IPC Server handler 0 on 34189] ERROR block.BlockManagerImpl (BlockManagerImpl.java:allocateBlock(222)) - Unable to allocate a block for the size: 1600, type: RATIS, factor: THREE
2019-09-25 05:52:48,750 [grpc-default-executor-0] INFO  impl.RaftServerProxy (RaftServerProxy.java:addNew(89)) - 754f3588-47e6-41ad-b34e-eb7041cce070: addNew group-EE59A81F2C01:[754f3588-47e6-41ad-b34e-eb7041cce070:192.168.30.10:41089] returns group-EE59A81F2C01:java.util.concurrent.CompletableFuture@7bf287b5[Not completed]
]]></system-out>
    <system-err><![CDATA[ERROR StatusLogger No Log4j 2 configuration file found. Using default configuration (logging only errors to the console), or user programmatically provided configurations. Set system property 'log4j2.debug' to show Log4j 2 internal initialization logging. See https://logging.apache.org/log4j/2.x/manual/configuration.html for instructions on how to configure Log4j 2
]]></system-err>
  </testcase>
</testsuite>