<?xml version="1.0" encoding="UTF-8"?>
<testsuite xmlns:xsi="http://www.w3.org/2001/XMLSchema-instance" xsi:noNamespaceSchemaLocation="https://maven.apache.org/surefire/maven-surefire-plugin/xsd/surefire-test-report.xsd" name="org.apache.hadoop.hdds.scm.pipeline.TestPipelineClose" time="276.401" tests="4" errors="0" skipped="0" failures="1">
  <properties>
    <property name="awt.toolkit" value="sun.awt.X11.XToolkit"/>
    <property name="file.encoding.pkg" value="sun.io"/>
    <property name="java.specification.version" value="1.8"/>
    <property name="sun.cpu.isalist" value=""/>
    <property name="sun.jnu.encoding" value="UTF-8"/>
    <property name="java.class.path" value="/workdir/hadoop-ozone/integration-test/target/test-classes:/workdir/hadoop-ozone/integration-test/target/classes:/home/user/.m2/repository/org/apache/hadoop/hadoop-ozone-common/0.5.0-SNAPSHOT/hadoop-ozone-common-0.5.0-SNAPSHOT.jar:/home/user/.m2/repository/org/apache/commons/commons-compress/1.4.1/commons-compress-1.4.1.jar:/home/user/.m2/repository/org/tukaani/xz/1.0/xz-1.0.jar:/home/user/.m2/repository/org/apache/hadoop/hadoop-common/3.2.0/hadoop-common-3.2.0.jar:/home/user/.m2/repository/org/apache/hadoop/hadoop-hdfs/3.2.0/hadoop-hdfs-3.2.0.jar:/home/user/.m2/repository/org/apache/hadoop/hadoop-hdfs-client/3.2.0/hadoop-hdfs-client-3.2.0.jar:/home/user/.m2/repository/com/fasterxml/jackson/core/jackson-annotations/2.9.9/jackson-annotations-2.9.9.jar:/home/user/.m2/repository/org/apache/hadoop/hadoop-hdds-common/0.5.0-SNAPSHOT/hadoop-hdds-common-0.5.0-SNAPSHOT.jar:/home/user/.m2/repository/javax/annotation/javax.annotation-api/1.2/javax.annotation-api-1.2.jar:/home/user/.m2/repository/org/apache/ratis/ratis-server/0.4.0/ratis-server-0.4.0.jar:/home/user/.m2/repository/org/apache/ratis/ratis-thirdparty-misc/0.2.0/ratis-thirdparty-misc-0.2.0.jar:/home/user/.m2/repository/org/apache/ratis/ratis-proto/0.4.0/ratis-proto-0.4.0.jar:/home/user/.m2/repository/org/apache/ratis/ratis-common/0.4.0/ratis-common-0.4.0.jar:/home/user/.m2/repository/org/apache/ratis/ratis-client/0.4.0/ratis-client-0.4.0.jar:/home/user/.m2/repository/org/apache/ratis/ratis-metrics/0.4.0/ratis-metrics-0.4.0.jar:/home/user/.m2/repository/com/github/joshelser/dropwizard-metrics-hadoop-metrics2-reporter/0.1.2/dropwizard-metrics-hadoop-metrics2-reporter-0.1.2.jar:/home/user/.m2/repository/io/dropwizard/metrics/metrics-jvm/3.2.5/metrics-jvm-3.2.5.jar:/home/user/.m2/repository/io/dropwizard/metrics/metrics-ganglia/3.2.5/metrics-ganglia-3.2.5.jar:/home/user/.m2/repository/info/ganglia/gmetric4j/gmetric4j/1.0.7/gmetric4j-1.0.7.jar:/home/user/.m2/repository/org/apache/ratis/ratis-netty/0.4.0/ratis-netty-0.4.0.jar:/home/user/.m2/repository/org/apache/ratis/ratis-grpc/0.4.0/ratis-grpc-0.4.0.jar:/home/user/.m2/repository/org/rocksdb/rocksdbjni/6.0.1/rocksdbjni-6.0.1.jar:/home/user/.m2/repository/org/apache/logging/log4j/log4j-api/2.11.0/log4j-api-2.11.0.jar:/home/user/.m2/repository/org/apache/logging/log4j/log4j-core/2.11.0/log4j-core-2.11.0.jar:/home/user/.m2/repository/com/lmax/disruptor/3.4.2/disruptor-3.4.2.jar:/home/user/.m2/repository/org/apache/commons/commons-pool2/2.6.0/commons-pool2-2.6.0.jar:/home/user/.m2/repository/org/bouncycastle/bcpkix-jdk15on/1.60/bcpkix-jdk15on-1.60.jar:/home/user/.m2/repository/commons-validator/commons-validator/1.6/commons-validator-1.6.jar:/home/user/.m2/repository/commons-digester/commons-digester/1.8.1/commons-digester-1.8.1.jar:/home/user/.m2/repository/io/jaegertracing/jaeger-client/0.34.0/jaeger-client-0.34.0.jar:/home/user/.m2/repository/io/jaegertracing/jaeger-thrift/0.34.0/jaeger-thrift-0.34.0.jar:/home/user/.m2/repository/org/apache/thrift/libthrift/0.12.0/libthrift-0.12.0.jar:/home/user/.m2/repository/com/squareup/okhttp3/okhttp/3.9.0/okhttp-3.9.0.jar:/home/user/.m2/repository/com/squareup/okio/okio/1.13.0/okio-1.13.0.jar:/home/user/.m2/repository/io/jaegertracing/jaeger-core/0.34.0/jaeger-core-0.34.0.jar:/home/user/.m2/repository/io/jaegertracing/jaeger-tracerresolver/0.34.0/jaeger-tracerresolver-0.34.0.jar:/home/user/.m2/repository/io/opentracing/contrib/opentracing-tracerresolver/0.1.5/opentracing-tracerresolver-0.1.5.jar:/home/user/.m2/repository/io/opentracing/opentracing-util/0.31.0/opentracing-util-0.31.0.jar:/home/user/.m2/repository/io/opentracing/opentracing-api/0.31.0/opentracing-api-0.31.0.jar:/home/user/.m2/repository/io/opentracing/opentracing-noop/0.31.0/opentracing-noop-0.31.0.jar:/home/user/.m2/repository/org/apache/hadoop/hadoop-hdds-server-framework/0.5.0-SNAPSHOT/hadoop-hdds-server-framework-0.5.0-SNAPSHOT.jar:/home/user/.m2/repository/org/apache/hadoop/hadoop-hdds-container-service/0.5.0-SNAPSHOT/hadoop-hdds-container-service-0.5.0-SNAPSHOT.jar:/home/user/.m2/repository/org/apache/hadoop/hadoop-hdds-client/0.5.0-SNAPSHOT/hadoop-hdds-client-0.5.0-SNAPSHOT.jar:/home/user/.m2/repository/org/apache/hadoop/hadoop-hdds-tools/0.5.0-SNAPSHOT/hadoop-hdds-tools-0.5.0-SNAPSHOT.jar:/home/user/.m2/repository/org/apache/hadoop/hadoop-hdds-server-scm/0.5.0-SNAPSHOT/hadoop-hdds-server-scm-0.5.0-SNAPSHOT.jar:/home/user/.m2/repository/org/apache/hadoop/hadoop-hdds-docs/0.5.0-SNAPSHOT/hadoop-hdds-docs-0.5.0-SNAPSHOT.jar:/home/user/.m2/repository/io/dropwizard/metrics/metrics-core/3.2.4/metrics-core-3.2.4.jar:/home/user/.m2/repository/org/hamcrest/hamcrest-all/1.3/hamcrest-all-1.3.jar:/home/user/.m2/repository/org/bouncycastle/bcprov-jdk15on/1.60/bcprov-jdk15on-1.60.jar:/home/user/.m2/repository/info/picocli/picocli/3.9.6/picocli-3.9.6.jar:/home/user/.m2/repository/com/google/protobuf/protobuf-java/2.5.0/protobuf-java-2.5.0.jar:/home/user/.m2/repository/com/google/guava/guava/11.0.2/guava-11.0.2.jar:/home/user/.m2/repository/org/apache/hadoop/hadoop-ozone-ozone-manager/0.5.0-SNAPSHOT/hadoop-ozone-ozone-manager-0.5.0-SNAPSHOT.jar:/home/user/.m2/repository/org/apache/hadoop/hadoop-minikdc/3.2.0/hadoop-minikdc-3.2.0.jar:/home/user/.m2/repository/commons-io/commons-io/2.5/commons-io-2.5.jar:/home/user/.m2/repository/org/apache/kerby/kerb-simplekdc/1.0.1/kerb-simplekdc-1.0.1.jar:/home/user/.m2/repository/org/apache/kerby/kerb-client/1.0.1/kerb-client-1.0.1.jar:/home/user/.m2/repository/org/apache/kerby/kerby-config/1.0.1/kerby-config-1.0.1.jar:/home/user/.m2/repository/org/apache/kerby/kerb-core/1.0.1/kerb-core-1.0.1.jar:/home/user/.m2/repository/org/apache/kerby/kerby-pkix/1.0.1/kerby-pkix-1.0.1.jar:/home/user/.m2/repository/org/apache/kerby/kerby-asn1/1.0.1/kerby-asn1-1.0.1.jar:/home/user/.m2/repository/org/apache/kerby/kerby-util/1.0.1/kerby-util-1.0.1.jar:/home/user/.m2/repository/org/apache/kerby/kerb-common/1.0.1/kerb-common-1.0.1.jar:/home/user/.m2/repository/org/apache/kerby/kerb-crypto/1.0.1/kerb-crypto-1.0.1.jar:/home/user/.m2/repository/org/apache/kerby/kerb-util/1.0.1/kerb-util-1.0.1.jar:/home/user/.m2/repository/org/apache/kerby/token-provider/1.0.1/token-provider-1.0.1.jar:/home/user/.m2/repository/org/apache/kerby/kerb-admin/1.0.1/kerb-admin-1.0.1.jar:/home/user/.m2/repository/org/apache/kerby/kerb-server/1.0.1/kerb-server-1.0.1.jar:/home/user/.m2/repository/org/apache/kerby/kerb-identity/1.0.1/kerb-identity-1.0.1.jar:/home/user/.m2/repository/org/apache/kerby/kerby-xdr/1.0.1/kerby-xdr-1.0.1.jar:/home/user/.m2/repository/org/slf4j/slf4j-log4j12/1.7.25/slf4j-log4j12-1.7.25.jar:/home/user/.m2/repository/org/apache/hadoop/hadoop-ozone-s3gateway/0.5.0-SNAPSHOT/hadoop-ozone-s3gateway-0.5.0-SNAPSHOT.jar:/home/user/.m2/repository/org/jboss/weld/servlet/weld-servlet/2.4.7.Final/weld-servlet-2.4.7.Final.jar:/home/user/.m2/repository/org/glassfish/jersey/containers/jersey-container-servlet-core/2.27/jersey-container-servlet-core-2.27.jar:/home/user/.m2/repository/org/glassfish/hk2/external/javax.inject/2.5.0-b42/javax.inject-2.5.0-b42.jar:/home/user/.m2/repository/org/glassfish/jersey/core/jersey-common/2.27/jersey-common-2.27.jar:/home/user/.m2/repository/org/glassfish/hk2/osgi-resource-locator/1.0.1/osgi-resource-locator-1.0.1.jar:/home/user/.m2/repository/javax/ws/rs/javax.ws.rs-api/2.1/javax.ws.rs-api-2.1.jar:/home/user/.m2/repository/org/glassfish/jersey/ext/cdi/jersey-cdi1x/2.27/jersey-cdi1x-2.27.jar:/home/user/.m2/repository/org/glassfish/jersey/inject/jersey-hk2/2.27/jersey-hk2-2.27.jar:/home/user/.m2/repository/org/glassfish/hk2/hk2-locator/2.5.0-b42/hk2-locator-2.5.0-b42.jar:/home/user/.m2/repository/org/javassist/javassist/3.22.0-CR2/javassist-3.22.0-CR2.jar:/home/user/.m2/repository/org/glassfish/hk2/hk2-api/2.5.0/hk2-api-2.5.0.jar:/home/user/.m2/repository/org/glassfish/hk2/external/jakarta.inject/2.5.0/jakarta.inject-2.5.0.jar:/home/user/.m2/repository/org/glassfish/hk2/hk2-utils/2.5.0/hk2-utils-2.5.0.jar:/home/user/.m2/repository/jakarta/annotation/jakarta.annotation-api/1.3.4/jakarta.annotation-api-1.3.4.jar:/home/user/.m2/repository/org/glassfish/hk2/external/aopalliance-repackaged/2.5.0/aopalliance-repackaged-2.5.0.jar:/home/user/.m2/repository/com/fasterxml/jackson/dataformat/jackson-dataformat-xml/2.9.0/jackson-dataformat-xml-2.9.0.jar:/home/user/.m2/repository/com/fasterxml/jackson/core/jackson-core/2.9.9/jackson-core-2.9.9.jar:/home/user/.m2/repository/com/fasterxml/jackson/module/jackson-module-jaxb-annotations/2.9.9/jackson-module-jaxb-annotations-2.9.9.jar:/home/user/.m2/repository/javax/enterprise/cdi-api/1.2/cdi-api-1.2.jar:/home/user/.m2/repository/javax/el/javax.el-api/3.0.0/javax.el-api-3.0.0.jar:/home/user/.m2/repository/javax/interceptor/javax.interceptor-api/1.2/javax.interceptor-api-1.2.jar:/home/user/.m2/repository/javax/inject/javax.inject/1/javax.inject-1.jar:/home/user/.m2/repository/com/sun/xml/bind/jaxb-impl/2.3.0.1/jaxb-impl-2.3.0.1.jar:/home/user/.m2/repository/com/sun/xml/bind/jaxb-core/2.3.0.1/jaxb-core-2.3.0.1.jar:/home/user/.m2/repository/javax/xml/bind/jaxb-api/2.3.0/jaxb-api-2.3.0.jar:/home/user/.m2/repository/javax/activation/activation/1.1.1/activation-1.1.1.jar:/home/user/.m2/repository/org/apache/hadoop/hadoop-ozone-csi/0.5.0-SNAPSHOT/hadoop-ozone-csi-0.5.0-SNAPSHOT.jar:/home/user/.m2/repository/com/google/protobuf/protobuf-java-util/3.5.1/protobuf-java-util-3.5.1.jar:/home/user/.m2/repository/org/apache/hadoop/hadoop-hdds-config/0.5.0-SNAPSHOT/hadoop-hdds-config-0.5.0-SNAPSHOT.jar:/home/user/.m2/repository/io/grpc/grpc-netty/1.17.1/grpc-netty-1.17.1.jar:/home/user/.m2/repository/io/grpc/grpc-core/1.17.1/grpc-core-1.17.1.jar:/home/user/.m2/repository/io/grpc/grpc-context/1.17.1/grpc-context-1.17.1.jar:/home/user/.m2/repository/com/google/errorprone/error_prone_annotations/2.2.0/error_prone_annotations-2.2.0.jar:/home/user/.m2/repository/org/codehaus/mojo/animal-sniffer-annotations/1.17/animal-sniffer-annotations-1.17.jar:/home/user/.m2/repository/io/opencensus/opencensus-api/0.17.0/opencensus-api-0.17.0.jar:/home/user/.m2/repository/io/opencensus/opencensus-contrib-grpc-metrics/0.17.0/opencensus-contrib-grpc-metrics-0.17.0.jar:/home/user/.m2/repository/io/netty/netty-codec-http2/4.1.30.Final/netty-codec-http2-4.1.30.Final.jar:/home/user/.m2/repository/io/netty/netty-codec-http/4.1.30.Final/netty-codec-http-4.1.30.Final.jar:/home/user/.m2/repository/io/netty/netty-codec/4.1.30.Final/netty-codec-4.1.30.Final.jar:/home/user/.m2/repository/io/netty/netty-handler/4.1.30.Final/netty-handler-4.1.30.Final.jar:/home/user/.m2/repository/io/netty/netty-handler-proxy/4.1.30.Final/netty-handler-proxy-4.1.30.Final.jar:/home/user/.m2/repository/io/netty/netty-codec-socks/4.1.30.Final/netty-codec-socks-4.1.30.Final.jar:/home/user/.m2/repository/io/netty/netty-transport-native-epoll/4.1.30.Final/netty-transport-native-epoll-4.1.30.Final.jar:/home/user/.m2/repository/io/netty/netty-common/4.1.30.Final/netty-common-4.1.30.Final.jar:/home/user/.m2/repository/io/netty/netty-buffer/4.1.30.Final/netty-buffer-4.1.30.Final.jar:/home/user/.m2/repository/io/netty/netty-transport/4.1.30.Final/netty-transport-4.1.30.Final.jar:/home/user/.m2/repository/io/netty/netty-resolver/4.1.30.Final/netty-resolver-4.1.30.Final.jar:/home/user/.m2/repository/io/netty/netty-transport-native-unix-common/4.1.30.Final/netty-transport-native-unix-common-4.1.30.Final.jar:/home/user/.m2/repository/io/grpc/grpc-protobuf/1.17.1/grpc-protobuf-1.17.1.jar:/home/user/.m2/repository/com/google/api/grpc/proto-google-common-protos/1.0.0/proto-google-common-protos-1.0.0.jar:/home/user/.m2/repository/io/grpc/grpc-protobuf-lite/1.17.1/grpc-protobuf-lite-1.17.1.jar:/home/user/.m2/repository/io/grpc/grpc-stub/1.17.1/grpc-stub-1.17.1.jar:/home/user/.m2/repository/org/apache/hadoop/hadoop-ozone-recon/0.5.0-SNAPSHOT/hadoop-ozone-recon-0.5.0-SNAPSHOT.jar:/home/user/.m2/repository/org/apache/hadoop/hadoop-ozone-reconcodegen/0.5.0-SNAPSHOT/hadoop-ozone-reconcodegen-0.5.0-SNAPSHOT.jar:/home/user/.m2/repository/com/google/inject/extensions/guice-multibindings/4.0/guice-multibindings-4.0.jar:/home/user/.m2/repository/com/google/inject/guice/4.0/guice-4.0.jar:/home/user/.m2/repository/aopalliance/aopalliance/1.0/aopalliance-1.0.jar:/home/user/.m2/repository/com/google/inject/extensions/guice-servlet/4.0/guice-servlet-4.0.jar:/home/user/.m2/repository/org/glassfish/jersey/containers/jersey-container-servlet/2.27/jersey-container-servlet-2.27.jar:/home/user/.m2/repository/org/glassfish/hk2/guice-bridge/2.5.0/guice-bridge-2.5.0.jar:/home/user/.m2/repository/org/glassfish/jersey/core/jersey-server/2.27/jersey-server-2.27.jar:/home/user/.m2/repository/org/glassfish/jersey/core/jersey-client/2.27/jersey-client-2.27.jar:/home/user/.m2/repository/org/glassfish/jersey/media/jersey-media-jaxb/2.27/jersey-media-jaxb-2.27.jar:/home/user/.m2/repository/javax/validation/validation-api/1.1.0.Final/validation-api-1.1.0.Final.jar:/home/user/.m2/repository/org/glassfish/jersey/media/jersey-media-json-jackson/2.27/jersey-media-json-jackson-2.27.jar:/home/user/.m2/repository/org/glassfish/jersey/ext/jersey-entity-filtering/2.27/jersey-entity-filtering-2.27.jar:/home/user/.m2/repository/com/google/inject/extensions/guice-assistedinject/4.0/guice-assistedinject-4.0.jar:/home/user/.m2/repository/org/jooq/jooq/3.11.10/jooq-3.11.10.jar:/home/user/.m2/repository/org/jooq/jooq-meta/3.11.10/jooq-meta-3.11.10.jar:/home/user/.m2/repository/org/jooq/jooq-codegen/3.11.10/jooq-codegen-3.11.10.jar:/home/user/.m2/repository/com/jolbox/bonecp/0.8.0.RELEASE/bonecp-0.8.0.RELEASE.jar:/home/user/.m2/repository/org/xerial/sqlite-jdbc/3.25.2/sqlite-jdbc-3.25.2.jar:/home/user/.m2/repository/org/springframework/spring-jdbc/5.1.3.RELEASE/spring-jdbc-5.1.3.RELEASE.jar:/home/user/.m2/repository/org/springframework/spring-beans/5.1.3.RELEASE/spring-beans-5.1.3.RELEASE.jar:/home/user/.m2/repository/org/springframework/spring-core/5.1.3.RELEASE/spring-core-5.1.3.RELEASE.jar:/home/user/.m2/repository/org/springframework/spring-jcl/5.1.3.RELEASE/spring-jcl-5.1.3.RELEASE.jar:/home/user/.m2/repository/org/springframework/spring-tx/5.1.3.RELEASE/spring-tx-5.1.3.RELEASE.jar:/home/user/.m2/repository/org/apache/hadoop/hadoop-ozone-client/0.5.0-SNAPSHOT/hadoop-ozone-client-0.5.0-SNAPSHOT.jar:/home/user/.m2/repository/commons-lang/commons-lang/2.6/commons-lang-2.6.jar:/home/user/.m2/repository/org/apache/hadoop/hadoop-ozone-ozone-manager/0.5.0-SNAPSHOT/hadoop-ozone-ozone-manager-0.5.0-SNAPSHOT-tests.jar:/home/user/.m2/repository/junit/junit/4.11/junit-4.11.jar:/home/user/.m2/repository/org/hamcrest/hamcrest-core/1.3/hamcrest-core-1.3.jar:/home/user/.m2/repository/org/openjdk/jmh/jmh-core/1.19/jmh-core-1.19.jar:/home/user/.m2/repository/net/sf/jopt-simple/jopt-simple/4.6/jopt-simple-4.6.jar:/home/user/.m2/repository/org/apache/commons/commons-math3/3.1.1/commons-math3-3.1.1.jar:/home/user/.m2/repository/org/openjdk/jmh/jmh-generator-annprocess/1.19/jmh-generator-annprocess-1.19.jar:/home/user/.m2/repository/org/mockito/mockito-all/1.8.5/mockito-all-1.8.5.jar:/home/user/.m2/repository/org/apache/hadoop/hadoop-kms/3.2.0/hadoop-kms-3.2.0.jar:/home/user/.m2/repository/org/apache/hadoop/hadoop-auth/3.2.0/hadoop-auth-3.2.0.jar:/home/user/.m2/repository/com/nimbusds/nimbus-jose-jwt/4.41.1/nimbus-jose-jwt-4.41.1.jar:/home/user/.m2/repository/com/github/stephenc/jcip/jcip-annotations/1.0-1/jcip-annotations-1.0-1.jar:/home/user/.m2/repository/net/minidev/json-smart/2.3/json-smart-2.3.jar:/home/user/.m2/repository/net/minidev/accessors-smart/1.2/accessors-smart-1.2.jar:/home/user/.m2/repository/org/ow2/asm/asm/5.0.4/asm-5.0.4.jar:/home/user/.m2/repository/org/apache/curator/curator-framework/2.12.0/curator-framework-2.12.0.jar:/home/user/.m2/repository/com/sun/jersey/jersey-core/1.19/jersey-core-1.19.jar:/home/user/.m2/repository/javax/ws/rs/jsr311-api/1.1.1/jsr311-api-1.1.1.jar:/home/user/.m2/repository/com/sun/jersey/jersey-server/1.19/jersey-server-1.19.jar:/home/user/.m2/repository/javax/servlet/javax.servlet-api/3.1.0/javax.servlet-api-3.1.0.jar:/home/user/.m2/repository/org/eclipse/jetty/jetty-server/9.3.25.v20180904/jetty-server-9.3.25.v20180904.jar:/home/user/.m2/repository/org/eclipse/jetty/jetty-http/9.3.25.v20180904/jetty-http-9.3.25.v20180904.jar:/home/user/.m2/repository/org/eclipse/jetty/jetty-io/9.3.25.v20180904/jetty-io-9.3.25.v20180904.jar:/home/user/.m2/repository/org/eclipse/jetty/jetty-webapp/9.3.25.v20180904/jetty-webapp-9.3.25.v20180904.jar:/home/user/.m2/repository/org/eclipse/jetty/jetty-xml/9.3.25.v20180904/jetty-xml-9.3.25.v20180904.jar:/home/user/.m2/repository/log4j/log4j/1.2.17/log4j-1.2.17.jar:/home/user/.m2/repository/org/slf4j/slf4j-api/1.7.25/slf4j-api-1.7.25.jar:/home/user/.m2/repository/org/slf4j/jul-to-slf4j/1.7.25/jul-to-slf4j-1.7.25.jar:/home/user/.m2/repository/org/eclipse/jetty/jetty-util/9.3.25.v20180904/jetty-util-9.3.25.v20180904.jar:/home/user/.m2/repository/com/fasterxml/jackson/core/jackson-databind/2.9.9/jackson-databind-2.9.9.jar:/home/user/.m2/repository/org/apache/hadoop/hadoop-kms/3.2.0/hadoop-kms-3.2.0-tests.jar:/home/user/.m2/repository/org/apache/hadoop/hadoop-hdds-server-scm/0.5.0-SNAPSHOT/hadoop-hdds-server-scm-0.5.0-SNAPSHOT-tests.jar:/home/user/.m2/repository/org/apache/hadoop/hadoop-hdds-container-service/0.5.0-SNAPSHOT/hadoop-hdds-container-service-0.5.0-SNAPSHOT-tests.jar:/home/user/.m2/repository/org/yaml/snakeyaml/1.16/snakeyaml-1.16.jar:/home/user/.m2/repository/org/apache/hadoop/hadoop-common/3.2.0/hadoop-common-3.2.0-tests.jar:/home/user/.m2/repository/org/apache/hadoop/hadoop-annotations/3.2.0/hadoop-annotations-3.2.0.jar:/usr/lib/jvm/java-1.8-openjdk/jre/../lib/tools.jar:/home/user/.m2/repository/commons-cli/commons-cli/1.2/commons-cli-1.2.jar:/home/user/.m2/repository/org/apache/httpcomponents/httpclient/4.5.2/httpclient-4.5.2.jar:/home/user/.m2/repository/org/apache/httpcomponents/httpcore/4.4.4/httpcore-4.4.4.jar:/home/user/.m2/repository/commons-codec/commons-codec/1.11/commons-codec-1.11.jar:/home/user/.m2/repository/commons-net/commons-net/3.6/commons-net-3.6.jar:/home/user/.m2/repository/commons-collections/commons-collections/3.2.2/commons-collections-3.2.2.jar:/home/user/.m2/repository/org/eclipse/jetty/jetty-servlet/9.3.25.v20180904/jetty-servlet-9.3.25.v20180904.jar:/home/user/.m2/repository/org/eclipse/jetty/jetty-security/9.3.25.v20180904/jetty-security-9.3.25.v20180904.jar:/home/user/.m2/repository/javax/servlet/jsp/jsp-api/2.1/jsp-api-2.1.jar:/home/user/.m2/repository/com/sun/jersey/jersey-servlet/1.19/jersey-servlet-1.19.jar:/home/user/.m2/repository/com/sun/jersey/jersey-json/1.19/jersey-json-1.19.jar:/home/user/.m2/repository/org/codehaus/jettison/jettison/1.1/jettison-1.1.jar:/home/user/.m2/repository/org/codehaus/jackson/jackson-core-asl/1.9.13/jackson-core-asl-1.9.13.jar:/home/user/.m2/repository/org/codehaus/jackson/jackson-mapper-asl/1.9.13/jackson-mapper-asl-1.9.13.jar:/home/user/.m2/repository/org/codehaus/jackson/jackson-jaxrs/1.9.13/jackson-jaxrs-1.9.13.jar:/home/user/.m2/repository/org/codehaus/jackson/jackson-xc/1.9.13/jackson-xc-1.9.13.jar:/home/user/.m2/repository/commons-logging/commons-logging/1.1.3/commons-logging-1.1.3.jar:/home/user/.m2/repository/commons-beanutils/commons-beanutils/1.9.4/commons-beanutils-1.9.4.jar:/home/user/.m2/repository/org/apache/commons/commons-configuration2/2.1.1/commons-configuration2-2.1.1.jar:/home/user/.m2/repository/org/apache/commons/commons-lang3/3.7/commons-lang3-3.7.jar:/home/user/.m2/repository/org/apache/commons/commons-text/1.4/commons-text-1.4.jar:/home/user/.m2/repository/org/apache/avro/avro/1.7.7/avro-1.7.7.jar:/home/user/.m2/repository/com/thoughtworks/paranamer/paranamer/2.3/paranamer-2.3.jar:/home/user/.m2/repository/org/xerial/snappy/snappy-java/1.0.5/snappy-java-1.0.5.jar:/home/user/.m2/repository/com/google/re2j/re2j/1.1/re2j-1.1.jar:/home/user/.m2/repository/com/google/code/gson/gson/2.2.4/gson-2.2.4.jar:/home/user/.m2/repository/com/jcraft/jsch/0.1.54/jsch-0.1.54.jar:/home/user/.m2/repository/org/apache/curator/curator-client/2.12.0/curator-client-2.12.0.jar:/home/user/.m2/repository/org/apache/curator/curator-recipes/2.12.0/curator-recipes-2.12.0.jar:/home/user/.m2/repository/com/google/code/findbugs/jsr305/3.0.0/jsr305-3.0.0.jar:/home/user/.m2/repository/org/apache/htrace/htrace-core4/4.1.0-incubating/htrace-core4-4.1.0-incubating.jar:/home/user/.m2/repository/org/apache/zookeeper/zookeeper/3.4.13/zookeeper-3.4.13.jar:/home/user/.m2/repository/jline/jline/0.9.94/jline-0.9.94.jar:/home/user/.m2/repository/org/apache/yetus/audience-annotations/0.5.0/audience-annotations-0.5.0.jar:/home/user/.m2/repository/org/codehaus/woodstox/stax2-api/3.1.4/stax2-api-3.1.4.jar:/home/user/.m2/repository/com/fasterxml/woodstox/woodstox-core/5.0.3/woodstox-core-5.0.3.jar:/home/user/.m2/repository/dnsjava/dnsjava/2.1.7/dnsjava-2.1.7.jar:/home/user/.m2/repository/org/apache/hadoop/hadoop-hdfs/3.2.0/hadoop-hdfs-3.2.0-tests.jar:/home/user/.m2/repository/org/eclipse/jetty/jetty-util-ajax/9.3.25.v20180904/jetty-util-ajax-9.3.25.v20180904.jar:/home/user/.m2/repository/commons-daemon/commons-daemon/1.0.13/commons-daemon-1.0.13.jar:/home/user/.m2/repository/io/netty/netty/3.10.5.Final/netty-3.10.5.Final.jar:/home/user/.m2/repository/io/netty/netty-all/4.0.52.Final/netty-all-4.0.52.Final.jar:/home/user/.m2/repository/org/fusesource/leveldbjni/leveldbjni-all/1.8/leveldbjni-all-1.8.jar:"/>
    <property name="java.vm.vendor" value="IcedTea"/>
    <property name="sun.arch.data.model" value="64"/>
    <property name="test.build.dir" value="/workdir/hadoop-ozone/integration-test/target/test-dir"/>
    <property name="test.cache.data" value=""/>
    <property name="java.vendor.url" value="https://icedtea.classpath.org"/>
    <property name="user.timezone" value=""/>
    <property name="java.vm.specification.version" value="1.8"/>
    <property name="os.name" value="Linux"/>
    <property name="test.build.data" value="/workdir/hadoop-ozone/integration-test/target/test-dir"/>
    <property name="user.country" value="US"/>
    <property name="sun.java.launcher" value="SUN_STANDARD"/>
    <property name="sun.boot.library.path" value="/usr/lib/jvm/java-1.8-openjdk/jre/lib/amd64"/>
    <property name="sun.java.command" value="/workdir/hadoop-ozone/integration-test/target/surefire/surefirebooter1364344250263384038.jar /workdir/hadoop-ozone/integration-test/target/surefire 2019-09-25T03-07-58_965-jvmRun1 surefire3301369426326808214tmp surefire_867698056537846458146tmp"/>
    <property name="test" value="!TestMiniChaosOzoneCluster"/>
    <property name="surefire.test.class.path" value="/workdir/hadoop-ozone/integration-test/target/test-classes:/workdir/hadoop-ozone/integration-test/target/classes:/home/user/.m2/repository/org/apache/hadoop/hadoop-ozone-common/0.5.0-SNAPSHOT/hadoop-ozone-common-0.5.0-SNAPSHOT.jar:/home/user/.m2/repository/org/apache/commons/commons-compress/1.4.1/commons-compress-1.4.1.jar:/home/user/.m2/repository/org/tukaani/xz/1.0/xz-1.0.jar:/home/user/.m2/repository/org/apache/hadoop/hadoop-common/3.2.0/hadoop-common-3.2.0.jar:/home/user/.m2/repository/org/apache/hadoop/hadoop-hdfs/3.2.0/hadoop-hdfs-3.2.0.jar:/home/user/.m2/repository/org/apache/hadoop/hadoop-hdfs-client/3.2.0/hadoop-hdfs-client-3.2.0.jar:/home/user/.m2/repository/com/fasterxml/jackson/core/jackson-annotations/2.9.9/jackson-annotations-2.9.9.jar:/home/user/.m2/repository/org/apache/hadoop/hadoop-hdds-common/0.5.0-SNAPSHOT/hadoop-hdds-common-0.5.0-SNAPSHOT.jar:/home/user/.m2/repository/javax/annotation/javax.annotation-api/1.2/javax.annotation-api-1.2.jar:/home/user/.m2/repository/org/apache/ratis/ratis-server/0.4.0/ratis-server-0.4.0.jar:/home/user/.m2/repository/org/apache/ratis/ratis-thirdparty-misc/0.2.0/ratis-thirdparty-misc-0.2.0.jar:/home/user/.m2/repository/org/apache/ratis/ratis-proto/0.4.0/ratis-proto-0.4.0.jar:/home/user/.m2/repository/org/apache/ratis/ratis-common/0.4.0/ratis-common-0.4.0.jar:/home/user/.m2/repository/org/apache/ratis/ratis-client/0.4.0/ratis-client-0.4.0.jar:/home/user/.m2/repository/org/apache/ratis/ratis-metrics/0.4.0/ratis-metrics-0.4.0.jar:/home/user/.m2/repository/com/github/joshelser/dropwizard-metrics-hadoop-metrics2-reporter/0.1.2/dropwizard-metrics-hadoop-metrics2-reporter-0.1.2.jar:/home/user/.m2/repository/io/dropwizard/metrics/metrics-jvm/3.2.5/metrics-jvm-3.2.5.jar:/home/user/.m2/repository/io/dropwizard/metrics/metrics-ganglia/3.2.5/metrics-ganglia-3.2.5.jar:/home/user/.m2/repository/info/ganglia/gmetric4j/gmetric4j/1.0.7/gmetric4j-1.0.7.jar:/home/user/.m2/repository/org/apache/ratis/ratis-netty/0.4.0/ratis-netty-0.4.0.jar:/home/user/.m2/repository/org/apache/ratis/ratis-grpc/0.4.0/ratis-grpc-0.4.0.jar:/home/user/.m2/repository/org/rocksdb/rocksdbjni/6.0.1/rocksdbjni-6.0.1.jar:/home/user/.m2/repository/org/apache/logging/log4j/log4j-api/2.11.0/log4j-api-2.11.0.jar:/home/user/.m2/repository/org/apache/logging/log4j/log4j-core/2.11.0/log4j-core-2.11.0.jar:/home/user/.m2/repository/com/lmax/disruptor/3.4.2/disruptor-3.4.2.jar:/home/user/.m2/repository/org/apache/commons/commons-pool2/2.6.0/commons-pool2-2.6.0.jar:/home/user/.m2/repository/org/bouncycastle/bcpkix-jdk15on/1.60/bcpkix-jdk15on-1.60.jar:/home/user/.m2/repository/commons-validator/commons-validator/1.6/commons-validator-1.6.jar:/home/user/.m2/repository/commons-digester/commons-digester/1.8.1/commons-digester-1.8.1.jar:/home/user/.m2/repository/io/jaegertracing/jaeger-client/0.34.0/jaeger-client-0.34.0.jar:/home/user/.m2/repository/io/jaegertracing/jaeger-thrift/0.34.0/jaeger-thrift-0.34.0.jar:/home/user/.m2/repository/org/apache/thrift/libthrift/0.12.0/libthrift-0.12.0.jar:/home/user/.m2/repository/com/squareup/okhttp3/okhttp/3.9.0/okhttp-3.9.0.jar:/home/user/.m2/repository/com/squareup/okio/okio/1.13.0/okio-1.13.0.jar:/home/user/.m2/repository/io/jaegertracing/jaeger-core/0.34.0/jaeger-core-0.34.0.jar:/home/user/.m2/repository/io/jaegertracing/jaeger-tracerresolver/0.34.0/jaeger-tracerresolver-0.34.0.jar:/home/user/.m2/repository/io/opentracing/contrib/opentracing-tracerresolver/0.1.5/opentracing-tracerresolver-0.1.5.jar:/home/user/.m2/repository/io/opentracing/opentracing-util/0.31.0/opentracing-util-0.31.0.jar:/home/user/.m2/repository/io/opentracing/opentracing-api/0.31.0/opentracing-api-0.31.0.jar:/home/user/.m2/repository/io/opentracing/opentracing-noop/0.31.0/opentracing-noop-0.31.0.jar:/home/user/.m2/repository/org/apache/hadoop/hadoop-hdds-server-framework/0.5.0-SNAPSHOT/hadoop-hdds-server-framework-0.5.0-SNAPSHOT.jar:/home/user/.m2/repository/org/apache/hadoop/hadoop-hdds-container-service/0.5.0-SNAPSHOT/hadoop-hdds-container-service-0.5.0-SNAPSHOT.jar:/home/user/.m2/repository/org/apache/hadoop/hadoop-hdds-client/0.5.0-SNAPSHOT/hadoop-hdds-client-0.5.0-SNAPSHOT.jar:/home/user/.m2/repository/org/apache/hadoop/hadoop-hdds-tools/0.5.0-SNAPSHOT/hadoop-hdds-tools-0.5.0-SNAPSHOT.jar:/home/user/.m2/repository/org/apache/hadoop/hadoop-hdds-server-scm/0.5.0-SNAPSHOT/hadoop-hdds-server-scm-0.5.0-SNAPSHOT.jar:/home/user/.m2/repository/org/apache/hadoop/hadoop-hdds-docs/0.5.0-SNAPSHOT/hadoop-hdds-docs-0.5.0-SNAPSHOT.jar:/home/user/.m2/repository/io/dropwizard/metrics/metrics-core/3.2.4/metrics-core-3.2.4.jar:/home/user/.m2/repository/org/hamcrest/hamcrest-all/1.3/hamcrest-all-1.3.jar:/home/user/.m2/repository/org/bouncycastle/bcprov-jdk15on/1.60/bcprov-jdk15on-1.60.jar:/home/user/.m2/repository/info/picocli/picocli/3.9.6/picocli-3.9.6.jar:/home/user/.m2/repository/com/google/protobuf/protobuf-java/2.5.0/protobuf-java-2.5.0.jar:/home/user/.m2/repository/com/google/guava/guava/11.0.2/guava-11.0.2.jar:/home/user/.m2/repository/org/apache/hadoop/hadoop-ozone-ozone-manager/0.5.0-SNAPSHOT/hadoop-ozone-ozone-manager-0.5.0-SNAPSHOT.jar:/home/user/.m2/repository/org/apache/hadoop/hadoop-minikdc/3.2.0/hadoop-minikdc-3.2.0.jar:/home/user/.m2/repository/commons-io/commons-io/2.5/commons-io-2.5.jar:/home/user/.m2/repository/org/apache/kerby/kerb-simplekdc/1.0.1/kerb-simplekdc-1.0.1.jar:/home/user/.m2/repository/org/apache/kerby/kerb-client/1.0.1/kerb-client-1.0.1.jar:/home/user/.m2/repository/org/apache/kerby/kerby-config/1.0.1/kerby-config-1.0.1.jar:/home/user/.m2/repository/org/apache/kerby/kerb-core/1.0.1/kerb-core-1.0.1.jar:/home/user/.m2/repository/org/apache/kerby/kerby-pkix/1.0.1/kerby-pkix-1.0.1.jar:/home/user/.m2/repository/org/apache/kerby/kerby-asn1/1.0.1/kerby-asn1-1.0.1.jar:/home/user/.m2/repository/org/apache/kerby/kerby-util/1.0.1/kerby-util-1.0.1.jar:/home/user/.m2/repository/org/apache/kerby/kerb-common/1.0.1/kerb-common-1.0.1.jar:/home/user/.m2/repository/org/apache/kerby/kerb-crypto/1.0.1/kerb-crypto-1.0.1.jar:/home/user/.m2/repository/org/apache/kerby/kerb-util/1.0.1/kerb-util-1.0.1.jar:/home/user/.m2/repository/org/apache/kerby/token-provider/1.0.1/token-provider-1.0.1.jar:/home/user/.m2/repository/org/apache/kerby/kerb-admin/1.0.1/kerb-admin-1.0.1.jar:/home/user/.m2/repository/org/apache/kerby/kerb-server/1.0.1/kerb-server-1.0.1.jar:/home/user/.m2/repository/org/apache/kerby/kerb-identity/1.0.1/kerb-identity-1.0.1.jar:/home/user/.m2/repository/org/apache/kerby/kerby-xdr/1.0.1/kerby-xdr-1.0.1.jar:/home/user/.m2/repository/org/slf4j/slf4j-log4j12/1.7.25/slf4j-log4j12-1.7.25.jar:/home/user/.m2/repository/org/apache/hadoop/hadoop-ozone-s3gateway/0.5.0-SNAPSHOT/hadoop-ozone-s3gateway-0.5.0-SNAPSHOT.jar:/home/user/.m2/repository/org/jboss/weld/servlet/weld-servlet/2.4.7.Final/weld-servlet-2.4.7.Final.jar:/home/user/.m2/repository/org/glassfish/jersey/containers/jersey-container-servlet-core/2.27/jersey-container-servlet-core-2.27.jar:/home/user/.m2/repository/org/glassfish/hk2/external/javax.inject/2.5.0-b42/javax.inject-2.5.0-b42.jar:/home/user/.m2/repository/org/glassfish/jersey/core/jersey-common/2.27/jersey-common-2.27.jar:/home/user/.m2/repository/org/glassfish/hk2/osgi-resource-locator/1.0.1/osgi-resource-locator-1.0.1.jar:/home/user/.m2/repository/javax/ws/rs/javax.ws.rs-api/2.1/javax.ws.rs-api-2.1.jar:/home/user/.m2/repository/org/glassfish/jersey/ext/cdi/jersey-cdi1x/2.27/jersey-cdi1x-2.27.jar:/home/user/.m2/repository/org/glassfish/jersey/inject/jersey-hk2/2.27/jersey-hk2-2.27.jar:/home/user/.m2/repository/org/glassfish/hk2/hk2-locator/2.5.0-b42/hk2-locator-2.5.0-b42.jar:/home/user/.m2/repository/org/javassist/javassist/3.22.0-CR2/javassist-3.22.0-CR2.jar:/home/user/.m2/repository/org/glassfish/hk2/hk2-api/2.5.0/hk2-api-2.5.0.jar:/home/user/.m2/repository/org/glassfish/hk2/external/jakarta.inject/2.5.0/jakarta.inject-2.5.0.jar:/home/user/.m2/repository/org/glassfish/hk2/hk2-utils/2.5.0/hk2-utils-2.5.0.jar:/home/user/.m2/repository/jakarta/annotation/jakarta.annotation-api/1.3.4/jakarta.annotation-api-1.3.4.jar:/home/user/.m2/repository/org/glassfish/hk2/external/aopalliance-repackaged/2.5.0/aopalliance-repackaged-2.5.0.jar:/home/user/.m2/repository/com/fasterxml/jackson/dataformat/jackson-dataformat-xml/2.9.0/jackson-dataformat-xml-2.9.0.jar:/home/user/.m2/repository/com/fasterxml/jackson/core/jackson-core/2.9.9/jackson-core-2.9.9.jar:/home/user/.m2/repository/com/fasterxml/jackson/module/jackson-module-jaxb-annotations/2.9.9/jackson-module-jaxb-annotations-2.9.9.jar:/home/user/.m2/repository/javax/enterprise/cdi-api/1.2/cdi-api-1.2.jar:/home/user/.m2/repository/javax/el/javax.el-api/3.0.0/javax.el-api-3.0.0.jar:/home/user/.m2/repository/javax/interceptor/javax.interceptor-api/1.2/javax.interceptor-api-1.2.jar:/home/user/.m2/repository/javax/inject/javax.inject/1/javax.inject-1.jar:/home/user/.m2/repository/com/sun/xml/bind/jaxb-impl/2.3.0.1/jaxb-impl-2.3.0.1.jar:/home/user/.m2/repository/com/sun/xml/bind/jaxb-core/2.3.0.1/jaxb-core-2.3.0.1.jar:/home/user/.m2/repository/javax/xml/bind/jaxb-api/2.3.0/jaxb-api-2.3.0.jar:/home/user/.m2/repository/javax/activation/activation/1.1.1/activation-1.1.1.jar:/home/user/.m2/repository/org/apache/hadoop/hadoop-ozone-csi/0.5.0-SNAPSHOT/hadoop-ozone-csi-0.5.0-SNAPSHOT.jar:/home/user/.m2/repository/com/google/protobuf/protobuf-java-util/3.5.1/protobuf-java-util-3.5.1.jar:/home/user/.m2/repository/org/apache/hadoop/hadoop-hdds-config/0.5.0-SNAPSHOT/hadoop-hdds-config-0.5.0-SNAPSHOT.jar:/home/user/.m2/repository/io/grpc/grpc-netty/1.17.1/grpc-netty-1.17.1.jar:/home/user/.m2/repository/io/grpc/grpc-core/1.17.1/grpc-core-1.17.1.jar:/home/user/.m2/repository/io/grpc/grpc-context/1.17.1/grpc-context-1.17.1.jar:/home/user/.m2/repository/com/google/errorprone/error_prone_annotations/2.2.0/error_prone_annotations-2.2.0.jar:/home/user/.m2/repository/org/codehaus/mojo/animal-sniffer-annotations/1.17/animal-sniffer-annotations-1.17.jar:/home/user/.m2/repository/io/opencensus/opencensus-api/0.17.0/opencensus-api-0.17.0.jar:/home/user/.m2/repository/io/opencensus/opencensus-contrib-grpc-metrics/0.17.0/opencensus-contrib-grpc-metrics-0.17.0.jar:/home/user/.m2/repository/io/netty/netty-codec-http2/4.1.30.Final/netty-codec-http2-4.1.30.Final.jar:/home/user/.m2/repository/io/netty/netty-codec-http/4.1.30.Final/netty-codec-http-4.1.30.Final.jar:/home/user/.m2/repository/io/netty/netty-codec/4.1.30.Final/netty-codec-4.1.30.Final.jar:/home/user/.m2/repository/io/netty/netty-handler/4.1.30.Final/netty-handler-4.1.30.Final.jar:/home/user/.m2/repository/io/netty/netty-handler-proxy/4.1.30.Final/netty-handler-proxy-4.1.30.Final.jar:/home/user/.m2/repository/io/netty/netty-codec-socks/4.1.30.Final/netty-codec-socks-4.1.30.Final.jar:/home/user/.m2/repository/io/netty/netty-transport-native-epoll/4.1.30.Final/netty-transport-native-epoll-4.1.30.Final.jar:/home/user/.m2/repository/io/netty/netty-common/4.1.30.Final/netty-common-4.1.30.Final.jar:/home/user/.m2/repository/io/netty/netty-buffer/4.1.30.Final/netty-buffer-4.1.30.Final.jar:/home/user/.m2/repository/io/netty/netty-transport/4.1.30.Final/netty-transport-4.1.30.Final.jar:/home/user/.m2/repository/io/netty/netty-resolver/4.1.30.Final/netty-resolver-4.1.30.Final.jar:/home/user/.m2/repository/io/netty/netty-transport-native-unix-common/4.1.30.Final/netty-transport-native-unix-common-4.1.30.Final.jar:/home/user/.m2/repository/io/grpc/grpc-protobuf/1.17.1/grpc-protobuf-1.17.1.jar:/home/user/.m2/repository/com/google/api/grpc/proto-google-common-protos/1.0.0/proto-google-common-protos-1.0.0.jar:/home/user/.m2/repository/io/grpc/grpc-protobuf-lite/1.17.1/grpc-protobuf-lite-1.17.1.jar:/home/user/.m2/repository/io/grpc/grpc-stub/1.17.1/grpc-stub-1.17.1.jar:/home/user/.m2/repository/org/apache/hadoop/hadoop-ozone-recon/0.5.0-SNAPSHOT/hadoop-ozone-recon-0.5.0-SNAPSHOT.jar:/home/user/.m2/repository/org/apache/hadoop/hadoop-ozone-reconcodegen/0.5.0-SNAPSHOT/hadoop-ozone-reconcodegen-0.5.0-SNAPSHOT.jar:/home/user/.m2/repository/com/google/inject/extensions/guice-multibindings/4.0/guice-multibindings-4.0.jar:/home/user/.m2/repository/com/google/inject/guice/4.0/guice-4.0.jar:/home/user/.m2/repository/aopalliance/aopalliance/1.0/aopalliance-1.0.jar:/home/user/.m2/repository/com/google/inject/extensions/guice-servlet/4.0/guice-servlet-4.0.jar:/home/user/.m2/repository/org/glassfish/jersey/containers/jersey-container-servlet/2.27/jersey-container-servlet-2.27.jar:/home/user/.m2/repository/org/glassfish/hk2/guice-bridge/2.5.0/guice-bridge-2.5.0.jar:/home/user/.m2/repository/org/glassfish/jersey/core/jersey-server/2.27/jersey-server-2.27.jar:/home/user/.m2/repository/org/glassfish/jersey/core/jersey-client/2.27/jersey-client-2.27.jar:/home/user/.m2/repository/org/glassfish/jersey/media/jersey-media-jaxb/2.27/jersey-media-jaxb-2.27.jar:/home/user/.m2/repository/javax/validation/validation-api/1.1.0.Final/validation-api-1.1.0.Final.jar:/home/user/.m2/repository/org/glassfish/jersey/media/jersey-media-json-jackson/2.27/jersey-media-json-jackson-2.27.jar:/home/user/.m2/repository/org/glassfish/jersey/ext/jersey-entity-filtering/2.27/jersey-entity-filtering-2.27.jar:/home/user/.m2/repository/com/google/inject/extensions/guice-assistedinject/4.0/guice-assistedinject-4.0.jar:/home/user/.m2/repository/org/jooq/jooq/3.11.10/jooq-3.11.10.jar:/home/user/.m2/repository/org/jooq/jooq-meta/3.11.10/jooq-meta-3.11.10.jar:/home/user/.m2/repository/org/jooq/jooq-codegen/3.11.10/jooq-codegen-3.11.10.jar:/home/user/.m2/repository/com/jolbox/bonecp/0.8.0.RELEASE/bonecp-0.8.0.RELEASE.jar:/home/user/.m2/repository/org/xerial/sqlite-jdbc/3.25.2/sqlite-jdbc-3.25.2.jar:/home/user/.m2/repository/org/springframework/spring-jdbc/5.1.3.RELEASE/spring-jdbc-5.1.3.RELEASE.jar:/home/user/.m2/repository/org/springframework/spring-beans/5.1.3.RELEASE/spring-beans-5.1.3.RELEASE.jar:/home/user/.m2/repository/org/springframework/spring-core/5.1.3.RELEASE/spring-core-5.1.3.RELEASE.jar:/home/user/.m2/repository/org/springframework/spring-jcl/5.1.3.RELEASE/spring-jcl-5.1.3.RELEASE.jar:/home/user/.m2/repository/org/springframework/spring-tx/5.1.3.RELEASE/spring-tx-5.1.3.RELEASE.jar:/home/user/.m2/repository/org/apache/hadoop/hadoop-ozone-client/0.5.0-SNAPSHOT/hadoop-ozone-client-0.5.0-SNAPSHOT.jar:/home/user/.m2/repository/commons-lang/commons-lang/2.6/commons-lang-2.6.jar:/home/user/.m2/repository/org/apache/hadoop/hadoop-ozone-ozone-manager/0.5.0-SNAPSHOT/hadoop-ozone-ozone-manager-0.5.0-SNAPSHOT-tests.jar:/home/user/.m2/repository/junit/junit/4.11/junit-4.11.jar:/home/user/.m2/repository/org/hamcrest/hamcrest-core/1.3/hamcrest-core-1.3.jar:/home/user/.m2/repository/org/openjdk/jmh/jmh-core/1.19/jmh-core-1.19.jar:/home/user/.m2/repository/net/sf/jopt-simple/jopt-simple/4.6/jopt-simple-4.6.jar:/home/user/.m2/repository/org/apache/commons/commons-math3/3.1.1/commons-math3-3.1.1.jar:/home/user/.m2/repository/org/openjdk/jmh/jmh-generator-annprocess/1.19/jmh-generator-annprocess-1.19.jar:/home/user/.m2/repository/org/mockito/mockito-all/1.8.5/mockito-all-1.8.5.jar:/home/user/.m2/repository/org/apache/hadoop/hadoop-kms/3.2.0/hadoop-kms-3.2.0.jar:/home/user/.m2/repository/org/apache/hadoop/hadoop-auth/3.2.0/hadoop-auth-3.2.0.jar:/home/user/.m2/repository/com/nimbusds/nimbus-jose-jwt/4.41.1/nimbus-jose-jwt-4.41.1.jar:/home/user/.m2/repository/com/github/stephenc/jcip/jcip-annotations/1.0-1/jcip-annotations-1.0-1.jar:/home/user/.m2/repository/net/minidev/json-smart/2.3/json-smart-2.3.jar:/home/user/.m2/repository/net/minidev/accessors-smart/1.2/accessors-smart-1.2.jar:/home/user/.m2/repository/org/ow2/asm/asm/5.0.4/asm-5.0.4.jar:/home/user/.m2/repository/org/apache/curator/curator-framework/2.12.0/curator-framework-2.12.0.jar:/home/user/.m2/repository/com/sun/jersey/jersey-core/1.19/jersey-core-1.19.jar:/home/user/.m2/repository/javax/ws/rs/jsr311-api/1.1.1/jsr311-api-1.1.1.jar:/home/user/.m2/repository/com/sun/jersey/jersey-server/1.19/jersey-server-1.19.jar:/home/user/.m2/repository/javax/servlet/javax.servlet-api/3.1.0/javax.servlet-api-3.1.0.jar:/home/user/.m2/repository/org/eclipse/jetty/jetty-server/9.3.25.v20180904/jetty-server-9.3.25.v20180904.jar:/home/user/.m2/repository/org/eclipse/jetty/jetty-http/9.3.25.v20180904/jetty-http-9.3.25.v20180904.jar:/home/user/.m2/repository/org/eclipse/jetty/jetty-io/9.3.25.v20180904/jetty-io-9.3.25.v20180904.jar:/home/user/.m2/repository/org/eclipse/jetty/jetty-webapp/9.3.25.v20180904/jetty-webapp-9.3.25.v20180904.jar:/home/user/.m2/repository/org/eclipse/jetty/jetty-xml/9.3.25.v20180904/jetty-xml-9.3.25.v20180904.jar:/home/user/.m2/repository/log4j/log4j/1.2.17/log4j-1.2.17.jar:/home/user/.m2/repository/org/slf4j/slf4j-api/1.7.25/slf4j-api-1.7.25.jar:/home/user/.m2/repository/org/slf4j/jul-to-slf4j/1.7.25/jul-to-slf4j-1.7.25.jar:/home/user/.m2/repository/org/eclipse/jetty/jetty-util/9.3.25.v20180904/jetty-util-9.3.25.v20180904.jar:/home/user/.m2/repository/com/fasterxml/jackson/core/jackson-databind/2.9.9/jackson-databind-2.9.9.jar:/home/user/.m2/repository/org/apache/hadoop/hadoop-kms/3.2.0/hadoop-kms-3.2.0-tests.jar:/home/user/.m2/repository/org/apache/hadoop/hadoop-hdds-server-scm/0.5.0-SNAPSHOT/hadoop-hdds-server-scm-0.5.0-SNAPSHOT-tests.jar:/home/user/.m2/repository/org/apache/hadoop/hadoop-hdds-container-service/0.5.0-SNAPSHOT/hadoop-hdds-container-service-0.5.0-SNAPSHOT-tests.jar:/home/user/.m2/repository/org/yaml/snakeyaml/1.16/snakeyaml-1.16.jar:/home/user/.m2/repository/org/apache/hadoop/hadoop-common/3.2.0/hadoop-common-3.2.0-tests.jar:/home/user/.m2/repository/org/apache/hadoop/hadoop-annotations/3.2.0/hadoop-annotations-3.2.0.jar:/usr/lib/jvm/java-1.8-openjdk/jre/../lib/tools.jar:/home/user/.m2/repository/commons-cli/commons-cli/1.2/commons-cli-1.2.jar:/home/user/.m2/repository/org/apache/httpcomponents/httpclient/4.5.2/httpclient-4.5.2.jar:/home/user/.m2/repository/org/apache/httpcomponents/httpcore/4.4.4/httpcore-4.4.4.jar:/home/user/.m2/repository/commons-codec/commons-codec/1.11/commons-codec-1.11.jar:/home/user/.m2/repository/commons-net/commons-net/3.6/commons-net-3.6.jar:/home/user/.m2/repository/commons-collections/commons-collections/3.2.2/commons-collections-3.2.2.jar:/home/user/.m2/repository/org/eclipse/jetty/jetty-servlet/9.3.25.v20180904/jetty-servlet-9.3.25.v20180904.jar:/home/user/.m2/repository/org/eclipse/jetty/jetty-security/9.3.25.v20180904/jetty-security-9.3.25.v20180904.jar:/home/user/.m2/repository/javax/servlet/jsp/jsp-api/2.1/jsp-api-2.1.jar:/home/user/.m2/repository/com/sun/jersey/jersey-servlet/1.19/jersey-servlet-1.19.jar:/home/user/.m2/repository/com/sun/jersey/jersey-json/1.19/jersey-json-1.19.jar:/home/user/.m2/repository/org/codehaus/jettison/jettison/1.1/jettison-1.1.jar:/home/user/.m2/repository/org/codehaus/jackson/jackson-core-asl/1.9.13/jackson-core-asl-1.9.13.jar:/home/user/.m2/repository/org/codehaus/jackson/jackson-mapper-asl/1.9.13/jackson-mapper-asl-1.9.13.jar:/home/user/.m2/repository/org/codehaus/jackson/jackson-jaxrs/1.9.13/jackson-jaxrs-1.9.13.jar:/home/user/.m2/repository/org/codehaus/jackson/jackson-xc/1.9.13/jackson-xc-1.9.13.jar:/home/user/.m2/repository/commons-logging/commons-logging/1.1.3/commons-logging-1.1.3.jar:/home/user/.m2/repository/commons-beanutils/commons-beanutils/1.9.4/commons-beanutils-1.9.4.jar:/home/user/.m2/repository/org/apache/commons/commons-configuration2/2.1.1/commons-configuration2-2.1.1.jar:/home/user/.m2/repository/org/apache/commons/commons-lang3/3.7/commons-lang3-3.7.jar:/home/user/.m2/repository/org/apache/commons/commons-text/1.4/commons-text-1.4.jar:/home/user/.m2/repository/org/apache/avro/avro/1.7.7/avro-1.7.7.jar:/home/user/.m2/repository/com/thoughtworks/paranamer/paranamer/2.3/paranamer-2.3.jar:/home/user/.m2/repository/org/xerial/snappy/snappy-java/1.0.5/snappy-java-1.0.5.jar:/home/user/.m2/repository/com/google/re2j/re2j/1.1/re2j-1.1.jar:/home/user/.m2/repository/com/google/code/gson/gson/2.2.4/gson-2.2.4.jar:/home/user/.m2/repository/com/jcraft/jsch/0.1.54/jsch-0.1.54.jar:/home/user/.m2/repository/org/apache/curator/curator-client/2.12.0/curator-client-2.12.0.jar:/home/user/.m2/repository/org/apache/curator/curator-recipes/2.12.0/curator-recipes-2.12.0.jar:/home/user/.m2/repository/com/google/code/findbugs/jsr305/3.0.0/jsr305-3.0.0.jar:/home/user/.m2/repository/org/apache/htrace/htrace-core4/4.1.0-incubating/htrace-core4-4.1.0-incubating.jar:/home/user/.m2/repository/org/apache/zookeeper/zookeeper/3.4.13/zookeeper-3.4.13.jar:/home/user/.m2/repository/jline/jline/0.9.94/jline-0.9.94.jar:/home/user/.m2/repository/org/apache/yetus/audience-annotations/0.5.0/audience-annotations-0.5.0.jar:/home/user/.m2/repository/org/codehaus/woodstox/stax2-api/3.1.4/stax2-api-3.1.4.jar:/home/user/.m2/repository/com/fasterxml/woodstox/woodstox-core/5.0.3/woodstox-core-5.0.3.jar:/home/user/.m2/repository/dnsjava/dnsjava/2.1.7/dnsjava-2.1.7.jar:/home/user/.m2/repository/org/apache/hadoop/hadoop-hdfs/3.2.0/hadoop-hdfs-3.2.0-tests.jar:/home/user/.m2/repository/org/eclipse/jetty/jetty-util-ajax/9.3.25.v20180904/jetty-util-ajax-9.3.25.v20180904.jar:/home/user/.m2/repository/commons-daemon/commons-daemon/1.0.13/commons-daemon-1.0.13.jar:/home/user/.m2/repository/io/netty/netty/3.10.5.Final/netty-3.10.5.Final.jar:/home/user/.m2/repository/io/netty/netty-all/4.0.52.Final/netty-all-4.0.52.Final.jar:/home/user/.m2/repository/org/fusesource/leveldbjni/leveldbjni-all/1.8/leveldbjni-all-1.8.jar:"/>
    <property name="sun.cpu.endian" value="little"/>
    <property name="user.home" value="/home/user"/>
    <property name="user.language" value="en"/>
    <property name="java.specification.vendor" value="Oracle Corporation"/>
    <property name="java.home" value="/usr/lib/jvm/java-1.8-openjdk/jre"/>
    <property name="java.security.krb5.conf" value="/workdir/hadoop-ozone/integration-test/target/test-classes/krb5.conf"/>
    <property name="basedir" value="/workdir/hadoop-ozone/integration-test"/>
    <property name="file.separator" value="/"/>
    <property name="line.separator" value="&#10;"/>
    <property name="java.vm.specification.vendor" value="Oracle Corporation"/>
    <property name="java.specification.name" value="Java Platform API Specification"/>
    <property name="java.awt.graphicsenv" value="sun.awt.X11GraphicsEnvironment"/>
    <property name="surefire.real.class.path" value="/workdir/hadoop-ozone/integration-test/target/surefire/surefirebooter1364344250263384038.jar"/>
    <property name="hadoop.log.dir" value="/workdir/hadoop-ozone/integration-test/target/log"/>
    <property name="sun.boot.class.path" value="/usr/lib/jvm/java-1.8-openjdk/jre/lib/resources.jar:/usr/lib/jvm/java-1.8-openjdk/jre/lib/rt.jar:/usr/lib/jvm/java-1.8-openjdk/jre/lib/sunrsasign.jar:/usr/lib/jvm/java-1.8-openjdk/jre/lib/jsse.jar:/usr/lib/jvm/java-1.8-openjdk/jre/lib/jce.jar:/usr/lib/jvm/java-1.8-openjdk/jre/lib/charsets.jar:/usr/lib/jvm/java-1.8-openjdk/jre/lib/jfr.jar:/usr/lib/jvm/java-1.8-openjdk/jre/classes"/>
    <property name="sun.management.compiler" value="HotSpot 64-Bit Tiered Compilers"/>
    <property name="java.runtime.version" value="1.8.0_212-b04"/>
    <property name="java.net.preferIPv4Stack" value="true"/>
    <property name="user.name" value="jenkins1000"/>
    <property name="path.separator" value=":"/>
    <property name="java.security.egd" value="file:///dev/urandom"/>
    <property name="os.version" value="3.10.0-957.12.2.el7.x86_64"/>
    <property name="java.endorsed.dirs" value="/usr/lib/jvm/java-1.8-openjdk/jre/lib/endorsed"/>
    <property name="java.runtime.name" value="OpenJDK Runtime Environment"/>
    <property name="file.encoding" value="UTF-8"/>
    <property name="java.vm.name" value="OpenJDK 64-Bit Server VM"/>
    <property name="test.build.webapps" value=""/>
    <property name="localRepository" value="/home/user/.m2/repository"/>
    <property name="java.vendor.url.bug" value="https://icedtea.classpath.org/bugzilla"/>
    <property name="java.io.tmpdir" value="/tmp"/>
    <property name="require.test.libhadoop" value=""/>
    <property name="java.version" value="1.8.0_212"/>
    <property name="user.dir" value="/workdir/hadoop-ozone/integration-test"/>
    <property name="os.arch" value="amd64"/>
    <property name="java.vm.specification.name" value="Java Virtual Machine Specification"/>
    <property name="test.build.classes" value="/workdir/hadoop-ozone/integration-test/target/test-classes"/>
    <property name="java.awt.printerjob" value="sun.print.PSPrinterJob"/>
    <property name="sun.os.patch.level" value="unknown"/>
    <property name="hadoop.tmp.dir" value="/workdir/hadoop-ozone/integration-test/target/tmp"/>
    <property name="java.library.path" value="/usr/lib/jvm/java-1.8-openjdk/jre/lib/amd64/server:/usr/lib/jvm/java-1.8-openjdk/jre/lib/amd64:/usr/lib/jvm/java-1.8-openjdk/jre/../lib/amd64:/workdir/hadoop-ozone/integration-test/target/native/target/usr/local/lib:/workdir/hadoop-ozone/integration-test/../../hadoop-common-project/hadoop-common/target/native/target/usr/local/lib:/usr/java/packages/lib/amd64:/usr/lib64:/lib64:/lib:/usr/lib"/>
    <property name="java.vm.info" value="mixed mode"/>
    <property name="java.vendor" value="IcedTea"/>
    <property name="java.vm.version" value="25.212-b04"/>
    <property name="java.ext.dirs" value="/usr/lib/jvm/java-1.8-openjdk/jre/lib/ext:/usr/java/packages/lib/ext"/>
    <property name="sun.io.unicode.encoding" value="UnicodeLittle"/>
    <property name="java.class.version" value="52.0"/>
  </properties>
  <testcase name="testPipelineCloseWithPipelineAction" classname="org.apache.hadoop.hdds.scm.pipeline.TestPipelineClose" time="56.864">
    <failure message="Values should be different. Actual: PipelineID=c5365a16-8bdd-4ee9-8016-258fc0da5c42" type="java.lang.AssertionError">java.lang.AssertionError: Values should be different. Actual: PipelineID=c5365a16-8bdd-4ee9-8016-258fc0da5c42
	at org.junit.Assert.fail(Assert.java:88)
	at org.junit.Assert.failEquals(Assert.java:185)
	at org.junit.Assert.assertNotEquals(Assert.java:161)
	at org.junit.Assert.assertNotEquals(Assert.java:175)
	at org.apache.hadoop.hdds.scm.pipeline.TestPipelineClose.testPipelineCloseWithPipelineAction(TestPipelineClose.java:182)
	at sun.reflect.NativeMethodAccessorImpl.invoke0(Native Method)
	at sun.reflect.NativeMethodAccessorImpl.invoke(NativeMethodAccessorImpl.java:62)
	at sun.reflect.DelegatingMethodAccessorImpl.invoke(DelegatingMethodAccessorImpl.java:43)
	at java.lang.reflect.Method.invoke(Method.java:498)
	at org.junit.runners.model.FrameworkMethod$1.runReflectiveCall(FrameworkMethod.java:47)
	at org.junit.internal.runners.model.ReflectiveCallable.run(ReflectiveCallable.java:12)
	at org.junit.runners.model.FrameworkMethod.invokeExplosively(FrameworkMethod.java:44)
	at org.junit.internal.runners.statements.InvokeMethod.evaluate(InvokeMethod.java:17)
	at org.junit.internal.runners.statements.RunBefores.evaluate(RunBefores.java:26)
	at org.junit.internal.runners.statements.RunAfters.evaluate(RunAfters.java:27)
	at org.junit.runners.ParentRunner.runLeaf(ParentRunner.java:271)
	at org.junit.runners.BlockJUnit4ClassRunner.runChild(BlockJUnit4ClassRunner.java:70)
	at org.junit.runners.BlockJUnit4ClassRunner.runChild(BlockJUnit4ClassRunner.java:50)
	at org.junit.runners.ParentRunner$3.run(ParentRunner.java:238)
	at org.junit.runners.ParentRunner$1.schedule(ParentRunner.java:63)
	at org.junit.runners.ParentRunner.runChildren(ParentRunner.java:236)
	at org.junit.runners.ParentRunner.access$000(ParentRunner.java:53)
	at org.junit.runners.ParentRunner$2.evaluate(ParentRunner.java:229)
	at org.junit.runners.ParentRunner.run(ParentRunner.java:309)
	at org.apache.maven.surefire.junit4.JUnit4Provider.execute(JUnit4Provider.java:365)
	at org.apache.maven.surefire.junit4.JUnit4Provider.executeWithRerun(JUnit4Provider.java:273)
	at org.apache.maven.surefire.junit4.JUnit4Provider.executeTestSet(JUnit4Provider.java:238)
	at org.apache.maven.surefire.junit4.JUnit4Provider.invoke(JUnit4Provider.java:159)
	at org.apache.maven.surefire.booter.ForkedBooter.invokeProviderInSameClassLoader(ForkedBooter.java:384)
	at org.apache.maven.surefire.booter.ForkedBooter.runSuitesInProcess(ForkedBooter.java:345)
	at org.apache.maven.surefire.booter.ForkedBooter.execute(ForkedBooter.java:126)
	at org.apache.maven.surefire.booter.ForkedBooter.main(ForkedBooter.java:418)
</failure>
    <system-out><![CDATA[2019-09-25 07:04:35,493 [main] WARN  server.ServerUtils (ServerUtils.java:getScmDbDir(145)) - ozone.scm.db.dirs is not configured. We recommend adding this setting. Falling back to ozone.metadata.dirs instead.
2019-09-25 07:04:35,631 [main] WARN  server.ServerUtils (ServerUtils.java:getScmDbDir(145)) - ozone.scm.db.dirs is not configured. We recommend adding this setting. Falling back to ozone.metadata.dirs instead.
2019-09-25 07:04:35,635 [main] WARN  server.ServerUtils (ServerUtils.java:getScmDbDir(145)) - ozone.scm.db.dirs is not configured. We recommend adding this setting. Falling back to ozone.metadata.dirs instead.
2019-09-25 07:04:35,653 [main] INFO  util.log (Log.java:initialized(192)) - Logging initialized @920ms
2019-09-25 07:04:35,741 [main] INFO  db.DBStoreBuilder (DBStoreBuilder.java:addTable(110)) - using custom profile for table: deletedBlocks
2019-09-25 07:04:35,741 [main] INFO  db.DBStoreBuilder (DBStoreBuilder.java:processTables(161)) - Using default column profile:DBProfile.DISK for Table:deletedBlocks
2019-09-25 07:04:35,742 [main] INFO  db.DBStoreBuilder (DBStoreBuilder.java:addTable(110)) - using custom profile for table: validCerts
2019-09-25 07:04:35,742 [main] INFO  db.DBStoreBuilder (DBStoreBuilder.java:processTables(161)) - Using default column profile:DBProfile.DISK for Table:validCerts
2019-09-25 07:04:35,742 [main] INFO  db.DBStoreBuilder (DBStoreBuilder.java:addTable(110)) - using custom profile for table: revokedCerts
2019-09-25 07:04:35,742 [main] INFO  db.DBStoreBuilder (DBStoreBuilder.java:processTables(161)) - Using default column profile:DBProfile.DISK for Table:revokedCerts
2019-09-25 07:04:35,753 [main] INFO  db.DBStoreBuilder (DBStoreBuilder.java:addTable(110)) - using custom profile for table: default
2019-09-25 07:04:35,753 [main] INFO  db.DBStoreBuilder (DBStoreBuilder.java:processTables(167)) - Using default column profile:DBProfile.DISK for Table:default
2019-09-25 07:04:35,754 [main] INFO  db.DBStoreBuilder (DBStoreBuilder.java:getDbProfile(198)) - Using default options. DBProfile.DISK
2019-09-25 07:04:35,936 [main] INFO  net.NodeSchemaLoader (NodeSchemaLoader.java:loadSchemaFromFile(125)) - Loading file from sun.misc.CompoundEnumeration@78691363
2019-09-25 07:04:35,938 [main] INFO  net.NodeSchemaLoader (NodeSchemaLoader.java:loadSchema(171)) - Loading network topology layer schema file
2019-09-25 07:04:36,006 [main] WARN  server.ServerUtils (ServerUtils.java:sanitizeUserArgs(70)) - ozone.scm.stale.node.interval value = 300000 is larger than max = 100000 based on the key value of ozone.scm.heartbeat.thread.interval, reset to the max value 100000.
2019-09-25 07:04:36,008 [main] WARN  server.ServerUtils (ServerUtils.java:sanitizeUserArgs(70)) - ozone.scm.stale.node.interval value = 300000 is larger than max = 100000 based on the key value of ozone.scm.heartbeat.thread.interval, reset to the max value 100000.
2019-09-25 07:04:36,011 [main] INFO  node.SCMNodeManager (SCMNodeManager.java:<init>(114)) - Entering startup safe mode.
2019-09-25 07:04:36,081 [main] INFO  algorithms.ContainerPlacementPolicyFactory (ContainerPlacementPolicyFactory.java:getPolicy(59)) - Create container placement policy of type org.apache.hadoop.hdds.scm.container.placement.algorithms.SCMContainerPlacementRandom
2019-09-25 07:04:36,096 [main] WARN  server.ServerUtils (ServerUtils.java:getScmDbDir(145)) - ozone.scm.db.dirs is not configured. We recommend adding this setting. Falling back to ozone.metadata.dirs instead.
2019-09-25 07:04:36,209 [main] INFO  pipeline.SCMPipelineManager (SCMPipelineManager.java:initializePipelineState(132)) - No pipeline exists in current db
2019-09-25 07:04:36,212 [main] WARN  server.ServerUtils (ServerUtils.java:getScmDbDir(145)) - ozone.scm.db.dirs is not configured. We recommend adding this setting. Falling back to ozone.metadata.dirs instead.
2019-09-25 07:04:36,337 [main] WARN  events.EventQueue (EventQueue.java:fireEvent(183)) - No event handler registered for event TypedEvent{payloadType=SafeModeStatus, name='SafeModeStatus'}
2019-09-25 07:04:36,701 [main] INFO  ipc.CallQueueManager (CallQueueManager.java:<init>(84)) - Using callQueue: class java.util.concurrent.LinkedBlockingQueue, queueCapacity: 2000, scheduler: class org.apache.hadoop.ipc.DefaultRpcScheduler, ipcBackoff: false.
2019-09-25 07:04:36,729 [Socket Reader #1 for port 34976] INFO  ipc.Server (Server.java:run(1074)) - Starting Socket Reader #1 for port 34976
2019-09-25 07:04:36,865 [main] INFO  ipc.CallQueueManager (CallQueueManager.java:<init>(84)) - Using callQueue: class java.util.concurrent.LinkedBlockingQueue, queueCapacity: 2000, scheduler: class org.apache.hadoop.ipc.DefaultRpcScheduler, ipcBackoff: false.
2019-09-25 07:04:36,867 [Socket Reader #1 for port 37989] INFO  ipc.Server (Server.java:run(1074)) - Starting Socket Reader #1 for port 37989
2019-09-25 07:04:36,877 [main] INFO  ipc.CallQueueManager (CallQueueManager.java:<init>(84)) - Using callQueue: class java.util.concurrent.LinkedBlockingQueue, queueCapacity: 2000, scheduler: class org.apache.hadoop.ipc.DefaultRpcScheduler, ipcBackoff: false.
2019-09-25 07:04:36,878 [Socket Reader #1 for port 42831] INFO  ipc.Server (Server.java:run(1074)) - Starting Socket Reader #1 for port 42831
2019-09-25 07:04:36,902 [main] INFO  hdfs.DFSUtil (DFSUtil.java:httpServerTemplateForNNAndJN(1641)) - Starting Web-server for scm at: http://0.0.0.0:0
2019-09-25 07:04:37,047 [main] INFO  server.AuthenticationFilter (AuthenticationFilter.java:constructSecretProvider(240)) - Unable to initialize FileSignerSecretProvider, falling back to use random secrets.
2019-09-25 07:04:37,056 [main] WARN  http.HttpRequestLog (HttpRequestLog.java:getRequestLog(97)) - Jetty request log can only be enabled using Log4j
2019-09-25 07:04:37,064 [main] INFO  http.HttpServer2 (HttpServer2.java:addGlobalFilter(975)) - Added global filter 'safety' (class=org.apache.hadoop.http.HttpServer2$QuotingInputFilter)
2019-09-25 07:04:37,067 [main] INFO  http.HttpServer2 (HttpServer2.java:addFilter(948)) - Added filter static_user_filter (class=org.apache.hadoop.http.lib.StaticUserWebFilter$StaticUserFilter) to context scm
2019-09-25 07:04:37,067 [main] INFO  http.HttpServer2 (HttpServer2.java:addFilter(958)) - Added filter static_user_filter (class=org.apache.hadoop.http.lib.StaticUserWebFilter$StaticUserFilter) to context static
2019-09-25 07:04:37,067 [main] INFO  http.HttpServer2 (HttpServer2.java:addFilter(958)) - Added filter static_user_filter (class=org.apache.hadoop.http.lib.StaticUserWebFilter$StaticUserFilter) to context logs
2019-09-25 07:04:37,109 [main] INFO  server.StorageContainerManager (StorageContainerManager.java:start(770)) - StorageContainerLocationProtocol RPC server is listening at /0.0.0.0:42831
2019-09-25 07:04:37,196 [main] WARN  impl.MetricsConfig (MetricsConfig.java:loadFirst(134)) - Cannot locate configuration: tried hadoop-metrics2-storagecontainermanager.properties,hadoop-metrics2.properties
2019-09-25 07:04:37,211 [main] INFO  impl.MetricsSystemImpl (MetricsSystemImpl.java:startTimer(374)) - Scheduled Metric snapshot period at 10 second(s).
2019-09-25 07:04:37,211 [main] INFO  impl.MetricsSystemImpl (MetricsSystemImpl.java:start(191)) - StorageContainerManager metrics system started
2019-09-25 07:04:37,451 [main] INFO  server.SCMClientProtocolServer (SCMClientProtocolServer.java:start(151)) - RPC server for Client  is listening at /0.0.0.0:42831
2019-09-25 07:04:37,452 [IPC Server Responder] INFO  ipc.Server (Server.java:run(1314)) - IPC Server Responder: starting
2019-09-25 07:04:37,453 [IPC Server listener on 42831] INFO  ipc.Server (Server.java:run(1153)) - IPC Server listener on 42831: starting
2019-09-25 07:04:37,456 [main] INFO  server.StorageContainerManager (StorageContainerManager.java:start(780)) - ScmBlockLocationProtocol RPC server is listening at /0.0.0.0:37989
2019-09-25 07:04:37,458 [main] INFO  server.SCMBlockProtocolServer (SCMBlockProtocolServer.java:start(146)) - RPC server for Block Protocol is listening at /0.0.0.0:37989
2019-09-25 07:04:37,458 [IPC Server Responder] INFO  ipc.Server (Server.java:run(1314)) - IPC Server Responder: starting
2019-09-25 07:04:37,458 [IPC Server listener on 37989] INFO  ipc.Server (Server.java:run(1153)) - IPC Server listener on 37989: starting
2019-09-25 07:04:37,465 [main] INFO  server.StorageContainerManager (StorageContainerManager.java:start(784)) - ScmDatanodeProtocl RPC server is listening at /0.0.0.0:34976
2019-09-25 07:04:37,465 [main] INFO  server.SCMDatanodeProtocolServer (SCMDatanodeProtocolServer.java:start(191)) - RPC server for DataNodes is listening at /0.0.0.0:34976
2019-09-25 07:04:37,467 [IPC Server Responder] INFO  ipc.Server (Server.java:run(1314)) - IPC Server Responder: starting
2019-09-25 07:04:37,468 [IPC Server listener on 34976] INFO  ipc.Server (Server.java:run(1153)) - IPC Server listener on 34976: starting
2019-09-25 07:04:37,475 [main] INFO  http.HttpServer2 (HttpServer2.java:bindListener(1191)) - Jetty bound to port 45549
2019-09-25 07:04:37,477 [main] INFO  server.Server (Server.java:doStart(351)) - jetty-9.3.25.v20180904, build timestamp: 2018-09-04T21:11:46Z, git hash: 3ce520221d0240229c862b122d2b06c12a625732
2019-09-25 07:04:37,514 [main] INFO  handler.ContextHandler (ContextHandler.java:doStart(781)) - Started o.e.j.s.ServletContextHandler@6b00f608{/logs,file:///workdir/hadoop-ozone/integration-test/target/log,AVAILABLE}
2019-09-25 07:04:37,515 [main] INFO  handler.ContextHandler (ContextHandler.java:doStart(781)) - Started o.e.j.s.ServletContextHandler@3e821657{/static,file:///workdir/hadoop-ozone/integration-test/target/test-classes/webapps/static,AVAILABLE}
2019-09-25 07:04:37,547 [main] INFO  handler.ContextHandler (ContextHandler.java:doStart(781)) - Started o.e.j.w.WebAppContext@6928f576{/,file:///workdir/hadoop-ozone/integration-test/target/test-classes/webapps/scm/,AVAILABLE}{/scm}
2019-09-25 07:04:37,553 [main] INFO  server.AbstractConnector (AbstractConnector.java:doStart(278)) - Started ServerConnector@548e76f1{HTTP/1.1,[http/1.1]}{0.0.0.0:45549}
2019-09-25 07:04:37,553 [main] INFO  server.Server (Server.java:doStart(419)) - Started @2820ms
2019-09-25 07:04:37,555 [main] INFO  impl.MetricsSinkAdapter (MetricsSinkAdapter.java:start(204)) - Sink prometheus started
2019-09-25 07:04:37,555 [main] INFO  impl.MetricsSystemImpl (MetricsSystemImpl.java:registerSink(301)) - Registered sink prometheus
2019-09-25 07:04:37,557 [main] INFO  server.BaseHttpServer (BaseHttpServer.java:updateConnectorAddress(215)) - HTTP server of SCM is listening at http://0.0.0.0:45549
2019-09-25 07:04:37,566 [org.apache.hadoop.util.JvmPauseMonitor$Monitor@73511076] INFO  util.JvmPauseMonitor (JvmPauseMonitor.java:run(188)) - Starting JVM pause monitor
2019-09-25 07:04:37,571 [main] WARN  server.ServerUtils (ServerUtils.java:getDBPath(222)) - ozone.om.db.dirs is not configured. We recommend adding this setting. Falling back to ozone.metadata.dirs instead.
2019-09-25 07:04:37,697 [main] WARN  server.ServerUtils (ServerUtils.java:getDBPath(222)) - ozone.om.db.dirs is not configured. We recommend adding this setting. Falling back to ozone.metadata.dirs instead.
2019-09-25 07:04:37,698 [main] WARN  server.ServerUtils (ServerUtils.java:getDBPath(222)) - ozone.om.db.dirs is not configured. We recommend adding this setting. Falling back to ozone.metadata.dirs instead.
2019-09-25 07:04:37,699 [main] INFO  om.OzoneManager (OzoneManager.java:setOMNodeDetails(652)) - OM Service ID is not set. Setting it to the default ID: omServiceIdDefault
2019-09-25 07:04:37,700 [main] INFO  om.OzoneManager (OzoneManager.java:setOMNodeDetails(658)) - OM Node ID is not set. Setting it to the OmStorage's OmID: 8a168d52-d909-424c-a548-9ece1fb110ca
2019-09-25 07:04:37,701 [main] INFO  om.OzoneManager (OzoneManager.java:loadOMHAConfigs(609)) - Found matching OM address with OMServiceId: null, OMNodeId: null, RPC Address: localhost:0 and Ratis port: 9872
2019-09-25 07:04:38,457 [main] WARN  server.ServerUtils (ServerUtils.java:getDBPath(222)) - ozone.om.db.dirs is not configured. We recommend adding this setting. Falling back to ozone.metadata.dirs instead.
2019-09-25 07:04:38,466 [main] INFO  db.DBStoreBuilder (DBStoreBuilder.java:addTable(110)) - using custom profile for table: userTable
2019-09-25 07:04:38,467 [main] INFO  db.DBStoreBuilder (DBStoreBuilder.java:processTables(161)) - Using default column profile:DBProfile.DISK for Table:userTable
2019-09-25 07:04:38,467 [main] INFO  db.DBStoreBuilder (DBStoreBuilder.java:addTable(110)) - using custom profile for table: volumeTable
2019-09-25 07:04:38,467 [main] INFO  db.DBStoreBuilder (DBStoreBuilder.java:processTables(161)) - Using default column profile:DBProfile.DISK for Table:volumeTable
2019-09-25 07:04:38,468 [main] INFO  db.DBStoreBuilder (DBStoreBuilder.java:addTable(110)) - using custom profile for table: bucketTable
2019-09-25 07:04:38,468 [main] INFO  db.DBStoreBuilder (DBStoreBuilder.java:processTables(161)) - Using default column profile:DBProfile.DISK for Table:bucketTable
2019-09-25 07:04:38,468 [main] INFO  db.DBStoreBuilder (DBStoreBuilder.java:addTable(110)) - using custom profile for table: keyTable
2019-09-25 07:04:38,468 [main] INFO  db.DBStoreBuilder (DBStoreBuilder.java:processTables(161)) - Using default column profile:DBProfile.DISK for Table:keyTable
2019-09-25 07:04:38,469 [main] INFO  db.DBStoreBuilder (DBStoreBuilder.java:addTable(110)) - using custom profile for table: deletedTable
2019-09-25 07:04:38,469 [main] INFO  db.DBStoreBuilder (DBStoreBuilder.java:processTables(161)) - Using default column profile:DBProfile.DISK for Table:deletedTable
2019-09-25 07:04:38,469 [main] INFO  db.DBStoreBuilder (DBStoreBuilder.java:addTable(110)) - using custom profile for table: openKeyTable
2019-09-25 07:04:38,469 [main] INFO  db.DBStoreBuilder (DBStoreBuilder.java:processTables(161)) - Using default column profile:DBProfile.DISK for Table:openKeyTable
2019-09-25 07:04:38,470 [main] INFO  db.DBStoreBuilder (DBStoreBuilder.java:addTable(110)) - using custom profile for table: s3Table
2019-09-25 07:04:38,470 [main] INFO  db.DBStoreBuilder (DBStoreBuilder.java:processTables(161)) - Using default column profile:DBProfile.DISK for Table:s3Table
2019-09-25 07:04:38,470 [main] INFO  db.DBStoreBuilder (DBStoreBuilder.java:addTable(110)) - using custom profile for table: multipartInfoTable
2019-09-25 07:04:38,470 [main] INFO  db.DBStoreBuilder (DBStoreBuilder.java:processTables(161)) - Using default column profile:DBProfile.DISK for Table:multipartInfoTable
2019-09-25 07:04:38,471 [main] INFO  db.DBStoreBuilder (DBStoreBuilder.java:addTable(110)) - using custom profile for table: dTokenTable
2019-09-25 07:04:38,471 [main] INFO  db.DBStoreBuilder (DBStoreBuilder.java:processTables(161)) - Using default column profile:DBProfile.DISK for Table:dTokenTable
2019-09-25 07:04:38,471 [main] INFO  db.DBStoreBuilder (DBStoreBuilder.java:addTable(110)) - using custom profile for table: s3SecretTable
2019-09-25 07:04:38,472 [main] INFO  db.DBStoreBuilder (DBStoreBuilder.java:processTables(161)) - Using default column profile:DBProfile.DISK for Table:s3SecretTable
2019-09-25 07:04:38,472 [main] INFO  db.DBStoreBuilder (DBStoreBuilder.java:addTable(110)) - using custom profile for table: prefixTable
2019-09-25 07:04:38,472 [main] INFO  db.DBStoreBuilder (DBStoreBuilder.java:processTables(161)) - Using default column profile:DBProfile.DISK for Table:prefixTable
2019-09-25 07:04:38,472 [main] INFO  db.DBStoreBuilder (DBStoreBuilder.java:addTable(110)) - using custom profile for table: default
2019-09-25 07:04:38,473 [main] INFO  db.DBStoreBuilder (DBStoreBuilder.java:processTables(167)) - Using default column profile:DBProfile.DISK for Table:default
2019-09-25 07:04:38,473 [main] INFO  db.DBStoreBuilder (DBStoreBuilder.java:getDbProfile(198)) - Using default options. DBProfile.DISK
2019-09-25 07:04:38,901 [main] INFO  ipc.CallQueueManager (CallQueueManager.java:<init>(84)) - Using callQueue: class java.util.concurrent.LinkedBlockingQueue, queueCapacity: 2000, scheduler: class org.apache.hadoop.ipc.DefaultRpcScheduler, ipcBackoff: false.
2019-09-25 07:04:38,902 [Socket Reader #1 for port 43948] INFO  ipc.Server (Server.java:run(1074)) - Starting Socket Reader #1 for port 43948
2019-09-25 07:04:38,924 [main] INFO  om.OzoneManager (OzoneManager.java:start(1243)) - OzoneManager RPC server is listening at localhost/127.0.0.1:43948
2019-09-25 07:04:38,925 [main] INFO  impl.MetricsSystemImpl (MetricsSystemImpl.java:init(158)) - OzoneManager metrics system started (again)
2019-09-25 07:04:38,926 [IPC Server Responder] INFO  ipc.Server (Server.java:run(1314)) - IPC Server Responder: starting
2019-09-25 07:04:38,926 [IPC Server listener on 43948] INFO  ipc.Server (Server.java:run(1153)) - IPC Server listener on 43948: starting
2019-09-25 07:04:38,931 [main] INFO  hdfs.DFSUtil (DFSUtil.java:httpServerTemplateForNNAndJN(1641)) - Starting Web-server for ozoneManager at: http://0.0.0.0:0
2019-09-25 07:04:38,934 [main] INFO  server.AuthenticationFilter (AuthenticationFilter.java:constructSecretProvider(240)) - Unable to initialize FileSignerSecretProvider, falling back to use random secrets.
2019-09-25 07:04:38,934 [main] WARN  http.HttpRequestLog (HttpRequestLog.java:getRequestLog(97)) - Jetty request log can only be enabled using Log4j
2019-09-25 07:04:38,937 [main] INFO  http.HttpServer2 (HttpServer2.java:addGlobalFilter(975)) - Added global filter 'safety' (class=org.apache.hadoop.http.HttpServer2$QuotingInputFilter)
2019-09-25 07:04:38,938 [main] INFO  http.HttpServer2 (HttpServer2.java:addFilter(948)) - Added filter static_user_filter (class=org.apache.hadoop.http.lib.StaticUserWebFilter$StaticUserFilter) to context ozoneManager
2019-09-25 07:04:38,938 [main] INFO  http.HttpServer2 (HttpServer2.java:addFilter(958)) - Added filter static_user_filter (class=org.apache.hadoop.http.lib.StaticUserWebFilter$StaticUserFilter) to context static
2019-09-25 07:04:38,938 [main] INFO  http.HttpServer2 (HttpServer2.java:addFilter(958)) - Added filter static_user_filter (class=org.apache.hadoop.http.lib.StaticUserWebFilter$StaticUserFilter) to context logs
2019-09-25 07:04:38,941 [main] INFO  http.HttpServer2 (HttpServer2.java:bindListener(1191)) - Jetty bound to port 33586
2019-09-25 07:04:38,941 [main] INFO  server.Server (Server.java:doStart(351)) - jetty-9.3.25.v20180904, build timestamp: 2018-09-04T21:11:46Z, git hash: 3ce520221d0240229c862b122d2b06c12a625732
2019-09-25 07:04:38,944 [main] INFO  handler.ContextHandler (ContextHandler.java:doStart(781)) - Started o.e.j.s.ServletContextHandler@15923407{/logs,file:///workdir/hadoop-ozone/integration-test/target/log,AVAILABLE}
2019-09-25 07:04:38,945 [main] INFO  handler.ContextHandler (ContextHandler.java:doStart(781)) - Started o.e.j.s.ServletContextHandler@57540fd0{/static,file:///workdir/hadoop-ozone/integration-test/target/test-classes/webapps/static,AVAILABLE}
2019-09-25 07:04:38,951 [main] INFO  handler.ContextHandler (ContextHandler.java:doStart(781)) - Started o.e.j.w.WebAppContext@5b22b970{/,file:///workdir/hadoop-ozone/integration-test/target/test-classes/webapps/ozoneManager/,AVAILABLE}{/ozoneManager}
2019-09-25 07:04:38,952 [main] INFO  server.AbstractConnector (AbstractConnector.java:doStart(278)) - Started ServerConnector@22d1886d{HTTP/1.1,[http/1.1]}{0.0.0.0:33586}
2019-09-25 07:04:38,953 [main] INFO  server.Server (Server.java:doStart(419)) - Started @4219ms
2019-09-25 07:04:38,953 [main] WARN  impl.MetricsSystemImpl (MetricsSystemImpl.java:register(276)) - Sink prometheus already exists!
2019-09-25 07:04:38,954 [main] INFO  server.BaseHttpServer (BaseHttpServer.java:updateConnectorAddress(215)) - HTTP server of OZONEMANAGER is listening at http://0.0.0.0:33586
2019-09-25 07:04:39,298 [main] INFO  impl.MetricsSystemImpl (MetricsSystemImpl.java:init(158)) - HddsDatanode metrics system started (again)
2019-09-25 07:04:39,347 [main] INFO  ozone.HddsDatanodeService (HddsDatanodeService.java:start(184)) - HddsDatanodeService host:pr-hdds-1569-s62bp-3040748787 ip:192.168.30.10
2019-09-25 07:04:39,380 [main] INFO  volume.HddsVolume (HddsVolume.java:<init>(176)) - Creating Volume: /workdir/hadoop-ozone/integration-test/target/test-dir/MiniOzoneClusterImpl-39af9574-7a8b-4ed7-b830-bf686a3d4bb8/datanode-0/data/containers/hdds of  storage type : DISK and capacity : 1482555576320
2019-09-25 07:04:39,382 [main] INFO  volume.VolumeSet (VolumeSet.java:initializeVolumeSet(170)) - Added Volume : /workdir/hadoop-ozone/integration-test/target/test-dir/MiniOzoneClusterImpl-39af9574-7a8b-4ed7-b830-bf686a3d4bb8/datanode-0/data/containers/hdds to VolumeSet
2019-09-25 07:04:39,384 [main] INFO  volume.ThrottledAsyncChecker (ThrottledAsyncChecker.java:schedule(139)) - Scheduling a check for org.apache.hadoop.ozone.container.common.volume.HddsVolume@53ac845a
2019-09-25 07:04:39,402 [main] INFO  volume.HddsVolumeChecker (HddsVolumeChecker.java:checkAllVolumes(202)) - Scheduled health check for volume org.apache.hadoop.ozone.container.common.volume.HddsVolume@53ac845a
2019-09-25 07:04:39,512 [main] INFO  impl.RaftServerProxy (ConfUtils.java:logGet(43)) - raft.rpc.type = GRPC (default)
2019-09-25 07:04:39,570 [main] INFO  grpc.GrpcFactory (GrpcFactory.java:checkPooledByteBufAllocatorUseCacheForAllThreads(45)) - PERFORMANCE WARNING: useCacheForAllThreads is true that may cause Netty to create a lot garbage objects and, as a result, trigger GC.
	It is recommended to disable useCacheForAllThreads by setting -Dorg.apache.ratis.thirdparty.io.netty.allocator.useCacheForAllThreads=false in command line.
2019-09-25 07:04:39,574 [main] INFO  grpc.GrpcConfigKeys$Server (ConfUtils.java:logGet(43)) - raft.grpc.server.port = 0 (default)
2019-09-25 07:04:39,575 [main] INFO  server.GrpcService (ConfUtils.java:logGet(43)) - raft.grpc.message.size.max = 33570816 (custom)
2019-09-25 07:04:39,576 [main] INFO  server.RaftServerConfigKeys (ConfUtils.java:logGet(43)) - raft.server.log.appender.buffer.byte-limit = 33554432 (custom)
2019-09-25 07:04:39,577 [main] INFO  server.GrpcService (ConfUtils.java:logGet(43)) - raft.grpc.flow.control.window = 1MB (=1048576) (default)
2019-09-25 07:04:39,577 [main] INFO  server.RaftServerConfigKeys (ConfUtils.java:logGet(43)) - raft.server.rpc.request.timeout = 3000ms (default)
2019-09-25 07:04:39,744 [main] INFO  server.RaftServerConfigKeys (ConfUtils.java:logGet(43)) - raft.server.storage.dir = [/workdir/hadoop-ozone/integration-test/target/test-dir/MiniOzoneClusterImpl-39af9574-7a8b-4ed7-b830-bf686a3d4bb8/datanode-0/data/ratis] (custom)
2019-09-25 07:04:39,830 [main] INFO  hdfs.DFSUtil (DFSUtil.java:httpServerTemplateForNNAndJN(1641)) - Starting Web-server for hddsDatanode at: http://0.0.0.0:0
2019-09-25 07:04:39,834 [main] INFO  server.AuthenticationFilter (AuthenticationFilter.java:constructSecretProvider(240)) - Unable to initialize FileSignerSecretProvider, falling back to use random secrets.
2019-09-25 07:04:39,835 [main] WARN  http.HttpRequestLog (HttpRequestLog.java:getRequestLog(97)) - Jetty request log can only be enabled using Log4j
2019-09-25 07:04:39,838 [main] INFO  http.HttpServer2 (HttpServer2.java:addGlobalFilter(975)) - Added global filter 'safety' (class=org.apache.hadoop.http.HttpServer2$QuotingInputFilter)
2019-09-25 07:04:39,840 [main] INFO  http.HttpServer2 (HttpServer2.java:addFilter(948)) - Added filter static_user_filter (class=org.apache.hadoop.http.lib.StaticUserWebFilter$StaticUserFilter) to context hddsDatanode
2019-09-25 07:04:39,840 [main] INFO  http.HttpServer2 (HttpServer2.java:addFilter(958)) - Added filter static_user_filter (class=org.apache.hadoop.http.lib.StaticUserWebFilter$StaticUserFilter) to context logs
2019-09-25 07:04:39,841 [main] INFO  http.HttpServer2 (HttpServer2.java:addFilter(958)) - Added filter static_user_filter (class=org.apache.hadoop.http.lib.StaticUserWebFilter$StaticUserFilter) to context static
2019-09-25 07:04:39,842 [main] INFO  http.HttpServer2 (HttpServer2.java:bindListener(1191)) - Jetty bound to port 35998
2019-09-25 07:04:39,843 [main] INFO  server.Server (Server.java:doStart(351)) - jetty-9.3.25.v20180904, build timestamp: 2018-09-04T21:11:46Z, git hash: 3ce520221d0240229c862b122d2b06c12a625732
2019-09-25 07:04:39,846 [main] INFO  handler.ContextHandler (ContextHandler.java:doStart(781)) - Started o.e.j.s.ServletContextHandler@5fa23c{/logs,file:///workdir/hadoop-ozone/integration-test/target/log,AVAILABLE}
2019-09-25 07:04:39,847 [main] INFO  handler.ContextHandler (ContextHandler.java:doStart(781)) - Started o.e.j.s.ServletContextHandler@433348bc{/static,jar:file:/home/user/.m2/repository/org/apache/hadoop/hadoop-hdds-container-service/0.5.0-SNAPSHOT/hadoop-hdds-container-service-0.5.0-SNAPSHOT.jar!/webapps/static,AVAILABLE}
2019-09-25 07:04:39,892 [main] INFO  handler.ContextHandler (ContextHandler.java:doStart(781)) - Started o.e.j.w.WebAppContext@3c5dbdf8{/,file:///tmp/jetty-0.0.0.0-35998-hddsDatanode-_-any-2857999712801029773.dir/webapp/,AVAILABLE}{/hddsDatanode}
2019-09-25 07:04:39,893 [main] INFO  server.AbstractConnector (AbstractConnector.java:doStart(278)) - Started ServerConnector@352c44a8{HTTP/1.1,[http/1.1]}{0.0.0.0:35998}
2019-09-25 07:04:39,894 [main] INFO  server.Server (Server.java:doStart(419)) - Started @5161ms
2019-09-25 07:04:39,894 [main] WARN  impl.MetricsSystemImpl (MetricsSystemImpl.java:register(276)) - Sink prometheus already exists!
2019-09-25 07:04:39,895 [main] INFO  server.BaseHttpServer (BaseHttpServer.java:updateConnectorAddress(215)) - HTTP server of HDDSDATANODE is listening at http://0.0.0.0:35998
2019-09-25 07:04:39,897 [main] INFO  impl.MetricsSystemImpl (MetricsSystemImpl.java:init(158)) - HddsDatanode metrics system started (again)
2019-09-25 07:04:39,902 [main] INFO  ozone.HddsDatanodeService (HddsDatanodeService.java:start(184)) - HddsDatanodeService host:pr-hdds-1569-s62bp-3040748787 ip:192.168.30.10
2019-09-25 07:04:39,904 [org.apache.hadoop.util.JvmPauseMonitor$Monitor@4f423fc0] INFO  util.JvmPauseMonitor (JvmPauseMonitor.java:run(188)) - Starting JVM pause monitor
2019-09-25 07:04:39,913 [main] INFO  volume.HddsVolume (HddsVolume.java:<init>(176)) - Creating Volume: /workdir/hadoop-ozone/integration-test/target/test-dir/MiniOzoneClusterImpl-39af9574-7a8b-4ed7-b830-bf686a3d4bb8/datanode-1/data/containers/hdds of  storage type : DISK and capacity : 1482555576320
2019-09-25 07:04:39,914 [main] INFO  volume.VolumeSet (VolumeSet.java:initializeVolumeSet(170)) - Added Volume : /workdir/hadoop-ozone/integration-test/target/test-dir/MiniOzoneClusterImpl-39af9574-7a8b-4ed7-b830-bf686a3d4bb8/datanode-1/data/containers/hdds to VolumeSet
2019-09-25 07:04:39,914 [main] INFO  volume.ThrottledAsyncChecker (ThrottledAsyncChecker.java:schedule(139)) - Scheduling a check for org.apache.hadoop.ozone.container.common.volume.HddsVolume@3804a9a8
2019-09-25 07:04:39,916 [main] INFO  volume.HddsVolumeChecker (HddsVolumeChecker.java:checkAllVolumes(202)) - Scheduled health check for volume org.apache.hadoop.ozone.container.common.volume.HddsVolume@3804a9a8
2019-09-25 07:04:39,940 [main] INFO  impl.RaftServerProxy (ConfUtils.java:logGet(43)) - raft.rpc.type = GRPC (default)
2019-09-25 07:04:39,941 [main] INFO  grpc.GrpcFactory (GrpcFactory.java:checkPooledByteBufAllocatorUseCacheForAllThreads(45)) - PERFORMANCE WARNING: useCacheForAllThreads is true that may cause Netty to create a lot garbage objects and, as a result, trigger GC.
	It is recommended to disable useCacheForAllThreads by setting -Dorg.apache.ratis.thirdparty.io.netty.allocator.useCacheForAllThreads=false in command line.
2019-09-25 07:04:39,941 [main] INFO  grpc.GrpcConfigKeys$Server (ConfUtils.java:logGet(43)) - raft.grpc.server.port = 0 (default)
2019-09-25 07:04:39,941 [main] INFO  server.GrpcService (ConfUtils.java:logGet(43)) - raft.grpc.message.size.max = 33570816 (custom)
2019-09-25 07:04:39,942 [main] INFO  server.RaftServerConfigKeys (ConfUtils.java:logGet(43)) - raft.server.log.appender.buffer.byte-limit = 33554432 (custom)
2019-09-25 07:04:39,942 [main] INFO  server.GrpcService (ConfUtils.java:logGet(43)) - raft.grpc.flow.control.window = 1MB (=1048576) (default)
2019-09-25 07:04:39,942 [main] INFO  server.RaftServerConfigKeys (ConfUtils.java:logGet(43)) - raft.server.rpc.request.timeout = 3000ms (default)
2019-09-25 07:04:39,943 [main] INFO  server.RaftServerConfigKeys (ConfUtils.java:logGet(43)) - raft.server.storage.dir = [/workdir/hadoop-ozone/integration-test/target/test-dir/MiniOzoneClusterImpl-39af9574-7a8b-4ed7-b830-bf686a3d4bb8/datanode-1/data/ratis] (custom)
2019-09-25 07:04:39,945 [main] INFO  hdfs.DFSUtil (DFSUtil.java:httpServerTemplateForNNAndJN(1641)) - Starting Web-server for hddsDatanode at: http://0.0.0.0:0
2019-09-25 07:04:39,948 [main] INFO  server.AuthenticationFilter (AuthenticationFilter.java:constructSecretProvider(240)) - Unable to initialize FileSignerSecretProvider, falling back to use random secrets.
2019-09-25 07:04:39,949 [main] WARN  http.HttpRequestLog (HttpRequestLog.java:getRequestLog(97)) - Jetty request log can only be enabled using Log4j
2019-09-25 07:04:39,952 [main] INFO  http.HttpServer2 (HttpServer2.java:addGlobalFilter(975)) - Added global filter 'safety' (class=org.apache.hadoop.http.HttpServer2$QuotingInputFilter)
2019-09-25 07:04:39,953 [main] INFO  http.HttpServer2 (HttpServer2.java:addFilter(948)) - Added filter static_user_filter (class=org.apache.hadoop.http.lib.StaticUserWebFilter$StaticUserFilter) to context hddsDatanode
2019-09-25 07:04:39,954 [main] INFO  http.HttpServer2 (HttpServer2.java:addFilter(958)) - Added filter static_user_filter (class=org.apache.hadoop.http.lib.StaticUserWebFilter$StaticUserFilter) to context logs
2019-09-25 07:04:39,954 [main] INFO  http.HttpServer2 (HttpServer2.java:addFilter(958)) - Added filter static_user_filter (class=org.apache.hadoop.http.lib.StaticUserWebFilter$StaticUserFilter) to context static
2019-09-25 07:04:39,955 [main] INFO  http.HttpServer2 (HttpServer2.java:bindListener(1191)) - Jetty bound to port 44481
2019-09-25 07:04:39,956 [main] INFO  server.Server (Server.java:doStart(351)) - jetty-9.3.25.v20180904, build timestamp: 2018-09-04T21:11:46Z, git hash: 3ce520221d0240229c862b122d2b06c12a625732
2019-09-25 07:04:39,960 [main] INFO  handler.ContextHandler (ContextHandler.java:doStart(781)) - Started o.e.j.s.ServletContextHandler@625d9132{/logs,file:///workdir/hadoop-ozone/integration-test/target/log,AVAILABLE}
2019-09-25 07:04:39,961 [main] INFO  handler.ContextHandler (ContextHandler.java:doStart(781)) - Started o.e.j.s.ServletContextHandler@277b8fa4{/static,jar:file:/home/user/.m2/repository/org/apache/hadoop/hadoop-hdds-container-service/0.5.0-SNAPSHOT/hadoop-hdds-container-service-0.5.0-SNAPSHOT.jar!/webapps/static,AVAILABLE}
2019-09-25 07:04:40,011 [main] INFO  handler.ContextHandler (ContextHandler.java:doStart(781)) - Started o.e.j.w.WebAppContext@1422ac7f{/,file:///tmp/jetty-0.0.0.0-44481-hddsDatanode-_-any-8242326360232439842.dir/webapp/,AVAILABLE}{/hddsDatanode}
2019-09-25 07:04:40,012 [main] INFO  server.AbstractConnector (AbstractConnector.java:doStart(278)) - Started ServerConnector@5e519ad3{HTTP/1.1,[http/1.1]}{0.0.0.0:44481}
2019-09-25 07:04:40,014 [main] INFO  server.Server (Server.java:doStart(419)) - Started @5281ms
2019-09-25 07:04:40,014 [main] WARN  impl.MetricsSystemImpl (MetricsSystemImpl.java:register(276)) - Sink prometheus already exists!
2019-09-25 07:04:40,015 [main] INFO  server.BaseHttpServer (BaseHttpServer.java:updateConnectorAddress(215)) - HTTP server of HDDSDATANODE is listening at http://0.0.0.0:44481
2019-09-25 07:04:40,016 [main] INFO  impl.MetricsSystemImpl (MetricsSystemImpl.java:init(158)) - HddsDatanode metrics system started (again)
2019-09-25 07:04:40,019 [org.apache.hadoop.util.JvmPauseMonitor$Monitor@3ae75b6e] INFO  util.JvmPauseMonitor (JvmPauseMonitor.java:run(188)) - Starting JVM pause monitor
2019-09-25 07:04:40,019 [main] INFO  ozone.HddsDatanodeService (HddsDatanodeService.java:start(184)) - HddsDatanodeService host:pr-hdds-1569-s62bp-3040748787 ip:192.168.30.10
2019-09-25 07:04:40,028 [main] INFO  volume.HddsVolume (HddsVolume.java:<init>(176)) - Creating Volume: /workdir/hadoop-ozone/integration-test/target/test-dir/MiniOzoneClusterImpl-39af9574-7a8b-4ed7-b830-bf686a3d4bb8/datanode-2/data/containers/hdds of  storage type : DISK and capacity : 1482555576320
2019-09-25 07:04:40,028 [main] INFO  volume.VolumeSet (VolumeSet.java:initializeVolumeSet(170)) - Added Volume : /workdir/hadoop-ozone/integration-test/target/test-dir/MiniOzoneClusterImpl-39af9574-7a8b-4ed7-b830-bf686a3d4bb8/datanode-2/data/containers/hdds to VolumeSet
2019-09-25 07:04:40,028 [main] INFO  volume.ThrottledAsyncChecker (ThrottledAsyncChecker.java:schedule(139)) - Scheduling a check for org.apache.hadoop.ozone.container.common.volume.HddsVolume@6cff61fc
2019-09-25 07:04:40,029 [main] INFO  volume.HddsVolumeChecker (HddsVolumeChecker.java:checkAllVolumes(202)) - Scheduled health check for volume org.apache.hadoop.ozone.container.common.volume.HddsVolume@6cff61fc
2019-09-25 07:04:40,043 [main] INFO  impl.RaftServerProxy (ConfUtils.java:logGet(43)) - raft.rpc.type = GRPC (default)
2019-09-25 07:04:40,043 [main] INFO  grpc.GrpcFactory (GrpcFactory.java:checkPooledByteBufAllocatorUseCacheForAllThreads(45)) - PERFORMANCE WARNING: useCacheForAllThreads is true that may cause Netty to create a lot garbage objects and, as a result, trigger GC.
	It is recommended to disable useCacheForAllThreads by setting -Dorg.apache.ratis.thirdparty.io.netty.allocator.useCacheForAllThreads=false in command line.
2019-09-25 07:04:40,044 [main] INFO  grpc.GrpcConfigKeys$Server (ConfUtils.java:logGet(43)) - raft.grpc.server.port = 0 (default)
2019-09-25 07:04:40,044 [main] INFO  server.GrpcService (ConfUtils.java:logGet(43)) - raft.grpc.message.size.max = 33570816 (custom)
2019-09-25 07:04:40,044 [main] INFO  server.RaftServerConfigKeys (ConfUtils.java:logGet(43)) - raft.server.log.appender.buffer.byte-limit = 33554432 (custom)
2019-09-25 07:04:40,044 [main] INFO  server.GrpcService (ConfUtils.java:logGet(43)) - raft.grpc.flow.control.window = 1MB (=1048576) (default)
2019-09-25 07:04:40,045 [main] INFO  server.RaftServerConfigKeys (ConfUtils.java:logGet(43)) - raft.server.rpc.request.timeout = 3000ms (default)
2019-09-25 07:04:40,045 [main] INFO  server.RaftServerConfigKeys (ConfUtils.java:logGet(43)) - raft.server.storage.dir = [/workdir/hadoop-ozone/integration-test/target/test-dir/MiniOzoneClusterImpl-39af9574-7a8b-4ed7-b830-bf686a3d4bb8/datanode-2/data/ratis] (custom)
2019-09-25 07:04:40,047 [main] INFO  hdfs.DFSUtil (DFSUtil.java:httpServerTemplateForNNAndJN(1641)) - Starting Web-server for hddsDatanode at: http://0.0.0.0:0
2019-09-25 07:04:40,048 [Datanode State Machine Thread - 0] INFO  datanode.InitDatanodeState (InitDatanodeState.java:persistContainerDatanodeDetails(140)) - DatanodeDetails is persisted to /workdir/hadoop-ozone/integration-test/target/test-dir/MiniOzoneClusterImpl-39af9574-7a8b-4ed7-b830-bf686a3d4bb8/datanode-0/meta/datanode.id
2019-09-25 07:04:40,051 [main] INFO  server.AuthenticationFilter (AuthenticationFilter.java:constructSecretProvider(240)) - Unable to initialize FileSignerSecretProvider, falling back to use random secrets.
2019-09-25 07:04:40,052 [main] WARN  http.HttpRequestLog (HttpRequestLog.java:getRequestLog(97)) - Jetty request log can only be enabled using Log4j
2019-09-25 07:04:40,053 [Datanode State Machine Thread - 0] INFO  datanode.InitDatanodeState (InitDatanodeState.java:persistContainerDatanodeDetails(140)) - DatanodeDetails is persisted to /workdir/hadoop-ozone/integration-test/target/test-dir/MiniOzoneClusterImpl-39af9574-7a8b-4ed7-b830-bf686a3d4bb8/datanode-1/meta/datanode.id
2019-09-25 07:04:40,054 [main] INFO  http.HttpServer2 (HttpServer2.java:addGlobalFilter(975)) - Added global filter 'safety' (class=org.apache.hadoop.http.HttpServer2$QuotingInputFilter)
2019-09-25 07:04:40,055 [main] INFO  http.HttpServer2 (HttpServer2.java:addFilter(948)) - Added filter static_user_filter (class=org.apache.hadoop.http.lib.StaticUserWebFilter$StaticUserFilter) to context hddsDatanode
2019-09-25 07:04:40,055 [main] INFO  http.HttpServer2 (HttpServer2.java:addFilter(958)) - Added filter static_user_filter (class=org.apache.hadoop.http.lib.StaticUserWebFilter$StaticUserFilter) to context logs
2019-09-25 07:04:40,056 [main] INFO  http.HttpServer2 (HttpServer2.java:addFilter(958)) - Added filter static_user_filter (class=org.apache.hadoop.http.lib.StaticUserWebFilter$StaticUserFilter) to context static
2019-09-25 07:04:40,056 [main] INFO  http.HttpServer2 (HttpServer2.java:bindListener(1191)) - Jetty bound to port 43957
2019-09-25 07:04:40,057 [main] INFO  server.Server (Server.java:doStart(351)) - jetty-9.3.25.v20180904, build timestamp: 2018-09-04T21:11:46Z, git hash: 3ce520221d0240229c862b122d2b06c12a625732
2019-09-25 07:04:40,059 [main] INFO  handler.ContextHandler (ContextHandler.java:doStart(781)) - Started o.e.j.s.ServletContextHandler@44536de4{/logs,file:///workdir/hadoop-ozone/integration-test/target/log,AVAILABLE}
2019-09-25 07:04:40,060 [main] INFO  handler.ContextHandler (ContextHandler.java:doStart(781)) - Started o.e.j.s.ServletContextHandler@4d95a72e{/static,jar:file:/home/user/.m2/repository/org/apache/hadoop/hadoop-hdds-container-service/0.5.0-SNAPSHOT/hadoop-hdds-container-service-0.5.0-SNAPSHOT.jar!/webapps/static,AVAILABLE}
2019-09-25 07:04:40,089 [main] INFO  handler.ContextHandler (ContextHandler.java:doStart(781)) - Started o.e.j.w.WebAppContext@fc807c1{/,file:///tmp/jetty-0.0.0.0-43957-hddsDatanode-_-any-8270315520421043071.dir/webapp/,AVAILABLE}{/hddsDatanode}
2019-09-25 07:04:40,089 [main] INFO  server.AbstractConnector (AbstractConnector.java:doStart(278)) - Started ServerConnector@296e281a{HTTP/1.1,[http/1.1]}{0.0.0.0:43957}
2019-09-25 07:04:40,090 [main] INFO  server.Server (Server.java:doStart(419)) - Started @5357ms
2019-09-25 07:04:40,091 [main] WARN  impl.MetricsSystemImpl (MetricsSystemImpl.java:register(276)) - Sink prometheus already exists!
2019-09-25 07:04:40,092 [main] INFO  server.BaseHttpServer (BaseHttpServer.java:updateConnectorAddress(215)) - HTTP server of HDDSDATANODE is listening at http://0.0.0.0:43957
2019-09-25 07:04:40,093 [main] INFO  ozone.MiniOzoneClusterImpl (MiniOzoneClusterImpl.java:lambda$waitForClusterToBeReady$0(147)) - Waiting for cluster to be ready. Got 0 of 3 DN Heartbeats.
2019-09-25 07:04:40,094 [org.apache.hadoop.util.JvmPauseMonitor$Monitor@5f3d8ba0] INFO  util.JvmPauseMonitor (JvmPauseMonitor.java:run(188)) - Starting JVM pause monitor
2019-09-25 07:04:40,097 [Datanode State Machine Thread - 0] INFO  datanode.InitDatanodeState (InitDatanodeState.java:persistContainerDatanodeDetails(140)) - DatanodeDetails is persisted to /workdir/hadoop-ozone/integration-test/target/test-dir/MiniOzoneClusterImpl-39af9574-7a8b-4ed7-b830-bf686a3d4bb8/datanode-2/meta/datanode.id
2019-09-25 07:04:41,094 [main] INFO  ozone.MiniOzoneClusterImpl (MiniOzoneClusterImpl.java:lambda$waitForClusterToBeReady$0(147)) - Waiting for cluster to be ready. Got 0 of 3 DN Heartbeats.
2019-09-25 07:04:41,972 [Datanode State Machine Thread - 0] INFO  ozoneimpl.OzoneContainer (OzoneContainer.java:start(217)) - Attempting to start container services.
2019-09-25 07:04:41,975 [Datanode State Machine Thread - 0] INFO  ozoneimpl.OzoneContainer (OzoneContainer.java:startContainerScrub(179)) - Background container scanner has been disabled.
2019-09-25 07:04:41,975 [Datanode State Machine Thread - 0] INFO  ratis.XceiverServerRatis (XceiverServerRatis.java:start(411)) - Starting XceiverServerRatis e568d23f-199e-48ce-91e4-5c166e2e97cd at port 0
2019-09-25 07:04:42,002 [Datanode State Machine Thread - 0] INFO  impl.RaftServerProxy (RaftServerProxy.java:lambda$start$3(299)) - e568d23f-199e-48ce-91e4-5c166e2e97cd: start RPC server
2019-09-25 07:04:42,037 [Datanode State Machine Thread - 0] INFO  ozoneimpl.OzoneContainer (OzoneContainer.java:start(217)) - Attempting to start container services.
2019-09-25 07:04:42,044 [Datanode State Machine Thread - 0] INFO  ozoneimpl.OzoneContainer (OzoneContainer.java:startContainerScrub(179)) - Background container scanner has been disabled.
2019-09-25 07:04:42,044 [Datanode State Machine Thread - 0] INFO  ratis.XceiverServerRatis (XceiverServerRatis.java:start(411)) - Starting XceiverServerRatis 62ec8eb9-3ae9-4136-b70a-2caf3716fa7f at port 0
2019-09-25 07:04:42,053 [Datanode State Machine Thread - 0] INFO  impl.RaftServerProxy (RaftServerProxy.java:lambda$start$3(299)) - 62ec8eb9-3ae9-4136-b70a-2caf3716fa7f: start RPC server
2019-09-25 07:04:42,094 [main] INFO  ozone.MiniOzoneClusterImpl (MiniOzoneClusterImpl.java:lambda$waitForClusterToBeReady$0(147)) - Waiting for cluster to be ready. Got 0 of 3 DN Heartbeats.
2019-09-25 07:04:42,111 [Datanode State Machine Thread - 0] INFO  ozoneimpl.OzoneContainer (OzoneContainer.java:start(217)) - Attempting to start container services.
2019-09-25 07:04:42,112 [Datanode State Machine Thread - 0] INFO  ozoneimpl.OzoneContainer (OzoneContainer.java:startContainerScrub(179)) - Background container scanner has been disabled.
2019-09-25 07:04:42,113 [Datanode State Machine Thread - 0] INFO  ratis.XceiverServerRatis (XceiverServerRatis.java:start(411)) - Starting XceiverServerRatis 24bf2945-a329-4da6-aaf2-23ecd8d462c6 at port 0
2019-09-25 07:04:42,121 [Datanode State Machine Thread - 0] INFO  impl.RaftServerProxy (RaftServerProxy.java:lambda$start$3(299)) - 24bf2945-a329-4da6-aaf2-23ecd8d462c6: start RPC server
2019-09-25 07:04:42,153 [Datanode State Machine Thread - 0] INFO  server.GrpcService (GrpcService.java:startImpl(158)) - e568d23f-199e-48ce-91e4-5c166e2e97cd: GrpcService started, listening on 0.0.0.0/0.0.0.0:42827
2019-09-25 07:04:42,153 [Datanode State Machine Thread - 0] INFO  server.GrpcService (GrpcService.java:startImpl(158)) - 62ec8eb9-3ae9-4136-b70a-2caf3716fa7f: GrpcService started, listening on 0.0.0.0/0.0.0.0:44715
2019-09-25 07:04:42,153 [Datanode State Machine Thread - 0] INFO  server.GrpcService (GrpcService.java:startImpl(158)) - 24bf2945-a329-4da6-aaf2-23ecd8d462c6: GrpcService started, listening on 0.0.0.0/0.0.0.0:42867
2019-09-25 07:04:42,155 [Datanode State Machine Thread - 0] INFO  ratis.XceiverServerRatis (XceiverServerRatis.java:start(421)) - XceiverServerRatis 62ec8eb9-3ae9-4136-b70a-2caf3716fa7f is started using port 44715
2019-09-25 07:04:42,154 [Datanode State Machine Thread - 0] INFO  ratis.XceiverServerRatis (XceiverServerRatis.java:start(421)) - XceiverServerRatis e568d23f-199e-48ce-91e4-5c166e2e97cd is started using port 42827
2019-09-25 07:04:42,155 [Datanode State Machine Thread - 0] INFO  ratis.XceiverServerRatis (XceiverServerRatis.java:start(421)) - XceiverServerRatis 24bf2945-a329-4da6-aaf2-23ecd8d462c6 is started using port 42867
2019-09-25 07:04:42,160 [Datanode State Machine Thread - 0] INFO  server.XceiverServerGrpc (XceiverServerGrpc.java:start(149)) - XceiverServerGrpc e568d23f-199e-48ce-91e4-5c166e2e97cd is started using port 38315
2019-09-25 07:04:42,160 [Datanode State Machine Thread - 0] INFO  server.XceiverServerGrpc (XceiverServerGrpc.java:start(149)) - XceiverServerGrpc 62ec8eb9-3ae9-4136-b70a-2caf3716fa7f is started using port 39094
2019-09-25 07:04:42,161 [Datanode State Machine Thread - 0] INFO  server.XceiverServerGrpc (XceiverServerGrpc.java:start(149)) - XceiverServerGrpc 24bf2945-a329-4da6-aaf2-23ecd8d462c6 is started using port 36921
2019-09-25 07:04:43,096 [main] INFO  ozone.MiniOzoneClusterImpl (MiniOzoneClusterImpl.java:lambda$waitForClusterToBeReady$0(147)) - Waiting for cluster to be ready. Got 0 of 3 DN Heartbeats.
2019-09-25 07:04:43,937 [IPC Server handler 0 on 34976] INFO  net.NetworkTopology (NetworkTopologyImpl.java:add(111)) - Added a new node: /default-rack/e568d23f-199e-48ce-91e4-5c166e2e97cd
2019-09-25 07:04:43,938 [IPC Server handler 0 on 34976] INFO  node.SCMNodeManager (SCMNodeManager.java:register(266)) - Registered Data node : e568d23f-199e-48ce-91e4-5c166e2e97cd{ip: 192.168.30.10, host: pr-hdds-1569-s62bp-3040748787, networkLocation: /default-rack, certSerialId: null}
2019-09-25 07:04:43,942 [EventQueue-NodeRegistrationContainerReportForDataNodeSafeModeRule] INFO  safemode.SCMSafeModeManager (DataNodeSafeModeRule.java:process(71)) - SCM in safe mode. 1 DataNodes registered, 1 required.
2019-09-25 07:04:43,942 [EventQueue-NodeRegistrationContainerReportForDataNodeSafeModeRule] INFO  safemode.SCMSafeModeManager (SCMSafeModeManager.java:validateSafeModeExitRules(177)) - ScmSafeModeManager, all rules are successfully validated
2019-09-25 07:04:43,942 [EventQueue-NodeRegistrationContainerReportForDataNodeSafeModeRule] INFO  safemode.SCMSafeModeManager (SCMSafeModeManager.java:exitSafeMode(193)) - SCM exiting safe mode.
2019-09-25 07:04:44,021 [IPC Server handler 1 on 34976] INFO  net.NetworkTopology (NetworkTopologyImpl.java:add(111)) - Added a new node: /default-rack/62ec8eb9-3ae9-4136-b70a-2caf3716fa7f
2019-09-25 07:04:44,022 [IPC Server handler 1 on 34976] INFO  node.SCMNodeManager (SCMNodeManager.java:register(266)) - Registered Data node : 62ec8eb9-3ae9-4136-b70a-2caf3716fa7f{ip: 192.168.30.10, host: pr-hdds-1569-s62bp-3040748787, networkLocation: /default-rack, certSerialId: null}
2019-09-25 07:04:44,097 [main] INFO  ozone.MiniOzoneClusterImpl (MiniOzoneClusterImpl.java:lambda$waitForClusterToBeReady$0(147)) - Waiting for cluster to be ready. Got 2 of 3 DN Heartbeats.
2019-09-25 07:04:44,098 [IPC Server handler 3 on 34976] INFO  net.NetworkTopology (NetworkTopologyImpl.java:add(111)) - Added a new node: /default-rack/24bf2945-a329-4da6-aaf2-23ecd8d462c6
2019-09-25 07:04:44,098 [IPC Server handler 3 on 34976] INFO  node.SCMNodeManager (SCMNodeManager.java:register(266)) - Registered Data node : 24bf2945-a329-4da6-aaf2-23ecd8d462c6{ip: 192.168.30.10, host: pr-hdds-1569-s62bp-3040748787, networkLocation: /default-rack, certSerialId: null}
2019-09-25 07:04:44,437 [grpc-default-executor-0] INFO  impl.RaftServerProxy (RaftServerProxy.java:addNew(89)) - e568d23f-199e-48ce-91e4-5c166e2e97cd: addNew group-BB1C97E9BFD8:[e568d23f-199e-48ce-91e4-5c166e2e97cd:192.168.30.10:42827] returns group-BB1C97E9BFD8:java.util.concurrent.CompletableFuture@7ec0c188[Not completed]
2019-09-25 07:04:44,458 [pool-27-thread-1] INFO  impl.RaftServerImpl (RaftServerImpl.java:<init>(95)) - e568d23f-199e-48ce-91e4-5c166e2e97cd: new RaftServerImpl for group-BB1C97E9BFD8:[e568d23f-199e-48ce-91e4-5c166e2e97cd:192.168.30.10:42827] with ContainerStateMachine:uninitialized
2019-09-25 07:04:44,462 [pool-27-thread-1] INFO  server.RaftServerConfigKeys (ConfUtils.java:logGet(43)) - raft.server.rpc.timeout.min = 5s (custom)
2019-09-25 07:04:44,463 [pool-27-thread-1] INFO  server.RaftServerConfigKeys (ConfUtils.java:logGet(43)) - raft.server.rpc.timeout.max = 5200ms (custom)
2019-09-25 07:04:44,463 [pool-27-thread-1] INFO  server.RaftServerConfigKeys (ConfUtils.java:logGet(43)) - raft.server.rpcslowness.timeout = 120s (custom)
2019-09-25 07:04:44,465 [pool-27-thread-1] INFO  server.RaftServerConfigKeys (ConfUtils.java:logGet(43)) - raft.server.sleep.deviation.threshold = 300 (default)
2019-09-25 07:04:44,466 [pool-27-thread-1] INFO  server.RaftServerConfigKeys (ConfUtils.java:logGet(43)) - raft.server.log.appender.install.snapshot.enabled = false (custom)
2019-09-25 07:04:44,476 [pool-27-thread-1] INFO  impl.RaftServerImpl (ServerState.java:<init>(103)) - e568d23f-199e-48ce-91e4-5c166e2e97cd@group-BB1C97E9BFD8: ConfigurationManager, init=-1: [e568d23f-199e-48ce-91e4-5c166e2e97cd:192.168.30.10:42827], old=null, confs=<EMPTY_MAP>
2019-09-25 07:04:44,477 [pool-27-thread-1] INFO  server.RaftServerConfigKeys (ConfUtils.java:logGet(43)) - raft.server.storage.dir = [/workdir/hadoop-ozone/integration-test/target/test-dir/MiniOzoneClusterImpl-39af9574-7a8b-4ed7-b830-bf686a3d4bb8/datanode-0/data/ratis] (custom)
2019-09-25 07:04:44,488 [pool-27-thread-1] INFO  storage.RaftStorageDirectory (RaftStorageDirectory.java:analyzeStorage(246)) - The storage directory /workdir/hadoop-ozone/integration-test/target/test-dir/MiniOzoneClusterImpl-39af9574-7a8b-4ed7-b830-bf686a3d4bb8/datanode-0/data/ratis/01ea2d36-fbd7-4ca8-8fc7-bb1c97e9bfd8 does not exist. Creating ...
2019-09-25 07:04:44,508 [pool-27-thread-1] INFO  storage.RaftStorageDirectory (RaftStorageDirectory.java:tryLock(328)) - Lock on /workdir/hadoop-ozone/integration-test/target/test-dir/MiniOzoneClusterImpl-39af9574-7a8b-4ed7-b830-bf686a3d4bb8/datanode-0/data/ratis/01ea2d36-fbd7-4ca8-8fc7-bb1c97e9bfd8/in_use.lock acquired by nodename 19495@pr-hdds-1569-s62bp-3040748787
2019-09-25 07:04:44,523 [pool-27-thread-1] INFO  storage.RaftStorage (RaftStorage.java:format(72)) - Storage directory /workdir/hadoop-ozone/integration-test/target/test-dir/MiniOzoneClusterImpl-39af9574-7a8b-4ed7-b830-bf686a3d4bb8/datanode-0/data/ratis/01ea2d36-fbd7-4ca8-8fc7-bb1c97e9bfd8 has been successfully formatted.
2019-09-25 07:04:44,525 [pool-27-thread-1] INFO  ratis.ContainerStateMachine (ContainerStateMachine.java:loadSnapshot(230)) - group-BB1C97E9BFD8: The snapshot info is null. Setting the last applied indexto:(t:0, i:~)
2019-09-25 07:04:44,525 [pool-27-thread-1] INFO  server.RaftServerConfigKeys (ConfUtils.java:logGet(43)) - raft.server.notification.no-leader.timeout = 120s (custom)
2019-09-25 07:04:44,528 [pool-27-thread-1] INFO  server.RaftServerConfigKeys (ConfUtils.java:logGet(43)) - raft.server.log.use.memory = false (default)
2019-09-25 07:04:44,535 [pool-27-thread-1] INFO  server.RaftServerConfigKeys (ConfUtils.java:logGet(43)) - raft.server.log.purge.gap = 1000000 (custom)
2019-09-25 07:04:44,535 [pool-27-thread-1] INFO  server.RaftServerConfigKeys (ConfUtils.java:logGet(43)) - raft.server.log.appender.buffer.byte-limit = 33554432 (custom)
2019-09-25 07:04:44,538 [pool-27-thread-1] INFO  server.RaftServerConfigKeys (ConfUtils.java:logGet(43)) - raft.server.log.segment.size.max = 1048576 (custom)
2019-09-25 07:04:44,543 [pool-27-thread-1] INFO  server.RaftServerConfigKeys (ConfUtils.java:logGet(43)) - raft.server.log.segment.cache.num.max = 2 (custom)
2019-09-25 07:04:44,549 [pool-27-thread-1] INFO  segmented.SegmentedRaftLogWorker (SegmentedRaftLogWorker.java:<init>(172)) - new e568d23f-199e-48ce-91e4-5c166e2e97cd@group-BB1C97E9BFD8-SegmentedRaftLogWorker for RaftStorage:Storage Directory /workdir/hadoop-ozone/integration-test/target/test-dir/MiniOzoneClusterImpl-39af9574-7a8b-4ed7-b830-bf686a3d4bb8/datanode-0/data/ratis/01ea2d36-fbd7-4ca8-8fc7-bb1c97e9bfd8
2019-09-25 07:04:44,551 [pool-27-thread-1] INFO  impl.MetricsSystemImpl (MetricsSystemImpl.java:init(158)) - ratis metrics system started (again)
2019-09-25 07:04:44,556 [pool-27-thread-1] INFO  metrics.MetricRegistries (MetricRegistriesLoader.java:load(64)) - Loaded MetricRegistries class org.apache.ratis.metrics.impl.MetricRegistriesImpl
2019-09-25 07:04:44,584 [pool-27-thread-1] INFO  server.RaftServerConfigKeys (ConfUtils.java:logGet(43)) - raft.server.log.queue.byte-limit = 2147483647 (custom)
2019-09-25 07:04:44,585 [pool-27-thread-1] INFO  server.RaftServerConfigKeys (ConfUtils.java:logGet(43)) - raft.server.log.queue.element-limit = 1024 (custom)
2019-09-25 07:04:44,588 [pool-27-thread-1] INFO  server.RaftServerConfigKeys (ConfUtils.java:logGet(43)) - raft.server.log.segment.size.max = 1048576 (custom)
2019-09-25 07:04:44,589 [pool-27-thread-1] INFO  server.RaftServerConfigKeys (ConfUtils.java:logGet(43)) - raft.server.log.preallocated.size = 16384 (custom)
2019-09-25 07:04:44,589 [pool-27-thread-1] INFO  server.RaftServerConfigKeys (ConfUtils.java:logGet(43)) - raft.server.log.write.buffer.size = 33554432 (custom)
2019-09-25 07:04:44,590 [pool-27-thread-1] INFO  server.RaftServerConfigKeys (ConfUtils.java:logGet(43)) - raft.server.log.force.sync.num = 128 (default)
2019-09-25 07:04:44,591 [pool-27-thread-1] INFO  server.RaftServerConfigKeys (ConfUtils.java:logGet(43)) - raft.server.log.statemachine.data.sync = true (default)
2019-09-25 07:04:44,591 [pool-27-thread-1] INFO  server.RaftServerConfigKeys (ConfUtils.java:logGet(43)) - raft.server.log.statemachine.data.sync.timeout = 10s (default)
2019-09-25 07:04:44,592 [pool-27-thread-1] INFO  server.RaftServerConfigKeys (ConfUtils.java:logGet(43)) - raft.server.log.statemachine.data.sync.timeout.retry = -1 (default)
2019-09-25 07:04:44,600 [pool-27-thread-1] INFO  server.RaftServerConfigKeys (ConfUtils.java:logGet(43)) - raft.server.log.statemachine.data.caching.enabled = true (custom)
2019-09-25 07:04:44,606 [pool-27-thread-1] INFO  segmented.SegmentedRaftLogWorker (SegmentedRaftLogWorker.java:lambda$new$0(132)) - e568d23f-199e-48ce-91e4-5c166e2e97cd@group-BB1C97E9BFD8-SegmentedRaftLogWorker: flushIndex: setUnconditionally 0 -> -1
2019-09-25 07:04:44,614 [pool-27-thread-1] INFO  server.RaftServerConfigKeys (ConfUtils.java:logGet(43)) - raft.server.snapshot.auto.trigger.enabled = true (custom)
2019-09-25 07:04:44,615 [pool-27-thread-1] INFO  server.RaftServerConfigKeys (ConfUtils.java:logGet(43)) - raft.server.snapshot.auto.trigger.threshold = 10000 (custom)
2019-09-25 07:04:44,616 [pool-27-thread-1] INFO  server.RaftServerConfigKeys (ConfUtils.java:logGet(43)) - raft.server.snapshot.retention.num.files = 5 (custom)
2019-09-25 07:04:44,617 [pool-27-thread-1] INFO  server.RaftServerConfigKeys (ConfUtils.java:logGet(43)) - raft.server.retrycache.expirytime = 600000ms (custom)
2019-09-25 07:04:44,654 [pool-27-thread-1] INFO  impl.RaftServerImpl (RaftServerImpl.java:start(185)) - e568d23f-199e-48ce-91e4-5c166e2e97cd@group-BB1C97E9BFD8: start as a follower, conf=-1: [e568d23f-199e-48ce-91e4-5c166e2e97cd:192.168.30.10:42827], old=null
2019-09-25 07:04:44,655 [pool-27-thread-1] INFO  impl.RaftServerImpl (RaftServerImpl.java:setRole(174)) - e568d23f-199e-48ce-91e4-5c166e2e97cd@group-BB1C97E9BFD8: changes role from      null to FOLLOWER at term 0 for startAsFollower
2019-09-25 07:04:44,657 [pool-27-thread-1] INFO  impl.RoleInfo (RoleInfo.java:updateAndGet(143)) - e568d23f-199e-48ce-91e4-5c166e2e97cd: start FollowerState
2019-09-25 07:04:44,659 [pool-27-thread-1] INFO  util.JmxRegister (JmxRegister.java:tryRegister(44)) - Successfully registered JMX Bean with object name Ratis:service=RaftServer,group=group-BB1C97E9BFD8,id=e568d23f-199e-48ce-91e4-5c166e2e97cd
2019-09-25 07:04:44,725 [RatisPipelineUtilsThread] INFO  pipeline.PipelineStateManager (PipelineStateManager.java:addPipeline(56)) - Created pipeline Pipeline[ Id: 01ea2d36-fbd7-4ca8-8fc7-bb1c97e9bfd8, Nodes: e568d23f-199e-48ce-91e4-5c166e2e97cd{ip: 192.168.30.10, host: pr-hdds-1569-s62bp-3040748787, networkLocation: /default-rack, certSerialId: null}, Type:RATIS, Factor:ONE, State:OPEN]
2019-09-25 07:04:44,744 [grpc-default-executor-0] INFO  impl.RaftServerProxy (RaftServerProxy.java:addNew(89)) - 62ec8eb9-3ae9-4136-b70a-2caf3716fa7f: addNew group-D2C29492D890:[62ec8eb9-3ae9-4136-b70a-2caf3716fa7f:192.168.30.10:44715] returns group-D2C29492D890:java.util.concurrent.CompletableFuture@62028ee8[Not completed]
2019-09-25 07:04:44,773 [pool-37-thread-1] INFO  impl.RaftServerImpl (RaftServerImpl.java:<init>(95)) - 62ec8eb9-3ae9-4136-b70a-2caf3716fa7f: new RaftServerImpl for group-D2C29492D890:[62ec8eb9-3ae9-4136-b70a-2caf3716fa7f:192.168.30.10:44715] with ContainerStateMachine:uninitialized
2019-09-25 07:04:44,775 [pool-37-thread-1] INFO  server.RaftServerConfigKeys (ConfUtils.java:logGet(43)) - raft.server.rpc.timeout.min = 5s (custom)
2019-09-25 07:04:44,775 [pool-37-thread-1] INFO  server.RaftServerConfigKeys (ConfUtils.java:logGet(43)) - raft.server.rpc.timeout.max = 5200ms (custom)
2019-09-25 07:04:44,775 [pool-37-thread-1] INFO  server.RaftServerConfigKeys (ConfUtils.java:logGet(43)) - raft.server.rpcslowness.timeout = 120s (custom)
2019-09-25 07:04:44,775 [pool-37-thread-1] INFO  server.RaftServerConfigKeys (ConfUtils.java:logGet(43)) - raft.server.sleep.deviation.threshold = 300 (default)
2019-09-25 07:04:44,776 [pool-37-thread-1] INFO  server.RaftServerConfigKeys (ConfUtils.java:logGet(43)) - raft.server.log.appender.install.snapshot.enabled = false (custom)
2019-09-25 07:04:44,776 [pool-37-thread-1] INFO  impl.RaftServerImpl (ServerState.java:<init>(103)) - 62ec8eb9-3ae9-4136-b70a-2caf3716fa7f@group-D2C29492D890: ConfigurationManager, init=-1: [62ec8eb9-3ae9-4136-b70a-2caf3716fa7f:192.168.30.10:44715], old=null, confs=<EMPTY_MAP>
2019-09-25 07:04:44,776 [pool-37-thread-1] INFO  server.RaftServerConfigKeys (ConfUtils.java:logGet(43)) - raft.server.storage.dir = [/workdir/hadoop-ozone/integration-test/target/test-dir/MiniOzoneClusterImpl-39af9574-7a8b-4ed7-b830-bf686a3d4bb8/datanode-1/data/ratis] (custom)
2019-09-25 07:04:44,777 [pool-37-thread-1] INFO  storage.RaftStorageDirectory (RaftStorageDirectory.java:analyzeStorage(246)) - The storage directory /workdir/hadoop-ozone/integration-test/target/test-dir/MiniOzoneClusterImpl-39af9574-7a8b-4ed7-b830-bf686a3d4bb8/datanode-1/data/ratis/f949cde8-9537-4f6f-9059-d2c29492d890 does not exist. Creating ...
2019-09-25 07:04:44,791 [pool-37-thread-1] INFO  storage.RaftStorageDirectory (RaftStorageDirectory.java:tryLock(328)) - Lock on /workdir/hadoop-ozone/integration-test/target/test-dir/MiniOzoneClusterImpl-39af9574-7a8b-4ed7-b830-bf686a3d4bb8/datanode-1/data/ratis/f949cde8-9537-4f6f-9059-d2c29492d890/in_use.lock acquired by nodename 19495@pr-hdds-1569-s62bp-3040748787
2019-09-25 07:04:44,823 [pool-37-thread-1] INFO  storage.RaftStorage (RaftStorage.java:format(72)) - Storage directory /workdir/hadoop-ozone/integration-test/target/test-dir/MiniOzoneClusterImpl-39af9574-7a8b-4ed7-b830-bf686a3d4bb8/datanode-1/data/ratis/f949cde8-9537-4f6f-9059-d2c29492d890 has been successfully formatted.
2019-09-25 07:04:44,825 [pool-37-thread-1] INFO  ratis.ContainerStateMachine (ContainerStateMachine.java:loadSnapshot(230)) - group-D2C29492D890: The snapshot info is null. Setting the last applied indexto:(t:0, i:~)
2019-09-25 07:04:44,826 [pool-37-thread-1] INFO  server.RaftServerConfigKeys (ConfUtils.java:logGet(43)) - raft.server.notification.no-leader.timeout = 120s (custom)
2019-09-25 07:04:44,826 [pool-37-thread-1] INFO  server.RaftServerConfigKeys (ConfUtils.java:logGet(43)) - raft.server.log.use.memory = false (default)
2019-09-25 07:04:44,826 [pool-37-thread-1] INFO  server.RaftServerConfigKeys (ConfUtils.java:logGet(43)) - raft.server.log.purge.gap = 1000000 (custom)
2019-09-25 07:04:44,827 [pool-37-thread-1] INFO  server.RaftServerConfigKeys (ConfUtils.java:logGet(43)) - raft.server.log.appender.buffer.byte-limit = 33554432 (custom)
2019-09-25 07:04:44,827 [pool-37-thread-1] INFO  server.RaftServerConfigKeys (ConfUtils.java:logGet(43)) - raft.server.log.segment.size.max = 1048576 (custom)
2019-09-25 07:04:44,828 [pool-37-thread-1] INFO  server.RaftServerConfigKeys (ConfUtils.java:logGet(43)) - raft.server.log.segment.cache.num.max = 2 (custom)
2019-09-25 07:04:44,828 [pool-37-thread-1] INFO  segmented.SegmentedRaftLogWorker (SegmentedRaftLogWorker.java:<init>(172)) - new 62ec8eb9-3ae9-4136-b70a-2caf3716fa7f@group-D2C29492D890-SegmentedRaftLogWorker for RaftStorage:Storage Directory /workdir/hadoop-ozone/integration-test/target/test-dir/MiniOzoneClusterImpl-39af9574-7a8b-4ed7-b830-bf686a3d4bb8/datanode-1/data/ratis/f949cde8-9537-4f6f-9059-d2c29492d890
2019-09-25 07:04:44,836 [pool-37-thread-1] INFO  server.RaftServerConfigKeys (ConfUtils.java:logGet(43)) - raft.server.log.queue.byte-limit = 2147483647 (custom)
2019-09-25 07:04:44,836 [pool-37-thread-1] INFO  server.RaftServerConfigKeys (ConfUtils.java:logGet(43)) - raft.server.log.queue.element-limit = 1024 (custom)
2019-09-25 07:04:44,836 [pool-37-thread-1] INFO  server.RaftServerConfigKeys (ConfUtils.java:logGet(43)) - raft.server.log.segment.size.max = 1048576 (custom)
2019-09-25 07:04:44,837 [pool-37-thread-1] INFO  server.RaftServerConfigKeys (ConfUtils.java:logGet(43)) - raft.server.log.preallocated.size = 16384 (custom)
2019-09-25 07:04:44,837 [pool-37-thread-1] INFO  server.RaftServerConfigKeys (ConfUtils.java:logGet(43)) - raft.server.log.write.buffer.size = 33554432 (custom)
2019-09-25 07:04:44,837 [pool-37-thread-1] INFO  server.RaftServerConfigKeys (ConfUtils.java:logGet(43)) - raft.server.log.force.sync.num = 128 (default)
2019-09-25 07:04:44,837 [pool-37-thread-1] INFO  server.RaftServerConfigKeys (ConfUtils.java:logGet(43)) - raft.server.log.statemachine.data.sync = true (default)
2019-09-25 07:04:44,838 [pool-37-thread-1] INFO  server.RaftServerConfigKeys (ConfUtils.java:logGet(43)) - raft.server.log.statemachine.data.sync.timeout = 10s (default)
2019-09-25 07:04:44,838 [pool-37-thread-1] INFO  server.RaftServerConfigKeys (ConfUtils.java:logGet(43)) - raft.server.log.statemachine.data.sync.timeout.retry = -1 (default)
2019-09-25 07:04:44,838 [pool-37-thread-1] INFO  server.RaftServerConfigKeys (ConfUtils.java:logGet(43)) - raft.server.log.statemachine.data.caching.enabled = true (custom)
2019-09-25 07:04:44,839 [pool-37-thread-1] INFO  segmented.SegmentedRaftLogWorker (SegmentedRaftLogWorker.java:lambda$new$0(132)) - 62ec8eb9-3ae9-4136-b70a-2caf3716fa7f@group-D2C29492D890-SegmentedRaftLogWorker: flushIndex: setUnconditionally 0 -> -1
2019-09-25 07:04:44,840 [pool-37-thread-1] INFO  server.RaftServerConfigKeys (ConfUtils.java:logGet(43)) - raft.server.snapshot.auto.trigger.enabled = true (custom)
2019-09-25 07:04:44,840 [pool-37-thread-1] INFO  server.RaftServerConfigKeys (ConfUtils.java:logGet(43)) - raft.server.snapshot.auto.trigger.threshold = 10000 (custom)
2019-09-25 07:04:44,840 [pool-37-thread-1] INFO  server.RaftServerConfigKeys (ConfUtils.java:logGet(43)) - raft.server.snapshot.retention.num.files = 5 (custom)
2019-09-25 07:04:44,840 [pool-37-thread-1] INFO  server.RaftServerConfigKeys (ConfUtils.java:logGet(43)) - raft.server.retrycache.expirytime = 600000ms (custom)
2019-09-25 07:04:44,846 [pool-37-thread-1] INFO  impl.RaftServerImpl (RaftServerImpl.java:start(185)) - 62ec8eb9-3ae9-4136-b70a-2caf3716fa7f@group-D2C29492D890: start as a follower, conf=-1: [62ec8eb9-3ae9-4136-b70a-2caf3716fa7f:192.168.30.10:44715], old=null
2019-09-25 07:04:44,846 [pool-37-thread-1] INFO  impl.RaftServerImpl (RaftServerImpl.java:setRole(174)) - 62ec8eb9-3ae9-4136-b70a-2caf3716fa7f@group-D2C29492D890: changes role from      null to FOLLOWER at term 0 for startAsFollower
2019-09-25 07:04:44,846 [pool-37-thread-1] INFO  impl.RoleInfo (RoleInfo.java:updateAndGet(143)) - 62ec8eb9-3ae9-4136-b70a-2caf3716fa7f: start FollowerState
2019-09-25 07:04:44,848 [pool-37-thread-1] INFO  util.JmxRegister (JmxRegister.java:tryRegister(44)) - Successfully registered JMX Bean with object name Ratis:service=RaftServer,group=group-D2C29492D890,id=62ec8eb9-3ae9-4136-b70a-2caf3716fa7f
2019-09-25 07:04:44,860 [RatisPipelineUtilsThread] INFO  pipeline.PipelineStateManager (PipelineStateManager.java:addPipeline(56)) - Created pipeline Pipeline[ Id: f949cde8-9537-4f6f-9059-d2c29492d890, Nodes: 62ec8eb9-3ae9-4136-b70a-2caf3716fa7f{ip: 192.168.30.10, host: pr-hdds-1569-s62bp-3040748787, networkLocation: /default-rack, certSerialId: null}, Type:RATIS, Factor:ONE, State:OPEN]
2019-09-25 07:04:44,881 [grpc-default-executor-0] INFO  impl.RaftServerProxy (RaftServerProxy.java:addNew(89)) - 24bf2945-a329-4da6-aaf2-23ecd8d462c6: addNew group-8655732C89B0:[24bf2945-a329-4da6-aaf2-23ecd8d462c6:192.168.30.10:42867] returns group-8655732C89B0:java.util.concurrent.CompletableFuture@13c87ac5[Not completed]
2019-09-25 07:04:44,896 [pool-47-thread-1] INFO  impl.RaftServerImpl (RaftServerImpl.java:<init>(95)) - 24bf2945-a329-4da6-aaf2-23ecd8d462c6: new RaftServerImpl for group-8655732C89B0:[24bf2945-a329-4da6-aaf2-23ecd8d462c6:192.168.30.10:42867] with ContainerStateMachine:uninitialized
2019-09-25 07:04:44,897 [pool-47-thread-1] INFO  server.RaftServerConfigKeys (ConfUtils.java:logGet(43)) - raft.server.rpc.timeout.min = 5s (custom)
2019-09-25 07:04:44,897 [pool-47-thread-1] INFO  server.RaftServerConfigKeys (ConfUtils.java:logGet(43)) - raft.server.rpc.timeout.max = 5200ms (custom)
2019-09-25 07:04:44,898 [pool-47-thread-1] INFO  server.RaftServerConfigKeys (ConfUtils.java:logGet(43)) - raft.server.rpcslowness.timeout = 120s (custom)
2019-09-25 07:04:44,898 [pool-47-thread-1] INFO  server.RaftServerConfigKeys (ConfUtils.java:logGet(43)) - raft.server.sleep.deviation.threshold = 300 (default)
2019-09-25 07:04:44,898 [pool-47-thread-1] INFO  server.RaftServerConfigKeys (ConfUtils.java:logGet(43)) - raft.server.log.appender.install.snapshot.enabled = false (custom)
2019-09-25 07:04:44,898 [pool-47-thread-1] INFO  impl.RaftServerImpl (ServerState.java:<init>(103)) - 24bf2945-a329-4da6-aaf2-23ecd8d462c6@group-8655732C89B0: ConfigurationManager, init=-1: [24bf2945-a329-4da6-aaf2-23ecd8d462c6:192.168.30.10:42867], old=null, confs=<EMPTY_MAP>
2019-09-25 07:04:44,898 [pool-47-thread-1] INFO  server.RaftServerConfigKeys (ConfUtils.java:logGet(43)) - raft.server.storage.dir = [/workdir/hadoop-ozone/integration-test/target/test-dir/MiniOzoneClusterImpl-39af9574-7a8b-4ed7-b830-bf686a3d4bb8/datanode-2/data/ratis] (custom)
2019-09-25 07:04:44,899 [pool-47-thread-1] INFO  storage.RaftStorageDirectory (RaftStorageDirectory.java:analyzeStorage(246)) - The storage directory /workdir/hadoop-ozone/integration-test/target/test-dir/MiniOzoneClusterImpl-39af9574-7a8b-4ed7-b830-bf686a3d4bb8/datanode-2/data/ratis/23f24b91-dc51-4aff-91eb-8655732c89b0 does not exist. Creating ...
2019-09-25 07:04:44,912 [pool-47-thread-1] INFO  storage.RaftStorageDirectory (RaftStorageDirectory.java:tryLock(328)) - Lock on /workdir/hadoop-ozone/integration-test/target/test-dir/MiniOzoneClusterImpl-39af9574-7a8b-4ed7-b830-bf686a3d4bb8/datanode-2/data/ratis/23f24b91-dc51-4aff-91eb-8655732c89b0/in_use.lock acquired by nodename 19495@pr-hdds-1569-s62bp-3040748787
2019-09-25 07:04:44,925 [pool-47-thread-1] INFO  storage.RaftStorage (RaftStorage.java:format(72)) - Storage directory /workdir/hadoop-ozone/integration-test/target/test-dir/MiniOzoneClusterImpl-39af9574-7a8b-4ed7-b830-bf686a3d4bb8/datanode-2/data/ratis/23f24b91-dc51-4aff-91eb-8655732c89b0 has been successfully formatted.
2019-09-25 07:04:44,926 [pool-47-thread-1] INFO  ratis.ContainerStateMachine (ContainerStateMachine.java:loadSnapshot(230)) - group-8655732C89B0: The snapshot info is null. Setting the last applied indexto:(t:0, i:~)
2019-09-25 07:04:44,926 [pool-47-thread-1] INFO  server.RaftServerConfigKeys (ConfUtils.java:logGet(43)) - raft.server.notification.no-leader.timeout = 120s (custom)
2019-09-25 07:04:44,926 [pool-47-thread-1] INFO  server.RaftServerConfigKeys (ConfUtils.java:logGet(43)) - raft.server.log.use.memory = false (default)
2019-09-25 07:04:44,926 [pool-47-thread-1] INFO  server.RaftServerConfigKeys (ConfUtils.java:logGet(43)) - raft.server.log.purge.gap = 1000000 (custom)
2019-09-25 07:04:44,926 [pool-47-thread-1] INFO  server.RaftServerConfigKeys (ConfUtils.java:logGet(43)) - raft.server.log.appender.buffer.byte-limit = 33554432 (custom)
2019-09-25 07:04:44,927 [pool-47-thread-1] INFO  server.RaftServerConfigKeys (ConfUtils.java:logGet(43)) - raft.server.log.segment.size.max = 1048576 (custom)
2019-09-25 07:04:44,927 [pool-47-thread-1] INFO  server.RaftServerConfigKeys (ConfUtils.java:logGet(43)) - raft.server.log.segment.cache.num.max = 2 (custom)
2019-09-25 07:04:44,927 [pool-47-thread-1] INFO  segmented.SegmentedRaftLogWorker (SegmentedRaftLogWorker.java:<init>(172)) - new 24bf2945-a329-4da6-aaf2-23ecd8d462c6@group-8655732C89B0-SegmentedRaftLogWorker for RaftStorage:Storage Directory /workdir/hadoop-ozone/integration-test/target/test-dir/MiniOzoneClusterImpl-39af9574-7a8b-4ed7-b830-bf686a3d4bb8/datanode-2/data/ratis/23f24b91-dc51-4aff-91eb-8655732c89b0
2019-09-25 07:04:44,950 [pool-47-thread-1] INFO  server.RaftServerConfigKeys (ConfUtils.java:logGet(43)) - raft.server.log.queue.byte-limit = 2147483647 (custom)
2019-09-25 07:04:44,950 [pool-47-thread-1] INFO  server.RaftServerConfigKeys (ConfUtils.java:logGet(43)) - raft.server.log.queue.element-limit = 1024 (custom)
2019-09-25 07:04:44,951 [pool-47-thread-1] INFO  server.RaftServerConfigKeys (ConfUtils.java:logGet(43)) - raft.server.log.segment.size.max = 1048576 (custom)
2019-09-25 07:04:44,951 [pool-47-thread-1] INFO  server.RaftServerConfigKeys (ConfUtils.java:logGet(43)) - raft.server.log.preallocated.size = 16384 (custom)
2019-09-25 07:04:44,951 [pool-47-thread-1] INFO  server.RaftServerConfigKeys (ConfUtils.java:logGet(43)) - raft.server.log.write.buffer.size = 33554432 (custom)
2019-09-25 07:04:44,952 [pool-47-thread-1] INFO  server.RaftServerConfigKeys (ConfUtils.java:logGet(43)) - raft.server.log.force.sync.num = 128 (default)
2019-09-25 07:04:44,952 [pool-47-thread-1] INFO  server.RaftServerConfigKeys (ConfUtils.java:logGet(43)) - raft.server.log.statemachine.data.sync = true (default)
2019-09-25 07:04:44,952 [pool-47-thread-1] INFO  server.RaftServerConfigKeys (ConfUtils.java:logGet(43)) - raft.server.log.statemachine.data.sync.timeout = 10s (default)
2019-09-25 07:04:44,952 [pool-47-thread-1] INFO  server.RaftServerConfigKeys (ConfUtils.java:logGet(43)) - raft.server.log.statemachine.data.sync.timeout.retry = -1 (default)
2019-09-25 07:04:44,953 [pool-47-thread-1] INFO  server.RaftServerConfigKeys (ConfUtils.java:logGet(43)) - raft.server.log.statemachine.data.caching.enabled = true (custom)
2019-09-25 07:04:44,953 [pool-47-thread-1] INFO  segmented.SegmentedRaftLogWorker (SegmentedRaftLogWorker.java:lambda$new$0(132)) - 24bf2945-a329-4da6-aaf2-23ecd8d462c6@group-8655732C89B0-SegmentedRaftLogWorker: flushIndex: setUnconditionally 0 -> -1
2019-09-25 07:04:44,954 [pool-47-thread-1] INFO  server.RaftServerConfigKeys (ConfUtils.java:logGet(43)) - raft.server.snapshot.auto.trigger.enabled = true (custom)
2019-09-25 07:04:44,954 [pool-47-thread-1] INFO  server.RaftServerConfigKeys (ConfUtils.java:logGet(43)) - raft.server.snapshot.auto.trigger.threshold = 10000 (custom)
2019-09-25 07:04:44,954 [pool-47-thread-1] INFO  server.RaftServerConfigKeys (ConfUtils.java:logGet(43)) - raft.server.snapshot.retention.num.files = 5 (custom)
2019-09-25 07:04:44,954 [pool-47-thread-1] INFO  server.RaftServerConfigKeys (ConfUtils.java:logGet(43)) - raft.server.retrycache.expirytime = 600000ms (custom)
2019-09-25 07:04:44,959 [pool-47-thread-1] INFO  impl.RaftServerImpl (RaftServerImpl.java:start(185)) - 24bf2945-a329-4da6-aaf2-23ecd8d462c6@group-8655732C89B0: start as a follower, conf=-1: [24bf2945-a329-4da6-aaf2-23ecd8d462c6:192.168.30.10:42867], old=null
2019-09-25 07:04:44,960 [pool-47-thread-1] INFO  impl.RaftServerImpl (RaftServerImpl.java:setRole(174)) - 24bf2945-a329-4da6-aaf2-23ecd8d462c6@group-8655732C89B0: changes role from      null to FOLLOWER at term 0 for startAsFollower
2019-09-25 07:04:44,960 [pool-47-thread-1] INFO  impl.RoleInfo (RoleInfo.java:updateAndGet(143)) - 24bf2945-a329-4da6-aaf2-23ecd8d462c6: start FollowerState
2019-09-25 07:04:44,960 [pool-47-thread-1] INFO  util.JmxRegister (JmxRegister.java:tryRegister(44)) - Successfully registered JMX Bean with object name Ratis:service=RaftServer,group=group-8655732C89B0,id=24bf2945-a329-4da6-aaf2-23ecd8d462c6
2019-09-25 07:04:44,971 [RatisPipelineUtilsThread] INFO  pipeline.PipelineStateManager (PipelineStateManager.java:addPipeline(56)) - Created pipeline Pipeline[ Id: 23f24b91-dc51-4aff-91eb-8655732c89b0, Nodes: 24bf2945-a329-4da6-aaf2-23ecd8d462c6{ip: 192.168.30.10, host: pr-hdds-1569-s62bp-3040748787, networkLocation: /default-rack, certSerialId: null}, Type:RATIS, Factor:ONE, State:OPEN]
2019-09-25 07:04:44,986 [grpc-default-executor-0] INFO  impl.RaftServerProxy (RaftServerProxy.java:addNew(89)) - 24bf2945-a329-4da6-aaf2-23ecd8d462c6: addNew group-F1CEEF3454CC:[24bf2945-a329-4da6-aaf2-23ecd8d462c6:192.168.30.10:42867] returns group-F1CEEF3454CC:java.util.concurrent.CompletableFuture@7ce04208[Not completed]
2019-09-25 07:04:44,988 [pool-47-thread-1] INFO  impl.RaftServerImpl (RaftServerImpl.java:<init>(95)) - 24bf2945-a329-4da6-aaf2-23ecd8d462c6: new RaftServerImpl for group-F1CEEF3454CC:[24bf2945-a329-4da6-aaf2-23ecd8d462c6:192.168.30.10:42867] with ContainerStateMachine:uninitialized
2019-09-25 07:04:44,988 [pool-47-thread-1] INFO  server.RaftServerConfigKeys (ConfUtils.java:logGet(43)) - raft.server.rpc.timeout.min = 5s (custom)
2019-09-25 07:04:44,989 [pool-47-thread-1] INFO  server.RaftServerConfigKeys (ConfUtils.java:logGet(43)) - raft.server.rpc.timeout.max = 5200ms (custom)
2019-09-25 07:04:44,989 [pool-47-thread-1] INFO  server.RaftServerConfigKeys (ConfUtils.java:logGet(43)) - raft.server.rpcslowness.timeout = 120s (custom)
2019-09-25 07:04:44,989 [pool-47-thread-1] INFO  server.RaftServerConfigKeys (ConfUtils.java:logGet(43)) - raft.server.sleep.deviation.threshold = 300 (default)
2019-09-25 07:04:44,989 [pool-47-thread-1] INFO  server.RaftServerConfigKeys (ConfUtils.java:logGet(43)) - raft.server.log.appender.install.snapshot.enabled = false (custom)
2019-09-25 07:04:44,989 [pool-47-thread-1] INFO  impl.RaftServerImpl (ServerState.java:<init>(103)) - 24bf2945-a329-4da6-aaf2-23ecd8d462c6@group-F1CEEF3454CC: ConfigurationManager, init=-1: [24bf2945-a329-4da6-aaf2-23ecd8d462c6:192.168.30.10:42867], old=null, confs=<EMPTY_MAP>
2019-09-25 07:04:44,990 [pool-47-thread-1] INFO  server.RaftServerConfigKeys (ConfUtils.java:logGet(43)) - raft.server.storage.dir = [/workdir/hadoop-ozone/integration-test/target/test-dir/MiniOzoneClusterImpl-39af9574-7a8b-4ed7-b830-bf686a3d4bb8/datanode-2/data/ratis] (custom)
2019-09-25 07:04:44,990 [pool-47-thread-1] INFO  storage.RaftStorageDirectory (RaftStorageDirectory.java:analyzeStorage(246)) - The storage directory /workdir/hadoop-ozone/integration-test/target/test-dir/MiniOzoneClusterImpl-39af9574-7a8b-4ed7-b830-bf686a3d4bb8/datanode-2/data/ratis/81e7cf83-da08-4f9e-9e29-f1ceef3454cc does not exist. Creating ...
2019-09-25 07:04:45,003 [pool-47-thread-1] INFO  storage.RaftStorageDirectory (RaftStorageDirectory.java:tryLock(328)) - Lock on /workdir/hadoop-ozone/integration-test/target/test-dir/MiniOzoneClusterImpl-39af9574-7a8b-4ed7-b830-bf686a3d4bb8/datanode-2/data/ratis/81e7cf83-da08-4f9e-9e29-f1ceef3454cc/in_use.lock acquired by nodename 19495@pr-hdds-1569-s62bp-3040748787
2019-09-25 07:04:45,017 [pool-47-thread-1] INFO  storage.RaftStorage (RaftStorage.java:format(72)) - Storage directory /workdir/hadoop-ozone/integration-test/target/test-dir/MiniOzoneClusterImpl-39af9574-7a8b-4ed7-b830-bf686a3d4bb8/datanode-2/data/ratis/81e7cf83-da08-4f9e-9e29-f1ceef3454cc has been successfully formatted.
2019-09-25 07:04:45,017 [pool-47-thread-1] INFO  ratis.ContainerStateMachine (ContainerStateMachine.java:loadSnapshot(230)) - group-F1CEEF3454CC: The snapshot info is null. Setting the last applied indexto:(t:0, i:~)
2019-09-25 07:04:45,017 [pool-47-thread-1] INFO  server.RaftServerConfigKeys (ConfUtils.java:logGet(43)) - raft.server.notification.no-leader.timeout = 120s (custom)
2019-09-25 07:04:45,017 [pool-47-thread-1] INFO  server.RaftServerConfigKeys (ConfUtils.java:logGet(43)) - raft.server.log.use.memory = false (default)
2019-09-25 07:04:45,018 [pool-47-thread-1] INFO  server.RaftServerConfigKeys (ConfUtils.java:logGet(43)) - raft.server.log.purge.gap = 1000000 (custom)
2019-09-25 07:04:45,018 [pool-47-thread-1] INFO  server.RaftServerConfigKeys (ConfUtils.java:logGet(43)) - raft.server.log.appender.buffer.byte-limit = 33554432 (custom)
2019-09-25 07:04:45,018 [pool-47-thread-1] INFO  server.RaftServerConfigKeys (ConfUtils.java:logGet(43)) - raft.server.log.segment.size.max = 1048576 (custom)
2019-09-25 07:04:45,018 [pool-47-thread-1] INFO  server.RaftServerConfigKeys (ConfUtils.java:logGet(43)) - raft.server.log.segment.cache.num.max = 2 (custom)
2019-09-25 07:04:45,018 [pool-47-thread-1] INFO  segmented.SegmentedRaftLogWorker (SegmentedRaftLogWorker.java:<init>(172)) - new 24bf2945-a329-4da6-aaf2-23ecd8d462c6@group-F1CEEF3454CC-SegmentedRaftLogWorker for RaftStorage:Storage Directory /workdir/hadoop-ozone/integration-test/target/test-dir/MiniOzoneClusterImpl-39af9574-7a8b-4ed7-b830-bf686a3d4bb8/datanode-2/data/ratis/81e7cf83-da08-4f9e-9e29-f1ceef3454cc
2019-09-25 07:04:45,019 [pool-47-thread-1] INFO  server.RaftServerConfigKeys (ConfUtils.java:logGet(43)) - raft.server.log.queue.byte-limit = 2147483647 (custom)
2019-09-25 07:04:45,019 [pool-47-thread-1] INFO  server.RaftServerConfigKeys (ConfUtils.java:logGet(43)) - raft.server.log.queue.element-limit = 1024 (custom)
2019-09-25 07:04:45,019 [pool-47-thread-1] INFO  server.RaftServerConfigKeys (ConfUtils.java:logGet(43)) - raft.server.log.segment.size.max = 1048576 (custom)
2019-09-25 07:04:45,019 [pool-47-thread-1] INFO  server.RaftServerConfigKeys (ConfUtils.java:logGet(43)) - raft.server.log.preallocated.size = 16384 (custom)
2019-09-25 07:04:45,019 [pool-47-thread-1] INFO  server.RaftServerConfigKeys (ConfUtils.java:logGet(43)) - raft.server.log.write.buffer.size = 33554432 (custom)
2019-09-25 07:04:45,020 [pool-47-thread-1] INFO  server.RaftServerConfigKeys (ConfUtils.java:logGet(43)) - raft.server.log.force.sync.num = 128 (default)
2019-09-25 07:04:45,020 [pool-47-thread-1] INFO  server.RaftServerConfigKeys (ConfUtils.java:logGet(43)) - raft.server.log.statemachine.data.sync = true (default)
2019-09-25 07:04:45,020 [pool-47-thread-1] INFO  server.RaftServerConfigKeys (ConfUtils.java:logGet(43)) - raft.server.log.statemachine.data.sync.timeout = 10s (default)
2019-09-25 07:04:45,020 [pool-47-thread-1] INFO  server.RaftServerConfigKeys (ConfUtils.java:logGet(43)) - raft.server.log.statemachine.data.sync.timeout.retry = -1 (default)
2019-09-25 07:04:45,020 [pool-47-thread-1] INFO  server.RaftServerConfigKeys (ConfUtils.java:logGet(43)) - raft.server.log.statemachine.data.caching.enabled = true (custom)
2019-09-25 07:04:45,021 [pool-47-thread-1] INFO  segmented.SegmentedRaftLogWorker (SegmentedRaftLogWorker.java:lambda$new$0(132)) - 24bf2945-a329-4da6-aaf2-23ecd8d462c6@group-F1CEEF3454CC-SegmentedRaftLogWorker: flushIndex: setUnconditionally 0 -> -1
2019-09-25 07:04:45,021 [pool-47-thread-1] INFO  server.RaftServerConfigKeys (ConfUtils.java:logGet(43)) - raft.server.snapshot.auto.trigger.enabled = true (custom)
2019-09-25 07:04:45,021 [pool-47-thread-1] INFO  server.RaftServerConfigKeys (ConfUtils.java:logGet(43)) - raft.server.snapshot.auto.trigger.threshold = 10000 (custom)
2019-09-25 07:04:45,021 [pool-47-thread-1] INFO  server.RaftServerConfigKeys (ConfUtils.java:logGet(43)) - raft.server.snapshot.retention.num.files = 5 (custom)
2019-09-25 07:04:45,022 [pool-47-thread-1] INFO  server.RaftServerConfigKeys (ConfUtils.java:logGet(43)) - raft.server.retrycache.expirytime = 600000ms (custom)
2019-09-25 07:04:45,026 [pool-47-thread-1] INFO  impl.RaftServerImpl (RaftServerImpl.java:start(185)) - 24bf2945-a329-4da6-aaf2-23ecd8d462c6@group-F1CEEF3454CC: start as a follower, conf=-1: [24bf2945-a329-4da6-aaf2-23ecd8d462c6:192.168.30.10:42867], old=null
2019-09-25 07:04:45,026 [pool-47-thread-1] INFO  impl.RaftServerImpl (RaftServerImpl.java:setRole(174)) - 24bf2945-a329-4da6-aaf2-23ecd8d462c6@group-F1CEEF3454CC: changes role from      null to FOLLOWER at term 0 for startAsFollower
2019-09-25 07:04:45,026 [pool-47-thread-1] INFO  impl.RoleInfo (RoleInfo.java:updateAndGet(143)) - 24bf2945-a329-4da6-aaf2-23ecd8d462c6: start FollowerState
2019-09-25 07:04:45,027 [pool-47-thread-1] INFO  util.JmxRegister (JmxRegister.java:tryRegister(44)) - Successfully registered JMX Bean with object name Ratis:service=RaftServer,group=group-F1CEEF3454CC,id=24bf2945-a329-4da6-aaf2-23ecd8d462c6
2019-09-25 07:04:45,038 [RatisPipelineUtilsThread] INFO  pipeline.PipelineStateManager (PipelineStateManager.java:addPipeline(56)) - Created pipeline Pipeline[ Id: 81e7cf83-da08-4f9e-9e29-f1ceef3454cc, Nodes: 24bf2945-a329-4da6-aaf2-23ecd8d462c6{ip: 192.168.30.10, host: pr-hdds-1569-s62bp-3040748787, networkLocation: /default-rack, certSerialId: null}, Type:RATIS, Factor:ONE, State:OPEN]
2019-09-25 07:04:45,055 [grpc-default-executor-0] INFO  impl.RaftServerProxy (RaftServerProxy.java:addNew(89)) - 62ec8eb9-3ae9-4136-b70a-2caf3716fa7f: addNew group-3B3F7008FDF5:[62ec8eb9-3ae9-4136-b70a-2caf3716fa7f:192.168.30.10:44715] returns group-3B3F7008FDF5:java.util.concurrent.CompletableFuture@28d7beea[Not completed]
2019-09-25 07:04:45,057 [pool-37-thread-1] INFO  impl.RaftServerImpl (RaftServerImpl.java:<init>(95)) - 62ec8eb9-3ae9-4136-b70a-2caf3716fa7f: new RaftServerImpl for group-3B3F7008FDF5:[62ec8eb9-3ae9-4136-b70a-2caf3716fa7f:192.168.30.10:44715] with ContainerStateMachine:uninitialized
2019-09-25 07:04:45,057 [pool-37-thread-1] INFO  server.RaftServerConfigKeys (ConfUtils.java:logGet(43)) - raft.server.rpc.timeout.min = 5s (custom)
2019-09-25 07:04:45,058 [pool-37-thread-1] INFO  server.RaftServerConfigKeys (ConfUtils.java:logGet(43)) - raft.server.rpc.timeout.max = 5200ms (custom)
2019-09-25 07:04:45,058 [pool-37-thread-1] INFO  server.RaftServerConfigKeys (ConfUtils.java:logGet(43)) - raft.server.rpcslowness.timeout = 120s (custom)
2019-09-25 07:04:45,058 [pool-37-thread-1] INFO  server.RaftServerConfigKeys (ConfUtils.java:logGet(43)) - raft.server.sleep.deviation.threshold = 300 (default)
2019-09-25 07:04:45,058 [pool-37-thread-1] INFO  server.RaftServerConfigKeys (ConfUtils.java:logGet(43)) - raft.server.log.appender.install.snapshot.enabled = false (custom)
2019-09-25 07:04:45,058 [pool-37-thread-1] INFO  impl.RaftServerImpl (ServerState.java:<init>(103)) - 62ec8eb9-3ae9-4136-b70a-2caf3716fa7f@group-3B3F7008FDF5: ConfigurationManager, init=-1: [62ec8eb9-3ae9-4136-b70a-2caf3716fa7f:192.168.30.10:44715], old=null, confs=<EMPTY_MAP>
2019-09-25 07:04:45,059 [pool-37-thread-1] INFO  server.RaftServerConfigKeys (ConfUtils.java:logGet(43)) - raft.server.storage.dir = [/workdir/hadoop-ozone/integration-test/target/test-dir/MiniOzoneClusterImpl-39af9574-7a8b-4ed7-b830-bf686a3d4bb8/datanode-1/data/ratis] (custom)
2019-09-25 07:04:45,059 [pool-37-thread-1] INFO  storage.RaftStorageDirectory (RaftStorageDirectory.java:analyzeStorage(246)) - The storage directory /workdir/hadoop-ozone/integration-test/target/test-dir/MiniOzoneClusterImpl-39af9574-7a8b-4ed7-b830-bf686a3d4bb8/datanode-1/data/ratis/b9678d9f-c3cb-488e-9cba-3b3f7008fdf5 does not exist. Creating ...
2019-09-25 07:04:45,072 [pool-37-thread-1] INFO  storage.RaftStorageDirectory (RaftStorageDirectory.java:tryLock(328)) - Lock on /workdir/hadoop-ozone/integration-test/target/test-dir/MiniOzoneClusterImpl-39af9574-7a8b-4ed7-b830-bf686a3d4bb8/datanode-1/data/ratis/b9678d9f-c3cb-488e-9cba-3b3f7008fdf5/in_use.lock acquired by nodename 19495@pr-hdds-1569-s62bp-3040748787
2019-09-25 07:04:45,090 [pool-37-thread-1] INFO  storage.RaftStorage (RaftStorage.java:format(72)) - Storage directory /workdir/hadoop-ozone/integration-test/target/test-dir/MiniOzoneClusterImpl-39af9574-7a8b-4ed7-b830-bf686a3d4bb8/datanode-1/data/ratis/b9678d9f-c3cb-488e-9cba-3b3f7008fdf5 has been successfully formatted.
2019-09-25 07:04:45,090 [pool-37-thread-1] INFO  ratis.ContainerStateMachine (ContainerStateMachine.java:loadSnapshot(230)) - group-3B3F7008FDF5: The snapshot info is null. Setting the last applied indexto:(t:0, i:~)
2019-09-25 07:04:45,091 [pool-37-thread-1] INFO  server.RaftServerConfigKeys (ConfUtils.java:logGet(43)) - raft.server.notification.no-leader.timeout = 120s (custom)
2019-09-25 07:04:45,091 [pool-37-thread-1] INFO  server.RaftServerConfigKeys (ConfUtils.java:logGet(43)) - raft.server.log.use.memory = false (default)
2019-09-25 07:04:45,091 [pool-37-thread-1] INFO  server.RaftServerConfigKeys (ConfUtils.java:logGet(43)) - raft.server.log.purge.gap = 1000000 (custom)
2019-09-25 07:04:45,091 [pool-37-thread-1] INFO  server.RaftServerConfigKeys (ConfUtils.java:logGet(43)) - raft.server.log.appender.buffer.byte-limit = 33554432 (custom)
2019-09-25 07:04:45,091 [pool-37-thread-1] INFO  server.RaftServerConfigKeys (ConfUtils.java:logGet(43)) - raft.server.log.segment.size.max = 1048576 (custom)
2019-09-25 07:04:45,092 [pool-37-thread-1] INFO  server.RaftServerConfigKeys (ConfUtils.java:logGet(43)) - raft.server.log.segment.cache.num.max = 2 (custom)
2019-09-25 07:04:45,092 [pool-37-thread-1] INFO  segmented.SegmentedRaftLogWorker (SegmentedRaftLogWorker.java:<init>(172)) - new 62ec8eb9-3ae9-4136-b70a-2caf3716fa7f@group-3B3F7008FDF5-SegmentedRaftLogWorker for RaftStorage:Storage Directory /workdir/hadoop-ozone/integration-test/target/test-dir/MiniOzoneClusterImpl-39af9574-7a8b-4ed7-b830-bf686a3d4bb8/datanode-1/data/ratis/b9678d9f-c3cb-488e-9cba-3b3f7008fdf5
2019-09-25 07:04:45,092 [pool-37-thread-1] INFO  server.RaftServerConfigKeys (ConfUtils.java:logGet(43)) - raft.server.log.queue.byte-limit = 2147483647 (custom)
2019-09-25 07:04:45,092 [pool-37-thread-1] INFO  server.RaftServerConfigKeys (ConfUtils.java:logGet(43)) - raft.server.log.queue.element-limit = 1024 (custom)
2019-09-25 07:04:45,093 [pool-37-thread-1] INFO  server.RaftServerConfigKeys (ConfUtils.java:logGet(43)) - raft.server.log.segment.size.max = 1048576 (custom)
2019-09-25 07:04:45,093 [pool-37-thread-1] INFO  server.RaftServerConfigKeys (ConfUtils.java:logGet(43)) - raft.server.log.preallocated.size = 16384 (custom)
2019-09-25 07:04:45,093 [pool-37-thread-1] INFO  server.RaftServerConfigKeys (ConfUtils.java:logGet(43)) - raft.server.log.write.buffer.size = 33554432 (custom)
2019-09-25 07:04:45,093 [pool-37-thread-1] INFO  server.RaftServerConfigKeys (ConfUtils.java:logGet(43)) - raft.server.log.force.sync.num = 128 (default)
2019-09-25 07:04:45,093 [pool-37-thread-1] INFO  server.RaftServerConfigKeys (ConfUtils.java:logGet(43)) - raft.server.log.statemachine.data.sync = true (default)
2019-09-25 07:04:45,094 [pool-37-thread-1] INFO  server.RaftServerConfigKeys (ConfUtils.java:logGet(43)) - raft.server.log.statemachine.data.sync.timeout = 10s (default)
2019-09-25 07:04:45,094 [pool-37-thread-1] INFO  server.RaftServerConfigKeys (ConfUtils.java:logGet(43)) - raft.server.log.statemachine.data.sync.timeout.retry = -1 (default)
2019-09-25 07:04:45,094 [pool-37-thread-1] INFO  server.RaftServerConfigKeys (ConfUtils.java:logGet(43)) - raft.server.log.statemachine.data.caching.enabled = true (custom)
2019-09-25 07:04:45,095 [pool-37-thread-1] INFO  segmented.SegmentedRaftLogWorker (SegmentedRaftLogWorker.java:lambda$new$0(132)) - 62ec8eb9-3ae9-4136-b70a-2caf3716fa7f@group-3B3F7008FDF5-SegmentedRaftLogWorker: flushIndex: setUnconditionally 0 -> -1
2019-09-25 07:04:45,095 [pool-37-thread-1] INFO  server.RaftServerConfigKeys (ConfUtils.java:logGet(43)) - raft.server.snapshot.auto.trigger.enabled = true (custom)
2019-09-25 07:04:45,095 [pool-37-thread-1] INFO  server.RaftServerConfigKeys (ConfUtils.java:logGet(43)) - raft.server.snapshot.auto.trigger.threshold = 10000 (custom)
2019-09-25 07:04:45,095 [pool-37-thread-1] INFO  server.RaftServerConfigKeys (ConfUtils.java:logGet(43)) - raft.server.snapshot.retention.num.files = 5 (custom)
2019-09-25 07:04:45,096 [pool-37-thread-1] INFO  server.RaftServerConfigKeys (ConfUtils.java:logGet(43)) - raft.server.retrycache.expirytime = 600000ms (custom)
2019-09-25 07:04:45,098 [main] INFO  ozone.MiniOzoneClusterImpl (MiniOzoneClusterImpl.java:lambda$waitForClusterToBeReady$0(147)) - Cluster is ready. Got 3 of 3 DN Heartbeats.
2019-09-25 07:04:45,101 [pool-37-thread-1] INFO  impl.RaftServerImpl (RaftServerImpl.java:start(185)) - 62ec8eb9-3ae9-4136-b70a-2caf3716fa7f@group-3B3F7008FDF5: start as a follower, conf=-1: [62ec8eb9-3ae9-4136-b70a-2caf3716fa7f:192.168.30.10:44715], old=null
2019-09-25 07:04:45,101 [pool-37-thread-1] INFO  impl.RaftServerImpl (RaftServerImpl.java:setRole(174)) - 62ec8eb9-3ae9-4136-b70a-2caf3716fa7f@group-3B3F7008FDF5: changes role from      null to FOLLOWER at term 0 for startAsFollower
2019-09-25 07:04:45,101 [pool-37-thread-1] INFO  impl.RoleInfo (RoleInfo.java:updateAndGet(143)) - 62ec8eb9-3ae9-4136-b70a-2caf3716fa7f: start FollowerState
2019-09-25 07:04:45,102 [pool-37-thread-1] INFO  util.JmxRegister (JmxRegister.java:tryRegister(44)) - Successfully registered JMX Bean with object name Ratis:service=RaftServer,group=group-3B3F7008FDF5,id=62ec8eb9-3ae9-4136-b70a-2caf3716fa7f
2019-09-25 07:04:45,116 [RatisPipelineUtilsThread] INFO  pipeline.PipelineStateManager (PipelineStateManager.java:addPipeline(56)) - Created pipeline Pipeline[ Id: b9678d9f-c3cb-488e-9cba-3b3f7008fdf5, Nodes: 62ec8eb9-3ae9-4136-b70a-2caf3716fa7f{ip: 192.168.30.10, host: pr-hdds-1569-s62bp-3040748787, networkLocation: /default-rack, certSerialId: null}, Type:RATIS, Factor:ONE, State:OPEN]
2019-09-25 07:04:45,132 [grpc-default-executor-0] INFO  impl.RaftServerProxy (RaftServerProxy.java:addNew(89)) - 24bf2945-a329-4da6-aaf2-23ecd8d462c6: addNew group-F091CBCF39C8:[24bf2945-a329-4da6-aaf2-23ecd8d462c6:192.168.30.10:42867] returns group-F091CBCF39C8:java.util.concurrent.CompletableFuture@6d359f04[Not completed]
2019-09-25 07:04:45,134 [pool-47-thread-1] INFO  impl.RaftServerImpl (RaftServerImpl.java:<init>(95)) - 24bf2945-a329-4da6-aaf2-23ecd8d462c6: new RaftServerImpl for group-F091CBCF39C8:[24bf2945-a329-4da6-aaf2-23ecd8d462c6:192.168.30.10:42867] with ContainerStateMachine:uninitialized
2019-09-25 07:04:45,135 [pool-47-thread-1] INFO  server.RaftServerConfigKeys (ConfUtils.java:logGet(43)) - raft.server.rpc.timeout.min = 5s (custom)
2019-09-25 07:04:45,135 [pool-47-thread-1] INFO  server.RaftServerConfigKeys (ConfUtils.java:logGet(43)) - raft.server.rpc.timeout.max = 5200ms (custom)
2019-09-25 07:04:45,135 [pool-47-thread-1] INFO  server.RaftServerConfigKeys (ConfUtils.java:logGet(43)) - raft.server.rpcslowness.timeout = 120s (custom)
2019-09-25 07:04:45,135 [pool-47-thread-1] INFO  server.RaftServerConfigKeys (ConfUtils.java:logGet(43)) - raft.server.sleep.deviation.threshold = 300 (default)
2019-09-25 07:04:45,135 [pool-47-thread-1] INFO  server.RaftServerConfigKeys (ConfUtils.java:logGet(43)) - raft.server.log.appender.install.snapshot.enabled = false (custom)
2019-09-25 07:04:45,135 [pool-47-thread-1] INFO  impl.RaftServerImpl (ServerState.java:<init>(103)) - 24bf2945-a329-4da6-aaf2-23ecd8d462c6@group-F091CBCF39C8: ConfigurationManager, init=-1: [24bf2945-a329-4da6-aaf2-23ecd8d462c6:192.168.30.10:42867], old=null, confs=<EMPTY_MAP>
2019-09-25 07:04:45,136 [pool-47-thread-1] INFO  server.RaftServerConfigKeys (ConfUtils.java:logGet(43)) - raft.server.storage.dir = [/workdir/hadoop-ozone/integration-test/target/test-dir/MiniOzoneClusterImpl-39af9574-7a8b-4ed7-b830-bf686a3d4bb8/datanode-2/data/ratis] (custom)
2019-09-25 07:04:45,136 [pool-47-thread-1] INFO  storage.RaftStorageDirectory (RaftStorageDirectory.java:analyzeStorage(246)) - The storage directory /workdir/hadoop-ozone/integration-test/target/test-dir/MiniOzoneClusterImpl-39af9574-7a8b-4ed7-b830-bf686a3d4bb8/datanode-2/data/ratis/86b3d103-293e-4cd8-b311-f091cbcf39c8 does not exist. Creating ...
2019-09-25 07:04:45,150 [pool-47-thread-1] INFO  storage.RaftStorageDirectory (RaftStorageDirectory.java:tryLock(328)) - Lock on /workdir/hadoop-ozone/integration-test/target/test-dir/MiniOzoneClusterImpl-39af9574-7a8b-4ed7-b830-bf686a3d4bb8/datanode-2/data/ratis/86b3d103-293e-4cd8-b311-f091cbcf39c8/in_use.lock acquired by nodename 19495@pr-hdds-1569-s62bp-3040748787
2019-09-25 07:04:45,162 [pool-47-thread-1] INFO  storage.RaftStorage (RaftStorage.java:format(72)) - Storage directory /workdir/hadoop-ozone/integration-test/target/test-dir/MiniOzoneClusterImpl-39af9574-7a8b-4ed7-b830-bf686a3d4bb8/datanode-2/data/ratis/86b3d103-293e-4cd8-b311-f091cbcf39c8 has been successfully formatted.
2019-09-25 07:04:45,163 [pool-47-thread-1] INFO  ratis.ContainerStateMachine (ContainerStateMachine.java:loadSnapshot(230)) - group-F091CBCF39C8: The snapshot info is null. Setting the last applied indexto:(t:0, i:~)
2019-09-25 07:04:45,163 [pool-47-thread-1] INFO  server.RaftServerConfigKeys (ConfUtils.java:logGet(43)) - raft.server.notification.no-leader.timeout = 120s (custom)
2019-09-25 07:04:45,163 [pool-47-thread-1] INFO  server.RaftServerConfigKeys (ConfUtils.java:logGet(43)) - raft.server.log.use.memory = false (default)
2019-09-25 07:04:45,163 [pool-47-thread-1] INFO  server.RaftServerConfigKeys (ConfUtils.java:logGet(43)) - raft.server.log.purge.gap = 1000000 (custom)
2019-09-25 07:04:45,164 [pool-47-thread-1] INFO  server.RaftServerConfigKeys (ConfUtils.java:logGet(43)) - raft.server.log.appender.buffer.byte-limit = 33554432 (custom)
2019-09-25 07:04:45,164 [pool-47-thread-1] INFO  server.RaftServerConfigKeys (ConfUtils.java:logGet(43)) - raft.server.log.segment.size.max = 1048576 (custom)
2019-09-25 07:04:45,164 [pool-47-thread-1] INFO  server.RaftServerConfigKeys (ConfUtils.java:logGet(43)) - raft.server.log.segment.cache.num.max = 2 (custom)
2019-09-25 07:04:45,164 [pool-47-thread-1] INFO  segmented.SegmentedRaftLogWorker (SegmentedRaftLogWorker.java:<init>(172)) - new 24bf2945-a329-4da6-aaf2-23ecd8d462c6@group-F091CBCF39C8-SegmentedRaftLogWorker for RaftStorage:Storage Directory /workdir/hadoop-ozone/integration-test/target/test-dir/MiniOzoneClusterImpl-39af9574-7a8b-4ed7-b830-bf686a3d4bb8/datanode-2/data/ratis/86b3d103-293e-4cd8-b311-f091cbcf39c8
2019-09-25 07:04:45,164 [pool-47-thread-1] INFO  server.RaftServerConfigKeys (ConfUtils.java:logGet(43)) - raft.server.log.queue.byte-limit = 2147483647 (custom)
2019-09-25 07:04:45,164 [pool-47-thread-1] INFO  server.RaftServerConfigKeys (ConfUtils.java:logGet(43)) - raft.server.log.queue.element-limit = 1024 (custom)
2019-09-25 07:04:45,165 [pool-47-thread-1] INFO  server.RaftServerConfigKeys (ConfUtils.java:logGet(43)) - raft.server.log.segment.size.max = 1048576 (custom)
2019-09-25 07:04:45,165 [pool-47-thread-1] INFO  server.RaftServerConfigKeys (ConfUtils.java:logGet(43)) - raft.server.log.preallocated.size = 16384 (custom)
2019-09-25 07:04:45,165 [pool-47-thread-1] INFO  server.RaftServerConfigKeys (ConfUtils.java:logGet(43)) - raft.server.log.write.buffer.size = 33554432 (custom)
2019-09-25 07:04:45,165 [pool-47-thread-1] INFO  server.RaftServerConfigKeys (ConfUtils.java:logGet(43)) - raft.server.log.force.sync.num = 128 (default)
2019-09-25 07:04:45,165 [pool-47-thread-1] INFO  server.RaftServerConfigKeys (ConfUtils.java:logGet(43)) - raft.server.log.statemachine.data.sync = true (default)
2019-09-25 07:04:45,165 [pool-47-thread-1] INFO  server.RaftServerConfigKeys (ConfUtils.java:logGet(43)) - raft.server.log.statemachine.data.sync.timeout = 10s (default)
2019-09-25 07:04:45,166 [pool-47-thread-1] INFO  server.RaftServerConfigKeys (ConfUtils.java:logGet(43)) - raft.server.log.statemachine.data.sync.timeout.retry = -1 (default)
2019-09-25 07:04:45,166 [pool-47-thread-1] INFO  server.RaftServerConfigKeys (ConfUtils.java:logGet(43)) - raft.server.log.statemachine.data.caching.enabled = true (custom)
2019-09-25 07:04:45,166 [pool-47-thread-1] INFO  segmented.SegmentedRaftLogWorker (SegmentedRaftLogWorker.java:lambda$new$0(132)) - 24bf2945-a329-4da6-aaf2-23ecd8d462c6@group-F091CBCF39C8-SegmentedRaftLogWorker: flushIndex: setUnconditionally 0 -> -1
2019-09-25 07:04:45,167 [pool-47-thread-1] INFO  server.RaftServerConfigKeys (ConfUtils.java:logGet(43)) - raft.server.snapshot.auto.trigger.enabled = true (custom)
2019-09-25 07:04:45,167 [pool-47-thread-1] INFO  server.RaftServerConfigKeys (ConfUtils.java:logGet(43)) - raft.server.snapshot.auto.trigger.threshold = 10000 (custom)
2019-09-25 07:04:45,167 [pool-47-thread-1] INFO  server.RaftServerConfigKeys (ConfUtils.java:logGet(43)) - raft.server.snapshot.retention.num.files = 5 (custom)
2019-09-25 07:04:45,167 [pool-47-thread-1] INFO  server.RaftServerConfigKeys (ConfUtils.java:logGet(43)) - raft.server.retrycache.expirytime = 600000ms (custom)
2019-09-25 07:04:45,170 [pool-47-thread-1] INFO  impl.RaftServerImpl (RaftServerImpl.java:start(185)) - 24bf2945-a329-4da6-aaf2-23ecd8d462c6@group-F091CBCF39C8: start as a follower, conf=-1: [24bf2945-a329-4da6-aaf2-23ecd8d462c6:192.168.30.10:42867], old=null
2019-09-25 07:04:45,171 [pool-47-thread-1] INFO  impl.RaftServerImpl (RaftServerImpl.java:setRole(174)) - 24bf2945-a329-4da6-aaf2-23ecd8d462c6@group-F091CBCF39C8: changes role from      null to FOLLOWER at term 0 for startAsFollower
2019-09-25 07:04:45,171 [pool-47-thread-1] INFO  impl.RoleInfo (RoleInfo.java:updateAndGet(143)) - 24bf2945-a329-4da6-aaf2-23ecd8d462c6: start FollowerState
2019-09-25 07:04:45,171 [pool-47-thread-1] INFO  util.JmxRegister (JmxRegister.java:tryRegister(44)) - Successfully registered JMX Bean with object name Ratis:service=RaftServer,group=group-F091CBCF39C8,id=24bf2945-a329-4da6-aaf2-23ecd8d462c6
2019-09-25 07:04:45,182 [RatisPipelineUtilsThread] INFO  pipeline.PipelineStateManager (PipelineStateManager.java:addPipeline(56)) - Created pipeline Pipeline[ Id: 86b3d103-293e-4cd8-b311-f091cbcf39c8, Nodes: 24bf2945-a329-4da6-aaf2-23ecd8d462c6{ip: 192.168.30.10, host: pr-hdds-1569-s62bp-3040748787, networkLocation: /default-rack, certSerialId: null}, Type:RATIS, Factor:ONE, State:OPEN]
2019-09-25 07:04:45,204 [grpc-default-executor-0] INFO  impl.RaftServerProxy (RaftServerProxy.java:addNew(89)) - 62ec8eb9-3ae9-4136-b70a-2caf3716fa7f: addNew group-04922AB5D0D3:[62ec8eb9-3ae9-4136-b70a-2caf3716fa7f:192.168.30.10:44715] returns group-04922AB5D0D3:java.util.concurrent.CompletableFuture@4f45b89b[Not completed]
2019-09-25 07:04:45,206 [pool-37-thread-1] INFO  impl.RaftServerImpl (RaftServerImpl.java:<init>(95)) - 62ec8eb9-3ae9-4136-b70a-2caf3716fa7f: new RaftServerImpl for group-04922AB5D0D3:[62ec8eb9-3ae9-4136-b70a-2caf3716fa7f:192.168.30.10:44715] with ContainerStateMachine:uninitialized
2019-09-25 07:04:45,206 [pool-37-thread-1] INFO  server.RaftServerConfigKeys (ConfUtils.java:logGet(43)) - raft.server.rpc.timeout.min = 5s (custom)
2019-09-25 07:04:45,207 [pool-37-thread-1] INFO  server.RaftServerConfigKeys (ConfUtils.java:logGet(43)) - raft.server.rpc.timeout.max = 5200ms (custom)
2019-09-25 07:04:45,207 [pool-37-thread-1] INFO  server.RaftServerConfigKeys (ConfUtils.java:logGet(43)) - raft.server.rpcslowness.timeout = 120s (custom)
2019-09-25 07:04:45,207 [pool-37-thread-1] INFO  server.RaftServerConfigKeys (ConfUtils.java:logGet(43)) - raft.server.sleep.deviation.threshold = 300 (default)
2019-09-25 07:04:45,207 [pool-37-thread-1] INFO  server.RaftServerConfigKeys (ConfUtils.java:logGet(43)) - raft.server.log.appender.install.snapshot.enabled = false (custom)
2019-09-25 07:04:45,207 [pool-37-thread-1] INFO  impl.RaftServerImpl (ServerState.java:<init>(103)) - 62ec8eb9-3ae9-4136-b70a-2caf3716fa7f@group-04922AB5D0D3: ConfigurationManager, init=-1: [62ec8eb9-3ae9-4136-b70a-2caf3716fa7f:192.168.30.10:44715], old=null, confs=<EMPTY_MAP>
2019-09-25 07:04:45,208 [pool-37-thread-1] INFO  server.RaftServerConfigKeys (ConfUtils.java:logGet(43)) - raft.server.storage.dir = [/workdir/hadoop-ozone/integration-test/target/test-dir/MiniOzoneClusterImpl-39af9574-7a8b-4ed7-b830-bf686a3d4bb8/datanode-1/data/ratis] (custom)
2019-09-25 07:04:45,208 [pool-37-thread-1] INFO  storage.RaftStorageDirectory (RaftStorageDirectory.java:analyzeStorage(246)) - The storage directory /workdir/hadoop-ozone/integration-test/target/test-dir/MiniOzoneClusterImpl-39af9574-7a8b-4ed7-b830-bf686a3d4bb8/datanode-1/data/ratis/ed4ededb-ea80-4108-b3e9-04922ab5d0d3 does not exist. Creating ...
2019-09-25 07:04:45,222 [pool-37-thread-1] INFO  storage.RaftStorageDirectory (RaftStorageDirectory.java:tryLock(328)) - Lock on /workdir/hadoop-ozone/integration-test/target/test-dir/MiniOzoneClusterImpl-39af9574-7a8b-4ed7-b830-bf686a3d4bb8/datanode-1/data/ratis/ed4ededb-ea80-4108-b3e9-04922ab5d0d3/in_use.lock acquired by nodename 19495@pr-hdds-1569-s62bp-3040748787
2019-09-25 07:04:45,235 [pool-37-thread-1] INFO  storage.RaftStorage (RaftStorage.java:format(72)) - Storage directory /workdir/hadoop-ozone/integration-test/target/test-dir/MiniOzoneClusterImpl-39af9574-7a8b-4ed7-b830-bf686a3d4bb8/datanode-1/data/ratis/ed4ededb-ea80-4108-b3e9-04922ab5d0d3 has been successfully formatted.
2019-09-25 07:04:45,235 [pool-37-thread-1] INFO  ratis.ContainerStateMachine (ContainerStateMachine.java:loadSnapshot(230)) - group-04922AB5D0D3: The snapshot info is null. Setting the last applied indexto:(t:0, i:~)
2019-09-25 07:04:45,236 [pool-37-thread-1] INFO  server.RaftServerConfigKeys (ConfUtils.java:logGet(43)) - raft.server.notification.no-leader.timeout = 120s (custom)
2019-09-25 07:04:45,236 [pool-37-thread-1] INFO  server.RaftServerConfigKeys (ConfUtils.java:logGet(43)) - raft.server.log.use.memory = false (default)
2019-09-25 07:04:45,236 [pool-37-thread-1] INFO  server.RaftServerConfigKeys (ConfUtils.java:logGet(43)) - raft.server.log.purge.gap = 1000000 (custom)
2019-09-25 07:04:45,236 [pool-37-thread-1] INFO  server.RaftServerConfigKeys (ConfUtils.java:logGet(43)) - raft.server.log.appender.buffer.byte-limit = 33554432 (custom)
2019-09-25 07:04:45,237 [pool-37-thread-1] INFO  server.RaftServerConfigKeys (ConfUtils.java:logGet(43)) - raft.server.log.segment.size.max = 1048576 (custom)
2019-09-25 07:04:45,237 [pool-37-thread-1] INFO  server.RaftServerConfigKeys (ConfUtils.java:logGet(43)) - raft.server.log.segment.cache.num.max = 2 (custom)
2019-09-25 07:04:45,237 [pool-37-thread-1] INFO  segmented.SegmentedRaftLogWorker (SegmentedRaftLogWorker.java:<init>(172)) - new 62ec8eb9-3ae9-4136-b70a-2caf3716fa7f@group-04922AB5D0D3-SegmentedRaftLogWorker for RaftStorage:Storage Directory /workdir/hadoop-ozone/integration-test/target/test-dir/MiniOzoneClusterImpl-39af9574-7a8b-4ed7-b830-bf686a3d4bb8/datanode-1/data/ratis/ed4ededb-ea80-4108-b3e9-04922ab5d0d3
2019-09-25 07:04:45,237 [pool-37-thread-1] INFO  server.RaftServerConfigKeys (ConfUtils.java:logGet(43)) - raft.server.log.queue.byte-limit = 2147483647 (custom)
2019-09-25 07:04:45,237 [pool-37-thread-1] INFO  server.RaftServerConfigKeys (ConfUtils.java:logGet(43)) - raft.server.log.queue.element-limit = 1024 (custom)
2019-09-25 07:04:45,238 [pool-37-thread-1] INFO  server.RaftServerConfigKeys (ConfUtils.java:logGet(43)) - raft.server.log.segment.size.max = 1048576 (custom)
2019-09-25 07:04:45,238 [pool-37-thread-1] INFO  server.RaftServerConfigKeys (ConfUtils.java:logGet(43)) - raft.server.log.preallocated.size = 16384 (custom)
2019-09-25 07:04:45,238 [pool-37-thread-1] INFO  server.RaftServerConfigKeys (ConfUtils.java:logGet(43)) - raft.server.log.write.buffer.size = 33554432 (custom)
2019-09-25 07:04:45,238 [pool-37-thread-1] INFO  server.RaftServerConfigKeys (ConfUtils.java:logGet(43)) - raft.server.log.force.sync.num = 128 (default)
2019-09-25 07:04:45,239 [pool-37-thread-1] INFO  server.RaftServerConfigKeys (ConfUtils.java:logGet(43)) - raft.server.log.statemachine.data.sync = true (default)
2019-09-25 07:04:45,239 [pool-37-thread-1] INFO  server.RaftServerConfigKeys (ConfUtils.java:logGet(43)) - raft.server.log.statemachine.data.sync.timeout = 10s (default)
2019-09-25 07:04:45,239 [pool-37-thread-1] INFO  server.RaftServerConfigKeys (ConfUtils.java:logGet(43)) - raft.server.log.statemachine.data.sync.timeout.retry = -1 (default)
2019-09-25 07:04:45,239 [pool-37-thread-1] INFO  server.RaftServerConfigKeys (ConfUtils.java:logGet(43)) - raft.server.log.statemachine.data.caching.enabled = true (custom)
2019-09-25 07:04:45,240 [pool-37-thread-1] INFO  segmented.SegmentedRaftLogWorker (SegmentedRaftLogWorker.java:lambda$new$0(132)) - 62ec8eb9-3ae9-4136-b70a-2caf3716fa7f@group-04922AB5D0D3-SegmentedRaftLogWorker: flushIndex: setUnconditionally 0 -> -1
2019-09-25 07:04:45,240 [pool-37-thread-1] INFO  server.RaftServerConfigKeys (ConfUtils.java:logGet(43)) - raft.server.snapshot.auto.trigger.enabled = true (custom)
2019-09-25 07:04:45,241 [pool-37-thread-1] INFO  server.RaftServerConfigKeys (ConfUtils.java:logGet(43)) - raft.server.snapshot.auto.trigger.threshold = 10000 (custom)
2019-09-25 07:04:45,241 [pool-37-thread-1] INFO  server.RaftServerConfigKeys (ConfUtils.java:logGet(43)) - raft.server.snapshot.retention.num.files = 5 (custom)
2019-09-25 07:04:45,241 [pool-37-thread-1] INFO  server.RaftServerConfigKeys (ConfUtils.java:logGet(43)) - raft.server.retrycache.expirytime = 600000ms (custom)
2019-09-25 07:04:45,245 [pool-37-thread-1] INFO  impl.RaftServerImpl (RaftServerImpl.java:start(185)) - 62ec8eb9-3ae9-4136-b70a-2caf3716fa7f@group-04922AB5D0D3: start as a follower, conf=-1: [62ec8eb9-3ae9-4136-b70a-2caf3716fa7f:192.168.30.10:44715], old=null
2019-09-25 07:04:45,245 [pool-37-thread-1] INFO  impl.RaftServerImpl (RaftServerImpl.java:setRole(174)) - 62ec8eb9-3ae9-4136-b70a-2caf3716fa7f@group-04922AB5D0D3: changes role from      null to FOLLOWER at term 0 for startAsFollower
2019-09-25 07:04:45,245 [pool-37-thread-1] INFO  impl.RoleInfo (RoleInfo.java:updateAndGet(143)) - 62ec8eb9-3ae9-4136-b70a-2caf3716fa7f: start FollowerState
2019-09-25 07:04:45,246 [pool-37-thread-1] INFO  util.JmxRegister (JmxRegister.java:tryRegister(44)) - Successfully registered JMX Bean with object name Ratis:service=RaftServer,group=group-04922AB5D0D3,id=62ec8eb9-3ae9-4136-b70a-2caf3716fa7f
2019-09-25 07:04:45,260 [RatisPipelineUtilsThread] INFO  pipeline.PipelineStateManager (PipelineStateManager.java:addPipeline(56)) - Created pipeline Pipeline[ Id: ed4ededb-ea80-4108-b3e9-04922ab5d0d3, Nodes: 62ec8eb9-3ae9-4136-b70a-2caf3716fa7f{ip: 192.168.30.10, host: pr-hdds-1569-s62bp-3040748787, networkLocation: /default-rack, certSerialId: null}, Type:RATIS, Factor:ONE, State:OPEN]
2019-09-25 07:04:45,278 [grpc-default-executor-0] INFO  impl.RaftServerProxy (RaftServerProxy.java:addNew(89)) - 24bf2945-a329-4da6-aaf2-23ecd8d462c6: addNew group-125F8BAC43A0:[24bf2945-a329-4da6-aaf2-23ecd8d462c6:192.168.30.10:42867] returns group-125F8BAC43A0:java.util.concurrent.CompletableFuture@46c1346f[Not completed]
2019-09-25 07:04:45,280 [pool-47-thread-1] INFO  impl.RaftServerImpl (RaftServerImpl.java:<init>(95)) - 24bf2945-a329-4da6-aaf2-23ecd8d462c6: new RaftServerImpl for group-125F8BAC43A0:[24bf2945-a329-4da6-aaf2-23ecd8d462c6:192.168.30.10:42867] with ContainerStateMachine:uninitialized
2019-09-25 07:04:45,280 [pool-47-thread-1] INFO  server.RaftServerConfigKeys (ConfUtils.java:logGet(43)) - raft.server.rpc.timeout.min = 5s (custom)
2019-09-25 07:04:45,280 [pool-47-thread-1] INFO  server.RaftServerConfigKeys (ConfUtils.java:logGet(43)) - raft.server.rpc.timeout.max = 5200ms (custom)
2019-09-25 07:04:45,281 [pool-47-thread-1] INFO  server.RaftServerConfigKeys (ConfUtils.java:logGet(43)) - raft.server.rpcslowness.timeout = 120s (custom)
2019-09-25 07:04:45,281 [pool-47-thread-1] INFO  server.RaftServerConfigKeys (ConfUtils.java:logGet(43)) - raft.server.sleep.deviation.threshold = 300 (default)
2019-09-25 07:04:45,281 [pool-47-thread-1] INFO  server.RaftServerConfigKeys (ConfUtils.java:logGet(43)) - raft.server.log.appender.install.snapshot.enabled = false (custom)
2019-09-25 07:04:45,281 [pool-47-thread-1] INFO  impl.RaftServerImpl (ServerState.java:<init>(103)) - 24bf2945-a329-4da6-aaf2-23ecd8d462c6@group-125F8BAC43A0: ConfigurationManager, init=-1: [24bf2945-a329-4da6-aaf2-23ecd8d462c6:192.168.30.10:42867], old=null, confs=<EMPTY_MAP>
2019-09-25 07:04:45,281 [pool-47-thread-1] INFO  server.RaftServerConfigKeys (ConfUtils.java:logGet(43)) - raft.server.storage.dir = [/workdir/hadoop-ozone/integration-test/target/test-dir/MiniOzoneClusterImpl-39af9574-7a8b-4ed7-b830-bf686a3d4bb8/datanode-2/data/ratis] (custom)
2019-09-25 07:04:45,282 [pool-47-thread-1] INFO  storage.RaftStorageDirectory (RaftStorageDirectory.java:analyzeStorage(246)) - The storage directory /workdir/hadoop-ozone/integration-test/target/test-dir/MiniOzoneClusterImpl-39af9574-7a8b-4ed7-b830-bf686a3d4bb8/datanode-2/data/ratis/dad6a978-e330-45a0-b9a2-125f8bac43a0 does not exist. Creating ...
2019-09-25 07:04:45,295 [pool-47-thread-1] INFO  storage.RaftStorageDirectory (RaftStorageDirectory.java:tryLock(328)) - Lock on /workdir/hadoop-ozone/integration-test/target/test-dir/MiniOzoneClusterImpl-39af9574-7a8b-4ed7-b830-bf686a3d4bb8/datanode-2/data/ratis/dad6a978-e330-45a0-b9a2-125f8bac43a0/in_use.lock acquired by nodename 19495@pr-hdds-1569-s62bp-3040748787
2019-09-25 07:04:45,308 [pool-47-thread-1] INFO  storage.RaftStorage (RaftStorage.java:format(72)) - Storage directory /workdir/hadoop-ozone/integration-test/target/test-dir/MiniOzoneClusterImpl-39af9574-7a8b-4ed7-b830-bf686a3d4bb8/datanode-2/data/ratis/dad6a978-e330-45a0-b9a2-125f8bac43a0 has been successfully formatted.
2019-09-25 07:04:45,309 [pool-47-thread-1] INFO  ratis.ContainerStateMachine (ContainerStateMachine.java:loadSnapshot(230)) - group-125F8BAC43A0: The snapshot info is null. Setting the last applied indexto:(t:0, i:~)
2019-09-25 07:04:45,309 [pool-47-thread-1] INFO  server.RaftServerConfigKeys (ConfUtils.java:logGet(43)) - raft.server.notification.no-leader.timeout = 120s (custom)
2019-09-25 07:04:45,309 [pool-47-thread-1] INFO  server.RaftServerConfigKeys (ConfUtils.java:logGet(43)) - raft.server.log.use.memory = false (default)
2019-09-25 07:04:45,309 [pool-47-thread-1] INFO  server.RaftServerConfigKeys (ConfUtils.java:logGet(43)) - raft.server.log.purge.gap = 1000000 (custom)
2019-09-25 07:04:45,310 [pool-47-thread-1] INFO  server.RaftServerConfigKeys (ConfUtils.java:logGet(43)) - raft.server.log.appender.buffer.byte-limit = 33554432 (custom)
2019-09-25 07:04:45,310 [pool-47-thread-1] INFO  server.RaftServerConfigKeys (ConfUtils.java:logGet(43)) - raft.server.log.segment.size.max = 1048576 (custom)
2019-09-25 07:04:45,310 [pool-47-thread-1] INFO  server.RaftServerConfigKeys (ConfUtils.java:logGet(43)) - raft.server.log.segment.cache.num.max = 2 (custom)
2019-09-25 07:04:45,310 [pool-47-thread-1] INFO  segmented.SegmentedRaftLogWorker (SegmentedRaftLogWorker.java:<init>(172)) - new 24bf2945-a329-4da6-aaf2-23ecd8d462c6@group-125F8BAC43A0-SegmentedRaftLogWorker for RaftStorage:Storage Directory /workdir/hadoop-ozone/integration-test/target/test-dir/MiniOzoneClusterImpl-39af9574-7a8b-4ed7-b830-bf686a3d4bb8/datanode-2/data/ratis/dad6a978-e330-45a0-b9a2-125f8bac43a0
2019-09-25 07:04:45,311 [pool-47-thread-1] INFO  server.RaftServerConfigKeys (ConfUtils.java:logGet(43)) - raft.server.log.queue.byte-limit = 2147483647 (custom)
2019-09-25 07:04:45,311 [pool-47-thread-1] INFO  server.RaftServerConfigKeys (ConfUtils.java:logGet(43)) - raft.server.log.queue.element-limit = 1024 (custom)
2019-09-25 07:04:45,311 [pool-47-thread-1] INFO  server.RaftServerConfigKeys (ConfUtils.java:logGet(43)) - raft.server.log.segment.size.max = 1048576 (custom)
2019-09-25 07:04:45,311 [pool-47-thread-1] INFO  server.RaftServerConfigKeys (ConfUtils.java:logGet(43)) - raft.server.log.preallocated.size = 16384 (custom)
2019-09-25 07:04:45,311 [pool-47-thread-1] INFO  server.RaftServerConfigKeys (ConfUtils.java:logGet(43)) - raft.server.log.write.buffer.size = 33554432 (custom)
2019-09-25 07:04:45,311 [pool-47-thread-1] INFO  server.RaftServerConfigKeys (ConfUtils.java:logGet(43)) - raft.server.log.force.sync.num = 128 (default)
2019-09-25 07:04:45,312 [pool-47-thread-1] INFO  server.RaftServerConfigKeys (ConfUtils.java:logGet(43)) - raft.server.log.statemachine.data.sync = true (default)
2019-09-25 07:04:45,312 [pool-47-thread-1] INFO  server.RaftServerConfigKeys (ConfUtils.java:logGet(43)) - raft.server.log.statemachine.data.sync.timeout = 10s (default)
2019-09-25 07:04:45,312 [pool-47-thread-1] INFO  server.RaftServerConfigKeys (ConfUtils.java:logGet(43)) - raft.server.log.statemachine.data.sync.timeout.retry = -1 (default)
2019-09-25 07:04:45,312 [pool-47-thread-1] INFO  server.RaftServerConfigKeys (ConfUtils.java:logGet(43)) - raft.server.log.statemachine.data.caching.enabled = true (custom)
2019-09-25 07:04:45,313 [pool-47-thread-1] INFO  segmented.SegmentedRaftLogWorker (SegmentedRaftLogWorker.java:lambda$new$0(132)) - 24bf2945-a329-4da6-aaf2-23ecd8d462c6@group-125F8BAC43A0-SegmentedRaftLogWorker: flushIndex: setUnconditionally 0 -> -1
2019-09-25 07:04:45,313 [pool-47-thread-1] INFO  server.RaftServerConfigKeys (ConfUtils.java:logGet(43)) - raft.server.snapshot.auto.trigger.enabled = true (custom)
2019-09-25 07:04:45,313 [pool-47-thread-1] INFO  server.RaftServerConfigKeys (ConfUtils.java:logGet(43)) - raft.server.snapshot.auto.trigger.threshold = 10000 (custom)
2019-09-25 07:04:45,314 [pool-47-thread-1] INFO  server.RaftServerConfigKeys (ConfUtils.java:logGet(43)) - raft.server.snapshot.retention.num.files = 5 (custom)
2019-09-25 07:04:45,314 [pool-47-thread-1] INFO  server.RaftServerConfigKeys (ConfUtils.java:logGet(43)) - raft.server.retrycache.expirytime = 600000ms (custom)
2019-09-25 07:04:45,317 [pool-47-thread-1] INFO  impl.RaftServerImpl (RaftServerImpl.java:start(185)) - 24bf2945-a329-4da6-aaf2-23ecd8d462c6@group-125F8BAC43A0: start as a follower, conf=-1: [24bf2945-a329-4da6-aaf2-23ecd8d462c6:192.168.30.10:42867], old=null
2019-09-25 07:04:45,317 [pool-47-thread-1] INFO  impl.RaftServerImpl (RaftServerImpl.java:setRole(174)) - 24bf2945-a329-4da6-aaf2-23ecd8d462c6@group-125F8BAC43A0: changes role from      null to FOLLOWER at term 0 for startAsFollower
2019-09-25 07:04:45,317 [pool-47-thread-1] INFO  impl.RoleInfo (RoleInfo.java:updateAndGet(143)) - 24bf2945-a329-4da6-aaf2-23ecd8d462c6: start FollowerState
2019-09-25 07:04:45,318 [pool-47-thread-1] INFO  util.JmxRegister (JmxRegister.java:tryRegister(44)) - Successfully registered JMX Bean with object name Ratis:service=RaftServer,group=group-125F8BAC43A0,id=24bf2945-a329-4da6-aaf2-23ecd8d462c6
2019-09-25 07:04:45,327 [RatisPipelineUtilsThread] INFO  pipeline.PipelineStateManager (PipelineStateManager.java:addPipeline(56)) - Created pipeline Pipeline[ Id: dad6a978-e330-45a0-b9a2-125f8bac43a0, Nodes: 24bf2945-a329-4da6-aaf2-23ecd8d462c6{ip: 192.168.30.10, host: pr-hdds-1569-s62bp-3040748787, networkLocation: /default-rack, certSerialId: null}, Type:RATIS, Factor:ONE, State:OPEN]
2019-09-25 07:04:45,340 [grpc-default-executor-0] INFO  impl.RaftServerProxy (RaftServerProxy.java:addNew(89)) - 24bf2945-a329-4da6-aaf2-23ecd8d462c6: addNew group-6CA61C684066:[24bf2945-a329-4da6-aaf2-23ecd8d462c6:192.168.30.10:42867] returns group-6CA61C684066:java.util.concurrent.CompletableFuture@7de52588[Not completed]
2019-09-25 07:04:45,343 [pool-47-thread-1] INFO  impl.RaftServerImpl (RaftServerImpl.java:<init>(95)) - 24bf2945-a329-4da6-aaf2-23ecd8d462c6: new RaftServerImpl for group-6CA61C684066:[24bf2945-a329-4da6-aaf2-23ecd8d462c6:192.168.30.10:42867] with ContainerStateMachine:uninitialized
2019-09-25 07:04:45,343 [pool-47-thread-1] INFO  server.RaftServerConfigKeys (ConfUtils.java:logGet(43)) - raft.server.rpc.timeout.min = 5s (custom)
2019-09-25 07:04:45,343 [pool-47-thread-1] INFO  server.RaftServerConfigKeys (ConfUtils.java:logGet(43)) - raft.server.rpc.timeout.max = 5200ms (custom)
2019-09-25 07:04:45,343 [pool-47-thread-1] INFO  server.RaftServerConfigKeys (ConfUtils.java:logGet(43)) - raft.server.rpcslowness.timeout = 120s (custom)
2019-09-25 07:04:45,343 [pool-47-thread-1] INFO  server.RaftServerConfigKeys (ConfUtils.java:logGet(43)) - raft.server.sleep.deviation.threshold = 300 (default)
2019-09-25 07:04:45,343 [pool-47-thread-1] INFO  server.RaftServerConfigKeys (ConfUtils.java:logGet(43)) - raft.server.log.appender.install.snapshot.enabled = false (custom)
2019-09-25 07:04:45,344 [pool-47-thread-1] INFO  impl.RaftServerImpl (ServerState.java:<init>(103)) - 24bf2945-a329-4da6-aaf2-23ecd8d462c6@group-6CA61C684066: ConfigurationManager, init=-1: [24bf2945-a329-4da6-aaf2-23ecd8d462c6:192.168.30.10:42867], old=null, confs=<EMPTY_MAP>
2019-09-25 07:04:45,344 [pool-47-thread-1] INFO  server.RaftServerConfigKeys (ConfUtils.java:logGet(43)) - raft.server.storage.dir = [/workdir/hadoop-ozone/integration-test/target/test-dir/MiniOzoneClusterImpl-39af9574-7a8b-4ed7-b830-bf686a3d4bb8/datanode-2/data/ratis] (custom)
2019-09-25 07:04:45,344 [pool-47-thread-1] INFO  storage.RaftStorageDirectory (RaftStorageDirectory.java:analyzeStorage(246)) - The storage directory /workdir/hadoop-ozone/integration-test/target/test-dir/MiniOzoneClusterImpl-39af9574-7a8b-4ed7-b830-bf686a3d4bb8/datanode-2/data/ratis/988d4561-c1af-4209-bc39-6ca61c684066 does not exist. Creating ...
2019-09-25 07:04:45,364 [pool-47-thread-1] INFO  storage.RaftStorageDirectory (RaftStorageDirectory.java:tryLock(328)) - Lock on /workdir/hadoop-ozone/integration-test/target/test-dir/MiniOzoneClusterImpl-39af9574-7a8b-4ed7-b830-bf686a3d4bb8/datanode-2/data/ratis/988d4561-c1af-4209-bc39-6ca61c684066/in_use.lock acquired by nodename 19495@pr-hdds-1569-s62bp-3040748787
2019-09-25 07:04:45,378 [pool-47-thread-1] INFO  storage.RaftStorage (RaftStorage.java:format(72)) - Storage directory /workdir/hadoop-ozone/integration-test/target/test-dir/MiniOzoneClusterImpl-39af9574-7a8b-4ed7-b830-bf686a3d4bb8/datanode-2/data/ratis/988d4561-c1af-4209-bc39-6ca61c684066 has been successfully formatted.
2019-09-25 07:04:45,378 [pool-47-thread-1] INFO  ratis.ContainerStateMachine (ContainerStateMachine.java:loadSnapshot(230)) - group-6CA61C684066: The snapshot info is null. Setting the last applied indexto:(t:0, i:~)
2019-09-25 07:04:45,378 [pool-47-thread-1] INFO  server.RaftServerConfigKeys (ConfUtils.java:logGet(43)) - raft.server.notification.no-leader.timeout = 120s (custom)
2019-09-25 07:04:45,379 [pool-47-thread-1] INFO  server.RaftServerConfigKeys (ConfUtils.java:logGet(43)) - raft.server.log.use.memory = false (default)
2019-09-25 07:04:45,379 [pool-47-thread-1] INFO  server.RaftServerConfigKeys (ConfUtils.java:logGet(43)) - raft.server.log.purge.gap = 1000000 (custom)
2019-09-25 07:04:45,379 [pool-47-thread-1] INFO  server.RaftServerConfigKeys (ConfUtils.java:logGet(43)) - raft.server.log.appender.buffer.byte-limit = 33554432 (custom)
2019-09-25 07:04:45,379 [pool-47-thread-1] INFO  server.RaftServerConfigKeys (ConfUtils.java:logGet(43)) - raft.server.log.segment.size.max = 1048576 (custom)
2019-09-25 07:04:45,379 [pool-47-thread-1] INFO  server.RaftServerConfigKeys (ConfUtils.java:logGet(43)) - raft.server.log.segment.cache.num.max = 2 (custom)
2019-09-25 07:04:45,380 [pool-47-thread-1] INFO  segmented.SegmentedRaftLogWorker (SegmentedRaftLogWorker.java:<init>(172)) - new 24bf2945-a329-4da6-aaf2-23ecd8d462c6@group-6CA61C684066-SegmentedRaftLogWorker for RaftStorage:Storage Directory /workdir/hadoop-ozone/integration-test/target/test-dir/MiniOzoneClusterImpl-39af9574-7a8b-4ed7-b830-bf686a3d4bb8/datanode-2/data/ratis/988d4561-c1af-4209-bc39-6ca61c684066
2019-09-25 07:04:45,380 [pool-47-thread-1] INFO  server.RaftServerConfigKeys (ConfUtils.java:logGet(43)) - raft.server.log.queue.byte-limit = 2147483647 (custom)
2019-09-25 07:04:45,380 [pool-47-thread-1] INFO  server.RaftServerConfigKeys (ConfUtils.java:logGet(43)) - raft.server.log.queue.element-limit = 1024 (custom)
2019-09-25 07:04:45,380 [pool-47-thread-1] INFO  server.RaftServerConfigKeys (ConfUtils.java:logGet(43)) - raft.server.log.segment.size.max = 1048576 (custom)
2019-09-25 07:04:45,380 [pool-47-thread-1] INFO  server.RaftServerConfigKeys (ConfUtils.java:logGet(43)) - raft.server.log.preallocated.size = 16384 (custom)
2019-09-25 07:04:45,381 [pool-47-thread-1] INFO  server.RaftServerConfigKeys (ConfUtils.java:logGet(43)) - raft.server.log.write.buffer.size = 33554432 (custom)
2019-09-25 07:04:45,381 [pool-47-thread-1] INFO  server.RaftServerConfigKeys (ConfUtils.java:logGet(43)) - raft.server.log.force.sync.num = 128 (default)
2019-09-25 07:04:45,381 [pool-47-thread-1] INFO  server.RaftServerConfigKeys (ConfUtils.java:logGet(43)) - raft.server.log.statemachine.data.sync = true (default)
2019-09-25 07:04:45,381 [pool-47-thread-1] INFO  server.RaftServerConfigKeys (ConfUtils.java:logGet(43)) - raft.server.log.statemachine.data.sync.timeout = 10s (default)
2019-09-25 07:04:45,381 [pool-47-thread-1] INFO  server.RaftServerConfigKeys (ConfUtils.java:logGet(43)) - raft.server.log.statemachine.data.sync.timeout.retry = -1 (default)
2019-09-25 07:04:45,382 [pool-47-thread-1] INFO  server.RaftServerConfigKeys (ConfUtils.java:logGet(43)) - raft.server.log.statemachine.data.caching.enabled = true (custom)
2019-09-25 07:04:45,382 [pool-47-thread-1] INFO  segmented.SegmentedRaftLogWorker (SegmentedRaftLogWorker.java:lambda$new$0(132)) - 24bf2945-a329-4da6-aaf2-23ecd8d462c6@group-6CA61C684066-SegmentedRaftLogWorker: flushIndex: setUnconditionally 0 -> -1
2019-09-25 07:04:45,382 [pool-47-thread-1] INFO  server.RaftServerConfigKeys (ConfUtils.java:logGet(43)) - raft.server.snapshot.auto.trigger.enabled = true (custom)
2019-09-25 07:04:45,383 [pool-47-thread-1] INFO  server.RaftServerConfigKeys (ConfUtils.java:logGet(43)) - raft.server.snapshot.auto.trigger.threshold = 10000 (custom)
2019-09-25 07:04:45,383 [pool-47-thread-1] INFO  server.RaftServerConfigKeys (ConfUtils.java:logGet(43)) - raft.server.snapshot.retention.num.files = 5 (custom)
2019-09-25 07:04:45,383 [pool-47-thread-1] INFO  server.RaftServerConfigKeys (ConfUtils.java:logGet(43)) - raft.server.retrycache.expirytime = 600000ms (custom)
2019-09-25 07:04:45,386 [pool-47-thread-1] INFO  impl.RaftServerImpl (RaftServerImpl.java:start(185)) - 24bf2945-a329-4da6-aaf2-23ecd8d462c6@group-6CA61C684066: start as a follower, conf=-1: [24bf2945-a329-4da6-aaf2-23ecd8d462c6:192.168.30.10:42867], old=null
2019-09-25 07:04:45,386 [pool-47-thread-1] INFO  impl.RaftServerImpl (RaftServerImpl.java:setRole(174)) - 24bf2945-a329-4da6-aaf2-23ecd8d462c6@group-6CA61C684066: changes role from      null to FOLLOWER at term 0 for startAsFollower
2019-09-25 07:04:45,387 [pool-47-thread-1] INFO  impl.RoleInfo (RoleInfo.java:updateAndGet(143)) - 24bf2945-a329-4da6-aaf2-23ecd8d462c6: start FollowerState
2019-09-25 07:04:45,387 [pool-47-thread-1] INFO  util.JmxRegister (JmxRegister.java:tryRegister(44)) - Successfully registered JMX Bean with object name Ratis:service=RaftServer,group=group-6CA61C684066,id=24bf2945-a329-4da6-aaf2-23ecd8d462c6
2019-09-25 07:04:45,396 [RatisPipelineUtilsThread] INFO  pipeline.PipelineStateManager (PipelineStateManager.java:addPipeline(56)) - Created pipeline Pipeline[ Id: 988d4561-c1af-4209-bc39-6ca61c684066, Nodes: 24bf2945-a329-4da6-aaf2-23ecd8d462c6{ip: 192.168.30.10, host: pr-hdds-1569-s62bp-3040748787, networkLocation: /default-rack, certSerialId: null}, Type:RATIS, Factor:ONE, State:OPEN]
2019-09-25 07:04:45,408 [grpc-default-executor-0] INFO  impl.RaftServerProxy (RaftServerProxy.java:addNew(89)) - e568d23f-199e-48ce-91e4-5c166e2e97cd: addNew group-050458FFE721:[e568d23f-199e-48ce-91e4-5c166e2e97cd:192.168.30.10:42827] returns group-050458FFE721:java.util.concurrent.CompletableFuture@5f59540a[Not completed]
2019-09-25 07:04:45,410 [pool-27-thread-1] INFO  impl.RaftServerImpl (RaftServerImpl.java:<init>(95)) - e568d23f-199e-48ce-91e4-5c166e2e97cd: new RaftServerImpl for group-050458FFE721:[e568d23f-199e-48ce-91e4-5c166e2e97cd:192.168.30.10:42827] with ContainerStateMachine:uninitialized
2019-09-25 07:04:45,410 [pool-27-thread-1] INFO  server.RaftServerConfigKeys (ConfUtils.java:logGet(43)) - raft.server.rpc.timeout.min = 5s (custom)
2019-09-25 07:04:45,410 [pool-27-thread-1] INFO  server.RaftServerConfigKeys (ConfUtils.java:logGet(43)) - raft.server.rpc.timeout.max = 5200ms (custom)
2019-09-25 07:04:45,410 [pool-27-thread-1] INFO  server.RaftServerConfigKeys (ConfUtils.java:logGet(43)) - raft.server.rpcslowness.timeout = 120s (custom)
2019-09-25 07:04:45,410 [pool-27-thread-1] INFO  server.RaftServerConfigKeys (ConfUtils.java:logGet(43)) - raft.server.sleep.deviation.threshold = 300 (default)
2019-09-25 07:04:45,410 [pool-27-thread-1] INFO  server.RaftServerConfigKeys (ConfUtils.java:logGet(43)) - raft.server.log.appender.install.snapshot.enabled = false (custom)
2019-09-25 07:04:45,411 [pool-27-thread-1] INFO  impl.RaftServerImpl (ServerState.java:<init>(103)) - e568d23f-199e-48ce-91e4-5c166e2e97cd@group-050458FFE721: ConfigurationManager, init=-1: [e568d23f-199e-48ce-91e4-5c166e2e97cd:192.168.30.10:42827], old=null, confs=<EMPTY_MAP>
2019-09-25 07:04:45,411 [pool-27-thread-1] INFO  server.RaftServerConfigKeys (ConfUtils.java:logGet(43)) - raft.server.storage.dir = [/workdir/hadoop-ozone/integration-test/target/test-dir/MiniOzoneClusterImpl-39af9574-7a8b-4ed7-b830-bf686a3d4bb8/datanode-0/data/ratis] (custom)
2019-09-25 07:04:45,411 [pool-27-thread-1] INFO  storage.RaftStorageDirectory (RaftStorageDirectory.java:analyzeStorage(246)) - The storage directory /workdir/hadoop-ozone/integration-test/target/test-dir/MiniOzoneClusterImpl-39af9574-7a8b-4ed7-b830-bf686a3d4bb8/datanode-0/data/ratis/45fbf393-b8bd-4ccc-a87d-050458ffe721 does not exist. Creating ...
2019-09-25 07:04:45,424 [pool-27-thread-1] INFO  storage.RaftStorageDirectory (RaftStorageDirectory.java:tryLock(328)) - Lock on /workdir/hadoop-ozone/integration-test/target/test-dir/MiniOzoneClusterImpl-39af9574-7a8b-4ed7-b830-bf686a3d4bb8/datanode-0/data/ratis/45fbf393-b8bd-4ccc-a87d-050458ffe721/in_use.lock acquired by nodename 19495@pr-hdds-1569-s62bp-3040748787
2019-09-25 07:04:45,438 [pool-27-thread-1] INFO  storage.RaftStorage (RaftStorage.java:format(72)) - Storage directory /workdir/hadoop-ozone/integration-test/target/test-dir/MiniOzoneClusterImpl-39af9574-7a8b-4ed7-b830-bf686a3d4bb8/datanode-0/data/ratis/45fbf393-b8bd-4ccc-a87d-050458ffe721 has been successfully formatted.
2019-09-25 07:04:45,438 [pool-27-thread-1] INFO  ratis.ContainerStateMachine (ContainerStateMachine.java:loadSnapshot(230)) - group-050458FFE721: The snapshot info is null. Setting the last applied indexto:(t:0, i:~)
2019-09-25 07:04:45,439 [pool-27-thread-1] INFO  server.RaftServerConfigKeys (ConfUtils.java:logGet(43)) - raft.server.notification.no-leader.timeout = 120s (custom)
2019-09-25 07:04:45,439 [pool-27-thread-1] INFO  server.RaftServerConfigKeys (ConfUtils.java:logGet(43)) - raft.server.log.use.memory = false (default)
2019-09-25 07:04:45,439 [pool-27-thread-1] INFO  server.RaftServerConfigKeys (ConfUtils.java:logGet(43)) - raft.server.log.purge.gap = 1000000 (custom)
2019-09-25 07:04:45,439 [pool-27-thread-1] INFO  server.RaftServerConfigKeys (ConfUtils.java:logGet(43)) - raft.server.log.appender.buffer.byte-limit = 33554432 (custom)
2019-09-25 07:04:45,439 [pool-27-thread-1] INFO  server.RaftServerConfigKeys (ConfUtils.java:logGet(43)) - raft.server.log.segment.size.max = 1048576 (custom)
2019-09-25 07:04:45,439 [pool-27-thread-1] INFO  server.RaftServerConfigKeys (ConfUtils.java:logGet(43)) - raft.server.log.segment.cache.num.max = 2 (custom)
2019-09-25 07:04:45,440 [pool-27-thread-1] INFO  segmented.SegmentedRaftLogWorker (SegmentedRaftLogWorker.java:<init>(172)) - new e568d23f-199e-48ce-91e4-5c166e2e97cd@group-050458FFE721-SegmentedRaftLogWorker for RaftStorage:Storage Directory /workdir/hadoop-ozone/integration-test/target/test-dir/MiniOzoneClusterImpl-39af9574-7a8b-4ed7-b830-bf686a3d4bb8/datanode-0/data/ratis/45fbf393-b8bd-4ccc-a87d-050458ffe721
2019-09-25 07:04:45,440 [pool-27-thread-1] INFO  server.RaftServerConfigKeys (ConfUtils.java:logGet(43)) - raft.server.log.queue.byte-limit = 2147483647 (custom)
2019-09-25 07:04:45,440 [pool-27-thread-1] INFO  server.RaftServerConfigKeys (ConfUtils.java:logGet(43)) - raft.server.log.queue.element-limit = 1024 (custom)
2019-09-25 07:04:45,440 [pool-27-thread-1] INFO  server.RaftServerConfigKeys (ConfUtils.java:logGet(43)) - raft.server.log.segment.size.max = 1048576 (custom)
2019-09-25 07:04:45,440 [pool-27-thread-1] INFO  server.RaftServerConfigKeys (ConfUtils.java:logGet(43)) - raft.server.log.preallocated.size = 16384 (custom)
2019-09-25 07:04:45,440 [pool-27-thread-1] INFO  server.RaftServerConfigKeys (ConfUtils.java:logGet(43)) - raft.server.log.write.buffer.size = 33554432 (custom)
2019-09-25 07:04:45,440 [pool-27-thread-1] INFO  server.RaftServerConfigKeys (ConfUtils.java:logGet(43)) - raft.server.log.force.sync.num = 128 (default)
2019-09-25 07:04:45,441 [pool-27-thread-1] INFO  server.RaftServerConfigKeys (ConfUtils.java:logGet(43)) - raft.server.log.statemachine.data.sync = true (default)
2019-09-25 07:04:45,441 [pool-27-thread-1] INFO  server.RaftServerConfigKeys (ConfUtils.java:logGet(43)) - raft.server.log.statemachine.data.sync.timeout = 10s (default)
2019-09-25 07:04:45,441 [pool-27-thread-1] INFO  server.RaftServerConfigKeys (ConfUtils.java:logGet(43)) - raft.server.log.statemachine.data.sync.timeout.retry = -1 (default)
2019-09-25 07:04:45,441 [pool-27-thread-1] INFO  server.RaftServerConfigKeys (ConfUtils.java:logGet(43)) - raft.server.log.statemachine.data.caching.enabled = true (custom)
2019-09-25 07:04:45,442 [pool-27-thread-1] INFO  segmented.SegmentedRaftLogWorker (SegmentedRaftLogWorker.java:lambda$new$0(132)) - e568d23f-199e-48ce-91e4-5c166e2e97cd@group-050458FFE721-SegmentedRaftLogWorker: flushIndex: setUnconditionally 0 -> -1
2019-09-25 07:04:45,442 [pool-27-thread-1] INFO  server.RaftServerConfigKeys (ConfUtils.java:logGet(43)) - raft.server.snapshot.auto.trigger.enabled = true (custom)
2019-09-25 07:04:45,442 [pool-27-thread-1] INFO  server.RaftServerConfigKeys (ConfUtils.java:logGet(43)) - raft.server.snapshot.auto.trigger.threshold = 10000 (custom)
2019-09-25 07:04:45,442 [pool-27-thread-1] INFO  server.RaftServerConfigKeys (ConfUtils.java:logGet(43)) - raft.server.snapshot.retention.num.files = 5 (custom)
2019-09-25 07:04:45,442 [pool-27-thread-1] INFO  server.RaftServerConfigKeys (ConfUtils.java:logGet(43)) - raft.server.retrycache.expirytime = 600000ms (custom)
2019-09-25 07:04:45,445 [pool-27-thread-1] INFO  impl.RaftServerImpl (RaftServerImpl.java:start(185)) - e568d23f-199e-48ce-91e4-5c166e2e97cd@group-050458FFE721: start as a follower, conf=-1: [e568d23f-199e-48ce-91e4-5c166e2e97cd:192.168.30.10:42827], old=null
2019-09-25 07:04:45,447 [pool-27-thread-1] INFO  impl.RaftServerImpl (RaftServerImpl.java:setRole(174)) - e568d23f-199e-48ce-91e4-5c166e2e97cd@group-050458FFE721: changes role from      null to FOLLOWER at term 0 for startAsFollower
2019-09-25 07:04:45,447 [pool-27-thread-1] INFO  impl.RoleInfo (RoleInfo.java:updateAndGet(143)) - e568d23f-199e-48ce-91e4-5c166e2e97cd: start FollowerState
2019-09-25 07:04:45,447 [pool-27-thread-1] INFO  util.JmxRegister (JmxRegister.java:tryRegister(44)) - Successfully registered JMX Bean with object name Ratis:service=RaftServer,group=group-050458FFE721,id=e568d23f-199e-48ce-91e4-5c166e2e97cd
2019-09-25 07:04:45,457 [RatisPipelineUtilsThread] INFO  pipeline.PipelineStateManager (PipelineStateManager.java:addPipeline(56)) - Created pipeline Pipeline[ Id: 45fbf393-b8bd-4ccc-a87d-050458ffe721, Nodes: e568d23f-199e-48ce-91e4-5c166e2e97cd{ip: 192.168.30.10, host: pr-hdds-1569-s62bp-3040748787, networkLocation: /default-rack, certSerialId: null}, Type:RATIS, Factor:ONE, State:OPEN]
2019-09-25 07:04:45,470 [grpc-default-executor-0] INFO  impl.RaftServerProxy (RaftServerProxy.java:addNew(89)) - e568d23f-199e-48ce-91e4-5c166e2e97cd: addNew group-4ED6F864A095:[e568d23f-199e-48ce-91e4-5c166e2e97cd:192.168.30.10:42827] returns group-4ED6F864A095:java.util.concurrent.CompletableFuture@22d79889[Not completed]
2019-09-25 07:04:45,471 [pool-27-thread-1] INFO  impl.RaftServerImpl (RaftServerImpl.java:<init>(95)) - e568d23f-199e-48ce-91e4-5c166e2e97cd: new RaftServerImpl for group-4ED6F864A095:[e568d23f-199e-48ce-91e4-5c166e2e97cd:192.168.30.10:42827] with ContainerStateMachine:uninitialized
2019-09-25 07:04:45,471 [pool-27-thread-1] INFO  server.RaftServerConfigKeys (ConfUtils.java:logGet(43)) - raft.server.rpc.timeout.min = 5s (custom)
2019-09-25 07:04:45,472 [pool-27-thread-1] INFO  server.RaftServerConfigKeys (ConfUtils.java:logGet(43)) - raft.server.rpc.timeout.max = 5200ms (custom)
2019-09-25 07:04:45,472 [pool-27-thread-1] INFO  server.RaftServerConfigKeys (ConfUtils.java:logGet(43)) - raft.server.rpcslowness.timeout = 120s (custom)
2019-09-25 07:04:45,472 [pool-27-thread-1] INFO  server.RaftServerConfigKeys (ConfUtils.java:logGet(43)) - raft.server.sleep.deviation.threshold = 300 (default)
2019-09-25 07:04:45,472 [pool-27-thread-1] INFO  server.RaftServerConfigKeys (ConfUtils.java:logGet(43)) - raft.server.log.appender.install.snapshot.enabled = false (custom)
2019-09-25 07:04:45,472 [pool-27-thread-1] INFO  impl.RaftServerImpl (ServerState.java:<init>(103)) - e568d23f-199e-48ce-91e4-5c166e2e97cd@group-4ED6F864A095: ConfigurationManager, init=-1: [e568d23f-199e-48ce-91e4-5c166e2e97cd:192.168.30.10:42827], old=null, confs=<EMPTY_MAP>
2019-09-25 07:04:45,472 [pool-27-thread-1] INFO  server.RaftServerConfigKeys (ConfUtils.java:logGet(43)) - raft.server.storage.dir = [/workdir/hadoop-ozone/integration-test/target/test-dir/MiniOzoneClusterImpl-39af9574-7a8b-4ed7-b830-bf686a3d4bb8/datanode-0/data/ratis] (custom)
2019-09-25 07:04:45,473 [pool-27-thread-1] INFO  storage.RaftStorageDirectory (RaftStorageDirectory.java:analyzeStorage(246)) - The storage directory /workdir/hadoop-ozone/integration-test/target/test-dir/MiniOzoneClusterImpl-39af9574-7a8b-4ed7-b830-bf686a3d4bb8/datanode-0/data/ratis/91a38e77-af92-41d2-bf6e-4ed6f864a095 does not exist. Creating ...
2019-09-25 07:04:45,486 [pool-27-thread-1] INFO  storage.RaftStorageDirectory (RaftStorageDirectory.java:tryLock(328)) - Lock on /workdir/hadoop-ozone/integration-test/target/test-dir/MiniOzoneClusterImpl-39af9574-7a8b-4ed7-b830-bf686a3d4bb8/datanode-0/data/ratis/91a38e77-af92-41d2-bf6e-4ed6f864a095/in_use.lock acquired by nodename 19495@pr-hdds-1569-s62bp-3040748787
2019-09-25 07:04:45,498 [pool-27-thread-1] INFO  storage.RaftStorage (RaftStorage.java:format(72)) - Storage directory /workdir/hadoop-ozone/integration-test/target/test-dir/MiniOzoneClusterImpl-39af9574-7a8b-4ed7-b830-bf686a3d4bb8/datanode-0/data/ratis/91a38e77-af92-41d2-bf6e-4ed6f864a095 has been successfully formatted.
2019-09-25 07:04:45,499 [pool-27-thread-1] INFO  ratis.ContainerStateMachine (ContainerStateMachine.java:loadSnapshot(230)) - group-4ED6F864A095: The snapshot info is null. Setting the last applied indexto:(t:0, i:~)
2019-09-25 07:04:45,499 [pool-27-thread-1] INFO  server.RaftServerConfigKeys (ConfUtils.java:logGet(43)) - raft.server.notification.no-leader.timeout = 120s (custom)
2019-09-25 07:04:45,499 [pool-27-thread-1] INFO  server.RaftServerConfigKeys (ConfUtils.java:logGet(43)) - raft.server.log.use.memory = false (default)
2019-09-25 07:04:45,499 [pool-27-thread-1] INFO  server.RaftServerConfigKeys (ConfUtils.java:logGet(43)) - raft.server.log.purge.gap = 1000000 (custom)
2019-09-25 07:04:45,500 [pool-27-thread-1] INFO  server.RaftServerConfigKeys (ConfUtils.java:logGet(43)) - raft.server.log.appender.buffer.byte-limit = 33554432 (custom)
2019-09-25 07:04:45,500 [pool-27-thread-1] INFO  server.RaftServerConfigKeys (ConfUtils.java:logGet(43)) - raft.server.log.segment.size.max = 1048576 (custom)
2019-09-25 07:04:45,500 [pool-27-thread-1] INFO  server.RaftServerConfigKeys (ConfUtils.java:logGet(43)) - raft.server.log.segment.cache.num.max = 2 (custom)
2019-09-25 07:04:45,500 [pool-27-thread-1] INFO  segmented.SegmentedRaftLogWorker (SegmentedRaftLogWorker.java:<init>(172)) - new e568d23f-199e-48ce-91e4-5c166e2e97cd@group-4ED6F864A095-SegmentedRaftLogWorker for RaftStorage:Storage Directory /workdir/hadoop-ozone/integration-test/target/test-dir/MiniOzoneClusterImpl-39af9574-7a8b-4ed7-b830-bf686a3d4bb8/datanode-0/data/ratis/91a38e77-af92-41d2-bf6e-4ed6f864a095
2019-09-25 07:04:45,500 [pool-27-thread-1] INFO  server.RaftServerConfigKeys (ConfUtils.java:logGet(43)) - raft.server.log.queue.byte-limit = 2147483647 (custom)
2019-09-25 07:04:45,500 [pool-27-thread-1] INFO  server.RaftServerConfigKeys (ConfUtils.java:logGet(43)) - raft.server.log.queue.element-limit = 1024 (custom)
2019-09-25 07:04:45,500 [pool-27-thread-1] INFO  server.RaftServerConfigKeys (ConfUtils.java:logGet(43)) - raft.server.log.segment.size.max = 1048576 (custom)
2019-09-25 07:04:45,501 [pool-27-thread-1] INFO  server.RaftServerConfigKeys (ConfUtils.java:logGet(43)) - raft.server.log.preallocated.size = 16384 (custom)
2019-09-25 07:04:45,501 [pool-27-thread-1] INFO  server.RaftServerConfigKeys (ConfUtils.java:logGet(43)) - raft.server.log.write.buffer.size = 33554432 (custom)
2019-09-25 07:04:45,501 [pool-27-thread-1] INFO  server.RaftServerConfigKeys (ConfUtils.java:logGet(43)) - raft.server.log.force.sync.num = 128 (default)
2019-09-25 07:04:45,501 [pool-27-thread-1] INFO  server.RaftServerConfigKeys (ConfUtils.java:logGet(43)) - raft.server.log.statemachine.data.sync = true (default)
2019-09-25 07:04:45,501 [pool-27-thread-1] INFO  server.RaftServerConfigKeys (ConfUtils.java:logGet(43)) - raft.server.log.statemachine.data.sync.timeout = 10s (default)
2019-09-25 07:04:45,501 [pool-27-thread-1] INFO  server.RaftServerConfigKeys (ConfUtils.java:logGet(43)) - raft.server.log.statemachine.data.sync.timeout.retry = -1 (default)
2019-09-25 07:04:45,501 [pool-27-thread-1] INFO  server.RaftServerConfigKeys (ConfUtils.java:logGet(43)) - raft.server.log.statemachine.data.caching.enabled = true (custom)
2019-09-25 07:04:45,502 [pool-27-thread-1] INFO  segmented.SegmentedRaftLogWorker (SegmentedRaftLogWorker.java:lambda$new$0(132)) - e568d23f-199e-48ce-91e4-5c166e2e97cd@group-4ED6F864A095-SegmentedRaftLogWorker: flushIndex: setUnconditionally 0 -> -1
2019-09-25 07:04:45,502 [pool-27-thread-1] INFO  server.RaftServerConfigKeys (ConfUtils.java:logGet(43)) - raft.server.snapshot.auto.trigger.enabled = true (custom)
2019-09-25 07:04:45,502 [pool-27-thread-1] INFO  server.RaftServerConfigKeys (ConfUtils.java:logGet(43)) - raft.server.snapshot.auto.trigger.threshold = 10000 (custom)
2019-09-25 07:04:45,502 [pool-27-thread-1] INFO  server.RaftServerConfigKeys (ConfUtils.java:logGet(43)) - raft.server.snapshot.retention.num.files = 5 (custom)
2019-09-25 07:04:45,502 [pool-27-thread-1] INFO  server.RaftServerConfigKeys (ConfUtils.java:logGet(43)) - raft.server.retrycache.expirytime = 600000ms (custom)
2019-09-25 07:04:45,505 [pool-27-thread-1] INFO  impl.RaftServerImpl (RaftServerImpl.java:start(185)) - e568d23f-199e-48ce-91e4-5c166e2e97cd@group-4ED6F864A095: start as a follower, conf=-1: [e568d23f-199e-48ce-91e4-5c166e2e97cd:192.168.30.10:42827], old=null
2019-09-25 07:04:45,505 [pool-27-thread-1] INFO  impl.RaftServerImpl (RaftServerImpl.java:setRole(174)) - e568d23f-199e-48ce-91e4-5c166e2e97cd@group-4ED6F864A095: changes role from      null to FOLLOWER at term 0 for startAsFollower
2019-09-25 07:04:45,505 [pool-27-thread-1] INFO  impl.RoleInfo (RoleInfo.java:updateAndGet(143)) - e568d23f-199e-48ce-91e4-5c166e2e97cd: start FollowerState
2019-09-25 07:04:45,505 [pool-27-thread-1] INFO  util.JmxRegister (JmxRegister.java:tryRegister(44)) - Successfully registered JMX Bean with object name Ratis:service=RaftServer,group=group-4ED6F864A095,id=e568d23f-199e-48ce-91e4-5c166e2e97cd
2019-09-25 07:04:45,514 [RatisPipelineUtilsThread] INFO  pipeline.PipelineStateManager (PipelineStateManager.java:addPipeline(56)) - Created pipeline Pipeline[ Id: 91a38e77-af92-41d2-bf6e-4ed6f864a095, Nodes: e568d23f-199e-48ce-91e4-5c166e2e97cd{ip: 192.168.30.10, host: pr-hdds-1569-s62bp-3040748787, networkLocation: /default-rack, certSerialId: null}, Type:RATIS, Factor:ONE, State:OPEN]
2019-09-25 07:04:45,527 [grpc-default-executor-0] INFO  impl.RaftServerProxy (RaftServerProxy.java:addNew(89)) - e568d23f-199e-48ce-91e4-5c166e2e97cd: addNew group-FF017AE769DA:[e568d23f-199e-48ce-91e4-5c166e2e97cd:192.168.30.10:42827] returns group-FF017AE769DA:java.util.concurrent.CompletableFuture@4bd8680[Not completed]
2019-09-25 07:04:45,529 [pool-27-thread-1] INFO  impl.RaftServerImpl (RaftServerImpl.java:<init>(95)) - e568d23f-199e-48ce-91e4-5c166e2e97cd: new RaftServerImpl for group-FF017AE769DA:[e568d23f-199e-48ce-91e4-5c166e2e97cd:192.168.30.10:42827] with ContainerStateMachine:uninitialized
2019-09-25 07:04:45,529 [pool-27-thread-1] INFO  server.RaftServerConfigKeys (ConfUtils.java:logGet(43)) - raft.server.rpc.timeout.min = 5s (custom)
2019-09-25 07:04:45,530 [pool-27-thread-1] INFO  server.RaftServerConfigKeys (ConfUtils.java:logGet(43)) - raft.server.rpc.timeout.max = 5200ms (custom)
2019-09-25 07:04:45,530 [pool-27-thread-1] INFO  server.RaftServerConfigKeys (ConfUtils.java:logGet(43)) - raft.server.rpcslowness.timeout = 120s (custom)
2019-09-25 07:04:45,530 [pool-27-thread-1] INFO  server.RaftServerConfigKeys (ConfUtils.java:logGet(43)) - raft.server.sleep.deviation.threshold = 300 (default)
2019-09-25 07:04:45,530 [pool-27-thread-1] INFO  server.RaftServerConfigKeys (ConfUtils.java:logGet(43)) - raft.server.log.appender.install.snapshot.enabled = false (custom)
2019-09-25 07:04:45,530 [pool-27-thread-1] INFO  impl.RaftServerImpl (ServerState.java:<init>(103)) - e568d23f-199e-48ce-91e4-5c166e2e97cd@group-FF017AE769DA: ConfigurationManager, init=-1: [e568d23f-199e-48ce-91e4-5c166e2e97cd:192.168.30.10:42827], old=null, confs=<EMPTY_MAP>
2019-09-25 07:04:45,530 [pool-27-thread-1] INFO  server.RaftServerConfigKeys (ConfUtils.java:logGet(43)) - raft.server.storage.dir = [/workdir/hadoop-ozone/integration-test/target/test-dir/MiniOzoneClusterImpl-39af9574-7a8b-4ed7-b830-bf686a3d4bb8/datanode-0/data/ratis] (custom)
2019-09-25 07:04:45,531 [pool-27-thread-1] INFO  storage.RaftStorageDirectory (RaftStorageDirectory.java:analyzeStorage(246)) - The storage directory /workdir/hadoop-ozone/integration-test/target/test-dir/MiniOzoneClusterImpl-39af9574-7a8b-4ed7-b830-bf686a3d4bb8/datanode-0/data/ratis/0a3f161d-270c-4b96-89df-ff017ae769da does not exist. Creating ...
2019-09-25 07:04:45,544 [pool-27-thread-1] INFO  storage.RaftStorageDirectory (RaftStorageDirectory.java:tryLock(328)) - Lock on /workdir/hadoop-ozone/integration-test/target/test-dir/MiniOzoneClusterImpl-39af9574-7a8b-4ed7-b830-bf686a3d4bb8/datanode-0/data/ratis/0a3f161d-270c-4b96-89df-ff017ae769da/in_use.lock acquired by nodename 19495@pr-hdds-1569-s62bp-3040748787
2019-09-25 07:04:45,557 [pool-27-thread-1] INFO  storage.RaftStorage (RaftStorage.java:format(72)) - Storage directory /workdir/hadoop-ozone/integration-test/target/test-dir/MiniOzoneClusterImpl-39af9574-7a8b-4ed7-b830-bf686a3d4bb8/datanode-0/data/ratis/0a3f161d-270c-4b96-89df-ff017ae769da has been successfully formatted.
2019-09-25 07:04:45,558 [pool-27-thread-1] INFO  ratis.ContainerStateMachine (ContainerStateMachine.java:loadSnapshot(230)) - group-FF017AE769DA: The snapshot info is null. Setting the last applied indexto:(t:0, i:~)
2019-09-25 07:04:45,558 [pool-27-thread-1] INFO  server.RaftServerConfigKeys (ConfUtils.java:logGet(43)) - raft.server.notification.no-leader.timeout = 120s (custom)
2019-09-25 07:04:45,558 [pool-27-thread-1] INFO  server.RaftServerConfigKeys (ConfUtils.java:logGet(43)) - raft.server.log.use.memory = false (default)
2019-09-25 07:04:45,558 [pool-27-thread-1] INFO  server.RaftServerConfigKeys (ConfUtils.java:logGet(43)) - raft.server.log.purge.gap = 1000000 (custom)
2019-09-25 07:04:45,559 [pool-27-thread-1] INFO  server.RaftServerConfigKeys (ConfUtils.java:logGet(43)) - raft.server.log.appender.buffer.byte-limit = 33554432 (custom)
2019-09-25 07:04:45,559 [pool-27-thread-1] INFO  server.RaftServerConfigKeys (ConfUtils.java:logGet(43)) - raft.server.log.segment.size.max = 1048576 (custom)
2019-09-25 07:04:45,559 [pool-27-thread-1] INFO  server.RaftServerConfigKeys (ConfUtils.java:logGet(43)) - raft.server.log.segment.cache.num.max = 2 (custom)
2019-09-25 07:04:45,559 [pool-27-thread-1] INFO  segmented.SegmentedRaftLogWorker (SegmentedRaftLogWorker.java:<init>(172)) - new e568d23f-199e-48ce-91e4-5c166e2e97cd@group-FF017AE769DA-SegmentedRaftLogWorker for RaftStorage:Storage Directory /workdir/hadoop-ozone/integration-test/target/test-dir/MiniOzoneClusterImpl-39af9574-7a8b-4ed7-b830-bf686a3d4bb8/datanode-0/data/ratis/0a3f161d-270c-4b96-89df-ff017ae769da
2019-09-25 07:04:45,559 [pool-27-thread-1] INFO  server.RaftServerConfigKeys (ConfUtils.java:logGet(43)) - raft.server.log.queue.byte-limit = 2147483647 (custom)
2019-09-25 07:04:45,560 [pool-27-thread-1] INFO  server.RaftServerConfigKeys (ConfUtils.java:logGet(43)) - raft.server.log.queue.element-limit = 1024 (custom)
2019-09-25 07:04:45,560 [pool-27-thread-1] INFO  server.RaftServerConfigKeys (ConfUtils.java:logGet(43)) - raft.server.log.segment.size.max = 1048576 (custom)
2019-09-25 07:04:45,560 [pool-27-thread-1] INFO  server.RaftServerConfigKeys (ConfUtils.java:logGet(43)) - raft.server.log.preallocated.size = 16384 (custom)
2019-09-25 07:04:45,560 [pool-27-thread-1] INFO  server.RaftServerConfigKeys (ConfUtils.java:logGet(43)) - raft.server.log.write.buffer.size = 33554432 (custom)
2019-09-25 07:04:45,560 [pool-27-thread-1] INFO  server.RaftServerConfigKeys (ConfUtils.java:logGet(43)) - raft.server.log.force.sync.num = 128 (default)
2019-09-25 07:04:45,561 [pool-27-thread-1] INFO  server.RaftServerConfigKeys (ConfUtils.java:logGet(43)) - raft.server.log.statemachine.data.sync = true (default)
2019-09-25 07:04:45,561 [pool-27-thread-1] INFO  server.RaftServerConfigKeys (ConfUtils.java:logGet(43)) - raft.server.log.statemachine.data.sync.timeout = 10s (default)
2019-09-25 07:04:45,561 [pool-27-thread-1] INFO  server.RaftServerConfigKeys (ConfUtils.java:logGet(43)) - raft.server.log.statemachine.data.sync.timeout.retry = -1 (default)
2019-09-25 07:04:45,561 [pool-27-thread-1] INFO  server.RaftServerConfigKeys (ConfUtils.java:logGet(43)) - raft.server.log.statemachine.data.caching.enabled = true (custom)
2019-09-25 07:04:45,562 [pool-27-thread-1] INFO  segmented.SegmentedRaftLogWorker (SegmentedRaftLogWorker.java:lambda$new$0(132)) - e568d23f-199e-48ce-91e4-5c166e2e97cd@group-FF017AE769DA-SegmentedRaftLogWorker: flushIndex: setUnconditionally 0 -> -1
2019-09-25 07:04:45,562 [pool-27-thread-1] INFO  server.RaftServerConfigKeys (ConfUtils.java:logGet(43)) - raft.server.snapshot.auto.trigger.enabled = true (custom)
2019-09-25 07:04:45,562 [pool-27-thread-1] INFO  server.RaftServerConfigKeys (ConfUtils.java:logGet(43)) - raft.server.snapshot.auto.trigger.threshold = 10000 (custom)
2019-09-25 07:04:45,563 [pool-27-thread-1] INFO  server.RaftServerConfigKeys (ConfUtils.java:logGet(43)) - raft.server.snapshot.retention.num.files = 5 (custom)
2019-09-25 07:04:45,563 [pool-27-thread-1] INFO  server.RaftServerConfigKeys (ConfUtils.java:logGet(43)) - raft.server.retrycache.expirytime = 600000ms (custom)
2019-09-25 07:04:45,566 [pool-27-thread-1] INFO  impl.RaftServerImpl (RaftServerImpl.java:start(185)) - e568d23f-199e-48ce-91e4-5c166e2e97cd@group-FF017AE769DA: start as a follower, conf=-1: [e568d23f-199e-48ce-91e4-5c166e2e97cd:192.168.30.10:42827], old=null
2019-09-25 07:04:45,566 [pool-27-thread-1] INFO  impl.RaftServerImpl (RaftServerImpl.java:setRole(174)) - e568d23f-199e-48ce-91e4-5c166e2e97cd@group-FF017AE769DA: changes role from      null to FOLLOWER at term 0 for startAsFollower
2019-09-25 07:04:45,566 [pool-27-thread-1] INFO  impl.RoleInfo (RoleInfo.java:updateAndGet(143)) - e568d23f-199e-48ce-91e4-5c166e2e97cd: start FollowerState
2019-09-25 07:04:45,567 [pool-27-thread-1] INFO  util.JmxRegister (JmxRegister.java:tryRegister(44)) - Successfully registered JMX Bean with object name Ratis:service=RaftServer,group=group-FF017AE769DA,id=e568d23f-199e-48ce-91e4-5c166e2e97cd
2019-09-25 07:04:45,576 [RatisPipelineUtilsThread] INFO  pipeline.PipelineStateManager (PipelineStateManager.java:addPipeline(56)) - Created pipeline Pipeline[ Id: 0a3f161d-270c-4b96-89df-ff017ae769da, Nodes: e568d23f-199e-48ce-91e4-5c166e2e97cd{ip: 192.168.30.10, host: pr-hdds-1569-s62bp-3040748787, networkLocation: /default-rack, certSerialId: null}, Type:RATIS, Factor:ONE, State:OPEN]
2019-09-25 07:04:45,589 [grpc-default-executor-0] INFO  impl.RaftServerProxy (RaftServerProxy.java:addNew(89)) - 62ec8eb9-3ae9-4136-b70a-2caf3716fa7f: addNew group-7DB33377CFC2:[62ec8eb9-3ae9-4136-b70a-2caf3716fa7f:192.168.30.10:44715] returns group-7DB33377CFC2:java.util.concurrent.CompletableFuture@3d888c51[Not completed]
2019-09-25 07:04:45,591 [pool-37-thread-1] INFO  impl.RaftServerImpl (RaftServerImpl.java:<init>(95)) - 62ec8eb9-3ae9-4136-b70a-2caf3716fa7f: new RaftServerImpl for group-7DB33377CFC2:[62ec8eb9-3ae9-4136-b70a-2caf3716fa7f:192.168.30.10:44715] with ContainerStateMachine:uninitialized
2019-09-25 07:04:45,591 [pool-37-thread-1] INFO  server.RaftServerConfigKeys (ConfUtils.java:logGet(43)) - raft.server.rpc.timeout.min = 5s (custom)
2019-09-25 07:04:45,592 [pool-37-thread-1] INFO  server.RaftServerConfigKeys (ConfUtils.java:logGet(43)) - raft.server.rpc.timeout.max = 5200ms (custom)
2019-09-25 07:04:45,592 [pool-37-thread-1] INFO  server.RaftServerConfigKeys (ConfUtils.java:logGet(43)) - raft.server.rpcslowness.timeout = 120s (custom)
2019-09-25 07:04:45,592 [pool-37-thread-1] INFO  server.RaftServerConfigKeys (ConfUtils.java:logGet(43)) - raft.server.sleep.deviation.threshold = 300 (default)
2019-09-25 07:04:45,592 [pool-37-thread-1] INFO  server.RaftServerConfigKeys (ConfUtils.java:logGet(43)) - raft.server.log.appender.install.snapshot.enabled = false (custom)
2019-09-25 07:04:45,592 [pool-37-thread-1] INFO  impl.RaftServerImpl (ServerState.java:<init>(103)) - 62ec8eb9-3ae9-4136-b70a-2caf3716fa7f@group-7DB33377CFC2: ConfigurationManager, init=-1: [62ec8eb9-3ae9-4136-b70a-2caf3716fa7f:192.168.30.10:44715], old=null, confs=<EMPTY_MAP>
2019-09-25 07:04:45,593 [pool-37-thread-1] INFO  server.RaftServerConfigKeys (ConfUtils.java:logGet(43)) - raft.server.storage.dir = [/workdir/hadoop-ozone/integration-test/target/test-dir/MiniOzoneClusterImpl-39af9574-7a8b-4ed7-b830-bf686a3d4bb8/datanode-1/data/ratis] (custom)
2019-09-25 07:04:45,593 [pool-37-thread-1] INFO  storage.RaftStorageDirectory (RaftStorageDirectory.java:analyzeStorage(246)) - The storage directory /workdir/hadoop-ozone/integration-test/target/test-dir/MiniOzoneClusterImpl-39af9574-7a8b-4ed7-b830-bf686a3d4bb8/datanode-1/data/ratis/9c82861b-d108-4944-9e95-7db33377cfc2 does not exist. Creating ...
2019-09-25 07:04:45,606 [pool-37-thread-1] INFO  storage.RaftStorageDirectory (RaftStorageDirectory.java:tryLock(328)) - Lock on /workdir/hadoop-ozone/integration-test/target/test-dir/MiniOzoneClusterImpl-39af9574-7a8b-4ed7-b830-bf686a3d4bb8/datanode-1/data/ratis/9c82861b-d108-4944-9e95-7db33377cfc2/in_use.lock acquired by nodename 19495@pr-hdds-1569-s62bp-3040748787
2019-09-25 07:04:45,628 [pool-37-thread-1] INFO  storage.RaftStorage (RaftStorage.java:format(72)) - Storage directory /workdir/hadoop-ozone/integration-test/target/test-dir/MiniOzoneClusterImpl-39af9574-7a8b-4ed7-b830-bf686a3d4bb8/datanode-1/data/ratis/9c82861b-d108-4944-9e95-7db33377cfc2 has been successfully formatted.
2019-09-25 07:04:45,628 [pool-37-thread-1] INFO  ratis.ContainerStateMachine (ContainerStateMachine.java:loadSnapshot(230)) - group-7DB33377CFC2: The snapshot info is null. Setting the last applied indexto:(t:0, i:~)
2019-09-25 07:04:45,629 [pool-37-thread-1] INFO  server.RaftServerConfigKeys (ConfUtils.java:logGet(43)) - raft.server.notification.no-leader.timeout = 120s (custom)
2019-09-25 07:04:45,629 [pool-37-thread-1] INFO  server.RaftServerConfigKeys (ConfUtils.java:logGet(43)) - raft.server.log.use.memory = false (default)
2019-09-25 07:04:45,629 [pool-37-thread-1] INFO  server.RaftServerConfigKeys (ConfUtils.java:logGet(43)) - raft.server.log.purge.gap = 1000000 (custom)
2019-09-25 07:04:45,629 [pool-37-thread-1] INFO  server.RaftServerConfigKeys (ConfUtils.java:logGet(43)) - raft.server.log.appender.buffer.byte-limit = 33554432 (custom)
2019-09-25 07:04:45,629 [pool-37-thread-1] INFO  server.RaftServerConfigKeys (ConfUtils.java:logGet(43)) - raft.server.log.segment.size.max = 1048576 (custom)
2019-09-25 07:04:45,629 [pool-37-thread-1] INFO  server.RaftServerConfigKeys (ConfUtils.java:logGet(43)) - raft.server.log.segment.cache.num.max = 2 (custom)
2019-09-25 07:04:45,630 [pool-37-thread-1] INFO  segmented.SegmentedRaftLogWorker (SegmentedRaftLogWorker.java:<init>(172)) - new 62ec8eb9-3ae9-4136-b70a-2caf3716fa7f@group-7DB33377CFC2-SegmentedRaftLogWorker for RaftStorage:Storage Directory /workdir/hadoop-ozone/integration-test/target/test-dir/MiniOzoneClusterImpl-39af9574-7a8b-4ed7-b830-bf686a3d4bb8/datanode-1/data/ratis/9c82861b-d108-4944-9e95-7db33377cfc2
2019-09-25 07:04:45,630 [pool-37-thread-1] INFO  server.RaftServerConfigKeys (ConfUtils.java:logGet(43)) - raft.server.log.queue.byte-limit = 2147483647 (custom)
2019-09-25 07:04:45,630 [pool-37-thread-1] INFO  server.RaftServerConfigKeys (ConfUtils.java:logGet(43)) - raft.server.log.queue.element-limit = 1024 (custom)
2019-09-25 07:04:45,630 [pool-37-thread-1] INFO  server.RaftServerConfigKeys (ConfUtils.java:logGet(43)) - raft.server.log.segment.size.max = 1048576 (custom)
2019-09-25 07:04:45,630 [pool-37-thread-1] INFO  server.RaftServerConfigKeys (ConfUtils.java:logGet(43)) - raft.server.log.preallocated.size = 16384 (custom)
2019-09-25 07:04:45,631 [pool-37-thread-1] INFO  server.RaftServerConfigKeys (ConfUtils.java:logGet(43)) - raft.server.log.write.buffer.size = 33554432 (custom)
2019-09-25 07:04:45,631 [pool-37-thread-1] INFO  server.RaftServerConfigKeys (ConfUtils.java:logGet(43)) - raft.server.log.force.sync.num = 128 (default)
2019-09-25 07:04:45,631 [pool-37-thread-1] INFO  server.RaftServerConfigKeys (ConfUtils.java:logGet(43)) - raft.server.log.statemachine.data.sync = true (default)
2019-09-25 07:04:45,631 [pool-37-thread-1] INFO  server.RaftServerConfigKeys (ConfUtils.java:logGet(43)) - raft.server.log.statemachine.data.sync.timeout = 10s (default)
2019-09-25 07:04:45,631 [pool-37-thread-1] INFO  server.RaftServerConfigKeys (ConfUtils.java:logGet(43)) - raft.server.log.statemachine.data.sync.timeout.retry = -1 (default)
2019-09-25 07:04:45,632 [pool-37-thread-1] INFO  server.RaftServerConfigKeys (ConfUtils.java:logGet(43)) - raft.server.log.statemachine.data.caching.enabled = true (custom)
2019-09-25 07:04:45,632 [pool-37-thread-1] INFO  segmented.SegmentedRaftLogWorker (SegmentedRaftLogWorker.java:lambda$new$0(132)) - 62ec8eb9-3ae9-4136-b70a-2caf3716fa7f@group-7DB33377CFC2-SegmentedRaftLogWorker: flushIndex: setUnconditionally 0 -> -1
2019-09-25 07:04:45,633 [pool-37-thread-1] INFO  server.RaftServerConfigKeys (ConfUtils.java:logGet(43)) - raft.server.snapshot.auto.trigger.enabled = true (custom)
2019-09-25 07:04:45,633 [pool-37-thread-1] INFO  server.RaftServerConfigKeys (ConfUtils.java:logGet(43)) - raft.server.snapshot.auto.trigger.threshold = 10000 (custom)
2019-09-25 07:04:45,633 [pool-37-thread-1] INFO  server.RaftServerConfigKeys (ConfUtils.java:logGet(43)) - raft.server.snapshot.retention.num.files = 5 (custom)
2019-09-25 07:04:45,633 [pool-37-thread-1] INFO  server.RaftServerConfigKeys (ConfUtils.java:logGet(43)) - raft.server.retrycache.expirytime = 600000ms (custom)
2019-09-25 07:04:45,636 [pool-37-thread-1] INFO  impl.RaftServerImpl (RaftServerImpl.java:start(185)) - 62ec8eb9-3ae9-4136-b70a-2caf3716fa7f@group-7DB33377CFC2: start as a follower, conf=-1: [62ec8eb9-3ae9-4136-b70a-2caf3716fa7f:192.168.30.10:44715], old=null
2019-09-25 07:04:45,637 [pool-37-thread-1] INFO  impl.RaftServerImpl (RaftServerImpl.java:setRole(174)) - 62ec8eb9-3ae9-4136-b70a-2caf3716fa7f@group-7DB33377CFC2: changes role from      null to FOLLOWER at term 0 for startAsFollower
2019-09-25 07:04:45,637 [pool-37-thread-1] INFO  impl.RoleInfo (RoleInfo.java:updateAndGet(143)) - 62ec8eb9-3ae9-4136-b70a-2caf3716fa7f: start FollowerState
2019-09-25 07:04:45,637 [pool-37-thread-1] INFO  util.JmxRegister (JmxRegister.java:tryRegister(44)) - Successfully registered JMX Bean with object name Ratis:service=RaftServer,group=group-7DB33377CFC2,id=62ec8eb9-3ae9-4136-b70a-2caf3716fa7f
2019-09-25 07:04:45,645 [RatisPipelineUtilsThread] INFO  pipeline.PipelineStateManager (PipelineStateManager.java:addPipeline(56)) - Created pipeline Pipeline[ Id: 9c82861b-d108-4944-9e95-7db33377cfc2, Nodes: 62ec8eb9-3ae9-4136-b70a-2caf3716fa7f{ip: 192.168.30.10, host: pr-hdds-1569-s62bp-3040748787, networkLocation: /default-rack, certSerialId: null}, Type:RATIS, Factor:ONE, State:OPEN]
2019-09-25 07:04:45,658 [grpc-default-executor-0] INFO  impl.RaftServerProxy (RaftServerProxy.java:addNew(89)) - 24bf2945-a329-4da6-aaf2-23ecd8d462c6: addNew group-7397D1BD5FAA:[24bf2945-a329-4da6-aaf2-23ecd8d462c6:192.168.30.10:42867] returns group-7397D1BD5FAA:java.util.concurrent.CompletableFuture@4fef556a[Not completed]
2019-09-25 07:04:45,660 [pool-47-thread-1] INFO  impl.RaftServerImpl (RaftServerImpl.java:<init>(95)) - 24bf2945-a329-4da6-aaf2-23ecd8d462c6: new RaftServerImpl for group-7397D1BD5FAA:[24bf2945-a329-4da6-aaf2-23ecd8d462c6:192.168.30.10:42867] with ContainerStateMachine:uninitialized
2019-09-25 07:04:45,660 [pool-47-thread-1] INFO  server.RaftServerConfigKeys (ConfUtils.java:logGet(43)) - raft.server.rpc.timeout.min = 5s (custom)
2019-09-25 07:04:45,660 [pool-47-thread-1] INFO  server.RaftServerConfigKeys (ConfUtils.java:logGet(43)) - raft.server.rpc.timeout.max = 5200ms (custom)
2019-09-25 07:04:45,661 [pool-47-thread-1] INFO  server.RaftServerConfigKeys (ConfUtils.java:logGet(43)) - raft.server.rpcslowness.timeout = 120s (custom)
2019-09-25 07:04:45,661 [pool-47-thread-1] INFO  server.RaftServerConfigKeys (ConfUtils.java:logGet(43)) - raft.server.sleep.deviation.threshold = 300 (default)
2019-09-25 07:04:45,661 [pool-47-thread-1] INFO  server.RaftServerConfigKeys (ConfUtils.java:logGet(43)) - raft.server.log.appender.install.snapshot.enabled = false (custom)
2019-09-25 07:04:45,661 [pool-47-thread-1] INFO  impl.RaftServerImpl (ServerState.java:<init>(103)) - 24bf2945-a329-4da6-aaf2-23ecd8d462c6@group-7397D1BD5FAA: ConfigurationManager, init=-1: [24bf2945-a329-4da6-aaf2-23ecd8d462c6:192.168.30.10:42867], old=null, confs=<EMPTY_MAP>
2019-09-25 07:04:45,661 [pool-47-thread-1] INFO  server.RaftServerConfigKeys (ConfUtils.java:logGet(43)) - raft.server.storage.dir = [/workdir/hadoop-ozone/integration-test/target/test-dir/MiniOzoneClusterImpl-39af9574-7a8b-4ed7-b830-bf686a3d4bb8/datanode-2/data/ratis] (custom)
2019-09-25 07:04:45,662 [pool-47-thread-1] INFO  storage.RaftStorageDirectory (RaftStorageDirectory.java:analyzeStorage(246)) - The storage directory /workdir/hadoop-ozone/integration-test/target/test-dir/MiniOzoneClusterImpl-39af9574-7a8b-4ed7-b830-bf686a3d4bb8/datanode-2/data/ratis/ee42a728-c7c7-4fd4-9b69-7397d1bd5faa does not exist. Creating ...
2019-09-25 07:04:45,676 [pool-47-thread-1] INFO  storage.RaftStorageDirectory (RaftStorageDirectory.java:tryLock(328)) - Lock on /workdir/hadoop-ozone/integration-test/target/test-dir/MiniOzoneClusterImpl-39af9574-7a8b-4ed7-b830-bf686a3d4bb8/datanode-2/data/ratis/ee42a728-c7c7-4fd4-9b69-7397d1bd5faa/in_use.lock acquired by nodename 19495@pr-hdds-1569-s62bp-3040748787
2019-09-25 07:04:45,690 [pool-47-thread-1] INFO  storage.RaftStorage (RaftStorage.java:format(72)) - Storage directory /workdir/hadoop-ozone/integration-test/target/test-dir/MiniOzoneClusterImpl-39af9574-7a8b-4ed7-b830-bf686a3d4bb8/datanode-2/data/ratis/ee42a728-c7c7-4fd4-9b69-7397d1bd5faa has been successfully formatted.
2019-09-25 07:04:45,690 [pool-47-thread-1] INFO  ratis.ContainerStateMachine (ContainerStateMachine.java:loadSnapshot(230)) - group-7397D1BD5FAA: The snapshot info is null. Setting the last applied indexto:(t:0, i:~)
2019-09-25 07:04:45,690 [pool-47-thread-1] INFO  server.RaftServerConfigKeys (ConfUtils.java:logGet(43)) - raft.server.notification.no-leader.timeout = 120s (custom)
2019-09-25 07:04:45,691 [pool-47-thread-1] INFO  server.RaftServerConfigKeys (ConfUtils.java:logGet(43)) - raft.server.log.use.memory = false (default)
2019-09-25 07:04:45,691 [pool-47-thread-1] INFO  server.RaftServerConfigKeys (ConfUtils.java:logGet(43)) - raft.server.log.purge.gap = 1000000 (custom)
2019-09-25 07:04:45,691 [pool-47-thread-1] INFO  server.RaftServerConfigKeys (ConfUtils.java:logGet(43)) - raft.server.log.appender.buffer.byte-limit = 33554432 (custom)
2019-09-25 07:04:45,691 [pool-47-thread-1] INFO  server.RaftServerConfigKeys (ConfUtils.java:logGet(43)) - raft.server.log.segment.size.max = 1048576 (custom)
2019-09-25 07:04:45,691 [pool-47-thread-1] INFO  server.RaftServerConfigKeys (ConfUtils.java:logGet(43)) - raft.server.log.segment.cache.num.max = 2 (custom)
2019-09-25 07:04:45,692 [pool-47-thread-1] INFO  segmented.SegmentedRaftLogWorker (SegmentedRaftLogWorker.java:<init>(172)) - new 24bf2945-a329-4da6-aaf2-23ecd8d462c6@group-7397D1BD5FAA-SegmentedRaftLogWorker for RaftStorage:Storage Directory /workdir/hadoop-ozone/integration-test/target/test-dir/MiniOzoneClusterImpl-39af9574-7a8b-4ed7-b830-bf686a3d4bb8/datanode-2/data/ratis/ee42a728-c7c7-4fd4-9b69-7397d1bd5faa
2019-09-25 07:04:45,692 [pool-47-thread-1] INFO  server.RaftServerConfigKeys (ConfUtils.java:logGet(43)) - raft.server.log.queue.byte-limit = 2147483647 (custom)
2019-09-25 07:04:45,692 [pool-47-thread-1] INFO  server.RaftServerConfigKeys (ConfUtils.java:logGet(43)) - raft.server.log.queue.element-limit = 1024 (custom)
2019-09-25 07:04:45,692 [pool-47-thread-1] INFO  server.RaftServerConfigKeys (ConfUtils.java:logGet(43)) - raft.server.log.segment.size.max = 1048576 (custom)
2019-09-25 07:04:45,692 [pool-47-thread-1] INFO  server.RaftServerConfigKeys (ConfUtils.java:logGet(43)) - raft.server.log.preallocated.size = 16384 (custom)
2019-09-25 07:04:45,693 [pool-47-thread-1] INFO  server.RaftServerConfigKeys (ConfUtils.java:logGet(43)) - raft.server.log.write.buffer.size = 33554432 (custom)
2019-09-25 07:04:45,693 [pool-47-thread-1] INFO  server.RaftServerConfigKeys (ConfUtils.java:logGet(43)) - raft.server.log.force.sync.num = 128 (default)
2019-09-25 07:04:45,693 [pool-47-thread-1] INFO  server.RaftServerConfigKeys (ConfUtils.java:logGet(43)) - raft.server.log.statemachine.data.sync = true (default)
2019-09-25 07:04:45,693 [pool-47-thread-1] INFO  server.RaftServerConfigKeys (ConfUtils.java:logGet(43)) - raft.server.log.statemachine.data.sync.timeout = 10s (default)
2019-09-25 07:04:45,693 [pool-47-thread-1] INFO  server.RaftServerConfigKeys (ConfUtils.java:logGet(43)) - raft.server.log.statemachine.data.sync.timeout.retry = -1 (default)
2019-09-25 07:04:45,694 [pool-47-thread-1] INFO  server.RaftServerConfigKeys (ConfUtils.java:logGet(43)) - raft.server.log.statemachine.data.caching.enabled = true (custom)
2019-09-25 07:04:45,694 [pool-47-thread-1] INFO  segmented.SegmentedRaftLogWorker (SegmentedRaftLogWorker.java:lambda$new$0(132)) - 24bf2945-a329-4da6-aaf2-23ecd8d462c6@group-7397D1BD5FAA-SegmentedRaftLogWorker: flushIndex: setUnconditionally 0 -> -1
2019-09-25 07:04:45,695 [pool-47-thread-1] INFO  server.RaftServerConfigKeys (ConfUtils.java:logGet(43)) - raft.server.snapshot.auto.trigger.enabled = true (custom)
2019-09-25 07:04:45,695 [pool-47-thread-1] INFO  server.RaftServerConfigKeys (ConfUtils.java:logGet(43)) - raft.server.snapshot.auto.trigger.threshold = 10000 (custom)
2019-09-25 07:04:45,695 [pool-47-thread-1] INFO  server.RaftServerConfigKeys (ConfUtils.java:logGet(43)) - raft.server.snapshot.retention.num.files = 5 (custom)
2019-09-25 07:04:45,695 [pool-47-thread-1] INFO  server.RaftServerConfigKeys (ConfUtils.java:logGet(43)) - raft.server.retrycache.expirytime = 600000ms (custom)
2019-09-25 07:04:45,699 [pool-47-thread-1] INFO  impl.RaftServerImpl (RaftServerImpl.java:start(185)) - 24bf2945-a329-4da6-aaf2-23ecd8d462c6@group-7397D1BD5FAA: start as a follower, conf=-1: [24bf2945-a329-4da6-aaf2-23ecd8d462c6:192.168.30.10:42867], old=null
2019-09-25 07:04:45,699 [pool-47-thread-1] INFO  impl.RaftServerImpl (RaftServerImpl.java:setRole(174)) - 24bf2945-a329-4da6-aaf2-23ecd8d462c6@group-7397D1BD5FAA: changes role from      null to FOLLOWER at term 0 for startAsFollower
2019-09-25 07:04:45,700 [pool-47-thread-1] INFO  impl.RoleInfo (RoleInfo.java:updateAndGet(143)) - 24bf2945-a329-4da6-aaf2-23ecd8d462c6: start FollowerState
2019-09-25 07:04:45,700 [pool-47-thread-1] INFO  util.JmxRegister (JmxRegister.java:tryRegister(44)) - Successfully registered JMX Bean with object name Ratis:service=RaftServer,group=group-7397D1BD5FAA,id=24bf2945-a329-4da6-aaf2-23ecd8d462c6
2019-09-25 07:04:45,710 [RatisPipelineUtilsThread] INFO  pipeline.PipelineStateManager (PipelineStateManager.java:addPipeline(56)) - Created pipeline Pipeline[ Id: ee42a728-c7c7-4fd4-9b69-7397d1bd5faa, Nodes: 24bf2945-a329-4da6-aaf2-23ecd8d462c6{ip: 192.168.30.10, host: pr-hdds-1569-s62bp-3040748787, networkLocation: /default-rack, certSerialId: null}, Type:RATIS, Factor:ONE, State:OPEN]
2019-09-25 07:04:45,723 [grpc-default-executor-0] INFO  impl.RaftServerProxy (RaftServerProxy.java:addNew(89)) - 62ec8eb9-3ae9-4136-b70a-2caf3716fa7f: addNew group-7F872AD2EC22:[62ec8eb9-3ae9-4136-b70a-2caf3716fa7f:192.168.30.10:44715] returns group-7F872AD2EC22:java.util.concurrent.CompletableFuture@3f2b6fe6[Not completed]
2019-09-25 07:04:45,725 [pool-37-thread-1] INFO  impl.RaftServerImpl (RaftServerImpl.java:<init>(95)) - 62ec8eb9-3ae9-4136-b70a-2caf3716fa7f: new RaftServerImpl for group-7F872AD2EC22:[62ec8eb9-3ae9-4136-b70a-2caf3716fa7f:192.168.30.10:44715] with ContainerStateMachine:uninitialized
2019-09-25 07:04:45,725 [pool-37-thread-1] INFO  server.RaftServerConfigKeys (ConfUtils.java:logGet(43)) - raft.server.rpc.timeout.min = 5s (custom)
2019-09-25 07:04:45,726 [pool-37-thread-1] INFO  server.RaftServerConfigKeys (ConfUtils.java:logGet(43)) - raft.server.rpc.timeout.max = 5200ms (custom)
2019-09-25 07:04:45,726 [pool-37-thread-1] INFO  server.RaftServerConfigKeys (ConfUtils.java:logGet(43)) - raft.server.rpcslowness.timeout = 120s (custom)
2019-09-25 07:04:45,726 [pool-37-thread-1] INFO  server.RaftServerConfigKeys (ConfUtils.java:logGet(43)) - raft.server.sleep.deviation.threshold = 300 (default)
2019-09-25 07:04:45,726 [pool-37-thread-1] INFO  server.RaftServerConfigKeys (ConfUtils.java:logGet(43)) - raft.server.log.appender.install.snapshot.enabled = false (custom)
2019-09-25 07:04:45,726 [pool-37-thread-1] INFO  impl.RaftServerImpl (ServerState.java:<init>(103)) - 62ec8eb9-3ae9-4136-b70a-2caf3716fa7f@group-7F872AD2EC22: ConfigurationManager, init=-1: [62ec8eb9-3ae9-4136-b70a-2caf3716fa7f:192.168.30.10:44715], old=null, confs=<EMPTY_MAP>
2019-09-25 07:04:45,727 [pool-37-thread-1] INFO  server.RaftServerConfigKeys (ConfUtils.java:logGet(43)) - raft.server.storage.dir = [/workdir/hadoop-ozone/integration-test/target/test-dir/MiniOzoneClusterImpl-39af9574-7a8b-4ed7-b830-bf686a3d4bb8/datanode-1/data/ratis] (custom)
2019-09-25 07:04:45,727 [pool-37-thread-1] INFO  storage.RaftStorageDirectory (RaftStorageDirectory.java:analyzeStorage(246)) - The storage directory /workdir/hadoop-ozone/integration-test/target/test-dir/MiniOzoneClusterImpl-39af9574-7a8b-4ed7-b830-bf686a3d4bb8/datanode-1/data/ratis/7855848c-aa5d-465b-9784-7f872ad2ec22 does not exist. Creating ...
2019-09-25 07:04:45,740 [pool-37-thread-1] INFO  storage.RaftStorageDirectory (RaftStorageDirectory.java:tryLock(328)) - Lock on /workdir/hadoop-ozone/integration-test/target/test-dir/MiniOzoneClusterImpl-39af9574-7a8b-4ed7-b830-bf686a3d4bb8/datanode-1/data/ratis/7855848c-aa5d-465b-9784-7f872ad2ec22/in_use.lock acquired by nodename 19495@pr-hdds-1569-s62bp-3040748787
2019-09-25 07:04:45,754 [pool-37-thread-1] INFO  storage.RaftStorage (RaftStorage.java:format(72)) - Storage directory /workdir/hadoop-ozone/integration-test/target/test-dir/MiniOzoneClusterImpl-39af9574-7a8b-4ed7-b830-bf686a3d4bb8/datanode-1/data/ratis/7855848c-aa5d-465b-9784-7f872ad2ec22 has been successfully formatted.
2019-09-25 07:04:45,754 [pool-37-thread-1] INFO  ratis.ContainerStateMachine (ContainerStateMachine.java:loadSnapshot(230)) - group-7F872AD2EC22: The snapshot info is null. Setting the last applied indexto:(t:0, i:~)
2019-09-25 07:04:45,754 [pool-37-thread-1] INFO  server.RaftServerConfigKeys (ConfUtils.java:logGet(43)) - raft.server.notification.no-leader.timeout = 120s (custom)
2019-09-25 07:04:45,754 [pool-37-thread-1] INFO  server.RaftServerConfigKeys (ConfUtils.java:logGet(43)) - raft.server.log.use.memory = false (default)
2019-09-25 07:04:45,755 [pool-37-thread-1] INFO  server.RaftServerConfigKeys (ConfUtils.java:logGet(43)) - raft.server.log.purge.gap = 1000000 (custom)
2019-09-25 07:04:45,755 [pool-37-thread-1] INFO  server.RaftServerConfigKeys (ConfUtils.java:logGet(43)) - raft.server.log.appender.buffer.byte-limit = 33554432 (custom)
2019-09-25 07:04:45,755 [pool-37-thread-1] INFO  server.RaftServerConfigKeys (ConfUtils.java:logGet(43)) - raft.server.log.segment.size.max = 1048576 (custom)
2019-09-25 07:04:45,755 [pool-37-thread-1] INFO  server.RaftServerConfigKeys (ConfUtils.java:logGet(43)) - raft.server.log.segment.cache.num.max = 2 (custom)
2019-09-25 07:04:45,755 [pool-37-thread-1] INFO  segmented.SegmentedRaftLogWorker (SegmentedRaftLogWorker.java:<init>(172)) - new 62ec8eb9-3ae9-4136-b70a-2caf3716fa7f@group-7F872AD2EC22-SegmentedRaftLogWorker for RaftStorage:Storage Directory /workdir/hadoop-ozone/integration-test/target/test-dir/MiniOzoneClusterImpl-39af9574-7a8b-4ed7-b830-bf686a3d4bb8/datanode-1/data/ratis/7855848c-aa5d-465b-9784-7f872ad2ec22
2019-09-25 07:04:45,756 [pool-37-thread-1] INFO  server.RaftServerConfigKeys (ConfUtils.java:logGet(43)) - raft.server.log.queue.byte-limit = 2147483647 (custom)
2019-09-25 07:04:45,756 [pool-37-thread-1] INFO  server.RaftServerConfigKeys (ConfUtils.java:logGet(43)) - raft.server.log.queue.element-limit = 1024 (custom)
2019-09-25 07:04:45,756 [pool-37-thread-1] INFO  server.RaftServerConfigKeys (ConfUtils.java:logGet(43)) - raft.server.log.segment.size.max = 1048576 (custom)
2019-09-25 07:04:45,756 [pool-37-thread-1] INFO  server.RaftServerConfigKeys (ConfUtils.java:logGet(43)) - raft.server.log.preallocated.size = 16384 (custom)
2019-09-25 07:04:45,756 [pool-37-thread-1] INFO  server.RaftServerConfigKeys (ConfUtils.java:logGet(43)) - raft.server.log.write.buffer.size = 33554432 (custom)
2019-09-25 07:04:45,756 [pool-37-thread-1] INFO  server.RaftServerConfigKeys (ConfUtils.java:logGet(43)) - raft.server.log.force.sync.num = 128 (default)
2019-09-25 07:04:45,757 [pool-37-thread-1] INFO  server.RaftServerConfigKeys (ConfUtils.java:logGet(43)) - raft.server.log.statemachine.data.sync = true (default)
2019-09-25 07:04:45,757 [pool-37-thread-1] INFO  server.RaftServerConfigKeys (ConfUtils.java:logGet(43)) - raft.server.log.statemachine.data.sync.timeout = 10s (default)
2019-09-25 07:04:45,757 [pool-37-thread-1] INFO  server.RaftServerConfigKeys (ConfUtils.java:logGet(43)) - raft.server.log.statemachine.data.sync.timeout.retry = -1 (default)
2019-09-25 07:04:45,757 [pool-37-thread-1] INFO  server.RaftServerConfigKeys (ConfUtils.java:logGet(43)) - raft.server.log.statemachine.data.caching.enabled = true (custom)
2019-09-25 07:04:45,758 [pool-37-thread-1] INFO  segmented.SegmentedRaftLogWorker (SegmentedRaftLogWorker.java:lambda$new$0(132)) - 62ec8eb9-3ae9-4136-b70a-2caf3716fa7f@group-7F872AD2EC22-SegmentedRaftLogWorker: flushIndex: setUnconditionally 0 -> -1
2019-09-25 07:04:45,758 [pool-37-thread-1] INFO  server.RaftServerConfigKeys (ConfUtils.java:logGet(43)) - raft.server.snapshot.auto.trigger.enabled = true (custom)
2019-09-25 07:04:45,758 [pool-37-thread-1] INFO  server.RaftServerConfigKeys (ConfUtils.java:logGet(43)) - raft.server.snapshot.auto.trigger.threshold = 10000 (custom)
2019-09-25 07:04:45,758 [pool-37-thread-1] INFO  server.RaftServerConfigKeys (ConfUtils.java:logGet(43)) - raft.server.snapshot.retention.num.files = 5 (custom)
2019-09-25 07:04:45,759 [pool-37-thread-1] INFO  server.RaftServerConfigKeys (ConfUtils.java:logGet(43)) - raft.server.retrycache.expirytime = 600000ms (custom)
2019-09-25 07:04:45,762 [pool-37-thread-1] INFO  impl.RaftServerImpl (RaftServerImpl.java:start(185)) - 62ec8eb9-3ae9-4136-b70a-2caf3716fa7f@group-7F872AD2EC22: start as a follower, conf=-1: [62ec8eb9-3ae9-4136-b70a-2caf3716fa7f:192.168.30.10:44715], old=null
2019-09-25 07:04:45,762 [pool-37-thread-1] INFO  impl.RaftServerImpl (RaftServerImpl.java:setRole(174)) - 62ec8eb9-3ae9-4136-b70a-2caf3716fa7f@group-7F872AD2EC22: changes role from      null to FOLLOWER at term 0 for startAsFollower
2019-09-25 07:04:45,763 [pool-37-thread-1] INFO  impl.RoleInfo (RoleInfo.java:updateAndGet(143)) - 62ec8eb9-3ae9-4136-b70a-2caf3716fa7f: start FollowerState
2019-09-25 07:04:45,763 [pool-37-thread-1] INFO  util.JmxRegister (JmxRegister.java:tryRegister(44)) - Successfully registered JMX Bean with object name Ratis:service=RaftServer,group=group-7F872AD2EC22,id=62ec8eb9-3ae9-4136-b70a-2caf3716fa7f
2019-09-25 07:04:45,768 [RatisPipelineUtilsThread] INFO  pipeline.PipelineStateManager (PipelineStateManager.java:addPipeline(56)) - Created pipeline Pipeline[ Id: 7855848c-aa5d-465b-9784-7f872ad2ec22, Nodes: 62ec8eb9-3ae9-4136-b70a-2caf3716fa7f{ip: 192.168.30.10, host: pr-hdds-1569-s62bp-3040748787, networkLocation: /default-rack, certSerialId: null}, Type:RATIS, Factor:ONE, State:OPEN]
2019-09-25 07:04:45,784 [grpc-default-executor-0] INFO  impl.RaftServerProxy (RaftServerProxy.java:addNew(89)) - e568d23f-199e-48ce-91e4-5c166e2e97cd: addNew group-8384C13E7372:[e568d23f-199e-48ce-91e4-5c166e2e97cd:192.168.30.10:42827] returns group-8384C13E7372:java.util.concurrent.CompletableFuture@3934292d[Not completed]
2019-09-25 07:04:45,786 [pool-27-thread-1] INFO  impl.RaftServerImpl (RaftServerImpl.java:<init>(95)) - e568d23f-199e-48ce-91e4-5c166e2e97cd: new RaftServerImpl for group-8384C13E7372:[e568d23f-199e-48ce-91e4-5c166e2e97cd:192.168.30.10:42827] with ContainerStateMachine:uninitialized
2019-09-25 07:04:45,786 [pool-27-thread-1] INFO  server.RaftServerConfigKeys (ConfUtils.java:logGet(43)) - raft.server.rpc.timeout.min = 5s (custom)
2019-09-25 07:04:45,787 [pool-27-thread-1] INFO  server.RaftServerConfigKeys (ConfUtils.java:logGet(43)) - raft.server.rpc.timeout.max = 5200ms (custom)
2019-09-25 07:04:45,787 [pool-27-thread-1] INFO  server.RaftServerConfigKeys (ConfUtils.java:logGet(43)) - raft.server.rpcslowness.timeout = 120s (custom)
2019-09-25 07:04:45,787 [pool-27-thread-1] INFO  server.RaftServerConfigKeys (ConfUtils.java:logGet(43)) - raft.server.sleep.deviation.threshold = 300 (default)
2019-09-25 07:04:45,787 [pool-27-thread-1] INFO  server.RaftServerConfigKeys (ConfUtils.java:logGet(43)) - raft.server.log.appender.install.snapshot.enabled = false (custom)
2019-09-25 07:04:45,787 [pool-27-thread-1] INFO  impl.RaftServerImpl (ServerState.java:<init>(103)) - e568d23f-199e-48ce-91e4-5c166e2e97cd@group-8384C13E7372: ConfigurationManager, init=-1: [e568d23f-199e-48ce-91e4-5c166e2e97cd:192.168.30.10:42827], old=null, confs=<EMPTY_MAP>
2019-09-25 07:04:45,788 [pool-27-thread-1] INFO  server.RaftServerConfigKeys (ConfUtils.java:logGet(43)) - raft.server.storage.dir = [/workdir/hadoop-ozone/integration-test/target/test-dir/MiniOzoneClusterImpl-39af9574-7a8b-4ed7-b830-bf686a3d4bb8/datanode-0/data/ratis] (custom)
2019-09-25 07:04:45,788 [pool-27-thread-1] INFO  storage.RaftStorageDirectory (RaftStorageDirectory.java:analyzeStorage(246)) - The storage directory /workdir/hadoop-ozone/integration-test/target/test-dir/MiniOzoneClusterImpl-39af9574-7a8b-4ed7-b830-bf686a3d4bb8/datanode-0/data/ratis/52fae4be-d8e0-4c8a-9ac4-8384c13e7372 does not exist. Creating ...
2019-09-25 07:04:45,801 [pool-27-thread-1] INFO  storage.RaftStorageDirectory (RaftStorageDirectory.java:tryLock(328)) - Lock on /workdir/hadoop-ozone/integration-test/target/test-dir/MiniOzoneClusterImpl-39af9574-7a8b-4ed7-b830-bf686a3d4bb8/datanode-0/data/ratis/52fae4be-d8e0-4c8a-9ac4-8384c13e7372/in_use.lock acquired by nodename 19495@pr-hdds-1569-s62bp-3040748787
2019-09-25 07:04:45,815 [pool-27-thread-1] INFO  storage.RaftStorage (RaftStorage.java:format(72)) - Storage directory /workdir/hadoop-ozone/integration-test/target/test-dir/MiniOzoneClusterImpl-39af9574-7a8b-4ed7-b830-bf686a3d4bb8/datanode-0/data/ratis/52fae4be-d8e0-4c8a-9ac4-8384c13e7372 has been successfully formatted.
2019-09-25 07:04:45,816 [pool-27-thread-1] INFO  ratis.ContainerStateMachine (ContainerStateMachine.java:loadSnapshot(230)) - group-8384C13E7372: The snapshot info is null. Setting the last applied indexto:(t:0, i:~)
2019-09-25 07:04:45,816 [pool-27-thread-1] INFO  server.RaftServerConfigKeys (ConfUtils.java:logGet(43)) - raft.server.notification.no-leader.timeout = 120s (custom)
2019-09-25 07:04:45,817 [pool-27-thread-1] INFO  server.RaftServerConfigKeys (ConfUtils.java:logGet(43)) - raft.server.log.use.memory = false (default)
2019-09-25 07:04:45,817 [pool-27-thread-1] INFO  server.RaftServerConfigKeys (ConfUtils.java:logGet(43)) - raft.server.log.purge.gap = 1000000 (custom)
2019-09-25 07:04:45,817 [pool-27-thread-1] INFO  server.RaftServerConfigKeys (ConfUtils.java:logGet(43)) - raft.server.log.appender.buffer.byte-limit = 33554432 (custom)
2019-09-25 07:04:45,817 [pool-27-thread-1] INFO  server.RaftServerConfigKeys (ConfUtils.java:logGet(43)) - raft.server.log.segment.size.max = 1048576 (custom)
2019-09-25 07:04:45,817 [pool-27-thread-1] INFO  server.RaftServerConfigKeys (ConfUtils.java:logGet(43)) - raft.server.log.segment.cache.num.max = 2 (custom)
2019-09-25 07:04:45,818 [pool-27-thread-1] INFO  segmented.SegmentedRaftLogWorker (SegmentedRaftLogWorker.java:<init>(172)) - new e568d23f-199e-48ce-91e4-5c166e2e97cd@group-8384C13E7372-SegmentedRaftLogWorker for RaftStorage:Storage Directory /workdir/hadoop-ozone/integration-test/target/test-dir/MiniOzoneClusterImpl-39af9574-7a8b-4ed7-b830-bf686a3d4bb8/datanode-0/data/ratis/52fae4be-d8e0-4c8a-9ac4-8384c13e7372
2019-09-25 07:04:45,818 [pool-27-thread-1] INFO  server.RaftServerConfigKeys (ConfUtils.java:logGet(43)) - raft.server.log.queue.byte-limit = 2147483647 (custom)
2019-09-25 07:04:45,818 [pool-27-thread-1] INFO  server.RaftServerConfigKeys (ConfUtils.java:logGet(43)) - raft.server.log.queue.element-limit = 1024 (custom)
2019-09-25 07:04:45,818 [pool-27-thread-1] INFO  server.RaftServerConfigKeys (ConfUtils.java:logGet(43)) - raft.server.log.segment.size.max = 1048576 (custom)
2019-09-25 07:04:45,818 [pool-27-thread-1] INFO  server.RaftServerConfigKeys (ConfUtils.java:logGet(43)) - raft.server.log.preallocated.size = 16384 (custom)
2019-09-25 07:04:45,819 [pool-27-thread-1] INFO  server.RaftServerConfigKeys (ConfUtils.java:logGet(43)) - raft.server.log.write.buffer.size = 33554432 (custom)
2019-09-25 07:04:45,819 [pool-27-thread-1] INFO  server.RaftServerConfigKeys (ConfUtils.java:logGet(43)) - raft.server.log.force.sync.num = 128 (default)
2019-09-25 07:04:45,819 [pool-27-thread-1] INFO  server.RaftServerConfigKeys (ConfUtils.java:logGet(43)) - raft.server.log.statemachine.data.sync = true (default)
2019-09-25 07:04:45,819 [pool-27-thread-1] INFO  server.RaftServerConfigKeys (ConfUtils.java:logGet(43)) - raft.server.log.statemachine.data.sync.timeout = 10s (default)
2019-09-25 07:04:45,819 [pool-27-thread-1] INFO  server.RaftServerConfigKeys (ConfUtils.java:logGet(43)) - raft.server.log.statemachine.data.sync.timeout.retry = -1 (default)
2019-09-25 07:04:45,820 [pool-27-thread-1] INFO  server.RaftServerConfigKeys (ConfUtils.java:logGet(43)) - raft.server.log.statemachine.data.caching.enabled = true (custom)
2019-09-25 07:04:45,820 [pool-27-thread-1] INFO  segmented.SegmentedRaftLogWorker (SegmentedRaftLogWorker.java:lambda$new$0(132)) - e568d23f-199e-48ce-91e4-5c166e2e97cd@group-8384C13E7372-SegmentedRaftLogWorker: flushIndex: setUnconditionally 0 -> -1
2019-09-25 07:04:45,820 [pool-27-thread-1] INFO  server.RaftServerConfigKeys (ConfUtils.java:logGet(43)) - raft.server.snapshot.auto.trigger.enabled = true (custom)
2019-09-25 07:04:45,821 [pool-27-thread-1] INFO  server.RaftServerConfigKeys (ConfUtils.java:logGet(43)) - raft.server.snapshot.auto.trigger.threshold = 10000 (custom)
2019-09-25 07:04:45,821 [pool-27-thread-1] INFO  server.RaftServerConfigKeys (ConfUtils.java:logGet(43)) - raft.server.snapshot.retention.num.files = 5 (custom)
2019-09-25 07:04:45,821 [pool-27-thread-1] INFO  server.RaftServerConfigKeys (ConfUtils.java:logGet(43)) - raft.server.retrycache.expirytime = 600000ms (custom)
2019-09-25 07:04:45,824 [pool-27-thread-1] INFO  impl.RaftServerImpl (RaftServerImpl.java:start(185)) - e568d23f-199e-48ce-91e4-5c166e2e97cd@group-8384C13E7372: start as a follower, conf=-1: [e568d23f-199e-48ce-91e4-5c166e2e97cd:192.168.30.10:42827], old=null
2019-09-25 07:04:45,825 [pool-27-thread-1] INFO  impl.RaftServerImpl (RaftServerImpl.java:setRole(174)) - e568d23f-199e-48ce-91e4-5c166e2e97cd@group-8384C13E7372: changes role from      null to FOLLOWER at term 0 for startAsFollower
2019-09-25 07:04:45,825 [pool-27-thread-1] INFO  impl.RoleInfo (RoleInfo.java:updateAndGet(143)) - e568d23f-199e-48ce-91e4-5c166e2e97cd: start FollowerState
2019-09-25 07:04:45,825 [pool-27-thread-1] INFO  util.JmxRegister (JmxRegister.java:tryRegister(44)) - Successfully registered JMX Bean with object name Ratis:service=RaftServer,group=group-8384C13E7372,id=e568d23f-199e-48ce-91e4-5c166e2e97cd
2019-09-25 07:04:45,831 [RatisPipelineUtilsThread] INFO  pipeline.PipelineStateManager (PipelineStateManager.java:addPipeline(56)) - Created pipeline Pipeline[ Id: 52fae4be-d8e0-4c8a-9ac4-8384c13e7372, Nodes: e568d23f-199e-48ce-91e4-5c166e2e97cd{ip: 192.168.30.10, host: pr-hdds-1569-s62bp-3040748787, networkLocation: /default-rack, certSerialId: null}, Type:RATIS, Factor:ONE, State:OPEN]
2019-09-25 07:04:45,847 [grpc-default-executor-0] INFO  impl.RaftServerProxy (RaftServerProxy.java:addNew(89)) - e568d23f-199e-48ce-91e4-5c166e2e97cd: addNew group-827BD3CD0D78:[e568d23f-199e-48ce-91e4-5c166e2e97cd:192.168.30.10:42827] returns group-827BD3CD0D78:java.util.concurrent.CompletableFuture@69b845b[Not completed]
2019-09-25 07:04:45,849 [pool-27-thread-1] INFO  impl.RaftServerImpl (RaftServerImpl.java:<init>(95)) - e568d23f-199e-48ce-91e4-5c166e2e97cd: new RaftServerImpl for group-827BD3CD0D78:[e568d23f-199e-48ce-91e4-5c166e2e97cd:192.168.30.10:42827] with ContainerStateMachine:uninitialized
2019-09-25 07:04:45,849 [pool-27-thread-1] INFO  server.RaftServerConfigKeys (ConfUtils.java:logGet(43)) - raft.server.rpc.timeout.min = 5s (custom)
2019-09-25 07:04:45,850 [pool-27-thread-1] INFO  server.RaftServerConfigKeys (ConfUtils.java:logGet(43)) - raft.server.rpc.timeout.max = 5200ms (custom)
2019-09-25 07:04:45,850 [pool-27-thread-1] INFO  server.RaftServerConfigKeys (ConfUtils.java:logGet(43)) - raft.server.rpcslowness.timeout = 120s (custom)
2019-09-25 07:04:45,850 [pool-27-thread-1] INFO  server.RaftServerConfigKeys (ConfUtils.java:logGet(43)) - raft.server.sleep.deviation.threshold = 300 (default)
2019-09-25 07:04:45,850 [pool-27-thread-1] INFO  server.RaftServerConfigKeys (ConfUtils.java:logGet(43)) - raft.server.log.appender.install.snapshot.enabled = false (custom)
2019-09-25 07:04:45,850 [pool-27-thread-1] INFO  impl.RaftServerImpl (ServerState.java:<init>(103)) - e568d23f-199e-48ce-91e4-5c166e2e97cd@group-827BD3CD0D78: ConfigurationManager, init=-1: [e568d23f-199e-48ce-91e4-5c166e2e97cd:192.168.30.10:42827], old=null, confs=<EMPTY_MAP>
2019-09-25 07:04:45,850 [pool-27-thread-1] INFO  server.RaftServerConfigKeys (ConfUtils.java:logGet(43)) - raft.server.storage.dir = [/workdir/hadoop-ozone/integration-test/target/test-dir/MiniOzoneClusterImpl-39af9574-7a8b-4ed7-b830-bf686a3d4bb8/datanode-0/data/ratis] (custom)
2019-09-25 07:04:45,851 [pool-27-thread-1] INFO  storage.RaftStorageDirectory (RaftStorageDirectory.java:analyzeStorage(246)) - The storage directory /workdir/hadoop-ozone/integration-test/target/test-dir/MiniOzoneClusterImpl-39af9574-7a8b-4ed7-b830-bf686a3d4bb8/datanode-0/data/ratis/f27bf1ba-3015-4ebd-8b21-827bd3cd0d78 does not exist. Creating ...
2019-09-25 07:04:45,865 [pool-27-thread-1] INFO  storage.RaftStorageDirectory (RaftStorageDirectory.java:tryLock(328)) - Lock on /workdir/hadoop-ozone/integration-test/target/test-dir/MiniOzoneClusterImpl-39af9574-7a8b-4ed7-b830-bf686a3d4bb8/datanode-0/data/ratis/f27bf1ba-3015-4ebd-8b21-827bd3cd0d78/in_use.lock acquired by nodename 19495@pr-hdds-1569-s62bp-3040748787
2019-09-25 07:04:45,883 [pool-27-thread-1] INFO  storage.RaftStorage (RaftStorage.java:format(72)) - Storage directory /workdir/hadoop-ozone/integration-test/target/test-dir/MiniOzoneClusterImpl-39af9574-7a8b-4ed7-b830-bf686a3d4bb8/datanode-0/data/ratis/f27bf1ba-3015-4ebd-8b21-827bd3cd0d78 has been successfully formatted.
2019-09-25 07:04:45,884 [pool-27-thread-1] INFO  ratis.ContainerStateMachine (ContainerStateMachine.java:loadSnapshot(230)) - group-827BD3CD0D78: The snapshot info is null. Setting the last applied indexto:(t:0, i:~)
2019-09-25 07:04:45,884 [pool-27-thread-1] INFO  server.RaftServerConfigKeys (ConfUtils.java:logGet(43)) - raft.server.notification.no-leader.timeout = 120s (custom)
2019-09-25 07:04:45,884 [pool-27-thread-1] INFO  server.RaftServerConfigKeys (ConfUtils.java:logGet(43)) - raft.server.log.use.memory = false (default)
2019-09-25 07:04:45,884 [pool-27-thread-1] INFO  server.RaftServerConfigKeys (ConfUtils.java:logGet(43)) - raft.server.log.purge.gap = 1000000 (custom)
2019-09-25 07:04:45,886 [pool-27-thread-1] INFO  server.RaftServerConfigKeys (ConfUtils.java:logGet(43)) - raft.server.log.appender.buffer.byte-limit = 33554432 (custom)
2019-09-25 07:04:45,886 [pool-27-thread-1] INFO  server.RaftServerConfigKeys (ConfUtils.java:logGet(43)) - raft.server.log.segment.size.max = 1048576 (custom)
2019-09-25 07:04:45,886 [pool-27-thread-1] INFO  server.RaftServerConfigKeys (ConfUtils.java:logGet(43)) - raft.server.log.segment.cache.num.max = 2 (custom)
2019-09-25 07:04:45,886 [pool-27-thread-1] INFO  segmented.SegmentedRaftLogWorker (SegmentedRaftLogWorker.java:<init>(172)) - new e568d23f-199e-48ce-91e4-5c166e2e97cd@group-827BD3CD0D78-SegmentedRaftLogWorker for RaftStorage:Storage Directory /workdir/hadoop-ozone/integration-test/target/test-dir/MiniOzoneClusterImpl-39af9574-7a8b-4ed7-b830-bf686a3d4bb8/datanode-0/data/ratis/f27bf1ba-3015-4ebd-8b21-827bd3cd0d78
2019-09-25 07:04:45,886 [pool-27-thread-1] INFO  server.RaftServerConfigKeys (ConfUtils.java:logGet(43)) - raft.server.log.queue.byte-limit = 2147483647 (custom)
2019-09-25 07:04:45,886 [pool-27-thread-1] INFO  server.RaftServerConfigKeys (ConfUtils.java:logGet(43)) - raft.server.log.queue.element-limit = 1024 (custom)
2019-09-25 07:04:45,887 [pool-27-thread-1] INFO  server.RaftServerConfigKeys (ConfUtils.java:logGet(43)) - raft.server.log.segment.size.max = 1048576 (custom)
2019-09-25 07:04:45,887 [pool-27-thread-1] INFO  server.RaftServerConfigKeys (ConfUtils.java:logGet(43)) - raft.server.log.preallocated.size = 16384 (custom)
2019-09-25 07:04:45,887 [pool-27-thread-1] INFO  server.RaftServerConfigKeys (ConfUtils.java:logGet(43)) - raft.server.log.write.buffer.size = 33554432 (custom)
2019-09-25 07:04:45,887 [pool-27-thread-1] INFO  server.RaftServerConfigKeys (ConfUtils.java:logGet(43)) - raft.server.log.force.sync.num = 128 (default)
2019-09-25 07:04:45,887 [pool-27-thread-1] INFO  server.RaftServerConfigKeys (ConfUtils.java:logGet(43)) - raft.server.log.statemachine.data.sync = true (default)
2019-09-25 07:04:45,887 [pool-27-thread-1] INFO  server.RaftServerConfigKeys (ConfUtils.java:logGet(43)) - raft.server.log.statemachine.data.sync.timeout = 10s (default)
2019-09-25 07:04:45,888 [pool-27-thread-1] INFO  server.RaftServerConfigKeys (ConfUtils.java:logGet(43)) - raft.server.log.statemachine.data.sync.timeout.retry = -1 (default)
2019-09-25 07:04:45,888 [pool-27-thread-1] INFO  server.RaftServerConfigKeys (ConfUtils.java:logGet(43)) - raft.server.log.statemachine.data.caching.enabled = true (custom)
2019-09-25 07:04:45,888 [pool-27-thread-1] INFO  segmented.SegmentedRaftLogWorker (SegmentedRaftLogWorker.java:lambda$new$0(132)) - e568d23f-199e-48ce-91e4-5c166e2e97cd@group-827BD3CD0D78-SegmentedRaftLogWorker: flushIndex: setUnconditionally 0 -> -1
2019-09-25 07:04:45,889 [pool-27-thread-1] INFO  server.RaftServerConfigKeys (ConfUtils.java:logGet(43)) - raft.server.snapshot.auto.trigger.enabled = true (custom)
2019-09-25 07:04:45,889 [pool-27-thread-1] INFO  server.RaftServerConfigKeys (ConfUtils.java:logGet(43)) - raft.server.snapshot.auto.trigger.threshold = 10000 (custom)
2019-09-25 07:04:45,889 [pool-27-thread-1] INFO  server.RaftServerConfigKeys (ConfUtils.java:logGet(43)) - raft.server.snapshot.retention.num.files = 5 (custom)
2019-09-25 07:04:45,890 [pool-27-thread-1] INFO  server.RaftServerConfigKeys (ConfUtils.java:logGet(43)) - raft.server.retrycache.expirytime = 600000ms (custom)
2019-09-25 07:04:45,894 [pool-27-thread-1] INFO  impl.RaftServerImpl (RaftServerImpl.java:start(185)) - e568d23f-199e-48ce-91e4-5c166e2e97cd@group-827BD3CD0D78: start as a follower, conf=-1: [e568d23f-199e-48ce-91e4-5c166e2e97cd:192.168.30.10:42827], old=null
2019-09-25 07:04:45,894 [pool-27-thread-1] INFO  impl.RaftServerImpl (RaftServerImpl.java:setRole(174)) - e568d23f-199e-48ce-91e4-5c166e2e97cd@group-827BD3CD0D78: changes role from      null to FOLLOWER at term 0 for startAsFollower
2019-09-25 07:04:45,894 [pool-27-thread-1] INFO  impl.RoleInfo (RoleInfo.java:updateAndGet(143)) - e568d23f-199e-48ce-91e4-5c166e2e97cd: start FollowerState
2019-09-25 07:04:45,895 [pool-27-thread-1] INFO  util.JmxRegister (JmxRegister.java:tryRegister(44)) - Successfully registered JMX Bean with object name Ratis:service=RaftServer,group=group-827BD3CD0D78,id=e568d23f-199e-48ce-91e4-5c166e2e97cd
2019-09-25 07:04:45,900 [RatisPipelineUtilsThread] INFO  pipeline.PipelineStateManager (PipelineStateManager.java:addPipeline(56)) - Created pipeline Pipeline[ Id: f27bf1ba-3015-4ebd-8b21-827bd3cd0d78, Nodes: e568d23f-199e-48ce-91e4-5c166e2e97cd{ip: 192.168.30.10, host: pr-hdds-1569-s62bp-3040748787, networkLocation: /default-rack, certSerialId: null}, Type:RATIS, Factor:ONE, State:OPEN]
2019-09-25 07:04:45,910 [grpc-default-executor-0] INFO  impl.RaftServerProxy (RaftServerProxy.java:addNew(89)) - 62ec8eb9-3ae9-4136-b70a-2caf3716fa7f: addNew group-7AA7DD47A872:[62ec8eb9-3ae9-4136-b70a-2caf3716fa7f:192.168.30.10:44715] returns group-7AA7DD47A872:java.util.concurrent.CompletableFuture@624f730c[Not completed]
2019-09-25 07:04:45,912 [pool-37-thread-1] INFO  impl.RaftServerImpl (RaftServerImpl.java:<init>(95)) - 62ec8eb9-3ae9-4136-b70a-2caf3716fa7f: new RaftServerImpl for group-7AA7DD47A872:[62ec8eb9-3ae9-4136-b70a-2caf3716fa7f:192.168.30.10:44715] with ContainerStateMachine:uninitialized
2019-09-25 07:04:45,913 [pool-37-thread-1] INFO  server.RaftServerConfigKeys (ConfUtils.java:logGet(43)) - raft.server.rpc.timeout.min = 5s (custom)
2019-09-25 07:04:45,913 [pool-37-thread-1] INFO  server.RaftServerConfigKeys (ConfUtils.java:logGet(43)) - raft.server.rpc.timeout.max = 5200ms (custom)
2019-09-25 07:04:45,913 [pool-37-thread-1] INFO  server.RaftServerConfigKeys (ConfUtils.java:logGet(43)) - raft.server.rpcslowness.timeout = 120s (custom)
2019-09-25 07:04:45,913 [pool-37-thread-1] INFO  server.RaftServerConfigKeys (ConfUtils.java:logGet(43)) - raft.server.sleep.deviation.threshold = 300 (default)
2019-09-25 07:04:45,913 [pool-37-thread-1] INFO  server.RaftServerConfigKeys (ConfUtils.java:logGet(43)) - raft.server.log.appender.install.snapshot.enabled = false (custom)
2019-09-25 07:04:45,913 [pool-37-thread-1] INFO  impl.RaftServerImpl (ServerState.java:<init>(103)) - 62ec8eb9-3ae9-4136-b70a-2caf3716fa7f@group-7AA7DD47A872: ConfigurationManager, init=-1: [62ec8eb9-3ae9-4136-b70a-2caf3716fa7f:192.168.30.10:44715], old=null, confs=<EMPTY_MAP>
2019-09-25 07:04:45,914 [pool-37-thread-1] INFO  server.RaftServerConfigKeys (ConfUtils.java:logGet(43)) - raft.server.storage.dir = [/workdir/hadoop-ozone/integration-test/target/test-dir/MiniOzoneClusterImpl-39af9574-7a8b-4ed7-b830-bf686a3d4bb8/datanode-1/data/ratis] (custom)
2019-09-25 07:04:45,914 [pool-37-thread-1] INFO  storage.RaftStorageDirectory (RaftStorageDirectory.java:analyzeStorage(246)) - The storage directory /workdir/hadoop-ozone/integration-test/target/test-dir/MiniOzoneClusterImpl-39af9574-7a8b-4ed7-b830-bf686a3d4bb8/datanode-1/data/ratis/ed089d87-225c-486f-854c-7aa7dd47a872 does not exist. Creating ...
2019-09-25 07:04:45,928 [pool-37-thread-1] INFO  storage.RaftStorageDirectory (RaftStorageDirectory.java:tryLock(328)) - Lock on /workdir/hadoop-ozone/integration-test/target/test-dir/MiniOzoneClusterImpl-39af9574-7a8b-4ed7-b830-bf686a3d4bb8/datanode-1/data/ratis/ed089d87-225c-486f-854c-7aa7dd47a872/in_use.lock acquired by nodename 19495@pr-hdds-1569-s62bp-3040748787
2019-09-25 07:04:45,942 [pool-37-thread-1] INFO  storage.RaftStorage (RaftStorage.java:format(72)) - Storage directory /workdir/hadoop-ozone/integration-test/target/test-dir/MiniOzoneClusterImpl-39af9574-7a8b-4ed7-b830-bf686a3d4bb8/datanode-1/data/ratis/ed089d87-225c-486f-854c-7aa7dd47a872 has been successfully formatted.
2019-09-25 07:04:45,942 [pool-37-thread-1] INFO  ratis.ContainerStateMachine (ContainerStateMachine.java:loadSnapshot(230)) - group-7AA7DD47A872: The snapshot info is null. Setting the last applied indexto:(t:0, i:~)
2019-09-25 07:04:45,942 [pool-37-thread-1] INFO  server.RaftServerConfigKeys (ConfUtils.java:logGet(43)) - raft.server.notification.no-leader.timeout = 120s (custom)
2019-09-25 07:04:45,942 [pool-37-thread-1] INFO  server.RaftServerConfigKeys (ConfUtils.java:logGet(43)) - raft.server.log.use.memory = false (default)
2019-09-25 07:04:45,943 [pool-37-thread-1] INFO  server.RaftServerConfigKeys (ConfUtils.java:logGet(43)) - raft.server.log.purge.gap = 1000000 (custom)
2019-09-25 07:04:45,943 [pool-37-thread-1] INFO  server.RaftServerConfigKeys (ConfUtils.java:logGet(43)) - raft.server.log.appender.buffer.byte-limit = 33554432 (custom)
2019-09-25 07:04:45,943 [pool-37-thread-1] INFO  server.RaftServerConfigKeys (ConfUtils.java:logGet(43)) - raft.server.log.segment.size.max = 1048576 (custom)
2019-09-25 07:04:45,943 [pool-37-thread-1] INFO  server.RaftServerConfigKeys (ConfUtils.java:logGet(43)) - raft.server.log.segment.cache.num.max = 2 (custom)
2019-09-25 07:04:45,945 [pool-37-thread-1] INFO  segmented.SegmentedRaftLogWorker (SegmentedRaftLogWorker.java:<init>(172)) - new 62ec8eb9-3ae9-4136-b70a-2caf3716fa7f@group-7AA7DD47A872-SegmentedRaftLogWorker for RaftStorage:Storage Directory /workdir/hadoop-ozone/integration-test/target/test-dir/MiniOzoneClusterImpl-39af9574-7a8b-4ed7-b830-bf686a3d4bb8/datanode-1/data/ratis/ed089d87-225c-486f-854c-7aa7dd47a872
2019-09-25 07:04:45,945 [pool-37-thread-1] INFO  server.RaftServerConfigKeys (ConfUtils.java:logGet(43)) - raft.server.log.queue.byte-limit = 2147483647 (custom)
2019-09-25 07:04:45,945 [pool-37-thread-1] INFO  server.RaftServerConfigKeys (ConfUtils.java:logGet(43)) - raft.server.log.queue.element-limit = 1024 (custom)
2019-09-25 07:04:45,945 [pool-37-thread-1] INFO  server.RaftServerConfigKeys (ConfUtils.java:logGet(43)) - raft.server.log.segment.size.max = 1048576 (custom)
2019-09-25 07:04:45,945 [pool-37-thread-1] INFO  server.RaftServerConfigKeys (ConfUtils.java:logGet(43)) - raft.server.log.preallocated.size = 16384 (custom)
2019-09-25 07:04:45,946 [pool-37-thread-1] INFO  server.RaftServerConfigKeys (ConfUtils.java:logGet(43)) - raft.server.log.write.buffer.size = 33554432 (custom)
2019-09-25 07:04:45,946 [pool-37-thread-1] INFO  server.RaftServerConfigKeys (ConfUtils.java:logGet(43)) - raft.server.log.force.sync.num = 128 (default)
2019-09-25 07:04:45,946 [pool-37-thread-1] INFO  server.RaftServerConfigKeys (ConfUtils.java:logGet(43)) - raft.server.log.statemachine.data.sync = true (default)
2019-09-25 07:04:45,946 [pool-37-thread-1] INFO  server.RaftServerConfigKeys (ConfUtils.java:logGet(43)) - raft.server.log.statemachine.data.sync.timeout = 10s (default)
2019-09-25 07:04:45,946 [pool-37-thread-1] INFO  server.RaftServerConfigKeys (ConfUtils.java:logGet(43)) - raft.server.log.statemachine.data.sync.timeout.retry = -1 (default)
2019-09-25 07:04:45,947 [pool-37-thread-1] INFO  server.RaftServerConfigKeys (ConfUtils.java:logGet(43)) - raft.server.log.statemachine.data.caching.enabled = true (custom)
2019-09-25 07:04:45,947 [pool-37-thread-1] INFO  segmented.SegmentedRaftLogWorker (SegmentedRaftLogWorker.java:lambda$new$0(132)) - 62ec8eb9-3ae9-4136-b70a-2caf3716fa7f@group-7AA7DD47A872-SegmentedRaftLogWorker: flushIndex: setUnconditionally 0 -> -1
2019-09-25 07:04:45,947 [pool-37-thread-1] INFO  server.RaftServerConfigKeys (ConfUtils.java:logGet(43)) - raft.server.snapshot.auto.trigger.enabled = true (custom)
2019-09-25 07:04:45,948 [pool-37-thread-1] INFO  server.RaftServerConfigKeys (ConfUtils.java:logGet(43)) - raft.server.snapshot.auto.trigger.threshold = 10000 (custom)
2019-09-25 07:04:45,948 [pool-37-thread-1] INFO  server.RaftServerConfigKeys (ConfUtils.java:logGet(43)) - raft.server.snapshot.retention.num.files = 5 (custom)
2019-09-25 07:04:45,948 [pool-37-thread-1] INFO  server.RaftServerConfigKeys (ConfUtils.java:logGet(43)) - raft.server.retrycache.expirytime = 600000ms (custom)
2019-09-25 07:04:45,951 [pool-37-thread-1] INFO  impl.RaftServerImpl (RaftServerImpl.java:start(185)) - 62ec8eb9-3ae9-4136-b70a-2caf3716fa7f@group-7AA7DD47A872: start as a follower, conf=-1: [62ec8eb9-3ae9-4136-b70a-2caf3716fa7f:192.168.30.10:44715], old=null
2019-09-25 07:04:45,951 [pool-37-thread-1] INFO  impl.RaftServerImpl (RaftServerImpl.java:setRole(174)) - 62ec8eb9-3ae9-4136-b70a-2caf3716fa7f@group-7AA7DD47A872: changes role from      null to FOLLOWER at term 0 for startAsFollower
2019-09-25 07:04:45,951 [pool-37-thread-1] INFO  impl.RoleInfo (RoleInfo.java:updateAndGet(143)) - 62ec8eb9-3ae9-4136-b70a-2caf3716fa7f: start FollowerState
2019-09-25 07:04:45,952 [pool-37-thread-1] INFO  util.JmxRegister (JmxRegister.java:tryRegister(44)) - Successfully registered JMX Bean with object name Ratis:service=RaftServer,group=group-7AA7DD47A872,id=62ec8eb9-3ae9-4136-b70a-2caf3716fa7f
2019-09-25 07:04:45,957 [RatisPipelineUtilsThread] INFO  pipeline.PipelineStateManager (PipelineStateManager.java:addPipeline(56)) - Created pipeline Pipeline[ Id: ed089d87-225c-486f-854c-7aa7dd47a872, Nodes: 62ec8eb9-3ae9-4136-b70a-2caf3716fa7f{ip: 192.168.30.10, host: pr-hdds-1569-s62bp-3040748787, networkLocation: /default-rack, certSerialId: null}, Type:RATIS, Factor:ONE, State:OPEN]
2019-09-25 07:04:45,968 [grpc-default-executor-0] INFO  impl.RaftServerProxy (RaftServerProxy.java:addNew(89)) - e568d23f-199e-48ce-91e4-5c166e2e97cd: addNew group-1B05919318E5:[e568d23f-199e-48ce-91e4-5c166e2e97cd:192.168.30.10:42827] returns group-1B05919318E5:java.util.concurrent.CompletableFuture@198955ab[Not completed]
2019-09-25 07:04:45,970 [pool-27-thread-1] INFO  impl.RaftServerImpl (RaftServerImpl.java:<init>(95)) - e568d23f-199e-48ce-91e4-5c166e2e97cd: new RaftServerImpl for group-1B05919318E5:[e568d23f-199e-48ce-91e4-5c166e2e97cd:192.168.30.10:42827] with ContainerStateMachine:uninitialized
2019-09-25 07:04:45,970 [pool-27-thread-1] INFO  server.RaftServerConfigKeys (ConfUtils.java:logGet(43)) - raft.server.rpc.timeout.min = 5s (custom)
2019-09-25 07:04:45,970 [pool-27-thread-1] INFO  server.RaftServerConfigKeys (ConfUtils.java:logGet(43)) - raft.server.rpc.timeout.max = 5200ms (custom)
2019-09-25 07:04:45,970 [pool-27-thread-1] INFO  server.RaftServerConfigKeys (ConfUtils.java:logGet(43)) - raft.server.rpcslowness.timeout = 120s (custom)
2019-09-25 07:04:45,970 [pool-27-thread-1] INFO  server.RaftServerConfigKeys (ConfUtils.java:logGet(43)) - raft.server.sleep.deviation.threshold = 300 (default)
2019-09-25 07:04:45,970 [pool-27-thread-1] INFO  server.RaftServerConfigKeys (ConfUtils.java:logGet(43)) - raft.server.log.appender.install.snapshot.enabled = false (custom)
2019-09-25 07:04:45,971 [pool-27-thread-1] INFO  impl.RaftServerImpl (ServerState.java:<init>(103)) - e568d23f-199e-48ce-91e4-5c166e2e97cd@group-1B05919318E5: ConfigurationManager, init=-1: [e568d23f-199e-48ce-91e4-5c166e2e97cd:192.168.30.10:42827], old=null, confs=<EMPTY_MAP>
2019-09-25 07:04:45,971 [pool-27-thread-1] INFO  server.RaftServerConfigKeys (ConfUtils.java:logGet(43)) - raft.server.storage.dir = [/workdir/hadoop-ozone/integration-test/target/test-dir/MiniOzoneClusterImpl-39af9574-7a8b-4ed7-b830-bf686a3d4bb8/datanode-0/data/ratis] (custom)
2019-09-25 07:04:45,971 [pool-27-thread-1] INFO  storage.RaftStorageDirectory (RaftStorageDirectory.java:analyzeStorage(246)) - The storage directory /workdir/hadoop-ozone/integration-test/target/test-dir/MiniOzoneClusterImpl-39af9574-7a8b-4ed7-b830-bf686a3d4bb8/datanode-0/data/ratis/98003516-cd8c-44a1-b0f1-1b05919318e5 does not exist. Creating ...
2019-09-25 07:04:45,985 [pool-27-thread-1] INFO  storage.RaftStorageDirectory (RaftStorageDirectory.java:tryLock(328)) - Lock on /workdir/hadoop-ozone/integration-test/target/test-dir/MiniOzoneClusterImpl-39af9574-7a8b-4ed7-b830-bf686a3d4bb8/datanode-0/data/ratis/98003516-cd8c-44a1-b0f1-1b05919318e5/in_use.lock acquired by nodename 19495@pr-hdds-1569-s62bp-3040748787
2019-09-25 07:04:45,998 [pool-27-thread-1] INFO  storage.RaftStorage (RaftStorage.java:format(72)) - Storage directory /workdir/hadoop-ozone/integration-test/target/test-dir/MiniOzoneClusterImpl-39af9574-7a8b-4ed7-b830-bf686a3d4bb8/datanode-0/data/ratis/98003516-cd8c-44a1-b0f1-1b05919318e5 has been successfully formatted.
2019-09-25 07:04:45,998 [pool-27-thread-1] INFO  ratis.ContainerStateMachine (ContainerStateMachine.java:loadSnapshot(230)) - group-1B05919318E5: The snapshot info is null. Setting the last applied indexto:(t:0, i:~)
2019-09-25 07:04:45,999 [pool-27-thread-1] INFO  server.RaftServerConfigKeys (ConfUtils.java:logGet(43)) - raft.server.notification.no-leader.timeout = 120s (custom)
2019-09-25 07:04:45,999 [pool-27-thread-1] INFO  server.RaftServerConfigKeys (ConfUtils.java:logGet(43)) - raft.server.log.use.memory = false (default)
2019-09-25 07:04:45,999 [pool-27-thread-1] INFO  server.RaftServerConfigKeys (ConfUtils.java:logGet(43)) - raft.server.log.purge.gap = 1000000 (custom)
2019-09-25 07:04:45,999 [pool-27-thread-1] INFO  server.RaftServerConfigKeys (ConfUtils.java:logGet(43)) - raft.server.log.appender.buffer.byte-limit = 33554432 (custom)
2019-09-25 07:04:45,999 [pool-27-thread-1] INFO  server.RaftServerConfigKeys (ConfUtils.java:logGet(43)) - raft.server.log.segment.size.max = 1048576 (custom)
2019-09-25 07:04:45,999 [pool-27-thread-1] INFO  server.RaftServerConfigKeys (ConfUtils.java:logGet(43)) - raft.server.log.segment.cache.num.max = 2 (custom)
2019-09-25 07:04:46,000 [pool-27-thread-1] INFO  segmented.SegmentedRaftLogWorker (SegmentedRaftLogWorker.java:<init>(172)) - new e568d23f-199e-48ce-91e4-5c166e2e97cd@group-1B05919318E5-SegmentedRaftLogWorker for RaftStorage:Storage Directory /workdir/hadoop-ozone/integration-test/target/test-dir/MiniOzoneClusterImpl-39af9574-7a8b-4ed7-b830-bf686a3d4bb8/datanode-0/data/ratis/98003516-cd8c-44a1-b0f1-1b05919318e5
2019-09-25 07:04:46,000 [pool-27-thread-1] INFO  server.RaftServerConfigKeys (ConfUtils.java:logGet(43)) - raft.server.log.queue.byte-limit = 2147483647 (custom)
2019-09-25 07:04:46,000 [pool-27-thread-1] INFO  server.RaftServerConfigKeys (ConfUtils.java:logGet(43)) - raft.server.log.queue.element-limit = 1024 (custom)
2019-09-25 07:04:46,000 [pool-27-thread-1] INFO  server.RaftServerConfigKeys (ConfUtils.java:logGet(43)) - raft.server.log.segment.size.max = 1048576 (custom)
2019-09-25 07:04:46,001 [pool-27-thread-1] INFO  server.RaftServerConfigKeys (ConfUtils.java:logGet(43)) - raft.server.log.preallocated.size = 16384 (custom)
2019-09-25 07:04:46,001 [pool-27-thread-1] INFO  server.RaftServerConfigKeys (ConfUtils.java:logGet(43)) - raft.server.log.write.buffer.size = 33554432 (custom)
2019-09-25 07:04:46,001 [pool-27-thread-1] INFO  server.RaftServerConfigKeys (ConfUtils.java:logGet(43)) - raft.server.log.force.sync.num = 128 (default)
2019-09-25 07:04:46,001 [pool-27-thread-1] INFO  server.RaftServerConfigKeys (ConfUtils.java:logGet(43)) - raft.server.log.statemachine.data.sync = true (default)
2019-09-25 07:04:46,001 [pool-27-thread-1] INFO  server.RaftServerConfigKeys (ConfUtils.java:logGet(43)) - raft.server.log.statemachine.data.sync.timeout = 10s (default)
2019-09-25 07:04:46,002 [pool-27-thread-1] INFO  server.RaftServerConfigKeys (ConfUtils.java:logGet(43)) - raft.server.log.statemachine.data.sync.timeout.retry = -1 (default)
2019-09-25 07:04:46,002 [pool-27-thread-1] INFO  server.RaftServerConfigKeys (ConfUtils.java:logGet(43)) - raft.server.log.statemachine.data.caching.enabled = true (custom)
2019-09-25 07:04:46,002 [pool-27-thread-1] INFO  segmented.SegmentedRaftLogWorker (SegmentedRaftLogWorker.java:lambda$new$0(132)) - e568d23f-199e-48ce-91e4-5c166e2e97cd@group-1B05919318E5-SegmentedRaftLogWorker: flushIndex: setUnconditionally 0 -> -1
2019-09-25 07:04:46,003 [pool-27-thread-1] INFO  server.RaftServerConfigKeys (ConfUtils.java:logGet(43)) - raft.server.snapshot.auto.trigger.enabled = true (custom)
2019-09-25 07:04:46,003 [pool-27-thread-1] INFO  server.RaftServerConfigKeys (ConfUtils.java:logGet(43)) - raft.server.snapshot.auto.trigger.threshold = 10000 (custom)
2019-09-25 07:04:46,003 [pool-27-thread-1] INFO  server.RaftServerConfigKeys (ConfUtils.java:logGet(43)) - raft.server.snapshot.retention.num.files = 5 (custom)
2019-09-25 07:04:46,003 [pool-27-thread-1] INFO  server.RaftServerConfigKeys (ConfUtils.java:logGet(43)) - raft.server.retrycache.expirytime = 600000ms (custom)
2019-09-25 07:04:46,008 [pool-27-thread-1] INFO  impl.RaftServerImpl (RaftServerImpl.java:start(185)) - e568d23f-199e-48ce-91e4-5c166e2e97cd@group-1B05919318E5: start as a follower, conf=-1: [e568d23f-199e-48ce-91e4-5c166e2e97cd:192.168.30.10:42827], old=null
2019-09-25 07:04:46,008 [pool-27-thread-1] INFO  impl.RaftServerImpl (RaftServerImpl.java:setRole(174)) - e568d23f-199e-48ce-91e4-5c166e2e97cd@group-1B05919318E5: changes role from      null to FOLLOWER at term 0 for startAsFollower
2019-09-25 07:04:46,008 [pool-27-thread-1] INFO  impl.RoleInfo (RoleInfo.java:updateAndGet(143)) - e568d23f-199e-48ce-91e4-5c166e2e97cd: start FollowerState
2019-09-25 07:04:46,008 [pool-27-thread-1] INFO  util.JmxRegister (JmxRegister.java:tryRegister(44)) - Successfully registered JMX Bean with object name Ratis:service=RaftServer,group=group-1B05919318E5,id=e568d23f-199e-48ce-91e4-5c166e2e97cd
2019-09-25 07:04:46,014 [RatisPipelineUtilsThread] INFO  pipeline.PipelineStateManager (PipelineStateManager.java:addPipeline(56)) - Created pipeline Pipeline[ Id: 98003516-cd8c-44a1-b0f1-1b05919318e5, Nodes: e568d23f-199e-48ce-91e4-5c166e2e97cd{ip: 192.168.30.10, host: pr-hdds-1569-s62bp-3040748787, networkLocation: /default-rack, certSerialId: null}, Type:RATIS, Factor:ONE, State:OPEN]
2019-09-25 07:04:46,035 [grpc-default-executor-0] INFO  impl.RaftServerProxy (RaftServerProxy.java:addNew(89)) - e568d23f-199e-48ce-91e4-5c166e2e97cd: addNew group-675C8C9AAF97:[e568d23f-199e-48ce-91e4-5c166e2e97cd:192.168.30.10:42827] returns group-675C8C9AAF97:java.util.concurrent.CompletableFuture@28c45769[Not completed]
2019-09-25 07:04:46,037 [pool-27-thread-1] INFO  impl.RaftServerImpl (RaftServerImpl.java:<init>(95)) - e568d23f-199e-48ce-91e4-5c166e2e97cd: new RaftServerImpl for group-675C8C9AAF97:[e568d23f-199e-48ce-91e4-5c166e2e97cd:192.168.30.10:42827] with ContainerStateMachine:uninitialized
2019-09-25 07:04:46,038 [pool-27-thread-1] INFO  server.RaftServerConfigKeys (ConfUtils.java:logGet(43)) - raft.server.rpc.timeout.min = 5s (custom)
2019-09-25 07:04:46,038 [pool-27-thread-1] INFO  server.RaftServerConfigKeys (ConfUtils.java:logGet(43)) - raft.server.rpc.timeout.max = 5200ms (custom)
2019-09-25 07:04:46,038 [pool-27-thread-1] INFO  server.RaftServerConfigKeys (ConfUtils.java:logGet(43)) - raft.server.rpcslowness.timeout = 120s (custom)
2019-09-25 07:04:46,038 [pool-27-thread-1] INFO  server.RaftServerConfigKeys (ConfUtils.java:logGet(43)) - raft.server.sleep.deviation.threshold = 300 (default)
2019-09-25 07:04:46,038 [pool-27-thread-1] INFO  server.RaftServerConfigKeys (ConfUtils.java:logGet(43)) - raft.server.log.appender.install.snapshot.enabled = false (custom)
2019-09-25 07:04:46,038 [pool-27-thread-1] INFO  impl.RaftServerImpl (ServerState.java:<init>(103)) - e568d23f-199e-48ce-91e4-5c166e2e97cd@group-675C8C9AAF97: ConfigurationManager, init=-1: [e568d23f-199e-48ce-91e4-5c166e2e97cd:192.168.30.10:42827], old=null, confs=<EMPTY_MAP>
2019-09-25 07:04:46,039 [pool-27-thread-1] INFO  server.RaftServerConfigKeys (ConfUtils.java:logGet(43)) - raft.server.storage.dir = [/workdir/hadoop-ozone/integration-test/target/test-dir/MiniOzoneClusterImpl-39af9574-7a8b-4ed7-b830-bf686a3d4bb8/datanode-0/data/ratis] (custom)
2019-09-25 07:04:46,039 [pool-27-thread-1] INFO  storage.RaftStorageDirectory (RaftStorageDirectory.java:analyzeStorage(246)) - The storage directory /workdir/hadoop-ozone/integration-test/target/test-dir/MiniOzoneClusterImpl-39af9574-7a8b-4ed7-b830-bf686a3d4bb8/datanode-0/data/ratis/bc4aeeaf-e4cf-490a-8bcc-675c8c9aaf97 does not exist. Creating ...
2019-09-25 07:04:46,053 [pool-27-thread-1] INFO  storage.RaftStorageDirectory (RaftStorageDirectory.java:tryLock(328)) - Lock on /workdir/hadoop-ozone/integration-test/target/test-dir/MiniOzoneClusterImpl-39af9574-7a8b-4ed7-b830-bf686a3d4bb8/datanode-0/data/ratis/bc4aeeaf-e4cf-490a-8bcc-675c8c9aaf97/in_use.lock acquired by nodename 19495@pr-hdds-1569-s62bp-3040748787
2019-09-25 07:04:46,066 [pool-27-thread-1] INFO  storage.RaftStorage (RaftStorage.java:format(72)) - Storage directory /workdir/hadoop-ozone/integration-test/target/test-dir/MiniOzoneClusterImpl-39af9574-7a8b-4ed7-b830-bf686a3d4bb8/datanode-0/data/ratis/bc4aeeaf-e4cf-490a-8bcc-675c8c9aaf97 has been successfully formatted.
2019-09-25 07:04:46,067 [pool-27-thread-1] INFO  ratis.ContainerStateMachine (ContainerStateMachine.java:loadSnapshot(230)) - group-675C8C9AAF97: The snapshot info is null. Setting the last applied indexto:(t:0, i:~)
2019-09-25 07:04:46,067 [pool-27-thread-1] INFO  server.RaftServerConfigKeys (ConfUtils.java:logGet(43)) - raft.server.notification.no-leader.timeout = 120s (custom)
2019-09-25 07:04:46,067 [pool-27-thread-1] INFO  server.RaftServerConfigKeys (ConfUtils.java:logGet(43)) - raft.server.log.use.memory = false (default)
2019-09-25 07:04:46,067 [pool-27-thread-1] INFO  server.RaftServerConfigKeys (ConfUtils.java:logGet(43)) - raft.server.log.purge.gap = 1000000 (custom)
2019-09-25 07:04:46,067 [pool-27-thread-1] INFO  server.RaftServerConfigKeys (ConfUtils.java:logGet(43)) - raft.server.log.appender.buffer.byte-limit = 33554432 (custom)
2019-09-25 07:04:46,068 [pool-27-thread-1] INFO  server.RaftServerConfigKeys (ConfUtils.java:logGet(43)) - raft.server.log.segment.size.max = 1048576 (custom)
2019-09-25 07:04:46,068 [pool-27-thread-1] INFO  server.RaftServerConfigKeys (ConfUtils.java:logGet(43)) - raft.server.log.segment.cache.num.max = 2 (custom)
2019-09-25 07:04:46,068 [pool-27-thread-1] INFO  segmented.SegmentedRaftLogWorker (SegmentedRaftLogWorker.java:<init>(172)) - new e568d23f-199e-48ce-91e4-5c166e2e97cd@group-675C8C9AAF97-SegmentedRaftLogWorker for RaftStorage:Storage Directory /workdir/hadoop-ozone/integration-test/target/test-dir/MiniOzoneClusterImpl-39af9574-7a8b-4ed7-b830-bf686a3d4bb8/datanode-0/data/ratis/bc4aeeaf-e4cf-490a-8bcc-675c8c9aaf97
2019-09-25 07:04:46,068 [pool-27-thread-1] INFO  server.RaftServerConfigKeys (ConfUtils.java:logGet(43)) - raft.server.log.queue.byte-limit = 2147483647 (custom)
2019-09-25 07:04:46,068 [pool-27-thread-1] INFO  server.RaftServerConfigKeys (ConfUtils.java:logGet(43)) - raft.server.log.queue.element-limit = 1024 (custom)
2019-09-25 07:04:46,069 [pool-27-thread-1] INFO  server.RaftServerConfigKeys (ConfUtils.java:logGet(43)) - raft.server.log.segment.size.max = 1048576 (custom)
2019-09-25 07:04:46,069 [pool-27-thread-1] INFO  server.RaftServerConfigKeys (ConfUtils.java:logGet(43)) - raft.server.log.preallocated.size = 16384 (custom)
2019-09-25 07:04:46,069 [pool-27-thread-1] INFO  server.RaftServerConfigKeys (ConfUtils.java:logGet(43)) - raft.server.log.write.buffer.size = 33554432 (custom)
2019-09-25 07:04:46,069 [pool-27-thread-1] INFO  server.RaftServerConfigKeys (ConfUtils.java:logGet(43)) - raft.server.log.force.sync.num = 128 (default)
2019-09-25 07:04:46,069 [pool-27-thread-1] INFO  server.RaftServerConfigKeys (ConfUtils.java:logGet(43)) - raft.server.log.statemachine.data.sync = true (default)
2019-09-25 07:04:46,069 [pool-27-thread-1] INFO  server.RaftServerConfigKeys (ConfUtils.java:logGet(43)) - raft.server.log.statemachine.data.sync.timeout = 10s (default)
2019-09-25 07:04:46,070 [pool-27-thread-1] INFO  server.RaftServerConfigKeys (ConfUtils.java:logGet(43)) - raft.server.log.statemachine.data.sync.timeout.retry = -1 (default)
2019-09-25 07:04:46,070 [pool-27-thread-1] INFO  server.RaftServerConfigKeys (ConfUtils.java:logGet(43)) - raft.server.log.statemachine.data.caching.enabled = true (custom)
2019-09-25 07:04:46,070 [pool-27-thread-1] INFO  segmented.SegmentedRaftLogWorker (SegmentedRaftLogWorker.java:lambda$new$0(132)) - e568d23f-199e-48ce-91e4-5c166e2e97cd@group-675C8C9AAF97-SegmentedRaftLogWorker: flushIndex: setUnconditionally 0 -> -1
2019-09-25 07:04:46,071 [pool-27-thread-1] INFO  server.RaftServerConfigKeys (ConfUtils.java:logGet(43)) - raft.server.snapshot.auto.trigger.enabled = true (custom)
2019-09-25 07:04:46,071 [pool-27-thread-1] INFO  server.RaftServerConfigKeys (ConfUtils.java:logGet(43)) - raft.server.snapshot.auto.trigger.threshold = 10000 (custom)
2019-09-25 07:04:46,071 [pool-27-thread-1] INFO  server.RaftServerConfigKeys (ConfUtils.java:logGet(43)) - raft.server.snapshot.retention.num.files = 5 (custom)
2019-09-25 07:04:46,071 [pool-27-thread-1] INFO  server.RaftServerConfigKeys (ConfUtils.java:logGet(43)) - raft.server.retrycache.expirytime = 600000ms (custom)
2019-09-25 07:04:46,075 [pool-27-thread-1] INFO  impl.RaftServerImpl (RaftServerImpl.java:start(185)) - e568d23f-199e-48ce-91e4-5c166e2e97cd@group-675C8C9AAF97: start as a follower, conf=-1: [e568d23f-199e-48ce-91e4-5c166e2e97cd:192.168.30.10:42827], old=null
2019-09-25 07:04:46,075 [pool-27-thread-1] INFO  impl.RaftServerImpl (RaftServerImpl.java:setRole(174)) - e568d23f-199e-48ce-91e4-5c166e2e97cd@group-675C8C9AAF97: changes role from      null to FOLLOWER at term 0 for startAsFollower
2019-09-25 07:04:46,075 [pool-27-thread-1] INFO  impl.RoleInfo (RoleInfo.java:updateAndGet(143)) - e568d23f-199e-48ce-91e4-5c166e2e97cd: start FollowerState
2019-09-25 07:04:46,080 [pool-27-thread-1] INFO  util.JmxRegister (JmxRegister.java:tryRegister(44)) - Successfully registered JMX Bean with object name Ratis:service=RaftServer,group=group-675C8C9AAF97,id=e568d23f-199e-48ce-91e4-5c166e2e97cd
2019-09-25 07:04:46,092 [RatisPipelineUtilsThread] INFO  pipeline.PipelineStateManager (PipelineStateManager.java:addPipeline(56)) - Created pipeline Pipeline[ Id: bc4aeeaf-e4cf-490a-8bcc-675c8c9aaf97, Nodes: e568d23f-199e-48ce-91e4-5c166e2e97cd{ip: 192.168.30.10, host: pr-hdds-1569-s62bp-3040748787, networkLocation: /default-rack, certSerialId: null}, Type:RATIS, Factor:ONE, State:OPEN]
2019-09-25 07:04:46,104 [grpc-default-executor-0] INFO  impl.RaftServerProxy (RaftServerProxy.java:addNew(89)) - e568d23f-199e-48ce-91e4-5c166e2e97cd: addNew group-D3A0B063C1F4:[e568d23f-199e-48ce-91e4-5c166e2e97cd:192.168.30.10:42827] returns group-D3A0B063C1F4:java.util.concurrent.CompletableFuture@6d89e079[Not completed]
2019-09-25 07:04:46,106 [pool-27-thread-1] INFO  impl.RaftServerImpl (RaftServerImpl.java:<init>(95)) - e568d23f-199e-48ce-91e4-5c166e2e97cd: new RaftServerImpl for group-D3A0B063C1F4:[e568d23f-199e-48ce-91e4-5c166e2e97cd:192.168.30.10:42827] with ContainerStateMachine:uninitialized
2019-09-25 07:04:46,107 [pool-27-thread-1] INFO  server.RaftServerConfigKeys (ConfUtils.java:logGet(43)) - raft.server.rpc.timeout.min = 5s (custom)
2019-09-25 07:04:46,107 [pool-27-thread-1] INFO  server.RaftServerConfigKeys (ConfUtils.java:logGet(43)) - raft.server.rpc.timeout.max = 5200ms (custom)
2019-09-25 07:04:46,107 [pool-27-thread-1] INFO  server.RaftServerConfigKeys (ConfUtils.java:logGet(43)) - raft.server.rpcslowness.timeout = 120s (custom)
2019-09-25 07:04:46,107 [pool-27-thread-1] INFO  server.RaftServerConfigKeys (ConfUtils.java:logGet(43)) - raft.server.sleep.deviation.threshold = 300 (default)
2019-09-25 07:04:46,107 [pool-27-thread-1] INFO  server.RaftServerConfigKeys (ConfUtils.java:logGet(43)) - raft.server.log.appender.install.snapshot.enabled = false (custom)
2019-09-25 07:04:46,107 [pool-27-thread-1] INFO  impl.RaftServerImpl (ServerState.java:<init>(103)) - e568d23f-199e-48ce-91e4-5c166e2e97cd@group-D3A0B063C1F4: ConfigurationManager, init=-1: [e568d23f-199e-48ce-91e4-5c166e2e97cd:192.168.30.10:42827], old=null, confs=<EMPTY_MAP>
2019-09-25 07:04:46,108 [pool-27-thread-1] INFO  server.RaftServerConfigKeys (ConfUtils.java:logGet(43)) - raft.server.storage.dir = [/workdir/hadoop-ozone/integration-test/target/test-dir/MiniOzoneClusterImpl-39af9574-7a8b-4ed7-b830-bf686a3d4bb8/datanode-0/data/ratis] (custom)
2019-09-25 07:04:46,108 [pool-27-thread-1] INFO  storage.RaftStorageDirectory (RaftStorageDirectory.java:analyzeStorage(246)) - The storage directory /workdir/hadoop-ozone/integration-test/target/test-dir/MiniOzoneClusterImpl-39af9574-7a8b-4ed7-b830-bf686a3d4bb8/datanode-0/data/ratis/d2eb9176-2251-42b4-a1ff-d3a0b063c1f4 does not exist. Creating ...
2019-09-25 07:04:46,121 [pool-27-thread-1] INFO  storage.RaftStorageDirectory (RaftStorageDirectory.java:tryLock(328)) - Lock on /workdir/hadoop-ozone/integration-test/target/test-dir/MiniOzoneClusterImpl-39af9574-7a8b-4ed7-b830-bf686a3d4bb8/datanode-0/data/ratis/d2eb9176-2251-42b4-a1ff-d3a0b063c1f4/in_use.lock acquired by nodename 19495@pr-hdds-1569-s62bp-3040748787
2019-09-25 07:04:46,162 [pool-27-thread-1] INFO  storage.RaftStorage (RaftStorage.java:format(72)) - Storage directory /workdir/hadoop-ozone/integration-test/target/test-dir/MiniOzoneClusterImpl-39af9574-7a8b-4ed7-b830-bf686a3d4bb8/datanode-0/data/ratis/d2eb9176-2251-42b4-a1ff-d3a0b063c1f4 has been successfully formatted.
2019-09-25 07:04:46,162 [pool-27-thread-1] INFO  ratis.ContainerStateMachine (ContainerStateMachine.java:loadSnapshot(230)) - group-D3A0B063C1F4: The snapshot info is null. Setting the last applied indexto:(t:0, i:~)
2019-09-25 07:04:46,163 [pool-27-thread-1] INFO  server.RaftServerConfigKeys (ConfUtils.java:logGet(43)) - raft.server.notification.no-leader.timeout = 120s (custom)
2019-09-25 07:04:46,163 [pool-27-thread-1] INFO  server.RaftServerConfigKeys (ConfUtils.java:logGet(43)) - raft.server.log.use.memory = false (default)
2019-09-25 07:04:46,163 [pool-27-thread-1] INFO  server.RaftServerConfigKeys (ConfUtils.java:logGet(43)) - raft.server.log.purge.gap = 1000000 (custom)
2019-09-25 07:04:46,163 [pool-27-thread-1] INFO  server.RaftServerConfigKeys (ConfUtils.java:logGet(43)) - raft.server.log.appender.buffer.byte-limit = 33554432 (custom)
2019-09-25 07:04:46,163 [pool-27-thread-1] INFO  server.RaftServerConfigKeys (ConfUtils.java:logGet(43)) - raft.server.log.segment.size.max = 1048576 (custom)
2019-09-25 07:04:46,164 [pool-27-thread-1] INFO  server.RaftServerConfigKeys (ConfUtils.java:logGet(43)) - raft.server.log.segment.cache.num.max = 2 (custom)
2019-09-25 07:04:46,164 [pool-27-thread-1] INFO  segmented.SegmentedRaftLogWorker (SegmentedRaftLogWorker.java:<init>(172)) - new e568d23f-199e-48ce-91e4-5c166e2e97cd@group-D3A0B063C1F4-SegmentedRaftLogWorker for RaftStorage:Storage Directory /workdir/hadoop-ozone/integration-test/target/test-dir/MiniOzoneClusterImpl-39af9574-7a8b-4ed7-b830-bf686a3d4bb8/datanode-0/data/ratis/d2eb9176-2251-42b4-a1ff-d3a0b063c1f4
2019-09-25 07:04:46,164 [pool-27-thread-1] INFO  server.RaftServerConfigKeys (ConfUtils.java:logGet(43)) - raft.server.log.queue.byte-limit = 2147483647 (custom)
2019-09-25 07:04:46,164 [pool-27-thread-1] INFO  server.RaftServerConfigKeys (ConfUtils.java:logGet(43)) - raft.server.log.queue.element-limit = 1024 (custom)
2019-09-25 07:04:46,165 [pool-27-thread-1] INFO  server.RaftServerConfigKeys (ConfUtils.java:logGet(43)) - raft.server.log.segment.size.max = 1048576 (custom)
2019-09-25 07:04:46,165 [pool-27-thread-1] INFO  server.RaftServerConfigKeys (ConfUtils.java:logGet(43)) - raft.server.log.preallocated.size = 16384 (custom)
2019-09-25 07:04:46,165 [pool-27-thread-1] INFO  server.RaftServerConfigKeys (ConfUtils.java:logGet(43)) - raft.server.log.write.buffer.size = 33554432 (custom)
2019-09-25 07:04:46,165 [pool-27-thread-1] INFO  server.RaftServerConfigKeys (ConfUtils.java:logGet(43)) - raft.server.log.force.sync.num = 128 (default)
2019-09-25 07:04:46,165 [pool-27-thread-1] INFO  server.RaftServerConfigKeys (ConfUtils.java:logGet(43)) - raft.server.log.statemachine.data.sync = true (default)
2019-09-25 07:04:46,166 [pool-27-thread-1] INFO  server.RaftServerConfigKeys (ConfUtils.java:logGet(43)) - raft.server.log.statemachine.data.sync.timeout = 10s (default)
2019-09-25 07:04:46,166 [pool-27-thread-1] INFO  server.RaftServerConfigKeys (ConfUtils.java:logGet(43)) - raft.server.log.statemachine.data.sync.timeout.retry = -1 (default)
2019-09-25 07:04:46,166 [pool-27-thread-1] INFO  server.RaftServerConfigKeys (ConfUtils.java:logGet(43)) - raft.server.log.statemachine.data.caching.enabled = true (custom)
2019-09-25 07:04:46,167 [pool-27-thread-1] INFO  segmented.SegmentedRaftLogWorker (SegmentedRaftLogWorker.java:lambda$new$0(132)) - e568d23f-199e-48ce-91e4-5c166e2e97cd@group-D3A0B063C1F4-SegmentedRaftLogWorker: flushIndex: setUnconditionally 0 -> -1
2019-09-25 07:04:46,167 [pool-27-thread-1] INFO  server.RaftServerConfigKeys (ConfUtils.java:logGet(43)) - raft.server.snapshot.auto.trigger.enabled = true (custom)
2019-09-25 07:04:46,167 [pool-27-thread-1] INFO  server.RaftServerConfigKeys (ConfUtils.java:logGet(43)) - raft.server.snapshot.auto.trigger.threshold = 10000 (custom)
2019-09-25 07:04:46,167 [pool-27-thread-1] INFO  server.RaftServerConfigKeys (ConfUtils.java:logGet(43)) - raft.server.snapshot.retention.num.files = 5 (custom)
2019-09-25 07:04:46,168 [pool-27-thread-1] INFO  server.RaftServerConfigKeys (ConfUtils.java:logGet(43)) - raft.server.retrycache.expirytime = 600000ms (custom)
2019-09-25 07:04:46,171 [pool-27-thread-1] INFO  impl.RaftServerImpl (RaftServerImpl.java:start(185)) - e568d23f-199e-48ce-91e4-5c166e2e97cd@group-D3A0B063C1F4: start as a follower, conf=-1: [e568d23f-199e-48ce-91e4-5c166e2e97cd:192.168.30.10:42827], old=null
2019-09-25 07:04:46,172 [pool-27-thread-1] INFO  impl.RaftServerImpl (RaftServerImpl.java:setRole(174)) - e568d23f-199e-48ce-91e4-5c166e2e97cd@group-D3A0B063C1F4: changes role from      null to FOLLOWER at term 0 for startAsFollower
2019-09-25 07:04:46,172 [pool-27-thread-1] INFO  impl.RoleInfo (RoleInfo.java:updateAndGet(143)) - e568d23f-199e-48ce-91e4-5c166e2e97cd: start FollowerState
2019-09-25 07:04:46,172 [pool-27-thread-1] INFO  util.JmxRegister (JmxRegister.java:tryRegister(44)) - Successfully registered JMX Bean with object name Ratis:service=RaftServer,group=group-D3A0B063C1F4,id=e568d23f-199e-48ce-91e4-5c166e2e97cd
2019-09-25 07:04:46,178 [RatisPipelineUtilsThread] INFO  pipeline.PipelineStateManager (PipelineStateManager.java:addPipeline(56)) - Created pipeline Pipeline[ Id: d2eb9176-2251-42b4-a1ff-d3a0b063c1f4, Nodes: e568d23f-199e-48ce-91e4-5c166e2e97cd{ip: 192.168.30.10, host: pr-hdds-1569-s62bp-3040748787, networkLocation: /default-rack, certSerialId: null}, Type:RATIS, Factor:ONE, State:OPEN]
2019-09-25 07:04:46,189 [grpc-default-executor-0] INFO  impl.RaftServerProxy (RaftServerProxy.java:addNew(89)) - e568d23f-199e-48ce-91e4-5c166e2e97cd: addNew group-4871FD6177E4:[e568d23f-199e-48ce-91e4-5c166e2e97cd:192.168.30.10:42827] returns group-4871FD6177E4:java.util.concurrent.CompletableFuture@23901cd[Not completed]
2019-09-25 07:04:46,191 [pool-27-thread-1] INFO  impl.RaftServerImpl (RaftServerImpl.java:<init>(95)) - e568d23f-199e-48ce-91e4-5c166e2e97cd: new RaftServerImpl for group-4871FD6177E4:[e568d23f-199e-48ce-91e4-5c166e2e97cd:192.168.30.10:42827] with ContainerStateMachine:uninitialized
2019-09-25 07:04:46,191 [pool-27-thread-1] INFO  server.RaftServerConfigKeys (ConfUtils.java:logGet(43)) - raft.server.rpc.timeout.min = 5s (custom)
2019-09-25 07:04:46,191 [pool-27-thread-1] INFO  server.RaftServerConfigKeys (ConfUtils.java:logGet(43)) - raft.server.rpc.timeout.max = 5200ms (custom)
2019-09-25 07:04:46,191 [pool-27-thread-1] INFO  server.RaftServerConfigKeys (ConfUtils.java:logGet(43)) - raft.server.rpcslowness.timeout = 120s (custom)
2019-09-25 07:04:46,192 [pool-27-thread-1] INFO  server.RaftServerConfigKeys (ConfUtils.java:logGet(43)) - raft.server.sleep.deviation.threshold = 300 (default)
2019-09-25 07:04:46,192 [pool-27-thread-1] INFO  server.RaftServerConfigKeys (ConfUtils.java:logGet(43)) - raft.server.log.appender.install.snapshot.enabled = false (custom)
2019-09-25 07:04:46,192 [pool-27-thread-1] INFO  impl.RaftServerImpl (ServerState.java:<init>(103)) - e568d23f-199e-48ce-91e4-5c166e2e97cd@group-4871FD6177E4: ConfigurationManager, init=-1: [e568d23f-199e-48ce-91e4-5c166e2e97cd:192.168.30.10:42827], old=null, confs=<EMPTY_MAP>
2019-09-25 07:04:46,192 [pool-27-thread-1] INFO  server.RaftServerConfigKeys (ConfUtils.java:logGet(43)) - raft.server.storage.dir = [/workdir/hadoop-ozone/integration-test/target/test-dir/MiniOzoneClusterImpl-39af9574-7a8b-4ed7-b830-bf686a3d4bb8/datanode-0/data/ratis] (custom)
2019-09-25 07:04:46,193 [pool-27-thread-1] INFO  storage.RaftStorageDirectory (RaftStorageDirectory.java:analyzeStorage(246)) - The storage directory /workdir/hadoop-ozone/integration-test/target/test-dir/MiniOzoneClusterImpl-39af9574-7a8b-4ed7-b830-bf686a3d4bb8/datanode-0/data/ratis/faa27c22-8164-4517-8682-4871fd6177e4 does not exist. Creating ...
2019-09-25 07:04:46,206 [pool-27-thread-1] INFO  storage.RaftStorageDirectory (RaftStorageDirectory.java:tryLock(328)) - Lock on /workdir/hadoop-ozone/integration-test/target/test-dir/MiniOzoneClusterImpl-39af9574-7a8b-4ed7-b830-bf686a3d4bb8/datanode-0/data/ratis/faa27c22-8164-4517-8682-4871fd6177e4/in_use.lock acquired by nodename 19495@pr-hdds-1569-s62bp-3040748787
2019-09-25 07:04:46,220 [pool-27-thread-1] INFO  storage.RaftStorage (RaftStorage.java:format(72)) - Storage directory /workdir/hadoop-ozone/integration-test/target/test-dir/MiniOzoneClusterImpl-39af9574-7a8b-4ed7-b830-bf686a3d4bb8/datanode-0/data/ratis/faa27c22-8164-4517-8682-4871fd6177e4 has been successfully formatted.
2019-09-25 07:04:46,220 [pool-27-thread-1] INFO  ratis.ContainerStateMachine (ContainerStateMachine.java:loadSnapshot(230)) - group-4871FD6177E4: The snapshot info is null. Setting the last applied indexto:(t:0, i:~)
2019-09-25 07:04:46,220 [pool-27-thread-1] INFO  server.RaftServerConfigKeys (ConfUtils.java:logGet(43)) - raft.server.notification.no-leader.timeout = 120s (custom)
2019-09-25 07:04:46,220 [pool-27-thread-1] INFO  server.RaftServerConfigKeys (ConfUtils.java:logGet(43)) - raft.server.log.use.memory = false (default)
2019-09-25 07:04:46,221 [pool-27-thread-1] INFO  server.RaftServerConfigKeys (ConfUtils.java:logGet(43)) - raft.server.log.purge.gap = 1000000 (custom)
2019-09-25 07:04:46,221 [pool-27-thread-1] INFO  server.RaftServerConfigKeys (ConfUtils.java:logGet(43)) - raft.server.log.appender.buffer.byte-limit = 33554432 (custom)
2019-09-25 07:04:46,221 [pool-27-thread-1] INFO  server.RaftServerConfigKeys (ConfUtils.java:logGet(43)) - raft.server.log.segment.size.max = 1048576 (custom)
2019-09-25 07:04:46,221 [pool-27-thread-1] INFO  server.RaftServerConfigKeys (ConfUtils.java:logGet(43)) - raft.server.log.segment.cache.num.max = 2 (custom)
2019-09-25 07:04:46,221 [pool-27-thread-1] INFO  segmented.SegmentedRaftLogWorker (SegmentedRaftLogWorker.java:<init>(172)) - new e568d23f-199e-48ce-91e4-5c166e2e97cd@group-4871FD6177E4-SegmentedRaftLogWorker for RaftStorage:Storage Directory /workdir/hadoop-ozone/integration-test/target/test-dir/MiniOzoneClusterImpl-39af9574-7a8b-4ed7-b830-bf686a3d4bb8/datanode-0/data/ratis/faa27c22-8164-4517-8682-4871fd6177e4
2019-09-25 07:04:46,221 [pool-27-thread-1] INFO  server.RaftServerConfigKeys (ConfUtils.java:logGet(43)) - raft.server.log.queue.byte-limit = 2147483647 (custom)
2019-09-25 07:04:46,222 [pool-27-thread-1] INFO  server.RaftServerConfigKeys (ConfUtils.java:logGet(43)) - raft.server.log.queue.element-limit = 1024 (custom)
2019-09-25 07:04:46,222 [pool-27-thread-1] INFO  server.RaftServerConfigKeys (ConfUtils.java:logGet(43)) - raft.server.log.segment.size.max = 1048576 (custom)
2019-09-25 07:04:46,222 [pool-27-thread-1] INFO  server.RaftServerConfigKeys (ConfUtils.java:logGet(43)) - raft.server.log.preallocated.size = 16384 (custom)
2019-09-25 07:04:46,222 [pool-27-thread-1] INFO  server.RaftServerConfigKeys (ConfUtils.java:logGet(43)) - raft.server.log.write.buffer.size = 33554432 (custom)
2019-09-25 07:04:46,222 [pool-27-thread-1] INFO  server.RaftServerConfigKeys (ConfUtils.java:logGet(43)) - raft.server.log.force.sync.num = 128 (default)
2019-09-25 07:04:46,223 [pool-27-thread-1] INFO  server.RaftServerConfigKeys (ConfUtils.java:logGet(43)) - raft.server.log.statemachine.data.sync = true (default)
2019-09-25 07:04:46,223 [pool-27-thread-1] INFO  server.RaftServerConfigKeys (ConfUtils.java:logGet(43)) - raft.server.log.statemachine.data.sync.timeout = 10s (default)
2019-09-25 07:04:46,223 [pool-27-thread-1] INFO  server.RaftServerConfigKeys (ConfUtils.java:logGet(43)) - raft.server.log.statemachine.data.sync.timeout.retry = -1 (default)
2019-09-25 07:04:46,223 [pool-27-thread-1] INFO  server.RaftServerConfigKeys (ConfUtils.java:logGet(43)) - raft.server.log.statemachine.data.caching.enabled = true (custom)
2019-09-25 07:04:46,224 [pool-27-thread-1] INFO  segmented.SegmentedRaftLogWorker (SegmentedRaftLogWorker.java:lambda$new$0(132)) - e568d23f-199e-48ce-91e4-5c166e2e97cd@group-4871FD6177E4-SegmentedRaftLogWorker: flushIndex: setUnconditionally 0 -> -1
2019-09-25 07:04:46,224 [pool-27-thread-1] INFO  server.RaftServerConfigKeys (ConfUtils.java:logGet(43)) - raft.server.snapshot.auto.trigger.enabled = true (custom)
2019-09-25 07:04:46,224 [pool-27-thread-1] INFO  server.RaftServerConfigKeys (ConfUtils.java:logGet(43)) - raft.server.snapshot.auto.trigger.threshold = 10000 (custom)
2019-09-25 07:04:46,224 [pool-27-thread-1] INFO  server.RaftServerConfigKeys (ConfUtils.java:logGet(43)) - raft.server.snapshot.retention.num.files = 5 (custom)
2019-09-25 07:04:46,225 [pool-27-thread-1] INFO  server.RaftServerConfigKeys (ConfUtils.java:logGet(43)) - raft.server.retrycache.expirytime = 600000ms (custom)
2019-09-25 07:04:46,228 [pool-27-thread-1] INFO  impl.RaftServerImpl (RaftServerImpl.java:start(185)) - e568d23f-199e-48ce-91e4-5c166e2e97cd@group-4871FD6177E4: start as a follower, conf=-1: [e568d23f-199e-48ce-91e4-5c166e2e97cd:192.168.30.10:42827], old=null
2019-09-25 07:04:46,228 [pool-27-thread-1] INFO  impl.RaftServerImpl (RaftServerImpl.java:setRole(174)) - e568d23f-199e-48ce-91e4-5c166e2e97cd@group-4871FD6177E4: changes role from      null to FOLLOWER at term 0 for startAsFollower
2019-09-25 07:04:46,228 [pool-27-thread-1] INFO  impl.RoleInfo (RoleInfo.java:updateAndGet(143)) - e568d23f-199e-48ce-91e4-5c166e2e97cd: start FollowerState
2019-09-25 07:04:46,229 [pool-27-thread-1] INFO  util.JmxRegister (JmxRegister.java:tryRegister(44)) - Successfully registered JMX Bean with object name Ratis:service=RaftServer,group=group-4871FD6177E4,id=e568d23f-199e-48ce-91e4-5c166e2e97cd
2019-09-25 07:04:46,234 [RatisPipelineUtilsThread] INFO  pipeline.PipelineStateManager (PipelineStateManager.java:addPipeline(56)) - Created pipeline Pipeline[ Id: faa27c22-8164-4517-8682-4871fd6177e4, Nodes: e568d23f-199e-48ce-91e4-5c166e2e97cd{ip: 192.168.30.10, host: pr-hdds-1569-s62bp-3040748787, networkLocation: /default-rack, certSerialId: null}, Type:RATIS, Factor:ONE, State:OPEN]
2019-09-25 07:04:46,244 [grpc-default-executor-0] INFO  impl.RaftServerProxy (RaftServerProxy.java:addNew(89)) - 62ec8eb9-3ae9-4136-b70a-2caf3716fa7f: addNew group-42845FFBE9AA:[62ec8eb9-3ae9-4136-b70a-2caf3716fa7f:192.168.30.10:44715] returns group-42845FFBE9AA:java.util.concurrent.CompletableFuture@68577aca[Not completed]
2019-09-25 07:04:46,246 [pool-37-thread-1] INFO  impl.RaftServerImpl (RaftServerImpl.java:<init>(95)) - 62ec8eb9-3ae9-4136-b70a-2caf3716fa7f: new RaftServerImpl for group-42845FFBE9AA:[62ec8eb9-3ae9-4136-b70a-2caf3716fa7f:192.168.30.10:44715] with ContainerStateMachine:uninitialized
2019-09-25 07:04:46,246 [pool-37-thread-1] INFO  server.RaftServerConfigKeys (ConfUtils.java:logGet(43)) - raft.server.rpc.timeout.min = 5s (custom)
2019-09-25 07:04:46,246 [pool-37-thread-1] INFO  server.RaftServerConfigKeys (ConfUtils.java:logGet(43)) - raft.server.rpc.timeout.max = 5200ms (custom)
2019-09-25 07:04:46,246 [pool-37-thread-1] INFO  server.RaftServerConfigKeys (ConfUtils.java:logGet(43)) - raft.server.rpcslowness.timeout = 120s (custom)
2019-09-25 07:04:46,247 [pool-37-thread-1] INFO  server.RaftServerConfigKeys (ConfUtils.java:logGet(43)) - raft.server.sleep.deviation.threshold = 300 (default)
2019-09-25 07:04:46,247 [pool-37-thread-1] INFO  server.RaftServerConfigKeys (ConfUtils.java:logGet(43)) - raft.server.log.appender.install.snapshot.enabled = false (custom)
2019-09-25 07:04:46,247 [pool-37-thread-1] INFO  impl.RaftServerImpl (ServerState.java:<init>(103)) - 62ec8eb9-3ae9-4136-b70a-2caf3716fa7f@group-42845FFBE9AA: ConfigurationManager, init=-1: [62ec8eb9-3ae9-4136-b70a-2caf3716fa7f:192.168.30.10:44715], old=null, confs=<EMPTY_MAP>
2019-09-25 07:04:46,247 [pool-37-thread-1] INFO  server.RaftServerConfigKeys (ConfUtils.java:logGet(43)) - raft.server.storage.dir = [/workdir/hadoop-ozone/integration-test/target/test-dir/MiniOzoneClusterImpl-39af9574-7a8b-4ed7-b830-bf686a3d4bb8/datanode-1/data/ratis] (custom)
2019-09-25 07:04:46,248 [pool-37-thread-1] INFO  storage.RaftStorageDirectory (RaftStorageDirectory.java:analyzeStorage(246)) - The storage directory /workdir/hadoop-ozone/integration-test/target/test-dir/MiniOzoneClusterImpl-39af9574-7a8b-4ed7-b830-bf686a3d4bb8/datanode-1/data/ratis/6a39ef49-d387-4802-a4c2-42845ffbe9aa does not exist. Creating ...
2019-09-25 07:04:46,261 [pool-37-thread-1] INFO  storage.RaftStorageDirectory (RaftStorageDirectory.java:tryLock(328)) - Lock on /workdir/hadoop-ozone/integration-test/target/test-dir/MiniOzoneClusterImpl-39af9574-7a8b-4ed7-b830-bf686a3d4bb8/datanode-1/data/ratis/6a39ef49-d387-4802-a4c2-42845ffbe9aa/in_use.lock acquired by nodename 19495@pr-hdds-1569-s62bp-3040748787
2019-09-25 07:04:46,276 [pool-37-thread-1] INFO  storage.RaftStorage (RaftStorage.java:format(72)) - Storage directory /workdir/hadoop-ozone/integration-test/target/test-dir/MiniOzoneClusterImpl-39af9574-7a8b-4ed7-b830-bf686a3d4bb8/datanode-1/data/ratis/6a39ef49-d387-4802-a4c2-42845ffbe9aa has been successfully formatted.
2019-09-25 07:04:46,279 [pool-37-thread-1] INFO  ratis.ContainerStateMachine (ContainerStateMachine.java:loadSnapshot(230)) - group-42845FFBE9AA: The snapshot info is null. Setting the last applied indexto:(t:0, i:~)
2019-09-25 07:04:46,279 [pool-37-thread-1] INFO  server.RaftServerConfigKeys (ConfUtils.java:logGet(43)) - raft.server.notification.no-leader.timeout = 120s (custom)
2019-09-25 07:04:46,279 [pool-37-thread-1] INFO  server.RaftServerConfigKeys (ConfUtils.java:logGet(43)) - raft.server.log.use.memory = false (default)
2019-09-25 07:04:46,279 [pool-37-thread-1] INFO  server.RaftServerConfigKeys (ConfUtils.java:logGet(43)) - raft.server.log.purge.gap = 1000000 (custom)
2019-09-25 07:04:46,280 [pool-37-thread-1] INFO  server.RaftServerConfigKeys (ConfUtils.java:logGet(43)) - raft.server.log.appender.buffer.byte-limit = 33554432 (custom)
2019-09-25 07:04:46,280 [pool-37-thread-1] INFO  server.RaftServerConfigKeys (ConfUtils.java:logGet(43)) - raft.server.log.segment.size.max = 1048576 (custom)
2019-09-25 07:04:46,280 [pool-37-thread-1] INFO  server.RaftServerConfigKeys (ConfUtils.java:logGet(43)) - raft.server.log.segment.cache.num.max = 2 (custom)
2019-09-25 07:04:46,280 [pool-37-thread-1] INFO  segmented.SegmentedRaftLogWorker (SegmentedRaftLogWorker.java:<init>(172)) - new 62ec8eb9-3ae9-4136-b70a-2caf3716fa7f@group-42845FFBE9AA-SegmentedRaftLogWorker for RaftStorage:Storage Directory /workdir/hadoop-ozone/integration-test/target/test-dir/MiniOzoneClusterImpl-39af9574-7a8b-4ed7-b830-bf686a3d4bb8/datanode-1/data/ratis/6a39ef49-d387-4802-a4c2-42845ffbe9aa
2019-09-25 07:04:46,280 [pool-37-thread-1] INFO  server.RaftServerConfigKeys (ConfUtils.java:logGet(43)) - raft.server.log.queue.byte-limit = 2147483647 (custom)
2019-09-25 07:04:46,280 [pool-37-thread-1] INFO  server.RaftServerConfigKeys (ConfUtils.java:logGet(43)) - raft.server.log.queue.element-limit = 1024 (custom)
2019-09-25 07:04:46,281 [pool-37-thread-1] INFO  server.RaftServerConfigKeys (ConfUtils.java:logGet(43)) - raft.server.log.segment.size.max = 1048576 (custom)
2019-09-25 07:04:46,281 [pool-37-thread-1] INFO  server.RaftServerConfigKeys (ConfUtils.java:logGet(43)) - raft.server.log.preallocated.size = 16384 (custom)
2019-09-25 07:04:46,281 [pool-37-thread-1] INFO  server.RaftServerConfigKeys (ConfUtils.java:logGet(43)) - raft.server.log.write.buffer.size = 33554432 (custom)
2019-09-25 07:04:46,281 [pool-37-thread-1] INFO  server.RaftServerConfigKeys (ConfUtils.java:logGet(43)) - raft.server.log.force.sync.num = 128 (default)
2019-09-25 07:04:46,281 [pool-37-thread-1] INFO  server.RaftServerConfigKeys (ConfUtils.java:logGet(43)) - raft.server.log.statemachine.data.sync = true (default)
2019-09-25 07:04:46,282 [pool-37-thread-1] INFO  server.RaftServerConfigKeys (ConfUtils.java:logGet(43)) - raft.server.log.statemachine.data.sync.timeout = 10s (default)
2019-09-25 07:04:46,282 [pool-37-thread-1] INFO  server.RaftServerConfigKeys (ConfUtils.java:logGet(43)) - raft.server.log.statemachine.data.sync.timeout.retry = -1 (default)
2019-09-25 07:04:46,282 [pool-37-thread-1] INFO  server.RaftServerConfigKeys (ConfUtils.java:logGet(43)) - raft.server.log.statemachine.data.caching.enabled = true (custom)
2019-09-25 07:04:46,282 [pool-37-thread-1] INFO  segmented.SegmentedRaftLogWorker (SegmentedRaftLogWorker.java:lambda$new$0(132)) - 62ec8eb9-3ae9-4136-b70a-2caf3716fa7f@group-42845FFBE9AA-SegmentedRaftLogWorker: flushIndex: setUnconditionally 0 -> -1
2019-09-25 07:04:46,283 [pool-37-thread-1] INFO  server.RaftServerConfigKeys (ConfUtils.java:logGet(43)) - raft.server.snapshot.auto.trigger.enabled = true (custom)
2019-09-25 07:04:46,283 [pool-37-thread-1] INFO  server.RaftServerConfigKeys (ConfUtils.java:logGet(43)) - raft.server.snapshot.auto.trigger.threshold = 10000 (custom)
2019-09-25 07:04:46,283 [pool-37-thread-1] INFO  server.RaftServerConfigKeys (ConfUtils.java:logGet(43)) - raft.server.snapshot.retention.num.files = 5 (custom)
2019-09-25 07:04:46,283 [pool-37-thread-1] INFO  server.RaftServerConfigKeys (ConfUtils.java:logGet(43)) - raft.server.retrycache.expirytime = 600000ms (custom)
2019-09-25 07:04:46,286 [pool-37-thread-1] INFO  impl.RaftServerImpl (RaftServerImpl.java:start(185)) - 62ec8eb9-3ae9-4136-b70a-2caf3716fa7f@group-42845FFBE9AA: start as a follower, conf=-1: [62ec8eb9-3ae9-4136-b70a-2caf3716fa7f:192.168.30.10:44715], old=null
2019-09-25 07:04:46,286 [pool-37-thread-1] INFO  impl.RaftServerImpl (RaftServerImpl.java:setRole(174)) - 62ec8eb9-3ae9-4136-b70a-2caf3716fa7f@group-42845FFBE9AA: changes role from      null to FOLLOWER at term 0 for startAsFollower
2019-09-25 07:04:46,287 [pool-37-thread-1] INFO  impl.RoleInfo (RoleInfo.java:updateAndGet(143)) - 62ec8eb9-3ae9-4136-b70a-2caf3716fa7f: start FollowerState
2019-09-25 07:04:46,287 [pool-37-thread-1] INFO  util.JmxRegister (JmxRegister.java:tryRegister(44)) - Successfully registered JMX Bean with object name Ratis:service=RaftServer,group=group-42845FFBE9AA,id=62ec8eb9-3ae9-4136-b70a-2caf3716fa7f
2019-09-25 07:04:46,292 [RatisPipelineUtilsThread] INFO  pipeline.PipelineStateManager (PipelineStateManager.java:addPipeline(56)) - Created pipeline Pipeline[ Id: 6a39ef49-d387-4802-a4c2-42845ffbe9aa, Nodes: 62ec8eb9-3ae9-4136-b70a-2caf3716fa7f{ip: 192.168.30.10, host: pr-hdds-1569-s62bp-3040748787, networkLocation: /default-rack, certSerialId: null}, Type:RATIS, Factor:ONE, State:OPEN]
2019-09-25 07:04:46,301 [grpc-default-executor-0] INFO  impl.RaftServerProxy (RaftServerProxy.java:addNew(89)) - e568d23f-199e-48ce-91e4-5c166e2e97cd: addNew group-87F86A630EE0:[e568d23f-199e-48ce-91e4-5c166e2e97cd:192.168.30.10:42827] returns group-87F86A630EE0:java.util.concurrent.CompletableFuture@49889048[Not completed]
2019-09-25 07:04:46,303 [pool-27-thread-1] INFO  impl.RaftServerImpl (RaftServerImpl.java:<init>(95)) - e568d23f-199e-48ce-91e4-5c166e2e97cd: new RaftServerImpl for group-87F86A630EE0:[e568d23f-199e-48ce-91e4-5c166e2e97cd:192.168.30.10:42827] with ContainerStateMachine:uninitialized
2019-09-25 07:04:46,303 [pool-27-thread-1] INFO  server.RaftServerConfigKeys (ConfUtils.java:logGet(43)) - raft.server.rpc.timeout.min = 5s (custom)
2019-09-25 07:04:46,303 [pool-27-thread-1] INFO  server.RaftServerConfigKeys (ConfUtils.java:logGet(43)) - raft.server.rpc.timeout.max = 5200ms (custom)
2019-09-25 07:04:46,304 [pool-27-thread-1] INFO  server.RaftServerConfigKeys (ConfUtils.java:logGet(43)) - raft.server.rpcslowness.timeout = 120s (custom)
2019-09-25 07:04:46,304 [pool-27-thread-1] INFO  server.RaftServerConfigKeys (ConfUtils.java:logGet(43)) - raft.server.sleep.deviation.threshold = 300 (default)
2019-09-25 07:04:46,304 [pool-27-thread-1] INFO  server.RaftServerConfigKeys (ConfUtils.java:logGet(43)) - raft.server.log.appender.install.snapshot.enabled = false (custom)
2019-09-25 07:04:46,304 [pool-27-thread-1] INFO  impl.RaftServerImpl (ServerState.java:<init>(103)) - e568d23f-199e-48ce-91e4-5c166e2e97cd@group-87F86A630EE0: ConfigurationManager, init=-1: [e568d23f-199e-48ce-91e4-5c166e2e97cd:192.168.30.10:42827], old=null, confs=<EMPTY_MAP>
2019-09-25 07:04:46,304 [pool-27-thread-1] INFO  server.RaftServerConfigKeys (ConfUtils.java:logGet(43)) - raft.server.storage.dir = [/workdir/hadoop-ozone/integration-test/target/test-dir/MiniOzoneClusterImpl-39af9574-7a8b-4ed7-b830-bf686a3d4bb8/datanode-0/data/ratis] (custom)
2019-09-25 07:04:46,305 [pool-27-thread-1] INFO  storage.RaftStorageDirectory (RaftStorageDirectory.java:analyzeStorage(246)) - The storage directory /workdir/hadoop-ozone/integration-test/target/test-dir/MiniOzoneClusterImpl-39af9574-7a8b-4ed7-b830-bf686a3d4bb8/datanode-0/data/ratis/f2a57e0a-cc1b-40e1-a405-87f86a630ee0 does not exist. Creating ...
2019-09-25 07:04:46,317 [pool-27-thread-1] INFO  storage.RaftStorageDirectory (RaftStorageDirectory.java:tryLock(328)) - Lock on /workdir/hadoop-ozone/integration-test/target/test-dir/MiniOzoneClusterImpl-39af9574-7a8b-4ed7-b830-bf686a3d4bb8/datanode-0/data/ratis/f2a57e0a-cc1b-40e1-a405-87f86a630ee0/in_use.lock acquired by nodename 19495@pr-hdds-1569-s62bp-3040748787
2019-09-25 07:04:46,331 [pool-27-thread-1] INFO  storage.RaftStorage (RaftStorage.java:format(72)) - Storage directory /workdir/hadoop-ozone/integration-test/target/test-dir/MiniOzoneClusterImpl-39af9574-7a8b-4ed7-b830-bf686a3d4bb8/datanode-0/data/ratis/f2a57e0a-cc1b-40e1-a405-87f86a630ee0 has been successfully formatted.
2019-09-25 07:04:46,331 [pool-27-thread-1] INFO  ratis.ContainerStateMachine (ContainerStateMachine.java:loadSnapshot(230)) - group-87F86A630EE0: The snapshot info is null. Setting the last applied indexto:(t:0, i:~)
2019-09-25 07:04:46,332 [pool-27-thread-1] INFO  server.RaftServerConfigKeys (ConfUtils.java:logGet(43)) - raft.server.notification.no-leader.timeout = 120s (custom)
2019-09-25 07:04:46,332 [pool-27-thread-1] INFO  server.RaftServerConfigKeys (ConfUtils.java:logGet(43)) - raft.server.log.use.memory = false (default)
2019-09-25 07:04:46,332 [pool-27-thread-1] INFO  server.RaftServerConfigKeys (ConfUtils.java:logGet(43)) - raft.server.log.purge.gap = 1000000 (custom)
2019-09-25 07:04:46,332 [pool-27-thread-1] INFO  server.RaftServerConfigKeys (ConfUtils.java:logGet(43)) - raft.server.log.appender.buffer.byte-limit = 33554432 (custom)
2019-09-25 07:04:46,332 [pool-27-thread-1] INFO  server.RaftServerConfigKeys (ConfUtils.java:logGet(43)) - raft.server.log.segment.size.max = 1048576 (custom)
2019-09-25 07:04:46,332 [pool-27-thread-1] INFO  server.RaftServerConfigKeys (ConfUtils.java:logGet(43)) - raft.server.log.segment.cache.num.max = 2 (custom)
2019-09-25 07:04:46,333 [pool-27-thread-1] INFO  segmented.SegmentedRaftLogWorker (SegmentedRaftLogWorker.java:<init>(172)) - new e568d23f-199e-48ce-91e4-5c166e2e97cd@group-87F86A630EE0-SegmentedRaftLogWorker for RaftStorage:Storage Directory /workdir/hadoop-ozone/integration-test/target/test-dir/MiniOzoneClusterImpl-39af9574-7a8b-4ed7-b830-bf686a3d4bb8/datanode-0/data/ratis/f2a57e0a-cc1b-40e1-a405-87f86a630ee0
2019-09-25 07:04:46,333 [pool-27-thread-1] INFO  server.RaftServerConfigKeys (ConfUtils.java:logGet(43)) - raft.server.log.queue.byte-limit = 2147483647 (custom)
2019-09-25 07:04:46,333 [pool-27-thread-1] INFO  server.RaftServerConfigKeys (ConfUtils.java:logGet(43)) - raft.server.log.queue.element-limit = 1024 (custom)
2019-09-25 07:04:46,333 [pool-27-thread-1] INFO  server.RaftServerConfigKeys (ConfUtils.java:logGet(43)) - raft.server.log.segment.size.max = 1048576 (custom)
2019-09-25 07:04:46,333 [pool-27-thread-1] INFO  server.RaftServerConfigKeys (ConfUtils.java:logGet(43)) - raft.server.log.preallocated.size = 16384 (custom)
2019-09-25 07:04:46,333 [pool-27-thread-1] INFO  server.RaftServerConfigKeys (ConfUtils.java:logGet(43)) - raft.server.log.write.buffer.size = 33554432 (custom)
2019-09-25 07:04:46,334 [pool-27-thread-1] INFO  server.RaftServerConfigKeys (ConfUtils.java:logGet(43)) - raft.server.log.force.sync.num = 128 (default)
2019-09-25 07:04:46,334 [pool-27-thread-1] INFO  server.RaftServerConfigKeys (ConfUtils.java:logGet(43)) - raft.server.log.statemachine.data.sync = true (default)
2019-09-25 07:04:46,334 [pool-27-thread-1] INFO  server.RaftServerConfigKeys (ConfUtils.java:logGet(43)) - raft.server.log.statemachine.data.sync.timeout = 10s (default)
2019-09-25 07:04:46,334 [pool-27-thread-1] INFO  server.RaftServerConfigKeys (ConfUtils.java:logGet(43)) - raft.server.log.statemachine.data.sync.timeout.retry = -1 (default)
2019-09-25 07:04:46,334 [pool-27-thread-1] INFO  server.RaftServerConfigKeys (ConfUtils.java:logGet(43)) - raft.server.log.statemachine.data.caching.enabled = true (custom)
2019-09-25 07:04:46,335 [pool-27-thread-1] INFO  segmented.SegmentedRaftLogWorker (SegmentedRaftLogWorker.java:lambda$new$0(132)) - e568d23f-199e-48ce-91e4-5c166e2e97cd@group-87F86A630EE0-SegmentedRaftLogWorker: flushIndex: setUnconditionally 0 -> -1
2019-09-25 07:04:46,335 [pool-27-thread-1] INFO  server.RaftServerConfigKeys (ConfUtils.java:logGet(43)) - raft.server.snapshot.auto.trigger.enabled = true (custom)
2019-09-25 07:04:46,335 [pool-27-thread-1] INFO  server.RaftServerConfigKeys (ConfUtils.java:logGet(43)) - raft.server.snapshot.auto.trigger.threshold = 10000 (custom)
2019-09-25 07:04:46,336 [pool-27-thread-1] INFO  server.RaftServerConfigKeys (ConfUtils.java:logGet(43)) - raft.server.snapshot.retention.num.files = 5 (custom)
2019-09-25 07:04:46,336 [pool-27-thread-1] INFO  server.RaftServerConfigKeys (ConfUtils.java:logGet(43)) - raft.server.retrycache.expirytime = 600000ms (custom)
2019-09-25 07:04:46,339 [pool-27-thread-1] INFO  impl.RaftServerImpl (RaftServerImpl.java:start(185)) - e568d23f-199e-48ce-91e4-5c166e2e97cd@group-87F86A630EE0: start as a follower, conf=-1: [e568d23f-199e-48ce-91e4-5c166e2e97cd:192.168.30.10:42827], old=null
2019-09-25 07:04:46,339 [pool-27-thread-1] INFO  impl.RaftServerImpl (RaftServerImpl.java:setRole(174)) - e568d23f-199e-48ce-91e4-5c166e2e97cd@group-87F86A630EE0: changes role from      null to FOLLOWER at term 0 for startAsFollower
2019-09-25 07:04:46,339 [pool-27-thread-1] INFO  impl.RoleInfo (RoleInfo.java:updateAndGet(143)) - e568d23f-199e-48ce-91e4-5c166e2e97cd: start FollowerState
2019-09-25 07:04:46,340 [pool-27-thread-1] INFO  util.JmxRegister (JmxRegister.java:tryRegister(44)) - Successfully registered JMX Bean with object name Ratis:service=RaftServer,group=group-87F86A630EE0,id=e568d23f-199e-48ce-91e4-5c166e2e97cd
2019-09-25 07:04:46,344 [RatisPipelineUtilsThread] INFO  pipeline.PipelineStateManager (PipelineStateManager.java:addPipeline(56)) - Created pipeline Pipeline[ Id: f2a57e0a-cc1b-40e1-a405-87f86a630ee0, Nodes: e568d23f-199e-48ce-91e4-5c166e2e97cd{ip: 192.168.30.10, host: pr-hdds-1569-s62bp-3040748787, networkLocation: /default-rack, certSerialId: null}, Type:RATIS, Factor:ONE, State:OPEN]
2019-09-25 07:04:46,354 [grpc-default-executor-0] INFO  impl.RaftServerProxy (RaftServerProxy.java:addNew(89)) - 62ec8eb9-3ae9-4136-b70a-2caf3716fa7f: addNew group-87BF82851029:[62ec8eb9-3ae9-4136-b70a-2caf3716fa7f:192.168.30.10:44715] returns group-87BF82851029:java.util.concurrent.CompletableFuture@2e1fad05[Not completed]
2019-09-25 07:04:46,355 [pool-37-thread-1] INFO  impl.RaftServerImpl (RaftServerImpl.java:<init>(95)) - 62ec8eb9-3ae9-4136-b70a-2caf3716fa7f: new RaftServerImpl for group-87BF82851029:[62ec8eb9-3ae9-4136-b70a-2caf3716fa7f:192.168.30.10:44715] with ContainerStateMachine:uninitialized
2019-09-25 07:04:46,355 [pool-37-thread-1] INFO  server.RaftServerConfigKeys (ConfUtils.java:logGet(43)) - raft.server.rpc.timeout.min = 5s (custom)
2019-09-25 07:04:46,356 [pool-37-thread-1] INFO  server.RaftServerConfigKeys (ConfUtils.java:logGet(43)) - raft.server.rpc.timeout.max = 5200ms (custom)
2019-09-25 07:04:46,356 [pool-37-thread-1] INFO  server.RaftServerConfigKeys (ConfUtils.java:logGet(43)) - raft.server.rpcslowness.timeout = 120s (custom)
2019-09-25 07:04:46,356 [pool-37-thread-1] INFO  server.RaftServerConfigKeys (ConfUtils.java:logGet(43)) - raft.server.sleep.deviation.threshold = 300 (default)
2019-09-25 07:04:46,356 [pool-37-thread-1] INFO  server.RaftServerConfigKeys (ConfUtils.java:logGet(43)) - raft.server.log.appender.install.snapshot.enabled = false (custom)
2019-09-25 07:04:46,356 [pool-37-thread-1] INFO  impl.RaftServerImpl (ServerState.java:<init>(103)) - 62ec8eb9-3ae9-4136-b70a-2caf3716fa7f@group-87BF82851029: ConfigurationManager, init=-1: [62ec8eb9-3ae9-4136-b70a-2caf3716fa7f:192.168.30.10:44715], old=null, confs=<EMPTY_MAP>
2019-09-25 07:04:46,356 [pool-37-thread-1] INFO  server.RaftServerConfigKeys (ConfUtils.java:logGet(43)) - raft.server.storage.dir = [/workdir/hadoop-ozone/integration-test/target/test-dir/MiniOzoneClusterImpl-39af9574-7a8b-4ed7-b830-bf686a3d4bb8/datanode-1/data/ratis] (custom)
2019-09-25 07:04:46,357 [pool-37-thread-1] INFO  storage.RaftStorageDirectory (RaftStorageDirectory.java:analyzeStorage(246)) - The storage directory /workdir/hadoop-ozone/integration-test/target/test-dir/MiniOzoneClusterImpl-39af9574-7a8b-4ed7-b830-bf686a3d4bb8/datanode-1/data/ratis/262e8e80-b174-40ed-a362-87bf82851029 does not exist. Creating ...
2019-09-25 07:04:46,369 [pool-37-thread-1] INFO  storage.RaftStorageDirectory (RaftStorageDirectory.java:tryLock(328)) - Lock on /workdir/hadoop-ozone/integration-test/target/test-dir/MiniOzoneClusterImpl-39af9574-7a8b-4ed7-b830-bf686a3d4bb8/datanode-1/data/ratis/262e8e80-b174-40ed-a362-87bf82851029/in_use.lock acquired by nodename 19495@pr-hdds-1569-s62bp-3040748787
2019-09-25 07:04:46,399 [pool-37-thread-1] INFO  storage.RaftStorage (RaftStorage.java:format(72)) - Storage directory /workdir/hadoop-ozone/integration-test/target/test-dir/MiniOzoneClusterImpl-39af9574-7a8b-4ed7-b830-bf686a3d4bb8/datanode-1/data/ratis/262e8e80-b174-40ed-a362-87bf82851029 has been successfully formatted.
2019-09-25 07:04:46,399 [pool-37-thread-1] INFO  ratis.ContainerStateMachine (ContainerStateMachine.java:loadSnapshot(230)) - group-87BF82851029: The snapshot info is null. Setting the last applied indexto:(t:0, i:~)
2019-09-25 07:04:46,399 [pool-37-thread-1] INFO  server.RaftServerConfigKeys (ConfUtils.java:logGet(43)) - raft.server.notification.no-leader.timeout = 120s (custom)
2019-09-25 07:04:46,399 [pool-37-thread-1] INFO  server.RaftServerConfigKeys (ConfUtils.java:logGet(43)) - raft.server.log.use.memory = false (default)
2019-09-25 07:04:46,400 [pool-37-thread-1] INFO  server.RaftServerConfigKeys (ConfUtils.java:logGet(43)) - raft.server.log.purge.gap = 1000000 (custom)
2019-09-25 07:04:46,400 [pool-37-thread-1] INFO  server.RaftServerConfigKeys (ConfUtils.java:logGet(43)) - raft.server.log.appender.buffer.byte-limit = 33554432 (custom)
2019-09-25 07:04:46,400 [pool-37-thread-1] INFO  server.RaftServerConfigKeys (ConfUtils.java:logGet(43)) - raft.server.log.segment.size.max = 1048576 (custom)
2019-09-25 07:04:46,400 [pool-37-thread-1] INFO  server.RaftServerConfigKeys (ConfUtils.java:logGet(43)) - raft.server.log.segment.cache.num.max = 2 (custom)
2019-09-25 07:04:46,400 [pool-37-thread-1] INFO  segmented.SegmentedRaftLogWorker (SegmentedRaftLogWorker.java:<init>(172)) - new 62ec8eb9-3ae9-4136-b70a-2caf3716fa7f@group-87BF82851029-SegmentedRaftLogWorker for RaftStorage:Storage Directory /workdir/hadoop-ozone/integration-test/target/test-dir/MiniOzoneClusterImpl-39af9574-7a8b-4ed7-b830-bf686a3d4bb8/datanode-1/data/ratis/262e8e80-b174-40ed-a362-87bf82851029
2019-09-25 07:04:46,401 [pool-37-thread-1] INFO  server.RaftServerConfigKeys (ConfUtils.java:logGet(43)) - raft.server.log.queue.byte-limit = 2147483647 (custom)
2019-09-25 07:04:46,401 [pool-37-thread-1] INFO  server.RaftServerConfigKeys (ConfUtils.java:logGet(43)) - raft.server.log.queue.element-limit = 1024 (custom)
2019-09-25 07:04:46,401 [pool-37-thread-1] INFO  server.RaftServerConfigKeys (ConfUtils.java:logGet(43)) - raft.server.log.segment.size.max = 1048576 (custom)
2019-09-25 07:04:46,401 [pool-37-thread-1] INFO  server.RaftServerConfigKeys (ConfUtils.java:logGet(43)) - raft.server.log.preallocated.size = 16384 (custom)
2019-09-25 07:04:46,401 [pool-37-thread-1] INFO  server.RaftServerConfigKeys (ConfUtils.java:logGet(43)) - raft.server.log.write.buffer.size = 33554432 (custom)
2019-09-25 07:04:46,401 [pool-37-thread-1] INFO  server.RaftServerConfigKeys (ConfUtils.java:logGet(43)) - raft.server.log.force.sync.num = 128 (default)
2019-09-25 07:04:46,402 [pool-37-thread-1] INFO  server.RaftServerConfigKeys (ConfUtils.java:logGet(43)) - raft.server.log.statemachine.data.sync = true (default)
2019-09-25 07:04:46,402 [pool-37-thread-1] INFO  server.RaftServerConfigKeys (ConfUtils.java:logGet(43)) - raft.server.log.statemachine.data.sync.timeout = 10s (default)
2019-09-25 07:04:46,402 [pool-37-thread-1] INFO  server.RaftServerConfigKeys (ConfUtils.java:logGet(43)) - raft.server.log.statemachine.data.sync.timeout.retry = -1 (default)
2019-09-25 07:04:46,402 [pool-37-thread-1] INFO  server.RaftServerConfigKeys (ConfUtils.java:logGet(43)) - raft.server.log.statemachine.data.caching.enabled = true (custom)
2019-09-25 07:04:46,402 [pool-37-thread-1] INFO  segmented.SegmentedRaftLogWorker (SegmentedRaftLogWorker.java:lambda$new$0(132)) - 62ec8eb9-3ae9-4136-b70a-2caf3716fa7f@group-87BF82851029-SegmentedRaftLogWorker: flushIndex: setUnconditionally 0 -> -1
2019-09-25 07:04:46,403 [pool-37-thread-1] INFO  server.RaftServerConfigKeys (ConfUtils.java:logGet(43)) - raft.server.snapshot.auto.trigger.enabled = true (custom)
2019-09-25 07:04:46,403 [pool-37-thread-1] INFO  server.RaftServerConfigKeys (ConfUtils.java:logGet(43)) - raft.server.snapshot.auto.trigger.threshold = 10000 (custom)
2019-09-25 07:04:46,403 [pool-37-thread-1] INFO  server.RaftServerConfigKeys (ConfUtils.java:logGet(43)) - raft.server.snapshot.retention.num.files = 5 (custom)
2019-09-25 07:04:46,403 [pool-37-thread-1] INFO  server.RaftServerConfigKeys (ConfUtils.java:logGet(43)) - raft.server.retrycache.expirytime = 600000ms (custom)
2019-09-25 07:04:46,406 [pool-37-thread-1] INFO  impl.RaftServerImpl (RaftServerImpl.java:start(185)) - 62ec8eb9-3ae9-4136-b70a-2caf3716fa7f@group-87BF82851029: start as a follower, conf=-1: [62ec8eb9-3ae9-4136-b70a-2caf3716fa7f:192.168.30.10:44715], old=null
2019-09-25 07:04:46,406 [pool-37-thread-1] INFO  impl.RaftServerImpl (RaftServerImpl.java:setRole(174)) - 62ec8eb9-3ae9-4136-b70a-2caf3716fa7f@group-87BF82851029: changes role from      null to FOLLOWER at term 0 for startAsFollower
2019-09-25 07:04:46,407 [pool-37-thread-1] INFO  impl.RoleInfo (RoleInfo.java:updateAndGet(143)) - 62ec8eb9-3ae9-4136-b70a-2caf3716fa7f: start FollowerState
2019-09-25 07:04:46,407 [pool-37-thread-1] INFO  util.JmxRegister (JmxRegister.java:tryRegister(44)) - Successfully registered JMX Bean with object name Ratis:service=RaftServer,group=group-87BF82851029,id=62ec8eb9-3ae9-4136-b70a-2caf3716fa7f
2019-09-25 07:04:46,412 [RatisPipelineUtilsThread] INFO  pipeline.PipelineStateManager (PipelineStateManager.java:addPipeline(56)) - Created pipeline Pipeline[ Id: 262e8e80-b174-40ed-a362-87bf82851029, Nodes: 62ec8eb9-3ae9-4136-b70a-2caf3716fa7f{ip: 192.168.30.10, host: pr-hdds-1569-s62bp-3040748787, networkLocation: /default-rack, certSerialId: null}, Type:RATIS, Factor:ONE, State:OPEN]
2019-09-25 07:04:46,422 [grpc-default-executor-0] INFO  impl.RaftServerProxy (RaftServerProxy.java:addNew(89)) - 24bf2945-a329-4da6-aaf2-23ecd8d462c6: addNew group-7EE1C7B45059:[24bf2945-a329-4da6-aaf2-23ecd8d462c6:192.168.30.10:42867] returns group-7EE1C7B45059:java.util.concurrent.CompletableFuture@e34bd74[Not completed]
2019-09-25 07:04:46,424 [pool-47-thread-1] INFO  impl.RaftServerImpl (RaftServerImpl.java:<init>(95)) - 24bf2945-a329-4da6-aaf2-23ecd8d462c6: new RaftServerImpl for group-7EE1C7B45059:[24bf2945-a329-4da6-aaf2-23ecd8d462c6:192.168.30.10:42867] with ContainerStateMachine:uninitialized
2019-09-25 07:04:46,424 [pool-47-thread-1] INFO  server.RaftServerConfigKeys (ConfUtils.java:logGet(43)) - raft.server.rpc.timeout.min = 5s (custom)
2019-09-25 07:04:46,424 [pool-47-thread-1] INFO  server.RaftServerConfigKeys (ConfUtils.java:logGet(43)) - raft.server.rpc.timeout.max = 5200ms (custom)
2019-09-25 07:04:46,425 [pool-47-thread-1] INFO  server.RaftServerConfigKeys (ConfUtils.java:logGet(43)) - raft.server.rpcslowness.timeout = 120s (custom)
2019-09-25 07:04:46,425 [pool-47-thread-1] INFO  server.RaftServerConfigKeys (ConfUtils.java:logGet(43)) - raft.server.sleep.deviation.threshold = 300 (default)
2019-09-25 07:04:46,425 [pool-47-thread-1] INFO  server.RaftServerConfigKeys (ConfUtils.java:logGet(43)) - raft.server.log.appender.install.snapshot.enabled = false (custom)
2019-09-25 07:04:46,425 [pool-47-thread-1] INFO  impl.RaftServerImpl (ServerState.java:<init>(103)) - 24bf2945-a329-4da6-aaf2-23ecd8d462c6@group-7EE1C7B45059: ConfigurationManager, init=-1: [24bf2945-a329-4da6-aaf2-23ecd8d462c6:192.168.30.10:42867], old=null, confs=<EMPTY_MAP>
2019-09-25 07:04:46,425 [pool-47-thread-1] INFO  server.RaftServerConfigKeys (ConfUtils.java:logGet(43)) - raft.server.storage.dir = [/workdir/hadoop-ozone/integration-test/target/test-dir/MiniOzoneClusterImpl-39af9574-7a8b-4ed7-b830-bf686a3d4bb8/datanode-2/data/ratis] (custom)
2019-09-25 07:04:46,426 [pool-47-thread-1] INFO  storage.RaftStorageDirectory (RaftStorageDirectory.java:analyzeStorage(246)) - The storage directory /workdir/hadoop-ozone/integration-test/target/test-dir/MiniOzoneClusterImpl-39af9574-7a8b-4ed7-b830-bf686a3d4bb8/datanode-2/data/ratis/a80c17f5-2038-4c68-b818-7ee1c7b45059 does not exist. Creating ...
2019-09-25 07:04:46,439 [pool-47-thread-1] INFO  storage.RaftStorageDirectory (RaftStorageDirectory.java:tryLock(328)) - Lock on /workdir/hadoop-ozone/integration-test/target/test-dir/MiniOzoneClusterImpl-39af9574-7a8b-4ed7-b830-bf686a3d4bb8/datanode-2/data/ratis/a80c17f5-2038-4c68-b818-7ee1c7b45059/in_use.lock acquired by nodename 19495@pr-hdds-1569-s62bp-3040748787
2019-09-25 07:04:46,452 [pool-47-thread-1] INFO  storage.RaftStorage (RaftStorage.java:format(72)) - Storage directory /workdir/hadoop-ozone/integration-test/target/test-dir/MiniOzoneClusterImpl-39af9574-7a8b-4ed7-b830-bf686a3d4bb8/datanode-2/data/ratis/a80c17f5-2038-4c68-b818-7ee1c7b45059 has been successfully formatted.
2019-09-25 07:04:46,453 [pool-47-thread-1] INFO  ratis.ContainerStateMachine (ContainerStateMachine.java:loadSnapshot(230)) - group-7EE1C7B45059: The snapshot info is null. Setting the last applied indexto:(t:0, i:~)
2019-09-25 07:04:46,453 [pool-47-thread-1] INFO  server.RaftServerConfigKeys (ConfUtils.java:logGet(43)) - raft.server.notification.no-leader.timeout = 120s (custom)
2019-09-25 07:04:46,453 [pool-47-thread-1] INFO  server.RaftServerConfigKeys (ConfUtils.java:logGet(43)) - raft.server.log.use.memory = false (default)
2019-09-25 07:04:46,453 [pool-47-thread-1] INFO  server.RaftServerConfigKeys (ConfUtils.java:logGet(43)) - raft.server.log.purge.gap = 1000000 (custom)
2019-09-25 07:04:46,453 [pool-47-thread-1] INFO  server.RaftServerConfigKeys (ConfUtils.java:logGet(43)) - raft.server.log.appender.buffer.byte-limit = 33554432 (custom)
2019-09-25 07:04:46,454 [pool-47-thread-1] INFO  server.RaftServerConfigKeys (ConfUtils.java:logGet(43)) - raft.server.log.segment.size.max = 1048576 (custom)
2019-09-25 07:04:46,454 [pool-47-thread-1] INFO  server.RaftServerConfigKeys (ConfUtils.java:logGet(43)) - raft.server.log.segment.cache.num.max = 2 (custom)
2019-09-25 07:04:46,454 [pool-47-thread-1] INFO  segmented.SegmentedRaftLogWorker (SegmentedRaftLogWorker.java:<init>(172)) - new 24bf2945-a329-4da6-aaf2-23ecd8d462c6@group-7EE1C7B45059-SegmentedRaftLogWorker for RaftStorage:Storage Directory /workdir/hadoop-ozone/integration-test/target/test-dir/MiniOzoneClusterImpl-39af9574-7a8b-4ed7-b830-bf686a3d4bb8/datanode-2/data/ratis/a80c17f5-2038-4c68-b818-7ee1c7b45059
2019-09-25 07:04:46,454 [pool-47-thread-1] INFO  server.RaftServerConfigKeys (ConfUtils.java:logGet(43)) - raft.server.log.queue.byte-limit = 2147483647 (custom)
2019-09-25 07:04:46,454 [pool-47-thread-1] INFO  server.RaftServerConfigKeys (ConfUtils.java:logGet(43)) - raft.server.log.queue.element-limit = 1024 (custom)
2019-09-25 07:04:46,454 [pool-47-thread-1] INFO  server.RaftServerConfigKeys (ConfUtils.java:logGet(43)) - raft.server.log.segment.size.max = 1048576 (custom)
2019-09-25 07:04:46,455 [pool-47-thread-1] INFO  server.RaftServerConfigKeys (ConfUtils.java:logGet(43)) - raft.server.log.preallocated.size = 16384 (custom)
2019-09-25 07:04:46,455 [pool-47-thread-1] INFO  server.RaftServerConfigKeys (ConfUtils.java:logGet(43)) - raft.server.log.write.buffer.size = 33554432 (custom)
2019-09-25 07:04:46,455 [pool-47-thread-1] INFO  server.RaftServerConfigKeys (ConfUtils.java:logGet(43)) - raft.server.log.force.sync.num = 128 (default)
2019-09-25 07:04:46,455 [pool-47-thread-1] INFO  server.RaftServerConfigKeys (ConfUtils.java:logGet(43)) - raft.server.log.statemachine.data.sync = true (default)
2019-09-25 07:04:46,455 [pool-47-thread-1] INFO  server.RaftServerConfigKeys (ConfUtils.java:logGet(43)) - raft.server.log.statemachine.data.sync.timeout = 10s (default)
2019-09-25 07:04:46,455 [pool-47-thread-1] INFO  server.RaftServerConfigKeys (ConfUtils.java:logGet(43)) - raft.server.log.statemachine.data.sync.timeout.retry = -1 (default)
2019-09-25 07:04:46,456 [pool-47-thread-1] INFO  server.RaftServerConfigKeys (ConfUtils.java:logGet(43)) - raft.server.log.statemachine.data.caching.enabled = true (custom)
2019-09-25 07:04:46,456 [pool-47-thread-1] INFO  segmented.SegmentedRaftLogWorker (SegmentedRaftLogWorker.java:lambda$new$0(132)) - 24bf2945-a329-4da6-aaf2-23ecd8d462c6@group-7EE1C7B45059-SegmentedRaftLogWorker: flushIndex: setUnconditionally 0 -> -1
2019-09-25 07:04:46,456 [pool-47-thread-1] INFO  server.RaftServerConfigKeys (ConfUtils.java:logGet(43)) - raft.server.snapshot.auto.trigger.enabled = true (custom)
2019-09-25 07:04:46,457 [pool-47-thread-1] INFO  server.RaftServerConfigKeys (ConfUtils.java:logGet(43)) - raft.server.snapshot.auto.trigger.threshold = 10000 (custom)
2019-09-25 07:04:46,457 [pool-47-thread-1] INFO  server.RaftServerConfigKeys (ConfUtils.java:logGet(43)) - raft.server.snapshot.retention.num.files = 5 (custom)
2019-09-25 07:04:46,457 [pool-47-thread-1] INFO  server.RaftServerConfigKeys (ConfUtils.java:logGet(43)) - raft.server.retrycache.expirytime = 600000ms (custom)
2019-09-25 07:04:46,460 [pool-47-thread-1] INFO  impl.RaftServerImpl (RaftServerImpl.java:start(185)) - 24bf2945-a329-4da6-aaf2-23ecd8d462c6@group-7EE1C7B45059: start as a follower, conf=-1: [24bf2945-a329-4da6-aaf2-23ecd8d462c6:192.168.30.10:42867], old=null
2019-09-25 07:04:46,461 [pool-47-thread-1] INFO  impl.RaftServerImpl (RaftServerImpl.java:setRole(174)) - 24bf2945-a329-4da6-aaf2-23ecd8d462c6@group-7EE1C7B45059: changes role from      null to FOLLOWER at term 0 for startAsFollower
2019-09-25 07:04:46,461 [pool-47-thread-1] INFO  impl.RoleInfo (RoleInfo.java:updateAndGet(143)) - 24bf2945-a329-4da6-aaf2-23ecd8d462c6: start FollowerState
2019-09-25 07:04:46,461 [pool-47-thread-1] INFO  util.JmxRegister (JmxRegister.java:tryRegister(44)) - Successfully registered JMX Bean with object name Ratis:service=RaftServer,group=group-7EE1C7B45059,id=24bf2945-a329-4da6-aaf2-23ecd8d462c6
2019-09-25 07:04:46,467 [RatisPipelineUtilsThread] INFO  pipeline.PipelineStateManager (PipelineStateManager.java:addPipeline(56)) - Created pipeline Pipeline[ Id: a80c17f5-2038-4c68-b818-7ee1c7b45059, Nodes: 24bf2945-a329-4da6-aaf2-23ecd8d462c6{ip: 192.168.30.10, host: pr-hdds-1569-s62bp-3040748787, networkLocation: /default-rack, certSerialId: null}, Type:RATIS, Factor:ONE, State:OPEN]
2019-09-25 07:04:46,477 [grpc-default-executor-0] INFO  impl.RaftServerProxy (RaftServerProxy.java:addNew(89)) - 62ec8eb9-3ae9-4136-b70a-2caf3716fa7f: addNew group-09E5DC343B97:[62ec8eb9-3ae9-4136-b70a-2caf3716fa7f:192.168.30.10:44715] returns group-09E5DC343B97:java.util.concurrent.CompletableFuture@48022373[Not completed]
2019-09-25 07:04:46,481 [pool-37-thread-1] INFO  impl.RaftServerImpl (RaftServerImpl.java:<init>(95)) - 62ec8eb9-3ae9-4136-b70a-2caf3716fa7f: new RaftServerImpl for group-09E5DC343B97:[62ec8eb9-3ae9-4136-b70a-2caf3716fa7f:192.168.30.10:44715] with ContainerStateMachine:uninitialized
2019-09-25 07:04:46,481 [pool-37-thread-1] INFO  server.RaftServerConfigKeys (ConfUtils.java:logGet(43)) - raft.server.rpc.timeout.min = 5s (custom)
2019-09-25 07:04:46,481 [pool-37-thread-1] INFO  server.RaftServerConfigKeys (ConfUtils.java:logGet(43)) - raft.server.rpc.timeout.max = 5200ms (custom)
2019-09-25 07:04:46,482 [pool-37-thread-1] INFO  server.RaftServerConfigKeys (ConfUtils.java:logGet(43)) - raft.server.rpcslowness.timeout = 120s (custom)
2019-09-25 07:04:46,482 [pool-37-thread-1] INFO  server.RaftServerConfigKeys (ConfUtils.java:logGet(43)) - raft.server.sleep.deviation.threshold = 300 (default)
2019-09-25 07:04:46,482 [pool-37-thread-1] INFO  server.RaftServerConfigKeys (ConfUtils.java:logGet(43)) - raft.server.log.appender.install.snapshot.enabled = false (custom)
2019-09-25 07:04:46,482 [pool-37-thread-1] INFO  impl.RaftServerImpl (ServerState.java:<init>(103)) - 62ec8eb9-3ae9-4136-b70a-2caf3716fa7f@group-09E5DC343B97: ConfigurationManager, init=-1: [62ec8eb9-3ae9-4136-b70a-2caf3716fa7f:192.168.30.10:44715], old=null, confs=<EMPTY_MAP>
2019-09-25 07:04:46,482 [pool-37-thread-1] INFO  server.RaftServerConfigKeys (ConfUtils.java:logGet(43)) - raft.server.storage.dir = [/workdir/hadoop-ozone/integration-test/target/test-dir/MiniOzoneClusterImpl-39af9574-7a8b-4ed7-b830-bf686a3d4bb8/datanode-1/data/ratis] (custom)
2019-09-25 07:04:46,483 [pool-37-thread-1] INFO  storage.RaftStorageDirectory (RaftStorageDirectory.java:analyzeStorage(246)) - The storage directory /workdir/hadoop-ozone/integration-test/target/test-dir/MiniOzoneClusterImpl-39af9574-7a8b-4ed7-b830-bf686a3d4bb8/datanode-1/data/ratis/c34d2b3c-f77e-4ae5-9d5a-09e5dc343b97 does not exist. Creating ...
2019-09-25 07:04:46,496 [pool-37-thread-1] INFO  storage.RaftStorageDirectory (RaftStorageDirectory.java:tryLock(328)) - Lock on /workdir/hadoop-ozone/integration-test/target/test-dir/MiniOzoneClusterImpl-39af9574-7a8b-4ed7-b830-bf686a3d4bb8/datanode-1/data/ratis/c34d2b3c-f77e-4ae5-9d5a-09e5dc343b97/in_use.lock acquired by nodename 19495@pr-hdds-1569-s62bp-3040748787
2019-09-25 07:04:46,509 [pool-37-thread-1] INFO  storage.RaftStorage (RaftStorage.java:format(72)) - Storage directory /workdir/hadoop-ozone/integration-test/target/test-dir/MiniOzoneClusterImpl-39af9574-7a8b-4ed7-b830-bf686a3d4bb8/datanode-1/data/ratis/c34d2b3c-f77e-4ae5-9d5a-09e5dc343b97 has been successfully formatted.
2019-09-25 07:04:46,509 [pool-37-thread-1] INFO  ratis.ContainerStateMachine (ContainerStateMachine.java:loadSnapshot(230)) - group-09E5DC343B97: The snapshot info is null. Setting the last applied indexto:(t:0, i:~)
2019-09-25 07:04:46,510 [pool-37-thread-1] INFO  server.RaftServerConfigKeys (ConfUtils.java:logGet(43)) - raft.server.notification.no-leader.timeout = 120s (custom)
2019-09-25 07:04:46,510 [pool-37-thread-1] INFO  server.RaftServerConfigKeys (ConfUtils.java:logGet(43)) - raft.server.log.use.memory = false (default)
2019-09-25 07:04:46,510 [pool-37-thread-1] INFO  server.RaftServerConfigKeys (ConfUtils.java:logGet(43)) - raft.server.log.purge.gap = 1000000 (custom)
2019-09-25 07:04:46,510 [pool-37-thread-1] INFO  server.RaftServerConfigKeys (ConfUtils.java:logGet(43)) - raft.server.log.appender.buffer.byte-limit = 33554432 (custom)
2019-09-25 07:04:46,510 [pool-37-thread-1] INFO  server.RaftServerConfigKeys (ConfUtils.java:logGet(43)) - raft.server.log.segment.size.max = 1048576 (custom)
2019-09-25 07:04:46,510 [pool-37-thread-1] INFO  server.RaftServerConfigKeys (ConfUtils.java:logGet(43)) - raft.server.log.segment.cache.num.max = 2 (custom)
2019-09-25 07:04:46,511 [pool-37-thread-1] INFO  segmented.SegmentedRaftLogWorker (SegmentedRaftLogWorker.java:<init>(172)) - new 62ec8eb9-3ae9-4136-b70a-2caf3716fa7f@group-09E5DC343B97-SegmentedRaftLogWorker for RaftStorage:Storage Directory /workdir/hadoop-ozone/integration-test/target/test-dir/MiniOzoneClusterImpl-39af9574-7a8b-4ed7-b830-bf686a3d4bb8/datanode-1/data/ratis/c34d2b3c-f77e-4ae5-9d5a-09e5dc343b97
2019-09-25 07:04:46,511 [pool-37-thread-1] INFO  server.RaftServerConfigKeys (ConfUtils.java:logGet(43)) - raft.server.log.queue.byte-limit = 2147483647 (custom)
2019-09-25 07:04:46,511 [pool-37-thread-1] INFO  server.RaftServerConfigKeys (ConfUtils.java:logGet(43)) - raft.server.log.queue.element-limit = 1024 (custom)
2019-09-25 07:04:46,511 [pool-37-thread-1] INFO  server.RaftServerConfigKeys (ConfUtils.java:logGet(43)) - raft.server.log.segment.size.max = 1048576 (custom)
2019-09-25 07:04:46,511 [pool-37-thread-1] INFO  server.RaftServerConfigKeys (ConfUtils.java:logGet(43)) - raft.server.log.preallocated.size = 16384 (custom)
2019-09-25 07:04:46,511 [pool-37-thread-1] INFO  server.RaftServerConfigKeys (ConfUtils.java:logGet(43)) - raft.server.log.write.buffer.size = 33554432 (custom)
2019-09-25 07:04:46,512 [pool-37-thread-1] INFO  server.RaftServerConfigKeys (ConfUtils.java:logGet(43)) - raft.server.log.force.sync.num = 128 (default)
2019-09-25 07:04:46,512 [pool-37-thread-1] INFO  server.RaftServerConfigKeys (ConfUtils.java:logGet(43)) - raft.server.log.statemachine.data.sync = true (default)
2019-09-25 07:04:46,512 [pool-37-thread-1] INFO  server.RaftServerConfigKeys (ConfUtils.java:logGet(43)) - raft.server.log.statemachine.data.sync.timeout = 10s (default)
2019-09-25 07:04:46,512 [pool-37-thread-1] INFO  server.RaftServerConfigKeys (ConfUtils.java:logGet(43)) - raft.server.log.statemachine.data.sync.timeout.retry = -1 (default)
2019-09-25 07:04:46,512 [pool-37-thread-1] INFO  server.RaftServerConfigKeys (ConfUtils.java:logGet(43)) - raft.server.log.statemachine.data.caching.enabled = true (custom)
2019-09-25 07:04:46,513 [pool-37-thread-1] INFO  segmented.SegmentedRaftLogWorker (SegmentedRaftLogWorker.java:lambda$new$0(132)) - 62ec8eb9-3ae9-4136-b70a-2caf3716fa7f@group-09E5DC343B97-SegmentedRaftLogWorker: flushIndex: setUnconditionally 0 -> -1
2019-09-25 07:04:46,513 [pool-37-thread-1] INFO  server.RaftServerConfigKeys (ConfUtils.java:logGet(43)) - raft.server.snapshot.auto.trigger.enabled = true (custom)
2019-09-25 07:04:46,513 [pool-37-thread-1] INFO  server.RaftServerConfigKeys (ConfUtils.java:logGet(43)) - raft.server.snapshot.auto.trigger.threshold = 10000 (custom)
2019-09-25 07:04:46,513 [pool-37-thread-1] INFO  server.RaftServerConfigKeys (ConfUtils.java:logGet(43)) - raft.server.snapshot.retention.num.files = 5 (custom)
2019-09-25 07:04:46,514 [pool-37-thread-1] INFO  server.RaftServerConfigKeys (ConfUtils.java:logGet(43)) - raft.server.retrycache.expirytime = 600000ms (custom)
2019-09-25 07:04:46,517 [pool-37-thread-1] INFO  impl.RaftServerImpl (RaftServerImpl.java:start(185)) - 62ec8eb9-3ae9-4136-b70a-2caf3716fa7f@group-09E5DC343B97: start as a follower, conf=-1: [62ec8eb9-3ae9-4136-b70a-2caf3716fa7f:192.168.30.10:44715], old=null
2019-09-25 07:04:46,517 [pool-37-thread-1] INFO  impl.RaftServerImpl (RaftServerImpl.java:setRole(174)) - 62ec8eb9-3ae9-4136-b70a-2caf3716fa7f@group-09E5DC343B97: changes role from      null to FOLLOWER at term 0 for startAsFollower
2019-09-25 07:04:46,517 [pool-37-thread-1] INFO  impl.RoleInfo (RoleInfo.java:updateAndGet(143)) - 62ec8eb9-3ae9-4136-b70a-2caf3716fa7f: start FollowerState
2019-09-25 07:04:46,517 [pool-37-thread-1] INFO  util.JmxRegister (JmxRegister.java:tryRegister(44)) - Successfully registered JMX Bean with object name Ratis:service=RaftServer,group=group-09E5DC343B97,id=62ec8eb9-3ae9-4136-b70a-2caf3716fa7f
2019-09-25 07:04:46,523 [RatisPipelineUtilsThread] INFO  pipeline.PipelineStateManager (PipelineStateManager.java:addPipeline(56)) - Created pipeline Pipeline[ Id: c34d2b3c-f77e-4ae5-9d5a-09e5dc343b97, Nodes: 62ec8eb9-3ae9-4136-b70a-2caf3716fa7f{ip: 192.168.30.10, host: pr-hdds-1569-s62bp-3040748787, networkLocation: /default-rack, certSerialId: null}, Type:RATIS, Factor:ONE, State:OPEN]
2019-09-25 07:04:46,533 [grpc-default-executor-0] INFO  impl.RaftServerProxy (RaftServerProxy.java:addNew(89)) - 62ec8eb9-3ae9-4136-b70a-2caf3716fa7f: addNew group-DCE82A22BD86:[62ec8eb9-3ae9-4136-b70a-2caf3716fa7f:192.168.30.10:44715] returns group-DCE82A22BD86:java.util.concurrent.CompletableFuture@7be1ca35[Not completed]
2019-09-25 07:04:46,536 [pool-37-thread-1] INFO  impl.RaftServerImpl (RaftServerImpl.java:<init>(95)) - 62ec8eb9-3ae9-4136-b70a-2caf3716fa7f: new RaftServerImpl for group-DCE82A22BD86:[62ec8eb9-3ae9-4136-b70a-2caf3716fa7f:192.168.30.10:44715] with ContainerStateMachine:uninitialized
2019-09-25 07:04:46,536 [pool-37-thread-1] INFO  server.RaftServerConfigKeys (ConfUtils.java:logGet(43)) - raft.server.rpc.timeout.min = 5s (custom)
2019-09-25 07:04:46,536 [pool-37-thread-1] INFO  server.RaftServerConfigKeys (ConfUtils.java:logGet(43)) - raft.server.rpc.timeout.max = 5200ms (custom)
2019-09-25 07:04:46,536 [pool-37-thread-1] INFO  server.RaftServerConfigKeys (ConfUtils.java:logGet(43)) - raft.server.rpcslowness.timeout = 120s (custom)
2019-09-25 07:04:46,536 [pool-37-thread-1] INFO  server.RaftServerConfigKeys (ConfUtils.java:logGet(43)) - raft.server.sleep.deviation.threshold = 300 (default)
2019-09-25 07:04:46,537 [pool-37-thread-1] INFO  server.RaftServerConfigKeys (ConfUtils.java:logGet(43)) - raft.server.log.appender.install.snapshot.enabled = false (custom)
2019-09-25 07:04:46,537 [pool-37-thread-1] INFO  impl.RaftServerImpl (ServerState.java:<init>(103)) - 62ec8eb9-3ae9-4136-b70a-2caf3716fa7f@group-DCE82A22BD86: ConfigurationManager, init=-1: [62ec8eb9-3ae9-4136-b70a-2caf3716fa7f:192.168.30.10:44715], old=null, confs=<EMPTY_MAP>
2019-09-25 07:04:46,537 [pool-37-thread-1] INFO  server.RaftServerConfigKeys (ConfUtils.java:logGet(43)) - raft.server.storage.dir = [/workdir/hadoop-ozone/integration-test/target/test-dir/MiniOzoneClusterImpl-39af9574-7a8b-4ed7-b830-bf686a3d4bb8/datanode-1/data/ratis] (custom)
2019-09-25 07:04:46,537 [pool-37-thread-1] INFO  storage.RaftStorageDirectory (RaftStorageDirectory.java:analyzeStorage(246)) - The storage directory /workdir/hadoop-ozone/integration-test/target/test-dir/MiniOzoneClusterImpl-39af9574-7a8b-4ed7-b830-bf686a3d4bb8/datanode-1/data/ratis/6b9db115-3b37-426e-82fb-dce82a22bd86 does not exist. Creating ...
2019-09-25 07:04:46,550 [pool-37-thread-1] INFO  storage.RaftStorageDirectory (RaftStorageDirectory.java:tryLock(328)) - Lock on /workdir/hadoop-ozone/integration-test/target/test-dir/MiniOzoneClusterImpl-39af9574-7a8b-4ed7-b830-bf686a3d4bb8/datanode-1/data/ratis/6b9db115-3b37-426e-82fb-dce82a22bd86/in_use.lock acquired by nodename 19495@pr-hdds-1569-s62bp-3040748787
2019-09-25 07:04:46,564 [pool-37-thread-1] INFO  storage.RaftStorage (RaftStorage.java:format(72)) - Storage directory /workdir/hadoop-ozone/integration-test/target/test-dir/MiniOzoneClusterImpl-39af9574-7a8b-4ed7-b830-bf686a3d4bb8/datanode-1/data/ratis/6b9db115-3b37-426e-82fb-dce82a22bd86 has been successfully formatted.
2019-09-25 07:04:46,564 [pool-37-thread-1] INFO  ratis.ContainerStateMachine (ContainerStateMachine.java:loadSnapshot(230)) - group-DCE82A22BD86: The snapshot info is null. Setting the last applied indexto:(t:0, i:~)
2019-09-25 07:04:46,565 [pool-37-thread-1] INFO  server.RaftServerConfigKeys (ConfUtils.java:logGet(43)) - raft.server.notification.no-leader.timeout = 120s (custom)
2019-09-25 07:04:46,565 [pool-37-thread-1] INFO  server.RaftServerConfigKeys (ConfUtils.java:logGet(43)) - raft.server.log.use.memory = false (default)
2019-09-25 07:04:46,565 [pool-37-thread-1] INFO  server.RaftServerConfigKeys (ConfUtils.java:logGet(43)) - raft.server.log.purge.gap = 1000000 (custom)
2019-09-25 07:04:46,565 [pool-37-thread-1] INFO  server.RaftServerConfigKeys (ConfUtils.java:logGet(43)) - raft.server.log.appender.buffer.byte-limit = 33554432 (custom)
2019-09-25 07:04:46,565 [pool-37-thread-1] INFO  server.RaftServerConfigKeys (ConfUtils.java:logGet(43)) - raft.server.log.segment.size.max = 1048576 (custom)
2019-09-25 07:04:46,566 [pool-37-thread-1] INFO  server.RaftServerConfigKeys (ConfUtils.java:logGet(43)) - raft.server.log.segment.cache.num.max = 2 (custom)
2019-09-25 07:04:46,566 [pool-37-thread-1] INFO  segmented.SegmentedRaftLogWorker (SegmentedRaftLogWorker.java:<init>(172)) - new 62ec8eb9-3ae9-4136-b70a-2caf3716fa7f@group-DCE82A22BD86-SegmentedRaftLogWorker for RaftStorage:Storage Directory /workdir/hadoop-ozone/integration-test/target/test-dir/MiniOzoneClusterImpl-39af9574-7a8b-4ed7-b830-bf686a3d4bb8/datanode-1/data/ratis/6b9db115-3b37-426e-82fb-dce82a22bd86
2019-09-25 07:04:46,566 [pool-37-thread-1] INFO  server.RaftServerConfigKeys (ConfUtils.java:logGet(43)) - raft.server.log.queue.byte-limit = 2147483647 (custom)
2019-09-25 07:04:46,566 [pool-37-thread-1] INFO  server.RaftServerConfigKeys (ConfUtils.java:logGet(43)) - raft.server.log.queue.element-limit = 1024 (custom)
2019-09-25 07:04:46,566 [pool-37-thread-1] INFO  server.RaftServerConfigKeys (ConfUtils.java:logGet(43)) - raft.server.log.segment.size.max = 1048576 (custom)
2019-09-25 07:04:46,566 [pool-37-thread-1] INFO  server.RaftServerConfigKeys (ConfUtils.java:logGet(43)) - raft.server.log.preallocated.size = 16384 (custom)
2019-09-25 07:04:46,567 [pool-37-thread-1] INFO  server.RaftServerConfigKeys (ConfUtils.java:logGet(43)) - raft.server.log.write.buffer.size = 33554432 (custom)
2019-09-25 07:04:46,567 [pool-37-thread-1] INFO  server.RaftServerConfigKeys (ConfUtils.java:logGet(43)) - raft.server.log.force.sync.num = 128 (default)
2019-09-25 07:04:46,567 [pool-37-thread-1] INFO  server.RaftServerConfigKeys (ConfUtils.java:logGet(43)) - raft.server.log.statemachine.data.sync = true (default)
2019-09-25 07:04:46,567 [pool-37-thread-1] INFO  server.RaftServerConfigKeys (ConfUtils.java:logGet(43)) - raft.server.log.statemachine.data.sync.timeout = 10s (default)
2019-09-25 07:04:46,567 [pool-37-thread-1] INFO  server.RaftServerConfigKeys (ConfUtils.java:logGet(43)) - raft.server.log.statemachine.data.sync.timeout.retry = -1 (default)
2019-09-25 07:04:46,567 [pool-37-thread-1] INFO  server.RaftServerConfigKeys (ConfUtils.java:logGet(43)) - raft.server.log.statemachine.data.caching.enabled = true (custom)
2019-09-25 07:04:46,568 [pool-37-thread-1] INFO  segmented.SegmentedRaftLogWorker (SegmentedRaftLogWorker.java:lambda$new$0(132)) - 62ec8eb9-3ae9-4136-b70a-2caf3716fa7f@group-DCE82A22BD86-SegmentedRaftLogWorker: flushIndex: setUnconditionally 0 -> -1
2019-09-25 07:04:46,568 [pool-37-thread-1] INFO  server.RaftServerConfigKeys (ConfUtils.java:logGet(43)) - raft.server.snapshot.auto.trigger.enabled = true (custom)
2019-09-25 07:04:46,568 [pool-37-thread-1] INFO  server.RaftServerConfigKeys (ConfUtils.java:logGet(43)) - raft.server.snapshot.auto.trigger.threshold = 10000 (custom)
2019-09-25 07:04:46,569 [pool-37-thread-1] INFO  server.RaftServerConfigKeys (ConfUtils.java:logGet(43)) - raft.server.snapshot.retention.num.files = 5 (custom)
2019-09-25 07:04:46,569 [pool-37-thread-1] INFO  server.RaftServerConfigKeys (ConfUtils.java:logGet(43)) - raft.server.retrycache.expirytime = 600000ms (custom)
2019-09-25 07:04:46,572 [pool-37-thread-1] INFO  impl.RaftServerImpl (RaftServerImpl.java:start(185)) - 62ec8eb9-3ae9-4136-b70a-2caf3716fa7f@group-DCE82A22BD86: start as a follower, conf=-1: [62ec8eb9-3ae9-4136-b70a-2caf3716fa7f:192.168.30.10:44715], old=null
2019-09-25 07:04:46,572 [pool-37-thread-1] INFO  impl.RaftServerImpl (RaftServerImpl.java:setRole(174)) - 62ec8eb9-3ae9-4136-b70a-2caf3716fa7f@group-DCE82A22BD86: changes role from      null to FOLLOWER at term 0 for startAsFollower
2019-09-25 07:04:46,572 [pool-37-thread-1] INFO  impl.RoleInfo (RoleInfo.java:updateAndGet(143)) - 62ec8eb9-3ae9-4136-b70a-2caf3716fa7f: start FollowerState
2019-09-25 07:04:46,573 [pool-37-thread-1] INFO  util.JmxRegister (JmxRegister.java:tryRegister(44)) - Successfully registered JMX Bean with object name Ratis:service=RaftServer,group=group-DCE82A22BD86,id=62ec8eb9-3ae9-4136-b70a-2caf3716fa7f
2019-09-25 07:04:46,577 [RatisPipelineUtilsThread] INFO  pipeline.PipelineStateManager (PipelineStateManager.java:addPipeline(56)) - Created pipeline Pipeline[ Id: 6b9db115-3b37-426e-82fb-dce82a22bd86, Nodes: 62ec8eb9-3ae9-4136-b70a-2caf3716fa7f{ip: 192.168.30.10, host: pr-hdds-1569-s62bp-3040748787, networkLocation: /default-rack, certSerialId: null}, Type:RATIS, Factor:ONE, State:OPEN]
2019-09-25 07:04:46,587 [grpc-default-executor-0] INFO  impl.RaftServerProxy (RaftServerProxy.java:addNew(89)) - 62ec8eb9-3ae9-4136-b70a-2caf3716fa7f: addNew group-3F968371FB08:[62ec8eb9-3ae9-4136-b70a-2caf3716fa7f:192.168.30.10:44715] returns group-3F968371FB08:java.util.concurrent.CompletableFuture@fbe35a3[Not completed]
2019-09-25 07:04:46,589 [pool-37-thread-1] INFO  impl.RaftServerImpl (RaftServerImpl.java:<init>(95)) - 62ec8eb9-3ae9-4136-b70a-2caf3716fa7f: new RaftServerImpl for group-3F968371FB08:[62ec8eb9-3ae9-4136-b70a-2caf3716fa7f:192.168.30.10:44715] with ContainerStateMachine:uninitialized
2019-09-25 07:04:46,589 [pool-37-thread-1] INFO  server.RaftServerConfigKeys (ConfUtils.java:logGet(43)) - raft.server.rpc.timeout.min = 5s (custom)
2019-09-25 07:04:46,589 [pool-37-thread-1] INFO  server.RaftServerConfigKeys (ConfUtils.java:logGet(43)) - raft.server.rpc.timeout.max = 5200ms (custom)
2019-09-25 07:04:46,589 [pool-37-thread-1] INFO  server.RaftServerConfigKeys (ConfUtils.java:logGet(43)) - raft.server.rpcslowness.timeout = 120s (custom)
2019-09-25 07:04:46,589 [pool-37-thread-1] INFO  server.RaftServerConfigKeys (ConfUtils.java:logGet(43)) - raft.server.sleep.deviation.threshold = 300 (default)
2019-09-25 07:04:46,590 [pool-37-thread-1] INFO  server.RaftServerConfigKeys (ConfUtils.java:logGet(43)) - raft.server.log.appender.install.snapshot.enabled = false (custom)
2019-09-25 07:04:46,590 [pool-37-thread-1] INFO  impl.RaftServerImpl (ServerState.java:<init>(103)) - 62ec8eb9-3ae9-4136-b70a-2caf3716fa7f@group-3F968371FB08: ConfigurationManager, init=-1: [62ec8eb9-3ae9-4136-b70a-2caf3716fa7f:192.168.30.10:44715], old=null, confs=<EMPTY_MAP>
2019-09-25 07:04:46,590 [pool-37-thread-1] INFO  server.RaftServerConfigKeys (ConfUtils.java:logGet(43)) - raft.server.storage.dir = [/workdir/hadoop-ozone/integration-test/target/test-dir/MiniOzoneClusterImpl-39af9574-7a8b-4ed7-b830-bf686a3d4bb8/datanode-1/data/ratis] (custom)
2019-09-25 07:04:46,590 [pool-37-thread-1] INFO  storage.RaftStorageDirectory (RaftStorageDirectory.java:analyzeStorage(246)) - The storage directory /workdir/hadoop-ozone/integration-test/target/test-dir/MiniOzoneClusterImpl-39af9574-7a8b-4ed7-b830-bf686a3d4bb8/datanode-1/data/ratis/25ca30a9-0607-4620-ad51-3f968371fb08 does not exist. Creating ...
2019-09-25 07:04:46,604 [pool-37-thread-1] INFO  storage.RaftStorageDirectory (RaftStorageDirectory.java:tryLock(328)) - Lock on /workdir/hadoop-ozone/integration-test/target/test-dir/MiniOzoneClusterImpl-39af9574-7a8b-4ed7-b830-bf686a3d4bb8/datanode-1/data/ratis/25ca30a9-0607-4620-ad51-3f968371fb08/in_use.lock acquired by nodename 19495@pr-hdds-1569-s62bp-3040748787
2019-09-25 07:04:46,618 [pool-37-thread-1] INFO  storage.RaftStorage (RaftStorage.java:format(72)) - Storage directory /workdir/hadoop-ozone/integration-test/target/test-dir/MiniOzoneClusterImpl-39af9574-7a8b-4ed7-b830-bf686a3d4bb8/datanode-1/data/ratis/25ca30a9-0607-4620-ad51-3f968371fb08 has been successfully formatted.
2019-09-25 07:04:46,618 [pool-37-thread-1] INFO  ratis.ContainerStateMachine (ContainerStateMachine.java:loadSnapshot(230)) - group-3F968371FB08: The snapshot info is null. Setting the last applied indexto:(t:0, i:~)
2019-09-25 07:04:46,619 [pool-37-thread-1] INFO  server.RaftServerConfigKeys (ConfUtils.java:logGet(43)) - raft.server.notification.no-leader.timeout = 120s (custom)
2019-09-25 07:04:46,619 [pool-37-thread-1] INFO  server.RaftServerConfigKeys (ConfUtils.java:logGet(43)) - raft.server.log.use.memory = false (default)
2019-09-25 07:04:46,619 [pool-37-thread-1] INFO  server.RaftServerConfigKeys (ConfUtils.java:logGet(43)) - raft.server.log.purge.gap = 1000000 (custom)
2019-09-25 07:04:46,619 [pool-37-thread-1] INFO  server.RaftServerConfigKeys (ConfUtils.java:logGet(43)) - raft.server.log.appender.buffer.byte-limit = 33554432 (custom)
2019-09-25 07:04:46,619 [pool-37-thread-1] INFO  server.RaftServerConfigKeys (ConfUtils.java:logGet(43)) - raft.server.log.segment.size.max = 1048576 (custom)
2019-09-25 07:04:46,619 [pool-37-thread-1] INFO  server.RaftServerConfigKeys (ConfUtils.java:logGet(43)) - raft.server.log.segment.cache.num.max = 2 (custom)
2019-09-25 07:04:46,620 [pool-37-thread-1] INFO  segmented.SegmentedRaftLogWorker (SegmentedRaftLogWorker.java:<init>(172)) - new 62ec8eb9-3ae9-4136-b70a-2caf3716fa7f@group-3F968371FB08-SegmentedRaftLogWorker for RaftStorage:Storage Directory /workdir/hadoop-ozone/integration-test/target/test-dir/MiniOzoneClusterImpl-39af9574-7a8b-4ed7-b830-bf686a3d4bb8/datanode-1/data/ratis/25ca30a9-0607-4620-ad51-3f968371fb08
2019-09-25 07:04:46,620 [pool-37-thread-1] INFO  server.RaftServerConfigKeys (ConfUtils.java:logGet(43)) - raft.server.log.queue.byte-limit = 2147483647 (custom)
2019-09-25 07:04:46,620 [pool-37-thread-1] INFO  server.RaftServerConfigKeys (ConfUtils.java:logGet(43)) - raft.server.log.queue.element-limit = 1024 (custom)
2019-09-25 07:04:46,620 [pool-37-thread-1] INFO  server.RaftServerConfigKeys (ConfUtils.java:logGet(43)) - raft.server.log.segment.size.max = 1048576 (custom)
2019-09-25 07:04:46,620 [pool-37-thread-1] INFO  server.RaftServerConfigKeys (ConfUtils.java:logGet(43)) - raft.server.log.preallocated.size = 16384 (custom)
2019-09-25 07:04:46,620 [pool-37-thread-1] INFO  server.RaftServerConfigKeys (ConfUtils.java:logGet(43)) - raft.server.log.write.buffer.size = 33554432 (custom)
2019-09-25 07:04:46,621 [pool-37-thread-1] INFO  server.RaftServerConfigKeys (ConfUtils.java:logGet(43)) - raft.server.log.force.sync.num = 128 (default)
2019-09-25 07:04:46,621 [pool-37-thread-1] INFO  server.RaftServerConfigKeys (ConfUtils.java:logGet(43)) - raft.server.log.statemachine.data.sync = true (default)
2019-09-25 07:04:46,621 [pool-37-thread-1] INFO  server.RaftServerConfigKeys (ConfUtils.java:logGet(43)) - raft.server.log.statemachine.data.sync.timeout = 10s (default)
2019-09-25 07:04:46,621 [pool-37-thread-1] INFO  server.RaftServerConfigKeys (ConfUtils.java:logGet(43)) - raft.server.log.statemachine.data.sync.timeout.retry = -1 (default)
2019-09-25 07:04:46,621 [pool-37-thread-1] INFO  server.RaftServerConfigKeys (ConfUtils.java:logGet(43)) - raft.server.log.statemachine.data.caching.enabled = true (custom)
2019-09-25 07:04:46,622 [pool-37-thread-1] INFO  segmented.SegmentedRaftLogWorker (SegmentedRaftLogWorker.java:lambda$new$0(132)) - 62ec8eb9-3ae9-4136-b70a-2caf3716fa7f@group-3F968371FB08-SegmentedRaftLogWorker: flushIndex: setUnconditionally 0 -> -1
2019-09-25 07:04:46,622 [pool-37-thread-1] INFO  server.RaftServerConfigKeys (ConfUtils.java:logGet(43)) - raft.server.snapshot.auto.trigger.enabled = true (custom)
2019-09-25 07:04:46,622 [pool-37-thread-1] INFO  server.RaftServerConfigKeys (ConfUtils.java:logGet(43)) - raft.server.snapshot.auto.trigger.threshold = 10000 (custom)
2019-09-25 07:04:46,622 [pool-37-thread-1] INFO  server.RaftServerConfigKeys (ConfUtils.java:logGet(43)) - raft.server.snapshot.retention.num.files = 5 (custom)
2019-09-25 07:04:46,623 [pool-37-thread-1] INFO  server.RaftServerConfigKeys (ConfUtils.java:logGet(43)) - raft.server.retrycache.expirytime = 600000ms (custom)
2019-09-25 07:04:46,626 [pool-37-thread-1] INFO  impl.RaftServerImpl (RaftServerImpl.java:start(185)) - 62ec8eb9-3ae9-4136-b70a-2caf3716fa7f@group-3F968371FB08: start as a follower, conf=-1: [62ec8eb9-3ae9-4136-b70a-2caf3716fa7f:192.168.30.10:44715], old=null
2019-09-25 07:04:46,626 [pool-37-thread-1] INFO  impl.RaftServerImpl (RaftServerImpl.java:setRole(174)) - 62ec8eb9-3ae9-4136-b70a-2caf3716fa7f@group-3F968371FB08: changes role from      null to FOLLOWER at term 0 for startAsFollower
2019-09-25 07:04:46,626 [pool-37-thread-1] INFO  impl.RoleInfo (RoleInfo.java:updateAndGet(143)) - 62ec8eb9-3ae9-4136-b70a-2caf3716fa7f: start FollowerState
2019-09-25 07:04:46,627 [pool-37-thread-1] INFO  util.JmxRegister (JmxRegister.java:tryRegister(44)) - Successfully registered JMX Bean with object name Ratis:service=RaftServer,group=group-3F968371FB08,id=62ec8eb9-3ae9-4136-b70a-2caf3716fa7f
2019-09-25 07:04:46,632 [RatisPipelineUtilsThread] INFO  pipeline.PipelineStateManager (PipelineStateManager.java:addPipeline(56)) - Created pipeline Pipeline[ Id: 25ca30a9-0607-4620-ad51-3f968371fb08, Nodes: 62ec8eb9-3ae9-4136-b70a-2caf3716fa7f{ip: 192.168.30.10, host: pr-hdds-1569-s62bp-3040748787, networkLocation: /default-rack, certSerialId: null}, Type:RATIS, Factor:ONE, State:OPEN]
2019-09-25 07:04:46,643 [grpc-default-executor-0] INFO  impl.RaftServerProxy (RaftServerProxy.java:addNew(89)) - 24bf2945-a329-4da6-aaf2-23ecd8d462c6: addNew group-2FCFD3ADB7BA:[24bf2945-a329-4da6-aaf2-23ecd8d462c6:192.168.30.10:42867] returns group-2FCFD3ADB7BA:java.util.concurrent.CompletableFuture@2840d47[Not completed]
2019-09-25 07:04:46,645 [pool-47-thread-1] INFO  impl.RaftServerImpl (RaftServerImpl.java:<init>(95)) - 24bf2945-a329-4da6-aaf2-23ecd8d462c6: new RaftServerImpl for group-2FCFD3ADB7BA:[24bf2945-a329-4da6-aaf2-23ecd8d462c6:192.168.30.10:42867] with ContainerStateMachine:uninitialized
2019-09-25 07:04:46,645 [pool-47-thread-1] INFO  server.RaftServerConfigKeys (ConfUtils.java:logGet(43)) - raft.server.rpc.timeout.min = 5s (custom)
2019-09-25 07:04:46,645 [pool-47-thread-1] INFO  server.RaftServerConfigKeys (ConfUtils.java:logGet(43)) - raft.server.rpc.timeout.max = 5200ms (custom)
2019-09-25 07:04:46,645 [pool-47-thread-1] INFO  server.RaftServerConfigKeys (ConfUtils.java:logGet(43)) - raft.server.rpcslowness.timeout = 120s (custom)
2019-09-25 07:04:46,646 [pool-47-thread-1] INFO  server.RaftServerConfigKeys (ConfUtils.java:logGet(43)) - raft.server.sleep.deviation.threshold = 300 (default)
2019-09-25 07:04:46,646 [pool-47-thread-1] INFO  server.RaftServerConfigKeys (ConfUtils.java:logGet(43)) - raft.server.log.appender.install.snapshot.enabled = false (custom)
2019-09-25 07:04:46,646 [pool-47-thread-1] INFO  impl.RaftServerImpl (ServerState.java:<init>(103)) - 24bf2945-a329-4da6-aaf2-23ecd8d462c6@group-2FCFD3ADB7BA: ConfigurationManager, init=-1: [24bf2945-a329-4da6-aaf2-23ecd8d462c6:192.168.30.10:42867], old=null, confs=<EMPTY_MAP>
2019-09-25 07:04:46,646 [pool-47-thread-1] INFO  server.RaftServerConfigKeys (ConfUtils.java:logGet(43)) - raft.server.storage.dir = [/workdir/hadoop-ozone/integration-test/target/test-dir/MiniOzoneClusterImpl-39af9574-7a8b-4ed7-b830-bf686a3d4bb8/datanode-2/data/ratis] (custom)
2019-09-25 07:04:46,647 [pool-47-thread-1] INFO  storage.RaftStorageDirectory (RaftStorageDirectory.java:analyzeStorage(246)) - The storage directory /workdir/hadoop-ozone/integration-test/target/test-dir/MiniOzoneClusterImpl-39af9574-7a8b-4ed7-b830-bf686a3d4bb8/datanode-2/data/ratis/8b842a3f-e2c5-4b4b-a709-2fcfd3adb7ba does not exist. Creating ...
2019-09-25 07:04:46,659 [pool-47-thread-1] INFO  storage.RaftStorageDirectory (RaftStorageDirectory.java:tryLock(328)) - Lock on /workdir/hadoop-ozone/integration-test/target/test-dir/MiniOzoneClusterImpl-39af9574-7a8b-4ed7-b830-bf686a3d4bb8/datanode-2/data/ratis/8b842a3f-e2c5-4b4b-a709-2fcfd3adb7ba/in_use.lock acquired by nodename 19495@pr-hdds-1569-s62bp-3040748787
2019-09-25 07:04:46,748 [pool-47-thread-1] INFO  storage.RaftStorage (RaftStorage.java:format(72)) - Storage directory /workdir/hadoop-ozone/integration-test/target/test-dir/MiniOzoneClusterImpl-39af9574-7a8b-4ed7-b830-bf686a3d4bb8/datanode-2/data/ratis/8b842a3f-e2c5-4b4b-a709-2fcfd3adb7ba has been successfully formatted.
2019-09-25 07:04:46,748 [pool-47-thread-1] INFO  ratis.ContainerStateMachine (ContainerStateMachine.java:loadSnapshot(230)) - group-2FCFD3ADB7BA: The snapshot info is null. Setting the last applied indexto:(t:0, i:~)
2019-09-25 07:04:46,748 [pool-47-thread-1] INFO  server.RaftServerConfigKeys (ConfUtils.java:logGet(43)) - raft.server.notification.no-leader.timeout = 120s (custom)
2019-09-25 07:04:46,748 [pool-47-thread-1] INFO  server.RaftServerConfigKeys (ConfUtils.java:logGet(43)) - raft.server.log.use.memory = false (default)
2019-09-25 07:04:46,749 [pool-47-thread-1] INFO  server.RaftServerConfigKeys (ConfUtils.java:logGet(43)) - raft.server.log.purge.gap = 1000000 (custom)
2019-09-25 07:04:46,749 [pool-47-thread-1] INFO  server.RaftServerConfigKeys (ConfUtils.java:logGet(43)) - raft.server.log.appender.buffer.byte-limit = 33554432 (custom)
2019-09-25 07:04:46,749 [pool-47-thread-1] INFO  server.RaftServerConfigKeys (ConfUtils.java:logGet(43)) - raft.server.log.segment.size.max = 1048576 (custom)
2019-09-25 07:04:46,749 [pool-47-thread-1] INFO  server.RaftServerConfigKeys (ConfUtils.java:logGet(43)) - raft.server.log.segment.cache.num.max = 2 (custom)
2019-09-25 07:04:46,750 [pool-47-thread-1] INFO  segmented.SegmentedRaftLogWorker (SegmentedRaftLogWorker.java:<init>(172)) - new 24bf2945-a329-4da6-aaf2-23ecd8d462c6@group-2FCFD3ADB7BA-SegmentedRaftLogWorker for RaftStorage:Storage Directory /workdir/hadoop-ozone/integration-test/target/test-dir/MiniOzoneClusterImpl-39af9574-7a8b-4ed7-b830-bf686a3d4bb8/datanode-2/data/ratis/8b842a3f-e2c5-4b4b-a709-2fcfd3adb7ba
2019-09-25 07:04:46,750 [pool-47-thread-1] INFO  server.RaftServerConfigKeys (ConfUtils.java:logGet(43)) - raft.server.log.queue.byte-limit = 2147483647 (custom)
2019-09-25 07:04:46,750 [pool-47-thread-1] INFO  server.RaftServerConfigKeys (ConfUtils.java:logGet(43)) - raft.server.log.queue.element-limit = 1024 (custom)
2019-09-25 07:04:46,750 [pool-47-thread-1] INFO  server.RaftServerConfigKeys (ConfUtils.java:logGet(43)) - raft.server.log.segment.size.max = 1048576 (custom)
2019-09-25 07:04:46,750 [pool-47-thread-1] INFO  server.RaftServerConfigKeys (ConfUtils.java:logGet(43)) - raft.server.log.preallocated.size = 16384 (custom)
2019-09-25 07:04:46,751 [pool-47-thread-1] INFO  server.RaftServerConfigKeys (ConfUtils.java:logGet(43)) - raft.server.log.write.buffer.size = 33554432 (custom)
2019-09-25 07:04:46,751 [pool-47-thread-1] INFO  server.RaftServerConfigKeys (ConfUtils.java:logGet(43)) - raft.server.log.force.sync.num = 128 (default)
2019-09-25 07:04:46,751 [pool-47-thread-1] INFO  server.RaftServerConfigKeys (ConfUtils.java:logGet(43)) - raft.server.log.statemachine.data.sync = true (default)
2019-09-25 07:04:46,751 [pool-47-thread-1] INFO  server.RaftServerConfigKeys (ConfUtils.java:logGet(43)) - raft.server.log.statemachine.data.sync.timeout = 10s (default)
2019-09-25 07:04:46,751 [pool-47-thread-1] INFO  server.RaftServerConfigKeys (ConfUtils.java:logGet(43)) - raft.server.log.statemachine.data.sync.timeout.retry = -1 (default)
2019-09-25 07:04:46,752 [pool-47-thread-1] INFO  server.RaftServerConfigKeys (ConfUtils.java:logGet(43)) - raft.server.log.statemachine.data.caching.enabled = true (custom)
2019-09-25 07:04:46,752 [pool-47-thread-1] INFO  segmented.SegmentedRaftLogWorker (SegmentedRaftLogWorker.java:lambda$new$0(132)) - 24bf2945-a329-4da6-aaf2-23ecd8d462c6@group-2FCFD3ADB7BA-SegmentedRaftLogWorker: flushIndex: setUnconditionally 0 -> -1
2019-09-25 07:04:46,752 [pool-47-thread-1] INFO  server.RaftServerConfigKeys (ConfUtils.java:logGet(43)) - raft.server.snapshot.auto.trigger.enabled = true (custom)
2019-09-25 07:04:46,753 [pool-47-thread-1] INFO  server.RaftServerConfigKeys (ConfUtils.java:logGet(43)) - raft.server.snapshot.auto.trigger.threshold = 10000 (custom)
2019-09-25 07:04:46,753 [pool-47-thread-1] INFO  server.RaftServerConfigKeys (ConfUtils.java:logGet(43)) - raft.server.snapshot.retention.num.files = 5 (custom)
2019-09-25 07:04:46,753 [pool-47-thread-1] INFO  server.RaftServerConfigKeys (ConfUtils.java:logGet(43)) - raft.server.retrycache.expirytime = 600000ms (custom)
2019-09-25 07:04:46,756 [pool-47-thread-1] INFO  impl.RaftServerImpl (RaftServerImpl.java:start(185)) - 24bf2945-a329-4da6-aaf2-23ecd8d462c6@group-2FCFD3ADB7BA: start as a follower, conf=-1: [24bf2945-a329-4da6-aaf2-23ecd8d462c6:192.168.30.10:42867], old=null
2019-09-25 07:04:46,756 [pool-47-thread-1] INFO  impl.RaftServerImpl (RaftServerImpl.java:setRole(174)) - 24bf2945-a329-4da6-aaf2-23ecd8d462c6@group-2FCFD3ADB7BA: changes role from      null to FOLLOWER at term 0 for startAsFollower
2019-09-25 07:04:46,757 [pool-47-thread-1] INFO  impl.RoleInfo (RoleInfo.java:updateAndGet(143)) - 24bf2945-a329-4da6-aaf2-23ecd8d462c6: start FollowerState
2019-09-25 07:04:46,757 [pool-47-thread-1] INFO  util.JmxRegister (JmxRegister.java:tryRegister(44)) - Successfully registered JMX Bean with object name Ratis:service=RaftServer,group=group-2FCFD3ADB7BA,id=24bf2945-a329-4da6-aaf2-23ecd8d462c6
2019-09-25 07:04:46,762 [RatisPipelineUtilsThread] INFO  pipeline.PipelineStateManager (PipelineStateManager.java:addPipeline(56)) - Created pipeline Pipeline[ Id: 8b842a3f-e2c5-4b4b-a709-2fcfd3adb7ba, Nodes: 24bf2945-a329-4da6-aaf2-23ecd8d462c6{ip: 192.168.30.10, host: pr-hdds-1569-s62bp-3040748787, networkLocation: /default-rack, certSerialId: null}, Type:RATIS, Factor:ONE, State:OPEN]
2019-09-25 07:04:46,772 [grpc-default-executor-0] INFO  impl.RaftServerProxy (RaftServerProxy.java:addNew(89)) - 24bf2945-a329-4da6-aaf2-23ecd8d462c6: addNew group-A497E45D18FB:[24bf2945-a329-4da6-aaf2-23ecd8d462c6:192.168.30.10:42867] returns group-A497E45D18FB:java.util.concurrent.CompletableFuture@5e588986[Not completed]
2019-09-25 07:04:46,774 [pool-47-thread-1] INFO  impl.RaftServerImpl (RaftServerImpl.java:<init>(95)) - 24bf2945-a329-4da6-aaf2-23ecd8d462c6: new RaftServerImpl for group-A497E45D18FB:[24bf2945-a329-4da6-aaf2-23ecd8d462c6:192.168.30.10:42867] with ContainerStateMachine:uninitialized
2019-09-25 07:04:46,774 [pool-47-thread-1] INFO  server.RaftServerConfigKeys (ConfUtils.java:logGet(43)) - raft.server.rpc.timeout.min = 5s (custom)
2019-09-25 07:04:46,774 [pool-47-thread-1] INFO  server.RaftServerConfigKeys (ConfUtils.java:logGet(43)) - raft.server.rpc.timeout.max = 5200ms (custom)
2019-09-25 07:04:46,774 [pool-47-thread-1] INFO  server.RaftServerConfigKeys (ConfUtils.java:logGet(43)) - raft.server.rpcslowness.timeout = 120s (custom)
2019-09-25 07:04:46,774 [pool-47-thread-1] INFO  server.RaftServerConfigKeys (ConfUtils.java:logGet(43)) - raft.server.sleep.deviation.threshold = 300 (default)
2019-09-25 07:04:46,775 [pool-47-thread-1] INFO  server.RaftServerConfigKeys (ConfUtils.java:logGet(43)) - raft.server.log.appender.install.snapshot.enabled = false (custom)
2019-09-25 07:04:46,775 [pool-47-thread-1] INFO  impl.RaftServerImpl (ServerState.java:<init>(103)) - 24bf2945-a329-4da6-aaf2-23ecd8d462c6@group-A497E45D18FB: ConfigurationManager, init=-1: [24bf2945-a329-4da6-aaf2-23ecd8d462c6:192.168.30.10:42867], old=null, confs=<EMPTY_MAP>
2019-09-25 07:04:46,775 [pool-47-thread-1] INFO  server.RaftServerConfigKeys (ConfUtils.java:logGet(43)) - raft.server.storage.dir = [/workdir/hadoop-ozone/integration-test/target/test-dir/MiniOzoneClusterImpl-39af9574-7a8b-4ed7-b830-bf686a3d4bb8/datanode-2/data/ratis] (custom)
2019-09-25 07:04:46,775 [pool-47-thread-1] INFO  storage.RaftStorageDirectory (RaftStorageDirectory.java:analyzeStorage(246)) - The storage directory /workdir/hadoop-ozone/integration-test/target/test-dir/MiniOzoneClusterImpl-39af9574-7a8b-4ed7-b830-bf686a3d4bb8/datanode-2/data/ratis/5e53ed7b-da7d-4365-ad29-a497e45d18fb does not exist. Creating ...
2019-09-25 07:04:46,797 [pool-47-thread-1] INFO  storage.RaftStorageDirectory (RaftStorageDirectory.java:tryLock(328)) - Lock on /workdir/hadoop-ozone/integration-test/target/test-dir/MiniOzoneClusterImpl-39af9574-7a8b-4ed7-b830-bf686a3d4bb8/datanode-2/data/ratis/5e53ed7b-da7d-4365-ad29-a497e45d18fb/in_use.lock acquired by nodename 19495@pr-hdds-1569-s62bp-3040748787
2019-09-25 07:04:46,807 [pool-47-thread-1] INFO  storage.RaftStorage (RaftStorage.java:format(72)) - Storage directory /workdir/hadoop-ozone/integration-test/target/test-dir/MiniOzoneClusterImpl-39af9574-7a8b-4ed7-b830-bf686a3d4bb8/datanode-2/data/ratis/5e53ed7b-da7d-4365-ad29-a497e45d18fb has been successfully formatted.
2019-09-25 07:04:46,807 [pool-47-thread-1] INFO  ratis.ContainerStateMachine (ContainerStateMachine.java:loadSnapshot(230)) - group-A497E45D18FB: The snapshot info is null. Setting the last applied indexto:(t:0, i:~)
2019-09-25 07:04:46,807 [pool-47-thread-1] INFO  server.RaftServerConfigKeys (ConfUtils.java:logGet(43)) - raft.server.notification.no-leader.timeout = 120s (custom)
2019-09-25 07:04:46,807 [pool-47-thread-1] INFO  server.RaftServerConfigKeys (ConfUtils.java:logGet(43)) - raft.server.log.use.memory = false (default)
2019-09-25 07:04:46,808 [pool-47-thread-1] INFO  server.RaftServerConfigKeys (ConfUtils.java:logGet(43)) - raft.server.log.purge.gap = 1000000 (custom)
2019-09-25 07:04:46,808 [pool-47-thread-1] INFO  server.RaftServerConfigKeys (ConfUtils.java:logGet(43)) - raft.server.log.appender.buffer.byte-limit = 33554432 (custom)
2019-09-25 07:04:46,808 [pool-47-thread-1] INFO  server.RaftServerConfigKeys (ConfUtils.java:logGet(43)) - raft.server.log.segment.size.max = 1048576 (custom)
2019-09-25 07:04:46,808 [pool-47-thread-1] INFO  server.RaftServerConfigKeys (ConfUtils.java:logGet(43)) - raft.server.log.segment.cache.num.max = 2 (custom)
2019-09-25 07:04:46,808 [pool-47-thread-1] INFO  segmented.SegmentedRaftLogWorker (SegmentedRaftLogWorker.java:<init>(172)) - new 24bf2945-a329-4da6-aaf2-23ecd8d462c6@group-A497E45D18FB-SegmentedRaftLogWorker for RaftStorage:Storage Directory /workdir/hadoop-ozone/integration-test/target/test-dir/MiniOzoneClusterImpl-39af9574-7a8b-4ed7-b830-bf686a3d4bb8/datanode-2/data/ratis/5e53ed7b-da7d-4365-ad29-a497e45d18fb
2019-09-25 07:04:46,809 [pool-47-thread-1] INFO  server.RaftServerConfigKeys (ConfUtils.java:logGet(43)) - raft.server.log.queue.byte-limit = 2147483647 (custom)
2019-09-25 07:04:46,809 [pool-47-thread-1] INFO  server.RaftServerConfigKeys (ConfUtils.java:logGet(43)) - raft.server.log.queue.element-limit = 1024 (custom)
2019-09-25 07:04:46,809 [pool-47-thread-1] INFO  server.RaftServerConfigKeys (ConfUtils.java:logGet(43)) - raft.server.log.segment.size.max = 1048576 (custom)
2019-09-25 07:04:46,809 [pool-47-thread-1] INFO  server.RaftServerConfigKeys (ConfUtils.java:logGet(43)) - raft.server.log.preallocated.size = 16384 (custom)
2019-09-25 07:04:46,809 [pool-47-thread-1] INFO  server.RaftServerConfigKeys (ConfUtils.java:logGet(43)) - raft.server.log.write.buffer.size = 33554432 (custom)
2019-09-25 07:04:46,809 [pool-47-thread-1] INFO  server.RaftServerConfigKeys (ConfUtils.java:logGet(43)) - raft.server.log.force.sync.num = 128 (default)
2019-09-25 07:04:46,810 [pool-47-thread-1] INFO  server.RaftServerConfigKeys (ConfUtils.java:logGet(43)) - raft.server.log.statemachine.data.sync = true (default)
2019-09-25 07:04:46,810 [pool-47-thread-1] INFO  server.RaftServerConfigKeys (ConfUtils.java:logGet(43)) - raft.server.log.statemachine.data.sync.timeout = 10s (default)
2019-09-25 07:04:46,810 [pool-47-thread-1] INFO  server.RaftServerConfigKeys (ConfUtils.java:logGet(43)) - raft.server.log.statemachine.data.sync.timeout.retry = -1 (default)
2019-09-25 07:04:46,810 [pool-47-thread-1] INFO  server.RaftServerConfigKeys (ConfUtils.java:logGet(43)) - raft.server.log.statemachine.data.caching.enabled = true (custom)
2019-09-25 07:04:46,811 [pool-47-thread-1] INFO  segmented.SegmentedRaftLogWorker (SegmentedRaftLogWorker.java:lambda$new$0(132)) - 24bf2945-a329-4da6-aaf2-23ecd8d462c6@group-A497E45D18FB-SegmentedRaftLogWorker: flushIndex: setUnconditionally 0 -> -1
2019-09-25 07:04:46,811 [pool-47-thread-1] INFO  server.RaftServerConfigKeys (ConfUtils.java:logGet(43)) - raft.server.snapshot.auto.trigger.enabled = true (custom)
2019-09-25 07:04:46,811 [pool-47-thread-1] INFO  server.RaftServerConfigKeys (ConfUtils.java:logGet(43)) - raft.server.snapshot.auto.trigger.threshold = 10000 (custom)
2019-09-25 07:04:46,811 [pool-47-thread-1] INFO  server.RaftServerConfigKeys (ConfUtils.java:logGet(43)) - raft.server.snapshot.retention.num.files = 5 (custom)
2019-09-25 07:04:46,812 [pool-47-thread-1] INFO  server.RaftServerConfigKeys (ConfUtils.java:logGet(43)) - raft.server.retrycache.expirytime = 600000ms (custom)
2019-09-25 07:04:46,815 [pool-47-thread-1] INFO  impl.RaftServerImpl (RaftServerImpl.java:start(185)) - 24bf2945-a329-4da6-aaf2-23ecd8d462c6@group-A497E45D18FB: start as a follower, conf=-1: [24bf2945-a329-4da6-aaf2-23ecd8d462c6:192.168.30.10:42867], old=null
2019-09-25 07:04:46,815 [pool-47-thread-1] INFO  impl.RaftServerImpl (RaftServerImpl.java:setRole(174)) - 24bf2945-a329-4da6-aaf2-23ecd8d462c6@group-A497E45D18FB: changes role from      null to FOLLOWER at term 0 for startAsFollower
2019-09-25 07:04:46,815 [pool-47-thread-1] INFO  impl.RoleInfo (RoleInfo.java:updateAndGet(143)) - 24bf2945-a329-4da6-aaf2-23ecd8d462c6: start FollowerState
2019-09-25 07:04:46,816 [pool-47-thread-1] INFO  util.JmxRegister (JmxRegister.java:tryRegister(44)) - Successfully registered JMX Bean with object name Ratis:service=RaftServer,group=group-A497E45D18FB,id=24bf2945-a329-4da6-aaf2-23ecd8d462c6
2019-09-25 07:04:46,821 [RatisPipelineUtilsThread] INFO  pipeline.PipelineStateManager (PipelineStateManager.java:addPipeline(56)) - Created pipeline Pipeline[ Id: 5e53ed7b-da7d-4365-ad29-a497e45d18fb, Nodes: 24bf2945-a329-4da6-aaf2-23ecd8d462c6{ip: 192.168.30.10, host: pr-hdds-1569-s62bp-3040748787, networkLocation: /default-rack, certSerialId: null}, Type:RATIS, Factor:ONE, State:OPEN]
2019-09-25 07:04:46,831 [grpc-default-executor-0] INFO  impl.RaftServerProxy (RaftServerProxy.java:addNew(89)) - e568d23f-199e-48ce-91e4-5c166e2e97cd: addNew group-0AB108C2888E:[e568d23f-199e-48ce-91e4-5c166e2e97cd:192.168.30.10:42827] returns group-0AB108C2888E:java.util.concurrent.CompletableFuture@5a3023b[Not completed]
2019-09-25 07:04:46,832 [pool-27-thread-1] INFO  impl.RaftServerImpl (RaftServerImpl.java:<init>(95)) - e568d23f-199e-48ce-91e4-5c166e2e97cd: new RaftServerImpl for group-0AB108C2888E:[e568d23f-199e-48ce-91e4-5c166e2e97cd:192.168.30.10:42827] with ContainerStateMachine:uninitialized
2019-09-25 07:04:46,833 [pool-27-thread-1] INFO  server.RaftServerConfigKeys (ConfUtils.java:logGet(43)) - raft.server.rpc.timeout.min = 5s (custom)
2019-09-25 07:04:46,833 [pool-27-thread-1] INFO  server.RaftServerConfigKeys (ConfUtils.java:logGet(43)) - raft.server.rpc.timeout.max = 5200ms (custom)
2019-09-25 07:04:46,833 [pool-27-thread-1] INFO  server.RaftServerConfigKeys (ConfUtils.java:logGet(43)) - raft.server.rpcslowness.timeout = 120s (custom)
2019-09-25 07:04:46,833 [pool-27-thread-1] INFO  server.RaftServerConfigKeys (ConfUtils.java:logGet(43)) - raft.server.sleep.deviation.threshold = 300 (default)
2019-09-25 07:04:46,833 [pool-27-thread-1] INFO  server.RaftServerConfigKeys (ConfUtils.java:logGet(43)) - raft.server.log.appender.install.snapshot.enabled = false (custom)
2019-09-25 07:04:46,833 [pool-27-thread-1] INFO  impl.RaftServerImpl (ServerState.java:<init>(103)) - e568d23f-199e-48ce-91e4-5c166e2e97cd@group-0AB108C2888E: ConfigurationManager, init=-1: [e568d23f-199e-48ce-91e4-5c166e2e97cd:192.168.30.10:42827], old=null, confs=<EMPTY_MAP>
2019-09-25 07:04:46,834 [pool-27-thread-1] INFO  server.RaftServerConfigKeys (ConfUtils.java:logGet(43)) - raft.server.storage.dir = [/workdir/hadoop-ozone/integration-test/target/test-dir/MiniOzoneClusterImpl-39af9574-7a8b-4ed7-b830-bf686a3d4bb8/datanode-0/data/ratis] (custom)
2019-09-25 07:04:46,834 [pool-27-thread-1] INFO  storage.RaftStorageDirectory (RaftStorageDirectory.java:analyzeStorage(246)) - The storage directory /workdir/hadoop-ozone/integration-test/target/test-dir/MiniOzoneClusterImpl-39af9574-7a8b-4ed7-b830-bf686a3d4bb8/datanode-0/data/ratis/1cb70f70-f5b5-43ad-a8ce-0ab108c2888e does not exist. Creating ...
2019-09-25 07:04:46,847 [pool-27-thread-1] INFO  storage.RaftStorageDirectory (RaftStorageDirectory.java:tryLock(328)) - Lock on /workdir/hadoop-ozone/integration-test/target/test-dir/MiniOzoneClusterImpl-39af9574-7a8b-4ed7-b830-bf686a3d4bb8/datanode-0/data/ratis/1cb70f70-f5b5-43ad-a8ce-0ab108c2888e/in_use.lock acquired by nodename 19495@pr-hdds-1569-s62bp-3040748787
2019-09-25 07:04:46,861 [pool-27-thread-1] INFO  storage.RaftStorage (RaftStorage.java:format(72)) - Storage directory /workdir/hadoop-ozone/integration-test/target/test-dir/MiniOzoneClusterImpl-39af9574-7a8b-4ed7-b830-bf686a3d4bb8/datanode-0/data/ratis/1cb70f70-f5b5-43ad-a8ce-0ab108c2888e has been successfully formatted.
2019-09-25 07:04:46,861 [pool-27-thread-1] INFO  ratis.ContainerStateMachine (ContainerStateMachine.java:loadSnapshot(230)) - group-0AB108C2888E: The snapshot info is null. Setting the last applied indexto:(t:0, i:~)
2019-09-25 07:04:46,861 [pool-27-thread-1] INFO  server.RaftServerConfigKeys (ConfUtils.java:logGet(43)) - raft.server.notification.no-leader.timeout = 120s (custom)
2019-09-25 07:04:46,862 [pool-27-thread-1] INFO  server.RaftServerConfigKeys (ConfUtils.java:logGet(43)) - raft.server.log.use.memory = false (default)
2019-09-25 07:04:46,862 [pool-27-thread-1] INFO  server.RaftServerConfigKeys (ConfUtils.java:logGet(43)) - raft.server.log.purge.gap = 1000000 (custom)
2019-09-25 07:04:46,862 [pool-27-thread-1] INFO  server.RaftServerConfigKeys (ConfUtils.java:logGet(43)) - raft.server.log.appender.buffer.byte-limit = 33554432 (custom)
2019-09-25 07:04:46,862 [pool-27-thread-1] INFO  server.RaftServerConfigKeys (ConfUtils.java:logGet(43)) - raft.server.log.segment.size.max = 1048576 (custom)
2019-09-25 07:04:46,862 [pool-27-thread-1] INFO  server.RaftServerConfigKeys (ConfUtils.java:logGet(43)) - raft.server.log.segment.cache.num.max = 2 (custom)
2019-09-25 07:04:46,863 [pool-27-thread-1] INFO  segmented.SegmentedRaftLogWorker (SegmentedRaftLogWorker.java:<init>(172)) - new e568d23f-199e-48ce-91e4-5c166e2e97cd@group-0AB108C2888E-SegmentedRaftLogWorker for RaftStorage:Storage Directory /workdir/hadoop-ozone/integration-test/target/test-dir/MiniOzoneClusterImpl-39af9574-7a8b-4ed7-b830-bf686a3d4bb8/datanode-0/data/ratis/1cb70f70-f5b5-43ad-a8ce-0ab108c2888e
2019-09-25 07:04:46,863 [pool-27-thread-1] INFO  server.RaftServerConfigKeys (ConfUtils.java:logGet(43)) - raft.server.log.queue.byte-limit = 2147483647 (custom)
2019-09-25 07:04:46,863 [pool-27-thread-1] INFO  server.RaftServerConfigKeys (ConfUtils.java:logGet(43)) - raft.server.log.queue.element-limit = 1024 (custom)
2019-09-25 07:04:46,863 [pool-27-thread-1] INFO  server.RaftServerConfigKeys (ConfUtils.java:logGet(43)) - raft.server.log.segment.size.max = 1048576 (custom)
2019-09-25 07:04:46,863 [pool-27-thread-1] INFO  server.RaftServerConfigKeys (ConfUtils.java:logGet(43)) - raft.server.log.preallocated.size = 16384 (custom)
2019-09-25 07:04:46,863 [pool-27-thread-1] INFO  server.RaftServerConfigKeys (ConfUtils.java:logGet(43)) - raft.server.log.write.buffer.size = 33554432 (custom)
2019-09-25 07:04:46,864 [pool-27-thread-1] INFO  server.RaftServerConfigKeys (ConfUtils.java:logGet(43)) - raft.server.log.force.sync.num = 128 (default)
2019-09-25 07:04:46,864 [pool-27-thread-1] INFO  server.RaftServerConfigKeys (ConfUtils.java:logGet(43)) - raft.server.log.statemachine.data.sync = true (default)
2019-09-25 07:04:46,864 [pool-27-thread-1] INFO  server.RaftServerConfigKeys (ConfUtils.java:logGet(43)) - raft.server.log.statemachine.data.sync.timeout = 10s (default)
2019-09-25 07:04:46,864 [pool-27-thread-1] INFO  server.RaftServerConfigKeys (ConfUtils.java:logGet(43)) - raft.server.log.statemachine.data.sync.timeout.retry = -1 (default)
2019-09-25 07:04:46,864 [pool-27-thread-1] INFO  server.RaftServerConfigKeys (ConfUtils.java:logGet(43)) - raft.server.log.statemachine.data.caching.enabled = true (custom)
2019-09-25 07:04:46,865 [pool-27-thread-1] INFO  segmented.SegmentedRaftLogWorker (SegmentedRaftLogWorker.java:lambda$new$0(132)) - e568d23f-199e-48ce-91e4-5c166e2e97cd@group-0AB108C2888E-SegmentedRaftLogWorker: flushIndex: setUnconditionally 0 -> -1
2019-09-25 07:04:46,865 [pool-27-thread-1] INFO  server.RaftServerConfigKeys (ConfUtils.java:logGet(43)) - raft.server.snapshot.auto.trigger.enabled = true (custom)
2019-09-25 07:04:46,865 [pool-27-thread-1] INFO  server.RaftServerConfigKeys (ConfUtils.java:logGet(43)) - raft.server.snapshot.auto.trigger.threshold = 10000 (custom)
2019-09-25 07:04:46,865 [pool-27-thread-1] INFO  server.RaftServerConfigKeys (ConfUtils.java:logGet(43)) - raft.server.snapshot.retention.num.files = 5 (custom)
2019-09-25 07:04:46,866 [pool-27-thread-1] INFO  server.RaftServerConfigKeys (ConfUtils.java:logGet(43)) - raft.server.retrycache.expirytime = 600000ms (custom)
2019-09-25 07:04:46,869 [pool-27-thread-1] INFO  impl.RaftServerImpl (RaftServerImpl.java:start(185)) - e568d23f-199e-48ce-91e4-5c166e2e97cd@group-0AB108C2888E: start as a follower, conf=-1: [e568d23f-199e-48ce-91e4-5c166e2e97cd:192.168.30.10:42827], old=null
2019-09-25 07:04:46,869 [pool-27-thread-1] INFO  impl.RaftServerImpl (RaftServerImpl.java:setRole(174)) - e568d23f-199e-48ce-91e4-5c166e2e97cd@group-0AB108C2888E: changes role from      null to FOLLOWER at term 0 for startAsFollower
2019-09-25 07:04:46,869 [pool-27-thread-1] INFO  impl.RoleInfo (RoleInfo.java:updateAndGet(143)) - e568d23f-199e-48ce-91e4-5c166e2e97cd: start FollowerState
2019-09-25 07:04:46,870 [pool-27-thread-1] INFO  util.JmxRegister (JmxRegister.java:tryRegister(44)) - Successfully registered JMX Bean with object name Ratis:service=RaftServer,group=group-0AB108C2888E,id=e568d23f-199e-48ce-91e4-5c166e2e97cd
2019-09-25 07:04:46,876 [RatisPipelineUtilsThread] INFO  pipeline.PipelineStateManager (PipelineStateManager.java:addPipeline(56)) - Created pipeline Pipeline[ Id: 1cb70f70-f5b5-43ad-a8ce-0ab108c2888e, Nodes: e568d23f-199e-48ce-91e4-5c166e2e97cd{ip: 192.168.30.10, host: pr-hdds-1569-s62bp-3040748787, networkLocation: /default-rack, certSerialId: null}, Type:RATIS, Factor:ONE, State:OPEN]
2019-09-25 07:04:46,886 [grpc-default-executor-0] INFO  impl.RaftServerProxy (RaftServerProxy.java:addNew(89)) - 62ec8eb9-3ae9-4136-b70a-2caf3716fa7f: addNew group-80C48EA242F6:[62ec8eb9-3ae9-4136-b70a-2caf3716fa7f:192.168.30.10:44715] returns group-80C48EA242F6:java.util.concurrent.CompletableFuture@128d50fd[Not completed]
2019-09-25 07:04:46,888 [pool-37-thread-1] INFO  impl.RaftServerImpl (RaftServerImpl.java:<init>(95)) - 62ec8eb9-3ae9-4136-b70a-2caf3716fa7f: new RaftServerImpl for group-80C48EA242F6:[62ec8eb9-3ae9-4136-b70a-2caf3716fa7f:192.168.30.10:44715] with ContainerStateMachine:uninitialized
2019-09-25 07:04:46,888 [pool-37-thread-1] INFO  server.RaftServerConfigKeys (ConfUtils.java:logGet(43)) - raft.server.rpc.timeout.min = 5s (custom)
2019-09-25 07:04:46,888 [pool-37-thread-1] INFO  server.RaftServerConfigKeys (ConfUtils.java:logGet(43)) - raft.server.rpc.timeout.max = 5200ms (custom)
2019-09-25 07:04:46,888 [pool-37-thread-1] INFO  server.RaftServerConfigKeys (ConfUtils.java:logGet(43)) - raft.server.rpcslowness.timeout = 120s (custom)
2019-09-25 07:04:46,888 [pool-37-thread-1] INFO  server.RaftServerConfigKeys (ConfUtils.java:logGet(43)) - raft.server.sleep.deviation.threshold = 300 (default)
2019-09-25 07:04:46,888 [pool-37-thread-1] INFO  server.RaftServerConfigKeys (ConfUtils.java:logGet(43)) - raft.server.log.appender.install.snapshot.enabled = false (custom)
2019-09-25 07:04:46,889 [pool-37-thread-1] INFO  impl.RaftServerImpl (ServerState.java:<init>(103)) - 62ec8eb9-3ae9-4136-b70a-2caf3716fa7f@group-80C48EA242F6: ConfigurationManager, init=-1: [62ec8eb9-3ae9-4136-b70a-2caf3716fa7f:192.168.30.10:44715], old=null, confs=<EMPTY_MAP>
2019-09-25 07:04:46,889 [pool-37-thread-1] INFO  server.RaftServerConfigKeys (ConfUtils.java:logGet(43)) - raft.server.storage.dir = [/workdir/hadoop-ozone/integration-test/target/test-dir/MiniOzoneClusterImpl-39af9574-7a8b-4ed7-b830-bf686a3d4bb8/datanode-1/data/ratis] (custom)
2019-09-25 07:04:46,889 [pool-37-thread-1] INFO  storage.RaftStorageDirectory (RaftStorageDirectory.java:analyzeStorage(246)) - The storage directory /workdir/hadoop-ozone/integration-test/target/test-dir/MiniOzoneClusterImpl-39af9574-7a8b-4ed7-b830-bf686a3d4bb8/datanode-1/data/ratis/07728750-bc33-4a12-99ed-80c48ea242f6 does not exist. Creating ...
2019-09-25 07:04:46,911 [pool-37-thread-1] INFO  storage.RaftStorageDirectory (RaftStorageDirectory.java:tryLock(328)) - Lock on /workdir/hadoop-ozone/integration-test/target/test-dir/MiniOzoneClusterImpl-39af9574-7a8b-4ed7-b830-bf686a3d4bb8/datanode-1/data/ratis/07728750-bc33-4a12-99ed-80c48ea242f6/in_use.lock acquired by nodename 19495@pr-hdds-1569-s62bp-3040748787
2019-09-25 07:04:46,925 [pool-37-thread-1] INFO  storage.RaftStorage (RaftStorage.java:format(72)) - Storage directory /workdir/hadoop-ozone/integration-test/target/test-dir/MiniOzoneClusterImpl-39af9574-7a8b-4ed7-b830-bf686a3d4bb8/datanode-1/data/ratis/07728750-bc33-4a12-99ed-80c48ea242f6 has been successfully formatted.
2019-09-25 07:04:46,925 [pool-37-thread-1] INFO  ratis.ContainerStateMachine (ContainerStateMachine.java:loadSnapshot(230)) - group-80C48EA242F6: The snapshot info is null. Setting the last applied indexto:(t:0, i:~)
2019-09-25 07:04:46,925 [pool-37-thread-1] INFO  server.RaftServerConfigKeys (ConfUtils.java:logGet(43)) - raft.server.notification.no-leader.timeout = 120s (custom)
2019-09-25 07:04:46,925 [pool-37-thread-1] INFO  server.RaftServerConfigKeys (ConfUtils.java:logGet(43)) - raft.server.log.use.memory = false (default)
2019-09-25 07:04:46,926 [pool-37-thread-1] INFO  server.RaftServerConfigKeys (ConfUtils.java:logGet(43)) - raft.server.log.purge.gap = 1000000 (custom)
2019-09-25 07:04:46,926 [pool-37-thread-1] INFO  server.RaftServerConfigKeys (ConfUtils.java:logGet(43)) - raft.server.log.appender.buffer.byte-limit = 33554432 (custom)
2019-09-25 07:04:46,926 [pool-37-thread-1] INFO  server.RaftServerConfigKeys (ConfUtils.java:logGet(43)) - raft.server.log.segment.size.max = 1048576 (custom)
2019-09-25 07:04:46,926 [pool-37-thread-1] INFO  server.RaftServerConfigKeys (ConfUtils.java:logGet(43)) - raft.server.log.segment.cache.num.max = 2 (custom)
2019-09-25 07:04:46,926 [pool-37-thread-1] INFO  segmented.SegmentedRaftLogWorker (SegmentedRaftLogWorker.java:<init>(172)) - new 62ec8eb9-3ae9-4136-b70a-2caf3716fa7f@group-80C48EA242F6-SegmentedRaftLogWorker for RaftStorage:Storage Directory /workdir/hadoop-ozone/integration-test/target/test-dir/MiniOzoneClusterImpl-39af9574-7a8b-4ed7-b830-bf686a3d4bb8/datanode-1/data/ratis/07728750-bc33-4a12-99ed-80c48ea242f6
2019-09-25 07:04:46,926 [pool-37-thread-1] INFO  server.RaftServerConfigKeys (ConfUtils.java:logGet(43)) - raft.server.log.queue.byte-limit = 2147483647 (custom)
2019-09-25 07:04:46,927 [pool-37-thread-1] INFO  server.RaftServerConfigKeys (ConfUtils.java:logGet(43)) - raft.server.log.queue.element-limit = 1024 (custom)
2019-09-25 07:04:46,927 [pool-37-thread-1] INFO  server.RaftServerConfigKeys (ConfUtils.java:logGet(43)) - raft.server.log.segment.size.max = 1048576 (custom)
2019-09-25 07:04:46,927 [pool-37-thread-1] INFO  server.RaftServerConfigKeys (ConfUtils.java:logGet(43)) - raft.server.log.preallocated.size = 16384 (custom)
2019-09-25 07:04:46,927 [pool-37-thread-1] INFO  server.RaftServerConfigKeys (ConfUtils.java:logGet(43)) - raft.server.log.write.buffer.size = 33554432 (custom)
2019-09-25 07:04:46,927 [pool-37-thread-1] INFO  server.RaftServerConfigKeys (ConfUtils.java:logGet(43)) - raft.server.log.force.sync.num = 128 (default)
2019-09-25 07:04:46,928 [pool-37-thread-1] INFO  server.RaftServerConfigKeys (ConfUtils.java:logGet(43)) - raft.server.log.statemachine.data.sync = true (default)
2019-09-25 07:04:46,928 [pool-37-thread-1] INFO  server.RaftServerConfigKeys (ConfUtils.java:logGet(43)) - raft.server.log.statemachine.data.sync.timeout = 10s (default)
2019-09-25 07:04:46,928 [pool-37-thread-1] INFO  server.RaftServerConfigKeys (ConfUtils.java:logGet(43)) - raft.server.log.statemachine.data.sync.timeout.retry = -1 (default)
2019-09-25 07:04:46,928 [pool-37-thread-1] INFO  server.RaftServerConfigKeys (ConfUtils.java:logGet(43)) - raft.server.log.statemachine.data.caching.enabled = true (custom)
2019-09-25 07:04:46,929 [pool-37-thread-1] INFO  segmented.SegmentedRaftLogWorker (SegmentedRaftLogWorker.java:lambda$new$0(132)) - 62ec8eb9-3ae9-4136-b70a-2caf3716fa7f@group-80C48EA242F6-SegmentedRaftLogWorker: flushIndex: setUnconditionally 0 -> -1
2019-09-25 07:04:46,929 [pool-37-thread-1] INFO  server.RaftServerConfigKeys (ConfUtils.java:logGet(43)) - raft.server.snapshot.auto.trigger.enabled = true (custom)
2019-09-25 07:04:46,929 [pool-37-thread-1] INFO  server.RaftServerConfigKeys (ConfUtils.java:logGet(43)) - raft.server.snapshot.auto.trigger.threshold = 10000 (custom)
2019-09-25 07:04:46,929 [pool-37-thread-1] INFO  server.RaftServerConfigKeys (ConfUtils.java:logGet(43)) - raft.server.snapshot.retention.num.files = 5 (custom)
2019-09-25 07:04:46,930 [pool-37-thread-1] INFO  server.RaftServerConfigKeys (ConfUtils.java:logGet(43)) - raft.server.retrycache.expirytime = 600000ms (custom)
2019-09-25 07:04:46,933 [pool-37-thread-1] INFO  impl.RaftServerImpl (RaftServerImpl.java:start(185)) - 62ec8eb9-3ae9-4136-b70a-2caf3716fa7f@group-80C48EA242F6: start as a follower, conf=-1: [62ec8eb9-3ae9-4136-b70a-2caf3716fa7f:192.168.30.10:44715], old=null
2019-09-25 07:04:46,933 [pool-37-thread-1] INFO  impl.RaftServerImpl (RaftServerImpl.java:setRole(174)) - 62ec8eb9-3ae9-4136-b70a-2caf3716fa7f@group-80C48EA242F6: changes role from      null to FOLLOWER at term 0 for startAsFollower
2019-09-25 07:04:46,933 [pool-37-thread-1] INFO  impl.RoleInfo (RoleInfo.java:updateAndGet(143)) - 62ec8eb9-3ae9-4136-b70a-2caf3716fa7f: start FollowerState
2019-09-25 07:04:46,934 [pool-37-thread-1] INFO  util.JmxRegister (JmxRegister.java:tryRegister(44)) - Successfully registered JMX Bean with object name Ratis:service=RaftServer,group=group-80C48EA242F6,id=62ec8eb9-3ae9-4136-b70a-2caf3716fa7f
2019-09-25 07:04:46,938 [RatisPipelineUtilsThread] INFO  pipeline.PipelineStateManager (PipelineStateManager.java:addPipeline(56)) - Created pipeline Pipeline[ Id: 07728750-bc33-4a12-99ed-80c48ea242f6, Nodes: 62ec8eb9-3ae9-4136-b70a-2caf3716fa7f{ip: 192.168.30.10, host: pr-hdds-1569-s62bp-3040748787, networkLocation: /default-rack, certSerialId: null}, Type:RATIS, Factor:ONE, State:OPEN]
2019-09-25 07:04:46,948 [grpc-default-executor-0] INFO  impl.RaftServerProxy (RaftServerProxy.java:addNew(89)) - 62ec8eb9-3ae9-4136-b70a-2caf3716fa7f: addNew group-47D554B51B5B:[62ec8eb9-3ae9-4136-b70a-2caf3716fa7f:192.168.30.10:44715] returns group-47D554B51B5B:java.util.concurrent.CompletableFuture@5679ccee[Not completed]
2019-09-25 07:04:46,949 [Thread-178] INFO  container.ReplicationManager (ReplicationManager.java:start(163)) - Starting Replication Monitor Thread.
2019-09-25 07:04:46,950 [pool-37-thread-1] INFO  impl.RaftServerImpl (RaftServerImpl.java:<init>(95)) - 62ec8eb9-3ae9-4136-b70a-2caf3716fa7f: new RaftServerImpl for group-47D554B51B5B:[62ec8eb9-3ae9-4136-b70a-2caf3716fa7f:192.168.30.10:44715] with ContainerStateMachine:uninitialized
2019-09-25 07:04:46,950 [pool-37-thread-1] INFO  server.RaftServerConfigKeys (ConfUtils.java:logGet(43)) - raft.server.rpc.timeout.min = 5s (custom)
2019-09-25 07:04:46,950 [pool-37-thread-1] INFO  server.RaftServerConfigKeys (ConfUtils.java:logGet(43)) - raft.server.rpc.timeout.max = 5200ms (custom)
2019-09-25 07:04:46,951 [pool-37-thread-1] INFO  server.RaftServerConfigKeys (ConfUtils.java:logGet(43)) - raft.server.rpcslowness.timeout = 120s (custom)
2019-09-25 07:04:46,951 [pool-37-thread-1] INFO  server.RaftServerConfigKeys (ConfUtils.java:logGet(43)) - raft.server.sleep.deviation.threshold = 300 (default)
2019-09-25 07:04:46,951 [pool-37-thread-1] INFO  server.RaftServerConfigKeys (ConfUtils.java:logGet(43)) - raft.server.log.appender.install.snapshot.enabled = false (custom)
2019-09-25 07:04:46,951 [pool-37-thread-1] INFO  impl.RaftServerImpl (ServerState.java:<init>(103)) - 62ec8eb9-3ae9-4136-b70a-2caf3716fa7f@group-47D554B51B5B: ConfigurationManager, init=-1: [62ec8eb9-3ae9-4136-b70a-2caf3716fa7f:192.168.30.10:44715], old=null, confs=<EMPTY_MAP>
2019-09-25 07:04:46,951 [pool-37-thread-1] INFO  server.RaftServerConfigKeys (ConfUtils.java:logGet(43)) - raft.server.storage.dir = [/workdir/hadoop-ozone/integration-test/target/test-dir/MiniOzoneClusterImpl-39af9574-7a8b-4ed7-b830-bf686a3d4bb8/datanode-1/data/ratis] (custom)
2019-09-25 07:04:46,952 [pool-37-thread-1] INFO  storage.RaftStorageDirectory (RaftStorageDirectory.java:analyzeStorage(246)) - The storage directory /workdir/hadoop-ozone/integration-test/target/test-dir/MiniOzoneClusterImpl-39af9574-7a8b-4ed7-b830-bf686a3d4bb8/datanode-1/data/ratis/3383ccb3-facb-4107-95c1-47d554b51b5b does not exist. Creating ...
2019-09-25 07:04:46,964 [pool-37-thread-1] INFO  storage.RaftStorageDirectory (RaftStorageDirectory.java:tryLock(328)) - Lock on /workdir/hadoop-ozone/integration-test/target/test-dir/MiniOzoneClusterImpl-39af9574-7a8b-4ed7-b830-bf686a3d4bb8/datanode-1/data/ratis/3383ccb3-facb-4107-95c1-47d554b51b5b/in_use.lock acquired by nodename 19495@pr-hdds-1569-s62bp-3040748787
2019-09-25 07:04:46,977 [pool-37-thread-1] INFO  storage.RaftStorage (RaftStorage.java:format(72)) - Storage directory /workdir/hadoop-ozone/integration-test/target/test-dir/MiniOzoneClusterImpl-39af9574-7a8b-4ed7-b830-bf686a3d4bb8/datanode-1/data/ratis/3383ccb3-facb-4107-95c1-47d554b51b5b has been successfully formatted.
2019-09-25 07:04:46,978 [pool-37-thread-1] INFO  ratis.ContainerStateMachine (ContainerStateMachine.java:loadSnapshot(230)) - group-47D554B51B5B: The snapshot info is null. Setting the last applied indexto:(t:0, i:~)
2019-09-25 07:04:46,978 [pool-37-thread-1] INFO  server.RaftServerConfigKeys (ConfUtils.java:logGet(43)) - raft.server.notification.no-leader.timeout = 120s (custom)
2019-09-25 07:04:46,978 [pool-37-thread-1] INFO  server.RaftServerConfigKeys (ConfUtils.java:logGet(43)) - raft.server.log.use.memory = false (default)
2019-09-25 07:04:46,978 [pool-37-thread-1] INFO  server.RaftServerConfigKeys (ConfUtils.java:logGet(43)) - raft.server.log.purge.gap = 1000000 (custom)
2019-09-25 07:04:46,978 [pool-37-thread-1] INFO  server.RaftServerConfigKeys (ConfUtils.java:logGet(43)) - raft.server.log.appender.buffer.byte-limit = 33554432 (custom)
2019-09-25 07:04:46,979 [pool-37-thread-1] INFO  server.RaftServerConfigKeys (ConfUtils.java:logGet(43)) - raft.server.log.segment.size.max = 1048576 (custom)
2019-09-25 07:04:46,979 [pool-37-thread-1] INFO  server.RaftServerConfigKeys (ConfUtils.java:logGet(43)) - raft.server.log.segment.cache.num.max = 2 (custom)
2019-09-25 07:04:46,979 [pool-37-thread-1] INFO  segmented.SegmentedRaftLogWorker (SegmentedRaftLogWorker.java:<init>(172)) - new 62ec8eb9-3ae9-4136-b70a-2caf3716fa7f@group-47D554B51B5B-SegmentedRaftLogWorker for RaftStorage:Storage Directory /workdir/hadoop-ozone/integration-test/target/test-dir/MiniOzoneClusterImpl-39af9574-7a8b-4ed7-b830-bf686a3d4bb8/datanode-1/data/ratis/3383ccb3-facb-4107-95c1-47d554b51b5b
2019-09-25 07:04:46,979 [pool-37-thread-1] INFO  server.RaftServerConfigKeys (ConfUtils.java:logGet(43)) - raft.server.log.queue.byte-limit = 2147483647 (custom)
2019-09-25 07:04:46,979 [pool-37-thread-1] INFO  server.RaftServerConfigKeys (ConfUtils.java:logGet(43)) - raft.server.log.queue.element-limit = 1024 (custom)
2019-09-25 07:04:46,979 [pool-37-thread-1] INFO  server.RaftServerConfigKeys (ConfUtils.java:logGet(43)) - raft.server.log.segment.size.max = 1048576 (custom)
2019-09-25 07:04:46,979 [pool-37-thread-1] INFO  server.RaftServerConfigKeys (ConfUtils.java:logGet(43)) - raft.server.log.preallocated.size = 16384 (custom)
2019-09-25 07:04:46,979 [pool-37-thread-1] INFO  server.RaftServerConfigKeys (ConfUtils.java:logGet(43)) - raft.server.log.write.buffer.size = 33554432 (custom)
2019-09-25 07:04:46,980 [pool-37-thread-1] INFO  server.RaftServerConfigKeys (ConfUtils.java:logGet(43)) - raft.server.log.force.sync.num = 128 (default)
2019-09-25 07:04:46,980 [pool-37-thread-1] INFO  server.RaftServerConfigKeys (ConfUtils.java:logGet(43)) - raft.server.log.statemachine.data.sync = true (default)
2019-09-25 07:04:46,980 [pool-37-thread-1] INFO  server.RaftServerConfigKeys (ConfUtils.java:logGet(43)) - raft.server.log.statemachine.data.sync.timeout = 10s (default)
2019-09-25 07:04:46,980 [pool-37-thread-1] INFO  server.RaftServerConfigKeys (ConfUtils.java:logGet(43)) - raft.server.log.statemachine.data.sync.timeout.retry = -1 (default)
2019-09-25 07:04:46,980 [pool-37-thread-1] INFO  server.RaftServerConfigKeys (ConfUtils.java:logGet(43)) - raft.server.log.statemachine.data.caching.enabled = true (custom)
2019-09-25 07:04:46,981 [pool-37-thread-1] INFO  segmented.SegmentedRaftLogWorker (SegmentedRaftLogWorker.java:lambda$new$0(132)) - 62ec8eb9-3ae9-4136-b70a-2caf3716fa7f@group-47D554B51B5B-SegmentedRaftLogWorker: flushIndex: setUnconditionally 0 -> -1
2019-09-25 07:04:46,981 [pool-37-thread-1] INFO  server.RaftServerConfigKeys (ConfUtils.java:logGet(43)) - raft.server.snapshot.auto.trigger.enabled = true (custom)
2019-09-25 07:04:46,981 [pool-37-thread-1] INFO  server.RaftServerConfigKeys (ConfUtils.java:logGet(43)) - raft.server.snapshot.auto.trigger.threshold = 10000 (custom)
2019-09-25 07:04:46,981 [pool-37-thread-1] INFO  server.RaftServerConfigKeys (ConfUtils.java:logGet(43)) - raft.server.snapshot.retention.num.files = 5 (custom)
2019-09-25 07:04:46,981 [pool-37-thread-1] INFO  server.RaftServerConfigKeys (ConfUtils.java:logGet(43)) - raft.server.retrycache.expirytime = 600000ms (custom)
2019-09-25 07:04:46,984 [pool-37-thread-1] INFO  impl.RaftServerImpl (RaftServerImpl.java:start(185)) - 62ec8eb9-3ae9-4136-b70a-2caf3716fa7f@group-47D554B51B5B: start as a follower, conf=-1: [62ec8eb9-3ae9-4136-b70a-2caf3716fa7f:192.168.30.10:44715], old=null
2019-09-25 07:04:46,984 [pool-37-thread-1] INFO  impl.RaftServerImpl (RaftServerImpl.java:setRole(174)) - 62ec8eb9-3ae9-4136-b70a-2caf3716fa7f@group-47D554B51B5B: changes role from      null to FOLLOWER at term 0 for startAsFollower
2019-09-25 07:04:46,984 [pool-37-thread-1] INFO  impl.RoleInfo (RoleInfo.java:updateAndGet(143)) - 62ec8eb9-3ae9-4136-b70a-2caf3716fa7f: start FollowerState
2019-09-25 07:04:46,985 [pool-37-thread-1] INFO  util.JmxRegister (JmxRegister.java:tryRegister(44)) - Successfully registered JMX Bean with object name Ratis:service=RaftServer,group=group-47D554B51B5B,id=62ec8eb9-3ae9-4136-b70a-2caf3716fa7f
2019-09-25 07:04:46,990 [RatisPipelineUtilsThread] INFO  pipeline.PipelineStateManager (PipelineStateManager.java:addPipeline(56)) - Created pipeline Pipeline[ Id: 3383ccb3-facb-4107-95c1-47d554b51b5b, Nodes: 62ec8eb9-3ae9-4136-b70a-2caf3716fa7f{ip: 192.168.30.10, host: pr-hdds-1569-s62bp-3040748787, networkLocation: /default-rack, certSerialId: null}, Type:RATIS, Factor:ONE, State:OPEN]
2019-09-25 07:04:47,000 [grpc-default-executor-0] INFO  impl.RaftServerProxy (RaftServerProxy.java:addNew(89)) - 24bf2945-a329-4da6-aaf2-23ecd8d462c6: addNew group-9B964EB2DA1C:[24bf2945-a329-4da6-aaf2-23ecd8d462c6:192.168.30.10:42867] returns group-9B964EB2DA1C:java.util.concurrent.CompletableFuture@3979757b[Not completed]
2019-09-25 07:04:47,002 [pool-47-thread-1] INFO  impl.RaftServerImpl (RaftServerImpl.java:<init>(95)) - 24bf2945-a329-4da6-aaf2-23ecd8d462c6: new RaftServerImpl for group-9B964EB2DA1C:[24bf2945-a329-4da6-aaf2-23ecd8d462c6:192.168.30.10:42867] with ContainerStateMachine:uninitialized
2019-09-25 07:04:47,002 [pool-47-thread-1] INFO  server.RaftServerConfigKeys (ConfUtils.java:logGet(43)) - raft.server.rpc.timeout.min = 5s (custom)
2019-09-25 07:04:47,002 [pool-47-thread-1] INFO  server.RaftServerConfigKeys (ConfUtils.java:logGet(43)) - raft.server.rpc.timeout.max = 5200ms (custom)
2019-09-25 07:04:47,003 [pool-47-thread-1] INFO  server.RaftServerConfigKeys (ConfUtils.java:logGet(43)) - raft.server.rpcslowness.timeout = 120s (custom)
2019-09-25 07:04:47,003 [pool-47-thread-1] INFO  server.RaftServerConfigKeys (ConfUtils.java:logGet(43)) - raft.server.sleep.deviation.threshold = 300 (default)
2019-09-25 07:04:47,003 [pool-47-thread-1] INFO  server.RaftServerConfigKeys (ConfUtils.java:logGet(43)) - raft.server.log.appender.install.snapshot.enabled = false (custom)
2019-09-25 07:04:47,003 [pool-47-thread-1] INFO  impl.RaftServerImpl (ServerState.java:<init>(103)) - 24bf2945-a329-4da6-aaf2-23ecd8d462c6@group-9B964EB2DA1C: ConfigurationManager, init=-1: [24bf2945-a329-4da6-aaf2-23ecd8d462c6:192.168.30.10:42867], old=null, confs=<EMPTY_MAP>
2019-09-25 07:04:47,003 [pool-47-thread-1] INFO  server.RaftServerConfigKeys (ConfUtils.java:logGet(43)) - raft.server.storage.dir = [/workdir/hadoop-ozone/integration-test/target/test-dir/MiniOzoneClusterImpl-39af9574-7a8b-4ed7-b830-bf686a3d4bb8/datanode-2/data/ratis] (custom)
2019-09-25 07:04:47,004 [pool-47-thread-1] INFO  storage.RaftStorageDirectory (RaftStorageDirectory.java:analyzeStorage(246)) - The storage directory /workdir/hadoop-ozone/integration-test/target/test-dir/MiniOzoneClusterImpl-39af9574-7a8b-4ed7-b830-bf686a3d4bb8/datanode-2/data/ratis/4b6c246e-4e57-4e66-aab8-9b964eb2da1c does not exist. Creating ...
2019-09-25 07:04:47,016 [pool-47-thread-1] INFO  storage.RaftStorageDirectory (RaftStorageDirectory.java:tryLock(328)) - Lock on /workdir/hadoop-ozone/integration-test/target/test-dir/MiniOzoneClusterImpl-39af9574-7a8b-4ed7-b830-bf686a3d4bb8/datanode-2/data/ratis/4b6c246e-4e57-4e66-aab8-9b964eb2da1c/in_use.lock acquired by nodename 19495@pr-hdds-1569-s62bp-3040748787
2019-09-25 07:04:47,030 [pool-47-thread-1] INFO  storage.RaftStorage (RaftStorage.java:format(72)) - Storage directory /workdir/hadoop-ozone/integration-test/target/test-dir/MiniOzoneClusterImpl-39af9574-7a8b-4ed7-b830-bf686a3d4bb8/datanode-2/data/ratis/4b6c246e-4e57-4e66-aab8-9b964eb2da1c has been successfully formatted.
2019-09-25 07:04:47,030 [pool-47-thread-1] INFO  ratis.ContainerStateMachine (ContainerStateMachine.java:loadSnapshot(230)) - group-9B964EB2DA1C: The snapshot info is null. Setting the last applied indexto:(t:0, i:~)
2019-09-25 07:04:47,030 [pool-47-thread-1] INFO  server.RaftServerConfigKeys (ConfUtils.java:logGet(43)) - raft.server.notification.no-leader.timeout = 120s (custom)
2019-09-25 07:04:47,031 [pool-47-thread-1] INFO  server.RaftServerConfigKeys (ConfUtils.java:logGet(43)) - raft.server.log.use.memory = false (default)
2019-09-25 07:04:47,031 [pool-47-thread-1] INFO  server.RaftServerConfigKeys (ConfUtils.java:logGet(43)) - raft.server.log.purge.gap = 1000000 (custom)
2019-09-25 07:04:47,031 [pool-47-thread-1] INFO  server.RaftServerConfigKeys (ConfUtils.java:logGet(43)) - raft.server.log.appender.buffer.byte-limit = 33554432 (custom)
2019-09-25 07:04:47,031 [pool-47-thread-1] INFO  server.RaftServerConfigKeys (ConfUtils.java:logGet(43)) - raft.server.log.segment.size.max = 1048576 (custom)
2019-09-25 07:04:47,031 [pool-47-thread-1] INFO  server.RaftServerConfigKeys (ConfUtils.java:logGet(43)) - raft.server.log.segment.cache.num.max = 2 (custom)
2019-09-25 07:04:47,031 [pool-47-thread-1] INFO  segmented.SegmentedRaftLogWorker (SegmentedRaftLogWorker.java:<init>(172)) - new 24bf2945-a329-4da6-aaf2-23ecd8d462c6@group-9B964EB2DA1C-SegmentedRaftLogWorker for RaftStorage:Storage Directory /workdir/hadoop-ozone/integration-test/target/test-dir/MiniOzoneClusterImpl-39af9574-7a8b-4ed7-b830-bf686a3d4bb8/datanode-2/data/ratis/4b6c246e-4e57-4e66-aab8-9b964eb2da1c
2019-09-25 07:04:47,032 [pool-47-thread-1] INFO  server.RaftServerConfigKeys (ConfUtils.java:logGet(43)) - raft.server.log.queue.byte-limit = 2147483647 (custom)
2019-09-25 07:04:47,032 [pool-47-thread-1] INFO  server.RaftServerConfigKeys (ConfUtils.java:logGet(43)) - raft.server.log.queue.element-limit = 1024 (custom)
2019-09-25 07:04:47,032 [pool-47-thread-1] INFO  server.RaftServerConfigKeys (ConfUtils.java:logGet(43)) - raft.server.log.segment.size.max = 1048576 (custom)
2019-09-25 07:04:47,032 [pool-47-thread-1] INFO  server.RaftServerConfigKeys (ConfUtils.java:logGet(43)) - raft.server.log.preallocated.size = 16384 (custom)
2019-09-25 07:04:47,032 [pool-47-thread-1] INFO  server.RaftServerConfigKeys (ConfUtils.java:logGet(43)) - raft.server.log.write.buffer.size = 33554432 (custom)
2019-09-25 07:04:47,032 [pool-47-thread-1] INFO  server.RaftServerConfigKeys (ConfUtils.java:logGet(43)) - raft.server.log.force.sync.num = 128 (default)
2019-09-25 07:04:47,032 [pool-47-thread-1] INFO  server.RaftServerConfigKeys (ConfUtils.java:logGet(43)) - raft.server.log.statemachine.data.sync = true (default)
2019-09-25 07:04:47,033 [pool-47-thread-1] INFO  server.RaftServerConfigKeys (ConfUtils.java:logGet(43)) - raft.server.log.statemachine.data.sync.timeout = 10s (default)
2019-09-25 07:04:47,033 [pool-47-thread-1] INFO  server.RaftServerConfigKeys (ConfUtils.java:logGet(43)) - raft.server.log.statemachine.data.sync.timeout.retry = -1 (default)
2019-09-25 07:04:47,033 [pool-47-thread-1] INFO  server.RaftServerConfigKeys (ConfUtils.java:logGet(43)) - raft.server.log.statemachine.data.caching.enabled = true (custom)
2019-09-25 07:04:47,033 [pool-47-thread-1] INFO  segmented.SegmentedRaftLogWorker (SegmentedRaftLogWorker.java:lambda$new$0(132)) - 24bf2945-a329-4da6-aaf2-23ecd8d462c6@group-9B964EB2DA1C-SegmentedRaftLogWorker: flushIndex: setUnconditionally 0 -> -1
2019-09-25 07:04:47,034 [pool-47-thread-1] INFO  server.RaftServerConfigKeys (ConfUtils.java:logGet(43)) - raft.server.snapshot.auto.trigger.enabled = true (custom)
2019-09-25 07:04:47,034 [pool-47-thread-1] INFO  server.RaftServerConfigKeys (ConfUtils.java:logGet(43)) - raft.server.snapshot.auto.trigger.threshold = 10000 (custom)
2019-09-25 07:04:47,034 [pool-47-thread-1] INFO  server.RaftServerConfigKeys (ConfUtils.java:logGet(43)) - raft.server.snapshot.retention.num.files = 5 (custom)
2019-09-25 07:04:47,034 [pool-47-thread-1] INFO  server.RaftServerConfigKeys (ConfUtils.java:logGet(43)) - raft.server.retrycache.expirytime = 600000ms (custom)
2019-09-25 07:04:47,037 [pool-47-thread-1] INFO  impl.RaftServerImpl (RaftServerImpl.java:start(185)) - 24bf2945-a329-4da6-aaf2-23ecd8d462c6@group-9B964EB2DA1C: start as a follower, conf=-1: [24bf2945-a329-4da6-aaf2-23ecd8d462c6:192.168.30.10:42867], old=null
2019-09-25 07:04:47,037 [pool-47-thread-1] INFO  impl.RaftServerImpl (RaftServerImpl.java:setRole(174)) - 24bf2945-a329-4da6-aaf2-23ecd8d462c6@group-9B964EB2DA1C: changes role from      null to FOLLOWER at term 0 for startAsFollower
2019-09-25 07:04:47,038 [pool-47-thread-1] INFO  impl.RoleInfo (RoleInfo.java:updateAndGet(143)) - 24bf2945-a329-4da6-aaf2-23ecd8d462c6: start FollowerState
2019-09-25 07:04:47,038 [pool-47-thread-1] INFO  util.JmxRegister (JmxRegister.java:tryRegister(44)) - Successfully registered JMX Bean with object name Ratis:service=RaftServer,group=group-9B964EB2DA1C,id=24bf2945-a329-4da6-aaf2-23ecd8d462c6
2019-09-25 07:04:47,043 [RatisPipelineUtilsThread] INFO  pipeline.PipelineStateManager (PipelineStateManager.java:addPipeline(56)) - Created pipeline Pipeline[ Id: 4b6c246e-4e57-4e66-aab8-9b964eb2da1c, Nodes: 24bf2945-a329-4da6-aaf2-23ecd8d462c6{ip: 192.168.30.10, host: pr-hdds-1569-s62bp-3040748787, networkLocation: /default-rack, certSerialId: null}, Type:RATIS, Factor:ONE, State:OPEN]
2019-09-25 07:04:47,052 [grpc-default-executor-0] INFO  impl.RaftServerProxy (RaftServerProxy.java:addNew(89)) - 62ec8eb9-3ae9-4136-b70a-2caf3716fa7f: addNew group-11B9905BE308:[62ec8eb9-3ae9-4136-b70a-2caf3716fa7f:192.168.30.10:44715] returns group-11B9905BE308:java.util.concurrent.CompletableFuture@5fbc7091[Not completed]
2019-09-25 07:04:47,054 [pool-37-thread-1] INFO  impl.RaftServerImpl (RaftServerImpl.java:<init>(95)) - 62ec8eb9-3ae9-4136-b70a-2caf3716fa7f: new RaftServerImpl for group-11B9905BE308:[62ec8eb9-3ae9-4136-b70a-2caf3716fa7f:192.168.30.10:44715] with ContainerStateMachine:uninitialized
2019-09-25 07:04:47,054 [pool-37-thread-1] INFO  server.RaftServerConfigKeys (ConfUtils.java:logGet(43)) - raft.server.rpc.timeout.min = 5s (custom)
2019-09-25 07:04:47,054 [pool-37-thread-1] INFO  server.RaftServerConfigKeys (ConfUtils.java:logGet(43)) - raft.server.rpc.timeout.max = 5200ms (custom)
2019-09-25 07:04:47,054 [pool-37-thread-1] INFO  server.RaftServerConfigKeys (ConfUtils.java:logGet(43)) - raft.server.rpcslowness.timeout = 120s (custom)
2019-09-25 07:04:47,054 [pool-37-thread-1] INFO  server.RaftServerConfigKeys (ConfUtils.java:logGet(43)) - raft.server.sleep.deviation.threshold = 300 (default)
2019-09-25 07:04:47,055 [pool-37-thread-1] INFO  server.RaftServerConfigKeys (ConfUtils.java:logGet(43)) - raft.server.log.appender.install.snapshot.enabled = false (custom)
2019-09-25 07:04:47,055 [pool-37-thread-1] INFO  impl.RaftServerImpl (ServerState.java:<init>(103)) - 62ec8eb9-3ae9-4136-b70a-2caf3716fa7f@group-11B9905BE308: ConfigurationManager, init=-1: [62ec8eb9-3ae9-4136-b70a-2caf3716fa7f:192.168.30.10:44715], old=null, confs=<EMPTY_MAP>
2019-09-25 07:04:47,055 [pool-37-thread-1] INFO  server.RaftServerConfigKeys (ConfUtils.java:logGet(43)) - raft.server.storage.dir = [/workdir/hadoop-ozone/integration-test/target/test-dir/MiniOzoneClusterImpl-39af9574-7a8b-4ed7-b830-bf686a3d4bb8/datanode-1/data/ratis] (custom)
2019-09-25 07:04:47,056 [pool-37-thread-1] INFO  storage.RaftStorageDirectory (RaftStorageDirectory.java:analyzeStorage(246)) - The storage directory /workdir/hadoop-ozone/integration-test/target/test-dir/MiniOzoneClusterImpl-39af9574-7a8b-4ed7-b830-bf686a3d4bb8/datanode-1/data/ratis/153d9512-d1fa-4ca1-8829-11b9905be308 does not exist. Creating ...
2019-09-25 07:04:47,068 [pool-37-thread-1] INFO  storage.RaftStorageDirectory (RaftStorageDirectory.java:tryLock(328)) - Lock on /workdir/hadoop-ozone/integration-test/target/test-dir/MiniOzoneClusterImpl-39af9574-7a8b-4ed7-b830-bf686a3d4bb8/datanode-1/data/ratis/153d9512-d1fa-4ca1-8829-11b9905be308/in_use.lock acquired by nodename 19495@pr-hdds-1569-s62bp-3040748787
2019-09-25 07:04:47,078 [pool-37-thread-1] INFO  storage.RaftStorage (RaftStorage.java:format(72)) - Storage directory /workdir/hadoop-ozone/integration-test/target/test-dir/MiniOzoneClusterImpl-39af9574-7a8b-4ed7-b830-bf686a3d4bb8/datanode-1/data/ratis/153d9512-d1fa-4ca1-8829-11b9905be308 has been successfully formatted.
2019-09-25 07:04:47,079 [pool-37-thread-1] INFO  ratis.ContainerStateMachine (ContainerStateMachine.java:loadSnapshot(230)) - group-11B9905BE308: The snapshot info is null. Setting the last applied indexto:(t:0, i:~)
2019-09-25 07:04:47,079 [pool-37-thread-1] INFO  server.RaftServerConfigKeys (ConfUtils.java:logGet(43)) - raft.server.notification.no-leader.timeout = 120s (custom)
2019-09-25 07:04:47,079 [pool-37-thread-1] INFO  server.RaftServerConfigKeys (ConfUtils.java:logGet(43)) - raft.server.log.use.memory = false (default)
2019-09-25 07:04:47,079 [pool-37-thread-1] INFO  server.RaftServerConfigKeys (ConfUtils.java:logGet(43)) - raft.server.log.purge.gap = 1000000 (custom)
2019-09-25 07:04:47,079 [pool-37-thread-1] INFO  server.RaftServerConfigKeys (ConfUtils.java:logGet(43)) - raft.server.log.appender.buffer.byte-limit = 33554432 (custom)
2019-09-25 07:04:47,080 [pool-37-thread-1] INFO  server.RaftServerConfigKeys (ConfUtils.java:logGet(43)) - raft.server.log.segment.size.max = 1048576 (custom)
2019-09-25 07:04:47,080 [pool-37-thread-1] INFO  server.RaftServerConfigKeys (ConfUtils.java:logGet(43)) - raft.server.log.segment.cache.num.max = 2 (custom)
2019-09-25 07:04:47,080 [pool-37-thread-1] INFO  segmented.SegmentedRaftLogWorker (SegmentedRaftLogWorker.java:<init>(172)) - new 62ec8eb9-3ae9-4136-b70a-2caf3716fa7f@group-11B9905BE308-SegmentedRaftLogWorker for RaftStorage:Storage Directory /workdir/hadoop-ozone/integration-test/target/test-dir/MiniOzoneClusterImpl-39af9574-7a8b-4ed7-b830-bf686a3d4bb8/datanode-1/data/ratis/153d9512-d1fa-4ca1-8829-11b9905be308
2019-09-25 07:04:47,080 [pool-37-thread-1] INFO  server.RaftServerConfigKeys (ConfUtils.java:logGet(43)) - raft.server.log.queue.byte-limit = 2147483647 (custom)
2019-09-25 07:04:47,080 [pool-37-thread-1] INFO  server.RaftServerConfigKeys (ConfUtils.java:logGet(43)) - raft.server.log.queue.element-limit = 1024 (custom)
2019-09-25 07:04:47,080 [pool-37-thread-1] INFO  server.RaftServerConfigKeys (ConfUtils.java:logGet(43)) - raft.server.log.segment.size.max = 1048576 (custom)
2019-09-25 07:04:47,080 [pool-37-thread-1] INFO  server.RaftServerConfigKeys (ConfUtils.java:logGet(43)) - raft.server.log.preallocated.size = 16384 (custom)
2019-09-25 07:04:47,081 [pool-37-thread-1] INFO  server.RaftServerConfigKeys (ConfUtils.java:logGet(43)) - raft.server.log.write.buffer.size = 33554432 (custom)
2019-09-25 07:04:47,081 [pool-37-thread-1] INFO  server.RaftServerConfigKeys (ConfUtils.java:logGet(43)) - raft.server.log.force.sync.num = 128 (default)
2019-09-25 07:04:47,081 [pool-37-thread-1] INFO  server.RaftServerConfigKeys (ConfUtils.java:logGet(43)) - raft.server.log.statemachine.data.sync = true (default)
2019-09-25 07:04:47,081 [pool-37-thread-1] INFO  server.RaftServerConfigKeys (ConfUtils.java:logGet(43)) - raft.server.log.statemachine.data.sync.timeout = 10s (default)
2019-09-25 07:04:47,081 [pool-37-thread-1] INFO  server.RaftServerConfigKeys (ConfUtils.java:logGet(43)) - raft.server.log.statemachine.data.sync.timeout.retry = -1 (default)
2019-09-25 07:04:47,081 [pool-37-thread-1] INFO  server.RaftServerConfigKeys (ConfUtils.java:logGet(43)) - raft.server.log.statemachine.data.caching.enabled = true (custom)
2019-09-25 07:04:47,082 [pool-37-thread-1] INFO  segmented.SegmentedRaftLogWorker (SegmentedRaftLogWorker.java:lambda$new$0(132)) - 62ec8eb9-3ae9-4136-b70a-2caf3716fa7f@group-11B9905BE308-SegmentedRaftLogWorker: flushIndex: setUnconditionally 0 -> -1
2019-09-25 07:04:47,082 [pool-37-thread-1] INFO  server.RaftServerConfigKeys (ConfUtils.java:logGet(43)) - raft.server.snapshot.auto.trigger.enabled = true (custom)
2019-09-25 07:04:47,082 [pool-37-thread-1] INFO  server.RaftServerConfigKeys (ConfUtils.java:logGet(43)) - raft.server.snapshot.auto.trigger.threshold = 10000 (custom)
2019-09-25 07:04:47,082 [pool-37-thread-1] INFO  server.RaftServerConfigKeys (ConfUtils.java:logGet(43)) - raft.server.snapshot.retention.num.files = 5 (custom)
2019-09-25 07:04:47,083 [pool-37-thread-1] INFO  server.RaftServerConfigKeys (ConfUtils.java:logGet(43)) - raft.server.retrycache.expirytime = 600000ms (custom)
2019-09-25 07:04:47,086 [pool-37-thread-1] INFO  impl.RaftServerImpl (RaftServerImpl.java:start(185)) - 62ec8eb9-3ae9-4136-b70a-2caf3716fa7f@group-11B9905BE308: start as a follower, conf=-1: [62ec8eb9-3ae9-4136-b70a-2caf3716fa7f:192.168.30.10:44715], old=null
2019-09-25 07:04:47,086 [pool-37-thread-1] INFO  impl.RaftServerImpl (RaftServerImpl.java:setRole(174)) - 62ec8eb9-3ae9-4136-b70a-2caf3716fa7f@group-11B9905BE308: changes role from      null to FOLLOWER at term 0 for startAsFollower
2019-09-25 07:04:47,086 [pool-37-thread-1] INFO  impl.RoleInfo (RoleInfo.java:updateAndGet(143)) - 62ec8eb9-3ae9-4136-b70a-2caf3716fa7f: start FollowerState
2019-09-25 07:04:47,086 [pool-37-thread-1] INFO  util.JmxRegister (JmxRegister.java:tryRegister(44)) - Successfully registered JMX Bean with object name Ratis:service=RaftServer,group=group-11B9905BE308,id=62ec8eb9-3ae9-4136-b70a-2caf3716fa7f
2019-09-25 07:04:47,091 [RatisPipelineUtilsThread] INFO  pipeline.PipelineStateManager (PipelineStateManager.java:addPipeline(56)) - Created pipeline Pipeline[ Id: 153d9512-d1fa-4ca1-8829-11b9905be308, Nodes: 62ec8eb9-3ae9-4136-b70a-2caf3716fa7f{ip: 192.168.30.10, host: pr-hdds-1569-s62bp-3040748787, networkLocation: /default-rack, certSerialId: null}, Type:RATIS, Factor:ONE, State:OPEN]
2019-09-25 07:04:47,100 [grpc-default-executor-0] INFO  impl.RaftServerProxy (RaftServerProxy.java:addNew(89)) - 24bf2945-a329-4da6-aaf2-23ecd8d462c6: addNew group-573CCB48FA2C:[24bf2945-a329-4da6-aaf2-23ecd8d462c6:192.168.30.10:42867] returns group-573CCB48FA2C:java.util.concurrent.CompletableFuture@32f04802[Not completed]
2019-09-25 07:04:47,102 [pool-47-thread-1] INFO  impl.RaftServerImpl (RaftServerImpl.java:<init>(95)) - 24bf2945-a329-4da6-aaf2-23ecd8d462c6: new RaftServerImpl for group-573CCB48FA2C:[24bf2945-a329-4da6-aaf2-23ecd8d462c6:192.168.30.10:42867] with ContainerStateMachine:uninitialized
2019-09-25 07:04:47,103 [pool-47-thread-1] INFO  server.RaftServerConfigKeys (ConfUtils.java:logGet(43)) - raft.server.rpc.timeout.min = 5s (custom)
2019-09-25 07:04:47,103 [pool-47-thread-1] INFO  server.RaftServerConfigKeys (ConfUtils.java:logGet(43)) - raft.server.rpc.timeout.max = 5200ms (custom)
2019-09-25 07:04:47,103 [pool-47-thread-1] INFO  server.RaftServerConfigKeys (ConfUtils.java:logGet(43)) - raft.server.rpcslowness.timeout = 120s (custom)
2019-09-25 07:04:47,103 [pool-47-thread-1] INFO  server.RaftServerConfigKeys (ConfUtils.java:logGet(43)) - raft.server.sleep.deviation.threshold = 300 (default)
2019-09-25 07:04:47,103 [pool-47-thread-1] INFO  server.RaftServerConfigKeys (ConfUtils.java:logGet(43)) - raft.server.log.appender.install.snapshot.enabled = false (custom)
2019-09-25 07:04:47,103 [pool-47-thread-1] INFO  impl.RaftServerImpl (ServerState.java:<init>(103)) - 24bf2945-a329-4da6-aaf2-23ecd8d462c6@group-573CCB48FA2C: ConfigurationManager, init=-1: [24bf2945-a329-4da6-aaf2-23ecd8d462c6:192.168.30.10:42867], old=null, confs=<EMPTY_MAP>
2019-09-25 07:04:47,104 [pool-47-thread-1] INFO  server.RaftServerConfigKeys (ConfUtils.java:logGet(43)) - raft.server.storage.dir = [/workdir/hadoop-ozone/integration-test/target/test-dir/MiniOzoneClusterImpl-39af9574-7a8b-4ed7-b830-bf686a3d4bb8/datanode-2/data/ratis] (custom)
2019-09-25 07:04:47,104 [pool-47-thread-1] INFO  storage.RaftStorageDirectory (RaftStorageDirectory.java:analyzeStorage(246)) - The storage directory /workdir/hadoop-ozone/integration-test/target/test-dir/MiniOzoneClusterImpl-39af9574-7a8b-4ed7-b830-bf686a3d4bb8/datanode-2/data/ratis/8a5026b3-34f6-4d3b-99a6-573ccb48fa2c does not exist. Creating ...
2019-09-25 07:04:47,117 [pool-47-thread-1] INFO  storage.RaftStorageDirectory (RaftStorageDirectory.java:tryLock(328)) - Lock on /workdir/hadoop-ozone/integration-test/target/test-dir/MiniOzoneClusterImpl-39af9574-7a8b-4ed7-b830-bf686a3d4bb8/datanode-2/data/ratis/8a5026b3-34f6-4d3b-99a6-573ccb48fa2c/in_use.lock acquired by nodename 19495@pr-hdds-1569-s62bp-3040748787
2019-09-25 07:04:47,130 [pool-47-thread-1] INFO  storage.RaftStorage (RaftStorage.java:format(72)) - Storage directory /workdir/hadoop-ozone/integration-test/target/test-dir/MiniOzoneClusterImpl-39af9574-7a8b-4ed7-b830-bf686a3d4bb8/datanode-2/data/ratis/8a5026b3-34f6-4d3b-99a6-573ccb48fa2c has been successfully formatted.
2019-09-25 07:04:47,131 [pool-47-thread-1] INFO  ratis.ContainerStateMachine (ContainerStateMachine.java:loadSnapshot(230)) - group-573CCB48FA2C: The snapshot info is null. Setting the last applied indexto:(t:0, i:~)
2019-09-25 07:04:47,131 [pool-47-thread-1] INFO  server.RaftServerConfigKeys (ConfUtils.java:logGet(43)) - raft.server.notification.no-leader.timeout = 120s (custom)
2019-09-25 07:04:47,131 [pool-47-thread-1] INFO  server.RaftServerConfigKeys (ConfUtils.java:logGet(43)) - raft.server.log.use.memory = false (default)
2019-09-25 07:04:47,131 [pool-47-thread-1] INFO  server.RaftServerConfigKeys (ConfUtils.java:logGet(43)) - raft.server.log.purge.gap = 1000000 (custom)
2019-09-25 07:04:47,131 [pool-47-thread-1] INFO  server.RaftServerConfigKeys (ConfUtils.java:logGet(43)) - raft.server.log.appender.buffer.byte-limit = 33554432 (custom)
2019-09-25 07:04:47,131 [pool-47-thread-1] INFO  server.RaftServerConfigKeys (ConfUtils.java:logGet(43)) - raft.server.log.segment.size.max = 1048576 (custom)
2019-09-25 07:04:47,131 [pool-47-thread-1] INFO  server.RaftServerConfigKeys (ConfUtils.java:logGet(43)) - raft.server.log.segment.cache.num.max = 2 (custom)
2019-09-25 07:04:47,131 [pool-47-thread-1] INFO  segmented.SegmentedRaftLogWorker (SegmentedRaftLogWorker.java:<init>(172)) - new 24bf2945-a329-4da6-aaf2-23ecd8d462c6@group-573CCB48FA2C-SegmentedRaftLogWorker for RaftStorage:Storage Directory /workdir/hadoop-ozone/integration-test/target/test-dir/MiniOzoneClusterImpl-39af9574-7a8b-4ed7-b830-bf686a3d4bb8/datanode-2/data/ratis/8a5026b3-34f6-4d3b-99a6-573ccb48fa2c
2019-09-25 07:04:47,132 [pool-47-thread-1] INFO  server.RaftServerConfigKeys (ConfUtils.java:logGet(43)) - raft.server.log.queue.byte-limit = 2147483647 (custom)
2019-09-25 07:04:47,132 [pool-47-thread-1] INFO  server.RaftServerConfigKeys (ConfUtils.java:logGet(43)) - raft.server.log.queue.element-limit = 1024 (custom)
2019-09-25 07:04:47,132 [pool-47-thread-1] INFO  server.RaftServerConfigKeys (ConfUtils.java:logGet(43)) - raft.server.log.segment.size.max = 1048576 (custom)
2019-09-25 07:04:47,132 [pool-47-thread-1] INFO  server.RaftServerConfigKeys (ConfUtils.java:logGet(43)) - raft.server.log.preallocated.size = 16384 (custom)
2019-09-25 07:04:47,132 [pool-47-thread-1] INFO  server.RaftServerConfigKeys (ConfUtils.java:logGet(43)) - raft.server.log.write.buffer.size = 33554432 (custom)
2019-09-25 07:04:47,132 [pool-47-thread-1] INFO  server.RaftServerConfigKeys (ConfUtils.java:logGet(43)) - raft.server.log.force.sync.num = 128 (default)
2019-09-25 07:04:47,132 [pool-47-thread-1] INFO  server.RaftServerConfigKeys (ConfUtils.java:logGet(43)) - raft.server.log.statemachine.data.sync = true (default)
2019-09-25 07:04:47,132 [pool-47-thread-1] INFO  server.RaftServerConfigKeys (ConfUtils.java:logGet(43)) - raft.server.log.statemachine.data.sync.timeout = 10s (default)
2019-09-25 07:04:47,132 [pool-47-thread-1] INFO  server.RaftServerConfigKeys (ConfUtils.java:logGet(43)) - raft.server.log.statemachine.data.sync.timeout.retry = -1 (default)
2019-09-25 07:04:47,132 [pool-47-thread-1] INFO  server.RaftServerConfigKeys (ConfUtils.java:logGet(43)) - raft.server.log.statemachine.data.caching.enabled = true (custom)
2019-09-25 07:04:47,133 [pool-47-thread-1] INFO  segmented.SegmentedRaftLogWorker (SegmentedRaftLogWorker.java:lambda$new$0(132)) - 24bf2945-a329-4da6-aaf2-23ecd8d462c6@group-573CCB48FA2C-SegmentedRaftLogWorker: flushIndex: setUnconditionally 0 -> -1
2019-09-25 07:04:47,133 [pool-47-thread-1] INFO  server.RaftServerConfigKeys (ConfUtils.java:logGet(43)) - raft.server.snapshot.auto.trigger.enabled = true (custom)
2019-09-25 07:04:47,133 [pool-47-thread-1] INFO  server.RaftServerConfigKeys (ConfUtils.java:logGet(43)) - raft.server.snapshot.auto.trigger.threshold = 10000 (custom)
2019-09-25 07:04:47,133 [pool-47-thread-1] INFO  server.RaftServerConfigKeys (ConfUtils.java:logGet(43)) - raft.server.snapshot.retention.num.files = 5 (custom)
2019-09-25 07:04:47,133 [pool-47-thread-1] INFO  server.RaftServerConfigKeys (ConfUtils.java:logGet(43)) - raft.server.retrycache.expirytime = 600000ms (custom)
2019-09-25 07:04:47,136 [pool-47-thread-1] INFO  impl.RaftServerImpl (RaftServerImpl.java:start(185)) - 24bf2945-a329-4da6-aaf2-23ecd8d462c6@group-573CCB48FA2C: start as a follower, conf=-1: [24bf2945-a329-4da6-aaf2-23ecd8d462c6:192.168.30.10:42867], old=null
2019-09-25 07:04:47,136 [pool-47-thread-1] INFO  impl.RaftServerImpl (RaftServerImpl.java:setRole(174)) - 24bf2945-a329-4da6-aaf2-23ecd8d462c6@group-573CCB48FA2C: changes role from      null to FOLLOWER at term 0 for startAsFollower
2019-09-25 07:04:47,136 [pool-47-thread-1] INFO  impl.RoleInfo (RoleInfo.java:updateAndGet(143)) - 24bf2945-a329-4da6-aaf2-23ecd8d462c6: start FollowerState
2019-09-25 07:04:47,136 [pool-47-thread-1] INFO  util.JmxRegister (JmxRegister.java:tryRegister(44)) - Successfully registered JMX Bean with object name Ratis:service=RaftServer,group=group-573CCB48FA2C,id=24bf2945-a329-4da6-aaf2-23ecd8d462c6
2019-09-25 07:04:47,140 [RatisPipelineUtilsThread] INFO  pipeline.PipelineStateManager (PipelineStateManager.java:addPipeline(56)) - Created pipeline Pipeline[ Id: 8a5026b3-34f6-4d3b-99a6-573ccb48fa2c, Nodes: 24bf2945-a329-4da6-aaf2-23ecd8d462c6{ip: 192.168.30.10, host: pr-hdds-1569-s62bp-3040748787, networkLocation: /default-rack, certSerialId: null}, Type:RATIS, Factor:ONE, State:OPEN]
2019-09-25 07:04:47,149 [grpc-default-executor-0] INFO  impl.RaftServerProxy (RaftServerProxy.java:addNew(89)) - 62ec8eb9-3ae9-4136-b70a-2caf3716fa7f: addNew group-1ECD05C42476:[62ec8eb9-3ae9-4136-b70a-2caf3716fa7f:192.168.30.10:44715] returns group-1ECD05C42476:java.util.concurrent.CompletableFuture@1f8e8b9a[Not completed]
2019-09-25 07:04:47,151 [pool-37-thread-1] INFO  impl.RaftServerImpl (RaftServerImpl.java:<init>(95)) - 62ec8eb9-3ae9-4136-b70a-2caf3716fa7f: new RaftServerImpl for group-1ECD05C42476:[62ec8eb9-3ae9-4136-b70a-2caf3716fa7f:192.168.30.10:44715] with ContainerStateMachine:uninitialized
2019-09-25 07:04:47,151 [pool-37-thread-1] INFO  server.RaftServerConfigKeys (ConfUtils.java:logGet(43)) - raft.server.rpc.timeout.min = 5s (custom)
2019-09-25 07:04:47,151 [pool-37-thread-1] INFO  server.RaftServerConfigKeys (ConfUtils.java:logGet(43)) - raft.server.rpc.timeout.max = 5200ms (custom)
2019-09-25 07:04:47,151 [pool-37-thread-1] INFO  server.RaftServerConfigKeys (ConfUtils.java:logGet(43)) - raft.server.rpcslowness.timeout = 120s (custom)
2019-09-25 07:04:47,152 [pool-37-thread-1] INFO  server.RaftServerConfigKeys (ConfUtils.java:logGet(43)) - raft.server.sleep.deviation.threshold = 300 (default)
2019-09-25 07:04:47,152 [pool-37-thread-1] INFO  server.RaftServerConfigKeys (ConfUtils.java:logGet(43)) - raft.server.log.appender.install.snapshot.enabled = false (custom)
2019-09-25 07:04:47,152 [pool-37-thread-1] INFO  impl.RaftServerImpl (ServerState.java:<init>(103)) - 62ec8eb9-3ae9-4136-b70a-2caf3716fa7f@group-1ECD05C42476: ConfigurationManager, init=-1: [62ec8eb9-3ae9-4136-b70a-2caf3716fa7f:192.168.30.10:44715], old=null, confs=<EMPTY_MAP>
2019-09-25 07:04:47,152 [pool-37-thread-1] INFO  server.RaftServerConfigKeys (ConfUtils.java:logGet(43)) - raft.server.storage.dir = [/workdir/hadoop-ozone/integration-test/target/test-dir/MiniOzoneClusterImpl-39af9574-7a8b-4ed7-b830-bf686a3d4bb8/datanode-1/data/ratis] (custom)
2019-09-25 07:04:47,153 [pool-37-thread-1] INFO  storage.RaftStorageDirectory (RaftStorageDirectory.java:analyzeStorage(246)) - The storage directory /workdir/hadoop-ozone/integration-test/target/test-dir/MiniOzoneClusterImpl-39af9574-7a8b-4ed7-b830-bf686a3d4bb8/datanode-1/data/ratis/2d640326-6151-4709-bed1-1ecd05c42476 does not exist. Creating ...
2019-09-25 07:04:47,157 [pool-37-thread-1] INFO  storage.RaftStorageDirectory (RaftStorageDirectory.java:tryLock(328)) - Lock on /workdir/hadoop-ozone/integration-test/target/test-dir/MiniOzoneClusterImpl-39af9574-7a8b-4ed7-b830-bf686a3d4bb8/datanode-1/data/ratis/2d640326-6151-4709-bed1-1ecd05c42476/in_use.lock acquired by nodename 19495@pr-hdds-1569-s62bp-3040748787
2019-09-25 07:04:47,160 [pool-37-thread-1] INFO  storage.RaftStorage (RaftStorage.java:format(72)) - Storage directory /workdir/hadoop-ozone/integration-test/target/test-dir/MiniOzoneClusterImpl-39af9574-7a8b-4ed7-b830-bf686a3d4bb8/datanode-1/data/ratis/2d640326-6151-4709-bed1-1ecd05c42476 has been successfully formatted.
2019-09-25 07:04:47,161 [pool-37-thread-1] INFO  ratis.ContainerStateMachine (ContainerStateMachine.java:loadSnapshot(230)) - group-1ECD05C42476: The snapshot info is null. Setting the last applied indexto:(t:0, i:~)
2019-09-25 07:04:47,161 [pool-37-thread-1] INFO  server.RaftServerConfigKeys (ConfUtils.java:logGet(43)) - raft.server.notification.no-leader.timeout = 120s (custom)
2019-09-25 07:04:47,161 [pool-37-thread-1] INFO  server.RaftServerConfigKeys (ConfUtils.java:logGet(43)) - raft.server.log.use.memory = false (default)
2019-09-25 07:04:47,161 [pool-37-thread-1] INFO  server.RaftServerConfigKeys (ConfUtils.java:logGet(43)) - raft.server.log.purge.gap = 1000000 (custom)
2019-09-25 07:04:47,161 [pool-37-thread-1] INFO  server.RaftServerConfigKeys (ConfUtils.java:logGet(43)) - raft.server.log.appender.buffer.byte-limit = 33554432 (custom)
2019-09-25 07:04:47,162 [pool-37-thread-1] INFO  server.RaftServerConfigKeys (ConfUtils.java:logGet(43)) - raft.server.log.segment.size.max = 1048576 (custom)
2019-09-25 07:04:47,162 [pool-37-thread-1] INFO  server.RaftServerConfigKeys (ConfUtils.java:logGet(43)) - raft.server.log.segment.cache.num.max = 2 (custom)
2019-09-25 07:04:47,162 [pool-37-thread-1] INFO  segmented.SegmentedRaftLogWorker (SegmentedRaftLogWorker.java:<init>(172)) - new 62ec8eb9-3ae9-4136-b70a-2caf3716fa7f@group-1ECD05C42476-SegmentedRaftLogWorker for RaftStorage:Storage Directory /workdir/hadoop-ozone/integration-test/target/test-dir/MiniOzoneClusterImpl-39af9574-7a8b-4ed7-b830-bf686a3d4bb8/datanode-1/data/ratis/2d640326-6151-4709-bed1-1ecd05c42476
2019-09-25 07:04:47,162 [pool-37-thread-1] INFO  server.RaftServerConfigKeys (ConfUtils.java:logGet(43)) - raft.server.log.queue.byte-limit = 2147483647 (custom)
2019-09-25 07:04:47,163 [pool-37-thread-1] INFO  server.RaftServerConfigKeys (ConfUtils.java:logGet(43)) - raft.server.log.queue.element-limit = 1024 (custom)
2019-09-25 07:04:47,163 [pool-37-thread-1] INFO  server.RaftServerConfigKeys (ConfUtils.java:logGet(43)) - raft.server.log.segment.size.max = 1048576 (custom)
2019-09-25 07:04:47,163 [pool-37-thread-1] INFO  server.RaftServerConfigKeys (ConfUtils.java:logGet(43)) - raft.server.log.preallocated.size = 16384 (custom)
2019-09-25 07:04:47,163 [pool-37-thread-1] INFO  server.RaftServerConfigKeys (ConfUtils.java:logGet(43)) - raft.server.log.write.buffer.size = 33554432 (custom)
2019-09-25 07:04:47,163 [pool-37-thread-1] INFO  server.RaftServerConfigKeys (ConfUtils.java:logGet(43)) - raft.server.log.force.sync.num = 128 (default)
2019-09-25 07:04:47,163 [pool-37-thread-1] INFO  server.RaftServerConfigKeys (ConfUtils.java:logGet(43)) - raft.server.log.statemachine.data.sync = true (default)
2019-09-25 07:04:47,164 [pool-37-thread-1] INFO  server.RaftServerConfigKeys (ConfUtils.java:logGet(43)) - raft.server.log.statemachine.data.sync.timeout = 10s (default)
2019-09-25 07:04:47,164 [pool-37-thread-1] INFO  server.RaftServerConfigKeys (ConfUtils.java:logGet(43)) - raft.server.log.statemachine.data.sync.timeout.retry = -1 (default)
2019-09-25 07:04:47,164 [pool-37-thread-1] INFO  server.RaftServerConfigKeys (ConfUtils.java:logGet(43)) - raft.server.log.statemachine.data.caching.enabled = true (custom)
2019-09-25 07:04:47,165 [pool-37-thread-1] INFO  segmented.SegmentedRaftLogWorker (SegmentedRaftLogWorker.java:lambda$new$0(132)) - 62ec8eb9-3ae9-4136-b70a-2caf3716fa7f@group-1ECD05C42476-SegmentedRaftLogWorker: flushIndex: setUnconditionally 0 -> -1
2019-09-25 07:04:47,165 [pool-37-thread-1] INFO  server.RaftServerConfigKeys (ConfUtils.java:logGet(43)) - raft.server.snapshot.auto.trigger.enabled = true (custom)
2019-09-25 07:04:47,165 [pool-37-thread-1] INFO  server.RaftServerConfigKeys (ConfUtils.java:logGet(43)) - raft.server.snapshot.auto.trigger.threshold = 10000 (custom)
2019-09-25 07:04:47,165 [pool-37-thread-1] INFO  server.RaftServerConfigKeys (ConfUtils.java:logGet(43)) - raft.server.snapshot.retention.num.files = 5 (custom)
2019-09-25 07:04:47,166 [pool-37-thread-1] INFO  server.RaftServerConfigKeys (ConfUtils.java:logGet(43)) - raft.server.retrycache.expirytime = 600000ms (custom)
2019-09-25 07:04:47,169 [pool-37-thread-1] INFO  impl.RaftServerImpl (RaftServerImpl.java:start(185)) - 62ec8eb9-3ae9-4136-b70a-2caf3716fa7f@group-1ECD05C42476: start as a follower, conf=-1: [62ec8eb9-3ae9-4136-b70a-2caf3716fa7f:192.168.30.10:44715], old=null
2019-09-25 07:04:47,169 [pool-37-thread-1] INFO  impl.RaftServerImpl (RaftServerImpl.java:setRole(174)) - 62ec8eb9-3ae9-4136-b70a-2caf3716fa7f@group-1ECD05C42476: changes role from      null to FOLLOWER at term 0 for startAsFollower
2019-09-25 07:04:47,170 [pool-37-thread-1] INFO  impl.RoleInfo (RoleInfo.java:updateAndGet(143)) - 62ec8eb9-3ae9-4136-b70a-2caf3716fa7f: start FollowerState
2019-09-25 07:04:47,170 [pool-37-thread-1] INFO  util.JmxRegister (JmxRegister.java:tryRegister(44)) - Successfully registered JMX Bean with object name Ratis:service=RaftServer,group=group-1ECD05C42476,id=62ec8eb9-3ae9-4136-b70a-2caf3716fa7f
2019-09-25 07:04:47,175 [RatisPipelineUtilsThread] INFO  pipeline.PipelineStateManager (PipelineStateManager.java:addPipeline(56)) - Created pipeline Pipeline[ Id: 2d640326-6151-4709-bed1-1ecd05c42476, Nodes: 62ec8eb9-3ae9-4136-b70a-2caf3716fa7f{ip: 192.168.30.10, host: pr-hdds-1569-s62bp-3040748787, networkLocation: /default-rack, certSerialId: null}, Type:RATIS, Factor:ONE, State:OPEN]
2019-09-25 07:04:47,186 [grpc-default-executor-0] INFO  impl.RaftServerProxy (RaftServerProxy.java:addNew(89)) - e568d23f-199e-48ce-91e4-5c166e2e97cd: addNew group-F3FF35E5C536:[e568d23f-199e-48ce-91e4-5c166e2e97cd:192.168.30.10:42827] returns group-F3FF35E5C536:java.util.concurrent.CompletableFuture@6e619aec[Not completed]
2019-09-25 07:04:47,188 [pool-27-thread-1] INFO  impl.RaftServerImpl (RaftServerImpl.java:<init>(95)) - e568d23f-199e-48ce-91e4-5c166e2e97cd: new RaftServerImpl for group-F3FF35E5C536:[e568d23f-199e-48ce-91e4-5c166e2e97cd:192.168.30.10:42827] with ContainerStateMachine:uninitialized
2019-09-25 07:04:47,188 [pool-27-thread-1] INFO  server.RaftServerConfigKeys (ConfUtils.java:logGet(43)) - raft.server.rpc.timeout.min = 5s (custom)
2019-09-25 07:04:47,188 [pool-27-thread-1] INFO  server.RaftServerConfigKeys (ConfUtils.java:logGet(43)) - raft.server.rpc.timeout.max = 5200ms (custom)
2019-09-25 07:04:47,188 [pool-27-thread-1] INFO  server.RaftServerConfigKeys (ConfUtils.java:logGet(43)) - raft.server.rpcslowness.timeout = 120s (custom)
2019-09-25 07:04:47,189 [pool-27-thread-1] INFO  server.RaftServerConfigKeys (ConfUtils.java:logGet(43)) - raft.server.sleep.deviation.threshold = 300 (default)
2019-09-25 07:04:47,189 [pool-27-thread-1] INFO  server.RaftServerConfigKeys (ConfUtils.java:logGet(43)) - raft.server.log.appender.install.snapshot.enabled = false (custom)
2019-09-25 07:04:47,189 [pool-27-thread-1] INFO  impl.RaftServerImpl (ServerState.java:<init>(103)) - e568d23f-199e-48ce-91e4-5c166e2e97cd@group-F3FF35E5C536: ConfigurationManager, init=-1: [e568d23f-199e-48ce-91e4-5c166e2e97cd:192.168.30.10:42827], old=null, confs=<EMPTY_MAP>
2019-09-25 07:04:47,189 [pool-27-thread-1] INFO  server.RaftServerConfigKeys (ConfUtils.java:logGet(43)) - raft.server.storage.dir = [/workdir/hadoop-ozone/integration-test/target/test-dir/MiniOzoneClusterImpl-39af9574-7a8b-4ed7-b830-bf686a3d4bb8/datanode-0/data/ratis] (custom)
2019-09-25 07:04:47,190 [pool-27-thread-1] INFO  storage.RaftStorageDirectory (RaftStorageDirectory.java:analyzeStorage(246)) - The storage directory /workdir/hadoop-ozone/integration-test/target/test-dir/MiniOzoneClusterImpl-39af9574-7a8b-4ed7-b830-bf686a3d4bb8/datanode-0/data/ratis/6ac5c231-d491-4e1c-a36b-f3ff35e5c536 does not exist. Creating ...
2019-09-25 07:04:47,192 [pool-27-thread-1] INFO  storage.RaftStorageDirectory (RaftStorageDirectory.java:tryLock(328)) - Lock on /workdir/hadoop-ozone/integration-test/target/test-dir/MiniOzoneClusterImpl-39af9574-7a8b-4ed7-b830-bf686a3d4bb8/datanode-0/data/ratis/6ac5c231-d491-4e1c-a36b-f3ff35e5c536/in_use.lock acquired by nodename 19495@pr-hdds-1569-s62bp-3040748787
2019-09-25 07:04:47,196 [pool-27-thread-1] INFO  storage.RaftStorage (RaftStorage.java:format(72)) - Storage directory /workdir/hadoop-ozone/integration-test/target/test-dir/MiniOzoneClusterImpl-39af9574-7a8b-4ed7-b830-bf686a3d4bb8/datanode-0/data/ratis/6ac5c231-d491-4e1c-a36b-f3ff35e5c536 has been successfully formatted.
2019-09-25 07:04:47,197 [pool-27-thread-1] INFO  ratis.ContainerStateMachine (ContainerStateMachine.java:loadSnapshot(230)) - group-F3FF35E5C536: The snapshot info is null. Setting the last applied indexto:(t:0, i:~)
2019-09-25 07:04:47,197 [pool-27-thread-1] INFO  server.RaftServerConfigKeys (ConfUtils.java:logGet(43)) - raft.server.notification.no-leader.timeout = 120s (custom)
2019-09-25 07:04:47,197 [pool-27-thread-1] INFO  server.RaftServerConfigKeys (ConfUtils.java:logGet(43)) - raft.server.log.use.memory = false (default)
2019-09-25 07:04:47,197 [pool-27-thread-1] INFO  server.RaftServerConfigKeys (ConfUtils.java:logGet(43)) - raft.server.log.purge.gap = 1000000 (custom)
2019-09-25 07:04:47,197 [pool-27-thread-1] INFO  server.RaftServerConfigKeys (ConfUtils.java:logGet(43)) - raft.server.log.appender.buffer.byte-limit = 33554432 (custom)
2019-09-25 07:04:47,197 [pool-27-thread-1] INFO  server.RaftServerConfigKeys (ConfUtils.java:logGet(43)) - raft.server.log.segment.size.max = 1048576 (custom)
2019-09-25 07:04:47,197 [pool-27-thread-1] INFO  server.RaftServerConfigKeys (ConfUtils.java:logGet(43)) - raft.server.log.segment.cache.num.max = 2 (custom)
2019-09-25 07:04:47,198 [pool-27-thread-1] INFO  segmented.SegmentedRaftLogWorker (SegmentedRaftLogWorker.java:<init>(172)) - new e568d23f-199e-48ce-91e4-5c166e2e97cd@group-F3FF35E5C536-SegmentedRaftLogWorker for RaftStorage:Storage Directory /workdir/hadoop-ozone/integration-test/target/test-dir/MiniOzoneClusterImpl-39af9574-7a8b-4ed7-b830-bf686a3d4bb8/datanode-0/data/ratis/6ac5c231-d491-4e1c-a36b-f3ff35e5c536
2019-09-25 07:04:47,198 [pool-27-thread-1] INFO  server.RaftServerConfigKeys (ConfUtils.java:logGet(43)) - raft.server.log.queue.byte-limit = 2147483647 (custom)
2019-09-25 07:04:47,198 [pool-27-thread-1] INFO  server.RaftServerConfigKeys (ConfUtils.java:logGet(43)) - raft.server.log.queue.element-limit = 1024 (custom)
2019-09-25 07:04:47,198 [pool-27-thread-1] INFO  server.RaftServerConfigKeys (ConfUtils.java:logGet(43)) - raft.server.log.segment.size.max = 1048576 (custom)
2019-09-25 07:04:47,198 [pool-27-thread-1] INFO  server.RaftServerConfigKeys (ConfUtils.java:logGet(43)) - raft.server.log.preallocated.size = 16384 (custom)
2019-09-25 07:04:47,198 [pool-27-thread-1] INFO  server.RaftServerConfigKeys (ConfUtils.java:logGet(43)) - raft.server.log.write.buffer.size = 33554432 (custom)
2019-09-25 07:04:47,198 [pool-27-thread-1] INFO  server.RaftServerConfigKeys (ConfUtils.java:logGet(43)) - raft.server.log.force.sync.num = 128 (default)
2019-09-25 07:04:47,199 [pool-27-thread-1] INFO  server.RaftServerConfigKeys (ConfUtils.java:logGet(43)) - raft.server.log.statemachine.data.sync = true (default)
2019-09-25 07:04:47,199 [pool-27-thread-1] INFO  server.RaftServerConfigKeys (ConfUtils.java:logGet(43)) - raft.server.log.statemachine.data.sync.timeout = 10s (default)
2019-09-25 07:04:47,199 [pool-27-thread-1] INFO  server.RaftServerConfigKeys (ConfUtils.java:logGet(43)) - raft.server.log.statemachine.data.sync.timeout.retry = -1 (default)
2019-09-25 07:04:47,199 [pool-27-thread-1] INFO  server.RaftServerConfigKeys (ConfUtils.java:logGet(43)) - raft.server.log.statemachine.data.caching.enabled = true (custom)
2019-09-25 07:04:47,199 [pool-27-thread-1] INFO  segmented.SegmentedRaftLogWorker (SegmentedRaftLogWorker.java:lambda$new$0(132)) - e568d23f-199e-48ce-91e4-5c166e2e97cd@group-F3FF35E5C536-SegmentedRaftLogWorker: flushIndex: setUnconditionally 0 -> -1
2019-09-25 07:04:47,200 [pool-27-thread-1] INFO  server.RaftServerConfigKeys (ConfUtils.java:logGet(43)) - raft.server.snapshot.auto.trigger.enabled = true (custom)
2019-09-25 07:04:47,200 [pool-27-thread-1] INFO  server.RaftServerConfigKeys (ConfUtils.java:logGet(43)) - raft.server.snapshot.auto.trigger.threshold = 10000 (custom)
2019-09-25 07:04:47,200 [pool-27-thread-1] INFO  server.RaftServerConfigKeys (ConfUtils.java:logGet(43)) - raft.server.snapshot.retention.num.files = 5 (custom)
2019-09-25 07:04:47,200 [pool-27-thread-1] INFO  server.RaftServerConfigKeys (ConfUtils.java:logGet(43)) - raft.server.retrycache.expirytime = 600000ms (custom)
2019-09-25 07:04:47,203 [pool-27-thread-1] INFO  impl.RaftServerImpl (RaftServerImpl.java:start(185)) - e568d23f-199e-48ce-91e4-5c166e2e97cd@group-F3FF35E5C536: start as a follower, conf=-1: [e568d23f-199e-48ce-91e4-5c166e2e97cd:192.168.30.10:42827], old=null
2019-09-25 07:04:47,203 [pool-27-thread-1] INFO  impl.RaftServerImpl (RaftServerImpl.java:setRole(174)) - e568d23f-199e-48ce-91e4-5c166e2e97cd@group-F3FF35E5C536: changes role from      null to FOLLOWER at term 0 for startAsFollower
2019-09-25 07:04:47,203 [pool-27-thread-1] INFO  impl.RoleInfo (RoleInfo.java:updateAndGet(143)) - e568d23f-199e-48ce-91e4-5c166e2e97cd: start FollowerState
2019-09-25 07:04:47,203 [pool-27-thread-1] INFO  util.JmxRegister (JmxRegister.java:tryRegister(44)) - Successfully registered JMX Bean with object name Ratis:service=RaftServer,group=group-F3FF35E5C536,id=e568d23f-199e-48ce-91e4-5c166e2e97cd
2019-09-25 07:04:47,208 [RatisPipelineUtilsThread] INFO  pipeline.PipelineStateManager (PipelineStateManager.java:addPipeline(56)) - Created pipeline Pipeline[ Id: 6ac5c231-d491-4e1c-a36b-f3ff35e5c536, Nodes: e568d23f-199e-48ce-91e4-5c166e2e97cd{ip: 192.168.30.10, host: pr-hdds-1569-s62bp-3040748787, networkLocation: /default-rack, certSerialId: null}, Type:RATIS, Factor:ONE, State:OPEN]
2019-09-25 07:04:47,222 [grpc-default-executor-0] INFO  impl.RaftServerProxy (RaftServerProxy.java:addNew(89)) - 62ec8eb9-3ae9-4136-b70a-2caf3716fa7f: addNew group-B959C9F9750D:[62ec8eb9-3ae9-4136-b70a-2caf3716fa7f:192.168.30.10:44715] returns group-B959C9F9750D:java.util.concurrent.CompletableFuture@745fb4c0[Not completed]
2019-09-25 07:04:47,332 [pool-37-thread-1] INFO  impl.RaftServerImpl (RaftServerImpl.java:<init>(95)) - 62ec8eb9-3ae9-4136-b70a-2caf3716fa7f: new RaftServerImpl for group-B959C9F9750D:[62ec8eb9-3ae9-4136-b70a-2caf3716fa7f:192.168.30.10:44715] with ContainerStateMachine:uninitialized
2019-09-25 07:04:47,332 [pool-37-thread-1] INFO  server.RaftServerConfigKeys (ConfUtils.java:logGet(43)) - raft.server.rpc.timeout.min = 5s (custom)
2019-09-25 07:04:47,332 [pool-37-thread-1] INFO  server.RaftServerConfigKeys (ConfUtils.java:logGet(43)) - raft.server.rpc.timeout.max = 5200ms (custom)
2019-09-25 07:04:47,332 [pool-37-thread-1] INFO  server.RaftServerConfigKeys (ConfUtils.java:logGet(43)) - raft.server.rpcslowness.timeout = 120s (custom)
2019-09-25 07:04:47,332 [pool-37-thread-1] INFO  server.RaftServerConfigKeys (ConfUtils.java:logGet(43)) - raft.server.sleep.deviation.threshold = 300 (default)
2019-09-25 07:04:47,332 [pool-37-thread-1] INFO  server.RaftServerConfigKeys (ConfUtils.java:logGet(43)) - raft.server.log.appender.install.snapshot.enabled = false (custom)
2019-09-25 07:04:47,332 [pool-37-thread-1] INFO  impl.RaftServerImpl (ServerState.java:<init>(103)) - 62ec8eb9-3ae9-4136-b70a-2caf3716fa7f@group-B959C9F9750D: ConfigurationManager, init=-1: [62ec8eb9-3ae9-4136-b70a-2caf3716fa7f:192.168.30.10:44715], old=null, confs=<EMPTY_MAP>
2019-09-25 07:04:47,333 [pool-37-thread-1] INFO  server.RaftServerConfigKeys (ConfUtils.java:logGet(43)) - raft.server.storage.dir = [/workdir/hadoop-ozone/integration-test/target/test-dir/MiniOzoneClusterImpl-39af9574-7a8b-4ed7-b830-bf686a3d4bb8/datanode-1/data/ratis] (custom)
2019-09-25 07:04:47,333 [pool-37-thread-1] INFO  storage.RaftStorageDirectory (RaftStorageDirectory.java:analyzeStorage(246)) - The storage directory /workdir/hadoop-ozone/integration-test/target/test-dir/MiniOzoneClusterImpl-39af9574-7a8b-4ed7-b830-bf686a3d4bb8/datanode-1/data/ratis/0f5b38cb-f988-4d60-a3c9-b959c9f9750d does not exist. Creating ...
2019-09-25 07:04:47,348 [pool-37-thread-1] INFO  storage.RaftStorageDirectory (RaftStorageDirectory.java:tryLock(328)) - Lock on /workdir/hadoop-ozone/integration-test/target/test-dir/MiniOzoneClusterImpl-39af9574-7a8b-4ed7-b830-bf686a3d4bb8/datanode-1/data/ratis/0f5b38cb-f988-4d60-a3c9-b959c9f9750d/in_use.lock acquired by nodename 19495@pr-hdds-1569-s62bp-3040748787
2019-09-25 07:04:47,366 [pool-37-thread-1] INFO  storage.RaftStorage (RaftStorage.java:format(72)) - Storage directory /workdir/hadoop-ozone/integration-test/target/test-dir/MiniOzoneClusterImpl-39af9574-7a8b-4ed7-b830-bf686a3d4bb8/datanode-1/data/ratis/0f5b38cb-f988-4d60-a3c9-b959c9f9750d has been successfully formatted.
2019-09-25 07:04:47,366 [pool-37-thread-1] INFO  ratis.ContainerStateMachine (ContainerStateMachine.java:loadSnapshot(230)) - group-B959C9F9750D: The snapshot info is null. Setting the last applied indexto:(t:0, i:~)
2019-09-25 07:04:47,366 [pool-37-thread-1] INFO  server.RaftServerConfigKeys (ConfUtils.java:logGet(43)) - raft.server.notification.no-leader.timeout = 120s (custom)
2019-09-25 07:04:47,367 [pool-37-thread-1] INFO  server.RaftServerConfigKeys (ConfUtils.java:logGet(43)) - raft.server.log.use.memory = false (default)
2019-09-25 07:04:47,367 [pool-37-thread-1] INFO  server.RaftServerConfigKeys (ConfUtils.java:logGet(43)) - raft.server.log.purge.gap = 1000000 (custom)
2019-09-25 07:04:47,367 [pool-37-thread-1] INFO  server.RaftServerConfigKeys (ConfUtils.java:logGet(43)) - raft.server.log.appender.buffer.byte-limit = 33554432 (custom)
2019-09-25 07:04:47,367 [pool-37-thread-1] INFO  server.RaftServerConfigKeys (ConfUtils.java:logGet(43)) - raft.server.log.segment.size.max = 1048576 (custom)
2019-09-25 07:04:47,367 [pool-37-thread-1] INFO  server.RaftServerConfigKeys (ConfUtils.java:logGet(43)) - raft.server.log.segment.cache.num.max = 2 (custom)
2019-09-25 07:04:47,367 [pool-37-thread-1] INFO  segmented.SegmentedRaftLogWorker (SegmentedRaftLogWorker.java:<init>(172)) - new 62ec8eb9-3ae9-4136-b70a-2caf3716fa7f@group-B959C9F9750D-SegmentedRaftLogWorker for RaftStorage:Storage Directory /workdir/hadoop-ozone/integration-test/target/test-dir/MiniOzoneClusterImpl-39af9574-7a8b-4ed7-b830-bf686a3d4bb8/datanode-1/data/ratis/0f5b38cb-f988-4d60-a3c9-b959c9f9750d
2019-09-25 07:04:47,367 [pool-37-thread-1] INFO  server.RaftServerConfigKeys (ConfUtils.java:logGet(43)) - raft.server.log.queue.byte-limit = 2147483647 (custom)
2019-09-25 07:04:47,367 [pool-37-thread-1] INFO  server.RaftServerConfigKeys (ConfUtils.java:logGet(43)) - raft.server.log.queue.element-limit = 1024 (custom)
2019-09-25 07:04:47,367 [pool-37-thread-1] INFO  server.RaftServerConfigKeys (ConfUtils.java:logGet(43)) - raft.server.log.segment.size.max = 1048576 (custom)
2019-09-25 07:04:47,368 [pool-37-thread-1] INFO  server.RaftServerConfigKeys (ConfUtils.java:logGet(43)) - raft.server.log.preallocated.size = 16384 (custom)
2019-09-25 07:04:47,368 [pool-37-thread-1] INFO  server.RaftServerConfigKeys (ConfUtils.java:logGet(43)) - raft.server.log.write.buffer.size = 33554432 (custom)
2019-09-25 07:04:47,368 [pool-37-thread-1] INFO  server.RaftServerConfigKeys (ConfUtils.java:logGet(43)) - raft.server.log.force.sync.num = 128 (default)
2019-09-25 07:04:47,368 [pool-37-thread-1] INFO  server.RaftServerConfigKeys (ConfUtils.java:logGet(43)) - raft.server.log.statemachine.data.sync = true (default)
2019-09-25 07:04:47,368 [pool-37-thread-1] INFO  server.RaftServerConfigKeys (ConfUtils.java:logGet(43)) - raft.server.log.statemachine.data.sync.timeout = 10s (default)
2019-09-25 07:04:47,368 [pool-37-thread-1] INFO  server.RaftServerConfigKeys (ConfUtils.java:logGet(43)) - raft.server.log.statemachine.data.sync.timeout.retry = -1 (default)
2019-09-25 07:04:47,368 [pool-37-thread-1] INFO  server.RaftServerConfigKeys (ConfUtils.java:logGet(43)) - raft.server.log.statemachine.data.caching.enabled = true (custom)
2019-09-25 07:04:47,369 [pool-37-thread-1] INFO  segmented.SegmentedRaftLogWorker (SegmentedRaftLogWorker.java:lambda$new$0(132)) - 62ec8eb9-3ae9-4136-b70a-2caf3716fa7f@group-B959C9F9750D-SegmentedRaftLogWorker: flushIndex: setUnconditionally 0 -> -1
2019-09-25 07:04:47,369 [pool-37-thread-1] INFO  server.RaftServerConfigKeys (ConfUtils.java:logGet(43)) - raft.server.snapshot.auto.trigger.enabled = true (custom)
2019-09-25 07:04:47,369 [pool-37-thread-1] INFO  server.RaftServerConfigKeys (ConfUtils.java:logGet(43)) - raft.server.snapshot.auto.trigger.threshold = 10000 (custom)
2019-09-25 07:04:47,369 [pool-37-thread-1] INFO  server.RaftServerConfigKeys (ConfUtils.java:logGet(43)) - raft.server.snapshot.retention.num.files = 5 (custom)
2019-09-25 07:04:47,369 [pool-37-thread-1] INFO  server.RaftServerConfigKeys (ConfUtils.java:logGet(43)) - raft.server.retrycache.expirytime = 600000ms (custom)
2019-09-25 07:04:47,371 [pool-37-thread-1] INFO  impl.RaftServerImpl (RaftServerImpl.java:start(185)) - 62ec8eb9-3ae9-4136-b70a-2caf3716fa7f@group-B959C9F9750D: start as a follower, conf=-1: [62ec8eb9-3ae9-4136-b70a-2caf3716fa7f:192.168.30.10:44715], old=null
2019-09-25 07:04:47,371 [pool-37-thread-1] INFO  impl.RaftServerImpl (RaftServerImpl.java:setRole(174)) - 62ec8eb9-3ae9-4136-b70a-2caf3716fa7f@group-B959C9F9750D: changes role from      null to FOLLOWER at term 0 for startAsFollower
2019-09-25 07:04:47,372 [pool-37-thread-1] INFO  impl.RoleInfo (RoleInfo.java:updateAndGet(143)) - 62ec8eb9-3ae9-4136-b70a-2caf3716fa7f: start FollowerState
2019-09-25 07:04:47,377 [pool-37-thread-1] INFO  util.JmxRegister (JmxRegister.java:tryRegister(44)) - Successfully registered JMX Bean with object name Ratis:service=RaftServer,group=group-B959C9F9750D,id=62ec8eb9-3ae9-4136-b70a-2caf3716fa7f
2019-09-25 07:04:47,390 [RatisPipelineUtilsThread] INFO  pipeline.PipelineStateManager (PipelineStateManager.java:addPipeline(56)) - Created pipeline Pipeline[ Id: 0f5b38cb-f988-4d60-a3c9-b959c9f9750d, Nodes: 62ec8eb9-3ae9-4136-b70a-2caf3716fa7f{ip: 192.168.30.10, host: pr-hdds-1569-s62bp-3040748787, networkLocation: /default-rack, certSerialId: null}, Type:RATIS, Factor:ONE, State:OPEN]
2019-09-25 07:04:47,397 [grpc-default-executor-0] INFO  impl.RaftServerProxy (RaftServerProxy.java:addNew(89)) - 62ec8eb9-3ae9-4136-b70a-2caf3716fa7f: addNew group-13A301AC63A1:[62ec8eb9-3ae9-4136-b70a-2caf3716fa7f:192.168.30.10:44715] returns group-13A301AC63A1:java.util.concurrent.CompletableFuture@43f4f13a[Not completed]
2019-09-25 07:04:47,398 [pool-37-thread-1] INFO  impl.RaftServerImpl (RaftServerImpl.java:<init>(95)) - 62ec8eb9-3ae9-4136-b70a-2caf3716fa7f: new RaftServerImpl for group-13A301AC63A1:[62ec8eb9-3ae9-4136-b70a-2caf3716fa7f:192.168.30.10:44715] with ContainerStateMachine:uninitialized
2019-09-25 07:04:47,398 [pool-37-thread-1] INFO  server.RaftServerConfigKeys (ConfUtils.java:logGet(43)) - raft.server.rpc.timeout.min = 5s (custom)
2019-09-25 07:04:47,398 [pool-37-thread-1] INFO  server.RaftServerConfigKeys (ConfUtils.java:logGet(43)) - raft.server.rpc.timeout.max = 5200ms (custom)
2019-09-25 07:04:47,398 [pool-37-thread-1] INFO  server.RaftServerConfigKeys (ConfUtils.java:logGet(43)) - raft.server.rpcslowness.timeout = 120s (custom)
2019-09-25 07:04:47,398 [pool-37-thread-1] INFO  server.RaftServerConfigKeys (ConfUtils.java:logGet(43)) - raft.server.sleep.deviation.threshold = 300 (default)
2019-09-25 07:04:47,398 [pool-37-thread-1] INFO  server.RaftServerConfigKeys (ConfUtils.java:logGet(43)) - raft.server.log.appender.install.snapshot.enabled = false (custom)
2019-09-25 07:04:47,399 [pool-37-thread-1] INFO  impl.RaftServerImpl (ServerState.java:<init>(103)) - 62ec8eb9-3ae9-4136-b70a-2caf3716fa7f@group-13A301AC63A1: ConfigurationManager, init=-1: [62ec8eb9-3ae9-4136-b70a-2caf3716fa7f:192.168.30.10:44715], old=null, confs=<EMPTY_MAP>
2019-09-25 07:04:47,399 [pool-37-thread-1] INFO  server.RaftServerConfigKeys (ConfUtils.java:logGet(43)) - raft.server.storage.dir = [/workdir/hadoop-ozone/integration-test/target/test-dir/MiniOzoneClusterImpl-39af9574-7a8b-4ed7-b830-bf686a3d4bb8/datanode-1/data/ratis] (custom)
2019-09-25 07:04:47,399 [pool-37-thread-1] INFO  storage.RaftStorageDirectory (RaftStorageDirectory.java:analyzeStorage(246)) - The storage directory /workdir/hadoop-ozone/integration-test/target/test-dir/MiniOzoneClusterImpl-39af9574-7a8b-4ed7-b830-bf686a3d4bb8/datanode-1/data/ratis/4a4d1193-afda-45d8-bdf8-13a301ac63a1 does not exist. Creating ...
2019-09-25 07:04:47,411 [pool-37-thread-1] INFO  storage.RaftStorageDirectory (RaftStorageDirectory.java:tryLock(328)) - Lock on /workdir/hadoop-ozone/integration-test/target/test-dir/MiniOzoneClusterImpl-39af9574-7a8b-4ed7-b830-bf686a3d4bb8/datanode-1/data/ratis/4a4d1193-afda-45d8-bdf8-13a301ac63a1/in_use.lock acquired by nodename 19495@pr-hdds-1569-s62bp-3040748787
2019-09-25 07:04:47,424 [pool-37-thread-1] INFO  storage.RaftStorage (RaftStorage.java:format(72)) - Storage directory /workdir/hadoop-ozone/integration-test/target/test-dir/MiniOzoneClusterImpl-39af9574-7a8b-4ed7-b830-bf686a3d4bb8/datanode-1/data/ratis/4a4d1193-afda-45d8-bdf8-13a301ac63a1 has been successfully formatted.
2019-09-25 07:04:47,424 [pool-37-thread-1] INFO  ratis.ContainerStateMachine (ContainerStateMachine.java:loadSnapshot(230)) - group-13A301AC63A1: The snapshot info is null. Setting the last applied indexto:(t:0, i:~)
2019-09-25 07:04:47,424 [pool-37-thread-1] INFO  server.RaftServerConfigKeys (ConfUtils.java:logGet(43)) - raft.server.notification.no-leader.timeout = 120s (custom)
2019-09-25 07:04:47,425 [pool-37-thread-1] INFO  server.RaftServerConfigKeys (ConfUtils.java:logGet(43)) - raft.server.log.use.memory = false (default)
2019-09-25 07:04:47,425 [pool-37-thread-1] INFO  server.RaftServerConfigKeys (ConfUtils.java:logGet(43)) - raft.server.log.purge.gap = 1000000 (custom)
2019-09-25 07:04:47,425 [pool-37-thread-1] INFO  server.RaftServerConfigKeys (ConfUtils.java:logGet(43)) - raft.server.log.appender.buffer.byte-limit = 33554432 (custom)
2019-09-25 07:04:47,425 [pool-37-thread-1] INFO  server.RaftServerConfigKeys (ConfUtils.java:logGet(43)) - raft.server.log.segment.size.max = 1048576 (custom)
2019-09-25 07:04:47,425 [pool-37-thread-1] INFO  server.RaftServerConfigKeys (ConfUtils.java:logGet(43)) - raft.server.log.segment.cache.num.max = 2 (custom)
2019-09-25 07:04:47,425 [pool-37-thread-1] INFO  segmented.SegmentedRaftLogWorker (SegmentedRaftLogWorker.java:<init>(172)) - new 62ec8eb9-3ae9-4136-b70a-2caf3716fa7f@group-13A301AC63A1-SegmentedRaftLogWorker for RaftStorage:Storage Directory /workdir/hadoop-ozone/integration-test/target/test-dir/MiniOzoneClusterImpl-39af9574-7a8b-4ed7-b830-bf686a3d4bb8/datanode-1/data/ratis/4a4d1193-afda-45d8-bdf8-13a301ac63a1
2019-09-25 07:04:47,425 [pool-37-thread-1] INFO  server.RaftServerConfigKeys (ConfUtils.java:logGet(43)) - raft.server.log.queue.byte-limit = 2147483647 (custom)
2019-09-25 07:04:47,425 [pool-37-thread-1] INFO  server.RaftServerConfigKeys (ConfUtils.java:logGet(43)) - raft.server.log.queue.element-limit = 1024 (custom)
2019-09-25 07:04:47,425 [pool-37-thread-1] INFO  server.RaftServerConfigKeys (ConfUtils.java:logGet(43)) - raft.server.log.segment.size.max = 1048576 (custom)
2019-09-25 07:04:47,426 [pool-37-thread-1] INFO  server.RaftServerConfigKeys (ConfUtils.java:logGet(43)) - raft.server.log.preallocated.size = 16384 (custom)
2019-09-25 07:04:47,426 [pool-37-thread-1] INFO  server.RaftServerConfigKeys (ConfUtils.java:logGet(43)) - raft.server.log.write.buffer.size = 33554432 (custom)
2019-09-25 07:04:47,426 [pool-37-thread-1] INFO  server.RaftServerConfigKeys (ConfUtils.java:logGet(43)) - raft.server.log.force.sync.num = 128 (default)
2019-09-25 07:04:47,426 [pool-37-thread-1] INFO  server.RaftServerConfigKeys (ConfUtils.java:logGet(43)) - raft.server.log.statemachine.data.sync = true (default)
2019-09-25 07:04:47,426 [pool-37-thread-1] INFO  server.RaftServerConfigKeys (ConfUtils.java:logGet(43)) - raft.server.log.statemachine.data.sync.timeout = 10s (default)
2019-09-25 07:04:47,426 [pool-37-thread-1] INFO  server.RaftServerConfigKeys (ConfUtils.java:logGet(43)) - raft.server.log.statemachine.data.sync.timeout.retry = -1 (default)
2019-09-25 07:04:47,426 [pool-37-thread-1] INFO  server.RaftServerConfigKeys (ConfUtils.java:logGet(43)) - raft.server.log.statemachine.data.caching.enabled = true (custom)
2019-09-25 07:04:47,426 [pool-37-thread-1] INFO  segmented.SegmentedRaftLogWorker (SegmentedRaftLogWorker.java:lambda$new$0(132)) - 62ec8eb9-3ae9-4136-b70a-2caf3716fa7f@group-13A301AC63A1-SegmentedRaftLogWorker: flushIndex: setUnconditionally 0 -> -1
2019-09-25 07:04:47,427 [pool-37-thread-1] INFO  server.RaftServerConfigKeys (ConfUtils.java:logGet(43)) - raft.server.snapshot.auto.trigger.enabled = true (custom)
2019-09-25 07:04:47,427 [pool-37-thread-1] INFO  server.RaftServerConfigKeys (ConfUtils.java:logGet(43)) - raft.server.snapshot.auto.trigger.threshold = 10000 (custom)
2019-09-25 07:04:47,427 [pool-37-thread-1] INFO  server.RaftServerConfigKeys (ConfUtils.java:logGet(43)) - raft.server.snapshot.retention.num.files = 5 (custom)
2019-09-25 07:04:47,427 [pool-37-thread-1] INFO  server.RaftServerConfigKeys (ConfUtils.java:logGet(43)) - raft.server.retrycache.expirytime = 600000ms (custom)
2019-09-25 07:04:47,429 [pool-37-thread-1] INFO  impl.RaftServerImpl (RaftServerImpl.java:start(185)) - 62ec8eb9-3ae9-4136-b70a-2caf3716fa7f@group-13A301AC63A1: start as a follower, conf=-1: [62ec8eb9-3ae9-4136-b70a-2caf3716fa7f:192.168.30.10:44715], old=null
2019-09-25 07:04:47,429 [pool-37-thread-1] INFO  impl.RaftServerImpl (RaftServerImpl.java:setRole(174)) - 62ec8eb9-3ae9-4136-b70a-2caf3716fa7f@group-13A301AC63A1: changes role from      null to FOLLOWER at term 0 for startAsFollower
2019-09-25 07:04:47,429 [pool-37-thread-1] INFO  impl.RoleInfo (RoleInfo.java:updateAndGet(143)) - 62ec8eb9-3ae9-4136-b70a-2caf3716fa7f: start FollowerState
2019-09-25 07:04:47,430 [pool-37-thread-1] INFO  util.JmxRegister (JmxRegister.java:tryRegister(44)) - Successfully registered JMX Bean with object name Ratis:service=RaftServer,group=group-13A301AC63A1,id=62ec8eb9-3ae9-4136-b70a-2caf3716fa7f
2019-09-25 07:04:47,433 [RatisPipelineUtilsThread] INFO  pipeline.PipelineStateManager (PipelineStateManager.java:addPipeline(56)) - Created pipeline Pipeline[ Id: 4a4d1193-afda-45d8-bdf8-13a301ac63a1, Nodes: 62ec8eb9-3ae9-4136-b70a-2caf3716fa7f{ip: 192.168.30.10, host: pr-hdds-1569-s62bp-3040748787, networkLocation: /default-rack, certSerialId: null}, Type:RATIS, Factor:ONE, State:OPEN]
2019-09-25 07:04:47,439 [grpc-default-executor-0] INFO  impl.RaftServerProxy (RaftServerProxy.java:addNew(89)) - 62ec8eb9-3ae9-4136-b70a-2caf3716fa7f: addNew group-C148D37ABAE7:[62ec8eb9-3ae9-4136-b70a-2caf3716fa7f:192.168.30.10:44715] returns group-C148D37ABAE7:java.util.concurrent.CompletableFuture@64bb7ea2[Not completed]
2019-09-25 07:04:47,441 [pool-37-thread-1] INFO  impl.RaftServerImpl (RaftServerImpl.java:<init>(95)) - 62ec8eb9-3ae9-4136-b70a-2caf3716fa7f: new RaftServerImpl for group-C148D37ABAE7:[62ec8eb9-3ae9-4136-b70a-2caf3716fa7f:192.168.30.10:44715] with ContainerStateMachine:uninitialized
2019-09-25 07:04:47,441 [pool-37-thread-1] INFO  server.RaftServerConfigKeys (ConfUtils.java:logGet(43)) - raft.server.rpc.timeout.min = 5s (custom)
2019-09-25 07:04:47,441 [pool-37-thread-1] INFO  server.RaftServerConfigKeys (ConfUtils.java:logGet(43)) - raft.server.rpc.timeout.max = 5200ms (custom)
2019-09-25 07:04:47,441 [pool-37-thread-1] INFO  server.RaftServerConfigKeys (ConfUtils.java:logGet(43)) - raft.server.rpcslowness.timeout = 120s (custom)
2019-09-25 07:04:47,441 [pool-37-thread-1] INFO  server.RaftServerConfigKeys (ConfUtils.java:logGet(43)) - raft.server.sleep.deviation.threshold = 300 (default)
2019-09-25 07:04:47,441 [pool-37-thread-1] INFO  server.RaftServerConfigKeys (ConfUtils.java:logGet(43)) - raft.server.log.appender.install.snapshot.enabled = false (custom)
2019-09-25 07:04:47,441 [pool-37-thread-1] INFO  impl.RaftServerImpl (ServerState.java:<init>(103)) - 62ec8eb9-3ae9-4136-b70a-2caf3716fa7f@group-C148D37ABAE7: ConfigurationManager, init=-1: [62ec8eb9-3ae9-4136-b70a-2caf3716fa7f:192.168.30.10:44715], old=null, confs=<EMPTY_MAP>
2019-09-25 07:04:47,441 [pool-37-thread-1] INFO  server.RaftServerConfigKeys (ConfUtils.java:logGet(43)) - raft.server.storage.dir = [/workdir/hadoop-ozone/integration-test/target/test-dir/MiniOzoneClusterImpl-39af9574-7a8b-4ed7-b830-bf686a3d4bb8/datanode-1/data/ratis] (custom)
2019-09-25 07:04:47,442 [pool-37-thread-1] INFO  storage.RaftStorageDirectory (RaftStorageDirectory.java:analyzeStorage(246)) - The storage directory /workdir/hadoop-ozone/integration-test/target/test-dir/MiniOzoneClusterImpl-39af9574-7a8b-4ed7-b830-bf686a3d4bb8/datanode-1/data/ratis/8072a82a-d65d-4812-b8da-c148d37abae7 does not exist. Creating ...
2019-09-25 07:04:47,448 [pool-37-thread-1] INFO  storage.RaftStorageDirectory (RaftStorageDirectory.java:tryLock(328)) - Lock on /workdir/hadoop-ozone/integration-test/target/test-dir/MiniOzoneClusterImpl-39af9574-7a8b-4ed7-b830-bf686a3d4bb8/datanode-1/data/ratis/8072a82a-d65d-4812-b8da-c148d37abae7/in_use.lock acquired by nodename 19495@pr-hdds-1569-s62bp-3040748787
2019-09-25 07:04:47,452 [pool-37-thread-1] INFO  storage.RaftStorage (RaftStorage.java:format(72)) - Storage directory /workdir/hadoop-ozone/integration-test/target/test-dir/MiniOzoneClusterImpl-39af9574-7a8b-4ed7-b830-bf686a3d4bb8/datanode-1/data/ratis/8072a82a-d65d-4812-b8da-c148d37abae7 has been successfully formatted.
2019-09-25 07:04:47,453 [pool-37-thread-1] INFO  ratis.ContainerStateMachine (ContainerStateMachine.java:loadSnapshot(230)) - group-C148D37ABAE7: The snapshot info is null. Setting the last applied indexto:(t:0, i:~)
2019-09-25 07:04:47,453 [pool-37-thread-1] INFO  server.RaftServerConfigKeys (ConfUtils.java:logGet(43)) - raft.server.notification.no-leader.timeout = 120s (custom)
2019-09-25 07:04:47,453 [pool-37-thread-1] INFO  server.RaftServerConfigKeys (ConfUtils.java:logGet(43)) - raft.server.log.use.memory = false (default)
2019-09-25 07:04:47,453 [pool-37-thread-1] INFO  server.RaftServerConfigKeys (ConfUtils.java:logGet(43)) - raft.server.log.purge.gap = 1000000 (custom)
2019-09-25 07:04:47,453 [pool-37-thread-1] INFO  server.RaftServerConfigKeys (ConfUtils.java:logGet(43)) - raft.server.log.appender.buffer.byte-limit = 33554432 (custom)
2019-09-25 07:04:47,454 [pool-37-thread-1] INFO  server.RaftServerConfigKeys (ConfUtils.java:logGet(43)) - raft.server.log.segment.size.max = 1048576 (custom)
2019-09-25 07:04:47,454 [pool-37-thread-1] INFO  server.RaftServerConfigKeys (ConfUtils.java:logGet(43)) - raft.server.log.segment.cache.num.max = 2 (custom)
2019-09-25 07:04:47,454 [pool-37-thread-1] INFO  segmented.SegmentedRaftLogWorker (SegmentedRaftLogWorker.java:<init>(172)) - new 62ec8eb9-3ae9-4136-b70a-2caf3716fa7f@group-C148D37ABAE7-SegmentedRaftLogWorker for RaftStorage:Storage Directory /workdir/hadoop-ozone/integration-test/target/test-dir/MiniOzoneClusterImpl-39af9574-7a8b-4ed7-b830-bf686a3d4bb8/datanode-1/data/ratis/8072a82a-d65d-4812-b8da-c148d37abae7
2019-09-25 07:04:47,454 [pool-37-thread-1] INFO  server.RaftServerConfigKeys (ConfUtils.java:logGet(43)) - raft.server.log.queue.byte-limit = 2147483647 (custom)
2019-09-25 07:04:47,454 [pool-37-thread-1] INFO  server.RaftServerConfigKeys (ConfUtils.java:logGet(43)) - raft.server.log.queue.element-limit = 1024 (custom)
2019-09-25 07:04:47,454 [pool-37-thread-1] INFO  server.RaftServerConfigKeys (ConfUtils.java:logGet(43)) - raft.server.log.segment.size.max = 1048576 (custom)
2019-09-25 07:04:47,455 [pool-37-thread-1] INFO  server.RaftServerConfigKeys (ConfUtils.java:logGet(43)) - raft.server.log.preallocated.size = 16384 (custom)
2019-09-25 07:04:47,455 [pool-37-thread-1] INFO  server.RaftServerConfigKeys (ConfUtils.java:logGet(43)) - raft.server.log.write.buffer.size = 33554432 (custom)
2019-09-25 07:04:47,455 [pool-37-thread-1] INFO  server.RaftServerConfigKeys (ConfUtils.java:logGet(43)) - raft.server.log.force.sync.num = 128 (default)
2019-09-25 07:04:47,455 [pool-37-thread-1] INFO  server.RaftServerConfigKeys (ConfUtils.java:logGet(43)) - raft.server.log.statemachine.data.sync = true (default)
2019-09-25 07:04:47,455 [pool-37-thread-1] INFO  server.RaftServerConfigKeys (ConfUtils.java:logGet(43)) - raft.server.log.statemachine.data.sync.timeout = 10s (default)
2019-09-25 07:04:47,455 [pool-37-thread-1] INFO  server.RaftServerConfigKeys (ConfUtils.java:logGet(43)) - raft.server.log.statemachine.data.sync.timeout.retry = -1 (default)
2019-09-25 07:04:47,456 [pool-37-thread-1] INFO  server.RaftServerConfigKeys (ConfUtils.java:logGet(43)) - raft.server.log.statemachine.data.caching.enabled = true (custom)
2019-09-25 07:04:47,456 [pool-37-thread-1] INFO  segmented.SegmentedRaftLogWorker (SegmentedRaftLogWorker.java:lambda$new$0(132)) - 62ec8eb9-3ae9-4136-b70a-2caf3716fa7f@group-C148D37ABAE7-SegmentedRaftLogWorker: flushIndex: setUnconditionally 0 -> -1
2019-09-25 07:04:47,457 [pool-37-thread-1] INFO  server.RaftServerConfigKeys (ConfUtils.java:logGet(43)) - raft.server.snapshot.auto.trigger.enabled = true (custom)
2019-09-25 07:04:47,457 [pool-37-thread-1] INFO  server.RaftServerConfigKeys (ConfUtils.java:logGet(43)) - raft.server.snapshot.auto.trigger.threshold = 10000 (custom)
2019-09-25 07:04:47,457 [pool-37-thread-1] INFO  server.RaftServerConfigKeys (ConfUtils.java:logGet(43)) - raft.server.snapshot.retention.num.files = 5 (custom)
2019-09-25 07:04:47,457 [pool-37-thread-1] INFO  server.RaftServerConfigKeys (ConfUtils.java:logGet(43)) - raft.server.retrycache.expirytime = 600000ms (custom)
2019-09-25 07:04:47,460 [pool-37-thread-1] INFO  impl.RaftServerImpl (RaftServerImpl.java:start(185)) - 62ec8eb9-3ae9-4136-b70a-2caf3716fa7f@group-C148D37ABAE7: start as a follower, conf=-1: [62ec8eb9-3ae9-4136-b70a-2caf3716fa7f:192.168.30.10:44715], old=null
2019-09-25 07:04:47,460 [pool-37-thread-1] INFO  impl.RaftServerImpl (RaftServerImpl.java:setRole(174)) - 62ec8eb9-3ae9-4136-b70a-2caf3716fa7f@group-C148D37ABAE7: changes role from      null to FOLLOWER at term 0 for startAsFollower
2019-09-25 07:04:47,461 [pool-37-thread-1] INFO  impl.RoleInfo (RoleInfo.java:updateAndGet(143)) - 62ec8eb9-3ae9-4136-b70a-2caf3716fa7f: start FollowerState
2019-09-25 07:04:47,461 [pool-37-thread-1] INFO  util.JmxRegister (JmxRegister.java:tryRegister(44)) - Successfully registered JMX Bean with object name Ratis:service=RaftServer,group=group-C148D37ABAE7,id=62ec8eb9-3ae9-4136-b70a-2caf3716fa7f
2019-09-25 07:04:47,464 [RatisPipelineUtilsThread] INFO  pipeline.PipelineStateManager (PipelineStateManager.java:addPipeline(56)) - Created pipeline Pipeline[ Id: 8072a82a-d65d-4812-b8da-c148d37abae7, Nodes: 62ec8eb9-3ae9-4136-b70a-2caf3716fa7f{ip: 192.168.30.10, host: pr-hdds-1569-s62bp-3040748787, networkLocation: /default-rack, certSerialId: null}, Type:RATIS, Factor:ONE, State:OPEN]
2019-09-25 07:04:47,470 [grpc-default-executor-0] INFO  impl.RaftServerProxy (RaftServerProxy.java:addNew(89)) - 62ec8eb9-3ae9-4136-b70a-2caf3716fa7f: addNew group-1CFBCAD8B615:[62ec8eb9-3ae9-4136-b70a-2caf3716fa7f:192.168.30.10:44715] returns group-1CFBCAD8B615:java.util.concurrent.CompletableFuture@24ee37d1[Not completed]
2019-09-25 07:04:47,472 [pool-37-thread-1] INFO  impl.RaftServerImpl (RaftServerImpl.java:<init>(95)) - 62ec8eb9-3ae9-4136-b70a-2caf3716fa7f: new RaftServerImpl for group-1CFBCAD8B615:[62ec8eb9-3ae9-4136-b70a-2caf3716fa7f:192.168.30.10:44715] with ContainerStateMachine:uninitialized
2019-09-25 07:04:47,472 [pool-37-thread-1] INFO  server.RaftServerConfigKeys (ConfUtils.java:logGet(43)) - raft.server.rpc.timeout.min = 5s (custom)
2019-09-25 07:04:47,472 [pool-37-thread-1] INFO  server.RaftServerConfigKeys (ConfUtils.java:logGet(43)) - raft.server.rpc.timeout.max = 5200ms (custom)
2019-09-25 07:04:47,472 [pool-37-thread-1] INFO  server.RaftServerConfigKeys (ConfUtils.java:logGet(43)) - raft.server.rpcslowness.timeout = 120s (custom)
2019-09-25 07:04:47,472 [pool-37-thread-1] INFO  server.RaftServerConfigKeys (ConfUtils.java:logGet(43)) - raft.server.sleep.deviation.threshold = 300 (default)
2019-09-25 07:04:47,473 [pool-37-thread-1] INFO  server.RaftServerConfigKeys (ConfUtils.java:logGet(43)) - raft.server.log.appender.install.snapshot.enabled = false (custom)
2019-09-25 07:04:47,473 [pool-37-thread-1] INFO  impl.RaftServerImpl (ServerState.java:<init>(103)) - 62ec8eb9-3ae9-4136-b70a-2caf3716fa7f@group-1CFBCAD8B615: ConfigurationManager, init=-1: [62ec8eb9-3ae9-4136-b70a-2caf3716fa7f:192.168.30.10:44715], old=null, confs=<EMPTY_MAP>
2019-09-25 07:04:47,473 [pool-37-thread-1] INFO  server.RaftServerConfigKeys (ConfUtils.java:logGet(43)) - raft.server.storage.dir = [/workdir/hadoop-ozone/integration-test/target/test-dir/MiniOzoneClusterImpl-39af9574-7a8b-4ed7-b830-bf686a3d4bb8/datanode-1/data/ratis] (custom)
2019-09-25 07:04:47,473 [pool-37-thread-1] INFO  storage.RaftStorageDirectory (RaftStorageDirectory.java:analyzeStorage(246)) - The storage directory /workdir/hadoop-ozone/integration-test/target/test-dir/MiniOzoneClusterImpl-39af9574-7a8b-4ed7-b830-bf686a3d4bb8/datanode-1/data/ratis/0be6dec5-9075-47a2-8354-1cfbcad8b615 does not exist. Creating ...
2019-09-25 07:04:47,477 [pool-37-thread-1] INFO  storage.RaftStorageDirectory (RaftStorageDirectory.java:tryLock(328)) - Lock on /workdir/hadoop-ozone/integration-test/target/test-dir/MiniOzoneClusterImpl-39af9574-7a8b-4ed7-b830-bf686a3d4bb8/datanode-1/data/ratis/0be6dec5-9075-47a2-8354-1cfbcad8b615/in_use.lock acquired by nodename 19495@pr-hdds-1569-s62bp-3040748787
2019-09-25 07:04:47,481 [pool-37-thread-1] INFO  storage.RaftStorage (RaftStorage.java:format(72)) - Storage directory /workdir/hadoop-ozone/integration-test/target/test-dir/MiniOzoneClusterImpl-39af9574-7a8b-4ed7-b830-bf686a3d4bb8/datanode-1/data/ratis/0be6dec5-9075-47a2-8354-1cfbcad8b615 has been successfully formatted.
2019-09-25 07:04:47,482 [pool-37-thread-1] INFO  ratis.ContainerStateMachine (ContainerStateMachine.java:loadSnapshot(230)) - group-1CFBCAD8B615: The snapshot info is null. Setting the last applied indexto:(t:0, i:~)
2019-09-25 07:04:47,482 [pool-37-thread-1] INFO  server.RaftServerConfigKeys (ConfUtils.java:logGet(43)) - raft.server.notification.no-leader.timeout = 120s (custom)
2019-09-25 07:04:47,482 [pool-37-thread-1] INFO  server.RaftServerConfigKeys (ConfUtils.java:logGet(43)) - raft.server.log.use.memory = false (default)
2019-09-25 07:04:47,482 [pool-37-thread-1] INFO  server.RaftServerConfigKeys (ConfUtils.java:logGet(43)) - raft.server.log.purge.gap = 1000000 (custom)
2019-09-25 07:04:47,482 [pool-37-thread-1] INFO  server.RaftServerConfigKeys (ConfUtils.java:logGet(43)) - raft.server.log.appender.buffer.byte-limit = 33554432 (custom)
2019-09-25 07:04:47,482 [pool-37-thread-1] INFO  server.RaftServerConfigKeys (ConfUtils.java:logGet(43)) - raft.server.log.segment.size.max = 1048576 (custom)
2019-09-25 07:04:47,483 [pool-37-thread-1] INFO  server.RaftServerConfigKeys (ConfUtils.java:logGet(43)) - raft.server.log.segment.cache.num.max = 2 (custom)
2019-09-25 07:04:47,483 [pool-37-thread-1] INFO  segmented.SegmentedRaftLogWorker (SegmentedRaftLogWorker.java:<init>(172)) - new 62ec8eb9-3ae9-4136-b70a-2caf3716fa7f@group-1CFBCAD8B615-SegmentedRaftLogWorker for RaftStorage:Storage Directory /workdir/hadoop-ozone/integration-test/target/test-dir/MiniOzoneClusterImpl-39af9574-7a8b-4ed7-b830-bf686a3d4bb8/datanode-1/data/ratis/0be6dec5-9075-47a2-8354-1cfbcad8b615
2019-09-25 07:04:47,483 [pool-37-thread-1] INFO  server.RaftServerConfigKeys (ConfUtils.java:logGet(43)) - raft.server.log.queue.byte-limit = 2147483647 (custom)
2019-09-25 07:04:47,483 [pool-37-thread-1] INFO  server.RaftServerConfigKeys (ConfUtils.java:logGet(43)) - raft.server.log.queue.element-limit = 1024 (custom)
2019-09-25 07:04:47,483 [pool-37-thread-1] INFO  server.RaftServerConfigKeys (ConfUtils.java:logGet(43)) - raft.server.log.segment.size.max = 1048576 (custom)
2019-09-25 07:04:47,483 [pool-37-thread-1] INFO  server.RaftServerConfigKeys (ConfUtils.java:logGet(43)) - raft.server.log.preallocated.size = 16384 (custom)
2019-09-25 07:04:47,484 [pool-37-thread-1] INFO  server.RaftServerConfigKeys (ConfUtils.java:logGet(43)) - raft.server.log.write.buffer.size = 33554432 (custom)
2019-09-25 07:04:47,484 [pool-37-thread-1] INFO  server.RaftServerConfigKeys (ConfUtils.java:logGet(43)) - raft.server.log.force.sync.num = 128 (default)
2019-09-25 07:04:47,484 [pool-37-thread-1] INFO  server.RaftServerConfigKeys (ConfUtils.java:logGet(43)) - raft.server.log.statemachine.data.sync = true (default)
2019-09-25 07:04:47,484 [pool-37-thread-1] INFO  server.RaftServerConfigKeys (ConfUtils.java:logGet(43)) - raft.server.log.statemachine.data.sync.timeout = 10s (default)
2019-09-25 07:04:47,484 [pool-37-thread-1] INFO  server.RaftServerConfigKeys (ConfUtils.java:logGet(43)) - raft.server.log.statemachine.data.sync.timeout.retry = -1 (default)
2019-09-25 07:04:47,484 [pool-37-thread-1] INFO  server.RaftServerConfigKeys (ConfUtils.java:logGet(43)) - raft.server.log.statemachine.data.caching.enabled = true (custom)
2019-09-25 07:04:47,485 [pool-37-thread-1] INFO  segmented.SegmentedRaftLogWorker (SegmentedRaftLogWorker.java:lambda$new$0(132)) - 62ec8eb9-3ae9-4136-b70a-2caf3716fa7f@group-1CFBCAD8B615-SegmentedRaftLogWorker: flushIndex: setUnconditionally 0 -> -1
2019-09-25 07:04:47,485 [pool-37-thread-1] INFO  server.RaftServerConfigKeys (ConfUtils.java:logGet(43)) - raft.server.snapshot.auto.trigger.enabled = true (custom)
2019-09-25 07:04:47,485 [pool-37-thread-1] INFO  server.RaftServerConfigKeys (ConfUtils.java:logGet(43)) - raft.server.snapshot.auto.trigger.threshold = 10000 (custom)
2019-09-25 07:04:47,485 [pool-37-thread-1] INFO  server.RaftServerConfigKeys (ConfUtils.java:logGet(43)) - raft.server.snapshot.retention.num.files = 5 (custom)
2019-09-25 07:04:47,486 [pool-37-thread-1] INFO  server.RaftServerConfigKeys (ConfUtils.java:logGet(43)) - raft.server.retrycache.expirytime = 600000ms (custom)
2019-09-25 07:04:47,488 [pool-37-thread-1] INFO  impl.RaftServerImpl (RaftServerImpl.java:start(185)) - 62ec8eb9-3ae9-4136-b70a-2caf3716fa7f@group-1CFBCAD8B615: start as a follower, conf=-1: [62ec8eb9-3ae9-4136-b70a-2caf3716fa7f:192.168.30.10:44715], old=null
2019-09-25 07:04:47,488 [pool-37-thread-1] INFO  impl.RaftServerImpl (RaftServerImpl.java:setRole(174)) - 62ec8eb9-3ae9-4136-b70a-2caf3716fa7f@group-1CFBCAD8B615: changes role from      null to FOLLOWER at term 0 for startAsFollower
2019-09-25 07:04:47,489 [pool-37-thread-1] INFO  impl.RoleInfo (RoleInfo.java:updateAndGet(143)) - 62ec8eb9-3ae9-4136-b70a-2caf3716fa7f: start FollowerState
2019-09-25 07:04:47,489 [pool-37-thread-1] INFO  util.JmxRegister (JmxRegister.java:tryRegister(44)) - Successfully registered JMX Bean with object name Ratis:service=RaftServer,group=group-1CFBCAD8B615,id=62ec8eb9-3ae9-4136-b70a-2caf3716fa7f
2019-09-25 07:04:47,492 [RatisPipelineUtilsThread] INFO  pipeline.PipelineStateManager (PipelineStateManager.java:addPipeline(56)) - Created pipeline Pipeline[ Id: 0be6dec5-9075-47a2-8354-1cfbcad8b615, Nodes: 62ec8eb9-3ae9-4136-b70a-2caf3716fa7f{ip: 192.168.30.10, host: pr-hdds-1569-s62bp-3040748787, networkLocation: /default-rack, certSerialId: null}, Type:RATIS, Factor:ONE, State:OPEN]
2019-09-25 07:04:47,498 [grpc-default-executor-0] INFO  impl.RaftServerProxy (RaftServerProxy.java:addNew(89)) - 24bf2945-a329-4da6-aaf2-23ecd8d462c6: addNew group-7901D8C1857A:[24bf2945-a329-4da6-aaf2-23ecd8d462c6:192.168.30.10:42867] returns group-7901D8C1857A:java.util.concurrent.CompletableFuture@2f936fb5[Not completed]
2019-09-25 07:04:47,500 [pool-47-thread-1] INFO  impl.RaftServerImpl (RaftServerImpl.java:<init>(95)) - 24bf2945-a329-4da6-aaf2-23ecd8d462c6: new RaftServerImpl for group-7901D8C1857A:[24bf2945-a329-4da6-aaf2-23ecd8d462c6:192.168.30.10:42867] with ContainerStateMachine:uninitialized
2019-09-25 07:04:47,500 [pool-47-thread-1] INFO  server.RaftServerConfigKeys (ConfUtils.java:logGet(43)) - raft.server.rpc.timeout.min = 5s (custom)
2019-09-25 07:04:47,500 [pool-47-thread-1] INFO  server.RaftServerConfigKeys (ConfUtils.java:logGet(43)) - raft.server.rpc.timeout.max = 5200ms (custom)
2019-09-25 07:04:47,500 [pool-47-thread-1] INFO  server.RaftServerConfigKeys (ConfUtils.java:logGet(43)) - raft.server.rpcslowness.timeout = 120s (custom)
2019-09-25 07:04:47,501 [pool-47-thread-1] INFO  server.RaftServerConfigKeys (ConfUtils.java:logGet(43)) - raft.server.sleep.deviation.threshold = 300 (default)
2019-09-25 07:04:47,501 [pool-47-thread-1] INFO  server.RaftServerConfigKeys (ConfUtils.java:logGet(43)) - raft.server.log.appender.install.snapshot.enabled = false (custom)
2019-09-25 07:04:47,501 [pool-47-thread-1] INFO  impl.RaftServerImpl (ServerState.java:<init>(103)) - 24bf2945-a329-4da6-aaf2-23ecd8d462c6@group-7901D8C1857A: ConfigurationManager, init=-1: [24bf2945-a329-4da6-aaf2-23ecd8d462c6:192.168.30.10:42867], old=null, confs=<EMPTY_MAP>
2019-09-25 07:04:47,501 [pool-47-thread-1] INFO  server.RaftServerConfigKeys (ConfUtils.java:logGet(43)) - raft.server.storage.dir = [/workdir/hadoop-ozone/integration-test/target/test-dir/MiniOzoneClusterImpl-39af9574-7a8b-4ed7-b830-bf686a3d4bb8/datanode-2/data/ratis] (custom)
2019-09-25 07:04:47,502 [pool-47-thread-1] INFO  storage.RaftStorageDirectory (RaftStorageDirectory.java:analyzeStorage(246)) - The storage directory /workdir/hadoop-ozone/integration-test/target/test-dir/MiniOzoneClusterImpl-39af9574-7a8b-4ed7-b830-bf686a3d4bb8/datanode-2/data/ratis/18a43d76-f22c-4944-8c62-7901d8c1857a does not exist. Creating ...
2019-09-25 07:04:47,506 [pool-47-thread-1] INFO  storage.RaftStorageDirectory (RaftStorageDirectory.java:tryLock(328)) - Lock on /workdir/hadoop-ozone/integration-test/target/test-dir/MiniOzoneClusterImpl-39af9574-7a8b-4ed7-b830-bf686a3d4bb8/datanode-2/data/ratis/18a43d76-f22c-4944-8c62-7901d8c1857a/in_use.lock acquired by nodename 19495@pr-hdds-1569-s62bp-3040748787
2019-09-25 07:04:47,510 [pool-47-thread-1] INFO  storage.RaftStorage (RaftStorage.java:format(72)) - Storage directory /workdir/hadoop-ozone/integration-test/target/test-dir/MiniOzoneClusterImpl-39af9574-7a8b-4ed7-b830-bf686a3d4bb8/datanode-2/data/ratis/18a43d76-f22c-4944-8c62-7901d8c1857a has been successfully formatted.
2019-09-25 07:04:47,510 [pool-47-thread-1] INFO  ratis.ContainerStateMachine (ContainerStateMachine.java:loadSnapshot(230)) - group-7901D8C1857A: The snapshot info is null. Setting the last applied indexto:(t:0, i:~)
2019-09-25 07:04:47,510 [pool-47-thread-1] INFO  server.RaftServerConfigKeys (ConfUtils.java:logGet(43)) - raft.server.notification.no-leader.timeout = 120s (custom)
2019-09-25 07:04:47,511 [pool-47-thread-1] INFO  server.RaftServerConfigKeys (ConfUtils.java:logGet(43)) - raft.server.log.use.memory = false (default)
2019-09-25 07:04:47,511 [pool-47-thread-1] INFO  server.RaftServerConfigKeys (ConfUtils.java:logGet(43)) - raft.server.log.purge.gap = 1000000 (custom)
2019-09-25 07:04:47,511 [pool-47-thread-1] INFO  server.RaftServerConfigKeys (ConfUtils.java:logGet(43)) - raft.server.log.appender.buffer.byte-limit = 33554432 (custom)
2019-09-25 07:04:47,511 [pool-47-thread-1] INFO  server.RaftServerConfigKeys (ConfUtils.java:logGet(43)) - raft.server.log.segment.size.max = 1048576 (custom)
2019-09-25 07:04:47,511 [pool-47-thread-1] INFO  server.RaftServerConfigKeys (ConfUtils.java:logGet(43)) - raft.server.log.segment.cache.num.max = 2 (custom)
2019-09-25 07:04:47,512 [pool-47-thread-1] INFO  segmented.SegmentedRaftLogWorker (SegmentedRaftLogWorker.java:<init>(172)) - new 24bf2945-a329-4da6-aaf2-23ecd8d462c6@group-7901D8C1857A-SegmentedRaftLogWorker for RaftStorage:Storage Directory /workdir/hadoop-ozone/integration-test/target/test-dir/MiniOzoneClusterImpl-39af9574-7a8b-4ed7-b830-bf686a3d4bb8/datanode-2/data/ratis/18a43d76-f22c-4944-8c62-7901d8c1857a
2019-09-25 07:04:47,512 [pool-47-thread-1] INFO  server.RaftServerConfigKeys (ConfUtils.java:logGet(43)) - raft.server.log.queue.byte-limit = 2147483647 (custom)
2019-09-25 07:04:47,512 [pool-47-thread-1] INFO  server.RaftServerConfigKeys (ConfUtils.java:logGet(43)) - raft.server.log.queue.element-limit = 1024 (custom)
2019-09-25 07:04:47,512 [pool-47-thread-1] INFO  server.RaftServerConfigKeys (ConfUtils.java:logGet(43)) - raft.server.log.segment.size.max = 1048576 (custom)
2019-09-25 07:04:47,512 [pool-47-thread-1] INFO  server.RaftServerConfigKeys (ConfUtils.java:logGet(43)) - raft.server.log.preallocated.size = 16384 (custom)
2019-09-25 07:04:47,512 [pool-47-thread-1] INFO  server.RaftServerConfigKeys (ConfUtils.java:logGet(43)) - raft.server.log.write.buffer.size = 33554432 (custom)
2019-09-25 07:04:47,513 [pool-47-thread-1] INFO  server.RaftServerConfigKeys (ConfUtils.java:logGet(43)) - raft.server.log.force.sync.num = 128 (default)
2019-09-25 07:04:47,513 [pool-47-thread-1] INFO  server.RaftServerConfigKeys (ConfUtils.java:logGet(43)) - raft.server.log.statemachine.data.sync = true (default)
2019-09-25 07:04:47,513 [pool-47-thread-1] INFO  server.RaftServerConfigKeys (ConfUtils.java:logGet(43)) - raft.server.log.statemachine.data.sync.timeout = 10s (default)
2019-09-25 07:04:47,513 [pool-47-thread-1] INFO  server.RaftServerConfigKeys (ConfUtils.java:logGet(43)) - raft.server.log.statemachine.data.sync.timeout.retry = -1 (default)
2019-09-25 07:04:47,513 [pool-47-thread-1] INFO  server.RaftServerConfigKeys (ConfUtils.java:logGet(43)) - raft.server.log.statemachine.data.caching.enabled = true (custom)
2019-09-25 07:04:47,514 [pool-47-thread-1] INFO  segmented.SegmentedRaftLogWorker (SegmentedRaftLogWorker.java:lambda$new$0(132)) - 24bf2945-a329-4da6-aaf2-23ecd8d462c6@group-7901D8C1857A-SegmentedRaftLogWorker: flushIndex: setUnconditionally 0 -> -1
2019-09-25 07:04:47,514 [pool-47-thread-1] INFO  server.RaftServerConfigKeys (ConfUtils.java:logGet(43)) - raft.server.snapshot.auto.trigger.enabled = true (custom)
2019-09-25 07:04:47,514 [pool-47-thread-1] INFO  server.RaftServerConfigKeys (ConfUtils.java:logGet(43)) - raft.server.snapshot.auto.trigger.threshold = 10000 (custom)
2019-09-25 07:04:47,514 [pool-47-thread-1] INFO  server.RaftServerConfigKeys (ConfUtils.java:logGet(43)) - raft.server.snapshot.retention.num.files = 5 (custom)
2019-09-25 07:04:47,515 [pool-47-thread-1] INFO  server.RaftServerConfigKeys (ConfUtils.java:logGet(43)) - raft.server.retrycache.expirytime = 600000ms (custom)
2019-09-25 07:04:47,518 [pool-47-thread-1] INFO  impl.RaftServerImpl (RaftServerImpl.java:start(185)) - 24bf2945-a329-4da6-aaf2-23ecd8d462c6@group-7901D8C1857A: start as a follower, conf=-1: [24bf2945-a329-4da6-aaf2-23ecd8d462c6:192.168.30.10:42867], old=null
2019-09-25 07:04:47,518 [pool-47-thread-1] INFO  impl.RaftServerImpl (RaftServerImpl.java:setRole(174)) - 24bf2945-a329-4da6-aaf2-23ecd8d462c6@group-7901D8C1857A: changes role from      null to FOLLOWER at term 0 for startAsFollower
2019-09-25 07:04:47,518 [pool-47-thread-1] INFO  impl.RoleInfo (RoleInfo.java:updateAndGet(143)) - 24bf2945-a329-4da6-aaf2-23ecd8d462c6: start FollowerState
2019-09-25 07:04:47,518 [pool-47-thread-1] INFO  util.JmxRegister (JmxRegister.java:tryRegister(44)) - Successfully registered JMX Bean with object name Ratis:service=RaftServer,group=group-7901D8C1857A,id=24bf2945-a329-4da6-aaf2-23ecd8d462c6
2019-09-25 07:04:47,521 [RatisPipelineUtilsThread] INFO  pipeline.PipelineStateManager (PipelineStateManager.java:addPipeline(56)) - Created pipeline Pipeline[ Id: 18a43d76-f22c-4944-8c62-7901d8c1857a, Nodes: 24bf2945-a329-4da6-aaf2-23ecd8d462c6{ip: 192.168.30.10, host: pr-hdds-1569-s62bp-3040748787, networkLocation: /default-rack, certSerialId: null}, Type:RATIS, Factor:ONE, State:OPEN]
2019-09-25 07:04:47,528 [grpc-default-executor-0] INFO  impl.RaftServerProxy (RaftServerProxy.java:addNew(89)) - 24bf2945-a329-4da6-aaf2-23ecd8d462c6: addNew group-BCFF9B811CEF:[24bf2945-a329-4da6-aaf2-23ecd8d462c6:192.168.30.10:42867] returns group-BCFF9B811CEF:java.util.concurrent.CompletableFuture@104353e[Not completed]
2019-09-25 07:04:47,530 [pool-47-thread-1] INFO  impl.RaftServerImpl (RaftServerImpl.java:<init>(95)) - 24bf2945-a329-4da6-aaf2-23ecd8d462c6: new RaftServerImpl for group-BCFF9B811CEF:[24bf2945-a329-4da6-aaf2-23ecd8d462c6:192.168.30.10:42867] with ContainerStateMachine:uninitialized
2019-09-25 07:04:47,530 [pool-47-thread-1] INFO  server.RaftServerConfigKeys (ConfUtils.java:logGet(43)) - raft.server.rpc.timeout.min = 5s (custom)
2019-09-25 07:04:47,530 [pool-47-thread-1] INFO  server.RaftServerConfigKeys (ConfUtils.java:logGet(43)) - raft.server.rpc.timeout.max = 5200ms (custom)
2019-09-25 07:04:47,530 [pool-47-thread-1] INFO  server.RaftServerConfigKeys (ConfUtils.java:logGet(43)) - raft.server.rpcslowness.timeout = 120s (custom)
2019-09-25 07:04:47,530 [pool-47-thread-1] INFO  server.RaftServerConfigKeys (ConfUtils.java:logGet(43)) - raft.server.sleep.deviation.threshold = 300 (default)
2019-09-25 07:04:47,530 [pool-47-thread-1] INFO  server.RaftServerConfigKeys (ConfUtils.java:logGet(43)) - raft.server.log.appender.install.snapshot.enabled = false (custom)
2019-09-25 07:04:47,531 [pool-47-thread-1] INFO  impl.RaftServerImpl (ServerState.java:<init>(103)) - 24bf2945-a329-4da6-aaf2-23ecd8d462c6@group-BCFF9B811CEF: ConfigurationManager, init=-1: [24bf2945-a329-4da6-aaf2-23ecd8d462c6:192.168.30.10:42867], old=null, confs=<EMPTY_MAP>
2019-09-25 07:04:47,531 [pool-47-thread-1] INFO  server.RaftServerConfigKeys (ConfUtils.java:logGet(43)) - raft.server.storage.dir = [/workdir/hadoop-ozone/integration-test/target/test-dir/MiniOzoneClusterImpl-39af9574-7a8b-4ed7-b830-bf686a3d4bb8/datanode-2/data/ratis] (custom)
2019-09-25 07:04:47,531 [pool-47-thread-1] INFO  storage.RaftStorageDirectory (RaftStorageDirectory.java:analyzeStorage(246)) - The storage directory /workdir/hadoop-ozone/integration-test/target/test-dir/MiniOzoneClusterImpl-39af9574-7a8b-4ed7-b830-bf686a3d4bb8/datanode-2/data/ratis/39ae7609-9b0e-4152-a2e1-bcff9b811cef does not exist. Creating ...
2019-09-25 07:04:47,534 [pool-47-thread-1] INFO  storage.RaftStorageDirectory (RaftStorageDirectory.java:tryLock(328)) - Lock on /workdir/hadoop-ozone/integration-test/target/test-dir/MiniOzoneClusterImpl-39af9574-7a8b-4ed7-b830-bf686a3d4bb8/datanode-2/data/ratis/39ae7609-9b0e-4152-a2e1-bcff9b811cef/in_use.lock acquired by nodename 19495@pr-hdds-1569-s62bp-3040748787
2019-09-25 07:04:47,538 [pool-47-thread-1] INFO  storage.RaftStorage (RaftStorage.java:format(72)) - Storage directory /workdir/hadoop-ozone/integration-test/target/test-dir/MiniOzoneClusterImpl-39af9574-7a8b-4ed7-b830-bf686a3d4bb8/datanode-2/data/ratis/39ae7609-9b0e-4152-a2e1-bcff9b811cef has been successfully formatted.
2019-09-25 07:04:47,538 [pool-47-thread-1] INFO  ratis.ContainerStateMachine (ContainerStateMachine.java:loadSnapshot(230)) - group-BCFF9B811CEF: The snapshot info is null. Setting the last applied indexto:(t:0, i:~)
2019-09-25 07:04:47,538 [pool-47-thread-1] INFO  server.RaftServerConfigKeys (ConfUtils.java:logGet(43)) - raft.server.notification.no-leader.timeout = 120s (custom)
2019-09-25 07:04:47,538 [pool-47-thread-1] INFO  server.RaftServerConfigKeys (ConfUtils.java:logGet(43)) - raft.server.log.use.memory = false (default)
2019-09-25 07:04:47,538 [pool-47-thread-1] INFO  server.RaftServerConfigKeys (ConfUtils.java:logGet(43)) - raft.server.log.purge.gap = 1000000 (custom)
2019-09-25 07:04:47,538 [pool-47-thread-1] INFO  server.RaftServerConfigKeys (ConfUtils.java:logGet(43)) - raft.server.log.appender.buffer.byte-limit = 33554432 (custom)
2019-09-25 07:04:47,539 [pool-47-thread-1] INFO  server.RaftServerConfigKeys (ConfUtils.java:logGet(43)) - raft.server.log.segment.size.max = 1048576 (custom)
2019-09-25 07:04:47,539 [pool-47-thread-1] INFO  server.RaftServerConfigKeys (ConfUtils.java:logGet(43)) - raft.server.log.segment.cache.num.max = 2 (custom)
2019-09-25 07:04:47,539 [pool-47-thread-1] INFO  segmented.SegmentedRaftLogWorker (SegmentedRaftLogWorker.java:<init>(172)) - new 24bf2945-a329-4da6-aaf2-23ecd8d462c6@group-BCFF9B811CEF-SegmentedRaftLogWorker for RaftStorage:Storage Directory /workdir/hadoop-ozone/integration-test/target/test-dir/MiniOzoneClusterImpl-39af9574-7a8b-4ed7-b830-bf686a3d4bb8/datanode-2/data/ratis/39ae7609-9b0e-4152-a2e1-bcff9b811cef
2019-09-25 07:04:47,539 [pool-47-thread-1] INFO  server.RaftServerConfigKeys (ConfUtils.java:logGet(43)) - raft.server.log.queue.byte-limit = 2147483647 (custom)
2019-09-25 07:04:47,539 [pool-47-thread-1] INFO  server.RaftServerConfigKeys (ConfUtils.java:logGet(43)) - raft.server.log.queue.element-limit = 1024 (custom)
2019-09-25 07:04:47,539 [pool-47-thread-1] INFO  server.RaftServerConfigKeys (ConfUtils.java:logGet(43)) - raft.server.log.segment.size.max = 1048576 (custom)
2019-09-25 07:04:47,539 [pool-47-thread-1] INFO  server.RaftServerConfigKeys (ConfUtils.java:logGet(43)) - raft.server.log.preallocated.size = 16384 (custom)
2019-09-25 07:04:47,540 [pool-47-thread-1] INFO  server.RaftServerConfigKeys (ConfUtils.java:logGet(43)) - raft.server.log.write.buffer.size = 33554432 (custom)
2019-09-25 07:04:47,540 [pool-47-thread-1] INFO  server.RaftServerConfigKeys (ConfUtils.java:logGet(43)) - raft.server.log.force.sync.num = 128 (default)
2019-09-25 07:04:47,540 [pool-47-thread-1] INFO  server.RaftServerConfigKeys (ConfUtils.java:logGet(43)) - raft.server.log.statemachine.data.sync = true (default)
2019-09-25 07:04:47,540 [pool-47-thread-1] INFO  server.RaftServerConfigKeys (ConfUtils.java:logGet(43)) - raft.server.log.statemachine.data.sync.timeout = 10s (default)
2019-09-25 07:04:47,540 [pool-47-thread-1] INFO  server.RaftServerConfigKeys (ConfUtils.java:logGet(43)) - raft.server.log.statemachine.data.sync.timeout.retry = -1 (default)
2019-09-25 07:04:47,540 [pool-47-thread-1] INFO  server.RaftServerConfigKeys (ConfUtils.java:logGet(43)) - raft.server.log.statemachine.data.caching.enabled = true (custom)
2019-09-25 07:04:47,541 [pool-47-thread-1] INFO  segmented.SegmentedRaftLogWorker (SegmentedRaftLogWorker.java:lambda$new$0(132)) - 24bf2945-a329-4da6-aaf2-23ecd8d462c6@group-BCFF9B811CEF-SegmentedRaftLogWorker: flushIndex: setUnconditionally 0 -> -1
2019-09-25 07:04:47,541 [pool-47-thread-1] INFO  server.RaftServerConfigKeys (ConfUtils.java:logGet(43)) - raft.server.snapshot.auto.trigger.enabled = true (custom)
2019-09-25 07:04:47,541 [pool-47-thread-1] INFO  server.RaftServerConfigKeys (ConfUtils.java:logGet(43)) - raft.server.snapshot.auto.trigger.threshold = 10000 (custom)
2019-09-25 07:04:47,541 [pool-47-thread-1] INFO  server.RaftServerConfigKeys (ConfUtils.java:logGet(43)) - raft.server.snapshot.retention.num.files = 5 (custom)
2019-09-25 07:04:47,541 [pool-47-thread-1] INFO  server.RaftServerConfigKeys (ConfUtils.java:logGet(43)) - raft.server.retrycache.expirytime = 600000ms (custom)
2019-09-25 07:04:47,544 [pool-47-thread-1] INFO  impl.RaftServerImpl (RaftServerImpl.java:start(185)) - 24bf2945-a329-4da6-aaf2-23ecd8d462c6@group-BCFF9B811CEF: start as a follower, conf=-1: [24bf2945-a329-4da6-aaf2-23ecd8d462c6:192.168.30.10:42867], old=null
2019-09-25 07:04:47,544 [pool-47-thread-1] INFO  impl.RaftServerImpl (RaftServerImpl.java:setRole(174)) - 24bf2945-a329-4da6-aaf2-23ecd8d462c6@group-BCFF9B811CEF: changes role from      null to FOLLOWER at term 0 for startAsFollower
2019-09-25 07:04:47,544 [pool-47-thread-1] INFO  impl.RoleInfo (RoleInfo.java:updateAndGet(143)) - 24bf2945-a329-4da6-aaf2-23ecd8d462c6: start FollowerState
2019-09-25 07:04:47,544 [pool-47-thread-1] INFO  util.JmxRegister (JmxRegister.java:tryRegister(44)) - Successfully registered JMX Bean with object name Ratis:service=RaftServer,group=group-BCFF9B811CEF,id=24bf2945-a329-4da6-aaf2-23ecd8d462c6
2019-09-25 07:04:47,547 [RatisPipelineUtilsThread] INFO  pipeline.PipelineStateManager (PipelineStateManager.java:addPipeline(56)) - Created pipeline Pipeline[ Id: 39ae7609-9b0e-4152-a2e1-bcff9b811cef, Nodes: 24bf2945-a329-4da6-aaf2-23ecd8d462c6{ip: 192.168.30.10, host: pr-hdds-1569-s62bp-3040748787, networkLocation: /default-rack, certSerialId: null}, Type:RATIS, Factor:ONE, State:OPEN]
2019-09-25 07:04:47,553 [grpc-default-executor-0] INFO  impl.RaftServerProxy (RaftServerProxy.java:addNew(89)) - e568d23f-199e-48ce-91e4-5c166e2e97cd: addNew group-3C2911E474D6:[e568d23f-199e-48ce-91e4-5c166e2e97cd:192.168.30.10:42827] returns group-3C2911E474D6:java.util.concurrent.CompletableFuture@37d5f01d[Not completed]
2019-09-25 07:04:47,555 [pool-27-thread-1] INFO  impl.RaftServerImpl (RaftServerImpl.java:<init>(95)) - e568d23f-199e-48ce-91e4-5c166e2e97cd: new RaftServerImpl for group-3C2911E474D6:[e568d23f-199e-48ce-91e4-5c166e2e97cd:192.168.30.10:42827] with ContainerStateMachine:uninitialized
2019-09-25 07:04:47,555 [pool-27-thread-1] INFO  server.RaftServerConfigKeys (ConfUtils.java:logGet(43)) - raft.server.rpc.timeout.min = 5s (custom)
2019-09-25 07:04:47,555 [pool-27-thread-1] INFO  server.RaftServerConfigKeys (ConfUtils.java:logGet(43)) - raft.server.rpc.timeout.max = 5200ms (custom)
2019-09-25 07:04:47,555 [pool-27-thread-1] INFO  server.RaftServerConfigKeys (ConfUtils.java:logGet(43)) - raft.server.rpcslowness.timeout = 120s (custom)
2019-09-25 07:04:47,555 [pool-27-thread-1] INFO  server.RaftServerConfigKeys (ConfUtils.java:logGet(43)) - raft.server.sleep.deviation.threshold = 300 (default)
2019-09-25 07:04:47,556 [pool-27-thread-1] INFO  server.RaftServerConfigKeys (ConfUtils.java:logGet(43)) - raft.server.log.appender.install.snapshot.enabled = false (custom)
2019-09-25 07:04:47,556 [pool-27-thread-1] INFO  impl.RaftServerImpl (ServerState.java:<init>(103)) - e568d23f-199e-48ce-91e4-5c166e2e97cd@group-3C2911E474D6: ConfigurationManager, init=-1: [e568d23f-199e-48ce-91e4-5c166e2e97cd:192.168.30.10:42827], old=null, confs=<EMPTY_MAP>
2019-09-25 07:04:47,556 [pool-27-thread-1] INFO  server.RaftServerConfigKeys (ConfUtils.java:logGet(43)) - raft.server.storage.dir = [/workdir/hadoop-ozone/integration-test/target/test-dir/MiniOzoneClusterImpl-39af9574-7a8b-4ed7-b830-bf686a3d4bb8/datanode-0/data/ratis] (custom)
2019-09-25 07:04:47,556 [pool-27-thread-1] INFO  storage.RaftStorageDirectory (RaftStorageDirectory.java:analyzeStorage(246)) - The storage directory /workdir/hadoop-ozone/integration-test/target/test-dir/MiniOzoneClusterImpl-39af9574-7a8b-4ed7-b830-bf686a3d4bb8/datanode-0/data/ratis/25b53701-e203-4741-84bc-3c2911e474d6 does not exist. Creating ...
2019-09-25 07:04:47,560 [pool-27-thread-1] INFO  storage.RaftStorageDirectory (RaftStorageDirectory.java:tryLock(328)) - Lock on /workdir/hadoop-ozone/integration-test/target/test-dir/MiniOzoneClusterImpl-39af9574-7a8b-4ed7-b830-bf686a3d4bb8/datanode-0/data/ratis/25b53701-e203-4741-84bc-3c2911e474d6/in_use.lock acquired by nodename 19495@pr-hdds-1569-s62bp-3040748787
2019-09-25 07:04:47,564 [pool-27-thread-1] INFO  storage.RaftStorage (RaftStorage.java:format(72)) - Storage directory /workdir/hadoop-ozone/integration-test/target/test-dir/MiniOzoneClusterImpl-39af9574-7a8b-4ed7-b830-bf686a3d4bb8/datanode-0/data/ratis/25b53701-e203-4741-84bc-3c2911e474d6 has been successfully formatted.
2019-09-25 07:04:47,564 [pool-27-thread-1] INFO  ratis.ContainerStateMachine (ContainerStateMachine.java:loadSnapshot(230)) - group-3C2911E474D6: The snapshot info is null. Setting the last applied indexto:(t:0, i:~)
2019-09-25 07:04:47,564 [pool-27-thread-1] INFO  server.RaftServerConfigKeys (ConfUtils.java:logGet(43)) - raft.server.notification.no-leader.timeout = 120s (custom)
2019-09-25 07:04:47,564 [pool-27-thread-1] INFO  server.RaftServerConfigKeys (ConfUtils.java:logGet(43)) - raft.server.log.use.memory = false (default)
2019-09-25 07:04:47,565 [pool-27-thread-1] INFO  server.RaftServerConfigKeys (ConfUtils.java:logGet(43)) - raft.server.log.purge.gap = 1000000 (custom)
2019-09-25 07:04:47,565 [pool-27-thread-1] INFO  server.RaftServerConfigKeys (ConfUtils.java:logGet(43)) - raft.server.log.appender.buffer.byte-limit = 33554432 (custom)
2019-09-25 07:04:47,565 [pool-27-thread-1] INFO  server.RaftServerConfigKeys (ConfUtils.java:logGet(43)) - raft.server.log.segment.size.max = 1048576 (custom)
2019-09-25 07:04:47,565 [pool-27-thread-1] INFO  server.RaftServerConfigKeys (ConfUtils.java:logGet(43)) - raft.server.log.segment.cache.num.max = 2 (custom)
2019-09-25 07:04:47,565 [pool-27-thread-1] INFO  segmented.SegmentedRaftLogWorker (SegmentedRaftLogWorker.java:<init>(172)) - new e568d23f-199e-48ce-91e4-5c166e2e97cd@group-3C2911E474D6-SegmentedRaftLogWorker for RaftStorage:Storage Directory /workdir/hadoop-ozone/integration-test/target/test-dir/MiniOzoneClusterImpl-39af9574-7a8b-4ed7-b830-bf686a3d4bb8/datanode-0/data/ratis/25b53701-e203-4741-84bc-3c2911e474d6
2019-09-25 07:04:47,565 [pool-27-thread-1] INFO  server.RaftServerConfigKeys (ConfUtils.java:logGet(43)) - raft.server.log.queue.byte-limit = 2147483647 (custom)
2019-09-25 07:04:47,566 [pool-27-thread-1] INFO  server.RaftServerConfigKeys (ConfUtils.java:logGet(43)) - raft.server.log.queue.element-limit = 1024 (custom)
2019-09-25 07:04:47,566 [pool-27-thread-1] INFO  server.RaftServerConfigKeys (ConfUtils.java:logGet(43)) - raft.server.log.segment.size.max = 1048576 (custom)
2019-09-25 07:04:47,566 [pool-27-thread-1] INFO  server.RaftServerConfigKeys (ConfUtils.java:logGet(43)) - raft.server.log.preallocated.size = 16384 (custom)
2019-09-25 07:04:47,566 [pool-27-thread-1] INFO  server.RaftServerConfigKeys (ConfUtils.java:logGet(43)) - raft.server.log.write.buffer.size = 33554432 (custom)
2019-09-25 07:04:47,566 [pool-27-thread-1] INFO  server.RaftServerConfigKeys (ConfUtils.java:logGet(43)) - raft.server.log.force.sync.num = 128 (default)
2019-09-25 07:04:47,566 [pool-27-thread-1] INFO  server.RaftServerConfigKeys (ConfUtils.java:logGet(43)) - raft.server.log.statemachine.data.sync = true (default)
2019-09-25 07:04:47,567 [pool-27-thread-1] INFO  server.RaftServerConfigKeys (ConfUtils.java:logGet(43)) - raft.server.log.statemachine.data.sync.timeout = 10s (default)
2019-09-25 07:04:47,567 [pool-27-thread-1] INFO  server.RaftServerConfigKeys (ConfUtils.java:logGet(43)) - raft.server.log.statemachine.data.sync.timeout.retry = -1 (default)
2019-09-25 07:04:47,567 [pool-27-thread-1] INFO  server.RaftServerConfigKeys (ConfUtils.java:logGet(43)) - raft.server.log.statemachine.data.caching.enabled = true (custom)
2019-09-25 07:04:47,567 [pool-27-thread-1] INFO  segmented.SegmentedRaftLogWorker (SegmentedRaftLogWorker.java:lambda$new$0(132)) - e568d23f-199e-48ce-91e4-5c166e2e97cd@group-3C2911E474D6-SegmentedRaftLogWorker: flushIndex: setUnconditionally 0 -> -1
2019-09-25 07:04:47,568 [pool-27-thread-1] INFO  server.RaftServerConfigKeys (ConfUtils.java:logGet(43)) - raft.server.snapshot.auto.trigger.enabled = true (custom)
2019-09-25 07:04:47,568 [pool-27-thread-1] INFO  server.RaftServerConfigKeys (ConfUtils.java:logGet(43)) - raft.server.snapshot.auto.trigger.threshold = 10000 (custom)
2019-09-25 07:04:47,568 [pool-27-thread-1] INFO  server.RaftServerConfigKeys (ConfUtils.java:logGet(43)) - raft.server.snapshot.retention.num.files = 5 (custom)
2019-09-25 07:04:47,568 [pool-27-thread-1] INFO  server.RaftServerConfigKeys (ConfUtils.java:logGet(43)) - raft.server.retrycache.expirytime = 600000ms (custom)
2019-09-25 07:04:47,571 [pool-27-thread-1] INFO  impl.RaftServerImpl (RaftServerImpl.java:start(185)) - e568d23f-199e-48ce-91e4-5c166e2e97cd@group-3C2911E474D6: start as a follower, conf=-1: [e568d23f-199e-48ce-91e4-5c166e2e97cd:192.168.30.10:42827], old=null
2019-09-25 07:04:47,572 [pool-27-thread-1] INFO  impl.RaftServerImpl (RaftServerImpl.java:setRole(174)) - e568d23f-199e-48ce-91e4-5c166e2e97cd@group-3C2911E474D6: changes role from      null to FOLLOWER at term 0 for startAsFollower
2019-09-25 07:04:47,572 [pool-27-thread-1] INFO  impl.RoleInfo (RoleInfo.java:updateAndGet(143)) - e568d23f-199e-48ce-91e4-5c166e2e97cd: start FollowerState
2019-09-25 07:04:47,572 [pool-27-thread-1] INFO  util.JmxRegister (JmxRegister.java:tryRegister(44)) - Successfully registered JMX Bean with object name Ratis:service=RaftServer,group=group-3C2911E474D6,id=e568d23f-199e-48ce-91e4-5c166e2e97cd
2019-09-25 07:04:47,575 [RatisPipelineUtilsThread] INFO  pipeline.PipelineStateManager (PipelineStateManager.java:addPipeline(56)) - Created pipeline Pipeline[ Id: 25b53701-e203-4741-84bc-3c2911e474d6, Nodes: e568d23f-199e-48ce-91e4-5c166e2e97cd{ip: 192.168.30.10, host: pr-hdds-1569-s62bp-3040748787, networkLocation: /default-rack, certSerialId: null}, Type:RATIS, Factor:ONE, State:OPEN]
2019-09-25 07:04:47,581 [grpc-default-executor-0] INFO  impl.RaftServerProxy (RaftServerProxy.java:addNew(89)) - 24bf2945-a329-4da6-aaf2-23ecd8d462c6: addNew group-AB91BC31D1B7:[24bf2945-a329-4da6-aaf2-23ecd8d462c6:192.168.30.10:42867] returns group-AB91BC31D1B7:java.util.concurrent.CompletableFuture@4d85443d[Not completed]
2019-09-25 07:04:47,583 [pool-47-thread-1] INFO  impl.RaftServerImpl (RaftServerImpl.java:<init>(95)) - 24bf2945-a329-4da6-aaf2-23ecd8d462c6: new RaftServerImpl for group-AB91BC31D1B7:[24bf2945-a329-4da6-aaf2-23ecd8d462c6:192.168.30.10:42867] with ContainerStateMachine:uninitialized
2019-09-25 07:04:47,583 [pool-47-thread-1] INFO  server.RaftServerConfigKeys (ConfUtils.java:logGet(43)) - raft.server.rpc.timeout.min = 5s (custom)
2019-09-25 07:04:47,584 [pool-47-thread-1] INFO  server.RaftServerConfigKeys (ConfUtils.java:logGet(43)) - raft.server.rpc.timeout.max = 5200ms (custom)
2019-09-25 07:04:47,584 [pool-47-thread-1] INFO  server.RaftServerConfigKeys (ConfUtils.java:logGet(43)) - raft.server.rpcslowness.timeout = 120s (custom)
2019-09-25 07:04:47,584 [pool-47-thread-1] INFO  server.RaftServerConfigKeys (ConfUtils.java:logGet(43)) - raft.server.sleep.deviation.threshold = 300 (default)
2019-09-25 07:04:47,584 [pool-47-thread-1] INFO  server.RaftServerConfigKeys (ConfUtils.java:logGet(43)) - raft.server.log.appender.install.snapshot.enabled = false (custom)
2019-09-25 07:04:47,584 [pool-47-thread-1] INFO  impl.RaftServerImpl (ServerState.java:<init>(103)) - 24bf2945-a329-4da6-aaf2-23ecd8d462c6@group-AB91BC31D1B7: ConfigurationManager, init=-1: [24bf2945-a329-4da6-aaf2-23ecd8d462c6:192.168.30.10:42867], old=null, confs=<EMPTY_MAP>
2019-09-25 07:04:47,585 [pool-47-thread-1] INFO  server.RaftServerConfigKeys (ConfUtils.java:logGet(43)) - raft.server.storage.dir = [/workdir/hadoop-ozone/integration-test/target/test-dir/MiniOzoneClusterImpl-39af9574-7a8b-4ed7-b830-bf686a3d4bb8/datanode-2/data/ratis] (custom)
2019-09-25 07:04:47,585 [pool-47-thread-1] INFO  storage.RaftStorageDirectory (RaftStorageDirectory.java:analyzeStorage(246)) - The storage directory /workdir/hadoop-ozone/integration-test/target/test-dir/MiniOzoneClusterImpl-39af9574-7a8b-4ed7-b830-bf686a3d4bb8/datanode-2/data/ratis/ea0943cb-84f1-4187-a3ee-ab91bc31d1b7 does not exist. Creating ...
2019-09-25 07:04:47,588 [pool-47-thread-1] INFO  storage.RaftStorageDirectory (RaftStorageDirectory.java:tryLock(328)) - Lock on /workdir/hadoop-ozone/integration-test/target/test-dir/MiniOzoneClusterImpl-39af9574-7a8b-4ed7-b830-bf686a3d4bb8/datanode-2/data/ratis/ea0943cb-84f1-4187-a3ee-ab91bc31d1b7/in_use.lock acquired by nodename 19495@pr-hdds-1569-s62bp-3040748787
2019-09-25 07:04:47,603 [pool-47-thread-1] INFO  storage.RaftStorage (RaftStorage.java:format(72)) - Storage directory /workdir/hadoop-ozone/integration-test/target/test-dir/MiniOzoneClusterImpl-39af9574-7a8b-4ed7-b830-bf686a3d4bb8/datanode-2/data/ratis/ea0943cb-84f1-4187-a3ee-ab91bc31d1b7 has been successfully formatted.
2019-09-25 07:04:47,603 [pool-47-thread-1] INFO  ratis.ContainerStateMachine (ContainerStateMachine.java:loadSnapshot(230)) - group-AB91BC31D1B7: The snapshot info is null. Setting the last applied indexto:(t:0, i:~)
2019-09-25 07:04:47,603 [pool-47-thread-1] INFO  server.RaftServerConfigKeys (ConfUtils.java:logGet(43)) - raft.server.notification.no-leader.timeout = 120s (custom)
2019-09-25 07:04:47,603 [pool-47-thread-1] INFO  server.RaftServerConfigKeys (ConfUtils.java:logGet(43)) - raft.server.log.use.memory = false (default)
2019-09-25 07:04:47,604 [pool-47-thread-1] INFO  server.RaftServerConfigKeys (ConfUtils.java:logGet(43)) - raft.server.log.purge.gap = 1000000 (custom)
2019-09-25 07:04:47,604 [pool-47-thread-1] INFO  server.RaftServerConfigKeys (ConfUtils.java:logGet(43)) - raft.server.log.appender.buffer.byte-limit = 33554432 (custom)
2019-09-25 07:04:47,604 [pool-47-thread-1] INFO  server.RaftServerConfigKeys (ConfUtils.java:logGet(43)) - raft.server.log.segment.size.max = 1048576 (custom)
2019-09-25 07:04:47,604 [pool-47-thread-1] INFO  server.RaftServerConfigKeys (ConfUtils.java:logGet(43)) - raft.server.log.segment.cache.num.max = 2 (custom)
2019-09-25 07:04:47,604 [pool-47-thread-1] INFO  segmented.SegmentedRaftLogWorker (SegmentedRaftLogWorker.java:<init>(172)) - new 24bf2945-a329-4da6-aaf2-23ecd8d462c6@group-AB91BC31D1B7-SegmentedRaftLogWorker for RaftStorage:Storage Directory /workdir/hadoop-ozone/integration-test/target/test-dir/MiniOzoneClusterImpl-39af9574-7a8b-4ed7-b830-bf686a3d4bb8/datanode-2/data/ratis/ea0943cb-84f1-4187-a3ee-ab91bc31d1b7
2019-09-25 07:04:47,605 [pool-47-thread-1] INFO  server.RaftServerConfigKeys (ConfUtils.java:logGet(43)) - raft.server.log.queue.byte-limit = 2147483647 (custom)
2019-09-25 07:04:47,605 [pool-47-thread-1] INFO  server.RaftServerConfigKeys (ConfUtils.java:logGet(43)) - raft.server.log.queue.element-limit = 1024 (custom)
2019-09-25 07:04:47,605 [pool-47-thread-1] INFO  server.RaftServerConfigKeys (ConfUtils.java:logGet(43)) - raft.server.log.segment.size.max = 1048576 (custom)
2019-09-25 07:04:47,605 [pool-47-thread-1] INFO  server.RaftServerConfigKeys (ConfUtils.java:logGet(43)) - raft.server.log.preallocated.size = 16384 (custom)
2019-09-25 07:04:47,605 [pool-47-thread-1] INFO  server.RaftServerConfigKeys (ConfUtils.java:logGet(43)) - raft.server.log.write.buffer.size = 33554432 (custom)
2019-09-25 07:04:47,606 [pool-47-thread-1] INFO  server.RaftServerConfigKeys (ConfUtils.java:logGet(43)) - raft.server.log.force.sync.num = 128 (default)
2019-09-25 07:04:47,606 [pool-47-thread-1] INFO  server.RaftServerConfigKeys (ConfUtils.java:logGet(43)) - raft.server.log.statemachine.data.sync = true (default)
2019-09-25 07:04:47,606 [pool-47-thread-1] INFO  server.RaftServerConfigKeys (ConfUtils.java:logGet(43)) - raft.server.log.statemachine.data.sync.timeout = 10s (default)
2019-09-25 07:04:47,606 [pool-47-thread-1] INFO  server.RaftServerConfigKeys (ConfUtils.java:logGet(43)) - raft.server.log.statemachine.data.sync.timeout.retry = -1 (default)
2019-09-25 07:04:47,607 [pool-47-thread-1] INFO  server.RaftServerConfigKeys (ConfUtils.java:logGet(43)) - raft.server.log.statemachine.data.caching.enabled = true (custom)
2019-09-25 07:04:47,607 [pool-47-thread-1] INFO  segmented.SegmentedRaftLogWorker (SegmentedRaftLogWorker.java:lambda$new$0(132)) - 24bf2945-a329-4da6-aaf2-23ecd8d462c6@group-AB91BC31D1B7-SegmentedRaftLogWorker: flushIndex: setUnconditionally 0 -> -1
2019-09-25 07:04:47,608 [pool-47-thread-1] INFO  server.RaftServerConfigKeys (ConfUtils.java:logGet(43)) - raft.server.snapshot.auto.trigger.enabled = true (custom)
2019-09-25 07:04:47,608 [pool-47-thread-1] INFO  server.RaftServerConfigKeys (ConfUtils.java:logGet(43)) - raft.server.snapshot.auto.trigger.threshold = 10000 (custom)
2019-09-25 07:04:47,608 [pool-47-thread-1] INFO  server.RaftServerConfigKeys (ConfUtils.java:logGet(43)) - raft.server.snapshot.retention.num.files = 5 (custom)
2019-09-25 07:04:47,608 [pool-47-thread-1] INFO  server.RaftServerConfigKeys (ConfUtils.java:logGet(43)) - raft.server.retrycache.expirytime = 600000ms (custom)
2019-09-25 07:04:47,612 [pool-47-thread-1] INFO  impl.RaftServerImpl (RaftServerImpl.java:start(185)) - 24bf2945-a329-4da6-aaf2-23ecd8d462c6@group-AB91BC31D1B7: start as a follower, conf=-1: [24bf2945-a329-4da6-aaf2-23ecd8d462c6:192.168.30.10:42867], old=null
2019-09-25 07:04:47,612 [pool-47-thread-1] INFO  impl.RaftServerImpl (RaftServerImpl.java:setRole(174)) - 24bf2945-a329-4da6-aaf2-23ecd8d462c6@group-AB91BC31D1B7: changes role from      null to FOLLOWER at term 0 for startAsFollower
2019-09-25 07:04:47,612 [pool-47-thread-1] INFO  impl.RoleInfo (RoleInfo.java:updateAndGet(143)) - 24bf2945-a329-4da6-aaf2-23ecd8d462c6: start FollowerState
2019-09-25 07:04:47,613 [pool-47-thread-1] INFO  util.JmxRegister (JmxRegister.java:tryRegister(44)) - Successfully registered JMX Bean with object name Ratis:service=RaftServer,group=group-AB91BC31D1B7,id=24bf2945-a329-4da6-aaf2-23ecd8d462c6
2019-09-25 07:04:47,616 [RatisPipelineUtilsThread] INFO  pipeline.PipelineStateManager (PipelineStateManager.java:addPipeline(56)) - Created pipeline Pipeline[ Id: ea0943cb-84f1-4187-a3ee-ab91bc31d1b7, Nodes: 24bf2945-a329-4da6-aaf2-23ecd8d462c6{ip: 192.168.30.10, host: pr-hdds-1569-s62bp-3040748787, networkLocation: /default-rack, certSerialId: null}, Type:RATIS, Factor:ONE, State:OPEN]
2019-09-25 07:04:47,623 [grpc-default-executor-0] INFO  impl.RaftServerProxy (RaftServerProxy.java:addNew(89)) - 24bf2945-a329-4da6-aaf2-23ecd8d462c6: addNew group-04F5BDB95FEC:[24bf2945-a329-4da6-aaf2-23ecd8d462c6:192.168.30.10:42867] returns group-04F5BDB95FEC:java.util.concurrent.CompletableFuture@28f268a8[Not completed]
2019-09-25 07:04:47,624 [pool-47-thread-1] INFO  impl.RaftServerImpl (RaftServerImpl.java:<init>(95)) - 24bf2945-a329-4da6-aaf2-23ecd8d462c6: new RaftServerImpl for group-04F5BDB95FEC:[24bf2945-a329-4da6-aaf2-23ecd8d462c6:192.168.30.10:42867] with ContainerStateMachine:uninitialized
2019-09-25 07:04:47,624 [pool-47-thread-1] INFO  server.RaftServerConfigKeys (ConfUtils.java:logGet(43)) - raft.server.rpc.timeout.min = 5s (custom)
2019-09-25 07:04:47,624 [pool-47-thread-1] INFO  server.RaftServerConfigKeys (ConfUtils.java:logGet(43)) - raft.server.rpc.timeout.max = 5200ms (custom)
2019-09-25 07:04:47,624 [pool-47-thread-1] INFO  server.RaftServerConfigKeys (ConfUtils.java:logGet(43)) - raft.server.rpcslowness.timeout = 120s (custom)
2019-09-25 07:04:47,624 [pool-47-thread-1] INFO  server.RaftServerConfigKeys (ConfUtils.java:logGet(43)) - raft.server.sleep.deviation.threshold = 300 (default)
2019-09-25 07:04:47,624 [pool-47-thread-1] INFO  server.RaftServerConfigKeys (ConfUtils.java:logGet(43)) - raft.server.log.appender.install.snapshot.enabled = false (custom)
2019-09-25 07:04:47,624 [pool-47-thread-1] INFO  impl.RaftServerImpl (ServerState.java:<init>(103)) - 24bf2945-a329-4da6-aaf2-23ecd8d462c6@group-04F5BDB95FEC: ConfigurationManager, init=-1: [24bf2945-a329-4da6-aaf2-23ecd8d462c6:192.168.30.10:42867], old=null, confs=<EMPTY_MAP>
2019-09-25 07:04:47,625 [pool-47-thread-1] INFO  server.RaftServerConfigKeys (ConfUtils.java:logGet(43)) - raft.server.storage.dir = [/workdir/hadoop-ozone/integration-test/target/test-dir/MiniOzoneClusterImpl-39af9574-7a8b-4ed7-b830-bf686a3d4bb8/datanode-2/data/ratis] (custom)
2019-09-25 07:04:47,625 [pool-47-thread-1] INFO  storage.RaftStorageDirectory (RaftStorageDirectory.java:analyzeStorage(246)) - The storage directory /workdir/hadoop-ozone/integration-test/target/test-dir/MiniOzoneClusterImpl-39af9574-7a8b-4ed7-b830-bf686a3d4bb8/datanode-2/data/ratis/4e4ed9a9-54f3-4891-8a50-04f5bdb95fec does not exist. Creating ...
2019-09-25 07:04:47,637 [pool-47-thread-1] INFO  storage.RaftStorageDirectory (RaftStorageDirectory.java:tryLock(328)) - Lock on /workdir/hadoop-ozone/integration-test/target/test-dir/MiniOzoneClusterImpl-39af9574-7a8b-4ed7-b830-bf686a3d4bb8/datanode-2/data/ratis/4e4ed9a9-54f3-4891-8a50-04f5bdb95fec/in_use.lock acquired by nodename 19495@pr-hdds-1569-s62bp-3040748787
2019-09-25 07:04:47,650 [pool-47-thread-1] INFO  storage.RaftStorage (RaftStorage.java:format(72)) - Storage directory /workdir/hadoop-ozone/integration-test/target/test-dir/MiniOzoneClusterImpl-39af9574-7a8b-4ed7-b830-bf686a3d4bb8/datanode-2/data/ratis/4e4ed9a9-54f3-4891-8a50-04f5bdb95fec has been successfully formatted.
2019-09-25 07:04:47,650 [pool-47-thread-1] INFO  ratis.ContainerStateMachine (ContainerStateMachine.java:loadSnapshot(230)) - group-04F5BDB95FEC: The snapshot info is null. Setting the last applied indexto:(t:0, i:~)
2019-09-25 07:04:47,651 [pool-47-thread-1] INFO  server.RaftServerConfigKeys (ConfUtils.java:logGet(43)) - raft.server.notification.no-leader.timeout = 120s (custom)
2019-09-25 07:04:47,651 [pool-47-thread-1] INFO  server.RaftServerConfigKeys (ConfUtils.java:logGet(43)) - raft.server.log.use.memory = false (default)
2019-09-25 07:04:47,651 [pool-47-thread-1] INFO  server.RaftServerConfigKeys (ConfUtils.java:logGet(43)) - raft.server.log.purge.gap = 1000000 (custom)
2019-09-25 07:04:47,651 [pool-47-thread-1] INFO  server.RaftServerConfigKeys (ConfUtils.java:logGet(43)) - raft.server.log.appender.buffer.byte-limit = 33554432 (custom)
2019-09-25 07:04:47,651 [pool-47-thread-1] INFO  server.RaftServerConfigKeys (ConfUtils.java:logGet(43)) - raft.server.log.segment.size.max = 1048576 (custom)
2019-09-25 07:04:47,651 [pool-47-thread-1] INFO  server.RaftServerConfigKeys (ConfUtils.java:logGet(43)) - raft.server.log.segment.cache.num.max = 2 (custom)
2019-09-25 07:04:47,651 [pool-47-thread-1] INFO  segmented.SegmentedRaftLogWorker (SegmentedRaftLogWorker.java:<init>(172)) - new 24bf2945-a329-4da6-aaf2-23ecd8d462c6@group-04F5BDB95FEC-SegmentedRaftLogWorker for RaftStorage:Storage Directory /workdir/hadoop-ozone/integration-test/target/test-dir/MiniOzoneClusterImpl-39af9574-7a8b-4ed7-b830-bf686a3d4bb8/datanode-2/data/ratis/4e4ed9a9-54f3-4891-8a50-04f5bdb95fec
2019-09-25 07:04:47,652 [pool-47-thread-1] INFO  server.RaftServerConfigKeys (ConfUtils.java:logGet(43)) - raft.server.log.queue.byte-limit = 2147483647 (custom)
2019-09-25 07:04:47,652 [pool-47-thread-1] INFO  server.RaftServerConfigKeys (ConfUtils.java:logGet(43)) - raft.server.log.queue.element-limit = 1024 (custom)
2019-09-25 07:04:47,652 [pool-47-thread-1] INFO  server.RaftServerConfigKeys (ConfUtils.java:logGet(43)) - raft.server.log.segment.size.max = 1048576 (custom)
2019-09-25 07:04:47,652 [pool-47-thread-1] INFO  server.RaftServerConfigKeys (ConfUtils.java:logGet(43)) - raft.server.log.preallocated.size = 16384 (custom)
2019-09-25 07:04:47,652 [pool-47-thread-1] INFO  server.RaftServerConfigKeys (ConfUtils.java:logGet(43)) - raft.server.log.write.buffer.size = 33554432 (custom)
2019-09-25 07:04:47,652 [pool-47-thread-1] INFO  server.RaftServerConfigKeys (ConfUtils.java:logGet(43)) - raft.server.log.force.sync.num = 128 (default)
2019-09-25 07:04:47,652 [pool-47-thread-1] INFO  server.RaftServerConfigKeys (ConfUtils.java:logGet(43)) - raft.server.log.statemachine.data.sync = true (default)
2019-09-25 07:04:47,653 [pool-47-thread-1] INFO  server.RaftServerConfigKeys (ConfUtils.java:logGet(43)) - raft.server.log.statemachine.data.sync.timeout = 10s (default)
2019-09-25 07:04:47,653 [pool-47-thread-1] INFO  server.RaftServerConfigKeys (ConfUtils.java:logGet(43)) - raft.server.log.statemachine.data.sync.timeout.retry = -1 (default)
2019-09-25 07:04:47,653 [pool-47-thread-1] INFO  server.RaftServerConfigKeys (ConfUtils.java:logGet(43)) - raft.server.log.statemachine.data.caching.enabled = true (custom)
2019-09-25 07:04:47,653 [pool-47-thread-1] INFO  segmented.SegmentedRaftLogWorker (SegmentedRaftLogWorker.java:lambda$new$0(132)) - 24bf2945-a329-4da6-aaf2-23ecd8d462c6@group-04F5BDB95FEC-SegmentedRaftLogWorker: flushIndex: setUnconditionally 0 -> -1
2019-09-25 07:04:47,653 [pool-47-thread-1] INFO  server.RaftServerConfigKeys (ConfUtils.java:logGet(43)) - raft.server.snapshot.auto.trigger.enabled = true (custom)
2019-09-25 07:04:47,654 [pool-47-thread-1] INFO  server.RaftServerConfigKeys (ConfUtils.java:logGet(43)) - raft.server.snapshot.auto.trigger.threshold = 10000 (custom)
2019-09-25 07:04:47,654 [pool-47-thread-1] INFO  server.RaftServerConfigKeys (ConfUtils.java:logGet(43)) - raft.server.snapshot.retention.num.files = 5 (custom)
2019-09-25 07:04:47,654 [pool-47-thread-1] INFO  server.RaftServerConfigKeys (ConfUtils.java:logGet(43)) - raft.server.retrycache.expirytime = 600000ms (custom)
2019-09-25 07:04:47,656 [pool-47-thread-1] INFO  impl.RaftServerImpl (RaftServerImpl.java:start(185)) - 24bf2945-a329-4da6-aaf2-23ecd8d462c6@group-04F5BDB95FEC: start as a follower, conf=-1: [24bf2945-a329-4da6-aaf2-23ecd8d462c6:192.168.30.10:42867], old=null
2019-09-25 07:04:47,656 [pool-47-thread-1] INFO  impl.RaftServerImpl (RaftServerImpl.java:setRole(174)) - 24bf2945-a329-4da6-aaf2-23ecd8d462c6@group-04F5BDB95FEC: changes role from      null to FOLLOWER at term 0 for startAsFollower
2019-09-25 07:04:47,657 [pool-47-thread-1] INFO  impl.RoleInfo (RoleInfo.java:updateAndGet(143)) - 24bf2945-a329-4da6-aaf2-23ecd8d462c6: start FollowerState
2019-09-25 07:04:47,657 [pool-47-thread-1] INFO  util.JmxRegister (JmxRegister.java:tryRegister(44)) - Successfully registered JMX Bean with object name Ratis:service=RaftServer,group=group-04F5BDB95FEC,id=24bf2945-a329-4da6-aaf2-23ecd8d462c6
2019-09-25 07:04:47,660 [RatisPipelineUtilsThread] INFO  pipeline.PipelineStateManager (PipelineStateManager.java:addPipeline(56)) - Created pipeline Pipeline[ Id: 4e4ed9a9-54f3-4891-8a50-04f5bdb95fec, Nodes: 24bf2945-a329-4da6-aaf2-23ecd8d462c6{ip: 192.168.30.10, host: pr-hdds-1569-s62bp-3040748787, networkLocation: /default-rack, certSerialId: null}, Type:RATIS, Factor:ONE, State:OPEN]
2019-09-25 07:04:47,666 [grpc-default-executor-0] INFO  impl.RaftServerProxy (RaftServerProxy.java:addNew(89)) - e568d23f-199e-48ce-91e4-5c166e2e97cd: addNew group-37FC0290CEDB:[e568d23f-199e-48ce-91e4-5c166e2e97cd:192.168.30.10:42827] returns group-37FC0290CEDB:java.util.concurrent.CompletableFuture@639effd2[Not completed]
2019-09-25 07:04:47,667 [pool-27-thread-1] INFO  impl.RaftServerImpl (RaftServerImpl.java:<init>(95)) - e568d23f-199e-48ce-91e4-5c166e2e97cd: new RaftServerImpl for group-37FC0290CEDB:[e568d23f-199e-48ce-91e4-5c166e2e97cd:192.168.30.10:42827] with ContainerStateMachine:uninitialized
2019-09-25 07:04:47,668 [pool-27-thread-1] INFO  server.RaftServerConfigKeys (ConfUtils.java:logGet(43)) - raft.server.rpc.timeout.min = 5s (custom)
2019-09-25 07:04:47,668 [pool-27-thread-1] INFO  server.RaftServerConfigKeys (ConfUtils.java:logGet(43)) - raft.server.rpc.timeout.max = 5200ms (custom)
2019-09-25 07:04:47,668 [pool-27-thread-1] INFO  server.RaftServerConfigKeys (ConfUtils.java:logGet(43)) - raft.server.rpcslowness.timeout = 120s (custom)
2019-09-25 07:04:47,668 [pool-27-thread-1] INFO  server.RaftServerConfigKeys (ConfUtils.java:logGet(43)) - raft.server.sleep.deviation.threshold = 300 (default)
2019-09-25 07:04:47,668 [pool-27-thread-1] INFO  server.RaftServerConfigKeys (ConfUtils.java:logGet(43)) - raft.server.log.appender.install.snapshot.enabled = false (custom)
2019-09-25 07:04:47,668 [pool-27-thread-1] INFO  impl.RaftServerImpl (ServerState.java:<init>(103)) - e568d23f-199e-48ce-91e4-5c166e2e97cd@group-37FC0290CEDB: ConfigurationManager, init=-1: [e568d23f-199e-48ce-91e4-5c166e2e97cd:192.168.30.10:42827], old=null, confs=<EMPTY_MAP>
2019-09-25 07:04:47,668 [pool-27-thread-1] INFO  server.RaftServerConfigKeys (ConfUtils.java:logGet(43)) - raft.server.storage.dir = [/workdir/hadoop-ozone/integration-test/target/test-dir/MiniOzoneClusterImpl-39af9574-7a8b-4ed7-b830-bf686a3d4bb8/datanode-0/data/ratis] (custom)
2019-09-25 07:04:47,669 [pool-27-thread-1] INFO  storage.RaftStorageDirectory (RaftStorageDirectory.java:analyzeStorage(246)) - The storage directory /workdir/hadoop-ozone/integration-test/target/test-dir/MiniOzoneClusterImpl-39af9574-7a8b-4ed7-b830-bf686a3d4bb8/datanode-0/data/ratis/e44a7f96-bff0-432b-9581-37fc0290cedb does not exist. Creating ...
2019-09-25 07:04:47,681 [pool-27-thread-1] INFO  storage.RaftStorageDirectory (RaftStorageDirectory.java:tryLock(328)) - Lock on /workdir/hadoop-ozone/integration-test/target/test-dir/MiniOzoneClusterImpl-39af9574-7a8b-4ed7-b830-bf686a3d4bb8/datanode-0/data/ratis/e44a7f96-bff0-432b-9581-37fc0290cedb/in_use.lock acquired by nodename 19495@pr-hdds-1569-s62bp-3040748787
2019-09-25 07:04:47,694 [pool-27-thread-1] INFO  storage.RaftStorage (RaftStorage.java:format(72)) - Storage directory /workdir/hadoop-ozone/integration-test/target/test-dir/MiniOzoneClusterImpl-39af9574-7a8b-4ed7-b830-bf686a3d4bb8/datanode-0/data/ratis/e44a7f96-bff0-432b-9581-37fc0290cedb has been successfully formatted.
2019-09-25 07:04:47,694 [pool-27-thread-1] INFO  ratis.ContainerStateMachine (ContainerStateMachine.java:loadSnapshot(230)) - group-37FC0290CEDB: The snapshot info is null. Setting the last applied indexto:(t:0, i:~)
2019-09-25 07:04:47,695 [pool-27-thread-1] INFO  server.RaftServerConfigKeys (ConfUtils.java:logGet(43)) - raft.server.notification.no-leader.timeout = 120s (custom)
2019-09-25 07:04:47,695 [pool-27-thread-1] INFO  server.RaftServerConfigKeys (ConfUtils.java:logGet(43)) - raft.server.log.use.memory = false (default)
2019-09-25 07:04:47,695 [pool-27-thread-1] INFO  server.RaftServerConfigKeys (ConfUtils.java:logGet(43)) - raft.server.log.purge.gap = 1000000 (custom)
2019-09-25 07:04:47,695 [pool-27-thread-1] INFO  server.RaftServerConfigKeys (ConfUtils.java:logGet(43)) - raft.server.log.appender.buffer.byte-limit = 33554432 (custom)
2019-09-25 07:04:47,695 [pool-27-thread-1] INFO  server.RaftServerConfigKeys (ConfUtils.java:logGet(43)) - raft.server.log.segment.size.max = 1048576 (custom)
2019-09-25 07:04:47,695 [pool-27-thread-1] INFO  server.RaftServerConfigKeys (ConfUtils.java:logGet(43)) - raft.server.log.segment.cache.num.max = 2 (custom)
2019-09-25 07:04:47,695 [pool-27-thread-1] INFO  segmented.SegmentedRaftLogWorker (SegmentedRaftLogWorker.java:<init>(172)) - new e568d23f-199e-48ce-91e4-5c166e2e97cd@group-37FC0290CEDB-SegmentedRaftLogWorker for RaftStorage:Storage Directory /workdir/hadoop-ozone/integration-test/target/test-dir/MiniOzoneClusterImpl-39af9574-7a8b-4ed7-b830-bf686a3d4bb8/datanode-0/data/ratis/e44a7f96-bff0-432b-9581-37fc0290cedb
2019-09-25 07:04:47,695 [pool-27-thread-1] INFO  server.RaftServerConfigKeys (ConfUtils.java:logGet(43)) - raft.server.log.queue.byte-limit = 2147483647 (custom)
2019-09-25 07:04:47,696 [pool-27-thread-1] INFO  server.RaftServerConfigKeys (ConfUtils.java:logGet(43)) - raft.server.log.queue.element-limit = 1024 (custom)
2019-09-25 07:04:47,696 [pool-27-thread-1] INFO  server.RaftServerConfigKeys (ConfUtils.java:logGet(43)) - raft.server.log.segment.size.max = 1048576 (custom)
2019-09-25 07:04:47,696 [pool-27-thread-1] INFO  server.RaftServerConfigKeys (ConfUtils.java:logGet(43)) - raft.server.log.preallocated.size = 16384 (custom)
2019-09-25 07:04:47,696 [pool-27-thread-1] INFO  server.RaftServerConfigKeys (ConfUtils.java:logGet(43)) - raft.server.log.write.buffer.size = 33554432 (custom)
2019-09-25 07:04:47,696 [pool-27-thread-1] INFO  server.RaftServerConfigKeys (ConfUtils.java:logGet(43)) - raft.server.log.force.sync.num = 128 (default)
2019-09-25 07:04:47,696 [pool-27-thread-1] INFO  server.RaftServerConfigKeys (ConfUtils.java:logGet(43)) - raft.server.log.statemachine.data.sync = true (default)
2019-09-25 07:04:47,696 [pool-27-thread-1] INFO  server.RaftServerConfigKeys (ConfUtils.java:logGet(43)) - raft.server.log.statemachine.data.sync.timeout = 10s (default)
2019-09-25 07:04:47,696 [pool-27-thread-1] INFO  server.RaftServerConfigKeys (ConfUtils.java:logGet(43)) - raft.server.log.statemachine.data.sync.timeout.retry = -1 (default)
2019-09-25 07:04:47,697 [pool-27-thread-1] INFO  server.RaftServerConfigKeys (ConfUtils.java:logGet(43)) - raft.server.log.statemachine.data.caching.enabled = true (custom)
2019-09-25 07:04:47,697 [pool-27-thread-1] INFO  segmented.SegmentedRaftLogWorker (SegmentedRaftLogWorker.java:lambda$new$0(132)) - e568d23f-199e-48ce-91e4-5c166e2e97cd@group-37FC0290CEDB-SegmentedRaftLogWorker: flushIndex: setUnconditionally 0 -> -1
2019-09-25 07:04:47,697 [pool-27-thread-1] INFO  server.RaftServerConfigKeys (ConfUtils.java:logGet(43)) - raft.server.snapshot.auto.trigger.enabled = true (custom)
2019-09-25 07:04:47,697 [pool-27-thread-1] INFO  server.RaftServerConfigKeys (ConfUtils.java:logGet(43)) - raft.server.snapshot.auto.trigger.threshold = 10000 (custom)
2019-09-25 07:04:47,697 [pool-27-thread-1] INFO  server.RaftServerConfigKeys (ConfUtils.java:logGet(43)) - raft.server.snapshot.retention.num.files = 5 (custom)
2019-09-25 07:04:47,697 [pool-27-thread-1] INFO  server.RaftServerConfigKeys (ConfUtils.java:logGet(43)) - raft.server.retrycache.expirytime = 600000ms (custom)
2019-09-25 07:04:47,700 [pool-27-thread-1] INFO  impl.RaftServerImpl (RaftServerImpl.java:start(185)) - e568d23f-199e-48ce-91e4-5c166e2e97cd@group-37FC0290CEDB: start as a follower, conf=-1: [e568d23f-199e-48ce-91e4-5c166e2e97cd:192.168.30.10:42827], old=null
2019-09-25 07:04:47,700 [pool-27-thread-1] INFO  impl.RaftServerImpl (RaftServerImpl.java:setRole(174)) - e568d23f-199e-48ce-91e4-5c166e2e97cd@group-37FC0290CEDB: changes role from      null to FOLLOWER at term 0 for startAsFollower
2019-09-25 07:04:47,700 [pool-27-thread-1] INFO  impl.RoleInfo (RoleInfo.java:updateAndGet(143)) - e568d23f-199e-48ce-91e4-5c166e2e97cd: start FollowerState
2019-09-25 07:04:47,700 [pool-27-thread-1] INFO  util.JmxRegister (JmxRegister.java:tryRegister(44)) - Successfully registered JMX Bean with object name Ratis:service=RaftServer,group=group-37FC0290CEDB,id=e568d23f-199e-48ce-91e4-5c166e2e97cd
2019-09-25 07:04:47,703 [RatisPipelineUtilsThread] INFO  pipeline.PipelineStateManager (PipelineStateManager.java:addPipeline(56)) - Created pipeline Pipeline[ Id: e44a7f96-bff0-432b-9581-37fc0290cedb, Nodes: e568d23f-199e-48ce-91e4-5c166e2e97cd{ip: 192.168.30.10, host: pr-hdds-1569-s62bp-3040748787, networkLocation: /default-rack, certSerialId: null}, Type:RATIS, Factor:ONE, State:OPEN]
2019-09-25 07:04:47,709 [grpc-default-executor-0] INFO  impl.RaftServerProxy (RaftServerProxy.java:addNew(89)) - 24bf2945-a329-4da6-aaf2-23ecd8d462c6: addNew group-041611808B54:[24bf2945-a329-4da6-aaf2-23ecd8d462c6:192.168.30.10:42867] returns group-041611808B54:java.util.concurrent.CompletableFuture@1179a826[Not completed]
2019-09-25 07:04:47,711 [pool-47-thread-1] INFO  impl.RaftServerImpl (RaftServerImpl.java:<init>(95)) - 24bf2945-a329-4da6-aaf2-23ecd8d462c6: new RaftServerImpl for group-041611808B54:[24bf2945-a329-4da6-aaf2-23ecd8d462c6:192.168.30.10:42867] with ContainerStateMachine:uninitialized
2019-09-25 07:04:47,711 [pool-47-thread-1] INFO  server.RaftServerConfigKeys (ConfUtils.java:logGet(43)) - raft.server.rpc.timeout.min = 5s (custom)
2019-09-25 07:04:47,711 [pool-47-thread-1] INFO  server.RaftServerConfigKeys (ConfUtils.java:logGet(43)) - raft.server.rpc.timeout.max = 5200ms (custom)
2019-09-25 07:04:47,711 [pool-47-thread-1] INFO  server.RaftServerConfigKeys (ConfUtils.java:logGet(43)) - raft.server.rpcslowness.timeout = 120s (custom)
2019-09-25 07:04:47,711 [pool-47-thread-1] INFO  server.RaftServerConfigKeys (ConfUtils.java:logGet(43)) - raft.server.sleep.deviation.threshold = 300 (default)
2019-09-25 07:04:47,711 [pool-47-thread-1] INFO  server.RaftServerConfigKeys (ConfUtils.java:logGet(43)) - raft.server.log.appender.install.snapshot.enabled = false (custom)
2019-09-25 07:04:47,711 [pool-47-thread-1] INFO  impl.RaftServerImpl (ServerState.java:<init>(103)) - 24bf2945-a329-4da6-aaf2-23ecd8d462c6@group-041611808B54: ConfigurationManager, init=-1: [24bf2945-a329-4da6-aaf2-23ecd8d462c6:192.168.30.10:42867], old=null, confs=<EMPTY_MAP>
2019-09-25 07:04:47,712 [pool-47-thread-1] INFO  server.RaftServerConfigKeys (ConfUtils.java:logGet(43)) - raft.server.storage.dir = [/workdir/hadoop-ozone/integration-test/target/test-dir/MiniOzoneClusterImpl-39af9574-7a8b-4ed7-b830-bf686a3d4bb8/datanode-2/data/ratis] (custom)
2019-09-25 07:04:47,712 [pool-47-thread-1] INFO  storage.RaftStorageDirectory (RaftStorageDirectory.java:analyzeStorage(246)) - The storage directory /workdir/hadoop-ozone/integration-test/target/test-dir/MiniOzoneClusterImpl-39af9574-7a8b-4ed7-b830-bf686a3d4bb8/datanode-2/data/ratis/bd59409e-7fa4-42a2-aa53-041611808b54 does not exist. Creating ...
2019-09-25 07:04:47,725 [pool-47-thread-1] INFO  storage.RaftStorageDirectory (RaftStorageDirectory.java:tryLock(328)) - Lock on /workdir/hadoop-ozone/integration-test/target/test-dir/MiniOzoneClusterImpl-39af9574-7a8b-4ed7-b830-bf686a3d4bb8/datanode-2/data/ratis/bd59409e-7fa4-42a2-aa53-041611808b54/in_use.lock acquired by nodename 19495@pr-hdds-1569-s62bp-3040748787
2019-09-25 07:04:47,739 [pool-47-thread-1] INFO  storage.RaftStorage (RaftStorage.java:format(72)) - Storage directory /workdir/hadoop-ozone/integration-test/target/test-dir/MiniOzoneClusterImpl-39af9574-7a8b-4ed7-b830-bf686a3d4bb8/datanode-2/data/ratis/bd59409e-7fa4-42a2-aa53-041611808b54 has been successfully formatted.
2019-09-25 07:04:47,739 [pool-47-thread-1] INFO  ratis.ContainerStateMachine (ContainerStateMachine.java:loadSnapshot(230)) - group-041611808B54: The snapshot info is null. Setting the last applied indexto:(t:0, i:~)
2019-09-25 07:04:47,739 [pool-47-thread-1] INFO  server.RaftServerConfigKeys (ConfUtils.java:logGet(43)) - raft.server.notification.no-leader.timeout = 120s (custom)
2019-09-25 07:04:47,739 [pool-47-thread-1] INFO  server.RaftServerConfigKeys (ConfUtils.java:logGet(43)) - raft.server.log.use.memory = false (default)
2019-09-25 07:04:47,740 [pool-47-thread-1] INFO  server.RaftServerConfigKeys (ConfUtils.java:logGet(43)) - raft.server.log.purge.gap = 1000000 (custom)
2019-09-25 07:04:47,740 [pool-47-thread-1] INFO  server.RaftServerConfigKeys (ConfUtils.java:logGet(43)) - raft.server.log.appender.buffer.byte-limit = 33554432 (custom)
2019-09-25 07:04:47,740 [pool-47-thread-1] INFO  server.RaftServerConfigKeys (ConfUtils.java:logGet(43)) - raft.server.log.segment.size.max = 1048576 (custom)
2019-09-25 07:04:47,740 [pool-47-thread-1] INFO  server.RaftServerConfigKeys (ConfUtils.java:logGet(43)) - raft.server.log.segment.cache.num.max = 2 (custom)
2019-09-25 07:04:47,740 [pool-47-thread-1] INFO  segmented.SegmentedRaftLogWorker (SegmentedRaftLogWorker.java:<init>(172)) - new 24bf2945-a329-4da6-aaf2-23ecd8d462c6@group-041611808B54-SegmentedRaftLogWorker for RaftStorage:Storage Directory /workdir/hadoop-ozone/integration-test/target/test-dir/MiniOzoneClusterImpl-39af9574-7a8b-4ed7-b830-bf686a3d4bb8/datanode-2/data/ratis/bd59409e-7fa4-42a2-aa53-041611808b54
2019-09-25 07:04:47,740 [pool-47-thread-1] INFO  server.RaftServerConfigKeys (ConfUtils.java:logGet(43)) - raft.server.log.queue.byte-limit = 2147483647 (custom)
2019-09-25 07:04:47,741 [pool-47-thread-1] INFO  server.RaftServerConfigKeys (ConfUtils.java:logGet(43)) - raft.server.log.queue.element-limit = 1024 (custom)
2019-09-25 07:04:47,741 [pool-47-thread-1] INFO  server.RaftServerConfigKeys (ConfUtils.java:logGet(43)) - raft.server.log.segment.size.max = 1048576 (custom)
2019-09-25 07:04:47,741 [pool-47-thread-1] INFO  server.RaftServerConfigKeys (ConfUtils.java:logGet(43)) - raft.server.log.preallocated.size = 16384 (custom)
2019-09-25 07:04:47,741 [pool-47-thread-1] INFO  server.RaftServerConfigKeys (ConfUtils.java:logGet(43)) - raft.server.log.write.buffer.size = 33554432 (custom)
2019-09-25 07:04:47,741 [pool-47-thread-1] INFO  server.RaftServerConfigKeys (ConfUtils.java:logGet(43)) - raft.server.log.force.sync.num = 128 (default)
2019-09-25 07:04:47,741 [pool-47-thread-1] INFO  server.RaftServerConfigKeys (ConfUtils.java:logGet(43)) - raft.server.log.statemachine.data.sync = true (default)
2019-09-25 07:04:47,741 [pool-47-thread-1] INFO  server.RaftServerConfigKeys (ConfUtils.java:logGet(43)) - raft.server.log.statemachine.data.sync.timeout = 10s (default)
2019-09-25 07:04:47,742 [pool-47-thread-1] INFO  server.RaftServerConfigKeys (ConfUtils.java:logGet(43)) - raft.server.log.statemachine.data.sync.timeout.retry = -1 (default)
2019-09-25 07:04:47,742 [pool-47-thread-1] INFO  server.RaftServerConfigKeys (ConfUtils.java:logGet(43)) - raft.server.log.statemachine.data.caching.enabled = true (custom)
2019-09-25 07:04:47,742 [pool-47-thread-1] INFO  segmented.SegmentedRaftLogWorker (SegmentedRaftLogWorker.java:lambda$new$0(132)) - 24bf2945-a329-4da6-aaf2-23ecd8d462c6@group-041611808B54-SegmentedRaftLogWorker: flushIndex: setUnconditionally 0 -> -1
2019-09-25 07:04:47,742 [pool-47-thread-1] INFO  server.RaftServerConfigKeys (ConfUtils.java:logGet(43)) - raft.server.snapshot.auto.trigger.enabled = true (custom)
2019-09-25 07:04:47,743 [pool-47-thread-1] INFO  server.RaftServerConfigKeys (ConfUtils.java:logGet(43)) - raft.server.snapshot.auto.trigger.threshold = 10000 (custom)
2019-09-25 07:04:47,743 [pool-47-thread-1] INFO  server.RaftServerConfigKeys (ConfUtils.java:logGet(43)) - raft.server.snapshot.retention.num.files = 5 (custom)
2019-09-25 07:04:47,743 [pool-47-thread-1] INFO  server.RaftServerConfigKeys (ConfUtils.java:logGet(43)) - raft.server.retrycache.expirytime = 600000ms (custom)
2019-09-25 07:04:47,745 [pool-47-thread-1] INFO  impl.RaftServerImpl (RaftServerImpl.java:start(185)) - 24bf2945-a329-4da6-aaf2-23ecd8d462c6@group-041611808B54: start as a follower, conf=-1: [24bf2945-a329-4da6-aaf2-23ecd8d462c6:192.168.30.10:42867], old=null
2019-09-25 07:04:47,746 [pool-47-thread-1] INFO  impl.RaftServerImpl (RaftServerImpl.java:setRole(174)) - 24bf2945-a329-4da6-aaf2-23ecd8d462c6@group-041611808B54: changes role from      null to FOLLOWER at term 0 for startAsFollower
2019-09-25 07:04:47,746 [pool-47-thread-1] INFO  impl.RoleInfo (RoleInfo.java:updateAndGet(143)) - 24bf2945-a329-4da6-aaf2-23ecd8d462c6: start FollowerState
2019-09-25 07:04:47,746 [pool-47-thread-1] INFO  util.JmxRegister (JmxRegister.java:tryRegister(44)) - Successfully registered JMX Bean with object name Ratis:service=RaftServer,group=group-041611808B54,id=24bf2945-a329-4da6-aaf2-23ecd8d462c6
2019-09-25 07:04:47,749 [RatisPipelineUtilsThread] INFO  pipeline.PipelineStateManager (PipelineStateManager.java:addPipeline(56)) - Created pipeline Pipeline[ Id: bd59409e-7fa4-42a2-aa53-041611808b54, Nodes: 24bf2945-a329-4da6-aaf2-23ecd8d462c6{ip: 192.168.30.10, host: pr-hdds-1569-s62bp-3040748787, networkLocation: /default-rack, certSerialId: null}, Type:RATIS, Factor:ONE, State:OPEN]
2019-09-25 07:04:47,755 [grpc-default-executor-0] INFO  impl.RaftServerProxy (RaftServerProxy.java:addNew(89)) - 24bf2945-a329-4da6-aaf2-23ecd8d462c6: addNew group-F7F25C0E999D:[24bf2945-a329-4da6-aaf2-23ecd8d462c6:192.168.30.10:42867] returns group-F7F25C0E999D:java.util.concurrent.CompletableFuture@6e85ee05[Not completed]
2019-09-25 07:04:47,757 [pool-47-thread-1] INFO  impl.RaftServerImpl (RaftServerImpl.java:<init>(95)) - 24bf2945-a329-4da6-aaf2-23ecd8d462c6: new RaftServerImpl for group-F7F25C0E999D:[24bf2945-a329-4da6-aaf2-23ecd8d462c6:192.168.30.10:42867] with ContainerStateMachine:uninitialized
2019-09-25 07:04:47,757 [pool-47-thread-1] INFO  server.RaftServerConfigKeys (ConfUtils.java:logGet(43)) - raft.server.rpc.timeout.min = 5s (custom)
2019-09-25 07:04:47,757 [pool-47-thread-1] INFO  server.RaftServerConfigKeys (ConfUtils.java:logGet(43)) - raft.server.rpc.timeout.max = 5200ms (custom)
2019-09-25 07:04:47,757 [pool-47-thread-1] INFO  server.RaftServerConfigKeys (ConfUtils.java:logGet(43)) - raft.server.rpcslowness.timeout = 120s (custom)
2019-09-25 07:04:47,757 [pool-47-thread-1] INFO  server.RaftServerConfigKeys (ConfUtils.java:logGet(43)) - raft.server.sleep.deviation.threshold = 300 (default)
2019-09-25 07:04:47,757 [pool-47-thread-1] INFO  server.RaftServerConfigKeys (ConfUtils.java:logGet(43)) - raft.server.log.appender.install.snapshot.enabled = false (custom)
2019-09-25 07:04:47,758 [pool-47-thread-1] INFO  impl.RaftServerImpl (ServerState.java:<init>(103)) - 24bf2945-a329-4da6-aaf2-23ecd8d462c6@group-F7F25C0E999D: ConfigurationManager, init=-1: [24bf2945-a329-4da6-aaf2-23ecd8d462c6:192.168.30.10:42867], old=null, confs=<EMPTY_MAP>
2019-09-25 07:04:47,758 [pool-47-thread-1] INFO  server.RaftServerConfigKeys (ConfUtils.java:logGet(43)) - raft.server.storage.dir = [/workdir/hadoop-ozone/integration-test/target/test-dir/MiniOzoneClusterImpl-39af9574-7a8b-4ed7-b830-bf686a3d4bb8/datanode-2/data/ratis] (custom)
2019-09-25 07:04:47,758 [pool-47-thread-1] INFO  storage.RaftStorageDirectory (RaftStorageDirectory.java:analyzeStorage(246)) - The storage directory /workdir/hadoop-ozone/integration-test/target/test-dir/MiniOzoneClusterImpl-39af9574-7a8b-4ed7-b830-bf686a3d4bb8/datanode-2/data/ratis/8afce4c4-3114-4119-b70f-f7f25c0e999d does not exist. Creating ...
2019-09-25 07:04:47,762 [pool-47-thread-1] INFO  storage.RaftStorageDirectory (RaftStorageDirectory.java:tryLock(328)) - Lock on /workdir/hadoop-ozone/integration-test/target/test-dir/MiniOzoneClusterImpl-39af9574-7a8b-4ed7-b830-bf686a3d4bb8/datanode-2/data/ratis/8afce4c4-3114-4119-b70f-f7f25c0e999d/in_use.lock acquired by nodename 19495@pr-hdds-1569-s62bp-3040748787
2019-09-25 07:04:47,765 [pool-47-thread-1] INFO  storage.RaftStorage (RaftStorage.java:format(72)) - Storage directory /workdir/hadoop-ozone/integration-test/target/test-dir/MiniOzoneClusterImpl-39af9574-7a8b-4ed7-b830-bf686a3d4bb8/datanode-2/data/ratis/8afce4c4-3114-4119-b70f-f7f25c0e999d has been successfully formatted.
2019-09-25 07:04:47,766 [pool-47-thread-1] INFO  ratis.ContainerStateMachine (ContainerStateMachine.java:loadSnapshot(230)) - group-F7F25C0E999D: The snapshot info is null. Setting the last applied indexto:(t:0, i:~)
2019-09-25 07:04:47,766 [pool-47-thread-1] INFO  server.RaftServerConfigKeys (ConfUtils.java:logGet(43)) - raft.server.notification.no-leader.timeout = 120s (custom)
2019-09-25 07:04:47,766 [pool-47-thread-1] INFO  server.RaftServerConfigKeys (ConfUtils.java:logGet(43)) - raft.server.log.use.memory = false (default)
2019-09-25 07:04:47,766 [pool-47-thread-1] INFO  server.RaftServerConfigKeys (ConfUtils.java:logGet(43)) - raft.server.log.purge.gap = 1000000 (custom)
2019-09-25 07:04:47,766 [pool-47-thread-1] INFO  server.RaftServerConfigKeys (ConfUtils.java:logGet(43)) - raft.server.log.appender.buffer.byte-limit = 33554432 (custom)
2019-09-25 07:04:47,767 [pool-47-thread-1] INFO  server.RaftServerConfigKeys (ConfUtils.java:logGet(43)) - raft.server.log.segment.size.max = 1048576 (custom)
2019-09-25 07:04:47,767 [pool-47-thread-1] INFO  server.RaftServerConfigKeys (ConfUtils.java:logGet(43)) - raft.server.log.segment.cache.num.max = 2 (custom)
2019-09-25 07:04:47,767 [pool-47-thread-1] INFO  segmented.SegmentedRaftLogWorker (SegmentedRaftLogWorker.java:<init>(172)) - new 24bf2945-a329-4da6-aaf2-23ecd8d462c6@group-F7F25C0E999D-SegmentedRaftLogWorker for RaftStorage:Storage Directory /workdir/hadoop-ozone/integration-test/target/test-dir/MiniOzoneClusterImpl-39af9574-7a8b-4ed7-b830-bf686a3d4bb8/datanode-2/data/ratis/8afce4c4-3114-4119-b70f-f7f25c0e999d
2019-09-25 07:04:47,767 [pool-47-thread-1] INFO  server.RaftServerConfigKeys (ConfUtils.java:logGet(43)) - raft.server.log.queue.byte-limit = 2147483647 (custom)
2019-09-25 07:04:47,767 [pool-47-thread-1] INFO  server.RaftServerConfigKeys (ConfUtils.java:logGet(43)) - raft.server.log.queue.element-limit = 1024 (custom)
2019-09-25 07:04:47,767 [pool-47-thread-1] INFO  server.RaftServerConfigKeys (ConfUtils.java:logGet(43)) - raft.server.log.segment.size.max = 1048576 (custom)
2019-09-25 07:04:47,768 [pool-47-thread-1] INFO  server.RaftServerConfigKeys (ConfUtils.java:logGet(43)) - raft.server.log.preallocated.size = 16384 (custom)
2019-09-25 07:04:47,768 [pool-47-thread-1] INFO  server.RaftServerConfigKeys (ConfUtils.java:logGet(43)) - raft.server.log.write.buffer.size = 33554432 (custom)
2019-09-25 07:04:47,768 [pool-47-thread-1] INFO  server.RaftServerConfigKeys (ConfUtils.java:logGet(43)) - raft.server.log.force.sync.num = 128 (default)
2019-09-25 07:04:47,768 [pool-47-thread-1] INFO  server.RaftServerConfigKeys (ConfUtils.java:logGet(43)) - raft.server.log.statemachine.data.sync = true (default)
2019-09-25 07:04:47,768 [pool-47-thread-1] INFO  server.RaftServerConfigKeys (ConfUtils.java:logGet(43)) - raft.server.log.statemachine.data.sync.timeout = 10s (default)
2019-09-25 07:04:47,768 [pool-47-thread-1] INFO  server.RaftServerConfigKeys (ConfUtils.java:logGet(43)) - raft.server.log.statemachine.data.sync.timeout.retry = -1 (default)
2019-09-25 07:04:47,769 [pool-47-thread-1] INFO  server.RaftServerConfigKeys (ConfUtils.java:logGet(43)) - raft.server.log.statemachine.data.caching.enabled = true (custom)
2019-09-25 07:04:47,769 [pool-47-thread-1] INFO  segmented.SegmentedRaftLogWorker (SegmentedRaftLogWorker.java:lambda$new$0(132)) - 24bf2945-a329-4da6-aaf2-23ecd8d462c6@group-F7F25C0E999D-SegmentedRaftLogWorker: flushIndex: setUnconditionally 0 -> -1
2019-09-25 07:04:47,769 [pool-47-thread-1] INFO  server.RaftServerConfigKeys (ConfUtils.java:logGet(43)) - raft.server.snapshot.auto.trigger.enabled = true (custom)
2019-09-25 07:04:47,769 [pool-47-thread-1] INFO  server.RaftServerConfigKeys (ConfUtils.java:logGet(43)) - raft.server.snapshot.auto.trigger.threshold = 10000 (custom)
2019-09-25 07:04:47,770 [pool-47-thread-1] INFO  server.RaftServerConfigKeys (ConfUtils.java:logGet(43)) - raft.server.snapshot.retention.num.files = 5 (custom)
2019-09-25 07:04:47,770 [pool-47-thread-1] INFO  server.RaftServerConfigKeys (ConfUtils.java:logGet(43)) - raft.server.retrycache.expirytime = 600000ms (custom)
2019-09-25 07:04:47,772 [pool-47-thread-1] INFO  impl.RaftServerImpl (RaftServerImpl.java:start(185)) - 24bf2945-a329-4da6-aaf2-23ecd8d462c6@group-F7F25C0E999D: start as a follower, conf=-1: [24bf2945-a329-4da6-aaf2-23ecd8d462c6:192.168.30.10:42867], old=null
2019-09-25 07:04:47,772 [pool-47-thread-1] INFO  impl.RaftServerImpl (RaftServerImpl.java:setRole(174)) - 24bf2945-a329-4da6-aaf2-23ecd8d462c6@group-F7F25C0E999D: changes role from      null to FOLLOWER at term 0 for startAsFollower
2019-09-25 07:04:47,773 [pool-47-thread-1] INFO  impl.RoleInfo (RoleInfo.java:updateAndGet(143)) - 24bf2945-a329-4da6-aaf2-23ecd8d462c6: start FollowerState
2019-09-25 07:04:47,773 [pool-47-thread-1] INFO  util.JmxRegister (JmxRegister.java:tryRegister(44)) - Successfully registered JMX Bean with object name Ratis:service=RaftServer,group=group-F7F25C0E999D,id=24bf2945-a329-4da6-aaf2-23ecd8d462c6
2019-09-25 07:04:47,776 [RatisPipelineUtilsThread] INFO  pipeline.PipelineStateManager (PipelineStateManager.java:addPipeline(56)) - Created pipeline Pipeline[ Id: 8afce4c4-3114-4119-b70f-f7f25c0e999d, Nodes: 24bf2945-a329-4da6-aaf2-23ecd8d462c6{ip: 192.168.30.10, host: pr-hdds-1569-s62bp-3040748787, networkLocation: /default-rack, certSerialId: null}, Type:RATIS, Factor:ONE, State:OPEN]
2019-09-25 07:04:47,782 [grpc-default-executor-0] INFO  impl.RaftServerProxy (RaftServerProxy.java:addNew(89)) - 24bf2945-a329-4da6-aaf2-23ecd8d462c6: addNew group-AD1607F35510:[24bf2945-a329-4da6-aaf2-23ecd8d462c6:192.168.30.10:42867] returns group-AD1607F35510:java.util.concurrent.CompletableFuture@31004edd[Not completed]
2019-09-25 07:04:47,783 [pool-47-thread-1] INFO  impl.RaftServerImpl (RaftServerImpl.java:<init>(95)) - 24bf2945-a329-4da6-aaf2-23ecd8d462c6: new RaftServerImpl for group-AD1607F35510:[24bf2945-a329-4da6-aaf2-23ecd8d462c6:192.168.30.10:42867] with ContainerStateMachine:uninitialized
2019-09-25 07:04:47,783 [pool-47-thread-1] INFO  server.RaftServerConfigKeys (ConfUtils.java:logGet(43)) - raft.server.rpc.timeout.min = 5s (custom)
2019-09-25 07:04:47,783 [pool-47-thread-1] INFO  server.RaftServerConfigKeys (ConfUtils.java:logGet(43)) - raft.server.rpc.timeout.max = 5200ms (custom)
2019-09-25 07:04:47,783 [pool-47-thread-1] INFO  server.RaftServerConfigKeys (ConfUtils.java:logGet(43)) - raft.server.rpcslowness.timeout = 120s (custom)
2019-09-25 07:04:47,784 [pool-47-thread-1] INFO  server.RaftServerConfigKeys (ConfUtils.java:logGet(43)) - raft.server.sleep.deviation.threshold = 300 (default)
2019-09-25 07:04:47,784 [pool-47-thread-1] INFO  server.RaftServerConfigKeys (ConfUtils.java:logGet(43)) - raft.server.log.appender.install.snapshot.enabled = false (custom)
2019-09-25 07:04:47,784 [pool-47-thread-1] INFO  impl.RaftServerImpl (ServerState.java:<init>(103)) - 24bf2945-a329-4da6-aaf2-23ecd8d462c6@group-AD1607F35510: ConfigurationManager, init=-1: [24bf2945-a329-4da6-aaf2-23ecd8d462c6:192.168.30.10:42867], old=null, confs=<EMPTY_MAP>
2019-09-25 07:04:47,784 [pool-47-thread-1] INFO  server.RaftServerConfigKeys (ConfUtils.java:logGet(43)) - raft.server.storage.dir = [/workdir/hadoop-ozone/integration-test/target/test-dir/MiniOzoneClusterImpl-39af9574-7a8b-4ed7-b830-bf686a3d4bb8/datanode-2/data/ratis] (custom)
2019-09-25 07:04:47,784 [pool-47-thread-1] INFO  storage.RaftStorageDirectory (RaftStorageDirectory.java:analyzeStorage(246)) - The storage directory /workdir/hadoop-ozone/integration-test/target/test-dir/MiniOzoneClusterImpl-39af9574-7a8b-4ed7-b830-bf686a3d4bb8/datanode-2/data/ratis/28368eb8-d684-492b-973b-ad1607f35510 does not exist. Creating ...
2019-09-25 07:04:47,789 [pool-47-thread-1] INFO  storage.RaftStorageDirectory (RaftStorageDirectory.java:tryLock(328)) - Lock on /workdir/hadoop-ozone/integration-test/target/test-dir/MiniOzoneClusterImpl-39af9574-7a8b-4ed7-b830-bf686a3d4bb8/datanode-2/data/ratis/28368eb8-d684-492b-973b-ad1607f35510/in_use.lock acquired by nodename 19495@pr-hdds-1569-s62bp-3040748787
2019-09-25 07:04:47,794 [pool-47-thread-1] INFO  storage.RaftStorage (RaftStorage.java:format(72)) - Storage directory /workdir/hadoop-ozone/integration-test/target/test-dir/MiniOzoneClusterImpl-39af9574-7a8b-4ed7-b830-bf686a3d4bb8/datanode-2/data/ratis/28368eb8-d684-492b-973b-ad1607f35510 has been successfully formatted.
2019-09-25 07:04:47,794 [pool-47-thread-1] INFO  ratis.ContainerStateMachine (ContainerStateMachine.java:loadSnapshot(230)) - group-AD1607F35510: The snapshot info is null. Setting the last applied indexto:(t:0, i:~)
2019-09-25 07:04:47,794 [pool-47-thread-1] INFO  server.RaftServerConfigKeys (ConfUtils.java:logGet(43)) - raft.server.notification.no-leader.timeout = 120s (custom)
2019-09-25 07:04:47,794 [pool-47-thread-1] INFO  server.RaftServerConfigKeys (ConfUtils.java:logGet(43)) - raft.server.log.use.memory = false (default)
2019-09-25 07:04:47,795 [pool-47-thread-1] INFO  server.RaftServerConfigKeys (ConfUtils.java:logGet(43)) - raft.server.log.purge.gap = 1000000 (custom)
2019-09-25 07:04:47,795 [pool-47-thread-1] INFO  server.RaftServerConfigKeys (ConfUtils.java:logGet(43)) - raft.server.log.appender.buffer.byte-limit = 33554432 (custom)
2019-09-25 07:04:47,795 [pool-47-thread-1] INFO  server.RaftServerConfigKeys (ConfUtils.java:logGet(43)) - raft.server.log.segment.size.max = 1048576 (custom)
2019-09-25 07:04:47,795 [pool-47-thread-1] INFO  server.RaftServerConfigKeys (ConfUtils.java:logGet(43)) - raft.server.log.segment.cache.num.max = 2 (custom)
2019-09-25 07:04:47,795 [pool-47-thread-1] INFO  segmented.SegmentedRaftLogWorker (SegmentedRaftLogWorker.java:<init>(172)) - new 24bf2945-a329-4da6-aaf2-23ecd8d462c6@group-AD1607F35510-SegmentedRaftLogWorker for RaftStorage:Storage Directory /workdir/hadoop-ozone/integration-test/target/test-dir/MiniOzoneClusterImpl-39af9574-7a8b-4ed7-b830-bf686a3d4bb8/datanode-2/data/ratis/28368eb8-d684-492b-973b-ad1607f35510
2019-09-25 07:04:47,795 [pool-47-thread-1] INFO  server.RaftServerConfigKeys (ConfUtils.java:logGet(43)) - raft.server.log.queue.byte-limit = 2147483647 (custom)
2019-09-25 07:04:47,795 [pool-47-thread-1] INFO  server.RaftServerConfigKeys (ConfUtils.java:logGet(43)) - raft.server.log.queue.element-limit = 1024 (custom)
2019-09-25 07:04:47,796 [pool-47-thread-1] INFO  server.RaftServerConfigKeys (ConfUtils.java:logGet(43)) - raft.server.log.segment.size.max = 1048576 (custom)
2019-09-25 07:04:47,796 [pool-47-thread-1] INFO  server.RaftServerConfigKeys (ConfUtils.java:logGet(43)) - raft.server.log.preallocated.size = 16384 (custom)
2019-09-25 07:04:47,796 [pool-47-thread-1] INFO  server.RaftServerConfigKeys (ConfUtils.java:logGet(43)) - raft.server.log.write.buffer.size = 33554432 (custom)
2019-09-25 07:04:47,796 [pool-47-thread-1] INFO  server.RaftServerConfigKeys (ConfUtils.java:logGet(43)) - raft.server.log.force.sync.num = 128 (default)
2019-09-25 07:04:47,796 [pool-47-thread-1] INFO  server.RaftServerConfigKeys (ConfUtils.java:logGet(43)) - raft.server.log.statemachine.data.sync = true (default)
2019-09-25 07:04:47,796 [pool-47-thread-1] INFO  server.RaftServerConfigKeys (ConfUtils.java:logGet(43)) - raft.server.log.statemachine.data.sync.timeout = 10s (default)
2019-09-25 07:04:47,797 [pool-47-thread-1] INFO  server.RaftServerConfigKeys (ConfUtils.java:logGet(43)) - raft.server.log.statemachine.data.sync.timeout.retry = -1 (default)
2019-09-25 07:04:47,797 [pool-47-thread-1] INFO  server.RaftServerConfigKeys (ConfUtils.java:logGet(43)) - raft.server.log.statemachine.data.caching.enabled = true (custom)
2019-09-25 07:04:47,797 [pool-47-thread-1] INFO  segmented.SegmentedRaftLogWorker (SegmentedRaftLogWorker.java:lambda$new$0(132)) - 24bf2945-a329-4da6-aaf2-23ecd8d462c6@group-AD1607F35510-SegmentedRaftLogWorker: flushIndex: setUnconditionally 0 -> -1
2019-09-25 07:04:47,797 [pool-47-thread-1] INFO  server.RaftServerConfigKeys (ConfUtils.java:logGet(43)) - raft.server.snapshot.auto.trigger.enabled = true (custom)
2019-09-25 07:04:47,798 [pool-47-thread-1] INFO  server.RaftServerConfigKeys (ConfUtils.java:logGet(43)) - raft.server.snapshot.auto.trigger.threshold = 10000 (custom)
2019-09-25 07:04:47,798 [pool-47-thread-1] INFO  server.RaftServerConfigKeys (ConfUtils.java:logGet(43)) - raft.server.snapshot.retention.num.files = 5 (custom)
2019-09-25 07:04:47,798 [pool-47-thread-1] INFO  server.RaftServerConfigKeys (ConfUtils.java:logGet(43)) - raft.server.retrycache.expirytime = 600000ms (custom)
2019-09-25 07:04:47,801 [pool-47-thread-1] INFO  impl.RaftServerImpl (RaftServerImpl.java:start(185)) - 24bf2945-a329-4da6-aaf2-23ecd8d462c6@group-AD1607F35510: start as a follower, conf=-1: [24bf2945-a329-4da6-aaf2-23ecd8d462c6:192.168.30.10:42867], old=null
2019-09-25 07:04:47,801 [pool-47-thread-1] INFO  impl.RaftServerImpl (RaftServerImpl.java:setRole(174)) - 24bf2945-a329-4da6-aaf2-23ecd8d462c6@group-AD1607F35510: changes role from      null to FOLLOWER at term 0 for startAsFollower
2019-09-25 07:04:47,801 [pool-47-thread-1] INFO  impl.RoleInfo (RoleInfo.java:updateAndGet(143)) - 24bf2945-a329-4da6-aaf2-23ecd8d462c6: start FollowerState
2019-09-25 07:04:47,801 [pool-47-thread-1] INFO  util.JmxRegister (JmxRegister.java:tryRegister(44)) - Successfully registered JMX Bean with object name Ratis:service=RaftServer,group=group-AD1607F35510,id=24bf2945-a329-4da6-aaf2-23ecd8d462c6
2019-09-25 07:04:47,804 [RatisPipelineUtilsThread] INFO  pipeline.PipelineStateManager (PipelineStateManager.java:addPipeline(56)) - Created pipeline Pipeline[ Id: 28368eb8-d684-492b-973b-ad1607f35510, Nodes: 24bf2945-a329-4da6-aaf2-23ecd8d462c6{ip: 192.168.30.10, host: pr-hdds-1569-s62bp-3040748787, networkLocation: /default-rack, certSerialId: null}, Type:RATIS, Factor:ONE, State:OPEN]
2019-09-25 07:04:47,810 [grpc-default-executor-0] INFO  impl.RaftServerProxy (RaftServerProxy.java:addNew(89)) - e568d23f-199e-48ce-91e4-5c166e2e97cd: addNew group-DA2F624ADC98:[e568d23f-199e-48ce-91e4-5c166e2e97cd:192.168.30.10:42827] returns group-DA2F624ADC98:java.util.concurrent.CompletableFuture@5c73b88[Not completed]
2019-09-25 07:04:47,811 [pool-27-thread-1] INFO  impl.RaftServerImpl (RaftServerImpl.java:<init>(95)) - e568d23f-199e-48ce-91e4-5c166e2e97cd: new RaftServerImpl for group-DA2F624ADC98:[e568d23f-199e-48ce-91e4-5c166e2e97cd:192.168.30.10:42827] with ContainerStateMachine:uninitialized
2019-09-25 07:04:47,812 [pool-27-thread-1] INFO  server.RaftServerConfigKeys (ConfUtils.java:logGet(43)) - raft.server.rpc.timeout.min = 5s (custom)
2019-09-25 07:04:47,812 [pool-27-thread-1] INFO  server.RaftServerConfigKeys (ConfUtils.java:logGet(43)) - raft.server.rpc.timeout.max = 5200ms (custom)
2019-09-25 07:04:47,812 [pool-27-thread-1] INFO  server.RaftServerConfigKeys (ConfUtils.java:logGet(43)) - raft.server.rpcslowness.timeout = 120s (custom)
2019-09-25 07:04:47,812 [pool-27-thread-1] INFO  server.RaftServerConfigKeys (ConfUtils.java:logGet(43)) - raft.server.sleep.deviation.threshold = 300 (default)
2019-09-25 07:04:47,812 [pool-27-thread-1] INFO  server.RaftServerConfigKeys (ConfUtils.java:logGet(43)) - raft.server.log.appender.install.snapshot.enabled = false (custom)
2019-09-25 07:04:47,812 [pool-27-thread-1] INFO  impl.RaftServerImpl (ServerState.java:<init>(103)) - e568d23f-199e-48ce-91e4-5c166e2e97cd@group-DA2F624ADC98: ConfigurationManager, init=-1: [e568d23f-199e-48ce-91e4-5c166e2e97cd:192.168.30.10:42827], old=null, confs=<EMPTY_MAP>
2019-09-25 07:04:47,812 [pool-27-thread-1] INFO  server.RaftServerConfigKeys (ConfUtils.java:logGet(43)) - raft.server.storage.dir = [/workdir/hadoop-ozone/integration-test/target/test-dir/MiniOzoneClusterImpl-39af9574-7a8b-4ed7-b830-bf686a3d4bb8/datanode-0/data/ratis] (custom)
2019-09-25 07:04:47,813 [pool-27-thread-1] INFO  storage.RaftStorageDirectory (RaftStorageDirectory.java:analyzeStorage(246)) - The storage directory /workdir/hadoop-ozone/integration-test/target/test-dir/MiniOzoneClusterImpl-39af9574-7a8b-4ed7-b830-bf686a3d4bb8/datanode-0/data/ratis/31512e3d-fbf4-497c-8bb9-da2f624adc98 does not exist. Creating ...
2019-09-25 07:04:47,815 [pool-27-thread-1] INFO  storage.RaftStorageDirectory (RaftStorageDirectory.java:tryLock(328)) - Lock on /workdir/hadoop-ozone/integration-test/target/test-dir/MiniOzoneClusterImpl-39af9574-7a8b-4ed7-b830-bf686a3d4bb8/datanode-0/data/ratis/31512e3d-fbf4-497c-8bb9-da2f624adc98/in_use.lock acquired by nodename 19495@pr-hdds-1569-s62bp-3040748787
2019-09-25 07:04:47,821 [pool-27-thread-1] INFO  storage.RaftStorage (RaftStorage.java:format(72)) - Storage directory /workdir/hadoop-ozone/integration-test/target/test-dir/MiniOzoneClusterImpl-39af9574-7a8b-4ed7-b830-bf686a3d4bb8/datanode-0/data/ratis/31512e3d-fbf4-497c-8bb9-da2f624adc98 has been successfully formatted.
2019-09-25 07:04:47,821 [pool-27-thread-1] INFO  ratis.ContainerStateMachine (ContainerStateMachine.java:loadSnapshot(230)) - group-DA2F624ADC98: The snapshot info is null. Setting the last applied indexto:(t:0, i:~)
2019-09-25 07:04:47,821 [pool-27-thread-1] INFO  server.RaftServerConfigKeys (ConfUtils.java:logGet(43)) - raft.server.notification.no-leader.timeout = 120s (custom)
2019-09-25 07:04:47,821 [pool-27-thread-1] INFO  server.RaftServerConfigKeys (ConfUtils.java:logGet(43)) - raft.server.log.use.memory = false (default)
2019-09-25 07:04:47,821 [pool-27-thread-1] INFO  server.RaftServerConfigKeys (ConfUtils.java:logGet(43)) - raft.server.log.purge.gap = 1000000 (custom)
2019-09-25 07:04:47,822 [pool-27-thread-1] INFO  server.RaftServerConfigKeys (ConfUtils.java:logGet(43)) - raft.server.log.appender.buffer.byte-limit = 33554432 (custom)
2019-09-25 07:04:47,822 [pool-27-thread-1] INFO  server.RaftServerConfigKeys (ConfUtils.java:logGet(43)) - raft.server.log.segment.size.max = 1048576 (custom)
2019-09-25 07:04:47,822 [pool-27-thread-1] INFO  server.RaftServerConfigKeys (ConfUtils.java:logGet(43)) - raft.server.log.segment.cache.num.max = 2 (custom)
2019-09-25 07:04:47,822 [pool-27-thread-1] INFO  segmented.SegmentedRaftLogWorker (SegmentedRaftLogWorker.java:<init>(172)) - new e568d23f-199e-48ce-91e4-5c166e2e97cd@group-DA2F624ADC98-SegmentedRaftLogWorker for RaftStorage:Storage Directory /workdir/hadoop-ozone/integration-test/target/test-dir/MiniOzoneClusterImpl-39af9574-7a8b-4ed7-b830-bf686a3d4bb8/datanode-0/data/ratis/31512e3d-fbf4-497c-8bb9-da2f624adc98
2019-09-25 07:04:47,822 [pool-27-thread-1] INFO  server.RaftServerConfigKeys (ConfUtils.java:logGet(43)) - raft.server.log.queue.byte-limit = 2147483647 (custom)
2019-09-25 07:04:47,822 [pool-27-thread-1] INFO  server.RaftServerConfigKeys (ConfUtils.java:logGet(43)) - raft.server.log.queue.element-limit = 1024 (custom)
2019-09-25 07:04:47,823 [pool-27-thread-1] INFO  server.RaftServerConfigKeys (ConfUtils.java:logGet(43)) - raft.server.log.segment.size.max = 1048576 (custom)
2019-09-25 07:04:47,823 [pool-27-thread-1] INFO  server.RaftServerConfigKeys (ConfUtils.java:logGet(43)) - raft.server.log.preallocated.size = 16384 (custom)
2019-09-25 07:04:47,823 [pool-27-thread-1] INFO  server.RaftServerConfigKeys (ConfUtils.java:logGet(43)) - raft.server.log.write.buffer.size = 33554432 (custom)
2019-09-25 07:04:47,823 [pool-27-thread-1] INFO  server.RaftServerConfigKeys (ConfUtils.java:logGet(43)) - raft.server.log.force.sync.num = 128 (default)
2019-09-25 07:04:47,823 [pool-27-thread-1] INFO  server.RaftServerConfigKeys (ConfUtils.java:logGet(43)) - raft.server.log.statemachine.data.sync = true (default)
2019-09-25 07:04:47,823 [pool-27-thread-1] INFO  server.RaftServerConfigKeys (ConfUtils.java:logGet(43)) - raft.server.log.statemachine.data.sync.timeout = 10s (default)
2019-09-25 07:04:47,824 [pool-27-thread-1] INFO  server.RaftServerConfigKeys (ConfUtils.java:logGet(43)) - raft.server.log.statemachine.data.sync.timeout.retry = -1 (default)
2019-09-25 07:04:47,824 [pool-27-thread-1] INFO  server.RaftServerConfigKeys (ConfUtils.java:logGet(43)) - raft.server.log.statemachine.data.caching.enabled = true (custom)
2019-09-25 07:04:47,824 [pool-27-thread-1] INFO  segmented.SegmentedRaftLogWorker (SegmentedRaftLogWorker.java:lambda$new$0(132)) - e568d23f-199e-48ce-91e4-5c166e2e97cd@group-DA2F624ADC98-SegmentedRaftLogWorker: flushIndex: setUnconditionally 0 -> -1
2019-09-25 07:04:47,825 [pool-27-thread-1] INFO  server.RaftServerConfigKeys (ConfUtils.java:logGet(43)) - raft.server.snapshot.auto.trigger.enabled = true (custom)
2019-09-25 07:04:47,825 [pool-27-thread-1] INFO  server.RaftServerConfigKeys (ConfUtils.java:logGet(43)) - raft.server.snapshot.auto.trigger.threshold = 10000 (custom)
2019-09-25 07:04:47,825 [pool-27-thread-1] INFO  server.RaftServerConfigKeys (ConfUtils.java:logGet(43)) - raft.server.snapshot.retention.num.files = 5 (custom)
2019-09-25 07:04:47,825 [pool-27-thread-1] INFO  server.RaftServerConfigKeys (ConfUtils.java:logGet(43)) - raft.server.retrycache.expirytime = 600000ms (custom)
2019-09-25 07:04:47,828 [pool-27-thread-1] INFO  impl.RaftServerImpl (RaftServerImpl.java:start(185)) - e568d23f-199e-48ce-91e4-5c166e2e97cd@group-DA2F624ADC98: start as a follower, conf=-1: [e568d23f-199e-48ce-91e4-5c166e2e97cd:192.168.30.10:42827], old=null
2019-09-25 07:04:47,828 [pool-27-thread-1] INFO  impl.RaftServerImpl (RaftServerImpl.java:setRole(174)) - e568d23f-199e-48ce-91e4-5c166e2e97cd@group-DA2F624ADC98: changes role from      null to FOLLOWER at term 0 for startAsFollower
2019-09-25 07:04:47,828 [pool-27-thread-1] INFO  impl.RoleInfo (RoleInfo.java:updateAndGet(143)) - e568d23f-199e-48ce-91e4-5c166e2e97cd: start FollowerState
2019-09-25 07:04:47,829 [pool-27-thread-1] INFO  util.JmxRegister (JmxRegister.java:tryRegister(44)) - Successfully registered JMX Bean with object name Ratis:service=RaftServer,group=group-DA2F624ADC98,id=e568d23f-199e-48ce-91e4-5c166e2e97cd
2019-09-25 07:04:47,831 [RatisPipelineUtilsThread] INFO  pipeline.PipelineStateManager (PipelineStateManager.java:addPipeline(56)) - Created pipeline Pipeline[ Id: 31512e3d-fbf4-497c-8bb9-da2f624adc98, Nodes: e568d23f-199e-48ce-91e4-5c166e2e97cd{ip: 192.168.30.10, host: pr-hdds-1569-s62bp-3040748787, networkLocation: /default-rack, certSerialId: null}, Type:RATIS, Factor:ONE, State:OPEN]
2019-09-25 07:04:47,839 [grpc-default-executor-0] INFO  impl.RaftServerProxy (RaftServerProxy.java:addNew(89)) - 62ec8eb9-3ae9-4136-b70a-2caf3716fa7f: addNew group-246766C8E8C8:[62ec8eb9-3ae9-4136-b70a-2caf3716fa7f:192.168.30.10:44715] returns group-246766C8E8C8:java.util.concurrent.CompletableFuture@7cb203e1[Not completed]
2019-09-25 07:04:47,840 [pool-37-thread-1] INFO  impl.RaftServerImpl (RaftServerImpl.java:<init>(95)) - 62ec8eb9-3ae9-4136-b70a-2caf3716fa7f: new RaftServerImpl for group-246766C8E8C8:[62ec8eb9-3ae9-4136-b70a-2caf3716fa7f:192.168.30.10:44715] with ContainerStateMachine:uninitialized
2019-09-25 07:04:47,840 [pool-37-thread-1] INFO  server.RaftServerConfigKeys (ConfUtils.java:logGet(43)) - raft.server.rpc.timeout.min = 5s (custom)
2019-09-25 07:04:47,840 [pool-37-thread-1] INFO  server.RaftServerConfigKeys (ConfUtils.java:logGet(43)) - raft.server.rpc.timeout.max = 5200ms (custom)
2019-09-25 07:04:47,841 [pool-37-thread-1] INFO  server.RaftServerConfigKeys (ConfUtils.java:logGet(43)) - raft.server.rpcslowness.timeout = 120s (custom)
2019-09-25 07:04:47,841 [pool-37-thread-1] INFO  server.RaftServerConfigKeys (ConfUtils.java:logGet(43)) - raft.server.sleep.deviation.threshold = 300 (default)
2019-09-25 07:04:47,841 [pool-37-thread-1] INFO  server.RaftServerConfigKeys (ConfUtils.java:logGet(43)) - raft.server.log.appender.install.snapshot.enabled = false (custom)
2019-09-25 07:04:47,841 [pool-37-thread-1] INFO  impl.RaftServerImpl (ServerState.java:<init>(103)) - 62ec8eb9-3ae9-4136-b70a-2caf3716fa7f@group-246766C8E8C8: ConfigurationManager, init=-1: [62ec8eb9-3ae9-4136-b70a-2caf3716fa7f:192.168.30.10:44715], old=null, confs=<EMPTY_MAP>
2019-09-25 07:04:47,841 [pool-37-thread-1] INFO  server.RaftServerConfigKeys (ConfUtils.java:logGet(43)) - raft.server.storage.dir = [/workdir/hadoop-ozone/integration-test/target/test-dir/MiniOzoneClusterImpl-39af9574-7a8b-4ed7-b830-bf686a3d4bb8/datanode-1/data/ratis] (custom)
2019-09-25 07:04:47,842 [pool-37-thread-1] INFO  storage.RaftStorageDirectory (RaftStorageDirectory.java:analyzeStorage(246)) - The storage directory /workdir/hadoop-ozone/integration-test/target/test-dir/MiniOzoneClusterImpl-39af9574-7a8b-4ed7-b830-bf686a3d4bb8/datanode-1/data/ratis/38847a77-2671-48f8-9747-246766c8e8c8 does not exist. Creating ...
2019-09-25 07:04:47,846 [pool-37-thread-1] INFO  storage.RaftStorageDirectory (RaftStorageDirectory.java:tryLock(328)) - Lock on /workdir/hadoop-ozone/integration-test/target/test-dir/MiniOzoneClusterImpl-39af9574-7a8b-4ed7-b830-bf686a3d4bb8/datanode-1/data/ratis/38847a77-2671-48f8-9747-246766c8e8c8/in_use.lock acquired by nodename 19495@pr-hdds-1569-s62bp-3040748787
2019-09-25 07:04:47,857 [pool-37-thread-1] INFO  storage.RaftStorage (RaftStorage.java:format(72)) - Storage directory /workdir/hadoop-ozone/integration-test/target/test-dir/MiniOzoneClusterImpl-39af9574-7a8b-4ed7-b830-bf686a3d4bb8/datanode-1/data/ratis/38847a77-2671-48f8-9747-246766c8e8c8 has been successfully formatted.
2019-09-25 07:04:47,857 [pool-37-thread-1] INFO  ratis.ContainerStateMachine (ContainerStateMachine.java:loadSnapshot(230)) - group-246766C8E8C8: The snapshot info is null. Setting the last applied indexto:(t:0, i:~)
2019-09-25 07:04:47,858 [pool-37-thread-1] INFO  server.RaftServerConfigKeys (ConfUtils.java:logGet(43)) - raft.server.notification.no-leader.timeout = 120s (custom)
2019-09-25 07:04:47,858 [pool-37-thread-1] INFO  server.RaftServerConfigKeys (ConfUtils.java:logGet(43)) - raft.server.log.use.memory = false (default)
2019-09-25 07:04:47,858 [pool-37-thread-1] INFO  server.RaftServerConfigKeys (ConfUtils.java:logGet(43)) - raft.server.log.purge.gap = 1000000 (custom)
2019-09-25 07:04:47,858 [pool-37-thread-1] INFO  server.RaftServerConfigKeys (ConfUtils.java:logGet(43)) - raft.server.log.appender.buffer.byte-limit = 33554432 (custom)
2019-09-25 07:04:47,858 [pool-37-thread-1] INFO  server.RaftServerConfigKeys (ConfUtils.java:logGet(43)) - raft.server.log.segment.size.max = 1048576 (custom)
2019-09-25 07:04:47,858 [pool-37-thread-1] INFO  server.RaftServerConfigKeys (ConfUtils.java:logGet(43)) - raft.server.log.segment.cache.num.max = 2 (custom)
2019-09-25 07:04:47,858 [pool-37-thread-1] INFO  segmented.SegmentedRaftLogWorker (SegmentedRaftLogWorker.java:<init>(172)) - new 62ec8eb9-3ae9-4136-b70a-2caf3716fa7f@group-246766C8E8C8-SegmentedRaftLogWorker for RaftStorage:Storage Directory /workdir/hadoop-ozone/integration-test/target/test-dir/MiniOzoneClusterImpl-39af9574-7a8b-4ed7-b830-bf686a3d4bb8/datanode-1/data/ratis/38847a77-2671-48f8-9747-246766c8e8c8
2019-09-25 07:04:47,859 [pool-37-thread-1] INFO  server.RaftServerConfigKeys (ConfUtils.java:logGet(43)) - raft.server.log.queue.byte-limit = 2147483647 (custom)
2019-09-25 07:04:47,859 [pool-37-thread-1] INFO  server.RaftServerConfigKeys (ConfUtils.java:logGet(43)) - raft.server.log.queue.element-limit = 1024 (custom)
2019-09-25 07:04:47,859 [pool-37-thread-1] INFO  server.RaftServerConfigKeys (ConfUtils.java:logGet(43)) - raft.server.log.segment.size.max = 1048576 (custom)
2019-09-25 07:04:47,859 [pool-37-thread-1] INFO  server.RaftServerConfigKeys (ConfUtils.java:logGet(43)) - raft.server.log.preallocated.size = 16384 (custom)
2019-09-25 07:04:47,859 [pool-37-thread-1] INFO  server.RaftServerConfigKeys (ConfUtils.java:logGet(43)) - raft.server.log.write.buffer.size = 33554432 (custom)
2019-09-25 07:04:47,859 [pool-37-thread-1] INFO  server.RaftServerConfigKeys (ConfUtils.java:logGet(43)) - raft.server.log.force.sync.num = 128 (default)
2019-09-25 07:04:47,859 [pool-37-thread-1] INFO  server.RaftServerConfigKeys (ConfUtils.java:logGet(43)) - raft.server.log.statemachine.data.sync = true (default)
2019-09-25 07:04:47,860 [pool-37-thread-1] INFO  server.RaftServerConfigKeys (ConfUtils.java:logGet(43)) - raft.server.log.statemachine.data.sync.timeout = 10s (default)
2019-09-25 07:04:47,860 [pool-37-thread-1] INFO  server.RaftServerConfigKeys (ConfUtils.java:logGet(43)) - raft.server.log.statemachine.data.sync.timeout.retry = -1 (default)
2019-09-25 07:04:47,860 [pool-37-thread-1] INFO  server.RaftServerConfigKeys (ConfUtils.java:logGet(43)) - raft.server.log.statemachine.data.caching.enabled = true (custom)
2019-09-25 07:04:47,860 [pool-37-thread-1] INFO  segmented.SegmentedRaftLogWorker (SegmentedRaftLogWorker.java:lambda$new$0(132)) - 62ec8eb9-3ae9-4136-b70a-2caf3716fa7f@group-246766C8E8C8-SegmentedRaftLogWorker: flushIndex: setUnconditionally 0 -> -1
2019-09-25 07:04:47,860 [pool-37-thread-1] INFO  server.RaftServerConfigKeys (ConfUtils.java:logGet(43)) - raft.server.snapshot.auto.trigger.enabled = true (custom)
2019-09-25 07:04:47,861 [pool-37-thread-1] INFO  server.RaftServerConfigKeys (ConfUtils.java:logGet(43)) - raft.server.snapshot.auto.trigger.threshold = 10000 (custom)
2019-09-25 07:04:47,861 [pool-37-thread-1] INFO  server.RaftServerConfigKeys (ConfUtils.java:logGet(43)) - raft.server.snapshot.retention.num.files = 5 (custom)
2019-09-25 07:04:47,861 [pool-37-thread-1] INFO  server.RaftServerConfigKeys (ConfUtils.java:logGet(43)) - raft.server.retrycache.expirytime = 600000ms (custom)
2019-09-25 07:04:47,863 [pool-37-thread-1] INFO  impl.RaftServerImpl (RaftServerImpl.java:start(185)) - 62ec8eb9-3ae9-4136-b70a-2caf3716fa7f@group-246766C8E8C8: start as a follower, conf=-1: [62ec8eb9-3ae9-4136-b70a-2caf3716fa7f:192.168.30.10:44715], old=null
2019-09-25 07:04:47,864 [pool-37-thread-1] INFO  impl.RaftServerImpl (RaftServerImpl.java:setRole(174)) - 62ec8eb9-3ae9-4136-b70a-2caf3716fa7f@group-246766C8E8C8: changes role from      null to FOLLOWER at term 0 for startAsFollower
2019-09-25 07:04:47,864 [pool-37-thread-1] INFO  impl.RoleInfo (RoleInfo.java:updateAndGet(143)) - 62ec8eb9-3ae9-4136-b70a-2caf3716fa7f: start FollowerState
2019-09-25 07:04:47,864 [pool-37-thread-1] INFO  util.JmxRegister (JmxRegister.java:tryRegister(44)) - Successfully registered JMX Bean with object name Ratis:service=RaftServer,group=group-246766C8E8C8,id=62ec8eb9-3ae9-4136-b70a-2caf3716fa7f
2019-09-25 07:04:47,867 [RatisPipelineUtilsThread] INFO  pipeline.PipelineStateManager (PipelineStateManager.java:addPipeline(56)) - Created pipeline Pipeline[ Id: 38847a77-2671-48f8-9747-246766c8e8c8, Nodes: 62ec8eb9-3ae9-4136-b70a-2caf3716fa7f{ip: 192.168.30.10, host: pr-hdds-1569-s62bp-3040748787, networkLocation: /default-rack, certSerialId: null}, Type:RATIS, Factor:ONE, State:OPEN]
2019-09-25 07:04:47,873 [grpc-default-executor-0] INFO  impl.RaftServerProxy (RaftServerProxy.java:addNew(89)) - 62ec8eb9-3ae9-4136-b70a-2caf3716fa7f: addNew group-40FF86EF9A39:[62ec8eb9-3ae9-4136-b70a-2caf3716fa7f:192.168.30.10:44715] returns group-40FF86EF9A39:java.util.concurrent.CompletableFuture@1cbca57a[Not completed]
2019-09-25 07:04:47,875 [pool-37-thread-1] INFO  impl.RaftServerImpl (RaftServerImpl.java:<init>(95)) - 62ec8eb9-3ae9-4136-b70a-2caf3716fa7f: new RaftServerImpl for group-40FF86EF9A39:[62ec8eb9-3ae9-4136-b70a-2caf3716fa7f:192.168.30.10:44715] with ContainerStateMachine:uninitialized
2019-09-25 07:04:47,875 [pool-37-thread-1] INFO  server.RaftServerConfigKeys (ConfUtils.java:logGet(43)) - raft.server.rpc.timeout.min = 5s (custom)
2019-09-25 07:04:47,875 [pool-37-thread-1] INFO  server.RaftServerConfigKeys (ConfUtils.java:logGet(43)) - raft.server.rpc.timeout.max = 5200ms (custom)
2019-09-25 07:04:47,875 [pool-37-thread-1] INFO  server.RaftServerConfigKeys (ConfUtils.java:logGet(43)) - raft.server.rpcslowness.timeout = 120s (custom)
2019-09-25 07:04:47,875 [pool-37-thread-1] INFO  server.RaftServerConfigKeys (ConfUtils.java:logGet(43)) - raft.server.sleep.deviation.threshold = 300 (default)
2019-09-25 07:04:47,875 [pool-37-thread-1] INFO  server.RaftServerConfigKeys (ConfUtils.java:logGet(43)) - raft.server.log.appender.install.snapshot.enabled = false (custom)
2019-09-25 07:04:47,875 [pool-37-thread-1] INFO  impl.RaftServerImpl (ServerState.java:<init>(103)) - 62ec8eb9-3ae9-4136-b70a-2caf3716fa7f@group-40FF86EF9A39: ConfigurationManager, init=-1: [62ec8eb9-3ae9-4136-b70a-2caf3716fa7f:192.168.30.10:44715], old=null, confs=<EMPTY_MAP>
2019-09-25 07:04:47,876 [pool-37-thread-1] INFO  server.RaftServerConfigKeys (ConfUtils.java:logGet(43)) - raft.server.storage.dir = [/workdir/hadoop-ozone/integration-test/target/test-dir/MiniOzoneClusterImpl-39af9574-7a8b-4ed7-b830-bf686a3d4bb8/datanode-1/data/ratis] (custom)
2019-09-25 07:04:47,876 [pool-37-thread-1] INFO  storage.RaftStorageDirectory (RaftStorageDirectory.java:analyzeStorage(246)) - The storage directory /workdir/hadoop-ozone/integration-test/target/test-dir/MiniOzoneClusterImpl-39af9574-7a8b-4ed7-b830-bf686a3d4bb8/datanode-1/data/ratis/247e9250-fd99-4c45-bb6c-40ff86ef9a39 does not exist. Creating ...
2019-09-25 07:04:47,889 [pool-37-thread-1] INFO  storage.RaftStorageDirectory (RaftStorageDirectory.java:tryLock(328)) - Lock on /workdir/hadoop-ozone/integration-test/target/test-dir/MiniOzoneClusterImpl-39af9574-7a8b-4ed7-b830-bf686a3d4bb8/datanode-1/data/ratis/247e9250-fd99-4c45-bb6c-40ff86ef9a39/in_use.lock acquired by nodename 19495@pr-hdds-1569-s62bp-3040748787
2019-09-25 07:04:47,902 [pool-37-thread-1] INFO  storage.RaftStorage (RaftStorage.java:format(72)) - Storage directory /workdir/hadoop-ozone/integration-test/target/test-dir/MiniOzoneClusterImpl-39af9574-7a8b-4ed7-b830-bf686a3d4bb8/datanode-1/data/ratis/247e9250-fd99-4c45-bb6c-40ff86ef9a39 has been successfully formatted.
2019-09-25 07:04:47,902 [pool-37-thread-1] INFO  ratis.ContainerStateMachine (ContainerStateMachine.java:loadSnapshot(230)) - group-40FF86EF9A39: The snapshot info is null. Setting the last applied indexto:(t:0, i:~)
2019-09-25 07:04:47,902 [pool-37-thread-1] INFO  server.RaftServerConfigKeys (ConfUtils.java:logGet(43)) - raft.server.notification.no-leader.timeout = 120s (custom)
2019-09-25 07:04:47,902 [pool-37-thread-1] INFO  server.RaftServerConfigKeys (ConfUtils.java:logGet(43)) - raft.server.log.use.memory = false (default)
2019-09-25 07:04:47,902 [pool-37-thread-1] INFO  server.RaftServerConfigKeys (ConfUtils.java:logGet(43)) - raft.server.log.purge.gap = 1000000 (custom)
2019-09-25 07:04:47,903 [pool-37-thread-1] INFO  server.RaftServerConfigKeys (ConfUtils.java:logGet(43)) - raft.server.log.appender.buffer.byte-limit = 33554432 (custom)
2019-09-25 07:04:47,903 [pool-37-thread-1] INFO  server.RaftServerConfigKeys (ConfUtils.java:logGet(43)) - raft.server.log.segment.size.max = 1048576 (custom)
2019-09-25 07:04:47,903 [pool-37-thread-1] INFO  server.RaftServerConfigKeys (ConfUtils.java:logGet(43)) - raft.server.log.segment.cache.num.max = 2 (custom)
2019-09-25 07:04:47,903 [pool-37-thread-1] INFO  segmented.SegmentedRaftLogWorker (SegmentedRaftLogWorker.java:<init>(172)) - new 62ec8eb9-3ae9-4136-b70a-2caf3716fa7f@group-40FF86EF9A39-SegmentedRaftLogWorker for RaftStorage:Storage Directory /workdir/hadoop-ozone/integration-test/target/test-dir/MiniOzoneClusterImpl-39af9574-7a8b-4ed7-b830-bf686a3d4bb8/datanode-1/data/ratis/247e9250-fd99-4c45-bb6c-40ff86ef9a39
2019-09-25 07:04:47,903 [pool-37-thread-1] INFO  server.RaftServerConfigKeys (ConfUtils.java:logGet(43)) - raft.server.log.queue.byte-limit = 2147483647 (custom)
2019-09-25 07:04:47,903 [pool-37-thread-1] INFO  server.RaftServerConfigKeys (ConfUtils.java:logGet(43)) - raft.server.log.queue.element-limit = 1024 (custom)
2019-09-25 07:04:47,903 [pool-37-thread-1] INFO  server.RaftServerConfigKeys (ConfUtils.java:logGet(43)) - raft.server.log.segment.size.max = 1048576 (custom)
2019-09-25 07:04:47,903 [pool-37-thread-1] INFO  server.RaftServerConfigKeys (ConfUtils.java:logGet(43)) - raft.server.log.preallocated.size = 16384 (custom)
2019-09-25 07:04:47,903 [pool-37-thread-1] INFO  server.RaftServerConfigKeys (ConfUtils.java:logGet(43)) - raft.server.log.write.buffer.size = 33554432 (custom)
2019-09-25 07:04:47,904 [pool-37-thread-1] INFO  server.RaftServerConfigKeys (ConfUtils.java:logGet(43)) - raft.server.log.force.sync.num = 128 (default)
2019-09-25 07:04:47,904 [pool-37-thread-1] INFO  server.RaftServerConfigKeys (ConfUtils.java:logGet(43)) - raft.server.log.statemachine.data.sync = true (default)
2019-09-25 07:04:47,904 [pool-37-thread-1] INFO  server.RaftServerConfigKeys (ConfUtils.java:logGet(43)) - raft.server.log.statemachine.data.sync.timeout = 10s (default)
2019-09-25 07:04:47,904 [pool-37-thread-1] INFO  server.RaftServerConfigKeys (ConfUtils.java:logGet(43)) - raft.server.log.statemachine.data.sync.timeout.retry = -1 (default)
2019-09-25 07:04:47,904 [pool-37-thread-1] INFO  server.RaftServerConfigKeys (ConfUtils.java:logGet(43)) - raft.server.log.statemachine.data.caching.enabled = true (custom)
2019-09-25 07:04:47,904 [pool-37-thread-1] INFO  segmented.SegmentedRaftLogWorker (SegmentedRaftLogWorker.java:lambda$new$0(132)) - 62ec8eb9-3ae9-4136-b70a-2caf3716fa7f@group-40FF86EF9A39-SegmentedRaftLogWorker: flushIndex: setUnconditionally 0 -> -1
2019-09-25 07:04:47,907 [pool-37-thread-1] INFO  server.RaftServerConfigKeys (ConfUtils.java:logGet(43)) - raft.server.snapshot.auto.trigger.enabled = true (custom)
2019-09-25 07:04:47,907 [pool-37-thread-1] INFO  server.RaftServerConfigKeys (ConfUtils.java:logGet(43)) - raft.server.snapshot.auto.trigger.threshold = 10000 (custom)
2019-09-25 07:04:47,907 [pool-37-thread-1] INFO  server.RaftServerConfigKeys (ConfUtils.java:logGet(43)) - raft.server.snapshot.retention.num.files = 5 (custom)
2019-09-25 07:04:47,907 [pool-37-thread-1] INFO  server.RaftServerConfigKeys (ConfUtils.java:logGet(43)) - raft.server.retrycache.expirytime = 600000ms (custom)
2019-09-25 07:04:47,909 [pool-37-thread-1] INFO  impl.RaftServerImpl (RaftServerImpl.java:start(185)) - 62ec8eb9-3ae9-4136-b70a-2caf3716fa7f@group-40FF86EF9A39: start as a follower, conf=-1: [62ec8eb9-3ae9-4136-b70a-2caf3716fa7f:192.168.30.10:44715], old=null
2019-09-25 07:04:47,909 [pool-37-thread-1] INFO  impl.RaftServerImpl (RaftServerImpl.java:setRole(174)) - 62ec8eb9-3ae9-4136-b70a-2caf3716fa7f@group-40FF86EF9A39: changes role from      null to FOLLOWER at term 0 for startAsFollower
2019-09-25 07:04:47,909 [pool-37-thread-1] INFO  impl.RoleInfo (RoleInfo.java:updateAndGet(143)) - 62ec8eb9-3ae9-4136-b70a-2caf3716fa7f: start FollowerState
2019-09-25 07:04:47,909 [pool-37-thread-1] INFO  util.JmxRegister (JmxRegister.java:tryRegister(44)) - Successfully registered JMX Bean with object name Ratis:service=RaftServer,group=group-40FF86EF9A39,id=62ec8eb9-3ae9-4136-b70a-2caf3716fa7f
2019-09-25 07:04:47,912 [RatisPipelineUtilsThread] INFO  pipeline.PipelineStateManager (PipelineStateManager.java:addPipeline(56)) - Created pipeline Pipeline[ Id: 247e9250-fd99-4c45-bb6c-40ff86ef9a39, Nodes: 62ec8eb9-3ae9-4136-b70a-2caf3716fa7f{ip: 192.168.30.10, host: pr-hdds-1569-s62bp-3040748787, networkLocation: /default-rack, certSerialId: null}, Type:RATIS, Factor:ONE, State:OPEN]
2019-09-25 07:04:47,917 [grpc-default-executor-0] INFO  impl.RaftServerProxy (RaftServerProxy.java:addNew(89)) - e568d23f-199e-48ce-91e4-5c166e2e97cd: addNew group-7CEF0AECE6CC:[e568d23f-199e-48ce-91e4-5c166e2e97cd:192.168.30.10:42827] returns group-7CEF0AECE6CC:java.util.concurrent.CompletableFuture@1a84324[Not completed]
2019-09-25 07:04:47,918 [pool-27-thread-1] INFO  impl.RaftServerImpl (RaftServerImpl.java:<init>(95)) - e568d23f-199e-48ce-91e4-5c166e2e97cd: new RaftServerImpl for group-7CEF0AECE6CC:[e568d23f-199e-48ce-91e4-5c166e2e97cd:192.168.30.10:42827] with ContainerStateMachine:uninitialized
2019-09-25 07:04:47,919 [pool-27-thread-1] INFO  server.RaftServerConfigKeys (ConfUtils.java:logGet(43)) - raft.server.rpc.timeout.min = 5s (custom)
2019-09-25 07:04:47,919 [pool-27-thread-1] INFO  server.RaftServerConfigKeys (ConfUtils.java:logGet(43)) - raft.server.rpc.timeout.max = 5200ms (custom)
2019-09-25 07:04:47,919 [pool-27-thread-1] INFO  server.RaftServerConfigKeys (ConfUtils.java:logGet(43)) - raft.server.rpcslowness.timeout = 120s (custom)
2019-09-25 07:04:47,919 [pool-27-thread-1] INFO  server.RaftServerConfigKeys (ConfUtils.java:logGet(43)) - raft.server.sleep.deviation.threshold = 300 (default)
2019-09-25 07:04:47,919 [pool-27-thread-1] INFO  server.RaftServerConfigKeys (ConfUtils.java:logGet(43)) - raft.server.log.appender.install.snapshot.enabled = false (custom)
2019-09-25 07:04:47,919 [pool-27-thread-1] INFO  impl.RaftServerImpl (ServerState.java:<init>(103)) - e568d23f-199e-48ce-91e4-5c166e2e97cd@group-7CEF0AECE6CC: ConfigurationManager, init=-1: [e568d23f-199e-48ce-91e4-5c166e2e97cd:192.168.30.10:42827], old=null, confs=<EMPTY_MAP>
2019-09-25 07:04:47,919 [pool-27-thread-1] INFO  server.RaftServerConfigKeys (ConfUtils.java:logGet(43)) - raft.server.storage.dir = [/workdir/hadoop-ozone/integration-test/target/test-dir/MiniOzoneClusterImpl-39af9574-7a8b-4ed7-b830-bf686a3d4bb8/datanode-0/data/ratis] (custom)
2019-09-25 07:04:47,920 [pool-27-thread-1] INFO  storage.RaftStorageDirectory (RaftStorageDirectory.java:analyzeStorage(246)) - The storage directory /workdir/hadoop-ozone/integration-test/target/test-dir/MiniOzoneClusterImpl-39af9574-7a8b-4ed7-b830-bf686a3d4bb8/datanode-0/data/ratis/b715c19b-07da-4da7-9b43-7cef0aece6cc does not exist. Creating ...
2019-09-25 07:04:47,923 [pool-27-thread-1] INFO  storage.RaftStorageDirectory (RaftStorageDirectory.java:tryLock(328)) - Lock on /workdir/hadoop-ozone/integration-test/target/test-dir/MiniOzoneClusterImpl-39af9574-7a8b-4ed7-b830-bf686a3d4bb8/datanode-0/data/ratis/b715c19b-07da-4da7-9b43-7cef0aece6cc/in_use.lock acquired by nodename 19495@pr-hdds-1569-s62bp-3040748787
2019-09-25 07:04:47,926 [pool-27-thread-1] INFO  storage.RaftStorage (RaftStorage.java:format(72)) - Storage directory /workdir/hadoop-ozone/integration-test/target/test-dir/MiniOzoneClusterImpl-39af9574-7a8b-4ed7-b830-bf686a3d4bb8/datanode-0/data/ratis/b715c19b-07da-4da7-9b43-7cef0aece6cc has been successfully formatted.
2019-09-25 07:04:47,926 [pool-27-thread-1] INFO  ratis.ContainerStateMachine (ContainerStateMachine.java:loadSnapshot(230)) - group-7CEF0AECE6CC: The snapshot info is null. Setting the last applied indexto:(t:0, i:~)
2019-09-25 07:04:47,926 [pool-27-thread-1] INFO  server.RaftServerConfigKeys (ConfUtils.java:logGet(43)) - raft.server.notification.no-leader.timeout = 120s (custom)
2019-09-25 07:04:47,927 [pool-27-thread-1] INFO  server.RaftServerConfigKeys (ConfUtils.java:logGet(43)) - raft.server.log.use.memory = false (default)
2019-09-25 07:04:47,927 [pool-27-thread-1] INFO  server.RaftServerConfigKeys (ConfUtils.java:logGet(43)) - raft.server.log.purge.gap = 1000000 (custom)
2019-09-25 07:04:47,927 [pool-27-thread-1] INFO  server.RaftServerConfigKeys (ConfUtils.java:logGet(43)) - raft.server.log.appender.buffer.byte-limit = 33554432 (custom)
2019-09-25 07:04:47,927 [pool-27-thread-1] INFO  server.RaftServerConfigKeys (ConfUtils.java:logGet(43)) - raft.server.log.segment.size.max = 1048576 (custom)
2019-09-25 07:04:47,927 [pool-27-thread-1] INFO  server.RaftServerConfigKeys (ConfUtils.java:logGet(43)) - raft.server.log.segment.cache.num.max = 2 (custom)
2019-09-25 07:04:47,927 [pool-27-thread-1] INFO  segmented.SegmentedRaftLogWorker (SegmentedRaftLogWorker.java:<init>(172)) - new e568d23f-199e-48ce-91e4-5c166e2e97cd@group-7CEF0AECE6CC-SegmentedRaftLogWorker for RaftStorage:Storage Directory /workdir/hadoop-ozone/integration-test/target/test-dir/MiniOzoneClusterImpl-39af9574-7a8b-4ed7-b830-bf686a3d4bb8/datanode-0/data/ratis/b715c19b-07da-4da7-9b43-7cef0aece6cc
2019-09-25 07:04:47,927 [pool-27-thread-1] INFO  server.RaftServerConfigKeys (ConfUtils.java:logGet(43)) - raft.server.log.queue.byte-limit = 2147483647 (custom)
2019-09-25 07:04:47,927 [pool-27-thread-1] INFO  server.RaftServerConfigKeys (ConfUtils.java:logGet(43)) - raft.server.log.queue.element-limit = 1024 (custom)
2019-09-25 07:04:47,928 [pool-27-thread-1] INFO  server.RaftServerConfigKeys (ConfUtils.java:logGet(43)) - raft.server.log.segment.size.max = 1048576 (custom)
2019-09-25 07:04:47,928 [pool-27-thread-1] INFO  server.RaftServerConfigKeys (ConfUtils.java:logGet(43)) - raft.server.log.preallocated.size = 16384 (custom)
2019-09-25 07:04:47,928 [pool-27-thread-1] INFO  server.RaftServerConfigKeys (ConfUtils.java:logGet(43)) - raft.server.log.write.buffer.size = 33554432 (custom)
2019-09-25 07:04:47,928 [pool-27-thread-1] INFO  server.RaftServerConfigKeys (ConfUtils.java:logGet(43)) - raft.server.log.force.sync.num = 128 (default)
2019-09-25 07:04:47,928 [pool-27-thread-1] INFO  server.RaftServerConfigKeys (ConfUtils.java:logGet(43)) - raft.server.log.statemachine.data.sync = true (default)
2019-09-25 07:04:47,928 [pool-27-thread-1] INFO  server.RaftServerConfigKeys (ConfUtils.java:logGet(43)) - raft.server.log.statemachine.data.sync.timeout = 10s (default)
2019-09-25 07:04:47,928 [pool-27-thread-1] INFO  server.RaftServerConfigKeys (ConfUtils.java:logGet(43)) - raft.server.log.statemachine.data.sync.timeout.retry = -1 (default)
2019-09-25 07:04:47,929 [pool-27-thread-1] INFO  server.RaftServerConfigKeys (ConfUtils.java:logGet(43)) - raft.server.log.statemachine.data.caching.enabled = true (custom)
2019-09-25 07:04:47,929 [pool-27-thread-1] INFO  segmented.SegmentedRaftLogWorker (SegmentedRaftLogWorker.java:lambda$new$0(132)) - e568d23f-199e-48ce-91e4-5c166e2e97cd@group-7CEF0AECE6CC-SegmentedRaftLogWorker: flushIndex: setUnconditionally 0 -> -1
2019-09-25 07:04:47,929 [pool-27-thread-1] INFO  server.RaftServerConfigKeys (ConfUtils.java:logGet(43)) - raft.server.snapshot.auto.trigger.enabled = true (custom)
2019-09-25 07:04:47,929 [pool-27-thread-1] INFO  server.RaftServerConfigKeys (ConfUtils.java:logGet(43)) - raft.server.snapshot.auto.trigger.threshold = 10000 (custom)
2019-09-25 07:04:47,929 [pool-27-thread-1] INFO  server.RaftServerConfigKeys (ConfUtils.java:logGet(43)) - raft.server.snapshot.retention.num.files = 5 (custom)
2019-09-25 07:04:47,930 [pool-27-thread-1] INFO  server.RaftServerConfigKeys (ConfUtils.java:logGet(43)) - raft.server.retrycache.expirytime = 600000ms (custom)
2019-09-25 07:04:47,932 [pool-27-thread-1] INFO  impl.RaftServerImpl (RaftServerImpl.java:start(185)) - e568d23f-199e-48ce-91e4-5c166e2e97cd@group-7CEF0AECE6CC: start as a follower, conf=-1: [e568d23f-199e-48ce-91e4-5c166e2e97cd:192.168.30.10:42827], old=null
2019-09-25 07:04:47,932 [pool-27-thread-1] INFO  impl.RaftServerImpl (RaftServerImpl.java:setRole(174)) - e568d23f-199e-48ce-91e4-5c166e2e97cd@group-7CEF0AECE6CC: changes role from      null to FOLLOWER at term 0 for startAsFollower
2019-09-25 07:04:47,932 [pool-27-thread-1] INFO  impl.RoleInfo (RoleInfo.java:updateAndGet(143)) - e568d23f-199e-48ce-91e4-5c166e2e97cd: start FollowerState
2019-09-25 07:04:47,932 [pool-27-thread-1] INFO  util.JmxRegister (JmxRegister.java:tryRegister(44)) - Successfully registered JMX Bean with object name Ratis:service=RaftServer,group=group-7CEF0AECE6CC,id=e568d23f-199e-48ce-91e4-5c166e2e97cd
2019-09-25 07:04:47,935 [RatisPipelineUtilsThread] INFO  pipeline.PipelineStateManager (PipelineStateManager.java:addPipeline(56)) - Created pipeline Pipeline[ Id: b715c19b-07da-4da7-9b43-7cef0aece6cc, Nodes: e568d23f-199e-48ce-91e4-5c166e2e97cd{ip: 192.168.30.10, host: pr-hdds-1569-s62bp-3040748787, networkLocation: /default-rack, certSerialId: null}, Type:RATIS, Factor:ONE, State:OPEN]
2019-09-25 07:04:47,940 [grpc-default-executor-0] INFO  impl.RaftServerProxy (RaftServerProxy.java:addNew(89)) - 24bf2945-a329-4da6-aaf2-23ecd8d462c6: addNew group-46E67153754C:[24bf2945-a329-4da6-aaf2-23ecd8d462c6:192.168.30.10:42867] returns group-46E67153754C:java.util.concurrent.CompletableFuture@62fb8fd[Not completed]
2019-09-25 07:04:47,941 [pool-47-thread-1] INFO  impl.RaftServerImpl (RaftServerImpl.java:<init>(95)) - 24bf2945-a329-4da6-aaf2-23ecd8d462c6: new RaftServerImpl for group-46E67153754C:[24bf2945-a329-4da6-aaf2-23ecd8d462c6:192.168.30.10:42867] with ContainerStateMachine:uninitialized
2019-09-25 07:04:47,942 [pool-47-thread-1] INFO  server.RaftServerConfigKeys (ConfUtils.java:logGet(43)) - raft.server.rpc.timeout.min = 5s (custom)
2019-09-25 07:04:47,942 [pool-47-thread-1] INFO  server.RaftServerConfigKeys (ConfUtils.java:logGet(43)) - raft.server.rpc.timeout.max = 5200ms (custom)
2019-09-25 07:04:47,942 [pool-47-thread-1] INFO  server.RaftServerConfigKeys (ConfUtils.java:logGet(43)) - raft.server.rpcslowness.timeout = 120s (custom)
2019-09-25 07:04:47,942 [pool-47-thread-1] INFO  server.RaftServerConfigKeys (ConfUtils.java:logGet(43)) - raft.server.sleep.deviation.threshold = 300 (default)
2019-09-25 07:04:47,942 [pool-47-thread-1] INFO  server.RaftServerConfigKeys (ConfUtils.java:logGet(43)) - raft.server.log.appender.install.snapshot.enabled = false (custom)
2019-09-25 07:04:47,942 [pool-47-thread-1] INFO  impl.RaftServerImpl (ServerState.java:<init>(103)) - 24bf2945-a329-4da6-aaf2-23ecd8d462c6@group-46E67153754C: ConfigurationManager, init=-1: [24bf2945-a329-4da6-aaf2-23ecd8d462c6:192.168.30.10:42867], old=null, confs=<EMPTY_MAP>
2019-09-25 07:04:47,943 [pool-47-thread-1] INFO  server.RaftServerConfigKeys (ConfUtils.java:logGet(43)) - raft.server.storage.dir = [/workdir/hadoop-ozone/integration-test/target/test-dir/MiniOzoneClusterImpl-39af9574-7a8b-4ed7-b830-bf686a3d4bb8/datanode-2/data/ratis] (custom)
2019-09-25 07:04:47,943 [pool-47-thread-1] INFO  storage.RaftStorageDirectory (RaftStorageDirectory.java:analyzeStorage(246)) - The storage directory /workdir/hadoop-ozone/integration-test/target/test-dir/MiniOzoneClusterImpl-39af9574-7a8b-4ed7-b830-bf686a3d4bb8/datanode-2/data/ratis/3e9d564f-664e-4bfd-9978-46e67153754c does not exist. Creating ...
2019-09-25 07:04:47,946 [pool-47-thread-1] INFO  storage.RaftStorageDirectory (RaftStorageDirectory.java:tryLock(328)) - Lock on /workdir/hadoop-ozone/integration-test/target/test-dir/MiniOzoneClusterImpl-39af9574-7a8b-4ed7-b830-bf686a3d4bb8/datanode-2/data/ratis/3e9d564f-664e-4bfd-9978-46e67153754c/in_use.lock acquired by nodename 19495@pr-hdds-1569-s62bp-3040748787
2019-09-25 07:04:47,950 [pool-47-thread-1] INFO  storage.RaftStorage (RaftStorage.java:format(72)) - Storage directory /workdir/hadoop-ozone/integration-test/target/test-dir/MiniOzoneClusterImpl-39af9574-7a8b-4ed7-b830-bf686a3d4bb8/datanode-2/data/ratis/3e9d564f-664e-4bfd-9978-46e67153754c has been successfully formatted.
2019-09-25 07:04:47,950 [pool-47-thread-1] INFO  ratis.ContainerStateMachine (ContainerStateMachine.java:loadSnapshot(230)) - group-46E67153754C: The snapshot info is null. Setting the last applied indexto:(t:0, i:~)
2019-09-25 07:04:47,951 [pool-47-thread-1] INFO  server.RaftServerConfigKeys (ConfUtils.java:logGet(43)) - raft.server.notification.no-leader.timeout = 120s (custom)
2019-09-25 07:04:47,951 [pool-47-thread-1] INFO  server.RaftServerConfigKeys (ConfUtils.java:logGet(43)) - raft.server.log.use.memory = false (default)
2019-09-25 07:04:47,951 [pool-47-thread-1] INFO  server.RaftServerConfigKeys (ConfUtils.java:logGet(43)) - raft.server.log.purge.gap = 1000000 (custom)
2019-09-25 07:04:47,951 [pool-47-thread-1] INFO  server.RaftServerConfigKeys (ConfUtils.java:logGet(43)) - raft.server.log.appender.buffer.byte-limit = 33554432 (custom)
2019-09-25 07:04:47,951 [pool-47-thread-1] INFO  server.RaftServerConfigKeys (ConfUtils.java:logGet(43)) - raft.server.log.segment.size.max = 1048576 (custom)
2019-09-25 07:04:47,951 [pool-47-thread-1] INFO  server.RaftServerConfigKeys (ConfUtils.java:logGet(43)) - raft.server.log.segment.cache.num.max = 2 (custom)
2019-09-25 07:04:47,952 [pool-47-thread-1] INFO  segmented.SegmentedRaftLogWorker (SegmentedRaftLogWorker.java:<init>(172)) - new 24bf2945-a329-4da6-aaf2-23ecd8d462c6@group-46E67153754C-SegmentedRaftLogWorker for RaftStorage:Storage Directory /workdir/hadoop-ozone/integration-test/target/test-dir/MiniOzoneClusterImpl-39af9574-7a8b-4ed7-b830-bf686a3d4bb8/datanode-2/data/ratis/3e9d564f-664e-4bfd-9978-46e67153754c
2019-09-25 07:04:47,952 [pool-47-thread-1] INFO  server.RaftServerConfigKeys (ConfUtils.java:logGet(43)) - raft.server.log.queue.byte-limit = 2147483647 (custom)
2019-09-25 07:04:47,952 [pool-47-thread-1] INFO  server.RaftServerConfigKeys (ConfUtils.java:logGet(43)) - raft.server.log.queue.element-limit = 1024 (custom)
2019-09-25 07:04:47,952 [pool-47-thread-1] INFO  server.RaftServerConfigKeys (ConfUtils.java:logGet(43)) - raft.server.log.segment.size.max = 1048576 (custom)
2019-09-25 07:04:47,952 [pool-47-thread-1] INFO  server.RaftServerConfigKeys (ConfUtils.java:logGet(43)) - raft.server.log.preallocated.size = 16384 (custom)
2019-09-25 07:04:47,952 [pool-47-thread-1] INFO  server.RaftServerConfigKeys (ConfUtils.java:logGet(43)) - raft.server.log.write.buffer.size = 33554432 (custom)
2019-09-25 07:04:47,953 [pool-47-thread-1] INFO  server.RaftServerConfigKeys (ConfUtils.java:logGet(43)) - raft.server.log.force.sync.num = 128 (default)
2019-09-25 07:04:47,953 [pool-47-thread-1] INFO  server.RaftServerConfigKeys (ConfUtils.java:logGet(43)) - raft.server.log.statemachine.data.sync = true (default)
2019-09-25 07:04:47,953 [pool-47-thread-1] INFO  server.RaftServerConfigKeys (ConfUtils.java:logGet(43)) - raft.server.log.statemachine.data.sync.timeout = 10s (default)
2019-09-25 07:04:47,953 [pool-47-thread-1] INFO  server.RaftServerConfigKeys (ConfUtils.java:logGet(43)) - raft.server.log.statemachine.data.sync.timeout.retry = -1 (default)
2019-09-25 07:04:47,953 [pool-47-thread-1] INFO  server.RaftServerConfigKeys (ConfUtils.java:logGet(43)) - raft.server.log.statemachine.data.caching.enabled = true (custom)
2019-09-25 07:04:47,954 [pool-47-thread-1] INFO  segmented.SegmentedRaftLogWorker (SegmentedRaftLogWorker.java:lambda$new$0(132)) - 24bf2945-a329-4da6-aaf2-23ecd8d462c6@group-46E67153754C-SegmentedRaftLogWorker: flushIndex: setUnconditionally 0 -> -1
2019-09-25 07:04:47,954 [pool-47-thread-1] INFO  server.RaftServerConfigKeys (ConfUtils.java:logGet(43)) - raft.server.snapshot.auto.trigger.enabled = true (custom)
2019-09-25 07:04:47,954 [pool-47-thread-1] INFO  server.RaftServerConfigKeys (ConfUtils.java:logGet(43)) - raft.server.snapshot.auto.trigger.threshold = 10000 (custom)
2019-09-25 07:04:47,954 [pool-47-thread-1] INFO  server.RaftServerConfigKeys (ConfUtils.java:logGet(43)) - raft.server.snapshot.retention.num.files = 5 (custom)
2019-09-25 07:04:47,954 [pool-47-thread-1] INFO  server.RaftServerConfigKeys (ConfUtils.java:logGet(43)) - raft.server.retrycache.expirytime = 600000ms (custom)
2019-09-25 07:04:47,957 [pool-47-thread-1] INFO  impl.RaftServerImpl (RaftServerImpl.java:start(185)) - 24bf2945-a329-4da6-aaf2-23ecd8d462c6@group-46E67153754C: start as a follower, conf=-1: [24bf2945-a329-4da6-aaf2-23ecd8d462c6:192.168.30.10:42867], old=null
2019-09-25 07:04:47,958 [pool-47-thread-1] INFO  impl.RaftServerImpl (RaftServerImpl.java:setRole(174)) - 24bf2945-a329-4da6-aaf2-23ecd8d462c6@group-46E67153754C: changes role from      null to FOLLOWER at term 0 for startAsFollower
2019-09-25 07:04:47,958 [pool-47-thread-1] INFO  impl.RoleInfo (RoleInfo.java:updateAndGet(143)) - 24bf2945-a329-4da6-aaf2-23ecd8d462c6: start FollowerState
2019-09-25 07:04:47,958 [pool-47-thread-1] INFO  util.JmxRegister (JmxRegister.java:tryRegister(44)) - Successfully registered JMX Bean with object name Ratis:service=RaftServer,group=group-46E67153754C,id=24bf2945-a329-4da6-aaf2-23ecd8d462c6
2019-09-25 07:04:47,960 [RatisPipelineUtilsThread] INFO  pipeline.PipelineStateManager (PipelineStateManager.java:addPipeline(56)) - Created pipeline Pipeline[ Id: 3e9d564f-664e-4bfd-9978-46e67153754c, Nodes: 24bf2945-a329-4da6-aaf2-23ecd8d462c6{ip: 192.168.30.10, host: pr-hdds-1569-s62bp-3040748787, networkLocation: /default-rack, certSerialId: null}, Type:RATIS, Factor:ONE, State:OPEN]
2019-09-25 07:04:47,965 [grpc-default-executor-0] INFO  impl.RaftServerProxy (RaftServerProxy.java:addNew(89)) - e568d23f-199e-48ce-91e4-5c166e2e97cd: addNew group-763CACC7ED60:[e568d23f-199e-48ce-91e4-5c166e2e97cd:192.168.30.10:42827] returns group-763CACC7ED60:java.util.concurrent.CompletableFuture@67d5b468[Not completed]
2019-09-25 07:04:47,966 [pool-27-thread-1] INFO  impl.RaftServerImpl (RaftServerImpl.java:<init>(95)) - e568d23f-199e-48ce-91e4-5c166e2e97cd: new RaftServerImpl for group-763CACC7ED60:[e568d23f-199e-48ce-91e4-5c166e2e97cd:192.168.30.10:42827] with ContainerStateMachine:uninitialized
2019-09-25 07:04:47,967 [pool-27-thread-1] INFO  server.RaftServerConfigKeys (ConfUtils.java:logGet(43)) - raft.server.rpc.timeout.min = 5s (custom)
2019-09-25 07:04:47,967 [pool-27-thread-1] INFO  server.RaftServerConfigKeys (ConfUtils.java:logGet(43)) - raft.server.rpc.timeout.max = 5200ms (custom)
2019-09-25 07:04:47,967 [pool-27-thread-1] INFO  server.RaftServerConfigKeys (ConfUtils.java:logGet(43)) - raft.server.rpcslowness.timeout = 120s (custom)
2019-09-25 07:04:47,967 [pool-27-thread-1] INFO  server.RaftServerConfigKeys (ConfUtils.java:logGet(43)) - raft.server.sleep.deviation.threshold = 300 (default)
2019-09-25 07:04:47,967 [pool-27-thread-1] INFO  server.RaftServerConfigKeys (ConfUtils.java:logGet(43)) - raft.server.log.appender.install.snapshot.enabled = false (custom)
2019-09-25 07:04:47,967 [pool-27-thread-1] INFO  impl.RaftServerImpl (ServerState.java:<init>(103)) - e568d23f-199e-48ce-91e4-5c166e2e97cd@group-763CACC7ED60: ConfigurationManager, init=-1: [e568d23f-199e-48ce-91e4-5c166e2e97cd:192.168.30.10:42827], old=null, confs=<EMPTY_MAP>
2019-09-25 07:04:47,967 [pool-27-thread-1] INFO  server.RaftServerConfigKeys (ConfUtils.java:logGet(43)) - raft.server.storage.dir = [/workdir/hadoop-ozone/integration-test/target/test-dir/MiniOzoneClusterImpl-39af9574-7a8b-4ed7-b830-bf686a3d4bb8/datanode-0/data/ratis] (custom)
2019-09-25 07:04:47,968 [pool-27-thread-1] INFO  storage.RaftStorageDirectory (RaftStorageDirectory.java:analyzeStorage(246)) - The storage directory /workdir/hadoop-ozone/integration-test/target/test-dir/MiniOzoneClusterImpl-39af9574-7a8b-4ed7-b830-bf686a3d4bb8/datanode-0/data/ratis/bb4c7161-1cf6-4406-a9a2-763cacc7ed60 does not exist. Creating ...
2019-09-25 07:04:47,971 [pool-27-thread-1] INFO  storage.RaftStorageDirectory (RaftStorageDirectory.java:tryLock(328)) - Lock on /workdir/hadoop-ozone/integration-test/target/test-dir/MiniOzoneClusterImpl-39af9574-7a8b-4ed7-b830-bf686a3d4bb8/datanode-0/data/ratis/bb4c7161-1cf6-4406-a9a2-763cacc7ed60/in_use.lock acquired by nodename 19495@pr-hdds-1569-s62bp-3040748787
2019-09-25 07:04:47,976 [pool-27-thread-1] INFO  storage.RaftStorage (RaftStorage.java:format(72)) - Storage directory /workdir/hadoop-ozone/integration-test/target/test-dir/MiniOzoneClusterImpl-39af9574-7a8b-4ed7-b830-bf686a3d4bb8/datanode-0/data/ratis/bb4c7161-1cf6-4406-a9a2-763cacc7ed60 has been successfully formatted.
2019-09-25 07:04:47,976 [pool-27-thread-1] INFO  ratis.ContainerStateMachine (ContainerStateMachine.java:loadSnapshot(230)) - group-763CACC7ED60: The snapshot info is null. Setting the last applied indexto:(t:0, i:~)
2019-09-25 07:04:47,976 [pool-27-thread-1] INFO  server.RaftServerConfigKeys (ConfUtils.java:logGet(43)) - raft.server.notification.no-leader.timeout = 120s (custom)
2019-09-25 07:04:47,976 [pool-27-thread-1] INFO  server.RaftServerConfigKeys (ConfUtils.java:logGet(43)) - raft.server.log.use.memory = false (default)
2019-09-25 07:04:47,976 [pool-27-thread-1] INFO  server.RaftServerConfigKeys (ConfUtils.java:logGet(43)) - raft.server.log.purge.gap = 1000000 (custom)
2019-09-25 07:04:47,976 [pool-27-thread-1] INFO  server.RaftServerConfigKeys (ConfUtils.java:logGet(43)) - raft.server.log.appender.buffer.byte-limit = 33554432 (custom)
2019-09-25 07:04:47,976 [pool-27-thread-1] INFO  server.RaftServerConfigKeys (ConfUtils.java:logGet(43)) - raft.server.log.segment.size.max = 1048576 (custom)
2019-09-25 07:04:47,976 [pool-27-thread-1] INFO  server.RaftServerConfigKeys (ConfUtils.java:logGet(43)) - raft.server.log.segment.cache.num.max = 2 (custom)
2019-09-25 07:04:47,977 [pool-27-thread-1] INFO  segmented.SegmentedRaftLogWorker (SegmentedRaftLogWorker.java:<init>(172)) - new e568d23f-199e-48ce-91e4-5c166e2e97cd@group-763CACC7ED60-SegmentedRaftLogWorker for RaftStorage:Storage Directory /workdir/hadoop-ozone/integration-test/target/test-dir/MiniOzoneClusterImpl-39af9574-7a8b-4ed7-b830-bf686a3d4bb8/datanode-0/data/ratis/bb4c7161-1cf6-4406-a9a2-763cacc7ed60
2019-09-25 07:04:47,977 [pool-27-thread-1] INFO  server.RaftServerConfigKeys (ConfUtils.java:logGet(43)) - raft.server.log.queue.byte-limit = 2147483647 (custom)
2019-09-25 07:04:47,977 [pool-27-thread-1] INFO  server.RaftServerConfigKeys (ConfUtils.java:logGet(43)) - raft.server.log.queue.element-limit = 1024 (custom)
2019-09-25 07:04:47,977 [pool-27-thread-1] INFO  server.RaftServerConfigKeys (ConfUtils.java:logGet(43)) - raft.server.log.segment.size.max = 1048576 (custom)
2019-09-25 07:04:47,977 [pool-27-thread-1] INFO  server.RaftServerConfigKeys (ConfUtils.java:logGet(43)) - raft.server.log.preallocated.size = 16384 (custom)
2019-09-25 07:04:47,977 [pool-27-thread-1] INFO  server.RaftServerConfigKeys (ConfUtils.java:logGet(43)) - raft.server.log.write.buffer.size = 33554432 (custom)
2019-09-25 07:04:47,977 [pool-27-thread-1] INFO  server.RaftServerConfigKeys (ConfUtils.java:logGet(43)) - raft.server.log.force.sync.num = 128 (default)
2019-09-25 07:04:47,977 [pool-27-thread-1] INFO  server.RaftServerConfigKeys (ConfUtils.java:logGet(43)) - raft.server.log.statemachine.data.sync = true (default)
2019-09-25 07:04:47,977 [pool-27-thread-1] INFO  server.RaftServerConfigKeys (ConfUtils.java:logGet(43)) - raft.server.log.statemachine.data.sync.timeout = 10s (default)
2019-09-25 07:04:47,977 [pool-27-thread-1] INFO  server.RaftServerConfigKeys (ConfUtils.java:logGet(43)) - raft.server.log.statemachine.data.sync.timeout.retry = -1 (default)
2019-09-25 07:04:47,978 [pool-27-thread-1] INFO  server.RaftServerConfigKeys (ConfUtils.java:logGet(43)) - raft.server.log.statemachine.data.caching.enabled = true (custom)
2019-09-25 07:04:47,978 [pool-27-thread-1] INFO  segmented.SegmentedRaftLogWorker (SegmentedRaftLogWorker.java:lambda$new$0(132)) - e568d23f-199e-48ce-91e4-5c166e2e97cd@group-763CACC7ED60-SegmentedRaftLogWorker: flushIndex: setUnconditionally 0 -> -1
2019-09-25 07:04:47,978 [pool-27-thread-1] INFO  server.RaftServerConfigKeys (ConfUtils.java:logGet(43)) - raft.server.snapshot.auto.trigger.enabled = true (custom)
2019-09-25 07:04:47,978 [pool-27-thread-1] INFO  server.RaftServerConfigKeys (ConfUtils.java:logGet(43)) - raft.server.snapshot.auto.trigger.threshold = 10000 (custom)
2019-09-25 07:04:47,978 [pool-27-thread-1] INFO  server.RaftServerConfigKeys (ConfUtils.java:logGet(43)) - raft.server.snapshot.retention.num.files = 5 (custom)
2019-09-25 07:04:47,979 [pool-27-thread-1] INFO  server.RaftServerConfigKeys (ConfUtils.java:logGet(43)) - raft.server.retrycache.expirytime = 600000ms (custom)
2019-09-25 07:04:47,981 [pool-27-thread-1] INFO  impl.RaftServerImpl (RaftServerImpl.java:start(185)) - e568d23f-199e-48ce-91e4-5c166e2e97cd@group-763CACC7ED60: start as a follower, conf=-1: [e568d23f-199e-48ce-91e4-5c166e2e97cd:192.168.30.10:42827], old=null
2019-09-25 07:04:47,981 [pool-27-thread-1] INFO  impl.RaftServerImpl (RaftServerImpl.java:setRole(174)) - e568d23f-199e-48ce-91e4-5c166e2e97cd@group-763CACC7ED60: changes role from      null to FOLLOWER at term 0 for startAsFollower
2019-09-25 07:04:47,981 [pool-27-thread-1] INFO  impl.RoleInfo (RoleInfo.java:updateAndGet(143)) - e568d23f-199e-48ce-91e4-5c166e2e97cd: start FollowerState
2019-09-25 07:04:47,981 [pool-27-thread-1] INFO  util.JmxRegister (JmxRegister.java:tryRegister(44)) - Successfully registered JMX Bean with object name Ratis:service=RaftServer,group=group-763CACC7ED60,id=e568d23f-199e-48ce-91e4-5c166e2e97cd
2019-09-25 07:04:47,983 [RatisPipelineUtilsThread] INFO  pipeline.PipelineStateManager (PipelineStateManager.java:addPipeline(56)) - Created pipeline Pipeline[ Id: bb4c7161-1cf6-4406-a9a2-763cacc7ed60, Nodes: e568d23f-199e-48ce-91e4-5c166e2e97cd{ip: 192.168.30.10, host: pr-hdds-1569-s62bp-3040748787, networkLocation: /default-rack, certSerialId: null}, Type:RATIS, Factor:ONE, State:OPEN]
2019-09-25 07:04:47,988 [grpc-default-executor-0] INFO  impl.RaftServerProxy (RaftServerProxy.java:addNew(89)) - 24bf2945-a329-4da6-aaf2-23ecd8d462c6: addNew group-D2C4951991DC:[24bf2945-a329-4da6-aaf2-23ecd8d462c6:192.168.30.10:42867] returns group-D2C4951991DC:java.util.concurrent.CompletableFuture@695a6ee9[Not completed]
2019-09-25 07:04:47,989 [pool-47-thread-1] INFO  impl.RaftServerImpl (RaftServerImpl.java:<init>(95)) - 24bf2945-a329-4da6-aaf2-23ecd8d462c6: new RaftServerImpl for group-D2C4951991DC:[24bf2945-a329-4da6-aaf2-23ecd8d462c6:192.168.30.10:42867] with ContainerStateMachine:uninitialized
2019-09-25 07:04:47,989 [pool-47-thread-1] INFO  server.RaftServerConfigKeys (ConfUtils.java:logGet(43)) - raft.server.rpc.timeout.min = 5s (custom)
2019-09-25 07:04:47,989 [pool-47-thread-1] INFO  server.RaftServerConfigKeys (ConfUtils.java:logGet(43)) - raft.server.rpc.timeout.max = 5200ms (custom)
2019-09-25 07:04:47,990 [pool-47-thread-1] INFO  server.RaftServerConfigKeys (ConfUtils.java:logGet(43)) - raft.server.rpcslowness.timeout = 120s (custom)
2019-09-25 07:04:47,990 [pool-47-thread-1] INFO  server.RaftServerConfigKeys (ConfUtils.java:logGet(43)) - raft.server.sleep.deviation.threshold = 300 (default)
2019-09-25 07:04:47,990 [pool-47-thread-1] INFO  server.RaftServerConfigKeys (ConfUtils.java:logGet(43)) - raft.server.log.appender.install.snapshot.enabled = false (custom)
2019-09-25 07:04:47,990 [pool-47-thread-1] INFO  impl.RaftServerImpl (ServerState.java:<init>(103)) - 24bf2945-a329-4da6-aaf2-23ecd8d462c6@group-D2C4951991DC: ConfigurationManager, init=-1: [24bf2945-a329-4da6-aaf2-23ecd8d462c6:192.168.30.10:42867], old=null, confs=<EMPTY_MAP>
2019-09-25 07:04:47,990 [pool-47-thread-1] INFO  server.RaftServerConfigKeys (ConfUtils.java:logGet(43)) - raft.server.storage.dir = [/workdir/hadoop-ozone/integration-test/target/test-dir/MiniOzoneClusterImpl-39af9574-7a8b-4ed7-b830-bf686a3d4bb8/datanode-2/data/ratis] (custom)
2019-09-25 07:04:47,991 [pool-47-thread-1] INFO  storage.RaftStorageDirectory (RaftStorageDirectory.java:analyzeStorage(246)) - The storage directory /workdir/hadoop-ozone/integration-test/target/test-dir/MiniOzoneClusterImpl-39af9574-7a8b-4ed7-b830-bf686a3d4bb8/datanode-2/data/ratis/943603ad-152d-4383-b641-d2c4951991dc does not exist. Creating ...
2019-09-25 07:04:47,994 [pool-47-thread-1] INFO  storage.RaftStorageDirectory (RaftStorageDirectory.java:tryLock(328)) - Lock on /workdir/hadoop-ozone/integration-test/target/test-dir/MiniOzoneClusterImpl-39af9574-7a8b-4ed7-b830-bf686a3d4bb8/datanode-2/data/ratis/943603ad-152d-4383-b641-d2c4951991dc/in_use.lock acquired by nodename 19495@pr-hdds-1569-s62bp-3040748787
2019-09-25 07:04:47,997 [pool-47-thread-1] INFO  storage.RaftStorage (RaftStorage.java:format(72)) - Storage directory /workdir/hadoop-ozone/integration-test/target/test-dir/MiniOzoneClusterImpl-39af9574-7a8b-4ed7-b830-bf686a3d4bb8/datanode-2/data/ratis/943603ad-152d-4383-b641-d2c4951991dc has been successfully formatted.
2019-09-25 07:04:47,998 [pool-47-thread-1] INFO  ratis.ContainerStateMachine (ContainerStateMachine.java:loadSnapshot(230)) - group-D2C4951991DC: The snapshot info is null. Setting the last applied indexto:(t:0, i:~)
2019-09-25 07:04:47,998 [pool-47-thread-1] INFO  server.RaftServerConfigKeys (ConfUtils.java:logGet(43)) - raft.server.notification.no-leader.timeout = 120s (custom)
2019-09-25 07:04:47,998 [pool-47-thread-1] INFO  server.RaftServerConfigKeys (ConfUtils.java:logGet(43)) - raft.server.log.use.memory = false (default)
2019-09-25 07:04:47,998 [pool-47-thread-1] INFO  server.RaftServerConfigKeys (ConfUtils.java:logGet(43)) - raft.server.log.purge.gap = 1000000 (custom)
2019-09-25 07:04:47,998 [pool-47-thread-1] INFO  server.RaftServerConfigKeys (ConfUtils.java:logGet(43)) - raft.server.log.appender.buffer.byte-limit = 33554432 (custom)
2019-09-25 07:04:47,998 [pool-47-thread-1] INFO  server.RaftServerConfigKeys (ConfUtils.java:logGet(43)) - raft.server.log.segment.size.max = 1048576 (custom)
2019-09-25 07:04:47,999 [pool-47-thread-1] INFO  server.RaftServerConfigKeys (ConfUtils.java:logGet(43)) - raft.server.log.segment.cache.num.max = 2 (custom)
2019-09-25 07:04:47,999 [pool-47-thread-1] INFO  segmented.SegmentedRaftLogWorker (SegmentedRaftLogWorker.java:<init>(172)) - new 24bf2945-a329-4da6-aaf2-23ecd8d462c6@group-D2C4951991DC-SegmentedRaftLogWorker for RaftStorage:Storage Directory /workdir/hadoop-ozone/integration-test/target/test-dir/MiniOzoneClusterImpl-39af9574-7a8b-4ed7-b830-bf686a3d4bb8/datanode-2/data/ratis/943603ad-152d-4383-b641-d2c4951991dc
2019-09-25 07:04:47,999 [pool-47-thread-1] INFO  server.RaftServerConfigKeys (ConfUtils.java:logGet(43)) - raft.server.log.queue.byte-limit = 2147483647 (custom)
2019-09-25 07:04:47,999 [pool-47-thread-1] INFO  server.RaftServerConfigKeys (ConfUtils.java:logGet(43)) - raft.server.log.queue.element-limit = 1024 (custom)
2019-09-25 07:04:47,999 [pool-47-thread-1] INFO  server.RaftServerConfigKeys (ConfUtils.java:logGet(43)) - raft.server.log.segment.size.max = 1048576 (custom)
2019-09-25 07:04:47,999 [pool-47-thread-1] INFO  server.RaftServerConfigKeys (ConfUtils.java:logGet(43)) - raft.server.log.preallocated.size = 16384 (custom)
2019-09-25 07:04:47,999 [pool-47-thread-1] INFO  server.RaftServerConfigKeys (ConfUtils.java:logGet(43)) - raft.server.log.write.buffer.size = 33554432 (custom)
2019-09-25 07:04:47,999 [pool-47-thread-1] INFO  server.RaftServerConfigKeys (ConfUtils.java:logGet(43)) - raft.server.log.force.sync.num = 128 (default)
2019-09-25 07:04:48,000 [pool-47-thread-1] INFO  server.RaftServerConfigKeys (ConfUtils.java:logGet(43)) - raft.server.log.statemachine.data.sync = true (default)
2019-09-25 07:04:48,000 [pool-47-thread-1] INFO  server.RaftServerConfigKeys (ConfUtils.java:logGet(43)) - raft.server.log.statemachine.data.sync.timeout = 10s (default)
2019-09-25 07:04:48,000 [pool-47-thread-1] INFO  server.RaftServerConfigKeys (ConfUtils.java:logGet(43)) - raft.server.log.statemachine.data.sync.timeout.retry = -1 (default)
2019-09-25 07:04:48,000 [pool-47-thread-1] INFO  server.RaftServerConfigKeys (ConfUtils.java:logGet(43)) - raft.server.log.statemachine.data.caching.enabled = true (custom)
2019-09-25 07:04:48,000 [pool-47-thread-1] INFO  segmented.SegmentedRaftLogWorker (SegmentedRaftLogWorker.java:lambda$new$0(132)) - 24bf2945-a329-4da6-aaf2-23ecd8d462c6@group-D2C4951991DC-SegmentedRaftLogWorker: flushIndex: setUnconditionally 0 -> -1
2019-09-25 07:04:48,001 [pool-47-thread-1] INFO  server.RaftServerConfigKeys (ConfUtils.java:logGet(43)) - raft.server.snapshot.auto.trigger.enabled = true (custom)
2019-09-25 07:04:48,001 [pool-47-thread-1] INFO  server.RaftServerConfigKeys (ConfUtils.java:logGet(43)) - raft.server.snapshot.auto.trigger.threshold = 10000 (custom)
2019-09-25 07:04:48,001 [pool-47-thread-1] INFO  server.RaftServerConfigKeys (ConfUtils.java:logGet(43)) - raft.server.snapshot.retention.num.files = 5 (custom)
2019-09-25 07:04:48,001 [pool-47-thread-1] INFO  server.RaftServerConfigKeys (ConfUtils.java:logGet(43)) - raft.server.retrycache.expirytime = 600000ms (custom)
2019-09-25 07:04:48,003 [pool-47-thread-1] INFO  impl.RaftServerImpl (RaftServerImpl.java:start(185)) - 24bf2945-a329-4da6-aaf2-23ecd8d462c6@group-D2C4951991DC: start as a follower, conf=-1: [24bf2945-a329-4da6-aaf2-23ecd8d462c6:192.168.30.10:42867], old=null
2019-09-25 07:04:48,003 [pool-47-thread-1] INFO  impl.RaftServerImpl (RaftServerImpl.java:setRole(174)) - 24bf2945-a329-4da6-aaf2-23ecd8d462c6@group-D2C4951991DC: changes role from      null to FOLLOWER at term 0 for startAsFollower
2019-09-25 07:04:48,004 [pool-47-thread-1] INFO  impl.RoleInfo (RoleInfo.java:updateAndGet(143)) - 24bf2945-a329-4da6-aaf2-23ecd8d462c6: start FollowerState
2019-09-25 07:04:48,004 [pool-47-thread-1] INFO  util.JmxRegister (JmxRegister.java:tryRegister(44)) - Successfully registered JMX Bean with object name Ratis:service=RaftServer,group=group-D2C4951991DC,id=24bf2945-a329-4da6-aaf2-23ecd8d462c6
2019-09-25 07:04:48,006 [RatisPipelineUtilsThread] INFO  pipeline.PipelineStateManager (PipelineStateManager.java:addPipeline(56)) - Created pipeline Pipeline[ Id: 943603ad-152d-4383-b641-d2c4951991dc, Nodes: 24bf2945-a329-4da6-aaf2-23ecd8d462c6{ip: 192.168.30.10, host: pr-hdds-1569-s62bp-3040748787, networkLocation: /default-rack, certSerialId: null}, Type:RATIS, Factor:ONE, State:OPEN]
2019-09-25 07:04:48,010 [grpc-default-executor-0] INFO  impl.RaftServerProxy (RaftServerProxy.java:addNew(89)) - 24bf2945-a329-4da6-aaf2-23ecd8d462c6: addNew group-2B70A50CA462:[24bf2945-a329-4da6-aaf2-23ecd8d462c6:192.168.30.10:42867] returns group-2B70A50CA462:java.util.concurrent.CompletableFuture@3c4b6711[Not completed]
2019-09-25 07:04:48,011 [pool-47-thread-1] INFO  impl.RaftServerImpl (RaftServerImpl.java:<init>(95)) - 24bf2945-a329-4da6-aaf2-23ecd8d462c6: new RaftServerImpl for group-2B70A50CA462:[24bf2945-a329-4da6-aaf2-23ecd8d462c6:192.168.30.10:42867] with ContainerStateMachine:uninitialized
2019-09-25 07:04:48,012 [pool-47-thread-1] INFO  server.RaftServerConfigKeys (ConfUtils.java:logGet(43)) - raft.server.rpc.timeout.min = 5s (custom)
2019-09-25 07:04:48,012 [pool-47-thread-1] INFO  server.RaftServerConfigKeys (ConfUtils.java:logGet(43)) - raft.server.rpc.timeout.max = 5200ms (custom)
2019-09-25 07:04:48,012 [pool-47-thread-1] INFO  server.RaftServerConfigKeys (ConfUtils.java:logGet(43)) - raft.server.rpcslowness.timeout = 120s (custom)
2019-09-25 07:04:48,012 [pool-47-thread-1] INFO  server.RaftServerConfigKeys (ConfUtils.java:logGet(43)) - raft.server.sleep.deviation.threshold = 300 (default)
2019-09-25 07:04:48,012 [pool-47-thread-1] INFO  server.RaftServerConfigKeys (ConfUtils.java:logGet(43)) - raft.server.log.appender.install.snapshot.enabled = false (custom)
2019-09-25 07:04:48,012 [pool-47-thread-1] INFO  impl.RaftServerImpl (ServerState.java:<init>(103)) - 24bf2945-a329-4da6-aaf2-23ecd8d462c6@group-2B70A50CA462: ConfigurationManager, init=-1: [24bf2945-a329-4da6-aaf2-23ecd8d462c6:192.168.30.10:42867], old=null, confs=<EMPTY_MAP>
2019-09-25 07:04:48,012 [pool-47-thread-1] INFO  server.RaftServerConfigKeys (ConfUtils.java:logGet(43)) - raft.server.storage.dir = [/workdir/hadoop-ozone/integration-test/target/test-dir/MiniOzoneClusterImpl-39af9574-7a8b-4ed7-b830-bf686a3d4bb8/datanode-2/data/ratis] (custom)
2019-09-25 07:04:48,013 [pool-47-thread-1] INFO  storage.RaftStorageDirectory (RaftStorageDirectory.java:analyzeStorage(246)) - The storage directory /workdir/hadoop-ozone/integration-test/target/test-dir/MiniOzoneClusterImpl-39af9574-7a8b-4ed7-b830-bf686a3d4bb8/datanode-2/data/ratis/1e21d190-be50-4237-98fa-2b70a50ca462 does not exist. Creating ...
2019-09-25 07:04:48,016 [pool-47-thread-1] INFO  storage.RaftStorageDirectory (RaftStorageDirectory.java:tryLock(328)) - Lock on /workdir/hadoop-ozone/integration-test/target/test-dir/MiniOzoneClusterImpl-39af9574-7a8b-4ed7-b830-bf686a3d4bb8/datanode-2/data/ratis/1e21d190-be50-4237-98fa-2b70a50ca462/in_use.lock acquired by nodename 19495@pr-hdds-1569-s62bp-3040748787
2019-09-25 07:04:48,020 [pool-47-thread-1] INFO  storage.RaftStorage (RaftStorage.java:format(72)) - Storage directory /workdir/hadoop-ozone/integration-test/target/test-dir/MiniOzoneClusterImpl-39af9574-7a8b-4ed7-b830-bf686a3d4bb8/datanode-2/data/ratis/1e21d190-be50-4237-98fa-2b70a50ca462 has been successfully formatted.
2019-09-25 07:04:48,022 [pool-47-thread-1] INFO  ratis.ContainerStateMachine (ContainerStateMachine.java:loadSnapshot(230)) - group-2B70A50CA462: The snapshot info is null. Setting the last applied indexto:(t:0, i:~)
2019-09-25 07:04:48,022 [pool-47-thread-1] INFO  server.RaftServerConfigKeys (ConfUtils.java:logGet(43)) - raft.server.notification.no-leader.timeout = 120s (custom)
2019-09-25 07:04:48,022 [pool-47-thread-1] INFO  server.RaftServerConfigKeys (ConfUtils.java:logGet(43)) - raft.server.log.use.memory = false (default)
2019-09-25 07:04:48,023 [pool-47-thread-1] INFO  server.RaftServerConfigKeys (ConfUtils.java:logGet(43)) - raft.server.log.purge.gap = 1000000 (custom)
2019-09-25 07:04:48,023 [pool-47-thread-1] INFO  server.RaftServerConfigKeys (ConfUtils.java:logGet(43)) - raft.server.log.appender.buffer.byte-limit = 33554432 (custom)
2019-09-25 07:04:48,023 [pool-47-thread-1] INFO  server.RaftServerConfigKeys (ConfUtils.java:logGet(43)) - raft.server.log.segment.size.max = 1048576 (custom)
2019-09-25 07:04:48,023 [pool-47-thread-1] INFO  server.RaftServerConfigKeys (ConfUtils.java:logGet(43)) - raft.server.log.segment.cache.num.max = 2 (custom)
2019-09-25 07:04:48,023 [pool-47-thread-1] INFO  segmented.SegmentedRaftLogWorker (SegmentedRaftLogWorker.java:<init>(172)) - new 24bf2945-a329-4da6-aaf2-23ecd8d462c6@group-2B70A50CA462-SegmentedRaftLogWorker for RaftStorage:Storage Directory /workdir/hadoop-ozone/integration-test/target/test-dir/MiniOzoneClusterImpl-39af9574-7a8b-4ed7-b830-bf686a3d4bb8/datanode-2/data/ratis/1e21d190-be50-4237-98fa-2b70a50ca462
2019-09-25 07:04:48,023 [pool-47-thread-1] INFO  server.RaftServerConfigKeys (ConfUtils.java:logGet(43)) - raft.server.log.queue.byte-limit = 2147483647 (custom)
2019-09-25 07:04:48,023 [pool-47-thread-1] INFO  server.RaftServerConfigKeys (ConfUtils.java:logGet(43)) - raft.server.log.queue.element-limit = 1024 (custom)
2019-09-25 07:04:48,024 [pool-47-thread-1] INFO  server.RaftServerConfigKeys (ConfUtils.java:logGet(43)) - raft.server.log.segment.size.max = 1048576 (custom)
2019-09-25 07:04:48,024 [pool-47-thread-1] INFO  server.RaftServerConfigKeys (ConfUtils.java:logGet(43)) - raft.server.log.preallocated.size = 16384 (custom)
2019-09-25 07:04:48,024 [pool-47-thread-1] INFO  server.RaftServerConfigKeys (ConfUtils.java:logGet(43)) - raft.server.log.write.buffer.size = 33554432 (custom)
2019-09-25 07:04:48,024 [pool-47-thread-1] INFO  server.RaftServerConfigKeys (ConfUtils.java:logGet(43)) - raft.server.log.force.sync.num = 128 (default)
2019-09-25 07:04:48,024 [pool-47-thread-1] INFO  server.RaftServerConfigKeys (ConfUtils.java:logGet(43)) - raft.server.log.statemachine.data.sync = true (default)
2019-09-25 07:04:48,024 [pool-47-thread-1] INFO  server.RaftServerConfigKeys (ConfUtils.java:logGet(43)) - raft.server.log.statemachine.data.sync.timeout = 10s (default)
2019-09-25 07:04:48,024 [pool-47-thread-1] INFO  server.RaftServerConfigKeys (ConfUtils.java:logGet(43)) - raft.server.log.statemachine.data.sync.timeout.retry = -1 (default)
2019-09-25 07:04:48,025 [pool-47-thread-1] INFO  server.RaftServerConfigKeys (ConfUtils.java:logGet(43)) - raft.server.log.statemachine.data.caching.enabled = true (custom)
2019-09-25 07:04:48,025 [pool-47-thread-1] INFO  segmented.SegmentedRaftLogWorker (SegmentedRaftLogWorker.java:lambda$new$0(132)) - 24bf2945-a329-4da6-aaf2-23ecd8d462c6@group-2B70A50CA462-SegmentedRaftLogWorker: flushIndex: setUnconditionally 0 -> -1
2019-09-25 07:04:48,025 [pool-47-thread-1] INFO  server.RaftServerConfigKeys (ConfUtils.java:logGet(43)) - raft.server.snapshot.auto.trigger.enabled = true (custom)
2019-09-25 07:04:48,025 [pool-47-thread-1] INFO  server.RaftServerConfigKeys (ConfUtils.java:logGet(43)) - raft.server.snapshot.auto.trigger.threshold = 10000 (custom)
2019-09-25 07:04:48,025 [pool-47-thread-1] INFO  server.RaftServerConfigKeys (ConfUtils.java:logGet(43)) - raft.server.snapshot.retention.num.files = 5 (custom)
2019-09-25 07:04:48,026 [pool-47-thread-1] INFO  server.RaftServerConfigKeys (ConfUtils.java:logGet(43)) - raft.server.retrycache.expirytime = 600000ms (custom)
2019-09-25 07:04:48,028 [pool-47-thread-1] INFO  impl.RaftServerImpl (RaftServerImpl.java:start(185)) - 24bf2945-a329-4da6-aaf2-23ecd8d462c6@group-2B70A50CA462: start as a follower, conf=-1: [24bf2945-a329-4da6-aaf2-23ecd8d462c6:192.168.30.10:42867], old=null
2019-09-25 07:04:48,028 [pool-47-thread-1] INFO  impl.RaftServerImpl (RaftServerImpl.java:setRole(174)) - 24bf2945-a329-4da6-aaf2-23ecd8d462c6@group-2B70A50CA462: changes role from      null to FOLLOWER at term 0 for startAsFollower
2019-09-25 07:04:48,028 [pool-47-thread-1] INFO  impl.RoleInfo (RoleInfo.java:updateAndGet(143)) - 24bf2945-a329-4da6-aaf2-23ecd8d462c6: start FollowerState
2019-09-25 07:04:48,028 [pool-47-thread-1] INFO  util.JmxRegister (JmxRegister.java:tryRegister(44)) - Successfully registered JMX Bean with object name Ratis:service=RaftServer,group=group-2B70A50CA462,id=24bf2945-a329-4da6-aaf2-23ecd8d462c6
2019-09-25 07:04:48,031 [RatisPipelineUtilsThread] INFO  pipeline.PipelineStateManager (PipelineStateManager.java:addPipeline(56)) - Created pipeline Pipeline[ Id: 1e21d190-be50-4237-98fa-2b70a50ca462, Nodes: 24bf2945-a329-4da6-aaf2-23ecd8d462c6{ip: 192.168.30.10, host: pr-hdds-1569-s62bp-3040748787, networkLocation: /default-rack, certSerialId: null}, Type:RATIS, Factor:ONE, State:OPEN]
2019-09-25 07:04:48,035 [grpc-default-executor-0] INFO  impl.RaftServerProxy (RaftServerProxy.java:addNew(89)) - 62ec8eb9-3ae9-4136-b70a-2caf3716fa7f: addNew group-2BEA26FB643A:[62ec8eb9-3ae9-4136-b70a-2caf3716fa7f:192.168.30.10:44715] returns group-2BEA26FB643A:java.util.concurrent.CompletableFuture@5a69b2e9[Not completed]
2019-09-25 07:04:48,036 [pool-37-thread-1] INFO  impl.RaftServerImpl (RaftServerImpl.java:<init>(95)) - 62ec8eb9-3ae9-4136-b70a-2caf3716fa7f: new RaftServerImpl for group-2BEA26FB643A:[62ec8eb9-3ae9-4136-b70a-2caf3716fa7f:192.168.30.10:44715] with ContainerStateMachine:uninitialized
2019-09-25 07:04:48,036 [pool-37-thread-1] INFO  server.RaftServerConfigKeys (ConfUtils.java:logGet(43)) - raft.server.rpc.timeout.min = 5s (custom)
2019-09-25 07:04:48,036 [pool-37-thread-1] INFO  server.RaftServerConfigKeys (ConfUtils.java:logGet(43)) - raft.server.rpc.timeout.max = 5200ms (custom)
2019-09-25 07:04:48,036 [pool-37-thread-1] INFO  server.RaftServerConfigKeys (ConfUtils.java:logGet(43)) - raft.server.rpcslowness.timeout = 120s (custom)
2019-09-25 07:04:48,036 [pool-37-thread-1] INFO  server.RaftServerConfigKeys (ConfUtils.java:logGet(43)) - raft.server.sleep.deviation.threshold = 300 (default)
2019-09-25 07:04:48,036 [pool-37-thread-1] INFO  server.RaftServerConfigKeys (ConfUtils.java:logGet(43)) - raft.server.log.appender.install.snapshot.enabled = false (custom)
2019-09-25 07:04:48,037 [pool-37-thread-1] INFO  impl.RaftServerImpl (ServerState.java:<init>(103)) - 62ec8eb9-3ae9-4136-b70a-2caf3716fa7f@group-2BEA26FB643A: ConfigurationManager, init=-1: [62ec8eb9-3ae9-4136-b70a-2caf3716fa7f:192.168.30.10:44715], old=null, confs=<EMPTY_MAP>
2019-09-25 07:04:48,037 [pool-37-thread-1] INFO  server.RaftServerConfigKeys (ConfUtils.java:logGet(43)) - raft.server.storage.dir = [/workdir/hadoop-ozone/integration-test/target/test-dir/MiniOzoneClusterImpl-39af9574-7a8b-4ed7-b830-bf686a3d4bb8/datanode-1/data/ratis] (custom)
2019-09-25 07:04:48,037 [pool-37-thread-1] INFO  storage.RaftStorageDirectory (RaftStorageDirectory.java:analyzeStorage(246)) - The storage directory /workdir/hadoop-ozone/integration-test/target/test-dir/MiniOzoneClusterImpl-39af9574-7a8b-4ed7-b830-bf686a3d4bb8/datanode-1/data/ratis/e31c6824-87aa-423e-a4d4-2bea26fb643a does not exist. Creating ...
2019-09-25 07:04:48,040 [pool-37-thread-1] INFO  storage.RaftStorageDirectory (RaftStorageDirectory.java:tryLock(328)) - Lock on /workdir/hadoop-ozone/integration-test/target/test-dir/MiniOzoneClusterImpl-39af9574-7a8b-4ed7-b830-bf686a3d4bb8/datanode-1/data/ratis/e31c6824-87aa-423e-a4d4-2bea26fb643a/in_use.lock acquired by nodename 19495@pr-hdds-1569-s62bp-3040748787
2019-09-25 07:04:48,044 [pool-37-thread-1] INFO  storage.RaftStorage (RaftStorage.java:format(72)) - Storage directory /workdir/hadoop-ozone/integration-test/target/test-dir/MiniOzoneClusterImpl-39af9574-7a8b-4ed7-b830-bf686a3d4bb8/datanode-1/data/ratis/e31c6824-87aa-423e-a4d4-2bea26fb643a has been successfully formatted.
2019-09-25 07:04:48,044 [pool-37-thread-1] INFO  ratis.ContainerStateMachine (ContainerStateMachine.java:loadSnapshot(230)) - group-2BEA26FB643A: The snapshot info is null. Setting the last applied indexto:(t:0, i:~)
2019-09-25 07:04:48,045 [pool-37-thread-1] INFO  server.RaftServerConfigKeys (ConfUtils.java:logGet(43)) - raft.server.notification.no-leader.timeout = 120s (custom)
2019-09-25 07:04:48,045 [pool-37-thread-1] INFO  server.RaftServerConfigKeys (ConfUtils.java:logGet(43)) - raft.server.log.use.memory = false (default)
2019-09-25 07:04:48,045 [pool-37-thread-1] INFO  server.RaftServerConfigKeys (ConfUtils.java:logGet(43)) - raft.server.log.purge.gap = 1000000 (custom)
2019-09-25 07:04:48,045 [pool-37-thread-1] INFO  server.RaftServerConfigKeys (ConfUtils.java:logGet(43)) - raft.server.log.appender.buffer.byte-limit = 33554432 (custom)
2019-09-25 07:04:48,045 [pool-37-thread-1] INFO  server.RaftServerConfigKeys (ConfUtils.java:logGet(43)) - raft.server.log.segment.size.max = 1048576 (custom)
2019-09-25 07:04:48,045 [pool-37-thread-1] INFO  server.RaftServerConfigKeys (ConfUtils.java:logGet(43)) - raft.server.log.segment.cache.num.max = 2 (custom)
2019-09-25 07:04:48,045 [pool-37-thread-1] INFO  segmented.SegmentedRaftLogWorker (SegmentedRaftLogWorker.java:<init>(172)) - new 62ec8eb9-3ae9-4136-b70a-2caf3716fa7f@group-2BEA26FB643A-SegmentedRaftLogWorker for RaftStorage:Storage Directory /workdir/hadoop-ozone/integration-test/target/test-dir/MiniOzoneClusterImpl-39af9574-7a8b-4ed7-b830-bf686a3d4bb8/datanode-1/data/ratis/e31c6824-87aa-423e-a4d4-2bea26fb643a
2019-09-25 07:04:48,045 [pool-37-thread-1] INFO  server.RaftServerConfigKeys (ConfUtils.java:logGet(43)) - raft.server.log.queue.byte-limit = 2147483647 (custom)
2019-09-25 07:04:48,045 [pool-37-thread-1] INFO  server.RaftServerConfigKeys (ConfUtils.java:logGet(43)) - raft.server.log.queue.element-limit = 1024 (custom)
2019-09-25 07:04:48,045 [pool-37-thread-1] INFO  server.RaftServerConfigKeys (ConfUtils.java:logGet(43)) - raft.server.log.segment.size.max = 1048576 (custom)
2019-09-25 07:04:48,046 [pool-37-thread-1] INFO  server.RaftServerConfigKeys (ConfUtils.java:logGet(43)) - raft.server.log.preallocated.size = 16384 (custom)
2019-09-25 07:04:48,046 [pool-37-thread-1] INFO  server.RaftServerConfigKeys (ConfUtils.java:logGet(43)) - raft.server.log.write.buffer.size = 33554432 (custom)
2019-09-25 07:04:48,046 [pool-37-thread-1] INFO  server.RaftServerConfigKeys (ConfUtils.java:logGet(43)) - raft.server.log.force.sync.num = 128 (default)
2019-09-25 07:04:48,046 [pool-37-thread-1] INFO  server.RaftServerConfigKeys (ConfUtils.java:logGet(43)) - raft.server.log.statemachine.data.sync = true (default)
2019-09-25 07:04:48,046 [pool-37-thread-1] INFO  server.RaftServerConfigKeys (ConfUtils.java:logGet(43)) - raft.server.log.statemachine.data.sync.timeout = 10s (default)
2019-09-25 07:04:48,046 [pool-37-thread-1] INFO  server.RaftServerConfigKeys (ConfUtils.java:logGet(43)) - raft.server.log.statemachine.data.sync.timeout.retry = -1 (default)
2019-09-25 07:04:48,046 [pool-37-thread-1] INFO  server.RaftServerConfigKeys (ConfUtils.java:logGet(43)) - raft.server.log.statemachine.data.caching.enabled = true (custom)
2019-09-25 07:04:48,046 [pool-37-thread-1] INFO  segmented.SegmentedRaftLogWorker (SegmentedRaftLogWorker.java:lambda$new$0(132)) - 62ec8eb9-3ae9-4136-b70a-2caf3716fa7f@group-2BEA26FB643A-SegmentedRaftLogWorker: flushIndex: setUnconditionally 0 -> -1
2019-09-25 07:04:48,047 [pool-37-thread-1] INFO  server.RaftServerConfigKeys (ConfUtils.java:logGet(43)) - raft.server.snapshot.auto.trigger.enabled = true (custom)
2019-09-25 07:04:48,047 [pool-37-thread-1] INFO  server.RaftServerConfigKeys (ConfUtils.java:logGet(43)) - raft.server.snapshot.auto.trigger.threshold = 10000 (custom)
2019-09-25 07:04:48,047 [pool-37-thread-1] INFO  server.RaftServerConfigKeys (ConfUtils.java:logGet(43)) - raft.server.snapshot.retention.num.files = 5 (custom)
2019-09-25 07:04:48,047 [pool-37-thread-1] INFO  server.RaftServerConfigKeys (ConfUtils.java:logGet(43)) - raft.server.retrycache.expirytime = 600000ms (custom)
2019-09-25 07:04:48,049 [pool-37-thread-1] INFO  impl.RaftServerImpl (RaftServerImpl.java:start(185)) - 62ec8eb9-3ae9-4136-b70a-2caf3716fa7f@group-2BEA26FB643A: start as a follower, conf=-1: [62ec8eb9-3ae9-4136-b70a-2caf3716fa7f:192.168.30.10:44715], old=null
2019-09-25 07:04:48,049 [pool-37-thread-1] INFO  impl.RaftServerImpl (RaftServerImpl.java:setRole(174)) - 62ec8eb9-3ae9-4136-b70a-2caf3716fa7f@group-2BEA26FB643A: changes role from      null to FOLLOWER at term 0 for startAsFollower
2019-09-25 07:04:48,049 [pool-37-thread-1] INFO  impl.RoleInfo (RoleInfo.java:updateAndGet(143)) - 62ec8eb9-3ae9-4136-b70a-2caf3716fa7f: start FollowerState
2019-09-25 07:04:48,049 [pool-37-thread-1] INFO  util.JmxRegister (JmxRegister.java:tryRegister(44)) - Successfully registered JMX Bean with object name Ratis:service=RaftServer,group=group-2BEA26FB643A,id=62ec8eb9-3ae9-4136-b70a-2caf3716fa7f
2019-09-25 07:04:48,052 [RatisPipelineUtilsThread] INFO  pipeline.PipelineStateManager (PipelineStateManager.java:addPipeline(56)) - Created pipeline Pipeline[ Id: e31c6824-87aa-423e-a4d4-2bea26fb643a, Nodes: 62ec8eb9-3ae9-4136-b70a-2caf3716fa7f{ip: 192.168.30.10, host: pr-hdds-1569-s62bp-3040748787, networkLocation: /default-rack, certSerialId: null}, Type:RATIS, Factor:ONE, State:OPEN]
2019-09-25 07:04:48,056 [grpc-default-executor-0] INFO  impl.RaftServerProxy (RaftServerProxy.java:addNew(89)) - 62ec8eb9-3ae9-4136-b70a-2caf3716fa7f: addNew group-18831A278447:[62ec8eb9-3ae9-4136-b70a-2caf3716fa7f:192.168.30.10:44715] returns group-18831A278447:java.util.concurrent.CompletableFuture@7419698b[Not completed]
2019-09-25 07:04:48,057 [pool-37-thread-1] INFO  impl.RaftServerImpl (RaftServerImpl.java:<init>(95)) - 62ec8eb9-3ae9-4136-b70a-2caf3716fa7f: new RaftServerImpl for group-18831A278447:[62ec8eb9-3ae9-4136-b70a-2caf3716fa7f:192.168.30.10:44715] with ContainerStateMachine:uninitialized
2019-09-25 07:04:48,057 [pool-37-thread-1] INFO  server.RaftServerConfigKeys (ConfUtils.java:logGet(43)) - raft.server.rpc.timeout.min = 5s (custom)
2019-09-25 07:04:48,057 [pool-37-thread-1] INFO  server.RaftServerConfigKeys (ConfUtils.java:logGet(43)) - raft.server.rpc.timeout.max = 5200ms (custom)
2019-09-25 07:04:48,057 [pool-37-thread-1] INFO  server.RaftServerConfigKeys (ConfUtils.java:logGet(43)) - raft.server.rpcslowness.timeout = 120s (custom)
2019-09-25 07:04:48,057 [pool-37-thread-1] INFO  server.RaftServerConfigKeys (ConfUtils.java:logGet(43)) - raft.server.sleep.deviation.threshold = 300 (default)
2019-09-25 07:04:48,057 [pool-37-thread-1] INFO  server.RaftServerConfigKeys (ConfUtils.java:logGet(43)) - raft.server.log.appender.install.snapshot.enabled = false (custom)
2019-09-25 07:04:48,057 [pool-37-thread-1] INFO  impl.RaftServerImpl (ServerState.java:<init>(103)) - 62ec8eb9-3ae9-4136-b70a-2caf3716fa7f@group-18831A278447: ConfigurationManager, init=-1: [62ec8eb9-3ae9-4136-b70a-2caf3716fa7f:192.168.30.10:44715], old=null, confs=<EMPTY_MAP>
2019-09-25 07:04:48,057 [pool-37-thread-1] INFO  server.RaftServerConfigKeys (ConfUtils.java:logGet(43)) - raft.server.storage.dir = [/workdir/hadoop-ozone/integration-test/target/test-dir/MiniOzoneClusterImpl-39af9574-7a8b-4ed7-b830-bf686a3d4bb8/datanode-1/data/ratis] (custom)
2019-09-25 07:04:48,058 [pool-37-thread-1] INFO  storage.RaftStorageDirectory (RaftStorageDirectory.java:analyzeStorage(246)) - The storage directory /workdir/hadoop-ozone/integration-test/target/test-dir/MiniOzoneClusterImpl-39af9574-7a8b-4ed7-b830-bf686a3d4bb8/datanode-1/data/ratis/e41ae3c7-dce1-44d6-ad12-18831a278447 does not exist. Creating ...
2019-09-25 07:04:48,060 [pool-37-thread-1] INFO  storage.RaftStorageDirectory (RaftStorageDirectory.java:tryLock(328)) - Lock on /workdir/hadoop-ozone/integration-test/target/test-dir/MiniOzoneClusterImpl-39af9574-7a8b-4ed7-b830-bf686a3d4bb8/datanode-1/data/ratis/e41ae3c7-dce1-44d6-ad12-18831a278447/in_use.lock acquired by nodename 19495@pr-hdds-1569-s62bp-3040748787
2019-09-25 07:04:48,063 [pool-37-thread-1] INFO  storage.RaftStorage (RaftStorage.java:format(72)) - Storage directory /workdir/hadoop-ozone/integration-test/target/test-dir/MiniOzoneClusterImpl-39af9574-7a8b-4ed7-b830-bf686a3d4bb8/datanode-1/data/ratis/e41ae3c7-dce1-44d6-ad12-18831a278447 has been successfully formatted.
2019-09-25 07:04:48,064 [pool-37-thread-1] INFO  ratis.ContainerStateMachine (ContainerStateMachine.java:loadSnapshot(230)) - group-18831A278447: The snapshot info is null. Setting the last applied indexto:(t:0, i:~)
2019-09-25 07:04:48,064 [pool-37-thread-1] INFO  server.RaftServerConfigKeys (ConfUtils.java:logGet(43)) - raft.server.notification.no-leader.timeout = 120s (custom)
2019-09-25 07:04:48,064 [pool-37-thread-1] INFO  server.RaftServerConfigKeys (ConfUtils.java:logGet(43)) - raft.server.log.use.memory = false (default)
2019-09-25 07:04:48,064 [pool-37-thread-1] INFO  server.RaftServerConfigKeys (ConfUtils.java:logGet(43)) - raft.server.log.purge.gap = 1000000 (custom)
2019-09-25 07:04:48,064 [pool-37-thread-1] INFO  server.RaftServerConfigKeys (ConfUtils.java:logGet(43)) - raft.server.log.appender.buffer.byte-limit = 33554432 (custom)
2019-09-25 07:04:48,064 [pool-37-thread-1] INFO  server.RaftServerConfigKeys (ConfUtils.java:logGet(43)) - raft.server.log.segment.size.max = 1048576 (custom)
2019-09-25 07:04:48,064 [pool-37-thread-1] INFO  server.RaftServerConfigKeys (ConfUtils.java:logGet(43)) - raft.server.log.segment.cache.num.max = 2 (custom)
2019-09-25 07:04:48,064 [pool-37-thread-1] INFO  segmented.SegmentedRaftLogWorker (SegmentedRaftLogWorker.java:<init>(172)) - new 62ec8eb9-3ae9-4136-b70a-2caf3716fa7f@group-18831A278447-SegmentedRaftLogWorker for RaftStorage:Storage Directory /workdir/hadoop-ozone/integration-test/target/test-dir/MiniOzoneClusterImpl-39af9574-7a8b-4ed7-b830-bf686a3d4bb8/datanode-1/data/ratis/e41ae3c7-dce1-44d6-ad12-18831a278447
2019-09-25 07:04:48,064 [pool-37-thread-1] INFO  server.RaftServerConfigKeys (ConfUtils.java:logGet(43)) - raft.server.log.queue.byte-limit = 2147483647 (custom)
2019-09-25 07:04:48,064 [pool-37-thread-1] INFO  server.RaftServerConfigKeys (ConfUtils.java:logGet(43)) - raft.server.log.queue.element-limit = 1024 (custom)
2019-09-25 07:04:48,064 [pool-37-thread-1] INFO  server.RaftServerConfigKeys (ConfUtils.java:logGet(43)) - raft.server.log.segment.size.max = 1048576 (custom)
2019-09-25 07:04:48,065 [pool-37-thread-1] INFO  server.RaftServerConfigKeys (ConfUtils.java:logGet(43)) - raft.server.log.preallocated.size = 16384 (custom)
2019-09-25 07:04:48,065 [pool-37-thread-1] INFO  server.RaftServerConfigKeys (ConfUtils.java:logGet(43)) - raft.server.log.write.buffer.size = 33554432 (custom)
2019-09-25 07:04:48,065 [pool-37-thread-1] INFO  server.RaftServerConfigKeys (ConfUtils.java:logGet(43)) - raft.server.log.force.sync.num = 128 (default)
2019-09-25 07:04:48,065 [pool-37-thread-1] INFO  server.RaftServerConfigKeys (ConfUtils.java:logGet(43)) - raft.server.log.statemachine.data.sync = true (default)
2019-09-25 07:04:48,065 [pool-37-thread-1] INFO  server.RaftServerConfigKeys (ConfUtils.java:logGet(43)) - raft.server.log.statemachine.data.sync.timeout = 10s (default)
2019-09-25 07:04:48,065 [pool-37-thread-1] INFO  server.RaftServerConfigKeys (ConfUtils.java:logGet(43)) - raft.server.log.statemachine.data.sync.timeout.retry = -1 (default)
2019-09-25 07:04:48,065 [pool-37-thread-1] INFO  server.RaftServerConfigKeys (ConfUtils.java:logGet(43)) - raft.server.log.statemachine.data.caching.enabled = true (custom)
2019-09-25 07:04:48,065 [pool-37-thread-1] INFO  segmented.SegmentedRaftLogWorker (SegmentedRaftLogWorker.java:lambda$new$0(132)) - 62ec8eb9-3ae9-4136-b70a-2caf3716fa7f@group-18831A278447-SegmentedRaftLogWorker: flushIndex: setUnconditionally 0 -> -1
2019-09-25 07:04:48,065 [pool-37-thread-1] INFO  server.RaftServerConfigKeys (ConfUtils.java:logGet(43)) - raft.server.snapshot.auto.trigger.enabled = true (custom)
2019-09-25 07:04:48,066 [pool-37-thread-1] INFO  server.RaftServerConfigKeys (ConfUtils.java:logGet(43)) - raft.server.snapshot.auto.trigger.threshold = 10000 (custom)
2019-09-25 07:04:48,066 [pool-37-thread-1] INFO  server.RaftServerConfigKeys (ConfUtils.java:logGet(43)) - raft.server.snapshot.retention.num.files = 5 (custom)
2019-09-25 07:04:48,066 [pool-37-thread-1] INFO  server.RaftServerConfigKeys (ConfUtils.java:logGet(43)) - raft.server.retrycache.expirytime = 600000ms (custom)
2019-09-25 07:04:48,067 [pool-37-thread-1] INFO  impl.RaftServerImpl (RaftServerImpl.java:start(185)) - 62ec8eb9-3ae9-4136-b70a-2caf3716fa7f@group-18831A278447: start as a follower, conf=-1: [62ec8eb9-3ae9-4136-b70a-2caf3716fa7f:192.168.30.10:44715], old=null
2019-09-25 07:04:48,067 [pool-37-thread-1] INFO  impl.RaftServerImpl (RaftServerImpl.java:setRole(174)) - 62ec8eb9-3ae9-4136-b70a-2caf3716fa7f@group-18831A278447: changes role from      null to FOLLOWER at term 0 for startAsFollower
2019-09-25 07:04:48,067 [pool-37-thread-1] INFO  impl.RoleInfo (RoleInfo.java:updateAndGet(143)) - 62ec8eb9-3ae9-4136-b70a-2caf3716fa7f: start FollowerState
2019-09-25 07:04:48,067 [pool-37-thread-1] INFO  util.JmxRegister (JmxRegister.java:tryRegister(44)) - Successfully registered JMX Bean with object name Ratis:service=RaftServer,group=group-18831A278447,id=62ec8eb9-3ae9-4136-b70a-2caf3716fa7f
2019-09-25 07:04:48,069 [RatisPipelineUtilsThread] INFO  pipeline.PipelineStateManager (PipelineStateManager.java:addPipeline(56)) - Created pipeline Pipeline[ Id: e41ae3c7-dce1-44d6-ad12-18831a278447, Nodes: 62ec8eb9-3ae9-4136-b70a-2caf3716fa7f{ip: 192.168.30.10, host: pr-hdds-1569-s62bp-3040748787, networkLocation: /default-rack, certSerialId: null}, Type:RATIS, Factor:ONE, State:OPEN]
2019-09-25 07:04:48,074 [grpc-default-executor-0] INFO  impl.RaftServerProxy (RaftServerProxy.java:addNew(89)) - 62ec8eb9-3ae9-4136-b70a-2caf3716fa7f: addNew group-F9848A4894EC:[62ec8eb9-3ae9-4136-b70a-2caf3716fa7f:192.168.30.10:44715] returns group-F9848A4894EC:java.util.concurrent.CompletableFuture@76b25564[Not completed]
2019-09-25 07:04:48,074 [pool-37-thread-1] INFO  impl.RaftServerImpl (RaftServerImpl.java:<init>(95)) - 62ec8eb9-3ae9-4136-b70a-2caf3716fa7f: new RaftServerImpl for group-F9848A4894EC:[62ec8eb9-3ae9-4136-b70a-2caf3716fa7f:192.168.30.10:44715] with ContainerStateMachine:uninitialized
2019-09-25 07:04:48,075 [pool-37-thread-1] INFO  server.RaftServerConfigKeys (ConfUtils.java:logGet(43)) - raft.server.rpc.timeout.min = 5s (custom)
2019-09-25 07:04:48,075 [pool-37-thread-1] INFO  server.RaftServerConfigKeys (ConfUtils.java:logGet(43)) - raft.server.rpc.timeout.max = 5200ms (custom)
2019-09-25 07:04:48,075 [pool-37-thread-1] INFO  server.RaftServerConfigKeys (ConfUtils.java:logGet(43)) - raft.server.rpcslowness.timeout = 120s (custom)
2019-09-25 07:04:48,075 [pool-37-thread-1] INFO  server.RaftServerConfigKeys (ConfUtils.java:logGet(43)) - raft.server.sleep.deviation.threshold = 300 (default)
2019-09-25 07:04:48,075 [pool-37-thread-1] INFO  server.RaftServerConfigKeys (ConfUtils.java:logGet(43)) - raft.server.log.appender.install.snapshot.enabled = false (custom)
2019-09-25 07:04:48,075 [pool-37-thread-1] INFO  impl.RaftServerImpl (ServerState.java:<init>(103)) - 62ec8eb9-3ae9-4136-b70a-2caf3716fa7f@group-F9848A4894EC: ConfigurationManager, init=-1: [62ec8eb9-3ae9-4136-b70a-2caf3716fa7f:192.168.30.10:44715], old=null, confs=<EMPTY_MAP>
2019-09-25 07:04:48,075 [pool-37-thread-1] INFO  server.RaftServerConfigKeys (ConfUtils.java:logGet(43)) - raft.server.storage.dir = [/workdir/hadoop-ozone/integration-test/target/test-dir/MiniOzoneClusterImpl-39af9574-7a8b-4ed7-b830-bf686a3d4bb8/datanode-1/data/ratis] (custom)
2019-09-25 07:04:48,075 [pool-37-thread-1] INFO  storage.RaftStorageDirectory (RaftStorageDirectory.java:analyzeStorage(246)) - The storage directory /workdir/hadoop-ozone/integration-test/target/test-dir/MiniOzoneClusterImpl-39af9574-7a8b-4ed7-b830-bf686a3d4bb8/datanode-1/data/ratis/0ee21b1c-2848-4204-b9b7-f9848a4894ec does not exist. Creating ...
2019-09-25 07:04:48,079 [pool-37-thread-1] INFO  storage.RaftStorageDirectory (RaftStorageDirectory.java:tryLock(328)) - Lock on /workdir/hadoop-ozone/integration-test/target/test-dir/MiniOzoneClusterImpl-39af9574-7a8b-4ed7-b830-bf686a3d4bb8/datanode-1/data/ratis/0ee21b1c-2848-4204-b9b7-f9848a4894ec/in_use.lock acquired by nodename 19495@pr-hdds-1569-s62bp-3040748787
2019-09-25 07:04:48,082 [pool-37-thread-1] INFO  storage.RaftStorage (RaftStorage.java:format(72)) - Storage directory /workdir/hadoop-ozone/integration-test/target/test-dir/MiniOzoneClusterImpl-39af9574-7a8b-4ed7-b830-bf686a3d4bb8/datanode-1/data/ratis/0ee21b1c-2848-4204-b9b7-f9848a4894ec has been successfully formatted.
2019-09-25 07:04:48,082 [pool-37-thread-1] INFO  ratis.ContainerStateMachine (ContainerStateMachine.java:loadSnapshot(230)) - group-F9848A4894EC: The snapshot info is null. Setting the last applied indexto:(t:0, i:~)
2019-09-25 07:04:48,082 [pool-37-thread-1] INFO  server.RaftServerConfigKeys (ConfUtils.java:logGet(43)) - raft.server.notification.no-leader.timeout = 120s (custom)
2019-09-25 07:04:48,082 [pool-37-thread-1] INFO  server.RaftServerConfigKeys (ConfUtils.java:logGet(43)) - raft.server.log.use.memory = false (default)
2019-09-25 07:04:48,082 [pool-37-thread-1] INFO  server.RaftServerConfigKeys (ConfUtils.java:logGet(43)) - raft.server.log.purge.gap = 1000000 (custom)
2019-09-25 07:04:48,082 [pool-37-thread-1] INFO  server.RaftServerConfigKeys (ConfUtils.java:logGet(43)) - raft.server.log.appender.buffer.byte-limit = 33554432 (custom)
2019-09-25 07:04:48,082 [pool-37-thread-1] INFO  server.RaftServerConfigKeys (ConfUtils.java:logGet(43)) - raft.server.log.segment.size.max = 1048576 (custom)
2019-09-25 07:04:48,082 [pool-37-thread-1] INFO  server.RaftServerConfigKeys (ConfUtils.java:logGet(43)) - raft.server.log.segment.cache.num.max = 2 (custom)
2019-09-25 07:04:48,082 [pool-37-thread-1] INFO  segmented.SegmentedRaftLogWorker (SegmentedRaftLogWorker.java:<init>(172)) - new 62ec8eb9-3ae9-4136-b70a-2caf3716fa7f@group-F9848A4894EC-SegmentedRaftLogWorker for RaftStorage:Storage Directory /workdir/hadoop-ozone/integration-test/target/test-dir/MiniOzoneClusterImpl-39af9574-7a8b-4ed7-b830-bf686a3d4bb8/datanode-1/data/ratis/0ee21b1c-2848-4204-b9b7-f9848a4894ec
2019-09-25 07:04:48,083 [pool-37-thread-1] INFO  server.RaftServerConfigKeys (ConfUtils.java:logGet(43)) - raft.server.log.queue.byte-limit = 2147483647 (custom)
2019-09-25 07:04:48,083 [pool-37-thread-1] INFO  server.RaftServerConfigKeys (ConfUtils.java:logGet(43)) - raft.server.log.queue.element-limit = 1024 (custom)
2019-09-25 07:04:48,083 [pool-37-thread-1] INFO  server.RaftServerConfigKeys (ConfUtils.java:logGet(43)) - raft.server.log.segment.size.max = 1048576 (custom)
2019-09-25 07:04:48,083 [pool-37-thread-1] INFO  server.RaftServerConfigKeys (ConfUtils.java:logGet(43)) - raft.server.log.preallocated.size = 16384 (custom)
2019-09-25 07:04:48,083 [pool-37-thread-1] INFO  server.RaftServerConfigKeys (ConfUtils.java:logGet(43)) - raft.server.log.write.buffer.size = 33554432 (custom)
2019-09-25 07:04:48,083 [pool-37-thread-1] INFO  server.RaftServerConfigKeys (ConfUtils.java:logGet(43)) - raft.server.log.force.sync.num = 128 (default)
2019-09-25 07:04:48,083 [pool-37-thread-1] INFO  server.RaftServerConfigKeys (ConfUtils.java:logGet(43)) - raft.server.log.statemachine.data.sync = true (default)
2019-09-25 07:04:48,083 [pool-37-thread-1] INFO  server.RaftServerConfigKeys (ConfUtils.java:logGet(43)) - raft.server.log.statemachine.data.sync.timeout = 10s (default)
2019-09-25 07:04:48,083 [pool-37-thread-1] INFO  server.RaftServerConfigKeys (ConfUtils.java:logGet(43)) - raft.server.log.statemachine.data.sync.timeout.retry = -1 (default)
2019-09-25 07:04:48,083 [pool-37-thread-1] INFO  server.RaftServerConfigKeys (ConfUtils.java:logGet(43)) - raft.server.log.statemachine.data.caching.enabled = true (custom)
2019-09-25 07:04:48,083 [pool-37-thread-1] INFO  segmented.SegmentedRaftLogWorker (SegmentedRaftLogWorker.java:lambda$new$0(132)) - 62ec8eb9-3ae9-4136-b70a-2caf3716fa7f@group-F9848A4894EC-SegmentedRaftLogWorker: flushIndex: setUnconditionally 0 -> -1
2019-09-25 07:04:48,084 [pool-37-thread-1] INFO  server.RaftServerConfigKeys (ConfUtils.java:logGet(43)) - raft.server.snapshot.auto.trigger.enabled = true (custom)
2019-09-25 07:04:48,084 [pool-37-thread-1] INFO  server.RaftServerConfigKeys (ConfUtils.java:logGet(43)) - raft.server.snapshot.auto.trigger.threshold = 10000 (custom)
2019-09-25 07:04:48,084 [pool-37-thread-1] INFO  server.RaftServerConfigKeys (ConfUtils.java:logGet(43)) - raft.server.snapshot.retention.num.files = 5 (custom)
2019-09-25 07:04:48,084 [pool-37-thread-1] INFO  server.RaftServerConfigKeys (ConfUtils.java:logGet(43)) - raft.server.retrycache.expirytime = 600000ms (custom)
2019-09-25 07:04:48,085 [pool-37-thread-1] INFO  impl.RaftServerImpl (RaftServerImpl.java:start(185)) - 62ec8eb9-3ae9-4136-b70a-2caf3716fa7f@group-F9848A4894EC: start as a follower, conf=-1: [62ec8eb9-3ae9-4136-b70a-2caf3716fa7f:192.168.30.10:44715], old=null
2019-09-25 07:04:48,085 [pool-37-thread-1] INFO  impl.RaftServerImpl (RaftServerImpl.java:setRole(174)) - 62ec8eb9-3ae9-4136-b70a-2caf3716fa7f@group-F9848A4894EC: changes role from      null to FOLLOWER at term 0 for startAsFollower
2019-09-25 07:04:48,086 [pool-37-thread-1] INFO  impl.RoleInfo (RoleInfo.java:updateAndGet(143)) - 62ec8eb9-3ae9-4136-b70a-2caf3716fa7f: start FollowerState
2019-09-25 07:04:48,086 [pool-37-thread-1] INFO  util.JmxRegister (JmxRegister.java:tryRegister(44)) - Successfully registered JMX Bean with object name Ratis:service=RaftServer,group=group-F9848A4894EC,id=62ec8eb9-3ae9-4136-b70a-2caf3716fa7f
2019-09-25 07:04:48,088 [RatisPipelineUtilsThread] INFO  pipeline.PipelineStateManager (PipelineStateManager.java:addPipeline(56)) - Created pipeline Pipeline[ Id: 0ee21b1c-2848-4204-b9b7-f9848a4894ec, Nodes: 62ec8eb9-3ae9-4136-b70a-2caf3716fa7f{ip: 192.168.30.10, host: pr-hdds-1569-s62bp-3040748787, networkLocation: /default-rack, certSerialId: null}, Type:RATIS, Factor:ONE, State:OPEN]
2019-09-25 07:04:48,093 [grpc-default-executor-0] INFO  impl.RaftServerProxy (RaftServerProxy.java:addNew(89)) - 62ec8eb9-3ae9-4136-b70a-2caf3716fa7f: addNew group-3A316764445C:[62ec8eb9-3ae9-4136-b70a-2caf3716fa7f:192.168.30.10:44715] returns group-3A316764445C:java.util.concurrent.CompletableFuture@35115c94[Not completed]
2019-09-25 07:04:48,093 [pool-37-thread-1] INFO  impl.RaftServerImpl (RaftServerImpl.java:<init>(95)) - 62ec8eb9-3ae9-4136-b70a-2caf3716fa7f: new RaftServerImpl for group-3A316764445C:[62ec8eb9-3ae9-4136-b70a-2caf3716fa7f:192.168.30.10:44715] with ContainerStateMachine:uninitialized
2019-09-25 07:04:48,093 [pool-37-thread-1] INFO  server.RaftServerConfigKeys (ConfUtils.java:logGet(43)) - raft.server.rpc.timeout.min = 5s (custom)
2019-09-25 07:04:48,094 [pool-37-thread-1] INFO  server.RaftServerConfigKeys (ConfUtils.java:logGet(43)) - raft.server.rpc.timeout.max = 5200ms (custom)
2019-09-25 07:04:48,094 [pool-37-thread-1] INFO  server.RaftServerConfigKeys (ConfUtils.java:logGet(43)) - raft.server.rpcslowness.timeout = 120s (custom)
2019-09-25 07:04:48,094 [pool-37-thread-1] INFO  server.RaftServerConfigKeys (ConfUtils.java:logGet(43)) - raft.server.sleep.deviation.threshold = 300 (default)
2019-09-25 07:04:48,094 [pool-37-thread-1] INFO  server.RaftServerConfigKeys (ConfUtils.java:logGet(43)) - raft.server.log.appender.install.snapshot.enabled = false (custom)
2019-09-25 07:04:48,094 [pool-37-thread-1] INFO  impl.RaftServerImpl (ServerState.java:<init>(103)) - 62ec8eb9-3ae9-4136-b70a-2caf3716fa7f@group-3A316764445C: ConfigurationManager, init=-1: [62ec8eb9-3ae9-4136-b70a-2caf3716fa7f:192.168.30.10:44715], old=null, confs=<EMPTY_MAP>
2019-09-25 07:04:48,094 [pool-37-thread-1] INFO  server.RaftServerConfigKeys (ConfUtils.java:logGet(43)) - raft.server.storage.dir = [/workdir/hadoop-ozone/integration-test/target/test-dir/MiniOzoneClusterImpl-39af9574-7a8b-4ed7-b830-bf686a3d4bb8/datanode-1/data/ratis] (custom)
2019-09-25 07:04:48,094 [pool-37-thread-1] INFO  storage.RaftStorageDirectory (RaftStorageDirectory.java:analyzeStorage(246)) - The storage directory /workdir/hadoop-ozone/integration-test/target/test-dir/MiniOzoneClusterImpl-39af9574-7a8b-4ed7-b830-bf686a3d4bb8/datanode-1/data/ratis/789c0428-0579-44e2-ba21-3a316764445c does not exist. Creating ...
2019-09-25 07:04:48,099 [pool-37-thread-1] INFO  storage.RaftStorageDirectory (RaftStorageDirectory.java:tryLock(328)) - Lock on /workdir/hadoop-ozone/integration-test/target/test-dir/MiniOzoneClusterImpl-39af9574-7a8b-4ed7-b830-bf686a3d4bb8/datanode-1/data/ratis/789c0428-0579-44e2-ba21-3a316764445c/in_use.lock acquired by nodename 19495@pr-hdds-1569-s62bp-3040748787
2019-09-25 07:04:48,102 [pool-37-thread-1] INFO  storage.RaftStorage (RaftStorage.java:format(72)) - Storage directory /workdir/hadoop-ozone/integration-test/target/test-dir/MiniOzoneClusterImpl-39af9574-7a8b-4ed7-b830-bf686a3d4bb8/datanode-1/data/ratis/789c0428-0579-44e2-ba21-3a316764445c has been successfully formatted.
2019-09-25 07:04:48,103 [pool-37-thread-1] INFO  ratis.ContainerStateMachine (ContainerStateMachine.java:loadSnapshot(230)) - group-3A316764445C: The snapshot info is null. Setting the last applied indexto:(t:0, i:~)
2019-09-25 07:04:48,103 [pool-37-thread-1] INFO  server.RaftServerConfigKeys (ConfUtils.java:logGet(43)) - raft.server.notification.no-leader.timeout = 120s (custom)
2019-09-25 07:04:48,103 [pool-37-thread-1] INFO  server.RaftServerConfigKeys (ConfUtils.java:logGet(43)) - raft.server.log.use.memory = false (default)
2019-09-25 07:04:48,103 [pool-37-thread-1] INFO  server.RaftServerConfigKeys (ConfUtils.java:logGet(43)) - raft.server.log.purge.gap = 1000000 (custom)
2019-09-25 07:04:48,103 [pool-37-thread-1] INFO  server.RaftServerConfigKeys (ConfUtils.java:logGet(43)) - raft.server.log.appender.buffer.byte-limit = 33554432 (custom)
2019-09-25 07:04:48,103 [pool-37-thread-1] INFO  server.RaftServerConfigKeys (ConfUtils.java:logGet(43)) - raft.server.log.segment.size.max = 1048576 (custom)
2019-09-25 07:04:48,103 [pool-37-thread-1] INFO  server.RaftServerConfigKeys (ConfUtils.java:logGet(43)) - raft.server.log.segment.cache.num.max = 2 (custom)
2019-09-25 07:04:48,103 [pool-37-thread-1] INFO  segmented.SegmentedRaftLogWorker (SegmentedRaftLogWorker.java:<init>(172)) - new 62ec8eb9-3ae9-4136-b70a-2caf3716fa7f@group-3A316764445C-SegmentedRaftLogWorker for RaftStorage:Storage Directory /workdir/hadoop-ozone/integration-test/target/test-dir/MiniOzoneClusterImpl-39af9574-7a8b-4ed7-b830-bf686a3d4bb8/datanode-1/data/ratis/789c0428-0579-44e2-ba21-3a316764445c
2019-09-25 07:04:48,104 [pool-37-thread-1] INFO  server.RaftServerConfigKeys (ConfUtils.java:logGet(43)) - raft.server.log.queue.byte-limit = 2147483647 (custom)
2019-09-25 07:04:48,104 [pool-37-thread-1] INFO  server.RaftServerConfigKeys (ConfUtils.java:logGet(43)) - raft.server.log.queue.element-limit = 1024 (custom)
2019-09-25 07:04:48,104 [pool-37-thread-1] INFO  server.RaftServerConfigKeys (ConfUtils.java:logGet(43)) - raft.server.log.segment.size.max = 1048576 (custom)
2019-09-25 07:04:48,104 [pool-37-thread-1] INFO  server.RaftServerConfigKeys (ConfUtils.java:logGet(43)) - raft.server.log.preallocated.size = 16384 (custom)
2019-09-25 07:04:48,104 [pool-37-thread-1] INFO  server.RaftServerConfigKeys (ConfUtils.java:logGet(43)) - raft.server.log.write.buffer.size = 33554432 (custom)
2019-09-25 07:04:48,104 [pool-37-thread-1] INFO  server.RaftServerConfigKeys (ConfUtils.java:logGet(43)) - raft.server.log.force.sync.num = 128 (default)
2019-09-25 07:04:48,104 [pool-37-thread-1] INFO  server.RaftServerConfigKeys (ConfUtils.java:logGet(43)) - raft.server.log.statemachine.data.sync = true (default)
2019-09-25 07:04:48,104 [pool-37-thread-1] INFO  server.RaftServerConfigKeys (ConfUtils.java:logGet(43)) - raft.server.log.statemachine.data.sync.timeout = 10s (default)
2019-09-25 07:04:48,104 [pool-37-thread-1] INFO  server.RaftServerConfigKeys (ConfUtils.java:logGet(43)) - raft.server.log.statemachine.data.sync.timeout.retry = -1 (default)
2019-09-25 07:04:48,104 [pool-37-thread-1] INFO  server.RaftServerConfigKeys (ConfUtils.java:logGet(43)) - raft.server.log.statemachine.data.caching.enabled = true (custom)
2019-09-25 07:04:48,105 [pool-37-thread-1] INFO  segmented.SegmentedRaftLogWorker (SegmentedRaftLogWorker.java:lambda$new$0(132)) - 62ec8eb9-3ae9-4136-b70a-2caf3716fa7f@group-3A316764445C-SegmentedRaftLogWorker: flushIndex: setUnconditionally 0 -> -1
2019-09-25 07:04:48,105 [pool-37-thread-1] INFO  server.RaftServerConfigKeys (ConfUtils.java:logGet(43)) - raft.server.snapshot.auto.trigger.enabled = true (custom)
2019-09-25 07:04:48,105 [pool-37-thread-1] INFO  server.RaftServerConfigKeys (ConfUtils.java:logGet(43)) - raft.server.snapshot.auto.trigger.threshold = 10000 (custom)
2019-09-25 07:04:48,105 [pool-37-thread-1] INFO  server.RaftServerConfigKeys (ConfUtils.java:logGet(43)) - raft.server.snapshot.retention.num.files = 5 (custom)
2019-09-25 07:04:48,105 [pool-37-thread-1] INFO  server.RaftServerConfigKeys (ConfUtils.java:logGet(43)) - raft.server.retrycache.expirytime = 600000ms (custom)
2019-09-25 07:04:48,106 [pool-37-thread-1] INFO  impl.RaftServerImpl (RaftServerImpl.java:start(185)) - 62ec8eb9-3ae9-4136-b70a-2caf3716fa7f@group-3A316764445C: start as a follower, conf=-1: [62ec8eb9-3ae9-4136-b70a-2caf3716fa7f:192.168.30.10:44715], old=null
2019-09-25 07:04:48,107 [pool-37-thread-1] INFO  impl.RaftServerImpl (RaftServerImpl.java:setRole(174)) - 62ec8eb9-3ae9-4136-b70a-2caf3716fa7f@group-3A316764445C: changes role from      null to FOLLOWER at term 0 for startAsFollower
2019-09-25 07:04:48,107 [pool-37-thread-1] INFO  impl.RoleInfo (RoleInfo.java:updateAndGet(143)) - 62ec8eb9-3ae9-4136-b70a-2caf3716fa7f: start FollowerState
2019-09-25 07:04:48,107 [pool-37-thread-1] INFO  util.JmxRegister (JmxRegister.java:tryRegister(44)) - Successfully registered JMX Bean with object name Ratis:service=RaftServer,group=group-3A316764445C,id=62ec8eb9-3ae9-4136-b70a-2caf3716fa7f
2019-09-25 07:04:48,110 [RatisPipelineUtilsThread] INFO  pipeline.PipelineStateManager (PipelineStateManager.java:addPipeline(56)) - Created pipeline Pipeline[ Id: 789c0428-0579-44e2-ba21-3a316764445c, Nodes: 62ec8eb9-3ae9-4136-b70a-2caf3716fa7f{ip: 192.168.30.10, host: pr-hdds-1569-s62bp-3040748787, networkLocation: /default-rack, certSerialId: null}, Type:RATIS, Factor:ONE, State:OPEN]
2019-09-25 07:04:48,114 [grpc-default-executor-0] INFO  impl.RaftServerProxy (RaftServerProxy.java:addNew(89)) - 24bf2945-a329-4da6-aaf2-23ecd8d462c6: addNew group-23572328021B:[24bf2945-a329-4da6-aaf2-23ecd8d462c6:192.168.30.10:42867] returns group-23572328021B:java.util.concurrent.CompletableFuture@6a66ab95[Not completed]
2019-09-25 07:04:48,115 [pool-47-thread-1] INFO  impl.RaftServerImpl (RaftServerImpl.java:<init>(95)) - 24bf2945-a329-4da6-aaf2-23ecd8d462c6: new RaftServerImpl for group-23572328021B:[24bf2945-a329-4da6-aaf2-23ecd8d462c6:192.168.30.10:42867] with ContainerStateMachine:uninitialized
2019-09-25 07:04:48,115 [pool-47-thread-1] INFO  server.RaftServerConfigKeys (ConfUtils.java:logGet(43)) - raft.server.rpc.timeout.min = 5s (custom)
2019-09-25 07:04:48,115 [pool-47-thread-1] INFO  server.RaftServerConfigKeys (ConfUtils.java:logGet(43)) - raft.server.rpc.timeout.max = 5200ms (custom)
2019-09-25 07:04:48,116 [pool-47-thread-1] INFO  server.RaftServerConfigKeys (ConfUtils.java:logGet(43)) - raft.server.rpcslowness.timeout = 120s (custom)
2019-09-25 07:04:48,116 [pool-47-thread-1] INFO  server.RaftServerConfigKeys (ConfUtils.java:logGet(43)) - raft.server.sleep.deviation.threshold = 300 (default)
2019-09-25 07:04:48,116 [pool-47-thread-1] INFO  server.RaftServerConfigKeys (ConfUtils.java:logGet(43)) - raft.server.log.appender.install.snapshot.enabled = false (custom)
2019-09-25 07:04:48,116 [pool-47-thread-1] INFO  impl.RaftServerImpl (ServerState.java:<init>(103)) - 24bf2945-a329-4da6-aaf2-23ecd8d462c6@group-23572328021B: ConfigurationManager, init=-1: [24bf2945-a329-4da6-aaf2-23ecd8d462c6:192.168.30.10:42867], old=null, confs=<EMPTY_MAP>
2019-09-25 07:04:48,116 [pool-47-thread-1] INFO  server.RaftServerConfigKeys (ConfUtils.java:logGet(43)) - raft.server.storage.dir = [/workdir/hadoop-ozone/integration-test/target/test-dir/MiniOzoneClusterImpl-39af9574-7a8b-4ed7-b830-bf686a3d4bb8/datanode-2/data/ratis] (custom)
2019-09-25 07:04:48,116 [pool-47-thread-1] INFO  storage.RaftStorageDirectory (RaftStorageDirectory.java:analyzeStorage(246)) - The storage directory /workdir/hadoop-ozone/integration-test/target/test-dir/MiniOzoneClusterImpl-39af9574-7a8b-4ed7-b830-bf686a3d4bb8/datanode-2/data/ratis/81402fa2-6048-460e-abdd-23572328021b does not exist. Creating ...
2019-09-25 07:04:48,129 [pool-47-thread-1] INFO  storage.RaftStorageDirectory (RaftStorageDirectory.java:tryLock(328)) - Lock on /workdir/hadoop-ozone/integration-test/target/test-dir/MiniOzoneClusterImpl-39af9574-7a8b-4ed7-b830-bf686a3d4bb8/datanode-2/data/ratis/81402fa2-6048-460e-abdd-23572328021b/in_use.lock acquired by nodename 19495@pr-hdds-1569-s62bp-3040748787
2019-09-25 07:04:48,142 [pool-47-thread-1] INFO  storage.RaftStorage (RaftStorage.java:format(72)) - Storage directory /workdir/hadoop-ozone/integration-test/target/test-dir/MiniOzoneClusterImpl-39af9574-7a8b-4ed7-b830-bf686a3d4bb8/datanode-2/data/ratis/81402fa2-6048-460e-abdd-23572328021b has been successfully formatted.
2019-09-25 07:04:48,142 [pool-47-thread-1] INFO  ratis.ContainerStateMachine (ContainerStateMachine.java:loadSnapshot(230)) - group-23572328021B: The snapshot info is null. Setting the last applied indexto:(t:0, i:~)
2019-09-25 07:04:48,142 [pool-47-thread-1] INFO  server.RaftServerConfigKeys (ConfUtils.java:logGet(43)) - raft.server.notification.no-leader.timeout = 120s (custom)
2019-09-25 07:04:48,142 [pool-47-thread-1] INFO  server.RaftServerConfigKeys (ConfUtils.java:logGet(43)) - raft.server.log.use.memory = false (default)
2019-09-25 07:04:48,142 [pool-47-thread-1] INFO  server.RaftServerConfigKeys (ConfUtils.java:logGet(43)) - raft.server.log.purge.gap = 1000000 (custom)
2019-09-25 07:04:48,142 [pool-47-thread-1] INFO  server.RaftServerConfigKeys (ConfUtils.java:logGet(43)) - raft.server.log.appender.buffer.byte-limit = 33554432 (custom)
2019-09-25 07:04:48,142 [pool-47-thread-1] INFO  server.RaftServerConfigKeys (ConfUtils.java:logGet(43)) - raft.server.log.segment.size.max = 1048576 (custom)
2019-09-25 07:04:48,142 [pool-47-thread-1] INFO  server.RaftServerConfigKeys (ConfUtils.java:logGet(43)) - raft.server.log.segment.cache.num.max = 2 (custom)
2019-09-25 07:04:48,143 [pool-47-thread-1] INFO  segmented.SegmentedRaftLogWorker (SegmentedRaftLogWorker.java:<init>(172)) - new 24bf2945-a329-4da6-aaf2-23ecd8d462c6@group-23572328021B-SegmentedRaftLogWorker for RaftStorage:Storage Directory /workdir/hadoop-ozone/integration-test/target/test-dir/MiniOzoneClusterImpl-39af9574-7a8b-4ed7-b830-bf686a3d4bb8/datanode-2/data/ratis/81402fa2-6048-460e-abdd-23572328021b
2019-09-25 07:04:48,143 [pool-47-thread-1] INFO  server.RaftServerConfigKeys (ConfUtils.java:logGet(43)) - raft.server.log.queue.byte-limit = 2147483647 (custom)
2019-09-25 07:04:48,143 [pool-47-thread-1] INFO  server.RaftServerConfigKeys (ConfUtils.java:logGet(43)) - raft.server.log.queue.element-limit = 1024 (custom)
2019-09-25 07:04:48,143 [pool-47-thread-1] INFO  server.RaftServerConfigKeys (ConfUtils.java:logGet(43)) - raft.server.log.segment.size.max = 1048576 (custom)
2019-09-25 07:04:48,143 [pool-47-thread-1] INFO  server.RaftServerConfigKeys (ConfUtils.java:logGet(43)) - raft.server.log.preallocated.size = 16384 (custom)
2019-09-25 07:04:48,143 [pool-47-thread-1] INFO  server.RaftServerConfigKeys (ConfUtils.java:logGet(43)) - raft.server.log.write.buffer.size = 33554432 (custom)
2019-09-25 07:04:48,143 [pool-47-thread-1] INFO  server.RaftServerConfigKeys (ConfUtils.java:logGet(43)) - raft.server.log.force.sync.num = 128 (default)
2019-09-25 07:04:48,143 [pool-47-thread-1] INFO  server.RaftServerConfigKeys (ConfUtils.java:logGet(43)) - raft.server.log.statemachine.data.sync = true (default)
2019-09-25 07:04:48,143 [pool-47-thread-1] INFO  server.RaftServerConfigKeys (ConfUtils.java:logGet(43)) - raft.server.log.statemachine.data.sync.timeout = 10s (default)
2019-09-25 07:04:48,143 [pool-47-thread-1] INFO  server.RaftServerConfigKeys (ConfUtils.java:logGet(43)) - raft.server.log.statemachine.data.sync.timeout.retry = -1 (default)
2019-09-25 07:04:48,144 [pool-47-thread-1] INFO  server.RaftServerConfigKeys (ConfUtils.java:logGet(43)) - raft.server.log.statemachine.data.caching.enabled = true (custom)
2019-09-25 07:04:48,144 [pool-47-thread-1] INFO  segmented.SegmentedRaftLogWorker (SegmentedRaftLogWorker.java:lambda$new$0(132)) - 24bf2945-a329-4da6-aaf2-23ecd8d462c6@group-23572328021B-SegmentedRaftLogWorker: flushIndex: setUnconditionally 0 -> -1
2019-09-25 07:04:48,144 [pool-47-thread-1] INFO  server.RaftServerConfigKeys (ConfUtils.java:logGet(43)) - raft.server.snapshot.auto.trigger.enabled = true (custom)
2019-09-25 07:04:48,144 [pool-47-thread-1] INFO  server.RaftServerConfigKeys (ConfUtils.java:logGet(43)) - raft.server.snapshot.auto.trigger.threshold = 10000 (custom)
2019-09-25 07:04:48,144 [pool-47-thread-1] INFO  server.RaftServerConfigKeys (ConfUtils.java:logGet(43)) - raft.server.snapshot.retention.num.files = 5 (custom)
2019-09-25 07:04:48,144 [pool-47-thread-1] INFO  server.RaftServerConfigKeys (ConfUtils.java:logGet(43)) - raft.server.retrycache.expirytime = 600000ms (custom)
2019-09-25 07:04:48,146 [pool-47-thread-1] INFO  impl.RaftServerImpl (RaftServerImpl.java:start(185)) - 24bf2945-a329-4da6-aaf2-23ecd8d462c6@group-23572328021B: start as a follower, conf=-1: [24bf2945-a329-4da6-aaf2-23ecd8d462c6:192.168.30.10:42867], old=null
2019-09-25 07:04:48,146 [pool-47-thread-1] INFO  impl.RaftServerImpl (RaftServerImpl.java:setRole(174)) - 24bf2945-a329-4da6-aaf2-23ecd8d462c6@group-23572328021B: changes role from      null to FOLLOWER at term 0 for startAsFollower
2019-09-25 07:04:48,146 [pool-47-thread-1] INFO  impl.RoleInfo (RoleInfo.java:updateAndGet(143)) - 24bf2945-a329-4da6-aaf2-23ecd8d462c6: start FollowerState
2019-09-25 07:04:48,147 [pool-47-thread-1] INFO  util.JmxRegister (JmxRegister.java:tryRegister(44)) - Successfully registered JMX Bean with object name Ratis:service=RaftServer,group=group-23572328021B,id=24bf2945-a329-4da6-aaf2-23ecd8d462c6
2019-09-25 07:04:48,149 [RatisPipelineUtilsThread] INFO  pipeline.PipelineStateManager (PipelineStateManager.java:addPipeline(56)) - Created pipeline Pipeline[ Id: 81402fa2-6048-460e-abdd-23572328021b, Nodes: 24bf2945-a329-4da6-aaf2-23ecd8d462c6{ip: 192.168.30.10, host: pr-hdds-1569-s62bp-3040748787, networkLocation: /default-rack, certSerialId: null}, Type:RATIS, Factor:ONE, State:OPEN]
2019-09-25 07:04:48,154 [grpc-default-executor-0] INFO  impl.RaftServerProxy (RaftServerProxy.java:addNew(89)) - 62ec8eb9-3ae9-4136-b70a-2caf3716fa7f: addNew group-8BD09226B55A:[62ec8eb9-3ae9-4136-b70a-2caf3716fa7f:192.168.30.10:44715] returns group-8BD09226B55A:java.util.concurrent.CompletableFuture@6cfb951[Not completed]
2019-09-25 07:04:48,155 [pool-37-thread-1] INFO  impl.RaftServerImpl (RaftServerImpl.java:<init>(95)) - 62ec8eb9-3ae9-4136-b70a-2caf3716fa7f: new RaftServerImpl for group-8BD09226B55A:[62ec8eb9-3ae9-4136-b70a-2caf3716fa7f:192.168.30.10:44715] with ContainerStateMachine:uninitialized
2019-09-25 07:04:48,155 [pool-37-thread-1] INFO  server.RaftServerConfigKeys (ConfUtils.java:logGet(43)) - raft.server.rpc.timeout.min = 5s (custom)
2019-09-25 07:04:48,155 [pool-37-thread-1] INFO  server.RaftServerConfigKeys (ConfUtils.java:logGet(43)) - raft.server.rpc.timeout.max = 5200ms (custom)
2019-09-25 07:04:48,155 [pool-37-thread-1] INFO  server.RaftServerConfigKeys (ConfUtils.java:logGet(43)) - raft.server.rpcslowness.timeout = 120s (custom)
2019-09-25 07:04:48,155 [pool-37-thread-1] INFO  server.RaftServerConfigKeys (ConfUtils.java:logGet(43)) - raft.server.sleep.deviation.threshold = 300 (default)
2019-09-25 07:04:48,155 [pool-37-thread-1] INFO  server.RaftServerConfigKeys (ConfUtils.java:logGet(43)) - raft.server.log.appender.install.snapshot.enabled = false (custom)
2019-09-25 07:04:48,155 [pool-37-thread-1] INFO  impl.RaftServerImpl (ServerState.java:<init>(103)) - 62ec8eb9-3ae9-4136-b70a-2caf3716fa7f@group-8BD09226B55A: ConfigurationManager, init=-1: [62ec8eb9-3ae9-4136-b70a-2caf3716fa7f:192.168.30.10:44715], old=null, confs=<EMPTY_MAP>
2019-09-25 07:04:48,155 [pool-37-thread-1] INFO  server.RaftServerConfigKeys (ConfUtils.java:logGet(43)) - raft.server.storage.dir = [/workdir/hadoop-ozone/integration-test/target/test-dir/MiniOzoneClusterImpl-39af9574-7a8b-4ed7-b830-bf686a3d4bb8/datanode-1/data/ratis] (custom)
2019-09-25 07:04:48,156 [pool-37-thread-1] INFO  storage.RaftStorageDirectory (RaftStorageDirectory.java:analyzeStorage(246)) - The storage directory /workdir/hadoop-ozone/integration-test/target/test-dir/MiniOzoneClusterImpl-39af9574-7a8b-4ed7-b830-bf686a3d4bb8/datanode-1/data/ratis/ea5bb871-2ed4-4274-a257-8bd09226b55a does not exist. Creating ...
2019-09-25 07:04:48,159 [pool-37-thread-1] INFO  storage.RaftStorageDirectory (RaftStorageDirectory.java:tryLock(328)) - Lock on /workdir/hadoop-ozone/integration-test/target/test-dir/MiniOzoneClusterImpl-39af9574-7a8b-4ed7-b830-bf686a3d4bb8/datanode-1/data/ratis/ea5bb871-2ed4-4274-a257-8bd09226b55a/in_use.lock acquired by nodename 19495@pr-hdds-1569-s62bp-3040748787
2019-09-25 07:04:48,162 [pool-37-thread-1] INFO  storage.RaftStorage (RaftStorage.java:format(72)) - Storage directory /workdir/hadoop-ozone/integration-test/target/test-dir/MiniOzoneClusterImpl-39af9574-7a8b-4ed7-b830-bf686a3d4bb8/datanode-1/data/ratis/ea5bb871-2ed4-4274-a257-8bd09226b55a has been successfully formatted.
2019-09-25 07:04:48,162 [pool-37-thread-1] INFO  ratis.ContainerStateMachine (ContainerStateMachine.java:loadSnapshot(230)) - group-8BD09226B55A: The snapshot info is null. Setting the last applied indexto:(t:0, i:~)
2019-09-25 07:04:48,162 [pool-37-thread-1] INFO  server.RaftServerConfigKeys (ConfUtils.java:logGet(43)) - raft.server.notification.no-leader.timeout = 120s (custom)
2019-09-25 07:04:48,162 [pool-37-thread-1] INFO  server.RaftServerConfigKeys (ConfUtils.java:logGet(43)) - raft.server.log.use.memory = false (default)
2019-09-25 07:04:48,162 [pool-37-thread-1] INFO  server.RaftServerConfigKeys (ConfUtils.java:logGet(43)) - raft.server.log.purge.gap = 1000000 (custom)
2019-09-25 07:04:48,162 [pool-37-thread-1] INFO  server.RaftServerConfigKeys (ConfUtils.java:logGet(43)) - raft.server.log.appender.buffer.byte-limit = 33554432 (custom)
2019-09-25 07:04:48,162 [pool-37-thread-1] INFO  server.RaftServerConfigKeys (ConfUtils.java:logGet(43)) - raft.server.log.segment.size.max = 1048576 (custom)
2019-09-25 07:04:48,163 [pool-37-thread-1] INFO  server.RaftServerConfigKeys (ConfUtils.java:logGet(43)) - raft.server.log.segment.cache.num.max = 2 (custom)
2019-09-25 07:04:48,163 [pool-37-thread-1] INFO  segmented.SegmentedRaftLogWorker (SegmentedRaftLogWorker.java:<init>(172)) - new 62ec8eb9-3ae9-4136-b70a-2caf3716fa7f@group-8BD09226B55A-SegmentedRaftLogWorker for RaftStorage:Storage Directory /workdir/hadoop-ozone/integration-test/target/test-dir/MiniOzoneClusterImpl-39af9574-7a8b-4ed7-b830-bf686a3d4bb8/datanode-1/data/ratis/ea5bb871-2ed4-4274-a257-8bd09226b55a
2019-09-25 07:04:48,163 [pool-37-thread-1] INFO  server.RaftServerConfigKeys (ConfUtils.java:logGet(43)) - raft.server.log.queue.byte-limit = 2147483647 (custom)
2019-09-25 07:04:48,163 [pool-37-thread-1] INFO  server.RaftServerConfigKeys (ConfUtils.java:logGet(43)) - raft.server.log.queue.element-limit = 1024 (custom)
2019-09-25 07:04:48,163 [pool-37-thread-1] INFO  server.RaftServerConfigKeys (ConfUtils.java:logGet(43)) - raft.server.log.segment.size.max = 1048576 (custom)
2019-09-25 07:04:48,163 [pool-37-thread-1] INFO  server.RaftServerConfigKeys (ConfUtils.java:logGet(43)) - raft.server.log.preallocated.size = 16384 (custom)
2019-09-25 07:04:48,163 [pool-37-thread-1] INFO  server.RaftServerConfigKeys (ConfUtils.java:logGet(43)) - raft.server.log.write.buffer.size = 33554432 (custom)
2019-09-25 07:04:48,163 [pool-37-thread-1] INFO  server.RaftServerConfigKeys (ConfUtils.java:logGet(43)) - raft.server.log.force.sync.num = 128 (default)
2019-09-25 07:04:48,163 [pool-37-thread-1] INFO  server.RaftServerConfigKeys (ConfUtils.java:logGet(43)) - raft.server.log.statemachine.data.sync = true (default)
2019-09-25 07:04:48,163 [pool-37-thread-1] INFO  server.RaftServerConfigKeys (ConfUtils.java:logGet(43)) - raft.server.log.statemachine.data.sync.timeout = 10s (default)
2019-09-25 07:04:48,163 [pool-37-thread-1] INFO  server.RaftServerConfigKeys (ConfUtils.java:logGet(43)) - raft.server.log.statemachine.data.sync.timeout.retry = -1 (default)
2019-09-25 07:04:48,164 [pool-37-thread-1] INFO  server.RaftServerConfigKeys (ConfUtils.java:logGet(43)) - raft.server.log.statemachine.data.caching.enabled = true (custom)
2019-09-25 07:04:48,164 [pool-37-thread-1] INFO  segmented.SegmentedRaftLogWorker (SegmentedRaftLogWorker.java:lambda$new$0(132)) - 62ec8eb9-3ae9-4136-b70a-2caf3716fa7f@group-8BD09226B55A-SegmentedRaftLogWorker: flushIndex: setUnconditionally 0 -> -1
2019-09-25 07:04:48,164 [pool-37-thread-1] INFO  server.RaftServerConfigKeys (ConfUtils.java:logGet(43)) - raft.server.snapshot.auto.trigger.enabled = true (custom)
2019-09-25 07:04:48,164 [pool-37-thread-1] INFO  server.RaftServerConfigKeys (ConfUtils.java:logGet(43)) - raft.server.snapshot.auto.trigger.threshold = 10000 (custom)
2019-09-25 07:04:48,164 [pool-37-thread-1] INFO  server.RaftServerConfigKeys (ConfUtils.java:logGet(43)) - raft.server.snapshot.retention.num.files = 5 (custom)
2019-09-25 07:04:48,164 [pool-37-thread-1] INFO  server.RaftServerConfigKeys (ConfUtils.java:logGet(43)) - raft.server.retrycache.expirytime = 600000ms (custom)
2019-09-25 07:04:48,166 [pool-37-thread-1] INFO  impl.RaftServerImpl (RaftServerImpl.java:start(185)) - 62ec8eb9-3ae9-4136-b70a-2caf3716fa7f@group-8BD09226B55A: start as a follower, conf=-1: [62ec8eb9-3ae9-4136-b70a-2caf3716fa7f:192.168.30.10:44715], old=null
2019-09-25 07:04:48,166 [pool-37-thread-1] INFO  impl.RaftServerImpl (RaftServerImpl.java:setRole(174)) - 62ec8eb9-3ae9-4136-b70a-2caf3716fa7f@group-8BD09226B55A: changes role from      null to FOLLOWER at term 0 for startAsFollower
2019-09-25 07:04:48,166 [pool-37-thread-1] INFO  impl.RoleInfo (RoleInfo.java:updateAndGet(143)) - 62ec8eb9-3ae9-4136-b70a-2caf3716fa7f: start FollowerState
2019-09-25 07:04:48,166 [pool-37-thread-1] INFO  util.JmxRegister (JmxRegister.java:tryRegister(44)) - Successfully registered JMX Bean with object name Ratis:service=RaftServer,group=group-8BD09226B55A,id=62ec8eb9-3ae9-4136-b70a-2caf3716fa7f
2019-09-25 07:04:48,168 [RatisPipelineUtilsThread] INFO  pipeline.PipelineStateManager (PipelineStateManager.java:addPipeline(56)) - Created pipeline Pipeline[ Id: ea5bb871-2ed4-4274-a257-8bd09226b55a, Nodes: 62ec8eb9-3ae9-4136-b70a-2caf3716fa7f{ip: 192.168.30.10, host: pr-hdds-1569-s62bp-3040748787, networkLocation: /default-rack, certSerialId: null}, Type:RATIS, Factor:ONE, State:OPEN]
2019-09-25 07:04:48,173 [grpc-default-executor-0] INFO  impl.RaftServerProxy (RaftServerProxy.java:addNew(89)) - e568d23f-199e-48ce-91e4-5c166e2e97cd: addNew group-63D2AA3E0585:[e568d23f-199e-48ce-91e4-5c166e2e97cd:192.168.30.10:42827] returns group-63D2AA3E0585:java.util.concurrent.CompletableFuture@9534de1[Not completed]
2019-09-25 07:04:48,175 [pool-27-thread-1] INFO  impl.RaftServerImpl (RaftServerImpl.java:<init>(95)) - e568d23f-199e-48ce-91e4-5c166e2e97cd: new RaftServerImpl for group-63D2AA3E0585:[e568d23f-199e-48ce-91e4-5c166e2e97cd:192.168.30.10:42827] with ContainerStateMachine:uninitialized
2019-09-25 07:04:48,175 [pool-27-thread-1] INFO  server.RaftServerConfigKeys (ConfUtils.java:logGet(43)) - raft.server.rpc.timeout.min = 5s (custom)
2019-09-25 07:04:48,175 [pool-27-thread-1] INFO  server.RaftServerConfigKeys (ConfUtils.java:logGet(43)) - raft.server.rpc.timeout.max = 5200ms (custom)
2019-09-25 07:04:48,175 [pool-27-thread-1] INFO  server.RaftServerConfigKeys (ConfUtils.java:logGet(43)) - raft.server.rpcslowness.timeout = 120s (custom)
2019-09-25 07:04:48,175 [pool-27-thread-1] INFO  server.RaftServerConfigKeys (ConfUtils.java:logGet(43)) - raft.server.sleep.deviation.threshold = 300 (default)
2019-09-25 07:04:48,175 [pool-27-thread-1] INFO  server.RaftServerConfigKeys (ConfUtils.java:logGet(43)) - raft.server.log.appender.install.snapshot.enabled = false (custom)
2019-09-25 07:04:48,175 [pool-27-thread-1] INFO  impl.RaftServerImpl (ServerState.java:<init>(103)) - e568d23f-199e-48ce-91e4-5c166e2e97cd@group-63D2AA3E0585: ConfigurationManager, init=-1: [e568d23f-199e-48ce-91e4-5c166e2e97cd:192.168.30.10:42827], old=null, confs=<EMPTY_MAP>
2019-09-25 07:04:48,176 [pool-27-thread-1] INFO  server.RaftServerConfigKeys (ConfUtils.java:logGet(43)) - raft.server.storage.dir = [/workdir/hadoop-ozone/integration-test/target/test-dir/MiniOzoneClusterImpl-39af9574-7a8b-4ed7-b830-bf686a3d4bb8/datanode-0/data/ratis] (custom)
2019-09-25 07:04:48,176 [pool-27-thread-1] INFO  storage.RaftStorageDirectory (RaftStorageDirectory.java:analyzeStorage(246)) - The storage directory /workdir/hadoop-ozone/integration-test/target/test-dir/MiniOzoneClusterImpl-39af9574-7a8b-4ed7-b830-bf686a3d4bb8/datanode-0/data/ratis/6f8217ad-af67-4bf9-9a1d-63d2aa3e0585 does not exist. Creating ...
2019-09-25 07:04:48,179 [pool-27-thread-1] INFO  storage.RaftStorageDirectory (RaftStorageDirectory.java:tryLock(328)) - Lock on /workdir/hadoop-ozone/integration-test/target/test-dir/MiniOzoneClusterImpl-39af9574-7a8b-4ed7-b830-bf686a3d4bb8/datanode-0/data/ratis/6f8217ad-af67-4bf9-9a1d-63d2aa3e0585/in_use.lock acquired by nodename 19495@pr-hdds-1569-s62bp-3040748787
2019-09-25 07:04:48,184 [pool-27-thread-1] INFO  storage.RaftStorage (RaftStorage.java:format(72)) - Storage directory /workdir/hadoop-ozone/integration-test/target/test-dir/MiniOzoneClusterImpl-39af9574-7a8b-4ed7-b830-bf686a3d4bb8/datanode-0/data/ratis/6f8217ad-af67-4bf9-9a1d-63d2aa3e0585 has been successfully formatted.
2019-09-25 07:04:48,185 [pool-27-thread-1] INFO  ratis.ContainerStateMachine (ContainerStateMachine.java:loadSnapshot(230)) - group-63D2AA3E0585: The snapshot info is null. Setting the last applied indexto:(t:0, i:~)
2019-09-25 07:04:48,185 [pool-27-thread-1] INFO  server.RaftServerConfigKeys (ConfUtils.java:logGet(43)) - raft.server.notification.no-leader.timeout = 120s (custom)
2019-09-25 07:04:48,185 [pool-27-thread-1] INFO  server.RaftServerConfigKeys (ConfUtils.java:logGet(43)) - raft.server.log.use.memory = false (default)
2019-09-25 07:04:48,185 [pool-27-thread-1] INFO  server.RaftServerConfigKeys (ConfUtils.java:logGet(43)) - raft.server.log.purge.gap = 1000000 (custom)
2019-09-25 07:04:48,185 [pool-27-thread-1] INFO  server.RaftServerConfigKeys (ConfUtils.java:logGet(43)) - raft.server.log.appender.buffer.byte-limit = 33554432 (custom)
2019-09-25 07:04:48,185 [pool-27-thread-1] INFO  server.RaftServerConfigKeys (ConfUtils.java:logGet(43)) - raft.server.log.segment.size.max = 1048576 (custom)
2019-09-25 07:04:48,186 [pool-27-thread-1] INFO  server.RaftServerConfigKeys (ConfUtils.java:logGet(43)) - raft.server.log.segment.cache.num.max = 2 (custom)
2019-09-25 07:04:48,186 [pool-27-thread-1] INFO  segmented.SegmentedRaftLogWorker (SegmentedRaftLogWorker.java:<init>(172)) - new e568d23f-199e-48ce-91e4-5c166e2e97cd@group-63D2AA3E0585-SegmentedRaftLogWorker for RaftStorage:Storage Directory /workdir/hadoop-ozone/integration-test/target/test-dir/MiniOzoneClusterImpl-39af9574-7a8b-4ed7-b830-bf686a3d4bb8/datanode-0/data/ratis/6f8217ad-af67-4bf9-9a1d-63d2aa3e0585
2019-09-25 07:04:48,186 [pool-27-thread-1] INFO  server.RaftServerConfigKeys (ConfUtils.java:logGet(43)) - raft.server.log.queue.byte-limit = 2147483647 (custom)
2019-09-25 07:04:48,186 [pool-27-thread-1] INFO  server.RaftServerConfigKeys (ConfUtils.java:logGet(43)) - raft.server.log.queue.element-limit = 1024 (custom)
2019-09-25 07:04:48,186 [pool-27-thread-1] INFO  server.RaftServerConfigKeys (ConfUtils.java:logGet(43)) - raft.server.log.segment.size.max = 1048576 (custom)
2019-09-25 07:04:48,186 [pool-27-thread-1] INFO  server.RaftServerConfigKeys (ConfUtils.java:logGet(43)) - raft.server.log.preallocated.size = 16384 (custom)
2019-09-25 07:04:48,186 [pool-27-thread-1] INFO  server.RaftServerConfigKeys (ConfUtils.java:logGet(43)) - raft.server.log.write.buffer.size = 33554432 (custom)
2019-09-25 07:04:48,187 [pool-27-thread-1] INFO  server.RaftServerConfigKeys (ConfUtils.java:logGet(43)) - raft.server.log.force.sync.num = 128 (default)
2019-09-25 07:04:48,187 [pool-27-thread-1] INFO  server.RaftServerConfigKeys (ConfUtils.java:logGet(43)) - raft.server.log.statemachine.data.sync = true (default)
2019-09-25 07:04:48,187 [pool-27-thread-1] INFO  server.RaftServerConfigKeys (ConfUtils.java:logGet(43)) - raft.server.log.statemachine.data.sync.timeout = 10s (default)
2019-09-25 07:04:48,187 [pool-27-thread-1] INFO  server.RaftServerConfigKeys (ConfUtils.java:logGet(43)) - raft.server.log.statemachine.data.sync.timeout.retry = -1 (default)
2019-09-25 07:04:48,187 [pool-27-thread-1] INFO  server.RaftServerConfigKeys (ConfUtils.java:logGet(43)) - raft.server.log.statemachine.data.caching.enabled = true (custom)
2019-09-25 07:04:48,187 [pool-27-thread-1] INFO  segmented.SegmentedRaftLogWorker (SegmentedRaftLogWorker.java:lambda$new$0(132)) - e568d23f-199e-48ce-91e4-5c166e2e97cd@group-63D2AA3E0585-SegmentedRaftLogWorker: flushIndex: setUnconditionally 0 -> -1
2019-09-25 07:04:48,188 [pool-27-thread-1] INFO  server.RaftServerConfigKeys (ConfUtils.java:logGet(43)) - raft.server.snapshot.auto.trigger.enabled = true (custom)
2019-09-25 07:04:48,188 [pool-27-thread-1] INFO  server.RaftServerConfigKeys (ConfUtils.java:logGet(43)) - raft.server.snapshot.auto.trigger.threshold = 10000 (custom)
2019-09-25 07:04:48,188 [pool-27-thread-1] INFO  server.RaftServerConfigKeys (ConfUtils.java:logGet(43)) - raft.server.snapshot.retention.num.files = 5 (custom)
2019-09-25 07:04:48,188 [pool-27-thread-1] INFO  server.RaftServerConfigKeys (ConfUtils.java:logGet(43)) - raft.server.retrycache.expirytime = 600000ms (custom)
2019-09-25 07:04:48,191 [pool-27-thread-1] INFO  impl.RaftServerImpl (RaftServerImpl.java:start(185)) - e568d23f-199e-48ce-91e4-5c166e2e97cd@group-63D2AA3E0585: start as a follower, conf=-1: [e568d23f-199e-48ce-91e4-5c166e2e97cd:192.168.30.10:42827], old=null
2019-09-25 07:04:48,191 [pool-27-thread-1] INFO  impl.RaftServerImpl (RaftServerImpl.java:setRole(174)) - e568d23f-199e-48ce-91e4-5c166e2e97cd@group-63D2AA3E0585: changes role from      null to FOLLOWER at term 0 for startAsFollower
2019-09-25 07:04:48,191 [pool-27-thread-1] INFO  impl.RoleInfo (RoleInfo.java:updateAndGet(143)) - e568d23f-199e-48ce-91e4-5c166e2e97cd: start FollowerState
2019-09-25 07:04:48,191 [pool-27-thread-1] INFO  util.JmxRegister (JmxRegister.java:tryRegister(44)) - Successfully registered JMX Bean with object name Ratis:service=RaftServer,group=group-63D2AA3E0585,id=e568d23f-199e-48ce-91e4-5c166e2e97cd
2019-09-25 07:04:48,193 [RatisPipelineUtilsThread] INFO  pipeline.PipelineStateManager (PipelineStateManager.java:addPipeline(56)) - Created pipeline Pipeline[ Id: 6f8217ad-af67-4bf9-9a1d-63d2aa3e0585, Nodes: e568d23f-199e-48ce-91e4-5c166e2e97cd{ip: 192.168.30.10, host: pr-hdds-1569-s62bp-3040748787, networkLocation: /default-rack, certSerialId: null}, Type:RATIS, Factor:ONE, State:OPEN]
2019-09-25 07:04:48,198 [grpc-default-executor-0] INFO  impl.RaftServerProxy (RaftServerProxy.java:addNew(89)) - e568d23f-199e-48ce-91e4-5c166e2e97cd: addNew group-8E2ACE353EEA:[e568d23f-199e-48ce-91e4-5c166e2e97cd:192.168.30.10:42827] returns group-8E2ACE353EEA:java.util.concurrent.CompletableFuture@660439e2[Not completed]
2019-09-25 07:04:48,199 [pool-27-thread-1] INFO  impl.RaftServerImpl (RaftServerImpl.java:<init>(95)) - e568d23f-199e-48ce-91e4-5c166e2e97cd: new RaftServerImpl for group-8E2ACE353EEA:[e568d23f-199e-48ce-91e4-5c166e2e97cd:192.168.30.10:42827] with ContainerStateMachine:uninitialized
2019-09-25 07:04:48,199 [pool-27-thread-1] INFO  server.RaftServerConfigKeys (ConfUtils.java:logGet(43)) - raft.server.rpc.timeout.min = 5s (custom)
2019-09-25 07:04:48,200 [pool-27-thread-1] INFO  server.RaftServerConfigKeys (ConfUtils.java:logGet(43)) - raft.server.rpc.timeout.max = 5200ms (custom)
2019-09-25 07:04:48,200 [pool-27-thread-1] INFO  server.RaftServerConfigKeys (ConfUtils.java:logGet(43)) - raft.server.rpcslowness.timeout = 120s (custom)
2019-09-25 07:04:48,200 [pool-27-thread-1] INFO  server.RaftServerConfigKeys (ConfUtils.java:logGet(43)) - raft.server.sleep.deviation.threshold = 300 (default)
2019-09-25 07:04:48,200 [pool-27-thread-1] INFO  server.RaftServerConfigKeys (ConfUtils.java:logGet(43)) - raft.server.log.appender.install.snapshot.enabled = false (custom)
2019-09-25 07:04:48,200 [pool-27-thread-1] INFO  impl.RaftServerImpl (ServerState.java:<init>(103)) - e568d23f-199e-48ce-91e4-5c166e2e97cd@group-8E2ACE353EEA: ConfigurationManager, init=-1: [e568d23f-199e-48ce-91e4-5c166e2e97cd:192.168.30.10:42827], old=null, confs=<EMPTY_MAP>
2019-09-25 07:04:48,200 [pool-27-thread-1] INFO  server.RaftServerConfigKeys (ConfUtils.java:logGet(43)) - raft.server.storage.dir = [/workdir/hadoop-ozone/integration-test/target/test-dir/MiniOzoneClusterImpl-39af9574-7a8b-4ed7-b830-bf686a3d4bb8/datanode-0/data/ratis] (custom)
2019-09-25 07:04:48,201 [pool-27-thread-1] INFO  storage.RaftStorageDirectory (RaftStorageDirectory.java:analyzeStorage(246)) - The storage directory /workdir/hadoop-ozone/integration-test/target/test-dir/MiniOzoneClusterImpl-39af9574-7a8b-4ed7-b830-bf686a3d4bb8/datanode-0/data/ratis/7cd680ca-37cf-4480-b732-8e2ace353eea does not exist. Creating ...
2019-09-25 07:04:48,204 [pool-27-thread-1] INFO  storage.RaftStorageDirectory (RaftStorageDirectory.java:tryLock(328)) - Lock on /workdir/hadoop-ozone/integration-test/target/test-dir/MiniOzoneClusterImpl-39af9574-7a8b-4ed7-b830-bf686a3d4bb8/datanode-0/data/ratis/7cd680ca-37cf-4480-b732-8e2ace353eea/in_use.lock acquired by nodename 19495@pr-hdds-1569-s62bp-3040748787
2019-09-25 07:04:48,207 [pool-27-thread-1] INFO  storage.RaftStorage (RaftStorage.java:format(72)) - Storage directory /workdir/hadoop-ozone/integration-test/target/test-dir/MiniOzoneClusterImpl-39af9574-7a8b-4ed7-b830-bf686a3d4bb8/datanode-0/data/ratis/7cd680ca-37cf-4480-b732-8e2ace353eea has been successfully formatted.
2019-09-25 07:04:48,207 [pool-27-thread-1] INFO  ratis.ContainerStateMachine (ContainerStateMachine.java:loadSnapshot(230)) - group-8E2ACE353EEA: The snapshot info is null. Setting the last applied indexto:(t:0, i:~)
2019-09-25 07:04:48,207 [pool-27-thread-1] INFO  server.RaftServerConfigKeys (ConfUtils.java:logGet(43)) - raft.server.notification.no-leader.timeout = 120s (custom)
2019-09-25 07:04:48,208 [pool-27-thread-1] INFO  server.RaftServerConfigKeys (ConfUtils.java:logGet(43)) - raft.server.log.use.memory = false (default)
2019-09-25 07:04:48,208 [pool-27-thread-1] INFO  server.RaftServerConfigKeys (ConfUtils.java:logGet(43)) - raft.server.log.purge.gap = 1000000 (custom)
2019-09-25 07:04:48,208 [pool-27-thread-1] INFO  server.RaftServerConfigKeys (ConfUtils.java:logGet(43)) - raft.server.log.appender.buffer.byte-limit = 33554432 (custom)
2019-09-25 07:04:48,208 [pool-27-thread-1] INFO  server.RaftServerConfigKeys (ConfUtils.java:logGet(43)) - raft.server.log.segment.size.max = 1048576 (custom)
2019-09-25 07:04:48,208 [pool-27-thread-1] INFO  server.RaftServerConfigKeys (ConfUtils.java:logGet(43)) - raft.server.log.segment.cache.num.max = 2 (custom)
2019-09-25 07:04:48,208 [pool-27-thread-1] INFO  segmented.SegmentedRaftLogWorker (SegmentedRaftLogWorker.java:<init>(172)) - new e568d23f-199e-48ce-91e4-5c166e2e97cd@group-8E2ACE353EEA-SegmentedRaftLogWorker for RaftStorage:Storage Directory /workdir/hadoop-ozone/integration-test/target/test-dir/MiniOzoneClusterImpl-39af9574-7a8b-4ed7-b830-bf686a3d4bb8/datanode-0/data/ratis/7cd680ca-37cf-4480-b732-8e2ace353eea
2019-09-25 07:04:48,208 [pool-27-thread-1] INFO  server.RaftServerConfigKeys (ConfUtils.java:logGet(43)) - raft.server.log.queue.byte-limit = 2147483647 (custom)
2019-09-25 07:04:48,208 [pool-27-thread-1] INFO  server.RaftServerConfigKeys (ConfUtils.java:logGet(43)) - raft.server.log.queue.element-limit = 1024 (custom)
2019-09-25 07:04:48,209 [pool-27-thread-1] INFO  server.RaftServerConfigKeys (ConfUtils.java:logGet(43)) - raft.server.log.segment.size.max = 1048576 (custom)
2019-09-25 07:04:48,209 [pool-27-thread-1] INFO  server.RaftServerConfigKeys (ConfUtils.java:logGet(43)) - raft.server.log.preallocated.size = 16384 (custom)
2019-09-25 07:04:48,209 [pool-27-thread-1] INFO  server.RaftServerConfigKeys (ConfUtils.java:logGet(43)) - raft.server.log.write.buffer.size = 33554432 (custom)
2019-09-25 07:04:48,209 [pool-27-thread-1] INFO  server.RaftServerConfigKeys (ConfUtils.java:logGet(43)) - raft.server.log.force.sync.num = 128 (default)
2019-09-25 07:04:48,209 [pool-27-thread-1] INFO  server.RaftServerConfigKeys (ConfUtils.java:logGet(43)) - raft.server.log.statemachine.data.sync = true (default)
2019-09-25 07:04:48,209 [pool-27-thread-1] INFO  server.RaftServerConfigKeys (ConfUtils.java:logGet(43)) - raft.server.log.statemachine.data.sync.timeout = 10s (default)
2019-09-25 07:04:48,209 [pool-27-thread-1] INFO  server.RaftServerConfigKeys (ConfUtils.java:logGet(43)) - raft.server.log.statemachine.data.sync.timeout.retry = -1 (default)
2019-09-25 07:04:48,210 [pool-27-thread-1] INFO  server.RaftServerConfigKeys (ConfUtils.java:logGet(43)) - raft.server.log.statemachine.data.caching.enabled = true (custom)
2019-09-25 07:04:48,210 [pool-27-thread-1] INFO  segmented.SegmentedRaftLogWorker (SegmentedRaftLogWorker.java:lambda$new$0(132)) - e568d23f-199e-48ce-91e4-5c166e2e97cd@group-8E2ACE353EEA-SegmentedRaftLogWorker: flushIndex: setUnconditionally 0 -> -1
2019-09-25 07:04:48,210 [pool-27-thread-1] INFO  server.RaftServerConfigKeys (ConfUtils.java:logGet(43)) - raft.server.snapshot.auto.trigger.enabled = true (custom)
2019-09-25 07:04:48,210 [pool-27-thread-1] INFO  server.RaftServerConfigKeys (ConfUtils.java:logGet(43)) - raft.server.snapshot.auto.trigger.threshold = 10000 (custom)
2019-09-25 07:04:48,210 [pool-27-thread-1] INFO  server.RaftServerConfigKeys (ConfUtils.java:logGet(43)) - raft.server.snapshot.retention.num.files = 5 (custom)
2019-09-25 07:04:48,211 [pool-27-thread-1] INFO  server.RaftServerConfigKeys (ConfUtils.java:logGet(43)) - raft.server.retrycache.expirytime = 600000ms (custom)
2019-09-25 07:04:48,213 [pool-27-thread-1] INFO  impl.RaftServerImpl (RaftServerImpl.java:start(185)) - e568d23f-199e-48ce-91e4-5c166e2e97cd@group-8E2ACE353EEA: start as a follower, conf=-1: [e568d23f-199e-48ce-91e4-5c166e2e97cd:192.168.30.10:42827], old=null
2019-09-25 07:04:48,213 [pool-27-thread-1] INFO  impl.RaftServerImpl (RaftServerImpl.java:setRole(174)) - e568d23f-199e-48ce-91e4-5c166e2e97cd@group-8E2ACE353EEA: changes role from      null to FOLLOWER at term 0 for startAsFollower
2019-09-25 07:04:48,213 [pool-27-thread-1] INFO  impl.RoleInfo (RoleInfo.java:updateAndGet(143)) - e568d23f-199e-48ce-91e4-5c166e2e97cd: start FollowerState
2019-09-25 07:04:48,214 [pool-27-thread-1] INFO  util.JmxRegister (JmxRegister.java:tryRegister(44)) - Successfully registered JMX Bean with object name Ratis:service=RaftServer,group=group-8E2ACE353EEA,id=e568d23f-199e-48ce-91e4-5c166e2e97cd
2019-09-25 07:04:48,216 [RatisPipelineUtilsThread] INFO  pipeline.PipelineStateManager (PipelineStateManager.java:addPipeline(56)) - Created pipeline Pipeline[ Id: 7cd680ca-37cf-4480-b732-8e2ace353eea, Nodes: e568d23f-199e-48ce-91e4-5c166e2e97cd{ip: 192.168.30.10, host: pr-hdds-1569-s62bp-3040748787, networkLocation: /default-rack, certSerialId: null}, Type:RATIS, Factor:ONE, State:OPEN]
2019-09-25 07:04:48,220 [grpc-default-executor-0] INFO  impl.RaftServerProxy (RaftServerProxy.java:addNew(89)) - 62ec8eb9-3ae9-4136-b70a-2caf3716fa7f: addNew group-49C0B3A0D615:[62ec8eb9-3ae9-4136-b70a-2caf3716fa7f:192.168.30.10:44715] returns group-49C0B3A0D615:java.util.concurrent.CompletableFuture@100de935[Not completed]
2019-09-25 07:04:48,221 [pool-37-thread-1] INFO  impl.RaftServerImpl (RaftServerImpl.java:<init>(95)) - 62ec8eb9-3ae9-4136-b70a-2caf3716fa7f: new RaftServerImpl for group-49C0B3A0D615:[62ec8eb9-3ae9-4136-b70a-2caf3716fa7f:192.168.30.10:44715] with ContainerStateMachine:uninitialized
2019-09-25 07:04:48,222 [pool-37-thread-1] INFO  server.RaftServerConfigKeys (ConfUtils.java:logGet(43)) - raft.server.rpc.timeout.min = 5s (custom)
2019-09-25 07:04:48,222 [pool-37-thread-1] INFO  server.RaftServerConfigKeys (ConfUtils.java:logGet(43)) - raft.server.rpc.timeout.max = 5200ms (custom)
2019-09-25 07:04:48,222 [pool-37-thread-1] INFO  server.RaftServerConfigKeys (ConfUtils.java:logGet(43)) - raft.server.rpcslowness.timeout = 120s (custom)
2019-09-25 07:04:48,222 [pool-37-thread-1] INFO  server.RaftServerConfigKeys (ConfUtils.java:logGet(43)) - raft.server.sleep.deviation.threshold = 300 (default)
2019-09-25 07:04:48,222 [pool-37-thread-1] INFO  server.RaftServerConfigKeys (ConfUtils.java:logGet(43)) - raft.server.log.appender.install.snapshot.enabled = false (custom)
2019-09-25 07:04:48,222 [pool-37-thread-1] INFO  impl.RaftServerImpl (ServerState.java:<init>(103)) - 62ec8eb9-3ae9-4136-b70a-2caf3716fa7f@group-49C0B3A0D615: ConfigurationManager, init=-1: [62ec8eb9-3ae9-4136-b70a-2caf3716fa7f:192.168.30.10:44715], old=null, confs=<EMPTY_MAP>
2019-09-25 07:04:48,222 [pool-37-thread-1] INFO  server.RaftServerConfigKeys (ConfUtils.java:logGet(43)) - raft.server.storage.dir = [/workdir/hadoop-ozone/integration-test/target/test-dir/MiniOzoneClusterImpl-39af9574-7a8b-4ed7-b830-bf686a3d4bb8/datanode-1/data/ratis] (custom)
2019-09-25 07:04:48,222 [pool-37-thread-1] INFO  storage.RaftStorageDirectory (RaftStorageDirectory.java:analyzeStorage(246)) - The storage directory /workdir/hadoop-ozone/integration-test/target/test-dir/MiniOzoneClusterImpl-39af9574-7a8b-4ed7-b830-bf686a3d4bb8/datanode-1/data/ratis/b0dae69b-6d03-43b9-a969-49c0b3a0d615 does not exist. Creating ...
2019-09-25 07:04:48,225 [pool-37-thread-1] INFO  storage.RaftStorageDirectory (RaftStorageDirectory.java:tryLock(328)) - Lock on /workdir/hadoop-ozone/integration-test/target/test-dir/MiniOzoneClusterImpl-39af9574-7a8b-4ed7-b830-bf686a3d4bb8/datanode-1/data/ratis/b0dae69b-6d03-43b9-a969-49c0b3a0d615/in_use.lock acquired by nodename 19495@pr-hdds-1569-s62bp-3040748787
2019-09-25 07:04:48,228 [pool-37-thread-1] INFO  storage.RaftStorage (RaftStorage.java:format(72)) - Storage directory /workdir/hadoop-ozone/integration-test/target/test-dir/MiniOzoneClusterImpl-39af9574-7a8b-4ed7-b830-bf686a3d4bb8/datanode-1/data/ratis/b0dae69b-6d03-43b9-a969-49c0b3a0d615 has been successfully formatted.
2019-09-25 07:04:48,229 [pool-37-thread-1] INFO  ratis.ContainerStateMachine (ContainerStateMachine.java:loadSnapshot(230)) - group-49C0B3A0D615: The snapshot info is null. Setting the last applied indexto:(t:0, i:~)
2019-09-25 07:04:48,229 [pool-37-thread-1] INFO  server.RaftServerConfigKeys (ConfUtils.java:logGet(43)) - raft.server.notification.no-leader.timeout = 120s (custom)
2019-09-25 07:04:48,229 [pool-37-thread-1] INFO  server.RaftServerConfigKeys (ConfUtils.java:logGet(43)) - raft.server.log.use.memory = false (default)
2019-09-25 07:04:48,229 [pool-37-thread-1] INFO  server.RaftServerConfigKeys (ConfUtils.java:logGet(43)) - raft.server.log.purge.gap = 1000000 (custom)
2019-09-25 07:04:48,229 [pool-37-thread-1] INFO  server.RaftServerConfigKeys (ConfUtils.java:logGet(43)) - raft.server.log.appender.buffer.byte-limit = 33554432 (custom)
2019-09-25 07:04:48,229 [pool-37-thread-1] INFO  server.RaftServerConfigKeys (ConfUtils.java:logGet(43)) - raft.server.log.segment.size.max = 1048576 (custom)
2019-09-25 07:04:48,229 [pool-37-thread-1] INFO  server.RaftServerConfigKeys (ConfUtils.java:logGet(43)) - raft.server.log.segment.cache.num.max = 2 (custom)
2019-09-25 07:04:48,229 [pool-37-thread-1] INFO  segmented.SegmentedRaftLogWorker (SegmentedRaftLogWorker.java:<init>(172)) - new 62ec8eb9-3ae9-4136-b70a-2caf3716fa7f@group-49C0B3A0D615-SegmentedRaftLogWorker for RaftStorage:Storage Directory /workdir/hadoop-ozone/integration-test/target/test-dir/MiniOzoneClusterImpl-39af9574-7a8b-4ed7-b830-bf686a3d4bb8/datanode-1/data/ratis/b0dae69b-6d03-43b9-a969-49c0b3a0d615
2019-09-25 07:04:48,229 [pool-37-thread-1] INFO  server.RaftServerConfigKeys (ConfUtils.java:logGet(43)) - raft.server.log.queue.byte-limit = 2147483647 (custom)
2019-09-25 07:04:48,229 [pool-37-thread-1] INFO  server.RaftServerConfigKeys (ConfUtils.java:logGet(43)) - raft.server.log.queue.element-limit = 1024 (custom)
2019-09-25 07:04:48,229 [pool-37-thread-1] INFO  server.RaftServerConfigKeys (ConfUtils.java:logGet(43)) - raft.server.log.segment.size.max = 1048576 (custom)
2019-09-25 07:04:48,229 [pool-37-thread-1] INFO  server.RaftServerConfigKeys (ConfUtils.java:logGet(43)) - raft.server.log.preallocated.size = 16384 (custom)
2019-09-25 07:04:48,229 [pool-37-thread-1] INFO  server.RaftServerConfigKeys (ConfUtils.java:logGet(43)) - raft.server.log.write.buffer.size = 33554432 (custom)
2019-09-25 07:04:48,230 [pool-37-thread-1] INFO  server.RaftServerConfigKeys (ConfUtils.java:logGet(43)) - raft.server.log.force.sync.num = 128 (default)
2019-09-25 07:04:48,230 [pool-37-thread-1] INFO  server.RaftServerConfigKeys (ConfUtils.java:logGet(43)) - raft.server.log.statemachine.data.sync = true (default)
2019-09-25 07:04:48,230 [pool-37-thread-1] INFO  server.RaftServerConfigKeys (ConfUtils.java:logGet(43)) - raft.server.log.statemachine.data.sync.timeout = 10s (default)
2019-09-25 07:04:48,230 [pool-37-thread-1] INFO  server.RaftServerConfigKeys (ConfUtils.java:logGet(43)) - raft.server.log.statemachine.data.sync.timeout.retry = -1 (default)
2019-09-25 07:04:48,230 [pool-37-thread-1] INFO  server.RaftServerConfigKeys (ConfUtils.java:logGet(43)) - raft.server.log.statemachine.data.caching.enabled = true (custom)
2019-09-25 07:04:48,230 [pool-37-thread-1] INFO  segmented.SegmentedRaftLogWorker (SegmentedRaftLogWorker.java:lambda$new$0(132)) - 62ec8eb9-3ae9-4136-b70a-2caf3716fa7f@group-49C0B3A0D615-SegmentedRaftLogWorker: flushIndex: setUnconditionally 0 -> -1
2019-09-25 07:04:48,230 [pool-37-thread-1] INFO  server.RaftServerConfigKeys (ConfUtils.java:logGet(43)) - raft.server.snapshot.auto.trigger.enabled = true (custom)
2019-09-25 07:04:48,230 [pool-37-thread-1] INFO  server.RaftServerConfigKeys (ConfUtils.java:logGet(43)) - raft.server.snapshot.auto.trigger.threshold = 10000 (custom)
2019-09-25 07:04:48,230 [pool-37-thread-1] INFO  server.RaftServerConfigKeys (ConfUtils.java:logGet(43)) - raft.server.snapshot.retention.num.files = 5 (custom)
2019-09-25 07:04:48,231 [pool-37-thread-1] INFO  server.RaftServerConfigKeys (ConfUtils.java:logGet(43)) - raft.server.retrycache.expirytime = 600000ms (custom)
2019-09-25 07:04:48,232 [pool-37-thread-1] INFO  impl.RaftServerImpl (RaftServerImpl.java:start(185)) - 62ec8eb9-3ae9-4136-b70a-2caf3716fa7f@group-49C0B3A0D615: start as a follower, conf=-1: [62ec8eb9-3ae9-4136-b70a-2caf3716fa7f:192.168.30.10:44715], old=null
2019-09-25 07:04:48,232 [pool-37-thread-1] INFO  impl.RaftServerImpl (RaftServerImpl.java:setRole(174)) - 62ec8eb9-3ae9-4136-b70a-2caf3716fa7f@group-49C0B3A0D615: changes role from      null to FOLLOWER at term 0 for startAsFollower
2019-09-25 07:04:48,232 [pool-37-thread-1] INFO  impl.RoleInfo (RoleInfo.java:updateAndGet(143)) - 62ec8eb9-3ae9-4136-b70a-2caf3716fa7f: start FollowerState
2019-09-25 07:04:48,233 [pool-37-thread-1] INFO  util.JmxRegister (JmxRegister.java:tryRegister(44)) - Successfully registered JMX Bean with object name Ratis:service=RaftServer,group=group-49C0B3A0D615,id=62ec8eb9-3ae9-4136-b70a-2caf3716fa7f
2019-09-25 07:04:48,235 [RatisPipelineUtilsThread] INFO  pipeline.PipelineStateManager (PipelineStateManager.java:addPipeline(56)) - Created pipeline Pipeline[ Id: b0dae69b-6d03-43b9-a969-49c0b3a0d615, Nodes: 62ec8eb9-3ae9-4136-b70a-2caf3716fa7f{ip: 192.168.30.10, host: pr-hdds-1569-s62bp-3040748787, networkLocation: /default-rack, certSerialId: null}, Type:RATIS, Factor:ONE, State:OPEN]
2019-09-25 07:04:48,239 [grpc-default-executor-0] INFO  impl.RaftServerProxy (RaftServerProxy.java:addNew(89)) - 62ec8eb9-3ae9-4136-b70a-2caf3716fa7f: addNew group-2E596BF0304E:[62ec8eb9-3ae9-4136-b70a-2caf3716fa7f:192.168.30.10:44715] returns group-2E596BF0304E:java.util.concurrent.CompletableFuture@1ac7ff1d[Not completed]
2019-09-25 07:04:48,240 [pool-37-thread-1] INFO  impl.RaftServerImpl (RaftServerImpl.java:<init>(95)) - 62ec8eb9-3ae9-4136-b70a-2caf3716fa7f: new RaftServerImpl for group-2E596BF0304E:[62ec8eb9-3ae9-4136-b70a-2caf3716fa7f:192.168.30.10:44715] with ContainerStateMachine:uninitialized
2019-09-25 07:04:48,240 [pool-37-thread-1] INFO  server.RaftServerConfigKeys (ConfUtils.java:logGet(43)) - raft.server.rpc.timeout.min = 5s (custom)
2019-09-25 07:04:48,240 [pool-37-thread-1] INFO  server.RaftServerConfigKeys (ConfUtils.java:logGet(43)) - raft.server.rpc.timeout.max = 5200ms (custom)
2019-09-25 07:04:48,240 [pool-37-thread-1] INFO  server.RaftServerConfigKeys (ConfUtils.java:logGet(43)) - raft.server.rpcslowness.timeout = 120s (custom)
2019-09-25 07:04:48,240 [pool-37-thread-1] INFO  server.RaftServerConfigKeys (ConfUtils.java:logGet(43)) - raft.server.sleep.deviation.threshold = 300 (default)
2019-09-25 07:04:48,240 [pool-37-thread-1] INFO  server.RaftServerConfigKeys (ConfUtils.java:logGet(43)) - raft.server.log.appender.install.snapshot.enabled = false (custom)
2019-09-25 07:04:48,240 [pool-37-thread-1] INFO  impl.RaftServerImpl (ServerState.java:<init>(103)) - 62ec8eb9-3ae9-4136-b70a-2caf3716fa7f@group-2E596BF0304E: ConfigurationManager, init=-1: [62ec8eb9-3ae9-4136-b70a-2caf3716fa7f:192.168.30.10:44715], old=null, confs=<EMPTY_MAP>
2019-09-25 07:04:48,241 [pool-37-thread-1] INFO  server.RaftServerConfigKeys (ConfUtils.java:logGet(43)) - raft.server.storage.dir = [/workdir/hadoop-ozone/integration-test/target/test-dir/MiniOzoneClusterImpl-39af9574-7a8b-4ed7-b830-bf686a3d4bb8/datanode-1/data/ratis] (custom)
2019-09-25 07:04:48,241 [pool-37-thread-1] INFO  storage.RaftStorageDirectory (RaftStorageDirectory.java:analyzeStorage(246)) - The storage directory /workdir/hadoop-ozone/integration-test/target/test-dir/MiniOzoneClusterImpl-39af9574-7a8b-4ed7-b830-bf686a3d4bb8/datanode-1/data/ratis/ef0625dc-59a5-4c89-af7b-2e596bf0304e does not exist. Creating ...
2019-09-25 07:04:48,246 [pool-37-thread-1] INFO  storage.RaftStorageDirectory (RaftStorageDirectory.java:tryLock(328)) - Lock on /workdir/hadoop-ozone/integration-test/target/test-dir/MiniOzoneClusterImpl-39af9574-7a8b-4ed7-b830-bf686a3d4bb8/datanode-1/data/ratis/ef0625dc-59a5-4c89-af7b-2e596bf0304e/in_use.lock acquired by nodename 19495@pr-hdds-1569-s62bp-3040748787
2019-09-25 07:04:48,249 [pool-37-thread-1] INFO  storage.RaftStorage (RaftStorage.java:format(72)) - Storage directory /workdir/hadoop-ozone/integration-test/target/test-dir/MiniOzoneClusterImpl-39af9574-7a8b-4ed7-b830-bf686a3d4bb8/datanode-1/data/ratis/ef0625dc-59a5-4c89-af7b-2e596bf0304e has been successfully formatted.
2019-09-25 07:04:48,249 [pool-37-thread-1] INFO  ratis.ContainerStateMachine (ContainerStateMachine.java:loadSnapshot(230)) - group-2E596BF0304E: The snapshot info is null. Setting the last applied indexto:(t:0, i:~)
2019-09-25 07:04:48,249 [pool-37-thread-1] INFO  server.RaftServerConfigKeys (ConfUtils.java:logGet(43)) - raft.server.notification.no-leader.timeout = 120s (custom)
2019-09-25 07:04:48,249 [pool-37-thread-1] INFO  server.RaftServerConfigKeys (ConfUtils.java:logGet(43)) - raft.server.log.use.memory = false (default)
2019-09-25 07:04:48,249 [pool-37-thread-1] INFO  server.RaftServerConfigKeys (ConfUtils.java:logGet(43)) - raft.server.log.purge.gap = 1000000 (custom)
2019-09-25 07:04:48,249 [pool-37-thread-1] INFO  server.RaftServerConfigKeys (ConfUtils.java:logGet(43)) - raft.server.log.appender.buffer.byte-limit = 33554432 (custom)
2019-09-25 07:04:48,249 [pool-37-thread-1] INFO  server.RaftServerConfigKeys (ConfUtils.java:logGet(43)) - raft.server.log.segment.size.max = 1048576 (custom)
2019-09-25 07:04:48,249 [pool-37-thread-1] INFO  server.RaftServerConfigKeys (ConfUtils.java:logGet(43)) - raft.server.log.segment.cache.num.max = 2 (custom)
2019-09-25 07:04:48,249 [pool-37-thread-1] INFO  segmented.SegmentedRaftLogWorker (SegmentedRaftLogWorker.java:<init>(172)) - new 62ec8eb9-3ae9-4136-b70a-2caf3716fa7f@group-2E596BF0304E-SegmentedRaftLogWorker for RaftStorage:Storage Directory /workdir/hadoop-ozone/integration-test/target/test-dir/MiniOzoneClusterImpl-39af9574-7a8b-4ed7-b830-bf686a3d4bb8/datanode-1/data/ratis/ef0625dc-59a5-4c89-af7b-2e596bf0304e
2019-09-25 07:04:48,249 [pool-37-thread-1] INFO  server.RaftServerConfigKeys (ConfUtils.java:logGet(43)) - raft.server.log.queue.byte-limit = 2147483647 (custom)
2019-09-25 07:04:48,249 [pool-37-thread-1] INFO  server.RaftServerConfigKeys (ConfUtils.java:logGet(43)) - raft.server.log.queue.element-limit = 1024 (custom)
2019-09-25 07:04:48,250 [pool-37-thread-1] INFO  server.RaftServerConfigKeys (ConfUtils.java:logGet(43)) - raft.server.log.segment.size.max = 1048576 (custom)
2019-09-25 07:04:48,250 [pool-37-thread-1] INFO  server.RaftServerConfigKeys (ConfUtils.java:logGet(43)) - raft.server.log.preallocated.size = 16384 (custom)
2019-09-25 07:04:48,250 [pool-37-thread-1] INFO  server.RaftServerConfigKeys (ConfUtils.java:logGet(43)) - raft.server.log.write.buffer.size = 33554432 (custom)
2019-09-25 07:04:48,250 [pool-37-thread-1] INFO  server.RaftServerConfigKeys (ConfUtils.java:logGet(43)) - raft.server.log.force.sync.num = 128 (default)
2019-09-25 07:04:48,250 [pool-37-thread-1] INFO  server.RaftServerConfigKeys (ConfUtils.java:logGet(43)) - raft.server.log.statemachine.data.sync = true (default)
2019-09-25 07:04:48,250 [pool-37-thread-1] INFO  server.RaftServerConfigKeys (ConfUtils.java:logGet(43)) - raft.server.log.statemachine.data.sync.timeout = 10s (default)
2019-09-25 07:04:48,250 [pool-37-thread-1] INFO  server.RaftServerConfigKeys (ConfUtils.java:logGet(43)) - raft.server.log.statemachine.data.sync.timeout.retry = -1 (default)
2019-09-25 07:04:48,250 [pool-37-thread-1] INFO  server.RaftServerConfigKeys (ConfUtils.java:logGet(43)) - raft.server.log.statemachine.data.caching.enabled = true (custom)
2019-09-25 07:04:48,250 [pool-37-thread-1] INFO  segmented.SegmentedRaftLogWorker (SegmentedRaftLogWorker.java:lambda$new$0(132)) - 62ec8eb9-3ae9-4136-b70a-2caf3716fa7f@group-2E596BF0304E-SegmentedRaftLogWorker: flushIndex: setUnconditionally 0 -> -1
2019-09-25 07:04:48,250 [pool-37-thread-1] INFO  server.RaftServerConfigKeys (ConfUtils.java:logGet(43)) - raft.server.snapshot.auto.trigger.enabled = true (custom)
2019-09-25 07:04:48,251 [pool-37-thread-1] INFO  server.RaftServerConfigKeys (ConfUtils.java:logGet(43)) - raft.server.snapshot.auto.trigger.threshold = 10000 (custom)
2019-09-25 07:04:48,251 [pool-37-thread-1] INFO  server.RaftServerConfigKeys (ConfUtils.java:logGet(43)) - raft.server.snapshot.retention.num.files = 5 (custom)
2019-09-25 07:04:48,251 [pool-37-thread-1] INFO  server.RaftServerConfigKeys (ConfUtils.java:logGet(43)) - raft.server.retrycache.expirytime = 600000ms (custom)
2019-09-25 07:04:48,252 [pool-37-thread-1] INFO  impl.RaftServerImpl (RaftServerImpl.java:start(185)) - 62ec8eb9-3ae9-4136-b70a-2caf3716fa7f@group-2E596BF0304E: start as a follower, conf=-1: [62ec8eb9-3ae9-4136-b70a-2caf3716fa7f:192.168.30.10:44715], old=null
2019-09-25 07:04:48,252 [pool-37-thread-1] INFO  impl.RaftServerImpl (RaftServerImpl.java:setRole(174)) - 62ec8eb9-3ae9-4136-b70a-2caf3716fa7f@group-2E596BF0304E: changes role from      null to FOLLOWER at term 0 for startAsFollower
2019-09-25 07:04:48,252 [pool-37-thread-1] INFO  impl.RoleInfo (RoleInfo.java:updateAndGet(143)) - 62ec8eb9-3ae9-4136-b70a-2caf3716fa7f: start FollowerState
2019-09-25 07:04:48,253 [pool-37-thread-1] INFO  util.JmxRegister (JmxRegister.java:tryRegister(44)) - Successfully registered JMX Bean with object name Ratis:service=RaftServer,group=group-2E596BF0304E,id=62ec8eb9-3ae9-4136-b70a-2caf3716fa7f
2019-09-25 07:04:48,255 [RatisPipelineUtilsThread] INFO  pipeline.PipelineStateManager (PipelineStateManager.java:addPipeline(56)) - Created pipeline Pipeline[ Id: ef0625dc-59a5-4c89-af7b-2e596bf0304e, Nodes: 62ec8eb9-3ae9-4136-b70a-2caf3716fa7f{ip: 192.168.30.10, host: pr-hdds-1569-s62bp-3040748787, networkLocation: /default-rack, certSerialId: null}, Type:RATIS, Factor:ONE, State:OPEN]
2019-09-25 07:04:48,260 [grpc-default-executor-0] INFO  impl.RaftServerProxy (RaftServerProxy.java:addNew(89)) - 24bf2945-a329-4da6-aaf2-23ecd8d462c6: addNew group-F84487B1973B:[24bf2945-a329-4da6-aaf2-23ecd8d462c6:192.168.30.10:42867] returns group-F84487B1973B:java.util.concurrent.CompletableFuture@72cee5c2[Not completed]
2019-09-25 07:04:48,261 [pool-47-thread-1] INFO  impl.RaftServerImpl (RaftServerImpl.java:<init>(95)) - 24bf2945-a329-4da6-aaf2-23ecd8d462c6: new RaftServerImpl for group-F84487B1973B:[24bf2945-a329-4da6-aaf2-23ecd8d462c6:192.168.30.10:42867] with ContainerStateMachine:uninitialized
2019-09-25 07:04:48,262 [pool-47-thread-1] INFO  server.RaftServerConfigKeys (ConfUtils.java:logGet(43)) - raft.server.rpc.timeout.min = 5s (custom)
2019-09-25 07:04:48,262 [pool-47-thread-1] INFO  server.RaftServerConfigKeys (ConfUtils.java:logGet(43)) - raft.server.rpc.timeout.max = 5200ms (custom)
2019-09-25 07:04:48,262 [pool-47-thread-1] INFO  server.RaftServerConfigKeys (ConfUtils.java:logGet(43)) - raft.server.rpcslowness.timeout = 120s (custom)
2019-09-25 07:04:48,262 [pool-47-thread-1] INFO  server.RaftServerConfigKeys (ConfUtils.java:logGet(43)) - raft.server.sleep.deviation.threshold = 300 (default)
2019-09-25 07:04:48,262 [pool-47-thread-1] INFO  server.RaftServerConfigKeys (ConfUtils.java:logGet(43)) - raft.server.log.appender.install.snapshot.enabled = false (custom)
2019-09-25 07:04:48,262 [pool-47-thread-1] INFO  impl.RaftServerImpl (ServerState.java:<init>(103)) - 24bf2945-a329-4da6-aaf2-23ecd8d462c6@group-F84487B1973B: ConfigurationManager, init=-1: [24bf2945-a329-4da6-aaf2-23ecd8d462c6:192.168.30.10:42867], old=null, confs=<EMPTY_MAP>
2019-09-25 07:04:48,262 [pool-47-thread-1] INFO  server.RaftServerConfigKeys (ConfUtils.java:logGet(43)) - raft.server.storage.dir = [/workdir/hadoop-ozone/integration-test/target/test-dir/MiniOzoneClusterImpl-39af9574-7a8b-4ed7-b830-bf686a3d4bb8/datanode-2/data/ratis] (custom)
2019-09-25 07:04:48,263 [pool-47-thread-1] INFO  storage.RaftStorageDirectory (RaftStorageDirectory.java:analyzeStorage(246)) - The storage directory /workdir/hadoop-ozone/integration-test/target/test-dir/MiniOzoneClusterImpl-39af9574-7a8b-4ed7-b830-bf686a3d4bb8/datanode-2/data/ratis/bba1ed19-ea8a-424f-bc4f-f84487b1973b does not exist. Creating ...
2019-09-25 07:04:48,266 [pool-47-thread-1] INFO  storage.RaftStorageDirectory (RaftStorageDirectory.java:tryLock(328)) - Lock on /workdir/hadoop-ozone/integration-test/target/test-dir/MiniOzoneClusterImpl-39af9574-7a8b-4ed7-b830-bf686a3d4bb8/datanode-2/data/ratis/bba1ed19-ea8a-424f-bc4f-f84487b1973b/in_use.lock acquired by nodename 19495@pr-hdds-1569-s62bp-3040748787
2019-09-25 07:04:48,270 [pool-47-thread-1] INFO  storage.RaftStorage (RaftStorage.java:format(72)) - Storage directory /workdir/hadoop-ozone/integration-test/target/test-dir/MiniOzoneClusterImpl-39af9574-7a8b-4ed7-b830-bf686a3d4bb8/datanode-2/data/ratis/bba1ed19-ea8a-424f-bc4f-f84487b1973b has been successfully formatted.
2019-09-25 07:04:48,270 [pool-47-thread-1] INFO  ratis.ContainerStateMachine (ContainerStateMachine.java:loadSnapshot(230)) - group-F84487B1973B: The snapshot info is null. Setting the last applied indexto:(t:0, i:~)
2019-09-25 07:04:48,270 [pool-47-thread-1] INFO  server.RaftServerConfigKeys (ConfUtils.java:logGet(43)) - raft.server.notification.no-leader.timeout = 120s (custom)
2019-09-25 07:04:48,270 [pool-47-thread-1] INFO  server.RaftServerConfigKeys (ConfUtils.java:logGet(43)) - raft.server.log.use.memory = false (default)
2019-09-25 07:04:48,270 [pool-47-thread-1] INFO  server.RaftServerConfigKeys (ConfUtils.java:logGet(43)) - raft.server.log.purge.gap = 1000000 (custom)
2019-09-25 07:04:48,270 [pool-47-thread-1] INFO  server.RaftServerConfigKeys (ConfUtils.java:logGet(43)) - raft.server.log.appender.buffer.byte-limit = 33554432 (custom)
2019-09-25 07:04:48,271 [pool-47-thread-1] INFO  server.RaftServerConfigKeys (ConfUtils.java:logGet(43)) - raft.server.log.segment.size.max = 1048576 (custom)
2019-09-25 07:04:48,271 [pool-47-thread-1] INFO  server.RaftServerConfigKeys (ConfUtils.java:logGet(43)) - raft.server.log.segment.cache.num.max = 2 (custom)
2019-09-25 07:04:48,271 [pool-47-thread-1] INFO  segmented.SegmentedRaftLogWorker (SegmentedRaftLogWorker.java:<init>(172)) - new 24bf2945-a329-4da6-aaf2-23ecd8d462c6@group-F84487B1973B-SegmentedRaftLogWorker for RaftStorage:Storage Directory /workdir/hadoop-ozone/integration-test/target/test-dir/MiniOzoneClusterImpl-39af9574-7a8b-4ed7-b830-bf686a3d4bb8/datanode-2/data/ratis/bba1ed19-ea8a-424f-bc4f-f84487b1973b
2019-09-25 07:04:48,271 [pool-47-thread-1] INFO  server.RaftServerConfigKeys (ConfUtils.java:logGet(43)) - raft.server.log.queue.byte-limit = 2147483647 (custom)
2019-09-25 07:04:48,271 [pool-47-thread-1] INFO  server.RaftServerConfigKeys (ConfUtils.java:logGet(43)) - raft.server.log.queue.element-limit = 1024 (custom)
2019-09-25 07:04:48,271 [pool-47-thread-1] INFO  server.RaftServerConfigKeys (ConfUtils.java:logGet(43)) - raft.server.log.segment.size.max = 1048576 (custom)
2019-09-25 07:04:48,272 [pool-47-thread-1] INFO  server.RaftServerConfigKeys (ConfUtils.java:logGet(43)) - raft.server.log.preallocated.size = 16384 (custom)
2019-09-25 07:04:48,272 [pool-47-thread-1] INFO  server.RaftServerConfigKeys (ConfUtils.java:logGet(43)) - raft.server.log.write.buffer.size = 33554432 (custom)
2019-09-25 07:04:48,272 [pool-47-thread-1] INFO  server.RaftServerConfigKeys (ConfUtils.java:logGet(43)) - raft.server.log.force.sync.num = 128 (default)
2019-09-25 07:04:48,272 [pool-47-thread-1] INFO  server.RaftServerConfigKeys (ConfUtils.java:logGet(43)) - raft.server.log.statemachine.data.sync = true (default)
2019-09-25 07:04:48,272 [pool-47-thread-1] INFO  server.RaftServerConfigKeys (ConfUtils.java:logGet(43)) - raft.server.log.statemachine.data.sync.timeout = 10s (default)
2019-09-25 07:04:48,272 [pool-47-thread-1] INFO  server.RaftServerConfigKeys (ConfUtils.java:logGet(43)) - raft.server.log.statemachine.data.sync.timeout.retry = -1 (default)
2019-09-25 07:04:48,272 [pool-47-thread-1] INFO  server.RaftServerConfigKeys (ConfUtils.java:logGet(43)) - raft.server.log.statemachine.data.caching.enabled = true (custom)
2019-09-25 07:04:48,273 [pool-47-thread-1] INFO  segmented.SegmentedRaftLogWorker (SegmentedRaftLogWorker.java:lambda$new$0(132)) - 24bf2945-a329-4da6-aaf2-23ecd8d462c6@group-F84487B1973B-SegmentedRaftLogWorker: flushIndex: setUnconditionally 0 -> -1
2019-09-25 07:04:48,273 [pool-47-thread-1] INFO  server.RaftServerConfigKeys (ConfUtils.java:logGet(43)) - raft.server.snapshot.auto.trigger.enabled = true (custom)
2019-09-25 07:04:48,273 [pool-47-thread-1] INFO  server.RaftServerConfigKeys (ConfUtils.java:logGet(43)) - raft.server.snapshot.auto.trigger.threshold = 10000 (custom)
2019-09-25 07:04:48,273 [pool-47-thread-1] INFO  server.RaftServerConfigKeys (ConfUtils.java:logGet(43)) - raft.server.snapshot.retention.num.files = 5 (custom)
2019-09-25 07:04:48,274 [pool-47-thread-1] INFO  server.RaftServerConfigKeys (ConfUtils.java:logGet(43)) - raft.server.retrycache.expirytime = 600000ms (custom)
2019-09-25 07:04:48,276 [pool-47-thread-1] INFO  impl.RaftServerImpl (RaftServerImpl.java:start(185)) - 24bf2945-a329-4da6-aaf2-23ecd8d462c6@group-F84487B1973B: start as a follower, conf=-1: [24bf2945-a329-4da6-aaf2-23ecd8d462c6:192.168.30.10:42867], old=null
2019-09-25 07:04:48,276 [pool-47-thread-1] INFO  impl.RaftServerImpl (RaftServerImpl.java:setRole(174)) - 24bf2945-a329-4da6-aaf2-23ecd8d462c6@group-F84487B1973B: changes role from      null to FOLLOWER at term 0 for startAsFollower
2019-09-25 07:04:48,276 [pool-47-thread-1] INFO  impl.RoleInfo (RoleInfo.java:updateAndGet(143)) - 24bf2945-a329-4da6-aaf2-23ecd8d462c6: start FollowerState
2019-09-25 07:04:48,277 [pool-47-thread-1] INFO  util.JmxRegister (JmxRegister.java:tryRegister(44)) - Successfully registered JMX Bean with object name Ratis:service=RaftServer,group=group-F84487B1973B,id=24bf2945-a329-4da6-aaf2-23ecd8d462c6
2019-09-25 07:04:48,279 [RatisPipelineUtilsThread] INFO  pipeline.PipelineStateManager (PipelineStateManager.java:addPipeline(56)) - Created pipeline Pipeline[ Id: bba1ed19-ea8a-424f-bc4f-f84487b1973b, Nodes: 24bf2945-a329-4da6-aaf2-23ecd8d462c6{ip: 192.168.30.10, host: pr-hdds-1569-s62bp-3040748787, networkLocation: /default-rack, certSerialId: null}, Type:RATIS, Factor:ONE, State:OPEN]
2019-09-25 07:04:48,283 [grpc-default-executor-0] INFO  impl.RaftServerProxy (RaftServerProxy.java:addNew(89)) - e568d23f-199e-48ce-91e4-5c166e2e97cd: addNew group-927145DE84C6:[e568d23f-199e-48ce-91e4-5c166e2e97cd:192.168.30.10:42827] returns group-927145DE84C6:java.util.concurrent.CompletableFuture@5229db66[Not completed]
2019-09-25 07:04:48,285 [pool-27-thread-1] INFO  impl.RaftServerImpl (RaftServerImpl.java:<init>(95)) - e568d23f-199e-48ce-91e4-5c166e2e97cd: new RaftServerImpl for group-927145DE84C6:[e568d23f-199e-48ce-91e4-5c166e2e97cd:192.168.30.10:42827] with ContainerStateMachine:uninitialized
2019-09-25 07:04:48,285 [pool-27-thread-1] INFO  server.RaftServerConfigKeys (ConfUtils.java:logGet(43)) - raft.server.rpc.timeout.min = 5s (custom)
2019-09-25 07:04:48,285 [pool-27-thread-1] INFO  server.RaftServerConfigKeys (ConfUtils.java:logGet(43)) - raft.server.rpc.timeout.max = 5200ms (custom)
2019-09-25 07:04:48,285 [pool-27-thread-1] INFO  server.RaftServerConfigKeys (ConfUtils.java:logGet(43)) - raft.server.rpcslowness.timeout = 120s (custom)
2019-09-25 07:04:48,285 [pool-27-thread-1] INFO  server.RaftServerConfigKeys (ConfUtils.java:logGet(43)) - raft.server.sleep.deviation.threshold = 300 (default)
2019-09-25 07:04:48,285 [pool-27-thread-1] INFO  server.RaftServerConfigKeys (ConfUtils.java:logGet(43)) - raft.server.log.appender.install.snapshot.enabled = false (custom)
2019-09-25 07:04:48,285 [pool-27-thread-1] INFO  impl.RaftServerImpl (ServerState.java:<init>(103)) - e568d23f-199e-48ce-91e4-5c166e2e97cd@group-927145DE84C6: ConfigurationManager, init=-1: [e568d23f-199e-48ce-91e4-5c166e2e97cd:192.168.30.10:42827], old=null, confs=<EMPTY_MAP>
2019-09-25 07:04:48,285 [pool-27-thread-1] INFO  server.RaftServerConfigKeys (ConfUtils.java:logGet(43)) - raft.server.storage.dir = [/workdir/hadoop-ozone/integration-test/target/test-dir/MiniOzoneClusterImpl-39af9574-7a8b-4ed7-b830-bf686a3d4bb8/datanode-0/data/ratis] (custom)
2019-09-25 07:04:48,286 [pool-27-thread-1] INFO  storage.RaftStorageDirectory (RaftStorageDirectory.java:analyzeStorage(246)) - The storage directory /workdir/hadoop-ozone/integration-test/target/test-dir/MiniOzoneClusterImpl-39af9574-7a8b-4ed7-b830-bf686a3d4bb8/datanode-0/data/ratis/f498beee-ba5a-4a1f-a4cb-927145de84c6 does not exist. Creating ...
2019-09-25 07:04:48,289 [pool-27-thread-1] INFO  storage.RaftStorageDirectory (RaftStorageDirectory.java:tryLock(328)) - Lock on /workdir/hadoop-ozone/integration-test/target/test-dir/MiniOzoneClusterImpl-39af9574-7a8b-4ed7-b830-bf686a3d4bb8/datanode-0/data/ratis/f498beee-ba5a-4a1f-a4cb-927145de84c6/in_use.lock acquired by nodename 19495@pr-hdds-1569-s62bp-3040748787
2019-09-25 07:04:48,293 [pool-27-thread-1] INFO  storage.RaftStorage (RaftStorage.java:format(72)) - Storage directory /workdir/hadoop-ozone/integration-test/target/test-dir/MiniOzoneClusterImpl-39af9574-7a8b-4ed7-b830-bf686a3d4bb8/datanode-0/data/ratis/f498beee-ba5a-4a1f-a4cb-927145de84c6 has been successfully formatted.
2019-09-25 07:04:48,293 [pool-27-thread-1] INFO  ratis.ContainerStateMachine (ContainerStateMachine.java:loadSnapshot(230)) - group-927145DE84C6: The snapshot info is null. Setting the last applied indexto:(t:0, i:~)
2019-09-25 07:04:48,293 [pool-27-thread-1] INFO  server.RaftServerConfigKeys (ConfUtils.java:logGet(43)) - raft.server.notification.no-leader.timeout = 120s (custom)
2019-09-25 07:04:48,293 [pool-27-thread-1] INFO  server.RaftServerConfigKeys (ConfUtils.java:logGet(43)) - raft.server.log.use.memory = false (default)
2019-09-25 07:04:48,293 [pool-27-thread-1] INFO  server.RaftServerConfigKeys (ConfUtils.java:logGet(43)) - raft.server.log.purge.gap = 1000000 (custom)
2019-09-25 07:04:48,293 [pool-27-thread-1] INFO  server.RaftServerConfigKeys (ConfUtils.java:logGet(43)) - raft.server.log.appender.buffer.byte-limit = 33554432 (custom)
2019-09-25 07:04:48,294 [pool-27-thread-1] INFO  server.RaftServerConfigKeys (ConfUtils.java:logGet(43)) - raft.server.log.segment.size.max = 1048576 (custom)
2019-09-25 07:04:48,294 [pool-27-thread-1] INFO  server.RaftServerConfigKeys (ConfUtils.java:logGet(43)) - raft.server.log.segment.cache.num.max = 2 (custom)
2019-09-25 07:04:48,294 [pool-27-thread-1] INFO  segmented.SegmentedRaftLogWorker (SegmentedRaftLogWorker.java:<init>(172)) - new e568d23f-199e-48ce-91e4-5c166e2e97cd@group-927145DE84C6-SegmentedRaftLogWorker for RaftStorage:Storage Directory /workdir/hadoop-ozone/integration-test/target/test-dir/MiniOzoneClusterImpl-39af9574-7a8b-4ed7-b830-bf686a3d4bb8/datanode-0/data/ratis/f498beee-ba5a-4a1f-a4cb-927145de84c6
2019-09-25 07:04:48,294 [pool-27-thread-1] INFO  server.RaftServerConfigKeys (ConfUtils.java:logGet(43)) - raft.server.log.queue.byte-limit = 2147483647 (custom)
2019-09-25 07:04:48,294 [pool-27-thread-1] INFO  server.RaftServerConfigKeys (ConfUtils.java:logGet(43)) - raft.server.log.queue.element-limit = 1024 (custom)
2019-09-25 07:04:48,294 [pool-27-thread-1] INFO  server.RaftServerConfigKeys (ConfUtils.java:logGet(43)) - raft.server.log.segment.size.max = 1048576 (custom)
2019-09-25 07:04:48,294 [pool-27-thread-1] INFO  server.RaftServerConfigKeys (ConfUtils.java:logGet(43)) - raft.server.log.preallocated.size = 16384 (custom)
2019-09-25 07:04:48,294 [pool-27-thread-1] INFO  server.RaftServerConfigKeys (ConfUtils.java:logGet(43)) - raft.server.log.write.buffer.size = 33554432 (custom)
2019-09-25 07:04:48,295 [pool-27-thread-1] INFO  server.RaftServerConfigKeys (ConfUtils.java:logGet(43)) - raft.server.log.force.sync.num = 128 (default)
2019-09-25 07:04:48,295 [pool-27-thread-1] INFO  server.RaftServerConfigKeys (ConfUtils.java:logGet(43)) - raft.server.log.statemachine.data.sync = true (default)
2019-09-25 07:04:48,295 [pool-27-thread-1] INFO  server.RaftServerConfigKeys (ConfUtils.java:logGet(43)) - raft.server.log.statemachine.data.sync.timeout = 10s (default)
2019-09-25 07:04:48,295 [pool-27-thread-1] INFO  server.RaftServerConfigKeys (ConfUtils.java:logGet(43)) - raft.server.log.statemachine.data.sync.timeout.retry = -1 (default)
2019-09-25 07:04:48,295 [pool-27-thread-1] INFO  server.RaftServerConfigKeys (ConfUtils.java:logGet(43)) - raft.server.log.statemachine.data.caching.enabled = true (custom)
2019-09-25 07:04:48,295 [pool-27-thread-1] INFO  segmented.SegmentedRaftLogWorker (SegmentedRaftLogWorker.java:lambda$new$0(132)) - e568d23f-199e-48ce-91e4-5c166e2e97cd@group-927145DE84C6-SegmentedRaftLogWorker: flushIndex: setUnconditionally 0 -> -1
2019-09-25 07:04:48,296 [pool-27-thread-1] INFO  server.RaftServerConfigKeys (ConfUtils.java:logGet(43)) - raft.server.snapshot.auto.trigger.enabled = true (custom)
2019-09-25 07:04:48,296 [pool-27-thread-1] INFO  server.RaftServerConfigKeys (ConfUtils.java:logGet(43)) - raft.server.snapshot.auto.trigger.threshold = 10000 (custom)
2019-09-25 07:04:48,296 [pool-27-thread-1] INFO  server.RaftServerConfigKeys (ConfUtils.java:logGet(43)) - raft.server.snapshot.retention.num.files = 5 (custom)
2019-09-25 07:04:48,296 [pool-27-thread-1] INFO  server.RaftServerConfigKeys (ConfUtils.java:logGet(43)) - raft.server.retrycache.expirytime = 600000ms (custom)
2019-09-25 07:04:48,304 [pool-27-thread-1] INFO  impl.RaftServerImpl (RaftServerImpl.java:start(185)) - e568d23f-199e-48ce-91e4-5c166e2e97cd@group-927145DE84C6: start as a follower, conf=-1: [e568d23f-199e-48ce-91e4-5c166e2e97cd:192.168.30.10:42827], old=null
2019-09-25 07:04:48,304 [pool-27-thread-1] INFO  impl.RaftServerImpl (RaftServerImpl.java:setRole(174)) - e568d23f-199e-48ce-91e4-5c166e2e97cd@group-927145DE84C6: changes role from      null to FOLLOWER at term 0 for startAsFollower
2019-09-25 07:04:48,304 [pool-27-thread-1] INFO  impl.RoleInfo (RoleInfo.java:updateAndGet(143)) - e568d23f-199e-48ce-91e4-5c166e2e97cd: start FollowerState
2019-09-25 07:04:48,305 [pool-27-thread-1] INFO  util.JmxRegister (JmxRegister.java:tryRegister(44)) - Successfully registered JMX Bean with object name Ratis:service=RaftServer,group=group-927145DE84C6,id=e568d23f-199e-48ce-91e4-5c166e2e97cd
2019-09-25 07:04:48,307 [RatisPipelineUtilsThread] INFO  pipeline.PipelineStateManager (PipelineStateManager.java:addPipeline(56)) - Created pipeline Pipeline[ Id: f498beee-ba5a-4a1f-a4cb-927145de84c6, Nodes: e568d23f-199e-48ce-91e4-5c166e2e97cd{ip: 192.168.30.10, host: pr-hdds-1569-s62bp-3040748787, networkLocation: /default-rack, certSerialId: null}, Type:RATIS, Factor:ONE, State:OPEN]
2019-09-25 07:04:48,311 [grpc-default-executor-0] INFO  impl.RaftServerProxy (RaftServerProxy.java:addNew(89)) - e568d23f-199e-48ce-91e4-5c166e2e97cd: addNew group-0DB911CCBDA8:[e568d23f-199e-48ce-91e4-5c166e2e97cd:192.168.30.10:42827] returns group-0DB911CCBDA8:java.util.concurrent.CompletableFuture@759386b3[Not completed]
2019-09-25 07:04:48,313 [pool-27-thread-1] INFO  impl.RaftServerImpl (RaftServerImpl.java:<init>(95)) - e568d23f-199e-48ce-91e4-5c166e2e97cd: new RaftServerImpl for group-0DB911CCBDA8:[e568d23f-199e-48ce-91e4-5c166e2e97cd:192.168.30.10:42827] with ContainerStateMachine:uninitialized
2019-09-25 07:04:48,313 [pool-27-thread-1] INFO  server.RaftServerConfigKeys (ConfUtils.java:logGet(43)) - raft.server.rpc.timeout.min = 5s (custom)
2019-09-25 07:04:48,313 [pool-27-thread-1] INFO  server.RaftServerConfigKeys (ConfUtils.java:logGet(43)) - raft.server.rpc.timeout.max = 5200ms (custom)
2019-09-25 07:04:48,313 [pool-27-thread-1] INFO  server.RaftServerConfigKeys (ConfUtils.java:logGet(43)) - raft.server.rpcslowness.timeout = 120s (custom)
2019-09-25 07:04:48,313 [pool-27-thread-1] INFO  server.RaftServerConfigKeys (ConfUtils.java:logGet(43)) - raft.server.sleep.deviation.threshold = 300 (default)
2019-09-25 07:04:48,313 [pool-27-thread-1] INFO  server.RaftServerConfigKeys (ConfUtils.java:logGet(43)) - raft.server.log.appender.install.snapshot.enabled = false (custom)
2019-09-25 07:04:48,313 [pool-27-thread-1] INFO  impl.RaftServerImpl (ServerState.java:<init>(103)) - e568d23f-199e-48ce-91e4-5c166e2e97cd@group-0DB911CCBDA8: ConfigurationManager, init=-1: [e568d23f-199e-48ce-91e4-5c166e2e97cd:192.168.30.10:42827], old=null, confs=<EMPTY_MAP>
2019-09-25 07:04:48,313 [pool-27-thread-1] INFO  server.RaftServerConfigKeys (ConfUtils.java:logGet(43)) - raft.server.storage.dir = [/workdir/hadoop-ozone/integration-test/target/test-dir/MiniOzoneClusterImpl-39af9574-7a8b-4ed7-b830-bf686a3d4bb8/datanode-0/data/ratis] (custom)
2019-09-25 07:04:48,314 [pool-27-thread-1] INFO  storage.RaftStorageDirectory (RaftStorageDirectory.java:analyzeStorage(246)) - The storage directory /workdir/hadoop-ozone/integration-test/target/test-dir/MiniOzoneClusterImpl-39af9574-7a8b-4ed7-b830-bf686a3d4bb8/datanode-0/data/ratis/3db31179-62c0-40f1-8f1a-0db911ccbda8 does not exist. Creating ...
2019-09-25 07:04:48,319 [pool-27-thread-1] INFO  storage.RaftStorageDirectory (RaftStorageDirectory.java:tryLock(328)) - Lock on /workdir/hadoop-ozone/integration-test/target/test-dir/MiniOzoneClusterImpl-39af9574-7a8b-4ed7-b830-bf686a3d4bb8/datanode-0/data/ratis/3db31179-62c0-40f1-8f1a-0db911ccbda8/in_use.lock acquired by nodename 19495@pr-hdds-1569-s62bp-3040748787
2019-09-25 07:04:48,322 [pool-27-thread-1] INFO  storage.RaftStorage (RaftStorage.java:format(72)) - Storage directory /workdir/hadoop-ozone/integration-test/target/test-dir/MiniOzoneClusterImpl-39af9574-7a8b-4ed7-b830-bf686a3d4bb8/datanode-0/data/ratis/3db31179-62c0-40f1-8f1a-0db911ccbda8 has been successfully formatted.
2019-09-25 07:04:48,322 [pool-27-thread-1] INFO  ratis.ContainerStateMachine (ContainerStateMachine.java:loadSnapshot(230)) - group-0DB911CCBDA8: The snapshot info is null. Setting the last applied indexto:(t:0, i:~)
2019-09-25 07:04:48,323 [pool-27-thread-1] INFO  server.RaftServerConfigKeys (ConfUtils.java:logGet(43)) - raft.server.notification.no-leader.timeout = 120s (custom)
2019-09-25 07:04:48,323 [pool-27-thread-1] INFO  server.RaftServerConfigKeys (ConfUtils.java:logGet(43)) - raft.server.log.use.memory = false (default)
2019-09-25 07:04:48,323 [pool-27-thread-1] INFO  server.RaftServerConfigKeys (ConfUtils.java:logGet(43)) - raft.server.log.purge.gap = 1000000 (custom)
2019-09-25 07:04:48,323 [pool-27-thread-1] INFO  server.RaftServerConfigKeys (ConfUtils.java:logGet(43)) - raft.server.log.appender.buffer.byte-limit = 33554432 (custom)
2019-09-25 07:04:48,323 [pool-27-thread-1] INFO  server.RaftServerConfigKeys (ConfUtils.java:logGet(43)) - raft.server.log.segment.size.max = 1048576 (custom)
2019-09-25 07:04:48,323 [pool-27-thread-1] INFO  server.RaftServerConfigKeys (ConfUtils.java:logGet(43)) - raft.server.log.segment.cache.num.max = 2 (custom)
2019-09-25 07:04:48,323 [pool-27-thread-1] INFO  segmented.SegmentedRaftLogWorker (SegmentedRaftLogWorker.java:<init>(172)) - new e568d23f-199e-48ce-91e4-5c166e2e97cd@group-0DB911CCBDA8-SegmentedRaftLogWorker for RaftStorage:Storage Directory /workdir/hadoop-ozone/integration-test/target/test-dir/MiniOzoneClusterImpl-39af9574-7a8b-4ed7-b830-bf686a3d4bb8/datanode-0/data/ratis/3db31179-62c0-40f1-8f1a-0db911ccbda8
2019-09-25 07:04:48,323 [pool-27-thread-1] INFO  server.RaftServerConfigKeys (ConfUtils.java:logGet(43)) - raft.server.log.queue.byte-limit = 2147483647 (custom)
2019-09-25 07:04:48,323 [pool-27-thread-1] INFO  server.RaftServerConfigKeys (ConfUtils.java:logGet(43)) - raft.server.log.queue.element-limit = 1024 (custom)
2019-09-25 07:04:48,324 [pool-27-thread-1] INFO  server.RaftServerConfigKeys (ConfUtils.java:logGet(43)) - raft.server.log.segment.size.max = 1048576 (custom)
2019-09-25 07:04:48,324 [pool-27-thread-1] INFO  server.RaftServerConfigKeys (ConfUtils.java:logGet(43)) - raft.server.log.preallocated.size = 16384 (custom)
2019-09-25 07:04:48,324 [pool-27-thread-1] INFO  server.RaftServerConfigKeys (ConfUtils.java:logGet(43)) - raft.server.log.write.buffer.size = 33554432 (custom)
2019-09-25 07:04:48,324 [pool-27-thread-1] INFO  server.RaftServerConfigKeys (ConfUtils.java:logGet(43)) - raft.server.log.force.sync.num = 128 (default)
2019-09-25 07:04:48,324 [pool-27-thread-1] INFO  server.RaftServerConfigKeys (ConfUtils.java:logGet(43)) - raft.server.log.statemachine.data.sync = true (default)
2019-09-25 07:04:48,324 [pool-27-thread-1] INFO  server.RaftServerConfigKeys (ConfUtils.java:logGet(43)) - raft.server.log.statemachine.data.sync.timeout = 10s (default)
2019-09-25 07:04:48,324 [pool-27-thread-1] INFO  server.RaftServerConfigKeys (ConfUtils.java:logGet(43)) - raft.server.log.statemachine.data.sync.timeout.retry = -1 (default)
2019-09-25 07:04:48,324 [pool-27-thread-1] INFO  server.RaftServerConfigKeys (ConfUtils.java:logGet(43)) - raft.server.log.statemachine.data.caching.enabled = true (custom)
2019-09-25 07:04:48,325 [pool-27-thread-1] INFO  segmented.SegmentedRaftLogWorker (SegmentedRaftLogWorker.java:lambda$new$0(132)) - e568d23f-199e-48ce-91e4-5c166e2e97cd@group-0DB911CCBDA8-SegmentedRaftLogWorker: flushIndex: setUnconditionally 0 -> -1
2019-09-25 07:04:48,325 [pool-27-thread-1] INFO  server.RaftServerConfigKeys (ConfUtils.java:logGet(43)) - raft.server.snapshot.auto.trigger.enabled = true (custom)
2019-09-25 07:04:48,325 [pool-27-thread-1] INFO  server.RaftServerConfigKeys (ConfUtils.java:logGet(43)) - raft.server.snapshot.auto.trigger.threshold = 10000 (custom)
2019-09-25 07:04:48,325 [pool-27-thread-1] INFO  server.RaftServerConfigKeys (ConfUtils.java:logGet(43)) - raft.server.snapshot.retention.num.files = 5 (custom)
2019-09-25 07:04:48,325 [pool-27-thread-1] INFO  server.RaftServerConfigKeys (ConfUtils.java:logGet(43)) - raft.server.retrycache.expirytime = 600000ms (custom)
2019-09-25 07:04:48,327 [pool-27-thread-1] INFO  impl.RaftServerImpl (RaftServerImpl.java:start(185)) - e568d23f-199e-48ce-91e4-5c166e2e97cd@group-0DB911CCBDA8: start as a follower, conf=-1: [e568d23f-199e-48ce-91e4-5c166e2e97cd:192.168.30.10:42827], old=null
2019-09-25 07:04:48,327 [pool-27-thread-1] INFO  impl.RaftServerImpl (RaftServerImpl.java:setRole(174)) - e568d23f-199e-48ce-91e4-5c166e2e97cd@group-0DB911CCBDA8: changes role from      null to FOLLOWER at term 0 for startAsFollower
2019-09-25 07:04:48,327 [pool-27-thread-1] INFO  impl.RoleInfo (RoleInfo.java:updateAndGet(143)) - e568d23f-199e-48ce-91e4-5c166e2e97cd: start FollowerState
2019-09-25 07:04:48,327 [pool-27-thread-1] INFO  util.JmxRegister (JmxRegister.java:tryRegister(44)) - Successfully registered JMX Bean with object name Ratis:service=RaftServer,group=group-0DB911CCBDA8,id=e568d23f-199e-48ce-91e4-5c166e2e97cd
2019-09-25 07:04:48,330 [RatisPipelineUtilsThread] INFO  pipeline.PipelineStateManager (PipelineStateManager.java:addPipeline(56)) - Created pipeline Pipeline[ Id: 3db31179-62c0-40f1-8f1a-0db911ccbda8, Nodes: e568d23f-199e-48ce-91e4-5c166e2e97cd{ip: 192.168.30.10, host: pr-hdds-1569-s62bp-3040748787, networkLocation: /default-rack, certSerialId: null}, Type:RATIS, Factor:ONE, State:OPEN]
2019-09-25 07:04:48,334 [grpc-default-executor-0] INFO  impl.RaftServerProxy (RaftServerProxy.java:addNew(89)) - 62ec8eb9-3ae9-4136-b70a-2caf3716fa7f: addNew group-D1FC5BB53A72:[62ec8eb9-3ae9-4136-b70a-2caf3716fa7f:192.168.30.10:44715] returns group-D1FC5BB53A72:java.util.concurrent.CompletableFuture@14af09f[Not completed]
2019-09-25 07:04:48,335 [pool-37-thread-1] INFO  impl.RaftServerImpl (RaftServerImpl.java:<init>(95)) - 62ec8eb9-3ae9-4136-b70a-2caf3716fa7f: new RaftServerImpl for group-D1FC5BB53A72:[62ec8eb9-3ae9-4136-b70a-2caf3716fa7f:192.168.30.10:44715] with ContainerStateMachine:uninitialized
2019-09-25 07:04:48,336 [pool-37-thread-1] INFO  server.RaftServerConfigKeys (ConfUtils.java:logGet(43)) - raft.server.rpc.timeout.min = 5s (custom)
2019-09-25 07:04:48,336 [pool-37-thread-1] INFO  server.RaftServerConfigKeys (ConfUtils.java:logGet(43)) - raft.server.rpc.timeout.max = 5200ms (custom)
2019-09-25 07:04:48,336 [pool-37-thread-1] INFO  server.RaftServerConfigKeys (ConfUtils.java:logGet(43)) - raft.server.rpcslowness.timeout = 120s (custom)
2019-09-25 07:04:48,336 [pool-37-thread-1] INFO  server.RaftServerConfigKeys (ConfUtils.java:logGet(43)) - raft.server.sleep.deviation.threshold = 300 (default)
2019-09-25 07:04:48,336 [pool-37-thread-1] INFO  server.RaftServerConfigKeys (ConfUtils.java:logGet(43)) - raft.server.log.appender.install.snapshot.enabled = false (custom)
2019-09-25 07:04:48,336 [pool-37-thread-1] INFO  impl.RaftServerImpl (ServerState.java:<init>(103)) - 62ec8eb9-3ae9-4136-b70a-2caf3716fa7f@group-D1FC5BB53A72: ConfigurationManager, init=-1: [62ec8eb9-3ae9-4136-b70a-2caf3716fa7f:192.168.30.10:44715], old=null, confs=<EMPTY_MAP>
2019-09-25 07:04:48,336 [pool-37-thread-1] INFO  server.RaftServerConfigKeys (ConfUtils.java:logGet(43)) - raft.server.storage.dir = [/workdir/hadoop-ozone/integration-test/target/test-dir/MiniOzoneClusterImpl-39af9574-7a8b-4ed7-b830-bf686a3d4bb8/datanode-1/data/ratis] (custom)
2019-09-25 07:04:48,337 [pool-37-thread-1] INFO  storage.RaftStorageDirectory (RaftStorageDirectory.java:analyzeStorage(246)) - The storage directory /workdir/hadoop-ozone/integration-test/target/test-dir/MiniOzoneClusterImpl-39af9574-7a8b-4ed7-b830-bf686a3d4bb8/datanode-1/data/ratis/d110b36f-a8c9-48c5-b0c1-d1fc5bb53a72 does not exist. Creating ...
2019-09-25 07:04:48,340 [pool-37-thread-1] INFO  storage.RaftStorageDirectory (RaftStorageDirectory.java:tryLock(328)) - Lock on /workdir/hadoop-ozone/integration-test/target/test-dir/MiniOzoneClusterImpl-39af9574-7a8b-4ed7-b830-bf686a3d4bb8/datanode-1/data/ratis/d110b36f-a8c9-48c5-b0c1-d1fc5bb53a72/in_use.lock acquired by nodename 19495@pr-hdds-1569-s62bp-3040748787
2019-09-25 07:04:48,344 [pool-37-thread-1] INFO  storage.RaftStorage (RaftStorage.java:format(72)) - Storage directory /workdir/hadoop-ozone/integration-test/target/test-dir/MiniOzoneClusterImpl-39af9574-7a8b-4ed7-b830-bf686a3d4bb8/datanode-1/data/ratis/d110b36f-a8c9-48c5-b0c1-d1fc5bb53a72 has been successfully formatted.
2019-09-25 07:04:48,344 [pool-37-thread-1] INFO  ratis.ContainerStateMachine (ContainerStateMachine.java:loadSnapshot(230)) - group-D1FC5BB53A72: The snapshot info is null. Setting the last applied indexto:(t:0, i:~)
2019-09-25 07:04:48,345 [pool-37-thread-1] INFO  server.RaftServerConfigKeys (ConfUtils.java:logGet(43)) - raft.server.notification.no-leader.timeout = 120s (custom)
2019-09-25 07:04:48,345 [pool-37-thread-1] INFO  server.RaftServerConfigKeys (ConfUtils.java:logGet(43)) - raft.server.log.use.memory = false (default)
2019-09-25 07:04:48,345 [pool-37-thread-1] INFO  server.RaftServerConfigKeys (ConfUtils.java:logGet(43)) - raft.server.log.purge.gap = 1000000 (custom)
2019-09-25 07:04:48,345 [pool-37-thread-1] INFO  server.RaftServerConfigKeys (ConfUtils.java:logGet(43)) - raft.server.log.appender.buffer.byte-limit = 33554432 (custom)
2019-09-25 07:04:48,345 [pool-37-thread-1] INFO  server.RaftServerConfigKeys (ConfUtils.java:logGet(43)) - raft.server.log.segment.size.max = 1048576 (custom)
2019-09-25 07:04:48,345 [pool-37-thread-1] INFO  server.RaftServerConfigKeys (ConfUtils.java:logGet(43)) - raft.server.log.segment.cache.num.max = 2 (custom)
2019-09-25 07:04:48,345 [pool-37-thread-1] INFO  segmented.SegmentedRaftLogWorker (SegmentedRaftLogWorker.java:<init>(172)) - new 62ec8eb9-3ae9-4136-b70a-2caf3716fa7f@group-D1FC5BB53A72-SegmentedRaftLogWorker for RaftStorage:Storage Directory /workdir/hadoop-ozone/integration-test/target/test-dir/MiniOzoneClusterImpl-39af9574-7a8b-4ed7-b830-bf686a3d4bb8/datanode-1/data/ratis/d110b36f-a8c9-48c5-b0c1-d1fc5bb53a72
2019-09-25 07:04:48,346 [pool-37-thread-1] INFO  server.RaftServerConfigKeys (ConfUtils.java:logGet(43)) - raft.server.log.queue.byte-limit = 2147483647 (custom)
2019-09-25 07:04:48,346 [pool-37-thread-1] INFO  server.RaftServerConfigKeys (ConfUtils.java:logGet(43)) - raft.server.log.queue.element-limit = 1024 (custom)
2019-09-25 07:04:48,346 [pool-37-thread-1] INFO  server.RaftServerConfigKeys (ConfUtils.java:logGet(43)) - raft.server.log.segment.size.max = 1048576 (custom)
2019-09-25 07:04:48,346 [pool-37-thread-1] INFO  server.RaftServerConfigKeys (ConfUtils.java:logGet(43)) - raft.server.log.preallocated.size = 16384 (custom)
2019-09-25 07:04:48,346 [pool-37-thread-1] INFO  server.RaftServerConfigKeys (ConfUtils.java:logGet(43)) - raft.server.log.write.buffer.size = 33554432 (custom)
2019-09-25 07:04:48,346 [pool-37-thread-1] INFO  server.RaftServerConfigKeys (ConfUtils.java:logGet(43)) - raft.server.log.force.sync.num = 128 (default)
2019-09-25 07:04:48,346 [pool-37-thread-1] INFO  server.RaftServerConfigKeys (ConfUtils.java:logGet(43)) - raft.server.log.statemachine.data.sync = true (default)
2019-09-25 07:04:48,347 [pool-37-thread-1] INFO  server.RaftServerConfigKeys (ConfUtils.java:logGet(43)) - raft.server.log.statemachine.data.sync.timeout = 10s (default)
2019-09-25 07:04:48,347 [pool-37-thread-1] INFO  server.RaftServerConfigKeys (ConfUtils.java:logGet(43)) - raft.server.log.statemachine.data.sync.timeout.retry = -1 (default)
2019-09-25 07:04:48,347 [pool-37-thread-1] INFO  server.RaftServerConfigKeys (ConfUtils.java:logGet(43)) - raft.server.log.statemachine.data.caching.enabled = true (custom)
2019-09-25 07:04:48,347 [pool-37-thread-1] INFO  segmented.SegmentedRaftLogWorker (SegmentedRaftLogWorker.java:lambda$new$0(132)) - 62ec8eb9-3ae9-4136-b70a-2caf3716fa7f@group-D1FC5BB53A72-SegmentedRaftLogWorker: flushIndex: setUnconditionally 0 -> -1
2019-09-25 07:04:48,348 [pool-37-thread-1] INFO  server.RaftServerConfigKeys (ConfUtils.java:logGet(43)) - raft.server.snapshot.auto.trigger.enabled = true (custom)
2019-09-25 07:04:48,348 [pool-37-thread-1] INFO  server.RaftServerConfigKeys (ConfUtils.java:logGet(43)) - raft.server.snapshot.auto.trigger.threshold = 10000 (custom)
2019-09-25 07:04:48,348 [pool-37-thread-1] INFO  server.RaftServerConfigKeys (ConfUtils.java:logGet(43)) - raft.server.snapshot.retention.num.files = 5 (custom)
2019-09-25 07:04:48,348 [pool-37-thread-1] INFO  server.RaftServerConfigKeys (ConfUtils.java:logGet(43)) - raft.server.retrycache.expirytime = 600000ms (custom)
2019-09-25 07:04:48,350 [pool-37-thread-1] INFO  impl.RaftServerImpl (RaftServerImpl.java:start(185)) - 62ec8eb9-3ae9-4136-b70a-2caf3716fa7f@group-D1FC5BB53A72: start as a follower, conf=-1: [62ec8eb9-3ae9-4136-b70a-2caf3716fa7f:192.168.30.10:44715], old=null
2019-09-25 07:04:48,350 [pool-37-thread-1] INFO  impl.RaftServerImpl (RaftServerImpl.java:setRole(174)) - 62ec8eb9-3ae9-4136-b70a-2caf3716fa7f@group-D1FC5BB53A72: changes role from      null to FOLLOWER at term 0 for startAsFollower
2019-09-25 07:04:48,351 [pool-37-thread-1] INFO  impl.RoleInfo (RoleInfo.java:updateAndGet(143)) - 62ec8eb9-3ae9-4136-b70a-2caf3716fa7f: start FollowerState
2019-09-25 07:04:48,351 [pool-37-thread-1] INFO  util.JmxRegister (JmxRegister.java:tryRegister(44)) - Successfully registered JMX Bean with object name Ratis:service=RaftServer,group=group-D1FC5BB53A72,id=62ec8eb9-3ae9-4136-b70a-2caf3716fa7f
2019-09-25 07:04:48,353 [RatisPipelineUtilsThread] INFO  pipeline.PipelineStateManager (PipelineStateManager.java:addPipeline(56)) - Created pipeline Pipeline[ Id: d110b36f-a8c9-48c5-b0c1-d1fc5bb53a72, Nodes: 62ec8eb9-3ae9-4136-b70a-2caf3716fa7f{ip: 192.168.30.10, host: pr-hdds-1569-s62bp-3040748787, networkLocation: /default-rack, certSerialId: null}, Type:RATIS, Factor:ONE, State:OPEN]
2019-09-25 07:04:48,358 [grpc-default-executor-0] INFO  impl.RaftServerProxy (RaftServerProxy.java:addNew(89)) - 24bf2945-a329-4da6-aaf2-23ecd8d462c6: addNew group-51A1562A27AA:[24bf2945-a329-4da6-aaf2-23ecd8d462c6:192.168.30.10:42867] returns group-51A1562A27AA:java.util.concurrent.CompletableFuture@2c5b07fe[Not completed]
2019-09-25 07:04:48,359 [pool-47-thread-1] INFO  impl.RaftServerImpl (RaftServerImpl.java:<init>(95)) - 24bf2945-a329-4da6-aaf2-23ecd8d462c6: new RaftServerImpl for group-51A1562A27AA:[24bf2945-a329-4da6-aaf2-23ecd8d462c6:192.168.30.10:42867] with ContainerStateMachine:uninitialized
2019-09-25 07:04:48,359 [pool-47-thread-1] INFO  server.RaftServerConfigKeys (ConfUtils.java:logGet(43)) - raft.server.rpc.timeout.min = 5s (custom)
2019-09-25 07:04:48,360 [pool-47-thread-1] INFO  server.RaftServerConfigKeys (ConfUtils.java:logGet(43)) - raft.server.rpc.timeout.max = 5200ms (custom)
2019-09-25 07:04:48,360 [pool-47-thread-1] INFO  server.RaftServerConfigKeys (ConfUtils.java:logGet(43)) - raft.server.rpcslowness.timeout = 120s (custom)
2019-09-25 07:04:48,360 [pool-47-thread-1] INFO  server.RaftServerConfigKeys (ConfUtils.java:logGet(43)) - raft.server.sleep.deviation.threshold = 300 (default)
2019-09-25 07:04:48,360 [pool-47-thread-1] INFO  server.RaftServerConfigKeys (ConfUtils.java:logGet(43)) - raft.server.log.appender.install.snapshot.enabled = false (custom)
2019-09-25 07:04:48,360 [pool-47-thread-1] INFO  impl.RaftServerImpl (ServerState.java:<init>(103)) - 24bf2945-a329-4da6-aaf2-23ecd8d462c6@group-51A1562A27AA: ConfigurationManager, init=-1: [24bf2945-a329-4da6-aaf2-23ecd8d462c6:192.168.30.10:42867], old=null, confs=<EMPTY_MAP>
2019-09-25 07:04:48,360 [pool-47-thread-1] INFO  server.RaftServerConfigKeys (ConfUtils.java:logGet(43)) - raft.server.storage.dir = [/workdir/hadoop-ozone/integration-test/target/test-dir/MiniOzoneClusterImpl-39af9574-7a8b-4ed7-b830-bf686a3d4bb8/datanode-2/data/ratis] (custom)
2019-09-25 07:04:48,361 [pool-47-thread-1] INFO  storage.RaftStorageDirectory (RaftStorageDirectory.java:analyzeStorage(246)) - The storage directory /workdir/hadoop-ozone/integration-test/target/test-dir/MiniOzoneClusterImpl-39af9574-7a8b-4ed7-b830-bf686a3d4bb8/datanode-2/data/ratis/bb811026-6a02-4dde-8d5b-51a1562a27aa does not exist. Creating ...
2019-09-25 07:04:48,364 [pool-47-thread-1] INFO  storage.RaftStorageDirectory (RaftStorageDirectory.java:tryLock(328)) - Lock on /workdir/hadoop-ozone/integration-test/target/test-dir/MiniOzoneClusterImpl-39af9574-7a8b-4ed7-b830-bf686a3d4bb8/datanode-2/data/ratis/bb811026-6a02-4dde-8d5b-51a1562a27aa/in_use.lock acquired by nodename 19495@pr-hdds-1569-s62bp-3040748787
2019-09-25 07:04:48,379 [pool-47-thread-1] INFO  storage.RaftStorage (RaftStorage.java:format(72)) - Storage directory /workdir/hadoop-ozone/integration-test/target/test-dir/MiniOzoneClusterImpl-39af9574-7a8b-4ed7-b830-bf686a3d4bb8/datanode-2/data/ratis/bb811026-6a02-4dde-8d5b-51a1562a27aa has been successfully formatted.
2019-09-25 07:04:48,379 [pool-47-thread-1] INFO  ratis.ContainerStateMachine (ContainerStateMachine.java:loadSnapshot(230)) - group-51A1562A27AA: The snapshot info is null. Setting the last applied indexto:(t:0, i:~)
2019-09-25 07:04:48,379 [pool-47-thread-1] INFO  server.RaftServerConfigKeys (ConfUtils.java:logGet(43)) - raft.server.notification.no-leader.timeout = 120s (custom)
2019-09-25 07:04:48,379 [pool-47-thread-1] INFO  server.RaftServerConfigKeys (ConfUtils.java:logGet(43)) - raft.server.log.use.memory = false (default)
2019-09-25 07:04:48,379 [pool-47-thread-1] INFO  server.RaftServerConfigKeys (ConfUtils.java:logGet(43)) - raft.server.log.purge.gap = 1000000 (custom)
2019-09-25 07:04:48,380 [pool-47-thread-1] INFO  server.RaftServerConfigKeys (ConfUtils.java:logGet(43)) - raft.server.log.appender.buffer.byte-limit = 33554432 (custom)
2019-09-25 07:04:48,380 [pool-47-thread-1] INFO  server.RaftServerConfigKeys (ConfUtils.java:logGet(43)) - raft.server.log.segment.size.max = 1048576 (custom)
2019-09-25 07:04:48,380 [pool-47-thread-1] INFO  server.RaftServerConfigKeys (ConfUtils.java:logGet(43)) - raft.server.log.segment.cache.num.max = 2 (custom)
2019-09-25 07:04:48,380 [pool-47-thread-1] INFO  segmented.SegmentedRaftLogWorker (SegmentedRaftLogWorker.java:<init>(172)) - new 24bf2945-a329-4da6-aaf2-23ecd8d462c6@group-51A1562A27AA-SegmentedRaftLogWorker for RaftStorage:Storage Directory /workdir/hadoop-ozone/integration-test/target/test-dir/MiniOzoneClusterImpl-39af9574-7a8b-4ed7-b830-bf686a3d4bb8/datanode-2/data/ratis/bb811026-6a02-4dde-8d5b-51a1562a27aa
2019-09-25 07:04:48,380 [pool-47-thread-1] INFO  server.RaftServerConfigKeys (ConfUtils.java:logGet(43)) - raft.server.log.queue.byte-limit = 2147483647 (custom)
2019-09-25 07:04:48,380 [pool-47-thread-1] INFO  server.RaftServerConfigKeys (ConfUtils.java:logGet(43)) - raft.server.log.queue.element-limit = 1024 (custom)
2019-09-25 07:04:48,380 [pool-47-thread-1] INFO  server.RaftServerConfigKeys (ConfUtils.java:logGet(43)) - raft.server.log.segment.size.max = 1048576 (custom)
2019-09-25 07:04:48,381 [pool-47-thread-1] INFO  server.RaftServerConfigKeys (ConfUtils.java:logGet(43)) - raft.server.log.preallocated.size = 16384 (custom)
2019-09-25 07:04:48,381 [pool-47-thread-1] INFO  server.RaftServerConfigKeys (ConfUtils.java:logGet(43)) - raft.server.log.write.buffer.size = 33554432 (custom)
2019-09-25 07:04:48,381 [pool-47-thread-1] INFO  server.RaftServerConfigKeys (ConfUtils.java:logGet(43)) - raft.server.log.force.sync.num = 128 (default)
2019-09-25 07:04:48,381 [pool-47-thread-1] INFO  server.RaftServerConfigKeys (ConfUtils.java:logGet(43)) - raft.server.log.statemachine.data.sync = true (default)
2019-09-25 07:04:48,381 [pool-47-thread-1] INFO  server.RaftServerConfigKeys (ConfUtils.java:logGet(43)) - raft.server.log.statemachine.data.sync.timeout = 10s (default)
2019-09-25 07:04:48,381 [pool-47-thread-1] INFO  server.RaftServerConfigKeys (ConfUtils.java:logGet(43)) - raft.server.log.statemachine.data.sync.timeout.retry = -1 (default)
2019-09-25 07:04:48,381 [pool-47-thread-1] INFO  server.RaftServerConfigKeys (ConfUtils.java:logGet(43)) - raft.server.log.statemachine.data.caching.enabled = true (custom)
2019-09-25 07:04:48,382 [pool-47-thread-1] INFO  segmented.SegmentedRaftLogWorker (SegmentedRaftLogWorker.java:lambda$new$0(132)) - 24bf2945-a329-4da6-aaf2-23ecd8d462c6@group-51A1562A27AA-SegmentedRaftLogWorker: flushIndex: setUnconditionally 0 -> -1
2019-09-25 07:04:48,382 [pool-47-thread-1] INFO  server.RaftServerConfigKeys (ConfUtils.java:logGet(43)) - raft.server.snapshot.auto.trigger.enabled = true (custom)
2019-09-25 07:04:48,382 [pool-47-thread-1] INFO  server.RaftServerConfigKeys (ConfUtils.java:logGet(43)) - raft.server.snapshot.auto.trigger.threshold = 10000 (custom)
2019-09-25 07:04:48,382 [pool-47-thread-1] INFO  server.RaftServerConfigKeys (ConfUtils.java:logGet(43)) - raft.server.snapshot.retention.num.files = 5 (custom)
2019-09-25 07:04:48,382 [pool-47-thread-1] INFO  server.RaftServerConfigKeys (ConfUtils.java:logGet(43)) - raft.server.retrycache.expirytime = 600000ms (custom)
2019-09-25 07:04:48,385 [pool-47-thread-1] INFO  impl.RaftServerImpl (RaftServerImpl.java:start(185)) - 24bf2945-a329-4da6-aaf2-23ecd8d462c6@group-51A1562A27AA: start as a follower, conf=-1: [24bf2945-a329-4da6-aaf2-23ecd8d462c6:192.168.30.10:42867], old=null
2019-09-25 07:04:48,385 [pool-47-thread-1] INFO  impl.RaftServerImpl (RaftServerImpl.java:setRole(174)) - 24bf2945-a329-4da6-aaf2-23ecd8d462c6@group-51A1562A27AA: changes role from      null to FOLLOWER at term 0 for startAsFollower
2019-09-25 07:04:48,385 [pool-47-thread-1] INFO  impl.RoleInfo (RoleInfo.java:updateAndGet(143)) - 24bf2945-a329-4da6-aaf2-23ecd8d462c6: start FollowerState
2019-09-25 07:04:48,385 [pool-47-thread-1] INFO  util.JmxRegister (JmxRegister.java:tryRegister(44)) - Successfully registered JMX Bean with object name Ratis:service=RaftServer,group=group-51A1562A27AA,id=24bf2945-a329-4da6-aaf2-23ecd8d462c6
2019-09-25 07:04:48,388 [RatisPipelineUtilsThread] INFO  pipeline.PipelineStateManager (PipelineStateManager.java:addPipeline(56)) - Created pipeline Pipeline[ Id: bb811026-6a02-4dde-8d5b-51a1562a27aa, Nodes: 24bf2945-a329-4da6-aaf2-23ecd8d462c6{ip: 192.168.30.10, host: pr-hdds-1569-s62bp-3040748787, networkLocation: /default-rack, certSerialId: null}, Type:RATIS, Factor:ONE, State:OPEN]
2019-09-25 07:04:48,393 [grpc-default-executor-0] INFO  impl.RaftServerProxy (RaftServerProxy.java:addNew(89)) - e568d23f-199e-48ce-91e4-5c166e2e97cd: addNew group-BD6803186CAB:[e568d23f-199e-48ce-91e4-5c166e2e97cd:192.168.30.10:42827] returns group-BD6803186CAB:java.util.concurrent.CompletableFuture@40886ddc[Not completed]
2019-09-25 07:04:48,394 [pool-27-thread-1] INFO  impl.RaftServerImpl (RaftServerImpl.java:<init>(95)) - e568d23f-199e-48ce-91e4-5c166e2e97cd: new RaftServerImpl for group-BD6803186CAB:[e568d23f-199e-48ce-91e4-5c166e2e97cd:192.168.30.10:42827] with ContainerStateMachine:uninitialized
2019-09-25 07:04:48,394 [pool-27-thread-1] INFO  server.RaftServerConfigKeys (ConfUtils.java:logGet(43)) - raft.server.rpc.timeout.min = 5s (custom)
2019-09-25 07:04:48,394 [pool-27-thread-1] INFO  server.RaftServerConfigKeys (ConfUtils.java:logGet(43)) - raft.server.rpc.timeout.max = 5200ms (custom)
2019-09-25 07:04:48,394 [pool-27-thread-1] INFO  server.RaftServerConfigKeys (ConfUtils.java:logGet(43)) - raft.server.rpcslowness.timeout = 120s (custom)
2019-09-25 07:04:48,395 [pool-27-thread-1] INFO  server.RaftServerConfigKeys (ConfUtils.java:logGet(43)) - raft.server.sleep.deviation.threshold = 300 (default)
2019-09-25 07:04:48,395 [pool-27-thread-1] INFO  server.RaftServerConfigKeys (ConfUtils.java:logGet(43)) - raft.server.log.appender.install.snapshot.enabled = false (custom)
2019-09-25 07:04:48,395 [pool-27-thread-1] INFO  impl.RaftServerImpl (ServerState.java:<init>(103)) - e568d23f-199e-48ce-91e4-5c166e2e97cd@group-BD6803186CAB: ConfigurationManager, init=-1: [e568d23f-199e-48ce-91e4-5c166e2e97cd:192.168.30.10:42827], old=null, confs=<EMPTY_MAP>
2019-09-25 07:04:48,395 [pool-27-thread-1] INFO  server.RaftServerConfigKeys (ConfUtils.java:logGet(43)) - raft.server.storage.dir = [/workdir/hadoop-ozone/integration-test/target/test-dir/MiniOzoneClusterImpl-39af9574-7a8b-4ed7-b830-bf686a3d4bb8/datanode-0/data/ratis] (custom)
2019-09-25 07:04:48,396 [pool-27-thread-1] INFO  storage.RaftStorageDirectory (RaftStorageDirectory.java:analyzeStorage(246)) - The storage directory /workdir/hadoop-ozone/integration-test/target/test-dir/MiniOzoneClusterImpl-39af9574-7a8b-4ed7-b830-bf686a3d4bb8/datanode-0/data/ratis/1298f656-432a-4491-8331-bd6803186cab does not exist. Creating ...
2019-09-25 07:04:48,408 [pool-27-thread-1] INFO  storage.RaftStorageDirectory (RaftStorageDirectory.java:tryLock(328)) - Lock on /workdir/hadoop-ozone/integration-test/target/test-dir/MiniOzoneClusterImpl-39af9574-7a8b-4ed7-b830-bf686a3d4bb8/datanode-0/data/ratis/1298f656-432a-4491-8331-bd6803186cab/in_use.lock acquired by nodename 19495@pr-hdds-1569-s62bp-3040748787
2019-09-25 07:04:48,421 [pool-27-thread-1] INFO  storage.RaftStorage (RaftStorage.java:format(72)) - Storage directory /workdir/hadoop-ozone/integration-test/target/test-dir/MiniOzoneClusterImpl-39af9574-7a8b-4ed7-b830-bf686a3d4bb8/datanode-0/data/ratis/1298f656-432a-4491-8331-bd6803186cab has been successfully formatted.
2019-09-25 07:04:48,422 [pool-27-thread-1] INFO  ratis.ContainerStateMachine (ContainerStateMachine.java:loadSnapshot(230)) - group-BD6803186CAB: The snapshot info is null. Setting the last applied indexto:(t:0, i:~)
2019-09-25 07:04:48,422 [pool-27-thread-1] INFO  server.RaftServerConfigKeys (ConfUtils.java:logGet(43)) - raft.server.notification.no-leader.timeout = 120s (custom)
2019-09-25 07:04:48,422 [pool-27-thread-1] INFO  server.RaftServerConfigKeys (ConfUtils.java:logGet(43)) - raft.server.log.use.memory = false (default)
2019-09-25 07:04:48,422 [pool-27-thread-1] INFO  server.RaftServerConfigKeys (ConfUtils.java:logGet(43)) - raft.server.log.purge.gap = 1000000 (custom)
2019-09-25 07:04:48,422 [pool-27-thread-1] INFO  server.RaftServerConfigKeys (ConfUtils.java:logGet(43)) - raft.server.log.appender.buffer.byte-limit = 33554432 (custom)
2019-09-25 07:04:48,422 [pool-27-thread-1] INFO  server.RaftServerConfigKeys (ConfUtils.java:logGet(43)) - raft.server.log.segment.size.max = 1048576 (custom)
2019-09-25 07:04:48,422 [pool-27-thread-1] INFO  server.RaftServerConfigKeys (ConfUtils.java:logGet(43)) - raft.server.log.segment.cache.num.max = 2 (custom)
2019-09-25 07:04:48,423 [pool-27-thread-1] INFO  segmented.SegmentedRaftLogWorker (SegmentedRaftLogWorker.java:<init>(172)) - new e568d23f-199e-48ce-91e4-5c166e2e97cd@group-BD6803186CAB-SegmentedRaftLogWorker for RaftStorage:Storage Directory /workdir/hadoop-ozone/integration-test/target/test-dir/MiniOzoneClusterImpl-39af9574-7a8b-4ed7-b830-bf686a3d4bb8/datanode-0/data/ratis/1298f656-432a-4491-8331-bd6803186cab
2019-09-25 07:04:48,423 [pool-27-thread-1] INFO  server.RaftServerConfigKeys (ConfUtils.java:logGet(43)) - raft.server.log.queue.byte-limit = 2147483647 (custom)
2019-09-25 07:04:48,423 [pool-27-thread-1] INFO  server.RaftServerConfigKeys (ConfUtils.java:logGet(43)) - raft.server.log.queue.element-limit = 1024 (custom)
2019-09-25 07:04:48,423 [pool-27-thread-1] INFO  server.RaftServerConfigKeys (ConfUtils.java:logGet(43)) - raft.server.log.segment.size.max = 1048576 (custom)
2019-09-25 07:04:48,423 [pool-27-thread-1] INFO  server.RaftServerConfigKeys (ConfUtils.java:logGet(43)) - raft.server.log.preallocated.size = 16384 (custom)
2019-09-25 07:04:48,423 [pool-27-thread-1] INFO  server.RaftServerConfigKeys (ConfUtils.java:logGet(43)) - raft.server.log.write.buffer.size = 33554432 (custom)
2019-09-25 07:04:48,423 [pool-27-thread-1] INFO  server.RaftServerConfigKeys (ConfUtils.java:logGet(43)) - raft.server.log.force.sync.num = 128 (default)
2019-09-25 07:04:48,424 [pool-27-thread-1] INFO  server.RaftServerConfigKeys (ConfUtils.java:logGet(43)) - raft.server.log.statemachine.data.sync = true (default)
2019-09-25 07:04:48,424 [pool-27-thread-1] INFO  server.RaftServerConfigKeys (ConfUtils.java:logGet(43)) - raft.server.log.statemachine.data.sync.timeout = 10s (default)
2019-09-25 07:04:48,424 [pool-27-thread-1] INFO  server.RaftServerConfigKeys (ConfUtils.java:logGet(43)) - raft.server.log.statemachine.data.sync.timeout.retry = -1 (default)
2019-09-25 07:04:48,424 [pool-27-thread-1] INFO  server.RaftServerConfigKeys (ConfUtils.java:logGet(43)) - raft.server.log.statemachine.data.caching.enabled = true (custom)
2019-09-25 07:04:48,424 [pool-27-thread-1] INFO  segmented.SegmentedRaftLogWorker (SegmentedRaftLogWorker.java:lambda$new$0(132)) - e568d23f-199e-48ce-91e4-5c166e2e97cd@group-BD6803186CAB-SegmentedRaftLogWorker: flushIndex: setUnconditionally 0 -> -1
2019-09-25 07:04:48,425 [pool-27-thread-1] INFO  server.RaftServerConfigKeys (ConfUtils.java:logGet(43)) - raft.server.snapshot.auto.trigger.enabled = true (custom)
2019-09-25 07:04:48,425 [pool-27-thread-1] INFO  server.RaftServerConfigKeys (ConfUtils.java:logGet(43)) - raft.server.snapshot.auto.trigger.threshold = 10000 (custom)
2019-09-25 07:04:48,425 [pool-27-thread-1] INFO  server.RaftServerConfigKeys (ConfUtils.java:logGet(43)) - raft.server.snapshot.retention.num.files = 5 (custom)
2019-09-25 07:04:48,425 [pool-27-thread-1] INFO  server.RaftServerConfigKeys (ConfUtils.java:logGet(43)) - raft.server.retrycache.expirytime = 600000ms (custom)
2019-09-25 07:04:48,428 [pool-27-thread-1] INFO  impl.RaftServerImpl (RaftServerImpl.java:start(185)) - e568d23f-199e-48ce-91e4-5c166e2e97cd@group-BD6803186CAB: start as a follower, conf=-1: [e568d23f-199e-48ce-91e4-5c166e2e97cd:192.168.30.10:42827], old=null
2019-09-25 07:04:48,428 [pool-27-thread-1] INFO  impl.RaftServerImpl (RaftServerImpl.java:setRole(174)) - e568d23f-199e-48ce-91e4-5c166e2e97cd@group-BD6803186CAB: changes role from      null to FOLLOWER at term 0 for startAsFollower
2019-09-25 07:04:48,428 [pool-27-thread-1] INFO  impl.RoleInfo (RoleInfo.java:updateAndGet(143)) - e568d23f-199e-48ce-91e4-5c166e2e97cd: start FollowerState
2019-09-25 07:04:48,428 [pool-27-thread-1] INFO  util.JmxRegister (JmxRegister.java:tryRegister(44)) - Successfully registered JMX Bean with object name Ratis:service=RaftServer,group=group-BD6803186CAB,id=e568d23f-199e-48ce-91e4-5c166e2e97cd
2019-09-25 07:04:48,431 [RatisPipelineUtilsThread] INFO  pipeline.PipelineStateManager (PipelineStateManager.java:addPipeline(56)) - Created pipeline Pipeline[ Id: 1298f656-432a-4491-8331-bd6803186cab, Nodes: e568d23f-199e-48ce-91e4-5c166e2e97cd{ip: 192.168.30.10, host: pr-hdds-1569-s62bp-3040748787, networkLocation: /default-rack, certSerialId: null}, Type:RATIS, Factor:ONE, State:OPEN]
2019-09-25 07:04:48,436 [grpc-default-executor-0] INFO  impl.RaftServerProxy (RaftServerProxy.java:addNew(89)) - 24bf2945-a329-4da6-aaf2-23ecd8d462c6: addNew group-7EAE8DFEC943:[24bf2945-a329-4da6-aaf2-23ecd8d462c6:192.168.30.10:42867] returns group-7EAE8DFEC943:java.util.concurrent.CompletableFuture@5453f602[Not completed]
2019-09-25 07:04:48,437 [pool-47-thread-1] INFO  impl.RaftServerImpl (RaftServerImpl.java:<init>(95)) - 24bf2945-a329-4da6-aaf2-23ecd8d462c6: new RaftServerImpl for group-7EAE8DFEC943:[24bf2945-a329-4da6-aaf2-23ecd8d462c6:192.168.30.10:42867] with ContainerStateMachine:uninitialized
2019-09-25 07:04:48,438 [pool-47-thread-1] INFO  server.RaftServerConfigKeys (ConfUtils.java:logGet(43)) - raft.server.rpc.timeout.min = 5s (custom)
2019-09-25 07:04:48,438 [pool-47-thread-1] INFO  server.RaftServerConfigKeys (ConfUtils.java:logGet(43)) - raft.server.rpc.timeout.max = 5200ms (custom)
2019-09-25 07:04:48,438 [pool-47-thread-1] INFO  server.RaftServerConfigKeys (ConfUtils.java:logGet(43)) - raft.server.rpcslowness.timeout = 120s (custom)
2019-09-25 07:04:48,438 [pool-47-thread-1] INFO  server.RaftServerConfigKeys (ConfUtils.java:logGet(43)) - raft.server.sleep.deviation.threshold = 300 (default)
2019-09-25 07:04:48,438 [pool-47-thread-1] INFO  server.RaftServerConfigKeys (ConfUtils.java:logGet(43)) - raft.server.log.appender.install.snapshot.enabled = false (custom)
2019-09-25 07:04:48,438 [pool-47-thread-1] INFO  impl.RaftServerImpl (ServerState.java:<init>(103)) - 24bf2945-a329-4da6-aaf2-23ecd8d462c6@group-7EAE8DFEC943: ConfigurationManager, init=-1: [24bf2945-a329-4da6-aaf2-23ecd8d462c6:192.168.30.10:42867], old=null, confs=<EMPTY_MAP>
2019-09-25 07:04:48,439 [pool-47-thread-1] INFO  server.RaftServerConfigKeys (ConfUtils.java:logGet(43)) - raft.server.storage.dir = [/workdir/hadoop-ozone/integration-test/target/test-dir/MiniOzoneClusterImpl-39af9574-7a8b-4ed7-b830-bf686a3d4bb8/datanode-2/data/ratis] (custom)
2019-09-25 07:04:48,439 [pool-47-thread-1] INFO  storage.RaftStorageDirectory (RaftStorageDirectory.java:analyzeStorage(246)) - The storage directory /workdir/hadoop-ozone/integration-test/target/test-dir/MiniOzoneClusterImpl-39af9574-7a8b-4ed7-b830-bf686a3d4bb8/datanode-2/data/ratis/2f366902-2e3f-4958-8cc1-7eae8dfec943 does not exist. Creating ...
2019-09-25 07:04:48,452 [pool-47-thread-1] INFO  storage.RaftStorageDirectory (RaftStorageDirectory.java:tryLock(328)) - Lock on /workdir/hadoop-ozone/integration-test/target/test-dir/MiniOzoneClusterImpl-39af9574-7a8b-4ed7-b830-bf686a3d4bb8/datanode-2/data/ratis/2f366902-2e3f-4958-8cc1-7eae8dfec943/in_use.lock acquired by nodename 19495@pr-hdds-1569-s62bp-3040748787
2019-09-25 07:04:48,465 [pool-47-thread-1] INFO  storage.RaftStorage (RaftStorage.java:format(72)) - Storage directory /workdir/hadoop-ozone/integration-test/target/test-dir/MiniOzoneClusterImpl-39af9574-7a8b-4ed7-b830-bf686a3d4bb8/datanode-2/data/ratis/2f366902-2e3f-4958-8cc1-7eae8dfec943 has been successfully formatted.
2019-09-25 07:04:48,465 [pool-47-thread-1] INFO  ratis.ContainerStateMachine (ContainerStateMachine.java:loadSnapshot(230)) - group-7EAE8DFEC943: The snapshot info is null. Setting the last applied indexto:(t:0, i:~)
2019-09-25 07:04:48,465 [pool-47-thread-1] INFO  server.RaftServerConfigKeys (ConfUtils.java:logGet(43)) - raft.server.notification.no-leader.timeout = 120s (custom)
2019-09-25 07:04:48,466 [pool-47-thread-1] INFO  server.RaftServerConfigKeys (ConfUtils.java:logGet(43)) - raft.server.log.use.memory = false (default)
2019-09-25 07:04:48,466 [pool-47-thread-1] INFO  server.RaftServerConfigKeys (ConfUtils.java:logGet(43)) - raft.server.log.purge.gap = 1000000 (custom)
2019-09-25 07:04:48,466 [pool-47-thread-1] INFO  server.RaftServerConfigKeys (ConfUtils.java:logGet(43)) - raft.server.log.appender.buffer.byte-limit = 33554432 (custom)
2019-09-25 07:04:48,466 [pool-47-thread-1] INFO  server.RaftServerConfigKeys (ConfUtils.java:logGet(43)) - raft.server.log.segment.size.max = 1048576 (custom)
2019-09-25 07:04:48,466 [pool-47-thread-1] INFO  server.RaftServerConfigKeys (ConfUtils.java:logGet(43)) - raft.server.log.segment.cache.num.max = 2 (custom)
2019-09-25 07:04:48,466 [pool-47-thread-1] INFO  segmented.SegmentedRaftLogWorker (SegmentedRaftLogWorker.java:<init>(172)) - new 24bf2945-a329-4da6-aaf2-23ecd8d462c6@group-7EAE8DFEC943-SegmentedRaftLogWorker for RaftStorage:Storage Directory /workdir/hadoop-ozone/integration-test/target/test-dir/MiniOzoneClusterImpl-39af9574-7a8b-4ed7-b830-bf686a3d4bb8/datanode-2/data/ratis/2f366902-2e3f-4958-8cc1-7eae8dfec943
2019-09-25 07:04:48,467 [pool-47-thread-1] INFO  server.RaftServerConfigKeys (ConfUtils.java:logGet(43)) - raft.server.log.queue.byte-limit = 2147483647 (custom)
2019-09-25 07:04:48,467 [pool-47-thread-1] INFO  server.RaftServerConfigKeys (ConfUtils.java:logGet(43)) - raft.server.log.queue.element-limit = 1024 (custom)
2019-09-25 07:04:48,467 [pool-47-thread-1] INFO  server.RaftServerConfigKeys (ConfUtils.java:logGet(43)) - raft.server.log.segment.size.max = 1048576 (custom)
2019-09-25 07:04:48,467 [pool-47-thread-1] INFO  server.RaftServerConfigKeys (ConfUtils.java:logGet(43)) - raft.server.log.preallocated.size = 16384 (custom)
2019-09-25 07:04:48,467 [pool-47-thread-1] INFO  server.RaftServerConfigKeys (ConfUtils.java:logGet(43)) - raft.server.log.write.buffer.size = 33554432 (custom)
2019-09-25 07:04:48,467 [pool-47-thread-1] INFO  server.RaftServerConfigKeys (ConfUtils.java:logGet(43)) - raft.server.log.force.sync.num = 128 (default)
2019-09-25 07:04:48,468 [pool-47-thread-1] INFO  server.RaftServerConfigKeys (ConfUtils.java:logGet(43)) - raft.server.log.statemachine.data.sync = true (default)
2019-09-25 07:04:48,468 [pool-47-thread-1] INFO  server.RaftServerConfigKeys (ConfUtils.java:logGet(43)) - raft.server.log.statemachine.data.sync.timeout = 10s (default)
2019-09-25 07:04:48,468 [pool-47-thread-1] INFO  server.RaftServerConfigKeys (ConfUtils.java:logGet(43)) - raft.server.log.statemachine.data.sync.timeout.retry = -1 (default)
2019-09-25 07:04:48,468 [pool-47-thread-1] INFO  server.RaftServerConfigKeys (ConfUtils.java:logGet(43)) - raft.server.log.statemachine.data.caching.enabled = true (custom)
2019-09-25 07:04:48,468 [pool-47-thread-1] INFO  segmented.SegmentedRaftLogWorker (SegmentedRaftLogWorker.java:lambda$new$0(132)) - 24bf2945-a329-4da6-aaf2-23ecd8d462c6@group-7EAE8DFEC943-SegmentedRaftLogWorker: flushIndex: setUnconditionally 0 -> -1
2019-09-25 07:04:48,469 [pool-47-thread-1] INFO  server.RaftServerConfigKeys (ConfUtils.java:logGet(43)) - raft.server.snapshot.auto.trigger.enabled = true (custom)
2019-09-25 07:04:48,469 [pool-47-thread-1] INFO  server.RaftServerConfigKeys (ConfUtils.java:logGet(43)) - raft.server.snapshot.auto.trigger.threshold = 10000 (custom)
2019-09-25 07:04:48,469 [pool-47-thread-1] INFO  server.RaftServerConfigKeys (ConfUtils.java:logGet(43)) - raft.server.snapshot.retention.num.files = 5 (custom)
2019-09-25 07:04:48,469 [pool-47-thread-1] INFO  server.RaftServerConfigKeys (ConfUtils.java:logGet(43)) - raft.server.retrycache.expirytime = 600000ms (custom)
2019-09-25 07:04:48,472 [pool-47-thread-1] INFO  impl.RaftServerImpl (RaftServerImpl.java:start(185)) - 24bf2945-a329-4da6-aaf2-23ecd8d462c6@group-7EAE8DFEC943: start as a follower, conf=-1: [24bf2945-a329-4da6-aaf2-23ecd8d462c6:192.168.30.10:42867], old=null
2019-09-25 07:04:48,472 [pool-47-thread-1] INFO  impl.RaftServerImpl (RaftServerImpl.java:setRole(174)) - 24bf2945-a329-4da6-aaf2-23ecd8d462c6@group-7EAE8DFEC943: changes role from      null to FOLLOWER at term 0 for startAsFollower
2019-09-25 07:04:48,472 [pool-47-thread-1] INFO  impl.RoleInfo (RoleInfo.java:updateAndGet(143)) - 24bf2945-a329-4da6-aaf2-23ecd8d462c6: start FollowerState
2019-09-25 07:04:48,473 [pool-47-thread-1] INFO  util.JmxRegister (JmxRegister.java:tryRegister(44)) - Successfully registered JMX Bean with object name Ratis:service=RaftServer,group=group-7EAE8DFEC943,id=24bf2945-a329-4da6-aaf2-23ecd8d462c6
2019-09-25 07:04:48,475 [RatisPipelineUtilsThread] INFO  pipeline.PipelineStateManager (PipelineStateManager.java:addPipeline(56)) - Created pipeline Pipeline[ Id: 2f366902-2e3f-4958-8cc1-7eae8dfec943, Nodes: 24bf2945-a329-4da6-aaf2-23ecd8d462c6{ip: 192.168.30.10, host: pr-hdds-1569-s62bp-3040748787, networkLocation: /default-rack, certSerialId: null}, Type:RATIS, Factor:ONE, State:OPEN]
2019-09-25 07:04:48,481 [grpc-default-executor-0] INFO  impl.RaftServerProxy (RaftServerProxy.java:addNew(89)) - e568d23f-199e-48ce-91e4-5c166e2e97cd: addNew group-4D304F3CBDC4:[e568d23f-199e-48ce-91e4-5c166e2e97cd:192.168.30.10:42827] returns group-4D304F3CBDC4:java.util.concurrent.CompletableFuture@44f9b252[Not completed]
2019-09-25 07:04:48,483 [pool-27-thread-1] INFO  impl.RaftServerImpl (RaftServerImpl.java:<init>(95)) - e568d23f-199e-48ce-91e4-5c166e2e97cd: new RaftServerImpl for group-4D304F3CBDC4:[e568d23f-199e-48ce-91e4-5c166e2e97cd:192.168.30.10:42827] with ContainerStateMachine:uninitialized
2019-09-25 07:04:48,483 [pool-27-thread-1] INFO  server.RaftServerConfigKeys (ConfUtils.java:logGet(43)) - raft.server.rpc.timeout.min = 5s (custom)
2019-09-25 07:04:48,483 [pool-27-thread-1] INFO  server.RaftServerConfigKeys (ConfUtils.java:logGet(43)) - raft.server.rpc.timeout.max = 5200ms (custom)
2019-09-25 07:04:48,483 [pool-27-thread-1] INFO  server.RaftServerConfigKeys (ConfUtils.java:logGet(43)) - raft.server.rpcslowness.timeout = 120s (custom)
2019-09-25 07:04:48,483 [pool-27-thread-1] INFO  server.RaftServerConfigKeys (ConfUtils.java:logGet(43)) - raft.server.sleep.deviation.threshold = 300 (default)
2019-09-25 07:04:48,483 [pool-27-thread-1] INFO  server.RaftServerConfigKeys (ConfUtils.java:logGet(43)) - raft.server.log.appender.install.snapshot.enabled = false (custom)
2019-09-25 07:04:48,484 [pool-27-thread-1] INFO  impl.RaftServerImpl (ServerState.java:<init>(103)) - e568d23f-199e-48ce-91e4-5c166e2e97cd@group-4D304F3CBDC4: ConfigurationManager, init=-1: [e568d23f-199e-48ce-91e4-5c166e2e97cd:192.168.30.10:42827], old=null, confs=<EMPTY_MAP>
2019-09-25 07:04:48,484 [pool-27-thread-1] INFO  server.RaftServerConfigKeys (ConfUtils.java:logGet(43)) - raft.server.storage.dir = [/workdir/hadoop-ozone/integration-test/target/test-dir/MiniOzoneClusterImpl-39af9574-7a8b-4ed7-b830-bf686a3d4bb8/datanode-0/data/ratis] (custom)
2019-09-25 07:04:48,484 [pool-27-thread-1] INFO  storage.RaftStorageDirectory (RaftStorageDirectory.java:analyzeStorage(246)) - The storage directory /workdir/hadoop-ozone/integration-test/target/test-dir/MiniOzoneClusterImpl-39af9574-7a8b-4ed7-b830-bf686a3d4bb8/datanode-0/data/ratis/285336ab-56a6-4096-9e20-4d304f3cbdc4 does not exist. Creating ...
2019-09-25 07:04:48,497 [pool-27-thread-1] INFO  storage.RaftStorageDirectory (RaftStorageDirectory.java:tryLock(328)) - Lock on /workdir/hadoop-ozone/integration-test/target/test-dir/MiniOzoneClusterImpl-39af9574-7a8b-4ed7-b830-bf686a3d4bb8/datanode-0/data/ratis/285336ab-56a6-4096-9e20-4d304f3cbdc4/in_use.lock acquired by nodename 19495@pr-hdds-1569-s62bp-3040748787
2019-09-25 07:04:48,501 [pool-27-thread-1] INFO  storage.RaftStorage (RaftStorage.java:format(72)) - Storage directory /workdir/hadoop-ozone/integration-test/target/test-dir/MiniOzoneClusterImpl-39af9574-7a8b-4ed7-b830-bf686a3d4bb8/datanode-0/data/ratis/285336ab-56a6-4096-9e20-4d304f3cbdc4 has been successfully formatted.
2019-09-25 07:04:48,501 [pool-27-thread-1] INFO  ratis.ContainerStateMachine (ContainerStateMachine.java:loadSnapshot(230)) - group-4D304F3CBDC4: The snapshot info is null. Setting the last applied indexto:(t:0, i:~)
2019-09-25 07:04:48,501 [pool-27-thread-1] INFO  server.RaftServerConfigKeys (ConfUtils.java:logGet(43)) - raft.server.notification.no-leader.timeout = 120s (custom)
2019-09-25 07:04:48,501 [pool-27-thread-1] INFO  server.RaftServerConfigKeys (ConfUtils.java:logGet(43)) - raft.server.log.use.memory = false (default)
2019-09-25 07:04:48,502 [pool-27-thread-1] INFO  server.RaftServerConfigKeys (ConfUtils.java:logGet(43)) - raft.server.log.purge.gap = 1000000 (custom)
2019-09-25 07:04:48,502 [pool-27-thread-1] INFO  server.RaftServerConfigKeys (ConfUtils.java:logGet(43)) - raft.server.log.appender.buffer.byte-limit = 33554432 (custom)
2019-09-25 07:04:48,502 [pool-27-thread-1] INFO  server.RaftServerConfigKeys (ConfUtils.java:logGet(43)) - raft.server.log.segment.size.max = 1048576 (custom)
2019-09-25 07:04:48,502 [pool-27-thread-1] INFO  server.RaftServerConfigKeys (ConfUtils.java:logGet(43)) - raft.server.log.segment.cache.num.max = 2 (custom)
2019-09-25 07:04:48,502 [pool-27-thread-1] INFO  segmented.SegmentedRaftLogWorker (SegmentedRaftLogWorker.java:<init>(172)) - new e568d23f-199e-48ce-91e4-5c166e2e97cd@group-4D304F3CBDC4-SegmentedRaftLogWorker for RaftStorage:Storage Directory /workdir/hadoop-ozone/integration-test/target/test-dir/MiniOzoneClusterImpl-39af9574-7a8b-4ed7-b830-bf686a3d4bb8/datanode-0/data/ratis/285336ab-56a6-4096-9e20-4d304f3cbdc4
2019-09-25 07:04:48,502 [pool-27-thread-1] INFO  server.RaftServerConfigKeys (ConfUtils.java:logGet(43)) - raft.server.log.queue.byte-limit = 2147483647 (custom)
2019-09-25 07:04:48,503 [pool-27-thread-1] INFO  server.RaftServerConfigKeys (ConfUtils.java:logGet(43)) - raft.server.log.queue.element-limit = 1024 (custom)
2019-09-25 07:04:48,503 [pool-27-thread-1] INFO  server.RaftServerConfigKeys (ConfUtils.java:logGet(43)) - raft.server.log.segment.size.max = 1048576 (custom)
2019-09-25 07:04:48,503 [pool-27-thread-1] INFO  server.RaftServerConfigKeys (ConfUtils.java:logGet(43)) - raft.server.log.preallocated.size = 16384 (custom)
2019-09-25 07:04:48,503 [pool-27-thread-1] INFO  server.RaftServerConfigKeys (ConfUtils.java:logGet(43)) - raft.server.log.write.buffer.size = 33554432 (custom)
2019-09-25 07:04:48,503 [pool-27-thread-1] INFO  server.RaftServerConfigKeys (ConfUtils.java:logGet(43)) - raft.server.log.force.sync.num = 128 (default)
2019-09-25 07:04:48,503 [pool-27-thread-1] INFO  server.RaftServerConfigKeys (ConfUtils.java:logGet(43)) - raft.server.log.statemachine.data.sync = true (default)
2019-09-25 07:04:48,504 [pool-27-thread-1] INFO  server.RaftServerConfigKeys (ConfUtils.java:logGet(43)) - raft.server.log.statemachine.data.sync.timeout = 10s (default)
2019-09-25 07:04:48,504 [pool-27-thread-1] INFO  server.RaftServerConfigKeys (ConfUtils.java:logGet(43)) - raft.server.log.statemachine.data.sync.timeout.retry = -1 (default)
2019-09-25 07:04:48,504 [pool-27-thread-1] INFO  server.RaftServerConfigKeys (ConfUtils.java:logGet(43)) - raft.server.log.statemachine.data.caching.enabled = true (custom)
2019-09-25 07:04:48,504 [pool-27-thread-1] INFO  segmented.SegmentedRaftLogWorker (SegmentedRaftLogWorker.java:lambda$new$0(132)) - e568d23f-199e-48ce-91e4-5c166e2e97cd@group-4D304F3CBDC4-SegmentedRaftLogWorker: flushIndex: setUnconditionally 0 -> -1
2019-09-25 07:04:48,505 [pool-27-thread-1] INFO  server.RaftServerConfigKeys (ConfUtils.java:logGet(43)) - raft.server.snapshot.auto.trigger.enabled = true (custom)
2019-09-25 07:04:48,505 [pool-27-thread-1] INFO  server.RaftServerConfigKeys (ConfUtils.java:logGet(43)) - raft.server.snapshot.auto.trigger.threshold = 10000 (custom)
2019-09-25 07:04:48,505 [pool-27-thread-1] INFO  server.RaftServerConfigKeys (ConfUtils.java:logGet(43)) - raft.server.snapshot.retention.num.files = 5 (custom)
2019-09-25 07:04:48,505 [pool-27-thread-1] INFO  server.RaftServerConfigKeys (ConfUtils.java:logGet(43)) - raft.server.retrycache.expirytime = 600000ms (custom)
2019-09-25 07:04:48,508 [pool-27-thread-1] INFO  impl.RaftServerImpl (RaftServerImpl.java:start(185)) - e568d23f-199e-48ce-91e4-5c166e2e97cd@group-4D304F3CBDC4: start as a follower, conf=-1: [e568d23f-199e-48ce-91e4-5c166e2e97cd:192.168.30.10:42827], old=null
2019-09-25 07:04:48,508 [pool-27-thread-1] INFO  impl.RaftServerImpl (RaftServerImpl.java:setRole(174)) - e568d23f-199e-48ce-91e4-5c166e2e97cd@group-4D304F3CBDC4: changes role from      null to FOLLOWER at term 0 for startAsFollower
2019-09-25 07:04:48,508 [pool-27-thread-1] INFO  impl.RoleInfo (RoleInfo.java:updateAndGet(143)) - e568d23f-199e-48ce-91e4-5c166e2e97cd: start FollowerState
2019-09-25 07:04:48,508 [pool-27-thread-1] INFO  util.JmxRegister (JmxRegister.java:tryRegister(44)) - Successfully registered JMX Bean with object name Ratis:service=RaftServer,group=group-4D304F3CBDC4,id=e568d23f-199e-48ce-91e4-5c166e2e97cd
2019-09-25 07:04:48,511 [RatisPipelineUtilsThread] INFO  pipeline.PipelineStateManager (PipelineStateManager.java:addPipeline(56)) - Created pipeline Pipeline[ Id: 285336ab-56a6-4096-9e20-4d304f3cbdc4, Nodes: e568d23f-199e-48ce-91e4-5c166e2e97cd{ip: 192.168.30.10, host: pr-hdds-1569-s62bp-3040748787, networkLocation: /default-rack, certSerialId: null}, Type:RATIS, Factor:ONE, State:OPEN]
2019-09-25 07:04:48,516 [grpc-default-executor-0] INFO  impl.RaftServerProxy (RaftServerProxy.java:addNew(89)) - 24bf2945-a329-4da6-aaf2-23ecd8d462c6: addNew group-59E882B450F2:[24bf2945-a329-4da6-aaf2-23ecd8d462c6:192.168.30.10:42867] returns group-59E882B450F2:java.util.concurrent.CompletableFuture@34210232[Not completed]
2019-09-25 07:04:48,518 [pool-47-thread-1] INFO  impl.RaftServerImpl (RaftServerImpl.java:<init>(95)) - 24bf2945-a329-4da6-aaf2-23ecd8d462c6: new RaftServerImpl for group-59E882B450F2:[24bf2945-a329-4da6-aaf2-23ecd8d462c6:192.168.30.10:42867] with ContainerStateMachine:uninitialized
2019-09-25 07:04:48,518 [pool-47-thread-1] INFO  server.RaftServerConfigKeys (ConfUtils.java:logGet(43)) - raft.server.rpc.timeout.min = 5s (custom)
2019-09-25 07:04:48,518 [pool-47-thread-1] INFO  server.RaftServerConfigKeys (ConfUtils.java:logGet(43)) - raft.server.rpc.timeout.max = 5200ms (custom)
2019-09-25 07:04:48,518 [pool-47-thread-1] INFO  server.RaftServerConfigKeys (ConfUtils.java:logGet(43)) - raft.server.rpcslowness.timeout = 120s (custom)
2019-09-25 07:04:48,518 [pool-47-thread-1] INFO  server.RaftServerConfigKeys (ConfUtils.java:logGet(43)) - raft.server.sleep.deviation.threshold = 300 (default)
2019-09-25 07:04:48,519 [pool-47-thread-1] INFO  server.RaftServerConfigKeys (ConfUtils.java:logGet(43)) - raft.server.log.appender.install.snapshot.enabled = false (custom)
2019-09-25 07:04:48,519 [pool-47-thread-1] INFO  impl.RaftServerImpl (ServerState.java:<init>(103)) - 24bf2945-a329-4da6-aaf2-23ecd8d462c6@group-59E882B450F2: ConfigurationManager, init=-1: [24bf2945-a329-4da6-aaf2-23ecd8d462c6:192.168.30.10:42867], old=null, confs=<EMPTY_MAP>
2019-09-25 07:04:48,519 [pool-47-thread-1] INFO  server.RaftServerConfigKeys (ConfUtils.java:logGet(43)) - raft.server.storage.dir = [/workdir/hadoop-ozone/integration-test/target/test-dir/MiniOzoneClusterImpl-39af9574-7a8b-4ed7-b830-bf686a3d4bb8/datanode-2/data/ratis] (custom)
2019-09-25 07:04:48,519 [pool-47-thread-1] INFO  storage.RaftStorageDirectory (RaftStorageDirectory.java:analyzeStorage(246)) - The storage directory /workdir/hadoop-ozone/integration-test/target/test-dir/MiniOzoneClusterImpl-39af9574-7a8b-4ed7-b830-bf686a3d4bb8/datanode-2/data/ratis/54452fba-077b-41f9-9af1-59e882b450f2 does not exist. Creating ...
2019-09-25 07:04:48,523 [pool-47-thread-1] INFO  storage.RaftStorageDirectory (RaftStorageDirectory.java:tryLock(328)) - Lock on /workdir/hadoop-ozone/integration-test/target/test-dir/MiniOzoneClusterImpl-39af9574-7a8b-4ed7-b830-bf686a3d4bb8/datanode-2/data/ratis/54452fba-077b-41f9-9af1-59e882b450f2/in_use.lock acquired by nodename 19495@pr-hdds-1569-s62bp-3040748787
2019-09-25 07:04:48,526 [pool-47-thread-1] INFO  storage.RaftStorage (RaftStorage.java:format(72)) - Storage directory /workdir/hadoop-ozone/integration-test/target/test-dir/MiniOzoneClusterImpl-39af9574-7a8b-4ed7-b830-bf686a3d4bb8/datanode-2/data/ratis/54452fba-077b-41f9-9af1-59e882b450f2 has been successfully formatted.
2019-09-25 07:04:48,526 [pool-47-thread-1] INFO  ratis.ContainerStateMachine (ContainerStateMachine.java:loadSnapshot(230)) - group-59E882B450F2: The snapshot info is null. Setting the last applied indexto:(t:0, i:~)
2019-09-25 07:04:48,527 [pool-47-thread-1] INFO  server.RaftServerConfigKeys (ConfUtils.java:logGet(43)) - raft.server.notification.no-leader.timeout = 120s (custom)
2019-09-25 07:04:48,527 [pool-47-thread-1] INFO  server.RaftServerConfigKeys (ConfUtils.java:logGet(43)) - raft.server.log.use.memory = false (default)
2019-09-25 07:04:48,527 [pool-47-thread-1] INFO  server.RaftServerConfigKeys (ConfUtils.java:logGet(43)) - raft.server.log.purge.gap = 1000000 (custom)
2019-09-25 07:04:48,527 [pool-47-thread-1] INFO  server.RaftServerConfigKeys (ConfUtils.java:logGet(43)) - raft.server.log.appender.buffer.byte-limit = 33554432 (custom)
2019-09-25 07:04:48,527 [pool-47-thread-1] INFO  server.RaftServerConfigKeys (ConfUtils.java:logGet(43)) - raft.server.log.segment.size.max = 1048576 (custom)
2019-09-25 07:04:48,527 [pool-47-thread-1] INFO  server.RaftServerConfigKeys (ConfUtils.java:logGet(43)) - raft.server.log.segment.cache.num.max = 2 (custom)
2019-09-25 07:04:48,527 [pool-47-thread-1] INFO  segmented.SegmentedRaftLogWorker (SegmentedRaftLogWorker.java:<init>(172)) - new 24bf2945-a329-4da6-aaf2-23ecd8d462c6@group-59E882B450F2-SegmentedRaftLogWorker for RaftStorage:Storage Directory /workdir/hadoop-ozone/integration-test/target/test-dir/MiniOzoneClusterImpl-39af9574-7a8b-4ed7-b830-bf686a3d4bb8/datanode-2/data/ratis/54452fba-077b-41f9-9af1-59e882b450f2
2019-09-25 07:04:48,528 [pool-47-thread-1] INFO  server.RaftServerConfigKeys (ConfUtils.java:logGet(43)) - raft.server.log.queue.byte-limit = 2147483647 (custom)
2019-09-25 07:04:48,528 [pool-47-thread-1] INFO  server.RaftServerConfigKeys (ConfUtils.java:logGet(43)) - raft.server.log.queue.element-limit = 1024 (custom)
2019-09-25 07:04:48,528 [pool-47-thread-1] INFO  server.RaftServerConfigKeys (ConfUtils.java:logGet(43)) - raft.server.log.segment.size.max = 1048576 (custom)
2019-09-25 07:04:48,528 [pool-47-thread-1] INFO  server.RaftServerConfigKeys (ConfUtils.java:logGet(43)) - raft.server.log.preallocated.size = 16384 (custom)
2019-09-25 07:04:48,528 [pool-47-thread-1] INFO  server.RaftServerConfigKeys (ConfUtils.java:logGet(43)) - raft.server.log.write.buffer.size = 33554432 (custom)
2019-09-25 07:04:48,528 [pool-47-thread-1] INFO  server.RaftServerConfigKeys (ConfUtils.java:logGet(43)) - raft.server.log.force.sync.num = 128 (default)
2019-09-25 07:04:48,529 [pool-47-thread-1] INFO  server.RaftServerConfigKeys (ConfUtils.java:logGet(43)) - raft.server.log.statemachine.data.sync = true (default)
2019-09-25 07:04:48,529 [pool-47-thread-1] INFO  server.RaftServerConfigKeys (ConfUtils.java:logGet(43)) - raft.server.log.statemachine.data.sync.timeout = 10s (default)
2019-09-25 07:04:48,529 [pool-47-thread-1] INFO  server.RaftServerConfigKeys (ConfUtils.java:logGet(43)) - raft.server.log.statemachine.data.sync.timeout.retry = -1 (default)
2019-09-25 07:04:48,529 [pool-47-thread-1] INFO  server.RaftServerConfigKeys (ConfUtils.java:logGet(43)) - raft.server.log.statemachine.data.caching.enabled = true (custom)
2019-09-25 07:04:48,529 [pool-47-thread-1] INFO  segmented.SegmentedRaftLogWorker (SegmentedRaftLogWorker.java:lambda$new$0(132)) - 24bf2945-a329-4da6-aaf2-23ecd8d462c6@group-59E882B450F2-SegmentedRaftLogWorker: flushIndex: setUnconditionally 0 -> -1
2019-09-25 07:04:48,530 [pool-47-thread-1] INFO  server.RaftServerConfigKeys (ConfUtils.java:logGet(43)) - raft.server.snapshot.auto.trigger.enabled = true (custom)
2019-09-25 07:04:48,530 [pool-47-thread-1] INFO  server.RaftServerConfigKeys (ConfUtils.java:logGet(43)) - raft.server.snapshot.auto.trigger.threshold = 10000 (custom)
2019-09-25 07:04:48,530 [pool-47-thread-1] INFO  server.RaftServerConfigKeys (ConfUtils.java:logGet(43)) - raft.server.snapshot.retention.num.files = 5 (custom)
2019-09-25 07:04:48,530 [pool-47-thread-1] INFO  server.RaftServerConfigKeys (ConfUtils.java:logGet(43)) - raft.server.retrycache.expirytime = 600000ms (custom)
2019-09-25 07:04:48,533 [pool-47-thread-1] INFO  impl.RaftServerImpl (RaftServerImpl.java:start(185)) - 24bf2945-a329-4da6-aaf2-23ecd8d462c6@group-59E882B450F2: start as a follower, conf=-1: [24bf2945-a329-4da6-aaf2-23ecd8d462c6:192.168.30.10:42867], old=null
2019-09-25 07:04:48,533 [pool-47-thread-1] INFO  impl.RaftServerImpl (RaftServerImpl.java:setRole(174)) - 24bf2945-a329-4da6-aaf2-23ecd8d462c6@group-59E882B450F2: changes role from      null to FOLLOWER at term 0 for startAsFollower
2019-09-25 07:04:48,534 [pool-47-thread-1] INFO  impl.RoleInfo (RoleInfo.java:updateAndGet(143)) - 24bf2945-a329-4da6-aaf2-23ecd8d462c6: start FollowerState
2019-09-25 07:04:48,534 [pool-47-thread-1] INFO  util.JmxRegister (JmxRegister.java:tryRegister(44)) - Successfully registered JMX Bean with object name Ratis:service=RaftServer,group=group-59E882B450F2,id=24bf2945-a329-4da6-aaf2-23ecd8d462c6
2019-09-25 07:04:48,537 [RatisPipelineUtilsThread] INFO  pipeline.PipelineStateManager (PipelineStateManager.java:addPipeline(56)) - Created pipeline Pipeline[ Id: 54452fba-077b-41f9-9af1-59e882b450f2, Nodes: 24bf2945-a329-4da6-aaf2-23ecd8d462c6{ip: 192.168.30.10, host: pr-hdds-1569-s62bp-3040748787, networkLocation: /default-rack, certSerialId: null}, Type:RATIS, Factor:ONE, State:OPEN]
2019-09-25 07:04:48,542 [grpc-default-executor-0] INFO  impl.RaftServerProxy (RaftServerProxy.java:addNew(89)) - 62ec8eb9-3ae9-4136-b70a-2caf3716fa7f: addNew group-853F494A7699:[62ec8eb9-3ae9-4136-b70a-2caf3716fa7f:192.168.30.10:44715] returns group-853F494A7699:java.util.concurrent.CompletableFuture@1cf11dd5[Not completed]
2019-09-25 07:04:48,543 [pool-37-thread-1] INFO  impl.RaftServerImpl (RaftServerImpl.java:<init>(95)) - 62ec8eb9-3ae9-4136-b70a-2caf3716fa7f: new RaftServerImpl for group-853F494A7699:[62ec8eb9-3ae9-4136-b70a-2caf3716fa7f:192.168.30.10:44715] with ContainerStateMachine:uninitialized
2019-09-25 07:04:48,543 [pool-37-thread-1] INFO  server.RaftServerConfigKeys (ConfUtils.java:logGet(43)) - raft.server.rpc.timeout.min = 5s (custom)
2019-09-25 07:04:48,543 [pool-37-thread-1] INFO  server.RaftServerConfigKeys (ConfUtils.java:logGet(43)) - raft.server.rpc.timeout.max = 5200ms (custom)
2019-09-25 07:04:48,544 [pool-37-thread-1] INFO  server.RaftServerConfigKeys (ConfUtils.java:logGet(43)) - raft.server.rpcslowness.timeout = 120s (custom)
2019-09-25 07:04:48,544 [pool-37-thread-1] INFO  server.RaftServerConfigKeys (ConfUtils.java:logGet(43)) - raft.server.sleep.deviation.threshold = 300 (default)
2019-09-25 07:04:48,544 [pool-37-thread-1] INFO  server.RaftServerConfigKeys (ConfUtils.java:logGet(43)) - raft.server.log.appender.install.snapshot.enabled = false (custom)
2019-09-25 07:04:48,544 [pool-37-thread-1] INFO  impl.RaftServerImpl (ServerState.java:<init>(103)) - 62ec8eb9-3ae9-4136-b70a-2caf3716fa7f@group-853F494A7699: ConfigurationManager, init=-1: [62ec8eb9-3ae9-4136-b70a-2caf3716fa7f:192.168.30.10:44715], old=null, confs=<EMPTY_MAP>
2019-09-25 07:04:48,544 [pool-37-thread-1] INFO  server.RaftServerConfigKeys (ConfUtils.java:logGet(43)) - raft.server.storage.dir = [/workdir/hadoop-ozone/integration-test/target/test-dir/MiniOzoneClusterImpl-39af9574-7a8b-4ed7-b830-bf686a3d4bb8/datanode-1/data/ratis] (custom)
2019-09-25 07:04:48,545 [pool-37-thread-1] INFO  storage.RaftStorageDirectory (RaftStorageDirectory.java:analyzeStorage(246)) - The storage directory /workdir/hadoop-ozone/integration-test/target/test-dir/MiniOzoneClusterImpl-39af9574-7a8b-4ed7-b830-bf686a3d4bb8/datanode-1/data/ratis/14a300b0-229d-4396-8ad0-853f494a7699 does not exist. Creating ...
2019-09-25 07:04:48,548 [pool-37-thread-1] INFO  storage.RaftStorageDirectory (RaftStorageDirectory.java:tryLock(328)) - Lock on /workdir/hadoop-ozone/integration-test/target/test-dir/MiniOzoneClusterImpl-39af9574-7a8b-4ed7-b830-bf686a3d4bb8/datanode-1/data/ratis/14a300b0-229d-4396-8ad0-853f494a7699/in_use.lock acquired by nodename 19495@pr-hdds-1569-s62bp-3040748787
2019-09-25 07:04:48,552 [pool-37-thread-1] INFO  storage.RaftStorage (RaftStorage.java:format(72)) - Storage directory /workdir/hadoop-ozone/integration-test/target/test-dir/MiniOzoneClusterImpl-39af9574-7a8b-4ed7-b830-bf686a3d4bb8/datanode-1/data/ratis/14a300b0-229d-4396-8ad0-853f494a7699 has been successfully formatted.
2019-09-25 07:04:48,552 [pool-37-thread-1] INFO  ratis.ContainerStateMachine (ContainerStateMachine.java:loadSnapshot(230)) - group-853F494A7699: The snapshot info is null. Setting the last applied indexto:(t:0, i:~)
2019-09-25 07:04:48,552 [pool-37-thread-1] INFO  server.RaftServerConfigKeys (ConfUtils.java:logGet(43)) - raft.server.notification.no-leader.timeout = 120s (custom)
2019-09-25 07:04:48,552 [pool-37-thread-1] INFO  server.RaftServerConfigKeys (ConfUtils.java:logGet(43)) - raft.server.log.use.memory = false (default)
2019-09-25 07:04:48,552 [pool-37-thread-1] INFO  server.RaftServerConfigKeys (ConfUtils.java:logGet(43)) - raft.server.log.purge.gap = 1000000 (custom)
2019-09-25 07:04:48,552 [pool-37-thread-1] INFO  server.RaftServerConfigKeys (ConfUtils.java:logGet(43)) - raft.server.log.appender.buffer.byte-limit = 33554432 (custom)
2019-09-25 07:04:48,553 [pool-37-thread-1] INFO  server.RaftServerConfigKeys (ConfUtils.java:logGet(43)) - raft.server.log.segment.size.max = 1048576 (custom)
2019-09-25 07:04:48,553 [pool-37-thread-1] INFO  server.RaftServerConfigKeys (ConfUtils.java:logGet(43)) - raft.server.log.segment.cache.num.max = 2 (custom)
2019-09-25 07:04:48,553 [pool-37-thread-1] INFO  segmented.SegmentedRaftLogWorker (SegmentedRaftLogWorker.java:<init>(172)) - new 62ec8eb9-3ae9-4136-b70a-2caf3716fa7f@group-853F494A7699-SegmentedRaftLogWorker for RaftStorage:Storage Directory /workdir/hadoop-ozone/integration-test/target/test-dir/MiniOzoneClusterImpl-39af9574-7a8b-4ed7-b830-bf686a3d4bb8/datanode-1/data/ratis/14a300b0-229d-4396-8ad0-853f494a7699
2019-09-25 07:04:48,553 [pool-37-thread-1] INFO  server.RaftServerConfigKeys (ConfUtils.java:logGet(43)) - raft.server.log.queue.byte-limit = 2147483647 (custom)
2019-09-25 07:04:48,553 [pool-37-thread-1] INFO  server.RaftServerConfigKeys (ConfUtils.java:logGet(43)) - raft.server.log.queue.element-limit = 1024 (custom)
2019-09-25 07:04:48,553 [pool-37-thread-1] INFO  server.RaftServerConfigKeys (ConfUtils.java:logGet(43)) - raft.server.log.segment.size.max = 1048576 (custom)
2019-09-25 07:04:48,553 [pool-37-thread-1] INFO  server.RaftServerConfigKeys (ConfUtils.java:logGet(43)) - raft.server.log.preallocated.size = 16384 (custom)
2019-09-25 07:04:48,554 [pool-37-thread-1] INFO  server.RaftServerConfigKeys (ConfUtils.java:logGet(43)) - raft.server.log.write.buffer.size = 33554432 (custom)
2019-09-25 07:04:48,554 [pool-37-thread-1] INFO  server.RaftServerConfigKeys (ConfUtils.java:logGet(43)) - raft.server.log.force.sync.num = 128 (default)
2019-09-25 07:04:48,554 [pool-37-thread-1] INFO  server.RaftServerConfigKeys (ConfUtils.java:logGet(43)) - raft.server.log.statemachine.data.sync = true (default)
2019-09-25 07:04:48,554 [pool-37-thread-1] INFO  server.RaftServerConfigKeys (ConfUtils.java:logGet(43)) - raft.server.log.statemachine.data.sync.timeout = 10s (default)
2019-09-25 07:04:48,554 [pool-37-thread-1] INFO  server.RaftServerConfigKeys (ConfUtils.java:logGet(43)) - raft.server.log.statemachine.data.sync.timeout.retry = -1 (default)
2019-09-25 07:04:48,554 [pool-37-thread-1] INFO  server.RaftServerConfigKeys (ConfUtils.java:logGet(43)) - raft.server.log.statemachine.data.caching.enabled = true (custom)
2019-09-25 07:04:48,554 [pool-37-thread-1] INFO  segmented.SegmentedRaftLogWorker (SegmentedRaftLogWorker.java:lambda$new$0(132)) - 62ec8eb9-3ae9-4136-b70a-2caf3716fa7f@group-853F494A7699-SegmentedRaftLogWorker: flushIndex: setUnconditionally 0 -> -1
2019-09-25 07:04:48,555 [pool-37-thread-1] INFO  server.RaftServerConfigKeys (ConfUtils.java:logGet(43)) - raft.server.snapshot.auto.trigger.enabled = true (custom)
2019-09-25 07:04:48,555 [pool-37-thread-1] INFO  server.RaftServerConfigKeys (ConfUtils.java:logGet(43)) - raft.server.snapshot.auto.trigger.threshold = 10000 (custom)
2019-09-25 07:04:48,555 [pool-37-thread-1] INFO  server.RaftServerConfigKeys (ConfUtils.java:logGet(43)) - raft.server.snapshot.retention.num.files = 5 (custom)
2019-09-25 07:04:48,555 [pool-37-thread-1] INFO  server.RaftServerConfigKeys (ConfUtils.java:logGet(43)) - raft.server.retrycache.expirytime = 600000ms (custom)
2019-09-25 07:04:48,558 [pool-37-thread-1] INFO  impl.RaftServerImpl (RaftServerImpl.java:start(185)) - 62ec8eb9-3ae9-4136-b70a-2caf3716fa7f@group-853F494A7699: start as a follower, conf=-1: [62ec8eb9-3ae9-4136-b70a-2caf3716fa7f:192.168.30.10:44715], old=null
2019-09-25 07:04:48,558 [pool-37-thread-1] INFO  impl.RaftServerImpl (RaftServerImpl.java:setRole(174)) - 62ec8eb9-3ae9-4136-b70a-2caf3716fa7f@group-853F494A7699: changes role from      null to FOLLOWER at term 0 for startAsFollower
2019-09-25 07:04:48,558 [pool-37-thread-1] INFO  impl.RoleInfo (RoleInfo.java:updateAndGet(143)) - 62ec8eb9-3ae9-4136-b70a-2caf3716fa7f: start FollowerState
2019-09-25 07:04:48,558 [pool-37-thread-1] INFO  util.JmxRegister (JmxRegister.java:tryRegister(44)) - Successfully registered JMX Bean with object name Ratis:service=RaftServer,group=group-853F494A7699,id=62ec8eb9-3ae9-4136-b70a-2caf3716fa7f
2019-09-25 07:04:48,561 [RatisPipelineUtilsThread] INFO  pipeline.PipelineStateManager (PipelineStateManager.java:addPipeline(56)) - Created pipeline Pipeline[ Id: 14a300b0-229d-4396-8ad0-853f494a7699, Nodes: 62ec8eb9-3ae9-4136-b70a-2caf3716fa7f{ip: 192.168.30.10, host: pr-hdds-1569-s62bp-3040748787, networkLocation: /default-rack, certSerialId: null}, Type:RATIS, Factor:ONE, State:OPEN]
2019-09-25 07:04:48,566 [grpc-default-executor-0] INFO  impl.RaftServerProxy (RaftServerProxy.java:addNew(89)) - e568d23f-199e-48ce-91e4-5c166e2e97cd: addNew group-6D5E2718846D:[e568d23f-199e-48ce-91e4-5c166e2e97cd:192.168.30.10:42827] returns group-6D5E2718846D:java.util.concurrent.CompletableFuture@1702411d[Not completed]
2019-09-25 07:04:48,661 [pool-27-thread-1] INFO  impl.RaftServerImpl (RaftServerImpl.java:<init>(95)) - e568d23f-199e-48ce-91e4-5c166e2e97cd: new RaftServerImpl for group-6D5E2718846D:[e568d23f-199e-48ce-91e4-5c166e2e97cd:192.168.30.10:42827] with ContainerStateMachine:uninitialized
2019-09-25 07:04:48,665 [pool-27-thread-1] INFO  server.RaftServerConfigKeys (ConfUtils.java:logGet(43)) - raft.server.rpc.timeout.min = 5s (custom)
2019-09-25 07:04:48,666 [pool-27-thread-1] INFO  server.RaftServerConfigKeys (ConfUtils.java:logGet(43)) - raft.server.rpc.timeout.max = 5200ms (custom)
2019-09-25 07:04:48,666 [pool-27-thread-1] INFO  server.RaftServerConfigKeys (ConfUtils.java:logGet(43)) - raft.server.rpcslowness.timeout = 120s (custom)
2019-09-25 07:04:48,666 [pool-27-thread-1] INFO  server.RaftServerConfigKeys (ConfUtils.java:logGet(43)) - raft.server.sleep.deviation.threshold = 300 (default)
2019-09-25 07:04:48,666 [pool-27-thread-1] INFO  server.RaftServerConfigKeys (ConfUtils.java:logGet(43)) - raft.server.log.appender.install.snapshot.enabled = false (custom)
2019-09-25 07:04:48,666 [pool-27-thread-1] INFO  impl.RaftServerImpl (ServerState.java:<init>(103)) - e568d23f-199e-48ce-91e4-5c166e2e97cd@group-6D5E2718846D: ConfigurationManager, init=-1: [e568d23f-199e-48ce-91e4-5c166e2e97cd:192.168.30.10:42827], old=null, confs=<EMPTY_MAP>
2019-09-25 07:04:48,666 [pool-27-thread-1] INFO  server.RaftServerConfigKeys (ConfUtils.java:logGet(43)) - raft.server.storage.dir = [/workdir/hadoop-ozone/integration-test/target/test-dir/MiniOzoneClusterImpl-39af9574-7a8b-4ed7-b830-bf686a3d4bb8/datanode-0/data/ratis] (custom)
2019-09-25 07:04:48,667 [pool-27-thread-1] INFO  storage.RaftStorageDirectory (RaftStorageDirectory.java:analyzeStorage(246)) - The storage directory /workdir/hadoop-ozone/integration-test/target/test-dir/MiniOzoneClusterImpl-39af9574-7a8b-4ed7-b830-bf686a3d4bb8/datanode-0/data/ratis/3617ef69-9a8d-4422-bda2-6d5e2718846d does not exist. Creating ...
2019-09-25 07:04:48,680 [pool-27-thread-1] INFO  storage.RaftStorageDirectory (RaftStorageDirectory.java:tryLock(328)) - Lock on /workdir/hadoop-ozone/integration-test/target/test-dir/MiniOzoneClusterImpl-39af9574-7a8b-4ed7-b830-bf686a3d4bb8/datanode-0/data/ratis/3617ef69-9a8d-4422-bda2-6d5e2718846d/in_use.lock acquired by nodename 19495@pr-hdds-1569-s62bp-3040748787
2019-09-25 07:04:48,696 [pool-27-thread-1] INFO  storage.RaftStorage (RaftStorage.java:format(72)) - Storage directory /workdir/hadoop-ozone/integration-test/target/test-dir/MiniOzoneClusterImpl-39af9574-7a8b-4ed7-b830-bf686a3d4bb8/datanode-0/data/ratis/3617ef69-9a8d-4422-bda2-6d5e2718846d has been successfully formatted.
2019-09-25 07:04:48,709 [pool-27-thread-1] INFO  ratis.ContainerStateMachine (ContainerStateMachine.java:loadSnapshot(230)) - group-6D5E2718846D: The snapshot info is null. Setting the last applied indexto:(t:0, i:~)
2019-09-25 07:04:48,709 [pool-27-thread-1] INFO  server.RaftServerConfigKeys (ConfUtils.java:logGet(43)) - raft.server.notification.no-leader.timeout = 120s (custom)
2019-09-25 07:04:48,709 [pool-27-thread-1] INFO  server.RaftServerConfigKeys (ConfUtils.java:logGet(43)) - raft.server.log.use.memory = false (default)
2019-09-25 07:04:48,710 [pool-27-thread-1] INFO  server.RaftServerConfigKeys (ConfUtils.java:logGet(43)) - raft.server.log.purge.gap = 1000000 (custom)
2019-09-25 07:04:48,710 [pool-27-thread-1] INFO  server.RaftServerConfigKeys (ConfUtils.java:logGet(43)) - raft.server.log.appender.buffer.byte-limit = 33554432 (custom)
2019-09-25 07:04:48,710 [pool-27-thread-1] INFO  server.RaftServerConfigKeys (ConfUtils.java:logGet(43)) - raft.server.log.segment.size.max = 1048576 (custom)
2019-09-25 07:04:48,710 [pool-27-thread-1] INFO  server.RaftServerConfigKeys (ConfUtils.java:logGet(43)) - raft.server.log.segment.cache.num.max = 2 (custom)
2019-09-25 07:04:48,710 [pool-27-thread-1] INFO  segmented.SegmentedRaftLogWorker (SegmentedRaftLogWorker.java:<init>(172)) - new e568d23f-199e-48ce-91e4-5c166e2e97cd@group-6D5E2718846D-SegmentedRaftLogWorker for RaftStorage:Storage Directory /workdir/hadoop-ozone/integration-test/target/test-dir/MiniOzoneClusterImpl-39af9574-7a8b-4ed7-b830-bf686a3d4bb8/datanode-0/data/ratis/3617ef69-9a8d-4422-bda2-6d5e2718846d
2019-09-25 07:04:48,710 [pool-27-thread-1] INFO  server.RaftServerConfigKeys (ConfUtils.java:logGet(43)) - raft.server.log.queue.byte-limit = 2147483647 (custom)
2019-09-25 07:04:48,710 [pool-27-thread-1] INFO  server.RaftServerConfigKeys (ConfUtils.java:logGet(43)) - raft.server.log.queue.element-limit = 1024 (custom)
2019-09-25 07:04:48,711 [pool-27-thread-1] INFO  server.RaftServerConfigKeys (ConfUtils.java:logGet(43)) - raft.server.log.segment.size.max = 1048576 (custom)
2019-09-25 07:04:48,711 [pool-27-thread-1] INFO  server.RaftServerConfigKeys (ConfUtils.java:logGet(43)) - raft.server.log.preallocated.size = 16384 (custom)
2019-09-25 07:04:48,711 [pool-27-thread-1] INFO  server.RaftServerConfigKeys (ConfUtils.java:logGet(43)) - raft.server.log.write.buffer.size = 33554432 (custom)
2019-09-25 07:04:48,711 [pool-27-thread-1] INFO  server.RaftServerConfigKeys (ConfUtils.java:logGet(43)) - raft.server.log.force.sync.num = 128 (default)
2019-09-25 07:04:48,711 [pool-27-thread-1] INFO  server.RaftServerConfigKeys (ConfUtils.java:logGet(43)) - raft.server.log.statemachine.data.sync = true (default)
2019-09-25 07:04:48,711 [pool-27-thread-1] INFO  server.RaftServerConfigKeys (ConfUtils.java:logGet(43)) - raft.server.log.statemachine.data.sync.timeout = 10s (default)
2019-09-25 07:04:48,711 [pool-27-thread-1] INFO  server.RaftServerConfigKeys (ConfUtils.java:logGet(43)) - raft.server.log.statemachine.data.sync.timeout.retry = -1 (default)
2019-09-25 07:04:48,712 [pool-27-thread-1] INFO  server.RaftServerConfigKeys (ConfUtils.java:logGet(43)) - raft.server.log.statemachine.data.caching.enabled = true (custom)
2019-09-25 07:04:48,712 [pool-27-thread-1] INFO  segmented.SegmentedRaftLogWorker (SegmentedRaftLogWorker.java:lambda$new$0(132)) - e568d23f-199e-48ce-91e4-5c166e2e97cd@group-6D5E2718846D-SegmentedRaftLogWorker: flushIndex: setUnconditionally 0 -> -1
2019-09-25 07:04:48,712 [pool-27-thread-1] INFO  server.RaftServerConfigKeys (ConfUtils.java:logGet(43)) - raft.server.snapshot.auto.trigger.enabled = true (custom)
2019-09-25 07:04:48,712 [pool-27-thread-1] INFO  server.RaftServerConfigKeys (ConfUtils.java:logGet(43)) - raft.server.snapshot.auto.trigger.threshold = 10000 (custom)
2019-09-25 07:04:48,713 [pool-27-thread-1] INFO  server.RaftServerConfigKeys (ConfUtils.java:logGet(43)) - raft.server.snapshot.retention.num.files = 5 (custom)
2019-09-25 07:04:48,713 [pool-27-thread-1] INFO  server.RaftServerConfigKeys (ConfUtils.java:logGet(43)) - raft.server.retrycache.expirytime = 600000ms (custom)
2019-09-25 07:04:48,715 [pool-27-thread-1] INFO  impl.RaftServerImpl (RaftServerImpl.java:start(185)) - e568d23f-199e-48ce-91e4-5c166e2e97cd@group-6D5E2718846D: start as a follower, conf=-1: [e568d23f-199e-48ce-91e4-5c166e2e97cd:192.168.30.10:42827], old=null
2019-09-25 07:04:48,715 [pool-27-thread-1] INFO  impl.RaftServerImpl (RaftServerImpl.java:setRole(174)) - e568d23f-199e-48ce-91e4-5c166e2e97cd@group-6D5E2718846D: changes role from      null to FOLLOWER at term 0 for startAsFollower
2019-09-25 07:04:48,715 [pool-27-thread-1] INFO  impl.RoleInfo (RoleInfo.java:updateAndGet(143)) - e568d23f-199e-48ce-91e4-5c166e2e97cd: start FollowerState
2019-09-25 07:04:48,716 [pool-27-thread-1] INFO  util.JmxRegister (JmxRegister.java:tryRegister(44)) - Successfully registered JMX Bean with object name Ratis:service=RaftServer,group=group-6D5E2718846D,id=e568d23f-199e-48ce-91e4-5c166e2e97cd
2019-09-25 07:04:48,719 [RatisPipelineUtilsThread] INFO  pipeline.PipelineStateManager (PipelineStateManager.java:addPipeline(56)) - Created pipeline Pipeline[ Id: 3617ef69-9a8d-4422-bda2-6d5e2718846d, Nodes: e568d23f-199e-48ce-91e4-5c166e2e97cd{ip: 192.168.30.10, host: pr-hdds-1569-s62bp-3040748787, networkLocation: /default-rack, certSerialId: null}, Type:RATIS, Factor:ONE, State:OPEN]
2019-09-25 07:04:48,727 [grpc-default-executor-0] INFO  impl.RaftServerProxy (RaftServerProxy.java:addNew(89)) - 62ec8eb9-3ae9-4136-b70a-2caf3716fa7f: addNew group-E547958F4AD8:[62ec8eb9-3ae9-4136-b70a-2caf3716fa7f:192.168.30.10:44715] returns group-E547958F4AD8:java.util.concurrent.CompletableFuture@c253771[Not completed]
2019-09-25 07:04:48,728 [pool-37-thread-1] INFO  impl.RaftServerImpl (RaftServerImpl.java:<init>(95)) - 62ec8eb9-3ae9-4136-b70a-2caf3716fa7f: new RaftServerImpl for group-E547958F4AD8:[62ec8eb9-3ae9-4136-b70a-2caf3716fa7f:192.168.30.10:44715] with ContainerStateMachine:uninitialized
2019-09-25 07:04:48,728 [pool-37-thread-1] INFO  server.RaftServerConfigKeys (ConfUtils.java:logGet(43)) - raft.server.rpc.timeout.min = 5s (custom)
2019-09-25 07:04:48,728 [pool-37-thread-1] INFO  server.RaftServerConfigKeys (ConfUtils.java:logGet(43)) - raft.server.rpc.timeout.max = 5200ms (custom)
2019-09-25 07:04:48,728 [pool-37-thread-1] INFO  server.RaftServerConfigKeys (ConfUtils.java:logGet(43)) - raft.server.rpcslowness.timeout = 120s (custom)
2019-09-25 07:04:48,729 [pool-37-thread-1] INFO  server.RaftServerConfigKeys (ConfUtils.java:logGet(43)) - raft.server.sleep.deviation.threshold = 300 (default)
2019-09-25 07:04:48,729 [pool-37-thread-1] INFO  server.RaftServerConfigKeys (ConfUtils.java:logGet(43)) - raft.server.log.appender.install.snapshot.enabled = false (custom)
2019-09-25 07:04:48,729 [pool-37-thread-1] INFO  impl.RaftServerImpl (ServerState.java:<init>(103)) - 62ec8eb9-3ae9-4136-b70a-2caf3716fa7f@group-E547958F4AD8: ConfigurationManager, init=-1: [62ec8eb9-3ae9-4136-b70a-2caf3716fa7f:192.168.30.10:44715], old=null, confs=<EMPTY_MAP>
2019-09-25 07:04:48,729 [pool-37-thread-1] INFO  server.RaftServerConfigKeys (ConfUtils.java:logGet(43)) - raft.server.storage.dir = [/workdir/hadoop-ozone/integration-test/target/test-dir/MiniOzoneClusterImpl-39af9574-7a8b-4ed7-b830-bf686a3d4bb8/datanode-1/data/ratis] (custom)
2019-09-25 07:04:48,730 [pool-37-thread-1] INFO  storage.RaftStorageDirectory (RaftStorageDirectory.java:analyzeStorage(246)) - The storage directory /workdir/hadoop-ozone/integration-test/target/test-dir/MiniOzoneClusterImpl-39af9574-7a8b-4ed7-b830-bf686a3d4bb8/datanode-1/data/ratis/6d06a3ba-13f0-4079-9da4-e547958f4ad8 does not exist. Creating ...
2019-09-25 07:04:48,745 [pool-37-thread-1] INFO  storage.RaftStorageDirectory (RaftStorageDirectory.java:tryLock(328)) - Lock on /workdir/hadoop-ozone/integration-test/target/test-dir/MiniOzoneClusterImpl-39af9574-7a8b-4ed7-b830-bf686a3d4bb8/datanode-1/data/ratis/6d06a3ba-13f0-4079-9da4-e547958f4ad8/in_use.lock acquired by nodename 19495@pr-hdds-1569-s62bp-3040748787
2019-09-25 07:04:48,758 [pool-37-thread-1] INFO  storage.RaftStorage (RaftStorage.java:format(72)) - Storage directory /workdir/hadoop-ozone/integration-test/target/test-dir/MiniOzoneClusterImpl-39af9574-7a8b-4ed7-b830-bf686a3d4bb8/datanode-1/data/ratis/6d06a3ba-13f0-4079-9da4-e547958f4ad8 has been successfully formatted.
2019-09-25 07:04:48,758 [pool-37-thread-1] INFO  ratis.ContainerStateMachine (ContainerStateMachine.java:loadSnapshot(230)) - group-E547958F4AD8: The snapshot info is null. Setting the last applied indexto:(t:0, i:~)
2019-09-25 07:04:48,759 [pool-37-thread-1] INFO  server.RaftServerConfigKeys (ConfUtils.java:logGet(43)) - raft.server.notification.no-leader.timeout = 120s (custom)
2019-09-25 07:04:48,759 [pool-37-thread-1] INFO  server.RaftServerConfigKeys (ConfUtils.java:logGet(43)) - raft.server.log.use.memory = false (default)
2019-09-25 07:04:48,759 [pool-37-thread-1] INFO  server.RaftServerConfigKeys (ConfUtils.java:logGet(43)) - raft.server.log.purge.gap = 1000000 (custom)
2019-09-25 07:04:48,759 [pool-37-thread-1] INFO  server.RaftServerConfigKeys (ConfUtils.java:logGet(43)) - raft.server.log.appender.buffer.byte-limit = 33554432 (custom)
2019-09-25 07:04:48,759 [pool-37-thread-1] INFO  server.RaftServerConfigKeys (ConfUtils.java:logGet(43)) - raft.server.log.segment.size.max = 1048576 (custom)
2019-09-25 07:04:48,759 [pool-37-thread-1] INFO  server.RaftServerConfigKeys (ConfUtils.java:logGet(43)) - raft.server.log.segment.cache.num.max = 2 (custom)
2019-09-25 07:04:48,760 [pool-37-thread-1] INFO  segmented.SegmentedRaftLogWorker (SegmentedRaftLogWorker.java:<init>(172)) - new 62ec8eb9-3ae9-4136-b70a-2caf3716fa7f@group-E547958F4AD8-SegmentedRaftLogWorker for RaftStorage:Storage Directory /workdir/hadoop-ozone/integration-test/target/test-dir/MiniOzoneClusterImpl-39af9574-7a8b-4ed7-b830-bf686a3d4bb8/datanode-1/data/ratis/6d06a3ba-13f0-4079-9da4-e547958f4ad8
2019-09-25 07:04:48,760 [pool-37-thread-1] INFO  server.RaftServerConfigKeys (ConfUtils.java:logGet(43)) - raft.server.log.queue.byte-limit = 2147483647 (custom)
2019-09-25 07:04:48,760 [pool-37-thread-1] INFO  server.RaftServerConfigKeys (ConfUtils.java:logGet(43)) - raft.server.log.queue.element-limit = 1024 (custom)
2019-09-25 07:04:48,760 [pool-37-thread-1] INFO  server.RaftServerConfigKeys (ConfUtils.java:logGet(43)) - raft.server.log.segment.size.max = 1048576 (custom)
2019-09-25 07:04:48,760 [pool-37-thread-1] INFO  server.RaftServerConfigKeys (ConfUtils.java:logGet(43)) - raft.server.log.preallocated.size = 16384 (custom)
2019-09-25 07:04:48,760 [pool-37-thread-1] INFO  server.RaftServerConfigKeys (ConfUtils.java:logGet(43)) - raft.server.log.write.buffer.size = 33554432 (custom)
2019-09-25 07:04:48,760 [pool-37-thread-1] INFO  server.RaftServerConfigKeys (ConfUtils.java:logGet(43)) - raft.server.log.force.sync.num = 128 (default)
2019-09-25 07:04:48,761 [pool-37-thread-1] INFO  server.RaftServerConfigKeys (ConfUtils.java:logGet(43)) - raft.server.log.statemachine.data.sync = true (default)
2019-09-25 07:04:48,761 [pool-37-thread-1] INFO  server.RaftServerConfigKeys (ConfUtils.java:logGet(43)) - raft.server.log.statemachine.data.sync.timeout = 10s (default)
2019-09-25 07:04:48,761 [pool-37-thread-1] INFO  server.RaftServerConfigKeys (ConfUtils.java:logGet(43)) - raft.server.log.statemachine.data.sync.timeout.retry = -1 (default)
2019-09-25 07:04:48,761 [pool-37-thread-1] INFO  server.RaftServerConfigKeys (ConfUtils.java:logGet(43)) - raft.server.log.statemachine.data.caching.enabled = true (custom)
2019-09-25 07:04:48,761 [pool-37-thread-1] INFO  segmented.SegmentedRaftLogWorker (SegmentedRaftLogWorker.java:lambda$new$0(132)) - 62ec8eb9-3ae9-4136-b70a-2caf3716fa7f@group-E547958F4AD8-SegmentedRaftLogWorker: flushIndex: setUnconditionally 0 -> -1
2019-09-25 07:04:48,762 [pool-37-thread-1] INFO  server.RaftServerConfigKeys (ConfUtils.java:logGet(43)) - raft.server.snapshot.auto.trigger.enabled = true (custom)
2019-09-25 07:04:48,762 [pool-37-thread-1] INFO  server.RaftServerConfigKeys (ConfUtils.java:logGet(43)) - raft.server.snapshot.auto.trigger.threshold = 10000 (custom)
2019-09-25 07:04:48,762 [pool-37-thread-1] INFO  server.RaftServerConfigKeys (ConfUtils.java:logGet(43)) - raft.server.snapshot.retention.num.files = 5 (custom)
2019-09-25 07:04:48,762 [pool-37-thread-1] INFO  server.RaftServerConfigKeys (ConfUtils.java:logGet(43)) - raft.server.retrycache.expirytime = 600000ms (custom)
2019-09-25 07:04:48,765 [pool-37-thread-1] INFO  impl.RaftServerImpl (RaftServerImpl.java:start(185)) - 62ec8eb9-3ae9-4136-b70a-2caf3716fa7f@group-E547958F4AD8: start as a follower, conf=-1: [62ec8eb9-3ae9-4136-b70a-2caf3716fa7f:192.168.30.10:44715], old=null
2019-09-25 07:04:48,765 [pool-37-thread-1] INFO  impl.RaftServerImpl (RaftServerImpl.java:setRole(174)) - 62ec8eb9-3ae9-4136-b70a-2caf3716fa7f@group-E547958F4AD8: changes role from      null to FOLLOWER at term 0 for startAsFollower
2019-09-25 07:04:48,765 [pool-37-thread-1] INFO  impl.RoleInfo (RoleInfo.java:updateAndGet(143)) - 62ec8eb9-3ae9-4136-b70a-2caf3716fa7f: start FollowerState
2019-09-25 07:04:48,766 [pool-37-thread-1] INFO  util.JmxRegister (JmxRegister.java:tryRegister(44)) - Successfully registered JMX Bean with object name Ratis:service=RaftServer,group=group-E547958F4AD8,id=62ec8eb9-3ae9-4136-b70a-2caf3716fa7f
2019-09-25 07:04:48,768 [RatisPipelineUtilsThread] INFO  pipeline.PipelineStateManager (PipelineStateManager.java:addPipeline(56)) - Created pipeline Pipeline[ Id: 6d06a3ba-13f0-4079-9da4-e547958f4ad8, Nodes: 62ec8eb9-3ae9-4136-b70a-2caf3716fa7f{ip: 192.168.30.10, host: pr-hdds-1569-s62bp-3040748787, networkLocation: /default-rack, certSerialId: null}, Type:RATIS, Factor:ONE, State:OPEN]
2019-09-25 07:04:48,774 [grpc-default-executor-0] INFO  impl.RaftServerProxy (RaftServerProxy.java:addNew(89)) - 24bf2945-a329-4da6-aaf2-23ecd8d462c6: addNew group-20DC2BFBC392:[24bf2945-a329-4da6-aaf2-23ecd8d462c6:192.168.30.10:42867] returns group-20DC2BFBC392:java.util.concurrent.CompletableFuture@554ea113[Not completed]
2019-09-25 07:04:48,776 [pool-47-thread-1] INFO  impl.RaftServerImpl (RaftServerImpl.java:<init>(95)) - 24bf2945-a329-4da6-aaf2-23ecd8d462c6: new RaftServerImpl for group-20DC2BFBC392:[24bf2945-a329-4da6-aaf2-23ecd8d462c6:192.168.30.10:42867] with ContainerStateMachine:uninitialized
2019-09-25 07:04:48,776 [pool-47-thread-1] INFO  server.RaftServerConfigKeys (ConfUtils.java:logGet(43)) - raft.server.rpc.timeout.min = 5s (custom)
2019-09-25 07:04:48,776 [pool-47-thread-1] INFO  server.RaftServerConfigKeys (ConfUtils.java:logGet(43)) - raft.server.rpc.timeout.max = 5200ms (custom)
2019-09-25 07:04:48,776 [pool-47-thread-1] INFO  server.RaftServerConfigKeys (ConfUtils.java:logGet(43)) - raft.server.rpcslowness.timeout = 120s (custom)
2019-09-25 07:04:48,776 [pool-47-thread-1] INFO  server.RaftServerConfigKeys (ConfUtils.java:logGet(43)) - raft.server.sleep.deviation.threshold = 300 (default)
2019-09-25 07:04:48,776 [pool-47-thread-1] INFO  server.RaftServerConfigKeys (ConfUtils.java:logGet(43)) - raft.server.log.appender.install.snapshot.enabled = false (custom)
2019-09-25 07:04:48,777 [pool-47-thread-1] INFO  impl.RaftServerImpl (ServerState.java:<init>(103)) - 24bf2945-a329-4da6-aaf2-23ecd8d462c6@group-20DC2BFBC392: ConfigurationManager, init=-1: [24bf2945-a329-4da6-aaf2-23ecd8d462c6:192.168.30.10:42867], old=null, confs=<EMPTY_MAP>
2019-09-25 07:04:48,777 [pool-47-thread-1] INFO  server.RaftServerConfigKeys (ConfUtils.java:logGet(43)) - raft.server.storage.dir = [/workdir/hadoop-ozone/integration-test/target/test-dir/MiniOzoneClusterImpl-39af9574-7a8b-4ed7-b830-bf686a3d4bb8/datanode-2/data/ratis] (custom)
2019-09-25 07:04:48,778 [pool-47-thread-1] INFO  storage.RaftStorageDirectory (RaftStorageDirectory.java:analyzeStorage(246)) - The storage directory /workdir/hadoop-ozone/integration-test/target/test-dir/MiniOzoneClusterImpl-39af9574-7a8b-4ed7-b830-bf686a3d4bb8/datanode-2/data/ratis/35e9e9a5-7581-4078-8e78-20dc2bfbc392 does not exist. Creating ...
2019-09-25 07:04:48,790 [pool-47-thread-1] INFO  storage.RaftStorageDirectory (RaftStorageDirectory.java:tryLock(328)) - Lock on /workdir/hadoop-ozone/integration-test/target/test-dir/MiniOzoneClusterImpl-39af9574-7a8b-4ed7-b830-bf686a3d4bb8/datanode-2/data/ratis/35e9e9a5-7581-4078-8e78-20dc2bfbc392/in_use.lock acquired by nodename 19495@pr-hdds-1569-s62bp-3040748787
2019-09-25 07:04:48,803 [pool-47-thread-1] INFO  storage.RaftStorage (RaftStorage.java:format(72)) - Storage directory /workdir/hadoop-ozone/integration-test/target/test-dir/MiniOzoneClusterImpl-39af9574-7a8b-4ed7-b830-bf686a3d4bb8/datanode-2/data/ratis/35e9e9a5-7581-4078-8e78-20dc2bfbc392 has been successfully formatted.
2019-09-25 07:04:48,803 [pool-47-thread-1] INFO  ratis.ContainerStateMachine (ContainerStateMachine.java:loadSnapshot(230)) - group-20DC2BFBC392: The snapshot info is null. Setting the last applied indexto:(t:0, i:~)
2019-09-25 07:04:48,803 [pool-47-thread-1] INFO  server.RaftServerConfigKeys (ConfUtils.java:logGet(43)) - raft.server.notification.no-leader.timeout = 120s (custom)
2019-09-25 07:04:48,804 [pool-47-thread-1] INFO  server.RaftServerConfigKeys (ConfUtils.java:logGet(43)) - raft.server.log.use.memory = false (default)
2019-09-25 07:04:48,804 [pool-47-thread-1] INFO  server.RaftServerConfigKeys (ConfUtils.java:logGet(43)) - raft.server.log.purge.gap = 1000000 (custom)
2019-09-25 07:04:48,804 [pool-47-thread-1] INFO  server.RaftServerConfigKeys (ConfUtils.java:logGet(43)) - raft.server.log.appender.buffer.byte-limit = 33554432 (custom)
2019-09-25 07:04:48,804 [pool-47-thread-1] INFO  server.RaftServerConfigKeys (ConfUtils.java:logGet(43)) - raft.server.log.segment.size.max = 1048576 (custom)
2019-09-25 07:04:48,804 [pool-47-thread-1] INFO  server.RaftServerConfigKeys (ConfUtils.java:logGet(43)) - raft.server.log.segment.cache.num.max = 2 (custom)
2019-09-25 07:04:48,804 [pool-47-thread-1] INFO  segmented.SegmentedRaftLogWorker (SegmentedRaftLogWorker.java:<init>(172)) - new 24bf2945-a329-4da6-aaf2-23ecd8d462c6@group-20DC2BFBC392-SegmentedRaftLogWorker for RaftStorage:Storage Directory /workdir/hadoop-ozone/integration-test/target/test-dir/MiniOzoneClusterImpl-39af9574-7a8b-4ed7-b830-bf686a3d4bb8/datanode-2/data/ratis/35e9e9a5-7581-4078-8e78-20dc2bfbc392
2019-09-25 07:04:48,805 [pool-47-thread-1] INFO  server.RaftServerConfigKeys (ConfUtils.java:logGet(43)) - raft.server.log.queue.byte-limit = 2147483647 (custom)
2019-09-25 07:04:48,805 [pool-47-thread-1] INFO  server.RaftServerConfigKeys (ConfUtils.java:logGet(43)) - raft.server.log.queue.element-limit = 1024 (custom)
2019-09-25 07:04:48,805 [pool-47-thread-1] INFO  server.RaftServerConfigKeys (ConfUtils.java:logGet(43)) - raft.server.log.segment.size.max = 1048576 (custom)
2019-09-25 07:04:48,805 [pool-47-thread-1] INFO  server.RaftServerConfigKeys (ConfUtils.java:logGet(43)) - raft.server.log.preallocated.size = 16384 (custom)
2019-09-25 07:04:48,805 [pool-47-thread-1] INFO  server.RaftServerConfigKeys (ConfUtils.java:logGet(43)) - raft.server.log.write.buffer.size = 33554432 (custom)
2019-09-25 07:04:48,805 [pool-47-thread-1] INFO  server.RaftServerConfigKeys (ConfUtils.java:logGet(43)) - raft.server.log.force.sync.num = 128 (default)
2019-09-25 07:04:48,805 [pool-47-thread-1] INFO  server.RaftServerConfigKeys (ConfUtils.java:logGet(43)) - raft.server.log.statemachine.data.sync = true (default)
2019-09-25 07:04:48,806 [pool-47-thread-1] INFO  server.RaftServerConfigKeys (ConfUtils.java:logGet(43)) - raft.server.log.statemachine.data.sync.timeout = 10s (default)
2019-09-25 07:04:48,806 [pool-47-thread-1] INFO  server.RaftServerConfigKeys (ConfUtils.java:logGet(43)) - raft.server.log.statemachine.data.sync.timeout.retry = -1 (default)
2019-09-25 07:04:48,806 [pool-47-thread-1] INFO  server.RaftServerConfigKeys (ConfUtils.java:logGet(43)) - raft.server.log.statemachine.data.caching.enabled = true (custom)
2019-09-25 07:04:48,806 [pool-47-thread-1] INFO  segmented.SegmentedRaftLogWorker (SegmentedRaftLogWorker.java:lambda$new$0(132)) - 24bf2945-a329-4da6-aaf2-23ecd8d462c6@group-20DC2BFBC392-SegmentedRaftLogWorker: flushIndex: setUnconditionally 0 -> -1
2019-09-25 07:04:48,806 [pool-47-thread-1] INFO  server.RaftServerConfigKeys (ConfUtils.java:logGet(43)) - raft.server.snapshot.auto.trigger.enabled = true (custom)
2019-09-25 07:04:48,807 [pool-47-thread-1] INFO  server.RaftServerConfigKeys (ConfUtils.java:logGet(43)) - raft.server.snapshot.auto.trigger.threshold = 10000 (custom)
2019-09-25 07:04:48,807 [pool-47-thread-1] INFO  server.RaftServerConfigKeys (ConfUtils.java:logGet(43)) - raft.server.snapshot.retention.num.files = 5 (custom)
2019-09-25 07:04:48,807 [pool-47-thread-1] INFO  server.RaftServerConfigKeys (ConfUtils.java:logGet(43)) - raft.server.retrycache.expirytime = 600000ms (custom)
2019-09-25 07:04:48,809 [pool-47-thread-1] INFO  impl.RaftServerImpl (RaftServerImpl.java:start(185)) - 24bf2945-a329-4da6-aaf2-23ecd8d462c6@group-20DC2BFBC392: start as a follower, conf=-1: [24bf2945-a329-4da6-aaf2-23ecd8d462c6:192.168.30.10:42867], old=null
2019-09-25 07:04:48,809 [pool-47-thread-1] INFO  impl.RaftServerImpl (RaftServerImpl.java:setRole(174)) - 24bf2945-a329-4da6-aaf2-23ecd8d462c6@group-20DC2BFBC392: changes role from      null to FOLLOWER at term 0 for startAsFollower
2019-09-25 07:04:48,809 [pool-47-thread-1] INFO  impl.RoleInfo (RoleInfo.java:updateAndGet(143)) - 24bf2945-a329-4da6-aaf2-23ecd8d462c6: start FollowerState
2019-09-25 07:04:48,810 [pool-47-thread-1] INFO  util.JmxRegister (JmxRegister.java:tryRegister(44)) - Successfully registered JMX Bean with object name Ratis:service=RaftServer,group=group-20DC2BFBC392,id=24bf2945-a329-4da6-aaf2-23ecd8d462c6
2019-09-25 07:04:48,812 [RatisPipelineUtilsThread] INFO  pipeline.PipelineStateManager (PipelineStateManager.java:addPipeline(56)) - Created pipeline Pipeline[ Id: 35e9e9a5-7581-4078-8e78-20dc2bfbc392, Nodes: 24bf2945-a329-4da6-aaf2-23ecd8d462c6{ip: 192.168.30.10, host: pr-hdds-1569-s62bp-3040748787, networkLocation: /default-rack, certSerialId: null}, Type:RATIS, Factor:ONE, State:OPEN]
2019-09-25 07:04:48,817 [grpc-default-executor-0] INFO  impl.RaftServerProxy (RaftServerProxy.java:addNew(89)) - 24bf2945-a329-4da6-aaf2-23ecd8d462c6: addNew group-4B63F1BD2522:[24bf2945-a329-4da6-aaf2-23ecd8d462c6:192.168.30.10:42867] returns group-4B63F1BD2522:java.util.concurrent.CompletableFuture@1c476de1[Not completed]
2019-09-25 07:04:48,818 [pool-47-thread-1] INFO  impl.RaftServerImpl (RaftServerImpl.java:<init>(95)) - 24bf2945-a329-4da6-aaf2-23ecd8d462c6: new RaftServerImpl for group-4B63F1BD2522:[24bf2945-a329-4da6-aaf2-23ecd8d462c6:192.168.30.10:42867] with ContainerStateMachine:uninitialized
2019-09-25 07:04:48,818 [pool-47-thread-1] INFO  server.RaftServerConfigKeys (ConfUtils.java:logGet(43)) - raft.server.rpc.timeout.min = 5s (custom)
2019-09-25 07:04:48,818 [pool-47-thread-1] INFO  server.RaftServerConfigKeys (ConfUtils.java:logGet(43)) - raft.server.rpc.timeout.max = 5200ms (custom)
2019-09-25 07:04:48,819 [pool-47-thread-1] INFO  server.RaftServerConfigKeys (ConfUtils.java:logGet(43)) - raft.server.rpcslowness.timeout = 120s (custom)
2019-09-25 07:04:48,819 [pool-47-thread-1] INFO  server.RaftServerConfigKeys (ConfUtils.java:logGet(43)) - raft.server.sleep.deviation.threshold = 300 (default)
2019-09-25 07:04:48,819 [pool-47-thread-1] INFO  server.RaftServerConfigKeys (ConfUtils.java:logGet(43)) - raft.server.log.appender.install.snapshot.enabled = false (custom)
2019-09-25 07:04:48,819 [pool-47-thread-1] INFO  impl.RaftServerImpl (ServerState.java:<init>(103)) - 24bf2945-a329-4da6-aaf2-23ecd8d462c6@group-4B63F1BD2522: ConfigurationManager, init=-1: [24bf2945-a329-4da6-aaf2-23ecd8d462c6:192.168.30.10:42867], old=null, confs=<EMPTY_MAP>
2019-09-25 07:04:48,819 [pool-47-thread-1] INFO  server.RaftServerConfigKeys (ConfUtils.java:logGet(43)) - raft.server.storage.dir = [/workdir/hadoop-ozone/integration-test/target/test-dir/MiniOzoneClusterImpl-39af9574-7a8b-4ed7-b830-bf686a3d4bb8/datanode-2/data/ratis] (custom)
2019-09-25 07:04:48,819 [pool-47-thread-1] INFO  storage.RaftStorageDirectory (RaftStorageDirectory.java:analyzeStorage(246)) - The storage directory /workdir/hadoop-ozone/integration-test/target/test-dir/MiniOzoneClusterImpl-39af9574-7a8b-4ed7-b830-bf686a3d4bb8/datanode-2/data/ratis/893061a8-a245-4c4a-8b44-4b63f1bd2522 does not exist. Creating ...
2019-09-25 07:04:48,830 [pool-47-thread-1] INFO  storage.RaftStorageDirectory (RaftStorageDirectory.java:tryLock(328)) - Lock on /workdir/hadoop-ozone/integration-test/target/test-dir/MiniOzoneClusterImpl-39af9574-7a8b-4ed7-b830-bf686a3d4bb8/datanode-2/data/ratis/893061a8-a245-4c4a-8b44-4b63f1bd2522/in_use.lock acquired by nodename 19495@pr-hdds-1569-s62bp-3040748787
2019-09-25 07:04:48,842 [pool-47-thread-1] INFO  storage.RaftStorage (RaftStorage.java:format(72)) - Storage directory /workdir/hadoop-ozone/integration-test/target/test-dir/MiniOzoneClusterImpl-39af9574-7a8b-4ed7-b830-bf686a3d4bb8/datanode-2/data/ratis/893061a8-a245-4c4a-8b44-4b63f1bd2522 has been successfully formatted.
2019-09-25 07:04:48,842 [pool-47-thread-1] INFO  ratis.ContainerStateMachine (ContainerStateMachine.java:loadSnapshot(230)) - group-4B63F1BD2522: The snapshot info is null. Setting the last applied indexto:(t:0, i:~)
2019-09-25 07:04:48,842 [pool-47-thread-1] INFO  server.RaftServerConfigKeys (ConfUtils.java:logGet(43)) - raft.server.notification.no-leader.timeout = 120s (custom)
2019-09-25 07:04:48,842 [pool-47-thread-1] INFO  server.RaftServerConfigKeys (ConfUtils.java:logGet(43)) - raft.server.log.use.memory = false (default)
2019-09-25 07:04:48,843 [pool-47-thread-1] INFO  server.RaftServerConfigKeys (ConfUtils.java:logGet(43)) - raft.server.log.purge.gap = 1000000 (custom)
2019-09-25 07:04:48,843 [pool-47-thread-1] INFO  server.RaftServerConfigKeys (ConfUtils.java:logGet(43)) - raft.server.log.appender.buffer.byte-limit = 33554432 (custom)
2019-09-25 07:04:48,843 [pool-47-thread-1] INFO  server.RaftServerConfigKeys (ConfUtils.java:logGet(43)) - raft.server.log.segment.size.max = 1048576 (custom)
2019-09-25 07:04:48,843 [pool-47-thread-1] INFO  server.RaftServerConfigKeys (ConfUtils.java:logGet(43)) - raft.server.log.segment.cache.num.max = 2 (custom)
2019-09-25 07:04:48,843 [pool-47-thread-1] INFO  segmented.SegmentedRaftLogWorker (SegmentedRaftLogWorker.java:<init>(172)) - new 24bf2945-a329-4da6-aaf2-23ecd8d462c6@group-4B63F1BD2522-SegmentedRaftLogWorker for RaftStorage:Storage Directory /workdir/hadoop-ozone/integration-test/target/test-dir/MiniOzoneClusterImpl-39af9574-7a8b-4ed7-b830-bf686a3d4bb8/datanode-2/data/ratis/893061a8-a245-4c4a-8b44-4b63f1bd2522
2019-09-25 07:04:48,843 [pool-47-thread-1] INFO  server.RaftServerConfigKeys (ConfUtils.java:logGet(43)) - raft.server.log.queue.byte-limit = 2147483647 (custom)
2019-09-25 07:04:48,843 [pool-47-thread-1] INFO  server.RaftServerConfigKeys (ConfUtils.java:logGet(43)) - raft.server.log.queue.element-limit = 1024 (custom)
2019-09-25 07:04:48,844 [pool-47-thread-1] INFO  server.RaftServerConfigKeys (ConfUtils.java:logGet(43)) - raft.server.log.segment.size.max = 1048576 (custom)
2019-09-25 07:04:48,844 [pool-47-thread-1] INFO  server.RaftServerConfigKeys (ConfUtils.java:logGet(43)) - raft.server.log.preallocated.size = 16384 (custom)
2019-09-25 07:04:48,844 [pool-47-thread-1] INFO  server.RaftServerConfigKeys (ConfUtils.java:logGet(43)) - raft.server.log.write.buffer.size = 33554432 (custom)
2019-09-25 07:04:48,844 [pool-47-thread-1] INFO  server.RaftServerConfigKeys (ConfUtils.java:logGet(43)) - raft.server.log.force.sync.num = 128 (default)
2019-09-25 07:04:48,844 [pool-47-thread-1] INFO  server.RaftServerConfigKeys (ConfUtils.java:logGet(43)) - raft.server.log.statemachine.data.sync = true (default)
2019-09-25 07:04:48,844 [pool-47-thread-1] INFO  server.RaftServerConfigKeys (ConfUtils.java:logGet(43)) - raft.server.log.statemachine.data.sync.timeout = 10s (default)
2019-09-25 07:04:48,844 [pool-47-thread-1] INFO  server.RaftServerConfigKeys (ConfUtils.java:logGet(43)) - raft.server.log.statemachine.data.sync.timeout.retry = -1 (default)
2019-09-25 07:04:48,844 [pool-47-thread-1] INFO  server.RaftServerConfigKeys (ConfUtils.java:logGet(43)) - raft.server.log.statemachine.data.caching.enabled = true (custom)
2019-09-25 07:04:48,845 [pool-47-thread-1] INFO  segmented.SegmentedRaftLogWorker (SegmentedRaftLogWorker.java:lambda$new$0(132)) - 24bf2945-a329-4da6-aaf2-23ecd8d462c6@group-4B63F1BD2522-SegmentedRaftLogWorker: flushIndex: setUnconditionally 0 -> -1
2019-09-25 07:04:48,845 [pool-47-thread-1] INFO  server.RaftServerConfigKeys (ConfUtils.java:logGet(43)) - raft.server.snapshot.auto.trigger.enabled = true (custom)
2019-09-25 07:04:48,845 [pool-47-thread-1] INFO  server.RaftServerConfigKeys (ConfUtils.java:logGet(43)) - raft.server.snapshot.auto.trigger.threshold = 10000 (custom)
2019-09-25 07:04:48,845 [pool-47-thread-1] INFO  server.RaftServerConfigKeys (ConfUtils.java:logGet(43)) - raft.server.snapshot.retention.num.files = 5 (custom)
2019-09-25 07:04:48,845 [pool-47-thread-1] INFO  server.RaftServerConfigKeys (ConfUtils.java:logGet(43)) - raft.server.retrycache.expirytime = 600000ms (custom)
2019-09-25 07:04:48,847 [pool-47-thread-1] INFO  impl.RaftServerImpl (RaftServerImpl.java:start(185)) - 24bf2945-a329-4da6-aaf2-23ecd8d462c6@group-4B63F1BD2522: start as a follower, conf=-1: [24bf2945-a329-4da6-aaf2-23ecd8d462c6:192.168.30.10:42867], old=null
2019-09-25 07:04:48,847 [pool-47-thread-1] INFO  impl.RaftServerImpl (RaftServerImpl.java:setRole(174)) - 24bf2945-a329-4da6-aaf2-23ecd8d462c6@group-4B63F1BD2522: changes role from      null to FOLLOWER at term 0 for startAsFollower
2019-09-25 07:04:48,848 [pool-47-thread-1] INFO  impl.RoleInfo (RoleInfo.java:updateAndGet(143)) - 24bf2945-a329-4da6-aaf2-23ecd8d462c6: start FollowerState
2019-09-25 07:04:48,848 [pool-47-thread-1] INFO  util.JmxRegister (JmxRegister.java:tryRegister(44)) - Successfully registered JMX Bean with object name Ratis:service=RaftServer,group=group-4B63F1BD2522,id=24bf2945-a329-4da6-aaf2-23ecd8d462c6
2019-09-25 07:04:48,850 [RatisPipelineUtilsThread] INFO  pipeline.PipelineStateManager (PipelineStateManager.java:addPipeline(56)) - Created pipeline Pipeline[ Id: 893061a8-a245-4c4a-8b44-4b63f1bd2522, Nodes: 24bf2945-a329-4da6-aaf2-23ecd8d462c6{ip: 192.168.30.10, host: pr-hdds-1569-s62bp-3040748787, networkLocation: /default-rack, certSerialId: null}, Type:RATIS, Factor:ONE, State:OPEN]
2019-09-25 07:04:48,855 [grpc-default-executor-0] INFO  impl.RaftServerProxy (RaftServerProxy.java:addNew(89)) - e568d23f-199e-48ce-91e4-5c166e2e97cd: addNew group-5A9570ABCA5E:[e568d23f-199e-48ce-91e4-5c166e2e97cd:192.168.30.10:42827] returns group-5A9570ABCA5E:java.util.concurrent.CompletableFuture@64fded8f[Not completed]
2019-09-25 07:04:48,856 [pool-27-thread-1] INFO  impl.RaftServerImpl (RaftServerImpl.java:<init>(95)) - e568d23f-199e-48ce-91e4-5c166e2e97cd: new RaftServerImpl for group-5A9570ABCA5E:[e568d23f-199e-48ce-91e4-5c166e2e97cd:192.168.30.10:42827] with ContainerStateMachine:uninitialized
2019-09-25 07:04:48,856 [pool-27-thread-1] INFO  server.RaftServerConfigKeys (ConfUtils.java:logGet(43)) - raft.server.rpc.timeout.min = 5s (custom)
2019-09-25 07:04:48,856 [pool-27-thread-1] INFO  server.RaftServerConfigKeys (ConfUtils.java:logGet(43)) - raft.server.rpc.timeout.max = 5200ms (custom)
2019-09-25 07:04:48,857 [pool-27-thread-1] INFO  server.RaftServerConfigKeys (ConfUtils.java:logGet(43)) - raft.server.rpcslowness.timeout = 120s (custom)
2019-09-25 07:04:48,857 [pool-27-thread-1] INFO  server.RaftServerConfigKeys (ConfUtils.java:logGet(43)) - raft.server.sleep.deviation.threshold = 300 (default)
2019-09-25 07:04:48,857 [pool-27-thread-1] INFO  server.RaftServerConfigKeys (ConfUtils.java:logGet(43)) - raft.server.log.appender.install.snapshot.enabled = false (custom)
2019-09-25 07:04:48,857 [pool-27-thread-1] INFO  impl.RaftServerImpl (ServerState.java:<init>(103)) - e568d23f-199e-48ce-91e4-5c166e2e97cd@group-5A9570ABCA5E: ConfigurationManager, init=-1: [e568d23f-199e-48ce-91e4-5c166e2e97cd:192.168.30.10:42827], old=null, confs=<EMPTY_MAP>
2019-09-25 07:04:48,857 [pool-27-thread-1] INFO  server.RaftServerConfigKeys (ConfUtils.java:logGet(43)) - raft.server.storage.dir = [/workdir/hadoop-ozone/integration-test/target/test-dir/MiniOzoneClusterImpl-39af9574-7a8b-4ed7-b830-bf686a3d4bb8/datanode-0/data/ratis] (custom)
2019-09-25 07:04:48,858 [pool-27-thread-1] INFO  storage.RaftStorageDirectory (RaftStorageDirectory.java:analyzeStorage(246)) - The storage directory /workdir/hadoop-ozone/integration-test/target/test-dir/MiniOzoneClusterImpl-39af9574-7a8b-4ed7-b830-bf686a3d4bb8/datanode-0/data/ratis/6618abd6-9022-4a82-8713-5a9570abca5e does not exist. Creating ...
2019-09-25 07:04:48,862 [pool-27-thread-1] INFO  storage.RaftStorageDirectory (RaftStorageDirectory.java:tryLock(328)) - Lock on /workdir/hadoop-ozone/integration-test/target/test-dir/MiniOzoneClusterImpl-39af9574-7a8b-4ed7-b830-bf686a3d4bb8/datanode-0/data/ratis/6618abd6-9022-4a82-8713-5a9570abca5e/in_use.lock acquired by nodename 19495@pr-hdds-1569-s62bp-3040748787
2019-09-25 07:04:48,865 [pool-27-thread-1] INFO  storage.RaftStorage (RaftStorage.java:format(72)) - Storage directory /workdir/hadoop-ozone/integration-test/target/test-dir/MiniOzoneClusterImpl-39af9574-7a8b-4ed7-b830-bf686a3d4bb8/datanode-0/data/ratis/6618abd6-9022-4a82-8713-5a9570abca5e has been successfully formatted.
2019-09-25 07:04:48,865 [pool-27-thread-1] INFO  ratis.ContainerStateMachine (ContainerStateMachine.java:loadSnapshot(230)) - group-5A9570ABCA5E: The snapshot info is null. Setting the last applied indexto:(t:0, i:~)
2019-09-25 07:04:48,865 [pool-27-thread-1] INFO  server.RaftServerConfigKeys (ConfUtils.java:logGet(43)) - raft.server.notification.no-leader.timeout = 120s (custom)
2019-09-25 07:04:48,865 [pool-27-thread-1] INFO  server.RaftServerConfigKeys (ConfUtils.java:logGet(43)) - raft.server.log.use.memory = false (default)
2019-09-25 07:04:48,865 [pool-27-thread-1] INFO  server.RaftServerConfigKeys (ConfUtils.java:logGet(43)) - raft.server.log.purge.gap = 1000000 (custom)
2019-09-25 07:04:48,865 [pool-27-thread-1] INFO  server.RaftServerConfigKeys (ConfUtils.java:logGet(43)) - raft.server.log.appender.buffer.byte-limit = 33554432 (custom)
2019-09-25 07:04:48,866 [pool-27-thread-1] INFO  server.RaftServerConfigKeys (ConfUtils.java:logGet(43)) - raft.server.log.segment.size.max = 1048576 (custom)
2019-09-25 07:04:48,866 [pool-27-thread-1] INFO  server.RaftServerConfigKeys (ConfUtils.java:logGet(43)) - raft.server.log.segment.cache.num.max = 2 (custom)
2019-09-25 07:04:48,866 [pool-27-thread-1] INFO  segmented.SegmentedRaftLogWorker (SegmentedRaftLogWorker.java:<init>(172)) - new e568d23f-199e-48ce-91e4-5c166e2e97cd@group-5A9570ABCA5E-SegmentedRaftLogWorker for RaftStorage:Storage Directory /workdir/hadoop-ozone/integration-test/target/test-dir/MiniOzoneClusterImpl-39af9574-7a8b-4ed7-b830-bf686a3d4bb8/datanode-0/data/ratis/6618abd6-9022-4a82-8713-5a9570abca5e
2019-09-25 07:04:48,866 [pool-27-thread-1] INFO  server.RaftServerConfigKeys (ConfUtils.java:logGet(43)) - raft.server.log.queue.byte-limit = 2147483647 (custom)
2019-09-25 07:04:48,866 [pool-27-thread-1] INFO  server.RaftServerConfigKeys (ConfUtils.java:logGet(43)) - raft.server.log.queue.element-limit = 1024 (custom)
2019-09-25 07:04:48,866 [pool-27-thread-1] INFO  server.RaftServerConfigKeys (ConfUtils.java:logGet(43)) - raft.server.log.segment.size.max = 1048576 (custom)
2019-09-25 07:04:48,866 [pool-27-thread-1] INFO  server.RaftServerConfigKeys (ConfUtils.java:logGet(43)) - raft.server.log.preallocated.size = 16384 (custom)
2019-09-25 07:04:48,866 [pool-27-thread-1] INFO  server.RaftServerConfigKeys (ConfUtils.java:logGet(43)) - raft.server.log.write.buffer.size = 33554432 (custom)
2019-09-25 07:04:48,866 [pool-27-thread-1] INFO  server.RaftServerConfigKeys (ConfUtils.java:logGet(43)) - raft.server.log.force.sync.num = 128 (default)
2019-09-25 07:04:48,867 [pool-27-thread-1] INFO  server.RaftServerConfigKeys (ConfUtils.java:logGet(43)) - raft.server.log.statemachine.data.sync = true (default)
2019-09-25 07:04:48,867 [pool-27-thread-1] INFO  server.RaftServerConfigKeys (ConfUtils.java:logGet(43)) - raft.server.log.statemachine.data.sync.timeout = 10s (default)
2019-09-25 07:04:48,867 [pool-27-thread-1] INFO  server.RaftServerConfigKeys (ConfUtils.java:logGet(43)) - raft.server.log.statemachine.data.sync.timeout.retry = -1 (default)
2019-09-25 07:04:48,867 [pool-27-thread-1] INFO  server.RaftServerConfigKeys (ConfUtils.java:logGet(43)) - raft.server.log.statemachine.data.caching.enabled = true (custom)
2019-09-25 07:04:48,867 [pool-27-thread-1] INFO  segmented.SegmentedRaftLogWorker (SegmentedRaftLogWorker.java:lambda$new$0(132)) - e568d23f-199e-48ce-91e4-5c166e2e97cd@group-5A9570ABCA5E-SegmentedRaftLogWorker: flushIndex: setUnconditionally 0 -> -1
2019-09-25 07:04:48,868 [pool-27-thread-1] INFO  server.RaftServerConfigKeys (ConfUtils.java:logGet(43)) - raft.server.snapshot.auto.trigger.enabled = true (custom)
2019-09-25 07:04:48,868 [pool-27-thread-1] INFO  server.RaftServerConfigKeys (ConfUtils.java:logGet(43)) - raft.server.snapshot.auto.trigger.threshold = 10000 (custom)
2019-09-25 07:04:48,868 [pool-27-thread-1] INFO  server.RaftServerConfigKeys (ConfUtils.java:logGet(43)) - raft.server.snapshot.retention.num.files = 5 (custom)
2019-09-25 07:04:48,868 [pool-27-thread-1] INFO  server.RaftServerConfigKeys (ConfUtils.java:logGet(43)) - raft.server.retrycache.expirytime = 600000ms (custom)
2019-09-25 07:04:48,870 [pool-27-thread-1] INFO  impl.RaftServerImpl (RaftServerImpl.java:start(185)) - e568d23f-199e-48ce-91e4-5c166e2e97cd@group-5A9570ABCA5E: start as a follower, conf=-1: [e568d23f-199e-48ce-91e4-5c166e2e97cd:192.168.30.10:42827], old=null
2019-09-25 07:04:48,870 [pool-27-thread-1] INFO  impl.RaftServerImpl (RaftServerImpl.java:setRole(174)) - e568d23f-199e-48ce-91e4-5c166e2e97cd@group-5A9570ABCA5E: changes role from      null to FOLLOWER at term 0 for startAsFollower
2019-09-25 07:04:48,870 [pool-27-thread-1] INFO  impl.RoleInfo (RoleInfo.java:updateAndGet(143)) - e568d23f-199e-48ce-91e4-5c166e2e97cd: start FollowerState
2019-09-25 07:04:48,870 [pool-27-thread-1] INFO  util.JmxRegister (JmxRegister.java:tryRegister(44)) - Successfully registered JMX Bean with object name Ratis:service=RaftServer,group=group-5A9570ABCA5E,id=e568d23f-199e-48ce-91e4-5c166e2e97cd
2019-09-25 07:04:48,872 [RatisPipelineUtilsThread] INFO  pipeline.PipelineStateManager (PipelineStateManager.java:addPipeline(56)) - Created pipeline Pipeline[ Id: 6618abd6-9022-4a82-8713-5a9570abca5e, Nodes: e568d23f-199e-48ce-91e4-5c166e2e97cd{ip: 192.168.30.10, host: pr-hdds-1569-s62bp-3040748787, networkLocation: /default-rack, certSerialId: null}, Type:RATIS, Factor:ONE, State:OPEN]
2019-09-25 07:04:48,878 [grpc-default-executor-0] INFO  impl.RaftServerProxy (RaftServerProxy.java:addNew(89)) - 24bf2945-a329-4da6-aaf2-23ecd8d462c6: addNew group-806C51DA001C:[24bf2945-a329-4da6-aaf2-23ecd8d462c6:192.168.30.10:42867] returns group-806C51DA001C:java.util.concurrent.CompletableFuture@188dd43f[Not completed]
2019-09-25 07:04:48,879 [pool-47-thread-1] INFO  impl.RaftServerImpl (RaftServerImpl.java:<init>(95)) - 24bf2945-a329-4da6-aaf2-23ecd8d462c6: new RaftServerImpl for group-806C51DA001C:[24bf2945-a329-4da6-aaf2-23ecd8d462c6:192.168.30.10:42867] with ContainerStateMachine:uninitialized
2019-09-25 07:04:48,879 [pool-47-thread-1] INFO  server.RaftServerConfigKeys (ConfUtils.java:logGet(43)) - raft.server.rpc.timeout.min = 5s (custom)
2019-09-25 07:04:48,879 [pool-47-thread-1] INFO  server.RaftServerConfigKeys (ConfUtils.java:logGet(43)) - raft.server.rpc.timeout.max = 5200ms (custom)
2019-09-25 07:04:48,879 [pool-47-thread-1] INFO  server.RaftServerConfigKeys (ConfUtils.java:logGet(43)) - raft.server.rpcslowness.timeout = 120s (custom)
2019-09-25 07:04:48,879 [pool-47-thread-1] INFO  server.RaftServerConfigKeys (ConfUtils.java:logGet(43)) - raft.server.sleep.deviation.threshold = 300 (default)
2019-09-25 07:04:48,879 [pool-47-thread-1] INFO  server.RaftServerConfigKeys (ConfUtils.java:logGet(43)) - raft.server.log.appender.install.snapshot.enabled = false (custom)
2019-09-25 07:04:48,879 [pool-47-thread-1] INFO  impl.RaftServerImpl (ServerState.java:<init>(103)) - 24bf2945-a329-4da6-aaf2-23ecd8d462c6@group-806C51DA001C: ConfigurationManager, init=-1: [24bf2945-a329-4da6-aaf2-23ecd8d462c6:192.168.30.10:42867], old=null, confs=<EMPTY_MAP>
2019-09-25 07:04:48,880 [pool-47-thread-1] INFO  server.RaftServerConfigKeys (ConfUtils.java:logGet(43)) - raft.server.storage.dir = [/workdir/hadoop-ozone/integration-test/target/test-dir/MiniOzoneClusterImpl-39af9574-7a8b-4ed7-b830-bf686a3d4bb8/datanode-2/data/ratis] (custom)
2019-09-25 07:04:48,880 [pool-47-thread-1] INFO  storage.RaftStorageDirectory (RaftStorageDirectory.java:analyzeStorage(246)) - The storage directory /workdir/hadoop-ozone/integration-test/target/test-dir/MiniOzoneClusterImpl-39af9574-7a8b-4ed7-b830-bf686a3d4bb8/datanode-2/data/ratis/f8a7a961-8db6-4b68-abca-806c51da001c does not exist. Creating ...
2019-09-25 07:04:48,885 [pool-47-thread-1] INFO  storage.RaftStorageDirectory (RaftStorageDirectory.java:tryLock(328)) - Lock on /workdir/hadoop-ozone/integration-test/target/test-dir/MiniOzoneClusterImpl-39af9574-7a8b-4ed7-b830-bf686a3d4bb8/datanode-2/data/ratis/f8a7a961-8db6-4b68-abca-806c51da001c/in_use.lock acquired by nodename 19495@pr-hdds-1569-s62bp-3040748787
2019-09-25 07:04:48,888 [pool-47-thread-1] INFO  storage.RaftStorage (RaftStorage.java:format(72)) - Storage directory /workdir/hadoop-ozone/integration-test/target/test-dir/MiniOzoneClusterImpl-39af9574-7a8b-4ed7-b830-bf686a3d4bb8/datanode-2/data/ratis/f8a7a961-8db6-4b68-abca-806c51da001c has been successfully formatted.
2019-09-25 07:04:48,888 [pool-47-thread-1] INFO  ratis.ContainerStateMachine (ContainerStateMachine.java:loadSnapshot(230)) - group-806C51DA001C: The snapshot info is null. Setting the last applied indexto:(t:0, i:~)
2019-09-25 07:04:48,888 [pool-47-thread-1] INFO  server.RaftServerConfigKeys (ConfUtils.java:logGet(43)) - raft.server.notification.no-leader.timeout = 120s (custom)
2019-09-25 07:04:48,888 [pool-47-thread-1] INFO  server.RaftServerConfigKeys (ConfUtils.java:logGet(43)) - raft.server.log.use.memory = false (default)
2019-09-25 07:04:48,889 [pool-47-thread-1] INFO  server.RaftServerConfigKeys (ConfUtils.java:logGet(43)) - raft.server.log.purge.gap = 1000000 (custom)
2019-09-25 07:04:48,889 [pool-47-thread-1] INFO  server.RaftServerConfigKeys (ConfUtils.java:logGet(43)) - raft.server.log.appender.buffer.byte-limit = 33554432 (custom)
2019-09-25 07:04:48,889 [pool-47-thread-1] INFO  server.RaftServerConfigKeys (ConfUtils.java:logGet(43)) - raft.server.log.segment.size.max = 1048576 (custom)
2019-09-25 07:04:48,889 [pool-47-thread-1] INFO  server.RaftServerConfigKeys (ConfUtils.java:logGet(43)) - raft.server.log.segment.cache.num.max = 2 (custom)
2019-09-25 07:04:48,889 [pool-47-thread-1] INFO  segmented.SegmentedRaftLogWorker (SegmentedRaftLogWorker.java:<init>(172)) - new 24bf2945-a329-4da6-aaf2-23ecd8d462c6@group-806C51DA001C-SegmentedRaftLogWorker for RaftStorage:Storage Directory /workdir/hadoop-ozone/integration-test/target/test-dir/MiniOzoneClusterImpl-39af9574-7a8b-4ed7-b830-bf686a3d4bb8/datanode-2/data/ratis/f8a7a961-8db6-4b68-abca-806c51da001c
2019-09-25 07:04:48,889 [pool-47-thread-1] INFO  server.RaftServerConfigKeys (ConfUtils.java:logGet(43)) - raft.server.log.queue.byte-limit = 2147483647 (custom)
2019-09-25 07:04:48,889 [pool-47-thread-1] INFO  server.RaftServerConfigKeys (ConfUtils.java:logGet(43)) - raft.server.log.queue.element-limit = 1024 (custom)
2019-09-25 07:04:48,889 [pool-47-thread-1] INFO  server.RaftServerConfigKeys (ConfUtils.java:logGet(43)) - raft.server.log.segment.size.max = 1048576 (custom)
2019-09-25 07:04:48,889 [pool-47-thread-1] INFO  server.RaftServerConfigKeys (ConfUtils.java:logGet(43)) - raft.server.log.preallocated.size = 16384 (custom)
2019-09-25 07:04:48,890 [pool-47-thread-1] INFO  server.RaftServerConfigKeys (ConfUtils.java:logGet(43)) - raft.server.log.write.buffer.size = 33554432 (custom)
2019-09-25 07:04:48,890 [pool-47-thread-1] INFO  server.RaftServerConfigKeys (ConfUtils.java:logGet(43)) - raft.server.log.force.sync.num = 128 (default)
2019-09-25 07:04:48,890 [pool-47-thread-1] INFO  server.RaftServerConfigKeys (ConfUtils.java:logGet(43)) - raft.server.log.statemachine.data.sync = true (default)
2019-09-25 07:04:48,890 [pool-47-thread-1] INFO  server.RaftServerConfigKeys (ConfUtils.java:logGet(43)) - raft.server.log.statemachine.data.sync.timeout = 10s (default)
2019-09-25 07:04:48,890 [pool-47-thread-1] INFO  server.RaftServerConfigKeys (ConfUtils.java:logGet(43)) - raft.server.log.statemachine.data.sync.timeout.retry = -1 (default)
2019-09-25 07:04:48,890 [pool-47-thread-1] INFO  server.RaftServerConfigKeys (ConfUtils.java:logGet(43)) - raft.server.log.statemachine.data.caching.enabled = true (custom)
2019-09-25 07:04:48,890 [pool-47-thread-1] INFO  segmented.SegmentedRaftLogWorker (SegmentedRaftLogWorker.java:lambda$new$0(132)) - 24bf2945-a329-4da6-aaf2-23ecd8d462c6@group-806C51DA001C-SegmentedRaftLogWorker: flushIndex: setUnconditionally 0 -> -1
2019-09-25 07:04:48,891 [pool-47-thread-1] INFO  server.RaftServerConfigKeys (ConfUtils.java:logGet(43)) - raft.server.snapshot.auto.trigger.enabled = true (custom)
2019-09-25 07:04:48,891 [pool-47-thread-1] INFO  server.RaftServerConfigKeys (ConfUtils.java:logGet(43)) - raft.server.snapshot.auto.trigger.threshold = 10000 (custom)
2019-09-25 07:04:48,891 [pool-47-thread-1] INFO  server.RaftServerConfigKeys (ConfUtils.java:logGet(43)) - raft.server.snapshot.retention.num.files = 5 (custom)
2019-09-25 07:04:48,891 [pool-47-thread-1] INFO  server.RaftServerConfigKeys (ConfUtils.java:logGet(43)) - raft.server.retrycache.expirytime = 600000ms (custom)
2019-09-25 07:04:48,893 [pool-47-thread-1] INFO  impl.RaftServerImpl (RaftServerImpl.java:start(185)) - 24bf2945-a329-4da6-aaf2-23ecd8d462c6@group-806C51DA001C: start as a follower, conf=-1: [24bf2945-a329-4da6-aaf2-23ecd8d462c6:192.168.30.10:42867], old=null
2019-09-25 07:04:48,893 [pool-47-thread-1] INFO  impl.RaftServerImpl (RaftServerImpl.java:setRole(174)) - 24bf2945-a329-4da6-aaf2-23ecd8d462c6@group-806C51DA001C: changes role from      null to FOLLOWER at term 0 for startAsFollower
2019-09-25 07:04:48,893 [pool-47-thread-1] INFO  impl.RoleInfo (RoleInfo.java:updateAndGet(143)) - 24bf2945-a329-4da6-aaf2-23ecd8d462c6: start FollowerState
2019-09-25 07:04:48,894 [pool-47-thread-1] INFO  util.JmxRegister (JmxRegister.java:tryRegister(44)) - Successfully registered JMX Bean with object name Ratis:service=RaftServer,group=group-806C51DA001C,id=24bf2945-a329-4da6-aaf2-23ecd8d462c6
2019-09-25 07:04:48,896 [RatisPipelineUtilsThread] INFO  pipeline.PipelineStateManager (PipelineStateManager.java:addPipeline(56)) - Created pipeline Pipeline[ Id: f8a7a961-8db6-4b68-abca-806c51da001c, Nodes: 24bf2945-a329-4da6-aaf2-23ecd8d462c6{ip: 192.168.30.10, host: pr-hdds-1569-s62bp-3040748787, networkLocation: /default-rack, certSerialId: null}, Type:RATIS, Factor:ONE, State:OPEN]
2019-09-25 07:04:48,901 [grpc-default-executor-0] INFO  impl.RaftServerProxy (RaftServerProxy.java:addNew(89)) - 62ec8eb9-3ae9-4136-b70a-2caf3716fa7f: addNew group-B55175940783:[62ec8eb9-3ae9-4136-b70a-2caf3716fa7f:192.168.30.10:44715] returns group-B55175940783:java.util.concurrent.CompletableFuture@b45a323[Not completed]
2019-09-25 07:04:48,902 [pool-37-thread-1] INFO  impl.RaftServerImpl (RaftServerImpl.java:<init>(95)) - 62ec8eb9-3ae9-4136-b70a-2caf3716fa7f: new RaftServerImpl for group-B55175940783:[62ec8eb9-3ae9-4136-b70a-2caf3716fa7f:192.168.30.10:44715] with ContainerStateMachine:uninitialized
2019-09-25 07:04:48,902 [pool-37-thread-1] INFO  server.RaftServerConfigKeys (ConfUtils.java:logGet(43)) - raft.server.rpc.timeout.min = 5s (custom)
2019-09-25 07:04:48,902 [pool-37-thread-1] INFO  server.RaftServerConfigKeys (ConfUtils.java:logGet(43)) - raft.server.rpc.timeout.max = 5200ms (custom)
2019-09-25 07:04:48,902 [pool-37-thread-1] INFO  server.RaftServerConfigKeys (ConfUtils.java:logGet(43)) - raft.server.rpcslowness.timeout = 120s (custom)
2019-09-25 07:04:48,903 [pool-37-thread-1] INFO  server.RaftServerConfigKeys (ConfUtils.java:logGet(43)) - raft.server.sleep.deviation.threshold = 300 (default)
2019-09-25 07:04:48,903 [pool-37-thread-1] INFO  server.RaftServerConfigKeys (ConfUtils.java:logGet(43)) - raft.server.log.appender.install.snapshot.enabled = false (custom)
2019-09-25 07:04:48,903 [pool-37-thread-1] INFO  impl.RaftServerImpl (ServerState.java:<init>(103)) - 62ec8eb9-3ae9-4136-b70a-2caf3716fa7f@group-B55175940783: ConfigurationManager, init=-1: [62ec8eb9-3ae9-4136-b70a-2caf3716fa7f:192.168.30.10:44715], old=null, confs=<EMPTY_MAP>
2019-09-25 07:04:48,903 [pool-37-thread-1] INFO  server.RaftServerConfigKeys (ConfUtils.java:logGet(43)) - raft.server.storage.dir = [/workdir/hadoop-ozone/integration-test/target/test-dir/MiniOzoneClusterImpl-39af9574-7a8b-4ed7-b830-bf686a3d4bb8/datanode-1/data/ratis] (custom)
2019-09-25 07:04:48,904 [pool-37-thread-1] INFO  storage.RaftStorageDirectory (RaftStorageDirectory.java:analyzeStorage(246)) - The storage directory /workdir/hadoop-ozone/integration-test/target/test-dir/MiniOzoneClusterImpl-39af9574-7a8b-4ed7-b830-bf686a3d4bb8/datanode-1/data/ratis/72789dee-28a4-4aad-93a1-b55175940783 does not exist. Creating ...
2019-09-25 07:04:48,912 [pool-37-thread-1] INFO  storage.RaftStorageDirectory (RaftStorageDirectory.java:tryLock(328)) - Lock on /workdir/hadoop-ozone/integration-test/target/test-dir/MiniOzoneClusterImpl-39af9574-7a8b-4ed7-b830-bf686a3d4bb8/datanode-1/data/ratis/72789dee-28a4-4aad-93a1-b55175940783/in_use.lock acquired by nodename 19495@pr-hdds-1569-s62bp-3040748787
2019-09-25 07:04:48,925 [pool-37-thread-1] INFO  storage.RaftStorage (RaftStorage.java:format(72)) - Storage directory /workdir/hadoop-ozone/integration-test/target/test-dir/MiniOzoneClusterImpl-39af9574-7a8b-4ed7-b830-bf686a3d4bb8/datanode-1/data/ratis/72789dee-28a4-4aad-93a1-b55175940783 has been successfully formatted.
2019-09-25 07:04:48,925 [pool-37-thread-1] INFO  ratis.ContainerStateMachine (ContainerStateMachine.java:loadSnapshot(230)) - group-B55175940783: The snapshot info is null. Setting the last applied indexto:(t:0, i:~)
2019-09-25 07:04:48,926 [pool-37-thread-1] INFO  server.RaftServerConfigKeys (ConfUtils.java:logGet(43)) - raft.server.notification.no-leader.timeout = 120s (custom)
2019-09-25 07:04:48,926 [pool-37-thread-1] INFO  server.RaftServerConfigKeys (ConfUtils.java:logGet(43)) - raft.server.log.use.memory = false (default)
2019-09-25 07:04:48,926 [pool-37-thread-1] INFO  server.RaftServerConfigKeys (ConfUtils.java:logGet(43)) - raft.server.log.purge.gap = 1000000 (custom)
2019-09-25 07:04:48,926 [pool-37-thread-1] INFO  server.RaftServerConfigKeys (ConfUtils.java:logGet(43)) - raft.server.log.appender.buffer.byte-limit = 33554432 (custom)
2019-09-25 07:04:48,926 [pool-37-thread-1] INFO  server.RaftServerConfigKeys (ConfUtils.java:logGet(43)) - raft.server.log.segment.size.max = 1048576 (custom)
2019-09-25 07:04:48,926 [pool-37-thread-1] INFO  server.RaftServerConfigKeys (ConfUtils.java:logGet(43)) - raft.server.log.segment.cache.num.max = 2 (custom)
2019-09-25 07:04:48,926 [pool-37-thread-1] INFO  segmented.SegmentedRaftLogWorker (SegmentedRaftLogWorker.java:<init>(172)) - new 62ec8eb9-3ae9-4136-b70a-2caf3716fa7f@group-B55175940783-SegmentedRaftLogWorker for RaftStorage:Storage Directory /workdir/hadoop-ozone/integration-test/target/test-dir/MiniOzoneClusterImpl-39af9574-7a8b-4ed7-b830-bf686a3d4bb8/datanode-1/data/ratis/72789dee-28a4-4aad-93a1-b55175940783
2019-09-25 07:04:48,927 [pool-37-thread-1] INFO  server.RaftServerConfigKeys (ConfUtils.java:logGet(43)) - raft.server.log.queue.byte-limit = 2147483647 (custom)
2019-09-25 07:04:48,927 [pool-37-thread-1] INFO  server.RaftServerConfigKeys (ConfUtils.java:logGet(43)) - raft.server.log.queue.element-limit = 1024 (custom)
2019-09-25 07:04:48,927 [pool-37-thread-1] INFO  server.RaftServerConfigKeys (ConfUtils.java:logGet(43)) - raft.server.log.segment.size.max = 1048576 (custom)
2019-09-25 07:04:48,927 [pool-37-thread-1] INFO  server.RaftServerConfigKeys (ConfUtils.java:logGet(43)) - raft.server.log.preallocated.size = 16384 (custom)
2019-09-25 07:04:48,927 [pool-37-thread-1] INFO  server.RaftServerConfigKeys (ConfUtils.java:logGet(43)) - raft.server.log.write.buffer.size = 33554432 (custom)
2019-09-25 07:04:48,927 [pool-37-thread-1] INFO  server.RaftServerConfigKeys (ConfUtils.java:logGet(43)) - raft.server.log.force.sync.num = 128 (default)
2019-09-25 07:04:48,927 [pool-37-thread-1] INFO  server.RaftServerConfigKeys (ConfUtils.java:logGet(43)) - raft.server.log.statemachine.data.sync = true (default)
2019-09-25 07:04:48,928 [pool-37-thread-1] INFO  server.RaftServerConfigKeys (ConfUtils.java:logGet(43)) - raft.server.log.statemachine.data.sync.timeout = 10s (default)
2019-09-25 07:04:48,928 [pool-37-thread-1] INFO  server.RaftServerConfigKeys (ConfUtils.java:logGet(43)) - raft.server.log.statemachine.data.sync.timeout.retry = -1 (default)
2019-09-25 07:04:48,928 [pool-37-thread-1] INFO  server.RaftServerConfigKeys (ConfUtils.java:logGet(43)) - raft.server.log.statemachine.data.caching.enabled = true (custom)
2019-09-25 07:04:48,928 [pool-37-thread-1] INFO  segmented.SegmentedRaftLogWorker (SegmentedRaftLogWorker.java:lambda$new$0(132)) - 62ec8eb9-3ae9-4136-b70a-2caf3716fa7f@group-B55175940783-SegmentedRaftLogWorker: flushIndex: setUnconditionally 0 -> -1
2019-09-25 07:04:48,929 [pool-37-thread-1] INFO  server.RaftServerConfigKeys (ConfUtils.java:logGet(43)) - raft.server.snapshot.auto.trigger.enabled = true (custom)
2019-09-25 07:04:48,929 [pool-37-thread-1] INFO  server.RaftServerConfigKeys (ConfUtils.java:logGet(43)) - raft.server.snapshot.auto.trigger.threshold = 10000 (custom)
2019-09-25 07:04:48,929 [pool-37-thread-1] INFO  server.RaftServerConfigKeys (ConfUtils.java:logGet(43)) - raft.server.snapshot.retention.num.files = 5 (custom)
2019-09-25 07:04:48,929 [pool-37-thread-1] INFO  server.RaftServerConfigKeys (ConfUtils.java:logGet(43)) - raft.server.retrycache.expirytime = 600000ms (custom)
2019-09-25 07:04:48,932 [pool-37-thread-1] INFO  impl.RaftServerImpl (RaftServerImpl.java:start(185)) - 62ec8eb9-3ae9-4136-b70a-2caf3716fa7f@group-B55175940783: start as a follower, conf=-1: [62ec8eb9-3ae9-4136-b70a-2caf3716fa7f:192.168.30.10:44715], old=null
2019-09-25 07:04:48,932 [pool-37-thread-1] INFO  impl.RaftServerImpl (RaftServerImpl.java:setRole(174)) - 62ec8eb9-3ae9-4136-b70a-2caf3716fa7f@group-B55175940783: changes role from      null to FOLLOWER at term 0 for startAsFollower
2019-09-25 07:04:48,932 [pool-37-thread-1] INFO  impl.RoleInfo (RoleInfo.java:updateAndGet(143)) - 62ec8eb9-3ae9-4136-b70a-2caf3716fa7f: start FollowerState
2019-09-25 07:04:48,932 [pool-37-thread-1] INFO  util.JmxRegister (JmxRegister.java:tryRegister(44)) - Successfully registered JMX Bean with object name Ratis:service=RaftServer,group=group-B55175940783,id=62ec8eb9-3ae9-4136-b70a-2caf3716fa7f
2019-09-25 07:04:48,935 [RatisPipelineUtilsThread] INFO  pipeline.PipelineStateManager (PipelineStateManager.java:addPipeline(56)) - Created pipeline Pipeline[ Id: 72789dee-28a4-4aad-93a1-b55175940783, Nodes: 62ec8eb9-3ae9-4136-b70a-2caf3716fa7f{ip: 192.168.30.10, host: pr-hdds-1569-s62bp-3040748787, networkLocation: /default-rack, certSerialId: null}, Type:RATIS, Factor:ONE, State:OPEN]
2019-09-25 07:04:48,940 [grpc-default-executor-0] INFO  impl.RaftServerProxy (RaftServerProxy.java:addNew(89)) - 24bf2945-a329-4da6-aaf2-23ecd8d462c6: addNew group-FF666133FC8D:[24bf2945-a329-4da6-aaf2-23ecd8d462c6:192.168.30.10:42867] returns group-FF666133FC8D:java.util.concurrent.CompletableFuture@56c49046[Not completed]
2019-09-25 07:04:48,942 [pool-47-thread-1] INFO  impl.RaftServerImpl (RaftServerImpl.java:<init>(95)) - 24bf2945-a329-4da6-aaf2-23ecd8d462c6: new RaftServerImpl for group-FF666133FC8D:[24bf2945-a329-4da6-aaf2-23ecd8d462c6:192.168.30.10:42867] with ContainerStateMachine:uninitialized
2019-09-25 07:04:48,942 [pool-47-thread-1] INFO  server.RaftServerConfigKeys (ConfUtils.java:logGet(43)) - raft.server.rpc.timeout.min = 5s (custom)
2019-09-25 07:04:48,942 [pool-47-thread-1] INFO  server.RaftServerConfigKeys (ConfUtils.java:logGet(43)) - raft.server.rpc.timeout.max = 5200ms (custom)
2019-09-25 07:04:48,942 [pool-47-thread-1] INFO  server.RaftServerConfigKeys (ConfUtils.java:logGet(43)) - raft.server.rpcslowness.timeout = 120s (custom)
2019-09-25 07:04:48,942 [pool-47-thread-1] INFO  server.RaftServerConfigKeys (ConfUtils.java:logGet(43)) - raft.server.sleep.deviation.threshold = 300 (default)
2019-09-25 07:04:48,942 [pool-47-thread-1] INFO  server.RaftServerConfigKeys (ConfUtils.java:logGet(43)) - raft.server.log.appender.install.snapshot.enabled = false (custom)
2019-09-25 07:04:48,943 [pool-47-thread-1] INFO  impl.RaftServerImpl (ServerState.java:<init>(103)) - 24bf2945-a329-4da6-aaf2-23ecd8d462c6@group-FF666133FC8D: ConfigurationManager, init=-1: [24bf2945-a329-4da6-aaf2-23ecd8d462c6:192.168.30.10:42867], old=null, confs=<EMPTY_MAP>
2019-09-25 07:04:48,943 [pool-47-thread-1] INFO  server.RaftServerConfigKeys (ConfUtils.java:logGet(43)) - raft.server.storage.dir = [/workdir/hadoop-ozone/integration-test/target/test-dir/MiniOzoneClusterImpl-39af9574-7a8b-4ed7-b830-bf686a3d4bb8/datanode-2/data/ratis] (custom)
2019-09-25 07:04:48,943 [pool-47-thread-1] INFO  storage.RaftStorageDirectory (RaftStorageDirectory.java:analyzeStorage(246)) - The storage directory /workdir/hadoop-ozone/integration-test/target/test-dir/MiniOzoneClusterImpl-39af9574-7a8b-4ed7-b830-bf686a3d4bb8/datanode-2/data/ratis/11fb7310-2139-4c78-9135-ff666133fc8d does not exist. Creating ...
2019-09-25 07:04:48,956 [pool-47-thread-1] INFO  storage.RaftStorageDirectory (RaftStorageDirectory.java:tryLock(328)) - Lock on /workdir/hadoop-ozone/integration-test/target/test-dir/MiniOzoneClusterImpl-39af9574-7a8b-4ed7-b830-bf686a3d4bb8/datanode-2/data/ratis/11fb7310-2139-4c78-9135-ff666133fc8d/in_use.lock acquired by nodename 19495@pr-hdds-1569-s62bp-3040748787
2019-09-25 07:04:48,968 [pool-47-thread-1] INFO  storage.RaftStorage (RaftStorage.java:format(72)) - Storage directory /workdir/hadoop-ozone/integration-test/target/test-dir/MiniOzoneClusterImpl-39af9574-7a8b-4ed7-b830-bf686a3d4bb8/datanode-2/data/ratis/11fb7310-2139-4c78-9135-ff666133fc8d has been successfully formatted.
2019-09-25 07:04:48,969 [pool-47-thread-1] INFO  ratis.ContainerStateMachine (ContainerStateMachine.java:loadSnapshot(230)) - group-FF666133FC8D: The snapshot info is null. Setting the last applied indexto:(t:0, i:~)
2019-09-25 07:04:48,969 [pool-47-thread-1] INFO  server.RaftServerConfigKeys (ConfUtils.java:logGet(43)) - raft.server.notification.no-leader.timeout = 120s (custom)
2019-09-25 07:04:48,969 [pool-47-thread-1] INFO  server.RaftServerConfigKeys (ConfUtils.java:logGet(43)) - raft.server.log.use.memory = false (default)
2019-09-25 07:04:48,969 [pool-47-thread-1] INFO  server.RaftServerConfigKeys (ConfUtils.java:logGet(43)) - raft.server.log.purge.gap = 1000000 (custom)
2019-09-25 07:04:48,969 [pool-47-thread-1] INFO  server.RaftServerConfigKeys (ConfUtils.java:logGet(43)) - raft.server.log.appender.buffer.byte-limit = 33554432 (custom)
2019-09-25 07:04:48,969 [pool-47-thread-1] INFO  server.RaftServerConfigKeys (ConfUtils.java:logGet(43)) - raft.server.log.segment.size.max = 1048576 (custom)
2019-09-25 07:04:48,969 [pool-47-thread-1] INFO  server.RaftServerConfigKeys (ConfUtils.java:logGet(43)) - raft.server.log.segment.cache.num.max = 2 (custom)
2019-09-25 07:04:48,970 [pool-47-thread-1] INFO  segmented.SegmentedRaftLogWorker (SegmentedRaftLogWorker.java:<init>(172)) - new 24bf2945-a329-4da6-aaf2-23ecd8d462c6@group-FF666133FC8D-SegmentedRaftLogWorker for RaftStorage:Storage Directory /workdir/hadoop-ozone/integration-test/target/test-dir/MiniOzoneClusterImpl-39af9574-7a8b-4ed7-b830-bf686a3d4bb8/datanode-2/data/ratis/11fb7310-2139-4c78-9135-ff666133fc8d
2019-09-25 07:04:48,970 [pool-47-thread-1] INFO  server.RaftServerConfigKeys (ConfUtils.java:logGet(43)) - raft.server.log.queue.byte-limit = 2147483647 (custom)
2019-09-25 07:04:48,970 [pool-47-thread-1] INFO  server.RaftServerConfigKeys (ConfUtils.java:logGet(43)) - raft.server.log.queue.element-limit = 1024 (custom)
2019-09-25 07:04:48,970 [pool-47-thread-1] INFO  server.RaftServerConfigKeys (ConfUtils.java:logGet(43)) - raft.server.log.segment.size.max = 1048576 (custom)
2019-09-25 07:04:48,970 [pool-47-thread-1] INFO  server.RaftServerConfigKeys (ConfUtils.java:logGet(43)) - raft.server.log.preallocated.size = 16384 (custom)
2019-09-25 07:04:48,970 [pool-47-thread-1] INFO  server.RaftServerConfigKeys (ConfUtils.java:logGet(43)) - raft.server.log.write.buffer.size = 33554432 (custom)
2019-09-25 07:04:48,970 [pool-47-thread-1] INFO  server.RaftServerConfigKeys (ConfUtils.java:logGet(43)) - raft.server.log.force.sync.num = 128 (default)
2019-09-25 07:04:48,970 [pool-47-thread-1] INFO  server.RaftServerConfigKeys (ConfUtils.java:logGet(43)) - raft.server.log.statemachine.data.sync = true (default)
2019-09-25 07:04:48,970 [pool-47-thread-1] INFO  server.RaftServerConfigKeys (ConfUtils.java:logGet(43)) - raft.server.log.statemachine.data.sync.timeout = 10s (default)
2019-09-25 07:04:48,971 [pool-47-thread-1] INFO  server.RaftServerConfigKeys (ConfUtils.java:logGet(43)) - raft.server.log.statemachine.data.sync.timeout.retry = -1 (default)
2019-09-25 07:04:48,971 [pool-47-thread-1] INFO  server.RaftServerConfigKeys (ConfUtils.java:logGet(43)) - raft.server.log.statemachine.data.caching.enabled = true (custom)
2019-09-25 07:04:48,971 [pool-47-thread-1] INFO  segmented.SegmentedRaftLogWorker (SegmentedRaftLogWorker.java:lambda$new$0(132)) - 24bf2945-a329-4da6-aaf2-23ecd8d462c6@group-FF666133FC8D-SegmentedRaftLogWorker: flushIndex: setUnconditionally 0 -> -1
2019-09-25 07:04:48,971 [pool-47-thread-1] INFO  server.RaftServerConfigKeys (ConfUtils.java:logGet(43)) - raft.server.snapshot.auto.trigger.enabled = true (custom)
2019-09-25 07:04:48,971 [pool-47-thread-1] INFO  server.RaftServerConfigKeys (ConfUtils.java:logGet(43)) - raft.server.snapshot.auto.trigger.threshold = 10000 (custom)
2019-09-25 07:04:48,972 [pool-47-thread-1] INFO  server.RaftServerConfigKeys (ConfUtils.java:logGet(43)) - raft.server.snapshot.retention.num.files = 5 (custom)
2019-09-25 07:04:48,972 [pool-47-thread-1] INFO  server.RaftServerConfigKeys (ConfUtils.java:logGet(43)) - raft.server.retrycache.expirytime = 600000ms (custom)
2019-09-25 07:04:48,974 [pool-47-thread-1] INFO  impl.RaftServerImpl (RaftServerImpl.java:start(185)) - 24bf2945-a329-4da6-aaf2-23ecd8d462c6@group-FF666133FC8D: start as a follower, conf=-1: [24bf2945-a329-4da6-aaf2-23ecd8d462c6:192.168.30.10:42867], old=null
2019-09-25 07:04:48,974 [pool-47-thread-1] INFO  impl.RaftServerImpl (RaftServerImpl.java:setRole(174)) - 24bf2945-a329-4da6-aaf2-23ecd8d462c6@group-FF666133FC8D: changes role from      null to FOLLOWER at term 0 for startAsFollower
2019-09-25 07:04:48,974 [pool-47-thread-1] INFO  impl.RoleInfo (RoleInfo.java:updateAndGet(143)) - 24bf2945-a329-4da6-aaf2-23ecd8d462c6: start FollowerState
2019-09-25 07:04:48,974 [pool-47-thread-1] INFO  util.JmxRegister (JmxRegister.java:tryRegister(44)) - Successfully registered JMX Bean with object name Ratis:service=RaftServer,group=group-FF666133FC8D,id=24bf2945-a329-4da6-aaf2-23ecd8d462c6
2019-09-25 07:04:48,977 [RatisPipelineUtilsThread] INFO  pipeline.PipelineStateManager (PipelineStateManager.java:addPipeline(56)) - Created pipeline Pipeline[ Id: 11fb7310-2139-4c78-9135-ff666133fc8d, Nodes: 24bf2945-a329-4da6-aaf2-23ecd8d462c6{ip: 192.168.30.10, host: pr-hdds-1569-s62bp-3040748787, networkLocation: /default-rack, certSerialId: null}, Type:RATIS, Factor:ONE, State:OPEN]
2019-09-25 07:04:48,982 [grpc-default-executor-0] INFO  impl.RaftServerProxy (RaftServerProxy.java:addNew(89)) - 24bf2945-a329-4da6-aaf2-23ecd8d462c6: addNew group-134481B225CC:[24bf2945-a329-4da6-aaf2-23ecd8d462c6:192.168.30.10:42867] returns group-134481B225CC:java.util.concurrent.CompletableFuture@d25b978[Not completed]
2019-09-25 07:04:48,983 [pool-47-thread-1] INFO  impl.RaftServerImpl (RaftServerImpl.java:<init>(95)) - 24bf2945-a329-4da6-aaf2-23ecd8d462c6: new RaftServerImpl for group-134481B225CC:[24bf2945-a329-4da6-aaf2-23ecd8d462c6:192.168.30.10:42867] with ContainerStateMachine:uninitialized
2019-09-25 07:04:48,983 [pool-47-thread-1] INFO  server.RaftServerConfigKeys (ConfUtils.java:logGet(43)) - raft.server.rpc.timeout.min = 5s (custom)
2019-09-25 07:04:48,983 [pool-47-thread-1] INFO  server.RaftServerConfigKeys (ConfUtils.java:logGet(43)) - raft.server.rpc.timeout.max = 5200ms (custom)
2019-09-25 07:04:48,983 [pool-47-thread-1] INFO  server.RaftServerConfigKeys (ConfUtils.java:logGet(43)) - raft.server.rpcslowness.timeout = 120s (custom)
2019-09-25 07:04:48,983 [pool-47-thread-1] INFO  server.RaftServerConfigKeys (ConfUtils.java:logGet(43)) - raft.server.sleep.deviation.threshold = 300 (default)
2019-09-25 07:04:48,983 [pool-47-thread-1] INFO  server.RaftServerConfigKeys (ConfUtils.java:logGet(43)) - raft.server.log.appender.install.snapshot.enabled = false (custom)
2019-09-25 07:04:48,984 [pool-47-thread-1] INFO  impl.RaftServerImpl (ServerState.java:<init>(103)) - 24bf2945-a329-4da6-aaf2-23ecd8d462c6@group-134481B225CC: ConfigurationManager, init=-1: [24bf2945-a329-4da6-aaf2-23ecd8d462c6:192.168.30.10:42867], old=null, confs=<EMPTY_MAP>
2019-09-25 07:04:48,984 [pool-47-thread-1] INFO  server.RaftServerConfigKeys (ConfUtils.java:logGet(43)) - raft.server.storage.dir = [/workdir/hadoop-ozone/integration-test/target/test-dir/MiniOzoneClusterImpl-39af9574-7a8b-4ed7-b830-bf686a3d4bb8/datanode-2/data/ratis] (custom)
2019-09-25 07:04:48,984 [pool-47-thread-1] INFO  storage.RaftStorageDirectory (RaftStorageDirectory.java:analyzeStorage(246)) - The storage directory /workdir/hadoop-ozone/integration-test/target/test-dir/MiniOzoneClusterImpl-39af9574-7a8b-4ed7-b830-bf686a3d4bb8/datanode-2/data/ratis/54ebf43e-e6fa-4690-a24e-134481b225cc does not exist. Creating ...
2019-09-25 07:04:48,997 [pool-47-thread-1] INFO  storage.RaftStorageDirectory (RaftStorageDirectory.java:tryLock(328)) - Lock on /workdir/hadoop-ozone/integration-test/target/test-dir/MiniOzoneClusterImpl-39af9574-7a8b-4ed7-b830-bf686a3d4bb8/datanode-2/data/ratis/54ebf43e-e6fa-4690-a24e-134481b225cc/in_use.lock acquired by nodename 19495@pr-hdds-1569-s62bp-3040748787
2019-09-25 07:04:49,009 [pool-47-thread-1] INFO  storage.RaftStorage (RaftStorage.java:format(72)) - Storage directory /workdir/hadoop-ozone/integration-test/target/test-dir/MiniOzoneClusterImpl-39af9574-7a8b-4ed7-b830-bf686a3d4bb8/datanode-2/data/ratis/54ebf43e-e6fa-4690-a24e-134481b225cc has been successfully formatted.
2019-09-25 07:04:49,009 [pool-47-thread-1] INFO  ratis.ContainerStateMachine (ContainerStateMachine.java:loadSnapshot(230)) - group-134481B225CC: The snapshot info is null. Setting the last applied indexto:(t:0, i:~)
2019-09-25 07:04:49,009 [pool-47-thread-1] INFO  server.RaftServerConfigKeys (ConfUtils.java:logGet(43)) - raft.server.notification.no-leader.timeout = 120s (custom)
2019-09-25 07:04:49,010 [pool-47-thread-1] INFO  server.RaftServerConfigKeys (ConfUtils.java:logGet(43)) - raft.server.log.use.memory = false (default)
2019-09-25 07:04:49,010 [pool-47-thread-1] INFO  server.RaftServerConfigKeys (ConfUtils.java:logGet(43)) - raft.server.log.purge.gap = 1000000 (custom)
2019-09-25 07:04:49,010 [pool-47-thread-1] INFO  server.RaftServerConfigKeys (ConfUtils.java:logGet(43)) - raft.server.log.appender.buffer.byte-limit = 33554432 (custom)
2019-09-25 07:04:49,010 [pool-47-thread-1] INFO  server.RaftServerConfigKeys (ConfUtils.java:logGet(43)) - raft.server.log.segment.size.max = 1048576 (custom)
2019-09-25 07:04:49,010 [pool-47-thread-1] INFO  server.RaftServerConfigKeys (ConfUtils.java:logGet(43)) - raft.server.log.segment.cache.num.max = 2 (custom)
2019-09-25 07:04:49,010 [pool-47-thread-1] INFO  segmented.SegmentedRaftLogWorker (SegmentedRaftLogWorker.java:<init>(172)) - new 24bf2945-a329-4da6-aaf2-23ecd8d462c6@group-134481B225CC-SegmentedRaftLogWorker for RaftStorage:Storage Directory /workdir/hadoop-ozone/integration-test/target/test-dir/MiniOzoneClusterImpl-39af9574-7a8b-4ed7-b830-bf686a3d4bb8/datanode-2/data/ratis/54ebf43e-e6fa-4690-a24e-134481b225cc
2019-09-25 07:04:49,010 [pool-47-thread-1] INFO  server.RaftServerConfigKeys (ConfUtils.java:logGet(43)) - raft.server.log.queue.byte-limit = 2147483647 (custom)
2019-09-25 07:04:49,010 [pool-47-thread-1] INFO  server.RaftServerConfigKeys (ConfUtils.java:logGet(43)) - raft.server.log.queue.element-limit = 1024 (custom)
2019-09-25 07:04:49,010 [pool-47-thread-1] INFO  server.RaftServerConfigKeys (ConfUtils.java:logGet(43)) - raft.server.log.segment.size.max = 1048576 (custom)
2019-09-25 07:04:49,011 [pool-47-thread-1] INFO  server.RaftServerConfigKeys (ConfUtils.java:logGet(43)) - raft.server.log.preallocated.size = 16384 (custom)
2019-09-25 07:04:49,011 [pool-47-thread-1] INFO  server.RaftServerConfigKeys (ConfUtils.java:logGet(43)) - raft.server.log.write.buffer.size = 33554432 (custom)
2019-09-25 07:04:49,011 [pool-47-thread-1] INFO  server.RaftServerConfigKeys (ConfUtils.java:logGet(43)) - raft.server.log.force.sync.num = 128 (default)
2019-09-25 07:04:49,011 [pool-47-thread-1] INFO  server.RaftServerConfigKeys (ConfUtils.java:logGet(43)) - raft.server.log.statemachine.data.sync = true (default)
2019-09-25 07:04:49,011 [pool-47-thread-1] INFO  server.RaftServerConfigKeys (ConfUtils.java:logGet(43)) - raft.server.log.statemachine.data.sync.timeout = 10s (default)
2019-09-25 07:04:49,011 [pool-47-thread-1] INFO  server.RaftServerConfigKeys (ConfUtils.java:logGet(43)) - raft.server.log.statemachine.data.sync.timeout.retry = -1 (default)
2019-09-25 07:04:49,011 [pool-47-thread-1] INFO  server.RaftServerConfigKeys (ConfUtils.java:logGet(43)) - raft.server.log.statemachine.data.caching.enabled = true (custom)
2019-09-25 07:04:49,011 [pool-47-thread-1] INFO  segmented.SegmentedRaftLogWorker (SegmentedRaftLogWorker.java:lambda$new$0(132)) - 24bf2945-a329-4da6-aaf2-23ecd8d462c6@group-134481B225CC-SegmentedRaftLogWorker: flushIndex: setUnconditionally 0 -> -1
2019-09-25 07:04:49,012 [pool-47-thread-1] INFO  server.RaftServerConfigKeys (ConfUtils.java:logGet(43)) - raft.server.snapshot.auto.trigger.enabled = true (custom)
2019-09-25 07:04:49,012 [pool-47-thread-1] INFO  server.RaftServerConfigKeys (ConfUtils.java:logGet(43)) - raft.server.snapshot.auto.trigger.threshold = 10000 (custom)
2019-09-25 07:04:49,012 [pool-47-thread-1] INFO  server.RaftServerConfigKeys (ConfUtils.java:logGet(43)) - raft.server.snapshot.retention.num.files = 5 (custom)
2019-09-25 07:04:49,012 [pool-47-thread-1] INFO  server.RaftServerConfigKeys (ConfUtils.java:logGet(43)) - raft.server.retrycache.expirytime = 600000ms (custom)
2019-09-25 07:04:49,014 [pool-47-thread-1] INFO  impl.RaftServerImpl (RaftServerImpl.java:start(185)) - 24bf2945-a329-4da6-aaf2-23ecd8d462c6@group-134481B225CC: start as a follower, conf=-1: [24bf2945-a329-4da6-aaf2-23ecd8d462c6:192.168.30.10:42867], old=null
2019-09-25 07:04:49,014 [pool-47-thread-1] INFO  impl.RaftServerImpl (RaftServerImpl.java:setRole(174)) - 24bf2945-a329-4da6-aaf2-23ecd8d462c6@group-134481B225CC: changes role from      null to FOLLOWER at term 0 for startAsFollower
2019-09-25 07:04:49,014 [pool-47-thread-1] INFO  impl.RoleInfo (RoleInfo.java:updateAndGet(143)) - 24bf2945-a329-4da6-aaf2-23ecd8d462c6: start FollowerState
2019-09-25 07:04:49,014 [pool-47-thread-1] INFO  util.JmxRegister (JmxRegister.java:tryRegister(44)) - Successfully registered JMX Bean with object name Ratis:service=RaftServer,group=group-134481B225CC,id=24bf2945-a329-4da6-aaf2-23ecd8d462c6
2019-09-25 07:04:49,017 [RatisPipelineUtilsThread] INFO  pipeline.PipelineStateManager (PipelineStateManager.java:addPipeline(56)) - Created pipeline Pipeline[ Id: 54ebf43e-e6fa-4690-a24e-134481b225cc, Nodes: 24bf2945-a329-4da6-aaf2-23ecd8d462c6{ip: 192.168.30.10, host: pr-hdds-1569-s62bp-3040748787, networkLocation: /default-rack, certSerialId: null}, Type:RATIS, Factor:ONE, State:OPEN]
2019-09-25 07:04:49,025 [grpc-default-executor-0] INFO  impl.RaftServerProxy (RaftServerProxy.java:addNew(89)) - 62ec8eb9-3ae9-4136-b70a-2caf3716fa7f: addNew group-FFC5433C2152:[62ec8eb9-3ae9-4136-b70a-2caf3716fa7f:192.168.30.10:44715] returns group-FFC5433C2152:java.util.concurrent.CompletableFuture@2b795df1[Not completed]
2019-09-25 07:04:49,027 [pool-37-thread-1] INFO  impl.RaftServerImpl (RaftServerImpl.java:<init>(95)) - 62ec8eb9-3ae9-4136-b70a-2caf3716fa7f: new RaftServerImpl for group-FFC5433C2152:[62ec8eb9-3ae9-4136-b70a-2caf3716fa7f:192.168.30.10:44715] with ContainerStateMachine:uninitialized
2019-09-25 07:04:49,027 [pool-37-thread-1] INFO  server.RaftServerConfigKeys (ConfUtils.java:logGet(43)) - raft.server.rpc.timeout.min = 5s (custom)
2019-09-25 07:04:49,027 [pool-37-thread-1] INFO  server.RaftServerConfigKeys (ConfUtils.java:logGet(43)) - raft.server.rpc.timeout.max = 5200ms (custom)
2019-09-25 07:04:49,027 [pool-37-thread-1] INFO  server.RaftServerConfigKeys (ConfUtils.java:logGet(43)) - raft.server.rpcslowness.timeout = 120s (custom)
2019-09-25 07:04:49,027 [pool-37-thread-1] INFO  server.RaftServerConfigKeys (ConfUtils.java:logGet(43)) - raft.server.sleep.deviation.threshold = 300 (default)
2019-09-25 07:04:49,027 [pool-37-thread-1] INFO  server.RaftServerConfigKeys (ConfUtils.java:logGet(43)) - raft.server.log.appender.install.snapshot.enabled = false (custom)
2019-09-25 07:04:49,027 [pool-37-thread-1] INFO  impl.RaftServerImpl (ServerState.java:<init>(103)) - 62ec8eb9-3ae9-4136-b70a-2caf3716fa7f@group-FFC5433C2152: ConfigurationManager, init=-1: [62ec8eb9-3ae9-4136-b70a-2caf3716fa7f:192.168.30.10:44715], old=null, confs=<EMPTY_MAP>
2019-09-25 07:04:49,028 [pool-37-thread-1] INFO  server.RaftServerConfigKeys (ConfUtils.java:logGet(43)) - raft.server.storage.dir = [/workdir/hadoop-ozone/integration-test/target/test-dir/MiniOzoneClusterImpl-39af9574-7a8b-4ed7-b830-bf686a3d4bb8/datanode-1/data/ratis] (custom)
2019-09-25 07:04:49,028 [pool-37-thread-1] INFO  storage.RaftStorageDirectory (RaftStorageDirectory.java:analyzeStorage(246)) - The storage directory /workdir/hadoop-ozone/integration-test/target/test-dir/MiniOzoneClusterImpl-39af9574-7a8b-4ed7-b830-bf686a3d4bb8/datanode-1/data/ratis/976ce8b4-e2d4-4511-bb77-ffc5433c2152 does not exist. Creating ...
2019-09-25 07:04:49,041 [pool-37-thread-1] INFO  storage.RaftStorageDirectory (RaftStorageDirectory.java:tryLock(328)) - Lock on /workdir/hadoop-ozone/integration-test/target/test-dir/MiniOzoneClusterImpl-39af9574-7a8b-4ed7-b830-bf686a3d4bb8/datanode-1/data/ratis/976ce8b4-e2d4-4511-bb77-ffc5433c2152/in_use.lock acquired by nodename 19495@pr-hdds-1569-s62bp-3040748787
2019-09-25 07:04:49,045 [pool-37-thread-1] INFO  storage.RaftStorage (RaftStorage.java:format(72)) - Storage directory /workdir/hadoop-ozone/integration-test/target/test-dir/MiniOzoneClusterImpl-39af9574-7a8b-4ed7-b830-bf686a3d4bb8/datanode-1/data/ratis/976ce8b4-e2d4-4511-bb77-ffc5433c2152 has been successfully formatted.
2019-09-25 07:04:49,045 [pool-37-thread-1] INFO  ratis.ContainerStateMachine (ContainerStateMachine.java:loadSnapshot(230)) - group-FFC5433C2152: The snapshot info is null. Setting the last applied indexto:(t:0, i:~)
2019-09-25 07:04:49,045 [pool-37-thread-1] INFO  server.RaftServerConfigKeys (ConfUtils.java:logGet(43)) - raft.server.notification.no-leader.timeout = 120s (custom)
2019-09-25 07:04:49,046 [pool-37-thread-1] INFO  server.RaftServerConfigKeys (ConfUtils.java:logGet(43)) - raft.server.log.use.memory = false (default)
2019-09-25 07:04:49,046 [pool-37-thread-1] INFO  server.RaftServerConfigKeys (ConfUtils.java:logGet(43)) - raft.server.log.purge.gap = 1000000 (custom)
2019-09-25 07:04:49,046 [pool-37-thread-1] INFO  server.RaftServerConfigKeys (ConfUtils.java:logGet(43)) - raft.server.log.appender.buffer.byte-limit = 33554432 (custom)
2019-09-25 07:04:49,046 [pool-37-thread-1] INFO  server.RaftServerConfigKeys (ConfUtils.java:logGet(43)) - raft.server.log.segment.size.max = 1048576 (custom)
2019-09-25 07:04:49,046 [pool-37-thread-1] INFO  server.RaftServerConfigKeys (ConfUtils.java:logGet(43)) - raft.server.log.segment.cache.num.max = 2 (custom)
2019-09-25 07:04:49,046 [pool-37-thread-1] INFO  segmented.SegmentedRaftLogWorker (SegmentedRaftLogWorker.java:<init>(172)) - new 62ec8eb9-3ae9-4136-b70a-2caf3716fa7f@group-FFC5433C2152-SegmentedRaftLogWorker for RaftStorage:Storage Directory /workdir/hadoop-ozone/integration-test/target/test-dir/MiniOzoneClusterImpl-39af9574-7a8b-4ed7-b830-bf686a3d4bb8/datanode-1/data/ratis/976ce8b4-e2d4-4511-bb77-ffc5433c2152
2019-09-25 07:04:49,047 [pool-37-thread-1] INFO  server.RaftServerConfigKeys (ConfUtils.java:logGet(43)) - raft.server.log.queue.byte-limit = 2147483647 (custom)
2019-09-25 07:04:49,047 [pool-37-thread-1] INFO  server.RaftServerConfigKeys (ConfUtils.java:logGet(43)) - raft.server.log.queue.element-limit = 1024 (custom)
2019-09-25 07:04:49,047 [pool-37-thread-1] INFO  server.RaftServerConfigKeys (ConfUtils.java:logGet(43)) - raft.server.log.segment.size.max = 1048576 (custom)
2019-09-25 07:04:49,047 [pool-37-thread-1] INFO  server.RaftServerConfigKeys (ConfUtils.java:logGet(43)) - raft.server.log.preallocated.size = 16384 (custom)
2019-09-25 07:04:49,047 [pool-37-thread-1] INFO  server.RaftServerConfigKeys (ConfUtils.java:logGet(43)) - raft.server.log.write.buffer.size = 33554432 (custom)
2019-09-25 07:04:49,047 [pool-37-thread-1] INFO  server.RaftServerConfigKeys (ConfUtils.java:logGet(43)) - raft.server.log.force.sync.num = 128 (default)
2019-09-25 07:04:49,047 [pool-37-thread-1] INFO  server.RaftServerConfigKeys (ConfUtils.java:logGet(43)) - raft.server.log.statemachine.data.sync = true (default)
2019-09-25 07:04:49,048 [pool-37-thread-1] INFO  server.RaftServerConfigKeys (ConfUtils.java:logGet(43)) - raft.server.log.statemachine.data.sync.timeout = 10s (default)
2019-09-25 07:04:49,048 [pool-37-thread-1] INFO  server.RaftServerConfigKeys (ConfUtils.java:logGet(43)) - raft.server.log.statemachine.data.sync.timeout.retry = -1 (default)
2019-09-25 07:04:49,048 [pool-37-thread-1] INFO  server.RaftServerConfigKeys (ConfUtils.java:logGet(43)) - raft.server.log.statemachine.data.caching.enabled = true (custom)
2019-09-25 07:04:49,048 [pool-37-thread-1] INFO  segmented.SegmentedRaftLogWorker (SegmentedRaftLogWorker.java:lambda$new$0(132)) - 62ec8eb9-3ae9-4136-b70a-2caf3716fa7f@group-FFC5433C2152-SegmentedRaftLogWorker: flushIndex: setUnconditionally 0 -> -1
2019-09-25 07:04:49,049 [pool-37-thread-1] INFO  server.RaftServerConfigKeys (ConfUtils.java:logGet(43)) - raft.server.snapshot.auto.trigger.enabled = true (custom)
2019-09-25 07:04:49,049 [pool-37-thread-1] INFO  server.RaftServerConfigKeys (ConfUtils.java:logGet(43)) - raft.server.snapshot.auto.trigger.threshold = 10000 (custom)
2019-09-25 07:04:49,049 [pool-37-thread-1] INFO  server.RaftServerConfigKeys (ConfUtils.java:logGet(43)) - raft.server.snapshot.retention.num.files = 5 (custom)
2019-09-25 07:04:49,049 [pool-37-thread-1] INFO  server.RaftServerConfigKeys (ConfUtils.java:logGet(43)) - raft.server.retrycache.expirytime = 600000ms (custom)
2019-09-25 07:04:49,053 [pool-37-thread-1] INFO  impl.RaftServerImpl (RaftServerImpl.java:start(185)) - 62ec8eb9-3ae9-4136-b70a-2caf3716fa7f@group-FFC5433C2152: start as a follower, conf=-1: [62ec8eb9-3ae9-4136-b70a-2caf3716fa7f:192.168.30.10:44715], old=null
2019-09-25 07:04:49,053 [pool-37-thread-1] INFO  impl.RaftServerImpl (RaftServerImpl.java:setRole(174)) - 62ec8eb9-3ae9-4136-b70a-2caf3716fa7f@group-FFC5433C2152: changes role from      null to FOLLOWER at term 0 for startAsFollower
2019-09-25 07:04:49,053 [pool-37-thread-1] INFO  impl.RoleInfo (RoleInfo.java:updateAndGet(143)) - 62ec8eb9-3ae9-4136-b70a-2caf3716fa7f: start FollowerState
2019-09-25 07:04:49,053 [pool-37-thread-1] INFO  util.JmxRegister (JmxRegister.java:tryRegister(44)) - Successfully registered JMX Bean with object name Ratis:service=RaftServer,group=group-FFC5433C2152,id=62ec8eb9-3ae9-4136-b70a-2caf3716fa7f
2019-09-25 07:04:49,056 [RatisPipelineUtilsThread] INFO  pipeline.PipelineStateManager (PipelineStateManager.java:addPipeline(56)) - Created pipeline Pipeline[ Id: 976ce8b4-e2d4-4511-bb77-ffc5433c2152, Nodes: 62ec8eb9-3ae9-4136-b70a-2caf3716fa7f{ip: 192.168.30.10, host: pr-hdds-1569-s62bp-3040748787, networkLocation: /default-rack, certSerialId: null}, Type:RATIS, Factor:ONE, State:OPEN]
2019-09-25 07:04:49,061 [grpc-default-executor-0] INFO  impl.RaftServerProxy (RaftServerProxy.java:addNew(89)) - 62ec8eb9-3ae9-4136-b70a-2caf3716fa7f: addNew group-AF43CFC2C23D:[62ec8eb9-3ae9-4136-b70a-2caf3716fa7f:192.168.30.10:44715] returns group-AF43CFC2C23D:java.util.concurrent.CompletableFuture@5a65d042[Not completed]
2019-09-25 07:04:49,062 [pool-37-thread-1] INFO  impl.RaftServerImpl (RaftServerImpl.java:<init>(95)) - 62ec8eb9-3ae9-4136-b70a-2caf3716fa7f: new RaftServerImpl for group-AF43CFC2C23D:[62ec8eb9-3ae9-4136-b70a-2caf3716fa7f:192.168.30.10:44715] with ContainerStateMachine:uninitialized
2019-09-25 07:04:49,062 [pool-37-thread-1] INFO  server.RaftServerConfigKeys (ConfUtils.java:logGet(43)) - raft.server.rpc.timeout.min = 5s (custom)
2019-09-25 07:04:49,063 [pool-37-thread-1] INFO  server.RaftServerConfigKeys (ConfUtils.java:logGet(43)) - raft.server.rpc.timeout.max = 5200ms (custom)
2019-09-25 07:04:49,063 [pool-37-thread-1] INFO  server.RaftServerConfigKeys (ConfUtils.java:logGet(43)) - raft.server.rpcslowness.timeout = 120s (custom)
2019-09-25 07:04:49,063 [pool-37-thread-1] INFO  server.RaftServerConfigKeys (ConfUtils.java:logGet(43)) - raft.server.sleep.deviation.threshold = 300 (default)
2019-09-25 07:04:49,063 [pool-37-thread-1] INFO  server.RaftServerConfigKeys (ConfUtils.java:logGet(43)) - raft.server.log.appender.install.snapshot.enabled = false (custom)
2019-09-25 07:04:49,063 [pool-37-thread-1] INFO  impl.RaftServerImpl (ServerState.java:<init>(103)) - 62ec8eb9-3ae9-4136-b70a-2caf3716fa7f@group-AF43CFC2C23D: ConfigurationManager, init=-1: [62ec8eb9-3ae9-4136-b70a-2caf3716fa7f:192.168.30.10:44715], old=null, confs=<EMPTY_MAP>
2019-09-25 07:04:49,063 [pool-37-thread-1] INFO  server.RaftServerConfigKeys (ConfUtils.java:logGet(43)) - raft.server.storage.dir = [/workdir/hadoop-ozone/integration-test/target/test-dir/MiniOzoneClusterImpl-39af9574-7a8b-4ed7-b830-bf686a3d4bb8/datanode-1/data/ratis] (custom)
2019-09-25 07:04:49,064 [pool-37-thread-1] INFO  storage.RaftStorageDirectory (RaftStorageDirectory.java:analyzeStorage(246)) - The storage directory /workdir/hadoop-ozone/integration-test/target/test-dir/MiniOzoneClusterImpl-39af9574-7a8b-4ed7-b830-bf686a3d4bb8/datanode-1/data/ratis/76329967-583d-4467-90fa-af43cfc2c23d does not exist. Creating ...
2019-09-25 07:04:49,067 [pool-37-thread-1] INFO  storage.RaftStorageDirectory (RaftStorageDirectory.java:tryLock(328)) - Lock on /workdir/hadoop-ozone/integration-test/target/test-dir/MiniOzoneClusterImpl-39af9574-7a8b-4ed7-b830-bf686a3d4bb8/datanode-1/data/ratis/76329967-583d-4467-90fa-af43cfc2c23d/in_use.lock acquired by nodename 19495@pr-hdds-1569-s62bp-3040748787
2019-09-25 07:04:49,070 [pool-37-thread-1] INFO  storage.RaftStorage (RaftStorage.java:format(72)) - Storage directory /workdir/hadoop-ozone/integration-test/target/test-dir/MiniOzoneClusterImpl-39af9574-7a8b-4ed7-b830-bf686a3d4bb8/datanode-1/data/ratis/76329967-583d-4467-90fa-af43cfc2c23d has been successfully formatted.
2019-09-25 07:04:49,071 [pool-37-thread-1] INFO  ratis.ContainerStateMachine (ContainerStateMachine.java:loadSnapshot(230)) - group-AF43CFC2C23D: The snapshot info is null. Setting the last applied indexto:(t:0, i:~)
2019-09-25 07:04:49,071 [pool-37-thread-1] INFO  server.RaftServerConfigKeys (ConfUtils.java:logGet(43)) - raft.server.notification.no-leader.timeout = 120s (custom)
2019-09-25 07:04:49,071 [pool-37-thread-1] INFO  server.RaftServerConfigKeys (ConfUtils.java:logGet(43)) - raft.server.log.use.memory = false (default)
2019-09-25 07:04:49,071 [pool-37-thread-1] INFO  server.RaftServerConfigKeys (ConfUtils.java:logGet(43)) - raft.server.log.purge.gap = 1000000 (custom)
2019-09-25 07:04:49,071 [pool-37-thread-1] INFO  server.RaftServerConfigKeys (ConfUtils.java:logGet(43)) - raft.server.log.appender.buffer.byte-limit = 33554432 (custom)
2019-09-25 07:04:49,071 [pool-37-thread-1] INFO  server.RaftServerConfigKeys (ConfUtils.java:logGet(43)) - raft.server.log.segment.size.max = 1048576 (custom)
2019-09-25 07:04:49,071 [pool-37-thread-1] INFO  server.RaftServerConfigKeys (ConfUtils.java:logGet(43)) - raft.server.log.segment.cache.num.max = 2 (custom)
2019-09-25 07:04:49,072 [pool-37-thread-1] INFO  segmented.SegmentedRaftLogWorker (SegmentedRaftLogWorker.java:<init>(172)) - new 62ec8eb9-3ae9-4136-b70a-2caf3716fa7f@group-AF43CFC2C23D-SegmentedRaftLogWorker for RaftStorage:Storage Directory /workdir/hadoop-ozone/integration-test/target/test-dir/MiniOzoneClusterImpl-39af9574-7a8b-4ed7-b830-bf686a3d4bb8/datanode-1/data/ratis/76329967-583d-4467-90fa-af43cfc2c23d
2019-09-25 07:04:49,072 [pool-37-thread-1] INFO  server.RaftServerConfigKeys (ConfUtils.java:logGet(43)) - raft.server.log.queue.byte-limit = 2147483647 (custom)
2019-09-25 07:04:49,072 [pool-37-thread-1] INFO  server.RaftServerConfigKeys (ConfUtils.java:logGet(43)) - raft.server.log.queue.element-limit = 1024 (custom)
2019-09-25 07:04:49,072 [pool-37-thread-1] INFO  server.RaftServerConfigKeys (ConfUtils.java:logGet(43)) - raft.server.log.segment.size.max = 1048576 (custom)
2019-09-25 07:04:49,072 [pool-37-thread-1] INFO  server.RaftServerConfigKeys (ConfUtils.java:logGet(43)) - raft.server.log.preallocated.size = 16384 (custom)
2019-09-25 07:04:49,072 [pool-37-thread-1] INFO  server.RaftServerConfigKeys (ConfUtils.java:logGet(43)) - raft.server.log.write.buffer.size = 33554432 (custom)
2019-09-25 07:04:49,072 [pool-37-thread-1] INFO  server.RaftServerConfigKeys (ConfUtils.java:logGet(43)) - raft.server.log.force.sync.num = 128 (default)
2019-09-25 07:04:49,072 [pool-37-thread-1] INFO  server.RaftServerConfigKeys (ConfUtils.java:logGet(43)) - raft.server.log.statemachine.data.sync = true (default)
2019-09-25 07:04:49,073 [pool-37-thread-1] INFO  server.RaftServerConfigKeys (ConfUtils.java:logGet(43)) - raft.server.log.statemachine.data.sync.timeout = 10s (default)
2019-09-25 07:04:49,073 [pool-37-thread-1] INFO  server.RaftServerConfigKeys (ConfUtils.java:logGet(43)) - raft.server.log.statemachine.data.sync.timeout.retry = -1 (default)
2019-09-25 07:04:49,073 [pool-37-thread-1] INFO  server.RaftServerConfigKeys (ConfUtils.java:logGet(43)) - raft.server.log.statemachine.data.caching.enabled = true (custom)
2019-09-25 07:04:49,073 [pool-37-thread-1] INFO  segmented.SegmentedRaftLogWorker (SegmentedRaftLogWorker.java:lambda$new$0(132)) - 62ec8eb9-3ae9-4136-b70a-2caf3716fa7f@group-AF43CFC2C23D-SegmentedRaftLogWorker: flushIndex: setUnconditionally 0 -> -1
2019-09-25 07:04:49,074 [pool-37-thread-1] INFO  server.RaftServerConfigKeys (ConfUtils.java:logGet(43)) - raft.server.snapshot.auto.trigger.enabled = true (custom)
2019-09-25 07:04:49,074 [pool-37-thread-1] INFO  server.RaftServerConfigKeys (ConfUtils.java:logGet(43)) - raft.server.snapshot.auto.trigger.threshold = 10000 (custom)
2019-09-25 07:04:49,074 [pool-37-thread-1] INFO  server.RaftServerConfigKeys (ConfUtils.java:logGet(43)) - raft.server.snapshot.retention.num.files = 5 (custom)
2019-09-25 07:04:49,074 [pool-37-thread-1] INFO  server.RaftServerConfigKeys (ConfUtils.java:logGet(43)) - raft.server.retrycache.expirytime = 600000ms (custom)
2019-09-25 07:04:49,076 [pool-37-thread-1] INFO  impl.RaftServerImpl (RaftServerImpl.java:start(185)) - 62ec8eb9-3ae9-4136-b70a-2caf3716fa7f@group-AF43CFC2C23D: start as a follower, conf=-1: [62ec8eb9-3ae9-4136-b70a-2caf3716fa7f:192.168.30.10:44715], old=null
2019-09-25 07:04:49,076 [pool-37-thread-1] INFO  impl.RaftServerImpl (RaftServerImpl.java:setRole(174)) - 62ec8eb9-3ae9-4136-b70a-2caf3716fa7f@group-AF43CFC2C23D: changes role from      null to FOLLOWER at term 0 for startAsFollower
2019-09-25 07:04:49,076 [pool-37-thread-1] INFO  impl.RoleInfo (RoleInfo.java:updateAndGet(143)) - 62ec8eb9-3ae9-4136-b70a-2caf3716fa7f: start FollowerState
2019-09-25 07:04:49,077 [pool-37-thread-1] INFO  util.JmxRegister (JmxRegister.java:tryRegister(44)) - Successfully registered JMX Bean with object name Ratis:service=RaftServer,group=group-AF43CFC2C23D,id=62ec8eb9-3ae9-4136-b70a-2caf3716fa7f
2019-09-25 07:04:49,079 [RatisPipelineUtilsThread] INFO  pipeline.PipelineStateManager (PipelineStateManager.java:addPipeline(56)) - Created pipeline Pipeline[ Id: 76329967-583d-4467-90fa-af43cfc2c23d, Nodes: 62ec8eb9-3ae9-4136-b70a-2caf3716fa7f{ip: 192.168.30.10, host: pr-hdds-1569-s62bp-3040748787, networkLocation: /default-rack, certSerialId: null}, Type:RATIS, Factor:ONE, State:OPEN]
2019-09-25 07:04:49,085 [grpc-default-executor-0] INFO  impl.RaftServerProxy (RaftServerProxy.java:addNew(89)) - 62ec8eb9-3ae9-4136-b70a-2caf3716fa7f: addNew group-AE2CC0DD201F:[62ec8eb9-3ae9-4136-b70a-2caf3716fa7f:192.168.30.10:44715] returns group-AE2CC0DD201F:java.util.concurrent.CompletableFuture@f6a9917[Not completed]
2019-09-25 07:04:49,086 [pool-37-thread-1] INFO  impl.RaftServerImpl (RaftServerImpl.java:<init>(95)) - 62ec8eb9-3ae9-4136-b70a-2caf3716fa7f: new RaftServerImpl for group-AE2CC0DD201F:[62ec8eb9-3ae9-4136-b70a-2caf3716fa7f:192.168.30.10:44715] with ContainerStateMachine:uninitialized
2019-09-25 07:04:49,086 [pool-37-thread-1] INFO  server.RaftServerConfigKeys (ConfUtils.java:logGet(43)) - raft.server.rpc.timeout.min = 5s (custom)
2019-09-25 07:04:49,086 [pool-37-thread-1] INFO  server.RaftServerConfigKeys (ConfUtils.java:logGet(43)) - raft.server.rpc.timeout.max = 5200ms (custom)
2019-09-25 07:04:49,086 [pool-37-thread-1] INFO  server.RaftServerConfigKeys (ConfUtils.java:logGet(43)) - raft.server.rpcslowness.timeout = 120s (custom)
2019-09-25 07:04:49,086 [pool-37-thread-1] INFO  server.RaftServerConfigKeys (ConfUtils.java:logGet(43)) - raft.server.sleep.deviation.threshold = 300 (default)
2019-09-25 07:04:49,086 [pool-37-thread-1] INFO  server.RaftServerConfigKeys (ConfUtils.java:logGet(43)) - raft.server.log.appender.install.snapshot.enabled = false (custom)
2019-09-25 07:04:49,086 [pool-37-thread-1] INFO  impl.RaftServerImpl (ServerState.java:<init>(103)) - 62ec8eb9-3ae9-4136-b70a-2caf3716fa7f@group-AE2CC0DD201F: ConfigurationManager, init=-1: [62ec8eb9-3ae9-4136-b70a-2caf3716fa7f:192.168.30.10:44715], old=null, confs=<EMPTY_MAP>
2019-09-25 07:04:49,087 [pool-37-thread-1] INFO  server.RaftServerConfigKeys (ConfUtils.java:logGet(43)) - raft.server.storage.dir = [/workdir/hadoop-ozone/integration-test/target/test-dir/MiniOzoneClusterImpl-39af9574-7a8b-4ed7-b830-bf686a3d4bb8/datanode-1/data/ratis] (custom)
2019-09-25 07:04:49,087 [pool-37-thread-1] INFO  storage.RaftStorageDirectory (RaftStorageDirectory.java:analyzeStorage(246)) - The storage directory /workdir/hadoop-ozone/integration-test/target/test-dir/MiniOzoneClusterImpl-39af9574-7a8b-4ed7-b830-bf686a3d4bb8/datanode-1/data/ratis/2d265738-9a6d-4eac-844d-ae2cc0dd201f does not exist. Creating ...
2019-09-25 07:04:49,091 [pool-37-thread-1] INFO  storage.RaftStorageDirectory (RaftStorageDirectory.java:tryLock(328)) - Lock on /workdir/hadoop-ozone/integration-test/target/test-dir/MiniOzoneClusterImpl-39af9574-7a8b-4ed7-b830-bf686a3d4bb8/datanode-1/data/ratis/2d265738-9a6d-4eac-844d-ae2cc0dd201f/in_use.lock acquired by nodename 19495@pr-hdds-1569-s62bp-3040748787
2019-09-25 07:04:49,095 [pool-37-thread-1] INFO  storage.RaftStorage (RaftStorage.java:format(72)) - Storage directory /workdir/hadoop-ozone/integration-test/target/test-dir/MiniOzoneClusterImpl-39af9574-7a8b-4ed7-b830-bf686a3d4bb8/datanode-1/data/ratis/2d265738-9a6d-4eac-844d-ae2cc0dd201f has been successfully formatted.
2019-09-25 07:04:49,095 [pool-37-thread-1] INFO  ratis.ContainerStateMachine (ContainerStateMachine.java:loadSnapshot(230)) - group-AE2CC0DD201F: The snapshot info is null. Setting the last applied indexto:(t:0, i:~)
2019-09-25 07:04:49,095 [pool-37-thread-1] INFO  server.RaftServerConfigKeys (ConfUtils.java:logGet(43)) - raft.server.notification.no-leader.timeout = 120s (custom)
2019-09-25 07:04:49,095 [pool-37-thread-1] INFO  server.RaftServerConfigKeys (ConfUtils.java:logGet(43)) - raft.server.log.use.memory = false (default)
2019-09-25 07:04:49,095 [pool-37-thread-1] INFO  server.RaftServerConfigKeys (ConfUtils.java:logGet(43)) - raft.server.log.purge.gap = 1000000 (custom)
2019-09-25 07:04:49,095 [pool-37-thread-1] INFO  server.RaftServerConfigKeys (ConfUtils.java:logGet(43)) - raft.server.log.appender.buffer.byte-limit = 33554432 (custom)
2019-09-25 07:04:49,096 [pool-37-thread-1] INFO  server.RaftServerConfigKeys (ConfUtils.java:logGet(43)) - raft.server.log.segment.size.max = 1048576 (custom)
2019-09-25 07:04:49,096 [pool-37-thread-1] INFO  server.RaftServerConfigKeys (ConfUtils.java:logGet(43)) - raft.server.log.segment.cache.num.max = 2 (custom)
2019-09-25 07:04:49,096 [pool-37-thread-1] INFO  segmented.SegmentedRaftLogWorker (SegmentedRaftLogWorker.java:<init>(172)) - new 62ec8eb9-3ae9-4136-b70a-2caf3716fa7f@group-AE2CC0DD201F-SegmentedRaftLogWorker for RaftStorage:Storage Directory /workdir/hadoop-ozone/integration-test/target/test-dir/MiniOzoneClusterImpl-39af9574-7a8b-4ed7-b830-bf686a3d4bb8/datanode-1/data/ratis/2d265738-9a6d-4eac-844d-ae2cc0dd201f
2019-09-25 07:04:49,096 [pool-37-thread-1] INFO  server.RaftServerConfigKeys (ConfUtils.java:logGet(43)) - raft.server.log.queue.byte-limit = 2147483647 (custom)
2019-09-25 07:04:49,096 [pool-37-thread-1] INFO  server.RaftServerConfigKeys (ConfUtils.java:logGet(43)) - raft.server.log.queue.element-limit = 1024 (custom)
2019-09-25 07:04:49,096 [pool-37-thread-1] INFO  server.RaftServerConfigKeys (ConfUtils.java:logGet(43)) - raft.server.log.segment.size.max = 1048576 (custom)
2019-09-25 07:04:49,099 [pool-37-thread-1] INFO  server.RaftServerConfigKeys (ConfUtils.java:logGet(43)) - raft.server.log.preallocated.size = 16384 (custom)
2019-09-25 07:04:49,099 [pool-37-thread-1] INFO  server.RaftServerConfigKeys (ConfUtils.java:logGet(43)) - raft.server.log.write.buffer.size = 33554432 (custom)
2019-09-25 07:04:49,099 [pool-37-thread-1] INFO  server.RaftServerConfigKeys (ConfUtils.java:logGet(43)) - raft.server.log.force.sync.num = 128 (default)
2019-09-25 07:04:49,099 [pool-37-thread-1] INFO  server.RaftServerConfigKeys (ConfUtils.java:logGet(43)) - raft.server.log.statemachine.data.sync = true (default)
2019-09-25 07:04:49,099 [pool-37-thread-1] INFO  server.RaftServerConfigKeys (ConfUtils.java:logGet(43)) - raft.server.log.statemachine.data.sync.timeout = 10s (default)
2019-09-25 07:04:49,099 [pool-37-thread-1] INFO  server.RaftServerConfigKeys (ConfUtils.java:logGet(43)) - raft.server.log.statemachine.data.sync.timeout.retry = -1 (default)
2019-09-25 07:04:49,099 [pool-37-thread-1] INFO  server.RaftServerConfigKeys (ConfUtils.java:logGet(43)) - raft.server.log.statemachine.data.caching.enabled = true (custom)
2019-09-25 07:04:49,100 [pool-37-thread-1] INFO  segmented.SegmentedRaftLogWorker (SegmentedRaftLogWorker.java:lambda$new$0(132)) - 62ec8eb9-3ae9-4136-b70a-2caf3716fa7f@group-AE2CC0DD201F-SegmentedRaftLogWorker: flushIndex: setUnconditionally 0 -> -1
2019-09-25 07:04:49,100 [pool-37-thread-1] INFO  server.RaftServerConfigKeys (ConfUtils.java:logGet(43)) - raft.server.snapshot.auto.trigger.enabled = true (custom)
2019-09-25 07:04:49,100 [pool-37-thread-1] INFO  server.RaftServerConfigKeys (ConfUtils.java:logGet(43)) - raft.server.snapshot.auto.trigger.threshold = 10000 (custom)
2019-09-25 07:04:49,100 [pool-37-thread-1] INFO  server.RaftServerConfigKeys (ConfUtils.java:logGet(43)) - raft.server.snapshot.retention.num.files = 5 (custom)
2019-09-25 07:04:49,101 [pool-37-thread-1] INFO  server.RaftServerConfigKeys (ConfUtils.java:logGet(43)) - raft.server.retrycache.expirytime = 600000ms (custom)
2019-09-25 07:04:49,103 [pool-37-thread-1] INFO  impl.RaftServerImpl (RaftServerImpl.java:start(185)) - 62ec8eb9-3ae9-4136-b70a-2caf3716fa7f@group-AE2CC0DD201F: start as a follower, conf=-1: [62ec8eb9-3ae9-4136-b70a-2caf3716fa7f:192.168.30.10:44715], old=null
2019-09-25 07:04:49,103 [pool-37-thread-1] INFO  impl.RaftServerImpl (RaftServerImpl.java:setRole(174)) - 62ec8eb9-3ae9-4136-b70a-2caf3716fa7f@group-AE2CC0DD201F: changes role from      null to FOLLOWER at term 0 for startAsFollower
2019-09-25 07:04:49,103 [pool-37-thread-1] INFO  impl.RoleInfo (RoleInfo.java:updateAndGet(143)) - 62ec8eb9-3ae9-4136-b70a-2caf3716fa7f: start FollowerState
2019-09-25 07:04:49,103 [pool-37-thread-1] INFO  util.JmxRegister (JmxRegister.java:tryRegister(44)) - Successfully registered JMX Bean with object name Ratis:service=RaftServer,group=group-AE2CC0DD201F,id=62ec8eb9-3ae9-4136-b70a-2caf3716fa7f
2019-09-25 07:04:49,106 [RatisPipelineUtilsThread] INFO  pipeline.PipelineStateManager (PipelineStateManager.java:addPipeline(56)) - Created pipeline Pipeline[ Id: 2d265738-9a6d-4eac-844d-ae2cc0dd201f, Nodes: 62ec8eb9-3ae9-4136-b70a-2caf3716fa7f{ip: 192.168.30.10, host: pr-hdds-1569-s62bp-3040748787, networkLocation: /default-rack, certSerialId: null}, Type:RATIS, Factor:ONE, State:OPEN]
2019-09-25 07:04:49,111 [grpc-default-executor-0] INFO  impl.RaftServerProxy (RaftServerProxy.java:addNew(89)) - 62ec8eb9-3ae9-4136-b70a-2caf3716fa7f: addNew group-ABB063594AB8:[62ec8eb9-3ae9-4136-b70a-2caf3716fa7f:192.168.30.10:44715] returns group-ABB063594AB8:java.util.concurrent.CompletableFuture@5b32a9e2[Not completed]
2019-09-25 07:04:49,112 [pool-37-thread-1] INFO  impl.RaftServerImpl (RaftServerImpl.java:<init>(95)) - 62ec8eb9-3ae9-4136-b70a-2caf3716fa7f: new RaftServerImpl for group-ABB063594AB8:[62ec8eb9-3ae9-4136-b70a-2caf3716fa7f:192.168.30.10:44715] with ContainerStateMachine:uninitialized
2019-09-25 07:04:49,112 [pool-37-thread-1] INFO  server.RaftServerConfigKeys (ConfUtils.java:logGet(43)) - raft.server.rpc.timeout.min = 5s (custom)
2019-09-25 07:04:49,112 [pool-37-thread-1] INFO  server.RaftServerConfigKeys (ConfUtils.java:logGet(43)) - raft.server.rpc.timeout.max = 5200ms (custom)
2019-09-25 07:04:49,112 [pool-37-thread-1] INFO  server.RaftServerConfigKeys (ConfUtils.java:logGet(43)) - raft.server.rpcslowness.timeout = 120s (custom)
2019-09-25 07:04:49,112 [pool-37-thread-1] INFO  server.RaftServerConfigKeys (ConfUtils.java:logGet(43)) - raft.server.sleep.deviation.threshold = 300 (default)
2019-09-25 07:04:49,112 [pool-37-thread-1] INFO  server.RaftServerConfigKeys (ConfUtils.java:logGet(43)) - raft.server.log.appender.install.snapshot.enabled = false (custom)
2019-09-25 07:04:49,113 [pool-37-thread-1] INFO  impl.RaftServerImpl (ServerState.java:<init>(103)) - 62ec8eb9-3ae9-4136-b70a-2caf3716fa7f@group-ABB063594AB8: ConfigurationManager, init=-1: [62ec8eb9-3ae9-4136-b70a-2caf3716fa7f:192.168.30.10:44715], old=null, confs=<EMPTY_MAP>
2019-09-25 07:04:49,113 [pool-37-thread-1] INFO  server.RaftServerConfigKeys (ConfUtils.java:logGet(43)) - raft.server.storage.dir = [/workdir/hadoop-ozone/integration-test/target/test-dir/MiniOzoneClusterImpl-39af9574-7a8b-4ed7-b830-bf686a3d4bb8/datanode-1/data/ratis] (custom)
2019-09-25 07:04:49,113 [pool-37-thread-1] INFO  storage.RaftStorageDirectory (RaftStorageDirectory.java:analyzeStorage(246)) - The storage directory /workdir/hadoop-ozone/integration-test/target/test-dir/MiniOzoneClusterImpl-39af9574-7a8b-4ed7-b830-bf686a3d4bb8/datanode-1/data/ratis/b2db46a3-057d-4e7a-8497-abb063594ab8 does not exist. Creating ...
2019-09-25 07:04:49,116 [pool-37-thread-1] INFO  storage.RaftStorageDirectory (RaftStorageDirectory.java:tryLock(328)) - Lock on /workdir/hadoop-ozone/integration-test/target/test-dir/MiniOzoneClusterImpl-39af9574-7a8b-4ed7-b830-bf686a3d4bb8/datanode-1/data/ratis/b2db46a3-057d-4e7a-8497-abb063594ab8/in_use.lock acquired by nodename 19495@pr-hdds-1569-s62bp-3040748787
2019-09-25 07:04:49,119 [pool-37-thread-1] INFO  storage.RaftStorage (RaftStorage.java:format(72)) - Storage directory /workdir/hadoop-ozone/integration-test/target/test-dir/MiniOzoneClusterImpl-39af9574-7a8b-4ed7-b830-bf686a3d4bb8/datanode-1/data/ratis/b2db46a3-057d-4e7a-8497-abb063594ab8 has been successfully formatted.
2019-09-25 07:04:49,120 [pool-37-thread-1] INFO  ratis.ContainerStateMachine (ContainerStateMachine.java:loadSnapshot(230)) - group-ABB063594AB8: The snapshot info is null. Setting the last applied indexto:(t:0, i:~)
2019-09-25 07:04:49,120 [pool-37-thread-1] INFO  server.RaftServerConfigKeys (ConfUtils.java:logGet(43)) - raft.server.notification.no-leader.timeout = 120s (custom)
2019-09-25 07:04:49,120 [pool-37-thread-1] INFO  server.RaftServerConfigKeys (ConfUtils.java:logGet(43)) - raft.server.log.use.memory = false (default)
2019-09-25 07:04:49,120 [pool-37-thread-1] INFO  server.RaftServerConfigKeys (ConfUtils.java:logGet(43)) - raft.server.log.purge.gap = 1000000 (custom)
2019-09-25 07:04:49,120 [pool-37-thread-1] INFO  server.RaftServerConfigKeys (ConfUtils.java:logGet(43)) - raft.server.log.appender.buffer.byte-limit = 33554432 (custom)
2019-09-25 07:04:49,120 [pool-37-thread-1] INFO  server.RaftServerConfigKeys (ConfUtils.java:logGet(43)) - raft.server.log.segment.size.max = 1048576 (custom)
2019-09-25 07:04:49,120 [pool-37-thread-1] INFO  server.RaftServerConfigKeys (ConfUtils.java:logGet(43)) - raft.server.log.segment.cache.num.max = 2 (custom)
2019-09-25 07:04:49,121 [pool-37-thread-1] INFO  segmented.SegmentedRaftLogWorker (SegmentedRaftLogWorker.java:<init>(172)) - new 62ec8eb9-3ae9-4136-b70a-2caf3716fa7f@group-ABB063594AB8-SegmentedRaftLogWorker for RaftStorage:Storage Directory /workdir/hadoop-ozone/integration-test/target/test-dir/MiniOzoneClusterImpl-39af9574-7a8b-4ed7-b830-bf686a3d4bb8/datanode-1/data/ratis/b2db46a3-057d-4e7a-8497-abb063594ab8
2019-09-25 07:04:49,121 [pool-37-thread-1] INFO  server.RaftServerConfigKeys (ConfUtils.java:logGet(43)) - raft.server.log.queue.byte-limit = 2147483647 (custom)
2019-09-25 07:04:49,121 [pool-37-thread-1] INFO  server.RaftServerConfigKeys (ConfUtils.java:logGet(43)) - raft.server.log.queue.element-limit = 1024 (custom)
2019-09-25 07:04:49,121 [pool-37-thread-1] INFO  server.RaftServerConfigKeys (ConfUtils.java:logGet(43)) - raft.server.log.segment.size.max = 1048576 (custom)
2019-09-25 07:04:49,121 [pool-37-thread-1] INFO  server.RaftServerConfigKeys (ConfUtils.java:logGet(43)) - raft.server.log.preallocated.size = 16384 (custom)
2019-09-25 07:04:49,121 [pool-37-thread-1] INFO  server.RaftServerConfigKeys (ConfUtils.java:logGet(43)) - raft.server.log.write.buffer.size = 33554432 (custom)
2019-09-25 07:04:49,121 [pool-37-thread-1] INFO  server.RaftServerConfigKeys (ConfUtils.java:logGet(43)) - raft.server.log.force.sync.num = 128 (default)
2019-09-25 07:04:49,121 [pool-37-thread-1] INFO  server.RaftServerConfigKeys (ConfUtils.java:logGet(43)) - raft.server.log.statemachine.data.sync = true (default)
2019-09-25 07:04:49,121 [pool-37-thread-1] INFO  server.RaftServerConfigKeys (ConfUtils.java:logGet(43)) - raft.server.log.statemachine.data.sync.timeout = 10s (default)
2019-09-25 07:04:49,122 [pool-37-thread-1] INFO  server.RaftServerConfigKeys (ConfUtils.java:logGet(43)) - raft.server.log.statemachine.data.sync.timeout.retry = -1 (default)
2019-09-25 07:04:49,122 [pool-37-thread-1] INFO  server.RaftServerConfigKeys (ConfUtils.java:logGet(43)) - raft.server.log.statemachine.data.caching.enabled = true (custom)
2019-09-25 07:04:49,122 [pool-37-thread-1] INFO  segmented.SegmentedRaftLogWorker (SegmentedRaftLogWorker.java:lambda$new$0(132)) - 62ec8eb9-3ae9-4136-b70a-2caf3716fa7f@group-ABB063594AB8-SegmentedRaftLogWorker: flushIndex: setUnconditionally 0 -> -1
2019-09-25 07:04:49,122 [pool-37-thread-1] INFO  server.RaftServerConfigKeys (ConfUtils.java:logGet(43)) - raft.server.snapshot.auto.trigger.enabled = true (custom)
2019-09-25 07:04:49,122 [pool-37-thread-1] INFO  server.RaftServerConfigKeys (ConfUtils.java:logGet(43)) - raft.server.snapshot.auto.trigger.threshold = 10000 (custom)
2019-09-25 07:04:49,123 [pool-37-thread-1] INFO  server.RaftServerConfigKeys (ConfUtils.java:logGet(43)) - raft.server.snapshot.retention.num.files = 5 (custom)
2019-09-25 07:04:49,123 [pool-37-thread-1] INFO  server.RaftServerConfigKeys (ConfUtils.java:logGet(43)) - raft.server.retrycache.expirytime = 600000ms (custom)
2019-09-25 07:04:49,125 [pool-37-thread-1] INFO  impl.RaftServerImpl (RaftServerImpl.java:start(185)) - 62ec8eb9-3ae9-4136-b70a-2caf3716fa7f@group-ABB063594AB8: start as a follower, conf=-1: [62ec8eb9-3ae9-4136-b70a-2caf3716fa7f:192.168.30.10:44715], old=null
2019-09-25 07:04:49,125 [pool-37-thread-1] INFO  impl.RaftServerImpl (RaftServerImpl.java:setRole(174)) - 62ec8eb9-3ae9-4136-b70a-2caf3716fa7f@group-ABB063594AB8: changes role from      null to FOLLOWER at term 0 for startAsFollower
2019-09-25 07:04:49,125 [pool-37-thread-1] INFO  impl.RoleInfo (RoleInfo.java:updateAndGet(143)) - 62ec8eb9-3ae9-4136-b70a-2caf3716fa7f: start FollowerState
2019-09-25 07:04:49,125 [pool-37-thread-1] INFO  util.JmxRegister (JmxRegister.java:tryRegister(44)) - Successfully registered JMX Bean with object name Ratis:service=RaftServer,group=group-ABB063594AB8,id=62ec8eb9-3ae9-4136-b70a-2caf3716fa7f
2019-09-25 07:04:49,127 [RatisPipelineUtilsThread] INFO  pipeline.PipelineStateManager (PipelineStateManager.java:addPipeline(56)) - Created pipeline Pipeline[ Id: b2db46a3-057d-4e7a-8497-abb063594ab8, Nodes: 62ec8eb9-3ae9-4136-b70a-2caf3716fa7f{ip: 192.168.30.10, host: pr-hdds-1569-s62bp-3040748787, networkLocation: /default-rack, certSerialId: null}, Type:RATIS, Factor:ONE, State:OPEN]
2019-09-25 07:04:49,132 [grpc-default-executor-0] INFO  impl.RaftServerProxy (RaftServerProxy.java:addNew(89)) - e568d23f-199e-48ce-91e4-5c166e2e97cd: addNew group-3D7A5B67F997:[e568d23f-199e-48ce-91e4-5c166e2e97cd:192.168.30.10:42827] returns group-3D7A5B67F997:java.util.concurrent.CompletableFuture@69cf77[Not completed]
2019-09-25 07:04:49,134 [pool-27-thread-1] INFO  impl.RaftServerImpl (RaftServerImpl.java:<init>(95)) - e568d23f-199e-48ce-91e4-5c166e2e97cd: new RaftServerImpl for group-3D7A5B67F997:[e568d23f-199e-48ce-91e4-5c166e2e97cd:192.168.30.10:42827] with ContainerStateMachine:uninitialized
2019-09-25 07:04:49,134 [pool-27-thread-1] INFO  server.RaftServerConfigKeys (ConfUtils.java:logGet(43)) - raft.server.rpc.timeout.min = 5s (custom)
2019-09-25 07:04:49,134 [pool-27-thread-1] INFO  server.RaftServerConfigKeys (ConfUtils.java:logGet(43)) - raft.server.rpc.timeout.max = 5200ms (custom)
2019-09-25 07:04:49,134 [pool-27-thread-1] INFO  server.RaftServerConfigKeys (ConfUtils.java:logGet(43)) - raft.server.rpcslowness.timeout = 120s (custom)
2019-09-25 07:04:49,134 [pool-27-thread-1] INFO  server.RaftServerConfigKeys (ConfUtils.java:logGet(43)) - raft.server.sleep.deviation.threshold = 300 (default)
2019-09-25 07:04:49,134 [pool-27-thread-1] INFO  server.RaftServerConfigKeys (ConfUtils.java:logGet(43)) - raft.server.log.appender.install.snapshot.enabled = false (custom)
2019-09-25 07:04:49,134 [pool-27-thread-1] INFO  impl.RaftServerImpl (ServerState.java:<init>(103)) - e568d23f-199e-48ce-91e4-5c166e2e97cd@group-3D7A5B67F997: ConfigurationManager, init=-1: [e568d23f-199e-48ce-91e4-5c166e2e97cd:192.168.30.10:42827], old=null, confs=<EMPTY_MAP>
2019-09-25 07:04:49,135 [pool-27-thread-1] INFO  server.RaftServerConfigKeys (ConfUtils.java:logGet(43)) - raft.server.storage.dir = [/workdir/hadoop-ozone/integration-test/target/test-dir/MiniOzoneClusterImpl-39af9574-7a8b-4ed7-b830-bf686a3d4bb8/datanode-0/data/ratis] (custom)
2019-09-25 07:04:49,135 [pool-27-thread-1] INFO  storage.RaftStorageDirectory (RaftStorageDirectory.java:analyzeStorage(246)) - The storage directory /workdir/hadoop-ozone/integration-test/target/test-dir/MiniOzoneClusterImpl-39af9574-7a8b-4ed7-b830-bf686a3d4bb8/datanode-0/data/ratis/fb5b4a03-59ea-45b9-8b0b-3d7a5b67f997 does not exist. Creating ...
2019-09-25 07:04:49,138 [pool-27-thread-1] INFO  storage.RaftStorageDirectory (RaftStorageDirectory.java:tryLock(328)) - Lock on /workdir/hadoop-ozone/integration-test/target/test-dir/MiniOzoneClusterImpl-39af9574-7a8b-4ed7-b830-bf686a3d4bb8/datanode-0/data/ratis/fb5b4a03-59ea-45b9-8b0b-3d7a5b67f997/in_use.lock acquired by nodename 19495@pr-hdds-1569-s62bp-3040748787
2019-09-25 07:04:49,148 [pool-27-thread-1] INFO  storage.RaftStorage (RaftStorage.java:format(72)) - Storage directory /workdir/hadoop-ozone/integration-test/target/test-dir/MiniOzoneClusterImpl-39af9574-7a8b-4ed7-b830-bf686a3d4bb8/datanode-0/data/ratis/fb5b4a03-59ea-45b9-8b0b-3d7a5b67f997 has been successfully formatted.
2019-09-25 07:04:49,149 [pool-27-thread-1] INFO  ratis.ContainerStateMachine (ContainerStateMachine.java:loadSnapshot(230)) - group-3D7A5B67F997: The snapshot info is null. Setting the last applied indexto:(t:0, i:~)
2019-09-25 07:04:49,149 [pool-27-thread-1] INFO  server.RaftServerConfigKeys (ConfUtils.java:logGet(43)) - raft.server.notification.no-leader.timeout = 120s (custom)
2019-09-25 07:04:49,149 [pool-27-thread-1] INFO  server.RaftServerConfigKeys (ConfUtils.java:logGet(43)) - raft.server.log.use.memory = false (default)
2019-09-25 07:04:49,149 [pool-27-thread-1] INFO  server.RaftServerConfigKeys (ConfUtils.java:logGet(43)) - raft.server.log.purge.gap = 1000000 (custom)
2019-09-25 07:04:49,149 [pool-27-thread-1] INFO  server.RaftServerConfigKeys (ConfUtils.java:logGet(43)) - raft.server.log.appender.buffer.byte-limit = 33554432 (custom)
2019-09-25 07:04:49,149 [pool-27-thread-1] INFO  server.RaftServerConfigKeys (ConfUtils.java:logGet(43)) - raft.server.log.segment.size.max = 1048576 (custom)
2019-09-25 07:04:49,149 [pool-27-thread-1] INFO  server.RaftServerConfigKeys (ConfUtils.java:logGet(43)) - raft.server.log.segment.cache.num.max = 2 (custom)
2019-09-25 07:04:49,150 [pool-27-thread-1] INFO  segmented.SegmentedRaftLogWorker (SegmentedRaftLogWorker.java:<init>(172)) - new e568d23f-199e-48ce-91e4-5c166e2e97cd@group-3D7A5B67F997-SegmentedRaftLogWorker for RaftStorage:Storage Directory /workdir/hadoop-ozone/integration-test/target/test-dir/MiniOzoneClusterImpl-39af9574-7a8b-4ed7-b830-bf686a3d4bb8/datanode-0/data/ratis/fb5b4a03-59ea-45b9-8b0b-3d7a5b67f997
2019-09-25 07:04:49,150 [pool-27-thread-1] INFO  server.RaftServerConfigKeys (ConfUtils.java:logGet(43)) - raft.server.log.queue.byte-limit = 2147483647 (custom)
2019-09-25 07:04:49,150 [pool-27-thread-1] INFO  server.RaftServerConfigKeys (ConfUtils.java:logGet(43)) - raft.server.log.queue.element-limit = 1024 (custom)
2019-09-25 07:04:49,150 [pool-27-thread-1] INFO  server.RaftServerConfigKeys (ConfUtils.java:logGet(43)) - raft.server.log.segment.size.max = 1048576 (custom)
2019-09-25 07:04:49,150 [pool-27-thread-1] INFO  server.RaftServerConfigKeys (ConfUtils.java:logGet(43)) - raft.server.log.preallocated.size = 16384 (custom)
2019-09-25 07:04:49,150 [pool-27-thread-1] INFO  server.RaftServerConfigKeys (ConfUtils.java:logGet(43)) - raft.server.log.write.buffer.size = 33554432 (custom)
2019-09-25 07:04:49,150 [pool-27-thread-1] INFO  server.RaftServerConfigKeys (ConfUtils.java:logGet(43)) - raft.server.log.force.sync.num = 128 (default)
2019-09-25 07:04:49,151 [pool-27-thread-1] INFO  server.RaftServerConfigKeys (ConfUtils.java:logGet(43)) - raft.server.log.statemachine.data.sync = true (default)
2019-09-25 07:04:49,151 [pool-27-thread-1] INFO  server.RaftServerConfigKeys (ConfUtils.java:logGet(43)) - raft.server.log.statemachine.data.sync.timeout = 10s (default)
2019-09-25 07:04:49,151 [pool-27-thread-1] INFO  server.RaftServerConfigKeys (ConfUtils.java:logGet(43)) - raft.server.log.statemachine.data.sync.timeout.retry = -1 (default)
2019-09-25 07:04:49,151 [pool-27-thread-1] INFO  server.RaftServerConfigKeys (ConfUtils.java:logGet(43)) - raft.server.log.statemachine.data.caching.enabled = true (custom)
2019-09-25 07:04:49,151 [pool-27-thread-1] INFO  segmented.SegmentedRaftLogWorker (SegmentedRaftLogWorker.java:lambda$new$0(132)) - e568d23f-199e-48ce-91e4-5c166e2e97cd@group-3D7A5B67F997-SegmentedRaftLogWorker: flushIndex: setUnconditionally 0 -> -1
2019-09-25 07:04:49,152 [pool-27-thread-1] INFO  server.RaftServerConfigKeys (ConfUtils.java:logGet(43)) - raft.server.snapshot.auto.trigger.enabled = true (custom)
2019-09-25 07:04:49,152 [pool-27-thread-1] INFO  server.RaftServerConfigKeys (ConfUtils.java:logGet(43)) - raft.server.snapshot.auto.trigger.threshold = 10000 (custom)
2019-09-25 07:04:49,152 [pool-27-thread-1] INFO  server.RaftServerConfigKeys (ConfUtils.java:logGet(43)) - raft.server.snapshot.retention.num.files = 5 (custom)
2019-09-25 07:04:49,152 [pool-27-thread-1] INFO  server.RaftServerConfigKeys (ConfUtils.java:logGet(43)) - raft.server.retrycache.expirytime = 600000ms (custom)
2019-09-25 07:04:49,155 [pool-27-thread-1] INFO  impl.RaftServerImpl (RaftServerImpl.java:start(185)) - e568d23f-199e-48ce-91e4-5c166e2e97cd@group-3D7A5B67F997: start as a follower, conf=-1: [e568d23f-199e-48ce-91e4-5c166e2e97cd:192.168.30.10:42827], old=null
2019-09-25 07:04:49,155 [pool-27-thread-1] INFO  impl.RaftServerImpl (RaftServerImpl.java:setRole(174)) - e568d23f-199e-48ce-91e4-5c166e2e97cd@group-3D7A5B67F997: changes role from      null to FOLLOWER at term 0 for startAsFollower
2019-09-25 07:04:49,155 [pool-27-thread-1] INFO  impl.RoleInfo (RoleInfo.java:updateAndGet(143)) - e568d23f-199e-48ce-91e4-5c166e2e97cd: start FollowerState
2019-09-25 07:04:49,155 [pool-27-thread-1] INFO  util.JmxRegister (JmxRegister.java:tryRegister(44)) - Successfully registered JMX Bean with object name Ratis:service=RaftServer,group=group-3D7A5B67F997,id=e568d23f-199e-48ce-91e4-5c166e2e97cd
2019-09-25 07:04:49,158 [RatisPipelineUtilsThread] INFO  pipeline.PipelineStateManager (PipelineStateManager.java:addPipeline(56)) - Created pipeline Pipeline[ Id: fb5b4a03-59ea-45b9-8b0b-3d7a5b67f997, Nodes: e568d23f-199e-48ce-91e4-5c166e2e97cd{ip: 192.168.30.10, host: pr-hdds-1569-s62bp-3040748787, networkLocation: /default-rack, certSerialId: null}, Type:RATIS, Factor:ONE, State:OPEN]
2019-09-25 07:04:49,163 [grpc-default-executor-0] INFO  impl.RaftServerProxy (RaftServerProxy.java:addNew(89)) - 62ec8eb9-3ae9-4136-b70a-2caf3716fa7f: addNew group-A59A59095A78:[62ec8eb9-3ae9-4136-b70a-2caf3716fa7f:192.168.30.10:44715] returns group-A59A59095A78:java.util.concurrent.CompletableFuture@6d845978[Not completed]
2019-09-25 07:04:49,164 [pool-37-thread-1] INFO  impl.RaftServerImpl (RaftServerImpl.java:<init>(95)) - 62ec8eb9-3ae9-4136-b70a-2caf3716fa7f: new RaftServerImpl for group-A59A59095A78:[62ec8eb9-3ae9-4136-b70a-2caf3716fa7f:192.168.30.10:44715] with ContainerStateMachine:uninitialized
2019-09-25 07:04:49,164 [pool-37-thread-1] INFO  server.RaftServerConfigKeys (ConfUtils.java:logGet(43)) - raft.server.rpc.timeout.min = 5s (custom)
2019-09-25 07:04:49,164 [pool-37-thread-1] INFO  server.RaftServerConfigKeys (ConfUtils.java:logGet(43)) - raft.server.rpc.timeout.max = 5200ms (custom)
2019-09-25 07:04:49,164 [pool-37-thread-1] INFO  server.RaftServerConfigKeys (ConfUtils.java:logGet(43)) - raft.server.rpcslowness.timeout = 120s (custom)
2019-09-25 07:04:49,164 [pool-37-thread-1] INFO  server.RaftServerConfigKeys (ConfUtils.java:logGet(43)) - raft.server.sleep.deviation.threshold = 300 (default)
2019-09-25 07:04:49,164 [pool-37-thread-1] INFO  server.RaftServerConfigKeys (ConfUtils.java:logGet(43)) - raft.server.log.appender.install.snapshot.enabled = false (custom)
2019-09-25 07:04:49,164 [pool-37-thread-1] INFO  impl.RaftServerImpl (ServerState.java:<init>(103)) - 62ec8eb9-3ae9-4136-b70a-2caf3716fa7f@group-A59A59095A78: ConfigurationManager, init=-1: [62ec8eb9-3ae9-4136-b70a-2caf3716fa7f:192.168.30.10:44715], old=null, confs=<EMPTY_MAP>
2019-09-25 07:04:49,165 [pool-37-thread-1] INFO  server.RaftServerConfigKeys (ConfUtils.java:logGet(43)) - raft.server.storage.dir = [/workdir/hadoop-ozone/integration-test/target/test-dir/MiniOzoneClusterImpl-39af9574-7a8b-4ed7-b830-bf686a3d4bb8/datanode-1/data/ratis] (custom)
2019-09-25 07:04:49,165 [pool-37-thread-1] INFO  storage.RaftStorageDirectory (RaftStorageDirectory.java:analyzeStorage(246)) - The storage directory /workdir/hadoop-ozone/integration-test/target/test-dir/MiniOzoneClusterImpl-39af9574-7a8b-4ed7-b830-bf686a3d4bb8/datanode-1/data/ratis/3e9e7645-88f4-4bca-b06f-a59a59095a78 does not exist. Creating ...
2019-09-25 07:04:49,178 [pool-37-thread-1] INFO  storage.RaftStorageDirectory (RaftStorageDirectory.java:tryLock(328)) - Lock on /workdir/hadoop-ozone/integration-test/target/test-dir/MiniOzoneClusterImpl-39af9574-7a8b-4ed7-b830-bf686a3d4bb8/datanode-1/data/ratis/3e9e7645-88f4-4bca-b06f-a59a59095a78/in_use.lock acquired by nodename 19495@pr-hdds-1569-s62bp-3040748787
2019-09-25 07:04:49,190 [pool-37-thread-1] INFO  storage.RaftStorage (RaftStorage.java:format(72)) - Storage directory /workdir/hadoop-ozone/integration-test/target/test-dir/MiniOzoneClusterImpl-39af9574-7a8b-4ed7-b830-bf686a3d4bb8/datanode-1/data/ratis/3e9e7645-88f4-4bca-b06f-a59a59095a78 has been successfully formatted.
2019-09-25 07:04:49,191 [pool-37-thread-1] INFO  ratis.ContainerStateMachine (ContainerStateMachine.java:loadSnapshot(230)) - group-A59A59095A78: The snapshot info is null. Setting the last applied indexto:(t:0, i:~)
2019-09-25 07:04:49,191 [pool-37-thread-1] INFO  server.RaftServerConfigKeys (ConfUtils.java:logGet(43)) - raft.server.notification.no-leader.timeout = 120s (custom)
2019-09-25 07:04:49,191 [pool-37-thread-1] INFO  server.RaftServerConfigKeys (ConfUtils.java:logGet(43)) - raft.server.log.use.memory = false (default)
2019-09-25 07:04:49,191 [pool-37-thread-1] INFO  server.RaftServerConfigKeys (ConfUtils.java:logGet(43)) - raft.server.log.purge.gap = 1000000 (custom)
2019-09-25 07:04:49,191 [pool-37-thread-1] INFO  server.RaftServerConfigKeys (ConfUtils.java:logGet(43)) - raft.server.log.appender.buffer.byte-limit = 33554432 (custom)
2019-09-25 07:04:49,191 [pool-37-thread-1] INFO  server.RaftServerConfigKeys (ConfUtils.java:logGet(43)) - raft.server.log.segment.size.max = 1048576 (custom)
2019-09-25 07:04:49,192 [pool-37-thread-1] INFO  server.RaftServerConfigKeys (ConfUtils.java:logGet(43)) - raft.server.log.segment.cache.num.max = 2 (custom)
2019-09-25 07:04:49,192 [pool-37-thread-1] INFO  segmented.SegmentedRaftLogWorker (SegmentedRaftLogWorker.java:<init>(172)) - new 62ec8eb9-3ae9-4136-b70a-2caf3716fa7f@group-A59A59095A78-SegmentedRaftLogWorker for RaftStorage:Storage Directory /workdir/hadoop-ozone/integration-test/target/test-dir/MiniOzoneClusterImpl-39af9574-7a8b-4ed7-b830-bf686a3d4bb8/datanode-1/data/ratis/3e9e7645-88f4-4bca-b06f-a59a59095a78
2019-09-25 07:04:49,192 [pool-37-thread-1] INFO  server.RaftServerConfigKeys (ConfUtils.java:logGet(43)) - raft.server.log.queue.byte-limit = 2147483647 (custom)
2019-09-25 07:04:49,192 [pool-37-thread-1] INFO  server.RaftServerConfigKeys (ConfUtils.java:logGet(43)) - raft.server.log.queue.element-limit = 1024 (custom)
2019-09-25 07:04:49,192 [pool-37-thread-1] INFO  server.RaftServerConfigKeys (ConfUtils.java:logGet(43)) - raft.server.log.segment.size.max = 1048576 (custom)
2019-09-25 07:04:49,192 [pool-37-thread-1] INFO  server.RaftServerConfigKeys (ConfUtils.java:logGet(43)) - raft.server.log.preallocated.size = 16384 (custom)
2019-09-25 07:04:49,192 [pool-37-thread-1] INFO  server.RaftServerConfigKeys (ConfUtils.java:logGet(43)) - raft.server.log.write.buffer.size = 33554432 (custom)
2019-09-25 07:04:49,193 [pool-37-thread-1] INFO  server.RaftServerConfigKeys (ConfUtils.java:logGet(43)) - raft.server.log.force.sync.num = 128 (default)
2019-09-25 07:04:49,193 [pool-37-thread-1] INFO  server.RaftServerConfigKeys (ConfUtils.java:logGet(43)) - raft.server.log.statemachine.data.sync = true (default)
2019-09-25 07:04:49,193 [pool-37-thread-1] INFO  server.RaftServerConfigKeys (ConfUtils.java:logGet(43)) - raft.server.log.statemachine.data.sync.timeout = 10s (default)
2019-09-25 07:04:49,193 [pool-37-thread-1] INFO  server.RaftServerConfigKeys (ConfUtils.java:logGet(43)) - raft.server.log.statemachine.data.sync.timeout.retry = -1 (default)
2019-09-25 07:04:49,193 [pool-37-thread-1] INFO  server.RaftServerConfigKeys (ConfUtils.java:logGet(43)) - raft.server.log.statemachine.data.caching.enabled = true (custom)
2019-09-25 07:04:49,193 [pool-37-thread-1] INFO  segmented.SegmentedRaftLogWorker (SegmentedRaftLogWorker.java:lambda$new$0(132)) - 62ec8eb9-3ae9-4136-b70a-2caf3716fa7f@group-A59A59095A78-SegmentedRaftLogWorker: flushIndex: setUnconditionally 0 -> -1
2019-09-25 07:04:49,194 [pool-37-thread-1] INFO  server.RaftServerConfigKeys (ConfUtils.java:logGet(43)) - raft.server.snapshot.auto.trigger.enabled = true (custom)
2019-09-25 07:04:49,194 [pool-37-thread-1] INFO  server.RaftServerConfigKeys (ConfUtils.java:logGet(43)) - raft.server.snapshot.auto.trigger.threshold = 10000 (custom)
2019-09-25 07:04:49,194 [pool-37-thread-1] INFO  server.RaftServerConfigKeys (ConfUtils.java:logGet(43)) - raft.server.snapshot.retention.num.files = 5 (custom)
2019-09-25 07:04:49,194 [pool-37-thread-1] INFO  server.RaftServerConfigKeys (ConfUtils.java:logGet(43)) - raft.server.retrycache.expirytime = 600000ms (custom)
2019-09-25 07:04:49,196 [pool-37-thread-1] INFO  impl.RaftServerImpl (RaftServerImpl.java:start(185)) - 62ec8eb9-3ae9-4136-b70a-2caf3716fa7f@group-A59A59095A78: start as a follower, conf=-1: [62ec8eb9-3ae9-4136-b70a-2caf3716fa7f:192.168.30.10:44715], old=null
2019-09-25 07:04:49,196 [pool-37-thread-1] INFO  impl.RaftServerImpl (RaftServerImpl.java:setRole(174)) - 62ec8eb9-3ae9-4136-b70a-2caf3716fa7f@group-A59A59095A78: changes role from      null to FOLLOWER at term 0 for startAsFollower
2019-09-25 07:04:49,197 [pool-37-thread-1] INFO  impl.RoleInfo (RoleInfo.java:updateAndGet(143)) - 62ec8eb9-3ae9-4136-b70a-2caf3716fa7f: start FollowerState
2019-09-25 07:04:49,197 [pool-37-thread-1] INFO  util.JmxRegister (JmxRegister.java:tryRegister(44)) - Successfully registered JMX Bean with object name Ratis:service=RaftServer,group=group-A59A59095A78,id=62ec8eb9-3ae9-4136-b70a-2caf3716fa7f
2019-09-25 07:04:49,200 [RatisPipelineUtilsThread] INFO  pipeline.PipelineStateManager (PipelineStateManager.java:addPipeline(56)) - Created pipeline Pipeline[ Id: 3e9e7645-88f4-4bca-b06f-a59a59095a78, Nodes: 62ec8eb9-3ae9-4136-b70a-2caf3716fa7f{ip: 192.168.30.10, host: pr-hdds-1569-s62bp-3040748787, networkLocation: /default-rack, certSerialId: null}, Type:RATIS, Factor:ONE, State:OPEN]
2019-09-25 07:04:49,205 [grpc-default-executor-0] INFO  impl.RaftServerProxy (RaftServerProxy.java:addNew(89)) - 62ec8eb9-3ae9-4136-b70a-2caf3716fa7f: addNew group-02FBD30808D9:[62ec8eb9-3ae9-4136-b70a-2caf3716fa7f:192.168.30.10:44715] returns group-02FBD30808D9:java.util.concurrent.CompletableFuture@7a28d12a[Not completed]
2019-09-25 07:04:49,206 [pool-37-thread-1] INFO  impl.RaftServerImpl (RaftServerImpl.java:<init>(95)) - 62ec8eb9-3ae9-4136-b70a-2caf3716fa7f: new RaftServerImpl for group-02FBD30808D9:[62ec8eb9-3ae9-4136-b70a-2caf3716fa7f:192.168.30.10:44715] with ContainerStateMachine:uninitialized
2019-09-25 07:04:49,206 [pool-37-thread-1] INFO  server.RaftServerConfigKeys (ConfUtils.java:logGet(43)) - raft.server.rpc.timeout.min = 5s (custom)
2019-09-25 07:04:49,206 [pool-37-thread-1] INFO  server.RaftServerConfigKeys (ConfUtils.java:logGet(43)) - raft.server.rpc.timeout.max = 5200ms (custom)
2019-09-25 07:04:49,206 [pool-37-thread-1] INFO  server.RaftServerConfigKeys (ConfUtils.java:logGet(43)) - raft.server.rpcslowness.timeout = 120s (custom)
2019-09-25 07:04:49,206 [pool-37-thread-1] INFO  server.RaftServerConfigKeys (ConfUtils.java:logGet(43)) - raft.server.sleep.deviation.threshold = 300 (default)
2019-09-25 07:04:49,206 [pool-37-thread-1] INFO  server.RaftServerConfigKeys (ConfUtils.java:logGet(43)) - raft.server.log.appender.install.snapshot.enabled = false (custom)
2019-09-25 07:04:49,207 [pool-37-thread-1] INFO  impl.RaftServerImpl (ServerState.java:<init>(103)) - 62ec8eb9-3ae9-4136-b70a-2caf3716fa7f@group-02FBD30808D9: ConfigurationManager, init=-1: [62ec8eb9-3ae9-4136-b70a-2caf3716fa7f:192.168.30.10:44715], old=null, confs=<EMPTY_MAP>
2019-09-25 07:04:49,207 [pool-37-thread-1] INFO  server.RaftServerConfigKeys (ConfUtils.java:logGet(43)) - raft.server.storage.dir = [/workdir/hadoop-ozone/integration-test/target/test-dir/MiniOzoneClusterImpl-39af9574-7a8b-4ed7-b830-bf686a3d4bb8/datanode-1/data/ratis] (custom)
2019-09-25 07:04:49,207 [pool-37-thread-1] INFO  storage.RaftStorageDirectory (RaftStorageDirectory.java:analyzeStorage(246)) - The storage directory /workdir/hadoop-ozone/integration-test/target/test-dir/MiniOzoneClusterImpl-39af9574-7a8b-4ed7-b830-bf686a3d4bb8/datanode-1/data/ratis/82a18b44-e948-4568-be01-02fbd30808d9 does not exist. Creating ...
2019-09-25 07:04:49,210 [pool-37-thread-1] INFO  storage.RaftStorageDirectory (RaftStorageDirectory.java:tryLock(328)) - Lock on /workdir/hadoop-ozone/integration-test/target/test-dir/MiniOzoneClusterImpl-39af9574-7a8b-4ed7-b830-bf686a3d4bb8/datanode-1/data/ratis/82a18b44-e948-4568-be01-02fbd30808d9/in_use.lock acquired by nodename 19495@pr-hdds-1569-s62bp-3040748787
2019-09-25 07:04:49,214 [pool-37-thread-1] INFO  storage.RaftStorage (RaftStorage.java:format(72)) - Storage directory /workdir/hadoop-ozone/integration-test/target/test-dir/MiniOzoneClusterImpl-39af9574-7a8b-4ed7-b830-bf686a3d4bb8/datanode-1/data/ratis/82a18b44-e948-4568-be01-02fbd30808d9 has been successfully formatted.
2019-09-25 07:04:49,214 [pool-37-thread-1] INFO  ratis.ContainerStateMachine (ContainerStateMachine.java:loadSnapshot(230)) - group-02FBD30808D9: The snapshot info is null. Setting the last applied indexto:(t:0, i:~)
2019-09-25 07:04:49,214 [pool-37-thread-1] INFO  server.RaftServerConfigKeys (ConfUtils.java:logGet(43)) - raft.server.notification.no-leader.timeout = 120s (custom)
2019-09-25 07:04:49,214 [pool-37-thread-1] INFO  server.RaftServerConfigKeys (ConfUtils.java:logGet(43)) - raft.server.log.use.memory = false (default)
2019-09-25 07:04:49,214 [pool-37-thread-1] INFO  server.RaftServerConfigKeys (ConfUtils.java:logGet(43)) - raft.server.log.purge.gap = 1000000 (custom)
2019-09-25 07:04:49,215 [pool-37-thread-1] INFO  server.RaftServerConfigKeys (ConfUtils.java:logGet(43)) - raft.server.log.appender.buffer.byte-limit = 33554432 (custom)
2019-09-25 07:04:49,215 [pool-37-thread-1] INFO  server.RaftServerConfigKeys (ConfUtils.java:logGet(43)) - raft.server.log.segment.size.max = 1048576 (custom)
2019-09-25 07:04:49,215 [pool-37-thread-1] INFO  server.RaftServerConfigKeys (ConfUtils.java:logGet(43)) - raft.server.log.segment.cache.num.max = 2 (custom)
2019-09-25 07:04:49,215 [pool-37-thread-1] INFO  segmented.SegmentedRaftLogWorker (SegmentedRaftLogWorker.java:<init>(172)) - new 62ec8eb9-3ae9-4136-b70a-2caf3716fa7f@group-02FBD30808D9-SegmentedRaftLogWorker for RaftStorage:Storage Directory /workdir/hadoop-ozone/integration-test/target/test-dir/MiniOzoneClusterImpl-39af9574-7a8b-4ed7-b830-bf686a3d4bb8/datanode-1/data/ratis/82a18b44-e948-4568-be01-02fbd30808d9
2019-09-25 07:04:49,215 [pool-37-thread-1] INFO  server.RaftServerConfigKeys (ConfUtils.java:logGet(43)) - raft.server.log.queue.byte-limit = 2147483647 (custom)
2019-09-25 07:04:49,215 [pool-37-thread-1] INFO  server.RaftServerConfigKeys (ConfUtils.java:logGet(43)) - raft.server.log.queue.element-limit = 1024 (custom)
2019-09-25 07:04:49,215 [pool-37-thread-1] INFO  server.RaftServerConfigKeys (ConfUtils.java:logGet(43)) - raft.server.log.segment.size.max = 1048576 (custom)
2019-09-25 07:04:49,216 [pool-37-thread-1] INFO  server.RaftServerConfigKeys (ConfUtils.java:logGet(43)) - raft.server.log.preallocated.size = 16384 (custom)
2019-09-25 07:04:49,216 [pool-37-thread-1] INFO  server.RaftServerConfigKeys (ConfUtils.java:logGet(43)) - raft.server.log.write.buffer.size = 33554432 (custom)
2019-09-25 07:04:49,216 [pool-37-thread-1] INFO  server.RaftServerConfigKeys (ConfUtils.java:logGet(43)) - raft.server.log.force.sync.num = 128 (default)
2019-09-25 07:04:49,216 [pool-37-thread-1] INFO  server.RaftServerConfigKeys (ConfUtils.java:logGet(43)) - raft.server.log.statemachine.data.sync = true (default)
2019-09-25 07:04:49,216 [pool-37-thread-1] INFO  server.RaftServerConfigKeys (ConfUtils.java:logGet(43)) - raft.server.log.statemachine.data.sync.timeout = 10s (default)
2019-09-25 07:04:49,216 [pool-37-thread-1] INFO  server.RaftServerConfigKeys (ConfUtils.java:logGet(43)) - raft.server.log.statemachine.data.sync.timeout.retry = -1 (default)
2019-09-25 07:04:49,216 [pool-37-thread-1] INFO  server.RaftServerConfigKeys (ConfUtils.java:logGet(43)) - raft.server.log.statemachine.data.caching.enabled = true (custom)
2019-09-25 07:04:49,217 [pool-37-thread-1] INFO  segmented.SegmentedRaftLogWorker (SegmentedRaftLogWorker.java:lambda$new$0(132)) - 62ec8eb9-3ae9-4136-b70a-2caf3716fa7f@group-02FBD30808D9-SegmentedRaftLogWorker: flushIndex: setUnconditionally 0 -> -1
2019-09-25 07:04:49,217 [pool-37-thread-1] INFO  server.RaftServerConfigKeys (ConfUtils.java:logGet(43)) - raft.server.snapshot.auto.trigger.enabled = true (custom)
2019-09-25 07:04:49,217 [pool-37-thread-1] INFO  server.RaftServerConfigKeys (ConfUtils.java:logGet(43)) - raft.server.snapshot.auto.trigger.threshold = 10000 (custom)
2019-09-25 07:04:49,217 [pool-37-thread-1] INFO  server.RaftServerConfigKeys (ConfUtils.java:logGet(43)) - raft.server.snapshot.retention.num.files = 5 (custom)
2019-09-25 07:04:49,217 [pool-37-thread-1] INFO  server.RaftServerConfigKeys (ConfUtils.java:logGet(43)) - raft.server.retrycache.expirytime = 600000ms (custom)
2019-09-25 07:04:49,219 [pool-37-thread-1] INFO  impl.RaftServerImpl (RaftServerImpl.java:start(185)) - 62ec8eb9-3ae9-4136-b70a-2caf3716fa7f@group-02FBD30808D9: start as a follower, conf=-1: [62ec8eb9-3ae9-4136-b70a-2caf3716fa7f:192.168.30.10:44715], old=null
2019-09-25 07:04:49,220 [pool-37-thread-1] INFO  impl.RaftServerImpl (RaftServerImpl.java:setRole(174)) - 62ec8eb9-3ae9-4136-b70a-2caf3716fa7f@group-02FBD30808D9: changes role from      null to FOLLOWER at term 0 for startAsFollower
2019-09-25 07:04:49,220 [pool-37-thread-1] INFO  impl.RoleInfo (RoleInfo.java:updateAndGet(143)) - 62ec8eb9-3ae9-4136-b70a-2caf3716fa7f: start FollowerState
2019-09-25 07:04:49,220 [pool-37-thread-1] INFO  util.JmxRegister (JmxRegister.java:tryRegister(44)) - Successfully registered JMX Bean with object name Ratis:service=RaftServer,group=group-02FBD30808D9,id=62ec8eb9-3ae9-4136-b70a-2caf3716fa7f
2019-09-25 07:04:49,222 [RatisPipelineUtilsThread] INFO  pipeline.PipelineStateManager (PipelineStateManager.java:addPipeline(56)) - Created pipeline Pipeline[ Id: 82a18b44-e948-4568-be01-02fbd30808d9, Nodes: 62ec8eb9-3ae9-4136-b70a-2caf3716fa7f{ip: 192.168.30.10, host: pr-hdds-1569-s62bp-3040748787, networkLocation: /default-rack, certSerialId: null}, Type:RATIS, Factor:ONE, State:OPEN]
2019-09-25 07:04:49,228 [grpc-default-executor-0] INFO  impl.RaftServerProxy (RaftServerProxy.java:addNew(89)) - e568d23f-199e-48ce-91e4-5c166e2e97cd: addNew group-DDE3C963B612:[e568d23f-199e-48ce-91e4-5c166e2e97cd:192.168.30.10:42827] returns group-DDE3C963B612:java.util.concurrent.CompletableFuture@2a4ad8c3[Not completed]
2019-09-25 07:04:49,229 [pool-27-thread-1] INFO  impl.RaftServerImpl (RaftServerImpl.java:<init>(95)) - e568d23f-199e-48ce-91e4-5c166e2e97cd: new RaftServerImpl for group-DDE3C963B612:[e568d23f-199e-48ce-91e4-5c166e2e97cd:192.168.30.10:42827] with ContainerStateMachine:uninitialized
2019-09-25 07:04:49,229 [pool-27-thread-1] INFO  server.RaftServerConfigKeys (ConfUtils.java:logGet(43)) - raft.server.rpc.timeout.min = 5s (custom)
2019-09-25 07:04:49,229 [pool-27-thread-1] INFO  server.RaftServerConfigKeys (ConfUtils.java:logGet(43)) - raft.server.rpc.timeout.max = 5200ms (custom)
2019-09-25 07:04:49,230 [pool-27-thread-1] INFO  server.RaftServerConfigKeys (ConfUtils.java:logGet(43)) - raft.server.rpcslowness.timeout = 120s (custom)
2019-09-25 07:04:49,230 [pool-27-thread-1] INFO  server.RaftServerConfigKeys (ConfUtils.java:logGet(43)) - raft.server.sleep.deviation.threshold = 300 (default)
2019-09-25 07:04:49,230 [pool-27-thread-1] INFO  server.RaftServerConfigKeys (ConfUtils.java:logGet(43)) - raft.server.log.appender.install.snapshot.enabled = false (custom)
2019-09-25 07:04:49,230 [pool-27-thread-1] INFO  impl.RaftServerImpl (ServerState.java:<init>(103)) - e568d23f-199e-48ce-91e4-5c166e2e97cd@group-DDE3C963B612: ConfigurationManager, init=-1: [e568d23f-199e-48ce-91e4-5c166e2e97cd:192.168.30.10:42827], old=null, confs=<EMPTY_MAP>
2019-09-25 07:04:49,230 [pool-27-thread-1] INFO  server.RaftServerConfigKeys (ConfUtils.java:logGet(43)) - raft.server.storage.dir = [/workdir/hadoop-ozone/integration-test/target/test-dir/MiniOzoneClusterImpl-39af9574-7a8b-4ed7-b830-bf686a3d4bb8/datanode-0/data/ratis] (custom)
2019-09-25 07:04:49,231 [pool-27-thread-1] INFO  storage.RaftStorageDirectory (RaftStorageDirectory.java:analyzeStorage(246)) - The storage directory /workdir/hadoop-ozone/integration-test/target/test-dir/MiniOzoneClusterImpl-39af9574-7a8b-4ed7-b830-bf686a3d4bb8/datanode-0/data/ratis/7baa7037-c0ef-498c-b9fd-dde3c963b612 does not exist. Creating ...
2019-09-25 07:04:49,234 [pool-27-thread-1] INFO  storage.RaftStorageDirectory (RaftStorageDirectory.java:tryLock(328)) - Lock on /workdir/hadoop-ozone/integration-test/target/test-dir/MiniOzoneClusterImpl-39af9574-7a8b-4ed7-b830-bf686a3d4bb8/datanode-0/data/ratis/7baa7037-c0ef-498c-b9fd-dde3c963b612/in_use.lock acquired by nodename 19495@pr-hdds-1569-s62bp-3040748787
2019-09-25 07:04:49,237 [pool-27-thread-1] INFO  storage.RaftStorage (RaftStorage.java:format(72)) - Storage directory /workdir/hadoop-ozone/integration-test/target/test-dir/MiniOzoneClusterImpl-39af9574-7a8b-4ed7-b830-bf686a3d4bb8/datanode-0/data/ratis/7baa7037-c0ef-498c-b9fd-dde3c963b612 has been successfully formatted.
2019-09-25 07:04:49,237 [pool-27-thread-1] INFO  ratis.ContainerStateMachine (ContainerStateMachine.java:loadSnapshot(230)) - group-DDE3C963B612: The snapshot info is null. Setting the last applied indexto:(t:0, i:~)
2019-09-25 07:04:49,237 [pool-27-thread-1] INFO  server.RaftServerConfigKeys (ConfUtils.java:logGet(43)) - raft.server.notification.no-leader.timeout = 120s (custom)
2019-09-25 07:04:49,237 [pool-27-thread-1] INFO  server.RaftServerConfigKeys (ConfUtils.java:logGet(43)) - raft.server.log.use.memory = false (default)
2019-09-25 07:04:49,238 [pool-27-thread-1] INFO  server.RaftServerConfigKeys (ConfUtils.java:logGet(43)) - raft.server.log.purge.gap = 1000000 (custom)
2019-09-25 07:04:49,238 [pool-27-thread-1] INFO  server.RaftServerConfigKeys (ConfUtils.java:logGet(43)) - raft.server.log.appender.buffer.byte-limit = 33554432 (custom)
2019-09-25 07:04:49,238 [pool-27-thread-1] INFO  server.RaftServerConfigKeys (ConfUtils.java:logGet(43)) - raft.server.log.segment.size.max = 1048576 (custom)
2019-09-25 07:04:49,238 [pool-27-thread-1] INFO  server.RaftServerConfigKeys (ConfUtils.java:logGet(43)) - raft.server.log.segment.cache.num.max = 2 (custom)
2019-09-25 07:04:49,238 [pool-27-thread-1] INFO  segmented.SegmentedRaftLogWorker (SegmentedRaftLogWorker.java:<init>(172)) - new e568d23f-199e-48ce-91e4-5c166e2e97cd@group-DDE3C963B612-SegmentedRaftLogWorker for RaftStorage:Storage Directory /workdir/hadoop-ozone/integration-test/target/test-dir/MiniOzoneClusterImpl-39af9574-7a8b-4ed7-b830-bf686a3d4bb8/datanode-0/data/ratis/7baa7037-c0ef-498c-b9fd-dde3c963b612
2019-09-25 07:04:49,238 [pool-27-thread-1] INFO  server.RaftServerConfigKeys (ConfUtils.java:logGet(43)) - raft.server.log.queue.byte-limit = 2147483647 (custom)
2019-09-25 07:04:49,239 [pool-27-thread-1] INFO  server.RaftServerConfigKeys (ConfUtils.java:logGet(43)) - raft.server.log.queue.element-limit = 1024 (custom)
2019-09-25 07:04:49,239 [pool-27-thread-1] INFO  server.RaftServerConfigKeys (ConfUtils.java:logGet(43)) - raft.server.log.segment.size.max = 1048576 (custom)
2019-09-25 07:04:49,239 [pool-27-thread-1] INFO  server.RaftServerConfigKeys (ConfUtils.java:logGet(43)) - raft.server.log.preallocated.size = 16384 (custom)
2019-09-25 07:04:49,239 [pool-27-thread-1] INFO  server.RaftServerConfigKeys (ConfUtils.java:logGet(43)) - raft.server.log.write.buffer.size = 33554432 (custom)
2019-09-25 07:04:49,239 [pool-27-thread-1] INFO  server.RaftServerConfigKeys (ConfUtils.java:logGet(43)) - raft.server.log.force.sync.num = 128 (default)
2019-09-25 07:04:49,239 [pool-27-thread-1] INFO  server.RaftServerConfigKeys (ConfUtils.java:logGet(43)) - raft.server.log.statemachine.data.sync = true (default)
2019-09-25 07:04:49,240 [pool-27-thread-1] INFO  server.RaftServerConfigKeys (ConfUtils.java:logGet(43)) - raft.server.log.statemachine.data.sync.timeout = 10s (default)
2019-09-25 07:04:49,240 [pool-27-thread-1] INFO  server.RaftServerConfigKeys (ConfUtils.java:logGet(43)) - raft.server.log.statemachine.data.sync.timeout.retry = -1 (default)
2019-09-25 07:04:49,240 [pool-27-thread-1] INFO  server.RaftServerConfigKeys (ConfUtils.java:logGet(43)) - raft.server.log.statemachine.data.caching.enabled = true (custom)
2019-09-25 07:04:49,240 [pool-27-thread-1] INFO  segmented.SegmentedRaftLogWorker (SegmentedRaftLogWorker.java:lambda$new$0(132)) - e568d23f-199e-48ce-91e4-5c166e2e97cd@group-DDE3C963B612-SegmentedRaftLogWorker: flushIndex: setUnconditionally 0 -> -1
2019-09-25 07:04:49,241 [pool-27-thread-1] INFO  server.RaftServerConfigKeys (ConfUtils.java:logGet(43)) - raft.server.snapshot.auto.trigger.enabled = true (custom)
2019-09-25 07:04:49,241 [pool-27-thread-1] INFO  server.RaftServerConfigKeys (ConfUtils.java:logGet(43)) - raft.server.snapshot.auto.trigger.threshold = 10000 (custom)
2019-09-25 07:04:49,241 [pool-27-thread-1] INFO  server.RaftServerConfigKeys (ConfUtils.java:logGet(43)) - raft.server.snapshot.retention.num.files = 5 (custom)
2019-09-25 07:04:49,241 [pool-27-thread-1] INFO  server.RaftServerConfigKeys (ConfUtils.java:logGet(43)) - raft.server.retrycache.expirytime = 600000ms (custom)
2019-09-25 07:04:49,243 [pool-27-thread-1] INFO  impl.RaftServerImpl (RaftServerImpl.java:start(185)) - e568d23f-199e-48ce-91e4-5c166e2e97cd@group-DDE3C963B612: start as a follower, conf=-1: [e568d23f-199e-48ce-91e4-5c166e2e97cd:192.168.30.10:42827], old=null
2019-09-25 07:04:49,243 [pool-27-thread-1] INFO  impl.RaftServerImpl (RaftServerImpl.java:setRole(174)) - e568d23f-199e-48ce-91e4-5c166e2e97cd@group-DDE3C963B612: changes role from      null to FOLLOWER at term 0 for startAsFollower
2019-09-25 07:04:49,243 [pool-27-thread-1] INFO  impl.RoleInfo (RoleInfo.java:updateAndGet(143)) - e568d23f-199e-48ce-91e4-5c166e2e97cd: start FollowerState
2019-09-25 07:04:49,244 [pool-27-thread-1] INFO  util.JmxRegister (JmxRegister.java:tryRegister(44)) - Successfully registered JMX Bean with object name Ratis:service=RaftServer,group=group-DDE3C963B612,id=e568d23f-199e-48ce-91e4-5c166e2e97cd
2019-09-25 07:04:49,246 [RatisPipelineUtilsThread] INFO  pipeline.PipelineStateManager (PipelineStateManager.java:addPipeline(56)) - Created pipeline Pipeline[ Id: 7baa7037-c0ef-498c-b9fd-dde3c963b612, Nodes: e568d23f-199e-48ce-91e4-5c166e2e97cd{ip: 192.168.30.10, host: pr-hdds-1569-s62bp-3040748787, networkLocation: /default-rack, certSerialId: null}, Type:RATIS, Factor:ONE, State:OPEN]
2019-09-25 07:04:49,252 [grpc-default-executor-0] INFO  impl.RaftServerProxy (RaftServerProxy.java:addNew(89)) - 62ec8eb9-3ae9-4136-b70a-2caf3716fa7f: addNew group-E80D967D3F68:[62ec8eb9-3ae9-4136-b70a-2caf3716fa7f:192.168.30.10:44715] returns group-E80D967D3F68:java.util.concurrent.CompletableFuture@7a79970[Not completed]
2019-09-25 07:04:49,253 [pool-37-thread-1] INFO  impl.RaftServerImpl (RaftServerImpl.java:<init>(95)) - 62ec8eb9-3ae9-4136-b70a-2caf3716fa7f: new RaftServerImpl for group-E80D967D3F68:[62ec8eb9-3ae9-4136-b70a-2caf3716fa7f:192.168.30.10:44715] with ContainerStateMachine:uninitialized
2019-09-25 07:04:49,253 [pool-37-thread-1] INFO  server.RaftServerConfigKeys (ConfUtils.java:logGet(43)) - raft.server.rpc.timeout.min = 5s (custom)
2019-09-25 07:04:49,254 [pool-37-thread-1] INFO  server.RaftServerConfigKeys (ConfUtils.java:logGet(43)) - raft.server.rpc.timeout.max = 5200ms (custom)
2019-09-25 07:04:49,254 [pool-37-thread-1] INFO  server.RaftServerConfigKeys (ConfUtils.java:logGet(43)) - raft.server.rpcslowness.timeout = 120s (custom)
2019-09-25 07:04:49,254 [pool-37-thread-1] INFO  server.RaftServerConfigKeys (ConfUtils.java:logGet(43)) - raft.server.sleep.deviation.threshold = 300 (default)
2019-09-25 07:04:49,254 [pool-37-thread-1] INFO  server.RaftServerConfigKeys (ConfUtils.java:logGet(43)) - raft.server.log.appender.install.snapshot.enabled = false (custom)
2019-09-25 07:04:49,254 [pool-37-thread-1] INFO  impl.RaftServerImpl (ServerState.java:<init>(103)) - 62ec8eb9-3ae9-4136-b70a-2caf3716fa7f@group-E80D967D3F68: ConfigurationManager, init=-1: [62ec8eb9-3ae9-4136-b70a-2caf3716fa7f:192.168.30.10:44715], old=null, confs=<EMPTY_MAP>
2019-09-25 07:04:49,254 [pool-37-thread-1] INFO  server.RaftServerConfigKeys (ConfUtils.java:logGet(43)) - raft.server.storage.dir = [/workdir/hadoop-ozone/integration-test/target/test-dir/MiniOzoneClusterImpl-39af9574-7a8b-4ed7-b830-bf686a3d4bb8/datanode-1/data/ratis] (custom)
2019-09-25 07:04:49,255 [pool-37-thread-1] INFO  storage.RaftStorageDirectory (RaftStorageDirectory.java:analyzeStorage(246)) - The storage directory /workdir/hadoop-ozone/integration-test/target/test-dir/MiniOzoneClusterImpl-39af9574-7a8b-4ed7-b830-bf686a3d4bb8/datanode-1/data/ratis/09abd10e-1671-4f6f-8c9b-e80d967d3f68 does not exist. Creating ...
2019-09-25 07:04:49,260 [pool-37-thread-1] INFO  storage.RaftStorageDirectory (RaftStorageDirectory.java:tryLock(328)) - Lock on /workdir/hadoop-ozone/integration-test/target/test-dir/MiniOzoneClusterImpl-39af9574-7a8b-4ed7-b830-bf686a3d4bb8/datanode-1/data/ratis/09abd10e-1671-4f6f-8c9b-e80d967d3f68/in_use.lock acquired by nodename 19495@pr-hdds-1569-s62bp-3040748787
2019-09-25 07:04:49,263 [pool-37-thread-1] INFO  storage.RaftStorage (RaftStorage.java:format(72)) - Storage directory /workdir/hadoop-ozone/integration-test/target/test-dir/MiniOzoneClusterImpl-39af9574-7a8b-4ed7-b830-bf686a3d4bb8/datanode-1/data/ratis/09abd10e-1671-4f6f-8c9b-e80d967d3f68 has been successfully formatted.
2019-09-25 07:04:49,263 [pool-37-thread-1] INFO  ratis.ContainerStateMachine (ContainerStateMachine.java:loadSnapshot(230)) - group-E80D967D3F68: The snapshot info is null. Setting the last applied indexto:(t:0, i:~)
2019-09-25 07:04:49,263 [pool-37-thread-1] INFO  server.RaftServerConfigKeys (ConfUtils.java:logGet(43)) - raft.server.notification.no-leader.timeout = 120s (custom)
2019-09-25 07:04:49,264 [pool-37-thread-1] INFO  server.RaftServerConfigKeys (ConfUtils.java:logGet(43)) - raft.server.log.use.memory = false (default)
2019-09-25 07:04:49,264 [pool-37-thread-1] INFO  server.RaftServerConfigKeys (ConfUtils.java:logGet(43)) - raft.server.log.purge.gap = 1000000 (custom)
2019-09-25 07:04:49,264 [pool-37-thread-1] INFO  server.RaftServerConfigKeys (ConfUtils.java:logGet(43)) - raft.server.log.appender.buffer.byte-limit = 33554432 (custom)
2019-09-25 07:04:49,264 [pool-37-thread-1] INFO  server.RaftServerConfigKeys (ConfUtils.java:logGet(43)) - raft.server.log.segment.size.max = 1048576 (custom)
2019-09-25 07:04:49,264 [pool-37-thread-1] INFO  server.RaftServerConfigKeys (ConfUtils.java:logGet(43)) - raft.server.log.segment.cache.num.max = 2 (custom)
2019-09-25 07:04:49,264 [pool-37-thread-1] INFO  segmented.SegmentedRaftLogWorker (SegmentedRaftLogWorker.java:<init>(172)) - new 62ec8eb9-3ae9-4136-b70a-2caf3716fa7f@group-E80D967D3F68-SegmentedRaftLogWorker for RaftStorage:Storage Directory /workdir/hadoop-ozone/integration-test/target/test-dir/MiniOzoneClusterImpl-39af9574-7a8b-4ed7-b830-bf686a3d4bb8/datanode-1/data/ratis/09abd10e-1671-4f6f-8c9b-e80d967d3f68
2019-09-25 07:04:49,265 [pool-37-thread-1] INFO  server.RaftServerConfigKeys (ConfUtils.java:logGet(43)) - raft.server.log.queue.byte-limit = 2147483647 (custom)
2019-09-25 07:04:49,265 [pool-37-thread-1] INFO  server.RaftServerConfigKeys (ConfUtils.java:logGet(43)) - raft.server.log.queue.element-limit = 1024 (custom)
2019-09-25 07:04:49,265 [pool-37-thread-1] INFO  server.RaftServerConfigKeys (ConfUtils.java:logGet(43)) - raft.server.log.segment.size.max = 1048576 (custom)
2019-09-25 07:04:49,265 [pool-37-thread-1] INFO  server.RaftServerConfigKeys (ConfUtils.java:logGet(43)) - raft.server.log.preallocated.size = 16384 (custom)
2019-09-25 07:04:49,265 [pool-37-thread-1] INFO  server.RaftServerConfigKeys (ConfUtils.java:logGet(43)) - raft.server.log.write.buffer.size = 33554432 (custom)
2019-09-25 07:04:49,265 [pool-37-thread-1] INFO  server.RaftServerConfigKeys (ConfUtils.java:logGet(43)) - raft.server.log.force.sync.num = 128 (default)
2019-09-25 07:04:49,265 [pool-37-thread-1] INFO  server.RaftServerConfigKeys (ConfUtils.java:logGet(43)) - raft.server.log.statemachine.data.sync = true (default)
2019-09-25 07:04:49,265 [pool-37-thread-1] INFO  server.RaftServerConfigKeys (ConfUtils.java:logGet(43)) - raft.server.log.statemachine.data.sync.timeout = 10s (default)
2019-09-25 07:04:49,266 [pool-37-thread-1] INFO  server.RaftServerConfigKeys (ConfUtils.java:logGet(43)) - raft.server.log.statemachine.data.sync.timeout.retry = -1 (default)
2019-09-25 07:04:49,266 [pool-37-thread-1] INFO  server.RaftServerConfigKeys (ConfUtils.java:logGet(43)) - raft.server.log.statemachine.data.caching.enabled = true (custom)
2019-09-25 07:04:49,266 [pool-37-thread-1] INFO  segmented.SegmentedRaftLogWorker (SegmentedRaftLogWorker.java:lambda$new$0(132)) - 62ec8eb9-3ae9-4136-b70a-2caf3716fa7f@group-E80D967D3F68-SegmentedRaftLogWorker: flushIndex: setUnconditionally 0 -> -1
2019-09-25 07:04:49,266 [pool-37-thread-1] INFO  server.RaftServerConfigKeys (ConfUtils.java:logGet(43)) - raft.server.snapshot.auto.trigger.enabled = true (custom)
2019-09-25 07:04:49,267 [pool-37-thread-1] INFO  server.RaftServerConfigKeys (ConfUtils.java:logGet(43)) - raft.server.snapshot.auto.trigger.threshold = 10000 (custom)
2019-09-25 07:04:49,267 [pool-37-thread-1] INFO  server.RaftServerConfigKeys (ConfUtils.java:logGet(43)) - raft.server.snapshot.retention.num.files = 5 (custom)
2019-09-25 07:04:49,267 [pool-37-thread-1] INFO  server.RaftServerConfigKeys (ConfUtils.java:logGet(43)) - raft.server.retrycache.expirytime = 600000ms (custom)
2019-09-25 07:04:49,269 [pool-37-thread-1] INFO  impl.RaftServerImpl (RaftServerImpl.java:start(185)) - 62ec8eb9-3ae9-4136-b70a-2caf3716fa7f@group-E80D967D3F68: start as a follower, conf=-1: [62ec8eb9-3ae9-4136-b70a-2caf3716fa7f:192.168.30.10:44715], old=null
2019-09-25 07:04:49,269 [pool-37-thread-1] INFO  impl.RaftServerImpl (RaftServerImpl.java:setRole(174)) - 62ec8eb9-3ae9-4136-b70a-2caf3716fa7f@group-E80D967D3F68: changes role from      null to FOLLOWER at term 0 for startAsFollower
2019-09-25 07:04:49,269 [pool-37-thread-1] INFO  impl.RoleInfo (RoleInfo.java:updateAndGet(143)) - 62ec8eb9-3ae9-4136-b70a-2caf3716fa7f: start FollowerState
2019-09-25 07:04:49,269 [pool-37-thread-1] INFO  util.JmxRegister (JmxRegister.java:tryRegister(44)) - Successfully registered JMX Bean with object name Ratis:service=RaftServer,group=group-E80D967D3F68,id=62ec8eb9-3ae9-4136-b70a-2caf3716fa7f
2019-09-25 07:04:49,272 [RatisPipelineUtilsThread] INFO  pipeline.PipelineStateManager (PipelineStateManager.java:addPipeline(56)) - Created pipeline Pipeline[ Id: 09abd10e-1671-4f6f-8c9b-e80d967d3f68, Nodes: 62ec8eb9-3ae9-4136-b70a-2caf3716fa7f{ip: 192.168.30.10, host: pr-hdds-1569-s62bp-3040748787, networkLocation: /default-rack, certSerialId: null}, Type:RATIS, Factor:ONE, State:OPEN]
2019-09-25 07:04:49,277 [grpc-default-executor-0] INFO  impl.RaftServerProxy (RaftServerProxy.java:addNew(89)) - e568d23f-199e-48ce-91e4-5c166e2e97cd: addNew group-345830245B51:[e568d23f-199e-48ce-91e4-5c166e2e97cd:192.168.30.10:42827] returns group-345830245B51:java.util.concurrent.CompletableFuture@4e3cd70f[Not completed]
2019-09-25 07:04:49,278 [pool-27-thread-1] INFO  impl.RaftServerImpl (RaftServerImpl.java:<init>(95)) - e568d23f-199e-48ce-91e4-5c166e2e97cd: new RaftServerImpl for group-345830245B51:[e568d23f-199e-48ce-91e4-5c166e2e97cd:192.168.30.10:42827] with ContainerStateMachine:uninitialized
2019-09-25 07:04:49,278 [pool-27-thread-1] INFO  server.RaftServerConfigKeys (ConfUtils.java:logGet(43)) - raft.server.rpc.timeout.min = 5s (custom)
2019-09-25 07:04:49,278 [pool-27-thread-1] INFO  server.RaftServerConfigKeys (ConfUtils.java:logGet(43)) - raft.server.rpc.timeout.max = 5200ms (custom)
2019-09-25 07:04:49,279 [pool-27-thread-1] INFO  server.RaftServerConfigKeys (ConfUtils.java:logGet(43)) - raft.server.rpcslowness.timeout = 120s (custom)
2019-09-25 07:04:49,279 [pool-27-thread-1] INFO  server.RaftServerConfigKeys (ConfUtils.java:logGet(43)) - raft.server.sleep.deviation.threshold = 300 (default)
2019-09-25 07:04:49,279 [pool-27-thread-1] INFO  server.RaftServerConfigKeys (ConfUtils.java:logGet(43)) - raft.server.log.appender.install.snapshot.enabled = false (custom)
2019-09-25 07:04:49,279 [pool-27-thread-1] INFO  impl.RaftServerImpl (ServerState.java:<init>(103)) - e568d23f-199e-48ce-91e4-5c166e2e97cd@group-345830245B51: ConfigurationManager, init=-1: [e568d23f-199e-48ce-91e4-5c166e2e97cd:192.168.30.10:42827], old=null, confs=<EMPTY_MAP>
2019-09-25 07:04:49,279 [pool-27-thread-1] INFO  server.RaftServerConfigKeys (ConfUtils.java:logGet(43)) - raft.server.storage.dir = [/workdir/hadoop-ozone/integration-test/target/test-dir/MiniOzoneClusterImpl-39af9574-7a8b-4ed7-b830-bf686a3d4bb8/datanode-0/data/ratis] (custom)
2019-09-25 07:04:49,280 [pool-27-thread-1] INFO  storage.RaftStorageDirectory (RaftStorageDirectory.java:analyzeStorage(246)) - The storage directory /workdir/hadoop-ozone/integration-test/target/test-dir/MiniOzoneClusterImpl-39af9574-7a8b-4ed7-b830-bf686a3d4bb8/datanode-0/data/ratis/17c9dc4c-1734-4499-aedf-345830245b51 does not exist. Creating ...
2019-09-25 07:04:49,282 [pool-27-thread-1] INFO  storage.RaftStorageDirectory (RaftStorageDirectory.java:tryLock(328)) - Lock on /workdir/hadoop-ozone/integration-test/target/test-dir/MiniOzoneClusterImpl-39af9574-7a8b-4ed7-b830-bf686a3d4bb8/datanode-0/data/ratis/17c9dc4c-1734-4499-aedf-345830245b51/in_use.lock acquired by nodename 19495@pr-hdds-1569-s62bp-3040748787
2019-09-25 07:04:49,286 [pool-27-thread-1] INFO  storage.RaftStorage (RaftStorage.java:format(72)) - Storage directory /workdir/hadoop-ozone/integration-test/target/test-dir/MiniOzoneClusterImpl-39af9574-7a8b-4ed7-b830-bf686a3d4bb8/datanode-0/data/ratis/17c9dc4c-1734-4499-aedf-345830245b51 has been successfully formatted.
2019-09-25 07:04:49,287 [pool-27-thread-1] INFO  ratis.ContainerStateMachine (ContainerStateMachine.java:loadSnapshot(230)) - group-345830245B51: The snapshot info is null. Setting the last applied indexto:(t:0, i:~)
2019-09-25 07:04:49,287 [pool-27-thread-1] INFO  server.RaftServerConfigKeys (ConfUtils.java:logGet(43)) - raft.server.notification.no-leader.timeout = 120s (custom)
2019-09-25 07:04:49,287 [pool-27-thread-1] INFO  server.RaftServerConfigKeys (ConfUtils.java:logGet(43)) - raft.server.log.use.memory = false (default)
2019-09-25 07:04:49,287 [pool-27-thread-1] INFO  server.RaftServerConfigKeys (ConfUtils.java:logGet(43)) - raft.server.log.purge.gap = 1000000 (custom)
2019-09-25 07:04:49,287 [pool-27-thread-1] INFO  server.RaftServerConfigKeys (ConfUtils.java:logGet(43)) - raft.server.log.appender.buffer.byte-limit = 33554432 (custom)
2019-09-25 07:04:49,288 [pool-27-thread-1] INFO  server.RaftServerConfigKeys (ConfUtils.java:logGet(43)) - raft.server.log.segment.size.max = 1048576 (custom)
2019-09-25 07:04:49,288 [pool-27-thread-1] INFO  server.RaftServerConfigKeys (ConfUtils.java:logGet(43)) - raft.server.log.segment.cache.num.max = 2 (custom)
2019-09-25 07:04:49,288 [pool-27-thread-1] INFO  segmented.SegmentedRaftLogWorker (SegmentedRaftLogWorker.java:<init>(172)) - new e568d23f-199e-48ce-91e4-5c166e2e97cd@group-345830245B51-SegmentedRaftLogWorker for RaftStorage:Storage Directory /workdir/hadoop-ozone/integration-test/target/test-dir/MiniOzoneClusterImpl-39af9574-7a8b-4ed7-b830-bf686a3d4bb8/datanode-0/data/ratis/17c9dc4c-1734-4499-aedf-345830245b51
2019-09-25 07:04:49,288 [pool-27-thread-1] INFO  server.RaftServerConfigKeys (ConfUtils.java:logGet(43)) - raft.server.log.queue.byte-limit = 2147483647 (custom)
2019-09-25 07:04:49,288 [pool-27-thread-1] INFO  server.RaftServerConfigKeys (ConfUtils.java:logGet(43)) - raft.server.log.queue.element-limit = 1024 (custom)
2019-09-25 07:04:49,288 [pool-27-thread-1] INFO  server.RaftServerConfigKeys (ConfUtils.java:logGet(43)) - raft.server.log.segment.size.max = 1048576 (custom)
2019-09-25 07:04:49,288 [pool-27-thread-1] INFO  server.RaftServerConfigKeys (ConfUtils.java:logGet(43)) - raft.server.log.preallocated.size = 16384 (custom)
2019-09-25 07:04:49,288 [pool-27-thread-1] INFO  server.RaftServerConfigKeys (ConfUtils.java:logGet(43)) - raft.server.log.write.buffer.size = 33554432 (custom)
2019-09-25 07:04:49,289 [pool-27-thread-1] INFO  server.RaftServerConfigKeys (ConfUtils.java:logGet(43)) - raft.server.log.force.sync.num = 128 (default)
2019-09-25 07:04:49,289 [pool-27-thread-1] INFO  server.RaftServerConfigKeys (ConfUtils.java:logGet(43)) - raft.server.log.statemachine.data.sync = true (default)
2019-09-25 07:04:49,289 [pool-27-thread-1] INFO  server.RaftServerConfigKeys (ConfUtils.java:logGet(43)) - raft.server.log.statemachine.data.sync.timeout = 10s (default)
2019-09-25 07:04:49,289 [pool-27-thread-1] INFO  server.RaftServerConfigKeys (ConfUtils.java:logGet(43)) - raft.server.log.statemachine.data.sync.timeout.retry = -1 (default)
2019-09-25 07:04:49,289 [pool-27-thread-1] INFO  server.RaftServerConfigKeys (ConfUtils.java:logGet(43)) - raft.server.log.statemachine.data.caching.enabled = true (custom)
2019-09-25 07:04:49,289 [pool-27-thread-1] INFO  segmented.SegmentedRaftLogWorker (SegmentedRaftLogWorker.java:lambda$new$0(132)) - e568d23f-199e-48ce-91e4-5c166e2e97cd@group-345830245B51-SegmentedRaftLogWorker: flushIndex: setUnconditionally 0 -> -1
2019-09-25 07:04:49,290 [pool-27-thread-1] INFO  server.RaftServerConfigKeys (ConfUtils.java:logGet(43)) - raft.server.snapshot.auto.trigger.enabled = true (custom)
2019-09-25 07:04:49,290 [pool-27-thread-1] INFO  server.RaftServerConfigKeys (ConfUtils.java:logGet(43)) - raft.server.snapshot.auto.trigger.threshold = 10000 (custom)
2019-09-25 07:04:49,290 [pool-27-thread-1] INFO  server.RaftServerConfigKeys (ConfUtils.java:logGet(43)) - raft.server.snapshot.retention.num.files = 5 (custom)
2019-09-25 07:04:49,290 [pool-27-thread-1] INFO  server.RaftServerConfigKeys (ConfUtils.java:logGet(43)) - raft.server.retrycache.expirytime = 600000ms (custom)
2019-09-25 07:04:49,292 [pool-27-thread-1] INFO  impl.RaftServerImpl (RaftServerImpl.java:start(185)) - e568d23f-199e-48ce-91e4-5c166e2e97cd@group-345830245B51: start as a follower, conf=-1: [e568d23f-199e-48ce-91e4-5c166e2e97cd:192.168.30.10:42827], old=null
2019-09-25 07:04:49,292 [pool-27-thread-1] INFO  impl.RaftServerImpl (RaftServerImpl.java:setRole(174)) - e568d23f-199e-48ce-91e4-5c166e2e97cd@group-345830245B51: changes role from      null to FOLLOWER at term 0 for startAsFollower
2019-09-25 07:04:49,292 [pool-27-thread-1] INFO  impl.RoleInfo (RoleInfo.java:updateAndGet(143)) - e568d23f-199e-48ce-91e4-5c166e2e97cd: start FollowerState
2019-09-25 07:04:49,293 [pool-27-thread-1] INFO  util.JmxRegister (JmxRegister.java:tryRegister(44)) - Successfully registered JMX Bean with object name Ratis:service=RaftServer,group=group-345830245B51,id=e568d23f-199e-48ce-91e4-5c166e2e97cd
2019-09-25 07:04:49,295 [RatisPipelineUtilsThread] INFO  pipeline.PipelineStateManager (PipelineStateManager.java:addPipeline(56)) - Created pipeline Pipeline[ Id: 17c9dc4c-1734-4499-aedf-345830245b51, Nodes: e568d23f-199e-48ce-91e4-5c166e2e97cd{ip: 192.168.30.10, host: pr-hdds-1569-s62bp-3040748787, networkLocation: /default-rack, certSerialId: null}, Type:RATIS, Factor:ONE, State:OPEN]
2019-09-25 07:04:49,300 [grpc-default-executor-0] INFO  impl.RaftServerProxy (RaftServerProxy.java:addNew(89)) - e568d23f-199e-48ce-91e4-5c166e2e97cd: addNew group-F05F9C076728:[e568d23f-199e-48ce-91e4-5c166e2e97cd:192.168.30.10:42827] returns group-F05F9C076728:java.util.concurrent.CompletableFuture@1bcaae50[Not completed]
2019-09-25 07:04:49,301 [pool-27-thread-1] INFO  impl.RaftServerImpl (RaftServerImpl.java:<init>(95)) - e568d23f-199e-48ce-91e4-5c166e2e97cd: new RaftServerImpl for group-F05F9C076728:[e568d23f-199e-48ce-91e4-5c166e2e97cd:192.168.30.10:42827] with ContainerStateMachine:uninitialized
2019-09-25 07:04:49,301 [pool-27-thread-1] INFO  server.RaftServerConfigKeys (ConfUtils.java:logGet(43)) - raft.server.rpc.timeout.min = 5s (custom)
2019-09-25 07:04:49,302 [pool-27-thread-1] INFO  server.RaftServerConfigKeys (ConfUtils.java:logGet(43)) - raft.server.rpc.timeout.max = 5200ms (custom)
2019-09-25 07:04:49,302 [pool-27-thread-1] INFO  server.RaftServerConfigKeys (ConfUtils.java:logGet(43)) - raft.server.rpcslowness.timeout = 120s (custom)
2019-09-25 07:04:49,302 [pool-27-thread-1] INFO  server.RaftServerConfigKeys (ConfUtils.java:logGet(43)) - raft.server.sleep.deviation.threshold = 300 (default)
2019-09-25 07:04:49,302 [pool-27-thread-1] INFO  server.RaftServerConfigKeys (ConfUtils.java:logGet(43)) - raft.server.log.appender.install.snapshot.enabled = false (custom)
2019-09-25 07:04:49,302 [pool-27-thread-1] INFO  impl.RaftServerImpl (ServerState.java:<init>(103)) - e568d23f-199e-48ce-91e4-5c166e2e97cd@group-F05F9C076728: ConfigurationManager, init=-1: [e568d23f-199e-48ce-91e4-5c166e2e97cd:192.168.30.10:42827], old=null, confs=<EMPTY_MAP>
2019-09-25 07:04:49,302 [pool-27-thread-1] INFO  server.RaftServerConfigKeys (ConfUtils.java:logGet(43)) - raft.server.storage.dir = [/workdir/hadoop-ozone/integration-test/target/test-dir/MiniOzoneClusterImpl-39af9574-7a8b-4ed7-b830-bf686a3d4bb8/datanode-0/data/ratis] (custom)
2019-09-25 07:04:49,303 [pool-27-thread-1] INFO  storage.RaftStorageDirectory (RaftStorageDirectory.java:analyzeStorage(246)) - The storage directory /workdir/hadoop-ozone/integration-test/target/test-dir/MiniOzoneClusterImpl-39af9574-7a8b-4ed7-b830-bf686a3d4bb8/datanode-0/data/ratis/8db2baf5-235b-4e81-90dd-f05f9c076728 does not exist. Creating ...
2019-09-25 07:04:49,306 [pool-27-thread-1] INFO  storage.RaftStorageDirectory (RaftStorageDirectory.java:tryLock(328)) - Lock on /workdir/hadoop-ozone/integration-test/target/test-dir/MiniOzoneClusterImpl-39af9574-7a8b-4ed7-b830-bf686a3d4bb8/datanode-0/data/ratis/8db2baf5-235b-4e81-90dd-f05f9c076728/in_use.lock acquired by nodename 19495@pr-hdds-1569-s62bp-3040748787
2019-09-25 07:04:49,310 [pool-27-thread-1] INFO  storage.RaftStorage (RaftStorage.java:format(72)) - Storage directory /workdir/hadoop-ozone/integration-test/target/test-dir/MiniOzoneClusterImpl-39af9574-7a8b-4ed7-b830-bf686a3d4bb8/datanode-0/data/ratis/8db2baf5-235b-4e81-90dd-f05f9c076728 has been successfully formatted.
2019-09-25 07:04:49,310 [pool-27-thread-1] INFO  ratis.ContainerStateMachine (ContainerStateMachine.java:loadSnapshot(230)) - group-F05F9C076728: The snapshot info is null. Setting the last applied indexto:(t:0, i:~)
2019-09-25 07:04:49,310 [pool-27-thread-1] INFO  server.RaftServerConfigKeys (ConfUtils.java:logGet(43)) - raft.server.notification.no-leader.timeout = 120s (custom)
2019-09-25 07:04:49,310 [pool-27-thread-1] INFO  server.RaftServerConfigKeys (ConfUtils.java:logGet(43)) - raft.server.log.use.memory = false (default)
2019-09-25 07:04:49,310 [pool-27-thread-1] INFO  server.RaftServerConfigKeys (ConfUtils.java:logGet(43)) - raft.server.log.purge.gap = 1000000 (custom)
2019-09-25 07:04:49,311 [pool-27-thread-1] INFO  server.RaftServerConfigKeys (ConfUtils.java:logGet(43)) - raft.server.log.appender.buffer.byte-limit = 33554432 (custom)
2019-09-25 07:04:49,311 [pool-27-thread-1] INFO  server.RaftServerConfigKeys (ConfUtils.java:logGet(43)) - raft.server.log.segment.size.max = 1048576 (custom)
2019-09-25 07:04:49,311 [pool-27-thread-1] INFO  server.RaftServerConfigKeys (ConfUtils.java:logGet(43)) - raft.server.log.segment.cache.num.max = 2 (custom)
2019-09-25 07:04:49,311 [pool-27-thread-1] INFO  segmented.SegmentedRaftLogWorker (SegmentedRaftLogWorker.java:<init>(172)) - new e568d23f-199e-48ce-91e4-5c166e2e97cd@group-F05F9C076728-SegmentedRaftLogWorker for RaftStorage:Storage Directory /workdir/hadoop-ozone/integration-test/target/test-dir/MiniOzoneClusterImpl-39af9574-7a8b-4ed7-b830-bf686a3d4bb8/datanode-0/data/ratis/8db2baf5-235b-4e81-90dd-f05f9c076728
2019-09-25 07:04:49,314 [pool-27-thread-1] INFO  server.RaftServerConfigKeys (ConfUtils.java:logGet(43)) - raft.server.log.queue.byte-limit = 2147483647 (custom)
2019-09-25 07:04:49,319 [pool-27-thread-1] INFO  server.RaftServerConfigKeys (ConfUtils.java:logGet(43)) - raft.server.log.queue.element-limit = 1024 (custom)
2019-09-25 07:04:49,320 [pool-27-thread-1] INFO  server.RaftServerConfigKeys (ConfUtils.java:logGet(43)) - raft.server.log.segment.size.max = 1048576 (custom)
2019-09-25 07:04:49,320 [pool-27-thread-1] INFO  server.RaftServerConfigKeys (ConfUtils.java:logGet(43)) - raft.server.log.preallocated.size = 16384 (custom)
2019-09-25 07:04:49,320 [pool-27-thread-1] INFO  server.RaftServerConfigKeys (ConfUtils.java:logGet(43)) - raft.server.log.write.buffer.size = 33554432 (custom)
2019-09-25 07:04:49,320 [pool-27-thread-1] INFO  server.RaftServerConfigKeys (ConfUtils.java:logGet(43)) - raft.server.log.force.sync.num = 128 (default)
2019-09-25 07:04:49,320 [pool-27-thread-1] INFO  server.RaftServerConfigKeys (ConfUtils.java:logGet(43)) - raft.server.log.statemachine.data.sync = true (default)
2019-09-25 07:04:49,320 [pool-27-thread-1] INFO  server.RaftServerConfigKeys (ConfUtils.java:logGet(43)) - raft.server.log.statemachine.data.sync.timeout = 10s (default)
2019-09-25 07:04:49,320 [pool-27-thread-1] INFO  server.RaftServerConfigKeys (ConfUtils.java:logGet(43)) - raft.server.log.statemachine.data.sync.timeout.retry = -1 (default)
2019-09-25 07:04:49,321 [pool-27-thread-1] INFO  server.RaftServerConfigKeys (ConfUtils.java:logGet(43)) - raft.server.log.statemachine.data.caching.enabled = true (custom)
2019-09-25 07:04:49,321 [pool-27-thread-1] INFO  segmented.SegmentedRaftLogWorker (SegmentedRaftLogWorker.java:lambda$new$0(132)) - e568d23f-199e-48ce-91e4-5c166e2e97cd@group-F05F9C076728-SegmentedRaftLogWorker: flushIndex: setUnconditionally 0 -> -1
2019-09-25 07:04:49,321 [pool-27-thread-1] INFO  server.RaftServerConfigKeys (ConfUtils.java:logGet(43)) - raft.server.snapshot.auto.trigger.enabled = true (custom)
2019-09-25 07:04:49,321 [pool-27-thread-1] INFO  server.RaftServerConfigKeys (ConfUtils.java:logGet(43)) - raft.server.snapshot.auto.trigger.threshold = 10000 (custom)
2019-09-25 07:04:49,322 [pool-27-thread-1] INFO  server.RaftServerConfigKeys (ConfUtils.java:logGet(43)) - raft.server.snapshot.retention.num.files = 5 (custom)
2019-09-25 07:04:49,322 [pool-27-thread-1] INFO  server.RaftServerConfigKeys (ConfUtils.java:logGet(43)) - raft.server.retrycache.expirytime = 600000ms (custom)
2019-09-25 07:04:49,324 [pool-27-thread-1] INFO  impl.RaftServerImpl (RaftServerImpl.java:start(185)) - e568d23f-199e-48ce-91e4-5c166e2e97cd@group-F05F9C076728: start as a follower, conf=-1: [e568d23f-199e-48ce-91e4-5c166e2e97cd:192.168.30.10:42827], old=null
2019-09-25 07:04:49,324 [pool-27-thread-1] INFO  impl.RaftServerImpl (RaftServerImpl.java:setRole(174)) - e568d23f-199e-48ce-91e4-5c166e2e97cd@group-F05F9C076728: changes role from      null to FOLLOWER at term 0 for startAsFollower
2019-09-25 07:04:49,324 [pool-27-thread-1] INFO  impl.RoleInfo (RoleInfo.java:updateAndGet(143)) - e568d23f-199e-48ce-91e4-5c166e2e97cd: start FollowerState
2019-09-25 07:04:49,324 [pool-27-thread-1] INFO  util.JmxRegister (JmxRegister.java:tryRegister(44)) - Successfully registered JMX Bean with object name Ratis:service=RaftServer,group=group-F05F9C076728,id=e568d23f-199e-48ce-91e4-5c166e2e97cd
2019-09-25 07:04:49,327 [RatisPipelineUtilsThread] INFO  pipeline.PipelineStateManager (PipelineStateManager.java:addPipeline(56)) - Created pipeline Pipeline[ Id: 8db2baf5-235b-4e81-90dd-f05f9c076728, Nodes: e568d23f-199e-48ce-91e4-5c166e2e97cd{ip: 192.168.30.10, host: pr-hdds-1569-s62bp-3040748787, networkLocation: /default-rack, certSerialId: null}, Type:RATIS, Factor:ONE, State:OPEN]
2019-09-25 07:04:49,332 [grpc-default-executor-0] INFO  impl.RaftServerProxy (RaftServerProxy.java:addNew(89)) - e568d23f-199e-48ce-91e4-5c166e2e97cd: addNew group-D4DB0DEAC0CD:[e568d23f-199e-48ce-91e4-5c166e2e97cd:192.168.30.10:42827] returns group-D4DB0DEAC0CD:java.util.concurrent.CompletableFuture@65161c4e[Not completed]
2019-09-25 07:04:49,333 [pool-27-thread-1] INFO  impl.RaftServerImpl (RaftServerImpl.java:<init>(95)) - e568d23f-199e-48ce-91e4-5c166e2e97cd: new RaftServerImpl for group-D4DB0DEAC0CD:[e568d23f-199e-48ce-91e4-5c166e2e97cd:192.168.30.10:42827] with ContainerStateMachine:uninitialized
2019-09-25 07:04:49,333 [pool-27-thread-1] INFO  server.RaftServerConfigKeys (ConfUtils.java:logGet(43)) - raft.server.rpc.timeout.min = 5s (custom)
2019-09-25 07:04:49,333 [pool-27-thread-1] INFO  server.RaftServerConfigKeys (ConfUtils.java:logGet(43)) - raft.server.rpc.timeout.max = 5200ms (custom)
2019-09-25 07:04:49,333 [pool-27-thread-1] INFO  server.RaftServerConfigKeys (ConfUtils.java:logGet(43)) - raft.server.rpcslowness.timeout = 120s (custom)
2019-09-25 07:04:49,334 [pool-27-thread-1] INFO  server.RaftServerConfigKeys (ConfUtils.java:logGet(43)) - raft.server.sleep.deviation.threshold = 300 (default)
2019-09-25 07:04:49,334 [pool-27-thread-1] INFO  server.RaftServerConfigKeys (ConfUtils.java:logGet(43)) - raft.server.log.appender.install.snapshot.enabled = false (custom)
2019-09-25 07:04:49,334 [pool-27-thread-1] INFO  impl.RaftServerImpl (ServerState.java:<init>(103)) - e568d23f-199e-48ce-91e4-5c166e2e97cd@group-D4DB0DEAC0CD: ConfigurationManager, init=-1: [e568d23f-199e-48ce-91e4-5c166e2e97cd:192.168.30.10:42827], old=null, confs=<EMPTY_MAP>
2019-09-25 07:04:49,334 [pool-27-thread-1] INFO  server.RaftServerConfigKeys (ConfUtils.java:logGet(43)) - raft.server.storage.dir = [/workdir/hadoop-ozone/integration-test/target/test-dir/MiniOzoneClusterImpl-39af9574-7a8b-4ed7-b830-bf686a3d4bb8/datanode-0/data/ratis] (custom)
2019-09-25 07:04:49,334 [pool-27-thread-1] INFO  storage.RaftStorageDirectory (RaftStorageDirectory.java:analyzeStorage(246)) - The storage directory /workdir/hadoop-ozone/integration-test/target/test-dir/MiniOzoneClusterImpl-39af9574-7a8b-4ed7-b830-bf686a3d4bb8/datanode-0/data/ratis/ad1eec5f-57b3-401e-b79d-d4db0deac0cd does not exist. Creating ...
2019-09-25 07:04:49,340 [pool-27-thread-1] INFO  storage.RaftStorageDirectory (RaftStorageDirectory.java:tryLock(328)) - Lock on /workdir/hadoop-ozone/integration-test/target/test-dir/MiniOzoneClusterImpl-39af9574-7a8b-4ed7-b830-bf686a3d4bb8/datanode-0/data/ratis/ad1eec5f-57b3-401e-b79d-d4db0deac0cd/in_use.lock acquired by nodename 19495@pr-hdds-1569-s62bp-3040748787
2019-09-25 07:04:49,343 [pool-27-thread-1] INFO  storage.RaftStorage (RaftStorage.java:format(72)) - Storage directory /workdir/hadoop-ozone/integration-test/target/test-dir/MiniOzoneClusterImpl-39af9574-7a8b-4ed7-b830-bf686a3d4bb8/datanode-0/data/ratis/ad1eec5f-57b3-401e-b79d-d4db0deac0cd has been successfully formatted.
2019-09-25 07:04:49,343 [pool-27-thread-1] INFO  ratis.ContainerStateMachine (ContainerStateMachine.java:loadSnapshot(230)) - group-D4DB0DEAC0CD: The snapshot info is null. Setting the last applied indexto:(t:0, i:~)
2019-09-25 07:04:49,344 [pool-27-thread-1] INFO  server.RaftServerConfigKeys (ConfUtils.java:logGet(43)) - raft.server.notification.no-leader.timeout = 120s (custom)
2019-09-25 07:04:49,344 [pool-27-thread-1] INFO  server.RaftServerConfigKeys (ConfUtils.java:logGet(43)) - raft.server.log.use.memory = false (default)
2019-09-25 07:04:49,344 [pool-27-thread-1] INFO  server.RaftServerConfigKeys (ConfUtils.java:logGet(43)) - raft.server.log.purge.gap = 1000000 (custom)
2019-09-25 07:04:49,344 [pool-27-thread-1] INFO  server.RaftServerConfigKeys (ConfUtils.java:logGet(43)) - raft.server.log.appender.buffer.byte-limit = 33554432 (custom)
2019-09-25 07:04:49,344 [pool-27-thread-1] INFO  server.RaftServerConfigKeys (ConfUtils.java:logGet(43)) - raft.server.log.segment.size.max = 1048576 (custom)
2019-09-25 07:04:49,344 [pool-27-thread-1] INFO  server.RaftServerConfigKeys (ConfUtils.java:logGet(43)) - raft.server.log.segment.cache.num.max = 2 (custom)
2019-09-25 07:04:49,344 [pool-27-thread-1] INFO  segmented.SegmentedRaftLogWorker (SegmentedRaftLogWorker.java:<init>(172)) - new e568d23f-199e-48ce-91e4-5c166e2e97cd@group-D4DB0DEAC0CD-SegmentedRaftLogWorker for RaftStorage:Storage Directory /workdir/hadoop-ozone/integration-test/target/test-dir/MiniOzoneClusterImpl-39af9574-7a8b-4ed7-b830-bf686a3d4bb8/datanode-0/data/ratis/ad1eec5f-57b3-401e-b79d-d4db0deac0cd
2019-09-25 07:04:49,344 [pool-27-thread-1] INFO  server.RaftServerConfigKeys (ConfUtils.java:logGet(43)) - raft.server.log.queue.byte-limit = 2147483647 (custom)
2019-09-25 07:04:49,345 [pool-27-thread-1] INFO  server.RaftServerConfigKeys (ConfUtils.java:logGet(43)) - raft.server.log.queue.element-limit = 1024 (custom)
2019-09-25 07:04:49,345 [pool-27-thread-1] INFO  server.RaftServerConfigKeys (ConfUtils.java:logGet(43)) - raft.server.log.segment.size.max = 1048576 (custom)
2019-09-25 07:04:49,345 [pool-27-thread-1] INFO  server.RaftServerConfigKeys (ConfUtils.java:logGet(43)) - raft.server.log.preallocated.size = 16384 (custom)
2019-09-25 07:04:49,345 [pool-27-thread-1] INFO  server.RaftServerConfigKeys (ConfUtils.java:logGet(43)) - raft.server.log.write.buffer.size = 33554432 (custom)
2019-09-25 07:04:49,345 [pool-27-thread-1] INFO  server.RaftServerConfigKeys (ConfUtils.java:logGet(43)) - raft.server.log.force.sync.num = 128 (default)
2019-09-25 07:04:49,345 [pool-27-thread-1] INFO  server.RaftServerConfigKeys (ConfUtils.java:logGet(43)) - raft.server.log.statemachine.data.sync = true (default)
2019-09-25 07:04:49,345 [pool-27-thread-1] INFO  server.RaftServerConfigKeys (ConfUtils.java:logGet(43)) - raft.server.log.statemachine.data.sync.timeout = 10s (default)
2019-09-25 07:04:49,346 [pool-27-thread-1] INFO  server.RaftServerConfigKeys (ConfUtils.java:logGet(43)) - raft.server.log.statemachine.data.sync.timeout.retry = -1 (default)
2019-09-25 07:04:49,346 [pool-27-thread-1] INFO  server.RaftServerConfigKeys (ConfUtils.java:logGet(43)) - raft.server.log.statemachine.data.caching.enabled = true (custom)
2019-09-25 07:04:49,346 [pool-27-thread-1] INFO  segmented.SegmentedRaftLogWorker (SegmentedRaftLogWorker.java:lambda$new$0(132)) - e568d23f-199e-48ce-91e4-5c166e2e97cd@group-D4DB0DEAC0CD-SegmentedRaftLogWorker: flushIndex: setUnconditionally 0 -> -1
2019-09-25 07:04:49,346 [pool-27-thread-1] INFO  server.RaftServerConfigKeys (ConfUtils.java:logGet(43)) - raft.server.snapshot.auto.trigger.enabled = true (custom)
2019-09-25 07:04:49,347 [pool-27-thread-1] INFO  server.RaftServerConfigKeys (ConfUtils.java:logGet(43)) - raft.server.snapshot.auto.trigger.threshold = 10000 (custom)
2019-09-25 07:04:49,347 [pool-27-thread-1] INFO  server.RaftServerConfigKeys (ConfUtils.java:logGet(43)) - raft.server.snapshot.retention.num.files = 5 (custom)
2019-09-25 07:04:49,347 [pool-27-thread-1] INFO  server.RaftServerConfigKeys (ConfUtils.java:logGet(43)) - raft.server.retrycache.expirytime = 600000ms (custom)
2019-09-25 07:04:49,349 [pool-27-thread-1] INFO  impl.RaftServerImpl (RaftServerImpl.java:start(185)) - e568d23f-199e-48ce-91e4-5c166e2e97cd@group-D4DB0DEAC0CD: start as a follower, conf=-1: [e568d23f-199e-48ce-91e4-5c166e2e97cd:192.168.30.10:42827], old=null
2019-09-25 07:04:49,349 [pool-27-thread-1] INFO  impl.RaftServerImpl (RaftServerImpl.java:setRole(174)) - e568d23f-199e-48ce-91e4-5c166e2e97cd@group-D4DB0DEAC0CD: changes role from      null to FOLLOWER at term 0 for startAsFollower
2019-09-25 07:04:49,349 [pool-27-thread-1] INFO  impl.RoleInfo (RoleInfo.java:updateAndGet(143)) - e568d23f-199e-48ce-91e4-5c166e2e97cd: start FollowerState
2019-09-25 07:04:49,349 [pool-27-thread-1] INFO  util.JmxRegister (JmxRegister.java:tryRegister(44)) - Successfully registered JMX Bean with object name Ratis:service=RaftServer,group=group-D4DB0DEAC0CD,id=e568d23f-199e-48ce-91e4-5c166e2e97cd
2019-09-25 07:04:49,352 [RatisPipelineUtilsThread] INFO  pipeline.PipelineStateManager (PipelineStateManager.java:addPipeline(56)) - Created pipeline Pipeline[ Id: ad1eec5f-57b3-401e-b79d-d4db0deac0cd, Nodes: e568d23f-199e-48ce-91e4-5c166e2e97cd{ip: 192.168.30.10, host: pr-hdds-1569-s62bp-3040748787, networkLocation: /default-rack, certSerialId: null}, Type:RATIS, Factor:ONE, State:OPEN]
2019-09-25 07:04:49,357 [grpc-default-executor-0] INFO  impl.RaftServerProxy (RaftServerProxy.java:addNew(89)) - 24bf2945-a329-4da6-aaf2-23ecd8d462c6: addNew group-A8601CC5B899:[24bf2945-a329-4da6-aaf2-23ecd8d462c6:192.168.30.10:42867] returns group-A8601CC5B899:java.util.concurrent.CompletableFuture@65caf8d0[Not completed]
2019-09-25 07:04:49,358 [pool-47-thread-1] INFO  impl.RaftServerImpl (RaftServerImpl.java:<init>(95)) - 24bf2945-a329-4da6-aaf2-23ecd8d462c6: new RaftServerImpl for group-A8601CC5B899:[24bf2945-a329-4da6-aaf2-23ecd8d462c6:192.168.30.10:42867] with ContainerStateMachine:uninitialized
2019-09-25 07:04:49,358 [pool-47-thread-1] INFO  server.RaftServerConfigKeys (ConfUtils.java:logGet(43)) - raft.server.rpc.timeout.min = 5s (custom)
2019-09-25 07:04:49,359 [pool-47-thread-1] INFO  server.RaftServerConfigKeys (ConfUtils.java:logGet(43)) - raft.server.rpc.timeout.max = 5200ms (custom)
2019-09-25 07:04:49,359 [pool-47-thread-1] INFO  server.RaftServerConfigKeys (ConfUtils.java:logGet(43)) - raft.server.rpcslowness.timeout = 120s (custom)
2019-09-25 07:04:49,359 [pool-47-thread-1] INFO  server.RaftServerConfigKeys (ConfUtils.java:logGet(43)) - raft.server.sleep.deviation.threshold = 300 (default)
2019-09-25 07:04:49,359 [pool-47-thread-1] INFO  server.RaftServerConfigKeys (ConfUtils.java:logGet(43)) - raft.server.log.appender.install.snapshot.enabled = false (custom)
2019-09-25 07:04:49,359 [pool-47-thread-1] INFO  impl.RaftServerImpl (ServerState.java:<init>(103)) - 24bf2945-a329-4da6-aaf2-23ecd8d462c6@group-A8601CC5B899: ConfigurationManager, init=-1: [24bf2945-a329-4da6-aaf2-23ecd8d462c6:192.168.30.10:42867], old=null, confs=<EMPTY_MAP>
2019-09-25 07:04:49,359 [pool-47-thread-1] INFO  server.RaftServerConfigKeys (ConfUtils.java:logGet(43)) - raft.server.storage.dir = [/workdir/hadoop-ozone/integration-test/target/test-dir/MiniOzoneClusterImpl-39af9574-7a8b-4ed7-b830-bf686a3d4bb8/datanode-2/data/ratis] (custom)
2019-09-25 07:04:49,360 [pool-47-thread-1] INFO  storage.RaftStorageDirectory (RaftStorageDirectory.java:analyzeStorage(246)) - The storage directory /workdir/hadoop-ozone/integration-test/target/test-dir/MiniOzoneClusterImpl-39af9574-7a8b-4ed7-b830-bf686a3d4bb8/datanode-2/data/ratis/9744a040-c000-49b4-9a81-a8601cc5b899 does not exist. Creating ...
2019-09-25 07:04:49,363 [pool-47-thread-1] INFO  storage.RaftStorageDirectory (RaftStorageDirectory.java:tryLock(328)) - Lock on /workdir/hadoop-ozone/integration-test/target/test-dir/MiniOzoneClusterImpl-39af9574-7a8b-4ed7-b830-bf686a3d4bb8/datanode-2/data/ratis/9744a040-c000-49b4-9a81-a8601cc5b899/in_use.lock acquired by nodename 19495@pr-hdds-1569-s62bp-3040748787
2019-09-25 07:04:49,367 [pool-47-thread-1] INFO  storage.RaftStorage (RaftStorage.java:format(72)) - Storage directory /workdir/hadoop-ozone/integration-test/target/test-dir/MiniOzoneClusterImpl-39af9574-7a8b-4ed7-b830-bf686a3d4bb8/datanode-2/data/ratis/9744a040-c000-49b4-9a81-a8601cc5b899 has been successfully formatted.
2019-09-25 07:04:49,367 [pool-47-thread-1] INFO  ratis.ContainerStateMachine (ContainerStateMachine.java:loadSnapshot(230)) - group-A8601CC5B899: The snapshot info is null. Setting the last applied indexto:(t:0, i:~)
2019-09-25 07:04:49,368 [pool-47-thread-1] INFO  server.RaftServerConfigKeys (ConfUtils.java:logGet(43)) - raft.server.notification.no-leader.timeout = 120s (custom)
2019-09-25 07:04:49,368 [pool-47-thread-1] INFO  server.RaftServerConfigKeys (ConfUtils.java:logGet(43)) - raft.server.log.use.memory = false (default)
2019-09-25 07:04:49,368 [pool-47-thread-1] INFO  server.RaftServerConfigKeys (ConfUtils.java:logGet(43)) - raft.server.log.purge.gap = 1000000 (custom)
2019-09-25 07:04:49,368 [pool-47-thread-1] INFO  server.RaftServerConfigKeys (ConfUtils.java:logGet(43)) - raft.server.log.appender.buffer.byte-limit = 33554432 (custom)
2019-09-25 07:04:49,368 [pool-47-thread-1] INFO  server.RaftServerConfigKeys (ConfUtils.java:logGet(43)) - raft.server.log.segment.size.max = 1048576 (custom)
2019-09-25 07:04:49,368 [pool-47-thread-1] INFO  server.RaftServerConfigKeys (ConfUtils.java:logGet(43)) - raft.server.log.segment.cache.num.max = 2 (custom)
2019-09-25 07:04:49,369 [pool-47-thread-1] INFO  segmented.SegmentedRaftLogWorker (SegmentedRaftLogWorker.java:<init>(172)) - new 24bf2945-a329-4da6-aaf2-23ecd8d462c6@group-A8601CC5B899-SegmentedRaftLogWorker for RaftStorage:Storage Directory /workdir/hadoop-ozone/integration-test/target/test-dir/MiniOzoneClusterImpl-39af9574-7a8b-4ed7-b830-bf686a3d4bb8/datanode-2/data/ratis/9744a040-c000-49b4-9a81-a8601cc5b899
2019-09-25 07:04:49,369 [pool-47-thread-1] INFO  server.RaftServerConfigKeys (ConfUtils.java:logGet(43)) - raft.server.log.queue.byte-limit = 2147483647 (custom)
2019-09-25 07:04:49,369 [pool-47-thread-1] INFO  server.RaftServerConfigKeys (ConfUtils.java:logGet(43)) - raft.server.log.queue.element-limit = 1024 (custom)
2019-09-25 07:04:49,369 [pool-47-thread-1] INFO  server.RaftServerConfigKeys (ConfUtils.java:logGet(43)) - raft.server.log.segment.size.max = 1048576 (custom)
2019-09-25 07:04:49,369 [pool-47-thread-1] INFO  server.RaftServerConfigKeys (ConfUtils.java:logGet(43)) - raft.server.log.preallocated.size = 16384 (custom)
2019-09-25 07:04:49,369 [pool-47-thread-1] INFO  server.RaftServerConfigKeys (ConfUtils.java:logGet(43)) - raft.server.log.write.buffer.size = 33554432 (custom)
2019-09-25 07:04:49,370 [pool-47-thread-1] INFO  server.RaftServerConfigKeys (ConfUtils.java:logGet(43)) - raft.server.log.force.sync.num = 128 (default)
2019-09-25 07:04:49,370 [pool-47-thread-1] INFO  server.RaftServerConfigKeys (ConfUtils.java:logGet(43)) - raft.server.log.statemachine.data.sync = true (default)
2019-09-25 07:04:49,370 [pool-47-thread-1] INFO  server.RaftServerConfigKeys (ConfUtils.java:logGet(43)) - raft.server.log.statemachine.data.sync.timeout = 10s (default)
2019-09-25 07:04:49,370 [pool-47-thread-1] INFO  server.RaftServerConfigKeys (ConfUtils.java:logGet(43)) - raft.server.log.statemachine.data.sync.timeout.retry = -1 (default)
2019-09-25 07:04:49,370 [pool-47-thread-1] INFO  server.RaftServerConfigKeys (ConfUtils.java:logGet(43)) - raft.server.log.statemachine.data.caching.enabled = true (custom)
2019-09-25 07:04:49,371 [pool-47-thread-1] INFO  segmented.SegmentedRaftLogWorker (SegmentedRaftLogWorker.java:lambda$new$0(132)) - 24bf2945-a329-4da6-aaf2-23ecd8d462c6@group-A8601CC5B899-SegmentedRaftLogWorker: flushIndex: setUnconditionally 0 -> -1
2019-09-25 07:04:49,371 [pool-47-thread-1] INFO  server.RaftServerConfigKeys (ConfUtils.java:logGet(43)) - raft.server.snapshot.auto.trigger.enabled = true (custom)
2019-09-25 07:04:49,371 [pool-47-thread-1] INFO  server.RaftServerConfigKeys (ConfUtils.java:logGet(43)) - raft.server.snapshot.auto.trigger.threshold = 10000 (custom)
2019-09-25 07:04:49,371 [pool-47-thread-1] INFO  server.RaftServerConfigKeys (ConfUtils.java:logGet(43)) - raft.server.snapshot.retention.num.files = 5 (custom)
2019-09-25 07:04:49,371 [pool-47-thread-1] INFO  server.RaftServerConfigKeys (ConfUtils.java:logGet(43)) - raft.server.retrycache.expirytime = 600000ms (custom)
2019-09-25 07:04:49,373 [pool-47-thread-1] INFO  impl.RaftServerImpl (RaftServerImpl.java:start(185)) - 24bf2945-a329-4da6-aaf2-23ecd8d462c6@group-A8601CC5B899: start as a follower, conf=-1: [24bf2945-a329-4da6-aaf2-23ecd8d462c6:192.168.30.10:42867], old=null
2019-09-25 07:04:49,374 [pool-47-thread-1] INFO  impl.RaftServerImpl (RaftServerImpl.java:setRole(174)) - 24bf2945-a329-4da6-aaf2-23ecd8d462c6@group-A8601CC5B899: changes role from      null to FOLLOWER at term 0 for startAsFollower
2019-09-25 07:04:49,374 [pool-47-thread-1] INFO  impl.RoleInfo (RoleInfo.java:updateAndGet(143)) - 24bf2945-a329-4da6-aaf2-23ecd8d462c6: start FollowerState
2019-09-25 07:04:49,374 [pool-47-thread-1] INFO  util.JmxRegister (JmxRegister.java:tryRegister(44)) - Successfully registered JMX Bean with object name Ratis:service=RaftServer,group=group-A8601CC5B899,id=24bf2945-a329-4da6-aaf2-23ecd8d462c6
2019-09-25 07:04:49,377 [RatisPipelineUtilsThread] INFO  pipeline.PipelineStateManager (PipelineStateManager.java:addPipeline(56)) - Created pipeline Pipeline[ Id: 9744a040-c000-49b4-9a81-a8601cc5b899, Nodes: 24bf2945-a329-4da6-aaf2-23ecd8d462c6{ip: 192.168.30.10, host: pr-hdds-1569-s62bp-3040748787, networkLocation: /default-rack, certSerialId: null}, Type:RATIS, Factor:ONE, State:OPEN]
2019-09-25 07:04:49,381 [grpc-default-executor-0] INFO  impl.RaftServerProxy (RaftServerProxy.java:addNew(89)) - 62ec8eb9-3ae9-4136-b70a-2caf3716fa7f: addNew group-F92EA15D7072:[62ec8eb9-3ae9-4136-b70a-2caf3716fa7f:192.168.30.10:44715] returns group-F92EA15D7072:java.util.concurrent.CompletableFuture@2cbf4dd7[Not completed]
2019-09-25 07:04:49,383 [pool-37-thread-1] INFO  impl.RaftServerImpl (RaftServerImpl.java:<init>(95)) - 62ec8eb9-3ae9-4136-b70a-2caf3716fa7f: new RaftServerImpl for group-F92EA15D7072:[62ec8eb9-3ae9-4136-b70a-2caf3716fa7f:192.168.30.10:44715] with ContainerStateMachine:uninitialized
2019-09-25 07:04:49,383 [pool-37-thread-1] INFO  server.RaftServerConfigKeys (ConfUtils.java:logGet(43)) - raft.server.rpc.timeout.min = 5s (custom)
2019-09-25 07:04:49,383 [pool-37-thread-1] INFO  server.RaftServerConfigKeys (ConfUtils.java:logGet(43)) - raft.server.rpc.timeout.max = 5200ms (custom)
2019-09-25 07:04:49,383 [pool-37-thread-1] INFO  server.RaftServerConfigKeys (ConfUtils.java:logGet(43)) - raft.server.rpcslowness.timeout = 120s (custom)
2019-09-25 07:04:49,383 [pool-37-thread-1] INFO  server.RaftServerConfigKeys (ConfUtils.java:logGet(43)) - raft.server.sleep.deviation.threshold = 300 (default)
2019-09-25 07:04:49,384 [pool-37-thread-1] INFO  server.RaftServerConfigKeys (ConfUtils.java:logGet(43)) - raft.server.log.appender.install.snapshot.enabled = false (custom)
2019-09-25 07:04:49,384 [pool-37-thread-1] INFO  impl.RaftServerImpl (ServerState.java:<init>(103)) - 62ec8eb9-3ae9-4136-b70a-2caf3716fa7f@group-F92EA15D7072: ConfigurationManager, init=-1: [62ec8eb9-3ae9-4136-b70a-2caf3716fa7f:192.168.30.10:44715], old=null, confs=<EMPTY_MAP>
2019-09-25 07:04:49,384 [pool-37-thread-1] INFO  server.RaftServerConfigKeys (ConfUtils.java:logGet(43)) - raft.server.storage.dir = [/workdir/hadoop-ozone/integration-test/target/test-dir/MiniOzoneClusterImpl-39af9574-7a8b-4ed7-b830-bf686a3d4bb8/datanode-1/data/ratis] (custom)
2019-09-25 07:04:49,385 [pool-37-thread-1] INFO  storage.RaftStorageDirectory (RaftStorageDirectory.java:analyzeStorage(246)) - The storage directory /workdir/hadoop-ozone/integration-test/target/test-dir/MiniOzoneClusterImpl-39af9574-7a8b-4ed7-b830-bf686a3d4bb8/datanode-1/data/ratis/29bd539f-cdbe-4313-bc08-f92ea15d7072 does not exist. Creating ...
2019-09-25 07:04:49,388 [pool-37-thread-1] INFO  storage.RaftStorageDirectory (RaftStorageDirectory.java:tryLock(328)) - Lock on /workdir/hadoop-ozone/integration-test/target/test-dir/MiniOzoneClusterImpl-39af9574-7a8b-4ed7-b830-bf686a3d4bb8/datanode-1/data/ratis/29bd539f-cdbe-4313-bc08-f92ea15d7072/in_use.lock acquired by nodename 19495@pr-hdds-1569-s62bp-3040748787
2019-09-25 07:04:49,405 [pool-37-thread-1] INFO  storage.RaftStorage (RaftStorage.java:format(72)) - Storage directory /workdir/hadoop-ozone/integration-test/target/test-dir/MiniOzoneClusterImpl-39af9574-7a8b-4ed7-b830-bf686a3d4bb8/datanode-1/data/ratis/29bd539f-cdbe-4313-bc08-f92ea15d7072 has been successfully formatted.
2019-09-25 07:04:49,405 [pool-37-thread-1] INFO  ratis.ContainerStateMachine (ContainerStateMachine.java:loadSnapshot(230)) - group-F92EA15D7072: The snapshot info is null. Setting the last applied indexto:(t:0, i:~)
2019-09-25 07:04:49,405 [pool-37-thread-1] INFO  server.RaftServerConfigKeys (ConfUtils.java:logGet(43)) - raft.server.notification.no-leader.timeout = 120s (custom)
2019-09-25 07:04:49,406 [pool-37-thread-1] INFO  server.RaftServerConfigKeys (ConfUtils.java:logGet(43)) - raft.server.log.use.memory = false (default)
2019-09-25 07:04:49,406 [pool-37-thread-1] INFO  server.RaftServerConfigKeys (ConfUtils.java:logGet(43)) - raft.server.log.purge.gap = 1000000 (custom)
2019-09-25 07:04:49,406 [pool-37-thread-1] INFO  server.RaftServerConfigKeys (ConfUtils.java:logGet(43)) - raft.server.log.appender.buffer.byte-limit = 33554432 (custom)
2019-09-25 07:04:49,406 [pool-37-thread-1] INFO  server.RaftServerConfigKeys (ConfUtils.java:logGet(43)) - raft.server.log.segment.size.max = 1048576 (custom)
2019-09-25 07:04:49,406 [pool-37-thread-1] INFO  server.RaftServerConfigKeys (ConfUtils.java:logGet(43)) - raft.server.log.segment.cache.num.max = 2 (custom)
2019-09-25 07:04:49,406 [pool-37-thread-1] INFO  segmented.SegmentedRaftLogWorker (SegmentedRaftLogWorker.java:<init>(172)) - new 62ec8eb9-3ae9-4136-b70a-2caf3716fa7f@group-F92EA15D7072-SegmentedRaftLogWorker for RaftStorage:Storage Directory /workdir/hadoop-ozone/integration-test/target/test-dir/MiniOzoneClusterImpl-39af9574-7a8b-4ed7-b830-bf686a3d4bb8/datanode-1/data/ratis/29bd539f-cdbe-4313-bc08-f92ea15d7072
2019-09-25 07:04:49,407 [pool-37-thread-1] INFO  server.RaftServerConfigKeys (ConfUtils.java:logGet(43)) - raft.server.log.queue.byte-limit = 2147483647 (custom)
2019-09-25 07:04:49,407 [pool-37-thread-1] INFO  server.RaftServerConfigKeys (ConfUtils.java:logGet(43)) - raft.server.log.queue.element-limit = 1024 (custom)
2019-09-25 07:04:49,407 [pool-37-thread-1] INFO  server.RaftServerConfigKeys (ConfUtils.java:logGet(43)) - raft.server.log.segment.size.max = 1048576 (custom)
2019-09-25 07:04:49,407 [pool-37-thread-1] INFO  server.RaftServerConfigKeys (ConfUtils.java:logGet(43)) - raft.server.log.preallocated.size = 16384 (custom)
2019-09-25 07:04:49,407 [pool-37-thread-1] INFO  server.RaftServerConfigKeys (ConfUtils.java:logGet(43)) - raft.server.log.write.buffer.size = 33554432 (custom)
2019-09-25 07:04:49,407 [pool-37-thread-1] INFO  server.RaftServerConfigKeys (ConfUtils.java:logGet(43)) - raft.server.log.force.sync.num = 128 (default)
2019-09-25 07:04:49,407 [pool-37-thread-1] INFO  server.RaftServerConfigKeys (ConfUtils.java:logGet(43)) - raft.server.log.statemachine.data.sync = true (default)
2019-09-25 07:04:49,408 [pool-37-thread-1] INFO  server.RaftServerConfigKeys (ConfUtils.java:logGet(43)) - raft.server.log.statemachine.data.sync.timeout = 10s (default)
2019-09-25 07:04:49,408 [pool-37-thread-1] INFO  server.RaftServerConfigKeys (ConfUtils.java:logGet(43)) - raft.server.log.statemachine.data.sync.timeout.retry = -1 (default)
2019-09-25 07:04:49,408 [pool-37-thread-1] INFO  server.RaftServerConfigKeys (ConfUtils.java:logGet(43)) - raft.server.log.statemachine.data.caching.enabled = true (custom)
2019-09-25 07:04:49,408 [pool-37-thread-1] INFO  segmented.SegmentedRaftLogWorker (SegmentedRaftLogWorker.java:lambda$new$0(132)) - 62ec8eb9-3ae9-4136-b70a-2caf3716fa7f@group-F92EA15D7072-SegmentedRaftLogWorker: flushIndex: setUnconditionally 0 -> -1
2019-09-25 07:04:49,409 [pool-37-thread-1] INFO  server.RaftServerConfigKeys (ConfUtils.java:logGet(43)) - raft.server.snapshot.auto.trigger.enabled = true (custom)
2019-09-25 07:04:49,409 [pool-37-thread-1] INFO  server.RaftServerConfigKeys (ConfUtils.java:logGet(43)) - raft.server.snapshot.auto.trigger.threshold = 10000 (custom)
2019-09-25 07:04:49,409 [pool-37-thread-1] INFO  server.RaftServerConfigKeys (ConfUtils.java:logGet(43)) - raft.server.snapshot.retention.num.files = 5 (custom)
2019-09-25 07:04:49,409 [pool-37-thread-1] INFO  server.RaftServerConfigKeys (ConfUtils.java:logGet(43)) - raft.server.retrycache.expirytime = 600000ms (custom)
2019-09-25 07:04:49,411 [pool-37-thread-1] INFO  impl.RaftServerImpl (RaftServerImpl.java:start(185)) - 62ec8eb9-3ae9-4136-b70a-2caf3716fa7f@group-F92EA15D7072: start as a follower, conf=-1: [62ec8eb9-3ae9-4136-b70a-2caf3716fa7f:192.168.30.10:44715], old=null
2019-09-25 07:04:49,411 [pool-37-thread-1] INFO  impl.RaftServerImpl (RaftServerImpl.java:setRole(174)) - 62ec8eb9-3ae9-4136-b70a-2caf3716fa7f@group-F92EA15D7072: changes role from      null to FOLLOWER at term 0 for startAsFollower
2019-09-25 07:04:49,411 [pool-37-thread-1] INFO  impl.RoleInfo (RoleInfo.java:updateAndGet(143)) - 62ec8eb9-3ae9-4136-b70a-2caf3716fa7f: start FollowerState
2019-09-25 07:04:49,412 [pool-37-thread-1] INFO  util.JmxRegister (JmxRegister.java:tryRegister(44)) - Successfully registered JMX Bean with object name Ratis:service=RaftServer,group=group-F92EA15D7072,id=62ec8eb9-3ae9-4136-b70a-2caf3716fa7f
2019-09-25 07:04:49,415 [RatisPipelineUtilsThread] INFO  pipeline.PipelineStateManager (PipelineStateManager.java:addPipeline(56)) - Created pipeline Pipeline[ Id: 29bd539f-cdbe-4313-bc08-f92ea15d7072, Nodes: 62ec8eb9-3ae9-4136-b70a-2caf3716fa7f{ip: 192.168.30.10, host: pr-hdds-1569-s62bp-3040748787, networkLocation: /default-rack, certSerialId: null}, Type:RATIS, Factor:ONE, State:OPEN]
2019-09-25 07:04:49,420 [grpc-default-executor-0] INFO  impl.RaftServerProxy (RaftServerProxy.java:addNew(89)) - 62ec8eb9-3ae9-4136-b70a-2caf3716fa7f: addNew group-AFCD660D5460:[62ec8eb9-3ae9-4136-b70a-2caf3716fa7f:192.168.30.10:44715] returns group-AFCD660D5460:java.util.concurrent.CompletableFuture@56abe190[Not completed]
2019-09-25 07:04:49,421 [pool-37-thread-1] INFO  impl.RaftServerImpl (RaftServerImpl.java:<init>(95)) - 62ec8eb9-3ae9-4136-b70a-2caf3716fa7f: new RaftServerImpl for group-AFCD660D5460:[62ec8eb9-3ae9-4136-b70a-2caf3716fa7f:192.168.30.10:44715] with ContainerStateMachine:uninitialized
2019-09-25 07:04:49,421 [pool-37-thread-1] INFO  server.RaftServerConfigKeys (ConfUtils.java:logGet(43)) - raft.server.rpc.timeout.min = 5s (custom)
2019-09-25 07:04:49,421 [pool-37-thread-1] INFO  server.RaftServerConfigKeys (ConfUtils.java:logGet(43)) - raft.server.rpc.timeout.max = 5200ms (custom)
2019-09-25 07:04:49,422 [pool-37-thread-1] INFO  server.RaftServerConfigKeys (ConfUtils.java:logGet(43)) - raft.server.rpcslowness.timeout = 120s (custom)
2019-09-25 07:04:49,422 [pool-37-thread-1] INFO  server.RaftServerConfigKeys (ConfUtils.java:logGet(43)) - raft.server.sleep.deviation.threshold = 300 (default)
2019-09-25 07:04:49,422 [pool-37-thread-1] INFO  server.RaftServerConfigKeys (ConfUtils.java:logGet(43)) - raft.server.log.appender.install.snapshot.enabled = false (custom)
2019-09-25 07:04:49,422 [pool-37-thread-1] INFO  impl.RaftServerImpl (ServerState.java:<init>(103)) - 62ec8eb9-3ae9-4136-b70a-2caf3716fa7f@group-AFCD660D5460: ConfigurationManager, init=-1: [62ec8eb9-3ae9-4136-b70a-2caf3716fa7f:192.168.30.10:44715], old=null, confs=<EMPTY_MAP>
2019-09-25 07:04:49,422 [pool-37-thread-1] INFO  server.RaftServerConfigKeys (ConfUtils.java:logGet(43)) - raft.server.storage.dir = [/workdir/hadoop-ozone/integration-test/target/test-dir/MiniOzoneClusterImpl-39af9574-7a8b-4ed7-b830-bf686a3d4bb8/datanode-1/data/ratis] (custom)
2019-09-25 07:04:49,423 [pool-37-thread-1] INFO  storage.RaftStorageDirectory (RaftStorageDirectory.java:analyzeStorage(246)) - The storage directory /workdir/hadoop-ozone/integration-test/target/test-dir/MiniOzoneClusterImpl-39af9574-7a8b-4ed7-b830-bf686a3d4bb8/datanode-1/data/ratis/5e4e5a6f-b1a8-4e7f-beac-afcd660d5460 does not exist. Creating ...
2019-09-25 07:04:49,435 [pool-37-thread-1] INFO  storage.RaftStorageDirectory (RaftStorageDirectory.java:tryLock(328)) - Lock on /workdir/hadoop-ozone/integration-test/target/test-dir/MiniOzoneClusterImpl-39af9574-7a8b-4ed7-b830-bf686a3d4bb8/datanode-1/data/ratis/5e4e5a6f-b1a8-4e7f-beac-afcd660d5460/in_use.lock acquired by nodename 19495@pr-hdds-1569-s62bp-3040748787
2019-09-25 07:04:49,449 [pool-37-thread-1] INFO  storage.RaftStorage (RaftStorage.java:format(72)) - Storage directory /workdir/hadoop-ozone/integration-test/target/test-dir/MiniOzoneClusterImpl-39af9574-7a8b-4ed7-b830-bf686a3d4bb8/datanode-1/data/ratis/5e4e5a6f-b1a8-4e7f-beac-afcd660d5460 has been successfully formatted.
2019-09-25 07:04:49,449 [pool-37-thread-1] INFO  ratis.ContainerStateMachine (ContainerStateMachine.java:loadSnapshot(230)) - group-AFCD660D5460: The snapshot info is null. Setting the last applied indexto:(t:0, i:~)
2019-09-25 07:04:49,449 [pool-37-thread-1] INFO  server.RaftServerConfigKeys (ConfUtils.java:logGet(43)) - raft.server.notification.no-leader.timeout = 120s (custom)
2019-09-25 07:04:49,449 [pool-37-thread-1] INFO  server.RaftServerConfigKeys (ConfUtils.java:logGet(43)) - raft.server.log.use.memory = false (default)
2019-09-25 07:04:49,450 [pool-37-thread-1] INFO  server.RaftServerConfigKeys (ConfUtils.java:logGet(43)) - raft.server.log.purge.gap = 1000000 (custom)
2019-09-25 07:04:49,450 [pool-37-thread-1] INFO  server.RaftServerConfigKeys (ConfUtils.java:logGet(43)) - raft.server.log.appender.buffer.byte-limit = 33554432 (custom)
2019-09-25 07:04:49,450 [pool-37-thread-1] INFO  server.RaftServerConfigKeys (ConfUtils.java:logGet(43)) - raft.server.log.segment.size.max = 1048576 (custom)
2019-09-25 07:04:49,450 [pool-37-thread-1] INFO  server.RaftServerConfigKeys (ConfUtils.java:logGet(43)) - raft.server.log.segment.cache.num.max = 2 (custom)
2019-09-25 07:04:49,450 [pool-37-thread-1] INFO  segmented.SegmentedRaftLogWorker (SegmentedRaftLogWorker.java:<init>(172)) - new 62ec8eb9-3ae9-4136-b70a-2caf3716fa7f@group-AFCD660D5460-SegmentedRaftLogWorker for RaftStorage:Storage Directory /workdir/hadoop-ozone/integration-test/target/test-dir/MiniOzoneClusterImpl-39af9574-7a8b-4ed7-b830-bf686a3d4bb8/datanode-1/data/ratis/5e4e5a6f-b1a8-4e7f-beac-afcd660d5460
2019-09-25 07:04:49,450 [pool-37-thread-1] INFO  server.RaftServerConfigKeys (ConfUtils.java:logGet(43)) - raft.server.log.queue.byte-limit = 2147483647 (custom)
2019-09-25 07:04:49,451 [pool-37-thread-1] INFO  server.RaftServerConfigKeys (ConfUtils.java:logGet(43)) - raft.server.log.queue.element-limit = 1024 (custom)
2019-09-25 07:04:49,451 [pool-37-thread-1] INFO  server.RaftServerConfigKeys (ConfUtils.java:logGet(43)) - raft.server.log.segment.size.max = 1048576 (custom)
2019-09-25 07:04:49,451 [pool-37-thread-1] INFO  server.RaftServerConfigKeys (ConfUtils.java:logGet(43)) - raft.server.log.preallocated.size = 16384 (custom)
2019-09-25 07:04:49,451 [pool-37-thread-1] INFO  server.RaftServerConfigKeys (ConfUtils.java:logGet(43)) - raft.server.log.write.buffer.size = 33554432 (custom)
2019-09-25 07:04:49,451 [pool-37-thread-1] INFO  server.RaftServerConfigKeys (ConfUtils.java:logGet(43)) - raft.server.log.force.sync.num = 128 (default)
2019-09-25 07:04:49,451 [pool-37-thread-1] INFO  server.RaftServerConfigKeys (ConfUtils.java:logGet(43)) - raft.server.log.statemachine.data.sync = true (default)
2019-09-25 07:04:49,451 [pool-37-thread-1] INFO  server.RaftServerConfigKeys (ConfUtils.java:logGet(43)) - raft.server.log.statemachine.data.sync.timeout = 10s (default)
2019-09-25 07:04:49,452 [pool-37-thread-1] INFO  server.RaftServerConfigKeys (ConfUtils.java:logGet(43)) - raft.server.log.statemachine.data.sync.timeout.retry = -1 (default)
2019-09-25 07:04:49,452 [pool-37-thread-1] INFO  server.RaftServerConfigKeys (ConfUtils.java:logGet(43)) - raft.server.log.statemachine.data.caching.enabled = true (custom)
2019-09-25 07:04:49,452 [pool-37-thread-1] INFO  segmented.SegmentedRaftLogWorker (SegmentedRaftLogWorker.java:lambda$new$0(132)) - 62ec8eb9-3ae9-4136-b70a-2caf3716fa7f@group-AFCD660D5460-SegmentedRaftLogWorker: flushIndex: setUnconditionally 0 -> -1
2019-09-25 07:04:49,452 [pool-37-thread-1] INFO  server.RaftServerConfigKeys (ConfUtils.java:logGet(43)) - raft.server.snapshot.auto.trigger.enabled = true (custom)
2019-09-25 07:04:49,453 [pool-37-thread-1] INFO  server.RaftServerConfigKeys (ConfUtils.java:logGet(43)) - raft.server.snapshot.auto.trigger.threshold = 10000 (custom)
2019-09-25 07:04:49,453 [pool-37-thread-1] INFO  server.RaftServerConfigKeys (ConfUtils.java:logGet(43)) - raft.server.snapshot.retention.num.files = 5 (custom)
2019-09-25 07:04:49,453 [pool-37-thread-1] INFO  server.RaftServerConfigKeys (ConfUtils.java:logGet(43)) - raft.server.retrycache.expirytime = 600000ms (custom)
2019-09-25 07:04:49,455 [pool-37-thread-1] INFO  impl.RaftServerImpl (RaftServerImpl.java:start(185)) - 62ec8eb9-3ae9-4136-b70a-2caf3716fa7f@group-AFCD660D5460: start as a follower, conf=-1: [62ec8eb9-3ae9-4136-b70a-2caf3716fa7f:192.168.30.10:44715], old=null
2019-09-25 07:04:49,455 [pool-37-thread-1] INFO  impl.RaftServerImpl (RaftServerImpl.java:setRole(174)) - 62ec8eb9-3ae9-4136-b70a-2caf3716fa7f@group-AFCD660D5460: changes role from      null to FOLLOWER at term 0 for startAsFollower
2019-09-25 07:04:49,455 [pool-37-thread-1] INFO  impl.RoleInfo (RoleInfo.java:updateAndGet(143)) - 62ec8eb9-3ae9-4136-b70a-2caf3716fa7f: start FollowerState
2019-09-25 07:04:49,456 [pool-37-thread-1] INFO  util.JmxRegister (JmxRegister.java:tryRegister(44)) - Successfully registered JMX Bean with object name Ratis:service=RaftServer,group=group-AFCD660D5460,id=62ec8eb9-3ae9-4136-b70a-2caf3716fa7f
2019-09-25 07:04:49,458 [RatisPipelineUtilsThread] INFO  pipeline.PipelineStateManager (PipelineStateManager.java:addPipeline(56)) - Created pipeline Pipeline[ Id: 5e4e5a6f-b1a8-4e7f-beac-afcd660d5460, Nodes: 62ec8eb9-3ae9-4136-b70a-2caf3716fa7f{ip: 192.168.30.10, host: pr-hdds-1569-s62bp-3040748787, networkLocation: /default-rack, certSerialId: null}, Type:RATIS, Factor:ONE, State:OPEN]
2019-09-25 07:04:49,463 [grpc-default-executor-0] INFO  impl.RaftServerProxy (RaftServerProxy.java:addNew(89)) - 24bf2945-a329-4da6-aaf2-23ecd8d462c6: addNew group-7C5CBE2B0FCF:[24bf2945-a329-4da6-aaf2-23ecd8d462c6:192.168.30.10:42867] returns group-7C5CBE2B0FCF:java.util.concurrent.CompletableFuture@f6bf6f6[Not completed]
2019-09-25 07:04:49,465 [pool-47-thread-1] INFO  impl.RaftServerImpl (RaftServerImpl.java:<init>(95)) - 24bf2945-a329-4da6-aaf2-23ecd8d462c6: new RaftServerImpl for group-7C5CBE2B0FCF:[24bf2945-a329-4da6-aaf2-23ecd8d462c6:192.168.30.10:42867] with ContainerStateMachine:uninitialized
2019-09-25 07:04:49,465 [pool-47-thread-1] INFO  server.RaftServerConfigKeys (ConfUtils.java:logGet(43)) - raft.server.rpc.timeout.min = 5s (custom)
2019-09-25 07:04:49,465 [pool-47-thread-1] INFO  server.RaftServerConfigKeys (ConfUtils.java:logGet(43)) - raft.server.rpc.timeout.max = 5200ms (custom)
2019-09-25 07:04:49,465 [pool-47-thread-1] INFO  server.RaftServerConfigKeys (ConfUtils.java:logGet(43)) - raft.server.rpcslowness.timeout = 120s (custom)
2019-09-25 07:04:49,465 [pool-47-thread-1] INFO  server.RaftServerConfigKeys (ConfUtils.java:logGet(43)) - raft.server.sleep.deviation.threshold = 300 (default)
2019-09-25 07:04:49,465 [pool-47-thread-1] INFO  server.RaftServerConfigKeys (ConfUtils.java:logGet(43)) - raft.server.log.appender.install.snapshot.enabled = false (custom)
2019-09-25 07:04:49,466 [pool-47-thread-1] INFO  impl.RaftServerImpl (ServerState.java:<init>(103)) - 24bf2945-a329-4da6-aaf2-23ecd8d462c6@group-7C5CBE2B0FCF: ConfigurationManager, init=-1: [24bf2945-a329-4da6-aaf2-23ecd8d462c6:192.168.30.10:42867], old=null, confs=<EMPTY_MAP>
2019-09-25 07:04:49,466 [pool-47-thread-1] INFO  server.RaftServerConfigKeys (ConfUtils.java:logGet(43)) - raft.server.storage.dir = [/workdir/hadoop-ozone/integration-test/target/test-dir/MiniOzoneClusterImpl-39af9574-7a8b-4ed7-b830-bf686a3d4bb8/datanode-2/data/ratis] (custom)
2019-09-25 07:04:49,466 [pool-47-thread-1] INFO  storage.RaftStorageDirectory (RaftStorageDirectory.java:analyzeStorage(246)) - The storage directory /workdir/hadoop-ozone/integration-test/target/test-dir/MiniOzoneClusterImpl-39af9574-7a8b-4ed7-b830-bf686a3d4bb8/datanode-2/data/ratis/cefd2149-2d52-4b98-be33-7c5cbe2b0fcf does not exist. Creating ...
2019-09-25 07:04:49,471 [pool-47-thread-1] INFO  storage.RaftStorageDirectory (RaftStorageDirectory.java:tryLock(328)) - Lock on /workdir/hadoop-ozone/integration-test/target/test-dir/MiniOzoneClusterImpl-39af9574-7a8b-4ed7-b830-bf686a3d4bb8/datanode-2/data/ratis/cefd2149-2d52-4b98-be33-7c5cbe2b0fcf/in_use.lock acquired by nodename 19495@pr-hdds-1569-s62bp-3040748787
2019-09-25 07:04:49,475 [pool-47-thread-1] INFO  storage.RaftStorage (RaftStorage.java:format(72)) - Storage directory /workdir/hadoop-ozone/integration-test/target/test-dir/MiniOzoneClusterImpl-39af9574-7a8b-4ed7-b830-bf686a3d4bb8/datanode-2/data/ratis/cefd2149-2d52-4b98-be33-7c5cbe2b0fcf has been successfully formatted.
2019-09-25 07:04:49,475 [pool-47-thread-1] INFO  ratis.ContainerStateMachine (ContainerStateMachine.java:loadSnapshot(230)) - group-7C5CBE2B0FCF: The snapshot info is null. Setting the last applied indexto:(t:0, i:~)
2019-09-25 07:04:49,475 [pool-47-thread-1] INFO  server.RaftServerConfigKeys (ConfUtils.java:logGet(43)) - raft.server.notification.no-leader.timeout = 120s (custom)
2019-09-25 07:04:49,475 [pool-47-thread-1] INFO  server.RaftServerConfigKeys (ConfUtils.java:logGet(43)) - raft.server.log.use.memory = false (default)
2019-09-25 07:04:49,475 [pool-47-thread-1] INFO  server.RaftServerConfigKeys (ConfUtils.java:logGet(43)) - raft.server.log.purge.gap = 1000000 (custom)
2019-09-25 07:04:49,476 [pool-47-thread-1] INFO  server.RaftServerConfigKeys (ConfUtils.java:logGet(43)) - raft.server.log.appender.buffer.byte-limit = 33554432 (custom)
2019-09-25 07:04:49,476 [pool-47-thread-1] INFO  server.RaftServerConfigKeys (ConfUtils.java:logGet(43)) - raft.server.log.segment.size.max = 1048576 (custom)
2019-09-25 07:04:49,476 [pool-47-thread-1] INFO  server.RaftServerConfigKeys (ConfUtils.java:logGet(43)) - raft.server.log.segment.cache.num.max = 2 (custom)
2019-09-25 07:04:49,476 [pool-47-thread-1] INFO  segmented.SegmentedRaftLogWorker (SegmentedRaftLogWorker.java:<init>(172)) - new 24bf2945-a329-4da6-aaf2-23ecd8d462c6@group-7C5CBE2B0FCF-SegmentedRaftLogWorker for RaftStorage:Storage Directory /workdir/hadoop-ozone/integration-test/target/test-dir/MiniOzoneClusterImpl-39af9574-7a8b-4ed7-b830-bf686a3d4bb8/datanode-2/data/ratis/cefd2149-2d52-4b98-be33-7c5cbe2b0fcf
2019-09-25 07:04:49,476 [pool-47-thread-1] INFO  server.RaftServerConfigKeys (ConfUtils.java:logGet(43)) - raft.server.log.queue.byte-limit = 2147483647 (custom)
2019-09-25 07:04:49,476 [pool-47-thread-1] INFO  server.RaftServerConfigKeys (ConfUtils.java:logGet(43)) - raft.server.log.queue.element-limit = 1024 (custom)
2019-09-25 07:04:49,477 [pool-47-thread-1] INFO  server.RaftServerConfigKeys (ConfUtils.java:logGet(43)) - raft.server.log.segment.size.max = 1048576 (custom)
2019-09-25 07:04:49,477 [pool-47-thread-1] INFO  server.RaftServerConfigKeys (ConfUtils.java:logGet(43)) - raft.server.log.preallocated.size = 16384 (custom)
2019-09-25 07:04:49,477 [pool-47-thread-1] INFO  server.RaftServerConfigKeys (ConfUtils.java:logGet(43)) - raft.server.log.write.buffer.size = 33554432 (custom)
2019-09-25 07:04:49,477 [pool-47-thread-1] INFO  server.RaftServerConfigKeys (ConfUtils.java:logGet(43)) - raft.server.log.force.sync.num = 128 (default)
2019-09-25 07:04:49,477 [pool-47-thread-1] INFO  server.RaftServerConfigKeys (ConfUtils.java:logGet(43)) - raft.server.log.statemachine.data.sync = true (default)
2019-09-25 07:04:49,477 [pool-47-thread-1] INFO  server.RaftServerConfigKeys (ConfUtils.java:logGet(43)) - raft.server.log.statemachine.data.sync.timeout = 10s (default)
2019-09-25 07:04:49,477 [pool-47-thread-1] INFO  server.RaftServerConfigKeys (ConfUtils.java:logGet(43)) - raft.server.log.statemachine.data.sync.timeout.retry = -1 (default)
2019-09-25 07:04:49,478 [pool-47-thread-1] INFO  server.RaftServerConfigKeys (ConfUtils.java:logGet(43)) - raft.server.log.statemachine.data.caching.enabled = true (custom)
2019-09-25 07:04:49,478 [pool-47-thread-1] INFO  segmented.SegmentedRaftLogWorker (SegmentedRaftLogWorker.java:lambda$new$0(132)) - 24bf2945-a329-4da6-aaf2-23ecd8d462c6@group-7C5CBE2B0FCF-SegmentedRaftLogWorker: flushIndex: setUnconditionally 0 -> -1
2019-09-25 07:04:49,478 [pool-47-thread-1] INFO  server.RaftServerConfigKeys (ConfUtils.java:logGet(43)) - raft.server.snapshot.auto.trigger.enabled = true (custom)
2019-09-25 07:04:49,479 [pool-47-thread-1] INFO  server.RaftServerConfigKeys (ConfUtils.java:logGet(43)) - raft.server.snapshot.auto.trigger.threshold = 10000 (custom)
2019-09-25 07:04:49,479 [pool-47-thread-1] INFO  server.RaftServerConfigKeys (ConfUtils.java:logGet(43)) - raft.server.snapshot.retention.num.files = 5 (custom)
2019-09-25 07:04:49,479 [pool-47-thread-1] INFO  server.RaftServerConfigKeys (ConfUtils.java:logGet(43)) - raft.server.retrycache.expirytime = 600000ms (custom)
2019-09-25 07:04:49,481 [pool-47-thread-1] INFO  impl.RaftServerImpl (RaftServerImpl.java:start(185)) - 24bf2945-a329-4da6-aaf2-23ecd8d462c6@group-7C5CBE2B0FCF: start as a follower, conf=-1: [24bf2945-a329-4da6-aaf2-23ecd8d462c6:192.168.30.10:42867], old=null
2019-09-25 07:04:49,481 [pool-47-thread-1] INFO  impl.RaftServerImpl (RaftServerImpl.java:setRole(174)) - 24bf2945-a329-4da6-aaf2-23ecd8d462c6@group-7C5CBE2B0FCF: changes role from      null to FOLLOWER at term 0 for startAsFollower
2019-09-25 07:04:49,481 [pool-47-thread-1] INFO  impl.RoleInfo (RoleInfo.java:updateAndGet(143)) - 24bf2945-a329-4da6-aaf2-23ecd8d462c6: start FollowerState
2019-09-25 07:04:49,482 [pool-47-thread-1] INFO  util.JmxRegister (JmxRegister.java:tryRegister(44)) - Successfully registered JMX Bean with object name Ratis:service=RaftServer,group=group-7C5CBE2B0FCF,id=24bf2945-a329-4da6-aaf2-23ecd8d462c6
2019-09-25 07:04:49,484 [RatisPipelineUtilsThread] INFO  pipeline.PipelineStateManager (PipelineStateManager.java:addPipeline(56)) - Created pipeline Pipeline[ Id: cefd2149-2d52-4b98-be33-7c5cbe2b0fcf, Nodes: 24bf2945-a329-4da6-aaf2-23ecd8d462c6{ip: 192.168.30.10, host: pr-hdds-1569-s62bp-3040748787, networkLocation: /default-rack, certSerialId: null}, Type:RATIS, Factor:ONE, State:OPEN]
2019-09-25 07:04:49,489 [grpc-default-executor-0] INFO  impl.RaftServerProxy (RaftServerProxy.java:addNew(89)) - 24bf2945-a329-4da6-aaf2-23ecd8d462c6: addNew group-26C64E403BCE:[24bf2945-a329-4da6-aaf2-23ecd8d462c6:192.168.30.10:42867] returns group-26C64E403BCE:java.util.concurrent.CompletableFuture@4ed538e6[Not completed]
2019-09-25 07:04:49,490 [pool-47-thread-1] INFO  impl.RaftServerImpl (RaftServerImpl.java:<init>(95)) - 24bf2945-a329-4da6-aaf2-23ecd8d462c6: new RaftServerImpl for group-26C64E403BCE:[24bf2945-a329-4da6-aaf2-23ecd8d462c6:192.168.30.10:42867] with ContainerStateMachine:uninitialized
2019-09-25 07:04:49,491 [pool-47-thread-1] INFO  server.RaftServerConfigKeys (ConfUtils.java:logGet(43)) - raft.server.rpc.timeout.min = 5s (custom)
2019-09-25 07:04:49,491 [pool-47-thread-1] INFO  server.RaftServerConfigKeys (ConfUtils.java:logGet(43)) - raft.server.rpc.timeout.max = 5200ms (custom)
2019-09-25 07:04:49,491 [pool-47-thread-1] INFO  server.RaftServerConfigKeys (ConfUtils.java:logGet(43)) - raft.server.rpcslowness.timeout = 120s (custom)
2019-09-25 07:04:49,491 [pool-47-thread-1] INFO  server.RaftServerConfigKeys (ConfUtils.java:logGet(43)) - raft.server.sleep.deviation.threshold = 300 (default)
2019-09-25 07:04:49,491 [pool-47-thread-1] INFO  server.RaftServerConfigKeys (ConfUtils.java:logGet(43)) - raft.server.log.appender.install.snapshot.enabled = false (custom)
2019-09-25 07:04:49,491 [pool-47-thread-1] INFO  impl.RaftServerImpl (ServerState.java:<init>(103)) - 24bf2945-a329-4da6-aaf2-23ecd8d462c6@group-26C64E403BCE: ConfigurationManager, init=-1: [24bf2945-a329-4da6-aaf2-23ecd8d462c6:192.168.30.10:42867], old=null, confs=<EMPTY_MAP>
2019-09-25 07:04:49,491 [pool-47-thread-1] INFO  server.RaftServerConfigKeys (ConfUtils.java:logGet(43)) - raft.server.storage.dir = [/workdir/hadoop-ozone/integration-test/target/test-dir/MiniOzoneClusterImpl-39af9574-7a8b-4ed7-b830-bf686a3d4bb8/datanode-2/data/ratis] (custom)
2019-09-25 07:04:49,492 [pool-47-thread-1] INFO  storage.RaftStorageDirectory (RaftStorageDirectory.java:analyzeStorage(246)) - The storage directory /workdir/hadoop-ozone/integration-test/target/test-dir/MiniOzoneClusterImpl-39af9574-7a8b-4ed7-b830-bf686a3d4bb8/datanode-2/data/ratis/ba6d08b5-0b7b-4c3d-8560-26c64e403bce does not exist. Creating ...
2019-09-25 07:04:49,496 [pool-47-thread-1] INFO  storage.RaftStorageDirectory (RaftStorageDirectory.java:tryLock(328)) - Lock on /workdir/hadoop-ozone/integration-test/target/test-dir/MiniOzoneClusterImpl-39af9574-7a8b-4ed7-b830-bf686a3d4bb8/datanode-2/data/ratis/ba6d08b5-0b7b-4c3d-8560-26c64e403bce/in_use.lock acquired by nodename 19495@pr-hdds-1569-s62bp-3040748787
2019-09-25 07:04:49,500 [pool-47-thread-1] INFO  storage.RaftStorage (RaftStorage.java:format(72)) - Storage directory /workdir/hadoop-ozone/integration-test/target/test-dir/MiniOzoneClusterImpl-39af9574-7a8b-4ed7-b830-bf686a3d4bb8/datanode-2/data/ratis/ba6d08b5-0b7b-4c3d-8560-26c64e403bce has been successfully formatted.
2019-09-25 07:04:49,500 [pool-47-thread-1] INFO  ratis.ContainerStateMachine (ContainerStateMachine.java:loadSnapshot(230)) - group-26C64E403BCE: The snapshot info is null. Setting the last applied indexto:(t:0, i:~)
2019-09-25 07:04:49,500 [pool-47-thread-1] INFO  server.RaftServerConfigKeys (ConfUtils.java:logGet(43)) - raft.server.notification.no-leader.timeout = 120s (custom)
2019-09-25 07:04:49,501 [pool-47-thread-1] INFO  server.RaftServerConfigKeys (ConfUtils.java:logGet(43)) - raft.server.log.use.memory = false (default)
2019-09-25 07:04:49,501 [pool-47-thread-1] INFO  server.RaftServerConfigKeys (ConfUtils.java:logGet(43)) - raft.server.log.purge.gap = 1000000 (custom)
2019-09-25 07:04:49,501 [pool-47-thread-1] INFO  server.RaftServerConfigKeys (ConfUtils.java:logGet(43)) - raft.server.log.appender.buffer.byte-limit = 33554432 (custom)
2019-09-25 07:04:49,501 [pool-47-thread-1] INFO  server.RaftServerConfigKeys (ConfUtils.java:logGet(43)) - raft.server.log.segment.size.max = 1048576 (custom)
2019-09-25 07:04:49,501 [pool-47-thread-1] INFO  server.RaftServerConfigKeys (ConfUtils.java:logGet(43)) - raft.server.log.segment.cache.num.max = 2 (custom)
2019-09-25 07:04:49,501 [pool-47-thread-1] INFO  segmented.SegmentedRaftLogWorker (SegmentedRaftLogWorker.java:<init>(172)) - new 24bf2945-a329-4da6-aaf2-23ecd8d462c6@group-26C64E403BCE-SegmentedRaftLogWorker for RaftStorage:Storage Directory /workdir/hadoop-ozone/integration-test/target/test-dir/MiniOzoneClusterImpl-39af9574-7a8b-4ed7-b830-bf686a3d4bb8/datanode-2/data/ratis/ba6d08b5-0b7b-4c3d-8560-26c64e403bce
2019-09-25 07:04:49,501 [pool-47-thread-1] INFO  server.RaftServerConfigKeys (ConfUtils.java:logGet(43)) - raft.server.log.queue.byte-limit = 2147483647 (custom)
2019-09-25 07:04:49,502 [pool-47-thread-1] INFO  server.RaftServerConfigKeys (ConfUtils.java:logGet(43)) - raft.server.log.queue.element-limit = 1024 (custom)
2019-09-25 07:04:49,502 [pool-47-thread-1] INFO  server.RaftServerConfigKeys (ConfUtils.java:logGet(43)) - raft.server.log.segment.size.max = 1048576 (custom)
2019-09-25 07:04:49,502 [pool-47-thread-1] INFO  server.RaftServerConfigKeys (ConfUtils.java:logGet(43)) - raft.server.log.preallocated.size = 16384 (custom)
2019-09-25 07:04:49,502 [pool-47-thread-1] INFO  server.RaftServerConfigKeys (ConfUtils.java:logGet(43)) - raft.server.log.write.buffer.size = 33554432 (custom)
2019-09-25 07:04:49,502 [pool-47-thread-1] INFO  server.RaftServerConfigKeys (ConfUtils.java:logGet(43)) - raft.server.log.force.sync.num = 128 (default)
2019-09-25 07:04:49,502 [pool-47-thread-1] INFO  server.RaftServerConfigKeys (ConfUtils.java:logGet(43)) - raft.server.log.statemachine.data.sync = true (default)
2019-09-25 07:04:49,502 [pool-47-thread-1] INFO  server.RaftServerConfigKeys (ConfUtils.java:logGet(43)) - raft.server.log.statemachine.data.sync.timeout = 10s (default)
2019-09-25 07:04:49,503 [pool-47-thread-1] INFO  server.RaftServerConfigKeys (ConfUtils.java:logGet(43)) - raft.server.log.statemachine.data.sync.timeout.retry = -1 (default)
2019-09-25 07:04:49,503 [pool-47-thread-1] INFO  server.RaftServerConfigKeys (ConfUtils.java:logGet(43)) - raft.server.log.statemachine.data.caching.enabled = true (custom)
2019-09-25 07:04:49,503 [pool-47-thread-1] INFO  segmented.SegmentedRaftLogWorker (SegmentedRaftLogWorker.java:lambda$new$0(132)) - 24bf2945-a329-4da6-aaf2-23ecd8d462c6@group-26C64E403BCE-SegmentedRaftLogWorker: flushIndex: setUnconditionally 0 -> -1
2019-09-25 07:04:49,503 [pool-47-thread-1] INFO  server.RaftServerConfigKeys (ConfUtils.java:logGet(43)) - raft.server.snapshot.auto.trigger.enabled = true (custom)
2019-09-25 07:04:49,504 [pool-47-thread-1] INFO  server.RaftServerConfigKeys (ConfUtils.java:logGet(43)) - raft.server.snapshot.auto.trigger.threshold = 10000 (custom)
2019-09-25 07:04:49,504 [pool-47-thread-1] INFO  server.RaftServerConfigKeys (ConfUtils.java:logGet(43)) - raft.server.snapshot.retention.num.files = 5 (custom)
2019-09-25 07:04:49,504 [pool-47-thread-1] INFO  server.RaftServerConfigKeys (ConfUtils.java:logGet(43)) - raft.server.retrycache.expirytime = 600000ms (custom)
2019-09-25 07:04:49,506 [pool-47-thread-1] INFO  impl.RaftServerImpl (RaftServerImpl.java:start(185)) - 24bf2945-a329-4da6-aaf2-23ecd8d462c6@group-26C64E403BCE: start as a follower, conf=-1: [24bf2945-a329-4da6-aaf2-23ecd8d462c6:192.168.30.10:42867], old=null
2019-09-25 07:04:49,506 [pool-47-thread-1] INFO  impl.RaftServerImpl (RaftServerImpl.java:setRole(174)) - 24bf2945-a329-4da6-aaf2-23ecd8d462c6@group-26C64E403BCE: changes role from      null to FOLLOWER at term 0 for startAsFollower
2019-09-25 07:04:49,506 [pool-47-thread-1] INFO  impl.RoleInfo (RoleInfo.java:updateAndGet(143)) - 24bf2945-a329-4da6-aaf2-23ecd8d462c6: start FollowerState
2019-09-25 07:04:49,507 [pool-47-thread-1] INFO  util.JmxRegister (JmxRegister.java:tryRegister(44)) - Successfully registered JMX Bean with object name Ratis:service=RaftServer,group=group-26C64E403BCE,id=24bf2945-a329-4da6-aaf2-23ecd8d462c6
2019-09-25 07:04:49,509 [RatisPipelineUtilsThread] INFO  pipeline.PipelineStateManager (PipelineStateManager.java:addPipeline(56)) - Created pipeline Pipeline[ Id: ba6d08b5-0b7b-4c3d-8560-26c64e403bce, Nodes: 24bf2945-a329-4da6-aaf2-23ecd8d462c6{ip: 192.168.30.10, host: pr-hdds-1569-s62bp-3040748787, networkLocation: /default-rack, certSerialId: null}, Type:RATIS, Factor:ONE, State:OPEN]
2019-09-25 07:04:49,514 [grpc-default-executor-0] INFO  impl.RaftServerProxy (RaftServerProxy.java:addNew(89)) - 24bf2945-a329-4da6-aaf2-23ecd8d462c6: addNew group-FB23A28886E1:[24bf2945-a329-4da6-aaf2-23ecd8d462c6:192.168.30.10:42867] returns group-FB23A28886E1:java.util.concurrent.CompletableFuture@214517cd[Not completed]
2019-09-25 07:04:49,515 [pool-47-thread-1] INFO  impl.RaftServerImpl (RaftServerImpl.java:<init>(95)) - 24bf2945-a329-4da6-aaf2-23ecd8d462c6: new RaftServerImpl for group-FB23A28886E1:[24bf2945-a329-4da6-aaf2-23ecd8d462c6:192.168.30.10:42867] with ContainerStateMachine:uninitialized
2019-09-25 07:04:49,515 [pool-47-thread-1] INFO  server.RaftServerConfigKeys (ConfUtils.java:logGet(43)) - raft.server.rpc.timeout.min = 5s (custom)
2019-09-25 07:04:49,515 [pool-47-thread-1] INFO  server.RaftServerConfigKeys (ConfUtils.java:logGet(43)) - raft.server.rpc.timeout.max = 5200ms (custom)
2019-09-25 07:04:49,515 [pool-47-thread-1] INFO  server.RaftServerConfigKeys (ConfUtils.java:logGet(43)) - raft.server.rpcslowness.timeout = 120s (custom)
2019-09-25 07:04:49,515 [pool-47-thread-1] INFO  server.RaftServerConfigKeys (ConfUtils.java:logGet(43)) - raft.server.sleep.deviation.threshold = 300 (default)
2019-09-25 07:04:49,516 [pool-47-thread-1] INFO  server.RaftServerConfigKeys (ConfUtils.java:logGet(43)) - raft.server.log.appender.install.snapshot.enabled = false (custom)
2019-09-25 07:04:49,516 [pool-47-thread-1] INFO  impl.RaftServerImpl (ServerState.java:<init>(103)) - 24bf2945-a329-4da6-aaf2-23ecd8d462c6@group-FB23A28886E1: ConfigurationManager, init=-1: [24bf2945-a329-4da6-aaf2-23ecd8d462c6:192.168.30.10:42867], old=null, confs=<EMPTY_MAP>
2019-09-25 07:04:49,516 [pool-47-thread-1] INFO  server.RaftServerConfigKeys (ConfUtils.java:logGet(43)) - raft.server.storage.dir = [/workdir/hadoop-ozone/integration-test/target/test-dir/MiniOzoneClusterImpl-39af9574-7a8b-4ed7-b830-bf686a3d4bb8/datanode-2/data/ratis] (custom)
2019-09-25 07:04:49,516 [pool-47-thread-1] INFO  storage.RaftStorageDirectory (RaftStorageDirectory.java:analyzeStorage(246)) - The storage directory /workdir/hadoop-ozone/integration-test/target/test-dir/MiniOzoneClusterImpl-39af9574-7a8b-4ed7-b830-bf686a3d4bb8/datanode-2/data/ratis/0547fbf4-6f98-497c-9070-fb23a28886e1 does not exist. Creating ...
2019-09-25 07:04:49,521 [pool-47-thread-1] INFO  storage.RaftStorageDirectory (RaftStorageDirectory.java:tryLock(328)) - Lock on /workdir/hadoop-ozone/integration-test/target/test-dir/MiniOzoneClusterImpl-39af9574-7a8b-4ed7-b830-bf686a3d4bb8/datanode-2/data/ratis/0547fbf4-6f98-497c-9070-fb23a28886e1/in_use.lock acquired by nodename 19495@pr-hdds-1569-s62bp-3040748787
2019-09-25 07:04:49,527 [pool-47-thread-1] INFO  storage.RaftStorage (RaftStorage.java:format(72)) - Storage directory /workdir/hadoop-ozone/integration-test/target/test-dir/MiniOzoneClusterImpl-39af9574-7a8b-4ed7-b830-bf686a3d4bb8/datanode-2/data/ratis/0547fbf4-6f98-497c-9070-fb23a28886e1 has been successfully formatted.
2019-09-25 07:04:49,527 [pool-47-thread-1] INFO  ratis.ContainerStateMachine (ContainerStateMachine.java:loadSnapshot(230)) - group-FB23A28886E1: The snapshot info is null. Setting the last applied indexto:(t:0, i:~)
2019-09-25 07:04:49,527 [pool-47-thread-1] INFO  server.RaftServerConfigKeys (ConfUtils.java:logGet(43)) - raft.server.notification.no-leader.timeout = 120s (custom)
2019-09-25 07:04:49,527 [pool-47-thread-1] INFO  server.RaftServerConfigKeys (ConfUtils.java:logGet(43)) - raft.server.log.use.memory = false (default)
2019-09-25 07:04:49,527 [pool-47-thread-1] INFO  server.RaftServerConfigKeys (ConfUtils.java:logGet(43)) - raft.server.log.purge.gap = 1000000 (custom)
2019-09-25 07:04:49,528 [pool-47-thread-1] INFO  server.RaftServerConfigKeys (ConfUtils.java:logGet(43)) - raft.server.log.appender.buffer.byte-limit = 33554432 (custom)
2019-09-25 07:04:49,528 [pool-47-thread-1] INFO  server.RaftServerConfigKeys (ConfUtils.java:logGet(43)) - raft.server.log.segment.size.max = 1048576 (custom)
2019-09-25 07:04:49,528 [pool-47-thread-1] INFO  server.RaftServerConfigKeys (ConfUtils.java:logGet(43)) - raft.server.log.segment.cache.num.max = 2 (custom)
2019-09-25 07:04:49,528 [pool-47-thread-1] INFO  segmented.SegmentedRaftLogWorker (SegmentedRaftLogWorker.java:<init>(172)) - new 24bf2945-a329-4da6-aaf2-23ecd8d462c6@group-FB23A28886E1-SegmentedRaftLogWorker for RaftStorage:Storage Directory /workdir/hadoop-ozone/integration-test/target/test-dir/MiniOzoneClusterImpl-39af9574-7a8b-4ed7-b830-bf686a3d4bb8/datanode-2/data/ratis/0547fbf4-6f98-497c-9070-fb23a28886e1
2019-09-25 07:04:49,528 [pool-47-thread-1] INFO  server.RaftServerConfigKeys (ConfUtils.java:logGet(43)) - raft.server.log.queue.byte-limit = 2147483647 (custom)
2019-09-25 07:04:49,528 [pool-47-thread-1] INFO  server.RaftServerConfigKeys (ConfUtils.java:logGet(43)) - raft.server.log.queue.element-limit = 1024 (custom)
2019-09-25 07:04:49,528 [pool-47-thread-1] INFO  server.RaftServerConfigKeys (ConfUtils.java:logGet(43)) - raft.server.log.segment.size.max = 1048576 (custom)
2019-09-25 07:04:49,528 [pool-47-thread-1] INFO  server.RaftServerConfigKeys (ConfUtils.java:logGet(43)) - raft.server.log.preallocated.size = 16384 (custom)
2019-09-25 07:04:49,529 [pool-47-thread-1] INFO  server.RaftServerConfigKeys (ConfUtils.java:logGet(43)) - raft.server.log.write.buffer.size = 33554432 (custom)
2019-09-25 07:04:49,529 [pool-47-thread-1] INFO  server.RaftServerConfigKeys (ConfUtils.java:logGet(43)) - raft.server.log.force.sync.num = 128 (default)
2019-09-25 07:04:49,529 [pool-47-thread-1] INFO  server.RaftServerConfigKeys (ConfUtils.java:logGet(43)) - raft.server.log.statemachine.data.sync = true (default)
2019-09-25 07:04:49,529 [pool-47-thread-1] INFO  server.RaftServerConfigKeys (ConfUtils.java:logGet(43)) - raft.server.log.statemachine.data.sync.timeout = 10s (default)
2019-09-25 07:04:49,529 [pool-47-thread-1] INFO  server.RaftServerConfigKeys (ConfUtils.java:logGet(43)) - raft.server.log.statemachine.data.sync.timeout.retry = -1 (default)
2019-09-25 07:04:49,529 [pool-47-thread-1] INFO  server.RaftServerConfigKeys (ConfUtils.java:logGet(43)) - raft.server.log.statemachine.data.caching.enabled = true (custom)
2019-09-25 07:04:49,530 [pool-47-thread-1] INFO  segmented.SegmentedRaftLogWorker (SegmentedRaftLogWorker.java:lambda$new$0(132)) - 24bf2945-a329-4da6-aaf2-23ecd8d462c6@group-FB23A28886E1-SegmentedRaftLogWorker: flushIndex: setUnconditionally 0 -> -1
2019-09-25 07:04:49,530 [pool-47-thread-1] INFO  server.RaftServerConfigKeys (ConfUtils.java:logGet(43)) - raft.server.snapshot.auto.trigger.enabled = true (custom)
2019-09-25 07:04:49,530 [pool-47-thread-1] INFO  server.RaftServerConfigKeys (ConfUtils.java:logGet(43)) - raft.server.snapshot.auto.trigger.threshold = 10000 (custom)
2019-09-25 07:04:49,530 [pool-47-thread-1] INFO  server.RaftServerConfigKeys (ConfUtils.java:logGet(43)) - raft.server.snapshot.retention.num.files = 5 (custom)
2019-09-25 07:04:49,530 [pool-47-thread-1] INFO  server.RaftServerConfigKeys (ConfUtils.java:logGet(43)) - raft.server.retrycache.expirytime = 600000ms (custom)
2019-09-25 07:04:49,532 [pool-47-thread-1] INFO  impl.RaftServerImpl (RaftServerImpl.java:start(185)) - 24bf2945-a329-4da6-aaf2-23ecd8d462c6@group-FB23A28886E1: start as a follower, conf=-1: [24bf2945-a329-4da6-aaf2-23ecd8d462c6:192.168.30.10:42867], old=null
2019-09-25 07:04:49,532 [pool-47-thread-1] INFO  impl.RaftServerImpl (RaftServerImpl.java:setRole(174)) - 24bf2945-a329-4da6-aaf2-23ecd8d462c6@group-FB23A28886E1: changes role from      null to FOLLOWER at term 0 for startAsFollower
2019-09-25 07:04:49,532 [pool-47-thread-1] INFO  impl.RoleInfo (RoleInfo.java:updateAndGet(143)) - 24bf2945-a329-4da6-aaf2-23ecd8d462c6: start FollowerState
2019-09-25 07:04:49,533 [pool-47-thread-1] INFO  util.JmxRegister (JmxRegister.java:tryRegister(44)) - Successfully registered JMX Bean with object name Ratis:service=RaftServer,group=group-FB23A28886E1,id=24bf2945-a329-4da6-aaf2-23ecd8d462c6
2019-09-25 07:04:49,535 [RatisPipelineUtilsThread] INFO  pipeline.PipelineStateManager (PipelineStateManager.java:addPipeline(56)) - Created pipeline Pipeline[ Id: 0547fbf4-6f98-497c-9070-fb23a28886e1, Nodes: 24bf2945-a329-4da6-aaf2-23ecd8d462c6{ip: 192.168.30.10, host: pr-hdds-1569-s62bp-3040748787, networkLocation: /default-rack, certSerialId: null}, Type:RATIS, Factor:ONE, State:OPEN]
2019-09-25 07:04:49,540 [grpc-default-executor-0] INFO  impl.RaftServerProxy (RaftServerProxy.java:addNew(89)) - 62ec8eb9-3ae9-4136-b70a-2caf3716fa7f: addNew group-D904831A97FC:[62ec8eb9-3ae9-4136-b70a-2caf3716fa7f:192.168.30.10:44715] returns group-D904831A97FC:java.util.concurrent.CompletableFuture@5ee4e4e7[Not completed]
2019-09-25 07:04:49,541 [pool-37-thread-1] INFO  impl.RaftServerImpl (RaftServerImpl.java:<init>(95)) - 62ec8eb9-3ae9-4136-b70a-2caf3716fa7f: new RaftServerImpl for group-D904831A97FC:[62ec8eb9-3ae9-4136-b70a-2caf3716fa7f:192.168.30.10:44715] with ContainerStateMachine:uninitialized
2019-09-25 07:04:49,541 [pool-37-thread-1] INFO  server.RaftServerConfigKeys (ConfUtils.java:logGet(43)) - raft.server.rpc.timeout.min = 5s (custom)
2019-09-25 07:04:49,541 [pool-37-thread-1] INFO  server.RaftServerConfigKeys (ConfUtils.java:logGet(43)) - raft.server.rpc.timeout.max = 5200ms (custom)
2019-09-25 07:04:49,541 [pool-37-thread-1] INFO  server.RaftServerConfigKeys (ConfUtils.java:logGet(43)) - raft.server.rpcslowness.timeout = 120s (custom)
2019-09-25 07:04:49,541 [pool-37-thread-1] INFO  server.RaftServerConfigKeys (ConfUtils.java:logGet(43)) - raft.server.sleep.deviation.threshold = 300 (default)
2019-09-25 07:04:49,541 [pool-37-thread-1] INFO  server.RaftServerConfigKeys (ConfUtils.java:logGet(43)) - raft.server.log.appender.install.snapshot.enabled = false (custom)
2019-09-25 07:04:49,541 [pool-37-thread-1] INFO  impl.RaftServerImpl (ServerState.java:<init>(103)) - 62ec8eb9-3ae9-4136-b70a-2caf3716fa7f@group-D904831A97FC: ConfigurationManager, init=-1: [62ec8eb9-3ae9-4136-b70a-2caf3716fa7f:192.168.30.10:44715], old=null, confs=<EMPTY_MAP>
2019-09-25 07:04:49,542 [pool-37-thread-1] INFO  server.RaftServerConfigKeys (ConfUtils.java:logGet(43)) - raft.server.storage.dir = [/workdir/hadoop-ozone/integration-test/target/test-dir/MiniOzoneClusterImpl-39af9574-7a8b-4ed7-b830-bf686a3d4bb8/datanode-1/data/ratis] (custom)
2019-09-25 07:04:49,542 [pool-37-thread-1] INFO  storage.RaftStorageDirectory (RaftStorageDirectory.java:analyzeStorage(246)) - The storage directory /workdir/hadoop-ozone/integration-test/target/test-dir/MiniOzoneClusterImpl-39af9574-7a8b-4ed7-b830-bf686a3d4bb8/datanode-1/data/ratis/965c896b-18d7-461c-a260-d904831a97fc does not exist. Creating ...
2019-09-25 07:04:49,545 [pool-37-thread-1] INFO  storage.RaftStorageDirectory (RaftStorageDirectory.java:tryLock(328)) - Lock on /workdir/hadoop-ozone/integration-test/target/test-dir/MiniOzoneClusterImpl-39af9574-7a8b-4ed7-b830-bf686a3d4bb8/datanode-1/data/ratis/965c896b-18d7-461c-a260-d904831a97fc/in_use.lock acquired by nodename 19495@pr-hdds-1569-s62bp-3040748787
2019-09-25 07:04:49,549 [pool-37-thread-1] INFO  storage.RaftStorage (RaftStorage.java:format(72)) - Storage directory /workdir/hadoop-ozone/integration-test/target/test-dir/MiniOzoneClusterImpl-39af9574-7a8b-4ed7-b830-bf686a3d4bb8/datanode-1/data/ratis/965c896b-18d7-461c-a260-d904831a97fc has been successfully formatted.
2019-09-25 07:04:49,549 [pool-37-thread-1] INFO  ratis.ContainerStateMachine (ContainerStateMachine.java:loadSnapshot(230)) - group-D904831A97FC: The snapshot info is null. Setting the last applied indexto:(t:0, i:~)
2019-09-25 07:04:49,549 [pool-37-thread-1] INFO  server.RaftServerConfigKeys (ConfUtils.java:logGet(43)) - raft.server.notification.no-leader.timeout = 120s (custom)
2019-09-25 07:04:49,549 [pool-37-thread-1] INFO  server.RaftServerConfigKeys (ConfUtils.java:logGet(43)) - raft.server.log.use.memory = false (default)
2019-09-25 07:04:49,550 [pool-37-thread-1] INFO  server.RaftServerConfigKeys (ConfUtils.java:logGet(43)) - raft.server.log.purge.gap = 1000000 (custom)
2019-09-25 07:04:49,550 [pool-37-thread-1] INFO  server.RaftServerConfigKeys (ConfUtils.java:logGet(43)) - raft.server.log.appender.buffer.byte-limit = 33554432 (custom)
2019-09-25 07:04:49,550 [pool-37-thread-1] INFO  server.RaftServerConfigKeys (ConfUtils.java:logGet(43)) - raft.server.log.segment.size.max = 1048576 (custom)
2019-09-25 07:04:49,550 [pool-37-thread-1] INFO  server.RaftServerConfigKeys (ConfUtils.java:logGet(43)) - raft.server.log.segment.cache.num.max = 2 (custom)
2019-09-25 07:04:49,550 [pool-37-thread-1] INFO  segmented.SegmentedRaftLogWorker (SegmentedRaftLogWorker.java:<init>(172)) - new 62ec8eb9-3ae9-4136-b70a-2caf3716fa7f@group-D904831A97FC-SegmentedRaftLogWorker for RaftStorage:Storage Directory /workdir/hadoop-ozone/integration-test/target/test-dir/MiniOzoneClusterImpl-39af9574-7a8b-4ed7-b830-bf686a3d4bb8/datanode-1/data/ratis/965c896b-18d7-461c-a260-d904831a97fc
2019-09-25 07:04:49,550 [pool-37-thread-1] INFO  server.RaftServerConfigKeys (ConfUtils.java:logGet(43)) - raft.server.log.queue.byte-limit = 2147483647 (custom)
2019-09-25 07:04:49,550 [pool-37-thread-1] INFO  server.RaftServerConfigKeys (ConfUtils.java:logGet(43)) - raft.server.log.queue.element-limit = 1024 (custom)
2019-09-25 07:04:49,551 [pool-37-thread-1] INFO  server.RaftServerConfigKeys (ConfUtils.java:logGet(43)) - raft.server.log.segment.size.max = 1048576 (custom)
2019-09-25 07:04:49,551 [pool-37-thread-1] INFO  server.RaftServerConfigKeys (ConfUtils.java:logGet(43)) - raft.server.log.preallocated.size = 16384 (custom)
2019-09-25 07:04:49,551 [pool-37-thread-1] INFO  server.RaftServerConfigKeys (ConfUtils.java:logGet(43)) - raft.server.log.write.buffer.size = 33554432 (custom)
2019-09-25 07:04:49,551 [pool-37-thread-1] INFO  server.RaftServerConfigKeys (ConfUtils.java:logGet(43)) - raft.server.log.force.sync.num = 128 (default)
2019-09-25 07:04:49,551 [pool-37-thread-1] INFO  server.RaftServerConfigKeys (ConfUtils.java:logGet(43)) - raft.server.log.statemachine.data.sync = true (default)
2019-09-25 07:04:49,551 [pool-37-thread-1] INFO  server.RaftServerConfigKeys (ConfUtils.java:logGet(43)) - raft.server.log.statemachine.data.sync.timeout = 10s (default)
2019-09-25 07:04:49,551 [pool-37-thread-1] INFO  server.RaftServerConfigKeys (ConfUtils.java:logGet(43)) - raft.server.log.statemachine.data.sync.timeout.retry = -1 (default)
2019-09-25 07:04:49,551 [pool-37-thread-1] INFO  server.RaftServerConfigKeys (ConfUtils.java:logGet(43)) - raft.server.log.statemachine.data.caching.enabled = true (custom)
2019-09-25 07:04:49,552 [pool-37-thread-1] INFO  segmented.SegmentedRaftLogWorker (SegmentedRaftLogWorker.java:lambda$new$0(132)) - 62ec8eb9-3ae9-4136-b70a-2caf3716fa7f@group-D904831A97FC-SegmentedRaftLogWorker: flushIndex: setUnconditionally 0 -> -1
2019-09-25 07:04:49,552 [pool-37-thread-1] INFO  server.RaftServerConfigKeys (ConfUtils.java:logGet(43)) - raft.server.snapshot.auto.trigger.enabled = true (custom)
2019-09-25 07:04:49,552 [pool-37-thread-1] INFO  server.RaftServerConfigKeys (ConfUtils.java:logGet(43)) - raft.server.snapshot.auto.trigger.threshold = 10000 (custom)
2019-09-25 07:04:49,552 [pool-37-thread-1] INFO  server.RaftServerConfigKeys (ConfUtils.java:logGet(43)) - raft.server.snapshot.retention.num.files = 5 (custom)
2019-09-25 07:04:49,553 [pool-37-thread-1] INFO  server.RaftServerConfigKeys (ConfUtils.java:logGet(43)) - raft.server.retrycache.expirytime = 600000ms (custom)
2019-09-25 07:04:49,555 [pool-37-thread-1] INFO  impl.RaftServerImpl (RaftServerImpl.java:start(185)) - 62ec8eb9-3ae9-4136-b70a-2caf3716fa7f@group-D904831A97FC: start as a follower, conf=-1: [62ec8eb9-3ae9-4136-b70a-2caf3716fa7f:192.168.30.10:44715], old=null
2019-09-25 07:04:49,555 [pool-37-thread-1] INFO  impl.RaftServerImpl (RaftServerImpl.java:setRole(174)) - 62ec8eb9-3ae9-4136-b70a-2caf3716fa7f@group-D904831A97FC: changes role from      null to FOLLOWER at term 0 for startAsFollower
2019-09-25 07:04:49,555 [pool-37-thread-1] INFO  impl.RoleInfo (RoleInfo.java:updateAndGet(143)) - 62ec8eb9-3ae9-4136-b70a-2caf3716fa7f: start FollowerState
2019-09-25 07:04:49,555 [pool-37-thread-1] INFO  util.JmxRegister (JmxRegister.java:tryRegister(44)) - Successfully registered JMX Bean with object name Ratis:service=RaftServer,group=group-D904831A97FC,id=62ec8eb9-3ae9-4136-b70a-2caf3716fa7f
2019-09-25 07:04:49,558 [RatisPipelineUtilsThread] INFO  pipeline.PipelineStateManager (PipelineStateManager.java:addPipeline(56)) - Created pipeline Pipeline[ Id: 965c896b-18d7-461c-a260-d904831a97fc, Nodes: 62ec8eb9-3ae9-4136-b70a-2caf3716fa7f{ip: 192.168.30.10, host: pr-hdds-1569-s62bp-3040748787, networkLocation: /default-rack, certSerialId: null}, Type:RATIS, Factor:ONE, State:OPEN]
2019-09-25 07:04:49,562 [grpc-default-executor-0] INFO  impl.RaftServerProxy (RaftServerProxy.java:addNew(89)) - 62ec8eb9-3ae9-4136-b70a-2caf3716fa7f: addNew group-3A07CAB9B615:[62ec8eb9-3ae9-4136-b70a-2caf3716fa7f:192.168.30.10:44715] returns group-3A07CAB9B615:java.util.concurrent.CompletableFuture@6af8170f[Not completed]
2019-09-25 07:04:49,563 [pool-37-thread-1] INFO  impl.RaftServerImpl (RaftServerImpl.java:<init>(95)) - 62ec8eb9-3ae9-4136-b70a-2caf3716fa7f: new RaftServerImpl for group-3A07CAB9B615:[62ec8eb9-3ae9-4136-b70a-2caf3716fa7f:192.168.30.10:44715] with ContainerStateMachine:uninitialized
2019-09-25 07:04:49,563 [pool-37-thread-1] INFO  server.RaftServerConfigKeys (ConfUtils.java:logGet(43)) - raft.server.rpc.timeout.min = 5s (custom)
2019-09-25 07:04:49,563 [pool-37-thread-1] INFO  server.RaftServerConfigKeys (ConfUtils.java:logGet(43)) - raft.server.rpc.timeout.max = 5200ms (custom)
2019-09-25 07:04:49,564 [pool-37-thread-1] INFO  server.RaftServerConfigKeys (ConfUtils.java:logGet(43)) - raft.server.rpcslowness.timeout = 120s (custom)
2019-09-25 07:04:49,564 [pool-37-thread-1] INFO  server.RaftServerConfigKeys (ConfUtils.java:logGet(43)) - raft.server.sleep.deviation.threshold = 300 (default)
2019-09-25 07:04:49,564 [pool-37-thread-1] INFO  server.RaftServerConfigKeys (ConfUtils.java:logGet(43)) - raft.server.log.appender.install.snapshot.enabled = false (custom)
2019-09-25 07:04:49,564 [pool-37-thread-1] INFO  impl.RaftServerImpl (ServerState.java:<init>(103)) - 62ec8eb9-3ae9-4136-b70a-2caf3716fa7f@group-3A07CAB9B615: ConfigurationManager, init=-1: [62ec8eb9-3ae9-4136-b70a-2caf3716fa7f:192.168.30.10:44715], old=null, confs=<EMPTY_MAP>
2019-09-25 07:04:49,564 [pool-37-thread-1] INFO  server.RaftServerConfigKeys (ConfUtils.java:logGet(43)) - raft.server.storage.dir = [/workdir/hadoop-ozone/integration-test/target/test-dir/MiniOzoneClusterImpl-39af9574-7a8b-4ed7-b830-bf686a3d4bb8/datanode-1/data/ratis] (custom)
2019-09-25 07:04:49,565 [pool-37-thread-1] INFO  storage.RaftStorageDirectory (RaftStorageDirectory.java:analyzeStorage(246)) - The storage directory /workdir/hadoop-ozone/integration-test/target/test-dir/MiniOzoneClusterImpl-39af9574-7a8b-4ed7-b830-bf686a3d4bb8/datanode-1/data/ratis/7dfeb26f-95bd-4714-a07b-3a07cab9b615 does not exist. Creating ...
2019-09-25 07:04:49,568 [pool-37-thread-1] INFO  storage.RaftStorageDirectory (RaftStorageDirectory.java:tryLock(328)) - Lock on /workdir/hadoop-ozone/integration-test/target/test-dir/MiniOzoneClusterImpl-39af9574-7a8b-4ed7-b830-bf686a3d4bb8/datanode-1/data/ratis/7dfeb26f-95bd-4714-a07b-3a07cab9b615/in_use.lock acquired by nodename 19495@pr-hdds-1569-s62bp-3040748787
2019-09-25 07:04:49,572 [pool-37-thread-1] INFO  storage.RaftStorage (RaftStorage.java:format(72)) - Storage directory /workdir/hadoop-ozone/integration-test/target/test-dir/MiniOzoneClusterImpl-39af9574-7a8b-4ed7-b830-bf686a3d4bb8/datanode-1/data/ratis/7dfeb26f-95bd-4714-a07b-3a07cab9b615 has been successfully formatted.
2019-09-25 07:04:49,572 [pool-37-thread-1] INFO  ratis.ContainerStateMachine (ContainerStateMachine.java:loadSnapshot(230)) - group-3A07CAB9B615: The snapshot info is null. Setting the last applied indexto:(t:0, i:~)
2019-09-25 07:04:49,572 [pool-37-thread-1] INFO  server.RaftServerConfigKeys (ConfUtils.java:logGet(43)) - raft.server.notification.no-leader.timeout = 120s (custom)
2019-09-25 07:04:49,572 [pool-37-thread-1] INFO  server.RaftServerConfigKeys (ConfUtils.java:logGet(43)) - raft.server.log.use.memory = false (default)
2019-09-25 07:04:49,572 [pool-37-thread-1] INFO  server.RaftServerConfigKeys (ConfUtils.java:logGet(43)) - raft.server.log.purge.gap = 1000000 (custom)
2019-09-25 07:04:49,572 [pool-37-thread-1] INFO  server.RaftServerConfigKeys (ConfUtils.java:logGet(43)) - raft.server.log.appender.buffer.byte-limit = 33554432 (custom)
2019-09-25 07:04:49,573 [pool-37-thread-1] INFO  server.RaftServerConfigKeys (ConfUtils.java:logGet(43)) - raft.server.log.segment.size.max = 1048576 (custom)
2019-09-25 07:04:49,573 [pool-37-thread-1] INFO  server.RaftServerConfigKeys (ConfUtils.java:logGet(43)) - raft.server.log.segment.cache.num.max = 2 (custom)
2019-09-25 07:04:49,573 [pool-37-thread-1] INFO  segmented.SegmentedRaftLogWorker (SegmentedRaftLogWorker.java:<init>(172)) - new 62ec8eb9-3ae9-4136-b70a-2caf3716fa7f@group-3A07CAB9B615-SegmentedRaftLogWorker for RaftStorage:Storage Directory /workdir/hadoop-ozone/integration-test/target/test-dir/MiniOzoneClusterImpl-39af9574-7a8b-4ed7-b830-bf686a3d4bb8/datanode-1/data/ratis/7dfeb26f-95bd-4714-a07b-3a07cab9b615
2019-09-25 07:04:49,573 [pool-37-thread-1] INFO  server.RaftServerConfigKeys (ConfUtils.java:logGet(43)) - raft.server.log.queue.byte-limit = 2147483647 (custom)
2019-09-25 07:04:49,573 [pool-37-thread-1] INFO  server.RaftServerConfigKeys (ConfUtils.java:logGet(43)) - raft.server.log.queue.element-limit = 1024 (custom)
2019-09-25 07:04:49,573 [pool-37-thread-1] INFO  server.RaftServerConfigKeys (ConfUtils.java:logGet(43)) - raft.server.log.segment.size.max = 1048576 (custom)
2019-09-25 07:04:49,573 [pool-37-thread-1] INFO  server.RaftServerConfigKeys (ConfUtils.java:logGet(43)) - raft.server.log.preallocated.size = 16384 (custom)
2019-09-25 07:04:49,573 [pool-37-thread-1] INFO  server.RaftServerConfigKeys (ConfUtils.java:logGet(43)) - raft.server.log.write.buffer.size = 33554432 (custom)
2019-09-25 07:04:49,574 [pool-37-thread-1] INFO  server.RaftServerConfigKeys (ConfUtils.java:logGet(43)) - raft.server.log.force.sync.num = 128 (default)
2019-09-25 07:04:49,574 [pool-37-thread-1] INFO  server.RaftServerConfigKeys (ConfUtils.java:logGet(43)) - raft.server.log.statemachine.data.sync = true (default)
2019-09-25 07:04:49,574 [pool-37-thread-1] INFO  server.RaftServerConfigKeys (ConfUtils.java:logGet(43)) - raft.server.log.statemachine.data.sync.timeout = 10s (default)
2019-09-25 07:04:49,574 [pool-37-thread-1] INFO  server.RaftServerConfigKeys (ConfUtils.java:logGet(43)) - raft.server.log.statemachine.data.sync.timeout.retry = -1 (default)
2019-09-25 07:04:49,574 [pool-37-thread-1] INFO  server.RaftServerConfigKeys (ConfUtils.java:logGet(43)) - raft.server.log.statemachine.data.caching.enabled = true (custom)
2019-09-25 07:04:49,574 [pool-37-thread-1] INFO  segmented.SegmentedRaftLogWorker (SegmentedRaftLogWorker.java:lambda$new$0(132)) - 62ec8eb9-3ae9-4136-b70a-2caf3716fa7f@group-3A07CAB9B615-SegmentedRaftLogWorker: flushIndex: setUnconditionally 0 -> -1
2019-09-25 07:04:49,575 [pool-37-thread-1] INFO  server.RaftServerConfigKeys (ConfUtils.java:logGet(43)) - raft.server.snapshot.auto.trigger.enabled = true (custom)
2019-09-25 07:04:49,575 [pool-37-thread-1] INFO  server.RaftServerConfigKeys (ConfUtils.java:logGet(43)) - raft.server.snapshot.auto.trigger.threshold = 10000 (custom)
2019-09-25 07:04:49,575 [pool-37-thread-1] INFO  server.RaftServerConfigKeys (ConfUtils.java:logGet(43)) - raft.server.snapshot.retention.num.files = 5 (custom)
2019-09-25 07:04:49,575 [pool-37-thread-1] INFO  server.RaftServerConfigKeys (ConfUtils.java:logGet(43)) - raft.server.retrycache.expirytime = 600000ms (custom)
2019-09-25 07:04:49,577 [pool-37-thread-1] INFO  impl.RaftServerImpl (RaftServerImpl.java:start(185)) - 62ec8eb9-3ae9-4136-b70a-2caf3716fa7f@group-3A07CAB9B615: start as a follower, conf=-1: [62ec8eb9-3ae9-4136-b70a-2caf3716fa7f:192.168.30.10:44715], old=null
2019-09-25 07:04:49,577 [pool-37-thread-1] INFO  impl.RaftServerImpl (RaftServerImpl.java:setRole(174)) - 62ec8eb9-3ae9-4136-b70a-2caf3716fa7f@group-3A07CAB9B615: changes role from      null to FOLLOWER at term 0 for startAsFollower
2019-09-25 07:04:49,577 [pool-37-thread-1] INFO  impl.RoleInfo (RoleInfo.java:updateAndGet(143)) - 62ec8eb9-3ae9-4136-b70a-2caf3716fa7f: start FollowerState
2019-09-25 07:04:49,578 [pool-37-thread-1] INFO  util.JmxRegister (JmxRegister.java:tryRegister(44)) - Successfully registered JMX Bean with object name Ratis:service=RaftServer,group=group-3A07CAB9B615,id=62ec8eb9-3ae9-4136-b70a-2caf3716fa7f
2019-09-25 07:04:49,580 [RatisPipelineUtilsThread] INFO  pipeline.PipelineStateManager (PipelineStateManager.java:addPipeline(56)) - Created pipeline Pipeline[ Id: 7dfeb26f-95bd-4714-a07b-3a07cab9b615, Nodes: 62ec8eb9-3ae9-4136-b70a-2caf3716fa7f{ip: 192.168.30.10, host: pr-hdds-1569-s62bp-3040748787, networkLocation: /default-rack, certSerialId: null}, Type:RATIS, Factor:ONE, State:OPEN]
2019-09-25 07:04:49,584 [grpc-default-executor-0] INFO  impl.RaftServerProxy (RaftServerProxy.java:addNew(89)) - e568d23f-199e-48ce-91e4-5c166e2e97cd: addNew group-41A741059900:[e568d23f-199e-48ce-91e4-5c166e2e97cd:192.168.30.10:42827] returns group-41A741059900:java.util.concurrent.CompletableFuture@252ce763[Not completed]
2019-09-25 07:04:49,585 [pool-27-thread-1] INFO  impl.RaftServerImpl (RaftServerImpl.java:<init>(95)) - e568d23f-199e-48ce-91e4-5c166e2e97cd: new RaftServerImpl for group-41A741059900:[e568d23f-199e-48ce-91e4-5c166e2e97cd:192.168.30.10:42827] with ContainerStateMachine:uninitialized
2019-09-25 07:04:49,585 [pool-27-thread-1] INFO  server.RaftServerConfigKeys (ConfUtils.java:logGet(43)) - raft.server.rpc.timeout.min = 5s (custom)
2019-09-25 07:04:49,585 [pool-27-thread-1] INFO  server.RaftServerConfigKeys (ConfUtils.java:logGet(43)) - raft.server.rpc.timeout.max = 5200ms (custom)
2019-09-25 07:04:49,585 [pool-27-thread-1] INFO  server.RaftServerConfigKeys (ConfUtils.java:logGet(43)) - raft.server.rpcslowness.timeout = 120s (custom)
2019-09-25 07:04:49,585 [pool-27-thread-1] INFO  server.RaftServerConfigKeys (ConfUtils.java:logGet(43)) - raft.server.sleep.deviation.threshold = 300 (default)
2019-09-25 07:04:49,585 [pool-27-thread-1] INFO  server.RaftServerConfigKeys (ConfUtils.java:logGet(43)) - raft.server.log.appender.install.snapshot.enabled = false (custom)
2019-09-25 07:04:49,585 [pool-27-thread-1] INFO  impl.RaftServerImpl (ServerState.java:<init>(103)) - e568d23f-199e-48ce-91e4-5c166e2e97cd@group-41A741059900: ConfigurationManager, init=-1: [e568d23f-199e-48ce-91e4-5c166e2e97cd:192.168.30.10:42827], old=null, confs=<EMPTY_MAP>
2019-09-25 07:04:49,586 [pool-27-thread-1] INFO  server.RaftServerConfigKeys (ConfUtils.java:logGet(43)) - raft.server.storage.dir = [/workdir/hadoop-ozone/integration-test/target/test-dir/MiniOzoneClusterImpl-39af9574-7a8b-4ed7-b830-bf686a3d4bb8/datanode-0/data/ratis] (custom)
2019-09-25 07:04:49,586 [pool-27-thread-1] INFO  storage.RaftStorageDirectory (RaftStorageDirectory.java:analyzeStorage(246)) - The storage directory /workdir/hadoop-ozone/integration-test/target/test-dir/MiniOzoneClusterImpl-39af9574-7a8b-4ed7-b830-bf686a3d4bb8/datanode-0/data/ratis/be4a69e4-1854-4147-a657-41a741059900 does not exist. Creating ...
2019-09-25 07:04:49,593 [pool-27-thread-1] INFO  storage.RaftStorageDirectory (RaftStorageDirectory.java:tryLock(328)) - Lock on /workdir/hadoop-ozone/integration-test/target/test-dir/MiniOzoneClusterImpl-39af9574-7a8b-4ed7-b830-bf686a3d4bb8/datanode-0/data/ratis/be4a69e4-1854-4147-a657-41a741059900/in_use.lock acquired by nodename 19495@pr-hdds-1569-s62bp-3040748787
2019-09-25 07:04:49,597 [pool-27-thread-1] INFO  storage.RaftStorage (RaftStorage.java:format(72)) - Storage directory /workdir/hadoop-ozone/integration-test/target/test-dir/MiniOzoneClusterImpl-39af9574-7a8b-4ed7-b830-bf686a3d4bb8/datanode-0/data/ratis/be4a69e4-1854-4147-a657-41a741059900 has been successfully formatted.
2019-09-25 07:04:49,597 [pool-27-thread-1] INFO  ratis.ContainerStateMachine (ContainerStateMachine.java:loadSnapshot(230)) - group-41A741059900: The snapshot info is null. Setting the last applied indexto:(t:0, i:~)
2019-09-25 07:04:49,597 [pool-27-thread-1] INFO  server.RaftServerConfigKeys (ConfUtils.java:logGet(43)) - raft.server.notification.no-leader.timeout = 120s (custom)
2019-09-25 07:04:49,597 [pool-27-thread-1] INFO  server.RaftServerConfigKeys (ConfUtils.java:logGet(43)) - raft.server.log.use.memory = false (default)
2019-09-25 07:04:49,597 [pool-27-thread-1] INFO  server.RaftServerConfigKeys (ConfUtils.java:logGet(43)) - raft.server.log.purge.gap = 1000000 (custom)
2019-09-25 07:04:49,597 [pool-27-thread-1] INFO  server.RaftServerConfigKeys (ConfUtils.java:logGet(43)) - raft.server.log.appender.buffer.byte-limit = 33554432 (custom)
2019-09-25 07:04:49,597 [pool-27-thread-1] INFO  server.RaftServerConfigKeys (ConfUtils.java:logGet(43)) - raft.server.log.segment.size.max = 1048576 (custom)
2019-09-25 07:04:49,598 [pool-27-thread-1] INFO  server.RaftServerConfigKeys (ConfUtils.java:logGet(43)) - raft.server.log.segment.cache.num.max = 2 (custom)
2019-09-25 07:04:49,598 [pool-27-thread-1] INFO  segmented.SegmentedRaftLogWorker (SegmentedRaftLogWorker.java:<init>(172)) - new e568d23f-199e-48ce-91e4-5c166e2e97cd@group-41A741059900-SegmentedRaftLogWorker for RaftStorage:Storage Directory /workdir/hadoop-ozone/integration-test/target/test-dir/MiniOzoneClusterImpl-39af9574-7a8b-4ed7-b830-bf686a3d4bb8/datanode-0/data/ratis/be4a69e4-1854-4147-a657-41a741059900
2019-09-25 07:04:49,598 [pool-27-thread-1] INFO  server.RaftServerConfigKeys (ConfUtils.java:logGet(43)) - raft.server.log.queue.byte-limit = 2147483647 (custom)
2019-09-25 07:04:49,598 [pool-27-thread-1] INFO  server.RaftServerConfigKeys (ConfUtils.java:logGet(43)) - raft.server.log.queue.element-limit = 1024 (custom)
2019-09-25 07:04:49,598 [pool-27-thread-1] INFO  server.RaftServerConfigKeys (ConfUtils.java:logGet(43)) - raft.server.log.segment.size.max = 1048576 (custom)
2019-09-25 07:04:49,598 [pool-27-thread-1] INFO  server.RaftServerConfigKeys (ConfUtils.java:logGet(43)) - raft.server.log.preallocated.size = 16384 (custom)
2019-09-25 07:04:49,598 [pool-27-thread-1] INFO  server.RaftServerConfigKeys (ConfUtils.java:logGet(43)) - raft.server.log.write.buffer.size = 33554432 (custom)
2019-09-25 07:04:49,598 [pool-27-thread-1] INFO  server.RaftServerConfigKeys (ConfUtils.java:logGet(43)) - raft.server.log.force.sync.num = 128 (default)
2019-09-25 07:04:49,599 [pool-27-thread-1] INFO  server.RaftServerConfigKeys (ConfUtils.java:logGet(43)) - raft.server.log.statemachine.data.sync = true (default)
2019-09-25 07:04:49,599 [pool-27-thread-1] INFO  server.RaftServerConfigKeys (ConfUtils.java:logGet(43)) - raft.server.log.statemachine.data.sync.timeout = 10s (default)
2019-09-25 07:04:49,599 [pool-27-thread-1] INFO  server.RaftServerConfigKeys (ConfUtils.java:logGet(43)) - raft.server.log.statemachine.data.sync.timeout.retry = -1 (default)
2019-09-25 07:04:49,599 [pool-27-thread-1] INFO  server.RaftServerConfigKeys (ConfUtils.java:logGet(43)) - raft.server.log.statemachine.data.caching.enabled = true (custom)
2019-09-25 07:04:49,599 [pool-27-thread-1] INFO  segmented.SegmentedRaftLogWorker (SegmentedRaftLogWorker.java:lambda$new$0(132)) - e568d23f-199e-48ce-91e4-5c166e2e97cd@group-41A741059900-SegmentedRaftLogWorker: flushIndex: setUnconditionally 0 -> -1
2019-09-25 07:04:49,600 [pool-27-thread-1] INFO  server.RaftServerConfigKeys (ConfUtils.java:logGet(43)) - raft.server.snapshot.auto.trigger.enabled = true (custom)
2019-09-25 07:04:49,600 [pool-27-thread-1] INFO  server.RaftServerConfigKeys (ConfUtils.java:logGet(43)) - raft.server.snapshot.auto.trigger.threshold = 10000 (custom)
2019-09-25 07:04:49,600 [pool-27-thread-1] INFO  server.RaftServerConfigKeys (ConfUtils.java:logGet(43)) - raft.server.snapshot.retention.num.files = 5 (custom)
2019-09-25 07:04:49,600 [pool-27-thread-1] INFO  server.RaftServerConfigKeys (ConfUtils.java:logGet(43)) - raft.server.retrycache.expirytime = 600000ms (custom)
2019-09-25 07:04:49,602 [pool-27-thread-1] INFO  impl.RaftServerImpl (RaftServerImpl.java:start(185)) - e568d23f-199e-48ce-91e4-5c166e2e97cd@group-41A741059900: start as a follower, conf=-1: [e568d23f-199e-48ce-91e4-5c166e2e97cd:192.168.30.10:42827], old=null
2019-09-25 07:04:49,602 [pool-27-thread-1] INFO  impl.RaftServerImpl (RaftServerImpl.java:setRole(174)) - e568d23f-199e-48ce-91e4-5c166e2e97cd@group-41A741059900: changes role from      null to FOLLOWER at term 0 for startAsFollower
2019-09-25 07:04:49,602 [pool-27-thread-1] INFO  impl.RoleInfo (RoleInfo.java:updateAndGet(143)) - e568d23f-199e-48ce-91e4-5c166e2e97cd: start FollowerState
2019-09-25 07:04:49,602 [pool-27-thread-1] INFO  util.JmxRegister (JmxRegister.java:tryRegister(44)) - Successfully registered JMX Bean with object name Ratis:service=RaftServer,group=group-41A741059900,id=e568d23f-199e-48ce-91e4-5c166e2e97cd
2019-09-25 07:04:49,604 [RatisPipelineUtilsThread] INFO  pipeline.PipelineStateManager (PipelineStateManager.java:addPipeline(56)) - Created pipeline Pipeline[ Id: be4a69e4-1854-4147-a657-41a741059900, Nodes: e568d23f-199e-48ce-91e4-5c166e2e97cd{ip: 192.168.30.10, host: pr-hdds-1569-s62bp-3040748787, networkLocation: /default-rack, certSerialId: null}, Type:RATIS, Factor:ONE, State:OPEN]
2019-09-25 07:04:49,608 [grpc-default-executor-0] INFO  impl.RaftServerProxy (RaftServerProxy.java:addNew(89)) - 24bf2945-a329-4da6-aaf2-23ecd8d462c6: addNew group-EA13F692BD94:[24bf2945-a329-4da6-aaf2-23ecd8d462c6:192.168.30.10:42867] returns group-EA13F692BD94:java.util.concurrent.CompletableFuture@38054558[Not completed]
2019-09-25 07:04:49,609 [pool-47-thread-1] INFO  impl.RaftServerImpl (RaftServerImpl.java:<init>(95)) - 24bf2945-a329-4da6-aaf2-23ecd8d462c6: new RaftServerImpl for group-EA13F692BD94:[24bf2945-a329-4da6-aaf2-23ecd8d462c6:192.168.30.10:42867] with ContainerStateMachine:uninitialized
2019-09-25 07:04:49,609 [pool-47-thread-1] INFO  server.RaftServerConfigKeys (ConfUtils.java:logGet(43)) - raft.server.rpc.timeout.min = 5s (custom)
2019-09-25 07:04:49,610 [pool-47-thread-1] INFO  server.RaftServerConfigKeys (ConfUtils.java:logGet(43)) - raft.server.rpc.timeout.max = 5200ms (custom)
2019-09-25 07:04:49,610 [pool-47-thread-1] INFO  server.RaftServerConfigKeys (ConfUtils.java:logGet(43)) - raft.server.rpcslowness.timeout = 120s (custom)
2019-09-25 07:04:49,610 [pool-47-thread-1] INFO  server.RaftServerConfigKeys (ConfUtils.java:logGet(43)) - raft.server.sleep.deviation.threshold = 300 (default)
2019-09-25 07:04:49,610 [pool-47-thread-1] INFO  server.RaftServerConfigKeys (ConfUtils.java:logGet(43)) - raft.server.log.appender.install.snapshot.enabled = false (custom)
2019-09-25 07:04:49,610 [pool-47-thread-1] INFO  impl.RaftServerImpl (ServerState.java:<init>(103)) - 24bf2945-a329-4da6-aaf2-23ecd8d462c6@group-EA13F692BD94: ConfigurationManager, init=-1: [24bf2945-a329-4da6-aaf2-23ecd8d462c6:192.168.30.10:42867], old=null, confs=<EMPTY_MAP>
2019-09-25 07:04:49,610 [pool-47-thread-1] INFO  server.RaftServerConfigKeys (ConfUtils.java:logGet(43)) - raft.server.storage.dir = [/workdir/hadoop-ozone/integration-test/target/test-dir/MiniOzoneClusterImpl-39af9574-7a8b-4ed7-b830-bf686a3d4bb8/datanode-2/data/ratis] (custom)
2019-09-25 07:04:49,611 [pool-47-thread-1] INFO  storage.RaftStorageDirectory (RaftStorageDirectory.java:analyzeStorage(246)) - The storage directory /workdir/hadoop-ozone/integration-test/target/test-dir/MiniOzoneClusterImpl-39af9574-7a8b-4ed7-b830-bf686a3d4bb8/datanode-2/data/ratis/5788085b-c23a-4c73-af14-ea13f692bd94 does not exist. Creating ...
2019-09-25 07:04:49,614 [pool-47-thread-1] INFO  storage.RaftStorageDirectory (RaftStorageDirectory.java:tryLock(328)) - Lock on /workdir/hadoop-ozone/integration-test/target/test-dir/MiniOzoneClusterImpl-39af9574-7a8b-4ed7-b830-bf686a3d4bb8/datanode-2/data/ratis/5788085b-c23a-4c73-af14-ea13f692bd94/in_use.lock acquired by nodename 19495@pr-hdds-1569-s62bp-3040748787
2019-09-25 07:04:49,617 [pool-47-thread-1] INFO  storage.RaftStorage (RaftStorage.java:format(72)) - Storage directory /workdir/hadoop-ozone/integration-test/target/test-dir/MiniOzoneClusterImpl-39af9574-7a8b-4ed7-b830-bf686a3d4bb8/datanode-2/data/ratis/5788085b-c23a-4c73-af14-ea13f692bd94 has been successfully formatted.
2019-09-25 07:04:49,618 [pool-47-thread-1] INFO  ratis.ContainerStateMachine (ContainerStateMachine.java:loadSnapshot(230)) - group-EA13F692BD94: The snapshot info is null. Setting the last applied indexto:(t:0, i:~)
2019-09-25 07:04:49,618 [pool-47-thread-1] INFO  server.RaftServerConfigKeys (ConfUtils.java:logGet(43)) - raft.server.notification.no-leader.timeout = 120s (custom)
2019-09-25 07:04:49,618 [pool-47-thread-1] INFO  server.RaftServerConfigKeys (ConfUtils.java:logGet(43)) - raft.server.log.use.memory = false (default)
2019-09-25 07:04:49,618 [pool-47-thread-1] INFO  server.RaftServerConfigKeys (ConfUtils.java:logGet(43)) - raft.server.log.purge.gap = 1000000 (custom)
2019-09-25 07:04:49,618 [pool-47-thread-1] INFO  server.RaftServerConfigKeys (ConfUtils.java:logGet(43)) - raft.server.log.appender.buffer.byte-limit = 33554432 (custom)
2019-09-25 07:04:49,618 [pool-47-thread-1] INFO  server.RaftServerConfigKeys (ConfUtils.java:logGet(43)) - raft.server.log.segment.size.max = 1048576 (custom)
2019-09-25 07:04:49,619 [pool-47-thread-1] INFO  server.RaftServerConfigKeys (ConfUtils.java:logGet(43)) - raft.server.log.segment.cache.num.max = 2 (custom)
2019-09-25 07:04:49,619 [pool-47-thread-1] INFO  segmented.SegmentedRaftLogWorker (SegmentedRaftLogWorker.java:<init>(172)) - new 24bf2945-a329-4da6-aaf2-23ecd8d462c6@group-EA13F692BD94-SegmentedRaftLogWorker for RaftStorage:Storage Directory /workdir/hadoop-ozone/integration-test/target/test-dir/MiniOzoneClusterImpl-39af9574-7a8b-4ed7-b830-bf686a3d4bb8/datanode-2/data/ratis/5788085b-c23a-4c73-af14-ea13f692bd94
2019-09-25 07:04:49,619 [pool-47-thread-1] INFO  server.RaftServerConfigKeys (ConfUtils.java:logGet(43)) - raft.server.log.queue.byte-limit = 2147483647 (custom)
2019-09-25 07:04:49,619 [pool-47-thread-1] INFO  server.RaftServerConfigKeys (ConfUtils.java:logGet(43)) - raft.server.log.queue.element-limit = 1024 (custom)
2019-09-25 07:04:49,619 [pool-47-thread-1] INFO  server.RaftServerConfigKeys (ConfUtils.java:logGet(43)) - raft.server.log.segment.size.max = 1048576 (custom)
2019-09-25 07:04:49,619 [pool-47-thread-1] INFO  server.RaftServerConfigKeys (ConfUtils.java:logGet(43)) - raft.server.log.preallocated.size = 16384 (custom)
2019-09-25 07:04:49,619 [pool-47-thread-1] INFO  server.RaftServerConfigKeys (ConfUtils.java:logGet(43)) - raft.server.log.write.buffer.size = 33554432 (custom)
2019-09-25 07:04:49,620 [pool-47-thread-1] INFO  server.RaftServerConfigKeys (ConfUtils.java:logGet(43)) - raft.server.log.force.sync.num = 128 (default)
2019-09-25 07:04:49,620 [pool-47-thread-1] INFO  server.RaftServerConfigKeys (ConfUtils.java:logGet(43)) - raft.server.log.statemachine.data.sync = true (default)
2019-09-25 07:04:49,620 [pool-47-thread-1] INFO  server.RaftServerConfigKeys (ConfUtils.java:logGet(43)) - raft.server.log.statemachine.data.sync.timeout = 10s (default)
2019-09-25 07:04:49,620 [pool-47-thread-1] INFO  server.RaftServerConfigKeys (ConfUtils.java:logGet(43)) - raft.server.log.statemachine.data.sync.timeout.retry = -1 (default)
2019-09-25 07:04:49,620 [pool-47-thread-1] INFO  server.RaftServerConfigKeys (ConfUtils.java:logGet(43)) - raft.server.log.statemachine.data.caching.enabled = true (custom)
2019-09-25 07:04:49,621 [pool-47-thread-1] INFO  segmented.SegmentedRaftLogWorker (SegmentedRaftLogWorker.java:lambda$new$0(132)) - 24bf2945-a329-4da6-aaf2-23ecd8d462c6@group-EA13F692BD94-SegmentedRaftLogWorker: flushIndex: setUnconditionally 0 -> -1
2019-09-25 07:04:49,621 [pool-47-thread-1] INFO  server.RaftServerConfigKeys (ConfUtils.java:logGet(43)) - raft.server.snapshot.auto.trigger.enabled = true (custom)
2019-09-25 07:04:49,621 [pool-47-thread-1] INFO  server.RaftServerConfigKeys (ConfUtils.java:logGet(43)) - raft.server.snapshot.auto.trigger.threshold = 10000 (custom)
2019-09-25 07:04:49,621 [pool-47-thread-1] INFO  server.RaftServerConfigKeys (ConfUtils.java:logGet(43)) - raft.server.snapshot.retention.num.files = 5 (custom)
2019-09-25 07:04:49,621 [pool-47-thread-1] INFO  server.RaftServerConfigKeys (ConfUtils.java:logGet(43)) - raft.server.retrycache.expirytime = 600000ms (custom)
2019-09-25 07:04:49,623 [pool-47-thread-1] INFO  impl.RaftServerImpl (RaftServerImpl.java:start(185)) - 24bf2945-a329-4da6-aaf2-23ecd8d462c6@group-EA13F692BD94: start as a follower, conf=-1: [24bf2945-a329-4da6-aaf2-23ecd8d462c6:192.168.30.10:42867], old=null
2019-09-25 07:04:49,623 [pool-47-thread-1] INFO  impl.RaftServerImpl (RaftServerImpl.java:setRole(174)) - 24bf2945-a329-4da6-aaf2-23ecd8d462c6@group-EA13F692BD94: changes role from      null to FOLLOWER at term 0 for startAsFollower
2019-09-25 07:04:49,624 [pool-47-thread-1] INFO  impl.RoleInfo (RoleInfo.java:updateAndGet(143)) - 24bf2945-a329-4da6-aaf2-23ecd8d462c6: start FollowerState
2019-09-25 07:04:49,624 [pool-47-thread-1] INFO  util.JmxRegister (JmxRegister.java:tryRegister(44)) - Successfully registered JMX Bean with object name Ratis:service=RaftServer,group=group-EA13F692BD94,id=24bf2945-a329-4da6-aaf2-23ecd8d462c6
2019-09-25 07:04:49,626 [RatisPipelineUtilsThread] INFO  pipeline.PipelineStateManager (PipelineStateManager.java:addPipeline(56)) - Created pipeline Pipeline[ Id: 5788085b-c23a-4c73-af14-ea13f692bd94, Nodes: 24bf2945-a329-4da6-aaf2-23ecd8d462c6{ip: 192.168.30.10, host: pr-hdds-1569-s62bp-3040748787, networkLocation: /default-rack, certSerialId: null}, Type:RATIS, Factor:ONE, State:OPEN]
2019-09-25 07:04:49,630 [grpc-default-executor-0] INFO  impl.RaftServerProxy (RaftServerProxy.java:addNew(89)) - e568d23f-199e-48ce-91e4-5c166e2e97cd: addNew group-7B72D47A5EF5:[e568d23f-199e-48ce-91e4-5c166e2e97cd:192.168.30.10:42827] returns group-7B72D47A5EF5:java.util.concurrent.CompletableFuture@11b31bd1[Not completed]
2019-09-25 07:04:49,631 [pool-27-thread-1] INFO  impl.RaftServerImpl (RaftServerImpl.java:<init>(95)) - e568d23f-199e-48ce-91e4-5c166e2e97cd: new RaftServerImpl for group-7B72D47A5EF5:[e568d23f-199e-48ce-91e4-5c166e2e97cd:192.168.30.10:42827] with ContainerStateMachine:uninitialized
2019-09-25 07:04:49,631 [pool-27-thread-1] INFO  server.RaftServerConfigKeys (ConfUtils.java:logGet(43)) - raft.server.rpc.timeout.min = 5s (custom)
2019-09-25 07:04:49,631 [pool-27-thread-1] INFO  server.RaftServerConfigKeys (ConfUtils.java:logGet(43)) - raft.server.rpc.timeout.max = 5200ms (custom)
2019-09-25 07:04:49,631 [pool-27-thread-1] INFO  server.RaftServerConfigKeys (ConfUtils.java:logGet(43)) - raft.server.rpcslowness.timeout = 120s (custom)
2019-09-25 07:04:49,631 [pool-27-thread-1] INFO  server.RaftServerConfigKeys (ConfUtils.java:logGet(43)) - raft.server.sleep.deviation.threshold = 300 (default)
2019-09-25 07:04:49,631 [pool-27-thread-1] INFO  server.RaftServerConfigKeys (ConfUtils.java:logGet(43)) - raft.server.log.appender.install.snapshot.enabled = false (custom)
2019-09-25 07:04:49,631 [pool-27-thread-1] INFO  impl.RaftServerImpl (ServerState.java:<init>(103)) - e568d23f-199e-48ce-91e4-5c166e2e97cd@group-7B72D47A5EF5: ConfigurationManager, init=-1: [e568d23f-199e-48ce-91e4-5c166e2e97cd:192.168.30.10:42827], old=null, confs=<EMPTY_MAP>
2019-09-25 07:04:49,631 [pool-27-thread-1] INFO  server.RaftServerConfigKeys (ConfUtils.java:logGet(43)) - raft.server.storage.dir = [/workdir/hadoop-ozone/integration-test/target/test-dir/MiniOzoneClusterImpl-39af9574-7a8b-4ed7-b830-bf686a3d4bb8/datanode-0/data/ratis] (custom)
2019-09-25 07:04:49,632 [pool-27-thread-1] INFO  storage.RaftStorageDirectory (RaftStorageDirectory.java:analyzeStorage(246)) - The storage directory /workdir/hadoop-ozone/integration-test/target/test-dir/MiniOzoneClusterImpl-39af9574-7a8b-4ed7-b830-bf686a3d4bb8/datanode-0/data/ratis/d4222563-7fe3-46be-a744-7b72d47a5ef5 does not exist. Creating ...
2019-09-25 07:04:49,635 [pool-27-thread-1] INFO  storage.RaftStorageDirectory (RaftStorageDirectory.java:tryLock(328)) - Lock on /workdir/hadoop-ozone/integration-test/target/test-dir/MiniOzoneClusterImpl-39af9574-7a8b-4ed7-b830-bf686a3d4bb8/datanode-0/data/ratis/d4222563-7fe3-46be-a744-7b72d47a5ef5/in_use.lock acquired by nodename 19495@pr-hdds-1569-s62bp-3040748787
2019-09-25 07:04:49,647 [pool-27-thread-1] INFO  storage.RaftStorage (RaftStorage.java:format(72)) - Storage directory /workdir/hadoop-ozone/integration-test/target/test-dir/MiniOzoneClusterImpl-39af9574-7a8b-4ed7-b830-bf686a3d4bb8/datanode-0/data/ratis/d4222563-7fe3-46be-a744-7b72d47a5ef5 has been successfully formatted.
2019-09-25 07:04:49,648 [pool-27-thread-1] INFO  ratis.ContainerStateMachine (ContainerStateMachine.java:loadSnapshot(230)) - group-7B72D47A5EF5: The snapshot info is null. Setting the last applied indexto:(t:0, i:~)
2019-09-25 07:04:49,648 [pool-27-thread-1] INFO  server.RaftServerConfigKeys (ConfUtils.java:logGet(43)) - raft.server.notification.no-leader.timeout = 120s (custom)
2019-09-25 07:04:49,648 [pool-27-thread-1] INFO  server.RaftServerConfigKeys (ConfUtils.java:logGet(43)) - raft.server.log.use.memory = false (default)
2019-09-25 07:04:49,648 [pool-27-thread-1] INFO  server.RaftServerConfigKeys (ConfUtils.java:logGet(43)) - raft.server.log.purge.gap = 1000000 (custom)
2019-09-25 07:04:49,648 [pool-27-thread-1] INFO  server.RaftServerConfigKeys (ConfUtils.java:logGet(43)) - raft.server.log.appender.buffer.byte-limit = 33554432 (custom)
2019-09-25 07:04:49,648 [pool-27-thread-1] INFO  server.RaftServerConfigKeys (ConfUtils.java:logGet(43)) - raft.server.log.segment.size.max = 1048576 (custom)
2019-09-25 07:04:49,649 [pool-27-thread-1] INFO  server.RaftServerConfigKeys (ConfUtils.java:logGet(43)) - raft.server.log.segment.cache.num.max = 2 (custom)
2019-09-25 07:04:49,649 [pool-27-thread-1] INFO  segmented.SegmentedRaftLogWorker (SegmentedRaftLogWorker.java:<init>(172)) - new e568d23f-199e-48ce-91e4-5c166e2e97cd@group-7B72D47A5EF5-SegmentedRaftLogWorker for RaftStorage:Storage Directory /workdir/hadoop-ozone/integration-test/target/test-dir/MiniOzoneClusterImpl-39af9574-7a8b-4ed7-b830-bf686a3d4bb8/datanode-0/data/ratis/d4222563-7fe3-46be-a744-7b72d47a5ef5
2019-09-25 07:04:49,649 [pool-27-thread-1] INFO  server.RaftServerConfigKeys (ConfUtils.java:logGet(43)) - raft.server.log.queue.byte-limit = 2147483647 (custom)
2019-09-25 07:04:49,649 [pool-27-thread-1] INFO  server.RaftServerConfigKeys (ConfUtils.java:logGet(43)) - raft.server.log.queue.element-limit = 1024 (custom)
2019-09-25 07:04:49,649 [pool-27-thread-1] INFO  server.RaftServerConfigKeys (ConfUtils.java:logGet(43)) - raft.server.log.segment.size.max = 1048576 (custom)
2019-09-25 07:04:49,649 [pool-27-thread-1] INFO  server.RaftServerConfigKeys (ConfUtils.java:logGet(43)) - raft.server.log.preallocated.size = 16384 (custom)
2019-09-25 07:04:49,649 [pool-27-thread-1] INFO  server.RaftServerConfigKeys (ConfUtils.java:logGet(43)) - raft.server.log.write.buffer.size = 33554432 (custom)
2019-09-25 07:04:49,649 [pool-27-thread-1] INFO  server.RaftServerConfigKeys (ConfUtils.java:logGet(43)) - raft.server.log.force.sync.num = 128 (default)
2019-09-25 07:04:49,649 [pool-27-thread-1] INFO  server.RaftServerConfigKeys (ConfUtils.java:logGet(43)) - raft.server.log.statemachine.data.sync = true (default)
2019-09-25 07:04:49,650 [pool-27-thread-1] INFO  server.RaftServerConfigKeys (ConfUtils.java:logGet(43)) - raft.server.log.statemachine.data.sync.timeout = 10s (default)
2019-09-25 07:04:49,650 [pool-27-thread-1] INFO  server.RaftServerConfigKeys (ConfUtils.java:logGet(43)) - raft.server.log.statemachine.data.sync.timeout.retry = -1 (default)
2019-09-25 07:04:49,650 [pool-27-thread-1] INFO  server.RaftServerConfigKeys (ConfUtils.java:logGet(43)) - raft.server.log.statemachine.data.caching.enabled = true (custom)
2019-09-25 07:04:49,650 [pool-27-thread-1] INFO  segmented.SegmentedRaftLogWorker (SegmentedRaftLogWorker.java:lambda$new$0(132)) - e568d23f-199e-48ce-91e4-5c166e2e97cd@group-7B72D47A5EF5-SegmentedRaftLogWorker: flushIndex: setUnconditionally 0 -> -1
2019-09-25 07:04:49,651 [pool-27-thread-1] INFO  server.RaftServerConfigKeys (ConfUtils.java:logGet(43)) - raft.server.snapshot.auto.trigger.enabled = true (custom)
2019-09-25 07:04:49,651 [pool-27-thread-1] INFO  server.RaftServerConfigKeys (ConfUtils.java:logGet(43)) - raft.server.snapshot.auto.trigger.threshold = 10000 (custom)
2019-09-25 07:04:49,651 [pool-27-thread-1] INFO  server.RaftServerConfigKeys (ConfUtils.java:logGet(43)) - raft.server.snapshot.retention.num.files = 5 (custom)
2019-09-25 07:04:49,651 [pool-27-thread-1] INFO  server.RaftServerConfigKeys (ConfUtils.java:logGet(43)) - raft.server.retrycache.expirytime = 600000ms (custom)
2019-09-25 07:04:49,653 [pool-27-thread-1] INFO  impl.RaftServerImpl (RaftServerImpl.java:start(185)) - e568d23f-199e-48ce-91e4-5c166e2e97cd@group-7B72D47A5EF5: start as a follower, conf=-1: [e568d23f-199e-48ce-91e4-5c166e2e97cd:192.168.30.10:42827], old=null
2019-09-25 07:04:49,653 [pool-27-thread-1] INFO  impl.RaftServerImpl (RaftServerImpl.java:setRole(174)) - e568d23f-199e-48ce-91e4-5c166e2e97cd@group-7B72D47A5EF5: changes role from      null to FOLLOWER at term 0 for startAsFollower
2019-09-25 07:04:49,653 [pool-27-thread-1] INFO  impl.RoleInfo (RoleInfo.java:updateAndGet(143)) - e568d23f-199e-48ce-91e4-5c166e2e97cd: start FollowerState
2019-09-25 07:04:49,653 [pool-27-thread-1] INFO  util.JmxRegister (JmxRegister.java:tryRegister(44)) - Successfully registered JMX Bean with object name Ratis:service=RaftServer,group=group-7B72D47A5EF5,id=e568d23f-199e-48ce-91e4-5c166e2e97cd
2019-09-25 07:04:49,655 [RatisPipelineUtilsThread] INFO  pipeline.PipelineStateManager (PipelineStateManager.java:addPipeline(56)) - Created pipeline Pipeline[ Id: d4222563-7fe3-46be-a744-7b72d47a5ef5, Nodes: e568d23f-199e-48ce-91e4-5c166e2e97cd{ip: 192.168.30.10, host: pr-hdds-1569-s62bp-3040748787, networkLocation: /default-rack, certSerialId: null}, Type:RATIS, Factor:ONE, State:OPEN]
2019-09-25 07:04:49,659 [grpc-default-executor-0] INFO  impl.RaftServerProxy (RaftServerProxy.java:addNew(89)) - e568d23f-199e-48ce-91e4-5c166e2e97cd: addNew group-A76C434A76E6:[e568d23f-199e-48ce-91e4-5c166e2e97cd:192.168.30.10:42827] returns group-A76C434A76E6:java.util.concurrent.CompletableFuture@6acb5011[Not completed]
2019-09-25 07:04:49,660 [pool-27-thread-1] INFO  impl.RaftServerImpl (RaftServerImpl.java:<init>(95)) - e568d23f-199e-48ce-91e4-5c166e2e97cd: new RaftServerImpl for group-A76C434A76E6:[e568d23f-199e-48ce-91e4-5c166e2e97cd:192.168.30.10:42827] with ContainerStateMachine:uninitialized
2019-09-25 07:04:49,661 [pool-27-thread-1] INFO  server.RaftServerConfigKeys (ConfUtils.java:logGet(43)) - raft.server.rpc.timeout.min = 5s (custom)
2019-09-25 07:04:49,661 [pool-27-thread-1] INFO  server.RaftServerConfigKeys (ConfUtils.java:logGet(43)) - raft.server.rpc.timeout.max = 5200ms (custom)
2019-09-25 07:04:49,661 [pool-27-thread-1] INFO  server.RaftServerConfigKeys (ConfUtils.java:logGet(43)) - raft.server.rpcslowness.timeout = 120s (custom)
2019-09-25 07:04:49,661 [pool-27-thread-1] INFO  server.RaftServerConfigKeys (ConfUtils.java:logGet(43)) - raft.server.sleep.deviation.threshold = 300 (default)
2019-09-25 07:04:49,661 [pool-27-thread-1] INFO  server.RaftServerConfigKeys (ConfUtils.java:logGet(43)) - raft.server.log.appender.install.snapshot.enabled = false (custom)
2019-09-25 07:04:49,661 [pool-27-thread-1] INFO  impl.RaftServerImpl (ServerState.java:<init>(103)) - e568d23f-199e-48ce-91e4-5c166e2e97cd@group-A76C434A76E6: ConfigurationManager, init=-1: [e568d23f-199e-48ce-91e4-5c166e2e97cd:192.168.30.10:42827], old=null, confs=<EMPTY_MAP>
2019-09-25 07:04:49,661 [pool-27-thread-1] INFO  server.RaftServerConfigKeys (ConfUtils.java:logGet(43)) - raft.server.storage.dir = [/workdir/hadoop-ozone/integration-test/target/test-dir/MiniOzoneClusterImpl-39af9574-7a8b-4ed7-b830-bf686a3d4bb8/datanode-0/data/ratis] (custom)
2019-09-25 07:04:49,662 [pool-27-thread-1] INFO  storage.RaftStorageDirectory (RaftStorageDirectory.java:analyzeStorage(246)) - The storage directory /workdir/hadoop-ozone/integration-test/target/test-dir/MiniOzoneClusterImpl-39af9574-7a8b-4ed7-b830-bf686a3d4bb8/datanode-0/data/ratis/162fa43d-5375-4cd7-8ffa-a76c434a76e6 does not exist. Creating ...
2019-09-25 07:04:49,668 [pool-27-thread-1] INFO  storage.RaftStorageDirectory (RaftStorageDirectory.java:tryLock(328)) - Lock on /workdir/hadoop-ozone/integration-test/target/test-dir/MiniOzoneClusterImpl-39af9574-7a8b-4ed7-b830-bf686a3d4bb8/datanode-0/data/ratis/162fa43d-5375-4cd7-8ffa-a76c434a76e6/in_use.lock acquired by nodename 19495@pr-hdds-1569-s62bp-3040748787
2019-09-25 07:04:49,681 [pool-27-thread-1] INFO  storage.RaftStorage (RaftStorage.java:format(72)) - Storage directory /workdir/hadoop-ozone/integration-test/target/test-dir/MiniOzoneClusterImpl-39af9574-7a8b-4ed7-b830-bf686a3d4bb8/datanode-0/data/ratis/162fa43d-5375-4cd7-8ffa-a76c434a76e6 has been successfully formatted.
2019-09-25 07:04:49,681 [pool-27-thread-1] INFO  ratis.ContainerStateMachine (ContainerStateMachine.java:loadSnapshot(230)) - group-A76C434A76E6: The snapshot info is null. Setting the last applied indexto:(t:0, i:~)
2019-09-25 07:04:49,681 [pool-27-thread-1] INFO  server.RaftServerConfigKeys (ConfUtils.java:logGet(43)) - raft.server.notification.no-leader.timeout = 120s (custom)
2019-09-25 07:04:49,681 [pool-27-thread-1] INFO  server.RaftServerConfigKeys (ConfUtils.java:logGet(43)) - raft.server.log.use.memory = false (default)
2019-09-25 07:04:49,681 [pool-27-thread-1] INFO  server.RaftServerConfigKeys (ConfUtils.java:logGet(43)) - raft.server.log.purge.gap = 1000000 (custom)
2019-09-25 07:04:49,682 [pool-27-thread-1] INFO  server.RaftServerConfigKeys (ConfUtils.java:logGet(43)) - raft.server.log.appender.buffer.byte-limit = 33554432 (custom)
2019-09-25 07:04:49,682 [pool-27-thread-1] INFO  server.RaftServerConfigKeys (ConfUtils.java:logGet(43)) - raft.server.log.segment.size.max = 1048576 (custom)
2019-09-25 07:04:49,682 [pool-27-thread-1] INFO  server.RaftServerConfigKeys (ConfUtils.java:logGet(43)) - raft.server.log.segment.cache.num.max = 2 (custom)
2019-09-25 07:04:49,682 [pool-27-thread-1] INFO  segmented.SegmentedRaftLogWorker (SegmentedRaftLogWorker.java:<init>(172)) - new e568d23f-199e-48ce-91e4-5c166e2e97cd@group-A76C434A76E6-SegmentedRaftLogWorker for RaftStorage:Storage Directory /workdir/hadoop-ozone/integration-test/target/test-dir/MiniOzoneClusterImpl-39af9574-7a8b-4ed7-b830-bf686a3d4bb8/datanode-0/data/ratis/162fa43d-5375-4cd7-8ffa-a76c434a76e6
2019-09-25 07:04:49,682 [pool-27-thread-1] INFO  server.RaftServerConfigKeys (ConfUtils.java:logGet(43)) - raft.server.log.queue.byte-limit = 2147483647 (custom)
2019-09-25 07:04:49,682 [pool-27-thread-1] INFO  server.RaftServerConfigKeys (ConfUtils.java:logGet(43)) - raft.server.log.queue.element-limit = 1024 (custom)
2019-09-25 07:04:49,682 [pool-27-thread-1] INFO  server.RaftServerConfigKeys (ConfUtils.java:logGet(43)) - raft.server.log.segment.size.max = 1048576 (custom)
2019-09-25 07:04:49,682 [pool-27-thread-1] INFO  server.RaftServerConfigKeys (ConfUtils.java:logGet(43)) - raft.server.log.preallocated.size = 16384 (custom)
2019-09-25 07:04:49,683 [pool-27-thread-1] INFO  server.RaftServerConfigKeys (ConfUtils.java:logGet(43)) - raft.server.log.write.buffer.size = 33554432 (custom)
2019-09-25 07:04:49,683 [pool-27-thread-1] INFO  server.RaftServerConfigKeys (ConfUtils.java:logGet(43)) - raft.server.log.force.sync.num = 128 (default)
2019-09-25 07:04:49,683 [pool-27-thread-1] INFO  server.RaftServerConfigKeys (ConfUtils.java:logGet(43)) - raft.server.log.statemachine.data.sync = true (default)
2019-09-25 07:04:49,683 [pool-27-thread-1] INFO  server.RaftServerConfigKeys (ConfUtils.java:logGet(43)) - raft.server.log.statemachine.data.sync.timeout = 10s (default)
2019-09-25 07:04:49,683 [pool-27-thread-1] INFO  server.RaftServerConfigKeys (ConfUtils.java:logGet(43)) - raft.server.log.statemachine.data.sync.timeout.retry = -1 (default)
2019-09-25 07:04:49,683 [pool-27-thread-1] INFO  server.RaftServerConfigKeys (ConfUtils.java:logGet(43)) - raft.server.log.statemachine.data.caching.enabled = true (custom)
2019-09-25 07:04:49,684 [pool-27-thread-1] INFO  segmented.SegmentedRaftLogWorker (SegmentedRaftLogWorker.java:lambda$new$0(132)) - e568d23f-199e-48ce-91e4-5c166e2e97cd@group-A76C434A76E6-SegmentedRaftLogWorker: flushIndex: setUnconditionally 0 -> -1
2019-09-25 07:04:49,684 [pool-27-thread-1] INFO  server.RaftServerConfigKeys (ConfUtils.java:logGet(43)) - raft.server.snapshot.auto.trigger.enabled = true (custom)
2019-09-25 07:04:49,684 [pool-27-thread-1] INFO  server.RaftServerConfigKeys (ConfUtils.java:logGet(43)) - raft.server.snapshot.auto.trigger.threshold = 10000 (custom)
2019-09-25 07:04:49,684 [pool-27-thread-1] INFO  server.RaftServerConfigKeys (ConfUtils.java:logGet(43)) - raft.server.snapshot.retention.num.files = 5 (custom)
2019-09-25 07:04:49,684 [pool-27-thread-1] INFO  server.RaftServerConfigKeys (ConfUtils.java:logGet(43)) - raft.server.retrycache.expirytime = 600000ms (custom)
2019-09-25 07:04:49,686 [pool-27-thread-1] INFO  impl.RaftServerImpl (RaftServerImpl.java:start(185)) - e568d23f-199e-48ce-91e4-5c166e2e97cd@group-A76C434A76E6: start as a follower, conf=-1: [e568d23f-199e-48ce-91e4-5c166e2e97cd:192.168.30.10:42827], old=null
2019-09-25 07:04:49,686 [pool-27-thread-1] INFO  impl.RaftServerImpl (RaftServerImpl.java:setRole(174)) - e568d23f-199e-48ce-91e4-5c166e2e97cd@group-A76C434A76E6: changes role from      null to FOLLOWER at term 0 for startAsFollower
2019-09-25 07:04:49,686 [pool-27-thread-1] INFO  impl.RoleInfo (RoleInfo.java:updateAndGet(143)) - e568d23f-199e-48ce-91e4-5c166e2e97cd: start FollowerState
2019-09-25 07:04:49,687 [pool-27-thread-1] INFO  util.JmxRegister (JmxRegister.java:tryRegister(44)) - Successfully registered JMX Bean with object name Ratis:service=RaftServer,group=group-A76C434A76E6,id=e568d23f-199e-48ce-91e4-5c166e2e97cd
2019-09-25 07:04:49,689 [RatisPipelineUtilsThread] INFO  pipeline.PipelineStateManager (PipelineStateManager.java:addPipeline(56)) - Created pipeline Pipeline[ Id: 162fa43d-5375-4cd7-8ffa-a76c434a76e6, Nodes: e568d23f-199e-48ce-91e4-5c166e2e97cd{ip: 192.168.30.10, host: pr-hdds-1569-s62bp-3040748787, networkLocation: /default-rack, certSerialId: null}, Type:RATIS, Factor:ONE, State:OPEN]
2019-09-25 07:04:49,693 [grpc-default-executor-0] INFO  impl.RaftServerProxy (RaftServerProxy.java:addNew(89)) - 24bf2945-a329-4da6-aaf2-23ecd8d462c6: addNew group-0A6D6B37687B:[24bf2945-a329-4da6-aaf2-23ecd8d462c6:192.168.30.10:42867] returns group-0A6D6B37687B:java.util.concurrent.CompletableFuture@764fc9a[Not completed]
2019-09-25 07:04:49,695 [pool-47-thread-1] INFO  impl.RaftServerImpl (RaftServerImpl.java:<init>(95)) - 24bf2945-a329-4da6-aaf2-23ecd8d462c6: new RaftServerImpl for group-0A6D6B37687B:[24bf2945-a329-4da6-aaf2-23ecd8d462c6:192.168.30.10:42867] with ContainerStateMachine:uninitialized
2019-09-25 07:04:49,695 [pool-47-thread-1] INFO  server.RaftServerConfigKeys (ConfUtils.java:logGet(43)) - raft.server.rpc.timeout.min = 5s (custom)
2019-09-25 07:04:49,695 [pool-47-thread-1] INFO  server.RaftServerConfigKeys (ConfUtils.java:logGet(43)) - raft.server.rpc.timeout.max = 5200ms (custom)
2019-09-25 07:04:49,695 [pool-47-thread-1] INFO  server.RaftServerConfigKeys (ConfUtils.java:logGet(43)) - raft.server.rpcslowness.timeout = 120s (custom)
2019-09-25 07:04:49,695 [pool-47-thread-1] INFO  server.RaftServerConfigKeys (ConfUtils.java:logGet(43)) - raft.server.sleep.deviation.threshold = 300 (default)
2019-09-25 07:04:49,695 [pool-47-thread-1] INFO  server.RaftServerConfigKeys (ConfUtils.java:logGet(43)) - raft.server.log.appender.install.snapshot.enabled = false (custom)
2019-09-25 07:04:49,695 [pool-47-thread-1] INFO  impl.RaftServerImpl (ServerState.java:<init>(103)) - 24bf2945-a329-4da6-aaf2-23ecd8d462c6@group-0A6D6B37687B: ConfigurationManager, init=-1: [24bf2945-a329-4da6-aaf2-23ecd8d462c6:192.168.30.10:42867], old=null, confs=<EMPTY_MAP>
2019-09-25 07:04:49,696 [pool-47-thread-1] INFO  server.RaftServerConfigKeys (ConfUtils.java:logGet(43)) - raft.server.storage.dir = [/workdir/hadoop-ozone/integration-test/target/test-dir/MiniOzoneClusterImpl-39af9574-7a8b-4ed7-b830-bf686a3d4bb8/datanode-2/data/ratis] (custom)
2019-09-25 07:04:49,696 [pool-47-thread-1] INFO  storage.RaftStorageDirectory (RaftStorageDirectory.java:analyzeStorage(246)) - The storage directory /workdir/hadoop-ozone/integration-test/target/test-dir/MiniOzoneClusterImpl-39af9574-7a8b-4ed7-b830-bf686a3d4bb8/datanode-2/data/ratis/56ea8bed-408f-458b-9c3e-0a6d6b37687b does not exist. Creating ...
2019-09-25 07:04:49,715 [pool-47-thread-1] INFO  storage.RaftStorageDirectory (RaftStorageDirectory.java:tryLock(328)) - Lock on /workdir/hadoop-ozone/integration-test/target/test-dir/MiniOzoneClusterImpl-39af9574-7a8b-4ed7-b830-bf686a3d4bb8/datanode-2/data/ratis/56ea8bed-408f-458b-9c3e-0a6d6b37687b/in_use.lock acquired by nodename 19495@pr-hdds-1569-s62bp-3040748787
2019-09-25 07:04:49,728 [pool-47-thread-1] INFO  storage.RaftStorage (RaftStorage.java:format(72)) - Storage directory /workdir/hadoop-ozone/integration-test/target/test-dir/MiniOzoneClusterImpl-39af9574-7a8b-4ed7-b830-bf686a3d4bb8/datanode-2/data/ratis/56ea8bed-408f-458b-9c3e-0a6d6b37687b has been successfully formatted.
2019-09-25 07:04:49,728 [pool-47-thread-1] INFO  ratis.ContainerStateMachine (ContainerStateMachine.java:loadSnapshot(230)) - group-0A6D6B37687B: The snapshot info is null. Setting the last applied indexto:(t:0, i:~)
2019-09-25 07:04:49,729 [pool-47-thread-1] INFO  server.RaftServerConfigKeys (ConfUtils.java:logGet(43)) - raft.server.notification.no-leader.timeout = 120s (custom)
2019-09-25 07:04:49,729 [pool-47-thread-1] INFO  server.RaftServerConfigKeys (ConfUtils.java:logGet(43)) - raft.server.log.use.memory = false (default)
2019-09-25 07:04:49,729 [pool-47-thread-1] INFO  server.RaftServerConfigKeys (ConfUtils.java:logGet(43)) - raft.server.log.purge.gap = 1000000 (custom)
2019-09-25 07:04:49,729 [pool-47-thread-1] INFO  server.RaftServerConfigKeys (ConfUtils.java:logGet(43)) - raft.server.log.appender.buffer.byte-limit = 33554432 (custom)
2019-09-25 07:04:49,729 [pool-47-thread-1] INFO  server.RaftServerConfigKeys (ConfUtils.java:logGet(43)) - raft.server.log.segment.size.max = 1048576 (custom)
2019-09-25 07:04:49,729 [pool-47-thread-1] INFO  server.RaftServerConfigKeys (ConfUtils.java:logGet(43)) - raft.server.log.segment.cache.num.max = 2 (custom)
2019-09-25 07:04:49,730 [pool-47-thread-1] INFO  segmented.SegmentedRaftLogWorker (SegmentedRaftLogWorker.java:<init>(172)) - new 24bf2945-a329-4da6-aaf2-23ecd8d462c6@group-0A6D6B37687B-SegmentedRaftLogWorker for RaftStorage:Storage Directory /workdir/hadoop-ozone/integration-test/target/test-dir/MiniOzoneClusterImpl-39af9574-7a8b-4ed7-b830-bf686a3d4bb8/datanode-2/data/ratis/56ea8bed-408f-458b-9c3e-0a6d6b37687b
2019-09-25 07:04:49,730 [pool-47-thread-1] INFO  server.RaftServerConfigKeys (ConfUtils.java:logGet(43)) - raft.server.log.queue.byte-limit = 2147483647 (custom)
2019-09-25 07:04:49,730 [pool-47-thread-1] INFO  server.RaftServerConfigKeys (ConfUtils.java:logGet(43)) - raft.server.log.queue.element-limit = 1024 (custom)
2019-09-25 07:04:49,730 [pool-47-thread-1] INFO  server.RaftServerConfigKeys (ConfUtils.java:logGet(43)) - raft.server.log.segment.size.max = 1048576 (custom)
2019-09-25 07:04:49,730 [pool-47-thread-1] INFO  server.RaftServerConfigKeys (ConfUtils.java:logGet(43)) - raft.server.log.preallocated.size = 16384 (custom)
2019-09-25 07:04:49,730 [pool-47-thread-1] INFO  server.RaftServerConfigKeys (ConfUtils.java:logGet(43)) - raft.server.log.write.buffer.size = 33554432 (custom)
2019-09-25 07:04:49,730 [pool-47-thread-1] INFO  server.RaftServerConfigKeys (ConfUtils.java:logGet(43)) - raft.server.log.force.sync.num = 128 (default)
2019-09-25 07:04:49,731 [pool-47-thread-1] INFO  server.RaftServerConfigKeys (ConfUtils.java:logGet(43)) - raft.server.log.statemachine.data.sync = true (default)
2019-09-25 07:04:49,731 [pool-47-thread-1] INFO  server.RaftServerConfigKeys (ConfUtils.java:logGet(43)) - raft.server.log.statemachine.data.sync.timeout = 10s (default)
2019-09-25 07:04:49,731 [pool-47-thread-1] INFO  server.RaftServerConfigKeys (ConfUtils.java:logGet(43)) - raft.server.log.statemachine.data.sync.timeout.retry = -1 (default)
2019-09-25 07:04:49,731 [pool-47-thread-1] INFO  server.RaftServerConfigKeys (ConfUtils.java:logGet(43)) - raft.server.log.statemachine.data.caching.enabled = true (custom)
2019-09-25 07:04:49,731 [pool-47-thread-1] INFO  segmented.SegmentedRaftLogWorker (SegmentedRaftLogWorker.java:lambda$new$0(132)) - 24bf2945-a329-4da6-aaf2-23ecd8d462c6@group-0A6D6B37687B-SegmentedRaftLogWorker: flushIndex: setUnconditionally 0 -> -1
2019-09-25 07:04:49,732 [pool-47-thread-1] INFO  server.RaftServerConfigKeys (ConfUtils.java:logGet(43)) - raft.server.snapshot.auto.trigger.enabled = true (custom)
2019-09-25 07:04:49,732 [pool-47-thread-1] INFO  server.RaftServerConfigKeys (ConfUtils.java:logGet(43)) - raft.server.snapshot.auto.trigger.threshold = 10000 (custom)
2019-09-25 07:04:49,732 [pool-47-thread-1] INFO  server.RaftServerConfigKeys (ConfUtils.java:logGet(43)) - raft.server.snapshot.retention.num.files = 5 (custom)
2019-09-25 07:04:49,732 [pool-47-thread-1] INFO  server.RaftServerConfigKeys (ConfUtils.java:logGet(43)) - raft.server.retrycache.expirytime = 600000ms (custom)
2019-09-25 07:04:49,735 [pool-47-thread-1] INFO  impl.RaftServerImpl (RaftServerImpl.java:start(185)) - 24bf2945-a329-4da6-aaf2-23ecd8d462c6@group-0A6D6B37687B: start as a follower, conf=-1: [24bf2945-a329-4da6-aaf2-23ecd8d462c6:192.168.30.10:42867], old=null
2019-09-25 07:04:49,735 [pool-47-thread-1] INFO  impl.RaftServerImpl (RaftServerImpl.java:setRole(174)) - 24bf2945-a329-4da6-aaf2-23ecd8d462c6@group-0A6D6B37687B: changes role from      null to FOLLOWER at term 0 for startAsFollower
2019-09-25 07:04:49,735 [pool-47-thread-1] INFO  impl.RoleInfo (RoleInfo.java:updateAndGet(143)) - 24bf2945-a329-4da6-aaf2-23ecd8d462c6: start FollowerState
2019-09-25 07:04:49,736 [pool-47-thread-1] INFO  util.JmxRegister (JmxRegister.java:tryRegister(44)) - Successfully registered JMX Bean with object name Ratis:service=RaftServer,group=group-0A6D6B37687B,id=24bf2945-a329-4da6-aaf2-23ecd8d462c6
2019-09-25 07:04:49,741 [RatisPipelineUtilsThread] INFO  pipeline.PipelineStateManager (PipelineStateManager.java:addPipeline(56)) - Created pipeline Pipeline[ Id: 56ea8bed-408f-458b-9c3e-0a6d6b37687b, Nodes: 24bf2945-a329-4da6-aaf2-23ecd8d462c6{ip: 192.168.30.10, host: pr-hdds-1569-s62bp-3040748787, networkLocation: /default-rack, certSerialId: null}, Type:RATIS, Factor:ONE, State:OPEN]
2019-09-25 07:04:49,747 [grpc-default-executor-0] INFO  impl.RaftServerProxy (RaftServerProxy.java:addNew(89)) - 62ec8eb9-3ae9-4136-b70a-2caf3716fa7f: addNew group-5534E370F072:[62ec8eb9-3ae9-4136-b70a-2caf3716fa7f:192.168.30.10:44715] returns group-5534E370F072:java.util.concurrent.CompletableFuture@78884b96[Not completed]
2019-09-25 07:04:49,748 [pool-37-thread-1] INFO  impl.RaftServerImpl (RaftServerImpl.java:<init>(95)) - 62ec8eb9-3ae9-4136-b70a-2caf3716fa7f: new RaftServerImpl for group-5534E370F072:[62ec8eb9-3ae9-4136-b70a-2caf3716fa7f:192.168.30.10:44715] with ContainerStateMachine:uninitialized
2019-09-25 07:04:49,748 [pool-37-thread-1] INFO  server.RaftServerConfigKeys (ConfUtils.java:logGet(43)) - raft.server.rpc.timeout.min = 5s (custom)
2019-09-25 07:04:49,749 [pool-37-thread-1] INFO  server.RaftServerConfigKeys (ConfUtils.java:logGet(43)) - raft.server.rpc.timeout.max = 5200ms (custom)
2019-09-25 07:04:49,749 [pool-37-thread-1] INFO  server.RaftServerConfigKeys (ConfUtils.java:logGet(43)) - raft.server.rpcslowness.timeout = 120s (custom)
2019-09-25 07:04:49,749 [pool-37-thread-1] INFO  server.RaftServerConfigKeys (ConfUtils.java:logGet(43)) - raft.server.sleep.deviation.threshold = 300 (default)
2019-09-25 07:04:49,749 [pool-37-thread-1] INFO  server.RaftServerConfigKeys (ConfUtils.java:logGet(43)) - raft.server.log.appender.install.snapshot.enabled = false (custom)
2019-09-25 07:04:49,749 [pool-37-thread-1] INFO  impl.RaftServerImpl (ServerState.java:<init>(103)) - 62ec8eb9-3ae9-4136-b70a-2caf3716fa7f@group-5534E370F072: ConfigurationManager, init=-1: [62ec8eb9-3ae9-4136-b70a-2caf3716fa7f:192.168.30.10:44715], old=null, confs=<EMPTY_MAP>
2019-09-25 07:04:49,749 [pool-37-thread-1] INFO  server.RaftServerConfigKeys (ConfUtils.java:logGet(43)) - raft.server.storage.dir = [/workdir/hadoop-ozone/integration-test/target/test-dir/MiniOzoneClusterImpl-39af9574-7a8b-4ed7-b830-bf686a3d4bb8/datanode-1/data/ratis] (custom)
2019-09-25 07:04:49,750 [pool-37-thread-1] INFO  storage.RaftStorageDirectory (RaftStorageDirectory.java:analyzeStorage(246)) - The storage directory /workdir/hadoop-ozone/integration-test/target/test-dir/MiniOzoneClusterImpl-39af9574-7a8b-4ed7-b830-bf686a3d4bb8/datanode-1/data/ratis/eba8f0f8-3407-4c2f-ae64-5534e370f072 does not exist. Creating ...
2019-09-25 07:04:49,763 [pool-37-thread-1] INFO  storage.RaftStorageDirectory (RaftStorageDirectory.java:tryLock(328)) - Lock on /workdir/hadoop-ozone/integration-test/target/test-dir/MiniOzoneClusterImpl-39af9574-7a8b-4ed7-b830-bf686a3d4bb8/datanode-1/data/ratis/eba8f0f8-3407-4c2f-ae64-5534e370f072/in_use.lock acquired by nodename 19495@pr-hdds-1569-s62bp-3040748787
2019-09-25 07:04:49,784 [pool-37-thread-1] INFO  storage.RaftStorage (RaftStorage.java:format(72)) - Storage directory /workdir/hadoop-ozone/integration-test/target/test-dir/MiniOzoneClusterImpl-39af9574-7a8b-4ed7-b830-bf686a3d4bb8/datanode-1/data/ratis/eba8f0f8-3407-4c2f-ae64-5534e370f072 has been successfully formatted.
2019-09-25 07:04:49,784 [pool-37-thread-1] INFO  ratis.ContainerStateMachine (ContainerStateMachine.java:loadSnapshot(230)) - group-5534E370F072: The snapshot info is null. Setting the last applied indexto:(t:0, i:~)
2019-09-25 07:04:49,784 [pool-37-thread-1] INFO  server.RaftServerConfigKeys (ConfUtils.java:logGet(43)) - raft.server.notification.no-leader.timeout = 120s (custom)
2019-09-25 07:04:49,784 [pool-37-thread-1] INFO  server.RaftServerConfigKeys (ConfUtils.java:logGet(43)) - raft.server.log.use.memory = false (default)
2019-09-25 07:04:49,785 [pool-37-thread-1] INFO  server.RaftServerConfigKeys (ConfUtils.java:logGet(43)) - raft.server.log.purge.gap = 1000000 (custom)
2019-09-25 07:04:49,785 [pool-37-thread-1] INFO  server.RaftServerConfigKeys (ConfUtils.java:logGet(43)) - raft.server.log.appender.buffer.byte-limit = 33554432 (custom)
2019-09-25 07:04:49,785 [pool-37-thread-1] INFO  server.RaftServerConfigKeys (ConfUtils.java:logGet(43)) - raft.server.log.segment.size.max = 1048576 (custom)
2019-09-25 07:04:49,785 [pool-37-thread-1] INFO  server.RaftServerConfigKeys (ConfUtils.java:logGet(43)) - raft.server.log.segment.cache.num.max = 2 (custom)
2019-09-25 07:04:49,785 [pool-37-thread-1] INFO  segmented.SegmentedRaftLogWorker (SegmentedRaftLogWorker.java:<init>(172)) - new 62ec8eb9-3ae9-4136-b70a-2caf3716fa7f@group-5534E370F072-SegmentedRaftLogWorker for RaftStorage:Storage Directory /workdir/hadoop-ozone/integration-test/target/test-dir/MiniOzoneClusterImpl-39af9574-7a8b-4ed7-b830-bf686a3d4bb8/datanode-1/data/ratis/eba8f0f8-3407-4c2f-ae64-5534e370f072
2019-09-25 07:04:49,785 [pool-37-thread-1] INFO  server.RaftServerConfigKeys (ConfUtils.java:logGet(43)) - raft.server.log.queue.byte-limit = 2147483647 (custom)
2019-09-25 07:04:49,785 [pool-37-thread-1] INFO  server.RaftServerConfigKeys (ConfUtils.java:logGet(43)) - raft.server.log.queue.element-limit = 1024 (custom)
2019-09-25 07:04:49,785 [pool-37-thread-1] INFO  server.RaftServerConfigKeys (ConfUtils.java:logGet(43)) - raft.server.log.segment.size.max = 1048576 (custom)
2019-09-25 07:04:49,786 [pool-37-thread-1] INFO  server.RaftServerConfigKeys (ConfUtils.java:logGet(43)) - raft.server.log.preallocated.size = 16384 (custom)
2019-09-25 07:04:49,786 [pool-37-thread-1] INFO  server.RaftServerConfigKeys (ConfUtils.java:logGet(43)) - raft.server.log.write.buffer.size = 33554432 (custom)
2019-09-25 07:04:49,786 [pool-37-thread-1] INFO  server.RaftServerConfigKeys (ConfUtils.java:logGet(43)) - raft.server.log.force.sync.num = 128 (default)
2019-09-25 07:04:49,786 [pool-37-thread-1] INFO  server.RaftServerConfigKeys (ConfUtils.java:logGet(43)) - raft.server.log.statemachine.data.sync = true (default)
2019-09-25 07:04:49,786 [pool-37-thread-1] INFO  server.RaftServerConfigKeys (ConfUtils.java:logGet(43)) - raft.server.log.statemachine.data.sync.timeout = 10s (default)
2019-09-25 07:04:49,786 [pool-37-thread-1] INFO  server.RaftServerConfigKeys (ConfUtils.java:logGet(43)) - raft.server.log.statemachine.data.sync.timeout.retry = -1 (default)
2019-09-25 07:04:49,786 [pool-37-thread-1] INFO  server.RaftServerConfigKeys (ConfUtils.java:logGet(43)) - raft.server.log.statemachine.data.caching.enabled = true (custom)
2019-09-25 07:04:49,787 [pool-37-thread-1] INFO  segmented.SegmentedRaftLogWorker (SegmentedRaftLogWorker.java:lambda$new$0(132)) - 62ec8eb9-3ae9-4136-b70a-2caf3716fa7f@group-5534E370F072-SegmentedRaftLogWorker: flushIndex: setUnconditionally 0 -> -1
2019-09-25 07:04:49,787 [pool-37-thread-1] INFO  server.RaftServerConfigKeys (ConfUtils.java:logGet(43)) - raft.server.snapshot.auto.trigger.enabled = true (custom)
2019-09-25 07:04:49,787 [pool-37-thread-1] INFO  server.RaftServerConfigKeys (ConfUtils.java:logGet(43)) - raft.server.snapshot.auto.trigger.threshold = 10000 (custom)
2019-09-25 07:04:49,787 [pool-37-thread-1] INFO  server.RaftServerConfigKeys (ConfUtils.java:logGet(43)) - raft.server.snapshot.retention.num.files = 5 (custom)
2019-09-25 07:04:49,788 [pool-37-thread-1] INFO  server.RaftServerConfigKeys (ConfUtils.java:logGet(43)) - raft.server.retrycache.expirytime = 600000ms (custom)
2019-09-25 07:04:49,790 [pool-37-thread-1] INFO  impl.RaftServerImpl (RaftServerImpl.java:start(185)) - 62ec8eb9-3ae9-4136-b70a-2caf3716fa7f@group-5534E370F072: start as a follower, conf=-1: [62ec8eb9-3ae9-4136-b70a-2caf3716fa7f:192.168.30.10:44715], old=null
2019-09-25 07:04:49,790 [pool-37-thread-1] INFO  impl.RaftServerImpl (RaftServerImpl.java:setRole(174)) - 62ec8eb9-3ae9-4136-b70a-2caf3716fa7f@group-5534E370F072: changes role from      null to FOLLOWER at term 0 for startAsFollower
2019-09-25 07:04:49,790 [pool-37-thread-1] INFO  impl.RoleInfo (RoleInfo.java:updateAndGet(143)) - 62ec8eb9-3ae9-4136-b70a-2caf3716fa7f: start FollowerState
2019-09-25 07:04:49,790 [pool-37-thread-1] INFO  util.JmxRegister (JmxRegister.java:tryRegister(44)) - Successfully registered JMX Bean with object name Ratis:service=RaftServer,group=group-5534E370F072,id=62ec8eb9-3ae9-4136-b70a-2caf3716fa7f
2019-09-25 07:04:49,793 [RatisPipelineUtilsThread] INFO  pipeline.PipelineStateManager (PipelineStateManager.java:addPipeline(56)) - Created pipeline Pipeline[ Id: eba8f0f8-3407-4c2f-ae64-5534e370f072, Nodes: 62ec8eb9-3ae9-4136-b70a-2caf3716fa7f{ip: 192.168.30.10, host: pr-hdds-1569-s62bp-3040748787, networkLocation: /default-rack, certSerialId: null}, Type:RATIS, Factor:ONE, State:OPEN]
2019-09-25 07:04:49,800 [grpc-default-executor-0] INFO  impl.RaftServerProxy (RaftServerProxy.java:addNew(89)) - 24bf2945-a329-4da6-aaf2-23ecd8d462c6: addNew group-A7908075CAFF:[24bf2945-a329-4da6-aaf2-23ecd8d462c6:192.168.30.10:42867] returns group-A7908075CAFF:java.util.concurrent.CompletableFuture@56bebda9[Not completed]
2019-09-25 07:04:49,801 [pool-47-thread-1] INFO  impl.RaftServerImpl (RaftServerImpl.java:<init>(95)) - 24bf2945-a329-4da6-aaf2-23ecd8d462c6: new RaftServerImpl for group-A7908075CAFF:[24bf2945-a329-4da6-aaf2-23ecd8d462c6:192.168.30.10:42867] with ContainerStateMachine:uninitialized
2019-09-25 07:04:49,801 [pool-47-thread-1] INFO  server.RaftServerConfigKeys (ConfUtils.java:logGet(43)) - raft.server.rpc.timeout.min = 5s (custom)
2019-09-25 07:04:49,801 [pool-47-thread-1] INFO  server.RaftServerConfigKeys (ConfUtils.java:logGet(43)) - raft.server.rpc.timeout.max = 5200ms (custom)
2019-09-25 07:04:49,802 [pool-47-thread-1] INFO  server.RaftServerConfigKeys (ConfUtils.java:logGet(43)) - raft.server.rpcslowness.timeout = 120s (custom)
2019-09-25 07:04:49,802 [pool-47-thread-1] INFO  server.RaftServerConfigKeys (ConfUtils.java:logGet(43)) - raft.server.sleep.deviation.threshold = 300 (default)
2019-09-25 07:04:49,802 [pool-47-thread-1] INFO  server.RaftServerConfigKeys (ConfUtils.java:logGet(43)) - raft.server.log.appender.install.snapshot.enabled = false (custom)
2019-09-25 07:04:49,802 [pool-47-thread-1] INFO  impl.RaftServerImpl (ServerState.java:<init>(103)) - 24bf2945-a329-4da6-aaf2-23ecd8d462c6@group-A7908075CAFF: ConfigurationManager, init=-1: [24bf2945-a329-4da6-aaf2-23ecd8d462c6:192.168.30.10:42867], old=null, confs=<EMPTY_MAP>
2019-09-25 07:04:49,802 [pool-47-thread-1] INFO  server.RaftServerConfigKeys (ConfUtils.java:logGet(43)) - raft.server.storage.dir = [/workdir/hadoop-ozone/integration-test/target/test-dir/MiniOzoneClusterImpl-39af9574-7a8b-4ed7-b830-bf686a3d4bb8/datanode-2/data/ratis] (custom)
2019-09-25 07:04:49,803 [pool-47-thread-1] INFO  storage.RaftStorageDirectory (RaftStorageDirectory.java:analyzeStorage(246)) - The storage directory /workdir/hadoop-ozone/integration-test/target/test-dir/MiniOzoneClusterImpl-39af9574-7a8b-4ed7-b830-bf686a3d4bb8/datanode-2/data/ratis/4360dd16-e998-46e1-802e-a7908075caff does not exist. Creating ...
2019-09-25 07:04:49,824 [Thread-180] INFO  impl.FollowerState (FollowerState.java:run(106)) - e568d23f-199e-48ce-91e4-5c166e2e97cd:group-BB1C97E9BFD8 changes to CANDIDATE, lastRpcTime:5167, electionTimeout:5166ms
2019-09-25 07:04:49,824 [pool-47-thread-1] INFO  storage.RaftStorageDirectory (RaftStorageDirectory.java:tryLock(328)) - Lock on /workdir/hadoop-ozone/integration-test/target/test-dir/MiniOzoneClusterImpl-39af9574-7a8b-4ed7-b830-bf686a3d4bb8/datanode-2/data/ratis/4360dd16-e998-46e1-802e-a7908075caff/in_use.lock acquired by nodename 19495@pr-hdds-1569-s62bp-3040748787
2019-09-25 07:04:49,826 [Thread-180] INFO  impl.RoleInfo (RoleInfo.java:shutdownFollowerState(121)) - e568d23f-199e-48ce-91e4-5c166e2e97cd: shutdown FollowerState
2019-09-25 07:04:49,826 [Thread-180] INFO  impl.RaftServerImpl (RaftServerImpl.java:setRole(174)) - e568d23f-199e-48ce-91e4-5c166e2e97cd@group-BB1C97E9BFD8: changes role from  FOLLOWER to CANDIDATE at term 0 for changeToCandidate
2019-09-25 07:04:49,836 [Thread-180] INFO  impl.RoleInfo (RoleInfo.java:updateAndGet(143)) - e568d23f-199e-48ce-91e4-5c166e2e97cd: start LeaderElection
2019-09-25 07:04:49,839 [pool-47-thread-1] INFO  storage.RaftStorage (RaftStorage.java:format(72)) - Storage directory /workdir/hadoop-ozone/integration-test/target/test-dir/MiniOzoneClusterImpl-39af9574-7a8b-4ed7-b830-bf686a3d4bb8/datanode-2/data/ratis/4360dd16-e998-46e1-802e-a7908075caff has been successfully formatted.
2019-09-25 07:04:49,843 [pool-47-thread-1] INFO  ratis.ContainerStateMachine (ContainerStateMachine.java:loadSnapshot(230)) - group-A7908075CAFF: The snapshot info is null. Setting the last applied indexto:(t:0, i:~)
2019-09-25 07:04:49,843 [pool-47-thread-1] INFO  server.RaftServerConfigKeys (ConfUtils.java:logGet(43)) - raft.server.notification.no-leader.timeout = 120s (custom)
2019-09-25 07:04:49,843 [pool-47-thread-1] INFO  server.RaftServerConfigKeys (ConfUtils.java:logGet(43)) - raft.server.log.use.memory = false (default)
2019-09-25 07:04:49,843 [pool-47-thread-1] INFO  server.RaftServerConfigKeys (ConfUtils.java:logGet(43)) - raft.server.log.purge.gap = 1000000 (custom)
2019-09-25 07:04:49,844 [pool-47-thread-1] INFO  server.RaftServerConfigKeys (ConfUtils.java:logGet(43)) - raft.server.log.appender.buffer.byte-limit = 33554432 (custom)
2019-09-25 07:04:49,844 [pool-47-thread-1] INFO  server.RaftServerConfigKeys (ConfUtils.java:logGet(43)) - raft.server.log.segment.size.max = 1048576 (custom)
2019-09-25 07:04:49,844 [pool-47-thread-1] INFO  server.RaftServerConfigKeys (ConfUtils.java:logGet(43)) - raft.server.log.segment.cache.num.max = 2 (custom)
2019-09-25 07:04:49,844 [pool-47-thread-1] INFO  segmented.SegmentedRaftLogWorker (SegmentedRaftLogWorker.java:<init>(172)) - new 24bf2945-a329-4da6-aaf2-23ecd8d462c6@group-A7908075CAFF-SegmentedRaftLogWorker for RaftStorage:Storage Directory /workdir/hadoop-ozone/integration-test/target/test-dir/MiniOzoneClusterImpl-39af9574-7a8b-4ed7-b830-bf686a3d4bb8/datanode-2/data/ratis/4360dd16-e998-46e1-802e-a7908075caff
2019-09-25 07:04:49,844 [pool-47-thread-1] INFO  server.RaftServerConfigKeys (ConfUtils.java:logGet(43)) - raft.server.log.queue.byte-limit = 2147483647 (custom)
2019-09-25 07:04:49,844 [pool-47-thread-1] INFO  server.RaftServerConfigKeys (ConfUtils.java:logGet(43)) - raft.server.log.queue.element-limit = 1024 (custom)
2019-09-25 07:04:49,845 [pool-47-thread-1] INFO  server.RaftServerConfigKeys (ConfUtils.java:logGet(43)) - raft.server.log.segment.size.max = 1048576 (custom)
2019-09-25 07:04:49,845 [pool-47-thread-1] INFO  server.RaftServerConfigKeys (ConfUtils.java:logGet(43)) - raft.server.log.preallocated.size = 16384 (custom)
2019-09-25 07:04:49,845 [pool-47-thread-1] INFO  server.RaftServerConfigKeys (ConfUtils.java:logGet(43)) - raft.server.log.write.buffer.size = 33554432 (custom)
2019-09-25 07:04:49,845 [pool-47-thread-1] INFO  server.RaftServerConfigKeys (ConfUtils.java:logGet(43)) - raft.server.log.force.sync.num = 128 (default)
2019-09-25 07:04:49,845 [pool-47-thread-1] INFO  server.RaftServerConfigKeys (ConfUtils.java:logGet(43)) - raft.server.log.statemachine.data.sync = true (default)
2019-09-25 07:04:49,845 [pool-47-thread-1] INFO  server.RaftServerConfigKeys (ConfUtils.java:logGet(43)) - raft.server.log.statemachine.data.sync.timeout = 10s (default)
2019-09-25 07:04:49,845 [pool-47-thread-1] INFO  server.RaftServerConfigKeys (ConfUtils.java:logGet(43)) - raft.server.log.statemachine.data.sync.timeout.retry = -1 (default)
2019-09-25 07:04:49,846 [pool-47-thread-1] INFO  server.RaftServerConfigKeys (ConfUtils.java:logGet(43)) - raft.server.log.statemachine.data.caching.enabled = true (custom)
2019-09-25 07:04:49,846 [pool-47-thread-1] INFO  segmented.SegmentedRaftLogWorker (SegmentedRaftLogWorker.java:lambda$new$0(132)) - 24bf2945-a329-4da6-aaf2-23ecd8d462c6@group-A7908075CAFF-SegmentedRaftLogWorker: flushIndex: setUnconditionally 0 -> -1
2019-09-25 07:04:49,846 [pool-47-thread-1] INFO  server.RaftServerConfigKeys (ConfUtils.java:logGet(43)) - raft.server.snapshot.auto.trigger.enabled = true (custom)
2019-09-25 07:04:49,847 [pool-47-thread-1] INFO  server.RaftServerConfigKeys (ConfUtils.java:logGet(43)) - raft.server.snapshot.auto.trigger.threshold = 10000 (custom)
2019-09-25 07:04:49,847 [pool-47-thread-1] INFO  server.RaftServerConfigKeys (ConfUtils.java:logGet(43)) - raft.server.snapshot.retention.num.files = 5 (custom)
2019-09-25 07:04:49,847 [pool-47-thread-1] INFO  server.RaftServerConfigKeys (ConfUtils.java:logGet(43)) - raft.server.retrycache.expirytime = 600000ms (custom)
2019-09-25 07:04:49,849 [pool-47-thread-1] INFO  impl.RaftServerImpl (RaftServerImpl.java:start(185)) - 24bf2945-a329-4da6-aaf2-23ecd8d462c6@group-A7908075CAFF: start as a follower, conf=-1: [24bf2945-a329-4da6-aaf2-23ecd8d462c6:192.168.30.10:42867], old=null
2019-09-25 07:04:49,849 [pool-47-thread-1] INFO  impl.RaftServerImpl (RaftServerImpl.java:setRole(174)) - 24bf2945-a329-4da6-aaf2-23ecd8d462c6@group-A7908075CAFF: changes role from      null to FOLLOWER at term 0 for startAsFollower
2019-09-25 07:04:49,849 [pool-47-thread-1] INFO  impl.RoleInfo (RoleInfo.java:updateAndGet(143)) - 24bf2945-a329-4da6-aaf2-23ecd8d462c6: start FollowerState
2019-09-25 07:04:49,850 [pool-47-thread-1] INFO  util.JmxRegister (JmxRegister.java:tryRegister(44)) - Successfully registered JMX Bean with object name Ratis:service=RaftServer,group=group-A7908075CAFF,id=24bf2945-a329-4da6-aaf2-23ecd8d462c6
2019-09-25 07:04:49,853 [RatisPipelineUtilsThread] INFO  pipeline.PipelineStateManager (PipelineStateManager.java:addPipeline(56)) - Created pipeline Pipeline[ Id: 4360dd16-e998-46e1-802e-a7908075caff, Nodes: 24bf2945-a329-4da6-aaf2-23ecd8d462c6{ip: 192.168.30.10, host: pr-hdds-1569-s62bp-3040748787, networkLocation: /default-rack, certSerialId: null}, Type:RATIS, Factor:ONE, State:OPEN]
2019-09-25 07:04:49,856 [e568d23f-199e-48ce-91e4-5c166e2e97cd@group-BB1C97E9BFD8:LeaderElection1] INFO  impl.LeaderElection (LeaderElection.java:askForVotes(182)) - e568d23f-199e-48ce-91e4-5c166e2e97cd@group-BB1C97E9BFD8:LeaderElection1: begin an election at term 1 for -1: [e568d23f-199e-48ce-91e4-5c166e2e97cd:192.168.30.10:42827], old=null
2019-09-25 07:04:49,858 [e568d23f-199e-48ce-91e4-5c166e2e97cd@group-BB1C97E9BFD8:LeaderElection1] INFO  impl.RoleInfo (RoleInfo.java:shutdownLeaderElection(134)) - e568d23f-199e-48ce-91e4-5c166e2e97cd: shutdown LeaderElection
2019-09-25 07:04:49,858 [e568d23f-199e-48ce-91e4-5c166e2e97cd@group-BB1C97E9BFD8:LeaderElection1] INFO  impl.RaftServerImpl (RaftServerImpl.java:setRole(174)) - e568d23f-199e-48ce-91e4-5c166e2e97cd@group-BB1C97E9BFD8: changes role from CANDIDATE to LEADER at term 1 for changeToLeader
2019-09-25 07:04:49,859 [e568d23f-199e-48ce-91e4-5c166e2e97cd@group-BB1C97E9BFD8:LeaderElection1] INFO  impl.RaftServerImpl (ServerState.java:setLeader(253)) - e568d23f-199e-48ce-91e4-5c166e2e97cd@group-BB1C97E9BFD8: change Leader from null to e568d23f-199e-48ce-91e4-5c166e2e97cd at term 1 for becomeLeader, leader elected after 5333ms
2019-09-25 07:04:49,859 [grpc-default-executor-0] INFO  impl.RaftServerProxy (RaftServerProxy.java:addNew(89)) - 24bf2945-a329-4da6-aaf2-23ecd8d462c6: addNew group-4E9FB9BD23D5:[24bf2945-a329-4da6-aaf2-23ecd8d462c6:192.168.30.10:42867] returns group-4E9FB9BD23D5:java.util.concurrent.CompletableFuture@3a7fa819[Not completed]
2019-09-25 07:04:49,860 [pool-47-thread-1] INFO  impl.RaftServerImpl (RaftServerImpl.java:<init>(95)) - 24bf2945-a329-4da6-aaf2-23ecd8d462c6: new RaftServerImpl for group-4E9FB9BD23D5:[24bf2945-a329-4da6-aaf2-23ecd8d462c6:192.168.30.10:42867] with ContainerStateMachine:uninitialized
2019-09-25 07:04:49,860 [pool-47-thread-1] INFO  server.RaftServerConfigKeys (ConfUtils.java:logGet(43)) - raft.server.rpc.timeout.min = 5s (custom)
2019-09-25 07:04:49,860 [pool-47-thread-1] INFO  server.RaftServerConfigKeys (ConfUtils.java:logGet(43)) - raft.server.rpc.timeout.max = 5200ms (custom)
2019-09-25 07:04:49,860 [pool-47-thread-1] INFO  server.RaftServerConfigKeys (ConfUtils.java:logGet(43)) - raft.server.rpcslowness.timeout = 120s (custom)
2019-09-25 07:04:49,860 [pool-47-thread-1] INFO  server.RaftServerConfigKeys (ConfUtils.java:logGet(43)) - raft.server.sleep.deviation.threshold = 300 (default)
2019-09-25 07:04:49,860 [pool-47-thread-1] INFO  server.RaftServerConfigKeys (ConfUtils.java:logGet(43)) - raft.server.log.appender.install.snapshot.enabled = false (custom)
2019-09-25 07:04:49,861 [pool-47-thread-1] INFO  impl.RaftServerImpl (ServerState.java:<init>(103)) - 24bf2945-a329-4da6-aaf2-23ecd8d462c6@group-4E9FB9BD23D5: ConfigurationManager, init=-1: [24bf2945-a329-4da6-aaf2-23ecd8d462c6:192.168.30.10:42867], old=null, confs=<EMPTY_MAP>
2019-09-25 07:04:49,861 [pool-47-thread-1] INFO  server.RaftServerConfigKeys (ConfUtils.java:logGet(43)) - raft.server.storage.dir = [/workdir/hadoop-ozone/integration-test/target/test-dir/MiniOzoneClusterImpl-39af9574-7a8b-4ed7-b830-bf686a3d4bb8/datanode-2/data/ratis] (custom)
2019-09-25 07:04:49,861 [pool-47-thread-1] INFO  storage.RaftStorageDirectory (RaftStorageDirectory.java:analyzeStorage(246)) - The storage directory /workdir/hadoop-ozone/integration-test/target/test-dir/MiniOzoneClusterImpl-39af9574-7a8b-4ed7-b830-bf686a3d4bb8/datanode-2/data/ratis/b761e470-9704-4c72-847c-4e9fb9bd23d5 does not exist. Creating ...
2019-09-25 07:04:49,867 [e568d23f-199e-48ce-91e4-5c166e2e97cd@group-BB1C97E9BFD8:LeaderElection1] INFO  server.RaftServerConfigKeys (ConfUtils.java:logGet(43)) - raft.server.staging.catchup.gap = 1000 (default)
2019-09-25 07:04:49,867 [e568d23f-199e-48ce-91e4-5c166e2e97cd@group-BB1C97E9BFD8:LeaderElection1] INFO  server.RaftServerConfigKeys (ConfUtils.java:logGet(43)) - raft.server.rpc.sleep.time = 25ms (default)
2019-09-25 07:04:49,871 [e568d23f-199e-48ce-91e4-5c166e2e97cd@group-BB1C97E9BFD8:LeaderElection1] INFO  server.RaftServerConfigKeys (ConfUtils.java:logGet(43)) - raft.server.write.element-limit = 4096 (default)
2019-09-25 07:04:49,875 [pool-47-thread-1] INFO  storage.RaftStorageDirectory (RaftStorageDirectory.java:tryLock(328)) - Lock on /workdir/hadoop-ozone/integration-test/target/test-dir/MiniOzoneClusterImpl-39af9574-7a8b-4ed7-b830-bf686a3d4bb8/datanode-2/data/ratis/b761e470-9704-4c72-847c-4e9fb9bd23d5/in_use.lock acquired by nodename 19495@pr-hdds-1569-s62bp-3040748787
2019-09-25 07:04:49,875 [e568d23f-199e-48ce-91e4-5c166e2e97cd@group-BB1C97E9BFD8:LeaderElection1] INFO  server.RaftServerConfigKeys (ConfUtils.java:logGet(43)) - raft.server.watch.timeout = 10s (default)
2019-09-25 07:04:49,875 [e568d23f-199e-48ce-91e4-5c166e2e97cd@group-BB1C97E9BFD8:LeaderElection1] INFO  server.RaftServerConfigKeys (ConfUtils.java:logGet(43)) - raft.server.watch.timeout.denomination = 1s (default)
2019-09-25 07:04:49,876 [e568d23f-199e-48ce-91e4-5c166e2e97cd@group-BB1C97E9BFD8:LeaderElection1] INFO  server.RaftServerConfigKeys (ConfUtils.java:logGet(43)) - raft.server.watch.element-limit = 65536 (default)
2019-09-25 07:04:49,888 [pool-47-thread-1] INFO  storage.RaftStorage (RaftStorage.java:format(72)) - Storage directory /workdir/hadoop-ozone/integration-test/target/test-dir/MiniOzoneClusterImpl-39af9574-7a8b-4ed7-b830-bf686a3d4bb8/datanode-2/data/ratis/b761e470-9704-4c72-847c-4e9fb9bd23d5 has been successfully formatted.
2019-09-25 07:04:49,888 [pool-47-thread-1] INFO  ratis.ContainerStateMachine (ContainerStateMachine.java:loadSnapshot(230)) - group-4E9FB9BD23D5: The snapshot info is null. Setting the last applied indexto:(t:0, i:~)
2019-09-25 07:04:49,888 [pool-47-thread-1] INFO  server.RaftServerConfigKeys (ConfUtils.java:logGet(43)) - raft.server.notification.no-leader.timeout = 120s (custom)
2019-09-25 07:04:49,888 [pool-47-thread-1] INFO  server.RaftServerConfigKeys (ConfUtils.java:logGet(43)) - raft.server.log.use.memory = false (default)
2019-09-25 07:04:49,888 [pool-47-thread-1] INFO  server.RaftServerConfigKeys (ConfUtils.java:logGet(43)) - raft.server.log.purge.gap = 1000000 (custom)
2019-09-25 07:04:49,889 [pool-47-thread-1] INFO  server.RaftServerConfigKeys (ConfUtils.java:logGet(43)) - raft.server.log.appender.buffer.byte-limit = 33554432 (custom)
2019-09-25 07:04:49,889 [pool-47-thread-1] INFO  server.RaftServerConfigKeys (ConfUtils.java:logGet(43)) - raft.server.log.segment.size.max = 1048576 (custom)
2019-09-25 07:04:49,889 [pool-47-thread-1] INFO  server.RaftServerConfigKeys (ConfUtils.java:logGet(43)) - raft.server.log.segment.cache.num.max = 2 (custom)
2019-09-25 07:04:49,889 [pool-47-thread-1] INFO  segmented.SegmentedRaftLogWorker (SegmentedRaftLogWorker.java:<init>(172)) - new 24bf2945-a329-4da6-aaf2-23ecd8d462c6@group-4E9FB9BD23D5-SegmentedRaftLogWorker for RaftStorage:Storage Directory /workdir/hadoop-ozone/integration-test/target/test-dir/MiniOzoneClusterImpl-39af9574-7a8b-4ed7-b830-bf686a3d4bb8/datanode-2/data/ratis/b761e470-9704-4c72-847c-4e9fb9bd23d5
2019-09-25 07:04:49,889 [pool-47-thread-1] INFO  server.RaftServerConfigKeys (ConfUtils.java:logGet(43)) - raft.server.log.queue.byte-limit = 2147483647 (custom)
2019-09-25 07:04:49,889 [pool-47-thread-1] INFO  server.RaftServerConfigKeys (ConfUtils.java:logGet(43)) - raft.server.log.queue.element-limit = 1024 (custom)
2019-09-25 07:04:49,889 [pool-47-thread-1] INFO  server.RaftServerConfigKeys (ConfUtils.java:logGet(43)) - raft.server.log.segment.size.max = 1048576 (custom)
2019-09-25 07:04:49,890 [pool-47-thread-1] INFO  server.RaftServerConfigKeys (ConfUtils.java:logGet(43)) - raft.server.log.preallocated.size = 16384 (custom)
2019-09-25 07:04:49,890 [pool-47-thread-1] INFO  server.RaftServerConfigKeys (ConfUtils.java:logGet(43)) - raft.server.log.write.buffer.size = 33554432 (custom)
2019-09-25 07:04:49,890 [pool-47-thread-1] INFO  server.RaftServerConfigKeys (ConfUtils.java:logGet(43)) - raft.server.log.force.sync.num = 128 (default)
2019-09-25 07:04:49,890 [pool-47-thread-1] INFO  server.RaftServerConfigKeys (ConfUtils.java:logGet(43)) - raft.server.log.statemachine.data.sync = true (default)
2019-09-25 07:04:49,890 [pool-47-thread-1] INFO  server.RaftServerConfigKeys (ConfUtils.java:logGet(43)) - raft.server.log.statemachine.data.sync.timeout = 10s (default)
2019-09-25 07:04:49,890 [pool-47-thread-1] INFO  server.RaftServerConfigKeys (ConfUtils.java:logGet(43)) - raft.server.log.statemachine.data.sync.timeout.retry = -1 (default)
2019-09-25 07:04:49,890 [pool-47-thread-1] INFO  server.RaftServerConfigKeys (ConfUtils.java:logGet(43)) - raft.server.log.statemachine.data.caching.enabled = true (custom)
2019-09-25 07:04:49,891 [e568d23f-199e-48ce-91e4-5c166e2e97cd@group-BB1C97E9BFD8:LeaderElection1] INFO  impl.RoleInfo (RoleInfo.java:updateAndGet(143)) - e568d23f-199e-48ce-91e4-5c166e2e97cd: start LeaderState
2019-09-25 07:04:49,891 [pool-47-thread-1] INFO  segmented.SegmentedRaftLogWorker (SegmentedRaftLogWorker.java:lambda$new$0(132)) - 24bf2945-a329-4da6-aaf2-23ecd8d462c6@group-4E9FB9BD23D5-SegmentedRaftLogWorker: flushIndex: setUnconditionally 0 -> -1
2019-09-25 07:04:49,891 [pool-47-thread-1] INFO  server.RaftServerConfigKeys (ConfUtils.java:logGet(43)) - raft.server.snapshot.auto.trigger.enabled = true (custom)
2019-09-25 07:04:49,891 [pool-47-thread-1] INFO  server.RaftServerConfigKeys (ConfUtils.java:logGet(43)) - raft.server.snapshot.auto.trigger.threshold = 10000 (custom)
2019-09-25 07:04:49,891 [pool-47-thread-1] INFO  server.RaftServerConfigKeys (ConfUtils.java:logGet(43)) - raft.server.snapshot.retention.num.files = 5 (custom)
2019-09-25 07:04:49,892 [pool-47-thread-1] INFO  server.RaftServerConfigKeys (ConfUtils.java:logGet(43)) - raft.server.retrycache.expirytime = 600000ms (custom)
2019-09-25 07:04:49,894 [pool-47-thread-1] INFO  impl.RaftServerImpl (RaftServerImpl.java:start(185)) - 24bf2945-a329-4da6-aaf2-23ecd8d462c6@group-4E9FB9BD23D5: start as a follower, conf=-1: [24bf2945-a329-4da6-aaf2-23ecd8d462c6:192.168.30.10:42867], old=null
2019-09-25 07:04:49,894 [pool-47-thread-1] INFO  impl.RaftServerImpl (RaftServerImpl.java:setRole(174)) - 24bf2945-a329-4da6-aaf2-23ecd8d462c6@group-4E9FB9BD23D5: changes role from      null to FOLLOWER at term 0 for startAsFollower
2019-09-25 07:04:49,894 [pool-47-thread-1] INFO  impl.RoleInfo (RoleInfo.java:updateAndGet(143)) - 24bf2945-a329-4da6-aaf2-23ecd8d462c6: start FollowerState
2019-09-25 07:04:49,895 [pool-47-thread-1] INFO  util.JmxRegister (JmxRegister.java:tryRegister(44)) - Successfully registered JMX Bean with object name Ratis:service=RaftServer,group=group-4E9FB9BD23D5,id=24bf2945-a329-4da6-aaf2-23ecd8d462c6
2019-09-25 07:04:49,897 [RatisPipelineUtilsThread] INFO  pipeline.PipelineStateManager (PipelineStateManager.java:addPipeline(56)) - Created pipeline Pipeline[ Id: b761e470-9704-4c72-847c-4e9fb9bd23d5, Nodes: 24bf2945-a329-4da6-aaf2-23ecd8d462c6{ip: 192.168.30.10, host: pr-hdds-1569-s62bp-3040748787, networkLocation: /default-rack, certSerialId: null}, Type:RATIS, Factor:ONE, State:OPEN]
2019-09-25 07:04:49,903 [grpc-default-executor-0] INFO  impl.RaftServerProxy (RaftServerProxy.java:addNew(89)) - 24bf2945-a329-4da6-aaf2-23ecd8d462c6: addNew group-339D99FADD64:[24bf2945-a329-4da6-aaf2-23ecd8d462c6:192.168.30.10:42867] returns group-339D99FADD64:java.util.concurrent.CompletableFuture@1f6981ba[Not completed]
2019-09-25 07:04:49,904 [pool-47-thread-1] INFO  impl.RaftServerImpl (RaftServerImpl.java:<init>(95)) - 24bf2945-a329-4da6-aaf2-23ecd8d462c6: new RaftServerImpl for group-339D99FADD64:[24bf2945-a329-4da6-aaf2-23ecd8d462c6:192.168.30.10:42867] with ContainerStateMachine:uninitialized
2019-09-25 07:04:49,904 [pool-47-thread-1] INFO  server.RaftServerConfigKeys (ConfUtils.java:logGet(43)) - raft.server.rpc.timeout.min = 5s (custom)
2019-09-25 07:04:49,904 [pool-47-thread-1] INFO  server.RaftServerConfigKeys (ConfUtils.java:logGet(43)) - raft.server.rpc.timeout.max = 5200ms (custom)
2019-09-25 07:04:49,904 [pool-47-thread-1] INFO  server.RaftServerConfigKeys (ConfUtils.java:logGet(43)) - raft.server.rpcslowness.timeout = 120s (custom)
2019-09-25 07:04:49,905 [pool-47-thread-1] INFO  server.RaftServerConfigKeys (ConfUtils.java:logGet(43)) - raft.server.sleep.deviation.threshold = 300 (default)
2019-09-25 07:04:49,905 [pool-47-thread-1] INFO  server.RaftServerConfigKeys (ConfUtils.java:logGet(43)) - raft.server.log.appender.install.snapshot.enabled = false (custom)
2019-09-25 07:04:49,908 [pool-47-thread-1] INFO  impl.RaftServerImpl (ServerState.java:<init>(103)) - 24bf2945-a329-4da6-aaf2-23ecd8d462c6@group-339D99FADD64: ConfigurationManager, init=-1: [24bf2945-a329-4da6-aaf2-23ecd8d462c6:192.168.30.10:42867], old=null, confs=<EMPTY_MAP>
2019-09-25 07:04:49,908 [pool-47-thread-1] INFO  server.RaftServerConfigKeys (ConfUtils.java:logGet(43)) - raft.server.storage.dir = [/workdir/hadoop-ozone/integration-test/target/test-dir/MiniOzoneClusterImpl-39af9574-7a8b-4ed7-b830-bf686a3d4bb8/datanode-2/data/ratis] (custom)
2019-09-25 07:04:49,909 [pool-47-thread-1] INFO  storage.RaftStorageDirectory (RaftStorageDirectory.java:analyzeStorage(246)) - The storage directory /workdir/hadoop-ozone/integration-test/target/test-dir/MiniOzoneClusterImpl-39af9574-7a8b-4ed7-b830-bf686a3d4bb8/datanode-2/data/ratis/f7cc9b56-12a8-4598-85bd-339d99fadd64 does not exist. Creating ...
2019-09-25 07:04:49,921 [pool-47-thread-1] INFO  storage.RaftStorageDirectory (RaftStorageDirectory.java:tryLock(328)) - Lock on /workdir/hadoop-ozone/integration-test/target/test-dir/MiniOzoneClusterImpl-39af9574-7a8b-4ed7-b830-bf686a3d4bb8/datanode-2/data/ratis/f7cc9b56-12a8-4598-85bd-339d99fadd64/in_use.lock acquired by nodename 19495@pr-hdds-1569-s62bp-3040748787
2019-09-25 07:04:49,922 [e568d23f-199e-48ce-91e4-5c166e2e97cd@group-BB1C97E9BFD8:LeaderElection1] INFO  segmented.SegmentedRaftLogWorker (SegmentedRaftLogWorker.java:startLogSegment(380)) - e568d23f-199e-48ce-91e4-5c166e2e97cd@group-BB1C97E9BFD8-SegmentedRaftLogWorker: Starting segment from index:0
2019-09-25 07:04:49,934 [e568d23f-199e-48ce-91e4-5c166e2e97cd@group-BB1C97E9BFD8:LeaderElection1] INFO  impl.RaftServerImpl (ServerState.java:setRaftConf(354)) - e568d23f-199e-48ce-91e4-5c166e2e97cd@group-BB1C97E9BFD8: set configuration 0: [e568d23f-199e-48ce-91e4-5c166e2e97cd:192.168.30.10:42827], old=null at 0
2019-09-25 07:04:49,940 [pool-47-thread-1] INFO  storage.RaftStorage (RaftStorage.java:format(72)) - Storage directory /workdir/hadoop-ozone/integration-test/target/test-dir/MiniOzoneClusterImpl-39af9574-7a8b-4ed7-b830-bf686a3d4bb8/datanode-2/data/ratis/f7cc9b56-12a8-4598-85bd-339d99fadd64 has been successfully formatted.
2019-09-25 07:04:49,940 [pool-47-thread-1] INFO  ratis.ContainerStateMachine (ContainerStateMachine.java:loadSnapshot(230)) - group-339D99FADD64: The snapshot info is null. Setting the last applied indexto:(t:0, i:~)
2019-09-25 07:04:49,940 [pool-47-thread-1] INFO  server.RaftServerConfigKeys (ConfUtils.java:logGet(43)) - raft.server.notification.no-leader.timeout = 120s (custom)
2019-09-25 07:04:49,940 [pool-47-thread-1] INFO  server.RaftServerConfigKeys (ConfUtils.java:logGet(43)) - raft.server.log.use.memory = false (default)
2019-09-25 07:04:49,940 [pool-47-thread-1] INFO  server.RaftServerConfigKeys (ConfUtils.java:logGet(43)) - raft.server.log.purge.gap = 1000000 (custom)
2019-09-25 07:04:49,940 [pool-47-thread-1] INFO  server.RaftServerConfigKeys (ConfUtils.java:logGet(43)) - raft.server.log.appender.buffer.byte-limit = 33554432 (custom)
2019-09-25 07:04:49,941 [pool-47-thread-1] INFO  server.RaftServerConfigKeys (ConfUtils.java:logGet(43)) - raft.server.log.segment.size.max = 1048576 (custom)
2019-09-25 07:04:49,941 [pool-47-thread-1] INFO  server.RaftServerConfigKeys (ConfUtils.java:logGet(43)) - raft.server.log.segment.cache.num.max = 2 (custom)
2019-09-25 07:04:49,941 [pool-47-thread-1] INFO  segmented.SegmentedRaftLogWorker (SegmentedRaftLogWorker.java:<init>(172)) - new 24bf2945-a329-4da6-aaf2-23ecd8d462c6@group-339D99FADD64-SegmentedRaftLogWorker for RaftStorage:Storage Directory /workdir/hadoop-ozone/integration-test/target/test-dir/MiniOzoneClusterImpl-39af9574-7a8b-4ed7-b830-bf686a3d4bb8/datanode-2/data/ratis/f7cc9b56-12a8-4598-85bd-339d99fadd64
2019-09-25 07:04:49,941 [pool-47-thread-1] INFO  server.RaftServerConfigKeys (ConfUtils.java:logGet(43)) - raft.server.log.queue.byte-limit = 2147483647 (custom)
2019-09-25 07:04:49,941 [pool-47-thread-1] INFO  server.RaftServerConfigKeys (ConfUtils.java:logGet(43)) - raft.server.log.queue.element-limit = 1024 (custom)
2019-09-25 07:04:49,941 [pool-47-thread-1] INFO  server.RaftServerConfigKeys (ConfUtils.java:logGet(43)) - raft.server.log.segment.size.max = 1048576 (custom)
2019-09-25 07:04:49,941 [pool-47-thread-1] INFO  server.RaftServerConfigKeys (ConfUtils.java:logGet(43)) - raft.server.log.preallocated.size = 16384 (custom)
2019-09-25 07:04:49,942 [pool-47-thread-1] INFO  server.RaftServerConfigKeys (ConfUtils.java:logGet(43)) - raft.server.log.write.buffer.size = 33554432 (custom)
2019-09-25 07:04:49,942 [pool-47-thread-1] INFO  server.RaftServerConfigKeys (ConfUtils.java:logGet(43)) - raft.server.log.force.sync.num = 128 (default)
2019-09-25 07:04:49,942 [pool-47-thread-1] INFO  server.RaftServerConfigKeys (ConfUtils.java:logGet(43)) - raft.server.log.statemachine.data.sync = true (default)
2019-09-25 07:04:49,942 [pool-47-thread-1] INFO  server.RaftServerConfigKeys (ConfUtils.java:logGet(43)) - raft.server.log.statemachine.data.sync.timeout = 10s (default)
2019-09-25 07:04:49,942 [pool-47-thread-1] INFO  server.RaftServerConfigKeys (ConfUtils.java:logGet(43)) - raft.server.log.statemachine.data.sync.timeout.retry = -1 (default)
2019-09-25 07:04:49,942 [pool-47-thread-1] INFO  server.RaftServerConfigKeys (ConfUtils.java:logGet(43)) - raft.server.log.statemachine.data.caching.enabled = true (custom)
2019-09-25 07:04:49,943 [pool-47-thread-1] INFO  segmented.SegmentedRaftLogWorker (SegmentedRaftLogWorker.java:lambda$new$0(132)) - 24bf2945-a329-4da6-aaf2-23ecd8d462c6@group-339D99FADD64-SegmentedRaftLogWorker: flushIndex: setUnconditionally 0 -> -1
2019-09-25 07:04:49,943 [pool-47-thread-1] INFO  server.RaftServerConfigKeys (ConfUtils.java:logGet(43)) - raft.server.snapshot.auto.trigger.enabled = true (custom)
2019-09-25 07:04:49,943 [pool-47-thread-1] INFO  server.RaftServerConfigKeys (ConfUtils.java:logGet(43)) - raft.server.snapshot.auto.trigger.threshold = 10000 (custom)
2019-09-25 07:04:49,943 [pool-47-thread-1] INFO  server.RaftServerConfigKeys (ConfUtils.java:logGet(43)) - raft.server.snapshot.retention.num.files = 5 (custom)
2019-09-25 07:04:49,943 [pool-47-thread-1] INFO  server.RaftServerConfigKeys (ConfUtils.java:logGet(43)) - raft.server.retrycache.expirytime = 600000ms (custom)
2019-09-25 07:04:49,945 [pool-47-thread-1] INFO  impl.RaftServerImpl (RaftServerImpl.java:start(185)) - 24bf2945-a329-4da6-aaf2-23ecd8d462c6@group-339D99FADD64: start as a follower, conf=-1: [24bf2945-a329-4da6-aaf2-23ecd8d462c6:192.168.30.10:42867], old=null
2019-09-25 07:04:49,946 [pool-47-thread-1] INFO  impl.RaftServerImpl (RaftServerImpl.java:setRole(174)) - 24bf2945-a329-4da6-aaf2-23ecd8d462c6@group-339D99FADD64: changes role from      null to FOLLOWER at term 0 for startAsFollower
2019-09-25 07:04:49,946 [pool-47-thread-1] INFO  impl.RoleInfo (RoleInfo.java:updateAndGet(143)) - 24bf2945-a329-4da6-aaf2-23ecd8d462c6: start FollowerState
2019-09-25 07:04:49,946 [pool-47-thread-1] INFO  util.JmxRegister (JmxRegister.java:tryRegister(44)) - Successfully registered JMX Bean with object name Ratis:service=RaftServer,group=group-339D99FADD64,id=24bf2945-a329-4da6-aaf2-23ecd8d462c6
2019-09-25 07:04:49,949 [RatisPipelineUtilsThread] INFO  pipeline.PipelineStateManager (PipelineStateManager.java:addPipeline(56)) - Created pipeline Pipeline[ Id: f7cc9b56-12a8-4598-85bd-339d99fadd64, Nodes: 24bf2945-a329-4da6-aaf2-23ecd8d462c6{ip: 192.168.30.10, host: pr-hdds-1569-s62bp-3040748787, networkLocation: /default-rack, certSerialId: null}, Type:RATIS, Factor:ONE, State:OPEN]
2019-09-25 07:04:49,954 [grpc-default-executor-0] INFO  impl.RaftServerProxy (RaftServerProxy.java:addNew(89)) - 62ec8eb9-3ae9-4136-b70a-2caf3716fa7f: addNew group-63FD56BDEF80:[62ec8eb9-3ae9-4136-b70a-2caf3716fa7f:192.168.30.10:44715] returns group-63FD56BDEF80:java.util.concurrent.CompletableFuture@54375286[Not completed]
2019-09-25 07:04:49,955 [pool-37-thread-1] INFO  impl.RaftServerImpl (RaftServerImpl.java:<init>(95)) - 62ec8eb9-3ae9-4136-b70a-2caf3716fa7f: new RaftServerImpl for group-63FD56BDEF80:[62ec8eb9-3ae9-4136-b70a-2caf3716fa7f:192.168.30.10:44715] with ContainerStateMachine:uninitialized
2019-09-25 07:04:49,956 [pool-37-thread-1] INFO  server.RaftServerConfigKeys (ConfUtils.java:logGet(43)) - raft.server.rpc.timeout.min = 5s (custom)
2019-09-25 07:04:49,956 [pool-37-thread-1] INFO  server.RaftServerConfigKeys (ConfUtils.java:logGet(43)) - raft.server.rpc.timeout.max = 5200ms (custom)
2019-09-25 07:04:49,956 [pool-37-thread-1] INFO  server.RaftServerConfigKeys (ConfUtils.java:logGet(43)) - raft.server.rpcslowness.timeout = 120s (custom)
2019-09-25 07:04:49,956 [pool-37-thread-1] INFO  server.RaftServerConfigKeys (ConfUtils.java:logGet(43)) - raft.server.sleep.deviation.threshold = 300 (default)
2019-09-25 07:04:49,956 [pool-37-thread-1] INFO  server.RaftServerConfigKeys (ConfUtils.java:logGet(43)) - raft.server.log.appender.install.snapshot.enabled = false (custom)
2019-09-25 07:04:49,956 [pool-37-thread-1] INFO  impl.RaftServerImpl (ServerState.java:<init>(103)) - 62ec8eb9-3ae9-4136-b70a-2caf3716fa7f@group-63FD56BDEF80: ConfigurationManager, init=-1: [62ec8eb9-3ae9-4136-b70a-2caf3716fa7f:192.168.30.10:44715], old=null, confs=<EMPTY_MAP>
2019-09-25 07:04:49,956 [pool-37-thread-1] INFO  server.RaftServerConfigKeys (ConfUtils.java:logGet(43)) - raft.server.storage.dir = [/workdir/hadoop-ozone/integration-test/target/test-dir/MiniOzoneClusterImpl-39af9574-7a8b-4ed7-b830-bf686a3d4bb8/datanode-1/data/ratis] (custom)
2019-09-25 07:04:49,957 [pool-37-thread-1] INFO  storage.RaftStorageDirectory (RaftStorageDirectory.java:analyzeStorage(246)) - The storage directory /workdir/hadoop-ozone/integration-test/target/test-dir/MiniOzoneClusterImpl-39af9574-7a8b-4ed7-b830-bf686a3d4bb8/datanode-1/data/ratis/f72ca7ae-57f7-4570-9efd-63fd56bdef80 does not exist. Creating ...
2019-09-25 07:04:49,982 [pool-37-thread-1] INFO  storage.RaftStorageDirectory (RaftStorageDirectory.java:tryLock(328)) - Lock on /workdir/hadoop-ozone/integration-test/target/test-dir/MiniOzoneClusterImpl-39af9574-7a8b-4ed7-b830-bf686a3d4bb8/datanode-1/data/ratis/f72ca7ae-57f7-4570-9efd-63fd56bdef80/in_use.lock acquired by nodename 19495@pr-hdds-1569-s62bp-3040748787
2019-09-25 07:04:50,003 [pool-37-thread-1] INFO  storage.RaftStorage (RaftStorage.java:format(72)) - Storage directory /workdir/hadoop-ozone/integration-test/target/test-dir/MiniOzoneClusterImpl-39af9574-7a8b-4ed7-b830-bf686a3d4bb8/datanode-1/data/ratis/f72ca7ae-57f7-4570-9efd-63fd56bdef80 has been successfully formatted.
2019-09-25 07:04:50,003 [pool-37-thread-1] INFO  ratis.ContainerStateMachine (ContainerStateMachine.java:loadSnapshot(230)) - group-63FD56BDEF80: The snapshot info is null. Setting the last applied indexto:(t:0, i:~)
2019-09-25 07:04:50,004 [pool-37-thread-1] INFO  server.RaftServerConfigKeys (ConfUtils.java:logGet(43)) - raft.server.notification.no-leader.timeout = 120s (custom)
2019-09-25 07:04:50,004 [pool-37-thread-1] INFO  server.RaftServerConfigKeys (ConfUtils.java:logGet(43)) - raft.server.log.use.memory = false (default)
2019-09-25 07:04:50,004 [pool-37-thread-1] INFO  server.RaftServerConfigKeys (ConfUtils.java:logGet(43)) - raft.server.log.purge.gap = 1000000 (custom)
2019-09-25 07:04:50,004 [pool-37-thread-1] INFO  server.RaftServerConfigKeys (ConfUtils.java:logGet(43)) - raft.server.log.appender.buffer.byte-limit = 33554432 (custom)
2019-09-25 07:04:50,004 [pool-37-thread-1] INFO  server.RaftServerConfigKeys (ConfUtils.java:logGet(43)) - raft.server.log.segment.size.max = 1048576 (custom)
2019-09-25 07:04:50,004 [pool-37-thread-1] INFO  server.RaftServerConfigKeys (ConfUtils.java:logGet(43)) - raft.server.log.segment.cache.num.max = 2 (custom)
2019-09-25 07:04:50,004 [pool-37-thread-1] INFO  segmented.SegmentedRaftLogWorker (SegmentedRaftLogWorker.java:<init>(172)) - new 62ec8eb9-3ae9-4136-b70a-2caf3716fa7f@group-63FD56BDEF80-SegmentedRaftLogWorker for RaftStorage:Storage Directory /workdir/hadoop-ozone/integration-test/target/test-dir/MiniOzoneClusterImpl-39af9574-7a8b-4ed7-b830-bf686a3d4bb8/datanode-1/data/ratis/f72ca7ae-57f7-4570-9efd-63fd56bdef80
2019-09-25 07:04:50,004 [pool-37-thread-1] INFO  server.RaftServerConfigKeys (ConfUtils.java:logGet(43)) - raft.server.log.queue.byte-limit = 2147483647 (custom)
2019-09-25 07:04:50,005 [pool-37-thread-1] INFO  server.RaftServerConfigKeys (ConfUtils.java:logGet(43)) - raft.server.log.queue.element-limit = 1024 (custom)
2019-09-25 07:04:50,005 [pool-37-thread-1] INFO  server.RaftServerConfigKeys (ConfUtils.java:logGet(43)) - raft.server.log.segment.size.max = 1048576 (custom)
2019-09-25 07:04:50,005 [pool-37-thread-1] INFO  server.RaftServerConfigKeys (ConfUtils.java:logGet(43)) - raft.server.log.preallocated.size = 16384 (custom)
2019-09-25 07:04:50,005 [pool-37-thread-1] INFO  server.RaftServerConfigKeys (ConfUtils.java:logGet(43)) - raft.server.log.write.buffer.size = 33554432 (custom)
2019-09-25 07:04:50,005 [pool-37-thread-1] INFO  server.RaftServerConfigKeys (ConfUtils.java:logGet(43)) - raft.server.log.force.sync.num = 128 (default)
2019-09-25 07:04:50,005 [pool-37-thread-1] INFO  server.RaftServerConfigKeys (ConfUtils.java:logGet(43)) - raft.server.log.statemachine.data.sync = true (default)
2019-09-25 07:04:50,005 [pool-37-thread-1] INFO  server.RaftServerConfigKeys (ConfUtils.java:logGet(43)) - raft.server.log.statemachine.data.sync.timeout = 10s (default)
2019-09-25 07:04:50,005 [pool-37-thread-1] INFO  server.RaftServerConfigKeys (ConfUtils.java:logGet(43)) - raft.server.log.statemachine.data.sync.timeout.retry = -1 (default)
2019-09-25 07:04:50,006 [pool-37-thread-1] INFO  server.RaftServerConfigKeys (ConfUtils.java:logGet(43)) - raft.server.log.statemachine.data.caching.enabled = true (custom)
2019-09-25 07:04:50,006 [pool-37-thread-1] INFO  segmented.SegmentedRaftLogWorker (SegmentedRaftLogWorker.java:lambda$new$0(132)) - 62ec8eb9-3ae9-4136-b70a-2caf3716fa7f@group-63FD56BDEF80-SegmentedRaftLogWorker: flushIndex: setUnconditionally 0 -> -1
2019-09-25 07:04:50,006 [pool-37-thread-1] INFO  server.RaftServerConfigKeys (ConfUtils.java:logGet(43)) - raft.server.snapshot.auto.trigger.enabled = true (custom)
2019-09-25 07:04:50,006 [pool-37-thread-1] INFO  server.RaftServerConfigKeys (ConfUtils.java:logGet(43)) - raft.server.snapshot.auto.trigger.threshold = 10000 (custom)
2019-09-25 07:04:50,006 [pool-37-thread-1] INFO  server.RaftServerConfigKeys (ConfUtils.java:logGet(43)) - raft.server.snapshot.retention.num.files = 5 (custom)
2019-09-25 07:04:50,006 [pool-37-thread-1] INFO  server.RaftServerConfigKeys (ConfUtils.java:logGet(43)) - raft.server.retrycache.expirytime = 600000ms (custom)
2019-09-25 07:04:50,008 [pool-37-thread-1] INFO  impl.RaftServerImpl (RaftServerImpl.java:start(185)) - 62ec8eb9-3ae9-4136-b70a-2caf3716fa7f@group-63FD56BDEF80: start as a follower, conf=-1: [62ec8eb9-3ae9-4136-b70a-2caf3716fa7f:192.168.30.10:44715], old=null
2019-09-25 07:04:50,008 [pool-37-thread-1] INFO  impl.RaftServerImpl (RaftServerImpl.java:setRole(174)) - 62ec8eb9-3ae9-4136-b70a-2caf3716fa7f@group-63FD56BDEF80: changes role from      null to FOLLOWER at term 0 for startAsFollower
2019-09-25 07:04:50,009 [pool-37-thread-1] INFO  impl.RoleInfo (RoleInfo.java:updateAndGet(143)) - 62ec8eb9-3ae9-4136-b70a-2caf3716fa7f: start FollowerState
2019-09-25 07:04:50,009 [pool-37-thread-1] INFO  util.JmxRegister (JmxRegister.java:tryRegister(44)) - Successfully registered JMX Bean with object name Ratis:service=RaftServer,group=group-63FD56BDEF80,id=62ec8eb9-3ae9-4136-b70a-2caf3716fa7f
2019-09-25 07:04:50,011 [RatisPipelineUtilsThread] INFO  pipeline.PipelineStateManager (PipelineStateManager.java:addPipeline(56)) - Created pipeline Pipeline[ Id: f72ca7ae-57f7-4570-9efd-63fd56bdef80, Nodes: 62ec8eb9-3ae9-4136-b70a-2caf3716fa7f{ip: 192.168.30.10, host: pr-hdds-1569-s62bp-3040748787, networkLocation: /default-rack, certSerialId: null}, Type:RATIS, Factor:ONE, State:OPEN]
2019-09-25 07:04:50,016 [grpc-default-executor-0] INFO  impl.RaftServerProxy (RaftServerProxy.java:addNew(89)) - 62ec8eb9-3ae9-4136-b70a-2caf3716fa7f: addNew group-465D573F1739:[62ec8eb9-3ae9-4136-b70a-2caf3716fa7f:192.168.30.10:44715] returns group-465D573F1739:java.util.concurrent.CompletableFuture@726febad[Not completed]
2019-09-25 07:04:50,017 [pool-37-thread-1] INFO  impl.RaftServerImpl (RaftServerImpl.java:<init>(95)) - 62ec8eb9-3ae9-4136-b70a-2caf3716fa7f: new RaftServerImpl for group-465D573F1739:[62ec8eb9-3ae9-4136-b70a-2caf3716fa7f:192.168.30.10:44715] with ContainerStateMachine:uninitialized
2019-09-25 07:04:50,017 [pool-37-thread-1] INFO  server.RaftServerConfigKeys (ConfUtils.java:logGet(43)) - raft.server.rpc.timeout.min = 5s (custom)
2019-09-25 07:04:50,017 [pool-37-thread-1] INFO  server.RaftServerConfigKeys (ConfUtils.java:logGet(43)) - raft.server.rpc.timeout.max = 5200ms (custom)
2019-09-25 07:04:50,017 [pool-37-thread-1] INFO  server.RaftServerConfigKeys (ConfUtils.java:logGet(43)) - raft.server.rpcslowness.timeout = 120s (custom)
2019-09-25 07:04:50,018 [pool-37-thread-1] INFO  server.RaftServerConfigKeys (ConfUtils.java:logGet(43)) - raft.server.sleep.deviation.threshold = 300 (default)
2019-09-25 07:04:50,018 [pool-37-thread-1] INFO  server.RaftServerConfigKeys (ConfUtils.java:logGet(43)) - raft.server.log.appender.install.snapshot.enabled = false (custom)
2019-09-25 07:04:50,018 [pool-37-thread-1] INFO  impl.RaftServerImpl (ServerState.java:<init>(103)) - 62ec8eb9-3ae9-4136-b70a-2caf3716fa7f@group-465D573F1739: ConfigurationManager, init=-1: [62ec8eb9-3ae9-4136-b70a-2caf3716fa7f:192.168.30.10:44715], old=null, confs=<EMPTY_MAP>
2019-09-25 07:04:50,018 [pool-37-thread-1] INFO  server.RaftServerConfigKeys (ConfUtils.java:logGet(43)) - raft.server.storage.dir = [/workdir/hadoop-ozone/integration-test/target/test-dir/MiniOzoneClusterImpl-39af9574-7a8b-4ed7-b830-bf686a3d4bb8/datanode-1/data/ratis] (custom)
2019-09-25 07:04:50,019 [pool-37-thread-1] INFO  storage.RaftStorageDirectory (RaftStorageDirectory.java:analyzeStorage(246)) - The storage directory /workdir/hadoop-ozone/integration-test/target/test-dir/MiniOzoneClusterImpl-39af9574-7a8b-4ed7-b830-bf686a3d4bb8/datanode-1/data/ratis/17c423e8-b021-4dd7-ab9a-465d573f1739 does not exist. Creating ...
2019-09-25 07:04:50,034 [pool-37-thread-1] INFO  storage.RaftStorageDirectory (RaftStorageDirectory.java:tryLock(328)) - Lock on /workdir/hadoop-ozone/integration-test/target/test-dir/MiniOzoneClusterImpl-39af9574-7a8b-4ed7-b830-bf686a3d4bb8/datanode-1/data/ratis/17c423e8-b021-4dd7-ab9a-465d573f1739/in_use.lock acquired by nodename 19495@pr-hdds-1569-s62bp-3040748787
2019-09-25 07:04:50,035 [Thread-183] INFO  impl.FollowerState (FollowerState.java:run(106)) - 62ec8eb9-3ae9-4136-b70a-2caf3716fa7f:group-D2C29492D890 changes to CANDIDATE, lastRpcTime:5188, electionTimeout:5187ms
2019-09-25 07:04:50,036 [Thread-183] INFO  impl.RoleInfo (RoleInfo.java:shutdownFollowerState(121)) - 62ec8eb9-3ae9-4136-b70a-2caf3716fa7f: shutdown FollowerState
2019-09-25 07:04:50,036 [Thread-183] INFO  impl.RaftServerImpl (RaftServerImpl.java:setRole(174)) - 62ec8eb9-3ae9-4136-b70a-2caf3716fa7f@group-D2C29492D890: changes role from  FOLLOWER to CANDIDATE at term 0 for changeToCandidate
2019-09-25 07:04:50,037 [Thread-183] INFO  impl.RoleInfo (RoleInfo.java:updateAndGet(143)) - 62ec8eb9-3ae9-4136-b70a-2caf3716fa7f: start LeaderElection
2019-09-25 07:04:50,049 [pool-37-thread-1] INFO  storage.RaftStorage (RaftStorage.java:format(72)) - Storage directory /workdir/hadoop-ozone/integration-test/target/test-dir/MiniOzoneClusterImpl-39af9574-7a8b-4ed7-b830-bf686a3d4bb8/datanode-1/data/ratis/17c423e8-b021-4dd7-ab9a-465d573f1739 has been successfully formatted.
2019-09-25 07:04:50,051 [pool-37-thread-1] INFO  ratis.ContainerStateMachine (ContainerStateMachine.java:loadSnapshot(230)) - group-465D573F1739: The snapshot info is null. Setting the last applied indexto:(t:0, i:~)
2019-09-25 07:04:50,051 [pool-37-thread-1] INFO  server.RaftServerConfigKeys (ConfUtils.java:logGet(43)) - raft.server.notification.no-leader.timeout = 120s (custom)
2019-09-25 07:04:50,051 [pool-37-thread-1] INFO  server.RaftServerConfigKeys (ConfUtils.java:logGet(43)) - raft.server.log.use.memory = false (default)
2019-09-25 07:04:50,051 [pool-37-thread-1] INFO  server.RaftServerConfigKeys (ConfUtils.java:logGet(43)) - raft.server.log.purge.gap = 1000000 (custom)
2019-09-25 07:04:50,051 [pool-37-thread-1] INFO  server.RaftServerConfigKeys (ConfUtils.java:logGet(43)) - raft.server.log.appender.buffer.byte-limit = 33554432 (custom)
2019-09-25 07:04:50,052 [pool-37-thread-1] INFO  server.RaftServerConfigKeys (ConfUtils.java:logGet(43)) - raft.server.log.segment.size.max = 1048576 (custom)
2019-09-25 07:04:50,052 [pool-37-thread-1] INFO  server.RaftServerConfigKeys (ConfUtils.java:logGet(43)) - raft.server.log.segment.cache.num.max = 2 (custom)
2019-09-25 07:04:50,052 [pool-37-thread-1] INFO  segmented.SegmentedRaftLogWorker (SegmentedRaftLogWorker.java:<init>(172)) - new 62ec8eb9-3ae9-4136-b70a-2caf3716fa7f@group-465D573F1739-SegmentedRaftLogWorker for RaftStorage:Storage Directory /workdir/hadoop-ozone/integration-test/target/test-dir/MiniOzoneClusterImpl-39af9574-7a8b-4ed7-b830-bf686a3d4bb8/datanode-1/data/ratis/17c423e8-b021-4dd7-ab9a-465d573f1739
2019-09-25 07:04:50,052 [pool-37-thread-1] INFO  server.RaftServerConfigKeys (ConfUtils.java:logGet(43)) - raft.server.log.queue.byte-limit = 2147483647 (custom)
2019-09-25 07:04:50,052 [pool-37-thread-1] INFO  server.RaftServerConfigKeys (ConfUtils.java:logGet(43)) - raft.server.log.queue.element-limit = 1024 (custom)
2019-09-25 07:04:50,052 [pool-37-thread-1] INFO  server.RaftServerConfigKeys (ConfUtils.java:logGet(43)) - raft.server.log.segment.size.max = 1048576 (custom)
2019-09-25 07:04:50,052 [pool-37-thread-1] INFO  server.RaftServerConfigKeys (ConfUtils.java:logGet(43)) - raft.server.log.preallocated.size = 16384 (custom)
2019-09-25 07:04:50,053 [pool-37-thread-1] INFO  server.RaftServerConfigKeys (ConfUtils.java:logGet(43)) - raft.server.log.write.buffer.size = 33554432 (custom)
2019-09-25 07:04:50,053 [pool-37-thread-1] INFO  server.RaftServerConfigKeys (ConfUtils.java:logGet(43)) - raft.server.log.force.sync.num = 128 (default)
2019-09-25 07:04:50,053 [pool-37-thread-1] INFO  server.RaftServerConfigKeys (ConfUtils.java:logGet(43)) - raft.server.log.statemachine.data.sync = true (default)
2019-09-25 07:04:50,053 [pool-37-thread-1] INFO  server.RaftServerConfigKeys (ConfUtils.java:logGet(43)) - raft.server.log.statemachine.data.sync.timeout = 10s (default)
2019-09-25 07:04:50,053 [pool-37-thread-1] INFO  server.RaftServerConfigKeys (ConfUtils.java:logGet(43)) - raft.server.log.statemachine.data.sync.timeout.retry = -1 (default)
2019-09-25 07:04:50,053 [pool-37-thread-1] INFO  server.RaftServerConfigKeys (ConfUtils.java:logGet(43)) - raft.server.log.statemachine.data.caching.enabled = true (custom)
2019-09-25 07:04:50,054 [pool-37-thread-1] INFO  segmented.SegmentedRaftLogWorker (SegmentedRaftLogWorker.java:lambda$new$0(132)) - 62ec8eb9-3ae9-4136-b70a-2caf3716fa7f@group-465D573F1739-SegmentedRaftLogWorker: flushIndex: setUnconditionally 0 -> -1
2019-09-25 07:04:50,054 [pool-37-thread-1] INFO  server.RaftServerConfigKeys (ConfUtils.java:logGet(43)) - raft.server.snapshot.auto.trigger.enabled = true (custom)
2019-09-25 07:04:50,054 [pool-37-thread-1] INFO  server.RaftServerConfigKeys (ConfUtils.java:logGet(43)) - raft.server.snapshot.auto.trigger.threshold = 10000 (custom)
2019-09-25 07:04:50,054 [pool-37-thread-1] INFO  server.RaftServerConfigKeys (ConfUtils.java:logGet(43)) - raft.server.snapshot.retention.num.files = 5 (custom)
2019-09-25 07:04:50,054 [pool-37-thread-1] INFO  server.RaftServerConfigKeys (ConfUtils.java:logGet(43)) - raft.server.retrycache.expirytime = 600000ms (custom)
2019-09-25 07:04:50,056 [pool-37-thread-1] INFO  impl.RaftServerImpl (RaftServerImpl.java:start(185)) - 62ec8eb9-3ae9-4136-b70a-2caf3716fa7f@group-465D573F1739: start as a follower, conf=-1: [62ec8eb9-3ae9-4136-b70a-2caf3716fa7f:192.168.30.10:44715], old=null
2019-09-25 07:04:50,057 [pool-37-thread-1] INFO  impl.RaftServerImpl (RaftServerImpl.java:setRole(174)) - 62ec8eb9-3ae9-4136-b70a-2caf3716fa7f@group-465D573F1739: changes role from      null to FOLLOWER at term 0 for startAsFollower
2019-09-25 07:04:50,057 [pool-37-thread-1] INFO  impl.RoleInfo (RoleInfo.java:updateAndGet(143)) - 62ec8eb9-3ae9-4136-b70a-2caf3716fa7f: start FollowerState
2019-09-25 07:04:50,057 [pool-37-thread-1] INFO  util.JmxRegister (JmxRegister.java:tryRegister(44)) - Successfully registered JMX Bean with object name Ratis:service=RaftServer,group=group-465D573F1739,id=62ec8eb9-3ae9-4136-b70a-2caf3716fa7f
2019-09-25 07:04:50,060 [RatisPipelineUtilsThread] INFO  pipeline.PipelineStateManager (PipelineStateManager.java:addPipeline(56)) - Created pipeline Pipeline[ Id: 17c423e8-b021-4dd7-ab9a-465d573f1739, Nodes: 62ec8eb9-3ae9-4136-b70a-2caf3716fa7f{ip: 192.168.30.10, host: pr-hdds-1569-s62bp-3040748787, networkLocation: /default-rack, certSerialId: null}, Type:RATIS, Factor:ONE, State:OPEN]
2019-09-25 07:04:50,063 [62ec8eb9-3ae9-4136-b70a-2caf3716fa7f@group-D2C29492D890:LeaderElection2] INFO  impl.LeaderElection (LeaderElection.java:askForVotes(182)) - 62ec8eb9-3ae9-4136-b70a-2caf3716fa7f@group-D2C29492D890:LeaderElection2: begin an election at term 1 for -1: [62ec8eb9-3ae9-4136-b70a-2caf3716fa7f:192.168.30.10:44715], old=null
2019-09-25 07:04:50,064 [Thread-186] INFO  impl.FollowerState (FollowerState.java:run(106)) - 24bf2945-a329-4da6-aaf2-23ecd8d462c6:group-8655732C89B0 changes to CANDIDATE, lastRpcTime:5104, electionTimeout:5103ms
2019-09-25 07:04:50,065 [62ec8eb9-3ae9-4136-b70a-2caf3716fa7f@group-D2C29492D890:LeaderElection2] INFO  impl.RoleInfo (RoleInfo.java:shutdownLeaderElection(134)) - 62ec8eb9-3ae9-4136-b70a-2caf3716fa7f: shutdown LeaderElection
2019-09-25 07:04:50,065 [Thread-186] INFO  impl.RoleInfo (RoleInfo.java:shutdownFollowerState(121)) - 24bf2945-a329-4da6-aaf2-23ecd8d462c6: shutdown FollowerState
2019-09-25 07:04:50,065 [62ec8eb9-3ae9-4136-b70a-2caf3716fa7f@group-D2C29492D890:LeaderElection2] INFO  impl.RaftServerImpl (RaftServerImpl.java:setRole(174)) - 62ec8eb9-3ae9-4136-b70a-2caf3716fa7f@group-D2C29492D890: changes role from CANDIDATE to LEADER at term 1 for changeToLeader
2019-09-25 07:04:50,065 [Thread-186] INFO  impl.RaftServerImpl (RaftServerImpl.java:setRole(174)) - 24bf2945-a329-4da6-aaf2-23ecd8d462c6@group-8655732C89B0: changes role from  FOLLOWER to CANDIDATE at term 0 for changeToCandidate
2019-09-25 07:04:50,065 [62ec8eb9-3ae9-4136-b70a-2caf3716fa7f@group-D2C29492D890:LeaderElection2] INFO  impl.RaftServerImpl (ServerState.java:setLeader(253)) - 62ec8eb9-3ae9-4136-b70a-2caf3716fa7f@group-D2C29492D890: change Leader from null to 62ec8eb9-3ae9-4136-b70a-2caf3716fa7f at term 1 for becomeLeader, leader elected after 5239ms
2019-09-25 07:04:50,066 [Thread-186] INFO  impl.RoleInfo (RoleInfo.java:updateAndGet(143)) - 24bf2945-a329-4da6-aaf2-23ecd8d462c6: start LeaderElection
2019-09-25 07:04:50,066 [62ec8eb9-3ae9-4136-b70a-2caf3716fa7f@group-D2C29492D890:LeaderElection2] INFO  server.RaftServerConfigKeys (ConfUtils.java:logGet(43)) - raft.server.staging.catchup.gap = 1000 (default)
2019-09-25 07:04:50,066 [62ec8eb9-3ae9-4136-b70a-2caf3716fa7f@group-D2C29492D890:LeaderElection2] INFO  server.RaftServerConfigKeys (ConfUtils.java:logGet(43)) - raft.server.rpc.sleep.time = 25ms (default)
2019-09-25 07:04:50,071 [62ec8eb9-3ae9-4136-b70a-2caf3716fa7f@group-D2C29492D890:LeaderElection2] INFO  server.RaftServerConfigKeys (ConfUtils.java:logGet(43)) - raft.server.write.element-limit = 4096 (default)
2019-09-25 07:04:50,071 [62ec8eb9-3ae9-4136-b70a-2caf3716fa7f@group-D2C29492D890:LeaderElection2] INFO  server.RaftServerConfigKeys (ConfUtils.java:logGet(43)) - raft.server.watch.timeout = 10s (default)
2019-09-25 07:04:50,071 [62ec8eb9-3ae9-4136-b70a-2caf3716fa7f@group-D2C29492D890:LeaderElection2] INFO  server.RaftServerConfigKeys (ConfUtils.java:logGet(43)) - raft.server.watch.timeout.denomination = 1s (default)
2019-09-25 07:04:50,071 [62ec8eb9-3ae9-4136-b70a-2caf3716fa7f@group-D2C29492D890:LeaderElection2] INFO  server.RaftServerConfigKeys (ConfUtils.java:logGet(43)) - raft.server.watch.element-limit = 65536 (default)
2019-09-25 07:04:50,072 [grpc-default-executor-0] INFO  impl.RaftServerProxy (RaftServerProxy.java:addNew(89)) - 24bf2945-a329-4da6-aaf2-23ecd8d462c6: addNew group-0F02076B3222:[24bf2945-a329-4da6-aaf2-23ecd8d462c6:192.168.30.10:42867] returns group-0F02076B3222:java.util.concurrent.CompletableFuture@77fa2b1b[Not completed]
2019-09-25 07:04:50,073 [pool-47-thread-1] INFO  impl.RaftServerImpl (RaftServerImpl.java:<init>(95)) - 24bf2945-a329-4da6-aaf2-23ecd8d462c6: new RaftServerImpl for group-0F02076B3222:[24bf2945-a329-4da6-aaf2-23ecd8d462c6:192.168.30.10:42867] with ContainerStateMachine:uninitialized
2019-09-25 07:04:50,073 [pool-47-thread-1] INFO  server.RaftServerConfigKeys (ConfUtils.java:logGet(43)) - raft.server.rpc.timeout.min = 5s (custom)
2019-09-25 07:04:50,073 [pool-47-thread-1] INFO  server.RaftServerConfigKeys (ConfUtils.java:logGet(43)) - raft.server.rpc.timeout.max = 5200ms (custom)
2019-09-25 07:04:50,073 [pool-47-thread-1] INFO  server.RaftServerConfigKeys (ConfUtils.java:logGet(43)) - raft.server.rpcslowness.timeout = 120s (custom)
2019-09-25 07:04:50,073 [pool-47-thread-1] INFO  server.RaftServerConfigKeys (ConfUtils.java:logGet(43)) - raft.server.sleep.deviation.threshold = 300 (default)
2019-09-25 07:04:50,073 [pool-47-thread-1] INFO  server.RaftServerConfigKeys (ConfUtils.java:logGet(43)) - raft.server.log.appender.install.snapshot.enabled = false (custom)
2019-09-25 07:04:50,073 [62ec8eb9-3ae9-4136-b70a-2caf3716fa7f@group-D2C29492D890:LeaderElection2] INFO  impl.RoleInfo (RoleInfo.java:updateAndGet(143)) - 62ec8eb9-3ae9-4136-b70a-2caf3716fa7f: start LeaderState
2019-09-25 07:04:50,074 [pool-47-thread-1] INFO  impl.RaftServerImpl (ServerState.java:<init>(103)) - 24bf2945-a329-4da6-aaf2-23ecd8d462c6@group-0F02076B3222: ConfigurationManager, init=-1: [24bf2945-a329-4da6-aaf2-23ecd8d462c6:192.168.30.10:42867], old=null, confs=<EMPTY_MAP>
2019-09-25 07:04:50,074 [62ec8eb9-3ae9-4136-b70a-2caf3716fa7f@group-D2C29492D890:LeaderElection2] INFO  segmented.SegmentedRaftLogWorker (SegmentedRaftLogWorker.java:startLogSegment(380)) - 62ec8eb9-3ae9-4136-b70a-2caf3716fa7f@group-D2C29492D890-SegmentedRaftLogWorker: Starting segment from index:0
2019-09-25 07:04:50,074 [pool-47-thread-1] INFO  server.RaftServerConfigKeys (ConfUtils.java:logGet(43)) - raft.server.storage.dir = [/workdir/hadoop-ozone/integration-test/target/test-dir/MiniOzoneClusterImpl-39af9574-7a8b-4ed7-b830-bf686a3d4bb8/datanode-2/data/ratis] (custom)
2019-09-25 07:04:50,074 [62ec8eb9-3ae9-4136-b70a-2caf3716fa7f@group-D2C29492D890:LeaderElection2] INFO  impl.RaftServerImpl (ServerState.java:setRaftConf(354)) - 62ec8eb9-3ae9-4136-b70a-2caf3716fa7f@group-D2C29492D890: set configuration 0: [62ec8eb9-3ae9-4136-b70a-2caf3716fa7f:192.168.30.10:44715], old=null at 0
2019-09-25 07:04:50,076 [pool-47-thread-1] INFO  storage.RaftStorageDirectory (RaftStorageDirectory.java:analyzeStorage(246)) - The storage directory /workdir/hadoop-ozone/integration-test/target/test-dir/MiniOzoneClusterImpl-39af9574-7a8b-4ed7-b830-bf686a3d4bb8/datanode-2/data/ratis/06a4e8d6-9e57-40e5-837e-0f02076b3222 does not exist. Creating ...
2019-09-25 07:04:50,085 [pool-47-thread-1] INFO  storage.RaftStorageDirectory (RaftStorageDirectory.java:tryLock(328)) - Lock on /workdir/hadoop-ozone/integration-test/target/test-dir/MiniOzoneClusterImpl-39af9574-7a8b-4ed7-b830-bf686a3d4bb8/datanode-2/data/ratis/06a4e8d6-9e57-40e5-837e-0f02076b3222/in_use.lock acquired by nodename 19495@pr-hdds-1569-s62bp-3040748787
2019-09-25 07:04:50,085 [24bf2945-a329-4da6-aaf2-23ecd8d462c6@group-8655732C89B0:LeaderElection3] INFO  impl.LeaderElection (LeaderElection.java:askForVotes(182)) - 24bf2945-a329-4da6-aaf2-23ecd8d462c6@group-8655732C89B0:LeaderElection3: begin an election at term 1 for -1: [24bf2945-a329-4da6-aaf2-23ecd8d462c6:192.168.30.10:42867], old=null
2019-09-25 07:04:50,085 [24bf2945-a329-4da6-aaf2-23ecd8d462c6@group-8655732C89B0:LeaderElection3] INFO  impl.RoleInfo (RoleInfo.java:shutdownLeaderElection(134)) - 24bf2945-a329-4da6-aaf2-23ecd8d462c6: shutdown LeaderElection
2019-09-25 07:04:50,085 [24bf2945-a329-4da6-aaf2-23ecd8d462c6@group-8655732C89B0:LeaderElection3] INFO  impl.RaftServerImpl (RaftServerImpl.java:setRole(174)) - 24bf2945-a329-4da6-aaf2-23ecd8d462c6@group-8655732C89B0: changes role from CANDIDATE to LEADER at term 1 for changeToLeader
2019-09-25 07:04:50,085 [24bf2945-a329-4da6-aaf2-23ecd8d462c6@group-8655732C89B0:LeaderElection3] INFO  impl.RaftServerImpl (ServerState.java:setLeader(253)) - 24bf2945-a329-4da6-aaf2-23ecd8d462c6@group-8655732C89B0: change Leader from null to 24bf2945-a329-4da6-aaf2-23ecd8d462c6 at term 1 for becomeLeader, leader elected after 5159ms
2019-09-25 07:04:50,085 [24bf2945-a329-4da6-aaf2-23ecd8d462c6@group-8655732C89B0:LeaderElection3] INFO  server.RaftServerConfigKeys (ConfUtils.java:logGet(43)) - raft.server.staging.catchup.gap = 1000 (default)
2019-09-25 07:04:50,085 [24bf2945-a329-4da6-aaf2-23ecd8d462c6@group-8655732C89B0:LeaderElection3] INFO  server.RaftServerConfigKeys (ConfUtils.java:logGet(43)) - raft.server.rpc.sleep.time = 25ms (default)
2019-09-25 07:04:50,086 [24bf2945-a329-4da6-aaf2-23ecd8d462c6@group-8655732C89B0:LeaderElection3] INFO  server.RaftServerConfigKeys (ConfUtils.java:logGet(43)) - raft.server.write.element-limit = 4096 (default)
2019-09-25 07:04:50,086 [24bf2945-a329-4da6-aaf2-23ecd8d462c6@group-8655732C89B0:LeaderElection3] INFO  server.RaftServerConfigKeys (ConfUtils.java:logGet(43)) - raft.server.watch.timeout = 10s (default)
2019-09-25 07:04:50,086 [24bf2945-a329-4da6-aaf2-23ecd8d462c6@group-8655732C89B0:LeaderElection3] INFO  server.RaftServerConfigKeys (ConfUtils.java:logGet(43)) - raft.server.watch.timeout.denomination = 1s (default)
2019-09-25 07:04:50,086 [24bf2945-a329-4da6-aaf2-23ecd8d462c6@group-8655732C89B0:LeaderElection3] INFO  server.RaftServerConfigKeys (ConfUtils.java:logGet(43)) - raft.server.watch.element-limit = 65536 (default)
2019-09-25 07:04:50,088 [24bf2945-a329-4da6-aaf2-23ecd8d462c6@group-8655732C89B0:LeaderElection3] INFO  impl.RoleInfo (RoleInfo.java:updateAndGet(143)) - 24bf2945-a329-4da6-aaf2-23ecd8d462c6: start LeaderState
2019-09-25 07:04:50,088 [24bf2945-a329-4da6-aaf2-23ecd8d462c6@group-8655732C89B0:LeaderElection3] INFO  segmented.SegmentedRaftLogWorker (SegmentedRaftLogWorker.java:startLogSegment(380)) - 24bf2945-a329-4da6-aaf2-23ecd8d462c6@group-8655732C89B0-SegmentedRaftLogWorker: Starting segment from index:0
2019-09-25 07:04:50,089 [24bf2945-a329-4da6-aaf2-23ecd8d462c6@group-8655732C89B0:LeaderElection3] INFO  impl.RaftServerImpl (ServerState.java:setRaftConf(354)) - 24bf2945-a329-4da6-aaf2-23ecd8d462c6@group-8655732C89B0: set configuration 0: [24bf2945-a329-4da6-aaf2-23ecd8d462c6:192.168.30.10:42867], old=null at 0
2019-09-25 07:04:50,098 [pool-47-thread-1] INFO  storage.RaftStorage (RaftStorage.java:format(72)) - Storage directory /workdir/hadoop-ozone/integration-test/target/test-dir/MiniOzoneClusterImpl-39af9574-7a8b-4ed7-b830-bf686a3d4bb8/datanode-2/data/ratis/06a4e8d6-9e57-40e5-837e-0f02076b3222 has been successfully formatted.
2019-09-25 07:04:50,099 [pool-47-thread-1] INFO  ratis.ContainerStateMachine (ContainerStateMachine.java:loadSnapshot(230)) - group-0F02076B3222: The snapshot info is null. Setting the last applied indexto:(t:0, i:~)
2019-09-25 07:04:50,099 [pool-47-thread-1] INFO  server.RaftServerConfigKeys (ConfUtils.java:logGet(43)) - raft.server.notification.no-leader.timeout = 120s (custom)
2019-09-25 07:04:50,099 [pool-47-thread-1] INFO  server.RaftServerConfigKeys (ConfUtils.java:logGet(43)) - raft.server.log.use.memory = false (default)
2019-09-25 07:04:50,099 [pool-47-thread-1] INFO  server.RaftServerConfigKeys (ConfUtils.java:logGet(43)) - raft.server.log.purge.gap = 1000000 (custom)
2019-09-25 07:04:50,099 [pool-47-thread-1] INFO  server.RaftServerConfigKeys (ConfUtils.java:logGet(43)) - raft.server.log.appender.buffer.byte-limit = 33554432 (custom)
2019-09-25 07:04:50,099 [pool-47-thread-1] INFO  server.RaftServerConfigKeys (ConfUtils.java:logGet(43)) - raft.server.log.segment.size.max = 1048576 (custom)
2019-09-25 07:04:50,100 [pool-47-thread-1] INFO  server.RaftServerConfigKeys (ConfUtils.java:logGet(43)) - raft.server.log.segment.cache.num.max = 2 (custom)
2019-09-25 07:04:50,100 [pool-47-thread-1] INFO  segmented.SegmentedRaftLogWorker (SegmentedRaftLogWorker.java:<init>(172)) - new 24bf2945-a329-4da6-aaf2-23ecd8d462c6@group-0F02076B3222-SegmentedRaftLogWorker for RaftStorage:Storage Directory /workdir/hadoop-ozone/integration-test/target/test-dir/MiniOzoneClusterImpl-39af9574-7a8b-4ed7-b830-bf686a3d4bb8/datanode-2/data/ratis/06a4e8d6-9e57-40e5-837e-0f02076b3222
2019-09-25 07:04:50,100 [pool-47-thread-1] INFO  server.RaftServerConfigKeys (ConfUtils.java:logGet(43)) - raft.server.log.queue.byte-limit = 2147483647 (custom)
2019-09-25 07:04:50,100 [pool-47-thread-1] INFO  server.RaftServerConfigKeys (ConfUtils.java:logGet(43)) - raft.server.log.queue.element-limit = 1024 (custom)
2019-09-25 07:04:50,100 [pool-47-thread-1] INFO  server.RaftServerConfigKeys (ConfUtils.java:logGet(43)) - raft.server.log.segment.size.max = 1048576 (custom)
2019-09-25 07:04:50,100 [pool-47-thread-1] INFO  server.RaftServerConfigKeys (ConfUtils.java:logGet(43)) - raft.server.log.preallocated.size = 16384 (custom)
2019-09-25 07:04:50,100 [pool-47-thread-1] INFO  server.RaftServerConfigKeys (ConfUtils.java:logGet(43)) - raft.server.log.write.buffer.size = 33554432 (custom)
2019-09-25 07:04:50,101 [pool-47-thread-1] INFO  server.RaftServerConfigKeys (ConfUtils.java:logGet(43)) - raft.server.log.force.sync.num = 128 (default)
2019-09-25 07:04:50,101 [pool-47-thread-1] INFO  server.RaftServerConfigKeys (ConfUtils.java:logGet(43)) - raft.server.log.statemachine.data.sync = true (default)
2019-09-25 07:04:50,101 [pool-47-thread-1] INFO  server.RaftServerConfigKeys (ConfUtils.java:logGet(43)) - raft.server.log.statemachine.data.sync.timeout = 10s (default)
2019-09-25 07:04:50,101 [pool-47-thread-1] INFO  server.RaftServerConfigKeys (ConfUtils.java:logGet(43)) - raft.server.log.statemachine.data.sync.timeout.retry = -1 (default)
2019-09-25 07:04:50,101 [pool-47-thread-1] INFO  server.RaftServerConfigKeys (ConfUtils.java:logGet(43)) - raft.server.log.statemachine.data.caching.enabled = true (custom)
2019-09-25 07:04:50,102 [pool-47-thread-1] INFO  segmented.SegmentedRaftLogWorker (SegmentedRaftLogWorker.java:lambda$new$0(132)) - 24bf2945-a329-4da6-aaf2-23ecd8d462c6@group-0F02076B3222-SegmentedRaftLogWorker: flushIndex: setUnconditionally 0 -> -1
2019-09-25 07:04:50,102 [pool-47-thread-1] INFO  server.RaftServerConfigKeys (ConfUtils.java:logGet(43)) - raft.server.snapshot.auto.trigger.enabled = true (custom)
2019-09-25 07:04:50,102 [pool-47-thread-1] INFO  server.RaftServerConfigKeys (ConfUtils.java:logGet(43)) - raft.server.snapshot.auto.trigger.threshold = 10000 (custom)
2019-09-25 07:04:50,102 [pool-47-thread-1] INFO  server.RaftServerConfigKeys (ConfUtils.java:logGet(43)) - raft.server.snapshot.retention.num.files = 5 (custom)
2019-09-25 07:04:50,102 [pool-47-thread-1] INFO  server.RaftServerConfigKeys (ConfUtils.java:logGet(43)) - raft.server.retrycache.expirytime = 600000ms (custom)
2019-09-25 07:04:50,105 [pool-47-thread-1] INFO  impl.RaftServerImpl (RaftServerImpl.java:start(185)) - 24bf2945-a329-4da6-aaf2-23ecd8d462c6@group-0F02076B3222: start as a follower, conf=-1: [24bf2945-a329-4da6-aaf2-23ecd8d462c6:192.168.30.10:42867], old=null
2019-09-25 07:04:50,105 [pool-47-thread-1] INFO  impl.RaftServerImpl (RaftServerImpl.java:setRole(174)) - 24bf2945-a329-4da6-aaf2-23ecd8d462c6@group-0F02076B3222: changes role from      null to FOLLOWER at term 0 for startAsFollower
2019-09-25 07:04:50,105 [pool-47-thread-1] INFO  impl.RoleInfo (RoleInfo.java:updateAndGet(143)) - 24bf2945-a329-4da6-aaf2-23ecd8d462c6: start FollowerState
2019-09-25 07:04:50,105 [pool-47-thread-1] INFO  util.JmxRegister (JmxRegister.java:tryRegister(44)) - Successfully registered JMX Bean with object name Ratis:service=RaftServer,group=group-0F02076B3222,id=24bf2945-a329-4da6-aaf2-23ecd8d462c6
2019-09-25 07:04:50,108 [RatisPipelineUtilsThread] INFO  pipeline.PipelineStateManager (PipelineStateManager.java:addPipeline(56)) - Created pipeline Pipeline[ Id: 06a4e8d6-9e57-40e5-837e-0f02076b3222, Nodes: 24bf2945-a329-4da6-aaf2-23ecd8d462c6{ip: 192.168.30.10, host: pr-hdds-1569-s62bp-3040748787, networkLocation: /default-rack, certSerialId: null}, Type:RATIS, Factor:ONE, State:OPEN]
2019-09-25 07:04:50,109 [Thread-189] INFO  impl.FollowerState (FollowerState.java:run(106)) - 24bf2945-a329-4da6-aaf2-23ecd8d462c6:group-F1CEEF3454CC changes to CANDIDATE, lastRpcTime:5082, electionTimeout:5082ms
2019-09-25 07:04:50,109 [Thread-189] INFO  impl.RoleInfo (RoleInfo.java:shutdownFollowerState(121)) - 24bf2945-a329-4da6-aaf2-23ecd8d462c6: shutdown FollowerState
2019-09-25 07:04:50,109 [Thread-189] INFO  impl.RaftServerImpl (RaftServerImpl.java:setRole(174)) - 24bf2945-a329-4da6-aaf2-23ecd8d462c6@group-F1CEEF3454CC: changes role from  FOLLOWER to CANDIDATE at term 0 for changeToCandidate
2019-09-25 07:04:50,109 [Thread-189] INFO  impl.RoleInfo (RoleInfo.java:updateAndGet(143)) - 24bf2945-a329-4da6-aaf2-23ecd8d462c6: start LeaderElection
2019-09-25 07:04:50,120 [grpc-default-executor-0] INFO  impl.RaftServerProxy (RaftServerProxy.java:addNew(89)) - 24bf2945-a329-4da6-aaf2-23ecd8d462c6: addNew group-2DE67EB528FC:[24bf2945-a329-4da6-aaf2-23ecd8d462c6:192.168.30.10:42867] returns group-2DE67EB528FC:java.util.concurrent.CompletableFuture@1d293f97[Not completed]
2019-09-25 07:04:50,121 [pool-47-thread-1] INFO  impl.RaftServerImpl (RaftServerImpl.java:<init>(95)) - 24bf2945-a329-4da6-aaf2-23ecd8d462c6: new RaftServerImpl for group-2DE67EB528FC:[24bf2945-a329-4da6-aaf2-23ecd8d462c6:192.168.30.10:42867] with ContainerStateMachine:uninitialized
2019-09-25 07:04:50,121 [pool-47-thread-1] INFO  server.RaftServerConfigKeys (ConfUtils.java:logGet(43)) - raft.server.rpc.timeout.min = 5s (custom)
2019-09-25 07:04:50,121 [pool-47-thread-1] INFO  server.RaftServerConfigKeys (ConfUtils.java:logGet(43)) - raft.server.rpc.timeout.max = 5200ms (custom)
2019-09-25 07:04:50,121 [pool-47-thread-1] INFO  server.RaftServerConfigKeys (ConfUtils.java:logGet(43)) - raft.server.rpcslowness.timeout = 120s (custom)
2019-09-25 07:04:50,122 [pool-47-thread-1] INFO  server.RaftServerConfigKeys (ConfUtils.java:logGet(43)) - raft.server.sleep.deviation.threshold = 300 (default)
2019-09-25 07:04:50,122 [pool-47-thread-1] INFO  server.RaftServerConfigKeys (ConfUtils.java:logGet(43)) - raft.server.log.appender.install.snapshot.enabled = false (custom)
2019-09-25 07:04:50,122 [pool-47-thread-1] INFO  impl.RaftServerImpl (ServerState.java:<init>(103)) - 24bf2945-a329-4da6-aaf2-23ecd8d462c6@group-2DE67EB528FC: ConfigurationManager, init=-1: [24bf2945-a329-4da6-aaf2-23ecd8d462c6:192.168.30.10:42867], old=null, confs=<EMPTY_MAP>
2019-09-25 07:04:50,122 [pool-47-thread-1] INFO  server.RaftServerConfigKeys (ConfUtils.java:logGet(43)) - raft.server.storage.dir = [/workdir/hadoop-ozone/integration-test/target/test-dir/MiniOzoneClusterImpl-39af9574-7a8b-4ed7-b830-bf686a3d4bb8/datanode-2/data/ratis] (custom)
2019-09-25 07:04:50,123 [pool-47-thread-1] INFO  storage.RaftStorageDirectory (RaftStorageDirectory.java:analyzeStorage(246)) - The storage directory /workdir/hadoop-ozone/integration-test/target/test-dir/MiniOzoneClusterImpl-39af9574-7a8b-4ed7-b830-bf686a3d4bb8/datanode-2/data/ratis/464846f2-4b6a-45c6-a679-2de67eb528fc does not exist. Creating ...
2019-09-25 07:04:50,124 [Thread-192] INFO  impl.FollowerState (FollowerState.java:run(106)) - 62ec8eb9-3ae9-4136-b70a-2caf3716fa7f:group-3B3F7008FDF5 changes to CANDIDATE, lastRpcTime:5022, electionTimeout:5022ms
2019-09-25 07:04:50,124 [Thread-192] INFO  impl.RoleInfo (RoleInfo.java:shutdownFollowerState(121)) - 62ec8eb9-3ae9-4136-b70a-2caf3716fa7f: shutdown FollowerState
2019-09-25 07:04:50,124 [Thread-192] INFO  impl.RaftServerImpl (RaftServerImpl.java:setRole(174)) - 62ec8eb9-3ae9-4136-b70a-2caf3716fa7f@group-3B3F7008FDF5: changes role from  FOLLOWER to CANDIDATE at term 0 for changeToCandidate
2019-09-25 07:04:50,124 [Thread-192] INFO  impl.RoleInfo (RoleInfo.java:updateAndGet(143)) - 62ec8eb9-3ae9-4136-b70a-2caf3716fa7f: start LeaderElection
2019-09-25 07:04:50,129 [pool-47-thread-1] INFO  storage.RaftStorageDirectory (RaftStorageDirectory.java:tryLock(328)) - Lock on /workdir/hadoop-ozone/integration-test/target/test-dir/MiniOzoneClusterImpl-39af9574-7a8b-4ed7-b830-bf686a3d4bb8/datanode-2/data/ratis/464846f2-4b6a-45c6-a679-2de67eb528fc/in_use.lock acquired by nodename 19495@pr-hdds-1569-s62bp-3040748787
2019-09-25 07:04:50,133 [24bf2945-a329-4da6-aaf2-23ecd8d462c6@group-F1CEEF3454CC:LeaderElection4] INFO  impl.LeaderElection (LeaderElection.java:askForVotes(182)) - 24bf2945-a329-4da6-aaf2-23ecd8d462c6@group-F1CEEF3454CC:LeaderElection4: begin an election at term 1 for -1: [24bf2945-a329-4da6-aaf2-23ecd8d462c6:192.168.30.10:42867], old=null
2019-09-25 07:04:50,138 [24bf2945-a329-4da6-aaf2-23ecd8d462c6@group-F1CEEF3454CC:LeaderElection4] INFO  impl.RoleInfo (RoleInfo.java:shutdownLeaderElection(134)) - 24bf2945-a329-4da6-aaf2-23ecd8d462c6: shutdown LeaderElection
2019-09-25 07:04:50,138 [24bf2945-a329-4da6-aaf2-23ecd8d462c6@group-F1CEEF3454CC:LeaderElection4] INFO  impl.RaftServerImpl (RaftServerImpl.java:setRole(174)) - 24bf2945-a329-4da6-aaf2-23ecd8d462c6@group-F1CEEF3454CC: changes role from CANDIDATE to LEADER at term 1 for changeToLeader
2019-09-25 07:04:50,139 [24bf2945-a329-4da6-aaf2-23ecd8d462c6@group-F1CEEF3454CC:LeaderElection4] INFO  impl.RaftServerImpl (ServerState.java:setLeader(253)) - 24bf2945-a329-4da6-aaf2-23ecd8d462c6@group-F1CEEF3454CC: change Leader from null to 24bf2945-a329-4da6-aaf2-23ecd8d462c6 at term 1 for becomeLeader, leader elected after 5121ms
2019-09-25 07:04:50,139 [24bf2945-a329-4da6-aaf2-23ecd8d462c6@group-F1CEEF3454CC:LeaderElection4] INFO  server.RaftServerConfigKeys (ConfUtils.java:logGet(43)) - raft.server.staging.catchup.gap = 1000 (default)
2019-09-25 07:04:50,139 [24bf2945-a329-4da6-aaf2-23ecd8d462c6@group-F1CEEF3454CC:LeaderElection4] INFO  server.RaftServerConfigKeys (ConfUtils.java:logGet(43)) - raft.server.rpc.sleep.time = 25ms (default)
2019-09-25 07:04:50,139 [24bf2945-a329-4da6-aaf2-23ecd8d462c6@group-F1CEEF3454CC:LeaderElection4] INFO  server.RaftServerConfigKeys (ConfUtils.java:logGet(43)) - raft.server.write.element-limit = 4096 (default)
2019-09-25 07:04:50,139 [24bf2945-a329-4da6-aaf2-23ecd8d462c6@group-F1CEEF3454CC:LeaderElection4] INFO  server.RaftServerConfigKeys (ConfUtils.java:logGet(43)) - raft.server.watch.timeout = 10s (default)
2019-09-25 07:04:50,139 [24bf2945-a329-4da6-aaf2-23ecd8d462c6@group-F1CEEF3454CC:LeaderElection4] INFO  server.RaftServerConfigKeys (ConfUtils.java:logGet(43)) - raft.server.watch.timeout.denomination = 1s (default)
2019-09-25 07:04:50,139 [24bf2945-a329-4da6-aaf2-23ecd8d462c6@group-F1CEEF3454CC:LeaderElection4] INFO  server.RaftServerConfigKeys (ConfUtils.java:logGet(43)) - raft.server.watch.element-limit = 65536 (default)
2019-09-25 07:04:50,142 [24bf2945-a329-4da6-aaf2-23ecd8d462c6@group-F1CEEF3454CC:LeaderElection4] INFO  impl.RoleInfo (RoleInfo.java:updateAndGet(143)) - 24bf2945-a329-4da6-aaf2-23ecd8d462c6: start LeaderState
2019-09-25 07:04:50,142 [24bf2945-a329-4da6-aaf2-23ecd8d462c6@group-F1CEEF3454CC:LeaderElection4] INFO  segmented.SegmentedRaftLogWorker (SegmentedRaftLogWorker.java:startLogSegment(380)) - 24bf2945-a329-4da6-aaf2-23ecd8d462c6@group-F1CEEF3454CC-SegmentedRaftLogWorker: Starting segment from index:0
2019-09-25 07:04:50,142 [24bf2945-a329-4da6-aaf2-23ecd8d462c6@group-F1CEEF3454CC:LeaderElection4] INFO  impl.RaftServerImpl (ServerState.java:setRaftConf(354)) - 24bf2945-a329-4da6-aaf2-23ecd8d462c6@group-F1CEEF3454CC: set configuration 0: [24bf2945-a329-4da6-aaf2-23ecd8d462c6:192.168.30.10:42867], old=null at 0
2019-09-25 07:04:50,152 [pool-47-thread-1] INFO  storage.RaftStorage (RaftStorage.java:format(72)) - Storage directory /workdir/hadoop-ozone/integration-test/target/test-dir/MiniOzoneClusterImpl-39af9574-7a8b-4ed7-b830-bf686a3d4bb8/datanode-2/data/ratis/464846f2-4b6a-45c6-a679-2de67eb528fc has been successfully formatted.
2019-09-25 07:04:50,152 [62ec8eb9-3ae9-4136-b70a-2caf3716fa7f@group-3B3F7008FDF5:LeaderElection5] INFO  impl.LeaderElection (LeaderElection.java:askForVotes(182)) - 62ec8eb9-3ae9-4136-b70a-2caf3716fa7f@group-3B3F7008FDF5:LeaderElection5: begin an election at term 1 for -1: [62ec8eb9-3ae9-4136-b70a-2caf3716fa7f:192.168.30.10:44715], old=null
2019-09-25 07:04:50,153 [pool-47-thread-1] INFO  ratis.ContainerStateMachine (ContainerStateMachine.java:loadSnapshot(230)) - group-2DE67EB528FC: The snapshot info is null. Setting the last applied indexto:(t:0, i:~)
2019-09-25 07:04:50,153 [62ec8eb9-3ae9-4136-b70a-2caf3716fa7f@group-3B3F7008FDF5:LeaderElection5] INFO  impl.RoleInfo (RoleInfo.java:shutdownLeaderElection(134)) - 62ec8eb9-3ae9-4136-b70a-2caf3716fa7f: shutdown LeaderElection
2019-09-25 07:04:50,153 [pool-47-thread-1] INFO  server.RaftServerConfigKeys (ConfUtils.java:logGet(43)) - raft.server.notification.no-leader.timeout = 120s (custom)
2019-09-25 07:04:50,153 [62ec8eb9-3ae9-4136-b70a-2caf3716fa7f@group-3B3F7008FDF5:LeaderElection5] INFO  impl.RaftServerImpl (RaftServerImpl.java:setRole(174)) - 62ec8eb9-3ae9-4136-b70a-2caf3716fa7f@group-3B3F7008FDF5: changes role from CANDIDATE to LEADER at term 1 for changeToLeader
2019-09-25 07:04:50,153 [pool-47-thread-1] INFO  server.RaftServerConfigKeys (ConfUtils.java:logGet(43)) - raft.server.log.use.memory = false (default)
2019-09-25 07:04:50,153 [62ec8eb9-3ae9-4136-b70a-2caf3716fa7f@group-3B3F7008FDF5:LeaderElection5] INFO  impl.RaftServerImpl (ServerState.java:setLeader(253)) - 62ec8eb9-3ae9-4136-b70a-2caf3716fa7f@group-3B3F7008FDF5: change Leader from null to 62ec8eb9-3ae9-4136-b70a-2caf3716fa7f at term 1 for becomeLeader, leader elected after 5062ms
2019-09-25 07:04:50,154 [pool-47-thread-1] INFO  server.RaftServerConfigKeys (ConfUtils.java:logGet(43)) - raft.server.log.purge.gap = 1000000 (custom)
2019-09-25 07:04:50,154 [62ec8eb9-3ae9-4136-b70a-2caf3716fa7f@group-3B3F7008FDF5:LeaderElection5] INFO  server.RaftServerConfigKeys (ConfUtils.java:logGet(43)) - raft.server.staging.catchup.gap = 1000 (default)
2019-09-25 07:04:50,154 [pool-47-thread-1] INFO  server.RaftServerConfigKeys (ConfUtils.java:logGet(43)) - raft.server.log.appender.buffer.byte-limit = 33554432 (custom)
2019-09-25 07:04:50,154 [62ec8eb9-3ae9-4136-b70a-2caf3716fa7f@group-3B3F7008FDF5:LeaderElection5] INFO  server.RaftServerConfigKeys (ConfUtils.java:logGet(43)) - raft.server.rpc.sleep.time = 25ms (default)
2019-09-25 07:04:50,154 [pool-47-thread-1] INFO  server.RaftServerConfigKeys (ConfUtils.java:logGet(43)) - raft.server.log.segment.size.max = 1048576 (custom)
2019-09-25 07:04:50,154 [62ec8eb9-3ae9-4136-b70a-2caf3716fa7f@group-3B3F7008FDF5:LeaderElection5] INFO  server.RaftServerConfigKeys (ConfUtils.java:logGet(43)) - raft.server.write.element-limit = 4096 (default)
2019-09-25 07:04:50,155 [pool-47-thread-1] INFO  server.RaftServerConfigKeys (ConfUtils.java:logGet(43)) - raft.server.log.segment.cache.num.max = 2 (custom)
2019-09-25 07:04:50,155 [62ec8eb9-3ae9-4136-b70a-2caf3716fa7f@group-3B3F7008FDF5:LeaderElection5] INFO  server.RaftServerConfigKeys (ConfUtils.java:logGet(43)) - raft.server.watch.timeout = 10s (default)
2019-09-25 07:04:50,155 [pool-47-thread-1] INFO  segmented.SegmentedRaftLogWorker (SegmentedRaftLogWorker.java:<init>(172)) - new 24bf2945-a329-4da6-aaf2-23ecd8d462c6@group-2DE67EB528FC-SegmentedRaftLogWorker for RaftStorage:Storage Directory /workdir/hadoop-ozone/integration-test/target/test-dir/MiniOzoneClusterImpl-39af9574-7a8b-4ed7-b830-bf686a3d4bb8/datanode-2/data/ratis/464846f2-4b6a-45c6-a679-2de67eb528fc
2019-09-25 07:04:50,155 [62ec8eb9-3ae9-4136-b70a-2caf3716fa7f@group-3B3F7008FDF5:LeaderElection5] INFO  server.RaftServerConfigKeys (ConfUtils.java:logGet(43)) - raft.server.watch.timeout.denomination = 1s (default)
2019-09-25 07:04:50,155 [pool-47-thread-1] INFO  server.RaftServerConfigKeys (ConfUtils.java:logGet(43)) - raft.server.log.queue.byte-limit = 2147483647 (custom)
2019-09-25 07:04:50,155 [62ec8eb9-3ae9-4136-b70a-2caf3716fa7f@group-3B3F7008FDF5:LeaderElection5] INFO  server.RaftServerConfigKeys (ConfUtils.java:logGet(43)) - raft.server.watch.element-limit = 65536 (default)
2019-09-25 07:04:50,156 [pool-47-thread-1] INFO  server.RaftServerConfigKeys (ConfUtils.java:logGet(43)) - raft.server.log.queue.element-limit = 1024 (custom)
2019-09-25 07:04:50,156 [pool-47-thread-1] INFO  server.RaftServerConfigKeys (ConfUtils.java:logGet(43)) - raft.server.log.segment.size.max = 1048576 (custom)
2019-09-25 07:04:50,156 [pool-47-thread-1] INFO  server.RaftServerConfigKeys (ConfUtils.java:logGet(43)) - raft.server.log.preallocated.size = 16384 (custom)
2019-09-25 07:04:50,156 [pool-47-thread-1] INFO  server.RaftServerConfigKeys (ConfUtils.java:logGet(43)) - raft.server.log.write.buffer.size = 33554432 (custom)
2019-09-25 07:04:50,156 [pool-47-thread-1] INFO  server.RaftServerConfigKeys (ConfUtils.java:logGet(43)) - raft.server.log.force.sync.num = 128 (default)
2019-09-25 07:04:50,156 [pool-47-thread-1] INFO  server.RaftServerConfigKeys (ConfUtils.java:logGet(43)) - raft.server.log.statemachine.data.sync = true (default)
2019-09-25 07:04:50,157 [pool-47-thread-1] INFO  server.RaftServerConfigKeys (ConfUtils.java:logGet(43)) - raft.server.log.statemachine.data.sync.timeout = 10s (default)
2019-09-25 07:04:50,157 [pool-47-thread-1] INFO  server.RaftServerConfigKeys (ConfUtils.java:logGet(43)) - raft.server.log.statemachine.data.sync.timeout.retry = -1 (default)
2019-09-25 07:04:50,157 [pool-47-thread-1] INFO  server.RaftServerConfigKeys (ConfUtils.java:logGet(43)) - raft.server.log.statemachine.data.caching.enabled = true (custom)
2019-09-25 07:04:50,157 [pool-47-thread-1] INFO  segmented.SegmentedRaftLogWorker (SegmentedRaftLogWorker.java:lambda$new$0(132)) - 24bf2945-a329-4da6-aaf2-23ecd8d462c6@group-2DE67EB528FC-SegmentedRaftLogWorker: flushIndex: setUnconditionally 0 -> -1
2019-09-25 07:04:50,158 [pool-47-thread-1] INFO  server.RaftServerConfigKeys (ConfUtils.java:logGet(43)) - raft.server.snapshot.auto.trigger.enabled = true (custom)
2019-09-25 07:04:50,158 [pool-47-thread-1] INFO  server.RaftServerConfigKeys (ConfUtils.java:logGet(43)) - raft.server.snapshot.auto.trigger.threshold = 10000 (custom)
2019-09-25 07:04:50,158 [pool-47-thread-1] INFO  server.RaftServerConfigKeys (ConfUtils.java:logGet(43)) - raft.server.snapshot.retention.num.files = 5 (custom)
2019-09-25 07:04:50,158 [pool-47-thread-1] INFO  server.RaftServerConfigKeys (ConfUtils.java:logGet(43)) - raft.server.retrycache.expirytime = 600000ms (custom)
2019-09-25 07:04:50,159 [62ec8eb9-3ae9-4136-b70a-2caf3716fa7f@group-3B3F7008FDF5:LeaderElection5] INFO  impl.RoleInfo (RoleInfo.java:updateAndGet(143)) - 62ec8eb9-3ae9-4136-b70a-2caf3716fa7f: start LeaderState
2019-09-25 07:04:50,159 [62ec8eb9-3ae9-4136-b70a-2caf3716fa7f@group-3B3F7008FDF5:LeaderElection5] INFO  segmented.SegmentedRaftLogWorker (SegmentedRaftLogWorker.java:startLogSegment(380)) - 62ec8eb9-3ae9-4136-b70a-2caf3716fa7f@group-3B3F7008FDF5-SegmentedRaftLogWorker: Starting segment from index:0
2019-09-25 07:04:50,160 [62ec8eb9-3ae9-4136-b70a-2caf3716fa7f@group-3B3F7008FDF5:LeaderElection5] INFO  impl.RaftServerImpl (ServerState.java:setRaftConf(354)) - 62ec8eb9-3ae9-4136-b70a-2caf3716fa7f@group-3B3F7008FDF5: set configuration 0: [62ec8eb9-3ae9-4136-b70a-2caf3716fa7f:192.168.30.10:44715], old=null at 0
2019-09-25 07:04:50,204 [pool-47-thread-1] INFO  impl.RaftServerImpl (RaftServerImpl.java:start(185)) - 24bf2945-a329-4da6-aaf2-23ecd8d462c6@group-2DE67EB528FC: start as a follower, conf=-1: [24bf2945-a329-4da6-aaf2-23ecd8d462c6:192.168.30.10:42867], old=null
2019-09-25 07:04:50,204 [pool-47-thread-1] INFO  impl.RaftServerImpl (RaftServerImpl.java:setRole(174)) - 24bf2945-a329-4da6-aaf2-23ecd8d462c6@group-2DE67EB528FC: changes role from      null to FOLLOWER at term 0 for startAsFollower
2019-09-25 07:04:50,204 [pool-47-thread-1] INFO  impl.RoleInfo (RoleInfo.java:updateAndGet(143)) - 24bf2945-a329-4da6-aaf2-23ecd8d462c6: start FollowerState
2019-09-25 07:04:50,205 [pool-47-thread-1] INFO  util.JmxRegister (JmxRegister.java:tryRegister(44)) - Successfully registered JMX Bean with object name Ratis:service=RaftServer,group=group-2DE67EB528FC,id=24bf2945-a329-4da6-aaf2-23ecd8d462c6
2019-09-25 07:04:50,208 [RatisPipelineUtilsThread] INFO  pipeline.PipelineStateManager (PipelineStateManager.java:addPipeline(56)) - Created pipeline Pipeline[ Id: 464846f2-4b6a-45c6-a679-2de67eb528fc, Nodes: 24bf2945-a329-4da6-aaf2-23ecd8d462c6{ip: 192.168.30.10, host: pr-hdds-1569-s62bp-3040748787, networkLocation: /default-rack, certSerialId: null}, Type:RATIS, Factor:ONE, State:OPEN]
2019-09-25 07:04:50,215 [grpc-default-executor-0] INFO  impl.RaftServerProxy (RaftServerProxy.java:addNew(89)) - 62ec8eb9-3ae9-4136-b70a-2caf3716fa7f: addNew group-25849CE33AFF:[62ec8eb9-3ae9-4136-b70a-2caf3716fa7f:192.168.30.10:44715] returns group-25849CE33AFF:java.util.concurrent.CompletableFuture@1d72a24c[Not completed]
2019-09-25 07:04:50,217 [pool-37-thread-1] INFO  impl.RaftServerImpl (RaftServerImpl.java:<init>(95)) - 62ec8eb9-3ae9-4136-b70a-2caf3716fa7f: new RaftServerImpl for group-25849CE33AFF:[62ec8eb9-3ae9-4136-b70a-2caf3716fa7f:192.168.30.10:44715] with ContainerStateMachine:uninitialized
2019-09-25 07:04:50,217 [pool-37-thread-1] INFO  server.RaftServerConfigKeys (ConfUtils.java:logGet(43)) - raft.server.rpc.timeout.min = 5s (custom)
2019-09-25 07:04:50,217 [pool-37-thread-1] INFO  server.RaftServerConfigKeys (ConfUtils.java:logGet(43)) - raft.server.rpc.timeout.max = 5200ms (custom)
2019-09-25 07:04:50,217 [pool-37-thread-1] INFO  server.RaftServerConfigKeys (ConfUtils.java:logGet(43)) - raft.server.rpcslowness.timeout = 120s (custom)
2019-09-25 07:04:50,217 [pool-37-thread-1] INFO  server.RaftServerConfigKeys (ConfUtils.java:logGet(43)) - raft.server.sleep.deviation.threshold = 300 (default)
2019-09-25 07:04:50,218 [pool-37-thread-1] INFO  server.RaftServerConfigKeys (ConfUtils.java:logGet(43)) - raft.server.log.appender.install.snapshot.enabled = false (custom)
2019-09-25 07:04:50,218 [pool-37-thread-1] INFO  impl.RaftServerImpl (ServerState.java:<init>(103)) - 62ec8eb9-3ae9-4136-b70a-2caf3716fa7f@group-25849CE33AFF: ConfigurationManager, init=-1: [62ec8eb9-3ae9-4136-b70a-2caf3716fa7f:192.168.30.10:44715], old=null, confs=<EMPTY_MAP>
2019-09-25 07:04:50,218 [pool-37-thread-1] INFO  server.RaftServerConfigKeys (ConfUtils.java:logGet(43)) - raft.server.storage.dir = [/workdir/hadoop-ozone/integration-test/target/test-dir/MiniOzoneClusterImpl-39af9574-7a8b-4ed7-b830-bf686a3d4bb8/datanode-1/data/ratis] (custom)
2019-09-25 07:04:50,219 [pool-37-thread-1] INFO  storage.RaftStorageDirectory (RaftStorageDirectory.java:analyzeStorage(246)) - The storage directory /workdir/hadoop-ozone/integration-test/target/test-dir/MiniOzoneClusterImpl-39af9574-7a8b-4ed7-b830-bf686a3d4bb8/datanode-1/data/ratis/fa1cc7b4-d220-4d10-82bc-25849ce33aff does not exist. Creating ...
2019-09-25 07:04:50,237 [pool-37-thread-1] INFO  storage.RaftStorageDirectory (RaftStorageDirectory.java:tryLock(328)) - Lock on /workdir/hadoop-ozone/integration-test/target/test-dir/MiniOzoneClusterImpl-39af9574-7a8b-4ed7-b830-bf686a3d4bb8/datanode-1/data/ratis/fa1cc7b4-d220-4d10-82bc-25849ce33aff/in_use.lock acquired by nodename 19495@pr-hdds-1569-s62bp-3040748787
2019-09-25 07:04:50,237 [62ec8eb9-3ae9-4136-b70a-2caf3716fa7f@group-3B3F7008FDF5-SegmentedRaftLogWorker] INFO  segmented.SegmentedRaftLogWorker (SegmentedRaftLogWorker.java:execute(569)) - 62ec8eb9-3ae9-4136-b70a-2caf3716fa7f@group-3B3F7008FDF5-SegmentedRaftLogWorker: created new log segment /workdir/hadoop-ozone/integration-test/target/test-dir/MiniOzoneClusterImpl-39af9574-7a8b-4ed7-b830-bf686a3d4bb8/datanode-1/data/ratis/b9678d9f-c3cb-488e-9cba-3b3f7008fdf5/current/log_inprogress_0
2019-09-25 07:04:50,237 [62ec8eb9-3ae9-4136-b70a-2caf3716fa7f@group-D2C29492D890-SegmentedRaftLogWorker] INFO  segmented.SegmentedRaftLogWorker (SegmentedRaftLogWorker.java:execute(569)) - 62ec8eb9-3ae9-4136-b70a-2caf3716fa7f@group-D2C29492D890-SegmentedRaftLogWorker: created new log segment /workdir/hadoop-ozone/integration-test/target/test-dir/MiniOzoneClusterImpl-39af9574-7a8b-4ed7-b830-bf686a3d4bb8/datanode-1/data/ratis/f949cde8-9537-4f6f-9059-d2c29492d890/current/log_inprogress_0
2019-09-25 07:04:50,237 [24bf2945-a329-4da6-aaf2-23ecd8d462c6@group-8655732C89B0-SegmentedRaftLogWorker] INFO  segmented.SegmentedRaftLogWorker (SegmentedRaftLogWorker.java:execute(569)) - 24bf2945-a329-4da6-aaf2-23ecd8d462c6@group-8655732C89B0-SegmentedRaftLogWorker: created new log segment /workdir/hadoop-ozone/integration-test/target/test-dir/MiniOzoneClusterImpl-39af9574-7a8b-4ed7-b830-bf686a3d4bb8/datanode-2/data/ratis/23f24b91-dc51-4aff-91eb-8655732c89b0/current/log_inprogress_0
2019-09-25 07:04:50,237 [24bf2945-a329-4da6-aaf2-23ecd8d462c6@group-F1CEEF3454CC-SegmentedRaftLogWorker] INFO  segmented.SegmentedRaftLogWorker (SegmentedRaftLogWorker.java:execute(569)) - 24bf2945-a329-4da6-aaf2-23ecd8d462c6@group-F1CEEF3454CC-SegmentedRaftLogWorker: created new log segment /workdir/hadoop-ozone/integration-test/target/test-dir/MiniOzoneClusterImpl-39af9574-7a8b-4ed7-b830-bf686a3d4bb8/datanode-2/data/ratis/81e7cf83-da08-4f9e-9e29-f1ceef3454cc/current/log_inprogress_0
2019-09-25 07:04:50,237 [e568d23f-199e-48ce-91e4-5c166e2e97cd@group-BB1C97E9BFD8-SegmentedRaftLogWorker] INFO  segmented.SegmentedRaftLogWorker (SegmentedRaftLogWorker.java:execute(569)) - e568d23f-199e-48ce-91e4-5c166e2e97cd@group-BB1C97E9BFD8-SegmentedRaftLogWorker: created new log segment /workdir/hadoop-ozone/integration-test/target/test-dir/MiniOzoneClusterImpl-39af9574-7a8b-4ed7-b830-bf686a3d4bb8/datanode-0/data/ratis/01ea2d36-fbd7-4ca8-8fc7-bb1c97e9bfd8/current/log_inprogress_0
2019-09-25 07:04:50,259 [pool-37-thread-1] INFO  storage.RaftStorage (RaftStorage.java:format(72)) - Storage directory /workdir/hadoop-ozone/integration-test/target/test-dir/MiniOzoneClusterImpl-39af9574-7a8b-4ed7-b830-bf686a3d4bb8/datanode-1/data/ratis/fa1cc7b4-d220-4d10-82bc-25849ce33aff has been successfully formatted.
2019-09-25 07:04:50,260 [pool-37-thread-1] INFO  ratis.ContainerStateMachine (ContainerStateMachine.java:loadSnapshot(230)) - group-25849CE33AFF: The snapshot info is null. Setting the last applied indexto:(t:0, i:~)
2019-09-25 07:04:50,260 [pool-37-thread-1] INFO  server.RaftServerConfigKeys (ConfUtils.java:logGet(43)) - raft.server.notification.no-leader.timeout = 120s (custom)
2019-09-25 07:04:50,260 [pool-37-thread-1] INFO  server.RaftServerConfigKeys (ConfUtils.java:logGet(43)) - raft.server.log.use.memory = false (default)
2019-09-25 07:04:50,261 [pool-37-thread-1] INFO  server.RaftServerConfigKeys (ConfUtils.java:logGet(43)) - raft.server.log.purge.gap = 1000000 (custom)
2019-09-25 07:04:50,261 [pool-37-thread-1] INFO  server.RaftServerConfigKeys (ConfUtils.java:logGet(43)) - raft.server.log.appender.buffer.byte-limit = 33554432 (custom)
2019-09-25 07:04:50,261 [pool-37-thread-1] INFO  server.RaftServerConfigKeys (ConfUtils.java:logGet(43)) - raft.server.log.segment.size.max = 1048576 (custom)
2019-09-25 07:04:50,261 [pool-37-thread-1] INFO  server.RaftServerConfigKeys (ConfUtils.java:logGet(43)) - raft.server.log.segment.cache.num.max = 2 (custom)
2019-09-25 07:04:50,261 [pool-37-thread-1] INFO  segmented.SegmentedRaftLogWorker (SegmentedRaftLogWorker.java:<init>(172)) - new 62ec8eb9-3ae9-4136-b70a-2caf3716fa7f@group-25849CE33AFF-SegmentedRaftLogWorker for RaftStorage:Storage Directory /workdir/hadoop-ozone/integration-test/target/test-dir/MiniOzoneClusterImpl-39af9574-7a8b-4ed7-b830-bf686a3d4bb8/datanode-1/data/ratis/fa1cc7b4-d220-4d10-82bc-25849ce33aff
2019-09-25 07:04:50,262 [pool-37-thread-1] INFO  server.RaftServerConfigKeys (ConfUtils.java:logGet(43)) - raft.server.log.queue.byte-limit = 2147483647 (custom)
2019-09-25 07:04:50,262 [pool-37-thread-1] INFO  server.RaftServerConfigKeys (ConfUtils.java:logGet(43)) - raft.server.log.queue.element-limit = 1024 (custom)
2019-09-25 07:04:50,262 [pool-37-thread-1] INFO  server.RaftServerConfigKeys (ConfUtils.java:logGet(43)) - raft.server.log.segment.size.max = 1048576 (custom)
2019-09-25 07:04:50,262 [pool-37-thread-1] INFO  server.RaftServerConfigKeys (ConfUtils.java:logGet(43)) - raft.server.log.preallocated.size = 16384 (custom)
2019-09-25 07:04:50,262 [pool-37-thread-1] INFO  server.RaftServerConfigKeys (ConfUtils.java:logGet(43)) - raft.server.log.write.buffer.size = 33554432 (custom)
2019-09-25 07:04:50,263 [pool-37-thread-1] INFO  server.RaftServerConfigKeys (ConfUtils.java:logGet(43)) - raft.server.log.force.sync.num = 128 (default)
2019-09-25 07:04:50,263 [pool-37-thread-1] INFO  server.RaftServerConfigKeys (ConfUtils.java:logGet(43)) - raft.server.log.statemachine.data.sync = true (default)
2019-09-25 07:04:50,263 [pool-37-thread-1] INFO  server.RaftServerConfigKeys (ConfUtils.java:logGet(43)) - raft.server.log.statemachine.data.sync.timeout = 10s (default)
2019-09-25 07:04:50,263 [pool-37-thread-1] INFO  server.RaftServerConfigKeys (ConfUtils.java:logGet(43)) - raft.server.log.statemachine.data.sync.timeout.retry = -1 (default)
2019-09-25 07:04:50,263 [pool-37-thread-1] INFO  server.RaftServerConfigKeys (ConfUtils.java:logGet(43)) - raft.server.log.statemachine.data.caching.enabled = true (custom)
2019-09-25 07:04:50,264 [pool-37-thread-1] INFO  segmented.SegmentedRaftLogWorker (SegmentedRaftLogWorker.java:lambda$new$0(132)) - 62ec8eb9-3ae9-4136-b70a-2caf3716fa7f@group-25849CE33AFF-SegmentedRaftLogWorker: flushIndex: setUnconditionally 0 -> -1
2019-09-25 07:04:50,264 [pool-37-thread-1] INFO  server.RaftServerConfigKeys (ConfUtils.java:logGet(43)) - raft.server.snapshot.auto.trigger.enabled = true (custom)
2019-09-25 07:04:50,264 [pool-37-thread-1] INFO  server.RaftServerConfigKeys (ConfUtils.java:logGet(43)) - raft.server.snapshot.auto.trigger.threshold = 10000 (custom)
2019-09-25 07:04:50,265 [pool-37-thread-1] INFO  server.RaftServerConfigKeys (ConfUtils.java:logGet(43)) - raft.server.snapshot.retention.num.files = 5 (custom)
2019-09-25 07:04:50,265 [pool-37-thread-1] INFO  server.RaftServerConfigKeys (ConfUtils.java:logGet(43)) - raft.server.retrycache.expirytime = 600000ms (custom)
2019-09-25 07:04:50,266 [Thread-195] INFO  impl.FollowerState (FollowerState.java:run(106)) - 24bf2945-a329-4da6-aaf2-23ecd8d462c6:group-F091CBCF39C8 changes to CANDIDATE, lastRpcTime:5095, electionTimeout:5095ms
2019-09-25 07:04:50,267 [Thread-195] INFO  impl.RoleInfo (RoleInfo.java:shutdownFollowerState(121)) - 24bf2945-a329-4da6-aaf2-23ecd8d462c6: shutdown FollowerState
2019-09-25 07:04:50,267 [Thread-195] INFO  impl.RaftServerImpl (RaftServerImpl.java:setRole(174)) - 24bf2945-a329-4da6-aaf2-23ecd8d462c6@group-F091CBCF39C8: changes role from  FOLLOWER to CANDIDATE at term 0 for changeToCandidate
2019-09-25 07:04:50,267 [Thread-195] INFO  impl.RoleInfo (RoleInfo.java:updateAndGet(143)) - 24bf2945-a329-4da6-aaf2-23ecd8d462c6: start LeaderElection
2019-09-25 07:04:50,275 [pool-37-thread-1] INFO  impl.RaftServerImpl (RaftServerImpl.java:start(185)) - 62ec8eb9-3ae9-4136-b70a-2caf3716fa7f@group-25849CE33AFF: start as a follower, conf=-1: [62ec8eb9-3ae9-4136-b70a-2caf3716fa7f:192.168.30.10:44715], old=null
2019-09-25 07:04:50,276 [pool-37-thread-1] INFO  impl.RaftServerImpl (RaftServerImpl.java:setRole(174)) - 62ec8eb9-3ae9-4136-b70a-2caf3716fa7f@group-25849CE33AFF: changes role from      null to FOLLOWER at term 0 for startAsFollower
2019-09-25 07:04:50,276 [pool-37-thread-1] INFO  impl.RoleInfo (RoleInfo.java:updateAndGet(143)) - 62ec8eb9-3ae9-4136-b70a-2caf3716fa7f: start FollowerState
2019-09-25 07:04:50,276 [pool-37-thread-1] INFO  util.JmxRegister (JmxRegister.java:tryRegister(44)) - Successfully registered JMX Bean with object name Ratis:service=RaftServer,group=group-25849CE33AFF,id=62ec8eb9-3ae9-4136-b70a-2caf3716fa7f
2019-09-25 07:04:50,280 [RatisPipelineUtilsThread] INFO  pipeline.PipelineStateManager (PipelineStateManager.java:addPipeline(56)) - Created pipeline Pipeline[ Id: fa1cc7b4-d220-4d10-82bc-25849ce33aff, Nodes: 62ec8eb9-3ae9-4136-b70a-2caf3716fa7f{ip: 192.168.30.10, host: pr-hdds-1569-s62bp-3040748787, networkLocation: /default-rack, certSerialId: null}, Type:RATIS, Factor:ONE, State:OPEN]
2019-09-25 07:04:50,287 [grpc-default-executor-0] INFO  impl.RaftServerProxy (RaftServerProxy.java:addNew(89)) - 62ec8eb9-3ae9-4136-b70a-2caf3716fa7f: addNew group-213BD37C19A2:[62ec8eb9-3ae9-4136-b70a-2caf3716fa7f:192.168.30.10:44715] returns group-213BD37C19A2:java.util.concurrent.CompletableFuture@6da44339[Not completed]
2019-09-25 07:04:50,289 [pool-37-thread-1] INFO  impl.RaftServerImpl (RaftServerImpl.java:<init>(95)) - 62ec8eb9-3ae9-4136-b70a-2caf3716fa7f: new RaftServerImpl for group-213BD37C19A2:[62ec8eb9-3ae9-4136-b70a-2caf3716fa7f:192.168.30.10:44715] with ContainerStateMachine:uninitialized
2019-09-25 07:04:50,290 [pool-37-thread-1] INFO  server.RaftServerConfigKeys (ConfUtils.java:logGet(43)) - raft.server.rpc.timeout.min = 5s (custom)
2019-09-25 07:04:50,290 [pool-37-thread-1] INFO  server.RaftServerConfigKeys (ConfUtils.java:logGet(43)) - raft.server.rpc.timeout.max = 5200ms (custom)
2019-09-25 07:04:50,290 [pool-37-thread-1] INFO  server.RaftServerConfigKeys (ConfUtils.java:logGet(43)) - raft.server.rpcslowness.timeout = 120s (custom)
2019-09-25 07:04:50,290 [pool-37-thread-1] INFO  server.RaftServerConfigKeys (ConfUtils.java:logGet(43)) - raft.server.sleep.deviation.threshold = 300 (default)
2019-09-25 07:04:50,290 [pool-37-thread-1] INFO  server.RaftServerConfigKeys (ConfUtils.java:logGet(43)) - raft.server.log.appender.install.snapshot.enabled = false (custom)
2019-09-25 07:04:50,291 [pool-37-thread-1] INFO  impl.RaftServerImpl (ServerState.java:<init>(103)) - 62ec8eb9-3ae9-4136-b70a-2caf3716fa7f@group-213BD37C19A2: ConfigurationManager, init=-1: [62ec8eb9-3ae9-4136-b70a-2caf3716fa7f:192.168.30.10:44715], old=null, confs=<EMPTY_MAP>
2019-09-25 07:04:50,291 [pool-37-thread-1] INFO  server.RaftServerConfigKeys (ConfUtils.java:logGet(43)) - raft.server.storage.dir = [/workdir/hadoop-ozone/integration-test/target/test-dir/MiniOzoneClusterImpl-39af9574-7a8b-4ed7-b830-bf686a3d4bb8/datanode-1/data/ratis] (custom)
2019-09-25 07:04:50,292 [pool-37-thread-1] INFO  storage.RaftStorageDirectory (RaftStorageDirectory.java:analyzeStorage(246)) - The storage directory /workdir/hadoop-ozone/integration-test/target/test-dir/MiniOzoneClusterImpl-39af9574-7a8b-4ed7-b830-bf686a3d4bb8/datanode-1/data/ratis/bebe17c2-5957-4c15-8c17-213bd37c19a2 does not exist. Creating ...
2019-09-25 07:04:50,300 [24bf2945-a329-4da6-aaf2-23ecd8d462c6@group-F091CBCF39C8:LeaderElection6] INFO  impl.LeaderElection (LeaderElection.java:askForVotes(182)) - 24bf2945-a329-4da6-aaf2-23ecd8d462c6@group-F091CBCF39C8:LeaderElection6: begin an election at term 1 for -1: [24bf2945-a329-4da6-aaf2-23ecd8d462c6:192.168.30.10:42867], old=null
2019-09-25 07:04:50,301 [24bf2945-a329-4da6-aaf2-23ecd8d462c6@group-F091CBCF39C8:LeaderElection6] INFO  impl.RoleInfo (RoleInfo.java:shutdownLeaderElection(134)) - 24bf2945-a329-4da6-aaf2-23ecd8d462c6: shutdown LeaderElection
2019-09-25 07:04:50,301 [24bf2945-a329-4da6-aaf2-23ecd8d462c6@group-F091CBCF39C8:LeaderElection6] INFO  impl.RaftServerImpl (RaftServerImpl.java:setRole(174)) - 24bf2945-a329-4da6-aaf2-23ecd8d462c6@group-F091CBCF39C8: changes role from CANDIDATE to LEADER at term 1 for changeToLeader
2019-09-25 07:04:50,301 [24bf2945-a329-4da6-aaf2-23ecd8d462c6@group-F091CBCF39C8:LeaderElection6] INFO  impl.RaftServerImpl (ServerState.java:setLeader(253)) - 24bf2945-a329-4da6-aaf2-23ecd8d462c6@group-F091CBCF39C8: change Leader from null to 24bf2945-a329-4da6-aaf2-23ecd8d462c6 at term 1 for becomeLeader, leader elected after 5137ms
2019-09-25 07:04:50,301 [24bf2945-a329-4da6-aaf2-23ecd8d462c6@group-F091CBCF39C8:LeaderElection6] INFO  server.RaftServerConfigKeys (ConfUtils.java:logGet(43)) - raft.server.staging.catchup.gap = 1000 (default)
2019-09-25 07:04:50,301 [24bf2945-a329-4da6-aaf2-23ecd8d462c6@group-F091CBCF39C8:LeaderElection6] INFO  server.RaftServerConfigKeys (ConfUtils.java:logGet(43)) - raft.server.rpc.sleep.time = 25ms (default)
2019-09-25 07:04:50,301 [24bf2945-a329-4da6-aaf2-23ecd8d462c6@group-F091CBCF39C8:LeaderElection6] INFO  server.RaftServerConfigKeys (ConfUtils.java:logGet(43)) - raft.server.write.element-limit = 4096 (default)
2019-09-25 07:04:50,301 [24bf2945-a329-4da6-aaf2-23ecd8d462c6@group-F091CBCF39C8:LeaderElection6] INFO  server.RaftServerConfigKeys (ConfUtils.java:logGet(43)) - raft.server.watch.timeout = 10s (default)
2019-09-25 07:04:50,302 [24bf2945-a329-4da6-aaf2-23ecd8d462c6@group-F091CBCF39C8:LeaderElection6] INFO  server.RaftServerConfigKeys (ConfUtils.java:logGet(43)) - raft.server.watch.timeout.denomination = 1s (default)
2019-09-25 07:04:50,302 [24bf2945-a329-4da6-aaf2-23ecd8d462c6@group-F091CBCF39C8:LeaderElection6] INFO  server.RaftServerConfigKeys (ConfUtils.java:logGet(43)) - raft.server.watch.element-limit = 65536 (default)
2019-09-25 07:04:50,302 [pool-37-thread-1] INFO  storage.RaftStorageDirectory (RaftStorageDirectory.java:tryLock(328)) - Lock on /workdir/hadoop-ozone/integration-test/target/test-dir/MiniOzoneClusterImpl-39af9574-7a8b-4ed7-b830-bf686a3d4bb8/datanode-1/data/ratis/bebe17c2-5957-4c15-8c17-213bd37c19a2/in_use.lock acquired by nodename 19495@pr-hdds-1569-s62bp-3040748787
2019-09-25 07:04:50,303 [24bf2945-a329-4da6-aaf2-23ecd8d462c6@group-F091CBCF39C8:LeaderElection6] INFO  impl.RoleInfo (RoleInfo.java:updateAndGet(143)) - 24bf2945-a329-4da6-aaf2-23ecd8d462c6: start LeaderState
2019-09-25 07:04:50,304 [24bf2945-a329-4da6-aaf2-23ecd8d462c6@group-F091CBCF39C8:LeaderElection6] INFO  segmented.SegmentedRaftLogWorker (SegmentedRaftLogWorker.java:startLogSegment(380)) - 24bf2945-a329-4da6-aaf2-23ecd8d462c6@group-F091CBCF39C8-SegmentedRaftLogWorker: Starting segment from index:0
2019-09-25 07:04:50,304 [24bf2945-a329-4da6-aaf2-23ecd8d462c6@group-F091CBCF39C8:LeaderElection6] INFO  impl.RaftServerImpl (ServerState.java:setRaftConf(354)) - 24bf2945-a329-4da6-aaf2-23ecd8d462c6@group-F091CBCF39C8: set configuration 0: [24bf2945-a329-4da6-aaf2-23ecd8d462c6:192.168.30.10:42867], old=null at 0
2019-09-25 07:04:50,349 [pool-37-thread-1] INFO  storage.RaftStorage (RaftStorage.java:format(72)) - Storage directory /workdir/hadoop-ozone/integration-test/target/test-dir/MiniOzoneClusterImpl-39af9574-7a8b-4ed7-b830-bf686a3d4bb8/datanode-1/data/ratis/bebe17c2-5957-4c15-8c17-213bd37c19a2 has been successfully formatted.
2019-09-25 07:04:50,349 [pool-37-thread-1] INFO  ratis.ContainerStateMachine (ContainerStateMachine.java:loadSnapshot(230)) - group-213BD37C19A2: The snapshot info is null. Setting the last applied indexto:(t:0, i:~)
2019-09-25 07:04:50,350 [pool-37-thread-1] INFO  server.RaftServerConfigKeys (ConfUtils.java:logGet(43)) - raft.server.notification.no-leader.timeout = 120s (custom)
2019-09-25 07:04:50,350 [pool-37-thread-1] INFO  server.RaftServerConfigKeys (ConfUtils.java:logGet(43)) - raft.server.log.use.memory = false (default)
2019-09-25 07:04:50,350 [pool-37-thread-1] INFO  server.RaftServerConfigKeys (ConfUtils.java:logGet(43)) - raft.server.log.purge.gap = 1000000 (custom)
2019-09-25 07:04:50,350 [pool-37-thread-1] INFO  server.RaftServerConfigKeys (ConfUtils.java:logGet(43)) - raft.server.log.appender.buffer.byte-limit = 33554432 (custom)
2019-09-25 07:04:50,350 [pool-37-thread-1] INFO  server.RaftServerConfigKeys (ConfUtils.java:logGet(43)) - raft.server.log.segment.size.max = 1048576 (custom)
2019-09-25 07:04:50,350 [pool-37-thread-1] INFO  server.RaftServerConfigKeys (ConfUtils.java:logGet(43)) - raft.server.log.segment.cache.num.max = 2 (custom)
2019-09-25 07:04:50,351 [pool-37-thread-1] INFO  segmented.SegmentedRaftLogWorker (SegmentedRaftLogWorker.java:<init>(172)) - new 62ec8eb9-3ae9-4136-b70a-2caf3716fa7f@group-213BD37C19A2-SegmentedRaftLogWorker for RaftStorage:Storage Directory /workdir/hadoop-ozone/integration-test/target/test-dir/MiniOzoneClusterImpl-39af9574-7a8b-4ed7-b830-bf686a3d4bb8/datanode-1/data/ratis/bebe17c2-5957-4c15-8c17-213bd37c19a2
2019-09-25 07:04:50,351 [pool-37-thread-1] INFO  server.RaftServerConfigKeys (ConfUtils.java:logGet(43)) - raft.server.log.queue.byte-limit = 2147483647 (custom)
2019-09-25 07:04:50,351 [pool-37-thread-1] INFO  server.RaftServerConfigKeys (ConfUtils.java:logGet(43)) - raft.server.log.queue.element-limit = 1024 (custom)
2019-09-25 07:04:50,351 [pool-37-thread-1] INFO  server.RaftServerConfigKeys (ConfUtils.java:logGet(43)) - raft.server.log.segment.size.max = 1048576 (custom)
2019-09-25 07:04:50,351 [pool-37-thread-1] INFO  server.RaftServerConfigKeys (ConfUtils.java:logGet(43)) - raft.server.log.preallocated.size = 16384 (custom)
2019-09-25 07:04:50,351 [pool-37-thread-1] INFO  server.RaftServerConfigKeys (ConfUtils.java:logGet(43)) - raft.server.log.write.buffer.size = 33554432 (custom)
2019-09-25 07:04:50,352 [pool-37-thread-1] INFO  server.RaftServerConfigKeys (ConfUtils.java:logGet(43)) - raft.server.log.force.sync.num = 128 (default)
2019-09-25 07:04:50,352 [pool-37-thread-1] INFO  server.RaftServerConfigKeys (ConfUtils.java:logGet(43)) - raft.server.log.statemachine.data.sync = true (default)
2019-09-25 07:04:50,352 [pool-37-thread-1] INFO  server.RaftServerConfigKeys (ConfUtils.java:logGet(43)) - raft.server.log.statemachine.data.sync.timeout = 10s (default)
2019-09-25 07:04:50,352 [pool-37-thread-1] INFO  server.RaftServerConfigKeys (ConfUtils.java:logGet(43)) - raft.server.log.statemachine.data.sync.timeout.retry = -1 (default)
2019-09-25 07:04:50,352 [pool-37-thread-1] INFO  server.RaftServerConfigKeys (ConfUtils.java:logGet(43)) - raft.server.log.statemachine.data.caching.enabled = true (custom)
2019-09-25 07:04:50,353 [pool-37-thread-1] INFO  segmented.SegmentedRaftLogWorker (SegmentedRaftLogWorker.java:lambda$new$0(132)) - 62ec8eb9-3ae9-4136-b70a-2caf3716fa7f@group-213BD37C19A2-SegmentedRaftLogWorker: flushIndex: setUnconditionally 0 -> -1
2019-09-25 07:04:50,353 [pool-37-thread-1] INFO  server.RaftServerConfigKeys (ConfUtils.java:logGet(43)) - raft.server.snapshot.auto.trigger.enabled = true (custom)
2019-09-25 07:04:50,353 [pool-37-thread-1] INFO  server.RaftServerConfigKeys (ConfUtils.java:logGet(43)) - raft.server.snapshot.auto.trigger.threshold = 10000 (custom)
2019-09-25 07:04:50,353 [pool-37-thread-1] INFO  server.RaftServerConfigKeys (ConfUtils.java:logGet(43)) - raft.server.snapshot.retention.num.files = 5 (custom)
2019-09-25 07:04:50,353 [pool-37-thread-1] INFO  server.RaftServerConfigKeys (ConfUtils.java:logGet(43)) - raft.server.retrycache.expirytime = 600000ms (custom)
2019-09-25 07:04:50,356 [pool-37-thread-1] INFO  impl.RaftServerImpl (RaftServerImpl.java:start(185)) - 62ec8eb9-3ae9-4136-b70a-2caf3716fa7f@group-213BD37C19A2: start as a follower, conf=-1: [62ec8eb9-3ae9-4136-b70a-2caf3716fa7f:192.168.30.10:44715], old=null
2019-09-25 07:04:50,356 [pool-37-thread-1] INFO  impl.RaftServerImpl (RaftServerImpl.java:setRole(174)) - 62ec8eb9-3ae9-4136-b70a-2caf3716fa7f@group-213BD37C19A2: changes role from      null to FOLLOWER at term 0 for startAsFollower
2019-09-25 07:04:50,356 [pool-37-thread-1] INFO  impl.RoleInfo (RoleInfo.java:updateAndGet(143)) - 62ec8eb9-3ae9-4136-b70a-2caf3716fa7f: start FollowerState
2019-09-25 07:04:50,356 [pool-37-thread-1] INFO  util.JmxRegister (JmxRegister.java:tryRegister(44)) - Successfully registered JMX Bean with object name Ratis:service=RaftServer,group=group-213BD37C19A2,id=62ec8eb9-3ae9-4136-b70a-2caf3716fa7f
2019-09-25 07:04:50,367 [24bf2945-a329-4da6-aaf2-23ecd8d462c6@group-F091CBCF39C8-SegmentedRaftLogWorker] INFO  segmented.SegmentedRaftLogWorker (SegmentedRaftLogWorker.java:execute(569)) - 24bf2945-a329-4da6-aaf2-23ecd8d462c6@group-F091CBCF39C8-SegmentedRaftLogWorker: created new log segment /workdir/hadoop-ozone/integration-test/target/test-dir/MiniOzoneClusterImpl-39af9574-7a8b-4ed7-b830-bf686a3d4bb8/datanode-2/data/ratis/86b3d103-293e-4cd8-b311-f091cbcf39c8/current/log_inprogress_0
2019-09-25 07:04:50,369 [RatisPipelineUtilsThread] INFO  pipeline.PipelineStateManager (PipelineStateManager.java:addPipeline(56)) - Created pipeline Pipeline[ Id: bebe17c2-5957-4c15-8c17-213bd37c19a2, Nodes: 62ec8eb9-3ae9-4136-b70a-2caf3716fa7f{ip: 192.168.30.10, host: pr-hdds-1569-s62bp-3040748787, networkLocation: /default-rack, certSerialId: null}, Type:RATIS, Factor:ONE, State:OPEN]
2019-09-25 07:04:50,375 [grpc-default-executor-0] INFO  impl.RaftServerProxy (RaftServerProxy.java:addNew(89)) - 24bf2945-a329-4da6-aaf2-23ecd8d462c6: addNew group-0088A0E64B06:[24bf2945-a329-4da6-aaf2-23ecd8d462c6:192.168.30.10:42867] returns group-0088A0E64B06:java.util.concurrent.CompletableFuture@691004c2[Not completed]
2019-09-25 07:04:50,377 [pool-47-thread-1] INFO  impl.RaftServerImpl (RaftServerImpl.java:<init>(95)) - 24bf2945-a329-4da6-aaf2-23ecd8d462c6: new RaftServerImpl for group-0088A0E64B06:[24bf2945-a329-4da6-aaf2-23ecd8d462c6:192.168.30.10:42867] with ContainerStateMachine:uninitialized
2019-09-25 07:04:50,377 [pool-47-thread-1] INFO  server.RaftServerConfigKeys (ConfUtils.java:logGet(43)) - raft.server.rpc.timeout.min = 5s (custom)
2019-09-25 07:04:50,377 [pool-47-thread-1] INFO  server.RaftServerConfigKeys (ConfUtils.java:logGet(43)) - raft.server.rpc.timeout.max = 5200ms (custom)
2019-09-25 07:04:50,377 [pool-47-thread-1] INFO  server.RaftServerConfigKeys (ConfUtils.java:logGet(43)) - raft.server.rpcslowness.timeout = 120s (custom)
2019-09-25 07:04:50,377 [pool-47-thread-1] INFO  server.RaftServerConfigKeys (ConfUtils.java:logGet(43)) - raft.server.sleep.deviation.threshold = 300 (default)
2019-09-25 07:04:50,378 [pool-47-thread-1] INFO  server.RaftServerConfigKeys (ConfUtils.java:logGet(43)) - raft.server.log.appender.install.snapshot.enabled = false (custom)
2019-09-25 07:04:50,378 [pool-47-thread-1] INFO  impl.RaftServerImpl (ServerState.java:<init>(103)) - 24bf2945-a329-4da6-aaf2-23ecd8d462c6@group-0088A0E64B06: ConfigurationManager, init=-1: [24bf2945-a329-4da6-aaf2-23ecd8d462c6:192.168.30.10:42867], old=null, confs=<EMPTY_MAP>
2019-09-25 07:04:50,378 [pool-47-thread-1] INFO  server.RaftServerConfigKeys (ConfUtils.java:logGet(43)) - raft.server.storage.dir = [/workdir/hadoop-ozone/integration-test/target/test-dir/MiniOzoneClusterImpl-39af9574-7a8b-4ed7-b830-bf686a3d4bb8/datanode-2/data/ratis] (custom)
2019-09-25 07:04:50,379 [pool-47-thread-1] INFO  storage.RaftStorageDirectory (RaftStorageDirectory.java:analyzeStorage(246)) - The storage directory /workdir/hadoop-ozone/integration-test/target/test-dir/MiniOzoneClusterImpl-39af9574-7a8b-4ed7-b830-bf686a3d4bb8/datanode-2/data/ratis/0c0065e2-4dd1-4fde-8c28-0088a0e64b06 does not exist. Creating ...
2019-09-25 07:04:50,388 [Thread-204] INFO  impl.FollowerState (FollowerState.java:run(106)) - 24bf2945-a329-4da6-aaf2-23ecd8d462c6:group-6CA61C684066 changes to CANDIDATE, lastRpcTime:5001, electionTimeout:5001ms
2019-09-25 07:04:50,388 [Thread-204] INFO  impl.RoleInfo (RoleInfo.java:shutdownFollowerState(121)) - 24bf2945-a329-4da6-aaf2-23ecd8d462c6: shutdown FollowerState
2019-09-25 07:04:50,389 [Thread-204] INFO  impl.RaftServerImpl (RaftServerImpl.java:setRole(174)) - 24bf2945-a329-4da6-aaf2-23ecd8d462c6@group-6CA61C684066: changes role from  FOLLOWER to CANDIDATE at term 0 for changeToCandidate
2019-09-25 07:04:50,389 [Thread-204] INFO  impl.RoleInfo (RoleInfo.java:updateAndGet(143)) - 24bf2945-a329-4da6-aaf2-23ecd8d462c6: start LeaderElection
2019-09-25 07:04:50,389 [Thread-198] INFO  impl.FollowerState (FollowerState.java:run(106)) - 62ec8eb9-3ae9-4136-b70a-2caf3716fa7f:group-04922AB5D0D3 changes to CANDIDATE, lastRpcTime:5143, electionTimeout:5143ms
2019-09-25 07:04:50,391 [Thread-198] INFO  impl.RoleInfo (RoleInfo.java:shutdownFollowerState(121)) - 62ec8eb9-3ae9-4136-b70a-2caf3716fa7f: shutdown FollowerState
2019-09-25 07:04:50,393 [pool-47-thread-1] INFO  storage.RaftStorageDirectory (RaftStorageDirectory.java:tryLock(328)) - Lock on /workdir/hadoop-ozone/integration-test/target/test-dir/MiniOzoneClusterImpl-39af9574-7a8b-4ed7-b830-bf686a3d4bb8/datanode-2/data/ratis/0c0065e2-4dd1-4fde-8c28-0088a0e64b06/in_use.lock acquired by nodename 19495@pr-hdds-1569-s62bp-3040748787
2019-09-25 07:04:50,395 [Thread-198] INFO  impl.RaftServerImpl (RaftServerImpl.java:setRole(174)) - 62ec8eb9-3ae9-4136-b70a-2caf3716fa7f@group-04922AB5D0D3: changes role from  FOLLOWER to CANDIDATE at term 0 for changeToCandidate
2019-09-25 07:04:50,395 [Thread-198] INFO  impl.RoleInfo (RoleInfo.java:updateAndGet(143)) - 62ec8eb9-3ae9-4136-b70a-2caf3716fa7f: start LeaderElection
2019-09-25 07:04:50,408 [pool-47-thread-1] INFO  storage.RaftStorage (RaftStorage.java:format(72)) - Storage directory /workdir/hadoop-ozone/integration-test/target/test-dir/MiniOzoneClusterImpl-39af9574-7a8b-4ed7-b830-bf686a3d4bb8/datanode-2/data/ratis/0c0065e2-4dd1-4fde-8c28-0088a0e64b06 has been successfully formatted.
2019-09-25 07:04:50,408 [62ec8eb9-3ae9-4136-b70a-2caf3716fa7f@group-04922AB5D0D3:LeaderElection8] INFO  impl.LeaderElection (LeaderElection.java:askForVotes(182)) - 62ec8eb9-3ae9-4136-b70a-2caf3716fa7f@group-04922AB5D0D3:LeaderElection8: begin an election at term 1 for -1: [62ec8eb9-3ae9-4136-b70a-2caf3716fa7f:192.168.30.10:44715], old=null
2019-09-25 07:04:50,408 [24bf2945-a329-4da6-aaf2-23ecd8d462c6@group-6CA61C684066:LeaderElection7] INFO  impl.LeaderElection (LeaderElection.java:askForVotes(182)) - 24bf2945-a329-4da6-aaf2-23ecd8d462c6@group-6CA61C684066:LeaderElection7: begin an election at term 1 for -1: [24bf2945-a329-4da6-aaf2-23ecd8d462c6:192.168.30.10:42867], old=null
2019-09-25 07:04:50,409 [62ec8eb9-3ae9-4136-b70a-2caf3716fa7f@group-04922AB5D0D3:LeaderElection8] INFO  impl.RoleInfo (RoleInfo.java:shutdownLeaderElection(134)) - 62ec8eb9-3ae9-4136-b70a-2caf3716fa7f: shutdown LeaderElection
2019-09-25 07:04:50,409 [pool-47-thread-1] INFO  ratis.ContainerStateMachine (ContainerStateMachine.java:loadSnapshot(230)) - group-0088A0E64B06: The snapshot info is null. Setting the last applied indexto:(t:0, i:~)
2019-09-25 07:04:50,409 [62ec8eb9-3ae9-4136-b70a-2caf3716fa7f@group-04922AB5D0D3:LeaderElection8] INFO  impl.RaftServerImpl (RaftServerImpl.java:setRole(174)) - 62ec8eb9-3ae9-4136-b70a-2caf3716fa7f@group-04922AB5D0D3: changes role from CANDIDATE to LEADER at term 1 for changeToLeader
2019-09-25 07:04:50,409 [62ec8eb9-3ae9-4136-b70a-2caf3716fa7f@group-04922AB5D0D3:LeaderElection8] INFO  impl.RaftServerImpl (ServerState.java:setLeader(253)) - 62ec8eb9-3ae9-4136-b70a-2caf3716fa7f@group-04922AB5D0D3: change Leader from null to 62ec8eb9-3ae9-4136-b70a-2caf3716fa7f at term 1 for becomeLeader, leader elected after 5173ms
2019-09-25 07:04:50,409 [24bf2945-a329-4da6-aaf2-23ecd8d462c6@group-6CA61C684066:LeaderElection7] INFO  impl.RoleInfo (RoleInfo.java:shutdownLeaderElection(134)) - 24bf2945-a329-4da6-aaf2-23ecd8d462c6: shutdown LeaderElection
2019-09-25 07:04:50,409 [62ec8eb9-3ae9-4136-b70a-2caf3716fa7f@group-04922AB5D0D3:LeaderElection8] INFO  server.RaftServerConfigKeys (ConfUtils.java:logGet(43)) - raft.server.staging.catchup.gap = 1000 (default)
2019-09-25 07:04:50,409 [pool-47-thread-1] INFO  server.RaftServerConfigKeys (ConfUtils.java:logGet(43)) - raft.server.notification.no-leader.timeout = 120s (custom)
2019-09-25 07:04:50,410 [62ec8eb9-3ae9-4136-b70a-2caf3716fa7f@group-04922AB5D0D3:LeaderElection8] INFO  server.RaftServerConfigKeys (ConfUtils.java:logGet(43)) - raft.server.rpc.sleep.time = 25ms (default)
2019-09-25 07:04:50,410 [24bf2945-a329-4da6-aaf2-23ecd8d462c6@group-6CA61C684066:LeaderElection7] INFO  impl.RaftServerImpl (RaftServerImpl.java:setRole(174)) - 24bf2945-a329-4da6-aaf2-23ecd8d462c6@group-6CA61C684066: changes role from CANDIDATE to LEADER at term 1 for changeToLeader
2019-09-25 07:04:50,410 [62ec8eb9-3ae9-4136-b70a-2caf3716fa7f@group-04922AB5D0D3:LeaderElection8] INFO  server.RaftServerConfigKeys (ConfUtils.java:logGet(43)) - raft.server.write.element-limit = 4096 (default)
2019-09-25 07:04:50,410 [pool-47-thread-1] INFO  server.RaftServerConfigKeys (ConfUtils.java:logGet(43)) - raft.server.log.use.memory = false (default)
2019-09-25 07:04:50,410 [62ec8eb9-3ae9-4136-b70a-2caf3716fa7f@group-04922AB5D0D3:LeaderElection8] INFO  server.RaftServerConfigKeys (ConfUtils.java:logGet(43)) - raft.server.watch.timeout = 10s (default)
2019-09-25 07:04:50,410 [24bf2945-a329-4da6-aaf2-23ecd8d462c6@group-6CA61C684066:LeaderElection7] INFO  impl.RaftServerImpl (ServerState.java:setLeader(253)) - 24bf2945-a329-4da6-aaf2-23ecd8d462c6@group-6CA61C684066: change Leader from null to 24bf2945-a329-4da6-aaf2-23ecd8d462c6 at term 1 for becomeLeader, leader elected after 5031ms
2019-09-25 07:04:50,411 [62ec8eb9-3ae9-4136-b70a-2caf3716fa7f@group-04922AB5D0D3:LeaderElection8] INFO  server.RaftServerConfigKeys (ConfUtils.java:logGet(43)) - raft.server.watch.timeout.denomination = 1s (default)
2019-09-25 07:04:50,411 [pool-47-thread-1] INFO  server.RaftServerConfigKeys (ConfUtils.java:logGet(43)) - raft.server.log.purge.gap = 1000000 (custom)
2019-09-25 07:04:50,411 [62ec8eb9-3ae9-4136-b70a-2caf3716fa7f@group-04922AB5D0D3:LeaderElection8] INFO  server.RaftServerConfigKeys (ConfUtils.java:logGet(43)) - raft.server.watch.element-limit = 65536 (default)
2019-09-25 07:04:50,411 [24bf2945-a329-4da6-aaf2-23ecd8d462c6@group-6CA61C684066:LeaderElection7] INFO  server.RaftServerConfigKeys (ConfUtils.java:logGet(43)) - raft.server.staging.catchup.gap = 1000 (default)
2019-09-25 07:04:50,411 [pool-47-thread-1] INFO  server.RaftServerConfigKeys (ConfUtils.java:logGet(43)) - raft.server.log.appender.buffer.byte-limit = 33554432 (custom)
2019-09-25 07:04:50,411 [24bf2945-a329-4da6-aaf2-23ecd8d462c6@group-6CA61C684066:LeaderElection7] INFO  server.RaftServerConfigKeys (ConfUtils.java:logGet(43)) - raft.server.rpc.sleep.time = 25ms (default)
2019-09-25 07:04:50,412 [pool-47-thread-1] INFO  server.RaftServerConfigKeys (ConfUtils.java:logGet(43)) - raft.server.log.segment.size.max = 1048576 (custom)
2019-09-25 07:04:50,412 [24bf2945-a329-4da6-aaf2-23ecd8d462c6@group-6CA61C684066:LeaderElection7] INFO  server.RaftServerConfigKeys (ConfUtils.java:logGet(43)) - raft.server.write.element-limit = 4096 (default)
2019-09-25 07:04:50,412 [pool-47-thread-1] INFO  server.RaftServerConfigKeys (ConfUtils.java:logGet(43)) - raft.server.log.segment.cache.num.max = 2 (custom)
2019-09-25 07:04:50,412 [24bf2945-a329-4da6-aaf2-23ecd8d462c6@group-6CA61C684066:LeaderElection7] INFO  server.RaftServerConfigKeys (ConfUtils.java:logGet(43)) - raft.server.watch.timeout = 10s (default)
2019-09-25 07:04:50,412 [pool-47-thread-1] INFO  segmented.SegmentedRaftLogWorker (SegmentedRaftLogWorker.java:<init>(172)) - new 24bf2945-a329-4da6-aaf2-23ecd8d462c6@group-0088A0E64B06-SegmentedRaftLogWorker for RaftStorage:Storage Directory /workdir/hadoop-ozone/integration-test/target/test-dir/MiniOzoneClusterImpl-39af9574-7a8b-4ed7-b830-bf686a3d4bb8/datanode-2/data/ratis/0c0065e2-4dd1-4fde-8c28-0088a0e64b06
2019-09-25 07:04:50,412 [24bf2945-a329-4da6-aaf2-23ecd8d462c6@group-6CA61C684066:LeaderElection7] INFO  server.RaftServerConfigKeys (ConfUtils.java:logGet(43)) - raft.server.watch.timeout.denomination = 1s (default)
2019-09-25 07:04:50,413 [pool-47-thread-1] INFO  server.RaftServerConfigKeys (ConfUtils.java:logGet(43)) - raft.server.log.queue.byte-limit = 2147483647 (custom)
2019-09-25 07:04:50,413 [24bf2945-a329-4da6-aaf2-23ecd8d462c6@group-6CA61C684066:LeaderElection7] INFO  server.RaftServerConfigKeys (ConfUtils.java:logGet(43)) - raft.server.watch.element-limit = 65536 (default)
2019-09-25 07:04:50,413 [pool-47-thread-1] INFO  server.RaftServerConfigKeys (ConfUtils.java:logGet(43)) - raft.server.log.queue.element-limit = 1024 (custom)
2019-09-25 07:04:50,413 [pool-47-thread-1] INFO  server.RaftServerConfigKeys (ConfUtils.java:logGet(43)) - raft.server.log.segment.size.max = 1048576 (custom)
2019-09-25 07:04:50,414 [pool-47-thread-1] INFO  server.RaftServerConfigKeys (ConfUtils.java:logGet(43)) - raft.server.log.preallocated.size = 16384 (custom)
2019-09-25 07:04:50,414 [pool-47-thread-1] INFO  server.RaftServerConfigKeys (ConfUtils.java:logGet(43)) - raft.server.log.write.buffer.size = 33554432 (custom)
2019-09-25 07:04:50,414 [pool-47-thread-1] INFO  server.RaftServerConfigKeys (ConfUtils.java:logGet(43)) - raft.server.log.force.sync.num = 128 (default)
2019-09-25 07:04:50,414 [62ec8eb9-3ae9-4136-b70a-2caf3716fa7f@group-04922AB5D0D3:LeaderElection8] INFO  impl.RoleInfo (RoleInfo.java:updateAndGet(143)) - 62ec8eb9-3ae9-4136-b70a-2caf3716fa7f: start LeaderState
2019-09-25 07:04:50,414 [pool-47-thread-1] INFO  server.RaftServerConfigKeys (ConfUtils.java:logGet(43)) - raft.server.log.statemachine.data.sync = true (default)
2019-09-25 07:04:50,414 [pool-47-thread-1] INFO  server.RaftServerConfigKeys (ConfUtils.java:logGet(43)) - raft.server.log.statemachine.data.sync.timeout = 10s (default)
2019-09-25 07:04:50,414 [62ec8eb9-3ae9-4136-b70a-2caf3716fa7f@group-04922AB5D0D3:LeaderElection8] INFO  segmented.SegmentedRaftLogWorker (SegmentedRaftLogWorker.java:startLogSegment(380)) - 62ec8eb9-3ae9-4136-b70a-2caf3716fa7f@group-04922AB5D0D3-SegmentedRaftLogWorker: Starting segment from index:0
2019-09-25 07:04:50,414 [pool-47-thread-1] INFO  server.RaftServerConfigKeys (ConfUtils.java:logGet(43)) - raft.server.log.statemachine.data.sync.timeout.retry = -1 (default)
2019-09-25 07:04:50,415 [pool-47-thread-1] INFO  server.RaftServerConfigKeys (ConfUtils.java:logGet(43)) - raft.server.log.statemachine.data.caching.enabled = true (custom)
2019-09-25 07:04:50,415 [62ec8eb9-3ae9-4136-b70a-2caf3716fa7f@group-04922AB5D0D3:LeaderElection8] INFO  impl.RaftServerImpl (ServerState.java:setRaftConf(354)) - 62ec8eb9-3ae9-4136-b70a-2caf3716fa7f@group-04922AB5D0D3: set configuration 0: [62ec8eb9-3ae9-4136-b70a-2caf3716fa7f:192.168.30.10:44715], old=null at 0
2019-09-25 07:04:50,456 [pool-47-thread-1] INFO  segmented.SegmentedRaftLogWorker (SegmentedRaftLogWorker.java:lambda$new$0(132)) - 24bf2945-a329-4da6-aaf2-23ecd8d462c6@group-0088A0E64B06-SegmentedRaftLogWorker: flushIndex: setUnconditionally 0 -> -1
2019-09-25 07:04:50,456 [24bf2945-a329-4da6-aaf2-23ecd8d462c6@group-6CA61C684066:LeaderElection7] INFO  impl.RoleInfo (RoleInfo.java:updateAndGet(143)) - 24bf2945-a329-4da6-aaf2-23ecd8d462c6: start LeaderState
2019-09-25 07:04:50,456 [Thread-201] INFO  impl.FollowerState (FollowerState.java:run(106)) - 24bf2945-a329-4da6-aaf2-23ecd8d462c6:group-125F8BAC43A0 changes to CANDIDATE, lastRpcTime:5138, electionTimeout:5138ms
2019-09-25 07:04:50,456 [pool-47-thread-1] INFO  server.RaftServerConfigKeys (ConfUtils.java:logGet(43)) - raft.server.snapshot.auto.trigger.enabled = true (custom)
2019-09-25 07:04:50,457 [24bf2945-a329-4da6-aaf2-23ecd8d462c6@group-6CA61C684066:LeaderElection7] INFO  segmented.SegmentedRaftLogWorker (SegmentedRaftLogWorker.java:startLogSegment(380)) - 24bf2945-a329-4da6-aaf2-23ecd8d462c6@group-6CA61C684066-SegmentedRaftLogWorker: Starting segment from index:0
2019-09-25 07:04:50,457 [Thread-201] INFO  impl.RoleInfo (RoleInfo.java:shutdownFollowerState(121)) - 24bf2945-a329-4da6-aaf2-23ecd8d462c6: shutdown FollowerState
2019-09-25 07:04:50,457 [Thread-201] INFO  impl.RaftServerImpl (RaftServerImpl.java:setRole(174)) - 24bf2945-a329-4da6-aaf2-23ecd8d462c6@group-125F8BAC43A0: changes role from  FOLLOWER to CANDIDATE at term 0 for changeToCandidate
2019-09-25 07:04:50,457 [pool-47-thread-1] INFO  server.RaftServerConfigKeys (ConfUtils.java:logGet(43)) - raft.server.snapshot.auto.trigger.threshold = 10000 (custom)
2019-09-25 07:04:50,457 [Thread-201] INFO  impl.RoleInfo (RoleInfo.java:updateAndGet(143)) - 24bf2945-a329-4da6-aaf2-23ecd8d462c6: start LeaderElection
2019-09-25 07:04:50,457 [pool-47-thread-1] INFO  server.RaftServerConfigKeys (ConfUtils.java:logGet(43)) - raft.server.snapshot.retention.num.files = 5 (custom)
2019-09-25 07:04:50,457 [24bf2945-a329-4da6-aaf2-23ecd8d462c6@group-6CA61C684066:LeaderElection7] INFO  impl.RaftServerImpl (ServerState.java:setRaftConf(354)) - 24bf2945-a329-4da6-aaf2-23ecd8d462c6@group-6CA61C684066: set configuration 0: [24bf2945-a329-4da6-aaf2-23ecd8d462c6:192.168.30.10:42867], old=null at 0
2019-09-25 07:04:50,458 [pool-47-thread-1] INFO  server.RaftServerConfigKeys (ConfUtils.java:logGet(43)) - raft.server.retrycache.expirytime = 600000ms (custom)
2019-09-25 07:04:50,499 [62ec8eb9-3ae9-4136-b70a-2caf3716fa7f@group-04922AB5D0D3-SegmentedRaftLogWorker] INFO  segmented.SegmentedRaftLogWorker (SegmentedRaftLogWorker.java:execute(569)) - 62ec8eb9-3ae9-4136-b70a-2caf3716fa7f@group-04922AB5D0D3-SegmentedRaftLogWorker: created new log segment /workdir/hadoop-ozone/integration-test/target/test-dir/MiniOzoneClusterImpl-39af9574-7a8b-4ed7-b830-bf686a3d4bb8/datanode-1/data/ratis/ed4ededb-ea80-4108-b3e9-04922ab5d0d3/current/log_inprogress_0
2019-09-25 07:04:50,507 [pool-47-thread-1] INFO  impl.RaftServerImpl (RaftServerImpl.java:start(185)) - 24bf2945-a329-4da6-aaf2-23ecd8d462c6@group-0088A0E64B06: start as a follower, conf=-1: [24bf2945-a329-4da6-aaf2-23ecd8d462c6:192.168.30.10:42867], old=null
2019-09-25 07:04:50,507 [pool-47-thread-1] INFO  impl.RaftServerImpl (RaftServerImpl.java:setRole(174)) - 24bf2945-a329-4da6-aaf2-23ecd8d462c6@group-0088A0E64B06: changes role from      null to FOLLOWER at term 0 for startAsFollower
2019-09-25 07:04:50,508 [pool-47-thread-1] INFO  impl.RoleInfo (RoleInfo.java:updateAndGet(143)) - 24bf2945-a329-4da6-aaf2-23ecd8d462c6: start FollowerState
2019-09-25 07:04:50,508 [pool-47-thread-1] INFO  util.JmxRegister (JmxRegister.java:tryRegister(44)) - Successfully registered JMX Bean with object name Ratis:service=RaftServer,group=group-0088A0E64B06,id=24bf2945-a329-4da6-aaf2-23ecd8d462c6
2019-09-25 07:04:50,512 [RatisPipelineUtilsThread] INFO  pipeline.PipelineStateManager (PipelineStateManager.java:addPipeline(56)) - Created pipeline Pipeline[ Id: 0c0065e2-4dd1-4fde-8c28-0088a0e64b06, Nodes: 24bf2945-a329-4da6-aaf2-23ecd8d462c6{ip: 192.168.30.10, host: pr-hdds-1569-s62bp-3040748787, networkLocation: /default-rack, certSerialId: null}, Type:RATIS, Factor:ONE, State:OPEN]
2019-09-25 07:04:50,520 [grpc-default-executor-0] INFO  impl.RaftServerProxy (RaftServerProxy.java:addNew(89)) - 62ec8eb9-3ae9-4136-b70a-2caf3716fa7f: addNew group-A6D5E2AE564D:[62ec8eb9-3ae9-4136-b70a-2caf3716fa7f:192.168.30.10:44715] returns group-A6D5E2AE564D:java.util.concurrent.CompletableFuture@37e65ba3[Not completed]
2019-09-25 07:04:50,522 [pool-37-thread-1] INFO  impl.RaftServerImpl (RaftServerImpl.java:<init>(95)) - 62ec8eb9-3ae9-4136-b70a-2caf3716fa7f: new RaftServerImpl for group-A6D5E2AE564D:[62ec8eb9-3ae9-4136-b70a-2caf3716fa7f:192.168.30.10:44715] with ContainerStateMachine:uninitialized
2019-09-25 07:04:50,522 [pool-37-thread-1] INFO  server.RaftServerConfigKeys (ConfUtils.java:logGet(43)) - raft.server.rpc.timeout.min = 5s (custom)
2019-09-25 07:04:50,523 [pool-37-thread-1] INFO  server.RaftServerConfigKeys (ConfUtils.java:logGet(43)) - raft.server.rpc.timeout.max = 5200ms (custom)
2019-09-25 07:04:50,523 [pool-37-thread-1] INFO  server.RaftServerConfigKeys (ConfUtils.java:logGet(43)) - raft.server.rpcslowness.timeout = 120s (custom)
2019-09-25 07:04:50,523 [pool-37-thread-1] INFO  server.RaftServerConfigKeys (ConfUtils.java:logGet(43)) - raft.server.sleep.deviation.threshold = 300 (default)
2019-09-25 07:04:50,523 [pool-37-thread-1] INFO  server.RaftServerConfigKeys (ConfUtils.java:logGet(43)) - raft.server.log.appender.install.snapshot.enabled = false (custom)
2019-09-25 07:04:50,523 [pool-37-thread-1] INFO  impl.RaftServerImpl (ServerState.java:<init>(103)) - 62ec8eb9-3ae9-4136-b70a-2caf3716fa7f@group-A6D5E2AE564D: ConfigurationManager, init=-1: [62ec8eb9-3ae9-4136-b70a-2caf3716fa7f:192.168.30.10:44715], old=null, confs=<EMPTY_MAP>
2019-09-25 07:04:50,523 [24bf2945-a329-4da6-aaf2-23ecd8d462c6@group-6CA61C684066-SegmentedRaftLogWorker] INFO  segmented.SegmentedRaftLogWorker (SegmentedRaftLogWorker.java:execute(569)) - 24bf2945-a329-4da6-aaf2-23ecd8d462c6@group-6CA61C684066-SegmentedRaftLogWorker: created new log segment /workdir/hadoop-ozone/integration-test/target/test-dir/MiniOzoneClusterImpl-39af9574-7a8b-4ed7-b830-bf686a3d4bb8/datanode-2/data/ratis/988d4561-c1af-4209-bc39-6ca61c684066/current/log_inprogress_0
2019-09-25 07:04:50,524 [pool-37-thread-1] INFO  server.RaftServerConfigKeys (ConfUtils.java:logGet(43)) - raft.server.storage.dir = [/workdir/hadoop-ozone/integration-test/target/test-dir/MiniOzoneClusterImpl-39af9574-7a8b-4ed7-b830-bf686a3d4bb8/datanode-1/data/ratis] (custom)
2019-09-25 07:04:50,523 [24bf2945-a329-4da6-aaf2-23ecd8d462c6@group-125F8BAC43A0:LeaderElection9] INFO  impl.LeaderElection (LeaderElection.java:askForVotes(182)) - 24bf2945-a329-4da6-aaf2-23ecd8d462c6@group-125F8BAC43A0:LeaderElection9: begin an election at term 1 for -1: [24bf2945-a329-4da6-aaf2-23ecd8d462c6:192.168.30.10:42867], old=null
2019-09-25 07:04:50,524 [24bf2945-a329-4da6-aaf2-23ecd8d462c6@group-125F8BAC43A0:LeaderElection9] INFO  impl.RoleInfo (RoleInfo.java:shutdownLeaderElection(134)) - 24bf2945-a329-4da6-aaf2-23ecd8d462c6: shutdown LeaderElection
2019-09-25 07:04:50,524 [24bf2945-a329-4da6-aaf2-23ecd8d462c6@group-125F8BAC43A0:LeaderElection9] INFO  impl.RaftServerImpl (RaftServerImpl.java:setRole(174)) - 24bf2945-a329-4da6-aaf2-23ecd8d462c6@group-125F8BAC43A0: changes role from CANDIDATE to LEADER at term 1 for changeToLeader
2019-09-25 07:04:50,524 [24bf2945-a329-4da6-aaf2-23ecd8d462c6@group-125F8BAC43A0:LeaderElection9] INFO  impl.RaftServerImpl (ServerState.java:setLeader(253)) - 24bf2945-a329-4da6-aaf2-23ecd8d462c6@group-125F8BAC43A0: change Leader from null to 24bf2945-a329-4da6-aaf2-23ecd8d462c6 at term 1 for becomeLeader, leader elected after 5215ms
2019-09-25 07:04:50,525 [24bf2945-a329-4da6-aaf2-23ecd8d462c6@group-125F8BAC43A0:LeaderElection9] INFO  server.RaftServerConfigKeys (ConfUtils.java:logGet(43)) - raft.server.staging.catchup.gap = 1000 (default)
2019-09-25 07:04:50,525 [24bf2945-a329-4da6-aaf2-23ecd8d462c6@group-125F8BAC43A0:LeaderElection9] INFO  server.RaftServerConfigKeys (ConfUtils.java:logGet(43)) - raft.server.rpc.sleep.time = 25ms (default)
2019-09-25 07:04:50,525 [pool-37-thread-1] INFO  storage.RaftStorageDirectory (RaftStorageDirectory.java:analyzeStorage(246)) - The storage directory /workdir/hadoop-ozone/integration-test/target/test-dir/MiniOzoneClusterImpl-39af9574-7a8b-4ed7-b830-bf686a3d4bb8/datanode-1/data/ratis/cf7615a2-16ea-4332-96e3-a6d5e2ae564d does not exist. Creating ...
2019-09-25 07:04:50,525 [24bf2945-a329-4da6-aaf2-23ecd8d462c6@group-125F8BAC43A0:LeaderElection9] INFO  server.RaftServerConfigKeys (ConfUtils.java:logGet(43)) - raft.server.write.element-limit = 4096 (default)
2019-09-25 07:04:50,525 [24bf2945-a329-4da6-aaf2-23ecd8d462c6@group-125F8BAC43A0:LeaderElection9] INFO  server.RaftServerConfigKeys (ConfUtils.java:logGet(43)) - raft.server.watch.timeout = 10s (default)
2019-09-25 07:04:50,525 [24bf2945-a329-4da6-aaf2-23ecd8d462c6@group-125F8BAC43A0:LeaderElection9] INFO  server.RaftServerConfigKeys (ConfUtils.java:logGet(43)) - raft.server.watch.timeout.denomination = 1s (default)
2019-09-25 07:04:50,526 [24bf2945-a329-4da6-aaf2-23ecd8d462c6@group-125F8BAC43A0:LeaderElection9] INFO  server.RaftServerConfigKeys (ConfUtils.java:logGet(43)) - raft.server.watch.element-limit = 65536 (default)
2019-09-25 07:04:50,528 [24bf2945-a329-4da6-aaf2-23ecd8d462c6@group-125F8BAC43A0:LeaderElection9] INFO  impl.RoleInfo (RoleInfo.java:updateAndGet(143)) - 24bf2945-a329-4da6-aaf2-23ecd8d462c6: start LeaderState
2019-09-25 07:04:50,528 [24bf2945-a329-4da6-aaf2-23ecd8d462c6@group-125F8BAC43A0:LeaderElection9] INFO  segmented.SegmentedRaftLogWorker (SegmentedRaftLogWorker.java:startLogSegment(380)) - 24bf2945-a329-4da6-aaf2-23ecd8d462c6@group-125F8BAC43A0-SegmentedRaftLogWorker: Starting segment from index:0
2019-09-25 07:04:50,529 [24bf2945-a329-4da6-aaf2-23ecd8d462c6@group-125F8BAC43A0:LeaderElection9] INFO  impl.RaftServerImpl (ServerState.java:setRaftConf(354)) - 24bf2945-a329-4da6-aaf2-23ecd8d462c6@group-125F8BAC43A0: set configuration 0: [24bf2945-a329-4da6-aaf2-23ecd8d462c6:192.168.30.10:42867], old=null at 0
2019-09-25 07:04:50,564 [Thread-207] INFO  impl.FollowerState (FollowerState.java:run(106)) - e568d23f-199e-48ce-91e4-5c166e2e97cd:group-050458FFE721 changes to CANDIDATE, lastRpcTime:5117, electionTimeout:5112ms
2019-09-25 07:04:50,564 [pool-37-thread-1] INFO  storage.RaftStorageDirectory (RaftStorageDirectory.java:tryLock(328)) - Lock on /workdir/hadoop-ozone/integration-test/target/test-dir/MiniOzoneClusterImpl-39af9574-7a8b-4ed7-b830-bf686a3d4bb8/datanode-1/data/ratis/cf7615a2-16ea-4332-96e3-a6d5e2ae564d/in_use.lock acquired by nodename 19495@pr-hdds-1569-s62bp-3040748787
2019-09-25 07:04:50,564 [Thread-207] INFO  impl.RoleInfo (RoleInfo.java:shutdownFollowerState(121)) - e568d23f-199e-48ce-91e4-5c166e2e97cd: shutdown FollowerState
2019-09-25 07:04:50,565 [Thread-207] INFO  impl.RaftServerImpl (RaftServerImpl.java:setRole(174)) - e568d23f-199e-48ce-91e4-5c166e2e97cd@group-050458FFE721: changes role from  FOLLOWER to CANDIDATE at term 0 for changeToCandidate
2019-09-25 07:04:50,565 [Thread-207] INFO  impl.RoleInfo (RoleInfo.java:updateAndGet(143)) - e568d23f-199e-48ce-91e4-5c166e2e97cd: start LeaderElection
2019-09-25 07:04:50,577 [24bf2945-a329-4da6-aaf2-23ecd8d462c6@group-125F8BAC43A0-SegmentedRaftLogWorker] INFO  segmented.SegmentedRaftLogWorker (SegmentedRaftLogWorker.java:execute(569)) - 24bf2945-a329-4da6-aaf2-23ecd8d462c6@group-125F8BAC43A0-SegmentedRaftLogWorker: created new log segment /workdir/hadoop-ozone/integration-test/target/test-dir/MiniOzoneClusterImpl-39af9574-7a8b-4ed7-b830-bf686a3d4bb8/datanode-2/data/ratis/dad6a978-e330-45a0-b9a2-125f8bac43a0/current/log_inprogress_0
2019-09-25 07:04:50,577 [pool-37-thread-1] INFO  storage.RaftStorage (RaftStorage.java:format(72)) - Storage directory /workdir/hadoop-ozone/integration-test/target/test-dir/MiniOzoneClusterImpl-39af9574-7a8b-4ed7-b830-bf686a3d4bb8/datanode-1/data/ratis/cf7615a2-16ea-4332-96e3-a6d5e2ae564d has been successfully formatted.
2019-09-25 07:04:50,577 [e568d23f-199e-48ce-91e4-5c166e2e97cd@group-050458FFE721:LeaderElection10] INFO  impl.LeaderElection (LeaderElection.java:askForVotes(182)) - e568d23f-199e-48ce-91e4-5c166e2e97cd@group-050458FFE721:LeaderElection10: begin an election at term 1 for -1: [e568d23f-199e-48ce-91e4-5c166e2e97cd:192.168.30.10:42827], old=null
2019-09-25 07:04:50,578 [e568d23f-199e-48ce-91e4-5c166e2e97cd@group-050458FFE721:LeaderElection10] INFO  impl.RoleInfo (RoleInfo.java:shutdownLeaderElection(134)) - e568d23f-199e-48ce-91e4-5c166e2e97cd: shutdown LeaderElection
2019-09-25 07:04:50,578 [pool-37-thread-1] INFO  ratis.ContainerStateMachine (ContainerStateMachine.java:loadSnapshot(230)) - group-A6D5E2AE564D: The snapshot info is null. Setting the last applied indexto:(t:0, i:~)
2019-09-25 07:04:50,578 [e568d23f-199e-48ce-91e4-5c166e2e97cd@group-050458FFE721:LeaderElection10] INFO  impl.RaftServerImpl (RaftServerImpl.java:setRole(174)) - e568d23f-199e-48ce-91e4-5c166e2e97cd@group-050458FFE721: changes role from CANDIDATE to LEADER at term 1 for changeToLeader
2019-09-25 07:04:50,578 [pool-37-thread-1] INFO  server.RaftServerConfigKeys (ConfUtils.java:logGet(43)) - raft.server.notification.no-leader.timeout = 120s (custom)
2019-09-25 07:04:50,578 [e568d23f-199e-48ce-91e4-5c166e2e97cd@group-050458FFE721:LeaderElection10] INFO  impl.RaftServerImpl (ServerState.java:setLeader(253)) - e568d23f-199e-48ce-91e4-5c166e2e97cd@group-050458FFE721: change Leader from null to e568d23f-199e-48ce-91e4-5c166e2e97cd at term 1 for becomeLeader, leader elected after 5139ms
2019-09-25 07:04:50,578 [pool-37-thread-1] INFO  server.RaftServerConfigKeys (ConfUtils.java:logGet(43)) - raft.server.log.use.memory = false (default)
2019-09-25 07:04:50,579 [e568d23f-199e-48ce-91e4-5c166e2e97cd@group-050458FFE721:LeaderElection10] INFO  server.RaftServerConfigKeys (ConfUtils.java:logGet(43)) - raft.server.staging.catchup.gap = 1000 (default)
2019-09-25 07:04:50,579 [pool-37-thread-1] INFO  server.RaftServerConfigKeys (ConfUtils.java:logGet(43)) - raft.server.log.purge.gap = 1000000 (custom)
2019-09-25 07:04:50,579 [e568d23f-199e-48ce-91e4-5c166e2e97cd@group-050458FFE721:LeaderElection10] INFO  server.RaftServerConfigKeys (ConfUtils.java:logGet(43)) - raft.server.rpc.sleep.time = 25ms (default)
2019-09-25 07:04:50,579 [pool-37-thread-1] INFO  server.RaftServerConfigKeys (ConfUtils.java:logGet(43)) - raft.server.log.appender.buffer.byte-limit = 33554432 (custom)
2019-09-25 07:04:50,579 [e568d23f-199e-48ce-91e4-5c166e2e97cd@group-050458FFE721:LeaderElection10] INFO  server.RaftServerConfigKeys (ConfUtils.java:logGet(43)) - raft.server.write.element-limit = 4096 (default)
2019-09-25 07:04:50,579 [pool-37-thread-1] INFO  server.RaftServerConfigKeys (ConfUtils.java:logGet(43)) - raft.server.log.segment.size.max = 1048576 (custom)
2019-09-25 07:04:50,580 [e568d23f-199e-48ce-91e4-5c166e2e97cd@group-050458FFE721:LeaderElection10] INFO  server.RaftServerConfigKeys (ConfUtils.java:logGet(43)) - raft.server.watch.timeout = 10s (default)
2019-09-25 07:04:50,580 [pool-37-thread-1] INFO  server.RaftServerConfigKeys (ConfUtils.java:logGet(43)) - raft.server.log.segment.cache.num.max = 2 (custom)
2019-09-25 07:04:50,580 [e568d23f-199e-48ce-91e4-5c166e2e97cd@group-050458FFE721:LeaderElection10] INFO  server.RaftServerConfigKeys (ConfUtils.java:logGet(43)) - raft.server.watch.timeout.denomination = 1s (default)
2019-09-25 07:04:50,580 [pool-37-thread-1] INFO  segmented.SegmentedRaftLogWorker (SegmentedRaftLogWorker.java:<init>(172)) - new 62ec8eb9-3ae9-4136-b70a-2caf3716fa7f@group-A6D5E2AE564D-SegmentedRaftLogWorker for RaftStorage:Storage Directory /workdir/hadoop-ozone/integration-test/target/test-dir/MiniOzoneClusterImpl-39af9574-7a8b-4ed7-b830-bf686a3d4bb8/datanode-1/data/ratis/cf7615a2-16ea-4332-96e3-a6d5e2ae564d
2019-09-25 07:04:50,580 [e568d23f-199e-48ce-91e4-5c166e2e97cd@group-050458FFE721:LeaderElection10] INFO  server.RaftServerConfigKeys (ConfUtils.java:logGet(43)) - raft.server.watch.element-limit = 65536 (default)
2019-09-25 07:04:50,580 [pool-37-thread-1] INFO  server.RaftServerConfigKeys (ConfUtils.java:logGet(43)) - raft.server.log.queue.byte-limit = 2147483647 (custom)
2019-09-25 07:04:50,581 [pool-37-thread-1] INFO  server.RaftServerConfigKeys (ConfUtils.java:logGet(43)) - raft.server.log.queue.element-limit = 1024 (custom)
2019-09-25 07:04:50,581 [pool-37-thread-1] INFO  server.RaftServerConfigKeys (ConfUtils.java:logGet(43)) - raft.server.log.segment.size.max = 1048576 (custom)
2019-09-25 07:04:50,581 [pool-37-thread-1] INFO  server.RaftServerConfigKeys (ConfUtils.java:logGet(43)) - raft.server.log.preallocated.size = 16384 (custom)
2019-09-25 07:04:50,581 [pool-37-thread-1] INFO  server.RaftServerConfigKeys (ConfUtils.java:logGet(43)) - raft.server.log.write.buffer.size = 33554432 (custom)
2019-09-25 07:04:50,581 [pool-37-thread-1] INFO  server.RaftServerConfigKeys (ConfUtils.java:logGet(43)) - raft.server.log.force.sync.num = 128 (default)
2019-09-25 07:04:50,581 [pool-37-thread-1] INFO  server.RaftServerConfigKeys (ConfUtils.java:logGet(43)) - raft.server.log.statemachine.data.sync = true (default)
2019-09-25 07:04:50,582 [pool-37-thread-1] INFO  server.RaftServerConfigKeys (ConfUtils.java:logGet(43)) - raft.server.log.statemachine.data.sync.timeout = 10s (default)
2019-09-25 07:04:50,582 [pool-37-thread-1] INFO  server.RaftServerConfigKeys (ConfUtils.java:logGet(43)) - raft.server.log.statemachine.data.sync.timeout.retry = -1 (default)
2019-09-25 07:04:50,582 [pool-37-thread-1] INFO  server.RaftServerConfigKeys (ConfUtils.java:logGet(43)) - raft.server.log.statemachine.data.caching.enabled = true (custom)
2019-09-25 07:04:50,582 [Thread-213] INFO  impl.FollowerState (FollowerState.java:run(106)) - e568d23f-199e-48ce-91e4-5c166e2e97cd:group-FF017AE769DA changes to CANDIDATE, lastRpcTime:5015, electionTimeout:5015ms
2019-09-25 07:04:50,582 [pool-37-thread-1] INFO  segmented.SegmentedRaftLogWorker (SegmentedRaftLogWorker.java:lambda$new$0(132)) - 62ec8eb9-3ae9-4136-b70a-2caf3716fa7f@group-A6D5E2AE564D-SegmentedRaftLogWorker: flushIndex: setUnconditionally 0 -> -1
2019-09-25 07:04:50,582 [e568d23f-199e-48ce-91e4-5c166e2e97cd@group-050458FFE721:LeaderElection10] INFO  impl.RoleInfo (RoleInfo.java:updateAndGet(143)) - e568d23f-199e-48ce-91e4-5c166e2e97cd: start LeaderState
2019-09-25 07:04:50,582 [Thread-213] INFO  impl.RoleInfo (RoleInfo.java:shutdownFollowerState(121)) - e568d23f-199e-48ce-91e4-5c166e2e97cd: shutdown FollowerState
2019-09-25 07:04:50,583 [pool-37-thread-1] INFO  server.RaftServerConfigKeys (ConfUtils.java:logGet(43)) - raft.server.snapshot.auto.trigger.enabled = true (custom)
2019-09-25 07:04:50,583 [Thread-213] INFO  impl.RaftServerImpl (RaftServerImpl.java:setRole(174)) - e568d23f-199e-48ce-91e4-5c166e2e97cd@group-FF017AE769DA: changes role from  FOLLOWER to CANDIDATE at term 0 for changeToCandidate
2019-09-25 07:04:50,583 [e568d23f-199e-48ce-91e4-5c166e2e97cd@group-050458FFE721:LeaderElection10] INFO  segmented.SegmentedRaftLogWorker (SegmentedRaftLogWorker.java:startLogSegment(380)) - e568d23f-199e-48ce-91e4-5c166e2e97cd@group-050458FFE721-SegmentedRaftLogWorker: Starting segment from index:0
2019-09-25 07:04:50,583 [Thread-213] INFO  impl.RoleInfo (RoleInfo.java:updateAndGet(143)) - e568d23f-199e-48ce-91e4-5c166e2e97cd: start LeaderElection
2019-09-25 07:04:50,583 [pool-37-thread-1] INFO  server.RaftServerConfigKeys (ConfUtils.java:logGet(43)) - raft.server.snapshot.auto.trigger.threshold = 10000 (custom)
2019-09-25 07:04:50,583 [pool-37-thread-1] INFO  server.RaftServerConfigKeys (ConfUtils.java:logGet(43)) - raft.server.snapshot.retention.num.files = 5 (custom)
2019-09-25 07:04:50,624 [pool-37-thread-1] INFO  server.RaftServerConfigKeys (ConfUtils.java:logGet(43)) - raft.server.retrycache.expirytime = 600000ms (custom)
2019-09-25 07:04:50,626 [e568d23f-199e-48ce-91e4-5c166e2e97cd@group-050458FFE721:LeaderElection10] INFO  impl.RaftServerImpl (ServerState.java:setRaftConf(354)) - e568d23f-199e-48ce-91e4-5c166e2e97cd@group-050458FFE721: set configuration 0: [e568d23f-199e-48ce-91e4-5c166e2e97cd:192.168.30.10:42827], old=null at 0
2019-09-25 07:04:50,630 [pool-37-thread-1] INFO  impl.RaftServerImpl (RaftServerImpl.java:start(185)) - 62ec8eb9-3ae9-4136-b70a-2caf3716fa7f@group-A6D5E2AE564D: start as a follower, conf=-1: [62ec8eb9-3ae9-4136-b70a-2caf3716fa7f:192.168.30.10:44715], old=null
2019-09-25 07:04:50,630 [pool-37-thread-1] INFO  impl.RaftServerImpl (RaftServerImpl.java:setRole(174)) - 62ec8eb9-3ae9-4136-b70a-2caf3716fa7f@group-A6D5E2AE564D: changes role from      null to FOLLOWER at term 0 for startAsFollower
2019-09-25 07:04:50,630 [pool-37-thread-1] INFO  impl.RoleInfo (RoleInfo.java:updateAndGet(143)) - 62ec8eb9-3ae9-4136-b70a-2caf3716fa7f: start FollowerState
2019-09-25 07:04:50,631 [pool-37-thread-1] INFO  util.JmxRegister (JmxRegister.java:tryRegister(44)) - Successfully registered JMX Bean with object name Ratis:service=RaftServer,group=group-A6D5E2AE564D,id=62ec8eb9-3ae9-4136-b70a-2caf3716fa7f
2019-09-25 07:04:50,634 [RatisPipelineUtilsThread] INFO  pipeline.PipelineStateManager (PipelineStateManager.java:addPipeline(56)) - Created pipeline Pipeline[ Id: cf7615a2-16ea-4332-96e3-a6d5e2ae564d, Nodes: 62ec8eb9-3ae9-4136-b70a-2caf3716fa7f{ip: 192.168.30.10, host: pr-hdds-1569-s62bp-3040748787, networkLocation: /default-rack, certSerialId: null}, Type:RATIS, Factor:ONE, State:OPEN]
2019-09-25 07:04:50,637 [e568d23f-199e-48ce-91e4-5c166e2e97cd@group-050458FFE721-SegmentedRaftLogWorker] INFO  segmented.SegmentedRaftLogWorker (SegmentedRaftLogWorker.java:execute(569)) - e568d23f-199e-48ce-91e4-5c166e2e97cd@group-050458FFE721-SegmentedRaftLogWorker: created new log segment /workdir/hadoop-ozone/integration-test/target/test-dir/MiniOzoneClusterImpl-39af9574-7a8b-4ed7-b830-bf686a3d4bb8/datanode-0/data/ratis/45fbf393-b8bd-4ccc-a87d-050458ffe721/current/log_inprogress_0
2019-09-25 07:04:50,637 [e568d23f-199e-48ce-91e4-5c166e2e97cd@group-FF017AE769DA:LeaderElection11] INFO  impl.LeaderElection (LeaderElection.java:askForVotes(182)) - e568d23f-199e-48ce-91e4-5c166e2e97cd@group-FF017AE769DA:LeaderElection11: begin an election at term 1 for -1: [e568d23f-199e-48ce-91e4-5c166e2e97cd:192.168.30.10:42827], old=null
2019-09-25 07:04:50,637 [e568d23f-199e-48ce-91e4-5c166e2e97cd@group-FF017AE769DA:LeaderElection11] INFO  impl.RoleInfo (RoleInfo.java:shutdownLeaderElection(134)) - e568d23f-199e-48ce-91e4-5c166e2e97cd: shutdown LeaderElection
2019-09-25 07:04:50,637 [e568d23f-199e-48ce-91e4-5c166e2e97cd@group-FF017AE769DA:LeaderElection11] INFO  impl.RaftServerImpl (RaftServerImpl.java:setRole(174)) - e568d23f-199e-48ce-91e4-5c166e2e97cd@group-FF017AE769DA: changes role from CANDIDATE to LEADER at term 1 for changeToLeader
2019-09-25 07:04:50,638 [e568d23f-199e-48ce-91e4-5c166e2e97cd@group-FF017AE769DA:LeaderElection11] INFO  impl.RaftServerImpl (ServerState.java:setLeader(253)) - e568d23f-199e-48ce-91e4-5c166e2e97cd@group-FF017AE769DA: change Leader from null to e568d23f-199e-48ce-91e4-5c166e2e97cd at term 1 for becomeLeader, leader elected after 5079ms
2019-09-25 07:04:50,638 [e568d23f-199e-48ce-91e4-5c166e2e97cd@group-FF017AE769DA:LeaderElection11] INFO  server.RaftServerConfigKeys (ConfUtils.java:logGet(43)) - raft.server.staging.catchup.gap = 1000 (default)
2019-09-25 07:04:50,638 [e568d23f-199e-48ce-91e4-5c166e2e97cd@group-FF017AE769DA:LeaderElection11] INFO  server.RaftServerConfigKeys (ConfUtils.java:logGet(43)) - raft.server.rpc.sleep.time = 25ms (default)
2019-09-25 07:04:50,638 [e568d23f-199e-48ce-91e4-5c166e2e97cd@group-FF017AE769DA:LeaderElection11] INFO  server.RaftServerConfigKeys (ConfUtils.java:logGet(43)) - raft.server.write.element-limit = 4096 (default)
2019-09-25 07:04:50,638 [e568d23f-199e-48ce-91e4-5c166e2e97cd@group-FF017AE769DA:LeaderElection11] INFO  server.RaftServerConfigKeys (ConfUtils.java:logGet(43)) - raft.server.watch.timeout = 10s (default)
2019-09-25 07:04:50,638 [e568d23f-199e-48ce-91e4-5c166e2e97cd@group-FF017AE769DA:LeaderElection11] INFO  server.RaftServerConfigKeys (ConfUtils.java:logGet(43)) - raft.server.watch.timeout.denomination = 1s (default)
2019-09-25 07:04:50,638 [e568d23f-199e-48ce-91e4-5c166e2e97cd@group-FF017AE769DA:LeaderElection11] INFO  server.RaftServerConfigKeys (ConfUtils.java:logGet(43)) - raft.server.watch.element-limit = 65536 (default)
2019-09-25 07:04:50,650 [e568d23f-199e-48ce-91e4-5c166e2e97cd@group-FF017AE769DA:LeaderElection11] INFO  impl.RoleInfo (RoleInfo.java:updateAndGet(143)) - e568d23f-199e-48ce-91e4-5c166e2e97cd: start LeaderState
2019-09-25 07:04:50,651 [e568d23f-199e-48ce-91e4-5c166e2e97cd@group-FF017AE769DA:LeaderElection11] INFO  segmented.SegmentedRaftLogWorker (SegmentedRaftLogWorker.java:startLogSegment(380)) - e568d23f-199e-48ce-91e4-5c166e2e97cd@group-FF017AE769DA-SegmentedRaftLogWorker: Starting segment from index:0
2019-09-25 07:04:50,654 [e568d23f-199e-48ce-91e4-5c166e2e97cd@group-FF017AE769DA:LeaderElection11] INFO  impl.RaftServerImpl (ServerState.java:setRaftConf(354)) - e568d23f-199e-48ce-91e4-5c166e2e97cd@group-FF017AE769DA: set configuration 0: [e568d23f-199e-48ce-91e4-5c166e2e97cd:192.168.30.10:42827], old=null at 0
2019-09-25 07:04:50,689 [grpc-default-executor-2] INFO  impl.RaftServerProxy (RaftServerProxy.java:addNew(89)) - 24bf2945-a329-4da6-aaf2-23ecd8d462c6: addNew group-258FC0DA5C42:[24bf2945-a329-4da6-aaf2-23ecd8d462c6:192.168.30.10:42867, e568d23f-199e-48ce-91e4-5c166e2e97cd:192.168.30.10:42827, 62ec8eb9-3ae9-4136-b70a-2caf3716fa7f:192.168.30.10:44715] returns group-258FC0DA5C42:java.util.concurrent.CompletableFuture@61230dd9[Not completed]
2019-09-25 07:04:50,691 [pool-47-thread-1] INFO  impl.RaftServerImpl (RaftServerImpl.java:<init>(95)) - 24bf2945-a329-4da6-aaf2-23ecd8d462c6: new RaftServerImpl for group-258FC0DA5C42:[24bf2945-a329-4da6-aaf2-23ecd8d462c6:192.168.30.10:42867, e568d23f-199e-48ce-91e4-5c166e2e97cd:192.168.30.10:42827, 62ec8eb9-3ae9-4136-b70a-2caf3716fa7f:192.168.30.10:44715] with ContainerStateMachine:uninitialized
2019-09-25 07:04:50,691 [grpc-default-executor-2] INFO  impl.RaftServerProxy (RaftServerProxy.java:addNew(89)) - e568d23f-199e-48ce-91e4-5c166e2e97cd: addNew group-258FC0DA5C42:[24bf2945-a329-4da6-aaf2-23ecd8d462c6:192.168.30.10:42867, e568d23f-199e-48ce-91e4-5c166e2e97cd:192.168.30.10:42827, 62ec8eb9-3ae9-4136-b70a-2caf3716fa7f:192.168.30.10:44715] returns group-258FC0DA5C42:java.util.concurrent.CompletableFuture@24218f99[Not completed]
2019-09-25 07:04:50,691 [pool-47-thread-1] INFO  server.RaftServerConfigKeys (ConfUtils.java:logGet(43)) - raft.server.rpc.timeout.min = 5s (custom)
2019-09-25 07:04:50,691 [grpc-default-executor-1] INFO  impl.RaftServerProxy (RaftServerProxy.java:addNew(89)) - 62ec8eb9-3ae9-4136-b70a-2caf3716fa7f: addNew group-258FC0DA5C42:[24bf2945-a329-4da6-aaf2-23ecd8d462c6:192.168.30.10:42867, e568d23f-199e-48ce-91e4-5c166e2e97cd:192.168.30.10:42827, 62ec8eb9-3ae9-4136-b70a-2caf3716fa7f:192.168.30.10:44715] returns group-258FC0DA5C42:java.util.concurrent.CompletableFuture@384aeab6[Not completed]
2019-09-25 07:04:50,691 [pool-47-thread-1] INFO  server.RaftServerConfigKeys (ConfUtils.java:logGet(43)) - raft.server.rpc.timeout.max = 5200ms (custom)
2019-09-25 07:04:50,692 [pool-47-thread-1] INFO  server.RaftServerConfigKeys (ConfUtils.java:logGet(43)) - raft.server.rpcslowness.timeout = 120s (custom)
2019-09-25 07:04:50,692 [pool-47-thread-1] INFO  server.RaftServerConfigKeys (ConfUtils.java:logGet(43)) - raft.server.sleep.deviation.threshold = 300 (default)
2019-09-25 07:04:50,692 [pool-37-thread-1] INFO  impl.RaftServerImpl (RaftServerImpl.java:<init>(95)) - 62ec8eb9-3ae9-4136-b70a-2caf3716fa7f: new RaftServerImpl for group-258FC0DA5C42:[24bf2945-a329-4da6-aaf2-23ecd8d462c6:192.168.30.10:42867, e568d23f-199e-48ce-91e4-5c166e2e97cd:192.168.30.10:42827, 62ec8eb9-3ae9-4136-b70a-2caf3716fa7f:192.168.30.10:44715] with ContainerStateMachine:uninitialized
2019-09-25 07:04:50,692 [pool-47-thread-1] INFO  server.RaftServerConfigKeys (ConfUtils.java:logGet(43)) - raft.server.log.appender.install.snapshot.enabled = false (custom)
2019-09-25 07:04:50,692 [pool-37-thread-1] INFO  server.RaftServerConfigKeys (ConfUtils.java:logGet(43)) - raft.server.rpc.timeout.min = 5s (custom)
2019-09-25 07:04:50,692 [pool-47-thread-1] INFO  impl.RaftServerImpl (ServerState.java:<init>(103)) - 24bf2945-a329-4da6-aaf2-23ecd8d462c6@group-258FC0DA5C42: ConfigurationManager, init=-1: [24bf2945-a329-4da6-aaf2-23ecd8d462c6:192.168.30.10:42867, e568d23f-199e-48ce-91e4-5c166e2e97cd:192.168.30.10:42827, 62ec8eb9-3ae9-4136-b70a-2caf3716fa7f:192.168.30.10:44715], old=null, confs=<EMPTY_MAP>
2019-09-25 07:04:50,692 [pool-27-thread-1] INFO  impl.RaftServerImpl (RaftServerImpl.java:<init>(95)) - e568d23f-199e-48ce-91e4-5c166e2e97cd: new RaftServerImpl for group-258FC0DA5C42:[24bf2945-a329-4da6-aaf2-23ecd8d462c6:192.168.30.10:42867, e568d23f-199e-48ce-91e4-5c166e2e97cd:192.168.30.10:42827, 62ec8eb9-3ae9-4136-b70a-2caf3716fa7f:192.168.30.10:44715] with ContainerStateMachine:uninitialized
2019-09-25 07:04:50,692 [pool-37-thread-1] INFO  server.RaftServerConfigKeys (ConfUtils.java:logGet(43)) - raft.server.rpc.timeout.max = 5200ms (custom)
2019-09-25 07:04:50,693 [pool-27-thread-1] INFO  server.RaftServerConfigKeys (ConfUtils.java:logGet(43)) - raft.server.rpc.timeout.min = 5s (custom)
2019-09-25 07:04:50,692 [pool-47-thread-1] INFO  server.RaftServerConfigKeys (ConfUtils.java:logGet(43)) - raft.server.storage.dir = [/workdir/hadoop-ozone/integration-test/target/test-dir/MiniOzoneClusterImpl-39af9574-7a8b-4ed7-b830-bf686a3d4bb8/datanode-2/data/ratis] (custom)
2019-09-25 07:04:50,693 [pool-27-thread-1] INFO  server.RaftServerConfigKeys (ConfUtils.java:logGet(43)) - raft.server.rpc.timeout.max = 5200ms (custom)
2019-09-25 07:04:50,693 [pool-37-thread-1] INFO  server.RaftServerConfigKeys (ConfUtils.java:logGet(43)) - raft.server.rpcslowness.timeout = 120s (custom)
2019-09-25 07:04:50,693 [pool-27-thread-1] INFO  server.RaftServerConfigKeys (ConfUtils.java:logGet(43)) - raft.server.rpcslowness.timeout = 120s (custom)
2019-09-25 07:04:50,693 [pool-37-thread-1] INFO  server.RaftServerConfigKeys (ConfUtils.java:logGet(43)) - raft.server.sleep.deviation.threshold = 300 (default)
2019-09-25 07:04:50,693 [pool-27-thread-1] INFO  server.RaftServerConfigKeys (ConfUtils.java:logGet(43)) - raft.server.sleep.deviation.threshold = 300 (default)
2019-09-25 07:04:50,693 [Thread-210] INFO  impl.FollowerState (FollowerState.java:run(106)) - e568d23f-199e-48ce-91e4-5c166e2e97cd:group-4ED6F864A095 changes to CANDIDATE, lastRpcTime:5188, electionTimeout:5188ms
2019-09-25 07:04:50,693 [pool-37-thread-1] INFO  server.RaftServerConfigKeys (ConfUtils.java:logGet(43)) - raft.server.log.appender.install.snapshot.enabled = false (custom)
2019-09-25 07:04:50,693 [pool-27-thread-1] INFO  server.RaftServerConfigKeys (ConfUtils.java:logGet(43)) - raft.server.log.appender.install.snapshot.enabled = false (custom)
2019-09-25 07:04:50,693 [pool-47-thread-1] INFO  storage.RaftStorageDirectory (RaftStorageDirectory.java:analyzeStorage(246)) - The storage directory /workdir/hadoop-ozone/integration-test/target/test-dir/MiniOzoneClusterImpl-39af9574-7a8b-4ed7-b830-bf686a3d4bb8/datanode-2/data/ratis/c5365a16-8bdd-4ee9-8016-258fc0da5c42 does not exist. Creating ...
2019-09-25 07:04:50,694 [pool-27-thread-1] INFO  impl.RaftServerImpl (ServerState.java:<init>(103)) - e568d23f-199e-48ce-91e4-5c166e2e97cd@group-258FC0DA5C42: ConfigurationManager, init=-1: [24bf2945-a329-4da6-aaf2-23ecd8d462c6:192.168.30.10:42867, e568d23f-199e-48ce-91e4-5c166e2e97cd:192.168.30.10:42827, 62ec8eb9-3ae9-4136-b70a-2caf3716fa7f:192.168.30.10:44715], old=null, confs=<EMPTY_MAP>
2019-09-25 07:04:50,694 [pool-37-thread-1] INFO  impl.RaftServerImpl (ServerState.java:<init>(103)) - 62ec8eb9-3ae9-4136-b70a-2caf3716fa7f@group-258FC0DA5C42: ConfigurationManager, init=-1: [24bf2945-a329-4da6-aaf2-23ecd8d462c6:192.168.30.10:42867, e568d23f-199e-48ce-91e4-5c166e2e97cd:192.168.30.10:42827, 62ec8eb9-3ae9-4136-b70a-2caf3716fa7f:192.168.30.10:44715], old=null, confs=<EMPTY_MAP>
2019-09-25 07:04:50,694 [Thread-210] INFO  impl.RoleInfo (RoleInfo.java:shutdownFollowerState(121)) - e568d23f-199e-48ce-91e4-5c166e2e97cd: shutdown FollowerState
2019-09-25 07:04:50,694 [pool-37-thread-1] INFO  server.RaftServerConfigKeys (ConfUtils.java:logGet(43)) - raft.server.storage.dir = [/workdir/hadoop-ozone/integration-test/target/test-dir/MiniOzoneClusterImpl-39af9574-7a8b-4ed7-b830-bf686a3d4bb8/datanode-1/data/ratis] (custom)
2019-09-25 07:04:50,694 [pool-27-thread-1] INFO  server.RaftServerConfigKeys (ConfUtils.java:logGet(43)) - raft.server.storage.dir = [/workdir/hadoop-ozone/integration-test/target/test-dir/MiniOzoneClusterImpl-39af9574-7a8b-4ed7-b830-bf686a3d4bb8/datanode-0/data/ratis] (custom)
2019-09-25 07:04:50,694 [Thread-210] INFO  impl.RaftServerImpl (RaftServerImpl.java:setRole(174)) - e568d23f-199e-48ce-91e4-5c166e2e97cd@group-4ED6F864A095: changes role from  FOLLOWER to CANDIDATE at term 0 for changeToCandidate
2019-09-25 07:04:50,695 [pool-37-thread-1] INFO  storage.RaftStorageDirectory (RaftStorageDirectory.java:analyzeStorage(246)) - The storage directory /workdir/hadoop-ozone/integration-test/target/test-dir/MiniOzoneClusterImpl-39af9574-7a8b-4ed7-b830-bf686a3d4bb8/datanode-1/data/ratis/c5365a16-8bdd-4ee9-8016-258fc0da5c42 does not exist. Creating ...
2019-09-25 07:04:50,695 [Thread-210] INFO  impl.RoleInfo (RoleInfo.java:updateAndGet(143)) - e568d23f-199e-48ce-91e4-5c166e2e97cd: start LeaderElection
2019-09-25 07:04:50,695 [pool-27-thread-1] INFO  storage.RaftStorageDirectory (RaftStorageDirectory.java:analyzeStorage(246)) - The storage directory /workdir/hadoop-ozone/integration-test/target/test-dir/MiniOzoneClusterImpl-39af9574-7a8b-4ed7-b830-bf686a3d4bb8/datanode-0/data/ratis/c5365a16-8bdd-4ee9-8016-258fc0da5c42 does not exist. Creating ...
2019-09-25 07:04:50,701 [pool-37-thread-1] INFO  storage.RaftStorageDirectory (RaftStorageDirectory.java:tryLock(328)) - Lock on /workdir/hadoop-ozone/integration-test/target/test-dir/MiniOzoneClusterImpl-39af9574-7a8b-4ed7-b830-bf686a3d4bb8/datanode-1/data/ratis/c5365a16-8bdd-4ee9-8016-258fc0da5c42/in_use.lock acquired by nodename 19495@pr-hdds-1569-s62bp-3040748787
2019-09-25 07:04:50,701 [pool-47-thread-1] INFO  storage.RaftStorageDirectory (RaftStorageDirectory.java:tryLock(328)) - Lock on /workdir/hadoop-ozone/integration-test/target/test-dir/MiniOzoneClusterImpl-39af9574-7a8b-4ed7-b830-bf686a3d4bb8/datanode-2/data/ratis/c5365a16-8bdd-4ee9-8016-258fc0da5c42/in_use.lock acquired by nodename 19495@pr-hdds-1569-s62bp-3040748787
2019-09-25 07:04:50,701 [e568d23f-199e-48ce-91e4-5c166e2e97cd@group-FF017AE769DA-SegmentedRaftLogWorker] INFO  segmented.SegmentedRaftLogWorker (SegmentedRaftLogWorker.java:execute(569)) - e568d23f-199e-48ce-91e4-5c166e2e97cd@group-FF017AE769DA-SegmentedRaftLogWorker: created new log segment /workdir/hadoop-ozone/integration-test/target/test-dir/MiniOzoneClusterImpl-39af9574-7a8b-4ed7-b830-bf686a3d4bb8/datanode-0/data/ratis/0a3f161d-270c-4b96-89df-ff017ae769da/current/log_inprogress_0
2019-09-25 07:04:50,715 [pool-27-thread-1] INFO  storage.RaftStorageDirectory (RaftStorageDirectory.java:tryLock(328)) - Lock on /workdir/hadoop-ozone/integration-test/target/test-dir/MiniOzoneClusterImpl-39af9574-7a8b-4ed7-b830-bf686a3d4bb8/datanode-0/data/ratis/c5365a16-8bdd-4ee9-8016-258fc0da5c42/in_use.lock acquired by nodename 19495@pr-hdds-1569-s62bp-3040748787
2019-09-25 07:04:50,716 [e568d23f-199e-48ce-91e4-5c166e2e97cd@group-4ED6F864A095:LeaderElection12] INFO  impl.LeaderElection (LeaderElection.java:askForVotes(182)) - e568d23f-199e-48ce-91e4-5c166e2e97cd@group-4ED6F864A095:LeaderElection12: begin an election at term 1 for -1: [e568d23f-199e-48ce-91e4-5c166e2e97cd:192.168.30.10:42827], old=null
2019-09-25 07:04:50,716 [e568d23f-199e-48ce-91e4-5c166e2e97cd@group-4ED6F864A095:LeaderElection12] INFO  impl.RoleInfo (RoleInfo.java:shutdownLeaderElection(134)) - e568d23f-199e-48ce-91e4-5c166e2e97cd: shutdown LeaderElection
2019-09-25 07:04:50,716 [e568d23f-199e-48ce-91e4-5c166e2e97cd@group-4ED6F864A095:LeaderElection12] INFO  impl.RaftServerImpl (RaftServerImpl.java:setRole(174)) - e568d23f-199e-48ce-91e4-5c166e2e97cd@group-4ED6F864A095: changes role from CANDIDATE to LEADER at term 1 for changeToLeader
2019-09-25 07:04:50,716 [e568d23f-199e-48ce-91e4-5c166e2e97cd@group-4ED6F864A095:LeaderElection12] INFO  impl.RaftServerImpl (ServerState.java:setLeader(253)) - e568d23f-199e-48ce-91e4-5c166e2e97cd@group-4ED6F864A095: change Leader from null to e568d23f-199e-48ce-91e4-5c166e2e97cd at term 1 for becomeLeader, leader elected after 5216ms
2019-09-25 07:04:50,716 [e568d23f-199e-48ce-91e4-5c166e2e97cd@group-4ED6F864A095:LeaderElection12] INFO  server.RaftServerConfigKeys (ConfUtils.java:logGet(43)) - raft.server.staging.catchup.gap = 1000 (default)
2019-09-25 07:04:50,716 [e568d23f-199e-48ce-91e4-5c166e2e97cd@group-4ED6F864A095:LeaderElection12] INFO  server.RaftServerConfigKeys (ConfUtils.java:logGet(43)) - raft.server.rpc.sleep.time = 25ms (default)
2019-09-25 07:04:50,716 [e568d23f-199e-48ce-91e4-5c166e2e97cd@group-4ED6F864A095:LeaderElection12] INFO  server.RaftServerConfigKeys (ConfUtils.java:logGet(43)) - raft.server.write.element-limit = 4096 (default)
2019-09-25 07:04:50,716 [e568d23f-199e-48ce-91e4-5c166e2e97cd@group-4ED6F864A095:LeaderElection12] INFO  server.RaftServerConfigKeys (ConfUtils.java:logGet(43)) - raft.server.watch.timeout = 10s (default)
2019-09-25 07:04:50,717 [e568d23f-199e-48ce-91e4-5c166e2e97cd@group-4ED6F864A095:LeaderElection12] INFO  server.RaftServerConfigKeys (ConfUtils.java:logGet(43)) - raft.server.watch.timeout.denomination = 1s (default)
2019-09-25 07:04:50,717 [e568d23f-199e-48ce-91e4-5c166e2e97cd@group-4ED6F864A095:LeaderElection12] INFO  server.RaftServerConfigKeys (ConfUtils.java:logGet(43)) - raft.server.watch.element-limit = 65536 (default)
2019-09-25 07:04:50,718 [pool-47-thread-1] INFO  storage.RaftStorage (RaftStorage.java:format(72)) - Storage directory /workdir/hadoop-ozone/integration-test/target/test-dir/MiniOzoneClusterImpl-39af9574-7a8b-4ed7-b830-bf686a3d4bb8/datanode-2/data/ratis/c5365a16-8bdd-4ee9-8016-258fc0da5c42 has been successfully formatted.
2019-09-25 07:04:50,718 [pool-37-thread-1] INFO  storage.RaftStorage (RaftStorage.java:format(72)) - Storage directory /workdir/hadoop-ozone/integration-test/target/test-dir/MiniOzoneClusterImpl-39af9574-7a8b-4ed7-b830-bf686a3d4bb8/datanode-1/data/ratis/c5365a16-8bdd-4ee9-8016-258fc0da5c42 has been successfully formatted.
2019-09-25 07:04:50,718 [pool-47-thread-1] INFO  ratis.ContainerStateMachine (ContainerStateMachine.java:loadSnapshot(230)) - group-258FC0DA5C42: The snapshot info is null. Setting the last applied indexto:(t:0, i:~)
2019-09-25 07:04:50,718 [pool-37-thread-1] INFO  ratis.ContainerStateMachine (ContainerStateMachine.java:loadSnapshot(230)) - group-258FC0DA5C42: The snapshot info is null. Setting the last applied indexto:(t:0, i:~)
2019-09-25 07:04:50,718 [e568d23f-199e-48ce-91e4-5c166e2e97cd@group-4ED6F864A095:LeaderElection12] INFO  impl.RoleInfo (RoleInfo.java:updateAndGet(143)) - e568d23f-199e-48ce-91e4-5c166e2e97cd: start LeaderState
2019-09-25 07:04:50,718 [pool-47-thread-1] INFO  server.RaftServerConfigKeys (ConfUtils.java:logGet(43)) - raft.server.notification.no-leader.timeout = 120s (custom)
2019-09-25 07:04:50,718 [pool-37-thread-1] INFO  server.RaftServerConfigKeys (ConfUtils.java:logGet(43)) - raft.server.notification.no-leader.timeout = 120s (custom)
2019-09-25 07:04:50,718 [pool-47-thread-1] INFO  server.RaftServerConfigKeys (ConfUtils.java:logGet(43)) - raft.server.log.use.memory = false (default)
2019-09-25 07:04:50,718 [e568d23f-199e-48ce-91e4-5c166e2e97cd@group-4ED6F864A095:LeaderElection12] INFO  segmented.SegmentedRaftLogWorker (SegmentedRaftLogWorker.java:startLogSegment(380)) - e568d23f-199e-48ce-91e4-5c166e2e97cd@group-4ED6F864A095-SegmentedRaftLogWorker: Starting segment from index:0
2019-09-25 07:04:50,719 [pool-47-thread-1] INFO  server.RaftServerConfigKeys (ConfUtils.java:logGet(43)) - raft.server.log.purge.gap = 1000000 (custom)
2019-09-25 07:04:50,718 [pool-37-thread-1] INFO  server.RaftServerConfigKeys (ConfUtils.java:logGet(43)) - raft.server.log.use.memory = false (default)
2019-09-25 07:04:50,719 [pool-47-thread-1] INFO  server.RaftServerConfigKeys (ConfUtils.java:logGet(43)) - raft.server.log.appender.buffer.byte-limit = 33554432 (custom)
2019-09-25 07:04:50,719 [pool-37-thread-1] INFO  server.RaftServerConfigKeys (ConfUtils.java:logGet(43)) - raft.server.log.purge.gap = 1000000 (custom)
2019-09-25 07:04:50,719 [pool-47-thread-1] INFO  server.RaftServerConfigKeys (ConfUtils.java:logGet(43)) - raft.server.log.segment.size.max = 1048576 (custom)
2019-09-25 07:04:50,719 [e568d23f-199e-48ce-91e4-5c166e2e97cd@group-4ED6F864A095:LeaderElection12] INFO  impl.RaftServerImpl (ServerState.java:setRaftConf(354)) - e568d23f-199e-48ce-91e4-5c166e2e97cd@group-4ED6F864A095: set configuration 0: [e568d23f-199e-48ce-91e4-5c166e2e97cd:192.168.30.10:42827], old=null at 0
2019-09-25 07:04:50,719 [pool-47-thread-1] INFO  server.RaftServerConfigKeys (ConfUtils.java:logGet(43)) - raft.server.log.segment.cache.num.max = 2 (custom)
2019-09-25 07:04:50,719 [pool-37-thread-1] INFO  server.RaftServerConfigKeys (ConfUtils.java:logGet(43)) - raft.server.log.appender.buffer.byte-limit = 33554432 (custom)
2019-09-25 07:04:50,754 [pool-47-thread-1] INFO  segmented.SegmentedRaftLogWorker (SegmentedRaftLogWorker.java:<init>(172)) - new 24bf2945-a329-4da6-aaf2-23ecd8d462c6@group-258FC0DA5C42-SegmentedRaftLogWorker for RaftStorage:Storage Directory /workdir/hadoop-ozone/integration-test/target/test-dir/MiniOzoneClusterImpl-39af9574-7a8b-4ed7-b830-bf686a3d4bb8/datanode-2/data/ratis/c5365a16-8bdd-4ee9-8016-258fc0da5c42
2019-09-25 07:04:50,754 [pool-27-thread-1] INFO  storage.RaftStorage (RaftStorage.java:format(72)) - Storage directory /workdir/hadoop-ozone/integration-test/target/test-dir/MiniOzoneClusterImpl-39af9574-7a8b-4ed7-b830-bf686a3d4bb8/datanode-0/data/ratis/c5365a16-8bdd-4ee9-8016-258fc0da5c42 has been successfully formatted.
2019-09-25 07:04:50,754 [pool-47-thread-1] INFO  server.RaftServerConfigKeys (ConfUtils.java:logGet(43)) - raft.server.log.queue.byte-limit = 2147483647 (custom)
2019-09-25 07:04:50,755 [pool-47-thread-1] INFO  server.RaftServerConfigKeys (ConfUtils.java:logGet(43)) - raft.server.log.queue.element-limit = 1024 (custom)
2019-09-25 07:04:50,754 [pool-37-thread-1] INFO  server.RaftServerConfigKeys (ConfUtils.java:logGet(43)) - raft.server.log.segment.size.max = 1048576 (custom)
2019-09-25 07:04:50,755 [pool-47-thread-1] INFO  server.RaftServerConfigKeys (ConfUtils.java:logGet(43)) - raft.server.log.segment.size.max = 1048576 (custom)
2019-09-25 07:04:50,755 [pool-37-thread-1] INFO  server.RaftServerConfigKeys (ConfUtils.java:logGet(43)) - raft.server.log.segment.cache.num.max = 2 (custom)
2019-09-25 07:04:50,755 [pool-47-thread-1] INFO  server.RaftServerConfigKeys (ConfUtils.java:logGet(43)) - raft.server.log.preallocated.size = 16384 (custom)
2019-09-25 07:04:50,755 [pool-37-thread-1] INFO  segmented.SegmentedRaftLogWorker (SegmentedRaftLogWorker.java:<init>(172)) - new 62ec8eb9-3ae9-4136-b70a-2caf3716fa7f@group-258FC0DA5C42-SegmentedRaftLogWorker for RaftStorage:Storage Directory /workdir/hadoop-ozone/integration-test/target/test-dir/MiniOzoneClusterImpl-39af9574-7a8b-4ed7-b830-bf686a3d4bb8/datanode-1/data/ratis/c5365a16-8bdd-4ee9-8016-258fc0da5c42
2019-09-25 07:04:50,756 [pool-47-thread-1] INFO  server.RaftServerConfigKeys (ConfUtils.java:logGet(43)) - raft.server.log.write.buffer.size = 33554432 (custom)
2019-09-25 07:04:50,756 [pool-27-thread-1] INFO  ratis.ContainerStateMachine (ContainerStateMachine.java:loadSnapshot(230)) - group-258FC0DA5C42: The snapshot info is null. Setting the last applied indexto:(t:0, i:~)
2019-09-25 07:04:50,756 [pool-37-thread-1] INFO  server.RaftServerConfigKeys (ConfUtils.java:logGet(43)) - raft.server.log.queue.byte-limit = 2147483647 (custom)
2019-09-25 07:04:50,756 [pool-27-thread-1] INFO  server.RaftServerConfigKeys (ConfUtils.java:logGet(43)) - raft.server.notification.no-leader.timeout = 120s (custom)
2019-09-25 07:04:50,756 [pool-47-thread-1] INFO  server.RaftServerConfigKeys (ConfUtils.java:logGet(43)) - raft.server.log.force.sync.num = 128 (default)
2019-09-25 07:04:50,756 [pool-27-thread-1] INFO  server.RaftServerConfigKeys (ConfUtils.java:logGet(43)) - raft.server.log.use.memory = false (default)
2019-09-25 07:04:50,756 [pool-37-thread-1] INFO  server.RaftServerConfigKeys (ConfUtils.java:logGet(43)) - raft.server.log.queue.element-limit = 1024 (custom)
2019-09-25 07:04:50,757 [pool-27-thread-1] INFO  server.RaftServerConfigKeys (ConfUtils.java:logGet(43)) - raft.server.log.purge.gap = 1000000 (custom)
2019-09-25 07:04:50,756 [pool-47-thread-1] INFO  server.RaftServerConfigKeys (ConfUtils.java:logGet(43)) - raft.server.log.statemachine.data.sync = true (default)
2019-09-25 07:04:50,757 [pool-27-thread-1] INFO  server.RaftServerConfigKeys (ConfUtils.java:logGet(43)) - raft.server.log.appender.buffer.byte-limit = 33554432 (custom)
2019-09-25 07:04:50,757 [pool-27-thread-1] INFO  server.RaftServerConfigKeys (ConfUtils.java:logGet(43)) - raft.server.log.segment.size.max = 1048576 (custom)
2019-09-25 07:04:50,757 [pool-37-thread-1] INFO  server.RaftServerConfigKeys (ConfUtils.java:logGet(43)) - raft.server.log.segment.size.max = 1048576 (custom)
2019-09-25 07:04:50,757 [pool-27-thread-1] INFO  server.RaftServerConfigKeys (ConfUtils.java:logGet(43)) - raft.server.log.segment.cache.num.max = 2 (custom)
2019-09-25 07:04:50,757 [pool-47-thread-1] INFO  server.RaftServerConfigKeys (ConfUtils.java:logGet(43)) - raft.server.log.statemachine.data.sync.timeout = 10s (default)
2019-09-25 07:04:50,758 [pool-27-thread-1] INFO  segmented.SegmentedRaftLogWorker (SegmentedRaftLogWorker.java:<init>(172)) - new e568d23f-199e-48ce-91e4-5c166e2e97cd@group-258FC0DA5C42-SegmentedRaftLogWorker for RaftStorage:Storage Directory /workdir/hadoop-ozone/integration-test/target/test-dir/MiniOzoneClusterImpl-39af9574-7a8b-4ed7-b830-bf686a3d4bb8/datanode-0/data/ratis/c5365a16-8bdd-4ee9-8016-258fc0da5c42
2019-09-25 07:04:50,757 [pool-37-thread-1] INFO  server.RaftServerConfigKeys (ConfUtils.java:logGet(43)) - raft.server.log.preallocated.size = 16384 (custom)
2019-09-25 07:04:50,758 [pool-27-thread-1] INFO  server.RaftServerConfigKeys (ConfUtils.java:logGet(43)) - raft.server.log.queue.byte-limit = 2147483647 (custom)
2019-09-25 07:04:50,758 [pool-47-thread-1] INFO  server.RaftServerConfigKeys (ConfUtils.java:logGet(43)) - raft.server.log.statemachine.data.sync.timeout.retry = -1 (default)
2019-09-25 07:04:50,758 [pool-27-thread-1] INFO  server.RaftServerConfigKeys (ConfUtils.java:logGet(43)) - raft.server.log.queue.element-limit = 1024 (custom)
2019-09-25 07:04:50,758 [pool-27-thread-1] INFO  server.RaftServerConfigKeys (ConfUtils.java:logGet(43)) - raft.server.log.segment.size.max = 1048576 (custom)
2019-09-25 07:04:50,758 [pool-37-thread-1] INFO  server.RaftServerConfigKeys (ConfUtils.java:logGet(43)) - raft.server.log.write.buffer.size = 33554432 (custom)
2019-09-25 07:04:50,759 [pool-27-thread-1] INFO  server.RaftServerConfigKeys (ConfUtils.java:logGet(43)) - raft.server.log.preallocated.size = 16384 (custom)
2019-09-25 07:04:50,758 [pool-47-thread-1] INFO  server.RaftServerConfigKeys (ConfUtils.java:logGet(43)) - raft.server.log.statemachine.data.caching.enabled = true (custom)
2019-09-25 07:04:50,759 [pool-27-thread-1] INFO  server.RaftServerConfigKeys (ConfUtils.java:logGet(43)) - raft.server.log.write.buffer.size = 33554432 (custom)
2019-09-25 07:04:50,759 [pool-27-thread-1] INFO  server.RaftServerConfigKeys (ConfUtils.java:logGet(43)) - raft.server.log.force.sync.num = 128 (default)
2019-09-25 07:04:50,759 [pool-37-thread-1] INFO  server.RaftServerConfigKeys (ConfUtils.java:logGet(43)) - raft.server.log.force.sync.num = 128 (default)
2019-09-25 07:04:50,759 [pool-47-thread-1] INFO  segmented.SegmentedRaftLogWorker (SegmentedRaftLogWorker.java:lambda$new$0(132)) - 24bf2945-a329-4da6-aaf2-23ecd8d462c6@group-258FC0DA5C42-SegmentedRaftLogWorker: flushIndex: setUnconditionally 0 -> -1
2019-09-25 07:04:50,759 [pool-27-thread-1] INFO  server.RaftServerConfigKeys (ConfUtils.java:logGet(43)) - raft.server.log.statemachine.data.sync = true (default)
2019-09-25 07:04:50,760 [pool-37-thread-1] INFO  server.RaftServerConfigKeys (ConfUtils.java:logGet(43)) - raft.server.log.statemachine.data.sync = true (default)
2019-09-25 07:04:50,760 [pool-47-thread-1] INFO  server.RaftServerConfigKeys (ConfUtils.java:logGet(43)) - raft.server.snapshot.auto.trigger.enabled = true (custom)
2019-09-25 07:04:50,760 [pool-27-thread-1] INFO  server.RaftServerConfigKeys (ConfUtils.java:logGet(43)) - raft.server.log.statemachine.data.sync.timeout = 10s (default)
2019-09-25 07:04:50,760 [pool-47-thread-1] INFO  server.RaftServerConfigKeys (ConfUtils.java:logGet(43)) - raft.server.snapshot.auto.trigger.threshold = 10000 (custom)
2019-09-25 07:04:50,760 [pool-47-thread-1] INFO  server.RaftServerConfigKeys (ConfUtils.java:logGet(43)) - raft.server.snapshot.retention.num.files = 5 (custom)
2019-09-25 07:04:50,760 [pool-37-thread-1] INFO  server.RaftServerConfigKeys (ConfUtils.java:logGet(43)) - raft.server.log.statemachine.data.sync.timeout = 10s (default)
2019-09-25 07:04:50,761 [pool-47-thread-1] INFO  server.RaftServerConfigKeys (ConfUtils.java:logGet(43)) - raft.server.retrycache.expirytime = 600000ms (custom)
2019-09-25 07:04:50,760 [pool-27-thread-1] INFO  server.RaftServerConfigKeys (ConfUtils.java:logGet(43)) - raft.server.log.statemachine.data.sync.timeout.retry = -1 (default)
2019-09-25 07:04:50,761 [pool-37-thread-1] INFO  server.RaftServerConfigKeys (ConfUtils.java:logGet(43)) - raft.server.log.statemachine.data.sync.timeout.retry = -1 (default)
2019-09-25 07:04:50,761 [pool-27-thread-1] INFO  server.RaftServerConfigKeys (ConfUtils.java:logGet(43)) - raft.server.log.statemachine.data.caching.enabled = true (custom)
2019-09-25 07:04:50,761 [pool-37-thread-1] INFO  server.RaftServerConfigKeys (ConfUtils.java:logGet(43)) - raft.server.log.statemachine.data.caching.enabled = true (custom)
2019-09-25 07:04:50,762 [pool-27-thread-1] INFO  segmented.SegmentedRaftLogWorker (SegmentedRaftLogWorker.java:lambda$new$0(132)) - e568d23f-199e-48ce-91e4-5c166e2e97cd@group-258FC0DA5C42-SegmentedRaftLogWorker: flushIndex: setUnconditionally 0 -> -1
2019-09-25 07:04:50,762 [pool-37-thread-1] INFO  segmented.SegmentedRaftLogWorker (SegmentedRaftLogWorker.java:lambda$new$0(132)) - 62ec8eb9-3ae9-4136-b70a-2caf3716fa7f@group-258FC0DA5C42-SegmentedRaftLogWorker: flushIndex: setUnconditionally 0 -> -1
2019-09-25 07:04:50,762 [pool-27-thread-1] INFO  server.RaftServerConfigKeys (ConfUtils.java:logGet(43)) - raft.server.snapshot.auto.trigger.enabled = true (custom)
2019-09-25 07:04:50,762 [pool-27-thread-1] INFO  server.RaftServerConfigKeys (ConfUtils.java:logGet(43)) - raft.server.snapshot.auto.trigger.threshold = 10000 (custom)
2019-09-25 07:04:50,762 [pool-37-thread-1] INFO  server.RaftServerConfigKeys (ConfUtils.java:logGet(43)) - raft.server.snapshot.auto.trigger.enabled = true (custom)
2019-09-25 07:04:50,762 [pool-27-thread-1] INFO  server.RaftServerConfigKeys (ConfUtils.java:logGet(43)) - raft.server.snapshot.retention.num.files = 5 (custom)
2019-09-25 07:04:50,762 [pool-37-thread-1] INFO  server.RaftServerConfigKeys (ConfUtils.java:logGet(43)) - raft.server.snapshot.auto.trigger.threshold = 10000 (custom)
2019-09-25 07:04:50,763 [pool-27-thread-1] INFO  server.RaftServerConfigKeys (ConfUtils.java:logGet(43)) - raft.server.retrycache.expirytime = 600000ms (custom)
2019-09-25 07:04:50,763 [pool-47-thread-1] INFO  impl.RaftServerImpl (RaftServerImpl.java:start(185)) - 24bf2945-a329-4da6-aaf2-23ecd8d462c6@group-258FC0DA5C42: start as a follower, conf=-1: [24bf2945-a329-4da6-aaf2-23ecd8d462c6:192.168.30.10:42867, e568d23f-199e-48ce-91e4-5c166e2e97cd:192.168.30.10:42827, 62ec8eb9-3ae9-4136-b70a-2caf3716fa7f:192.168.30.10:44715], old=null
2019-09-25 07:04:50,763 [e568d23f-199e-48ce-91e4-5c166e2e97cd@group-4ED6F864A095-SegmentedRaftLogWorker] INFO  segmented.SegmentedRaftLogWorker (SegmentedRaftLogWorker.java:execute(569)) - e568d23f-199e-48ce-91e4-5c166e2e97cd@group-4ED6F864A095-SegmentedRaftLogWorker: created new log segment /workdir/hadoop-ozone/integration-test/target/test-dir/MiniOzoneClusterImpl-39af9574-7a8b-4ed7-b830-bf686a3d4bb8/datanode-0/data/ratis/91a38e77-af92-41d2-bf6e-4ed6f864a095/current/log_inprogress_0
2019-09-25 07:04:50,763 [pool-37-thread-1] INFO  server.RaftServerConfigKeys (ConfUtils.java:logGet(43)) - raft.server.snapshot.retention.num.files = 5 (custom)
2019-09-25 07:04:50,763 [pool-47-thread-1] INFO  impl.RaftServerImpl (RaftServerImpl.java:setRole(174)) - 24bf2945-a329-4da6-aaf2-23ecd8d462c6@group-258FC0DA5C42: changes role from      null to FOLLOWER at term 0 for startAsFollower
2019-09-25 07:04:50,763 [pool-37-thread-1] INFO  server.RaftServerConfigKeys (ConfUtils.java:logGet(43)) - raft.server.retrycache.expirytime = 600000ms (custom)
2019-09-25 07:04:50,763 [pool-47-thread-1] INFO  impl.RoleInfo (RoleInfo.java:updateAndGet(143)) - 24bf2945-a329-4da6-aaf2-23ecd8d462c6: start FollowerState
2019-09-25 07:04:50,764 [pool-47-thread-1] INFO  util.JmxRegister (JmxRegister.java:tryRegister(44)) - Successfully registered JMX Bean with object name Ratis:service=RaftServer,group=group-258FC0DA5C42,id=24bf2945-a329-4da6-aaf2-23ecd8d462c6
2019-09-25 07:04:50,770 [pool-27-thread-1] INFO  impl.RaftServerImpl (RaftServerImpl.java:start(185)) - e568d23f-199e-48ce-91e4-5c166e2e97cd@group-258FC0DA5C42: start as a follower, conf=-1: [24bf2945-a329-4da6-aaf2-23ecd8d462c6:192.168.30.10:42867, e568d23f-199e-48ce-91e4-5c166e2e97cd:192.168.30.10:42827, 62ec8eb9-3ae9-4136-b70a-2caf3716fa7f:192.168.30.10:44715], old=null
2019-09-25 07:04:50,770 [pool-27-thread-1] INFO  impl.RaftServerImpl (RaftServerImpl.java:setRole(174)) - e568d23f-199e-48ce-91e4-5c166e2e97cd@group-258FC0DA5C42: changes role from      null to FOLLOWER at term 0 for startAsFollower
2019-09-25 07:04:50,770 [pool-27-thread-1] INFO  impl.RoleInfo (RoleInfo.java:updateAndGet(143)) - e568d23f-199e-48ce-91e4-5c166e2e97cd: start FollowerState
2019-09-25 07:04:50,770 [pool-37-thread-1] INFO  impl.RaftServerImpl (RaftServerImpl.java:start(185)) - 62ec8eb9-3ae9-4136-b70a-2caf3716fa7f@group-258FC0DA5C42: start as a follower, conf=-1: [24bf2945-a329-4da6-aaf2-23ecd8d462c6:192.168.30.10:42867, e568d23f-199e-48ce-91e4-5c166e2e97cd:192.168.30.10:42827, 62ec8eb9-3ae9-4136-b70a-2caf3716fa7f:192.168.30.10:44715], old=null
2019-09-25 07:04:50,770 [pool-27-thread-1] INFO  util.JmxRegister (JmxRegister.java:tryRegister(44)) - Successfully registered JMX Bean with object name Ratis:service=RaftServer,group=group-258FC0DA5C42,id=e568d23f-199e-48ce-91e4-5c166e2e97cd
2019-09-25 07:04:50,770 [pool-37-thread-1] INFO  impl.RaftServerImpl (RaftServerImpl.java:setRole(174)) - 62ec8eb9-3ae9-4136-b70a-2caf3716fa7f@group-258FC0DA5C42: changes role from      null to FOLLOWER at term 0 for startAsFollower
2019-09-25 07:04:50,771 [pool-37-thread-1] INFO  impl.RoleInfo (RoleInfo.java:updateAndGet(143)) - 62ec8eb9-3ae9-4136-b70a-2caf3716fa7f: start FollowerState
2019-09-25 07:04:50,771 [pool-37-thread-1] INFO  util.JmxRegister (JmxRegister.java:tryRegister(44)) - Successfully registered JMX Bean with object name Ratis:service=RaftServer,group=group-258FC0DA5C42,id=62ec8eb9-3ae9-4136-b70a-2caf3716fa7f
2019-09-25 07:04:50,777 [Thread-222] INFO  impl.FollowerState (FollowerState.java:run(106)) - 62ec8eb9-3ae9-4136-b70a-2caf3716fa7f:group-7F872AD2EC22 changes to CANDIDATE, lastRpcTime:5014, electionTimeout:5014ms
2019-09-25 07:04:50,777 [Thread-222] INFO  impl.RoleInfo (RoleInfo.java:shutdownFollowerState(121)) - 62ec8eb9-3ae9-4136-b70a-2caf3716fa7f: shutdown FollowerState
2019-09-25 07:04:50,777 [Thread-222] INFO  impl.RaftServerImpl (RaftServerImpl.java:setRole(174)) - 62ec8eb9-3ae9-4136-b70a-2caf3716fa7f@group-7F872AD2EC22: changes role from  FOLLOWER to CANDIDATE at term 0 for changeToCandidate
2019-09-25 07:04:50,777 [Thread-222] INFO  impl.RoleInfo (RoleInfo.java:updateAndGet(143)) - 62ec8eb9-3ae9-4136-b70a-2caf3716fa7f: start LeaderElection
2019-09-25 07:04:50,780 [Thread-219] INFO  impl.FollowerState (FollowerState.java:run(106)) - 24bf2945-a329-4da6-aaf2-23ecd8d462c6:group-7397D1BD5FAA changes to CANDIDATE, lastRpcTime:5080, electionTimeout:5079ms
2019-09-25 07:04:50,780 [Thread-219] INFO  impl.RoleInfo (RoleInfo.java:shutdownFollowerState(121)) - 24bf2945-a329-4da6-aaf2-23ecd8d462c6: shutdown FollowerState
2019-09-25 07:04:50,780 [Thread-219] INFO  impl.RaftServerImpl (RaftServerImpl.java:setRole(174)) - 24bf2945-a329-4da6-aaf2-23ecd8d462c6@group-7397D1BD5FAA: changes role from  FOLLOWER to CANDIDATE at term 0 for changeToCandidate
2019-09-25 07:04:50,785 [Thread-219] INFO  impl.RoleInfo (RoleInfo.java:updateAndGet(143)) - 24bf2945-a329-4da6-aaf2-23ecd8d462c6: start LeaderElection
2019-09-25 07:04:50,792 [main] INFO  pipeline.PipelineStateManager (PipelineStateManager.java:addPipeline(56)) - Created pipeline Pipeline[ Id: c5365a16-8bdd-4ee9-8016-258fc0da5c42, Nodes: 62ec8eb9-3ae9-4136-b70a-2caf3716fa7f{ip: 192.168.30.10, host: pr-hdds-1569-s62bp-3040748787, networkLocation: /default-rack, certSerialId: null}24bf2945-a329-4da6-aaf2-23ecd8d462c6{ip: 192.168.30.10, host: pr-hdds-1569-s62bp-3040748787, networkLocation: /default-rack, certSerialId: null}e568d23f-199e-48ce-91e4-5c166e2e97cd{ip: 192.168.30.10, host: pr-hdds-1569-s62bp-3040748787, networkLocation: /default-rack, certSerialId: null}, Type:RATIS, Factor:THREE, State:OPEN]
2019-09-25 07:04:50,797 [Thread-216] INFO  impl.FollowerState (FollowerState.java:run(106)) - 62ec8eb9-3ae9-4136-b70a-2caf3716fa7f:group-7DB33377CFC2 changes to CANDIDATE, lastRpcTime:5160, electionTimeout:5160ms
2019-09-25 07:04:50,798 [Thread-216] INFO  impl.RoleInfo (RoleInfo.java:shutdownFollowerState(121)) - 62ec8eb9-3ae9-4136-b70a-2caf3716fa7f: shutdown FollowerState
2019-09-25 07:04:50,798 [Thread-216] INFO  impl.RaftServerImpl (RaftServerImpl.java:setRole(174)) - 62ec8eb9-3ae9-4136-b70a-2caf3716fa7f@group-7DB33377CFC2: changes role from  FOLLOWER to CANDIDATE at term 0 for changeToCandidate
2019-09-25 07:04:50,798 [Thread-216] INFO  impl.RoleInfo (RoleInfo.java:updateAndGet(143)) - 62ec8eb9-3ae9-4136-b70a-2caf3716fa7f: start LeaderElection
2019-09-25 07:04:50,798 [grpc-default-executor-1] INFO  impl.RaftServerProxy (RaftServerProxy.java:addNew(89)) - 62ec8eb9-3ae9-4136-b70a-2caf3716fa7f: addNew group-8FC2FC71D360:[62ec8eb9-3ae9-4136-b70a-2caf3716fa7f:192.168.30.10:44715] returns group-8FC2FC71D360:java.util.concurrent.CompletableFuture@7977e08d[Not completed]
2019-09-25 07:04:50,808 [24bf2945-a329-4da6-aaf2-23ecd8d462c6@group-7397D1BD5FAA:LeaderElection14] INFO  impl.LeaderElection (LeaderElection.java:askForVotes(182)) - 24bf2945-a329-4da6-aaf2-23ecd8d462c6@group-7397D1BD5FAA:LeaderElection14: begin an election at term 1 for -1: [24bf2945-a329-4da6-aaf2-23ecd8d462c6:192.168.30.10:42867], old=null
2019-09-25 07:04:50,809 [62ec8eb9-3ae9-4136-b70a-2caf3716fa7f@group-7F872AD2EC22:LeaderElection13] INFO  impl.LeaderElection (LeaderElection.java:askForVotes(182)) - 62ec8eb9-3ae9-4136-b70a-2caf3716fa7f@group-7F872AD2EC22:LeaderElection13: begin an election at term 1 for -1: [62ec8eb9-3ae9-4136-b70a-2caf3716fa7f:192.168.30.10:44715], old=null
2019-09-25 07:04:50,809 [24bf2945-a329-4da6-aaf2-23ecd8d462c6@group-7397D1BD5FAA:LeaderElection14] INFO  impl.RoleInfo (RoleInfo.java:shutdownLeaderElection(134)) - 24bf2945-a329-4da6-aaf2-23ecd8d462c6: shutdown LeaderElection
2019-09-25 07:04:50,809 [62ec8eb9-3ae9-4136-b70a-2caf3716fa7f@group-7F872AD2EC22:LeaderElection13] INFO  impl.RoleInfo (RoleInfo.java:shutdownLeaderElection(134)) - 62ec8eb9-3ae9-4136-b70a-2caf3716fa7f: shutdown LeaderElection
2019-09-25 07:04:50,809 [pool-37-thread-1] INFO  impl.RaftServerImpl (RaftServerImpl.java:<init>(95)) - 62ec8eb9-3ae9-4136-b70a-2caf3716fa7f: new RaftServerImpl for group-8FC2FC71D360:[62ec8eb9-3ae9-4136-b70a-2caf3716fa7f:192.168.30.10:44715] with ContainerStateMachine:uninitialized
2019-09-25 07:04:50,809 [62ec8eb9-3ae9-4136-b70a-2caf3716fa7f@group-7F872AD2EC22:LeaderElection13] INFO  impl.RaftServerImpl (RaftServerImpl.java:setRole(174)) - 62ec8eb9-3ae9-4136-b70a-2caf3716fa7f@group-7F872AD2EC22: changes role from CANDIDATE to LEADER at term 1 for changeToLeader
2019-09-25 07:04:50,809 [24bf2945-a329-4da6-aaf2-23ecd8d462c6@group-7397D1BD5FAA:LeaderElection14] INFO  impl.RaftServerImpl (RaftServerImpl.java:setRole(174)) - 24bf2945-a329-4da6-aaf2-23ecd8d462c6@group-7397D1BD5FAA: changes role from CANDIDATE to LEADER at term 1 for changeToLeader
2019-09-25 07:04:50,809 [62ec8eb9-3ae9-4136-b70a-2caf3716fa7f@group-7F872AD2EC22:LeaderElection13] INFO  impl.RaftServerImpl (ServerState.java:setLeader(253)) - 62ec8eb9-3ae9-4136-b70a-2caf3716fa7f@group-7F872AD2EC22: change Leader from null to 62ec8eb9-3ae9-4136-b70a-2caf3716fa7f at term 1 for becomeLeader, leader elected after 5055ms
2019-09-25 07:04:50,809 [pool-37-thread-1] INFO  server.RaftServerConfigKeys (ConfUtils.java:logGet(43)) - raft.server.rpc.timeout.min = 5s (custom)
2019-09-25 07:04:50,809 [62ec8eb9-3ae9-4136-b70a-2caf3716fa7f@group-7F872AD2EC22:LeaderElection13] INFO  server.RaftServerConfigKeys (ConfUtils.java:logGet(43)) - raft.server.staging.catchup.gap = 1000 (default)
2019-09-25 07:04:50,809 [24bf2945-a329-4da6-aaf2-23ecd8d462c6@group-7397D1BD5FAA:LeaderElection14] INFO  impl.RaftServerImpl (ServerState.java:setLeader(253)) - 24bf2945-a329-4da6-aaf2-23ecd8d462c6@group-7397D1BD5FAA: change Leader from null to 24bf2945-a329-4da6-aaf2-23ecd8d462c6 at term 1 for becomeLeader, leader elected after 5118ms
2019-09-25 07:04:50,810 [62ec8eb9-3ae9-4136-b70a-2caf3716fa7f@group-7F872AD2EC22:LeaderElection13] INFO  server.RaftServerConfigKeys (ConfUtils.java:logGet(43)) - raft.server.rpc.sleep.time = 25ms (default)
2019-09-25 07:04:50,810 [pool-37-thread-1] INFO  server.RaftServerConfigKeys (ConfUtils.java:logGet(43)) - raft.server.rpc.timeout.max = 5200ms (custom)
2019-09-25 07:04:50,810 [62ec8eb9-3ae9-4136-b70a-2caf3716fa7f@group-7F872AD2EC22:LeaderElection13] INFO  server.RaftServerConfigKeys (ConfUtils.java:logGet(43)) - raft.server.write.element-limit = 4096 (default)
2019-09-25 07:04:50,810 [24bf2945-a329-4da6-aaf2-23ecd8d462c6@group-7397D1BD5FAA:LeaderElection14] INFO  server.RaftServerConfigKeys (ConfUtils.java:logGet(43)) - raft.server.staging.catchup.gap = 1000 (default)
2019-09-25 07:04:50,810 [62ec8eb9-3ae9-4136-b70a-2caf3716fa7f@group-7F872AD2EC22:LeaderElection13] INFO  server.RaftServerConfigKeys (ConfUtils.java:logGet(43)) - raft.server.watch.timeout = 10s (default)
2019-09-25 07:04:50,810 [pool-37-thread-1] INFO  server.RaftServerConfigKeys (ConfUtils.java:logGet(43)) - raft.server.rpcslowness.timeout = 120s (custom)
2019-09-25 07:04:50,811 [62ec8eb9-3ae9-4136-b70a-2caf3716fa7f@group-7F872AD2EC22:LeaderElection13] INFO  server.RaftServerConfigKeys (ConfUtils.java:logGet(43)) - raft.server.watch.timeout.denomination = 1s (default)
2019-09-25 07:04:50,810 [24bf2945-a329-4da6-aaf2-23ecd8d462c6@group-7397D1BD5FAA:LeaderElection14] INFO  server.RaftServerConfigKeys (ConfUtils.java:logGet(43)) - raft.server.rpc.sleep.time = 25ms (default)
2019-09-25 07:04:50,811 [62ec8eb9-3ae9-4136-b70a-2caf3716fa7f@group-7F872AD2EC22:LeaderElection13] INFO  server.RaftServerConfigKeys (ConfUtils.java:logGet(43)) - raft.server.watch.element-limit = 65536 (default)
2019-09-25 07:04:50,811 [pool-37-thread-1] INFO  server.RaftServerConfigKeys (ConfUtils.java:logGet(43)) - raft.server.sleep.deviation.threshold = 300 (default)
2019-09-25 07:04:50,811 [24bf2945-a329-4da6-aaf2-23ecd8d462c6@group-7397D1BD5FAA:LeaderElection14] INFO  server.RaftServerConfigKeys (ConfUtils.java:logGet(43)) - raft.server.write.element-limit = 4096 (default)
2019-09-25 07:04:50,811 [pool-37-thread-1] INFO  server.RaftServerConfigKeys (ConfUtils.java:logGet(43)) - raft.server.log.appender.install.snapshot.enabled = false (custom)
2019-09-25 07:04:50,811 [24bf2945-a329-4da6-aaf2-23ecd8d462c6@group-7397D1BD5FAA:LeaderElection14] INFO  server.RaftServerConfigKeys (ConfUtils.java:logGet(43)) - raft.server.watch.timeout = 10s (default)
2019-09-25 07:04:50,811 [pool-37-thread-1] INFO  impl.RaftServerImpl (ServerState.java:<init>(103)) - 62ec8eb9-3ae9-4136-b70a-2caf3716fa7f@group-8FC2FC71D360: ConfigurationManager, init=-1: [62ec8eb9-3ae9-4136-b70a-2caf3716fa7f:192.168.30.10:44715], old=null, confs=<EMPTY_MAP>
2019-09-25 07:04:50,812 [24bf2945-a329-4da6-aaf2-23ecd8d462c6@group-7397D1BD5FAA:LeaderElection14] INFO  server.RaftServerConfigKeys (ConfUtils.java:logGet(43)) - raft.server.watch.timeout.denomination = 1s (default)
2019-09-25 07:04:50,812 [pool-37-thread-1] INFO  server.RaftServerConfigKeys (ConfUtils.java:logGet(43)) - raft.server.storage.dir = [/workdir/hadoop-ozone/integration-test/target/test-dir/MiniOzoneClusterImpl-39af9574-7a8b-4ed7-b830-bf686a3d4bb8/datanode-1/data/ratis] (custom)
2019-09-25 07:04:50,812 [24bf2945-a329-4da6-aaf2-23ecd8d462c6@group-7397D1BD5FAA:LeaderElection14] INFO  server.RaftServerConfigKeys (ConfUtils.java:logGet(43)) - raft.server.watch.element-limit = 65536 (default)
2019-09-25 07:04:50,812 [pool-37-thread-1] INFO  storage.RaftStorageDirectory (RaftStorageDirectory.java:analyzeStorage(246)) - The storage directory /workdir/hadoop-ozone/integration-test/target/test-dir/MiniOzoneClusterImpl-39af9574-7a8b-4ed7-b830-bf686a3d4bb8/datanode-1/data/ratis/dbe9f621-5e0f-4460-9e11-8fc2fc71d360 does not exist. Creating ...
2019-09-25 07:04:50,813 [62ec8eb9-3ae9-4136-b70a-2caf3716fa7f@group-7F872AD2EC22:LeaderElection13] INFO  impl.RoleInfo (RoleInfo.java:updateAndGet(143)) - 62ec8eb9-3ae9-4136-b70a-2caf3716fa7f: start LeaderState
2019-09-25 07:04:50,813 [62ec8eb9-3ae9-4136-b70a-2caf3716fa7f@group-7F872AD2EC22:LeaderElection13] INFO  segmented.SegmentedRaftLogWorker (SegmentedRaftLogWorker.java:startLogSegment(380)) - 62ec8eb9-3ae9-4136-b70a-2caf3716fa7f@group-7F872AD2EC22-SegmentedRaftLogWorker: Starting segment from index:0
2019-09-25 07:04:50,814 [24bf2945-a329-4da6-aaf2-23ecd8d462c6@group-7397D1BD5FAA:LeaderElection14] INFO  impl.RoleInfo (RoleInfo.java:updateAndGet(143)) - 24bf2945-a329-4da6-aaf2-23ecd8d462c6: start LeaderState
2019-09-25 07:04:50,814 [62ec8eb9-3ae9-4136-b70a-2caf3716fa7f@group-7F872AD2EC22:LeaderElection13] INFO  impl.RaftServerImpl (ServerState.java:setRaftConf(354)) - 62ec8eb9-3ae9-4136-b70a-2caf3716fa7f@group-7F872AD2EC22: set configuration 0: [62ec8eb9-3ae9-4136-b70a-2caf3716fa7f:192.168.30.10:44715], old=null at 0
2019-09-25 07:04:50,814 [24bf2945-a329-4da6-aaf2-23ecd8d462c6@group-7397D1BD5FAA:LeaderElection14] INFO  segmented.SegmentedRaftLogWorker (SegmentedRaftLogWorker.java:startLogSegment(380)) - 24bf2945-a329-4da6-aaf2-23ecd8d462c6@group-7397D1BD5FAA-SegmentedRaftLogWorker: Starting segment from index:0
2019-09-25 07:04:50,850 [62ec8eb9-3ae9-4136-b70a-2caf3716fa7f@group-7DB33377CFC2:LeaderElection15] INFO  impl.LeaderElection (LeaderElection.java:askForVotes(182)) - 62ec8eb9-3ae9-4136-b70a-2caf3716fa7f@group-7DB33377CFC2:LeaderElection15: begin an election at term 1 for -1: [62ec8eb9-3ae9-4136-b70a-2caf3716fa7f:192.168.30.10:44715], old=null
2019-09-25 07:04:50,850 [pool-37-thread-1] INFO  storage.RaftStorageDirectory (RaftStorageDirectory.java:tryLock(328)) - Lock on /workdir/hadoop-ozone/integration-test/target/test-dir/MiniOzoneClusterImpl-39af9574-7a8b-4ed7-b830-bf686a3d4bb8/datanode-1/data/ratis/dbe9f621-5e0f-4460-9e11-8fc2fc71d360/in_use.lock acquired by nodename 19495@pr-hdds-1569-s62bp-3040748787
2019-09-25 07:04:50,850 [62ec8eb9-3ae9-4136-b70a-2caf3716fa7f@group-7DB33377CFC2:LeaderElection15] INFO  impl.RoleInfo (RoleInfo.java:shutdownLeaderElection(134)) - 62ec8eb9-3ae9-4136-b70a-2caf3716fa7f: shutdown LeaderElection
2019-09-25 07:04:50,850 [24bf2945-a329-4da6-aaf2-23ecd8d462c6@group-7397D1BD5FAA:LeaderElection14] INFO  impl.RaftServerImpl (ServerState.java:setRaftConf(354)) - 24bf2945-a329-4da6-aaf2-23ecd8d462c6@group-7397D1BD5FAA: set configuration 0: [24bf2945-a329-4da6-aaf2-23ecd8d462c6:192.168.30.10:42867], old=null at 0
2019-09-25 07:04:50,850 [62ec8eb9-3ae9-4136-b70a-2caf3716fa7f@group-7DB33377CFC2:LeaderElection15] INFO  impl.RaftServerImpl (RaftServerImpl.java:setRole(174)) - 62ec8eb9-3ae9-4136-b70a-2caf3716fa7f@group-7DB33377CFC2: changes role from CANDIDATE to LEADER at term 1 for changeToLeader
2019-09-25 07:04:50,882 [62ec8eb9-3ae9-4136-b70a-2caf3716fa7f@group-7F872AD2EC22-SegmentedRaftLogWorker] INFO  segmented.SegmentedRaftLogWorker (SegmentedRaftLogWorker.java:execute(569)) - 62ec8eb9-3ae9-4136-b70a-2caf3716fa7f@group-7F872AD2EC22-SegmentedRaftLogWorker: created new log segment /workdir/hadoop-ozone/integration-test/target/test-dir/MiniOzoneClusterImpl-39af9574-7a8b-4ed7-b830-bf686a3d4bb8/datanode-1/data/ratis/7855848c-aa5d-465b-9784-7f872ad2ec22/current/log_inprogress_0
2019-09-25 07:04:50,882 [62ec8eb9-3ae9-4136-b70a-2caf3716fa7f@group-7DB33377CFC2:LeaderElection15] INFO  impl.RaftServerImpl (ServerState.java:setLeader(253)) - 62ec8eb9-3ae9-4136-b70a-2caf3716fa7f@group-7DB33377CFC2: change Leader from null to 62ec8eb9-3ae9-4136-b70a-2caf3716fa7f at term 1 for becomeLeader, leader elected after 5253ms
2019-09-25 07:04:50,882 [62ec8eb9-3ae9-4136-b70a-2caf3716fa7f@group-7DB33377CFC2:LeaderElection15] INFO  server.RaftServerConfigKeys (ConfUtils.java:logGet(43)) - raft.server.staging.catchup.gap = 1000 (default)
2019-09-25 07:04:50,883 [62ec8eb9-3ae9-4136-b70a-2caf3716fa7f@group-7DB33377CFC2:LeaderElection15] INFO  server.RaftServerConfigKeys (ConfUtils.java:logGet(43)) - raft.server.rpc.sleep.time = 25ms (default)
2019-09-25 07:04:50,883 [62ec8eb9-3ae9-4136-b70a-2caf3716fa7f@group-7DB33377CFC2:LeaderElection15] INFO  server.RaftServerConfigKeys (ConfUtils.java:logGet(43)) - raft.server.write.element-limit = 4096 (default)
2019-09-25 07:04:50,883 [62ec8eb9-3ae9-4136-b70a-2caf3716fa7f@group-7DB33377CFC2:LeaderElection15] INFO  server.RaftServerConfigKeys (ConfUtils.java:logGet(43)) - raft.server.watch.timeout = 10s (default)
2019-09-25 07:04:50,883 [62ec8eb9-3ae9-4136-b70a-2caf3716fa7f@group-7DB33377CFC2:LeaderElection15] INFO  server.RaftServerConfigKeys (ConfUtils.java:logGet(43)) - raft.server.watch.timeout.denomination = 1s (default)
2019-09-25 07:04:50,883 [62ec8eb9-3ae9-4136-b70a-2caf3716fa7f@group-7DB33377CFC2:LeaderElection15] INFO  server.RaftServerConfigKeys (ConfUtils.java:logGet(43)) - raft.server.watch.element-limit = 65536 (default)
2019-09-25 07:04:50,885 [62ec8eb9-3ae9-4136-b70a-2caf3716fa7f@group-7DB33377CFC2:LeaderElection15] INFO  impl.RoleInfo (RoleInfo.java:updateAndGet(143)) - 62ec8eb9-3ae9-4136-b70a-2caf3716fa7f: start LeaderState
2019-09-25 07:04:50,885 [62ec8eb9-3ae9-4136-b70a-2caf3716fa7f@group-7DB33377CFC2:LeaderElection15] INFO  segmented.SegmentedRaftLogWorker (SegmentedRaftLogWorker.java:startLogSegment(380)) - 62ec8eb9-3ae9-4136-b70a-2caf3716fa7f@group-7DB33377CFC2-SegmentedRaftLogWorker: Starting segment from index:0
2019-09-25 07:04:50,885 [62ec8eb9-3ae9-4136-b70a-2caf3716fa7f@group-7DB33377CFC2:LeaderElection15] INFO  impl.RaftServerImpl (ServerState.java:setRaftConf(354)) - 62ec8eb9-3ae9-4136-b70a-2caf3716fa7f@group-7DB33377CFC2: set configuration 0: [62ec8eb9-3ae9-4136-b70a-2caf3716fa7f:192.168.30.10:44715], old=null at 0
2019-09-25 07:04:50,926 [24bf2945-a329-4da6-aaf2-23ecd8d462c6@group-7397D1BD5FAA-SegmentedRaftLogWorker] INFO  segmented.SegmentedRaftLogWorker (SegmentedRaftLogWorker.java:execute(569)) - 24bf2945-a329-4da6-aaf2-23ecd8d462c6@group-7397D1BD5FAA-SegmentedRaftLogWorker: created new log segment /workdir/hadoop-ozone/integration-test/target/test-dir/MiniOzoneClusterImpl-39af9574-7a8b-4ed7-b830-bf686a3d4bb8/datanode-2/data/ratis/ee42a728-c7c7-4fd4-9b69-7397d1bd5faa/current/log_inprogress_0
2019-09-25 07:04:50,926 [pool-37-thread-1] INFO  storage.RaftStorage (RaftStorage.java:format(72)) - Storage directory /workdir/hadoop-ozone/integration-test/target/test-dir/MiniOzoneClusterImpl-39af9574-7a8b-4ed7-b830-bf686a3d4bb8/datanode-1/data/ratis/dbe9f621-5e0f-4460-9e11-8fc2fc71d360 has been successfully formatted.
2019-09-25 07:04:50,928 [pool-37-thread-1] INFO  ratis.ContainerStateMachine (ContainerStateMachine.java:loadSnapshot(230)) - group-8FC2FC71D360: The snapshot info is null. Setting the last applied indexto:(t:0, i:~)
2019-09-25 07:04:50,928 [pool-37-thread-1] INFO  server.RaftServerConfigKeys (ConfUtils.java:logGet(43)) - raft.server.notification.no-leader.timeout = 120s (custom)
2019-09-25 07:04:50,929 [pool-37-thread-1] INFO  server.RaftServerConfigKeys (ConfUtils.java:logGet(43)) - raft.server.log.use.memory = false (default)
2019-09-25 07:04:50,929 [pool-37-thread-1] INFO  server.RaftServerConfigKeys (ConfUtils.java:logGet(43)) - raft.server.log.purge.gap = 1000000 (custom)
2019-09-25 07:04:50,929 [pool-37-thread-1] INFO  server.RaftServerConfigKeys (ConfUtils.java:logGet(43)) - raft.server.log.appender.buffer.byte-limit = 33554432 (custom)
2019-09-25 07:04:50,929 [pool-37-thread-1] INFO  server.RaftServerConfigKeys (ConfUtils.java:logGet(43)) - raft.server.log.segment.size.max = 1048576 (custom)
2019-09-25 07:04:50,929 [pool-37-thread-1] INFO  server.RaftServerConfigKeys (ConfUtils.java:logGet(43)) - raft.server.log.segment.cache.num.max = 2 (custom)
2019-09-25 07:04:50,929 [pool-37-thread-1] INFO  segmented.SegmentedRaftLogWorker (SegmentedRaftLogWorker.java:<init>(172)) - new 62ec8eb9-3ae9-4136-b70a-2caf3716fa7f@group-8FC2FC71D360-SegmentedRaftLogWorker for RaftStorage:Storage Directory /workdir/hadoop-ozone/integration-test/target/test-dir/MiniOzoneClusterImpl-39af9574-7a8b-4ed7-b830-bf686a3d4bb8/datanode-1/data/ratis/dbe9f621-5e0f-4460-9e11-8fc2fc71d360
2019-09-25 07:04:50,930 [pool-37-thread-1] INFO  server.RaftServerConfigKeys (ConfUtils.java:logGet(43)) - raft.server.log.queue.byte-limit = 2147483647 (custom)
2019-09-25 07:04:50,930 [pool-37-thread-1] INFO  server.RaftServerConfigKeys (ConfUtils.java:logGet(43)) - raft.server.log.queue.element-limit = 1024 (custom)
2019-09-25 07:04:50,930 [pool-37-thread-1] INFO  server.RaftServerConfigKeys (ConfUtils.java:logGet(43)) - raft.server.log.segment.size.max = 1048576 (custom)
2019-09-25 07:04:50,930 [pool-37-thread-1] INFO  server.RaftServerConfigKeys (ConfUtils.java:logGet(43)) - raft.server.log.preallocated.size = 16384 (custom)
2019-09-25 07:04:50,930 [pool-37-thread-1] INFO  server.RaftServerConfigKeys (ConfUtils.java:logGet(43)) - raft.server.log.write.buffer.size = 33554432 (custom)
2019-09-25 07:04:50,930 [pool-37-thread-1] INFO  server.RaftServerConfigKeys (ConfUtils.java:logGet(43)) - raft.server.log.force.sync.num = 128 (default)
2019-09-25 07:04:50,930 [pool-37-thread-1] INFO  server.RaftServerConfigKeys (ConfUtils.java:logGet(43)) - raft.server.log.statemachine.data.sync = true (default)
2019-09-25 07:04:50,931 [pool-37-thread-1] INFO  server.RaftServerConfigKeys (ConfUtils.java:logGet(43)) - raft.server.log.statemachine.data.sync.timeout = 10s (default)
2019-09-25 07:04:50,931 [pool-37-thread-1] INFO  server.RaftServerConfigKeys (ConfUtils.java:logGet(43)) - raft.server.log.statemachine.data.sync.timeout.retry = -1 (default)
2019-09-25 07:04:50,931 [pool-37-thread-1] INFO  server.RaftServerConfigKeys (ConfUtils.java:logGet(43)) - raft.server.log.statemachine.data.caching.enabled = true (custom)
2019-09-25 07:04:50,931 [pool-37-thread-1] INFO  segmented.SegmentedRaftLogWorker (SegmentedRaftLogWorker.java:lambda$new$0(132)) - 62ec8eb9-3ae9-4136-b70a-2caf3716fa7f@group-8FC2FC71D360-SegmentedRaftLogWorker: flushIndex: setUnconditionally 0 -> -1
2019-09-25 07:04:50,932 [pool-37-thread-1] INFO  server.RaftServerConfigKeys (ConfUtils.java:logGet(43)) - raft.server.snapshot.auto.trigger.enabled = true (custom)
2019-09-25 07:04:50,932 [pool-37-thread-1] INFO  server.RaftServerConfigKeys (ConfUtils.java:logGet(43)) - raft.server.snapshot.auto.trigger.threshold = 10000 (custom)
2019-09-25 07:04:50,932 [pool-37-thread-1] INFO  server.RaftServerConfigKeys (ConfUtils.java:logGet(43)) - raft.server.snapshot.retention.num.files = 5 (custom)
2019-09-25 07:04:50,932 [pool-37-thread-1] INFO  server.RaftServerConfigKeys (ConfUtils.java:logGet(43)) - raft.server.retrycache.expirytime = 600000ms (custom)
2019-09-25 07:04:50,934 [pool-37-thread-1] INFO  impl.RaftServerImpl (RaftServerImpl.java:start(185)) - 62ec8eb9-3ae9-4136-b70a-2caf3716fa7f@group-8FC2FC71D360: start as a follower, conf=-1: [62ec8eb9-3ae9-4136-b70a-2caf3716fa7f:192.168.30.10:44715], old=null
2019-09-25 07:04:50,934 [pool-37-thread-1] INFO  impl.RaftServerImpl (RaftServerImpl.java:setRole(174)) - 62ec8eb9-3ae9-4136-b70a-2caf3716fa7f@group-8FC2FC71D360: changes role from      null to FOLLOWER at term 0 for startAsFollower
2019-09-25 07:04:50,935 [pool-37-thread-1] INFO  impl.RoleInfo (RoleInfo.java:updateAndGet(143)) - 62ec8eb9-3ae9-4136-b70a-2caf3716fa7f: start FollowerState
2019-09-25 07:04:50,935 [pool-37-thread-1] INFO  util.JmxRegister (JmxRegister.java:tryRegister(44)) - Successfully registered JMX Bean with object name Ratis:service=RaftServer,group=group-8FC2FC71D360,id=62ec8eb9-3ae9-4136-b70a-2caf3716fa7f
2019-09-25 07:04:50,938 [62ec8eb9-3ae9-4136-b70a-2caf3716fa7f@group-7DB33377CFC2-SegmentedRaftLogWorker] INFO  segmented.SegmentedRaftLogWorker (SegmentedRaftLogWorker.java:execute(569)) - 62ec8eb9-3ae9-4136-b70a-2caf3716fa7f@group-7DB33377CFC2-SegmentedRaftLogWorker: created new log segment /workdir/hadoop-ozone/integration-test/target/test-dir/MiniOzoneClusterImpl-39af9574-7a8b-4ed7-b830-bf686a3d4bb8/datanode-1/data/ratis/9c82861b-d108-4944-9e95-7db33377cfc2/current/log_inprogress_0
2019-09-25 07:04:50,938 [RatisPipelineUtilsThread] INFO  pipeline.PipelineStateManager (PipelineStateManager.java:addPipeline(56)) - Created pipeline Pipeline[ Id: dbe9f621-5e0f-4460-9e11-8fc2fc71d360, Nodes: 62ec8eb9-3ae9-4136-b70a-2caf3716fa7f{ip: 192.168.30.10, host: pr-hdds-1569-s62bp-3040748787, networkLocation: /default-rack, certSerialId: null}, Type:RATIS, Factor:ONE, State:OPEN]
2019-09-25 07:04:50,943 [grpc-default-executor-1] INFO  impl.RaftServerProxy (RaftServerProxy.java:addNew(89)) - e568d23f-199e-48ce-91e4-5c166e2e97cd: addNew group-EF60280D0D4B:[e568d23f-199e-48ce-91e4-5c166e2e97cd:192.168.30.10:42827] returns group-EF60280D0D4B:java.util.concurrent.CompletableFuture@48c41914[Not completed]
2019-09-25 07:04:50,944 [pool-27-thread-1] INFO  impl.RaftServerImpl (RaftServerImpl.java:<init>(95)) - e568d23f-199e-48ce-91e4-5c166e2e97cd: new RaftServerImpl for group-EF60280D0D4B:[e568d23f-199e-48ce-91e4-5c166e2e97cd:192.168.30.10:42827] with ContainerStateMachine:uninitialized
2019-09-25 07:04:50,944 [pool-27-thread-1] INFO  server.RaftServerConfigKeys (ConfUtils.java:logGet(43)) - raft.server.rpc.timeout.min = 5s (custom)
2019-09-25 07:04:50,944 [pool-27-thread-1] INFO  server.RaftServerConfigKeys (ConfUtils.java:logGet(43)) - raft.server.rpc.timeout.max = 5200ms (custom)
2019-09-25 07:04:50,944 [pool-27-thread-1] INFO  server.RaftServerConfigKeys (ConfUtils.java:logGet(43)) - raft.server.rpcslowness.timeout = 120s (custom)
2019-09-25 07:04:50,944 [pool-27-thread-1] INFO  server.RaftServerConfigKeys (ConfUtils.java:logGet(43)) - raft.server.sleep.deviation.threshold = 300 (default)
2019-09-25 07:04:50,944 [pool-27-thread-1] INFO  server.RaftServerConfigKeys (ConfUtils.java:logGet(43)) - raft.server.log.appender.install.snapshot.enabled = false (custom)
2019-09-25 07:04:50,945 [pool-27-thread-1] INFO  impl.RaftServerImpl (ServerState.java:<init>(103)) - e568d23f-199e-48ce-91e4-5c166e2e97cd@group-EF60280D0D4B: ConfigurationManager, init=-1: [e568d23f-199e-48ce-91e4-5c166e2e97cd:192.168.30.10:42827], old=null, confs=<EMPTY_MAP>
2019-09-25 07:04:50,945 [pool-27-thread-1] INFO  server.RaftServerConfigKeys (ConfUtils.java:logGet(43)) - raft.server.storage.dir = [/workdir/hadoop-ozone/integration-test/target/test-dir/MiniOzoneClusterImpl-39af9574-7a8b-4ed7-b830-bf686a3d4bb8/datanode-0/data/ratis] (custom)
2019-09-25 07:04:50,945 [pool-27-thread-1] INFO  storage.RaftStorageDirectory (RaftStorageDirectory.java:analyzeStorage(246)) - The storage directory /workdir/hadoop-ozone/integration-test/target/test-dir/MiniOzoneClusterImpl-39af9574-7a8b-4ed7-b830-bf686a3d4bb8/datanode-0/data/ratis/fe445edf-ed27-4700-be13-ef60280d0d4b does not exist. Creating ...
2019-09-25 07:04:50,954 [Thread-231] INFO  impl.FollowerState (FollowerState.java:run(106)) - 62ec8eb9-3ae9-4136-b70a-2caf3716fa7f:group-7AA7DD47A872 changes to CANDIDATE, lastRpcTime:5002, electionTimeout:5002ms
2019-09-25 07:04:50,954 [Thread-231] INFO  impl.RoleInfo (RoleInfo.java:shutdownFollowerState(121)) - 62ec8eb9-3ae9-4136-b70a-2caf3716fa7f: shutdown FollowerState
2019-09-25 07:04:50,954 [Thread-231] INFO  impl.RaftServerImpl (RaftServerImpl.java:setRole(174)) - 62ec8eb9-3ae9-4136-b70a-2caf3716fa7f@group-7AA7DD47A872: changes role from  FOLLOWER to CANDIDATE at term 0 for changeToCandidate
2019-09-25 07:04:50,954 [Thread-231] INFO  impl.RoleInfo (RoleInfo.java:updateAndGet(143)) - 62ec8eb9-3ae9-4136-b70a-2caf3716fa7f: start LeaderElection
2019-09-25 07:04:50,959 [pool-27-thread-1] INFO  storage.RaftStorageDirectory (RaftStorageDirectory.java:tryLock(328)) - Lock on /workdir/hadoop-ozone/integration-test/target/test-dir/MiniOzoneClusterImpl-39af9574-7a8b-4ed7-b830-bf686a3d4bb8/datanode-0/data/ratis/fe445edf-ed27-4700-be13-ef60280d0d4b/in_use.lock acquired by nodename 19495@pr-hdds-1569-s62bp-3040748787
2019-09-25 07:04:50,974 [pool-27-thread-1] INFO  storage.RaftStorage (RaftStorage.java:format(72)) - Storage directory /workdir/hadoop-ozone/integration-test/target/test-dir/MiniOzoneClusterImpl-39af9574-7a8b-4ed7-b830-bf686a3d4bb8/datanode-0/data/ratis/fe445edf-ed27-4700-be13-ef60280d0d4b has been successfully formatted.
2019-09-25 07:04:50,974 [62ec8eb9-3ae9-4136-b70a-2caf3716fa7f@group-7AA7DD47A872:LeaderElection16] INFO  impl.LeaderElection (LeaderElection.java:askForVotes(182)) - 62ec8eb9-3ae9-4136-b70a-2caf3716fa7f@group-7AA7DD47A872:LeaderElection16: begin an election at term 1 for -1: [62ec8eb9-3ae9-4136-b70a-2caf3716fa7f:192.168.30.10:44715], old=null
2019-09-25 07:04:50,974 [pool-27-thread-1] INFO  ratis.ContainerStateMachine (ContainerStateMachine.java:loadSnapshot(230)) - group-EF60280D0D4B: The snapshot info is null. Setting the last applied indexto:(t:0, i:~)
2019-09-25 07:04:50,974 [62ec8eb9-3ae9-4136-b70a-2caf3716fa7f@group-7AA7DD47A872:LeaderElection16] INFO  impl.RoleInfo (RoleInfo.java:shutdownLeaderElection(134)) - 62ec8eb9-3ae9-4136-b70a-2caf3716fa7f: shutdown LeaderElection
2019-09-25 07:04:50,974 [pool-27-thread-1] INFO  server.RaftServerConfigKeys (ConfUtils.java:logGet(43)) - raft.server.notification.no-leader.timeout = 120s (custom)
2019-09-25 07:04:50,974 [62ec8eb9-3ae9-4136-b70a-2caf3716fa7f@group-7AA7DD47A872:LeaderElection16] INFO  impl.RaftServerImpl (RaftServerImpl.java:setRole(174)) - 62ec8eb9-3ae9-4136-b70a-2caf3716fa7f@group-7AA7DD47A872: changes role from CANDIDATE to LEADER at term 1 for changeToLeader
2019-09-25 07:04:50,974 [pool-27-thread-1] INFO  server.RaftServerConfigKeys (ConfUtils.java:logGet(43)) - raft.server.log.use.memory = false (default)
2019-09-25 07:04:50,974 [62ec8eb9-3ae9-4136-b70a-2caf3716fa7f@group-7AA7DD47A872:LeaderElection16] INFO  impl.RaftServerImpl (ServerState.java:setLeader(253)) - 62ec8eb9-3ae9-4136-b70a-2caf3716fa7f@group-7AA7DD47A872: change Leader from null to 62ec8eb9-3ae9-4136-b70a-2caf3716fa7f at term 1 for becomeLeader, leader elected after 5032ms
2019-09-25 07:04:50,974 [pool-27-thread-1] INFO  server.RaftServerConfigKeys (ConfUtils.java:logGet(43)) - raft.server.log.purge.gap = 1000000 (custom)
2019-09-25 07:04:50,974 [62ec8eb9-3ae9-4136-b70a-2caf3716fa7f@group-7AA7DD47A872:LeaderElection16] INFO  server.RaftServerConfigKeys (ConfUtils.java:logGet(43)) - raft.server.staging.catchup.gap = 1000 (default)
2019-09-25 07:04:50,975 [pool-27-thread-1] INFO  server.RaftServerConfigKeys (ConfUtils.java:logGet(43)) - raft.server.log.appender.buffer.byte-limit = 33554432 (custom)
2019-09-25 07:04:50,975 [62ec8eb9-3ae9-4136-b70a-2caf3716fa7f@group-7AA7DD47A872:LeaderElection16] INFO  server.RaftServerConfigKeys (ConfUtils.java:logGet(43)) - raft.server.rpc.sleep.time = 25ms (default)
2019-09-25 07:04:50,975 [pool-27-thread-1] INFO  server.RaftServerConfigKeys (ConfUtils.java:logGet(43)) - raft.server.log.segment.size.max = 1048576 (custom)
2019-09-25 07:04:50,975 [62ec8eb9-3ae9-4136-b70a-2caf3716fa7f@group-7AA7DD47A872:LeaderElection16] INFO  server.RaftServerConfigKeys (ConfUtils.java:logGet(43)) - raft.server.write.element-limit = 4096 (default)
2019-09-25 07:04:50,975 [pool-27-thread-1] INFO  server.RaftServerConfigKeys (ConfUtils.java:logGet(43)) - raft.server.log.segment.cache.num.max = 2 (custom)
2019-09-25 07:04:50,975 [62ec8eb9-3ae9-4136-b70a-2caf3716fa7f@group-7AA7DD47A872:LeaderElection16] INFO  server.RaftServerConfigKeys (ConfUtils.java:logGet(43)) - raft.server.watch.timeout = 10s (default)
2019-09-25 07:04:50,975 [pool-27-thread-1] INFO  segmented.SegmentedRaftLogWorker (SegmentedRaftLogWorker.java:<init>(172)) - new e568d23f-199e-48ce-91e4-5c166e2e97cd@group-EF60280D0D4B-SegmentedRaftLogWorker for RaftStorage:Storage Directory /workdir/hadoop-ozone/integration-test/target/test-dir/MiniOzoneClusterImpl-39af9574-7a8b-4ed7-b830-bf686a3d4bb8/datanode-0/data/ratis/fe445edf-ed27-4700-be13-ef60280d0d4b
2019-09-25 07:04:50,975 [62ec8eb9-3ae9-4136-b70a-2caf3716fa7f@group-7AA7DD47A872:LeaderElection16] INFO  server.RaftServerConfigKeys (ConfUtils.java:logGet(43)) - raft.server.watch.timeout.denomination = 1s (default)
2019-09-25 07:04:50,975 [pool-27-thread-1] INFO  server.RaftServerConfigKeys (ConfUtils.java:logGet(43)) - raft.server.log.queue.byte-limit = 2147483647 (custom)
2019-09-25 07:04:50,976 [62ec8eb9-3ae9-4136-b70a-2caf3716fa7f@group-7AA7DD47A872:LeaderElection16] INFO  server.RaftServerConfigKeys (ConfUtils.java:logGet(43)) - raft.server.watch.element-limit = 65536 (default)
2019-09-25 07:04:50,976 [pool-27-thread-1] INFO  server.RaftServerConfigKeys (ConfUtils.java:logGet(43)) - raft.server.log.queue.element-limit = 1024 (custom)
2019-09-25 07:04:50,976 [pool-27-thread-1] INFO  server.RaftServerConfigKeys (ConfUtils.java:logGet(43)) - raft.server.log.segment.size.max = 1048576 (custom)
2019-09-25 07:04:50,976 [pool-27-thread-1] INFO  server.RaftServerConfigKeys (ConfUtils.java:logGet(43)) - raft.server.log.preallocated.size = 16384 (custom)
2019-09-25 07:04:50,976 [pool-27-thread-1] INFO  server.RaftServerConfigKeys (ConfUtils.java:logGet(43)) - raft.server.log.write.buffer.size = 33554432 (custom)
2019-09-25 07:04:50,976 [pool-27-thread-1] INFO  server.RaftServerConfigKeys (ConfUtils.java:logGet(43)) - raft.server.log.force.sync.num = 128 (default)
2019-09-25 07:04:50,976 [pool-27-thread-1] INFO  server.RaftServerConfigKeys (ConfUtils.java:logGet(43)) - raft.server.log.statemachine.data.sync = true (default)
2019-09-25 07:04:50,976 [pool-27-thread-1] INFO  server.RaftServerConfigKeys (ConfUtils.java:logGet(43)) - raft.server.log.statemachine.data.sync.timeout = 10s (default)
2019-09-25 07:04:50,976 [pool-27-thread-1] INFO  server.RaftServerConfigKeys (ConfUtils.java:logGet(43)) - raft.server.log.statemachine.data.sync.timeout.retry = -1 (default)
2019-09-25 07:04:50,977 [pool-27-thread-1] INFO  server.RaftServerConfigKeys (ConfUtils.java:logGet(43)) - raft.server.log.statemachine.data.caching.enabled = true (custom)
2019-09-25 07:04:50,977 [pool-27-thread-1] INFO  segmented.SegmentedRaftLogWorker (SegmentedRaftLogWorker.java:lambda$new$0(132)) - e568d23f-199e-48ce-91e4-5c166e2e97cd@group-EF60280D0D4B-SegmentedRaftLogWorker: flushIndex: setUnconditionally 0 -> -1
2019-09-25 07:04:50,977 [pool-27-thread-1] INFO  server.RaftServerConfigKeys (ConfUtils.java:logGet(43)) - raft.server.snapshot.auto.trigger.enabled = true (custom)
2019-09-25 07:04:50,977 [pool-27-thread-1] INFO  server.RaftServerConfigKeys (ConfUtils.java:logGet(43)) - raft.server.snapshot.auto.trigger.threshold = 10000 (custom)
2019-09-25 07:04:50,977 [62ec8eb9-3ae9-4136-b70a-2caf3716fa7f@group-7AA7DD47A872:LeaderElection16] INFO  impl.RoleInfo (RoleInfo.java:updateAndGet(143)) - 62ec8eb9-3ae9-4136-b70a-2caf3716fa7f: start LeaderState
2019-09-25 07:04:50,977 [pool-27-thread-1] INFO  server.RaftServerConfigKeys (ConfUtils.java:logGet(43)) - raft.server.snapshot.retention.num.files = 5 (custom)
2019-09-25 07:04:50,978 [pool-27-thread-1] INFO  server.RaftServerConfigKeys (ConfUtils.java:logGet(43)) - raft.server.retrycache.expirytime = 600000ms (custom)
2019-09-25 07:04:50,978 [62ec8eb9-3ae9-4136-b70a-2caf3716fa7f@group-7AA7DD47A872:LeaderElection16] INFO  segmented.SegmentedRaftLogWorker (SegmentedRaftLogWorker.java:startLogSegment(380)) - 62ec8eb9-3ae9-4136-b70a-2caf3716fa7f@group-7AA7DD47A872-SegmentedRaftLogWorker: Starting segment from index:0
2019-09-25 07:04:50,978 [62ec8eb9-3ae9-4136-b70a-2caf3716fa7f@group-7AA7DD47A872:LeaderElection16] INFO  impl.RaftServerImpl (ServerState.java:setRaftConf(354)) - 62ec8eb9-3ae9-4136-b70a-2caf3716fa7f@group-7AA7DD47A872: set configuration 0: [62ec8eb9-3ae9-4136-b70a-2caf3716fa7f:192.168.30.10:44715], old=null at 0
2019-09-25 07:04:51,015 [Thread-228] INFO  impl.FollowerState (FollowerState.java:run(106)) - e568d23f-199e-48ce-91e4-5c166e2e97cd:group-827BD3CD0D78 changes to CANDIDATE, lastRpcTime:5121, electionTimeout:5113ms
2019-09-25 07:04:51,016 [Thread-225] INFO  impl.FollowerState (FollowerState.java:run(106)) - e568d23f-199e-48ce-91e4-5c166e2e97cd:group-8384C13E7372 changes to CANDIDATE, lastRpcTime:5190, electionTimeout:5165ms
2019-09-25 07:04:51,016 [Thread-228] INFO  impl.RoleInfo (RoleInfo.java:shutdownFollowerState(121)) - e568d23f-199e-48ce-91e4-5c166e2e97cd: shutdown FollowerState
2019-09-25 07:04:51,016 [Thread-228] INFO  impl.RaftServerImpl (RaftServerImpl.java:setRole(174)) - e568d23f-199e-48ce-91e4-5c166e2e97cd@group-827BD3CD0D78: changes role from  FOLLOWER to CANDIDATE at term 0 for changeToCandidate
2019-09-25 07:04:51,016 [Thread-225] INFO  impl.RoleInfo (RoleInfo.java:shutdownFollowerState(121)) - e568d23f-199e-48ce-91e4-5c166e2e97cd: shutdown FollowerState
2019-09-25 07:04:51,016 [Thread-228] INFO  impl.RoleInfo (RoleInfo.java:updateAndGet(143)) - e568d23f-199e-48ce-91e4-5c166e2e97cd: start LeaderElection
2019-09-25 07:04:51,016 [Thread-225] INFO  impl.RaftServerImpl (RaftServerImpl.java:setRole(174)) - e568d23f-199e-48ce-91e4-5c166e2e97cd@group-8384C13E7372: changes role from  FOLLOWER to CANDIDATE at term 0 for changeToCandidate
2019-09-25 07:04:51,016 [Thread-225] INFO  impl.RoleInfo (RoleInfo.java:updateAndGet(143)) - e568d23f-199e-48ce-91e4-5c166e2e97cd: start LeaderElection
2019-09-25 07:04:51,021 [pool-27-thread-1] INFO  impl.RaftServerImpl (RaftServerImpl.java:start(185)) - e568d23f-199e-48ce-91e4-5c166e2e97cd@group-EF60280D0D4B: start as a follower, conf=-1: [e568d23f-199e-48ce-91e4-5c166e2e97cd:192.168.30.10:42827], old=null
2019-09-25 07:04:51,026 [pool-27-thread-1] INFO  impl.RaftServerImpl (RaftServerImpl.java:setRole(174)) - e568d23f-199e-48ce-91e4-5c166e2e97cd@group-EF60280D0D4B: changes role from      null to FOLLOWER at term 0 for startAsFollower
2019-09-25 07:04:51,026 [pool-27-thread-1] INFO  impl.RoleInfo (RoleInfo.java:updateAndGet(143)) - e568d23f-199e-48ce-91e4-5c166e2e97cd: start FollowerState
2019-09-25 07:04:51,027 [pool-27-thread-1] INFO  util.JmxRegister (JmxRegister.java:tryRegister(44)) - Successfully registered JMX Bean with object name Ratis:service=RaftServer,group=group-EF60280D0D4B,id=e568d23f-199e-48ce-91e4-5c166e2e97cd
2019-09-25 07:04:51,050 [Thread-234] INFO  impl.FollowerState (FollowerState.java:run(106)) - e568d23f-199e-48ce-91e4-5c166e2e97cd:group-1B05919318E5 changes to CANDIDATE, lastRpcTime:5041, electionTimeout:5041ms
2019-09-25 07:04:51,050 [Thread-234] INFO  impl.RoleInfo (RoleInfo.java:shutdownFollowerState(121)) - e568d23f-199e-48ce-91e4-5c166e2e97cd: shutdown FollowerState
2019-09-25 07:04:51,050 [Thread-234] INFO  impl.RaftServerImpl (RaftServerImpl.java:setRole(174)) - e568d23f-199e-48ce-91e4-5c166e2e97cd@group-1B05919318E5: changes role from  FOLLOWER to CANDIDATE at term 0 for changeToCandidate
2019-09-25 07:04:51,050 [Thread-234] INFO  impl.RoleInfo (RoleInfo.java:updateAndGet(143)) - e568d23f-199e-48ce-91e4-5c166e2e97cd: start LeaderElection
2019-09-25 07:04:51,065 [RatisPipelineUtilsThread] INFO  pipeline.PipelineStateManager (PipelineStateManager.java:addPipeline(56)) - Created pipeline Pipeline[ Id: fe445edf-ed27-4700-be13-ef60280d0d4b, Nodes: e568d23f-199e-48ce-91e4-5c166e2e97cd{ip: 192.168.30.10, host: pr-hdds-1569-s62bp-3040748787, networkLocation: /default-rack, certSerialId: null}, Type:RATIS, Factor:ONE, State:OPEN]
2019-09-25 07:04:51,071 [grpc-default-executor-1] INFO  impl.RaftServerProxy (RaftServerProxy.java:addNew(89)) - 62ec8eb9-3ae9-4136-b70a-2caf3716fa7f: addNew group-C509BEFDAC58:[62ec8eb9-3ae9-4136-b70a-2caf3716fa7f:192.168.30.10:44715] returns group-C509BEFDAC58:java.util.concurrent.CompletableFuture@19581fc2[Not completed]
2019-09-25 07:04:51,072 [pool-37-thread-1] INFO  impl.RaftServerImpl (RaftServerImpl.java:<init>(95)) - 62ec8eb9-3ae9-4136-b70a-2caf3716fa7f: new RaftServerImpl for group-C509BEFDAC58:[62ec8eb9-3ae9-4136-b70a-2caf3716fa7f:192.168.30.10:44715] with ContainerStateMachine:uninitialized
2019-09-25 07:04:51,072 [pool-37-thread-1] INFO  server.RaftServerConfigKeys (ConfUtils.java:logGet(43)) - raft.server.rpc.timeout.min = 5s (custom)
2019-09-25 07:04:51,073 [pool-37-thread-1] INFO  server.RaftServerConfigKeys (ConfUtils.java:logGet(43)) - raft.server.rpc.timeout.max = 5200ms (custom)
2019-09-25 07:04:51,073 [pool-37-thread-1] INFO  server.RaftServerConfigKeys (ConfUtils.java:logGet(43)) - raft.server.rpcslowness.timeout = 120s (custom)
2019-09-25 07:04:51,073 [pool-37-thread-1] INFO  server.RaftServerConfigKeys (ConfUtils.java:logGet(43)) - raft.server.sleep.deviation.threshold = 300 (default)
2019-09-25 07:04:51,073 [pool-37-thread-1] INFO  server.RaftServerConfigKeys (ConfUtils.java:logGet(43)) - raft.server.log.appender.install.snapshot.enabled = false (custom)
2019-09-25 07:04:51,073 [pool-37-thread-1] INFO  impl.RaftServerImpl (ServerState.java:<init>(103)) - 62ec8eb9-3ae9-4136-b70a-2caf3716fa7f@group-C509BEFDAC58: ConfigurationManager, init=-1: [62ec8eb9-3ae9-4136-b70a-2caf3716fa7f:192.168.30.10:44715], old=null, confs=<EMPTY_MAP>
2019-09-25 07:04:51,073 [pool-37-thread-1] INFO  server.RaftServerConfigKeys (ConfUtils.java:logGet(43)) - raft.server.storage.dir = [/workdir/hadoop-ozone/integration-test/target/test-dir/MiniOzoneClusterImpl-39af9574-7a8b-4ed7-b830-bf686a3d4bb8/datanode-1/data/ratis] (custom)
2019-09-25 07:04:51,082 [pool-37-thread-1] INFO  storage.RaftStorageDirectory (RaftStorageDirectory.java:analyzeStorage(246)) - The storage directory /workdir/hadoop-ozone/integration-test/target/test-dir/MiniOzoneClusterImpl-39af9574-7a8b-4ed7-b830-bf686a3d4bb8/datanode-1/data/ratis/671511fd-4ab7-4148-ad49-c509befdac58 does not exist. Creating ...
2019-09-25 07:04:51,159 [62ec8eb9-3ae9-4136-b70a-2caf3716fa7f@group-7AA7DD47A872-SegmentedRaftLogWorker] INFO  segmented.SegmentedRaftLogWorker (SegmentedRaftLogWorker.java:execute(569)) - 62ec8eb9-3ae9-4136-b70a-2caf3716fa7f@group-7AA7DD47A872-SegmentedRaftLogWorker: created new log segment /workdir/hadoop-ozone/integration-test/target/test-dir/MiniOzoneClusterImpl-39af9574-7a8b-4ed7-b830-bf686a3d4bb8/datanode-1/data/ratis/ed089d87-225c-486f-854c-7aa7dd47a872/current/log_inprogress_0
2019-09-25 07:04:51,182 [pool-37-thread-1] INFO  storage.RaftStorageDirectory (RaftStorageDirectory.java:tryLock(328)) - Lock on /workdir/hadoop-ozone/integration-test/target/test-dir/MiniOzoneClusterImpl-39af9574-7a8b-4ed7-b830-bf686a3d4bb8/datanode-1/data/ratis/671511fd-4ab7-4148-ad49-c509befdac58/in_use.lock acquired by nodename 19495@pr-hdds-1569-s62bp-3040748787
2019-09-25 07:04:51,182 [e568d23f-199e-48ce-91e4-5c166e2e97cd@group-1B05919318E5:LeaderElection19] INFO  impl.LeaderElection (LeaderElection.java:askForVotes(182)) - e568d23f-199e-48ce-91e4-5c166e2e97cd@group-1B05919318E5:LeaderElection19: begin an election at term 1 for -1: [e568d23f-199e-48ce-91e4-5c166e2e97cd:192.168.30.10:42827], old=null
2019-09-25 07:04:51,182 [e568d23f-199e-48ce-91e4-5c166e2e97cd@group-8384C13E7372:LeaderElection18] INFO  impl.LeaderElection (LeaderElection.java:askForVotes(182)) - e568d23f-199e-48ce-91e4-5c166e2e97cd@group-8384C13E7372:LeaderElection18: begin an election at term 1 for -1: [e568d23f-199e-48ce-91e4-5c166e2e97cd:192.168.30.10:42827], old=null
2019-09-25 07:04:51,182 [e568d23f-199e-48ce-91e4-5c166e2e97cd@group-827BD3CD0D78:LeaderElection17] INFO  impl.LeaderElection (LeaderElection.java:askForVotes(182)) - e568d23f-199e-48ce-91e4-5c166e2e97cd@group-827BD3CD0D78:LeaderElection17: begin an election at term 1 for -1: [e568d23f-199e-48ce-91e4-5c166e2e97cd:192.168.30.10:42827], old=null
2019-09-25 07:04:51,183 [e568d23f-199e-48ce-91e4-5c166e2e97cd@group-8384C13E7372:LeaderElection18] INFO  impl.RoleInfo (RoleInfo.java:shutdownLeaderElection(134)) - e568d23f-199e-48ce-91e4-5c166e2e97cd: shutdown LeaderElection
2019-09-25 07:04:51,182 [e568d23f-199e-48ce-91e4-5c166e2e97cd@group-1B05919318E5:LeaderElection19] INFO  impl.RoleInfo (RoleInfo.java:shutdownLeaderElection(134)) - e568d23f-199e-48ce-91e4-5c166e2e97cd: shutdown LeaderElection
2019-09-25 07:04:51,183 [e568d23f-199e-48ce-91e4-5c166e2e97cd@group-8384C13E7372:LeaderElection18] INFO  impl.RaftServerImpl (RaftServerImpl.java:setRole(174)) - e568d23f-199e-48ce-91e4-5c166e2e97cd@group-8384C13E7372: changes role from CANDIDATE to LEADER at term 1 for changeToLeader
2019-09-25 07:04:51,183 [e568d23f-199e-48ce-91e4-5c166e2e97cd@group-827BD3CD0D78:LeaderElection17] INFO  impl.RoleInfo (RoleInfo.java:shutdownLeaderElection(134)) - e568d23f-199e-48ce-91e4-5c166e2e97cd: shutdown LeaderElection
2019-09-25 07:04:51,183 [e568d23f-199e-48ce-91e4-5c166e2e97cd@group-8384C13E7372:LeaderElection18] INFO  impl.RaftServerImpl (ServerState.java:setLeader(253)) - e568d23f-199e-48ce-91e4-5c166e2e97cd@group-8384C13E7372: change Leader from null to e568d23f-199e-48ce-91e4-5c166e2e97cd at term 1 for becomeLeader, leader elected after 5366ms
2019-09-25 07:04:51,183 [e568d23f-199e-48ce-91e4-5c166e2e97cd@group-1B05919318E5:LeaderElection19] INFO  impl.RaftServerImpl (RaftServerImpl.java:setRole(174)) - e568d23f-199e-48ce-91e4-5c166e2e97cd@group-1B05919318E5: changes role from CANDIDATE to LEADER at term 1 for changeToLeader
2019-09-25 07:04:51,183 [e568d23f-199e-48ce-91e4-5c166e2e97cd@group-8384C13E7372:LeaderElection18] INFO  server.RaftServerConfigKeys (ConfUtils.java:logGet(43)) - raft.server.staging.catchup.gap = 1000 (default)
2019-09-25 07:04:51,183 [e568d23f-199e-48ce-91e4-5c166e2e97cd@group-827BD3CD0D78:LeaderElection17] INFO  impl.RaftServerImpl (RaftServerImpl.java:setRole(174)) - e568d23f-199e-48ce-91e4-5c166e2e97cd@group-827BD3CD0D78: changes role from CANDIDATE to LEADER at term 1 for changeToLeader
2019-09-25 07:04:51,184 [e568d23f-199e-48ce-91e4-5c166e2e97cd@group-8384C13E7372:LeaderElection18] INFO  server.RaftServerConfigKeys (ConfUtils.java:logGet(43)) - raft.server.rpc.sleep.time = 25ms (default)
2019-09-25 07:04:51,183 [e568d23f-199e-48ce-91e4-5c166e2e97cd@group-1B05919318E5:LeaderElection19] INFO  impl.RaftServerImpl (ServerState.java:setLeader(253)) - e568d23f-199e-48ce-91e4-5c166e2e97cd@group-1B05919318E5: change Leader from null to e568d23f-199e-48ce-91e4-5c166e2e97cd at term 1 for becomeLeader, leader elected after 5184ms
2019-09-25 07:04:51,184 [e568d23f-199e-48ce-91e4-5c166e2e97cd@group-8384C13E7372:LeaderElection18] INFO  server.RaftServerConfigKeys (ConfUtils.java:logGet(43)) - raft.server.write.element-limit = 4096 (default)
2019-09-25 07:04:51,184 [e568d23f-199e-48ce-91e4-5c166e2e97cd@group-827BD3CD0D78:LeaderElection17] INFO  impl.RaftServerImpl (ServerState.java:setLeader(253)) - e568d23f-199e-48ce-91e4-5c166e2e97cd@group-827BD3CD0D78: change Leader from null to e568d23f-199e-48ce-91e4-5c166e2e97cd at term 1 for becomeLeader, leader elected after 5300ms
2019-09-25 07:04:51,184 [e568d23f-199e-48ce-91e4-5c166e2e97cd@group-8384C13E7372:LeaderElection18] INFO  server.RaftServerConfigKeys (ConfUtils.java:logGet(43)) - raft.server.watch.timeout = 10s (default)
2019-09-25 07:04:51,184 [e568d23f-199e-48ce-91e4-5c166e2e97cd@group-1B05919318E5:LeaderElection19] INFO  server.RaftServerConfigKeys (ConfUtils.java:logGet(43)) - raft.server.staging.catchup.gap = 1000 (default)
2019-09-25 07:04:51,184 [e568d23f-199e-48ce-91e4-5c166e2e97cd@group-8384C13E7372:LeaderElection18] INFO  server.RaftServerConfigKeys (ConfUtils.java:logGet(43)) - raft.server.watch.timeout.denomination = 1s (default)
2019-09-25 07:04:51,184 [e568d23f-199e-48ce-91e4-5c166e2e97cd@group-827BD3CD0D78:LeaderElection17] INFO  server.RaftServerConfigKeys (ConfUtils.java:logGet(43)) - raft.server.staging.catchup.gap = 1000 (default)
2019-09-25 07:04:51,185 [e568d23f-199e-48ce-91e4-5c166e2e97cd@group-8384C13E7372:LeaderElection18] INFO  server.RaftServerConfigKeys (ConfUtils.java:logGet(43)) - raft.server.watch.element-limit = 65536 (default)
2019-09-25 07:04:51,185 [e568d23f-199e-48ce-91e4-5c166e2e97cd@group-1B05919318E5:LeaderElection19] INFO  server.RaftServerConfigKeys (ConfUtils.java:logGet(43)) - raft.server.rpc.sleep.time = 25ms (default)
2019-09-25 07:04:51,185 [e568d23f-199e-48ce-91e4-5c166e2e97cd@group-827BD3CD0D78:LeaderElection17] INFO  server.RaftServerConfigKeys (ConfUtils.java:logGet(43)) - raft.server.rpc.sleep.time = 25ms (default)
2019-09-25 07:04:51,185 [e568d23f-199e-48ce-91e4-5c166e2e97cd@group-1B05919318E5:LeaderElection19] INFO  server.RaftServerConfigKeys (ConfUtils.java:logGet(43)) - raft.server.write.element-limit = 4096 (default)
2019-09-25 07:04:51,185 [e568d23f-199e-48ce-91e4-5c166e2e97cd@group-827BD3CD0D78:LeaderElection17] INFO  server.RaftServerConfigKeys (ConfUtils.java:logGet(43)) - raft.server.write.element-limit = 4096 (default)
2019-09-25 07:04:51,185 [e568d23f-199e-48ce-91e4-5c166e2e97cd@group-1B05919318E5:LeaderElection19] INFO  server.RaftServerConfigKeys (ConfUtils.java:logGet(43)) - raft.server.watch.timeout = 10s (default)
2019-09-25 07:04:51,186 [e568d23f-199e-48ce-91e4-5c166e2e97cd@group-827BD3CD0D78:LeaderElection17] INFO  server.RaftServerConfigKeys (ConfUtils.java:logGet(43)) - raft.server.watch.timeout = 10s (default)
2019-09-25 07:04:51,186 [e568d23f-199e-48ce-91e4-5c166e2e97cd@group-1B05919318E5:LeaderElection19] INFO  server.RaftServerConfigKeys (ConfUtils.java:logGet(43)) - raft.server.watch.timeout.denomination = 1s (default)
2019-09-25 07:04:51,186 [e568d23f-199e-48ce-91e4-5c166e2e97cd@group-827BD3CD0D78:LeaderElection17] INFO  server.RaftServerConfigKeys (ConfUtils.java:logGet(43)) - raft.server.watch.timeout.denomination = 1s (default)
2019-09-25 07:04:51,186 [e568d23f-199e-48ce-91e4-5c166e2e97cd@group-1B05919318E5:LeaderElection19] INFO  server.RaftServerConfigKeys (ConfUtils.java:logGet(43)) - raft.server.watch.element-limit = 65536 (default)
2019-09-25 07:04:51,186 [e568d23f-199e-48ce-91e4-5c166e2e97cd@group-827BD3CD0D78:LeaderElection17] INFO  server.RaftServerConfigKeys (ConfUtils.java:logGet(43)) - raft.server.watch.element-limit = 65536 (default)
2019-09-25 07:04:51,187 [e568d23f-199e-48ce-91e4-5c166e2e97cd@group-8384C13E7372:LeaderElection18] INFO  impl.RoleInfo (RoleInfo.java:updateAndGet(143)) - e568d23f-199e-48ce-91e4-5c166e2e97cd: start LeaderState
2019-09-25 07:04:51,187 [e568d23f-199e-48ce-91e4-5c166e2e97cd@group-8384C13E7372:LeaderElection18] INFO  segmented.SegmentedRaftLogWorker (SegmentedRaftLogWorker.java:startLogSegment(380)) - e568d23f-199e-48ce-91e4-5c166e2e97cd@group-8384C13E7372-SegmentedRaftLogWorker: Starting segment from index:0
2019-09-25 07:04:51,188 [e568d23f-199e-48ce-91e4-5c166e2e97cd@group-8384C13E7372:LeaderElection18] INFO  impl.RaftServerImpl (ServerState.java:setRaftConf(354)) - e568d23f-199e-48ce-91e4-5c166e2e97cd@group-8384C13E7372: set configuration 0: [e568d23f-199e-48ce-91e4-5c166e2e97cd:192.168.30.10:42827], old=null at 0
2019-09-25 07:04:51,231 [Thread-237] INFO  impl.FollowerState (FollowerState.java:run(106)) - e568d23f-199e-48ce-91e4-5c166e2e97cd:group-675C8C9AAF97 changes to CANDIDATE, lastRpcTime:5155, electionTimeout:5135ms
2019-09-25 07:04:51,231 [pool-37-thread-1] INFO  storage.RaftStorage (RaftStorage.java:format(72)) - Storage directory /workdir/hadoop-ozone/integration-test/target/test-dir/MiniOzoneClusterImpl-39af9574-7a8b-4ed7-b830-bf686a3d4bb8/datanode-1/data/ratis/671511fd-4ab7-4148-ad49-c509befdac58 has been successfully formatted.
2019-09-25 07:04:51,231 [Thread-237] INFO  impl.RoleInfo (RoleInfo.java:shutdownFollowerState(121)) - e568d23f-199e-48ce-91e4-5c166e2e97cd: shutdown FollowerState
2019-09-25 07:04:51,231 [pool-37-thread-1] INFO  ratis.ContainerStateMachine (ContainerStateMachine.java:loadSnapshot(230)) - group-C509BEFDAC58: The snapshot info is null. Setting the last applied indexto:(t:0, i:~)
2019-09-25 07:04:51,232 [Thread-237] INFO  impl.RaftServerImpl (RaftServerImpl.java:setRole(174)) - e568d23f-199e-48ce-91e4-5c166e2e97cd@group-675C8C9AAF97: changes role from  FOLLOWER to CANDIDATE at term 0 for changeToCandidate
2019-09-25 07:04:51,232 [pool-37-thread-1] INFO  server.RaftServerConfigKeys (ConfUtils.java:logGet(43)) - raft.server.notification.no-leader.timeout = 120s (custom)
2019-09-25 07:04:51,232 [Thread-237] INFO  impl.RoleInfo (RoleInfo.java:updateAndGet(143)) - e568d23f-199e-48ce-91e4-5c166e2e97cd: start LeaderElection
2019-09-25 07:04:51,232 [pool-37-thread-1] INFO  server.RaftServerConfigKeys (ConfUtils.java:logGet(43)) - raft.server.log.use.memory = false (default)
2019-09-25 07:04:51,232 [pool-37-thread-1] INFO  server.RaftServerConfigKeys (ConfUtils.java:logGet(43)) - raft.server.log.purge.gap = 1000000 (custom)
2019-09-25 07:04:51,232 [e568d23f-199e-48ce-91e4-5c166e2e97cd@group-1B05919318E5:LeaderElection19] INFO  impl.RoleInfo (RoleInfo.java:updateAndGet(143)) - e568d23f-199e-48ce-91e4-5c166e2e97cd: start LeaderState
2019-09-25 07:04:51,247 [e568d23f-199e-48ce-91e4-5c166e2e97cd@group-8384C13E7372-SegmentedRaftLogWorker] INFO  segmented.SegmentedRaftLogWorker (SegmentedRaftLogWorker.java:execute(569)) - e568d23f-199e-48ce-91e4-5c166e2e97cd@group-8384C13E7372-SegmentedRaftLogWorker: created new log segment /workdir/hadoop-ozone/integration-test/target/test-dir/MiniOzoneClusterImpl-39af9574-7a8b-4ed7-b830-bf686a3d4bb8/datanode-0/data/ratis/52fae4be-d8e0-4c8a-9ac4-8384c13e7372/current/log_inprogress_0
2019-09-25 07:04:51,232 [pool-37-thread-1] INFO  server.RaftServerConfigKeys (ConfUtils.java:logGet(43)) - raft.server.log.appender.buffer.byte-limit = 33554432 (custom)
2019-09-25 07:04:51,254 [e568d23f-199e-48ce-91e4-5c166e2e97cd@group-1B05919318E5:LeaderElection19] INFO  segmented.SegmentedRaftLogWorker (SegmentedRaftLogWorker.java:startLogSegment(380)) - e568d23f-199e-48ce-91e4-5c166e2e97cd@group-1B05919318E5-SegmentedRaftLogWorker: Starting segment from index:0
2019-09-25 07:04:51,247 [e568d23f-199e-48ce-91e4-5c166e2e97cd@group-827BD3CD0D78:LeaderElection17] INFO  impl.RoleInfo (RoleInfo.java:updateAndGet(143)) - e568d23f-199e-48ce-91e4-5c166e2e97cd: start LeaderState
2019-09-25 07:04:51,254 [pool-37-thread-1] INFO  server.RaftServerConfigKeys (ConfUtils.java:logGet(43)) - raft.server.log.segment.size.max = 1048576 (custom)
2019-09-25 07:04:51,255 [pool-37-thread-1] INFO  server.RaftServerConfigKeys (ConfUtils.java:logGet(43)) - raft.server.log.segment.cache.num.max = 2 (custom)
2019-09-25 07:04:51,255 [e568d23f-199e-48ce-91e4-5c166e2e97cd@group-1B05919318E5:LeaderElection19] INFO  impl.RaftServerImpl (ServerState.java:setRaftConf(354)) - e568d23f-199e-48ce-91e4-5c166e2e97cd@group-1B05919318E5: set configuration 0: [e568d23f-199e-48ce-91e4-5c166e2e97cd:192.168.30.10:42827], old=null at 0
2019-09-25 07:04:51,255 [e568d23f-199e-48ce-91e4-5c166e2e97cd@group-827BD3CD0D78:LeaderElection17] INFO  segmented.SegmentedRaftLogWorker (SegmentedRaftLogWorker.java:startLogSegment(380)) - e568d23f-199e-48ce-91e4-5c166e2e97cd@group-827BD3CD0D78-SegmentedRaftLogWorker: Starting segment from index:0
2019-09-25 07:04:51,295 [e568d23f-199e-48ce-91e4-5c166e2e97cd@group-675C8C9AAF97:LeaderElection20] INFO  impl.LeaderElection (LeaderElection.java:askForVotes(182)) - e568d23f-199e-48ce-91e4-5c166e2e97cd@group-675C8C9AAF97:LeaderElection20: begin an election at term 1 for -1: [e568d23f-199e-48ce-91e4-5c166e2e97cd:192.168.30.10:42827], old=null
2019-09-25 07:04:51,255 [pool-37-thread-1] INFO  segmented.SegmentedRaftLogWorker (SegmentedRaftLogWorker.java:<init>(172)) - new 62ec8eb9-3ae9-4136-b70a-2caf3716fa7f@group-C509BEFDAC58-SegmentedRaftLogWorker for RaftStorage:Storage Directory /workdir/hadoop-ozone/integration-test/target/test-dir/MiniOzoneClusterImpl-39af9574-7a8b-4ed7-b830-bf686a3d4bb8/datanode-1/data/ratis/671511fd-4ab7-4148-ad49-c509befdac58
2019-09-25 07:04:51,295 [e568d23f-199e-48ce-91e4-5c166e2e97cd@group-675C8C9AAF97:LeaderElection20] INFO  impl.RoleInfo (RoleInfo.java:shutdownLeaderElection(134)) - e568d23f-199e-48ce-91e4-5c166e2e97cd: shutdown LeaderElection
2019-09-25 07:04:51,295 [pool-37-thread-1] INFO  server.RaftServerConfigKeys (ConfUtils.java:logGet(43)) - raft.server.log.queue.byte-limit = 2147483647 (custom)
2019-09-25 07:04:51,296 [e568d23f-199e-48ce-91e4-5c166e2e97cd@group-675C8C9AAF97:LeaderElection20] INFO  impl.RaftServerImpl (RaftServerImpl.java:setRole(174)) - e568d23f-199e-48ce-91e4-5c166e2e97cd@group-675C8C9AAF97: changes role from CANDIDATE to LEADER at term 1 for changeToLeader
2019-09-25 07:04:51,296 [e568d23f-199e-48ce-91e4-5c166e2e97cd@group-827BD3CD0D78:LeaderElection17] INFO  impl.RaftServerImpl (ServerState.java:setRaftConf(354)) - e568d23f-199e-48ce-91e4-5c166e2e97cd@group-827BD3CD0D78: set configuration 0: [e568d23f-199e-48ce-91e4-5c166e2e97cd:192.168.30.10:42827], old=null at 0
2019-09-25 07:04:51,296 [e568d23f-199e-48ce-91e4-5c166e2e97cd@group-675C8C9AAF97:LeaderElection20] INFO  impl.RaftServerImpl (ServerState.java:setLeader(253)) - e568d23f-199e-48ce-91e4-5c166e2e97cd@group-675C8C9AAF97: change Leader from null to e568d23f-199e-48ce-91e4-5c166e2e97cd at term 1 for becomeLeader, leader elected after 5229ms
2019-09-25 07:04:51,296 [pool-37-thread-1] INFO  server.RaftServerConfigKeys (ConfUtils.java:logGet(43)) - raft.server.log.queue.element-limit = 1024 (custom)
2019-09-25 07:04:51,339 [e568d23f-199e-48ce-91e4-5c166e2e97cd@group-675C8C9AAF97:LeaderElection20] INFO  server.RaftServerConfigKeys (ConfUtils.java:logGet(43)) - raft.server.staging.catchup.gap = 1000 (default)
2019-09-25 07:04:51,339 [e568d23f-199e-48ce-91e4-5c166e2e97cd@group-1B05919318E5-SegmentedRaftLogWorker] INFO  segmented.SegmentedRaftLogWorker (SegmentedRaftLogWorker.java:execute(569)) - e568d23f-199e-48ce-91e4-5c166e2e97cd@group-1B05919318E5-SegmentedRaftLogWorker: created new log segment /workdir/hadoop-ozone/integration-test/target/test-dir/MiniOzoneClusterImpl-39af9574-7a8b-4ed7-b830-bf686a3d4bb8/datanode-0/data/ratis/98003516-cd8c-44a1-b0f1-1b05919318e5/current/log_inprogress_0
2019-09-25 07:04:51,339 [e568d23f-199e-48ce-91e4-5c166e2e97cd@group-675C8C9AAF97:LeaderElection20] INFO  server.RaftServerConfigKeys (ConfUtils.java:logGet(43)) - raft.server.rpc.sleep.time = 25ms (default)
2019-09-25 07:04:51,339 [pool-37-thread-1] INFO  server.RaftServerConfigKeys (ConfUtils.java:logGet(43)) - raft.server.log.segment.size.max = 1048576 (custom)
2019-09-25 07:04:51,340 [e568d23f-199e-48ce-91e4-5c166e2e97cd@group-675C8C9AAF97:LeaderElection20] INFO  server.RaftServerConfigKeys (ConfUtils.java:logGet(43)) - raft.server.write.element-limit = 4096 (default)
2019-09-25 07:04:51,340 [pool-37-thread-1] INFO  server.RaftServerConfigKeys (ConfUtils.java:logGet(43)) - raft.server.log.preallocated.size = 16384 (custom)
2019-09-25 07:04:51,340 [e568d23f-199e-48ce-91e4-5c166e2e97cd@group-675C8C9AAF97:LeaderElection20] INFO  server.RaftServerConfigKeys (ConfUtils.java:logGet(43)) - raft.server.watch.timeout = 10s (default)
2019-09-25 07:04:51,340 [pool-37-thread-1] INFO  server.RaftServerConfigKeys (ConfUtils.java:logGet(43)) - raft.server.log.write.buffer.size = 33554432 (custom)
2019-09-25 07:04:51,340 [e568d23f-199e-48ce-91e4-5c166e2e97cd@group-675C8C9AAF97:LeaderElection20] INFO  server.RaftServerConfigKeys (ConfUtils.java:logGet(43)) - raft.server.watch.timeout.denomination = 1s (default)
2019-09-25 07:04:51,340 [pool-37-thread-1] INFO  server.RaftServerConfigKeys (ConfUtils.java:logGet(43)) - raft.server.log.force.sync.num = 128 (default)
2019-09-25 07:04:51,341 [Thread-240] INFO  impl.FollowerState (FollowerState.java:run(106)) - e568d23f-199e-48ce-91e4-5c166e2e97cd:group-D3A0B063C1F4 changes to CANDIDATE, lastRpcTime:5168, electionTimeout:5168ms
2019-09-25 07:04:51,340 [e568d23f-199e-48ce-91e4-5c166e2e97cd@group-675C8C9AAF97:LeaderElection20] INFO  server.RaftServerConfigKeys (ConfUtils.java:logGet(43)) - raft.server.watch.element-limit = 65536 (default)
2019-09-25 07:04:51,341 [Thread-240] INFO  impl.RoleInfo (RoleInfo.java:shutdownFollowerState(121)) - e568d23f-199e-48ce-91e4-5c166e2e97cd: shutdown FollowerState
2019-09-25 07:04:51,341 [pool-37-thread-1] INFO  server.RaftServerConfigKeys (ConfUtils.java:logGet(43)) - raft.server.log.statemachine.data.sync = true (default)
2019-09-25 07:04:51,341 [Thread-240] INFO  impl.RaftServerImpl (RaftServerImpl.java:setRole(174)) - e568d23f-199e-48ce-91e4-5c166e2e97cd@group-D3A0B063C1F4: changes role from  FOLLOWER to CANDIDATE at term 0 for changeToCandidate
2019-09-25 07:04:51,341 [pool-37-thread-1] INFO  server.RaftServerConfigKeys (ConfUtils.java:logGet(43)) - raft.server.log.statemachine.data.sync.timeout = 10s (default)
2019-09-25 07:04:51,341 [Thread-240] INFO  impl.RoleInfo (RoleInfo.java:updateAndGet(143)) - e568d23f-199e-48ce-91e4-5c166e2e97cd: start LeaderElection
2019-09-25 07:04:51,342 [pool-37-thread-1] INFO  server.RaftServerConfigKeys (ConfUtils.java:logGet(43)) - raft.server.log.statemachine.data.sync.timeout.retry = -1 (default)
2019-09-25 07:04:51,342 [pool-37-thread-1] INFO  server.RaftServerConfigKeys (ConfUtils.java:logGet(43)) - raft.server.log.statemachine.data.caching.enabled = true (custom)
2019-09-25 07:04:51,345 [e568d23f-199e-48ce-91e4-5c166e2e97cd@group-827BD3CD0D78-SegmentedRaftLogWorker] INFO  segmented.SegmentedRaftLogWorker (SegmentedRaftLogWorker.java:execute(569)) - e568d23f-199e-48ce-91e4-5c166e2e97cd@group-827BD3CD0D78-SegmentedRaftLogWorker: created new log segment /workdir/hadoop-ozone/integration-test/target/test-dir/MiniOzoneClusterImpl-39af9574-7a8b-4ed7-b830-bf686a3d4bb8/datanode-0/data/ratis/f27bf1ba-3015-4ebd-8b21-827bd3cd0d78/current/log_inprogress_0
2019-09-25 07:04:51,345 [pool-37-thread-1] INFO  segmented.SegmentedRaftLogWorker (SegmentedRaftLogWorker.java:lambda$new$0(132)) - 62ec8eb9-3ae9-4136-b70a-2caf3716fa7f@group-C509BEFDAC58-SegmentedRaftLogWorker: flushIndex: setUnconditionally 0 -> -1
2019-09-25 07:04:51,345 [e568d23f-199e-48ce-91e4-5c166e2e97cd@group-675C8C9AAF97:LeaderElection20] INFO  impl.RoleInfo (RoleInfo.java:updateAndGet(143)) - e568d23f-199e-48ce-91e4-5c166e2e97cd: start LeaderState
2019-09-25 07:04:51,346 [pool-37-thread-1] INFO  server.RaftServerConfigKeys (ConfUtils.java:logGet(43)) - raft.server.snapshot.auto.trigger.enabled = true (custom)
2019-09-25 07:04:51,346 [e568d23f-199e-48ce-91e4-5c166e2e97cd@group-675C8C9AAF97:LeaderElection20] INFO  segmented.SegmentedRaftLogWorker (SegmentedRaftLogWorker.java:startLogSegment(380)) - e568d23f-199e-48ce-91e4-5c166e2e97cd@group-675C8C9AAF97-SegmentedRaftLogWorker: Starting segment from index:0
2019-09-25 07:04:51,346 [pool-37-thread-1] INFO  server.RaftServerConfigKeys (ConfUtils.java:logGet(43)) - raft.server.snapshot.auto.trigger.threshold = 10000 (custom)
2019-09-25 07:04:51,346 [pool-37-thread-1] INFO  server.RaftServerConfigKeys (ConfUtils.java:logGet(43)) - raft.server.snapshot.retention.num.files = 5 (custom)
2019-09-25 07:04:51,346 [e568d23f-199e-48ce-91e4-5c166e2e97cd@group-675C8C9AAF97:LeaderElection20] INFO  impl.RaftServerImpl (ServerState.java:setRaftConf(354)) - e568d23f-199e-48ce-91e4-5c166e2e97cd@group-675C8C9AAF97: set configuration 0: [e568d23f-199e-48ce-91e4-5c166e2e97cd:192.168.30.10:42827], old=null at 0
2019-09-25 07:04:51,347 [pool-37-thread-1] INFO  server.RaftServerConfigKeys (ConfUtils.java:logGet(43)) - raft.server.retrycache.expirytime = 600000ms (custom)
2019-09-25 07:04:51,400 [Thread-243] INFO  impl.FollowerState (FollowerState.java:run(106)) - e568d23f-199e-48ce-91e4-5c166e2e97cd:group-4871FD6177E4 changes to CANDIDATE, lastRpcTime:5171, electionTimeout:5168ms
2019-09-25 07:04:51,389 [e568d23f-199e-48ce-91e4-5c166e2e97cd@group-D3A0B063C1F4:LeaderElection21] INFO  impl.LeaderElection (LeaderElection.java:askForVotes(182)) - e568d23f-199e-48ce-91e4-5c166e2e97cd@group-D3A0B063C1F4:LeaderElection21: begin an election at term 1 for -1: [e568d23f-199e-48ce-91e4-5c166e2e97cd:192.168.30.10:42827], old=null
2019-09-25 07:04:51,389 [Thread-246] INFO  impl.FollowerState (FollowerState.java:run(106)) - 62ec8eb9-3ae9-4136-b70a-2caf3716fa7f:group-42845FFBE9AA changes to CANDIDATE, lastRpcTime:5102, electionTimeout:5078ms
2019-09-25 07:04:51,400 [e568d23f-199e-48ce-91e4-5c166e2e97cd@group-D3A0B063C1F4:LeaderElection21] INFO  impl.RoleInfo (RoleInfo.java:shutdownLeaderElection(134)) - e568d23f-199e-48ce-91e4-5c166e2e97cd: shutdown LeaderElection
2019-09-25 07:04:51,400 [Thread-243] INFO  impl.RoleInfo (RoleInfo.java:shutdownFollowerState(121)) - e568d23f-199e-48ce-91e4-5c166e2e97cd: shutdown FollowerState
2019-09-25 07:04:51,400 [e568d23f-199e-48ce-91e4-5c166e2e97cd@group-D3A0B063C1F4:LeaderElection21] INFO  impl.RaftServerImpl (RaftServerImpl.java:setRole(174)) - e568d23f-199e-48ce-91e4-5c166e2e97cd@group-D3A0B063C1F4: changes role from CANDIDATE to LEADER at term 1 for changeToLeader
2019-09-25 07:04:51,400 [Thread-246] INFO  impl.RoleInfo (RoleInfo.java:shutdownFollowerState(121)) - 62ec8eb9-3ae9-4136-b70a-2caf3716fa7f: shutdown FollowerState
2019-09-25 07:04:51,401 [e568d23f-199e-48ce-91e4-5c166e2e97cd@group-D3A0B063C1F4:LeaderElection21] INFO  impl.RaftServerImpl (ServerState.java:setLeader(253)) - e568d23f-199e-48ce-91e4-5c166e2e97cd@group-D3A0B063C1F4: change Leader from null to e568d23f-199e-48ce-91e4-5c166e2e97cd at term 1 for becomeLeader, leader elected after 5238ms
2019-09-25 07:04:51,401 [Thread-243] INFO  impl.RaftServerImpl (RaftServerImpl.java:setRole(174)) - e568d23f-199e-48ce-91e4-5c166e2e97cd@group-4871FD6177E4: changes role from  FOLLOWER to CANDIDATE at term 0 for changeToCandidate
2019-09-25 07:04:51,410 [e568d23f-199e-48ce-91e4-5c166e2e97cd@group-D3A0B063C1F4:LeaderElection21] INFO  server.RaftServerConfigKeys (ConfUtils.java:logGet(43)) - raft.server.staging.catchup.gap = 1000 (default)
2019-09-25 07:04:51,406 [Thread-246] INFO  impl.RaftServerImpl (RaftServerImpl.java:setRole(174)) - 62ec8eb9-3ae9-4136-b70a-2caf3716fa7f@group-42845FFBE9AA: changes role from  FOLLOWER to CANDIDATE at term 0 for changeToCandidate
2019-09-25 07:04:51,410 [e568d23f-199e-48ce-91e4-5c166e2e97cd@group-D3A0B063C1F4:LeaderElection21] INFO  server.RaftServerConfigKeys (ConfUtils.java:logGet(43)) - raft.server.rpc.sleep.time = 25ms (default)
2019-09-25 07:04:51,410 [Thread-243] INFO  impl.RoleInfo (RoleInfo.java:updateAndGet(143)) - e568d23f-199e-48ce-91e4-5c166e2e97cd: start LeaderElection
2019-09-25 07:04:51,411 [e568d23f-199e-48ce-91e4-5c166e2e97cd@group-D3A0B063C1F4:LeaderElection21] INFO  server.RaftServerConfigKeys (ConfUtils.java:logGet(43)) - raft.server.write.element-limit = 4096 (default)
2019-09-25 07:04:51,411 [pool-37-thread-1] INFO  impl.RaftServerImpl (RaftServerImpl.java:start(185)) - 62ec8eb9-3ae9-4136-b70a-2caf3716fa7f@group-C509BEFDAC58: start as a follower, conf=-1: [62ec8eb9-3ae9-4136-b70a-2caf3716fa7f:192.168.30.10:44715], old=null
2019-09-25 07:04:51,411 [Thread-246] INFO  impl.RoleInfo (RoleInfo.java:updateAndGet(143)) - 62ec8eb9-3ae9-4136-b70a-2caf3716fa7f: start LeaderElection
2019-09-25 07:04:51,411 [pool-37-thread-1] INFO  impl.RaftServerImpl (RaftServerImpl.java:setRole(174)) - 62ec8eb9-3ae9-4136-b70a-2caf3716fa7f@group-C509BEFDAC58: changes role from      null to FOLLOWER at term 0 for startAsFollower
2019-09-25 07:04:51,411 [e568d23f-199e-48ce-91e4-5c166e2e97cd@group-D3A0B063C1F4:LeaderElection21] INFO  server.RaftServerConfigKeys (ConfUtils.java:logGet(43)) - raft.server.watch.timeout = 10s (default)
2019-09-25 07:04:51,414 [pool-37-thread-1] INFO  impl.RoleInfo (RoleInfo.java:updateAndGet(143)) - 62ec8eb9-3ae9-4136-b70a-2caf3716fa7f: start FollowerState
2019-09-25 07:04:51,413 [e568d23f-199e-48ce-91e4-5c166e2e97cd@group-675C8C9AAF97-SegmentedRaftLogWorker] INFO  segmented.SegmentedRaftLogWorker (SegmentedRaftLogWorker.java:execute(569)) - e568d23f-199e-48ce-91e4-5c166e2e97cd@group-675C8C9AAF97-SegmentedRaftLogWorker: created new log segment /workdir/hadoop-ozone/integration-test/target/test-dir/MiniOzoneClusterImpl-39af9574-7a8b-4ed7-b830-bf686a3d4bb8/datanode-0/data/ratis/bc4aeeaf-e4cf-490a-8bcc-675c8c9aaf97/current/log_inprogress_0
2019-09-25 07:04:51,416 [e568d23f-199e-48ce-91e4-5c166e2e97cd@group-D3A0B063C1F4:LeaderElection21] INFO  server.RaftServerConfigKeys (ConfUtils.java:logGet(43)) - raft.server.watch.timeout.denomination = 1s (default)
2019-09-25 07:04:51,417 [e568d23f-199e-48ce-91e4-5c166e2e97cd@group-D3A0B063C1F4:LeaderElection21] INFO  server.RaftServerConfigKeys (ConfUtils.java:logGet(43)) - raft.server.watch.element-limit = 65536 (default)
2019-09-25 07:04:51,417 [pool-37-thread-1] INFO  util.JmxRegister (JmxRegister.java:tryRegister(44)) - Successfully registered JMX Bean with object name Ratis:service=RaftServer,group=group-C509BEFDAC58,id=62ec8eb9-3ae9-4136-b70a-2caf3716fa7f
2019-09-25 07:04:51,418 [e568d23f-199e-48ce-91e4-5c166e2e97cd@group-D3A0B063C1F4:LeaderElection21] INFO  impl.RoleInfo (RoleInfo.java:updateAndGet(143)) - e568d23f-199e-48ce-91e4-5c166e2e97cd: start LeaderState
2019-09-25 07:04:51,419 [e568d23f-199e-48ce-91e4-5c166e2e97cd@group-D3A0B063C1F4:LeaderElection21] INFO  segmented.SegmentedRaftLogWorker (SegmentedRaftLogWorker.java:startLogSegment(380)) - e568d23f-199e-48ce-91e4-5c166e2e97cd@group-D3A0B063C1F4-SegmentedRaftLogWorker: Starting segment from index:0
2019-09-25 07:04:51,419 [e568d23f-199e-48ce-91e4-5c166e2e97cd@group-D3A0B063C1F4:LeaderElection21] INFO  impl.RaftServerImpl (ServerState.java:setRaftConf(354)) - e568d23f-199e-48ce-91e4-5c166e2e97cd@group-D3A0B063C1F4: set configuration 0: [e568d23f-199e-48ce-91e4-5c166e2e97cd:192.168.30.10:42827], old=null at 0
2019-09-25 07:04:51,460 [e568d23f-199e-48ce-91e4-5c166e2e97cd@group-4871FD6177E4:LeaderElection22] INFO  impl.LeaderElection (LeaderElection.java:askForVotes(182)) - e568d23f-199e-48ce-91e4-5c166e2e97cd@group-4871FD6177E4:LeaderElection22: begin an election at term 1 for -1: [e568d23f-199e-48ce-91e4-5c166e2e97cd:192.168.30.10:42827], old=null
2019-09-25 07:04:51,460 [Thread-249] INFO  impl.FollowerState (FollowerState.java:run(106)) - e568d23f-199e-48ce-91e4-5c166e2e97cd:group-87F86A630EE0 changes to CANDIDATE, lastRpcTime:5120, electionTimeout:5083ms
2019-09-25 07:04:51,460 [e568d23f-199e-48ce-91e4-5c166e2e97cd@group-4871FD6177E4:LeaderElection22] INFO  impl.RoleInfo (RoleInfo.java:shutdownLeaderElection(134)) - e568d23f-199e-48ce-91e4-5c166e2e97cd: shutdown LeaderElection
2019-09-25 07:04:51,460 [62ec8eb9-3ae9-4136-b70a-2caf3716fa7f@group-42845FFBE9AA:LeaderElection23] INFO  impl.LeaderElection (LeaderElection.java:askForVotes(182)) - 62ec8eb9-3ae9-4136-b70a-2caf3716fa7f@group-42845FFBE9AA:LeaderElection23: begin an election at term 1 for -1: [62ec8eb9-3ae9-4136-b70a-2caf3716fa7f:192.168.30.10:44715], old=null
2019-09-25 07:04:51,461 [e568d23f-199e-48ce-91e4-5c166e2e97cd@group-4871FD6177E4:LeaderElection22] INFO  impl.RaftServerImpl (RaftServerImpl.java:setRole(174)) - e568d23f-199e-48ce-91e4-5c166e2e97cd@group-4871FD6177E4: changes role from CANDIDATE to LEADER at term 1 for changeToLeader
2019-09-25 07:04:51,461 [Thread-249] INFO  impl.RoleInfo (RoleInfo.java:shutdownFollowerState(121)) - e568d23f-199e-48ce-91e4-5c166e2e97cd: shutdown FollowerState
2019-09-25 07:04:51,461 [RatisPipelineUtilsThread] INFO  pipeline.PipelineStateManager (PipelineStateManager.java:addPipeline(56)) - Created pipeline Pipeline[ Id: 671511fd-4ab7-4148-ad49-c509befdac58, Nodes: 62ec8eb9-3ae9-4136-b70a-2caf3716fa7f{ip: 192.168.30.10, host: pr-hdds-1569-s62bp-3040748787, networkLocation: /default-rack, certSerialId: null}, Type:RATIS, Factor:ONE, State:OPEN]
2019-09-25 07:04:51,461 [e568d23f-199e-48ce-91e4-5c166e2e97cd@group-4871FD6177E4:LeaderElection22] INFO  impl.RaftServerImpl (ServerState.java:setLeader(253)) - e568d23f-199e-48ce-91e4-5c166e2e97cd@group-4871FD6177E4: change Leader from null to e568d23f-199e-48ce-91e4-5c166e2e97cd at term 1 for becomeLeader, leader elected after 5240ms
2019-09-25 07:04:51,461 [62ec8eb9-3ae9-4136-b70a-2caf3716fa7f@group-42845FFBE9AA:LeaderElection23] INFO  impl.RoleInfo (RoleInfo.java:shutdownLeaderElection(134)) - 62ec8eb9-3ae9-4136-b70a-2caf3716fa7f: shutdown LeaderElection
2019-09-25 07:04:51,461 [e568d23f-199e-48ce-91e4-5c166e2e97cd@group-4871FD6177E4:LeaderElection22] INFO  server.RaftServerConfigKeys (ConfUtils.java:logGet(43)) - raft.server.staging.catchup.gap = 1000 (default)
2019-09-25 07:04:51,461 [Thread-249] INFO  impl.RaftServerImpl (RaftServerImpl.java:setRole(174)) - e568d23f-199e-48ce-91e4-5c166e2e97cd@group-87F86A630EE0: changes role from  FOLLOWER to CANDIDATE at term 0 for changeToCandidate
2019-09-25 07:04:51,462 [e568d23f-199e-48ce-91e4-5c166e2e97cd@group-4871FD6177E4:LeaderElection22] INFO  server.RaftServerConfigKeys (ConfUtils.java:logGet(43)) - raft.server.rpc.sleep.time = 25ms (default)
2019-09-25 07:04:51,462 [62ec8eb9-3ae9-4136-b70a-2caf3716fa7f@group-42845FFBE9AA:LeaderElection23] INFO  impl.RaftServerImpl (RaftServerImpl.java:setRole(174)) - 62ec8eb9-3ae9-4136-b70a-2caf3716fa7f@group-42845FFBE9AA: changes role from CANDIDATE to LEADER at term 1 for changeToLeader
2019-09-25 07:04:51,462 [e568d23f-199e-48ce-91e4-5c166e2e97cd@group-4871FD6177E4:LeaderElection22] INFO  server.RaftServerConfigKeys (ConfUtils.java:logGet(43)) - raft.server.write.element-limit = 4096 (default)
2019-09-25 07:04:51,462 [Thread-249] INFO  impl.RoleInfo (RoleInfo.java:updateAndGet(143)) - e568d23f-199e-48ce-91e4-5c166e2e97cd: start LeaderElection
2019-09-25 07:04:51,462 [e568d23f-199e-48ce-91e4-5c166e2e97cd@group-4871FD6177E4:LeaderElection22] INFO  server.RaftServerConfigKeys (ConfUtils.java:logGet(43)) - raft.server.watch.timeout = 10s (default)
2019-09-25 07:04:51,462 [62ec8eb9-3ae9-4136-b70a-2caf3716fa7f@group-42845FFBE9AA:LeaderElection23] INFO  impl.RaftServerImpl (ServerState.java:setLeader(253)) - 62ec8eb9-3ae9-4136-b70a-2caf3716fa7f@group-42845FFBE9AA: change Leader from null to 62ec8eb9-3ae9-4136-b70a-2caf3716fa7f at term 1 for becomeLeader, leader elected after 5183ms
2019-09-25 07:04:51,463 [e568d23f-199e-48ce-91e4-5c166e2e97cd@group-4871FD6177E4:LeaderElection22] INFO  server.RaftServerConfigKeys (ConfUtils.java:logGet(43)) - raft.server.watch.timeout.denomination = 1s (default)
2019-09-25 07:04:51,463 [62ec8eb9-3ae9-4136-b70a-2caf3716fa7f@group-42845FFBE9AA:LeaderElection23] INFO  server.RaftServerConfigKeys (ConfUtils.java:logGet(43)) - raft.server.staging.catchup.gap = 1000 (default)
2019-09-25 07:04:51,463 [e568d23f-199e-48ce-91e4-5c166e2e97cd@group-4871FD6177E4:LeaderElection22] INFO  server.RaftServerConfigKeys (ConfUtils.java:logGet(43)) - raft.server.watch.element-limit = 65536 (default)
2019-09-25 07:04:51,465 [e568d23f-199e-48ce-91e4-5c166e2e97cd@group-D3A0B063C1F4-SegmentedRaftLogWorker] INFO  segmented.SegmentedRaftLogWorker (SegmentedRaftLogWorker.java:execute(569)) - e568d23f-199e-48ce-91e4-5c166e2e97cd@group-D3A0B063C1F4-SegmentedRaftLogWorker: created new log segment /workdir/hadoop-ozone/integration-test/target/test-dir/MiniOzoneClusterImpl-39af9574-7a8b-4ed7-b830-bf686a3d4bb8/datanode-0/data/ratis/d2eb9176-2251-42b4-a1ff-d3a0b063c1f4/current/log_inprogress_0
2019-09-25 07:04:51,465 [62ec8eb9-3ae9-4136-b70a-2caf3716fa7f@group-42845FFBE9AA:LeaderElection23] INFO  server.RaftServerConfigKeys (ConfUtils.java:logGet(43)) - raft.server.rpc.sleep.time = 25ms (default)
2019-09-25 07:04:51,466 [62ec8eb9-3ae9-4136-b70a-2caf3716fa7f@group-42845FFBE9AA:LeaderElection23] INFO  server.RaftServerConfigKeys (ConfUtils.java:logGet(43)) - raft.server.write.element-limit = 4096 (default)
2019-09-25 07:04:51,466 [62ec8eb9-3ae9-4136-b70a-2caf3716fa7f@group-42845FFBE9AA:LeaderElection23] INFO  server.RaftServerConfigKeys (ConfUtils.java:logGet(43)) - raft.server.watch.timeout = 10s (default)
2019-09-25 07:04:51,466 [62ec8eb9-3ae9-4136-b70a-2caf3716fa7f@group-42845FFBE9AA:LeaderElection23] INFO  server.RaftServerConfigKeys (ConfUtils.java:logGet(43)) - raft.server.watch.timeout.denomination = 1s (default)
2019-09-25 07:04:51,466 [62ec8eb9-3ae9-4136-b70a-2caf3716fa7f@group-42845FFBE9AA:LeaderElection23] INFO  server.RaftServerConfigKeys (ConfUtils.java:logGet(43)) - raft.server.watch.element-limit = 65536 (default)
2019-09-25 07:04:51,468 [e568d23f-199e-48ce-91e4-5c166e2e97cd@group-4871FD6177E4:LeaderElection22] INFO  impl.RoleInfo (RoleInfo.java:updateAndGet(143)) - e568d23f-199e-48ce-91e4-5c166e2e97cd: start LeaderState
2019-09-25 07:04:51,468 [e568d23f-199e-48ce-91e4-5c166e2e97cd@group-4871FD6177E4:LeaderElection22] INFO  segmented.SegmentedRaftLogWorker (SegmentedRaftLogWorker.java:startLogSegment(380)) - e568d23f-199e-48ce-91e4-5c166e2e97cd@group-4871FD6177E4-SegmentedRaftLogWorker: Starting segment from index:0
2019-09-25 07:04:51,469 [e568d23f-199e-48ce-91e4-5c166e2e97cd@group-4871FD6177E4:LeaderElection22] INFO  impl.RaftServerImpl (ServerState.java:setRaftConf(354)) - e568d23f-199e-48ce-91e4-5c166e2e97cd@group-4871FD6177E4: set configuration 0: [e568d23f-199e-48ce-91e4-5c166e2e97cd:192.168.30.10:42827], old=null at 0
2019-09-25 07:04:51,469 [62ec8eb9-3ae9-4136-b70a-2caf3716fa7f@group-42845FFBE9AA:LeaderElection23] INFO  impl.RoleInfo (RoleInfo.java:updateAndGet(143)) - 62ec8eb9-3ae9-4136-b70a-2caf3716fa7f: start LeaderState
2019-09-25 07:04:51,500 [e568d23f-199e-48ce-91e4-5c166e2e97cd@group-87F86A630EE0:LeaderElection24] INFO  impl.LeaderElection (LeaderElection.java:askForVotes(182)) - e568d23f-199e-48ce-91e4-5c166e2e97cd@group-87F86A630EE0:LeaderElection24: begin an election at term 1 for -1: [e568d23f-199e-48ce-91e4-5c166e2e97cd:192.168.30.10:42827], old=null
2019-09-25 07:04:51,500 [62ec8eb9-3ae9-4136-b70a-2caf3716fa7f@group-42845FFBE9AA:LeaderElection23] INFO  segmented.SegmentedRaftLogWorker (SegmentedRaftLogWorker.java:startLogSegment(380)) - 62ec8eb9-3ae9-4136-b70a-2caf3716fa7f@group-42845FFBE9AA-SegmentedRaftLogWorker: Starting segment from index:0
2019-09-25 07:04:51,500 [e568d23f-199e-48ce-91e4-5c166e2e97cd@group-87F86A630EE0:LeaderElection24] INFO  impl.RoleInfo (RoleInfo.java:shutdownLeaderElection(134)) - e568d23f-199e-48ce-91e4-5c166e2e97cd: shutdown LeaderElection
2019-09-25 07:04:51,501 [e568d23f-199e-48ce-91e4-5c166e2e97cd@group-87F86A630EE0:LeaderElection24] INFO  impl.RaftServerImpl (RaftServerImpl.java:setRole(174)) - e568d23f-199e-48ce-91e4-5c166e2e97cd@group-87F86A630EE0: changes role from CANDIDATE to LEADER at term 1 for changeToLeader
2019-09-25 07:04:51,501 [e568d23f-199e-48ce-91e4-5c166e2e97cd@group-87F86A630EE0:LeaderElection24] INFO  impl.RaftServerImpl (ServerState.java:setLeader(253)) - e568d23f-199e-48ce-91e4-5c166e2e97cd@group-87F86A630EE0: change Leader from null to e568d23f-199e-48ce-91e4-5c166e2e97cd at term 1 for becomeLeader, leader elected after 5169ms
2019-09-25 07:04:51,501 [e568d23f-199e-48ce-91e4-5c166e2e97cd@group-87F86A630EE0:LeaderElection24] INFO  server.RaftServerConfigKeys (ConfUtils.java:logGet(43)) - raft.server.staging.catchup.gap = 1000 (default)
2019-09-25 07:04:51,501 [62ec8eb9-3ae9-4136-b70a-2caf3716fa7f@group-42845FFBE9AA:LeaderElection23] INFO  impl.RaftServerImpl (ServerState.java:setRaftConf(354)) - 62ec8eb9-3ae9-4136-b70a-2caf3716fa7f@group-42845FFBE9AA: set configuration 0: [62ec8eb9-3ae9-4136-b70a-2caf3716fa7f:192.168.30.10:44715], old=null at 0
2019-09-25 07:04:51,501 [e568d23f-199e-48ce-91e4-5c166e2e97cd@group-87F86A630EE0:LeaderElection24] INFO  server.RaftServerConfigKeys (ConfUtils.java:logGet(43)) - raft.server.rpc.sleep.time = 25ms (default)
2019-09-25 07:04:51,501 [grpc-default-executor-1] INFO  impl.RaftServerProxy (RaftServerProxy.java:addNew(89)) - e568d23f-199e-48ce-91e4-5c166e2e97cd: addNew group-9B8AC22ECFDA:[e568d23f-199e-48ce-91e4-5c166e2e97cd:192.168.30.10:42827] returns group-9B8AC22ECFDA:java.util.concurrent.CompletableFuture@744d6667[Not completed]
2019-09-25 07:04:51,545 [e568d23f-199e-48ce-91e4-5c166e2e97cd@group-87F86A630EE0:LeaderElection24] INFO  server.RaftServerConfigKeys (ConfUtils.java:logGet(43)) - raft.server.write.element-limit = 4096 (default)
2019-09-25 07:04:51,545 [e568d23f-199e-48ce-91e4-5c166e2e97cd@group-4871FD6177E4-SegmentedRaftLogWorker] INFO  segmented.SegmentedRaftLogWorker (SegmentedRaftLogWorker.java:execute(569)) - e568d23f-199e-48ce-91e4-5c166e2e97cd@group-4871FD6177E4-SegmentedRaftLogWorker: created new log segment /workdir/hadoop-ozone/integration-test/target/test-dir/MiniOzoneClusterImpl-39af9574-7a8b-4ed7-b830-bf686a3d4bb8/datanode-0/data/ratis/faa27c22-8164-4517-8682-4871fd6177e4/current/log_inprogress_0
2019-09-25 07:04:51,545 [Thread-255] INFO  impl.FollowerState (FollowerState.java:run(106)) - 24bf2945-a329-4da6-aaf2-23ecd8d462c6:group-7EE1C7B45059 changes to CANDIDATE, lastRpcTime:5084, electionTimeout:5084ms
2019-09-25 07:04:51,545 [e568d23f-199e-48ce-91e4-5c166e2e97cd@group-87F86A630EE0:LeaderElection24] INFO  server.RaftServerConfigKeys (ConfUtils.java:logGet(43)) - raft.server.watch.timeout = 10s (default)
2019-09-25 07:04:51,546 [Thread-255] INFO  impl.RoleInfo (RoleInfo.java:shutdownFollowerState(121)) - 24bf2945-a329-4da6-aaf2-23ecd8d462c6: shutdown FollowerState
2019-09-25 07:04:51,546 [pool-27-thread-1] INFO  impl.RaftServerImpl (RaftServerImpl.java:<init>(95)) - e568d23f-199e-48ce-91e4-5c166e2e97cd: new RaftServerImpl for group-9B8AC22ECFDA:[e568d23f-199e-48ce-91e4-5c166e2e97cd:192.168.30.10:42827] with ContainerStateMachine:uninitialized
2019-09-25 07:04:51,546 [Thread-255] INFO  impl.RaftServerImpl (RaftServerImpl.java:setRole(174)) - 24bf2945-a329-4da6-aaf2-23ecd8d462c6@group-7EE1C7B45059: changes role from  FOLLOWER to CANDIDATE at term 0 for changeToCandidate
2019-09-25 07:04:51,546 [e568d23f-199e-48ce-91e4-5c166e2e97cd@group-87F86A630EE0:LeaderElection24] INFO  server.RaftServerConfigKeys (ConfUtils.java:logGet(43)) - raft.server.watch.timeout.denomination = 1s (default)
2019-09-25 07:04:51,546 [Thread-255] INFO  impl.RoleInfo (RoleInfo.java:updateAndGet(143)) - 24bf2945-a329-4da6-aaf2-23ecd8d462c6: start LeaderElection
2019-09-25 07:04:51,546 [pool-27-thread-1] INFO  server.RaftServerConfigKeys (ConfUtils.java:logGet(43)) - raft.server.rpc.timeout.min = 5s (custom)
2019-09-25 07:04:51,546 [e568d23f-199e-48ce-91e4-5c166e2e97cd@group-87F86A630EE0:LeaderElection24] INFO  server.RaftServerConfigKeys (ConfUtils.java:logGet(43)) - raft.server.watch.element-limit = 65536 (default)
2019-09-25 07:04:51,547 [pool-27-thread-1] INFO  server.RaftServerConfigKeys (ConfUtils.java:logGet(43)) - raft.server.rpc.timeout.max = 5200ms (custom)
2019-09-25 07:04:51,550 [pool-27-thread-1] INFO  server.RaftServerConfigKeys (ConfUtils.java:logGet(43)) - raft.server.rpcslowness.timeout = 120s (custom)
2019-09-25 07:04:51,550 [pool-27-thread-1] INFO  server.RaftServerConfigKeys (ConfUtils.java:logGet(43)) - raft.server.sleep.deviation.threshold = 300 (default)
2019-09-25 07:04:51,550 [pool-27-thread-1] INFO  server.RaftServerConfigKeys (ConfUtils.java:logGet(43)) - raft.server.log.appender.install.snapshot.enabled = false (custom)
2019-09-25 07:04:51,550 [pool-27-thread-1] INFO  impl.RaftServerImpl (ServerState.java:<init>(103)) - e568d23f-199e-48ce-91e4-5c166e2e97cd@group-9B8AC22ECFDA: ConfigurationManager, init=-1: [e568d23f-199e-48ce-91e4-5c166e2e97cd:192.168.30.10:42827], old=null, confs=<EMPTY_MAP>
2019-09-25 07:04:51,550 [pool-27-thread-1] INFO  server.RaftServerConfigKeys (ConfUtils.java:logGet(43)) - raft.server.storage.dir = [/workdir/hadoop-ozone/integration-test/target/test-dir/MiniOzoneClusterImpl-39af9574-7a8b-4ed7-b830-bf686a3d4bb8/datanode-0/data/ratis] (custom)
2019-09-25 07:04:51,551 [pool-27-thread-1] INFO  storage.RaftStorageDirectory (RaftStorageDirectory.java:analyzeStorage(246)) - The storage directory /workdir/hadoop-ozone/integration-test/target/test-dir/MiniOzoneClusterImpl-39af9574-7a8b-4ed7-b830-bf686a3d4bb8/datanode-0/data/ratis/5f61051c-350a-45af-b6c3-9b8ac22ecfda does not exist. Creating ...
2019-09-25 07:04:51,551 [e568d23f-199e-48ce-91e4-5c166e2e97cd@group-87F86A630EE0:LeaderElection24] INFO  impl.RoleInfo (RoleInfo.java:updateAndGet(143)) - e568d23f-199e-48ce-91e4-5c166e2e97cd: start LeaderState
2019-09-25 07:04:51,552 [e568d23f-199e-48ce-91e4-5c166e2e97cd@group-87F86A630EE0:LeaderElection24] INFO  segmented.SegmentedRaftLogWorker (SegmentedRaftLogWorker.java:startLogSegment(380)) - e568d23f-199e-48ce-91e4-5c166e2e97cd@group-87F86A630EE0-SegmentedRaftLogWorker: Starting segment from index:0
2019-09-25 07:04:51,552 [e568d23f-199e-48ce-91e4-5c166e2e97cd@group-87F86A630EE0:LeaderElection24] INFO  impl.RaftServerImpl (ServerState.java:setRaftConf(354)) - e568d23f-199e-48ce-91e4-5c166e2e97cd@group-87F86A630EE0: set configuration 0: [e568d23f-199e-48ce-91e4-5c166e2e97cd:192.168.30.10:42827], old=null at 0
2019-09-25 07:04:51,589 [Thread-252] INFO  impl.FollowerState (FollowerState.java:run(106)) - 62ec8eb9-3ae9-4136-b70a-2caf3716fa7f:group-87BF82851029 changes to CANDIDATE, lastRpcTime:5182, electionTimeout:5163ms
2019-09-25 07:04:51,589 [Thread-252] INFO  impl.RoleInfo (RoleInfo.java:shutdownFollowerState(121)) - 62ec8eb9-3ae9-4136-b70a-2caf3716fa7f: shutdown FollowerState
2019-09-25 07:04:51,589 [Thread-252] INFO  impl.RaftServerImpl (RaftServerImpl.java:setRole(174)) - 62ec8eb9-3ae9-4136-b70a-2caf3716fa7f@group-87BF82851029: changes role from  FOLLOWER to CANDIDATE at term 0 for changeToCandidate
2019-09-25 07:04:51,590 [pool-27-thread-1] INFO  storage.RaftStorageDirectory (RaftStorageDirectory.java:tryLock(328)) - Lock on /workdir/hadoop-ozone/integration-test/target/test-dir/MiniOzoneClusterImpl-39af9574-7a8b-4ed7-b830-bf686a3d4bb8/datanode-0/data/ratis/5f61051c-350a-45af-b6c3-9b8ac22ecfda/in_use.lock acquired by nodename 19495@pr-hdds-1569-s62bp-3040748787
2019-09-25 07:04:51,590 [62ec8eb9-3ae9-4136-b70a-2caf3716fa7f@group-42845FFBE9AA-SegmentedRaftLogWorker] INFO  segmented.SegmentedRaftLogWorker (SegmentedRaftLogWorker.java:execute(569)) - 62ec8eb9-3ae9-4136-b70a-2caf3716fa7f@group-42845FFBE9AA-SegmentedRaftLogWorker: created new log segment /workdir/hadoop-ozone/integration-test/target/test-dir/MiniOzoneClusterImpl-39af9574-7a8b-4ed7-b830-bf686a3d4bb8/datanode-1/data/ratis/6a39ef49-d387-4802-a4c2-42845ffbe9aa/current/log_inprogress_0
2019-09-25 07:04:51,590 [24bf2945-a329-4da6-aaf2-23ecd8d462c6@group-7EE1C7B45059:LeaderElection25] INFO  impl.LeaderElection (LeaderElection.java:askForVotes(182)) - 24bf2945-a329-4da6-aaf2-23ecd8d462c6@group-7EE1C7B45059:LeaderElection25: begin an election at term 1 for -1: [24bf2945-a329-4da6-aaf2-23ecd8d462c6:192.168.30.10:42867], old=null
2019-09-25 07:04:51,590 [Thread-252] INFO  impl.RoleInfo (RoleInfo.java:updateAndGet(143)) - 62ec8eb9-3ae9-4136-b70a-2caf3716fa7f: start LeaderElection
2019-09-25 07:04:51,590 [24bf2945-a329-4da6-aaf2-23ecd8d462c6@group-7EE1C7B45059:LeaderElection25] INFO  impl.RoleInfo (RoleInfo.java:shutdownLeaderElection(134)) - 24bf2945-a329-4da6-aaf2-23ecd8d462c6: shutdown LeaderElection
2019-09-25 07:04:51,590 [24bf2945-a329-4da6-aaf2-23ecd8d462c6@group-7EE1C7B45059:LeaderElection25] INFO  impl.RaftServerImpl (RaftServerImpl.java:setRole(174)) - 24bf2945-a329-4da6-aaf2-23ecd8d462c6@group-7EE1C7B45059: changes role from CANDIDATE to LEADER at term 1 for changeToLeader
2019-09-25 07:04:51,591 [24bf2945-a329-4da6-aaf2-23ecd8d462c6@group-7EE1C7B45059:LeaderElection25] INFO  impl.RaftServerImpl (ServerState.java:setLeader(253)) - 24bf2945-a329-4da6-aaf2-23ecd8d462c6@group-7EE1C7B45059: change Leader from null to 24bf2945-a329-4da6-aaf2-23ecd8d462c6 at term 1 for becomeLeader, leader elected after 5137ms
2019-09-25 07:04:51,593 [24bf2945-a329-4da6-aaf2-23ecd8d462c6@group-7EE1C7B45059:LeaderElection25] INFO  server.RaftServerConfigKeys (ConfUtils.java:logGet(43)) - raft.server.staging.catchup.gap = 1000 (default)
2019-09-25 07:04:51,593 [24bf2945-a329-4da6-aaf2-23ecd8d462c6@group-7EE1C7B45059:LeaderElection25] INFO  server.RaftServerConfigKeys (ConfUtils.java:logGet(43)) - raft.server.rpc.sleep.time = 25ms (default)
2019-09-25 07:04:51,594 [24bf2945-a329-4da6-aaf2-23ecd8d462c6@group-7EE1C7B45059:LeaderElection25] INFO  server.RaftServerConfigKeys (ConfUtils.java:logGet(43)) - raft.server.write.element-limit = 4096 (default)
2019-09-25 07:04:51,594 [24bf2945-a329-4da6-aaf2-23ecd8d462c6@group-7EE1C7B45059:LeaderElection25] INFO  server.RaftServerConfigKeys (ConfUtils.java:logGet(43)) - raft.server.watch.timeout = 10s (default)
2019-09-25 07:04:51,594 [Thread-261] INFO  impl.FollowerState (FollowerState.java:run(106)) - 62ec8eb9-3ae9-4136-b70a-2caf3716fa7f:group-DCE82A22BD86 changes to CANDIDATE, lastRpcTime:5021, electionTimeout:5021ms
2019-09-25 07:04:51,594 [24bf2945-a329-4da6-aaf2-23ecd8d462c6@group-7EE1C7B45059:LeaderElection25] INFO  server.RaftServerConfigKeys (ConfUtils.java:logGet(43)) - raft.server.watch.timeout.denomination = 1s (default)
2019-09-25 07:04:51,594 [Thread-261] INFO  impl.RoleInfo (RoleInfo.java:shutdownFollowerState(121)) - 62ec8eb9-3ae9-4136-b70a-2caf3716fa7f: shutdown FollowerState
2019-09-25 07:04:51,594 [24bf2945-a329-4da6-aaf2-23ecd8d462c6@group-7EE1C7B45059:LeaderElection25] INFO  server.RaftServerConfigKeys (ConfUtils.java:logGet(43)) - raft.server.watch.element-limit = 65536 (default)
2019-09-25 07:04:51,594 [Thread-261] INFO  impl.RaftServerImpl (RaftServerImpl.java:setRole(174)) - 62ec8eb9-3ae9-4136-b70a-2caf3716fa7f@group-DCE82A22BD86: changes role from  FOLLOWER to CANDIDATE at term 0 for changeToCandidate
2019-09-25 07:04:51,595 [Thread-261] INFO  impl.RoleInfo (RoleInfo.java:updateAndGet(143)) - 62ec8eb9-3ae9-4136-b70a-2caf3716fa7f: start LeaderElection
2019-09-25 07:04:51,598 [24bf2945-a329-4da6-aaf2-23ecd8d462c6@group-7EE1C7B45059:LeaderElection25] INFO  impl.RoleInfo (RoleInfo.java:updateAndGet(143)) - 24bf2945-a329-4da6-aaf2-23ecd8d462c6: start LeaderState
2019-09-25 07:04:51,599 [24bf2945-a329-4da6-aaf2-23ecd8d462c6@group-7EE1C7B45059:LeaderElection25] INFO  segmented.SegmentedRaftLogWorker (SegmentedRaftLogWorker.java:startLogSegment(380)) - 24bf2945-a329-4da6-aaf2-23ecd8d462c6@group-7EE1C7B45059-SegmentedRaftLogWorker: Starting segment from index:0
2019-09-25 07:04:51,599 [24bf2945-a329-4da6-aaf2-23ecd8d462c6@group-7EE1C7B45059:LeaderElection25] INFO  impl.RaftServerImpl (ServerState.java:setRaftConf(354)) - 24bf2945-a329-4da6-aaf2-23ecd8d462c6@group-7EE1C7B45059: set configuration 0: [24bf2945-a329-4da6-aaf2-23ecd8d462c6:192.168.30.10:42867], old=null at 0
2019-09-25 07:04:51,609 [pool-27-thread-1] INFO  storage.RaftStorage (RaftStorage.java:format(72)) - Storage directory /workdir/hadoop-ozone/integration-test/target/test-dir/MiniOzoneClusterImpl-39af9574-7a8b-4ed7-b830-bf686a3d4bb8/datanode-0/data/ratis/5f61051c-350a-45af-b6c3-9b8ac22ecfda has been successfully formatted.
2019-09-25 07:04:51,609 [62ec8eb9-3ae9-4136-b70a-2caf3716fa7f@group-87BF82851029:LeaderElection26] INFO  impl.LeaderElection (LeaderElection.java:askForVotes(182)) - 62ec8eb9-3ae9-4136-b70a-2caf3716fa7f@group-87BF82851029:LeaderElection26: begin an election at term 1 for -1: [62ec8eb9-3ae9-4136-b70a-2caf3716fa7f:192.168.30.10:44715], old=null
2019-09-25 07:04:51,609 [e568d23f-199e-48ce-91e4-5c166e2e97cd@group-87F86A630EE0-SegmentedRaftLogWorker] INFO  segmented.SegmentedRaftLogWorker (SegmentedRaftLogWorker.java:execute(569)) - e568d23f-199e-48ce-91e4-5c166e2e97cd@group-87F86A630EE0-SegmentedRaftLogWorker: created new log segment /workdir/hadoop-ozone/integration-test/target/test-dir/MiniOzoneClusterImpl-39af9574-7a8b-4ed7-b830-bf686a3d4bb8/datanode-0/data/ratis/f2a57e0a-cc1b-40e1-a405-87f86a630ee0/current/log_inprogress_0
2019-09-25 07:04:51,609 [62ec8eb9-3ae9-4136-b70a-2caf3716fa7f@group-87BF82851029:LeaderElection26] INFO  impl.RoleInfo (RoleInfo.java:shutdownLeaderElection(134)) - 62ec8eb9-3ae9-4136-b70a-2caf3716fa7f: shutdown LeaderElection
2019-09-25 07:04:51,609 [pool-27-thread-1] INFO  ratis.ContainerStateMachine (ContainerStateMachine.java:loadSnapshot(230)) - group-9B8AC22ECFDA: The snapshot info is null. Setting the last applied indexto:(t:0, i:~)
2019-09-25 07:04:51,610 [62ec8eb9-3ae9-4136-b70a-2caf3716fa7f@group-87BF82851029:LeaderElection26] INFO  impl.RaftServerImpl (RaftServerImpl.java:setRole(174)) - 62ec8eb9-3ae9-4136-b70a-2caf3716fa7f@group-87BF82851029: changes role from CANDIDATE to LEADER at term 1 for changeToLeader
2019-09-25 07:04:51,610 [pool-27-thread-1] INFO  server.RaftServerConfigKeys (ConfUtils.java:logGet(43)) - raft.server.notification.no-leader.timeout = 120s (custom)
2019-09-25 07:04:51,610 [62ec8eb9-3ae9-4136-b70a-2caf3716fa7f@group-87BF82851029:LeaderElection26] INFO  impl.RaftServerImpl (ServerState.java:setLeader(253)) - 62ec8eb9-3ae9-4136-b70a-2caf3716fa7f@group-87BF82851029: change Leader from null to 62ec8eb9-3ae9-4136-b70a-2caf3716fa7f at term 1 for becomeLeader, leader elected after 5210ms
2019-09-25 07:04:51,610 [pool-27-thread-1] INFO  server.RaftServerConfigKeys (ConfUtils.java:logGet(43)) - raft.server.log.use.memory = false (default)
2019-09-25 07:04:51,610 [62ec8eb9-3ae9-4136-b70a-2caf3716fa7f@group-87BF82851029:LeaderElection26] INFO  server.RaftServerConfigKeys (ConfUtils.java:logGet(43)) - raft.server.staging.catchup.gap = 1000 (default)
2019-09-25 07:04:51,610 [pool-27-thread-1] INFO  server.RaftServerConfigKeys (ConfUtils.java:logGet(43)) - raft.server.log.purge.gap = 1000000 (custom)
2019-09-25 07:04:51,611 [62ec8eb9-3ae9-4136-b70a-2caf3716fa7f@group-87BF82851029:LeaderElection26] INFO  server.RaftServerConfigKeys (ConfUtils.java:logGet(43)) - raft.server.rpc.sleep.time = 25ms (default)
2019-09-25 07:04:51,611 [pool-27-thread-1] INFO  server.RaftServerConfigKeys (ConfUtils.java:logGet(43)) - raft.server.log.appender.buffer.byte-limit = 33554432 (custom)
2019-09-25 07:04:51,611 [62ec8eb9-3ae9-4136-b70a-2caf3716fa7f@group-87BF82851029:LeaderElection26] INFO  server.RaftServerConfigKeys (ConfUtils.java:logGet(43)) - raft.server.write.element-limit = 4096 (default)
2019-09-25 07:04:51,611 [pool-27-thread-1] INFO  server.RaftServerConfigKeys (ConfUtils.java:logGet(43)) - raft.server.log.segment.size.max = 1048576 (custom)
2019-09-25 07:04:51,611 [62ec8eb9-3ae9-4136-b70a-2caf3716fa7f@group-87BF82851029:LeaderElection26] INFO  server.RaftServerConfigKeys (ConfUtils.java:logGet(43)) - raft.server.watch.timeout = 10s (default)
2019-09-25 07:04:51,611 [62ec8eb9-3ae9-4136-b70a-2caf3716fa7f@group-DCE82A22BD86:LeaderElection27] INFO  impl.LeaderElection (LeaderElection.java:askForVotes(182)) - 62ec8eb9-3ae9-4136-b70a-2caf3716fa7f@group-DCE82A22BD86:LeaderElection27: begin an election at term 1 for -1: [62ec8eb9-3ae9-4136-b70a-2caf3716fa7f:192.168.30.10:44715], old=null
2019-09-25 07:04:51,611 [pool-27-thread-1] INFO  server.RaftServerConfigKeys (ConfUtils.java:logGet(43)) - raft.server.log.segment.cache.num.max = 2 (custom)
2019-09-25 07:04:51,612 [62ec8eb9-3ae9-4136-b70a-2caf3716fa7f@group-DCE82A22BD86:LeaderElection27] INFO  impl.RoleInfo (RoleInfo.java:shutdownLeaderElection(134)) - 62ec8eb9-3ae9-4136-b70a-2caf3716fa7f: shutdown LeaderElection
2019-09-25 07:04:51,611 [62ec8eb9-3ae9-4136-b70a-2caf3716fa7f@group-87BF82851029:LeaderElection26] INFO  server.RaftServerConfigKeys (ConfUtils.java:logGet(43)) - raft.server.watch.timeout.denomination = 1s (default)
2019-09-25 07:04:51,612 [62ec8eb9-3ae9-4136-b70a-2caf3716fa7f@group-DCE82A22BD86:LeaderElection27] INFO  impl.RaftServerImpl (RaftServerImpl.java:setRole(174)) - 62ec8eb9-3ae9-4136-b70a-2caf3716fa7f@group-DCE82A22BD86: changes role from CANDIDATE to LEADER at term 1 for changeToLeader
2019-09-25 07:04:51,612 [62ec8eb9-3ae9-4136-b70a-2caf3716fa7f@group-DCE82A22BD86:LeaderElection27] INFO  impl.RaftServerImpl (ServerState.java:setLeader(253)) - 62ec8eb9-3ae9-4136-b70a-2caf3716fa7f@group-DCE82A22BD86: change Leader from null to 62ec8eb9-3ae9-4136-b70a-2caf3716fa7f at term 1 for becomeLeader, leader elected after 5047ms
2019-09-25 07:04:51,612 [pool-27-thread-1] INFO  segmented.SegmentedRaftLogWorker (SegmentedRaftLogWorker.java:<init>(172)) - new e568d23f-199e-48ce-91e4-5c166e2e97cd@group-9B8AC22ECFDA-SegmentedRaftLogWorker for RaftStorage:Storage Directory /workdir/hadoop-ozone/integration-test/target/test-dir/MiniOzoneClusterImpl-39af9574-7a8b-4ed7-b830-bf686a3d4bb8/datanode-0/data/ratis/5f61051c-350a-45af-b6c3-9b8ac22ecfda
2019-09-25 07:04:51,612 [62ec8eb9-3ae9-4136-b70a-2caf3716fa7f@group-DCE82A22BD86:LeaderElection27] INFO  server.RaftServerConfigKeys (ConfUtils.java:logGet(43)) - raft.server.staging.catchup.gap = 1000 (default)
2019-09-25 07:04:51,612 [62ec8eb9-3ae9-4136-b70a-2caf3716fa7f@group-87BF82851029:LeaderElection26] INFO  server.RaftServerConfigKeys (ConfUtils.java:logGet(43)) - raft.server.watch.element-limit = 65536 (default)
2019-09-25 07:04:51,613 [62ec8eb9-3ae9-4136-b70a-2caf3716fa7f@group-DCE82A22BD86:LeaderElection27] INFO  server.RaftServerConfigKeys (ConfUtils.java:logGet(43)) - raft.server.rpc.sleep.time = 25ms (default)
2019-09-25 07:04:51,612 [pool-27-thread-1] INFO  server.RaftServerConfigKeys (ConfUtils.java:logGet(43)) - raft.server.log.queue.byte-limit = 2147483647 (custom)
2019-09-25 07:04:51,613 [62ec8eb9-3ae9-4136-b70a-2caf3716fa7f@group-DCE82A22BD86:LeaderElection27] INFO  server.RaftServerConfigKeys (ConfUtils.java:logGet(43)) - raft.server.write.element-limit = 4096 (default)
2019-09-25 07:04:51,613 [pool-27-thread-1] INFO  server.RaftServerConfigKeys (ConfUtils.java:logGet(43)) - raft.server.log.queue.element-limit = 1024 (custom)
2019-09-25 07:04:51,613 [62ec8eb9-3ae9-4136-b70a-2caf3716fa7f@group-DCE82A22BD86:LeaderElection27] INFO  server.RaftServerConfigKeys (ConfUtils.java:logGet(43)) - raft.server.watch.timeout = 10s (default)
2019-09-25 07:04:51,613 [pool-27-thread-1] INFO  server.RaftServerConfigKeys (ConfUtils.java:logGet(43)) - raft.server.log.segment.size.max = 1048576 (custom)
2019-09-25 07:04:51,613 [62ec8eb9-3ae9-4136-b70a-2caf3716fa7f@group-DCE82A22BD86:LeaderElection27] INFO  server.RaftServerConfigKeys (ConfUtils.java:logGet(43)) - raft.server.watch.timeout.denomination = 1s (default)
2019-09-25 07:04:51,614 [pool-27-thread-1] INFO  server.RaftServerConfigKeys (ConfUtils.java:logGet(43)) - raft.server.log.preallocated.size = 16384 (custom)
2019-09-25 07:04:51,614 [62ec8eb9-3ae9-4136-b70a-2caf3716fa7f@group-DCE82A22BD86:LeaderElection27] INFO  server.RaftServerConfigKeys (ConfUtils.java:logGet(43)) - raft.server.watch.element-limit = 65536 (default)
2019-09-25 07:04:51,614 [pool-27-thread-1] INFO  server.RaftServerConfigKeys (ConfUtils.java:logGet(43)) - raft.server.log.write.buffer.size = 33554432 (custom)
2019-09-25 07:04:51,614 [pool-27-thread-1] INFO  server.RaftServerConfigKeys (ConfUtils.java:logGet(43)) - raft.server.log.force.sync.num = 128 (default)
2019-09-25 07:04:51,614 [pool-27-thread-1] INFO  server.RaftServerConfigKeys (ConfUtils.java:logGet(43)) - raft.server.log.statemachine.data.sync = true (default)
2019-09-25 07:04:51,614 [pool-27-thread-1] INFO  server.RaftServerConfigKeys (ConfUtils.java:logGet(43)) - raft.server.log.statemachine.data.sync.timeout = 10s (default)
2019-09-25 07:04:51,614 [pool-27-thread-1] INFO  server.RaftServerConfigKeys (ConfUtils.java:logGet(43)) - raft.server.log.statemachine.data.sync.timeout.retry = -1 (default)
2019-09-25 07:04:51,615 [62ec8eb9-3ae9-4136-b70a-2caf3716fa7f@group-87BF82851029:LeaderElection26] INFO  impl.RoleInfo (RoleInfo.java:updateAndGet(143)) - 62ec8eb9-3ae9-4136-b70a-2caf3716fa7f: start LeaderState
2019-09-25 07:04:51,615 [pool-27-thread-1] INFO  server.RaftServerConfigKeys (ConfUtils.java:logGet(43)) - raft.server.log.statemachine.data.caching.enabled = true (custom)
2019-09-25 07:04:51,615 [62ec8eb9-3ae9-4136-b70a-2caf3716fa7f@group-87BF82851029:LeaderElection26] INFO  segmented.SegmentedRaftLogWorker (SegmentedRaftLogWorker.java:startLogSegment(380)) - 62ec8eb9-3ae9-4136-b70a-2caf3716fa7f@group-87BF82851029-SegmentedRaftLogWorker: Starting segment from index:0
2019-09-25 07:04:51,615 [pool-27-thread-1] INFO  segmented.SegmentedRaftLogWorker (SegmentedRaftLogWorker.java:lambda$new$0(132)) - e568d23f-199e-48ce-91e4-5c166e2e97cd@group-9B8AC22ECFDA-SegmentedRaftLogWorker: flushIndex: setUnconditionally 0 -> -1
2019-09-25 07:04:51,615 [pool-27-thread-1] INFO  server.RaftServerConfigKeys (ConfUtils.java:logGet(43)) - raft.server.snapshot.auto.trigger.enabled = true (custom)
2019-09-25 07:04:51,616 [pool-27-thread-1] INFO  server.RaftServerConfigKeys (ConfUtils.java:logGet(43)) - raft.server.snapshot.auto.trigger.threshold = 10000 (custom)
2019-09-25 07:04:51,616 [62ec8eb9-3ae9-4136-b70a-2caf3716fa7f@group-DCE82A22BD86:LeaderElection27] INFO  impl.RoleInfo (RoleInfo.java:updateAndGet(143)) - 62ec8eb9-3ae9-4136-b70a-2caf3716fa7f: start LeaderState
2019-09-25 07:04:51,616 [62ec8eb9-3ae9-4136-b70a-2caf3716fa7f@group-87BF82851029:LeaderElection26] INFO  impl.RaftServerImpl (ServerState.java:setRaftConf(354)) - 62ec8eb9-3ae9-4136-b70a-2caf3716fa7f@group-87BF82851029: set configuration 0: [62ec8eb9-3ae9-4136-b70a-2caf3716fa7f:192.168.30.10:44715], old=null at 0
2019-09-25 07:04:51,616 [62ec8eb9-3ae9-4136-b70a-2caf3716fa7f@group-DCE82A22BD86:LeaderElection27] INFO  segmented.SegmentedRaftLogWorker (SegmentedRaftLogWorker.java:startLogSegment(380)) - 62ec8eb9-3ae9-4136-b70a-2caf3716fa7f@group-DCE82A22BD86-SegmentedRaftLogWorker: Starting segment from index:0
2019-09-25 07:04:51,616 [pool-27-thread-1] INFO  server.RaftServerConfigKeys (ConfUtils.java:logGet(43)) - raft.server.snapshot.retention.num.files = 5 (custom)
2019-09-25 07:04:51,661 [Thread-258] INFO  impl.FollowerState (FollowerState.java:run(106)) - 62ec8eb9-3ae9-4136-b70a-2caf3716fa7f:group-09E5DC343B97 changes to CANDIDATE, lastRpcTime:5144, electionTimeout:5115ms
2019-09-25 07:04:51,662 [pool-27-thread-1] INFO  server.RaftServerConfigKeys (ConfUtils.java:logGet(43)) - raft.server.retrycache.expirytime = 600000ms (custom)
2019-09-25 07:04:51,662 [Thread-258] INFO  impl.RoleInfo (RoleInfo.java:shutdownFollowerState(121)) - 62ec8eb9-3ae9-4136-b70a-2caf3716fa7f: shutdown FollowerState
2019-09-25 07:04:51,662 [62ec8eb9-3ae9-4136-b70a-2caf3716fa7f@group-DCE82A22BD86:LeaderElection27] INFO  impl.RaftServerImpl (ServerState.java:setRaftConf(354)) - 62ec8eb9-3ae9-4136-b70a-2caf3716fa7f@group-DCE82A22BD86: set configuration 0: [62ec8eb9-3ae9-4136-b70a-2caf3716fa7f:192.168.30.10:44715], old=null at 0
2019-09-25 07:04:51,662 [Thread-258] INFO  impl.RaftServerImpl (RaftServerImpl.java:setRole(174)) - 62ec8eb9-3ae9-4136-b70a-2caf3716fa7f@group-09E5DC343B97: changes role from  FOLLOWER to CANDIDATE at term 0 for changeToCandidate
2019-09-25 07:04:51,703 [24bf2945-a329-4da6-aaf2-23ecd8d462c6@group-7EE1C7B45059-SegmentedRaftLogWorker] INFO  segmented.SegmentedRaftLogWorker (SegmentedRaftLogWorker.java:execute(569)) - 24bf2945-a329-4da6-aaf2-23ecd8d462c6@group-7EE1C7B45059-SegmentedRaftLogWorker: created new log segment /workdir/hadoop-ozone/integration-test/target/test-dir/MiniOzoneClusterImpl-39af9574-7a8b-4ed7-b830-bf686a3d4bb8/datanode-2/data/ratis/a80c17f5-2038-4c68-b818-7ee1c7b45059/current/log_inprogress_0
2019-09-25 07:04:51,703 [62ec8eb9-3ae9-4136-b70a-2caf3716fa7f@group-87BF82851029-SegmentedRaftLogWorker] INFO  segmented.SegmentedRaftLogWorker (SegmentedRaftLogWorker.java:execute(569)) - 62ec8eb9-3ae9-4136-b70a-2caf3716fa7f@group-87BF82851029-SegmentedRaftLogWorker: created new log segment /workdir/hadoop-ozone/integration-test/target/test-dir/MiniOzoneClusterImpl-39af9574-7a8b-4ed7-b830-bf686a3d4bb8/datanode-1/data/ratis/262e8e80-b174-40ed-a362-87bf82851029/current/log_inprogress_0
2019-09-25 07:04:51,703 [Thread-258] INFO  impl.RoleInfo (RoleInfo.java:updateAndGet(143)) - 62ec8eb9-3ae9-4136-b70a-2caf3716fa7f: start LeaderElection
2019-09-25 07:04:51,708 [pool-27-thread-1] INFO  impl.RaftServerImpl (RaftServerImpl.java:start(185)) - e568d23f-199e-48ce-91e4-5c166e2e97cd@group-9B8AC22ECFDA: start as a follower, conf=-1: [e568d23f-199e-48ce-91e4-5c166e2e97cd:192.168.30.10:42827], old=null
2019-09-25 07:04:51,708 [pool-27-thread-1] INFO  impl.RaftServerImpl (RaftServerImpl.java:setRole(174)) - e568d23f-199e-48ce-91e4-5c166e2e97cd@group-9B8AC22ECFDA: changes role from      null to FOLLOWER at term 0 for startAsFollower
2019-09-25 07:04:51,709 [pool-27-thread-1] INFO  impl.RoleInfo (RoleInfo.java:updateAndGet(143)) - e568d23f-199e-48ce-91e4-5c166e2e97cd: start FollowerState
2019-09-25 07:04:51,710 [pool-27-thread-1] INFO  util.JmxRegister (JmxRegister.java:tryRegister(44)) - Successfully registered JMX Bean with object name Ratis:service=RaftServer,group=group-9B8AC22ECFDA,id=e568d23f-199e-48ce-91e4-5c166e2e97cd
2019-09-25 07:04:51,713 [RatisPipelineUtilsThread] INFO  pipeline.PipelineStateManager (PipelineStateManager.java:addPipeline(56)) - Created pipeline Pipeline[ Id: 5f61051c-350a-45af-b6c3-9b8ac22ecfda, Nodes: e568d23f-199e-48ce-91e4-5c166e2e97cd{ip: 192.168.30.10, host: pr-hdds-1569-s62bp-3040748787, networkLocation: /default-rack, certSerialId: null}, Type:RATIS, Factor:ONE, State:OPEN]
2019-09-25 07:04:51,721 [62ec8eb9-3ae9-4136-b70a-2caf3716fa7f@group-DCE82A22BD86-SegmentedRaftLogWorker] INFO  segmented.SegmentedRaftLogWorker (SegmentedRaftLogWorker.java:execute(569)) - 62ec8eb9-3ae9-4136-b70a-2caf3716fa7f@group-DCE82A22BD86-SegmentedRaftLogWorker: created new log segment /workdir/hadoop-ozone/integration-test/target/test-dir/MiniOzoneClusterImpl-39af9574-7a8b-4ed7-b830-bf686a3d4bb8/datanode-1/data/ratis/6b9db115-3b37-426e-82fb-dce82a22bd86/current/log_inprogress_0
2019-09-25 07:04:51,721 [grpc-default-executor-1] INFO  impl.RaftServerProxy (RaftServerProxy.java:addNew(89)) - e568d23f-199e-48ce-91e4-5c166e2e97cd: addNew group-EC8A69775D8E:[e568d23f-199e-48ce-91e4-5c166e2e97cd:192.168.30.10:42827] returns group-EC8A69775D8E:java.util.concurrent.CompletableFuture@1d16623b[Not completed]
2019-09-25 07:04:51,722 [pool-27-thread-1] INFO  impl.RaftServerImpl (RaftServerImpl.java:<init>(95)) - e568d23f-199e-48ce-91e4-5c166e2e97cd: new RaftServerImpl for group-EC8A69775D8E:[e568d23f-199e-48ce-91e4-5c166e2e97cd:192.168.30.10:42827] with ContainerStateMachine:uninitialized
2019-09-25 07:04:51,723 [pool-27-thread-1] INFO  server.RaftServerConfigKeys (ConfUtils.java:logGet(43)) - raft.server.rpc.timeout.min = 5s (custom)
2019-09-25 07:04:51,723 [pool-27-thread-1] INFO  server.RaftServerConfigKeys (ConfUtils.java:logGet(43)) - raft.server.rpc.timeout.max = 5200ms (custom)
2019-09-25 07:04:51,723 [pool-27-thread-1] INFO  server.RaftServerConfigKeys (ConfUtils.java:logGet(43)) - raft.server.rpcslowness.timeout = 120s (custom)
2019-09-25 07:04:51,723 [pool-27-thread-1] INFO  server.RaftServerConfigKeys (ConfUtils.java:logGet(43)) - raft.server.sleep.deviation.threshold = 300 (default)
2019-09-25 07:04:51,723 [pool-27-thread-1] INFO  server.RaftServerConfigKeys (ConfUtils.java:logGet(43)) - raft.server.log.appender.install.snapshot.enabled = false (custom)
2019-09-25 07:04:51,723 [pool-27-thread-1] INFO  impl.RaftServerImpl (ServerState.java:<init>(103)) - e568d23f-199e-48ce-91e4-5c166e2e97cd@group-EC8A69775D8E: ConfigurationManager, init=-1: [e568d23f-199e-48ce-91e4-5c166e2e97cd:192.168.30.10:42827], old=null, confs=<EMPTY_MAP>
2019-09-25 07:04:51,723 [pool-27-thread-1] INFO  server.RaftServerConfigKeys (ConfUtils.java:logGet(43)) - raft.server.storage.dir = [/workdir/hadoop-ozone/integration-test/target/test-dir/MiniOzoneClusterImpl-39af9574-7a8b-4ed7-b830-bf686a3d4bb8/datanode-0/data/ratis] (custom)
2019-09-25 07:04:51,724 [62ec8eb9-3ae9-4136-b70a-2caf3716fa7f@group-09E5DC343B97:LeaderElection28] INFO  impl.LeaderElection (LeaderElection.java:askForVotes(182)) - 62ec8eb9-3ae9-4136-b70a-2caf3716fa7f@group-09E5DC343B97:LeaderElection28: begin an election at term 1 for -1: [62ec8eb9-3ae9-4136-b70a-2caf3716fa7f:192.168.30.10:44715], old=null
2019-09-25 07:04:51,724 [62ec8eb9-3ae9-4136-b70a-2caf3716fa7f@group-09E5DC343B97:LeaderElection28] INFO  impl.RoleInfo (RoleInfo.java:shutdownLeaderElection(134)) - 62ec8eb9-3ae9-4136-b70a-2caf3716fa7f: shutdown LeaderElection
2019-09-25 07:04:51,724 [62ec8eb9-3ae9-4136-b70a-2caf3716fa7f@group-09E5DC343B97:LeaderElection28] INFO  impl.RaftServerImpl (RaftServerImpl.java:setRole(174)) - 62ec8eb9-3ae9-4136-b70a-2caf3716fa7f@group-09E5DC343B97: changes role from CANDIDATE to LEADER at term 1 for changeToLeader
2019-09-25 07:04:51,724 [pool-27-thread-1] INFO  storage.RaftStorageDirectory (RaftStorageDirectory.java:analyzeStorage(246)) - The storage directory /workdir/hadoop-ozone/integration-test/target/test-dir/MiniOzoneClusterImpl-39af9574-7a8b-4ed7-b830-bf686a3d4bb8/datanode-0/data/ratis/ead7cfa1-0530-43ca-b980-ec8a69775d8e does not exist. Creating ...
2019-09-25 07:04:51,724 [62ec8eb9-3ae9-4136-b70a-2caf3716fa7f@group-09E5DC343B97:LeaderElection28] INFO  impl.RaftServerImpl (ServerState.java:setLeader(253)) - 62ec8eb9-3ae9-4136-b70a-2caf3716fa7f@group-09E5DC343B97: change Leader from null to 62ec8eb9-3ae9-4136-b70a-2caf3716fa7f at term 1 for becomeLeader, leader elected after 5214ms
2019-09-25 07:04:51,724 [62ec8eb9-3ae9-4136-b70a-2caf3716fa7f@group-09E5DC343B97:LeaderElection28] INFO  server.RaftServerConfigKeys (ConfUtils.java:logGet(43)) - raft.server.staging.catchup.gap = 1000 (default)
2019-09-25 07:04:51,724 [62ec8eb9-3ae9-4136-b70a-2caf3716fa7f@group-09E5DC343B97:LeaderElection28] INFO  server.RaftServerConfigKeys (ConfUtils.java:logGet(43)) - raft.server.rpc.sleep.time = 25ms (default)
2019-09-25 07:04:51,725 [62ec8eb9-3ae9-4136-b70a-2caf3716fa7f@group-09E5DC343B97:LeaderElection28] INFO  server.RaftServerConfigKeys (ConfUtils.java:logGet(43)) - raft.server.write.element-limit = 4096 (default)
2019-09-25 07:04:51,725 [62ec8eb9-3ae9-4136-b70a-2caf3716fa7f@group-09E5DC343B97:LeaderElection28] INFO  server.RaftServerConfigKeys (ConfUtils.java:logGet(43)) - raft.server.watch.timeout = 10s (default)
2019-09-25 07:04:51,725 [62ec8eb9-3ae9-4136-b70a-2caf3716fa7f@group-09E5DC343B97:LeaderElection28] INFO  server.RaftServerConfigKeys (ConfUtils.java:logGet(43)) - raft.server.watch.timeout.denomination = 1s (default)
2019-09-25 07:04:51,725 [62ec8eb9-3ae9-4136-b70a-2caf3716fa7f@group-09E5DC343B97:LeaderElection28] INFO  server.RaftServerConfigKeys (ConfUtils.java:logGet(43)) - raft.server.watch.element-limit = 65536 (default)
2019-09-25 07:04:51,727 [62ec8eb9-3ae9-4136-b70a-2caf3716fa7f@group-09E5DC343B97:LeaderElection28] INFO  impl.RoleInfo (RoleInfo.java:updateAndGet(143)) - 62ec8eb9-3ae9-4136-b70a-2caf3716fa7f: start LeaderState
2019-09-25 07:04:51,727 [62ec8eb9-3ae9-4136-b70a-2caf3716fa7f@group-09E5DC343B97:LeaderElection28] INFO  segmented.SegmentedRaftLogWorker (SegmentedRaftLogWorker.java:startLogSegment(380)) - 62ec8eb9-3ae9-4136-b70a-2caf3716fa7f@group-09E5DC343B97-SegmentedRaftLogWorker: Starting segment from index:0
2019-09-25 07:04:51,728 [62ec8eb9-3ae9-4136-b70a-2caf3716fa7f@group-09E5DC343B97:LeaderElection28] INFO  impl.RaftServerImpl (ServerState.java:setRaftConf(354)) - 62ec8eb9-3ae9-4136-b70a-2caf3716fa7f@group-09E5DC343B97: set configuration 0: [62ec8eb9-3ae9-4136-b70a-2caf3716fa7f:192.168.30.10:44715], old=null at 0
2019-09-25 07:04:51,762 [pool-27-thread-1] INFO  storage.RaftStorageDirectory (RaftStorageDirectory.java:tryLock(328)) - Lock on /workdir/hadoop-ozone/integration-test/target/test-dir/MiniOzoneClusterImpl-39af9574-7a8b-4ed7-b830-bf686a3d4bb8/datanode-0/data/ratis/ead7cfa1-0530-43ca-b980-ec8a69775d8e/in_use.lock acquired by nodename 19495@pr-hdds-1569-s62bp-3040748787
2019-09-25 07:04:51,762 [Thread-264] INFO  impl.FollowerState (FollowerState.java:run(106)) - 62ec8eb9-3ae9-4136-b70a-2caf3716fa7f:group-3F968371FB08 changes to CANDIDATE, lastRpcTime:5135, electionTimeout:5108ms
2019-09-25 07:04:51,762 [Thread-264] INFO  impl.RoleInfo (RoleInfo.java:shutdownFollowerState(121)) - 62ec8eb9-3ae9-4136-b70a-2caf3716fa7f: shutdown FollowerState
2019-09-25 07:04:51,763 [Thread-264] INFO  impl.RaftServerImpl (RaftServerImpl.java:setRole(174)) - 62ec8eb9-3ae9-4136-b70a-2caf3716fa7f@group-3F968371FB08: changes role from  FOLLOWER to CANDIDATE at term 0 for changeToCandidate
2019-09-25 07:04:51,763 [Thread-264] INFO  impl.RoleInfo (RoleInfo.java:updateAndGet(143)) - 62ec8eb9-3ae9-4136-b70a-2caf3716fa7f: start LeaderElection
2019-09-25 07:04:51,785 [62ec8eb9-3ae9-4136-b70a-2caf3716fa7f@group-09E5DC343B97-SegmentedRaftLogWorker] INFO  segmented.SegmentedRaftLogWorker (SegmentedRaftLogWorker.java:execute(569)) - 62ec8eb9-3ae9-4136-b70a-2caf3716fa7f@group-09E5DC343B97-SegmentedRaftLogWorker: created new log segment /workdir/hadoop-ozone/integration-test/target/test-dir/MiniOzoneClusterImpl-39af9574-7a8b-4ed7-b830-bf686a3d4bb8/datanode-1/data/ratis/c34d2b3c-f77e-4ae5-9d5a-09e5dc343b97/current/log_inprogress_0
2019-09-25 07:04:51,786 [pool-27-thread-1] INFO  storage.RaftStorage (RaftStorage.java:format(72)) - Storage directory /workdir/hadoop-ozone/integration-test/target/test-dir/MiniOzoneClusterImpl-39af9574-7a8b-4ed7-b830-bf686a3d4bb8/datanode-0/data/ratis/ead7cfa1-0530-43ca-b980-ec8a69775d8e has been successfully formatted.
2019-09-25 07:04:51,786 [62ec8eb9-3ae9-4136-b70a-2caf3716fa7f@group-3F968371FB08:LeaderElection29] INFO  impl.LeaderElection (LeaderElection.java:askForVotes(182)) - 62ec8eb9-3ae9-4136-b70a-2caf3716fa7f@group-3F968371FB08:LeaderElection29: begin an election at term 1 for -1: [62ec8eb9-3ae9-4136-b70a-2caf3716fa7f:192.168.30.10:44715], old=null
2019-09-25 07:04:51,786 [pool-27-thread-1] INFO  ratis.ContainerStateMachine (ContainerStateMachine.java:loadSnapshot(230)) - group-EC8A69775D8E: The snapshot info is null. Setting the last applied indexto:(t:0, i:~)
2019-09-25 07:04:51,786 [62ec8eb9-3ae9-4136-b70a-2caf3716fa7f@group-3F968371FB08:LeaderElection29] INFO  impl.RoleInfo (RoleInfo.java:shutdownLeaderElection(134)) - 62ec8eb9-3ae9-4136-b70a-2caf3716fa7f: shutdown LeaderElection
2019-09-25 07:04:51,786 [pool-27-thread-1] INFO  server.RaftServerConfigKeys (ConfUtils.java:logGet(43)) - raft.server.notification.no-leader.timeout = 120s (custom)
2019-09-25 07:04:51,786 [62ec8eb9-3ae9-4136-b70a-2caf3716fa7f@group-3F968371FB08:LeaderElection29] INFO  impl.RaftServerImpl (RaftServerImpl.java:setRole(174)) - 62ec8eb9-3ae9-4136-b70a-2caf3716fa7f@group-3F968371FB08: changes role from CANDIDATE to LEADER at term 1 for changeToLeader
2019-09-25 07:04:51,786 [pool-27-thread-1] INFO  server.RaftServerConfigKeys (ConfUtils.java:logGet(43)) - raft.server.log.use.memory = false (default)
2019-09-25 07:04:51,787 [62ec8eb9-3ae9-4136-b70a-2caf3716fa7f@group-3F968371FB08:LeaderElection29] INFO  impl.RaftServerImpl (ServerState.java:setLeader(253)) - 62ec8eb9-3ae9-4136-b70a-2caf3716fa7f@group-3F968371FB08: change Leader from null to 62ec8eb9-3ae9-4136-b70a-2caf3716fa7f at term 1 for becomeLeader, leader elected after 5168ms
2019-09-25 07:04:51,787 [pool-27-thread-1] INFO  server.RaftServerConfigKeys (ConfUtils.java:logGet(43)) - raft.server.log.purge.gap = 1000000 (custom)
2019-09-25 07:04:51,787 [62ec8eb9-3ae9-4136-b70a-2caf3716fa7f@group-3F968371FB08:LeaderElection29] INFO  server.RaftServerConfigKeys (ConfUtils.java:logGet(43)) - raft.server.staging.catchup.gap = 1000 (default)
2019-09-25 07:04:51,787 [pool-27-thread-1] INFO  server.RaftServerConfigKeys (ConfUtils.java:logGet(43)) - raft.server.log.appender.buffer.byte-limit = 33554432 (custom)
2019-09-25 07:04:51,787 [62ec8eb9-3ae9-4136-b70a-2caf3716fa7f@group-3F968371FB08:LeaderElection29] INFO  server.RaftServerConfigKeys (ConfUtils.java:logGet(43)) - raft.server.rpc.sleep.time = 25ms (default)
2019-09-25 07:04:51,787 [pool-27-thread-1] INFO  server.RaftServerConfigKeys (ConfUtils.java:logGet(43)) - raft.server.log.segment.size.max = 1048576 (custom)
2019-09-25 07:04:51,788 [62ec8eb9-3ae9-4136-b70a-2caf3716fa7f@group-3F968371FB08:LeaderElection29] INFO  server.RaftServerConfigKeys (ConfUtils.java:logGet(43)) - raft.server.write.element-limit = 4096 (default)
2019-09-25 07:04:51,788 [pool-27-thread-1] INFO  server.RaftServerConfigKeys (ConfUtils.java:logGet(43)) - raft.server.log.segment.cache.num.max = 2 (custom)
2019-09-25 07:04:51,788 [62ec8eb9-3ae9-4136-b70a-2caf3716fa7f@group-3F968371FB08:LeaderElection29] INFO  server.RaftServerConfigKeys (ConfUtils.java:logGet(43)) - raft.server.watch.timeout = 10s (default)
2019-09-25 07:04:51,788 [pool-27-thread-1] INFO  segmented.SegmentedRaftLogWorker (SegmentedRaftLogWorker.java:<init>(172)) - new e568d23f-199e-48ce-91e4-5c166e2e97cd@group-EC8A69775D8E-SegmentedRaftLogWorker for RaftStorage:Storage Directory /workdir/hadoop-ozone/integration-test/target/test-dir/MiniOzoneClusterImpl-39af9574-7a8b-4ed7-b830-bf686a3d4bb8/datanode-0/data/ratis/ead7cfa1-0530-43ca-b980-ec8a69775d8e
2019-09-25 07:04:51,788 [62ec8eb9-3ae9-4136-b70a-2caf3716fa7f@group-3F968371FB08:LeaderElection29] INFO  server.RaftServerConfigKeys (ConfUtils.java:logGet(43)) - raft.server.watch.timeout.denomination = 1s (default)
2019-09-25 07:04:51,788 [pool-27-thread-1] INFO  server.RaftServerConfigKeys (ConfUtils.java:logGet(43)) - raft.server.log.queue.byte-limit = 2147483647 (custom)
2019-09-25 07:04:51,788 [62ec8eb9-3ae9-4136-b70a-2caf3716fa7f@group-3F968371FB08:LeaderElection29] INFO  server.RaftServerConfigKeys (ConfUtils.java:logGet(43)) - raft.server.watch.element-limit = 65536 (default)
2019-09-25 07:04:51,789 [pool-27-thread-1] INFO  server.RaftServerConfigKeys (ConfUtils.java:logGet(43)) - raft.server.log.queue.element-limit = 1024 (custom)
2019-09-25 07:04:51,789 [pool-27-thread-1] INFO  server.RaftServerConfigKeys (ConfUtils.java:logGet(43)) - raft.server.log.segment.size.max = 1048576 (custom)
2019-09-25 07:04:51,789 [pool-27-thread-1] INFO  server.RaftServerConfigKeys (ConfUtils.java:logGet(43)) - raft.server.log.preallocated.size = 16384 (custom)
2019-09-25 07:04:51,789 [pool-27-thread-1] INFO  server.RaftServerConfigKeys (ConfUtils.java:logGet(43)) - raft.server.log.write.buffer.size = 33554432 (custom)
2019-09-25 07:04:51,789 [pool-27-thread-1] INFO  server.RaftServerConfigKeys (ConfUtils.java:logGet(43)) - raft.server.log.force.sync.num = 128 (default)
2019-09-25 07:04:51,790 [pool-27-thread-1] INFO  server.RaftServerConfigKeys (ConfUtils.java:logGet(43)) - raft.server.log.statemachine.data.sync = true (default)
2019-09-25 07:04:51,790 [pool-27-thread-1] INFO  server.RaftServerConfigKeys (ConfUtils.java:logGet(43)) - raft.server.log.statemachine.data.sync.timeout = 10s (default)
2019-09-25 07:04:51,790 [pool-27-thread-1] INFO  server.RaftServerConfigKeys (ConfUtils.java:logGet(43)) - raft.server.log.statemachine.data.sync.timeout.retry = -1 (default)
2019-09-25 07:04:51,790 [pool-27-thread-1] INFO  server.RaftServerConfigKeys (ConfUtils.java:logGet(43)) - raft.server.log.statemachine.data.caching.enabled = true (custom)
2019-09-25 07:04:51,791 [pool-27-thread-1] INFO  segmented.SegmentedRaftLogWorker (SegmentedRaftLogWorker.java:lambda$new$0(132)) - e568d23f-199e-48ce-91e4-5c166e2e97cd@group-EC8A69775D8E-SegmentedRaftLogWorker: flushIndex: setUnconditionally 0 -> -1
2019-09-25 07:04:51,791 [pool-27-thread-1] INFO  server.RaftServerConfigKeys (ConfUtils.java:logGet(43)) - raft.server.snapshot.auto.trigger.enabled = true (custom)
2019-09-25 07:04:51,791 [pool-27-thread-1] INFO  server.RaftServerConfigKeys (ConfUtils.java:logGet(43)) - raft.server.snapshot.auto.trigger.threshold = 10000 (custom)
2019-09-25 07:04:51,791 [62ec8eb9-3ae9-4136-b70a-2caf3716fa7f@group-3F968371FB08:LeaderElection29] INFO  impl.RoleInfo (RoleInfo.java:updateAndGet(143)) - 62ec8eb9-3ae9-4136-b70a-2caf3716fa7f: start LeaderState
2019-09-25 07:04:51,791 [pool-27-thread-1] INFO  server.RaftServerConfigKeys (ConfUtils.java:logGet(43)) - raft.server.snapshot.retention.num.files = 5 (custom)
2019-09-25 07:04:51,792 [62ec8eb9-3ae9-4136-b70a-2caf3716fa7f@group-3F968371FB08:LeaderElection29] INFO  segmented.SegmentedRaftLogWorker (SegmentedRaftLogWorker.java:startLogSegment(380)) - 62ec8eb9-3ae9-4136-b70a-2caf3716fa7f@group-3F968371FB08-SegmentedRaftLogWorker: Starting segment from index:0
2019-09-25 07:04:51,792 [pool-27-thread-1] INFO  server.RaftServerConfigKeys (ConfUtils.java:logGet(43)) - raft.server.retrycache.expirytime = 600000ms (custom)
2019-09-25 07:04:51,792 [62ec8eb9-3ae9-4136-b70a-2caf3716fa7f@group-3F968371FB08:LeaderElection29] INFO  impl.RaftServerImpl (ServerState.java:setRaftConf(354)) - 62ec8eb9-3ae9-4136-b70a-2caf3716fa7f@group-3F968371FB08: set configuration 0: [62ec8eb9-3ae9-4136-b70a-2caf3716fa7f:192.168.30.10:44715], old=null at 0
2019-09-25 07:04:51,834 [Thread-267] INFO  impl.FollowerState (FollowerState.java:run(106)) - 24bf2945-a329-4da6-aaf2-23ecd8d462c6:group-2FCFD3ADB7BA changes to CANDIDATE, lastRpcTime:5077, electionTimeout:5049ms
2019-09-25 07:04:51,834 [Thread-267] INFO  impl.RoleInfo (RoleInfo.java:shutdownFollowerState(121)) - 24bf2945-a329-4da6-aaf2-23ecd8d462c6: shutdown FollowerState
2019-09-25 07:04:51,834 [Thread-267] INFO  impl.RaftServerImpl (RaftServerImpl.java:setRole(174)) - 24bf2945-a329-4da6-aaf2-23ecd8d462c6@group-2FCFD3ADB7BA: changes role from  FOLLOWER to CANDIDATE at term 0 for changeToCandidate
2019-09-25 07:04:51,834 [Thread-267] INFO  impl.RoleInfo (RoleInfo.java:updateAndGet(143)) - 24bf2945-a329-4da6-aaf2-23ecd8d462c6: start LeaderElection
2019-09-25 07:04:51,838 [pool-27-thread-1] INFO  impl.RaftServerImpl (RaftServerImpl.java:start(185)) - e568d23f-199e-48ce-91e4-5c166e2e97cd@group-EC8A69775D8E: start as a follower, conf=-1: [e568d23f-199e-48ce-91e4-5c166e2e97cd:192.168.30.10:42827], old=null
2019-09-25 07:04:51,838 [pool-27-thread-1] INFO  impl.RaftServerImpl (RaftServerImpl.java:setRole(174)) - e568d23f-199e-48ce-91e4-5c166e2e97cd@group-EC8A69775D8E: changes role from      null to FOLLOWER at term 0 for startAsFollower
2019-09-25 07:04:51,838 [pool-27-thread-1] INFO  impl.RoleInfo (RoleInfo.java:updateAndGet(143)) - e568d23f-199e-48ce-91e4-5c166e2e97cd: start FollowerState
2019-09-25 07:04:51,839 [pool-27-thread-1] INFO  util.JmxRegister (JmxRegister.java:tryRegister(44)) - Successfully registered JMX Bean with object name Ratis:service=RaftServer,group=group-EC8A69775D8E,id=e568d23f-199e-48ce-91e4-5c166e2e97cd
2019-09-25 07:04:51,842 [RatisPipelineUtilsThread] INFO  pipeline.PipelineStateManager (PipelineStateManager.java:addPipeline(56)) - Created pipeline Pipeline[ Id: ead7cfa1-0530-43ca-b980-ec8a69775d8e, Nodes: e568d23f-199e-48ce-91e4-5c166e2e97cd{ip: 192.168.30.10, host: pr-hdds-1569-s62bp-3040748787, networkLocation: /default-rack, certSerialId: null}, Type:RATIS, Factor:ONE, State:OPEN]
2019-09-25 07:04:51,842 [62ec8eb9-3ae9-4136-b70a-2caf3716fa7f@group-3F968371FB08-SegmentedRaftLogWorker] INFO  segmented.SegmentedRaftLogWorker (SegmentedRaftLogWorker.java:execute(569)) - 62ec8eb9-3ae9-4136-b70a-2caf3716fa7f@group-3F968371FB08-SegmentedRaftLogWorker: created new log segment /workdir/hadoop-ozone/integration-test/target/test-dir/MiniOzoneClusterImpl-39af9574-7a8b-4ed7-b830-bf686a3d4bb8/datanode-1/data/ratis/25ca30a9-0607-4620-ad51-3f968371fb08/current/log_inprogress_0
2019-09-25 07:04:51,842 [24bf2945-a329-4da6-aaf2-23ecd8d462c6@group-2FCFD3ADB7BA:LeaderElection30] INFO  impl.LeaderElection (LeaderElection.java:askForVotes(182)) - 24bf2945-a329-4da6-aaf2-23ecd8d462c6@group-2FCFD3ADB7BA:LeaderElection30: begin an election at term 1 for -1: [24bf2945-a329-4da6-aaf2-23ecd8d462c6:192.168.30.10:42867], old=null
2019-09-25 07:04:51,842 [24bf2945-a329-4da6-aaf2-23ecd8d462c6@group-2FCFD3ADB7BA:LeaderElection30] INFO  impl.RoleInfo (RoleInfo.java:shutdownLeaderElection(134)) - 24bf2945-a329-4da6-aaf2-23ecd8d462c6: shutdown LeaderElection
2019-09-25 07:04:51,843 [24bf2945-a329-4da6-aaf2-23ecd8d462c6@group-2FCFD3ADB7BA:LeaderElection30] INFO  impl.RaftServerImpl (RaftServerImpl.java:setRole(174)) - 24bf2945-a329-4da6-aaf2-23ecd8d462c6@group-2FCFD3ADB7BA: changes role from CANDIDATE to LEADER at term 1 for changeToLeader
2019-09-25 07:04:51,843 [24bf2945-a329-4da6-aaf2-23ecd8d462c6@group-2FCFD3ADB7BA:LeaderElection30] INFO  impl.RaftServerImpl (ServerState.java:setLeader(253)) - 24bf2945-a329-4da6-aaf2-23ecd8d462c6@group-2FCFD3ADB7BA: change Leader from null to 24bf2945-a329-4da6-aaf2-23ecd8d462c6 at term 1 for becomeLeader, leader elected after 5094ms
2019-09-25 07:04:51,843 [24bf2945-a329-4da6-aaf2-23ecd8d462c6@group-2FCFD3ADB7BA:LeaderElection30] INFO  server.RaftServerConfigKeys (ConfUtils.java:logGet(43)) - raft.server.staging.catchup.gap = 1000 (default)
2019-09-25 07:04:51,843 [24bf2945-a329-4da6-aaf2-23ecd8d462c6@group-2FCFD3ADB7BA:LeaderElection30] INFO  server.RaftServerConfigKeys (ConfUtils.java:logGet(43)) - raft.server.rpc.sleep.time = 25ms (default)
2019-09-25 07:04:51,843 [24bf2945-a329-4da6-aaf2-23ecd8d462c6@group-2FCFD3ADB7BA:LeaderElection30] INFO  server.RaftServerConfigKeys (ConfUtils.java:logGet(43)) - raft.server.write.element-limit = 4096 (default)
2019-09-25 07:04:51,843 [24bf2945-a329-4da6-aaf2-23ecd8d462c6@group-2FCFD3ADB7BA:LeaderElection30] INFO  server.RaftServerConfigKeys (ConfUtils.java:logGet(43)) - raft.server.watch.timeout = 10s (default)
2019-09-25 07:04:51,843 [24bf2945-a329-4da6-aaf2-23ecd8d462c6@group-2FCFD3ADB7BA:LeaderElection30] INFO  server.RaftServerConfigKeys (ConfUtils.java:logGet(43)) - raft.server.watch.timeout.denomination = 1s (default)
2019-09-25 07:04:51,844 [24bf2945-a329-4da6-aaf2-23ecd8d462c6@group-2FCFD3ADB7BA:LeaderElection30] INFO  server.RaftServerConfigKeys (ConfUtils.java:logGet(43)) - raft.server.watch.element-limit = 65536 (default)
2019-09-25 07:04:51,846 [24bf2945-a329-4da6-aaf2-23ecd8d462c6@group-2FCFD3ADB7BA:LeaderElection30] INFO  impl.RoleInfo (RoleInfo.java:updateAndGet(143)) - 24bf2945-a329-4da6-aaf2-23ecd8d462c6: start LeaderState
2019-09-25 07:04:51,846 [24bf2945-a329-4da6-aaf2-23ecd8d462c6@group-2FCFD3ADB7BA:LeaderElection30] INFO  segmented.SegmentedRaftLogWorker (SegmentedRaftLogWorker.java:startLogSegment(380)) - 24bf2945-a329-4da6-aaf2-23ecd8d462c6@group-2FCFD3ADB7BA-SegmentedRaftLogWorker: Starting segment from index:0
2019-09-25 07:04:51,846 [24bf2945-a329-4da6-aaf2-23ecd8d462c6@group-2FCFD3ADB7BA:LeaderElection30] INFO  impl.RaftServerImpl (ServerState.java:setRaftConf(354)) - 24bf2945-a329-4da6-aaf2-23ecd8d462c6@group-2FCFD3ADB7BA: set configuration 0: [24bf2945-a329-4da6-aaf2-23ecd8d462c6:192.168.30.10:42867], old=null at 0
2019-09-25 07:04:51,884 [grpc-default-executor-1] INFO  impl.RaftServerProxy (RaftServerProxy.java:addNew(89)) - 62ec8eb9-3ae9-4136-b70a-2caf3716fa7f: addNew group-2F45C8EEFF22:[62ec8eb9-3ae9-4136-b70a-2caf3716fa7f:192.168.30.10:44715] returns group-2F45C8EEFF22:java.util.concurrent.CompletableFuture@508e4bba[Not completed]
2019-09-25 07:04:51,886 [pool-37-thread-1] INFO  impl.RaftServerImpl (RaftServerImpl.java:<init>(95)) - 62ec8eb9-3ae9-4136-b70a-2caf3716fa7f: new RaftServerImpl for group-2F45C8EEFF22:[62ec8eb9-3ae9-4136-b70a-2caf3716fa7f:192.168.30.10:44715] with ContainerStateMachine:uninitialized
2019-09-25 07:04:51,886 [pool-37-thread-1] INFO  server.RaftServerConfigKeys (ConfUtils.java:logGet(43)) - raft.server.rpc.timeout.min = 5s (custom)
2019-09-25 07:04:51,886 [pool-37-thread-1] INFO  server.RaftServerConfigKeys (ConfUtils.java:logGet(43)) - raft.server.rpc.timeout.max = 5200ms (custom)
2019-09-25 07:04:51,886 [pool-37-thread-1] INFO  server.RaftServerConfigKeys (ConfUtils.java:logGet(43)) - raft.server.rpcslowness.timeout = 120s (custom)
2019-09-25 07:04:51,886 [pool-37-thread-1] INFO  server.RaftServerConfigKeys (ConfUtils.java:logGet(43)) - raft.server.sleep.deviation.threshold = 300 (default)
2019-09-25 07:04:51,886 [pool-37-thread-1] INFO  server.RaftServerConfigKeys (ConfUtils.java:logGet(43)) - raft.server.log.appender.install.snapshot.enabled = false (custom)
2019-09-25 07:04:51,886 [pool-37-thread-1] INFO  impl.RaftServerImpl (ServerState.java:<init>(103)) - 62ec8eb9-3ae9-4136-b70a-2caf3716fa7f@group-2F45C8EEFF22: ConfigurationManager, init=-1: [62ec8eb9-3ae9-4136-b70a-2caf3716fa7f:192.168.30.10:44715], old=null, confs=<EMPTY_MAP>
2019-09-25 07:04:51,886 [pool-37-thread-1] INFO  server.RaftServerConfigKeys (ConfUtils.java:logGet(43)) - raft.server.storage.dir = [/workdir/hadoop-ozone/integration-test/target/test-dir/MiniOzoneClusterImpl-39af9574-7a8b-4ed7-b830-bf686a3d4bb8/datanode-1/data/ratis] (custom)
2019-09-25 07:04:51,887 [pool-37-thread-1] INFO  storage.RaftStorageDirectory (RaftStorageDirectory.java:analyzeStorage(246)) - The storage directory /workdir/hadoop-ozone/integration-test/target/test-dir/MiniOzoneClusterImpl-39af9574-7a8b-4ed7-b830-bf686a3d4bb8/datanode-1/data/ratis/c1314ab0-c577-4daa-8ac7-2f45c8eeff22 does not exist. Creating ...
2019-09-25 07:04:51,910 [pool-37-thread-1] INFO  storage.RaftStorageDirectory (RaftStorageDirectory.java:tryLock(328)) - Lock on /workdir/hadoop-ozone/integration-test/target/test-dir/MiniOzoneClusterImpl-39af9574-7a8b-4ed7-b830-bf686a3d4bb8/datanode-1/data/ratis/c1314ab0-c577-4daa-8ac7-2f45c8eeff22/in_use.lock acquired by nodename 19495@pr-hdds-1569-s62bp-3040748787
2019-09-25 07:04:51,910 [24bf2945-a329-4da6-aaf2-23ecd8d462c6@group-2FCFD3ADB7BA-SegmentedRaftLogWorker] INFO  segmented.SegmentedRaftLogWorker (SegmentedRaftLogWorker.java:execute(569)) - 24bf2945-a329-4da6-aaf2-23ecd8d462c6@group-2FCFD3ADB7BA-SegmentedRaftLogWorker: created new log segment /workdir/hadoop-ozone/integration-test/target/test-dir/MiniOzoneClusterImpl-39af9574-7a8b-4ed7-b830-bf686a3d4bb8/datanode-2/data/ratis/8b842a3f-e2c5-4b4b-a709-2fcfd3adb7ba/current/log_inprogress_0
2019-09-25 07:04:51,912 [Thread-270] INFO  impl.FollowerState (FollowerState.java:run(106)) - 24bf2945-a329-4da6-aaf2-23ecd8d462c6:group-A497E45D18FB changes to CANDIDATE, lastRpcTime:5096, electionTimeout:5096ms
2019-09-25 07:04:51,912 [Thread-270] INFO  impl.RoleInfo (RoleInfo.java:shutdownFollowerState(121)) - 24bf2945-a329-4da6-aaf2-23ecd8d462c6: shutdown FollowerState
2019-09-25 07:04:51,912 [Thread-270] INFO  impl.RaftServerImpl (RaftServerImpl.java:setRole(174)) - 24bf2945-a329-4da6-aaf2-23ecd8d462c6@group-A497E45D18FB: changes role from  FOLLOWER to CANDIDATE at term 0 for changeToCandidate
2019-09-25 07:04:51,913 [Thread-270] INFO  impl.RoleInfo (RoleInfo.java:updateAndGet(143)) - 24bf2945-a329-4da6-aaf2-23ecd8d462c6: start LeaderElection
2019-09-25 07:04:51,924 [pool-37-thread-1] INFO  storage.RaftStorage (RaftStorage.java:format(72)) - Storage directory /workdir/hadoop-ozone/integration-test/target/test-dir/MiniOzoneClusterImpl-39af9574-7a8b-4ed7-b830-bf686a3d4bb8/datanode-1/data/ratis/c1314ab0-c577-4daa-8ac7-2f45c8eeff22 has been successfully formatted.
2019-09-25 07:04:51,924 [24bf2945-a329-4da6-aaf2-23ecd8d462c6@group-A497E45D18FB:LeaderElection31] INFO  impl.LeaderElection (LeaderElection.java:askForVotes(182)) - 24bf2945-a329-4da6-aaf2-23ecd8d462c6@group-A497E45D18FB:LeaderElection31: begin an election at term 1 for -1: [24bf2945-a329-4da6-aaf2-23ecd8d462c6:192.168.30.10:42867], old=null
2019-09-25 07:04:51,925 [pool-37-thread-1] INFO  ratis.ContainerStateMachine (ContainerStateMachine.java:loadSnapshot(230)) - group-2F45C8EEFF22: The snapshot info is null. Setting the last applied indexto:(t:0, i:~)
2019-09-25 07:04:51,925 [24bf2945-a329-4da6-aaf2-23ecd8d462c6@group-A497E45D18FB:LeaderElection31] INFO  impl.RoleInfo (RoleInfo.java:shutdownLeaderElection(134)) - 24bf2945-a329-4da6-aaf2-23ecd8d462c6: shutdown LeaderElection
2019-09-25 07:04:51,925 [pool-37-thread-1] INFO  server.RaftServerConfigKeys (ConfUtils.java:logGet(43)) - raft.server.notification.no-leader.timeout = 120s (custom)
2019-09-25 07:04:51,925 [24bf2945-a329-4da6-aaf2-23ecd8d462c6@group-A497E45D18FB:LeaderElection31] INFO  impl.RaftServerImpl (RaftServerImpl.java:setRole(174)) - 24bf2945-a329-4da6-aaf2-23ecd8d462c6@group-A497E45D18FB: changes role from CANDIDATE to LEADER at term 1 for changeToLeader
2019-09-25 07:04:51,925 [pool-37-thread-1] INFO  server.RaftServerConfigKeys (ConfUtils.java:logGet(43)) - raft.server.log.use.memory = false (default)
2019-09-25 07:04:51,925 [24bf2945-a329-4da6-aaf2-23ecd8d462c6@group-A497E45D18FB:LeaderElection31] INFO  impl.RaftServerImpl (ServerState.java:setLeader(253)) - 24bf2945-a329-4da6-aaf2-23ecd8d462c6@group-A497E45D18FB: change Leader from null to 24bf2945-a329-4da6-aaf2-23ecd8d462c6 at term 1 for becomeLeader, leader elected after 5117ms
2019-09-25 07:04:51,925 [pool-37-thread-1] INFO  server.RaftServerConfigKeys (ConfUtils.java:logGet(43)) - raft.server.log.purge.gap = 1000000 (custom)
2019-09-25 07:04:51,925 [24bf2945-a329-4da6-aaf2-23ecd8d462c6@group-A497E45D18FB:LeaderElection31] INFO  server.RaftServerConfigKeys (ConfUtils.java:logGet(43)) - raft.server.staging.catchup.gap = 1000 (default)
2019-09-25 07:04:51,926 [pool-37-thread-1] INFO  server.RaftServerConfigKeys (ConfUtils.java:logGet(43)) - raft.server.log.appender.buffer.byte-limit = 33554432 (custom)
2019-09-25 07:04:51,926 [24bf2945-a329-4da6-aaf2-23ecd8d462c6@group-A497E45D18FB:LeaderElection31] INFO  server.RaftServerConfigKeys (ConfUtils.java:logGet(43)) - raft.server.rpc.sleep.time = 25ms (default)
2019-09-25 07:04:51,926 [pool-37-thread-1] INFO  server.RaftServerConfigKeys (ConfUtils.java:logGet(43)) - raft.server.log.segment.size.max = 1048576 (custom)
2019-09-25 07:04:51,926 [24bf2945-a329-4da6-aaf2-23ecd8d462c6@group-A497E45D18FB:LeaderElection31] INFO  server.RaftServerConfigKeys (ConfUtils.java:logGet(43)) - raft.server.write.element-limit = 4096 (default)
2019-09-25 07:04:51,926 [pool-37-thread-1] INFO  server.RaftServerConfigKeys (ConfUtils.java:logGet(43)) - raft.server.log.segment.cache.num.max = 2 (custom)
2019-09-25 07:04:51,929 [24bf2945-a329-4da6-aaf2-23ecd8d462c6@group-A497E45D18FB:LeaderElection31] INFO  server.RaftServerConfigKeys (ConfUtils.java:logGet(43)) - raft.server.watch.timeout = 10s (default)
2019-09-25 07:04:51,929 [pool-37-thread-1] INFO  segmented.SegmentedRaftLogWorker (SegmentedRaftLogWorker.java:<init>(172)) - new 62ec8eb9-3ae9-4136-b70a-2caf3716fa7f@group-2F45C8EEFF22-SegmentedRaftLogWorker for RaftStorage:Storage Directory /workdir/hadoop-ozone/integration-test/target/test-dir/MiniOzoneClusterImpl-39af9574-7a8b-4ed7-b830-bf686a3d4bb8/datanode-1/data/ratis/c1314ab0-c577-4daa-8ac7-2f45c8eeff22
2019-09-25 07:04:51,929 [24bf2945-a329-4da6-aaf2-23ecd8d462c6@group-A497E45D18FB:LeaderElection31] INFO  server.RaftServerConfigKeys (ConfUtils.java:logGet(43)) - raft.server.watch.timeout.denomination = 1s (default)
2019-09-25 07:04:51,929 [pool-37-thread-1] INFO  server.RaftServerConfigKeys (ConfUtils.java:logGet(43)) - raft.server.log.queue.byte-limit = 2147483647 (custom)
2019-09-25 07:04:51,929 [24bf2945-a329-4da6-aaf2-23ecd8d462c6@group-A497E45D18FB:LeaderElection31] INFO  server.RaftServerConfigKeys (ConfUtils.java:logGet(43)) - raft.server.watch.element-limit = 65536 (default)
2019-09-25 07:04:51,930 [pool-37-thread-1] INFO  server.RaftServerConfigKeys (ConfUtils.java:logGet(43)) - raft.server.log.queue.element-limit = 1024 (custom)
2019-09-25 07:04:51,930 [pool-37-thread-1] INFO  server.RaftServerConfigKeys (ConfUtils.java:logGet(43)) - raft.server.log.segment.size.max = 1048576 (custom)
2019-09-25 07:04:51,930 [pool-37-thread-1] INFO  server.RaftServerConfigKeys (ConfUtils.java:logGet(43)) - raft.server.log.preallocated.size = 16384 (custom)
2019-09-25 07:04:51,930 [pool-37-thread-1] INFO  server.RaftServerConfigKeys (ConfUtils.java:logGet(43)) - raft.server.log.write.buffer.size = 33554432 (custom)
2019-09-25 07:04:51,930 [pool-37-thread-1] INFO  server.RaftServerConfigKeys (ConfUtils.java:logGet(43)) - raft.server.log.force.sync.num = 128 (default)
2019-09-25 07:04:51,930 [pool-37-thread-1] INFO  server.RaftServerConfigKeys (ConfUtils.java:logGet(43)) - raft.server.log.statemachine.data.sync = true (default)
2019-09-25 07:04:51,931 [pool-37-thread-1] INFO  server.RaftServerConfigKeys (ConfUtils.java:logGet(43)) - raft.server.log.statemachine.data.sync.timeout = 10s (default)
2019-09-25 07:04:51,931 [pool-37-thread-1] INFO  server.RaftServerConfigKeys (ConfUtils.java:logGet(43)) - raft.server.log.statemachine.data.sync.timeout.retry = -1 (default)
2019-09-25 07:04:51,931 [pool-37-thread-1] INFO  server.RaftServerConfigKeys (ConfUtils.java:logGet(43)) - raft.server.log.statemachine.data.caching.enabled = true (custom)
2019-09-25 07:04:51,931 [pool-37-thread-1] INFO  segmented.SegmentedRaftLogWorker (SegmentedRaftLogWorker.java:lambda$new$0(132)) - 62ec8eb9-3ae9-4136-b70a-2caf3716fa7f@group-2F45C8EEFF22-SegmentedRaftLogWorker: flushIndex: setUnconditionally 0 -> -1
2019-09-25 07:04:51,932 [24bf2945-a329-4da6-aaf2-23ecd8d462c6@group-A497E45D18FB:LeaderElection31] INFO  impl.RoleInfo (RoleInfo.java:updateAndGet(143)) - 24bf2945-a329-4da6-aaf2-23ecd8d462c6: start LeaderState
2019-09-25 07:04:51,932 [pool-37-thread-1] INFO  server.RaftServerConfigKeys (ConfUtils.java:logGet(43)) - raft.server.snapshot.auto.trigger.enabled = true (custom)
2019-09-25 07:04:51,932 [24bf2945-a329-4da6-aaf2-23ecd8d462c6@group-A497E45D18FB:LeaderElection31] INFO  segmented.SegmentedRaftLogWorker (SegmentedRaftLogWorker.java:startLogSegment(380)) - 24bf2945-a329-4da6-aaf2-23ecd8d462c6@group-A497E45D18FB-SegmentedRaftLogWorker: Starting segment from index:0
2019-09-25 07:04:51,932 [pool-37-thread-1] INFO  server.RaftServerConfigKeys (ConfUtils.java:logGet(43)) - raft.server.snapshot.auto.trigger.threshold = 10000 (custom)
2019-09-25 07:04:51,933 [pool-37-thread-1] INFO  server.RaftServerConfigKeys (ConfUtils.java:logGet(43)) - raft.server.snapshot.retention.num.files = 5 (custom)
2019-09-25 07:04:51,933 [pool-37-thread-1] INFO  server.RaftServerConfigKeys (ConfUtils.java:logGet(43)) - raft.server.retrycache.expirytime = 600000ms (custom)
2019-09-25 07:04:51,933 [24bf2945-a329-4da6-aaf2-23ecd8d462c6@group-A497E45D18FB:LeaderElection31] INFO  impl.RaftServerImpl (ServerState.java:setRaftConf(354)) - 24bf2945-a329-4da6-aaf2-23ecd8d462c6@group-A497E45D18FB: set configuration 0: [24bf2945-a329-4da6-aaf2-23ecd8d462c6:192.168.30.10:42867], old=null at 0
2019-09-25 07:04:51,971 [Thread-276] INFO  impl.FollowerState (FollowerState.java:run(106)) - 62ec8eb9-3ae9-4136-b70a-2caf3716fa7f:group-80C48EA242F6 changes to CANDIDATE, lastRpcTime:5037, electionTimeout:5027ms
2019-09-25 07:04:51,971 [Thread-276] INFO  impl.RoleInfo (RoleInfo.java:shutdownFollowerState(121)) - 62ec8eb9-3ae9-4136-b70a-2caf3716fa7f: shutdown FollowerState
2019-09-25 07:04:51,972 [Thread-276] INFO  impl.RaftServerImpl (RaftServerImpl.java:setRole(174)) - 62ec8eb9-3ae9-4136-b70a-2caf3716fa7f@group-80C48EA242F6: changes role from  FOLLOWER to CANDIDATE at term 0 for changeToCandidate
2019-09-25 07:04:51,972 [Thread-276] INFO  impl.RoleInfo (RoleInfo.java:updateAndGet(143)) - 62ec8eb9-3ae9-4136-b70a-2caf3716fa7f: start LeaderElection
2019-09-25 07:04:51,977 [pool-37-thread-1] INFO  impl.RaftServerImpl (RaftServerImpl.java:start(185)) - 62ec8eb9-3ae9-4136-b70a-2caf3716fa7f@group-2F45C8EEFF22: start as a follower, conf=-1: [62ec8eb9-3ae9-4136-b70a-2caf3716fa7f:192.168.30.10:44715], old=null
2019-09-25 07:04:51,977 [pool-37-thread-1] INFO  impl.RaftServerImpl (RaftServerImpl.java:setRole(174)) - 62ec8eb9-3ae9-4136-b70a-2caf3716fa7f@group-2F45C8EEFF22: changes role from      null to FOLLOWER at term 0 for startAsFollower
2019-09-25 07:04:51,977 [pool-37-thread-1] INFO  impl.RoleInfo (RoleInfo.java:updateAndGet(143)) - 62ec8eb9-3ae9-4136-b70a-2caf3716fa7f: start FollowerState
2019-09-25 07:04:51,980 [pool-37-thread-1] INFO  util.JmxRegister (JmxRegister.java:tryRegister(44)) - Successfully registered JMX Bean with object name Ratis:service=RaftServer,group=group-2F45C8EEFF22,id=62ec8eb9-3ae9-4136-b70a-2caf3716fa7f
2019-09-25 07:04:51,983 [RatisPipelineUtilsThread] INFO  pipeline.PipelineStateManager (PipelineStateManager.java:addPipeline(56)) - Created pipeline Pipeline[ Id: c1314ab0-c577-4daa-8ac7-2f45c8eeff22, Nodes: 62ec8eb9-3ae9-4136-b70a-2caf3716fa7f{ip: 192.168.30.10, host: pr-hdds-1569-s62bp-3040748787, networkLocation: /default-rack, certSerialId: null}, Type:RATIS, Factor:ONE, State:OPEN]
2019-09-25 07:04:51,987 [Thread-273] INFO  impl.FollowerState (FollowerState.java:run(106)) - e568d23f-199e-48ce-91e4-5c166e2e97cd:group-0AB108C2888E changes to CANDIDATE, lastRpcTime:5117, electionTimeout:5117ms
2019-09-25 07:04:51,987 [Thread-273] INFO  impl.RoleInfo (RoleInfo.java:shutdownFollowerState(121)) - e568d23f-199e-48ce-91e4-5c166e2e97cd: shutdown FollowerState
2019-09-25 07:04:51,987 [Thread-273] INFO  impl.RaftServerImpl (RaftServerImpl.java:setRole(174)) - e568d23f-199e-48ce-91e4-5c166e2e97cd@group-0AB108C2888E: changes role from  FOLLOWER to CANDIDATE at term 0 for changeToCandidate
2019-09-25 07:04:51,987 [Thread-273] INFO  impl.RoleInfo (RoleInfo.java:updateAndGet(143)) - e568d23f-199e-48ce-91e4-5c166e2e97cd: start LeaderElection
2019-09-25 07:04:51,992 [grpc-default-executor-1] INFO  impl.RaftServerProxy (RaftServerProxy.java:addNew(89)) - 24bf2945-a329-4da6-aaf2-23ecd8d462c6: addNew group-D2BB2F6B7057:[24bf2945-a329-4da6-aaf2-23ecd8d462c6:192.168.30.10:42867] returns group-D2BB2F6B7057:java.util.concurrent.CompletableFuture@74df9e14[Not completed]
2019-09-25 07:04:51,993 [pool-47-thread-1] INFO  impl.RaftServerImpl (RaftServerImpl.java:<init>(95)) - 24bf2945-a329-4da6-aaf2-23ecd8d462c6: new RaftServerImpl for group-D2BB2F6B7057:[24bf2945-a329-4da6-aaf2-23ecd8d462c6:192.168.30.10:42867] with ContainerStateMachine:uninitialized
2019-09-25 07:04:51,993 [pool-47-thread-1] INFO  server.RaftServerConfigKeys (ConfUtils.java:logGet(43)) - raft.server.rpc.timeout.min = 5s (custom)
2019-09-25 07:04:51,993 [pool-47-thread-1] INFO  server.RaftServerConfigKeys (ConfUtils.java:logGet(43)) - raft.server.rpc.timeout.max = 5200ms (custom)
2019-09-25 07:04:51,993 [pool-47-thread-1] INFO  server.RaftServerConfigKeys (ConfUtils.java:logGet(43)) - raft.server.rpcslowness.timeout = 120s (custom)
2019-09-25 07:04:51,993 [pool-47-thread-1] INFO  server.RaftServerConfigKeys (ConfUtils.java:logGet(43)) - raft.server.sleep.deviation.threshold = 300 (default)
2019-09-25 07:04:51,994 [pool-47-thread-1] INFO  server.RaftServerConfigKeys (ConfUtils.java:logGet(43)) - raft.server.log.appender.install.snapshot.enabled = false (custom)
2019-09-25 07:04:51,994 [pool-47-thread-1] INFO  impl.RaftServerImpl (ServerState.java:<init>(103)) - 24bf2945-a329-4da6-aaf2-23ecd8d462c6@group-D2BB2F6B7057: ConfigurationManager, init=-1: [24bf2945-a329-4da6-aaf2-23ecd8d462c6:192.168.30.10:42867], old=null, confs=<EMPTY_MAP>
2019-09-25 07:04:51,994 [pool-47-thread-1] INFO  server.RaftServerConfigKeys (ConfUtils.java:logGet(43)) - raft.server.storage.dir = [/workdir/hadoop-ozone/integration-test/target/test-dir/MiniOzoneClusterImpl-39af9574-7a8b-4ed7-b830-bf686a3d4bb8/datanode-2/data/ratis] (custom)
2019-09-25 07:04:51,994 [pool-47-thread-1] INFO  storage.RaftStorageDirectory (RaftStorageDirectory.java:analyzeStorage(246)) - The storage directory /workdir/hadoop-ozone/integration-test/target/test-dir/MiniOzoneClusterImpl-39af9574-7a8b-4ed7-b830-bf686a3d4bb8/datanode-2/data/ratis/072ec063-8e5f-440a-9ed0-d2bb2f6b7057 does not exist. Creating ...
2019-09-25 07:04:52,009 [pool-47-thread-1] INFO  storage.RaftStorageDirectory (RaftStorageDirectory.java:tryLock(328)) - Lock on /workdir/hadoop-ozone/integration-test/target/test-dir/MiniOzoneClusterImpl-39af9574-7a8b-4ed7-b830-bf686a3d4bb8/datanode-2/data/ratis/072ec063-8e5f-440a-9ed0-d2bb2f6b7057/in_use.lock acquired by nodename 19495@pr-hdds-1569-s62bp-3040748787
2019-09-25 07:04:52,009 [e568d23f-199e-48ce-91e4-5c166e2e97cd@group-0AB108C2888E:LeaderElection33] INFO  impl.LeaderElection (LeaderElection.java:askForVotes(182)) - e568d23f-199e-48ce-91e4-5c166e2e97cd@group-0AB108C2888E:LeaderElection33: begin an election at term 1 for -1: [e568d23f-199e-48ce-91e4-5c166e2e97cd:192.168.30.10:42827], old=null
2019-09-25 07:04:52,009 [62ec8eb9-3ae9-4136-b70a-2caf3716fa7f@group-80C48EA242F6:LeaderElection32] INFO  impl.LeaderElection (LeaderElection.java:askForVotes(182)) - 62ec8eb9-3ae9-4136-b70a-2caf3716fa7f@group-80C48EA242F6:LeaderElection32: begin an election at term 1 for -1: [62ec8eb9-3ae9-4136-b70a-2caf3716fa7f:192.168.30.10:44715], old=null
2019-09-25 07:04:52,009 [24bf2945-a329-4da6-aaf2-23ecd8d462c6@group-A497E45D18FB-SegmentedRaftLogWorker] INFO  segmented.SegmentedRaftLogWorker (SegmentedRaftLogWorker.java:execute(569)) - 24bf2945-a329-4da6-aaf2-23ecd8d462c6@group-A497E45D18FB-SegmentedRaftLogWorker: created new log segment /workdir/hadoop-ozone/integration-test/target/test-dir/MiniOzoneClusterImpl-39af9574-7a8b-4ed7-b830-bf686a3d4bb8/datanode-2/data/ratis/5e53ed7b-da7d-4365-ad29-a497e45d18fb/current/log_inprogress_0
2019-09-25 07:04:52,010 [62ec8eb9-3ae9-4136-b70a-2caf3716fa7f@group-80C48EA242F6:LeaderElection32] INFO  impl.RoleInfo (RoleInfo.java:shutdownLeaderElection(134)) - 62ec8eb9-3ae9-4136-b70a-2caf3716fa7f: shutdown LeaderElection
2019-09-25 07:04:52,010 [e568d23f-199e-48ce-91e4-5c166e2e97cd@group-0AB108C2888E:LeaderElection33] INFO  impl.RoleInfo (RoleInfo.java:shutdownLeaderElection(134)) - e568d23f-199e-48ce-91e4-5c166e2e97cd: shutdown LeaderElection
2019-09-25 07:04:52,010 [62ec8eb9-3ae9-4136-b70a-2caf3716fa7f@group-80C48EA242F6:LeaderElection32] INFO  impl.RaftServerImpl (RaftServerImpl.java:setRole(174)) - 62ec8eb9-3ae9-4136-b70a-2caf3716fa7f@group-80C48EA242F6: changes role from CANDIDATE to LEADER at term 1 for changeToLeader
2019-09-25 07:04:52,010 [e568d23f-199e-48ce-91e4-5c166e2e97cd@group-0AB108C2888E:LeaderElection33] INFO  impl.RaftServerImpl (RaftServerImpl.java:setRole(174)) - e568d23f-199e-48ce-91e4-5c166e2e97cd@group-0AB108C2888E: changes role from CANDIDATE to LEADER at term 1 for changeToLeader
2019-09-25 07:04:52,010 [62ec8eb9-3ae9-4136-b70a-2caf3716fa7f@group-80C48EA242F6:LeaderElection32] INFO  impl.RaftServerImpl (ServerState.java:setLeader(253)) - 62ec8eb9-3ae9-4136-b70a-2caf3716fa7f@group-80C48EA242F6: change Leader from null to 62ec8eb9-3ae9-4136-b70a-2caf3716fa7f at term 1 for becomeLeader, leader elected after 5085ms
2019-09-25 07:04:52,010 [e568d23f-199e-48ce-91e4-5c166e2e97cd@group-0AB108C2888E:LeaderElection33] INFO  impl.RaftServerImpl (ServerState.java:setLeader(253)) - e568d23f-199e-48ce-91e4-5c166e2e97cd@group-0AB108C2888E: change Leader from null to e568d23f-199e-48ce-91e4-5c166e2e97cd at term 1 for becomeLeader, leader elected after 5148ms
2019-09-25 07:04:52,010 [62ec8eb9-3ae9-4136-b70a-2caf3716fa7f@group-80C48EA242F6:LeaderElection32] INFO  server.RaftServerConfigKeys (ConfUtils.java:logGet(43)) - raft.server.staging.catchup.gap = 1000 (default)
2019-09-25 07:04:52,011 [e568d23f-199e-48ce-91e4-5c166e2e97cd@group-0AB108C2888E:LeaderElection33] INFO  server.RaftServerConfigKeys (ConfUtils.java:logGet(43)) - raft.server.staging.catchup.gap = 1000 (default)
2019-09-25 07:04:52,011 [62ec8eb9-3ae9-4136-b70a-2caf3716fa7f@group-80C48EA242F6:LeaderElection32] INFO  server.RaftServerConfigKeys (ConfUtils.java:logGet(43)) - raft.server.rpc.sleep.time = 25ms (default)
2019-09-25 07:04:52,011 [e568d23f-199e-48ce-91e4-5c166e2e97cd@group-0AB108C2888E:LeaderElection33] INFO  server.RaftServerConfigKeys (ConfUtils.java:logGet(43)) - raft.server.rpc.sleep.time = 25ms (default)
2019-09-25 07:04:52,011 [62ec8eb9-3ae9-4136-b70a-2caf3716fa7f@group-80C48EA242F6:LeaderElection32] INFO  server.RaftServerConfigKeys (ConfUtils.java:logGet(43)) - raft.server.write.element-limit = 4096 (default)
2019-09-25 07:04:52,011 [e568d23f-199e-48ce-91e4-5c166e2e97cd@group-0AB108C2888E:LeaderElection33] INFO  server.RaftServerConfigKeys (ConfUtils.java:logGet(43)) - raft.server.write.element-limit = 4096 (default)
2019-09-25 07:04:52,011 [62ec8eb9-3ae9-4136-b70a-2caf3716fa7f@group-80C48EA242F6:LeaderElection32] INFO  server.RaftServerConfigKeys (ConfUtils.java:logGet(43)) - raft.server.watch.timeout = 10s (default)
2019-09-25 07:04:52,011 [e568d23f-199e-48ce-91e4-5c166e2e97cd@group-0AB108C2888E:LeaderElection33] INFO  server.RaftServerConfigKeys (ConfUtils.java:logGet(43)) - raft.server.watch.timeout = 10s (default)
2019-09-25 07:04:52,011 [62ec8eb9-3ae9-4136-b70a-2caf3716fa7f@group-80C48EA242F6:LeaderElection32] INFO  server.RaftServerConfigKeys (ConfUtils.java:logGet(43)) - raft.server.watch.timeout.denomination = 1s (default)
2019-09-25 07:04:52,012 [e568d23f-199e-48ce-91e4-5c166e2e97cd@group-0AB108C2888E:LeaderElection33] INFO  server.RaftServerConfigKeys (ConfUtils.java:logGet(43)) - raft.server.watch.timeout.denomination = 1s (default)
2019-09-25 07:04:52,012 [62ec8eb9-3ae9-4136-b70a-2caf3716fa7f@group-80C48EA242F6:LeaderElection32] INFO  server.RaftServerConfigKeys (ConfUtils.java:logGet(43)) - raft.server.watch.element-limit = 65536 (default)
2019-09-25 07:04:52,012 [e568d23f-199e-48ce-91e4-5c166e2e97cd@group-0AB108C2888E:LeaderElection33] INFO  server.RaftServerConfigKeys (ConfUtils.java:logGet(43)) - raft.server.watch.element-limit = 65536 (default)
2019-09-25 07:04:52,015 [62ec8eb9-3ae9-4136-b70a-2caf3716fa7f@group-80C48EA242F6:LeaderElection32] INFO  impl.RoleInfo (RoleInfo.java:updateAndGet(143)) - 62ec8eb9-3ae9-4136-b70a-2caf3716fa7f: start LeaderState
2019-09-25 07:04:52,015 [e568d23f-199e-48ce-91e4-5c166e2e97cd@group-0AB108C2888E:LeaderElection33] INFO  impl.RoleInfo (RoleInfo.java:updateAndGet(143)) - e568d23f-199e-48ce-91e4-5c166e2e97cd: start LeaderState
2019-09-25 07:04:52,015 [62ec8eb9-3ae9-4136-b70a-2caf3716fa7f@group-80C48EA242F6:LeaderElection32] INFO  segmented.SegmentedRaftLogWorker (SegmentedRaftLogWorker.java:startLogSegment(380)) - 62ec8eb9-3ae9-4136-b70a-2caf3716fa7f@group-80C48EA242F6-SegmentedRaftLogWorker: Starting segment from index:0
2019-09-25 07:04:52,015 [e568d23f-199e-48ce-91e4-5c166e2e97cd@group-0AB108C2888E:LeaderElection33] INFO  segmented.SegmentedRaftLogWorker (SegmentedRaftLogWorker.java:startLogSegment(380)) - e568d23f-199e-48ce-91e4-5c166e2e97cd@group-0AB108C2888E-SegmentedRaftLogWorker: Starting segment from index:0
2019-09-25 07:04:52,016 [62ec8eb9-3ae9-4136-b70a-2caf3716fa7f@group-80C48EA242F6:LeaderElection32] INFO  impl.RaftServerImpl (ServerState.java:setRaftConf(354)) - 62ec8eb9-3ae9-4136-b70a-2caf3716fa7f@group-80C48EA242F6: set configuration 0: [62ec8eb9-3ae9-4136-b70a-2caf3716fa7f:192.168.30.10:44715], old=null at 0
2019-09-25 07:04:52,018 [pool-47-thread-1] INFO  storage.RaftStorage (RaftStorage.java:format(72)) - Storage directory /workdir/hadoop-ozone/integration-test/target/test-dir/MiniOzoneClusterImpl-39af9574-7a8b-4ed7-b830-bf686a3d4bb8/datanode-2/data/ratis/072ec063-8e5f-440a-9ed0-d2bb2f6b7057 has been successfully formatted.
2019-09-25 07:04:52,019 [e568d23f-199e-48ce-91e4-5c166e2e97cd@group-0AB108C2888E:LeaderElection33] INFO  impl.RaftServerImpl (ServerState.java:setRaftConf(354)) - e568d23f-199e-48ce-91e4-5c166e2e97cd@group-0AB108C2888E: set configuration 0: [e568d23f-199e-48ce-91e4-5c166e2e97cd:192.168.30.10:42827], old=null at 0
2019-09-25 07:04:52,019 [pool-47-thread-1] INFO  ratis.ContainerStateMachine (ContainerStateMachine.java:loadSnapshot(230)) - group-D2BB2F6B7057: The snapshot info is null. Setting the last applied indexto:(t:0, i:~)
2019-09-25 07:04:52,060 [pool-47-thread-1] INFO  server.RaftServerConfigKeys (ConfUtils.java:logGet(43)) - raft.server.notification.no-leader.timeout = 120s (custom)
2019-09-25 07:04:52,060 [pool-47-thread-1] INFO  server.RaftServerConfigKeys (ConfUtils.java:logGet(43)) - raft.server.log.use.memory = false (default)
2019-09-25 07:04:52,063 [pool-47-thread-1] INFO  server.RaftServerConfigKeys (ConfUtils.java:logGet(43)) - raft.server.log.purge.gap = 1000000 (custom)
2019-09-25 07:04:52,063 [pool-47-thread-1] INFO  server.RaftServerConfigKeys (ConfUtils.java:logGet(43)) - raft.server.log.appender.buffer.byte-limit = 33554432 (custom)
2019-09-25 07:04:52,063 [pool-47-thread-1] INFO  server.RaftServerConfigKeys (ConfUtils.java:logGet(43)) - raft.server.log.segment.size.max = 1048576 (custom)
2019-09-25 07:04:52,063 [pool-47-thread-1] INFO  server.RaftServerConfigKeys (ConfUtils.java:logGet(43)) - raft.server.log.segment.cache.num.max = 2 (custom)
2019-09-25 07:04:52,063 [pool-47-thread-1] INFO  segmented.SegmentedRaftLogWorker (SegmentedRaftLogWorker.java:<init>(172)) - new 24bf2945-a329-4da6-aaf2-23ecd8d462c6@group-D2BB2F6B7057-SegmentedRaftLogWorker for RaftStorage:Storage Directory /workdir/hadoop-ozone/integration-test/target/test-dir/MiniOzoneClusterImpl-39af9574-7a8b-4ed7-b830-bf686a3d4bb8/datanode-2/data/ratis/072ec063-8e5f-440a-9ed0-d2bb2f6b7057
2019-09-25 07:04:52,064 [pool-47-thread-1] INFO  server.RaftServerConfigKeys (ConfUtils.java:logGet(43)) - raft.server.log.queue.byte-limit = 2147483647 (custom)
2019-09-25 07:04:52,064 [pool-47-thread-1] INFO  server.RaftServerConfigKeys (ConfUtils.java:logGet(43)) - raft.server.log.queue.element-limit = 1024 (custom)
2019-09-25 07:04:52,064 [pool-47-thread-1] INFO  server.RaftServerConfigKeys (ConfUtils.java:logGet(43)) - raft.server.log.segment.size.max = 1048576 (custom)
2019-09-25 07:04:52,064 [pool-47-thread-1] INFO  server.RaftServerConfigKeys (ConfUtils.java:logGet(43)) - raft.server.log.preallocated.size = 16384 (custom)
2019-09-25 07:04:52,064 [pool-47-thread-1] INFO  server.RaftServerConfigKeys (ConfUtils.java:logGet(43)) - raft.server.log.write.buffer.size = 33554432 (custom)
2019-09-25 07:04:52,064 [pool-47-thread-1] INFO  server.RaftServerConfigKeys (ConfUtils.java:logGet(43)) - raft.server.log.force.sync.num = 128 (default)
2019-09-25 07:04:52,064 [pool-47-thread-1] INFO  server.RaftServerConfigKeys (ConfUtils.java:logGet(43)) - raft.server.log.statemachine.data.sync = true (default)
2019-09-25 07:04:52,065 [pool-47-thread-1] INFO  server.RaftServerConfigKeys (ConfUtils.java:logGet(43)) - raft.server.log.statemachine.data.sync.timeout = 10s (default)
2019-09-25 07:04:52,065 [pool-47-thread-1] INFO  server.RaftServerConfigKeys (ConfUtils.java:logGet(43)) - raft.server.log.statemachine.data.sync.timeout.retry = -1 (default)
2019-09-25 07:04:52,065 [pool-47-thread-1] INFO  server.RaftServerConfigKeys (ConfUtils.java:logGet(43)) - raft.server.log.statemachine.data.caching.enabled = true (custom)
2019-09-25 07:04:52,065 [pool-47-thread-1] INFO  segmented.SegmentedRaftLogWorker (SegmentedRaftLogWorker.java:lambda$new$0(132)) - 24bf2945-a329-4da6-aaf2-23ecd8d462c6@group-D2BB2F6B7057-SegmentedRaftLogWorker: flushIndex: setUnconditionally 0 -> -1
2019-09-25 07:04:52,066 [pool-47-thread-1] INFO  server.RaftServerConfigKeys (ConfUtils.java:logGet(43)) - raft.server.snapshot.auto.trigger.enabled = true (custom)
2019-09-25 07:04:52,066 [pool-47-thread-1] INFO  server.RaftServerConfigKeys (ConfUtils.java:logGet(43)) - raft.server.snapshot.auto.trigger.threshold = 10000 (custom)
2019-09-25 07:04:52,066 [pool-47-thread-1] INFO  server.RaftServerConfigKeys (ConfUtils.java:logGet(43)) - raft.server.snapshot.retention.num.files = 5 (custom)
2019-09-25 07:04:52,066 [pool-47-thread-1] INFO  server.RaftServerConfigKeys (ConfUtils.java:logGet(43)) - raft.server.retrycache.expirytime = 600000ms (custom)
2019-09-25 07:04:52,068 [pool-47-thread-1] INFO  impl.RaftServerImpl (RaftServerImpl.java:start(185)) - 24bf2945-a329-4da6-aaf2-23ecd8d462c6@group-D2BB2F6B7057: start as a follower, conf=-1: [24bf2945-a329-4da6-aaf2-23ecd8d462c6:192.168.30.10:42867], old=null
2019-09-25 07:04:52,068 [pool-47-thread-1] INFO  impl.RaftServerImpl (RaftServerImpl.java:setRole(174)) - 24bf2945-a329-4da6-aaf2-23ecd8d462c6@group-D2BB2F6B7057: changes role from      null to FOLLOWER at term 0 for startAsFollower
2019-09-25 07:04:52,069 [pool-47-thread-1] INFO  impl.RoleInfo (RoleInfo.java:updateAndGet(143)) - 24bf2945-a329-4da6-aaf2-23ecd8d462c6: start FollowerState
2019-09-25 07:04:52,069 [pool-47-thread-1] INFO  util.JmxRegister (JmxRegister.java:tryRegister(44)) - Successfully registered JMX Bean with object name Ratis:service=RaftServer,group=group-D2BB2F6B7057,id=24bf2945-a329-4da6-aaf2-23ecd8d462c6
2019-09-25 07:04:52,072 [62ec8eb9-3ae9-4136-b70a-2caf3716fa7f@group-80C48EA242F6-SegmentedRaftLogWorker] INFO  segmented.SegmentedRaftLogWorker (SegmentedRaftLogWorker.java:execute(569)) - 62ec8eb9-3ae9-4136-b70a-2caf3716fa7f@group-80C48EA242F6-SegmentedRaftLogWorker: created new log segment /workdir/hadoop-ozone/integration-test/target/test-dir/MiniOzoneClusterImpl-39af9574-7a8b-4ed7-b830-bf686a3d4bb8/datanode-1/data/ratis/07728750-bc33-4a12-99ed-80c48ea242f6/current/log_inprogress_0
2019-09-25 07:04:52,072 [RatisPipelineUtilsThread] INFO  pipeline.PipelineStateManager (PipelineStateManager.java:addPipeline(56)) - Created pipeline Pipeline[ Id: 072ec063-8e5f-440a-9ed0-d2bb2f6b7057, Nodes: 24bf2945-a329-4da6-aaf2-23ecd8d462c6{ip: 192.168.30.10, host: pr-hdds-1569-s62bp-3040748787, networkLocation: /default-rack, certSerialId: null}, Type:RATIS, Factor:ONE, State:OPEN]
2019-09-25 07:04:52,072 [e568d23f-199e-48ce-91e4-5c166e2e97cd@group-0AB108C2888E-SegmentedRaftLogWorker] INFO  segmented.SegmentedRaftLogWorker (SegmentedRaftLogWorker.java:execute(569)) - e568d23f-199e-48ce-91e4-5c166e2e97cd@group-0AB108C2888E-SegmentedRaftLogWorker: created new log segment /workdir/hadoop-ozone/integration-test/target/test-dir/MiniOzoneClusterImpl-39af9574-7a8b-4ed7-b830-bf686a3d4bb8/datanode-0/data/ratis/1cb70f70-f5b5-43ad-a8ce-0ab108c2888e/current/log_inprogress_0
2019-09-25 07:04:52,078 [grpc-default-executor-1] INFO  impl.RaftServerProxy (RaftServerProxy.java:addNew(89)) - 62ec8eb9-3ae9-4136-b70a-2caf3716fa7f: addNew group-C940C511D282:[62ec8eb9-3ae9-4136-b70a-2caf3716fa7f:192.168.30.10:44715] returns group-C940C511D282:java.util.concurrent.CompletableFuture@62663e50[Not completed]
2019-09-25 07:04:52,079 [pool-37-thread-1] INFO  impl.RaftServerImpl (RaftServerImpl.java:<init>(95)) - 62ec8eb9-3ae9-4136-b70a-2caf3716fa7f: new RaftServerImpl for group-C940C511D282:[62ec8eb9-3ae9-4136-b70a-2caf3716fa7f:192.168.30.10:44715] with ContainerStateMachine:uninitialized
2019-09-25 07:04:52,079 [pool-37-thread-1] INFO  server.RaftServerConfigKeys (ConfUtils.java:logGet(43)) - raft.server.rpc.timeout.min = 5s (custom)
2019-09-25 07:04:52,079 [pool-37-thread-1] INFO  server.RaftServerConfigKeys (ConfUtils.java:logGet(43)) - raft.server.rpc.timeout.max = 5200ms (custom)
2019-09-25 07:04:52,079 [pool-37-thread-1] INFO  server.RaftServerConfigKeys (ConfUtils.java:logGet(43)) - raft.server.rpcslowness.timeout = 120s (custom)
2019-09-25 07:04:52,079 [pool-37-thread-1] INFO  server.RaftServerConfigKeys (ConfUtils.java:logGet(43)) - raft.server.sleep.deviation.threshold = 300 (default)
2019-09-25 07:04:52,079 [pool-37-thread-1] INFO  server.RaftServerConfigKeys (ConfUtils.java:logGet(43)) - raft.server.log.appender.install.snapshot.enabled = false (custom)
2019-09-25 07:04:52,079 [pool-37-thread-1] INFO  impl.RaftServerImpl (ServerState.java:<init>(103)) - 62ec8eb9-3ae9-4136-b70a-2caf3716fa7f@group-C940C511D282: ConfigurationManager, init=-1: [62ec8eb9-3ae9-4136-b70a-2caf3716fa7f:192.168.30.10:44715], old=null, confs=<EMPTY_MAP>
2019-09-25 07:04:52,079 [pool-37-thread-1] INFO  server.RaftServerConfigKeys (ConfUtils.java:logGet(43)) - raft.server.storage.dir = [/workdir/hadoop-ozone/integration-test/target/test-dir/MiniOzoneClusterImpl-39af9574-7a8b-4ed7-b830-bf686a3d4bb8/datanode-1/data/ratis] (custom)
2019-09-25 07:04:52,080 [pool-37-thread-1] INFO  storage.RaftStorageDirectory (RaftStorageDirectory.java:analyzeStorage(246)) - The storage directory /workdir/hadoop-ozone/integration-test/target/test-dir/MiniOzoneClusterImpl-39af9574-7a8b-4ed7-b830-bf686a3d4bb8/datanode-1/data/ratis/f233d1d9-a909-401b-8823-c940c511d282 does not exist. Creating ...
2019-09-25 07:04:52,085 [pool-37-thread-1] INFO  storage.RaftStorageDirectory (RaftStorageDirectory.java:tryLock(328)) - Lock on /workdir/hadoop-ozone/integration-test/target/test-dir/MiniOzoneClusterImpl-39af9574-7a8b-4ed7-b830-bf686a3d4bb8/datanode-1/data/ratis/f233d1d9-a909-401b-8823-c940c511d282/in_use.lock acquired by nodename 19495@pr-hdds-1569-s62bp-3040748787
2019-09-25 07:04:52,099 [pool-37-thread-1] INFO  storage.RaftStorage (RaftStorage.java:format(72)) - Storage directory /workdir/hadoop-ozone/integration-test/target/test-dir/MiniOzoneClusterImpl-39af9574-7a8b-4ed7-b830-bf686a3d4bb8/datanode-1/data/ratis/f233d1d9-a909-401b-8823-c940c511d282 has been successfully formatted.
2019-09-25 07:04:52,099 [pool-37-thread-1] INFO  ratis.ContainerStateMachine (ContainerStateMachine.java:loadSnapshot(230)) - group-C940C511D282: The snapshot info is null. Setting the last applied indexto:(t:0, i:~)
2019-09-25 07:04:52,099 [pool-37-thread-1] INFO  server.RaftServerConfigKeys (ConfUtils.java:logGet(43)) - raft.server.notification.no-leader.timeout = 120s (custom)
2019-09-25 07:04:52,099 [pool-37-thread-1] INFO  server.RaftServerConfigKeys (ConfUtils.java:logGet(43)) - raft.server.log.use.memory = false (default)
2019-09-25 07:04:52,099 [pool-37-thread-1] INFO  server.RaftServerConfigKeys (ConfUtils.java:logGet(43)) - raft.server.log.purge.gap = 1000000 (custom)
2019-09-25 07:04:52,100 [pool-37-thread-1] INFO  server.RaftServerConfigKeys (ConfUtils.java:logGet(43)) - raft.server.log.appender.buffer.byte-limit = 33554432 (custom)
2019-09-25 07:04:52,100 [pool-37-thread-1] INFO  server.RaftServerConfigKeys (ConfUtils.java:logGet(43)) - raft.server.log.segment.size.max = 1048576 (custom)
2019-09-25 07:04:52,100 [pool-37-thread-1] INFO  server.RaftServerConfigKeys (ConfUtils.java:logGet(43)) - raft.server.log.segment.cache.num.max = 2 (custom)
2019-09-25 07:04:52,100 [pool-37-thread-1] INFO  segmented.SegmentedRaftLogWorker (SegmentedRaftLogWorker.java:<init>(172)) - new 62ec8eb9-3ae9-4136-b70a-2caf3716fa7f@group-C940C511D282-SegmentedRaftLogWorker for RaftStorage:Storage Directory /workdir/hadoop-ozone/integration-test/target/test-dir/MiniOzoneClusterImpl-39af9574-7a8b-4ed7-b830-bf686a3d4bb8/datanode-1/data/ratis/f233d1d9-a909-401b-8823-c940c511d282
2019-09-25 07:04:52,100 [pool-37-thread-1] INFO  server.RaftServerConfigKeys (ConfUtils.java:logGet(43)) - raft.server.log.queue.byte-limit = 2147483647 (custom)
2019-09-25 07:04:52,100 [pool-37-thread-1] INFO  server.RaftServerConfigKeys (ConfUtils.java:logGet(43)) - raft.server.log.queue.element-limit = 1024 (custom)
2019-09-25 07:04:52,100 [pool-37-thread-1] INFO  server.RaftServerConfigKeys (ConfUtils.java:logGet(43)) - raft.server.log.segment.size.max = 1048576 (custom)
2019-09-25 07:04:52,101 [pool-37-thread-1] INFO  server.RaftServerConfigKeys (ConfUtils.java:logGet(43)) - raft.server.log.preallocated.size = 16384 (custom)
2019-09-25 07:04:52,101 [pool-37-thread-1] INFO  server.RaftServerConfigKeys (ConfUtils.java:logGet(43)) - raft.server.log.write.buffer.size = 33554432 (custom)
2019-09-25 07:04:52,101 [pool-37-thread-1] INFO  server.RaftServerConfigKeys (ConfUtils.java:logGet(43)) - raft.server.log.force.sync.num = 128 (default)
2019-09-25 07:04:52,101 [pool-37-thread-1] INFO  server.RaftServerConfigKeys (ConfUtils.java:logGet(43)) - raft.server.log.statemachine.data.sync = true (default)
2019-09-25 07:04:52,101 [pool-37-thread-1] INFO  server.RaftServerConfigKeys (ConfUtils.java:logGet(43)) - raft.server.log.statemachine.data.sync.timeout = 10s (default)
2019-09-25 07:04:52,101 [pool-37-thread-1] INFO  server.RaftServerConfigKeys (ConfUtils.java:logGet(43)) - raft.server.log.statemachine.data.sync.timeout.retry = -1 (default)
2019-09-25 07:04:52,102 [pool-37-thread-1] INFO  server.RaftServerConfigKeys (ConfUtils.java:logGet(43)) - raft.server.log.statemachine.data.caching.enabled = true (custom)
2019-09-25 07:04:52,102 [pool-37-thread-1] INFO  segmented.SegmentedRaftLogWorker (SegmentedRaftLogWorker.java:lambda$new$0(132)) - 62ec8eb9-3ae9-4136-b70a-2caf3716fa7f@group-C940C511D282-SegmentedRaftLogWorker: flushIndex: setUnconditionally 0 -> -1
2019-09-25 07:04:52,102 [pool-37-thread-1] INFO  server.RaftServerConfigKeys (ConfUtils.java:logGet(43)) - raft.server.snapshot.auto.trigger.enabled = true (custom)
2019-09-25 07:04:52,102 [pool-37-thread-1] INFO  server.RaftServerConfigKeys (ConfUtils.java:logGet(43)) - raft.server.snapshot.auto.trigger.threshold = 10000 (custom)
2019-09-25 07:04:52,102 [pool-37-thread-1] INFO  server.RaftServerConfigKeys (ConfUtils.java:logGet(43)) - raft.server.snapshot.retention.num.files = 5 (custom)
2019-09-25 07:04:52,103 [pool-37-thread-1] INFO  server.RaftServerConfigKeys (ConfUtils.java:logGet(43)) - raft.server.retrycache.expirytime = 600000ms (custom)
2019-09-25 07:04:52,104 [pool-37-thread-1] INFO  impl.RaftServerImpl (RaftServerImpl.java:start(185)) - 62ec8eb9-3ae9-4136-b70a-2caf3716fa7f@group-C940C511D282: start as a follower, conf=-1: [62ec8eb9-3ae9-4136-b70a-2caf3716fa7f:192.168.30.10:44715], old=null
2019-09-25 07:04:52,104 [pool-37-thread-1] INFO  impl.RaftServerImpl (RaftServerImpl.java:setRole(174)) - 62ec8eb9-3ae9-4136-b70a-2caf3716fa7f@group-C940C511D282: changes role from      null to FOLLOWER at term 0 for startAsFollower
2019-09-25 07:04:52,104 [pool-37-thread-1] INFO  impl.RoleInfo (RoleInfo.java:updateAndGet(143)) - 62ec8eb9-3ae9-4136-b70a-2caf3716fa7f: start FollowerState
2019-09-25 07:04:52,105 [pool-37-thread-1] INFO  util.JmxRegister (JmxRegister.java:tryRegister(44)) - Successfully registered JMX Bean with object name Ratis:service=RaftServer,group=group-C940C511D282,id=62ec8eb9-3ae9-4136-b70a-2caf3716fa7f
2019-09-25 07:04:52,107 [RatisPipelineUtilsThread] INFO  pipeline.PipelineStateManager (PipelineStateManager.java:addPipeline(56)) - Created pipeline Pipeline[ Id: f233d1d9-a909-401b-8823-c940c511d282, Nodes: 62ec8eb9-3ae9-4136-b70a-2caf3716fa7f{ip: 192.168.30.10, host: pr-hdds-1569-s62bp-3040748787, networkLocation: /default-rack, certSerialId: null}, Type:RATIS, Factor:ONE, State:OPEN]
2019-09-25 07:04:52,112 [grpc-default-executor-1] INFO  impl.RaftServerProxy (RaftServerProxy.java:addNew(89)) - 24bf2945-a329-4da6-aaf2-23ecd8d462c6: addNew group-6CCE13CCC209:[24bf2945-a329-4da6-aaf2-23ecd8d462c6:192.168.30.10:42867] returns group-6CCE13CCC209:java.util.concurrent.CompletableFuture@11a72ba[Not completed]
2019-09-25 07:04:52,114 [pool-47-thread-1] INFO  impl.RaftServerImpl (RaftServerImpl.java:<init>(95)) - 24bf2945-a329-4da6-aaf2-23ecd8d462c6: new RaftServerImpl for group-6CCE13CCC209:[24bf2945-a329-4da6-aaf2-23ecd8d462c6:192.168.30.10:42867] with ContainerStateMachine:uninitialized
2019-09-25 07:04:52,114 [pool-47-thread-1] INFO  server.RaftServerConfigKeys (ConfUtils.java:logGet(43)) - raft.server.rpc.timeout.min = 5s (custom)
2019-09-25 07:04:52,114 [pool-47-thread-1] INFO  server.RaftServerConfigKeys (ConfUtils.java:logGet(43)) - raft.server.rpc.timeout.max = 5200ms (custom)
2019-09-25 07:04:52,114 [pool-47-thread-1] INFO  server.RaftServerConfigKeys (ConfUtils.java:logGet(43)) - raft.server.rpcslowness.timeout = 120s (custom)
2019-09-25 07:04:52,114 [pool-47-thread-1] INFO  server.RaftServerConfigKeys (ConfUtils.java:logGet(43)) - raft.server.sleep.deviation.threshold = 300 (default)
2019-09-25 07:04:52,114 [pool-47-thread-1] INFO  server.RaftServerConfigKeys (ConfUtils.java:logGet(43)) - raft.server.log.appender.install.snapshot.enabled = false (custom)
2019-09-25 07:04:52,115 [pool-47-thread-1] INFO  impl.RaftServerImpl (ServerState.java:<init>(103)) - 24bf2945-a329-4da6-aaf2-23ecd8d462c6@group-6CCE13CCC209: ConfigurationManager, init=-1: [24bf2945-a329-4da6-aaf2-23ecd8d462c6:192.168.30.10:42867], old=null, confs=<EMPTY_MAP>
2019-09-25 07:04:52,115 [pool-47-thread-1] INFO  server.RaftServerConfigKeys (ConfUtils.java:logGet(43)) - raft.server.storage.dir = [/workdir/hadoop-ozone/integration-test/target/test-dir/MiniOzoneClusterImpl-39af9574-7a8b-4ed7-b830-bf686a3d4bb8/datanode-2/data/ratis] (custom)
2019-09-25 07:04:52,116 [pool-47-thread-1] INFO  storage.RaftStorageDirectory (RaftStorageDirectory.java:analyzeStorage(246)) - The storage directory /workdir/hadoop-ozone/integration-test/target/test-dir/MiniOzoneClusterImpl-39af9574-7a8b-4ed7-b830-bf686a3d4bb8/datanode-2/data/ratis/1a67f491-cfc8-47c4-aa50-6cce13ccc209 does not exist. Creating ...
2019-09-25 07:04:52,129 [pool-47-thread-1] INFO  storage.RaftStorageDirectory (RaftStorageDirectory.java:tryLock(328)) - Lock on /workdir/hadoop-ozone/integration-test/target/test-dir/MiniOzoneClusterImpl-39af9574-7a8b-4ed7-b830-bf686a3d4bb8/datanode-2/data/ratis/1a67f491-cfc8-47c4-aa50-6cce13ccc209/in_use.lock acquired by nodename 19495@pr-hdds-1569-s62bp-3040748787
2019-09-25 07:04:52,141 [Thread-280] INFO  impl.FollowerState (FollowerState.java:run(106)) - 62ec8eb9-3ae9-4136-b70a-2caf3716fa7f:group-47D554B51B5B changes to CANDIDATE, lastRpcTime:5156, electionTimeout:5156ms
2019-09-25 07:04:52,141 [Thread-280] INFO  impl.RoleInfo (RoleInfo.java:shutdownFollowerState(121)) - 62ec8eb9-3ae9-4136-b70a-2caf3716fa7f: shutdown FollowerState
2019-09-25 07:04:52,141 [Thread-280] INFO  impl.RaftServerImpl (RaftServerImpl.java:setRole(174)) - 62ec8eb9-3ae9-4136-b70a-2caf3716fa7f@group-47D554B51B5B: changes role from  FOLLOWER to CANDIDATE at term 0 for changeToCandidate
2019-09-25 07:04:52,142 [Thread-280] INFO  impl.RoleInfo (RoleInfo.java:updateAndGet(143)) - 62ec8eb9-3ae9-4136-b70a-2caf3716fa7f: start LeaderElection
2019-09-25 07:04:52,145 [pool-47-thread-1] INFO  storage.RaftStorage (RaftStorage.java:format(72)) - Storage directory /workdir/hadoop-ozone/integration-test/target/test-dir/MiniOzoneClusterImpl-39af9574-7a8b-4ed7-b830-bf686a3d4bb8/datanode-2/data/ratis/1a67f491-cfc8-47c4-aa50-6cce13ccc209 has been successfully formatted.
2019-09-25 07:04:52,145 [pool-47-thread-1] INFO  ratis.ContainerStateMachine (ContainerStateMachine.java:loadSnapshot(230)) - group-6CCE13CCC209: The snapshot info is null. Setting the last applied indexto:(t:0, i:~)
2019-09-25 07:04:52,145 [pool-47-thread-1] INFO  server.RaftServerConfigKeys (ConfUtils.java:logGet(43)) - raft.server.notification.no-leader.timeout = 120s (custom)
2019-09-25 07:04:52,145 [pool-47-thread-1] INFO  server.RaftServerConfigKeys (ConfUtils.java:logGet(43)) - raft.server.log.use.memory = false (default)
2019-09-25 07:04:52,145 [Thread-286] INFO  impl.FollowerState (FollowerState.java:run(106)) - 62ec8eb9-3ae9-4136-b70a-2caf3716fa7f:group-11B9905BE308 changes to CANDIDATE, lastRpcTime:5059, electionTimeout:5059ms
2019-09-25 07:04:52,146 [pool-47-thread-1] INFO  server.RaftServerConfigKeys (ConfUtils.java:logGet(43)) - raft.server.log.purge.gap = 1000000 (custom)
2019-09-25 07:04:52,146 [Thread-286] INFO  impl.RoleInfo (RoleInfo.java:shutdownFollowerState(121)) - 62ec8eb9-3ae9-4136-b70a-2caf3716fa7f: shutdown FollowerState
2019-09-25 07:04:52,146 [pool-47-thread-1] INFO  server.RaftServerConfigKeys (ConfUtils.java:logGet(43)) - raft.server.log.appender.buffer.byte-limit = 33554432 (custom)
2019-09-25 07:04:52,146 [Thread-286] INFO  impl.RaftServerImpl (RaftServerImpl.java:setRole(174)) - 62ec8eb9-3ae9-4136-b70a-2caf3716fa7f@group-11B9905BE308: changes role from  FOLLOWER to CANDIDATE at term 0 for changeToCandidate
2019-09-25 07:04:52,146 [pool-47-thread-1] INFO  server.RaftServerConfigKeys (ConfUtils.java:logGet(43)) - raft.server.log.segment.size.max = 1048576 (custom)
2019-09-25 07:04:52,146 [Thread-286] INFO  impl.RoleInfo (RoleInfo.java:updateAndGet(143)) - 62ec8eb9-3ae9-4136-b70a-2caf3716fa7f: start LeaderElection
2019-09-25 07:04:52,146 [pool-47-thread-1] INFO  server.RaftServerConfigKeys (ConfUtils.java:logGet(43)) - raft.server.log.segment.cache.num.max = 2 (custom)
2019-09-25 07:04:52,147 [pool-47-thread-1] INFO  segmented.SegmentedRaftLogWorker (SegmentedRaftLogWorker.java:<init>(172)) - new 24bf2945-a329-4da6-aaf2-23ecd8d462c6@group-6CCE13CCC209-SegmentedRaftLogWorker for RaftStorage:Storage Directory /workdir/hadoop-ozone/integration-test/target/test-dir/MiniOzoneClusterImpl-39af9574-7a8b-4ed7-b830-bf686a3d4bb8/datanode-2/data/ratis/1a67f491-cfc8-47c4-aa50-6cce13ccc209
2019-09-25 07:04:52,147 [pool-47-thread-1] INFO  server.RaftServerConfigKeys (ConfUtils.java:logGet(43)) - raft.server.log.queue.byte-limit = 2147483647 (custom)
2019-09-25 07:04:52,149 [pool-47-thread-1] INFO  server.RaftServerConfigKeys (ConfUtils.java:logGet(43)) - raft.server.log.queue.element-limit = 1024 (custom)
2019-09-25 07:04:52,150 [pool-47-thread-1] INFO  server.RaftServerConfigKeys (ConfUtils.java:logGet(43)) - raft.server.log.segment.size.max = 1048576 (custom)
2019-09-25 07:04:52,150 [pool-47-thread-1] INFO  server.RaftServerConfigKeys (ConfUtils.java:logGet(43)) - raft.server.log.preallocated.size = 16384 (custom)
2019-09-25 07:04:52,150 [pool-47-thread-1] INFO  server.RaftServerConfigKeys (ConfUtils.java:logGet(43)) - raft.server.log.write.buffer.size = 33554432 (custom)
2019-09-25 07:04:52,150 [pool-47-thread-1] INFO  server.RaftServerConfigKeys (ConfUtils.java:logGet(43)) - raft.server.log.force.sync.num = 128 (default)
2019-09-25 07:04:52,150 [pool-47-thread-1] INFO  server.RaftServerConfigKeys (ConfUtils.java:logGet(43)) - raft.server.log.statemachine.data.sync = true (default)
2019-09-25 07:04:52,150 [pool-47-thread-1] INFO  server.RaftServerConfigKeys (ConfUtils.java:logGet(43)) - raft.server.log.statemachine.data.sync.timeout = 10s (default)
2019-09-25 07:04:52,150 [pool-47-thread-1] INFO  server.RaftServerConfigKeys (ConfUtils.java:logGet(43)) - raft.server.log.statemachine.data.sync.timeout.retry = -1 (default)
2019-09-25 07:04:52,151 [pool-47-thread-1] INFO  server.RaftServerConfigKeys (ConfUtils.java:logGet(43)) - raft.server.log.statemachine.data.caching.enabled = true (custom)
2019-09-25 07:04:52,151 [pool-47-thread-1] INFO  segmented.SegmentedRaftLogWorker (SegmentedRaftLogWorker.java:lambda$new$0(132)) - 24bf2945-a329-4da6-aaf2-23ecd8d462c6@group-6CCE13CCC209-SegmentedRaftLogWorker: flushIndex: setUnconditionally 0 -> -1
2019-09-25 07:04:52,151 [pool-47-thread-1] INFO  server.RaftServerConfigKeys (ConfUtils.java:logGet(43)) - raft.server.snapshot.auto.trigger.enabled = true (custom)
2019-09-25 07:04:52,151 [pool-47-thread-1] INFO  server.RaftServerConfigKeys (ConfUtils.java:logGet(43)) - raft.server.snapshot.auto.trigger.threshold = 10000 (custom)
2019-09-25 07:04:52,152 [pool-47-thread-1] INFO  server.RaftServerConfigKeys (ConfUtils.java:logGet(43)) - raft.server.snapshot.retention.num.files = 5 (custom)
2019-09-25 07:04:52,152 [pool-47-thread-1] INFO  server.RaftServerConfigKeys (ConfUtils.java:logGet(43)) - raft.server.retrycache.expirytime = 600000ms (custom)
2019-09-25 07:04:52,154 [pool-47-thread-1] INFO  impl.RaftServerImpl (RaftServerImpl.java:start(185)) - 24bf2945-a329-4da6-aaf2-23ecd8d462c6@group-6CCE13CCC209: start as a follower, conf=-1: [24bf2945-a329-4da6-aaf2-23ecd8d462c6:192.168.30.10:42867], old=null
2019-09-25 07:04:52,154 [pool-47-thread-1] INFO  impl.RaftServerImpl (RaftServerImpl.java:setRole(174)) - 24bf2945-a329-4da6-aaf2-23ecd8d462c6@group-6CCE13CCC209: changes role from      null to FOLLOWER at term 0 for startAsFollower
2019-09-25 07:04:52,154 [pool-47-thread-1] INFO  impl.RoleInfo (RoleInfo.java:updateAndGet(143)) - 24bf2945-a329-4da6-aaf2-23ecd8d462c6: start FollowerState
2019-09-25 07:04:52,154 [pool-47-thread-1] INFO  util.JmxRegister (JmxRegister.java:tryRegister(44)) - Successfully registered JMX Bean with object name Ratis:service=RaftServer,group=group-6CCE13CCC209,id=24bf2945-a329-4da6-aaf2-23ecd8d462c6
2019-09-25 07:04:52,157 [RatisPipelineUtilsThread] INFO  pipeline.PipelineStateManager (PipelineStateManager.java:addPipeline(56)) - Created pipeline Pipeline[ Id: 1a67f491-cfc8-47c4-aa50-6cce13ccc209, Nodes: 24bf2945-a329-4da6-aaf2-23ecd8d462c6{ip: 192.168.30.10, host: pr-hdds-1569-s62bp-3040748787, networkLocation: /default-rack, certSerialId: null}, Type:RATIS, Factor:ONE, State:OPEN]
2019-09-25 07:04:52,158 [62ec8eb9-3ae9-4136-b70a-2caf3716fa7f@group-11B9905BE308:LeaderElection35] INFO  impl.LeaderElection (LeaderElection.java:askForVotes(182)) - 62ec8eb9-3ae9-4136-b70a-2caf3716fa7f@group-11B9905BE308:LeaderElection35: begin an election at term 1 for -1: [62ec8eb9-3ae9-4136-b70a-2caf3716fa7f:192.168.30.10:44715], old=null
2019-09-25 07:04:52,158 [62ec8eb9-3ae9-4136-b70a-2caf3716fa7f@group-47D554B51B5B:LeaderElection34] INFO  impl.LeaderElection (LeaderElection.java:askForVotes(182)) - 62ec8eb9-3ae9-4136-b70a-2caf3716fa7f@group-47D554B51B5B:LeaderElection34: begin an election at term 1 for -1: [62ec8eb9-3ae9-4136-b70a-2caf3716fa7f:192.168.30.10:44715], old=null
2019-09-25 07:04:52,158 [62ec8eb9-3ae9-4136-b70a-2caf3716fa7f@group-11B9905BE308:LeaderElection35] INFO  impl.RoleInfo (RoleInfo.java:shutdownLeaderElection(134)) - 62ec8eb9-3ae9-4136-b70a-2caf3716fa7f: shutdown LeaderElection
2019-09-25 07:04:52,158 [62ec8eb9-3ae9-4136-b70a-2caf3716fa7f@group-47D554B51B5B:LeaderElection34] INFO  impl.RoleInfo (RoleInfo.java:shutdownLeaderElection(134)) - 62ec8eb9-3ae9-4136-b70a-2caf3716fa7f: shutdown LeaderElection
2019-09-25 07:04:52,158 [62ec8eb9-3ae9-4136-b70a-2caf3716fa7f@group-11B9905BE308:LeaderElection35] INFO  impl.RaftServerImpl (RaftServerImpl.java:setRole(174)) - 62ec8eb9-3ae9-4136-b70a-2caf3716fa7f@group-11B9905BE308: changes role from CANDIDATE to LEADER at term 1 for changeToLeader
2019-09-25 07:04:52,159 [62ec8eb9-3ae9-4136-b70a-2caf3716fa7f@group-47D554B51B5B:LeaderElection34] INFO  impl.RaftServerImpl (RaftServerImpl.java:setRole(174)) - 62ec8eb9-3ae9-4136-b70a-2caf3716fa7f@group-47D554B51B5B: changes role from CANDIDATE to LEADER at term 1 for changeToLeader
2019-09-25 07:04:52,159 [62ec8eb9-3ae9-4136-b70a-2caf3716fa7f@group-11B9905BE308:LeaderElection35] INFO  impl.RaftServerImpl (ServerState.java:setLeader(253)) - 62ec8eb9-3ae9-4136-b70a-2caf3716fa7f@group-11B9905BE308: change Leader from null to 62ec8eb9-3ae9-4136-b70a-2caf3716fa7f at term 1 for becomeLeader, leader elected after 5079ms
2019-09-25 07:04:52,159 [62ec8eb9-3ae9-4136-b70a-2caf3716fa7f@group-47D554B51B5B:LeaderElection34] INFO  impl.RaftServerImpl (ServerState.java:setLeader(253)) - 62ec8eb9-3ae9-4136-b70a-2caf3716fa7f@group-47D554B51B5B: change Leader from null to 62ec8eb9-3ae9-4136-b70a-2caf3716fa7f at term 1 for becomeLeader, leader elected after 5180ms
2019-09-25 07:04:52,159 [62ec8eb9-3ae9-4136-b70a-2caf3716fa7f@group-11B9905BE308:LeaderElection35] INFO  server.RaftServerConfigKeys (ConfUtils.java:logGet(43)) - raft.server.staging.catchup.gap = 1000 (default)
2019-09-25 07:04:52,159 [62ec8eb9-3ae9-4136-b70a-2caf3716fa7f@group-47D554B51B5B:LeaderElection34] INFO  server.RaftServerConfigKeys (ConfUtils.java:logGet(43)) - raft.server.staging.catchup.gap = 1000 (default)
2019-09-25 07:04:52,159 [62ec8eb9-3ae9-4136-b70a-2caf3716fa7f@group-11B9905BE308:LeaderElection35] INFO  server.RaftServerConfigKeys (ConfUtils.java:logGet(43)) - raft.server.rpc.sleep.time = 25ms (default)
2019-09-25 07:04:52,159 [62ec8eb9-3ae9-4136-b70a-2caf3716fa7f@group-47D554B51B5B:LeaderElection34] INFO  server.RaftServerConfigKeys (ConfUtils.java:logGet(43)) - raft.server.rpc.sleep.time = 25ms (default)
2019-09-25 07:04:52,159 [62ec8eb9-3ae9-4136-b70a-2caf3716fa7f@group-11B9905BE308:LeaderElection35] INFO  server.RaftServerConfigKeys (ConfUtils.java:logGet(43)) - raft.server.write.element-limit = 4096 (default)
2019-09-25 07:04:52,160 [62ec8eb9-3ae9-4136-b70a-2caf3716fa7f@group-47D554B51B5B:LeaderElection34] INFO  server.RaftServerConfigKeys (ConfUtils.java:logGet(43)) - raft.server.write.element-limit = 4096 (default)
2019-09-25 07:04:52,160 [62ec8eb9-3ae9-4136-b70a-2caf3716fa7f@group-11B9905BE308:LeaderElection35] INFO  server.RaftServerConfigKeys (ConfUtils.java:logGet(43)) - raft.server.watch.timeout = 10s (default)
2019-09-25 07:04:52,160 [62ec8eb9-3ae9-4136-b70a-2caf3716fa7f@group-47D554B51B5B:LeaderElection34] INFO  server.RaftServerConfigKeys (ConfUtils.java:logGet(43)) - raft.server.watch.timeout = 10s (default)
2019-09-25 07:04:52,160 [62ec8eb9-3ae9-4136-b70a-2caf3716fa7f@group-11B9905BE308:LeaderElection35] INFO  server.RaftServerConfigKeys (ConfUtils.java:logGet(43)) - raft.server.watch.timeout.denomination = 1s (default)
2019-09-25 07:04:52,160 [62ec8eb9-3ae9-4136-b70a-2caf3716fa7f@group-47D554B51B5B:LeaderElection34] INFO  server.RaftServerConfigKeys (ConfUtils.java:logGet(43)) - raft.server.watch.timeout.denomination = 1s (default)
2019-09-25 07:04:52,160 [62ec8eb9-3ae9-4136-b70a-2caf3716fa7f@group-11B9905BE308:LeaderElection35] INFO  server.RaftServerConfigKeys (ConfUtils.java:logGet(43)) - raft.server.watch.element-limit = 65536 (default)
2019-09-25 07:04:52,160 [62ec8eb9-3ae9-4136-b70a-2caf3716fa7f@group-47D554B51B5B:LeaderElection34] INFO  server.RaftServerConfigKeys (ConfUtils.java:logGet(43)) - raft.server.watch.element-limit = 65536 (default)
2019-09-25 07:04:52,162 [grpc-default-executor-1] INFO  impl.RaftServerProxy (RaftServerProxy.java:addNew(89)) - 24bf2945-a329-4da6-aaf2-23ecd8d462c6: addNew group-8D34866092A9:[24bf2945-a329-4da6-aaf2-23ecd8d462c6:192.168.30.10:42867] returns group-8D34866092A9:java.util.concurrent.CompletableFuture@294245a2[Not completed]
2019-09-25 07:04:52,163 [pool-47-thread-1] INFO  impl.RaftServerImpl (RaftServerImpl.java:<init>(95)) - 24bf2945-a329-4da6-aaf2-23ecd8d462c6: new RaftServerImpl for group-8D34866092A9:[24bf2945-a329-4da6-aaf2-23ecd8d462c6:192.168.30.10:42867] with ContainerStateMachine:uninitialized
2019-09-25 07:04:52,163 [pool-47-thread-1] INFO  server.RaftServerConfigKeys (ConfUtils.java:logGet(43)) - raft.server.rpc.timeout.min = 5s (custom)
2019-09-25 07:04:52,163 [pool-47-thread-1] INFO  server.RaftServerConfigKeys (ConfUtils.java:logGet(43)) - raft.server.rpc.timeout.max = 5200ms (custom)
2019-09-25 07:04:52,163 [pool-47-thread-1] INFO  server.RaftServerConfigKeys (ConfUtils.java:logGet(43)) - raft.server.rpcslowness.timeout = 120s (custom)
2019-09-25 07:04:52,163 [pool-47-thread-1] INFO  server.RaftServerConfigKeys (ConfUtils.java:logGet(43)) - raft.server.sleep.deviation.threshold = 300 (default)
2019-09-25 07:04:52,163 [pool-47-thread-1] INFO  server.RaftServerConfigKeys (ConfUtils.java:logGet(43)) - raft.server.log.appender.install.snapshot.enabled = false (custom)
2019-09-25 07:04:52,163 [pool-47-thread-1] INFO  impl.RaftServerImpl (ServerState.java:<init>(103)) - 24bf2945-a329-4da6-aaf2-23ecd8d462c6@group-8D34866092A9: ConfigurationManager, init=-1: [24bf2945-a329-4da6-aaf2-23ecd8d462c6:192.168.30.10:42867], old=null, confs=<EMPTY_MAP>
2019-09-25 07:04:52,163 [pool-47-thread-1] INFO  server.RaftServerConfigKeys (ConfUtils.java:logGet(43)) - raft.server.storage.dir = [/workdir/hadoop-ozone/integration-test/target/test-dir/MiniOzoneClusterImpl-39af9574-7a8b-4ed7-b830-bf686a3d4bb8/datanode-2/data/ratis] (custom)
2019-09-25 07:04:52,164 [62ec8eb9-3ae9-4136-b70a-2caf3716fa7f@group-11B9905BE308:LeaderElection35] INFO  impl.RoleInfo (RoleInfo.java:updateAndGet(143)) - 62ec8eb9-3ae9-4136-b70a-2caf3716fa7f: start LeaderState
2019-09-25 07:04:52,164 [pool-47-thread-1] INFO  storage.RaftStorageDirectory (RaftStorageDirectory.java:analyzeStorage(246)) - The storage directory /workdir/hadoop-ozone/integration-test/target/test-dir/MiniOzoneClusterImpl-39af9574-7a8b-4ed7-b830-bf686a3d4bb8/datanode-2/data/ratis/43931e21-217a-4fed-a8b8-8d34866092a9 does not exist. Creating ...
2019-09-25 07:04:52,164 [62ec8eb9-3ae9-4136-b70a-2caf3716fa7f@group-47D554B51B5B:LeaderElection34] INFO  impl.RoleInfo (RoleInfo.java:updateAndGet(143)) - 62ec8eb9-3ae9-4136-b70a-2caf3716fa7f: start LeaderState
2019-09-25 07:04:52,164 [62ec8eb9-3ae9-4136-b70a-2caf3716fa7f@group-11B9905BE308:LeaderElection35] INFO  segmented.SegmentedRaftLogWorker (SegmentedRaftLogWorker.java:startLogSegment(380)) - 62ec8eb9-3ae9-4136-b70a-2caf3716fa7f@group-11B9905BE308-SegmentedRaftLogWorker: Starting segment from index:0
2019-09-25 07:04:52,164 [62ec8eb9-3ae9-4136-b70a-2caf3716fa7f@group-47D554B51B5B:LeaderElection34] INFO  segmented.SegmentedRaftLogWorker (SegmentedRaftLogWorker.java:startLogSegment(380)) - 62ec8eb9-3ae9-4136-b70a-2caf3716fa7f@group-47D554B51B5B-SegmentedRaftLogWorker: Starting segment from index:0
2019-09-25 07:04:52,165 [62ec8eb9-3ae9-4136-b70a-2caf3716fa7f@group-11B9905BE308:LeaderElection35] INFO  impl.RaftServerImpl (ServerState.java:setRaftConf(354)) - 62ec8eb9-3ae9-4136-b70a-2caf3716fa7f@group-11B9905BE308: set configuration 0: [62ec8eb9-3ae9-4136-b70a-2caf3716fa7f:192.168.30.10:44715], old=null at 0
2019-09-25 07:04:52,200 [Thread-289] INFO  impl.FollowerState (FollowerState.java:run(106)) - 24bf2945-a329-4da6-aaf2-23ecd8d462c6:group-573CCB48FA2C changes to CANDIDATE, lastRpcTime:5063, electionTimeout:5063ms
2019-09-25 07:04:52,200 [Thread-289] INFO  impl.RoleInfo (RoleInfo.java:shutdownFollowerState(121)) - 24bf2945-a329-4da6-aaf2-23ecd8d462c6: shutdown FollowerState
2019-09-25 07:04:52,200 [Thread-289] INFO  impl.RaftServerImpl (RaftServerImpl.java:setRole(174)) - 24bf2945-a329-4da6-aaf2-23ecd8d462c6@group-573CCB48FA2C: changes role from  FOLLOWER to CANDIDATE at term 0 for changeToCandidate
2019-09-25 07:04:52,200 [pool-47-thread-1] INFO  storage.RaftStorageDirectory (RaftStorageDirectory.java:tryLock(328)) - Lock on /workdir/hadoop-ozone/integration-test/target/test-dir/MiniOzoneClusterImpl-39af9574-7a8b-4ed7-b830-bf686a3d4bb8/datanode-2/data/ratis/43931e21-217a-4fed-a8b8-8d34866092a9/in_use.lock acquired by nodename 19495@pr-hdds-1569-s62bp-3040748787
2019-09-25 07:04:52,200 [Thread-289] INFO  impl.RoleInfo (RoleInfo.java:updateAndGet(143)) - 24bf2945-a329-4da6-aaf2-23ecd8d462c6: start LeaderElection
2019-09-25 07:04:52,200 [Thread-283] INFO  impl.FollowerState (FollowerState.java:run(106)) - 24bf2945-a329-4da6-aaf2-23ecd8d462c6:group-9B964EB2DA1C changes to CANDIDATE, lastRpcTime:5162, electionTimeout:5146ms
2019-09-25 07:04:52,200 [62ec8eb9-3ae9-4136-b70a-2caf3716fa7f@group-47D554B51B5B:LeaderElection34] INFO  impl.RaftServerImpl (ServerState.java:setRaftConf(354)) - 62ec8eb9-3ae9-4136-b70a-2caf3716fa7f@group-47D554B51B5B: set configuration 0: [62ec8eb9-3ae9-4136-b70a-2caf3716fa7f:192.168.30.10:44715], old=null at 0
2019-09-25 07:04:52,201 [Thread-283] INFO  impl.RoleInfo (RoleInfo.java:shutdownFollowerState(121)) - 24bf2945-a329-4da6-aaf2-23ecd8d462c6: shutdown FollowerState
2019-09-25 07:04:52,238 [62ec8eb9-3ae9-4136-b70a-2caf3716fa7f@group-11B9905BE308-SegmentedRaftLogWorker] INFO  segmented.SegmentedRaftLogWorker (SegmentedRaftLogWorker.java:execute(569)) - 62ec8eb9-3ae9-4136-b70a-2caf3716fa7f@group-11B9905BE308-SegmentedRaftLogWorker: created new log segment /workdir/hadoop-ozone/integration-test/target/test-dir/MiniOzoneClusterImpl-39af9574-7a8b-4ed7-b830-bf686a3d4bb8/datanode-1/data/ratis/153d9512-d1fa-4ca1-8829-11b9905be308/current/log_inprogress_0
2019-09-25 07:04:52,238 [Thread-283] INFO  impl.RaftServerImpl (RaftServerImpl.java:setRole(174)) - 24bf2945-a329-4da6-aaf2-23ecd8d462c6@group-9B964EB2DA1C: changes role from  FOLLOWER to CANDIDATE at term 0 for changeToCandidate
2019-09-25 07:04:52,238 [Thread-283] INFO  impl.RoleInfo (RoleInfo.java:updateAndGet(143)) - 24bf2945-a329-4da6-aaf2-23ecd8d462c6: start LeaderElection
2019-09-25 07:04:52,250 [62ec8eb9-3ae9-4136-b70a-2caf3716fa7f@group-47D554B51B5B-SegmentedRaftLogWorker] INFO  segmented.SegmentedRaftLogWorker (SegmentedRaftLogWorker.java:execute(569)) - 62ec8eb9-3ae9-4136-b70a-2caf3716fa7f@group-47D554B51B5B-SegmentedRaftLogWorker: created new log segment /workdir/hadoop-ozone/integration-test/target/test-dir/MiniOzoneClusterImpl-39af9574-7a8b-4ed7-b830-bf686a3d4bb8/datanode-1/data/ratis/3383ccb3-facb-4107-95c1-47d554b51b5b/current/log_inprogress_0
2019-09-25 07:04:52,250 [24bf2945-a329-4da6-aaf2-23ecd8d462c6@group-9B964EB2DA1C:LeaderElection37] INFO  impl.LeaderElection (LeaderElection.java:askForVotes(182)) - 24bf2945-a329-4da6-aaf2-23ecd8d462c6@group-9B964EB2DA1C:LeaderElection37: begin an election at term 1 for -1: [24bf2945-a329-4da6-aaf2-23ecd8d462c6:192.168.30.10:42867], old=null
2019-09-25 07:04:52,250 [24bf2945-a329-4da6-aaf2-23ecd8d462c6@group-573CCB48FA2C:LeaderElection36] INFO  impl.LeaderElection (LeaderElection.java:askForVotes(182)) - 24bf2945-a329-4da6-aaf2-23ecd8d462c6@group-573CCB48FA2C:LeaderElection36: begin an election at term 1 for -1: [24bf2945-a329-4da6-aaf2-23ecd8d462c6:192.168.30.10:42867], old=null
2019-09-25 07:04:52,250 [pool-47-thread-1] INFO  storage.RaftStorage (RaftStorage.java:format(72)) - Storage directory /workdir/hadoop-ozone/integration-test/target/test-dir/MiniOzoneClusterImpl-39af9574-7a8b-4ed7-b830-bf686a3d4bb8/datanode-2/data/ratis/43931e21-217a-4fed-a8b8-8d34866092a9 has been successfully formatted.
2019-09-25 07:04:52,251 [24bf2945-a329-4da6-aaf2-23ecd8d462c6@group-573CCB48FA2C:LeaderElection36] INFO  impl.RoleInfo (RoleInfo.java:shutdownLeaderElection(134)) - 24bf2945-a329-4da6-aaf2-23ecd8d462c6: shutdown LeaderElection
2019-09-25 07:04:52,251 [24bf2945-a329-4da6-aaf2-23ecd8d462c6@group-9B964EB2DA1C:LeaderElection37] INFO  impl.RoleInfo (RoleInfo.java:shutdownLeaderElection(134)) - 24bf2945-a329-4da6-aaf2-23ecd8d462c6: shutdown LeaderElection
2019-09-25 07:04:52,251 [24bf2945-a329-4da6-aaf2-23ecd8d462c6@group-573CCB48FA2C:LeaderElection36] INFO  impl.RaftServerImpl (RaftServerImpl.java:setRole(174)) - 24bf2945-a329-4da6-aaf2-23ecd8d462c6@group-573CCB48FA2C: changes role from CANDIDATE to LEADER at term 1 for changeToLeader
2019-09-25 07:04:52,251 [pool-47-thread-1] INFO  ratis.ContainerStateMachine (ContainerStateMachine.java:loadSnapshot(230)) - group-8D34866092A9: The snapshot info is null. Setting the last applied indexto:(t:0, i:~)
2019-09-25 07:04:52,251 [24bf2945-a329-4da6-aaf2-23ecd8d462c6@group-573CCB48FA2C:LeaderElection36] INFO  impl.RaftServerImpl (ServerState.java:setLeader(253)) - 24bf2945-a329-4da6-aaf2-23ecd8d462c6@group-573CCB48FA2C: change Leader from null to 24bf2945-a329-4da6-aaf2-23ecd8d462c6 at term 1 for becomeLeader, leader elected after 5120ms
2019-09-25 07:04:52,251 [24bf2945-a329-4da6-aaf2-23ecd8d462c6@group-9B964EB2DA1C:LeaderElection37] INFO  impl.RaftServerImpl (RaftServerImpl.java:setRole(174)) - 24bf2945-a329-4da6-aaf2-23ecd8d462c6@group-9B964EB2DA1C: changes role from CANDIDATE to LEADER at term 1 for changeToLeader
2019-09-25 07:04:52,252 [24bf2945-a329-4da6-aaf2-23ecd8d462c6@group-573CCB48FA2C:LeaderElection36] INFO  server.RaftServerConfigKeys (ConfUtils.java:logGet(43)) - raft.server.staging.catchup.gap = 1000 (default)
2019-09-25 07:04:52,251 [pool-47-thread-1] INFO  server.RaftServerConfigKeys (ConfUtils.java:logGet(43)) - raft.server.notification.no-leader.timeout = 120s (custom)
2019-09-25 07:04:52,252 [24bf2945-a329-4da6-aaf2-23ecd8d462c6@group-573CCB48FA2C:LeaderElection36] INFO  server.RaftServerConfigKeys (ConfUtils.java:logGet(43)) - raft.server.rpc.sleep.time = 25ms (default)
2019-09-25 07:04:52,252 [24bf2945-a329-4da6-aaf2-23ecd8d462c6@group-9B964EB2DA1C:LeaderElection37] INFO  impl.RaftServerImpl (ServerState.java:setLeader(253)) - 24bf2945-a329-4da6-aaf2-23ecd8d462c6@group-9B964EB2DA1C: change Leader from null to 24bf2945-a329-4da6-aaf2-23ecd8d462c6 at term 1 for becomeLeader, leader elected after 5221ms
2019-09-25 07:04:52,252 [24bf2945-a329-4da6-aaf2-23ecd8d462c6@group-573CCB48FA2C:LeaderElection36] INFO  server.RaftServerConfigKeys (ConfUtils.java:logGet(43)) - raft.server.write.element-limit = 4096 (default)
2019-09-25 07:04:52,252 [pool-47-thread-1] INFO  server.RaftServerConfigKeys (ConfUtils.java:logGet(43)) - raft.server.log.use.memory = false (default)
2019-09-25 07:04:52,252 [24bf2945-a329-4da6-aaf2-23ecd8d462c6@group-573CCB48FA2C:LeaderElection36] INFO  server.RaftServerConfigKeys (ConfUtils.java:logGet(43)) - raft.server.watch.timeout = 10s (default)
2019-09-25 07:04:52,252 [24bf2945-a329-4da6-aaf2-23ecd8d462c6@group-9B964EB2DA1C:LeaderElection37] INFO  server.RaftServerConfigKeys (ConfUtils.java:logGet(43)) - raft.server.staging.catchup.gap = 1000 (default)
2019-09-25 07:04:52,253 [24bf2945-a329-4da6-aaf2-23ecd8d462c6@group-573CCB48FA2C:LeaderElection36] INFO  server.RaftServerConfigKeys (ConfUtils.java:logGet(43)) - raft.server.watch.timeout.denomination = 1s (default)
2019-09-25 07:04:52,253 [pool-47-thread-1] INFO  server.RaftServerConfigKeys (ConfUtils.java:logGet(43)) - raft.server.log.purge.gap = 1000000 (custom)
2019-09-25 07:04:52,253 [24bf2945-a329-4da6-aaf2-23ecd8d462c6@group-573CCB48FA2C:LeaderElection36] INFO  server.RaftServerConfigKeys (ConfUtils.java:logGet(43)) - raft.server.watch.element-limit = 65536 (default)
2019-09-25 07:04:52,253 [24bf2945-a329-4da6-aaf2-23ecd8d462c6@group-9B964EB2DA1C:LeaderElection37] INFO  server.RaftServerConfigKeys (ConfUtils.java:logGet(43)) - raft.server.rpc.sleep.time = 25ms (default)
2019-09-25 07:04:52,253 [pool-47-thread-1] INFO  server.RaftServerConfigKeys (ConfUtils.java:logGet(43)) - raft.server.log.appender.buffer.byte-limit = 33554432 (custom)
2019-09-25 07:04:52,253 [24bf2945-a329-4da6-aaf2-23ecd8d462c6@group-9B964EB2DA1C:LeaderElection37] INFO  server.RaftServerConfigKeys (ConfUtils.java:logGet(43)) - raft.server.write.element-limit = 4096 (default)
2019-09-25 07:04:52,254 [pool-47-thread-1] INFO  server.RaftServerConfigKeys (ConfUtils.java:logGet(43)) - raft.server.log.segment.size.max = 1048576 (custom)
2019-09-25 07:04:52,254 [24bf2945-a329-4da6-aaf2-23ecd8d462c6@group-9B964EB2DA1C:LeaderElection37] INFO  server.RaftServerConfigKeys (ConfUtils.java:logGet(43)) - raft.server.watch.timeout = 10s (default)
2019-09-25 07:04:52,254 [pool-47-thread-1] INFO  server.RaftServerConfigKeys (ConfUtils.java:logGet(43)) - raft.server.log.segment.cache.num.max = 2 (custom)
2019-09-25 07:04:52,254 [24bf2945-a329-4da6-aaf2-23ecd8d462c6@group-9B964EB2DA1C:LeaderElection37] INFO  server.RaftServerConfigKeys (ConfUtils.java:logGet(43)) - raft.server.watch.timeout.denomination = 1s (default)
2019-09-25 07:04:52,254 [pool-47-thread-1] INFO  segmented.SegmentedRaftLogWorker (SegmentedRaftLogWorker.java:<init>(172)) - new 24bf2945-a329-4da6-aaf2-23ecd8d462c6@group-8D34866092A9-SegmentedRaftLogWorker for RaftStorage:Storage Directory /workdir/hadoop-ozone/integration-test/target/test-dir/MiniOzoneClusterImpl-39af9574-7a8b-4ed7-b830-bf686a3d4bb8/datanode-2/data/ratis/43931e21-217a-4fed-a8b8-8d34866092a9
2019-09-25 07:04:52,254 [24bf2945-a329-4da6-aaf2-23ecd8d462c6@group-9B964EB2DA1C:LeaderElection37] INFO  server.RaftServerConfigKeys (ConfUtils.java:logGet(43)) - raft.server.watch.element-limit = 65536 (default)
2019-09-25 07:04:52,254 [pool-47-thread-1] INFO  server.RaftServerConfigKeys (ConfUtils.java:logGet(43)) - raft.server.log.queue.byte-limit = 2147483647 (custom)
2019-09-25 07:04:52,254 [Thread-295] INFO  impl.FollowerState (FollowerState.java:run(106)) - e568d23f-199e-48ce-91e4-5c166e2e97cd:group-F3FF35E5C536 changes to CANDIDATE, lastRpcTime:5051, electionTimeout:5051ms
2019-09-25 07:04:52,255 [pool-47-thread-1] INFO  server.RaftServerConfigKeys (ConfUtils.java:logGet(43)) - raft.server.log.queue.element-limit = 1024 (custom)
2019-09-25 07:04:52,255 [Thread-295] INFO  impl.RoleInfo (RoleInfo.java:shutdownFollowerState(121)) - e568d23f-199e-48ce-91e4-5c166e2e97cd: shutdown FollowerState
2019-09-25 07:04:52,255 [pool-47-thread-1] INFO  server.RaftServerConfigKeys (ConfUtils.java:logGet(43)) - raft.server.log.segment.size.max = 1048576 (custom)
2019-09-25 07:04:52,255 [24bf2945-a329-4da6-aaf2-23ecd8d462c6@group-573CCB48FA2C:LeaderElection36] INFO  impl.RoleInfo (RoleInfo.java:updateAndGet(143)) - 24bf2945-a329-4da6-aaf2-23ecd8d462c6: start LeaderState
2019-09-25 07:04:52,255 [Thread-295] INFO  impl.RaftServerImpl (RaftServerImpl.java:setRole(174)) - e568d23f-199e-48ce-91e4-5c166e2e97cd@group-F3FF35E5C536: changes role from  FOLLOWER to CANDIDATE at term 0 for changeToCandidate
2019-09-25 07:04:52,255 [pool-47-thread-1] INFO  server.RaftServerConfigKeys (ConfUtils.java:logGet(43)) - raft.server.log.preallocated.size = 16384 (custom)
2019-09-25 07:04:52,255 [Thread-295] INFO  impl.RoleInfo (RoleInfo.java:updateAndGet(143)) - e568d23f-199e-48ce-91e4-5c166e2e97cd: start LeaderElection
2019-09-25 07:04:52,256 [24bf2945-a329-4da6-aaf2-23ecd8d462c6@group-573CCB48FA2C:LeaderElection36] INFO  segmented.SegmentedRaftLogWorker (SegmentedRaftLogWorker.java:startLogSegment(380)) - 24bf2945-a329-4da6-aaf2-23ecd8d462c6@group-573CCB48FA2C-SegmentedRaftLogWorker: Starting segment from index:0
2019-09-25 07:04:52,256 [pool-47-thread-1] INFO  server.RaftServerConfigKeys (ConfUtils.java:logGet(43)) - raft.server.log.write.buffer.size = 33554432 (custom)
2019-09-25 07:04:52,256 [24bf2945-a329-4da6-aaf2-23ecd8d462c6@group-9B964EB2DA1C:LeaderElection37] INFO  impl.RoleInfo (RoleInfo.java:updateAndGet(143)) - 24bf2945-a329-4da6-aaf2-23ecd8d462c6: start LeaderState
2019-09-25 07:04:52,256 [pool-47-thread-1] INFO  server.RaftServerConfigKeys (ConfUtils.java:logGet(43)) - raft.server.log.force.sync.num = 128 (default)
2019-09-25 07:04:52,259 [24bf2945-a329-4da6-aaf2-23ecd8d462c6@group-9B964EB2DA1C:LeaderElection37] INFO  segmented.SegmentedRaftLogWorker (SegmentedRaftLogWorker.java:startLogSegment(380)) - 24bf2945-a329-4da6-aaf2-23ecd8d462c6@group-9B964EB2DA1C-SegmentedRaftLogWorker: Starting segment from index:0
2019-09-25 07:04:52,258 [24bf2945-a329-4da6-aaf2-23ecd8d462c6@group-573CCB48FA2C:LeaderElection36] INFO  impl.RaftServerImpl (ServerState.java:setRaftConf(354)) - 24bf2945-a329-4da6-aaf2-23ecd8d462c6@group-573CCB48FA2C: set configuration 0: [24bf2945-a329-4da6-aaf2-23ecd8d462c6:192.168.30.10:42867], old=null at 0
2019-09-25 07:04:52,259 [pool-47-thread-1] INFO  server.RaftServerConfigKeys (ConfUtils.java:logGet(43)) - raft.server.log.statemachine.data.sync = true (default)
2019-09-25 07:04:52,293 [e568d23f-199e-48ce-91e4-5c166e2e97cd@group-F3FF35E5C536:LeaderElection38] INFO  impl.LeaderElection (LeaderElection.java:askForVotes(182)) - e568d23f-199e-48ce-91e4-5c166e2e97cd@group-F3FF35E5C536:LeaderElection38: begin an election at term 1 for -1: [e568d23f-199e-48ce-91e4-5c166e2e97cd:192.168.30.10:42827], old=null
2019-09-25 07:04:52,293 [Thread-292] INFO  impl.FollowerState (FollowerState.java:run(106)) - 62ec8eb9-3ae9-4136-b70a-2caf3716fa7f:group-1ECD05C42476 changes to CANDIDATE, lastRpcTime:5123, electionTimeout:5121ms
2019-09-25 07:04:52,294 [e568d23f-199e-48ce-91e4-5c166e2e97cd@group-F3FF35E5C536:LeaderElection38] INFO  impl.RoleInfo (RoleInfo.java:shutdownLeaderElection(134)) - e568d23f-199e-48ce-91e4-5c166e2e97cd: shutdown LeaderElection
2019-09-25 07:04:52,294 [e568d23f-199e-48ce-91e4-5c166e2e97cd@group-F3FF35E5C536:LeaderElection38] INFO  impl.RaftServerImpl (RaftServerImpl.java:setRole(174)) - e568d23f-199e-48ce-91e4-5c166e2e97cd@group-F3FF35E5C536: changes role from CANDIDATE to LEADER at term 1 for changeToLeader
2019-09-25 07:04:52,294 [24bf2945-a329-4da6-aaf2-23ecd8d462c6@group-9B964EB2DA1C:LeaderElection37] INFO  impl.RaftServerImpl (ServerState.java:setRaftConf(354)) - 24bf2945-a329-4da6-aaf2-23ecd8d462c6@group-9B964EB2DA1C: set configuration 0: [24bf2945-a329-4da6-aaf2-23ecd8d462c6:192.168.30.10:42867], old=null at 0
2019-09-25 07:04:52,294 [pool-47-thread-1] INFO  server.RaftServerConfigKeys (ConfUtils.java:logGet(43)) - raft.server.log.statemachine.data.sync.timeout = 10s (default)
2019-09-25 07:04:52,326 [pool-47-thread-1] INFO  server.RaftServerConfigKeys (ConfUtils.java:logGet(43)) - raft.server.log.statemachine.data.sync.timeout.retry = -1 (default)
2019-09-25 07:04:52,325 [24bf2945-a329-4da6-aaf2-23ecd8d462c6@group-573CCB48FA2C-SegmentedRaftLogWorker] INFO  segmented.SegmentedRaftLogWorker (SegmentedRaftLogWorker.java:execute(569)) - 24bf2945-a329-4da6-aaf2-23ecd8d462c6@group-573CCB48FA2C-SegmentedRaftLogWorker: created new log segment /workdir/hadoop-ozone/integration-test/target/test-dir/MiniOzoneClusterImpl-39af9574-7a8b-4ed7-b830-bf686a3d4bb8/datanode-2/data/ratis/8a5026b3-34f6-4d3b-99a6-573ccb48fa2c/current/log_inprogress_0
2019-09-25 07:04:52,294 [e568d23f-199e-48ce-91e4-5c166e2e97cd@group-F3FF35E5C536:LeaderElection38] INFO  impl.RaftServerImpl (ServerState.java:setLeader(253)) - e568d23f-199e-48ce-91e4-5c166e2e97cd@group-F3FF35E5C536: change Leader from null to e568d23f-199e-48ce-91e4-5c166e2e97cd at term 1 for becomeLeader, leader elected after 5097ms
2019-09-25 07:04:52,326 [e568d23f-199e-48ce-91e4-5c166e2e97cd@group-F3FF35E5C536:LeaderElection38] INFO  server.RaftServerConfigKeys (ConfUtils.java:logGet(43)) - raft.server.staging.catchup.gap = 1000 (default)
2019-09-25 07:04:52,294 [Thread-292] INFO  impl.RoleInfo (RoleInfo.java:shutdownFollowerState(121)) - 62ec8eb9-3ae9-4136-b70a-2caf3716fa7f: shutdown FollowerState
2019-09-25 07:04:52,326 [e568d23f-199e-48ce-91e4-5c166e2e97cd@group-F3FF35E5C536:LeaderElection38] INFO  server.RaftServerConfigKeys (ConfUtils.java:logGet(43)) - raft.server.rpc.sleep.time = 25ms (default)
2019-09-25 07:04:52,326 [pool-47-thread-1] INFO  server.RaftServerConfigKeys (ConfUtils.java:logGet(43)) - raft.server.log.statemachine.data.caching.enabled = true (custom)
2019-09-25 07:04:52,327 [e568d23f-199e-48ce-91e4-5c166e2e97cd@group-F3FF35E5C536:LeaderElection38] INFO  server.RaftServerConfigKeys (ConfUtils.java:logGet(43)) - raft.server.write.element-limit = 4096 (default)
2019-09-25 07:04:52,327 [Thread-292] INFO  impl.RaftServerImpl (RaftServerImpl.java:setRole(174)) - 62ec8eb9-3ae9-4136-b70a-2caf3716fa7f@group-1ECD05C42476: changes role from  FOLLOWER to CANDIDATE at term 0 for changeToCandidate
2019-09-25 07:04:52,327 [e568d23f-199e-48ce-91e4-5c166e2e97cd@group-F3FF35E5C536:LeaderElection38] INFO  server.RaftServerConfigKeys (ConfUtils.java:logGet(43)) - raft.server.watch.timeout = 10s (default)
2019-09-25 07:04:52,327 [pool-47-thread-1] INFO  segmented.SegmentedRaftLogWorker (SegmentedRaftLogWorker.java:lambda$new$0(132)) - 24bf2945-a329-4da6-aaf2-23ecd8d462c6@group-8D34866092A9-SegmentedRaftLogWorker: flushIndex: setUnconditionally 0 -> -1
2019-09-25 07:04:52,327 [e568d23f-199e-48ce-91e4-5c166e2e97cd@group-F3FF35E5C536:LeaderElection38] INFO  server.RaftServerConfigKeys (ConfUtils.java:logGet(43)) - raft.server.watch.timeout.denomination = 1s (default)
2019-09-25 07:04:52,328 [pool-47-thread-1] INFO  server.RaftServerConfigKeys (ConfUtils.java:logGet(43)) - raft.server.snapshot.auto.trigger.enabled = true (custom)
2019-09-25 07:04:52,327 [Thread-292] INFO  impl.RoleInfo (RoleInfo.java:updateAndGet(143)) - 62ec8eb9-3ae9-4136-b70a-2caf3716fa7f: start LeaderElection
2019-09-25 07:04:52,328 [pool-47-thread-1] INFO  server.RaftServerConfigKeys (ConfUtils.java:logGet(43)) - raft.server.snapshot.auto.trigger.threshold = 10000 (custom)
2019-09-25 07:04:52,328 [e568d23f-199e-48ce-91e4-5c166e2e97cd@group-F3FF35E5C536:LeaderElection38] INFO  server.RaftServerConfigKeys (ConfUtils.java:logGet(43)) - raft.server.watch.element-limit = 65536 (default)
2019-09-25 07:04:52,328 [pool-47-thread-1] INFO  server.RaftServerConfigKeys (ConfUtils.java:logGet(43)) - raft.server.snapshot.retention.num.files = 5 (custom)
2019-09-25 07:04:52,336 [pool-47-thread-1] INFO  server.RaftServerConfigKeys (ConfUtils.java:logGet(43)) - raft.server.retrycache.expirytime = 600000ms (custom)
2019-09-25 07:04:52,337 [24bf2945-a329-4da6-aaf2-23ecd8d462c6@group-9B964EB2DA1C-SegmentedRaftLogWorker] INFO  segmented.SegmentedRaftLogWorker (SegmentedRaftLogWorker.java:execute(569)) - 24bf2945-a329-4da6-aaf2-23ecd8d462c6@group-9B964EB2DA1C-SegmentedRaftLogWorker: created new log segment /workdir/hadoop-ozone/integration-test/target/test-dir/MiniOzoneClusterImpl-39af9574-7a8b-4ed7-b830-bf686a3d4bb8/datanode-2/data/ratis/4b6c246e-4e57-4e66-aab8-9b964eb2da1c/current/log_inprogress_0
2019-09-25 07:04:52,340 [e568d23f-199e-48ce-91e4-5c166e2e97cd@group-F3FF35E5C536:LeaderElection38] INFO  impl.RoleInfo (RoleInfo.java:updateAndGet(143)) - e568d23f-199e-48ce-91e4-5c166e2e97cd: start LeaderState
2019-09-25 07:04:52,340 [pool-47-thread-1] INFO  impl.RaftServerImpl (RaftServerImpl.java:start(185)) - 24bf2945-a329-4da6-aaf2-23ecd8d462c6@group-8D34866092A9: start as a follower, conf=-1: [24bf2945-a329-4da6-aaf2-23ecd8d462c6:192.168.30.10:42867], old=null
2019-09-25 07:04:52,340 [e568d23f-199e-48ce-91e4-5c166e2e97cd@group-F3FF35E5C536:LeaderElection38] INFO  segmented.SegmentedRaftLogWorker (SegmentedRaftLogWorker.java:startLogSegment(380)) - e568d23f-199e-48ce-91e4-5c166e2e97cd@group-F3FF35E5C536-SegmentedRaftLogWorker: Starting segment from index:0
2019-09-25 07:04:52,340 [pool-47-thread-1] INFO  impl.RaftServerImpl (RaftServerImpl.java:setRole(174)) - 24bf2945-a329-4da6-aaf2-23ecd8d462c6@group-8D34866092A9: changes role from      null to FOLLOWER at term 0 for startAsFollower
2019-09-25 07:04:52,341 [pool-47-thread-1] INFO  impl.RoleInfo (RoleInfo.java:updateAndGet(143)) - 24bf2945-a329-4da6-aaf2-23ecd8d462c6: start FollowerState
2019-09-25 07:04:52,341 [e568d23f-199e-48ce-91e4-5c166e2e97cd@group-F3FF35E5C536:LeaderElection38] INFO  impl.RaftServerImpl (ServerState.java:setRaftConf(354)) - e568d23f-199e-48ce-91e4-5c166e2e97cd@group-F3FF35E5C536: set configuration 0: [e568d23f-199e-48ce-91e4-5c166e2e97cd:192.168.30.10:42827], old=null at 0
2019-09-25 07:04:52,341 [62ec8eb9-3ae9-4136-b70a-2caf3716fa7f@group-1ECD05C42476:LeaderElection39] INFO  impl.LeaderElection (LeaderElection.java:askForVotes(182)) - 62ec8eb9-3ae9-4136-b70a-2caf3716fa7f@group-1ECD05C42476:LeaderElection39: begin an election at term 1 for -1: [62ec8eb9-3ae9-4136-b70a-2caf3716fa7f:192.168.30.10:44715], old=null
2019-09-25 07:04:52,378 [pool-47-thread-1] INFO  util.JmxRegister (JmxRegister.java:tryRegister(44)) - Successfully registered JMX Bean with object name Ratis:service=RaftServer,group=group-8D34866092A9,id=24bf2945-a329-4da6-aaf2-23ecd8d462c6
2019-09-25 07:04:52,378 [62ec8eb9-3ae9-4136-b70a-2caf3716fa7f@group-1ECD05C42476:LeaderElection39] INFO  impl.RoleInfo (RoleInfo.java:shutdownLeaderElection(134)) - 62ec8eb9-3ae9-4136-b70a-2caf3716fa7f: shutdown LeaderElection
2019-09-25 07:04:52,378 [62ec8eb9-3ae9-4136-b70a-2caf3716fa7f@group-1ECD05C42476:LeaderElection39] INFO  impl.RaftServerImpl (RaftServerImpl.java:setRole(174)) - 62ec8eb9-3ae9-4136-b70a-2caf3716fa7f@group-1ECD05C42476: changes role from CANDIDATE to LEADER at term 1 for changeToLeader
2019-09-25 07:04:52,378 [62ec8eb9-3ae9-4136-b70a-2caf3716fa7f@group-1ECD05C42476:LeaderElection39] INFO  impl.RaftServerImpl (ServerState.java:setLeader(253)) - 62ec8eb9-3ae9-4136-b70a-2caf3716fa7f@group-1ECD05C42476: change Leader from null to 62ec8eb9-3ae9-4136-b70a-2caf3716fa7f at term 1 for becomeLeader, leader elected after 5217ms
2019-09-25 07:04:52,379 [62ec8eb9-3ae9-4136-b70a-2caf3716fa7f@group-1ECD05C42476:LeaderElection39] INFO  server.RaftServerConfigKeys (ConfUtils.java:logGet(43)) - raft.server.staging.catchup.gap = 1000 (default)
2019-09-25 07:04:52,379 [62ec8eb9-3ae9-4136-b70a-2caf3716fa7f@group-1ECD05C42476:LeaderElection39] INFO  server.RaftServerConfigKeys (ConfUtils.java:logGet(43)) - raft.server.rpc.sleep.time = 25ms (default)
2019-09-25 07:04:52,379 [62ec8eb9-3ae9-4136-b70a-2caf3716fa7f@group-1ECD05C42476:LeaderElection39] INFO  server.RaftServerConfigKeys (ConfUtils.java:logGet(43)) - raft.server.write.element-limit = 4096 (default)
2019-09-25 07:04:52,379 [62ec8eb9-3ae9-4136-b70a-2caf3716fa7f@group-1ECD05C42476:LeaderElection39] INFO  server.RaftServerConfigKeys (ConfUtils.java:logGet(43)) - raft.server.watch.timeout = 10s (default)
2019-09-25 07:04:52,379 [62ec8eb9-3ae9-4136-b70a-2caf3716fa7f@group-1ECD05C42476:LeaderElection39] INFO  server.RaftServerConfigKeys (ConfUtils.java:logGet(43)) - raft.server.watch.timeout.denomination = 1s (default)
2019-09-25 07:04:52,379 [62ec8eb9-3ae9-4136-b70a-2caf3716fa7f@group-1ECD05C42476:LeaderElection39] INFO  server.RaftServerConfigKeys (ConfUtils.java:logGet(43)) - raft.server.watch.element-limit = 65536 (default)
2019-09-25 07:04:52,381 [62ec8eb9-3ae9-4136-b70a-2caf3716fa7f@group-1ECD05C42476:LeaderElection39] INFO  impl.RoleInfo (RoleInfo.java:updateAndGet(143)) - 62ec8eb9-3ae9-4136-b70a-2caf3716fa7f: start LeaderState
2019-09-25 07:04:52,381 [62ec8eb9-3ae9-4136-b70a-2caf3716fa7f@group-1ECD05C42476:LeaderElection39] INFO  segmented.SegmentedRaftLogWorker (SegmentedRaftLogWorker.java:startLogSegment(380)) - 62ec8eb9-3ae9-4136-b70a-2caf3716fa7f@group-1ECD05C42476-SegmentedRaftLogWorker: Starting segment from index:0
2019-09-25 07:04:52,381 [RatisPipelineUtilsThread] INFO  pipeline.PipelineStateManager (PipelineStateManager.java:addPipeline(56)) - Created pipeline Pipeline[ Id: 43931e21-217a-4fed-a8b8-8d34866092a9, Nodes: 24bf2945-a329-4da6-aaf2-23ecd8d462c6{ip: 192.168.30.10, host: pr-hdds-1569-s62bp-3040748787, networkLocation: /default-rack, certSerialId: null}, Type:RATIS, Factor:ONE, State:OPEN]
2019-09-25 07:04:52,381 [62ec8eb9-3ae9-4136-b70a-2caf3716fa7f@group-1ECD05C42476:LeaderElection39] INFO  impl.RaftServerImpl (ServerState.java:setRaftConf(354)) - 62ec8eb9-3ae9-4136-b70a-2caf3716fa7f@group-1ECD05C42476: set configuration 0: [62ec8eb9-3ae9-4136-b70a-2caf3716fa7f:192.168.30.10:44715], old=null at 0
2019-09-25 07:04:52,418 [e568d23f-199e-48ce-91e4-5c166e2e97cd@group-F3FF35E5C536-SegmentedRaftLogWorker] INFO  segmented.SegmentedRaftLogWorker (SegmentedRaftLogWorker.java:execute(569)) - e568d23f-199e-48ce-91e4-5c166e2e97cd@group-F3FF35E5C536-SegmentedRaftLogWorker: created new log segment /workdir/hadoop-ozone/integration-test/target/test-dir/MiniOzoneClusterImpl-39af9574-7a8b-4ed7-b830-bf686a3d4bb8/datanode-0/data/ratis/6ac5c231-d491-4e1c-a36b-f3ff35e5c536/current/log_inprogress_0
2019-09-25 07:04:52,425 [grpc-default-executor-1] INFO  impl.RaftServerProxy (RaftServerProxy.java:addNew(89)) - 24bf2945-a329-4da6-aaf2-23ecd8d462c6: addNew group-16D434BC82E0:[24bf2945-a329-4da6-aaf2-23ecd8d462c6:192.168.30.10:42867] returns group-16D434BC82E0:java.util.concurrent.CompletableFuture@1955069e[Not completed]
2019-09-25 07:04:52,427 [pool-47-thread-1] INFO  impl.RaftServerImpl (RaftServerImpl.java:<init>(95)) - 24bf2945-a329-4da6-aaf2-23ecd8d462c6: new RaftServerImpl for group-16D434BC82E0:[24bf2945-a329-4da6-aaf2-23ecd8d462c6:192.168.30.10:42867] with ContainerStateMachine:uninitialized
2019-09-25 07:04:52,427 [pool-47-thread-1] INFO  server.RaftServerConfigKeys (ConfUtils.java:logGet(43)) - raft.server.rpc.timeout.min = 5s (custom)
2019-09-25 07:04:52,427 [pool-47-thread-1] INFO  server.RaftServerConfigKeys (ConfUtils.java:logGet(43)) - raft.server.rpc.timeout.max = 5200ms (custom)
2019-09-25 07:04:52,427 [pool-47-thread-1] INFO  server.RaftServerConfigKeys (ConfUtils.java:logGet(43)) - raft.server.rpcslowness.timeout = 120s (custom)
2019-09-25 07:04:52,427 [pool-47-thread-1] INFO  server.RaftServerConfigKeys (ConfUtils.java:logGet(43)) - raft.server.sleep.deviation.threshold = 300 (default)
2019-09-25 07:04:52,428 [pool-47-thread-1] INFO  server.RaftServerConfigKeys (ConfUtils.java:logGet(43)) - raft.server.log.appender.install.snapshot.enabled = false (custom)
2019-09-25 07:04:52,428 [pool-47-thread-1] INFO  impl.RaftServerImpl (ServerState.java:<init>(103)) - 24bf2945-a329-4da6-aaf2-23ecd8d462c6@group-16D434BC82E0: ConfigurationManager, init=-1: [24bf2945-a329-4da6-aaf2-23ecd8d462c6:192.168.30.10:42867], old=null, confs=<EMPTY_MAP>
2019-09-25 07:04:52,428 [pool-47-thread-1] INFO  server.RaftServerConfigKeys (ConfUtils.java:logGet(43)) - raft.server.storage.dir = [/workdir/hadoop-ozone/integration-test/target/test-dir/MiniOzoneClusterImpl-39af9574-7a8b-4ed7-b830-bf686a3d4bb8/datanode-2/data/ratis] (custom)
2019-09-25 07:04:52,429 [pool-47-thread-1] INFO  storage.RaftStorageDirectory (RaftStorageDirectory.java:analyzeStorage(246)) - The storage directory /workdir/hadoop-ozone/integration-test/target/test-dir/MiniOzoneClusterImpl-39af9574-7a8b-4ed7-b830-bf686a3d4bb8/datanode-2/data/ratis/910db274-e99a-41f4-85ed-16d434bc82e0 does not exist. Creating ...
2019-09-25 07:04:52,446 [62ec8eb9-3ae9-4136-b70a-2caf3716fa7f@group-1ECD05C42476-SegmentedRaftLogWorker] INFO  segmented.SegmentedRaftLogWorker (SegmentedRaftLogWorker.java:execute(569)) - 62ec8eb9-3ae9-4136-b70a-2caf3716fa7f@group-1ECD05C42476-SegmentedRaftLogWorker: created new log segment /workdir/hadoop-ozone/integration-test/target/test-dir/MiniOzoneClusterImpl-39af9574-7a8b-4ed7-b830-bf686a3d4bb8/datanode-1/data/ratis/2d640326-6151-4709-bed1-1ecd05c42476/current/log_inprogress_0
2019-09-25 07:04:52,460 [pool-47-thread-1] INFO  storage.RaftStorageDirectory (RaftStorageDirectory.java:tryLock(328)) - Lock on /workdir/hadoop-ozone/integration-test/target/test-dir/MiniOzoneClusterImpl-39af9574-7a8b-4ed7-b830-bf686a3d4bb8/datanode-2/data/ratis/910db274-e99a-41f4-85ed-16d434bc82e0/in_use.lock acquired by nodename 19495@pr-hdds-1569-s62bp-3040748787
2019-09-25 07:04:52,481 [pool-47-thread-1] INFO  storage.RaftStorage (RaftStorage.java:format(72)) - Storage directory /workdir/hadoop-ozone/integration-test/target/test-dir/MiniOzoneClusterImpl-39af9574-7a8b-4ed7-b830-bf686a3d4bb8/datanode-2/data/ratis/910db274-e99a-41f4-85ed-16d434bc82e0 has been successfully formatted.
2019-09-25 07:04:52,482 [pool-47-thread-1] INFO  ratis.ContainerStateMachine (ContainerStateMachine.java:loadSnapshot(230)) - group-16D434BC82E0: The snapshot info is null. Setting the last applied indexto:(t:0, i:~)
2019-09-25 07:04:52,482 [pool-47-thread-1] INFO  server.RaftServerConfigKeys (ConfUtils.java:logGet(43)) - raft.server.notification.no-leader.timeout = 120s (custom)
2019-09-25 07:04:52,482 [pool-47-thread-1] INFO  server.RaftServerConfigKeys (ConfUtils.java:logGet(43)) - raft.server.log.use.memory = false (default)
2019-09-25 07:04:52,482 [pool-47-thread-1] INFO  server.RaftServerConfigKeys (ConfUtils.java:logGet(43)) - raft.server.log.purge.gap = 1000000 (custom)
2019-09-25 07:04:52,483 [pool-47-thread-1] INFO  server.RaftServerConfigKeys (ConfUtils.java:logGet(43)) - raft.server.log.appender.buffer.byte-limit = 33554432 (custom)
2019-09-25 07:04:52,483 [pool-47-thread-1] INFO  server.RaftServerConfigKeys (ConfUtils.java:logGet(43)) - raft.server.log.segment.size.max = 1048576 (custom)
2019-09-25 07:04:52,483 [pool-47-thread-1] INFO  server.RaftServerConfigKeys (ConfUtils.java:logGet(43)) - raft.server.log.segment.cache.num.max = 2 (custom)
2019-09-25 07:04:52,483 [pool-47-thread-1] INFO  segmented.SegmentedRaftLogWorker (SegmentedRaftLogWorker.java:<init>(172)) - new 24bf2945-a329-4da6-aaf2-23ecd8d462c6@group-16D434BC82E0-SegmentedRaftLogWorker for RaftStorage:Storage Directory /workdir/hadoop-ozone/integration-test/target/test-dir/MiniOzoneClusterImpl-39af9574-7a8b-4ed7-b830-bf686a3d4bb8/datanode-2/data/ratis/910db274-e99a-41f4-85ed-16d434bc82e0
2019-09-25 07:04:52,483 [pool-47-thread-1] INFO  server.RaftServerConfigKeys (ConfUtils.java:logGet(43)) - raft.server.log.queue.byte-limit = 2147483647 (custom)
2019-09-25 07:04:52,483 [pool-47-thread-1] INFO  server.RaftServerConfigKeys (ConfUtils.java:logGet(43)) - raft.server.log.queue.element-limit = 1024 (custom)
2019-09-25 07:04:52,484 [pool-47-thread-1] INFO  server.RaftServerConfigKeys (ConfUtils.java:logGet(43)) - raft.server.log.segment.size.max = 1048576 (custom)
2019-09-25 07:04:52,484 [pool-47-thread-1] INFO  server.RaftServerConfigKeys (ConfUtils.java:logGet(43)) - raft.server.log.preallocated.size = 16384 (custom)
2019-09-25 07:04:52,484 [pool-47-thread-1] INFO  server.RaftServerConfigKeys (ConfUtils.java:logGet(43)) - raft.server.log.write.buffer.size = 33554432 (custom)
2019-09-25 07:04:52,484 [pool-47-thread-1] INFO  server.RaftServerConfigKeys (ConfUtils.java:logGet(43)) - raft.server.log.force.sync.num = 128 (default)
2019-09-25 07:04:52,484 [pool-47-thread-1] INFO  server.RaftServerConfigKeys (ConfUtils.java:logGet(43)) - raft.server.log.statemachine.data.sync = true (default)
2019-09-25 07:04:52,485 [pool-47-thread-1] INFO  server.RaftServerConfigKeys (ConfUtils.java:logGet(43)) - raft.server.log.statemachine.data.sync.timeout = 10s (default)
2019-09-25 07:04:52,485 [pool-47-thread-1] INFO  server.RaftServerConfigKeys (ConfUtils.java:logGet(43)) - raft.server.log.statemachine.data.sync.timeout.retry = -1 (default)
2019-09-25 07:04:52,485 [pool-47-thread-1] INFO  server.RaftServerConfigKeys (ConfUtils.java:logGet(43)) - raft.server.log.statemachine.data.caching.enabled = true (custom)
2019-09-25 07:04:52,485 [pool-47-thread-1] INFO  segmented.SegmentedRaftLogWorker (SegmentedRaftLogWorker.java:lambda$new$0(132)) - 24bf2945-a329-4da6-aaf2-23ecd8d462c6@group-16D434BC82E0-SegmentedRaftLogWorker: flushIndex: setUnconditionally 0 -> -1
2019-09-25 07:04:52,486 [pool-47-thread-1] INFO  server.RaftServerConfigKeys (ConfUtils.java:logGet(43)) - raft.server.snapshot.auto.trigger.enabled = true (custom)
2019-09-25 07:04:52,486 [pool-47-thread-1] INFO  server.RaftServerConfigKeys (ConfUtils.java:logGet(43)) - raft.server.snapshot.auto.trigger.threshold = 10000 (custom)
2019-09-25 07:04:52,486 [pool-47-thread-1] INFO  server.RaftServerConfigKeys (ConfUtils.java:logGet(43)) - raft.server.snapshot.retention.num.files = 5 (custom)
2019-09-25 07:04:52,486 [pool-47-thread-1] INFO  server.RaftServerConfigKeys (ConfUtils.java:logGet(43)) - raft.server.retrycache.expirytime = 600000ms (custom)
2019-09-25 07:04:52,489 [pool-47-thread-1] INFO  impl.RaftServerImpl (RaftServerImpl.java:start(185)) - 24bf2945-a329-4da6-aaf2-23ecd8d462c6@group-16D434BC82E0: start as a follower, conf=-1: [24bf2945-a329-4da6-aaf2-23ecd8d462c6:192.168.30.10:42867], old=null
2019-09-25 07:04:52,489 [pool-47-thread-1] INFO  impl.RaftServerImpl (RaftServerImpl.java:setRole(174)) - 24bf2945-a329-4da6-aaf2-23ecd8d462c6@group-16D434BC82E0: changes role from      null to FOLLOWER at term 0 for startAsFollower
2019-09-25 07:04:52,489 [pool-47-thread-1] INFO  impl.RoleInfo (RoleInfo.java:updateAndGet(143)) - 24bf2945-a329-4da6-aaf2-23ecd8d462c6: start FollowerState
2019-09-25 07:04:52,490 [pool-47-thread-1] INFO  util.JmxRegister (JmxRegister.java:tryRegister(44)) - Successfully registered JMX Bean with object name Ratis:service=RaftServer,group=group-16D434BC82E0,id=24bf2945-a329-4da6-aaf2-23ecd8d462c6
2019-09-25 07:04:52,493 [RatisPipelineUtilsThread] INFO  pipeline.PipelineStateManager (PipelineStateManager.java:addPipeline(56)) - Created pipeline Pipeline[ Id: 910db274-e99a-41f4-85ed-16d434bc82e0, Nodes: 24bf2945-a329-4da6-aaf2-23ecd8d462c6{ip: 192.168.30.10, host: pr-hdds-1569-s62bp-3040748787, networkLocation: /default-rack, certSerialId: null}, Type:RATIS, Factor:ONE, State:OPEN]
2019-09-25 07:04:52,497 [Thread-298] INFO  impl.FollowerState (FollowerState.java:run(106)) - 62ec8eb9-3ae9-4136-b70a-2caf3716fa7f:group-B959C9F9750D changes to CANDIDATE, lastRpcTime:5125, electionTimeout:5125ms
2019-09-25 07:04:52,497 [Thread-298] INFO  impl.RoleInfo (RoleInfo.java:shutdownFollowerState(121)) - 62ec8eb9-3ae9-4136-b70a-2caf3716fa7f: shutdown FollowerState
2019-09-25 07:04:52,498 [Thread-298] INFO  impl.RaftServerImpl (RaftServerImpl.java:setRole(174)) - 62ec8eb9-3ae9-4136-b70a-2caf3716fa7f@group-B959C9F9750D: changes role from  FOLLOWER to CANDIDATE at term 0 for changeToCandidate
2019-09-25 07:04:52,498 [Thread-298] INFO  impl.RoleInfo (RoleInfo.java:updateAndGet(143)) - 62ec8eb9-3ae9-4136-b70a-2caf3716fa7f: start LeaderElection
2019-09-25 07:04:52,499 [grpc-default-executor-1] INFO  impl.RaftServerProxy (RaftServerProxy.java:addNew(89)) - 24bf2945-a329-4da6-aaf2-23ecd8d462c6: addNew group-BCAD19D2ACA2:[24bf2945-a329-4da6-aaf2-23ecd8d462c6:192.168.30.10:42867] returns group-BCAD19D2ACA2:java.util.concurrent.CompletableFuture@73d5334f[Not completed]
2019-09-25 07:04:52,500 [pool-47-thread-1] INFO  impl.RaftServerImpl (RaftServerImpl.java:<init>(95)) - 24bf2945-a329-4da6-aaf2-23ecd8d462c6: new RaftServerImpl for group-BCAD19D2ACA2:[24bf2945-a329-4da6-aaf2-23ecd8d462c6:192.168.30.10:42867] with ContainerStateMachine:uninitialized
2019-09-25 07:04:52,500 [pool-47-thread-1] INFO  server.RaftServerConfigKeys (ConfUtils.java:logGet(43)) - raft.server.rpc.timeout.min = 5s (custom)
2019-09-25 07:04:52,500 [pool-47-thread-1] INFO  server.RaftServerConfigKeys (ConfUtils.java:logGet(43)) - raft.server.rpc.timeout.max = 5200ms (custom)
2019-09-25 07:04:52,500 [pool-47-thread-1] INFO  server.RaftServerConfigKeys (ConfUtils.java:logGet(43)) - raft.server.rpcslowness.timeout = 120s (custom)
2019-09-25 07:04:52,500 [pool-47-thread-1] INFO  server.RaftServerConfigKeys (ConfUtils.java:logGet(43)) - raft.server.sleep.deviation.threshold = 300 (default)
2019-09-25 07:04:52,501 [pool-47-thread-1] INFO  server.RaftServerConfigKeys (ConfUtils.java:logGet(43)) - raft.server.log.appender.install.snapshot.enabled = false (custom)
2019-09-25 07:04:52,501 [pool-47-thread-1] INFO  impl.RaftServerImpl (ServerState.java:<init>(103)) - 24bf2945-a329-4da6-aaf2-23ecd8d462c6@group-BCAD19D2ACA2: ConfigurationManager, init=-1: [24bf2945-a329-4da6-aaf2-23ecd8d462c6:192.168.30.10:42867], old=null, confs=<EMPTY_MAP>
2019-09-25 07:04:52,501 [pool-47-thread-1] INFO  server.RaftServerConfigKeys (ConfUtils.java:logGet(43)) - raft.server.storage.dir = [/workdir/hadoop-ozone/integration-test/target/test-dir/MiniOzoneClusterImpl-39af9574-7a8b-4ed7-b830-bf686a3d4bb8/datanode-2/data/ratis] (custom)
2019-09-25 07:04:52,502 [pool-47-thread-1] INFO  storage.RaftStorageDirectory (RaftStorageDirectory.java:analyzeStorage(246)) - The storage directory /workdir/hadoop-ozone/integration-test/target/test-dir/MiniOzoneClusterImpl-39af9574-7a8b-4ed7-b830-bf686a3d4bb8/datanode-2/data/ratis/6142e07d-fd77-4935-9af6-bcad19d2aca2 does not exist. Creating ...
2019-09-25 07:04:52,507 [Thread-301] INFO  impl.FollowerState (FollowerState.java:run(106)) - 62ec8eb9-3ae9-4136-b70a-2caf3716fa7f:group-13A301AC63A1 changes to CANDIDATE, lastRpcTime:5077, electionTimeout:5077ms
2019-09-25 07:04:52,507 [Thread-301] INFO  impl.RoleInfo (RoleInfo.java:shutdownFollowerState(121)) - 62ec8eb9-3ae9-4136-b70a-2caf3716fa7f: shutdown FollowerState
2019-09-25 07:04:52,507 [Thread-301] INFO  impl.RaftServerImpl (RaftServerImpl.java:setRole(174)) - 62ec8eb9-3ae9-4136-b70a-2caf3716fa7f@group-13A301AC63A1: changes role from  FOLLOWER to CANDIDATE at term 0 for changeToCandidate
2019-09-25 07:04:52,507 [Thread-301] INFO  impl.RoleInfo (RoleInfo.java:updateAndGet(143)) - 62ec8eb9-3ae9-4136-b70a-2caf3716fa7f: start LeaderElection
2019-09-25 07:04:52,512 [pool-47-thread-1] INFO  storage.RaftStorageDirectory (RaftStorageDirectory.java:tryLock(328)) - Lock on /workdir/hadoop-ozone/integration-test/target/test-dir/MiniOzoneClusterImpl-39af9574-7a8b-4ed7-b830-bf686a3d4bb8/datanode-2/data/ratis/6142e07d-fd77-4935-9af6-bcad19d2aca2/in_use.lock acquired by nodename 19495@pr-hdds-1569-s62bp-3040748787
2019-09-25 07:04:52,512 [62ec8eb9-3ae9-4136-b70a-2caf3716fa7f@group-B959C9F9750D:LeaderElection40] INFO  impl.LeaderElection (LeaderElection.java:askForVotes(182)) - 62ec8eb9-3ae9-4136-b70a-2caf3716fa7f@group-B959C9F9750D:LeaderElection40: begin an election at term 1 for -1: [62ec8eb9-3ae9-4136-b70a-2caf3716fa7f:192.168.30.10:44715], old=null
2019-09-25 07:04:52,512 [62ec8eb9-3ae9-4136-b70a-2caf3716fa7f@group-13A301AC63A1:LeaderElection41] INFO  impl.LeaderElection (LeaderElection.java:askForVotes(182)) - 62ec8eb9-3ae9-4136-b70a-2caf3716fa7f@group-13A301AC63A1:LeaderElection41: begin an election at term 1 for -1: [62ec8eb9-3ae9-4136-b70a-2caf3716fa7f:192.168.30.10:44715], old=null
2019-09-25 07:04:52,512 [62ec8eb9-3ae9-4136-b70a-2caf3716fa7f@group-B959C9F9750D:LeaderElection40] INFO  impl.RoleInfo (RoleInfo.java:shutdownLeaderElection(134)) - 62ec8eb9-3ae9-4136-b70a-2caf3716fa7f: shutdown LeaderElection
2019-09-25 07:04:52,512 [62ec8eb9-3ae9-4136-b70a-2caf3716fa7f@group-13A301AC63A1:LeaderElection41] INFO  impl.RoleInfo (RoleInfo.java:shutdownLeaderElection(134)) - 62ec8eb9-3ae9-4136-b70a-2caf3716fa7f: shutdown LeaderElection
2019-09-25 07:04:52,512 [62ec8eb9-3ae9-4136-b70a-2caf3716fa7f@group-B959C9F9750D:LeaderElection40] INFO  impl.RaftServerImpl (RaftServerImpl.java:setRole(174)) - 62ec8eb9-3ae9-4136-b70a-2caf3716fa7f@group-B959C9F9750D: changes role from CANDIDATE to LEADER at term 1 for changeToLeader
2019-09-25 07:04:52,512 [62ec8eb9-3ae9-4136-b70a-2caf3716fa7f@group-13A301AC63A1:LeaderElection41] INFO  impl.RaftServerImpl (RaftServerImpl.java:setRole(174)) - 62ec8eb9-3ae9-4136-b70a-2caf3716fa7f@group-13A301AC63A1: changes role from CANDIDATE to LEADER at term 1 for changeToLeader
2019-09-25 07:04:52,512 [62ec8eb9-3ae9-4136-b70a-2caf3716fa7f@group-B959C9F9750D:LeaderElection40] INFO  impl.RaftServerImpl (ServerState.java:setLeader(253)) - 62ec8eb9-3ae9-4136-b70a-2caf3716fa7f@group-B959C9F9750D: change Leader from null to 62ec8eb9-3ae9-4136-b70a-2caf3716fa7f at term 1 for becomeLeader, leader elected after 5145ms
2019-09-25 07:04:52,513 [62ec8eb9-3ae9-4136-b70a-2caf3716fa7f@group-13A301AC63A1:LeaderElection41] INFO  impl.RaftServerImpl (ServerState.java:setLeader(253)) - 62ec8eb9-3ae9-4136-b70a-2caf3716fa7f@group-13A301AC63A1: change Leader from null to 62ec8eb9-3ae9-4136-b70a-2caf3716fa7f at term 1 for becomeLeader, leader elected after 5088ms
2019-09-25 07:04:52,513 [62ec8eb9-3ae9-4136-b70a-2caf3716fa7f@group-B959C9F9750D:LeaderElection40] INFO  server.RaftServerConfigKeys (ConfUtils.java:logGet(43)) - raft.server.staging.catchup.gap = 1000 (default)
2019-09-25 07:04:52,513 [62ec8eb9-3ae9-4136-b70a-2caf3716fa7f@group-13A301AC63A1:LeaderElection41] INFO  server.RaftServerConfigKeys (ConfUtils.java:logGet(43)) - raft.server.staging.catchup.gap = 1000 (default)
2019-09-25 07:04:52,513 [62ec8eb9-3ae9-4136-b70a-2caf3716fa7f@group-B959C9F9750D:LeaderElection40] INFO  server.RaftServerConfigKeys (ConfUtils.java:logGet(43)) - raft.server.rpc.sleep.time = 25ms (default)
2019-09-25 07:04:52,513 [62ec8eb9-3ae9-4136-b70a-2caf3716fa7f@group-13A301AC63A1:LeaderElection41] INFO  server.RaftServerConfigKeys (ConfUtils.java:logGet(43)) - raft.server.rpc.sleep.time = 25ms (default)
2019-09-25 07:04:52,513 [62ec8eb9-3ae9-4136-b70a-2caf3716fa7f@group-B959C9F9750D:LeaderElection40] INFO  server.RaftServerConfigKeys (ConfUtils.java:logGet(43)) - raft.server.write.element-limit = 4096 (default)
2019-09-25 07:04:52,513 [62ec8eb9-3ae9-4136-b70a-2caf3716fa7f@group-13A301AC63A1:LeaderElection41] INFO  server.RaftServerConfigKeys (ConfUtils.java:logGet(43)) - raft.server.write.element-limit = 4096 (default)
2019-09-25 07:04:52,513 [62ec8eb9-3ae9-4136-b70a-2caf3716fa7f@group-B959C9F9750D:LeaderElection40] INFO  server.RaftServerConfigKeys (ConfUtils.java:logGet(43)) - raft.server.watch.timeout = 10s (default)
2019-09-25 07:04:52,514 [62ec8eb9-3ae9-4136-b70a-2caf3716fa7f@group-13A301AC63A1:LeaderElection41] INFO  server.RaftServerConfigKeys (ConfUtils.java:logGet(43)) - raft.server.watch.timeout = 10s (default)
2019-09-25 07:04:52,514 [62ec8eb9-3ae9-4136-b70a-2caf3716fa7f@group-B959C9F9750D:LeaderElection40] INFO  server.RaftServerConfigKeys (ConfUtils.java:logGet(43)) - raft.server.watch.timeout.denomination = 1s (default)
2019-09-25 07:04:52,514 [62ec8eb9-3ae9-4136-b70a-2caf3716fa7f@group-13A301AC63A1:LeaderElection41] INFO  server.RaftServerConfigKeys (ConfUtils.java:logGet(43)) - raft.server.watch.timeout.denomination = 1s (default)
2019-09-25 07:04:52,514 [62ec8eb9-3ae9-4136-b70a-2caf3716fa7f@group-B959C9F9750D:LeaderElection40] INFO  server.RaftServerConfigKeys (ConfUtils.java:logGet(43)) - raft.server.watch.element-limit = 65536 (default)
2019-09-25 07:04:52,514 [62ec8eb9-3ae9-4136-b70a-2caf3716fa7f@group-13A301AC63A1:LeaderElection41] INFO  server.RaftServerConfigKeys (ConfUtils.java:logGet(43)) - raft.server.watch.element-limit = 65536 (default)
2019-09-25 07:04:52,520 [62ec8eb9-3ae9-4136-b70a-2caf3716fa7f@group-B959C9F9750D:LeaderElection40] INFO  impl.RoleInfo (RoleInfo.java:updateAndGet(143)) - 62ec8eb9-3ae9-4136-b70a-2caf3716fa7f: start LeaderState
2019-09-25 07:04:52,520 [62ec8eb9-3ae9-4136-b70a-2caf3716fa7f@group-13A301AC63A1:LeaderElection41] INFO  impl.RoleInfo (RoleInfo.java:updateAndGet(143)) - 62ec8eb9-3ae9-4136-b70a-2caf3716fa7f: start LeaderState
2019-09-25 07:04:52,520 [62ec8eb9-3ae9-4136-b70a-2caf3716fa7f@group-B959C9F9750D:LeaderElection40] INFO  segmented.SegmentedRaftLogWorker (SegmentedRaftLogWorker.java:startLogSegment(380)) - 62ec8eb9-3ae9-4136-b70a-2caf3716fa7f@group-B959C9F9750D-SegmentedRaftLogWorker: Starting segment from index:0
2019-09-25 07:04:52,520 [62ec8eb9-3ae9-4136-b70a-2caf3716fa7f@group-13A301AC63A1:LeaderElection41] INFO  segmented.SegmentedRaftLogWorker (SegmentedRaftLogWorker.java:startLogSegment(380)) - 62ec8eb9-3ae9-4136-b70a-2caf3716fa7f@group-13A301AC63A1-SegmentedRaftLogWorker: Starting segment from index:0
2019-09-25 07:04:52,521 [62ec8eb9-3ae9-4136-b70a-2caf3716fa7f@group-B959C9F9750D:LeaderElection40] INFO  impl.RaftServerImpl (ServerState.java:setRaftConf(354)) - 62ec8eb9-3ae9-4136-b70a-2caf3716fa7f@group-B959C9F9750D: set configuration 0: [62ec8eb9-3ae9-4136-b70a-2caf3716fa7f:192.168.30.10:44715], old=null at 0
2019-09-25 07:04:52,562 [pool-47-thread-1] INFO  storage.RaftStorage (RaftStorage.java:format(72)) - Storage directory /workdir/hadoop-ozone/integration-test/target/test-dir/MiniOzoneClusterImpl-39af9574-7a8b-4ed7-b830-bf686a3d4bb8/datanode-2/data/ratis/6142e07d-fd77-4935-9af6-bcad19d2aca2 has been successfully formatted.
2019-09-25 07:04:52,562 [62ec8eb9-3ae9-4136-b70a-2caf3716fa7f@group-13A301AC63A1:LeaderElection41] INFO  impl.RaftServerImpl (ServerState.java:setRaftConf(354)) - 62ec8eb9-3ae9-4136-b70a-2caf3716fa7f@group-13A301AC63A1: set configuration 0: [62ec8eb9-3ae9-4136-b70a-2caf3716fa7f:192.168.30.10:44715], old=null at 0
2019-09-25 07:04:52,571 [pool-47-thread-1] INFO  ratis.ContainerStateMachine (ContainerStateMachine.java:loadSnapshot(230)) - group-BCAD19D2ACA2: The snapshot info is null. Setting the last applied indexto:(t:0, i:~)
2019-09-25 07:04:52,572 [pool-47-thread-1] INFO  server.RaftServerConfigKeys (ConfUtils.java:logGet(43)) - raft.server.notification.no-leader.timeout = 120s (custom)
2019-09-25 07:04:52,572 [pool-47-thread-1] INFO  server.RaftServerConfigKeys (ConfUtils.java:logGet(43)) - raft.server.log.use.memory = false (default)
2019-09-25 07:04:52,572 [pool-47-thread-1] INFO  server.RaftServerConfigKeys (ConfUtils.java:logGet(43)) - raft.server.log.purge.gap = 1000000 (custom)
2019-09-25 07:04:52,572 [pool-47-thread-1] INFO  server.RaftServerConfigKeys (ConfUtils.java:logGet(43)) - raft.server.log.appender.buffer.byte-limit = 33554432 (custom)
2019-09-25 07:04:52,572 [pool-47-thread-1] INFO  server.RaftServerConfigKeys (ConfUtils.java:logGet(43)) - raft.server.log.segment.size.max = 1048576 (custom)
2019-09-25 07:04:52,573 [pool-47-thread-1] INFO  server.RaftServerConfigKeys (ConfUtils.java:logGet(43)) - raft.server.log.segment.cache.num.max = 2 (custom)
2019-09-25 07:04:52,573 [pool-47-thread-1] INFO  segmented.SegmentedRaftLogWorker (SegmentedRaftLogWorker.java:<init>(172)) - new 24bf2945-a329-4da6-aaf2-23ecd8d462c6@group-BCAD19D2ACA2-SegmentedRaftLogWorker for RaftStorage:Storage Directory /workdir/hadoop-ozone/integration-test/target/test-dir/MiniOzoneClusterImpl-39af9574-7a8b-4ed7-b830-bf686a3d4bb8/datanode-2/data/ratis/6142e07d-fd77-4935-9af6-bcad19d2aca2
2019-09-25 07:04:52,573 [pool-47-thread-1] INFO  server.RaftServerConfigKeys (ConfUtils.java:logGet(43)) - raft.server.log.queue.byte-limit = 2147483647 (custom)
2019-09-25 07:04:52,573 [pool-47-thread-1] INFO  server.RaftServerConfigKeys (ConfUtils.java:logGet(43)) - raft.server.log.queue.element-limit = 1024 (custom)
2019-09-25 07:04:52,573 [pool-47-thread-1] INFO  server.RaftServerConfigKeys (ConfUtils.java:logGet(43)) - raft.server.log.segment.size.max = 1048576 (custom)
2019-09-25 07:04:52,573 [pool-47-thread-1] INFO  server.RaftServerConfigKeys (ConfUtils.java:logGet(43)) - raft.server.log.preallocated.size = 16384 (custom)
2019-09-25 07:04:52,574 [pool-47-thread-1] INFO  server.RaftServerConfigKeys (ConfUtils.java:logGet(43)) - raft.server.log.write.buffer.size = 33554432 (custom)
2019-09-25 07:04:52,574 [pool-47-thread-1] INFO  server.RaftServerConfigKeys (ConfUtils.java:logGet(43)) - raft.server.log.force.sync.num = 128 (default)
2019-09-25 07:04:52,574 [pool-47-thread-1] INFO  server.RaftServerConfigKeys (ConfUtils.java:logGet(43)) - raft.server.log.statemachine.data.sync = true (default)
2019-09-25 07:04:52,574 [pool-47-thread-1] INFO  server.RaftServerConfigKeys (ConfUtils.java:logGet(43)) - raft.server.log.statemachine.data.sync.timeout = 10s (default)
2019-09-25 07:04:52,574 [pool-47-thread-1] INFO  server.RaftServerConfigKeys (ConfUtils.java:logGet(43)) - raft.server.log.statemachine.data.sync.timeout.retry = -1 (default)
2019-09-25 07:04:52,574 [pool-47-thread-1] INFO  server.RaftServerConfigKeys (ConfUtils.java:logGet(43)) - raft.server.log.statemachine.data.caching.enabled = true (custom)
2019-09-25 07:04:52,575 [pool-47-thread-1] INFO  segmented.SegmentedRaftLogWorker (SegmentedRaftLogWorker.java:lambda$new$0(132)) - 24bf2945-a329-4da6-aaf2-23ecd8d462c6@group-BCAD19D2ACA2-SegmentedRaftLogWorker: flushIndex: setUnconditionally 0 -> -1
2019-09-25 07:04:52,575 [62ec8eb9-3ae9-4136-b70a-2caf3716fa7f@group-13A301AC63A1-SegmentedRaftLogWorker] INFO  segmented.SegmentedRaftLogWorker (SegmentedRaftLogWorker.java:execute(569)) - 62ec8eb9-3ae9-4136-b70a-2caf3716fa7f@group-13A301AC63A1-SegmentedRaftLogWorker: created new log segment /workdir/hadoop-ozone/integration-test/target/test-dir/MiniOzoneClusterImpl-39af9574-7a8b-4ed7-b830-bf686a3d4bb8/datanode-1/data/ratis/4a4d1193-afda-45d8-bdf8-13a301ac63a1/current/log_inprogress_0
2019-09-25 07:04:52,575 [62ec8eb9-3ae9-4136-b70a-2caf3716fa7f@group-B959C9F9750D-SegmentedRaftLogWorker] INFO  segmented.SegmentedRaftLogWorker (SegmentedRaftLogWorker.java:execute(569)) - 62ec8eb9-3ae9-4136-b70a-2caf3716fa7f@group-B959C9F9750D-SegmentedRaftLogWorker: created new log segment /workdir/hadoop-ozone/integration-test/target/test-dir/MiniOzoneClusterImpl-39af9574-7a8b-4ed7-b830-bf686a3d4bb8/datanode-1/data/ratis/0f5b38cb-f988-4d60-a3c9-b959c9f9750d/current/log_inprogress_0
2019-09-25 07:04:52,575 [pool-47-thread-1] INFO  server.RaftServerConfigKeys (ConfUtils.java:logGet(43)) - raft.server.snapshot.auto.trigger.enabled = true (custom)
2019-09-25 07:04:52,576 [pool-47-thread-1] INFO  server.RaftServerConfigKeys (ConfUtils.java:logGet(43)) - raft.server.snapshot.auto.trigger.threshold = 10000 (custom)
2019-09-25 07:04:52,576 [pool-47-thread-1] INFO  server.RaftServerConfigKeys (ConfUtils.java:logGet(43)) - raft.server.snapshot.retention.num.files = 5 (custom)
2019-09-25 07:04:52,576 [pool-47-thread-1] INFO  server.RaftServerConfigKeys (ConfUtils.java:logGet(43)) - raft.server.retrycache.expirytime = 600000ms (custom)
2019-09-25 07:04:52,578 [pool-47-thread-1] INFO  impl.RaftServerImpl (RaftServerImpl.java:start(185)) - 24bf2945-a329-4da6-aaf2-23ecd8d462c6@group-BCAD19D2ACA2: start as a follower, conf=-1: [24bf2945-a329-4da6-aaf2-23ecd8d462c6:192.168.30.10:42867], old=null
2019-09-25 07:04:52,578 [pool-47-thread-1] INFO  impl.RaftServerImpl (RaftServerImpl.java:setRole(174)) - 24bf2945-a329-4da6-aaf2-23ecd8d462c6@group-BCAD19D2ACA2: changes role from      null to FOLLOWER at term 0 for startAsFollower
2019-09-25 07:04:52,579 [pool-47-thread-1] INFO  impl.RoleInfo (RoleInfo.java:updateAndGet(143)) - 24bf2945-a329-4da6-aaf2-23ecd8d462c6: start FollowerState
2019-09-25 07:04:52,579 [pool-47-thread-1] INFO  util.JmxRegister (JmxRegister.java:tryRegister(44)) - Successfully registered JMX Bean with object name Ratis:service=RaftServer,group=group-BCAD19D2ACA2,id=24bf2945-a329-4da6-aaf2-23ecd8d462c6
2019-09-25 07:04:52,582 [RatisPipelineUtilsThread] INFO  pipeline.PipelineStateManager (PipelineStateManager.java:addPipeline(56)) - Created pipeline Pipeline[ Id: 6142e07d-fd77-4935-9af6-bcad19d2aca2, Nodes: 24bf2945-a329-4da6-aaf2-23ecd8d462c6{ip: 192.168.30.10, host: pr-hdds-1569-s62bp-3040748787, networkLocation: /default-rack, certSerialId: null}, Type:RATIS, Factor:ONE, State:OPEN]
2019-09-25 07:04:52,588 [grpc-default-executor-1] INFO  impl.RaftServerProxy (RaftServerProxy.java:addNew(89)) - 24bf2945-a329-4da6-aaf2-23ecd8d462c6: addNew group-96B88C982F86:[24bf2945-a329-4da6-aaf2-23ecd8d462c6:192.168.30.10:42867] returns group-96B88C982F86:java.util.concurrent.CompletableFuture@48102008[Not completed]
2019-09-25 07:04:52,589 [pool-47-thread-1] INFO  impl.RaftServerImpl (RaftServerImpl.java:<init>(95)) - 24bf2945-a329-4da6-aaf2-23ecd8d462c6: new RaftServerImpl for group-96B88C982F86:[24bf2945-a329-4da6-aaf2-23ecd8d462c6:192.168.30.10:42867] with ContainerStateMachine:uninitialized
2019-09-25 07:04:52,590 [pool-47-thread-1] INFO  server.RaftServerConfigKeys (ConfUtils.java:logGet(43)) - raft.server.rpc.timeout.min = 5s (custom)
2019-09-25 07:04:52,590 [pool-47-thread-1] INFO  server.RaftServerConfigKeys (ConfUtils.java:logGet(43)) - raft.server.rpc.timeout.max = 5200ms (custom)
2019-09-25 07:04:52,590 [pool-47-thread-1] INFO  server.RaftServerConfigKeys (ConfUtils.java:logGet(43)) - raft.server.rpcslowness.timeout = 120s (custom)
2019-09-25 07:04:52,590 [pool-47-thread-1] INFO  server.RaftServerConfigKeys (ConfUtils.java:logGet(43)) - raft.server.sleep.deviation.threshold = 300 (default)
2019-09-25 07:04:52,590 [pool-47-thread-1] INFO  server.RaftServerConfigKeys (ConfUtils.java:logGet(43)) - raft.server.log.appender.install.snapshot.enabled = false (custom)
2019-09-25 07:04:52,590 [pool-47-thread-1] INFO  impl.RaftServerImpl (ServerState.java:<init>(103)) - 24bf2945-a329-4da6-aaf2-23ecd8d462c6@group-96B88C982F86: ConfigurationManager, init=-1: [24bf2945-a329-4da6-aaf2-23ecd8d462c6:192.168.30.10:42867], old=null, confs=<EMPTY_MAP>
2019-09-25 07:04:52,590 [pool-47-thread-1] INFO  server.RaftServerConfigKeys (ConfUtils.java:logGet(43)) - raft.server.storage.dir = [/workdir/hadoop-ozone/integration-test/target/test-dir/MiniOzoneClusterImpl-39af9574-7a8b-4ed7-b830-bf686a3d4bb8/datanode-2/data/ratis] (custom)
2019-09-25 07:04:52,591 [pool-47-thread-1] INFO  storage.RaftStorageDirectory (RaftStorageDirectory.java:analyzeStorage(246)) - The storage directory /workdir/hadoop-ozone/integration-test/target/test-dir/MiniOzoneClusterImpl-39af9574-7a8b-4ed7-b830-bf686a3d4bb8/datanode-2/data/ratis/6eae343c-de54-4419-aa85-96b88c982f86 does not exist. Creating ...
2019-09-25 07:04:52,603 [pool-47-thread-1] INFO  storage.RaftStorageDirectory (RaftStorageDirectory.java:tryLock(328)) - Lock on /workdir/hadoop-ozone/integration-test/target/test-dir/MiniOzoneClusterImpl-39af9574-7a8b-4ed7-b830-bf686a3d4bb8/datanode-2/data/ratis/6eae343c-de54-4419-aa85-96b88c982f86/in_use.lock acquired by nodename 19495@pr-hdds-1569-s62bp-3040748787
2019-09-25 07:04:52,607 [Thread-307] INFO  impl.FollowerState (FollowerState.java:run(106)) - 62ec8eb9-3ae9-4136-b70a-2caf3716fa7f:group-1CFBCAD8B615 changes to CANDIDATE, lastRpcTime:5118, electionTimeout:5118ms
2019-09-25 07:04:52,607 [Thread-307] INFO  impl.RoleInfo (RoleInfo.java:shutdownFollowerState(121)) - 62ec8eb9-3ae9-4136-b70a-2caf3716fa7f: shutdown FollowerState
2019-09-25 07:04:52,607 [Thread-307] INFO  impl.RaftServerImpl (RaftServerImpl.java:setRole(174)) - 62ec8eb9-3ae9-4136-b70a-2caf3716fa7f@group-1CFBCAD8B615: changes role from  FOLLOWER to CANDIDATE at term 0 for changeToCandidate
2019-09-25 07:04:52,607 [Thread-307] INFO  impl.RoleInfo (RoleInfo.java:updateAndGet(143)) - 62ec8eb9-3ae9-4136-b70a-2caf3716fa7f: start LeaderElection
2019-09-25 07:04:52,618 [pool-47-thread-1] INFO  storage.RaftStorage (RaftStorage.java:format(72)) - Storage directory /workdir/hadoop-ozone/integration-test/target/test-dir/MiniOzoneClusterImpl-39af9574-7a8b-4ed7-b830-bf686a3d4bb8/datanode-2/data/ratis/6eae343c-de54-4419-aa85-96b88c982f86 has been successfully formatted.
2019-09-25 07:04:52,618 [62ec8eb9-3ae9-4136-b70a-2caf3716fa7f@group-1CFBCAD8B615:LeaderElection42] INFO  impl.LeaderElection (LeaderElection.java:askForVotes(182)) - 62ec8eb9-3ae9-4136-b70a-2caf3716fa7f@group-1CFBCAD8B615:LeaderElection42: begin an election at term 1 for -1: [62ec8eb9-3ae9-4136-b70a-2caf3716fa7f:192.168.30.10:44715], old=null
2019-09-25 07:04:52,618 [pool-47-thread-1] INFO  ratis.ContainerStateMachine (ContainerStateMachine.java:loadSnapshot(230)) - group-96B88C982F86: The snapshot info is null. Setting the last applied indexto:(t:0, i:~)
2019-09-25 07:04:52,618 [62ec8eb9-3ae9-4136-b70a-2caf3716fa7f@group-1CFBCAD8B615:LeaderElection42] INFO  impl.RoleInfo (RoleInfo.java:shutdownLeaderElection(134)) - 62ec8eb9-3ae9-4136-b70a-2caf3716fa7f: shutdown LeaderElection
2019-09-25 07:04:52,618 [pool-47-thread-1] INFO  server.RaftServerConfigKeys (ConfUtils.java:logGet(43)) - raft.server.notification.no-leader.timeout = 120s (custom)
2019-09-25 07:04:52,619 [62ec8eb9-3ae9-4136-b70a-2caf3716fa7f@group-1CFBCAD8B615:LeaderElection42] INFO  impl.RaftServerImpl (RaftServerImpl.java:setRole(174)) - 62ec8eb9-3ae9-4136-b70a-2caf3716fa7f@group-1CFBCAD8B615: changes role from CANDIDATE to LEADER at term 1 for changeToLeader
2019-09-25 07:04:52,619 [pool-47-thread-1] INFO  server.RaftServerConfigKeys (ConfUtils.java:logGet(43)) - raft.server.log.use.memory = false (default)
2019-09-25 07:04:52,619 [62ec8eb9-3ae9-4136-b70a-2caf3716fa7f@group-1CFBCAD8B615:LeaderElection42] INFO  impl.RaftServerImpl (ServerState.java:setLeader(253)) - 62ec8eb9-3ae9-4136-b70a-2caf3716fa7f@group-1CFBCAD8B615: change Leader from null to 62ec8eb9-3ae9-4136-b70a-2caf3716fa7f at term 1 for becomeLeader, leader elected after 5137ms
2019-09-25 07:04:52,619 [pool-47-thread-1] INFO  server.RaftServerConfigKeys (ConfUtils.java:logGet(43)) - raft.server.log.purge.gap = 1000000 (custom)
2019-09-25 07:04:52,619 [62ec8eb9-3ae9-4136-b70a-2caf3716fa7f@group-1CFBCAD8B615:LeaderElection42] INFO  server.RaftServerConfigKeys (ConfUtils.java:logGet(43)) - raft.server.staging.catchup.gap = 1000 (default)
2019-09-25 07:04:52,619 [pool-47-thread-1] INFO  server.RaftServerConfigKeys (ConfUtils.java:logGet(43)) - raft.server.log.appender.buffer.byte-limit = 33554432 (custom)
2019-09-25 07:04:52,619 [62ec8eb9-3ae9-4136-b70a-2caf3716fa7f@group-1CFBCAD8B615:LeaderElection42] INFO  server.RaftServerConfigKeys (ConfUtils.java:logGet(43)) - raft.server.rpc.sleep.time = 25ms (default)
2019-09-25 07:04:52,620 [pool-47-thread-1] INFO  server.RaftServerConfigKeys (ConfUtils.java:logGet(43)) - raft.server.log.segment.size.max = 1048576 (custom)
2019-09-25 07:04:52,620 [62ec8eb9-3ae9-4136-b70a-2caf3716fa7f@group-1CFBCAD8B615:LeaderElection42] INFO  server.RaftServerConfigKeys (ConfUtils.java:logGet(43)) - raft.server.write.element-limit = 4096 (default)
2019-09-25 07:04:52,620 [pool-47-thread-1] INFO  server.RaftServerConfigKeys (ConfUtils.java:logGet(43)) - raft.server.log.segment.cache.num.max = 2 (custom)
2019-09-25 07:04:52,620 [62ec8eb9-3ae9-4136-b70a-2caf3716fa7f@group-1CFBCAD8B615:LeaderElection42] INFO  server.RaftServerConfigKeys (ConfUtils.java:logGet(43)) - raft.server.watch.timeout = 10s (default)
2019-09-25 07:04:52,620 [pool-47-thread-1] INFO  segmented.SegmentedRaftLogWorker (SegmentedRaftLogWorker.java:<init>(172)) - new 24bf2945-a329-4da6-aaf2-23ecd8d462c6@group-96B88C982F86-SegmentedRaftLogWorker for RaftStorage:Storage Directory /workdir/hadoop-ozone/integration-test/target/test-dir/MiniOzoneClusterImpl-39af9574-7a8b-4ed7-b830-bf686a3d4bb8/datanode-2/data/ratis/6eae343c-de54-4419-aa85-96b88c982f86
2019-09-25 07:04:52,620 [62ec8eb9-3ae9-4136-b70a-2caf3716fa7f@group-1CFBCAD8B615:LeaderElection42] INFO  server.RaftServerConfigKeys (ConfUtils.java:logGet(43)) - raft.server.watch.timeout.denomination = 1s (default)
2019-09-25 07:04:52,621 [pool-47-thread-1] INFO  server.RaftServerConfigKeys (ConfUtils.java:logGet(43)) - raft.server.log.queue.byte-limit = 2147483647 (custom)
2019-09-25 07:04:52,621 [pool-47-thread-1] INFO  server.RaftServerConfigKeys (ConfUtils.java:logGet(43)) - raft.server.log.queue.element-limit = 1024 (custom)
2019-09-25 07:04:52,621 [62ec8eb9-3ae9-4136-b70a-2caf3716fa7f@group-1CFBCAD8B615:LeaderElection42] INFO  server.RaftServerConfigKeys (ConfUtils.java:logGet(43)) - raft.server.watch.element-limit = 65536 (default)
2019-09-25 07:04:52,621 [pool-47-thread-1] INFO  server.RaftServerConfigKeys (ConfUtils.java:logGet(43)) - raft.server.log.segment.size.max = 1048576 (custom)
2019-09-25 07:04:52,621 [pool-47-thread-1] INFO  server.RaftServerConfigKeys (ConfUtils.java:logGet(43)) - raft.server.log.preallocated.size = 16384 (custom)
2019-09-25 07:04:52,621 [pool-47-thread-1] INFO  server.RaftServerConfigKeys (ConfUtils.java:logGet(43)) - raft.server.log.write.buffer.size = 33554432 (custom)
2019-09-25 07:04:52,622 [pool-47-thread-1] INFO  server.RaftServerConfigKeys (ConfUtils.java:logGet(43)) - raft.server.log.force.sync.num = 128 (default)
2019-09-25 07:04:52,622 [pool-47-thread-1] INFO  server.RaftServerConfigKeys (ConfUtils.java:logGet(43)) - raft.server.log.statemachine.data.sync = true (default)
2019-09-25 07:04:52,622 [pool-47-thread-1] INFO  server.RaftServerConfigKeys (ConfUtils.java:logGet(43)) - raft.server.log.statemachine.data.sync.timeout = 10s (default)
2019-09-25 07:04:52,622 [pool-47-thread-1] INFO  server.RaftServerConfigKeys (ConfUtils.java:logGet(43)) - raft.server.log.statemachine.data.sync.timeout.retry = -1 (default)
2019-09-25 07:04:52,622 [pool-47-thread-1] INFO  server.RaftServerConfigKeys (ConfUtils.java:logGet(43)) - raft.server.log.statemachine.data.caching.enabled = true (custom)
2019-09-25 07:04:52,622 [pool-47-thread-1] INFO  segmented.SegmentedRaftLogWorker (SegmentedRaftLogWorker.java:lambda$new$0(132)) - 24bf2945-a329-4da6-aaf2-23ecd8d462c6@group-96B88C982F86-SegmentedRaftLogWorker: flushIndex: setUnconditionally 0 -> -1
2019-09-25 07:04:52,623 [pool-47-thread-1] INFO  server.RaftServerConfigKeys (ConfUtils.java:logGet(43)) - raft.server.snapshot.auto.trigger.enabled = true (custom)
2019-09-25 07:04:52,623 [pool-47-thread-1] INFO  server.RaftServerConfigKeys (ConfUtils.java:logGet(43)) - raft.server.snapshot.auto.trigger.threshold = 10000 (custom)
2019-09-25 07:04:52,623 [pool-47-thread-1] INFO  server.RaftServerConfigKeys (ConfUtils.java:logGet(43)) - raft.server.snapshot.retention.num.files = 5 (custom)
2019-09-25 07:04:52,623 [pool-47-thread-1] INFO  server.RaftServerConfigKeys (ConfUtils.java:logGet(43)) - raft.server.retrycache.expirytime = 600000ms (custom)
2019-09-25 07:04:52,623 [62ec8eb9-3ae9-4136-b70a-2caf3716fa7f@group-1CFBCAD8B615:LeaderElection42] INFO  impl.RoleInfo (RoleInfo.java:updateAndGet(143)) - 62ec8eb9-3ae9-4136-b70a-2caf3716fa7f: start LeaderState
2019-09-25 07:04:52,624 [62ec8eb9-3ae9-4136-b70a-2caf3716fa7f@group-1CFBCAD8B615:LeaderElection42] INFO  segmented.SegmentedRaftLogWorker (SegmentedRaftLogWorker.java:startLogSegment(380)) - 62ec8eb9-3ae9-4136-b70a-2caf3716fa7f@group-1CFBCAD8B615-SegmentedRaftLogWorker: Starting segment from index:0
2019-09-25 07:04:52,624 [62ec8eb9-3ae9-4136-b70a-2caf3716fa7f@group-1CFBCAD8B615:LeaderElection42] INFO  impl.RaftServerImpl (ServerState.java:setRaftConf(354)) - 62ec8eb9-3ae9-4136-b70a-2caf3716fa7f@group-1CFBCAD8B615: set configuration 0: [62ec8eb9-3ae9-4136-b70a-2caf3716fa7f:192.168.30.10:44715], old=null at 0
2019-09-25 07:04:52,624 [pool-47-thread-1] INFO  impl.RaftServerImpl (RaftServerImpl.java:start(185)) - 24bf2945-a329-4da6-aaf2-23ecd8d462c6@group-96B88C982F86: start as a follower, conf=-1: [24bf2945-a329-4da6-aaf2-23ecd8d462c6:192.168.30.10:42867], old=null
2019-09-25 07:04:52,625 [pool-47-thread-1] INFO  impl.RaftServerImpl (RaftServerImpl.java:setRole(174)) - 24bf2945-a329-4da6-aaf2-23ecd8d462c6@group-96B88C982F86: changes role from      null to FOLLOWER at term 0 for startAsFollower
2019-09-25 07:04:52,625 [pool-47-thread-1] INFO  impl.RoleInfo (RoleInfo.java:updateAndGet(143)) - 24bf2945-a329-4da6-aaf2-23ecd8d462c6: start FollowerState
2019-09-25 07:04:52,625 [pool-47-thread-1] INFO  util.JmxRegister (JmxRegister.java:tryRegister(44)) - Successfully registered JMX Bean with object name Ratis:service=RaftServer,group=group-96B88C982F86,id=24bf2945-a329-4da6-aaf2-23ecd8d462c6
2019-09-25 07:04:52,625 [Thread-310] INFO  impl.FollowerState (FollowerState.java:run(106)) - 24bf2945-a329-4da6-aaf2-23ecd8d462c6:group-7901D8C1857A changes to CANDIDATE, lastRpcTime:5107, electionTimeout:5107ms
2019-09-25 07:04:52,626 [Thread-310] INFO  impl.RoleInfo (RoleInfo.java:shutdownFollowerState(121)) - 24bf2945-a329-4da6-aaf2-23ecd8d462c6: shutdown FollowerState
2019-09-25 07:04:52,626 [Thread-310] INFO  impl.RaftServerImpl (RaftServerImpl.java:setRole(174)) - 24bf2945-a329-4da6-aaf2-23ecd8d462c6@group-7901D8C1857A: changes role from  FOLLOWER to CANDIDATE at term 0 for changeToCandidate
2019-09-25 07:04:52,626 [Thread-310] INFO  impl.RoleInfo (RoleInfo.java:updateAndGet(143)) - 24bf2945-a329-4da6-aaf2-23ecd8d462c6: start LeaderElection
2019-09-25 07:04:52,628 [RatisPipelineUtilsThread] INFO  pipeline.PipelineStateManager (PipelineStateManager.java:addPipeline(56)) - Created pipeline Pipeline[ Id: 6eae343c-de54-4419-aa85-96b88c982f86, Nodes: 24bf2945-a329-4da6-aaf2-23ecd8d462c6{ip: 192.168.30.10, host: pr-hdds-1569-s62bp-3040748787, networkLocation: /default-rack, certSerialId: null}, Type:RATIS, Factor:ONE, State:OPEN]
2019-09-25 07:04:52,634 [grpc-default-executor-1] INFO  impl.RaftServerProxy (RaftServerProxy.java:addNew(89)) - e568d23f-199e-48ce-91e4-5c166e2e97cd: addNew group-3E36BA650D7B:[e568d23f-199e-48ce-91e4-5c166e2e97cd:192.168.30.10:42827] returns group-3E36BA650D7B:java.util.concurrent.CompletableFuture@52c1686c[Not completed]
2019-09-25 07:04:52,635 [pool-27-thread-1] INFO  impl.RaftServerImpl (RaftServerImpl.java:<init>(95)) - e568d23f-199e-48ce-91e4-5c166e2e97cd: new RaftServerImpl for group-3E36BA650D7B:[e568d23f-199e-48ce-91e4-5c166e2e97cd:192.168.30.10:42827] with ContainerStateMachine:uninitialized
2019-09-25 07:04:52,635 [pool-27-thread-1] INFO  server.RaftServerConfigKeys (ConfUtils.java:logGet(43)) - raft.server.rpc.timeout.min = 5s (custom)
2019-09-25 07:04:52,635 [pool-27-thread-1] INFO  server.RaftServerConfigKeys (ConfUtils.java:logGet(43)) - raft.server.rpc.timeout.max = 5200ms (custom)
2019-09-25 07:04:52,635 [pool-27-thread-1] INFO  server.RaftServerConfigKeys (ConfUtils.java:logGet(43)) - raft.server.rpcslowness.timeout = 120s (custom)
2019-09-25 07:04:52,635 [pool-27-thread-1] INFO  server.RaftServerConfigKeys (ConfUtils.java:logGet(43)) - raft.server.sleep.deviation.threshold = 300 (default)
2019-09-25 07:04:52,636 [pool-27-thread-1] INFO  server.RaftServerConfigKeys (ConfUtils.java:logGet(43)) - raft.server.log.appender.install.snapshot.enabled = false (custom)
2019-09-25 07:04:52,636 [pool-27-thread-1] INFO  impl.RaftServerImpl (ServerState.java:<init>(103)) - e568d23f-199e-48ce-91e4-5c166e2e97cd@group-3E36BA650D7B: ConfigurationManager, init=-1: [e568d23f-199e-48ce-91e4-5c166e2e97cd:192.168.30.10:42827], old=null, confs=<EMPTY_MAP>
2019-09-25 07:04:52,636 [pool-27-thread-1] INFO  server.RaftServerConfigKeys (ConfUtils.java:logGet(43)) - raft.server.storage.dir = [/workdir/hadoop-ozone/integration-test/target/test-dir/MiniOzoneClusterImpl-39af9574-7a8b-4ed7-b830-bf686a3d4bb8/datanode-0/data/ratis] (custom)
2019-09-25 07:04:52,636 [pool-27-thread-1] INFO  storage.RaftStorageDirectory (RaftStorageDirectory.java:analyzeStorage(246)) - The storage directory /workdir/hadoop-ozone/integration-test/target/test-dir/MiniOzoneClusterImpl-39af9574-7a8b-4ed7-b830-bf686a3d4bb8/datanode-0/data/ratis/3d30357f-c27d-4495-b74c-3e36ba650d7b does not exist. Creating ...
2019-09-25 07:04:52,640 [pool-27-thread-1] INFO  storage.RaftStorageDirectory (RaftStorageDirectory.java:tryLock(328)) - Lock on /workdir/hadoop-ozone/integration-test/target/test-dir/MiniOzoneClusterImpl-39af9574-7a8b-4ed7-b830-bf686a3d4bb8/datanode-0/data/ratis/3d30357f-c27d-4495-b74c-3e36ba650d7b/in_use.lock acquired by nodename 19495@pr-hdds-1569-s62bp-3040748787
2019-09-25 07:04:52,640 [24bf2945-a329-4da6-aaf2-23ecd8d462c6@group-7901D8C1857A:LeaderElection43] INFO  impl.LeaderElection (LeaderElection.java:askForVotes(182)) - 24bf2945-a329-4da6-aaf2-23ecd8d462c6@group-7901D8C1857A:LeaderElection43: begin an election at term 1 for -1: [24bf2945-a329-4da6-aaf2-23ecd8d462c6:192.168.30.10:42867], old=null
2019-09-25 07:04:52,640 [24bf2945-a329-4da6-aaf2-23ecd8d462c6@group-7901D8C1857A:LeaderElection43] INFO  impl.RoleInfo (RoleInfo.java:shutdownLeaderElection(134)) - 24bf2945-a329-4da6-aaf2-23ecd8d462c6: shutdown LeaderElection
2019-09-25 07:04:52,640 [24bf2945-a329-4da6-aaf2-23ecd8d462c6@group-7901D8C1857A:LeaderElection43] INFO  impl.RaftServerImpl (RaftServerImpl.java:setRole(174)) - 24bf2945-a329-4da6-aaf2-23ecd8d462c6@group-7901D8C1857A: changes role from CANDIDATE to LEADER at term 1 for changeToLeader
2019-09-25 07:04:52,640 [24bf2945-a329-4da6-aaf2-23ecd8d462c6@group-7901D8C1857A:LeaderElection43] INFO  impl.RaftServerImpl (ServerState.java:setLeader(253)) - 24bf2945-a329-4da6-aaf2-23ecd8d462c6@group-7901D8C1857A: change Leader from null to 24bf2945-a329-4da6-aaf2-23ecd8d462c6 at term 1 for becomeLeader, leader elected after 5129ms
2019-09-25 07:04:52,640 [24bf2945-a329-4da6-aaf2-23ecd8d462c6@group-7901D8C1857A:LeaderElection43] INFO  server.RaftServerConfigKeys (ConfUtils.java:logGet(43)) - raft.server.staging.catchup.gap = 1000 (default)
2019-09-25 07:04:52,640 [24bf2945-a329-4da6-aaf2-23ecd8d462c6@group-7901D8C1857A:LeaderElection43] INFO  server.RaftServerConfigKeys (ConfUtils.java:logGet(43)) - raft.server.rpc.sleep.time = 25ms (default)
2019-09-25 07:04:52,640 [24bf2945-a329-4da6-aaf2-23ecd8d462c6@group-7901D8C1857A:LeaderElection43] INFO  server.RaftServerConfigKeys (ConfUtils.java:logGet(43)) - raft.server.write.element-limit = 4096 (default)
2019-09-25 07:04:52,641 [24bf2945-a329-4da6-aaf2-23ecd8d462c6@group-7901D8C1857A:LeaderElection43] INFO  server.RaftServerConfigKeys (ConfUtils.java:logGet(43)) - raft.server.watch.timeout = 10s (default)
2019-09-25 07:04:52,641 [24bf2945-a329-4da6-aaf2-23ecd8d462c6@group-7901D8C1857A:LeaderElection43] INFO  server.RaftServerConfigKeys (ConfUtils.java:logGet(43)) - raft.server.watch.timeout.denomination = 1s (default)
2019-09-25 07:04:52,641 [24bf2945-a329-4da6-aaf2-23ecd8d462c6@group-7901D8C1857A:LeaderElection43] INFO  server.RaftServerConfigKeys (ConfUtils.java:logGet(43)) - raft.server.watch.element-limit = 65536 (default)
2019-09-25 07:04:52,642 [24bf2945-a329-4da6-aaf2-23ecd8d462c6@group-7901D8C1857A:LeaderElection43] INFO  impl.RoleInfo (RoleInfo.java:updateAndGet(143)) - 24bf2945-a329-4da6-aaf2-23ecd8d462c6: start LeaderState
2019-09-25 07:04:52,643 [24bf2945-a329-4da6-aaf2-23ecd8d462c6@group-7901D8C1857A:LeaderElection43] INFO  segmented.SegmentedRaftLogWorker (SegmentedRaftLogWorker.java:startLogSegment(380)) - 24bf2945-a329-4da6-aaf2-23ecd8d462c6@group-7901D8C1857A-SegmentedRaftLogWorker: Starting segment from index:0
2019-09-25 07:04:52,643 [24bf2945-a329-4da6-aaf2-23ecd8d462c6@group-7901D8C1857A:LeaderElection43] INFO  impl.RaftServerImpl (ServerState.java:setRaftConf(354)) - 24bf2945-a329-4da6-aaf2-23ecd8d462c6@group-7901D8C1857A: set configuration 0: [24bf2945-a329-4da6-aaf2-23ecd8d462c6:192.168.30.10:42867], old=null at 0
2019-09-25 07:04:52,646 [Thread-304] INFO  impl.FollowerState (FollowerState.java:run(106)) - 62ec8eb9-3ae9-4136-b70a-2caf3716fa7f:group-C148D37ABAE7 changes to CANDIDATE, lastRpcTime:5185, electionTimeout:5185ms
2019-09-25 07:04:52,646 [Thread-304] INFO  impl.RoleInfo (RoleInfo.java:shutdownFollowerState(121)) - 62ec8eb9-3ae9-4136-b70a-2caf3716fa7f: shutdown FollowerState
2019-09-25 07:04:52,646 [Thread-304] INFO  impl.RaftServerImpl (RaftServerImpl.java:setRole(174)) - 62ec8eb9-3ae9-4136-b70a-2caf3716fa7f@group-C148D37ABAE7: changes role from  FOLLOWER to CANDIDATE at term 0 for changeToCandidate
2019-09-25 07:04:52,647 [Thread-304] INFO  impl.RoleInfo (RoleInfo.java:updateAndGet(143)) - 62ec8eb9-3ae9-4136-b70a-2caf3716fa7f: start LeaderElection
2019-09-25 07:04:52,654 [62ec8eb9-3ae9-4136-b70a-2caf3716fa7f@group-C148D37ABAE7:LeaderElection44] INFO  impl.LeaderElection (LeaderElection.java:askForVotes(182)) - 62ec8eb9-3ae9-4136-b70a-2caf3716fa7f@group-C148D37ABAE7:LeaderElection44: begin an election at term 1 for -1: [62ec8eb9-3ae9-4136-b70a-2caf3716fa7f:192.168.30.10:44715], old=null
2019-09-25 07:04:52,654 [pool-27-thread-1] INFO  storage.RaftStorage (RaftStorage.java:format(72)) - Storage directory /workdir/hadoop-ozone/integration-test/target/test-dir/MiniOzoneClusterImpl-39af9574-7a8b-4ed7-b830-bf686a3d4bb8/datanode-0/data/ratis/3d30357f-c27d-4495-b74c-3e36ba650d7b has been successfully formatted.
2019-09-25 07:04:52,654 [62ec8eb9-3ae9-4136-b70a-2caf3716fa7f@group-C148D37ABAE7:LeaderElection44] INFO  impl.RoleInfo (RoleInfo.java:shutdownLeaderElection(134)) - 62ec8eb9-3ae9-4136-b70a-2caf3716fa7f: shutdown LeaderElection
2019-09-25 07:04:52,654 [62ec8eb9-3ae9-4136-b70a-2caf3716fa7f@group-C148D37ABAE7:LeaderElection44] INFO  impl.RaftServerImpl (RaftServerImpl.java:setRole(174)) - 62ec8eb9-3ae9-4136-b70a-2caf3716fa7f@group-C148D37ABAE7: changes role from CANDIDATE to LEADER at term 1 for changeToLeader
2019-09-25 07:04:52,654 [pool-27-thread-1] INFO  ratis.ContainerStateMachine (ContainerStateMachine.java:loadSnapshot(230)) - group-3E36BA650D7B: The snapshot info is null. Setting the last applied indexto:(t:0, i:~)
2019-09-25 07:04:52,654 [62ec8eb9-3ae9-4136-b70a-2caf3716fa7f@group-C148D37ABAE7:LeaderElection44] INFO  impl.RaftServerImpl (ServerState.java:setLeader(253)) - 62ec8eb9-3ae9-4136-b70a-2caf3716fa7f@group-C148D37ABAE7: change Leader from null to 62ec8eb9-3ae9-4136-b70a-2caf3716fa7f at term 1 for becomeLeader, leader elected after 5201ms
2019-09-25 07:04:52,655 [pool-27-thread-1] INFO  server.RaftServerConfigKeys (ConfUtils.java:logGet(43)) - raft.server.notification.no-leader.timeout = 120s (custom)
2019-09-25 07:04:52,655 [62ec8eb9-3ae9-4136-b70a-2caf3716fa7f@group-C148D37ABAE7:LeaderElection44] INFO  server.RaftServerConfigKeys (ConfUtils.java:logGet(43)) - raft.server.staging.catchup.gap = 1000 (default)
2019-09-25 07:04:52,655 [pool-27-thread-1] INFO  server.RaftServerConfigKeys (ConfUtils.java:logGet(43)) - raft.server.log.use.memory = false (default)
2019-09-25 07:04:52,655 [62ec8eb9-3ae9-4136-b70a-2caf3716fa7f@group-C148D37ABAE7:LeaderElection44] INFO  server.RaftServerConfigKeys (ConfUtils.java:logGet(43)) - raft.server.rpc.sleep.time = 25ms (default)
2019-09-25 07:04:52,655 [pool-27-thread-1] INFO  server.RaftServerConfigKeys (ConfUtils.java:logGet(43)) - raft.server.log.purge.gap = 1000000 (custom)
2019-09-25 07:04:52,655 [62ec8eb9-3ae9-4136-b70a-2caf3716fa7f@group-C148D37ABAE7:LeaderElection44] INFO  server.RaftServerConfigKeys (ConfUtils.java:logGet(43)) - raft.server.write.element-limit = 4096 (default)
2019-09-25 07:04:52,655 [pool-27-thread-1] INFO  server.RaftServerConfigKeys (ConfUtils.java:logGet(43)) - raft.server.log.appender.buffer.byte-limit = 33554432 (custom)
2019-09-25 07:04:52,655 [62ec8eb9-3ae9-4136-b70a-2caf3716fa7f@group-C148D37ABAE7:LeaderElection44] INFO  server.RaftServerConfigKeys (ConfUtils.java:logGet(43)) - raft.server.watch.timeout = 10s (default)
2019-09-25 07:04:52,656 [pool-27-thread-1] INFO  server.RaftServerConfigKeys (ConfUtils.java:logGet(43)) - raft.server.log.segment.size.max = 1048576 (custom)
2019-09-25 07:04:52,656 [62ec8eb9-3ae9-4136-b70a-2caf3716fa7f@group-C148D37ABAE7:LeaderElection44] INFO  server.RaftServerConfigKeys (ConfUtils.java:logGet(43)) - raft.server.watch.timeout.denomination = 1s (default)
2019-09-25 07:04:52,656 [pool-27-thread-1] INFO  server.RaftServerConfigKeys (ConfUtils.java:logGet(43)) - raft.server.log.segment.cache.num.max = 2 (custom)
2019-09-25 07:04:52,656 [62ec8eb9-3ae9-4136-b70a-2caf3716fa7f@group-C148D37ABAE7:LeaderElection44] INFO  server.RaftServerConfigKeys (ConfUtils.java:logGet(43)) - raft.server.watch.element-limit = 65536 (default)
2019-09-25 07:04:52,656 [pool-27-thread-1] INFO  segmented.SegmentedRaftLogWorker (SegmentedRaftLogWorker.java:<init>(172)) - new e568d23f-199e-48ce-91e4-5c166e2e97cd@group-3E36BA650D7B-SegmentedRaftLogWorker for RaftStorage:Storage Directory /workdir/hadoop-ozone/integration-test/target/test-dir/MiniOzoneClusterImpl-39af9574-7a8b-4ed7-b830-bf686a3d4bb8/datanode-0/data/ratis/3d30357f-c27d-4495-b74c-3e36ba650d7b
2019-09-25 07:04:52,656 [pool-27-thread-1] INFO  server.RaftServerConfigKeys (ConfUtils.java:logGet(43)) - raft.server.log.queue.byte-limit = 2147483647 (custom)
2019-09-25 07:04:52,657 [pool-27-thread-1] INFO  server.RaftServerConfigKeys (ConfUtils.java:logGet(43)) - raft.server.log.queue.element-limit = 1024 (custom)
2019-09-25 07:04:52,657 [pool-27-thread-1] INFO  server.RaftServerConfigKeys (ConfUtils.java:logGet(43)) - raft.server.log.segment.size.max = 1048576 (custom)
2019-09-25 07:04:52,657 [pool-27-thread-1] INFO  server.RaftServerConfigKeys (ConfUtils.java:logGet(43)) - raft.server.log.preallocated.size = 16384 (custom)
2019-09-25 07:04:52,657 [pool-27-thread-1] INFO  server.RaftServerConfigKeys (ConfUtils.java:logGet(43)) - raft.server.log.write.buffer.size = 33554432 (custom)
2019-09-25 07:04:52,657 [pool-27-thread-1] INFO  server.RaftServerConfigKeys (ConfUtils.java:logGet(43)) - raft.server.log.force.sync.num = 128 (default)
2019-09-25 07:04:52,657 [pool-27-thread-1] INFO  server.RaftServerConfigKeys (ConfUtils.java:logGet(43)) - raft.server.log.statemachine.data.sync = true (default)
2019-09-25 07:04:52,657 [pool-27-thread-1] INFO  server.RaftServerConfigKeys (ConfUtils.java:logGet(43)) - raft.server.log.statemachine.data.sync.timeout = 10s (default)
2019-09-25 07:04:52,658 [pool-27-thread-1] INFO  server.RaftServerConfigKeys (ConfUtils.java:logGet(43)) - raft.server.log.statemachine.data.sync.timeout.retry = -1 (default)
2019-09-25 07:04:52,658 [62ec8eb9-3ae9-4136-b70a-2caf3716fa7f@group-C148D37ABAE7:LeaderElection44] INFO  impl.RoleInfo (RoleInfo.java:updateAndGet(143)) - 62ec8eb9-3ae9-4136-b70a-2caf3716fa7f: start LeaderState
2019-09-25 07:04:52,658 [pool-27-thread-1] INFO  server.RaftServerConfigKeys (ConfUtils.java:logGet(43)) - raft.server.log.statemachine.data.caching.enabled = true (custom)
2019-09-25 07:04:52,658 [62ec8eb9-3ae9-4136-b70a-2caf3716fa7f@group-C148D37ABAE7:LeaderElection44] INFO  segmented.SegmentedRaftLogWorker (SegmentedRaftLogWorker.java:startLogSegment(380)) - 62ec8eb9-3ae9-4136-b70a-2caf3716fa7f@group-C148D37ABAE7-SegmentedRaftLogWorker: Starting segment from index:0
2019-09-25 07:04:52,658 [pool-27-thread-1] INFO  segmented.SegmentedRaftLogWorker (SegmentedRaftLogWorker.java:lambda$new$0(132)) - e568d23f-199e-48ce-91e4-5c166e2e97cd@group-3E36BA650D7B-SegmentedRaftLogWorker: flushIndex: setUnconditionally 0 -> -1
2019-09-25 07:04:52,659 [62ec8eb9-3ae9-4136-b70a-2caf3716fa7f@group-C148D37ABAE7:LeaderElection44] INFO  impl.RaftServerImpl (ServerState.java:setRaftConf(354)) - 62ec8eb9-3ae9-4136-b70a-2caf3716fa7f@group-C148D37ABAE7: set configuration 0: [62ec8eb9-3ae9-4136-b70a-2caf3716fa7f:192.168.30.10:44715], old=null at 0
2019-09-25 07:04:52,659 [pool-27-thread-1] INFO  server.RaftServerConfigKeys (ConfUtils.java:logGet(43)) - raft.server.snapshot.auto.trigger.enabled = true (custom)
2019-09-25 07:04:52,659 [pool-27-thread-1] INFO  server.RaftServerConfigKeys (ConfUtils.java:logGet(43)) - raft.server.snapshot.auto.trigger.threshold = 10000 (custom)
2019-09-25 07:04:52,659 [pool-27-thread-1] INFO  server.RaftServerConfigKeys (ConfUtils.java:logGet(43)) - raft.server.snapshot.retention.num.files = 5 (custom)
2019-09-25 07:04:52,659 [pool-27-thread-1] INFO  server.RaftServerConfigKeys (ConfUtils.java:logGet(43)) - raft.server.retrycache.expirytime = 600000ms (custom)
2019-09-25 07:04:52,661 [pool-27-thread-1] INFO  impl.RaftServerImpl (RaftServerImpl.java:start(185)) - e568d23f-199e-48ce-91e4-5c166e2e97cd@group-3E36BA650D7B: start as a follower, conf=-1: [e568d23f-199e-48ce-91e4-5c166e2e97cd:192.168.30.10:42827], old=null
2019-09-25 07:04:52,661 [pool-27-thread-1] INFO  impl.RaftServerImpl (RaftServerImpl.java:setRole(174)) - e568d23f-199e-48ce-91e4-5c166e2e97cd@group-3E36BA650D7B: changes role from      null to FOLLOWER at term 0 for startAsFollower
2019-09-25 07:04:52,662 [pool-27-thread-1] INFO  impl.RoleInfo (RoleInfo.java:updateAndGet(143)) - e568d23f-199e-48ce-91e4-5c166e2e97cd: start FollowerState
2019-09-25 07:04:52,662 [pool-27-thread-1] INFO  util.JmxRegister (JmxRegister.java:tryRegister(44)) - Successfully registered JMX Bean with object name Ratis:service=RaftServer,group=group-3E36BA650D7B,id=e568d23f-199e-48ce-91e4-5c166e2e97cd
2019-09-25 07:04:52,665 [RatisPipelineUtilsThread] INFO  pipeline.PipelineStateManager (PipelineStateManager.java:addPipeline(56)) - Created pipeline Pipeline[ Id: 3d30357f-c27d-4495-b74c-3e36ba650d7b, Nodes: e568d23f-199e-48ce-91e4-5c166e2e97cd{ip: 192.168.30.10, host: pr-hdds-1569-s62bp-3040748787, networkLocation: /default-rack, certSerialId: null}, Type:RATIS, Factor:ONE, State:OPEN]
2019-09-25 07:04:52,672 [grpc-default-executor-1] INFO  impl.RaftServerProxy (RaftServerProxy.java:addNew(89)) - 24bf2945-a329-4da6-aaf2-23ecd8d462c6: addNew group-6B6043C7F4B7:[24bf2945-a329-4da6-aaf2-23ecd8d462c6:192.168.30.10:42867] returns group-6B6043C7F4B7:java.util.concurrent.CompletableFuture@6766ed3b[Not completed]
2019-09-25 07:04:52,673 [pool-47-thread-1] INFO  impl.RaftServerImpl (RaftServerImpl.java:<init>(95)) - 24bf2945-a329-4da6-aaf2-23ecd8d462c6: new RaftServerImpl for group-6B6043C7F4B7:[24bf2945-a329-4da6-aaf2-23ecd8d462c6:192.168.30.10:42867] with ContainerStateMachine:uninitialized
2019-09-25 07:04:52,673 [pool-47-thread-1] INFO  server.RaftServerConfigKeys (ConfUtils.java:logGet(43)) - raft.server.rpc.timeout.min = 5s (custom)
2019-09-25 07:04:52,673 [pool-47-thread-1] INFO  server.RaftServerConfigKeys (ConfUtils.java:logGet(43)) - raft.server.rpc.timeout.max = 5200ms (custom)
2019-09-25 07:04:52,673 [pool-47-thread-1] INFO  server.RaftServerConfigKeys (ConfUtils.java:logGet(43)) - raft.server.rpcslowness.timeout = 120s (custom)
2019-09-25 07:04:52,673 [pool-47-thread-1] INFO  server.RaftServerConfigKeys (ConfUtils.java:logGet(43)) - raft.server.sleep.deviation.threshold = 300 (default)
2019-09-25 07:04:52,674 [pool-47-thread-1] INFO  server.RaftServerConfigKeys (ConfUtils.java:logGet(43)) - raft.server.log.appender.install.snapshot.enabled = false (custom)
2019-09-25 07:04:52,674 [pool-47-thread-1] INFO  impl.RaftServerImpl (ServerState.java:<init>(103)) - 24bf2945-a329-4da6-aaf2-23ecd8d462c6@group-6B6043C7F4B7: ConfigurationManager, init=-1: [24bf2945-a329-4da6-aaf2-23ecd8d462c6:192.168.30.10:42867], old=null, confs=<EMPTY_MAP>
2019-09-25 07:04:52,674 [pool-47-thread-1] INFO  server.RaftServerConfigKeys (ConfUtils.java:logGet(43)) - raft.server.storage.dir = [/workdir/hadoop-ozone/integration-test/target/test-dir/MiniOzoneClusterImpl-39af9574-7a8b-4ed7-b830-bf686a3d4bb8/datanode-2/data/ratis] (custom)
2019-09-25 07:04:52,675 [pool-47-thread-1] INFO  storage.RaftStorageDirectory (RaftStorageDirectory.java:analyzeStorage(246)) - The storage directory /workdir/hadoop-ozone/integration-test/target/test-dir/MiniOzoneClusterImpl-39af9574-7a8b-4ed7-b830-bf686a3d4bb8/datanode-2/data/ratis/5d119b43-9c43-4925-931e-6b6043c7f4b7 does not exist. Creating ...
2019-09-25 07:04:52,680 [pool-47-thread-1] INFO  storage.RaftStorageDirectory (RaftStorageDirectory.java:tryLock(328)) - Lock on /workdir/hadoop-ozone/integration-test/target/test-dir/MiniOzoneClusterImpl-39af9574-7a8b-4ed7-b830-bf686a3d4bb8/datanode-2/data/ratis/5d119b43-9c43-4925-931e-6b6043c7f4b7/in_use.lock acquired by nodename 19495@pr-hdds-1569-s62bp-3040748787
2019-09-25 07:04:52,680 [62ec8eb9-3ae9-4136-b70a-2caf3716fa7f@group-1CFBCAD8B615-SegmentedRaftLogWorker] INFO  segmented.SegmentedRaftLogWorker (SegmentedRaftLogWorker.java:execute(569)) - 62ec8eb9-3ae9-4136-b70a-2caf3716fa7f@group-1CFBCAD8B615-SegmentedRaftLogWorker: created new log segment /workdir/hadoop-ozone/integration-test/target/test-dir/MiniOzoneClusterImpl-39af9574-7a8b-4ed7-b830-bf686a3d4bb8/datanode-1/data/ratis/0be6dec5-9075-47a2-8354-1cfbcad8b615/current/log_inprogress_0
2019-09-25 07:04:52,693 [24bf2945-a329-4da6-aaf2-23ecd8d462c6@group-7901D8C1857A-SegmentedRaftLogWorker] INFO  segmented.SegmentedRaftLogWorker (SegmentedRaftLogWorker.java:execute(569)) - 24bf2945-a329-4da6-aaf2-23ecd8d462c6@group-7901D8C1857A-SegmentedRaftLogWorker: created new log segment /workdir/hadoop-ozone/integration-test/target/test-dir/MiniOzoneClusterImpl-39af9574-7a8b-4ed7-b830-bf686a3d4bb8/datanode-2/data/ratis/18a43d76-f22c-4944-8c62-7901d8c1857a/current/log_inprogress_0
2019-09-25 07:04:52,693 [pool-47-thread-1] INFO  storage.RaftStorage (RaftStorage.java:format(72)) - Storage directory /workdir/hadoop-ozone/integration-test/target/test-dir/MiniOzoneClusterImpl-39af9574-7a8b-4ed7-b830-bf686a3d4bb8/datanode-2/data/ratis/5d119b43-9c43-4925-931e-6b6043c7f4b7 has been successfully formatted.
2019-09-25 07:04:52,694 [pool-47-thread-1] INFO  ratis.ContainerStateMachine (ContainerStateMachine.java:loadSnapshot(230)) - group-6B6043C7F4B7: The snapshot info is null. Setting the last applied indexto:(t:0, i:~)
2019-09-25 07:04:52,694 [pool-47-thread-1] INFO  server.RaftServerConfigKeys (ConfUtils.java:logGet(43)) - raft.server.notification.no-leader.timeout = 120s (custom)
2019-09-25 07:04:52,694 [pool-47-thread-1] INFO  server.RaftServerConfigKeys (ConfUtils.java:logGet(43)) - raft.server.log.use.memory = false (default)
2019-09-25 07:04:52,694 [pool-47-thread-1] INFO  server.RaftServerConfigKeys (ConfUtils.java:logGet(43)) - raft.server.log.purge.gap = 1000000 (custom)
2019-09-25 07:04:52,694 [pool-47-thread-1] INFO  server.RaftServerConfigKeys (ConfUtils.java:logGet(43)) - raft.server.log.appender.buffer.byte-limit = 33554432 (custom)
2019-09-25 07:04:52,694 [pool-47-thread-1] INFO  server.RaftServerConfigKeys (ConfUtils.java:logGet(43)) - raft.server.log.segment.size.max = 1048576 (custom)
2019-09-25 07:04:52,695 [pool-47-thread-1] INFO  server.RaftServerConfigKeys (ConfUtils.java:logGet(43)) - raft.server.log.segment.cache.num.max = 2 (custom)
2019-09-25 07:04:52,695 [pool-47-thread-1] INFO  segmented.SegmentedRaftLogWorker (SegmentedRaftLogWorker.java:<init>(172)) - new 24bf2945-a329-4da6-aaf2-23ecd8d462c6@group-6B6043C7F4B7-SegmentedRaftLogWorker for RaftStorage:Storage Directory /workdir/hadoop-ozone/integration-test/target/test-dir/MiniOzoneClusterImpl-39af9574-7a8b-4ed7-b830-bf686a3d4bb8/datanode-2/data/ratis/5d119b43-9c43-4925-931e-6b6043c7f4b7
2019-09-25 07:04:52,695 [pool-47-thread-1] INFO  server.RaftServerConfigKeys (ConfUtils.java:logGet(43)) - raft.server.log.queue.byte-limit = 2147483647 (custom)
2019-09-25 07:04:52,695 [pool-47-thread-1] INFO  server.RaftServerConfigKeys (ConfUtils.java:logGet(43)) - raft.server.log.queue.element-limit = 1024 (custom)
2019-09-25 07:04:52,695 [pool-47-thread-1] INFO  server.RaftServerConfigKeys (ConfUtils.java:logGet(43)) - raft.server.log.segment.size.max = 1048576 (custom)
2019-09-25 07:04:52,695 [pool-47-thread-1] INFO  server.RaftServerConfigKeys (ConfUtils.java:logGet(43)) - raft.server.log.preallocated.size = 16384 (custom)
2019-09-25 07:04:52,695 [pool-47-thread-1] INFO  server.RaftServerConfigKeys (ConfUtils.java:logGet(43)) - raft.server.log.write.buffer.size = 33554432 (custom)
2019-09-25 07:04:52,695 [pool-47-thread-1] INFO  server.RaftServerConfigKeys (ConfUtils.java:logGet(43)) - raft.server.log.force.sync.num = 128 (default)
2019-09-25 07:04:52,696 [pool-47-thread-1] INFO  server.RaftServerConfigKeys (ConfUtils.java:logGet(43)) - raft.server.log.statemachine.data.sync = true (default)
2019-09-25 07:04:52,696 [pool-47-thread-1] INFO  server.RaftServerConfigKeys (ConfUtils.java:logGet(43)) - raft.server.log.statemachine.data.sync.timeout = 10s (default)
2019-09-25 07:04:52,696 [pool-47-thread-1] INFO  server.RaftServerConfigKeys (ConfUtils.java:logGet(43)) - raft.server.log.statemachine.data.sync.timeout.retry = -1 (default)
2019-09-25 07:04:52,696 [pool-47-thread-1] INFO  server.RaftServerConfigKeys (ConfUtils.java:logGet(43)) - raft.server.log.statemachine.data.caching.enabled = true (custom)
2019-09-25 07:04:52,696 [62ec8eb9-3ae9-4136-b70a-2caf3716fa7f@group-C148D37ABAE7-SegmentedRaftLogWorker] INFO  segmented.SegmentedRaftLogWorker (SegmentedRaftLogWorker.java:execute(569)) - 62ec8eb9-3ae9-4136-b70a-2caf3716fa7f@group-C148D37ABAE7-SegmentedRaftLogWorker: created new log segment /workdir/hadoop-ozone/integration-test/target/test-dir/MiniOzoneClusterImpl-39af9574-7a8b-4ed7-b830-bf686a3d4bb8/datanode-1/data/ratis/8072a82a-d65d-4812-b8da-c148d37abae7/current/log_inprogress_0
2019-09-25 07:04:52,696 [pool-47-thread-1] INFO  segmented.SegmentedRaftLogWorker (SegmentedRaftLogWorker.java:lambda$new$0(132)) - 24bf2945-a329-4da6-aaf2-23ecd8d462c6@group-6B6043C7F4B7-SegmentedRaftLogWorker: flushIndex: setUnconditionally 0 -> -1
2019-09-25 07:04:52,697 [pool-47-thread-1] INFO  server.RaftServerConfigKeys (ConfUtils.java:logGet(43)) - raft.server.snapshot.auto.trigger.enabled = true (custom)
2019-09-25 07:04:52,697 [pool-47-thread-1] INFO  server.RaftServerConfigKeys (ConfUtils.java:logGet(43)) - raft.server.snapshot.auto.trigger.threshold = 10000 (custom)
2019-09-25 07:04:52,697 [pool-47-thread-1] INFO  server.RaftServerConfigKeys (ConfUtils.java:logGet(43)) - raft.server.snapshot.retention.num.files = 5 (custom)
2019-09-25 07:04:52,697 [pool-47-thread-1] INFO  server.RaftServerConfigKeys (ConfUtils.java:logGet(43)) - raft.server.retrycache.expirytime = 600000ms (custom)
2019-09-25 07:04:52,699 [Thread-319] INFO  impl.FollowerState (FollowerState.java:run(106)) - 24bf2945-a329-4da6-aaf2-23ecd8d462c6:group-AB91BC31D1B7 changes to CANDIDATE, lastRpcTime:5086, electionTimeout:5086ms
2019-09-25 07:04:52,699 [Thread-319] INFO  impl.RoleInfo (RoleInfo.java:shutdownFollowerState(121)) - 24bf2945-a329-4da6-aaf2-23ecd8d462c6: shutdown FollowerState
2019-09-25 07:04:52,699 [Thread-319] INFO  impl.RaftServerImpl (RaftServerImpl.java:setRole(174)) - 24bf2945-a329-4da6-aaf2-23ecd8d462c6@group-AB91BC31D1B7: changes role from  FOLLOWER to CANDIDATE at term 0 for changeToCandidate
2019-09-25 07:04:52,699 [Thread-319] INFO  impl.RoleInfo (RoleInfo.java:updateAndGet(143)) - 24bf2945-a329-4da6-aaf2-23ecd8d462c6: start LeaderElection
2019-09-25 07:04:52,699 [pool-47-thread-1] INFO  impl.RaftServerImpl (RaftServerImpl.java:start(185)) - 24bf2945-a329-4da6-aaf2-23ecd8d462c6@group-6B6043C7F4B7: start as a follower, conf=-1: [24bf2945-a329-4da6-aaf2-23ecd8d462c6:192.168.30.10:42867], old=null
2019-09-25 07:04:52,700 [pool-47-thread-1] INFO  impl.RaftServerImpl (RaftServerImpl.java:setRole(174)) - 24bf2945-a329-4da6-aaf2-23ecd8d462c6@group-6B6043C7F4B7: changes role from      null to FOLLOWER at term 0 for startAsFollower
2019-09-25 07:04:52,700 [pool-47-thread-1] INFO  impl.RoleInfo (RoleInfo.java:updateAndGet(143)) - 24bf2945-a329-4da6-aaf2-23ecd8d462c6: start FollowerState
2019-09-25 07:04:52,700 [pool-47-thread-1] INFO  util.JmxRegister (JmxRegister.java:tryRegister(44)) - Successfully registered JMX Bean with object name Ratis:service=RaftServer,group=group-6B6043C7F4B7,id=24bf2945-a329-4da6-aaf2-23ecd8d462c6
2019-09-25 07:04:52,702 [Thread-325] INFO  impl.FollowerState (FollowerState.java:run(106)) - e568d23f-199e-48ce-91e4-5c166e2e97cd:group-37FC0290CEDB changes to CANDIDATE, lastRpcTime:5002, electionTimeout:5002ms
2019-09-25 07:04:52,703 [Thread-325] INFO  impl.RoleInfo (RoleInfo.java:shutdownFollowerState(121)) - e568d23f-199e-48ce-91e4-5c166e2e97cd: shutdown FollowerState
2019-09-25 07:04:52,703 [Thread-325] INFO  impl.RaftServerImpl (RaftServerImpl.java:setRole(174)) - e568d23f-199e-48ce-91e4-5c166e2e97cd@group-37FC0290CEDB: changes role from  FOLLOWER to CANDIDATE at term 0 for changeToCandidate
2019-09-25 07:04:52,703 [Thread-325] INFO  impl.RoleInfo (RoleInfo.java:updateAndGet(143)) - e568d23f-199e-48ce-91e4-5c166e2e97cd: start LeaderElection
2019-09-25 07:04:52,703 [RatisPipelineUtilsThread] INFO  pipeline.PipelineStateManager (PipelineStateManager.java:addPipeline(56)) - Created pipeline Pipeline[ Id: 5d119b43-9c43-4925-931e-6b6043c7f4b7, Nodes: 24bf2945-a329-4da6-aaf2-23ecd8d462c6{ip: 192.168.30.10, host: pr-hdds-1569-s62bp-3040748787, networkLocation: /default-rack, certSerialId: null}, Type:RATIS, Factor:ONE, State:OPEN]
2019-09-25 07:04:52,709 [grpc-default-executor-1] INFO  impl.RaftServerProxy (RaftServerProxy.java:addNew(89)) - 62ec8eb9-3ae9-4136-b70a-2caf3716fa7f: addNew group-34589095EC66:[62ec8eb9-3ae9-4136-b70a-2caf3716fa7f:192.168.30.10:44715] returns group-34589095EC66:java.util.concurrent.CompletableFuture@15a93032[Not completed]
2019-09-25 07:04:52,711 [pool-37-thread-1] INFO  impl.RaftServerImpl (RaftServerImpl.java:<init>(95)) - 62ec8eb9-3ae9-4136-b70a-2caf3716fa7f: new RaftServerImpl for group-34589095EC66:[62ec8eb9-3ae9-4136-b70a-2caf3716fa7f:192.168.30.10:44715] with ContainerStateMachine:uninitialized
2019-09-25 07:04:52,711 [pool-37-thread-1] INFO  server.RaftServerConfigKeys (ConfUtils.java:logGet(43)) - raft.server.rpc.timeout.min = 5s (custom)
2019-09-25 07:04:52,711 [pool-37-thread-1] INFO  server.RaftServerConfigKeys (ConfUtils.java:logGet(43)) - raft.server.rpc.timeout.max = 5200ms (custom)
2019-09-25 07:04:52,711 [pool-37-thread-1] INFO  server.RaftServerConfigKeys (ConfUtils.java:logGet(43)) - raft.server.rpcslowness.timeout = 120s (custom)
2019-09-25 07:04:52,711 [pool-37-thread-1] INFO  server.RaftServerConfigKeys (ConfUtils.java:logGet(43)) - raft.server.sleep.deviation.threshold = 300 (default)
2019-09-25 07:04:52,712 [pool-37-thread-1] INFO  server.RaftServerConfigKeys (ConfUtils.java:logGet(43)) - raft.server.log.appender.install.snapshot.enabled = false (custom)
2019-09-25 07:04:52,712 [pool-37-thread-1] INFO  impl.RaftServerImpl (ServerState.java:<init>(103)) - 62ec8eb9-3ae9-4136-b70a-2caf3716fa7f@group-34589095EC66: ConfigurationManager, init=-1: [62ec8eb9-3ae9-4136-b70a-2caf3716fa7f:192.168.30.10:44715], old=null, confs=<EMPTY_MAP>
2019-09-25 07:04:52,712 [pool-37-thread-1] INFO  server.RaftServerConfigKeys (ConfUtils.java:logGet(43)) - raft.server.storage.dir = [/workdir/hadoop-ozone/integration-test/target/test-dir/MiniOzoneClusterImpl-39af9574-7a8b-4ed7-b830-bf686a3d4bb8/datanode-1/data/ratis] (custom)
2019-09-25 07:04:52,712 [Thread-316] INFO  impl.FollowerState (FollowerState.java:run(106)) - e568d23f-199e-48ce-91e4-5c166e2e97cd:group-3C2911E474D6 changes to CANDIDATE, lastRpcTime:5140, electionTimeout:5140ms
2019-09-25 07:04:52,712 [Thread-313] INFO  impl.FollowerState (FollowerState.java:run(106)) - 24bf2945-a329-4da6-aaf2-23ecd8d462c6:group-BCFF9B811CEF changes to CANDIDATE, lastRpcTime:5168, electionTimeout:5168ms
2019-09-25 07:04:52,712 [Thread-316] INFO  impl.RoleInfo (RoleInfo.java:shutdownFollowerState(121)) - e568d23f-199e-48ce-91e4-5c166e2e97cd: shutdown FollowerState
2019-09-25 07:04:52,713 [pool-37-thread-1] INFO  storage.RaftStorageDirectory (RaftStorageDirectory.java:analyzeStorage(246)) - The storage directory /workdir/hadoop-ozone/integration-test/target/test-dir/MiniOzoneClusterImpl-39af9574-7a8b-4ed7-b830-bf686a3d4bb8/datanode-1/data/ratis/4a4102b1-0dcd-4dbb-b5c6-34589095ec66 does not exist. Creating ...
2019-09-25 07:04:52,713 [Thread-313] INFO  impl.RoleInfo (RoleInfo.java:shutdownFollowerState(121)) - 24bf2945-a329-4da6-aaf2-23ecd8d462c6: shutdown FollowerState
2019-09-25 07:04:52,713 [Thread-316] INFO  impl.RaftServerImpl (RaftServerImpl.java:setRole(174)) - e568d23f-199e-48ce-91e4-5c166e2e97cd@group-3C2911E474D6: changes role from  FOLLOWER to CANDIDATE at term 0 for changeToCandidate
2019-09-25 07:04:52,713 [Thread-313] INFO  impl.RaftServerImpl (RaftServerImpl.java:setRole(174)) - 24bf2945-a329-4da6-aaf2-23ecd8d462c6@group-BCFF9B811CEF: changes role from  FOLLOWER to CANDIDATE at term 0 for changeToCandidate
2019-09-25 07:04:52,713 [Thread-316] INFO  impl.RoleInfo (RoleInfo.java:updateAndGet(143)) - e568d23f-199e-48ce-91e4-5c166e2e97cd: start LeaderElection
2019-09-25 07:04:52,713 [Thread-313] INFO  impl.RoleInfo (RoleInfo.java:updateAndGet(143)) - 24bf2945-a329-4da6-aaf2-23ecd8d462c6: start LeaderElection
2019-09-25 07:04:52,714 [24bf2945-a329-4da6-aaf2-23ecd8d462c6@group-AB91BC31D1B7:LeaderElection45] INFO  impl.LeaderElection (LeaderElection.java:askForVotes(182)) - 24bf2945-a329-4da6-aaf2-23ecd8d462c6@group-AB91BC31D1B7:LeaderElection45: begin an election at term 1 for -1: [24bf2945-a329-4da6-aaf2-23ecd8d462c6:192.168.30.10:42867], old=null
2019-09-25 07:04:52,714 [e568d23f-199e-48ce-91e4-5c166e2e97cd@group-37FC0290CEDB:LeaderElection46] INFO  impl.LeaderElection (LeaderElection.java:askForVotes(182)) - e568d23f-199e-48ce-91e4-5c166e2e97cd@group-37FC0290CEDB:LeaderElection46: begin an election at term 1 for -1: [e568d23f-199e-48ce-91e4-5c166e2e97cd:192.168.30.10:42827], old=null
2019-09-25 07:04:52,714 [24bf2945-a329-4da6-aaf2-23ecd8d462c6@group-AB91BC31D1B7:LeaderElection45] INFO  impl.RoleInfo (RoleInfo.java:shutdownLeaderElection(134)) - 24bf2945-a329-4da6-aaf2-23ecd8d462c6: shutdown LeaderElection
2019-09-25 07:04:52,714 [e568d23f-199e-48ce-91e4-5c166e2e97cd@group-37FC0290CEDB:LeaderElection46] INFO  impl.RoleInfo (RoleInfo.java:shutdownLeaderElection(134)) - e568d23f-199e-48ce-91e4-5c166e2e97cd: shutdown LeaderElection
2019-09-25 07:04:52,714 [24bf2945-a329-4da6-aaf2-23ecd8d462c6@group-AB91BC31D1B7:LeaderElection45] INFO  impl.RaftServerImpl (RaftServerImpl.java:setRole(174)) - 24bf2945-a329-4da6-aaf2-23ecd8d462c6@group-AB91BC31D1B7: changes role from CANDIDATE to LEADER at term 1 for changeToLeader
2019-09-25 07:04:52,714 [e568d23f-199e-48ce-91e4-5c166e2e97cd@group-37FC0290CEDB:LeaderElection46] INFO  impl.RaftServerImpl (RaftServerImpl.java:setRole(174)) - e568d23f-199e-48ce-91e4-5c166e2e97cd@group-37FC0290CEDB: changes role from CANDIDATE to LEADER at term 1 for changeToLeader
2019-09-25 07:04:52,714 [24bf2945-a329-4da6-aaf2-23ecd8d462c6@group-AB91BC31D1B7:LeaderElection45] INFO  impl.RaftServerImpl (ServerState.java:setLeader(253)) - 24bf2945-a329-4da6-aaf2-23ecd8d462c6@group-AB91BC31D1B7: change Leader from null to 24bf2945-a329-4da6-aaf2-23ecd8d462c6 at term 1 for becomeLeader, leader elected after 5111ms
2019-09-25 07:04:52,714 [e568d23f-199e-48ce-91e4-5c166e2e97cd@group-37FC0290CEDB:LeaderElection46] INFO  impl.RaftServerImpl (ServerState.java:setLeader(253)) - e568d23f-199e-48ce-91e4-5c166e2e97cd@group-37FC0290CEDB: change Leader from null to e568d23f-199e-48ce-91e4-5c166e2e97cd at term 1 for becomeLeader, leader elected after 5019ms
2019-09-25 07:04:52,714 [24bf2945-a329-4da6-aaf2-23ecd8d462c6@group-AB91BC31D1B7:LeaderElection45] INFO  server.RaftServerConfigKeys (ConfUtils.java:logGet(43)) - raft.server.staging.catchup.gap = 1000 (default)
2019-09-25 07:04:52,715 [e568d23f-199e-48ce-91e4-5c166e2e97cd@group-37FC0290CEDB:LeaderElection46] INFO  server.RaftServerConfigKeys (ConfUtils.java:logGet(43)) - raft.server.staging.catchup.gap = 1000 (default)
2019-09-25 07:04:52,715 [24bf2945-a329-4da6-aaf2-23ecd8d462c6@group-AB91BC31D1B7:LeaderElection45] INFO  server.RaftServerConfigKeys (ConfUtils.java:logGet(43)) - raft.server.rpc.sleep.time = 25ms (default)
2019-09-25 07:04:52,715 [e568d23f-199e-48ce-91e4-5c166e2e97cd@group-37FC0290CEDB:LeaderElection46] INFO  server.RaftServerConfigKeys (ConfUtils.java:logGet(43)) - raft.server.rpc.sleep.time = 25ms (default)
2019-09-25 07:04:52,715 [24bf2945-a329-4da6-aaf2-23ecd8d462c6@group-AB91BC31D1B7:LeaderElection45] INFO  server.RaftServerConfigKeys (ConfUtils.java:logGet(43)) - raft.server.write.element-limit = 4096 (default)
2019-09-25 07:04:52,715 [e568d23f-199e-48ce-91e4-5c166e2e97cd@group-37FC0290CEDB:LeaderElection46] INFO  server.RaftServerConfigKeys (ConfUtils.java:logGet(43)) - raft.server.write.element-limit = 4096 (default)
2019-09-25 07:04:52,715 [24bf2945-a329-4da6-aaf2-23ecd8d462c6@group-AB91BC31D1B7:LeaderElection45] INFO  server.RaftServerConfigKeys (ConfUtils.java:logGet(43)) - raft.server.watch.timeout = 10s (default)
2019-09-25 07:04:52,715 [e568d23f-199e-48ce-91e4-5c166e2e97cd@group-37FC0290CEDB:LeaderElection46] INFO  server.RaftServerConfigKeys (ConfUtils.java:logGet(43)) - raft.server.watch.timeout = 10s (default)
2019-09-25 07:04:52,716 [pool-37-thread-1] INFO  storage.RaftStorageDirectory (RaftStorageDirectory.java:tryLock(328)) - Lock on /workdir/hadoop-ozone/integration-test/target/test-dir/MiniOzoneClusterImpl-39af9574-7a8b-4ed7-b830-bf686a3d4bb8/datanode-1/data/ratis/4a4102b1-0dcd-4dbb-b5c6-34589095ec66/in_use.lock acquired by nodename 19495@pr-hdds-1569-s62bp-3040748787
2019-09-25 07:04:52,715 [24bf2945-a329-4da6-aaf2-23ecd8d462c6@group-AB91BC31D1B7:LeaderElection45] INFO  server.RaftServerConfigKeys (ConfUtils.java:logGet(43)) - raft.server.watch.timeout.denomination = 1s (default)
2019-09-25 07:04:52,716 [e568d23f-199e-48ce-91e4-5c166e2e97cd@group-37FC0290CEDB:LeaderElection46] INFO  server.RaftServerConfigKeys (ConfUtils.java:logGet(43)) - raft.server.watch.timeout.denomination = 1s (default)
2019-09-25 07:04:52,716 [24bf2945-a329-4da6-aaf2-23ecd8d462c6@group-AB91BC31D1B7:LeaderElection45] INFO  server.RaftServerConfigKeys (ConfUtils.java:logGet(43)) - raft.server.watch.element-limit = 65536 (default)
2019-09-25 07:04:52,716 [e568d23f-199e-48ce-91e4-5c166e2e97cd@group-37FC0290CEDB:LeaderElection46] INFO  server.RaftServerConfigKeys (ConfUtils.java:logGet(43)) - raft.server.watch.element-limit = 65536 (default)
2019-09-25 07:04:52,718 [24bf2945-a329-4da6-aaf2-23ecd8d462c6@group-BCFF9B811CEF:LeaderElection48] INFO  impl.LeaderElection (LeaderElection.java:askForVotes(182)) - 24bf2945-a329-4da6-aaf2-23ecd8d462c6@group-BCFF9B811CEF:LeaderElection48: begin an election at term 1 for -1: [24bf2945-a329-4da6-aaf2-23ecd8d462c6:192.168.30.10:42867], old=null
2019-09-25 07:04:52,718 [e568d23f-199e-48ce-91e4-5c166e2e97cd@group-3C2911E474D6:LeaderElection47] INFO  impl.LeaderElection (LeaderElection.java:askForVotes(182)) - e568d23f-199e-48ce-91e4-5c166e2e97cd@group-3C2911E474D6:LeaderElection47: begin an election at term 1 for -1: [e568d23f-199e-48ce-91e4-5c166e2e97cd:192.168.30.10:42827], old=null
2019-09-25 07:04:52,718 [24bf2945-a329-4da6-aaf2-23ecd8d462c6@group-BCFF9B811CEF:LeaderElection48] INFO  impl.RoleInfo (RoleInfo.java:shutdownLeaderElection(134)) - 24bf2945-a329-4da6-aaf2-23ecd8d462c6: shutdown LeaderElection
2019-09-25 07:04:52,718 [e568d23f-199e-48ce-91e4-5c166e2e97cd@group-3C2911E474D6:LeaderElection47] INFO  impl.RoleInfo (RoleInfo.java:shutdownLeaderElection(134)) - e568d23f-199e-48ce-91e4-5c166e2e97cd: shutdown LeaderElection
2019-09-25 07:04:52,718 [24bf2945-a329-4da6-aaf2-23ecd8d462c6@group-BCFF9B811CEF:LeaderElection48] INFO  impl.RaftServerImpl (RaftServerImpl.java:setRole(174)) - 24bf2945-a329-4da6-aaf2-23ecd8d462c6@group-BCFF9B811CEF: changes role from CANDIDATE to LEADER at term 1 for changeToLeader
2019-09-25 07:04:52,718 [e568d23f-199e-48ce-91e4-5c166e2e97cd@group-3C2911E474D6:LeaderElection47] INFO  impl.RaftServerImpl (RaftServerImpl.java:setRole(174)) - e568d23f-199e-48ce-91e4-5c166e2e97cd@group-3C2911E474D6: changes role from CANDIDATE to LEADER at term 1 for changeToLeader
2019-09-25 07:04:52,718 [24bf2945-a329-4da6-aaf2-23ecd8d462c6@group-BCFF9B811CEF:LeaderElection48] INFO  impl.RaftServerImpl (ServerState.java:setLeader(253)) - 24bf2945-a329-4da6-aaf2-23ecd8d462c6@group-BCFF9B811CEF: change Leader from null to 24bf2945-a329-4da6-aaf2-23ecd8d462c6 at term 1 for becomeLeader, leader elected after 5180ms
2019-09-25 07:04:52,718 [e568d23f-199e-48ce-91e4-5c166e2e97cd@group-3C2911E474D6:LeaderElection47] INFO  impl.RaftServerImpl (ServerState.java:setLeader(253)) - e568d23f-199e-48ce-91e4-5c166e2e97cd@group-3C2911E474D6: change Leader from null to e568d23f-199e-48ce-91e4-5c166e2e97cd at term 1 for becomeLeader, leader elected after 5154ms
2019-09-25 07:04:52,719 [24bf2945-a329-4da6-aaf2-23ecd8d462c6@group-BCFF9B811CEF:LeaderElection48] INFO  server.RaftServerConfigKeys (ConfUtils.java:logGet(43)) - raft.server.staging.catchup.gap = 1000 (default)
2019-09-25 07:04:52,719 [e568d23f-199e-48ce-91e4-5c166e2e97cd@group-3C2911E474D6:LeaderElection47] INFO  server.RaftServerConfigKeys (ConfUtils.java:logGet(43)) - raft.server.staging.catchup.gap = 1000 (default)
2019-09-25 07:04:52,719 [24bf2945-a329-4da6-aaf2-23ecd8d462c6@group-BCFF9B811CEF:LeaderElection48] INFO  server.RaftServerConfigKeys (ConfUtils.java:logGet(43)) - raft.server.rpc.sleep.time = 25ms (default)
2019-09-25 07:04:52,719 [e568d23f-199e-48ce-91e4-5c166e2e97cd@group-3C2911E474D6:LeaderElection47] INFO  server.RaftServerConfigKeys (ConfUtils.java:logGet(43)) - raft.server.rpc.sleep.time = 25ms (default)
2019-09-25 07:04:52,719 [24bf2945-a329-4da6-aaf2-23ecd8d462c6@group-BCFF9B811CEF:LeaderElection48] INFO  server.RaftServerConfigKeys (ConfUtils.java:logGet(43)) - raft.server.write.element-limit = 4096 (default)
2019-09-25 07:04:52,719 [e568d23f-199e-48ce-91e4-5c166e2e97cd@group-3C2911E474D6:LeaderElection47] INFO  server.RaftServerConfigKeys (ConfUtils.java:logGet(43)) - raft.server.write.element-limit = 4096 (default)
2019-09-25 07:04:52,719 [24bf2945-a329-4da6-aaf2-23ecd8d462c6@group-AB91BC31D1B7:LeaderElection45] INFO  impl.RoleInfo (RoleInfo.java:updateAndGet(143)) - 24bf2945-a329-4da6-aaf2-23ecd8d462c6: start LeaderState
2019-09-25 07:04:52,719 [24bf2945-a329-4da6-aaf2-23ecd8d462c6@group-BCFF9B811CEF:LeaderElection48] INFO  server.RaftServerConfigKeys (ConfUtils.java:logGet(43)) - raft.server.watch.timeout = 10s (default)
2019-09-25 07:04:52,720 [24bf2945-a329-4da6-aaf2-23ecd8d462c6@group-AB91BC31D1B7:LeaderElection45] INFO  segmented.SegmentedRaftLogWorker (SegmentedRaftLogWorker.java:startLogSegment(380)) - 24bf2945-a329-4da6-aaf2-23ecd8d462c6@group-AB91BC31D1B7-SegmentedRaftLogWorker: Starting segment from index:0
2019-09-25 07:04:52,720 [e568d23f-199e-48ce-91e4-5c166e2e97cd@group-37FC0290CEDB:LeaderElection46] INFO  impl.RoleInfo (RoleInfo.java:updateAndGet(143)) - e568d23f-199e-48ce-91e4-5c166e2e97cd: start LeaderState
2019-09-25 07:04:52,720 [e568d23f-199e-48ce-91e4-5c166e2e97cd@group-3C2911E474D6:LeaderElection47] INFO  server.RaftServerConfigKeys (ConfUtils.java:logGet(43)) - raft.server.watch.timeout = 10s (default)
2019-09-25 07:04:52,720 [e568d23f-199e-48ce-91e4-5c166e2e97cd@group-37FC0290CEDB:LeaderElection46] INFO  segmented.SegmentedRaftLogWorker (SegmentedRaftLogWorker.java:startLogSegment(380)) - e568d23f-199e-48ce-91e4-5c166e2e97cd@group-37FC0290CEDB-SegmentedRaftLogWorker: Starting segment from index:0
2019-09-25 07:04:52,720 [pool-37-thread-1] INFO  storage.RaftStorage (RaftStorage.java:format(72)) - Storage directory /workdir/hadoop-ozone/integration-test/target/test-dir/MiniOzoneClusterImpl-39af9574-7a8b-4ed7-b830-bf686a3d4bb8/datanode-1/data/ratis/4a4102b1-0dcd-4dbb-b5c6-34589095ec66 has been successfully formatted.
2019-09-25 07:04:52,720 [24bf2945-a329-4da6-aaf2-23ecd8d462c6@group-BCFF9B811CEF:LeaderElection48] INFO  server.RaftServerConfigKeys (ConfUtils.java:logGet(43)) - raft.server.watch.timeout.denomination = 1s (default)
2019-09-25 07:04:52,721 [e568d23f-199e-48ce-91e4-5c166e2e97cd@group-37FC0290CEDB:LeaderElection46] INFO  impl.RaftServerImpl (ServerState.java:setRaftConf(354)) - e568d23f-199e-48ce-91e4-5c166e2e97cd@group-37FC0290CEDB: set configuration 0: [e568d23f-199e-48ce-91e4-5c166e2e97cd:192.168.30.10:42827], old=null at 0
2019-09-25 07:04:52,721 [24bf2945-a329-4da6-aaf2-23ecd8d462c6@group-AB91BC31D1B7:LeaderElection45] INFO  impl.RaftServerImpl (ServerState.java:setRaftConf(354)) - 24bf2945-a329-4da6-aaf2-23ecd8d462c6@group-AB91BC31D1B7: set configuration 0: [24bf2945-a329-4da6-aaf2-23ecd8d462c6:192.168.30.10:42867], old=null at 0
2019-09-25 07:04:52,720 [e568d23f-199e-48ce-91e4-5c166e2e97cd@group-3C2911E474D6:LeaderElection47] INFO  server.RaftServerConfigKeys (ConfUtils.java:logGet(43)) - raft.server.watch.timeout.denomination = 1s (default)
2019-09-25 07:04:52,721 [24bf2945-a329-4da6-aaf2-23ecd8d462c6@group-BCFF9B811CEF:LeaderElection48] INFO  server.RaftServerConfigKeys (ConfUtils.java:logGet(43)) - raft.server.watch.element-limit = 65536 (default)
2019-09-25 07:04:52,721 [pool-37-thread-1] INFO  ratis.ContainerStateMachine (ContainerStateMachine.java:loadSnapshot(230)) - group-34589095EC66: The snapshot info is null. Setting the last applied indexto:(t:0, i:~)
2019-09-25 07:04:52,722 [e568d23f-199e-48ce-91e4-5c166e2e97cd@group-3C2911E474D6:LeaderElection47] INFO  server.RaftServerConfigKeys (ConfUtils.java:logGet(43)) - raft.server.watch.element-limit = 65536 (default)
2019-09-25 07:04:52,722 [pool-37-thread-1] INFO  server.RaftServerConfigKeys (ConfUtils.java:logGet(43)) - raft.server.notification.no-leader.timeout = 120s (custom)
2019-09-25 07:04:52,722 [pool-37-thread-1] INFO  server.RaftServerConfigKeys (ConfUtils.java:logGet(43)) - raft.server.log.use.memory = false (default)
2019-09-25 07:04:52,722 [pool-37-thread-1] INFO  server.RaftServerConfigKeys (ConfUtils.java:logGet(43)) - raft.server.log.purge.gap = 1000000 (custom)
2019-09-25 07:04:52,723 [pool-37-thread-1] INFO  server.RaftServerConfigKeys (ConfUtils.java:logGet(43)) - raft.server.log.appender.buffer.byte-limit = 33554432 (custom)
2019-09-25 07:04:52,723 [pool-37-thread-1] INFO  server.RaftServerConfigKeys (ConfUtils.java:logGet(43)) - raft.server.log.segment.size.max = 1048576 (custom)
2019-09-25 07:04:52,723 [pool-37-thread-1] INFO  server.RaftServerConfigKeys (ConfUtils.java:logGet(43)) - raft.server.log.segment.cache.num.max = 2 (custom)
2019-09-25 07:04:52,723 [pool-37-thread-1] INFO  segmented.SegmentedRaftLogWorker (SegmentedRaftLogWorker.java:<init>(172)) - new 62ec8eb9-3ae9-4136-b70a-2caf3716fa7f@group-34589095EC66-SegmentedRaftLogWorker for RaftStorage:Storage Directory /workdir/hadoop-ozone/integration-test/target/test-dir/MiniOzoneClusterImpl-39af9574-7a8b-4ed7-b830-bf686a3d4bb8/datanode-1/data/ratis/4a4102b1-0dcd-4dbb-b5c6-34589095ec66
2019-09-25 07:04:52,723 [pool-37-thread-1] INFO  server.RaftServerConfigKeys (ConfUtils.java:logGet(43)) - raft.server.log.queue.byte-limit = 2147483647 (custom)
2019-09-25 07:04:52,723 [pool-37-thread-1] INFO  server.RaftServerConfigKeys (ConfUtils.java:logGet(43)) - raft.server.log.queue.element-limit = 1024 (custom)
2019-09-25 07:04:52,724 [pool-37-thread-1] INFO  server.RaftServerConfigKeys (ConfUtils.java:logGet(43)) - raft.server.log.segment.size.max = 1048576 (custom)
2019-09-25 07:04:52,724 [pool-37-thread-1] INFO  server.RaftServerConfigKeys (ConfUtils.java:logGet(43)) - raft.server.log.preallocated.size = 16384 (custom)
2019-09-25 07:04:52,724 [pool-37-thread-1] INFO  server.RaftServerConfigKeys (ConfUtils.java:logGet(43)) - raft.server.log.write.buffer.size = 33554432 (custom)
2019-09-25 07:04:52,724 [pool-37-thread-1] INFO  server.RaftServerConfigKeys (ConfUtils.java:logGet(43)) - raft.server.log.force.sync.num = 128 (default)
2019-09-25 07:04:52,724 [pool-37-thread-1] INFO  server.RaftServerConfigKeys (ConfUtils.java:logGet(43)) - raft.server.log.statemachine.data.sync = true (default)
2019-09-25 07:04:52,724 [pool-37-thread-1] INFO  server.RaftServerConfigKeys (ConfUtils.java:logGet(43)) - raft.server.log.statemachine.data.sync.timeout = 10s (default)
2019-09-25 07:04:52,725 [pool-37-thread-1] INFO  server.RaftServerConfigKeys (ConfUtils.java:logGet(43)) - raft.server.log.statemachine.data.sync.timeout.retry = -1 (default)
2019-09-25 07:04:52,725 [pool-37-thread-1] INFO  server.RaftServerConfigKeys (ConfUtils.java:logGet(43)) - raft.server.log.statemachine.data.caching.enabled = true (custom)
2019-09-25 07:04:52,725 [24bf2945-a329-4da6-aaf2-23ecd8d462c6@group-BCFF9B811CEF:LeaderElection48] INFO  impl.RoleInfo (RoleInfo.java:updateAndGet(143)) - 24bf2945-a329-4da6-aaf2-23ecd8d462c6: start LeaderState
2019-09-25 07:04:52,725 [e568d23f-199e-48ce-91e4-5c166e2e97cd@group-3C2911E474D6:LeaderElection47] INFO  impl.RoleInfo (RoleInfo.java:updateAndGet(143)) - e568d23f-199e-48ce-91e4-5c166e2e97cd: start LeaderState
2019-09-25 07:04:52,725 [24bf2945-a329-4da6-aaf2-23ecd8d462c6@group-BCFF9B811CEF:LeaderElection48] INFO  segmented.SegmentedRaftLogWorker (SegmentedRaftLogWorker.java:startLogSegment(380)) - 24bf2945-a329-4da6-aaf2-23ecd8d462c6@group-BCFF9B811CEF-SegmentedRaftLogWorker: Starting segment from index:0
2019-09-25 07:04:52,725 [pool-37-thread-1] INFO  segmented.SegmentedRaftLogWorker (SegmentedRaftLogWorker.java:lambda$new$0(132)) - 62ec8eb9-3ae9-4136-b70a-2caf3716fa7f@group-34589095EC66-SegmentedRaftLogWorker: flushIndex: setUnconditionally 0 -> -1
2019-09-25 07:04:52,725 [e568d23f-199e-48ce-91e4-5c166e2e97cd@group-3C2911E474D6:LeaderElection47] INFO  segmented.SegmentedRaftLogWorker (SegmentedRaftLogWorker.java:startLogSegment(380)) - e568d23f-199e-48ce-91e4-5c166e2e97cd@group-3C2911E474D6-SegmentedRaftLogWorker: Starting segment from index:0
2019-09-25 07:04:52,726 [24bf2945-a329-4da6-aaf2-23ecd8d462c6@group-BCFF9B811CEF:LeaderElection48] INFO  impl.RaftServerImpl (ServerState.java:setRaftConf(354)) - 24bf2945-a329-4da6-aaf2-23ecd8d462c6@group-BCFF9B811CEF: set configuration 0: [24bf2945-a329-4da6-aaf2-23ecd8d462c6:192.168.30.10:42867], old=null at 0
2019-09-25 07:04:52,726 [pool-37-thread-1] INFO  server.RaftServerConfigKeys (ConfUtils.java:logGet(43)) - raft.server.snapshot.auto.trigger.enabled = true (custom)
2019-09-25 07:04:52,726 [pool-37-thread-1] INFO  server.RaftServerConfigKeys (ConfUtils.java:logGet(43)) - raft.server.snapshot.auto.trigger.threshold = 10000 (custom)
2019-09-25 07:04:52,726 [e568d23f-199e-48ce-91e4-5c166e2e97cd@group-3C2911E474D6:LeaderElection47] INFO  impl.RaftServerImpl (ServerState.java:setRaftConf(354)) - e568d23f-199e-48ce-91e4-5c166e2e97cd@group-3C2911E474D6: set configuration 0: [e568d23f-199e-48ce-91e4-5c166e2e97cd:192.168.30.10:42827], old=null at 0
2019-09-25 07:04:52,727 [pool-37-thread-1] INFO  server.RaftServerConfigKeys (ConfUtils.java:logGet(43)) - raft.server.snapshot.retention.num.files = 5 (custom)
2019-09-25 07:04:52,727 [pool-37-thread-1] INFO  server.RaftServerConfigKeys (ConfUtils.java:logGet(43)) - raft.server.retrycache.expirytime = 600000ms (custom)
2019-09-25 07:04:52,729 [pool-37-thread-1] INFO  impl.RaftServerImpl (RaftServerImpl.java:start(185)) - 62ec8eb9-3ae9-4136-b70a-2caf3716fa7f@group-34589095EC66: start as a follower, conf=-1: [62ec8eb9-3ae9-4136-b70a-2caf3716fa7f:192.168.30.10:44715], old=null
2019-09-25 07:04:52,729 [pool-37-thread-1] INFO  impl.RaftServerImpl (RaftServerImpl.java:setRole(174)) - 62ec8eb9-3ae9-4136-b70a-2caf3716fa7f@group-34589095EC66: changes role from      null to FOLLOWER at term 0 for startAsFollower
2019-09-25 07:04:52,730 [pool-37-thread-1] INFO  impl.RoleInfo (RoleInfo.java:updateAndGet(143)) - 62ec8eb9-3ae9-4136-b70a-2caf3716fa7f: start FollowerState
2019-09-25 07:04:52,730 [pool-37-thread-1] INFO  util.JmxRegister (JmxRegister.java:tryRegister(44)) - Successfully registered JMX Bean with object name Ratis:service=RaftServer,group=group-34589095EC66,id=62ec8eb9-3ae9-4136-b70a-2caf3716fa7f
2019-09-25 07:04:52,733 [RatisPipelineUtilsThread] INFO  pipeline.PipelineStateManager (PipelineStateManager.java:addPipeline(56)) - Created pipeline Pipeline[ Id: 4a4102b1-0dcd-4dbb-b5c6-34589095ec66, Nodes: 62ec8eb9-3ae9-4136-b70a-2caf3716fa7f{ip: 192.168.30.10, host: pr-hdds-1569-s62bp-3040748787, networkLocation: /default-rack, certSerialId: null}, Type:RATIS, Factor:ONE, State:OPEN]
2019-09-25 07:04:52,739 [grpc-default-executor-1] INFO  impl.RaftServerProxy (RaftServerProxy.java:addNew(89)) - 62ec8eb9-3ae9-4136-b70a-2caf3716fa7f: addNew group-B4D0C3973801:[62ec8eb9-3ae9-4136-b70a-2caf3716fa7f:192.168.30.10:44715] returns group-B4D0C3973801:java.util.concurrent.CompletableFuture@17dfd3d5[Not completed]
2019-09-25 07:04:52,740 [pool-37-thread-1] INFO  impl.RaftServerImpl (RaftServerImpl.java:<init>(95)) - 62ec8eb9-3ae9-4136-b70a-2caf3716fa7f: new RaftServerImpl for group-B4D0C3973801:[62ec8eb9-3ae9-4136-b70a-2caf3716fa7f:192.168.30.10:44715] with ContainerStateMachine:uninitialized
2019-09-25 07:04:52,740 [pool-37-thread-1] INFO  server.RaftServerConfigKeys (ConfUtils.java:logGet(43)) - raft.server.rpc.timeout.min = 5s (custom)
2019-09-25 07:04:52,741 [pool-37-thread-1] INFO  server.RaftServerConfigKeys (ConfUtils.java:logGet(43)) - raft.server.rpc.timeout.max = 5200ms (custom)
2019-09-25 07:04:52,741 [pool-37-thread-1] INFO  server.RaftServerConfigKeys (ConfUtils.java:logGet(43)) - raft.server.rpcslowness.timeout = 120s (custom)
2019-09-25 07:04:52,741 [pool-37-thread-1] INFO  server.RaftServerConfigKeys (ConfUtils.java:logGet(43)) - raft.server.sleep.deviation.threshold = 300 (default)
2019-09-25 07:04:52,741 [pool-37-thread-1] INFO  server.RaftServerConfigKeys (ConfUtils.java:logGet(43)) - raft.server.log.appender.install.snapshot.enabled = false (custom)
2019-09-25 07:04:52,741 [pool-37-thread-1] INFO  impl.RaftServerImpl (ServerState.java:<init>(103)) - 62ec8eb9-3ae9-4136-b70a-2caf3716fa7f@group-B4D0C3973801: ConfigurationManager, init=-1: [62ec8eb9-3ae9-4136-b70a-2caf3716fa7f:192.168.30.10:44715], old=null, confs=<EMPTY_MAP>
2019-09-25 07:04:52,741 [pool-37-thread-1] INFO  server.RaftServerConfigKeys (ConfUtils.java:logGet(43)) - raft.server.storage.dir = [/workdir/hadoop-ozone/integration-test/target/test-dir/MiniOzoneClusterImpl-39af9574-7a8b-4ed7-b830-bf686a3d4bb8/datanode-1/data/ratis] (custom)
2019-09-25 07:04:52,742 [pool-37-thread-1] INFO  storage.RaftStorageDirectory (RaftStorageDirectory.java:analyzeStorage(246)) - The storage directory /workdir/hadoop-ozone/integration-test/target/test-dir/MiniOzoneClusterImpl-39af9574-7a8b-4ed7-b830-bf686a3d4bb8/datanode-1/data/ratis/4c5051b3-b6ae-435c-b31a-b4d0c3973801 does not exist. Creating ...
2019-09-25 07:04:52,753 [pool-37-thread-1] INFO  storage.RaftStorageDirectory (RaftStorageDirectory.java:tryLock(328)) - Lock on /workdir/hadoop-ozone/integration-test/target/test-dir/MiniOzoneClusterImpl-39af9574-7a8b-4ed7-b830-bf686a3d4bb8/datanode-1/data/ratis/4c5051b3-b6ae-435c-b31a-b4d0c3973801/in_use.lock acquired by nodename 19495@pr-hdds-1569-s62bp-3040748787
2019-09-25 07:04:52,757 [Thread-322] INFO  impl.FollowerState (FollowerState.java:run(106)) - 24bf2945-a329-4da6-aaf2-23ecd8d462c6:group-04F5BDB95FEC changes to CANDIDATE, lastRpcTime:5100, electionTimeout:5100ms
2019-09-25 07:04:52,757 [Thread-322] INFO  impl.RoleInfo (RoleInfo.java:shutdownFollowerState(121)) - 24bf2945-a329-4da6-aaf2-23ecd8d462c6: shutdown FollowerState
2019-09-25 07:04:52,757 [Thread-322] INFO  impl.RaftServerImpl (RaftServerImpl.java:setRole(174)) - 24bf2945-a329-4da6-aaf2-23ecd8d462c6@group-04F5BDB95FEC: changes role from  FOLLOWER to CANDIDATE at term 0 for changeToCandidate
2019-09-25 07:04:52,757 [Thread-322] INFO  impl.RoleInfo (RoleInfo.java:updateAndGet(143)) - 24bf2945-a329-4da6-aaf2-23ecd8d462c6: start LeaderElection
2019-09-25 07:04:52,768 [e568d23f-199e-48ce-91e4-5c166e2e97cd@group-37FC0290CEDB-SegmentedRaftLogWorker] INFO  segmented.SegmentedRaftLogWorker (SegmentedRaftLogWorker.java:execute(569)) - e568d23f-199e-48ce-91e4-5c166e2e97cd@group-37FC0290CEDB-SegmentedRaftLogWorker: created new log segment /workdir/hadoop-ozone/integration-test/target/test-dir/MiniOzoneClusterImpl-39af9574-7a8b-4ed7-b830-bf686a3d4bb8/datanode-0/data/ratis/e44a7f96-bff0-432b-9581-37fc0290cedb/current/log_inprogress_0
2019-09-25 07:04:52,768 [24bf2945-a329-4da6-aaf2-23ecd8d462c6@group-04F5BDB95FEC:LeaderElection49] INFO  impl.LeaderElection (LeaderElection.java:askForVotes(182)) - 24bf2945-a329-4da6-aaf2-23ecd8d462c6@group-04F5BDB95FEC:LeaderElection49: begin an election at term 1 for -1: [24bf2945-a329-4da6-aaf2-23ecd8d462c6:192.168.30.10:42867], old=null
2019-09-25 07:04:52,768 [24bf2945-a329-4da6-aaf2-23ecd8d462c6@group-AB91BC31D1B7-SegmentedRaftLogWorker] INFO  segmented.SegmentedRaftLogWorker (SegmentedRaftLogWorker.java:execute(569)) - 24bf2945-a329-4da6-aaf2-23ecd8d462c6@group-AB91BC31D1B7-SegmentedRaftLogWorker: created new log segment /workdir/hadoop-ozone/integration-test/target/test-dir/MiniOzoneClusterImpl-39af9574-7a8b-4ed7-b830-bf686a3d4bb8/datanode-2/data/ratis/ea0943cb-84f1-4187-a3ee-ab91bc31d1b7/current/log_inprogress_0
2019-09-25 07:04:52,768 [pool-37-thread-1] INFO  storage.RaftStorage (RaftStorage.java:format(72)) - Storage directory /workdir/hadoop-ozone/integration-test/target/test-dir/MiniOzoneClusterImpl-39af9574-7a8b-4ed7-b830-bf686a3d4bb8/datanode-1/data/ratis/4c5051b3-b6ae-435c-b31a-b4d0c3973801 has been successfully formatted.
2019-09-25 07:04:52,769 [24bf2945-a329-4da6-aaf2-23ecd8d462c6@group-04F5BDB95FEC:LeaderElection49] INFO  impl.RoleInfo (RoleInfo.java:shutdownLeaderElection(134)) - 24bf2945-a329-4da6-aaf2-23ecd8d462c6: shutdown LeaderElection
2019-09-25 07:04:52,769 [24bf2945-a329-4da6-aaf2-23ecd8d462c6@group-04F5BDB95FEC:LeaderElection49] INFO  impl.RaftServerImpl (RaftServerImpl.java:setRole(174)) - 24bf2945-a329-4da6-aaf2-23ecd8d462c6@group-04F5BDB95FEC: changes role from CANDIDATE to LEADER at term 1 for changeToLeader
2019-09-25 07:04:52,769 [24bf2945-a329-4da6-aaf2-23ecd8d462c6@group-04F5BDB95FEC:LeaderElection49] INFO  impl.RaftServerImpl (ServerState.java:setLeader(253)) - 24bf2945-a329-4da6-aaf2-23ecd8d462c6@group-04F5BDB95FEC: change Leader from null to 24bf2945-a329-4da6-aaf2-23ecd8d462c6 at term 1 for becomeLeader, leader elected after 5118ms
2019-09-25 07:04:52,769 [24bf2945-a329-4da6-aaf2-23ecd8d462c6@group-04F5BDB95FEC:LeaderElection49] INFO  server.RaftServerConfigKeys (ConfUtils.java:logGet(43)) - raft.server.staging.catchup.gap = 1000 (default)
2019-09-25 07:04:52,769 [24bf2945-a329-4da6-aaf2-23ecd8d462c6@group-04F5BDB95FEC:LeaderElection49] INFO  server.RaftServerConfigKeys (ConfUtils.java:logGet(43)) - raft.server.rpc.sleep.time = 25ms (default)
2019-09-25 07:04:52,770 [24bf2945-a329-4da6-aaf2-23ecd8d462c6@group-04F5BDB95FEC:LeaderElection49] INFO  server.RaftServerConfigKeys (ConfUtils.java:logGet(43)) - raft.server.write.element-limit = 4096 (default)
2019-09-25 07:04:52,770 [24bf2945-a329-4da6-aaf2-23ecd8d462c6@group-04F5BDB95FEC:LeaderElection49] INFO  server.RaftServerConfigKeys (ConfUtils.java:logGet(43)) - raft.server.watch.timeout = 10s (default)
2019-09-25 07:04:52,770 [24bf2945-a329-4da6-aaf2-23ecd8d462c6@group-04F5BDB95FEC:LeaderElection49] INFO  server.RaftServerConfigKeys (ConfUtils.java:logGet(43)) - raft.server.watch.timeout.denomination = 1s (default)
2019-09-25 07:04:52,770 [24bf2945-a329-4da6-aaf2-23ecd8d462c6@group-04F5BDB95FEC:LeaderElection49] INFO  server.RaftServerConfigKeys (ConfUtils.java:logGet(43)) - raft.server.watch.element-limit = 65536 (default)
2019-09-25 07:04:52,770 [pool-37-thread-1] INFO  ratis.ContainerStateMachine (ContainerStateMachine.java:loadSnapshot(230)) - group-B4D0C3973801: The snapshot info is null. Setting the last applied indexto:(t:0, i:~)
2019-09-25 07:04:52,771 [pool-37-thread-1] INFO  server.RaftServerConfigKeys (ConfUtils.java:logGet(43)) - raft.server.notification.no-leader.timeout = 120s (custom)
2019-09-25 07:04:52,771 [pool-37-thread-1] INFO  server.RaftServerConfigKeys (ConfUtils.java:logGet(43)) - raft.server.log.use.memory = false (default)
2019-09-25 07:04:52,771 [pool-37-thread-1] INFO  server.RaftServerConfigKeys (ConfUtils.java:logGet(43)) - raft.server.log.purge.gap = 1000000 (custom)
2019-09-25 07:04:52,771 [pool-37-thread-1] INFO  server.RaftServerConfigKeys (ConfUtils.java:logGet(43)) - raft.server.log.appender.buffer.byte-limit = 33554432 (custom)
2019-09-25 07:04:52,771 [pool-37-thread-1] INFO  server.RaftServerConfigKeys (ConfUtils.java:logGet(43)) - raft.server.log.segment.size.max = 1048576 (custom)
2019-09-25 07:04:52,771 [pool-37-thread-1] INFO  server.RaftServerConfigKeys (ConfUtils.java:logGet(43)) - raft.server.log.segment.cache.num.max = 2 (custom)
2019-09-25 07:04:52,772 [pool-37-thread-1] INFO  segmented.SegmentedRaftLogWorker (SegmentedRaftLogWorker.java:<init>(172)) - new 62ec8eb9-3ae9-4136-b70a-2caf3716fa7f@group-B4D0C3973801-SegmentedRaftLogWorker for RaftStorage:Storage Directory /workdir/hadoop-ozone/integration-test/target/test-dir/MiniOzoneClusterImpl-39af9574-7a8b-4ed7-b830-bf686a3d4bb8/datanode-1/data/ratis/4c5051b3-b6ae-435c-b31a-b4d0c3973801
2019-09-25 07:04:52,772 [pool-37-thread-1] INFO  server.RaftServerConfigKeys (ConfUtils.java:logGet(43)) - raft.server.log.queue.byte-limit = 2147483647 (custom)
2019-09-25 07:04:52,772 [pool-37-thread-1] INFO  server.RaftServerConfigKeys (ConfUtils.java:logGet(43)) - raft.server.log.queue.element-limit = 1024 (custom)
2019-09-25 07:04:52,772 [e568d23f-199e-48ce-91e4-5c166e2e97cd@group-3C2911E474D6-SegmentedRaftLogWorker] INFO  segmented.SegmentedRaftLogWorker (SegmentedRaftLogWorker.java:execute(569)) - e568d23f-199e-48ce-91e4-5c166e2e97cd@group-3C2911E474D6-SegmentedRaftLogWorker: created new log segment /workdir/hadoop-ozone/integration-test/target/test-dir/MiniOzoneClusterImpl-39af9574-7a8b-4ed7-b830-bf686a3d4bb8/datanode-0/data/ratis/25b53701-e203-4741-84bc-3c2911e474d6/current/log_inprogress_0
2019-09-25 07:04:52,772 [24bf2945-a329-4da6-aaf2-23ecd8d462c6@group-BCFF9B811CEF-SegmentedRaftLogWorker] INFO  segmented.SegmentedRaftLogWorker (SegmentedRaftLogWorker.java:execute(569)) - 24bf2945-a329-4da6-aaf2-23ecd8d462c6@group-BCFF9B811CEF-SegmentedRaftLogWorker: created new log segment /workdir/hadoop-ozone/integration-test/target/test-dir/MiniOzoneClusterImpl-39af9574-7a8b-4ed7-b830-bf686a3d4bb8/datanode-2/data/ratis/39ae7609-9b0e-4152-a2e1-bcff9b811cef/current/log_inprogress_0
2019-09-25 07:04:52,772 [24bf2945-a329-4da6-aaf2-23ecd8d462c6@group-04F5BDB95FEC:LeaderElection49] INFO  impl.RoleInfo (RoleInfo.java:updateAndGet(143)) - 24bf2945-a329-4da6-aaf2-23ecd8d462c6: start LeaderState
2019-09-25 07:04:52,772 [pool-37-thread-1] INFO  server.RaftServerConfigKeys (ConfUtils.java:logGet(43)) - raft.server.log.segment.size.max = 1048576 (custom)
2019-09-25 07:04:52,773 [pool-37-thread-1] INFO  server.RaftServerConfigKeys (ConfUtils.java:logGet(43)) - raft.server.log.preallocated.size = 16384 (custom)
2019-09-25 07:04:52,773 [24bf2945-a329-4da6-aaf2-23ecd8d462c6@group-04F5BDB95FEC:LeaderElection49] INFO  segmented.SegmentedRaftLogWorker (SegmentedRaftLogWorker.java:startLogSegment(380)) - 24bf2945-a329-4da6-aaf2-23ecd8d462c6@group-04F5BDB95FEC-SegmentedRaftLogWorker: Starting segment from index:0
2019-09-25 07:04:52,773 [pool-37-thread-1] INFO  server.RaftServerConfigKeys (ConfUtils.java:logGet(43)) - raft.server.log.write.buffer.size = 33554432 (custom)
2019-09-25 07:04:52,773 [pool-37-thread-1] INFO  server.RaftServerConfigKeys (ConfUtils.java:logGet(43)) - raft.server.log.force.sync.num = 128 (default)
2019-09-25 07:04:52,773 [pool-37-thread-1] INFO  server.RaftServerConfigKeys (ConfUtils.java:logGet(43)) - raft.server.log.statemachine.data.sync = true (default)
2019-09-25 07:04:52,773 [24bf2945-a329-4da6-aaf2-23ecd8d462c6@group-04F5BDB95FEC:LeaderElection49] INFO  impl.RaftServerImpl (ServerState.java:setRaftConf(354)) - 24bf2945-a329-4da6-aaf2-23ecd8d462c6@group-04F5BDB95FEC: set configuration 0: [24bf2945-a329-4da6-aaf2-23ecd8d462c6:192.168.30.10:42867], old=null at 0
2019-09-25 07:04:52,773 [pool-37-thread-1] INFO  server.RaftServerConfigKeys (ConfUtils.java:logGet(43)) - raft.server.log.statemachine.data.sync.timeout = 10s (default)
2019-09-25 07:04:52,774 [pool-37-thread-1] INFO  server.RaftServerConfigKeys (ConfUtils.java:logGet(43)) - raft.server.log.statemachine.data.sync.timeout.retry = -1 (default)
2019-09-25 07:04:52,774 [pool-37-thread-1] INFO  server.RaftServerConfigKeys (ConfUtils.java:logGet(43)) - raft.server.log.statemachine.data.caching.enabled = true (custom)
2019-09-25 07:04:52,774 [pool-37-thread-1] INFO  segmented.SegmentedRaftLogWorker (SegmentedRaftLogWorker.java:lambda$new$0(132)) - 62ec8eb9-3ae9-4136-b70a-2caf3716fa7f@group-B4D0C3973801-SegmentedRaftLogWorker: flushIndex: setUnconditionally 0 -> -1
2019-09-25 07:04:52,774 [pool-37-thread-1] INFO  server.RaftServerConfigKeys (ConfUtils.java:logGet(43)) - raft.server.snapshot.auto.trigger.enabled = true (custom)
2019-09-25 07:04:52,775 [pool-37-thread-1] INFO  server.RaftServerConfigKeys (ConfUtils.java:logGet(43)) - raft.server.snapshot.auto.trigger.threshold = 10000 (custom)
2019-09-25 07:04:52,775 [pool-37-thread-1] INFO  server.RaftServerConfigKeys (ConfUtils.java:logGet(43)) - raft.server.snapshot.retention.num.files = 5 (custom)
2019-09-25 07:04:52,775 [pool-37-thread-1] INFO  server.RaftServerConfigKeys (ConfUtils.java:logGet(43)) - raft.server.retrycache.expirytime = 600000ms (custom)
2019-09-25 07:04:52,777 [pool-37-thread-1] INFO  impl.RaftServerImpl (RaftServerImpl.java:start(185)) - 62ec8eb9-3ae9-4136-b70a-2caf3716fa7f@group-B4D0C3973801: start as a follower, conf=-1: [62ec8eb9-3ae9-4136-b70a-2caf3716fa7f:192.168.30.10:44715], old=null
2019-09-25 07:04:52,777 [pool-37-thread-1] INFO  impl.RaftServerImpl (RaftServerImpl.java:setRole(174)) - 62ec8eb9-3ae9-4136-b70a-2caf3716fa7f@group-B4D0C3973801: changes role from      null to FOLLOWER at term 0 for startAsFollower
2019-09-25 07:04:52,777 [pool-37-thread-1] INFO  impl.RoleInfo (RoleInfo.java:updateAndGet(143)) - 62ec8eb9-3ae9-4136-b70a-2caf3716fa7f: start FollowerState
2019-09-25 07:04:52,778 [pool-37-thread-1] INFO  util.JmxRegister (JmxRegister.java:tryRegister(44)) - Successfully registered JMX Bean with object name Ratis:service=RaftServer,group=group-B4D0C3973801,id=62ec8eb9-3ae9-4136-b70a-2caf3716fa7f
2019-09-25 07:04:52,780 [RatisPipelineUtilsThread] INFO  pipeline.PipelineStateManager (PipelineStateManager.java:addPipeline(56)) - Created pipeline Pipeline[ Id: 4c5051b3-b6ae-435c-b31a-b4d0c3973801, Nodes: 62ec8eb9-3ae9-4136-b70a-2caf3716fa7f{ip: 192.168.30.10, host: pr-hdds-1569-s62bp-3040748787, networkLocation: /default-rack, certSerialId: null}, Type:RATIS, Factor:ONE, State:OPEN]
2019-09-25 07:04:52,786 [grpc-default-executor-1] INFO  impl.RaftServerProxy (RaftServerProxy.java:addNew(89)) - 62ec8eb9-3ae9-4136-b70a-2caf3716fa7f: addNew group-E95158996088:[62ec8eb9-3ae9-4136-b70a-2caf3716fa7f:192.168.30.10:44715] returns group-E95158996088:java.util.concurrent.CompletableFuture@121e5f5a[Not completed]
2019-09-25 07:04:52,786 [pool-37-thread-1] INFO  impl.RaftServerImpl (RaftServerImpl.java:<init>(95)) - 62ec8eb9-3ae9-4136-b70a-2caf3716fa7f: new RaftServerImpl for group-E95158996088:[62ec8eb9-3ae9-4136-b70a-2caf3716fa7f:192.168.30.10:44715] with ContainerStateMachine:uninitialized
2019-09-25 07:04:52,787 [pool-37-thread-1] INFO  server.RaftServerConfigKeys (ConfUtils.java:logGet(43)) - raft.server.rpc.timeout.min = 5s (custom)
2019-09-25 07:04:52,787 [pool-37-thread-1] INFO  server.RaftServerConfigKeys (ConfUtils.java:logGet(43)) - raft.server.rpc.timeout.max = 5200ms (custom)
2019-09-25 07:04:52,787 [pool-37-thread-1] INFO  server.RaftServerConfigKeys (ConfUtils.java:logGet(43)) - raft.server.rpcslowness.timeout = 120s (custom)
2019-09-25 07:04:52,787 [pool-37-thread-1] INFO  server.RaftServerConfigKeys (ConfUtils.java:logGet(43)) - raft.server.sleep.deviation.threshold = 300 (default)
2019-09-25 07:04:52,787 [pool-37-thread-1] INFO  server.RaftServerConfigKeys (ConfUtils.java:logGet(43)) - raft.server.log.appender.install.snapshot.enabled = false (custom)
2019-09-25 07:04:52,787 [pool-37-thread-1] INFO  impl.RaftServerImpl (ServerState.java:<init>(103)) - 62ec8eb9-3ae9-4136-b70a-2caf3716fa7f@group-E95158996088: ConfigurationManager, init=-1: [62ec8eb9-3ae9-4136-b70a-2caf3716fa7f:192.168.30.10:44715], old=null, confs=<EMPTY_MAP>
2019-09-25 07:04:52,788 [pool-37-thread-1] INFO  server.RaftServerConfigKeys (ConfUtils.java:logGet(43)) - raft.server.storage.dir = [/workdir/hadoop-ozone/integration-test/target/test-dir/MiniOzoneClusterImpl-39af9574-7a8b-4ed7-b830-bf686a3d4bb8/datanode-1/data/ratis] (custom)
2019-09-25 07:04:52,788 [pool-37-thread-1] INFO  storage.RaftStorageDirectory (RaftStorageDirectory.java:analyzeStorage(246)) - The storage directory /workdir/hadoop-ozone/integration-test/target/test-dir/MiniOzoneClusterImpl-39af9574-7a8b-4ed7-b830-bf686a3d4bb8/datanode-1/data/ratis/d89022db-c234-42f5-82cc-e95158996088 does not exist. Creating ...
2019-09-25 07:04:52,802 [pool-37-thread-1] INFO  storage.RaftStorageDirectory (RaftStorageDirectory.java:tryLock(328)) - Lock on /workdir/hadoop-ozone/integration-test/target/test-dir/MiniOzoneClusterImpl-39af9574-7a8b-4ed7-b830-bf686a3d4bb8/datanode-1/data/ratis/d89022db-c234-42f5-82cc-e95158996088/in_use.lock acquired by nodename 19495@pr-hdds-1569-s62bp-3040748787
2019-09-25 07:04:52,816 [24bf2945-a329-4da6-aaf2-23ecd8d462c6@group-04F5BDB95FEC-SegmentedRaftLogWorker] INFO  segmented.SegmentedRaftLogWorker (SegmentedRaftLogWorker.java:execute(569)) - 24bf2945-a329-4da6-aaf2-23ecd8d462c6@group-04F5BDB95FEC-SegmentedRaftLogWorker: created new log segment /workdir/hadoop-ozone/integration-test/target/test-dir/MiniOzoneClusterImpl-39af9574-7a8b-4ed7-b830-bf686a3d4bb8/datanode-2/data/ratis/4e4ed9a9-54f3-4891-8a50-04f5bdb95fec/current/log_inprogress_0
2019-09-25 07:04:52,816 [pool-37-thread-1] INFO  storage.RaftStorage (RaftStorage.java:format(72)) - Storage directory /workdir/hadoop-ozone/integration-test/target/test-dir/MiniOzoneClusterImpl-39af9574-7a8b-4ed7-b830-bf686a3d4bb8/datanode-1/data/ratis/d89022db-c234-42f5-82cc-e95158996088 has been successfully formatted.
2019-09-25 07:04:52,816 [pool-37-thread-1] INFO  ratis.ContainerStateMachine (ContainerStateMachine.java:loadSnapshot(230)) - group-E95158996088: The snapshot info is null. Setting the last applied indexto:(t:0, i:~)
2019-09-25 07:04:52,817 [pool-37-thread-1] INFO  server.RaftServerConfigKeys (ConfUtils.java:logGet(43)) - raft.server.notification.no-leader.timeout = 120s (custom)
2019-09-25 07:04:52,817 [pool-37-thread-1] INFO  server.RaftServerConfigKeys (ConfUtils.java:logGet(43)) - raft.server.log.use.memory = false (default)
2019-09-25 07:04:52,817 [pool-37-thread-1] INFO  server.RaftServerConfigKeys (ConfUtils.java:logGet(43)) - raft.server.log.purge.gap = 1000000 (custom)
2019-09-25 07:04:52,817 [pool-37-thread-1] INFO  server.RaftServerConfigKeys (ConfUtils.java:logGet(43)) - raft.server.log.appender.buffer.byte-limit = 33554432 (custom)
2019-09-25 07:04:52,817 [pool-37-thread-1] INFO  server.RaftServerConfigKeys (ConfUtils.java:logGet(43)) - raft.server.log.segment.size.max = 1048576 (custom)
2019-09-25 07:04:52,817 [pool-37-thread-1] INFO  server.RaftServerConfigKeys (ConfUtils.java:logGet(43)) - raft.server.log.segment.cache.num.max = 2 (custom)
2019-09-25 07:04:52,818 [pool-37-thread-1] INFO  segmented.SegmentedRaftLogWorker (SegmentedRaftLogWorker.java:<init>(172)) - new 62ec8eb9-3ae9-4136-b70a-2caf3716fa7f@group-E95158996088-SegmentedRaftLogWorker for RaftStorage:Storage Directory /workdir/hadoop-ozone/integration-test/target/test-dir/MiniOzoneClusterImpl-39af9574-7a8b-4ed7-b830-bf686a3d4bb8/datanode-1/data/ratis/d89022db-c234-42f5-82cc-e95158996088
2019-09-25 07:04:52,818 [pool-37-thread-1] INFO  server.RaftServerConfigKeys (ConfUtils.java:logGet(43)) - raft.server.log.queue.byte-limit = 2147483647 (custom)
2019-09-25 07:04:52,818 [pool-37-thread-1] INFO  server.RaftServerConfigKeys (ConfUtils.java:logGet(43)) - raft.server.log.queue.element-limit = 1024 (custom)
2019-09-25 07:04:52,818 [pool-37-thread-1] INFO  server.RaftServerConfigKeys (ConfUtils.java:logGet(43)) - raft.server.log.segment.size.max = 1048576 (custom)
2019-09-25 07:04:52,818 [pool-37-thread-1] INFO  server.RaftServerConfigKeys (ConfUtils.java:logGet(43)) - raft.server.log.preallocated.size = 16384 (custom)
2019-09-25 07:04:52,818 [pool-37-thread-1] INFO  server.RaftServerConfigKeys (ConfUtils.java:logGet(43)) - raft.server.log.write.buffer.size = 33554432 (custom)
2019-09-25 07:04:52,818 [pool-37-thread-1] INFO  server.RaftServerConfigKeys (ConfUtils.java:logGet(43)) - raft.server.log.force.sync.num = 128 (default)
2019-09-25 07:04:52,819 [pool-37-thread-1] INFO  server.RaftServerConfigKeys (ConfUtils.java:logGet(43)) - raft.server.log.statemachine.data.sync = true (default)
2019-09-25 07:04:52,819 [pool-37-thread-1] INFO  server.RaftServerConfigKeys (ConfUtils.java:logGet(43)) - raft.server.log.statemachine.data.sync.timeout = 10s (default)
2019-09-25 07:04:52,819 [pool-37-thread-1] INFO  server.RaftServerConfigKeys (ConfUtils.java:logGet(43)) - raft.server.log.statemachine.data.sync.timeout.retry = -1 (default)
2019-09-25 07:04:52,819 [pool-37-thread-1] INFO  server.RaftServerConfigKeys (ConfUtils.java:logGet(43)) - raft.server.log.statemachine.data.caching.enabled = true (custom)
2019-09-25 07:04:52,819 [pool-37-thread-1] INFO  segmented.SegmentedRaftLogWorker (SegmentedRaftLogWorker.java:lambda$new$0(132)) - 62ec8eb9-3ae9-4136-b70a-2caf3716fa7f@group-E95158996088-SegmentedRaftLogWorker: flushIndex: setUnconditionally 0 -> -1
2019-09-25 07:04:52,820 [pool-37-thread-1] INFO  server.RaftServerConfigKeys (ConfUtils.java:logGet(43)) - raft.server.snapshot.auto.trigger.enabled = true (custom)
2019-09-25 07:04:52,820 [pool-37-thread-1] INFO  server.RaftServerConfigKeys (ConfUtils.java:logGet(43)) - raft.server.snapshot.auto.trigger.threshold = 10000 (custom)
2019-09-25 07:04:52,820 [pool-37-thread-1] INFO  server.RaftServerConfigKeys (ConfUtils.java:logGet(43)) - raft.server.snapshot.retention.num.files = 5 (custom)
2019-09-25 07:04:52,820 [pool-37-thread-1] INFO  server.RaftServerConfigKeys (ConfUtils.java:logGet(43)) - raft.server.retrycache.expirytime = 600000ms (custom)
2019-09-25 07:04:52,822 [pool-37-thread-1] INFO  impl.RaftServerImpl (RaftServerImpl.java:start(185)) - 62ec8eb9-3ae9-4136-b70a-2caf3716fa7f@group-E95158996088: start as a follower, conf=-1: [62ec8eb9-3ae9-4136-b70a-2caf3716fa7f:192.168.30.10:44715], old=null
2019-09-25 07:04:52,822 [pool-37-thread-1] INFO  impl.RaftServerImpl (RaftServerImpl.java:setRole(174)) - 62ec8eb9-3ae9-4136-b70a-2caf3716fa7f@group-E95158996088: changes role from      null to FOLLOWER at term 0 for startAsFollower
2019-09-25 07:04:52,823 [pool-37-thread-1] INFO  impl.RoleInfo (RoleInfo.java:updateAndGet(143)) - 62ec8eb9-3ae9-4136-b70a-2caf3716fa7f: start FollowerState
2019-09-25 07:04:52,823 [pool-37-thread-1] INFO  util.JmxRegister (JmxRegister.java:tryRegister(44)) - Successfully registered JMX Bean with object name Ratis:service=RaftServer,group=group-E95158996088,id=62ec8eb9-3ae9-4136-b70a-2caf3716fa7f
2019-09-25 07:04:52,826 [RatisPipelineUtilsThread] INFO  pipeline.PipelineStateManager (PipelineStateManager.java:addPipeline(56)) - Created pipeline Pipeline[ Id: d89022db-c234-42f5-82cc-e95158996088, Nodes: 62ec8eb9-3ae9-4136-b70a-2caf3716fa7f{ip: 192.168.30.10, host: pr-hdds-1569-s62bp-3040748787, networkLocation: /default-rack, certSerialId: null}, Type:RATIS, Factor:ONE, State:OPEN]
2019-09-25 07:04:52,832 [grpc-default-executor-1] INFO  impl.RaftServerProxy (RaftServerProxy.java:addNew(89)) - 62ec8eb9-3ae9-4136-b70a-2caf3716fa7f: addNew group-E582315BD891:[62ec8eb9-3ae9-4136-b70a-2caf3716fa7f:192.168.30.10:44715] returns group-E582315BD891:java.util.concurrent.CompletableFuture@3bffdd6f[Not completed]
2019-09-25 07:04:52,833 [pool-37-thread-1] INFO  impl.RaftServerImpl (RaftServerImpl.java:<init>(95)) - 62ec8eb9-3ae9-4136-b70a-2caf3716fa7f: new RaftServerImpl for group-E582315BD891:[62ec8eb9-3ae9-4136-b70a-2caf3716fa7f:192.168.30.10:44715] with ContainerStateMachine:uninitialized
2019-09-25 07:04:52,833 [pool-37-thread-1] INFO  server.RaftServerConfigKeys (ConfUtils.java:logGet(43)) - raft.server.rpc.timeout.min = 5s (custom)
2019-09-25 07:04:52,833 [pool-37-thread-1] INFO  server.RaftServerConfigKeys (ConfUtils.java:logGet(43)) - raft.server.rpc.timeout.max = 5200ms (custom)
2019-09-25 07:04:52,834 [pool-37-thread-1] INFO  server.RaftServerConfigKeys (ConfUtils.java:logGet(43)) - raft.server.rpcslowness.timeout = 120s (custom)
2019-09-25 07:04:52,834 [pool-37-thread-1] INFO  server.RaftServerConfigKeys (ConfUtils.java:logGet(43)) - raft.server.sleep.deviation.threshold = 300 (default)
2019-09-25 07:04:52,834 [pool-37-thread-1] INFO  server.RaftServerConfigKeys (ConfUtils.java:logGet(43)) - raft.server.log.appender.install.snapshot.enabled = false (custom)
2019-09-25 07:04:52,834 [pool-37-thread-1] INFO  impl.RaftServerImpl (ServerState.java:<init>(103)) - 62ec8eb9-3ae9-4136-b70a-2caf3716fa7f@group-E582315BD891: ConfigurationManager, init=-1: [62ec8eb9-3ae9-4136-b70a-2caf3716fa7f:192.168.30.10:44715], old=null, confs=<EMPTY_MAP>
2019-09-25 07:04:52,834 [pool-37-thread-1] INFO  server.RaftServerConfigKeys (ConfUtils.java:logGet(43)) - raft.server.storage.dir = [/workdir/hadoop-ozone/integration-test/target/test-dir/MiniOzoneClusterImpl-39af9574-7a8b-4ed7-b830-bf686a3d4bb8/datanode-1/data/ratis] (custom)
2019-09-25 07:04:52,835 [pool-37-thread-1] INFO  storage.RaftStorageDirectory (RaftStorageDirectory.java:analyzeStorage(246)) - The storage directory /workdir/hadoop-ozone/integration-test/target/test-dir/MiniOzoneClusterImpl-39af9574-7a8b-4ed7-b830-bf686a3d4bb8/datanode-1/data/ratis/9c2a3a83-8223-4e40-92a3-e582315bd891 does not exist. Creating ...
2019-09-25 07:04:52,843 [pool-37-thread-1] INFO  storage.RaftStorageDirectory (RaftStorageDirectory.java:tryLock(328)) - Lock on /workdir/hadoop-ozone/integration-test/target/test-dir/MiniOzoneClusterImpl-39af9574-7a8b-4ed7-b830-bf686a3d4bb8/datanode-1/data/ratis/9c2a3a83-8223-4e40-92a3-e582315bd891/in_use.lock acquired by nodename 19495@pr-hdds-1569-s62bp-3040748787
2019-09-25 07:04:52,856 [pool-37-thread-1] INFO  storage.RaftStorage (RaftStorage.java:format(72)) - Storage directory /workdir/hadoop-ozone/integration-test/target/test-dir/MiniOzoneClusterImpl-39af9574-7a8b-4ed7-b830-bf686a3d4bb8/datanode-1/data/ratis/9c2a3a83-8223-4e40-92a3-e582315bd891 has been successfully formatted.
2019-09-25 07:04:52,857 [pool-37-thread-1] INFO  ratis.ContainerStateMachine (ContainerStateMachine.java:loadSnapshot(230)) - group-E582315BD891: The snapshot info is null. Setting the last applied indexto:(t:0, i:~)
2019-09-25 07:04:52,857 [pool-37-thread-1] INFO  server.RaftServerConfigKeys (ConfUtils.java:logGet(43)) - raft.server.notification.no-leader.timeout = 120s (custom)
2019-09-25 07:04:52,857 [pool-37-thread-1] INFO  server.RaftServerConfigKeys (ConfUtils.java:logGet(43)) - raft.server.log.use.memory = false (default)
2019-09-25 07:04:52,857 [pool-37-thread-1] INFO  server.RaftServerConfigKeys (ConfUtils.java:logGet(43)) - raft.server.log.purge.gap = 1000000 (custom)
2019-09-25 07:04:52,857 [pool-37-thread-1] INFO  server.RaftServerConfigKeys (ConfUtils.java:logGet(43)) - raft.server.log.appender.buffer.byte-limit = 33554432 (custom)
2019-09-25 07:04:52,857 [pool-37-thread-1] INFO  server.RaftServerConfigKeys (ConfUtils.java:logGet(43)) - raft.server.log.segment.size.max = 1048576 (custom)
2019-09-25 07:04:52,858 [pool-37-thread-1] INFO  server.RaftServerConfigKeys (ConfUtils.java:logGet(43)) - raft.server.log.segment.cache.num.max = 2 (custom)
2019-09-25 07:04:52,858 [pool-37-thread-1] INFO  segmented.SegmentedRaftLogWorker (SegmentedRaftLogWorker.java:<init>(172)) - new 62ec8eb9-3ae9-4136-b70a-2caf3716fa7f@group-E582315BD891-SegmentedRaftLogWorker for RaftStorage:Storage Directory /workdir/hadoop-ozone/integration-test/target/test-dir/MiniOzoneClusterImpl-39af9574-7a8b-4ed7-b830-bf686a3d4bb8/datanode-1/data/ratis/9c2a3a83-8223-4e40-92a3-e582315bd891
2019-09-25 07:04:52,858 [pool-37-thread-1] INFO  server.RaftServerConfigKeys (ConfUtils.java:logGet(43)) - raft.server.log.queue.byte-limit = 2147483647 (custom)
2019-09-25 07:04:52,858 [pool-37-thread-1] INFO  server.RaftServerConfigKeys (ConfUtils.java:logGet(43)) - raft.server.log.queue.element-limit = 1024 (custom)
2019-09-25 07:04:52,858 [pool-37-thread-1] INFO  server.RaftServerConfigKeys (ConfUtils.java:logGet(43)) - raft.server.log.segment.size.max = 1048576 (custom)
2019-09-25 07:04:52,858 [pool-37-thread-1] INFO  server.RaftServerConfigKeys (ConfUtils.java:logGet(43)) - raft.server.log.preallocated.size = 16384 (custom)
2019-09-25 07:04:52,858 [pool-37-thread-1] INFO  server.RaftServerConfigKeys (ConfUtils.java:logGet(43)) - raft.server.log.write.buffer.size = 33554432 (custom)
2019-09-25 07:04:52,859 [pool-37-thread-1] INFO  server.RaftServerConfigKeys (ConfUtils.java:logGet(43)) - raft.server.log.force.sync.num = 128 (default)
2019-09-25 07:04:52,859 [pool-37-thread-1] INFO  server.RaftServerConfigKeys (ConfUtils.java:logGet(43)) - raft.server.log.statemachine.data.sync = true (default)
2019-09-25 07:04:52,859 [pool-37-thread-1] INFO  server.RaftServerConfigKeys (ConfUtils.java:logGet(43)) - raft.server.log.statemachine.data.sync.timeout = 10s (default)
2019-09-25 07:04:52,859 [pool-37-thread-1] INFO  server.RaftServerConfigKeys (ConfUtils.java:logGet(43)) - raft.server.log.statemachine.data.sync.timeout.retry = -1 (default)
2019-09-25 07:04:52,859 [Thread-331] INFO  impl.FollowerState (FollowerState.java:run(106)) - 24bf2945-a329-4da6-aaf2-23ecd8d462c6:group-F7F25C0E999D changes to CANDIDATE, lastRpcTime:5086, electionTimeout:5086ms
2019-09-25 07:04:52,859 [pool-37-thread-1] INFO  server.RaftServerConfigKeys (ConfUtils.java:logGet(43)) - raft.server.log.statemachine.data.caching.enabled = true (custom)
2019-09-25 07:04:52,859 [Thread-331] INFO  impl.RoleInfo (RoleInfo.java:shutdownFollowerState(121)) - 24bf2945-a329-4da6-aaf2-23ecd8d462c6: shutdown FollowerState
2019-09-25 07:04:52,859 [Thread-331] INFO  impl.RaftServerImpl (RaftServerImpl.java:setRole(174)) - 24bf2945-a329-4da6-aaf2-23ecd8d462c6@group-F7F25C0E999D: changes role from  FOLLOWER to CANDIDATE at term 0 for changeToCandidate
2019-09-25 07:04:52,860 [Thread-331] INFO  impl.RoleInfo (RoleInfo.java:updateAndGet(143)) - 24bf2945-a329-4da6-aaf2-23ecd8d462c6: start LeaderElection
2019-09-25 07:04:52,860 [pool-37-thread-1] INFO  segmented.SegmentedRaftLogWorker (SegmentedRaftLogWorker.java:lambda$new$0(132)) - 62ec8eb9-3ae9-4136-b70a-2caf3716fa7f@group-E582315BD891-SegmentedRaftLogWorker: flushIndex: setUnconditionally 0 -> -1
2019-09-25 07:04:52,860 [pool-37-thread-1] INFO  server.RaftServerConfigKeys (ConfUtils.java:logGet(43)) - raft.server.snapshot.auto.trigger.enabled = true (custom)
2019-09-25 07:04:52,860 [pool-37-thread-1] INFO  server.RaftServerConfigKeys (ConfUtils.java:logGet(43)) - raft.server.snapshot.auto.trigger.threshold = 10000 (custom)
2019-09-25 07:04:52,860 [pool-37-thread-1] INFO  server.RaftServerConfigKeys (ConfUtils.java:logGet(43)) - raft.server.snapshot.retention.num.files = 5 (custom)
2019-09-25 07:04:52,860 [pool-37-thread-1] INFO  server.RaftServerConfigKeys (ConfUtils.java:logGet(43)) - raft.server.retrycache.expirytime = 600000ms (custom)
2019-09-25 07:04:52,862 [pool-37-thread-1] INFO  impl.RaftServerImpl (RaftServerImpl.java:start(185)) - 62ec8eb9-3ae9-4136-b70a-2caf3716fa7f@group-E582315BD891: start as a follower, conf=-1: [62ec8eb9-3ae9-4136-b70a-2caf3716fa7f:192.168.30.10:44715], old=null
2019-09-25 07:04:52,862 [pool-37-thread-1] INFO  impl.RaftServerImpl (RaftServerImpl.java:setRole(174)) - 62ec8eb9-3ae9-4136-b70a-2caf3716fa7f@group-E582315BD891: changes role from      null to FOLLOWER at term 0 for startAsFollower
2019-09-25 07:04:52,862 [pool-37-thread-1] INFO  impl.RoleInfo (RoleInfo.java:updateAndGet(143)) - 62ec8eb9-3ae9-4136-b70a-2caf3716fa7f: start FollowerState
2019-09-25 07:04:52,863 [pool-37-thread-1] INFO  util.JmxRegister (JmxRegister.java:tryRegister(44)) - Successfully registered JMX Bean with object name Ratis:service=RaftServer,group=group-E582315BD891,id=62ec8eb9-3ae9-4136-b70a-2caf3716fa7f
2019-09-25 07:04:52,865 [RatisPipelineUtilsThread] INFO  pipeline.PipelineStateManager (PipelineStateManager.java:addPipeline(56)) - Created pipeline Pipeline[ Id: 9c2a3a83-8223-4e40-92a3-e582315bd891, Nodes: 62ec8eb9-3ae9-4136-b70a-2caf3716fa7f{ip: 192.168.30.10, host: pr-hdds-1569-s62bp-3040748787, networkLocation: /default-rack, certSerialId: null}, Type:RATIS, Factor:ONE, State:OPEN]
2019-09-25 07:04:52,870 [grpc-default-executor-1] INFO  impl.RaftServerProxy (RaftServerProxy.java:addNew(89)) - e568d23f-199e-48ce-91e4-5c166e2e97cd: addNew group-FF36E0F90A6A:[e568d23f-199e-48ce-91e4-5c166e2e97cd:192.168.30.10:42827] returns group-FF36E0F90A6A:java.util.concurrent.CompletableFuture@43f95949[Not completed]
2019-09-25 07:04:52,871 [pool-27-thread-1] INFO  impl.RaftServerImpl (RaftServerImpl.java:<init>(95)) - e568d23f-199e-48ce-91e4-5c166e2e97cd: new RaftServerImpl for group-FF36E0F90A6A:[e568d23f-199e-48ce-91e4-5c166e2e97cd:192.168.30.10:42827] with ContainerStateMachine:uninitialized
2019-09-25 07:04:52,871 [pool-27-thread-1] INFO  server.RaftServerConfigKeys (ConfUtils.java:logGet(43)) - raft.server.rpc.timeout.min = 5s (custom)
2019-09-25 07:04:52,871 [pool-27-thread-1] INFO  server.RaftServerConfigKeys (ConfUtils.java:logGet(43)) - raft.server.rpc.timeout.max = 5200ms (custom)
2019-09-25 07:04:52,871 [pool-27-thread-1] INFO  server.RaftServerConfigKeys (ConfUtils.java:logGet(43)) - raft.server.rpcslowness.timeout = 120s (custom)
2019-09-25 07:04:52,871 [pool-27-thread-1] INFO  server.RaftServerConfigKeys (ConfUtils.java:logGet(43)) - raft.server.sleep.deviation.threshold = 300 (default)
2019-09-25 07:04:52,872 [pool-27-thread-1] INFO  server.RaftServerConfigKeys (ConfUtils.java:logGet(43)) - raft.server.log.appender.install.snapshot.enabled = false (custom)
2019-09-25 07:04:52,872 [pool-27-thread-1] INFO  impl.RaftServerImpl (ServerState.java:<init>(103)) - e568d23f-199e-48ce-91e4-5c166e2e97cd@group-FF36E0F90A6A: ConfigurationManager, init=-1: [e568d23f-199e-48ce-91e4-5c166e2e97cd:192.168.30.10:42827], old=null, confs=<EMPTY_MAP>
2019-09-25 07:04:52,872 [pool-27-thread-1] INFO  server.RaftServerConfigKeys (ConfUtils.java:logGet(43)) - raft.server.storage.dir = [/workdir/hadoop-ozone/integration-test/target/test-dir/MiniOzoneClusterImpl-39af9574-7a8b-4ed7-b830-bf686a3d4bb8/datanode-0/data/ratis] (custom)
2019-09-25 07:04:52,872 [pool-27-thread-1] INFO  storage.RaftStorageDirectory (RaftStorageDirectory.java:analyzeStorage(246)) - The storage directory /workdir/hadoop-ozone/integration-test/target/test-dir/MiniOzoneClusterImpl-39af9574-7a8b-4ed7-b830-bf686a3d4bb8/datanode-0/data/ratis/dc360215-3ff2-4159-8c3e-ff36e0f90a6a does not exist. Creating ...
2019-09-25 07:04:52,873 [24bf2945-a329-4da6-aaf2-23ecd8d462c6@group-F7F25C0E999D:LeaderElection50] INFO  impl.LeaderElection (LeaderElection.java:askForVotes(182)) - 24bf2945-a329-4da6-aaf2-23ecd8d462c6@group-F7F25C0E999D:LeaderElection50: begin an election at term 1 for -1: [24bf2945-a329-4da6-aaf2-23ecd8d462c6:192.168.30.10:42867], old=null
2019-09-25 07:04:52,873 [24bf2945-a329-4da6-aaf2-23ecd8d462c6@group-F7F25C0E999D:LeaderElection50] INFO  impl.RoleInfo (RoleInfo.java:shutdownLeaderElection(134)) - 24bf2945-a329-4da6-aaf2-23ecd8d462c6: shutdown LeaderElection
2019-09-25 07:04:52,873 [24bf2945-a329-4da6-aaf2-23ecd8d462c6@group-F7F25C0E999D:LeaderElection50] INFO  impl.RaftServerImpl (RaftServerImpl.java:setRole(174)) - 24bf2945-a329-4da6-aaf2-23ecd8d462c6@group-F7F25C0E999D: changes role from CANDIDATE to LEADER at term 1 for changeToLeader
2019-09-25 07:04:52,873 [24bf2945-a329-4da6-aaf2-23ecd8d462c6@group-F7F25C0E999D:LeaderElection50] INFO  impl.RaftServerImpl (ServerState.java:setLeader(253)) - 24bf2945-a329-4da6-aaf2-23ecd8d462c6@group-F7F25C0E999D: change Leader from null to 24bf2945-a329-4da6-aaf2-23ecd8d462c6 at term 1 for becomeLeader, leader elected after 5107ms
2019-09-25 07:04:52,874 [24bf2945-a329-4da6-aaf2-23ecd8d462c6@group-F7F25C0E999D:LeaderElection50] INFO  server.RaftServerConfigKeys (ConfUtils.java:logGet(43)) - raft.server.staging.catchup.gap = 1000 (default)
2019-09-25 07:04:52,874 [24bf2945-a329-4da6-aaf2-23ecd8d462c6@group-F7F25C0E999D:LeaderElection50] INFO  server.RaftServerConfigKeys (ConfUtils.java:logGet(43)) - raft.server.rpc.sleep.time = 25ms (default)
2019-09-25 07:04:52,874 [24bf2945-a329-4da6-aaf2-23ecd8d462c6@group-F7F25C0E999D:LeaderElection50] INFO  server.RaftServerConfigKeys (ConfUtils.java:logGet(43)) - raft.server.write.element-limit = 4096 (default)
2019-09-25 07:04:52,874 [24bf2945-a329-4da6-aaf2-23ecd8d462c6@group-F7F25C0E999D:LeaderElection50] INFO  server.RaftServerConfigKeys (ConfUtils.java:logGet(43)) - raft.server.watch.timeout = 10s (default)
2019-09-25 07:04:52,874 [24bf2945-a329-4da6-aaf2-23ecd8d462c6@group-F7F25C0E999D:LeaderElection50] INFO  server.RaftServerConfigKeys (ConfUtils.java:logGet(43)) - raft.server.watch.timeout.denomination = 1s (default)
2019-09-25 07:04:52,874 [24bf2945-a329-4da6-aaf2-23ecd8d462c6@group-F7F25C0E999D:LeaderElection50] INFO  server.RaftServerConfigKeys (ConfUtils.java:logGet(43)) - raft.server.watch.element-limit = 65536 (default)
2019-09-25 07:04:52,875 [pool-27-thread-1] INFO  storage.RaftStorageDirectory (RaftStorageDirectory.java:tryLock(328)) - Lock on /workdir/hadoop-ozone/integration-test/target/test-dir/MiniOzoneClusterImpl-39af9574-7a8b-4ed7-b830-bf686a3d4bb8/datanode-0/data/ratis/dc360215-3ff2-4159-8c3e-ff36e0f90a6a/in_use.lock acquired by nodename 19495@pr-hdds-1569-s62bp-3040748787
2019-09-25 07:04:52,876 [24bf2945-a329-4da6-aaf2-23ecd8d462c6@group-F7F25C0E999D:LeaderElection50] INFO  impl.RoleInfo (RoleInfo.java:updateAndGet(143)) - 24bf2945-a329-4da6-aaf2-23ecd8d462c6: start LeaderState
2019-09-25 07:04:52,876 [24bf2945-a329-4da6-aaf2-23ecd8d462c6@group-F7F25C0E999D:LeaderElection50] INFO  segmented.SegmentedRaftLogWorker (SegmentedRaftLogWorker.java:startLogSegment(380)) - 24bf2945-a329-4da6-aaf2-23ecd8d462c6@group-F7F25C0E999D-SegmentedRaftLogWorker: Starting segment from index:0
2019-09-25 07:04:52,877 [24bf2945-a329-4da6-aaf2-23ecd8d462c6@group-F7F25C0E999D:LeaderElection50] INFO  impl.RaftServerImpl (ServerState.java:setRaftConf(354)) - 24bf2945-a329-4da6-aaf2-23ecd8d462c6@group-F7F25C0E999D: set configuration 0: [24bf2945-a329-4da6-aaf2-23ecd8d462c6:192.168.30.10:42867], old=null at 0
2019-09-25 07:04:52,884 [Thread-328] INFO  impl.FollowerState (FollowerState.java:run(106)) - 24bf2945-a329-4da6-aaf2-23ecd8d462c6:group-041611808B54 changes to CANDIDATE, lastRpcTime:5138, electionTimeout:5138ms
2019-09-25 07:04:52,884 [Thread-328] INFO  impl.RoleInfo (RoleInfo.java:shutdownFollowerState(121)) - 24bf2945-a329-4da6-aaf2-23ecd8d462c6: shutdown FollowerState
2019-09-25 07:04:52,885 [Thread-328] INFO  impl.RaftServerImpl (RaftServerImpl.java:setRole(174)) - 24bf2945-a329-4da6-aaf2-23ecd8d462c6@group-041611808B54: changes role from  FOLLOWER to CANDIDATE at term 0 for changeToCandidate
2019-09-25 07:04:52,885 [Thread-328] INFO  impl.RoleInfo (RoleInfo.java:updateAndGet(143)) - 24bf2945-a329-4da6-aaf2-23ecd8d462c6: start LeaderElection
2019-09-25 07:04:52,889 [pool-27-thread-1] INFO  storage.RaftStorage (RaftStorage.java:format(72)) - Storage directory /workdir/hadoop-ozone/integration-test/target/test-dir/MiniOzoneClusterImpl-39af9574-7a8b-4ed7-b830-bf686a3d4bb8/datanode-0/data/ratis/dc360215-3ff2-4159-8c3e-ff36e0f90a6a has been successfully formatted.
2019-09-25 07:04:52,890 [24bf2945-a329-4da6-aaf2-23ecd8d462c6@group-041611808B54:LeaderElection51] INFO  impl.LeaderElection (LeaderElection.java:askForVotes(182)) - 24bf2945-a329-4da6-aaf2-23ecd8d462c6@group-041611808B54:LeaderElection51: begin an election at term 1 for -1: [24bf2945-a329-4da6-aaf2-23ecd8d462c6:192.168.30.10:42867], old=null
2019-09-25 07:04:52,890 [24bf2945-a329-4da6-aaf2-23ecd8d462c6@group-041611808B54:LeaderElection51] INFO  impl.RoleInfo (RoleInfo.java:shutdownLeaderElection(134)) - 24bf2945-a329-4da6-aaf2-23ecd8d462c6: shutdown LeaderElection
2019-09-25 07:04:52,890 [pool-27-thread-1] INFO  ratis.ContainerStateMachine (ContainerStateMachine.java:loadSnapshot(230)) - group-FF36E0F90A6A: The snapshot info is null. Setting the last applied indexto:(t:0, i:~)
2019-09-25 07:04:52,890 [24bf2945-a329-4da6-aaf2-23ecd8d462c6@group-041611808B54:LeaderElection51] INFO  impl.RaftServerImpl (RaftServerImpl.java:setRole(174)) - 24bf2945-a329-4da6-aaf2-23ecd8d462c6@group-041611808B54: changes role from CANDIDATE to LEADER at term 1 for changeToLeader
2019-09-25 07:04:52,890 [pool-27-thread-1] INFO  server.RaftServerConfigKeys (ConfUtils.java:logGet(43)) - raft.server.notification.no-leader.timeout = 120s (custom)
2019-09-25 07:04:52,890 [24bf2945-a329-4da6-aaf2-23ecd8d462c6@group-041611808B54:LeaderElection51] INFO  impl.RaftServerImpl (ServerState.java:setLeader(253)) - 24bf2945-a329-4da6-aaf2-23ecd8d462c6@group-041611808B54: change Leader from null to 24bf2945-a329-4da6-aaf2-23ecd8d462c6 at term 1 for becomeLeader, leader elected after 5150ms
2019-09-25 07:04:52,890 [pool-27-thread-1] INFO  server.RaftServerConfigKeys (ConfUtils.java:logGet(43)) - raft.server.log.use.memory = false (default)
2019-09-25 07:04:52,891 [24bf2945-a329-4da6-aaf2-23ecd8d462c6@group-041611808B54:LeaderElection51] INFO  server.RaftServerConfigKeys (ConfUtils.java:logGet(43)) - raft.server.staging.catchup.gap = 1000 (default)
2019-09-25 07:04:52,891 [pool-27-thread-1] INFO  server.RaftServerConfigKeys (ConfUtils.java:logGet(43)) - raft.server.log.purge.gap = 1000000 (custom)
2019-09-25 07:04:52,891 [24bf2945-a329-4da6-aaf2-23ecd8d462c6@group-041611808B54:LeaderElection51] INFO  server.RaftServerConfigKeys (ConfUtils.java:logGet(43)) - raft.server.rpc.sleep.time = 25ms (default)
2019-09-25 07:04:52,891 [pool-27-thread-1] INFO  server.RaftServerConfigKeys (ConfUtils.java:logGet(43)) - raft.server.log.appender.buffer.byte-limit = 33554432 (custom)
2019-09-25 07:04:52,891 [pool-27-thread-1] INFO  server.RaftServerConfigKeys (ConfUtils.java:logGet(43)) - raft.server.log.segment.size.max = 1048576 (custom)
2019-09-25 07:04:52,891 [24bf2945-a329-4da6-aaf2-23ecd8d462c6@group-041611808B54:LeaderElection51] INFO  server.RaftServerConfigKeys (ConfUtils.java:logGet(43)) - raft.server.write.element-limit = 4096 (default)
2019-09-25 07:04:52,892 [pool-27-thread-1] INFO  server.RaftServerConfigKeys (ConfUtils.java:logGet(43)) - raft.server.log.segment.cache.num.max = 2 (custom)
2019-09-25 07:04:52,892 [24bf2945-a329-4da6-aaf2-23ecd8d462c6@group-041611808B54:LeaderElection51] INFO  server.RaftServerConfigKeys (ConfUtils.java:logGet(43)) - raft.server.watch.timeout = 10s (default)
2019-09-25 07:04:52,892 [pool-27-thread-1] INFO  segmented.SegmentedRaftLogWorker (SegmentedRaftLogWorker.java:<init>(172)) - new e568d23f-199e-48ce-91e4-5c166e2e97cd@group-FF36E0F90A6A-SegmentedRaftLogWorker for RaftStorage:Storage Directory /workdir/hadoop-ozone/integration-test/target/test-dir/MiniOzoneClusterImpl-39af9574-7a8b-4ed7-b830-bf686a3d4bb8/datanode-0/data/ratis/dc360215-3ff2-4159-8c3e-ff36e0f90a6a
2019-09-25 07:04:52,892 [24bf2945-a329-4da6-aaf2-23ecd8d462c6@group-041611808B54:LeaderElection51] INFO  server.RaftServerConfigKeys (ConfUtils.java:logGet(43)) - raft.server.watch.timeout.denomination = 1s (default)
2019-09-25 07:04:52,892 [pool-27-thread-1] INFO  server.RaftServerConfigKeys (ConfUtils.java:logGet(43)) - raft.server.log.queue.byte-limit = 2147483647 (custom)
2019-09-25 07:04:52,892 [24bf2945-a329-4da6-aaf2-23ecd8d462c6@group-041611808B54:LeaderElection51] INFO  server.RaftServerConfigKeys (ConfUtils.java:logGet(43)) - raft.server.watch.element-limit = 65536 (default)
2019-09-25 07:04:52,893 [pool-27-thread-1] INFO  server.RaftServerConfigKeys (ConfUtils.java:logGet(43)) - raft.server.log.queue.element-limit = 1024 (custom)
2019-09-25 07:04:52,893 [pool-27-thread-1] INFO  server.RaftServerConfigKeys (ConfUtils.java:logGet(43)) - raft.server.log.segment.size.max = 1048576 (custom)
2019-09-25 07:04:52,893 [pool-27-thread-1] INFO  server.RaftServerConfigKeys (ConfUtils.java:logGet(43)) - raft.server.log.preallocated.size = 16384 (custom)
2019-09-25 07:04:52,893 [pool-27-thread-1] INFO  server.RaftServerConfigKeys (ConfUtils.java:logGet(43)) - raft.server.log.write.buffer.size = 33554432 (custom)
2019-09-25 07:04:52,894 [pool-27-thread-1] INFO  server.RaftServerConfigKeys (ConfUtils.java:logGet(43)) - raft.server.log.force.sync.num = 128 (default)
2019-09-25 07:04:52,894 [pool-27-thread-1] INFO  server.RaftServerConfigKeys (ConfUtils.java:logGet(43)) - raft.server.log.statemachine.data.sync = true (default)
2019-09-25 07:04:52,894 [pool-27-thread-1] INFO  server.RaftServerConfigKeys (ConfUtils.java:logGet(43)) - raft.server.log.statemachine.data.sync.timeout = 10s (default)
2019-09-25 07:04:52,894 [pool-27-thread-1] INFO  server.RaftServerConfigKeys (ConfUtils.java:logGet(43)) - raft.server.log.statemachine.data.sync.timeout.retry = -1 (default)
2019-09-25 07:04:52,894 [24bf2945-a329-4da6-aaf2-23ecd8d462c6@group-041611808B54:LeaderElection51] INFO  impl.RoleInfo (RoleInfo.java:updateAndGet(143)) - 24bf2945-a329-4da6-aaf2-23ecd8d462c6: start LeaderState
2019-09-25 07:04:52,894 [pool-27-thread-1] INFO  server.RaftServerConfigKeys (ConfUtils.java:logGet(43)) - raft.server.log.statemachine.data.caching.enabled = true (custom)
2019-09-25 07:04:52,895 [24bf2945-a329-4da6-aaf2-23ecd8d462c6@group-041611808B54:LeaderElection51] INFO  segmented.SegmentedRaftLogWorker (SegmentedRaftLogWorker.java:startLogSegment(380)) - 24bf2945-a329-4da6-aaf2-23ecd8d462c6@group-041611808B54-SegmentedRaftLogWorker: Starting segment from index:0
2019-09-25 07:04:52,895 [pool-27-thread-1] INFO  segmented.SegmentedRaftLogWorker (SegmentedRaftLogWorker.java:lambda$new$0(132)) - e568d23f-199e-48ce-91e4-5c166e2e97cd@group-FF36E0F90A6A-SegmentedRaftLogWorker: flushIndex: setUnconditionally 0 -> -1
2019-09-25 07:04:52,895 [24bf2945-a329-4da6-aaf2-23ecd8d462c6@group-041611808B54:LeaderElection51] INFO  impl.RaftServerImpl (ServerState.java:setRaftConf(354)) - 24bf2945-a329-4da6-aaf2-23ecd8d462c6@group-041611808B54: set configuration 0: [24bf2945-a329-4da6-aaf2-23ecd8d462c6:192.168.30.10:42867], old=null at 0
2019-09-25 07:04:52,895 [pool-27-thread-1] INFO  server.RaftServerConfigKeys (ConfUtils.java:logGet(43)) - raft.server.snapshot.auto.trigger.enabled = true (custom)
2019-09-25 07:04:52,896 [pool-27-thread-1] INFO  server.RaftServerConfigKeys (ConfUtils.java:logGet(43)) - raft.server.snapshot.auto.trigger.threshold = 10000 (custom)
2019-09-25 07:04:52,896 [pool-27-thread-1] INFO  server.RaftServerConfigKeys (ConfUtils.java:logGet(43)) - raft.server.snapshot.retention.num.files = 5 (custom)
2019-09-25 07:04:52,896 [pool-27-thread-1] INFO  server.RaftServerConfigKeys (ConfUtils.java:logGet(43)) - raft.server.retrycache.expirytime = 600000ms (custom)
2019-09-25 07:04:52,898 [pool-27-thread-1] INFO  impl.RaftServerImpl (RaftServerImpl.java:start(185)) - e568d23f-199e-48ce-91e4-5c166e2e97cd@group-FF36E0F90A6A: start as a follower, conf=-1: [e568d23f-199e-48ce-91e4-5c166e2e97cd:192.168.30.10:42827], old=null
2019-09-25 07:04:52,899 [pool-27-thread-1] INFO  impl.RaftServerImpl (RaftServerImpl.java:setRole(174)) - e568d23f-199e-48ce-91e4-5c166e2e97cd@group-FF36E0F90A6A: changes role from      null to FOLLOWER at term 0 for startAsFollower
2019-09-25 07:04:52,899 [pool-27-thread-1] INFO  impl.RoleInfo (RoleInfo.java:updateAndGet(143)) - e568d23f-199e-48ce-91e4-5c166e2e97cd: start FollowerState
2019-09-25 07:04:52,899 [pool-27-thread-1] INFO  util.JmxRegister (JmxRegister.java:tryRegister(44)) - Successfully registered JMX Bean with object name Ratis:service=RaftServer,group=group-FF36E0F90A6A,id=e568d23f-199e-48ce-91e4-5c166e2e97cd
2019-09-25 07:04:52,902 [RatisPipelineUtilsThread] INFO  pipeline.PipelineStateManager (PipelineStateManager.java:addPipeline(56)) - Created pipeline Pipeline[ Id: dc360215-3ff2-4159-8c3e-ff36e0f90a6a, Nodes: e568d23f-199e-48ce-91e4-5c166e2e97cd{ip: 192.168.30.10, host: pr-hdds-1569-s62bp-3040748787, networkLocation: /default-rack, certSerialId: null}, Type:RATIS, Factor:ONE, State:OPEN]
2019-09-25 07:04:52,907 [grpc-default-executor-1] INFO  impl.RaftServerProxy (RaftServerProxy.java:addNew(89)) - 24bf2945-a329-4da6-aaf2-23ecd8d462c6: addNew group-924297F06423:[24bf2945-a329-4da6-aaf2-23ecd8d462c6:192.168.30.10:42867] returns group-924297F06423:java.util.concurrent.CompletableFuture@6b7e7b87[Not completed]
2019-09-25 07:04:52,908 [pool-47-thread-1] INFO  impl.RaftServerImpl (RaftServerImpl.java:<init>(95)) - 24bf2945-a329-4da6-aaf2-23ecd8d462c6: new RaftServerImpl for group-924297F06423:[24bf2945-a329-4da6-aaf2-23ecd8d462c6:192.168.30.10:42867] with ContainerStateMachine:uninitialized
2019-09-25 07:04:52,909 [pool-47-thread-1] INFO  server.RaftServerConfigKeys (ConfUtils.java:logGet(43)) - raft.server.rpc.timeout.min = 5s (custom)
2019-09-25 07:04:52,909 [pool-47-thread-1] INFO  server.RaftServerConfigKeys (ConfUtils.java:logGet(43)) - raft.server.rpc.timeout.max = 5200ms (custom)
2019-09-25 07:04:52,909 [pool-47-thread-1] INFO  server.RaftServerConfigKeys (ConfUtils.java:logGet(43)) - raft.server.rpcslowness.timeout = 120s (custom)
2019-09-25 07:04:52,909 [pool-47-thread-1] INFO  server.RaftServerConfigKeys (ConfUtils.java:logGet(43)) - raft.server.sleep.deviation.threshold = 300 (default)
2019-09-25 07:04:52,909 [pool-47-thread-1] INFO  server.RaftServerConfigKeys (ConfUtils.java:logGet(43)) - raft.server.log.appender.install.snapshot.enabled = false (custom)
2019-09-25 07:04:52,909 [pool-47-thread-1] INFO  impl.RaftServerImpl (ServerState.java:<init>(103)) - 24bf2945-a329-4da6-aaf2-23ecd8d462c6@group-924297F06423: ConfigurationManager, init=-1: [24bf2945-a329-4da6-aaf2-23ecd8d462c6:192.168.30.10:42867], old=null, confs=<EMPTY_MAP>
2019-09-25 07:04:52,909 [pool-47-thread-1] INFO  server.RaftServerConfigKeys (ConfUtils.java:logGet(43)) - raft.server.storage.dir = [/workdir/hadoop-ozone/integration-test/target/test-dir/MiniOzoneClusterImpl-39af9574-7a8b-4ed7-b830-bf686a3d4bb8/datanode-2/data/ratis] (custom)
2019-09-25 07:04:52,910 [pool-47-thread-1] INFO  storage.RaftStorageDirectory (RaftStorageDirectory.java:analyzeStorage(246)) - The storage directory /workdir/hadoop-ozone/integration-test/target/test-dir/MiniOzoneClusterImpl-39af9574-7a8b-4ed7-b830-bf686a3d4bb8/datanode-2/data/ratis/5229cae6-5c3a-4a4a-94f4-924297f06423 does not exist. Creating ...
2019-09-25 07:04:52,922 [pool-47-thread-1] INFO  storage.RaftStorageDirectory (RaftStorageDirectory.java:tryLock(328)) - Lock on /workdir/hadoop-ozone/integration-test/target/test-dir/MiniOzoneClusterImpl-39af9574-7a8b-4ed7-b830-bf686a3d4bb8/datanode-2/data/ratis/5229cae6-5c3a-4a4a-94f4-924297f06423/in_use.lock acquired by nodename 19495@pr-hdds-1569-s62bp-3040748787
2019-09-25 07:04:52,922 [24bf2945-a329-4da6-aaf2-23ecd8d462c6@group-F7F25C0E999D-SegmentedRaftLogWorker] INFO  segmented.SegmentedRaftLogWorker (SegmentedRaftLogWorker.java:execute(569)) - 24bf2945-a329-4da6-aaf2-23ecd8d462c6@group-F7F25C0E999D-SegmentedRaftLogWorker: created new log segment /workdir/hadoop-ozone/integration-test/target/test-dir/MiniOzoneClusterImpl-39af9574-7a8b-4ed7-b830-bf686a3d4bb8/datanode-2/data/ratis/8afce4c4-3114-4119-b70f-f7f25c0e999d/current/log_inprogress_0
2019-09-25 07:04:52,935 [24bf2945-a329-4da6-aaf2-23ecd8d462c6@group-041611808B54-SegmentedRaftLogWorker] INFO  segmented.SegmentedRaftLogWorker (SegmentedRaftLogWorker.java:execute(569)) - 24bf2945-a329-4da6-aaf2-23ecd8d462c6@group-041611808B54-SegmentedRaftLogWorker: created new log segment /workdir/hadoop-ozone/integration-test/target/test-dir/MiniOzoneClusterImpl-39af9574-7a8b-4ed7-b830-bf686a3d4bb8/datanode-2/data/ratis/bd59409e-7fa4-42a2-aa53-041611808b54/current/log_inprogress_0
2019-09-25 07:04:52,935 [pool-47-thread-1] INFO  storage.RaftStorage (RaftStorage.java:format(72)) - Storage directory /workdir/hadoop-ozone/integration-test/target/test-dir/MiniOzoneClusterImpl-39af9574-7a8b-4ed7-b830-bf686a3d4bb8/datanode-2/data/ratis/5229cae6-5c3a-4a4a-94f4-924297f06423 has been successfully formatted.
2019-09-25 07:04:52,935 [pool-47-thread-1] INFO  ratis.ContainerStateMachine (ContainerStateMachine.java:loadSnapshot(230)) - group-924297F06423: The snapshot info is null. Setting the last applied indexto:(t:0, i:~)
2019-09-25 07:04:52,936 [pool-47-thread-1] INFO  server.RaftServerConfigKeys (ConfUtils.java:logGet(43)) - raft.server.notification.no-leader.timeout = 120s (custom)
2019-09-25 07:04:52,936 [pool-47-thread-1] INFO  server.RaftServerConfigKeys (ConfUtils.java:logGet(43)) - raft.server.log.use.memory = false (default)
2019-09-25 07:04:52,936 [pool-47-thread-1] INFO  server.RaftServerConfigKeys (ConfUtils.java:logGet(43)) - raft.server.log.purge.gap = 1000000 (custom)
2019-09-25 07:04:52,936 [pool-47-thread-1] INFO  server.RaftServerConfigKeys (ConfUtils.java:logGet(43)) - raft.server.log.appender.buffer.byte-limit = 33554432 (custom)
2019-09-25 07:04:52,936 [pool-47-thread-1] INFO  server.RaftServerConfigKeys (ConfUtils.java:logGet(43)) - raft.server.log.segment.size.max = 1048576 (custom)
2019-09-25 07:04:52,936 [pool-47-thread-1] INFO  server.RaftServerConfigKeys (ConfUtils.java:logGet(43)) - raft.server.log.segment.cache.num.max = 2 (custom)
2019-09-25 07:04:52,937 [pool-47-thread-1] INFO  segmented.SegmentedRaftLogWorker (SegmentedRaftLogWorker.java:<init>(172)) - new 24bf2945-a329-4da6-aaf2-23ecd8d462c6@group-924297F06423-SegmentedRaftLogWorker for RaftStorage:Storage Directory /workdir/hadoop-ozone/integration-test/target/test-dir/MiniOzoneClusterImpl-39af9574-7a8b-4ed7-b830-bf686a3d4bb8/datanode-2/data/ratis/5229cae6-5c3a-4a4a-94f4-924297f06423
2019-09-25 07:04:52,937 [pool-47-thread-1] INFO  server.RaftServerConfigKeys (ConfUtils.java:logGet(43)) - raft.server.log.queue.byte-limit = 2147483647 (custom)
2019-09-25 07:04:52,937 [pool-47-thread-1] INFO  server.RaftServerConfigKeys (ConfUtils.java:logGet(43)) - raft.server.log.queue.element-limit = 1024 (custom)
2019-09-25 07:04:52,937 [pool-47-thread-1] INFO  server.RaftServerConfigKeys (ConfUtils.java:logGet(43)) - raft.server.log.segment.size.max = 1048576 (custom)
2019-09-25 07:04:52,937 [pool-47-thread-1] INFO  server.RaftServerConfigKeys (ConfUtils.java:logGet(43)) - raft.server.log.preallocated.size = 16384 (custom)
2019-09-25 07:04:52,937 [pool-47-thread-1] INFO  server.RaftServerConfigKeys (ConfUtils.java:logGet(43)) - raft.server.log.write.buffer.size = 33554432 (custom)
2019-09-25 07:04:52,937 [pool-47-thread-1] INFO  server.RaftServerConfigKeys (ConfUtils.java:logGet(43)) - raft.server.log.force.sync.num = 128 (default)
2019-09-25 07:04:52,938 [pool-47-thread-1] INFO  server.RaftServerConfigKeys (ConfUtils.java:logGet(43)) - raft.server.log.statemachine.data.sync = true (default)
2019-09-25 07:04:52,938 [pool-47-thread-1] INFO  server.RaftServerConfigKeys (ConfUtils.java:logGet(43)) - raft.server.log.statemachine.data.sync.timeout = 10s (default)
2019-09-25 07:04:52,938 [pool-47-thread-1] INFO  server.RaftServerConfigKeys (ConfUtils.java:logGet(43)) - raft.server.log.statemachine.data.sync.timeout.retry = -1 (default)
2019-09-25 07:04:52,938 [pool-47-thread-1] INFO  server.RaftServerConfigKeys (ConfUtils.java:logGet(43)) - raft.server.log.statemachine.data.caching.enabled = true (custom)
2019-09-25 07:04:52,938 [pool-47-thread-1] INFO  segmented.SegmentedRaftLogWorker (SegmentedRaftLogWorker.java:lambda$new$0(132)) - 24bf2945-a329-4da6-aaf2-23ecd8d462c6@group-924297F06423-SegmentedRaftLogWorker: flushIndex: setUnconditionally 0 -> -1
2019-09-25 07:04:52,939 [pool-47-thread-1] INFO  server.RaftServerConfigKeys (ConfUtils.java:logGet(43)) - raft.server.snapshot.auto.trigger.enabled = true (custom)
2019-09-25 07:04:52,939 [pool-47-thread-1] INFO  server.RaftServerConfigKeys (ConfUtils.java:logGet(43)) - raft.server.snapshot.auto.trigger.threshold = 10000 (custom)
2019-09-25 07:04:52,939 [pool-47-thread-1] INFO  server.RaftServerConfigKeys (ConfUtils.java:logGet(43)) - raft.server.snapshot.retention.num.files = 5 (custom)
2019-09-25 07:04:52,939 [pool-47-thread-1] INFO  server.RaftServerConfigKeys (ConfUtils.java:logGet(43)) - raft.server.retrycache.expirytime = 600000ms (custom)
2019-09-25 07:04:52,941 [pool-47-thread-1] INFO  impl.RaftServerImpl (RaftServerImpl.java:start(185)) - 24bf2945-a329-4da6-aaf2-23ecd8d462c6@group-924297F06423: start as a follower, conf=-1: [24bf2945-a329-4da6-aaf2-23ecd8d462c6:192.168.30.10:42867], old=null
2019-09-25 07:04:52,941 [pool-47-thread-1] INFO  impl.RaftServerImpl (RaftServerImpl.java:setRole(174)) - 24bf2945-a329-4da6-aaf2-23ecd8d462c6@group-924297F06423: changes role from      null to FOLLOWER at term 0 for startAsFollower
2019-09-25 07:04:52,941 [pool-47-thread-1] INFO  impl.RoleInfo (RoleInfo.java:updateAndGet(143)) - 24bf2945-a329-4da6-aaf2-23ecd8d462c6: start FollowerState
2019-09-25 07:04:52,942 [pool-47-thread-1] INFO  util.JmxRegister (JmxRegister.java:tryRegister(44)) - Successfully registered JMX Bean with object name Ratis:service=RaftServer,group=group-924297F06423,id=24bf2945-a329-4da6-aaf2-23ecd8d462c6
2019-09-25 07:04:52,944 [RatisPipelineUtilsThread] INFO  pipeline.PipelineStateManager (PipelineStateManager.java:addPipeline(56)) - Created pipeline Pipeline[ Id: 5229cae6-5c3a-4a4a-94f4-924297f06423, Nodes: 24bf2945-a329-4da6-aaf2-23ecd8d462c6{ip: 192.168.30.10, host: pr-hdds-1569-s62bp-3040748787, networkLocation: /default-rack, certSerialId: null}, Type:RATIS, Factor:ONE, State:OPEN]
2019-09-25 07:04:52,949 [grpc-default-executor-1] INFO  impl.RaftServerProxy (RaftServerProxy.java:addNew(89)) - e568d23f-199e-48ce-91e4-5c166e2e97cd: addNew group-712AED870590:[e568d23f-199e-48ce-91e4-5c166e2e97cd:192.168.30.10:42827] returns group-712AED870590:java.util.concurrent.CompletableFuture@2844a4d2[Not completed]
2019-09-25 07:04:52,950 [pool-27-thread-1] INFO  impl.RaftServerImpl (RaftServerImpl.java:<init>(95)) - e568d23f-199e-48ce-91e4-5c166e2e97cd: new RaftServerImpl for group-712AED870590:[e568d23f-199e-48ce-91e4-5c166e2e97cd:192.168.30.10:42827] with ContainerStateMachine:uninitialized
2019-09-25 07:04:52,950 [pool-27-thread-1] INFO  server.RaftServerConfigKeys (ConfUtils.java:logGet(43)) - raft.server.rpc.timeout.min = 5s (custom)
2019-09-25 07:04:52,950 [pool-27-thread-1] INFO  server.RaftServerConfigKeys (ConfUtils.java:logGet(43)) - raft.server.rpc.timeout.max = 5200ms (custom)
2019-09-25 07:04:52,950 [pool-27-thread-1] INFO  server.RaftServerConfigKeys (ConfUtils.java:logGet(43)) - raft.server.rpcslowness.timeout = 120s (custom)
2019-09-25 07:04:52,950 [pool-27-thread-1] INFO  server.RaftServerConfigKeys (ConfUtils.java:logGet(43)) - raft.server.sleep.deviation.threshold = 300 (default)
2019-09-25 07:04:52,950 [pool-27-thread-1] INFO  server.RaftServerConfigKeys (ConfUtils.java:logGet(43)) - raft.server.log.appender.install.snapshot.enabled = false (custom)
2019-09-25 07:04:52,951 [pool-27-thread-1] INFO  impl.RaftServerImpl (ServerState.java:<init>(103)) - e568d23f-199e-48ce-91e4-5c166e2e97cd@group-712AED870590: ConfigurationManager, init=-1: [e568d23f-199e-48ce-91e4-5c166e2e97cd:192.168.30.10:42827], old=null, confs=<EMPTY_MAP>
2019-09-25 07:04:52,951 [pool-27-thread-1] INFO  server.RaftServerConfigKeys (ConfUtils.java:logGet(43)) - raft.server.storage.dir = [/workdir/hadoop-ozone/integration-test/target/test-dir/MiniOzoneClusterImpl-39af9574-7a8b-4ed7-b830-bf686a3d4bb8/datanode-0/data/ratis] (custom)
2019-09-25 07:04:52,951 [pool-27-thread-1] INFO  storage.RaftStorageDirectory (RaftStorageDirectory.java:analyzeStorage(246)) - The storage directory /workdir/hadoop-ozone/integration-test/target/test-dir/MiniOzoneClusterImpl-39af9574-7a8b-4ed7-b830-bf686a3d4bb8/datanode-0/data/ratis/88561dc4-a712-4343-8087-712aed870590 does not exist. Creating ...
2019-09-25 07:04:52,962 [pool-27-thread-1] INFO  storage.RaftStorageDirectory (RaftStorageDirectory.java:tryLock(328)) - Lock on /workdir/hadoop-ozone/integration-test/target/test-dir/MiniOzoneClusterImpl-39af9574-7a8b-4ed7-b830-bf686a3d4bb8/datanode-0/data/ratis/88561dc4-a712-4343-8087-712aed870590/in_use.lock acquired by nodename 19495@pr-hdds-1569-s62bp-3040748787
2019-09-25 07:04:52,975 [pool-27-thread-1] INFO  storage.RaftStorage (RaftStorage.java:format(72)) - Storage directory /workdir/hadoop-ozone/integration-test/target/test-dir/MiniOzoneClusterImpl-39af9574-7a8b-4ed7-b830-bf686a3d4bb8/datanode-0/data/ratis/88561dc4-a712-4343-8087-712aed870590 has been successfully formatted.
2019-09-25 07:04:52,975 [pool-27-thread-1] INFO  ratis.ContainerStateMachine (ContainerStateMachine.java:loadSnapshot(230)) - group-712AED870590: The snapshot info is null. Setting the last applied indexto:(t:0, i:~)
2019-09-25 07:04:52,975 [pool-27-thread-1] INFO  server.RaftServerConfigKeys (ConfUtils.java:logGet(43)) - raft.server.notification.no-leader.timeout = 120s (custom)
2019-09-25 07:04:52,975 [pool-27-thread-1] INFO  server.RaftServerConfigKeys (ConfUtils.java:logGet(43)) - raft.server.log.use.memory = false (default)
2019-09-25 07:04:52,975 [pool-27-thread-1] INFO  server.RaftServerConfigKeys (ConfUtils.java:logGet(43)) - raft.server.log.purge.gap = 1000000 (custom)
2019-09-25 07:04:52,976 [pool-27-thread-1] INFO  server.RaftServerConfigKeys (ConfUtils.java:logGet(43)) - raft.server.log.appender.buffer.byte-limit = 33554432 (custom)
2019-09-25 07:04:52,976 [pool-27-thread-1] INFO  server.RaftServerConfigKeys (ConfUtils.java:logGet(43)) - raft.server.log.segment.size.max = 1048576 (custom)
2019-09-25 07:04:52,976 [pool-27-thread-1] INFO  server.RaftServerConfigKeys (ConfUtils.java:logGet(43)) - raft.server.log.segment.cache.num.max = 2 (custom)
2019-09-25 07:04:52,976 [pool-27-thread-1] INFO  segmented.SegmentedRaftLogWorker (SegmentedRaftLogWorker.java:<init>(172)) - new e568d23f-199e-48ce-91e4-5c166e2e97cd@group-712AED870590-SegmentedRaftLogWorker for RaftStorage:Storage Directory /workdir/hadoop-ozone/integration-test/target/test-dir/MiniOzoneClusterImpl-39af9574-7a8b-4ed7-b830-bf686a3d4bb8/datanode-0/data/ratis/88561dc4-a712-4343-8087-712aed870590
2019-09-25 07:04:52,976 [pool-27-thread-1] INFO  server.RaftServerConfigKeys (ConfUtils.java:logGet(43)) - raft.server.log.queue.byte-limit = 2147483647 (custom)
2019-09-25 07:04:52,976 [pool-27-thread-1] INFO  server.RaftServerConfigKeys (ConfUtils.java:logGet(43)) - raft.server.log.queue.element-limit = 1024 (custom)
2019-09-25 07:04:52,976 [pool-27-thread-1] INFO  server.RaftServerConfigKeys (ConfUtils.java:logGet(43)) - raft.server.log.segment.size.max = 1048576 (custom)
2019-09-25 07:04:52,976 [pool-27-thread-1] INFO  server.RaftServerConfigKeys (ConfUtils.java:logGet(43)) - raft.server.log.preallocated.size = 16384 (custom)
2019-09-25 07:04:52,976 [pool-27-thread-1] INFO  server.RaftServerConfigKeys (ConfUtils.java:logGet(43)) - raft.server.log.write.buffer.size = 33554432 (custom)
2019-09-25 07:04:52,976 [pool-27-thread-1] INFO  server.RaftServerConfigKeys (ConfUtils.java:logGet(43)) - raft.server.log.force.sync.num = 128 (default)
2019-09-25 07:04:52,977 [pool-27-thread-1] INFO  server.RaftServerConfigKeys (ConfUtils.java:logGet(43)) - raft.server.log.statemachine.data.sync = true (default)
2019-09-25 07:04:52,977 [pool-27-thread-1] INFO  server.RaftServerConfigKeys (ConfUtils.java:logGet(43)) - raft.server.log.statemachine.data.sync.timeout = 10s (default)
2019-09-25 07:04:52,977 [pool-27-thread-1] INFO  server.RaftServerConfigKeys (ConfUtils.java:logGet(43)) - raft.server.log.statemachine.data.sync.timeout.retry = -1 (default)
2019-09-25 07:04:52,977 [pool-27-thread-1] INFO  server.RaftServerConfigKeys (ConfUtils.java:logGet(43)) - raft.server.log.statemachine.data.caching.enabled = true (custom)
2019-09-25 07:04:52,977 [pool-27-thread-1] INFO  segmented.SegmentedRaftLogWorker (SegmentedRaftLogWorker.java:lambda$new$0(132)) - e568d23f-199e-48ce-91e4-5c166e2e97cd@group-712AED870590-SegmentedRaftLogWorker: flushIndex: setUnconditionally 0 -> -1
2019-09-25 07:04:52,977 [pool-27-thread-1] INFO  server.RaftServerConfigKeys (ConfUtils.java:logGet(43)) - raft.server.snapshot.auto.trigger.enabled = true (custom)
2019-09-25 07:04:52,978 [pool-27-thread-1] INFO  server.RaftServerConfigKeys (ConfUtils.java:logGet(43)) - raft.server.snapshot.auto.trigger.threshold = 10000 (custom)
2019-09-25 07:04:52,978 [pool-27-thread-1] INFO  server.RaftServerConfigKeys (ConfUtils.java:logGet(43)) - raft.server.snapshot.retention.num.files = 5 (custom)
2019-09-25 07:04:52,978 [pool-27-thread-1] INFO  server.RaftServerConfigKeys (ConfUtils.java:logGet(43)) - raft.server.retrycache.expirytime = 600000ms (custom)
2019-09-25 07:04:52,979 [pool-27-thread-1] INFO  impl.RaftServerImpl (RaftServerImpl.java:start(185)) - e568d23f-199e-48ce-91e4-5c166e2e97cd@group-712AED870590: start as a follower, conf=-1: [e568d23f-199e-48ce-91e4-5c166e2e97cd:192.168.30.10:42827], old=null
2019-09-25 07:04:52,979 [pool-27-thread-1] INFO  impl.RaftServerImpl (RaftServerImpl.java:setRole(174)) - e568d23f-199e-48ce-91e4-5c166e2e97cd@group-712AED870590: changes role from      null to FOLLOWER at term 0 for startAsFollower
2019-09-25 07:04:52,979 [pool-27-thread-1] INFO  impl.RoleInfo (RoleInfo.java:updateAndGet(143)) - e568d23f-199e-48ce-91e4-5c166e2e97cd: start FollowerState
2019-09-25 07:04:52,980 [pool-27-thread-1] INFO  util.JmxRegister (JmxRegister.java:tryRegister(44)) - Successfully registered JMX Bean with object name Ratis:service=RaftServer,group=group-712AED870590,id=e568d23f-199e-48ce-91e4-5c166e2e97cd
2019-09-25 07:04:52,982 [RatisPipelineUtilsThread] INFO  pipeline.PipelineStateManager (PipelineStateManager.java:addPipeline(56)) - Created pipeline Pipeline[ Id: 88561dc4-a712-4343-8087-712aed870590, Nodes: e568d23f-199e-48ce-91e4-5c166e2e97cd{ip: 192.168.30.10, host: pr-hdds-1569-s62bp-3040748787, networkLocation: /default-rack, certSerialId: null}, Type:RATIS, Factor:ONE, State:OPEN]
2019-09-25 07:04:52,987 [grpc-default-executor-1] INFO  impl.RaftServerProxy (RaftServerProxy.java:addNew(89)) - 24bf2945-a329-4da6-aaf2-23ecd8d462c6: addNew group-2742ADE52F95:[24bf2945-a329-4da6-aaf2-23ecd8d462c6:192.168.30.10:42867] returns group-2742ADE52F95:java.util.concurrent.CompletableFuture@607d9391[Not completed]
2019-09-25 07:04:52,988 [pool-47-thread-1] INFO  impl.RaftServerImpl (RaftServerImpl.java:<init>(95)) - 24bf2945-a329-4da6-aaf2-23ecd8d462c6: new RaftServerImpl for group-2742ADE52F95:[24bf2945-a329-4da6-aaf2-23ecd8d462c6:192.168.30.10:42867] with ContainerStateMachine:uninitialized
2019-09-25 07:04:52,988 [pool-47-thread-1] INFO  server.RaftServerConfigKeys (ConfUtils.java:logGet(43)) - raft.server.rpc.timeout.min = 5s (custom)
2019-09-25 07:04:52,988 [pool-47-thread-1] INFO  server.RaftServerConfigKeys (ConfUtils.java:logGet(43)) - raft.server.rpc.timeout.max = 5200ms (custom)
2019-09-25 07:04:52,988 [pool-47-thread-1] INFO  server.RaftServerConfigKeys (ConfUtils.java:logGet(43)) - raft.server.rpcslowness.timeout = 120s (custom)
2019-09-25 07:04:52,989 [pool-47-thread-1] INFO  server.RaftServerConfigKeys (ConfUtils.java:logGet(43)) - raft.server.sleep.deviation.threshold = 300 (default)
2019-09-25 07:04:52,989 [pool-47-thread-1] INFO  server.RaftServerConfigKeys (ConfUtils.java:logGet(43)) - raft.server.log.appender.install.snapshot.enabled = false (custom)
2019-09-25 07:04:52,989 [pool-47-thread-1] INFO  impl.RaftServerImpl (ServerState.java:<init>(103)) - 24bf2945-a329-4da6-aaf2-23ecd8d462c6@group-2742ADE52F95: ConfigurationManager, init=-1: [24bf2945-a329-4da6-aaf2-23ecd8d462c6:192.168.30.10:42867], old=null, confs=<EMPTY_MAP>
2019-09-25 07:04:52,989 [pool-47-thread-1] INFO  server.RaftServerConfigKeys (ConfUtils.java:logGet(43)) - raft.server.storage.dir = [/workdir/hadoop-ozone/integration-test/target/test-dir/MiniOzoneClusterImpl-39af9574-7a8b-4ed7-b830-bf686a3d4bb8/datanode-2/data/ratis] (custom)
2019-09-25 07:04:52,990 [pool-47-thread-1] INFO  storage.RaftStorageDirectory (RaftStorageDirectory.java:analyzeStorage(246)) - The storage directory /workdir/hadoop-ozone/integration-test/target/test-dir/MiniOzoneClusterImpl-39af9574-7a8b-4ed7-b830-bf686a3d4bb8/datanode-2/data/ratis/6bbe7ea7-113b-43db-b7f8-2742ade52f95 does not exist. Creating ...
2019-09-25 07:04:52,995 [pool-47-thread-1] INFO  storage.RaftStorageDirectory (RaftStorageDirectory.java:tryLock(328)) - Lock on /workdir/hadoop-ozone/integration-test/target/test-dir/MiniOzoneClusterImpl-39af9574-7a8b-4ed7-b830-bf686a3d4bb8/datanode-2/data/ratis/6bbe7ea7-113b-43db-b7f8-2742ade52f95/in_use.lock acquired by nodename 19495@pr-hdds-1569-s62bp-3040748787
2019-09-25 07:04:52,998 [Thread-337] INFO  impl.FollowerState (FollowerState.java:run(106)) - e568d23f-199e-48ce-91e4-5c166e2e97cd:group-DA2F624ADC98 changes to CANDIDATE, lastRpcTime:5169, electionTimeout:5169ms
2019-09-25 07:04:52,998 [Thread-337] INFO  impl.RoleInfo (RoleInfo.java:shutdownFollowerState(121)) - e568d23f-199e-48ce-91e4-5c166e2e97cd: shutdown FollowerState
2019-09-25 07:04:52,998 [Thread-337] INFO  impl.RaftServerImpl (RaftServerImpl.java:setRole(174)) - e568d23f-199e-48ce-91e4-5c166e2e97cd@group-DA2F624ADC98: changes role from  FOLLOWER to CANDIDATE at term 0 for changeToCandidate
2019-09-25 07:04:52,998 [Thread-337] INFO  impl.RoleInfo (RoleInfo.java:updateAndGet(143)) - e568d23f-199e-48ce-91e4-5c166e2e97cd: start LeaderElection
2019-09-25 07:04:52,999 [Thread-334] INFO  impl.FollowerState (FollowerState.java:run(106)) - 24bf2945-a329-4da6-aaf2-23ecd8d462c6:group-AD1607F35510 changes to CANDIDATE, lastRpcTime:5198, electionTimeout:5198ms
2019-09-25 07:04:53,000 [Thread-334] INFO  impl.RoleInfo (RoleInfo.java:shutdownFollowerState(121)) - 24bf2945-a329-4da6-aaf2-23ecd8d462c6: shutdown FollowerState
2019-09-25 07:04:53,000 [Thread-334] INFO  impl.RaftServerImpl (RaftServerImpl.java:setRole(174)) - 24bf2945-a329-4da6-aaf2-23ecd8d462c6@group-AD1607F35510: changes role from  FOLLOWER to CANDIDATE at term 0 for changeToCandidate
2019-09-25 07:04:53,000 [Thread-334] INFO  impl.RoleInfo (RoleInfo.java:updateAndGet(143)) - 24bf2945-a329-4da6-aaf2-23ecd8d462c6: start LeaderElection
2019-09-25 07:04:53,002 [Thread-349] INFO  impl.FollowerState (FollowerState.java:run(106)) - 24bf2945-a329-4da6-aaf2-23ecd8d462c6:group-46E67153754C changes to CANDIDATE, lastRpcTime:5044, electionTimeout:5044ms
2019-09-25 07:04:53,002 [Thread-349] INFO  impl.RoleInfo (RoleInfo.java:shutdownFollowerState(121)) - 24bf2945-a329-4da6-aaf2-23ecd8d462c6: shutdown FollowerState
2019-09-25 07:04:53,002 [Thread-349] INFO  impl.RaftServerImpl (RaftServerImpl.java:setRole(174)) - 24bf2945-a329-4da6-aaf2-23ecd8d462c6@group-46E67153754C: changes role from  FOLLOWER to CANDIDATE at term 0 for changeToCandidate
2019-09-25 07:04:53,003 [Thread-349] INFO  impl.RoleInfo (RoleInfo.java:updateAndGet(143)) - 24bf2945-a329-4da6-aaf2-23ecd8d462c6: start LeaderElection
2019-09-25 07:04:53,010 [pool-47-thread-1] INFO  storage.RaftStorage (RaftStorage.java:format(72)) - Storage directory /workdir/hadoop-ozone/integration-test/target/test-dir/MiniOzoneClusterImpl-39af9574-7a8b-4ed7-b830-bf686a3d4bb8/datanode-2/data/ratis/6bbe7ea7-113b-43db-b7f8-2742ade52f95 has been successfully formatted.
2019-09-25 07:04:53,010 [24bf2945-a329-4da6-aaf2-23ecd8d462c6@group-46E67153754C:LeaderElection54] INFO  impl.LeaderElection (LeaderElection.java:askForVotes(182)) - 24bf2945-a329-4da6-aaf2-23ecd8d462c6@group-46E67153754C:LeaderElection54: begin an election at term 1 for -1: [24bf2945-a329-4da6-aaf2-23ecd8d462c6:192.168.30.10:42867], old=null
2019-09-25 07:04:53,010 [24bf2945-a329-4da6-aaf2-23ecd8d462c6@group-AD1607F35510:LeaderElection53] INFO  impl.LeaderElection (LeaderElection.java:askForVotes(182)) - 24bf2945-a329-4da6-aaf2-23ecd8d462c6@group-AD1607F35510:LeaderElection53: begin an election at term 1 for -1: [24bf2945-a329-4da6-aaf2-23ecd8d462c6:192.168.30.10:42867], old=null
2019-09-25 07:04:53,010 [e568d23f-199e-48ce-91e4-5c166e2e97cd@group-DA2F624ADC98:LeaderElection52] INFO  impl.LeaderElection (LeaderElection.java:askForVotes(182)) - e568d23f-199e-48ce-91e4-5c166e2e97cd@group-DA2F624ADC98:LeaderElection52: begin an election at term 1 for -1: [e568d23f-199e-48ce-91e4-5c166e2e97cd:192.168.30.10:42827], old=null
2019-09-25 07:04:53,010 [24bf2945-a329-4da6-aaf2-23ecd8d462c6@group-AD1607F35510:LeaderElection53] INFO  impl.RoleInfo (RoleInfo.java:shutdownLeaderElection(134)) - 24bf2945-a329-4da6-aaf2-23ecd8d462c6: shutdown LeaderElection
2019-09-25 07:04:53,010 [24bf2945-a329-4da6-aaf2-23ecd8d462c6@group-46E67153754C:LeaderElection54] INFO  impl.RoleInfo (RoleInfo.java:shutdownLeaderElection(134)) - 24bf2945-a329-4da6-aaf2-23ecd8d462c6: shutdown LeaderElection
2019-09-25 07:04:53,010 [pool-47-thread-1] INFO  ratis.ContainerStateMachine (ContainerStateMachine.java:loadSnapshot(230)) - group-2742ADE52F95: The snapshot info is null. Setting the last applied indexto:(t:0, i:~)
2019-09-25 07:04:53,011 [24bf2945-a329-4da6-aaf2-23ecd8d462c6@group-46E67153754C:LeaderElection54] INFO  impl.RaftServerImpl (RaftServerImpl.java:setRole(174)) - 24bf2945-a329-4da6-aaf2-23ecd8d462c6@group-46E67153754C: changes role from CANDIDATE to LEADER at term 1 for changeToLeader
2019-09-25 07:04:53,011 [24bf2945-a329-4da6-aaf2-23ecd8d462c6@group-AD1607F35510:LeaderElection53] INFO  impl.RaftServerImpl (RaftServerImpl.java:setRole(174)) - 24bf2945-a329-4da6-aaf2-23ecd8d462c6@group-AD1607F35510: changes role from CANDIDATE to LEADER at term 1 for changeToLeader
2019-09-25 07:04:53,010 [e568d23f-199e-48ce-91e4-5c166e2e97cd@group-DA2F624ADC98:LeaderElection52] INFO  impl.RoleInfo (RoleInfo.java:shutdownLeaderElection(134)) - e568d23f-199e-48ce-91e4-5c166e2e97cd: shutdown LeaderElection
2019-09-25 07:04:53,011 [24bf2945-a329-4da6-aaf2-23ecd8d462c6@group-AD1607F35510:LeaderElection53] INFO  impl.RaftServerImpl (ServerState.java:setLeader(253)) - 24bf2945-a329-4da6-aaf2-23ecd8d462c6@group-AD1607F35510: change Leader from null to 24bf2945-a329-4da6-aaf2-23ecd8d462c6 at term 1 for becomeLeader, leader elected after 5216ms
2019-09-25 07:04:53,011 [24bf2945-a329-4da6-aaf2-23ecd8d462c6@group-46E67153754C:LeaderElection54] INFO  impl.RaftServerImpl (ServerState.java:setLeader(253)) - 24bf2945-a329-4da6-aaf2-23ecd8d462c6@group-46E67153754C: change Leader from null to 24bf2945-a329-4da6-aaf2-23ecd8d462c6 at term 1 for becomeLeader, leader elected after 5060ms
2019-09-25 07:04:53,011 [pool-47-thread-1] INFO  server.RaftServerConfigKeys (ConfUtils.java:logGet(43)) - raft.server.notification.no-leader.timeout = 120s (custom)
2019-09-25 07:04:53,011 [24bf2945-a329-4da6-aaf2-23ecd8d462c6@group-46E67153754C:LeaderElection54] INFO  server.RaftServerConfigKeys (ConfUtils.java:logGet(43)) - raft.server.staging.catchup.gap = 1000 (default)
2019-09-25 07:04:53,011 [24bf2945-a329-4da6-aaf2-23ecd8d462c6@group-AD1607F35510:LeaderElection53] INFO  server.RaftServerConfigKeys (ConfUtils.java:logGet(43)) - raft.server.staging.catchup.gap = 1000 (default)
2019-09-25 07:04:53,011 [e568d23f-199e-48ce-91e4-5c166e2e97cd@group-DA2F624ADC98:LeaderElection52] INFO  impl.RaftServerImpl (RaftServerImpl.java:setRole(174)) - e568d23f-199e-48ce-91e4-5c166e2e97cd@group-DA2F624ADC98: changes role from CANDIDATE to LEADER at term 1 for changeToLeader
2019-09-25 07:04:53,012 [24bf2945-a329-4da6-aaf2-23ecd8d462c6@group-AD1607F35510:LeaderElection53] INFO  server.RaftServerConfigKeys (ConfUtils.java:logGet(43)) - raft.server.rpc.sleep.time = 25ms (default)
2019-09-25 07:04:53,011 [24bf2945-a329-4da6-aaf2-23ecd8d462c6@group-46E67153754C:LeaderElection54] INFO  server.RaftServerConfigKeys (ConfUtils.java:logGet(43)) - raft.server.rpc.sleep.time = 25ms (default)
2019-09-25 07:04:53,011 [pool-47-thread-1] INFO  server.RaftServerConfigKeys (ConfUtils.java:logGet(43)) - raft.server.log.use.memory = false (default)
2019-09-25 07:04:53,012 [24bf2945-a329-4da6-aaf2-23ecd8d462c6@group-46E67153754C:LeaderElection54] INFO  server.RaftServerConfigKeys (ConfUtils.java:logGet(43)) - raft.server.write.element-limit = 4096 (default)
2019-09-25 07:04:53,012 [24bf2945-a329-4da6-aaf2-23ecd8d462c6@group-AD1607F35510:LeaderElection53] INFO  server.RaftServerConfigKeys (ConfUtils.java:logGet(43)) - raft.server.write.element-limit = 4096 (default)
2019-09-25 07:04:53,012 [e568d23f-199e-48ce-91e4-5c166e2e97cd@group-DA2F624ADC98:LeaderElection52] INFO  impl.RaftServerImpl (ServerState.java:setLeader(253)) - e568d23f-199e-48ce-91e4-5c166e2e97cd@group-DA2F624ADC98: change Leader from null to e568d23f-199e-48ce-91e4-5c166e2e97cd at term 1 for becomeLeader, leader elected after 5190ms
2019-09-25 07:04:53,012 [24bf2945-a329-4da6-aaf2-23ecd8d462c6@group-AD1607F35510:LeaderElection53] INFO  server.RaftServerConfigKeys (ConfUtils.java:logGet(43)) - raft.server.watch.timeout = 10s (default)
2019-09-25 07:04:53,012 [24bf2945-a329-4da6-aaf2-23ecd8d462c6@group-AD1607F35510:LeaderElection53] INFO  server.RaftServerConfigKeys (ConfUtils.java:logGet(43)) - raft.server.watch.timeout.denomination = 1s (default)
2019-09-25 07:04:53,012 [24bf2945-a329-4da6-aaf2-23ecd8d462c6@group-46E67153754C:LeaderElection54] INFO  server.RaftServerConfigKeys (ConfUtils.java:logGet(43)) - raft.server.watch.timeout = 10s (default)
2019-09-25 07:04:53,012 [pool-47-thread-1] INFO  server.RaftServerConfigKeys (ConfUtils.java:logGet(43)) - raft.server.log.purge.gap = 1000000 (custom)
2019-09-25 07:04:53,013 [24bf2945-a329-4da6-aaf2-23ecd8d462c6@group-46E67153754C:LeaderElection54] INFO  server.RaftServerConfigKeys (ConfUtils.java:logGet(43)) - raft.server.watch.timeout.denomination = 1s (default)
2019-09-25 07:04:53,012 [24bf2945-a329-4da6-aaf2-23ecd8d462c6@group-AD1607F35510:LeaderElection53] INFO  server.RaftServerConfigKeys (ConfUtils.java:logGet(43)) - raft.server.watch.element-limit = 65536 (default)
2019-09-25 07:04:53,012 [e568d23f-199e-48ce-91e4-5c166e2e97cd@group-DA2F624ADC98:LeaderElection52] INFO  server.RaftServerConfigKeys (ConfUtils.java:logGet(43)) - raft.server.staging.catchup.gap = 1000 (default)
2019-09-25 07:04:53,013 [24bf2945-a329-4da6-aaf2-23ecd8d462c6@group-46E67153754C:LeaderElection54] INFO  server.RaftServerConfigKeys (ConfUtils.java:logGet(43)) - raft.server.watch.element-limit = 65536 (default)
2019-09-25 07:04:53,013 [pool-47-thread-1] INFO  server.RaftServerConfigKeys (ConfUtils.java:logGet(43)) - raft.server.log.appender.buffer.byte-limit = 33554432 (custom)
2019-09-25 07:04:53,013 [e568d23f-199e-48ce-91e4-5c166e2e97cd@group-DA2F624ADC98:LeaderElection52] INFO  server.RaftServerConfigKeys (ConfUtils.java:logGet(43)) - raft.server.rpc.sleep.time = 25ms (default)
2019-09-25 07:04:53,013 [pool-47-thread-1] INFO  server.RaftServerConfigKeys (ConfUtils.java:logGet(43)) - raft.server.log.segment.size.max = 1048576 (custom)
2019-09-25 07:04:53,013 [e568d23f-199e-48ce-91e4-5c166e2e97cd@group-DA2F624ADC98:LeaderElection52] INFO  server.RaftServerConfigKeys (ConfUtils.java:logGet(43)) - raft.server.write.element-limit = 4096 (default)
2019-09-25 07:04:53,013 [pool-47-thread-1] INFO  server.RaftServerConfigKeys (ConfUtils.java:logGet(43)) - raft.server.log.segment.cache.num.max = 2 (custom)
2019-09-25 07:04:53,014 [e568d23f-199e-48ce-91e4-5c166e2e97cd@group-DA2F624ADC98:LeaderElection52] INFO  server.RaftServerConfigKeys (ConfUtils.java:logGet(43)) - raft.server.watch.timeout = 10s (default)
2019-09-25 07:04:53,014 [pool-47-thread-1] INFO  segmented.SegmentedRaftLogWorker (SegmentedRaftLogWorker.java:<init>(172)) - new 24bf2945-a329-4da6-aaf2-23ecd8d462c6@group-2742ADE52F95-SegmentedRaftLogWorker for RaftStorage:Storage Directory /workdir/hadoop-ozone/integration-test/target/test-dir/MiniOzoneClusterImpl-39af9574-7a8b-4ed7-b830-bf686a3d4bb8/datanode-2/data/ratis/6bbe7ea7-113b-43db-b7f8-2742ade52f95
2019-09-25 07:04:53,014 [e568d23f-199e-48ce-91e4-5c166e2e97cd@group-DA2F624ADC98:LeaderElection52] INFO  server.RaftServerConfigKeys (ConfUtils.java:logGet(43)) - raft.server.watch.timeout.denomination = 1s (default)
2019-09-25 07:04:53,014 [pool-47-thread-1] INFO  server.RaftServerConfigKeys (ConfUtils.java:logGet(43)) - raft.server.log.queue.byte-limit = 2147483647 (custom)
2019-09-25 07:04:53,014 [e568d23f-199e-48ce-91e4-5c166e2e97cd@group-DA2F624ADC98:LeaderElection52] INFO  server.RaftServerConfigKeys (ConfUtils.java:logGet(43)) - raft.server.watch.element-limit = 65536 (default)
2019-09-25 07:04:53,014 [pool-47-thread-1] INFO  server.RaftServerConfigKeys (ConfUtils.java:logGet(43)) - raft.server.log.queue.element-limit = 1024 (custom)
2019-09-25 07:04:53,014 [pool-47-thread-1] INFO  server.RaftServerConfigKeys (ConfUtils.java:logGet(43)) - raft.server.log.segment.size.max = 1048576 (custom)
2019-09-25 07:04:53,014 [pool-47-thread-1] INFO  server.RaftServerConfigKeys (ConfUtils.java:logGet(43)) - raft.server.log.preallocated.size = 16384 (custom)
2019-09-25 07:04:53,015 [pool-47-thread-1] INFO  server.RaftServerConfigKeys (ConfUtils.java:logGet(43)) - raft.server.log.write.buffer.size = 33554432 (custom)
2019-09-25 07:04:53,015 [pool-47-thread-1] INFO  server.RaftServerConfigKeys (ConfUtils.java:logGet(43)) - raft.server.log.force.sync.num = 128 (default)
2019-09-25 07:04:53,015 [pool-47-thread-1] INFO  server.RaftServerConfigKeys (ConfUtils.java:logGet(43)) - raft.server.log.statemachine.data.sync = true (default)
2019-09-25 07:04:53,015 [24bf2945-a329-4da6-aaf2-23ecd8d462c6@group-AD1607F35510:LeaderElection53] INFO  impl.RoleInfo (RoleInfo.java:updateAndGet(143)) - 24bf2945-a329-4da6-aaf2-23ecd8d462c6: start LeaderState
2019-09-25 07:04:53,015 [pool-47-thread-1] INFO  server.RaftServerConfigKeys (ConfUtils.java:logGet(43)) - raft.server.log.statemachine.data.sync.timeout = 10s (default)
2019-09-25 07:04:53,015 [pool-47-thread-1] INFO  server.RaftServerConfigKeys (ConfUtils.java:logGet(43)) - raft.server.log.statemachine.data.sync.timeout.retry = -1 (default)
2019-09-25 07:04:53,015 [24bf2945-a329-4da6-aaf2-23ecd8d462c6@group-AD1607F35510:LeaderElection53] INFO  segmented.SegmentedRaftLogWorker (SegmentedRaftLogWorker.java:startLogSegment(380)) - 24bf2945-a329-4da6-aaf2-23ecd8d462c6@group-AD1607F35510-SegmentedRaftLogWorker: Starting segment from index:0
2019-09-25 07:04:53,015 [24bf2945-a329-4da6-aaf2-23ecd8d462c6@group-46E67153754C:LeaderElection54] INFO  impl.RoleInfo (RoleInfo.java:updateAndGet(143)) - 24bf2945-a329-4da6-aaf2-23ecd8d462c6: start LeaderState
2019-09-25 07:04:53,015 [pool-47-thread-1] INFO  server.RaftServerConfigKeys (ConfUtils.java:logGet(43)) - raft.server.log.statemachine.data.caching.enabled = true (custom)
2019-09-25 07:04:53,016 [24bf2945-a329-4da6-aaf2-23ecd8d462c6@group-46E67153754C:LeaderElection54] INFO  segmented.SegmentedRaftLogWorker (SegmentedRaftLogWorker.java:startLogSegment(380)) - 24bf2945-a329-4da6-aaf2-23ecd8d462c6@group-46E67153754C-SegmentedRaftLogWorker: Starting segment from index:0
2019-09-25 07:04:53,016 [pool-47-thread-1] INFO  segmented.SegmentedRaftLogWorker (SegmentedRaftLogWorker.java:lambda$new$0(132)) - 24bf2945-a329-4da6-aaf2-23ecd8d462c6@group-2742ADE52F95-SegmentedRaftLogWorker: flushIndex: setUnconditionally 0 -> -1
2019-09-25 07:04:53,016 [e568d23f-199e-48ce-91e4-5c166e2e97cd@group-DA2F624ADC98:LeaderElection52] INFO  impl.RoleInfo (RoleInfo.java:updateAndGet(143)) - e568d23f-199e-48ce-91e4-5c166e2e97cd: start LeaderState
2019-09-25 07:04:53,016 [24bf2945-a329-4da6-aaf2-23ecd8d462c6@group-AD1607F35510:LeaderElection53] INFO  impl.RaftServerImpl (ServerState.java:setRaftConf(354)) - 24bf2945-a329-4da6-aaf2-23ecd8d462c6@group-AD1607F35510: set configuration 0: [24bf2945-a329-4da6-aaf2-23ecd8d462c6:192.168.30.10:42867], old=null at 0
2019-09-25 07:04:53,016 [pool-47-thread-1] INFO  server.RaftServerConfigKeys (ConfUtils.java:logGet(43)) - raft.server.snapshot.auto.trigger.enabled = true (custom)
2019-09-25 07:04:53,016 [e568d23f-199e-48ce-91e4-5c166e2e97cd@group-DA2F624ADC98:LeaderElection52] INFO  segmented.SegmentedRaftLogWorker (SegmentedRaftLogWorker.java:startLogSegment(380)) - e568d23f-199e-48ce-91e4-5c166e2e97cd@group-DA2F624ADC98-SegmentedRaftLogWorker: Starting segment from index:0
2019-09-25 07:04:53,016 [24bf2945-a329-4da6-aaf2-23ecd8d462c6@group-46E67153754C:LeaderElection54] INFO  impl.RaftServerImpl (ServerState.java:setRaftConf(354)) - 24bf2945-a329-4da6-aaf2-23ecd8d462c6@group-46E67153754C: set configuration 0: [24bf2945-a329-4da6-aaf2-23ecd8d462c6:192.168.30.10:42867], old=null at 0
2019-09-25 07:04:53,016 [pool-47-thread-1] INFO  server.RaftServerConfigKeys (ConfUtils.java:logGet(43)) - raft.server.snapshot.auto.trigger.threshold = 10000 (custom)
2019-09-25 07:04:53,017 [e568d23f-199e-48ce-91e4-5c166e2e97cd@group-DA2F624ADC98:LeaderElection52] INFO  impl.RaftServerImpl (ServerState.java:setRaftConf(354)) - e568d23f-199e-48ce-91e4-5c166e2e97cd@group-DA2F624ADC98: set configuration 0: [e568d23f-199e-48ce-91e4-5c166e2e97cd:192.168.30.10:42827], old=null at 0
2019-09-25 07:04:53,017 [pool-47-thread-1] INFO  server.RaftServerConfigKeys (ConfUtils.java:logGet(43)) - raft.server.snapshot.retention.num.files = 5 (custom)
2019-09-25 07:04:53,017 [pool-47-thread-1] INFO  server.RaftServerConfigKeys (ConfUtils.java:logGet(43)) - raft.server.retrycache.expirytime = 600000ms (custom)
2019-09-25 07:04:53,018 [pool-47-thread-1] INFO  impl.RaftServerImpl (RaftServerImpl.java:start(185)) - 24bf2945-a329-4da6-aaf2-23ecd8d462c6@group-2742ADE52F95: start as a follower, conf=-1: [24bf2945-a329-4da6-aaf2-23ecd8d462c6:192.168.30.10:42867], old=null
2019-09-25 07:04:53,018 [pool-47-thread-1] INFO  impl.RaftServerImpl (RaftServerImpl.java:setRole(174)) - 24bf2945-a329-4da6-aaf2-23ecd8d462c6@group-2742ADE52F95: changes role from      null to FOLLOWER at term 0 for startAsFollower
2019-09-25 07:04:53,018 [pool-47-thread-1] INFO  impl.RoleInfo (RoleInfo.java:updateAndGet(143)) - 24bf2945-a329-4da6-aaf2-23ecd8d462c6: start FollowerState
2019-09-25 07:04:53,018 [pool-47-thread-1] INFO  util.JmxRegister (JmxRegister.java:tryRegister(44)) - Successfully registered JMX Bean with object name Ratis:service=RaftServer,group=group-2742ADE52F95,id=24bf2945-a329-4da6-aaf2-23ecd8d462c6
2019-09-25 07:04:53,021 [RatisPipelineUtilsThread] INFO  pipeline.PipelineStateManager (PipelineStateManager.java:addPipeline(56)) - Created pipeline Pipeline[ Id: 6bbe7ea7-113b-43db-b7f8-2742ade52f95, Nodes: 24bf2945-a329-4da6-aaf2-23ecd8d462c6{ip: 192.168.30.10, host: pr-hdds-1569-s62bp-3040748787, networkLocation: /default-rack, certSerialId: null}, Type:RATIS, Factor:ONE, State:OPEN]
2019-09-25 07:04:53,027 [grpc-default-executor-1] INFO  impl.RaftServerProxy (RaftServerProxy.java:addNew(89)) - 62ec8eb9-3ae9-4136-b70a-2caf3716fa7f: addNew group-52492DA1CE05:[62ec8eb9-3ae9-4136-b70a-2caf3716fa7f:192.168.30.10:44715] returns group-52492DA1CE05:java.util.concurrent.CompletableFuture@382c9edf[Not completed]
2019-09-25 07:04:53,027 [pool-37-thread-1] INFO  impl.RaftServerImpl (RaftServerImpl.java:<init>(95)) - 62ec8eb9-3ae9-4136-b70a-2caf3716fa7f: new RaftServerImpl for group-52492DA1CE05:[62ec8eb9-3ae9-4136-b70a-2caf3716fa7f:192.168.30.10:44715] with ContainerStateMachine:uninitialized
2019-09-25 07:04:53,028 [pool-37-thread-1] INFO  server.RaftServerConfigKeys (ConfUtils.java:logGet(43)) - raft.server.rpc.timeout.min = 5s (custom)
2019-09-25 07:04:53,028 [pool-37-thread-1] INFO  server.RaftServerConfigKeys (ConfUtils.java:logGet(43)) - raft.server.rpc.timeout.max = 5200ms (custom)
2019-09-25 07:04:53,028 [pool-37-thread-1] INFO  server.RaftServerConfigKeys (ConfUtils.java:logGet(43)) - raft.server.rpcslowness.timeout = 120s (custom)
2019-09-25 07:04:53,028 [pool-37-thread-1] INFO  server.RaftServerConfigKeys (ConfUtils.java:logGet(43)) - raft.server.sleep.deviation.threshold = 300 (default)
2019-09-25 07:04:53,028 [pool-37-thread-1] INFO  server.RaftServerConfigKeys (ConfUtils.java:logGet(43)) - raft.server.log.appender.install.snapshot.enabled = false (custom)
2019-09-25 07:04:53,028 [pool-37-thread-1] INFO  impl.RaftServerImpl (ServerState.java:<init>(103)) - 62ec8eb9-3ae9-4136-b70a-2caf3716fa7f@group-52492DA1CE05: ConfigurationManager, init=-1: [62ec8eb9-3ae9-4136-b70a-2caf3716fa7f:192.168.30.10:44715], old=null, confs=<EMPTY_MAP>
2019-09-25 07:04:53,028 [pool-37-thread-1] INFO  server.RaftServerConfigKeys (ConfUtils.java:logGet(43)) - raft.server.storage.dir = [/workdir/hadoop-ozone/integration-test/target/test-dir/MiniOzoneClusterImpl-39af9574-7a8b-4ed7-b830-bf686a3d4bb8/datanode-1/data/ratis] (custom)
2019-09-25 07:04:53,029 [pool-37-thread-1] INFO  storage.RaftStorageDirectory (RaftStorageDirectory.java:analyzeStorage(246)) - The storage directory /workdir/hadoop-ozone/integration-test/target/test-dir/MiniOzoneClusterImpl-39af9574-7a8b-4ed7-b830-bf686a3d4bb8/datanode-1/data/ratis/32113c2a-dce8-4c9f-86ce-52492da1ce05 does not exist. Creating ...
2019-09-25 07:04:53,031 [Thread-358] INFO  impl.FollowerState (FollowerState.java:run(106)) - 24bf2945-a329-4da6-aaf2-23ecd8d462c6:group-2B70A50CA462 changes to CANDIDATE, lastRpcTime:5002, electionTimeout:5002ms
2019-09-25 07:04:53,031 [Thread-358] INFO  impl.RoleInfo (RoleInfo.java:shutdownFollowerState(121)) - 24bf2945-a329-4da6-aaf2-23ecd8d462c6: shutdown FollowerState
2019-09-25 07:04:53,031 [Thread-358] INFO  impl.RaftServerImpl (RaftServerImpl.java:setRole(174)) - 24bf2945-a329-4da6-aaf2-23ecd8d462c6@group-2B70A50CA462: changes role from  FOLLOWER to CANDIDATE at term 0 for changeToCandidate
2019-09-25 07:04:53,031 [Thread-358] INFO  impl.RoleInfo (RoleInfo.java:updateAndGet(143)) - 24bf2945-a329-4da6-aaf2-23ecd8d462c6: start LeaderElection
2019-09-25 07:04:53,038 [Thread-352] INFO  impl.FollowerState (FollowerState.java:run(106)) - e568d23f-199e-48ce-91e4-5c166e2e97cd:group-763CACC7ED60 changes to CANDIDATE, lastRpcTime:5057, electionTimeout:5057ms
2019-09-25 07:04:53,039 [Thread-352] INFO  impl.RoleInfo (RoleInfo.java:shutdownFollowerState(121)) - e568d23f-199e-48ce-91e4-5c166e2e97cd: shutdown FollowerState
2019-09-25 07:04:53,039 [Thread-352] INFO  impl.RaftServerImpl (RaftServerImpl.java:setRole(174)) - e568d23f-199e-48ce-91e4-5c166e2e97cd@group-763CACC7ED60: changes role from  FOLLOWER to CANDIDATE at term 0 for changeToCandidate
2019-09-25 07:04:53,039 [Thread-352] INFO  impl.RoleInfo (RoleInfo.java:updateAndGet(143)) - e568d23f-199e-48ce-91e4-5c166e2e97cd: start LeaderElection
2019-09-25 07:04:53,043 [pool-37-thread-1] INFO  storage.RaftStorageDirectory (RaftStorageDirectory.java:tryLock(328)) - Lock on /workdir/hadoop-ozone/integration-test/target/test-dir/MiniOzoneClusterImpl-39af9574-7a8b-4ed7-b830-bf686a3d4bb8/datanode-1/data/ratis/32113c2a-dce8-4c9f-86ce-52492da1ce05/in_use.lock acquired by nodename 19495@pr-hdds-1569-s62bp-3040748787
2019-09-25 07:04:53,043 [e568d23f-199e-48ce-91e4-5c166e2e97cd@group-763CACC7ED60:LeaderElection56] INFO  impl.LeaderElection (LeaderElection.java:askForVotes(182)) - e568d23f-199e-48ce-91e4-5c166e2e97cd@group-763CACC7ED60:LeaderElection56: begin an election at term 1 for -1: [e568d23f-199e-48ce-91e4-5c166e2e97cd:192.168.30.10:42827], old=null
2019-09-25 07:04:53,043 [24bf2945-a329-4da6-aaf2-23ecd8d462c6@group-2B70A50CA462:LeaderElection55] INFO  impl.LeaderElection (LeaderElection.java:askForVotes(182)) - 24bf2945-a329-4da6-aaf2-23ecd8d462c6@group-2B70A50CA462:LeaderElection55: begin an election at term 1 for -1: [24bf2945-a329-4da6-aaf2-23ecd8d462c6:192.168.30.10:42867], old=null
2019-09-25 07:04:53,043 [e568d23f-199e-48ce-91e4-5c166e2e97cd@group-763CACC7ED60:LeaderElection56] INFO  impl.RoleInfo (RoleInfo.java:shutdownLeaderElection(134)) - e568d23f-199e-48ce-91e4-5c166e2e97cd: shutdown LeaderElection
2019-09-25 07:04:53,043 [24bf2945-a329-4da6-aaf2-23ecd8d462c6@group-2B70A50CA462:LeaderElection55] INFO  impl.RoleInfo (RoleInfo.java:shutdownLeaderElection(134)) - 24bf2945-a329-4da6-aaf2-23ecd8d462c6: shutdown LeaderElection
2019-09-25 07:04:53,043 [e568d23f-199e-48ce-91e4-5c166e2e97cd@group-763CACC7ED60:LeaderElection56] INFO  impl.RaftServerImpl (RaftServerImpl.java:setRole(174)) - e568d23f-199e-48ce-91e4-5c166e2e97cd@group-763CACC7ED60: changes role from CANDIDATE to LEADER at term 1 for changeToLeader
2019-09-25 07:04:53,043 [24bf2945-a329-4da6-aaf2-23ecd8d462c6@group-2B70A50CA462:LeaderElection55] INFO  impl.RaftServerImpl (RaftServerImpl.java:setRole(174)) - 24bf2945-a329-4da6-aaf2-23ecd8d462c6@group-2B70A50CA462: changes role from CANDIDATE to LEADER at term 1 for changeToLeader
2019-09-25 07:04:53,043 [e568d23f-199e-48ce-91e4-5c166e2e97cd@group-763CACC7ED60:LeaderElection56] INFO  impl.RaftServerImpl (ServerState.java:setLeader(253)) - e568d23f-199e-48ce-91e4-5c166e2e97cd@group-763CACC7ED60: change Leader from null to e568d23f-199e-48ce-91e4-5c166e2e97cd at term 1 for becomeLeader, leader elected after 5067ms
2019-09-25 07:04:53,043 [24bf2945-a329-4da6-aaf2-23ecd8d462c6@group-2B70A50CA462:LeaderElection55] INFO  impl.RaftServerImpl (ServerState.java:setLeader(253)) - 24bf2945-a329-4da6-aaf2-23ecd8d462c6@group-2B70A50CA462: change Leader from null to 24bf2945-a329-4da6-aaf2-23ecd8d462c6 at term 1 for becomeLeader, leader elected after 5021ms
2019-09-25 07:04:53,043 [e568d23f-199e-48ce-91e4-5c166e2e97cd@group-763CACC7ED60:LeaderElection56] INFO  server.RaftServerConfigKeys (ConfUtils.java:logGet(43)) - raft.server.staging.catchup.gap = 1000 (default)
2019-09-25 07:04:53,044 [24bf2945-a329-4da6-aaf2-23ecd8d462c6@group-2B70A50CA462:LeaderElection55] INFO  server.RaftServerConfigKeys (ConfUtils.java:logGet(43)) - raft.server.staging.catchup.gap = 1000 (default)
2019-09-25 07:04:53,044 [e568d23f-199e-48ce-91e4-5c166e2e97cd@group-763CACC7ED60:LeaderElection56] INFO  server.RaftServerConfigKeys (ConfUtils.java:logGet(43)) - raft.server.rpc.sleep.time = 25ms (default)
2019-09-25 07:04:53,044 [24bf2945-a329-4da6-aaf2-23ecd8d462c6@group-2B70A50CA462:LeaderElection55] INFO  server.RaftServerConfigKeys (ConfUtils.java:logGet(43)) - raft.server.rpc.sleep.time = 25ms (default)
2019-09-25 07:04:53,044 [e568d23f-199e-48ce-91e4-5c166e2e97cd@group-763CACC7ED60:LeaderElection56] INFO  server.RaftServerConfigKeys (ConfUtils.java:logGet(43)) - raft.server.write.element-limit = 4096 (default)
2019-09-25 07:04:53,044 [24bf2945-a329-4da6-aaf2-23ecd8d462c6@group-2B70A50CA462:LeaderElection55] INFO  server.RaftServerConfigKeys (ConfUtils.java:logGet(43)) - raft.server.write.element-limit = 4096 (default)
2019-09-25 07:04:53,044 [e568d23f-199e-48ce-91e4-5c166e2e97cd@group-763CACC7ED60:LeaderElection56] INFO  server.RaftServerConfigKeys (ConfUtils.java:logGet(43)) - raft.server.watch.timeout = 10s (default)
2019-09-25 07:04:53,044 [24bf2945-a329-4da6-aaf2-23ecd8d462c6@group-2B70A50CA462:LeaderElection55] INFO  server.RaftServerConfigKeys (ConfUtils.java:logGet(43)) - raft.server.watch.timeout = 10s (default)
2019-09-25 07:04:53,044 [e568d23f-199e-48ce-91e4-5c166e2e97cd@group-763CACC7ED60:LeaderElection56] INFO  server.RaftServerConfigKeys (ConfUtils.java:logGet(43)) - raft.server.watch.timeout.denomination = 1s (default)
2019-09-25 07:04:53,044 [24bf2945-a329-4da6-aaf2-23ecd8d462c6@group-2B70A50CA462:LeaderElection55] INFO  server.RaftServerConfigKeys (ConfUtils.java:logGet(43)) - raft.server.watch.timeout.denomination = 1s (default)
2019-09-25 07:04:53,044 [e568d23f-199e-48ce-91e4-5c166e2e97cd@group-763CACC7ED60:LeaderElection56] INFO  server.RaftServerConfigKeys (ConfUtils.java:logGet(43)) - raft.server.watch.element-limit = 65536 (default)
2019-09-25 07:04:53,045 [24bf2945-a329-4da6-aaf2-23ecd8d462c6@group-2B70A50CA462:LeaderElection55] INFO  server.RaftServerConfigKeys (ConfUtils.java:logGet(43)) - raft.server.watch.element-limit = 65536 (default)
2019-09-25 07:04:53,047 [e568d23f-199e-48ce-91e4-5c166e2e97cd@group-763CACC7ED60:LeaderElection56] INFO  impl.RoleInfo (RoleInfo.java:updateAndGet(143)) - e568d23f-199e-48ce-91e4-5c166e2e97cd: start LeaderState
2019-09-25 07:04:53,047 [24bf2945-a329-4da6-aaf2-23ecd8d462c6@group-2B70A50CA462:LeaderElection55] INFO  impl.RoleInfo (RoleInfo.java:updateAndGet(143)) - 24bf2945-a329-4da6-aaf2-23ecd8d462c6: start LeaderState
2019-09-25 07:04:53,047 [e568d23f-199e-48ce-91e4-5c166e2e97cd@group-763CACC7ED60:LeaderElection56] INFO  segmented.SegmentedRaftLogWorker (SegmentedRaftLogWorker.java:startLogSegment(380)) - e568d23f-199e-48ce-91e4-5c166e2e97cd@group-763CACC7ED60-SegmentedRaftLogWorker: Starting segment from index:0
2019-09-25 07:04:53,047 [24bf2945-a329-4da6-aaf2-23ecd8d462c6@group-2B70A50CA462:LeaderElection55] INFO  segmented.SegmentedRaftLogWorker (SegmentedRaftLogWorker.java:startLogSegment(380)) - 24bf2945-a329-4da6-aaf2-23ecd8d462c6@group-2B70A50CA462-SegmentedRaftLogWorker: Starting segment from index:0
2019-09-25 07:04:53,047 [e568d23f-199e-48ce-91e4-5c166e2e97cd@group-763CACC7ED60:LeaderElection56] INFO  impl.RaftServerImpl (ServerState.java:setRaftConf(354)) - e568d23f-199e-48ce-91e4-5c166e2e97cd@group-763CACC7ED60: set configuration 0: [e568d23f-199e-48ce-91e4-5c166e2e97cd:192.168.30.10:42827], old=null at 0
2019-09-25 07:04:53,048 [24bf2945-a329-4da6-aaf2-23ecd8d462c6@group-2B70A50CA462:LeaderElection55] INFO  impl.RaftServerImpl (ServerState.java:setRaftConf(354)) - 24bf2945-a329-4da6-aaf2-23ecd8d462c6@group-2B70A50CA462: set configuration 0: [24bf2945-a329-4da6-aaf2-23ecd8d462c6:192.168.30.10:42867], old=null at 0
2019-09-25 07:04:53,055 [Thread-340] INFO  impl.FollowerState (FollowerState.java:run(106)) - 62ec8eb9-3ae9-4136-b70a-2caf3716fa7f:group-246766C8E8C8 changes to CANDIDATE, lastRpcTime:5191, electionTimeout:5191ms
2019-09-25 07:04:53,056 [Thread-340] INFO  impl.RoleInfo (RoleInfo.java:shutdownFollowerState(121)) - 62ec8eb9-3ae9-4136-b70a-2caf3716fa7f: shutdown FollowerState
2019-09-25 07:04:53,056 [Thread-340] INFO  impl.RaftServerImpl (RaftServerImpl.java:setRole(174)) - 62ec8eb9-3ae9-4136-b70a-2caf3716fa7f@group-246766C8E8C8: changes role from  FOLLOWER to CANDIDATE at term 0 for changeToCandidate
2019-09-25 07:04:53,056 [Thread-340] INFO  impl.RoleInfo (RoleInfo.java:updateAndGet(143)) - 62ec8eb9-3ae9-4136-b70a-2caf3716fa7f: start LeaderElection
2019-09-25 07:04:53,057 [24bf2945-a329-4da6-aaf2-23ecd8d462c6@group-46E67153754C-SegmentedRaftLogWorker] INFO  segmented.SegmentedRaftLogWorker (SegmentedRaftLogWorker.java:execute(569)) - 24bf2945-a329-4da6-aaf2-23ecd8d462c6@group-46E67153754C-SegmentedRaftLogWorker: created new log segment /workdir/hadoop-ozone/integration-test/target/test-dir/MiniOzoneClusterImpl-39af9574-7a8b-4ed7-b830-bf686a3d4bb8/datanode-2/data/ratis/3e9d564f-664e-4bfd-9978-46e67153754c/current/log_inprogress_0
2019-09-25 07:04:53,057 [pool-37-thread-1] INFO  storage.RaftStorage (RaftStorage.java:format(72)) - Storage directory /workdir/hadoop-ozone/integration-test/target/test-dir/MiniOzoneClusterImpl-39af9574-7a8b-4ed7-b830-bf686a3d4bb8/datanode-1/data/ratis/32113c2a-dce8-4c9f-86ce-52492da1ce05 has been successfully formatted.
2019-09-25 07:04:53,057 [pool-37-thread-1] INFO  ratis.ContainerStateMachine (ContainerStateMachine.java:loadSnapshot(230)) - group-52492DA1CE05: The snapshot info is null. Setting the last applied indexto:(t:0, i:~)
2019-09-25 07:04:53,057 [pool-37-thread-1] INFO  server.RaftServerConfigKeys (ConfUtils.java:logGet(43)) - raft.server.notification.no-leader.timeout = 120s (custom)
2019-09-25 07:04:53,058 [pool-37-thread-1] INFO  server.RaftServerConfigKeys (ConfUtils.java:logGet(43)) - raft.server.log.use.memory = false (default)
2019-09-25 07:04:53,058 [pool-37-thread-1] INFO  server.RaftServerConfigKeys (ConfUtils.java:logGet(43)) - raft.server.log.purge.gap = 1000000 (custom)
2019-09-25 07:04:53,058 [pool-37-thread-1] INFO  server.RaftServerConfigKeys (ConfUtils.java:logGet(43)) - raft.server.log.appender.buffer.byte-limit = 33554432 (custom)
2019-09-25 07:04:53,058 [pool-37-thread-1] INFO  server.RaftServerConfigKeys (ConfUtils.java:logGet(43)) - raft.server.log.segment.size.max = 1048576 (custom)
2019-09-25 07:04:53,058 [pool-37-thread-1] INFO  server.RaftServerConfigKeys (ConfUtils.java:logGet(43)) - raft.server.log.segment.cache.num.max = 2 (custom)
2019-09-25 07:04:53,058 [pool-37-thread-1] INFO  segmented.SegmentedRaftLogWorker (SegmentedRaftLogWorker.java:<init>(172)) - new 62ec8eb9-3ae9-4136-b70a-2caf3716fa7f@group-52492DA1CE05-SegmentedRaftLogWorker for RaftStorage:Storage Directory /workdir/hadoop-ozone/integration-test/target/test-dir/MiniOzoneClusterImpl-39af9574-7a8b-4ed7-b830-bf686a3d4bb8/datanode-1/data/ratis/32113c2a-dce8-4c9f-86ce-52492da1ce05
2019-09-25 07:04:53,059 [pool-37-thread-1] INFO  server.RaftServerConfigKeys (ConfUtils.java:logGet(43)) - raft.server.log.queue.byte-limit = 2147483647 (custom)
2019-09-25 07:04:53,059 [pool-37-thread-1] INFO  server.RaftServerConfigKeys (ConfUtils.java:logGet(43)) - raft.server.log.queue.element-limit = 1024 (custom)
2019-09-25 07:04:53,059 [pool-37-thread-1] INFO  server.RaftServerConfigKeys (ConfUtils.java:logGet(43)) - raft.server.log.segment.size.max = 1048576 (custom)
2019-09-25 07:04:53,059 [pool-37-thread-1] INFO  server.RaftServerConfigKeys (ConfUtils.java:logGet(43)) - raft.server.log.preallocated.size = 16384 (custom)
2019-09-25 07:04:53,059 [pool-37-thread-1] INFO  server.RaftServerConfigKeys (ConfUtils.java:logGet(43)) - raft.server.log.write.buffer.size = 33554432 (custom)
2019-09-25 07:04:53,059 [pool-37-thread-1] INFO  server.RaftServerConfigKeys (ConfUtils.java:logGet(43)) - raft.server.log.force.sync.num = 128 (default)
2019-09-25 07:04:53,059 [pool-37-thread-1] INFO  server.RaftServerConfigKeys (ConfUtils.java:logGet(43)) - raft.server.log.statemachine.data.sync = true (default)
2019-09-25 07:04:53,060 [pool-37-thread-1] INFO  server.RaftServerConfigKeys (ConfUtils.java:logGet(43)) - raft.server.log.statemachine.data.sync.timeout = 10s (default)
2019-09-25 07:04:53,060 [pool-37-thread-1] INFO  server.RaftServerConfigKeys (ConfUtils.java:logGet(43)) - raft.server.log.statemachine.data.sync.timeout.retry = -1 (default)
2019-09-25 07:04:53,060 [pool-37-thread-1] INFO  server.RaftServerConfigKeys (ConfUtils.java:logGet(43)) - raft.server.log.statemachine.data.caching.enabled = true (custom)
2019-09-25 07:04:53,088 [e568d23f-199e-48ce-91e4-5c166e2e97cd@group-DA2F624ADC98-SegmentedRaftLogWorker] INFO  segmented.SegmentedRaftLogWorker (SegmentedRaftLogWorker.java:execute(569)) - e568d23f-199e-48ce-91e4-5c166e2e97cd@group-DA2F624ADC98-SegmentedRaftLogWorker: created new log segment /workdir/hadoop-ozone/integration-test/target/test-dir/MiniOzoneClusterImpl-39af9574-7a8b-4ed7-b830-bf686a3d4bb8/datanode-0/data/ratis/31512e3d-fbf4-497c-8bb9-da2f624adc98/current/log_inprogress_0
2019-09-25 07:04:53,089 [pool-37-thread-1] INFO  segmented.SegmentedRaftLogWorker (SegmentedRaftLogWorker.java:lambda$new$0(132)) - 62ec8eb9-3ae9-4136-b70a-2caf3716fa7f@group-52492DA1CE05-SegmentedRaftLogWorker: flushIndex: setUnconditionally 0 -> -1
2019-09-25 07:04:53,089 [62ec8eb9-3ae9-4136-b70a-2caf3716fa7f@group-246766C8E8C8:LeaderElection57] INFO  impl.LeaderElection (LeaderElection.java:askForVotes(182)) - 62ec8eb9-3ae9-4136-b70a-2caf3716fa7f@group-246766C8E8C8:LeaderElection57: begin an election at term 1 for -1: [62ec8eb9-3ae9-4136-b70a-2caf3716fa7f:192.168.30.10:44715], old=null
2019-09-25 07:04:53,088 [24bf2945-a329-4da6-aaf2-23ecd8d462c6@group-AD1607F35510-SegmentedRaftLogWorker] INFO  segmented.SegmentedRaftLogWorker (SegmentedRaftLogWorker.java:execute(569)) - 24bf2945-a329-4da6-aaf2-23ecd8d462c6@group-AD1607F35510-SegmentedRaftLogWorker: created new log segment /workdir/hadoop-ozone/integration-test/target/test-dir/MiniOzoneClusterImpl-39af9574-7a8b-4ed7-b830-bf686a3d4bb8/datanode-2/data/ratis/28368eb8-d684-492b-973b-ad1607f35510/current/log_inprogress_0
2019-09-25 07:04:53,089 [62ec8eb9-3ae9-4136-b70a-2caf3716fa7f@group-246766C8E8C8:LeaderElection57] INFO  impl.RoleInfo (RoleInfo.java:shutdownLeaderElection(134)) - 62ec8eb9-3ae9-4136-b70a-2caf3716fa7f: shutdown LeaderElection
2019-09-25 07:04:53,089 [pool-37-thread-1] INFO  server.RaftServerConfigKeys (ConfUtils.java:logGet(43)) - raft.server.snapshot.auto.trigger.enabled = true (custom)
2019-09-25 07:04:53,090 [62ec8eb9-3ae9-4136-b70a-2caf3716fa7f@group-246766C8E8C8:LeaderElection57] INFO  impl.RaftServerImpl (RaftServerImpl.java:setRole(174)) - 62ec8eb9-3ae9-4136-b70a-2caf3716fa7f@group-246766C8E8C8: changes role from CANDIDATE to LEADER at term 1 for changeToLeader
2019-09-25 07:04:53,091 [pool-37-thread-1] INFO  server.RaftServerConfigKeys (ConfUtils.java:logGet(43)) - raft.server.snapshot.auto.trigger.threshold = 10000 (custom)
2019-09-25 07:04:53,091 [62ec8eb9-3ae9-4136-b70a-2caf3716fa7f@group-246766C8E8C8:LeaderElection57] INFO  impl.RaftServerImpl (ServerState.java:setLeader(253)) - 62ec8eb9-3ae9-4136-b70a-2caf3716fa7f@group-246766C8E8C8: change Leader from null to 62ec8eb9-3ae9-4136-b70a-2caf3716fa7f at term 1 for becomeLeader, leader elected after 5233ms
2019-09-25 07:04:53,091 [pool-37-thread-1] INFO  server.RaftServerConfigKeys (ConfUtils.java:logGet(43)) - raft.server.snapshot.retention.num.files = 5 (custom)
2019-09-25 07:04:53,091 [Thread-367] INFO  impl.FollowerState (FollowerState.java:run(106)) - 62ec8eb9-3ae9-4136-b70a-2caf3716fa7f:group-F9848A4894EC changes to CANDIDATE, lastRpcTime:5005, electionTimeout:5005ms
2019-09-25 07:04:53,091 [62ec8eb9-3ae9-4136-b70a-2caf3716fa7f@group-246766C8E8C8:LeaderElection57] INFO  server.RaftServerConfigKeys (ConfUtils.java:logGet(43)) - raft.server.staging.catchup.gap = 1000 (default)
2019-09-25 07:04:53,091 [Thread-367] INFO  impl.RoleInfo (RoleInfo.java:shutdownFollowerState(121)) - 62ec8eb9-3ae9-4136-b70a-2caf3716fa7f: shutdown FollowerState
2019-09-25 07:04:53,091 [Thread-367] INFO  impl.RaftServerImpl (RaftServerImpl.java:setRole(174)) - 62ec8eb9-3ae9-4136-b70a-2caf3716fa7f@group-F9848A4894EC: changes role from  FOLLOWER to CANDIDATE at term 0 for changeToCandidate
2019-09-25 07:04:53,091 [pool-37-thread-1] INFO  server.RaftServerConfigKeys (ConfUtils.java:logGet(43)) - raft.server.retrycache.expirytime = 600000ms (custom)
2019-09-25 07:04:53,091 [Thread-367] INFO  impl.RoleInfo (RoleInfo.java:updateAndGet(143)) - 62ec8eb9-3ae9-4136-b70a-2caf3716fa7f: start LeaderElection
2019-09-25 07:04:53,091 [62ec8eb9-3ae9-4136-b70a-2caf3716fa7f@group-246766C8E8C8:LeaderElection57] INFO  server.RaftServerConfigKeys (ConfUtils.java:logGet(43)) - raft.server.rpc.sleep.time = 25ms (default)
2019-09-25 07:04:53,092 [62ec8eb9-3ae9-4136-b70a-2caf3716fa7f@group-246766C8E8C8:LeaderElection57] INFO  server.RaftServerConfigKeys (ConfUtils.java:logGet(43)) - raft.server.write.element-limit = 4096 (default)
2019-09-25 07:04:53,092 [62ec8eb9-3ae9-4136-b70a-2caf3716fa7f@group-246766C8E8C8:LeaderElection57] INFO  server.RaftServerConfigKeys (ConfUtils.java:logGet(43)) - raft.server.watch.timeout = 10s (default)
2019-09-25 07:04:53,092 [62ec8eb9-3ae9-4136-b70a-2caf3716fa7f@group-246766C8E8C8:LeaderElection57] INFO  server.RaftServerConfigKeys (ConfUtils.java:logGet(43)) - raft.server.watch.timeout.denomination = 1s (default)
2019-09-25 07:04:53,092 [62ec8eb9-3ae9-4136-b70a-2caf3716fa7f@group-246766C8E8C8:LeaderElection57] INFO  server.RaftServerConfigKeys (ConfUtils.java:logGet(43)) - raft.server.watch.element-limit = 65536 (default)
2019-09-25 07:04:53,093 [pool-37-thread-1] INFO  impl.RaftServerImpl (RaftServerImpl.java:start(185)) - 62ec8eb9-3ae9-4136-b70a-2caf3716fa7f@group-52492DA1CE05: start as a follower, conf=-1: [62ec8eb9-3ae9-4136-b70a-2caf3716fa7f:192.168.30.10:44715], old=null
2019-09-25 07:04:53,093 [pool-37-thread-1] INFO  impl.RaftServerImpl (RaftServerImpl.java:setRole(174)) - 62ec8eb9-3ae9-4136-b70a-2caf3716fa7f@group-52492DA1CE05: changes role from      null to FOLLOWER at term 0 for startAsFollower
2019-09-25 07:04:53,093 [pool-37-thread-1] INFO  impl.RoleInfo (RoleInfo.java:updateAndGet(143)) - 62ec8eb9-3ae9-4136-b70a-2caf3716fa7f: start FollowerState
2019-09-25 07:04:53,093 [62ec8eb9-3ae9-4136-b70a-2caf3716fa7f@group-246766C8E8C8:LeaderElection57] INFO  impl.RoleInfo (RoleInfo.java:updateAndGet(143)) - 62ec8eb9-3ae9-4136-b70a-2caf3716fa7f: start LeaderState
2019-09-25 07:04:53,093 [pool-37-thread-1] INFO  util.JmxRegister (JmxRegister.java:tryRegister(44)) - Successfully registered JMX Bean with object name Ratis:service=RaftServer,group=group-52492DA1CE05,id=62ec8eb9-3ae9-4136-b70a-2caf3716fa7f
2019-09-25 07:04:53,094 [62ec8eb9-3ae9-4136-b70a-2caf3716fa7f@group-246766C8E8C8:LeaderElection57] INFO  segmented.SegmentedRaftLogWorker (SegmentedRaftLogWorker.java:startLogSegment(380)) - 62ec8eb9-3ae9-4136-b70a-2caf3716fa7f@group-246766C8E8C8-SegmentedRaftLogWorker: Starting segment from index:0
2019-09-25 07:04:53,094 [62ec8eb9-3ae9-4136-b70a-2caf3716fa7f@group-246766C8E8C8:LeaderElection57] INFO  impl.RaftServerImpl (ServerState.java:setRaftConf(354)) - 62ec8eb9-3ae9-4136-b70a-2caf3716fa7f@group-246766C8E8C8: set configuration 0: [62ec8eb9-3ae9-4136-b70a-2caf3716fa7f:192.168.30.10:44715], old=null at 0
2019-09-25 07:04:53,096 [RatisPipelineUtilsThread] INFO  pipeline.PipelineStateManager (PipelineStateManager.java:addPipeline(56)) - Created pipeline Pipeline[ Id: 32113c2a-dce8-4c9f-86ce-52492da1ce05, Nodes: 62ec8eb9-3ae9-4136-b70a-2caf3716fa7f{ip: 192.168.30.10, host: pr-hdds-1569-s62bp-3040748787, networkLocation: /default-rack, certSerialId: null}, Type:RATIS, Factor:ONE, State:OPEN]
2019-09-25 07:04:53,123 [e568d23f-199e-48ce-91e4-5c166e2e97cd@group-763CACC7ED60-SegmentedRaftLogWorker] INFO  segmented.SegmentedRaftLogWorker (SegmentedRaftLogWorker.java:execute(569)) - e568d23f-199e-48ce-91e4-5c166e2e97cd@group-763CACC7ED60-SegmentedRaftLogWorker: created new log segment /workdir/hadoop-ozone/integration-test/target/test-dir/MiniOzoneClusterImpl-39af9574-7a8b-4ed7-b830-bf686a3d4bb8/datanode-0/data/ratis/bb4c7161-1cf6-4406-a9a2-763cacc7ed60/current/log_inprogress_0
2019-09-25 07:04:53,123 [24bf2945-a329-4da6-aaf2-23ecd8d462c6@group-2B70A50CA462-SegmentedRaftLogWorker] INFO  segmented.SegmentedRaftLogWorker (SegmentedRaftLogWorker.java:execute(569)) - 24bf2945-a329-4da6-aaf2-23ecd8d462c6@group-2B70A50CA462-SegmentedRaftLogWorker: created new log segment /workdir/hadoop-ozone/integration-test/target/test-dir/MiniOzoneClusterImpl-39af9574-7a8b-4ed7-b830-bf686a3d4bb8/datanode-2/data/ratis/1e21d190-be50-4237-98fa-2b70a50ca462/current/log_inprogress_0
2019-09-25 07:04:53,123 [62ec8eb9-3ae9-4136-b70a-2caf3716fa7f@group-F9848A4894EC:LeaderElection58] INFO  impl.LeaderElection (LeaderElection.java:askForVotes(182)) - 62ec8eb9-3ae9-4136-b70a-2caf3716fa7f@group-F9848A4894EC:LeaderElection58: begin an election at term 1 for -1: [62ec8eb9-3ae9-4136-b70a-2caf3716fa7f:192.168.30.10:44715], old=null
2019-09-25 07:04:53,123 [Thread-343] INFO  impl.FollowerState (FollowerState.java:run(106)) - 62ec8eb9-3ae9-4136-b70a-2caf3716fa7f:group-40FF86EF9A39 changes to CANDIDATE, lastRpcTime:5213, electionTimeout:5189ms
2019-09-25 07:04:53,123 [62ec8eb9-3ae9-4136-b70a-2caf3716fa7f@group-F9848A4894EC:LeaderElection58] INFO  impl.RoleInfo (RoleInfo.java:shutdownLeaderElection(134)) - 62ec8eb9-3ae9-4136-b70a-2caf3716fa7f: shutdown LeaderElection
2019-09-25 07:04:53,123 [Thread-343] INFO  impl.RoleInfo (RoleInfo.java:shutdownFollowerState(121)) - 62ec8eb9-3ae9-4136-b70a-2caf3716fa7f: shutdown FollowerState
2019-09-25 07:04:53,123 [62ec8eb9-3ae9-4136-b70a-2caf3716fa7f@group-F9848A4894EC:LeaderElection58] INFO  impl.RaftServerImpl (RaftServerImpl.java:setRole(174)) - 62ec8eb9-3ae9-4136-b70a-2caf3716fa7f@group-F9848A4894EC: changes role from CANDIDATE to LEADER at term 1 for changeToLeader
2019-09-25 07:04:53,124 [Thread-343] INFO  impl.RaftServerImpl (RaftServerImpl.java:setRole(174)) - 62ec8eb9-3ae9-4136-b70a-2caf3716fa7f@group-40FF86EF9A39: changes role from  FOLLOWER to CANDIDATE at term 0 for changeToCandidate
2019-09-25 07:04:53,124 [62ec8eb9-3ae9-4136-b70a-2caf3716fa7f@group-F9848A4894EC:LeaderElection58] INFO  impl.RaftServerImpl (ServerState.java:setLeader(253)) - 62ec8eb9-3ae9-4136-b70a-2caf3716fa7f@group-F9848A4894EC: change Leader from null to 62ec8eb9-3ae9-4136-b70a-2caf3716fa7f at term 1 for becomeLeader, leader elected after 5041ms
2019-09-25 07:04:53,124 [Thread-343] INFO  impl.RoleInfo (RoleInfo.java:updateAndGet(143)) - 62ec8eb9-3ae9-4136-b70a-2caf3716fa7f: start LeaderElection
2019-09-25 07:04:53,124 [62ec8eb9-3ae9-4136-b70a-2caf3716fa7f@group-F9848A4894EC:LeaderElection58] INFO  server.RaftServerConfigKeys (ConfUtils.java:logGet(43)) - raft.server.staging.catchup.gap = 1000 (default)
2019-09-25 07:04:53,124 [62ec8eb9-3ae9-4136-b70a-2caf3716fa7f@group-F9848A4894EC:LeaderElection58] INFO  server.RaftServerConfigKeys (ConfUtils.java:logGet(43)) - raft.server.rpc.sleep.time = 25ms (default)
2019-09-25 07:04:53,124 [62ec8eb9-3ae9-4136-b70a-2caf3716fa7f@group-F9848A4894EC:LeaderElection58] INFO  server.RaftServerConfigKeys (ConfUtils.java:logGet(43)) - raft.server.write.element-limit = 4096 (default)
2019-09-25 07:04:53,124 [62ec8eb9-3ae9-4136-b70a-2caf3716fa7f@group-F9848A4894EC:LeaderElection58] INFO  server.RaftServerConfigKeys (ConfUtils.java:logGet(43)) - raft.server.watch.timeout = 10s (default)
2019-09-25 07:04:53,125 [62ec8eb9-3ae9-4136-b70a-2caf3716fa7f@group-F9848A4894EC:LeaderElection58] INFO  server.RaftServerConfigKeys (ConfUtils.java:logGet(43)) - raft.server.watch.timeout.denomination = 1s (default)
2019-09-25 07:04:53,125 [62ec8eb9-3ae9-4136-b70a-2caf3716fa7f@group-F9848A4894EC:LeaderElection58] INFO  server.RaftServerConfigKeys (ConfUtils.java:logGet(43)) - raft.server.watch.element-limit = 65536 (default)
2019-09-25 07:04:53,127 [62ec8eb9-3ae9-4136-b70a-2caf3716fa7f@group-F9848A4894EC:LeaderElection58] INFO  impl.RoleInfo (RoleInfo.java:updateAndGet(143)) - 62ec8eb9-3ae9-4136-b70a-2caf3716fa7f: start LeaderState
2019-09-25 07:04:53,127 [grpc-default-executor-1] INFO  impl.RaftServerProxy (RaftServerProxy.java:addNew(89)) - 24bf2945-a329-4da6-aaf2-23ecd8d462c6: addNew group-DFD88B075CEC:[24bf2945-a329-4da6-aaf2-23ecd8d462c6:192.168.30.10:42867] returns group-DFD88B075CEC:java.util.concurrent.CompletableFuture@77afd470[Not completed]
2019-09-25 07:04:53,127 [62ec8eb9-3ae9-4136-b70a-2caf3716fa7f@group-F9848A4894EC:LeaderElection58] INFO  segmented.SegmentedRaftLogWorker (SegmentedRaftLogWorker.java:startLogSegment(380)) - 62ec8eb9-3ae9-4136-b70a-2caf3716fa7f@group-F9848A4894EC-SegmentedRaftLogWorker: Starting segment from index:0
2019-09-25 07:04:53,127 [62ec8eb9-3ae9-4136-b70a-2caf3716fa7f@group-F9848A4894EC:LeaderElection58] INFO  impl.RaftServerImpl (ServerState.java:setRaftConf(354)) - 62ec8eb9-3ae9-4136-b70a-2caf3716fa7f@group-F9848A4894EC: set configuration 0: [62ec8eb9-3ae9-4136-b70a-2caf3716fa7f:192.168.30.10:44715], old=null at 0
2019-09-25 07:04:53,128 [pool-47-thread-1] INFO  impl.RaftServerImpl (RaftServerImpl.java:<init>(95)) - 24bf2945-a329-4da6-aaf2-23ecd8d462c6: new RaftServerImpl for group-DFD88B075CEC:[24bf2945-a329-4da6-aaf2-23ecd8d462c6:192.168.30.10:42867] with ContainerStateMachine:uninitialized
2019-09-25 07:04:53,128 [pool-47-thread-1] INFO  server.RaftServerConfigKeys (ConfUtils.java:logGet(43)) - raft.server.rpc.timeout.min = 5s (custom)
2019-09-25 07:04:53,128 [pool-47-thread-1] INFO  server.RaftServerConfigKeys (ConfUtils.java:logGet(43)) - raft.server.rpc.timeout.max = 5200ms (custom)
2019-09-25 07:04:53,128 [pool-47-thread-1] INFO  server.RaftServerConfigKeys (ConfUtils.java:logGet(43)) - raft.server.rpcslowness.timeout = 120s (custom)
2019-09-25 07:04:53,128 [pool-47-thread-1] INFO  server.RaftServerConfigKeys (ConfUtils.java:logGet(43)) - raft.server.sleep.deviation.threshold = 300 (default)
2019-09-25 07:04:53,128 [pool-47-thread-1] INFO  server.RaftServerConfigKeys (ConfUtils.java:logGet(43)) - raft.server.log.appender.install.snapshot.enabled = false (custom)
2019-09-25 07:04:53,128 [pool-47-thread-1] INFO  impl.RaftServerImpl (ServerState.java:<init>(103)) - 24bf2945-a329-4da6-aaf2-23ecd8d462c6@group-DFD88B075CEC: ConfigurationManager, init=-1: [24bf2945-a329-4da6-aaf2-23ecd8d462c6:192.168.30.10:42867], old=null, confs=<EMPTY_MAP>
2019-09-25 07:04:53,129 [pool-47-thread-1] INFO  server.RaftServerConfigKeys (ConfUtils.java:logGet(43)) - raft.server.storage.dir = [/workdir/hadoop-ozone/integration-test/target/test-dir/MiniOzoneClusterImpl-39af9574-7a8b-4ed7-b830-bf686a3d4bb8/datanode-2/data/ratis] (custom)
2019-09-25 07:04:53,129 [pool-47-thread-1] INFO  storage.RaftStorageDirectory (RaftStorageDirectory.java:analyzeStorage(246)) - The storage directory /workdir/hadoop-ozone/integration-test/target/test-dir/MiniOzoneClusterImpl-39af9574-7a8b-4ed7-b830-bf686a3d4bb8/datanode-2/data/ratis/8d39dd8d-c8bd-449f-a8ff-dfd88b075cec does not exist. Creating ...
2019-09-25 07:04:53,133 [Thread-346] INFO  impl.FollowerState (FollowerState.java:run(106)) - e568d23f-199e-48ce-91e4-5c166e2e97cd:group-7CEF0AECE6CC changes to CANDIDATE, lastRpcTime:5200, electionTimeout:5200ms
2019-09-25 07:04:53,133 [Thread-346] INFO  impl.RoleInfo (RoleInfo.java:shutdownFollowerState(121)) - e568d23f-199e-48ce-91e4-5c166e2e97cd: shutdown FollowerState
2019-09-25 07:04:53,133 [Thread-346] INFO  impl.RaftServerImpl (RaftServerImpl.java:setRole(174)) - e568d23f-199e-48ce-91e4-5c166e2e97cd@group-7CEF0AECE6CC: changes role from  FOLLOWER to CANDIDATE at term 0 for changeToCandidate
2019-09-25 07:04:53,133 [Thread-346] INFO  impl.RoleInfo (RoleInfo.java:updateAndGet(143)) - e568d23f-199e-48ce-91e4-5c166e2e97cd: start LeaderElection
2019-09-25 07:04:53,136 [pool-47-thread-1] INFO  storage.RaftStorageDirectory (RaftStorageDirectory.java:tryLock(328)) - Lock on /workdir/hadoop-ozone/integration-test/target/test-dir/MiniOzoneClusterImpl-39af9574-7a8b-4ed7-b830-bf686a3d4bb8/datanode-2/data/ratis/8d39dd8d-c8bd-449f-a8ff-dfd88b075cec/in_use.lock acquired by nodename 19495@pr-hdds-1569-s62bp-3040748787
2019-09-25 07:04:53,136 [62ec8eb9-3ae9-4136-b70a-2caf3716fa7f@group-246766C8E8C8-SegmentedRaftLogWorker] INFO  segmented.SegmentedRaftLogWorker (SegmentedRaftLogWorker.java:execute(569)) - 62ec8eb9-3ae9-4136-b70a-2caf3716fa7f@group-246766C8E8C8-SegmentedRaftLogWorker: created new log segment /workdir/hadoop-ozone/integration-test/target/test-dir/MiniOzoneClusterImpl-39af9574-7a8b-4ed7-b830-bf686a3d4bb8/datanode-1/data/ratis/38847a77-2671-48f8-9747-246766c8e8c8/current/log_inprogress_0
2019-09-25 07:04:53,137 [62ec8eb9-3ae9-4136-b70a-2caf3716fa7f@group-40FF86EF9A39:LeaderElection59] INFO  impl.LeaderElection (LeaderElection.java:askForVotes(182)) - 62ec8eb9-3ae9-4136-b70a-2caf3716fa7f@group-40FF86EF9A39:LeaderElection59: begin an election at term 1 for -1: [62ec8eb9-3ae9-4136-b70a-2caf3716fa7f:192.168.30.10:44715], old=null
2019-09-25 07:04:53,137 [62ec8eb9-3ae9-4136-b70a-2caf3716fa7f@group-40FF86EF9A39:LeaderElection59] INFO  impl.RoleInfo (RoleInfo.java:shutdownLeaderElection(134)) - 62ec8eb9-3ae9-4136-b70a-2caf3716fa7f: shutdown LeaderElection
2019-09-25 07:04:53,137 [62ec8eb9-3ae9-4136-b70a-2caf3716fa7f@group-40FF86EF9A39:LeaderElection59] INFO  impl.RaftServerImpl (RaftServerImpl.java:setRole(174)) - 62ec8eb9-3ae9-4136-b70a-2caf3716fa7f@group-40FF86EF9A39: changes role from CANDIDATE to LEADER at term 1 for changeToLeader
2019-09-25 07:04:53,137 [62ec8eb9-3ae9-4136-b70a-2caf3716fa7f@group-40FF86EF9A39:LeaderElection59] INFO  impl.RaftServerImpl (ServerState.java:setLeader(253)) - 62ec8eb9-3ae9-4136-b70a-2caf3716fa7f@group-40FF86EF9A39: change Leader from null to 62ec8eb9-3ae9-4136-b70a-2caf3716fa7f at term 1 for becomeLeader, leader elected after 5235ms
2019-09-25 07:04:53,137 [62ec8eb9-3ae9-4136-b70a-2caf3716fa7f@group-40FF86EF9A39:LeaderElection59] INFO  server.RaftServerConfigKeys (ConfUtils.java:logGet(43)) - raft.server.staging.catchup.gap = 1000 (default)
2019-09-25 07:04:53,137 [62ec8eb9-3ae9-4136-b70a-2caf3716fa7f@group-40FF86EF9A39:LeaderElection59] INFO  server.RaftServerConfigKeys (ConfUtils.java:logGet(43)) - raft.server.rpc.sleep.time = 25ms (default)
2019-09-25 07:04:53,137 [e568d23f-199e-48ce-91e4-5c166e2e97cd@group-7CEF0AECE6CC:LeaderElection60] INFO  impl.LeaderElection (LeaderElection.java:askForVotes(182)) - e568d23f-199e-48ce-91e4-5c166e2e97cd@group-7CEF0AECE6CC:LeaderElection60: begin an election at term 1 for -1: [e568d23f-199e-48ce-91e4-5c166e2e97cd:192.168.30.10:42827], old=null
2019-09-25 07:04:53,137 [62ec8eb9-3ae9-4136-b70a-2caf3716fa7f@group-40FF86EF9A39:LeaderElection59] INFO  server.RaftServerConfigKeys (ConfUtils.java:logGet(43)) - raft.server.write.element-limit = 4096 (default)
2019-09-25 07:04:53,138 [e568d23f-199e-48ce-91e4-5c166e2e97cd@group-7CEF0AECE6CC:LeaderElection60] INFO  impl.RoleInfo (RoleInfo.java:shutdownLeaderElection(134)) - e568d23f-199e-48ce-91e4-5c166e2e97cd: shutdown LeaderElection
2019-09-25 07:04:53,138 [62ec8eb9-3ae9-4136-b70a-2caf3716fa7f@group-40FF86EF9A39:LeaderElection59] INFO  server.RaftServerConfigKeys (ConfUtils.java:logGet(43)) - raft.server.watch.timeout = 10s (default)
2019-09-25 07:04:53,138 [e568d23f-199e-48ce-91e4-5c166e2e97cd@group-7CEF0AECE6CC:LeaderElection60] INFO  impl.RaftServerImpl (RaftServerImpl.java:setRole(174)) - e568d23f-199e-48ce-91e4-5c166e2e97cd@group-7CEF0AECE6CC: changes role from CANDIDATE to LEADER at term 1 for changeToLeader
2019-09-25 07:04:53,138 [62ec8eb9-3ae9-4136-b70a-2caf3716fa7f@group-40FF86EF9A39:LeaderElection59] INFO  server.RaftServerConfigKeys (ConfUtils.java:logGet(43)) - raft.server.watch.timeout.denomination = 1s (default)
2019-09-25 07:04:53,138 [e568d23f-199e-48ce-91e4-5c166e2e97cd@group-7CEF0AECE6CC:LeaderElection60] INFO  impl.RaftServerImpl (ServerState.java:setLeader(253)) - e568d23f-199e-48ce-91e4-5c166e2e97cd@group-7CEF0AECE6CC: change Leader from null to e568d23f-199e-48ce-91e4-5c166e2e97cd at term 1 for becomeLeader, leader elected after 5211ms
2019-09-25 07:04:53,138 [62ec8eb9-3ae9-4136-b70a-2caf3716fa7f@group-40FF86EF9A39:LeaderElection59] INFO  server.RaftServerConfigKeys (ConfUtils.java:logGet(43)) - raft.server.watch.element-limit = 65536 (default)
2019-09-25 07:04:53,138 [e568d23f-199e-48ce-91e4-5c166e2e97cd@group-7CEF0AECE6CC:LeaderElection60] INFO  server.RaftServerConfigKeys (ConfUtils.java:logGet(43)) - raft.server.staging.catchup.gap = 1000 (default)
2019-09-25 07:04:53,139 [e568d23f-199e-48ce-91e4-5c166e2e97cd@group-7CEF0AECE6CC:LeaderElection60] INFO  server.RaftServerConfigKeys (ConfUtils.java:logGet(43)) - raft.server.rpc.sleep.time = 25ms (default)
2019-09-25 07:04:53,139 [e568d23f-199e-48ce-91e4-5c166e2e97cd@group-7CEF0AECE6CC:LeaderElection60] INFO  server.RaftServerConfigKeys (ConfUtils.java:logGet(43)) - raft.server.write.element-limit = 4096 (default)
2019-09-25 07:04:53,139 [e568d23f-199e-48ce-91e4-5c166e2e97cd@group-7CEF0AECE6CC:LeaderElection60] INFO  server.RaftServerConfigKeys (ConfUtils.java:logGet(43)) - raft.server.watch.timeout = 10s (default)
2019-09-25 07:04:53,139 [e568d23f-199e-48ce-91e4-5c166e2e97cd@group-7CEF0AECE6CC:LeaderElection60] INFO  server.RaftServerConfigKeys (ConfUtils.java:logGet(43)) - raft.server.watch.timeout.denomination = 1s (default)
2019-09-25 07:04:53,139 [e568d23f-199e-48ce-91e4-5c166e2e97cd@group-7CEF0AECE6CC:LeaderElection60] INFO  server.RaftServerConfigKeys (ConfUtils.java:logGet(43)) - raft.server.watch.element-limit = 65536 (default)
2019-09-25 07:04:53,140 [pool-47-thread-1] INFO  storage.RaftStorage (RaftStorage.java:format(72)) - Storage directory /workdir/hadoop-ozone/integration-test/target/test-dir/MiniOzoneClusterImpl-39af9574-7a8b-4ed7-b830-bf686a3d4bb8/datanode-2/data/ratis/8d39dd8d-c8bd-449f-a8ff-dfd88b075cec has been successfully formatted.
2019-09-25 07:04:53,140 [62ec8eb9-3ae9-4136-b70a-2caf3716fa7f@group-40FF86EF9A39:LeaderElection59] INFO  impl.RoleInfo (RoleInfo.java:updateAndGet(143)) - 62ec8eb9-3ae9-4136-b70a-2caf3716fa7f: start LeaderState
2019-09-25 07:04:53,140 [pool-47-thread-1] INFO  ratis.ContainerStateMachine (ContainerStateMachine.java:loadSnapshot(230)) - group-DFD88B075CEC: The snapshot info is null. Setting the last applied indexto:(t:0, i:~)
2019-09-25 07:04:53,140 [62ec8eb9-3ae9-4136-b70a-2caf3716fa7f@group-40FF86EF9A39:LeaderElection59] INFO  segmented.SegmentedRaftLogWorker (SegmentedRaftLogWorker.java:startLogSegment(380)) - 62ec8eb9-3ae9-4136-b70a-2caf3716fa7f@group-40FF86EF9A39-SegmentedRaftLogWorker: Starting segment from index:0
2019-09-25 07:04:53,140 [pool-47-thread-1] INFO  server.RaftServerConfigKeys (ConfUtils.java:logGet(43)) - raft.server.notification.no-leader.timeout = 120s (custom)
2019-09-25 07:04:53,141 [pool-47-thread-1] INFO  server.RaftServerConfigKeys (ConfUtils.java:logGet(43)) - raft.server.log.use.memory = false (default)
2019-09-25 07:04:53,141 [pool-47-thread-1] INFO  server.RaftServerConfigKeys (ConfUtils.java:logGet(43)) - raft.server.log.purge.gap = 1000000 (custom)
2019-09-25 07:04:53,141 [62ec8eb9-3ae9-4136-b70a-2caf3716fa7f@group-40FF86EF9A39:LeaderElection59] INFO  impl.RaftServerImpl (ServerState.java:setRaftConf(354)) - 62ec8eb9-3ae9-4136-b70a-2caf3716fa7f@group-40FF86EF9A39: set configuration 0: [62ec8eb9-3ae9-4136-b70a-2caf3716fa7f:192.168.30.10:44715], old=null at 0
2019-09-25 07:04:53,141 [pool-47-thread-1] INFO  server.RaftServerConfigKeys (ConfUtils.java:logGet(43)) - raft.server.log.appender.buffer.byte-limit = 33554432 (custom)
2019-09-25 07:04:53,141 [pool-47-thread-1] INFO  server.RaftServerConfigKeys (ConfUtils.java:logGet(43)) - raft.server.log.segment.size.max = 1048576 (custom)
2019-09-25 07:04:53,141 [pool-47-thread-1] INFO  server.RaftServerConfigKeys (ConfUtils.java:logGet(43)) - raft.server.log.segment.cache.num.max = 2 (custom)
2019-09-25 07:04:53,142 [e568d23f-199e-48ce-91e4-5c166e2e97cd@group-7CEF0AECE6CC:LeaderElection60] INFO  impl.RoleInfo (RoleInfo.java:updateAndGet(143)) - e568d23f-199e-48ce-91e4-5c166e2e97cd: start LeaderState
2019-09-25 07:04:53,142 [pool-47-thread-1] INFO  segmented.SegmentedRaftLogWorker (SegmentedRaftLogWorker.java:<init>(172)) - new 24bf2945-a329-4da6-aaf2-23ecd8d462c6@group-DFD88B075CEC-SegmentedRaftLogWorker for RaftStorage:Storage Directory /workdir/hadoop-ozone/integration-test/target/test-dir/MiniOzoneClusterImpl-39af9574-7a8b-4ed7-b830-bf686a3d4bb8/datanode-2/data/ratis/8d39dd8d-c8bd-449f-a8ff-dfd88b075cec
2019-09-25 07:04:53,142 [pool-47-thread-1] INFO  server.RaftServerConfigKeys (ConfUtils.java:logGet(43)) - raft.server.log.queue.byte-limit = 2147483647 (custom)
2019-09-25 07:04:53,142 [e568d23f-199e-48ce-91e4-5c166e2e97cd@group-7CEF0AECE6CC:LeaderElection60] INFO  segmented.SegmentedRaftLogWorker (SegmentedRaftLogWorker.java:startLogSegment(380)) - e568d23f-199e-48ce-91e4-5c166e2e97cd@group-7CEF0AECE6CC-SegmentedRaftLogWorker: Starting segment from index:0
2019-09-25 07:04:53,142 [pool-47-thread-1] INFO  server.RaftServerConfigKeys (ConfUtils.java:logGet(43)) - raft.server.log.queue.element-limit = 1024 (custom)
2019-09-25 07:04:53,142 [pool-47-thread-1] INFO  server.RaftServerConfigKeys (ConfUtils.java:logGet(43)) - raft.server.log.segment.size.max = 1048576 (custom)
2019-09-25 07:04:53,143 [pool-47-thread-1] INFO  server.RaftServerConfigKeys (ConfUtils.java:logGet(43)) - raft.server.log.preallocated.size = 16384 (custom)
2019-09-25 07:04:53,143 [pool-47-thread-1] INFO  server.RaftServerConfigKeys (ConfUtils.java:logGet(43)) - raft.server.log.write.buffer.size = 33554432 (custom)
2019-09-25 07:04:53,143 [pool-47-thread-1] INFO  server.RaftServerConfigKeys (ConfUtils.java:logGet(43)) - raft.server.log.force.sync.num = 128 (default)
2019-09-25 07:04:53,143 [e568d23f-199e-48ce-91e4-5c166e2e97cd@group-7CEF0AECE6CC:LeaderElection60] INFO  impl.RaftServerImpl (ServerState.java:setRaftConf(354)) - e568d23f-199e-48ce-91e4-5c166e2e97cd@group-7CEF0AECE6CC: set configuration 0: [e568d23f-199e-48ce-91e4-5c166e2e97cd:192.168.30.10:42827], old=null at 0
2019-09-25 07:04:53,143 [pool-47-thread-1] INFO  server.RaftServerConfigKeys (ConfUtils.java:logGet(43)) - raft.server.log.statemachine.data.sync = true (default)
2019-09-25 07:04:53,143 [pool-47-thread-1] INFO  server.RaftServerConfigKeys (ConfUtils.java:logGet(43)) - raft.server.log.statemachine.data.sync.timeout = 10s (default)
2019-09-25 07:04:53,143 [pool-47-thread-1] INFO  server.RaftServerConfigKeys (ConfUtils.java:logGet(43)) - raft.server.log.statemachine.data.sync.timeout.retry = -1 (default)
2019-09-25 07:04:53,143 [pool-47-thread-1] INFO  server.RaftServerConfigKeys (ConfUtils.java:logGet(43)) - raft.server.log.statemachine.data.caching.enabled = true (custom)
2019-09-25 07:04:53,143 [pool-47-thread-1] INFO  segmented.SegmentedRaftLogWorker (SegmentedRaftLogWorker.java:lambda$new$0(132)) - 24bf2945-a329-4da6-aaf2-23ecd8d462c6@group-DFD88B075CEC-SegmentedRaftLogWorker: flushIndex: setUnconditionally 0 -> -1
2019-09-25 07:04:53,144 [pool-47-thread-1] INFO  server.RaftServerConfigKeys (ConfUtils.java:logGet(43)) - raft.server.snapshot.auto.trigger.enabled = true (custom)
2019-09-25 07:04:53,144 [pool-47-thread-1] INFO  server.RaftServerConfigKeys (ConfUtils.java:logGet(43)) - raft.server.snapshot.auto.trigger.threshold = 10000 (custom)
2019-09-25 07:04:53,144 [pool-47-thread-1] INFO  server.RaftServerConfigKeys (ConfUtils.java:logGet(43)) - raft.server.snapshot.retention.num.files = 5 (custom)
2019-09-25 07:04:53,144 [pool-47-thread-1] INFO  server.RaftServerConfigKeys (ConfUtils.java:logGet(43)) - raft.server.retrycache.expirytime = 600000ms (custom)
2019-09-25 07:04:53,145 [pool-47-thread-1] INFO  impl.RaftServerImpl (RaftServerImpl.java:start(185)) - 24bf2945-a329-4da6-aaf2-23ecd8d462c6@group-DFD88B075CEC: start as a follower, conf=-1: [24bf2945-a329-4da6-aaf2-23ecd8d462c6:192.168.30.10:42867], old=null
2019-09-25 07:04:53,145 [Thread-361] INFO  impl.FollowerState (FollowerState.java:run(106)) - 62ec8eb9-3ae9-4136-b70a-2caf3716fa7f:group-2BEA26FB643A changes to CANDIDATE, lastRpcTime:5096, electionTimeout:5096ms
2019-09-25 07:04:53,145 [pool-47-thread-1] INFO  impl.RaftServerImpl (RaftServerImpl.java:setRole(174)) - 24bf2945-a329-4da6-aaf2-23ecd8d462c6@group-DFD88B075CEC: changes role from      null to FOLLOWER at term 0 for startAsFollower
2019-09-25 07:04:53,146 [Thread-361] INFO  impl.RoleInfo (RoleInfo.java:shutdownFollowerState(121)) - 62ec8eb9-3ae9-4136-b70a-2caf3716fa7f: shutdown FollowerState
2019-09-25 07:04:53,146 [pool-47-thread-1] INFO  impl.RoleInfo (RoleInfo.java:updateAndGet(143)) - 24bf2945-a329-4da6-aaf2-23ecd8d462c6: start FollowerState
2019-09-25 07:04:53,146 [Thread-361] INFO  impl.RaftServerImpl (RaftServerImpl.java:setRole(174)) - 62ec8eb9-3ae9-4136-b70a-2caf3716fa7f@group-2BEA26FB643A: changes role from  FOLLOWER to CANDIDATE at term 0 for changeToCandidate
2019-09-25 07:04:53,146 [Thread-361] INFO  impl.RoleInfo (RoleInfo.java:updateAndGet(143)) - 62ec8eb9-3ae9-4136-b70a-2caf3716fa7f: start LeaderElection
2019-09-25 07:04:53,146 [pool-47-thread-1] INFO  util.JmxRegister (JmxRegister.java:tryRegister(44)) - Successfully registered JMX Bean with object name Ratis:service=RaftServer,group=group-DFD88B075CEC,id=24bf2945-a329-4da6-aaf2-23ecd8d462c6
2019-09-25 07:04:53,150 [RatisPipelineUtilsThread] INFO  pipeline.PipelineStateManager (PipelineStateManager.java:addPipeline(56)) - Created pipeline Pipeline[ Id: 8d39dd8d-c8bd-449f-a8ff-dfd88b075cec, Nodes: 24bf2945-a329-4da6-aaf2-23ecd8d462c6{ip: 192.168.30.10, host: pr-hdds-1569-s62bp-3040748787, networkLocation: /default-rack, certSerialId: null}, Type:RATIS, Factor:ONE, State:OPEN]
2019-09-25 07:04:53,159 [62ec8eb9-3ae9-4136-b70a-2caf3716fa7f@group-2BEA26FB643A:LeaderElection61] INFO  impl.LeaderElection (LeaderElection.java:askForVotes(182)) - 62ec8eb9-3ae9-4136-b70a-2caf3716fa7f@group-2BEA26FB643A:LeaderElection61: begin an election at term 1 for -1: [62ec8eb9-3ae9-4136-b70a-2caf3716fa7f:192.168.30.10:44715], old=null
2019-09-25 07:04:53,160 [62ec8eb9-3ae9-4136-b70a-2caf3716fa7f@group-2BEA26FB643A:LeaderElection61] INFO  impl.RoleInfo (RoleInfo.java:shutdownLeaderElection(134)) - 62ec8eb9-3ae9-4136-b70a-2caf3716fa7f: shutdown LeaderElection
2019-09-25 07:04:53,160 [grpc-default-executor-1] INFO  impl.RaftServerProxy (RaftServerProxy.java:addNew(89)) - 62ec8eb9-3ae9-4136-b70a-2caf3716fa7f: addNew group-DC60A5138291:[62ec8eb9-3ae9-4136-b70a-2caf3716fa7f:192.168.30.10:44715] returns group-DC60A5138291:java.util.concurrent.CompletableFuture@b59ced[Not completed]
2019-09-25 07:04:53,160 [62ec8eb9-3ae9-4136-b70a-2caf3716fa7f@group-2BEA26FB643A:LeaderElection61] INFO  impl.RaftServerImpl (RaftServerImpl.java:setRole(174)) - 62ec8eb9-3ae9-4136-b70a-2caf3716fa7f@group-2BEA26FB643A: changes role from CANDIDATE to LEADER at term 1 for changeToLeader
2019-09-25 07:04:53,160 [62ec8eb9-3ae9-4136-b70a-2caf3716fa7f@group-2BEA26FB643A:LeaderElection61] INFO  impl.RaftServerImpl (ServerState.java:setLeader(253)) - 62ec8eb9-3ae9-4136-b70a-2caf3716fa7f@group-2BEA26FB643A: change Leader from null to 62ec8eb9-3ae9-4136-b70a-2caf3716fa7f at term 1 for becomeLeader, leader elected after 5115ms
2019-09-25 07:04:53,160 [62ec8eb9-3ae9-4136-b70a-2caf3716fa7f@group-2BEA26FB643A:LeaderElection61] INFO  server.RaftServerConfigKeys (ConfUtils.java:logGet(43)) - raft.server.staging.catchup.gap = 1000 (default)
2019-09-25 07:04:53,160 [62ec8eb9-3ae9-4136-b70a-2caf3716fa7f@group-2BEA26FB643A:LeaderElection61] INFO  server.RaftServerConfigKeys (ConfUtils.java:logGet(43)) - raft.server.rpc.sleep.time = 25ms (default)
2019-09-25 07:04:53,160 [62ec8eb9-3ae9-4136-b70a-2caf3716fa7f@group-2BEA26FB643A:LeaderElection61] INFO  server.RaftServerConfigKeys (ConfUtils.java:logGet(43)) - raft.server.write.element-limit = 4096 (default)
2019-09-25 07:04:53,160 [62ec8eb9-3ae9-4136-b70a-2caf3716fa7f@group-2BEA26FB643A:LeaderElection61] INFO  server.RaftServerConfigKeys (ConfUtils.java:logGet(43)) - raft.server.watch.timeout = 10s (default)
2019-09-25 07:04:53,160 [pool-37-thread-1] INFO  impl.RaftServerImpl (RaftServerImpl.java:<init>(95)) - 62ec8eb9-3ae9-4136-b70a-2caf3716fa7f: new RaftServerImpl for group-DC60A5138291:[62ec8eb9-3ae9-4136-b70a-2caf3716fa7f:192.168.30.10:44715] with ContainerStateMachine:uninitialized
2019-09-25 07:04:53,160 [62ec8eb9-3ae9-4136-b70a-2caf3716fa7f@group-2BEA26FB643A:LeaderElection61] INFO  server.RaftServerConfigKeys (ConfUtils.java:logGet(43)) - raft.server.watch.timeout.denomination = 1s (default)
2019-09-25 07:04:53,161 [pool-37-thread-1] INFO  server.RaftServerConfigKeys (ConfUtils.java:logGet(43)) - raft.server.rpc.timeout.min = 5s (custom)
2019-09-25 07:04:53,161 [62ec8eb9-3ae9-4136-b70a-2caf3716fa7f@group-2BEA26FB643A:LeaderElection61] INFO  server.RaftServerConfigKeys (ConfUtils.java:logGet(43)) - raft.server.watch.element-limit = 65536 (default)
2019-09-25 07:04:53,161 [pool-37-thread-1] INFO  server.RaftServerConfigKeys (ConfUtils.java:logGet(43)) - raft.server.rpc.timeout.max = 5200ms (custom)
2019-09-25 07:04:53,161 [pool-37-thread-1] INFO  server.RaftServerConfigKeys (ConfUtils.java:logGet(43)) - raft.server.rpcslowness.timeout = 120s (custom)
2019-09-25 07:04:53,161 [pool-37-thread-1] INFO  server.RaftServerConfigKeys (ConfUtils.java:logGet(43)) - raft.server.sleep.deviation.threshold = 300 (default)
2019-09-25 07:04:53,161 [pool-37-thread-1] INFO  server.RaftServerConfigKeys (ConfUtils.java:logGet(43)) - raft.server.log.appender.install.snapshot.enabled = false (custom)
2019-09-25 07:04:53,161 [pool-37-thread-1] INFO  impl.RaftServerImpl (ServerState.java:<init>(103)) - 62ec8eb9-3ae9-4136-b70a-2caf3716fa7f@group-DC60A5138291: ConfigurationManager, init=-1: [62ec8eb9-3ae9-4136-b70a-2caf3716fa7f:192.168.30.10:44715], old=null, confs=<EMPTY_MAP>
2019-09-25 07:04:53,161 [pool-37-thread-1] INFO  server.RaftServerConfigKeys (ConfUtils.java:logGet(43)) - raft.server.storage.dir = [/workdir/hadoop-ozone/integration-test/target/test-dir/MiniOzoneClusterImpl-39af9574-7a8b-4ed7-b830-bf686a3d4bb8/datanode-1/data/ratis] (custom)
2019-09-25 07:04:53,162 [pool-37-thread-1] INFO  storage.RaftStorageDirectory (RaftStorageDirectory.java:analyzeStorage(246)) - The storage directory /workdir/hadoop-ozone/integration-test/target/test-dir/MiniOzoneClusterImpl-39af9574-7a8b-4ed7-b830-bf686a3d4bb8/datanode-1/data/ratis/12f0f52d-0110-406e-bff6-dc60a5138291 does not exist. Creating ...
2019-09-25 07:04:53,162 [62ec8eb9-3ae9-4136-b70a-2caf3716fa7f@group-2BEA26FB643A:LeaderElection61] INFO  impl.RoleInfo (RoleInfo.java:updateAndGet(143)) - 62ec8eb9-3ae9-4136-b70a-2caf3716fa7f: start LeaderState
2019-09-25 07:04:53,162 [62ec8eb9-3ae9-4136-b70a-2caf3716fa7f@group-2BEA26FB643A:LeaderElection61] INFO  segmented.SegmentedRaftLogWorker (SegmentedRaftLogWorker.java:startLogSegment(380)) - 62ec8eb9-3ae9-4136-b70a-2caf3716fa7f@group-2BEA26FB643A-SegmentedRaftLogWorker: Starting segment from index:0
2019-09-25 07:04:53,162 [62ec8eb9-3ae9-4136-b70a-2caf3716fa7f@group-2BEA26FB643A:LeaderElection61] INFO  impl.RaftServerImpl (ServerState.java:setRaftConf(354)) - 62ec8eb9-3ae9-4136-b70a-2caf3716fa7f@group-2BEA26FB643A: set configuration 0: [62ec8eb9-3ae9-4136-b70a-2caf3716fa7f:192.168.30.10:44715], old=null at 0
2019-09-25 07:04:53,175 [pool-37-thread-1] INFO  storage.RaftStorageDirectory (RaftStorageDirectory.java:tryLock(328)) - Lock on /workdir/hadoop-ozone/integration-test/target/test-dir/MiniOzoneClusterImpl-39af9574-7a8b-4ed7-b830-bf686a3d4bb8/datanode-1/data/ratis/12f0f52d-0110-406e-bff6-dc60a5138291/in_use.lock acquired by nodename 19495@pr-hdds-1569-s62bp-3040748787
2019-09-25 07:04:53,175 [62ec8eb9-3ae9-4136-b70a-2caf3716fa7f@group-F9848A4894EC-SegmentedRaftLogWorker] INFO  segmented.SegmentedRaftLogWorker (SegmentedRaftLogWorker.java:execute(569)) - 62ec8eb9-3ae9-4136-b70a-2caf3716fa7f@group-F9848A4894EC-SegmentedRaftLogWorker: created new log segment /workdir/hadoop-ozone/integration-test/target/test-dir/MiniOzoneClusterImpl-39af9574-7a8b-4ed7-b830-bf686a3d4bb8/datanode-1/data/ratis/0ee21b1c-2848-4204-b9b7-f9848a4894ec/current/log_inprogress_0
2019-09-25 07:04:53,175 [62ec8eb9-3ae9-4136-b70a-2caf3716fa7f@group-40FF86EF9A39-SegmentedRaftLogWorker] INFO  segmented.SegmentedRaftLogWorker (SegmentedRaftLogWorker.java:execute(569)) - 62ec8eb9-3ae9-4136-b70a-2caf3716fa7f@group-40FF86EF9A39-SegmentedRaftLogWorker: created new log segment /workdir/hadoop-ozone/integration-test/target/test-dir/MiniOzoneClusterImpl-39af9574-7a8b-4ed7-b830-bf686a3d4bb8/datanode-1/data/ratis/247e9250-fd99-4c45-bb6c-40ff86ef9a39/current/log_inprogress_0
2019-09-25 07:04:53,178 [Thread-355] INFO  impl.FollowerState (FollowerState.java:run(106)) - 24bf2945-a329-4da6-aaf2-23ecd8d462c6:group-D2C4951991DC changes to CANDIDATE, lastRpcTime:5174, electionTimeout:5174ms
2019-09-25 07:04:53,178 [Thread-355] INFO  impl.RoleInfo (RoleInfo.java:shutdownFollowerState(121)) - 24bf2945-a329-4da6-aaf2-23ecd8d462c6: shutdown FollowerState
2019-09-25 07:04:53,178 [Thread-355] INFO  impl.RaftServerImpl (RaftServerImpl.java:setRole(174)) - 24bf2945-a329-4da6-aaf2-23ecd8d462c6@group-D2C4951991DC: changes role from  FOLLOWER to CANDIDATE at term 0 for changeToCandidate
2019-09-25 07:04:53,178 [Thread-355] INFO  impl.RoleInfo (RoleInfo.java:updateAndGet(143)) - 24bf2945-a329-4da6-aaf2-23ecd8d462c6: start LeaderElection
2019-09-25 07:04:53,189 [e568d23f-199e-48ce-91e4-5c166e2e97cd@group-7CEF0AECE6CC-SegmentedRaftLogWorker] INFO  segmented.SegmentedRaftLogWorker (SegmentedRaftLogWorker.java:execute(569)) - e568d23f-199e-48ce-91e4-5c166e2e97cd@group-7CEF0AECE6CC-SegmentedRaftLogWorker: created new log segment /workdir/hadoop-ozone/integration-test/target/test-dir/MiniOzoneClusterImpl-39af9574-7a8b-4ed7-b830-bf686a3d4bb8/datanode-0/data/ratis/b715c19b-07da-4da7-9b43-7cef0aece6cc/current/log_inprogress_0
2019-09-25 07:04:53,189 [24bf2945-a329-4da6-aaf2-23ecd8d462c6@group-D2C4951991DC:LeaderElection62] INFO  impl.LeaderElection (LeaderElection.java:askForVotes(182)) - 24bf2945-a329-4da6-aaf2-23ecd8d462c6@group-D2C4951991DC:LeaderElection62: begin an election at term 1 for -1: [24bf2945-a329-4da6-aaf2-23ecd8d462c6:192.168.30.10:42867], old=null
2019-09-25 07:04:53,189 [pool-37-thread-1] INFO  storage.RaftStorage (RaftStorage.java:format(72)) - Storage directory /workdir/hadoop-ozone/integration-test/target/test-dir/MiniOzoneClusterImpl-39af9574-7a8b-4ed7-b830-bf686a3d4bb8/datanode-1/data/ratis/12f0f52d-0110-406e-bff6-dc60a5138291 has been successfully formatted.
2019-09-25 07:04:53,189 [24bf2945-a329-4da6-aaf2-23ecd8d462c6@group-D2C4951991DC:LeaderElection62] INFO  impl.RoleInfo (RoleInfo.java:shutdownLeaderElection(134)) - 24bf2945-a329-4da6-aaf2-23ecd8d462c6: shutdown LeaderElection
2019-09-25 07:04:53,189 [24bf2945-a329-4da6-aaf2-23ecd8d462c6@group-D2C4951991DC:LeaderElection62] INFO  impl.RaftServerImpl (RaftServerImpl.java:setRole(174)) - 24bf2945-a329-4da6-aaf2-23ecd8d462c6@group-D2C4951991DC: changes role from CANDIDATE to LEADER at term 1 for changeToLeader
2019-09-25 07:04:53,189 [pool-37-thread-1] INFO  ratis.ContainerStateMachine (ContainerStateMachine.java:loadSnapshot(230)) - group-DC60A5138291: The snapshot info is null. Setting the last applied indexto:(t:0, i:~)
2019-09-25 07:04:53,189 [24bf2945-a329-4da6-aaf2-23ecd8d462c6@group-D2C4951991DC:LeaderElection62] INFO  impl.RaftServerImpl (ServerState.java:setLeader(253)) - 24bf2945-a329-4da6-aaf2-23ecd8d462c6@group-D2C4951991DC: change Leader from null to 24bf2945-a329-4da6-aaf2-23ecd8d462c6 at term 1 for becomeLeader, leader elected after 5191ms
2019-09-25 07:04:53,190 [pool-37-thread-1] INFO  server.RaftServerConfigKeys (ConfUtils.java:logGet(43)) - raft.server.notification.no-leader.timeout = 120s (custom)
2019-09-25 07:04:53,190 [pool-37-thread-1] INFO  server.RaftServerConfigKeys (ConfUtils.java:logGet(43)) - raft.server.log.use.memory = false (default)
2019-09-25 07:04:53,190 [24bf2945-a329-4da6-aaf2-23ecd8d462c6@group-D2C4951991DC:LeaderElection62] INFO  server.RaftServerConfigKeys (ConfUtils.java:logGet(43)) - raft.server.staging.catchup.gap = 1000 (default)
2019-09-25 07:04:53,190 [pool-37-thread-1] INFO  server.RaftServerConfigKeys (ConfUtils.java:logGet(43)) - raft.server.log.purge.gap = 1000000 (custom)
2019-09-25 07:04:53,190 [24bf2945-a329-4da6-aaf2-23ecd8d462c6@group-D2C4951991DC:LeaderElection62] INFO  server.RaftServerConfigKeys (ConfUtils.java:logGet(43)) - raft.server.rpc.sleep.time = 25ms (default)
2019-09-25 07:04:53,190 [pool-37-thread-1] INFO  server.RaftServerConfigKeys (ConfUtils.java:logGet(43)) - raft.server.log.appender.buffer.byte-limit = 33554432 (custom)
2019-09-25 07:04:53,190 [24bf2945-a329-4da6-aaf2-23ecd8d462c6@group-D2C4951991DC:LeaderElection62] INFO  server.RaftServerConfigKeys (ConfUtils.java:logGet(43)) - raft.server.write.element-limit = 4096 (default)
2019-09-25 07:04:53,190 [pool-37-thread-1] INFO  server.RaftServerConfigKeys (ConfUtils.java:logGet(43)) - raft.server.log.segment.size.max = 1048576 (custom)
2019-09-25 07:04:53,190 [24bf2945-a329-4da6-aaf2-23ecd8d462c6@group-D2C4951991DC:LeaderElection62] INFO  server.RaftServerConfigKeys (ConfUtils.java:logGet(43)) - raft.server.watch.timeout = 10s (default)
2019-09-25 07:04:53,191 [pool-37-thread-1] INFO  server.RaftServerConfigKeys (ConfUtils.java:logGet(43)) - raft.server.log.segment.cache.num.max = 2 (custom)
2019-09-25 07:04:53,191 [24bf2945-a329-4da6-aaf2-23ecd8d462c6@group-D2C4951991DC:LeaderElection62] INFO  server.RaftServerConfigKeys (ConfUtils.java:logGet(43)) - raft.server.watch.timeout.denomination = 1s (default)
2019-09-25 07:04:53,191 [pool-37-thread-1] INFO  segmented.SegmentedRaftLogWorker (SegmentedRaftLogWorker.java:<init>(172)) - new 62ec8eb9-3ae9-4136-b70a-2caf3716fa7f@group-DC60A5138291-SegmentedRaftLogWorker for RaftStorage:Storage Directory /workdir/hadoop-ozone/integration-test/target/test-dir/MiniOzoneClusterImpl-39af9574-7a8b-4ed7-b830-bf686a3d4bb8/datanode-1/data/ratis/12f0f52d-0110-406e-bff6-dc60a5138291
2019-09-25 07:04:53,191 [24bf2945-a329-4da6-aaf2-23ecd8d462c6@group-D2C4951991DC:LeaderElection62] INFO  server.RaftServerConfigKeys (ConfUtils.java:logGet(43)) - raft.server.watch.element-limit = 65536 (default)
2019-09-25 07:04:53,191 [pool-37-thread-1] INFO  server.RaftServerConfigKeys (ConfUtils.java:logGet(43)) - raft.server.log.queue.byte-limit = 2147483647 (custom)
2019-09-25 07:04:53,191 [pool-37-thread-1] INFO  server.RaftServerConfigKeys (ConfUtils.java:logGet(43)) - raft.server.log.queue.element-limit = 1024 (custom)
2019-09-25 07:04:53,191 [pool-37-thread-1] INFO  server.RaftServerConfigKeys (ConfUtils.java:logGet(43)) - raft.server.log.segment.size.max = 1048576 (custom)
2019-09-25 07:04:53,192 [pool-37-thread-1] INFO  server.RaftServerConfigKeys (ConfUtils.java:logGet(43)) - raft.server.log.preallocated.size = 16384 (custom)
2019-09-25 07:04:53,192 [pool-37-thread-1] INFO  server.RaftServerConfigKeys (ConfUtils.java:logGet(43)) - raft.server.log.write.buffer.size = 33554432 (custom)
2019-09-25 07:04:53,192 [pool-37-thread-1] INFO  server.RaftServerConfigKeys (ConfUtils.java:logGet(43)) - raft.server.log.force.sync.num = 128 (default)
2019-09-25 07:04:53,192 [pool-37-thread-1] INFO  server.RaftServerConfigKeys (ConfUtils.java:logGet(43)) - raft.server.log.statemachine.data.sync = true (default)
2019-09-25 07:04:53,192 [pool-37-thread-1] INFO  server.RaftServerConfigKeys (ConfUtils.java:logGet(43)) - raft.server.log.statemachine.data.sync.timeout = 10s (default)
2019-09-25 07:04:53,192 [pool-37-thread-1] INFO  server.RaftServerConfigKeys (ConfUtils.java:logGet(43)) - raft.server.log.statemachine.data.sync.timeout.retry = -1 (default)
2019-09-25 07:04:53,192 [pool-37-thread-1] INFO  server.RaftServerConfigKeys (ConfUtils.java:logGet(43)) - raft.server.log.statemachine.data.caching.enabled = true (custom)
2019-09-25 07:04:53,192 [24bf2945-a329-4da6-aaf2-23ecd8d462c6@group-D2C4951991DC:LeaderElection62] INFO  impl.RoleInfo (RoleInfo.java:updateAndGet(143)) - 24bf2945-a329-4da6-aaf2-23ecd8d462c6: start LeaderState
2019-09-25 07:04:53,192 [pool-37-thread-1] INFO  segmented.SegmentedRaftLogWorker (SegmentedRaftLogWorker.java:lambda$new$0(132)) - 62ec8eb9-3ae9-4136-b70a-2caf3716fa7f@group-DC60A5138291-SegmentedRaftLogWorker: flushIndex: setUnconditionally 0 -> -1
2019-09-25 07:04:53,193 [24bf2945-a329-4da6-aaf2-23ecd8d462c6@group-D2C4951991DC:LeaderElection62] INFO  segmented.SegmentedRaftLogWorker (SegmentedRaftLogWorker.java:startLogSegment(380)) - 24bf2945-a329-4da6-aaf2-23ecd8d462c6@group-D2C4951991DC-SegmentedRaftLogWorker: Starting segment from index:0
2019-09-25 07:04:53,193 [62ec8eb9-3ae9-4136-b70a-2caf3716fa7f@group-2BEA26FB643A-SegmentedRaftLogWorker] INFO  segmented.SegmentedRaftLogWorker (SegmentedRaftLogWorker.java:execute(569)) - 62ec8eb9-3ae9-4136-b70a-2caf3716fa7f@group-2BEA26FB643A-SegmentedRaftLogWorker: created new log segment /workdir/hadoop-ozone/integration-test/target/test-dir/MiniOzoneClusterImpl-39af9574-7a8b-4ed7-b830-bf686a3d4bb8/datanode-1/data/ratis/e31c6824-87aa-423e-a4d4-2bea26fb643a/current/log_inprogress_0
2019-09-25 07:04:53,193 [pool-37-thread-1] INFO  server.RaftServerConfigKeys (ConfUtils.java:logGet(43)) - raft.server.snapshot.auto.trigger.enabled = true (custom)
2019-09-25 07:04:53,193 [pool-37-thread-1] INFO  server.RaftServerConfigKeys (ConfUtils.java:logGet(43)) - raft.server.snapshot.auto.trigger.threshold = 10000 (custom)
2019-09-25 07:04:53,193 [24bf2945-a329-4da6-aaf2-23ecd8d462c6@group-D2C4951991DC:LeaderElection62] INFO  impl.RaftServerImpl (ServerState.java:setRaftConf(354)) - 24bf2945-a329-4da6-aaf2-23ecd8d462c6@group-D2C4951991DC: set configuration 0: [24bf2945-a329-4da6-aaf2-23ecd8d462c6:192.168.30.10:42867], old=null at 0
2019-09-25 07:04:53,193 [pool-37-thread-1] INFO  server.RaftServerConfigKeys (ConfUtils.java:logGet(43)) - raft.server.snapshot.retention.num.files = 5 (custom)
2019-09-25 07:04:53,678 [Thread-385] WARN  util.JavaUtils (JavaUtils.java:sleep(250)) - Unexpected long sleep: sleep(5094ms) actually took 5445ms which is over the threshold 300ms
2019-09-25 07:04:53,677 [Thread-364] WARN  util.JavaUtils (JavaUtils.java:sleep(250)) - Unexpected long sleep: sleep(5171ms) actually took 5609ms which is over the threshold 300ms
2019-09-25 07:04:53,677 [Thread-379] WARN  util.JavaUtils (JavaUtils.java:sleep(250)) - Unexpected long sleep: sleep(5056ms) actually took 5485ms which is over the threshold 300ms
2019-09-25 07:04:53,677 [Thread-370] WARN  util.JavaUtils (JavaUtils.java:sleep(250)) - Unexpected long sleep: sleep(5144ms) actually took 5570ms which is over the threshold 300ms
2019-09-25 07:04:53,676 [Thread-382] WARN  util.JavaUtils (JavaUtils.java:sleep(250)) - Unexpected long sleep: sleep(5091ms) actually took 5462ms which is over the threshold 300ms
2019-09-25 07:04:53,675 [Thread-376] WARN  util.JavaUtils (JavaUtils.java:sleep(250)) - Unexpected long sleep: sleep(5147ms) actually took 5509ms which is over the threshold 300ms
2019-09-25 07:04:53,675 [Thread-388] WARN  util.JavaUtils (JavaUtils.java:sleep(250)) - Unexpected long sleep: sleep(5064ms) actually took 5422ms which is over the threshold 300ms
2019-09-25 07:04:53,672 [Thread-394] WARN  util.JavaUtils (JavaUtils.java:sleep(250)) - Unexpected long sleep: sleep(5028ms) actually took 5367ms which is over the threshold 300ms
2019-09-25 07:04:53,672 [Thread-373] WARN  util.JavaUtils (JavaUtils.java:sleep(250)) - Unexpected long sleep: sleep(5193ms) actually took 5525ms which is over the threshold 300ms
2019-09-25 07:04:53,672 [Thread-397] INFO  impl.FollowerState (FollowerState.java:run(106)) - e568d23f-199e-48ce-91e4-5c166e2e97cd:group-0DB911CCBDA8 changes to CANDIDATE, lastRpcTime:5344, electionTimeout:5053ms
2019-09-25 07:04:53,671 [Thread-400] INFO  impl.FollowerState (FollowerState.java:run(106)) - 62ec8eb9-3ae9-4136-b70a-2caf3716fa7f:group-D1FC5BB53A72 changes to CANDIDATE, lastRpcTime:5320, electionTimeout:5077ms
2019-09-25 07:04:53,689 [Thread-397] INFO  impl.RoleInfo (RoleInfo.java:shutdownFollowerState(121)) - e568d23f-199e-48ce-91e4-5c166e2e97cd: shutdown FollowerState
2019-09-25 07:04:53,670 [Thread-391] INFO  impl.FollowerState (FollowerState.java:run(106)) - 24bf2945-a329-4da6-aaf2-23ecd8d462c6:group-F84487B1973B changes to CANDIDATE, lastRpcTime:5394, electionTimeout:5157ms
2019-09-25 07:04:53,670 [Thread-403] INFO  impl.FollowerState (FollowerState.java:run(106)) - 24bf2945-a329-4da6-aaf2-23ecd8d462c6:group-51A1562A27AA changes to CANDIDATE, lastRpcTime:5285, electionTimeout:5056ms
2019-09-25 07:04:53,669 [Thread-406] INFO  impl.FollowerState (FollowerState.java:run(106)) - e568d23f-199e-48ce-91e4-5c166e2e97cd:group-BD6803186CAB changes to CANDIDATE, lastRpcTime:5241, electionTimeout:5031ms
2019-09-25 07:04:53,667 [Thread-412] INFO  impl.FollowerState (FollowerState.java:run(106)) - e568d23f-199e-48ce-91e4-5c166e2e97cd:group-4D304F3CBDC4 changes to CANDIDATE, lastRpcTime:5158, electionTimeout:5025ms
2019-09-25 07:04:53,666 [Thread-409] INFO  impl.FollowerState (FollowerState.java:run(106)) - 24bf2945-a329-4da6-aaf2-23ecd8d462c6:group-7EAE8DFEC943 changes to CANDIDATE, lastRpcTime:5194, electionTimeout:5088ms
2019-09-25 07:04:53,690 [Thread-412] INFO  impl.RoleInfo (RoleInfo.java:shutdownFollowerState(121)) - e568d23f-199e-48ce-91e4-5c166e2e97cd: shutdown FollowerState
2019-09-25 07:04:53,690 [Thread-406] INFO  impl.RoleInfo (RoleInfo.java:shutdownFollowerState(121)) - e568d23f-199e-48ce-91e4-5c166e2e97cd: shutdown FollowerState
2019-09-25 07:04:53,690 [Thread-403] INFO  impl.RoleInfo (RoleInfo.java:shutdownFollowerState(121)) - 24bf2945-a329-4da6-aaf2-23ecd8d462c6: shutdown FollowerState
2019-09-25 07:04:53,690 [Thread-391] INFO  impl.RoleInfo (RoleInfo.java:shutdownFollowerState(121)) - 24bf2945-a329-4da6-aaf2-23ecd8d462c6: shutdown FollowerState
2019-09-25 07:04:53,689 [Thread-397] INFO  impl.RaftServerImpl (RaftServerImpl.java:setRole(174)) - e568d23f-199e-48ce-91e4-5c166e2e97cd@group-0DB911CCBDA8: changes role from  FOLLOWER to CANDIDATE at term 0 for changeToCandidate
2019-09-25 07:04:53,689 [Thread-400] INFO  impl.RoleInfo (RoleInfo.java:shutdownFollowerState(121)) - 62ec8eb9-3ae9-4136-b70a-2caf3716fa7f: shutdown FollowerState
2019-09-25 07:04:53,691 [Thread-400] INFO  impl.RaftServerImpl (RaftServerImpl.java:setRole(174)) - 62ec8eb9-3ae9-4136-b70a-2caf3716fa7f@group-D1FC5BB53A72: changes role from  FOLLOWER to CANDIDATE at term 0 for changeToCandidate
2019-09-25 07:04:53,679 [pool-37-thread-1] INFO  server.RaftServerConfigKeys (ConfUtils.java:logGet(43)) - raft.server.retrycache.expirytime = 600000ms (custom)
2019-09-25 07:04:53,691 [Thread-400] INFO  impl.RoleInfo (RoleInfo.java:updateAndGet(143)) - 62ec8eb9-3ae9-4136-b70a-2caf3716fa7f: start LeaderElection
2019-09-25 07:04:53,691 [Thread-397] INFO  impl.RoleInfo (RoleInfo.java:updateAndGet(143)) - e568d23f-199e-48ce-91e4-5c166e2e97cd: start LeaderElection
2019-09-25 07:04:53,691 [Thread-391] INFO  impl.RaftServerImpl (RaftServerImpl.java:setRole(174)) - 24bf2945-a329-4da6-aaf2-23ecd8d462c6@group-F84487B1973B: changes role from  FOLLOWER to CANDIDATE at term 0 for changeToCandidate
2019-09-25 07:04:53,690 [Thread-403] INFO  impl.RaftServerImpl (RaftServerImpl.java:setRole(174)) - 24bf2945-a329-4da6-aaf2-23ecd8d462c6@group-51A1562A27AA: changes role from  FOLLOWER to CANDIDATE at term 0 for changeToCandidate
2019-09-25 07:04:53,690 [Thread-406] INFO  impl.RaftServerImpl (RaftServerImpl.java:setRole(174)) - e568d23f-199e-48ce-91e4-5c166e2e97cd@group-BD6803186CAB: changes role from  FOLLOWER to CANDIDATE at term 0 for changeToCandidate
2019-09-25 07:04:53,690 [Thread-412] INFO  impl.RaftServerImpl (RaftServerImpl.java:setRole(174)) - e568d23f-199e-48ce-91e4-5c166e2e97cd@group-4D304F3CBDC4: changes role from  FOLLOWER to CANDIDATE at term 0 for changeToCandidate
2019-09-25 07:04:53,690 [Thread-409] INFO  impl.RoleInfo (RoleInfo.java:shutdownFollowerState(121)) - 24bf2945-a329-4da6-aaf2-23ecd8d462c6: shutdown FollowerState
2019-09-25 07:04:53,692 [Thread-412] INFO  impl.RoleInfo (RoleInfo.java:updateAndGet(143)) - e568d23f-199e-48ce-91e4-5c166e2e97cd: start LeaderElection
2019-09-25 07:04:53,692 [Thread-406] INFO  impl.RoleInfo (RoleInfo.java:updateAndGet(143)) - e568d23f-199e-48ce-91e4-5c166e2e97cd: start LeaderElection
2019-09-25 07:04:53,692 [Thread-403] INFO  impl.RoleInfo (RoleInfo.java:updateAndGet(143)) - 24bf2945-a329-4da6-aaf2-23ecd8d462c6: start LeaderElection
2019-09-25 07:04:53,692 [Thread-391] INFO  impl.RoleInfo (RoleInfo.java:updateAndGet(143)) - 24bf2945-a329-4da6-aaf2-23ecd8d462c6: start LeaderElection
2019-09-25 07:04:53,692 [Thread-409] INFO  impl.RaftServerImpl (RaftServerImpl.java:setRole(174)) - 24bf2945-a329-4da6-aaf2-23ecd8d462c6@group-7EAE8DFEC943: changes role from  FOLLOWER to CANDIDATE at term 0 for changeToCandidate
2019-09-25 07:04:53,693 [Thread-409] INFO  impl.RoleInfo (RoleInfo.java:updateAndGet(143)) - 24bf2945-a329-4da6-aaf2-23ecd8d462c6: start LeaderElection
2019-09-25 07:04:53,695 [pool-37-thread-1] INFO  impl.RaftServerImpl (RaftServerImpl.java:start(185)) - 62ec8eb9-3ae9-4136-b70a-2caf3716fa7f@group-DC60A5138291: start as a follower, conf=-1: [62ec8eb9-3ae9-4136-b70a-2caf3716fa7f:192.168.30.10:44715], old=null
2019-09-25 07:04:53,695 [pool-37-thread-1] INFO  impl.RaftServerImpl (RaftServerImpl.java:setRole(174)) - 62ec8eb9-3ae9-4136-b70a-2caf3716fa7f@group-DC60A5138291: changes role from      null to FOLLOWER at term 0 for startAsFollower
2019-09-25 07:04:53,695 [pool-37-thread-1] INFO  impl.RoleInfo (RoleInfo.java:updateAndGet(143)) - 62ec8eb9-3ae9-4136-b70a-2caf3716fa7f: start FollowerState
2019-09-25 07:04:53,696 [pool-37-thread-1] INFO  util.JmxRegister (JmxRegister.java:tryRegister(44)) - Successfully registered JMX Bean with object name Ratis:service=RaftServer,group=group-DC60A5138291,id=62ec8eb9-3ae9-4136-b70a-2caf3716fa7f
2019-09-25 07:04:53,702 [RatisPipelineUtilsThread] INFO  pipeline.PipelineStateManager (PipelineStateManager.java:addPipeline(56)) - Created pipeline Pipeline[ Id: 12f0f52d-0110-406e-bff6-dc60a5138291, Nodes: 62ec8eb9-3ae9-4136-b70a-2caf3716fa7f{ip: 192.168.30.10, host: pr-hdds-1569-s62bp-3040748787, networkLocation: /default-rack, certSerialId: null}, Type:RATIS, Factor:ONE, State:OPEN]
2019-09-25 07:04:53,707 [24bf2945-a329-4da6-aaf2-23ecd8d462c6@group-F84487B1973B:LeaderElection65] INFO  impl.LeaderElection (LeaderElection.java:askForVotes(182)) - 24bf2945-a329-4da6-aaf2-23ecd8d462c6@group-F84487B1973B:LeaderElection65: begin an election at term 1 for -1: [24bf2945-a329-4da6-aaf2-23ecd8d462c6:192.168.30.10:42867], old=null
2019-09-25 07:04:53,707 [e568d23f-199e-48ce-91e4-5c166e2e97cd@group-0DB911CCBDA8:LeaderElection63] INFO  impl.LeaderElection (LeaderElection.java:askForVotes(182)) - e568d23f-199e-48ce-91e4-5c166e2e97cd@group-0DB911CCBDA8:LeaderElection63: begin an election at term 1 for -1: [e568d23f-199e-48ce-91e4-5c166e2e97cd:192.168.30.10:42827], old=null
2019-09-25 07:04:53,707 [24bf2945-a329-4da6-aaf2-23ecd8d462c6@group-F84487B1973B:LeaderElection65] INFO  impl.RoleInfo (RoleInfo.java:shutdownLeaderElection(134)) - 24bf2945-a329-4da6-aaf2-23ecd8d462c6: shutdown LeaderElection
2019-09-25 07:04:53,707 [e568d23f-199e-48ce-91e4-5c166e2e97cd@group-BD6803186CAB:LeaderElection67] INFO  impl.LeaderElection (LeaderElection.java:askForVotes(182)) - e568d23f-199e-48ce-91e4-5c166e2e97cd@group-BD6803186CAB:LeaderElection67: begin an election at term 1 for -1: [e568d23f-199e-48ce-91e4-5c166e2e97cd:192.168.30.10:42827], old=null
2019-09-25 07:04:53,707 [62ec8eb9-3ae9-4136-b70a-2caf3716fa7f@group-D1FC5BB53A72:LeaderElection64] INFO  impl.LeaderElection (LeaderElection.java:askForVotes(182)) - 62ec8eb9-3ae9-4136-b70a-2caf3716fa7f@group-D1FC5BB53A72:LeaderElection64: begin an election at term 1 for -1: [62ec8eb9-3ae9-4136-b70a-2caf3716fa7f:192.168.30.10:44715], old=null
2019-09-25 07:04:53,707 [24bf2945-a329-4da6-aaf2-23ecd8d462c6@group-7EAE8DFEC943:LeaderElection69] INFO  impl.LeaderElection (LeaderElection.java:askForVotes(182)) - 24bf2945-a329-4da6-aaf2-23ecd8d462c6@group-7EAE8DFEC943:LeaderElection69: begin an election at term 1 for -1: [24bf2945-a329-4da6-aaf2-23ecd8d462c6:192.168.30.10:42867], old=null
2019-09-25 07:04:53,707 [24bf2945-a329-4da6-aaf2-23ecd8d462c6@group-51A1562A27AA:LeaderElection66] INFO  impl.LeaderElection (LeaderElection.java:askForVotes(182)) - 24bf2945-a329-4da6-aaf2-23ecd8d462c6@group-51A1562A27AA:LeaderElection66: begin an election at term 1 for -1: [24bf2945-a329-4da6-aaf2-23ecd8d462c6:192.168.30.10:42867], old=null
2019-09-25 07:04:53,707 [e568d23f-199e-48ce-91e4-5c166e2e97cd@group-4D304F3CBDC4:LeaderElection68] INFO  impl.LeaderElection (LeaderElection.java:askForVotes(182)) - e568d23f-199e-48ce-91e4-5c166e2e97cd@group-4D304F3CBDC4:LeaderElection68: begin an election at term 1 for -1: [e568d23f-199e-48ce-91e4-5c166e2e97cd:192.168.30.10:42827], old=null
2019-09-25 07:04:53,707 [24bf2945-a329-4da6-aaf2-23ecd8d462c6@group-51A1562A27AA:LeaderElection66] INFO  impl.RoleInfo (RoleInfo.java:shutdownLeaderElection(134)) - 24bf2945-a329-4da6-aaf2-23ecd8d462c6: shutdown LeaderElection
2019-09-25 07:04:53,707 [24bf2945-a329-4da6-aaf2-23ecd8d462c6@group-7EAE8DFEC943:LeaderElection69] INFO  impl.RoleInfo (RoleInfo.java:shutdownLeaderElection(134)) - 24bf2945-a329-4da6-aaf2-23ecd8d462c6: shutdown LeaderElection
2019-09-25 07:04:53,707 [62ec8eb9-3ae9-4136-b70a-2caf3716fa7f@group-D1FC5BB53A72:LeaderElection64] INFO  impl.RoleInfo (RoleInfo.java:shutdownLeaderElection(134)) - 62ec8eb9-3ae9-4136-b70a-2caf3716fa7f: shutdown LeaderElection
2019-09-25 07:04:53,708 [62ec8eb9-3ae9-4136-b70a-2caf3716fa7f@group-D1FC5BB53A72:LeaderElection64] INFO  impl.RaftServerImpl (RaftServerImpl.java:setRole(174)) - 62ec8eb9-3ae9-4136-b70a-2caf3716fa7f@group-D1FC5BB53A72: changes role from CANDIDATE to LEADER at term 1 for changeToLeader
2019-09-25 07:04:53,707 [e568d23f-199e-48ce-91e4-5c166e2e97cd@group-BD6803186CAB:LeaderElection67] INFO  impl.RoleInfo (RoleInfo.java:shutdownLeaderElection(134)) - e568d23f-199e-48ce-91e4-5c166e2e97cd: shutdown LeaderElection
2019-09-25 07:04:53,707 [24bf2945-a329-4da6-aaf2-23ecd8d462c6@group-F84487B1973B:LeaderElection65] INFO  impl.RaftServerImpl (RaftServerImpl.java:setRole(174)) - 24bf2945-a329-4da6-aaf2-23ecd8d462c6@group-F84487B1973B: changes role from CANDIDATE to LEADER at term 1 for changeToLeader
2019-09-25 07:04:53,708 [24bf2945-a329-4da6-aaf2-23ecd8d462c6@group-F84487B1973B:LeaderElection65] INFO  impl.RaftServerImpl (ServerState.java:setLeader(253)) - 24bf2945-a329-4da6-aaf2-23ecd8d462c6@group-F84487B1973B: change Leader from null to 24bf2945-a329-4da6-aaf2-23ecd8d462c6 at term 1 for becomeLeader, leader elected after 5438ms
2019-09-25 07:04:53,707 [e568d23f-199e-48ce-91e4-5c166e2e97cd@group-0DB911CCBDA8:LeaderElection63] INFO  impl.RoleInfo (RoleInfo.java:shutdownLeaderElection(134)) - e568d23f-199e-48ce-91e4-5c166e2e97cd: shutdown LeaderElection
2019-09-25 07:04:53,709 [24bf2945-a329-4da6-aaf2-23ecd8d462c6@group-F84487B1973B:LeaderElection65] INFO  server.RaftServerConfigKeys (ConfUtils.java:logGet(43)) - raft.server.staging.catchup.gap = 1000 (default)
2019-09-25 07:04:53,709 [24bf2945-a329-4da6-aaf2-23ecd8d462c6@group-F84487B1973B:LeaderElection65] INFO  server.RaftServerConfigKeys (ConfUtils.java:logGet(43)) - raft.server.rpc.sleep.time = 25ms (default)
2019-09-25 07:04:53,708 [e568d23f-199e-48ce-91e4-5c166e2e97cd@group-BD6803186CAB:LeaderElection67] INFO  impl.RaftServerImpl (RaftServerImpl.java:setRole(174)) - e568d23f-199e-48ce-91e4-5c166e2e97cd@group-BD6803186CAB: changes role from CANDIDATE to LEADER at term 1 for changeToLeader
2019-09-25 07:04:53,709 [e568d23f-199e-48ce-91e4-5c166e2e97cd@group-BD6803186CAB:LeaderElection67] INFO  impl.RaftServerImpl (ServerState.java:setLeader(253)) - e568d23f-199e-48ce-91e4-5c166e2e97cd@group-BD6803186CAB: change Leader from null to e568d23f-199e-48ce-91e4-5c166e2e97cd at term 1 for becomeLeader, leader elected after 5287ms
2019-09-25 07:04:53,708 [62ec8eb9-3ae9-4136-b70a-2caf3716fa7f@group-D1FC5BB53A72:LeaderElection64] INFO  impl.RaftServerImpl (ServerState.java:setLeader(253)) - 62ec8eb9-3ae9-4136-b70a-2caf3716fa7f@group-D1FC5BB53A72: change Leader from null to 62ec8eb9-3ae9-4136-b70a-2caf3716fa7f at term 1 for becomeLeader, leader elected after 5363ms
2019-09-25 07:04:53,708 [24bf2945-a329-4da6-aaf2-23ecd8d462c6@group-7EAE8DFEC943:LeaderElection69] INFO  impl.RaftServerImpl (RaftServerImpl.java:setRole(174)) - 24bf2945-a329-4da6-aaf2-23ecd8d462c6@group-7EAE8DFEC943: changes role from CANDIDATE to LEADER at term 1 for changeToLeader
2019-09-25 07:04:53,708 [24bf2945-a329-4da6-aaf2-23ecd8d462c6@group-51A1562A27AA:LeaderElection66] INFO  impl.RaftServerImpl (RaftServerImpl.java:setRole(174)) - 24bf2945-a329-4da6-aaf2-23ecd8d462c6@group-51A1562A27AA: changes role from CANDIDATE to LEADER at term 1 for changeToLeader
2019-09-25 07:04:53,708 [e568d23f-199e-48ce-91e4-5c166e2e97cd@group-4D304F3CBDC4:LeaderElection68] INFO  impl.RoleInfo (RoleInfo.java:shutdownLeaderElection(134)) - e568d23f-199e-48ce-91e4-5c166e2e97cd: shutdown LeaderElection
2019-09-25 07:04:53,710 [24bf2945-a329-4da6-aaf2-23ecd8d462c6@group-51A1562A27AA:LeaderElection66] INFO  impl.RaftServerImpl (ServerState.java:setLeader(253)) - 24bf2945-a329-4da6-aaf2-23ecd8d462c6@group-51A1562A27AA: change Leader from null to 24bf2945-a329-4da6-aaf2-23ecd8d462c6 at term 1 for becomeLeader, leader elected after 5330ms
2019-09-25 07:04:53,710 [24bf2945-a329-4da6-aaf2-23ecd8d462c6@group-7EAE8DFEC943:LeaderElection69] INFO  impl.RaftServerImpl (ServerState.java:setLeader(253)) - 24bf2945-a329-4da6-aaf2-23ecd8d462c6@group-7EAE8DFEC943: change Leader from null to 24bf2945-a329-4da6-aaf2-23ecd8d462c6 at term 1 for becomeLeader, leader elected after 5244ms
2019-09-25 07:04:53,709 [62ec8eb9-3ae9-4136-b70a-2caf3716fa7f@group-D1FC5BB53A72:LeaderElection64] INFO  server.RaftServerConfigKeys (ConfUtils.java:logGet(43)) - raft.server.staging.catchup.gap = 1000 (default)
2019-09-25 07:04:53,710 [62ec8eb9-3ae9-4136-b70a-2caf3716fa7f@group-D1FC5BB53A72:LeaderElection64] INFO  server.RaftServerConfigKeys (ConfUtils.java:logGet(43)) - raft.server.rpc.sleep.time = 25ms (default)
2019-09-25 07:04:53,709 [e568d23f-199e-48ce-91e4-5c166e2e97cd@group-BD6803186CAB:LeaderElection67] INFO  server.RaftServerConfigKeys (ConfUtils.java:logGet(43)) - raft.server.staging.catchup.gap = 1000 (default)
2019-09-25 07:04:53,709 [grpc-default-executor-1] INFO  impl.RaftServerProxy (RaftServerProxy.java:addNew(89)) - 62ec8eb9-3ae9-4136-b70a-2caf3716fa7f: addNew group-F9DD8DFAA4FE:[62ec8eb9-3ae9-4136-b70a-2caf3716fa7f:192.168.30.10:44715] returns group-F9DD8DFAA4FE:java.util.concurrent.CompletableFuture@6314b6be[Not completed]
2019-09-25 07:04:53,709 [24bf2945-a329-4da6-aaf2-23ecd8d462c6@group-F84487B1973B:LeaderElection65] INFO  server.RaftServerConfigKeys (ConfUtils.java:logGet(43)) - raft.server.write.element-limit = 4096 (default)
2019-09-25 07:04:53,709 [e568d23f-199e-48ce-91e4-5c166e2e97cd@group-0DB911CCBDA8:LeaderElection63] INFO  impl.RaftServerImpl (RaftServerImpl.java:setRole(174)) - e568d23f-199e-48ce-91e4-5c166e2e97cd@group-0DB911CCBDA8: changes role from CANDIDATE to LEADER at term 1 for changeToLeader
2019-09-25 07:04:53,711 [24bf2945-a329-4da6-aaf2-23ecd8d462c6@group-F84487B1973B:LeaderElection65] INFO  server.RaftServerConfigKeys (ConfUtils.java:logGet(43)) - raft.server.watch.timeout = 10s (default)
2019-09-25 07:04:53,711 [e568d23f-199e-48ce-91e4-5c166e2e97cd@group-BD6803186CAB:LeaderElection67] INFO  server.RaftServerConfigKeys (ConfUtils.java:logGet(43)) - raft.server.rpc.sleep.time = 25ms (default)
2019-09-25 07:04:53,711 [pool-37-thread-1] INFO  impl.RaftServerImpl (RaftServerImpl.java:<init>(95)) - 62ec8eb9-3ae9-4136-b70a-2caf3716fa7f: new RaftServerImpl for group-F9DD8DFAA4FE:[62ec8eb9-3ae9-4136-b70a-2caf3716fa7f:192.168.30.10:44715] with ContainerStateMachine:uninitialized
2019-09-25 07:04:53,710 [62ec8eb9-3ae9-4136-b70a-2caf3716fa7f@group-D1FC5BB53A72:LeaderElection64] INFO  server.RaftServerConfigKeys (ConfUtils.java:logGet(43)) - raft.server.write.element-limit = 4096 (default)
2019-09-25 07:04:53,710 [24bf2945-a329-4da6-aaf2-23ecd8d462c6@group-7EAE8DFEC943:LeaderElection69] INFO  server.RaftServerConfigKeys (ConfUtils.java:logGet(43)) - raft.server.staging.catchup.gap = 1000 (default)
2019-09-25 07:04:53,712 [24bf2945-a329-4da6-aaf2-23ecd8d462c6@group-7EAE8DFEC943:LeaderElection69] INFO  server.RaftServerConfigKeys (ConfUtils.java:logGet(43)) - raft.server.rpc.sleep.time = 25ms (default)
2019-09-25 07:04:53,710 [24bf2945-a329-4da6-aaf2-23ecd8d462c6@group-51A1562A27AA:LeaderElection66] INFO  server.RaftServerConfigKeys (ConfUtils.java:logGet(43)) - raft.server.staging.catchup.gap = 1000 (default)
2019-09-25 07:04:53,712 [24bf2945-a329-4da6-aaf2-23ecd8d462c6@group-51A1562A27AA:LeaderElection66] INFO  server.RaftServerConfigKeys (ConfUtils.java:logGet(43)) - raft.server.rpc.sleep.time = 25ms (default)
2019-09-25 07:04:53,710 [e568d23f-199e-48ce-91e4-5c166e2e97cd@group-4D304F3CBDC4:LeaderElection68] INFO  impl.RaftServerImpl (RaftServerImpl.java:setRole(174)) - e568d23f-199e-48ce-91e4-5c166e2e97cd@group-4D304F3CBDC4: changes role from CANDIDATE to LEADER at term 1 for changeToLeader
2019-09-25 07:04:53,712 [24bf2945-a329-4da6-aaf2-23ecd8d462c6@group-51A1562A27AA:LeaderElection66] INFO  server.RaftServerConfigKeys (ConfUtils.java:logGet(43)) - raft.server.write.element-limit = 4096 (default)
2019-09-25 07:04:53,712 [24bf2945-a329-4da6-aaf2-23ecd8d462c6@group-7EAE8DFEC943:LeaderElection69] INFO  server.RaftServerConfigKeys (ConfUtils.java:logGet(43)) - raft.server.write.element-limit = 4096 (default)
2019-09-25 07:04:53,712 [62ec8eb9-3ae9-4136-b70a-2caf3716fa7f@group-D1FC5BB53A72:LeaderElection64] INFO  server.RaftServerConfigKeys (ConfUtils.java:logGet(43)) - raft.server.watch.timeout = 10s (default)
2019-09-25 07:04:53,712 [pool-37-thread-1] INFO  server.RaftServerConfigKeys (ConfUtils.java:logGet(43)) - raft.server.rpc.timeout.min = 5s (custom)
2019-09-25 07:04:53,712 [e568d23f-199e-48ce-91e4-5c166e2e97cd@group-BD6803186CAB:LeaderElection67] INFO  server.RaftServerConfigKeys (ConfUtils.java:logGet(43)) - raft.server.write.element-limit = 4096 (default)
2019-09-25 07:04:53,711 [24bf2945-a329-4da6-aaf2-23ecd8d462c6@group-F84487B1973B:LeaderElection65] INFO  server.RaftServerConfigKeys (ConfUtils.java:logGet(43)) - raft.server.watch.timeout.denomination = 1s (default)
2019-09-25 07:04:53,713 [24bf2945-a329-4da6-aaf2-23ecd8d462c6@group-F84487B1973B:LeaderElection65] INFO  server.RaftServerConfigKeys (ConfUtils.java:logGet(43)) - raft.server.watch.element-limit = 65536 (default)
2019-09-25 07:04:53,711 [e568d23f-199e-48ce-91e4-5c166e2e97cd@group-0DB911CCBDA8:LeaderElection63] INFO  impl.RaftServerImpl (ServerState.java:setLeader(253)) - e568d23f-199e-48ce-91e4-5c166e2e97cd@group-0DB911CCBDA8: change Leader from null to e568d23f-199e-48ce-91e4-5c166e2e97cd at term 1 for becomeLeader, leader elected after 5388ms
2019-09-25 07:04:53,713 [e568d23f-199e-48ce-91e4-5c166e2e97cd@group-BD6803186CAB:LeaderElection67] INFO  server.RaftServerConfigKeys (ConfUtils.java:logGet(43)) - raft.server.watch.timeout = 10s (default)
2019-09-25 07:04:53,713 [pool-37-thread-1] INFO  server.RaftServerConfigKeys (ConfUtils.java:logGet(43)) - raft.server.rpc.timeout.max = 5200ms (custom)
2019-09-25 07:04:53,713 [62ec8eb9-3ae9-4136-b70a-2caf3716fa7f@group-D1FC5BB53A72:LeaderElection64] INFO  server.RaftServerConfigKeys (ConfUtils.java:logGet(43)) - raft.server.watch.timeout.denomination = 1s (default)
2019-09-25 07:04:53,713 [24bf2945-a329-4da6-aaf2-23ecd8d462c6@group-7EAE8DFEC943:LeaderElection69] INFO  server.RaftServerConfigKeys (ConfUtils.java:logGet(43)) - raft.server.watch.timeout = 10s (default)
2019-09-25 07:04:53,713 [24bf2945-a329-4da6-aaf2-23ecd8d462c6@group-51A1562A27AA:LeaderElection66] INFO  server.RaftServerConfigKeys (ConfUtils.java:logGet(43)) - raft.server.watch.timeout = 10s (default)
2019-09-25 07:04:53,715 [24bf2945-a329-4da6-aaf2-23ecd8d462c6@group-51A1562A27AA:LeaderElection66] INFO  server.RaftServerConfigKeys (ConfUtils.java:logGet(43)) - raft.server.watch.timeout.denomination = 1s (default)
2019-09-25 07:04:53,712 [e568d23f-199e-48ce-91e4-5c166e2e97cd@group-4D304F3CBDC4:LeaderElection68] INFO  impl.RaftServerImpl (ServerState.java:setLeader(253)) - e568d23f-199e-48ce-91e4-5c166e2e97cd@group-4D304F3CBDC4: change Leader from null to e568d23f-199e-48ce-91e4-5c166e2e97cd at term 1 for becomeLeader, leader elected after 5211ms
2019-09-25 07:04:53,715 [24bf2945-a329-4da6-aaf2-23ecd8d462c6@group-51A1562A27AA:LeaderElection66] INFO  server.RaftServerConfigKeys (ConfUtils.java:logGet(43)) - raft.server.watch.element-limit = 65536 (default)
2019-09-25 07:04:53,714 [24bf2945-a329-4da6-aaf2-23ecd8d462c6@group-7EAE8DFEC943:LeaderElection69] INFO  server.RaftServerConfigKeys (ConfUtils.java:logGet(43)) - raft.server.watch.timeout.denomination = 1s (default)
2019-09-25 07:04:53,714 [62ec8eb9-3ae9-4136-b70a-2caf3716fa7f@group-D1FC5BB53A72:LeaderElection64] INFO  server.RaftServerConfigKeys (ConfUtils.java:logGet(43)) - raft.server.watch.element-limit = 65536 (default)
2019-09-25 07:04:53,714 [pool-37-thread-1] INFO  server.RaftServerConfigKeys (ConfUtils.java:logGet(43)) - raft.server.rpcslowness.timeout = 120s (custom)
2019-09-25 07:04:53,714 [e568d23f-199e-48ce-91e4-5c166e2e97cd@group-BD6803186CAB:LeaderElection67] INFO  server.RaftServerConfigKeys (ConfUtils.java:logGet(43)) - raft.server.watch.timeout.denomination = 1s (default)
2019-09-25 07:04:53,714 [e568d23f-199e-48ce-91e4-5c166e2e97cd@group-0DB911CCBDA8:LeaderElection63] INFO  server.RaftServerConfigKeys (ConfUtils.java:logGet(43)) - raft.server.staging.catchup.gap = 1000 (default)
2019-09-25 07:04:53,716 [e568d23f-199e-48ce-91e4-5c166e2e97cd@group-BD6803186CAB:LeaderElection67] INFO  server.RaftServerConfigKeys (ConfUtils.java:logGet(43)) - raft.server.watch.element-limit = 65536 (default)
2019-09-25 07:04:53,715 [pool-37-thread-1] INFO  server.RaftServerConfigKeys (ConfUtils.java:logGet(43)) - raft.server.sleep.deviation.threshold = 300 (default)
2019-09-25 07:04:53,715 [24bf2945-a329-4da6-aaf2-23ecd8d462c6@group-7EAE8DFEC943:LeaderElection69] INFO  server.RaftServerConfigKeys (ConfUtils.java:logGet(43)) - raft.server.watch.element-limit = 65536 (default)
2019-09-25 07:04:53,715 [e568d23f-199e-48ce-91e4-5c166e2e97cd@group-4D304F3CBDC4:LeaderElection68] INFO  server.RaftServerConfigKeys (ConfUtils.java:logGet(43)) - raft.server.staging.catchup.gap = 1000 (default)
2019-09-25 07:04:53,715 [24bf2945-a329-4da6-aaf2-23ecd8d462c6@group-F84487B1973B:LeaderElection65] INFO  impl.RoleInfo (RoleInfo.java:updateAndGet(143)) - 24bf2945-a329-4da6-aaf2-23ecd8d462c6: start LeaderState
2019-09-25 07:04:53,717 [e568d23f-199e-48ce-91e4-5c166e2e97cd@group-4D304F3CBDC4:LeaderElection68] INFO  server.RaftServerConfigKeys (ConfUtils.java:logGet(43)) - raft.server.rpc.sleep.time = 25ms (default)
2019-09-25 07:04:53,716 [Thread-415] INFO  impl.FollowerState (FollowerState.java:run(106)) - 24bf2945-a329-4da6-aaf2-23ecd8d462c6:group-59E882B450F2 changes to CANDIDATE, lastRpcTime:5182, electionTimeout:5182ms
2019-09-25 07:04:53,716 [pool-37-thread-1] INFO  server.RaftServerConfigKeys (ConfUtils.java:logGet(43)) - raft.server.log.appender.install.snapshot.enabled = false (custom)
2019-09-25 07:04:53,716 [e568d23f-199e-48ce-91e4-5c166e2e97cd@group-0DB911CCBDA8:LeaderElection63] INFO  server.RaftServerConfigKeys (ConfUtils.java:logGet(43)) - raft.server.rpc.sleep.time = 25ms (default)
2019-09-25 07:04:53,717 [pool-37-thread-1] INFO  impl.RaftServerImpl (ServerState.java:<init>(103)) - 62ec8eb9-3ae9-4136-b70a-2caf3716fa7f@group-F9DD8DFAA4FE: ConfigurationManager, init=-1: [62ec8eb9-3ae9-4136-b70a-2caf3716fa7f:192.168.30.10:44715], old=null, confs=<EMPTY_MAP>
2019-09-25 07:04:53,717 [e568d23f-199e-48ce-91e4-5c166e2e97cd@group-0DB911CCBDA8:LeaderElection63] INFO  server.RaftServerConfigKeys (ConfUtils.java:logGet(43)) - raft.server.write.element-limit = 4096 (default)
2019-09-25 07:04:53,717 [Thread-415] INFO  impl.RoleInfo (RoleInfo.java:shutdownFollowerState(121)) - 24bf2945-a329-4da6-aaf2-23ecd8d462c6: shutdown FollowerState
2019-09-25 07:04:53,717 [e568d23f-199e-48ce-91e4-5c166e2e97cd@group-4D304F3CBDC4:LeaderElection68] INFO  server.RaftServerConfigKeys (ConfUtils.java:logGet(43)) - raft.server.write.element-limit = 4096 (default)
2019-09-25 07:04:53,717 [24bf2945-a329-4da6-aaf2-23ecd8d462c6@group-F84487B1973B:LeaderElection65] INFO  segmented.SegmentedRaftLogWorker (SegmentedRaftLogWorker.java:startLogSegment(380)) - 24bf2945-a329-4da6-aaf2-23ecd8d462c6@group-F84487B1973B-SegmentedRaftLogWorker: Starting segment from index:0
2019-09-25 07:04:53,718 [e568d23f-199e-48ce-91e4-5c166e2e97cd@group-4D304F3CBDC4:LeaderElection68] INFO  server.RaftServerConfigKeys (ConfUtils.java:logGet(43)) - raft.server.watch.timeout = 10s (default)
2019-09-25 07:04:53,718 [Thread-415] INFO  impl.RaftServerImpl (RaftServerImpl.java:setRole(174)) - 24bf2945-a329-4da6-aaf2-23ecd8d462c6@group-59E882B450F2: changes role from  FOLLOWER to CANDIDATE at term 0 for changeToCandidate
2019-09-25 07:04:53,718 [pool-37-thread-1] INFO  server.RaftServerConfigKeys (ConfUtils.java:logGet(43)) - raft.server.storage.dir = [/workdir/hadoop-ozone/integration-test/target/test-dir/MiniOzoneClusterImpl-39af9574-7a8b-4ed7-b830-bf686a3d4bb8/datanode-1/data/ratis] (custom)
2019-09-25 07:04:53,718 [e568d23f-199e-48ce-91e4-5c166e2e97cd@group-0DB911CCBDA8:LeaderElection63] INFO  server.RaftServerConfigKeys (ConfUtils.java:logGet(43)) - raft.server.watch.timeout = 10s (default)
2019-09-25 07:04:54,033 [Thread-415] INFO  impl.RoleInfo (RoleInfo.java:updateAndGet(143)) - 24bf2945-a329-4da6-aaf2-23ecd8d462c6: start LeaderElection
2019-09-25 07:04:54,032 [Thread-418] INFO  impl.FollowerState (FollowerState.java:run(106)) - 62ec8eb9-3ae9-4136-b70a-2caf3716fa7f:group-853F494A7699 changes to CANDIDATE, lastRpcTime:5474, electionTimeout:5183ms
2019-09-25 07:04:54,032 [Thread-424] INFO  impl.FollowerState (FollowerState.java:run(106)) - 62ec8eb9-3ae9-4136-b70a-2caf3716fa7f:group-E547958F4AD8 changes to CANDIDATE, lastRpcTime:5266, electionTimeout:5000ms
2019-09-25 07:04:54,034 [Thread-418] INFO  impl.RoleInfo (RoleInfo.java:shutdownFollowerState(121)) - 62ec8eb9-3ae9-4136-b70a-2caf3716fa7f: shutdown FollowerState
2019-09-25 07:04:54,031 [Thread-427] INFO  impl.FollowerState (FollowerState.java:run(106)) - 24bf2945-a329-4da6-aaf2-23ecd8d462c6:group-20DC2BFBC392 changes to CANDIDATE, lastRpcTime:5221, electionTimeout:5004ms
2019-09-25 07:04:54,031 [Thread-421] INFO  impl.FollowerState (FollowerState.java:run(106)) - e568d23f-199e-48ce-91e4-5c166e2e97cd:group-6D5E2718846D changes to CANDIDATE, lastRpcTime:5315, electionTimeout:5109ms
2019-09-25 07:04:54,026 [Thread-430] INFO  impl.FollowerState (FollowerState.java:run(106)) - 24bf2945-a329-4da6-aaf2-23ecd8d462c6:group-4B63F1BD2522 changes to CANDIDATE, lastRpcTime:5178, electionTimeout:5114ms
2019-09-25 07:04:54,024 [Thread-433] INFO  impl.FollowerState (FollowerState.java:run(106)) - e568d23f-199e-48ce-91e4-5c166e2e97cd:group-5A9570ABCA5E changes to CANDIDATE, lastRpcTime:5154, electionTimeout:5147ms
2019-09-25 07:04:53,718 [24bf2945-a329-4da6-aaf2-23ecd8d462c6@group-F84487B1973B:LeaderElection65] INFO  impl.RaftServerImpl (ServerState.java:setRaftConf(354)) - 24bf2945-a329-4da6-aaf2-23ecd8d462c6@group-F84487B1973B: set configuration 0: [24bf2945-a329-4da6-aaf2-23ecd8d462c6:192.168.30.10:42867], old=null at 0
2019-09-25 07:04:54,035 [Thread-433] INFO  impl.RoleInfo (RoleInfo.java:shutdownFollowerState(121)) - e568d23f-199e-48ce-91e4-5c166e2e97cd: shutdown FollowerState
2019-09-25 07:04:53,718 [e568d23f-199e-48ce-91e4-5c166e2e97cd@group-4D304F3CBDC4:LeaderElection68] INFO  server.RaftServerConfigKeys (ConfUtils.java:logGet(43)) - raft.server.watch.timeout.denomination = 1s (default)
2019-09-25 07:04:54,035 [Thread-433] INFO  impl.RaftServerImpl (RaftServerImpl.java:setRole(174)) - e568d23f-199e-48ce-91e4-5c166e2e97cd@group-5A9570ABCA5E: changes role from  FOLLOWER to CANDIDATE at term 0 for changeToCandidate
2019-09-25 07:04:54,034 [Thread-430] INFO  impl.RoleInfo (RoleInfo.java:shutdownFollowerState(121)) - 24bf2945-a329-4da6-aaf2-23ecd8d462c6: shutdown FollowerState
2019-09-25 07:04:54,034 [24bf2945-a329-4da6-aaf2-23ecd8d462c6@group-51A1562A27AA:LeaderElection66] INFO  impl.RoleInfo (RoleInfo.java:updateAndGet(143)) - 24bf2945-a329-4da6-aaf2-23ecd8d462c6: start LeaderState
2019-09-25 07:04:54,034 [Thread-421] INFO  impl.RoleInfo (RoleInfo.java:shutdownFollowerState(121)) - e568d23f-199e-48ce-91e4-5c166e2e97cd: shutdown FollowerState
2019-09-25 07:04:54,034 [Thread-427] INFO  impl.RoleInfo (RoleInfo.java:shutdownFollowerState(121)) - 24bf2945-a329-4da6-aaf2-23ecd8d462c6: shutdown FollowerState
2019-09-25 07:04:54,034 [Thread-424] INFO  impl.RoleInfo (RoleInfo.java:shutdownFollowerState(121)) - 62ec8eb9-3ae9-4136-b70a-2caf3716fa7f: shutdown FollowerState
2019-09-25 07:04:54,036 [Thread-424] INFO  impl.RaftServerImpl (RaftServerImpl.java:setRole(174)) - 62ec8eb9-3ae9-4136-b70a-2caf3716fa7f@group-E547958F4AD8: changes role from  FOLLOWER to CANDIDATE at term 0 for changeToCandidate
2019-09-25 07:04:54,034 [Thread-418] INFO  impl.RaftServerImpl (RaftServerImpl.java:setRole(174)) - 62ec8eb9-3ae9-4136-b70a-2caf3716fa7f@group-853F494A7699: changes role from  FOLLOWER to CANDIDATE at term 0 for changeToCandidate
2019-09-25 07:04:54,034 [pool-37-thread-1] INFO  storage.RaftStorageDirectory (RaftStorageDirectory.java:analyzeStorage(246)) - The storage directory /workdir/hadoop-ozone/integration-test/target/test-dir/MiniOzoneClusterImpl-39af9574-7a8b-4ed7-b830-bf686a3d4bb8/datanode-1/data/ratis/a8b91be1-a60e-49fc-9cd8-f9dd8dfaa4fe does not exist. Creating ...
2019-09-25 07:04:54,033 [e568d23f-199e-48ce-91e4-5c166e2e97cd@group-0DB911CCBDA8:LeaderElection63] INFO  server.RaftServerConfigKeys (ConfUtils.java:logGet(43)) - raft.server.watch.timeout.denomination = 1s (default)
2019-09-25 07:04:54,036 [Thread-418] INFO  impl.RoleInfo (RoleInfo.java:updateAndGet(143)) - 62ec8eb9-3ae9-4136-b70a-2caf3716fa7f: start LeaderElection
2019-09-25 07:04:54,036 [Thread-424] INFO  impl.RoleInfo (RoleInfo.java:updateAndGet(143)) - 62ec8eb9-3ae9-4136-b70a-2caf3716fa7f: start LeaderElection
2019-09-25 07:04:54,037 [e568d23f-199e-48ce-91e4-5c166e2e97cd@group-BD6803186CAB:LeaderElection67] INFO  impl.RoleInfo (RoleInfo.java:updateAndGet(143)) - e568d23f-199e-48ce-91e4-5c166e2e97cd: start LeaderState
2019-09-25 07:04:54,036 [24bf2945-a329-4da6-aaf2-23ecd8d462c6@group-51A1562A27AA:LeaderElection66] INFO  segmented.SegmentedRaftLogWorker (SegmentedRaftLogWorker.java:startLogSegment(380)) - 24bf2945-a329-4da6-aaf2-23ecd8d462c6@group-51A1562A27AA-SegmentedRaftLogWorker: Starting segment from index:0
2019-09-25 07:04:54,036 [Thread-427] INFO  impl.RaftServerImpl (RaftServerImpl.java:setRole(174)) - 24bf2945-a329-4da6-aaf2-23ecd8d462c6@group-20DC2BFBC392: changes role from  FOLLOWER to CANDIDATE at term 0 for changeToCandidate
2019-09-25 07:04:54,036 [62ec8eb9-3ae9-4136-b70a-2caf3716fa7f@group-D1FC5BB53A72:LeaderElection64] INFO  impl.RoleInfo (RoleInfo.java:updateAndGet(143)) - 62ec8eb9-3ae9-4136-b70a-2caf3716fa7f: start LeaderState
2019-09-25 07:04:54,036 [Thread-421] INFO  impl.RaftServerImpl (RaftServerImpl.java:setRole(174)) - e568d23f-199e-48ce-91e4-5c166e2e97cd@group-6D5E2718846D: changes role from  FOLLOWER to CANDIDATE at term 0 for changeToCandidate
2019-09-25 07:04:54,035 [Thread-430] INFO  impl.RaftServerImpl (RaftServerImpl.java:setRole(174)) - 24bf2945-a329-4da6-aaf2-23ecd8d462c6@group-4B63F1BD2522: changes role from  FOLLOWER to CANDIDATE at term 0 for changeToCandidate
2019-09-25 07:04:54,035 [Thread-433] INFO  impl.RoleInfo (RoleInfo.java:updateAndGet(143)) - e568d23f-199e-48ce-91e4-5c166e2e97cd: start LeaderElection
2019-09-25 07:04:54,035 [e568d23f-199e-48ce-91e4-5c166e2e97cd@group-4D304F3CBDC4:LeaderElection68] INFO  server.RaftServerConfigKeys (ConfUtils.java:logGet(43)) - raft.server.watch.element-limit = 65536 (default)
2019-09-25 07:04:54,312 [Thread-430] INFO  impl.RoleInfo (RoleInfo.java:updateAndGet(143)) - 24bf2945-a329-4da6-aaf2-23ecd8d462c6: start LeaderElection
2019-09-25 07:04:54,312 [Thread-421] INFO  impl.RoleInfo (RoleInfo.java:updateAndGet(143)) - e568d23f-199e-48ce-91e4-5c166e2e97cd: start LeaderElection
2019-09-25 07:04:54,309 [24bf2945-a329-4da6-aaf2-23ecd8d462c6@group-59E882B450F2:LeaderElection70] INFO  impl.LeaderElection (LeaderElection.java:askForVotes(182)) - 24bf2945-a329-4da6-aaf2-23ecd8d462c6@group-59E882B450F2:LeaderElection70: begin an election at term 1 for -1: [24bf2945-a329-4da6-aaf2-23ecd8d462c6:192.168.30.10:42867], old=null
2019-09-25 07:04:54,312 [62ec8eb9-3ae9-4136-b70a-2caf3716fa7f@group-D1FC5BB53A72:LeaderElection64] INFO  segmented.SegmentedRaftLogWorker (SegmentedRaftLogWorker.java:startLogSegment(380)) - 62ec8eb9-3ae9-4136-b70a-2caf3716fa7f@group-D1FC5BB53A72-SegmentedRaftLogWorker: Starting segment from index:0
2019-09-25 07:04:54,312 [24bf2945-a329-4da6-aaf2-23ecd8d462c6@group-51A1562A27AA:LeaderElection66] INFO  impl.RaftServerImpl (ServerState.java:setRaftConf(354)) - 24bf2945-a329-4da6-aaf2-23ecd8d462c6@group-51A1562A27AA: set configuration 0: [24bf2945-a329-4da6-aaf2-23ecd8d462c6:192.168.30.10:42867], old=null at 0
2019-09-25 07:04:54,309 [pool-37-thread-1] INFO  storage.RaftStorageDirectory (RaftStorageDirectory.java:tryLock(328)) - Lock on /workdir/hadoop-ozone/integration-test/target/test-dir/MiniOzoneClusterImpl-39af9574-7a8b-4ed7-b830-bf686a3d4bb8/datanode-1/data/ratis/a8b91be1-a60e-49fc-9cd8-f9dd8dfaa4fe/in_use.lock acquired by nodename 19495@pr-hdds-1569-s62bp-3040748787
2019-09-25 07:04:54,308 [Thread-436] INFO  impl.FollowerState (FollowerState.java:run(106)) - 24bf2945-a329-4da6-aaf2-23ecd8d462c6:group-806C51DA001C changes to CANDIDATE, lastRpcTime:5415, electionTimeout:5173ms
2019-09-25 07:04:54,305 [Thread-445] INFO  impl.FollowerState (FollowerState.java:run(106)) - 24bf2945-a329-4da6-aaf2-23ecd8d462c6:group-134481B225CC changes to CANDIDATE, lastRpcTime:5291, electionTimeout:5070ms
2019-09-25 07:04:54,305 [Thread-439] INFO  impl.FollowerState (FollowerState.java:run(106)) - 62ec8eb9-3ae9-4136-b70a-2caf3716fa7f:group-B55175940783 changes to CANDIDATE, lastRpcTime:5372, electionTimeout:5162ms
2019-09-25 07:04:54,305 [Thread-451] INFO  impl.FollowerState (FollowerState.java:run(106)) - 62ec8eb9-3ae9-4136-b70a-2caf3716fa7f:group-AF43CFC2C23D changes to CANDIDATE, lastRpcTime:5228, electionTimeout:5021ms
2019-09-25 07:04:54,305 [Thread-442] INFO  impl.FollowerState (FollowerState.java:run(106)) - 24bf2945-a329-4da6-aaf2-23ecd8d462c6:group-FF666133FC8D changes to CANDIDATE, lastRpcTime:5330, electionTimeout:5124ms
2019-09-25 07:04:54,305 [Thread-448] INFO  impl.FollowerState (FollowerState.java:run(106)) - 62ec8eb9-3ae9-4136-b70a-2caf3716fa7f:group-FFC5433C2152 changes to CANDIDATE, lastRpcTime:5251, electionTimeout:5058ms
2019-09-25 07:04:54,303 [Thread-460] INFO  impl.FollowerState (FollowerState.java:run(106)) - e568d23f-199e-48ce-91e4-5c166e2e97cd:group-3D7A5B67F997 changes to CANDIDATE, lastRpcTime:5147, electionTimeout:5015ms
2019-09-25 07:04:54,302 [Thread-457] INFO  impl.FollowerState (FollowerState.java:run(106)) - 62ec8eb9-3ae9-4136-b70a-2caf3716fa7f:group-ABB063594AB8 changes to CANDIDATE, lastRpcTime:5176, electionTimeout:5117ms
2019-09-25 07:04:54,301 [Thread-454] INFO  impl.FollowerState (FollowerState.java:run(106)) - 62ec8eb9-3ae9-4136-b70a-2caf3716fa7f:group-AE2CC0DD201F changes to CANDIDATE, lastRpcTime:5197, electionTimeout:5178ms
2019-09-25 07:04:54,037 [Thread-427] INFO  impl.RoleInfo (RoleInfo.java:updateAndGet(143)) - 24bf2945-a329-4da6-aaf2-23ecd8d462c6: start LeaderElection
2019-09-25 07:04:54,037 [e568d23f-199e-48ce-91e4-5c166e2e97cd@group-BD6803186CAB:LeaderElection67] INFO  segmented.SegmentedRaftLogWorker (SegmentedRaftLogWorker.java:startLogSegment(380)) - e568d23f-199e-48ce-91e4-5c166e2e97cd@group-BD6803186CAB-SegmentedRaftLogWorker: Starting segment from index:0
2019-09-25 07:04:54,037 [24bf2945-a329-4da6-aaf2-23ecd8d462c6@group-7EAE8DFEC943:LeaderElection69] INFO  impl.RoleInfo (RoleInfo.java:updateAndGet(143)) - 24bf2945-a329-4da6-aaf2-23ecd8d462c6: start LeaderState
2019-09-25 07:04:54,036 [e568d23f-199e-48ce-91e4-5c166e2e97cd@group-0DB911CCBDA8:LeaderElection63] INFO  server.RaftServerConfigKeys (ConfUtils.java:logGet(43)) - raft.server.watch.element-limit = 65536 (default)
2019-09-25 07:04:54,778 [e568d23f-199e-48ce-91e4-5c166e2e97cd@group-BD6803186CAB:LeaderElection67] INFO  impl.RaftServerImpl (ServerState.java:setRaftConf(354)) - e568d23f-199e-48ce-91e4-5c166e2e97cd@group-BD6803186CAB: set configuration 0: [e568d23f-199e-48ce-91e4-5c166e2e97cd:192.168.30.10:42827], old=null at 0
2019-09-25 07:04:54,778 [Thread-496] INFO  impl.FollowerState (FollowerState.java:run(106)) - 24bf2945-a329-4da6-aaf2-23ecd8d462c6:group-26C64E403BCE changes to CANDIDATE, lastRpcTime:5271, electionTimeout:5079ms
2019-09-25 07:04:54,778 [24bf2945-a329-4da6-aaf2-23ecd8d462c6@group-4B63F1BD2522:LeaderElection76] INFO  impl.LeaderElection (LeaderElection.java:askForVotes(182)) - 24bf2945-a329-4da6-aaf2-23ecd8d462c6@group-4B63F1BD2522:LeaderElection76: begin an election at term 1 for -1: [24bf2945-a329-4da6-aaf2-23ecd8d462c6:192.168.30.10:42867], old=null
2019-09-25 07:04:54,778 [e568d23f-199e-48ce-91e4-5c166e2e97cd@group-6D5E2718846D:LeaderElection75] INFO  impl.LeaderElection (LeaderElection.java:askForVotes(182)) - e568d23f-199e-48ce-91e4-5c166e2e97cd@group-6D5E2718846D:LeaderElection75: begin an election at term 1 for -1: [e568d23f-199e-48ce-91e4-5c166e2e97cd:192.168.30.10:42827], old=null
2019-09-25 07:04:54,778 [pool-37-thread-1] INFO  storage.RaftStorage (RaftStorage.java:format(72)) - Storage directory /workdir/hadoop-ozone/integration-test/target/test-dir/MiniOzoneClusterImpl-39af9574-7a8b-4ed7-b830-bf686a3d4bb8/datanode-1/data/ratis/a8b91be1-a60e-49fc-9cd8-f9dd8dfaa4fe has been successfully formatted.
2019-09-25 07:04:54,777 [Thread-505] INFO  impl.FollowerState (FollowerState.java:run(106)) - 62ec8eb9-3ae9-4136-b70a-2caf3716fa7f:group-3A07CAB9B615 changes to CANDIDATE, lastRpcTime:5200, electionTimeout:5043ms
2019-09-25 07:04:54,777 [Thread-502] INFO  impl.FollowerState (FollowerState.java:run(106)) - 62ec8eb9-3ae9-4136-b70a-2caf3716fa7f:group-D904831A97FC changes to CANDIDATE, lastRpcTime:5221, electionTimeout:5094ms
2019-09-25 07:04:54,776 [Thread-499] INFO  impl.FollowerState (FollowerState.java:run(106)) - 24bf2945-a329-4da6-aaf2-23ecd8d462c6:group-FB23A28886E1 changes to CANDIDATE, lastRpcTime:5243, electionTimeout:5130ms
2019-09-25 07:04:54,772 [Thread-514] INFO  impl.FollowerState (FollowerState.java:run(106)) - e568d23f-199e-48ce-91e4-5c166e2e97cd:group-7B72D47A5EF5 changes to CANDIDATE, lastRpcTime:5119, electionTimeout:5043ms
2019-09-25 07:04:54,771 [Thread-511] INFO  impl.FollowerState (FollowerState.java:run(106)) - 24bf2945-a329-4da6-aaf2-23ecd8d462c6:group-EA13F692BD94 changes to CANDIDATE, lastRpcTime:5147, electionTimeout:5136ms
2019-09-25 07:04:54,582 [Thread-454] INFO  impl.RoleInfo (RoleInfo.java:shutdownFollowerState(121)) - 62ec8eb9-3ae9-4136-b70a-2caf3716fa7f: shutdown FollowerState
2019-09-25 07:04:54,582 [Thread-457] INFO  impl.RoleInfo (RoleInfo.java:shutdownFollowerState(121)) - 62ec8eb9-3ae9-4136-b70a-2caf3716fa7f: shutdown FollowerState
2019-09-25 07:04:54,582 [Thread-460] INFO  impl.RoleInfo (RoleInfo.java:shutdownFollowerState(121)) - e568d23f-199e-48ce-91e4-5c166e2e97cd: shutdown FollowerState
2019-09-25 07:04:54,582 [Thread-448] INFO  impl.RoleInfo (RoleInfo.java:shutdownFollowerState(121)) - 62ec8eb9-3ae9-4136-b70a-2caf3716fa7f: shutdown FollowerState
2019-09-25 07:04:54,582 [e568d23f-199e-48ce-91e4-5c166e2e97cd@group-4D304F3CBDC4:LeaderElection68] INFO  impl.RoleInfo (RoleInfo.java:updateAndGet(143)) - e568d23f-199e-48ce-91e4-5c166e2e97cd: start LeaderState
2019-09-25 07:04:54,582 [Thread-442] INFO  impl.RoleInfo (RoleInfo.java:shutdownFollowerState(121)) - 24bf2945-a329-4da6-aaf2-23ecd8d462c6: shutdown FollowerState
2019-09-25 07:04:54,582 [Thread-451] INFO  impl.RoleInfo (RoleInfo.java:shutdownFollowerState(121)) - 62ec8eb9-3ae9-4136-b70a-2caf3716fa7f: shutdown FollowerState
2019-09-25 07:04:54,788 [Thread-451] INFO  impl.RaftServerImpl (RaftServerImpl.java:setRole(174)) - 62ec8eb9-3ae9-4136-b70a-2caf3716fa7f@group-AF43CFC2C23D: changes role from  FOLLOWER to CANDIDATE at term 0 for changeToCandidate
2019-09-25 07:04:54,581 [Thread-439] INFO  impl.RoleInfo (RoleInfo.java:shutdownFollowerState(121)) - 62ec8eb9-3ae9-4136-b70a-2caf3716fa7f: shutdown FollowerState
2019-09-25 07:04:54,788 [Thread-439] INFO  impl.RaftServerImpl (RaftServerImpl.java:setRole(174)) - 62ec8eb9-3ae9-4136-b70a-2caf3716fa7f@group-B55175940783: changes role from  FOLLOWER to CANDIDATE at term 0 for changeToCandidate
2019-09-25 07:04:54,581 [Thread-445] INFO  impl.RoleInfo (RoleInfo.java:shutdownFollowerState(121)) - 24bf2945-a329-4da6-aaf2-23ecd8d462c6: shutdown FollowerState
2019-09-25 07:04:54,314 [Thread-436] INFO  impl.RoleInfo (RoleInfo.java:shutdownFollowerState(121)) - 24bf2945-a329-4da6-aaf2-23ecd8d462c6: shutdown FollowerState
2019-09-25 07:04:54,788 [Thread-436] INFO  impl.RaftServerImpl (RaftServerImpl.java:setRole(174)) - 24bf2945-a329-4da6-aaf2-23ecd8d462c6@group-806C51DA001C: changes role from  FOLLOWER to CANDIDATE at term 0 for changeToCandidate
2019-09-25 07:04:54,314 [62ec8eb9-3ae9-4136-b70a-2caf3716fa7f@group-D1FC5BB53A72:LeaderElection64] INFO  impl.RaftServerImpl (ServerState.java:setRaftConf(354)) - 62ec8eb9-3ae9-4136-b70a-2caf3716fa7f@group-D1FC5BB53A72: set configuration 0: [62ec8eb9-3ae9-4136-b70a-2caf3716fa7f:192.168.30.10:44715], old=null at 0
2019-09-25 07:04:54,581 [62ec8eb9-3ae9-4136-b70a-2caf3716fa7f@group-E547958F4AD8:LeaderElection72] INFO  impl.LeaderElection (LeaderElection.java:askForVotes(182)) - 62ec8eb9-3ae9-4136-b70a-2caf3716fa7f@group-E547958F4AD8:LeaderElection72: begin an election at term 1 for -1: [62ec8eb9-3ae9-4136-b70a-2caf3716fa7f:192.168.30.10:44715], old=null
2019-09-25 07:04:54,581 [e568d23f-199e-48ce-91e4-5c166e2e97cd@group-5A9570ABCA5E:LeaderElection71] INFO  impl.LeaderElection (LeaderElection.java:askForVotes(182)) - e568d23f-199e-48ce-91e4-5c166e2e97cd@group-5A9570ABCA5E:LeaderElection71: begin an election at term 1 for -1: [e568d23f-199e-48ce-91e4-5c166e2e97cd:192.168.30.10:42827], old=null
2019-09-25 07:04:54,789 [e568d23f-199e-48ce-91e4-5c166e2e97cd@group-5A9570ABCA5E:LeaderElection71] INFO  impl.RoleInfo (RoleInfo.java:shutdownLeaderElection(134)) - e568d23f-199e-48ce-91e4-5c166e2e97cd: shutdown LeaderElection
2019-09-25 07:04:54,581 [62ec8eb9-3ae9-4136-b70a-2caf3716fa7f@group-853F494A7699:LeaderElection73] INFO  impl.LeaderElection (LeaderElection.java:askForVotes(182)) - 62ec8eb9-3ae9-4136-b70a-2caf3716fa7f@group-853F494A7699:LeaderElection73: begin an election at term 1 for -1: [62ec8eb9-3ae9-4136-b70a-2caf3716fa7f:192.168.30.10:44715], old=null
2019-09-25 07:04:54,580 [Thread-463] INFO  impl.FollowerState (FollowerState.java:run(106)) - 62ec8eb9-3ae9-4136-b70a-2caf3716fa7f:group-A59A59095A78 changes to CANDIDATE, lastRpcTime:5383, electionTimeout:5147ms
2019-09-25 07:04:54,580 [Thread-469] INFO  impl.FollowerState (FollowerState.java:run(106)) - e568d23f-199e-48ce-91e4-5c166e2e97cd:group-DDE3C963B612 changes to CANDIDATE, lastRpcTime:5336, electionTimeout:5123ms
2019-09-25 07:04:54,580 [Thread-478] INFO  impl.FollowerState (FollowerState.java:run(106)) - e568d23f-199e-48ce-91e4-5c166e2e97cd:group-F05F9C076728 changes to CANDIDATE, lastRpcTime:5255, electionTimeout:5084ms
2019-09-25 07:04:54,579 [Thread-466] INFO  impl.FollowerState (FollowerState.java:run(106)) - 62ec8eb9-3ae9-4136-b70a-2caf3716fa7f:group-02FBD30808D9 changes to CANDIDATE, lastRpcTime:5359, electionTimeout:5196ms
2019-09-25 07:04:54,790 [Thread-466] INFO  impl.RoleInfo (RoleInfo.java:shutdownFollowerState(121)) - 62ec8eb9-3ae9-4136-b70a-2caf3716fa7f: shutdown FollowerState
2019-09-25 07:04:54,579 [Thread-472] INFO  impl.FollowerState (FollowerState.java:run(106)) - 62ec8eb9-3ae9-4136-b70a-2caf3716fa7f:group-E80D967D3F68 changes to CANDIDATE, lastRpcTime:5310, electionTimeout:5164ms
2019-09-25 07:04:54,579 [Thread-475] INFO  impl.FollowerState (FollowerState.java:run(106)) - e568d23f-199e-48ce-91e4-5c166e2e97cd:group-345830245B51 changes to CANDIDATE, lastRpcTime:5286, electionTimeout:5153ms
2019-09-25 07:04:54,579 [Thread-487] INFO  impl.FollowerState (FollowerState.java:run(106)) - 62ec8eb9-3ae9-4136-b70a-2caf3716fa7f:group-F92EA15D7072 changes to CANDIDATE, lastRpcTime:5167, electionTimeout:5034ms
2019-09-25 07:04:54,578 [Thread-484] INFO  impl.FollowerState (FollowerState.java:run(106)) - 24bf2945-a329-4da6-aaf2-23ecd8d462c6:group-A8601CC5B899 changes to CANDIDATE, lastRpcTime:5203, electionTimeout:5143ms
2019-09-25 07:04:54,578 [Thread-493] INFO  impl.FollowerState (FollowerState.java:run(106)) - 24bf2945-a329-4da6-aaf2-23ecd8d462c6:group-7C5CBE2B0FCF changes to CANDIDATE, lastRpcTime:5096, electionTimeout:5043ms
2019-09-25 07:04:54,577 [Thread-481] INFO  impl.FollowerState (FollowerState.java:run(106)) - e568d23f-199e-48ce-91e4-5c166e2e97cd:group-D4DB0DEAC0CD changes to CANDIDATE, lastRpcTime:5228, electionTimeout:5180ms
2019-09-25 07:04:54,577 [Thread-490] INFO  impl.FollowerState (FollowerState.java:run(106)) - 62ec8eb9-3ae9-4136-b70a-2caf3716fa7f:group-AFCD660D5460 changes to CANDIDATE, lastRpcTime:5122, electionTimeout:5085ms
2019-09-25 07:04:54,313 [24bf2945-a329-4da6-aaf2-23ecd8d462c6@group-59E882B450F2:LeaderElection70] INFO  impl.RoleInfo (RoleInfo.java:shutdownLeaderElection(134)) - 24bf2945-a329-4da6-aaf2-23ecd8d462c6: shutdown LeaderElection
2019-09-25 07:04:54,791 [Thread-490] INFO  impl.RoleInfo (RoleInfo.java:shutdownFollowerState(121)) - 62ec8eb9-3ae9-4136-b70a-2caf3716fa7f: shutdown FollowerState
2019-09-25 07:04:54,791 [24bf2945-a329-4da6-aaf2-23ecd8d462c6@group-20DC2BFBC392:LeaderElection74] INFO  impl.LeaderElection (LeaderElection.java:askForVotes(182)) - 24bf2945-a329-4da6-aaf2-23ecd8d462c6@group-20DC2BFBC392:LeaderElection74: begin an election at term 1 for -1: [24bf2945-a329-4da6-aaf2-23ecd8d462c6:192.168.30.10:42867], old=null
2019-09-25 07:04:54,791 [Thread-481] INFO  impl.RoleInfo (RoleInfo.java:shutdownFollowerState(121)) - e568d23f-199e-48ce-91e4-5c166e2e97cd: shutdown FollowerState
2019-09-25 07:04:54,791 [Thread-493] INFO  impl.RoleInfo (RoleInfo.java:shutdownFollowerState(121)) - 24bf2945-a329-4da6-aaf2-23ecd8d462c6: shutdown FollowerState
2019-09-25 07:04:54,791 [Thread-484] INFO  impl.RoleInfo (RoleInfo.java:shutdownFollowerState(121)) - 24bf2945-a329-4da6-aaf2-23ecd8d462c6: shutdown FollowerState
2019-09-25 07:04:54,790 [Thread-487] INFO  impl.RoleInfo (RoleInfo.java:shutdownFollowerState(121)) - 62ec8eb9-3ae9-4136-b70a-2caf3716fa7f: shutdown FollowerState
2019-09-25 07:04:54,792 [Thread-487] INFO  impl.RaftServerImpl (RaftServerImpl.java:setRole(174)) - 62ec8eb9-3ae9-4136-b70a-2caf3716fa7f@group-F92EA15D7072: changes role from  FOLLOWER to CANDIDATE at term 0 for changeToCandidate
2019-09-25 07:04:54,790 [Thread-475] INFO  impl.RoleInfo (RoleInfo.java:shutdownFollowerState(121)) - e568d23f-199e-48ce-91e4-5c166e2e97cd: shutdown FollowerState
2019-09-25 07:04:54,792 [Thread-475] INFO  impl.RaftServerImpl (RaftServerImpl.java:setRole(174)) - e568d23f-199e-48ce-91e4-5c166e2e97cd@group-345830245B51: changes role from  FOLLOWER to CANDIDATE at term 0 for changeToCandidate
2019-09-25 07:04:54,790 [Thread-472] INFO  impl.RoleInfo (RoleInfo.java:shutdownFollowerState(121)) - 62ec8eb9-3ae9-4136-b70a-2caf3716fa7f: shutdown FollowerState
2019-09-25 07:04:54,790 [Thread-466] INFO  impl.RaftServerImpl (RaftServerImpl.java:setRole(174)) - 62ec8eb9-3ae9-4136-b70a-2caf3716fa7f@group-02FBD30808D9: changes role from  FOLLOWER to CANDIDATE at term 0 for changeToCandidate
2019-09-25 07:04:54,790 [Thread-478] INFO  impl.RoleInfo (RoleInfo.java:shutdownFollowerState(121)) - e568d23f-199e-48ce-91e4-5c166e2e97cd: shutdown FollowerState
2019-09-25 07:04:54,790 [Thread-469] INFO  impl.RoleInfo (RoleInfo.java:shutdownFollowerState(121)) - e568d23f-199e-48ce-91e4-5c166e2e97cd: shutdown FollowerState
2019-09-25 07:04:54,790 [Thread-463] INFO  impl.RoleInfo (RoleInfo.java:shutdownFollowerState(121)) - 62ec8eb9-3ae9-4136-b70a-2caf3716fa7f: shutdown FollowerState
2019-09-25 07:04:54,789 [62ec8eb9-3ae9-4136-b70a-2caf3716fa7f@group-853F494A7699:LeaderElection73] INFO  impl.RoleInfo (RoleInfo.java:shutdownLeaderElection(134)) - 62ec8eb9-3ae9-4136-b70a-2caf3716fa7f: shutdown LeaderElection
2019-09-25 07:04:54,793 [62ec8eb9-3ae9-4136-b70a-2caf3716fa7f@group-853F494A7699:LeaderElection73] INFO  impl.RaftServerImpl (RaftServerImpl.java:setRole(174)) - 62ec8eb9-3ae9-4136-b70a-2caf3716fa7f@group-853F494A7699: changes role from CANDIDATE to LEADER at term 1 for changeToLeader
2019-09-25 07:04:54,789 [e568d23f-199e-48ce-91e4-5c166e2e97cd@group-5A9570ABCA5E:LeaderElection71] INFO  impl.RaftServerImpl (RaftServerImpl.java:setRole(174)) - e568d23f-199e-48ce-91e4-5c166e2e97cd@group-5A9570ABCA5E: changes role from CANDIDATE to LEADER at term 1 for changeToLeader
2019-09-25 07:04:54,793 [e568d23f-199e-48ce-91e4-5c166e2e97cd@group-5A9570ABCA5E:LeaderElection71] INFO  impl.RaftServerImpl (ServerState.java:setLeader(253)) - e568d23f-199e-48ce-91e4-5c166e2e97cd@group-5A9570ABCA5E: change Leader from null to e568d23f-199e-48ce-91e4-5c166e2e97cd at term 1 for becomeLeader, leader elected after 5928ms
2019-09-25 07:04:54,789 [62ec8eb9-3ae9-4136-b70a-2caf3716fa7f@group-E547958F4AD8:LeaderElection72] INFO  impl.RoleInfo (RoleInfo.java:shutdownLeaderElection(134)) - 62ec8eb9-3ae9-4136-b70a-2caf3716fa7f: shutdown LeaderElection
2019-09-25 07:04:54,788 [Thread-436] INFO  impl.RoleInfo (RoleInfo.java:updateAndGet(143)) - 24bf2945-a329-4da6-aaf2-23ecd8d462c6: start LeaderElection
2019-09-25 07:04:54,788 [Thread-445] INFO  impl.RaftServerImpl (RaftServerImpl.java:setRole(174)) - 24bf2945-a329-4da6-aaf2-23ecd8d462c6@group-134481B225CC: changes role from  FOLLOWER to CANDIDATE at term 0 for changeToCandidate
2019-09-25 07:04:54,788 [Thread-439] INFO  impl.RoleInfo (RoleInfo.java:updateAndGet(143)) - 62ec8eb9-3ae9-4136-b70a-2caf3716fa7f: start LeaderElection
2019-09-25 07:04:54,788 [Thread-451] INFO  impl.RoleInfo (RoleInfo.java:updateAndGet(143)) - 62ec8eb9-3ae9-4136-b70a-2caf3716fa7f: start LeaderElection
2019-09-25 07:04:54,788 [Thread-442] INFO  impl.RaftServerImpl (RaftServerImpl.java:setRole(174)) - 24bf2945-a329-4da6-aaf2-23ecd8d462c6@group-FF666133FC8D: changes role from  FOLLOWER to CANDIDATE at term 0 for changeToCandidate
2019-09-25 07:04:54,787 [e568d23f-199e-48ce-91e4-5c166e2e97cd@group-0DB911CCBDA8:LeaderElection63] INFO  impl.RoleInfo (RoleInfo.java:updateAndGet(143)) - e568d23f-199e-48ce-91e4-5c166e2e97cd: start LeaderState
2019-09-25 07:04:54,785 [e568d23f-199e-48ce-91e4-5c166e2e97cd@group-4D304F3CBDC4:LeaderElection68] INFO  segmented.SegmentedRaftLogWorker (SegmentedRaftLogWorker.java:startLogSegment(380)) - e568d23f-199e-48ce-91e4-5c166e2e97cd@group-4D304F3CBDC4-SegmentedRaftLogWorker: Starting segment from index:0
2019-09-25 07:04:54,795 [e568d23f-199e-48ce-91e4-5c166e2e97cd@group-0DB911CCBDA8:LeaderElection63] INFO  segmented.SegmentedRaftLogWorker (SegmentedRaftLogWorker.java:startLogSegment(380)) - e568d23f-199e-48ce-91e4-5c166e2e97cd@group-0DB911CCBDA8-SegmentedRaftLogWorker: Starting segment from index:0
2019-09-25 07:04:54,781 [Thread-448] INFO  impl.RaftServerImpl (RaftServerImpl.java:setRole(174)) - 62ec8eb9-3ae9-4136-b70a-2caf3716fa7f@group-FFC5433C2152: changes role from  FOLLOWER to CANDIDATE at term 0 for changeToCandidate
2019-09-25 07:04:54,781 [Thread-460] INFO  impl.RaftServerImpl (RaftServerImpl.java:setRole(174)) - e568d23f-199e-48ce-91e4-5c166e2e97cd@group-3D7A5B67F997: changes role from  FOLLOWER to CANDIDATE at term 0 for changeToCandidate
2019-09-25 07:04:54,781 [Thread-457] INFO  impl.RaftServerImpl (RaftServerImpl.java:setRole(174)) - 62ec8eb9-3ae9-4136-b70a-2caf3716fa7f@group-ABB063594AB8: changes role from  FOLLOWER to CANDIDATE at term 0 for changeToCandidate
2019-09-25 07:04:54,780 [Thread-454] INFO  impl.RaftServerImpl (RaftServerImpl.java:setRole(174)) - 62ec8eb9-3ae9-4136-b70a-2caf3716fa7f@group-AE2CC0DD201F: changes role from  FOLLOWER to CANDIDATE at term 0 for changeToCandidate
2019-09-25 07:04:54,780 [Thread-511] INFO  impl.RoleInfo (RoleInfo.java:shutdownFollowerState(121)) - 24bf2945-a329-4da6-aaf2-23ecd8d462c6: shutdown FollowerState
2019-09-25 07:04:54,780 [Thread-514] INFO  impl.RoleInfo (RoleInfo.java:shutdownFollowerState(121)) - e568d23f-199e-48ce-91e4-5c166e2e97cd: shutdown FollowerState
2019-09-25 07:04:54,780 [Thread-499] INFO  impl.RoleInfo (RoleInfo.java:shutdownFollowerState(121)) - 24bf2945-a329-4da6-aaf2-23ecd8d462c6: shutdown FollowerState
2019-09-25 07:04:54,780 [Thread-502] INFO  impl.RoleInfo (RoleInfo.java:shutdownFollowerState(121)) - 62ec8eb9-3ae9-4136-b70a-2caf3716fa7f: shutdown FollowerState
2019-09-25 07:04:54,780 [pool-37-thread-1] INFO  ratis.ContainerStateMachine (ContainerStateMachine.java:loadSnapshot(230)) - group-F9DD8DFAA4FE: The snapshot info is null. Setting the last applied indexto:(t:0, i:~)
2019-09-25 07:04:54,780 [Thread-505] INFO  impl.RoleInfo (RoleInfo.java:shutdownFollowerState(121)) - 62ec8eb9-3ae9-4136-b70a-2caf3716fa7f: shutdown FollowerState
2019-09-25 07:04:55,339 [Thread-505] INFO  impl.RaftServerImpl (RaftServerImpl.java:setRole(174)) - 62ec8eb9-3ae9-4136-b70a-2caf3716fa7f@group-3A07CAB9B615: changes role from  FOLLOWER to CANDIDATE at term 0 for changeToCandidate
2019-09-25 07:04:54,779 [e568d23f-199e-48ce-91e4-5c166e2e97cd@group-6D5E2718846D:LeaderElection75] INFO  impl.RoleInfo (RoleInfo.java:shutdownLeaderElection(134)) - e568d23f-199e-48ce-91e4-5c166e2e97cd: shutdown LeaderElection
2019-09-25 07:04:55,340 [e568d23f-199e-48ce-91e4-5c166e2e97cd@group-6D5E2718846D:LeaderElection75] INFO  impl.RaftServerImpl (RaftServerImpl.java:setRole(174)) - e568d23f-199e-48ce-91e4-5c166e2e97cd@group-6D5E2718846D: changes role from CANDIDATE to LEADER at term 1 for changeToLeader
2019-09-25 07:04:54,779 [24bf2945-a329-4da6-aaf2-23ecd8d462c6@group-4B63F1BD2522:LeaderElection76] INFO  impl.RoleInfo (RoleInfo.java:shutdownLeaderElection(134)) - 24bf2945-a329-4da6-aaf2-23ecd8d462c6: shutdown LeaderElection
2019-09-25 07:04:55,340 [24bf2945-a329-4da6-aaf2-23ecd8d462c6@group-4B63F1BD2522:LeaderElection76] INFO  impl.RaftServerImpl (RaftServerImpl.java:setRole(174)) - 24bf2945-a329-4da6-aaf2-23ecd8d462c6@group-4B63F1BD2522: changes role from CANDIDATE to LEADER at term 1 for changeToLeader
2019-09-25 07:04:54,779 [Thread-496] INFO  impl.RoleInfo (RoleInfo.java:shutdownFollowerState(121)) - 24bf2945-a329-4da6-aaf2-23ecd8d462c6: shutdown FollowerState
2019-09-25 07:04:54,779 [24bf2945-a329-4da6-aaf2-23ecd8d462c6@group-7EAE8DFEC943:LeaderElection69] INFO  segmented.SegmentedRaftLogWorker (SegmentedRaftLogWorker.java:startLogSegment(380)) - 24bf2945-a329-4da6-aaf2-23ecd8d462c6@group-7EAE8DFEC943-SegmentedRaftLogWorker: Starting segment from index:0
2019-09-25 07:04:55,341 [Thread-496] INFO  impl.RaftServerImpl (RaftServerImpl.java:setRole(174)) - 24bf2945-a329-4da6-aaf2-23ecd8d462c6@group-26C64E403BCE: changes role from  FOLLOWER to CANDIDATE at term 0 for changeToCandidate
2019-09-25 07:04:55,340 [24bf2945-a329-4da6-aaf2-23ecd8d462c6@group-4B63F1BD2522:LeaderElection76] INFO  impl.RaftServerImpl (ServerState.java:setLeader(253)) - 24bf2945-a329-4da6-aaf2-23ecd8d462c6@group-4B63F1BD2522: change Leader from null to 24bf2945-a329-4da6-aaf2-23ecd8d462c6 at term 1 for becomeLeader, leader elected after 6498ms
2019-09-25 07:04:55,341 [Thread-496] INFO  impl.RoleInfo (RoleInfo.java:updateAndGet(143)) - 24bf2945-a329-4da6-aaf2-23ecd8d462c6: start LeaderElection
2019-09-25 07:04:55,340 [e568d23f-199e-48ce-91e4-5c166e2e97cd@group-6D5E2718846D:LeaderElection75] INFO  impl.RaftServerImpl (ServerState.java:setLeader(253)) - e568d23f-199e-48ce-91e4-5c166e2e97cd@group-6D5E2718846D: change Leader from null to e568d23f-199e-48ce-91e4-5c166e2e97cd at term 1 for becomeLeader, leader elected after 6630ms
2019-09-25 07:04:55,340 [Thread-505] INFO  impl.RoleInfo (RoleInfo.java:updateAndGet(143)) - 62ec8eb9-3ae9-4136-b70a-2caf3716fa7f: start LeaderElection
2019-09-25 07:04:55,339 [pool-37-thread-1] INFO  server.RaftServerConfigKeys (ConfUtils.java:logGet(43)) - raft.server.notification.no-leader.timeout = 120s (custom)
2019-09-25 07:04:55,339 [24bf2945-a329-4da6-aaf2-23ecd8d462c6@group-D2C4951991DC-SegmentedRaftLogWorker] ERROR segmented.SegmentedRaftLogWorker (SegmentedRaftLogWorker.java:run(323)) - 24bf2945-a329-4da6-aaf2-23ecd8d462c6@group-D2C4951991DC-SegmentedRaftLogWorker hit exception
java.lang.OutOfMemoryError: Direct buffer memory
	at java.nio.Bits.reserveMemory(Bits.java:666)
	at java.nio.DirectByteBuffer.<init>(DirectByteBuffer.java:123)
	at java.nio.ByteBuffer.allocateDirect(ByteBuffer.java:311)
	at org.apache.ratis.server.raftlog.segmented.BufferedWriteChannel.<init>(BufferedWriteChannel.java:41)
	at org.apache.ratis.server.raftlog.segmented.SegmentedRaftLogOutputStream.<init>(SegmentedRaftLogOutputStream.java:72)
	at org.apache.ratis.server.raftlog.segmented.SegmentedRaftLogWorker$StartLogSegment.execute(SegmentedRaftLogWorker.java:566)
	at org.apache.ratis.server.raftlog.segmented.SegmentedRaftLogWorker.run(SegmentedRaftLogWorker.java:289)
	at java.lang.Thread.run(Thread.java:748)
2019-09-25 07:04:55,339 [Thread-502] INFO  impl.RaftServerImpl (RaftServerImpl.java:setRole(174)) - 62ec8eb9-3ae9-4136-b70a-2caf3716fa7f@group-D904831A97FC: changes role from  FOLLOWER to CANDIDATE at term 0 for changeToCandidate
2019-09-25 07:04:55,339 [Thread-499] INFO  impl.RaftServerImpl (RaftServerImpl.java:setRole(174)) - 24bf2945-a329-4da6-aaf2-23ecd8d462c6@group-FB23A28886E1: changes role from  FOLLOWER to CANDIDATE at term 0 for changeToCandidate
2019-09-25 07:04:55,612 [Thread-502] INFO  impl.RoleInfo (RoleInfo.java:updateAndGet(143)) - 62ec8eb9-3ae9-4136-b70a-2caf3716fa7f: start LeaderElection
2019-09-25 07:04:55,339 [Thread-514] INFO  impl.RaftServerImpl (RaftServerImpl.java:setRole(174)) - e568d23f-199e-48ce-91e4-5c166e2e97cd@group-7B72D47A5EF5: changes role from  FOLLOWER to CANDIDATE at term 0 for changeToCandidate
2019-09-25 07:04:55,339 [Thread-511] INFO  impl.RaftServerImpl (RaftServerImpl.java:setRole(174)) - 24bf2945-a329-4da6-aaf2-23ecd8d462c6@group-EA13F692BD94: changes role from  FOLLOWER to CANDIDATE at term 0 for changeToCandidate
2019-09-25 07:04:55,338 [Thread-454] INFO  impl.RoleInfo (RoleInfo.java:updateAndGet(143)) - 62ec8eb9-3ae9-4136-b70a-2caf3716fa7f: start LeaderElection
2019-09-25 07:04:55,335 [Thread-457] INFO  impl.RoleInfo (RoleInfo.java:updateAndGet(143)) - 62ec8eb9-3ae9-4136-b70a-2caf3716fa7f: start LeaderElection
2019-09-25 07:04:55,335 [Thread-534] INFO  impl.FollowerState (FollowerState.java:run(106)) - 24bf2945-a329-4da6-aaf2-23ecd8d462c6:group-339D99FADD64 changes to CANDIDATE, lastRpcTime:5389, electionTimeout:5142ms
2019-09-25 07:04:55,334 [Thread-547] INFO  impl.FollowerState (FollowerState.java:run(106)) - 24bf2945-a329-4da6-aaf2-23ecd8d462c6:group-0F02076B3222 changes to CANDIDATE, lastRpcTime:5229, electionTimeout:5017ms
2019-09-25 07:04:55,334 [Thread-537] INFO  impl.FollowerState (FollowerState.java:run(106)) - 62ec8eb9-3ae9-4136-b70a-2caf3716fa7f:group-63FD56BDEF80 changes to CANDIDATE, lastRpcTime:5325, electionTimeout:5129ms
2019-09-25 07:04:55,334 [Thread-541] INFO  impl.FollowerState (FollowerState.java:run(106)) - 62ec8eb9-3ae9-4136-b70a-2caf3716fa7f:group-465D573F1739 changes to CANDIDATE, lastRpcTime:5276, electionTimeout:5084ms
2019-09-25 07:04:55,332 [Thread-554] INFO  impl.FollowerState (FollowerState.java:run(106)) - 24bf2945-a329-4da6-aaf2-23ecd8d462c6:group-2DE67EB528FC changes to CANDIDATE, lastRpcTime:5128, electionTimeout:5020ms
2019-09-25 07:04:55,081 [Thread-460] INFO  impl.RoleInfo (RoleInfo.java:updateAndGet(143)) - e568d23f-199e-48ce-91e4-5c166e2e97cd: start LeaderElection
2019-09-25 07:04:55,081 [Thread-508] INFO  impl.FollowerState (FollowerState.java:run(106)) - e568d23f-199e-48ce-91e4-5c166e2e97cd:group-41A741059900 changes to CANDIDATE, lastRpcTime:5479, electionTimeout:5194ms
2019-09-25 07:04:55,081 [e568d23f-199e-48ce-91e4-5c166e2e97cd@group-4D304F3CBDC4:LeaderElection68] INFO  impl.RaftServerImpl (ServerState.java:setRaftConf(354)) - e568d23f-199e-48ce-91e4-5c166e2e97cd@group-4D304F3CBDC4: set configuration 0: [e568d23f-199e-48ce-91e4-5c166e2e97cd:192.168.30.10:42827], old=null at 0
2019-09-25 07:04:55,615 [24bf2945-a329-4da6-aaf2-23ecd8d462c6@group-D2C4951991DC-SegmentedRaftLogWorker] INFO  impl.RaftServerImpl (RaftServerImpl.java:lambda$shutdown$3(251)) - 24bf2945-a329-4da6-aaf2-23ecd8d462c6@group-D2C4951991DC: shutdown
2019-09-25 07:04:54,795 [Thread-448] INFO  impl.RoleInfo (RoleInfo.java:updateAndGet(143)) - 62ec8eb9-3ae9-4136-b70a-2caf3716fa7f: start LeaderElection
2019-09-25 07:04:55,081 [24bf2945-a329-4da6-aaf2-23ecd8d462c6@group-806C51DA001C:LeaderElection79] INFO  impl.LeaderElection (LeaderElection.java:askForVotes(182)) - 24bf2945-a329-4da6-aaf2-23ecd8d462c6@group-806C51DA001C:LeaderElection79: begin an election at term 1 for -1: [24bf2945-a329-4da6-aaf2-23ecd8d462c6:192.168.30.10:42867], old=null
2019-09-25 07:04:55,081 [62ec8eb9-3ae9-4136-b70a-2caf3716fa7f@group-B55175940783:LeaderElection78] INFO  impl.LeaderElection (LeaderElection.java:askForVotes(182)) - 62ec8eb9-3ae9-4136-b70a-2caf3716fa7f@group-B55175940783:LeaderElection78: begin an election at term 1 for -1: [62ec8eb9-3ae9-4136-b70a-2caf3716fa7f:192.168.30.10:44715], old=null
2019-09-25 07:04:55,081 [Thread-523] INFO  impl.FollowerState (FollowerState.java:run(106)) - 62ec8eb9-3ae9-4136-b70a-2caf3716fa7f:group-5534E370F072 changes to CANDIDATE, lastRpcTime:5290, electionTimeout:5033ms
2019-09-25 07:04:55,080 [Thread-520] INFO  impl.FollowerState (FollowerState.java:run(106)) - 24bf2945-a329-4da6-aaf2-23ecd8d462c6:group-0A6D6B37687B changes to CANDIDATE, lastRpcTime:5345, electionTimeout:5122ms
2019-09-25 07:04:55,080 [Thread-517] INFO  impl.FollowerState (FollowerState.java:run(106)) - e568d23f-199e-48ce-91e4-5c166e2e97cd:group-A76C434A76E6 changes to CANDIDATE, lastRpcTime:5393, electionTimeout:5171ms
2019-09-25 07:04:55,079 [Thread-527] INFO  impl.FollowerState (FollowerState.java:run(106)) - 24bf2945-a329-4da6-aaf2-23ecd8d462c6:group-A7908075CAFF changes to CANDIDATE, lastRpcTime:5229, electionTimeout:5109ms
2019-09-25 07:04:55,078 [Thread-531] INFO  impl.FollowerState (FollowerState.java:run(106)) - 24bf2945-a329-4da6-aaf2-23ecd8d462c6:group-4E9FB9BD23D5 changes to CANDIDATE, lastRpcTime:5183, electionTimeout:5109ms
2019-09-25 07:04:55,072 [e568d23f-199e-48ce-91e4-5c166e2e97cd@group-0DB911CCBDA8:LeaderElection63] INFO  impl.RaftServerImpl (ServerState.java:setRaftConf(354)) - e568d23f-199e-48ce-91e4-5c166e2e97cd@group-0DB911CCBDA8: set configuration 0: [e568d23f-199e-48ce-91e4-5c166e2e97cd:192.168.30.10:42827], old=null at 0
2019-09-25 07:04:54,795 [Thread-442] INFO  impl.RoleInfo (RoleInfo.java:updateAndGet(143)) - 24bf2945-a329-4da6-aaf2-23ecd8d462c6: start LeaderElection
2019-09-25 07:04:54,794 [Thread-445] INFO  impl.RoleInfo (RoleInfo.java:updateAndGet(143)) - 24bf2945-a329-4da6-aaf2-23ecd8d462c6: start LeaderElection
2019-09-25 07:04:54,794 [62ec8eb9-3ae9-4136-b70a-2caf3716fa7f@group-E547958F4AD8:LeaderElection72] INFO  impl.RaftServerImpl (RaftServerImpl.java:setRole(174)) - 62ec8eb9-3ae9-4136-b70a-2caf3716fa7f@group-E547958F4AD8: changes role from CANDIDATE to LEADER at term 1 for changeToLeader
2019-09-25 07:04:54,794 [e568d23f-199e-48ce-91e4-5c166e2e97cd@group-5A9570ABCA5E:LeaderElection71] INFO  server.RaftServerConfigKeys (ConfUtils.java:logGet(43)) - raft.server.staging.catchup.gap = 1000 (default)
2019-09-25 07:04:54,793 [62ec8eb9-3ae9-4136-b70a-2caf3716fa7f@group-853F494A7699:LeaderElection73] INFO  impl.RaftServerImpl (ServerState.java:setLeader(253)) - 62ec8eb9-3ae9-4136-b70a-2caf3716fa7f@group-853F494A7699: change Leader from null to 62ec8eb9-3ae9-4136-b70a-2caf3716fa7f at term 1 for becomeLeader, leader elected after 6241ms
2019-09-25 07:04:54,793 [Thread-463] INFO  impl.RaftServerImpl (RaftServerImpl.java:setRole(174)) - 62ec8eb9-3ae9-4136-b70a-2caf3716fa7f@group-A59A59095A78: changes role from  FOLLOWER to CANDIDATE at term 0 for changeToCandidate
2019-09-25 07:04:54,793 [Thread-469] INFO  impl.RaftServerImpl (RaftServerImpl.java:setRole(174)) - e568d23f-199e-48ce-91e4-5c166e2e97cd@group-DDE3C963B612: changes role from  FOLLOWER to CANDIDATE at term 0 for changeToCandidate
2019-09-25 07:04:54,793 [Thread-478] INFO  impl.RaftServerImpl (RaftServerImpl.java:setRole(174)) - e568d23f-199e-48ce-91e4-5c166e2e97cd@group-F05F9C076728: changes role from  FOLLOWER to CANDIDATE at term 0 for changeToCandidate
2019-09-25 07:04:54,793 [Thread-466] INFO  impl.RoleInfo (RoleInfo.java:updateAndGet(143)) - 62ec8eb9-3ae9-4136-b70a-2caf3716fa7f: start LeaderElection
2019-09-25 07:04:54,793 [Thread-472] INFO  impl.RaftServerImpl (RaftServerImpl.java:setRole(174)) - 62ec8eb9-3ae9-4136-b70a-2caf3716fa7f@group-E80D967D3F68: changes role from  FOLLOWER to CANDIDATE at term 0 for changeToCandidate
2019-09-25 07:04:54,792 [Thread-475] INFO  impl.RoleInfo (RoleInfo.java:updateAndGet(143)) - e568d23f-199e-48ce-91e4-5c166e2e97cd: start LeaderElection
2019-09-25 07:04:54,792 [Thread-487] INFO  impl.RoleInfo (RoleInfo.java:updateAndGet(143)) - 62ec8eb9-3ae9-4136-b70a-2caf3716fa7f: start LeaderElection
2019-09-25 07:04:54,792 [Thread-484] INFO  impl.RaftServerImpl (RaftServerImpl.java:setRole(174)) - 24bf2945-a329-4da6-aaf2-23ecd8d462c6@group-A8601CC5B899: changes role from  FOLLOWER to CANDIDATE at term 0 for changeToCandidate
2019-09-25 07:04:54,792 [Thread-493] INFO  impl.RaftServerImpl (RaftServerImpl.java:setRole(174)) - 24bf2945-a329-4da6-aaf2-23ecd8d462c6@group-7C5CBE2B0FCF: changes role from  FOLLOWER to CANDIDATE at term 0 for changeToCandidate
2019-09-25 07:04:54,792 [Thread-481] INFO  impl.RaftServerImpl (RaftServerImpl.java:setRole(174)) - e568d23f-199e-48ce-91e4-5c166e2e97cd@group-D4DB0DEAC0CD: changes role from  FOLLOWER to CANDIDATE at term 0 for changeToCandidate
2019-09-25 07:04:54,792 [24bf2945-a329-4da6-aaf2-23ecd8d462c6@group-20DC2BFBC392:LeaderElection74] INFO  impl.RoleInfo (RoleInfo.java:shutdownLeaderElection(134)) - 24bf2945-a329-4da6-aaf2-23ecd8d462c6: shutdown LeaderElection
2019-09-25 07:04:54,791 [Thread-490] INFO  impl.RaftServerImpl (RaftServerImpl.java:setRole(174)) - 62ec8eb9-3ae9-4136-b70a-2caf3716fa7f@group-AFCD660D5460: changes role from  FOLLOWER to CANDIDATE at term 0 for changeToCandidate
2019-09-25 07:04:54,791 [24bf2945-a329-4da6-aaf2-23ecd8d462c6@group-59E882B450F2:LeaderElection70] INFO  impl.RaftServerImpl (RaftServerImpl.java:setRole(174)) - 24bf2945-a329-4da6-aaf2-23ecd8d462c6@group-59E882B450F2: changes role from CANDIDATE to LEADER at term 1 for changeToLeader
2019-09-25 07:04:55,622 [Thread-490] INFO  impl.RoleInfo (RoleInfo.java:updateAndGet(143)) - 62ec8eb9-3ae9-4136-b70a-2caf3716fa7f: start LeaderElection
2019-09-25 07:04:55,622 [24bf2945-a329-4da6-aaf2-23ecd8d462c6@group-20DC2BFBC392:LeaderElection74] INFO  impl.RaftServerImpl (RaftServerImpl.java:setRole(174)) - 24bf2945-a329-4da6-aaf2-23ecd8d462c6@group-20DC2BFBC392: changes role from CANDIDATE to LEADER at term 1 for changeToLeader
2019-09-25 07:04:55,621 [Thread-481] INFO  impl.RoleInfo (RoleInfo.java:updateAndGet(143)) - e568d23f-199e-48ce-91e4-5c166e2e97cd: start LeaderElection
2019-09-25 07:04:55,621 [Thread-493] INFO  impl.RoleInfo (RoleInfo.java:updateAndGet(143)) - 24bf2945-a329-4da6-aaf2-23ecd8d462c6: start LeaderElection
2019-09-25 07:04:55,621 [Thread-484] INFO  impl.RoleInfo (RoleInfo.java:updateAndGet(143)) - 24bf2945-a329-4da6-aaf2-23ecd8d462c6: start LeaderElection
2019-09-25 07:04:55,620 [Thread-472] INFO  impl.RoleInfo (RoleInfo.java:updateAndGet(143)) - 62ec8eb9-3ae9-4136-b70a-2caf3716fa7f: start LeaderElection
2019-09-25 07:04:55,620 [Thread-478] INFO  impl.RoleInfo (RoleInfo.java:updateAndGet(143)) - e568d23f-199e-48ce-91e4-5c166e2e97cd: start LeaderElection
2019-09-25 07:04:55,620 [Thread-469] INFO  impl.RoleInfo (RoleInfo.java:updateAndGet(143)) - e568d23f-199e-48ce-91e4-5c166e2e97cd: start LeaderElection
2019-09-25 07:04:55,619 [Thread-463] INFO  impl.RoleInfo (RoleInfo.java:updateAndGet(143)) - 62ec8eb9-3ae9-4136-b70a-2caf3716fa7f: start LeaderElection
2019-09-25 07:04:55,619 [62ec8eb9-3ae9-4136-b70a-2caf3716fa7f@group-853F494A7699:LeaderElection73] INFO  server.RaftServerConfigKeys (ConfUtils.java:logGet(43)) - raft.server.staging.catchup.gap = 1000 (default)
2019-09-25 07:04:55,619 [62ec8eb9-3ae9-4136-b70a-2caf3716fa7f@group-ABB063594AB8:LeaderElection87] INFO  impl.LeaderElection (LeaderElection.java:askForVotes(182)) - 62ec8eb9-3ae9-4136-b70a-2caf3716fa7f@group-ABB063594AB8:LeaderElection87: begin an election at term 1 for -1: [62ec8eb9-3ae9-4136-b70a-2caf3716fa7f:192.168.30.10:44715], old=null
2019-09-25 07:04:55,619 [62ec8eb9-3ae9-4136-b70a-2caf3716fa7f@group-AE2CC0DD201F:LeaderElection88] INFO  impl.LeaderElection (LeaderElection.java:askForVotes(182)) - 62ec8eb9-3ae9-4136-b70a-2caf3716fa7f@group-AE2CC0DD201F:LeaderElection88: begin an election at term 1 for -1: [62ec8eb9-3ae9-4136-b70a-2caf3716fa7f:192.168.30.10:44715], old=null
2019-09-25 07:04:55,619 [e568d23f-199e-48ce-91e4-5c166e2e97cd@group-3D7A5B67F997:LeaderElection86] INFO  impl.LeaderElection (LeaderElection.java:askForVotes(182)) - e568d23f-199e-48ce-91e4-5c166e2e97cd@group-3D7A5B67F997:LeaderElection86: begin an election at term 1 for -1: [e568d23f-199e-48ce-91e4-5c166e2e97cd:192.168.30.10:42827], old=null
2019-09-25 07:04:55,619 [62ec8eb9-3ae9-4136-b70a-2caf3716fa7f@group-D904831A97FC:LeaderElection91] INFO  impl.LeaderElection (LeaderElection.java:askForVotes(182)) - 62ec8eb9-3ae9-4136-b70a-2caf3716fa7f@group-D904831A97FC:LeaderElection91: begin an election at term 1 for -1: [62ec8eb9-3ae9-4136-b70a-2caf3716fa7f:192.168.30.10:44715], old=null
2019-09-25 07:04:55,619 [24bf2945-a329-4da6-aaf2-23ecd8d462c6@group-26C64E403BCE:LeaderElection90] INFO  impl.LeaderElection (LeaderElection.java:askForVotes(182)) - 24bf2945-a329-4da6-aaf2-23ecd8d462c6@group-26C64E403BCE:LeaderElection90: begin an election at term 1 for -1: [24bf2945-a329-4da6-aaf2-23ecd8d462c6:192.168.30.10:42867], old=null
2019-09-25 07:04:55,619 [62ec8eb9-3ae9-4136-b70a-2caf3716fa7f@group-3A07CAB9B615:LeaderElection89] INFO  impl.LeaderElection (LeaderElection.java:askForVotes(182)) - 62ec8eb9-3ae9-4136-b70a-2caf3716fa7f@group-3A07CAB9B615:LeaderElection89: begin an election at term 1 for -1: [62ec8eb9-3ae9-4136-b70a-2caf3716fa7f:192.168.30.10:44715], old=null
2019-09-25 07:04:55,619 [e568d23f-199e-48ce-91e4-5c166e2e97cd@group-5A9570ABCA5E:LeaderElection71] INFO  server.RaftServerConfigKeys (ConfUtils.java:logGet(43)) - raft.server.rpc.sleep.time = 25ms (default)
2019-09-25 07:04:55,619 [62ec8eb9-3ae9-4136-b70a-2caf3716fa7f@group-E547958F4AD8:LeaderElection72] INFO  impl.RaftServerImpl (ServerState.java:setLeader(253)) - 62ec8eb9-3ae9-4136-b70a-2caf3716fa7f@group-E547958F4AD8: change Leader from null to 62ec8eb9-3ae9-4136-b70a-2caf3716fa7f at term 1 for becomeLeader, leader elected after 6859ms
2019-09-25 07:04:55,617 [Thread-531] INFO  impl.RoleInfo (RoleInfo.java:shutdownFollowerState(121)) - 24bf2945-a329-4da6-aaf2-23ecd8d462c6: shutdown FollowerState
2019-09-25 07:04:55,617 [Thread-527] INFO  impl.RoleInfo (RoleInfo.java:shutdownFollowerState(121)) - 24bf2945-a329-4da6-aaf2-23ecd8d462c6: shutdown FollowerState
2019-09-25 07:04:55,625 [Thread-527] INFO  impl.RaftServerImpl (RaftServerImpl.java:setRole(174)) - 24bf2945-a329-4da6-aaf2-23ecd8d462c6@group-A7908075CAFF: changes role from  FOLLOWER to CANDIDATE at term 0 for changeToCandidate
2019-09-25 07:04:55,617 [Thread-517] INFO  impl.RoleInfo (RoleInfo.java:shutdownFollowerState(121)) - e568d23f-199e-48ce-91e4-5c166e2e97cd: shutdown FollowerState
2019-09-25 07:04:55,617 [Thread-520] INFO  impl.RoleInfo (RoleInfo.java:shutdownFollowerState(121)) - 24bf2945-a329-4da6-aaf2-23ecd8d462c6: shutdown FollowerState
2019-09-25 07:04:55,617 [Thread-523] INFO  impl.RoleInfo (RoleInfo.java:shutdownFollowerState(121)) - 62ec8eb9-3ae9-4136-b70a-2caf3716fa7f: shutdown FollowerState
2019-09-25 07:04:55,617 [62ec8eb9-3ae9-4136-b70a-2caf3716fa7f@group-B55175940783:LeaderElection78] INFO  impl.RoleInfo (RoleInfo.java:shutdownLeaderElection(134)) - 62ec8eb9-3ae9-4136-b70a-2caf3716fa7f: shutdown LeaderElection
2019-09-25 07:04:55,616 [24bf2945-a329-4da6-aaf2-23ecd8d462c6@group-806C51DA001C:LeaderElection79] INFO  impl.RoleInfo (RoleInfo.java:shutdownLeaderElection(134)) - 24bf2945-a329-4da6-aaf2-23ecd8d462c6: shutdown LeaderElection
2019-09-25 07:04:55,615 [24bf2945-a329-4da6-aaf2-23ecd8d462c6@group-D2C4951991DC-SegmentedRaftLogWorker] INFO  util.JmxRegister (JmxRegister.java:unregister(73)) - Successfully un-registered JMX Bean with object name Ratis:service=RaftServer,group=group-D2C4951991DC,id=24bf2945-a329-4da6-aaf2-23ecd8d462c6
2019-09-25 07:04:55,615 [Thread-508] INFO  impl.RoleInfo (RoleInfo.java:shutdownFollowerState(121)) - e568d23f-199e-48ce-91e4-5c166e2e97cd: shutdown FollowerState
2019-09-25 07:04:55,614 [Thread-554] INFO  impl.RoleInfo (RoleInfo.java:shutdownFollowerState(121)) - 24bf2945-a329-4da6-aaf2-23ecd8d462c6: shutdown FollowerState
2019-09-25 07:04:55,614 [Thread-541] INFO  impl.RoleInfo (RoleInfo.java:shutdownFollowerState(121)) - 62ec8eb9-3ae9-4136-b70a-2caf3716fa7f: shutdown FollowerState
2019-09-25 07:04:55,614 [Thread-537] INFO  impl.RoleInfo (RoleInfo.java:shutdownFollowerState(121)) - 62ec8eb9-3ae9-4136-b70a-2caf3716fa7f: shutdown FollowerState
2019-09-25 07:04:55,614 [Thread-547] INFO  impl.RoleInfo (RoleInfo.java:shutdownFollowerState(121)) - 24bf2945-a329-4da6-aaf2-23ecd8d462c6: shutdown FollowerState
2019-09-25 07:04:55,614 [Thread-534] INFO  impl.RoleInfo (RoleInfo.java:shutdownFollowerState(121)) - 24bf2945-a329-4da6-aaf2-23ecd8d462c6: shutdown FollowerState
2019-09-25 07:04:55,613 [Thread-511] INFO  impl.RoleInfo (RoleInfo.java:updateAndGet(143)) - 24bf2945-a329-4da6-aaf2-23ecd8d462c6: start LeaderElection
2019-09-25 07:04:55,612 [Thread-514] INFO  impl.RoleInfo (RoleInfo.java:updateAndGet(143)) - e568d23f-199e-48ce-91e4-5c166e2e97cd: start LeaderElection
2019-09-25 07:04:55,612 [Thread-499] INFO  impl.RoleInfo (RoleInfo.java:updateAndGet(143)) - 24bf2945-a329-4da6-aaf2-23ecd8d462c6: start LeaderElection
2019-09-25 07:04:55,605 [pool-37-thread-1] INFO  server.RaftServerConfigKeys (ConfUtils.java:logGet(43)) - raft.server.log.use.memory = false (default)
2019-09-25 07:04:55,604 [e568d23f-199e-48ce-91e4-5c166e2e97cd@group-6D5E2718846D:LeaderElection75] INFO  server.RaftServerConfigKeys (ConfUtils.java:logGet(43)) - raft.server.staging.catchup.gap = 1000 (default)
2019-09-25 07:04:55,603 [24bf2945-a329-4da6-aaf2-23ecd8d462c6@group-4B63F1BD2522:LeaderElection76] INFO  server.RaftServerConfigKeys (ConfUtils.java:logGet(43)) - raft.server.staging.catchup.gap = 1000 (default)
2019-09-25 07:04:55,603 [Thread-558] INFO  impl.FollowerState (FollowerState.java:run(106)) - 62ec8eb9-3ae9-4136-b70a-2caf3716fa7f:group-25849CE33AFF changes to CANDIDATE, lastRpcTime:5327, electionTimeout:5067ms
2019-09-25 07:04:55,603 [62ec8eb9-3ae9-4136-b70a-2caf3716fa7f@group-AF43CFC2C23D:LeaderElection77] INFO  impl.LeaderElection (LeaderElection.java:askForVotes(182)) - 62ec8eb9-3ae9-4136-b70a-2caf3716fa7f@group-AF43CFC2C23D:LeaderElection77: begin an election at term 1 for -1: [62ec8eb9-3ae9-4136-b70a-2caf3716fa7f:192.168.30.10:44715], old=null
2019-09-25 07:04:55,602 [Thread-562] INFO  impl.FollowerState (FollowerState.java:run(106)) - 62ec8eb9-3ae9-4136-b70a-2caf3716fa7f:group-213BD37C19A2 changes to CANDIDATE, lastRpcTime:5245, electionTimeout:5052ms
2019-09-25 07:04:55,599 [Thread-570] INFO  impl.FollowerState (FollowerState.java:run(106)) - 24bf2945-a329-4da6-aaf2-23ecd8d462c6:group-0088A0E64B06 changes to CANDIDATE, lastRpcTime:5091, electionTimeout:5000ms
2019-09-25 07:04:55,598 [24bf2945-a329-4da6-aaf2-23ecd8d462c6@group-F84487B1973B-SegmentedRaftLogWorker] ERROR segmented.SegmentedRaftLogWorker (SegmentedRaftLogWorker.java:run(323)) - 24bf2945-a329-4da6-aaf2-23ecd8d462c6@group-F84487B1973B-SegmentedRaftLogWorker hit exception
java.lang.OutOfMemoryError: Direct buffer memory
	at java.nio.Bits.reserveMemory(Bits.java:666)
	at java.nio.DirectByteBuffer.<init>(DirectByteBuffer.java:123)
	at java.nio.ByteBuffer.allocateDirect(ByteBuffer.java:311)
	at org.apache.ratis.server.raftlog.segmented.BufferedWriteChannel.<init>(BufferedWriteChannel.java:41)
	at org.apache.ratis.server.raftlog.segmented.SegmentedRaftLogOutputStream.<init>(SegmentedRaftLogOutputStream.java:72)
	at org.apache.ratis.server.raftlog.segmented.SegmentedRaftLogWorker$StartLogSegment.execute(SegmentedRaftLogWorker.java:566)
	at org.apache.ratis.server.raftlog.segmented.SegmentedRaftLogWorker.run(SegmentedRaftLogWorker.java:289)
	at java.lang.Thread.run(Thread.java:748)
2019-09-25 07:04:55,341 [24bf2945-a329-4da6-aaf2-23ecd8d462c6@group-7EAE8DFEC943:LeaderElection69] INFO  impl.RaftServerImpl (ServerState.java:setRaftConf(354)) - 24bf2945-a329-4da6-aaf2-23ecd8d462c6@group-7EAE8DFEC943: set configuration 0: [24bf2945-a329-4da6-aaf2-23ecd8d462c6:192.168.30.10:42867], old=null at 0
2019-09-25 07:04:55,629 [24bf2945-a329-4da6-aaf2-23ecd8d462c6@group-F84487B1973B-SegmentedRaftLogWorker] INFO  impl.RaftServerImpl (RaftServerImpl.java:lambda$shutdown$3(251)) - 24bf2945-a329-4da6-aaf2-23ecd8d462c6@group-F84487B1973B: shutdown
2019-09-25 07:04:55,629 [62ec8eb9-3ae9-4136-b70a-2caf3716fa7f@group-F92EA15D7072:LeaderElection80] INFO  impl.LeaderElection (LeaderElection.java:askForVotes(182)) - 62ec8eb9-3ae9-4136-b70a-2caf3716fa7f@group-F92EA15D7072:LeaderElection80: begin an election at term 1 for -1: [62ec8eb9-3ae9-4136-b70a-2caf3716fa7f:192.168.30.10:44715], old=null
2019-09-25 07:04:55,630 [24bf2945-a329-4da6-aaf2-23ecd8d462c6@group-F84487B1973B-SegmentedRaftLogWorker] INFO  util.JmxRegister (JmxRegister.java:unregister(73)) - Successfully un-registered JMX Bean with object name Ratis:service=RaftServer,group=group-F84487B1973B,id=24bf2945-a329-4da6-aaf2-23ecd8d462c6
2019-09-25 07:04:55,629 [62ec8eb9-3ae9-4136-b70a-2caf3716fa7f@group-02FBD30808D9:LeaderElection82] INFO  impl.LeaderElection (LeaderElection.java:askForVotes(182)) - 62ec8eb9-3ae9-4136-b70a-2caf3716fa7f@group-02FBD30808D9:LeaderElection82: begin an election at term 1 for -1: [62ec8eb9-3ae9-4136-b70a-2caf3716fa7f:192.168.30.10:44715], old=null
2019-09-25 07:04:55,629 [Thread-570] INFO  impl.RoleInfo (RoleInfo.java:shutdownFollowerState(121)) - 24bf2945-a329-4da6-aaf2-23ecd8d462c6: shutdown FollowerState
2019-09-25 07:04:55,630 [Thread-570] INFO  impl.RaftServerImpl (RaftServerImpl.java:setRole(174)) - 24bf2945-a329-4da6-aaf2-23ecd8d462c6@group-0088A0E64B06: changes role from  FOLLOWER to CANDIDATE at term 0 for changeToCandidate
2019-09-25 07:04:55,629 [e568d23f-199e-48ce-91e4-5c166e2e97cd@group-345830245B51:LeaderElection81] INFO  impl.LeaderElection (LeaderElection.java:askForVotes(182)) - e568d23f-199e-48ce-91e4-5c166e2e97cd@group-345830245B51:LeaderElection81: begin an election at term 1 for -1: [e568d23f-199e-48ce-91e4-5c166e2e97cd:192.168.30.10:42827], old=null
2019-09-25 07:04:55,629 [Thread-562] INFO  impl.RoleInfo (RoleInfo.java:shutdownFollowerState(121)) - 62ec8eb9-3ae9-4136-b70a-2caf3716fa7f: shutdown FollowerState
2019-09-25 07:04:55,629 [62ec8eb9-3ae9-4136-b70a-2caf3716fa7f@group-AF43CFC2C23D:LeaderElection77] INFO  impl.RoleInfo (RoleInfo.java:shutdownLeaderElection(134)) - 62ec8eb9-3ae9-4136-b70a-2caf3716fa7f: shutdown LeaderElection
2019-09-25 07:04:55,629 [Thread-558] INFO  impl.RoleInfo (RoleInfo.java:shutdownFollowerState(121)) - 62ec8eb9-3ae9-4136-b70a-2caf3716fa7f: shutdown FollowerState
2019-09-25 07:04:55,631 [Thread-558] INFO  impl.RaftServerImpl (RaftServerImpl.java:setRole(174)) - 62ec8eb9-3ae9-4136-b70a-2caf3716fa7f@group-25849CE33AFF: changes role from  FOLLOWER to CANDIDATE at term 0 for changeToCandidate
2019-09-25 07:04:55,628 [24bf2945-a329-4da6-aaf2-23ecd8d462c6@group-4B63F1BD2522:LeaderElection76] INFO  server.RaftServerConfigKeys (ConfUtils.java:logGet(43)) - raft.server.rpc.sleep.time = 25ms (default)
2019-09-25 07:04:55,628 [e568d23f-199e-48ce-91e4-5c166e2e97cd@group-6D5E2718846D:LeaderElection75] INFO  server.RaftServerConfigKeys (ConfUtils.java:logGet(43)) - raft.server.rpc.sleep.time = 25ms (default)
2019-09-25 07:04:55,628 [pool-37-thread-1] INFO  server.RaftServerConfigKeys (ConfUtils.java:logGet(43)) - raft.server.log.purge.gap = 1000000 (custom)
2019-09-25 07:04:55,627 [Thread-534] INFO  impl.RaftServerImpl (RaftServerImpl.java:setRole(174)) - 24bf2945-a329-4da6-aaf2-23ecd8d462c6@group-339D99FADD64: changes role from  FOLLOWER to CANDIDATE at term 0 for changeToCandidate
2019-09-25 07:04:55,627 [Thread-547] INFO  impl.RaftServerImpl (RaftServerImpl.java:setRole(174)) - 24bf2945-a329-4da6-aaf2-23ecd8d462c6@group-0F02076B3222: changes role from  FOLLOWER to CANDIDATE at term 0 for changeToCandidate
2019-09-25 07:04:55,627 [Thread-537] INFO  impl.RaftServerImpl (RaftServerImpl.java:setRole(174)) - 62ec8eb9-3ae9-4136-b70a-2caf3716fa7f@group-63FD56BDEF80: changes role from  FOLLOWER to CANDIDATE at term 0 for changeToCandidate
2019-09-25 07:04:55,627 [Thread-541] INFO  impl.RaftServerImpl (RaftServerImpl.java:setRole(174)) - 62ec8eb9-3ae9-4136-b70a-2caf3716fa7f@group-465D573F1739: changes role from  FOLLOWER to CANDIDATE at term 0 for changeToCandidate
2019-09-25 07:04:55,626 [Thread-554] INFO  impl.RaftServerImpl (RaftServerImpl.java:setRole(174)) - 24bf2945-a329-4da6-aaf2-23ecd8d462c6@group-2DE67EB528FC: changes role from  FOLLOWER to CANDIDATE at term 0 for changeToCandidate
2019-09-25 07:04:55,626 [Thread-508] INFO  impl.RaftServerImpl (RaftServerImpl.java:setRole(174)) - e568d23f-199e-48ce-91e4-5c166e2e97cd@group-41A741059900: changes role from  FOLLOWER to CANDIDATE at term 0 for changeToCandidate
2019-09-25 07:04:55,626 [24bf2945-a329-4da6-aaf2-23ecd8d462c6@group-D2C4951991DC-SegmentedRaftLogWorker] INFO  impl.RoleInfo (RoleInfo.java:shutdownLeaderState(104)) - 24bf2945-a329-4da6-aaf2-23ecd8d462c6: shutdown LeaderState
2019-09-25 07:04:55,626 [24bf2945-a329-4da6-aaf2-23ecd8d462c6@group-806C51DA001C:LeaderElection79] INFO  impl.RaftServerImpl (RaftServerImpl.java:setRole(174)) - 24bf2945-a329-4da6-aaf2-23ecd8d462c6@group-806C51DA001C: changes role from CANDIDATE to LEADER at term 1 for changeToLeader
2019-09-25 07:04:55,626 [62ec8eb9-3ae9-4136-b70a-2caf3716fa7f@group-B55175940783:LeaderElection78] INFO  impl.RaftServerImpl (RaftServerImpl.java:setRole(174)) - 62ec8eb9-3ae9-4136-b70a-2caf3716fa7f@group-B55175940783: changes role from CANDIDATE to LEADER at term 1 for changeToLeader
2019-09-25 07:04:55,633 [62ec8eb9-3ae9-4136-b70a-2caf3716fa7f@group-B55175940783:LeaderElection78] INFO  impl.RaftServerImpl (ServerState.java:setLeader(253)) - 62ec8eb9-3ae9-4136-b70a-2caf3716fa7f@group-B55175940783: change Leader from null to 62ec8eb9-3ae9-4136-b70a-2caf3716fa7f at term 1 for becomeLeader, leader elected after 6707ms
2019-09-25 07:04:55,626 [Thread-523] INFO  impl.RaftServerImpl (RaftServerImpl.java:setRole(174)) - 62ec8eb9-3ae9-4136-b70a-2caf3716fa7f@group-5534E370F072: changes role from  FOLLOWER to CANDIDATE at term 0 for changeToCandidate
2019-09-25 07:04:55,626 [Thread-520] INFO  impl.RaftServerImpl (RaftServerImpl.java:setRole(174)) - 24bf2945-a329-4da6-aaf2-23ecd8d462c6@group-0A6D6B37687B: changes role from  FOLLOWER to CANDIDATE at term 0 for changeToCandidate
2019-09-25 07:04:55,626 [Thread-517] INFO  impl.RaftServerImpl (RaftServerImpl.java:setRole(174)) - e568d23f-199e-48ce-91e4-5c166e2e97cd@group-A76C434A76E6: changes role from  FOLLOWER to CANDIDATE at term 0 for changeToCandidate
2019-09-25 07:04:55,625 [Thread-527] INFO  impl.RoleInfo (RoleInfo.java:updateAndGet(143)) - 24bf2945-a329-4da6-aaf2-23ecd8d462c6: start LeaderElection
2019-09-25 07:04:55,625 [Thread-531] INFO  impl.RaftServerImpl (RaftServerImpl.java:setRole(174)) - 24bf2945-a329-4da6-aaf2-23ecd8d462c6@group-4E9FB9BD23D5: changes role from  FOLLOWER to CANDIDATE at term 0 for changeToCandidate
2019-09-25 07:04:55,625 [62ec8eb9-3ae9-4136-b70a-2caf3716fa7f@group-E547958F4AD8:LeaderElection72] INFO  server.RaftServerConfigKeys (ConfUtils.java:logGet(43)) - raft.server.staging.catchup.gap = 1000 (default)
2019-09-25 07:04:55,625 [e568d23f-199e-48ce-91e4-5c166e2e97cd@group-5A9570ABCA5E:LeaderElection71] INFO  server.RaftServerConfigKeys (ConfUtils.java:logGet(43)) - raft.server.write.element-limit = 4096 (default)
2019-09-25 07:04:55,625 [62ec8eb9-3ae9-4136-b70a-2caf3716fa7f@group-3A07CAB9B615:LeaderElection89] INFO  impl.RoleInfo (RoleInfo.java:shutdownLeaderElection(134)) - 62ec8eb9-3ae9-4136-b70a-2caf3716fa7f: shutdown LeaderElection
2019-09-25 07:04:55,625 [24bf2945-a329-4da6-aaf2-23ecd8d462c6@group-26C64E403BCE:LeaderElection90] INFO  impl.RoleInfo (RoleInfo.java:shutdownLeaderElection(134)) - 24bf2945-a329-4da6-aaf2-23ecd8d462c6: shutdown LeaderElection
2019-09-25 07:04:55,624 [62ec8eb9-3ae9-4136-b70a-2caf3716fa7f@group-D904831A97FC:LeaderElection91] INFO  impl.RoleInfo (RoleInfo.java:shutdownLeaderElection(134)) - 62ec8eb9-3ae9-4136-b70a-2caf3716fa7f: shutdown LeaderElection
2019-09-25 07:04:55,624 [e568d23f-199e-48ce-91e4-5c166e2e97cd@group-3D7A5B67F997:LeaderElection86] INFO  impl.RoleInfo (RoleInfo.java:shutdownLeaderElection(134)) - e568d23f-199e-48ce-91e4-5c166e2e97cd: shutdown LeaderElection
2019-09-25 07:04:55,624 [62ec8eb9-3ae9-4136-b70a-2caf3716fa7f@group-AE2CC0DD201F:LeaderElection88] INFO  impl.RoleInfo (RoleInfo.java:shutdownLeaderElection(134)) - 62ec8eb9-3ae9-4136-b70a-2caf3716fa7f: shutdown LeaderElection
2019-09-25 07:04:55,624 [62ec8eb9-3ae9-4136-b70a-2caf3716fa7f@group-ABB063594AB8:LeaderElection87] INFO  impl.RoleInfo (RoleInfo.java:shutdownLeaderElection(134)) - 62ec8eb9-3ae9-4136-b70a-2caf3716fa7f: shutdown LeaderElection
2019-09-25 07:04:55,624 [62ec8eb9-3ae9-4136-b70a-2caf3716fa7f@group-853F494A7699:LeaderElection73] INFO  server.RaftServerConfigKeys (ConfUtils.java:logGet(43)) - raft.server.rpc.sleep.time = 25ms (default)
2019-09-25 07:04:55,622 [62ec8eb9-3ae9-4136-b70a-2caf3716fa7f@group-FFC5433C2152:LeaderElection85] INFO  impl.LeaderElection (LeaderElection.java:askForVotes(182)) - 62ec8eb9-3ae9-4136-b70a-2caf3716fa7f@group-FFC5433C2152:LeaderElection85: begin an election at term 1 for -1: [62ec8eb9-3ae9-4136-b70a-2caf3716fa7f:192.168.30.10:44715], old=null
2019-09-25 07:04:55,622 [24bf2945-a329-4da6-aaf2-23ecd8d462c6@group-134481B225CC:LeaderElection83] INFO  impl.LeaderElection (LeaderElection.java:askForVotes(182)) - 24bf2945-a329-4da6-aaf2-23ecd8d462c6@group-134481B225CC:LeaderElection83: begin an election at term 1 for -1: [24bf2945-a329-4da6-aaf2-23ecd8d462c6:192.168.30.10:42867], old=null
2019-09-25 07:04:55,622 [24bf2945-a329-4da6-aaf2-23ecd8d462c6@group-FF666133FC8D:LeaderElection84] INFO  impl.LeaderElection (LeaderElection.java:askForVotes(182)) - 24bf2945-a329-4da6-aaf2-23ecd8d462c6@group-FF666133FC8D:LeaderElection84: begin an election at term 1 for -1: [24bf2945-a329-4da6-aaf2-23ecd8d462c6:192.168.30.10:42867], old=null
2019-09-25 07:04:55,622 [24bf2945-a329-4da6-aaf2-23ecd8d462c6@group-20DC2BFBC392:LeaderElection74] INFO  impl.RaftServerImpl (ServerState.java:setLeader(253)) - 24bf2945-a329-4da6-aaf2-23ecd8d462c6@group-20DC2BFBC392: change Leader from null to 24bf2945-a329-4da6-aaf2-23ecd8d462c6 at term 1 for becomeLeader, leader elected after 6818ms
2019-09-25 07:04:55,622 [24bf2945-a329-4da6-aaf2-23ecd8d462c6@group-59E882B450F2:LeaderElection70] INFO  impl.RaftServerImpl (ServerState.java:setLeader(253)) - 24bf2945-a329-4da6-aaf2-23ecd8d462c6@group-59E882B450F2: change Leader from null to 24bf2945-a329-4da6-aaf2-23ecd8d462c6 at term 1 for becomeLeader, leader elected after 7095ms
2019-09-25 07:04:55,636 [24bf2945-a329-4da6-aaf2-23ecd8d462c6@group-20DC2BFBC392:LeaderElection74] INFO  server.RaftServerConfigKeys (ConfUtils.java:logGet(43)) - raft.server.staging.catchup.gap = 1000 (default)
2019-09-25 07:04:55,636 [24bf2945-a329-4da6-aaf2-23ecd8d462c6@group-FF666133FC8D:LeaderElection84] INFO  impl.RoleInfo (RoleInfo.java:shutdownLeaderElection(134)) - 24bf2945-a329-4da6-aaf2-23ecd8d462c6: shutdown LeaderElection
2019-09-25 07:04:55,636 [24bf2945-a329-4da6-aaf2-23ecd8d462c6@group-134481B225CC:LeaderElection83] INFO  impl.RoleInfo (RoleInfo.java:shutdownLeaderElection(134)) - 24bf2945-a329-4da6-aaf2-23ecd8d462c6: shutdown LeaderElection
2019-09-25 07:04:55,635 [62ec8eb9-3ae9-4136-b70a-2caf3716fa7f@group-FFC5433C2152:LeaderElection85] INFO  impl.RoleInfo (RoleInfo.java:shutdownLeaderElection(134)) - 62ec8eb9-3ae9-4136-b70a-2caf3716fa7f: shutdown LeaderElection
2019-09-25 07:04:55,635 [62ec8eb9-3ae9-4136-b70a-2caf3716fa7f@group-853F494A7699:LeaderElection73] INFO  server.RaftServerConfigKeys (ConfUtils.java:logGet(43)) - raft.server.write.element-limit = 4096 (default)
2019-09-25 07:04:55,635 [62ec8eb9-3ae9-4136-b70a-2caf3716fa7f@group-ABB063594AB8:LeaderElection87] INFO  impl.RaftServerImpl (RaftServerImpl.java:setRole(174)) - 62ec8eb9-3ae9-4136-b70a-2caf3716fa7f@group-ABB063594AB8: changes role from CANDIDATE to LEADER at term 1 for changeToLeader
2019-09-25 07:04:55,637 [62ec8eb9-3ae9-4136-b70a-2caf3716fa7f@group-ABB063594AB8:LeaderElection87] INFO  impl.RaftServerImpl (ServerState.java:setLeader(253)) - 62ec8eb9-3ae9-4136-b70a-2caf3716fa7f@group-ABB063594AB8: change Leader from null to 62ec8eb9-3ae9-4136-b70a-2caf3716fa7f at term 1 for becomeLeader, leader elected after 6517ms
2019-09-25 07:04:55,635 [62ec8eb9-3ae9-4136-b70a-2caf3716fa7f@group-AE2CC0DD201F:LeaderElection88] INFO  impl.RaftServerImpl (RaftServerImpl.java:setRole(174)) - 62ec8eb9-3ae9-4136-b70a-2caf3716fa7f@group-AE2CC0DD201F: changes role from CANDIDATE to LEADER at term 1 for changeToLeader
2019-09-25 07:04:55,635 [e568d23f-199e-48ce-91e4-5c166e2e97cd@group-3D7A5B67F997:LeaderElection86] INFO  impl.RaftServerImpl (RaftServerImpl.java:setRole(174)) - e568d23f-199e-48ce-91e4-5c166e2e97cd@group-3D7A5B67F997: changes role from CANDIDATE to LEADER at term 1 for changeToLeader
2019-09-25 07:04:55,635 [62ec8eb9-3ae9-4136-b70a-2caf3716fa7f@group-D904831A97FC:LeaderElection91] INFO  impl.RaftServerImpl (RaftServerImpl.java:setRole(174)) - 62ec8eb9-3ae9-4136-b70a-2caf3716fa7f@group-D904831A97FC: changes role from CANDIDATE to LEADER at term 1 for changeToLeader
2019-09-25 07:04:55,637 [62ec8eb9-3ae9-4136-b70a-2caf3716fa7f@group-D904831A97FC:LeaderElection91] INFO  impl.RaftServerImpl (ServerState.java:setLeader(253)) - 62ec8eb9-3ae9-4136-b70a-2caf3716fa7f@group-D904831A97FC: change Leader from null to 62ec8eb9-3ae9-4136-b70a-2caf3716fa7f at term 1 for becomeLeader, leader elected after 6088ms
2019-09-25 07:04:55,635 [24bf2945-a329-4da6-aaf2-23ecd8d462c6@group-26C64E403BCE:LeaderElection90] INFO  impl.RaftServerImpl (RaftServerImpl.java:setRole(174)) - 24bf2945-a329-4da6-aaf2-23ecd8d462c6@group-26C64E403BCE: changes role from CANDIDATE to LEADER at term 1 for changeToLeader
2019-09-25 07:04:55,634 [24bf2945-a329-4da6-aaf2-23ecd8d462c6@group-D2C4951991DC-SegmentedRaftLogWorker] INFO  impl.PendingRequests (PendingRequests.java:sendNotLeaderResponses(202)) - 24bf2945-a329-4da6-aaf2-23ecd8d462c6-PendingRequests: sendNotLeaderResponses
2019-09-25 07:04:55,634 [62ec8eb9-3ae9-4136-b70a-2caf3716fa7f@group-3A07CAB9B615:LeaderElection89] INFO  impl.RaftServerImpl (RaftServerImpl.java:setRole(174)) - 62ec8eb9-3ae9-4136-b70a-2caf3716fa7f@group-3A07CAB9B615: changes role from CANDIDATE to LEADER at term 1 for changeToLeader
2019-09-25 07:04:55,634 [e568d23f-199e-48ce-91e4-5c166e2e97cd@group-5A9570ABCA5E:LeaderElection71] INFO  server.RaftServerConfigKeys (ConfUtils.java:logGet(43)) - raft.server.watch.timeout = 10s (default)
2019-09-25 07:04:55,638 [e568d23f-199e-48ce-91e4-5c166e2e97cd@group-5A9570ABCA5E:LeaderElection71] INFO  server.RaftServerConfigKeys (ConfUtils.java:logGet(43)) - raft.server.watch.timeout.denomination = 1s (default)
2019-09-25 07:04:55,634 [62ec8eb9-3ae9-4136-b70a-2caf3716fa7f@group-E547958F4AD8:LeaderElection72] INFO  server.RaftServerConfigKeys (ConfUtils.java:logGet(43)) - raft.server.rpc.sleep.time = 25ms (default)
2019-09-25 07:04:55,634 [Thread-531] INFO  impl.RoleInfo (RoleInfo.java:updateAndGet(143)) - 24bf2945-a329-4da6-aaf2-23ecd8d462c6: start LeaderElection
2019-09-25 07:04:55,633 [Thread-517] INFO  impl.RoleInfo (RoleInfo.java:updateAndGet(143)) - e568d23f-199e-48ce-91e4-5c166e2e97cd: start LeaderElection
2019-09-25 07:04:55,633 [Thread-520] INFO  impl.RoleInfo (RoleInfo.java:updateAndGet(143)) - 24bf2945-a329-4da6-aaf2-23ecd8d462c6: start LeaderElection
2019-09-25 07:04:55,633 [Thread-523] INFO  impl.RoleInfo (RoleInfo.java:updateAndGet(143)) - 62ec8eb9-3ae9-4136-b70a-2caf3716fa7f: start LeaderElection
2019-09-25 07:04:55,633 [62ec8eb9-3ae9-4136-b70a-2caf3716fa7f@group-B55175940783:LeaderElection78] INFO  server.RaftServerConfigKeys (ConfUtils.java:logGet(43)) - raft.server.staging.catchup.gap = 1000 (default)
2019-09-25 07:04:55,633 [24bf2945-a329-4da6-aaf2-23ecd8d462c6@group-806C51DA001C:LeaderElection79] INFO  impl.RaftServerImpl (ServerState.java:setLeader(253)) - 24bf2945-a329-4da6-aaf2-23ecd8d462c6@group-806C51DA001C: change Leader from null to 24bf2945-a329-4da6-aaf2-23ecd8d462c6 at term 1 for becomeLeader, leader elected after 6744ms
2019-09-25 07:04:55,632 [Thread-508] INFO  impl.RoleInfo (RoleInfo.java:updateAndGet(143)) - e568d23f-199e-48ce-91e4-5c166e2e97cd: start LeaderElection
2019-09-25 07:04:55,632 [Thread-554] INFO  impl.RoleInfo (RoleInfo.java:updateAndGet(143)) - 24bf2945-a329-4da6-aaf2-23ecd8d462c6: start LeaderElection
2019-09-25 07:04:55,632 [Thread-541] INFO  impl.RoleInfo (RoleInfo.java:updateAndGet(143)) - 62ec8eb9-3ae9-4136-b70a-2caf3716fa7f: start LeaderElection
2019-09-25 07:04:55,632 [Thread-537] INFO  impl.RoleInfo (RoleInfo.java:updateAndGet(143)) - 62ec8eb9-3ae9-4136-b70a-2caf3716fa7f: start LeaderElection
2019-09-25 07:04:55,632 [Thread-547] INFO  impl.RoleInfo (RoleInfo.java:updateAndGet(143)) - 24bf2945-a329-4da6-aaf2-23ecd8d462c6: start LeaderElection
2019-09-25 07:04:55,632 [Thread-534] INFO  impl.RoleInfo (RoleInfo.java:updateAndGet(143)) - 24bf2945-a329-4da6-aaf2-23ecd8d462c6: start LeaderElection
2019-09-25 07:04:55,632 [pool-37-thread-1] INFO  server.RaftServerConfigKeys (ConfUtils.java:logGet(43)) - raft.server.log.appender.buffer.byte-limit = 33554432 (custom)
2019-09-25 07:04:55,631 [e568d23f-199e-48ce-91e4-5c166e2e97cd@group-6D5E2718846D:LeaderElection75] INFO  server.RaftServerConfigKeys (ConfUtils.java:logGet(43)) - raft.server.write.element-limit = 4096 (default)
2019-09-25 07:04:55,631 [24bf2945-a329-4da6-aaf2-23ecd8d462c6@group-4B63F1BD2522:LeaderElection76] INFO  server.RaftServerConfigKeys (ConfUtils.java:logGet(43)) - raft.server.write.element-limit = 4096 (default)
2019-09-25 07:04:55,631 [Thread-558] INFO  impl.RoleInfo (RoleInfo.java:updateAndGet(143)) - 62ec8eb9-3ae9-4136-b70a-2caf3716fa7f: start LeaderElection
2019-09-25 07:04:55,631 [62ec8eb9-3ae9-4136-b70a-2caf3716fa7f@group-AF43CFC2C23D:LeaderElection77] INFO  impl.RaftServerImpl (RaftServerImpl.java:setRole(174)) - 62ec8eb9-3ae9-4136-b70a-2caf3716fa7f@group-AF43CFC2C23D: changes role from CANDIDATE to LEADER at term 1 for changeToLeader
2019-09-25 07:04:55,631 [Thread-562] INFO  impl.RaftServerImpl (RaftServerImpl.java:setRole(174)) - 62ec8eb9-3ae9-4136-b70a-2caf3716fa7f@group-213BD37C19A2: changes role from  FOLLOWER to CANDIDATE at term 0 for changeToCandidate
2019-09-25 07:04:55,631 [e568d23f-199e-48ce-91e4-5c166e2e97cd@group-345830245B51:LeaderElection81] INFO  impl.RoleInfo (RoleInfo.java:shutdownLeaderElection(134)) - e568d23f-199e-48ce-91e4-5c166e2e97cd: shutdown LeaderElection
2019-09-25 07:04:55,630 [Thread-570] INFO  impl.RoleInfo (RoleInfo.java:updateAndGet(143)) - 24bf2945-a329-4da6-aaf2-23ecd8d462c6: start LeaderElection
2019-09-25 07:04:55,630 [62ec8eb9-3ae9-4136-b70a-2caf3716fa7f@group-02FBD30808D9:LeaderElection82] INFO  impl.RoleInfo (RoleInfo.java:shutdownLeaderElection(134)) - 62ec8eb9-3ae9-4136-b70a-2caf3716fa7f: shutdown LeaderElection
2019-09-25 07:04:55,630 [24bf2945-a329-4da6-aaf2-23ecd8d462c6@group-F84487B1973B-SegmentedRaftLogWorker] INFO  impl.RoleInfo (RoleInfo.java:shutdownLeaderState(104)) - 24bf2945-a329-4da6-aaf2-23ecd8d462c6: shutdown LeaderState
2019-09-25 07:04:55,630 [62ec8eb9-3ae9-4136-b70a-2caf3716fa7f@group-F92EA15D7072:LeaderElection80] INFO  impl.RoleInfo (RoleInfo.java:shutdownLeaderElection(134)) - 62ec8eb9-3ae9-4136-b70a-2caf3716fa7f: shutdown LeaderElection
2019-09-25 07:04:55,669 [62ec8eb9-3ae9-4136-b70a-2caf3716fa7f@group-A59A59095A78:LeaderElection95] INFO  impl.LeaderElection (LeaderElection.java:askForVotes(182)) - 62ec8eb9-3ae9-4136-b70a-2caf3716fa7f@group-A59A59095A78:LeaderElection95: begin an election at term 1 for -1: [62ec8eb9-3ae9-4136-b70a-2caf3716fa7f:192.168.30.10:44715], old=null
2019-09-25 07:04:55,669 [24bf2945-a329-4da6-aaf2-23ecd8d462c6@group-7C5CBE2B0FCF:LeaderElection100] INFO  impl.LeaderElection (LeaderElection.java:askForVotes(182)) - 24bf2945-a329-4da6-aaf2-23ecd8d462c6@group-7C5CBE2B0FCF:LeaderElection100: begin an election at term 1 for -1: [24bf2945-a329-4da6-aaf2-23ecd8d462c6:192.168.30.10:42867], old=null
2019-09-25 07:04:55,669 [e568d23f-199e-48ce-91e4-5c166e2e97cd@group-DDE3C963B612:LeaderElection96] INFO  impl.LeaderElection (LeaderElection.java:askForVotes(182)) - e568d23f-199e-48ce-91e4-5c166e2e97cd@group-DDE3C963B612:LeaderElection96: begin an election at term 1 for -1: [e568d23f-199e-48ce-91e4-5c166e2e97cd:192.168.30.10:42827], old=null
2019-09-25 07:04:55,669 [24bf2945-a329-4da6-aaf2-23ecd8d462c6@group-D2C4951991DC-SegmentedRaftLogWorker] INFO  impl.StateMachineUpdater (StateMachineUpdater.java:stopAndJoin(125)) - 24bf2945-a329-4da6-aaf2-23ecd8d462c6@group-D2C4951991DC-StateMachineUpdater: set stopIndex = -1
2019-09-25 07:04:55,669 [e568d23f-199e-48ce-91e4-5c166e2e97cd@group-F05F9C076728:LeaderElection97] INFO  impl.LeaderElection (LeaderElection.java:askForVotes(182)) - e568d23f-199e-48ce-91e4-5c166e2e97cd@group-F05F9C076728:LeaderElection97: begin an election at term 1 for -1: [e568d23f-199e-48ce-91e4-5c166e2e97cd:192.168.30.10:42827], old=null
2019-09-25 07:04:55,669 [e568d23f-199e-48ce-91e4-5c166e2e97cd@group-7B72D47A5EF5:LeaderElection93] INFO  impl.LeaderElection (LeaderElection.java:askForVotes(182)) - e568d23f-199e-48ce-91e4-5c166e2e97cd@group-7B72D47A5EF5:LeaderElection93: begin an election at term 1 for -1: [e568d23f-199e-48ce-91e4-5c166e2e97cd:192.168.30.10:42827], old=null
2019-09-25 07:04:55,669 [62ec8eb9-3ae9-4136-b70a-2caf3716fa7f@group-E80D967D3F68:LeaderElection98] INFO  impl.LeaderElection (LeaderElection.java:askForVotes(182)) - 62ec8eb9-3ae9-4136-b70a-2caf3716fa7f@group-E80D967D3F68:LeaderElection98: begin an election at term 1 for -1: [62ec8eb9-3ae9-4136-b70a-2caf3716fa7f:192.168.30.10:44715], old=null
2019-09-25 07:04:55,669 [e568d23f-199e-48ce-91e4-5c166e2e97cd@group-D4DB0DEAC0CD:LeaderElection101] INFO  impl.LeaderElection (LeaderElection.java:askForVotes(182)) - e568d23f-199e-48ce-91e4-5c166e2e97cd@group-D4DB0DEAC0CD:LeaderElection101: begin an election at term 1 for -1: [e568d23f-199e-48ce-91e4-5c166e2e97cd:192.168.30.10:42827], old=null
2019-09-25 07:04:55,668 [e568d23f-199e-48ce-91e4-5c166e2e97cd@group-41A741059900:LeaderElection111] INFO  impl.LeaderElection (LeaderElection.java:askForVotes(182)) - e568d23f-199e-48ce-91e4-5c166e2e97cd@group-41A741059900:LeaderElection111: begin an election at term 1 for -1: [e568d23f-199e-48ce-91e4-5c166e2e97cd:192.168.30.10:42827], old=null
2019-09-25 07:04:55,668 [62ec8eb9-3ae9-4136-b70a-2caf3716fa7f@group-465D573F1739:LeaderElection109] INFO  impl.LeaderElection (LeaderElection.java:askForVotes(182)) - 62ec8eb9-3ae9-4136-b70a-2caf3716fa7f@group-465D573F1739:LeaderElection109: begin an election at term 1 for -1: [62ec8eb9-3ae9-4136-b70a-2caf3716fa7f:192.168.30.10:44715], old=null
2019-09-25 07:04:55,668 [24bf2945-a329-4da6-aaf2-23ecd8d462c6@group-2DE67EB528FC:LeaderElection110] INFO  impl.LeaderElection (LeaderElection.java:askForVotes(182)) - 24bf2945-a329-4da6-aaf2-23ecd8d462c6@group-2DE67EB528FC:LeaderElection110: begin an election at term 1 for -1: [24bf2945-a329-4da6-aaf2-23ecd8d462c6:192.168.30.10:42867], old=null
2019-09-25 07:04:55,668 [24bf2945-a329-4da6-aaf2-23ecd8d462c6@group-4E9FB9BD23D5:LeaderElection115] INFO  impl.LeaderElection (LeaderElection.java:askForVotes(182)) - 24bf2945-a329-4da6-aaf2-23ecd8d462c6@group-4E9FB9BD23D5:LeaderElection115: begin an election at term 1 for -1: [24bf2945-a329-4da6-aaf2-23ecd8d462c6:192.168.30.10:42867], old=null
2019-09-25 07:04:55,668 [24bf2945-a329-4da6-aaf2-23ecd8d462c6@group-339D99FADD64:LeaderElection106] INFO  impl.LeaderElection (LeaderElection.java:askForVotes(182)) - 24bf2945-a329-4da6-aaf2-23ecd8d462c6@group-339D99FADD64:LeaderElection106: begin an election at term 1 for -1: [24bf2945-a329-4da6-aaf2-23ecd8d462c6:192.168.30.10:42867], old=null
2019-09-25 07:04:55,668 [24bf2945-a329-4da6-aaf2-23ecd8d462c6@group-A7908075CAFF:LeaderElection103] INFO  impl.LeaderElection (LeaderElection.java:askForVotes(182)) - 24bf2945-a329-4da6-aaf2-23ecd8d462c6@group-A7908075CAFF:LeaderElection103: begin an election at term 1 for -1: [24bf2945-a329-4da6-aaf2-23ecd8d462c6:192.168.30.10:42867], old=null
2019-09-25 07:04:55,668 [62ec8eb9-3ae9-4136-b70a-2caf3716fa7f@group-5534E370F072:LeaderElection112] INFO  impl.LeaderElection (LeaderElection.java:askForVotes(182)) - 62ec8eb9-3ae9-4136-b70a-2caf3716fa7f@group-5534E370F072:LeaderElection112: begin an election at term 1 for -1: [62ec8eb9-3ae9-4136-b70a-2caf3716fa7f:192.168.30.10:44715], old=null
2019-09-25 07:04:55,668 [24bf2945-a329-4da6-aaf2-23ecd8d462c6@group-0A6D6B37687B:LeaderElection113] INFO  impl.LeaderElection (LeaderElection.java:askForVotes(182)) - 24bf2945-a329-4da6-aaf2-23ecd8d462c6@group-0A6D6B37687B:LeaderElection113: begin an election at term 1 for -1: [24bf2945-a329-4da6-aaf2-23ecd8d462c6:192.168.30.10:42867], old=null
2019-09-25 07:04:55,668 [e568d23f-199e-48ce-91e4-5c166e2e97cd@group-A76C434A76E6:LeaderElection114] INFO  impl.LeaderElection (LeaderElection.java:askForVotes(182)) - e568d23f-199e-48ce-91e4-5c166e2e97cd@group-A76C434A76E6:LeaderElection114: begin an election at term 1 for -1: [e568d23f-199e-48ce-91e4-5c166e2e97cd:192.168.30.10:42827], old=null
2019-09-25 07:04:55,668 [24bf2945-a329-4da6-aaf2-23ecd8d462c6@group-0F02076B3222:LeaderElection107] INFO  impl.LeaderElection (LeaderElection.java:askForVotes(182)) - 24bf2945-a329-4da6-aaf2-23ecd8d462c6@group-0F02076B3222:LeaderElection107: begin an election at term 1 for -1: [24bf2945-a329-4da6-aaf2-23ecd8d462c6:192.168.30.10:42867], old=null
2019-09-25 07:04:55,643 [24bf2945-a329-4da6-aaf2-23ecd8d462c6@group-F84487B1973B-SegmentedRaftLogWorker] INFO  impl.PendingRequests (PendingRequests.java:sendNotLeaderResponses(202)) - 24bf2945-a329-4da6-aaf2-23ecd8d462c6-PendingRequests: sendNotLeaderResponses
2019-09-25 07:04:55,643 [62ec8eb9-3ae9-4136-b70a-2caf3716fa7f@group-02FBD30808D9:LeaderElection82] INFO  impl.RaftServerImpl (RaftServerImpl.java:setRole(174)) - 62ec8eb9-3ae9-4136-b70a-2caf3716fa7f@group-02FBD30808D9: changes role from CANDIDATE to LEADER at term 1 for changeToLeader
2019-09-25 07:04:55,642 [e568d23f-199e-48ce-91e4-5c166e2e97cd@group-345830245B51:LeaderElection81] INFO  impl.RaftServerImpl (RaftServerImpl.java:setRole(174)) - e568d23f-199e-48ce-91e4-5c166e2e97cd@group-345830245B51: changes role from CANDIDATE to LEADER at term 1 for changeToLeader
2019-09-25 07:04:55,674 [e568d23f-199e-48ce-91e4-5c166e2e97cd@group-345830245B51:LeaderElection81] INFO  impl.RaftServerImpl (ServerState.java:setLeader(253)) - e568d23f-199e-48ce-91e4-5c166e2e97cd@group-345830245B51: change Leader from null to e568d23f-199e-48ce-91e4-5c166e2e97cd at term 1 for becomeLeader, leader elected after 6387ms
2019-09-25 07:04:55,642 [Thread-562] INFO  impl.RoleInfo (RoleInfo.java:updateAndGet(143)) - 62ec8eb9-3ae9-4136-b70a-2caf3716fa7f: start LeaderElection
2019-09-25 07:04:55,642 [62ec8eb9-3ae9-4136-b70a-2caf3716fa7f@group-AF43CFC2C23D:LeaderElection77] INFO  impl.RaftServerImpl (ServerState.java:setLeader(253)) - 62ec8eb9-3ae9-4136-b70a-2caf3716fa7f@group-AF43CFC2C23D: change Leader from null to 62ec8eb9-3ae9-4136-b70a-2caf3716fa7f at term 1 for becomeLeader, leader elected after 6570ms
2019-09-25 07:04:55,641 [24bf2945-a329-4da6-aaf2-23ecd8d462c6@group-4B63F1BD2522:LeaderElection76] INFO  server.RaftServerConfigKeys (ConfUtils.java:logGet(43)) - raft.server.watch.timeout = 10s (default)
2019-09-25 07:04:55,675 [24bf2945-a329-4da6-aaf2-23ecd8d462c6@group-4B63F1BD2522:LeaderElection76] INFO  server.RaftServerConfigKeys (ConfUtils.java:logGet(43)) - raft.server.watch.timeout.denomination = 1s (default)
2019-09-25 07:04:55,641 [e568d23f-199e-48ce-91e4-5c166e2e97cd@group-6D5E2718846D:LeaderElection75] INFO  server.RaftServerConfigKeys (ConfUtils.java:logGet(43)) - raft.server.watch.timeout = 10s (default)
2019-09-25 07:04:55,641 [pool-37-thread-1] INFO  server.RaftServerConfigKeys (ConfUtils.java:logGet(43)) - raft.server.log.segment.size.max = 1048576 (custom)
2019-09-25 07:04:55,640 [24bf2945-a329-4da6-aaf2-23ecd8d462c6@group-806C51DA001C:LeaderElection79] INFO  server.RaftServerConfigKeys (ConfUtils.java:logGet(43)) - raft.server.staging.catchup.gap = 1000 (default)
2019-09-25 07:04:55,676 [24bf2945-a329-4da6-aaf2-23ecd8d462c6@group-806C51DA001C:LeaderElection79] INFO  server.RaftServerConfigKeys (ConfUtils.java:logGet(43)) - raft.server.rpc.sleep.time = 25ms (default)
2019-09-25 07:04:55,639 [62ec8eb9-3ae9-4136-b70a-2caf3716fa7f@group-B55175940783:LeaderElection78] INFO  server.RaftServerConfigKeys (ConfUtils.java:logGet(43)) - raft.server.rpc.sleep.time = 25ms (default)
2019-09-25 07:04:55,639 [62ec8eb9-3ae9-4136-b70a-2caf3716fa7f@group-E547958F4AD8:LeaderElection72] INFO  server.RaftServerConfigKeys (ConfUtils.java:logGet(43)) - raft.server.write.element-limit = 4096 (default)
2019-09-25 07:04:55,638 [e568d23f-199e-48ce-91e4-5c166e2e97cd@group-5A9570ABCA5E:LeaderElection71] INFO  server.RaftServerConfigKeys (ConfUtils.java:logGet(43)) - raft.server.watch.element-limit = 65536 (default)
2019-09-25 07:04:55,638 [62ec8eb9-3ae9-4136-b70a-2caf3716fa7f@group-3A07CAB9B615:LeaderElection89] INFO  impl.RaftServerImpl (ServerState.java:setLeader(253)) - 62ec8eb9-3ae9-4136-b70a-2caf3716fa7f@group-3A07CAB9B615: change Leader from null to 62ec8eb9-3ae9-4136-b70a-2caf3716fa7f at term 1 for becomeLeader, leader elected after 6065ms
2019-09-25 07:04:55,638 [24bf2945-a329-4da6-aaf2-23ecd8d462c6@group-26C64E403BCE:LeaderElection90] INFO  impl.RaftServerImpl (ServerState.java:setLeader(253)) - 24bf2945-a329-4da6-aaf2-23ecd8d462c6@group-26C64E403BCE: change Leader from null to 24bf2945-a329-4da6-aaf2-23ecd8d462c6 at term 1 for becomeLeader, leader elected after 6137ms
2019-09-25 07:04:55,638 [62ec8eb9-3ae9-4136-b70a-2caf3716fa7f@group-D904831A97FC:LeaderElection91] INFO  server.RaftServerConfigKeys (ConfUtils.java:logGet(43)) - raft.server.staging.catchup.gap = 1000 (default)
2019-09-25 07:04:55,637 [e568d23f-199e-48ce-91e4-5c166e2e97cd@group-3D7A5B67F997:LeaderElection86] INFO  impl.RaftServerImpl (ServerState.java:setLeader(253)) - e568d23f-199e-48ce-91e4-5c166e2e97cd@group-3D7A5B67F997: change Leader from null to e568d23f-199e-48ce-91e4-5c166e2e97cd at term 1 for becomeLeader, leader elected after 6488ms
2019-09-25 07:04:55,637 [62ec8eb9-3ae9-4136-b70a-2caf3716fa7f@group-AE2CC0DD201F:LeaderElection88] INFO  impl.RaftServerImpl (ServerState.java:setLeader(253)) - 62ec8eb9-3ae9-4136-b70a-2caf3716fa7f@group-AE2CC0DD201F: change Leader from null to 62ec8eb9-3ae9-4136-b70a-2caf3716fa7f at term 1 for becomeLeader, leader elected after 6542ms
2019-09-25 07:04:55,637 [62ec8eb9-3ae9-4136-b70a-2caf3716fa7f@group-ABB063594AB8:LeaderElection87] INFO  server.RaftServerConfigKeys (ConfUtils.java:logGet(43)) - raft.server.staging.catchup.gap = 1000 (default)
2019-09-25 07:04:55,637 [62ec8eb9-3ae9-4136-b70a-2caf3716fa7f@group-853F494A7699:LeaderElection73] INFO  server.RaftServerConfigKeys (ConfUtils.java:logGet(43)) - raft.server.watch.timeout = 10s (default)
2019-09-25 07:04:55,637 [62ec8eb9-3ae9-4136-b70a-2caf3716fa7f@group-FFC5433C2152:LeaderElection85] INFO  impl.RaftServerImpl (RaftServerImpl.java:setRole(174)) - 62ec8eb9-3ae9-4136-b70a-2caf3716fa7f@group-FFC5433C2152: changes role from CANDIDATE to LEADER at term 1 for changeToLeader
2019-09-25 07:04:55,636 [24bf2945-a329-4da6-aaf2-23ecd8d462c6@group-134481B225CC:LeaderElection83] INFO  impl.RaftServerImpl (RaftServerImpl.java:setRole(174)) - 24bf2945-a329-4da6-aaf2-23ecd8d462c6@group-134481B225CC: changes role from CANDIDATE to LEADER at term 1 for changeToLeader
2019-09-25 07:04:55,636 [24bf2945-a329-4da6-aaf2-23ecd8d462c6@group-FF666133FC8D:LeaderElection84] INFO  impl.RaftServerImpl (RaftServerImpl.java:setRole(174)) - 24bf2945-a329-4da6-aaf2-23ecd8d462c6@group-FF666133FC8D: changes role from CANDIDATE to LEADER at term 1 for changeToLeader
2019-09-25 07:04:55,636 [24bf2945-a329-4da6-aaf2-23ecd8d462c6@group-20DC2BFBC392:LeaderElection74] INFO  server.RaftServerConfigKeys (ConfUtils.java:logGet(43)) - raft.server.rpc.sleep.time = 25ms (default)
2019-09-25 07:04:55,636 [24bf2945-a329-4da6-aaf2-23ecd8d462c6@group-59E882B450F2:LeaderElection70] INFO  server.RaftServerConfigKeys (ConfUtils.java:logGet(43)) - raft.server.staging.catchup.gap = 1000 (default)
2019-09-25 07:04:55,678 [24bf2945-a329-4da6-aaf2-23ecd8d462c6@group-20DC2BFBC392:LeaderElection74] INFO  server.RaftServerConfigKeys (ConfUtils.java:logGet(43)) - raft.server.write.element-limit = 4096 (default)
2019-09-25 07:04:55,678 [24bf2945-a329-4da6-aaf2-23ecd8d462c6@group-FF666133FC8D:LeaderElection84] INFO  impl.RaftServerImpl (ServerState.java:setLeader(253)) - 24bf2945-a329-4da6-aaf2-23ecd8d462c6@group-FF666133FC8D: change Leader from null to 24bf2945-a329-4da6-aaf2-23ecd8d462c6 at term 1 for becomeLeader, leader elected after 6709ms
2019-09-25 07:04:55,678 [24bf2945-a329-4da6-aaf2-23ecd8d462c6@group-134481B225CC:LeaderElection83] INFO  impl.RaftServerImpl (ServerState.java:setLeader(253)) - 24bf2945-a329-4da6-aaf2-23ecd8d462c6@group-134481B225CC: change Leader from null to 24bf2945-a329-4da6-aaf2-23ecd8d462c6 at term 1 for becomeLeader, leader elected after 6668ms
2019-09-25 07:04:55,678 [62ec8eb9-3ae9-4136-b70a-2caf3716fa7f@group-FFC5433C2152:LeaderElection85] INFO  impl.RaftServerImpl (ServerState.java:setLeader(253)) - 62ec8eb9-3ae9-4136-b70a-2caf3716fa7f@group-FFC5433C2152: change Leader from null to 62ec8eb9-3ae9-4136-b70a-2caf3716fa7f at term 1 for becomeLeader, leader elected after 6632ms
2019-09-25 07:04:55,678 [62ec8eb9-3ae9-4136-b70a-2caf3716fa7f@group-853F494A7699:LeaderElection73] INFO  server.RaftServerConfigKeys (ConfUtils.java:logGet(43)) - raft.server.watch.timeout.denomination = 1s (default)
2019-09-25 07:04:55,677 [62ec8eb9-3ae9-4136-b70a-2caf3716fa7f@group-ABB063594AB8:LeaderElection87] INFO  server.RaftServerConfigKeys (ConfUtils.java:logGet(43)) - raft.server.rpc.sleep.time = 25ms (default)
2019-09-25 07:04:55,677 [62ec8eb9-3ae9-4136-b70a-2caf3716fa7f@group-AE2CC0DD201F:LeaderElection88] INFO  server.RaftServerConfigKeys (ConfUtils.java:logGet(43)) - raft.server.staging.catchup.gap = 1000 (default)
2019-09-25 07:04:55,677 [e568d23f-199e-48ce-91e4-5c166e2e97cd@group-3D7A5B67F997:LeaderElection86] INFO  server.RaftServerConfigKeys (ConfUtils.java:logGet(43)) - raft.server.staging.catchup.gap = 1000 (default)
2019-09-25 07:04:55,677 [62ec8eb9-3ae9-4136-b70a-2caf3716fa7f@group-D904831A97FC:LeaderElection91] INFO  server.RaftServerConfigKeys (ConfUtils.java:logGet(43)) - raft.server.rpc.sleep.time = 25ms (default)
2019-09-25 07:04:55,677 [24bf2945-a329-4da6-aaf2-23ecd8d462c6@group-26C64E403BCE:LeaderElection90] INFO  server.RaftServerConfigKeys (ConfUtils.java:logGet(43)) - raft.server.staging.catchup.gap = 1000 (default)
2019-09-25 07:04:55,677 [62ec8eb9-3ae9-4136-b70a-2caf3716fa7f@group-3A07CAB9B615:LeaderElection89] INFO  server.RaftServerConfigKeys (ConfUtils.java:logGet(43)) - raft.server.staging.catchup.gap = 1000 (default)
2019-09-25 07:04:55,676 [62ec8eb9-3ae9-4136-b70a-2caf3716fa7f@group-E547958F4AD8:LeaderElection72] INFO  server.RaftServerConfigKeys (ConfUtils.java:logGet(43)) - raft.server.watch.timeout = 10s (default)
2019-09-25 07:04:55,676 [62ec8eb9-3ae9-4136-b70a-2caf3716fa7f@group-B55175940783:LeaderElection78] INFO  server.RaftServerConfigKeys (ConfUtils.java:logGet(43)) - raft.server.write.element-limit = 4096 (default)
2019-09-25 07:04:55,676 [24bf2945-a329-4da6-aaf2-23ecd8d462c6@group-806C51DA001C:LeaderElection79] INFO  server.RaftServerConfigKeys (ConfUtils.java:logGet(43)) - raft.server.write.element-limit = 4096 (default)
2019-09-25 07:04:55,676 [pool-37-thread-1] INFO  server.RaftServerConfigKeys (ConfUtils.java:logGet(43)) - raft.server.log.segment.cache.num.max = 2 (custom)
2019-09-25 07:04:55,681 [pool-37-thread-1] INFO  segmented.SegmentedRaftLogWorker (SegmentedRaftLogWorker.java:<init>(172)) - new 62ec8eb9-3ae9-4136-b70a-2caf3716fa7f@group-F9DD8DFAA4FE-SegmentedRaftLogWorker for RaftStorage:Storage Directory /workdir/hadoop-ozone/integration-test/target/test-dir/MiniOzoneClusterImpl-39af9574-7a8b-4ed7-b830-bf686a3d4bb8/datanode-1/data/ratis/a8b91be1-a60e-49fc-9cd8-f9dd8dfaa4fe
2019-09-25 07:04:55,676 [e568d23f-199e-48ce-91e4-5c166e2e97cd@group-6D5E2718846D:LeaderElection75] INFO  server.RaftServerConfigKeys (ConfUtils.java:logGet(43)) - raft.server.watch.timeout.denomination = 1s (default)
2019-09-25 07:04:55,675 [24bf2945-a329-4da6-aaf2-23ecd8d462c6@group-4B63F1BD2522:LeaderElection76] INFO  server.RaftServerConfigKeys (ConfUtils.java:logGet(43)) - raft.server.watch.element-limit = 65536 (default)
2019-09-25 07:04:55,675 [62ec8eb9-3ae9-4136-b70a-2caf3716fa7f@group-AF43CFC2C23D:LeaderElection77] INFO  server.RaftServerConfigKeys (ConfUtils.java:logGet(43)) - raft.server.staging.catchup.gap = 1000 (default)
2019-09-25 07:04:55,675 [e568d23f-199e-48ce-91e4-5c166e2e97cd@group-345830245B51:LeaderElection81] INFO  server.RaftServerConfigKeys (ConfUtils.java:logGet(43)) - raft.server.staging.catchup.gap = 1000 (default)
2019-09-25 07:04:55,674 [62ec8eb9-3ae9-4136-b70a-2caf3716fa7f@group-02FBD30808D9:LeaderElection82] INFO  impl.RaftServerImpl (ServerState.java:setLeader(253)) - 62ec8eb9-3ae9-4136-b70a-2caf3716fa7f@group-02FBD30808D9: change Leader from null to 62ec8eb9-3ae9-4136-b70a-2caf3716fa7f at term 1 for becomeLeader, leader elected after 6457ms
2019-09-25 07:04:55,672 [24bf2945-a329-4da6-aaf2-23ecd8d462c6@group-F84487B1973B-SegmentedRaftLogWorker] INFO  impl.StateMachineUpdater (StateMachineUpdater.java:stopAndJoin(125)) - 24bf2945-a329-4da6-aaf2-23ecd8d462c6@group-F84487B1973B-StateMachineUpdater: set stopIndex = -1
2019-09-25 07:04:55,682 [24bf2945-a329-4da6-aaf2-23ecd8d462c6@group-F84487B1973B-SegmentedRaftLogWorker] INFO  impl.RaftServerImpl (ServerState.java:close(385)) - 24bf2945-a329-4da6-aaf2-23ecd8d462c6@group-F84487B1973B: closes. applyIndex: -1
2019-09-25 07:04:55,672 [24bf2945-a329-4da6-aaf2-23ecd8d462c6@group-0F02076B3222:LeaderElection107] INFO  impl.RoleInfo (RoleInfo.java:shutdownLeaderElection(134)) - 24bf2945-a329-4da6-aaf2-23ecd8d462c6: shutdown LeaderElection
2019-09-25 07:04:55,671 [e568d23f-199e-48ce-91e4-5c166e2e97cd@group-A76C434A76E6:LeaderElection114] INFO  impl.RoleInfo (RoleInfo.java:shutdownLeaderElection(134)) - e568d23f-199e-48ce-91e4-5c166e2e97cd: shutdown LeaderElection
2019-09-25 07:04:55,671 [24bf2945-a329-4da6-aaf2-23ecd8d462c6@group-0A6D6B37687B:LeaderElection113] INFO  impl.RoleInfo (RoleInfo.java:shutdownLeaderElection(134)) - 24bf2945-a329-4da6-aaf2-23ecd8d462c6: shutdown LeaderElection
2019-09-25 07:04:55,671 [62ec8eb9-3ae9-4136-b70a-2caf3716fa7f@group-5534E370F072:LeaderElection112] INFO  impl.RoleInfo (RoleInfo.java:shutdownLeaderElection(134)) - 62ec8eb9-3ae9-4136-b70a-2caf3716fa7f: shutdown LeaderElection
2019-09-25 07:04:55,671 [24bf2945-a329-4da6-aaf2-23ecd8d462c6@group-A7908075CAFF:LeaderElection103] INFO  impl.RoleInfo (RoleInfo.java:shutdownLeaderElection(134)) - 24bf2945-a329-4da6-aaf2-23ecd8d462c6: shutdown LeaderElection
2019-09-25 07:04:55,671 [24bf2945-a329-4da6-aaf2-23ecd8d462c6@group-339D99FADD64:LeaderElection106] INFO  impl.RoleInfo (RoleInfo.java:shutdownLeaderElection(134)) - 24bf2945-a329-4da6-aaf2-23ecd8d462c6: shutdown LeaderElection
2019-09-25 07:04:55,671 [24bf2945-a329-4da6-aaf2-23ecd8d462c6@group-4E9FB9BD23D5:LeaderElection115] INFO  impl.RoleInfo (RoleInfo.java:shutdownLeaderElection(134)) - 24bf2945-a329-4da6-aaf2-23ecd8d462c6: shutdown LeaderElection
2019-09-25 07:04:55,670 [24bf2945-a329-4da6-aaf2-23ecd8d462c6@group-2DE67EB528FC:LeaderElection110] INFO  impl.RoleInfo (RoleInfo.java:shutdownLeaderElection(134)) - 24bf2945-a329-4da6-aaf2-23ecd8d462c6: shutdown LeaderElection
2019-09-25 07:04:55,683 [24bf2945-a329-4da6-aaf2-23ecd8d462c6@group-2DE67EB528FC:LeaderElection110] INFO  impl.RaftServerImpl (RaftServerImpl.java:setRole(174)) - 24bf2945-a329-4da6-aaf2-23ecd8d462c6@group-2DE67EB528FC: changes role from CANDIDATE to LEADER at term 1 for changeToLeader
2019-09-25 07:04:55,670 [62ec8eb9-3ae9-4136-b70a-2caf3716fa7f@group-465D573F1739:LeaderElection109] INFO  impl.RoleInfo (RoleInfo.java:shutdownLeaderElection(134)) - 62ec8eb9-3ae9-4136-b70a-2caf3716fa7f: shutdown LeaderElection
2019-09-25 07:04:55,670 [e568d23f-199e-48ce-91e4-5c166e2e97cd@group-41A741059900:LeaderElection111] INFO  impl.RoleInfo (RoleInfo.java:shutdownLeaderElection(134)) - e568d23f-199e-48ce-91e4-5c166e2e97cd: shutdown LeaderElection
2019-09-25 07:04:55,683 [24bf2945-a329-4da6-aaf2-23ecd8d462c6@group-4B63F1BD2522:LeaderElection76] INFO  impl.RoleInfo (RoleInfo.java:updateAndGet(143)) - 24bf2945-a329-4da6-aaf2-23ecd8d462c6: start LeaderState
2019-09-25 07:04:55,670 [e568d23f-199e-48ce-91e4-5c166e2e97cd@group-D4DB0DEAC0CD:LeaderElection101] INFO  impl.RoleInfo (RoleInfo.java:shutdownLeaderElection(134)) - e568d23f-199e-48ce-91e4-5c166e2e97cd: shutdown LeaderElection
2019-09-25 07:04:55,670 [62ec8eb9-3ae9-4136-b70a-2caf3716fa7f@group-E80D967D3F68:LeaderElection98] INFO  impl.RoleInfo (RoleInfo.java:shutdownLeaderElection(134)) - 62ec8eb9-3ae9-4136-b70a-2caf3716fa7f: shutdown LeaderElection
2019-09-25 07:04:55,670 [24bf2945-a329-4da6-aaf2-23ecd8d462c6@group-D2C4951991DC-SegmentedRaftLogWorker] INFO  impl.RaftServerImpl (ServerState.java:close(385)) - 24bf2945-a329-4da6-aaf2-23ecd8d462c6@group-D2C4951991DC: closes. applyIndex: -1
2019-09-25 07:04:55,670 [e568d23f-199e-48ce-91e4-5c166e2e97cd@group-7B72D47A5EF5:LeaderElection93] INFO  impl.RoleInfo (RoleInfo.java:shutdownLeaderElection(134)) - e568d23f-199e-48ce-91e4-5c166e2e97cd: shutdown LeaderElection
2019-09-25 07:04:55,670 [e568d23f-199e-48ce-91e4-5c166e2e97cd@group-F05F9C076728:LeaderElection97] INFO  impl.RoleInfo (RoleInfo.java:shutdownLeaderElection(134)) - e568d23f-199e-48ce-91e4-5c166e2e97cd: shutdown LeaderElection
2019-09-25 07:04:55,669 [e568d23f-199e-48ce-91e4-5c166e2e97cd@group-DDE3C963B612:LeaderElection96] INFO  impl.RoleInfo (RoleInfo.java:shutdownLeaderElection(134)) - e568d23f-199e-48ce-91e4-5c166e2e97cd: shutdown LeaderElection
2019-09-25 07:04:55,669 [24bf2945-a329-4da6-aaf2-23ecd8d462c6@group-7C5CBE2B0FCF:LeaderElection100] INFO  impl.RoleInfo (RoleInfo.java:shutdownLeaderElection(134)) - 24bf2945-a329-4da6-aaf2-23ecd8d462c6: shutdown LeaderElection
2019-09-25 07:04:55,669 [62ec8eb9-3ae9-4136-b70a-2caf3716fa7f@group-A59A59095A78:LeaderElection95] INFO  impl.RoleInfo (RoleInfo.java:shutdownLeaderElection(134)) - 62ec8eb9-3ae9-4136-b70a-2caf3716fa7f: shutdown LeaderElection
2019-09-25 07:04:55,685 [62ec8eb9-3ae9-4136-b70a-2caf3716fa7f@group-A59A59095A78:LeaderElection95] INFO  impl.RaftServerImpl (RaftServerImpl.java:setRole(174)) - 62ec8eb9-3ae9-4136-b70a-2caf3716fa7f@group-A59A59095A78: changes role from CANDIDATE to LEADER at term 1 for changeToLeader
2019-09-25 07:04:55,669 [62ec8eb9-3ae9-4136-b70a-2caf3716fa7f@group-F92EA15D7072:LeaderElection80] INFO  impl.RaftServerImpl (RaftServerImpl.java:setRole(174)) - 62ec8eb9-3ae9-4136-b70a-2caf3716fa7f@group-F92EA15D7072: changes role from CANDIDATE to LEADER at term 1 for changeToLeader
2019-09-25 07:04:55,669 [24bf2945-a329-4da6-aaf2-23ecd8d462c6@group-EA13F692BD94:LeaderElection94] INFO  impl.LeaderElection (LeaderElection.java:askForVotes(182)) - 24bf2945-a329-4da6-aaf2-23ecd8d462c6@group-EA13F692BD94:LeaderElection94: begin an election at term 1 for -1: [24bf2945-a329-4da6-aaf2-23ecd8d462c6:192.168.30.10:42867], old=null
2019-09-25 07:04:55,685 [24bf2945-a329-4da6-aaf2-23ecd8d462c6@group-EA13F692BD94:LeaderElection94] INFO  impl.RoleInfo (RoleInfo.java:shutdownLeaderElection(134)) - 24bf2945-a329-4da6-aaf2-23ecd8d462c6: shutdown LeaderElection
2019-09-25 07:04:55,669 [24bf2945-a329-4da6-aaf2-23ecd8d462c6@group-A8601CC5B899:LeaderElection99] INFO  impl.LeaderElection (LeaderElection.java:askForVotes(182)) - 24bf2945-a329-4da6-aaf2-23ecd8d462c6@group-A8601CC5B899:LeaderElection99: begin an election at term 1 for -1: [24bf2945-a329-4da6-aaf2-23ecd8d462c6:192.168.30.10:42867], old=null
2019-09-25 07:04:55,669 [24bf2945-a329-4da6-aaf2-23ecd8d462c6@group-FB23A28886E1:LeaderElection92] INFO  impl.LeaderElection (LeaderElection.java:askForVotes(182)) - 24bf2945-a329-4da6-aaf2-23ecd8d462c6@group-FB23A28886E1:LeaderElection92: begin an election at term 1 for -1: [24bf2945-a329-4da6-aaf2-23ecd8d462c6:192.168.30.10:42867], old=null
2019-09-25 07:04:55,669 [62ec8eb9-3ae9-4136-b70a-2caf3716fa7f@group-AFCD660D5460:LeaderElection102] INFO  impl.LeaderElection (LeaderElection.java:askForVotes(182)) - 62ec8eb9-3ae9-4136-b70a-2caf3716fa7f@group-AFCD660D5460:LeaderElection102: begin an election at term 1 for -1: [62ec8eb9-3ae9-4136-b70a-2caf3716fa7f:192.168.30.10:44715], old=null
2019-09-25 07:04:55,685 [24bf2945-a329-4da6-aaf2-23ecd8d462c6@group-FB23A28886E1:LeaderElection92] INFO  impl.RoleInfo (RoleInfo.java:shutdownLeaderElection(134)) - 24bf2945-a329-4da6-aaf2-23ecd8d462c6: shutdown LeaderElection
2019-09-25 07:04:55,685 [24bf2945-a329-4da6-aaf2-23ecd8d462c6@group-A8601CC5B899:LeaderElection99] INFO  impl.RoleInfo (RoleInfo.java:shutdownLeaderElection(134)) - 24bf2945-a329-4da6-aaf2-23ecd8d462c6: shutdown LeaderElection
2019-09-25 07:04:55,685 [24bf2945-a329-4da6-aaf2-23ecd8d462c6@group-EA13F692BD94:LeaderElection94] INFO  impl.RaftServerImpl (RaftServerImpl.java:setRole(174)) - 24bf2945-a329-4da6-aaf2-23ecd8d462c6@group-EA13F692BD94: changes role from CANDIDATE to LEADER at term 1 for changeToLeader
2019-09-25 07:04:55,686 [24bf2945-a329-4da6-aaf2-23ecd8d462c6@group-EA13F692BD94:LeaderElection94] INFO  impl.RaftServerImpl (ServerState.java:setLeader(253)) - 24bf2945-a329-4da6-aaf2-23ecd8d462c6@group-EA13F692BD94: change Leader from null to 24bf2945-a329-4da6-aaf2-23ecd8d462c6 at term 1 for becomeLeader, leader elected after 6068ms
2019-09-25 07:04:55,685 [62ec8eb9-3ae9-4136-b70a-2caf3716fa7f@group-F92EA15D7072:LeaderElection80] INFO  impl.RaftServerImpl (ServerState.java:setLeader(253)) - 62ec8eb9-3ae9-4136-b70a-2caf3716fa7f@group-F92EA15D7072: change Leader from null to 62ec8eb9-3ae9-4136-b70a-2caf3716fa7f at term 1 for becomeLeader, leader elected after 6279ms
2019-09-25 07:04:55,685 [62ec8eb9-3ae9-4136-b70a-2caf3716fa7f@group-A59A59095A78:LeaderElection95] INFO  impl.RaftServerImpl (ServerState.java:setLeader(253)) - 62ec8eb9-3ae9-4136-b70a-2caf3716fa7f@group-A59A59095A78: change Leader from null to 62ec8eb9-3ae9-4136-b70a-2caf3716fa7f at term 1 for becomeLeader, leader elected after 6493ms
2019-09-25 07:04:55,685 [24bf2945-a329-4da6-aaf2-23ecd8d462c6@group-7C5CBE2B0FCF:LeaderElection100] INFO  impl.RaftServerImpl (RaftServerImpl.java:setRole(174)) - 24bf2945-a329-4da6-aaf2-23ecd8d462c6@group-7C5CBE2B0FCF: changes role from CANDIDATE to LEADER at term 1 for changeToLeader
2019-09-25 07:04:55,684 [e568d23f-199e-48ce-91e4-5c166e2e97cd@group-DDE3C963B612:LeaderElection96] INFO  impl.RaftServerImpl (RaftServerImpl.java:setRole(174)) - e568d23f-199e-48ce-91e4-5c166e2e97cd@group-DDE3C963B612: changes role from CANDIDATE to LEADER at term 1 for changeToLeader
2019-09-25 07:04:55,684 [e568d23f-199e-48ce-91e4-5c166e2e97cd@group-F05F9C076728:LeaderElection97] INFO  impl.RaftServerImpl (RaftServerImpl.java:setRole(174)) - e568d23f-199e-48ce-91e4-5c166e2e97cd@group-F05F9C076728: changes role from CANDIDATE to LEADER at term 1 for changeToLeader
2019-09-25 07:04:55,684 [e568d23f-199e-48ce-91e4-5c166e2e97cd@group-7B72D47A5EF5:LeaderElection93] INFO  impl.RaftServerImpl (RaftServerImpl.java:setRole(174)) - e568d23f-199e-48ce-91e4-5c166e2e97cd@group-7B72D47A5EF5: changes role from CANDIDATE to LEADER at term 1 for changeToLeader
2019-09-25 07:04:55,684 [24bf2945-a329-4da6-aaf2-23ecd8d462c6@group-D2C4951991DC-SegmentedRaftLogWorker] INFO  segmented.SegmentedRaftLogWorker (SegmentedRaftLogWorker.java:close(228)) - 24bf2945-a329-4da6-aaf2-23ecd8d462c6@group-D2C4951991DC-SegmentedRaftLogWorker close()
2019-09-25 07:04:55,684 [24bf2945-a329-4da6-aaf2-23ecd8d462c6@group-F84487B1973B-SegmentedRaftLogWorker] INFO  segmented.SegmentedRaftLogWorker (SegmentedRaftLogWorker.java:close(228)) - 24bf2945-a329-4da6-aaf2-23ecd8d462c6@group-F84487B1973B-SegmentedRaftLogWorker close()
2019-09-25 07:04:55,684 [62ec8eb9-3ae9-4136-b70a-2caf3716fa7f@group-E80D967D3F68:LeaderElection98] INFO  impl.RaftServerImpl (RaftServerImpl.java:setRole(174)) - 62ec8eb9-3ae9-4136-b70a-2caf3716fa7f@group-E80D967D3F68: changes role from CANDIDATE to LEADER at term 1 for changeToLeader
2019-09-25 07:04:55,684 [24bf2945-a329-4da6-aaf2-23ecd8d462c6@group-4B63F1BD2522:LeaderElection76] INFO  segmented.SegmentedRaftLogWorker (SegmentedRaftLogWorker.java:startLogSegment(380)) - 24bf2945-a329-4da6-aaf2-23ecd8d462c6@group-4B63F1BD2522-SegmentedRaftLogWorker: Starting segment from index:0
2019-09-25 07:04:55,684 [e568d23f-199e-48ce-91e4-5c166e2e97cd@group-D4DB0DEAC0CD:LeaderElection101] INFO  impl.RaftServerImpl (RaftServerImpl.java:setRole(174)) - e568d23f-199e-48ce-91e4-5c166e2e97cd@group-D4DB0DEAC0CD: changes role from CANDIDATE to LEADER at term 1 for changeToLeader
2019-09-25 07:04:55,683 [e568d23f-199e-48ce-91e4-5c166e2e97cd@group-41A741059900:LeaderElection111] INFO  impl.RaftServerImpl (RaftServerImpl.java:setRole(174)) - e568d23f-199e-48ce-91e4-5c166e2e97cd@group-41A741059900: changes role from CANDIDATE to LEADER at term 1 for changeToLeader
2019-09-25 07:04:55,683 [62ec8eb9-3ae9-4136-b70a-2caf3716fa7f@group-465D573F1739:LeaderElection109] INFO  impl.RaftServerImpl (RaftServerImpl.java:setRole(174)) - 62ec8eb9-3ae9-4136-b70a-2caf3716fa7f@group-465D573F1739: changes role from CANDIDATE to LEADER at term 1 for changeToLeader
2019-09-25 07:04:56,016 [62ec8eb9-3ae9-4136-b70a-2caf3716fa7f@group-465D573F1739:LeaderElection109] INFO  impl.RaftServerImpl (ServerState.java:setLeader(253)) - 62ec8eb9-3ae9-4136-b70a-2caf3716fa7f@group-465D573F1739: change Leader from null to 62ec8eb9-3ae9-4136-b70a-2caf3716fa7f at term 1 for becomeLeader, leader elected after 5965ms
2019-09-25 07:04:55,683 [24bf2945-a329-4da6-aaf2-23ecd8d462c6@group-2DE67EB528FC:LeaderElection110] INFO  impl.RaftServerImpl (ServerState.java:setLeader(253)) - 24bf2945-a329-4da6-aaf2-23ecd8d462c6@group-2DE67EB528FC: change Leader from null to 24bf2945-a329-4da6-aaf2-23ecd8d462c6 at term 1 for becomeLeader, leader elected after 5530ms
2019-09-25 07:04:55,683 [24bf2945-a329-4da6-aaf2-23ecd8d462c6@group-4E9FB9BD23D5:LeaderElection115] INFO  impl.RaftServerImpl (RaftServerImpl.java:setRole(174)) - 24bf2945-a329-4da6-aaf2-23ecd8d462c6@group-4E9FB9BD23D5: changes role from CANDIDATE to LEADER at term 1 for changeToLeader
2019-09-25 07:04:55,683 [24bf2945-a329-4da6-aaf2-23ecd8d462c6@group-339D99FADD64:LeaderElection106] INFO  impl.RaftServerImpl (RaftServerImpl.java:setRole(174)) - 24bf2945-a329-4da6-aaf2-23ecd8d462c6@group-339D99FADD64: changes role from CANDIDATE to LEADER at term 1 for changeToLeader
2019-09-25 07:04:56,017 [24bf2945-a329-4da6-aaf2-23ecd8d462c6@group-339D99FADD64:LeaderElection106] INFO  impl.RaftServerImpl (ServerState.java:setLeader(253)) - 24bf2945-a329-4da6-aaf2-23ecd8d462c6@group-339D99FADD64: change Leader from null to 24bf2945-a329-4da6-aaf2-23ecd8d462c6 at term 1 for becomeLeader, leader elected after 6077ms
2019-09-25 07:04:55,683 [24bf2945-a329-4da6-aaf2-23ecd8d462c6@group-A7908075CAFF:LeaderElection103] INFO  impl.RaftServerImpl (RaftServerImpl.java:setRole(174)) - 24bf2945-a329-4da6-aaf2-23ecd8d462c6@group-A7908075CAFF: changes role from CANDIDATE to LEADER at term 1 for changeToLeader
2019-09-25 07:04:56,018 [24bf2945-a329-4da6-aaf2-23ecd8d462c6@group-A7908075CAFF:LeaderElection103] INFO  impl.RaftServerImpl (ServerState.java:setLeader(253)) - 24bf2945-a329-4da6-aaf2-23ecd8d462c6@group-A7908075CAFF: change Leader from null to 24bf2945-a329-4da6-aaf2-23ecd8d462c6 at term 1 for becomeLeader, leader elected after 6174ms
2019-09-25 07:04:55,682 [62ec8eb9-3ae9-4136-b70a-2caf3716fa7f@group-5534E370F072:LeaderElection112] INFO  impl.RaftServerImpl (RaftServerImpl.java:setRole(174)) - 62ec8eb9-3ae9-4136-b70a-2caf3716fa7f@group-5534E370F072: changes role from CANDIDATE to LEADER at term 1 for changeToLeader
2019-09-25 07:04:56,018 [62ec8eb9-3ae9-4136-b70a-2caf3716fa7f@group-5534E370F072:LeaderElection112] INFO  impl.RaftServerImpl (ServerState.java:setLeader(253)) - 62ec8eb9-3ae9-4136-b70a-2caf3716fa7f@group-5534E370F072: change Leader from null to 62ec8eb9-3ae9-4136-b70a-2caf3716fa7f at term 1 for becomeLeader, leader elected after 6233ms
2019-09-25 07:04:55,682 [24bf2945-a329-4da6-aaf2-23ecd8d462c6@group-0A6D6B37687B:LeaderElection113] INFO  impl.RaftServerImpl (RaftServerImpl.java:setRole(174)) - 24bf2945-a329-4da6-aaf2-23ecd8d462c6@group-0A6D6B37687B: changes role from CANDIDATE to LEADER at term 1 for changeToLeader
2019-09-25 07:04:56,018 [24bf2945-a329-4da6-aaf2-23ecd8d462c6@group-0A6D6B37687B:LeaderElection113] INFO  impl.RaftServerImpl (ServerState.java:setLeader(253)) - 24bf2945-a329-4da6-aaf2-23ecd8d462c6@group-0A6D6B37687B: change Leader from null to 24bf2945-a329-4da6-aaf2-23ecd8d462c6 at term 1 for becomeLeader, leader elected after 6289ms
2019-09-25 07:04:55,682 [e568d23f-199e-48ce-91e4-5c166e2e97cd@group-A76C434A76E6:LeaderElection114] INFO  impl.RaftServerImpl (RaftServerImpl.java:setRole(174)) - e568d23f-199e-48ce-91e4-5c166e2e97cd@group-A76C434A76E6: changes role from CANDIDATE to LEADER at term 1 for changeToLeader
2019-09-25 07:04:55,682 [24bf2945-a329-4da6-aaf2-23ecd8d462c6@group-0F02076B3222:LeaderElection107] INFO  impl.RaftServerImpl (RaftServerImpl.java:setRole(174)) - 24bf2945-a329-4da6-aaf2-23ecd8d462c6@group-0F02076B3222: changes role from CANDIDATE to LEADER at term 1 for changeToLeader
2019-09-25 07:04:56,019 [24bf2945-a329-4da6-aaf2-23ecd8d462c6@group-0F02076B3222:LeaderElection107] INFO  impl.RaftServerImpl (ServerState.java:setLeader(253)) - 24bf2945-a329-4da6-aaf2-23ecd8d462c6@group-0F02076B3222: change Leader from null to 24bf2945-a329-4da6-aaf2-23ecd8d462c6 at term 1 for becomeLeader, leader elected after 5920ms
2019-09-25 07:04:55,682 [62ec8eb9-3ae9-4136-b70a-2caf3716fa7f@group-02FBD30808D9:LeaderElection82] INFO  server.RaftServerConfigKeys (ConfUtils.java:logGet(43)) - raft.server.staging.catchup.gap = 1000 (default)
2019-09-25 07:04:55,682 [e568d23f-199e-48ce-91e4-5c166e2e97cd@group-345830245B51:LeaderElection81] INFO  server.RaftServerConfigKeys (ConfUtils.java:logGet(43)) - raft.server.rpc.sleep.time = 25ms (default)
2019-09-25 07:04:55,681 [62ec8eb9-3ae9-4136-b70a-2caf3716fa7f@group-AF43CFC2C23D:LeaderElection77] INFO  server.RaftServerConfigKeys (ConfUtils.java:logGet(43)) - raft.server.rpc.sleep.time = 25ms (default)
2019-09-25 07:04:55,681 [e568d23f-199e-48ce-91e4-5c166e2e97cd@group-6D5E2718846D:LeaderElection75] INFO  server.RaftServerConfigKeys (ConfUtils.java:logGet(43)) - raft.server.watch.element-limit = 65536 (default)
2019-09-25 07:04:55,681 [pool-37-thread-1] INFO  server.RaftServerConfigKeys (ConfUtils.java:logGet(43)) - raft.server.log.queue.byte-limit = 2147483647 (custom)
2019-09-25 07:04:55,681 [24bf2945-a329-4da6-aaf2-23ecd8d462c6@group-806C51DA001C:LeaderElection79] INFO  server.RaftServerConfigKeys (ConfUtils.java:logGet(43)) - raft.server.watch.timeout = 10s (default)
2019-09-25 07:04:55,680 [62ec8eb9-3ae9-4136-b70a-2caf3716fa7f@group-B55175940783:LeaderElection78] INFO  server.RaftServerConfigKeys (ConfUtils.java:logGet(43)) - raft.server.watch.timeout = 10s (default)
2019-09-25 07:04:55,680 [62ec8eb9-3ae9-4136-b70a-2caf3716fa7f@group-E547958F4AD8:LeaderElection72] INFO  server.RaftServerConfigKeys (ConfUtils.java:logGet(43)) - raft.server.watch.timeout.denomination = 1s (default)
2019-09-25 07:04:55,680 [62ec8eb9-3ae9-4136-b70a-2caf3716fa7f@group-3A07CAB9B615:LeaderElection89] INFO  server.RaftServerConfigKeys (ConfUtils.java:logGet(43)) - raft.server.rpc.sleep.time = 25ms (default)
2019-09-25 07:04:55,680 [24bf2945-a329-4da6-aaf2-23ecd8d462c6@group-26C64E403BCE:LeaderElection90] INFO  server.RaftServerConfigKeys (ConfUtils.java:logGet(43)) - raft.server.rpc.sleep.time = 25ms (default)
2019-09-25 07:04:55,680 [62ec8eb9-3ae9-4136-b70a-2caf3716fa7f@group-D904831A97FC:LeaderElection91] INFO  server.RaftServerConfigKeys (ConfUtils.java:logGet(43)) - raft.server.write.element-limit = 4096 (default)
2019-09-25 07:04:55,680 [e568d23f-199e-48ce-91e4-5c166e2e97cd@group-3D7A5B67F997:LeaderElection86] INFO  server.RaftServerConfigKeys (ConfUtils.java:logGet(43)) - raft.server.rpc.sleep.time = 25ms (default)
2019-09-25 07:04:55,680 [62ec8eb9-3ae9-4136-b70a-2caf3716fa7f@group-AE2CC0DD201F:LeaderElection88] INFO  server.RaftServerConfigKeys (ConfUtils.java:logGet(43)) - raft.server.rpc.sleep.time = 25ms (default)
2019-09-25 07:04:55,679 [62ec8eb9-3ae9-4136-b70a-2caf3716fa7f@group-ABB063594AB8:LeaderElection87] INFO  server.RaftServerConfigKeys (ConfUtils.java:logGet(43)) - raft.server.write.element-limit = 4096 (default)
2019-09-25 07:04:55,679 [62ec8eb9-3ae9-4136-b70a-2caf3716fa7f@group-853F494A7699:LeaderElection73] INFO  server.RaftServerConfigKeys (ConfUtils.java:logGet(43)) - raft.server.watch.element-limit = 65536 (default)
2019-09-25 07:04:55,679 [e568d23f-199e-48ce-91e4-5c166e2e97cd@group-5A9570ABCA5E:LeaderElection71] INFO  impl.RoleInfo (RoleInfo.java:updateAndGet(143)) - e568d23f-199e-48ce-91e4-5c166e2e97cd: start LeaderState
2019-09-25 07:04:55,679 [62ec8eb9-3ae9-4136-b70a-2caf3716fa7f@group-FFC5433C2152:LeaderElection85] INFO  server.RaftServerConfigKeys (ConfUtils.java:logGet(43)) - raft.server.staging.catchup.gap = 1000 (default)
2019-09-25 07:04:56,059 [62ec8eb9-3ae9-4136-b70a-2caf3716fa7f@group-FFC5433C2152:LeaderElection85] INFO  server.RaftServerConfigKeys (ConfUtils.java:logGet(43)) - raft.server.rpc.sleep.time = 25ms (default)
2019-09-25 07:04:55,679 [24bf2945-a329-4da6-aaf2-23ecd8d462c6@group-134481B225CC:LeaderElection83] INFO  server.RaftServerConfigKeys (ConfUtils.java:logGet(43)) - raft.server.staging.catchup.gap = 1000 (default)
2019-09-25 07:04:55,679 [24bf2945-a329-4da6-aaf2-23ecd8d462c6@group-FF666133FC8D:LeaderElection84] INFO  server.RaftServerConfigKeys (ConfUtils.java:logGet(43)) - raft.server.staging.catchup.gap = 1000 (default)
2019-09-25 07:04:55,679 [24bf2945-a329-4da6-aaf2-23ecd8d462c6@group-20DC2BFBC392:LeaderElection74] INFO  server.RaftServerConfigKeys (ConfUtils.java:logGet(43)) - raft.server.watch.timeout = 10s (default)
2019-09-25 07:04:55,678 [24bf2945-a329-4da6-aaf2-23ecd8d462c6@group-59E882B450F2:LeaderElection70] INFO  server.RaftServerConfigKeys (ConfUtils.java:logGet(43)) - raft.server.rpc.sleep.time = 25ms (default)
2019-09-25 07:04:56,060 [24bf2945-a329-4da6-aaf2-23ecd8d462c6@group-20DC2BFBC392:LeaderElection74] INFO  server.RaftServerConfigKeys (ConfUtils.java:logGet(43)) - raft.server.watch.timeout.denomination = 1s (default)
2019-09-25 07:04:56,060 [24bf2945-a329-4da6-aaf2-23ecd8d462c6@group-FF666133FC8D:LeaderElection84] INFO  server.RaftServerConfigKeys (ConfUtils.java:logGet(43)) - raft.server.rpc.sleep.time = 25ms (default)
2019-09-25 07:04:56,060 [24bf2945-a329-4da6-aaf2-23ecd8d462c6@group-134481B225CC:LeaderElection83] INFO  server.RaftServerConfigKeys (ConfUtils.java:logGet(43)) - raft.server.rpc.sleep.time = 25ms (default)
2019-09-25 07:04:56,059 [62ec8eb9-3ae9-4136-b70a-2caf3716fa7f@group-FFC5433C2152:LeaderElection85] INFO  server.RaftServerConfigKeys (ConfUtils.java:logGet(43)) - raft.server.write.element-limit = 4096 (default)
2019-09-25 07:04:56,059 [Thread-598] INFO  impl.FollowerState (FollowerState.java:run(106)) - 62ec8eb9-3ae9-4136-b70a-2caf3716fa7f:group-8FC2FC71D360 changes to CANDIDATE, lastRpcTime:5124, electionTimeout:5124ms
2019-09-25 07:04:56,059 [e568d23f-199e-48ce-91e4-5c166e2e97cd@group-5A9570ABCA5E:LeaderElection71] INFO  segmented.SegmentedRaftLogWorker (SegmentedRaftLogWorker.java:startLogSegment(380)) - e568d23f-199e-48ce-91e4-5c166e2e97cd@group-5A9570ABCA5E-SegmentedRaftLogWorker: Starting segment from index:0
2019-09-25 07:04:56,059 [e568d23f-199e-48ce-91e4-5c166e2e97cd@group-6D5E2718846D:LeaderElection75] INFO  impl.RoleInfo (RoleInfo.java:updateAndGet(143)) - e568d23f-199e-48ce-91e4-5c166e2e97cd: start LeaderState
2019-09-25 07:04:56,058 [62ec8eb9-3ae9-4136-b70a-2caf3716fa7f@group-ABB063594AB8:LeaderElection87] INFO  server.RaftServerConfigKeys (ConfUtils.java:logGet(43)) - raft.server.watch.timeout = 10s (default)
2019-09-25 07:04:56,062 [62ec8eb9-3ae9-4136-b70a-2caf3716fa7f@group-ABB063594AB8:LeaderElection87] INFO  server.RaftServerConfigKeys (ConfUtils.java:logGet(43)) - raft.server.watch.timeout.denomination = 1s (default)
2019-09-25 07:04:56,058 [62ec8eb9-3ae9-4136-b70a-2caf3716fa7f@group-AE2CC0DD201F:LeaderElection88] INFO  server.RaftServerConfigKeys (ConfUtils.java:logGet(43)) - raft.server.write.element-limit = 4096 (default)
2019-09-25 07:04:56,058 [e568d23f-199e-48ce-91e4-5c166e2e97cd@group-3D7A5B67F997:LeaderElection86] INFO  server.RaftServerConfigKeys (ConfUtils.java:logGet(43)) - raft.server.write.element-limit = 4096 (default)
2019-09-25 07:04:56,058 [62ec8eb9-3ae9-4136-b70a-2caf3716fa7f@group-D904831A97FC:LeaderElection91] INFO  server.RaftServerConfigKeys (ConfUtils.java:logGet(43)) - raft.server.watch.timeout = 10s (default)
2019-09-25 07:04:56,057 [24bf2945-a329-4da6-aaf2-23ecd8d462c6@group-26C64E403BCE:LeaderElection90] INFO  server.RaftServerConfigKeys (ConfUtils.java:logGet(43)) - raft.server.write.element-limit = 4096 (default)
2019-09-25 07:04:56,057 [62ec8eb9-3ae9-4136-b70a-2caf3716fa7f@group-3A07CAB9B615:LeaderElection89] INFO  server.RaftServerConfigKeys (ConfUtils.java:logGet(43)) - raft.server.write.element-limit = 4096 (default)
2019-09-25 07:04:56,054 [62ec8eb9-3ae9-4136-b70a-2caf3716fa7f@group-E547958F4AD8:LeaderElection72] INFO  server.RaftServerConfigKeys (ConfUtils.java:logGet(43)) - raft.server.watch.element-limit = 65536 (default)
2019-09-25 07:04:56,021 [62ec8eb9-3ae9-4136-b70a-2caf3716fa7f@group-B55175940783:LeaderElection78] INFO  server.RaftServerConfigKeys (ConfUtils.java:logGet(43)) - raft.server.watch.timeout.denomination = 1s (default)
2019-09-25 07:04:56,021 [24bf2945-a329-4da6-aaf2-23ecd8d462c6@group-806C51DA001C:LeaderElection79] INFO  server.RaftServerConfigKeys (ConfUtils.java:logGet(43)) - raft.server.watch.timeout.denomination = 1s (default)
2019-09-25 07:04:56,020 [pool-37-thread-1] INFO  server.RaftServerConfigKeys (ConfUtils.java:logGet(43)) - raft.server.log.queue.element-limit = 1024 (custom)
2019-09-25 07:04:56,020 [62ec8eb9-3ae9-4136-b70a-2caf3716fa7f@group-AF43CFC2C23D:LeaderElection77] INFO  server.RaftServerConfigKeys (ConfUtils.java:logGet(43)) - raft.server.write.element-limit = 4096 (default)
2019-09-25 07:04:56,020 [e568d23f-199e-48ce-91e4-5c166e2e97cd@group-345830245B51:LeaderElection81] INFO  server.RaftServerConfigKeys (ConfUtils.java:logGet(43)) - raft.server.write.element-limit = 4096 (default)
2019-09-25 07:04:56,019 [62ec8eb9-3ae9-4136-b70a-2caf3716fa7f@group-02FBD30808D9:LeaderElection82] INFO  server.RaftServerConfigKeys (ConfUtils.java:logGet(43)) - raft.server.rpc.sleep.time = 25ms (default)
2019-09-25 07:04:56,019 [24bf2945-a329-4da6-aaf2-23ecd8d462c6@group-0F02076B3222:LeaderElection107] INFO  server.RaftServerConfigKeys (ConfUtils.java:logGet(43)) - raft.server.staging.catchup.gap = 1000 (default)
2019-09-25 07:04:56,019 [e568d23f-199e-48ce-91e4-5c166e2e97cd@group-A76C434A76E6:LeaderElection114] INFO  impl.RaftServerImpl (ServerState.java:setLeader(253)) - e568d23f-199e-48ce-91e4-5c166e2e97cd@group-A76C434A76E6: change Leader from null to e568d23f-199e-48ce-91e4-5c166e2e97cd at term 1 for becomeLeader, leader elected after 6337ms
2019-09-25 07:04:56,019 [24bf2945-a329-4da6-aaf2-23ecd8d462c6@group-0A6D6B37687B:LeaderElection113] INFO  server.RaftServerConfigKeys (ConfUtils.java:logGet(43)) - raft.server.staging.catchup.gap = 1000 (default)
2019-09-25 07:04:56,018 [62ec8eb9-3ae9-4136-b70a-2caf3716fa7f@group-5534E370F072:LeaderElection112] INFO  server.RaftServerConfigKeys (ConfUtils.java:logGet(43)) - raft.server.staging.catchup.gap = 1000 (default)
2019-09-25 07:04:56,018 [24bf2945-a329-4da6-aaf2-23ecd8d462c6@group-A7908075CAFF:LeaderElection103] INFO  server.RaftServerConfigKeys (ConfUtils.java:logGet(43)) - raft.server.staging.catchup.gap = 1000 (default)
2019-09-25 07:04:56,319 [24bf2945-a329-4da6-aaf2-23ecd8d462c6@group-A7908075CAFF:LeaderElection103] INFO  server.RaftServerConfigKeys (ConfUtils.java:logGet(43)) - raft.server.rpc.sleep.time = 25ms (default)
2019-09-25 07:04:56,018 [24bf2945-a329-4da6-aaf2-23ecd8d462c6@group-339D99FADD64:LeaderElection106] INFO  server.RaftServerConfigKeys (ConfUtils.java:logGet(43)) - raft.server.staging.catchup.gap = 1000 (default)
2019-09-25 07:04:56,319 [24bf2945-a329-4da6-aaf2-23ecd8d462c6@group-339D99FADD64:LeaderElection106] INFO  server.RaftServerConfigKeys (ConfUtils.java:logGet(43)) - raft.server.rpc.sleep.time = 25ms (default)
2019-09-25 07:04:56,017 [24bf2945-a329-4da6-aaf2-23ecd8d462c6@group-4E9FB9BD23D5:LeaderElection115] INFO  impl.RaftServerImpl (ServerState.java:setLeader(253)) - 24bf2945-a329-4da6-aaf2-23ecd8d462c6@group-4E9FB9BD23D5: change Leader from null to 24bf2945-a329-4da6-aaf2-23ecd8d462c6 at term 1 for becomeLeader, leader elected after 6128ms
2019-09-25 07:04:56,017 [24bf2945-a329-4da6-aaf2-23ecd8d462c6@group-2DE67EB528FC:LeaderElection110] INFO  server.RaftServerConfigKeys (ConfUtils.java:logGet(43)) - raft.server.staging.catchup.gap = 1000 (default)
2019-09-25 07:04:56,017 [62ec8eb9-3ae9-4136-b70a-2caf3716fa7f@group-465D573F1739:LeaderElection109] INFO  server.RaftServerConfigKeys (ConfUtils.java:logGet(43)) - raft.server.staging.catchup.gap = 1000 (default)
2019-09-25 07:04:56,016 [24bf2945-a329-4da6-aaf2-23ecd8d462c6@group-4B63F1BD2522:LeaderElection76] INFO  impl.RaftServerImpl (ServerState.java:setRaftConf(354)) - 24bf2945-a329-4da6-aaf2-23ecd8d462c6@group-4B63F1BD2522: set configuration 0: [24bf2945-a329-4da6-aaf2-23ecd8d462c6:192.168.30.10:42867], old=null at 0
2019-09-25 07:04:56,016 [Thread-577] INFO  impl.FollowerState (FollowerState.java:run(106)) - 62ec8eb9-3ae9-4136-b70a-2caf3716fa7f:group-A6D5E2AE564D changes to CANDIDATE, lastRpcTime:5385, electionTimeout:5101ms
2019-09-25 07:04:56,010 [24bf2945-a329-4da6-aaf2-23ecd8d462c6@group-51A1562A27AA-SegmentedRaftLogWorker] ERROR segmented.SegmentedRaftLogWorker (SegmentedRaftLogWorker.java:run(323)) - 24bf2945-a329-4da6-aaf2-23ecd8d462c6@group-51A1562A27AA-SegmentedRaftLogWorker hit exception
java.lang.OutOfMemoryError: Direct buffer memory
	at java.nio.Bits.reserveMemory(Bits.java:666)
	at java.nio.DirectByteBuffer.<init>(DirectByteBuffer.java:123)
	at java.nio.ByteBuffer.allocateDirect(ByteBuffer.java:311)
	at org.apache.ratis.server.raftlog.segmented.BufferedWriteChannel.<init>(BufferedWriteChannel.java:41)
	at org.apache.ratis.server.raftlog.segmented.SegmentedRaftLogOutputStream.<init>(SegmentedRaftLogOutputStream.java:72)
	at org.apache.ratis.server.raftlog.segmented.SegmentedRaftLogWorker$StartLogSegment.execute(SegmentedRaftLogWorker.java:566)
	at org.apache.ratis.server.raftlog.segmented.SegmentedRaftLogWorker.run(SegmentedRaftLogWorker.java:289)
	at java.lang.Thread.run(Thread.java:748)
2019-09-25 07:04:56,321 [24bf2945-a329-4da6-aaf2-23ecd8d462c6@group-51A1562A27AA-SegmentedRaftLogWorker] INFO  impl.RaftServerImpl (RaftServerImpl.java:lambda$shutdown$3(251)) - 24bf2945-a329-4da6-aaf2-23ecd8d462c6@group-51A1562A27AA: shutdown
2019-09-25 07:04:56,321 [24bf2945-a329-4da6-aaf2-23ecd8d462c6@group-51A1562A27AA-SegmentedRaftLogWorker] INFO  util.JmxRegister (JmxRegister.java:unregister(73)) - Successfully un-registered JMX Bean with object name Ratis:service=RaftServer,group=group-51A1562A27AA,id=24bf2945-a329-4da6-aaf2-23ecd8d462c6
2019-09-25 07:04:56,321 [24bf2945-a329-4da6-aaf2-23ecd8d462c6@group-51A1562A27AA-SegmentedRaftLogWorker] INFO  impl.RoleInfo (RoleInfo.java:shutdownLeaderState(104)) - 24bf2945-a329-4da6-aaf2-23ecd8d462c6: shutdown LeaderState
2019-09-25 07:04:56,010 [Thread-585] INFO  impl.FollowerState (FollowerState.java:run(106)) - 24bf2945-a329-4da6-aaf2-23ecd8d462c6:group-258FC0DA5C42 changes to CANDIDATE, lastRpcTime:5246, electionTimeout:5087ms
2019-09-25 07:04:56,010 [Thread-588] INFO  impl.FollowerState (FollowerState.java:run(106)) - 62ec8eb9-3ae9-4136-b70a-2caf3716fa7f:group-258FC0DA5C42 changes to CANDIDATE, lastRpcTime:5239, electionTimeout:5084ms
2019-09-25 07:04:56,009 [Thread-587] INFO  impl.FollowerState (FollowerState.java:run(106)) - e568d23f-199e-48ce-91e4-5c166e2e97cd:group-258FC0DA5C42 changes to CANDIDATE, lastRpcTime:5238, electionTimeout:5186ms
2019-09-25 07:04:55,700 [e568d23f-199e-48ce-91e4-5c166e2e97cd@group-41A741059900:LeaderElection111] INFO  impl.RaftServerImpl (ServerState.java:setLeader(253)) - e568d23f-199e-48ce-91e4-5c166e2e97cd@group-41A741059900: change Leader from null to e568d23f-199e-48ce-91e4-5c166e2e97cd at term 1 for becomeLeader, leader elected after 6103ms
2019-09-25 07:04:55,700 [e568d23f-199e-48ce-91e4-5c166e2e97cd@group-D4DB0DEAC0CD:LeaderElection101] INFO  impl.RaftServerImpl (ServerState.java:setLeader(253)) - e568d23f-199e-48ce-91e4-5c166e2e97cd@group-D4DB0DEAC0CD: change Leader from null to e568d23f-199e-48ce-91e4-5c166e2e97cd at term 1 for becomeLeader, leader elected after 6356ms
2019-09-25 07:04:55,700 [62ec8eb9-3ae9-4136-b70a-2caf3716fa7f@group-213BD37C19A2:LeaderElection116] INFO  impl.LeaderElection (LeaderElection.java:askForVotes(182)) - 62ec8eb9-3ae9-4136-b70a-2caf3716fa7f@group-213BD37C19A2:LeaderElection116: begin an election at term 1 for -1: [62ec8eb9-3ae9-4136-b70a-2caf3716fa7f:192.168.30.10:44715], old=null
2019-09-25 07:04:55,700 [62ec8eb9-3ae9-4136-b70a-2caf3716fa7f@group-63FD56BDEF80:LeaderElection108] INFO  impl.LeaderElection (LeaderElection.java:askForVotes(182)) - 62ec8eb9-3ae9-4136-b70a-2caf3716fa7f@group-63FD56BDEF80:LeaderElection108: begin an election at term 1 for -1: [62ec8eb9-3ae9-4136-b70a-2caf3716fa7f:192.168.30.10:44715], old=null
2019-09-25 07:04:55,700 [62ec8eb9-3ae9-4136-b70a-2caf3716fa7f@group-E80D967D3F68:LeaderElection98] INFO  impl.RaftServerImpl (ServerState.java:setLeader(253)) - 62ec8eb9-3ae9-4136-b70a-2caf3716fa7f@group-E80D967D3F68: change Leader from null to 62ec8eb9-3ae9-4136-b70a-2caf3716fa7f at term 1 for becomeLeader, leader elected after 6436ms
2019-09-25 07:04:55,697 [62ec8eb9-3ae9-4136-b70a-2caf3716fa7f@group-25849CE33AFF:LeaderElection105] INFO  impl.LeaderElection (LeaderElection.java:askForVotes(182)) - 62ec8eb9-3ae9-4136-b70a-2caf3716fa7f@group-25849CE33AFF:LeaderElection105: begin an election at term 1 for -1: [62ec8eb9-3ae9-4136-b70a-2caf3716fa7f:192.168.30.10:44715], old=null
2019-09-25 07:04:56,327 [62ec8eb9-3ae9-4136-b70a-2caf3716fa7f@group-25849CE33AFF:LeaderElection105] INFO  impl.RoleInfo (RoleInfo.java:shutdownLeaderElection(134)) - 62ec8eb9-3ae9-4136-b70a-2caf3716fa7f: shutdown LeaderElection
2019-09-25 07:04:55,697 [24bf2945-a329-4da6-aaf2-23ecd8d462c6@group-0088A0E64B06:LeaderElection104] INFO  impl.LeaderElection (LeaderElection.java:askForVotes(182)) - 24bf2945-a329-4da6-aaf2-23ecd8d462c6@group-0088A0E64B06:LeaderElection104: begin an election at term 1 for -1: [24bf2945-a329-4da6-aaf2-23ecd8d462c6:192.168.30.10:42867], old=null
2019-09-25 07:04:55,687 [e568d23f-199e-48ce-91e4-5c166e2e97cd@group-7B72D47A5EF5:LeaderElection93] INFO  impl.RaftServerImpl (ServerState.java:setLeader(253)) - e568d23f-199e-48ce-91e4-5c166e2e97cd@group-7B72D47A5EF5: change Leader from null to e568d23f-199e-48ce-91e4-5c166e2e97cd at term 1 for becomeLeader, leader elected after 6038ms
2019-09-25 07:04:55,687 [e568d23f-199e-48ce-91e4-5c166e2e97cd@group-F05F9C076728:LeaderElection97] INFO  impl.RaftServerImpl (ServerState.java:setLeader(253)) - e568d23f-199e-48ce-91e4-5c166e2e97cd@group-F05F9C076728: change Leader from null to e568d23f-199e-48ce-91e4-5c166e2e97cd at term 1 for becomeLeader, leader elected after 6376ms
2019-09-25 07:04:55,687 [e568d23f-199e-48ce-91e4-5c166e2e97cd@group-DDE3C963B612:LeaderElection96] INFO  impl.RaftServerImpl (ServerState.java:setLeader(253)) - e568d23f-199e-48ce-91e4-5c166e2e97cd@group-DDE3C963B612: change Leader from null to e568d23f-199e-48ce-91e4-5c166e2e97cd at term 1 for becomeLeader, leader elected after 6449ms
2019-09-25 07:04:55,686 [24bf2945-a329-4da6-aaf2-23ecd8d462c6@group-7C5CBE2B0FCF:LeaderElection100] INFO  impl.RaftServerImpl (ServerState.java:setLeader(253)) - 24bf2945-a329-4da6-aaf2-23ecd8d462c6@group-7C5CBE2B0FCF: change Leader from null to 24bf2945-a329-4da6-aaf2-23ecd8d462c6 at term 1 for becomeLeader, leader elected after 6211ms
2019-09-25 07:04:55,686 [62ec8eb9-3ae9-4136-b70a-2caf3716fa7f@group-A59A59095A78:LeaderElection95] INFO  server.RaftServerConfigKeys (ConfUtils.java:logGet(43)) - raft.server.staging.catchup.gap = 1000 (default)
2019-09-25 07:04:55,686 [62ec8eb9-3ae9-4136-b70a-2caf3716fa7f@group-F92EA15D7072:LeaderElection80] INFO  server.RaftServerConfigKeys (ConfUtils.java:logGet(43)) - raft.server.staging.catchup.gap = 1000 (default)
2019-09-25 07:04:55,686 [24bf2945-a329-4da6-aaf2-23ecd8d462c6@group-EA13F692BD94:LeaderElection94] INFO  server.RaftServerConfigKeys (ConfUtils.java:logGet(43)) - raft.server.staging.catchup.gap = 1000 (default)
2019-09-25 07:04:55,686 [24bf2945-a329-4da6-aaf2-23ecd8d462c6@group-A8601CC5B899:LeaderElection99] INFO  impl.RaftServerImpl (RaftServerImpl.java:setRole(174)) - 24bf2945-a329-4da6-aaf2-23ecd8d462c6@group-A8601CC5B899: changes role from CANDIDATE to LEADER at term 1 for changeToLeader
2019-09-25 07:04:55,686 [24bf2945-a329-4da6-aaf2-23ecd8d462c6@group-FB23A28886E1:LeaderElection92] INFO  impl.RaftServerImpl (RaftServerImpl.java:setRole(174)) - 24bf2945-a329-4da6-aaf2-23ecd8d462c6@group-FB23A28886E1: changes role from CANDIDATE to LEADER at term 1 for changeToLeader
2019-09-25 07:04:55,686 [62ec8eb9-3ae9-4136-b70a-2caf3716fa7f@group-AFCD660D5460:LeaderElection102] INFO  impl.RoleInfo (RoleInfo.java:shutdownLeaderElection(134)) - 62ec8eb9-3ae9-4136-b70a-2caf3716fa7f: shutdown LeaderElection
2019-09-25 07:04:56,335 [24bf2945-a329-4da6-aaf2-23ecd8d462c6@group-FB23A28886E1:LeaderElection92] INFO  impl.RaftServerImpl (ServerState.java:setLeader(253)) - 24bf2945-a329-4da6-aaf2-23ecd8d462c6@group-FB23A28886E1: change Leader from null to 24bf2945-a329-4da6-aaf2-23ecd8d462c6 at term 1 for becomeLeader, leader elected after 6807ms
2019-09-25 07:04:56,334 [24bf2945-a329-4da6-aaf2-23ecd8d462c6@group-A8601CC5B899:LeaderElection99] INFO  impl.RaftServerImpl (ServerState.java:setLeader(253)) - 24bf2945-a329-4da6-aaf2-23ecd8d462c6@group-A8601CC5B899: change Leader from null to 24bf2945-a329-4da6-aaf2-23ecd8d462c6 at term 1 for becomeLeader, leader elected after 6966ms
2019-09-25 07:04:56,331 [24bf2945-a329-4da6-aaf2-23ecd8d462c6@group-EA13F692BD94:LeaderElection94] INFO  server.RaftServerConfigKeys (ConfUtils.java:logGet(43)) - raft.server.rpc.sleep.time = 25ms (default)
2019-09-25 07:04:56,328 [62ec8eb9-3ae9-4136-b70a-2caf3716fa7f@group-F92EA15D7072:LeaderElection80] INFO  server.RaftServerConfigKeys (ConfUtils.java:logGet(43)) - raft.server.rpc.sleep.time = 25ms (default)
2019-09-25 07:04:56,328 [62ec8eb9-3ae9-4136-b70a-2caf3716fa7f@group-A59A59095A78:LeaderElection95] INFO  server.RaftServerConfigKeys (ConfUtils.java:logGet(43)) - raft.server.rpc.sleep.time = 25ms (default)
2019-09-25 07:04:56,328 [24bf2945-a329-4da6-aaf2-23ecd8d462c6@group-7C5CBE2B0FCF:LeaderElection100] INFO  server.RaftServerConfigKeys (ConfUtils.java:logGet(43)) - raft.server.staging.catchup.gap = 1000 (default)
2019-09-25 07:04:56,328 [e568d23f-199e-48ce-91e4-5c166e2e97cd@group-DDE3C963B612:LeaderElection96] INFO  server.RaftServerConfigKeys (ConfUtils.java:logGet(43)) - raft.server.staging.catchup.gap = 1000 (default)
2019-09-25 07:04:56,328 [e568d23f-199e-48ce-91e4-5c166e2e97cd@group-F05F9C076728:LeaderElection97] INFO  server.RaftServerConfigKeys (ConfUtils.java:logGet(43)) - raft.server.staging.catchup.gap = 1000 (default)
2019-09-25 07:04:56,327 [e568d23f-199e-48ce-91e4-5c166e2e97cd@group-7B72D47A5EF5:LeaderElection93] INFO  server.RaftServerConfigKeys (ConfUtils.java:logGet(43)) - raft.server.staging.catchup.gap = 1000 (default)
2019-09-25 07:04:56,327 [24bf2945-a329-4da6-aaf2-23ecd8d462c6@group-0088A0E64B06:LeaderElection104] INFO  impl.RoleInfo (RoleInfo.java:shutdownLeaderElection(134)) - 24bf2945-a329-4da6-aaf2-23ecd8d462c6: shutdown LeaderElection
2019-09-25 07:04:56,336 [24bf2945-a329-4da6-aaf2-23ecd8d462c6@group-0088A0E64B06:LeaderElection104] INFO  impl.RaftServerImpl (RaftServerImpl.java:setRole(174)) - 24bf2945-a329-4da6-aaf2-23ecd8d462c6@group-0088A0E64B06: changes role from CANDIDATE to LEADER at term 1 for changeToLeader
2019-09-25 07:04:56,327 [62ec8eb9-3ae9-4136-b70a-2caf3716fa7f@group-25849CE33AFF:LeaderElection105] INFO  impl.RaftServerImpl (RaftServerImpl.java:setRole(174)) - 62ec8eb9-3ae9-4136-b70a-2caf3716fa7f@group-25849CE33AFF: changes role from CANDIDATE to LEADER at term 1 for changeToLeader
2019-09-25 07:04:56,327 [62ec8eb9-3ae9-4136-b70a-2caf3716fa7f@group-E80D967D3F68:LeaderElection98] INFO  server.RaftServerConfigKeys (ConfUtils.java:logGet(43)) - raft.server.staging.catchup.gap = 1000 (default)
2019-09-25 07:04:56,327 [62ec8eb9-3ae9-4136-b70a-2caf3716fa7f@group-63FD56BDEF80:LeaderElection108] INFO  impl.RoleInfo (RoleInfo.java:shutdownLeaderElection(134)) - 62ec8eb9-3ae9-4136-b70a-2caf3716fa7f: shutdown LeaderElection
2019-09-25 07:04:56,326 [62ec8eb9-3ae9-4136-b70a-2caf3716fa7f@group-213BD37C19A2:LeaderElection116] INFO  impl.RoleInfo (RoleInfo.java:shutdownLeaderElection(134)) - 62ec8eb9-3ae9-4136-b70a-2caf3716fa7f: shutdown LeaderElection
2019-09-25 07:04:56,326 [e568d23f-199e-48ce-91e4-5c166e2e97cd@group-D4DB0DEAC0CD:LeaderElection101] INFO  server.RaftServerConfigKeys (ConfUtils.java:logGet(43)) - raft.server.staging.catchup.gap = 1000 (default)
2019-09-25 07:04:56,337 [e568d23f-199e-48ce-91e4-5c166e2e97cd@group-D4DB0DEAC0CD:LeaderElection101] INFO  server.RaftServerConfigKeys (ConfUtils.java:logGet(43)) - raft.server.rpc.sleep.time = 25ms (default)
2019-09-25 07:04:56,326 [e568d23f-199e-48ce-91e4-5c166e2e97cd@group-41A741059900:LeaderElection111] INFO  server.RaftServerConfigKeys (ConfUtils.java:logGet(43)) - raft.server.staging.catchup.gap = 1000 (default)
2019-09-25 07:04:56,326 [Thread-587] INFO  impl.RoleInfo (RoleInfo.java:shutdownFollowerState(121)) - e568d23f-199e-48ce-91e4-5c166e2e97cd: shutdown FollowerState
2019-09-25 07:04:56,338 [Thread-587] INFO  impl.RaftServerImpl (RaftServerImpl.java:setRole(174)) - e568d23f-199e-48ce-91e4-5c166e2e97cd@group-258FC0DA5C42: changes role from  FOLLOWER to CANDIDATE at term 0 for changeToCandidate
2019-09-25 07:04:56,326 [Thread-588] INFO  impl.RoleInfo (RoleInfo.java:shutdownFollowerState(121)) - 62ec8eb9-3ae9-4136-b70a-2caf3716fa7f: shutdown FollowerState
2019-09-25 07:04:56,326 [Thread-585] INFO  impl.RoleInfo (RoleInfo.java:shutdownFollowerState(121)) - 24bf2945-a329-4da6-aaf2-23ecd8d462c6: shutdown FollowerState
2019-09-25 07:04:56,322 [24bf2945-a329-4da6-aaf2-23ecd8d462c6@group-51A1562A27AA-SegmentedRaftLogWorker] INFO  impl.PendingRequests (PendingRequests.java:sendNotLeaderResponses(202)) - 24bf2945-a329-4da6-aaf2-23ecd8d462c6-PendingRequests: sendNotLeaderResponses
2019-09-25 07:04:56,320 [Thread-577] INFO  impl.RoleInfo (RoleInfo.java:shutdownFollowerState(121)) - 62ec8eb9-3ae9-4136-b70a-2caf3716fa7f: shutdown FollowerState
2019-09-25 07:04:56,338 [Thread-577] INFO  impl.RaftServerImpl (RaftServerImpl.java:setRole(174)) - 62ec8eb9-3ae9-4136-b70a-2caf3716fa7f@group-A6D5E2AE564D: changes role from  FOLLOWER to CANDIDATE at term 0 for changeToCandidate
2019-09-25 07:04:56,320 [62ec8eb9-3ae9-4136-b70a-2caf3716fa7f@group-465D573F1739:LeaderElection109] INFO  server.RaftServerConfigKeys (ConfUtils.java:logGet(43)) - raft.server.rpc.sleep.time = 25ms (default)
2019-09-25 07:04:56,320 [24bf2945-a329-4da6-aaf2-23ecd8d462c6@group-2DE67EB528FC:LeaderElection110] INFO  server.RaftServerConfigKeys (ConfUtils.java:logGet(43)) - raft.server.rpc.sleep.time = 25ms (default)
2019-09-25 07:04:56,320 [24bf2945-a329-4da6-aaf2-23ecd8d462c6@group-4E9FB9BD23D5:LeaderElection115] INFO  server.RaftServerConfigKeys (ConfUtils.java:logGet(43)) - raft.server.staging.catchup.gap = 1000 (default)
2019-09-25 07:04:56,339 [24bf2945-a329-4da6-aaf2-23ecd8d462c6@group-4E9FB9BD23D5:LeaderElection115] INFO  server.RaftServerConfigKeys (ConfUtils.java:logGet(43)) - raft.server.rpc.sleep.time = 25ms (default)
2019-09-25 07:04:56,320 [24bf2945-a329-4da6-aaf2-23ecd8d462c6@group-339D99FADD64:LeaderElection106] INFO  server.RaftServerConfigKeys (ConfUtils.java:logGet(43)) - raft.server.write.element-limit = 4096 (default)
2019-09-25 07:04:56,319 [24bf2945-a329-4da6-aaf2-23ecd8d462c6@group-A7908075CAFF:LeaderElection103] INFO  server.RaftServerConfigKeys (ConfUtils.java:logGet(43)) - raft.server.write.element-limit = 4096 (default)
2019-09-25 07:04:56,319 [62ec8eb9-3ae9-4136-b70a-2caf3716fa7f@group-E547958F4AD8:LeaderElection72] INFO  impl.RoleInfo (RoleInfo.java:updateAndGet(143)) - 62ec8eb9-3ae9-4136-b70a-2caf3716fa7f: start LeaderState
2019-09-25 07:04:56,319 [62ec8eb9-3ae9-4136-b70a-2caf3716fa7f@group-5534E370F072:LeaderElection112] INFO  server.RaftServerConfigKeys (ConfUtils.java:logGet(43)) - raft.server.rpc.sleep.time = 25ms (default)
2019-09-25 07:04:56,319 [24bf2945-a329-4da6-aaf2-23ecd8d462c6@group-0A6D6B37687B:LeaderElection113] INFO  server.RaftServerConfigKeys (ConfUtils.java:logGet(43)) - raft.server.rpc.sleep.time = 25ms (default)
2019-09-25 07:04:56,319 [e568d23f-199e-48ce-91e4-5c166e2e97cd@group-A76C434A76E6:LeaderElection114] INFO  server.RaftServerConfigKeys (ConfUtils.java:logGet(43)) - raft.server.staging.catchup.gap = 1000 (default)
2019-09-25 07:04:56,340 [e568d23f-199e-48ce-91e4-5c166e2e97cd@group-A76C434A76E6:LeaderElection114] INFO  server.RaftServerConfigKeys (ConfUtils.java:logGet(43)) - raft.server.rpc.sleep.time = 25ms (default)
2019-09-25 07:04:56,318 [24bf2945-a329-4da6-aaf2-23ecd8d462c6@group-0F02076B3222:LeaderElection107] INFO  server.RaftServerConfigKeys (ConfUtils.java:logGet(43)) - raft.server.rpc.sleep.time = 25ms (default)
2019-09-25 07:04:56,318 [62ec8eb9-3ae9-4136-b70a-2caf3716fa7f@group-02FBD30808D9:LeaderElection82] INFO  server.RaftServerConfigKeys (ConfUtils.java:logGet(43)) - raft.server.write.element-limit = 4096 (default)
2019-09-25 07:04:56,318 [e568d23f-199e-48ce-91e4-5c166e2e97cd@group-345830245B51:LeaderElection81] INFO  server.RaftServerConfigKeys (ConfUtils.java:logGet(43)) - raft.server.watch.timeout = 10s (default)
2019-09-25 07:04:56,318 [62ec8eb9-3ae9-4136-b70a-2caf3716fa7f@group-AF43CFC2C23D:LeaderElection77] INFO  server.RaftServerConfigKeys (ConfUtils.java:logGet(43)) - raft.server.watch.timeout = 10s (default)
2019-09-25 07:04:56,318 [pool-37-thread-1] INFO  server.RaftServerConfigKeys (ConfUtils.java:logGet(43)) - raft.server.log.segment.size.max = 1048576 (custom)
2019-09-25 07:04:56,341 [pool-37-thread-1] INFO  server.RaftServerConfigKeys (ConfUtils.java:logGet(43)) - raft.server.log.preallocated.size = 16384 (custom)
2019-09-25 07:04:56,317 [24bf2945-a329-4da6-aaf2-23ecd8d462c6@group-806C51DA001C:LeaderElection79] INFO  server.RaftServerConfigKeys (ConfUtils.java:logGet(43)) - raft.server.watch.element-limit = 65536 (default)
2019-09-25 07:04:56,317 [62ec8eb9-3ae9-4136-b70a-2caf3716fa7f@group-B55175940783:LeaderElection78] INFO  server.RaftServerConfigKeys (ConfUtils.java:logGet(43)) - raft.server.watch.element-limit = 65536 (default)
2019-09-25 07:04:56,317 [62ec8eb9-3ae9-4136-b70a-2caf3716fa7f@group-3A07CAB9B615:LeaderElection89] INFO  server.RaftServerConfigKeys (ConfUtils.java:logGet(43)) - raft.server.watch.timeout = 10s (default)
2019-09-25 07:04:56,342 [62ec8eb9-3ae9-4136-b70a-2caf3716fa7f@group-3A07CAB9B615:LeaderElection89] INFO  server.RaftServerConfigKeys (ConfUtils.java:logGet(43)) - raft.server.watch.timeout.denomination = 1s (default)
2019-09-25 07:04:56,317 [24bf2945-a329-4da6-aaf2-23ecd8d462c6@group-26C64E403BCE:LeaderElection90] INFO  server.RaftServerConfigKeys (ConfUtils.java:logGet(43)) - raft.server.watch.timeout = 10s (default)
2019-09-25 07:04:56,342 [24bf2945-a329-4da6-aaf2-23ecd8d462c6@group-26C64E403BCE:LeaderElection90] INFO  server.RaftServerConfigKeys (ConfUtils.java:logGet(43)) - raft.server.watch.timeout.denomination = 1s (default)
2019-09-25 07:04:56,316 [62ec8eb9-3ae9-4136-b70a-2caf3716fa7f@group-D904831A97FC:LeaderElection91] INFO  server.RaftServerConfigKeys (ConfUtils.java:logGet(43)) - raft.server.watch.timeout.denomination = 1s (default)
2019-09-25 07:04:56,342 [62ec8eb9-3ae9-4136-b70a-2caf3716fa7f@group-D904831A97FC:LeaderElection91] INFO  server.RaftServerConfigKeys (ConfUtils.java:logGet(43)) - raft.server.watch.element-limit = 65536 (default)
2019-09-25 07:04:56,316 [e568d23f-199e-48ce-91e4-5c166e2e97cd@group-3D7A5B67F997:LeaderElection86] INFO  server.RaftServerConfigKeys (ConfUtils.java:logGet(43)) - raft.server.watch.timeout = 10s (default)
2019-09-25 07:04:56,316 [62ec8eb9-3ae9-4136-b70a-2caf3716fa7f@group-AE2CC0DD201F:LeaderElection88] INFO  server.RaftServerConfigKeys (ConfUtils.java:logGet(43)) - raft.server.watch.timeout = 10s (default)
2019-09-25 07:04:56,316 [62ec8eb9-3ae9-4136-b70a-2caf3716fa7f@group-ABB063594AB8:LeaderElection87] INFO  server.RaftServerConfigKeys (ConfUtils.java:logGet(43)) - raft.server.watch.element-limit = 65536 (default)
2019-09-25 07:04:56,315 [e568d23f-199e-48ce-91e4-5c166e2e97cd@group-5A9570ABCA5E:LeaderElection71] INFO  impl.RaftServerImpl (ServerState.java:setRaftConf(354)) - e568d23f-199e-48ce-91e4-5c166e2e97cd@group-5A9570ABCA5E: set configuration 0: [e568d23f-199e-48ce-91e4-5c166e2e97cd:192.168.30.10:42827], old=null at 0
2019-09-25 07:04:56,308 [Thread-605] INFO  impl.FollowerState (FollowerState.java:run(106)) - e568d23f-199e-48ce-91e4-5c166e2e97cd:group-EF60280D0D4B changes to CANDIDATE, lastRpcTime:5281, electionTimeout:5180ms
2019-09-25 07:04:56,307 [e568d23f-199e-48ce-91e4-5c166e2e97cd@group-BD6803186CAB-SegmentedRaftLogWorker] ERROR segmented.SegmentedRaftLogWorker (SegmentedRaftLogWorker.java:run(323)) - e568d23f-199e-48ce-91e4-5c166e2e97cd@group-BD6803186CAB-SegmentedRaftLogWorker hit exception
java.lang.OutOfMemoryError: Direct buffer memory
	at java.nio.Bits.reserveMemory(Bits.java:666)
	at java.nio.DirectByteBuffer.<init>(DirectByteBuffer.java:123)
	at java.nio.ByteBuffer.allocateDirect(ByteBuffer.java:311)
	at org.apache.ratis.server.raftlog.segmented.BufferedWriteChannel.<init>(BufferedWriteChannel.java:41)
	at org.apache.ratis.server.raftlog.segmented.SegmentedRaftLogOutputStream.<init>(SegmentedRaftLogOutputStream.java:72)
	at org.apache.ratis.server.raftlog.segmented.SegmentedRaftLogWorker$StartLogSegment.execute(SegmentedRaftLogWorker.java:566)
	at org.apache.ratis.server.raftlog.segmented.SegmentedRaftLogWorker.run(SegmentedRaftLogWorker.java:289)
	at java.lang.Thread.run(Thread.java:748)
2019-09-25 07:04:56,307 [62ec8eb9-3ae9-4136-b70a-2caf3716fa7f@group-D1FC5BB53A72-SegmentedRaftLogWorker] ERROR segmented.SegmentedRaftLogWorker (SegmentedRaftLogWorker.java:run(323)) - 62ec8eb9-3ae9-4136-b70a-2caf3716fa7f@group-D1FC5BB53A72-SegmentedRaftLogWorker hit exception
java.lang.OutOfMemoryError: Direct buffer memory
	at java.nio.Bits.reserveMemory(Bits.java:666)
	at java.nio.DirectByteBuffer.<init>(DirectByteBuffer.java:123)
	at java.nio.ByteBuffer.allocateDirect(ByteBuffer.java:311)
	at org.apache.ratis.server.raftlog.segmented.BufferedWriteChannel.<init>(BufferedWriteChannel.java:41)
	at org.apache.ratis.server.raftlog.segmented.SegmentedRaftLogOutputStream.<init>(SegmentedRaftLogOutputStream.java:72)
	at org.apache.ratis.server.raftlog.segmented.SegmentedRaftLogWorker$StartLogSegment.execute(SegmentedRaftLogWorker.java:566)
	at org.apache.ratis.server.raftlog.segmented.SegmentedRaftLogWorker.run(SegmentedRaftLogWorker.java:289)
	at java.lang.Thread.run(Thread.java:748)
2019-09-25 07:04:56,062 [e568d23f-199e-48ce-91e4-5c166e2e97cd@group-6D5E2718846D:LeaderElection75] INFO  segmented.SegmentedRaftLogWorker (SegmentedRaftLogWorker.java:startLogSegment(380)) - e568d23f-199e-48ce-91e4-5c166e2e97cd@group-6D5E2718846D-SegmentedRaftLogWorker: Starting segment from index:0
2019-09-25 07:04:56,061 [Thread-598] INFO  impl.RoleInfo (RoleInfo.java:shutdownFollowerState(121)) - 62ec8eb9-3ae9-4136-b70a-2caf3716fa7f: shutdown FollowerState
2019-09-25 07:04:56,061 [62ec8eb9-3ae9-4136-b70a-2caf3716fa7f@group-FFC5433C2152:LeaderElection85] INFO  server.RaftServerConfigKeys (ConfUtils.java:logGet(43)) - raft.server.watch.timeout = 10s (default)
2019-09-25 07:04:56,345 [e568d23f-199e-48ce-91e4-5c166e2e97cd@group-6D5E2718846D:LeaderElection75] INFO  impl.RaftServerImpl (ServerState.java:setRaftConf(354)) - e568d23f-199e-48ce-91e4-5c166e2e97cd@group-6D5E2718846D: set configuration 0: [e568d23f-199e-48ce-91e4-5c166e2e97cd:192.168.30.10:42827], old=null at 0
2019-09-25 07:04:56,061 [24bf2945-a329-4da6-aaf2-23ecd8d462c6@group-134481B225CC:LeaderElection83] INFO  server.RaftServerConfigKeys (ConfUtils.java:logGet(43)) - raft.server.write.element-limit = 4096 (default)
2019-09-25 07:04:56,061 [24bf2945-a329-4da6-aaf2-23ecd8d462c6@group-FF666133FC8D:LeaderElection84] INFO  server.RaftServerConfigKeys (ConfUtils.java:logGet(43)) - raft.server.write.element-limit = 4096 (default)
2019-09-25 07:04:56,061 [24bf2945-a329-4da6-aaf2-23ecd8d462c6@group-20DC2BFBC392:LeaderElection74] INFO  server.RaftServerConfigKeys (ConfUtils.java:logGet(43)) - raft.server.watch.element-limit = 65536 (default)
2019-09-25 07:04:56,061 [62ec8eb9-3ae9-4136-b70a-2caf3716fa7f@group-853F494A7699:LeaderElection73] INFO  impl.RoleInfo (RoleInfo.java:updateAndGet(143)) - 62ec8eb9-3ae9-4136-b70a-2caf3716fa7f: start LeaderState
2019-09-25 07:04:56,060 [24bf2945-a329-4da6-aaf2-23ecd8d462c6@group-59E882B450F2:LeaderElection70] INFO  server.RaftServerConfigKeys (ConfUtils.java:logGet(43)) - raft.server.write.element-limit = 4096 (default)
2019-09-25 07:04:56,583 [24bf2945-a329-4da6-aaf2-23ecd8d462c6@group-FF666133FC8D:LeaderElection84] INFO  server.RaftServerConfigKeys (ConfUtils.java:logGet(43)) - raft.server.watch.timeout = 10s (default)
2019-09-25 07:04:56,583 [24bf2945-a329-4da6-aaf2-23ecd8d462c6@group-FF666133FC8D:LeaderElection84] INFO  server.RaftServerConfigKeys (ConfUtils.java:logGet(43)) - raft.server.watch.timeout.denomination = 1s (default)
2019-09-25 07:04:56,582 [24bf2945-a329-4da6-aaf2-23ecd8d462c6@group-134481B225CC:LeaderElection83] INFO  server.RaftServerConfigKeys (ConfUtils.java:logGet(43)) - raft.server.watch.timeout = 10s (default)
2019-09-25 07:04:56,578 [24bf2945-a329-4da6-aaf2-23ecd8d462c6@group-7EAE8DFEC943-SegmentedRaftLogWorker] ERROR segmented.SegmentedRaftLogWorker (SegmentedRaftLogWorker.java:run(323)) - 24bf2945-a329-4da6-aaf2-23ecd8d462c6@group-7EAE8DFEC943-SegmentedRaftLogWorker hit exception
java.lang.OutOfMemoryError: Direct buffer memory
	at java.nio.Bits.reserveMemory(Bits.java:666)
	at java.nio.DirectByteBuffer.<init>(DirectByteBuffer.java:123)
	at java.nio.ByteBuffer.allocateDirect(ByteBuffer.java:311)
	at org.apache.ratis.server.raftlog.segmented.BufferedWriteChannel.<init>(BufferedWriteChannel.java:41)
	at org.apache.ratis.server.raftlog.segmented.SegmentedRaftLogOutputStream.<init>(SegmentedRaftLogOutputStream.java:72)
	at org.apache.ratis.server.raftlog.segmented.SegmentedRaftLogWorker$StartLogSegment.execute(SegmentedRaftLogWorker.java:566)
	at org.apache.ratis.server.raftlog.segmented.SegmentedRaftLogWorker.run(SegmentedRaftLogWorker.java:289)
	at java.lang.Thread.run(Thread.java:748)
2019-09-25 07:04:56,578 [e568d23f-199e-48ce-91e4-5c166e2e97cd@group-4D304F3CBDC4-SegmentedRaftLogWorker] ERROR segmented.SegmentedRaftLogWorker (SegmentedRaftLogWorker.java:run(323)) - e568d23f-199e-48ce-91e4-5c166e2e97cd@group-4D304F3CBDC4-SegmentedRaftLogWorker hit exception
java.lang.OutOfMemoryError: Direct buffer memory
	at java.nio.Bits.reserveMemory(Bits.java:666)
	at java.nio.DirectByteBuffer.<init>(DirectByteBuffer.java:123)
	at java.nio.ByteBuffer.allocateDirect(ByteBuffer.java:311)
	at org.apache.ratis.server.raftlog.segmented.BufferedWriteChannel.<init>(BufferedWriteChannel.java:41)
	at org.apache.ratis.server.raftlog.segmented.SegmentedRaftLogOutputStream.<init>(SegmentedRaftLogOutputStream.java:72)
	at org.apache.ratis.server.raftlog.segmented.SegmentedRaftLogWorker$StartLogSegment.execute(SegmentedRaftLogWorker.java:566)
	at org.apache.ratis.server.raftlog.segmented.SegmentedRaftLogWorker.run(SegmentedRaftLogWorker.java:289)
	at java.lang.Thread.run(Thread.java:748)
2019-09-25 07:04:56,578 [e568d23f-199e-48ce-91e4-5c166e2e97cd@group-0DB911CCBDA8-SegmentedRaftLogWorker] ERROR segmented.SegmentedRaftLogWorker (SegmentedRaftLogWorker.java:run(323)) - e568d23f-199e-48ce-91e4-5c166e2e97cd@group-0DB911CCBDA8-SegmentedRaftLogWorker hit exception
java.lang.OutOfMemoryError: Direct buffer memory
	at java.nio.Bits.reserveMemory(Bits.java:666)
	at java.nio.DirectByteBuffer.<init>(DirectByteBuffer.java:123)
	at java.nio.ByteBuffer.allocateDirect(ByteBuffer.java:311)
	at org.apache.ratis.server.raftlog.segmented.BufferedWriteChannel.<init>(BufferedWriteChannel.java:41)
	at org.apache.ratis.server.raftlog.segmented.SegmentedRaftLogOutputStream.<init>(SegmentedRaftLogOutputStream.java:72)
	at org.apache.ratis.server.raftlog.segmented.SegmentedRaftLogWorker$StartLogSegment.execute(SegmentedRaftLogWorker.java:566)
	at org.apache.ratis.server.raftlog.segmented.SegmentedRaftLogWorker.run(SegmentedRaftLogWorker.java:289)
	at java.lang.Thread.run(Thread.java:748)
2019-09-25 07:04:56,585 [e568d23f-199e-48ce-91e4-5c166e2e97cd@group-0DB911CCBDA8-SegmentedRaftLogWorker] INFO  impl.RaftServerImpl (RaftServerImpl.java:lambda$shutdown$3(251)) - e568d23f-199e-48ce-91e4-5c166e2e97cd@group-0DB911CCBDA8: shutdown
2019-09-25 07:04:56,345 [62ec8eb9-3ae9-4136-b70a-2caf3716fa7f@group-FFC5433C2152:LeaderElection85] INFO  server.RaftServerConfigKeys (ConfUtils.java:logGet(43)) - raft.server.watch.timeout.denomination = 1s (default)
2019-09-25 07:04:56,345 [Thread-598] INFO  impl.RaftServerImpl (RaftServerImpl.java:setRole(174)) - 62ec8eb9-3ae9-4136-b70a-2caf3716fa7f@group-8FC2FC71D360: changes role from  FOLLOWER to CANDIDATE at term 0 for changeToCandidate
2019-09-25 07:04:56,586 [e568d23f-199e-48ce-91e4-5c166e2e97cd@group-0DB911CCBDA8-SegmentedRaftLogWorker] INFO  util.JmxRegister (JmxRegister.java:unregister(73)) - Successfully un-registered JMX Bean with object name Ratis:service=RaftServer,group=group-0DB911CCBDA8,id=e568d23f-199e-48ce-91e4-5c166e2e97cd
2019-09-25 07:04:56,344 [62ec8eb9-3ae9-4136-b70a-2caf3716fa7f@group-D1FC5BB53A72-SegmentedRaftLogWorker] INFO  impl.RaftServerImpl (RaftServerImpl.java:lambda$shutdown$3(251)) - 62ec8eb9-3ae9-4136-b70a-2caf3716fa7f@group-D1FC5BB53A72: shutdown
2019-09-25 07:04:56,344 [Thread-605] INFO  impl.RoleInfo (RoleInfo.java:shutdownFollowerState(121)) - e568d23f-199e-48ce-91e4-5c166e2e97cd: shutdown FollowerState
2019-09-25 07:04:56,344 [e568d23f-199e-48ce-91e4-5c166e2e97cd@group-BD6803186CAB-SegmentedRaftLogWorker] INFO  impl.RaftServerImpl (RaftServerImpl.java:lambda$shutdown$3(251)) - e568d23f-199e-48ce-91e4-5c166e2e97cd@group-BD6803186CAB: shutdown
2019-09-25 07:04:56,343 [62ec8eb9-3ae9-4136-b70a-2caf3716fa7f@group-AE2CC0DD201F:LeaderElection88] INFO  server.RaftServerConfigKeys (ConfUtils.java:logGet(43)) - raft.server.watch.timeout.denomination = 1s (default)
2019-09-25 07:04:56,343 [e568d23f-199e-48ce-91e4-5c166e2e97cd@group-3D7A5B67F997:LeaderElection86] INFO  server.RaftServerConfigKeys (ConfUtils.java:logGet(43)) - raft.server.watch.timeout.denomination = 1s (default)
2019-09-25 07:04:56,342 [24bf2945-a329-4da6-aaf2-23ecd8d462c6@group-26C64E403BCE:LeaderElection90] INFO  server.RaftServerConfigKeys (ConfUtils.java:logGet(43)) - raft.server.watch.element-limit = 65536 (default)
2019-09-25 07:04:56,342 [62ec8eb9-3ae9-4136-b70a-2caf3716fa7f@group-3A07CAB9B615:LeaderElection89] INFO  server.RaftServerConfigKeys (ConfUtils.java:logGet(43)) - raft.server.watch.element-limit = 65536 (default)
2019-09-25 07:04:56,341 [pool-37-thread-1] INFO  server.RaftServerConfigKeys (ConfUtils.java:logGet(43)) - raft.server.log.write.buffer.size = 33554432 (custom)
2019-09-25 07:04:56,587 [pool-37-thread-1] INFO  server.RaftServerConfigKeys (ConfUtils.java:logGet(43)) - raft.server.log.force.sync.num = 128 (default)
2019-09-25 07:04:56,341 [62ec8eb9-3ae9-4136-b70a-2caf3716fa7f@group-AF43CFC2C23D:LeaderElection77] INFO  server.RaftServerConfigKeys (ConfUtils.java:logGet(43)) - raft.server.watch.timeout.denomination = 1s (default)
2019-09-25 07:04:56,341 [e568d23f-199e-48ce-91e4-5c166e2e97cd@group-345830245B51:LeaderElection81] INFO  server.RaftServerConfigKeys (ConfUtils.java:logGet(43)) - raft.server.watch.timeout.denomination = 1s (default)
2019-09-25 07:04:56,341 [62ec8eb9-3ae9-4136-b70a-2caf3716fa7f@group-02FBD30808D9:LeaderElection82] INFO  server.RaftServerConfigKeys (ConfUtils.java:logGet(43)) - raft.server.watch.timeout = 10s (default)
2019-09-25 07:04:56,340 [24bf2945-a329-4da6-aaf2-23ecd8d462c6@group-0F02076B3222:LeaderElection107] INFO  server.RaftServerConfigKeys (ConfUtils.java:logGet(43)) - raft.server.write.element-limit = 4096 (default)
2019-09-25 07:04:56,340 [e568d23f-199e-48ce-91e4-5c166e2e97cd@group-A76C434A76E6:LeaderElection114] INFO  server.RaftServerConfigKeys (ConfUtils.java:logGet(43)) - raft.server.write.element-limit = 4096 (default)
2019-09-25 07:04:56,340 [24bf2945-a329-4da6-aaf2-23ecd8d462c6@group-0A6D6B37687B:LeaderElection113] INFO  server.RaftServerConfigKeys (ConfUtils.java:logGet(43)) - raft.server.write.element-limit = 4096 (default)
2019-09-25 07:04:56,340 [62ec8eb9-3ae9-4136-b70a-2caf3716fa7f@group-5534E370F072:LeaderElection112] INFO  server.RaftServerConfigKeys (ConfUtils.java:logGet(43)) - raft.server.write.element-limit = 4096 (default)
2019-09-25 07:04:56,340 [62ec8eb9-3ae9-4136-b70a-2caf3716fa7f@group-E547958F4AD8:LeaderElection72] INFO  segmented.SegmentedRaftLogWorker (SegmentedRaftLogWorker.java:startLogSegment(380)) - 62ec8eb9-3ae9-4136-b70a-2caf3716fa7f@group-E547958F4AD8-SegmentedRaftLogWorker: Starting segment from index:0
2019-09-25 07:04:56,339 [24bf2945-a329-4da6-aaf2-23ecd8d462c6@group-A7908075CAFF:LeaderElection103] INFO  server.RaftServerConfigKeys (ConfUtils.java:logGet(43)) - raft.server.watch.timeout = 10s (default)
2019-09-25 07:04:56,590 [24bf2945-a329-4da6-aaf2-23ecd8d462c6@group-A7908075CAFF:LeaderElection103] INFO  server.RaftServerConfigKeys (ConfUtils.java:logGet(43)) - raft.server.watch.timeout.denomination = 1s (default)
2019-09-25 07:04:56,339 [24bf2945-a329-4da6-aaf2-23ecd8d462c6@group-339D99FADD64:LeaderElection106] INFO  server.RaftServerConfigKeys (ConfUtils.java:logGet(43)) - raft.server.watch.timeout = 10s (default)
2019-09-25 07:04:56,339 [24bf2945-a329-4da6-aaf2-23ecd8d462c6@group-4E9FB9BD23D5:LeaderElection115] INFO  server.RaftServerConfigKeys (ConfUtils.java:logGet(43)) - raft.server.write.element-limit = 4096 (default)
2019-09-25 07:04:56,339 [24bf2945-a329-4da6-aaf2-23ecd8d462c6@group-2DE67EB528FC:LeaderElection110] INFO  server.RaftServerConfigKeys (ConfUtils.java:logGet(43)) - raft.server.write.element-limit = 4096 (default)
2019-09-25 07:04:56,339 [62ec8eb9-3ae9-4136-b70a-2caf3716fa7f@group-465D573F1739:LeaderElection109] INFO  server.RaftServerConfigKeys (ConfUtils.java:logGet(43)) - raft.server.write.element-limit = 4096 (default)
2019-09-25 07:04:56,339 [Thread-577] INFO  impl.RoleInfo (RoleInfo.java:updateAndGet(143)) - 62ec8eb9-3ae9-4136-b70a-2caf3716fa7f: start LeaderElection
2019-09-25 07:04:56,338 [24bf2945-a329-4da6-aaf2-23ecd8d462c6@group-51A1562A27AA-SegmentedRaftLogWorker] INFO  impl.StateMachineUpdater (StateMachineUpdater.java:stopAndJoin(125)) - 24bf2945-a329-4da6-aaf2-23ecd8d462c6@group-51A1562A27AA-StateMachineUpdater: set stopIndex = -1
2019-09-25 07:04:56,338 [Thread-585] INFO  impl.RaftServerImpl (RaftServerImpl.java:setRole(174)) - 24bf2945-a329-4da6-aaf2-23ecd8d462c6@group-258FC0DA5C42: changes role from  FOLLOWER to CANDIDATE at term 0 for changeToCandidate
2019-09-25 07:04:56,338 [Thread-588] INFO  impl.RaftServerImpl (RaftServerImpl.java:setRole(174)) - 62ec8eb9-3ae9-4136-b70a-2caf3716fa7f@group-258FC0DA5C42: changes role from  FOLLOWER to CANDIDATE at term 0 for changeToCandidate
2019-09-25 07:04:56,338 [Thread-587] INFO  impl.RoleInfo (RoleInfo.java:updateAndGet(143)) - e568d23f-199e-48ce-91e4-5c166e2e97cd: start LeaderElection
2019-09-25 07:04:56,337 [e568d23f-199e-48ce-91e4-5c166e2e97cd@group-41A741059900:LeaderElection111] INFO  server.RaftServerConfigKeys (ConfUtils.java:logGet(43)) - raft.server.rpc.sleep.time = 25ms (default)
2019-09-25 07:04:56,337 [e568d23f-199e-48ce-91e4-5c166e2e97cd@group-D4DB0DEAC0CD:LeaderElection101] INFO  server.RaftServerConfigKeys (ConfUtils.java:logGet(43)) - raft.server.write.element-limit = 4096 (default)
2019-09-25 07:04:56,337 [62ec8eb9-3ae9-4136-b70a-2caf3716fa7f@group-213BD37C19A2:LeaderElection116] INFO  impl.RaftServerImpl (RaftServerImpl.java:setRole(174)) - 62ec8eb9-3ae9-4136-b70a-2caf3716fa7f@group-213BD37C19A2: changes role from CANDIDATE to LEADER at term 1 for changeToLeader
2019-09-25 07:04:56,337 [62ec8eb9-3ae9-4136-b70a-2caf3716fa7f@group-63FD56BDEF80:LeaderElection108] INFO  impl.RaftServerImpl (RaftServerImpl.java:setRole(174)) - 62ec8eb9-3ae9-4136-b70a-2caf3716fa7f@group-63FD56BDEF80: changes role from CANDIDATE to LEADER at term 1 for changeToLeader
2019-09-25 07:04:56,337 [62ec8eb9-3ae9-4136-b70a-2caf3716fa7f@group-E80D967D3F68:LeaderElection98] INFO  server.RaftServerConfigKeys (ConfUtils.java:logGet(43)) - raft.server.rpc.sleep.time = 25ms (default)
2019-09-25 07:04:56,337 [62ec8eb9-3ae9-4136-b70a-2caf3716fa7f@group-25849CE33AFF:LeaderElection105] INFO  impl.RaftServerImpl (ServerState.java:setLeader(253)) - 62ec8eb9-3ae9-4136-b70a-2caf3716fa7f@group-25849CE33AFF: change Leader from null to 62ec8eb9-3ae9-4136-b70a-2caf3716fa7f at term 1 for becomeLeader, leader elected after 6076ms
2019-09-25 07:04:56,336 [24bf2945-a329-4da6-aaf2-23ecd8d462c6@group-0088A0E64B06:LeaderElection104] INFO  impl.RaftServerImpl (ServerState.java:setLeader(253)) - 24bf2945-a329-4da6-aaf2-23ecd8d462c6@group-0088A0E64B06: change Leader from null to 24bf2945-a329-4da6-aaf2-23ecd8d462c6 at term 1 for becomeLeader, leader elected after 5927ms
2019-09-25 07:04:56,336 [e568d23f-199e-48ce-91e4-5c166e2e97cd@group-7B72D47A5EF5:LeaderElection93] INFO  server.RaftServerConfigKeys (ConfUtils.java:logGet(43)) - raft.server.rpc.sleep.time = 25ms (default)
2019-09-25 07:04:56,336 [e568d23f-199e-48ce-91e4-5c166e2e97cd@group-F05F9C076728:LeaderElection97] INFO  server.RaftServerConfigKeys (ConfUtils.java:logGet(43)) - raft.server.rpc.sleep.time = 25ms (default)
2019-09-25 07:04:56,336 [e568d23f-199e-48ce-91e4-5c166e2e97cd@group-DDE3C963B612:LeaderElection96] INFO  server.RaftServerConfigKeys (ConfUtils.java:logGet(43)) - raft.server.rpc.sleep.time = 25ms (default)
2019-09-25 07:04:56,336 [24bf2945-a329-4da6-aaf2-23ecd8d462c6@group-7C5CBE2B0FCF:LeaderElection100] INFO  server.RaftServerConfigKeys (ConfUtils.java:logGet(43)) - raft.server.rpc.sleep.time = 25ms (default)
2019-09-25 07:04:56,336 [62ec8eb9-3ae9-4136-b70a-2caf3716fa7f@group-A59A59095A78:LeaderElection95] INFO  server.RaftServerConfigKeys (ConfUtils.java:logGet(43)) - raft.server.write.element-limit = 4096 (default)
2019-09-25 07:04:56,335 [62ec8eb9-3ae9-4136-b70a-2caf3716fa7f@group-F92EA15D7072:LeaderElection80] INFO  server.RaftServerConfigKeys (ConfUtils.java:logGet(43)) - raft.server.write.element-limit = 4096 (default)
2019-09-25 07:04:56,335 [24bf2945-a329-4da6-aaf2-23ecd8d462c6@group-EA13F692BD94:LeaderElection94] INFO  server.RaftServerConfigKeys (ConfUtils.java:logGet(43)) - raft.server.write.element-limit = 4096 (default)
2019-09-25 07:04:56,335 [24bf2945-a329-4da6-aaf2-23ecd8d462c6@group-A8601CC5B899:LeaderElection99] INFO  server.RaftServerConfigKeys (ConfUtils.java:logGet(43)) - raft.server.staging.catchup.gap = 1000 (default)
2019-09-25 07:04:56,335 [24bf2945-a329-4da6-aaf2-23ecd8d462c6@group-FB23A28886E1:LeaderElection92] INFO  server.RaftServerConfigKeys (ConfUtils.java:logGet(43)) - raft.server.staging.catchup.gap = 1000 (default)
2019-09-25 07:04:56,335 [62ec8eb9-3ae9-4136-b70a-2caf3716fa7f@group-AFCD660D5460:LeaderElection102] INFO  impl.RaftServerImpl (RaftServerImpl.java:setRole(174)) - 62ec8eb9-3ae9-4136-b70a-2caf3716fa7f@group-AFCD660D5460: changes role from CANDIDATE to LEADER at term 1 for changeToLeader
2019-09-25 07:04:56,796 [24bf2945-a329-4da6-aaf2-23ecd8d462c6@group-FB23A28886E1:LeaderElection92] INFO  server.RaftServerConfigKeys (ConfUtils.java:logGet(43)) - raft.server.rpc.sleep.time = 25ms (default)
2019-09-25 07:04:56,796 [24bf2945-a329-4da6-aaf2-23ecd8d462c6@group-A8601CC5B899:LeaderElection99] INFO  server.RaftServerConfigKeys (ConfUtils.java:logGet(43)) - raft.server.rpc.sleep.time = 25ms (default)
2019-09-25 07:04:56,796 [24bf2945-a329-4da6-aaf2-23ecd8d462c6@group-EA13F692BD94:LeaderElection94] INFO  server.RaftServerConfigKeys (ConfUtils.java:logGet(43)) - raft.server.watch.timeout = 10s (default)
2019-09-25 07:04:56,796 [62ec8eb9-3ae9-4136-b70a-2caf3716fa7f@group-F92EA15D7072:LeaderElection80] INFO  server.RaftServerConfigKeys (ConfUtils.java:logGet(43)) - raft.server.watch.timeout = 10s (default)
2019-09-25 07:04:56,796 [62ec8eb9-3ae9-4136-b70a-2caf3716fa7f@group-A59A59095A78:LeaderElection95] INFO  server.RaftServerConfigKeys (ConfUtils.java:logGet(43)) - raft.server.watch.timeout = 10s (default)
2019-09-25 07:04:56,796 [24bf2945-a329-4da6-aaf2-23ecd8d462c6@group-7C5CBE2B0FCF:LeaderElection100] INFO  server.RaftServerConfigKeys (ConfUtils.java:logGet(43)) - raft.server.write.element-limit = 4096 (default)
2019-09-25 07:04:56,795 [e568d23f-199e-48ce-91e4-5c166e2e97cd@group-DDE3C963B612:LeaderElection96] INFO  server.RaftServerConfigKeys (ConfUtils.java:logGet(43)) - raft.server.write.element-limit = 4096 (default)
2019-09-25 07:04:56,795 [e568d23f-199e-48ce-91e4-5c166e2e97cd@group-F05F9C076728:LeaderElection97] INFO  server.RaftServerConfigKeys (ConfUtils.java:logGet(43)) - raft.server.write.element-limit = 4096 (default)
2019-09-25 07:04:56,795 [e568d23f-199e-48ce-91e4-5c166e2e97cd@group-7B72D47A5EF5:LeaderElection93] INFO  server.RaftServerConfigKeys (ConfUtils.java:logGet(43)) - raft.server.write.element-limit = 4096 (default)
2019-09-25 07:04:56,798 [e568d23f-199e-48ce-91e4-5c166e2e97cd@group-7B72D47A5EF5:LeaderElection93] INFO  server.RaftServerConfigKeys (ConfUtils.java:logGet(43)) - raft.server.watch.timeout = 10s (default)
2019-09-25 07:04:56,795 [24bf2945-a329-4da6-aaf2-23ecd8d462c6@group-0088A0E64B06:LeaderElection104] INFO  server.RaftServerConfigKeys (ConfUtils.java:logGet(43)) - raft.server.staging.catchup.gap = 1000 (default)
2019-09-25 07:04:56,795 [62ec8eb9-3ae9-4136-b70a-2caf3716fa7f@group-25849CE33AFF:LeaderElection105] INFO  server.RaftServerConfigKeys (ConfUtils.java:logGet(43)) - raft.server.staging.catchup.gap = 1000 (default)
2019-09-25 07:04:56,794 [62ec8eb9-3ae9-4136-b70a-2caf3716fa7f@group-E80D967D3F68:LeaderElection98] INFO  server.RaftServerConfigKeys (ConfUtils.java:logGet(43)) - raft.server.write.element-limit = 4096 (default)
2019-09-25 07:04:56,794 [62ec8eb9-3ae9-4136-b70a-2caf3716fa7f@group-63FD56BDEF80:LeaderElection108] INFO  impl.RaftServerImpl (ServerState.java:setLeader(253)) - 62ec8eb9-3ae9-4136-b70a-2caf3716fa7f@group-63FD56BDEF80: change Leader from null to 62ec8eb9-3ae9-4136-b70a-2caf3716fa7f at term 1 for becomeLeader, leader elected after 6790ms
2019-09-25 07:04:56,794 [62ec8eb9-3ae9-4136-b70a-2caf3716fa7f@group-213BD37C19A2:LeaderElection116] INFO  impl.RaftServerImpl (ServerState.java:setLeader(253)) - 62ec8eb9-3ae9-4136-b70a-2caf3716fa7f@group-213BD37C19A2: change Leader from null to 62ec8eb9-3ae9-4136-b70a-2caf3716fa7f at term 1 for becomeLeader, leader elected after 6444ms
2019-09-25 07:04:56,794 [e568d23f-199e-48ce-91e4-5c166e2e97cd@group-D4DB0DEAC0CD:LeaderElection101] INFO  server.RaftServerConfigKeys (ConfUtils.java:logGet(43)) - raft.server.watch.timeout = 10s (default)
2019-09-25 07:04:56,794 [e568d23f-199e-48ce-91e4-5c166e2e97cd@group-41A741059900:LeaderElection111] INFO  server.RaftServerConfigKeys (ConfUtils.java:logGet(43)) - raft.server.write.element-limit = 4096 (default)
2019-09-25 07:04:56,793 [Thread-588] INFO  impl.RoleInfo (RoleInfo.java:updateAndGet(143)) - 62ec8eb9-3ae9-4136-b70a-2caf3716fa7f: start LeaderElection
2019-09-25 07:04:56,793 [Thread-585] INFO  impl.RoleInfo (RoleInfo.java:updateAndGet(143)) - 24bf2945-a329-4da6-aaf2-23ecd8d462c6: start LeaderElection
2019-09-25 07:04:56,793 [24bf2945-a329-4da6-aaf2-23ecd8d462c6@group-51A1562A27AA-SegmentedRaftLogWorker] INFO  impl.RaftServerImpl (ServerState.java:close(385)) - 24bf2945-a329-4da6-aaf2-23ecd8d462c6@group-51A1562A27AA: closes. applyIndex: -1
2019-09-25 07:04:56,792 [62ec8eb9-3ae9-4136-b70a-2caf3716fa7f@group-465D573F1739:LeaderElection109] INFO  server.RaftServerConfigKeys (ConfUtils.java:logGet(43)) - raft.server.watch.timeout = 10s (default)
2019-09-25 07:04:56,792 [24bf2945-a329-4da6-aaf2-23ecd8d462c6@group-2DE67EB528FC:LeaderElection110] INFO  server.RaftServerConfigKeys (ConfUtils.java:logGet(43)) - raft.server.watch.timeout = 10s (default)
2019-09-25 07:04:56,792 [24bf2945-a329-4da6-aaf2-23ecd8d462c6@group-4E9FB9BD23D5:LeaderElection115] INFO  server.RaftServerConfigKeys (ConfUtils.java:logGet(43)) - raft.server.watch.timeout = 10s (default)
2019-09-25 07:04:56,792 [24bf2945-a329-4da6-aaf2-23ecd8d462c6@group-339D99FADD64:LeaderElection106] INFO  server.RaftServerConfigKeys (ConfUtils.java:logGet(43)) - raft.server.watch.timeout.denomination = 1s (default)
2019-09-25 07:04:56,792 [24bf2945-a329-4da6-aaf2-23ecd8d462c6@group-26C64E403BCE:LeaderElection90] INFO  impl.RoleInfo (RoleInfo.java:updateAndGet(143)) - 24bf2945-a329-4da6-aaf2-23ecd8d462c6: start LeaderState
2019-09-25 07:04:56,792 [62ec8eb9-3ae9-4136-b70a-2caf3716fa7f@group-3A07CAB9B615:LeaderElection89] INFO  impl.RoleInfo (RoleInfo.java:updateAndGet(143)) - 62ec8eb9-3ae9-4136-b70a-2caf3716fa7f: start LeaderState
2019-09-25 07:04:56,792 [24bf2945-a329-4da6-aaf2-23ecd8d462c6@group-A7908075CAFF:LeaderElection103] INFO  server.RaftServerConfigKeys (ConfUtils.java:logGet(43)) - raft.server.watch.element-limit = 65536 (default)
2019-09-25 07:04:56,791 [62ec8eb9-3ae9-4136-b70a-2caf3716fa7f@group-E547958F4AD8:LeaderElection72] INFO  impl.RaftServerImpl (ServerState.java:setRaftConf(354)) - 62ec8eb9-3ae9-4136-b70a-2caf3716fa7f@group-E547958F4AD8: set configuration 0: [62ec8eb9-3ae9-4136-b70a-2caf3716fa7f:192.168.30.10:44715], old=null at 0
2019-09-25 07:04:56,791 [Thread-618] INFO  impl.FollowerState (FollowerState.java:run(106)) - 62ec8eb9-3ae9-4136-b70a-2caf3716fa7f:group-C509BEFDAC58 changes to CANDIDATE, lastRpcTime:5377, electionTimeout:5178ms
2019-09-25 07:04:56,589 [62ec8eb9-3ae9-4136-b70a-2caf3716fa7f@group-5534E370F072:LeaderElection112] INFO  server.RaftServerConfigKeys (ConfUtils.java:logGet(43)) - raft.server.watch.timeout = 10s (default)
2019-09-25 07:04:56,589 [24bf2945-a329-4da6-aaf2-23ecd8d462c6@group-0A6D6B37687B:LeaderElection113] INFO  server.RaftServerConfigKeys (ConfUtils.java:logGet(43)) - raft.server.watch.timeout = 10s (default)
2019-09-25 07:04:56,589 [e568d23f-199e-48ce-91e4-5c166e2e97cd@group-A76C434A76E6:LeaderElection114] INFO  server.RaftServerConfigKeys (ConfUtils.java:logGet(43)) - raft.server.watch.timeout = 10s (default)
2019-09-25 07:04:56,588 [24bf2945-a329-4da6-aaf2-23ecd8d462c6@group-0F02076B3222:LeaderElection107] INFO  server.RaftServerConfigKeys (ConfUtils.java:logGet(43)) - raft.server.watch.timeout = 10s (default)
2019-09-25 07:04:56,588 [62ec8eb9-3ae9-4136-b70a-2caf3716fa7f@group-02FBD30808D9:LeaderElection82] INFO  server.RaftServerConfigKeys (ConfUtils.java:logGet(43)) - raft.server.watch.timeout.denomination = 1s (default)
2019-09-25 07:04:56,588 [e568d23f-199e-48ce-91e4-5c166e2e97cd@group-345830245B51:LeaderElection81] INFO  server.RaftServerConfigKeys (ConfUtils.java:logGet(43)) - raft.server.watch.element-limit = 65536 (default)
2019-09-25 07:04:56,588 [62ec8eb9-3ae9-4136-b70a-2caf3716fa7f@group-AF43CFC2C23D:LeaderElection77] INFO  server.RaftServerConfigKeys (ConfUtils.java:logGet(43)) - raft.server.watch.element-limit = 65536 (default)
2019-09-25 07:04:56,588 [24bf2945-a329-4da6-aaf2-23ecd8d462c6@group-20DC2BFBC392:LeaderElection74] INFO  impl.RoleInfo (RoleInfo.java:updateAndGet(143)) - 24bf2945-a329-4da6-aaf2-23ecd8d462c6: start LeaderState
2019-09-25 07:04:56,588 [pool-37-thread-1] INFO  server.RaftServerConfigKeys (ConfUtils.java:logGet(43)) - raft.server.log.statemachine.data.sync = true (default)
2019-09-25 07:04:56,588 [62ec8eb9-3ae9-4136-b70a-2caf3716fa7f@group-ABB063594AB8:LeaderElection87] INFO  impl.RoleInfo (RoleInfo.java:updateAndGet(143)) - 62ec8eb9-3ae9-4136-b70a-2caf3716fa7f: start LeaderState
2019-09-25 07:04:56,587 [62ec8eb9-3ae9-4136-b70a-2caf3716fa7f@group-D904831A97FC:LeaderElection91] INFO  impl.RoleInfo (RoleInfo.java:updateAndGet(143)) - 62ec8eb9-3ae9-4136-b70a-2caf3716fa7f: start LeaderState
2019-09-25 07:04:56,587 [e568d23f-199e-48ce-91e4-5c166e2e97cd@group-3D7A5B67F997:LeaderElection86] INFO  server.RaftServerConfigKeys (ConfUtils.java:logGet(43)) - raft.server.watch.element-limit = 65536 (default)
2019-09-25 07:04:56,804 [62ec8eb9-3ae9-4136-b70a-2caf3716fa7f@group-D904831A97FC:LeaderElection91] INFO  segmented.SegmentedRaftLogWorker (SegmentedRaftLogWorker.java:startLogSegment(380)) - 62ec8eb9-3ae9-4136-b70a-2caf3716fa7f@group-D904831A97FC-SegmentedRaftLogWorker: Starting segment from index:0
2019-09-25 07:04:56,587 [e568d23f-199e-48ce-91e4-5c166e2e97cd@group-BD6803186CAB-SegmentedRaftLogWorker] INFO  util.JmxRegister (JmxRegister.java:unregister(73)) - Successfully un-registered JMX Bean with object name Ratis:service=RaftServer,group=group-BD6803186CAB,id=e568d23f-199e-48ce-91e4-5c166e2e97cd
2019-09-25 07:04:56,804 [e568d23f-199e-48ce-91e4-5c166e2e97cd@group-BD6803186CAB-SegmentedRaftLogWorker] INFO  impl.RoleInfo (RoleInfo.java:shutdownLeaderState(104)) - e568d23f-199e-48ce-91e4-5c166e2e97cd: shutdown LeaderState
2019-09-25 07:04:56,587 [62ec8eb9-3ae9-4136-b70a-2caf3716fa7f@group-AE2CC0DD201F:LeaderElection88] INFO  server.RaftServerConfigKeys (ConfUtils.java:logGet(43)) - raft.server.watch.element-limit = 65536 (default)
2019-09-25 07:04:56,586 [62ec8eb9-3ae9-4136-b70a-2caf3716fa7f@group-B55175940783:LeaderElection78] INFO  impl.RoleInfo (RoleInfo.java:updateAndGet(143)) - 62ec8eb9-3ae9-4136-b70a-2caf3716fa7f: start LeaderState
2019-09-25 07:04:56,586 [Thread-605] INFO  impl.RaftServerImpl (RaftServerImpl.java:setRole(174)) - e568d23f-199e-48ce-91e4-5c166e2e97cd@group-EF60280D0D4B: changes role from  FOLLOWER to CANDIDATE at term 0 for changeToCandidate
2019-09-25 07:04:57,094 [62ec8eb9-3ae9-4136-b70a-2caf3716fa7f@group-B55175940783:LeaderElection78] INFO  segmented.SegmentedRaftLogWorker (SegmentedRaftLogWorker.java:startLogSegment(380)) - 62ec8eb9-3ae9-4136-b70a-2caf3716fa7f@group-B55175940783-SegmentedRaftLogWorker: Starting segment from index:0
2019-09-25 07:04:56,586 [62ec8eb9-3ae9-4136-b70a-2caf3716fa7f@group-D1FC5BB53A72-SegmentedRaftLogWorker] INFO  util.JmxRegister (JmxRegister.java:unregister(73)) - Successfully un-registered JMX Bean with object name Ratis:service=RaftServer,group=group-D1FC5BB53A72,id=62ec8eb9-3ae9-4136-b70a-2caf3716fa7f
2019-09-25 07:04:56,586 [e568d23f-199e-48ce-91e4-5c166e2e97cd@group-0DB911CCBDA8-SegmentedRaftLogWorker] INFO  impl.RoleInfo (RoleInfo.java:shutdownLeaderState(104)) - e568d23f-199e-48ce-91e4-5c166e2e97cd: shutdown LeaderState
2019-09-25 07:04:56,586 [Thread-598] INFO  impl.RoleInfo (RoleInfo.java:updateAndGet(143)) - 62ec8eb9-3ae9-4136-b70a-2caf3716fa7f: start LeaderElection
2019-09-25 07:04:56,586 [62ec8eb9-3ae9-4136-b70a-2caf3716fa7f@group-FFC5433C2152:LeaderElection85] INFO  server.RaftServerConfigKeys (ConfUtils.java:logGet(43)) - raft.server.watch.element-limit = 65536 (default)
2019-09-25 07:04:56,585 [e568d23f-199e-48ce-91e4-5c166e2e97cd@group-4D304F3CBDC4-SegmentedRaftLogWorker] INFO  impl.RaftServerImpl (RaftServerImpl.java:lambda$shutdown$3(251)) - e568d23f-199e-48ce-91e4-5c166e2e97cd@group-4D304F3CBDC4: shutdown
2019-09-25 07:04:56,584 [24bf2945-a329-4da6-aaf2-23ecd8d462c6@group-806C51DA001C:LeaderElection79] INFO  impl.RoleInfo (RoleInfo.java:updateAndGet(143)) - 24bf2945-a329-4da6-aaf2-23ecd8d462c6: start LeaderState
2019-09-25 07:04:56,584 [24bf2945-a329-4da6-aaf2-23ecd8d462c6@group-7EAE8DFEC943-SegmentedRaftLogWorker] INFO  impl.RaftServerImpl (RaftServerImpl.java:lambda$shutdown$3(251)) - 24bf2945-a329-4da6-aaf2-23ecd8d462c6@group-7EAE8DFEC943: shutdown
2019-09-25 07:04:56,584 [24bf2945-a329-4da6-aaf2-23ecd8d462c6@group-134481B225CC:LeaderElection83] INFO  server.RaftServerConfigKeys (ConfUtils.java:logGet(43)) - raft.server.watch.timeout.denomination = 1s (default)
2019-09-25 07:04:56,584 [24bf2945-a329-4da6-aaf2-23ecd8d462c6@group-FF666133FC8D:LeaderElection84] INFO  server.RaftServerConfigKeys (ConfUtils.java:logGet(43)) - raft.server.watch.element-limit = 65536 (default)
2019-09-25 07:04:57,355 [24bf2945-a329-4da6-aaf2-23ecd8d462c6@group-7EAE8DFEC943-SegmentedRaftLogWorker] INFO  util.JmxRegister (JmxRegister.java:unregister(73)) - Successfully un-registered JMX Bean with object name Ratis:service=RaftServer,group=group-7EAE8DFEC943,id=24bf2945-a329-4da6-aaf2-23ecd8d462c6
2019-09-25 07:04:56,583 [62ec8eb9-3ae9-4136-b70a-2caf3716fa7f@group-853F494A7699:LeaderElection73] INFO  segmented.SegmentedRaftLogWorker (SegmentedRaftLogWorker.java:startLogSegment(380)) - 62ec8eb9-3ae9-4136-b70a-2caf3716fa7f@group-853F494A7699-SegmentedRaftLogWorker: Starting segment from index:0
2019-09-25 07:04:56,583 [24bf2945-a329-4da6-aaf2-23ecd8d462c6@group-59E882B450F2:LeaderElection70] INFO  server.RaftServerConfigKeys (ConfUtils.java:logGet(43)) - raft.server.watch.timeout = 10s (default)
2019-09-25 07:04:57,356 [e568d23f-199e-48ce-91e4-5c166e2e97cd@group-345830245B51:LeaderElection81] INFO  impl.RoleInfo (RoleInfo.java:updateAndGet(143)) - e568d23f-199e-48ce-91e4-5c166e2e97cd: start LeaderState
2019-09-25 07:04:57,355 [24bf2945-a329-4da6-aaf2-23ecd8d462c6@group-7EAE8DFEC943-SegmentedRaftLogWorker] INFO  impl.RoleInfo (RoleInfo.java:shutdownLeaderState(104)) - 24bf2945-a329-4da6-aaf2-23ecd8d462c6: shutdown LeaderState
2019-09-25 07:04:57,356 [e568d23f-199e-48ce-91e4-5c166e2e97cd@group-345830245B51:LeaderElection81] INFO  segmented.SegmentedRaftLogWorker (SegmentedRaftLogWorker.java:startLogSegment(380)) - e568d23f-199e-48ce-91e4-5c166e2e97cd@group-345830245B51-SegmentedRaftLogWorker: Starting segment from index:0
2019-09-25 07:04:57,355 [24bf2945-a329-4da6-aaf2-23ecd8d462c6@group-134481B225CC:LeaderElection83] INFO  server.RaftServerConfigKeys (ConfUtils.java:logGet(43)) - raft.server.watch.element-limit = 65536 (default)
2019-09-25 07:04:57,355 [24bf2945-a329-4da6-aaf2-23ecd8d462c6@group-806C51DA001C:LeaderElection79] INFO  segmented.SegmentedRaftLogWorker (SegmentedRaftLogWorker.java:startLogSegment(380)) - 24bf2945-a329-4da6-aaf2-23ecd8d462c6@group-806C51DA001C-SegmentedRaftLogWorker: Starting segment from index:0
2019-09-25 07:04:57,355 [e568d23f-199e-48ce-91e4-5c166e2e97cd@group-4D304F3CBDC4-SegmentedRaftLogWorker] INFO  util.JmxRegister (JmxRegister.java:unregister(73)) - Successfully un-registered JMX Bean with object name Ratis:service=RaftServer,group=group-4D304F3CBDC4,id=e568d23f-199e-48ce-91e4-5c166e2e97cd
2019-09-25 07:04:57,357 [e568d23f-199e-48ce-91e4-5c166e2e97cd@group-4D304F3CBDC4-SegmentedRaftLogWorker] INFO  impl.RoleInfo (RoleInfo.java:shutdownLeaderState(104)) - e568d23f-199e-48ce-91e4-5c166e2e97cd: shutdown LeaderState
2019-09-25 07:04:57,355 [e568d23f-199e-48ce-91e4-5c166e2e97cd@group-5A9570ABCA5E-SegmentedRaftLogWorker] ERROR segmented.SegmentedRaftLogWorker (SegmentedRaftLogWorker.java:run(323)) - e568d23f-199e-48ce-91e4-5c166e2e97cd@group-5A9570ABCA5E-SegmentedRaftLogWorker hit exception
java.lang.OutOfMemoryError: Direct buffer memory
	at java.nio.Bits.reserveMemory(Bits.java:666)
	at java.nio.DirectByteBuffer.<init>(DirectByteBuffer.java:123)
	at java.nio.ByteBuffer.allocateDirect(ByteBuffer.java:311)
	at org.apache.ratis.server.raftlog.segmented.BufferedWriteChannel.<init>(BufferedWriteChannel.java:41)
	at org.apache.ratis.server.raftlog.segmented.SegmentedRaftLogOutputStream.<init>(SegmentedRaftLogOutputStream.java:72)
	at org.apache.ratis.server.raftlog.segmented.SegmentedRaftLogWorker$StartLogSegment.execute(SegmentedRaftLogWorker.java:566)
	at org.apache.ratis.server.raftlog.segmented.SegmentedRaftLogWorker.run(SegmentedRaftLogWorker.java:289)
	at java.lang.Thread.run(Thread.java:748)
2019-09-25 07:04:57,304 [Thread-652] INFO  impl.FollowerState (FollowerState.java:run(106)) - 24bf2945-a329-4da6-aaf2-23ecd8d462c6:group-D2BB2F6B7057 changes to CANDIDATE, lastRpcTime:5235, electionTimeout:5139ms
2019-09-25 07:04:57,358 [62ec8eb9-3ae9-4136-b70a-2caf3716fa7f@group-AF43CFC2C23D:LeaderElection77] INFO  impl.RoleInfo (RoleInfo.java:updateAndGet(143)) - 62ec8eb9-3ae9-4136-b70a-2caf3716fa7f: start LeaderState
2019-09-25 07:04:57,303 [Thread-655] INFO  impl.FollowerState (FollowerState.java:run(106)) - 62ec8eb9-3ae9-4136-b70a-2caf3716fa7f:group-C940C511D282 changes to CANDIDATE, lastRpcTime:5198, electionTimeout:5137ms
2019-09-25 07:04:57,303 [Thread-660] INFO  impl.FollowerState (FollowerState.java:run(106)) - 24bf2945-a329-4da6-aaf2-23ecd8d462c6:group-6CCE13CCC209 changes to CANDIDATE, lastRpcTime:5149, electionTimeout:5090ms
2019-09-25 07:04:57,095 [62ec8eb9-3ae9-4136-b70a-2caf3716fa7f@group-B55175940783:LeaderElection78] INFO  impl.RaftServerImpl (ServerState.java:setRaftConf(354)) - 62ec8eb9-3ae9-4136-b70a-2caf3716fa7f@group-B55175940783: set configuration 0: [62ec8eb9-3ae9-4136-b70a-2caf3716fa7f:192.168.30.10:44715], old=null at 0
2019-09-25 07:04:57,095 [e568d23f-199e-48ce-91e4-5c166e2e97cd@group-0DB911CCBDA8-SegmentedRaftLogWorker] INFO  impl.PendingRequests (PendingRequests.java:sendNotLeaderResponses(202)) - e568d23f-199e-48ce-91e4-5c166e2e97cd-PendingRequests: sendNotLeaderResponses
2019-09-25 07:04:57,095 [62ec8eb9-3ae9-4136-b70a-2caf3716fa7f@group-D1FC5BB53A72-SegmentedRaftLogWorker] INFO  impl.RoleInfo (RoleInfo.java:shutdownLeaderState(104)) - 62ec8eb9-3ae9-4136-b70a-2caf3716fa7f: shutdown LeaderState
2019-09-25 07:04:57,359 [e568d23f-199e-48ce-91e4-5c166e2e97cd@group-0DB911CCBDA8-SegmentedRaftLogWorker] INFO  impl.StateMachineUpdater (StateMachineUpdater.java:stopAndJoin(125)) - e568d23f-199e-48ce-91e4-5c166e2e97cd@group-0DB911CCBDA8-StateMachineUpdater: set stopIndex = -1
2019-09-25 07:04:57,094 [Thread-605] INFO  impl.RoleInfo (RoleInfo.java:updateAndGet(143)) - e568d23f-199e-48ce-91e4-5c166e2e97cd: start LeaderElection
2019-09-25 07:04:57,093 [62ec8eb9-3ae9-4136-b70a-2caf3716fa7f@group-D904831A97FC:LeaderElection91] INFO  impl.RaftServerImpl (ServerState.java:setRaftConf(354)) - 62ec8eb9-3ae9-4136-b70a-2caf3716fa7f@group-D904831A97FC: set configuration 0: [62ec8eb9-3ae9-4136-b70a-2caf3716fa7f:192.168.30.10:44715], old=null at 0
2019-09-25 07:04:57,093 [e568d23f-199e-48ce-91e4-5c166e2e97cd@group-BD6803186CAB-SegmentedRaftLogWorker] INFO  impl.PendingRequests (PendingRequests.java:sendNotLeaderResponses(202)) - e568d23f-199e-48ce-91e4-5c166e2e97cd-PendingRequests: sendNotLeaderResponses
2019-09-25 07:04:57,093 [62ec8eb9-3ae9-4136-b70a-2caf3716fa7f@group-A6D5E2AE564D:LeaderElection118] INFO  impl.LeaderElection (LeaderElection.java:askForVotes(182)) - 62ec8eb9-3ae9-4136-b70a-2caf3716fa7f@group-A6D5E2AE564D:LeaderElection118: begin an election at term 1 for -1: [62ec8eb9-3ae9-4136-b70a-2caf3716fa7f:192.168.30.10:44715], old=null
2019-09-25 07:04:57,360 [e568d23f-199e-48ce-91e4-5c166e2e97cd@group-BD6803186CAB-SegmentedRaftLogWorker] INFO  impl.StateMachineUpdater (StateMachineUpdater.java:stopAndJoin(125)) - e568d23f-199e-48ce-91e4-5c166e2e97cd@group-BD6803186CAB-StateMachineUpdater: set stopIndex = -1
2019-09-25 07:04:57,093 [24bf2945-a329-4da6-aaf2-23ecd8d462c6@group-258FC0DA5C42:LeaderElection120] INFO  impl.LeaderElection (LeaderElection.java:askForVotes(182)) - 24bf2945-a329-4da6-aaf2-23ecd8d462c6@group-258FC0DA5C42:LeaderElection120: begin an election at term 1 for -1: [24bf2945-a329-4da6-aaf2-23ecd8d462c6:192.168.30.10:42867, e568d23f-199e-48ce-91e4-5c166e2e97cd:192.168.30.10:42827, 62ec8eb9-3ae9-4136-b70a-2caf3716fa7f:192.168.30.10:44715], old=null
2019-09-25 07:04:57,093 [62ec8eb9-3ae9-4136-b70a-2caf3716fa7f@group-258FC0DA5C42:LeaderElection121] INFO  impl.LeaderElection (LeaderElection.java:askForVotes(182)) - 62ec8eb9-3ae9-4136-b70a-2caf3716fa7f@group-258FC0DA5C42:LeaderElection121: begin an election at term 1 for -1: [24bf2945-a329-4da6-aaf2-23ecd8d462c6:192.168.30.10:42867, e568d23f-199e-48ce-91e4-5c166e2e97cd:192.168.30.10:42827, 62ec8eb9-3ae9-4136-b70a-2caf3716fa7f:192.168.30.10:44715], old=null
2019-09-25 07:04:57,093 [e568d23f-199e-48ce-91e4-5c166e2e97cd@group-258FC0DA5C42:LeaderElection117] INFO  impl.LeaderElection (LeaderElection.java:askForVotes(182)) - e568d23f-199e-48ce-91e4-5c166e2e97cd@group-258FC0DA5C42:LeaderElection117: begin an election at term 1 for -1: [24bf2945-a329-4da6-aaf2-23ecd8d462c6:192.168.30.10:42867, e568d23f-199e-48ce-91e4-5c166e2e97cd:192.168.30.10:42827, 62ec8eb9-3ae9-4136-b70a-2caf3716fa7f:192.168.30.10:44715], old=null
2019-09-25 07:04:57,090 [Thread-639] INFO  impl.FollowerState (FollowerState.java:run(106)) - e568d23f-199e-48ce-91e4-5c166e2e97cd:group-EC8A69775D8E changes to CANDIDATE, lastRpcTime:5251, electionTimeout:5122ms
2019-09-25 07:04:57,086 [Thread-646] INFO  impl.FollowerState (FollowerState.java:run(106)) - 62ec8eb9-3ae9-4136-b70a-2caf3716fa7f:group-2F45C8EEFF22 changes to CANDIDATE, lastRpcTime:5108, electionTimeout:5053ms
2019-09-25 07:04:57,086 [24bf2945-a329-4da6-aaf2-23ecd8d462c6@group-4B63F1BD2522-SegmentedRaftLogWorker] ERROR segmented.SegmentedRaftLogWorker (SegmentedRaftLogWorker.java:run(323)) - 24bf2945-a329-4da6-aaf2-23ecd8d462c6@group-4B63F1BD2522-SegmentedRaftLogWorker hit exception
java.lang.OutOfMemoryError: Direct buffer memory
	at java.nio.Bits.reserveMemory(Bits.java:666)
	at java.nio.DirectByteBuffer.<init>(DirectByteBuffer.java:123)
	at java.nio.ByteBuffer.allocateDirect(ByteBuffer.java:311)
	at org.apache.ratis.server.raftlog.segmented.BufferedWriteChannel.<init>(BufferedWriteChannel.java:41)
	at org.apache.ratis.server.raftlog.segmented.SegmentedRaftLogOutputStream.<init>(SegmentedRaftLogOutputStream.java:72)
	at org.apache.ratis.server.raftlog.segmented.SegmentedRaftLogWorker$StartLogSegment.execute(SegmentedRaftLogWorker.java:566)
	at org.apache.ratis.server.raftlog.segmented.SegmentedRaftLogWorker.run(SegmentedRaftLogWorker.java:289)
	at java.lang.Thread.run(Thread.java:748)
2019-09-25 07:04:56,804 [62ec8eb9-3ae9-4136-b70a-2caf3716fa7f@group-ABB063594AB8:LeaderElection87] INFO  segmented.SegmentedRaftLogWorker (SegmentedRaftLogWorker.java:startLogSegment(380)) - 62ec8eb9-3ae9-4136-b70a-2caf3716fa7f@group-ABB063594AB8-SegmentedRaftLogWorker: Starting segment from index:0
2019-09-25 07:04:56,804 [pool-37-thread-1] INFO  server.RaftServerConfigKeys (ConfUtils.java:logGet(43)) - raft.server.log.statemachine.data.sync.timeout = 10s (default)
2019-09-25 07:04:56,803 [24bf2945-a329-4da6-aaf2-23ecd8d462c6@group-A7908075CAFF:LeaderElection103] INFO  impl.RoleInfo (RoleInfo.java:updateAndGet(143)) - 24bf2945-a329-4da6-aaf2-23ecd8d462c6: start LeaderState
2019-09-25 07:04:56,803 [24bf2945-a329-4da6-aaf2-23ecd8d462c6@group-20DC2BFBC392:LeaderElection74] INFO  segmented.SegmentedRaftLogWorker (SegmentedRaftLogWorker.java:startLogSegment(380)) - 24bf2945-a329-4da6-aaf2-23ecd8d462c6@group-20DC2BFBC392-SegmentedRaftLogWorker: Starting segment from index:0
2019-09-25 07:04:56,803 [62ec8eb9-3ae9-4136-b70a-2caf3716fa7f@group-02FBD30808D9:LeaderElection82] INFO  server.RaftServerConfigKeys (ConfUtils.java:logGet(43)) - raft.server.watch.element-limit = 65536 (default)
2019-09-25 07:04:56,802 [24bf2945-a329-4da6-aaf2-23ecd8d462c6@group-0F02076B3222:LeaderElection107] INFO  server.RaftServerConfigKeys (ConfUtils.java:logGet(43)) - raft.server.watch.timeout.denomination = 1s (default)
2019-09-25 07:04:56,802 [e568d23f-199e-48ce-91e4-5c166e2e97cd@group-A76C434A76E6:LeaderElection114] INFO  server.RaftServerConfigKeys (ConfUtils.java:logGet(43)) - raft.server.watch.timeout.denomination = 1s (default)
2019-09-25 07:04:56,802 [24bf2945-a329-4da6-aaf2-23ecd8d462c6@group-0A6D6B37687B:LeaderElection113] INFO  server.RaftServerConfigKeys (ConfUtils.java:logGet(43)) - raft.server.watch.timeout.denomination = 1s (default)
2019-09-25 07:04:56,802 [62ec8eb9-3ae9-4136-b70a-2caf3716fa7f@group-5534E370F072:LeaderElection112] INFO  server.RaftServerConfigKeys (ConfUtils.java:logGet(43)) - raft.server.watch.timeout.denomination = 1s (default)
2019-09-25 07:04:57,364 [62ec8eb9-3ae9-4136-b70a-2caf3716fa7f@group-5534E370F072:LeaderElection112] INFO  server.RaftServerConfigKeys (ConfUtils.java:logGet(43)) - raft.server.watch.element-limit = 65536 (default)
2019-09-25 07:04:56,802 [Thread-618] INFO  impl.RoleInfo (RoleInfo.java:shutdownFollowerState(121)) - 62ec8eb9-3ae9-4136-b70a-2caf3716fa7f: shutdown FollowerState
2019-09-25 07:04:56,801 [62ec8eb9-3ae9-4136-b70a-2caf3716fa7f@group-3A07CAB9B615:LeaderElection89] INFO  segmented.SegmentedRaftLogWorker (SegmentedRaftLogWorker.java:startLogSegment(380)) - 62ec8eb9-3ae9-4136-b70a-2caf3716fa7f@group-3A07CAB9B615-SegmentedRaftLogWorker: Starting segment from index:0
2019-09-25 07:04:56,801 [24bf2945-a329-4da6-aaf2-23ecd8d462c6@group-26C64E403BCE:LeaderElection90] INFO  segmented.SegmentedRaftLogWorker (SegmentedRaftLogWorker.java:startLogSegment(380)) - 24bf2945-a329-4da6-aaf2-23ecd8d462c6@group-26C64E403BCE-SegmentedRaftLogWorker: Starting segment from index:0
2019-09-25 07:04:56,801 [24bf2945-a329-4da6-aaf2-23ecd8d462c6@group-339D99FADD64:LeaderElection106] INFO  server.RaftServerConfigKeys (ConfUtils.java:logGet(43)) - raft.server.watch.element-limit = 65536 (default)
2019-09-25 07:04:56,801 [24bf2945-a329-4da6-aaf2-23ecd8d462c6@group-4E9FB9BD23D5:LeaderElection115] INFO  server.RaftServerConfigKeys (ConfUtils.java:logGet(43)) - raft.server.watch.timeout.denomination = 1s (default)
2019-09-25 07:04:56,800 [24bf2945-a329-4da6-aaf2-23ecd8d462c6@group-2DE67EB528FC:LeaderElection110] INFO  server.RaftServerConfigKeys (ConfUtils.java:logGet(43)) - raft.server.watch.timeout.denomination = 1s (default)
2019-09-25 07:04:56,800 [62ec8eb9-3ae9-4136-b70a-2caf3716fa7f@group-465D573F1739:LeaderElection109] INFO  server.RaftServerConfigKeys (ConfUtils.java:logGet(43)) - raft.server.watch.timeout.denomination = 1s (default)
2019-09-25 07:04:56,800 [24bf2945-a329-4da6-aaf2-23ecd8d462c6@group-51A1562A27AA-SegmentedRaftLogWorker] INFO  segmented.SegmentedRaftLogWorker (SegmentedRaftLogWorker.java:close(228)) - 24bf2945-a329-4da6-aaf2-23ecd8d462c6@group-51A1562A27AA-SegmentedRaftLogWorker close()
2019-09-25 07:04:56,800 [e568d23f-199e-48ce-91e4-5c166e2e97cd@group-41A741059900:LeaderElection111] INFO  server.RaftServerConfigKeys (ConfUtils.java:logGet(43)) - raft.server.watch.timeout = 10s (default)
2019-09-25 07:04:56,799 [e568d23f-199e-48ce-91e4-5c166e2e97cd@group-D4DB0DEAC0CD:LeaderElection101] INFO  server.RaftServerConfigKeys (ConfUtils.java:logGet(43)) - raft.server.watch.timeout.denomination = 1s (default)
2019-09-25 07:04:56,799 [62ec8eb9-3ae9-4136-b70a-2caf3716fa7f@group-213BD37C19A2:LeaderElection116] INFO  server.RaftServerConfigKeys (ConfUtils.java:logGet(43)) - raft.server.staging.catchup.gap = 1000 (default)
2019-09-25 07:04:56,799 [62ec8eb9-3ae9-4136-b70a-2caf3716fa7f@group-63FD56BDEF80:LeaderElection108] INFO  server.RaftServerConfigKeys (ConfUtils.java:logGet(43)) - raft.server.staging.catchup.gap = 1000 (default)
2019-09-25 07:04:56,799 [62ec8eb9-3ae9-4136-b70a-2caf3716fa7f@group-E80D967D3F68:LeaderElection98] INFO  server.RaftServerConfigKeys (ConfUtils.java:logGet(43)) - raft.server.watch.timeout = 10s (default)
2019-09-25 07:04:56,799 [62ec8eb9-3ae9-4136-b70a-2caf3716fa7f@group-25849CE33AFF:LeaderElection105] INFO  server.RaftServerConfigKeys (ConfUtils.java:logGet(43)) - raft.server.rpc.sleep.time = 25ms (default)
2019-09-25 07:04:56,798 [24bf2945-a329-4da6-aaf2-23ecd8d462c6@group-0088A0E64B06:LeaderElection104] INFO  server.RaftServerConfigKeys (ConfUtils.java:logGet(43)) - raft.server.rpc.sleep.time = 25ms (default)
2019-09-25 07:04:56,798 [RATISCREATEPIPELINE1] ERROR pipeline.RatisPipelineProvider (RatisPipelineProvider.java:lambda$null$2(181)) - Failed invoke Ratis rpc org.apache.hadoop.hdds.scm.pipeline.RatisPipelineProvider$$Lambda$179/98052779@5b397a71 for 62ec8eb9-3ae9-4136-b70a-2caf3716fa7f
org.apache.ratis.protocol.TimeoutIOException: deadline exceeded after 2999745989ns
	at org.apache.ratis.grpc.GrpcUtil.tryUnwrapException(GrpcUtil.java:82)
	at org.apache.ratis.grpc.GrpcUtil.unwrapException(GrpcUtil.java:75)
	at org.apache.ratis.grpc.client.GrpcClientProtocolClient.blockingCall(GrpcClientProtocolClient.java:178)
	at org.apache.ratis.grpc.client.GrpcClientProtocolClient.groupAdd(GrpcClientProtocolClient.java:147)
	at org.apache.ratis.grpc.client.GrpcClientRpc.sendRequest(GrpcClientRpc.java:94)
	at org.apache.ratis.client.impl.RaftClientImpl.sendRequest(RaftClientImpl.java:278)
	at org.apache.ratis.client.impl.RaftClientImpl.groupAdd(RaftClientImpl.java:205)
	at org.apache.hadoop.hdds.scm.pipeline.RatisPipelineProvider.lambda$initializePipeline$1(RatisPipelineProvider.java:142)
	at org.apache.hadoop.hdds.scm.pipeline.RatisPipelineProvider.lambda$null$2(RatisPipelineProvider.java:177)
	at java.util.stream.ForEachOps$ForEachOp$OfRef.accept(ForEachOps.java:184)
	at java.util.ArrayList$ArrayListSpliterator.forEachRemaining(ArrayList.java:1382)
	at java.util.stream.AbstractPipeline.copyInto(AbstractPipeline.java:482)
	at java.util.stream.ForEachOps$ForEachTask.compute(ForEachOps.java:291)
	at java.util.concurrent.CountedCompleter.exec(CountedCompleter.java:731)
	at java.util.concurrent.ForkJoinTask.doExec(ForkJoinTask.java:289)
	at java.util.concurrent.ForkJoinTask.doInvoke(ForkJoinTask.java:401)
	at java.util.concurrent.ForkJoinTask.invoke(ForkJoinTask.java:734)
	at java.util.stream.ForEachOps$ForEachOp.evaluateParallel(ForEachOps.java:160)
	at java.util.stream.ForEachOps$ForEachOp$OfRef.evaluateParallel(ForEachOps.java:174)
	at java.util.stream.AbstractPipeline.evaluate(AbstractPipeline.java:233)
	at java.util.stream.ReferencePipeline.forEach(ReferencePipeline.java:418)
	at java.util.stream.ReferencePipeline$Head.forEach(ReferencePipeline.java:583)
	at org.apache.hadoop.hdds.scm.pipeline.RatisPipelineProvider.lambda$callRatisRpc$3(RatisPipelineProvider.java:171)
	at java.util.concurrent.ForkJoinTask$AdaptedRunnableAction.exec(ForkJoinTask.java:1386)
	at java.util.concurrent.ForkJoinTask.doExec(ForkJoinTask.java:289)
	at java.util.concurrent.ForkJoinPool$WorkQueue.runTask(ForkJoinPool.java:1056)
	at java.util.concurrent.ForkJoinPool.runWorker(ForkJoinPool.java:1692)
	at java.util.concurrent.ForkJoinWorkerThread.run(ForkJoinWorkerThread.java:157)
Caused by: org.apache.ratis.thirdparty.io.grpc.StatusRuntimeException: DEADLINE_EXCEEDED: deadline exceeded after 2999745989ns
	at org.apache.ratis.thirdparty.io.grpc.stub.ClientCalls.toStatusRuntimeException(ClientCalls.java:233)
	at org.apache.ratis.thirdparty.io.grpc.stub.ClientCalls.getUnchecked(ClientCalls.java:214)
	at org.apache.ratis.thirdparty.io.grpc.stub.ClientCalls.blockingUnaryCall(ClientCalls.java:139)
	at org.apache.ratis.proto.grpc.AdminProtocolServiceGrpc$AdminProtocolServiceBlockingStub.groupManagement(AdminProtocolServiceGrpc.java:274)
	at org.apache.ratis.grpc.client.GrpcClientProtocolClient.lambda$groupAdd$3(GrpcClientProtocolClient.java:149)
	at org.apache.ratis.grpc.client.GrpcClientProtocolClient.blockingCall(GrpcClientProtocolClient.java:176)
	... 25 more
2019-09-25 07:04:56,798 [e568d23f-199e-48ce-91e4-5c166e2e97cd@group-7B72D47A5EF5:LeaderElection93] INFO  server.RaftServerConfigKeys (ConfUtils.java:logGet(43)) - raft.server.watch.timeout.denomination = 1s (default)
2019-09-25 07:04:56,798 [e568d23f-199e-48ce-91e4-5c166e2e97cd@group-F05F9C076728:LeaderElection97] INFO  server.RaftServerConfigKeys (ConfUtils.java:logGet(43)) - raft.server.watch.timeout = 10s (default)
2019-09-25 07:04:56,798 [e568d23f-199e-48ce-91e4-5c166e2e97cd@group-DDE3C963B612:LeaderElection96] INFO  server.RaftServerConfigKeys (ConfUtils.java:logGet(43)) - raft.server.watch.timeout = 10s (default)
2019-09-25 07:04:56,798 [Thread-632] INFO  impl.FollowerState (FollowerState.java:run(106)) - e568d23f-199e-48ce-91e4-5c166e2e97cd:group-9B8AC22ECFDA changes to CANDIDATE, lastRpcTime:5088, electionTimeout:5088ms
2019-09-25 07:04:56,798 [24bf2945-a329-4da6-aaf2-23ecd8d462c6@group-7C5CBE2B0FCF:LeaderElection100] INFO  server.RaftServerConfigKeys (ConfUtils.java:logGet(43)) - raft.server.watch.timeout = 10s (default)
2019-09-25 07:04:56,797 [62ec8eb9-3ae9-4136-b70a-2caf3716fa7f@group-A59A59095A78:LeaderElection95] INFO  server.RaftServerConfigKeys (ConfUtils.java:logGet(43)) - raft.server.watch.timeout.denomination = 1s (default)
2019-09-25 07:04:56,797 [62ec8eb9-3ae9-4136-b70a-2caf3716fa7f@group-F92EA15D7072:LeaderElection80] INFO  server.RaftServerConfigKeys (ConfUtils.java:logGet(43)) - raft.server.watch.timeout.denomination = 1s (default)
2019-09-25 07:04:57,370 [62ec8eb9-3ae9-4136-b70a-2caf3716fa7f@group-F92EA15D7072:LeaderElection80] INFO  server.RaftServerConfigKeys (ConfUtils.java:logGet(43)) - raft.server.watch.element-limit = 65536 (default)
2019-09-25 07:04:56,797 [24bf2945-a329-4da6-aaf2-23ecd8d462c6@group-EA13F692BD94:LeaderElection94] INFO  server.RaftServerConfigKeys (ConfUtils.java:logGet(43)) - raft.server.watch.timeout.denomination = 1s (default)
2019-09-25 07:04:56,797 [24bf2945-a329-4da6-aaf2-23ecd8d462c6@group-A8601CC5B899:LeaderElection99] INFO  server.RaftServerConfigKeys (ConfUtils.java:logGet(43)) - raft.server.write.element-limit = 4096 (default)
2019-09-25 07:04:56,797 [24bf2945-a329-4da6-aaf2-23ecd8d462c6@group-FB23A28886E1:LeaderElection92] INFO  server.RaftServerConfigKeys (ConfUtils.java:logGet(43)) - raft.server.write.element-limit = 4096 (default)
2019-09-25 07:04:56,797 [62ec8eb9-3ae9-4136-b70a-2caf3716fa7f@group-AFCD660D5460:LeaderElection102] INFO  impl.RaftServerImpl (ServerState.java:setLeader(253)) - 62ec8eb9-3ae9-4136-b70a-2caf3716fa7f@group-AFCD660D5460: change Leader from null to 62ec8eb9-3ae9-4136-b70a-2caf3716fa7f at term 1 for becomeLeader, leader elected after 7347ms
2019-09-25 07:04:57,370 [24bf2945-a329-4da6-aaf2-23ecd8d462c6@group-FB23A28886E1:LeaderElection92] INFO  server.RaftServerConfigKeys (ConfUtils.java:logGet(43)) - raft.server.watch.timeout = 10s (default)
2019-09-25 07:04:57,370 [24bf2945-a329-4da6-aaf2-23ecd8d462c6@group-A8601CC5B899:LeaderElection99] INFO  server.RaftServerConfigKeys (ConfUtils.java:logGet(43)) - raft.server.watch.timeout = 10s (default)
2019-09-25 07:04:57,370 [24bf2945-a329-4da6-aaf2-23ecd8d462c6@group-EA13F692BD94:LeaderElection94] INFO  server.RaftServerConfigKeys (ConfUtils.java:logGet(43)) - raft.server.watch.element-limit = 65536 (default)
2019-09-25 07:04:57,370 [62ec8eb9-3ae9-4136-b70a-2caf3716fa7f@group-A59A59095A78:LeaderElection95] INFO  server.RaftServerConfigKeys (ConfUtils.java:logGet(43)) - raft.server.watch.element-limit = 65536 (default)
2019-09-25 07:04:57,369 [24bf2945-a329-4da6-aaf2-23ecd8d462c6@group-7C5CBE2B0FCF:LeaderElection100] INFO  server.RaftServerConfigKeys (ConfUtils.java:logGet(43)) - raft.server.watch.timeout.denomination = 1s (default)
2019-09-25 07:04:57,369 [e568d23f-199e-48ce-91e4-5c166e2e97cd@group-DDE3C963B612:LeaderElection96] INFO  server.RaftServerConfigKeys (ConfUtils.java:logGet(43)) - raft.server.watch.timeout.denomination = 1s (default)
2019-09-25 07:04:57,369 [e568d23f-199e-48ce-91e4-5c166e2e97cd@group-F05F9C076728:LeaderElection97] INFO  server.RaftServerConfigKeys (ConfUtils.java:logGet(43)) - raft.server.watch.timeout.denomination = 1s (default)
2019-09-25 07:04:57,372 [e568d23f-199e-48ce-91e4-5c166e2e97cd@group-F05F9C076728:LeaderElection97] INFO  server.RaftServerConfigKeys (ConfUtils.java:logGet(43)) - raft.server.watch.element-limit = 65536 (default)
2019-09-25 07:04:57,369 [e568d23f-199e-48ce-91e4-5c166e2e97cd@group-7B72D47A5EF5:LeaderElection93] INFO  server.RaftServerConfigKeys (ConfUtils.java:logGet(43)) - raft.server.watch.element-limit = 65536 (default)
2019-09-25 07:04:57,368 [62ec8eb9-3ae9-4136-b70a-2caf3716fa7f@group-8FC2FC71D360:LeaderElection119] INFO  impl.LeaderElection (LeaderElection.java:askForVotes(182)) - 62ec8eb9-3ae9-4136-b70a-2caf3716fa7f@group-8FC2FC71D360:LeaderElection119: begin an election at term 1 for -1: [62ec8eb9-3ae9-4136-b70a-2caf3716fa7f:192.168.30.10:44715], old=null
2019-09-25 07:04:57,367 [62ec8eb9-3ae9-4136-b70a-2caf3716fa7f@group-E80D967D3F68:LeaderElection98] INFO  server.RaftServerConfigKeys (ConfUtils.java:logGet(43)) - raft.server.watch.timeout.denomination = 1s (default)
2019-09-25 07:04:57,372 [62ec8eb9-3ae9-4136-b70a-2caf3716fa7f@group-E80D967D3F68:LeaderElection98] INFO  server.RaftServerConfigKeys (ConfUtils.java:logGet(43)) - raft.server.watch.element-limit = 65536 (default)
2019-09-25 07:04:57,367 [62ec8eb9-3ae9-4136-b70a-2caf3716fa7f@group-63FD56BDEF80:LeaderElection108] INFO  server.RaftServerConfigKeys (ConfUtils.java:logGet(43)) - raft.server.rpc.sleep.time = 25ms (default)
2019-09-25 07:04:57,366 [62ec8eb9-3ae9-4136-b70a-2caf3716fa7f@group-213BD37C19A2:LeaderElection116] INFO  server.RaftServerConfigKeys (ConfUtils.java:logGet(43)) - raft.server.rpc.sleep.time = 25ms (default)
2019-09-25 07:04:57,366 [e568d23f-199e-48ce-91e4-5c166e2e97cd@group-D4DB0DEAC0CD:LeaderElection101] INFO  server.RaftServerConfigKeys (ConfUtils.java:logGet(43)) - raft.server.watch.element-limit = 65536 (default)
2019-09-25 07:04:57,366 [e568d23f-199e-48ce-91e4-5c166e2e97cd@group-41A741059900:LeaderElection111] INFO  server.RaftServerConfigKeys (ConfUtils.java:logGet(43)) - raft.server.watch.timeout.denomination = 1s (default)
2019-09-25 07:04:57,365 [62ec8eb9-3ae9-4136-b70a-2caf3716fa7f@group-465D573F1739:LeaderElection109] INFO  server.RaftServerConfigKeys (ConfUtils.java:logGet(43)) - raft.server.watch.element-limit = 65536 (default)
2019-09-25 07:04:57,365 [24bf2945-a329-4da6-aaf2-23ecd8d462c6@group-2DE67EB528FC:LeaderElection110] INFO  server.RaftServerConfigKeys (ConfUtils.java:logGet(43)) - raft.server.watch.element-limit = 65536 (default)
2019-09-25 07:04:57,365 [24bf2945-a329-4da6-aaf2-23ecd8d462c6@group-4E9FB9BD23D5:LeaderElection115] INFO  server.RaftServerConfigKeys (ConfUtils.java:logGet(43)) - raft.server.watch.element-limit = 65536 (default)
2019-09-25 07:04:57,364 [Thread-618] INFO  impl.RaftServerImpl (RaftServerImpl.java:setRole(174)) - 62ec8eb9-3ae9-4136-b70a-2caf3716fa7f@group-C509BEFDAC58: changes role from  FOLLOWER to CANDIDATE at term 0 for changeToCandidate
2019-09-25 07:04:57,364 [24bf2945-a329-4da6-aaf2-23ecd8d462c6@group-0A6D6B37687B:LeaderElection113] INFO  server.RaftServerConfigKeys (ConfUtils.java:logGet(43)) - raft.server.watch.element-limit = 65536 (default)
2019-09-25 07:04:57,363 [e568d23f-199e-48ce-91e4-5c166e2e97cd@group-A76C434A76E6:LeaderElection114] INFO  server.RaftServerConfigKeys (ConfUtils.java:logGet(43)) - raft.server.watch.element-limit = 65536 (default)
2019-09-25 07:04:57,363 [24bf2945-a329-4da6-aaf2-23ecd8d462c6@group-0F02076B3222:LeaderElection107] INFO  server.RaftServerConfigKeys (ConfUtils.java:logGet(43)) - raft.server.watch.element-limit = 65536 (default)
2019-09-25 07:04:57,363 [24bf2945-a329-4da6-aaf2-23ecd8d462c6@group-A7908075CAFF:LeaderElection103] INFO  segmented.SegmentedRaftLogWorker (SegmentedRaftLogWorker.java:startLogSegment(380)) - 24bf2945-a329-4da6-aaf2-23ecd8d462c6@group-A7908075CAFF-SegmentedRaftLogWorker: Starting segment from index:0
2019-09-25 07:04:57,362 [pool-37-thread-1] INFO  server.RaftServerConfigKeys (ConfUtils.java:logGet(43)) - raft.server.log.statemachine.data.sync.timeout.retry = -1 (default)
2019-09-25 07:04:57,362 [24bf2945-a329-4da6-aaf2-23ecd8d462c6@group-4B63F1BD2522-SegmentedRaftLogWorker] INFO  impl.RaftServerImpl (RaftServerImpl.java:lambda$shutdown$3(251)) - 24bf2945-a329-4da6-aaf2-23ecd8d462c6@group-4B63F1BD2522: shutdown
2019-09-25 07:04:57,360 [e568d23f-199e-48ce-91e4-5c166e2e97cd@group-BD6803186CAB-SegmentedRaftLogWorker] INFO  impl.RaftServerImpl (ServerState.java:close(385)) - e568d23f-199e-48ce-91e4-5c166e2e97cd@group-BD6803186CAB: closes. applyIndex: -1
2019-09-25 07:04:57,360 [62ec8eb9-3ae9-4136-b70a-2caf3716fa7f@group-A6D5E2AE564D:LeaderElection118] INFO  impl.RoleInfo (RoleInfo.java:shutdownLeaderElection(134)) - 62ec8eb9-3ae9-4136-b70a-2caf3716fa7f: shutdown LeaderElection
2019-09-25 07:04:57,359 [e568d23f-199e-48ce-91e4-5c166e2e97cd@group-0DB911CCBDA8-SegmentedRaftLogWorker] INFO  impl.RaftServerImpl (ServerState.java:close(385)) - e568d23f-199e-48ce-91e4-5c166e2e97cd@group-0DB911CCBDA8: closes. applyIndex: -1
2019-09-25 07:04:57,359 [62ec8eb9-3ae9-4136-b70a-2caf3716fa7f@group-D1FC5BB53A72-SegmentedRaftLogWorker] INFO  impl.PendingRequests (PendingRequests.java:sendNotLeaderResponses(202)) - 62ec8eb9-3ae9-4136-b70a-2caf3716fa7f-PendingRequests: sendNotLeaderResponses
2019-09-25 07:04:57,358 [62ec8eb9-3ae9-4136-b70a-2caf3716fa7f@group-AF43CFC2C23D:LeaderElection77] INFO  segmented.SegmentedRaftLogWorker (SegmentedRaftLogWorker.java:startLogSegment(380)) - 62ec8eb9-3ae9-4136-b70a-2caf3716fa7f@group-AF43CFC2C23D-SegmentedRaftLogWorker: Starting segment from index:0
2019-09-25 07:04:57,358 [e568d23f-199e-48ce-91e4-5c166e2e97cd@group-5A9570ABCA5E-SegmentedRaftLogWorker] INFO  impl.RaftServerImpl (RaftServerImpl.java:lambda$shutdown$3(251)) - e568d23f-199e-48ce-91e4-5c166e2e97cd@group-5A9570ABCA5E: shutdown
2019-09-25 07:04:57,357 [e568d23f-199e-48ce-91e4-5c166e2e97cd@group-4D304F3CBDC4-SegmentedRaftLogWorker] INFO  impl.PendingRequests (PendingRequests.java:sendNotLeaderResponses(202)) - e568d23f-199e-48ce-91e4-5c166e2e97cd-PendingRequests: sendNotLeaderResponses
2019-09-25 07:04:57,356 [24bf2945-a329-4da6-aaf2-23ecd8d462c6@group-7EAE8DFEC943-SegmentedRaftLogWorker] INFO  impl.PendingRequests (PendingRequests.java:sendNotLeaderResponses(202)) - 24bf2945-a329-4da6-aaf2-23ecd8d462c6-PendingRequests: sendNotLeaderResponses
2019-09-25 07:04:57,356 [24bf2945-a329-4da6-aaf2-23ecd8d462c6@group-59E882B450F2:LeaderElection70] INFO  server.RaftServerConfigKeys (ConfUtils.java:logGet(43)) - raft.server.watch.timeout.denomination = 1s (default)
2019-09-25 07:04:57,376 [24bf2945-a329-4da6-aaf2-23ecd8d462c6@group-7EAE8DFEC943-SegmentedRaftLogWorker] INFO  impl.StateMachineUpdater (StateMachineUpdater.java:stopAndJoin(125)) - 24bf2945-a329-4da6-aaf2-23ecd8d462c6@group-7EAE8DFEC943-StateMachineUpdater: set stopIndex = -1
2019-09-25 07:04:57,377 [24bf2945-a329-4da6-aaf2-23ecd8d462c6@group-7EAE8DFEC943-SegmentedRaftLogWorker] INFO  impl.RaftServerImpl (ServerState.java:close(385)) - 24bf2945-a329-4da6-aaf2-23ecd8d462c6@group-7EAE8DFEC943: closes. applyIndex: -1
2019-09-25 07:04:57,376 [e568d23f-199e-48ce-91e4-5c166e2e97cd@group-4D304F3CBDC4-SegmentedRaftLogWorker] INFO  impl.StateMachineUpdater (StateMachineUpdater.java:stopAndJoin(125)) - e568d23f-199e-48ce-91e4-5c166e2e97cd@group-4D304F3CBDC4-StateMachineUpdater: set stopIndex = -1
2019-09-25 07:04:57,376 [62ec8eb9-3ae9-4136-b70a-2caf3716fa7f@group-D1FC5BB53A72-SegmentedRaftLogWorker] INFO  impl.StateMachineUpdater (StateMachineUpdater.java:stopAndJoin(125)) - 62ec8eb9-3ae9-4136-b70a-2caf3716fa7f@group-D1FC5BB53A72-StateMachineUpdater: set stopIndex = -1
2019-09-25 07:04:57,377 [62ec8eb9-3ae9-4136-b70a-2caf3716fa7f@group-D1FC5BB53A72-SegmentedRaftLogWorker] INFO  impl.RaftServerImpl (ServerState.java:close(385)) - 62ec8eb9-3ae9-4136-b70a-2caf3716fa7f@group-D1FC5BB53A72: closes. applyIndex: -1
2019-09-25 07:04:57,376 [e568d23f-199e-48ce-91e4-5c166e2e97cd@group-0DB911CCBDA8-SegmentedRaftLogWorker] INFO  segmented.SegmentedRaftLogWorker (SegmentedRaftLogWorker.java:close(228)) - e568d23f-199e-48ce-91e4-5c166e2e97cd@group-0DB911CCBDA8-SegmentedRaftLogWorker close()
2019-09-25 07:04:57,375 [62ec8eb9-3ae9-4136-b70a-2caf3716fa7f@group-A6D5E2AE564D:LeaderElection118] INFO  impl.RaftServerImpl (RaftServerImpl.java:setRole(174)) - 62ec8eb9-3ae9-4136-b70a-2caf3716fa7f@group-A6D5E2AE564D: changes role from CANDIDATE to LEADER at term 1 for changeToLeader
2019-09-25 07:04:57,375 [e568d23f-199e-48ce-91e4-5c166e2e97cd@group-BD6803186CAB-SegmentedRaftLogWorker] INFO  segmented.SegmentedRaftLogWorker (SegmentedRaftLogWorker.java:close(228)) - e568d23f-199e-48ce-91e4-5c166e2e97cd@group-BD6803186CAB-SegmentedRaftLogWorker close()
2019-09-25 07:04:57,373 [e568d23f-199e-48ce-91e4-5c166e2e97cd@group-41A741059900:LeaderElection111] INFO  server.RaftServerConfigKeys (ConfUtils.java:logGet(43)) - raft.server.watch.element-limit = 65536 (default)
2019-09-25 07:04:57,372 [62ec8eb9-3ae9-4136-b70a-2caf3716fa7f@group-8FC2FC71D360:LeaderElection119] INFO  impl.RoleInfo (RoleInfo.java:shutdownLeaderElection(134)) - 62ec8eb9-3ae9-4136-b70a-2caf3716fa7f: shutdown LeaderElection
2019-09-25 07:04:57,372 [e568d23f-199e-48ce-91e4-5c166e2e97cd@group-DDE3C963B612:LeaderElection96] INFO  server.RaftServerConfigKeys (ConfUtils.java:logGet(43)) - raft.server.watch.element-limit = 65536 (default)
2019-09-25 07:04:57,371 [24bf2945-a329-4da6-aaf2-23ecd8d462c6@group-7C5CBE2B0FCF:LeaderElection100] INFO  server.RaftServerConfigKeys (ConfUtils.java:logGet(43)) - raft.server.watch.element-limit = 65536 (default)
2019-09-25 07:04:57,371 [24bf2945-a329-4da6-aaf2-23ecd8d462c6@group-A8601CC5B899:LeaderElection99] INFO  server.RaftServerConfigKeys (ConfUtils.java:logGet(43)) - raft.server.watch.timeout.denomination = 1s (default)
2019-09-25 07:04:57,371 [24bf2945-a329-4da6-aaf2-23ecd8d462c6@group-FB23A28886E1:LeaderElection92] INFO  server.RaftServerConfigKeys (ConfUtils.java:logGet(43)) - raft.server.watch.timeout.denomination = 1s (default)
2019-09-25 07:04:57,371 [62ec8eb9-3ae9-4136-b70a-2caf3716fa7f@group-AFCD660D5460:LeaderElection102] INFO  server.RaftServerConfigKeys (ConfUtils.java:logGet(43)) - raft.server.staging.catchup.gap = 1000 (default)
2019-09-25 07:04:57,379 [24bf2945-a329-4da6-aaf2-23ecd8d462c6@group-FB23A28886E1:LeaderElection92] INFO  server.RaftServerConfigKeys (ConfUtils.java:logGet(43)) - raft.server.watch.element-limit = 65536 (default)
2019-09-25 07:04:57,378 [24bf2945-a329-4da6-aaf2-23ecd8d462c6@group-A8601CC5B899:LeaderElection99] INFO  server.RaftServerConfigKeys (ConfUtils.java:logGet(43)) - raft.server.watch.element-limit = 65536 (default)
2019-09-25 07:04:57,378 [62ec8eb9-3ae9-4136-b70a-2caf3716fa7f@group-8FC2FC71D360:LeaderElection119] INFO  impl.RaftServerImpl (RaftServerImpl.java:setRole(174)) - 62ec8eb9-3ae9-4136-b70a-2caf3716fa7f@group-8FC2FC71D360: changes role from CANDIDATE to LEADER at term 1 for changeToLeader
2019-09-25 07:04:57,377 [62ec8eb9-3ae9-4136-b70a-2caf3716fa7f@group-A6D5E2AE564D:LeaderElection118] INFO  impl.RaftServerImpl (ServerState.java:setLeader(253)) - 62ec8eb9-3ae9-4136-b70a-2caf3716fa7f@group-A6D5E2AE564D: change Leader from null to 62ec8eb9-3ae9-4136-b70a-2caf3716fa7f at term 1 for becomeLeader, leader elected after 6799ms
2019-09-25 07:04:57,377 [62ec8eb9-3ae9-4136-b70a-2caf3716fa7f@group-D1FC5BB53A72-SegmentedRaftLogWorker] INFO  segmented.SegmentedRaftLogWorker (SegmentedRaftLogWorker.java:close(228)) - 62ec8eb9-3ae9-4136-b70a-2caf3716fa7f@group-D1FC5BB53A72-SegmentedRaftLogWorker close()
2019-09-25 07:04:57,377 [e568d23f-199e-48ce-91e4-5c166e2e97cd@group-4D304F3CBDC4-SegmentedRaftLogWorker] INFO  impl.RaftServerImpl (ServerState.java:close(385)) - e568d23f-199e-48ce-91e4-5c166e2e97cd@group-4D304F3CBDC4: closes. applyIndex: -1
2019-09-25 07:04:57,377 [24bf2945-a329-4da6-aaf2-23ecd8d462c6@group-7EAE8DFEC943-SegmentedRaftLogWorker] INFO  segmented.SegmentedRaftLogWorker (SegmentedRaftLogWorker.java:close(228)) - 24bf2945-a329-4da6-aaf2-23ecd8d462c6@group-7EAE8DFEC943-SegmentedRaftLogWorker close()
2019-09-25 07:04:57,380 [e568d23f-199e-48ce-91e4-5c166e2e97cd@group-4D304F3CBDC4-SegmentedRaftLogWorker] INFO  segmented.SegmentedRaftLogWorker (SegmentedRaftLogWorker.java:close(228)) - e568d23f-199e-48ce-91e4-5c166e2e97cd@group-4D304F3CBDC4-SegmentedRaftLogWorker close()
2019-09-25 07:04:57,376 [24bf2945-a329-4da6-aaf2-23ecd8d462c6@group-59E882B450F2:LeaderElection70] INFO  server.RaftServerConfigKeys (ConfUtils.java:logGet(43)) - raft.server.watch.element-limit = 65536 (default)
2019-09-25 07:04:57,379 [62ec8eb9-3ae9-4136-b70a-2caf3716fa7f@group-A6D5E2AE564D:LeaderElection118] INFO  server.RaftServerConfigKeys (ConfUtils.java:logGet(43)) - raft.server.staging.catchup.gap = 1000 (default)
2019-09-25 07:04:57,379 [62ec8eb9-3ae9-4136-b70a-2caf3716fa7f@group-8FC2FC71D360:LeaderElection119] INFO  impl.RaftServerImpl (ServerState.java:setLeader(253)) - 62ec8eb9-3ae9-4136-b70a-2caf3716fa7f@group-8FC2FC71D360: change Leader from null to 62ec8eb9-3ae9-4136-b70a-2caf3716fa7f at term 1 for becomeLeader, leader elected after 6450ms
2019-09-25 07:04:57,379 [62ec8eb9-3ae9-4136-b70a-2caf3716fa7f@group-AFCD660D5460:LeaderElection102] INFO  server.RaftServerConfigKeys (ConfUtils.java:logGet(43)) - raft.server.rpc.sleep.time = 25ms (default)
2019-09-25 07:04:57,380 [62ec8eb9-3ae9-4136-b70a-2caf3716fa7f@group-8FC2FC71D360:LeaderElection119] INFO  server.RaftServerConfigKeys (ConfUtils.java:logGet(43)) - raft.server.staging.catchup.gap = 1000 (default)
2019-09-25 07:04:57,380 [62ec8eb9-3ae9-4136-b70a-2caf3716fa7f@group-A6D5E2AE564D:LeaderElection118] INFO  server.RaftServerConfigKeys (ConfUtils.java:logGet(43)) - raft.server.rpc.sleep.time = 25ms (default)
2019-09-25 07:04:57,381 [62ec8eb9-3ae9-4136-b70a-2caf3716fa7f@group-8FC2FC71D360:LeaderElection119] INFO  server.RaftServerConfigKeys (ConfUtils.java:logGet(43)) - raft.server.rpc.sleep.time = 25ms (default)
2019-09-25 07:04:57,391 [62ec8eb9-3ae9-4136-b70a-2caf3716fa7f@group-8FC2FC71D360:LeaderElection119] INFO  server.RaftServerConfigKeys (ConfUtils.java:logGet(43)) - raft.server.write.element-limit = 4096 (default)
2019-09-25 07:04:57,391 [62ec8eb9-3ae9-4136-b70a-2caf3716fa7f@group-AFCD660D5460:LeaderElection102] INFO  server.RaftServerConfigKeys (ConfUtils.java:logGet(43)) - raft.server.write.element-limit = 4096 (default)
2019-09-25 07:04:57,391 [62ec8eb9-3ae9-4136-b70a-2caf3716fa7f@group-A6D5E2AE564D:LeaderElection118] INFO  server.RaftServerConfigKeys (ConfUtils.java:logGet(43)) - raft.server.write.element-limit = 4096 (default)
2019-09-25 07:04:57,391 [24bf2945-a329-4da6-aaf2-23ecd8d462c6@group-A7908075CAFF:LeaderElection103] INFO  impl.RaftServerImpl (ServerState.java:setRaftConf(354)) - 24bf2945-a329-4da6-aaf2-23ecd8d462c6@group-A7908075CAFF: set configuration 0: [24bf2945-a329-4da6-aaf2-23ecd8d462c6:192.168.30.10:42867], old=null at 0
2019-09-25 07:04:57,391 [62ec8eb9-3ae9-4136-b70a-2caf3716fa7f@group-63FD56BDEF80:LeaderElection108] INFO  server.RaftServerConfigKeys (ConfUtils.java:logGet(43)) - raft.server.write.element-limit = 4096 (default)
2019-09-25 07:04:57,391 [62ec8eb9-3ae9-4136-b70a-2caf3716fa7f@group-AFCD660D5460:LeaderElection102] INFO  server.RaftServerConfigKeys (ConfUtils.java:logGet(43)) - raft.server.watch.timeout = 10s (default)
2019-09-25 07:04:57,391 [62ec8eb9-3ae9-4136-b70a-2caf3716fa7f@group-213BD37C19A2:LeaderElection116] INFO  server.RaftServerConfigKeys (ConfUtils.java:logGet(43)) - raft.server.write.element-limit = 4096 (default)
2019-09-25 07:04:57,391 [Thread-618] INFO  impl.RoleInfo (RoleInfo.java:updateAndGet(143)) - 62ec8eb9-3ae9-4136-b70a-2caf3716fa7f: start LeaderElection
2019-09-25 07:04:57,391 [pool-37-thread-1] INFO  server.RaftServerConfigKeys (ConfUtils.java:logGet(43)) - raft.server.log.statemachine.data.caching.enabled = true (custom)
2019-09-25 07:04:57,391 [62ec8eb9-3ae9-4136-b70a-2caf3716fa7f@group-8FC2FC71D360:LeaderElection119] INFO  server.RaftServerConfigKeys (ConfUtils.java:logGet(43)) - raft.server.watch.timeout = 10s (default)
2019-09-25 07:04:57,843 [Thread-660] INFO  impl.RoleInfo (RoleInfo.java:shutdownFollowerState(121)) - 24bf2945-a329-4da6-aaf2-23ecd8d462c6: shutdown FollowerState
2019-09-25 07:04:57,843 [Thread-652] INFO  impl.RoleInfo (RoleInfo.java:shutdownFollowerState(121)) - 24bf2945-a329-4da6-aaf2-23ecd8d462c6: shutdown FollowerState
2019-09-25 07:04:57,844 [Thread-639] INFO  impl.RoleInfo (RoleInfo.java:shutdownFollowerState(121)) - e568d23f-199e-48ce-91e4-5c166e2e97cd: shutdown FollowerState
2019-09-25 07:04:57,841 [Thread-672] WARN  util.JavaUtils (JavaUtils.java:sleep(250)) - Unexpected long sleep: sleep(5094ms) actually took 5462ms which is over the threshold 300ms
2019-09-25 07:04:57,844 [62ec8eb9-3ae9-4136-b70a-2caf3716fa7f@group-ABB063594AB8:LeaderElection87] INFO  impl.RaftServerImpl (ServerState.java:setRaftConf(354)) - 62ec8eb9-3ae9-4136-b70a-2caf3716fa7f@group-ABB063594AB8: set configuration 0: [62ec8eb9-3ae9-4136-b70a-2caf3716fa7f:192.168.30.10:44715], old=null at 0
2019-09-25 07:04:57,837 [Thread-676] INFO  impl.FollowerState (FollowerState.java:run(106)) - 24bf2945-a329-4da6-aaf2-23ecd8d462c6:group-16D434BC82E0 changes to CANDIDATE, lastRpcTime:5347, electionTimeout:5141ms
2019-09-25 07:04:57,392 [62ec8eb9-3ae9-4136-b70a-2caf3716fa7f@group-213BD37C19A2:LeaderElection116] INFO  server.RaftServerConfigKeys (ConfUtils.java:logGet(43)) - raft.server.watch.timeout = 10s (default)
2019-09-25 07:04:57,392 [62ec8eb9-3ae9-4136-b70a-2caf3716fa7f@group-AFCD660D5460:LeaderElection102] INFO  server.RaftServerConfigKeys (ConfUtils.java:logGet(43)) - raft.server.watch.timeout.denomination = 1s (default)
2019-09-25 07:04:57,392 [62ec8eb9-3ae9-4136-b70a-2caf3716fa7f@group-63FD56BDEF80:LeaderElection108] INFO  server.RaftServerConfigKeys (ConfUtils.java:logGet(43)) - raft.server.watch.timeout = 10s (default)
2019-09-25 07:04:57,392 [62ec8eb9-3ae9-4136-b70a-2caf3716fa7f@group-25849CE33AFF:LeaderElection105] INFO  server.RaftServerConfigKeys (ConfUtils.java:logGet(43)) - raft.server.write.element-limit = 4096 (default)
2019-09-25 07:04:57,392 [24bf2945-a329-4da6-aaf2-23ecd8d462c6@group-0088A0E64B06:LeaderElection104] INFO  server.RaftServerConfigKeys (ConfUtils.java:logGet(43)) - raft.server.write.element-limit = 4096 (default)
2019-09-25 07:04:57,391 [62ec8eb9-3ae9-4136-b70a-2caf3716fa7f@group-A6D5E2AE564D:LeaderElection118] INFO  server.RaftServerConfigKeys (ConfUtils.java:logGet(43)) - raft.server.watch.timeout = 10s (default)
2019-09-25 07:04:57,846 [24bf2945-a329-4da6-aaf2-23ecd8d462c6@group-0088A0E64B06:LeaderElection104] INFO  server.RaftServerConfigKeys (ConfUtils.java:logGet(43)) - raft.server.watch.timeout = 10s (default)
2019-09-25 07:04:57,846 [62ec8eb9-3ae9-4136-b70a-2caf3716fa7f@group-25849CE33AFF:LeaderElection105] INFO  server.RaftServerConfigKeys (ConfUtils.java:logGet(43)) - raft.server.watch.timeout = 10s (default)
2019-09-25 07:04:57,846 [Thread-714] INFO  impl.FollowerState (FollowerState.java:run(106)) - 62ec8eb9-3ae9-4136-b70a-2caf3716fa7f:group-B4D0C3973801 changes to CANDIDATE, lastRpcTime:5069, electionTimeout:5041ms
2019-09-25 07:04:57,847 [Thread-695] INFO  impl.FollowerState (FollowerState.java:run(106)) - e568d23f-199e-48ce-91e4-5c166e2e97cd:group-3E36BA650D7B changes to CANDIDATE, lastRpcTime:5185, electionTimeout:5092ms
2019-09-25 07:04:57,846 [Thread-632] INFO  impl.RoleInfo (RoleInfo.java:shutdownFollowerState(121)) - e568d23f-199e-48ce-91e4-5c166e2e97cd: shutdown FollowerState
2019-09-25 07:04:57,848 [Thread-699] INFO  impl.FollowerState (FollowerState.java:run(106)) - 24bf2945-a329-4da6-aaf2-23ecd8d462c6:group-6B6043C7F4B7 changes to CANDIDATE, lastRpcTime:5148, electionTimeout:5044ms
2019-09-25 07:04:57,848 [24bf2945-a329-4da6-aaf2-23ecd8d462c6@group-4B63F1BD2522-SegmentedRaftLogWorker] INFO  util.JmxRegister (JmxRegister.java:unregister(73)) - Successfully un-registered JMX Bean with object name Ratis:service=RaftServer,group=group-4B63F1BD2522,id=24bf2945-a329-4da6-aaf2-23ecd8d462c6
2019-09-25 07:04:57,846 [24bf2945-a329-4da6-aaf2-23ecd8d462c6@group-806C51DA001C:LeaderElection79] INFO  impl.RaftServerImpl (ServerState.java:setRaftConf(354)) - 24bf2945-a329-4da6-aaf2-23ecd8d462c6@group-806C51DA001C: set configuration 0: [24bf2945-a329-4da6-aaf2-23ecd8d462c6:192.168.30.10:42867], old=null at 0
2019-09-25 07:04:57,846 [Thread-646] INFO  impl.RoleInfo (RoleInfo.java:shutdownFollowerState(121)) - 62ec8eb9-3ae9-4136-b70a-2caf3716fa7f: shutdown FollowerState
2019-09-25 07:04:57,846 [62ec8eb9-3ae9-4136-b70a-2caf3716fa7f@group-63FD56BDEF80:LeaderElection108] INFO  server.RaftServerConfigKeys (ConfUtils.java:logGet(43)) - raft.server.watch.timeout.denomination = 1s (default)
2019-09-25 07:04:57,846 [e568d23f-199e-48ce-91e4-5c166e2e97cd@group-345830245B51:LeaderElection81] INFO  impl.RaftServerImpl (ServerState.java:setRaftConf(354)) - e568d23f-199e-48ce-91e4-5c166e2e97cd@group-345830245B51: set configuration 0: [e568d23f-199e-48ce-91e4-5c166e2e97cd:192.168.30.10:42827], old=null at 0
2019-09-25 07:04:57,845 [62ec8eb9-3ae9-4136-b70a-2caf3716fa7f@group-AFCD660D5460:LeaderElection102] INFO  server.RaftServerConfigKeys (ConfUtils.java:logGet(43)) - raft.server.watch.element-limit = 65536 (default)
2019-09-25 07:04:57,845 [62ec8eb9-3ae9-4136-b70a-2caf3716fa7f@group-AF43CFC2C23D:LeaderElection77] INFO  impl.RaftServerImpl (ServerState.java:setRaftConf(354)) - 62ec8eb9-3ae9-4136-b70a-2caf3716fa7f@group-AF43CFC2C23D: set configuration 0: [62ec8eb9-3ae9-4136-b70a-2caf3716fa7f:192.168.30.10:44715], old=null at 0
2019-09-25 07:04:57,854 [RatisPipelineUtilsThread] ERROR pipeline.SCMPipelineManager (SCMPipelineManager.java:createPipeline(167)) - Pipeline creation failed due to exception: Failed invoke Ratis rpc org.apache.hadoop.hdds.scm.pipeline.RatisPipelineProvider$$Lambda$179/98052779@5b397a71 for 62ec8eb9-3ae9-4136-b70a-2caf3716fa7f
2019-09-25 07:04:57,845 [62ec8eb9-3ae9-4136-b70a-2caf3716fa7f@group-213BD37C19A2:LeaderElection116] INFO  server.RaftServerConfigKeys (ConfUtils.java:logGet(43)) - raft.server.watch.timeout.denomination = 1s (default)
2019-09-25 07:04:57,844 [62ec8eb9-3ae9-4136-b70a-2caf3716fa7f@group-3A07CAB9B615:LeaderElection89] INFO  impl.RaftServerImpl (ServerState.java:setRaftConf(354)) - 62ec8eb9-3ae9-4136-b70a-2caf3716fa7f@group-3A07CAB9B615: set configuration 0: [62ec8eb9-3ae9-4136-b70a-2caf3716fa7f:192.168.30.10:44715], old=null at 0
2019-09-25 07:04:57,844 [24bf2945-a329-4da6-aaf2-23ecd8d462c6@group-26C64E403BCE:LeaderElection90] INFO  impl.RaftServerImpl (ServerState.java:setRaftConf(354)) - 24bf2945-a329-4da6-aaf2-23ecd8d462c6@group-26C64E403BCE: set configuration 0: [24bf2945-a329-4da6-aaf2-23ecd8d462c6:192.168.30.10:42867], old=null at 0
2019-09-25 07:04:57,844 [24bf2945-a329-4da6-aaf2-23ecd8d462c6@group-20DC2BFBC392:LeaderElection74] INFO  impl.RaftServerImpl (ServerState.java:setRaftConf(354)) - 24bf2945-a329-4da6-aaf2-23ecd8d462c6@group-20DC2BFBC392: set configuration 0: [24bf2945-a329-4da6-aaf2-23ecd8d462c6:192.168.30.10:42867], old=null at 0
2019-09-25 07:04:57,844 [Thread-639] INFO  impl.RaftServerImpl (RaftServerImpl.java:setRole(174)) - e568d23f-199e-48ce-91e4-5c166e2e97cd@group-EC8A69775D8E: changes role from  FOLLOWER to CANDIDATE at term 0 for changeToCandidate
2019-09-25 07:04:57,844 [Thread-652] INFO  impl.RaftServerImpl (RaftServerImpl.java:setRole(174)) - 24bf2945-a329-4da6-aaf2-23ecd8d462c6@group-D2BB2F6B7057: changes role from  FOLLOWER to CANDIDATE at term 0 for changeToCandidate
2019-09-25 07:04:57,843 [Thread-660] INFO  impl.RaftServerImpl (RaftServerImpl.java:setRole(174)) - 24bf2945-a329-4da6-aaf2-23ecd8d462c6@group-6CCE13CCC209: changes role from  FOLLOWER to CANDIDATE at term 0 for changeToCandidate
2019-09-25 07:04:57,843 [62ec8eb9-3ae9-4136-b70a-2caf3716fa7f@group-8FC2FC71D360:LeaderElection119] INFO  server.RaftServerConfigKeys (ConfUtils.java:logGet(43)) - raft.server.watch.timeout.denomination = 1s (default)
2019-09-25 07:04:57,855 [62ec8eb9-3ae9-4136-b70a-2caf3716fa7f@group-8FC2FC71D360:LeaderElection119] INFO  server.RaftServerConfigKeys (ConfUtils.java:logGet(43)) - raft.server.watch.element-limit = 65536 (default)
2019-09-25 07:04:57,843 [pool-37-thread-1] INFO  segmented.SegmentedRaftLogWorker (SegmentedRaftLogWorker.java:lambda$new$0(132)) - 62ec8eb9-3ae9-4136-b70a-2caf3716fa7f@group-F9DD8DFAA4FE-SegmentedRaftLogWorker: flushIndex: setUnconditionally 0 -> -1
2019-09-25 07:04:57,843 [Thread-655] INFO  impl.RoleInfo (RoleInfo.java:shutdownFollowerState(121)) - 62ec8eb9-3ae9-4136-b70a-2caf3716fa7f: shutdown FollowerState
2019-09-25 07:04:57,856 [Thread-655] INFO  impl.RaftServerImpl (RaftServerImpl.java:setRole(174)) - 62ec8eb9-3ae9-4136-b70a-2caf3716fa7f@group-C940C511D282: changes role from  FOLLOWER to CANDIDATE at term 0 for changeToCandidate
2019-09-25 07:04:57,854 [62ec8eb9-3ae9-4136-b70a-2caf3716fa7f@group-213BD37C19A2:LeaderElection116] INFO  server.RaftServerConfigKeys (ConfUtils.java:logGet(43)) - raft.server.watch.element-limit = 65536 (default)
2019-09-25 07:04:57,849 [62ec8eb9-3ae9-4136-b70a-2caf3716fa7f@group-63FD56BDEF80:LeaderElection108] INFO  server.RaftServerConfigKeys (ConfUtils.java:logGet(43)) - raft.server.watch.element-limit = 65536 (default)
2019-09-25 07:04:57,849 [Thread-646] INFO  impl.RaftServerImpl (RaftServerImpl.java:setRole(174)) - 62ec8eb9-3ae9-4136-b70a-2caf3716fa7f@group-2F45C8EEFF22: changes role from  FOLLOWER to CANDIDATE at term 0 for changeToCandidate
2019-09-25 07:04:57,849 [62ec8eb9-3ae9-4136-b70a-2caf3716fa7f@group-853F494A7699:LeaderElection73] INFO  impl.RaftServerImpl (ServerState.java:setRaftConf(354)) - 62ec8eb9-3ae9-4136-b70a-2caf3716fa7f@group-853F494A7699: set configuration 0: [62ec8eb9-3ae9-4136-b70a-2caf3716fa7f:192.168.30.10:44715], old=null at 0
2019-09-25 07:04:57,849 [24bf2945-a329-4da6-aaf2-23ecd8d462c6@group-4B63F1BD2522-SegmentedRaftLogWorker] INFO  impl.RoleInfo (RoleInfo.java:shutdownLeaderState(104)) - 24bf2945-a329-4da6-aaf2-23ecd8d462c6: shutdown LeaderState
2019-09-25 07:04:57,848 [e568d23f-199e-48ce-91e4-5c166e2e97cd@group-5A9570ABCA5E-SegmentedRaftLogWorker] INFO  util.JmxRegister (JmxRegister.java:unregister(73)) - Successfully un-registered JMX Bean with object name Ratis:service=RaftServer,group=group-5A9570ABCA5E,id=e568d23f-199e-48ce-91e4-5c166e2e97cd
2019-09-25 07:04:57,857 [24bf2945-a329-4da6-aaf2-23ecd8d462c6@group-4B63F1BD2522-SegmentedRaftLogWorker] INFO  impl.PendingRequests (PendingRequests.java:sendNotLeaderResponses(202)) - 24bf2945-a329-4da6-aaf2-23ecd8d462c6-PendingRequests: sendNotLeaderResponses
2019-09-25 07:04:57,848 [Thread-632] INFO  impl.RaftServerImpl (RaftServerImpl.java:setRole(174)) - e568d23f-199e-48ce-91e4-5c166e2e97cd@group-9B8AC22ECFDA: changes role from  FOLLOWER to CANDIDATE at term 0 for changeToCandidate
2019-09-25 07:04:57,848 [Thread-676] INFO  impl.RoleInfo (RoleInfo.java:shutdownFollowerState(121)) - 24bf2945-a329-4da6-aaf2-23ecd8d462c6: shutdown FollowerState
2019-09-25 07:04:57,848 [Thread-683] INFO  impl.FollowerState (FollowerState.java:run(106)) - 24bf2945-a329-4da6-aaf2-23ecd8d462c6:group-BCAD19D2ACA2 changes to CANDIDATE, lastRpcTime:5269, electionTimeout:5148ms
2019-09-25 07:04:57,848 [Thread-688] INFO  impl.FollowerState (FollowerState.java:run(106)) - 24bf2945-a329-4da6-aaf2-23ecd8d462c6:group-96B88C982F86 changes to CANDIDATE, lastRpcTime:5223, electionTimeout:5103ms
2019-09-25 07:04:57,847 [62ec8eb9-3ae9-4136-b70a-2caf3716fa7f@group-25849CE33AFF:LeaderElection105] INFO  server.RaftServerConfigKeys (ConfUtils.java:logGet(43)) - raft.server.watch.timeout.denomination = 1s (default)
2019-09-25 07:04:57,847 [24bf2945-a329-4da6-aaf2-23ecd8d462c6@group-0088A0E64B06:LeaderElection104] INFO  server.RaftServerConfigKeys (ConfUtils.java:logGet(43)) - raft.server.watch.timeout.denomination = 1s (default)
2019-09-25 07:04:57,847 [62ec8eb9-3ae9-4136-b70a-2caf3716fa7f@group-A6D5E2AE564D:LeaderElection118] INFO  server.RaftServerConfigKeys (ConfUtils.java:logGet(43)) - raft.server.watch.timeout.denomination = 1s (default)
2019-09-25 07:04:57,858 [24bf2945-a329-4da6-aaf2-23ecd8d462c6@group-0088A0E64B06:LeaderElection104] INFO  server.RaftServerConfigKeys (ConfUtils.java:logGet(43)) - raft.server.watch.element-limit = 65536 (default)
2019-09-25 07:04:57,858 [62ec8eb9-3ae9-4136-b70a-2caf3716fa7f@group-25849CE33AFF:LeaderElection105] INFO  server.RaftServerConfigKeys (ConfUtils.java:logGet(43)) - raft.server.watch.element-limit = 65536 (default)
2019-09-25 07:04:57,858 [Thread-676] INFO  impl.RaftServerImpl (RaftServerImpl.java:setRole(174)) - 24bf2945-a329-4da6-aaf2-23ecd8d462c6@group-16D434BC82E0: changes role from  FOLLOWER to CANDIDATE at term 0 for changeToCandidate
2019-09-25 07:04:57,858 [24bf2945-a329-4da6-aaf2-23ecd8d462c6@group-4B63F1BD2522-SegmentedRaftLogWorker] INFO  impl.StateMachineUpdater (StateMachineUpdater.java:stopAndJoin(125)) - 24bf2945-a329-4da6-aaf2-23ecd8d462c6@group-4B63F1BD2522-StateMachineUpdater: set stopIndex = -1
2019-09-25 07:04:57,857 [e568d23f-199e-48ce-91e4-5c166e2e97cd@group-5A9570ABCA5E-SegmentedRaftLogWorker] INFO  impl.RoleInfo (RoleInfo.java:shutdownLeaderState(104)) - e568d23f-199e-48ce-91e4-5c166e2e97cd: shutdown LeaderState
2019-09-25 07:04:57,859 [24bf2945-a329-4da6-aaf2-23ecd8d462c6@group-4B63F1BD2522-SegmentedRaftLogWorker] INFO  impl.RaftServerImpl (ServerState.java:close(385)) - 24bf2945-a329-4da6-aaf2-23ecd8d462c6@group-4B63F1BD2522: closes. applyIndex: -1
2019-09-25 07:04:57,858 [62ec8eb9-3ae9-4136-b70a-2caf3716fa7f@group-A6D5E2AE564D:LeaderElection118] INFO  server.RaftServerConfigKeys (ConfUtils.java:logGet(43)) - raft.server.watch.element-limit = 65536 (default)
2019-09-25 07:04:57,859 [24bf2945-a329-4da6-aaf2-23ecd8d462c6@group-4B63F1BD2522-SegmentedRaftLogWorker] INFO  segmented.SegmentedRaftLogWorker (SegmentedRaftLogWorker.java:close(228)) - 24bf2945-a329-4da6-aaf2-23ecd8d462c6@group-4B63F1BD2522-SegmentedRaftLogWorker close()
2019-09-25 07:04:57,859 [e568d23f-199e-48ce-91e4-5c166e2e97cd@group-5A9570ABCA5E-SegmentedRaftLogWorker] INFO  impl.PendingRequests (PendingRequests.java:sendNotLeaderResponses(202)) - e568d23f-199e-48ce-91e4-5c166e2e97cd-PendingRequests: sendNotLeaderResponses
2019-09-25 07:04:57,860 [e568d23f-199e-48ce-91e4-5c166e2e97cd@group-5A9570ABCA5E-SegmentedRaftLogWorker] INFO  impl.StateMachineUpdater (StateMachineUpdater.java:stopAndJoin(125)) - e568d23f-199e-48ce-91e4-5c166e2e97cd@group-5A9570ABCA5E-StateMachineUpdater: set stopIndex = -1
2019-09-25 07:04:57,860 [e568d23f-199e-48ce-91e4-5c166e2e97cd@group-5A9570ABCA5E-SegmentedRaftLogWorker] INFO  impl.RaftServerImpl (ServerState.java:close(385)) - e568d23f-199e-48ce-91e4-5c166e2e97cd@group-5A9570ABCA5E: closes. applyIndex: -1
2019-09-25 07:04:57,861 [e568d23f-199e-48ce-91e4-5c166e2e97cd@group-5A9570ABCA5E-SegmentedRaftLogWorker] INFO  segmented.SegmentedRaftLogWorker (SegmentedRaftLogWorker.java:close(228)) - e568d23f-199e-48ce-91e4-5c166e2e97cd@group-5A9570ABCA5E-SegmentedRaftLogWorker close()
2019-09-25 07:04:57,863 [grpc-default-executor-2] INFO  impl.RaftServerProxy (RaftServerProxy.java:addNew(89)) - 24bf2945-a329-4da6-aaf2-23ecd8d462c6: addNew group-E6F9350C10F4:[24bf2945-a329-4da6-aaf2-23ecd8d462c6:192.168.30.10:42867, e568d23f-199e-48ce-91e4-5c166e2e97cd:192.168.30.10:42827, 62ec8eb9-3ae9-4136-b70a-2caf3716fa7f:192.168.30.10:44715] returns group-E6F9350C10F4:java.util.concurrent.CompletableFuture@6c7b7787[Not completed]
2019-09-25 07:04:57,863 [e568d23f-199e-48ce-91e4-5c166e2e97cd@group-EF60280D0D4B:LeaderElection122] INFO  impl.LeaderElection (LeaderElection.java:askForVotes(182)) - e568d23f-199e-48ce-91e4-5c166e2e97cd@group-EF60280D0D4B:LeaderElection122: begin an election at term 1 for -1: [e568d23f-199e-48ce-91e4-5c166e2e97cd:192.168.30.10:42827], old=null
2019-09-25 07:04:57,863 [62ec8eb9-3ae9-4136-b70a-2caf3716fa7f@group-C509BEFDAC58:LeaderElection123] INFO  impl.LeaderElection (LeaderElection.java:askForVotes(182)) - 62ec8eb9-3ae9-4136-b70a-2caf3716fa7f@group-C509BEFDAC58:LeaderElection123: begin an election at term 1 for -1: [62ec8eb9-3ae9-4136-b70a-2caf3716fa7f:192.168.30.10:44715], old=null
2019-09-25 07:04:57,864 [e568d23f-199e-48ce-91e4-5c166e2e97cd@group-EF60280D0D4B:LeaderElection122] INFO  impl.RoleInfo (RoleInfo.java:shutdownLeaderElection(134)) - e568d23f-199e-48ce-91e4-5c166e2e97cd: shutdown LeaderElection
2019-09-25 07:04:57,864 [62ec8eb9-3ae9-4136-b70a-2caf3716fa7f@group-C509BEFDAC58:LeaderElection123] INFO  impl.RoleInfo (RoleInfo.java:shutdownLeaderElection(134)) - 62ec8eb9-3ae9-4136-b70a-2caf3716fa7f: shutdown LeaderElection
2019-09-25 07:04:57,864 [e568d23f-199e-48ce-91e4-5c166e2e97cd@group-EF60280D0D4B:LeaderElection122] INFO  impl.RaftServerImpl (RaftServerImpl.java:setRole(174)) - e568d23f-199e-48ce-91e4-5c166e2e97cd@group-EF60280D0D4B: changes role from CANDIDATE to LEADER at term 1 for changeToLeader
2019-09-25 07:04:57,864 [62ec8eb9-3ae9-4136-b70a-2caf3716fa7f@group-C509BEFDAC58:LeaderElection123] INFO  impl.RaftServerImpl (RaftServerImpl.java:setRole(174)) - 62ec8eb9-3ae9-4136-b70a-2caf3716fa7f@group-C509BEFDAC58: changes role from CANDIDATE to LEADER at term 1 for changeToLeader
2019-09-25 07:04:57,864 [e568d23f-199e-48ce-91e4-5c166e2e97cd@group-EF60280D0D4B:LeaderElection122] INFO  impl.RaftServerImpl (ServerState.java:setLeader(253)) - e568d23f-199e-48ce-91e4-5c166e2e97cd@group-EF60280D0D4B: change Leader from null to e568d23f-199e-48ce-91e4-5c166e2e97cd at term 1 for becomeLeader, leader elected after 6890ms
2019-09-25 07:04:57,864 [62ec8eb9-3ae9-4136-b70a-2caf3716fa7f@group-C509BEFDAC58:LeaderElection123] INFO  impl.RaftServerImpl (ServerState.java:setLeader(253)) - 62ec8eb9-3ae9-4136-b70a-2caf3716fa7f@group-C509BEFDAC58: change Leader from null to 62ec8eb9-3ae9-4136-b70a-2caf3716fa7f at term 1 for becomeLeader, leader elected after 6632ms
2019-09-25 07:04:57,865 [e568d23f-199e-48ce-91e4-5c166e2e97cd@group-EF60280D0D4B:LeaderElection122] INFO  server.RaftServerConfigKeys (ConfUtils.java:logGet(43)) - raft.server.staging.catchup.gap = 1000 (default)
2019-09-25 07:04:57,865 [62ec8eb9-3ae9-4136-b70a-2caf3716fa7f@group-C509BEFDAC58:LeaderElection123] INFO  server.RaftServerConfigKeys (ConfUtils.java:logGet(43)) - raft.server.staging.catchup.gap = 1000 (default)
2019-09-25 07:04:57,865 [e568d23f-199e-48ce-91e4-5c166e2e97cd@group-EF60280D0D4B:LeaderElection122] INFO  server.RaftServerConfigKeys (ConfUtils.java:logGet(43)) - raft.server.rpc.sleep.time = 25ms (default)
2019-09-25 07:04:57,865 [62ec8eb9-3ae9-4136-b70a-2caf3716fa7f@group-C509BEFDAC58:LeaderElection123] INFO  server.RaftServerConfigKeys (ConfUtils.java:logGet(43)) - raft.server.rpc.sleep.time = 25ms (default)
2019-09-25 07:04:57,875 [Thread-709] INFO  impl.FollowerState (FollowerState.java:run(106)) - 62ec8eb9-3ae9-4136-b70a-2caf3716fa7f:group-34589095EC66 changes to CANDIDATE, lastRpcTime:5145, electionTimeout:5145ms
2019-09-25 07:04:57,895 [Thread-714] INFO  impl.RoleInfo (RoleInfo.java:shutdownFollowerState(121)) - 62ec8eb9-3ae9-4136-b70a-2caf3716fa7f: shutdown FollowerState
2019-09-25 07:04:57,895 [Thread-714] INFO  impl.RaftServerImpl (RaftServerImpl.java:setRole(174)) - 62ec8eb9-3ae9-4136-b70a-2caf3716fa7f@group-B4D0C3973801: changes role from  FOLLOWER to CANDIDATE at term 0 for changeToCandidate
2019-09-25 07:04:57,895 [Thread-695] INFO  impl.RoleInfo (RoleInfo.java:shutdownFollowerState(121)) - e568d23f-199e-48ce-91e4-5c166e2e97cd: shutdown FollowerState
2019-09-25 07:04:57,895 [62ec8eb9-3ae9-4136-b70a-2caf3716fa7f@group-C509BEFDAC58:LeaderElection123] INFO  server.RaftServerConfigKeys (ConfUtils.java:logGet(43)) - raft.server.write.element-limit = 4096 (default)
2019-09-25 07:04:57,895 [Thread-714] INFO  impl.RoleInfo (RoleInfo.java:updateAndGet(143)) - 62ec8eb9-3ae9-4136-b70a-2caf3716fa7f: start LeaderElection
2019-09-25 07:04:57,895 [62ec8eb9-3ae9-4136-b70a-2caf3716fa7f@group-C509BEFDAC58:LeaderElection123] INFO  server.RaftServerConfigKeys (ConfUtils.java:logGet(43)) - raft.server.watch.timeout = 10s (default)
2019-09-25 07:04:57,895 [e568d23f-199e-48ce-91e4-5c166e2e97cd@group-EF60280D0D4B:LeaderElection122] INFO  server.RaftServerConfigKeys (ConfUtils.java:logGet(43)) - raft.server.write.element-limit = 4096 (default)
2019-09-25 07:04:57,895 [Thread-695] INFO  impl.RaftServerImpl (RaftServerImpl.java:setRole(174)) - e568d23f-199e-48ce-91e4-5c166e2e97cd@group-3E36BA650D7B: changes role from  FOLLOWER to CANDIDATE at term 0 for changeToCandidate
2019-09-25 07:04:57,895 [Thread-699] INFO  impl.RoleInfo (RoleInfo.java:shutdownFollowerState(121)) - 24bf2945-a329-4da6-aaf2-23ecd8d462c6: shutdown FollowerState
2019-09-25 07:04:58,973 [Thread-385] INFO  impl.FollowerState (FollowerState.java:run(106)) - 62ec8eb9-3ae9-4136-b70a-2caf3716fa7f:group-49C0B3A0D615 changes to CANDIDATE, lastRpcTime:10740, electionTimeout:5092ms
2019-09-25 07:04:58,973 [Thread-364] INFO  impl.FollowerState (FollowerState.java:run(106)) - 62ec8eb9-3ae9-4136-b70a-2caf3716fa7f:group-18831A278447 changes to CANDIDATE, lastRpcTime:10905, electionTimeout:5103ms
2019-09-25 07:04:58,973 [Thread-774] INFO  impl.FollowerState (FollowerState.java:run(106)) - 62ec8eb9-3ae9-4136-b70a-2caf3716fa7f:group-DC60A5138291 changes to CANDIDATE, lastRpcTime:5277, electionTimeout:5060ms
2019-09-25 07:04:58,973 [Thread-379] INFO  impl.FollowerState (FollowerState.java:run(106)) - e568d23f-199e-48ce-91e4-5c166e2e97cd:group-63D2AA3E0585 changes to CANDIDATE, lastRpcTime:10781, electionTimeout:5103ms
2019-09-25 07:04:58,973 [Thread-370] INFO  impl.FollowerState (FollowerState.java:run(106)) - 62ec8eb9-3ae9-4136-b70a-2caf3716fa7f:group-3A316764445C changes to CANDIDATE, lastRpcTime:10865, electionTimeout:5125ms
2019-09-25 07:04:58,973 [Thread-382] INFO  impl.FollowerState (FollowerState.java:run(106)) - e568d23f-199e-48ce-91e4-5c166e2e97cd:group-8E2ACE353EEA changes to CANDIDATE, lastRpcTime:10759, electionTimeout:5109ms
2019-09-25 07:04:58,751 [Thread-394] INFO  impl.FollowerState (FollowerState.java:run(106)) - e568d23f-199e-48ce-91e4-5c166e2e97cd:group-927145DE84C6 changes to CANDIDATE, lastRpcTime:10446, electionTimeout:5071ms
2019-09-25 07:04:58,747 [Thread-373] INFO  impl.FollowerState (FollowerState.java:run(106)) - 24bf2945-a329-4da6-aaf2-23ecd8d462c6:group-23572328021B changes to CANDIDATE, lastRpcTime:10600, electionTimeout:5002ms
2019-09-25 07:04:59,509 [Thread-394] INFO  impl.RoleInfo (RoleInfo.java:shutdownFollowerState(121)) - e568d23f-199e-48ce-91e4-5c166e2e97cd: shutdown FollowerState
2019-09-25 07:04:58,747 [Thread-388] INFO  impl.FollowerState (FollowerState.java:run(106)) - 62ec8eb9-3ae9-4136-b70a-2caf3716fa7f:group-2E596BF0304E changes to CANDIDATE, lastRpcTime:10494, electionTimeout:5017ms
2019-09-25 07:04:58,746 [Thread-376] INFO  impl.FollowerState (FollowerState.java:run(106)) - 62ec8eb9-3ae9-4136-b70a-2caf3716fa7f:group-8BD09226B55A changes to CANDIDATE, lastRpcTime:10580, electionTimeout:5062ms
2019-09-25 07:04:58,491 [e568d23f-199e-48ce-91e4-5c166e2e97cd@group-EF60280D0D4B:LeaderElection122] INFO  server.RaftServerConfigKeys (ConfUtils.java:logGet(43)) - raft.server.watch.timeout = 10s (default)
2019-09-25 07:04:58,481 [62ec8eb9-3ae9-4136-b70a-2caf3716fa7f@group-C509BEFDAC58:LeaderElection123] INFO  server.RaftServerConfigKeys (ConfUtils.java:logGet(43)) - raft.server.watch.timeout.denomination = 1s (default)
2019-09-25 07:04:58,479 [Thread-760] INFO  impl.FollowerState (FollowerState.java:run(106)) - 24bf2945-a329-4da6-aaf2-23ecd8d462c6:group-DFD88B075CEC changes to CANDIDATE, lastRpcTime:5333, electionTimeout:5183ms
2019-09-25 07:04:58,475 [62ec8eb9-3ae9-4136-b70a-2caf3716fa7f@group-AE2CC0DD201F:LeaderElection88] INFO  impl.RoleInfo (RoleInfo.java:updateAndGet(143)) - 62ec8eb9-3ae9-4136-b70a-2caf3716fa7f: start LeaderState
2019-09-25 07:04:58,474 [e568d23f-199e-48ce-91e4-5c166e2e97cd@group-3D7A5B67F997:LeaderElection86] INFO  impl.RoleInfo (RoleInfo.java:updateAndGet(143)) - e568d23f-199e-48ce-91e4-5c166e2e97cd: start LeaderState
2019-09-25 07:04:58,474 [Thread-709] INFO  impl.RoleInfo (RoleInfo.java:shutdownFollowerState(121)) - 62ec8eb9-3ae9-4136-b70a-2caf3716fa7f: shutdown FollowerState
2019-09-25 07:04:58,474 [Thread-688] INFO  impl.RoleInfo (RoleInfo.java:shutdownFollowerState(121)) - 24bf2945-a329-4da6-aaf2-23ecd8d462c6: shutdown FollowerState
2019-09-25 07:04:58,474 [Thread-683] INFO  impl.RoleInfo (RoleInfo.java:shutdownFollowerState(121)) - 24bf2945-a329-4da6-aaf2-23ecd8d462c6: shutdown FollowerState
2019-09-25 07:04:58,233 [Thread-717] WARN  util.JavaUtils (JavaUtils.java:sleep(250)) - Unexpected long sleep: sleep(5103ms) actually took 5410ms which is over the threshold 300ms
2019-09-25 07:04:58,233 [Thread-727] WARN  util.JavaUtils (JavaUtils.java:sleep(250)) - Unexpected long sleep: sleep(5030ms) actually took 5333ms which is over the threshold 300ms
2019-09-25 07:04:58,232 [Thread-721] INFO  impl.FollowerState (FollowerState.java:run(106)) - 62ec8eb9-3ae9-4136-b70a-2caf3716fa7f:group-E582315BD891 changes to CANDIDATE, lastRpcTime:5369, electionTimeout:5131ms
2019-09-25 07:04:58,232 [Thread-730] INFO  impl.FollowerState (FollowerState.java:run(106)) - 24bf2945-a329-4da6-aaf2-23ecd8d462c6:group-924297F06423 changes to CANDIDATE, lastRpcTime:5291, electionTimeout:5054ms
2019-09-25 07:04:58,231 [Thread-733] INFO  impl.FollowerState (FollowerState.java:run(106)) - e568d23f-199e-48ce-91e4-5c166e2e97cd:group-712AED870590 changes to CANDIDATE, lastRpcTime:5252, electionTimeout:5088ms
2019-09-25 07:04:58,227 [Thread-742] INFO  impl.FollowerState (FollowerState.java:run(106)) - 24bf2945-a329-4da6-aaf2-23ecd8d462c6:group-2742ADE52F95 changes to CANDIDATE, lastRpcTime:5208, electionTimeout:5141ms
2019-09-25 07:04:59,512 [Thread-733] INFO  impl.RoleInfo (RoleInfo.java:shutdownFollowerState(121)) - e568d23f-199e-48ce-91e4-5c166e2e97cd: shutdown FollowerState
2019-09-25 07:04:58,227 [Thread-752] INFO  impl.FollowerState (FollowerState.java:run(106)) - 62ec8eb9-3ae9-4136-b70a-2caf3716fa7f:group-52492DA1CE05 changes to CANDIDATE, lastRpcTime:5133, electionTimeout:5089ms
2019-09-25 07:04:58,227 [pool-37-thread-1] INFO  server.RaftServerConfigKeys (ConfUtils.java:logGet(43)) - raft.server.snapshot.auto.trigger.enabled = true (custom)
2019-09-25 07:04:58,226 [Thread-639] INFO  impl.RoleInfo (RoleInfo.java:updateAndGet(143)) - e568d23f-199e-48ce-91e4-5c166e2e97cd: start LeaderElection
2019-09-25 07:04:58,226 [Thread-652] INFO  impl.RoleInfo (RoleInfo.java:updateAndGet(143)) - 24bf2945-a329-4da6-aaf2-23ecd8d462c6: start LeaderElection
2019-09-25 07:04:58,226 [Thread-660] INFO  impl.RoleInfo (RoleInfo.java:updateAndGet(143)) - 24bf2945-a329-4da6-aaf2-23ecd8d462c6: start LeaderElection
2019-09-25 07:04:58,226 [Thread-646] INFO  impl.RoleInfo (RoleInfo.java:updateAndGet(143)) - 62ec8eb9-3ae9-4136-b70a-2caf3716fa7f: start LeaderElection
2019-09-25 07:04:58,226 [Thread-655] INFO  impl.RoleInfo (RoleInfo.java:updateAndGet(143)) - 62ec8eb9-3ae9-4136-b70a-2caf3716fa7f: start LeaderElection
2019-09-25 07:04:58,226 [Thread-632] INFO  impl.RoleInfo (RoleInfo.java:updateAndGet(143)) - e568d23f-199e-48ce-91e4-5c166e2e97cd: start LeaderElection
2019-09-25 07:04:58,226 [Thread-676] INFO  impl.RoleInfo (RoleInfo.java:updateAndGet(143)) - 24bf2945-a329-4da6-aaf2-23ecd8d462c6: start LeaderElection
2019-09-25 07:04:59,512 [grpc-default-executor-5] INFO  impl.RaftServerProxy (RaftServerProxy.java:addNew(89)) - 62ec8eb9-3ae9-4136-b70a-2caf3716fa7f: addNew group-E6F9350C10F4:[24bf2945-a329-4da6-aaf2-23ecd8d462c6:192.168.30.10:42867, e568d23f-199e-48ce-91e4-5c166e2e97cd:192.168.30.10:42827, 62ec8eb9-3ae9-4136-b70a-2caf3716fa7f:192.168.30.10:44715] returns group-E6F9350C10F4:java.util.concurrent.CompletableFuture@23990fb6[Not completed]
2019-09-25 07:04:59,512 [pool-37-thread-1] INFO  server.RaftServerConfigKeys (ConfUtils.java:logGet(43)) - raft.server.snapshot.auto.trigger.threshold = 10000 (custom)
2019-09-25 07:04:59,512 [Thread-752] INFO  impl.RoleInfo (RoleInfo.java:shutdownFollowerState(121)) - 62ec8eb9-3ae9-4136-b70a-2caf3716fa7f: shutdown FollowerState
2019-09-25 07:04:59,512 [Thread-733] INFO  impl.RaftServerImpl (RaftServerImpl.java:setRole(174)) - e568d23f-199e-48ce-91e4-5c166e2e97cd@group-712AED870590: changes role from  FOLLOWER to CANDIDATE at term 0 for changeToCandidate
2019-09-25 07:04:59,512 [Thread-742] INFO  impl.RoleInfo (RoleInfo.java:shutdownFollowerState(121)) - 24bf2945-a329-4da6-aaf2-23ecd8d462c6: shutdown FollowerState
2019-09-25 07:04:59,512 [Thread-730] INFO  impl.RoleInfo (RoleInfo.java:shutdownFollowerState(121)) - 24bf2945-a329-4da6-aaf2-23ecd8d462c6: shutdown FollowerState
2019-09-25 07:04:59,512 [Thread-721] INFO  impl.RoleInfo (RoleInfo.java:shutdownFollowerState(121)) - 62ec8eb9-3ae9-4136-b70a-2caf3716fa7f: shutdown FollowerState
2019-09-25 07:04:59,511 [Thread-683] INFO  impl.RaftServerImpl (RaftServerImpl.java:setRole(174)) - 24bf2945-a329-4da6-aaf2-23ecd8d462c6@group-BCAD19D2ACA2: changes role from  FOLLOWER to CANDIDATE at term 0 for changeToCandidate
2019-09-25 07:04:59,511 [Thread-688] INFO  impl.RaftServerImpl (RaftServerImpl.java:setRole(174)) - 24bf2945-a329-4da6-aaf2-23ecd8d462c6@group-96B88C982F86: changes role from  FOLLOWER to CANDIDATE at term 0 for changeToCandidate
2019-09-25 07:04:59,511 [Thread-709] INFO  impl.RaftServerImpl (RaftServerImpl.java:setRole(174)) - 62ec8eb9-3ae9-4136-b70a-2caf3716fa7f@group-34589095EC66: changes role from  FOLLOWER to CANDIDATE at term 0 for changeToCandidate
2019-09-25 07:04:59,511 [e568d23f-199e-48ce-91e4-5c166e2e97cd@group-3D7A5B67F997:LeaderElection86] INFO  segmented.SegmentedRaftLogWorker (SegmentedRaftLogWorker.java:startLogSegment(380)) - e568d23f-199e-48ce-91e4-5c166e2e97cd@group-3D7A5B67F997-SegmentedRaftLogWorker: Starting segment from index:0
2019-09-25 07:04:59,511 [62ec8eb9-3ae9-4136-b70a-2caf3716fa7f@group-AE2CC0DD201F:LeaderElection88] INFO  segmented.SegmentedRaftLogWorker (SegmentedRaftLogWorker.java:startLogSegment(380)) - 62ec8eb9-3ae9-4136-b70a-2caf3716fa7f@group-AE2CC0DD201F-SegmentedRaftLogWorker: Starting segment from index:0
2019-09-25 07:04:59,510 [Thread-760] INFO  impl.RoleInfo (RoleInfo.java:shutdownFollowerState(121)) - 24bf2945-a329-4da6-aaf2-23ecd8d462c6: shutdown FollowerState
2019-09-25 07:04:59,510 [62ec8eb9-3ae9-4136-b70a-2caf3716fa7f@group-C509BEFDAC58:LeaderElection123] INFO  server.RaftServerConfigKeys (ConfUtils.java:logGet(43)) - raft.server.watch.element-limit = 65536 (default)
2019-09-25 07:04:59,510 [e568d23f-199e-48ce-91e4-5c166e2e97cd@group-EF60280D0D4B:LeaderElection122] INFO  server.RaftServerConfigKeys (ConfUtils.java:logGet(43)) - raft.server.watch.timeout.denomination = 1s (default)
2019-09-25 07:04:59,510 [Thread-376] INFO  impl.RoleInfo (RoleInfo.java:shutdownFollowerState(121)) - 62ec8eb9-3ae9-4136-b70a-2caf3716fa7f: shutdown FollowerState
2019-09-25 07:04:59,509 [Thread-388] INFO  impl.RoleInfo (RoleInfo.java:shutdownFollowerState(121)) - 62ec8eb9-3ae9-4136-b70a-2caf3716fa7f: shutdown FollowerState
2019-09-25 07:04:59,516 [Thread-388] INFO  impl.RaftServerImpl (RaftServerImpl.java:setRole(174)) - 62ec8eb9-3ae9-4136-b70a-2caf3716fa7f@group-2E596BF0304E: changes role from  FOLLOWER to CANDIDATE at term 0 for changeToCandidate
2019-09-25 07:04:59,509 [Thread-394] INFO  impl.RaftServerImpl (RaftServerImpl.java:setRole(174)) - e568d23f-199e-48ce-91e4-5c166e2e97cd@group-927145DE84C6: changes role from  FOLLOWER to CANDIDATE at term 0 for changeToCandidate
2019-09-25 07:04:59,509 [Thread-373] INFO  impl.RoleInfo (RoleInfo.java:shutdownFollowerState(121)) - 24bf2945-a329-4da6-aaf2-23ecd8d462c6: shutdown FollowerState
2019-09-25 07:04:59,509 [Thread-382] INFO  impl.RoleInfo (RoleInfo.java:shutdownFollowerState(121)) - e568d23f-199e-48ce-91e4-5c166e2e97cd: shutdown FollowerState
2019-09-25 07:04:59,508 [Thread-370] INFO  impl.RoleInfo (RoleInfo.java:shutdownFollowerState(121)) - 62ec8eb9-3ae9-4136-b70a-2caf3716fa7f: shutdown FollowerState
2019-09-25 07:04:58,977 [Thread-379] INFO  impl.RoleInfo (RoleInfo.java:shutdownFollowerState(121)) - e568d23f-199e-48ce-91e4-5c166e2e97cd: shutdown FollowerState
2019-09-25 07:04:58,976 [Thread-774] INFO  impl.RoleInfo (RoleInfo.java:shutdownFollowerState(121)) - 62ec8eb9-3ae9-4136-b70a-2caf3716fa7f: shutdown FollowerState
2019-09-25 07:04:58,976 [Thread-385] INFO  impl.RoleInfo (RoleInfo.java:shutdownFollowerState(121)) - 62ec8eb9-3ae9-4136-b70a-2caf3716fa7f: shutdown FollowerState
2019-09-25 07:04:59,517 [Thread-385] INFO  impl.RaftServerImpl (RaftServerImpl.java:setRole(174)) - 62ec8eb9-3ae9-4136-b70a-2caf3716fa7f@group-49C0B3A0D615: changes role from  FOLLOWER to CANDIDATE at term 0 for changeToCandidate
2019-09-25 07:04:58,976 [Thread-364] INFO  impl.RoleInfo (RoleInfo.java:shutdownFollowerState(121)) - 62ec8eb9-3ae9-4136-b70a-2caf3716fa7f: shutdown FollowerState
2019-09-25 07:04:58,973 [Thread-695] INFO  impl.RoleInfo (RoleInfo.java:updateAndGet(143)) - e568d23f-199e-48ce-91e4-5c166e2e97cd: start LeaderElection
2019-09-25 07:04:58,973 [Thread-699] INFO  impl.RaftServerImpl (RaftServerImpl.java:setRole(174)) - 24bf2945-a329-4da6-aaf2-23ecd8d462c6@group-6B6043C7F4B7: changes role from  FOLLOWER to CANDIDATE at term 0 for changeToCandidate
2019-09-25 07:04:59,517 [Thread-364] INFO  impl.RaftServerImpl (RaftServerImpl.java:setRole(174)) - 62ec8eb9-3ae9-4136-b70a-2caf3716fa7f@group-18831A278447: changes role from  FOLLOWER to CANDIDATE at term 0 for changeToCandidate
2019-09-25 07:04:59,516 [Thread-774] INFO  impl.RaftServerImpl (RaftServerImpl.java:setRole(174)) - 62ec8eb9-3ae9-4136-b70a-2caf3716fa7f@group-DC60A5138291: changes role from  FOLLOWER to CANDIDATE at term 0 for changeToCandidate
2019-09-25 07:04:59,516 [Thread-379] INFO  impl.RaftServerImpl (RaftServerImpl.java:setRole(174)) - e568d23f-199e-48ce-91e4-5c166e2e97cd@group-63D2AA3E0585: changes role from  FOLLOWER to CANDIDATE at term 0 for changeToCandidate
2019-09-25 07:04:59,516 [Thread-370] INFO  impl.RaftServerImpl (RaftServerImpl.java:setRole(174)) - 62ec8eb9-3ae9-4136-b70a-2caf3716fa7f@group-3A316764445C: changes role from  FOLLOWER to CANDIDATE at term 0 for changeToCandidate
2019-09-25 07:04:59,516 [Thread-382] INFO  impl.RaftServerImpl (RaftServerImpl.java:setRole(174)) - e568d23f-199e-48ce-91e4-5c166e2e97cd@group-8E2ACE353EEA: changes role from  FOLLOWER to CANDIDATE at term 0 for changeToCandidate
2019-09-25 07:04:59,516 [Thread-373] INFO  impl.RaftServerImpl (RaftServerImpl.java:setRole(174)) - 24bf2945-a329-4da6-aaf2-23ecd8d462c6@group-23572328021B: changes role from  FOLLOWER to CANDIDATE at term 0 for changeToCandidate
2019-09-25 07:04:59,515 [Thread-376] INFO  impl.RaftServerImpl (RaftServerImpl.java:setRole(174)) - 62ec8eb9-3ae9-4136-b70a-2caf3716fa7f@group-8BD09226B55A: changes role from  FOLLOWER to CANDIDATE at term 0 for changeToCandidate
2019-09-25 07:04:59,515 [e568d23f-199e-48ce-91e4-5c166e2e97cd@group-EF60280D0D4B:LeaderElection122] INFO  server.RaftServerConfigKeys (ConfUtils.java:logGet(43)) - raft.server.watch.element-limit = 65536 (default)
2019-09-25 07:04:59,515 [Thread-760] INFO  impl.RaftServerImpl (RaftServerImpl.java:setRole(174)) - 24bf2945-a329-4da6-aaf2-23ecd8d462c6@group-DFD88B075CEC: changes role from  FOLLOWER to CANDIDATE at term 0 for changeToCandidate
2019-09-25 07:04:59,514 [Thread-721] INFO  impl.RaftServerImpl (RaftServerImpl.java:setRole(174)) - 62ec8eb9-3ae9-4136-b70a-2caf3716fa7f@group-E582315BD891: changes role from  FOLLOWER to CANDIDATE at term 0 for changeToCandidate
2019-09-25 07:04:59,514 [Thread-730] INFO  impl.RaftServerImpl (RaftServerImpl.java:setRole(174)) - 24bf2945-a329-4da6-aaf2-23ecd8d462c6@group-924297F06423: changes role from  FOLLOWER to CANDIDATE at term 0 for changeToCandidate
2019-09-25 07:04:59,514 [Thread-742] INFO  impl.RaftServerImpl (RaftServerImpl.java:setRole(174)) - 24bf2945-a329-4da6-aaf2-23ecd8d462c6@group-2742ADE52F95: changes role from  FOLLOWER to CANDIDATE at term 0 for changeToCandidate
2019-09-25 07:04:59,514 [Thread-752] INFO  impl.RaftServerImpl (RaftServerImpl.java:setRole(174)) - 62ec8eb9-3ae9-4136-b70a-2caf3716fa7f@group-52492DA1CE05: changes role from  FOLLOWER to CANDIDATE at term 0 for changeToCandidate
2019-09-25 07:04:59,514 [pool-37-thread-1] INFO  server.RaftServerConfigKeys (ConfUtils.java:logGet(43)) - raft.server.snapshot.retention.num.files = 5 (custom)
2019-09-25 07:04:59,523 [62ec8eb9-3ae9-4136-b70a-2caf3716fa7f@group-B4D0C3973801:LeaderElection131] INFO  impl.LeaderElection (LeaderElection.java:askForVotes(182)) - 62ec8eb9-3ae9-4136-b70a-2caf3716fa7f@group-B4D0C3973801:LeaderElection131: begin an election at term 1 for -1: [62ec8eb9-3ae9-4136-b70a-2caf3716fa7f:192.168.30.10:44715], old=null
2019-09-25 07:04:59,523 [62ec8eb9-3ae9-4136-b70a-2caf3716fa7f@group-B4D0C3973801:LeaderElection131] INFO  impl.RoleInfo (RoleInfo.java:shutdownLeaderElection(134)) - 62ec8eb9-3ae9-4136-b70a-2caf3716fa7f: shutdown LeaderElection
2019-09-25 07:04:59,523 [62ec8eb9-3ae9-4136-b70a-2caf3716fa7f@group-B4D0C3973801:LeaderElection131] INFO  impl.RaftServerImpl (RaftServerImpl.java:setRole(174)) - 62ec8eb9-3ae9-4136-b70a-2caf3716fa7f@group-B4D0C3973801: changes role from CANDIDATE to LEADER at term 1 for changeToLeader
2019-09-25 07:04:59,523 [62ec8eb9-3ae9-4136-b70a-2caf3716fa7f@group-B4D0C3973801:LeaderElection131] INFO  impl.RaftServerImpl (ServerState.java:setLeader(253)) - 62ec8eb9-3ae9-4136-b70a-2caf3716fa7f@group-B4D0C3973801: change Leader from null to 62ec8eb9-3ae9-4136-b70a-2caf3716fa7f at term 1 for becomeLeader, leader elected after 6752ms
2019-09-25 07:04:59,524 [62ec8eb9-3ae9-4136-b70a-2caf3716fa7f@group-B4D0C3973801:LeaderElection131] INFO  server.RaftServerConfigKeys (ConfUtils.java:logGet(43)) - raft.server.staging.catchup.gap = 1000 (default)
2019-09-25 07:04:59,524 [62ec8eb9-3ae9-4136-b70a-2caf3716fa7f@group-B4D0C3973801:LeaderElection131] INFO  server.RaftServerConfigKeys (ConfUtils.java:logGet(43)) - raft.server.rpc.sleep.time = 25ms (default)
2019-09-25 07:04:59,588 [62ec8eb9-3ae9-4136-b70a-2caf3716fa7f@group-B4D0C3973801:LeaderElection131] INFO  server.RaftServerConfigKeys (ConfUtils.java:logGet(43)) - raft.server.write.element-limit = 4096 (default)
2019-09-25 07:04:59,589 [Thread-379] INFO  impl.RoleInfo (RoleInfo.java:updateAndGet(143)) - e568d23f-199e-48ce-91e4-5c166e2e97cd: start LeaderElection
2019-09-25 07:04:59,589 [Thread-370] INFO  impl.RoleInfo (RoleInfo.java:updateAndGet(143)) - 62ec8eb9-3ae9-4136-b70a-2caf3716fa7f: start LeaderElection
2019-09-25 07:04:59,589 [Thread-382] INFO  impl.RoleInfo (RoleInfo.java:updateAndGet(143)) - e568d23f-199e-48ce-91e4-5c166e2e97cd: start LeaderElection
2019-09-25 07:04:59,588 [Thread-373] INFO  impl.RoleInfo (RoleInfo.java:updateAndGet(143)) - 24bf2945-a329-4da6-aaf2-23ecd8d462c6: start LeaderElection
2019-09-25 07:04:59,588 [Thread-376] INFO  impl.RoleInfo (RoleInfo.java:updateAndGet(143)) - 62ec8eb9-3ae9-4136-b70a-2caf3716fa7f: start LeaderElection
2019-09-25 07:04:59,588 [Thread-721] INFO  impl.RoleInfo (RoleInfo.java:updateAndGet(143)) - 62ec8eb9-3ae9-4136-b70a-2caf3716fa7f: start LeaderElection
2019-09-25 07:04:59,588 [Thread-760] INFO  impl.RoleInfo (RoleInfo.java:updateAndGet(143)) - 24bf2945-a329-4da6-aaf2-23ecd8d462c6: start LeaderElection
2019-09-25 07:04:59,588 [Thread-730] INFO  impl.RoleInfo (RoleInfo.java:updateAndGet(143)) - 24bf2945-a329-4da6-aaf2-23ecd8d462c6: start LeaderElection
2019-09-25 07:04:59,588 [pool-37-thread-1] INFO  server.RaftServerConfigKeys (ConfUtils.java:logGet(43)) - raft.server.retrycache.expirytime = 600000ms (custom)
2019-09-25 07:04:59,588 [Thread-742] INFO  impl.RoleInfo (RoleInfo.java:updateAndGet(143)) - 24bf2945-a329-4da6-aaf2-23ecd8d462c6: start LeaderElection
2019-09-25 07:04:59,588 [Thread-752] INFO  impl.RoleInfo (RoleInfo.java:updateAndGet(143)) - 62ec8eb9-3ae9-4136-b70a-2caf3716fa7f: start LeaderElection
2019-09-25 07:05:00,107 [e568d23f-199e-48ce-91e4-5c166e2e97cd@group-3D7A5B67F997:LeaderElection86] INFO  impl.RaftServerImpl (ServerState.java:setRaftConf(354)) - e568d23f-199e-48ce-91e4-5c166e2e97cd@group-3D7A5B67F997: set configuration 0: [e568d23f-199e-48ce-91e4-5c166e2e97cd:192.168.30.10:42827], old=null at 0
2019-09-25 07:05:00,102 [Thread-683] INFO  impl.RoleInfo (RoleInfo.java:updateAndGet(143)) - 24bf2945-a329-4da6-aaf2-23ecd8d462c6: start LeaderElection
2019-09-25 07:05:00,102 [62ec8eb9-3ae9-4136-b70a-2caf3716fa7f@group-AE2CC0DD201F:LeaderElection88] INFO  impl.RaftServerImpl (ServerState.java:setRaftConf(354)) - 62ec8eb9-3ae9-4136-b70a-2caf3716fa7f@group-AE2CC0DD201F: set configuration 0: [62ec8eb9-3ae9-4136-b70a-2caf3716fa7f:192.168.30.10:44715], old=null at 0
2019-09-25 07:05:00,099 [e568d23f-199e-48ce-91e4-5c166e2e97cd@group-6D5E2718846D-SegmentedRaftLogWorker] ERROR segmented.SegmentedRaftLogWorker (SegmentedRaftLogWorker.java:run(323)) - e568d23f-199e-48ce-91e4-5c166e2e97cd@group-6D5E2718846D-SegmentedRaftLogWorker hit exception
java.lang.OutOfMemoryError: Direct buffer memory
	at java.nio.Bits.reserveMemory(Bits.java:666)
	at java.nio.DirectByteBuffer.<init>(DirectByteBuffer.java:123)
	at java.nio.ByteBuffer.allocateDirect(ByteBuffer.java:311)
	at org.apache.ratis.server.raftlog.segmented.BufferedWriteChannel.<init>(BufferedWriteChannel.java:41)
	at org.apache.ratis.server.raftlog.segmented.SegmentedRaftLogOutputStream.<init>(SegmentedRaftLogOutputStream.java:72)
	at org.apache.ratis.server.raftlog.segmented.SegmentedRaftLogWorker$StartLogSegment.execute(SegmentedRaftLogWorker.java:566)
	at org.apache.ratis.server.raftlog.segmented.SegmentedRaftLogWorker.run(SegmentedRaftLogWorker.java:289)
	at java.lang.Thread.run(Thread.java:748)
2019-09-25 07:05:00,099 [62ec8eb9-3ae9-4136-b70a-2caf3716fa7f@group-E547958F4AD8-SegmentedRaftLogWorker] ERROR segmented.SegmentedRaftLogWorker (SegmentedRaftLogWorker.java:run(323)) - 62ec8eb9-3ae9-4136-b70a-2caf3716fa7f@group-E547958F4AD8-SegmentedRaftLogWorker hit exception
java.lang.OutOfMemoryError: Direct buffer memory
	at java.nio.Bits.reserveMemory(Bits.java:666)
	at java.nio.DirectByteBuffer.<init>(DirectByteBuffer.java:123)
	at java.nio.ByteBuffer.allocateDirect(ByteBuffer.java:311)
	at org.apache.ratis.server.raftlog.segmented.BufferedWriteChannel.<init>(BufferedWriteChannel.java:41)
	at org.apache.ratis.server.raftlog.segmented.SegmentedRaftLogOutputStream.<init>(SegmentedRaftLogOutputStream.java:72)
	at org.apache.ratis.server.raftlog.segmented.SegmentedRaftLogWorker$StartLogSegment.execute(SegmentedRaftLogWorker.java:566)
	at org.apache.ratis.server.raftlog.segmented.SegmentedRaftLogWorker.run(SegmentedRaftLogWorker.java:289)
	at java.lang.Thread.run(Thread.java:748)
2019-09-25 07:05:00,099 [62ec8eb9-3ae9-4136-b70a-2caf3716fa7f@group-D904831A97FC-SegmentedRaftLogWorker] ERROR segmented.SegmentedRaftLogWorker (SegmentedRaftLogWorker.java:run(323)) - 62ec8eb9-3ae9-4136-b70a-2caf3716fa7f@group-D904831A97FC-SegmentedRaftLogWorker hit exception
java.lang.OutOfMemoryError: Direct buffer memory
	at java.nio.Bits.reserveMemory(Bits.java:666)
	at java.nio.DirectByteBuffer.<init>(DirectByteBuffer.java:123)
	at java.nio.ByteBuffer.allocateDirect(ByteBuffer.java:311)
	at org.apache.ratis.server.raftlog.segmented.BufferedWriteChannel.<init>(BufferedWriteChannel.java:41)
	at org.apache.ratis.server.raftlog.segmented.SegmentedRaftLogOutputStream.<init>(SegmentedRaftLogOutputStream.java:72)
	at org.apache.ratis.server.raftlog.segmented.SegmentedRaftLogWorker$StartLogSegment.execute(SegmentedRaftLogWorker.java:566)
	at org.apache.ratis.server.raftlog.segmented.SegmentedRaftLogWorker.run(SegmentedRaftLogWorker.java:289)
	at java.lang.Thread.run(Thread.java:748)
2019-09-25 07:04:59,855 [Thread-733] INFO  impl.RoleInfo (RoleInfo.java:updateAndGet(143)) - e568d23f-199e-48ce-91e4-5c166e2e97cd: start LeaderElection
2019-09-25 07:04:59,589 [Thread-688] INFO  impl.RoleInfo (RoleInfo.java:updateAndGet(143)) - 24bf2945-a329-4da6-aaf2-23ecd8d462c6: start LeaderElection
2019-09-25 07:04:59,589 [Thread-709] INFO  impl.RoleInfo (RoleInfo.java:updateAndGet(143)) - 62ec8eb9-3ae9-4136-b70a-2caf3716fa7f: start LeaderElection
2019-09-25 07:04:59,589 [Thread-388] INFO  impl.RoleInfo (RoleInfo.java:updateAndGet(143)) - 62ec8eb9-3ae9-4136-b70a-2caf3716fa7f: start LeaderElection
2019-09-25 07:04:59,589 [Thread-394] INFO  impl.RoleInfo (RoleInfo.java:updateAndGet(143)) - e568d23f-199e-48ce-91e4-5c166e2e97cd: start LeaderElection
2019-09-25 07:04:59,589 [Thread-385] INFO  impl.RoleInfo (RoleInfo.java:updateAndGet(143)) - 62ec8eb9-3ae9-4136-b70a-2caf3716fa7f: start LeaderElection
2019-09-25 07:04:59,589 [62ec8eb9-3ae9-4136-b70a-2caf3716fa7f@group-B4D0C3973801:LeaderElection131] INFO  server.RaftServerConfigKeys (ConfUtils.java:logGet(43)) - raft.server.watch.timeout = 10s (default)
2019-09-25 07:04:59,589 [Thread-699] INFO  impl.RoleInfo (RoleInfo.java:updateAndGet(143)) - 24bf2945-a329-4da6-aaf2-23ecd8d462c6: start LeaderElection
2019-09-25 07:04:59,589 [Thread-364] INFO  impl.RoleInfo (RoleInfo.java:updateAndGet(143)) - 62ec8eb9-3ae9-4136-b70a-2caf3716fa7f: start LeaderElection
2019-09-25 07:04:59,589 [Thread-774] INFO  impl.RoleInfo (RoleInfo.java:updateAndGet(143)) - 62ec8eb9-3ae9-4136-b70a-2caf3716fa7f: start LeaderElection
2019-09-25 07:05:00,110 [62ec8eb9-3ae9-4136-b70a-2caf3716fa7f@group-B4D0C3973801:LeaderElection131] INFO  server.RaftServerConfigKeys (ConfUtils.java:logGet(43)) - raft.server.watch.timeout.denomination = 1s (default)
2019-09-25 07:05:00,108 [62ec8eb9-3ae9-4136-b70a-2caf3716fa7f@group-D904831A97FC-SegmentedRaftLogWorker] INFO  impl.RaftServerImpl (RaftServerImpl.java:lambda$shutdown$3(251)) - 62ec8eb9-3ae9-4136-b70a-2caf3716fa7f@group-D904831A97FC: shutdown
2019-09-25 07:05:00,108 [62ec8eb9-3ae9-4136-b70a-2caf3716fa7f@group-E547958F4AD8-SegmentedRaftLogWorker] INFO  impl.RaftServerImpl (RaftServerImpl.java:lambda$shutdown$3(251)) - 62ec8eb9-3ae9-4136-b70a-2caf3716fa7f@group-E547958F4AD8: shutdown
2019-09-25 07:05:00,108 [24bf2945-a329-4da6-aaf2-23ecd8d462c6@group-258FC0DA5C42:LeaderElection120] INFO  impl.LeaderElection (LeaderElection.java:logAndReturn(56)) - 24bf2945-a329-4da6-aaf2-23ecd8d462c6@group-258FC0DA5C42:LeaderElection120: Election REJECTED; received 2 response(s) [24bf2945-a329-4da6-aaf2-23ecd8d462c6<-e568d23f-199e-48ce-91e4-5c166e2e97cd#0:FAIL-t1, 24bf2945-a329-4da6-aaf2-23ecd8d462c6<-62ec8eb9-3ae9-4136-b70a-2caf3716fa7f#0:FAIL-t1] and 0 exception(s); 24bf2945-a329-4da6-aaf2-23ecd8d462c6@group-258FC0DA5C42:t1, leader=null, voted=24bf2945-a329-4da6-aaf2-23ecd8d462c6, raftlog=24bf2945-a329-4da6-aaf2-23ecd8d462c6@group-258FC0DA5C42-SegmentedRaftLog:OPENED:c-1,f-1,i0, conf=-1: [24bf2945-a329-4da6-aaf2-23ecd8d462c6:192.168.30.10:42867, e568d23f-199e-48ce-91e4-5c166e2e97cd:192.168.30.10:42827, 62ec8eb9-3ae9-4136-b70a-2caf3716fa7f:192.168.30.10:44715], old=null
2019-09-25 07:05:00,108 [e568d23f-199e-48ce-91e4-5c166e2e97cd@group-6D5E2718846D-SegmentedRaftLogWorker] INFO  impl.RaftServerImpl (RaftServerImpl.java:lambda$shutdown$3(251)) - e568d23f-199e-48ce-91e4-5c166e2e97cd@group-6D5E2718846D: shutdown
2019-09-25 07:05:00,111 [24bf2945-a329-4da6-aaf2-23ecd8d462c6@group-16D434BC82E0:LeaderElection130] INFO  impl.LeaderElection (LeaderElection.java:askForVotes(182)) - 24bf2945-a329-4da6-aaf2-23ecd8d462c6@group-16D434BC82E0:LeaderElection130: begin an election at term 1 for -1: [24bf2945-a329-4da6-aaf2-23ecd8d462c6:192.168.30.10:42867], old=null
2019-09-25 07:05:00,111 [62ec8eb9-3ae9-4136-b70a-2caf3716fa7f@group-E547958F4AD8-SegmentedRaftLogWorker] INFO  util.JmxRegister (JmxRegister.java:unregister(73)) - Successfully un-registered JMX Bean with object name Ratis:service=RaftServer,group=group-E547958F4AD8,id=62ec8eb9-3ae9-4136-b70a-2caf3716fa7f
2019-09-25 07:05:00,217 [62ec8eb9-3ae9-4136-b70a-2caf3716fa7f@group-E547958F4AD8-SegmentedRaftLogWorker] INFO  impl.RoleInfo (RoleInfo.java:shutdownLeaderState(104)) - 62ec8eb9-3ae9-4136-b70a-2caf3716fa7f: shutdown LeaderState
2019-09-25 07:05:00,111 [62ec8eb9-3ae9-4136-b70a-2caf3716fa7f@group-D904831A97FC-SegmentedRaftLogWorker] INFO  util.JmxRegister (JmxRegister.java:unregister(73)) - Successfully un-registered JMX Bean with object name Ratis:service=RaftServer,group=group-D904831A97FC,id=62ec8eb9-3ae9-4136-b70a-2caf3716fa7f
2019-09-25 07:05:00,218 [24bf2945-a329-4da6-aaf2-23ecd8d462c6@group-23572328021B:LeaderElection146] INFO  impl.LeaderElection (LeaderElection.java:askForVotes(182)) - 24bf2945-a329-4da6-aaf2-23ecd8d462c6@group-23572328021B:LeaderElection146: begin an election at term 1 for -1: [24bf2945-a329-4da6-aaf2-23ecd8d462c6:192.168.30.10:42867], old=null
2019-09-25 07:05:00,111 [62ec8eb9-3ae9-4136-b70a-2caf3716fa7f@group-B4D0C3973801:LeaderElection131] INFO  server.RaftServerConfigKeys (ConfUtils.java:logGet(43)) - raft.server.watch.element-limit = 65536 (default)
2019-09-25 07:05:00,218 [24bf2945-a329-4da6-aaf2-23ecd8d462c6@group-258FC0DA5C42:LeaderElection120] INFO  impl.RaftServerImpl (RaftServerImpl.java:setRole(174)) - 24bf2945-a329-4da6-aaf2-23ecd8d462c6@group-258FC0DA5C42: changes role from CANDIDATE to FOLLOWER at term 1 for DISCOVERED_A_NEW_TERM
2019-09-25 07:05:00,218 [24bf2945-a329-4da6-aaf2-23ecd8d462c6@group-924297F06423:LeaderElection150] INFO  impl.LeaderElection (LeaderElection.java:askForVotes(182)) - 24bf2945-a329-4da6-aaf2-23ecd8d462c6@group-924297F06423:LeaderElection150: begin an election at term 1 for -1: [24bf2945-a329-4da6-aaf2-23ecd8d462c6:192.168.30.10:42867], old=null
2019-09-25 07:05:00,218 [24bf2945-a329-4da6-aaf2-23ecd8d462c6@group-23572328021B:LeaderElection146] INFO  impl.RoleInfo (RoleInfo.java:shutdownLeaderElection(134)) - 24bf2945-a329-4da6-aaf2-23ecd8d462c6: shutdown LeaderElection
2019-09-25 07:05:00,218 [62ec8eb9-3ae9-4136-b70a-2caf3716fa7f@group-34589095EC66:LeaderElection136] INFO  impl.LeaderElection (LeaderElection.java:askForVotes(182)) - 62ec8eb9-3ae9-4136-b70a-2caf3716fa7f@group-34589095EC66:LeaderElection136: begin an election at term 1 for -1: [62ec8eb9-3ae9-4136-b70a-2caf3716fa7f:192.168.30.10:44715], old=null
2019-09-25 07:05:00,218 [e568d23f-199e-48ce-91e4-5c166e2e97cd@group-8E2ACE353EEA:LeaderElection145] INFO  impl.LeaderElection (LeaderElection.java:askForVotes(182)) - e568d23f-199e-48ce-91e4-5c166e2e97cd@group-8E2ACE353EEA:LeaderElection145: begin an election at term 1 for -1: [e568d23f-199e-48ce-91e4-5c166e2e97cd:192.168.30.10:42827], old=null
2019-09-25 07:05:00,218 [e568d23f-199e-48ce-91e4-5c166e2e97cd@group-9B8AC22ECFDA:LeaderElection129] INFO  impl.LeaderElection (LeaderElection.java:askForVotes(182)) - e568d23f-199e-48ce-91e4-5c166e2e97cd@group-9B8AC22ECFDA:LeaderElection129: begin an election at term 1 for -1: [e568d23f-199e-48ce-91e4-5c166e2e97cd:192.168.30.10:42827], old=null
2019-09-25 07:05:00,218 [62ec8eb9-3ae9-4136-b70a-2caf3716fa7f@group-D904831A97FC-SegmentedRaftLogWorker] INFO  impl.RoleInfo (RoleInfo.java:shutdownLeaderState(104)) - 62ec8eb9-3ae9-4136-b70a-2caf3716fa7f: shutdown LeaderState
2019-09-25 07:05:00,218 [e568d23f-199e-48ce-91e4-5c166e2e97cd@group-927145DE84C6:LeaderElection138] INFO  impl.LeaderElection (LeaderElection.java:askForVotes(182)) - e568d23f-199e-48ce-91e4-5c166e2e97cd@group-927145DE84C6:LeaderElection138: begin an election at term 1 for -1: [e568d23f-199e-48ce-91e4-5c166e2e97cd:192.168.30.10:42827], old=null
2019-09-25 07:05:00,218 [62ec8eb9-3ae9-4136-b70a-2caf3716fa7f@group-E547958F4AD8-SegmentedRaftLogWorker] INFO  impl.PendingRequests (PendingRequests.java:sendNotLeaderResponses(202)) - 62ec8eb9-3ae9-4136-b70a-2caf3716fa7f-PendingRequests: sendNotLeaderResponses
2019-09-25 07:05:00,218 [62ec8eb9-3ae9-4136-b70a-2caf3716fa7f@group-E582315BD891:LeaderElection149] INFO  impl.LeaderElection (LeaderElection.java:askForVotes(182)) - 62ec8eb9-3ae9-4136-b70a-2caf3716fa7f@group-E582315BD891:LeaderElection149: begin an election at term 1 for -1: [62ec8eb9-3ae9-4136-b70a-2caf3716fa7f:192.168.30.10:44715], old=null
2019-09-25 07:05:00,217 [e568d23f-199e-48ce-91e4-5c166e2e97cd@group-712AED870590:LeaderElection133] INFO  impl.LeaderElection (LeaderElection.java:askForVotes(182)) - e568d23f-199e-48ce-91e4-5c166e2e97cd@group-712AED870590:LeaderElection133: begin an election at term 1 for -1: [e568d23f-199e-48ce-91e4-5c166e2e97cd:192.168.30.10:42827], old=null
2019-09-25 07:05:00,220 [62ec8eb9-3ae9-4136-b70a-2caf3716fa7f@group-E582315BD891:LeaderElection149] INFO  impl.RoleInfo (RoleInfo.java:shutdownLeaderElection(134)) - 62ec8eb9-3ae9-4136-b70a-2caf3716fa7f: shutdown LeaderElection
2019-09-25 07:05:00,217 [24bf2945-a329-4da6-aaf2-23ecd8d462c6@group-96B88C982F86:LeaderElection135] INFO  impl.LeaderElection (LeaderElection.java:askForVotes(182)) - 24bf2945-a329-4da6-aaf2-23ecd8d462c6@group-96B88C982F86:LeaderElection135: begin an election at term 1 for -1: [24bf2945-a329-4da6-aaf2-23ecd8d462c6:192.168.30.10:42867], old=null
2019-09-25 07:05:00,217 [24bf2945-a329-4da6-aaf2-23ecd8d462c6@group-BCAD19D2ACA2:LeaderElection134] INFO  impl.LeaderElection (LeaderElection.java:askForVotes(182)) - 24bf2945-a329-4da6-aaf2-23ecd8d462c6@group-BCAD19D2ACA2:LeaderElection134: begin an election at term 1 for -1: [24bf2945-a329-4da6-aaf2-23ecd8d462c6:192.168.30.10:42867], old=null
2019-09-25 07:05:00,217 [e568d23f-199e-48ce-91e4-5c166e2e97cd@group-3E36BA650D7B:LeaderElection132] INFO  impl.LeaderElection (LeaderElection.java:askForVotes(182)) - e568d23f-199e-48ce-91e4-5c166e2e97cd@group-3E36BA650D7B:LeaderElection132: begin an election at term 1 for -1: [e568d23f-199e-48ce-91e4-5c166e2e97cd:192.168.30.10:42827], old=null
2019-09-25 07:05:00,217 [62ec8eb9-3ae9-4136-b70a-2caf3716fa7f@group-2E596BF0304E:LeaderElection137] INFO  impl.LeaderElection (LeaderElection.java:askForVotes(182)) - 62ec8eb9-3ae9-4136-b70a-2caf3716fa7f@group-2E596BF0304E:LeaderElection137: begin an election at term 1 for -1: [62ec8eb9-3ae9-4136-b70a-2caf3716fa7f:192.168.30.10:44715], old=null
2019-09-25 07:05:00,217 [62ec8eb9-3ae9-4136-b70a-2caf3716fa7f@group-18831A278447:LeaderElection141] INFO  impl.LeaderElection (LeaderElection.java:askForVotes(182)) - 62ec8eb9-3ae9-4136-b70a-2caf3716fa7f@group-18831A278447:LeaderElection141: begin an election at term 1 for -1: [62ec8eb9-3ae9-4136-b70a-2caf3716fa7f:192.168.30.10:44715], old=null
2019-09-25 07:05:00,217 [e568d23f-199e-48ce-91e4-5c166e2e97cd@group-EC8A69775D8E:LeaderElection124] INFO  impl.LeaderElection (LeaderElection.java:askForVotes(182)) - e568d23f-199e-48ce-91e4-5c166e2e97cd@group-EC8A69775D8E:LeaderElection124: begin an election at term 1 for -1: [e568d23f-199e-48ce-91e4-5c166e2e97cd:192.168.30.10:42827], old=null
2019-09-25 07:05:00,221 [e568d23f-199e-48ce-91e4-5c166e2e97cd@group-EC8A69775D8E:LeaderElection124] INFO  impl.RoleInfo (RoleInfo.java:shutdownLeaderElection(134)) - e568d23f-199e-48ce-91e4-5c166e2e97cd: shutdown LeaderElection
2019-09-25 07:05:00,217 [24bf2945-a329-4da6-aaf2-23ecd8d462c6@group-D2BB2F6B7057:LeaderElection125] INFO  impl.LeaderElection (LeaderElection.java:askForVotes(182)) - 24bf2945-a329-4da6-aaf2-23ecd8d462c6@group-D2BB2F6B7057:LeaderElection125: begin an election at term 1 for -1: [24bf2945-a329-4da6-aaf2-23ecd8d462c6:192.168.30.10:42867], old=null
2019-09-25 07:05:00,217 [24bf2945-a329-4da6-aaf2-23ecd8d462c6@group-6CCE13CCC209:LeaderElection126] INFO  impl.LeaderElection (LeaderElection.java:askForVotes(182)) - 24bf2945-a329-4da6-aaf2-23ecd8d462c6@group-6CCE13CCC209:LeaderElection126: begin an election at term 1 for -1: [24bf2945-a329-4da6-aaf2-23ecd8d462c6:192.168.30.10:42867], old=null
2019-09-25 07:05:00,217 [24bf2945-a329-4da6-aaf2-23ecd8d462c6@group-6B6043C7F4B7:LeaderElection140] INFO  impl.LeaderElection (LeaderElection.java:askForVotes(182)) - 24bf2945-a329-4da6-aaf2-23ecd8d462c6@group-6B6043C7F4B7:LeaderElection140: begin an election at term 1 for -1: [24bf2945-a329-4da6-aaf2-23ecd8d462c6:192.168.30.10:42867], old=null
2019-09-25 07:05:00,217 [62ec8eb9-3ae9-4136-b70a-2caf3716fa7f@group-2F45C8EEFF22:LeaderElection128] INFO  impl.LeaderElection (LeaderElection.java:askForVotes(182)) - 62ec8eb9-3ae9-4136-b70a-2caf3716fa7f@group-2F45C8EEFF22:LeaderElection128: begin an election at term 1 for -1: [62ec8eb9-3ae9-4136-b70a-2caf3716fa7f:192.168.30.10:44715], old=null
2019-09-25 07:05:00,217 [e568d23f-199e-48ce-91e4-5c166e2e97cd@group-63D2AA3E0585:LeaderElection143] INFO  impl.LeaderElection (LeaderElection.java:askForVotes(182)) - e568d23f-199e-48ce-91e4-5c166e2e97cd@group-63D2AA3E0585:LeaderElection143: begin an election at term 1 for -1: [e568d23f-199e-48ce-91e4-5c166e2e97cd:192.168.30.10:42827], old=null
2019-09-25 07:05:00,217 [24bf2945-a329-4da6-aaf2-23ecd8d462c6@group-DFD88B075CEC:LeaderElection148] INFO  impl.LeaderElection (LeaderElection.java:askForVotes(182)) - 24bf2945-a329-4da6-aaf2-23ecd8d462c6@group-DFD88B075CEC:LeaderElection148: begin an election at term 1 for -1: [24bf2945-a329-4da6-aaf2-23ecd8d462c6:192.168.30.10:42867], old=null
2019-09-25 07:05:00,217 [62ec8eb9-3ae9-4136-b70a-2caf3716fa7f@group-C940C511D282:LeaderElection127] INFO  impl.LeaderElection (LeaderElection.java:askForVotes(182)) - 62ec8eb9-3ae9-4136-b70a-2caf3716fa7f@group-C940C511D282:LeaderElection127: begin an election at term 1 for -1: [62ec8eb9-3ae9-4136-b70a-2caf3716fa7f:192.168.30.10:44715], old=null
2019-09-25 07:05:00,217 [62ec8eb9-3ae9-4136-b70a-2caf3716fa7f@group-8BD09226B55A:LeaderElection147] INFO  impl.LeaderElection (LeaderElection.java:askForVotes(182)) - 62ec8eb9-3ae9-4136-b70a-2caf3716fa7f@group-8BD09226B55A:LeaderElection147: begin an election at term 1 for -1: [62ec8eb9-3ae9-4136-b70a-2caf3716fa7f:192.168.30.10:44715], old=null
2019-09-25 07:05:00,222 [62ec8eb9-3ae9-4136-b70a-2caf3716fa7f@group-DC60A5138291:LeaderElection142] INFO  impl.LeaderElection (LeaderElection.java:askForVotes(182)) - 62ec8eb9-3ae9-4136-b70a-2caf3716fa7f@group-DC60A5138291:LeaderElection142: begin an election at term 1 for -1: [62ec8eb9-3ae9-4136-b70a-2caf3716fa7f:192.168.30.10:44715], old=null
2019-09-25 07:05:00,210 [62ec8eb9-3ae9-4136-b70a-2caf3716fa7f@group-49C0B3A0D615:LeaderElection139] INFO  impl.LeaderElection (LeaderElection.java:askForVotes(182)) - 62ec8eb9-3ae9-4136-b70a-2caf3716fa7f@group-49C0B3A0D615:LeaderElection139: begin an election at term 1 for -1: [62ec8eb9-3ae9-4136-b70a-2caf3716fa7f:192.168.30.10:44715], old=null
2019-09-25 07:05:00,200 [62ec8eb9-3ae9-4136-b70a-2caf3716fa7f@group-3A316764445C:LeaderElection144] INFO  impl.LeaderElection (LeaderElection.java:askForVotes(182)) - 62ec8eb9-3ae9-4136-b70a-2caf3716fa7f@group-3A316764445C:LeaderElection144: begin an election at term 1 for -1: [62ec8eb9-3ae9-4136-b70a-2caf3716fa7f:192.168.30.10:44715], old=null
2019-09-25 07:05:00,184 [24bf2945-a329-4da6-aaf2-23ecd8d462c6@group-16D434BC82E0:LeaderElection130] INFO  impl.RoleInfo (RoleInfo.java:shutdownLeaderElection(134)) - 24bf2945-a329-4da6-aaf2-23ecd8d462c6: shutdown LeaderElection
2019-09-25 07:05:00,111 [e568d23f-199e-48ce-91e4-5c166e2e97cd@group-6D5E2718846D-SegmentedRaftLogWorker] INFO  util.JmxRegister (JmxRegister.java:unregister(73)) - Successfully un-registered JMX Bean with object name Ratis:service=RaftServer,group=group-6D5E2718846D,id=e568d23f-199e-48ce-91e4-5c166e2e97cd
2019-09-25 07:05:00,223 [24bf2945-a329-4da6-aaf2-23ecd8d462c6@group-16D434BC82E0:LeaderElection130] INFO  impl.RaftServerImpl (RaftServerImpl.java:setRole(174)) - 24bf2945-a329-4da6-aaf2-23ecd8d462c6@group-16D434BC82E0: changes role from CANDIDATE to LEADER at term 1 for changeToLeader
2019-09-25 07:05:00,223 [62ec8eb9-3ae9-4136-b70a-2caf3716fa7f@group-3A316764445C:LeaderElection144] INFO  impl.RoleInfo (RoleInfo.java:shutdownLeaderElection(134)) - 62ec8eb9-3ae9-4136-b70a-2caf3716fa7f: shutdown LeaderElection
2019-09-25 07:05:00,222 [62ec8eb9-3ae9-4136-b70a-2caf3716fa7f@group-49C0B3A0D615:LeaderElection139] INFO  impl.RoleInfo (RoleInfo.java:shutdownLeaderElection(134)) - 62ec8eb9-3ae9-4136-b70a-2caf3716fa7f: shutdown LeaderElection
2019-09-25 07:05:00,223 [62ec8eb9-3ae9-4136-b70a-2caf3716fa7f@group-49C0B3A0D615:LeaderElection139] INFO  impl.RaftServerImpl (RaftServerImpl.java:setRole(174)) - 62ec8eb9-3ae9-4136-b70a-2caf3716fa7f@group-49C0B3A0D615: changes role from CANDIDATE to LEADER at term 1 for changeToLeader
2019-09-25 07:05:00,222 [62ec8eb9-3ae9-4136-b70a-2caf3716fa7f@group-DC60A5138291:LeaderElection142] INFO  impl.RoleInfo (RoleInfo.java:shutdownLeaderElection(134)) - 62ec8eb9-3ae9-4136-b70a-2caf3716fa7f: shutdown LeaderElection
2019-09-25 07:05:00,222 [62ec8eb9-3ae9-4136-b70a-2caf3716fa7f@group-8BD09226B55A:LeaderElection147] INFO  impl.RoleInfo (RoleInfo.java:shutdownLeaderElection(134)) - 62ec8eb9-3ae9-4136-b70a-2caf3716fa7f: shutdown LeaderElection
2019-09-25 07:05:00,222 [24bf2945-a329-4da6-aaf2-23ecd8d462c6@group-2742ADE52F95:LeaderElection151] INFO  impl.LeaderElection (LeaderElection.java:askForVotes(182)) - 24bf2945-a329-4da6-aaf2-23ecd8d462c6@group-2742ADE52F95:LeaderElection151: begin an election at term 1 for -1: [24bf2945-a329-4da6-aaf2-23ecd8d462c6:192.168.30.10:42867], old=null
2019-09-25 07:05:00,222 [62ec8eb9-3ae9-4136-b70a-2caf3716fa7f@group-52492DA1CE05:LeaderElection152] INFO  impl.LeaderElection (LeaderElection.java:askForVotes(182)) - 62ec8eb9-3ae9-4136-b70a-2caf3716fa7f@group-52492DA1CE05:LeaderElection152: begin an election at term 1 for -1: [62ec8eb9-3ae9-4136-b70a-2caf3716fa7f:192.168.30.10:44715], old=null
2019-09-25 07:05:00,222 [62ec8eb9-3ae9-4136-b70a-2caf3716fa7f@group-C940C511D282:LeaderElection127] INFO  impl.RoleInfo (RoleInfo.java:shutdownLeaderElection(134)) - 62ec8eb9-3ae9-4136-b70a-2caf3716fa7f: shutdown LeaderElection
2019-09-25 07:05:00,222 [24bf2945-a329-4da6-aaf2-23ecd8d462c6@group-DFD88B075CEC:LeaderElection148] INFO  impl.RoleInfo (RoleInfo.java:shutdownLeaderElection(134)) - 24bf2945-a329-4da6-aaf2-23ecd8d462c6: shutdown LeaderElection
2019-09-25 07:05:00,222 [e568d23f-199e-48ce-91e4-5c166e2e97cd@group-63D2AA3E0585:LeaderElection143] INFO  impl.RoleInfo (RoleInfo.java:shutdownLeaderElection(134)) - e568d23f-199e-48ce-91e4-5c166e2e97cd: shutdown LeaderElection
2019-09-25 07:05:00,224 [e568d23f-199e-48ce-91e4-5c166e2e97cd@group-63D2AA3E0585:LeaderElection143] INFO  impl.RaftServerImpl (RaftServerImpl.java:setRole(174)) - e568d23f-199e-48ce-91e4-5c166e2e97cd@group-63D2AA3E0585: changes role from CANDIDATE to LEADER at term 1 for changeToLeader
2019-09-25 07:05:00,222 [62ec8eb9-3ae9-4136-b70a-2caf3716fa7f@group-2F45C8EEFF22:LeaderElection128] INFO  impl.RoleInfo (RoleInfo.java:shutdownLeaderElection(134)) - 62ec8eb9-3ae9-4136-b70a-2caf3716fa7f: shutdown LeaderElection
2019-09-25 07:05:00,221 [24bf2945-a329-4da6-aaf2-23ecd8d462c6@group-6B6043C7F4B7:LeaderElection140] INFO  impl.RoleInfo (RoleInfo.java:shutdownLeaderElection(134)) - 24bf2945-a329-4da6-aaf2-23ecd8d462c6: shutdown LeaderElection
2019-09-25 07:05:00,221 [24bf2945-a329-4da6-aaf2-23ecd8d462c6@group-6CCE13CCC209:LeaderElection126] INFO  impl.RoleInfo (RoleInfo.java:shutdownLeaderElection(134)) - 24bf2945-a329-4da6-aaf2-23ecd8d462c6: shutdown LeaderElection
2019-09-25 07:05:00,221 [24bf2945-a329-4da6-aaf2-23ecd8d462c6@group-D2BB2F6B7057:LeaderElection125] INFO  impl.RoleInfo (RoleInfo.java:shutdownLeaderElection(134)) - 24bf2945-a329-4da6-aaf2-23ecd8d462c6: shutdown LeaderElection
2019-09-25 07:05:00,221 [e568d23f-199e-48ce-91e4-5c166e2e97cd@group-EC8A69775D8E:LeaderElection124] INFO  impl.RaftServerImpl (RaftServerImpl.java:setRole(174)) - e568d23f-199e-48ce-91e4-5c166e2e97cd@group-EC8A69775D8E: changes role from CANDIDATE to LEADER at term 1 for changeToLeader
2019-09-25 07:05:00,221 [62ec8eb9-3ae9-4136-b70a-2caf3716fa7f@group-18831A278447:LeaderElection141] INFO  impl.RoleInfo (RoleInfo.java:shutdownLeaderElection(134)) - 62ec8eb9-3ae9-4136-b70a-2caf3716fa7f: shutdown LeaderElection
2019-09-25 07:05:00,221 [62ec8eb9-3ae9-4136-b70a-2caf3716fa7f@group-2E596BF0304E:LeaderElection137] INFO  impl.RoleInfo (RoleInfo.java:shutdownLeaderElection(134)) - 62ec8eb9-3ae9-4136-b70a-2caf3716fa7f: shutdown LeaderElection
2019-09-25 07:05:00,220 [e568d23f-199e-48ce-91e4-5c166e2e97cd@group-3E36BA650D7B:LeaderElection132] INFO  impl.RoleInfo (RoleInfo.java:shutdownLeaderElection(134)) - e568d23f-199e-48ce-91e4-5c166e2e97cd: shutdown LeaderElection
2019-09-25 07:05:00,220 [24bf2945-a329-4da6-aaf2-23ecd8d462c6@group-BCAD19D2ACA2:LeaderElection134] INFO  impl.RoleInfo (RoleInfo.java:shutdownLeaderElection(134)) - 24bf2945-a329-4da6-aaf2-23ecd8d462c6: shutdown LeaderElection
2019-09-25 07:05:00,220 [24bf2945-a329-4da6-aaf2-23ecd8d462c6@group-96B88C982F86:LeaderElection135] INFO  impl.RoleInfo (RoleInfo.java:shutdownLeaderElection(134)) - 24bf2945-a329-4da6-aaf2-23ecd8d462c6: shutdown LeaderElection
2019-09-25 07:05:00,220 [62ec8eb9-3ae9-4136-b70a-2caf3716fa7f@group-E582315BD891:LeaderElection149] INFO  impl.RaftServerImpl (RaftServerImpl.java:setRole(174)) - 62ec8eb9-3ae9-4136-b70a-2caf3716fa7f@group-E582315BD891: changes role from CANDIDATE to LEADER at term 1 for changeToLeader
2019-09-25 07:05:00,220 [e568d23f-199e-48ce-91e4-5c166e2e97cd@group-712AED870590:LeaderElection133] INFO  impl.RoleInfo (RoleInfo.java:shutdownLeaderElection(134)) - e568d23f-199e-48ce-91e4-5c166e2e97cd: shutdown LeaderElection
2019-09-25 07:05:00,220 [62ec8eb9-3ae9-4136-b70a-2caf3716fa7f@group-E547958F4AD8-SegmentedRaftLogWorker] INFO  impl.StateMachineUpdater (StateMachineUpdater.java:stopAndJoin(125)) - 62ec8eb9-3ae9-4136-b70a-2caf3716fa7f@group-E547958F4AD8-StateMachineUpdater: set stopIndex = -1
2019-09-25 07:05:00,226 [62ec8eb9-3ae9-4136-b70a-2caf3716fa7f@group-E547958F4AD8-SegmentedRaftLogWorker] INFO  impl.RaftServerImpl (ServerState.java:close(385)) - 62ec8eb9-3ae9-4136-b70a-2caf3716fa7f@group-E547958F4AD8: closes. applyIndex: -1
2019-09-25 07:05:00,219 [e568d23f-199e-48ce-91e4-5c166e2e97cd@group-927145DE84C6:LeaderElection138] INFO  impl.RoleInfo (RoleInfo.java:shutdownLeaderElection(134)) - e568d23f-199e-48ce-91e4-5c166e2e97cd: shutdown LeaderElection
2019-09-25 07:05:00,219 [grpc-default-executor-5] INFO  impl.RaftServerProxy (RaftServerProxy.java:addNew(89)) - e568d23f-199e-48ce-91e4-5c166e2e97cd: addNew group-E6F9350C10F4:[24bf2945-a329-4da6-aaf2-23ecd8d462c6:192.168.30.10:42867, e568d23f-199e-48ce-91e4-5c166e2e97cd:192.168.30.10:42827, 62ec8eb9-3ae9-4136-b70a-2caf3716fa7f:192.168.30.10:44715] returns group-E6F9350C10F4:java.util.concurrent.CompletableFuture@669b85a1[Not completed]
2019-09-25 07:05:00,219 [62ec8eb9-3ae9-4136-b70a-2caf3716fa7f@group-D904831A97FC-SegmentedRaftLogWorker] INFO  impl.PendingRequests (PendingRequests.java:sendNotLeaderResponses(202)) - 62ec8eb9-3ae9-4136-b70a-2caf3716fa7f-PendingRequests: sendNotLeaderResponses
2019-09-25 07:05:00,219 [e568d23f-199e-48ce-91e4-5c166e2e97cd@group-9B8AC22ECFDA:LeaderElection129] INFO  impl.RoleInfo (RoleInfo.java:shutdownLeaderElection(134)) - e568d23f-199e-48ce-91e4-5c166e2e97cd: shutdown LeaderElection
2019-09-25 07:05:00,219 [e568d23f-199e-48ce-91e4-5c166e2e97cd@group-8E2ACE353EEA:LeaderElection145] INFO  impl.RoleInfo (RoleInfo.java:shutdownLeaderElection(134)) - e568d23f-199e-48ce-91e4-5c166e2e97cd: shutdown LeaderElection
2019-09-25 07:05:00,219 [62ec8eb9-3ae9-4136-b70a-2caf3716fa7f@group-34589095EC66:LeaderElection136] INFO  impl.RoleInfo (RoleInfo.java:shutdownLeaderElection(134)) - 62ec8eb9-3ae9-4136-b70a-2caf3716fa7f: shutdown LeaderElection
2019-09-25 07:05:00,219 [24bf2945-a329-4da6-aaf2-23ecd8d462c6@group-23572328021B:LeaderElection146] INFO  impl.RaftServerImpl (RaftServerImpl.java:setRole(174)) - 24bf2945-a329-4da6-aaf2-23ecd8d462c6@group-23572328021B: changes role from CANDIDATE to LEADER at term 1 for changeToLeader
2019-09-25 07:05:00,218 [24bf2945-a329-4da6-aaf2-23ecd8d462c6@group-924297F06423:LeaderElection150] INFO  impl.RoleInfo (RoleInfo.java:shutdownLeaderElection(134)) - 24bf2945-a329-4da6-aaf2-23ecd8d462c6: shutdown LeaderElection
2019-09-25 07:05:00,218 [24bf2945-a329-4da6-aaf2-23ecd8d462c6@group-258FC0DA5C42:LeaderElection120] INFO  impl.RoleInfo (RoleInfo.java:shutdownLeaderElection(134)) - 24bf2945-a329-4da6-aaf2-23ecd8d462c6: shutdown LeaderElection
2019-09-25 07:05:00,228 [24bf2945-a329-4da6-aaf2-23ecd8d462c6@group-924297F06423:LeaderElection150] INFO  impl.RaftServerImpl (RaftServerImpl.java:setRole(174)) - 24bf2945-a329-4da6-aaf2-23ecd8d462c6@group-924297F06423: changes role from CANDIDATE to LEADER at term 1 for changeToLeader
2019-09-25 07:05:00,228 [24bf2945-a329-4da6-aaf2-23ecd8d462c6@group-23572328021B:LeaderElection146] INFO  impl.RaftServerImpl (ServerState.java:setLeader(253)) - 24bf2945-a329-4da6-aaf2-23ecd8d462c6@group-23572328021B: change Leader from null to 24bf2945-a329-4da6-aaf2-23ecd8d462c6 at term 1 for becomeLeader, leader elected after 12085ms
2019-09-25 07:05:00,227 [62ec8eb9-3ae9-4136-b70a-2caf3716fa7f@group-34589095EC66:LeaderElection136] INFO  impl.RaftServerImpl (RaftServerImpl.java:setRole(174)) - 62ec8eb9-3ae9-4136-b70a-2caf3716fa7f@group-34589095EC66: changes role from CANDIDATE to LEADER at term 1 for changeToLeader
2019-09-25 07:05:00,227 [e568d23f-199e-48ce-91e4-5c166e2e97cd@group-8E2ACE353EEA:LeaderElection145] INFO  impl.RaftServerImpl (RaftServerImpl.java:setRole(174)) - e568d23f-199e-48ce-91e4-5c166e2e97cd@group-8E2ACE353EEA: changes role from CANDIDATE to LEADER at term 1 for changeToLeader
2019-09-25 07:05:00,227 [e568d23f-199e-48ce-91e4-5c166e2e97cd@group-9B8AC22ECFDA:LeaderElection129] INFO  impl.RaftServerImpl (RaftServerImpl.java:setRole(174)) - e568d23f-199e-48ce-91e4-5c166e2e97cd@group-9B8AC22ECFDA: changes role from CANDIDATE to LEADER at term 1 for changeToLeader
2019-09-25 07:05:00,227 [62ec8eb9-3ae9-4136-b70a-2caf3716fa7f@group-D904831A97FC-SegmentedRaftLogWorker] INFO  impl.StateMachineUpdater (StateMachineUpdater.java:stopAndJoin(125)) - 62ec8eb9-3ae9-4136-b70a-2caf3716fa7f@group-D904831A97FC-StateMachineUpdater: set stopIndex = -1
2019-09-25 07:05:00,227 [e568d23f-199e-48ce-91e4-5c166e2e97cd@group-927145DE84C6:LeaderElection138] INFO  impl.RaftServerImpl (RaftServerImpl.java:setRole(174)) - e568d23f-199e-48ce-91e4-5c166e2e97cd@group-927145DE84C6: changes role from CANDIDATE to LEADER at term 1 for changeToLeader
2019-09-25 07:05:00,227 [62ec8eb9-3ae9-4136-b70a-2caf3716fa7f@group-E547958F4AD8-SegmentedRaftLogWorker] INFO  segmented.SegmentedRaftLogWorker (SegmentedRaftLogWorker.java:close(228)) - 62ec8eb9-3ae9-4136-b70a-2caf3716fa7f@group-E547958F4AD8-SegmentedRaftLogWorker close()
2019-09-25 07:05:00,226 [e568d23f-199e-48ce-91e4-5c166e2e97cd@group-712AED870590:LeaderElection133] INFO  impl.RaftServerImpl (RaftServerImpl.java:setRole(174)) - e568d23f-199e-48ce-91e4-5c166e2e97cd@group-712AED870590: changes role from CANDIDATE to LEADER at term 1 for changeToLeader
2019-09-25 07:05:00,226 [62ec8eb9-3ae9-4136-b70a-2caf3716fa7f@group-E582315BD891:LeaderElection149] INFO  impl.RaftServerImpl (ServerState.java:setLeader(253)) - 62ec8eb9-3ae9-4136-b70a-2caf3716fa7f@group-E582315BD891: change Leader from null to 62ec8eb9-3ae9-4136-b70a-2caf3716fa7f at term 1 for becomeLeader, leader elected after 7369ms
2019-09-25 07:05:00,226 [pool-47-thread-1] INFO  impl.RaftServerImpl (RaftServerImpl.java:<init>(95)) - 24bf2945-a329-4da6-aaf2-23ecd8d462c6: new RaftServerImpl for group-E6F9350C10F4:[24bf2945-a329-4da6-aaf2-23ecd8d462c6:192.168.30.10:42867, e568d23f-199e-48ce-91e4-5c166e2e97cd:192.168.30.10:42827, 62ec8eb9-3ae9-4136-b70a-2caf3716fa7f:192.168.30.10:44715] with ContainerStateMachine:uninitialized
2019-09-25 07:05:00,226 [24bf2945-a329-4da6-aaf2-23ecd8d462c6@group-96B88C982F86:LeaderElection135] INFO  impl.RaftServerImpl (RaftServerImpl.java:setRole(174)) - 24bf2945-a329-4da6-aaf2-23ecd8d462c6@group-96B88C982F86: changes role from CANDIDATE to LEADER at term 1 for changeToLeader
2019-09-25 07:05:00,226 [24bf2945-a329-4da6-aaf2-23ecd8d462c6@group-BCAD19D2ACA2:LeaderElection134] INFO  impl.RaftServerImpl (RaftServerImpl.java:setRole(174)) - 24bf2945-a329-4da6-aaf2-23ecd8d462c6@group-BCAD19D2ACA2: changes role from CANDIDATE to LEADER at term 1 for changeToLeader
2019-09-25 07:05:00,226 [e568d23f-199e-48ce-91e4-5c166e2e97cd@group-3E36BA650D7B:LeaderElection132] INFO  impl.RaftServerImpl (RaftServerImpl.java:setRole(174)) - e568d23f-199e-48ce-91e4-5c166e2e97cd@group-3E36BA650D7B: changes role from CANDIDATE to LEADER at term 1 for changeToLeader
2019-09-25 07:05:00,226 [62ec8eb9-3ae9-4136-b70a-2caf3716fa7f@group-2E596BF0304E:LeaderElection137] INFO  impl.RaftServerImpl (RaftServerImpl.java:setRole(174)) - 62ec8eb9-3ae9-4136-b70a-2caf3716fa7f@group-2E596BF0304E: changes role from CANDIDATE to LEADER at term 1 for changeToLeader
2019-09-25 07:05:00,225 [62ec8eb9-3ae9-4136-b70a-2caf3716fa7f@group-18831A278447:LeaderElection141] INFO  impl.RaftServerImpl (RaftServerImpl.java:setRole(174)) - 62ec8eb9-3ae9-4136-b70a-2caf3716fa7f@group-18831A278447: changes role from CANDIDATE to LEADER at term 1 for changeToLeader
2019-09-25 07:05:00,225 [e568d23f-199e-48ce-91e4-5c166e2e97cd@group-EC8A69775D8E:LeaderElection124] INFO  impl.RaftServerImpl (ServerState.java:setLeader(253)) - e568d23f-199e-48ce-91e4-5c166e2e97cd@group-EC8A69775D8E: change Leader from null to e568d23f-199e-48ce-91e4-5c166e2e97cd at term 1 for becomeLeader, leader elected after 8439ms
2019-09-25 07:05:00,235 [e568d23f-199e-48ce-91e4-5c166e2e97cd@group-EC8A69775D8E:LeaderElection124] INFO  server.RaftServerConfigKeys (ConfUtils.java:logGet(43)) - raft.server.staging.catchup.gap = 1000 (default)
2019-09-25 07:05:00,225 [24bf2945-a329-4da6-aaf2-23ecd8d462c6@group-D2BB2F6B7057:LeaderElection125] INFO  impl.RaftServerImpl (RaftServerImpl.java:setRole(174)) - 24bf2945-a329-4da6-aaf2-23ecd8d462c6@group-D2BB2F6B7057: changes role from CANDIDATE to LEADER at term 1 for changeToLeader
2019-09-25 07:05:00,225 [24bf2945-a329-4da6-aaf2-23ecd8d462c6@group-6CCE13CCC209:LeaderElection126] INFO  impl.RaftServerImpl (RaftServerImpl.java:setRole(174)) - 24bf2945-a329-4da6-aaf2-23ecd8d462c6@group-6CCE13CCC209: changes role from CANDIDATE to LEADER at term 1 for changeToLeader
2019-09-25 07:05:00,225 [24bf2945-a329-4da6-aaf2-23ecd8d462c6@group-6B6043C7F4B7:LeaderElection140] INFO  impl.RaftServerImpl (RaftServerImpl.java:setRole(174)) - 24bf2945-a329-4da6-aaf2-23ecd8d462c6@group-6B6043C7F4B7: changes role from CANDIDATE to LEADER at term 1 for changeToLeader
2019-09-25 07:05:00,225 [62ec8eb9-3ae9-4136-b70a-2caf3716fa7f@group-2F45C8EEFF22:LeaderElection128] INFO  impl.RaftServerImpl (RaftServerImpl.java:setRole(174)) - 62ec8eb9-3ae9-4136-b70a-2caf3716fa7f@group-2F45C8EEFF22: changes role from CANDIDATE to LEADER at term 1 for changeToLeader
2019-09-25 07:05:00,225 [pool-27-thread-1] INFO  impl.RaftServerImpl (RaftServerImpl.java:<init>(95)) - e568d23f-199e-48ce-91e4-5c166e2e97cd: new RaftServerImpl for group-E6F9350C10F4:[24bf2945-a329-4da6-aaf2-23ecd8d462c6:192.168.30.10:42867, e568d23f-199e-48ce-91e4-5c166e2e97cd:192.168.30.10:42827, 62ec8eb9-3ae9-4136-b70a-2caf3716fa7f:192.168.30.10:44715] with ContainerStateMachine:uninitialized
2019-09-25 07:05:00,225 [e568d23f-199e-48ce-91e4-5c166e2e97cd@group-63D2AA3E0585:LeaderElection143] INFO  impl.RaftServerImpl (ServerState.java:setLeader(253)) - e568d23f-199e-48ce-91e4-5c166e2e97cd@group-63D2AA3E0585: change Leader from null to e568d23f-199e-48ce-91e4-5c166e2e97cd at term 1 for becomeLeader, leader elected after 12039ms
2019-09-25 07:05:00,224 [24bf2945-a329-4da6-aaf2-23ecd8d462c6@group-DFD88B075CEC:LeaderElection148] INFO  impl.RaftServerImpl (RaftServerImpl.java:setRole(174)) - 24bf2945-a329-4da6-aaf2-23ecd8d462c6@group-DFD88B075CEC: changes role from CANDIDATE to LEADER at term 1 for changeToLeader
2019-09-25 07:05:00,224 [62ec8eb9-3ae9-4136-b70a-2caf3716fa7f@group-C940C511D282:LeaderElection127] INFO  impl.RaftServerImpl (RaftServerImpl.java:setRole(174)) - 62ec8eb9-3ae9-4136-b70a-2caf3716fa7f@group-C940C511D282: changes role from CANDIDATE to LEADER at term 1 for changeToLeader
2019-09-25 07:05:00,224 [62ec8eb9-3ae9-4136-b70a-2caf3716fa7f@group-52492DA1CE05:LeaderElection152] INFO  impl.RoleInfo (RoleInfo.java:shutdownLeaderElection(134)) - 62ec8eb9-3ae9-4136-b70a-2caf3716fa7f: shutdown LeaderElection
2019-09-25 07:05:00,224 [24bf2945-a329-4da6-aaf2-23ecd8d462c6@group-2742ADE52F95:LeaderElection151] INFO  impl.RoleInfo (RoleInfo.java:shutdownLeaderElection(134)) - 24bf2945-a329-4da6-aaf2-23ecd8d462c6: shutdown LeaderElection
2019-09-25 07:05:00,237 [24bf2945-a329-4da6-aaf2-23ecd8d462c6@group-2742ADE52F95:LeaderElection151] INFO  impl.RaftServerImpl (RaftServerImpl.java:setRole(174)) - 24bf2945-a329-4da6-aaf2-23ecd8d462c6@group-2742ADE52F95: changes role from CANDIDATE to LEADER at term 1 for changeToLeader
2019-09-25 07:05:00,224 [62ec8eb9-3ae9-4136-b70a-2caf3716fa7f@group-8BD09226B55A:LeaderElection147] INFO  impl.RaftServerImpl (RaftServerImpl.java:setRole(174)) - 62ec8eb9-3ae9-4136-b70a-2caf3716fa7f@group-8BD09226B55A: changes role from CANDIDATE to LEADER at term 1 for changeToLeader
2019-09-25 07:05:00,224 [62ec8eb9-3ae9-4136-b70a-2caf3716fa7f@group-DC60A5138291:LeaderElection142] INFO  impl.RaftServerImpl (RaftServerImpl.java:setRole(174)) - 62ec8eb9-3ae9-4136-b70a-2caf3716fa7f@group-DC60A5138291: changes role from CANDIDATE to LEADER at term 1 for changeToLeader
2019-09-25 07:05:00,237 [62ec8eb9-3ae9-4136-b70a-2caf3716fa7f@group-DC60A5138291:LeaderElection142] INFO  impl.RaftServerImpl (ServerState.java:setLeader(253)) - 62ec8eb9-3ae9-4136-b70a-2caf3716fa7f@group-DC60A5138291: change Leader from null to 62ec8eb9-3ae9-4136-b70a-2caf3716fa7f at term 1 for becomeLeader, leader elected after 7047ms
2019-09-25 07:05:00,223 [62ec8eb9-3ae9-4136-b70a-2caf3716fa7f@group-49C0B3A0D615:LeaderElection139] INFO  impl.RaftServerImpl (ServerState.java:setLeader(253)) - 62ec8eb9-3ae9-4136-b70a-2caf3716fa7f@group-49C0B3A0D615: change Leader from null to 62ec8eb9-3ae9-4136-b70a-2caf3716fa7f at term 1 for becomeLeader, leader elected after 11994ms
2019-09-25 07:05:00,223 [62ec8eb9-3ae9-4136-b70a-2caf3716fa7f@group-3A316764445C:LeaderElection144] INFO  impl.RaftServerImpl (RaftServerImpl.java:setRole(174)) - 62ec8eb9-3ae9-4136-b70a-2caf3716fa7f@group-3A316764445C: changes role from CANDIDATE to LEADER at term 1 for changeToLeader
2019-09-25 07:05:00,223 [24bf2945-a329-4da6-aaf2-23ecd8d462c6@group-16D434BC82E0:LeaderElection130] INFO  impl.RaftServerImpl (ServerState.java:setLeader(253)) - 24bf2945-a329-4da6-aaf2-23ecd8d462c6@group-16D434BC82E0: change Leader from null to 24bf2945-a329-4da6-aaf2-23ecd8d462c6 at term 1 for becomeLeader, leader elected after 7741ms
2019-09-25 07:05:00,223 [e568d23f-199e-48ce-91e4-5c166e2e97cd@group-6D5E2718846D-SegmentedRaftLogWorker] INFO  impl.RoleInfo (RoleInfo.java:shutdownLeaderState(104)) - e568d23f-199e-48ce-91e4-5c166e2e97cd: shutdown LeaderState
2019-09-25 07:05:00,237 [62ec8eb9-3ae9-4136-b70a-2caf3716fa7f@group-3A316764445C:LeaderElection144] INFO  impl.RaftServerImpl (ServerState.java:setLeader(253)) - 62ec8eb9-3ae9-4136-b70a-2caf3716fa7f@group-3A316764445C: change Leader from null to 62ec8eb9-3ae9-4136-b70a-2caf3716fa7f at term 1 for becomeLeader, leader elected after 12134ms
2019-09-25 07:05:00,238 [24bf2945-a329-4da6-aaf2-23ecd8d462c6@group-16D434BC82E0:LeaderElection130] INFO  server.RaftServerConfigKeys (ConfUtils.java:logGet(43)) - raft.server.staging.catchup.gap = 1000 (default)
2019-09-25 07:05:00,237 [62ec8eb9-3ae9-4136-b70a-2caf3716fa7f@group-49C0B3A0D615:LeaderElection139] INFO  server.RaftServerConfigKeys (ConfUtils.java:logGet(43)) - raft.server.staging.catchup.gap = 1000 (default)
2019-09-25 07:05:00,237 [62ec8eb9-3ae9-4136-b70a-2caf3716fa7f@group-DC60A5138291:LeaderElection142] INFO  server.RaftServerConfigKeys (ConfUtils.java:logGet(43)) - raft.server.staging.catchup.gap = 1000 (default)
2019-09-25 07:05:00,237 [62ec8eb9-3ae9-4136-b70a-2caf3716fa7f@group-8BD09226B55A:LeaderElection147] INFO  impl.RaftServerImpl (ServerState.java:setLeader(253)) - 62ec8eb9-3ae9-4136-b70a-2caf3716fa7f@group-8BD09226B55A: change Leader from null to 62ec8eb9-3ae9-4136-b70a-2caf3716fa7f at term 1 for becomeLeader, leader elected after 12074ms
2019-09-25 07:05:00,237 [24bf2945-a329-4da6-aaf2-23ecd8d462c6@group-2742ADE52F95:LeaderElection151] INFO  impl.RaftServerImpl (ServerState.java:setLeader(253)) - 24bf2945-a329-4da6-aaf2-23ecd8d462c6@group-2742ADE52F95: change Leader from null to 24bf2945-a329-4da6-aaf2-23ecd8d462c6 at term 1 for becomeLeader, leader elected after 7226ms
2019-09-25 07:05:00,237 [62ec8eb9-3ae9-4136-b70a-2caf3716fa7f@group-52492DA1CE05:LeaderElection152] INFO  impl.RaftServerImpl (RaftServerImpl.java:setRole(174)) - 62ec8eb9-3ae9-4136-b70a-2caf3716fa7f@group-52492DA1CE05: changes role from CANDIDATE to LEADER at term 1 for changeToLeader
2019-09-25 07:05:00,236 [62ec8eb9-3ae9-4136-b70a-2caf3716fa7f@group-C940C511D282:LeaderElection127] INFO  impl.RaftServerImpl (ServerState.java:setLeader(253)) - 62ec8eb9-3ae9-4136-b70a-2caf3716fa7f@group-C940C511D282: change Leader from null to 62ec8eb9-3ae9-4136-b70a-2caf3716fa7f at term 1 for becomeLeader, leader elected after 8137ms
2019-09-25 07:05:00,236 [24bf2945-a329-4da6-aaf2-23ecd8d462c6@group-DFD88B075CEC:LeaderElection148] INFO  impl.RaftServerImpl (ServerState.java:setLeader(253)) - 24bf2945-a329-4da6-aaf2-23ecd8d462c6@group-DFD88B075CEC: change Leader from null to 24bf2945-a329-4da6-aaf2-23ecd8d462c6 at term 1 for becomeLeader, leader elected after 7095ms
2019-09-25 07:05:00,236 [e568d23f-199e-48ce-91e4-5c166e2e97cd@group-63D2AA3E0585:LeaderElection143] INFO  server.RaftServerConfigKeys (ConfUtils.java:logGet(43)) - raft.server.staging.catchup.gap = 1000 (default)
2019-09-25 07:05:00,236 [pool-27-thread-1] INFO  server.RaftServerConfigKeys (ConfUtils.java:logGet(43)) - raft.server.rpc.timeout.min = 5s (custom)
2019-09-25 07:05:00,236 [62ec8eb9-3ae9-4136-b70a-2caf3716fa7f@group-2F45C8EEFF22:LeaderElection128] INFO  impl.RaftServerImpl (ServerState.java:setLeader(253)) - 62ec8eb9-3ae9-4136-b70a-2caf3716fa7f@group-2F45C8EEFF22: change Leader from null to 62ec8eb9-3ae9-4136-b70a-2caf3716fa7f at term 1 for becomeLeader, leader elected after 8310ms
2019-09-25 07:05:00,236 [24bf2945-a329-4da6-aaf2-23ecd8d462c6@group-6B6043C7F4B7:LeaderElection140] INFO  impl.RaftServerImpl (ServerState.java:setLeader(253)) - 24bf2945-a329-4da6-aaf2-23ecd8d462c6@group-6B6043C7F4B7: change Leader from null to 24bf2945-a329-4da6-aaf2-23ecd8d462c6 at term 1 for becomeLeader, leader elected after 7541ms
2019-09-25 07:05:00,235 [24bf2945-a329-4da6-aaf2-23ecd8d462c6@group-6CCE13CCC209:LeaderElection126] INFO  impl.RaftServerImpl (ServerState.java:setLeader(253)) - 24bf2945-a329-4da6-aaf2-23ecd8d462c6@group-6CCE13CCC209: change Leader from null to 24bf2945-a329-4da6-aaf2-23ecd8d462c6 at term 1 for becomeLeader, leader elected after 8090ms
2019-09-25 07:05:00,235 [24bf2945-a329-4da6-aaf2-23ecd8d462c6@group-D2BB2F6B7057:LeaderElection125] INFO  impl.RaftServerImpl (ServerState.java:setLeader(253)) - 24bf2945-a329-4da6-aaf2-23ecd8d462c6@group-D2BB2F6B7057: change Leader from null to 24bf2945-a329-4da6-aaf2-23ecd8d462c6 at term 1 for becomeLeader, leader elected after 8175ms
2019-09-25 07:05:00,235 [e568d23f-199e-48ce-91e4-5c166e2e97cd@group-EC8A69775D8E:LeaderElection124] INFO  server.RaftServerConfigKeys (ConfUtils.java:logGet(43)) - raft.server.rpc.sleep.time = 25ms (default)
2019-09-25 07:05:00,235 [62ec8eb9-3ae9-4136-b70a-2caf3716fa7f@group-18831A278447:LeaderElection141] INFO  impl.RaftServerImpl (ServerState.java:setLeader(253)) - 62ec8eb9-3ae9-4136-b70a-2caf3716fa7f@group-18831A278447: change Leader from null to 62ec8eb9-3ae9-4136-b70a-2caf3716fa7f at term 1 for becomeLeader, leader elected after 12171ms
2019-09-25 07:05:00,235 [62ec8eb9-3ae9-4136-b70a-2caf3716fa7f@group-2E596BF0304E:LeaderElection137] INFO  impl.RaftServerImpl (ServerState.java:setLeader(253)) - 62ec8eb9-3ae9-4136-b70a-2caf3716fa7f@group-2E596BF0304E: change Leader from null to 62ec8eb9-3ae9-4136-b70a-2caf3716fa7f at term 1 for becomeLeader, leader elected after 11985ms
2019-09-25 07:05:00,235 [e568d23f-199e-48ce-91e4-5c166e2e97cd@group-3E36BA650D7B:LeaderElection132] INFO  impl.RaftServerImpl (ServerState.java:setLeader(253)) - e568d23f-199e-48ce-91e4-5c166e2e97cd@group-3E36BA650D7B: change Leader from null to e568d23f-199e-48ce-91e4-5c166e2e97cd at term 1 for becomeLeader, leader elected after 7580ms
2019-09-25 07:05:00,234 [24bf2945-a329-4da6-aaf2-23ecd8d462c6@group-BCAD19D2ACA2:LeaderElection134] INFO  impl.RaftServerImpl (ServerState.java:setLeader(253)) - 24bf2945-a329-4da6-aaf2-23ecd8d462c6@group-BCAD19D2ACA2: change Leader from null to 24bf2945-a329-4da6-aaf2-23ecd8d462c6 at term 1 for becomeLeader, leader elected after 7662ms
2019-09-25 07:05:00,234 [24bf2945-a329-4da6-aaf2-23ecd8d462c6@group-96B88C982F86:LeaderElection135] INFO  impl.RaftServerImpl (ServerState.java:setLeader(253)) - 24bf2945-a329-4da6-aaf2-23ecd8d462c6@group-96B88C982F86: change Leader from null to 24bf2945-a329-4da6-aaf2-23ecd8d462c6 at term 1 for becomeLeader, leader elected after 7615ms
2019-09-25 07:05:00,234 [pool-47-thread-1] INFO  server.RaftServerConfigKeys (ConfUtils.java:logGet(43)) - raft.server.rpc.timeout.min = 5s (custom)
2019-09-25 07:05:00,234 [62ec8eb9-3ae9-4136-b70a-2caf3716fa7f@group-E582315BD891:LeaderElection149] INFO  server.RaftServerConfigKeys (ConfUtils.java:logGet(43)) - raft.server.staging.catchup.gap = 1000 (default)
2019-09-25 07:05:00,234 [e568d23f-199e-48ce-91e4-5c166e2e97cd@group-712AED870590:LeaderElection133] INFO  impl.RaftServerImpl (ServerState.java:setLeader(253)) - e568d23f-199e-48ce-91e4-5c166e2e97cd@group-712AED870590: change Leader from null to e568d23f-199e-48ce-91e4-5c166e2e97cd at term 1 for becomeLeader, leader elected after 7258ms
2019-09-25 07:05:00,229 [e568d23f-199e-48ce-91e4-5c166e2e97cd@group-927145DE84C6:LeaderElection138] INFO  impl.RaftServerImpl (ServerState.java:setLeader(253)) - e568d23f-199e-48ce-91e4-5c166e2e97cd@group-927145DE84C6: change Leader from null to e568d23f-199e-48ce-91e4-5c166e2e97cd at term 1 for becomeLeader, leader elected after 11935ms
2019-09-25 07:05:00,229 [62ec8eb9-3ae9-4136-b70a-2caf3716fa7f@group-D904831A97FC-SegmentedRaftLogWorker] INFO  impl.RaftServerImpl (ServerState.java:close(385)) - 62ec8eb9-3ae9-4136-b70a-2caf3716fa7f@group-D904831A97FC: closes. applyIndex: -1
2019-09-25 07:05:00,229 [e568d23f-199e-48ce-91e4-5c166e2e97cd@group-9B8AC22ECFDA:LeaderElection129] INFO  impl.RaftServerImpl (ServerState.java:setLeader(253)) - e568d23f-199e-48ce-91e4-5c166e2e97cd@group-9B8AC22ECFDA: change Leader from null to e568d23f-199e-48ce-91e4-5c166e2e97cd at term 1 for becomeLeader, leader elected after 8618ms
2019-09-25 07:05:00,241 [62ec8eb9-3ae9-4136-b70a-2caf3716fa7f@group-D904831A97FC-SegmentedRaftLogWorker] INFO  segmented.SegmentedRaftLogWorker (SegmentedRaftLogWorker.java:close(228)) - 62ec8eb9-3ae9-4136-b70a-2caf3716fa7f@group-D904831A97FC-SegmentedRaftLogWorker close()
2019-09-25 07:05:00,228 [e568d23f-199e-48ce-91e4-5c166e2e97cd@group-8E2ACE353EEA:LeaderElection145] INFO  impl.RaftServerImpl (ServerState.java:setLeader(253)) - e568d23f-199e-48ce-91e4-5c166e2e97cd@group-8E2ACE353EEA: change Leader from null to e568d23f-199e-48ce-91e4-5c166e2e97cd at term 1 for becomeLeader, leader elected after 12021ms
2019-09-25 07:05:00,228 [62ec8eb9-3ae9-4136-b70a-2caf3716fa7f@group-34589095EC66:LeaderElection136] INFO  impl.RaftServerImpl (ServerState.java:setLeader(253)) - 62ec8eb9-3ae9-4136-b70a-2caf3716fa7f@group-34589095EC66: change Leader from null to 62ec8eb9-3ae9-4136-b70a-2caf3716fa7f at term 1 for becomeLeader, leader elected after 7506ms
2019-09-25 07:05:00,228 [24bf2945-a329-4da6-aaf2-23ecd8d462c6@group-23572328021B:LeaderElection146] INFO  server.RaftServerConfigKeys (ConfUtils.java:logGet(43)) - raft.server.staging.catchup.gap = 1000 (default)
2019-09-25 07:05:00,228 [24bf2945-a329-4da6-aaf2-23ecd8d462c6@group-924297F06423:LeaderElection150] INFO  impl.RaftServerImpl (ServerState.java:setLeader(253)) - 24bf2945-a329-4da6-aaf2-23ecd8d462c6@group-924297F06423: change Leader from null to 24bf2945-a329-4da6-aaf2-23ecd8d462c6 at term 1 for becomeLeader, leader elected after 7292ms
2019-09-25 07:05:00,228 [24bf2945-a329-4da6-aaf2-23ecd8d462c6@group-258FC0DA5C42:LeaderElection120] INFO  impl.RoleInfo (RoleInfo.java:updateAndGet(143)) - 24bf2945-a329-4da6-aaf2-23ecd8d462c6: start FollowerState
2019-09-25 07:05:00,246 [24bf2945-a329-4da6-aaf2-23ecd8d462c6@group-924297F06423:LeaderElection150] INFO  server.RaftServerConfigKeys (ConfUtils.java:logGet(43)) - raft.server.staging.catchup.gap = 1000 (default)
2019-09-25 07:05:00,246 [24bf2945-a329-4da6-aaf2-23ecd8d462c6@group-23572328021B:LeaderElection146] INFO  server.RaftServerConfigKeys (ConfUtils.java:logGet(43)) - raft.server.rpc.sleep.time = 25ms (default)
2019-09-25 07:05:00,245 [62ec8eb9-3ae9-4136-b70a-2caf3716fa7f@group-34589095EC66:LeaderElection136] INFO  server.RaftServerConfigKeys (ConfUtils.java:logGet(43)) - raft.server.staging.catchup.gap = 1000 (default)
2019-09-25 07:05:00,245 [e568d23f-199e-48ce-91e4-5c166e2e97cd@group-8E2ACE353EEA:LeaderElection145] INFO  server.RaftServerConfigKeys (ConfUtils.java:logGet(43)) - raft.server.staging.catchup.gap = 1000 (default)
2019-09-25 07:05:00,242 [e568d23f-199e-48ce-91e4-5c166e2e97cd@group-9B8AC22ECFDA:LeaderElection129] INFO  server.RaftServerConfigKeys (ConfUtils.java:logGet(43)) - raft.server.staging.catchup.gap = 1000 (default)
2019-09-25 07:05:00,241 [e568d23f-199e-48ce-91e4-5c166e2e97cd@group-927145DE84C6:LeaderElection138] INFO  server.RaftServerConfigKeys (ConfUtils.java:logGet(43)) - raft.server.staging.catchup.gap = 1000 (default)
2019-09-25 07:05:00,241 [e568d23f-199e-48ce-91e4-5c166e2e97cd@group-712AED870590:LeaderElection133] INFO  server.RaftServerConfigKeys (ConfUtils.java:logGet(43)) - raft.server.staging.catchup.gap = 1000 (default)
2019-09-25 07:05:00,241 [62ec8eb9-3ae9-4136-b70a-2caf3716fa7f@group-E582315BD891:LeaderElection149] INFO  server.RaftServerConfigKeys (ConfUtils.java:logGet(43)) - raft.server.rpc.sleep.time = 25ms (default)
2019-09-25 07:05:00,241 [pool-47-thread-1] INFO  server.RaftServerConfigKeys (ConfUtils.java:logGet(43)) - raft.server.rpc.timeout.max = 5200ms (custom)
2019-09-25 07:05:00,241 [24bf2945-a329-4da6-aaf2-23ecd8d462c6@group-96B88C982F86:LeaderElection135] INFO  server.RaftServerConfigKeys (ConfUtils.java:logGet(43)) - raft.server.staging.catchup.gap = 1000 (default)
2019-09-25 07:05:00,241 [24bf2945-a329-4da6-aaf2-23ecd8d462c6@group-BCAD19D2ACA2:LeaderElection134] INFO  server.RaftServerConfigKeys (ConfUtils.java:logGet(43)) - raft.server.staging.catchup.gap = 1000 (default)
2019-09-25 07:05:00,240 [e568d23f-199e-48ce-91e4-5c166e2e97cd@group-3E36BA650D7B:LeaderElection132] INFO  server.RaftServerConfigKeys (ConfUtils.java:logGet(43)) - raft.server.staging.catchup.gap = 1000 (default)
2019-09-25 07:05:00,240 [62ec8eb9-3ae9-4136-b70a-2caf3716fa7f@group-2E596BF0304E:LeaderElection137] INFO  server.RaftServerConfigKeys (ConfUtils.java:logGet(43)) - raft.server.staging.catchup.gap = 1000 (default)
2019-09-25 07:05:00,240 [62ec8eb9-3ae9-4136-b70a-2caf3716fa7f@group-18831A278447:LeaderElection141] INFO  server.RaftServerConfigKeys (ConfUtils.java:logGet(43)) - raft.server.staging.catchup.gap = 1000 (default)
2019-09-25 07:05:00,240 [e568d23f-199e-48ce-91e4-5c166e2e97cd@group-EC8A69775D8E:LeaderElection124] INFO  server.RaftServerConfigKeys (ConfUtils.java:logGet(43)) - raft.server.write.element-limit = 4096 (default)
2019-09-25 07:05:00,240 [24bf2945-a329-4da6-aaf2-23ecd8d462c6@group-D2BB2F6B7057:LeaderElection125] INFO  server.RaftServerConfigKeys (ConfUtils.java:logGet(43)) - raft.server.staging.catchup.gap = 1000 (default)
2019-09-25 07:05:00,240 [24bf2945-a329-4da6-aaf2-23ecd8d462c6@group-6CCE13CCC209:LeaderElection126] INFO  server.RaftServerConfigKeys (ConfUtils.java:logGet(43)) - raft.server.staging.catchup.gap = 1000 (default)
2019-09-25 07:05:00,240 [24bf2945-a329-4da6-aaf2-23ecd8d462c6@group-6B6043C7F4B7:LeaderElection140] INFO  server.RaftServerConfigKeys (ConfUtils.java:logGet(43)) - raft.server.staging.catchup.gap = 1000 (default)
2019-09-25 07:05:00,240 [62ec8eb9-3ae9-4136-b70a-2caf3716fa7f@group-2F45C8EEFF22:LeaderElection128] INFO  server.RaftServerConfigKeys (ConfUtils.java:logGet(43)) - raft.server.staging.catchup.gap = 1000 (default)
2019-09-25 07:05:00,239 [pool-27-thread-1] INFO  server.RaftServerConfigKeys (ConfUtils.java:logGet(43)) - raft.server.rpc.timeout.max = 5200ms (custom)
2019-09-25 07:05:00,239 [e568d23f-199e-48ce-91e4-5c166e2e97cd@group-63D2AA3E0585:LeaderElection143] INFO  server.RaftServerConfigKeys (ConfUtils.java:logGet(43)) - raft.server.rpc.sleep.time = 25ms (default)
2019-09-25 07:05:00,239 [24bf2945-a329-4da6-aaf2-23ecd8d462c6@group-DFD88B075CEC:LeaderElection148] INFO  server.RaftServerConfigKeys (ConfUtils.java:logGet(43)) - raft.server.staging.catchup.gap = 1000 (default)
2019-09-25 07:05:00,239 [62ec8eb9-3ae9-4136-b70a-2caf3716fa7f@group-C940C511D282:LeaderElection127] INFO  server.RaftServerConfigKeys (ConfUtils.java:logGet(43)) - raft.server.staging.catchup.gap = 1000 (default)
2019-09-25 07:05:00,239 [62ec8eb9-3ae9-4136-b70a-2caf3716fa7f@group-52492DA1CE05:LeaderElection152] INFO  impl.RaftServerImpl (ServerState.java:setLeader(253)) - 62ec8eb9-3ae9-4136-b70a-2caf3716fa7f@group-52492DA1CE05: change Leader from null to 62ec8eb9-3ae9-4136-b70a-2caf3716fa7f at term 1 for becomeLeader, leader elected after 7181ms
2019-09-25 07:05:00,239 [24bf2945-a329-4da6-aaf2-23ecd8d462c6@group-2742ADE52F95:LeaderElection151] INFO  server.RaftServerConfigKeys (ConfUtils.java:logGet(43)) - raft.server.staging.catchup.gap = 1000 (default)
2019-09-25 07:05:00,239 [62ec8eb9-3ae9-4136-b70a-2caf3716fa7f@group-8BD09226B55A:LeaderElection147] INFO  server.RaftServerConfigKeys (ConfUtils.java:logGet(43)) - raft.server.staging.catchup.gap = 1000 (default)
2019-09-25 07:05:00,238 [62ec8eb9-3ae9-4136-b70a-2caf3716fa7f@group-DC60A5138291:LeaderElection142] INFO  server.RaftServerConfigKeys (ConfUtils.java:logGet(43)) - raft.server.rpc.sleep.time = 25ms (default)
2019-09-25 07:05:00,238 [62ec8eb9-3ae9-4136-b70a-2caf3716fa7f@group-49C0B3A0D615:LeaderElection139] INFO  server.RaftServerConfigKeys (ConfUtils.java:logGet(43)) - raft.server.rpc.sleep.time = 25ms (default)
2019-09-25 07:05:00,238 [24bf2945-a329-4da6-aaf2-23ecd8d462c6@group-16D434BC82E0:LeaderElection130] INFO  server.RaftServerConfigKeys (ConfUtils.java:logGet(43)) - raft.server.rpc.sleep.time = 25ms (default)
2019-09-25 07:05:00,238 [62ec8eb9-3ae9-4136-b70a-2caf3716fa7f@group-3A316764445C:LeaderElection144] INFO  server.RaftServerConfigKeys (ConfUtils.java:logGet(43)) - raft.server.staging.catchup.gap = 1000 (default)
2019-09-25 07:05:00,238 [e568d23f-199e-48ce-91e4-5c166e2e97cd@group-6D5E2718846D-SegmentedRaftLogWorker] INFO  impl.PendingRequests (PendingRequests.java:sendNotLeaderResponses(202)) - e568d23f-199e-48ce-91e4-5c166e2e97cd-PendingRequests: sendNotLeaderResponses
2019-09-25 07:05:00,251 [62ec8eb9-3ae9-4136-b70a-2caf3716fa7f@group-3A316764445C:LeaderElection144] INFO  server.RaftServerConfigKeys (ConfUtils.java:logGet(43)) - raft.server.rpc.sleep.time = 25ms (default)
2019-09-25 07:05:00,250 [24bf2945-a329-4da6-aaf2-23ecd8d462c6@group-16D434BC82E0:LeaderElection130] INFO  server.RaftServerConfigKeys (ConfUtils.java:logGet(43)) - raft.server.write.element-limit = 4096 (default)
2019-09-25 07:05:00,250 [62ec8eb9-3ae9-4136-b70a-2caf3716fa7f@group-49C0B3A0D615:LeaderElection139] INFO  server.RaftServerConfigKeys (ConfUtils.java:logGet(43)) - raft.server.write.element-limit = 4096 (default)
2019-09-25 07:05:00,250 [62ec8eb9-3ae9-4136-b70a-2caf3716fa7f@group-DC60A5138291:LeaderElection142] INFO  server.RaftServerConfigKeys (ConfUtils.java:logGet(43)) - raft.server.write.element-limit = 4096 (default)
2019-09-25 07:05:00,250 [62ec8eb9-3ae9-4136-b70a-2caf3716fa7f@group-8BD09226B55A:LeaderElection147] INFO  server.RaftServerConfigKeys (ConfUtils.java:logGet(43)) - raft.server.rpc.sleep.time = 25ms (default)
2019-09-25 07:05:00,250 [62ec8eb9-3ae9-4136-b70a-2caf3716fa7f@group-52492DA1CE05:LeaderElection152] INFO  server.RaftServerConfigKeys (ConfUtils.java:logGet(43)) - raft.server.staging.catchup.gap = 1000 (default)
2019-09-25 07:05:00,250 [24bf2945-a329-4da6-aaf2-23ecd8d462c6@group-2742ADE52F95:LeaderElection151] INFO  server.RaftServerConfigKeys (ConfUtils.java:logGet(43)) - raft.server.rpc.sleep.time = 25ms (default)
2019-09-25 07:05:00,249 [62ec8eb9-3ae9-4136-b70a-2caf3716fa7f@group-C940C511D282:LeaderElection127] INFO  server.RaftServerConfigKeys (ConfUtils.java:logGet(43)) - raft.server.rpc.sleep.time = 25ms (default)
2019-09-25 07:05:00,249 [24bf2945-a329-4da6-aaf2-23ecd8d462c6@group-DFD88B075CEC:LeaderElection148] INFO  server.RaftServerConfigKeys (ConfUtils.java:logGet(43)) - raft.server.rpc.sleep.time = 25ms (default)
2019-09-25 07:05:00,249 [e568d23f-199e-48ce-91e4-5c166e2e97cd@group-63D2AA3E0585:LeaderElection143] INFO  server.RaftServerConfigKeys (ConfUtils.java:logGet(43)) - raft.server.write.element-limit = 4096 (default)
2019-09-25 07:05:00,249 [pool-27-thread-1] INFO  server.RaftServerConfigKeys (ConfUtils.java:logGet(43)) - raft.server.rpcslowness.timeout = 120s (custom)
2019-09-25 07:05:00,249 [e568d23f-199e-48ce-91e4-5c166e2e97cd@group-258FC0DA5C42:LeaderElection117] INFO  impl.LeaderElection (LeaderElection.java:logAndReturn(56)) - e568d23f-199e-48ce-91e4-5c166e2e97cd@group-258FC0DA5C42:LeaderElection117: Election REJECTED; received 2 response(s) [e568d23f-199e-48ce-91e4-5c166e2e97cd<-24bf2945-a329-4da6-aaf2-23ecd8d462c6#0:FAIL-t1, e568d23f-199e-48ce-91e4-5c166e2e97cd<-62ec8eb9-3ae9-4136-b70a-2caf3716fa7f#0:FAIL-t1] and 0 exception(s); e568d23f-199e-48ce-91e4-5c166e2e97cd@group-258FC0DA5C42:t1, leader=null, voted=e568d23f-199e-48ce-91e4-5c166e2e97cd, raftlog=e568d23f-199e-48ce-91e4-5c166e2e97cd@group-258FC0DA5C42-SegmentedRaftLog:OPENED:c-1,f-1,i0, conf=-1: [24bf2945-a329-4da6-aaf2-23ecd8d462c6:192.168.30.10:42867, e568d23f-199e-48ce-91e4-5c166e2e97cd:192.168.30.10:42827, 62ec8eb9-3ae9-4136-b70a-2caf3716fa7f:192.168.30.10:44715], old=null
2019-09-25 07:05:00,249 [62ec8eb9-3ae9-4136-b70a-2caf3716fa7f@group-2F45C8EEFF22:LeaderElection128] INFO  server.RaftServerConfigKeys (ConfUtils.java:logGet(43)) - raft.server.rpc.sleep.time = 25ms (default)
2019-09-25 07:05:00,249 [24bf2945-a329-4da6-aaf2-23ecd8d462c6@group-6B6043C7F4B7:LeaderElection140] INFO  server.RaftServerConfigKeys (ConfUtils.java:logGet(43)) - raft.server.rpc.sleep.time = 25ms (default)
2019-09-25 07:05:00,248 [24bf2945-a329-4da6-aaf2-23ecd8d462c6@group-6CCE13CCC209:LeaderElection126] INFO  server.RaftServerConfigKeys (ConfUtils.java:logGet(43)) - raft.server.rpc.sleep.time = 25ms (default)
2019-09-25 07:05:00,248 [62ec8eb9-3ae9-4136-b70a-2caf3716fa7f@group-258FC0DA5C42:LeaderElection121] INFO  impl.LeaderElection (LeaderElection.java:logAndReturn(56)) - 62ec8eb9-3ae9-4136-b70a-2caf3716fa7f@group-258FC0DA5C42:LeaderElection121: Election REJECTED; received 2 response(s) [62ec8eb9-3ae9-4136-b70a-2caf3716fa7f<-24bf2945-a329-4da6-aaf2-23ecd8d462c6#0:FAIL-t1, 62ec8eb9-3ae9-4136-b70a-2caf3716fa7f<-e568d23f-199e-48ce-91e4-5c166e2e97cd#0:FAIL-t1] and 0 exception(s); 62ec8eb9-3ae9-4136-b70a-2caf3716fa7f@group-258FC0DA5C42:t1, leader=null, voted=62ec8eb9-3ae9-4136-b70a-2caf3716fa7f, raftlog=62ec8eb9-3ae9-4136-b70a-2caf3716fa7f@group-258FC0DA5C42-SegmentedRaftLog:OPENED:c-1,f-1,i0, conf=-1: [24bf2945-a329-4da6-aaf2-23ecd8d462c6:192.168.30.10:42867, e568d23f-199e-48ce-91e4-5c166e2e97cd:192.168.30.10:42827, 62ec8eb9-3ae9-4136-b70a-2caf3716fa7f:192.168.30.10:44715], old=null
2019-09-25 07:05:00,248 [24bf2945-a329-4da6-aaf2-23ecd8d462c6@group-D2BB2F6B7057:LeaderElection125] INFO  server.RaftServerConfigKeys (ConfUtils.java:logGet(43)) - raft.server.rpc.sleep.time = 25ms (default)
2019-09-25 07:05:00,248 [e568d23f-199e-48ce-91e4-5c166e2e97cd@group-EC8A69775D8E:LeaderElection124] INFO  server.RaftServerConfigKeys (ConfUtils.java:logGet(43)) - raft.server.watch.timeout = 10s (default)
2019-09-25 07:05:00,248 [62ec8eb9-3ae9-4136-b70a-2caf3716fa7f@group-18831A278447:LeaderElection141] INFO  server.RaftServerConfigKeys (ConfUtils.java:logGet(43)) - raft.server.rpc.sleep.time = 25ms (default)
2019-09-25 07:05:00,248 [62ec8eb9-3ae9-4136-b70a-2caf3716fa7f@group-2E596BF0304E:LeaderElection137] INFO  server.RaftServerConfigKeys (ConfUtils.java:logGet(43)) - raft.server.rpc.sleep.time = 25ms (default)
2019-09-25 07:05:00,248 [e568d23f-199e-48ce-91e4-5c166e2e97cd@group-3E36BA650D7B:LeaderElection132] INFO  server.RaftServerConfigKeys (ConfUtils.java:logGet(43)) - raft.server.rpc.sleep.time = 25ms (default)
2019-09-25 07:05:00,248 [24bf2945-a329-4da6-aaf2-23ecd8d462c6@group-BCAD19D2ACA2:LeaderElection134] INFO  server.RaftServerConfigKeys (ConfUtils.java:logGet(43)) - raft.server.rpc.sleep.time = 25ms (default)
2019-09-25 07:05:00,247 [24bf2945-a329-4da6-aaf2-23ecd8d462c6@group-96B88C982F86:LeaderElection135] INFO  server.RaftServerConfigKeys (ConfUtils.java:logGet(43)) - raft.server.rpc.sleep.time = 25ms (default)
2019-09-25 07:05:00,247 [pool-47-thread-1] INFO  server.RaftServerConfigKeys (ConfUtils.java:logGet(43)) - raft.server.rpcslowness.timeout = 120s (custom)
2019-09-25 07:05:00,247 [62ec8eb9-3ae9-4136-b70a-2caf3716fa7f@group-E582315BD891:LeaderElection149] INFO  server.RaftServerConfigKeys (ConfUtils.java:logGet(43)) - raft.server.write.element-limit = 4096 (default)
2019-09-25 07:05:00,247 [e568d23f-199e-48ce-91e4-5c166e2e97cd@group-712AED870590:LeaderElection133] INFO  server.RaftServerConfigKeys (ConfUtils.java:logGet(43)) - raft.server.rpc.sleep.time = 25ms (default)
2019-09-25 07:05:00,247 [e568d23f-199e-48ce-91e4-5c166e2e97cd@group-927145DE84C6:LeaderElection138] INFO  server.RaftServerConfigKeys (ConfUtils.java:logGet(43)) - raft.server.rpc.sleep.time = 25ms (default)
2019-09-25 07:05:00,247 [e568d23f-199e-48ce-91e4-5c166e2e97cd@group-9B8AC22ECFDA:LeaderElection129] INFO  server.RaftServerConfigKeys (ConfUtils.java:logGet(43)) - raft.server.rpc.sleep.time = 25ms (default)
2019-09-25 07:05:00,246 [e568d23f-199e-48ce-91e4-5c166e2e97cd@group-8E2ACE353EEA:LeaderElection145] INFO  server.RaftServerConfigKeys (ConfUtils.java:logGet(43)) - raft.server.rpc.sleep.time = 25ms (default)
2019-09-25 07:05:00,246 [62ec8eb9-3ae9-4136-b70a-2caf3716fa7f@group-34589095EC66:LeaderElection136] INFO  server.RaftServerConfigKeys (ConfUtils.java:logGet(43)) - raft.server.rpc.sleep.time = 25ms (default)
2019-09-25 07:05:00,246 [24bf2945-a329-4da6-aaf2-23ecd8d462c6@group-23572328021B:LeaderElection146] INFO  server.RaftServerConfigKeys (ConfUtils.java:logGet(43)) - raft.server.write.element-limit = 4096 (default)
2019-09-25 07:05:00,246 [24bf2945-a329-4da6-aaf2-23ecd8d462c6@group-924297F06423:LeaderElection150] INFO  server.RaftServerConfigKeys (ConfUtils.java:logGet(43)) - raft.server.rpc.sleep.time = 25ms (default)
2019-09-25 07:05:00,260 [24bf2945-a329-4da6-aaf2-23ecd8d462c6@group-23572328021B:LeaderElection146] INFO  server.RaftServerConfigKeys (ConfUtils.java:logGet(43)) - raft.server.watch.timeout = 10s (default)
2019-09-25 07:05:00,260 [62ec8eb9-3ae9-4136-b70a-2caf3716fa7f@group-34589095EC66:LeaderElection136] INFO  server.RaftServerConfigKeys (ConfUtils.java:logGet(43)) - raft.server.write.element-limit = 4096 (default)
2019-09-25 07:05:00,260 [e568d23f-199e-48ce-91e4-5c166e2e97cd@group-8E2ACE353EEA:LeaderElection145] INFO  server.RaftServerConfigKeys (ConfUtils.java:logGet(43)) - raft.server.write.element-limit = 4096 (default)
2019-09-25 07:05:00,259 [e568d23f-199e-48ce-91e4-5c166e2e97cd@group-9B8AC22ECFDA:LeaderElection129] INFO  server.RaftServerConfigKeys (ConfUtils.java:logGet(43)) - raft.server.write.element-limit = 4096 (default)
2019-09-25 07:05:00,259 [e568d23f-199e-48ce-91e4-5c166e2e97cd@group-927145DE84C6:LeaderElection138] INFO  server.RaftServerConfigKeys (ConfUtils.java:logGet(43)) - raft.server.write.element-limit = 4096 (default)
2019-09-25 07:05:00,259 [e568d23f-199e-48ce-91e4-5c166e2e97cd@group-712AED870590:LeaderElection133] INFO  server.RaftServerConfigKeys (ConfUtils.java:logGet(43)) - raft.server.write.element-limit = 4096 (default)
2019-09-25 07:05:00,259 [62ec8eb9-3ae9-4136-b70a-2caf3716fa7f@group-E582315BD891:LeaderElection149] INFO  server.RaftServerConfigKeys (ConfUtils.java:logGet(43)) - raft.server.watch.timeout = 10s (default)
2019-09-25 07:05:00,259 [pool-47-thread-1] INFO  server.RaftServerConfigKeys (ConfUtils.java:logGet(43)) - raft.server.sleep.deviation.threshold = 300 (default)
2019-09-25 07:05:00,259 [24bf2945-a329-4da6-aaf2-23ecd8d462c6@group-96B88C982F86:LeaderElection135] INFO  server.RaftServerConfigKeys (ConfUtils.java:logGet(43)) - raft.server.write.element-limit = 4096 (default)
2019-09-25 07:05:00,259 [24bf2945-a329-4da6-aaf2-23ecd8d462c6@group-BCAD19D2ACA2:LeaderElection134] INFO  server.RaftServerConfigKeys (ConfUtils.java:logGet(43)) - raft.server.write.element-limit = 4096 (default)
2019-09-25 07:05:00,258 [e568d23f-199e-48ce-91e4-5c166e2e97cd@group-3E36BA650D7B:LeaderElection132] INFO  server.RaftServerConfigKeys (ConfUtils.java:logGet(43)) - raft.server.write.element-limit = 4096 (default)
2019-09-25 07:05:00,258 [62ec8eb9-3ae9-4136-b70a-2caf3716fa7f@group-2E596BF0304E:LeaderElection137] INFO  server.RaftServerConfigKeys (ConfUtils.java:logGet(43)) - raft.server.write.element-limit = 4096 (default)
2019-09-25 07:05:00,258 [62ec8eb9-3ae9-4136-b70a-2caf3716fa7f@group-18831A278447:LeaderElection141] INFO  server.RaftServerConfigKeys (ConfUtils.java:logGet(43)) - raft.server.write.element-limit = 4096 (default)
2019-09-25 07:05:00,258 [e568d23f-199e-48ce-91e4-5c166e2e97cd@group-EC8A69775D8E:LeaderElection124] INFO  server.RaftServerConfigKeys (ConfUtils.java:logGet(43)) - raft.server.watch.timeout.denomination = 1s (default)
2019-09-25 07:05:00,258 [24bf2945-a329-4da6-aaf2-23ecd8d462c6@group-D2BB2F6B7057:LeaderElection125] INFO  server.RaftServerConfigKeys (ConfUtils.java:logGet(43)) - raft.server.write.element-limit = 4096 (default)
2019-09-25 07:05:00,255 [62ec8eb9-3ae9-4136-b70a-2caf3716fa7f@group-258FC0DA5C42:LeaderElection121] INFO  impl.RaftServerImpl (RaftServerImpl.java:setRole(174)) - 62ec8eb9-3ae9-4136-b70a-2caf3716fa7f@group-258FC0DA5C42: changes role from CANDIDATE to FOLLOWER at term 1 for DISCOVERED_A_NEW_TERM
2019-09-25 07:05:00,255 [24bf2945-a329-4da6-aaf2-23ecd8d462c6@group-6CCE13CCC209:LeaderElection126] INFO  server.RaftServerConfigKeys (ConfUtils.java:logGet(43)) - raft.server.write.element-limit = 4096 (default)
2019-09-25 07:05:00,255 [62ec8eb9-3ae9-4136-b70a-2caf3716fa7f@group-2F45C8EEFF22:LeaderElection128] INFO  server.RaftServerConfigKeys (ConfUtils.java:logGet(43)) - raft.server.write.element-limit = 4096 (default)
2019-09-25 07:05:00,255 [24bf2945-a329-4da6-aaf2-23ecd8d462c6@group-6B6043C7F4B7:LeaderElection140] INFO  server.RaftServerConfigKeys (ConfUtils.java:logGet(43)) - raft.server.write.element-limit = 4096 (default)
2019-09-25 07:05:00,253 [e568d23f-199e-48ce-91e4-5c166e2e97cd@group-258FC0DA5C42:LeaderElection117] INFO  impl.RaftServerImpl (RaftServerImpl.java:setRole(174)) - e568d23f-199e-48ce-91e4-5c166e2e97cd@group-258FC0DA5C42: changes role from CANDIDATE to FOLLOWER at term 1 for DISCOVERED_A_NEW_TERM
2019-09-25 07:05:00,262 [e568d23f-199e-48ce-91e4-5c166e2e97cd@group-258FC0DA5C42:LeaderElection117] INFO  impl.RoleInfo (RoleInfo.java:shutdownLeaderElection(134)) - e568d23f-199e-48ce-91e4-5c166e2e97cd: shutdown LeaderElection
2019-09-25 07:05:00,252 [pool-27-thread-1] INFO  server.RaftServerConfigKeys (ConfUtils.java:logGet(43)) - raft.server.sleep.deviation.threshold = 300 (default)
2019-09-25 07:05:00,252 [e568d23f-199e-48ce-91e4-5c166e2e97cd@group-63D2AA3E0585:LeaderElection143] INFO  server.RaftServerConfigKeys (ConfUtils.java:logGet(43)) - raft.server.watch.timeout = 10s (default)
2019-09-25 07:05:00,252 [24bf2945-a329-4da6-aaf2-23ecd8d462c6@group-DFD88B075CEC:LeaderElection148] INFO  server.RaftServerConfigKeys (ConfUtils.java:logGet(43)) - raft.server.write.element-limit = 4096 (default)
2019-09-25 07:05:00,252 [62ec8eb9-3ae9-4136-b70a-2caf3716fa7f@group-C940C511D282:LeaderElection127] INFO  server.RaftServerConfigKeys (ConfUtils.java:logGet(43)) - raft.server.write.element-limit = 4096 (default)
2019-09-25 07:05:00,252 [24bf2945-a329-4da6-aaf2-23ecd8d462c6@group-2742ADE52F95:LeaderElection151] INFO  server.RaftServerConfigKeys (ConfUtils.java:logGet(43)) - raft.server.write.element-limit = 4096 (default)
2019-09-25 07:05:00,252 [62ec8eb9-3ae9-4136-b70a-2caf3716fa7f@group-52492DA1CE05:LeaderElection152] INFO  server.RaftServerConfigKeys (ConfUtils.java:logGet(43)) - raft.server.rpc.sleep.time = 25ms (default)
2019-09-25 07:05:00,252 [62ec8eb9-3ae9-4136-b70a-2caf3716fa7f@group-8BD09226B55A:LeaderElection147] INFO  server.RaftServerConfigKeys (ConfUtils.java:logGet(43)) - raft.server.write.element-limit = 4096 (default)
2019-09-25 07:05:00,251 [62ec8eb9-3ae9-4136-b70a-2caf3716fa7f@group-DC60A5138291:LeaderElection142] INFO  server.RaftServerConfigKeys (ConfUtils.java:logGet(43)) - raft.server.watch.timeout = 10s (default)
2019-09-25 07:05:00,251 [62ec8eb9-3ae9-4136-b70a-2caf3716fa7f@group-49C0B3A0D615:LeaderElection139] INFO  server.RaftServerConfigKeys (ConfUtils.java:logGet(43)) - raft.server.watch.timeout = 10s (default)
2019-09-25 07:05:00,251 [24bf2945-a329-4da6-aaf2-23ecd8d462c6@group-16D434BC82E0:LeaderElection130] INFO  server.RaftServerConfigKeys (ConfUtils.java:logGet(43)) - raft.server.watch.timeout = 10s (default)
2019-09-25 07:05:00,251 [62ec8eb9-3ae9-4136-b70a-2caf3716fa7f@group-B4D0C3973801:LeaderElection131] INFO  impl.RoleInfo (RoleInfo.java:updateAndGet(143)) - 62ec8eb9-3ae9-4136-b70a-2caf3716fa7f: start LeaderState
2019-09-25 07:05:00,251 [62ec8eb9-3ae9-4136-b70a-2caf3716fa7f@group-3A316764445C:LeaderElection144] INFO  server.RaftServerConfigKeys (ConfUtils.java:logGet(43)) - raft.server.write.element-limit = 4096 (default)
2019-09-25 07:05:00,251 [e568d23f-199e-48ce-91e4-5c166e2e97cd@group-6D5E2718846D-SegmentedRaftLogWorker] INFO  impl.StateMachineUpdater (StateMachineUpdater.java:stopAndJoin(125)) - e568d23f-199e-48ce-91e4-5c166e2e97cd@group-6D5E2718846D-StateMachineUpdater: set stopIndex = -1
2019-09-25 07:05:00,264 [62ec8eb9-3ae9-4136-b70a-2caf3716fa7f@group-B4D0C3973801:LeaderElection131] INFO  segmented.SegmentedRaftLogWorker (SegmentedRaftLogWorker.java:startLogSegment(380)) - 62ec8eb9-3ae9-4136-b70a-2caf3716fa7f@group-B4D0C3973801-SegmentedRaftLogWorker: Starting segment from index:0
2019-09-25 07:05:00,264 [62ec8eb9-3ae9-4136-b70a-2caf3716fa7f@group-3A316764445C:LeaderElection144] INFO  server.RaftServerConfigKeys (ConfUtils.java:logGet(43)) - raft.server.watch.timeout = 10s (default)
2019-09-25 07:05:00,264 [24bf2945-a329-4da6-aaf2-23ecd8d462c6@group-16D434BC82E0:LeaderElection130] INFO  server.RaftServerConfigKeys (ConfUtils.java:logGet(43)) - raft.server.watch.timeout.denomination = 1s (default)
2019-09-25 07:05:00,264 [62ec8eb9-3ae9-4136-b70a-2caf3716fa7f@group-49C0B3A0D615:LeaderElection139] INFO  server.RaftServerConfigKeys (ConfUtils.java:logGet(43)) - raft.server.watch.timeout.denomination = 1s (default)
2019-09-25 07:05:00,264 [62ec8eb9-3ae9-4136-b70a-2caf3716fa7f@group-DC60A5138291:LeaderElection142] INFO  server.RaftServerConfigKeys (ConfUtils.java:logGet(43)) - raft.server.watch.timeout.denomination = 1s (default)
2019-09-25 07:05:00,264 [62ec8eb9-3ae9-4136-b70a-2caf3716fa7f@group-8BD09226B55A:LeaderElection147] INFO  server.RaftServerConfigKeys (ConfUtils.java:logGet(43)) - raft.server.watch.timeout = 10s (default)
2019-09-25 07:05:00,263 [62ec8eb9-3ae9-4136-b70a-2caf3716fa7f@group-52492DA1CE05:LeaderElection152] INFO  server.RaftServerConfigKeys (ConfUtils.java:logGet(43)) - raft.server.write.element-limit = 4096 (default)
2019-09-25 07:05:00,263 [24bf2945-a329-4da6-aaf2-23ecd8d462c6@group-2742ADE52F95:LeaderElection151] INFO  server.RaftServerConfigKeys (ConfUtils.java:logGet(43)) - raft.server.watch.timeout = 10s (default)
2019-09-25 07:05:00,263 [62ec8eb9-3ae9-4136-b70a-2caf3716fa7f@group-C940C511D282:LeaderElection127] INFO  server.RaftServerConfigKeys (ConfUtils.java:logGet(43)) - raft.server.watch.timeout = 10s (default)
2019-09-25 07:05:00,263 [24bf2945-a329-4da6-aaf2-23ecd8d462c6@group-DFD88B075CEC:LeaderElection148] INFO  server.RaftServerConfigKeys (ConfUtils.java:logGet(43)) - raft.server.watch.timeout = 10s (default)
2019-09-25 07:05:00,263 [e568d23f-199e-48ce-91e4-5c166e2e97cd@group-63D2AA3E0585:LeaderElection143] INFO  server.RaftServerConfigKeys (ConfUtils.java:logGet(43)) - raft.server.watch.timeout.denomination = 1s (default)
2019-09-25 07:05:00,263 [pool-27-thread-1] INFO  server.RaftServerConfigKeys (ConfUtils.java:logGet(43)) - raft.server.log.appender.install.snapshot.enabled = false (custom)
2019-09-25 07:05:00,263 [e568d23f-199e-48ce-91e4-5c166e2e97cd@group-258FC0DA5C42:LeaderElection117] INFO  impl.RoleInfo (RoleInfo.java:updateAndGet(143)) - e568d23f-199e-48ce-91e4-5c166e2e97cd: start FollowerState
2019-09-25 07:05:00,262 [24bf2945-a329-4da6-aaf2-23ecd8d462c6@group-6B6043C7F4B7:LeaderElection140] INFO  server.RaftServerConfigKeys (ConfUtils.java:logGet(43)) - raft.server.watch.timeout = 10s (default)
2019-09-25 07:05:00,262 [62ec8eb9-3ae9-4136-b70a-2caf3716fa7f@group-2F45C8EEFF22:LeaderElection128] INFO  server.RaftServerConfigKeys (ConfUtils.java:logGet(43)) - raft.server.watch.timeout = 10s (default)
2019-09-25 07:05:00,262 [24bf2945-a329-4da6-aaf2-23ecd8d462c6@group-6CCE13CCC209:LeaderElection126] INFO  server.RaftServerConfigKeys (ConfUtils.java:logGet(43)) - raft.server.watch.timeout = 10s (default)
2019-09-25 07:05:00,262 [62ec8eb9-3ae9-4136-b70a-2caf3716fa7f@group-258FC0DA5C42:LeaderElection121] INFO  impl.RoleInfo (RoleInfo.java:shutdownLeaderElection(134)) - 62ec8eb9-3ae9-4136-b70a-2caf3716fa7f: shutdown LeaderElection
2019-09-25 07:05:00,262 [24bf2945-a329-4da6-aaf2-23ecd8d462c6@group-D2BB2F6B7057:LeaderElection125] INFO  server.RaftServerConfigKeys (ConfUtils.java:logGet(43)) - raft.server.watch.timeout = 10s (default)
2019-09-25 07:05:00,262 [e568d23f-199e-48ce-91e4-5c166e2e97cd@group-EC8A69775D8E:LeaderElection124] INFO  server.RaftServerConfigKeys (ConfUtils.java:logGet(43)) - raft.server.watch.element-limit = 65536 (default)
2019-09-25 07:05:00,262 [62ec8eb9-3ae9-4136-b70a-2caf3716fa7f@group-18831A278447:LeaderElection141] INFO  server.RaftServerConfigKeys (ConfUtils.java:logGet(43)) - raft.server.watch.timeout = 10s (default)
2019-09-25 07:05:00,261 [62ec8eb9-3ae9-4136-b70a-2caf3716fa7f@group-2E596BF0304E:LeaderElection137] INFO  server.RaftServerConfigKeys (ConfUtils.java:logGet(43)) - raft.server.watch.timeout = 10s (default)
2019-09-25 07:05:00,552 [62ec8eb9-3ae9-4136-b70a-2caf3716fa7f@group-2E596BF0304E:LeaderElection137] INFO  server.RaftServerConfigKeys (ConfUtils.java:logGet(43)) - raft.server.watch.timeout.denomination = 1s (default)
2019-09-25 07:05:00,261 [e568d23f-199e-48ce-91e4-5c166e2e97cd@group-3E36BA650D7B:LeaderElection132] INFO  server.RaftServerConfigKeys (ConfUtils.java:logGet(43)) - raft.server.watch.timeout = 10s (default)
2019-09-25 07:05:00,261 [24bf2945-a329-4da6-aaf2-23ecd8d462c6@group-BCAD19D2ACA2:LeaderElection134] INFO  server.RaftServerConfigKeys (ConfUtils.java:logGet(43)) - raft.server.watch.timeout = 10s (default)
2019-09-25 07:05:00,261 [24bf2945-a329-4da6-aaf2-23ecd8d462c6@group-96B88C982F86:LeaderElection135] INFO  server.RaftServerConfigKeys (ConfUtils.java:logGet(43)) - raft.server.watch.timeout = 10s (default)
2019-09-25 07:05:00,261 [pool-47-thread-1] INFO  server.RaftServerConfigKeys (ConfUtils.java:logGet(43)) - raft.server.log.appender.install.snapshot.enabled = false (custom)
2019-09-25 07:05:00,261 [62ec8eb9-3ae9-4136-b70a-2caf3716fa7f@group-E582315BD891:LeaderElection149] INFO  server.RaftServerConfigKeys (ConfUtils.java:logGet(43)) - raft.server.watch.timeout.denomination = 1s (default)
2019-09-25 07:05:00,261 [e568d23f-199e-48ce-91e4-5c166e2e97cd@group-712AED870590:LeaderElection133] INFO  server.RaftServerConfigKeys (ConfUtils.java:logGet(43)) - raft.server.watch.timeout = 10s (default)
2019-09-25 07:05:00,261 [e568d23f-199e-48ce-91e4-5c166e2e97cd@group-927145DE84C6:LeaderElection138] INFO  server.RaftServerConfigKeys (ConfUtils.java:logGet(43)) - raft.server.watch.timeout = 10s (default)
2019-09-25 07:05:00,260 [e568d23f-199e-48ce-91e4-5c166e2e97cd@group-9B8AC22ECFDA:LeaderElection129] INFO  server.RaftServerConfigKeys (ConfUtils.java:logGet(43)) - raft.server.watch.timeout = 10s (default)
2019-09-25 07:05:00,260 [e568d23f-199e-48ce-91e4-5c166e2e97cd@group-8E2ACE353EEA:LeaderElection145] INFO  server.RaftServerConfigKeys (ConfUtils.java:logGet(43)) - raft.server.watch.timeout = 10s (default)
2019-09-25 07:05:00,260 [62ec8eb9-3ae9-4136-b70a-2caf3716fa7f@group-34589095EC66:LeaderElection136] INFO  server.RaftServerConfigKeys (ConfUtils.java:logGet(43)) - raft.server.watch.timeout = 10s (default)
2019-09-25 07:05:00,260 [24bf2945-a329-4da6-aaf2-23ecd8d462c6@group-23572328021B:LeaderElection146] INFO  server.RaftServerConfigKeys (ConfUtils.java:logGet(43)) - raft.server.watch.timeout.denomination = 1s (default)
2019-09-25 07:05:00,260 [24bf2945-a329-4da6-aaf2-23ecd8d462c6@group-924297F06423:LeaderElection150] INFO  server.RaftServerConfigKeys (ConfUtils.java:logGet(43)) - raft.server.write.element-limit = 4096 (default)
2019-09-25 07:05:00,554 [24bf2945-a329-4da6-aaf2-23ecd8d462c6@group-23572328021B:LeaderElection146] INFO  server.RaftServerConfigKeys (ConfUtils.java:logGet(43)) - raft.server.watch.element-limit = 65536 (default)
2019-09-25 07:05:00,554 [62ec8eb9-3ae9-4136-b70a-2caf3716fa7f@group-34589095EC66:LeaderElection136] INFO  server.RaftServerConfigKeys (ConfUtils.java:logGet(43)) - raft.server.watch.timeout.denomination = 1s (default)
2019-09-25 07:05:00,554 [e568d23f-199e-48ce-91e4-5c166e2e97cd@group-8E2ACE353EEA:LeaderElection145] INFO  server.RaftServerConfigKeys (ConfUtils.java:logGet(43)) - raft.server.watch.timeout.denomination = 1s (default)
2019-09-25 07:05:00,554 [e568d23f-199e-48ce-91e4-5c166e2e97cd@group-9B8AC22ECFDA:LeaderElection129] INFO  server.RaftServerConfigKeys (ConfUtils.java:logGet(43)) - raft.server.watch.timeout.denomination = 1s (default)
2019-09-25 07:05:00,553 [e568d23f-199e-48ce-91e4-5c166e2e97cd@group-927145DE84C6:LeaderElection138] INFO  server.RaftServerConfigKeys (ConfUtils.java:logGet(43)) - raft.server.watch.timeout.denomination = 1s (default)
2019-09-25 07:05:00,553 [e568d23f-199e-48ce-91e4-5c166e2e97cd@group-712AED870590:LeaderElection133] INFO  server.RaftServerConfigKeys (ConfUtils.java:logGet(43)) - raft.server.watch.timeout.denomination = 1s (default)
2019-09-25 07:05:00,553 [62ec8eb9-3ae9-4136-b70a-2caf3716fa7f@group-E582315BD891:LeaderElection149] INFO  server.RaftServerConfigKeys (ConfUtils.java:logGet(43)) - raft.server.watch.element-limit = 65536 (default)
2019-09-25 07:05:00,553 [pool-47-thread-1] INFO  impl.RaftServerImpl (ServerState.java:<init>(103)) - 24bf2945-a329-4da6-aaf2-23ecd8d462c6@group-E6F9350C10F4: ConfigurationManager, init=-1: [24bf2945-a329-4da6-aaf2-23ecd8d462c6:192.168.30.10:42867, e568d23f-199e-48ce-91e4-5c166e2e97cd:192.168.30.10:42827, 62ec8eb9-3ae9-4136-b70a-2caf3716fa7f:192.168.30.10:44715], old=null, confs=<EMPTY_MAP>
2019-09-25 07:05:00,553 [24bf2945-a329-4da6-aaf2-23ecd8d462c6@group-96B88C982F86:LeaderElection135] INFO  server.RaftServerConfigKeys (ConfUtils.java:logGet(43)) - raft.server.watch.timeout.denomination = 1s (default)
2019-09-25 07:05:00,553 [24bf2945-a329-4da6-aaf2-23ecd8d462c6@group-BCAD19D2ACA2:LeaderElection134] INFO  server.RaftServerConfigKeys (ConfUtils.java:logGet(43)) - raft.server.watch.timeout.denomination = 1s (default)
2019-09-25 07:05:00,552 [e568d23f-199e-48ce-91e4-5c166e2e97cd@group-3E36BA650D7B:LeaderElection132] INFO  server.RaftServerConfigKeys (ConfUtils.java:logGet(43)) - raft.server.watch.timeout.denomination = 1s (default)
2019-09-25 07:05:00,552 [62ec8eb9-3ae9-4136-b70a-2caf3716fa7f@group-2E596BF0304E:LeaderElection137] INFO  server.RaftServerConfigKeys (ConfUtils.java:logGet(43)) - raft.server.watch.element-limit = 65536 (default)
2019-09-25 07:05:00,552 [62ec8eb9-3ae9-4136-b70a-2caf3716fa7f@group-18831A278447:LeaderElection141] INFO  server.RaftServerConfigKeys (ConfUtils.java:logGet(43)) - raft.server.watch.timeout.denomination = 1s (default)
2019-09-25 07:05:00,552 [24bf2945-a329-4da6-aaf2-23ecd8d462c6@group-D2BB2F6B7057:LeaderElection125] INFO  server.RaftServerConfigKeys (ConfUtils.java:logGet(43)) - raft.server.watch.timeout.denomination = 1s (default)
2019-09-25 07:05:00,552 [62ec8eb9-3ae9-4136-b70a-2caf3716fa7f@group-258FC0DA5C42:LeaderElection121] INFO  impl.RoleInfo (RoleInfo.java:updateAndGet(143)) - 62ec8eb9-3ae9-4136-b70a-2caf3716fa7f: start FollowerState
2019-09-25 07:05:00,551 [24bf2945-a329-4da6-aaf2-23ecd8d462c6@group-6CCE13CCC209:LeaderElection126] INFO  server.RaftServerConfigKeys (ConfUtils.java:logGet(43)) - raft.server.watch.timeout.denomination = 1s (default)
2019-09-25 07:05:00,551 [62ec8eb9-3ae9-4136-b70a-2caf3716fa7f@group-2F45C8EEFF22:LeaderElection128] INFO  server.RaftServerConfigKeys (ConfUtils.java:logGet(43)) - raft.server.watch.timeout.denomination = 1s (default)
2019-09-25 07:05:00,551 [24bf2945-a329-4da6-aaf2-23ecd8d462c6@group-6B6043C7F4B7:LeaderElection140] INFO  server.RaftServerConfigKeys (ConfUtils.java:logGet(43)) - raft.server.watch.timeout.denomination = 1s (default)
2019-09-25 07:05:00,557 [24bf2945-a329-4da6-aaf2-23ecd8d462c6@group-6B6043C7F4B7:LeaderElection140] INFO  server.RaftServerConfigKeys (ConfUtils.java:logGet(43)) - raft.server.watch.element-limit = 65536 (default)
2019-09-25 07:05:00,551 [pool-27-thread-1] INFO  impl.RaftServerImpl (ServerState.java:<init>(103)) - e568d23f-199e-48ce-91e4-5c166e2e97cd@group-E6F9350C10F4: ConfigurationManager, init=-1: [24bf2945-a329-4da6-aaf2-23ecd8d462c6:192.168.30.10:42867, e568d23f-199e-48ce-91e4-5c166e2e97cd:192.168.30.10:42827, 62ec8eb9-3ae9-4136-b70a-2caf3716fa7f:192.168.30.10:44715], old=null, confs=<EMPTY_MAP>
2019-09-25 07:05:00,550 [e568d23f-199e-48ce-91e4-5c166e2e97cd@group-63D2AA3E0585:LeaderElection143] INFO  server.RaftServerConfigKeys (ConfUtils.java:logGet(43)) - raft.server.watch.element-limit = 65536 (default)
2019-09-25 07:05:00,550 [24bf2945-a329-4da6-aaf2-23ecd8d462c6@group-DFD88B075CEC:LeaderElection148] INFO  server.RaftServerConfigKeys (ConfUtils.java:logGet(43)) - raft.server.watch.timeout.denomination = 1s (default)
2019-09-25 07:05:00,550 [62ec8eb9-3ae9-4136-b70a-2caf3716fa7f@group-C940C511D282:LeaderElection127] INFO  server.RaftServerConfigKeys (ConfUtils.java:logGet(43)) - raft.server.watch.timeout.denomination = 1s (default)
2019-09-25 07:05:00,558 [62ec8eb9-3ae9-4136-b70a-2caf3716fa7f@group-C940C511D282:LeaderElection127] INFO  server.RaftServerConfigKeys (ConfUtils.java:logGet(43)) - raft.server.watch.element-limit = 65536 (default)
2019-09-25 07:05:00,550 [24bf2945-a329-4da6-aaf2-23ecd8d462c6@group-2742ADE52F95:LeaderElection151] INFO  server.RaftServerConfigKeys (ConfUtils.java:logGet(43)) - raft.server.watch.timeout.denomination = 1s (default)
2019-09-25 07:05:00,549 [62ec8eb9-3ae9-4136-b70a-2caf3716fa7f@group-52492DA1CE05:LeaderElection152] INFO  server.RaftServerConfigKeys (ConfUtils.java:logGet(43)) - raft.server.watch.timeout = 10s (default)
2019-09-25 07:05:00,549 [62ec8eb9-3ae9-4136-b70a-2caf3716fa7f@group-8BD09226B55A:LeaderElection147] INFO  server.RaftServerConfigKeys (ConfUtils.java:logGet(43)) - raft.server.watch.timeout.denomination = 1s (default)
2019-09-25 07:05:00,549 [62ec8eb9-3ae9-4136-b70a-2caf3716fa7f@group-DC60A5138291:LeaderElection142] INFO  server.RaftServerConfigKeys (ConfUtils.java:logGet(43)) - raft.server.watch.element-limit = 65536 (default)
2019-09-25 07:05:00,549 [62ec8eb9-3ae9-4136-b70a-2caf3716fa7f@group-49C0B3A0D615:LeaderElection139] INFO  server.RaftServerConfigKeys (ConfUtils.java:logGet(43)) - raft.server.watch.element-limit = 65536 (default)
2019-09-25 07:05:00,548 [62ec8eb9-3ae9-4136-b70a-2caf3716fa7f@group-B4D0C3973801:LeaderElection131] INFO  impl.RaftServerImpl (ServerState.java:setRaftConf(354)) - 62ec8eb9-3ae9-4136-b70a-2caf3716fa7f@group-B4D0C3973801: set configuration 0: [62ec8eb9-3ae9-4136-b70a-2caf3716fa7f:192.168.30.10:44715], old=null at 0
2019-09-25 07:05:00,265 [24bf2945-a329-4da6-aaf2-23ecd8d462c6@group-16D434BC82E0:LeaderElection130] INFO  server.RaftServerConfigKeys (ConfUtils.java:logGet(43)) - raft.server.watch.element-limit = 65536 (default)
2019-09-25 07:05:00,546 [62ec8eb9-3ae9-4136-b70a-2caf3716fa7f@group-B55175940783-SegmentedRaftLogWorker] ERROR segmented.SegmentedRaftLogWorker (SegmentedRaftLogWorker.java:run(323)) - 62ec8eb9-3ae9-4136-b70a-2caf3716fa7f@group-B55175940783-SegmentedRaftLogWorker hit exception
java.lang.OutOfMemoryError: Direct buffer memory
	at java.nio.Bits.reserveMemory(Bits.java:666)
	at java.nio.DirectByteBuffer.<init>(DirectByteBuffer.java:123)
	at java.nio.ByteBuffer.allocateDirect(ByteBuffer.java:311)
	at org.apache.ratis.server.raftlog.segmented.BufferedWriteChannel.<init>(BufferedWriteChannel.java:41)
	at org.apache.ratis.server.raftlog.segmented.SegmentedRaftLogOutputStream.<init>(SegmentedRaftLogOutputStream.java:72)
	at org.apache.ratis.server.raftlog.segmented.SegmentedRaftLogWorker$StartLogSegment.execute(SegmentedRaftLogWorker.java:566)
	at org.apache.ratis.server.raftlog.segmented.SegmentedRaftLogWorker.run(SegmentedRaftLogWorker.java:289)
	at java.lang.Thread.run(Thread.java:748)
2019-09-25 07:05:00,265 [62ec8eb9-3ae9-4136-b70a-2caf3716fa7f@group-3A316764445C:LeaderElection144] INFO  server.RaftServerConfigKeys (ConfUtils.java:logGet(43)) - raft.server.watch.timeout.denomination = 1s (default)
2019-09-25 07:05:00,559 [62ec8eb9-3ae9-4136-b70a-2caf3716fa7f@group-3A316764445C:LeaderElection144] INFO  server.RaftServerConfigKeys (ConfUtils.java:logGet(43)) - raft.server.watch.element-limit = 65536 (default)
2019-09-25 07:05:00,264 [e568d23f-199e-48ce-91e4-5c166e2e97cd@group-6D5E2718846D-SegmentedRaftLogWorker] INFO  impl.RaftServerImpl (ServerState.java:close(385)) - e568d23f-199e-48ce-91e4-5c166e2e97cd@group-6D5E2718846D: closes. applyIndex: -1
2019-09-25 07:05:00,559 [62ec8eb9-3ae9-4136-b70a-2caf3716fa7f@group-B55175940783-SegmentedRaftLogWorker] INFO  impl.RaftServerImpl (RaftServerImpl.java:lambda$shutdown$3(251)) - 62ec8eb9-3ae9-4136-b70a-2caf3716fa7f@group-B55175940783: shutdown
2019-09-25 07:05:00,558 [62ec8eb9-3ae9-4136-b70a-2caf3716fa7f@group-8BD09226B55A:LeaderElection147] INFO  server.RaftServerConfigKeys (ConfUtils.java:logGet(43)) - raft.server.watch.element-limit = 65536 (default)
2019-09-25 07:05:00,558 [62ec8eb9-3ae9-4136-b70a-2caf3716fa7f@group-52492DA1CE05:LeaderElection152] INFO  server.RaftServerConfigKeys (ConfUtils.java:logGet(43)) - raft.server.watch.timeout.denomination = 1s (default)
2019-09-25 07:05:00,558 [24bf2945-a329-4da6-aaf2-23ecd8d462c6@group-2742ADE52F95:LeaderElection151] INFO  server.RaftServerConfigKeys (ConfUtils.java:logGet(43)) - raft.server.watch.element-limit = 65536 (default)
2019-09-25 07:05:00,557 [24bf2945-a329-4da6-aaf2-23ecd8d462c6@group-DFD88B075CEC:LeaderElection148] INFO  server.RaftServerConfigKeys (ConfUtils.java:logGet(43)) - raft.server.watch.element-limit = 65536 (default)
2019-09-25 07:05:00,557 [pool-27-thread-1] INFO  server.RaftServerConfigKeys (ConfUtils.java:logGet(43)) - raft.server.storage.dir = [/workdir/hadoop-ozone/integration-test/target/test-dir/MiniOzoneClusterImpl-39af9574-7a8b-4ed7-b830-bf686a3d4bb8/datanode-0/data/ratis] (custom)
2019-09-25 07:05:00,557 [62ec8eb9-3ae9-4136-b70a-2caf3716fa7f@group-2F45C8EEFF22:LeaderElection128] INFO  server.RaftServerConfigKeys (ConfUtils.java:logGet(43)) - raft.server.watch.element-limit = 65536 (default)
2019-09-25 07:05:00,556 [24bf2945-a329-4da6-aaf2-23ecd8d462c6@group-6CCE13CCC209:LeaderElection126] INFO  server.RaftServerConfigKeys (ConfUtils.java:logGet(43)) - raft.server.watch.element-limit = 65536 (default)
2019-09-25 07:05:00,556 [24bf2945-a329-4da6-aaf2-23ecd8d462c6@group-D2BB2F6B7057:LeaderElection125] INFO  server.RaftServerConfigKeys (ConfUtils.java:logGet(43)) - raft.server.watch.element-limit = 65536 (default)
2019-09-25 07:05:00,556 [62ec8eb9-3ae9-4136-b70a-2caf3716fa7f@group-18831A278447:LeaderElection141] INFO  server.RaftServerConfigKeys (ConfUtils.java:logGet(43)) - raft.server.watch.element-limit = 65536 (default)
2019-09-25 07:05:00,556 [e568d23f-199e-48ce-91e4-5c166e2e97cd@group-3E36BA650D7B:LeaderElection132] INFO  server.RaftServerConfigKeys (ConfUtils.java:logGet(43)) - raft.server.watch.element-limit = 65536 (default)
2019-09-25 07:05:00,556 [24bf2945-a329-4da6-aaf2-23ecd8d462c6@group-BCAD19D2ACA2:LeaderElection134] INFO  server.RaftServerConfigKeys (ConfUtils.java:logGet(43)) - raft.server.watch.element-limit = 65536 (default)
2019-09-25 07:05:00,555 [24bf2945-a329-4da6-aaf2-23ecd8d462c6@group-96B88C982F86:LeaderElection135] INFO  server.RaftServerConfigKeys (ConfUtils.java:logGet(43)) - raft.server.watch.element-limit = 65536 (default)
2019-09-25 07:05:00,555 [e568d23f-199e-48ce-91e4-5c166e2e97cd@group-EF60280D0D4B:LeaderElection122] INFO  impl.RoleInfo (RoleInfo.java:updateAndGet(143)) - e568d23f-199e-48ce-91e4-5c166e2e97cd: start LeaderState
2019-09-25 07:05:00,555 [pool-47-thread-1] INFO  server.RaftServerConfigKeys (ConfUtils.java:logGet(43)) - raft.server.storage.dir = [/workdir/hadoop-ozone/integration-test/target/test-dir/MiniOzoneClusterImpl-39af9574-7a8b-4ed7-b830-bf686a3d4bb8/datanode-2/data/ratis] (custom)
2019-09-25 07:05:00,555 [e568d23f-199e-48ce-91e4-5c166e2e97cd@group-712AED870590:LeaderElection133] INFO  server.RaftServerConfigKeys (ConfUtils.java:logGet(43)) - raft.server.watch.element-limit = 65536 (default)
2019-09-25 07:05:00,562 [62ec8eb9-3ae9-4136-b70a-2caf3716fa7f@group-C509BEFDAC58:LeaderElection123] INFO  impl.RoleInfo (RoleInfo.java:updateAndGet(143)) - 62ec8eb9-3ae9-4136-b70a-2caf3716fa7f: start LeaderState
2019-09-25 07:05:00,555 [e568d23f-199e-48ce-91e4-5c166e2e97cd@group-927145DE84C6:LeaderElection138] INFO  server.RaftServerConfigKeys (ConfUtils.java:logGet(43)) - raft.server.watch.element-limit = 65536 (default)
2019-09-25 07:05:00,555 [e568d23f-199e-48ce-91e4-5c166e2e97cd@group-9B8AC22ECFDA:LeaderElection129] INFO  server.RaftServerConfigKeys (ConfUtils.java:logGet(43)) - raft.server.watch.element-limit = 65536 (default)
2019-09-25 07:05:00,554 [e568d23f-199e-48ce-91e4-5c166e2e97cd@group-8E2ACE353EEA:LeaderElection145] INFO  server.RaftServerConfigKeys (ConfUtils.java:logGet(43)) - raft.server.watch.element-limit = 65536 (default)
2019-09-25 07:05:00,554 [62ec8eb9-3ae9-4136-b70a-2caf3716fa7f@group-34589095EC66:LeaderElection136] INFO  server.RaftServerConfigKeys (ConfUtils.java:logGet(43)) - raft.server.watch.element-limit = 65536 (default)
2019-09-25 07:05:00,554 [24bf2945-a329-4da6-aaf2-23ecd8d462c6@group-924297F06423:LeaderElection150] INFO  server.RaftServerConfigKeys (ConfUtils.java:logGet(43)) - raft.server.watch.timeout = 10s (default)
2019-09-25 07:05:00,562 [pool-47-thread-1] INFO  storage.RaftStorageDirectory (RaftStorageDirectory.java:analyzeStorage(246)) - The storage directory /workdir/hadoop-ozone/integration-test/target/test-dir/MiniOzoneClusterImpl-39af9574-7a8b-4ed7-b830-bf686a3d4bb8/datanode-2/data/ratis/31e69fbb-1648-45ba-a4a7-e6f9350c10f4 does not exist. Creating ...
2019-09-25 07:05:00,562 [62ec8eb9-3ae9-4136-b70a-2caf3716fa7f@group-B55175940783-SegmentedRaftLogWorker] INFO  util.JmxRegister (JmxRegister.java:unregister(73)) - Successfully un-registered JMX Bean with object name Ratis:service=RaftServer,group=group-B55175940783,id=62ec8eb9-3ae9-4136-b70a-2caf3716fa7f
2019-09-25 07:05:00,562 [62ec8eb9-3ae9-4136-b70a-2caf3716fa7f@group-C509BEFDAC58:LeaderElection123] INFO  segmented.SegmentedRaftLogWorker (SegmentedRaftLogWorker.java:startLogSegment(380)) - 62ec8eb9-3ae9-4136-b70a-2caf3716fa7f@group-C509BEFDAC58-SegmentedRaftLogWorker: Starting segment from index:0
2019-09-25 07:05:00,562 [e568d23f-199e-48ce-91e4-5c166e2e97cd@group-EF60280D0D4B:LeaderElection122] INFO  segmented.SegmentedRaftLogWorker (SegmentedRaftLogWorker.java:startLogSegment(380)) - e568d23f-199e-48ce-91e4-5c166e2e97cd@group-EF60280D0D4B-SegmentedRaftLogWorker: Starting segment from index:0
2019-09-25 07:05:00,561 [pool-27-thread-1] INFO  storage.RaftStorageDirectory (RaftStorageDirectory.java:analyzeStorage(246)) - The storage directory /workdir/hadoop-ozone/integration-test/target/test-dir/MiniOzoneClusterImpl-39af9574-7a8b-4ed7-b830-bf686a3d4bb8/datanode-0/data/ratis/31e69fbb-1648-45ba-a4a7-e6f9350c10f4 does not exist. Creating ...
2019-09-25 07:05:00,560 [62ec8eb9-3ae9-4136-b70a-2caf3716fa7f@group-52492DA1CE05:LeaderElection152] INFO  server.RaftServerConfigKeys (ConfUtils.java:logGet(43)) - raft.server.watch.element-limit = 65536 (default)
2019-09-25 07:05:00,560 [e568d23f-199e-48ce-91e4-5c166e2e97cd@group-6D5E2718846D-SegmentedRaftLogWorker] INFO  segmented.SegmentedRaftLogWorker (SegmentedRaftLogWorker.java:close(228)) - e568d23f-199e-48ce-91e4-5c166e2e97cd@group-6D5E2718846D-SegmentedRaftLogWorker close()
2019-09-25 07:05:00,782 [e568d23f-199e-48ce-91e4-5c166e2e97cd@group-EF60280D0D4B:LeaderElection122] INFO  impl.RaftServerImpl (ServerState.java:setRaftConf(354)) - e568d23f-199e-48ce-91e4-5c166e2e97cd@group-EF60280D0D4B: set configuration 0: [e568d23f-199e-48ce-91e4-5c166e2e97cd:192.168.30.10:42827], old=null at 0
2019-09-25 07:05:00,779 [pool-47-thread-1] INFO  storage.RaftStorageDirectory (RaftStorageDirectory.java:tryLock(328)) - Lock on /workdir/hadoop-ozone/integration-test/target/test-dir/MiniOzoneClusterImpl-39af9574-7a8b-4ed7-b830-bf686a3d4bb8/datanode-2/data/ratis/31e69fbb-1648-45ba-a4a7-e6f9350c10f4/in_use.lock acquired by nodename 19495@pr-hdds-1569-s62bp-3040748787
2019-09-25 07:05:00,563 [62ec8eb9-3ae9-4136-b70a-2caf3716fa7f@group-C509BEFDAC58:LeaderElection123] INFO  impl.RaftServerImpl (ServerState.java:setRaftConf(354)) - 62ec8eb9-3ae9-4136-b70a-2caf3716fa7f@group-C509BEFDAC58: set configuration 0: [62ec8eb9-3ae9-4136-b70a-2caf3716fa7f:192.168.30.10:44715], old=null at 0
2019-09-25 07:05:00,563 [62ec8eb9-3ae9-4136-b70a-2caf3716fa7f@group-B55175940783-SegmentedRaftLogWorker] INFO  impl.RoleInfo (RoleInfo.java:shutdownLeaderState(104)) - 62ec8eb9-3ae9-4136-b70a-2caf3716fa7f: shutdown LeaderState
2019-09-25 07:05:00,562 [pool-37-thread-1] INFO  impl.RaftServerImpl (RaftServerImpl.java:<init>(95)) - 62ec8eb9-3ae9-4136-b70a-2caf3716fa7f: new RaftServerImpl for group-E6F9350C10F4:[24bf2945-a329-4da6-aaf2-23ecd8d462c6:192.168.30.10:42867, e568d23f-199e-48ce-91e4-5c166e2e97cd:192.168.30.10:42827, 62ec8eb9-3ae9-4136-b70a-2caf3716fa7f:192.168.30.10:44715] with ContainerStateMachine:uninitialized
2019-09-25 07:05:00,562 [24bf2945-a329-4da6-aaf2-23ecd8d462c6@group-924297F06423:LeaderElection150] INFO  server.RaftServerConfigKeys (ConfUtils.java:logGet(43)) - raft.server.watch.timeout.denomination = 1s (default)
2019-09-25 07:05:00,998 [RATISCREATEPIPELINE2] ERROR pipeline.RatisPipelineProvider (RatisPipelineProvider.java:lambda$null$2(181)) - Failed invoke Ratis rpc org.apache.hadoop.hdds.scm.pipeline.RatisPipelineProvider$$Lambda$179/98052779@7296b2c5 for 24bf2945-a329-4da6-aaf2-23ecd8d462c6
org.apache.ratis.protocol.TimeoutIOException: deadline exceeded after 2999755631ns
	at org.apache.ratis.grpc.GrpcUtil.tryUnwrapException(GrpcUtil.java:82)
	at org.apache.ratis.grpc.GrpcUtil.unwrapException(GrpcUtil.java:75)
	at org.apache.ratis.grpc.client.GrpcClientProtocolClient.blockingCall(GrpcClientProtocolClient.java:178)
	at org.apache.ratis.grpc.client.GrpcClientProtocolClient.groupAdd(GrpcClientProtocolClient.java:147)
	at org.apache.ratis.grpc.client.GrpcClientRpc.sendRequest(GrpcClientRpc.java:94)
	at org.apache.ratis.client.impl.RaftClientImpl.sendRequest(RaftClientImpl.java:278)
	at org.apache.ratis.client.impl.RaftClientImpl.groupAdd(RaftClientImpl.java:205)
	at org.apache.hadoop.hdds.scm.pipeline.RatisPipelineProvider.lambda$initializePipeline$1(RatisPipelineProvider.java:142)
	at org.apache.hadoop.hdds.scm.pipeline.RatisPipelineProvider.lambda$null$2(RatisPipelineProvider.java:177)
	at java.util.stream.ForEachOps$ForEachOp$OfRef.accept(ForEachOps.java:184)
	at java.util.ArrayList$ArrayListSpliterator.forEachRemaining(ArrayList.java:1382)
	at java.util.stream.AbstractPipeline.copyInto(AbstractPipeline.java:482)
	at java.util.stream.ForEachOps$ForEachTask.compute(ForEachOps.java:291)
	at java.util.concurrent.CountedCompleter.exec(CountedCompleter.java:731)
	at java.util.concurrent.ForkJoinTask.doExec(ForkJoinTask.java:289)
	at java.util.concurrent.ForkJoinPool$WorkQueue.runTask(ForkJoinPool.java:1056)
	at java.util.concurrent.ForkJoinPool.runWorker(ForkJoinPool.java:1692)
	at java.util.concurrent.ForkJoinWorkerThread.run(ForkJoinWorkerThread.java:157)
Caused by: org.apache.ratis.thirdparty.io.grpc.StatusRuntimeException: DEADLINE_EXCEEDED: deadline exceeded after 2999755631ns
	at org.apache.ratis.thirdparty.io.grpc.stub.ClientCalls.toStatusRuntimeException(ClientCalls.java:233)
	at org.apache.ratis.thirdparty.io.grpc.stub.ClientCalls.getUnchecked(ClientCalls.java:214)
	at org.apache.ratis.thirdparty.io.grpc.stub.ClientCalls.blockingUnaryCall(ClientCalls.java:139)
	at org.apache.ratis.proto.grpc.AdminProtocolServiceGrpc$AdminProtocolServiceBlockingStub.groupManagement(AdminProtocolServiceGrpc.java:274)
	at org.apache.ratis.grpc.client.GrpcClientProtocolClient.lambda$groupAdd$3(GrpcClientProtocolClient.java:149)
	at org.apache.ratis.grpc.client.GrpcClientProtocolClient.blockingCall(GrpcClientProtocolClient.java:176)
	... 15 more
2019-09-25 07:05:00,998 [pool-37-thread-1] INFO  server.RaftServerConfigKeys (ConfUtils.java:logGet(43)) - raft.server.rpc.timeout.min = 5s (custom)
2019-09-25 07:05:00,994 [62ec8eb9-3ae9-4136-b70a-2caf3716fa7f@group-B55175940783-SegmentedRaftLogWorker] INFO  impl.PendingRequests (PendingRequests.java:sendNotLeaderResponses(202)) - 62ec8eb9-3ae9-4136-b70a-2caf3716fa7f-PendingRequests: sendNotLeaderResponses
2019-09-25 07:05:00,994 [62ec8eb9-3ae9-4136-b70a-2caf3716fa7f@group-853F494A7699-SegmentedRaftLogWorker] ERROR segmented.SegmentedRaftLogWorker (SegmentedRaftLogWorker.java:run(323)) - 62ec8eb9-3ae9-4136-b70a-2caf3716fa7f@group-853F494A7699-SegmentedRaftLogWorker hit exception
java.lang.OutOfMemoryError: Direct buffer memory
	at java.nio.Bits.reserveMemory(Bits.java:666)
	at java.nio.DirectByteBuffer.<init>(DirectByteBuffer.java:123)
	at java.nio.ByteBuffer.allocateDirect(ByteBuffer.java:311)
	at org.apache.ratis.server.raftlog.segmented.BufferedWriteChannel.<init>(BufferedWriteChannel.java:41)
	at org.apache.ratis.server.raftlog.segmented.SegmentedRaftLogOutputStream.<init>(SegmentedRaftLogOutputStream.java:72)
	at org.apache.ratis.server.raftlog.segmented.SegmentedRaftLogWorker$StartLogSegment.execute(SegmentedRaftLogWorker.java:566)
	at org.apache.ratis.server.raftlog.segmented.SegmentedRaftLogWorker.run(SegmentedRaftLogWorker.java:289)
	at java.lang.Thread.run(Thread.java:748)
2019-09-25 07:05:00,994 [pool-27-thread-1] INFO  storage.RaftStorageDirectory (RaftStorageDirectory.java:tryLock(328)) - Lock on /workdir/hadoop-ozone/integration-test/target/test-dir/MiniOzoneClusterImpl-39af9574-7a8b-4ed7-b830-bf686a3d4bb8/datanode-0/data/ratis/31e69fbb-1648-45ba-a4a7-e6f9350c10f4/in_use.lock acquired by nodename 19495@pr-hdds-1569-s62bp-3040748787
2019-09-25 07:05:00,994 [62ec8eb9-3ae9-4136-b70a-2caf3716fa7f@group-AE2CC0DD201F-SegmentedRaftLogWorker] ERROR segmented.SegmentedRaftLogWorker (SegmentedRaftLogWorker.java:run(323)) - 62ec8eb9-3ae9-4136-b70a-2caf3716fa7f@group-AE2CC0DD201F-SegmentedRaftLogWorker hit exception
java.lang.OutOfMemoryError: Direct buffer memory
	at java.nio.Bits.reserveMemory(Bits.java:666)
	at java.nio.DirectByteBuffer.<init>(DirectByteBuffer.java:123)
	at java.nio.ByteBuffer.allocateDirect(ByteBuffer.java:311)
	at org.apache.ratis.server.raftlog.segmented.BufferedWriteChannel.<init>(BufferedWriteChannel.java:41)
	at org.apache.ratis.server.raftlog.segmented.SegmentedRaftLogOutputStream.<init>(SegmentedRaftLogOutputStream.java:72)
	at org.apache.ratis.server.raftlog.segmented.SegmentedRaftLogWorker$StartLogSegment.execute(SegmentedRaftLogWorker.java:566)
	at org.apache.ratis.server.raftlog.segmented.SegmentedRaftLogWorker.run(SegmentedRaftLogWorker.java:289)
	at java.lang.Thread.run(Thread.java:748)
2019-09-25 07:05:00,994 [e568d23f-199e-48ce-91e4-5c166e2e97cd@group-345830245B51-SegmentedRaftLogWorker] ERROR segmented.SegmentedRaftLogWorker (SegmentedRaftLogWorker.java:run(323)) - e568d23f-199e-48ce-91e4-5c166e2e97cd@group-345830245B51-SegmentedRaftLogWorker hit exception
java.lang.OutOfMemoryError: Direct buffer memory
	at java.nio.Bits.reserveMemory(Bits.java:666)
	at java.nio.DirectByteBuffer.<init>(DirectByteBuffer.java:123)
	at java.nio.ByteBuffer.allocateDirect(ByteBuffer.java:311)
	at org.apache.ratis.server.raftlog.segmented.BufferedWriteChannel.<init>(BufferedWriteChannel.java:41)
	at org.apache.ratis.server.raftlog.segmented.SegmentedRaftLogOutputStream.<init>(SegmentedRaftLogOutputStream.java:72)
	at org.apache.ratis.server.raftlog.segmented.SegmentedRaftLogWorker$StartLogSegment.execute(SegmentedRaftLogWorker.java:566)
	at org.apache.ratis.server.raftlog.segmented.SegmentedRaftLogWorker.run(SegmentedRaftLogWorker.java:289)
	at java.lang.Thread.run(Thread.java:748)
2019-09-25 07:05:00,994 [e568d23f-199e-48ce-91e4-5c166e2e97cd@group-3D7A5B67F997-SegmentedRaftLogWorker] ERROR segmented.SegmentedRaftLogWorker (SegmentedRaftLogWorker.java:run(323)) - e568d23f-199e-48ce-91e4-5c166e2e97cd@group-3D7A5B67F997-SegmentedRaftLogWorker hit exception
java.lang.OutOfMemoryError: Direct buffer memory
	at java.nio.Bits.reserveMemory(Bits.java:666)
	at java.nio.DirectByteBuffer.<init>(DirectByteBuffer.java:123)
	at java.nio.ByteBuffer.allocateDirect(ByteBuffer.java:311)
	at org.apache.ratis.server.raftlog.segmented.BufferedWriteChannel.<init>(BufferedWriteChannel.java:41)
	at org.apache.ratis.server.raftlog.segmented.SegmentedRaftLogOutputStream.<init>(SegmentedRaftLogOutputStream.java:72)
	at org.apache.ratis.server.raftlog.segmented.SegmentedRaftLogWorker$StartLogSegment.execute(SegmentedRaftLogWorker.java:566)
	at org.apache.ratis.server.raftlog.segmented.SegmentedRaftLogWorker.run(SegmentedRaftLogWorker.java:289)
	at java.lang.Thread.run(Thread.java:748)
2019-09-25 07:05:00,994 [62ec8eb9-3ae9-4136-b70a-2caf3716fa7f@group-AF43CFC2C23D-SegmentedRaftLogWorker] ERROR segmented.SegmentedRaftLogWorker (SegmentedRaftLogWorker.java:run(323)) - 62ec8eb9-3ae9-4136-b70a-2caf3716fa7f@group-AF43CFC2C23D-SegmentedRaftLogWorker hit exception
java.lang.OutOfMemoryError: Direct buffer memory
	at java.nio.Bits.reserveMemory(Bits.java:666)
	at java.nio.DirectByteBuffer.<init>(DirectByteBuffer.java:123)
	at java.nio.ByteBuffer.allocateDirect(ByteBuffer.java:311)
	at org.apache.ratis.server.raftlog.segmented.BufferedWriteChannel.<init>(BufferedWriteChannel.java:41)
	at org.apache.ratis.server.raftlog.segmented.SegmentedRaftLogOutputStream.<init>(SegmentedRaftLogOutputStream.java:72)
	at org.apache.ratis.server.raftlog.segmented.SegmentedRaftLogWorker$StartLogSegment.execute(SegmentedRaftLogWorker.java:566)
	at org.apache.ratis.server.raftlog.segmented.SegmentedRaftLogWorker.run(SegmentedRaftLogWorker.java:289)
	at java.lang.Thread.run(Thread.java:748)
2019-09-25 07:05:00,993 [62ec8eb9-3ae9-4136-b70a-2caf3716fa7f@group-ABB063594AB8-SegmentedRaftLogWorker] ERROR segmented.SegmentedRaftLogWorker (SegmentedRaftLogWorker.java:run(323)) - 62ec8eb9-3ae9-4136-b70a-2caf3716fa7f@group-ABB063594AB8-SegmentedRaftLogWorker hit exception
java.lang.OutOfMemoryError: Direct buffer memory
	at java.nio.Bits.reserveMemory(Bits.java:666)
	at java.nio.DirectByteBuffer.<init>(DirectByteBuffer.java:123)
	at java.nio.ByteBuffer.allocateDirect(ByteBuffer.java:311)
	at org.apache.ratis.server.raftlog.segmented.BufferedWriteChannel.<init>(BufferedWriteChannel.java:41)
	at org.apache.ratis.server.raftlog.segmented.SegmentedRaftLogOutputStream.<init>(SegmentedRaftLogOutputStream.java:72)
	at org.apache.ratis.server.raftlog.segmented.SegmentedRaftLogWorker$StartLogSegment.execute(SegmentedRaftLogWorker.java:566)
	at org.apache.ratis.server.raftlog.segmented.SegmentedRaftLogWorker.run(SegmentedRaftLogWorker.java:289)
	at java.lang.Thread.run(Thread.java:748)
2019-09-25 07:05:01,015 [62ec8eb9-3ae9-4136-b70a-2caf3716fa7f@group-ABB063594AB8-SegmentedRaftLogWorker] INFO  impl.RaftServerImpl (RaftServerImpl.java:lambda$shutdown$3(251)) - 62ec8eb9-3ae9-4136-b70a-2caf3716fa7f@group-ABB063594AB8: shutdown
2019-09-25 07:05:01,016 [pool-47-thread-1] INFO  storage.RaftStorage (RaftStorage.java:format(72)) - Storage directory /workdir/hadoop-ozone/integration-test/target/test-dir/MiniOzoneClusterImpl-39af9574-7a8b-4ed7-b830-bf686a3d4bb8/datanode-2/data/ratis/31e69fbb-1648-45ba-a4a7-e6f9350c10f4 has been successfully formatted.
2019-09-25 07:05:00,993 [62ec8eb9-3ae9-4136-b70a-2caf3716fa7f@group-3A07CAB9B615-SegmentedRaftLogWorker] ERROR segmented.SegmentedRaftLogWorker (SegmentedRaftLogWorker.java:run(323)) - 62ec8eb9-3ae9-4136-b70a-2caf3716fa7f@group-3A07CAB9B615-SegmentedRaftLogWorker hit exception
java.lang.OutOfMemoryError: Direct buffer memory
	at java.nio.Bits.reserveMemory(Bits.java:666)
	at java.nio.DirectByteBuffer.<init>(DirectByteBuffer.java:123)
	at java.nio.ByteBuffer.allocateDirect(ByteBuffer.java:311)
	at org.apache.ratis.server.raftlog.segmented.BufferedWriteChannel.<init>(BufferedWriteChannel.java:41)
	at org.apache.ratis.server.raftlog.segmented.SegmentedRaftLogOutputStream.<init>(SegmentedRaftLogOutputStream.java:72)
	at org.apache.ratis.server.raftlog.segmented.SegmentedRaftLogWorker$StartLogSegment.execute(SegmentedRaftLogWorker.java:566)
	at org.apache.ratis.server.raftlog.segmented.SegmentedRaftLogWorker.run(SegmentedRaftLogWorker.java:289)
	at java.lang.Thread.run(Thread.java:748)
2019-09-25 07:05:00,993 [24bf2945-a329-4da6-aaf2-23ecd8d462c6@group-A7908075CAFF-SegmentedRaftLogWorker] ERROR segmented.SegmentedRaftLogWorker (SegmentedRaftLogWorker.java:run(323)) - 24bf2945-a329-4da6-aaf2-23ecd8d462c6@group-A7908075CAFF-SegmentedRaftLogWorker hit exception
java.lang.OutOfMemoryError: Direct buffer memory
	at java.nio.Bits.reserveMemory(Bits.java:666)
	at java.nio.DirectByteBuffer.<init>(DirectByteBuffer.java:123)
	at java.nio.ByteBuffer.allocateDirect(ByteBuffer.java:311)
	at org.apache.ratis.server.raftlog.segmented.BufferedWriteChannel.<init>(BufferedWriteChannel.java:41)
	at org.apache.ratis.server.raftlog.segmented.SegmentedRaftLogOutputStream.<init>(SegmentedRaftLogOutputStream.java:72)
	at org.apache.ratis.server.raftlog.segmented.SegmentedRaftLogWorker$StartLogSegment.execute(SegmentedRaftLogWorker.java:566)
	at org.apache.ratis.server.raftlog.segmented.SegmentedRaftLogWorker.run(SegmentedRaftLogWorker.java:289)
	at java.lang.Thread.run(Thread.java:748)
2019-09-25 07:05:00,993 [24bf2945-a329-4da6-aaf2-23ecd8d462c6@group-806C51DA001C-SegmentedRaftLogWorker] ERROR segmented.SegmentedRaftLogWorker (SegmentedRaftLogWorker.java:run(323)) - 24bf2945-a329-4da6-aaf2-23ecd8d462c6@group-806C51DA001C-SegmentedRaftLogWorker hit exception
java.lang.OutOfMemoryError: Direct buffer memory
	at java.nio.Bits.reserveMemory(Bits.java:666)
	at java.nio.DirectByteBuffer.<init>(DirectByteBuffer.java:123)
	at java.nio.ByteBuffer.allocateDirect(ByteBuffer.java:311)
	at org.apache.ratis.server.raftlog.segmented.BufferedWriteChannel.<init>(BufferedWriteChannel.java:41)
	at org.apache.ratis.server.raftlog.segmented.SegmentedRaftLogOutputStream.<init>(SegmentedRaftLogOutputStream.java:72)
	at org.apache.ratis.server.raftlog.segmented.SegmentedRaftLogWorker$StartLogSegment.execute(SegmentedRaftLogWorker.java:566)
	at org.apache.ratis.server.raftlog.segmented.SegmentedRaftLogWorker.run(SegmentedRaftLogWorker.java:289)
	at java.lang.Thread.run(Thread.java:748)
2019-09-25 07:05:00,993 [24bf2945-a329-4da6-aaf2-23ecd8d462c6@group-26C64E403BCE-SegmentedRaftLogWorker] ERROR segmented.SegmentedRaftLogWorker (SegmentedRaftLogWorker.java:run(323)) - 24bf2945-a329-4da6-aaf2-23ecd8d462c6@group-26C64E403BCE-SegmentedRaftLogWorker hit exception
java.lang.OutOfMemoryError: Direct buffer memory
	at java.nio.Bits.reserveMemory(Bits.java:666)
	at java.nio.DirectByteBuffer.<init>(DirectByteBuffer.java:123)
	at java.nio.ByteBuffer.allocateDirect(ByteBuffer.java:311)
	at org.apache.ratis.server.raftlog.segmented.BufferedWriteChannel.<init>(BufferedWriteChannel.java:41)
	at org.apache.ratis.server.raftlog.segmented.SegmentedRaftLogOutputStream.<init>(SegmentedRaftLogOutputStream.java:72)
	at org.apache.ratis.server.raftlog.segmented.SegmentedRaftLogWorker$StartLogSegment.execute(SegmentedRaftLogWorker.java:566)
	at org.apache.ratis.server.raftlog.segmented.SegmentedRaftLogWorker.run(SegmentedRaftLogWorker.java:289)
	at java.lang.Thread.run(Thread.java:748)
2019-09-25 07:05:00,993 [24bf2945-a329-4da6-aaf2-23ecd8d462c6@group-20DC2BFBC392-SegmentedRaftLogWorker] ERROR segmented.SegmentedRaftLogWorker (SegmentedRaftLogWorker.java:run(323)) - 24bf2945-a329-4da6-aaf2-23ecd8d462c6@group-20DC2BFBC392-SegmentedRaftLogWorker hit exception
java.lang.OutOfMemoryError: Direct buffer memory
	at java.nio.Bits.reserveMemory(Bits.java:666)
	at java.nio.DirectByteBuffer.<init>(DirectByteBuffer.java:123)
	at java.nio.ByteBuffer.allocateDirect(ByteBuffer.java:311)
	at org.apache.ratis.server.raftlog.segmented.BufferedWriteChannel.<init>(BufferedWriteChannel.java:41)
	at org.apache.ratis.server.raftlog.segmented.SegmentedRaftLogOutputStream.<init>(SegmentedRaftLogOutputStream.java:72)
	at org.apache.ratis.server.raftlog.segmented.SegmentedRaftLogWorker$StartLogSegment.execute(SegmentedRaftLogWorker.java:566)
	at org.apache.ratis.server.raftlog.segmented.SegmentedRaftLogWorker.run(SegmentedRaftLogWorker.java:289)
	at java.lang.Thread.run(Thread.java:748)
2019-09-25 07:05:01,017 [24bf2945-a329-4da6-aaf2-23ecd8d462c6@group-26C64E403BCE-SegmentedRaftLogWorker] INFO  impl.RaftServerImpl (RaftServerImpl.java:lambda$shutdown$3(251)) - 24bf2945-a329-4da6-aaf2-23ecd8d462c6@group-26C64E403BCE: shutdown
2019-09-25 07:05:01,017 [24bf2945-a329-4da6-aaf2-23ecd8d462c6@group-806C51DA001C-SegmentedRaftLogWorker] INFO  impl.RaftServerImpl (RaftServerImpl.java:lambda$shutdown$3(251)) - 24bf2945-a329-4da6-aaf2-23ecd8d462c6@group-806C51DA001C: shutdown
2019-09-25 07:05:01,016 [24bf2945-a329-4da6-aaf2-23ecd8d462c6@group-A7908075CAFF-SegmentedRaftLogWorker] INFO  impl.RaftServerImpl (RaftServerImpl.java:lambda$shutdown$3(251)) - 24bf2945-a329-4da6-aaf2-23ecd8d462c6@group-A7908075CAFF: shutdown
2019-09-25 07:05:01,016 [62ec8eb9-3ae9-4136-b70a-2caf3716fa7f@group-3A07CAB9B615-SegmentedRaftLogWorker] INFO  impl.RaftServerImpl (RaftServerImpl.java:lambda$shutdown$3(251)) - 62ec8eb9-3ae9-4136-b70a-2caf3716fa7f@group-3A07CAB9B615: shutdown
2019-09-25 07:05:01,016 [pool-47-thread-1] INFO  ratis.ContainerStateMachine (ContainerStateMachine.java:loadSnapshot(230)) - group-E6F9350C10F4: The snapshot info is null. Setting the last applied indexto:(t:0, i:~)
2019-09-25 07:05:01,018 [pool-47-thread-1] INFO  server.RaftServerConfigKeys (ConfUtils.java:logGet(43)) - raft.server.notification.no-leader.timeout = 120s (custom)
2019-09-25 07:05:01,016 [pool-27-thread-1] INFO  storage.RaftStorage (RaftStorage.java:format(72)) - Storage directory /workdir/hadoop-ozone/integration-test/target/test-dir/MiniOzoneClusterImpl-39af9574-7a8b-4ed7-b830-bf686a3d4bb8/datanode-0/data/ratis/31e69fbb-1648-45ba-a4a7-e6f9350c10f4 has been successfully formatted.
2019-09-25 07:05:01,001 [62ec8eb9-3ae9-4136-b70a-2caf3716fa7f@group-AF43CFC2C23D-SegmentedRaftLogWorker] INFO  impl.RaftServerImpl (RaftServerImpl.java:lambda$shutdown$3(251)) - 62ec8eb9-3ae9-4136-b70a-2caf3716fa7f@group-AF43CFC2C23D: shutdown
2019-09-25 07:05:01,000 [e568d23f-199e-48ce-91e4-5c166e2e97cd@group-3D7A5B67F997-SegmentedRaftLogWorker] INFO  impl.RaftServerImpl (RaftServerImpl.java:lambda$shutdown$3(251)) - e568d23f-199e-48ce-91e4-5c166e2e97cd@group-3D7A5B67F997: shutdown
2019-09-25 07:05:01,000 [e568d23f-199e-48ce-91e4-5c166e2e97cd@group-345830245B51-SegmentedRaftLogWorker] INFO  impl.RaftServerImpl (RaftServerImpl.java:lambda$shutdown$3(251)) - e568d23f-199e-48ce-91e4-5c166e2e97cd@group-345830245B51: shutdown
2019-09-25 07:05:01,000 [62ec8eb9-3ae9-4136-b70a-2caf3716fa7f@group-AE2CC0DD201F-SegmentedRaftLogWorker] INFO  impl.RaftServerImpl (RaftServerImpl.java:lambda$shutdown$3(251)) - 62ec8eb9-3ae9-4136-b70a-2caf3716fa7f@group-AE2CC0DD201F: shutdown
2019-09-25 07:05:00,999 [62ec8eb9-3ae9-4136-b70a-2caf3716fa7f@group-853F494A7699-SegmentedRaftLogWorker] INFO  impl.RaftServerImpl (RaftServerImpl.java:lambda$shutdown$3(251)) - 62ec8eb9-3ae9-4136-b70a-2caf3716fa7f@group-853F494A7699: shutdown
2019-09-25 07:05:00,999 [62ec8eb9-3ae9-4136-b70a-2caf3716fa7f@group-B55175940783-SegmentedRaftLogWorker] INFO  impl.StateMachineUpdater (StateMachineUpdater.java:stopAndJoin(125)) - 62ec8eb9-3ae9-4136-b70a-2caf3716fa7f@group-B55175940783-StateMachineUpdater: set stopIndex = -1
2019-09-25 07:05:00,999 [pool-37-thread-1] INFO  server.RaftServerConfigKeys (ConfUtils.java:logGet(43)) - raft.server.rpc.timeout.max = 5200ms (custom)
2019-09-25 07:05:00,998 [RATISCREATEPIPELINE3] ERROR pipeline.RatisPipelineProvider (RatisPipelineProvider.java:lambda$null$2(181)) - Failed invoke Ratis rpc org.apache.hadoop.hdds.scm.pipeline.RatisPipelineProvider$$Lambda$179/98052779@7296b2c5 for e568d23f-199e-48ce-91e4-5c166e2e97cd
org.apache.ratis.protocol.TimeoutIOException: deadline exceeded after 2999829277ns
	at org.apache.ratis.grpc.GrpcUtil.tryUnwrapException(GrpcUtil.java:82)
	at org.apache.ratis.grpc.GrpcUtil.unwrapException(GrpcUtil.java:75)
	at org.apache.ratis.grpc.client.GrpcClientProtocolClient.blockingCall(GrpcClientProtocolClient.java:178)
	at org.apache.ratis.grpc.client.GrpcClientProtocolClient.groupAdd(GrpcClientProtocolClient.java:147)
	at org.apache.ratis.grpc.client.GrpcClientRpc.sendRequest(GrpcClientRpc.java:94)
	at org.apache.ratis.client.impl.RaftClientImpl.sendRequest(RaftClientImpl.java:278)
	at org.apache.ratis.client.impl.RaftClientImpl.groupAdd(RaftClientImpl.java:205)
	at org.apache.hadoop.hdds.scm.pipeline.RatisPipelineProvider.lambda$initializePipeline$1(RatisPipelineProvider.java:142)
	at org.apache.hadoop.hdds.scm.pipeline.RatisPipelineProvider.lambda$null$2(RatisPipelineProvider.java:177)
	at java.util.stream.ForEachOps$ForEachOp$OfRef.accept(ForEachOps.java:184)
	at java.util.ArrayList$ArrayListSpliterator.forEachRemaining(ArrayList.java:1382)
	at java.util.stream.AbstractPipeline.copyInto(AbstractPipeline.java:482)
	at java.util.stream.ForEachOps$ForEachTask.compute(ForEachOps.java:291)
	at java.util.concurrent.CountedCompleter.exec(CountedCompleter.java:731)
	at java.util.concurrent.ForkJoinTask.doExec(ForkJoinTask.java:289)
	at java.util.concurrent.ForkJoinPool$WorkQueue.runTask(ForkJoinPool.java:1056)
	at java.util.concurrent.ForkJoinPool.runWorker(ForkJoinPool.java:1692)
	at java.util.concurrent.ForkJoinWorkerThread.run(ForkJoinWorkerThread.java:157)
Caused by: org.apache.ratis.thirdparty.io.grpc.StatusRuntimeException: DEADLINE_EXCEEDED: deadline exceeded after 2999829277ns
	at org.apache.ratis.thirdparty.io.grpc.stub.ClientCalls.toStatusRuntimeException(ClientCalls.java:233)
	at org.apache.ratis.thirdparty.io.grpc.stub.ClientCalls.getUnchecked(ClientCalls.java:214)
	at org.apache.ratis.thirdparty.io.grpc.stub.ClientCalls.blockingUnaryCall(ClientCalls.java:139)
	at org.apache.ratis.proto.grpc.AdminProtocolServiceGrpc$AdminProtocolServiceBlockingStub.groupManagement(AdminProtocolServiceGrpc.java:274)
	at org.apache.ratis.grpc.client.GrpcClientProtocolClient.lambda$groupAdd$3(GrpcClientProtocolClient.java:149)
	at org.apache.ratis.grpc.client.GrpcClientProtocolClient.blockingCall(GrpcClientProtocolClient.java:176)
	... 15 more
2019-09-25 07:05:00,998 [24bf2945-a329-4da6-aaf2-23ecd8d462c6@group-924297F06423:LeaderElection150] INFO  server.RaftServerConfigKeys (ConfUtils.java:logGet(43)) - raft.server.watch.element-limit = 65536 (default)
2019-09-25 07:05:01,020 [pool-37-thread-1] INFO  server.RaftServerConfigKeys (ConfUtils.java:logGet(43)) - raft.server.rpcslowness.timeout = 120s (custom)
2019-09-25 07:05:01,019 [62ec8eb9-3ae9-4136-b70a-2caf3716fa7f@group-B55175940783-SegmentedRaftLogWorker] INFO  impl.RaftServerImpl (ServerState.java:close(385)) - 62ec8eb9-3ae9-4136-b70a-2caf3716fa7f@group-B55175940783: closes. applyIndex: -1
2019-09-25 07:05:01,019 [pool-27-thread-1] INFO  ratis.ContainerStateMachine (ContainerStateMachine.java:loadSnapshot(230)) - group-E6F9350C10F4: The snapshot info is null. Setting the last applied indexto:(t:0, i:~)
2019-09-25 07:05:01,019 [pool-47-thread-1] INFO  server.RaftServerConfigKeys (ConfUtils.java:logGet(43)) - raft.server.log.use.memory = false (default)
2019-09-25 07:05:01,018 [62ec8eb9-3ae9-4136-b70a-2caf3716fa7f@group-ABB063594AB8-SegmentedRaftLogWorker] INFO  util.JmxRegister (JmxRegister.java:unregister(73)) - Successfully un-registered JMX Bean with object name Ratis:service=RaftServer,group=group-ABB063594AB8,id=62ec8eb9-3ae9-4136-b70a-2caf3716fa7f
2019-09-25 07:05:01,018 [24bf2945-a329-4da6-aaf2-23ecd8d462c6@group-20DC2BFBC392-SegmentedRaftLogWorker] INFO  impl.RaftServerImpl (RaftServerImpl.java:lambda$shutdown$3(251)) - 24bf2945-a329-4da6-aaf2-23ecd8d462c6@group-20DC2BFBC392: shutdown
2019-09-25 07:05:01,025 [62ec8eb9-3ae9-4136-b70a-2caf3716fa7f@group-ABB063594AB8-SegmentedRaftLogWorker] INFO  impl.RoleInfo (RoleInfo.java:shutdownLeaderState(104)) - 62ec8eb9-3ae9-4136-b70a-2caf3716fa7f: shutdown LeaderState
2019-09-25 07:05:01,025 [pool-47-thread-1] INFO  server.RaftServerConfigKeys (ConfUtils.java:logGet(43)) - raft.server.log.purge.gap = 1000000 (custom)
2019-09-25 07:05:01,025 [62ec8eb9-3ae9-4136-b70a-2caf3716fa7f@group-AF43CFC2C23D-SegmentedRaftLogWorker] INFO  util.JmxRegister (JmxRegister.java:unregister(73)) - Successfully un-registered JMX Bean with object name Ratis:service=RaftServer,group=group-AF43CFC2C23D,id=62ec8eb9-3ae9-4136-b70a-2caf3716fa7f
2019-09-25 07:05:01,025 [62ec8eb9-3ae9-4136-b70a-2caf3716fa7f@group-AF43CFC2C23D-SegmentedRaftLogWorker] INFO  impl.RoleInfo (RoleInfo.java:shutdownLeaderState(104)) - 62ec8eb9-3ae9-4136-b70a-2caf3716fa7f: shutdown LeaderState
2019-09-25 07:05:01,025 [62ec8eb9-3ae9-4136-b70a-2caf3716fa7f@group-3A07CAB9B615-SegmentedRaftLogWorker] INFO  util.JmxRegister (JmxRegister.java:unregister(73)) - Successfully un-registered JMX Bean with object name Ratis:service=RaftServer,group=group-3A07CAB9B615,id=62ec8eb9-3ae9-4136-b70a-2caf3716fa7f
2019-09-25 07:05:01,025 [pool-27-thread-1] INFO  server.RaftServerConfigKeys (ConfUtils.java:logGet(43)) - raft.server.notification.no-leader.timeout = 120s (custom)
2019-09-25 07:05:01,025 [62ec8eb9-3ae9-4136-b70a-2caf3716fa7f@group-B55175940783-SegmentedRaftLogWorker] INFO  segmented.SegmentedRaftLogWorker (SegmentedRaftLogWorker.java:close(228)) - 62ec8eb9-3ae9-4136-b70a-2caf3716fa7f@group-B55175940783-SegmentedRaftLogWorker close()
2019-09-25 07:05:01,024 [24bf2945-a329-4da6-aaf2-23ecd8d462c6@group-A7908075CAFF-SegmentedRaftLogWorker] INFO  util.JmxRegister (JmxRegister.java:unregister(73)) - Successfully un-registered JMX Bean with object name Ratis:service=RaftServer,group=group-A7908075CAFF,id=24bf2945-a329-4da6-aaf2-23ecd8d462c6
2019-09-25 07:05:01,024 [pool-37-thread-1] INFO  server.RaftServerConfigKeys (ConfUtils.java:logGet(43)) - raft.server.sleep.deviation.threshold = 300 (default)
2019-09-25 07:05:01,024 [62ec8eb9-3ae9-4136-b70a-2caf3716fa7f@group-A6D5E2AE564D:LeaderElection118] INFO  impl.RoleInfo (RoleInfo.java:updateAndGet(143)) - 62ec8eb9-3ae9-4136-b70a-2caf3716fa7f: start LeaderState
2019-09-25 07:05:01,024 [24bf2945-a329-4da6-aaf2-23ecd8d462c6@group-806C51DA001C-SegmentedRaftLogWorker] INFO  util.JmxRegister (JmxRegister.java:unregister(73)) - Successfully un-registered JMX Bean with object name Ratis:service=RaftServer,group=group-806C51DA001C,id=24bf2945-a329-4da6-aaf2-23ecd8d462c6
2019-09-25 07:05:01,031 [62ec8eb9-3ae9-4136-b70a-2caf3716fa7f@group-A6D5E2AE564D:LeaderElection118] INFO  segmented.SegmentedRaftLogWorker (SegmentedRaftLogWorker.java:startLogSegment(380)) - 62ec8eb9-3ae9-4136-b70a-2caf3716fa7f@group-A6D5E2AE564D-SegmentedRaftLogWorker: Starting segment from index:0
2019-09-25 07:05:01,024 [24bf2945-a329-4da6-aaf2-23ecd8d462c6@group-26C64E403BCE-SegmentedRaftLogWorker] INFO  util.JmxRegister (JmxRegister.java:unregister(73)) - Successfully un-registered JMX Bean with object name Ratis:service=RaftServer,group=group-26C64E403BCE,id=24bf2945-a329-4da6-aaf2-23ecd8d462c6
2019-09-25 07:05:01,031 [62ec8eb9-3ae9-4136-b70a-2caf3716fa7f@group-25849CE33AFF:LeaderElection105] INFO  impl.RoleInfo (RoleInfo.java:updateAndGet(143)) - 62ec8eb9-3ae9-4136-b70a-2caf3716fa7f: start LeaderState
2019-09-25 07:05:01,032 [62ec8eb9-3ae9-4136-b70a-2caf3716fa7f@group-A6D5E2AE564D:LeaderElection118] INFO  impl.RaftServerImpl (ServerState.java:setRaftConf(354)) - 62ec8eb9-3ae9-4136-b70a-2caf3716fa7f@group-A6D5E2AE564D: set configuration 0: [62ec8eb9-3ae9-4136-b70a-2caf3716fa7f:192.168.30.10:44715], old=null at 0
2019-09-25 07:05:01,032 [62ec8eb9-3ae9-4136-b70a-2caf3716fa7f@group-25849CE33AFF:LeaderElection105] INFO  segmented.SegmentedRaftLogWorker (SegmentedRaftLogWorker.java:startLogSegment(380)) - 62ec8eb9-3ae9-4136-b70a-2caf3716fa7f@group-25849CE33AFF-SegmentedRaftLogWorker: Starting segment from index:0
2019-09-25 07:05:01,031 [24bf2945-a329-4da6-aaf2-23ecd8d462c6@group-806C51DA001C-SegmentedRaftLogWorker] INFO  impl.RoleInfo (RoleInfo.java:shutdownLeaderState(104)) - 24bf2945-a329-4da6-aaf2-23ecd8d462c6: shutdown LeaderState
2019-09-25 07:05:01,286 [62ec8eb9-3ae9-4136-b70a-2caf3716fa7f@group-25849CE33AFF:LeaderElection105] INFO  impl.RaftServerImpl (ServerState.java:setRaftConf(354)) - 62ec8eb9-3ae9-4136-b70a-2caf3716fa7f@group-25849CE33AFF: set configuration 0: [62ec8eb9-3ae9-4136-b70a-2caf3716fa7f:192.168.30.10:44715], old=null at 0
2019-09-25 07:05:01,031 [pool-37-thread-1] INFO  server.RaftServerConfigKeys (ConfUtils.java:logGet(43)) - raft.server.log.appender.install.snapshot.enabled = false (custom)
2019-09-25 07:05:01,031 [24bf2945-a329-4da6-aaf2-23ecd8d462c6@group-A7908075CAFF-SegmentedRaftLogWorker] INFO  impl.RoleInfo (RoleInfo.java:shutdownLeaderState(104)) - 24bf2945-a329-4da6-aaf2-23ecd8d462c6: shutdown LeaderState
2019-09-25 07:05:01,026 [62ec8eb9-3ae9-4136-b70a-2caf3716fa7f@group-853F494A7699-SegmentedRaftLogWorker] INFO  util.JmxRegister (JmxRegister.java:unregister(73)) - Successfully un-registered JMX Bean with object name Ratis:service=RaftServer,group=group-853F494A7699,id=62ec8eb9-3ae9-4136-b70a-2caf3716fa7f
2019-09-25 07:05:01,026 [62ec8eb9-3ae9-4136-b70a-2caf3716fa7f@group-AE2CC0DD201F-SegmentedRaftLogWorker] INFO  util.JmxRegister (JmxRegister.java:unregister(73)) - Successfully un-registered JMX Bean with object name Ratis:service=RaftServer,group=group-AE2CC0DD201F,id=62ec8eb9-3ae9-4136-b70a-2caf3716fa7f
2019-09-25 07:05:01,026 [pool-27-thread-1] INFO  server.RaftServerConfigKeys (ConfUtils.java:logGet(43)) - raft.server.log.use.memory = false (default)
2019-09-25 07:05:01,026 [e568d23f-199e-48ce-91e4-5c166e2e97cd@group-345830245B51-SegmentedRaftLogWorker] INFO  util.JmxRegister (JmxRegister.java:unregister(73)) - Successfully un-registered JMX Bean with object name Ratis:service=RaftServer,group=group-345830245B51,id=e568d23f-199e-48ce-91e4-5c166e2e97cd
2019-09-25 07:05:01,516 [e568d23f-199e-48ce-91e4-5c166e2e97cd@group-345830245B51-SegmentedRaftLogWorker] INFO  impl.RoleInfo (RoleInfo.java:shutdownLeaderState(104)) - e568d23f-199e-48ce-91e4-5c166e2e97cd: shutdown LeaderState
2019-09-25 07:05:01,026 [62ec8eb9-3ae9-4136-b70a-2caf3716fa7f@group-3A07CAB9B615-SegmentedRaftLogWorker] INFO  impl.RoleInfo (RoleInfo.java:shutdownLeaderState(104)) - 62ec8eb9-3ae9-4136-b70a-2caf3716fa7f: shutdown LeaderState
2019-09-25 07:05:01,025 [62ec8eb9-3ae9-4136-b70a-2caf3716fa7f@group-AF43CFC2C23D-SegmentedRaftLogWorker] INFO  impl.PendingRequests (PendingRequests.java:sendNotLeaderResponses(202)) - 62ec8eb9-3ae9-4136-b70a-2caf3716fa7f-PendingRequests: sendNotLeaderResponses
2019-09-25 07:05:01,025 [e568d23f-199e-48ce-91e4-5c166e2e97cd@group-3D7A5B67F997-SegmentedRaftLogWorker] INFO  util.JmxRegister (JmxRegister.java:unregister(73)) - Successfully un-registered JMX Bean with object name Ratis:service=RaftServer,group=group-3D7A5B67F997,id=e568d23f-199e-48ce-91e4-5c166e2e97cd
2019-09-25 07:05:01,526 [e568d23f-199e-48ce-91e4-5c166e2e97cd@group-3D7A5B67F997-SegmentedRaftLogWorker] INFO  impl.RoleInfo (RoleInfo.java:shutdownLeaderState(104)) - e568d23f-199e-48ce-91e4-5c166e2e97cd: shutdown LeaderState
2019-09-25 07:05:01,025 [pool-47-thread-1] INFO  server.RaftServerConfigKeys (ConfUtils.java:logGet(43)) - raft.server.log.appender.buffer.byte-limit = 33554432 (custom)
2019-09-25 07:05:01,025 [62ec8eb9-3ae9-4136-b70a-2caf3716fa7f@group-ABB063594AB8-SegmentedRaftLogWorker] INFO  impl.PendingRequests (PendingRequests.java:sendNotLeaderResponses(202)) - 62ec8eb9-3ae9-4136-b70a-2caf3716fa7f-PendingRequests: sendNotLeaderResponses
2019-09-25 07:05:01,527 [pool-47-thread-1] INFO  server.RaftServerConfigKeys (ConfUtils.java:logGet(43)) - raft.server.log.segment.size.max = 1048576 (custom)
2019-09-25 07:05:01,527 [e568d23f-199e-48ce-91e4-5c166e2e97cd@group-3D7A5B67F997-SegmentedRaftLogWorker] INFO  impl.PendingRequests (PendingRequests.java:sendNotLeaderResponses(202)) - e568d23f-199e-48ce-91e4-5c166e2e97cd-PendingRequests: sendNotLeaderResponses
2019-09-25 07:05:01,526 [62ec8eb9-3ae9-4136-b70a-2caf3716fa7f@group-AF43CFC2C23D-SegmentedRaftLogWorker] INFO  impl.StateMachineUpdater (StateMachineUpdater.java:stopAndJoin(125)) - 62ec8eb9-3ae9-4136-b70a-2caf3716fa7f@group-AF43CFC2C23D-StateMachineUpdater: set stopIndex = -1
2019-09-25 07:05:01,526 [62ec8eb9-3ae9-4136-b70a-2caf3716fa7f@group-3A07CAB9B615-SegmentedRaftLogWorker] INFO  impl.PendingRequests (PendingRequests.java:sendNotLeaderResponses(202)) - 62ec8eb9-3ae9-4136-b70a-2caf3716fa7f-PendingRequests: sendNotLeaderResponses
2019-09-25 07:05:01,526 [e568d23f-199e-48ce-91e4-5c166e2e97cd@group-345830245B51-SegmentedRaftLogWorker] INFO  impl.PendingRequests (PendingRequests.java:sendNotLeaderResponses(202)) - e568d23f-199e-48ce-91e4-5c166e2e97cd-PendingRequests: sendNotLeaderResponses
2019-09-25 07:05:01,516 [pool-27-thread-1] INFO  server.RaftServerConfigKeys (ConfUtils.java:logGet(43)) - raft.server.log.purge.gap = 1000000 (custom)
2019-09-25 07:05:01,516 [62ec8eb9-3ae9-4136-b70a-2caf3716fa7f@group-AE2CC0DD201F-SegmentedRaftLogWorker] INFO  impl.RoleInfo (RoleInfo.java:shutdownLeaderState(104)) - 62ec8eb9-3ae9-4136-b70a-2caf3716fa7f: shutdown LeaderState
2019-09-25 07:05:01,516 [24bf2945-a329-4da6-aaf2-23ecd8d462c6@group-20DC2BFBC392-SegmentedRaftLogWorker] INFO  util.JmxRegister (JmxRegister.java:unregister(73)) - Successfully un-registered JMX Bean with object name Ratis:service=RaftServer,group=group-20DC2BFBC392,id=24bf2945-a329-4da6-aaf2-23ecd8d462c6
2019-09-25 07:05:01,528 [24bf2945-a329-4da6-aaf2-23ecd8d462c6@group-20DC2BFBC392-SegmentedRaftLogWorker] INFO  impl.RoleInfo (RoleInfo.java:shutdownLeaderState(104)) - 24bf2945-a329-4da6-aaf2-23ecd8d462c6: shutdown LeaderState
2019-09-25 07:05:01,515 [62ec8eb9-3ae9-4136-b70a-2caf3716fa7f@group-853F494A7699-SegmentedRaftLogWorker] INFO  impl.RoleInfo (RoleInfo.java:shutdownLeaderState(104)) - 62ec8eb9-3ae9-4136-b70a-2caf3716fa7f: shutdown LeaderState
2019-09-25 07:05:01,515 [24bf2945-a329-4da6-aaf2-23ecd8d462c6@group-A7908075CAFF-SegmentedRaftLogWorker] INFO  impl.PendingRequests (PendingRequests.java:sendNotLeaderResponses(202)) - 24bf2945-a329-4da6-aaf2-23ecd8d462c6-PendingRequests: sendNotLeaderResponses
2019-09-25 07:05:01,515 [pool-37-thread-1] INFO  impl.RaftServerImpl (ServerState.java:<init>(103)) - 62ec8eb9-3ae9-4136-b70a-2caf3716fa7f@group-E6F9350C10F4: ConfigurationManager, init=-1: [24bf2945-a329-4da6-aaf2-23ecd8d462c6:192.168.30.10:42867, e568d23f-199e-48ce-91e4-5c166e2e97cd:192.168.30.10:42827, 62ec8eb9-3ae9-4136-b70a-2caf3716fa7f:192.168.30.10:44715], old=null, confs=<EMPTY_MAP>
2019-09-25 07:05:01,529 [24bf2945-a329-4da6-aaf2-23ecd8d462c6@group-A7908075CAFF-SegmentedRaftLogWorker] INFO  impl.StateMachineUpdater (StateMachineUpdater.java:stopAndJoin(125)) - 24bf2945-a329-4da6-aaf2-23ecd8d462c6@group-A7908075CAFF-StateMachineUpdater: set stopIndex = -1
2019-09-25 07:05:01,529 [pool-37-thread-1] INFO  server.RaftServerConfigKeys (ConfUtils.java:logGet(43)) - raft.server.storage.dir = [/workdir/hadoop-ozone/integration-test/target/test-dir/MiniOzoneClusterImpl-39af9574-7a8b-4ed7-b830-bf686a3d4bb8/datanode-1/data/ratis] (custom)
2019-09-25 07:05:01,286 [24bf2945-a329-4da6-aaf2-23ecd8d462c6@group-806C51DA001C-SegmentedRaftLogWorker] INFO  impl.PendingRequests (PendingRequests.java:sendNotLeaderResponses(202)) - 24bf2945-a329-4da6-aaf2-23ecd8d462c6-PendingRequests: sendNotLeaderResponses
2019-09-25 07:05:01,282 [RATISCREATEPIPELINE1] ERROR pipeline.RatisPipelineProvider (RatisPipelineProvider.java:lambda$null$2(181)) - Failed invoke Ratis rpc org.apache.hadoop.hdds.scm.pipeline.RatisPipelineProvider$$Lambda$179/98052779@7296b2c5 for 62ec8eb9-3ae9-4136-b70a-2caf3716fa7f
org.apache.ratis.protocol.TimeoutIOException: deadline exceeded after 2752673628ns
	at org.apache.ratis.grpc.GrpcUtil.tryUnwrapException(GrpcUtil.java:82)
	at org.apache.ratis.grpc.GrpcUtil.unwrapException(GrpcUtil.java:75)
	at org.apache.ratis.grpc.client.GrpcClientProtocolClient.blockingCall(GrpcClientProtocolClient.java:178)
	at org.apache.ratis.grpc.client.GrpcClientProtocolClient.groupAdd(GrpcClientProtocolClient.java:147)
	at org.apache.ratis.grpc.client.GrpcClientRpc.sendRequest(GrpcClientRpc.java:94)
	at org.apache.ratis.client.impl.RaftClientImpl.sendRequest(RaftClientImpl.java:278)
	at org.apache.ratis.client.impl.RaftClientImpl.groupAdd(RaftClientImpl.java:205)
	at org.apache.hadoop.hdds.scm.pipeline.RatisPipelineProvider.lambda$initializePipeline$1(RatisPipelineProvider.java:142)
	at org.apache.hadoop.hdds.scm.pipeline.RatisPipelineProvider.lambda$null$2(RatisPipelineProvider.java:177)
	at java.util.stream.ForEachOps$ForEachOp$OfRef.accept(ForEachOps.java:184)
	at java.util.ArrayList$ArrayListSpliterator.forEachRemaining(ArrayList.java:1382)
	at java.util.stream.AbstractPipeline.copyInto(AbstractPipeline.java:482)
	at java.util.stream.ForEachOps$ForEachTask.compute(ForEachOps.java:291)
	at java.util.concurrent.CountedCompleter.exec(CountedCompleter.java:731)
	at java.util.concurrent.ForkJoinTask.doExec(ForkJoinTask.java:289)
	at java.util.concurrent.ForkJoinTask.doInvoke(ForkJoinTask.java:401)
	at java.util.concurrent.ForkJoinTask.invoke(ForkJoinTask.java:734)
	at java.util.stream.ForEachOps$ForEachOp.evaluateParallel(ForEachOps.java:160)
	at java.util.stream.ForEachOps$ForEachOp$OfRef.evaluateParallel(ForEachOps.java:174)
	at java.util.stream.AbstractPipeline.evaluate(AbstractPipeline.java:233)
	at java.util.stream.ReferencePipeline.forEach(ReferencePipeline.java:418)
	at java.util.stream.ReferencePipeline$Head.forEach(ReferencePipeline.java:583)
	at org.apache.hadoop.hdds.scm.pipeline.RatisPipelineProvider.lambda$callRatisRpc$3(RatisPipelineProvider.java:171)
	at java.util.concurrent.ForkJoinTask$AdaptedRunnableAction.exec(ForkJoinTask.java:1386)
	at java.util.concurrent.ForkJoinTask.doExec(ForkJoinTask.java:289)
	at java.util.concurrent.ForkJoinPool$WorkQueue.runTask(ForkJoinPool.java:1056)
	at java.util.concurrent.ForkJoinPool.runWorker(ForkJoinPool.java:1692)
	at java.util.concurrent.ForkJoinWorkerThread.run(ForkJoinWorkerThread.java:157)
Caused by: org.apache.ratis.thirdparty.io.grpc.StatusRuntimeException: DEADLINE_EXCEEDED: deadline exceeded after 2752673628ns
	at org.apache.ratis.thirdparty.io.grpc.stub.ClientCalls.toStatusRuntimeException(ClientCalls.java:233)
	at org.apache.ratis.thirdparty.io.grpc.stub.ClientCalls.getUnchecked(ClientCalls.java:214)
	at org.apache.ratis.thirdparty.io.grpc.stub.ClientCalls.blockingUnaryCall(ClientCalls.java:139)
	at org.apache.ratis.proto.grpc.AdminProtocolServiceGrpc$AdminProtocolServiceBlockingStub.groupManagement(AdminProtocolServiceGrpc.java:274)
	at org.apache.ratis.grpc.client.GrpcClientProtocolClient.lambda$groupAdd$3(GrpcClientProtocolClient.java:149)
	at org.apache.ratis.grpc.client.GrpcClientProtocolClient.blockingCall(GrpcClientProtocolClient.java:176)
	... 25 more
2019-09-25 07:05:01,031 [24bf2945-a329-4da6-aaf2-23ecd8d462c6@group-26C64E403BCE-SegmentedRaftLogWorker] INFO  impl.RoleInfo (RoleInfo.java:shutdownLeaderState(104)) - 24bf2945-a329-4da6-aaf2-23ecd8d462c6: shutdown LeaderState
2019-09-25 07:05:01,530 [pool-37-thread-1] INFO  storage.RaftStorageDirectory (RaftStorageDirectory.java:analyzeStorage(246)) - The storage directory /workdir/hadoop-ozone/integration-test/target/test-dir/MiniOzoneClusterImpl-39af9574-7a8b-4ed7-b830-bf686a3d4bb8/datanode-1/data/ratis/31e69fbb-1648-45ba-a4a7-e6f9350c10f4 does not exist. Creating ...
2019-09-25 07:05:01,530 [24bf2945-a329-4da6-aaf2-23ecd8d462c6@group-806C51DA001C-SegmentedRaftLogWorker] INFO  impl.StateMachineUpdater (StateMachineUpdater.java:stopAndJoin(125)) - 24bf2945-a329-4da6-aaf2-23ecd8d462c6@group-806C51DA001C-StateMachineUpdater: set stopIndex = -1
2019-09-25 07:05:01,530 [24bf2945-a329-4da6-aaf2-23ecd8d462c6@group-A7908075CAFF-SegmentedRaftLogWorker] INFO  impl.RaftServerImpl (ServerState.java:close(385)) - 24bf2945-a329-4da6-aaf2-23ecd8d462c6@group-A7908075CAFF: closes. applyIndex: -1
2019-09-25 07:05:01,529 [62ec8eb9-3ae9-4136-b70a-2caf3716fa7f@group-853F494A7699-SegmentedRaftLogWorker] INFO  impl.PendingRequests (PendingRequests.java:sendNotLeaderResponses(202)) - 62ec8eb9-3ae9-4136-b70a-2caf3716fa7f-PendingRequests: sendNotLeaderResponses
2019-09-25 07:05:01,531 [24bf2945-a329-4da6-aaf2-23ecd8d462c6@group-A7908075CAFF-SegmentedRaftLogWorker] INFO  segmented.SegmentedRaftLogWorker (SegmentedRaftLogWorker.java:close(228)) - 24bf2945-a329-4da6-aaf2-23ecd8d462c6@group-A7908075CAFF-SegmentedRaftLogWorker close()
2019-09-25 07:05:01,529 [24bf2945-a329-4da6-aaf2-23ecd8d462c6@group-0088A0E64B06:LeaderElection104] INFO  impl.RoleInfo (RoleInfo.java:updateAndGet(143)) - 24bf2945-a329-4da6-aaf2-23ecd8d462c6: start LeaderState
2019-09-25 07:05:01,529 [24bf2945-a329-4da6-aaf2-23ecd8d462c6@group-20DC2BFBC392-SegmentedRaftLogWorker] INFO  impl.PendingRequests (PendingRequests.java:sendNotLeaderResponses(202)) - 24bf2945-a329-4da6-aaf2-23ecd8d462c6-PendingRequests: sendNotLeaderResponses
2019-09-25 07:05:01,538 [62ec8eb9-3ae9-4136-b70a-2caf3716fa7f@group-63FD56BDEF80:LeaderElection108] INFO  impl.RoleInfo (RoleInfo.java:updateAndGet(143)) - 62ec8eb9-3ae9-4136-b70a-2caf3716fa7f: start LeaderState
2019-09-25 07:05:01,528 [62ec8eb9-3ae9-4136-b70a-2caf3716fa7f@group-AE2CC0DD201F-SegmentedRaftLogWorker] INFO  impl.PendingRequests (PendingRequests.java:sendNotLeaderResponses(202)) - 62ec8eb9-3ae9-4136-b70a-2caf3716fa7f-PendingRequests: sendNotLeaderResponses
2019-09-25 07:05:01,528 [pool-27-thread-1] INFO  server.RaftServerConfigKeys (ConfUtils.java:logGet(43)) - raft.server.log.appender.buffer.byte-limit = 33554432 (custom)
2019-09-25 07:05:01,528 [e568d23f-199e-48ce-91e4-5c166e2e97cd@group-345830245B51-SegmentedRaftLogWorker] INFO  impl.StateMachineUpdater (StateMachineUpdater.java:stopAndJoin(125)) - e568d23f-199e-48ce-91e4-5c166e2e97cd@group-345830245B51-StateMachineUpdater: set stopIndex = -1
2019-09-25 07:05:01,528 [62ec8eb9-3ae9-4136-b70a-2caf3716fa7f@group-3A07CAB9B615-SegmentedRaftLogWorker] INFO  impl.StateMachineUpdater (StateMachineUpdater.java:stopAndJoin(125)) - 62ec8eb9-3ae9-4136-b70a-2caf3716fa7f@group-3A07CAB9B615-StateMachineUpdater: set stopIndex = -1
2019-09-25 07:05:01,527 [e568d23f-199e-48ce-91e4-5c166e2e97cd@group-3D7A5B67F997-SegmentedRaftLogWorker] INFO  impl.StateMachineUpdater (StateMachineUpdater.java:stopAndJoin(125)) - e568d23f-199e-48ce-91e4-5c166e2e97cd@group-3D7A5B67F997-StateMachineUpdater: set stopIndex = -1
2019-09-25 07:05:01,527 [62ec8eb9-3ae9-4136-b70a-2caf3716fa7f@group-AF43CFC2C23D-SegmentedRaftLogWorker] INFO  impl.RaftServerImpl (ServerState.java:close(385)) - 62ec8eb9-3ae9-4136-b70a-2caf3716fa7f@group-AF43CFC2C23D: closes. applyIndex: -1
2019-09-25 07:05:01,527 [pool-47-thread-1] INFO  server.RaftServerConfigKeys (ConfUtils.java:logGet(43)) - raft.server.log.segment.cache.num.max = 2 (custom)
2019-09-25 07:05:01,527 [62ec8eb9-3ae9-4136-b70a-2caf3716fa7f@group-ABB063594AB8-SegmentedRaftLogWorker] INFO  impl.StateMachineUpdater (StateMachineUpdater.java:stopAndJoin(125)) - 62ec8eb9-3ae9-4136-b70a-2caf3716fa7f@group-ABB063594AB8-StateMachineUpdater: set stopIndex = -1
2019-09-25 07:05:01,539 [pool-47-thread-1] INFO  segmented.SegmentedRaftLogWorker (SegmentedRaftLogWorker.java:<init>(172)) - new 24bf2945-a329-4da6-aaf2-23ecd8d462c6@group-E6F9350C10F4-SegmentedRaftLogWorker for RaftStorage:Storage Directory /workdir/hadoop-ozone/integration-test/target/test-dir/MiniOzoneClusterImpl-39af9574-7a8b-4ed7-b830-bf686a3d4bb8/datanode-2/data/ratis/31e69fbb-1648-45ba-a4a7-e6f9350c10f4
2019-09-25 07:05:01,539 [62ec8eb9-3ae9-4136-b70a-2caf3716fa7f@group-AF43CFC2C23D-SegmentedRaftLogWorker] INFO  segmented.SegmentedRaftLogWorker (SegmentedRaftLogWorker.java:close(228)) - 62ec8eb9-3ae9-4136-b70a-2caf3716fa7f@group-AF43CFC2C23D-SegmentedRaftLogWorker close()
2019-09-25 07:05:01,539 [e568d23f-199e-48ce-91e4-5c166e2e97cd@group-3D7A5B67F997-SegmentedRaftLogWorker] INFO  impl.RaftServerImpl (ServerState.java:close(385)) - e568d23f-199e-48ce-91e4-5c166e2e97cd@group-3D7A5B67F997: closes. applyIndex: -1
2019-09-25 07:05:01,538 [62ec8eb9-3ae9-4136-b70a-2caf3716fa7f@group-3A07CAB9B615-SegmentedRaftLogWorker] INFO  impl.RaftServerImpl (ServerState.java:close(385)) - 62ec8eb9-3ae9-4136-b70a-2caf3716fa7f@group-3A07CAB9B615: closes. applyIndex: -1
2019-09-25 07:05:01,538 [e568d23f-199e-48ce-91e4-5c166e2e97cd@group-345830245B51-SegmentedRaftLogWorker] INFO  impl.RaftServerImpl (ServerState.java:close(385)) - e568d23f-199e-48ce-91e4-5c166e2e97cd@group-345830245B51: closes. applyIndex: -1
2019-09-25 07:05:01,548 [62ec8eb9-3ae9-4136-b70a-2caf3716fa7f@group-3A07CAB9B615-SegmentedRaftLogWorker] INFO  segmented.SegmentedRaftLogWorker (SegmentedRaftLogWorker.java:close(228)) - 62ec8eb9-3ae9-4136-b70a-2caf3716fa7f@group-3A07CAB9B615-SegmentedRaftLogWorker close()
2019-09-25 07:05:01,549 [62ec8eb9-3ae9-4136-b70a-2caf3716fa7f@group-213BD37C19A2:LeaderElection116] INFO  impl.RoleInfo (RoleInfo.java:updateAndGet(143)) - 62ec8eb9-3ae9-4136-b70a-2caf3716fa7f: start LeaderState
2019-09-25 07:05:01,538 [pool-27-thread-1] INFO  server.RaftServerConfigKeys (ConfUtils.java:logGet(43)) - raft.server.log.segment.size.max = 1048576 (custom)
2019-09-25 07:05:01,538 [62ec8eb9-3ae9-4136-b70a-2caf3716fa7f@group-AE2CC0DD201F-SegmentedRaftLogWorker] INFO  impl.StateMachineUpdater (StateMachineUpdater.java:stopAndJoin(125)) - 62ec8eb9-3ae9-4136-b70a-2caf3716fa7f@group-AE2CC0DD201F-StateMachineUpdater: set stopIndex = -1
2019-09-25 07:05:01,555 [62ec8eb9-3ae9-4136-b70a-2caf3716fa7f@group-AE2CC0DD201F-SegmentedRaftLogWorker] INFO  impl.RaftServerImpl (ServerState.java:close(385)) - 62ec8eb9-3ae9-4136-b70a-2caf3716fa7f@group-AE2CC0DD201F: closes. applyIndex: -1
2019-09-25 07:05:01,538 [62ec8eb9-3ae9-4136-b70a-2caf3716fa7f@group-63FD56BDEF80:LeaderElection108] INFO  segmented.SegmentedRaftLogWorker (SegmentedRaftLogWorker.java:startLogSegment(380)) - 62ec8eb9-3ae9-4136-b70a-2caf3716fa7f@group-63FD56BDEF80-SegmentedRaftLogWorker: Starting segment from index:0
2019-09-25 07:05:01,538 [24bf2945-a329-4da6-aaf2-23ecd8d462c6@group-20DC2BFBC392-SegmentedRaftLogWorker] INFO  impl.StateMachineUpdater (StateMachineUpdater.java:stopAndJoin(125)) - 24bf2945-a329-4da6-aaf2-23ecd8d462c6@group-20DC2BFBC392-StateMachineUpdater: set stopIndex = -1
2019-09-25 07:05:01,556 [24bf2945-a329-4da6-aaf2-23ecd8d462c6@group-20DC2BFBC392-SegmentedRaftLogWorker] INFO  impl.RaftServerImpl (ServerState.java:close(385)) - 24bf2945-a329-4da6-aaf2-23ecd8d462c6@group-20DC2BFBC392: closes. applyIndex: -1
2019-09-25 07:05:01,538 [24bf2945-a329-4da6-aaf2-23ecd8d462c6@group-0088A0E64B06:LeaderElection104] INFO  segmented.SegmentedRaftLogWorker (SegmentedRaftLogWorker.java:startLogSegment(380)) - 24bf2945-a329-4da6-aaf2-23ecd8d462c6@group-0088A0E64B06-SegmentedRaftLogWorker: Starting segment from index:0
2019-09-25 07:05:01,531 [62ec8eb9-3ae9-4136-b70a-2caf3716fa7f@group-853F494A7699-SegmentedRaftLogWorker] INFO  impl.StateMachineUpdater (StateMachineUpdater.java:stopAndJoin(125)) - 62ec8eb9-3ae9-4136-b70a-2caf3716fa7f@group-853F494A7699-StateMachineUpdater: set stopIndex = -1
2019-09-25 07:05:01,531 [24bf2945-a329-4da6-aaf2-23ecd8d462c6@group-806C51DA001C-SegmentedRaftLogWorker] INFO  impl.RaftServerImpl (ServerState.java:close(385)) - 24bf2945-a329-4da6-aaf2-23ecd8d462c6@group-806C51DA001C: closes. applyIndex: -1
2019-09-25 07:05:01,531 [RatisPipelineUtilsThread] ERROR pipeline.SCMPipelineManager (SCMPipelineManager.java:createPipeline(167)) - Pipeline creation failed due to exception: 3 exceptions [java.io.IOException: Failed invoke Ratis rpc org.apache.hadoop.hdds.scm.pipeline.RatisPipelineProvider$$Lambda$179/98052779@7296b2c5 for 24bf2945-a329-4da6-aaf2-23ecd8d462c6, java.io.IOException: Failed invoke Ratis rpc org.apache.hadoop.hdds.scm.pipeline.RatisPipelineProvider$$Lambda$179/98052779@7296b2c5 for e568d23f-199e-48ce-91e4-5c166e2e97cd, java.io.IOException: Failed invoke Ratis rpc org.apache.hadoop.hdds.scm.pipeline.RatisPipelineProvider$$Lambda$179/98052779@7296b2c5 for 62ec8eb9-3ae9-4136-b70a-2caf3716fa7f]
2019-09-25 07:05:01,531 [24bf2945-a329-4da6-aaf2-23ecd8d462c6@group-26C64E403BCE-SegmentedRaftLogWorker] INFO  impl.PendingRequests (PendingRequests.java:sendNotLeaderResponses(202)) - 24bf2945-a329-4da6-aaf2-23ecd8d462c6-PendingRequests: sendNotLeaderResponses
2019-09-25 07:05:01,961 [24bf2945-a329-4da6-aaf2-23ecd8d462c6@group-806C51DA001C-SegmentedRaftLogWorker] INFO  segmented.SegmentedRaftLogWorker (SegmentedRaftLogWorker.java:close(228)) - 24bf2945-a329-4da6-aaf2-23ecd8d462c6@group-806C51DA001C-SegmentedRaftLogWorker close()
2019-09-25 07:05:01,961 [62ec8eb9-3ae9-4136-b70a-2caf3716fa7f@group-B4D0C3973801-SegmentedRaftLogWorker] ERROR segmented.SegmentedRaftLogWorker (SegmentedRaftLogWorker.java:run(323)) - 62ec8eb9-3ae9-4136-b70a-2caf3716fa7f@group-B4D0C3973801-SegmentedRaftLogWorker hit exception
java.lang.OutOfMemoryError: Direct buffer memory
	at java.nio.Bits.reserveMemory(Bits.java:666)
	at java.nio.DirectByteBuffer.<init>(DirectByteBuffer.java:123)
	at java.nio.ByteBuffer.allocateDirect(ByteBuffer.java:311)
	at org.apache.ratis.server.raftlog.segmented.BufferedWriteChannel.<init>(BufferedWriteChannel.java:41)
	at org.apache.ratis.server.raftlog.segmented.SegmentedRaftLogOutputStream.<init>(SegmentedRaftLogOutputStream.java:72)
	at org.apache.ratis.server.raftlog.segmented.SegmentedRaftLogWorker$StartLogSegment.execute(SegmentedRaftLogWorker.java:566)
	at org.apache.ratis.server.raftlog.segmented.SegmentedRaftLogWorker.run(SegmentedRaftLogWorker.java:289)
	at java.lang.Thread.run(Thread.java:748)
2019-09-25 07:05:01,756 [24bf2945-a329-4da6-aaf2-23ecd8d462c6@group-0088A0E64B06:LeaderElection104] INFO  impl.RaftServerImpl (ServerState.java:setRaftConf(354)) - 24bf2945-a329-4da6-aaf2-23ecd8d462c6@group-0088A0E64B06: set configuration 0: [24bf2945-a329-4da6-aaf2-23ecd8d462c6:192.168.30.10:42867], old=null at 0
2019-09-25 07:05:01,756 [62ec8eb9-3ae9-4136-b70a-2caf3716fa7f@group-853F494A7699-SegmentedRaftLogWorker] INFO  impl.RaftServerImpl (ServerState.java:close(385)) - 62ec8eb9-3ae9-4136-b70a-2caf3716fa7f@group-853F494A7699: closes. applyIndex: -1
2019-09-25 07:05:01,756 [62ec8eb9-3ae9-4136-b70a-2caf3716fa7f@group-63FD56BDEF80:LeaderElection108] INFO  impl.RaftServerImpl (ServerState.java:setRaftConf(354)) - 62ec8eb9-3ae9-4136-b70a-2caf3716fa7f@group-63FD56BDEF80: set configuration 0: [62ec8eb9-3ae9-4136-b70a-2caf3716fa7f:192.168.30.10:44715], old=null at 0
2019-09-25 07:05:01,556 [24bf2945-a329-4da6-aaf2-23ecd8d462c6@group-20DC2BFBC392-SegmentedRaftLogWorker] INFO  segmented.SegmentedRaftLogWorker (SegmentedRaftLogWorker.java:close(228)) - 24bf2945-a329-4da6-aaf2-23ecd8d462c6@group-20DC2BFBC392-SegmentedRaftLogWorker close()
2019-09-25 07:05:01,555 [62ec8eb9-3ae9-4136-b70a-2caf3716fa7f@group-AE2CC0DD201F-SegmentedRaftLogWorker] INFO  segmented.SegmentedRaftLogWorker (SegmentedRaftLogWorker.java:close(228)) - 62ec8eb9-3ae9-4136-b70a-2caf3716fa7f@group-AE2CC0DD201F-SegmentedRaftLogWorker close()
2019-09-25 07:05:01,555 [pool-27-thread-1] INFO  server.RaftServerConfigKeys (ConfUtils.java:logGet(43)) - raft.server.log.segment.cache.num.max = 2 (custom)
2019-09-25 07:05:01,555 [62ec8eb9-3ae9-4136-b70a-2caf3716fa7f@group-213BD37C19A2:LeaderElection116] INFO  segmented.SegmentedRaftLogWorker (SegmentedRaftLogWorker.java:startLogSegment(380)) - 62ec8eb9-3ae9-4136-b70a-2caf3716fa7f@group-213BD37C19A2-SegmentedRaftLogWorker: Starting segment from index:0
2019-09-25 07:05:01,548 [e568d23f-199e-48ce-91e4-5c166e2e97cd@group-345830245B51-SegmentedRaftLogWorker] INFO  segmented.SegmentedRaftLogWorker (SegmentedRaftLogWorker.java:close(228)) - e568d23f-199e-48ce-91e4-5c166e2e97cd@group-345830245B51-SegmentedRaftLogWorker close()
2019-09-25 07:05:01,548 [e568d23f-199e-48ce-91e4-5c166e2e97cd@group-3D7A5B67F997-SegmentedRaftLogWorker] INFO  segmented.SegmentedRaftLogWorker (SegmentedRaftLogWorker.java:close(228)) - e568d23f-199e-48ce-91e4-5c166e2e97cd@group-3D7A5B67F997-SegmentedRaftLogWorker close()
2019-09-25 07:05:01,545 [pool-37-thread-1] INFO  storage.RaftStorageDirectory (RaftStorageDirectory.java:tryLock(328)) - Lock on /workdir/hadoop-ozone/integration-test/target/test-dir/MiniOzoneClusterImpl-39af9574-7a8b-4ed7-b830-bf686a3d4bb8/datanode-1/data/ratis/31e69fbb-1648-45ba-a4a7-e6f9350c10f4/in_use.lock acquired by nodename 19495@pr-hdds-1569-s62bp-3040748787
2019-09-25 07:05:01,539 [pool-47-thread-1] INFO  server.RaftServerConfigKeys (ConfUtils.java:logGet(43)) - raft.server.log.queue.byte-limit = 2147483647 (custom)
2019-09-25 07:05:02,008 [62ec8eb9-3ae9-4136-b70a-2caf3716fa7f@group-213BD37C19A2:LeaderElection116] INFO  impl.RaftServerImpl (ServerState.java:setRaftConf(354)) - 62ec8eb9-3ae9-4136-b70a-2caf3716fa7f@group-213BD37C19A2: set configuration 0: [62ec8eb9-3ae9-4136-b70a-2caf3716fa7f:192.168.30.10:44715], old=null at 0
2019-09-25 07:05:01,539 [62ec8eb9-3ae9-4136-b70a-2caf3716fa7f@group-ABB063594AB8-SegmentedRaftLogWorker] INFO  impl.RaftServerImpl (ServerState.java:close(385)) - 62ec8eb9-3ae9-4136-b70a-2caf3716fa7f@group-ABB063594AB8: closes. applyIndex: -1
2019-09-25 07:05:02,020 [pool-47-thread-1] INFO  server.RaftServerConfigKeys (ConfUtils.java:logGet(43)) - raft.server.log.queue.element-limit = 1024 (custom)
2019-09-25 07:05:02,020 [62ec8eb9-3ae9-4136-b70a-2caf3716fa7f@group-ABB063594AB8-SegmentedRaftLogWorker] INFO  segmented.SegmentedRaftLogWorker (SegmentedRaftLogWorker.java:close(228)) - 62ec8eb9-3ae9-4136-b70a-2caf3716fa7f@group-ABB063594AB8-SegmentedRaftLogWorker close()
2019-09-25 07:05:02,020 [e568d23f-199e-48ce-91e4-5c166e2e97cd@group-EF60280D0D4B-SegmentedRaftLogWorker] ERROR segmented.SegmentedRaftLogWorker (SegmentedRaftLogWorker.java:run(323)) - e568d23f-199e-48ce-91e4-5c166e2e97cd@group-EF60280D0D4B-SegmentedRaftLogWorker hit exception
java.lang.OutOfMemoryError: Direct buffer memory
	at java.nio.Bits.reserveMemory(Bits.java:666)
	at java.nio.DirectByteBuffer.<init>(DirectByteBuffer.java:123)
	at java.nio.ByteBuffer.allocateDirect(ByteBuffer.java:311)
	at org.apache.ratis.server.raftlog.segmented.BufferedWriteChannel.<init>(BufferedWriteChannel.java:41)
	at org.apache.ratis.server.raftlog.segmented.SegmentedRaftLogOutputStream.<init>(SegmentedRaftLogOutputStream.java:72)
	at org.apache.ratis.server.raftlog.segmented.SegmentedRaftLogWorker$StartLogSegment.execute(SegmentedRaftLogWorker.java:566)
	at org.apache.ratis.server.raftlog.segmented.SegmentedRaftLogWorker.run(SegmentedRaftLogWorker.java:289)
	at java.lang.Thread.run(Thread.java:748)
2019-09-25 07:05:02,020 [62ec8eb9-3ae9-4136-b70a-2caf3716fa7f@group-C509BEFDAC58-SegmentedRaftLogWorker] ERROR segmented.SegmentedRaftLogWorker (SegmentedRaftLogWorker.java:run(323)) - 62ec8eb9-3ae9-4136-b70a-2caf3716fa7f@group-C509BEFDAC58-SegmentedRaftLogWorker hit exception
java.lang.OutOfMemoryError: Direct buffer memory
	at java.nio.Bits.reserveMemory(Bits.java:666)
	at java.nio.DirectByteBuffer.<init>(DirectByteBuffer.java:123)
	at java.nio.ByteBuffer.allocateDirect(ByteBuffer.java:311)
	at org.apache.ratis.server.raftlog.segmented.BufferedWriteChannel.<init>(BufferedWriteChannel.java:41)
	at org.apache.ratis.server.raftlog.segmented.SegmentedRaftLogOutputStream.<init>(SegmentedRaftLogOutputStream.java:72)
	at org.apache.ratis.server.raftlog.segmented.SegmentedRaftLogWorker$StartLogSegment.execute(SegmentedRaftLogWorker.java:566)
	at org.apache.ratis.server.raftlog.segmented.SegmentedRaftLogWorker.run(SegmentedRaftLogWorker.java:289)
	at java.lang.Thread.run(Thread.java:748)
2019-09-25 07:05:02,001 [62ec8eb9-3ae9-4136-b70a-2caf3716fa7f@group-8FC2FC71D360:LeaderElection119] INFO  impl.RoleInfo (RoleInfo.java:updateAndGet(143)) - 62ec8eb9-3ae9-4136-b70a-2caf3716fa7f: start LeaderState
2019-09-25 07:05:02,000 [pool-27-thread-1] INFO  segmented.SegmentedRaftLogWorker (SegmentedRaftLogWorker.java:<init>(172)) - new e568d23f-199e-48ce-91e4-5c166e2e97cd@group-E6F9350C10F4-SegmentedRaftLogWorker for RaftStorage:Storage Directory /workdir/hadoop-ozone/integration-test/target/test-dir/MiniOzoneClusterImpl-39af9574-7a8b-4ed7-b830-bf686a3d4bb8/datanode-0/data/ratis/31e69fbb-1648-45ba-a4a7-e6f9350c10f4
2019-09-25 07:05:01,972 [62ec8eb9-3ae9-4136-b70a-2caf3716fa7f@group-853F494A7699-SegmentedRaftLogWorker] INFO  segmented.SegmentedRaftLogWorker (SegmentedRaftLogWorker.java:close(228)) - 62ec8eb9-3ae9-4136-b70a-2caf3716fa7f@group-853F494A7699-SegmentedRaftLogWorker close()
2019-09-25 07:05:01,972 [62ec8eb9-3ae9-4136-b70a-2caf3716fa7f@group-B4D0C3973801-SegmentedRaftLogWorker] INFO  impl.RaftServerImpl (RaftServerImpl.java:lambda$shutdown$3(251)) - 62ec8eb9-3ae9-4136-b70a-2caf3716fa7f@group-B4D0C3973801: shutdown
2019-09-25 07:05:01,971 [24bf2945-a329-4da6-aaf2-23ecd8d462c6@group-26C64E403BCE-SegmentedRaftLogWorker] INFO  impl.StateMachineUpdater (StateMachineUpdater.java:stopAndJoin(125)) - 24bf2945-a329-4da6-aaf2-23ecd8d462c6@group-26C64E403BCE-StateMachineUpdater: set stopIndex = -1
2019-09-25 07:05:02,022 [62ec8eb9-3ae9-4136-b70a-2caf3716fa7f@group-8FC2FC71D360:LeaderElection119] INFO  segmented.SegmentedRaftLogWorker (SegmentedRaftLogWorker.java:startLogSegment(380)) - 62ec8eb9-3ae9-4136-b70a-2caf3716fa7f@group-8FC2FC71D360-SegmentedRaftLogWorker: Starting segment from index:0
2019-09-25 07:05:02,022 [pool-27-thread-1] INFO  server.RaftServerConfigKeys (ConfUtils.java:logGet(43)) - raft.server.log.queue.byte-limit = 2147483647 (custom)
2019-09-25 07:05:02,022 [62ec8eb9-3ae9-4136-b70a-2caf3716fa7f@group-AFCD660D5460:LeaderElection102] INFO  impl.RoleInfo (RoleInfo.java:updateAndGet(143)) - 62ec8eb9-3ae9-4136-b70a-2caf3716fa7f: start LeaderState
2019-09-25 07:05:02,021 [62ec8eb9-3ae9-4136-b70a-2caf3716fa7f@group-C509BEFDAC58-SegmentedRaftLogWorker] INFO  impl.RaftServerImpl (RaftServerImpl.java:lambda$shutdown$3(251)) - 62ec8eb9-3ae9-4136-b70a-2caf3716fa7f@group-C509BEFDAC58: shutdown
2019-09-25 07:05:02,021 [e568d23f-199e-48ce-91e4-5c166e2e97cd@group-EF60280D0D4B-SegmentedRaftLogWorker] INFO  impl.RaftServerImpl (RaftServerImpl.java:lambda$shutdown$3(251)) - e568d23f-199e-48ce-91e4-5c166e2e97cd@group-EF60280D0D4B: shutdown
2019-09-25 07:05:02,020 [pool-47-thread-1] INFO  server.RaftServerConfigKeys (ConfUtils.java:logGet(43)) - raft.server.log.segment.size.max = 1048576 (custom)
2019-09-25 07:05:02,301 [pool-37-thread-1] INFO  storage.RaftStorage (RaftStorage.java:format(72)) - Storage directory /workdir/hadoop-ozone/integration-test/target/test-dir/MiniOzoneClusterImpl-39af9574-7a8b-4ed7-b830-bf686a3d4bb8/datanode-1/data/ratis/31e69fbb-1648-45ba-a4a7-e6f9350c10f4 has been successfully formatted.
2019-09-25 07:05:02,023 [62ec8eb9-3ae9-4136-b70a-2caf3716fa7f@group-8FC2FC71D360:LeaderElection119] INFO  impl.RaftServerImpl (ServerState.java:setRaftConf(354)) - 62ec8eb9-3ae9-4136-b70a-2caf3716fa7f@group-8FC2FC71D360: set configuration 0: [62ec8eb9-3ae9-4136-b70a-2caf3716fa7f:192.168.30.10:44715], old=null at 0
2019-09-25 07:05:02,023 [62ec8eb9-3ae9-4136-b70a-2caf3716fa7f@group-AFCD660D5460:LeaderElection102] INFO  segmented.SegmentedRaftLogWorker (SegmentedRaftLogWorker.java:startLogSegment(380)) - 62ec8eb9-3ae9-4136-b70a-2caf3716fa7f@group-AFCD660D5460-SegmentedRaftLogWorker: Starting segment from index:0
2019-09-25 07:05:02,022 [pool-27-thread-1] INFO  server.RaftServerConfigKeys (ConfUtils.java:logGet(43)) - raft.server.log.queue.element-limit = 1024 (custom)
2019-09-25 07:05:02,022 [24bf2945-a329-4da6-aaf2-23ecd8d462c6@group-26C64E403BCE-SegmentedRaftLogWorker] INFO  impl.RaftServerImpl (ServerState.java:close(385)) - 24bf2945-a329-4da6-aaf2-23ecd8d462c6@group-26C64E403BCE: closes. applyIndex: -1
2019-09-25 07:05:02,303 [pool-27-thread-1] INFO  server.RaftServerConfigKeys (ConfUtils.java:logGet(43)) - raft.server.log.segment.size.max = 1048576 (custom)
2019-09-25 07:05:02,521 [pool-27-thread-1] INFO  server.RaftServerConfigKeys (ConfUtils.java:logGet(43)) - raft.server.log.preallocated.size = 16384 (custom)
2019-09-25 07:05:02,302 [pool-37-thread-1] INFO  ratis.ContainerStateMachine (ContainerStateMachine.java:loadSnapshot(230)) - group-E6F9350C10F4: The snapshot info is null. Setting the last applied indexto:(t:0, i:~)
2019-09-25 07:05:02,302 [pool-47-thread-1] INFO  server.RaftServerConfigKeys (ConfUtils.java:logGet(43)) - raft.server.log.preallocated.size = 16384 (custom)
2019-09-25 07:05:02,522 [pool-37-thread-1] INFO  server.RaftServerConfigKeys (ConfUtils.java:logGet(43)) - raft.server.notification.no-leader.timeout = 120s (custom)
2019-09-25 07:05:02,522 [grpc-default-executor-0] INFO  impl.RaftServerProxy (RaftServerProxy.java:addNew(89)) - 24bf2945-a329-4da6-aaf2-23ecd8d462c6: addNew group-3CF718775540:[24bf2945-a329-4da6-aaf2-23ecd8d462c6:192.168.30.10:42867] returns group-3CF718775540:java.util.concurrent.CompletableFuture@7046dbfa[Not completed]
2019-09-25 07:05:02,522 [pool-27-thread-1] INFO  server.RaftServerConfigKeys (ConfUtils.java:logGet(43)) - raft.server.log.write.buffer.size = 33554432 (custom)
2019-09-25 07:05:02,521 [24bf2945-a329-4da6-aaf2-23ecd8d462c6@group-26C64E403BCE-SegmentedRaftLogWorker] INFO  segmented.SegmentedRaftLogWorker (SegmentedRaftLogWorker.java:close(228)) - 24bf2945-a329-4da6-aaf2-23ecd8d462c6@group-26C64E403BCE-SegmentedRaftLogWorker close()
2019-09-25 07:05:02,521 [62ec8eb9-3ae9-4136-b70a-2caf3716fa7f@group-AFCD660D5460:LeaderElection102] INFO  impl.RaftServerImpl (ServerState.java:setRaftConf(354)) - 62ec8eb9-3ae9-4136-b70a-2caf3716fa7f@group-AFCD660D5460: set configuration 0: [62ec8eb9-3ae9-4136-b70a-2caf3716fa7f:192.168.30.10:44715], old=null at 0
2019-09-25 07:05:02,523 [pool-27-thread-1] INFO  server.RaftServerConfigKeys (ConfUtils.java:logGet(43)) - raft.server.log.force.sync.num = 128 (default)
2019-09-25 07:05:02,522 [pool-37-thread-1] INFO  server.RaftServerConfigKeys (ConfUtils.java:logGet(43)) - raft.server.log.use.memory = false (default)
2019-09-25 07:05:02,522 [pool-47-thread-1] INFO  server.RaftServerConfigKeys (ConfUtils.java:logGet(43)) - raft.server.log.write.buffer.size = 33554432 (custom)
2019-09-25 07:05:02,524 [pool-37-thread-1] INFO  server.RaftServerConfigKeys (ConfUtils.java:logGet(43)) - raft.server.log.purge.gap = 1000000 (custom)
2019-09-25 07:05:02,523 [62ec8eb9-3ae9-4136-b70a-2caf3716fa7f@group-B4D0C3973801-SegmentedRaftLogWorker] INFO  util.JmxRegister (JmxRegister.java:unregister(73)) - Successfully un-registered JMX Bean with object name Ratis:service=RaftServer,group=group-B4D0C3973801,id=62ec8eb9-3ae9-4136-b70a-2caf3716fa7f
2019-09-25 07:05:02,523 [pool-27-thread-1] INFO  server.RaftServerConfigKeys (ConfUtils.java:logGet(43)) - raft.server.log.statemachine.data.sync = true (default)
2019-09-25 07:05:02,523 [24bf2945-a329-4da6-aaf2-23ecd8d462c6@group-59E882B450F2:LeaderElection70] INFO  impl.RoleInfo (RoleInfo.java:updateAndGet(143)) - 24bf2945-a329-4da6-aaf2-23ecd8d462c6: start LeaderState
2019-09-25 07:05:02,524 [62ec8eb9-3ae9-4136-b70a-2caf3716fa7f@group-C509BEFDAC58-SegmentedRaftLogWorker] INFO  util.JmxRegister (JmxRegister.java:unregister(73)) - Successfully un-registered JMX Bean with object name Ratis:service=RaftServer,group=group-C509BEFDAC58,id=62ec8eb9-3ae9-4136-b70a-2caf3716fa7f
2019-09-25 07:05:02,524 [pool-27-thread-1] INFO  server.RaftServerConfigKeys (ConfUtils.java:logGet(43)) - raft.server.log.statemachine.data.sync.timeout = 10s (default)
2019-09-25 07:05:02,524 [62ec8eb9-3ae9-4136-b70a-2caf3716fa7f@group-B4D0C3973801-SegmentedRaftLogWorker] INFO  impl.RoleInfo (RoleInfo.java:shutdownLeaderState(104)) - 62ec8eb9-3ae9-4136-b70a-2caf3716fa7f: shutdown LeaderState
2019-09-25 07:05:02,524 [pool-37-thread-1] INFO  server.RaftServerConfigKeys (ConfUtils.java:logGet(43)) - raft.server.log.appender.buffer.byte-limit = 33554432 (custom)
2019-09-25 07:05:02,524 [pool-47-thread-1] INFO  server.RaftServerConfigKeys (ConfUtils.java:logGet(43)) - raft.server.log.force.sync.num = 128 (default)
2019-09-25 07:05:02,525 [pool-37-thread-1] INFO  server.RaftServerConfigKeys (ConfUtils.java:logGet(43)) - raft.server.log.segment.size.max = 1048576 (custom)
2019-09-25 07:05:02,525 [62ec8eb9-3ae9-4136-b70a-2caf3716fa7f@group-B4D0C3973801-SegmentedRaftLogWorker] INFO  impl.PendingRequests (PendingRequests.java:sendNotLeaderResponses(202)) - 62ec8eb9-3ae9-4136-b70a-2caf3716fa7f-PendingRequests: sendNotLeaderResponses
2019-09-25 07:05:02,525 [pool-27-thread-1] INFO  server.RaftServerConfigKeys (ConfUtils.java:logGet(43)) - raft.server.log.statemachine.data.sync.timeout.retry = -1 (default)
2019-09-25 07:05:02,525 [24bf2945-a329-4da6-aaf2-23ecd8d462c6@group-59E882B450F2:LeaderElection70] INFO  segmented.SegmentedRaftLogWorker (SegmentedRaftLogWorker.java:startLogSegment(380)) - 24bf2945-a329-4da6-aaf2-23ecd8d462c6@group-59E882B450F2-SegmentedRaftLogWorker: Starting segment from index:0
2019-09-25 07:05:02,525 [62ec8eb9-3ae9-4136-b70a-2caf3716fa7f@group-C509BEFDAC58-SegmentedRaftLogWorker] INFO  impl.RoleInfo (RoleInfo.java:shutdownLeaderState(104)) - 62ec8eb9-3ae9-4136-b70a-2caf3716fa7f: shutdown LeaderState
2019-09-25 07:05:02,524 [e568d23f-199e-48ce-91e4-5c166e2e97cd@group-EF60280D0D4B-SegmentedRaftLogWorker] INFO  util.JmxRegister (JmxRegister.java:unregister(73)) - Successfully un-registered JMX Bean with object name Ratis:service=RaftServer,group=group-EF60280D0D4B,id=e568d23f-199e-48ce-91e4-5c166e2e97cd
2019-09-25 07:05:02,526 [62ec8eb9-3ae9-4136-b70a-2caf3716fa7f@group-C509BEFDAC58-SegmentedRaftLogWorker] INFO  impl.PendingRequests (PendingRequests.java:sendNotLeaderResponses(202)) - 62ec8eb9-3ae9-4136-b70a-2caf3716fa7f-PendingRequests: sendNotLeaderResponses
2019-09-25 07:05:02,526 [24bf2945-a329-4da6-aaf2-23ecd8d462c6@group-A8601CC5B899:LeaderElection99] INFO  impl.RoleInfo (RoleInfo.java:updateAndGet(143)) - 24bf2945-a329-4da6-aaf2-23ecd8d462c6: start LeaderState
2019-09-25 07:05:02,527 [62ec8eb9-3ae9-4136-b70a-2caf3716fa7f@group-C509BEFDAC58-SegmentedRaftLogWorker] INFO  impl.StateMachineUpdater (StateMachineUpdater.java:stopAndJoin(125)) - 62ec8eb9-3ae9-4136-b70a-2caf3716fa7f@group-C509BEFDAC58-StateMachineUpdater: set stopIndex = -1
2019-09-25 07:05:02,526 [pool-27-thread-1] INFO  server.RaftServerConfigKeys (ConfUtils.java:logGet(43)) - raft.server.log.statemachine.data.caching.enabled = true (custom)
2019-09-25 07:05:02,526 [62ec8eb9-3ae9-4136-b70a-2caf3716fa7f@group-B4D0C3973801-SegmentedRaftLogWorker] INFO  impl.StateMachineUpdater (StateMachineUpdater.java:stopAndJoin(125)) - 62ec8eb9-3ae9-4136-b70a-2caf3716fa7f@group-B4D0C3973801-StateMachineUpdater: set stopIndex = -1
2019-09-25 07:05:02,525 [pool-37-thread-1] INFO  server.RaftServerConfigKeys (ConfUtils.java:logGet(43)) - raft.server.log.segment.cache.num.max = 2 (custom)
2019-09-25 07:05:02,525 [pool-47-thread-1] INFO  server.RaftServerConfigKeys (ConfUtils.java:logGet(43)) - raft.server.log.statemachine.data.sync = true (default)
2019-09-25 07:05:02,793 [pool-37-thread-1] INFO  segmented.SegmentedRaftLogWorker (SegmentedRaftLogWorker.java:<init>(172)) - new 62ec8eb9-3ae9-4136-b70a-2caf3716fa7f@group-E6F9350C10F4-SegmentedRaftLogWorker for RaftStorage:Storage Directory /workdir/hadoop-ozone/integration-test/target/test-dir/MiniOzoneClusterImpl-39af9574-7a8b-4ed7-b830-bf686a3d4bb8/datanode-1/data/ratis/31e69fbb-1648-45ba-a4a7-e6f9350c10f4
2019-09-25 07:05:02,793 [62ec8eb9-3ae9-4136-b70a-2caf3716fa7f@group-B4D0C3973801-SegmentedRaftLogWorker] INFO  impl.RaftServerImpl (ServerState.java:close(385)) - 62ec8eb9-3ae9-4136-b70a-2caf3716fa7f@group-B4D0C3973801: closes. applyIndex: -1
2019-09-25 07:05:02,793 [pool-27-thread-1] INFO  segmented.SegmentedRaftLogWorker (SegmentedRaftLogWorker.java:lambda$new$0(132)) - e568d23f-199e-48ce-91e4-5c166e2e97cd@group-E6F9350C10F4-SegmentedRaftLogWorker: flushIndex: setUnconditionally 0 -> -1
2019-09-25 07:05:02,784 [62ec8eb9-3ae9-4136-b70a-2caf3716fa7f@group-A6D5E2AE564D-SegmentedRaftLogWorker] ERROR segmented.SegmentedRaftLogWorker (SegmentedRaftLogWorker.java:run(323)) - 62ec8eb9-3ae9-4136-b70a-2caf3716fa7f@group-A6D5E2AE564D-SegmentedRaftLogWorker hit exception
java.lang.OutOfMemoryError: Direct buffer memory
	at java.nio.Bits.reserveMemory(Bits.java:666)
	at java.nio.DirectByteBuffer.<init>(DirectByteBuffer.java:123)
	at java.nio.ByteBuffer.allocateDirect(ByteBuffer.java:311)
	at org.apache.ratis.server.raftlog.segmented.BufferedWriteChannel.<init>(BufferedWriteChannel.java:41)
	at org.apache.ratis.server.raftlog.segmented.SegmentedRaftLogOutputStream.<init>(SegmentedRaftLogOutputStream.java:72)
	at org.apache.ratis.server.raftlog.segmented.SegmentedRaftLogWorker$StartLogSegment.execute(SegmentedRaftLogWorker.java:566)
	at org.apache.ratis.server.raftlog.segmented.SegmentedRaftLogWorker.run(SegmentedRaftLogWorker.java:289)
	at java.lang.Thread.run(Thread.java:748)
2019-09-25 07:05:02,784 [62ec8eb9-3ae9-4136-b70a-2caf3716fa7f@group-25849CE33AFF-SegmentedRaftLogWorker] ERROR segmented.SegmentedRaftLogWorker (SegmentedRaftLogWorker.java:run(323)) - 62ec8eb9-3ae9-4136-b70a-2caf3716fa7f@group-25849CE33AFF-SegmentedRaftLogWorker hit exception
java.lang.OutOfMemoryError: Direct buffer memory
	at java.nio.Bits.reserveMemory(Bits.java:666)
	at java.nio.DirectByteBuffer.<init>(DirectByteBuffer.java:123)
	at java.nio.ByteBuffer.allocateDirect(ByteBuffer.java:311)
	at org.apache.ratis.server.raftlog.segmented.BufferedWriteChannel.<init>(BufferedWriteChannel.java:41)
	at org.apache.ratis.server.raftlog.segmented.SegmentedRaftLogOutputStream.<init>(SegmentedRaftLogOutputStream.java:72)
	at org.apache.ratis.server.raftlog.segmented.SegmentedRaftLogWorker$StartLogSegment.execute(SegmentedRaftLogWorker.java:566)
	at org.apache.ratis.server.raftlog.segmented.SegmentedRaftLogWorker.run(SegmentedRaftLogWorker.java:289)
	at java.lang.Thread.run(Thread.java:748)
2019-09-25 07:05:02,527 [62ec8eb9-3ae9-4136-b70a-2caf3716fa7f@group-C509BEFDAC58-SegmentedRaftLogWorker] INFO  impl.RaftServerImpl (ServerState.java:close(385)) - 62ec8eb9-3ae9-4136-b70a-2caf3716fa7f@group-C509BEFDAC58: closes. applyIndex: -1
2019-09-25 07:05:02,527 [24bf2945-a329-4da6-aaf2-23ecd8d462c6@group-A8601CC5B899:LeaderElection99] INFO  segmented.SegmentedRaftLogWorker (SegmentedRaftLogWorker.java:startLogSegment(380)) - 24bf2945-a329-4da6-aaf2-23ecd8d462c6@group-A8601CC5B899-SegmentedRaftLogWorker: Starting segment from index:0
2019-09-25 07:05:02,527 [24bf2945-a329-4da6-aaf2-23ecd8d462c6@group-59E882B450F2:LeaderElection70] INFO  impl.RaftServerImpl (ServerState.java:setRaftConf(354)) - 24bf2945-a329-4da6-aaf2-23ecd8d462c6@group-59E882B450F2: set configuration 0: [24bf2945-a329-4da6-aaf2-23ecd8d462c6:192.168.30.10:42867], old=null at 0
2019-09-25 07:05:02,526 [e568d23f-199e-48ce-91e4-5c166e2e97cd@group-EF60280D0D4B-SegmentedRaftLogWorker] INFO  impl.RoleInfo (RoleInfo.java:shutdownLeaderState(104)) - e568d23f-199e-48ce-91e4-5c166e2e97cd: shutdown LeaderState
2019-09-25 07:05:02,795 [24bf2945-a329-4da6-aaf2-23ecd8d462c6@group-FB23A28886E1:LeaderElection92] INFO  impl.RoleInfo (RoleInfo.java:updateAndGet(143)) - 24bf2945-a329-4da6-aaf2-23ecd8d462c6: start LeaderState
2019-09-25 07:05:02,795 [62ec8eb9-3ae9-4136-b70a-2caf3716fa7f@group-C509BEFDAC58-SegmentedRaftLogWorker] INFO  segmented.SegmentedRaftLogWorker (SegmentedRaftLogWorker.java:close(228)) - 62ec8eb9-3ae9-4136-b70a-2caf3716fa7f@group-C509BEFDAC58-SegmentedRaftLogWorker close()
2019-09-25 07:05:02,795 [62ec8eb9-3ae9-4136-b70a-2caf3716fa7f@group-25849CE33AFF-SegmentedRaftLogWorker] INFO  impl.RaftServerImpl (RaftServerImpl.java:lambda$shutdown$3(251)) - 62ec8eb9-3ae9-4136-b70a-2caf3716fa7f@group-25849CE33AFF: shutdown
2019-09-25 07:05:02,794 [62ec8eb9-3ae9-4136-b70a-2caf3716fa7f@group-A6D5E2AE564D-SegmentedRaftLogWorker] INFO  impl.RaftServerImpl (RaftServerImpl.java:lambda$shutdown$3(251)) - 62ec8eb9-3ae9-4136-b70a-2caf3716fa7f@group-A6D5E2AE564D: shutdown
2019-09-25 07:05:02,794 [pool-27-thread-1] INFO  server.RaftServerConfigKeys (ConfUtils.java:logGet(43)) - raft.server.snapshot.auto.trigger.enabled = true (custom)
2019-09-25 07:05:02,794 [62ec8eb9-3ae9-4136-b70a-2caf3716fa7f@group-B4D0C3973801-SegmentedRaftLogWorker] INFO  segmented.SegmentedRaftLogWorker (SegmentedRaftLogWorker.java:close(228)) - 62ec8eb9-3ae9-4136-b70a-2caf3716fa7f@group-B4D0C3973801-SegmentedRaftLogWorker close()
2019-09-25 07:05:02,794 [pool-37-thread-1] INFO  server.RaftServerConfigKeys (ConfUtils.java:logGet(43)) - raft.server.log.queue.byte-limit = 2147483647 (custom)
2019-09-25 07:05:02,794 [pool-47-thread-1] INFO  server.RaftServerConfigKeys (ConfUtils.java:logGet(43)) - raft.server.log.statemachine.data.sync.timeout = 10s (default)
2019-09-25 07:05:03,076 [pool-37-thread-1] INFO  server.RaftServerConfigKeys (ConfUtils.java:logGet(43)) - raft.server.log.queue.element-limit = 1024 (custom)
2019-09-25 07:05:03,076 [pool-27-thread-1] INFO  server.RaftServerConfigKeys (ConfUtils.java:logGet(43)) - raft.server.snapshot.auto.trigger.threshold = 10000 (custom)
2019-09-25 07:05:03,076 [pool-27-thread-1] INFO  server.RaftServerConfigKeys (ConfUtils.java:logGet(43)) - raft.server.snapshot.retention.num.files = 5 (custom)
2019-09-25 07:05:03,062 [24bf2945-a329-4da6-aaf2-23ecd8d462c6@group-FB23A28886E1:LeaderElection92] INFO  segmented.SegmentedRaftLogWorker (SegmentedRaftLogWorker.java:startLogSegment(380)) - 24bf2945-a329-4da6-aaf2-23ecd8d462c6@group-FB23A28886E1-SegmentedRaftLogWorker: Starting segment from index:0
2019-09-25 07:05:03,060 [Thread-672] INFO  impl.FollowerState (FollowerState.java:run(106)) - 24bf2945-a329-4da6-aaf2-23ecd8d462c6:group-8D34866092A9 changes to CANDIDATE, lastRpcTime:10719, electionTimeout:5087ms
2019-09-25 07:05:03,044 [24bf2945-a329-4da6-aaf2-23ecd8d462c6@group-0088A0E64B06-SegmentedRaftLogWorker] ERROR segmented.SegmentedRaftLogWorker (SegmentedRaftLogWorker.java:run(323)) - 24bf2945-a329-4da6-aaf2-23ecd8d462c6@group-0088A0E64B06-SegmentedRaftLogWorker hit exception
java.lang.OutOfMemoryError: Direct buffer memory
	at java.nio.Bits.reserveMemory(Bits.java:666)
	at java.nio.DirectByteBuffer.<init>(DirectByteBuffer.java:123)
	at java.nio.ByteBuffer.allocateDirect(ByteBuffer.java:311)
	at org.apache.ratis.server.raftlog.segmented.BufferedWriteChannel.<init>(BufferedWriteChannel.java:41)
	at org.apache.ratis.server.raftlog.segmented.SegmentedRaftLogOutputStream.<init>(SegmentedRaftLogOutputStream.java:72)
	at org.apache.ratis.server.raftlog.segmented.SegmentedRaftLogWorker$StartLogSegment.execute(SegmentedRaftLogWorker.java:566)
	at org.apache.ratis.server.raftlog.segmented.SegmentedRaftLogWorker.run(SegmentedRaftLogWorker.java:289)
	at java.lang.Thread.run(Thread.java:748)
2019-09-25 07:05:03,316 [24bf2945-a329-4da6-aaf2-23ecd8d462c6@group-FB23A28886E1:LeaderElection92] INFO  impl.RaftServerImpl (ServerState.java:setRaftConf(354)) - 24bf2945-a329-4da6-aaf2-23ecd8d462c6@group-FB23A28886E1: set configuration 0: [24bf2945-a329-4da6-aaf2-23ecd8d462c6:192.168.30.10:42867], old=null at 0
2019-09-25 07:05:03,044 [62ec8eb9-3ae9-4136-b70a-2caf3716fa7f@group-63FD56BDEF80-SegmentedRaftLogWorker] ERROR segmented.SegmentedRaftLogWorker (SegmentedRaftLogWorker.java:run(323)) - 62ec8eb9-3ae9-4136-b70a-2caf3716fa7f@group-63FD56BDEF80-SegmentedRaftLogWorker hit exception
java.lang.OutOfMemoryError: Direct buffer memory
	at java.nio.Bits.reserveMemory(Bits.java:666)
	at java.nio.DirectByteBuffer.<init>(DirectByteBuffer.java:123)
	at java.nio.ByteBuffer.allocateDirect(ByteBuffer.java:311)
	at org.apache.ratis.server.raftlog.segmented.BufferedWriteChannel.<init>(BufferedWriteChannel.java:41)
	at org.apache.ratis.server.raftlog.segmented.SegmentedRaftLogOutputStream.<init>(SegmentedRaftLogOutputStream.java:72)
	at org.apache.ratis.server.raftlog.segmented.SegmentedRaftLogWorker$StartLogSegment.execute(SegmentedRaftLogWorker.java:566)
	at org.apache.ratis.server.raftlog.segmented.SegmentedRaftLogWorker.run(SegmentedRaftLogWorker.java:289)
	at java.lang.Thread.run(Thread.java:748)
2019-09-25 07:05:03,317 [62ec8eb9-3ae9-4136-b70a-2caf3716fa7f@group-63FD56BDEF80-SegmentedRaftLogWorker] INFO  impl.RaftServerImpl (RaftServerImpl.java:lambda$shutdown$3(251)) - 62ec8eb9-3ae9-4136-b70a-2caf3716fa7f@group-63FD56BDEF80: shutdown
2019-09-25 07:05:02,795 [e568d23f-199e-48ce-91e4-5c166e2e97cd@group-EF60280D0D4B-SegmentedRaftLogWorker] INFO  impl.PendingRequests (PendingRequests.java:sendNotLeaderResponses(202)) - e568d23f-199e-48ce-91e4-5c166e2e97cd-PendingRequests: sendNotLeaderResponses
2019-09-25 07:05:02,795 [24bf2945-a329-4da6-aaf2-23ecd8d462c6@group-A8601CC5B899:LeaderElection99] INFO  impl.RaftServerImpl (ServerState.java:setRaftConf(354)) - 24bf2945-a329-4da6-aaf2-23ecd8d462c6@group-A8601CC5B899: set configuration 0: [24bf2945-a329-4da6-aaf2-23ecd8d462c6:192.168.30.10:42867], old=null at 0
2019-09-25 07:05:03,317 [e568d23f-199e-48ce-91e4-5c166e2e97cd@group-EF60280D0D4B-SegmentedRaftLogWorker] INFO  impl.StateMachineUpdater (StateMachineUpdater.java:stopAndJoin(125)) - e568d23f-199e-48ce-91e4-5c166e2e97cd@group-EF60280D0D4B-StateMachineUpdater: set stopIndex = -1
2019-09-25 07:05:03,316 [24bf2945-a329-4da6-aaf2-23ecd8d462c6@group-0088A0E64B06-SegmentedRaftLogWorker] INFO  impl.RaftServerImpl (RaftServerImpl.java:lambda$shutdown$3(251)) - 24bf2945-a329-4da6-aaf2-23ecd8d462c6@group-0088A0E64B06: shutdown
2019-09-25 07:05:03,076 [pool-27-thread-1] INFO  server.RaftServerConfigKeys (ConfUtils.java:logGet(43)) - raft.server.retrycache.expirytime = 600000ms (custom)
2019-09-25 07:05:03,076 [pool-37-thread-1] INFO  server.RaftServerConfigKeys (ConfUtils.java:logGet(43)) - raft.server.log.segment.size.max = 1048576 (custom)
2019-09-25 07:05:03,076 [pool-47-thread-1] INFO  server.RaftServerConfigKeys (ConfUtils.java:logGet(43)) - raft.server.log.statemachine.data.sync.timeout.retry = -1 (default)
2019-09-25 07:05:03,318 [pool-37-thread-1] INFO  server.RaftServerConfigKeys (ConfUtils.java:logGet(43)) - raft.server.log.preallocated.size = 16384 (custom)
2019-09-25 07:05:03,318 [pool-37-thread-1] INFO  server.RaftServerConfigKeys (ConfUtils.java:logGet(43)) - raft.server.log.write.buffer.size = 33554432 (custom)
2019-09-25 07:05:03,318 [Thread-672] INFO  impl.RoleInfo (RoleInfo.java:shutdownFollowerState(121)) - 24bf2945-a329-4da6-aaf2-23ecd8d462c6: shutdown FollowerState
2019-09-25 07:05:03,318 [e568d23f-199e-48ce-91e4-5c166e2e97cd@group-EF60280D0D4B-SegmentedRaftLogWorker] INFO  impl.RaftServerImpl (ServerState.java:close(385)) - e568d23f-199e-48ce-91e4-5c166e2e97cd@group-EF60280D0D4B: closes. applyIndex: -1
2019-09-25 07:05:03,318 [24bf2945-a329-4da6-aaf2-23ecd8d462c6@group-7C5CBE2B0FCF:LeaderElection100] INFO  impl.RoleInfo (RoleInfo.java:updateAndGet(143)) - 24bf2945-a329-4da6-aaf2-23ecd8d462c6: start LeaderState
2019-09-25 07:05:03,319 [Thread-672] INFO  impl.RaftServerImpl (RaftServerImpl.java:setRole(174)) - 24bf2945-a329-4da6-aaf2-23ecd8d462c6@group-8D34866092A9: changes role from  FOLLOWER to CANDIDATE at term 0 for changeToCandidate
2019-09-25 07:05:03,318 [pool-37-thread-1] INFO  server.RaftServerConfigKeys (ConfUtils.java:logGet(43)) - raft.server.log.force.sync.num = 128 (default)
2019-09-25 07:05:03,319 [62ec8eb9-3ae9-4136-b70a-2caf3716fa7f@group-25849CE33AFF-SegmentedRaftLogWorker] INFO  util.JmxRegister (JmxRegister.java:unregister(73)) - Successfully un-registered JMX Bean with object name Ratis:service=RaftServer,group=group-25849CE33AFF,id=62ec8eb9-3ae9-4136-b70a-2caf3716fa7f
2019-09-25 07:05:03,318 [pool-47-thread-1] INFO  server.RaftServerConfigKeys (ConfUtils.java:logGet(43)) - raft.server.log.statemachine.data.caching.enabled = true (custom)
2019-09-25 07:05:03,319 [62ec8eb9-3ae9-4136-b70a-2caf3716fa7f@group-25849CE33AFF-SegmentedRaftLogWorker] INFO  impl.RoleInfo (RoleInfo.java:shutdownLeaderState(104)) - 62ec8eb9-3ae9-4136-b70a-2caf3716fa7f: shutdown LeaderState
2019-09-25 07:05:03,319 [62ec8eb9-3ae9-4136-b70a-2caf3716fa7f@group-A6D5E2AE564D-SegmentedRaftLogWorker] INFO  util.JmxRegister (JmxRegister.java:unregister(73)) - Successfully un-registered JMX Bean with object name Ratis:service=RaftServer,group=group-A6D5E2AE564D,id=62ec8eb9-3ae9-4136-b70a-2caf3716fa7f
2019-09-25 07:05:03,320 [62ec8eb9-3ae9-4136-b70a-2caf3716fa7f@group-A6D5E2AE564D-SegmentedRaftLogWorker] INFO  impl.RoleInfo (RoleInfo.java:shutdownLeaderState(104)) - 62ec8eb9-3ae9-4136-b70a-2caf3716fa7f: shutdown LeaderState
2019-09-25 07:05:03,319 [pool-37-thread-1] INFO  server.RaftServerConfigKeys (ConfUtils.java:logGet(43)) - raft.server.log.statemachine.data.sync = true (default)
2019-09-25 07:05:03,319 [Thread-672] INFO  impl.RoleInfo (RoleInfo.java:updateAndGet(143)) - 24bf2945-a329-4da6-aaf2-23ecd8d462c6: start LeaderElection
2019-09-25 07:05:03,319 [24bf2945-a329-4da6-aaf2-23ecd8d462c6@group-7C5CBE2B0FCF:LeaderElection100] INFO  segmented.SegmentedRaftLogWorker (SegmentedRaftLogWorker.java:startLogSegment(380)) - 24bf2945-a329-4da6-aaf2-23ecd8d462c6@group-7C5CBE2B0FCF-SegmentedRaftLogWorker: Starting segment from index:0
2019-09-25 07:05:03,319 [e568d23f-199e-48ce-91e4-5c166e2e97cd@group-EF60280D0D4B-SegmentedRaftLogWorker] INFO  segmented.SegmentedRaftLogWorker (SegmentedRaftLogWorker.java:close(228)) - e568d23f-199e-48ce-91e4-5c166e2e97cd@group-EF60280D0D4B-SegmentedRaftLogWorker close()
2019-09-25 07:05:03,320 [pool-37-thread-1] INFO  server.RaftServerConfigKeys (ConfUtils.java:logGet(43)) - raft.server.log.statemachine.data.sync.timeout = 10s (default)
2019-09-25 07:05:03,320 [62ec8eb9-3ae9-4136-b70a-2caf3716fa7f@group-A6D5E2AE564D-SegmentedRaftLogWorker] INFO  impl.PendingRequests (PendingRequests.java:sendNotLeaderResponses(202)) - 62ec8eb9-3ae9-4136-b70a-2caf3716fa7f-PendingRequests: sendNotLeaderResponses
2019-09-25 07:05:03,321 [24bf2945-a329-4da6-aaf2-23ecd8d462c6@group-7C5CBE2B0FCF:LeaderElection100] INFO  impl.RaftServerImpl (ServerState.java:setRaftConf(354)) - 24bf2945-a329-4da6-aaf2-23ecd8d462c6@group-7C5CBE2B0FCF: set configuration 0: [24bf2945-a329-4da6-aaf2-23ecd8d462c6:192.168.30.10:42867], old=null at 0
2019-09-25 07:05:03,320 [pool-47-thread-1] INFO  segmented.SegmentedRaftLogWorker (SegmentedRaftLogWorker.java:lambda$new$0(132)) - 24bf2945-a329-4da6-aaf2-23ecd8d462c6@group-E6F9350C10F4-SegmentedRaftLogWorker: flushIndex: setUnconditionally 0 -> -1
2019-09-25 07:05:03,320 [62ec8eb9-3ae9-4136-b70a-2caf3716fa7f@group-25849CE33AFF-SegmentedRaftLogWorker] INFO  impl.PendingRequests (PendingRequests.java:sendNotLeaderResponses(202)) - 62ec8eb9-3ae9-4136-b70a-2caf3716fa7f-PendingRequests: sendNotLeaderResponses
2019-09-25 07:05:03,553 [62ec8eb9-3ae9-4136-b70a-2caf3716fa7f@group-63FD56BDEF80-SegmentedRaftLogWorker] INFO  util.JmxRegister (JmxRegister.java:unregister(73)) - Successfully un-registered JMX Bean with object name Ratis:service=RaftServer,group=group-63FD56BDEF80,id=62ec8eb9-3ae9-4136-b70a-2caf3716fa7f
2019-09-25 07:05:03,553 [ReplicationMonitor] INFO  container.ReplicationManager (ReplicationManager.java:run(226)) - Replication Monitor Thread took 16603 milliseconds for processing 1 containers.
2019-09-25 07:05:03,553 [62ec8eb9-3ae9-4136-b70a-2caf3716fa7f@group-A6D5E2AE564D-SegmentedRaftLogWorker] INFO  impl.StateMachineUpdater (StateMachineUpdater.java:stopAndJoin(125)) - 62ec8eb9-3ae9-4136-b70a-2caf3716fa7f@group-A6D5E2AE564D-StateMachineUpdater: set stopIndex = -1
2019-09-25 07:05:03,554 [62ec8eb9-3ae9-4136-b70a-2caf3716fa7f@group-A6D5E2AE564D-SegmentedRaftLogWorker] INFO  impl.RaftServerImpl (ServerState.java:close(385)) - 62ec8eb9-3ae9-4136-b70a-2caf3716fa7f@group-A6D5E2AE564D: closes. applyIndex: -1
2019-09-25 07:05:03,321 [pool-37-thread-1] INFO  server.RaftServerConfigKeys (ConfUtils.java:logGet(43)) - raft.server.log.statemachine.data.sync.timeout.retry = -1 (default)
2019-09-25 07:05:03,554 [62ec8eb9-3ae9-4136-b70a-2caf3716fa7f@group-A6D5E2AE564D-SegmentedRaftLogWorker] INFO  segmented.SegmentedRaftLogWorker (SegmentedRaftLogWorker.java:close(228)) - 62ec8eb9-3ae9-4136-b70a-2caf3716fa7f@group-A6D5E2AE564D-SegmentedRaftLogWorker close()
2019-09-25 07:05:03,553 [24bf2945-a329-4da6-aaf2-23ecd8d462c6@group-0088A0E64B06-SegmentedRaftLogWorker] INFO  util.JmxRegister (JmxRegister.java:unregister(73)) - Successfully un-registered JMX Bean with object name Ratis:service=RaftServer,group=group-0088A0E64B06,id=24bf2945-a329-4da6-aaf2-23ecd8d462c6
2019-09-25 07:05:03,553 [pool-47-thread-1] INFO  server.RaftServerConfigKeys (ConfUtils.java:logGet(43)) - raft.server.snapshot.auto.trigger.enabled = true (custom)
2019-09-25 07:05:03,553 [62ec8eb9-3ae9-4136-b70a-2caf3716fa7f@group-63FD56BDEF80-SegmentedRaftLogWorker] INFO  impl.RoleInfo (RoleInfo.java:shutdownLeaderState(104)) - 62ec8eb9-3ae9-4136-b70a-2caf3716fa7f: shutdown LeaderState
2019-09-25 07:05:03,553 [62ec8eb9-3ae9-4136-b70a-2caf3716fa7f@group-25849CE33AFF-SegmentedRaftLogWorker] INFO  impl.StateMachineUpdater (StateMachineUpdater.java:stopAndJoin(125)) - 62ec8eb9-3ae9-4136-b70a-2caf3716fa7f@group-25849CE33AFF-StateMachineUpdater: set stopIndex = -1
2019-09-25 07:05:03,555 [62ec8eb9-3ae9-4136-b70a-2caf3716fa7f@group-63FD56BDEF80-SegmentedRaftLogWorker] INFO  impl.PendingRequests (PendingRequests.java:sendNotLeaderResponses(202)) - 62ec8eb9-3ae9-4136-b70a-2caf3716fa7f-PendingRequests: sendNotLeaderResponses
2019-09-25 07:05:03,554 [pool-47-thread-1] INFO  server.RaftServerConfigKeys (ConfUtils.java:logGet(43)) - raft.server.snapshot.auto.trigger.threshold = 10000 (custom)
2019-09-25 07:05:03,554 [24bf2945-a329-4da6-aaf2-23ecd8d462c6@group-0088A0E64B06-SegmentedRaftLogWorker] INFO  impl.RoleInfo (RoleInfo.java:shutdownLeaderState(104)) - 24bf2945-a329-4da6-aaf2-23ecd8d462c6: shutdown LeaderState
2019-09-25 07:05:03,554 [pool-37-thread-1] INFO  server.RaftServerConfigKeys (ConfUtils.java:logGet(43)) - raft.server.log.statemachine.data.caching.enabled = true (custom)
2019-09-25 07:05:03,554 [e568d23f-199e-48ce-91e4-5c166e2e97cd@group-DDE3C963B612:LeaderElection96] INFO  impl.RoleInfo (RoleInfo.java:updateAndGet(143)) - e568d23f-199e-48ce-91e4-5c166e2e97cd: start LeaderState
2019-09-25 07:05:03,555 [24bf2945-a329-4da6-aaf2-23ecd8d462c6@group-0088A0E64B06-SegmentedRaftLogWorker] INFO  impl.PendingRequests (PendingRequests.java:sendNotLeaderResponses(202)) - 24bf2945-a329-4da6-aaf2-23ecd8d462c6-PendingRequests: sendNotLeaderResponses
2019-09-25 07:05:03,555 [pool-47-thread-1] INFO  server.RaftServerConfigKeys (ConfUtils.java:logGet(43)) - raft.server.snapshot.retention.num.files = 5 (custom)
2019-09-25 07:05:03,555 [62ec8eb9-3ae9-4136-b70a-2caf3716fa7f@group-63FD56BDEF80-SegmentedRaftLogWorker] INFO  impl.StateMachineUpdater (StateMachineUpdater.java:stopAndJoin(125)) - 62ec8eb9-3ae9-4136-b70a-2caf3716fa7f@group-63FD56BDEF80-StateMachineUpdater: set stopIndex = -1
2019-09-25 07:05:03,555 [62ec8eb9-3ae9-4136-b70a-2caf3716fa7f@group-25849CE33AFF-SegmentedRaftLogWorker] INFO  impl.RaftServerImpl (ServerState.java:close(385)) - 62ec8eb9-3ae9-4136-b70a-2caf3716fa7f@group-25849CE33AFF: closes. applyIndex: -1
2019-09-25 07:05:03,556 [pool-47-thread-1] INFO  server.RaftServerConfigKeys (ConfUtils.java:logGet(43)) - raft.server.retrycache.expirytime = 600000ms (custom)
2019-09-25 07:05:03,556 [62ec8eb9-3ae9-4136-b70a-2caf3716fa7f@group-63FD56BDEF80-SegmentedRaftLogWorker] INFO  impl.RaftServerImpl (ServerState.java:close(385)) - 62ec8eb9-3ae9-4136-b70a-2caf3716fa7f@group-63FD56BDEF80: closes. applyIndex: -1
2019-09-25 07:05:03,556 [24bf2945-a329-4da6-aaf2-23ecd8d462c6@group-0088A0E64B06-SegmentedRaftLogWorker] INFO  impl.StateMachineUpdater (StateMachineUpdater.java:stopAndJoin(125)) - 24bf2945-a329-4da6-aaf2-23ecd8d462c6@group-0088A0E64B06-StateMachineUpdater: set stopIndex = -1
2019-09-25 07:05:03,556 [e568d23f-199e-48ce-91e4-5c166e2e97cd@group-DDE3C963B612:LeaderElection96] INFO  segmented.SegmentedRaftLogWorker (SegmentedRaftLogWorker.java:startLogSegment(380)) - e568d23f-199e-48ce-91e4-5c166e2e97cd@group-DDE3C963B612-SegmentedRaftLogWorker: Starting segment from index:0
2019-09-25 07:05:03,556 [pool-37-thread-1] INFO  segmented.SegmentedRaftLogWorker (SegmentedRaftLogWorker.java:lambda$new$0(132)) - 62ec8eb9-3ae9-4136-b70a-2caf3716fa7f@group-E6F9350C10F4-SegmentedRaftLogWorker: flushIndex: setUnconditionally 0 -> -1
2019-09-25 07:05:03,557 [24bf2945-a329-4da6-aaf2-23ecd8d462c6@group-0088A0E64B06-SegmentedRaftLogWorker] INFO  impl.RaftServerImpl (ServerState.java:close(385)) - 24bf2945-a329-4da6-aaf2-23ecd8d462c6@group-0088A0E64B06: closes. applyIndex: -1
2019-09-25 07:05:03,557 [62ec8eb9-3ae9-4136-b70a-2caf3716fa7f@group-63FD56BDEF80-SegmentedRaftLogWorker] INFO  segmented.SegmentedRaftLogWorker (SegmentedRaftLogWorker.java:close(228)) - 62ec8eb9-3ae9-4136-b70a-2caf3716fa7f@group-63FD56BDEF80-SegmentedRaftLogWorker close()
2019-09-25 07:05:03,557 [e568d23f-199e-48ce-91e4-5c166e2e97cd@group-41A741059900:LeaderElection111] INFO  impl.RoleInfo (RoleInfo.java:updateAndGet(143)) - e568d23f-199e-48ce-91e4-5c166e2e97cd: start LeaderState
2019-09-25 07:05:03,556 [62ec8eb9-3ae9-4136-b70a-2caf3716fa7f@group-25849CE33AFF-SegmentedRaftLogWorker] INFO  segmented.SegmentedRaftLogWorker (SegmentedRaftLogWorker.java:close(228)) - 62ec8eb9-3ae9-4136-b70a-2caf3716fa7f@group-25849CE33AFF-SegmentedRaftLogWorker close()
2019-09-25 07:05:03,810 [e568d23f-199e-48ce-91e4-5c166e2e97cd@group-41A741059900:LeaderElection111] INFO  segmented.SegmentedRaftLogWorker (SegmentedRaftLogWorker.java:startLogSegment(380)) - e568d23f-199e-48ce-91e4-5c166e2e97cd@group-41A741059900-SegmentedRaftLogWorker: Starting segment from index:0
2019-09-25 07:05:03,810 [pool-37-thread-1] INFO  server.RaftServerConfigKeys (ConfUtils.java:logGet(43)) - raft.server.snapshot.auto.trigger.enabled = true (custom)
2019-09-25 07:05:03,810 [24bf2945-a329-4da6-aaf2-23ecd8d462c6@group-0088A0E64B06-SegmentedRaftLogWorker] INFO  segmented.SegmentedRaftLogWorker (SegmentedRaftLogWorker.java:close(228)) - 24bf2945-a329-4da6-aaf2-23ecd8d462c6@group-0088A0E64B06-SegmentedRaftLogWorker close()
2019-09-25 07:05:03,810 [24bf2945-a329-4da6-aaf2-23ecd8d462c6@group-8D34866092A9:LeaderElection153] INFO  impl.LeaderElection (LeaderElection.java:askForVotes(182)) - 24bf2945-a329-4da6-aaf2-23ecd8d462c6@group-8D34866092A9:LeaderElection153: begin an election at term 1 for -1: [24bf2945-a329-4da6-aaf2-23ecd8d462c6:192.168.30.10:42867], old=null
2019-09-25 07:05:03,807 [62ec8eb9-3ae9-4136-b70a-2caf3716fa7f@group-213BD37C19A2-SegmentedRaftLogWorker] ERROR segmented.SegmentedRaftLogWorker (SegmentedRaftLogWorker.java:run(323)) - 62ec8eb9-3ae9-4136-b70a-2caf3716fa7f@group-213BD37C19A2-SegmentedRaftLogWorker hit exception
java.lang.OutOfMemoryError: Direct buffer memory
	at java.nio.Bits.reserveMemory(Bits.java:666)
	at java.nio.DirectByteBuffer.<init>(DirectByteBuffer.java:123)
	at java.nio.ByteBuffer.allocateDirect(ByteBuffer.java:311)
	at org.apache.ratis.server.raftlog.segmented.BufferedWriteChannel.<init>(BufferedWriteChannel.java:41)
	at org.apache.ratis.server.raftlog.segmented.SegmentedRaftLogOutputStream.<init>(SegmentedRaftLogOutputStream.java:72)
	at org.apache.ratis.server.raftlog.segmented.SegmentedRaftLogWorker$StartLogSegment.execute(SegmentedRaftLogWorker.java:566)
	at org.apache.ratis.server.raftlog.segmented.SegmentedRaftLogWorker.run(SegmentedRaftLogWorker.java:289)
	at java.lang.Thread.run(Thread.java:748)
2019-09-25 07:05:03,557 [e568d23f-199e-48ce-91e4-5c166e2e97cd@group-DDE3C963B612:LeaderElection96] INFO  impl.RaftServerImpl (ServerState.java:setRaftConf(354)) - e568d23f-199e-48ce-91e4-5c166e2e97cd@group-DDE3C963B612: set configuration 0: [e568d23f-199e-48ce-91e4-5c166e2e97cd:192.168.30.10:42827], old=null at 0
2019-09-25 07:05:03,812 [62ec8eb9-3ae9-4136-b70a-2caf3716fa7f@group-213BD37C19A2-SegmentedRaftLogWorker] INFO  impl.RaftServerImpl (RaftServerImpl.java:lambda$shutdown$3(251)) - 62ec8eb9-3ae9-4136-b70a-2caf3716fa7f@group-213BD37C19A2: shutdown
2019-09-25 07:05:03,812 [e568d23f-199e-48ce-91e4-5c166e2e97cd@group-41A741059900:LeaderElection111] INFO  impl.RaftServerImpl (ServerState.java:setRaftConf(354)) - e568d23f-199e-48ce-91e4-5c166e2e97cd@group-41A741059900: set configuration 0: [e568d23f-199e-48ce-91e4-5c166e2e97cd:192.168.30.10:42827], old=null at 0
2019-09-25 07:05:03,811 [24bf2945-a329-4da6-aaf2-23ecd8d462c6@group-8D34866092A9:LeaderElection153] INFO  impl.RoleInfo (RoleInfo.java:shutdownLeaderElection(134)) - 24bf2945-a329-4da6-aaf2-23ecd8d462c6: shutdown LeaderElection
2019-09-25 07:05:03,811 [pool-37-thread-1] INFO  server.RaftServerConfigKeys (ConfUtils.java:logGet(43)) - raft.server.snapshot.auto.trigger.threshold = 10000 (custom)
2019-09-25 07:05:04,061 [24bf2945-a329-4da6-aaf2-23ecd8d462c6@group-0F02076B3222:LeaderElection107] INFO  impl.RoleInfo (RoleInfo.java:updateAndGet(143)) - 24bf2945-a329-4da6-aaf2-23ecd8d462c6: start LeaderState
2019-09-25 07:05:03,813 [24bf2945-a329-4da6-aaf2-23ecd8d462c6@group-8D34866092A9:LeaderElection153] INFO  impl.RaftServerImpl (RaftServerImpl.java:setRole(174)) - 24bf2945-a329-4da6-aaf2-23ecd8d462c6@group-8D34866092A9: changes role from CANDIDATE to LEADER at term 1 for changeToLeader
2019-09-25 07:05:04,061 [24bf2945-a329-4da6-aaf2-23ecd8d462c6@group-8D34866092A9:LeaderElection153] INFO  impl.RaftServerImpl (ServerState.java:setLeader(253)) - 24bf2945-a329-4da6-aaf2-23ecd8d462c6@group-8D34866092A9: change Leader from null to 24bf2945-a329-4da6-aaf2-23ecd8d462c6 at term 1 for becomeLeader, leader elected after 11809ms
2019-09-25 07:05:04,061 [pool-37-thread-1] INFO  server.RaftServerConfigKeys (ConfUtils.java:logGet(43)) - raft.server.snapshot.retention.num.files = 5 (custom)
2019-09-25 07:05:04,061 [24bf2945-a329-4da6-aaf2-23ecd8d462c6@group-8D34866092A9:LeaderElection153] INFO  server.RaftServerConfigKeys (ConfUtils.java:logGet(43)) - raft.server.staging.catchup.gap = 1000 (default)
2019-09-25 07:05:04,061 [24bf2945-a329-4da6-aaf2-23ecd8d462c6@group-0F02076B3222:LeaderElection107] INFO  segmented.SegmentedRaftLogWorker (SegmentedRaftLogWorker.java:startLogSegment(380)) - 24bf2945-a329-4da6-aaf2-23ecd8d462c6@group-0F02076B3222-SegmentedRaftLogWorker: Starting segment from index:0
2019-09-25 07:05:04,062 [24bf2945-a329-4da6-aaf2-23ecd8d462c6@group-8D34866092A9:LeaderElection153] INFO  server.RaftServerConfigKeys (ConfUtils.java:logGet(43)) - raft.server.rpc.sleep.time = 25ms (default)
2019-09-25 07:05:04,062 [pool-37-thread-1] INFO  server.RaftServerConfigKeys (ConfUtils.java:logGet(43)) - raft.server.retrycache.expirytime = 600000ms (custom)
2019-09-25 07:05:04,062 [24bf2945-a329-4da6-aaf2-23ecd8d462c6@group-8D34866092A9:LeaderElection153] INFO  server.RaftServerConfigKeys (ConfUtils.java:logGet(43)) - raft.server.write.element-limit = 4096 (default)
2019-09-25 07:05:04,062 [24bf2945-a329-4da6-aaf2-23ecd8d462c6@group-0F02076B3222:LeaderElection107] INFO  impl.RaftServerImpl (ServerState.java:setRaftConf(354)) - 24bf2945-a329-4da6-aaf2-23ecd8d462c6@group-0F02076B3222: set configuration 0: [24bf2945-a329-4da6-aaf2-23ecd8d462c6:192.168.30.10:42867], old=null at 0
2019-09-25 07:05:04,063 [24bf2945-a329-4da6-aaf2-23ecd8d462c6@group-8D34866092A9:LeaderElection153] INFO  server.RaftServerConfigKeys (ConfUtils.java:logGet(43)) - raft.server.watch.timeout = 10s (default)
2019-09-25 07:05:04,063 [24bf2945-a329-4da6-aaf2-23ecd8d462c6@group-8D34866092A9:LeaderElection153] INFO  server.RaftServerConfigKeys (ConfUtils.java:logGet(43)) - raft.server.watch.timeout.denomination = 1s (default)
2019-09-25 07:05:04,260 [62ec8eb9-3ae9-4136-b70a-2caf3716fa7f@group-8FC2FC71D360-SegmentedRaftLogWorker] ERROR segmented.SegmentedRaftLogWorker (SegmentedRaftLogWorker.java:run(323)) - 62ec8eb9-3ae9-4136-b70a-2caf3716fa7f@group-8FC2FC71D360-SegmentedRaftLogWorker hit exception
java.lang.OutOfMemoryError: Direct buffer memory
	at java.nio.Bits.reserveMemory(Bits.java:666)
	at java.nio.DirectByteBuffer.<init>(DirectByteBuffer.java:123)
	at java.nio.ByteBuffer.allocateDirect(ByteBuffer.java:311)
	at org.apache.ratis.server.raftlog.segmented.BufferedWriteChannel.<init>(BufferedWriteChannel.java:41)
	at org.apache.ratis.server.raftlog.segmented.SegmentedRaftLogOutputStream.<init>(SegmentedRaftLogOutputStream.java:72)
	at org.apache.ratis.server.raftlog.segmented.SegmentedRaftLogWorker$StartLogSegment.execute(SegmentedRaftLogWorker.java:566)
	at org.apache.ratis.server.raftlog.segmented.SegmentedRaftLogWorker.run(SegmentedRaftLogWorker.java:289)
	at java.lang.Thread.run(Thread.java:748)
2019-09-25 07:05:04,260 [62ec8eb9-3ae9-4136-b70a-2caf3716fa7f@group-AFCD660D5460-SegmentedRaftLogWorker] ERROR segmented.SegmentedRaftLogWorker (SegmentedRaftLogWorker.java:run(323)) - 62ec8eb9-3ae9-4136-b70a-2caf3716fa7f@group-AFCD660D5460-SegmentedRaftLogWorker hit exception
java.lang.OutOfMemoryError: Direct buffer memory
	at java.nio.Bits.reserveMemory(Bits.java:666)
	at java.nio.DirectByteBuffer.<init>(DirectByteBuffer.java:123)
	at java.nio.ByteBuffer.allocateDirect(ByteBuffer.java:311)
	at org.apache.ratis.server.raftlog.segmented.BufferedWriteChannel.<init>(BufferedWriteChannel.java:41)
	at org.apache.ratis.server.raftlog.segmented.SegmentedRaftLogOutputStream.<init>(SegmentedRaftLogOutputStream.java:72)
	at org.apache.ratis.server.raftlog.segmented.SegmentedRaftLogWorker$StartLogSegment.execute(SegmentedRaftLogWorker.java:566)
	at org.apache.ratis.server.raftlog.segmented.SegmentedRaftLogWorker.run(SegmentedRaftLogWorker.java:289)
	at java.lang.Thread.run(Thread.java:748)
2019-09-25 07:05:04,260 [62ec8eb9-3ae9-4136-b70a-2caf3716fa7f@group-8FC2FC71D360-SegmentedRaftLogWorker] INFO  impl.RaftServerImpl (RaftServerImpl.java:lambda$shutdown$3(251)) - 62ec8eb9-3ae9-4136-b70a-2caf3716fa7f@group-8FC2FC71D360: shutdown
2019-09-25 07:05:04,260 [24bf2945-a329-4da6-aaf2-23ecd8d462c6@group-8D34866092A9:LeaderElection153] INFO  server.RaftServerConfigKeys (ConfUtils.java:logGet(43)) - raft.server.watch.element-limit = 65536 (default)
2019-09-25 07:05:04,261 [62ec8eb9-3ae9-4136-b70a-2caf3716fa7f@group-AFCD660D5460-SegmentedRaftLogWorker] INFO  impl.RaftServerImpl (RaftServerImpl.java:lambda$shutdown$3(251)) - 62ec8eb9-3ae9-4136-b70a-2caf3716fa7f@group-AFCD660D5460: shutdown
2019-09-25 07:05:04,262 [62ec8eb9-3ae9-4136-b70a-2caf3716fa7f@group-213BD37C19A2-SegmentedRaftLogWorker] INFO  util.JmxRegister (JmxRegister.java:unregister(73)) - Successfully un-registered JMX Bean with object name Ratis:service=RaftServer,group=group-213BD37C19A2,id=62ec8eb9-3ae9-4136-b70a-2caf3716fa7f
2019-09-25 07:05:04,262 [62ec8eb9-3ae9-4136-b70a-2caf3716fa7f@group-213BD37C19A2-SegmentedRaftLogWorker] INFO  impl.RoleInfo (RoleInfo.java:shutdownLeaderState(104)) - 62ec8eb9-3ae9-4136-b70a-2caf3716fa7f: shutdown LeaderState
2019-09-25 07:05:04,262 [62ec8eb9-3ae9-4136-b70a-2caf3716fa7f@group-213BD37C19A2-SegmentedRaftLogWorker] INFO  impl.PendingRequests (PendingRequests.java:sendNotLeaderResponses(202)) - 62ec8eb9-3ae9-4136-b70a-2caf3716fa7f-PendingRequests: sendNotLeaderResponses
2019-09-25 07:05:04,262 [e568d23f-199e-48ce-91e4-5c166e2e97cd@group-A76C434A76E6:LeaderElection114] INFO  impl.RoleInfo (RoleInfo.java:updateAndGet(143)) - e568d23f-199e-48ce-91e4-5c166e2e97cd: start LeaderState
2019-09-25 07:05:04,262 [62ec8eb9-3ae9-4136-b70a-2caf3716fa7f@group-213BD37C19A2-SegmentedRaftLogWorker] INFO  impl.StateMachineUpdater (StateMachineUpdater.java:stopAndJoin(125)) - 62ec8eb9-3ae9-4136-b70a-2caf3716fa7f@group-213BD37C19A2-StateMachineUpdater: set stopIndex = -1
2019-09-25 07:05:04,263 [e568d23f-199e-48ce-91e4-5c166e2e97cd@group-A76C434A76E6:LeaderElection114] INFO  segmented.SegmentedRaftLogWorker (SegmentedRaftLogWorker.java:startLogSegment(380)) - e568d23f-199e-48ce-91e4-5c166e2e97cd@group-A76C434A76E6-SegmentedRaftLogWorker: Starting segment from index:0
2019-09-25 07:05:04,263 [62ec8eb9-3ae9-4136-b70a-2caf3716fa7f@group-213BD37C19A2-SegmentedRaftLogWorker] INFO  impl.RaftServerImpl (ServerState.java:close(385)) - 62ec8eb9-3ae9-4136-b70a-2caf3716fa7f@group-213BD37C19A2: closes. applyIndex: -1
2019-09-25 07:05:04,263 [62ec8eb9-3ae9-4136-b70a-2caf3716fa7f@group-213BD37C19A2-SegmentedRaftLogWorker] INFO  segmented.SegmentedRaftLogWorker (SegmentedRaftLogWorker.java:close(228)) - 62ec8eb9-3ae9-4136-b70a-2caf3716fa7f@group-213BD37C19A2-SegmentedRaftLogWorker close()
2019-09-25 07:05:04,484 [e568d23f-199e-48ce-91e4-5c166e2e97cd@group-A76C434A76E6:LeaderElection114] INFO  impl.RaftServerImpl (ServerState.java:setRaftConf(354)) - e568d23f-199e-48ce-91e4-5c166e2e97cd@group-A76C434A76E6: set configuration 0: [e568d23f-199e-48ce-91e4-5c166e2e97cd:192.168.30.10:42827], old=null at 0
2019-09-25 07:05:04,483 [24bf2945-a329-4da6-aaf2-23ecd8d462c6@group-59E882B450F2-SegmentedRaftLogWorker] ERROR segmented.SegmentedRaftLogWorker (SegmentedRaftLogWorker.java:run(323)) - 24bf2945-a329-4da6-aaf2-23ecd8d462c6@group-59E882B450F2-SegmentedRaftLogWorker hit exception
java.lang.OutOfMemoryError: Direct buffer memory
	at java.nio.Bits.reserveMemory(Bits.java:666)
	at java.nio.DirectByteBuffer.<init>(DirectByteBuffer.java:123)
	at java.nio.ByteBuffer.allocateDirect(ByteBuffer.java:311)
	at org.apache.ratis.server.raftlog.segmented.BufferedWriteChannel.<init>(BufferedWriteChannel.java:41)
	at org.apache.ratis.server.raftlog.segmented.SegmentedRaftLogOutputStream.<init>(SegmentedRaftLogOutputStream.java:72)
	at org.apache.ratis.server.raftlog.segmented.SegmentedRaftLogWorker$StartLogSegment.execute(SegmentedRaftLogWorker.java:566)
	at org.apache.ratis.server.raftlog.segmented.SegmentedRaftLogWorker.run(SegmentedRaftLogWorker.java:289)
	at java.lang.Thread.run(Thread.java:748)
2019-09-25 07:05:04,485 [24bf2945-a329-4da6-aaf2-23ecd8d462c6@group-59E882B450F2-SegmentedRaftLogWorker] INFO  impl.RaftServerImpl (RaftServerImpl.java:lambda$shutdown$3(251)) - 24bf2945-a329-4da6-aaf2-23ecd8d462c6@group-59E882B450F2: shutdown
2019-09-25 07:05:04,486 [62ec8eb9-3ae9-4136-b70a-2caf3716fa7f@group-8FC2FC71D360-SegmentedRaftLogWorker] INFO  util.JmxRegister (JmxRegister.java:unregister(73)) - Successfully un-registered JMX Bean with object name Ratis:service=RaftServer,group=group-8FC2FC71D360,id=62ec8eb9-3ae9-4136-b70a-2caf3716fa7f
2019-09-25 07:05:04,486 [62ec8eb9-3ae9-4136-b70a-2caf3716fa7f@group-8FC2FC71D360-SegmentedRaftLogWorker] INFO  impl.RoleInfo (RoleInfo.java:shutdownLeaderState(104)) - 62ec8eb9-3ae9-4136-b70a-2caf3716fa7f: shutdown LeaderState
2019-09-25 07:05:04,486 [62ec8eb9-3ae9-4136-b70a-2caf3716fa7f@group-8FC2FC71D360-SegmentedRaftLogWorker] INFO  impl.PendingRequests (PendingRequests.java:sendNotLeaderResponses(202)) - 62ec8eb9-3ae9-4136-b70a-2caf3716fa7f-PendingRequests: sendNotLeaderResponses
2019-09-25 07:05:04,486 [62ec8eb9-3ae9-4136-b70a-2caf3716fa7f@group-AFCD660D5460-SegmentedRaftLogWorker] INFO  util.JmxRegister (JmxRegister.java:unregister(73)) - Successfully un-registered JMX Bean with object name Ratis:service=RaftServer,group=group-AFCD660D5460,id=62ec8eb9-3ae9-4136-b70a-2caf3716fa7f
2019-09-25 07:05:04,487 [62ec8eb9-3ae9-4136-b70a-2caf3716fa7f@group-8FC2FC71D360-SegmentedRaftLogWorker] INFO  impl.StateMachineUpdater (StateMachineUpdater.java:stopAndJoin(125)) - 62ec8eb9-3ae9-4136-b70a-2caf3716fa7f@group-8FC2FC71D360-StateMachineUpdater: set stopIndex = -1
2019-09-25 07:05:04,487 [24bf2945-a329-4da6-aaf2-23ecd8d462c6@group-0A6D6B37687B:LeaderElection113] INFO  impl.RoleInfo (RoleInfo.java:updateAndGet(143)) - 24bf2945-a329-4da6-aaf2-23ecd8d462c6: start LeaderState
2019-09-25 07:05:04,487 [62ec8eb9-3ae9-4136-b70a-2caf3716fa7f@group-AFCD660D5460-SegmentedRaftLogWorker] INFO  impl.RoleInfo (RoleInfo.java:shutdownLeaderState(104)) - 62ec8eb9-3ae9-4136-b70a-2caf3716fa7f: shutdown LeaderState
2019-09-25 07:05:04,487 [62ec8eb9-3ae9-4136-b70a-2caf3716fa7f@group-8FC2FC71D360-SegmentedRaftLogWorker] INFO  impl.RaftServerImpl (ServerState.java:close(385)) - 62ec8eb9-3ae9-4136-b70a-2caf3716fa7f@group-8FC2FC71D360: closes. applyIndex: -1
2019-09-25 07:05:04,487 [62ec8eb9-3ae9-4136-b70a-2caf3716fa7f@group-AFCD660D5460-SegmentedRaftLogWorker] INFO  impl.PendingRequests (PendingRequests.java:sendNotLeaderResponses(202)) - 62ec8eb9-3ae9-4136-b70a-2caf3716fa7f-PendingRequests: sendNotLeaderResponses
2019-09-25 07:05:04,487 [24bf2945-a329-4da6-aaf2-23ecd8d462c6@group-0A6D6B37687B:LeaderElection113] INFO  segmented.SegmentedRaftLogWorker (SegmentedRaftLogWorker.java:startLogSegment(380)) - 24bf2945-a329-4da6-aaf2-23ecd8d462c6@group-0A6D6B37687B-SegmentedRaftLogWorker: Starting segment from index:0
2019-09-25 07:05:04,488 [62ec8eb9-3ae9-4136-b70a-2caf3716fa7f@group-AFCD660D5460-SegmentedRaftLogWorker] INFO  impl.StateMachineUpdater (StateMachineUpdater.java:stopAndJoin(125)) - 62ec8eb9-3ae9-4136-b70a-2caf3716fa7f@group-AFCD660D5460-StateMachineUpdater: set stopIndex = -1
2019-09-25 07:05:04,487 [62ec8eb9-3ae9-4136-b70a-2caf3716fa7f@group-8FC2FC71D360-SegmentedRaftLogWorker] INFO  segmented.SegmentedRaftLogWorker (SegmentedRaftLogWorker.java:close(228)) - 62ec8eb9-3ae9-4136-b70a-2caf3716fa7f@group-8FC2FC71D360-SegmentedRaftLogWorker close()
2019-09-25 07:05:04,488 [62ec8eb9-3ae9-4136-b70a-2caf3716fa7f@group-AFCD660D5460-SegmentedRaftLogWorker] INFO  impl.RaftServerImpl (ServerState.java:close(385)) - 62ec8eb9-3ae9-4136-b70a-2caf3716fa7f@group-AFCD660D5460: closes. applyIndex: -1
2019-09-25 07:05:04,488 [24bf2945-a329-4da6-aaf2-23ecd8d462c6@group-0A6D6B37687B:LeaderElection113] INFO  impl.RaftServerImpl (ServerState.java:setRaftConf(354)) - 24bf2945-a329-4da6-aaf2-23ecd8d462c6@group-0A6D6B37687B: set configuration 0: [24bf2945-a329-4da6-aaf2-23ecd8d462c6:192.168.30.10:42867], old=null at 0
2019-09-25 07:05:04,488 [62ec8eb9-3ae9-4136-b70a-2caf3716fa7f@group-AFCD660D5460-SegmentedRaftLogWorker] INFO  segmented.SegmentedRaftLogWorker (SegmentedRaftLogWorker.java:close(228)) - 62ec8eb9-3ae9-4136-b70a-2caf3716fa7f@group-AFCD660D5460-SegmentedRaftLogWorker close()
2019-09-25 07:05:04,706 [Thread-717] INFO  impl.FollowerState (FollowerState.java:run(106)) - 62ec8eb9-3ae9-4136-b70a-2caf3716fa7f:group-E95158996088 changes to CANDIDATE, lastRpcTime:11883, electionTimeout:5043ms
2019-09-25 07:05:04,704 [Thread-727] INFO  impl.FollowerState (FollowerState.java:run(106)) - e568d23f-199e-48ce-91e4-5c166e2e97cd:group-FF36E0F90A6A changes to CANDIDATE, lastRpcTime:11805, electionTimeout:5188ms
2019-09-25 07:05:04,709 [24bf2945-a329-4da6-aaf2-23ecd8d462c6@group-59E882B450F2-SegmentedRaftLogWorker] INFO  util.JmxRegister (JmxRegister.java:unregister(73)) - Successfully un-registered JMX Bean with object name Ratis:service=RaftServer,group=group-59E882B450F2,id=24bf2945-a329-4da6-aaf2-23ecd8d462c6
2019-09-25 07:05:04,709 [24bf2945-a329-4da6-aaf2-23ecd8d462c6@group-59E882B450F2-SegmentedRaftLogWorker] INFO  impl.RoleInfo (RoleInfo.java:shutdownLeaderState(104)) - 24bf2945-a329-4da6-aaf2-23ecd8d462c6: shutdown LeaderState
2019-09-25 07:05:04,709 [24bf2945-a329-4da6-aaf2-23ecd8d462c6@group-59E882B450F2-SegmentedRaftLogWorker] INFO  impl.PendingRequests (PendingRequests.java:sendNotLeaderResponses(202)) - 24bf2945-a329-4da6-aaf2-23ecd8d462c6-PendingRequests: sendNotLeaderResponses
2019-09-25 07:05:04,710 [24bf2945-a329-4da6-aaf2-23ecd8d462c6@group-59E882B450F2-SegmentedRaftLogWorker] INFO  impl.StateMachineUpdater (StateMachineUpdater.java:stopAndJoin(125)) - 24bf2945-a329-4da6-aaf2-23ecd8d462c6@group-59E882B450F2-StateMachineUpdater: set stopIndex = -1
2019-09-25 07:05:04,710 [24bf2945-a329-4da6-aaf2-23ecd8d462c6@group-59E882B450F2-SegmentedRaftLogWorker] INFO  impl.RaftServerImpl (ServerState.java:close(385)) - 24bf2945-a329-4da6-aaf2-23ecd8d462c6@group-59E882B450F2: closes. applyIndex: -1
2019-09-25 07:05:04,710 [24bf2945-a329-4da6-aaf2-23ecd8d462c6@group-4E9FB9BD23D5:LeaderElection115] INFO  impl.RoleInfo (RoleInfo.java:updateAndGet(143)) - 24bf2945-a329-4da6-aaf2-23ecd8d462c6: start LeaderState
2019-09-25 07:05:04,710 [24bf2945-a329-4da6-aaf2-23ecd8d462c6@group-59E882B450F2-SegmentedRaftLogWorker] INFO  segmented.SegmentedRaftLogWorker (SegmentedRaftLogWorker.java:close(228)) - 24bf2945-a329-4da6-aaf2-23ecd8d462c6@group-59E882B450F2-SegmentedRaftLogWorker close()
2019-09-25 07:05:04,710 [24bf2945-a329-4da6-aaf2-23ecd8d462c6@group-4E9FB9BD23D5:LeaderElection115] INFO  segmented.SegmentedRaftLogWorker (SegmentedRaftLogWorker.java:startLogSegment(380)) - 24bf2945-a329-4da6-aaf2-23ecd8d462c6@group-4E9FB9BD23D5-SegmentedRaftLogWorker: Starting segment from index:0
2019-09-25 07:05:04,711 [Thread-727] INFO  impl.RoleInfo (RoleInfo.java:shutdownFollowerState(121)) - e568d23f-199e-48ce-91e4-5c166e2e97cd: shutdown FollowerState
2019-09-25 07:05:04,710 [Thread-717] INFO  impl.RoleInfo (RoleInfo.java:shutdownFollowerState(121)) - 62ec8eb9-3ae9-4136-b70a-2caf3716fa7f: shutdown FollowerState
2019-09-25 07:05:04,711 [Thread-727] INFO  impl.RaftServerImpl (RaftServerImpl.java:setRole(174)) - e568d23f-199e-48ce-91e4-5c166e2e97cd@group-FF36E0F90A6A: changes role from  FOLLOWER to CANDIDATE at term 0 for changeToCandidate
2019-09-25 07:05:04,711 [Thread-717] INFO  impl.RaftServerImpl (RaftServerImpl.java:setRole(174)) - 62ec8eb9-3ae9-4136-b70a-2caf3716fa7f@group-E95158996088: changes role from  FOLLOWER to CANDIDATE at term 0 for changeToCandidate
2019-09-25 07:05:04,711 [Thread-727] INFO  impl.RoleInfo (RoleInfo.java:updateAndGet(143)) - e568d23f-199e-48ce-91e4-5c166e2e97cd: start LeaderElection
2019-09-25 07:05:04,711 [24bf2945-a329-4da6-aaf2-23ecd8d462c6@group-4E9FB9BD23D5:LeaderElection115] INFO  impl.RaftServerImpl (ServerState.java:setRaftConf(354)) - 24bf2945-a329-4da6-aaf2-23ecd8d462c6@group-4E9FB9BD23D5: set configuration 0: [24bf2945-a329-4da6-aaf2-23ecd8d462c6:192.168.30.10:42867], old=null at 0
2019-09-25 07:05:04,923 [24bf2945-a329-4da6-aaf2-23ecd8d462c6@group-A8601CC5B899-SegmentedRaftLogWorker] ERROR segmented.SegmentedRaftLogWorker (SegmentedRaftLogWorker.java:run(323)) - 24bf2945-a329-4da6-aaf2-23ecd8d462c6@group-A8601CC5B899-SegmentedRaftLogWorker hit exception
java.lang.OutOfMemoryError: Direct buffer memory
	at java.nio.Bits.reserveMemory(Bits.java:666)
	at java.nio.DirectByteBuffer.<init>(DirectByteBuffer.java:123)
	at java.nio.ByteBuffer.allocateDirect(ByteBuffer.java:311)
	at org.apache.ratis.server.raftlog.segmented.BufferedWriteChannel.<init>(BufferedWriteChannel.java:41)
	at org.apache.ratis.server.raftlog.segmented.SegmentedRaftLogOutputStream.<init>(SegmentedRaftLogOutputStream.java:72)
	at org.apache.ratis.server.raftlog.segmented.SegmentedRaftLogWorker$StartLogSegment.execute(SegmentedRaftLogWorker.java:566)
	at org.apache.ratis.server.raftlog.segmented.SegmentedRaftLogWorker.run(SegmentedRaftLogWorker.java:289)
	at java.lang.Thread.run(Thread.java:748)
2019-09-25 07:05:04,923 [24bf2945-a329-4da6-aaf2-23ecd8d462c6@group-FB23A28886E1-SegmentedRaftLogWorker] ERROR segmented.SegmentedRaftLogWorker (SegmentedRaftLogWorker.java:run(323)) - 24bf2945-a329-4da6-aaf2-23ecd8d462c6@group-FB23A28886E1-SegmentedRaftLogWorker hit exception
java.lang.OutOfMemoryError: Direct buffer memory
	at java.nio.Bits.reserveMemory(Bits.java:666)
	at java.nio.DirectByteBuffer.<init>(DirectByteBuffer.java:123)
	at java.nio.ByteBuffer.allocateDirect(ByteBuffer.java:311)
	at org.apache.ratis.server.raftlog.segmented.BufferedWriteChannel.<init>(BufferedWriteChannel.java:41)
	at org.apache.ratis.server.raftlog.segmented.SegmentedRaftLogOutputStream.<init>(SegmentedRaftLogOutputStream.java:72)
	at org.apache.ratis.server.raftlog.segmented.SegmentedRaftLogWorker$StartLogSegment.execute(SegmentedRaftLogWorker.java:566)
	at org.apache.ratis.server.raftlog.segmented.SegmentedRaftLogWorker.run(SegmentedRaftLogWorker.java:289)
	at java.lang.Thread.run(Thread.java:748)
2019-09-25 07:05:04,711 [Thread-717] INFO  impl.RoleInfo (RoleInfo.java:updateAndGet(143)) - 62ec8eb9-3ae9-4136-b70a-2caf3716fa7f: start LeaderElection
2019-09-25 07:05:04,924 [24bf2945-a329-4da6-aaf2-23ecd8d462c6@group-FB23A28886E1-SegmentedRaftLogWorker] INFO  impl.RaftServerImpl (RaftServerImpl.java:lambda$shutdown$3(251)) - 24bf2945-a329-4da6-aaf2-23ecd8d462c6@group-FB23A28886E1: shutdown
2019-09-25 07:05:04,924 [24bf2945-a329-4da6-aaf2-23ecd8d462c6@group-A8601CC5B899-SegmentedRaftLogWorker] INFO  impl.RaftServerImpl (RaftServerImpl.java:lambda$shutdown$3(251)) - 24bf2945-a329-4da6-aaf2-23ecd8d462c6@group-A8601CC5B899: shutdown
2019-09-25 07:05:04,925 [24bf2945-a329-4da6-aaf2-23ecd8d462c6@group-2DE67EB528FC:LeaderElection110] INFO  impl.RoleInfo (RoleInfo.java:updateAndGet(143)) - 24bf2945-a329-4da6-aaf2-23ecd8d462c6: start LeaderState
2019-09-25 07:05:04,925 [24bf2945-a329-4da6-aaf2-23ecd8d462c6@group-2DE67EB528FC:LeaderElection110] INFO  segmented.SegmentedRaftLogWorker (SegmentedRaftLogWorker.java:startLogSegment(380)) - 24bf2945-a329-4da6-aaf2-23ecd8d462c6@group-2DE67EB528FC-SegmentedRaftLogWorker: Starting segment from index:0
2019-09-25 07:05:04,925 [24bf2945-a329-4da6-aaf2-23ecd8d462c6@group-2DE67EB528FC:LeaderElection110] INFO  impl.RaftServerImpl (ServerState.java:setRaftConf(354)) - 24bf2945-a329-4da6-aaf2-23ecd8d462c6@group-2DE67EB528FC: set configuration 0: [24bf2945-a329-4da6-aaf2-23ecd8d462c6:192.168.30.10:42867], old=null at 0
2019-09-25 07:05:05,142 [RATISCREATEPIPELINE1] ERROR pipeline.RatisPipelineProvider (RatisPipelineProvider.java:lambda$null$2(181)) - Failed invoke Ratis rpc org.apache.hadoop.hdds.scm.pipeline.RatisPipelineProvider$$Lambda$179/98052779@512771ab for 24bf2945-a329-4da6-aaf2-23ecd8d462c6
org.apache.ratis.protocol.TimeoutIOException: deadline exceeded after 2999713921ns
	at org.apache.ratis.grpc.GrpcUtil.tryUnwrapException(GrpcUtil.java:82)
	at org.apache.ratis.grpc.GrpcUtil.unwrapException(GrpcUtil.java:75)
	at org.apache.ratis.grpc.client.GrpcClientProtocolClient.blockingCall(GrpcClientProtocolClient.java:178)
	at org.apache.ratis.grpc.client.GrpcClientProtocolClient.groupAdd(GrpcClientProtocolClient.java:147)
	at org.apache.ratis.grpc.client.GrpcClientRpc.sendRequest(GrpcClientRpc.java:94)
	at org.apache.ratis.client.impl.RaftClientImpl.sendRequest(RaftClientImpl.java:278)
	at org.apache.ratis.client.impl.RaftClientImpl.groupAdd(RaftClientImpl.java:205)
	at org.apache.hadoop.hdds.scm.pipeline.RatisPipelineProvider.lambda$initializePipeline$1(RatisPipelineProvider.java:142)
	at org.apache.hadoop.hdds.scm.pipeline.RatisPipelineProvider.lambda$null$2(RatisPipelineProvider.java:177)
	at java.util.stream.ForEachOps$ForEachOp$OfRef.accept(ForEachOps.java:184)
	at java.util.ArrayList$ArrayListSpliterator.forEachRemaining(ArrayList.java:1382)
	at java.util.stream.AbstractPipeline.copyInto(AbstractPipeline.java:482)
	at java.util.stream.ForEachOps$ForEachTask.compute(ForEachOps.java:291)
	at java.util.concurrent.CountedCompleter.exec(CountedCompleter.java:731)
	at java.util.concurrent.ForkJoinTask.doExec(ForkJoinTask.java:289)
	at java.util.concurrent.ForkJoinTask.doInvoke(ForkJoinTask.java:401)
	at java.util.concurrent.ForkJoinTask.invoke(ForkJoinTask.java:734)
	at java.util.stream.ForEachOps$ForEachOp.evaluateParallel(ForEachOps.java:160)
	at java.util.stream.ForEachOps$ForEachOp$OfRef.evaluateParallel(ForEachOps.java:174)
	at java.util.stream.AbstractPipeline.evaluate(AbstractPipeline.java:233)
	at java.util.stream.ReferencePipeline.forEach(ReferencePipeline.java:418)
	at java.util.stream.ReferencePipeline$Head.forEach(ReferencePipeline.java:583)
	at org.apache.hadoop.hdds.scm.pipeline.RatisPipelineProvider.lambda$callRatisRpc$3(RatisPipelineProvider.java:171)
	at java.util.concurrent.ForkJoinTask$AdaptedRunnableAction.exec(ForkJoinTask.java:1386)
	at java.util.concurrent.ForkJoinTask.doExec(ForkJoinTask.java:289)
	at java.util.concurrent.ForkJoinPool$WorkQueue.runTask(ForkJoinPool.java:1056)
	at java.util.concurrent.ForkJoinPool.runWorker(ForkJoinPool.java:1692)
	at java.util.concurrent.ForkJoinWorkerThread.run(ForkJoinWorkerThread.java:157)
Caused by: org.apache.ratis.thirdparty.io.grpc.StatusRuntimeException: DEADLINE_EXCEEDED: deadline exceeded after 2999713921ns
	at org.apache.ratis.thirdparty.io.grpc.stub.ClientCalls.toStatusRuntimeException(ClientCalls.java:233)
	at org.apache.ratis.thirdparty.io.grpc.stub.ClientCalls.getUnchecked(ClientCalls.java:214)
	at org.apache.ratis.thirdparty.io.grpc.stub.ClientCalls.blockingUnaryCall(ClientCalls.java:139)
	at org.apache.ratis.proto.grpc.AdminProtocolServiceGrpc$AdminProtocolServiceBlockingStub.groupManagement(AdminProtocolServiceGrpc.java:274)
	at org.apache.ratis.grpc.client.GrpcClientProtocolClient.lambda$groupAdd$3(GrpcClientProtocolClient.java:149)
	at org.apache.ratis.grpc.client.GrpcClientProtocolClient.blockingCall(GrpcClientProtocolClient.java:176)
	... 25 more
2019-09-25 07:05:05,142 [24bf2945-a329-4da6-aaf2-23ecd8d462c6@group-7C5CBE2B0FCF-SegmentedRaftLogWorker] ERROR segmented.SegmentedRaftLogWorker (SegmentedRaftLogWorker.java:run(323)) - 24bf2945-a329-4da6-aaf2-23ecd8d462c6@group-7C5CBE2B0FCF-SegmentedRaftLogWorker hit exception
java.lang.OutOfMemoryError: Direct buffer memory
	at java.nio.Bits.reserveMemory(Bits.java:666)
	at java.nio.DirectByteBuffer.<init>(DirectByteBuffer.java:123)
	at java.nio.ByteBuffer.allocateDirect(ByteBuffer.java:311)
	at org.apache.ratis.server.raftlog.segmented.BufferedWriteChannel.<init>(BufferedWriteChannel.java:41)
	at org.apache.ratis.server.raftlog.segmented.SegmentedRaftLogOutputStream.<init>(SegmentedRaftLogOutputStream.java:72)
	at org.apache.ratis.server.raftlog.segmented.SegmentedRaftLogWorker$StartLogSegment.execute(SegmentedRaftLogWorker.java:566)
	at org.apache.ratis.server.raftlog.segmented.SegmentedRaftLogWorker.run(SegmentedRaftLogWorker.java:289)
	at java.lang.Thread.run(Thread.java:748)
2019-09-25 07:05:05,148 [24bf2945-a329-4da6-aaf2-23ecd8d462c6@group-7C5CBE2B0FCF-SegmentedRaftLogWorker] INFO  impl.RaftServerImpl (RaftServerImpl.java:lambda$shutdown$3(251)) - 24bf2945-a329-4da6-aaf2-23ecd8d462c6@group-7C5CBE2B0FCF: shutdown
2019-09-25 07:05:05,148 [RatisPipelineUtilsThread] ERROR pipeline.SCMPipelineManager (SCMPipelineManager.java:createPipeline(167)) - Pipeline creation failed due to exception: Failed invoke Ratis rpc org.apache.hadoop.hdds.scm.pipeline.RatisPipelineProvider$$Lambda$179/98052779@512771ab for 24bf2945-a329-4da6-aaf2-23ecd8d462c6
2019-09-25 07:05:05,149 [62ec8eb9-3ae9-4136-b70a-2caf3716fa7f@group-465D573F1739:LeaderElection109] INFO  impl.RoleInfo (RoleInfo.java:updateAndGet(143)) - 62ec8eb9-3ae9-4136-b70a-2caf3716fa7f: start LeaderState
2019-09-25 07:05:05,150 [62ec8eb9-3ae9-4136-b70a-2caf3716fa7f@group-465D573F1739:LeaderElection109] INFO  segmented.SegmentedRaftLogWorker (SegmentedRaftLogWorker.java:startLogSegment(380)) - 62ec8eb9-3ae9-4136-b70a-2caf3716fa7f@group-465D573F1739-SegmentedRaftLogWorker: Starting segment from index:0
2019-09-25 07:05:05,150 [24bf2945-a329-4da6-aaf2-23ecd8d462c6@group-FB23A28886E1-SegmentedRaftLogWorker] INFO  util.JmxRegister (JmxRegister.java:unregister(73)) - Successfully un-registered JMX Bean with object name Ratis:service=RaftServer,group=group-FB23A28886E1,id=24bf2945-a329-4da6-aaf2-23ecd8d462c6
2019-09-25 07:05:05,150 [62ec8eb9-3ae9-4136-b70a-2caf3716fa7f@group-465D573F1739:LeaderElection109] INFO  impl.RaftServerImpl (ServerState.java:setRaftConf(354)) - 62ec8eb9-3ae9-4136-b70a-2caf3716fa7f@group-465D573F1739: set configuration 0: [62ec8eb9-3ae9-4136-b70a-2caf3716fa7f:192.168.30.10:44715], old=null at 0
2019-09-25 07:05:05,150 [24bf2945-a329-4da6-aaf2-23ecd8d462c6@group-A8601CC5B899-SegmentedRaftLogWorker] INFO  util.JmxRegister (JmxRegister.java:unregister(73)) - Successfully un-registered JMX Bean with object name Ratis:service=RaftServer,group=group-A8601CC5B899,id=24bf2945-a329-4da6-aaf2-23ecd8d462c6
2019-09-25 07:05:05,150 [24bf2945-a329-4da6-aaf2-23ecd8d462c6@group-FB23A28886E1-SegmentedRaftLogWorker] INFO  impl.RoleInfo (RoleInfo.java:shutdownLeaderState(104)) - 24bf2945-a329-4da6-aaf2-23ecd8d462c6: shutdown LeaderState
2019-09-25 07:05:05,368 [24bf2945-a329-4da6-aaf2-23ecd8d462c6@group-A8601CC5B899-SegmentedRaftLogWorker] INFO  impl.RoleInfo (RoleInfo.java:shutdownLeaderState(104)) - 24bf2945-a329-4da6-aaf2-23ecd8d462c6: shutdown LeaderState
2019-09-25 07:05:05,364 [e568d23f-199e-48ce-91e4-5c166e2e97cd@group-FF36E0F90A6A:LeaderElection154] INFO  impl.LeaderElection (LeaderElection.java:askForVotes(182)) - e568d23f-199e-48ce-91e4-5c166e2e97cd@group-FF36E0F90A6A:LeaderElection154: begin an election at term 1 for -1: [e568d23f-199e-48ce-91e4-5c166e2e97cd:192.168.30.10:42827], old=null
2019-09-25 07:05:05,364 [62ec8eb9-3ae9-4136-b70a-2caf3716fa7f@group-E95158996088:LeaderElection155] INFO  impl.LeaderElection (LeaderElection.java:askForVotes(182)) - 62ec8eb9-3ae9-4136-b70a-2caf3716fa7f@group-E95158996088:LeaderElection155: begin an election at term 1 for -1: [62ec8eb9-3ae9-4136-b70a-2caf3716fa7f:192.168.30.10:44715], old=null
2019-09-25 07:05:05,364 [e568d23f-199e-48ce-91e4-5c166e2e97cd@group-DDE3C963B612-SegmentedRaftLogWorker] ERROR segmented.SegmentedRaftLogWorker (SegmentedRaftLogWorker.java:run(323)) - e568d23f-199e-48ce-91e4-5c166e2e97cd@group-DDE3C963B612-SegmentedRaftLogWorker hit exception
java.lang.OutOfMemoryError: Direct buffer memory
	at java.nio.Bits.reserveMemory(Bits.java:666)
	at java.nio.DirectByteBuffer.<init>(DirectByteBuffer.java:123)
	at java.nio.ByteBuffer.allocateDirect(ByteBuffer.java:311)
	at org.apache.ratis.server.raftlog.segmented.BufferedWriteChannel.<init>(BufferedWriteChannel.java:41)
	at org.apache.ratis.server.raftlog.segmented.SegmentedRaftLogOutputStream.<init>(SegmentedRaftLogOutputStream.java:72)
	at org.apache.ratis.server.raftlog.segmented.SegmentedRaftLogWorker$StartLogSegment.execute(SegmentedRaftLogWorker.java:566)
	at org.apache.ratis.server.raftlog.segmented.SegmentedRaftLogWorker.run(SegmentedRaftLogWorker.java:289)
	at java.lang.Thread.run(Thread.java:748)
2019-09-25 07:05:05,372 [62ec8eb9-3ae9-4136-b70a-2caf3716fa7f@group-E95158996088:LeaderElection155] INFO  impl.RoleInfo (RoleInfo.java:shutdownLeaderElection(134)) - 62ec8eb9-3ae9-4136-b70a-2caf3716fa7f: shutdown LeaderElection
2019-09-25 07:05:05,372 [e568d23f-199e-48ce-91e4-5c166e2e97cd@group-FF36E0F90A6A:LeaderElection154] INFO  impl.RoleInfo (RoleInfo.java:shutdownLeaderElection(134)) - e568d23f-199e-48ce-91e4-5c166e2e97cd: shutdown LeaderElection
2019-09-25 07:05:05,372 [24bf2945-a329-4da6-aaf2-23ecd8d462c6@group-A8601CC5B899-SegmentedRaftLogWorker] INFO  impl.PendingRequests (PendingRequests.java:sendNotLeaderResponses(202)) - 24bf2945-a329-4da6-aaf2-23ecd8d462c6-PendingRequests: sendNotLeaderResponses
2019-09-25 07:05:05,371 [24bf2945-a329-4da6-aaf2-23ecd8d462c6@group-FB23A28886E1-SegmentedRaftLogWorker] INFO  impl.PendingRequests (PendingRequests.java:sendNotLeaderResponses(202)) - 24bf2945-a329-4da6-aaf2-23ecd8d462c6-PendingRequests: sendNotLeaderResponses
2019-09-25 07:05:05,373 [24bf2945-a329-4da6-aaf2-23ecd8d462c6@group-A8601CC5B899-SegmentedRaftLogWorker] INFO  impl.StateMachineUpdater (StateMachineUpdater.java:stopAndJoin(125)) - 24bf2945-a329-4da6-aaf2-23ecd8d462c6@group-A8601CC5B899-StateMachineUpdater: set stopIndex = -1
2019-09-25 07:05:05,372 [e568d23f-199e-48ce-91e4-5c166e2e97cd@group-FF36E0F90A6A:LeaderElection154] INFO  impl.RaftServerImpl (RaftServerImpl.java:setRole(174)) - e568d23f-199e-48ce-91e4-5c166e2e97cd@group-FF36E0F90A6A: changes role from CANDIDATE to LEADER at term 1 for changeToLeader
2019-09-25 07:05:05,372 [62ec8eb9-3ae9-4136-b70a-2caf3716fa7f@group-E95158996088:LeaderElection155] INFO  impl.RaftServerImpl (RaftServerImpl.java:setRole(174)) - 62ec8eb9-3ae9-4136-b70a-2caf3716fa7f@group-E95158996088: changes role from CANDIDATE to LEADER at term 1 for changeToLeader
2019-09-25 07:05:05,372 [e568d23f-199e-48ce-91e4-5c166e2e97cd@group-DDE3C963B612-SegmentedRaftLogWorker] INFO  impl.RaftServerImpl (RaftServerImpl.java:lambda$shutdown$3(251)) - e568d23f-199e-48ce-91e4-5c166e2e97cd@group-DDE3C963B612: shutdown
2019-09-25 07:05:05,373 [e568d23f-199e-48ce-91e4-5c166e2e97cd@group-FF36E0F90A6A:LeaderElection154] INFO  impl.RaftServerImpl (ServerState.java:setLeader(253)) - e568d23f-199e-48ce-91e4-5c166e2e97cd@group-FF36E0F90A6A: change Leader from null to e568d23f-199e-48ce-91e4-5c166e2e97cd at term 1 for becomeLeader, leader elected after 12482ms
2019-09-25 07:05:05,373 [24bf2945-a329-4da6-aaf2-23ecd8d462c6@group-FB23A28886E1-SegmentedRaftLogWorker] INFO  impl.StateMachineUpdater (StateMachineUpdater.java:stopAndJoin(125)) - 24bf2945-a329-4da6-aaf2-23ecd8d462c6@group-FB23A28886E1-StateMachineUpdater: set stopIndex = -1
2019-09-25 07:05:05,373 [24bf2945-a329-4da6-aaf2-23ecd8d462c6@group-A8601CC5B899-SegmentedRaftLogWorker] INFO  impl.RaftServerImpl (ServerState.java:close(385)) - 24bf2945-a329-4da6-aaf2-23ecd8d462c6@group-A8601CC5B899: closes. applyIndex: -1
2019-09-25 07:05:05,374 [e568d23f-199e-48ce-91e4-5c166e2e97cd@group-D4DB0DEAC0CD:LeaderElection101] INFO  impl.RoleInfo (RoleInfo.java:updateAndGet(143)) - e568d23f-199e-48ce-91e4-5c166e2e97cd: start LeaderState
2019-09-25 07:05:05,374 [24bf2945-a329-4da6-aaf2-23ecd8d462c6@group-FB23A28886E1-SegmentedRaftLogWorker] INFO  impl.RaftServerImpl (ServerState.java:close(385)) - 24bf2945-a329-4da6-aaf2-23ecd8d462c6@group-FB23A28886E1: closes. applyIndex: -1
2019-09-25 07:05:05,373 [e568d23f-199e-48ce-91e4-5c166e2e97cd@group-FF36E0F90A6A:LeaderElection154] INFO  server.RaftServerConfigKeys (ConfUtils.java:logGet(43)) - raft.server.staging.catchup.gap = 1000 (default)
2019-09-25 07:05:05,373 [62ec8eb9-3ae9-4136-b70a-2caf3716fa7f@group-E95158996088:LeaderElection155] INFO  impl.RaftServerImpl (ServerState.java:setLeader(253)) - 62ec8eb9-3ae9-4136-b70a-2caf3716fa7f@group-E95158996088: change Leader from null to 62ec8eb9-3ae9-4136-b70a-2caf3716fa7f at term 1 for becomeLeader, leader elected after 12556ms
2019-09-25 07:05:05,374 [e568d23f-199e-48ce-91e4-5c166e2e97cd@group-FF36E0F90A6A:LeaderElection154] INFO  server.RaftServerConfigKeys (ConfUtils.java:logGet(43)) - raft.server.rpc.sleep.time = 25ms (default)
2019-09-25 07:05:05,374 [24bf2945-a329-4da6-aaf2-23ecd8d462c6@group-FB23A28886E1-SegmentedRaftLogWorker] INFO  segmented.SegmentedRaftLogWorker (SegmentedRaftLogWorker.java:close(228)) - 24bf2945-a329-4da6-aaf2-23ecd8d462c6@group-FB23A28886E1-SegmentedRaftLogWorker close()
2019-09-25 07:05:05,374 [24bf2945-a329-4da6-aaf2-23ecd8d462c6@group-7C5CBE2B0FCF-SegmentedRaftLogWorker] INFO  util.JmxRegister (JmxRegister.java:unregister(73)) - Successfully un-registered JMX Bean with object name Ratis:service=RaftServer,group=group-7C5CBE2B0FCF,id=24bf2945-a329-4da6-aaf2-23ecd8d462c6
2019-09-25 07:05:05,374 [e568d23f-199e-48ce-91e4-5c166e2e97cd@group-D4DB0DEAC0CD:LeaderElection101] INFO  segmented.SegmentedRaftLogWorker (SegmentedRaftLogWorker.java:startLogSegment(380)) - e568d23f-199e-48ce-91e4-5c166e2e97cd@group-D4DB0DEAC0CD-SegmentedRaftLogWorker: Starting segment from index:0
2019-09-25 07:05:05,374 [24bf2945-a329-4da6-aaf2-23ecd8d462c6@group-A8601CC5B899-SegmentedRaftLogWorker] INFO  segmented.SegmentedRaftLogWorker (SegmentedRaftLogWorker.java:close(228)) - 24bf2945-a329-4da6-aaf2-23ecd8d462c6@group-A8601CC5B899-SegmentedRaftLogWorker close()
2019-09-25 07:05:05,375 [24bf2945-a329-4da6-aaf2-23ecd8d462c6@group-7C5CBE2B0FCF-SegmentedRaftLogWorker] INFO  impl.RoleInfo (RoleInfo.java:shutdownLeaderState(104)) - 24bf2945-a329-4da6-aaf2-23ecd8d462c6: shutdown LeaderState
2019-09-25 07:05:05,374 [e568d23f-199e-48ce-91e4-5c166e2e97cd@group-FF36E0F90A6A:LeaderElection154] INFO  server.RaftServerConfigKeys (ConfUtils.java:logGet(43)) - raft.server.write.element-limit = 4096 (default)
2019-09-25 07:05:05,374 [62ec8eb9-3ae9-4136-b70a-2caf3716fa7f@group-E95158996088:LeaderElection155] INFO  server.RaftServerConfigKeys (ConfUtils.java:logGet(43)) - raft.server.staging.catchup.gap = 1000 (default)
2019-09-25 07:05:05,376 [e568d23f-199e-48ce-91e4-5c166e2e97cd@group-FF36E0F90A6A:LeaderElection154] INFO  server.RaftServerConfigKeys (ConfUtils.java:logGet(43)) - raft.server.watch.timeout = 10s (default)
2019-09-25 07:05:05,376 [grpc-default-executor-4] INFO  impl.RaftServerProxy (RaftServerProxy.java:addNew(89)) - e568d23f-199e-48ce-91e4-5c166e2e97cd: addNew group-14CFC579332C:[24bf2945-a329-4da6-aaf2-23ecd8d462c6:192.168.30.10:42867, e568d23f-199e-48ce-91e4-5c166e2e97cd:192.168.30.10:42827, 62ec8eb9-3ae9-4136-b70a-2caf3716fa7f:192.168.30.10:44715] returns group-14CFC579332C:java.util.concurrent.CompletableFuture@648ced06[Not completed]
2019-09-25 07:05:05,375 [24bf2945-a329-4da6-aaf2-23ecd8d462c6@group-7C5CBE2B0FCF-SegmentedRaftLogWorker] INFO  impl.PendingRequests (PendingRequests.java:sendNotLeaderResponses(202)) - 24bf2945-a329-4da6-aaf2-23ecd8d462c6-PendingRequests: sendNotLeaderResponses
2019-09-25 07:05:05,375 [e568d23f-199e-48ce-91e4-5c166e2e97cd@group-D4DB0DEAC0CD:LeaderElection101] INFO  impl.RaftServerImpl (ServerState.java:setRaftConf(354)) - e568d23f-199e-48ce-91e4-5c166e2e97cd@group-D4DB0DEAC0CD: set configuration 0: [e568d23f-199e-48ce-91e4-5c166e2e97cd:192.168.30.10:42827], old=null at 0
2019-09-25 07:05:05,631 [24bf2945-a329-4da6-aaf2-23ecd8d462c6@group-7C5CBE2B0FCF-SegmentedRaftLogWorker] INFO  impl.StateMachineUpdater (StateMachineUpdater.java:stopAndJoin(125)) - 24bf2945-a329-4da6-aaf2-23ecd8d462c6@group-7C5CBE2B0FCF-StateMachineUpdater: set stopIndex = -1
2019-09-25 07:05:05,631 [e568d23f-199e-48ce-91e4-5c166e2e97cd@group-41A741059900-SegmentedRaftLogWorker] ERROR segmented.SegmentedRaftLogWorker (SegmentedRaftLogWorker.java:run(323)) - e568d23f-199e-48ce-91e4-5c166e2e97cd@group-41A741059900-SegmentedRaftLogWorker hit exception
java.lang.OutOfMemoryError: Direct buffer memory
	at java.nio.Bits.reserveMemory(Bits.java:666)
	at java.nio.DirectByteBuffer.<init>(DirectByteBuffer.java:123)
	at java.nio.ByteBuffer.allocateDirect(ByteBuffer.java:311)
	at org.apache.ratis.server.raftlog.segmented.BufferedWriteChannel.<init>(BufferedWriteChannel.java:41)
	at org.apache.ratis.server.raftlog.segmented.SegmentedRaftLogOutputStream.<init>(SegmentedRaftLogOutputStream.java:72)
	at org.apache.ratis.server.raftlog.segmented.SegmentedRaftLogWorker$StartLogSegment.execute(SegmentedRaftLogWorker.java:566)
	at org.apache.ratis.server.raftlog.segmented.SegmentedRaftLogWorker.run(SegmentedRaftLogWorker.java:289)
	at java.lang.Thread.run(Thread.java:748)
2019-09-25 07:05:05,632 [e568d23f-199e-48ce-91e4-5c166e2e97cd@group-41A741059900-SegmentedRaftLogWorker] INFO  impl.RaftServerImpl (RaftServerImpl.java:lambda$shutdown$3(251)) - e568d23f-199e-48ce-91e4-5c166e2e97cd@group-41A741059900: shutdown
2019-09-25 07:05:05,630 [Thread-925] INFO  impl.FollowerState (FollowerState.java:run(106)) - 24bf2945-a329-4da6-aaf2-23ecd8d462c6:group-258FC0DA5C42 changes to CANDIDATE, lastRpcTime:5402, electionTimeout:5196ms
2019-09-25 07:05:05,627 [Thread-955] INFO  impl.FollowerState (FollowerState.java:run(106)) - 62ec8eb9-3ae9-4136-b70a-2caf3716fa7f:group-258FC0DA5C42 changes to CANDIDATE, lastRpcTime:5075, electionTimeout:5046ms
2019-09-25 07:05:05,627 [24bf2945-a329-4da6-aaf2-23ecd8d462c6@group-0F02076B3222-SegmentedRaftLogWorker] ERROR segmented.SegmentedRaftLogWorker (SegmentedRaftLogWorker.java:run(323)) - 24bf2945-a329-4da6-aaf2-23ecd8d462c6@group-0F02076B3222-SegmentedRaftLogWorker hit exception
java.lang.OutOfMemoryError: Direct buffer memory
	at java.nio.Bits.reserveMemory(Bits.java:666)
	at java.nio.DirectByteBuffer.<init>(DirectByteBuffer.java:123)
	at java.nio.ByteBuffer.allocateDirect(ByteBuffer.java:311)
	at org.apache.ratis.server.raftlog.segmented.BufferedWriteChannel.<init>(BufferedWriteChannel.java:41)
	at org.apache.ratis.server.raftlog.segmented.SegmentedRaftLogOutputStream.<init>(SegmentedRaftLogOutputStream.java:72)
	at org.apache.ratis.server.raftlog.segmented.SegmentedRaftLogWorker$StartLogSegment.execute(SegmentedRaftLogWorker.java:566)
	at org.apache.ratis.server.raftlog.segmented.SegmentedRaftLogWorker.run(SegmentedRaftLogWorker.java:289)
	at java.lang.Thread.run(Thread.java:748)
2019-09-25 07:05:05,633 [24bf2945-a329-4da6-aaf2-23ecd8d462c6@group-0F02076B3222-SegmentedRaftLogWorker] INFO  impl.RaftServerImpl (RaftServerImpl.java:lambda$shutdown$3(251)) - 24bf2945-a329-4da6-aaf2-23ecd8d462c6@group-0F02076B3222: shutdown
2019-09-25 07:05:05,376 [e568d23f-199e-48ce-91e4-5c166e2e97cd@group-FF36E0F90A6A:LeaderElection154] INFO  server.RaftServerConfigKeys (ConfUtils.java:logGet(43)) - raft.server.watch.timeout.denomination = 1s (default)
2019-09-25 07:05:05,376 [62ec8eb9-3ae9-4136-b70a-2caf3716fa7f@group-E80D967D3F68:LeaderElection98] INFO  impl.RoleInfo (RoleInfo.java:updateAndGet(143)) - 62ec8eb9-3ae9-4136-b70a-2caf3716fa7f: start LeaderState
2019-09-25 07:05:05,376 [grpc-default-executor-0] INFO  impl.RaftServerProxy (RaftServerProxy.java:addNew(89)) - 62ec8eb9-3ae9-4136-b70a-2caf3716fa7f: addNew group-14CFC579332C:[24bf2945-a329-4da6-aaf2-23ecd8d462c6:192.168.30.10:42867, e568d23f-199e-48ce-91e4-5c166e2e97cd:192.168.30.10:42827, 62ec8eb9-3ae9-4136-b70a-2caf3716fa7f:192.168.30.10:44715] returns group-14CFC579332C:java.util.concurrent.CompletableFuture@1a9fabb9[Not completed]
2019-09-25 07:05:05,376 [grpc-default-executor-5] INFO  impl.RaftServerProxy (RaftServerProxy.java:addNew(89)) - 24bf2945-a329-4da6-aaf2-23ecd8d462c6: addNew group-14CFC579332C:[24bf2945-a329-4da6-aaf2-23ecd8d462c6:192.168.30.10:42867, e568d23f-199e-48ce-91e4-5c166e2e97cd:192.168.30.10:42827, 62ec8eb9-3ae9-4136-b70a-2caf3716fa7f:192.168.30.10:44715] returns group-14CFC579332C:java.util.concurrent.CompletableFuture@57b707aa[Not completed]
2019-09-25 07:05:05,376 [62ec8eb9-3ae9-4136-b70a-2caf3716fa7f@group-E95158996088:LeaderElection155] INFO  server.RaftServerConfigKeys (ConfUtils.java:logGet(43)) - raft.server.rpc.sleep.time = 25ms (default)
2019-09-25 07:05:05,633 [62ec8eb9-3ae9-4136-b70a-2caf3716fa7f@group-E80D967D3F68:LeaderElection98] INFO  segmented.SegmentedRaftLogWorker (SegmentedRaftLogWorker.java:startLogSegment(380)) - 62ec8eb9-3ae9-4136-b70a-2caf3716fa7f@group-E80D967D3F68-SegmentedRaftLogWorker: Starting segment from index:0
2019-09-25 07:05:05,633 [e568d23f-199e-48ce-91e4-5c166e2e97cd@group-FF36E0F90A6A:LeaderElection154] INFO  server.RaftServerConfigKeys (ConfUtils.java:logGet(43)) - raft.server.watch.element-limit = 65536 (default)
2019-09-25 07:05:05,633 [Thread-955] INFO  impl.RoleInfo (RoleInfo.java:shutdownFollowerState(121)) - 62ec8eb9-3ae9-4136-b70a-2caf3716fa7f: shutdown FollowerState
2019-09-25 07:05:05,634 [Thread-955] INFO  impl.RaftServerImpl (RaftServerImpl.java:setRole(174)) - 62ec8eb9-3ae9-4136-b70a-2caf3716fa7f@group-258FC0DA5C42: changes role from  FOLLOWER to CANDIDATE at term 1 for changeToCandidate
2019-09-25 07:05:05,632 [Thread-925] INFO  impl.RoleInfo (RoleInfo.java:shutdownFollowerState(121)) - 24bf2945-a329-4da6-aaf2-23ecd8d462c6: shutdown FollowerState
2019-09-25 07:05:05,632 [e568d23f-199e-48ce-91e4-5c166e2e97cd@group-DDE3C963B612-SegmentedRaftLogWorker] INFO  util.JmxRegister (JmxRegister.java:unregister(73)) - Successfully un-registered JMX Bean with object name Ratis:service=RaftServer,group=group-DDE3C963B612,id=e568d23f-199e-48ce-91e4-5c166e2e97cd
2019-09-25 07:05:05,632 [24bf2945-a329-4da6-aaf2-23ecd8d462c6@group-7C5CBE2B0FCF-SegmentedRaftLogWorker] INFO  impl.RaftServerImpl (ServerState.java:close(385)) - 24bf2945-a329-4da6-aaf2-23ecd8d462c6@group-7C5CBE2B0FCF: closes. applyIndex: -1
2019-09-25 07:05:05,828 [e568d23f-199e-48ce-91e4-5c166e2e97cd@group-DDE3C963B612-SegmentedRaftLogWorker] INFO  impl.RoleInfo (RoleInfo.java:shutdownLeaderState(104)) - e568d23f-199e-48ce-91e4-5c166e2e97cd: shutdown LeaderState
2019-09-25 07:05:05,828 [24bf2945-a329-4da6-aaf2-23ecd8d462c6@group-7C5CBE2B0FCF-SegmentedRaftLogWorker] INFO  segmented.SegmentedRaftLogWorker (SegmentedRaftLogWorker.java:close(228)) - 24bf2945-a329-4da6-aaf2-23ecd8d462c6@group-7C5CBE2B0FCF-SegmentedRaftLogWorker close()
2019-09-25 07:05:05,828 [Thread-955] INFO  impl.RoleInfo (RoleInfo.java:updateAndGet(143)) - 62ec8eb9-3ae9-4136-b70a-2caf3716fa7f: start LeaderElection
2019-09-25 07:05:05,828 [Thread-925] INFO  impl.RaftServerImpl (RaftServerImpl.java:setRole(174)) - 24bf2945-a329-4da6-aaf2-23ecd8d462c6@group-258FC0DA5C42: changes role from  FOLLOWER to CANDIDATE at term 1 for changeToCandidate
2019-09-25 07:05:05,827 [Thread-953] INFO  impl.FollowerState (FollowerState.java:run(106)) - e568d23f-199e-48ce-91e4-5c166e2e97cd:group-258FC0DA5C42 changes to CANDIDATE, lastRpcTime:5563, electionTimeout:5110ms
2019-09-25 07:05:05,634 [62ec8eb9-3ae9-4136-b70a-2caf3716fa7f@group-E80D967D3F68:LeaderElection98] INFO  impl.RaftServerImpl (ServerState.java:setRaftConf(354)) - 62ec8eb9-3ae9-4136-b70a-2caf3716fa7f@group-E80D967D3F68: set configuration 0: [62ec8eb9-3ae9-4136-b70a-2caf3716fa7f:192.168.30.10:44715], old=null at 0
2019-09-25 07:05:05,634 [e568d23f-199e-48ce-91e4-5c166e2e97cd@group-7B72D47A5EF5:LeaderElection93] INFO  impl.RoleInfo (RoleInfo.java:updateAndGet(143)) - e568d23f-199e-48ce-91e4-5c166e2e97cd: start LeaderState
2019-09-25 07:05:05,634 [62ec8eb9-3ae9-4136-b70a-2caf3716fa7f@group-E95158996088:LeaderElection155] INFO  server.RaftServerConfigKeys (ConfUtils.java:logGet(43)) - raft.server.write.element-limit = 4096 (default)
2019-09-25 07:05:05,829 [Thread-925] INFO  impl.RoleInfo (RoleInfo.java:updateAndGet(143)) - 24bf2945-a329-4da6-aaf2-23ecd8d462c6: start LeaderElection
2019-09-25 07:05:05,829 [Thread-953] INFO  impl.RoleInfo (RoleInfo.java:shutdownFollowerState(121)) - e568d23f-199e-48ce-91e4-5c166e2e97cd: shutdown FollowerState
2019-09-25 07:05:05,828 [e568d23f-199e-48ce-91e4-5c166e2e97cd@group-DDE3C963B612-SegmentedRaftLogWorker] INFO  impl.PendingRequests (PendingRequests.java:sendNotLeaderResponses(202)) - e568d23f-199e-48ce-91e4-5c166e2e97cd-PendingRequests: sendNotLeaderResponses
2019-09-25 07:05:05,830 [Thread-953] INFO  impl.RaftServerImpl (RaftServerImpl.java:setRole(174)) - e568d23f-199e-48ce-91e4-5c166e2e97cd@group-258FC0DA5C42: changes role from  FOLLOWER to CANDIDATE at term 1 for changeToCandidate
2019-09-25 07:05:05,829 [62ec8eb9-3ae9-4136-b70a-2caf3716fa7f@group-E95158996088:LeaderElection155] INFO  server.RaftServerConfigKeys (ConfUtils.java:logGet(43)) - raft.server.watch.timeout = 10s (default)
2019-09-25 07:05:05,830 [62ec8eb9-3ae9-4136-b70a-2caf3716fa7f@group-E95158996088:LeaderElection155] INFO  server.RaftServerConfigKeys (ConfUtils.java:logGet(43)) - raft.server.watch.timeout.denomination = 1s (default)
2019-09-25 07:05:05,829 [e568d23f-199e-48ce-91e4-5c166e2e97cd@group-7B72D47A5EF5:LeaderElection93] INFO  segmented.SegmentedRaftLogWorker (SegmentedRaftLogWorker.java:startLogSegment(380)) - e568d23f-199e-48ce-91e4-5c166e2e97cd@group-7B72D47A5EF5-SegmentedRaftLogWorker: Starting segment from index:0
2019-09-25 07:05:05,830 [e568d23f-199e-48ce-91e4-5c166e2e97cd@group-F05F9C076728:LeaderElection97] INFO  impl.RoleInfo (RoleInfo.java:updateAndGet(143)) - e568d23f-199e-48ce-91e4-5c166e2e97cd: start LeaderState
2019-09-25 07:05:05,830 [62ec8eb9-3ae9-4136-b70a-2caf3716fa7f@group-E95158996088:LeaderElection155] INFO  server.RaftServerConfigKeys (ConfUtils.java:logGet(43)) - raft.server.watch.element-limit = 65536 (default)
2019-09-25 07:05:05,830 [Thread-953] INFO  impl.RoleInfo (RoleInfo.java:updateAndGet(143)) - e568d23f-199e-48ce-91e4-5c166e2e97cd: start LeaderElection
2019-09-25 07:05:05,830 [e568d23f-199e-48ce-91e4-5c166e2e97cd@group-41A741059900-SegmentedRaftLogWorker] INFO  util.JmxRegister (JmxRegister.java:unregister(73)) - Successfully un-registered JMX Bean with object name Ratis:service=RaftServer,group=group-41A741059900,id=e568d23f-199e-48ce-91e4-5c166e2e97cd
2019-09-25 07:05:05,830 [e568d23f-199e-48ce-91e4-5c166e2e97cd@group-DDE3C963B612-SegmentedRaftLogWorker] INFO  impl.StateMachineUpdater (StateMachineUpdater.java:stopAndJoin(125)) - e568d23f-199e-48ce-91e4-5c166e2e97cd@group-DDE3C963B612-StateMachineUpdater: set stopIndex = -1
2019-09-25 07:05:06,049 [e568d23f-199e-48ce-91e4-5c166e2e97cd@group-DDE3C963B612-SegmentedRaftLogWorker] INFO  impl.RaftServerImpl (ServerState.java:close(385)) - e568d23f-199e-48ce-91e4-5c166e2e97cd@group-DDE3C963B612: closes. applyIndex: -1
2019-09-25 07:05:06,049 [e568d23f-199e-48ce-91e4-5c166e2e97cd@group-41A741059900-SegmentedRaftLogWorker] INFO  impl.RoleInfo (RoleInfo.java:shutdownLeaderState(104)) - e568d23f-199e-48ce-91e4-5c166e2e97cd: shutdown LeaderState
2019-09-25 07:05:06,050 [e568d23f-199e-48ce-91e4-5c166e2e97cd@group-DDE3C963B612-SegmentedRaftLogWorker] INFO  segmented.SegmentedRaftLogWorker (SegmentedRaftLogWorker.java:close(228)) - e568d23f-199e-48ce-91e4-5c166e2e97cd@group-DDE3C963B612-SegmentedRaftLogWorker close()
2019-09-25 07:05:06,048 [62ec8eb9-3ae9-4136-b70a-2caf3716fa7f@group-258FC0DA5C42:LeaderElection156] INFO  impl.LeaderElection (LeaderElection.java:askForVotes(182)) - 62ec8eb9-3ae9-4136-b70a-2caf3716fa7f@group-258FC0DA5C42:LeaderElection156: begin an election at term 2 for -1: [24bf2945-a329-4da6-aaf2-23ecd8d462c6:192.168.30.10:42867, e568d23f-199e-48ce-91e4-5c166e2e97cd:192.168.30.10:42827, 62ec8eb9-3ae9-4136-b70a-2caf3716fa7f:192.168.30.10:44715], old=null
2019-09-25 07:05:06,048 [24bf2945-a329-4da6-aaf2-23ecd8d462c6@group-258FC0DA5C42:LeaderElection157] INFO  impl.LeaderElection (LeaderElection.java:askForVotes(182)) - 24bf2945-a329-4da6-aaf2-23ecd8d462c6@group-258FC0DA5C42:LeaderElection157: begin an election at term 2 for -1: [24bf2945-a329-4da6-aaf2-23ecd8d462c6:192.168.30.10:42867, e568d23f-199e-48ce-91e4-5c166e2e97cd:192.168.30.10:42827, 62ec8eb9-3ae9-4136-b70a-2caf3716fa7f:192.168.30.10:44715], old=null
2019-09-25 07:05:06,047 [e568d23f-199e-48ce-91e4-5c166e2e97cd@group-A76C434A76E6-SegmentedRaftLogWorker] ERROR segmented.SegmentedRaftLogWorker (SegmentedRaftLogWorker.java:run(323)) - e568d23f-199e-48ce-91e4-5c166e2e97cd@group-A76C434A76E6-SegmentedRaftLogWorker hit exception
java.lang.OutOfMemoryError: Direct buffer memory
	at java.nio.Bits.reserveMemory(Bits.java:666)
	at java.nio.DirectByteBuffer.<init>(DirectByteBuffer.java:123)
	at java.nio.ByteBuffer.allocateDirect(ByteBuffer.java:311)
	at org.apache.ratis.server.raftlog.segmented.BufferedWriteChannel.<init>(BufferedWriteChannel.java:41)
	at org.apache.ratis.server.raftlog.segmented.SegmentedRaftLogOutputStream.<init>(SegmentedRaftLogOutputStream.java:72)
	at org.apache.ratis.server.raftlog.segmented.SegmentedRaftLogWorker$StartLogSegment.execute(SegmentedRaftLogWorker.java:566)
	at org.apache.ratis.server.raftlog.segmented.SegmentedRaftLogWorker.run(SegmentedRaftLogWorker.java:289)
	at java.lang.Thread.run(Thread.java:748)
2019-09-25 07:05:06,050 [e568d23f-199e-48ce-91e4-5c166e2e97cd@group-A76C434A76E6-SegmentedRaftLogWorker] INFO  impl.RaftServerImpl (RaftServerImpl.java:lambda$shutdown$3(251)) - e568d23f-199e-48ce-91e4-5c166e2e97cd@group-A76C434A76E6: shutdown
2019-09-25 07:05:05,831 [e568d23f-199e-48ce-91e4-5c166e2e97cd@group-7B72D47A5EF5:LeaderElection93] INFO  impl.RaftServerImpl (ServerState.java:setRaftConf(354)) - e568d23f-199e-48ce-91e4-5c166e2e97cd@group-7B72D47A5EF5: set configuration 0: [e568d23f-199e-48ce-91e4-5c166e2e97cd:192.168.30.10:42827], old=null at 0
2019-09-25 07:05:05,831 [e568d23f-199e-48ce-91e4-5c166e2e97cd@group-F05F9C076728:LeaderElection97] INFO  segmented.SegmentedRaftLogWorker (SegmentedRaftLogWorker.java:startLogSegment(380)) - e568d23f-199e-48ce-91e4-5c166e2e97cd@group-F05F9C076728-SegmentedRaftLogWorker: Starting segment from index:0
2019-09-25 07:05:05,831 [24bf2945-a329-4da6-aaf2-23ecd8d462c6@group-0F02076B3222-SegmentedRaftLogWorker] INFO  util.JmxRegister (JmxRegister.java:unregister(73)) - Successfully un-registered JMX Bean with object name Ratis:service=RaftServer,group=group-0F02076B3222,id=24bf2945-a329-4da6-aaf2-23ecd8d462c6
2019-09-25 07:05:06,051 [62ec8eb9-3ae9-4136-b70a-2caf3716fa7f@group-A59A59095A78:LeaderElection95] INFO  impl.RoleInfo (RoleInfo.java:updateAndGet(143)) - 62ec8eb9-3ae9-4136-b70a-2caf3716fa7f: start LeaderState
2019-09-25 07:05:06,050 [e568d23f-199e-48ce-91e4-5c166e2e97cd@group-41A741059900-SegmentedRaftLogWorker] INFO  impl.PendingRequests (PendingRequests.java:sendNotLeaderResponses(202)) - e568d23f-199e-48ce-91e4-5c166e2e97cd-PendingRequests: sendNotLeaderResponses
2019-09-25 07:05:06,287 [e568d23f-199e-48ce-91e4-5c166e2e97cd@group-F05F9C076728:LeaderElection97] INFO  impl.RaftServerImpl (ServerState.java:setRaftConf(354)) - e568d23f-199e-48ce-91e4-5c166e2e97cd@group-F05F9C076728: set configuration 0: [e568d23f-199e-48ce-91e4-5c166e2e97cd:192.168.30.10:42827], old=null at 0
2019-09-25 07:05:06,287 [e568d23f-199e-48ce-91e4-5c166e2e97cd@group-258FC0DA5C42:LeaderElection158] INFO  impl.LeaderElection (LeaderElection.java:askForVotes(182)) - e568d23f-199e-48ce-91e4-5c166e2e97cd@group-258FC0DA5C42:LeaderElection158: begin an election at term 2 for -1: [24bf2945-a329-4da6-aaf2-23ecd8d462c6:192.168.30.10:42867, e568d23f-199e-48ce-91e4-5c166e2e97cd:192.168.30.10:42827, 62ec8eb9-3ae9-4136-b70a-2caf3716fa7f:192.168.30.10:44715], old=null
2019-09-25 07:05:06,051 [24bf2945-a329-4da6-aaf2-23ecd8d462c6@group-0F02076B3222-SegmentedRaftLogWorker] INFO  impl.RoleInfo (RoleInfo.java:shutdownLeaderState(104)) - 24bf2945-a329-4da6-aaf2-23ecd8d462c6: shutdown LeaderState
2019-09-25 07:05:06,288 [e568d23f-199e-48ce-91e4-5c166e2e97cd@group-41A741059900-SegmentedRaftLogWorker] INFO  impl.StateMachineUpdater (StateMachineUpdater.java:stopAndJoin(125)) - e568d23f-199e-48ce-91e4-5c166e2e97cd@group-41A741059900-StateMachineUpdater: set stopIndex = -1
2019-09-25 07:05:06,288 [62ec8eb9-3ae9-4136-b70a-2caf3716fa7f@group-A59A59095A78:LeaderElection95] INFO  segmented.SegmentedRaftLogWorker (SegmentedRaftLogWorker.java:startLogSegment(380)) - 62ec8eb9-3ae9-4136-b70a-2caf3716fa7f@group-A59A59095A78-SegmentedRaftLogWorker: Starting segment from index:0
2019-09-25 07:05:06,289 [24bf2945-a329-4da6-aaf2-23ecd8d462c6@group-0F02076B3222-SegmentedRaftLogWorker] INFO  impl.PendingRequests (PendingRequests.java:sendNotLeaderResponses(202)) - 24bf2945-a329-4da6-aaf2-23ecd8d462c6-PendingRequests: sendNotLeaderResponses
2019-09-25 07:05:06,289 [e568d23f-199e-48ce-91e4-5c166e2e97cd@group-41A741059900-SegmentedRaftLogWorker] INFO  impl.RaftServerImpl (ServerState.java:close(385)) - e568d23f-199e-48ce-91e4-5c166e2e97cd@group-41A741059900: closes. applyIndex: -1
2019-09-25 07:05:06,289 [24bf2945-a329-4da6-aaf2-23ecd8d462c6@group-0F02076B3222-SegmentedRaftLogWorker] INFO  impl.StateMachineUpdater (StateMachineUpdater.java:stopAndJoin(125)) - 24bf2945-a329-4da6-aaf2-23ecd8d462c6@group-0F02076B3222-StateMachineUpdater: set stopIndex = -1
2019-09-25 07:05:06,289 [e568d23f-199e-48ce-91e4-5c166e2e97cd@group-41A741059900-SegmentedRaftLogWorker] INFO  segmented.SegmentedRaftLogWorker (SegmentedRaftLogWorker.java:close(228)) - e568d23f-199e-48ce-91e4-5c166e2e97cd@group-41A741059900-SegmentedRaftLogWorker close()
2019-09-25 07:05:06,511 [24bf2945-a329-4da6-aaf2-23ecd8d462c6@group-0F02076B3222-SegmentedRaftLogWorker] INFO  impl.RaftServerImpl (ServerState.java:close(385)) - 24bf2945-a329-4da6-aaf2-23ecd8d462c6@group-0F02076B3222: closes. applyIndex: -1
2019-09-25 07:05:06,289 [62ec8eb9-3ae9-4136-b70a-2caf3716fa7f@group-A59A59095A78:LeaderElection95] INFO  impl.RaftServerImpl (ServerState.java:setRaftConf(354)) - 62ec8eb9-3ae9-4136-b70a-2caf3716fa7f@group-A59A59095A78: set configuration 0: [62ec8eb9-3ae9-4136-b70a-2caf3716fa7f:192.168.30.10:44715], old=null at 0
2019-09-25 07:05:06,510 [24bf2945-a329-4da6-aaf2-23ecd8d462c6@group-0A6D6B37687B-SegmentedRaftLogWorker] ERROR segmented.SegmentedRaftLogWorker (SegmentedRaftLogWorker.java:run(323)) - 24bf2945-a329-4da6-aaf2-23ecd8d462c6@group-0A6D6B37687B-SegmentedRaftLogWorker hit exception
java.lang.OutOfMemoryError: Direct buffer memory
	at java.nio.Bits.reserveMemory(Bits.java:666)
	at java.nio.DirectByteBuffer.<init>(DirectByteBuffer.java:123)
	at java.nio.ByteBuffer.allocateDirect(ByteBuffer.java:311)
	at org.apache.ratis.server.raftlog.segmented.BufferedWriteChannel.<init>(BufferedWriteChannel.java:41)
	at org.apache.ratis.server.raftlog.segmented.SegmentedRaftLogOutputStream.<init>(SegmentedRaftLogOutputStream.java:72)
	at org.apache.ratis.server.raftlog.segmented.SegmentedRaftLogWorker$StartLogSegment.execute(SegmentedRaftLogWorker.java:566)
	at org.apache.ratis.server.raftlog.segmented.SegmentedRaftLogWorker.run(SegmentedRaftLogWorker.java:289)
	at java.lang.Thread.run(Thread.java:748)
2019-09-25 07:05:06,510 [24bf2945-a329-4da6-aaf2-23ecd8d462c6@group-4E9FB9BD23D5-SegmentedRaftLogWorker] ERROR segmented.SegmentedRaftLogWorker (SegmentedRaftLogWorker.java:run(323)) - 24bf2945-a329-4da6-aaf2-23ecd8d462c6@group-4E9FB9BD23D5-SegmentedRaftLogWorker hit exception
java.lang.OutOfMemoryError: Direct buffer memory
	at java.nio.Bits.reserveMemory(Bits.java:666)
	at java.nio.DirectByteBuffer.<init>(DirectByteBuffer.java:123)
	at java.nio.ByteBuffer.allocateDirect(ByteBuffer.java:311)
	at org.apache.ratis.server.raftlog.segmented.BufferedWriteChannel.<init>(BufferedWriteChannel.java:41)
	at org.apache.ratis.server.raftlog.segmented.SegmentedRaftLogOutputStream.<init>(SegmentedRaftLogOutputStream.java:72)
	at org.apache.ratis.server.raftlog.segmented.SegmentedRaftLogWorker$StartLogSegment.execute(SegmentedRaftLogWorker.java:566)
	at org.apache.ratis.server.raftlog.segmented.SegmentedRaftLogWorker.run(SegmentedRaftLogWorker.java:289)
	at java.lang.Thread.run(Thread.java:748)
2019-09-25 07:05:06,530 [24bf2945-a329-4da6-aaf2-23ecd8d462c6@group-4E9FB9BD23D5-SegmentedRaftLogWorker] INFO  impl.RaftServerImpl (RaftServerImpl.java:lambda$shutdown$3(251)) - 24bf2945-a329-4da6-aaf2-23ecd8d462c6@group-4E9FB9BD23D5: shutdown
2019-09-25 07:05:06,512 [24bf2945-a329-4da6-aaf2-23ecd8d462c6@group-0A6D6B37687B-SegmentedRaftLogWorker] INFO  impl.RaftServerImpl (RaftServerImpl.java:lambda$shutdown$3(251)) - 24bf2945-a329-4da6-aaf2-23ecd8d462c6@group-0A6D6B37687B: shutdown
2019-09-25 07:05:06,512 [24bf2945-a329-4da6-aaf2-23ecd8d462c6@group-EA13F692BD94:LeaderElection94] INFO  impl.RoleInfo (RoleInfo.java:updateAndGet(143)) - 24bf2945-a329-4da6-aaf2-23ecd8d462c6: start LeaderState
2019-09-25 07:05:06,511 [24bf2945-a329-4da6-aaf2-23ecd8d462c6@group-0F02076B3222-SegmentedRaftLogWorker] INFO  segmented.SegmentedRaftLogWorker (SegmentedRaftLogWorker.java:close(228)) - 24bf2945-a329-4da6-aaf2-23ecd8d462c6@group-0F02076B3222-SegmentedRaftLogWorker close()
2019-09-25 07:05:06,540 [24bf2945-a329-4da6-aaf2-23ecd8d462c6@group-EA13F692BD94:LeaderElection94] INFO  segmented.SegmentedRaftLogWorker (SegmentedRaftLogWorker.java:startLogSegment(380)) - 24bf2945-a329-4da6-aaf2-23ecd8d462c6@group-EA13F692BD94-SegmentedRaftLogWorker: Starting segment from index:0
2019-09-25 07:05:06,539 [e568d23f-199e-48ce-91e4-5c166e2e97cd@group-A76C434A76E6-SegmentedRaftLogWorker] INFO  util.JmxRegister (JmxRegister.java:unregister(73)) - Successfully un-registered JMX Bean with object name Ratis:service=RaftServer,group=group-A76C434A76E6,id=e568d23f-199e-48ce-91e4-5c166e2e97cd
2019-09-25 07:05:06,539 [24bf2945-a329-4da6-aaf2-23ecd8d462c6@group-2DE67EB528FC-SegmentedRaftLogWorker] ERROR segmented.SegmentedRaftLogWorker (SegmentedRaftLogWorker.java:run(323)) - 24bf2945-a329-4da6-aaf2-23ecd8d462c6@group-2DE67EB528FC-SegmentedRaftLogWorker hit exception
java.lang.OutOfMemoryError: Direct buffer memory
	at java.nio.Bits.reserveMemory(Bits.java:666)
	at java.nio.DirectByteBuffer.<init>(DirectByteBuffer.java:123)
	at java.nio.ByteBuffer.allocateDirect(ByteBuffer.java:311)
	at org.apache.ratis.server.raftlog.segmented.BufferedWriteChannel.<init>(BufferedWriteChannel.java:41)
	at org.apache.ratis.server.raftlog.segmented.SegmentedRaftLogOutputStream.<init>(SegmentedRaftLogOutputStream.java:72)
	at org.apache.ratis.server.raftlog.segmented.SegmentedRaftLogWorker$StartLogSegment.execute(SegmentedRaftLogWorker.java:566)
	at org.apache.ratis.server.raftlog.segmented.SegmentedRaftLogWorker.run(SegmentedRaftLogWorker.java:289)
	at java.lang.Thread.run(Thread.java:748)
2019-09-25 07:05:06,540 [24bf2945-a329-4da6-aaf2-23ecd8d462c6@group-EA13F692BD94:LeaderElection94] INFO  impl.RaftServerImpl (ServerState.java:setRaftConf(354)) - 24bf2945-a329-4da6-aaf2-23ecd8d462c6@group-EA13F692BD94: set configuration 0: [24bf2945-a329-4da6-aaf2-23ecd8d462c6:192.168.30.10:42867], old=null at 0
2019-09-25 07:05:06,540 [62ec8eb9-3ae9-4136-b70a-2caf3716fa7f@group-258FC0DA5C42:LeaderElection156] INFO  impl.LeaderElection (LeaderElection.java:logAndReturn(56)) - 62ec8eb9-3ae9-4136-b70a-2caf3716fa7f@group-258FC0DA5C42:LeaderElection156: Election REJECTED; received 2 response(s) [62ec8eb9-3ae9-4136-b70a-2caf3716fa7f<-24bf2945-a329-4da6-aaf2-23ecd8d462c6#0:FAIL-t2, 62ec8eb9-3ae9-4136-b70a-2caf3716fa7f<-e568d23f-199e-48ce-91e4-5c166e2e97cd#0:FAIL-t2] and 0 exception(s); 62ec8eb9-3ae9-4136-b70a-2caf3716fa7f@group-258FC0DA5C42:t2, leader=null, voted=62ec8eb9-3ae9-4136-b70a-2caf3716fa7f, raftlog=62ec8eb9-3ae9-4136-b70a-2caf3716fa7f@group-258FC0DA5C42-SegmentedRaftLog:OPENED:c-1,f-1,i0, conf=-1: [24bf2945-a329-4da6-aaf2-23ecd8d462c6:192.168.30.10:42867, e568d23f-199e-48ce-91e4-5c166e2e97cd:192.168.30.10:42827, 62ec8eb9-3ae9-4136-b70a-2caf3716fa7f:192.168.30.10:44715], old=null
2019-09-25 07:05:06,540 [e568d23f-199e-48ce-91e4-5c166e2e97cd@group-A76C434A76E6-SegmentedRaftLogWorker] INFO  impl.RoleInfo (RoleInfo.java:shutdownLeaderState(104)) - e568d23f-199e-48ce-91e4-5c166e2e97cd: shutdown LeaderState
2019-09-25 07:05:06,764 [62ec8eb9-3ae9-4136-b70a-2caf3716fa7f@group-258FC0DA5C42:LeaderElection156] INFO  impl.RaftServerImpl (RaftServerImpl.java:setRole(174)) - 62ec8eb9-3ae9-4136-b70a-2caf3716fa7f@group-258FC0DA5C42: changes role from CANDIDATE to FOLLOWER at term 2 for DISCOVERED_A_NEW_TERM
2019-09-25 07:05:06,768 [62ec8eb9-3ae9-4136-b70a-2caf3716fa7f@group-258FC0DA5C42:LeaderElection156] INFO  impl.RoleInfo (RoleInfo.java:shutdownLeaderElection(134)) - 62ec8eb9-3ae9-4136-b70a-2caf3716fa7f: shutdown LeaderElection
2019-09-25 07:05:06,764 [24bf2945-a329-4da6-aaf2-23ecd8d462c6@group-258FC0DA5C42:LeaderElection157] INFO  impl.LeaderElection (LeaderElection.java:logAndReturn(56)) - 24bf2945-a329-4da6-aaf2-23ecd8d462c6@group-258FC0DA5C42:LeaderElection157: Election REJECTED; received 2 response(s) [24bf2945-a329-4da6-aaf2-23ecd8d462c6<-e568d23f-199e-48ce-91e4-5c166e2e97cd#0:FAIL-t2, 24bf2945-a329-4da6-aaf2-23ecd8d462c6<-62ec8eb9-3ae9-4136-b70a-2caf3716fa7f#0:FAIL-t2] and 0 exception(s); 24bf2945-a329-4da6-aaf2-23ecd8d462c6@group-258FC0DA5C42:t2, leader=null, voted=24bf2945-a329-4da6-aaf2-23ecd8d462c6, raftlog=24bf2945-a329-4da6-aaf2-23ecd8d462c6@group-258FC0DA5C42-SegmentedRaftLog:OPENED:c-1,f-1,i0, conf=-1: [24bf2945-a329-4da6-aaf2-23ecd8d462c6:192.168.30.10:42867, e568d23f-199e-48ce-91e4-5c166e2e97cd:192.168.30.10:42827, 62ec8eb9-3ae9-4136-b70a-2caf3716fa7f:192.168.30.10:44715], old=null
2019-09-25 07:05:06,763 [62ec8eb9-3ae9-4136-b70a-2caf3716fa7f@group-465D573F1739-SegmentedRaftLogWorker] ERROR segmented.SegmentedRaftLogWorker (SegmentedRaftLogWorker.java:run(323)) - 62ec8eb9-3ae9-4136-b70a-2caf3716fa7f@group-465D573F1739-SegmentedRaftLogWorker hit exception
java.lang.OutOfMemoryError: Direct buffer memory
	at java.nio.Bits.reserveMemory(Bits.java:666)
	at java.nio.DirectByteBuffer.<init>(DirectByteBuffer.java:123)
	at java.nio.ByteBuffer.allocateDirect(ByteBuffer.java:311)
	at org.apache.ratis.server.raftlog.segmented.BufferedWriteChannel.<init>(BufferedWriteChannel.java:41)
	at org.apache.ratis.server.raftlog.segmented.SegmentedRaftLogOutputStream.<init>(SegmentedRaftLogOutputStream.java:72)
	at org.apache.ratis.server.raftlog.segmented.SegmentedRaftLogWorker$StartLogSegment.execute(SegmentedRaftLogWorker.java:566)
	at org.apache.ratis.server.raftlog.segmented.SegmentedRaftLogWorker.run(SegmentedRaftLogWorker.java:289)
	at java.lang.Thread.run(Thread.java:748)
2019-09-25 07:05:06,541 [24bf2945-a329-4da6-aaf2-23ecd8d462c6@group-2DE67EB528FC-SegmentedRaftLogWorker] INFO  impl.RaftServerImpl (RaftServerImpl.java:lambda$shutdown$3(251)) - 24bf2945-a329-4da6-aaf2-23ecd8d462c6@group-2DE67EB528FC: shutdown
2019-09-25 07:05:06,768 [62ec8eb9-3ae9-4136-b70a-2caf3716fa7f@group-465D573F1739-SegmentedRaftLogWorker] INFO  impl.RaftServerImpl (RaftServerImpl.java:lambda$shutdown$3(251)) - 62ec8eb9-3ae9-4136-b70a-2caf3716fa7f@group-465D573F1739: shutdown
2019-09-25 07:05:06,768 [24bf2945-a329-4da6-aaf2-23ecd8d462c6@group-258FC0DA5C42:LeaderElection157] INFO  impl.RaftServerImpl (RaftServerImpl.java:setRole(174)) - 24bf2945-a329-4da6-aaf2-23ecd8d462c6@group-258FC0DA5C42: changes role from CANDIDATE to FOLLOWER at term 2 for DISCOVERED_A_NEW_TERM
2019-09-25 07:05:06,768 [62ec8eb9-3ae9-4136-b70a-2caf3716fa7f@group-F92EA15D7072:LeaderElection80] INFO  impl.RoleInfo (RoleInfo.java:updateAndGet(143)) - 62ec8eb9-3ae9-4136-b70a-2caf3716fa7f: start LeaderState
2019-09-25 07:05:06,768 [62ec8eb9-3ae9-4136-b70a-2caf3716fa7f@group-258FC0DA5C42:LeaderElection156] INFO  impl.RoleInfo (RoleInfo.java:updateAndGet(143)) - 62ec8eb9-3ae9-4136-b70a-2caf3716fa7f: start FollowerState
2019-09-25 07:05:06,768 [e568d23f-199e-48ce-91e4-5c166e2e97cd@group-A76C434A76E6-SegmentedRaftLogWorker] INFO  impl.PendingRequests (PendingRequests.java:sendNotLeaderResponses(202)) - e568d23f-199e-48ce-91e4-5c166e2e97cd-PendingRequests: sendNotLeaderResponses
2019-09-25 07:05:06,772 [62ec8eb9-3ae9-4136-b70a-2caf3716fa7f@group-F92EA15D7072:LeaderElection80] INFO  segmented.SegmentedRaftLogWorker (SegmentedRaftLogWorker.java:startLogSegment(380)) - 62ec8eb9-3ae9-4136-b70a-2caf3716fa7f@group-F92EA15D7072-SegmentedRaftLogWorker: Starting segment from index:0
2019-09-25 07:05:06,772 [e568d23f-199e-48ce-91e4-5c166e2e97cd@group-A76C434A76E6-SegmentedRaftLogWorker] INFO  impl.StateMachineUpdater (StateMachineUpdater.java:stopAndJoin(125)) - e568d23f-199e-48ce-91e4-5c166e2e97cd@group-A76C434A76E6-StateMachineUpdater: set stopIndex = -1
2019-09-25 07:05:06,771 [24bf2945-a329-4da6-aaf2-23ecd8d462c6@group-258FC0DA5C42:LeaderElection157] INFO  impl.RoleInfo (RoleInfo.java:shutdownLeaderElection(134)) - 24bf2945-a329-4da6-aaf2-23ecd8d462c6: shutdown LeaderElection
2019-09-25 07:05:06,772 [62ec8eb9-3ae9-4136-b70a-2caf3716fa7f@group-F92EA15D7072:LeaderElection80] INFO  impl.RaftServerImpl (ServerState.java:setRaftConf(354)) - 62ec8eb9-3ae9-4136-b70a-2caf3716fa7f@group-F92EA15D7072: set configuration 0: [62ec8eb9-3ae9-4136-b70a-2caf3716fa7f:192.168.30.10:44715], old=null at 0
2019-09-25 07:05:06,772 [e568d23f-199e-48ce-91e4-5c166e2e97cd@group-258FC0DA5C42:LeaderElection158] INFO  impl.LeaderElection (LeaderElection.java:logAndReturn(56)) - e568d23f-199e-48ce-91e4-5c166e2e97cd@group-258FC0DA5C42:LeaderElection158: Election REJECTED; received 2 response(s) [e568d23f-199e-48ce-91e4-5c166e2e97cd<-24bf2945-a329-4da6-aaf2-23ecd8d462c6#0:FAIL-t2, e568d23f-199e-48ce-91e4-5c166e2e97cd<-62ec8eb9-3ae9-4136-b70a-2caf3716fa7f#0:FAIL-t2] and 0 exception(s); e568d23f-199e-48ce-91e4-5c166e2e97cd@group-258FC0DA5C42:t2, leader=null, voted=e568d23f-199e-48ce-91e4-5c166e2e97cd, raftlog=e568d23f-199e-48ce-91e4-5c166e2e97cd@group-258FC0DA5C42-SegmentedRaftLog:OPENED:c-1,f-1,i0, conf=-1: [24bf2945-a329-4da6-aaf2-23ecd8d462c6:192.168.30.10:42867, e568d23f-199e-48ce-91e4-5c166e2e97cd:192.168.30.10:42827, 62ec8eb9-3ae9-4136-b70a-2caf3716fa7f:192.168.30.10:44715], old=null
2019-09-25 07:05:06,772 [e568d23f-199e-48ce-91e4-5c166e2e97cd@group-A76C434A76E6-SegmentedRaftLogWorker] INFO  impl.RaftServerImpl (ServerState.java:close(385)) - e568d23f-199e-48ce-91e4-5c166e2e97cd@group-A76C434A76E6: closes. applyIndex: -1
2019-09-25 07:05:06,931 [e568d23f-199e-48ce-91e4-5c166e2e97cd@group-258FC0DA5C42:LeaderElection158] INFO  impl.RaftServerImpl (RaftServerImpl.java:setRole(174)) - e568d23f-199e-48ce-91e4-5c166e2e97cd@group-258FC0DA5C42: changes role from CANDIDATE to FOLLOWER at term 2 for DISCOVERED_A_NEW_TERM
2019-09-25 07:05:06,933 [e568d23f-199e-48ce-91e4-5c166e2e97cd@group-258FC0DA5C42:LeaderElection158] INFO  impl.RoleInfo (RoleInfo.java:shutdownLeaderElection(134)) - e568d23f-199e-48ce-91e4-5c166e2e97cd: shutdown LeaderElection
2019-09-25 07:05:06,772 [24bf2945-a329-4da6-aaf2-23ecd8d462c6@group-258FC0DA5C42:LeaderElection157] INFO  impl.RoleInfo (RoleInfo.java:updateAndGet(143)) - 24bf2945-a329-4da6-aaf2-23ecd8d462c6: start FollowerState
2019-09-25 07:05:06,933 [e568d23f-199e-48ce-91e4-5c166e2e97cd@group-258FC0DA5C42:LeaderElection158] INFO  impl.RoleInfo (RoleInfo.java:updateAndGet(143)) - e568d23f-199e-48ce-91e4-5c166e2e97cd: start FollowerState
2019-09-25 07:05:06,933 [24bf2945-a329-4da6-aaf2-23ecd8d462c6@group-4E9FB9BD23D5-SegmentedRaftLogWorker] INFO  util.JmxRegister (JmxRegister.java:unregister(73)) - Successfully un-registered JMX Bean with object name Ratis:service=RaftServer,group=group-4E9FB9BD23D5,id=24bf2945-a329-4da6-aaf2-23ecd8d462c6
2019-09-25 07:05:06,934 [24bf2945-a329-4da6-aaf2-23ecd8d462c6@group-0A6D6B37687B-SegmentedRaftLogWorker] INFO  util.JmxRegister (JmxRegister.java:unregister(73)) - Successfully un-registered JMX Bean with object name Ratis:service=RaftServer,group=group-0A6D6B37687B,id=24bf2945-a329-4da6-aaf2-23ecd8d462c6
2019-09-25 07:05:06,933 [e568d23f-199e-48ce-91e4-5c166e2e97cd@group-A76C434A76E6-SegmentedRaftLogWorker] INFO  segmented.SegmentedRaftLogWorker (SegmentedRaftLogWorker.java:close(228)) - e568d23f-199e-48ce-91e4-5c166e2e97cd@group-A76C434A76E6-SegmentedRaftLogWorker close()
2019-09-25 07:05:06,934 [24bf2945-a329-4da6-aaf2-23ecd8d462c6@group-0A6D6B37687B-SegmentedRaftLogWorker] INFO  impl.RoleInfo (RoleInfo.java:shutdownLeaderState(104)) - 24bf2945-a329-4da6-aaf2-23ecd8d462c6: shutdown LeaderState
2019-09-25 07:05:06,934 [24bf2945-a329-4da6-aaf2-23ecd8d462c6@group-4E9FB9BD23D5-SegmentedRaftLogWorker] INFO  impl.RoleInfo (RoleInfo.java:shutdownLeaderState(104)) - 24bf2945-a329-4da6-aaf2-23ecd8d462c6: shutdown LeaderState
2019-09-25 07:05:06,934 [24bf2945-a329-4da6-aaf2-23ecd8d462c6@group-339D99FADD64:LeaderElection106] INFO  impl.RoleInfo (RoleInfo.java:updateAndGet(143)) - 24bf2945-a329-4da6-aaf2-23ecd8d462c6: start LeaderState
2019-09-25 07:05:06,935 [24bf2945-a329-4da6-aaf2-23ecd8d462c6@group-4E9FB9BD23D5-SegmentedRaftLogWorker] INFO  impl.PendingRequests (PendingRequests.java:sendNotLeaderResponses(202)) - 24bf2945-a329-4da6-aaf2-23ecd8d462c6-PendingRequests: sendNotLeaderResponses
2019-09-25 07:05:06,934 [24bf2945-a329-4da6-aaf2-23ecd8d462c6@group-0A6D6B37687B-SegmentedRaftLogWorker] INFO  impl.PendingRequests (PendingRequests.java:sendNotLeaderResponses(202)) - 24bf2945-a329-4da6-aaf2-23ecd8d462c6-PendingRequests: sendNotLeaderResponses
2019-09-25 07:05:06,935 [24bf2945-a329-4da6-aaf2-23ecd8d462c6@group-4E9FB9BD23D5-SegmentedRaftLogWorker] INFO  impl.StateMachineUpdater (StateMachineUpdater.java:stopAndJoin(125)) - 24bf2945-a329-4da6-aaf2-23ecd8d462c6@group-4E9FB9BD23D5-StateMachineUpdater: set stopIndex = -1
2019-09-25 07:05:06,935 [24bf2945-a329-4da6-aaf2-23ecd8d462c6@group-339D99FADD64:LeaderElection106] INFO  segmented.SegmentedRaftLogWorker (SegmentedRaftLogWorker.java:startLogSegment(380)) - 24bf2945-a329-4da6-aaf2-23ecd8d462c6@group-339D99FADD64-SegmentedRaftLogWorker: Starting segment from index:0
2019-09-25 07:05:06,935 [24bf2945-a329-4da6-aaf2-23ecd8d462c6@group-0A6D6B37687B-SegmentedRaftLogWorker] INFO  impl.StateMachineUpdater (StateMachineUpdater.java:stopAndJoin(125)) - 24bf2945-a329-4da6-aaf2-23ecd8d462c6@group-0A6D6B37687B-StateMachineUpdater: set stopIndex = -1
2019-09-25 07:05:06,936 [24bf2945-a329-4da6-aaf2-23ecd8d462c6@group-4E9FB9BD23D5-SegmentedRaftLogWorker] INFO  impl.RaftServerImpl (ServerState.java:close(385)) - 24bf2945-a329-4da6-aaf2-23ecd8d462c6@group-4E9FB9BD23D5: closes. applyIndex: -1
2019-09-25 07:05:06,936 [24bf2945-a329-4da6-aaf2-23ecd8d462c6@group-0A6D6B37687B-SegmentedRaftLogWorker] INFO  impl.RaftServerImpl (ServerState.java:close(385)) - 24bf2945-a329-4da6-aaf2-23ecd8d462c6@group-0A6D6B37687B: closes. applyIndex: -1
2019-09-25 07:05:06,936 [24bf2945-a329-4da6-aaf2-23ecd8d462c6@group-4E9FB9BD23D5-SegmentedRaftLogWorker] INFO  segmented.SegmentedRaftLogWorker (SegmentedRaftLogWorker.java:close(228)) - 24bf2945-a329-4da6-aaf2-23ecd8d462c6@group-4E9FB9BD23D5-SegmentedRaftLogWorker close()
2019-09-25 07:05:06,936 [24bf2945-a329-4da6-aaf2-23ecd8d462c6@group-2DE67EB528FC-SegmentedRaftLogWorker] INFO  util.JmxRegister (JmxRegister.java:unregister(73)) - Successfully un-registered JMX Bean with object name Ratis:service=RaftServer,group=group-2DE67EB528FC,id=24bf2945-a329-4da6-aaf2-23ecd8d462c6
2019-09-25 07:05:06,936 [62ec8eb9-3ae9-4136-b70a-2caf3716fa7f@group-465D573F1739-SegmentedRaftLogWorker] INFO  util.JmxRegister (JmxRegister.java:unregister(73)) - Successfully un-registered JMX Bean with object name Ratis:service=RaftServer,group=group-465D573F1739,id=62ec8eb9-3ae9-4136-b70a-2caf3716fa7f
2019-09-25 07:05:06,936 [24bf2945-a329-4da6-aaf2-23ecd8d462c6@group-0A6D6B37687B-SegmentedRaftLogWorker] INFO  segmented.SegmentedRaftLogWorker (SegmentedRaftLogWorker.java:close(228)) - 24bf2945-a329-4da6-aaf2-23ecd8d462c6@group-0A6D6B37687B-SegmentedRaftLogWorker close()
2019-09-25 07:05:06,936 [24bf2945-a329-4da6-aaf2-23ecd8d462c6@group-339D99FADD64:LeaderElection106] INFO  impl.RaftServerImpl (ServerState.java:setRaftConf(354)) - 24bf2945-a329-4da6-aaf2-23ecd8d462c6@group-339D99FADD64: set configuration 0: [24bf2945-a329-4da6-aaf2-23ecd8d462c6:192.168.30.10:42867], old=null at 0
2019-09-25 07:05:06,936 [62ec8eb9-3ae9-4136-b70a-2caf3716fa7f@group-465D573F1739-SegmentedRaftLogWorker] INFO  impl.RoleInfo (RoleInfo.java:shutdownLeaderState(104)) - 62ec8eb9-3ae9-4136-b70a-2caf3716fa7f: shutdown LeaderState
2019-09-25 07:05:06,936 [24bf2945-a329-4da6-aaf2-23ecd8d462c6@group-2DE67EB528FC-SegmentedRaftLogWorker] INFO  impl.RoleInfo (RoleInfo.java:shutdownLeaderState(104)) - 24bf2945-a329-4da6-aaf2-23ecd8d462c6: shutdown LeaderState
2019-09-25 07:05:07,167 [62ec8eb9-3ae9-4136-b70a-2caf3716fa7f@group-465D573F1739-SegmentedRaftLogWorker] INFO  impl.PendingRequests (PendingRequests.java:sendNotLeaderResponses(202)) - 62ec8eb9-3ae9-4136-b70a-2caf3716fa7f-PendingRequests: sendNotLeaderResponses
2019-09-25 07:05:07,167 [62ec8eb9-3ae9-4136-b70a-2caf3716fa7f@group-5534E370F072:LeaderElection112] INFO  impl.RoleInfo (RoleInfo.java:updateAndGet(143)) - 62ec8eb9-3ae9-4136-b70a-2caf3716fa7f: start LeaderState
2019-09-25 07:05:07,165 [e568d23f-199e-48ce-91e4-5c166e2e97cd@group-D4DB0DEAC0CD-SegmentedRaftLogWorker] ERROR segmented.SegmentedRaftLogWorker (SegmentedRaftLogWorker.java:run(323)) - e568d23f-199e-48ce-91e4-5c166e2e97cd@group-D4DB0DEAC0CD-SegmentedRaftLogWorker hit exception
java.lang.OutOfMemoryError: Direct buffer memory
	at java.nio.Bits.reserveMemory(Bits.java:666)
	at java.nio.DirectByteBuffer.<init>(DirectByteBuffer.java:123)
	at java.nio.ByteBuffer.allocateDirect(ByteBuffer.java:311)
	at org.apache.ratis.server.raftlog.segmented.BufferedWriteChannel.<init>(BufferedWriteChannel.java:41)
	at org.apache.ratis.server.raftlog.segmented.SegmentedRaftLogOutputStream.<init>(SegmentedRaftLogOutputStream.java:72)
	at org.apache.ratis.server.raftlog.segmented.SegmentedRaftLogWorker$StartLogSegment.execute(SegmentedRaftLogWorker.java:566)
	at org.apache.ratis.server.raftlog.segmented.SegmentedRaftLogWorker.run(SegmentedRaftLogWorker.java:289)
	at java.lang.Thread.run(Thread.java:748)
2019-09-25 07:05:07,167 [62ec8eb9-3ae9-4136-b70a-2caf3716fa7f@group-5534E370F072:LeaderElection112] INFO  segmented.SegmentedRaftLogWorker (SegmentedRaftLogWorker.java:startLogSegment(380)) - 62ec8eb9-3ae9-4136-b70a-2caf3716fa7f@group-5534E370F072-SegmentedRaftLogWorker: Starting segment from index:0
2019-09-25 07:05:07,167 [62ec8eb9-3ae9-4136-b70a-2caf3716fa7f@group-465D573F1739-SegmentedRaftLogWorker] INFO  impl.StateMachineUpdater (StateMachineUpdater.java:stopAndJoin(125)) - 62ec8eb9-3ae9-4136-b70a-2caf3716fa7f@group-465D573F1739-StateMachineUpdater: set stopIndex = -1
2019-09-25 07:05:07,167 [24bf2945-a329-4da6-aaf2-23ecd8d462c6@group-2DE67EB528FC-SegmentedRaftLogWorker] INFO  impl.PendingRequests (PendingRequests.java:sendNotLeaderResponses(202)) - 24bf2945-a329-4da6-aaf2-23ecd8d462c6-PendingRequests: sendNotLeaderResponses
2019-09-25 07:05:07,168 [62ec8eb9-3ae9-4136-b70a-2caf3716fa7f@group-465D573F1739-SegmentedRaftLogWorker] INFO  impl.RaftServerImpl (ServerState.java:close(385)) - 62ec8eb9-3ae9-4136-b70a-2caf3716fa7f@group-465D573F1739: closes. applyIndex: -1
2019-09-25 07:05:07,168 [e568d23f-199e-48ce-91e4-5c166e2e97cd@group-D4DB0DEAC0CD-SegmentedRaftLogWorker] INFO  impl.RaftServerImpl (RaftServerImpl.java:lambda$shutdown$3(251)) - e568d23f-199e-48ce-91e4-5c166e2e97cd@group-D4DB0DEAC0CD: shutdown
2019-09-25 07:05:07,168 [62ec8eb9-3ae9-4136-b70a-2caf3716fa7f@group-5534E370F072:LeaderElection112] INFO  impl.RaftServerImpl (ServerState.java:setRaftConf(354)) - 62ec8eb9-3ae9-4136-b70a-2caf3716fa7f@group-5534E370F072: set configuration 0: [62ec8eb9-3ae9-4136-b70a-2caf3716fa7f:192.168.30.10:44715], old=null at 0
2019-09-25 07:05:07,168 [24bf2945-a329-4da6-aaf2-23ecd8d462c6@group-2DE67EB528FC-SegmentedRaftLogWorker] INFO  impl.StateMachineUpdater (StateMachineUpdater.java:stopAndJoin(125)) - 24bf2945-a329-4da6-aaf2-23ecd8d462c6@group-2DE67EB528FC-StateMachineUpdater: set stopIndex = -1
2019-09-25 07:05:07,356 [62ec8eb9-3ae9-4136-b70a-2caf3716fa7f@group-E80D967D3F68-SegmentedRaftLogWorker] ERROR segmented.SegmentedRaftLogWorker (SegmentedRaftLogWorker.java:run(323)) - 62ec8eb9-3ae9-4136-b70a-2caf3716fa7f@group-E80D967D3F68-SegmentedRaftLogWorker hit exception
java.lang.OutOfMemoryError: Direct buffer memory
	at java.nio.Bits.reserveMemory(Bits.java:666)
	at java.nio.DirectByteBuffer.<init>(DirectByteBuffer.java:123)
	at java.nio.ByteBuffer.allocateDirect(ByteBuffer.java:311)
	at org.apache.ratis.server.raftlog.segmented.BufferedWriteChannel.<init>(BufferedWriteChannel.java:41)
	at org.apache.ratis.server.raftlog.segmented.SegmentedRaftLogOutputStream.<init>(SegmentedRaftLogOutputStream.java:72)
	at org.apache.ratis.server.raftlog.segmented.SegmentedRaftLogWorker$StartLogSegment.execute(SegmentedRaftLogWorker.java:566)
	at org.apache.ratis.server.raftlog.segmented.SegmentedRaftLogWorker.run(SegmentedRaftLogWorker.java:289)
	at java.lang.Thread.run(Thread.java:748)
2019-09-25 07:05:07,357 [62ec8eb9-3ae9-4136-b70a-2caf3716fa7f@group-E80D967D3F68-SegmentedRaftLogWorker] INFO  impl.RaftServerImpl (RaftServerImpl.java:lambda$shutdown$3(251)) - 62ec8eb9-3ae9-4136-b70a-2caf3716fa7f@group-E80D967D3F68: shutdown
2019-09-25 07:05:07,169 [62ec8eb9-3ae9-4136-b70a-2caf3716fa7f@group-465D573F1739-SegmentedRaftLogWorker] INFO  segmented.SegmentedRaftLogWorker (SegmentedRaftLogWorker.java:close(228)) - 62ec8eb9-3ae9-4136-b70a-2caf3716fa7f@group-465D573F1739-SegmentedRaftLogWorker close()
2019-09-25 07:05:07,357 [24bf2945-a329-4da6-aaf2-23ecd8d462c6@group-2DE67EB528FC-SegmentedRaftLogWorker] INFO  impl.RaftServerImpl (ServerState.java:close(385)) - 24bf2945-a329-4da6-aaf2-23ecd8d462c6@group-2DE67EB528FC: closes. applyIndex: -1
2019-09-25 07:05:07,358 [62ec8eb9-3ae9-4136-b70a-2caf3716fa7f@group-02FBD30808D9:LeaderElection82] INFO  impl.RoleInfo (RoleInfo.java:updateAndGet(143)) - 62ec8eb9-3ae9-4136-b70a-2caf3716fa7f: start LeaderState
2019-09-25 07:05:07,358 [24bf2945-a329-4da6-aaf2-23ecd8d462c6@group-2DE67EB528FC-SegmentedRaftLogWorker] INFO  segmented.SegmentedRaftLogWorker (SegmentedRaftLogWorker.java:close(228)) - 24bf2945-a329-4da6-aaf2-23ecd8d462c6@group-2DE67EB528FC-SegmentedRaftLogWorker close()
2019-09-25 07:05:07,373 [62ec8eb9-3ae9-4136-b70a-2caf3716fa7f@group-02FBD30808D9:LeaderElection82] INFO  segmented.SegmentedRaftLogWorker (SegmentedRaftLogWorker.java:startLogSegment(380)) - 62ec8eb9-3ae9-4136-b70a-2caf3716fa7f@group-02FBD30808D9-SegmentedRaftLogWorker: Starting segment from index:0
2019-09-25 07:05:07,374 [62ec8eb9-3ae9-4136-b70a-2caf3716fa7f@group-02FBD30808D9:LeaderElection82] INFO  impl.RaftServerImpl (ServerState.java:setRaftConf(354)) - 62ec8eb9-3ae9-4136-b70a-2caf3716fa7f@group-02FBD30808D9: set configuration 0: [62ec8eb9-3ae9-4136-b70a-2caf3716fa7f:192.168.30.10:44715], old=null at 0
2019-09-25 07:05:07,576 [e568d23f-199e-48ce-91e4-5c166e2e97cd@group-F05F9C076728-SegmentedRaftLogWorker] ERROR segmented.SegmentedRaftLogWorker (SegmentedRaftLogWorker.java:run(323)) - e568d23f-199e-48ce-91e4-5c166e2e97cd@group-F05F9C076728-SegmentedRaftLogWorker hit exception
java.lang.OutOfMemoryError: Direct buffer memory
	at java.nio.Bits.reserveMemory(Bits.java:666)
	at java.nio.DirectByteBuffer.<init>(DirectByteBuffer.java:123)
	at java.nio.ByteBuffer.allocateDirect(ByteBuffer.java:311)
	at org.apache.ratis.server.raftlog.segmented.BufferedWriteChannel.<init>(BufferedWriteChannel.java:41)
	at org.apache.ratis.server.raftlog.segmented.SegmentedRaftLogOutputStream.<init>(SegmentedRaftLogOutputStream.java:72)
	at org.apache.ratis.server.raftlog.segmented.SegmentedRaftLogWorker$StartLogSegment.execute(SegmentedRaftLogWorker.java:566)
	at org.apache.ratis.server.raftlog.segmented.SegmentedRaftLogWorker.run(SegmentedRaftLogWorker.java:289)
	at java.lang.Thread.run(Thread.java:748)
2019-09-25 07:05:07,576 [e568d23f-199e-48ce-91e4-5c166e2e97cd@group-7B72D47A5EF5-SegmentedRaftLogWorker] ERROR segmented.SegmentedRaftLogWorker (SegmentedRaftLogWorker.java:run(323)) - e568d23f-199e-48ce-91e4-5c166e2e97cd@group-7B72D47A5EF5-SegmentedRaftLogWorker hit exception
java.lang.OutOfMemoryError: Direct buffer memory
	at java.nio.Bits.reserveMemory(Bits.java:666)
	at java.nio.DirectByteBuffer.<init>(DirectByteBuffer.java:123)
	at java.nio.ByteBuffer.allocateDirect(ByteBuffer.java:311)
	at org.apache.ratis.server.raftlog.segmented.BufferedWriteChannel.<init>(BufferedWriteChannel.java:41)
	at org.apache.ratis.server.raftlog.segmented.SegmentedRaftLogOutputStream.<init>(SegmentedRaftLogOutputStream.java:72)
	at org.apache.ratis.server.raftlog.segmented.SegmentedRaftLogWorker$StartLogSegment.execute(SegmentedRaftLogWorker.java:566)
	at org.apache.ratis.server.raftlog.segmented.SegmentedRaftLogWorker.run(SegmentedRaftLogWorker.java:289)
	at java.lang.Thread.run(Thread.java:748)
2019-09-25 07:05:07,578 [e568d23f-199e-48ce-91e4-5c166e2e97cd@group-F05F9C076728-SegmentedRaftLogWorker] INFO  impl.RaftServerImpl (RaftServerImpl.java:lambda$shutdown$3(251)) - e568d23f-199e-48ce-91e4-5c166e2e97cd@group-F05F9C076728: shutdown
2019-09-25 07:05:07,578 [e568d23f-199e-48ce-91e4-5c166e2e97cd@group-7B72D47A5EF5-SegmentedRaftLogWorker] INFO  impl.RaftServerImpl (RaftServerImpl.java:lambda$shutdown$3(251)) - e568d23f-199e-48ce-91e4-5c166e2e97cd@group-7B72D47A5EF5: shutdown
2019-09-25 07:05:07,580 [e568d23f-199e-48ce-91e4-5c166e2e97cd@group-D4DB0DEAC0CD-SegmentedRaftLogWorker] INFO  util.JmxRegister (JmxRegister.java:unregister(73)) - Successfully un-registered JMX Bean with object name Ratis:service=RaftServer,group=group-D4DB0DEAC0CD,id=e568d23f-199e-48ce-91e4-5c166e2e97cd
2019-09-25 07:05:07,580 [e568d23f-199e-48ce-91e4-5c166e2e97cd@group-D4DB0DEAC0CD-SegmentedRaftLogWorker] INFO  impl.RoleInfo (RoleInfo.java:shutdownLeaderState(104)) - e568d23f-199e-48ce-91e4-5c166e2e97cd: shutdown LeaderState
2019-09-25 07:05:07,580 [e568d23f-199e-48ce-91e4-5c166e2e97cd@group-D4DB0DEAC0CD-SegmentedRaftLogWorker] INFO  impl.PendingRequests (PendingRequests.java:sendNotLeaderResponses(202)) - e568d23f-199e-48ce-91e4-5c166e2e97cd-PendingRequests: sendNotLeaderResponses
2019-09-25 07:05:07,581 [e568d23f-199e-48ce-91e4-5c166e2e97cd@group-D4DB0DEAC0CD-SegmentedRaftLogWorker] INFO  impl.StateMachineUpdater (StateMachineUpdater.java:stopAndJoin(125)) - e568d23f-199e-48ce-91e4-5c166e2e97cd@group-D4DB0DEAC0CD-StateMachineUpdater: set stopIndex = -1
2019-09-25 07:05:07,581 [24bf2945-a329-4da6-aaf2-23ecd8d462c6@group-134481B225CC:LeaderElection83] INFO  impl.RoleInfo (RoleInfo.java:updateAndGet(143)) - 24bf2945-a329-4da6-aaf2-23ecd8d462c6: start LeaderState
2019-09-25 07:05:07,581 [e568d23f-199e-48ce-91e4-5c166e2e97cd@group-D4DB0DEAC0CD-SegmentedRaftLogWorker] INFO  impl.RaftServerImpl (ServerState.java:close(385)) - e568d23f-199e-48ce-91e4-5c166e2e97cd@group-D4DB0DEAC0CD: closes. applyIndex: -1
2019-09-25 07:05:07,581 [24bf2945-a329-4da6-aaf2-23ecd8d462c6@group-134481B225CC:LeaderElection83] INFO  segmented.SegmentedRaftLogWorker (SegmentedRaftLogWorker.java:startLogSegment(380)) - 24bf2945-a329-4da6-aaf2-23ecd8d462c6@group-134481B225CC-SegmentedRaftLogWorker: Starting segment from index:0
2019-09-25 07:05:07,581 [62ec8eb9-3ae9-4136-b70a-2caf3716fa7f@group-E80D967D3F68-SegmentedRaftLogWorker] INFO  util.JmxRegister (JmxRegister.java:unregister(73)) - Successfully un-registered JMX Bean with object name Ratis:service=RaftServer,group=group-E80D967D3F68,id=62ec8eb9-3ae9-4136-b70a-2caf3716fa7f
2019-09-25 07:05:07,581 [e568d23f-199e-48ce-91e4-5c166e2e97cd@group-D4DB0DEAC0CD-SegmentedRaftLogWorker] INFO  segmented.SegmentedRaftLogWorker (SegmentedRaftLogWorker.java:close(228)) - e568d23f-199e-48ce-91e4-5c166e2e97cd@group-D4DB0DEAC0CD-SegmentedRaftLogWorker close()
2019-09-25 07:05:07,582 [62ec8eb9-3ae9-4136-b70a-2caf3716fa7f@group-E80D967D3F68-SegmentedRaftLogWorker] INFO  impl.RoleInfo (RoleInfo.java:shutdownLeaderState(104)) - 62ec8eb9-3ae9-4136-b70a-2caf3716fa7f: shutdown LeaderState
2019-09-25 07:05:07,582 [62ec8eb9-3ae9-4136-b70a-2caf3716fa7f@group-E80D967D3F68-SegmentedRaftLogWorker] INFO  impl.PendingRequests (PendingRequests.java:sendNotLeaderResponses(202)) - 62ec8eb9-3ae9-4136-b70a-2caf3716fa7f-PendingRequests: sendNotLeaderResponses
2019-09-25 07:05:07,582 [62ec8eb9-3ae9-4136-b70a-2caf3716fa7f@group-E80D967D3F68-SegmentedRaftLogWorker] INFO  impl.StateMachineUpdater (StateMachineUpdater.java:stopAndJoin(125)) - 62ec8eb9-3ae9-4136-b70a-2caf3716fa7f@group-E80D967D3F68-StateMachineUpdater: set stopIndex = -1
2019-09-25 07:05:07,583 [e568d23f-199e-48ce-91e4-5c166e2e97cd@group-F05F9C076728-SegmentedRaftLogWorker] INFO  util.JmxRegister (JmxRegister.java:unregister(73)) - Successfully un-registered JMX Bean with object name Ratis:service=RaftServer,group=group-F05F9C076728,id=e568d23f-199e-48ce-91e4-5c166e2e97cd
2019-09-25 07:05:07,583 [62ec8eb9-3ae9-4136-b70a-2caf3716fa7f@group-E80D967D3F68-SegmentedRaftLogWorker] INFO  impl.RaftServerImpl (ServerState.java:close(385)) - 62ec8eb9-3ae9-4136-b70a-2caf3716fa7f@group-E80D967D3F68: closes. applyIndex: -1
2019-09-25 07:05:07,583 [24bf2945-a329-4da6-aaf2-23ecd8d462c6@group-FF666133FC8D:LeaderElection84] INFO  impl.RoleInfo (RoleInfo.java:updateAndGet(143)) - 24bf2945-a329-4da6-aaf2-23ecd8d462c6: start LeaderState
2019-09-25 07:05:07,583 [62ec8eb9-3ae9-4136-b70a-2caf3716fa7f@group-E80D967D3F68-SegmentedRaftLogWorker] INFO  segmented.SegmentedRaftLogWorker (SegmentedRaftLogWorker.java:close(228)) - 62ec8eb9-3ae9-4136-b70a-2caf3716fa7f@group-E80D967D3F68-SegmentedRaftLogWorker close()
2019-09-25 07:05:07,583 [e568d23f-199e-48ce-91e4-5c166e2e97cd@group-7B72D47A5EF5-SegmentedRaftLogWorker] INFO  util.JmxRegister (JmxRegister.java:unregister(73)) - Successfully un-registered JMX Bean with object name Ratis:service=RaftServer,group=group-7B72D47A5EF5,id=e568d23f-199e-48ce-91e4-5c166e2e97cd
2019-09-25 07:05:07,583 [24bf2945-a329-4da6-aaf2-23ecd8d462c6@group-FF666133FC8D:LeaderElection84] INFO  segmented.SegmentedRaftLogWorker (SegmentedRaftLogWorker.java:startLogSegment(380)) - 24bf2945-a329-4da6-aaf2-23ecd8d462c6@group-FF666133FC8D-SegmentedRaftLogWorker: Starting segment from index:0
2019-09-25 07:05:07,583 [e568d23f-199e-48ce-91e4-5c166e2e97cd@group-F05F9C076728-SegmentedRaftLogWorker] INFO  impl.RoleInfo (RoleInfo.java:shutdownLeaderState(104)) - e568d23f-199e-48ce-91e4-5c166e2e97cd: shutdown LeaderState
2019-09-25 07:05:07,583 [e568d23f-199e-48ce-91e4-5c166e2e97cd@group-7B72D47A5EF5-SegmentedRaftLogWorker] INFO  impl.RoleInfo (RoleInfo.java:shutdownLeaderState(104)) - e568d23f-199e-48ce-91e4-5c166e2e97cd: shutdown LeaderState
2019-09-25 07:05:07,584 [e568d23f-199e-48ce-91e4-5c166e2e97cd@group-F05F9C076728-SegmentedRaftLogWorker] INFO  impl.PendingRequests (PendingRequests.java:sendNotLeaderResponses(202)) - e568d23f-199e-48ce-91e4-5c166e2e97cd-PendingRequests: sendNotLeaderResponses
2019-09-25 07:05:07,584 [e568d23f-199e-48ce-91e4-5c166e2e97cd@group-7B72D47A5EF5-SegmentedRaftLogWorker] INFO  impl.PendingRequests (PendingRequests.java:sendNotLeaderResponses(202)) - e568d23f-199e-48ce-91e4-5c166e2e97cd-PendingRequests: sendNotLeaderResponses
2019-09-25 07:05:07,584 [e568d23f-199e-48ce-91e4-5c166e2e97cd@group-F05F9C076728-SegmentedRaftLogWorker] INFO  impl.StateMachineUpdater (StateMachineUpdater.java:stopAndJoin(125)) - e568d23f-199e-48ce-91e4-5c166e2e97cd@group-F05F9C076728-StateMachineUpdater: set stopIndex = -1
2019-09-25 07:05:07,584 [e568d23f-199e-48ce-91e4-5c166e2e97cd@group-7B72D47A5EF5-SegmentedRaftLogWorker] INFO  impl.StateMachineUpdater (StateMachineUpdater.java:stopAndJoin(125)) - e568d23f-199e-48ce-91e4-5c166e2e97cd@group-7B72D47A5EF5-StateMachineUpdater: set stopIndex = -1
2019-09-25 07:05:07,584 [e568d23f-199e-48ce-91e4-5c166e2e97cd@group-F05F9C076728-SegmentedRaftLogWorker] INFO  impl.RaftServerImpl (ServerState.java:close(385)) - e568d23f-199e-48ce-91e4-5c166e2e97cd@group-F05F9C076728: closes. applyIndex: -1
2019-09-25 07:05:07,585 [e568d23f-199e-48ce-91e4-5c166e2e97cd@group-7B72D47A5EF5-SegmentedRaftLogWorker] INFO  impl.RaftServerImpl (ServerState.java:close(385)) - e568d23f-199e-48ce-91e4-5c166e2e97cd@group-7B72D47A5EF5: closes. applyIndex: -1
2019-09-25 07:05:07,585 [e568d23f-199e-48ce-91e4-5c166e2e97cd@group-F05F9C076728-SegmentedRaftLogWorker] INFO  segmented.SegmentedRaftLogWorker (SegmentedRaftLogWorker.java:close(228)) - e568d23f-199e-48ce-91e4-5c166e2e97cd@group-F05F9C076728-SegmentedRaftLogWorker close()
2019-09-25 07:05:07,585 [e568d23f-199e-48ce-91e4-5c166e2e97cd@group-7B72D47A5EF5-SegmentedRaftLogWorker] INFO  segmented.SegmentedRaftLogWorker (SegmentedRaftLogWorker.java:close(228)) - e568d23f-199e-48ce-91e4-5c166e2e97cd@group-7B72D47A5EF5-SegmentedRaftLogWorker close()
2019-09-25 07:05:07,585 [62ec8eb9-3ae9-4136-b70a-2caf3716fa7f@group-FFC5433C2152:LeaderElection85] INFO  impl.RoleInfo (RoleInfo.java:updateAndGet(143)) - 62ec8eb9-3ae9-4136-b70a-2caf3716fa7f: start LeaderState
2019-09-25 07:05:07,585 [62ec8eb9-3ae9-4136-b70a-2caf3716fa7f@group-FFC5433C2152:LeaderElection85] INFO  segmented.SegmentedRaftLogWorker (SegmentedRaftLogWorker.java:startLogSegment(380)) - 62ec8eb9-3ae9-4136-b70a-2caf3716fa7f@group-FFC5433C2152-SegmentedRaftLogWorker: Starting segment from index:0
2019-09-25 07:05:07,587 [62ec8eb9-3ae9-4136-b70a-2caf3716fa7f@group-2E596BF0304E:LeaderElection137] INFO  impl.RoleInfo (RoleInfo.java:updateAndGet(143)) - 62ec8eb9-3ae9-4136-b70a-2caf3716fa7f: start LeaderState
2019-09-25 07:05:07,587 [62ec8eb9-3ae9-4136-b70a-2caf3716fa7f@group-2E596BF0304E:LeaderElection137] INFO  segmented.SegmentedRaftLogWorker (SegmentedRaftLogWorker.java:startLogSegment(380)) - 62ec8eb9-3ae9-4136-b70a-2caf3716fa7f@group-2E596BF0304E-SegmentedRaftLogWorker: Starting segment from index:0
2019-09-25 07:05:07,588 [62ec8eb9-3ae9-4136-b70a-2caf3716fa7f@group-E582315BD891:LeaderElection149] INFO  impl.RoleInfo (RoleInfo.java:updateAndGet(143)) - 62ec8eb9-3ae9-4136-b70a-2caf3716fa7f: start LeaderState
2019-09-25 07:05:07,588 [62ec8eb9-3ae9-4136-b70a-2caf3716fa7f@group-E582315BD891:LeaderElection149] INFO  segmented.SegmentedRaftLogWorker (SegmentedRaftLogWorker.java:startLogSegment(380)) - 62ec8eb9-3ae9-4136-b70a-2caf3716fa7f@group-E582315BD891-SegmentedRaftLogWorker: Starting segment from index:0
2019-09-25 07:05:07,590 [24bf2945-a329-4da6-aaf2-23ecd8d462c6@group-23572328021B:LeaderElection146] INFO  impl.RoleInfo (RoleInfo.java:updateAndGet(143)) - 24bf2945-a329-4da6-aaf2-23ecd8d462c6: start LeaderState
2019-09-25 07:05:07,590 [24bf2945-a329-4da6-aaf2-23ecd8d462c6@group-23572328021B:LeaderElection146] INFO  segmented.SegmentedRaftLogWorker (SegmentedRaftLogWorker.java:startLogSegment(380)) - 24bf2945-a329-4da6-aaf2-23ecd8d462c6@group-23572328021B-SegmentedRaftLogWorker: Starting segment from index:0
2019-09-25 07:05:07,593 [e568d23f-199e-48ce-91e4-5c166e2e97cd@group-EC8A69775D8E:LeaderElection124] INFO  impl.RoleInfo (RoleInfo.java:updateAndGet(143)) - e568d23f-199e-48ce-91e4-5c166e2e97cd: start LeaderState
2019-09-25 07:05:07,593 [e568d23f-199e-48ce-91e4-5c166e2e97cd@group-EC8A69775D8E:LeaderElection124] INFO  segmented.SegmentedRaftLogWorker (SegmentedRaftLogWorker.java:startLogSegment(380)) - e568d23f-199e-48ce-91e4-5c166e2e97cd@group-EC8A69775D8E-SegmentedRaftLogWorker: Starting segment from index:0
2019-09-25 07:05:07,594 [62ec8eb9-3ae9-4136-b70a-2caf3716fa7f@group-52492DA1CE05:LeaderElection152] INFO  impl.RoleInfo (RoleInfo.java:updateAndGet(143)) - 62ec8eb9-3ae9-4136-b70a-2caf3716fa7f: start LeaderState
2019-09-25 07:05:07,595 [62ec8eb9-3ae9-4136-b70a-2caf3716fa7f@group-52492DA1CE05:LeaderElection152] INFO  segmented.SegmentedRaftLogWorker (SegmentedRaftLogWorker.java:startLogSegment(380)) - 62ec8eb9-3ae9-4136-b70a-2caf3716fa7f@group-52492DA1CE05-SegmentedRaftLogWorker: Starting segment from index:0
2019-09-25 07:05:07,596 [62ec8eb9-3ae9-4136-b70a-2caf3716fa7f@group-34589095EC66:LeaderElection136] INFO  impl.RoleInfo (RoleInfo.java:updateAndGet(143)) - 62ec8eb9-3ae9-4136-b70a-2caf3716fa7f: start LeaderState
2019-09-25 07:05:07,596 [62ec8eb9-3ae9-4136-b70a-2caf3716fa7f@group-34589095EC66:LeaderElection136] INFO  segmented.SegmentedRaftLogWorker (SegmentedRaftLogWorker.java:startLogSegment(380)) - 62ec8eb9-3ae9-4136-b70a-2caf3716fa7f@group-34589095EC66-SegmentedRaftLogWorker: Starting segment from index:0
2019-09-25 07:05:07,597 [e568d23f-199e-48ce-91e4-5c166e2e97cd@group-8E2ACE353EEA:LeaderElection145] INFO  impl.RoleInfo (RoleInfo.java:updateAndGet(143)) - e568d23f-199e-48ce-91e4-5c166e2e97cd: start LeaderState
2019-09-25 07:05:07,597 [e568d23f-199e-48ce-91e4-5c166e2e97cd@group-8E2ACE353EEA:LeaderElection145] INFO  segmented.SegmentedRaftLogWorker (SegmentedRaftLogWorker.java:startLogSegment(380)) - e568d23f-199e-48ce-91e4-5c166e2e97cd@group-8E2ACE353EEA-SegmentedRaftLogWorker: Starting segment from index:0
2019-09-25 07:05:07,598 [e568d23f-199e-48ce-91e4-5c166e2e97cd@group-9B8AC22ECFDA:LeaderElection129] INFO  impl.RoleInfo (RoleInfo.java:updateAndGet(143)) - e568d23f-199e-48ce-91e4-5c166e2e97cd: start LeaderState
2019-09-25 07:05:07,598 [e568d23f-199e-48ce-91e4-5c166e2e97cd@group-9B8AC22ECFDA:LeaderElection129] INFO  segmented.SegmentedRaftLogWorker (SegmentedRaftLogWorker.java:startLogSegment(380)) - e568d23f-199e-48ce-91e4-5c166e2e97cd@group-9B8AC22ECFDA-SegmentedRaftLogWorker: Starting segment from index:0
2019-09-25 07:05:07,599 [e568d23f-199e-48ce-91e4-5c166e2e97cd@group-927145DE84C6:LeaderElection138] INFO  impl.RoleInfo (RoleInfo.java:updateAndGet(143)) - e568d23f-199e-48ce-91e4-5c166e2e97cd: start LeaderState
2019-09-25 07:05:07,599 [e568d23f-199e-48ce-91e4-5c166e2e97cd@group-927145DE84C6:LeaderElection138] INFO  segmented.SegmentedRaftLogWorker (SegmentedRaftLogWorker.java:startLogSegment(380)) - e568d23f-199e-48ce-91e4-5c166e2e97cd@group-927145DE84C6-SegmentedRaftLogWorker: Starting segment from index:0
2019-09-25 07:05:07,600 [e568d23f-199e-48ce-91e4-5c166e2e97cd@group-712AED870590:LeaderElection133] INFO  impl.RoleInfo (RoleInfo.java:updateAndGet(143)) - e568d23f-199e-48ce-91e4-5c166e2e97cd: start LeaderState
2019-09-25 07:05:07,600 [e568d23f-199e-48ce-91e4-5c166e2e97cd@group-712AED870590:LeaderElection133] INFO  segmented.SegmentedRaftLogWorker (SegmentedRaftLogWorker.java:startLogSegment(380)) - e568d23f-199e-48ce-91e4-5c166e2e97cd@group-712AED870590-SegmentedRaftLogWorker: Starting segment from index:0
2019-09-25 07:05:07,601 [24bf2945-a329-4da6-aaf2-23ecd8d462c6@group-96B88C982F86:LeaderElection135] INFO  impl.RoleInfo (RoleInfo.java:updateAndGet(143)) - 24bf2945-a329-4da6-aaf2-23ecd8d462c6: start LeaderState
2019-09-25 07:05:07,601 [24bf2945-a329-4da6-aaf2-23ecd8d462c6@group-96B88C982F86:LeaderElection135] INFO  segmented.SegmentedRaftLogWorker (SegmentedRaftLogWorker.java:startLogSegment(380)) - 24bf2945-a329-4da6-aaf2-23ecd8d462c6@group-96B88C982F86-SegmentedRaftLogWorker: Starting segment from index:0
2019-09-25 07:05:07,602 [24bf2945-a329-4da6-aaf2-23ecd8d462c6@group-BCAD19D2ACA2:LeaderElection134] INFO  impl.RoleInfo (RoleInfo.java:updateAndGet(143)) - 24bf2945-a329-4da6-aaf2-23ecd8d462c6: start LeaderState
2019-09-25 07:05:07,602 [24bf2945-a329-4da6-aaf2-23ecd8d462c6@group-BCAD19D2ACA2:LeaderElection134] INFO  segmented.SegmentedRaftLogWorker (SegmentedRaftLogWorker.java:startLogSegment(380)) - 24bf2945-a329-4da6-aaf2-23ecd8d462c6@group-BCAD19D2ACA2-SegmentedRaftLogWorker: Starting segment from index:0
2019-09-25 07:05:07,603 [e568d23f-199e-48ce-91e4-5c166e2e97cd@group-3E36BA650D7B:LeaderElection132] INFO  impl.RoleInfo (RoleInfo.java:updateAndGet(143)) - e568d23f-199e-48ce-91e4-5c166e2e97cd: start LeaderState
2019-09-25 07:05:07,603 [e568d23f-199e-48ce-91e4-5c166e2e97cd@group-3E36BA650D7B:LeaderElection132] INFO  segmented.SegmentedRaftLogWorker (SegmentedRaftLogWorker.java:startLogSegment(380)) - e568d23f-199e-48ce-91e4-5c166e2e97cd@group-3E36BA650D7B-SegmentedRaftLogWorker: Starting segment from index:0
2019-09-25 07:05:07,604 [62ec8eb9-3ae9-4136-b70a-2caf3716fa7f@group-18831A278447:LeaderElection141] INFO  impl.RoleInfo (RoleInfo.java:updateAndGet(143)) - 62ec8eb9-3ae9-4136-b70a-2caf3716fa7f: start LeaderState
2019-09-25 07:05:07,604 [62ec8eb9-3ae9-4136-b70a-2caf3716fa7f@group-18831A278447:LeaderElection141] INFO  segmented.SegmentedRaftLogWorker (SegmentedRaftLogWorker.java:startLogSegment(380)) - 62ec8eb9-3ae9-4136-b70a-2caf3716fa7f@group-18831A278447-SegmentedRaftLogWorker: Starting segment from index:0
2019-09-25 07:05:07,605 [24bf2945-a329-4da6-aaf2-23ecd8d462c6@group-D2BB2F6B7057:LeaderElection125] INFO  impl.RoleInfo (RoleInfo.java:updateAndGet(143)) - 24bf2945-a329-4da6-aaf2-23ecd8d462c6: start LeaderState
2019-09-25 07:05:07,605 [24bf2945-a329-4da6-aaf2-23ecd8d462c6@group-D2BB2F6B7057:LeaderElection125] INFO  segmented.SegmentedRaftLogWorker (SegmentedRaftLogWorker.java:startLogSegment(380)) - 24bf2945-a329-4da6-aaf2-23ecd8d462c6@group-D2BB2F6B7057-SegmentedRaftLogWorker: Starting segment from index:0
2019-09-25 07:05:07,605 [24bf2945-a329-4da6-aaf2-23ecd8d462c6@group-6CCE13CCC209:LeaderElection126] INFO  impl.RoleInfo (RoleInfo.java:updateAndGet(143)) - 24bf2945-a329-4da6-aaf2-23ecd8d462c6: start LeaderState
2019-09-25 07:05:07,605 [24bf2945-a329-4da6-aaf2-23ecd8d462c6@group-6CCE13CCC209:LeaderElection126] INFO  segmented.SegmentedRaftLogWorker (SegmentedRaftLogWorker.java:startLogSegment(380)) - 24bf2945-a329-4da6-aaf2-23ecd8d462c6@group-6CCE13CCC209-SegmentedRaftLogWorker: Starting segment from index:0
2019-09-25 07:05:07,606 [62ec8eb9-3ae9-4136-b70a-2caf3716fa7f@group-2F45C8EEFF22:LeaderElection128] INFO  impl.RoleInfo (RoleInfo.java:updateAndGet(143)) - 62ec8eb9-3ae9-4136-b70a-2caf3716fa7f: start LeaderState
2019-09-25 07:05:07,606 [62ec8eb9-3ae9-4136-b70a-2caf3716fa7f@group-2F45C8EEFF22:LeaderElection128] INFO  segmented.SegmentedRaftLogWorker (SegmentedRaftLogWorker.java:startLogSegment(380)) - 62ec8eb9-3ae9-4136-b70a-2caf3716fa7f@group-2F45C8EEFF22-SegmentedRaftLogWorker: Starting segment from index:0
2019-09-25 07:05:07,607 [24bf2945-a329-4da6-aaf2-23ecd8d462c6@group-DFD88B075CEC:LeaderElection148] INFO  impl.RoleInfo (RoleInfo.java:updateAndGet(143)) - 24bf2945-a329-4da6-aaf2-23ecd8d462c6: start LeaderState
2019-09-25 07:05:07,607 [24bf2945-a329-4da6-aaf2-23ecd8d462c6@group-DFD88B075CEC:LeaderElection148] INFO  segmented.SegmentedRaftLogWorker (SegmentedRaftLogWorker.java:startLogSegment(380)) - 24bf2945-a329-4da6-aaf2-23ecd8d462c6@group-DFD88B075CEC-SegmentedRaftLogWorker: Starting segment from index:0
2019-09-25 07:05:07,607 [24bf2945-a329-4da6-aaf2-23ecd8d462c6@group-2742ADE52F95:LeaderElection151] INFO  impl.RoleInfo (RoleInfo.java:updateAndGet(143)) - 24bf2945-a329-4da6-aaf2-23ecd8d462c6: start LeaderState
2019-09-25 07:05:07,608 [24bf2945-a329-4da6-aaf2-23ecd8d462c6@group-2742ADE52F95:LeaderElection151] INFO  segmented.SegmentedRaftLogWorker (SegmentedRaftLogWorker.java:startLogSegment(380)) - 24bf2945-a329-4da6-aaf2-23ecd8d462c6@group-2742ADE52F95-SegmentedRaftLogWorker: Starting segment from index:0
2019-09-25 07:05:07,608 [62ec8eb9-3ae9-4136-b70a-2caf3716fa7f@group-8BD09226B55A:LeaderElection147] INFO  impl.RoleInfo (RoleInfo.java:updateAndGet(143)) - 62ec8eb9-3ae9-4136-b70a-2caf3716fa7f: start LeaderState
2019-09-25 07:05:07,608 [62ec8eb9-3ae9-4136-b70a-2caf3716fa7f@group-8BD09226B55A:LeaderElection147] INFO  segmented.SegmentedRaftLogWorker (SegmentedRaftLogWorker.java:startLogSegment(380)) - 62ec8eb9-3ae9-4136-b70a-2caf3716fa7f@group-8BD09226B55A-SegmentedRaftLogWorker: Starting segment from index:0
2019-09-25 07:05:07,608 [62ec8eb9-3ae9-4136-b70a-2caf3716fa7f@group-3A316764445C:LeaderElection144] INFO  impl.RoleInfo (RoleInfo.java:updateAndGet(143)) - 62ec8eb9-3ae9-4136-b70a-2caf3716fa7f: start LeaderState
2019-09-25 07:05:07,608 [62ec8eb9-3ae9-4136-b70a-2caf3716fa7f@group-3A316764445C:LeaderElection144] INFO  segmented.SegmentedRaftLogWorker (SegmentedRaftLogWorker.java:startLogSegment(380)) - 62ec8eb9-3ae9-4136-b70a-2caf3716fa7f@group-3A316764445C-SegmentedRaftLogWorker: Starting segment from index:0
2019-09-25 07:05:07,609 [24bf2945-a329-4da6-aaf2-23ecd8d462c6@group-16D434BC82E0:LeaderElection130] INFO  impl.RoleInfo (RoleInfo.java:updateAndGet(143)) - 24bf2945-a329-4da6-aaf2-23ecd8d462c6: start LeaderState
2019-09-25 07:05:07,609 [24bf2945-a329-4da6-aaf2-23ecd8d462c6@group-16D434BC82E0:LeaderElection130] INFO  segmented.SegmentedRaftLogWorker (SegmentedRaftLogWorker.java:startLogSegment(380)) - 24bf2945-a329-4da6-aaf2-23ecd8d462c6@group-16D434BC82E0-SegmentedRaftLogWorker: Starting segment from index:0
2019-09-25 07:05:07,609 [62ec8eb9-3ae9-4136-b70a-2caf3716fa7f@group-49C0B3A0D615:LeaderElection139] INFO  impl.RoleInfo (RoleInfo.java:updateAndGet(143)) - 62ec8eb9-3ae9-4136-b70a-2caf3716fa7f: start LeaderState
2019-09-25 07:05:07,609 [62ec8eb9-3ae9-4136-b70a-2caf3716fa7f@group-49C0B3A0D615:LeaderElection139] INFO  segmented.SegmentedRaftLogWorker (SegmentedRaftLogWorker.java:startLogSegment(380)) - 62ec8eb9-3ae9-4136-b70a-2caf3716fa7f@group-49C0B3A0D615-SegmentedRaftLogWorker: Starting segment from index:0
2019-09-25 07:05:07,609 [62ec8eb9-3ae9-4136-b70a-2caf3716fa7f@group-DC60A5138291:LeaderElection142] INFO  impl.RoleInfo (RoleInfo.java:updateAndGet(143)) - 62ec8eb9-3ae9-4136-b70a-2caf3716fa7f: start LeaderState
2019-09-25 07:05:07,610 [62ec8eb9-3ae9-4136-b70a-2caf3716fa7f@group-C940C511D282:LeaderElection127] INFO  impl.RoleInfo (RoleInfo.java:updateAndGet(143)) - 62ec8eb9-3ae9-4136-b70a-2caf3716fa7f: start LeaderState
2019-09-25 07:05:07,610 [62ec8eb9-3ae9-4136-b70a-2caf3716fa7f@group-DC60A5138291:LeaderElection142] INFO  segmented.SegmentedRaftLogWorker (SegmentedRaftLogWorker.java:startLogSegment(380)) - 62ec8eb9-3ae9-4136-b70a-2caf3716fa7f@group-DC60A5138291-SegmentedRaftLogWorker: Starting segment from index:0
2019-09-25 07:05:07,610 [e568d23f-199e-48ce-91e4-5c166e2e97cd@group-63D2AA3E0585:LeaderElection143] INFO  impl.RoleInfo (RoleInfo.java:updateAndGet(143)) - e568d23f-199e-48ce-91e4-5c166e2e97cd: start LeaderState
2019-09-25 07:05:07,610 [62ec8eb9-3ae9-4136-b70a-2caf3716fa7f@group-C940C511D282:LeaderElection127] INFO  segmented.SegmentedRaftLogWorker (SegmentedRaftLogWorker.java:startLogSegment(380)) - 62ec8eb9-3ae9-4136-b70a-2caf3716fa7f@group-C940C511D282-SegmentedRaftLogWorker: Starting segment from index:0
2019-09-25 07:05:07,610 [24bf2945-a329-4da6-aaf2-23ecd8d462c6@group-6B6043C7F4B7:LeaderElection140] INFO  impl.RoleInfo (RoleInfo.java:updateAndGet(143)) - 24bf2945-a329-4da6-aaf2-23ecd8d462c6: start LeaderState
2019-09-25 07:05:07,610 [e568d23f-199e-48ce-91e4-5c166e2e97cd@group-63D2AA3E0585:LeaderElection143] INFO  segmented.SegmentedRaftLogWorker (SegmentedRaftLogWorker.java:startLogSegment(380)) - e568d23f-199e-48ce-91e4-5c166e2e97cd@group-63D2AA3E0585-SegmentedRaftLogWorker: Starting segment from index:0
2019-09-25 07:05:07,610 [24bf2945-a329-4da6-aaf2-23ecd8d462c6@group-6B6043C7F4B7:LeaderElection140] INFO  segmented.SegmentedRaftLogWorker (SegmentedRaftLogWorker.java:startLogSegment(380)) - 24bf2945-a329-4da6-aaf2-23ecd8d462c6@group-6B6043C7F4B7-SegmentedRaftLogWorker: Starting segment from index:0
2019-09-25 07:05:07,610 [62ec8eb9-3ae9-4136-b70a-2caf3716fa7f@group-DC60A5138291:LeaderElection142] INFO  impl.RaftServerImpl (ServerState.java:setRaftConf(354)) - 62ec8eb9-3ae9-4136-b70a-2caf3716fa7f@group-DC60A5138291: set configuration 0: [62ec8eb9-3ae9-4136-b70a-2caf3716fa7f:192.168.30.10:44715], old=null at 0
2019-09-25 07:05:07,611 [62ec8eb9-3ae9-4136-b70a-2caf3716fa7f@group-18831A278447:LeaderElection141] INFO  impl.RaftServerImpl (ServerState.java:setRaftConf(354)) - 62ec8eb9-3ae9-4136-b70a-2caf3716fa7f@group-18831A278447: set configuration 0: [62ec8eb9-3ae9-4136-b70a-2caf3716fa7f:192.168.30.10:44715], old=null at 0
2019-09-25 07:05:07,611 [62ec8eb9-3ae9-4136-b70a-2caf3716fa7f@group-C940C511D282:LeaderElection127] INFO  impl.RaftServerImpl (ServerState.java:setRaftConf(354)) - 62ec8eb9-3ae9-4136-b70a-2caf3716fa7f@group-C940C511D282: set configuration 0: [62ec8eb9-3ae9-4136-b70a-2caf3716fa7f:192.168.30.10:44715], old=null at 0
2019-09-25 07:05:07,611 [24bf2945-a329-4da6-aaf2-23ecd8d462c6@group-924297F06423:LeaderElection150] INFO  impl.RoleInfo (RoleInfo.java:updateAndGet(143)) - 24bf2945-a329-4da6-aaf2-23ecd8d462c6: start LeaderState
2019-09-25 07:05:07,611 [e568d23f-199e-48ce-91e4-5c166e2e97cd@group-712AED870590:LeaderElection133] INFO  impl.RaftServerImpl (ServerState.java:setRaftConf(354)) - e568d23f-199e-48ce-91e4-5c166e2e97cd@group-712AED870590: set configuration 0: [e568d23f-199e-48ce-91e4-5c166e2e97cd:192.168.30.10:42827], old=null at 0
2019-09-25 07:05:07,611 [24bf2945-a329-4da6-aaf2-23ecd8d462c6@group-924297F06423:LeaderElection150] INFO  segmented.SegmentedRaftLogWorker (SegmentedRaftLogWorker.java:startLogSegment(380)) - 24bf2945-a329-4da6-aaf2-23ecd8d462c6@group-924297F06423-SegmentedRaftLogWorker: Starting segment from index:0
2019-09-25 07:05:07,612 [62ec8eb9-3ae9-4136-b70a-2caf3716fa7f@group-52492DA1CE05:LeaderElection152] INFO  impl.RaftServerImpl (ServerState.java:setRaftConf(354)) - 62ec8eb9-3ae9-4136-b70a-2caf3716fa7f@group-52492DA1CE05: set configuration 0: [62ec8eb9-3ae9-4136-b70a-2caf3716fa7f:192.168.30.10:44715], old=null at 0
2019-09-25 07:05:07,612 [24bf2945-a329-4da6-aaf2-23ecd8d462c6@group-8D34866092A9:LeaderElection153] INFO  impl.RoleInfo (RoleInfo.java:updateAndGet(143)) - 24bf2945-a329-4da6-aaf2-23ecd8d462c6: start LeaderState
2019-09-25 07:05:11,493 [pool-37-thread-1] INFO  impl.RaftServerImpl (RaftServerImpl.java:start(185)) - 62ec8eb9-3ae9-4136-b70a-2caf3716fa7f@group-F9DD8DFAA4FE: start as a follower, conf=-1: [62ec8eb9-3ae9-4136-b70a-2caf3716fa7f:192.168.30.10:44715], old=null
2019-09-25 07:05:11,493 [24bf2945-a329-4da6-aaf2-23ecd8d462c6@group-8D34866092A9:LeaderElection153] INFO  segmented.SegmentedRaftLogWorker (SegmentedRaftLogWorker.java:startLogSegment(380)) - 24bf2945-a329-4da6-aaf2-23ecd8d462c6@group-8D34866092A9-SegmentedRaftLogWorker: Starting segment from index:0
2019-09-25 07:05:11,493 [62ec8eb9-3ae9-4136-b70a-2caf3716fa7f@group-E582315BD891:LeaderElection149] INFO  impl.RaftServerImpl (ServerState.java:setRaftConf(354)) - 62ec8eb9-3ae9-4136-b70a-2caf3716fa7f@group-E582315BD891: set configuration 0: [62ec8eb9-3ae9-4136-b70a-2caf3716fa7f:192.168.30.10:44715], old=null at 0
2019-09-25 07:05:11,493 [e568d23f-199e-48ce-91e4-5c166e2e97cd@group-FF36E0F90A6A:LeaderElection154] INFO  impl.RoleInfo (RoleInfo.java:updateAndGet(143)) - e568d23f-199e-48ce-91e4-5c166e2e97cd: start LeaderState
2019-09-25 07:05:11,493 [62ec8eb9-3ae9-4136-b70a-2caf3716fa7f@group-E95158996088:LeaderElection155] INFO  impl.RoleInfo (RoleInfo.java:updateAndGet(143)) - 62ec8eb9-3ae9-4136-b70a-2caf3716fa7f: start LeaderState
2019-09-25 07:05:11,492 [24bf2945-a329-4da6-aaf2-23ecd8d462c6@group-FF666133FC8D:LeaderElection84] INFO  impl.RaftServerImpl (ServerState.java:setRaftConf(354)) - 24bf2945-a329-4da6-aaf2-23ecd8d462c6@group-FF666133FC8D: set configuration 0: [24bf2945-a329-4da6-aaf2-23ecd8d462c6:192.168.30.10:42867], old=null at 0
2019-09-25 07:05:11,492 [org.apache.hadoop.util.JvmPauseMonitor$Monitor@73511076] INFO  util.JvmPauseMonitor (JvmPauseMonitor.java:run(205)) - Detected pause in JVM or host machine (eg GC): pause of approximately 3825ms
GC pool 'PS MarkSweep' had collection(s): count=24 time=3980ms
GC pool 'PS Scavenge' had collection(s): count=24 time=193ms
2019-09-25 07:05:08,371 [62ec8eb9-3ae9-4136-b70a-2caf3716fa7f@group-A59A59095A78-SegmentedRaftLogWorker] ERROR segmented.SegmentedRaftLogWorker (SegmentedRaftLogWorker.java:run(323)) - 62ec8eb9-3ae9-4136-b70a-2caf3716fa7f@group-A59A59095A78-SegmentedRaftLogWorker hit exception
java.lang.OutOfMemoryError: Direct buffer memory
	at java.nio.Bits.reserveMemory(Bits.java:666)
	at java.nio.DirectByteBuffer.<init>(DirectByteBuffer.java:123)
	at java.nio.ByteBuffer.allocateDirect(ByteBuffer.java:311)
	at org.apache.ratis.server.raftlog.segmented.BufferedWriteChannel.<init>(BufferedWriteChannel.java:41)
	at org.apache.ratis.server.raftlog.segmented.SegmentedRaftLogOutputStream.<init>(SegmentedRaftLogOutputStream.java:72)
	at org.apache.ratis.server.raftlog.segmented.SegmentedRaftLogWorker$StartLogSegment.execute(SegmentedRaftLogWorker.java:566)
	at org.apache.ratis.server.raftlog.segmented.SegmentedRaftLogWorker.run(SegmentedRaftLogWorker.java:289)
	at java.lang.Thread.run(Thread.java:748)
2019-09-25 07:05:11,495 [24bf2945-a329-4da6-aaf2-23ecd8d462c6@group-96B88C982F86:LeaderElection135] INFO  impl.RaftServerImpl (ServerState.java:setRaftConf(354)) - 24bf2945-a329-4da6-aaf2-23ecd8d462c6@group-96B88C982F86: set configuration 0: [24bf2945-a329-4da6-aaf2-23ecd8d462c6:192.168.30.10:42867], old=null at 0
2019-09-25 07:05:11,495 [e568d23f-199e-48ce-91e4-5c166e2e97cd@group-9B8AC22ECFDA:LeaderElection129] INFO  impl.RaftServerImpl (ServerState.java:setRaftConf(354)) - e568d23f-199e-48ce-91e4-5c166e2e97cd@group-9B8AC22ECFDA: set configuration 0: [e568d23f-199e-48ce-91e4-5c166e2e97cd:192.168.30.10:42827], old=null at 0
2019-09-25 07:05:11,495 [e568d23f-199e-48ce-91e4-5c166e2e97cd@group-8E2ACE353EEA:LeaderElection145] INFO  impl.RaftServerImpl (ServerState.java:setRaftConf(354)) - e568d23f-199e-48ce-91e4-5c166e2e97cd@group-8E2ACE353EEA: set configuration 0: [e568d23f-199e-48ce-91e4-5c166e2e97cd:192.168.30.10:42827], old=null at 0
2019-09-25 07:05:11,495 [62ec8eb9-3ae9-4136-b70a-2caf3716fa7f@group-34589095EC66:LeaderElection136] INFO  impl.RaftServerImpl (ServerState.java:setRaftConf(354)) - 62ec8eb9-3ae9-4136-b70a-2caf3716fa7f@group-34589095EC66: set configuration 0: [62ec8eb9-3ae9-4136-b70a-2caf3716fa7f:192.168.30.10:44715], old=null at 0
2019-09-25 07:05:11,494 [62ec8eb9-3ae9-4136-b70a-2caf3716fa7f@group-E95158996088:LeaderElection155] INFO  segmented.SegmentedRaftLogWorker (SegmentedRaftLogWorker.java:startLogSegment(380)) - 62ec8eb9-3ae9-4136-b70a-2caf3716fa7f@group-E95158996088-SegmentedRaftLogWorker: Starting segment from index:0
2019-09-25 07:05:11,494 [e568d23f-199e-48ce-91e4-5c166e2e97cd@group-FF36E0F90A6A:LeaderElection154] INFO  segmented.SegmentedRaftLogWorker (SegmentedRaftLogWorker.java:startLogSegment(380)) - e568d23f-199e-48ce-91e4-5c166e2e97cd@group-FF36E0F90A6A-SegmentedRaftLogWorker: Starting segment from index:0
2019-09-25 07:05:11,494 [e568d23f-199e-48ce-91e4-5c166e2e97cd@group-EC8A69775D8E:LeaderElection124] INFO  impl.RaftServerImpl (ServerState.java:setRaftConf(354)) - e568d23f-199e-48ce-91e4-5c166e2e97cd@group-EC8A69775D8E: set configuration 0: [e568d23f-199e-48ce-91e4-5c166e2e97cd:192.168.30.10:42827], old=null at 0
2019-09-25 07:05:11,494 [24bf2945-a329-4da6-aaf2-23ecd8d462c6@group-23572328021B:LeaderElection146] INFO  impl.RaftServerImpl (ServerState.java:setRaftConf(354)) - 24bf2945-a329-4da6-aaf2-23ecd8d462c6@group-23572328021B: set configuration 0: [24bf2945-a329-4da6-aaf2-23ecd8d462c6:192.168.30.10:42867], old=null at 0
2019-09-25 07:05:11,494 [62ec8eb9-3ae9-4136-b70a-2caf3716fa7f@group-FFC5433C2152:LeaderElection85] INFO  impl.RaftServerImpl (ServerState.java:setRaftConf(354)) - 62ec8eb9-3ae9-4136-b70a-2caf3716fa7f@group-FFC5433C2152: set configuration 0: [62ec8eb9-3ae9-4136-b70a-2caf3716fa7f:192.168.30.10:44715], old=null at 0
2019-09-25 07:05:11,493 [62ec8eb9-3ae9-4136-b70a-2caf3716fa7f@group-2E596BF0304E:LeaderElection137] INFO  impl.RaftServerImpl (ServerState.java:setRaftConf(354)) - 62ec8eb9-3ae9-4136-b70a-2caf3716fa7f@group-2E596BF0304E: set configuration 0: [62ec8eb9-3ae9-4136-b70a-2caf3716fa7f:192.168.30.10:44715], old=null at 0
2019-09-25 07:05:11,493 [pool-37-thread-1] INFO  impl.RaftServerImpl (RaftServerImpl.java:setRole(174)) - 62ec8eb9-3ae9-4136-b70a-2caf3716fa7f@group-F9DD8DFAA4FE: changes role from      null to FOLLOWER at term 0 for startAsFollower
2019-09-25 07:05:11,498 [62ec8eb9-3ae9-4136-b70a-2caf3716fa7f@group-8BD09226B55A:LeaderElection147] INFO  impl.RaftServerImpl (ServerState.java:setRaftConf(354)) - 62ec8eb9-3ae9-4136-b70a-2caf3716fa7f@group-8BD09226B55A: set configuration 0: [62ec8eb9-3ae9-4136-b70a-2caf3716fa7f:192.168.30.10:44715], old=null at 0
2019-09-25 07:05:11,498 [24bf2945-a329-4da6-aaf2-23ecd8d462c6@group-16D434BC82E0:LeaderElection130] INFO  impl.RaftServerImpl (ServerState.java:setRaftConf(354)) - 24bf2945-a329-4da6-aaf2-23ecd8d462c6@group-16D434BC82E0: set configuration 0: [24bf2945-a329-4da6-aaf2-23ecd8d462c6:192.168.30.10:42867], old=null at 0
2019-09-25 07:05:11,497 [62ec8eb9-3ae9-4136-b70a-2caf3716fa7f@group-3A316764445C:LeaderElection144] INFO  impl.RaftServerImpl (ServerState.java:setRaftConf(354)) - 62ec8eb9-3ae9-4136-b70a-2caf3716fa7f@group-3A316764445C: set configuration 0: [62ec8eb9-3ae9-4136-b70a-2caf3716fa7f:192.168.30.10:44715], old=null at 0
2019-09-25 07:05:11,497 [24bf2945-a329-4da6-aaf2-23ecd8d462c6@group-2742ADE52F95:LeaderElection151] INFO  impl.RaftServerImpl (ServerState.java:setRaftConf(354)) - 24bf2945-a329-4da6-aaf2-23ecd8d462c6@group-2742ADE52F95: set configuration 0: [24bf2945-a329-4da6-aaf2-23ecd8d462c6:192.168.30.10:42867], old=null at 0
2019-09-25 07:05:11,497 [62ec8eb9-3ae9-4136-b70a-2caf3716fa7f@group-2F45C8EEFF22:LeaderElection128] INFO  impl.RaftServerImpl (ServerState.java:setRaftConf(354)) - 62ec8eb9-3ae9-4136-b70a-2caf3716fa7f@group-2F45C8EEFF22: set configuration 0: [62ec8eb9-3ae9-4136-b70a-2caf3716fa7f:192.168.30.10:44715], old=null at 0
2019-09-25 07:05:11,497 [24bf2945-a329-4da6-aaf2-23ecd8d462c6@group-DFD88B075CEC:LeaderElection148] INFO  impl.RaftServerImpl (ServerState.java:setRaftConf(354)) - 24bf2945-a329-4da6-aaf2-23ecd8d462c6@group-DFD88B075CEC: set configuration 0: [24bf2945-a329-4da6-aaf2-23ecd8d462c6:192.168.30.10:42867], old=null at 0
2019-09-25 07:05:11,497 [e568d23f-199e-48ce-91e4-5c166e2e97cd@group-63D2AA3E0585:LeaderElection143] INFO  impl.RaftServerImpl (ServerState.java:setRaftConf(354)) - e568d23f-199e-48ce-91e4-5c166e2e97cd@group-63D2AA3E0585: set configuration 0: [e568d23f-199e-48ce-91e4-5c166e2e97cd:192.168.30.10:42827], old=null at 0
2019-09-25 07:05:11,496 [24bf2945-a329-4da6-aaf2-23ecd8d462c6@group-6CCE13CCC209:LeaderElection126] INFO  impl.RaftServerImpl (ServerState.java:setRaftConf(354)) - 24bf2945-a329-4da6-aaf2-23ecd8d462c6@group-6CCE13CCC209: set configuration 0: [24bf2945-a329-4da6-aaf2-23ecd8d462c6:192.168.30.10:42867], old=null at 0
2019-09-25 07:05:11,496 [e568d23f-199e-48ce-91e4-5c166e2e97cd@group-3E36BA650D7B:LeaderElection132] INFO  impl.RaftServerImpl (ServerState.java:setRaftConf(354)) - e568d23f-199e-48ce-91e4-5c166e2e97cd@group-3E36BA650D7B: set configuration 0: [e568d23f-199e-48ce-91e4-5c166e2e97cd:192.168.30.10:42827], old=null at 0
2019-09-25 07:05:11,496 [e568d23f-199e-48ce-91e4-5c166e2e97cd@group-927145DE84C6:LeaderElection138] INFO  impl.RaftServerImpl (ServerState.java:setRaftConf(354)) - e568d23f-199e-48ce-91e4-5c166e2e97cd@group-927145DE84C6: set configuration 0: [e568d23f-199e-48ce-91e4-5c166e2e97cd:192.168.30.10:42827], old=null at 0
2019-09-25 07:05:11,496 [24bf2945-a329-4da6-aaf2-23ecd8d462c6@group-D2BB2F6B7057:LeaderElection125] INFO  impl.RaftServerImpl (ServerState.java:setRaftConf(354)) - 24bf2945-a329-4da6-aaf2-23ecd8d462c6@group-D2BB2F6B7057: set configuration 0: [24bf2945-a329-4da6-aaf2-23ecd8d462c6:192.168.30.10:42867], old=null at 0
2019-09-25 07:05:11,495 [62ec8eb9-3ae9-4136-b70a-2caf3716fa7f@group-A59A59095A78-SegmentedRaftLogWorker] INFO  impl.RaftServerImpl (RaftServerImpl.java:lambda$shutdown$3(251)) - 62ec8eb9-3ae9-4136-b70a-2caf3716fa7f@group-A59A59095A78: shutdown
2019-09-25 07:05:11,495 [24bf2945-a329-4da6-aaf2-23ecd8d462c6@group-BCAD19D2ACA2:LeaderElection134] INFO  impl.RaftServerImpl (ServerState.java:setRaftConf(354)) - 24bf2945-a329-4da6-aaf2-23ecd8d462c6@group-BCAD19D2ACA2: set configuration 0: [24bf2945-a329-4da6-aaf2-23ecd8d462c6:192.168.30.10:42867], old=null at 0
2019-09-25 07:05:13,708 [62ec8eb9-3ae9-4136-b70a-2caf3716fa7f@group-E95158996088:LeaderElection155] INFO  impl.RaftServerImpl (ServerState.java:setRaftConf(354)) - 62ec8eb9-3ae9-4136-b70a-2caf3716fa7f@group-E95158996088: set configuration 0: [62ec8eb9-3ae9-4136-b70a-2caf3716fa7f:192.168.30.10:44715], old=null at 0
2019-09-25 07:05:13,708 [e568d23f-199e-48ce-91e4-5c166e2e97cd@group-FF36E0F90A6A:LeaderElection154] INFO  impl.RaftServerImpl (ServerState.java:setRaftConf(354)) - e568d23f-199e-48ce-91e4-5c166e2e97cd@group-FF36E0F90A6A: set configuration 0: [e568d23f-199e-48ce-91e4-5c166e2e97cd:192.168.30.10:42827], old=null at 0
2019-09-25 07:05:13,706 [24bf2945-a329-4da6-aaf2-23ecd8d462c6@group-924297F06423:LeaderElection150] INFO  impl.RaftServerImpl (ServerState.java:setRaftConf(354)) - 24bf2945-a329-4da6-aaf2-23ecd8d462c6@group-924297F06423: set configuration 0: [24bf2945-a329-4da6-aaf2-23ecd8d462c6:192.168.30.10:42867], old=null at 0
2019-09-25 07:05:13,702 [24bf2945-a329-4da6-aaf2-23ecd8d462c6@group-EA13F692BD94-SegmentedRaftLogWorker] ERROR segmented.SegmentedRaftLogWorker (SegmentedRaftLogWorker.java:run(323)) - 24bf2945-a329-4da6-aaf2-23ecd8d462c6@group-EA13F692BD94-SegmentedRaftLogWorker hit exception
java.lang.OutOfMemoryError: Direct buffer memory
	at java.nio.Bits.reserveMemory(Bits.java:666)
	at java.nio.DirectByteBuffer.<init>(DirectByteBuffer.java:123)
	at java.nio.ByteBuffer.allocateDirect(ByteBuffer.java:311)
	at org.apache.ratis.server.raftlog.segmented.BufferedWriteChannel.<init>(BufferedWriteChannel.java:41)
	at org.apache.ratis.server.raftlog.segmented.SegmentedRaftLogOutputStream.<init>(SegmentedRaftLogOutputStream.java:72)
	at org.apache.ratis.server.raftlog.segmented.SegmentedRaftLogWorker$StartLogSegment.execute(SegmentedRaftLogWorker.java:566)
	at org.apache.ratis.server.raftlog.segmented.SegmentedRaftLogWorker.run(SegmentedRaftLogWorker.java:289)
	at java.lang.Thread.run(Thread.java:748)
2019-09-25 07:05:13,710 [24bf2945-a329-4da6-aaf2-23ecd8d462c6@group-EA13F692BD94-SegmentedRaftLogWorker] INFO  impl.RaftServerImpl (RaftServerImpl.java:lambda$shutdown$3(251)) - 24bf2945-a329-4da6-aaf2-23ecd8d462c6@group-EA13F692BD94: shutdown
2019-09-25 07:05:13,477 [org.apache.hadoop.util.JvmPauseMonitor$Monitor@73511076] INFO  util.JvmPauseMonitor (JvmPauseMonitor.java:run(205)) - Detected pause in JVM or host machine (eg GC): pause of approximately 1481ms
GC pool 'PS MarkSweep' had collection(s): count=10 time=1817ms
GC pool 'PS Scavenge' had collection(s): count=10 time=74ms
2019-09-25 07:05:13,477 [Thread-976] WARN  util.JavaUtils (JavaUtils.java:sleep(250)) - Unexpected long sleep: sleep(5142ms) actually took 6542ms which is over the threshold 300ms
2019-09-25 07:05:13,476 [Thread-975] WARN  util.JavaUtils (JavaUtils.java:sleep(250)) - Unexpected long sleep: sleep(5173ms) actually took 6542ms which is over the threshold 300ms
2019-09-25 07:05:13,111 [24bf2945-a329-4da6-aaf2-23ecd8d462c6@group-134481B225CC:LeaderElection83] INFO  impl.RaftServerImpl (ServerState.java:setRaftConf(354)) - 24bf2945-a329-4da6-aaf2-23ecd8d462c6@group-134481B225CC: set configuration 0: [24bf2945-a329-4da6-aaf2-23ecd8d462c6:192.168.30.10:42867], old=null at 0
2019-09-25 07:05:13,110 [org.apache.hadoop.util.JvmPauseMonitor$Monitor@3ae75b6e] INFO  util.JvmPauseMonitor (JvmPauseMonitor.java:run(205)) - Detected pause in JVM or host machine (eg GC): pause of approximately 5256ms
GC pool 'PS MarkSweep' had collection(s): count=31 time=5296ms
GC pool 'PS Scavenge' had collection(s): count=31 time=244ms
2019-09-25 07:05:13,110 [org.apache.hadoop.util.JvmPauseMonitor$Monitor@4f423fc0] INFO  util.JvmPauseMonitor (JvmPauseMonitor.java:run(205)) - Detected pause in JVM or host machine (eg GC): pause of approximately 5256ms
GC pool 'PS MarkSweep' had collection(s): count=31 time=5296ms
GC pool 'PS Scavenge' had collection(s): count=31 time=244ms
2019-09-25 07:05:13,110 [org.apache.hadoop.util.JvmPauseMonitor$Monitor@5f3d8ba0] INFO  util.JvmPauseMonitor (JvmPauseMonitor.java:run(205)) - Detected pause in JVM or host machine (eg GC): pause of approximately 5256ms
GC pool 'PS MarkSweep' had collection(s): count=31 time=5296ms
GC pool 'PS Scavenge' had collection(s): count=31 time=244ms
2019-09-25 07:05:12,506 [RATISCREATEPIPELINE1] ERROR pipeline.RatisPipelineProvider (RatisPipelineProvider.java:lambda$null$2(181)) - Failed invoke Ratis rpc org.apache.hadoop.hdds.scm.pipeline.RatisPipelineProvider$$Lambda$179/98052779@5080285d for 24bf2945-a329-4da6-aaf2-23ecd8d462c6
org.apache.ratis.protocol.TimeoutIOException: deadline exceeded after 2996827624ns
	at org.apache.ratis.grpc.GrpcUtil.tryUnwrapException(GrpcUtil.java:82)
	at org.apache.ratis.grpc.GrpcUtil.unwrapException(GrpcUtil.java:75)
	at org.apache.ratis.grpc.client.GrpcClientProtocolClient.blockingCall(GrpcClientProtocolClient.java:178)
	at org.apache.ratis.grpc.client.GrpcClientProtocolClient.groupAdd(GrpcClientProtocolClient.java:147)
	at org.apache.ratis.grpc.client.GrpcClientRpc.sendRequest(GrpcClientRpc.java:94)
	at org.apache.ratis.client.impl.RaftClientImpl.sendRequest(RaftClientImpl.java:278)
	at org.apache.ratis.client.impl.RaftClientImpl.groupAdd(RaftClientImpl.java:205)
	at org.apache.hadoop.hdds.scm.pipeline.RatisPipelineProvider.lambda$initializePipeline$1(RatisPipelineProvider.java:142)
	at org.apache.hadoop.hdds.scm.pipeline.RatisPipelineProvider.lambda$null$2(RatisPipelineProvider.java:177)
	at java.util.stream.ForEachOps$ForEachOp$OfRef.accept(ForEachOps.java:184)
	at java.util.ArrayList$ArrayListSpliterator.forEachRemaining(ArrayList.java:1382)
	at java.util.stream.AbstractPipeline.copyInto(AbstractPipeline.java:482)
	at java.util.stream.ForEachOps$ForEachTask.compute(ForEachOps.java:291)
	at java.util.concurrent.CountedCompleter.exec(CountedCompleter.java:731)
	at java.util.concurrent.ForkJoinTask.doExec(ForkJoinTask.java:289)
	at java.util.concurrent.ForkJoinTask.doInvoke(ForkJoinTask.java:401)
	at java.util.concurrent.ForkJoinTask.invoke(ForkJoinTask.java:734)
	at java.util.stream.ForEachOps$ForEachOp.evaluateParallel(ForEachOps.java:160)
	at java.util.stream.ForEachOps$ForEachOp$OfRef.evaluateParallel(ForEachOps.java:174)
	at java.util.stream.AbstractPipeline.evaluate(AbstractPipeline.java:233)
	at java.util.stream.ReferencePipeline.forEach(ReferencePipeline.java:418)
	at java.util.stream.ReferencePipeline$Head.forEach(ReferencePipeline.java:583)
	at org.apache.hadoop.hdds.scm.pipeline.RatisPipelineProvider.lambda$callRatisRpc$3(RatisPipelineProvider.java:171)
	at java.util.concurrent.ForkJoinTask$AdaptedRunnableAction.exec(ForkJoinTask.java:1386)
	at java.util.concurrent.ForkJoinTask.doExec(ForkJoinTask.java:289)
	at java.util.concurrent.ForkJoinPool$WorkQueue.runTask(ForkJoinPool.java:1056)
	at java.util.concurrent.ForkJoinPool.runWorker(ForkJoinPool.java:1692)
	at java.util.concurrent.ForkJoinWorkerThread.run(ForkJoinWorkerThread.java:157)
Caused by: org.apache.ratis.thirdparty.io.grpc.StatusRuntimeException: DEADLINE_EXCEEDED: deadline exceeded after 2996827624ns
	at org.apache.ratis.thirdparty.io.grpc.stub.ClientCalls.toStatusRuntimeException(ClientCalls.java:233)
	at org.apache.ratis.thirdparty.io.grpc.stub.ClientCalls.getUnchecked(ClientCalls.java:214)
	at org.apache.ratis.thirdparty.io.grpc.stub.ClientCalls.blockingUnaryCall(ClientCalls.java:139)
	at org.apache.ratis.proto.grpc.AdminProtocolServiceGrpc$AdminProtocolServiceBlockingStub.groupManagement(AdminProtocolServiceGrpc.java:274)
	at org.apache.ratis.grpc.client.GrpcClientProtocolClient.lambda$groupAdd$3(GrpcClientProtocolClient.java:149)
	at org.apache.ratis.grpc.client.GrpcClientProtocolClient.blockingCall(GrpcClientProtocolClient.java:176)
	... 25 more
2019-09-25 07:05:12,505 [RATISCREATEPIPELINE2] ERROR pipeline.RatisPipelineProvider (RatisPipelineProvider.java:lambda$null$2(181)) - Failed invoke Ratis rpc org.apache.hadoop.hdds.scm.pipeline.RatisPipelineProvider$$Lambda$179/98052779@5080285d for 62ec8eb9-3ae9-4136-b70a-2caf3716fa7f
org.apache.ratis.protocol.TimeoutIOException: deadline exceeded after 2996827627ns
	at org.apache.ratis.grpc.GrpcUtil.tryUnwrapException(GrpcUtil.java:82)
	at org.apache.ratis.grpc.GrpcUtil.unwrapException(GrpcUtil.java:75)
	at org.apache.ratis.grpc.client.GrpcClientProtocolClient.blockingCall(GrpcClientProtocolClient.java:178)
	at org.apache.ratis.grpc.client.GrpcClientProtocolClient.groupAdd(GrpcClientProtocolClient.java:147)
	at org.apache.ratis.grpc.client.GrpcClientRpc.sendRequest(GrpcClientRpc.java:94)
	at org.apache.ratis.client.impl.RaftClientImpl.sendRequest(RaftClientImpl.java:278)
	at org.apache.ratis.client.impl.RaftClientImpl.groupAdd(RaftClientImpl.java:205)
	at org.apache.hadoop.hdds.scm.pipeline.RatisPipelineProvider.lambda$initializePipeline$1(RatisPipelineProvider.java:142)
	at org.apache.hadoop.hdds.scm.pipeline.RatisPipelineProvider.lambda$null$2(RatisPipelineProvider.java:177)
	at java.util.stream.ForEachOps$ForEachOp$OfRef.accept(ForEachOps.java:184)
	at java.util.ArrayList$ArrayListSpliterator.forEachRemaining(ArrayList.java:1382)
	at java.util.stream.AbstractPipeline.copyInto(AbstractPipeline.java:482)
	at java.util.stream.ForEachOps$ForEachTask.compute(ForEachOps.java:291)
	at java.util.concurrent.CountedCompleter.exec(CountedCompleter.java:731)
	at java.util.concurrent.ForkJoinTask.doExec(ForkJoinTask.java:289)
	at java.util.concurrent.ForkJoinPool$WorkQueue.runTask(ForkJoinPool.java:1056)
	at java.util.concurrent.ForkJoinPool.runWorker(ForkJoinPool.java:1692)
	at java.util.concurrent.ForkJoinWorkerThread.run(ForkJoinWorkerThread.java:157)
Caused by: org.apache.ratis.thirdparty.io.grpc.StatusRuntimeException: DEADLINE_EXCEEDED: deadline exceeded after 2996827627ns
	at org.apache.ratis.thirdparty.io.grpc.stub.ClientCalls.toStatusRuntimeException(ClientCalls.java:233)
	at org.apache.ratis.thirdparty.io.grpc.stub.ClientCalls.getUnchecked(ClientCalls.java:214)
	at org.apache.ratis.thirdparty.io.grpc.stub.ClientCalls.blockingUnaryCall(ClientCalls.java:139)
	at org.apache.ratis.proto.grpc.AdminProtocolServiceGrpc$AdminProtocolServiceBlockingStub.groupManagement(AdminProtocolServiceGrpc.java:274)
	at org.apache.ratis.grpc.client.GrpcClientProtocolClient.lambda$groupAdd$3(GrpcClientProtocolClient.java:149)
	at org.apache.ratis.grpc.client.GrpcClientProtocolClient.blockingCall(GrpcClientProtocolClient.java:176)
	... 15 more
2019-09-25 07:05:12,505 [RATISCREATEPIPELINE3] ERROR pipeline.RatisPipelineProvider (RatisPipelineProvider.java:lambda$null$2(181)) - Failed invoke Ratis rpc org.apache.hadoop.hdds.scm.pipeline.RatisPipelineProvider$$Lambda$179/98052779@5080285d for e568d23f-199e-48ce-91e4-5c166e2e97cd
org.apache.ratis.protocol.TimeoutIOException: deadline exceeded after 2996708743ns
	at org.apache.ratis.grpc.GrpcUtil.tryUnwrapException(GrpcUtil.java:82)
	at org.apache.ratis.grpc.GrpcUtil.unwrapException(GrpcUtil.java:75)
	at org.apache.ratis.grpc.client.GrpcClientProtocolClient.blockingCall(GrpcClientProtocolClient.java:178)
	at org.apache.ratis.grpc.client.GrpcClientProtocolClient.groupAdd(GrpcClientProtocolClient.java:147)
	at org.apache.ratis.grpc.client.GrpcClientRpc.sendRequest(GrpcClientRpc.java:94)
	at org.apache.ratis.client.impl.RaftClientImpl.sendRequest(RaftClientImpl.java:278)
	at org.apache.ratis.client.impl.RaftClientImpl.groupAdd(RaftClientImpl.java:205)
	at org.apache.hadoop.hdds.scm.pipeline.RatisPipelineProvider.lambda$initializePipeline$1(RatisPipelineProvider.java:142)
	at org.apache.hadoop.hdds.scm.pipeline.RatisPipelineProvider.lambda$null$2(RatisPipelineProvider.java:177)
	at java.util.stream.ForEachOps$ForEachOp$OfRef.accept(ForEachOps.java:184)
	at java.util.ArrayList$ArrayListSpliterator.forEachRemaining(ArrayList.java:1382)
	at java.util.stream.AbstractPipeline.copyInto(AbstractPipeline.java:482)
	at java.util.stream.ForEachOps$ForEachTask.compute(ForEachOps.java:291)
	at java.util.concurrent.CountedCompleter.exec(CountedCompleter.java:731)
	at java.util.concurrent.ForkJoinTask.doExec(ForkJoinTask.java:289)
	at java.util.concurrent.ForkJoinPool$WorkQueue.runTask(ForkJoinPool.java:1056)
	at java.util.concurrent.ForkJoinPool.runWorker(ForkJoinPool.java:1692)
	at java.util.concurrent.ForkJoinWorkerThread.run(ForkJoinWorkerThread.java:157)
Caused by: org.apache.ratis.thirdparty.io.grpc.StatusRuntimeException: DEADLINE_EXCEEDED: deadline exceeded after 2996708743ns
	at org.apache.ratis.thirdparty.io.grpc.stub.ClientCalls.toStatusRuntimeException(ClientCalls.java:233)
	at org.apache.ratis.thirdparty.io.grpc.stub.ClientCalls.getUnchecked(ClientCalls.java:214)
	at org.apache.ratis.thirdparty.io.grpc.stub.ClientCalls.blockingUnaryCall(ClientCalls.java:139)
	at org.apache.ratis.proto.grpc.AdminProtocolServiceGrpc$AdminProtocolServiceBlockingStub.groupManagement(AdminProtocolServiceGrpc.java:274)
	at org.apache.ratis.grpc.client.GrpcClientProtocolClient.lambda$groupAdd$3(GrpcClientProtocolClient.java:149)
	at org.apache.ratis.grpc.client.GrpcClientProtocolClient.blockingCall(GrpcClientProtocolClient.java:176)
	... 15 more
2019-09-25 07:05:11,499 [24bf2945-a329-4da6-aaf2-23ecd8d462c6@group-6B6043C7F4B7:LeaderElection140] INFO  impl.RaftServerImpl (ServerState.java:setRaftConf(354)) - 24bf2945-a329-4da6-aaf2-23ecd8d462c6@group-6B6043C7F4B7: set configuration 0: [24bf2945-a329-4da6-aaf2-23ecd8d462c6:192.168.30.10:42867], old=null at 0
2019-09-25 07:05:11,499 [62ec8eb9-3ae9-4136-b70a-2caf3716fa7f@group-49C0B3A0D615:LeaderElection139] INFO  impl.RaftServerImpl (ServerState.java:setRaftConf(354)) - 62ec8eb9-3ae9-4136-b70a-2caf3716fa7f@group-49C0B3A0D615: set configuration 0: [62ec8eb9-3ae9-4136-b70a-2caf3716fa7f:192.168.30.10:44715], old=null at 0
2019-09-25 07:05:11,498 [pool-37-thread-1] INFO  impl.RoleInfo (RoleInfo.java:updateAndGet(143)) - 62ec8eb9-3ae9-4136-b70a-2caf3716fa7f: start FollowerState
2019-09-25 07:05:13,710 [24bf2945-a329-4da6-aaf2-23ecd8d462c6@group-EA13F692BD94-SegmentedRaftLogWorker] INFO  util.JmxRegister (JmxRegister.java:unregister(73)) - Successfully un-registered JMX Bean with object name Ratis:service=RaftServer,group=group-EA13F692BD94,id=24bf2945-a329-4da6-aaf2-23ecd8d462c6
2019-09-25 07:05:13,715 [24bf2945-a329-4da6-aaf2-23ecd8d462c6@group-EA13F692BD94-SegmentedRaftLogWorker] INFO  impl.RoleInfo (RoleInfo.java:shutdownLeaderState(104)) - 24bf2945-a329-4da6-aaf2-23ecd8d462c6: shutdown LeaderState
2019-09-25 07:05:13,709 [62ec8eb9-3ae9-4136-b70a-2caf3716fa7f@group-A59A59095A78-SegmentedRaftLogWorker] INFO  util.JmxRegister (JmxRegister.java:unregister(73)) - Successfully un-registered JMX Bean with object name Ratis:service=RaftServer,group=group-A59A59095A78,id=62ec8eb9-3ae9-4136-b70a-2caf3716fa7f
2019-09-25 07:05:13,715 [24bf2945-a329-4da6-aaf2-23ecd8d462c6@group-EA13F692BD94-SegmentedRaftLogWorker] INFO  impl.PendingRequests (PendingRequests.java:sendNotLeaderResponses(202)) - 24bf2945-a329-4da6-aaf2-23ecd8d462c6-PendingRequests: sendNotLeaderResponses
2019-09-25 07:05:13,716 [62ec8eb9-3ae9-4136-b70a-2caf3716fa7f@group-A59A59095A78-SegmentedRaftLogWorker] INFO  impl.RoleInfo (RoleInfo.java:shutdownLeaderState(104)) - 62ec8eb9-3ae9-4136-b70a-2caf3716fa7f: shutdown LeaderState
2019-09-25 07:05:13,716 [62ec8eb9-3ae9-4136-b70a-2caf3716fa7f@group-A59A59095A78-SegmentedRaftLogWorker] INFO  impl.PendingRequests (PendingRequests.java:sendNotLeaderResponses(202)) - 62ec8eb9-3ae9-4136-b70a-2caf3716fa7f-PendingRequests: sendNotLeaderResponses
2019-09-25 07:05:13,716 [24bf2945-a329-4da6-aaf2-23ecd8d462c6@group-EA13F692BD94-SegmentedRaftLogWorker] INFO  impl.StateMachineUpdater (StateMachineUpdater.java:stopAndJoin(125)) - 24bf2945-a329-4da6-aaf2-23ecd8d462c6@group-EA13F692BD94-StateMachineUpdater: set stopIndex = -1
2019-09-25 07:05:13,716 [62ec8eb9-3ae9-4136-b70a-2caf3716fa7f@group-A59A59095A78-SegmentedRaftLogWorker] INFO  impl.StateMachineUpdater (StateMachineUpdater.java:stopAndJoin(125)) - 62ec8eb9-3ae9-4136-b70a-2caf3716fa7f@group-A59A59095A78-StateMachineUpdater: set stopIndex = -1
2019-09-25 07:05:13,716 [24bf2945-a329-4da6-aaf2-23ecd8d462c6@group-EA13F692BD94-SegmentedRaftLogWorker] INFO  impl.RaftServerImpl (ServerState.java:close(385)) - 24bf2945-a329-4da6-aaf2-23ecd8d462c6@group-EA13F692BD94: closes. applyIndex: -1
2019-09-25 07:05:13,717 [62ec8eb9-3ae9-4136-b70a-2caf3716fa7f@group-A59A59095A78-SegmentedRaftLogWorker] INFO  impl.RaftServerImpl (ServerState.java:close(385)) - 62ec8eb9-3ae9-4136-b70a-2caf3716fa7f@group-A59A59095A78: closes. applyIndex: -1
2019-09-25 07:05:13,717 [24bf2945-a329-4da6-aaf2-23ecd8d462c6@group-EA13F692BD94-SegmentedRaftLogWorker] INFO  segmented.SegmentedRaftLogWorker (SegmentedRaftLogWorker.java:close(228)) - 24bf2945-a329-4da6-aaf2-23ecd8d462c6@group-EA13F692BD94-SegmentedRaftLogWorker close()
2019-09-25 07:05:13,717 [62ec8eb9-3ae9-4136-b70a-2caf3716fa7f@group-A59A59095A78-SegmentedRaftLogWorker] INFO  segmented.SegmentedRaftLogWorker (SegmentedRaftLogWorker.java:close(228)) - 62ec8eb9-3ae9-4136-b70a-2caf3716fa7f@group-A59A59095A78-SegmentedRaftLogWorker close()
2019-09-25 07:05:13,959 [RatisPipelineUtilsThread] ERROR pipeline.SCMPipelineManager (SCMPipelineManager.java:createPipeline(167)) - Pipeline creation failed due to exception: 3 exceptions [java.io.IOException: Failed invoke Ratis rpc org.apache.hadoop.hdds.scm.pipeline.RatisPipelineProvider$$Lambda$179/98052779@5080285d for 24bf2945-a329-4da6-aaf2-23ecd8d462c6, java.io.IOException: Failed invoke Ratis rpc org.apache.hadoop.hdds.scm.pipeline.RatisPipelineProvider$$Lambda$179/98052779@5080285d for 62ec8eb9-3ae9-4136-b70a-2caf3716fa7f, java.io.IOException: Failed invoke Ratis rpc org.apache.hadoop.hdds.scm.pipeline.RatisPipelineProvider$$Lambda$179/98052779@5080285d for e568d23f-199e-48ce-91e4-5c166e2e97cd]
2019-09-25 07:05:13,960 [24bf2945-a329-4da6-aaf2-23ecd8d462c6@group-8D34866092A9:LeaderElection153] INFO  impl.RaftServerImpl (ServerState.java:setRaftConf(354)) - 24bf2945-a329-4da6-aaf2-23ecd8d462c6@group-8D34866092A9: set configuration 0: [24bf2945-a329-4da6-aaf2-23ecd8d462c6:192.168.30.10:42867], old=null at 0
2019-09-25 07:05:13,962 [62ec8eb9-3ae9-4136-b70a-2caf3716fa7f@group-F92EA15D7072-SegmentedRaftLogWorker] ERROR segmented.SegmentedRaftLogWorker (SegmentedRaftLogWorker.java:run(323)) - 62ec8eb9-3ae9-4136-b70a-2caf3716fa7f@group-F92EA15D7072-SegmentedRaftLogWorker hit exception
java.lang.OutOfMemoryError: Direct buffer memory
	at java.nio.Bits.reserveMemory(Bits.java:666)
	at java.nio.DirectByteBuffer.<init>(DirectByteBuffer.java:123)
	at java.nio.ByteBuffer.allocateDirect(ByteBuffer.java:311)
	at org.apache.ratis.server.raftlog.segmented.BufferedWriteChannel.<init>(BufferedWriteChannel.java:41)
	at org.apache.ratis.server.raftlog.segmented.SegmentedRaftLogOutputStream.<init>(SegmentedRaftLogOutputStream.java:72)
	at org.apache.ratis.server.raftlog.segmented.SegmentedRaftLogWorker$StartLogSegment.execute(SegmentedRaftLogWorker.java:566)
	at org.apache.ratis.server.raftlog.segmented.SegmentedRaftLogWorker.run(SegmentedRaftLogWorker.java:289)
	at java.lang.Thread.run(Thread.java:748)
2019-09-25 07:05:13,966 [62ec8eb9-3ae9-4136-b70a-2caf3716fa7f@group-F92EA15D7072-SegmentedRaftLogWorker] INFO  impl.RaftServerImpl (RaftServerImpl.java:lambda$shutdown$3(251)) - 62ec8eb9-3ae9-4136-b70a-2caf3716fa7f@group-F92EA15D7072: shutdown
2019-09-25 07:05:13,962 [62ec8eb9-3ae9-4136-b70a-2caf3716fa7f@group-5534E370F072-SegmentedRaftLogWorker] ERROR segmented.SegmentedRaftLogWorker (SegmentedRaftLogWorker.java:run(323)) - 62ec8eb9-3ae9-4136-b70a-2caf3716fa7f@group-5534E370F072-SegmentedRaftLogWorker hit exception
java.lang.OutOfMemoryError: Direct buffer memory
	at java.nio.Bits.reserveMemory(Bits.java:666)
	at java.nio.DirectByteBuffer.<init>(DirectByteBuffer.java:123)
	at java.nio.ByteBuffer.allocateDirect(ByteBuffer.java:311)
	at org.apache.ratis.server.raftlog.segmented.BufferedWriteChannel.<init>(BufferedWriteChannel.java:41)
	at org.apache.ratis.server.raftlog.segmented.SegmentedRaftLogOutputStream.<init>(SegmentedRaftLogOutputStream.java:72)
	at org.apache.ratis.server.raftlog.segmented.SegmentedRaftLogWorker$StartLogSegment.execute(SegmentedRaftLogWorker.java:566)
	at org.apache.ratis.server.raftlog.segmented.SegmentedRaftLogWorker.run(SegmentedRaftLogWorker.java:289)
	at java.lang.Thread.run(Thread.java:748)
2019-09-25 07:05:13,962 [24bf2945-a329-4da6-aaf2-23ecd8d462c6@group-339D99FADD64-SegmentedRaftLogWorker] ERROR segmented.SegmentedRaftLogWorker (SegmentedRaftLogWorker.java:run(323)) - 24bf2945-a329-4da6-aaf2-23ecd8d462c6@group-339D99FADD64-SegmentedRaftLogWorker hit exception
java.lang.OutOfMemoryError: Direct buffer memory
	at java.nio.Bits.reserveMemory(Bits.java:666)
	at java.nio.DirectByteBuffer.<init>(DirectByteBuffer.java:123)
	at java.nio.ByteBuffer.allocateDirect(ByteBuffer.java:311)
	at org.apache.ratis.server.raftlog.segmented.BufferedWriteChannel.<init>(BufferedWriteChannel.java:41)
	at org.apache.ratis.server.raftlog.segmented.SegmentedRaftLogOutputStream.<init>(SegmentedRaftLogOutputStream.java:72)
	at org.apache.ratis.server.raftlog.segmented.SegmentedRaftLogWorker$StartLogSegment.execute(SegmentedRaftLogWorker.java:566)
	at org.apache.ratis.server.raftlog.segmented.SegmentedRaftLogWorker.run(SegmentedRaftLogWorker.java:289)
	at java.lang.Thread.run(Thread.java:748)
2019-09-25 07:05:13,966 [62ec8eb9-3ae9-4136-b70a-2caf3716fa7f@group-5534E370F072-SegmentedRaftLogWorker] INFO  impl.RaftServerImpl (RaftServerImpl.java:lambda$shutdown$3(251)) - 62ec8eb9-3ae9-4136-b70a-2caf3716fa7f@group-5534E370F072: shutdown
2019-09-25 07:05:13,966 [62ec8eb9-3ae9-4136-b70a-2caf3716fa7f@group-F92EA15D7072-SegmentedRaftLogWorker] INFO  util.JmxRegister (JmxRegister.java:unregister(73)) - Successfully un-registered JMX Bean with object name Ratis:service=RaftServer,group=group-F92EA15D7072,id=62ec8eb9-3ae9-4136-b70a-2caf3716fa7f
2019-09-25 07:05:13,967 [62ec8eb9-3ae9-4136-b70a-2caf3716fa7f@group-5534E370F072-SegmentedRaftLogWorker] INFO  util.JmxRegister (JmxRegister.java:unregister(73)) - Successfully un-registered JMX Bean with object name Ratis:service=RaftServer,group=group-5534E370F072,id=62ec8eb9-3ae9-4136-b70a-2caf3716fa7f
2019-09-25 07:05:13,967 [24bf2945-a329-4da6-aaf2-23ecd8d462c6@group-339D99FADD64-SegmentedRaftLogWorker] INFO  impl.RaftServerImpl (RaftServerImpl.java:lambda$shutdown$3(251)) - 24bf2945-a329-4da6-aaf2-23ecd8d462c6@group-339D99FADD64: shutdown
2019-09-25 07:05:13,967 [62ec8eb9-3ae9-4136-b70a-2caf3716fa7f@group-5534E370F072-SegmentedRaftLogWorker] INFO  impl.RoleInfo (RoleInfo.java:shutdownLeaderState(104)) - 62ec8eb9-3ae9-4136-b70a-2caf3716fa7f: shutdown LeaderState
2019-09-25 07:05:13,967 [62ec8eb9-3ae9-4136-b70a-2caf3716fa7f@group-F92EA15D7072-SegmentedRaftLogWorker] INFO  impl.RoleInfo (RoleInfo.java:shutdownLeaderState(104)) - 62ec8eb9-3ae9-4136-b70a-2caf3716fa7f: shutdown LeaderState
2019-09-25 07:05:13,968 [62ec8eb9-3ae9-4136-b70a-2caf3716fa7f@group-5534E370F072-SegmentedRaftLogWorker] INFO  impl.PendingRequests (PendingRequests.java:sendNotLeaderResponses(202)) - 62ec8eb9-3ae9-4136-b70a-2caf3716fa7f-PendingRequests: sendNotLeaderResponses
2019-09-25 07:05:13,968 [Thread-974] WARN  util.JavaUtils (JavaUtils.java:sleep(250)) - Unexpected long sleep: sleep(5103ms) actually took 6704ms which is over the threshold 300ms
2019-09-25 07:05:13,967 [24bf2945-a329-4da6-aaf2-23ecd8d462c6@group-339D99FADD64-SegmentedRaftLogWorker] INFO  util.JmxRegister (JmxRegister.java:unregister(73)) - Successfully un-registered JMX Bean with object name Ratis:service=RaftServer,group=group-339D99FADD64,id=24bf2945-a329-4da6-aaf2-23ecd8d462c6
2019-09-25 07:05:13,968 [62ec8eb9-3ae9-4136-b70a-2caf3716fa7f@group-5534E370F072-SegmentedRaftLogWorker] INFO  impl.StateMachineUpdater (StateMachineUpdater.java:stopAndJoin(125)) - 62ec8eb9-3ae9-4136-b70a-2caf3716fa7f@group-5534E370F072-StateMachineUpdater: set stopIndex = -1
2019-09-25 07:05:13,968 [62ec8eb9-3ae9-4136-b70a-2caf3716fa7f@group-F92EA15D7072-SegmentedRaftLogWorker] INFO  impl.PendingRequests (PendingRequests.java:sendNotLeaderResponses(202)) - 62ec8eb9-3ae9-4136-b70a-2caf3716fa7f-PendingRequests: sendNotLeaderResponses
2019-09-25 07:05:13,968 [62ec8eb9-3ae9-4136-b70a-2caf3716fa7f@group-5534E370F072-SegmentedRaftLogWorker] INFO  impl.RaftServerImpl (ServerState.java:close(385)) - 62ec8eb9-3ae9-4136-b70a-2caf3716fa7f@group-5534E370F072: closes. applyIndex: -1
2019-09-25 07:05:13,969 [62ec8eb9-3ae9-4136-b70a-2caf3716fa7f@group-F92EA15D7072-SegmentedRaftLogWorker] INFO  impl.StateMachineUpdater (StateMachineUpdater.java:stopAndJoin(125)) - 62ec8eb9-3ae9-4136-b70a-2caf3716fa7f@group-F92EA15D7072-StateMachineUpdater: set stopIndex = -1
2019-09-25 07:05:13,969 [62ec8eb9-3ae9-4136-b70a-2caf3716fa7f@group-5534E370F072-SegmentedRaftLogWorker] INFO  segmented.SegmentedRaftLogWorker (SegmentedRaftLogWorker.java:close(228)) - 62ec8eb9-3ae9-4136-b70a-2caf3716fa7f@group-5534E370F072-SegmentedRaftLogWorker close()
2019-09-25 07:05:13,968 [24bf2945-a329-4da6-aaf2-23ecd8d462c6@group-339D99FADD64-SegmentedRaftLogWorker] INFO  impl.RoleInfo (RoleInfo.java:shutdownLeaderState(104)) - 24bf2945-a329-4da6-aaf2-23ecd8d462c6: shutdown LeaderState
2019-09-25 07:05:13,969 [24bf2945-a329-4da6-aaf2-23ecd8d462c6@group-339D99FADD64-SegmentedRaftLogWorker] INFO  impl.PendingRequests (PendingRequests.java:sendNotLeaderResponses(202)) - 24bf2945-a329-4da6-aaf2-23ecd8d462c6-PendingRequests: sendNotLeaderResponses
2019-09-25 07:05:13,969 [62ec8eb9-3ae9-4136-b70a-2caf3716fa7f@group-F92EA15D7072-SegmentedRaftLogWorker] INFO  impl.RaftServerImpl (ServerState.java:close(385)) - 62ec8eb9-3ae9-4136-b70a-2caf3716fa7f@group-F92EA15D7072: closes. applyIndex: -1
2019-09-25 07:05:13,970 [24bf2945-a329-4da6-aaf2-23ecd8d462c6@group-339D99FADD64-SegmentedRaftLogWorker] INFO  impl.StateMachineUpdater (StateMachineUpdater.java:stopAndJoin(125)) - 24bf2945-a329-4da6-aaf2-23ecd8d462c6@group-339D99FADD64-StateMachineUpdater: set stopIndex = -1
2019-09-25 07:05:13,980 [pool-37-thread-1] INFO  util.JmxRegister (JmxRegister.java:tryRegister(44)) - Successfully registered JMX Bean with object name Ratis:service=RaftServer,group=group-F9DD8DFAA4FE,id=62ec8eb9-3ae9-4136-b70a-2caf3716fa7f
2019-09-25 07:05:13,975 [62ec8eb9-3ae9-4136-b70a-2caf3716fa7f@group-F92EA15D7072-SegmentedRaftLogWorker] INFO  segmented.SegmentedRaftLogWorker (SegmentedRaftLogWorker.java:close(228)) - 62ec8eb9-3ae9-4136-b70a-2caf3716fa7f@group-F92EA15D7072-SegmentedRaftLogWorker close()
2019-09-25 07:05:13,980 [24bf2945-a329-4da6-aaf2-23ecd8d462c6@group-339D99FADD64-SegmentedRaftLogWorker] INFO  impl.RaftServerImpl (ServerState.java:close(385)) - 24bf2945-a329-4da6-aaf2-23ecd8d462c6@group-339D99FADD64: closes. applyIndex: -1
2019-09-25 07:05:13,989 [24bf2945-a329-4da6-aaf2-23ecd8d462c6@group-339D99FADD64-SegmentedRaftLogWorker] INFO  segmented.SegmentedRaftLogWorker (SegmentedRaftLogWorker.java:close(228)) - 24bf2945-a329-4da6-aaf2-23ecd8d462c6@group-339D99FADD64-SegmentedRaftLogWorker close()
2019-09-25 07:05:14,001 [main] ERROR pipeline.PipelineActionHandler (PipelineActionHandler.java:onMessage(60)) - Received pipeline action CLOSE for Pipeline[ Id: c5365a16-8bdd-4ee9-8016-258fc0da5c42, Nodes: 62ec8eb9-3ae9-4136-b70a-2caf3716fa7f{ip: 192.168.30.10, host: pr-hdds-1569-s62bp-3040748787, networkLocation: /default-rack, certSerialId: null}24bf2945-a329-4da6-aaf2-23ecd8d462c6{ip: 192.168.30.10, host: pr-hdds-1569-s62bp-3040748787, networkLocation: /default-rack, certSerialId: null}e568d23f-199e-48ce-91e4-5c166e2e97cd{ip: 192.168.30.10, host: pr-hdds-1569-s62bp-3040748787, networkLocation: /default-rack, certSerialId: null}, Type:RATIS, Factor:THREE, State:OPEN] from datanode 62ec8eb9-3ae9-4136-b70a-2caf3716fa7f{ip: 192.168.30.10, host: pr-hdds-1569-s62bp-3040748787, networkLocation: /default-rack, certSerialId: null}. Reason : 
2019-09-25 07:05:14,001 [main] INFO  pipeline.SCMPipelineManager (SCMPipelineManager.java:finalizeAndDestroyPipeline(317)) - destroying pipeline:Pipeline[ Id: c5365a16-8bdd-4ee9-8016-258fc0da5c42, Nodes: 62ec8eb9-3ae9-4136-b70a-2caf3716fa7f{ip: 192.168.30.10, host: pr-hdds-1569-s62bp-3040748787, networkLocation: /default-rack, certSerialId: null}24bf2945-a329-4da6-aaf2-23ecd8d462c6{ip: 192.168.30.10, host: pr-hdds-1569-s62bp-3040748787, networkLocation: /default-rack, certSerialId: null}e568d23f-199e-48ce-91e4-5c166e2e97cd{ip: 192.168.30.10, host: pr-hdds-1569-s62bp-3040748787, networkLocation: /default-rack, certSerialId: null}, Type:RATIS, Factor:THREE, State:OPEN]
2019-09-25 07:05:14,002 [main] INFO  pipeline.PipelineStateManager (PipelineStateManager.java:finalizePipeline(123)) - Pipeline Pipeline[ Id: c5365a16-8bdd-4ee9-8016-258fc0da5c42, Nodes: 62ec8eb9-3ae9-4136-b70a-2caf3716fa7f{ip: 192.168.30.10, host: pr-hdds-1569-s62bp-3040748787, networkLocation: /default-rack, certSerialId: null}24bf2945-a329-4da6-aaf2-23ecd8d462c6{ip: 192.168.30.10, host: pr-hdds-1569-s62bp-3040748787, networkLocation: /default-rack, certSerialId: null}e568d23f-199e-48ce-91e4-5c166e2e97cd{ip: 192.168.30.10, host: pr-hdds-1569-s62bp-3040748787, networkLocation: /default-rack, certSerialId: null}, Type:RATIS, Factor:THREE, State:CLOSED] moved to CLOSED state
2019-09-25 07:05:14,017 [EventQueue-CloseContainerForCloseContainerEventHandler] INFO  container.CloseContainerEventHandler (CloseContainerEventHandler.java:onMessage(61)) - Close container Event triggered for container : #1
2019-09-25 07:05:14,056 [pool-37-thread-1] INFO  impl.RaftServerImpl (RaftServerImpl.java:<init>(95)) - 62ec8eb9-3ae9-4136-b70a-2caf3716fa7f: new RaftServerImpl for group-14CFC579332C:[24bf2945-a329-4da6-aaf2-23ecd8d462c6:192.168.30.10:42867, e568d23f-199e-48ce-91e4-5c166e2e97cd:192.168.30.10:42827, 62ec8eb9-3ae9-4136-b70a-2caf3716fa7f:192.168.30.10:44715] with ContainerStateMachine:uninitialized
2019-09-25 07:05:14,059 [pool-37-thread-1] INFO  server.RaftServerConfigKeys (ConfUtils.java:logGet(43)) - raft.server.rpc.timeout.min = 5s (custom)
2019-09-25 07:05:14,059 [pool-37-thread-1] INFO  server.RaftServerConfigKeys (ConfUtils.java:logGet(43)) - raft.server.rpc.timeout.max = 5200ms (custom)
2019-09-25 07:05:14,059 [pool-47-thread-1] INFO  impl.RaftServerImpl (RaftServerImpl.java:<init>(95)) - 24bf2945-a329-4da6-aaf2-23ecd8d462c6: new RaftServerImpl for group-3CF718775540:[24bf2945-a329-4da6-aaf2-23ecd8d462c6:192.168.30.10:42867] with ContainerStateMachine:uninitialized
2019-09-25 07:05:14,060 [pool-37-thread-1] INFO  server.RaftServerConfigKeys (ConfUtils.java:logGet(43)) - raft.server.rpcslowness.timeout = 120s (custom)
2019-09-25 07:05:14,060 [pool-47-thread-1] INFO  server.RaftServerConfigKeys (ConfUtils.java:logGet(43)) - raft.server.rpc.timeout.min = 5s (custom)
2019-09-25 07:05:14,060 [pool-37-thread-1] INFO  server.RaftServerConfigKeys (ConfUtils.java:logGet(43)) - raft.server.sleep.deviation.threshold = 300 (default)
2019-09-25 07:05:14,060 [pool-47-thread-1] INFO  server.RaftServerConfigKeys (ConfUtils.java:logGet(43)) - raft.server.rpc.timeout.max = 5200ms (custom)
2019-09-25 07:05:14,060 [pool-37-thread-1] INFO  server.RaftServerConfigKeys (ConfUtils.java:logGet(43)) - raft.server.log.appender.install.snapshot.enabled = false (custom)
2019-09-25 07:05:14,060 [pool-27-thread-1] INFO  impl.RaftServerImpl (RaftServerImpl.java:<init>(95)) - e568d23f-199e-48ce-91e4-5c166e2e97cd: new RaftServerImpl for group-14CFC579332C:[24bf2945-a329-4da6-aaf2-23ecd8d462c6:192.168.30.10:42867, e568d23f-199e-48ce-91e4-5c166e2e97cd:192.168.30.10:42827, 62ec8eb9-3ae9-4136-b70a-2caf3716fa7f:192.168.30.10:44715] with ContainerStateMachine:uninitialized
2019-09-25 07:05:14,060 [pool-47-thread-1] INFO  server.RaftServerConfigKeys (ConfUtils.java:logGet(43)) - raft.server.rpcslowness.timeout = 120s (custom)
2019-09-25 07:05:14,061 [pool-27-thread-1] INFO  server.RaftServerConfigKeys (ConfUtils.java:logGet(43)) - raft.server.rpc.timeout.min = 5s (custom)
2019-09-25 07:05:14,060 [pool-37-thread-1] INFO  impl.RaftServerImpl (ServerState.java:<init>(103)) - 62ec8eb9-3ae9-4136-b70a-2caf3716fa7f@group-14CFC579332C: ConfigurationManager, init=-1: [24bf2945-a329-4da6-aaf2-23ecd8d462c6:192.168.30.10:42867, e568d23f-199e-48ce-91e4-5c166e2e97cd:192.168.30.10:42827, 62ec8eb9-3ae9-4136-b70a-2caf3716fa7f:192.168.30.10:44715], old=null, confs=<EMPTY_MAP>
2019-09-25 07:05:14,061 [pool-27-thread-1] INFO  server.RaftServerConfigKeys (ConfUtils.java:logGet(43)) - raft.server.rpc.timeout.max = 5200ms (custom)
2019-09-25 07:05:14,061 [pool-47-thread-1] INFO  server.RaftServerConfigKeys (ConfUtils.java:logGet(43)) - raft.server.sleep.deviation.threshold = 300 (default)
2019-09-25 07:05:14,061 [pool-27-thread-1] INFO  server.RaftServerConfigKeys (ConfUtils.java:logGet(43)) - raft.server.rpcslowness.timeout = 120s (custom)
2019-09-25 07:05:14,061 [pool-37-thread-1] INFO  server.RaftServerConfigKeys (ConfUtils.java:logGet(43)) - raft.server.storage.dir = [/workdir/hadoop-ozone/integration-test/target/test-dir/MiniOzoneClusterImpl-39af9574-7a8b-4ed7-b830-bf686a3d4bb8/datanode-1/data/ratis] (custom)
2019-09-25 07:05:14,061 [pool-27-thread-1] INFO  server.RaftServerConfigKeys (ConfUtils.java:logGet(43)) - raft.server.sleep.deviation.threshold = 300 (default)
2019-09-25 07:05:14,061 [pool-47-thread-1] INFO  server.RaftServerConfigKeys (ConfUtils.java:logGet(43)) - raft.server.log.appender.install.snapshot.enabled = false (custom)
2019-09-25 07:05:14,062 [pool-27-thread-1] INFO  server.RaftServerConfigKeys (ConfUtils.java:logGet(43)) - raft.server.log.appender.install.snapshot.enabled = false (custom)
2019-09-25 07:05:14,062 [pool-47-thread-1] INFO  impl.RaftServerImpl (ServerState.java:<init>(103)) - 24bf2945-a329-4da6-aaf2-23ecd8d462c6@group-3CF718775540: ConfigurationManager, init=-1: [24bf2945-a329-4da6-aaf2-23ecd8d462c6:192.168.30.10:42867], old=null, confs=<EMPTY_MAP>
2019-09-25 07:05:14,062 [pool-27-thread-1] INFO  impl.RaftServerImpl (ServerState.java:<init>(103)) - e568d23f-199e-48ce-91e4-5c166e2e97cd@group-14CFC579332C: ConfigurationManager, init=-1: [24bf2945-a329-4da6-aaf2-23ecd8d462c6:192.168.30.10:42867, e568d23f-199e-48ce-91e4-5c166e2e97cd:192.168.30.10:42827, 62ec8eb9-3ae9-4136-b70a-2caf3716fa7f:192.168.30.10:44715], old=null, confs=<EMPTY_MAP>
2019-09-25 07:05:14,062 [pool-47-thread-1] INFO  server.RaftServerConfigKeys (ConfUtils.java:logGet(43)) - raft.server.storage.dir = [/workdir/hadoop-ozone/integration-test/target/test-dir/MiniOzoneClusterImpl-39af9574-7a8b-4ed7-b830-bf686a3d4bb8/datanode-2/data/ratis] (custom)
2019-09-25 07:05:14,062 [pool-27-thread-1] INFO  server.RaftServerConfigKeys (ConfUtils.java:logGet(43)) - raft.server.storage.dir = [/workdir/hadoop-ozone/integration-test/target/test-dir/MiniOzoneClusterImpl-39af9574-7a8b-4ed7-b830-bf686a3d4bb8/datanode-0/data/ratis] (custom)
2019-09-25 07:05:14,062 [pool-37-thread-1] INFO  storage.RaftStorageDirectory (RaftStorageDirectory.java:analyzeStorage(246)) - The storage directory /workdir/hadoop-ozone/integration-test/target/test-dir/MiniOzoneClusterImpl-39af9574-7a8b-4ed7-b830-bf686a3d4bb8/datanode-1/data/ratis/4fef8ada-ffbf-425a-99d5-14cfc579332c does not exist. Creating ...
2019-09-25 07:05:14,062 [pool-47-thread-1] INFO  storage.RaftStorageDirectory (RaftStorageDirectory.java:analyzeStorage(246)) - The storage directory /workdir/hadoop-ozone/integration-test/target/test-dir/MiniOzoneClusterImpl-39af9574-7a8b-4ed7-b830-bf686a3d4bb8/datanode-2/data/ratis/a7f4b4c5-cea3-4250-9605-3cf718775540 does not exist. Creating ...
2019-09-25 07:05:14,063 [pool-27-thread-1] INFO  storage.RaftStorageDirectory (RaftStorageDirectory.java:analyzeStorage(246)) - The storage directory /workdir/hadoop-ozone/integration-test/target/test-dir/MiniOzoneClusterImpl-39af9574-7a8b-4ed7-b830-bf686a3d4bb8/datanode-0/data/ratis/4fef8ada-ffbf-425a-99d5-14cfc579332c does not exist. Creating ...
2019-09-25 07:05:14,085 [pool-27-thread-1] INFO  storage.RaftStorageDirectory (RaftStorageDirectory.java:tryLock(328)) - Lock on /workdir/hadoop-ozone/integration-test/target/test-dir/MiniOzoneClusterImpl-39af9574-7a8b-4ed7-b830-bf686a3d4bb8/datanode-0/data/ratis/4fef8ada-ffbf-425a-99d5-14cfc579332c/in_use.lock acquired by nodename 19495@pr-hdds-1569-s62bp-3040748787
2019-09-25 07:05:14,085 [pool-47-thread-1] INFO  storage.RaftStorageDirectory (RaftStorageDirectory.java:tryLock(328)) - Lock on /workdir/hadoop-ozone/integration-test/target/test-dir/MiniOzoneClusterImpl-39af9574-7a8b-4ed7-b830-bf686a3d4bb8/datanode-2/data/ratis/a7f4b4c5-cea3-4250-9605-3cf718775540/in_use.lock acquired by nodename 19495@pr-hdds-1569-s62bp-3040748787
2019-09-25 07:05:14,085 [pool-37-thread-1] INFO  storage.RaftStorageDirectory (RaftStorageDirectory.java:tryLock(328)) - Lock on /workdir/hadoop-ozone/integration-test/target/test-dir/MiniOzoneClusterImpl-39af9574-7a8b-4ed7-b830-bf686a3d4bb8/datanode-1/data/ratis/4fef8ada-ffbf-425a-99d5-14cfc579332c/in_use.lock acquired by nodename 19495@pr-hdds-1569-s62bp-3040748787
2019-09-25 07:05:14,098 [pool-47-thread-1] INFO  storage.RaftStorage (RaftStorage.java:format(72)) - Storage directory /workdir/hadoop-ozone/integration-test/target/test-dir/MiniOzoneClusterImpl-39af9574-7a8b-4ed7-b830-bf686a3d4bb8/datanode-2/data/ratis/a7f4b4c5-cea3-4250-9605-3cf718775540 has been successfully formatted.
2019-09-25 07:05:14,098 [pool-27-thread-1] INFO  storage.RaftStorage (RaftStorage.java:format(72)) - Storage directory /workdir/hadoop-ozone/integration-test/target/test-dir/MiniOzoneClusterImpl-39af9574-7a8b-4ed7-b830-bf686a3d4bb8/datanode-0/data/ratis/4fef8ada-ffbf-425a-99d5-14cfc579332c has been successfully formatted.
2019-09-25 07:05:14,098 [pool-37-thread-1] INFO  storage.RaftStorage (RaftStorage.java:format(72)) - Storage directory /workdir/hadoop-ozone/integration-test/target/test-dir/MiniOzoneClusterImpl-39af9574-7a8b-4ed7-b830-bf686a3d4bb8/datanode-1/data/ratis/4fef8ada-ffbf-425a-99d5-14cfc579332c has been successfully formatted.
2019-09-25 07:05:14,099 [pool-47-thread-1] INFO  ratis.ContainerStateMachine (ContainerStateMachine.java:loadSnapshot(230)) - group-3CF718775540: The snapshot info is null. Setting the last applied indexto:(t:0, i:~)
2019-09-25 07:05:14,099 [pool-37-thread-1] INFO  ratis.ContainerStateMachine (ContainerStateMachine.java:loadSnapshot(230)) - group-14CFC579332C: The snapshot info is null. Setting the last applied indexto:(t:0, i:~)
2019-09-25 07:05:14,099 [pool-27-thread-1] INFO  ratis.ContainerStateMachine (ContainerStateMachine.java:loadSnapshot(230)) - group-14CFC579332C: The snapshot info is null. Setting the last applied indexto:(t:0, i:~)
2019-09-25 07:05:14,099 [pool-37-thread-1] INFO  server.RaftServerConfigKeys (ConfUtils.java:logGet(43)) - raft.server.notification.no-leader.timeout = 120s (custom)
2019-09-25 07:05:14,099 [pool-47-thread-1] INFO  server.RaftServerConfigKeys (ConfUtils.java:logGet(43)) - raft.server.notification.no-leader.timeout = 120s (custom)
2019-09-25 07:05:14,099 [pool-37-thread-1] INFO  server.RaftServerConfigKeys (ConfUtils.java:logGet(43)) - raft.server.log.use.memory = false (default)
2019-09-25 07:05:14,099 [pool-27-thread-1] INFO  server.RaftServerConfigKeys (ConfUtils.java:logGet(43)) - raft.server.notification.no-leader.timeout = 120s (custom)
2019-09-25 07:05:14,099 [pool-37-thread-1] INFO  server.RaftServerConfigKeys (ConfUtils.java:logGet(43)) - raft.server.log.purge.gap = 1000000 (custom)
2019-09-25 07:05:14,099 [pool-47-thread-1] INFO  server.RaftServerConfigKeys (ConfUtils.java:logGet(43)) - raft.server.log.use.memory = false (default)
2019-09-25 07:05:14,100 [pool-37-thread-1] INFO  server.RaftServerConfigKeys (ConfUtils.java:logGet(43)) - raft.server.log.appender.buffer.byte-limit = 33554432 (custom)
2019-09-25 07:05:14,100 [pool-27-thread-1] INFO  server.RaftServerConfigKeys (ConfUtils.java:logGet(43)) - raft.server.log.use.memory = false (default)
2019-09-25 07:05:14,100 [pool-37-thread-1] INFO  server.RaftServerConfigKeys (ConfUtils.java:logGet(43)) - raft.server.log.segment.size.max = 1048576 (custom)
2019-09-25 07:05:14,100 [pool-47-thread-1] INFO  server.RaftServerConfigKeys (ConfUtils.java:logGet(43)) - raft.server.log.purge.gap = 1000000 (custom)
2019-09-25 07:05:14,100 [pool-37-thread-1] INFO  server.RaftServerConfigKeys (ConfUtils.java:logGet(43)) - raft.server.log.segment.cache.num.max = 2 (custom)
2019-09-25 07:05:14,100 [pool-27-thread-1] INFO  server.RaftServerConfigKeys (ConfUtils.java:logGet(43)) - raft.server.log.purge.gap = 1000000 (custom)
2019-09-25 07:05:14,100 [pool-37-thread-1] INFO  segmented.SegmentedRaftLogWorker (SegmentedRaftLogWorker.java:<init>(172)) - new 62ec8eb9-3ae9-4136-b70a-2caf3716fa7f@group-14CFC579332C-SegmentedRaftLogWorker for RaftStorage:Storage Directory /workdir/hadoop-ozone/integration-test/target/test-dir/MiniOzoneClusterImpl-39af9574-7a8b-4ed7-b830-bf686a3d4bb8/datanode-1/data/ratis/4fef8ada-ffbf-425a-99d5-14cfc579332c
2019-09-25 07:05:14,100 [pool-47-thread-1] INFO  server.RaftServerConfigKeys (ConfUtils.java:logGet(43)) - raft.server.log.appender.buffer.byte-limit = 33554432 (custom)
2019-09-25 07:05:14,101 [pool-37-thread-1] INFO  server.RaftServerConfigKeys (ConfUtils.java:logGet(43)) - raft.server.log.queue.byte-limit = 2147483647 (custom)
2019-09-25 07:05:14,100 [pool-27-thread-1] INFO  server.RaftServerConfigKeys (ConfUtils.java:logGet(43)) - raft.server.log.appender.buffer.byte-limit = 33554432 (custom)
2019-09-25 07:05:14,101 [pool-37-thread-1] INFO  server.RaftServerConfigKeys (ConfUtils.java:logGet(43)) - raft.server.log.queue.element-limit = 1024 (custom)
2019-09-25 07:05:14,101 [pool-47-thread-1] INFO  server.RaftServerConfigKeys (ConfUtils.java:logGet(43)) - raft.server.log.segment.size.max = 1048576 (custom)
2019-09-25 07:05:14,101 [pool-37-thread-1] INFO  server.RaftServerConfigKeys (ConfUtils.java:logGet(43)) - raft.server.log.segment.size.max = 1048576 (custom)
2019-09-25 07:05:14,101 [pool-27-thread-1] INFO  server.RaftServerConfigKeys (ConfUtils.java:logGet(43)) - raft.server.log.segment.size.max = 1048576 (custom)
2019-09-25 07:05:14,101 [pool-37-thread-1] INFO  server.RaftServerConfigKeys (ConfUtils.java:logGet(43)) - raft.server.log.preallocated.size = 16384 (custom)
2019-09-25 07:05:14,101 [pool-47-thread-1] INFO  server.RaftServerConfigKeys (ConfUtils.java:logGet(43)) - raft.server.log.segment.cache.num.max = 2 (custom)
2019-09-25 07:05:14,102 [pool-37-thread-1] INFO  server.RaftServerConfigKeys (ConfUtils.java:logGet(43)) - raft.server.log.write.buffer.size = 33554432 (custom)
2019-09-25 07:05:14,101 [pool-27-thread-1] INFO  server.RaftServerConfigKeys (ConfUtils.java:logGet(43)) - raft.server.log.segment.cache.num.max = 2 (custom)
2019-09-25 07:05:14,102 [pool-37-thread-1] INFO  server.RaftServerConfigKeys (ConfUtils.java:logGet(43)) - raft.server.log.force.sync.num = 128 (default)
2019-09-25 07:05:14,102 [pool-47-thread-1] INFO  segmented.SegmentedRaftLogWorker (SegmentedRaftLogWorker.java:<init>(172)) - new 24bf2945-a329-4da6-aaf2-23ecd8d462c6@group-3CF718775540-SegmentedRaftLogWorker for RaftStorage:Storage Directory /workdir/hadoop-ozone/integration-test/target/test-dir/MiniOzoneClusterImpl-39af9574-7a8b-4ed7-b830-bf686a3d4bb8/datanode-2/data/ratis/a7f4b4c5-cea3-4250-9605-3cf718775540
2019-09-25 07:05:14,102 [pool-37-thread-1] INFO  server.RaftServerConfigKeys (ConfUtils.java:logGet(43)) - raft.server.log.statemachine.data.sync = true (default)
2019-09-25 07:05:14,102 [pool-27-thread-1] INFO  segmented.SegmentedRaftLogWorker (SegmentedRaftLogWorker.java:<init>(172)) - new e568d23f-199e-48ce-91e4-5c166e2e97cd@group-14CFC579332C-SegmentedRaftLogWorker for RaftStorage:Storage Directory /workdir/hadoop-ozone/integration-test/target/test-dir/MiniOzoneClusterImpl-39af9574-7a8b-4ed7-b830-bf686a3d4bb8/datanode-0/data/ratis/4fef8ada-ffbf-425a-99d5-14cfc579332c
2019-09-25 07:05:14,102 [pool-37-thread-1] INFO  server.RaftServerConfigKeys (ConfUtils.java:logGet(43)) - raft.server.log.statemachine.data.sync.timeout = 10s (default)
2019-09-25 07:05:14,102 [pool-47-thread-1] INFO  server.RaftServerConfigKeys (ConfUtils.java:logGet(43)) - raft.server.log.queue.byte-limit = 2147483647 (custom)
2019-09-25 07:05:14,102 [pool-37-thread-1] INFO  server.RaftServerConfigKeys (ConfUtils.java:logGet(43)) - raft.server.log.statemachine.data.sync.timeout.retry = -1 (default)
2019-09-25 07:05:14,102 [pool-27-thread-1] INFO  server.RaftServerConfigKeys (ConfUtils.java:logGet(43)) - raft.server.log.queue.byte-limit = 2147483647 (custom)
2019-09-25 07:05:14,103 [pool-37-thread-1] INFO  server.RaftServerConfigKeys (ConfUtils.java:logGet(43)) - raft.server.log.statemachine.data.caching.enabled = true (custom)
2019-09-25 07:05:14,103 [pool-47-thread-1] INFO  server.RaftServerConfigKeys (ConfUtils.java:logGet(43)) - raft.server.log.queue.element-limit = 1024 (custom)
2019-09-25 07:05:14,103 [pool-27-thread-1] INFO  server.RaftServerConfigKeys (ConfUtils.java:logGet(43)) - raft.server.log.queue.element-limit = 1024 (custom)
2019-09-25 07:05:14,103 [pool-37-thread-1] INFO  segmented.SegmentedRaftLogWorker (SegmentedRaftLogWorker.java:lambda$new$0(132)) - 62ec8eb9-3ae9-4136-b70a-2caf3716fa7f@group-14CFC579332C-SegmentedRaftLogWorker: flushIndex: setUnconditionally 0 -> -1
2019-09-25 07:05:14,103 [pool-47-thread-1] INFO  server.RaftServerConfigKeys (ConfUtils.java:logGet(43)) - raft.server.log.segment.size.max = 1048576 (custom)
2019-09-25 07:05:14,103 [pool-47-thread-1] INFO  server.RaftServerConfigKeys (ConfUtils.java:logGet(43)) - raft.server.log.preallocated.size = 16384 (custom)
2019-09-25 07:05:14,103 [pool-27-thread-1] INFO  server.RaftServerConfigKeys (ConfUtils.java:logGet(43)) - raft.server.log.segment.size.max = 1048576 (custom)
2019-09-25 07:05:14,104 [pool-47-thread-1] INFO  server.RaftServerConfigKeys (ConfUtils.java:logGet(43)) - raft.server.log.write.buffer.size = 33554432 (custom)
2019-09-25 07:05:14,104 [pool-37-thread-1] INFO  server.RaftServerConfigKeys (ConfUtils.java:logGet(43)) - raft.server.snapshot.auto.trigger.enabled = true (custom)
2019-09-25 07:05:14,104 [pool-47-thread-1] INFO  server.RaftServerConfigKeys (ConfUtils.java:logGet(43)) - raft.server.log.force.sync.num = 128 (default)
2019-09-25 07:05:14,104 [pool-47-thread-1] INFO  server.RaftServerConfigKeys (ConfUtils.java:logGet(43)) - raft.server.log.statemachine.data.sync = true (default)
2019-09-25 07:05:14,104 [pool-27-thread-1] INFO  server.RaftServerConfigKeys (ConfUtils.java:logGet(43)) - raft.server.log.preallocated.size = 16384 (custom)
2019-09-25 07:05:14,104 [pool-47-thread-1] INFO  server.RaftServerConfigKeys (ConfUtils.java:logGet(43)) - raft.server.log.statemachine.data.sync.timeout = 10s (default)
2019-09-25 07:05:14,104 [pool-37-thread-1] INFO  server.RaftServerConfigKeys (ConfUtils.java:logGet(43)) - raft.server.snapshot.auto.trigger.threshold = 10000 (custom)
2019-09-25 07:05:14,104 [pool-47-thread-1] INFO  server.RaftServerConfigKeys (ConfUtils.java:logGet(43)) - raft.server.log.statemachine.data.sync.timeout.retry = -1 (default)
2019-09-25 07:05:14,104 [pool-27-thread-1] INFO  server.RaftServerConfigKeys (ConfUtils.java:logGet(43)) - raft.server.log.write.buffer.size = 33554432 (custom)
2019-09-25 07:05:14,105 [pool-47-thread-1] INFO  server.RaftServerConfigKeys (ConfUtils.java:logGet(43)) - raft.server.log.statemachine.data.caching.enabled = true (custom)
2019-09-25 07:05:14,105 [pool-37-thread-1] INFO  server.RaftServerConfigKeys (ConfUtils.java:logGet(43)) - raft.server.snapshot.retention.num.files = 5 (custom)
2019-09-25 07:05:14,105 [pool-47-thread-1] INFO  segmented.SegmentedRaftLogWorker (SegmentedRaftLogWorker.java:lambda$new$0(132)) - 24bf2945-a329-4da6-aaf2-23ecd8d462c6@group-3CF718775540-SegmentedRaftLogWorker: flushIndex: setUnconditionally 0 -> -1
2019-09-25 07:05:14,105 [pool-27-thread-1] INFO  server.RaftServerConfigKeys (ConfUtils.java:logGet(43)) - raft.server.log.force.sync.num = 128 (default)
2019-09-25 07:05:14,105 [pool-37-thread-1] INFO  server.RaftServerConfigKeys (ConfUtils.java:logGet(43)) - raft.server.retrycache.expirytime = 600000ms (custom)
2019-09-25 07:05:14,105 [pool-47-thread-1] INFO  server.RaftServerConfigKeys (ConfUtils.java:logGet(43)) - raft.server.snapshot.auto.trigger.enabled = true (custom)
2019-09-25 07:05:14,105 [pool-27-thread-1] INFO  server.RaftServerConfigKeys (ConfUtils.java:logGet(43)) - raft.server.log.statemachine.data.sync = true (default)
2019-09-25 07:05:14,106 [pool-47-thread-1] INFO  server.RaftServerConfigKeys (ConfUtils.java:logGet(43)) - raft.server.snapshot.auto.trigger.threshold = 10000 (custom)
2019-09-25 07:05:14,106 [pool-27-thread-1] INFO  server.RaftServerConfigKeys (ConfUtils.java:logGet(43)) - raft.server.log.statemachine.data.sync.timeout = 10s (default)
2019-09-25 07:05:14,106 [pool-47-thread-1] INFO  server.RaftServerConfigKeys (ConfUtils.java:logGet(43)) - raft.server.snapshot.retention.num.files = 5 (custom)
2019-09-25 07:05:14,106 [pool-27-thread-1] INFO  server.RaftServerConfigKeys (ConfUtils.java:logGet(43)) - raft.server.log.statemachine.data.sync.timeout.retry = -1 (default)
2019-09-25 07:05:14,106 [pool-47-thread-1] INFO  server.RaftServerConfigKeys (ConfUtils.java:logGet(43)) - raft.server.retrycache.expirytime = 600000ms (custom)
2019-09-25 07:05:14,106 [pool-27-thread-1] INFO  server.RaftServerConfigKeys (ConfUtils.java:logGet(43)) - raft.server.log.statemachine.data.caching.enabled = true (custom)
2019-09-25 07:05:14,107 [pool-27-thread-1] INFO  segmented.SegmentedRaftLogWorker (SegmentedRaftLogWorker.java:lambda$new$0(132)) - e568d23f-199e-48ce-91e4-5c166e2e97cd@group-14CFC579332C-SegmentedRaftLogWorker: flushIndex: setUnconditionally 0 -> -1
2019-09-25 07:05:14,107 [pool-27-thread-1] INFO  server.RaftServerConfigKeys (ConfUtils.java:logGet(43)) - raft.server.snapshot.auto.trigger.enabled = true (custom)
2019-09-25 07:05:14,107 [pool-27-thread-1] INFO  server.RaftServerConfigKeys (ConfUtils.java:logGet(43)) - raft.server.snapshot.auto.trigger.threshold = 10000 (custom)
2019-09-25 07:05:14,107 [pool-27-thread-1] INFO  server.RaftServerConfigKeys (ConfUtils.java:logGet(43)) - raft.server.snapshot.retention.num.files = 5 (custom)
2019-09-25 07:05:14,107 [pool-27-thread-1] INFO  server.RaftServerConfigKeys (ConfUtils.java:logGet(43)) - raft.server.retrycache.expirytime = 600000ms (custom)
2019-09-25 07:05:14,109 [pool-37-thread-1] INFO  impl.RaftServerImpl (RaftServerImpl.java:start(185)) - 62ec8eb9-3ae9-4136-b70a-2caf3716fa7f@group-E6F9350C10F4: start as a follower, conf=-1: [24bf2945-a329-4da6-aaf2-23ecd8d462c6:192.168.30.10:42867, e568d23f-199e-48ce-91e4-5c166e2e97cd:192.168.30.10:42827, 62ec8eb9-3ae9-4136-b70a-2caf3716fa7f:192.168.30.10:44715], old=null
2019-09-25 07:05:14,109 [pool-37-thread-1] INFO  impl.RaftServerImpl (RaftServerImpl.java:setRole(174)) - 62ec8eb9-3ae9-4136-b70a-2caf3716fa7f@group-E6F9350C10F4: changes role from      null to FOLLOWER at term 0 for startAsFollower
2019-09-25 07:05:14,109 [pool-37-thread-1] INFO  impl.RoleInfo (RoleInfo.java:updateAndGet(143)) - 62ec8eb9-3ae9-4136-b70a-2caf3716fa7f: start FollowerState
2019-09-25 07:05:14,109 [pool-37-thread-1] INFO  util.JmxRegister (JmxRegister.java:tryRegister(44)) - Successfully registered JMX Bean with object name Ratis:service=RaftServer,group=group-E6F9350C10F4,id=62ec8eb9-3ae9-4136-b70a-2caf3716fa7f
2019-09-25 07:05:14,109 [pool-27-thread-1] INFO  impl.RaftServerImpl (RaftServerImpl.java:start(185)) - e568d23f-199e-48ce-91e4-5c166e2e97cd@group-E6F9350C10F4: start as a follower, conf=-1: [24bf2945-a329-4da6-aaf2-23ecd8d462c6:192.168.30.10:42867, e568d23f-199e-48ce-91e4-5c166e2e97cd:192.168.30.10:42827, 62ec8eb9-3ae9-4136-b70a-2caf3716fa7f:192.168.30.10:44715], old=null
2019-09-25 07:05:14,109 [pool-27-thread-1] INFO  impl.RaftServerImpl (RaftServerImpl.java:setRole(174)) - e568d23f-199e-48ce-91e4-5c166e2e97cd@group-E6F9350C10F4: changes role from      null to FOLLOWER at term 0 for startAsFollower
2019-09-25 07:05:14,110 [pool-27-thread-1] INFO  impl.RoleInfo (RoleInfo.java:updateAndGet(143)) - e568d23f-199e-48ce-91e4-5c166e2e97cd: start FollowerState
2019-09-25 07:05:14,110 [pool-37-thread-1] INFO  impl.RaftServerImpl (RaftServerImpl.java:start(185)) - 62ec8eb9-3ae9-4136-b70a-2caf3716fa7f@group-14CFC579332C: start as a follower, conf=-1: [24bf2945-a329-4da6-aaf2-23ecd8d462c6:192.168.30.10:42867, e568d23f-199e-48ce-91e4-5c166e2e97cd:192.168.30.10:42827, 62ec8eb9-3ae9-4136-b70a-2caf3716fa7f:192.168.30.10:44715], old=null
2019-09-25 07:05:14,110 [pool-37-thread-1] INFO  impl.RaftServerImpl (RaftServerImpl.java:setRole(174)) - 62ec8eb9-3ae9-4136-b70a-2caf3716fa7f@group-14CFC579332C: changes role from      null to FOLLOWER at term 0 for startAsFollower
2019-09-25 07:05:14,110 [pool-27-thread-1] INFO  util.JmxRegister (JmxRegister.java:tryRegister(44)) - Successfully registered JMX Bean with object name Ratis:service=RaftServer,group=group-E6F9350C10F4,id=e568d23f-199e-48ce-91e4-5c166e2e97cd
2019-09-25 07:05:14,110 [pool-47-thread-1] INFO  impl.RaftServerImpl (RaftServerImpl.java:<init>(95)) - 24bf2945-a329-4da6-aaf2-23ecd8d462c6: new RaftServerImpl for group-14CFC579332C:[24bf2945-a329-4da6-aaf2-23ecd8d462c6:192.168.30.10:42867, e568d23f-199e-48ce-91e4-5c166e2e97cd:192.168.30.10:42827, 62ec8eb9-3ae9-4136-b70a-2caf3716fa7f:192.168.30.10:44715] with ContainerStateMachine:uninitialized
2019-09-25 07:05:14,110 [pool-37-thread-1] INFO  impl.RoleInfo (RoleInfo.java:updateAndGet(143)) - 62ec8eb9-3ae9-4136-b70a-2caf3716fa7f: start FollowerState
2019-09-25 07:05:14,110 [pool-47-thread-1] INFO  server.RaftServerConfigKeys (ConfUtils.java:logGet(43)) - raft.server.rpc.timeout.min = 5s (custom)
2019-09-25 07:05:14,110 [pool-47-thread-1] INFO  server.RaftServerConfigKeys (ConfUtils.java:logGet(43)) - raft.server.rpc.timeout.max = 5200ms (custom)
2019-09-25 07:05:14,111 [pool-27-thread-1] INFO  impl.RaftServerImpl (RaftServerImpl.java:start(185)) - e568d23f-199e-48ce-91e4-5c166e2e97cd@group-14CFC579332C: start as a follower, conf=-1: [24bf2945-a329-4da6-aaf2-23ecd8d462c6:192.168.30.10:42867, e568d23f-199e-48ce-91e4-5c166e2e97cd:192.168.30.10:42827, 62ec8eb9-3ae9-4136-b70a-2caf3716fa7f:192.168.30.10:44715], old=null
2019-09-25 07:05:14,111 [pool-37-thread-1] INFO  util.JmxRegister (JmxRegister.java:tryRegister(44)) - Successfully registered JMX Bean with object name Ratis:service=RaftServer,group=group-14CFC579332C,id=62ec8eb9-3ae9-4136-b70a-2caf3716fa7f
2019-09-25 07:05:14,111 [pool-47-thread-1] INFO  server.RaftServerConfigKeys (ConfUtils.java:logGet(43)) - raft.server.rpcslowness.timeout = 120s (custom)
2019-09-25 07:05:14,111 [pool-27-thread-1] INFO  impl.RaftServerImpl (RaftServerImpl.java:setRole(174)) - e568d23f-199e-48ce-91e4-5c166e2e97cd@group-14CFC579332C: changes role from      null to FOLLOWER at term 0 for startAsFollower
2019-09-25 07:05:14,111 [pool-47-thread-1] INFO  server.RaftServerConfigKeys (ConfUtils.java:logGet(43)) - raft.server.sleep.deviation.threshold = 300 (default)
2019-09-25 07:05:14,111 [pool-47-thread-1] INFO  server.RaftServerConfigKeys (ConfUtils.java:logGet(43)) - raft.server.log.appender.install.snapshot.enabled = false (custom)
2019-09-25 07:05:14,111 [pool-27-thread-1] INFO  impl.RoleInfo (RoleInfo.java:updateAndGet(143)) - e568d23f-199e-48ce-91e4-5c166e2e97cd: start FollowerState
2019-09-25 07:05:14,111 [pool-47-thread-1] INFO  impl.RaftServerImpl (ServerState.java:<init>(103)) - 24bf2945-a329-4da6-aaf2-23ecd8d462c6@group-14CFC579332C: ConfigurationManager, init=-1: [24bf2945-a329-4da6-aaf2-23ecd8d462c6:192.168.30.10:42867, e568d23f-199e-48ce-91e4-5c166e2e97cd:192.168.30.10:42827, 62ec8eb9-3ae9-4136-b70a-2caf3716fa7f:192.168.30.10:44715], old=null, confs=<EMPTY_MAP>
2019-09-25 07:05:14,111 [pool-47-thread-1] INFO  server.RaftServerConfigKeys (ConfUtils.java:logGet(43)) - raft.server.storage.dir = [/workdir/hadoop-ozone/integration-test/target/test-dir/MiniOzoneClusterImpl-39af9574-7a8b-4ed7-b830-bf686a3d4bb8/datanode-2/data/ratis] (custom)
2019-09-25 07:05:14,111 [pool-27-thread-1] INFO  util.JmxRegister (JmxRegister.java:tryRegister(44)) - Successfully registered JMX Bean with object name Ratis:service=RaftServer,group=group-14CFC579332C,id=e568d23f-199e-48ce-91e4-5c166e2e97cd
2019-09-25 07:05:14,112 [pool-47-thread-1] INFO  storage.RaftStorageDirectory (RaftStorageDirectory.java:analyzeStorage(246)) - The storage directory /workdir/hadoop-ozone/integration-test/target/test-dir/MiniOzoneClusterImpl-39af9574-7a8b-4ed7-b830-bf686a3d4bb8/datanode-2/data/ratis/4fef8ada-ffbf-425a-99d5-14cfc579332c does not exist. Creating ...
2019-09-25 07:05:14,125 [pool-47-thread-1] INFO  storage.RaftStorageDirectory (RaftStorageDirectory.java:tryLock(328)) - Lock on /workdir/hadoop-ozone/integration-test/target/test-dir/MiniOzoneClusterImpl-39af9574-7a8b-4ed7-b830-bf686a3d4bb8/datanode-2/data/ratis/4fef8ada-ffbf-425a-99d5-14cfc579332c/in_use.lock acquired by nodename 19495@pr-hdds-1569-s62bp-3040748787
2019-09-25 07:05:14,137 [pool-47-thread-1] INFO  storage.RaftStorage (RaftStorage.java:format(72)) - Storage directory /workdir/hadoop-ozone/integration-test/target/test-dir/MiniOzoneClusterImpl-39af9574-7a8b-4ed7-b830-bf686a3d4bb8/datanode-2/data/ratis/4fef8ada-ffbf-425a-99d5-14cfc579332c has been successfully formatted.
2019-09-25 07:05:14,138 [pool-47-thread-1] INFO  ratis.ContainerStateMachine (ContainerStateMachine.java:loadSnapshot(230)) - group-14CFC579332C: The snapshot info is null. Setting the last applied indexto:(t:0, i:~)
2019-09-25 07:05:14,138 [pool-47-thread-1] INFO  server.RaftServerConfigKeys (ConfUtils.java:logGet(43)) - raft.server.notification.no-leader.timeout = 120s (custom)
2019-09-25 07:05:14,138 [pool-47-thread-1] INFO  server.RaftServerConfigKeys (ConfUtils.java:logGet(43)) - raft.server.log.use.memory = false (default)
2019-09-25 07:05:14,138 [pool-47-thread-1] INFO  server.RaftServerConfigKeys (ConfUtils.java:logGet(43)) - raft.server.log.purge.gap = 1000000 (custom)
2019-09-25 07:05:14,138 [pool-47-thread-1] INFO  server.RaftServerConfigKeys (ConfUtils.java:logGet(43)) - raft.server.log.appender.buffer.byte-limit = 33554432 (custom)
2019-09-25 07:05:14,138 [pool-47-thread-1] INFO  server.RaftServerConfigKeys (ConfUtils.java:logGet(43)) - raft.server.log.segment.size.max = 1048576 (custom)
2019-09-25 07:05:14,138 [pool-47-thread-1] INFO  server.RaftServerConfigKeys (ConfUtils.java:logGet(43)) - raft.server.log.segment.cache.num.max = 2 (custom)
2019-09-25 07:05:14,138 [pool-47-thread-1] INFO  segmented.SegmentedRaftLogWorker (SegmentedRaftLogWorker.java:<init>(172)) - new 24bf2945-a329-4da6-aaf2-23ecd8d462c6@group-14CFC579332C-SegmentedRaftLogWorker for RaftStorage:Storage Directory /workdir/hadoop-ozone/integration-test/target/test-dir/MiniOzoneClusterImpl-39af9574-7a8b-4ed7-b830-bf686a3d4bb8/datanode-2/data/ratis/4fef8ada-ffbf-425a-99d5-14cfc579332c
2019-09-25 07:05:14,138 [pool-47-thread-1] INFO  server.RaftServerConfigKeys (ConfUtils.java:logGet(43)) - raft.server.log.queue.byte-limit = 2147483647 (custom)
2019-09-25 07:05:14,138 [pool-47-thread-1] INFO  server.RaftServerConfigKeys (ConfUtils.java:logGet(43)) - raft.server.log.queue.element-limit = 1024 (custom)
2019-09-25 07:05:14,139 [pool-47-thread-1] INFO  server.RaftServerConfigKeys (ConfUtils.java:logGet(43)) - raft.server.log.segment.size.max = 1048576 (custom)
2019-09-25 07:05:14,139 [pool-47-thread-1] INFO  server.RaftServerConfigKeys (ConfUtils.java:logGet(43)) - raft.server.log.preallocated.size = 16384 (custom)
2019-09-25 07:05:14,139 [pool-47-thread-1] INFO  server.RaftServerConfigKeys (ConfUtils.java:logGet(43)) - raft.server.log.write.buffer.size = 33554432 (custom)
2019-09-25 07:05:14,139 [pool-47-thread-1] INFO  server.RaftServerConfigKeys (ConfUtils.java:logGet(43)) - raft.server.log.force.sync.num = 128 (default)
2019-09-25 07:05:14,139 [pool-47-thread-1] INFO  server.RaftServerConfigKeys (ConfUtils.java:logGet(43)) - raft.server.log.statemachine.data.sync = true (default)
2019-09-25 07:05:14,139 [pool-47-thread-1] INFO  server.RaftServerConfigKeys (ConfUtils.java:logGet(43)) - raft.server.log.statemachine.data.sync.timeout = 10s (default)
2019-09-25 07:05:14,139 [pool-47-thread-1] INFO  server.RaftServerConfigKeys (ConfUtils.java:logGet(43)) - raft.server.log.statemachine.data.sync.timeout.retry = -1 (default)
2019-09-25 07:05:14,139 [pool-47-thread-1] INFO  server.RaftServerConfigKeys (ConfUtils.java:logGet(43)) - raft.server.log.statemachine.data.caching.enabled = true (custom)
2019-09-25 07:05:14,139 [pool-47-thread-1] INFO  segmented.SegmentedRaftLogWorker (SegmentedRaftLogWorker.java:lambda$new$0(132)) - 24bf2945-a329-4da6-aaf2-23ecd8d462c6@group-14CFC579332C-SegmentedRaftLogWorker: flushIndex: setUnconditionally 0 -> -1
2019-09-25 07:05:14,140 [pool-47-thread-1] INFO  server.RaftServerConfigKeys (ConfUtils.java:logGet(43)) - raft.server.snapshot.auto.trigger.enabled = true (custom)
2019-09-25 07:05:14,140 [pool-47-thread-1] INFO  server.RaftServerConfigKeys (ConfUtils.java:logGet(43)) - raft.server.snapshot.auto.trigger.threshold = 10000 (custom)
2019-09-25 07:05:14,140 [pool-47-thread-1] INFO  server.RaftServerConfigKeys (ConfUtils.java:logGet(43)) - raft.server.snapshot.retention.num.files = 5 (custom)
2019-09-25 07:05:14,140 [pool-47-thread-1] INFO  server.RaftServerConfigKeys (ConfUtils.java:logGet(43)) - raft.server.retrycache.expirytime = 600000ms (custom)
2019-09-25 07:05:14,141 [pool-47-thread-1] INFO  impl.RaftServerImpl (RaftServerImpl.java:start(185)) - 24bf2945-a329-4da6-aaf2-23ecd8d462c6@group-E6F9350C10F4: start as a follower, conf=-1: [24bf2945-a329-4da6-aaf2-23ecd8d462c6:192.168.30.10:42867, e568d23f-199e-48ce-91e4-5c166e2e97cd:192.168.30.10:42827, 62ec8eb9-3ae9-4136-b70a-2caf3716fa7f:192.168.30.10:44715], old=null
2019-09-25 07:05:14,141 [pool-47-thread-1] INFO  impl.RaftServerImpl (RaftServerImpl.java:setRole(174)) - 24bf2945-a329-4da6-aaf2-23ecd8d462c6@group-E6F9350C10F4: changes role from      null to FOLLOWER at term 0 for startAsFollower
2019-09-25 07:05:14,141 [pool-47-thread-1] INFO  impl.RoleInfo (RoleInfo.java:updateAndGet(143)) - 24bf2945-a329-4da6-aaf2-23ecd8d462c6: start FollowerState
2019-09-25 07:05:14,141 [pool-47-thread-1] INFO  util.JmxRegister (JmxRegister.java:tryRegister(44)) - Successfully registered JMX Bean with object name Ratis:service=RaftServer,group=group-E6F9350C10F4,id=24bf2945-a329-4da6-aaf2-23ecd8d462c6
2019-09-25 07:05:14,142 [pool-47-thread-1] INFO  impl.RaftServerImpl (RaftServerImpl.java:start(185)) - 24bf2945-a329-4da6-aaf2-23ecd8d462c6@group-3CF718775540: start as a follower, conf=-1: [24bf2945-a329-4da6-aaf2-23ecd8d462c6:192.168.30.10:42867], old=null
2019-09-25 07:05:14,142 [pool-47-thread-1] INFO  impl.RaftServerImpl (RaftServerImpl.java:setRole(174)) - 24bf2945-a329-4da6-aaf2-23ecd8d462c6@group-3CF718775540: changes role from      null to FOLLOWER at term 0 for startAsFollower
2019-09-25 07:05:14,142 [pool-47-thread-1] INFO  impl.RoleInfo (RoleInfo.java:updateAndGet(143)) - 24bf2945-a329-4da6-aaf2-23ecd8d462c6: start FollowerState
2019-09-25 07:05:14,142 [pool-47-thread-1] INFO  util.JmxRegister (JmxRegister.java:tryRegister(44)) - Successfully registered JMX Bean with object name Ratis:service=RaftServer,group=group-3CF718775540,id=24bf2945-a329-4da6-aaf2-23ecd8d462c6
2019-09-25 07:05:14,143 [pool-47-thread-1] INFO  impl.RaftServerImpl (RaftServerImpl.java:start(185)) - 24bf2945-a329-4da6-aaf2-23ecd8d462c6@group-14CFC579332C: start as a follower, conf=-1: [24bf2945-a329-4da6-aaf2-23ecd8d462c6:192.168.30.10:42867, e568d23f-199e-48ce-91e4-5c166e2e97cd:192.168.30.10:42827, 62ec8eb9-3ae9-4136-b70a-2caf3716fa7f:192.168.30.10:44715], old=null
2019-09-25 07:05:14,143 [pool-47-thread-1] INFO  impl.RaftServerImpl (RaftServerImpl.java:setRole(174)) - 24bf2945-a329-4da6-aaf2-23ecd8d462c6@group-14CFC579332C: changes role from      null to FOLLOWER at term 0 for startAsFollower
2019-09-25 07:05:14,143 [pool-47-thread-1] INFO  impl.RoleInfo (RoleInfo.java:updateAndGet(143)) - 24bf2945-a329-4da6-aaf2-23ecd8d462c6: start FollowerState
2019-09-25 07:05:14,143 [pool-47-thread-1] INFO  util.JmxRegister (JmxRegister.java:tryRegister(44)) - Successfully registered JMX Bean with object name Ratis:service=RaftServer,group=group-14CFC579332C,id=24bf2945-a329-4da6-aaf2-23ecd8d462c6
2019-09-25 07:05:14,234 [62ec8eb9-3ae9-4136-b70a-2caf3716fa7f@group-02FBD30808D9-SegmentedRaftLogWorker] ERROR segmented.SegmentedRaftLogWorker (SegmentedRaftLogWorker.java:run(323)) - 62ec8eb9-3ae9-4136-b70a-2caf3716fa7f@group-02FBD30808D9-SegmentedRaftLogWorker hit exception
java.lang.OutOfMemoryError: Direct buffer memory
	at java.nio.Bits.reserveMemory(Bits.java:666)
	at java.nio.DirectByteBuffer.<init>(DirectByteBuffer.java:123)
	at java.nio.ByteBuffer.allocateDirect(ByteBuffer.java:311)
	at org.apache.ratis.server.raftlog.segmented.BufferedWriteChannel.<init>(BufferedWriteChannel.java:41)
	at org.apache.ratis.server.raftlog.segmented.SegmentedRaftLogOutputStream.<init>(SegmentedRaftLogOutputStream.java:72)
	at org.apache.ratis.server.raftlog.segmented.SegmentedRaftLogWorker$StartLogSegment.execute(SegmentedRaftLogWorker.java:566)
	at org.apache.ratis.server.raftlog.segmented.SegmentedRaftLogWorker.run(SegmentedRaftLogWorker.java:289)
	at java.lang.Thread.run(Thread.java:748)
2019-09-25 07:05:14,234 [62ec8eb9-3ae9-4136-b70a-2caf3716fa7f@group-02FBD30808D9-SegmentedRaftLogWorker] INFO  impl.RaftServerImpl (RaftServerImpl.java:lambda$shutdown$3(251)) - 62ec8eb9-3ae9-4136-b70a-2caf3716fa7f@group-02FBD30808D9: shutdown
2019-09-25 07:05:14,234 [62ec8eb9-3ae9-4136-b70a-2caf3716fa7f@group-02FBD30808D9-SegmentedRaftLogWorker] INFO  util.JmxRegister (JmxRegister.java:unregister(73)) - Successfully un-registered JMX Bean with object name Ratis:service=RaftServer,group=group-02FBD30808D9,id=62ec8eb9-3ae9-4136-b70a-2caf3716fa7f
2019-09-25 07:05:14,234 [62ec8eb9-3ae9-4136-b70a-2caf3716fa7f@group-02FBD30808D9-SegmentedRaftLogWorker] INFO  impl.RoleInfo (RoleInfo.java:shutdownLeaderState(104)) - 62ec8eb9-3ae9-4136-b70a-2caf3716fa7f: shutdown LeaderState
2019-09-25 07:05:14,234 [62ec8eb9-3ae9-4136-b70a-2caf3716fa7f@group-02FBD30808D9-SegmentedRaftLogWorker] INFO  impl.PendingRequests (PendingRequests.java:sendNotLeaderResponses(202)) - 62ec8eb9-3ae9-4136-b70a-2caf3716fa7f-PendingRequests: sendNotLeaderResponses
2019-09-25 07:05:14,235 [62ec8eb9-3ae9-4136-b70a-2caf3716fa7f@group-02FBD30808D9-SegmentedRaftLogWorker] INFO  impl.StateMachineUpdater (StateMachineUpdater.java:stopAndJoin(125)) - 62ec8eb9-3ae9-4136-b70a-2caf3716fa7f@group-02FBD30808D9-StateMachineUpdater: set stopIndex = -1
2019-09-25 07:05:14,235 [62ec8eb9-3ae9-4136-b70a-2caf3716fa7f@group-02FBD30808D9-SegmentedRaftLogWorker] INFO  impl.RaftServerImpl (ServerState.java:close(385)) - 62ec8eb9-3ae9-4136-b70a-2caf3716fa7f@group-02FBD30808D9: closes. applyIndex: -1
2019-09-25 07:05:14,235 [62ec8eb9-3ae9-4136-b70a-2caf3716fa7f@group-02FBD30808D9-SegmentedRaftLogWorker] INFO  segmented.SegmentedRaftLogWorker (SegmentedRaftLogWorker.java:close(228)) - 62ec8eb9-3ae9-4136-b70a-2caf3716fa7f@group-02FBD30808D9-SegmentedRaftLogWorker close()
2019-09-25 07:05:14,440 [62ec8eb9-3ae9-4136-b70a-2caf3716fa7f@group-DC60A5138291-SegmentedRaftLogWorker] ERROR segmented.SegmentedRaftLogWorker (SegmentedRaftLogWorker.java:run(323)) - 62ec8eb9-3ae9-4136-b70a-2caf3716fa7f@group-DC60A5138291-SegmentedRaftLogWorker hit exception
java.lang.OutOfMemoryError: Direct buffer memory
	at java.nio.Bits.reserveMemory(Bits.java:666)
	at java.nio.DirectByteBuffer.<init>(DirectByteBuffer.java:123)
	at java.nio.ByteBuffer.allocateDirect(ByteBuffer.java:311)
	at org.apache.ratis.server.raftlog.segmented.BufferedWriteChannel.<init>(BufferedWriteChannel.java:41)
	at org.apache.ratis.server.raftlog.segmented.SegmentedRaftLogOutputStream.<init>(SegmentedRaftLogOutputStream.java:72)
	at org.apache.ratis.server.raftlog.segmented.SegmentedRaftLogWorker$StartLogSegment.execute(SegmentedRaftLogWorker.java:566)
	at org.apache.ratis.server.raftlog.segmented.SegmentedRaftLogWorker.run(SegmentedRaftLogWorker.java:289)
	at java.lang.Thread.run(Thread.java:748)
2019-09-25 07:05:14,440 [62ec8eb9-3ae9-4136-b70a-2caf3716fa7f@group-DC60A5138291-SegmentedRaftLogWorker] INFO  impl.RaftServerImpl (RaftServerImpl.java:lambda$shutdown$3(251)) - 62ec8eb9-3ae9-4136-b70a-2caf3716fa7f@group-DC60A5138291: shutdown
2019-09-25 07:05:14,440 [62ec8eb9-3ae9-4136-b70a-2caf3716fa7f@group-DC60A5138291-SegmentedRaftLogWorker] INFO  util.JmxRegister (JmxRegister.java:unregister(73)) - Successfully un-registered JMX Bean with object name Ratis:service=RaftServer,group=group-DC60A5138291,id=62ec8eb9-3ae9-4136-b70a-2caf3716fa7f
2019-09-25 07:05:14,440 [62ec8eb9-3ae9-4136-b70a-2caf3716fa7f@group-DC60A5138291-SegmentedRaftLogWorker] INFO  impl.RoleInfo (RoleInfo.java:shutdownLeaderState(104)) - 62ec8eb9-3ae9-4136-b70a-2caf3716fa7f: shutdown LeaderState
2019-09-25 07:05:14,440 [62ec8eb9-3ae9-4136-b70a-2caf3716fa7f@group-DC60A5138291-SegmentedRaftLogWorker] INFO  impl.PendingRequests (PendingRequests.java:sendNotLeaderResponses(202)) - 62ec8eb9-3ae9-4136-b70a-2caf3716fa7f-PendingRequests: sendNotLeaderResponses
2019-09-25 07:05:14,441 [62ec8eb9-3ae9-4136-b70a-2caf3716fa7f@group-DC60A5138291-SegmentedRaftLogWorker] INFO  impl.StateMachineUpdater (StateMachineUpdater.java:stopAndJoin(125)) - 62ec8eb9-3ae9-4136-b70a-2caf3716fa7f@group-DC60A5138291-StateMachineUpdater: set stopIndex = -1
2019-09-25 07:05:14,441 [62ec8eb9-3ae9-4136-b70a-2caf3716fa7f@group-DC60A5138291-SegmentedRaftLogWorker] INFO  impl.RaftServerImpl (ServerState.java:close(385)) - 62ec8eb9-3ae9-4136-b70a-2caf3716fa7f@group-DC60A5138291: closes. applyIndex: -1
2019-09-25 07:05:14,441 [62ec8eb9-3ae9-4136-b70a-2caf3716fa7f@group-DC60A5138291-SegmentedRaftLogWorker] INFO  segmented.SegmentedRaftLogWorker (SegmentedRaftLogWorker.java:close(228)) - 62ec8eb9-3ae9-4136-b70a-2caf3716fa7f@group-DC60A5138291-SegmentedRaftLogWorker close()
2019-09-25 07:05:14,448 [e568d23f-199e-48ce-91e4-5c166e2e97cd@group-927145DE84C6-SegmentedRaftLogWorker] ERROR segmented.SegmentedRaftLogWorker (SegmentedRaftLogWorker.java:run(323)) - e568d23f-199e-48ce-91e4-5c166e2e97cd@group-927145DE84C6-SegmentedRaftLogWorker hit exception
java.lang.OutOfMemoryError: Direct buffer memory
	at java.nio.Bits.reserveMemory(Bits.java:666)
	at java.nio.DirectByteBuffer.<init>(DirectByteBuffer.java:123)
	at java.nio.ByteBuffer.allocateDirect(ByteBuffer.java:311)
	at org.apache.ratis.server.raftlog.segmented.BufferedWriteChannel.<init>(BufferedWriteChannel.java:41)
	at org.apache.ratis.server.raftlog.segmented.SegmentedRaftLogOutputStream.<init>(SegmentedRaftLogOutputStream.java:72)
	at org.apache.ratis.server.raftlog.segmented.SegmentedRaftLogWorker$StartLogSegment.execute(SegmentedRaftLogWorker.java:566)
	at org.apache.ratis.server.raftlog.segmented.SegmentedRaftLogWorker.run(SegmentedRaftLogWorker.java:289)
	at java.lang.Thread.run(Thread.java:748)
2019-09-25 07:05:14,448 [e568d23f-199e-48ce-91e4-5c166e2e97cd@group-927145DE84C6-SegmentedRaftLogWorker] INFO  impl.RaftServerImpl (RaftServerImpl.java:lambda$shutdown$3(251)) - e568d23f-199e-48ce-91e4-5c166e2e97cd@group-927145DE84C6: shutdown
2019-09-25 07:05:14,448 [e568d23f-199e-48ce-91e4-5c166e2e97cd@group-927145DE84C6-SegmentedRaftLogWorker] INFO  util.JmxRegister (JmxRegister.java:unregister(73)) - Successfully un-registered JMX Bean with object name Ratis:service=RaftServer,group=group-927145DE84C6,id=e568d23f-199e-48ce-91e4-5c166e2e97cd
2019-09-25 07:05:14,448 [e568d23f-199e-48ce-91e4-5c166e2e97cd@group-927145DE84C6-SegmentedRaftLogWorker] INFO  impl.RoleInfo (RoleInfo.java:shutdownLeaderState(104)) - e568d23f-199e-48ce-91e4-5c166e2e97cd: shutdown LeaderState
2019-09-25 07:05:14,448 [e568d23f-199e-48ce-91e4-5c166e2e97cd@group-927145DE84C6-SegmentedRaftLogWorker] INFO  impl.PendingRequests (PendingRequests.java:sendNotLeaderResponses(202)) - e568d23f-199e-48ce-91e4-5c166e2e97cd-PendingRequests: sendNotLeaderResponses
2019-09-25 07:05:14,449 [e568d23f-199e-48ce-91e4-5c166e2e97cd@group-927145DE84C6-SegmentedRaftLogWorker] INFO  impl.StateMachineUpdater (StateMachineUpdater.java:stopAndJoin(125)) - e568d23f-199e-48ce-91e4-5c166e2e97cd@group-927145DE84C6-StateMachineUpdater: set stopIndex = -1
2019-09-25 07:05:14,449 [e568d23f-199e-48ce-91e4-5c166e2e97cd@group-927145DE84C6-SegmentedRaftLogWorker] INFO  impl.RaftServerImpl (ServerState.java:close(385)) - e568d23f-199e-48ce-91e4-5c166e2e97cd@group-927145DE84C6: closes. applyIndex: -1
2019-09-25 07:05:14,449 [e568d23f-199e-48ce-91e4-5c166e2e97cd@group-927145DE84C6-SegmentedRaftLogWorker] INFO  segmented.SegmentedRaftLogWorker (SegmentedRaftLogWorker.java:close(228)) - e568d23f-199e-48ce-91e4-5c166e2e97cd@group-927145DE84C6-SegmentedRaftLogWorker close()
2019-09-25 07:05:14,460 [62ec8eb9-3ae9-4136-b70a-2caf3716fa7f@group-8BD09226B55A-SegmentedRaftLogWorker] ERROR segmented.SegmentedRaftLogWorker (SegmentedRaftLogWorker.java:run(323)) - 62ec8eb9-3ae9-4136-b70a-2caf3716fa7f@group-8BD09226B55A-SegmentedRaftLogWorker hit exception
java.lang.OutOfMemoryError: Direct buffer memory
	at java.nio.Bits.reserveMemory(Bits.java:666)
	at java.nio.DirectByteBuffer.<init>(DirectByteBuffer.java:123)
	at java.nio.ByteBuffer.allocateDirect(ByteBuffer.java:311)
	at org.apache.ratis.server.raftlog.segmented.BufferedWriteChannel.<init>(BufferedWriteChannel.java:41)
	at org.apache.ratis.server.raftlog.segmented.SegmentedRaftLogOutputStream.<init>(SegmentedRaftLogOutputStream.java:72)
	at org.apache.ratis.server.raftlog.segmented.SegmentedRaftLogWorker$StartLogSegment.execute(SegmentedRaftLogWorker.java:566)
	at org.apache.ratis.server.raftlog.segmented.SegmentedRaftLogWorker.run(SegmentedRaftLogWorker.java:289)
	at java.lang.Thread.run(Thread.java:748)
2019-09-25 07:05:14,460 [62ec8eb9-3ae9-4136-b70a-2caf3716fa7f@group-8BD09226B55A-SegmentedRaftLogWorker] INFO  impl.RaftServerImpl (RaftServerImpl.java:lambda$shutdown$3(251)) - 62ec8eb9-3ae9-4136-b70a-2caf3716fa7f@group-8BD09226B55A: shutdown
2019-09-25 07:05:14,460 [24bf2945-a329-4da6-aaf2-23ecd8d462c6@group-BCAD19D2ACA2-SegmentedRaftLogWorker] ERROR segmented.SegmentedRaftLogWorker (SegmentedRaftLogWorker.java:run(323)) - 24bf2945-a329-4da6-aaf2-23ecd8d462c6@group-BCAD19D2ACA2-SegmentedRaftLogWorker hit exception
java.lang.OutOfMemoryError: Direct buffer memory
	at java.nio.Bits.reserveMemory(Bits.java:666)
	at java.nio.DirectByteBuffer.<init>(DirectByteBuffer.java:123)
	at java.nio.ByteBuffer.allocateDirect(ByteBuffer.java:311)
	at org.apache.ratis.server.raftlog.segmented.BufferedWriteChannel.<init>(BufferedWriteChannel.java:41)
	at org.apache.ratis.server.raftlog.segmented.SegmentedRaftLogOutputStream.<init>(SegmentedRaftLogOutputStream.java:72)
	at org.apache.ratis.server.raftlog.segmented.SegmentedRaftLogWorker$StartLogSegment.execute(SegmentedRaftLogWorker.java:566)
	at org.apache.ratis.server.raftlog.segmented.SegmentedRaftLogWorker.run(SegmentedRaftLogWorker.java:289)
	at java.lang.Thread.run(Thread.java:748)
2019-09-25 07:05:14,461 [62ec8eb9-3ae9-4136-b70a-2caf3716fa7f@group-8BD09226B55A-SegmentedRaftLogWorker] INFO  util.JmxRegister (JmxRegister.java:unregister(73)) - Successfully un-registered JMX Bean with object name Ratis:service=RaftServer,group=group-8BD09226B55A,id=62ec8eb9-3ae9-4136-b70a-2caf3716fa7f
2019-09-25 07:05:14,461 [24bf2945-a329-4da6-aaf2-23ecd8d462c6@group-BCAD19D2ACA2-SegmentedRaftLogWorker] INFO  impl.RaftServerImpl (RaftServerImpl.java:lambda$shutdown$3(251)) - 24bf2945-a329-4da6-aaf2-23ecd8d462c6@group-BCAD19D2ACA2: shutdown
2019-09-25 07:05:14,461 [62ec8eb9-3ae9-4136-b70a-2caf3716fa7f@group-8BD09226B55A-SegmentedRaftLogWorker] INFO  impl.RoleInfo (RoleInfo.java:shutdownLeaderState(104)) - 62ec8eb9-3ae9-4136-b70a-2caf3716fa7f: shutdown LeaderState
2019-09-25 07:05:14,461 [24bf2945-a329-4da6-aaf2-23ecd8d462c6@group-BCAD19D2ACA2-SegmentedRaftLogWorker] INFO  util.JmxRegister (JmxRegister.java:unregister(73)) - Successfully un-registered JMX Bean with object name Ratis:service=RaftServer,group=group-BCAD19D2ACA2,id=24bf2945-a329-4da6-aaf2-23ecd8d462c6
2019-09-25 07:05:14,461 [62ec8eb9-3ae9-4136-b70a-2caf3716fa7f@group-8BD09226B55A-SegmentedRaftLogWorker] INFO  impl.PendingRequests (PendingRequests.java:sendNotLeaderResponses(202)) - 62ec8eb9-3ae9-4136-b70a-2caf3716fa7f-PendingRequests: sendNotLeaderResponses
2019-09-25 07:05:14,461 [24bf2945-a329-4da6-aaf2-23ecd8d462c6@group-BCAD19D2ACA2-SegmentedRaftLogWorker] INFO  impl.RoleInfo (RoleInfo.java:shutdownLeaderState(104)) - 24bf2945-a329-4da6-aaf2-23ecd8d462c6: shutdown LeaderState
2019-09-25 07:05:14,462 [62ec8eb9-3ae9-4136-b70a-2caf3716fa7f@group-8BD09226B55A-SegmentedRaftLogWorker] INFO  impl.StateMachineUpdater (StateMachineUpdater.java:stopAndJoin(125)) - 62ec8eb9-3ae9-4136-b70a-2caf3716fa7f@group-8BD09226B55A-StateMachineUpdater: set stopIndex = -1
2019-09-25 07:05:14,462 [24bf2945-a329-4da6-aaf2-23ecd8d462c6@group-BCAD19D2ACA2-SegmentedRaftLogWorker] INFO  impl.PendingRequests (PendingRequests.java:sendNotLeaderResponses(202)) - 24bf2945-a329-4da6-aaf2-23ecd8d462c6-PendingRequests: sendNotLeaderResponses
2019-09-25 07:05:14,462 [24bf2945-a329-4da6-aaf2-23ecd8d462c6@group-BCAD19D2ACA2-SegmentedRaftLogWorker] INFO  impl.StateMachineUpdater (StateMachineUpdater.java:stopAndJoin(125)) - 24bf2945-a329-4da6-aaf2-23ecd8d462c6@group-BCAD19D2ACA2-StateMachineUpdater: set stopIndex = -1
2019-09-25 07:05:14,462 [62ec8eb9-3ae9-4136-b70a-2caf3716fa7f@group-8BD09226B55A-SegmentedRaftLogWorker] INFO  impl.RaftServerImpl (ServerState.java:close(385)) - 62ec8eb9-3ae9-4136-b70a-2caf3716fa7f@group-8BD09226B55A: closes. applyIndex: -1
2019-09-25 07:05:14,462 [24bf2945-a329-4da6-aaf2-23ecd8d462c6@group-BCAD19D2ACA2-SegmentedRaftLogWorker] INFO  impl.RaftServerImpl (ServerState.java:close(385)) - 24bf2945-a329-4da6-aaf2-23ecd8d462c6@group-BCAD19D2ACA2: closes. applyIndex: -1
2019-09-25 07:05:14,462 [62ec8eb9-3ae9-4136-b70a-2caf3716fa7f@group-8BD09226B55A-SegmentedRaftLogWorker] INFO  segmented.SegmentedRaftLogWorker (SegmentedRaftLogWorker.java:close(228)) - 62ec8eb9-3ae9-4136-b70a-2caf3716fa7f@group-8BD09226B55A-SegmentedRaftLogWorker close()
2019-09-25 07:05:14,463 [24bf2945-a329-4da6-aaf2-23ecd8d462c6@group-BCAD19D2ACA2-SegmentedRaftLogWorker] INFO  segmented.SegmentedRaftLogWorker (SegmentedRaftLogWorker.java:close(228)) - 24bf2945-a329-4da6-aaf2-23ecd8d462c6@group-BCAD19D2ACA2-SegmentedRaftLogWorker close()
2019-09-25 07:05:14,468 [62ec8eb9-3ae9-4136-b70a-2caf3716fa7f@group-FFC5433C2152-SegmentedRaftLogWorker] ERROR segmented.SegmentedRaftLogWorker (SegmentedRaftLogWorker.java:run(323)) - 62ec8eb9-3ae9-4136-b70a-2caf3716fa7f@group-FFC5433C2152-SegmentedRaftLogWorker hit exception
java.lang.OutOfMemoryError: Direct buffer memory
	at java.nio.Bits.reserveMemory(Bits.java:666)
	at java.nio.DirectByteBuffer.<init>(DirectByteBuffer.java:123)
	at java.nio.ByteBuffer.allocateDirect(ByteBuffer.java:311)
	at org.apache.ratis.server.raftlog.segmented.BufferedWriteChannel.<init>(BufferedWriteChannel.java:41)
	at org.apache.ratis.server.raftlog.segmented.SegmentedRaftLogOutputStream.<init>(SegmentedRaftLogOutputStream.java:72)
	at org.apache.ratis.server.raftlog.segmented.SegmentedRaftLogWorker$StartLogSegment.execute(SegmentedRaftLogWorker.java:566)
	at org.apache.ratis.server.raftlog.segmented.SegmentedRaftLogWorker.run(SegmentedRaftLogWorker.java:289)
	at java.lang.Thread.run(Thread.java:748)
2019-09-25 07:05:14,468 [e568d23f-199e-48ce-91e4-5c166e2e97cd@group-63D2AA3E0585-SegmentedRaftLogWorker] ERROR segmented.SegmentedRaftLogWorker (SegmentedRaftLogWorker.java:run(323)) - e568d23f-199e-48ce-91e4-5c166e2e97cd@group-63D2AA3E0585-SegmentedRaftLogWorker hit exception
java.lang.OutOfMemoryError: Direct buffer memory
	at java.nio.Bits.reserveMemory(Bits.java:666)
	at java.nio.DirectByteBuffer.<init>(DirectByteBuffer.java:123)
	at java.nio.ByteBuffer.allocateDirect(ByteBuffer.java:311)
	at org.apache.ratis.server.raftlog.segmented.BufferedWriteChannel.<init>(BufferedWriteChannel.java:41)
	at org.apache.ratis.server.raftlog.segmented.SegmentedRaftLogOutputStream.<init>(SegmentedRaftLogOutputStream.java:72)
	at org.apache.ratis.server.raftlog.segmented.SegmentedRaftLogWorker$StartLogSegment.execute(SegmentedRaftLogWorker.java:566)
	at org.apache.ratis.server.raftlog.segmented.SegmentedRaftLogWorker.run(SegmentedRaftLogWorker.java:289)
	at java.lang.Thread.run(Thread.java:748)
2019-09-25 07:05:14,468 [62ec8eb9-3ae9-4136-b70a-2caf3716fa7f@group-34589095EC66-SegmentedRaftLogWorker] ERROR segmented.SegmentedRaftLogWorker (SegmentedRaftLogWorker.java:run(323)) - 62ec8eb9-3ae9-4136-b70a-2caf3716fa7f@group-34589095EC66-SegmentedRaftLogWorker hit exception
java.lang.OutOfMemoryError: Direct buffer memory
	at java.nio.Bits.reserveMemory(Bits.java:666)
	at java.nio.DirectByteBuffer.<init>(DirectByteBuffer.java:123)
	at java.nio.ByteBuffer.allocateDirect(ByteBuffer.java:311)
	at org.apache.ratis.server.raftlog.segmented.BufferedWriteChannel.<init>(BufferedWriteChannel.java:41)
	at org.apache.ratis.server.raftlog.segmented.SegmentedRaftLogOutputStream.<init>(SegmentedRaftLogOutputStream.java:72)
	at org.apache.ratis.server.raftlog.segmented.SegmentedRaftLogWorker$StartLogSegment.execute(SegmentedRaftLogWorker.java:566)
	at org.apache.ratis.server.raftlog.segmented.SegmentedRaftLogWorker.run(SegmentedRaftLogWorker.java:289)
	at java.lang.Thread.run(Thread.java:748)
2019-09-25 07:05:14,468 [24bf2945-a329-4da6-aaf2-23ecd8d462c6@group-96B88C982F86-SegmentedRaftLogWorker] ERROR segmented.SegmentedRaftLogWorker (SegmentedRaftLogWorker.java:run(323)) - 24bf2945-a329-4da6-aaf2-23ecd8d462c6@group-96B88C982F86-SegmentedRaftLogWorker hit exception
java.lang.OutOfMemoryError: Direct buffer memory
	at java.nio.Bits.reserveMemory(Bits.java:666)
	at java.nio.DirectByteBuffer.<init>(DirectByteBuffer.java:123)
	at java.nio.ByteBuffer.allocateDirect(ByteBuffer.java:311)
	at org.apache.ratis.server.raftlog.segmented.BufferedWriteChannel.<init>(BufferedWriteChannel.java:41)
	at org.apache.ratis.server.raftlog.segmented.SegmentedRaftLogOutputStream.<init>(SegmentedRaftLogOutputStream.java:72)
	at org.apache.ratis.server.raftlog.segmented.SegmentedRaftLogWorker$StartLogSegment.execute(SegmentedRaftLogWorker.java:566)
	at org.apache.ratis.server.raftlog.segmented.SegmentedRaftLogWorker.run(SegmentedRaftLogWorker.java:289)
	at java.lang.Thread.run(Thread.java:748)
2019-09-25 07:05:14,470 [24bf2945-a329-4da6-aaf2-23ecd8d462c6@group-96B88C982F86-SegmentedRaftLogWorker] INFO  impl.RaftServerImpl (RaftServerImpl.java:lambda$shutdown$3(251)) - 24bf2945-a329-4da6-aaf2-23ecd8d462c6@group-96B88C982F86: shutdown
2019-09-25 07:05:14,468 [24bf2945-a329-4da6-aaf2-23ecd8d462c6@group-6CCE13CCC209-SegmentedRaftLogWorker] ERROR segmented.SegmentedRaftLogWorker (SegmentedRaftLogWorker.java:run(323)) - 24bf2945-a329-4da6-aaf2-23ecd8d462c6@group-6CCE13CCC209-SegmentedRaftLogWorker hit exception
java.lang.OutOfMemoryError: Direct buffer memory
	at java.nio.Bits.reserveMemory(Bits.java:666)
	at java.nio.DirectByteBuffer.<init>(DirectByteBuffer.java:123)
	at java.nio.ByteBuffer.allocateDirect(ByteBuffer.java:311)
	at org.apache.ratis.server.raftlog.segmented.BufferedWriteChannel.<init>(BufferedWriteChannel.java:41)
	at org.apache.ratis.server.raftlog.segmented.SegmentedRaftLogOutputStream.<init>(SegmentedRaftLogOutputStream.java:72)
	at org.apache.ratis.server.raftlog.segmented.SegmentedRaftLogWorker$StartLogSegment.execute(SegmentedRaftLogWorker.java:566)
	at org.apache.ratis.server.raftlog.segmented.SegmentedRaftLogWorker.run(SegmentedRaftLogWorker.java:289)
	at java.lang.Thread.run(Thread.java:748)
2019-09-25 07:05:14,470 [24bf2945-a329-4da6-aaf2-23ecd8d462c6@group-6CCE13CCC209-SegmentedRaftLogWorker] INFO  impl.RaftServerImpl (RaftServerImpl.java:lambda$shutdown$3(251)) - 24bf2945-a329-4da6-aaf2-23ecd8d462c6@group-6CCE13CCC209: shutdown
2019-09-25 07:05:14,468 [24bf2945-a329-4da6-aaf2-23ecd8d462c6@group-D2BB2F6B7057-SegmentedRaftLogWorker] ERROR segmented.SegmentedRaftLogWorker (SegmentedRaftLogWorker.java:run(323)) - 24bf2945-a329-4da6-aaf2-23ecd8d462c6@group-D2BB2F6B7057-SegmentedRaftLogWorker hit exception
java.lang.OutOfMemoryError: Direct buffer memory
	at java.nio.Bits.reserveMemory(Bits.java:666)
	at java.nio.DirectByteBuffer.<init>(DirectByteBuffer.java:123)
	at java.nio.ByteBuffer.allocateDirect(ByteBuffer.java:311)
	at org.apache.ratis.server.raftlog.segmented.BufferedWriteChannel.<init>(BufferedWriteChannel.java:41)
	at org.apache.ratis.server.raftlog.segmented.SegmentedRaftLogOutputStream.<init>(SegmentedRaftLogOutputStream.java:72)
	at org.apache.ratis.server.raftlog.segmented.SegmentedRaftLogWorker$StartLogSegment.execute(SegmentedRaftLogWorker.java:566)
	at org.apache.ratis.server.raftlog.segmented.SegmentedRaftLogWorker.run(SegmentedRaftLogWorker.java:289)
	at java.lang.Thread.run(Thread.java:748)
2019-09-25 07:05:14,468 [62ec8eb9-3ae9-4136-b70a-2caf3716fa7f@group-52492DA1CE05-SegmentedRaftLogWorker] ERROR segmented.SegmentedRaftLogWorker (SegmentedRaftLogWorker.java:run(323)) - 62ec8eb9-3ae9-4136-b70a-2caf3716fa7f@group-52492DA1CE05-SegmentedRaftLogWorker hit exception
java.lang.OutOfMemoryError: Direct buffer memory
	at java.nio.Bits.reserveMemory(Bits.java:666)
	at java.nio.DirectByteBuffer.<init>(DirectByteBuffer.java:123)
	at java.nio.ByteBuffer.allocateDirect(ByteBuffer.java:311)
	at org.apache.ratis.server.raftlog.segmented.BufferedWriteChannel.<init>(BufferedWriteChannel.java:41)
	at org.apache.ratis.server.raftlog.segmented.SegmentedRaftLogOutputStream.<init>(SegmentedRaftLogOutputStream.java:72)
	at org.apache.ratis.server.raftlog.segmented.SegmentedRaftLogWorker$StartLogSegment.execute(SegmentedRaftLogWorker.java:566)
	at org.apache.ratis.server.raftlog.segmented.SegmentedRaftLogWorker.run(SegmentedRaftLogWorker.java:289)
	at java.lang.Thread.run(Thread.java:748)
2019-09-25 07:05:14,471 [24bf2945-a329-4da6-aaf2-23ecd8d462c6@group-D2BB2F6B7057-SegmentedRaftLogWorker] INFO  impl.RaftServerImpl (RaftServerImpl.java:lambda$shutdown$3(251)) - 24bf2945-a329-4da6-aaf2-23ecd8d462c6@group-D2BB2F6B7057: shutdown
2019-09-25 07:05:14,471 [e568d23f-199e-48ce-91e4-5c166e2e97cd@group-EC8A69775D8E-SegmentedRaftLogWorker] ERROR segmented.SegmentedRaftLogWorker (SegmentedRaftLogWorker.java:run(323)) - e568d23f-199e-48ce-91e4-5c166e2e97cd@group-EC8A69775D8E-SegmentedRaftLogWorker hit exception
java.lang.OutOfMemoryError: Direct buffer memory
	at java.nio.Bits.reserveMemory(Bits.java:666)
	at java.nio.DirectByteBuffer.<init>(DirectByteBuffer.java:123)
	at java.nio.ByteBuffer.allocateDirect(ByteBuffer.java:311)
	at org.apache.ratis.server.raftlog.segmented.BufferedWriteChannel.<init>(BufferedWriteChannel.java:41)
	at org.apache.ratis.server.raftlog.segmented.SegmentedRaftLogOutputStream.<init>(SegmentedRaftLogOutputStream.java:72)
	at org.apache.ratis.server.raftlog.segmented.SegmentedRaftLogWorker$StartLogSegment.execute(SegmentedRaftLogWorker.java:566)
	at org.apache.ratis.server.raftlog.segmented.SegmentedRaftLogWorker.run(SegmentedRaftLogWorker.java:289)
	at java.lang.Thread.run(Thread.java:748)
2019-09-25 07:05:14,472 [e568d23f-199e-48ce-91e4-5c166e2e97cd@group-EC8A69775D8E-SegmentedRaftLogWorker] INFO  impl.RaftServerImpl (RaftServerImpl.java:lambda$shutdown$3(251)) - e568d23f-199e-48ce-91e4-5c166e2e97cd@group-EC8A69775D8E: shutdown
2019-09-25 07:05:14,471 [24bf2945-a329-4da6-aaf2-23ecd8d462c6@group-6CCE13CCC209-SegmentedRaftLogWorker] INFO  util.JmxRegister (JmxRegister.java:unregister(73)) - Successfully un-registered JMX Bean with object name Ratis:service=RaftServer,group=group-6CCE13CCC209,id=24bf2945-a329-4da6-aaf2-23ecd8d462c6
2019-09-25 07:05:14,472 [24bf2945-a329-4da6-aaf2-23ecd8d462c6@group-6CCE13CCC209-SegmentedRaftLogWorker] INFO  impl.RoleInfo (RoleInfo.java:shutdownLeaderState(104)) - 24bf2945-a329-4da6-aaf2-23ecd8d462c6: shutdown LeaderState
2019-09-25 07:05:14,470 [24bf2945-a329-4da6-aaf2-23ecd8d462c6@group-96B88C982F86-SegmentedRaftLogWorker] INFO  util.JmxRegister (JmxRegister.java:unregister(73)) - Successfully un-registered JMX Bean with object name Ratis:service=RaftServer,group=group-96B88C982F86,id=24bf2945-a329-4da6-aaf2-23ecd8d462c6
2019-09-25 07:05:14,470 [62ec8eb9-3ae9-4136-b70a-2caf3716fa7f@group-34589095EC66-SegmentedRaftLogWorker] INFO  impl.RaftServerImpl (RaftServerImpl.java:lambda$shutdown$3(251)) - 62ec8eb9-3ae9-4136-b70a-2caf3716fa7f@group-34589095EC66: shutdown
2019-09-25 07:05:14,469 [e568d23f-199e-48ce-91e4-5c166e2e97cd@group-63D2AA3E0585-SegmentedRaftLogWorker] INFO  impl.RaftServerImpl (RaftServerImpl.java:lambda$shutdown$3(251)) - e568d23f-199e-48ce-91e4-5c166e2e97cd@group-63D2AA3E0585: shutdown
2019-09-25 07:05:14,469 [62ec8eb9-3ae9-4136-b70a-2caf3716fa7f@group-FFC5433C2152-SegmentedRaftLogWorker] INFO  impl.RaftServerImpl (RaftServerImpl.java:lambda$shutdown$3(251)) - 62ec8eb9-3ae9-4136-b70a-2caf3716fa7f@group-FFC5433C2152: shutdown
2019-09-25 07:05:14,473 [e568d23f-199e-48ce-91e4-5c166e2e97cd@group-63D2AA3E0585-SegmentedRaftLogWorker] INFO  util.JmxRegister (JmxRegister.java:unregister(73)) - Successfully un-registered JMX Bean with object name Ratis:service=RaftServer,group=group-63D2AA3E0585,id=e568d23f-199e-48ce-91e4-5c166e2e97cd
2019-09-25 07:05:14,473 [62ec8eb9-3ae9-4136-b70a-2caf3716fa7f@group-34589095EC66-SegmentedRaftLogWorker] INFO  util.JmxRegister (JmxRegister.java:unregister(73)) - Successfully un-registered JMX Bean with object name Ratis:service=RaftServer,group=group-34589095EC66,id=62ec8eb9-3ae9-4136-b70a-2caf3716fa7f
2019-09-25 07:05:14,473 [24bf2945-a329-4da6-aaf2-23ecd8d462c6@group-96B88C982F86-SegmentedRaftLogWorker] INFO  impl.RoleInfo (RoleInfo.java:shutdownLeaderState(104)) - 24bf2945-a329-4da6-aaf2-23ecd8d462c6: shutdown LeaderState
2019-09-25 07:05:14,472 [24bf2945-a329-4da6-aaf2-23ecd8d462c6@group-6CCE13CCC209-SegmentedRaftLogWorker] INFO  impl.PendingRequests (PendingRequests.java:sendNotLeaderResponses(202)) - 24bf2945-a329-4da6-aaf2-23ecd8d462c6-PendingRequests: sendNotLeaderResponses
2019-09-25 07:05:14,472 [e568d23f-199e-48ce-91e4-5c166e2e97cd@group-EC8A69775D8E-SegmentedRaftLogWorker] INFO  util.JmxRegister (JmxRegister.java:unregister(73)) - Successfully un-registered JMX Bean with object name Ratis:service=RaftServer,group=group-EC8A69775D8E,id=e568d23f-199e-48ce-91e4-5c166e2e97cd
2019-09-25 07:05:14,472 [24bf2945-a329-4da6-aaf2-23ecd8d462c6@group-D2BB2F6B7057-SegmentedRaftLogWorker] INFO  util.JmxRegister (JmxRegister.java:unregister(73)) - Successfully un-registered JMX Bean with object name Ratis:service=RaftServer,group=group-D2BB2F6B7057,id=24bf2945-a329-4da6-aaf2-23ecd8d462c6
2019-09-25 07:05:14,471 [62ec8eb9-3ae9-4136-b70a-2caf3716fa7f@group-52492DA1CE05-SegmentedRaftLogWorker] INFO  impl.RaftServerImpl (RaftServerImpl.java:lambda$shutdown$3(251)) - 62ec8eb9-3ae9-4136-b70a-2caf3716fa7f@group-52492DA1CE05: shutdown
2019-09-25 07:05:14,474 [24bf2945-a329-4da6-aaf2-23ecd8d462c6@group-D2BB2F6B7057-SegmentedRaftLogWorker] INFO  impl.RoleInfo (RoleInfo.java:shutdownLeaderState(104)) - 24bf2945-a329-4da6-aaf2-23ecd8d462c6: shutdown LeaderState
2019-09-25 07:05:14,474 [e568d23f-199e-48ce-91e4-5c166e2e97cd@group-EC8A69775D8E-SegmentedRaftLogWorker] INFO  impl.RoleInfo (RoleInfo.java:shutdownLeaderState(104)) - e568d23f-199e-48ce-91e4-5c166e2e97cd: shutdown LeaderState
2019-09-25 07:05:14,474 [24bf2945-a329-4da6-aaf2-23ecd8d462c6@group-6CCE13CCC209-SegmentedRaftLogWorker] INFO  impl.StateMachineUpdater (StateMachineUpdater.java:stopAndJoin(125)) - 24bf2945-a329-4da6-aaf2-23ecd8d462c6@group-6CCE13CCC209-StateMachineUpdater: set stopIndex = -1
2019-09-25 07:05:14,475 [24bf2945-a329-4da6-aaf2-23ecd8d462c6@group-6CCE13CCC209-SegmentedRaftLogWorker] INFO  impl.RaftServerImpl (ServerState.java:close(385)) - 24bf2945-a329-4da6-aaf2-23ecd8d462c6@group-6CCE13CCC209: closes. applyIndex: -1
2019-09-25 07:05:14,474 [24bf2945-a329-4da6-aaf2-23ecd8d462c6@group-96B88C982F86-SegmentedRaftLogWorker] INFO  impl.PendingRequests (PendingRequests.java:sendNotLeaderResponses(202)) - 24bf2945-a329-4da6-aaf2-23ecd8d462c6-PendingRequests: sendNotLeaderResponses
2019-09-25 07:05:14,474 [62ec8eb9-3ae9-4136-b70a-2caf3716fa7f@group-34589095EC66-SegmentedRaftLogWorker] INFO  impl.RoleInfo (RoleInfo.java:shutdownLeaderState(104)) - 62ec8eb9-3ae9-4136-b70a-2caf3716fa7f: shutdown LeaderState
2019-09-25 07:05:14,473 [e568d23f-199e-48ce-91e4-5c166e2e97cd@group-63D2AA3E0585-SegmentedRaftLogWorker] INFO  impl.RoleInfo (RoleInfo.java:shutdownLeaderState(104)) - e568d23f-199e-48ce-91e4-5c166e2e97cd: shutdown LeaderState
2019-09-25 07:05:14,473 [62ec8eb9-3ae9-4136-b70a-2caf3716fa7f@group-FFC5433C2152-SegmentedRaftLogWorker] INFO  util.JmxRegister (JmxRegister.java:unregister(73)) - Successfully un-registered JMX Bean with object name Ratis:service=RaftServer,group=group-FFC5433C2152,id=62ec8eb9-3ae9-4136-b70a-2caf3716fa7f
2019-09-25 07:05:14,476 [e568d23f-199e-48ce-91e4-5c166e2e97cd@group-63D2AA3E0585-SegmentedRaftLogWorker] INFO  impl.PendingRequests (PendingRequests.java:sendNotLeaderResponses(202)) - e568d23f-199e-48ce-91e4-5c166e2e97cd-PendingRequests: sendNotLeaderResponses
2019-09-25 07:05:14,476 [62ec8eb9-3ae9-4136-b70a-2caf3716fa7f@group-34589095EC66-SegmentedRaftLogWorker] INFO  impl.PendingRequests (PendingRequests.java:sendNotLeaderResponses(202)) - 62ec8eb9-3ae9-4136-b70a-2caf3716fa7f-PendingRequests: sendNotLeaderResponses
2019-09-25 07:05:14,475 [24bf2945-a329-4da6-aaf2-23ecd8d462c6@group-96B88C982F86-SegmentedRaftLogWorker] INFO  impl.StateMachineUpdater (StateMachineUpdater.java:stopAndJoin(125)) - 24bf2945-a329-4da6-aaf2-23ecd8d462c6@group-96B88C982F86-StateMachineUpdater: set stopIndex = -1
2019-09-25 07:05:14,475 [24bf2945-a329-4da6-aaf2-23ecd8d462c6@group-6CCE13CCC209-SegmentedRaftLogWorker] INFO  segmented.SegmentedRaftLogWorker (SegmentedRaftLogWorker.java:close(228)) - 24bf2945-a329-4da6-aaf2-23ecd8d462c6@group-6CCE13CCC209-SegmentedRaftLogWorker close()
2019-09-25 07:05:14,475 [e568d23f-199e-48ce-91e4-5c166e2e97cd@group-EC8A69775D8E-SegmentedRaftLogWorker] INFO  impl.PendingRequests (PendingRequests.java:sendNotLeaderResponses(202)) - e568d23f-199e-48ce-91e4-5c166e2e97cd-PendingRequests: sendNotLeaderResponses
2019-09-25 07:05:14,475 [24bf2945-a329-4da6-aaf2-23ecd8d462c6@group-D2BB2F6B7057-SegmentedRaftLogWorker] INFO  impl.PendingRequests (PendingRequests.java:sendNotLeaderResponses(202)) - 24bf2945-a329-4da6-aaf2-23ecd8d462c6-PendingRequests: sendNotLeaderResponses
2019-09-25 07:05:14,474 [62ec8eb9-3ae9-4136-b70a-2caf3716fa7f@group-52492DA1CE05-SegmentedRaftLogWorker] INFO  util.JmxRegister (JmxRegister.java:unregister(73)) - Successfully un-registered JMX Bean with object name Ratis:service=RaftServer,group=group-52492DA1CE05,id=62ec8eb9-3ae9-4136-b70a-2caf3716fa7f
2019-09-25 07:05:14,477 [24bf2945-a329-4da6-aaf2-23ecd8d462c6@group-D2BB2F6B7057-SegmentedRaftLogWorker] INFO  impl.StateMachineUpdater (StateMachineUpdater.java:stopAndJoin(125)) - 24bf2945-a329-4da6-aaf2-23ecd8d462c6@group-D2BB2F6B7057-StateMachineUpdater: set stopIndex = -1
2019-09-25 07:05:14,477 [e568d23f-199e-48ce-91e4-5c166e2e97cd@group-EC8A69775D8E-SegmentedRaftLogWorker] INFO  impl.StateMachineUpdater (StateMachineUpdater.java:stopAndJoin(125)) - e568d23f-199e-48ce-91e4-5c166e2e97cd@group-EC8A69775D8E-StateMachineUpdater: set stopIndex = -1
2019-09-25 07:05:14,477 [24bf2945-a329-4da6-aaf2-23ecd8d462c6@group-96B88C982F86-SegmentedRaftLogWorker] INFO  impl.RaftServerImpl (ServerState.java:close(385)) - 24bf2945-a329-4da6-aaf2-23ecd8d462c6@group-96B88C982F86: closes. applyIndex: -1
2019-09-25 07:05:14,476 [62ec8eb9-3ae9-4136-b70a-2caf3716fa7f@group-34589095EC66-SegmentedRaftLogWorker] INFO  impl.StateMachineUpdater (StateMachineUpdater.java:stopAndJoin(125)) - 62ec8eb9-3ae9-4136-b70a-2caf3716fa7f@group-34589095EC66-StateMachineUpdater: set stopIndex = -1
2019-09-25 07:05:14,476 [e568d23f-199e-48ce-91e4-5c166e2e97cd@group-63D2AA3E0585-SegmentedRaftLogWorker] INFO  impl.StateMachineUpdater (StateMachineUpdater.java:stopAndJoin(125)) - e568d23f-199e-48ce-91e4-5c166e2e97cd@group-63D2AA3E0585-StateMachineUpdater: set stopIndex = -1
2019-09-25 07:05:14,476 [24bf2945-a329-4da6-aaf2-23ecd8d462c6@group-16D434BC82E0-SegmentedRaftLogWorker] ERROR segmented.SegmentedRaftLogWorker (SegmentedRaftLogWorker.java:run(323)) - 24bf2945-a329-4da6-aaf2-23ecd8d462c6@group-16D434BC82E0-SegmentedRaftLogWorker hit exception
java.lang.OutOfMemoryError: Direct buffer memory
	at java.nio.Bits.reserveMemory(Bits.java:666)
	at java.nio.DirectByteBuffer.<init>(DirectByteBuffer.java:123)
	at java.nio.ByteBuffer.allocateDirect(ByteBuffer.java:311)
	at org.apache.ratis.server.raftlog.segmented.BufferedWriteChannel.<init>(BufferedWriteChannel.java:41)
	at org.apache.ratis.server.raftlog.segmented.SegmentedRaftLogOutputStream.<init>(SegmentedRaftLogOutputStream.java:72)
	at org.apache.ratis.server.raftlog.segmented.SegmentedRaftLogWorker$StartLogSegment.execute(SegmentedRaftLogWorker.java:566)
	at org.apache.ratis.server.raftlog.segmented.SegmentedRaftLogWorker.run(SegmentedRaftLogWorker.java:289)
	at java.lang.Thread.run(Thread.java:748)
2019-09-25 07:05:14,476 [e568d23f-199e-48ce-91e4-5c166e2e97cd@group-9B8AC22ECFDA-SegmentedRaftLogWorker] ERROR segmented.SegmentedRaftLogWorker (SegmentedRaftLogWorker.java:run(323)) - e568d23f-199e-48ce-91e4-5c166e2e97cd@group-9B8AC22ECFDA-SegmentedRaftLogWorker hit exception
java.lang.OutOfMemoryError: Direct buffer memory
	at java.nio.Bits.reserveMemory(Bits.java:666)
	at java.nio.DirectByteBuffer.<init>(DirectByteBuffer.java:123)
	at java.nio.ByteBuffer.allocateDirect(ByteBuffer.java:311)
	at org.apache.ratis.server.raftlog.segmented.BufferedWriteChannel.<init>(BufferedWriteChannel.java:41)
	at org.apache.ratis.server.raftlog.segmented.SegmentedRaftLogOutputStream.<init>(SegmentedRaftLogOutputStream.java:72)
	at org.apache.ratis.server.raftlog.segmented.SegmentedRaftLogWorker$StartLogSegment.execute(SegmentedRaftLogWorker.java:566)
	at org.apache.ratis.server.raftlog.segmented.SegmentedRaftLogWorker.run(SegmentedRaftLogWorker.java:289)
	at java.lang.Thread.run(Thread.java:748)
2019-09-25 07:05:14,476 [24bf2945-a329-4da6-aaf2-23ecd8d462c6@group-2742ADE52F95-SegmentedRaftLogWorker] ERROR segmented.SegmentedRaftLogWorker (SegmentedRaftLogWorker.java:run(323)) - 24bf2945-a329-4da6-aaf2-23ecd8d462c6@group-2742ADE52F95-SegmentedRaftLogWorker hit exception
java.lang.OutOfMemoryError: Direct buffer memory
	at java.nio.Bits.reserveMemory(Bits.java:666)
	at java.nio.DirectByteBuffer.<init>(DirectByteBuffer.java:123)
	at java.nio.ByteBuffer.allocateDirect(ByteBuffer.java:311)
	at org.apache.ratis.server.raftlog.segmented.BufferedWriteChannel.<init>(BufferedWriteChannel.java:41)
	at org.apache.ratis.server.raftlog.segmented.SegmentedRaftLogOutputStream.<init>(SegmentedRaftLogOutputStream.java:72)
	at org.apache.ratis.server.raftlog.segmented.SegmentedRaftLogWorker$StartLogSegment.execute(SegmentedRaftLogWorker.java:566)
	at org.apache.ratis.server.raftlog.segmented.SegmentedRaftLogWorker.run(SegmentedRaftLogWorker.java:289)
	at java.lang.Thread.run(Thread.java:748)
2019-09-25 07:05:14,479 [24bf2945-a329-4da6-aaf2-23ecd8d462c6@group-2742ADE52F95-SegmentedRaftLogWorker] INFO  impl.RaftServerImpl (RaftServerImpl.java:lambda$shutdown$3(251)) - 24bf2945-a329-4da6-aaf2-23ecd8d462c6@group-2742ADE52F95: shutdown
2019-09-25 07:05:14,476 [e568d23f-199e-48ce-91e4-5c166e2e97cd@group-8E2ACE353EEA-SegmentedRaftLogWorker] ERROR segmented.SegmentedRaftLogWorker (SegmentedRaftLogWorker.java:run(323)) - e568d23f-199e-48ce-91e4-5c166e2e97cd@group-8E2ACE353EEA-SegmentedRaftLogWorker hit exception
java.lang.OutOfMemoryError: Direct buffer memory
	at java.nio.Bits.reserveMemory(Bits.java:666)
	at java.nio.DirectByteBuffer.<init>(DirectByteBuffer.java:123)
	at java.nio.ByteBuffer.allocateDirect(ByteBuffer.java:311)
	at org.apache.ratis.server.raftlog.segmented.BufferedWriteChannel.<init>(BufferedWriteChannel.java:41)
	at org.apache.ratis.server.raftlog.segmented.SegmentedRaftLogOutputStream.<init>(SegmentedRaftLogOutputStream.java:72)
	at org.apache.ratis.server.raftlog.segmented.SegmentedRaftLogWorker$StartLogSegment.execute(SegmentedRaftLogWorker.java:566)
	at org.apache.ratis.server.raftlog.segmented.SegmentedRaftLogWorker.run(SegmentedRaftLogWorker.java:289)
	at java.lang.Thread.run(Thread.java:748)
2019-09-25 07:05:14,476 [62ec8eb9-3ae9-4136-b70a-2caf3716fa7f@group-C940C511D282-SegmentedRaftLogWorker] ERROR segmented.SegmentedRaftLogWorker (SegmentedRaftLogWorker.java:run(323)) - 62ec8eb9-3ae9-4136-b70a-2caf3716fa7f@group-C940C511D282-SegmentedRaftLogWorker hit exception
java.lang.OutOfMemoryError: Direct buffer memory
	at java.nio.Bits.reserveMemory(Bits.java:666)
	at java.nio.DirectByteBuffer.<init>(DirectByteBuffer.java:123)
	at java.nio.ByteBuffer.allocateDirect(ByteBuffer.java:311)
	at org.apache.ratis.server.raftlog.segmented.BufferedWriteChannel.<init>(BufferedWriteChannel.java:41)
	at org.apache.ratis.server.raftlog.segmented.SegmentedRaftLogOutputStream.<init>(SegmentedRaftLogOutputStream.java:72)
	at org.apache.ratis.server.raftlog.segmented.SegmentedRaftLogWorker$StartLogSegment.execute(SegmentedRaftLogWorker.java:566)
	at org.apache.ratis.server.raftlog.segmented.SegmentedRaftLogWorker.run(SegmentedRaftLogWorker.java:289)
	at java.lang.Thread.run(Thread.java:748)
2019-09-25 07:05:14,476 [62ec8eb9-3ae9-4136-b70a-2caf3716fa7f@group-FFC5433C2152-SegmentedRaftLogWorker] INFO  impl.RoleInfo (RoleInfo.java:shutdownLeaderState(104)) - 62ec8eb9-3ae9-4136-b70a-2caf3716fa7f: shutdown LeaderState
2019-09-25 07:05:14,476 [e568d23f-199e-48ce-91e4-5c166e2e97cd@group-712AED870590-SegmentedRaftLogWorker] ERROR segmented.SegmentedRaftLogWorker (SegmentedRaftLogWorker.java:run(323)) - e568d23f-199e-48ce-91e4-5c166e2e97cd@group-712AED870590-SegmentedRaftLogWorker hit exception
java.lang.OutOfMemoryError: Direct buffer memory
	at java.nio.Bits.reserveMemory(Bits.java:666)
	at java.nio.DirectByteBuffer.<init>(DirectByteBuffer.java:123)
	at java.nio.ByteBuffer.allocateDirect(ByteBuffer.java:311)
	at org.apache.ratis.server.raftlog.segmented.BufferedWriteChannel.<init>(BufferedWriteChannel.java:41)
	at org.apache.ratis.server.raftlog.segmented.SegmentedRaftLogOutputStream.<init>(SegmentedRaftLogOutputStream.java:72)
	at org.apache.ratis.server.raftlog.segmented.SegmentedRaftLogWorker$StartLogSegment.execute(SegmentedRaftLogWorker.java:566)
	at org.apache.ratis.server.raftlog.segmented.SegmentedRaftLogWorker.run(SegmentedRaftLogWorker.java:289)
	at java.lang.Thread.run(Thread.java:748)
2019-09-25 07:05:14,480 [62ec8eb9-3ae9-4136-b70a-2caf3716fa7f@group-FFC5433C2152-SegmentedRaftLogWorker] INFO  impl.PendingRequests (PendingRequests.java:sendNotLeaderResponses(202)) - 62ec8eb9-3ae9-4136-b70a-2caf3716fa7f-PendingRequests: sendNotLeaderResponses
2019-09-25 07:05:14,480 [62ec8eb9-3ae9-4136-b70a-2caf3716fa7f@group-C940C511D282-SegmentedRaftLogWorker] INFO  impl.RaftServerImpl (RaftServerImpl.java:lambda$shutdown$3(251)) - 62ec8eb9-3ae9-4136-b70a-2caf3716fa7f@group-C940C511D282: shutdown
2019-09-25 07:05:14,481 [62ec8eb9-3ae9-4136-b70a-2caf3716fa7f@group-FFC5433C2152-SegmentedRaftLogWorker] INFO  impl.StateMachineUpdater (StateMachineUpdater.java:stopAndJoin(125)) - 62ec8eb9-3ae9-4136-b70a-2caf3716fa7f@group-FFC5433C2152-StateMachineUpdater: set stopIndex = -1
2019-09-25 07:05:14,480 [e568d23f-199e-48ce-91e4-5c166e2e97cd@group-8E2ACE353EEA-SegmentedRaftLogWorker] INFO  impl.RaftServerImpl (RaftServerImpl.java:lambda$shutdown$3(251)) - e568d23f-199e-48ce-91e4-5c166e2e97cd@group-8E2ACE353EEA: shutdown
2019-09-25 07:05:14,480 [e568d23f-199e-48ce-91e4-5c166e2e97cd@group-3E36BA650D7B-SegmentedRaftLogWorker] ERROR segmented.SegmentedRaftLogWorker (SegmentedRaftLogWorker.java:run(323)) - e568d23f-199e-48ce-91e4-5c166e2e97cd@group-3E36BA650D7B-SegmentedRaftLogWorker hit exception
java.lang.OutOfMemoryError: Direct buffer memory
	at java.nio.Bits.reserveMemory(Bits.java:666)
	at java.nio.DirectByteBuffer.<init>(DirectByteBuffer.java:123)
	at java.nio.ByteBuffer.allocateDirect(ByteBuffer.java:311)
	at org.apache.ratis.server.raftlog.segmented.BufferedWriteChannel.<init>(BufferedWriteChannel.java:41)
	at org.apache.ratis.server.raftlog.segmented.SegmentedRaftLogOutputStream.<init>(SegmentedRaftLogOutputStream.java:72)
	at org.apache.ratis.server.raftlog.segmented.SegmentedRaftLogWorker$StartLogSegment.execute(SegmentedRaftLogWorker.java:566)
	at org.apache.ratis.server.raftlog.segmented.SegmentedRaftLogWorker.run(SegmentedRaftLogWorker.java:289)
	at java.lang.Thread.run(Thread.java:748)
2019-09-25 07:05:14,480 [24bf2945-a329-4da6-aaf2-23ecd8d462c6@group-6B6043C7F4B7-SegmentedRaftLogWorker] ERROR segmented.SegmentedRaftLogWorker (SegmentedRaftLogWorker.java:run(323)) - 24bf2945-a329-4da6-aaf2-23ecd8d462c6@group-6B6043C7F4B7-SegmentedRaftLogWorker hit exception
java.lang.OutOfMemoryError: Direct buffer memory
	at java.nio.Bits.reserveMemory(Bits.java:666)
	at java.nio.DirectByteBuffer.<init>(DirectByteBuffer.java:123)
	at java.nio.ByteBuffer.allocateDirect(ByteBuffer.java:311)
	at org.apache.ratis.server.raftlog.segmented.BufferedWriteChannel.<init>(BufferedWriteChannel.java:41)
	at org.apache.ratis.server.raftlog.segmented.SegmentedRaftLogOutputStream.<init>(SegmentedRaftLogOutputStream.java:72)
	at org.apache.ratis.server.raftlog.segmented.SegmentedRaftLogWorker$StartLogSegment.execute(SegmentedRaftLogWorker.java:566)
	at org.apache.ratis.server.raftlog.segmented.SegmentedRaftLogWorker.run(SegmentedRaftLogWorker.java:289)
	at java.lang.Thread.run(Thread.java:748)
2019-09-25 07:05:14,482 [24bf2945-a329-4da6-aaf2-23ecd8d462c6@group-6B6043C7F4B7-SegmentedRaftLogWorker] INFO  impl.RaftServerImpl (RaftServerImpl.java:lambda$shutdown$3(251)) - 24bf2945-a329-4da6-aaf2-23ecd8d462c6@group-6B6043C7F4B7: shutdown
2019-09-25 07:05:14,480 [62ec8eb9-3ae9-4136-b70a-2caf3716fa7f@group-18831A278447-SegmentedRaftLogWorker] ERROR segmented.SegmentedRaftLogWorker (SegmentedRaftLogWorker.java:run(323)) - 62ec8eb9-3ae9-4136-b70a-2caf3716fa7f@group-18831A278447-SegmentedRaftLogWorker hit exception
java.lang.OutOfMemoryError: Direct buffer memory
	at java.nio.Bits.reserveMemory(Bits.java:666)
	at java.nio.DirectByteBuffer.<init>(DirectByteBuffer.java:123)
	at java.nio.ByteBuffer.allocateDirect(ByteBuffer.java:311)
	at org.apache.ratis.server.raftlog.segmented.BufferedWriteChannel.<init>(BufferedWriteChannel.java:41)
	at org.apache.ratis.server.raftlog.segmented.SegmentedRaftLogOutputStream.<init>(SegmentedRaftLogOutputStream.java:72)
	at org.apache.ratis.server.raftlog.segmented.SegmentedRaftLogWorker$StartLogSegment.execute(SegmentedRaftLogWorker.java:566)
	at org.apache.ratis.server.raftlog.segmented.SegmentedRaftLogWorker.run(SegmentedRaftLogWorker.java:289)
	at java.lang.Thread.run(Thread.java:748)
2019-09-25 07:05:14,482 [62ec8eb9-3ae9-4136-b70a-2caf3716fa7f@group-18831A278447-SegmentedRaftLogWorker] INFO  impl.RaftServerImpl (RaftServerImpl.java:lambda$shutdown$3(251)) - 62ec8eb9-3ae9-4136-b70a-2caf3716fa7f@group-18831A278447: shutdown
2019-09-25 07:05:14,479 [62ec8eb9-3ae9-4136-b70a-2caf3716fa7f@group-E95158996088-SegmentedRaftLogWorker] ERROR segmented.SegmentedRaftLogWorker (SegmentedRaftLogWorker.java:run(323)) - 62ec8eb9-3ae9-4136-b70a-2caf3716fa7f@group-E95158996088-SegmentedRaftLogWorker hit exception
java.lang.OutOfMemoryError: Direct buffer memory
	at java.nio.Bits.reserveMemory(Bits.java:666)
	at java.nio.DirectByteBuffer.<init>(DirectByteBuffer.java:123)
	at java.nio.ByteBuffer.allocateDirect(ByteBuffer.java:311)
	at org.apache.ratis.server.raftlog.segmented.BufferedWriteChannel.<init>(BufferedWriteChannel.java:41)
	at org.apache.ratis.server.raftlog.segmented.SegmentedRaftLogOutputStream.<init>(SegmentedRaftLogOutputStream.java:72)
	at org.apache.ratis.server.raftlog.segmented.SegmentedRaftLogWorker$StartLogSegment.execute(SegmentedRaftLogWorker.java:566)
	at org.apache.ratis.server.raftlog.segmented.SegmentedRaftLogWorker.run(SegmentedRaftLogWorker.java:289)
	at java.lang.Thread.run(Thread.java:748)
2019-09-25 07:05:14,483 [62ec8eb9-3ae9-4136-b70a-2caf3716fa7f@group-E95158996088-SegmentedRaftLogWorker] INFO  impl.RaftServerImpl (RaftServerImpl.java:lambda$shutdown$3(251)) - 62ec8eb9-3ae9-4136-b70a-2caf3716fa7f@group-E95158996088: shutdown
2019-09-25 07:05:14,479 [62ec8eb9-3ae9-4136-b70a-2caf3716fa7f@group-2E596BF0304E-SegmentedRaftLogWorker] ERROR segmented.SegmentedRaftLogWorker (SegmentedRaftLogWorker.java:run(323)) - 62ec8eb9-3ae9-4136-b70a-2caf3716fa7f@group-2E596BF0304E-SegmentedRaftLogWorker hit exception
java.lang.OutOfMemoryError: Direct buffer memory
	at java.nio.Bits.reserveMemory(Bits.java:666)
	at java.nio.DirectByteBuffer.<init>(DirectByteBuffer.java:123)
	at java.nio.ByteBuffer.allocateDirect(ByteBuffer.java:311)
	at org.apache.ratis.server.raftlog.segmented.BufferedWriteChannel.<init>(BufferedWriteChannel.java:41)
	at org.apache.ratis.server.raftlog.segmented.SegmentedRaftLogOutputStream.<init>(SegmentedRaftLogOutputStream.java:72)
	at org.apache.ratis.server.raftlog.segmented.SegmentedRaftLogWorker$StartLogSegment.execute(SegmentedRaftLogWorker.java:566)
	at org.apache.ratis.server.raftlog.segmented.SegmentedRaftLogWorker.run(SegmentedRaftLogWorker.java:289)
	at java.lang.Thread.run(Thread.java:748)
2019-09-25 07:05:14,480 [62ec8eb9-3ae9-4136-b70a-2caf3716fa7f@group-2F45C8EEFF22-SegmentedRaftLogWorker] ERROR segmented.SegmentedRaftLogWorker (SegmentedRaftLogWorker.java:run(323)) - 62ec8eb9-3ae9-4136-b70a-2caf3716fa7f@group-2F45C8EEFF22-SegmentedRaftLogWorker hit exception
java.lang.OutOfMemoryError: Direct buffer memory
	at java.nio.Bits.reserveMemory(Bits.java:666)
	at java.nio.DirectByteBuffer.<init>(DirectByteBuffer.java:123)
	at java.nio.ByteBuffer.allocateDirect(ByteBuffer.java:311)
	at org.apache.ratis.server.raftlog.segmented.BufferedWriteChannel.<init>(BufferedWriteChannel.java:41)
	at org.apache.ratis.server.raftlog.segmented.SegmentedRaftLogOutputStream.<init>(SegmentedRaftLogOutputStream.java:72)
	at org.apache.ratis.server.raftlog.segmented.SegmentedRaftLogWorker$StartLogSegment.execute(SegmentedRaftLogWorker.java:566)
	at org.apache.ratis.server.raftlog.segmented.SegmentedRaftLogWorker.run(SegmentedRaftLogWorker.java:289)
	at java.lang.Thread.run(Thread.java:748)
2019-09-25 07:05:14,484 [62ec8eb9-3ae9-4136-b70a-2caf3716fa7f@group-2F45C8EEFF22-SegmentedRaftLogWorker] INFO  impl.RaftServerImpl (RaftServerImpl.java:lambda$shutdown$3(251)) - 62ec8eb9-3ae9-4136-b70a-2caf3716fa7f@group-2F45C8EEFF22: shutdown
2019-09-25 07:05:14,479 [24bf2945-a329-4da6-aaf2-23ecd8d462c6@group-23572328021B-SegmentedRaftLogWorker] ERROR segmented.SegmentedRaftLogWorker (SegmentedRaftLogWorker.java:run(323)) - 24bf2945-a329-4da6-aaf2-23ecd8d462c6@group-23572328021B-SegmentedRaftLogWorker hit exception
java.lang.OutOfMemoryError: Direct buffer memory
	at java.nio.Bits.reserveMemory(Bits.java:666)
	at java.nio.DirectByteBuffer.<init>(DirectByteBuffer.java:123)
	at java.nio.ByteBuffer.allocateDirect(ByteBuffer.java:311)
	at org.apache.ratis.server.raftlog.segmented.BufferedWriteChannel.<init>(BufferedWriteChannel.java:41)
	at org.apache.ratis.server.raftlog.segmented.SegmentedRaftLogOutputStream.<init>(SegmentedRaftLogOutputStream.java:72)
	at org.apache.ratis.server.raftlog.segmented.SegmentedRaftLogWorker$StartLogSegment.execute(SegmentedRaftLogWorker.java:566)
	at org.apache.ratis.server.raftlog.segmented.SegmentedRaftLogWorker.run(SegmentedRaftLogWorker.java:289)
	at java.lang.Thread.run(Thread.java:748)
2019-09-25 07:05:14,484 [24bf2945-a329-4da6-aaf2-23ecd8d462c6@group-23572328021B-SegmentedRaftLogWorker] INFO  impl.RaftServerImpl (RaftServerImpl.java:lambda$shutdown$3(251)) - 24bf2945-a329-4da6-aaf2-23ecd8d462c6@group-23572328021B: shutdown
2019-09-25 07:05:14,479 [62ec8eb9-3ae9-4136-b70a-2caf3716fa7f@group-3A316764445C-SegmentedRaftLogWorker] ERROR segmented.SegmentedRaftLogWorker (SegmentedRaftLogWorker.java:run(323)) - 62ec8eb9-3ae9-4136-b70a-2caf3716fa7f@group-3A316764445C-SegmentedRaftLogWorker hit exception
java.lang.OutOfMemoryError: Direct buffer memory
	at java.nio.Bits.reserveMemory(Bits.java:666)
	at java.nio.DirectByteBuffer.<init>(DirectByteBuffer.java:123)
	at java.nio.ByteBuffer.allocateDirect(ByteBuffer.java:311)
	at org.apache.ratis.server.raftlog.segmented.BufferedWriteChannel.<init>(BufferedWriteChannel.java:41)
	at org.apache.ratis.server.raftlog.segmented.SegmentedRaftLogOutputStream.<init>(SegmentedRaftLogOutputStream.java:72)
	at org.apache.ratis.server.raftlog.segmented.SegmentedRaftLogWorker$StartLogSegment.execute(SegmentedRaftLogWorker.java:566)
	at org.apache.ratis.server.raftlog.segmented.SegmentedRaftLogWorker.run(SegmentedRaftLogWorker.java:289)
	at java.lang.Thread.run(Thread.java:748)
2019-09-25 07:05:14,479 [24bf2945-a329-4da6-aaf2-23ecd8d462c6@group-2742ADE52F95-SegmentedRaftLogWorker] INFO  util.JmxRegister (JmxRegister.java:unregister(73)) - Successfully un-registered JMX Bean with object name Ratis:service=RaftServer,group=group-2742ADE52F95,id=24bf2945-a329-4da6-aaf2-23ecd8d462c6
2019-09-25 07:05:14,485 [24bf2945-a329-4da6-aaf2-23ecd8d462c6@group-2742ADE52F95-SegmentedRaftLogWorker] INFO  impl.RoleInfo (RoleInfo.java:shutdownLeaderState(104)) - 24bf2945-a329-4da6-aaf2-23ecd8d462c6: shutdown LeaderState
2019-09-25 07:05:14,479 [24bf2945-a329-4da6-aaf2-23ecd8d462c6@group-FF666133FC8D-SegmentedRaftLogWorker] ERROR segmented.SegmentedRaftLogWorker (SegmentedRaftLogWorker.java:run(323)) - 24bf2945-a329-4da6-aaf2-23ecd8d462c6@group-FF666133FC8D-SegmentedRaftLogWorker hit exception
java.lang.OutOfMemoryError: Direct buffer memory
	at java.nio.Bits.reserveMemory(Bits.java:666)
	at java.nio.DirectByteBuffer.<init>(DirectByteBuffer.java:123)
	at java.nio.ByteBuffer.allocateDirect(ByteBuffer.java:311)
	at org.apache.ratis.server.raftlog.segmented.BufferedWriteChannel.<init>(BufferedWriteChannel.java:41)
	at org.apache.ratis.server.raftlog.segmented.SegmentedRaftLogOutputStream.<init>(SegmentedRaftLogOutputStream.java:72)
	at org.apache.ratis.server.raftlog.segmented.SegmentedRaftLogWorker$StartLogSegment.execute(SegmentedRaftLogWorker.java:566)
	at org.apache.ratis.server.raftlog.segmented.SegmentedRaftLogWorker.run(SegmentedRaftLogWorker.java:289)
	at java.lang.Thread.run(Thread.java:748)
2019-09-25 07:05:14,485 [24bf2945-a329-4da6-aaf2-23ecd8d462c6@group-FF666133FC8D-SegmentedRaftLogWorker] INFO  impl.RaftServerImpl (RaftServerImpl.java:lambda$shutdown$3(251)) - 24bf2945-a329-4da6-aaf2-23ecd8d462c6@group-FF666133FC8D: shutdown
2019-09-25 07:05:14,479 [62ec8eb9-3ae9-4136-b70a-2caf3716fa7f@group-E582315BD891-SegmentedRaftLogWorker] ERROR segmented.SegmentedRaftLogWorker (SegmentedRaftLogWorker.java:run(323)) - 62ec8eb9-3ae9-4136-b70a-2caf3716fa7f@group-E582315BD891-SegmentedRaftLogWorker hit exception
java.lang.OutOfMemoryError: Direct buffer memory
	at java.nio.Bits.reserveMemory(Bits.java:666)
	at java.nio.DirectByteBuffer.<init>(DirectByteBuffer.java:123)
	at java.nio.ByteBuffer.allocateDirect(ByteBuffer.java:311)
	at org.apache.ratis.server.raftlog.segmented.BufferedWriteChannel.<init>(BufferedWriteChannel.java:41)
	at org.apache.ratis.server.raftlog.segmented.SegmentedRaftLogOutputStream.<init>(SegmentedRaftLogOutputStream.java:72)
	at org.apache.ratis.server.raftlog.segmented.SegmentedRaftLogWorker$StartLogSegment.execute(SegmentedRaftLogWorker.java:566)
	at org.apache.ratis.server.raftlog.segmented.SegmentedRaftLogWorker.run(SegmentedRaftLogWorker.java:289)
	at java.lang.Thread.run(Thread.java:748)
2019-09-25 07:05:14,479 [24bf2945-a329-4da6-aaf2-23ecd8d462c6@group-DFD88B075CEC-SegmentedRaftLogWorker] ERROR segmented.SegmentedRaftLogWorker (SegmentedRaftLogWorker.java:run(323)) - 24bf2945-a329-4da6-aaf2-23ecd8d462c6@group-DFD88B075CEC-SegmentedRaftLogWorker hit exception
java.lang.OutOfMemoryError: Direct buffer memory
	at java.nio.Bits.reserveMemory(Bits.java:666)
	at java.nio.DirectByteBuffer.<init>(DirectByteBuffer.java:123)
	at java.nio.ByteBuffer.allocateDirect(ByteBuffer.java:311)
	at org.apache.ratis.server.raftlog.segmented.BufferedWriteChannel.<init>(BufferedWriteChannel.java:41)
	at org.apache.ratis.server.raftlog.segmented.SegmentedRaftLogOutputStream.<init>(SegmentedRaftLogOutputStream.java:72)
	at org.apache.ratis.server.raftlog.segmented.SegmentedRaftLogWorker$StartLogSegment.execute(SegmentedRaftLogWorker.java:566)
	at org.apache.ratis.server.raftlog.segmented.SegmentedRaftLogWorker.run(SegmentedRaftLogWorker.java:289)
	at java.lang.Thread.run(Thread.java:748)
2019-09-25 07:05:14,479 [e568d23f-199e-48ce-91e4-5c166e2e97cd@group-9B8AC22ECFDA-SegmentedRaftLogWorker] INFO  impl.RaftServerImpl (RaftServerImpl.java:lambda$shutdown$3(251)) - e568d23f-199e-48ce-91e4-5c166e2e97cd@group-9B8AC22ECFDA: shutdown
2019-09-25 07:05:14,479 [24bf2945-a329-4da6-aaf2-23ecd8d462c6@group-16D434BC82E0-SegmentedRaftLogWorker] INFO  impl.RaftServerImpl (RaftServerImpl.java:lambda$shutdown$3(251)) - 24bf2945-a329-4da6-aaf2-23ecd8d462c6@group-16D434BC82E0: shutdown
2019-09-25 07:05:14,478 [e568d23f-199e-48ce-91e4-5c166e2e97cd@group-63D2AA3E0585-SegmentedRaftLogWorker] INFO  impl.RaftServerImpl (ServerState.java:close(385)) - e568d23f-199e-48ce-91e4-5c166e2e97cd@group-63D2AA3E0585: closes. applyIndex: -1
2019-09-25 07:05:14,478 [62ec8eb9-3ae9-4136-b70a-2caf3716fa7f@group-34589095EC66-SegmentedRaftLogWorker] INFO  impl.RaftServerImpl (ServerState.java:close(385)) - 62ec8eb9-3ae9-4136-b70a-2caf3716fa7f@group-34589095EC66: closes. applyIndex: -1
2019-09-25 07:05:14,478 [24bf2945-a329-4da6-aaf2-23ecd8d462c6@group-96B88C982F86-SegmentedRaftLogWorker] INFO  segmented.SegmentedRaftLogWorker (SegmentedRaftLogWorker.java:close(228)) - 24bf2945-a329-4da6-aaf2-23ecd8d462c6@group-96B88C982F86-SegmentedRaftLogWorker close()
2019-09-25 07:05:14,478 [24bf2945-a329-4da6-aaf2-23ecd8d462c6@group-D2BB2F6B7057-SegmentedRaftLogWorker] INFO  impl.RaftServerImpl (ServerState.java:close(385)) - 24bf2945-a329-4da6-aaf2-23ecd8d462c6@group-D2BB2F6B7057: closes. applyIndex: -1
2019-09-25 07:05:14,478 [e568d23f-199e-48ce-91e4-5c166e2e97cd@group-EC8A69775D8E-SegmentedRaftLogWorker] INFO  impl.RaftServerImpl (ServerState.java:close(385)) - e568d23f-199e-48ce-91e4-5c166e2e97cd@group-EC8A69775D8E: closes. applyIndex: -1
2019-09-25 07:05:14,477 [62ec8eb9-3ae9-4136-b70a-2caf3716fa7f@group-52492DA1CE05-SegmentedRaftLogWorker] INFO  impl.RoleInfo (RoleInfo.java:shutdownLeaderState(104)) - 62ec8eb9-3ae9-4136-b70a-2caf3716fa7f: shutdown LeaderState
2019-09-25 07:05:14,487 [e568d23f-199e-48ce-91e4-5c166e2e97cd@group-EC8A69775D8E-SegmentedRaftLogWorker] INFO  segmented.SegmentedRaftLogWorker (SegmentedRaftLogWorker.java:close(228)) - e568d23f-199e-48ce-91e4-5c166e2e97cd@group-EC8A69775D8E-SegmentedRaftLogWorker close()
2019-09-25 07:05:14,487 [24bf2945-a329-4da6-aaf2-23ecd8d462c6@group-D2BB2F6B7057-SegmentedRaftLogWorker] INFO  segmented.SegmentedRaftLogWorker (SegmentedRaftLogWorker.java:close(228)) - 24bf2945-a329-4da6-aaf2-23ecd8d462c6@group-D2BB2F6B7057-SegmentedRaftLogWorker close()
2019-09-25 07:05:14,487 [62ec8eb9-3ae9-4136-b70a-2caf3716fa7f@group-34589095EC66-SegmentedRaftLogWorker] INFO  segmented.SegmentedRaftLogWorker (SegmentedRaftLogWorker.java:close(228)) - 62ec8eb9-3ae9-4136-b70a-2caf3716fa7f@group-34589095EC66-SegmentedRaftLogWorker close()
2019-09-25 07:05:14,487 [e568d23f-199e-48ce-91e4-5c166e2e97cd@group-63D2AA3E0585-SegmentedRaftLogWorker] INFO  segmented.SegmentedRaftLogWorker (SegmentedRaftLogWorker.java:close(228)) - e568d23f-199e-48ce-91e4-5c166e2e97cd@group-63D2AA3E0585-SegmentedRaftLogWorker close()
2019-09-25 07:05:14,486 [24bf2945-a329-4da6-aaf2-23ecd8d462c6@group-16D434BC82E0-SegmentedRaftLogWorker] INFO  util.JmxRegister (JmxRegister.java:unregister(73)) - Successfully un-registered JMX Bean with object name Ratis:service=RaftServer,group=group-16D434BC82E0,id=24bf2945-a329-4da6-aaf2-23ecd8d462c6
2019-09-25 07:05:14,486 [e568d23f-199e-48ce-91e4-5c166e2e97cd@group-9B8AC22ECFDA-SegmentedRaftLogWorker] INFO  util.JmxRegister (JmxRegister.java:unregister(73)) - Successfully un-registered JMX Bean with object name Ratis:service=RaftServer,group=group-9B8AC22ECFDA,id=e568d23f-199e-48ce-91e4-5c166e2e97cd
2019-09-25 07:05:14,486 [24bf2945-a329-4da6-aaf2-23ecd8d462c6@group-DFD88B075CEC-SegmentedRaftLogWorker] INFO  impl.RaftServerImpl (RaftServerImpl.java:lambda$shutdown$3(251)) - 24bf2945-a329-4da6-aaf2-23ecd8d462c6@group-DFD88B075CEC: shutdown
2019-09-25 07:05:14,486 [62ec8eb9-3ae9-4136-b70a-2caf3716fa7f@group-E582315BD891-SegmentedRaftLogWorker] INFO  impl.RaftServerImpl (RaftServerImpl.java:lambda$shutdown$3(251)) - 62ec8eb9-3ae9-4136-b70a-2caf3716fa7f@group-E582315BD891: shutdown
2019-09-25 07:05:14,485 [24bf2945-a329-4da6-aaf2-23ecd8d462c6@group-FF666133FC8D-SegmentedRaftLogWorker] INFO  util.JmxRegister (JmxRegister.java:unregister(73)) - Successfully un-registered JMX Bean with object name Ratis:service=RaftServer,group=group-FF666133FC8D,id=24bf2945-a329-4da6-aaf2-23ecd8d462c6
2019-09-25 07:05:14,489 [24bf2945-a329-4da6-aaf2-23ecd8d462c6@group-FF666133FC8D-SegmentedRaftLogWorker] INFO  impl.RoleInfo (RoleInfo.java:shutdownLeaderState(104)) - 24bf2945-a329-4da6-aaf2-23ecd8d462c6: shutdown LeaderState
2019-09-25 07:05:14,485 [24bf2945-a329-4da6-aaf2-23ecd8d462c6@group-2742ADE52F95-SegmentedRaftLogWorker] INFO  impl.PendingRequests (PendingRequests.java:sendNotLeaderResponses(202)) - 24bf2945-a329-4da6-aaf2-23ecd8d462c6-PendingRequests: sendNotLeaderResponses
2019-09-25 07:05:14,485 [62ec8eb9-3ae9-4136-b70a-2caf3716fa7f@group-3A316764445C-SegmentedRaftLogWorker] INFO  impl.RaftServerImpl (RaftServerImpl.java:lambda$shutdown$3(251)) - 62ec8eb9-3ae9-4136-b70a-2caf3716fa7f@group-3A316764445C: shutdown
2019-09-25 07:05:14,485 [62ec8eb9-3ae9-4136-b70a-2caf3716fa7f@group-49C0B3A0D615-SegmentedRaftLogWorker] ERROR segmented.SegmentedRaftLogWorker (SegmentedRaftLogWorker.java:run(323)) - 62ec8eb9-3ae9-4136-b70a-2caf3716fa7f@group-49C0B3A0D615-SegmentedRaftLogWorker hit exception
java.lang.OutOfMemoryError: Direct buffer memory
	at java.nio.Bits.reserveMemory(Bits.java:666)
	at java.nio.DirectByteBuffer.<init>(DirectByteBuffer.java:123)
	at java.nio.ByteBuffer.allocateDirect(ByteBuffer.java:311)
	at org.apache.ratis.server.raftlog.segmented.BufferedWriteChannel.<init>(BufferedWriteChannel.java:41)
	at org.apache.ratis.server.raftlog.segmented.SegmentedRaftLogOutputStream.<init>(SegmentedRaftLogOutputStream.java:72)
	at org.apache.ratis.server.raftlog.segmented.SegmentedRaftLogWorker$StartLogSegment.execute(SegmentedRaftLogWorker.java:566)
	at org.apache.ratis.server.raftlog.segmented.SegmentedRaftLogWorker.run(SegmentedRaftLogWorker.java:289)
	at java.lang.Thread.run(Thread.java:748)
2019-09-25 07:05:14,485 [24bf2945-a329-4da6-aaf2-23ecd8d462c6@group-134481B225CC-SegmentedRaftLogWorker] ERROR segmented.SegmentedRaftLogWorker (SegmentedRaftLogWorker.java:run(323)) - 24bf2945-a329-4da6-aaf2-23ecd8d462c6@group-134481B225CC-SegmentedRaftLogWorker hit exception
java.lang.OutOfMemoryError: Direct buffer memory
	at java.nio.Bits.reserveMemory(Bits.java:666)
	at java.nio.DirectByteBuffer.<init>(DirectByteBuffer.java:123)
	at java.nio.ByteBuffer.allocateDirect(ByteBuffer.java:311)
	at org.apache.ratis.server.raftlog.segmented.BufferedWriteChannel.<init>(BufferedWriteChannel.java:41)
	at org.apache.ratis.server.raftlog.segmented.SegmentedRaftLogOutputStream.<init>(SegmentedRaftLogOutputStream.java:72)
	at org.apache.ratis.server.raftlog.segmented.SegmentedRaftLogWorker$StartLogSegment.execute(SegmentedRaftLogWorker.java:566)
	at org.apache.ratis.server.raftlog.segmented.SegmentedRaftLogWorker.run(SegmentedRaftLogWorker.java:289)
	at java.lang.Thread.run(Thread.java:748)
2019-09-25 07:05:14,485 [e568d23f-199e-48ce-91e4-5c166e2e97cd@group-FF36E0F90A6A-SegmentedRaftLogWorker] ERROR segmented.SegmentedRaftLogWorker (SegmentedRaftLogWorker.java:run(323)) - e568d23f-199e-48ce-91e4-5c166e2e97cd@group-FF36E0F90A6A-SegmentedRaftLogWorker hit exception
java.lang.OutOfMemoryError: Direct buffer memory
	at java.nio.Bits.reserveMemory(Bits.java:666)
	at java.nio.DirectByteBuffer.<init>(DirectByteBuffer.java:123)
	at java.nio.ByteBuffer.allocateDirect(ByteBuffer.java:311)
	at org.apache.ratis.server.raftlog.segmented.BufferedWriteChannel.<init>(BufferedWriteChannel.java:41)
	at org.apache.ratis.server.raftlog.segmented.SegmentedRaftLogOutputStream.<init>(SegmentedRaftLogOutputStream.java:72)
	at org.apache.ratis.server.raftlog.segmented.SegmentedRaftLogWorker$StartLogSegment.execute(SegmentedRaftLogWorker.java:566)
	at org.apache.ratis.server.raftlog.segmented.SegmentedRaftLogWorker.run(SegmentedRaftLogWorker.java:289)
	at java.lang.Thread.run(Thread.java:748)
2019-09-25 07:05:14,490 [e568d23f-199e-48ce-91e4-5c166e2e97cd@group-FF36E0F90A6A-SegmentedRaftLogWorker] INFO  impl.RaftServerImpl (RaftServerImpl.java:lambda$shutdown$3(251)) - e568d23f-199e-48ce-91e4-5c166e2e97cd@group-FF36E0F90A6A: shutdown
2019-09-25 07:05:14,485 [24bf2945-a329-4da6-aaf2-23ecd8d462c6@group-924297F06423-SegmentedRaftLogWorker] ERROR segmented.SegmentedRaftLogWorker (SegmentedRaftLogWorker.java:run(323)) - 24bf2945-a329-4da6-aaf2-23ecd8d462c6@group-924297F06423-SegmentedRaftLogWorker hit exception
java.lang.OutOfMemoryError: Direct buffer memory
	at java.nio.Bits.reserveMemory(Bits.java:666)
	at java.nio.DirectByteBuffer.<init>(DirectByteBuffer.java:123)
	at java.nio.ByteBuffer.allocateDirect(ByteBuffer.java:311)
	at org.apache.ratis.server.raftlog.segmented.BufferedWriteChannel.<init>(BufferedWriteChannel.java:41)
	at org.apache.ratis.server.raftlog.segmented.SegmentedRaftLogOutputStream.<init>(SegmentedRaftLogOutputStream.java:72)
	at org.apache.ratis.server.raftlog.segmented.SegmentedRaftLogWorker$StartLogSegment.execute(SegmentedRaftLogWorker.java:566)
	at org.apache.ratis.server.raftlog.segmented.SegmentedRaftLogWorker.run(SegmentedRaftLogWorker.java:289)
	at java.lang.Thread.run(Thread.java:748)
2019-09-25 07:05:14,485 [24bf2945-a329-4da6-aaf2-23ecd8d462c6@group-23572328021B-SegmentedRaftLogWorker] INFO  util.JmxRegister (JmxRegister.java:unregister(73)) - Successfully un-registered JMX Bean with object name Ratis:service=RaftServer,group=group-23572328021B,id=24bf2945-a329-4da6-aaf2-23ecd8d462c6
2019-09-25 07:05:14,485 [24bf2945-a329-4da6-aaf2-23ecd8d462c6@group-8D34866092A9-SegmentedRaftLogWorker] ERROR segmented.SegmentedRaftLogWorker (SegmentedRaftLogWorker.java:run(323)) - 24bf2945-a329-4da6-aaf2-23ecd8d462c6@group-8D34866092A9-SegmentedRaftLogWorker hit exception
java.lang.OutOfMemoryError: Direct buffer memory
	at java.nio.Bits.reserveMemory(Bits.java:666)
	at java.nio.DirectByteBuffer.<init>(DirectByteBuffer.java:123)
	at java.nio.ByteBuffer.allocateDirect(ByteBuffer.java:311)
	at org.apache.ratis.server.raftlog.segmented.BufferedWriteChannel.<init>(BufferedWriteChannel.java:41)
	at org.apache.ratis.server.raftlog.segmented.SegmentedRaftLogOutputStream.<init>(SegmentedRaftLogOutputStream.java:72)
	at org.apache.ratis.server.raftlog.segmented.SegmentedRaftLogWorker$StartLogSegment.execute(SegmentedRaftLogWorker.java:566)
	at org.apache.ratis.server.raftlog.segmented.SegmentedRaftLogWorker.run(SegmentedRaftLogWorker.java:289)
	at java.lang.Thread.run(Thread.java:748)
2019-09-25 07:05:14,491 [24bf2945-a329-4da6-aaf2-23ecd8d462c6@group-8D34866092A9-SegmentedRaftLogWorker] INFO  impl.RaftServerImpl (RaftServerImpl.java:lambda$shutdown$3(251)) - 24bf2945-a329-4da6-aaf2-23ecd8d462c6@group-8D34866092A9: shutdown
2019-09-25 07:05:14,484 [62ec8eb9-3ae9-4136-b70a-2caf3716fa7f@group-2F45C8EEFF22-SegmentedRaftLogWorker] INFO  util.JmxRegister (JmxRegister.java:unregister(73)) - Successfully un-registered JMX Bean with object name Ratis:service=RaftServer,group=group-2F45C8EEFF22,id=62ec8eb9-3ae9-4136-b70a-2caf3716fa7f
2019-09-25 07:05:14,492 [62ec8eb9-3ae9-4136-b70a-2caf3716fa7f@group-2F45C8EEFF22-SegmentedRaftLogWorker] INFO  impl.RoleInfo (RoleInfo.java:shutdownLeaderState(104)) - 62ec8eb9-3ae9-4136-b70a-2caf3716fa7f: shutdown LeaderState
2019-09-25 07:05:14,483 [62ec8eb9-3ae9-4136-b70a-2caf3716fa7f@group-2E596BF0304E-SegmentedRaftLogWorker] INFO  impl.RaftServerImpl (RaftServerImpl.java:lambda$shutdown$3(251)) - 62ec8eb9-3ae9-4136-b70a-2caf3716fa7f@group-2E596BF0304E: shutdown
2019-09-25 07:05:14,483 [62ec8eb9-3ae9-4136-b70a-2caf3716fa7f@group-E95158996088-SegmentedRaftLogWorker] INFO  util.JmxRegister (JmxRegister.java:unregister(73)) - Successfully un-registered JMX Bean with object name Ratis:service=RaftServer,group=group-E95158996088,id=62ec8eb9-3ae9-4136-b70a-2caf3716fa7f
2019-09-25 07:05:14,492 [62ec8eb9-3ae9-4136-b70a-2caf3716fa7f@group-E95158996088-SegmentedRaftLogWorker] INFO  impl.RoleInfo (RoleInfo.java:shutdownLeaderState(104)) - 62ec8eb9-3ae9-4136-b70a-2caf3716fa7f: shutdown LeaderState
2019-09-25 07:05:14,483 [62ec8eb9-3ae9-4136-b70a-2caf3716fa7f@group-18831A278447-SegmentedRaftLogWorker] INFO  util.JmxRegister (JmxRegister.java:unregister(73)) - Successfully un-registered JMX Bean with object name Ratis:service=RaftServer,group=group-18831A278447,id=62ec8eb9-3ae9-4136-b70a-2caf3716fa7f
2019-09-25 07:05:14,492 [62ec8eb9-3ae9-4136-b70a-2caf3716fa7f@group-18831A278447-SegmentedRaftLogWorker] INFO  impl.RoleInfo (RoleInfo.java:shutdownLeaderState(104)) - 62ec8eb9-3ae9-4136-b70a-2caf3716fa7f: shutdown LeaderState
2019-09-25 07:05:14,482 [24bf2945-a329-4da6-aaf2-23ecd8d462c6@group-6B6043C7F4B7-SegmentedRaftLogWorker] INFO  util.JmxRegister (JmxRegister.java:unregister(73)) - Successfully un-registered JMX Bean with object name Ratis:service=RaftServer,group=group-6B6043C7F4B7,id=24bf2945-a329-4da6-aaf2-23ecd8d462c6
2019-09-25 07:05:14,482 [e568d23f-199e-48ce-91e4-5c166e2e97cd@group-3E36BA650D7B-SegmentedRaftLogWorker] INFO  impl.RaftServerImpl (RaftServerImpl.java:lambda$shutdown$3(251)) - e568d23f-199e-48ce-91e4-5c166e2e97cd@group-3E36BA650D7B: shutdown
2019-09-25 07:05:14,481 [e568d23f-199e-48ce-91e4-5c166e2e97cd@group-8E2ACE353EEA-SegmentedRaftLogWorker] INFO  util.JmxRegister (JmxRegister.java:unregister(73)) - Successfully un-registered JMX Bean with object name Ratis:service=RaftServer,group=group-8E2ACE353EEA,id=e568d23f-199e-48ce-91e4-5c166e2e97cd
2019-09-25 07:05:14,493 [e568d23f-199e-48ce-91e4-5c166e2e97cd@group-8E2ACE353EEA-SegmentedRaftLogWorker] INFO  impl.RoleInfo (RoleInfo.java:shutdownLeaderState(104)) - e568d23f-199e-48ce-91e4-5c166e2e97cd: shutdown LeaderState
2019-09-25 07:05:14,481 [62ec8eb9-3ae9-4136-b70a-2caf3716fa7f@group-FFC5433C2152-SegmentedRaftLogWorker] INFO  impl.RaftServerImpl (ServerState.java:close(385)) - 62ec8eb9-3ae9-4136-b70a-2caf3716fa7f@group-FFC5433C2152: closes. applyIndex: -1
2019-09-25 07:05:14,481 [62ec8eb9-3ae9-4136-b70a-2caf3716fa7f@group-C940C511D282-SegmentedRaftLogWorker] INFO  util.JmxRegister (JmxRegister.java:unregister(73)) - Successfully un-registered JMX Bean with object name Ratis:service=RaftServer,group=group-C940C511D282,id=62ec8eb9-3ae9-4136-b70a-2caf3716fa7f
2019-09-25 07:05:14,481 [e568d23f-199e-48ce-91e4-5c166e2e97cd@group-712AED870590-SegmentedRaftLogWorker] INFO  impl.RaftServerImpl (RaftServerImpl.java:lambda$shutdown$3(251)) - e568d23f-199e-48ce-91e4-5c166e2e97cd@group-712AED870590: shutdown
2019-09-25 07:05:14,494 [62ec8eb9-3ae9-4136-b70a-2caf3716fa7f@group-FFC5433C2152-SegmentedRaftLogWorker] INFO  segmented.SegmentedRaftLogWorker (SegmentedRaftLogWorker.java:close(228)) - 62ec8eb9-3ae9-4136-b70a-2caf3716fa7f@group-FFC5433C2152-SegmentedRaftLogWorker close()
2019-09-25 07:05:14,494 [62ec8eb9-3ae9-4136-b70a-2caf3716fa7f@group-C940C511D282-SegmentedRaftLogWorker] INFO  impl.RoleInfo (RoleInfo.java:shutdownLeaderState(104)) - 62ec8eb9-3ae9-4136-b70a-2caf3716fa7f: shutdown LeaderState
2019-09-25 07:05:14,493 [e568d23f-199e-48ce-91e4-5c166e2e97cd@group-8E2ACE353EEA-SegmentedRaftLogWorker] INFO  impl.PendingRequests (PendingRequests.java:sendNotLeaderResponses(202)) - e568d23f-199e-48ce-91e4-5c166e2e97cd-PendingRequests: sendNotLeaderResponses
2019-09-25 07:05:14,493 [e568d23f-199e-48ce-91e4-5c166e2e97cd@group-3E36BA650D7B-SegmentedRaftLogWorker] INFO  util.JmxRegister (JmxRegister.java:unregister(73)) - Successfully un-registered JMX Bean with object name Ratis:service=RaftServer,group=group-3E36BA650D7B,id=e568d23f-199e-48ce-91e4-5c166e2e97cd
2019-09-25 07:05:14,494 [e568d23f-199e-48ce-91e4-5c166e2e97cd@group-3E36BA650D7B-SegmentedRaftLogWorker] INFO  impl.RoleInfo (RoleInfo.java:shutdownLeaderState(104)) - e568d23f-199e-48ce-91e4-5c166e2e97cd: shutdown LeaderState
2019-09-25 07:05:14,493 [24bf2945-a329-4da6-aaf2-23ecd8d462c6@group-6B6043C7F4B7-SegmentedRaftLogWorker] INFO  impl.RoleInfo (RoleInfo.java:shutdownLeaderState(104)) - 24bf2945-a329-4da6-aaf2-23ecd8d462c6: shutdown LeaderState
2019-09-25 07:05:14,492 [62ec8eb9-3ae9-4136-b70a-2caf3716fa7f@group-18831A278447-SegmentedRaftLogWorker] INFO  impl.PendingRequests (PendingRequests.java:sendNotLeaderResponses(202)) - 62ec8eb9-3ae9-4136-b70a-2caf3716fa7f-PendingRequests: sendNotLeaderResponses
2019-09-25 07:05:14,492 [62ec8eb9-3ae9-4136-b70a-2caf3716fa7f@group-E95158996088-SegmentedRaftLogWorker] INFO  impl.PendingRequests (PendingRequests.java:sendNotLeaderResponses(202)) - 62ec8eb9-3ae9-4136-b70a-2caf3716fa7f-PendingRequests: sendNotLeaderResponses
2019-09-25 07:05:14,492 [62ec8eb9-3ae9-4136-b70a-2caf3716fa7f@group-2E596BF0304E-SegmentedRaftLogWorker] INFO  util.JmxRegister (JmxRegister.java:unregister(73)) - Successfully un-registered JMX Bean with object name Ratis:service=RaftServer,group=group-2E596BF0304E,id=62ec8eb9-3ae9-4136-b70a-2caf3716fa7f
2019-09-25 07:05:14,495 [62ec8eb9-3ae9-4136-b70a-2caf3716fa7f@group-2E596BF0304E-SegmentedRaftLogWorker] INFO  impl.RoleInfo (RoleInfo.java:shutdownLeaderState(104)) - 62ec8eb9-3ae9-4136-b70a-2caf3716fa7f: shutdown LeaderState
2019-09-25 07:05:14,492 [62ec8eb9-3ae9-4136-b70a-2caf3716fa7f@group-2F45C8EEFF22-SegmentedRaftLogWorker] INFO  impl.PendingRequests (PendingRequests.java:sendNotLeaderResponses(202)) - 62ec8eb9-3ae9-4136-b70a-2caf3716fa7f-PendingRequests: sendNotLeaderResponses
2019-09-25 07:05:14,491 [24bf2945-a329-4da6-aaf2-23ecd8d462c6@group-8D34866092A9-SegmentedRaftLogWorker] INFO  util.JmxRegister (JmxRegister.java:unregister(73)) - Successfully un-registered JMX Bean with object name Ratis:service=RaftServer,group=group-8D34866092A9,id=24bf2945-a329-4da6-aaf2-23ecd8d462c6
2019-09-25 07:05:14,496 [24bf2945-a329-4da6-aaf2-23ecd8d462c6@group-8D34866092A9-SegmentedRaftLogWorker] INFO  impl.RoleInfo (RoleInfo.java:shutdownLeaderState(104)) - 24bf2945-a329-4da6-aaf2-23ecd8d462c6: shutdown LeaderState
2019-09-25 07:05:14,491 [24bf2945-a329-4da6-aaf2-23ecd8d462c6@group-23572328021B-SegmentedRaftLogWorker] INFO  impl.RoleInfo (RoleInfo.java:shutdownLeaderState(104)) - 24bf2945-a329-4da6-aaf2-23ecd8d462c6: shutdown LeaderState
2019-09-25 07:05:14,491 [24bf2945-a329-4da6-aaf2-23ecd8d462c6@group-924297F06423-SegmentedRaftLogWorker] INFO  impl.RaftServerImpl (RaftServerImpl.java:lambda$shutdown$3(251)) - 24bf2945-a329-4da6-aaf2-23ecd8d462c6@group-924297F06423: shutdown
2019-09-25 07:05:14,490 [e568d23f-199e-48ce-91e4-5c166e2e97cd@group-FF36E0F90A6A-SegmentedRaftLogWorker] INFO  util.JmxRegister (JmxRegister.java:unregister(73)) - Successfully un-registered JMX Bean with object name Ratis:service=RaftServer,group=group-FF36E0F90A6A,id=e568d23f-199e-48ce-91e4-5c166e2e97cd
2019-09-25 07:05:14,496 [e568d23f-199e-48ce-91e4-5c166e2e97cd@group-FF36E0F90A6A-SegmentedRaftLogWorker] INFO  impl.RoleInfo (RoleInfo.java:shutdownLeaderState(104)) - e568d23f-199e-48ce-91e4-5c166e2e97cd: shutdown LeaderState
2019-09-25 07:05:14,490 [24bf2945-a329-4da6-aaf2-23ecd8d462c6@group-134481B225CC-SegmentedRaftLogWorker] INFO  impl.RaftServerImpl (RaftServerImpl.java:lambda$shutdown$3(251)) - 24bf2945-a329-4da6-aaf2-23ecd8d462c6@group-134481B225CC: shutdown
2019-09-25 07:05:14,490 [62ec8eb9-3ae9-4136-b70a-2caf3716fa7f@group-49C0B3A0D615-SegmentedRaftLogWorker] INFO  impl.RaftServerImpl (RaftServerImpl.java:lambda$shutdown$3(251)) - 62ec8eb9-3ae9-4136-b70a-2caf3716fa7f@group-49C0B3A0D615: shutdown
2019-09-25 07:05:14,489 [62ec8eb9-3ae9-4136-b70a-2caf3716fa7f@group-3A316764445C-SegmentedRaftLogWorker] INFO  util.JmxRegister (JmxRegister.java:unregister(73)) - Successfully un-registered JMX Bean with object name Ratis:service=RaftServer,group=group-3A316764445C,id=62ec8eb9-3ae9-4136-b70a-2caf3716fa7f
2019-09-25 07:05:14,497 [62ec8eb9-3ae9-4136-b70a-2caf3716fa7f@group-3A316764445C-SegmentedRaftLogWorker] INFO  impl.RoleInfo (RoleInfo.java:shutdownLeaderState(104)) - 62ec8eb9-3ae9-4136-b70a-2caf3716fa7f: shutdown LeaderState
2019-09-25 07:05:14,489 [24bf2945-a329-4da6-aaf2-23ecd8d462c6@group-2742ADE52F95-SegmentedRaftLogWorker] INFO  impl.StateMachineUpdater (StateMachineUpdater.java:stopAndJoin(125)) - 24bf2945-a329-4da6-aaf2-23ecd8d462c6@group-2742ADE52F95-StateMachineUpdater: set stopIndex = -1
2019-09-25 07:05:14,497 [24bf2945-a329-4da6-aaf2-23ecd8d462c6@group-2742ADE52F95-SegmentedRaftLogWorker] INFO  impl.RaftServerImpl (ServerState.java:close(385)) - 24bf2945-a329-4da6-aaf2-23ecd8d462c6@group-2742ADE52F95: closes. applyIndex: -1
2019-09-25 07:05:14,489 [24bf2945-a329-4da6-aaf2-23ecd8d462c6@group-FF666133FC8D-SegmentedRaftLogWorker] INFO  impl.PendingRequests (PendingRequests.java:sendNotLeaderResponses(202)) - 24bf2945-a329-4da6-aaf2-23ecd8d462c6-PendingRequests: sendNotLeaderResponses
2019-09-25 07:05:14,489 [62ec8eb9-3ae9-4136-b70a-2caf3716fa7f@group-E582315BD891-SegmentedRaftLogWorker] INFO  util.JmxRegister (JmxRegister.java:unregister(73)) - Successfully un-registered JMX Bean with object name Ratis:service=RaftServer,group=group-E582315BD891,id=62ec8eb9-3ae9-4136-b70a-2caf3716fa7f
2019-09-25 07:05:14,498 [62ec8eb9-3ae9-4136-b70a-2caf3716fa7f@group-E582315BD891-SegmentedRaftLogWorker] INFO  impl.RoleInfo (RoleInfo.java:shutdownLeaderState(104)) - 62ec8eb9-3ae9-4136-b70a-2caf3716fa7f: shutdown LeaderState
2019-09-25 07:05:14,489 [24bf2945-a329-4da6-aaf2-23ecd8d462c6@group-DFD88B075CEC-SegmentedRaftLogWorker] INFO  util.JmxRegister (JmxRegister.java:unregister(73)) - Successfully un-registered JMX Bean with object name Ratis:service=RaftServer,group=group-DFD88B075CEC,id=24bf2945-a329-4da6-aaf2-23ecd8d462c6
2019-09-25 07:05:14,498 [24bf2945-a329-4da6-aaf2-23ecd8d462c6@group-DFD88B075CEC-SegmentedRaftLogWorker] INFO  impl.RoleInfo (RoleInfo.java:shutdownLeaderState(104)) - 24bf2945-a329-4da6-aaf2-23ecd8d462c6: shutdown LeaderState
2019-09-25 07:05:14,488 [e568d23f-199e-48ce-91e4-5c166e2e97cd@group-9B8AC22ECFDA-SegmentedRaftLogWorker] INFO  impl.RoleInfo (RoleInfo.java:shutdownLeaderState(104)) - e568d23f-199e-48ce-91e4-5c166e2e97cd: shutdown LeaderState
2019-09-25 07:05:14,488 [24bf2945-a329-4da6-aaf2-23ecd8d462c6@group-16D434BC82E0-SegmentedRaftLogWorker] INFO  impl.RoleInfo (RoleInfo.java:shutdownLeaderState(104)) - 24bf2945-a329-4da6-aaf2-23ecd8d462c6: shutdown LeaderState
2019-09-25 07:05:14,487 [62ec8eb9-3ae9-4136-b70a-2caf3716fa7f@group-52492DA1CE05-SegmentedRaftLogWorker] INFO  impl.PendingRequests (PendingRequests.java:sendNotLeaderResponses(202)) - 62ec8eb9-3ae9-4136-b70a-2caf3716fa7f-PendingRequests: sendNotLeaderResponses
2019-09-25 07:05:14,498 [24bf2945-a329-4da6-aaf2-23ecd8d462c6@group-16D434BC82E0-SegmentedRaftLogWorker] INFO  impl.PendingRequests (PendingRequests.java:sendNotLeaderResponses(202)) - 24bf2945-a329-4da6-aaf2-23ecd8d462c6-PendingRequests: sendNotLeaderResponses
2019-09-25 07:05:14,498 [e568d23f-199e-48ce-91e4-5c166e2e97cd@group-9B8AC22ECFDA-SegmentedRaftLogWorker] INFO  impl.PendingRequests (PendingRequests.java:sendNotLeaderResponses(202)) - e568d23f-199e-48ce-91e4-5c166e2e97cd-PendingRequests: sendNotLeaderResponses
2019-09-25 07:05:14,498 [24bf2945-a329-4da6-aaf2-23ecd8d462c6@group-DFD88B075CEC-SegmentedRaftLogWorker] INFO  impl.PendingRequests (PendingRequests.java:sendNotLeaderResponses(202)) - 24bf2945-a329-4da6-aaf2-23ecd8d462c6-PendingRequests: sendNotLeaderResponses
2019-09-25 07:05:14,498 [62ec8eb9-3ae9-4136-b70a-2caf3716fa7f@group-E582315BD891-SegmentedRaftLogWorker] INFO  impl.PendingRequests (PendingRequests.java:sendNotLeaderResponses(202)) - 62ec8eb9-3ae9-4136-b70a-2caf3716fa7f-PendingRequests: sendNotLeaderResponses
2019-09-25 07:05:14,498 [24bf2945-a329-4da6-aaf2-23ecd8d462c6@group-FF666133FC8D-SegmentedRaftLogWorker] INFO  impl.StateMachineUpdater (StateMachineUpdater.java:stopAndJoin(125)) - 24bf2945-a329-4da6-aaf2-23ecd8d462c6@group-FF666133FC8D-StateMachineUpdater: set stopIndex = -1
2019-09-25 07:05:14,499 [24bf2945-a329-4da6-aaf2-23ecd8d462c6@group-FF666133FC8D-SegmentedRaftLogWorker] INFO  impl.RaftServerImpl (ServerState.java:close(385)) - 24bf2945-a329-4da6-aaf2-23ecd8d462c6@group-FF666133FC8D: closes. applyIndex: -1
2019-09-25 07:05:14,497 [24bf2945-a329-4da6-aaf2-23ecd8d462c6@group-2742ADE52F95-SegmentedRaftLogWorker] INFO  segmented.SegmentedRaftLogWorker (SegmentedRaftLogWorker.java:close(228)) - 24bf2945-a329-4da6-aaf2-23ecd8d462c6@group-2742ADE52F95-SegmentedRaftLogWorker close()
2019-09-25 07:05:14,497 [62ec8eb9-3ae9-4136-b70a-2caf3716fa7f@group-3A316764445C-SegmentedRaftLogWorker] INFO  impl.PendingRequests (PendingRequests.java:sendNotLeaderResponses(202)) - 62ec8eb9-3ae9-4136-b70a-2caf3716fa7f-PendingRequests: sendNotLeaderResponses
2019-09-25 07:05:14,497 [62ec8eb9-3ae9-4136-b70a-2caf3716fa7f@group-49C0B3A0D615-SegmentedRaftLogWorker] INFO  util.JmxRegister (JmxRegister.java:unregister(73)) - Successfully un-registered JMX Bean with object name Ratis:service=RaftServer,group=group-49C0B3A0D615,id=62ec8eb9-3ae9-4136-b70a-2caf3716fa7f
2019-09-25 07:05:14,497 [24bf2945-a329-4da6-aaf2-23ecd8d462c6@group-134481B225CC-SegmentedRaftLogWorker] INFO  util.JmxRegister (JmxRegister.java:unregister(73)) - Successfully un-registered JMX Bean with object name Ratis:service=RaftServer,group=group-134481B225CC,id=24bf2945-a329-4da6-aaf2-23ecd8d462c6
2019-09-25 07:05:14,497 [e568d23f-199e-48ce-91e4-5c166e2e97cd@group-FF36E0F90A6A-SegmentedRaftLogWorker] INFO  impl.PendingRequests (PendingRequests.java:sendNotLeaderResponses(202)) - e568d23f-199e-48ce-91e4-5c166e2e97cd-PendingRequests: sendNotLeaderResponses
2019-09-25 07:05:14,496 [24bf2945-a329-4da6-aaf2-23ecd8d462c6@group-924297F06423-SegmentedRaftLogWorker] INFO  util.JmxRegister (JmxRegister.java:unregister(73)) - Successfully un-registered JMX Bean with object name Ratis:service=RaftServer,group=group-924297F06423,id=24bf2945-a329-4da6-aaf2-23ecd8d462c6
2019-09-25 07:05:14,500 [24bf2945-a329-4da6-aaf2-23ecd8d462c6@group-924297F06423-SegmentedRaftLogWorker] INFO  impl.RoleInfo (RoleInfo.java:shutdownLeaderState(104)) - 24bf2945-a329-4da6-aaf2-23ecd8d462c6: shutdown LeaderState
2019-09-25 07:05:14,496 [24bf2945-a329-4da6-aaf2-23ecd8d462c6@group-23572328021B-SegmentedRaftLogWorker] INFO  impl.PendingRequests (PendingRequests.java:sendNotLeaderResponses(202)) - 24bf2945-a329-4da6-aaf2-23ecd8d462c6-PendingRequests: sendNotLeaderResponses
2019-09-25 07:05:14,496 [24bf2945-a329-4da6-aaf2-23ecd8d462c6@group-8D34866092A9-SegmentedRaftLogWorker] INFO  impl.PendingRequests (PendingRequests.java:sendNotLeaderResponses(202)) - 24bf2945-a329-4da6-aaf2-23ecd8d462c6-PendingRequests: sendNotLeaderResponses
2019-09-25 07:05:14,496 [62ec8eb9-3ae9-4136-b70a-2caf3716fa7f@group-2F45C8EEFF22-SegmentedRaftLogWorker] INFO  impl.StateMachineUpdater (StateMachineUpdater.java:stopAndJoin(125)) - 62ec8eb9-3ae9-4136-b70a-2caf3716fa7f@group-2F45C8EEFF22-StateMachineUpdater: set stopIndex = -1
2019-09-25 07:05:14,501 [62ec8eb9-3ae9-4136-b70a-2caf3716fa7f@group-2F45C8EEFF22-SegmentedRaftLogWorker] INFO  impl.RaftServerImpl (ServerState.java:close(385)) - 62ec8eb9-3ae9-4136-b70a-2caf3716fa7f@group-2F45C8EEFF22: closes. applyIndex: -1
2019-09-25 07:05:14,496 [62ec8eb9-3ae9-4136-b70a-2caf3716fa7f@group-2E596BF0304E-SegmentedRaftLogWorker] INFO  impl.PendingRequests (PendingRequests.java:sendNotLeaderResponses(202)) - 62ec8eb9-3ae9-4136-b70a-2caf3716fa7f-PendingRequests: sendNotLeaderResponses
2019-09-25 07:05:14,495 [62ec8eb9-3ae9-4136-b70a-2caf3716fa7f@group-E95158996088-SegmentedRaftLogWorker] INFO  impl.StateMachineUpdater (StateMachineUpdater.java:stopAndJoin(125)) - 62ec8eb9-3ae9-4136-b70a-2caf3716fa7f@group-E95158996088-StateMachineUpdater: set stopIndex = -1
2019-09-25 07:05:14,502 [62ec8eb9-3ae9-4136-b70a-2caf3716fa7f@group-E95158996088-SegmentedRaftLogWorker] INFO  impl.RaftServerImpl (ServerState.java:close(385)) - 62ec8eb9-3ae9-4136-b70a-2caf3716fa7f@group-E95158996088: closes. applyIndex: -1
2019-09-25 07:05:14,495 [62ec8eb9-3ae9-4136-b70a-2caf3716fa7f@group-18831A278447-SegmentedRaftLogWorker] INFO  impl.StateMachineUpdater (StateMachineUpdater.java:stopAndJoin(125)) - 62ec8eb9-3ae9-4136-b70a-2caf3716fa7f@group-18831A278447-StateMachineUpdater: set stopIndex = -1
2019-09-25 07:05:14,502 [62ec8eb9-3ae9-4136-b70a-2caf3716fa7f@group-18831A278447-SegmentedRaftLogWorker] INFO  impl.RaftServerImpl (ServerState.java:close(385)) - 62ec8eb9-3ae9-4136-b70a-2caf3716fa7f@group-18831A278447: closes. applyIndex: -1
2019-09-25 07:05:14,495 [24bf2945-a329-4da6-aaf2-23ecd8d462c6@group-6B6043C7F4B7-SegmentedRaftLogWorker] INFO  impl.PendingRequests (PendingRequests.java:sendNotLeaderResponses(202)) - 24bf2945-a329-4da6-aaf2-23ecd8d462c6-PendingRequests: sendNotLeaderResponses
2019-09-25 07:05:14,495 [e568d23f-199e-48ce-91e4-5c166e2e97cd@group-3E36BA650D7B-SegmentedRaftLogWorker] INFO  impl.PendingRequests (PendingRequests.java:sendNotLeaderResponses(202)) - e568d23f-199e-48ce-91e4-5c166e2e97cd-PendingRequests: sendNotLeaderResponses
2019-09-25 07:05:14,494 [e568d23f-199e-48ce-91e4-5c166e2e97cd@group-8E2ACE353EEA-SegmentedRaftLogWorker] INFO  impl.StateMachineUpdater (StateMachineUpdater.java:stopAndJoin(125)) - e568d23f-199e-48ce-91e4-5c166e2e97cd@group-8E2ACE353EEA-StateMachineUpdater: set stopIndex = -1
2019-09-25 07:05:14,494 [62ec8eb9-3ae9-4136-b70a-2caf3716fa7f@group-C940C511D282-SegmentedRaftLogWorker] INFO  impl.PendingRequests (PendingRequests.java:sendNotLeaderResponses(202)) - 62ec8eb9-3ae9-4136-b70a-2caf3716fa7f-PendingRequests: sendNotLeaderResponses
2019-09-25 07:05:14,494 [e568d23f-199e-48ce-91e4-5c166e2e97cd@group-712AED870590-SegmentedRaftLogWorker] INFO  util.JmxRegister (JmxRegister.java:unregister(73)) - Successfully un-registered JMX Bean with object name Ratis:service=RaftServer,group=group-712AED870590,id=e568d23f-199e-48ce-91e4-5c166e2e97cd
2019-09-25 07:05:14,503 [62ec8eb9-3ae9-4136-b70a-2caf3716fa7f@group-C940C511D282-SegmentedRaftLogWorker] INFO  impl.StateMachineUpdater (StateMachineUpdater.java:stopAndJoin(125)) - 62ec8eb9-3ae9-4136-b70a-2caf3716fa7f@group-C940C511D282-StateMachineUpdater: set stopIndex = -1
2019-09-25 07:05:14,503 [62ec8eb9-3ae9-4136-b70a-2caf3716fa7f@group-C940C511D282-SegmentedRaftLogWorker] INFO  impl.RaftServerImpl (ServerState.java:close(385)) - 62ec8eb9-3ae9-4136-b70a-2caf3716fa7f@group-C940C511D282: closes. applyIndex: -1
2019-09-25 07:05:14,503 [e568d23f-199e-48ce-91e4-5c166e2e97cd@group-8E2ACE353EEA-SegmentedRaftLogWorker] INFO  impl.RaftServerImpl (ServerState.java:close(385)) - e568d23f-199e-48ce-91e4-5c166e2e97cd@group-8E2ACE353EEA: closes. applyIndex: -1
2019-09-25 07:05:14,503 [e568d23f-199e-48ce-91e4-5c166e2e97cd@group-3E36BA650D7B-SegmentedRaftLogWorker] INFO  impl.StateMachineUpdater (StateMachineUpdater.java:stopAndJoin(125)) - e568d23f-199e-48ce-91e4-5c166e2e97cd@group-3E36BA650D7B-StateMachineUpdater: set stopIndex = -1
2019-09-25 07:05:14,504 [e568d23f-199e-48ce-91e4-5c166e2e97cd@group-3E36BA650D7B-SegmentedRaftLogWorker] INFO  impl.RaftServerImpl (ServerState.java:close(385)) - e568d23f-199e-48ce-91e4-5c166e2e97cd@group-3E36BA650D7B: closes. applyIndex: -1
2019-09-25 07:05:14,502 [24bf2945-a329-4da6-aaf2-23ecd8d462c6@group-6B6043C7F4B7-SegmentedRaftLogWorker] INFO  impl.StateMachineUpdater (StateMachineUpdater.java:stopAndJoin(125)) - 24bf2945-a329-4da6-aaf2-23ecd8d462c6@group-6B6043C7F4B7-StateMachineUpdater: set stopIndex = -1
2019-09-25 07:05:14,502 [62ec8eb9-3ae9-4136-b70a-2caf3716fa7f@group-18831A278447-SegmentedRaftLogWorker] INFO  segmented.SegmentedRaftLogWorker (SegmentedRaftLogWorker.java:close(228)) - 62ec8eb9-3ae9-4136-b70a-2caf3716fa7f@group-18831A278447-SegmentedRaftLogWorker close()
2019-09-25 07:05:14,502 [62ec8eb9-3ae9-4136-b70a-2caf3716fa7f@group-E95158996088-SegmentedRaftLogWorker] INFO  segmented.SegmentedRaftLogWorker (SegmentedRaftLogWorker.java:close(228)) - 62ec8eb9-3ae9-4136-b70a-2caf3716fa7f@group-E95158996088-SegmentedRaftLogWorker close()
2019-09-25 07:05:14,501 [62ec8eb9-3ae9-4136-b70a-2caf3716fa7f@group-2E596BF0304E-SegmentedRaftLogWorker] INFO  impl.StateMachineUpdater (StateMachineUpdater.java:stopAndJoin(125)) - 62ec8eb9-3ae9-4136-b70a-2caf3716fa7f@group-2E596BF0304E-StateMachineUpdater: set stopIndex = -1
2019-09-25 07:05:14,504 [62ec8eb9-3ae9-4136-b70a-2caf3716fa7f@group-2E596BF0304E-SegmentedRaftLogWorker] INFO  impl.RaftServerImpl (ServerState.java:close(385)) - 62ec8eb9-3ae9-4136-b70a-2caf3716fa7f@group-2E596BF0304E: closes. applyIndex: -1
2019-09-25 07:05:14,501 [62ec8eb9-3ae9-4136-b70a-2caf3716fa7f@group-2F45C8EEFF22-SegmentedRaftLogWorker] INFO  segmented.SegmentedRaftLogWorker (SegmentedRaftLogWorker.java:close(228)) - 62ec8eb9-3ae9-4136-b70a-2caf3716fa7f@group-2F45C8EEFF22-SegmentedRaftLogWorker close()
2019-09-25 07:05:14,501 [24bf2945-a329-4da6-aaf2-23ecd8d462c6@group-8D34866092A9-SegmentedRaftLogWorker] INFO  impl.StateMachineUpdater (StateMachineUpdater.java:stopAndJoin(125)) - 24bf2945-a329-4da6-aaf2-23ecd8d462c6@group-8D34866092A9-StateMachineUpdater: set stopIndex = -1
2019-09-25 07:05:14,505 [24bf2945-a329-4da6-aaf2-23ecd8d462c6@group-8D34866092A9-SegmentedRaftLogWorker] INFO  impl.RaftServerImpl (ServerState.java:close(385)) - 24bf2945-a329-4da6-aaf2-23ecd8d462c6@group-8D34866092A9: closes. applyIndex: -1
2019-09-25 07:05:14,501 [24bf2945-a329-4da6-aaf2-23ecd8d462c6@group-23572328021B-SegmentedRaftLogWorker] INFO  impl.StateMachineUpdater (StateMachineUpdater.java:stopAndJoin(125)) - 24bf2945-a329-4da6-aaf2-23ecd8d462c6@group-23572328021B-StateMachineUpdater: set stopIndex = -1
2019-09-25 07:05:14,501 [24bf2945-a329-4da6-aaf2-23ecd8d462c6@group-924297F06423-SegmentedRaftLogWorker] INFO  impl.PendingRequests (PendingRequests.java:sendNotLeaderResponses(202)) - 24bf2945-a329-4da6-aaf2-23ecd8d462c6-PendingRequests: sendNotLeaderResponses
2019-09-25 07:05:14,500 [e568d23f-199e-48ce-91e4-5c166e2e97cd@group-FF36E0F90A6A-SegmentedRaftLogWorker] INFO  impl.StateMachineUpdater (StateMachineUpdater.java:stopAndJoin(125)) - e568d23f-199e-48ce-91e4-5c166e2e97cd@group-FF36E0F90A6A-StateMachineUpdater: set stopIndex = -1
2019-09-25 07:05:14,505 [e568d23f-199e-48ce-91e4-5c166e2e97cd@group-FF36E0F90A6A-SegmentedRaftLogWorker] INFO  impl.RaftServerImpl (ServerState.java:close(385)) - e568d23f-199e-48ce-91e4-5c166e2e97cd@group-FF36E0F90A6A: closes. applyIndex: -1
2019-09-25 07:05:14,500 [24bf2945-a329-4da6-aaf2-23ecd8d462c6@group-134481B225CC-SegmentedRaftLogWorker] INFO  impl.RoleInfo (RoleInfo.java:shutdownLeaderState(104)) - 24bf2945-a329-4da6-aaf2-23ecd8d462c6: shutdown LeaderState
2019-09-25 07:05:14,500 [62ec8eb9-3ae9-4136-b70a-2caf3716fa7f@group-49C0B3A0D615-SegmentedRaftLogWorker] INFO  impl.RoleInfo (RoleInfo.java:shutdownLeaderState(104)) - 62ec8eb9-3ae9-4136-b70a-2caf3716fa7f: shutdown LeaderState
2019-09-25 07:05:14,500 [62ec8eb9-3ae9-4136-b70a-2caf3716fa7f@group-3A316764445C-SegmentedRaftLogWorker] INFO  impl.StateMachineUpdater (StateMachineUpdater.java:stopAndJoin(125)) - 62ec8eb9-3ae9-4136-b70a-2caf3716fa7f@group-3A316764445C-StateMachineUpdater: set stopIndex = -1
2019-09-25 07:05:14,500 [24bf2945-a329-4da6-aaf2-23ecd8d462c6@group-FF666133FC8D-SegmentedRaftLogWorker] INFO  segmented.SegmentedRaftLogWorker (SegmentedRaftLogWorker.java:close(228)) - 24bf2945-a329-4da6-aaf2-23ecd8d462c6@group-FF666133FC8D-SegmentedRaftLogWorker close()
2019-09-25 07:05:14,499 [62ec8eb9-3ae9-4136-b70a-2caf3716fa7f@group-E582315BD891-SegmentedRaftLogWorker] INFO  impl.StateMachineUpdater (StateMachineUpdater.java:stopAndJoin(125)) - 62ec8eb9-3ae9-4136-b70a-2caf3716fa7f@group-E582315BD891-StateMachineUpdater: set stopIndex = -1
2019-09-25 07:05:14,506 [62ec8eb9-3ae9-4136-b70a-2caf3716fa7f@group-E582315BD891-SegmentedRaftLogWorker] INFO  impl.RaftServerImpl (ServerState.java:close(385)) - 62ec8eb9-3ae9-4136-b70a-2caf3716fa7f@group-E582315BD891: closes. applyIndex: -1
2019-09-25 07:05:14,499 [24bf2945-a329-4da6-aaf2-23ecd8d462c6@group-DFD88B075CEC-SegmentedRaftLogWorker] INFO  impl.StateMachineUpdater (StateMachineUpdater.java:stopAndJoin(125)) - 24bf2945-a329-4da6-aaf2-23ecd8d462c6@group-DFD88B075CEC-StateMachineUpdater: set stopIndex = -1
2019-09-25 07:05:14,506 [24bf2945-a329-4da6-aaf2-23ecd8d462c6@group-DFD88B075CEC-SegmentedRaftLogWorker] INFO  impl.RaftServerImpl (ServerState.java:close(385)) - 24bf2945-a329-4da6-aaf2-23ecd8d462c6@group-DFD88B075CEC: closes. applyIndex: -1
2019-09-25 07:05:14,499 [e568d23f-199e-48ce-91e4-5c166e2e97cd@group-9B8AC22ECFDA-SegmentedRaftLogWorker] INFO  impl.StateMachineUpdater (StateMachineUpdater.java:stopAndJoin(125)) - e568d23f-199e-48ce-91e4-5c166e2e97cd@group-9B8AC22ECFDA-StateMachineUpdater: set stopIndex = -1
2019-09-25 07:05:14,507 [e568d23f-199e-48ce-91e4-5c166e2e97cd@group-9B8AC22ECFDA-SegmentedRaftLogWorker] INFO  impl.RaftServerImpl (ServerState.java:close(385)) - e568d23f-199e-48ce-91e4-5c166e2e97cd@group-9B8AC22ECFDA: closes. applyIndex: -1
2019-09-25 07:05:14,499 [24bf2945-a329-4da6-aaf2-23ecd8d462c6@group-16D434BC82E0-SegmentedRaftLogWorker] INFO  impl.StateMachineUpdater (StateMachineUpdater.java:stopAndJoin(125)) - 24bf2945-a329-4da6-aaf2-23ecd8d462c6@group-16D434BC82E0-StateMachineUpdater: set stopIndex = -1
2019-09-25 07:05:14,507 [24bf2945-a329-4da6-aaf2-23ecd8d462c6@group-16D434BC82E0-SegmentedRaftLogWorker] INFO  impl.RaftServerImpl (ServerState.java:close(385)) - 24bf2945-a329-4da6-aaf2-23ecd8d462c6@group-16D434BC82E0: closes. applyIndex: -1
2019-09-25 07:05:14,499 [62ec8eb9-3ae9-4136-b70a-2caf3716fa7f@group-52492DA1CE05-SegmentedRaftLogWorker] INFO  impl.StateMachineUpdater (StateMachineUpdater.java:stopAndJoin(125)) - 62ec8eb9-3ae9-4136-b70a-2caf3716fa7f@group-52492DA1CE05-StateMachineUpdater: set stopIndex = -1
2019-09-25 07:05:14,507 [24bf2945-a329-4da6-aaf2-23ecd8d462c6@group-16D434BC82E0-SegmentedRaftLogWorker] INFO  segmented.SegmentedRaftLogWorker (SegmentedRaftLogWorker.java:close(228)) - 24bf2945-a329-4da6-aaf2-23ecd8d462c6@group-16D434BC82E0-SegmentedRaftLogWorker close()
2019-09-25 07:05:14,507 [e568d23f-199e-48ce-91e4-5c166e2e97cd@group-9B8AC22ECFDA-SegmentedRaftLogWorker] INFO  segmented.SegmentedRaftLogWorker (SegmentedRaftLogWorker.java:close(228)) - e568d23f-199e-48ce-91e4-5c166e2e97cd@group-9B8AC22ECFDA-SegmentedRaftLogWorker close()
2019-09-25 07:05:14,507 [24bf2945-a329-4da6-aaf2-23ecd8d462c6@group-DFD88B075CEC-SegmentedRaftLogWorker] INFO  segmented.SegmentedRaftLogWorker (SegmentedRaftLogWorker.java:close(228)) - 24bf2945-a329-4da6-aaf2-23ecd8d462c6@group-DFD88B075CEC-SegmentedRaftLogWorker close()
2019-09-25 07:05:14,506 [62ec8eb9-3ae9-4136-b70a-2caf3716fa7f@group-E582315BD891-SegmentedRaftLogWorker] INFO  segmented.SegmentedRaftLogWorker (SegmentedRaftLogWorker.java:close(228)) - 62ec8eb9-3ae9-4136-b70a-2caf3716fa7f@group-E582315BD891-SegmentedRaftLogWorker close()
2019-09-25 07:05:14,506 [62ec8eb9-3ae9-4136-b70a-2caf3716fa7f@group-3A316764445C-SegmentedRaftLogWorker] INFO  impl.RaftServerImpl (ServerState.java:close(385)) - 62ec8eb9-3ae9-4136-b70a-2caf3716fa7f@group-3A316764445C: closes. applyIndex: -1
2019-09-25 07:05:14,506 [62ec8eb9-3ae9-4136-b70a-2caf3716fa7f@group-49C0B3A0D615-SegmentedRaftLogWorker] INFO  impl.PendingRequests (PendingRequests.java:sendNotLeaderResponses(202)) - 62ec8eb9-3ae9-4136-b70a-2caf3716fa7f-PendingRequests: sendNotLeaderResponses
2019-09-25 07:05:14,506 [24bf2945-a329-4da6-aaf2-23ecd8d462c6@group-134481B225CC-SegmentedRaftLogWorker] INFO  impl.PendingRequests (PendingRequests.java:sendNotLeaderResponses(202)) - 24bf2945-a329-4da6-aaf2-23ecd8d462c6-PendingRequests: sendNotLeaderResponses
2019-09-25 07:05:14,506 [e568d23f-199e-48ce-91e4-5c166e2e97cd@group-FF36E0F90A6A-SegmentedRaftLogWorker] INFO  segmented.SegmentedRaftLogWorker (SegmentedRaftLogWorker.java:close(228)) - e568d23f-199e-48ce-91e4-5c166e2e97cd@group-FF36E0F90A6A-SegmentedRaftLogWorker close()
2019-09-25 07:05:14,505 [24bf2945-a329-4da6-aaf2-23ecd8d462c6@group-924297F06423-SegmentedRaftLogWorker] INFO  impl.StateMachineUpdater (StateMachineUpdater.java:stopAndJoin(125)) - 24bf2945-a329-4da6-aaf2-23ecd8d462c6@group-924297F06423-StateMachineUpdater: set stopIndex = -1
2019-09-25 07:05:14,509 [24bf2945-a329-4da6-aaf2-23ecd8d462c6@group-924297F06423-SegmentedRaftLogWorker] INFO  impl.RaftServerImpl (ServerState.java:close(385)) - 24bf2945-a329-4da6-aaf2-23ecd8d462c6@group-924297F06423: closes. applyIndex: -1
2019-09-25 07:05:14,505 [24bf2945-a329-4da6-aaf2-23ecd8d462c6@group-23572328021B-SegmentedRaftLogWorker] INFO  impl.RaftServerImpl (ServerState.java:close(385)) - 24bf2945-a329-4da6-aaf2-23ecd8d462c6@group-23572328021B: closes. applyIndex: -1
2019-09-25 07:05:14,505 [24bf2945-a329-4da6-aaf2-23ecd8d462c6@group-8D34866092A9-SegmentedRaftLogWorker] INFO  segmented.SegmentedRaftLogWorker (SegmentedRaftLogWorker.java:close(228)) - 24bf2945-a329-4da6-aaf2-23ecd8d462c6@group-8D34866092A9-SegmentedRaftLogWorker close()
2019-09-25 07:05:14,505 [62ec8eb9-3ae9-4136-b70a-2caf3716fa7f@group-2E596BF0304E-SegmentedRaftLogWorker] INFO  segmented.SegmentedRaftLogWorker (SegmentedRaftLogWorker.java:close(228)) - 62ec8eb9-3ae9-4136-b70a-2caf3716fa7f@group-2E596BF0304E-SegmentedRaftLogWorker close()
2019-09-25 07:05:14,504 [24bf2945-a329-4da6-aaf2-23ecd8d462c6@group-6B6043C7F4B7-SegmentedRaftLogWorker] INFO  impl.RaftServerImpl (ServerState.java:close(385)) - 24bf2945-a329-4da6-aaf2-23ecd8d462c6@group-6B6043C7F4B7: closes. applyIndex: -1
2019-09-25 07:05:14,504 [e568d23f-199e-48ce-91e4-5c166e2e97cd@group-3E36BA650D7B-SegmentedRaftLogWorker] INFO  segmented.SegmentedRaftLogWorker (SegmentedRaftLogWorker.java:close(228)) - e568d23f-199e-48ce-91e4-5c166e2e97cd@group-3E36BA650D7B-SegmentedRaftLogWorker close()
2019-09-25 07:05:14,503 [e568d23f-199e-48ce-91e4-5c166e2e97cd@group-8E2ACE353EEA-SegmentedRaftLogWorker] INFO  segmented.SegmentedRaftLogWorker (SegmentedRaftLogWorker.java:close(228)) - e568d23f-199e-48ce-91e4-5c166e2e97cd@group-8E2ACE353EEA-SegmentedRaftLogWorker close()
2019-09-25 07:05:14,503 [62ec8eb9-3ae9-4136-b70a-2caf3716fa7f@group-C940C511D282-SegmentedRaftLogWorker] INFO  segmented.SegmentedRaftLogWorker (SegmentedRaftLogWorker.java:close(228)) - 62ec8eb9-3ae9-4136-b70a-2caf3716fa7f@group-C940C511D282-SegmentedRaftLogWorker close()
2019-09-25 07:05:14,503 [e568d23f-199e-48ce-91e4-5c166e2e97cd@group-712AED870590-SegmentedRaftLogWorker] INFO  impl.RoleInfo (RoleInfo.java:shutdownLeaderState(104)) - e568d23f-199e-48ce-91e4-5c166e2e97cd: shutdown LeaderState
2019-09-25 07:05:14,510 [24bf2945-a329-4da6-aaf2-23ecd8d462c6@group-6B6043C7F4B7-SegmentedRaftLogWorker] INFO  segmented.SegmentedRaftLogWorker (SegmentedRaftLogWorker.java:close(228)) - 24bf2945-a329-4da6-aaf2-23ecd8d462c6@group-6B6043C7F4B7-SegmentedRaftLogWorker close()
2019-09-25 07:05:14,509 [24bf2945-a329-4da6-aaf2-23ecd8d462c6@group-23572328021B-SegmentedRaftLogWorker] INFO  segmented.SegmentedRaftLogWorker (SegmentedRaftLogWorker.java:close(228)) - 24bf2945-a329-4da6-aaf2-23ecd8d462c6@group-23572328021B-SegmentedRaftLogWorker close()
2019-09-25 07:05:14,509 [24bf2945-a329-4da6-aaf2-23ecd8d462c6@group-924297F06423-SegmentedRaftLogWorker] INFO  segmented.SegmentedRaftLogWorker (SegmentedRaftLogWorker.java:close(228)) - 24bf2945-a329-4da6-aaf2-23ecd8d462c6@group-924297F06423-SegmentedRaftLogWorker close()
2019-09-25 07:05:14,508 [24bf2945-a329-4da6-aaf2-23ecd8d462c6@group-134481B225CC-SegmentedRaftLogWorker] INFO  impl.StateMachineUpdater (StateMachineUpdater.java:stopAndJoin(125)) - 24bf2945-a329-4da6-aaf2-23ecd8d462c6@group-134481B225CC-StateMachineUpdater: set stopIndex = -1
2019-09-25 07:05:14,508 [62ec8eb9-3ae9-4136-b70a-2caf3716fa7f@group-49C0B3A0D615-SegmentedRaftLogWorker] INFO  impl.StateMachineUpdater (StateMachineUpdater.java:stopAndJoin(125)) - 62ec8eb9-3ae9-4136-b70a-2caf3716fa7f@group-49C0B3A0D615-StateMachineUpdater: set stopIndex = -1
2019-09-25 07:05:14,508 [62ec8eb9-3ae9-4136-b70a-2caf3716fa7f@group-3A316764445C-SegmentedRaftLogWorker] INFO  segmented.SegmentedRaftLogWorker (SegmentedRaftLogWorker.java:close(228)) - 62ec8eb9-3ae9-4136-b70a-2caf3716fa7f@group-3A316764445C-SegmentedRaftLogWorker close()
2019-09-25 07:05:14,507 [62ec8eb9-3ae9-4136-b70a-2caf3716fa7f@group-52492DA1CE05-SegmentedRaftLogWorker] INFO  impl.RaftServerImpl (ServerState.java:close(385)) - 62ec8eb9-3ae9-4136-b70a-2caf3716fa7f@group-52492DA1CE05: closes. applyIndex: -1
2019-09-25 07:05:14,511 [62ec8eb9-3ae9-4136-b70a-2caf3716fa7f@group-49C0B3A0D615-SegmentedRaftLogWorker] INFO  impl.RaftServerImpl (ServerState.java:close(385)) - 62ec8eb9-3ae9-4136-b70a-2caf3716fa7f@group-49C0B3A0D615: closes. applyIndex: -1
2019-09-25 07:05:14,511 [24bf2945-a329-4da6-aaf2-23ecd8d462c6@group-134481B225CC-SegmentedRaftLogWorker] INFO  impl.RaftServerImpl (ServerState.java:close(385)) - 24bf2945-a329-4da6-aaf2-23ecd8d462c6@group-134481B225CC: closes. applyIndex: -1
2019-09-25 07:05:14,510 [e568d23f-199e-48ce-91e4-5c166e2e97cd@group-712AED870590-SegmentedRaftLogWorker] INFO  impl.PendingRequests (PendingRequests.java:sendNotLeaderResponses(202)) - e568d23f-199e-48ce-91e4-5c166e2e97cd-PendingRequests: sendNotLeaderResponses
2019-09-25 07:05:14,512 [24bf2945-a329-4da6-aaf2-23ecd8d462c6@group-134481B225CC-SegmentedRaftLogWorker] INFO  segmented.SegmentedRaftLogWorker (SegmentedRaftLogWorker.java:close(228)) - 24bf2945-a329-4da6-aaf2-23ecd8d462c6@group-134481B225CC-SegmentedRaftLogWorker close()
2019-09-25 07:05:14,511 [62ec8eb9-3ae9-4136-b70a-2caf3716fa7f@group-49C0B3A0D615-SegmentedRaftLogWorker] INFO  segmented.SegmentedRaftLogWorker (SegmentedRaftLogWorker.java:close(228)) - 62ec8eb9-3ae9-4136-b70a-2caf3716fa7f@group-49C0B3A0D615-SegmentedRaftLogWorker close()
2019-09-25 07:05:14,511 [62ec8eb9-3ae9-4136-b70a-2caf3716fa7f@group-52492DA1CE05-SegmentedRaftLogWorker] INFO  segmented.SegmentedRaftLogWorker (SegmentedRaftLogWorker.java:close(228)) - 62ec8eb9-3ae9-4136-b70a-2caf3716fa7f@group-52492DA1CE05-SegmentedRaftLogWorker close()
2019-09-25 07:05:14,512 [e568d23f-199e-48ce-91e4-5c166e2e97cd@group-712AED870590-SegmentedRaftLogWorker] INFO  impl.StateMachineUpdater (StateMachineUpdater.java:stopAndJoin(125)) - e568d23f-199e-48ce-91e4-5c166e2e97cd@group-712AED870590-StateMachineUpdater: set stopIndex = -1
2019-09-25 07:05:14,512 [e568d23f-199e-48ce-91e4-5c166e2e97cd@group-712AED870590-SegmentedRaftLogWorker] INFO  impl.RaftServerImpl (ServerState.java:close(385)) - e568d23f-199e-48ce-91e4-5c166e2e97cd@group-712AED870590: closes. applyIndex: -1
2019-09-25 07:05:14,512 [e568d23f-199e-48ce-91e4-5c166e2e97cd@group-712AED870590-SegmentedRaftLogWorker] INFO  segmented.SegmentedRaftLogWorker (SegmentedRaftLogWorker.java:close(228)) - e568d23f-199e-48ce-91e4-5c166e2e97cd@group-712AED870590-SegmentedRaftLogWorker close()
2019-09-25 07:05:15,105 [Command processor thread] ERROR commandhandler.CloseContainerCommandHandler (CloseContainerCommandHandler.java:handle(84)) - Container #1 does not exist in datanode. Container close failed.
2019-09-25 07:05:15,978 [Command processor thread] ERROR commandhandler.CloseContainerCommandHandler (CloseContainerCommandHandler.java:handle(84)) - Container #1 does not exist in datanode. Container close failed.
2019-09-25 07:05:15,982 [Command processor thread] ERROR commandhandler.CloseContainerCommandHandler (CloseContainerCommandHandler.java:handle(84)) - Container #1 does not exist in datanode. Container close failed.
2019-09-25 07:05:18,728 [Thread-976] INFO  impl.FollowerState (FollowerState.java:run(106)) - e568d23f-199e-48ce-91e4-5c166e2e97cd:group-258FC0DA5C42 changes to CANDIDATE, lastRpcTime:11794, electionTimeout:5017ms
2019-09-25 07:05:18,728 [Thread-976] INFO  impl.RoleInfo (RoleInfo.java:shutdownFollowerState(121)) - e568d23f-199e-48ce-91e4-5c166e2e97cd: shutdown FollowerState
2019-09-25 07:05:18,729 [Thread-976] INFO  impl.RaftServerImpl (RaftServerImpl.java:setRole(174)) - e568d23f-199e-48ce-91e4-5c166e2e97cd@group-258FC0DA5C42: changes role from  FOLLOWER to CANDIDATE at term 2 for changeToCandidate
2019-09-25 07:05:18,729 [Thread-976] INFO  impl.RoleInfo (RoleInfo.java:updateAndGet(143)) - e568d23f-199e-48ce-91e4-5c166e2e97cd: start LeaderElection
2019-09-25 07:05:18,743 [e568d23f-199e-48ce-91e4-5c166e2e97cd@group-258FC0DA5C42:LeaderElection159] INFO  impl.LeaderElection (LeaderElection.java:askForVotes(182)) - e568d23f-199e-48ce-91e4-5c166e2e97cd@group-258FC0DA5C42:LeaderElection159: begin an election at term 3 for -1: [24bf2945-a329-4da6-aaf2-23ecd8d462c6:192.168.30.10:42867, e568d23f-199e-48ce-91e4-5c166e2e97cd:192.168.30.10:42827, 62ec8eb9-3ae9-4136-b70a-2caf3716fa7f:192.168.30.10:44715], old=null
2019-09-25 07:05:18,748 [grpc-default-executor-5] INFO  impl.RaftServerImpl (RaftServerImpl.java:setRole(174)) - 62ec8eb9-3ae9-4136-b70a-2caf3716fa7f@group-258FC0DA5C42: changes role from  FOLLOWER to FOLLOWER at term 3 for recognizeCandidate:e568d23f-199e-48ce-91e4-5c166e2e97cd
2019-09-25 07:05:18,748 [grpc-default-executor-5] INFO  impl.RoleInfo (RoleInfo.java:shutdownFollowerState(121)) - 62ec8eb9-3ae9-4136-b70a-2caf3716fa7f: shutdown FollowerState
2019-09-25 07:05:18,748 [grpc-default-executor-0] INFO  impl.RaftServerImpl (RaftServerImpl.java:setRole(174)) - 24bf2945-a329-4da6-aaf2-23ecd8d462c6@group-258FC0DA5C42: changes role from  FOLLOWER to FOLLOWER at term 3 for recognizeCandidate:e568d23f-199e-48ce-91e4-5c166e2e97cd
2019-09-25 07:05:18,749 [grpc-default-executor-5] INFO  impl.RoleInfo (RoleInfo.java:updateAndGet(143)) - 62ec8eb9-3ae9-4136-b70a-2caf3716fa7f: start FollowerState
2019-09-25 07:05:18,749 [Thread-974] INFO  impl.FollowerState (FollowerState.java:run(115)) - 62ec8eb9-3ae9-4136-b70a-2caf3716fa7f: FollowerState was interrupted: java.lang.InterruptedException: sleep interrupted
2019-09-25 07:05:18,749 [grpc-default-executor-0] INFO  impl.RoleInfo (RoleInfo.java:shutdownFollowerState(121)) - 24bf2945-a329-4da6-aaf2-23ecd8d462c6: shutdown FollowerState
2019-09-25 07:05:18,749 [grpc-default-executor-0] INFO  impl.RoleInfo (RoleInfo.java:updateAndGet(143)) - 24bf2945-a329-4da6-aaf2-23ecd8d462c6: start FollowerState
2019-09-25 07:05:18,749 [Thread-975] INFO  impl.FollowerState (FollowerState.java:run(115)) - 24bf2945-a329-4da6-aaf2-23ecd8d462c6: FollowerState was interrupted: java.lang.InterruptedException: sleep interrupted
2019-09-25 07:05:18,778 [e568d23f-199e-48ce-91e4-5c166e2e97cd@group-258FC0DA5C42:LeaderElection159] INFO  impl.LeaderElection (LeaderElection.java:logAndReturn(56)) - e568d23f-199e-48ce-91e4-5c166e2e97cd@group-258FC0DA5C42:LeaderElection159: Election PASSED; received 1 response(s) [e568d23f-199e-48ce-91e4-5c166e2e97cd<-24bf2945-a329-4da6-aaf2-23ecd8d462c6#0:OK-t3] and 0 exception(s); e568d23f-199e-48ce-91e4-5c166e2e97cd@group-258FC0DA5C42:t3, leader=null, voted=e568d23f-199e-48ce-91e4-5c166e2e97cd, raftlog=e568d23f-199e-48ce-91e4-5c166e2e97cd@group-258FC0DA5C42-SegmentedRaftLog:OPENED:c-1,f-1,i0, conf=-1: [24bf2945-a329-4da6-aaf2-23ecd8d462c6:192.168.30.10:42867, e568d23f-199e-48ce-91e4-5c166e2e97cd:192.168.30.10:42827, 62ec8eb9-3ae9-4136-b70a-2caf3716fa7f:192.168.30.10:44715], old=null
2019-09-25 07:05:18,778 [e568d23f-199e-48ce-91e4-5c166e2e97cd@group-258FC0DA5C42:LeaderElection159] INFO  impl.RoleInfo (RoleInfo.java:shutdownLeaderElection(134)) - e568d23f-199e-48ce-91e4-5c166e2e97cd: shutdown LeaderElection
2019-09-25 07:05:18,779 [e568d23f-199e-48ce-91e4-5c166e2e97cd@group-258FC0DA5C42:LeaderElection159] INFO  impl.RaftServerImpl (RaftServerImpl.java:setRole(174)) - e568d23f-199e-48ce-91e4-5c166e2e97cd@group-258FC0DA5C42: changes role from CANDIDATE to LEADER at term 3 for changeToLeader
2019-09-25 07:05:18,779 [e568d23f-199e-48ce-91e4-5c166e2e97cd@group-258FC0DA5C42:LeaderElection159] INFO  impl.RaftServerImpl (ServerState.java:setLeader(253)) - e568d23f-199e-48ce-91e4-5c166e2e97cd@group-258FC0DA5C42: change Leader from null to e568d23f-199e-48ce-91e4-5c166e2e97cd at term 3 for becomeLeader, leader elected after 28022ms
2019-09-25 07:05:18,779 [e568d23f-199e-48ce-91e4-5c166e2e97cd@group-258FC0DA5C42:LeaderElection159] INFO  server.RaftServerConfigKeys (ConfUtils.java:logGet(43)) - raft.server.staging.catchup.gap = 1000 (default)
2019-09-25 07:05:18,779 [e568d23f-199e-48ce-91e4-5c166e2e97cd@group-258FC0DA5C42:LeaderElection159] INFO  server.RaftServerConfigKeys (ConfUtils.java:logGet(43)) - raft.server.rpc.sleep.time = 25ms (default)
2019-09-25 07:05:18,779 [e568d23f-199e-48ce-91e4-5c166e2e97cd@group-258FC0DA5C42:LeaderElection159] INFO  server.RaftServerConfigKeys (ConfUtils.java:logGet(43)) - raft.server.write.element-limit = 4096 (default)
2019-09-25 07:05:18,780 [e568d23f-199e-48ce-91e4-5c166e2e97cd@group-258FC0DA5C42:LeaderElection159] INFO  server.RaftServerConfigKeys (ConfUtils.java:logGet(43)) - raft.server.watch.timeout = 10s (default)
2019-09-25 07:05:18,780 [e568d23f-199e-48ce-91e4-5c166e2e97cd@group-258FC0DA5C42:LeaderElection159] INFO  server.RaftServerConfigKeys (ConfUtils.java:logGet(43)) - raft.server.watch.timeout.denomination = 1s (default)
2019-09-25 07:05:18,780 [e568d23f-199e-48ce-91e4-5c166e2e97cd@group-258FC0DA5C42:LeaderElection159] INFO  server.RaftServerConfigKeys (ConfUtils.java:logGet(43)) - raft.server.watch.element-limit = 65536 (default)
2019-09-25 07:05:18,786 [e568d23f-199e-48ce-91e4-5c166e2e97cd@group-258FC0DA5C42:LeaderElection159] INFO  server.RaftServerConfigKeys (ConfUtils.java:logGet(43)) - raft.server.log.appender.snapshot.chunk.size.max = 16MB (=16777216) (default)
2019-09-25 07:05:18,786 [e568d23f-199e-48ce-91e4-5c166e2e97cd@group-258FC0DA5C42:LeaderElection159] INFO  server.RaftServerConfigKeys (ConfUtils.java:logGet(43)) - raft.server.log.appender.buffer.byte-limit = 33554432 (custom)
2019-09-25 07:05:18,787 [e568d23f-199e-48ce-91e4-5c166e2e97cd@group-258FC0DA5C42:LeaderElection159] INFO  server.RaftServerConfigKeys (ConfUtils.java:logGet(43)) - raft.server.log.appender.buffer.element-limit = 1 (custom)
2019-09-25 07:05:18,793 [e568d23f-199e-48ce-91e4-5c166e2e97cd@group-258FC0DA5C42:LeaderElection159] INFO  grpc.GrpcConfigKeys$Server (ConfUtils.java:logGet(43)) - raft.grpc.server.leader.outstanding.appends.max = 128 (default)
2019-09-25 07:05:18,793 [e568d23f-199e-48ce-91e4-5c166e2e97cd@group-258FC0DA5C42:LeaderElection159] INFO  server.RaftServerConfigKeys (ConfUtils.java:logGet(43)) - raft.server.rpc.request.timeout = 3000ms (default)
2019-09-25 07:05:18,793 [e568d23f-199e-48ce-91e4-5c166e2e97cd@group-258FC0DA5C42:LeaderElection159] INFO  server.RaftServerConfigKeys (ConfUtils.java:logGet(43)) - raft.server.log.appender.install.snapshot.enabled = false (custom)
2019-09-25 07:05:18,794 [e568d23f-199e-48ce-91e4-5c166e2e97cd@group-258FC0DA5C42:LeaderElection159] INFO  server.RaftServerConfigKeys (ConfUtils.java:logGet(43)) - raft.server.log.appender.snapshot.chunk.size.max = 16MB (=16777216) (default)
2019-09-25 07:05:18,795 [e568d23f-199e-48ce-91e4-5c166e2e97cd@group-258FC0DA5C42:LeaderElection159] INFO  server.RaftServerConfigKeys (ConfUtils.java:logGet(43)) - raft.server.log.appender.buffer.byte-limit = 33554432 (custom)
2019-09-25 07:05:18,795 [e568d23f-199e-48ce-91e4-5c166e2e97cd@group-258FC0DA5C42:LeaderElection159] INFO  server.RaftServerConfigKeys (ConfUtils.java:logGet(43)) - raft.server.log.appender.buffer.element-limit = 1 (custom)
2019-09-25 07:05:18,795 [e568d23f-199e-48ce-91e4-5c166e2e97cd@group-258FC0DA5C42:LeaderElection159] INFO  grpc.GrpcConfigKeys$Server (ConfUtils.java:logGet(43)) - raft.grpc.server.leader.outstanding.appends.max = 128 (default)
2019-09-25 07:05:18,795 [e568d23f-199e-48ce-91e4-5c166e2e97cd@group-258FC0DA5C42:LeaderElection159] INFO  server.RaftServerConfigKeys (ConfUtils.java:logGet(43)) - raft.server.rpc.request.timeout = 3000ms (default)
2019-09-25 07:05:18,795 [e568d23f-199e-48ce-91e4-5c166e2e97cd@group-258FC0DA5C42:LeaderElection159] INFO  server.RaftServerConfigKeys (ConfUtils.java:logGet(43)) - raft.server.log.appender.install.snapshot.enabled = false (custom)
2019-09-25 07:05:18,797 [e568d23f-199e-48ce-91e4-5c166e2e97cd@group-258FC0DA5C42:LeaderElection159] INFO  impl.RoleInfo (RoleInfo.java:updateAndGet(143)) - e568d23f-199e-48ce-91e4-5c166e2e97cd: start LeaderState
2019-09-25 07:05:18,797 [e568d23f-199e-48ce-91e4-5c166e2e97cd@group-258FC0DA5C42:LeaderElection159] INFO  segmented.SegmentedRaftLogWorker (SegmentedRaftLogWorker.java:startLogSegment(380)) - e568d23f-199e-48ce-91e4-5c166e2e97cd@group-258FC0DA5C42-SegmentedRaftLogWorker: Starting segment from index:0
2019-09-25 07:05:19,203 [Thread-997] INFO  impl.FollowerState (FollowerState.java:run(106)) - 24bf2945-a329-4da6-aaf2-23ecd8d462c6:group-14CFC579332C changes to CANDIDATE, lastRpcTime:5060, electionTimeout:5032ms
2019-09-25 07:05:19,206 [Thread-997] INFO  impl.RoleInfo (RoleInfo.java:shutdownFollowerState(121)) - 24bf2945-a329-4da6-aaf2-23ecd8d462c6: shutdown FollowerState
2019-09-25 07:05:19,206 [Thread-997] INFO  impl.RaftServerImpl (RaftServerImpl.java:setRole(174)) - 24bf2945-a329-4da6-aaf2-23ecd8d462c6@group-14CFC579332C: changes role from  FOLLOWER to CANDIDATE at term 0 for changeToCandidate
2019-09-25 07:05:19,206 [Thread-997] INFO  impl.RoleInfo (RoleInfo.java:updateAndGet(143)) - 24bf2945-a329-4da6-aaf2-23ecd8d462c6: start LeaderElection
2019-09-25 07:05:19,207 [Thread-990] INFO  impl.FollowerState (FollowerState.java:run(106)) - e568d23f-199e-48ce-91e4-5c166e2e97cd:group-14CFC579332C changes to CANDIDATE, lastRpcTime:5095, electionTimeout:5095ms
2019-09-25 07:05:19,207 [Thread-990] INFO  impl.RoleInfo (RoleInfo.java:shutdownFollowerState(121)) - e568d23f-199e-48ce-91e4-5c166e2e97cd: shutdown FollowerState
2019-09-25 07:05:19,207 [Thread-977] INFO  impl.FollowerState (FollowerState.java:run(106)) - 62ec8eb9-3ae9-4136-b70a-2caf3716fa7f:group-F9DD8DFAA4FE changes to CANDIDATE, lastRpcTime:7709, electionTimeout:5104ms
2019-09-25 07:05:19,207 [Thread-990] INFO  impl.RaftServerImpl (RaftServerImpl.java:setRole(174)) - e568d23f-199e-48ce-91e4-5c166e2e97cd@group-14CFC579332C: changes role from  FOLLOWER to CANDIDATE at term 0 for changeToCandidate
2019-09-25 07:05:19,207 [Thread-977] INFO  impl.RoleInfo (RoleInfo.java:shutdownFollowerState(121)) - 62ec8eb9-3ae9-4136-b70a-2caf3716fa7f: shutdown FollowerState
2019-09-25 07:05:19,208 [Thread-990] INFO  impl.RoleInfo (RoleInfo.java:updateAndGet(143)) - e568d23f-199e-48ce-91e4-5c166e2e97cd: start LeaderElection
2019-09-25 07:05:19,208 [Thread-977] INFO  impl.RaftServerImpl (RaftServerImpl.java:setRole(174)) - 62ec8eb9-3ae9-4136-b70a-2caf3716fa7f@group-F9DD8DFAA4FE: changes role from  FOLLOWER to CANDIDATE at term 0 for changeToCandidate
2019-09-25 07:05:19,208 [Thread-977] INFO  impl.RoleInfo (RoleInfo.java:updateAndGet(143)) - 62ec8eb9-3ae9-4136-b70a-2caf3716fa7f: start LeaderElection
2019-09-25 07:05:19,203 [Thread-986] INFO  impl.FollowerState (FollowerState.java:run(106)) - e568d23f-199e-48ce-91e4-5c166e2e97cd:group-E6F9350C10F4 changes to CANDIDATE, lastRpcTime:5093, electionTimeout:5059ms
2019-09-25 07:05:19,215 [Thread-984] INFO  impl.FollowerState (FollowerState.java:run(106)) - 62ec8eb9-3ae9-4136-b70a-2caf3716fa7f:group-E6F9350C10F4 changes to CANDIDATE, lastRpcTime:5105, electionTimeout:5092ms
2019-09-25 07:05:19,215 [e568d23f-199e-48ce-91e4-5c166e2e97cd@group-258FC0DA5C42:LeaderElection159] INFO  impl.RaftServerImpl (ServerState.java:setRaftConf(354)) - e568d23f-199e-48ce-91e4-5c166e2e97cd@group-258FC0DA5C42: set configuration 0: [24bf2945-a329-4da6-aaf2-23ecd8d462c6:192.168.30.10:42867, e568d23f-199e-48ce-91e4-5c166e2e97cd:192.168.30.10:42827, 62ec8eb9-3ae9-4136-b70a-2caf3716fa7f:192.168.30.10:44715], old=null at 0
2019-09-25 07:05:19,215 [Thread-986] INFO  impl.RoleInfo (RoleInfo.java:shutdownFollowerState(121)) - e568d23f-199e-48ce-91e4-5c166e2e97cd: shutdown FollowerState
2019-09-25 07:05:19,215 [Thread-984] INFO  impl.RoleInfo (RoleInfo.java:shutdownFollowerState(121)) - 62ec8eb9-3ae9-4136-b70a-2caf3716fa7f: shutdown FollowerState
2019-09-25 07:05:19,215 [Thread-986] INFO  impl.RaftServerImpl (RaftServerImpl.java:setRole(174)) - e568d23f-199e-48ce-91e4-5c166e2e97cd@group-E6F9350C10F4: changes role from  FOLLOWER to CANDIDATE at term 0 for changeToCandidate
2019-09-25 07:05:19,215 [Thread-984] INFO  impl.RaftServerImpl (RaftServerImpl.java:setRole(174)) - 62ec8eb9-3ae9-4136-b70a-2caf3716fa7f@group-E6F9350C10F4: changes role from  FOLLOWER to CANDIDATE at term 0 for changeToCandidate
2019-09-25 07:05:19,215 [Thread-986] INFO  impl.RoleInfo (RoleInfo.java:updateAndGet(143)) - e568d23f-199e-48ce-91e4-5c166e2e97cd: start LeaderElection
2019-09-25 07:05:19,215 [Thread-984] INFO  impl.RoleInfo (RoleInfo.java:updateAndGet(143)) - 62ec8eb9-3ae9-4136-b70a-2caf3716fa7f: start LeaderElection
2019-09-25 07:05:19,223 [Thread-993] INFO  impl.FollowerState (FollowerState.java:run(106)) - 24bf2945-a329-4da6-aaf2-23ecd8d462c6:group-E6F9350C10F4 changes to CANDIDATE, lastRpcTime:5082, electionTimeout:5080ms
2019-09-25 07:05:19,223 [Thread-993] INFO  impl.RoleInfo (RoleInfo.java:shutdownFollowerState(121)) - 24bf2945-a329-4da6-aaf2-23ecd8d462c6: shutdown FollowerState
2019-09-25 07:05:19,226 [Thread-993] INFO  impl.RaftServerImpl (RaftServerImpl.java:setRole(174)) - 24bf2945-a329-4da6-aaf2-23ecd8d462c6@group-E6F9350C10F4: changes role from  FOLLOWER to CANDIDATE at term 0 for changeToCandidate
2019-09-25 07:05:19,227 [Thread-993] INFO  impl.RoleInfo (RoleInfo.java:updateAndGet(143)) - 24bf2945-a329-4da6-aaf2-23ecd8d462c6: start LeaderElection
2019-09-25 07:05:19,233 [grpc-default-executor-0] INFO  impl.RaftServerProxy (RaftServerProxy.java:remove(95)) - 62ec8eb9-3ae9-4136-b70a-2caf3716fa7f: remove  FOLLOWER 62ec8eb9-3ae9-4136-b70a-2caf3716fa7f@group-258FC0DA5C42:t3, leader=null, voted=e568d23f-199e-48ce-91e4-5c166e2e97cd, raftlog=62ec8eb9-3ae9-4136-b70a-2caf3716fa7f@group-258FC0DA5C42-SegmentedRaftLog:OPENED:c-1,f-1,i0, conf=-1: [24bf2945-a329-4da6-aaf2-23ecd8d462c6:192.168.30.10:42867, e568d23f-199e-48ce-91e4-5c166e2e97cd:192.168.30.10:42827, 62ec8eb9-3ae9-4136-b70a-2caf3716fa7f:192.168.30.10:44715], old=null RUNNING
2019-09-25 07:05:19,233 [24bf2945-a329-4da6-aaf2-23ecd8d462c6@group-14CFC579332C:LeaderElection160] INFO  impl.LeaderElection (LeaderElection.java:askForVotes(182)) - 24bf2945-a329-4da6-aaf2-23ecd8d462c6@group-14CFC579332C:LeaderElection160: begin an election at term 1 for -1: [24bf2945-a329-4da6-aaf2-23ecd8d462c6:192.168.30.10:42867, e568d23f-199e-48ce-91e4-5c166e2e97cd:192.168.30.10:42827, 62ec8eb9-3ae9-4136-b70a-2caf3716fa7f:192.168.30.10:44715], old=null
2019-09-25 07:05:19,233 [62ec8eb9-3ae9-4136-b70a-2caf3716fa7f@group-F9DD8DFAA4FE:LeaderElection162] INFO  impl.LeaderElection (LeaderElection.java:askForVotes(182)) - 62ec8eb9-3ae9-4136-b70a-2caf3716fa7f@group-F9DD8DFAA4FE:LeaderElection162: begin an election at term 1 for -1: [62ec8eb9-3ae9-4136-b70a-2caf3716fa7f:192.168.30.10:44715], old=null
2019-09-25 07:05:19,233 [e568d23f-199e-48ce-91e4-5c166e2e97cd@group-14CFC579332C:LeaderElection161] INFO  impl.LeaderElection (LeaderElection.java:askForVotes(182)) - e568d23f-199e-48ce-91e4-5c166e2e97cd@group-14CFC579332C:LeaderElection161: begin an election at term 1 for -1: [24bf2945-a329-4da6-aaf2-23ecd8d462c6:192.168.30.10:42867, e568d23f-199e-48ce-91e4-5c166e2e97cd:192.168.30.10:42827, 62ec8eb9-3ae9-4136-b70a-2caf3716fa7f:192.168.30.10:44715], old=null
2019-09-25 07:05:19,236 [62ec8eb9-3ae9-4136-b70a-2caf3716fa7f@group-F9DD8DFAA4FE:LeaderElection162] INFO  impl.RoleInfo (RoleInfo.java:shutdownLeaderElection(134)) - 62ec8eb9-3ae9-4136-b70a-2caf3716fa7f: shutdown LeaderElection
2019-09-25 07:05:19,236 [62ec8eb9-3ae9-4136-b70a-2caf3716fa7f@group-F9DD8DFAA4FE:LeaderElection162] INFO  impl.RaftServerImpl (RaftServerImpl.java:setRole(174)) - 62ec8eb9-3ae9-4136-b70a-2caf3716fa7f@group-F9DD8DFAA4FE: changes role from CANDIDATE to LEADER at term 1 for changeToLeader
2019-09-25 07:05:19,236 [62ec8eb9-3ae9-4136-b70a-2caf3716fa7f@group-F9DD8DFAA4FE:LeaderElection162] INFO  impl.RaftServerImpl (ServerState.java:setLeader(253)) - 62ec8eb9-3ae9-4136-b70a-2caf3716fa7f@group-F9DD8DFAA4FE: change Leader from null to 62ec8eb9-3ae9-4136-b70a-2caf3716fa7f at term 1 for becomeLeader, leader elected after 23897ms
2019-09-25 07:05:19,237 [62ec8eb9-3ae9-4136-b70a-2caf3716fa7f@group-F9DD8DFAA4FE:LeaderElection162] INFO  server.RaftServerConfigKeys (ConfUtils.java:logGet(43)) - raft.server.staging.catchup.gap = 1000 (default)
2019-09-25 07:05:19,237 [24bf2945-a329-4da6-aaf2-23ecd8d462c6@group-E6F9350C10F4:LeaderElection165] INFO  impl.LeaderElection (LeaderElection.java:askForVotes(182)) - 24bf2945-a329-4da6-aaf2-23ecd8d462c6@group-E6F9350C10F4:LeaderElection165: begin an election at term 1 for -1: [24bf2945-a329-4da6-aaf2-23ecd8d462c6:192.168.30.10:42867, e568d23f-199e-48ce-91e4-5c166e2e97cd:192.168.30.10:42827, 62ec8eb9-3ae9-4136-b70a-2caf3716fa7f:192.168.30.10:44715], old=null
2019-09-25 07:05:19,237 [62ec8eb9-3ae9-4136-b70a-2caf3716fa7f@group-E6F9350C10F4:LeaderElection164] INFO  impl.LeaderElection (LeaderElection.java:askForVotes(182)) - 62ec8eb9-3ae9-4136-b70a-2caf3716fa7f@group-E6F9350C10F4:LeaderElection164: begin an election at term 1 for -1: [24bf2945-a329-4da6-aaf2-23ecd8d462c6:192.168.30.10:42867, e568d23f-199e-48ce-91e4-5c166e2e97cd:192.168.30.10:42827, 62ec8eb9-3ae9-4136-b70a-2caf3716fa7f:192.168.30.10:44715], old=null
2019-09-25 07:05:19,237 [e568d23f-199e-48ce-91e4-5c166e2e97cd@group-E6F9350C10F4:LeaderElection163] INFO  impl.LeaderElection (LeaderElection.java:askForVotes(182)) - e568d23f-199e-48ce-91e4-5c166e2e97cd@group-E6F9350C10F4:LeaderElection163: begin an election at term 1 for -1: [24bf2945-a329-4da6-aaf2-23ecd8d462c6:192.168.30.10:42867, e568d23f-199e-48ce-91e4-5c166e2e97cd:192.168.30.10:42827, 62ec8eb9-3ae9-4136-b70a-2caf3716fa7f:192.168.30.10:44715], old=null
2019-09-25 07:05:19,237 [62ec8eb9-3ae9-4136-b70a-2caf3716fa7f@group-F9DD8DFAA4FE:LeaderElection162] INFO  server.RaftServerConfigKeys (ConfUtils.java:logGet(43)) - raft.server.rpc.sleep.time = 25ms (default)
2019-09-25 07:05:19,240 [grpc-default-executor-0] INFO  impl.RaftServerImpl (RaftServerImpl.java:lambda$shutdown$3(251)) - 62ec8eb9-3ae9-4136-b70a-2caf3716fa7f@group-258FC0DA5C42: shutdown
2019-09-25 07:05:19,240 [62ec8eb9-3ae9-4136-b70a-2caf3716fa7f@group-F9DD8DFAA4FE:LeaderElection162] INFO  server.RaftServerConfigKeys (ConfUtils.java:logGet(43)) - raft.server.write.element-limit = 4096 (default)
2019-09-25 07:05:19,240 [grpc-default-executor-0] INFO  util.JmxRegister (JmxRegister.java:unregister(73)) - Successfully un-registered JMX Bean with object name Ratis:service=RaftServer,group=group-258FC0DA5C42,id=62ec8eb9-3ae9-4136-b70a-2caf3716fa7f
2019-09-25 07:05:19,241 [grpc-default-executor-0] INFO  impl.RoleInfo (RoleInfo.java:shutdownFollowerState(121)) - 62ec8eb9-3ae9-4136-b70a-2caf3716fa7f: shutdown FollowerState
2019-09-25 07:05:19,240 [62ec8eb9-3ae9-4136-b70a-2caf3716fa7f@group-F9DD8DFAA4FE:LeaderElection162] INFO  server.RaftServerConfigKeys (ConfUtils.java:logGet(43)) - raft.server.watch.timeout = 10s (default)
2019-09-25 07:05:19,241 [Thread-1002] INFO  impl.FollowerState (FollowerState.java:run(115)) - 62ec8eb9-3ae9-4136-b70a-2caf3716fa7f: FollowerState was interrupted: java.lang.InterruptedException: sleep interrupted
2019-09-25 07:05:19,241 [grpc-default-executor-0] INFO  impl.StateMachineUpdater (StateMachineUpdater.java:stopAndJoin(125)) - 62ec8eb9-3ae9-4136-b70a-2caf3716fa7f@group-258FC0DA5C42-StateMachineUpdater: set stopIndex = -1
2019-09-25 07:05:19,241 [62ec8eb9-3ae9-4136-b70a-2caf3716fa7f@group-F9DD8DFAA4FE:LeaderElection162] INFO  server.RaftServerConfigKeys (ConfUtils.java:logGet(43)) - raft.server.watch.timeout.denomination = 1s (default)
2019-09-25 07:05:19,241 [grpc-default-executor-0] INFO  impl.RaftServerImpl (ServerState.java:close(385)) - 62ec8eb9-3ae9-4136-b70a-2caf3716fa7f@group-258FC0DA5C42: closes. applyIndex: -1
2019-09-25 07:05:19,241 [62ec8eb9-3ae9-4136-b70a-2caf3716fa7f@group-F9DD8DFAA4FE:LeaderElection162] INFO  server.RaftServerConfigKeys (ConfUtils.java:logGet(43)) - raft.server.watch.element-limit = 65536 (default)
2019-09-25 07:05:19,245 [grpc-default-executor-5] INFO  impl.RaftServerImpl (RaftServerImpl.java:setRole(174)) - 62ec8eb9-3ae9-4136-b70a-2caf3716fa7f@group-14CFC579332C: changes role from  FOLLOWER to FOLLOWER at term 1 for recognizeCandidate:e568d23f-199e-48ce-91e4-5c166e2e97cd
2019-09-25 07:05:19,245 [62ec8eb9-3ae9-4136-b70a-2caf3716fa7f@group-258FC0DA5C42-SegmentedRaftLogWorker] INFO  segmented.SegmentedRaftLogWorker (SegmentedRaftLogWorker.java:run(313)) - 62ec8eb9-3ae9-4136-b70a-2caf3716fa7f@group-258FC0DA5C42-SegmentedRaftLogWorker was interrupted, exiting. There are 0 tasks remaining in the queue.
2019-09-25 07:05:19,245 [grpc-default-executor-5] INFO  impl.RoleInfo (RoleInfo.java:shutdownFollowerState(121)) - 62ec8eb9-3ae9-4136-b70a-2caf3716fa7f: shutdown FollowerState
2019-09-25 07:05:19,246 [grpc-default-executor-0] INFO  segmented.SegmentedRaftLogWorker (SegmentedRaftLogWorker.java:close(228)) - 62ec8eb9-3ae9-4136-b70a-2caf3716fa7f@group-258FC0DA5C42-SegmentedRaftLogWorker close()
2019-09-25 07:05:19,246 [Thread-987] INFO  impl.FollowerState (FollowerState.java:run(115)) - 62ec8eb9-3ae9-4136-b70a-2caf3716fa7f: FollowerState was interrupted: java.lang.InterruptedException: sleep interrupted
2019-09-25 07:05:19,246 [grpc-default-executor-5] INFO  impl.RoleInfo (RoleInfo.java:updateAndGet(143)) - 62ec8eb9-3ae9-4136-b70a-2caf3716fa7f: start FollowerState
2019-09-25 07:05:19,249 [62ec8eb9-3ae9-4136-b70a-2caf3716fa7f@group-F9DD8DFAA4FE:LeaderElection162] INFO  impl.RoleInfo (RoleInfo.java:updateAndGet(143)) - 62ec8eb9-3ae9-4136-b70a-2caf3716fa7f: start LeaderState
2019-09-25 07:05:19,249 [62ec8eb9-3ae9-4136-b70a-2caf3716fa7f@group-F9DD8DFAA4FE:LeaderElection162] INFO  segmented.SegmentedRaftLogWorker (SegmentedRaftLogWorker.java:startLogSegment(380)) - 62ec8eb9-3ae9-4136-b70a-2caf3716fa7f@group-F9DD8DFAA4FE-SegmentedRaftLogWorker: Starting segment from index:0
2019-09-25 07:05:19,250 [62ec8eb9-3ae9-4136-b70a-2caf3716fa7f@group-F9DD8DFAA4FE:LeaderElection162] INFO  impl.RaftServerImpl (ServerState.java:setRaftConf(354)) - 62ec8eb9-3ae9-4136-b70a-2caf3716fa7f@group-F9DD8DFAA4FE: set configuration 0: [62ec8eb9-3ae9-4136-b70a-2caf3716fa7f:192.168.30.10:44715], old=null at 0
2019-09-25 07:05:19,250 [e568d23f-199e-48ce-91e4-5c166e2e97cd@group-E6F9350C10F4:LeaderElection163] INFO  impl.LeaderElection (LeaderElection.java:logAndReturn(56)) - e568d23f-199e-48ce-91e4-5c166e2e97cd@group-E6F9350C10F4:LeaderElection163: Election REJECTED; received 2 response(s) [e568d23f-199e-48ce-91e4-5c166e2e97cd<-24bf2945-a329-4da6-aaf2-23ecd8d462c6#0:FAIL-t1, e568d23f-199e-48ce-91e4-5c166e2e97cd<-62ec8eb9-3ae9-4136-b70a-2caf3716fa7f#0:FAIL-t1] and 0 exception(s); e568d23f-199e-48ce-91e4-5c166e2e97cd@group-E6F9350C10F4:t1, leader=null, voted=e568d23f-199e-48ce-91e4-5c166e2e97cd, raftlog=e568d23f-199e-48ce-91e4-5c166e2e97cd@group-E6F9350C10F4-SegmentedRaftLog:OPENED:c-1,f-1,i0, conf=-1: [24bf2945-a329-4da6-aaf2-23ecd8d462c6:192.168.30.10:42867, e568d23f-199e-48ce-91e4-5c166e2e97cd:192.168.30.10:42827, 62ec8eb9-3ae9-4136-b70a-2caf3716fa7f:192.168.30.10:44715], old=null
2019-09-25 07:05:19,250 [e568d23f-199e-48ce-91e4-5c166e2e97cd@group-E6F9350C10F4:LeaderElection163] INFO  impl.RaftServerImpl (RaftServerImpl.java:setRole(174)) - e568d23f-199e-48ce-91e4-5c166e2e97cd@group-E6F9350C10F4: changes role from CANDIDATE to FOLLOWER at term 1 for DISCOVERED_A_NEW_TERM
2019-09-25 07:05:19,250 [e568d23f-199e-48ce-91e4-5c166e2e97cd@group-E6F9350C10F4:LeaderElection163] INFO  impl.RoleInfo (RoleInfo.java:shutdownLeaderElection(134)) - e568d23f-199e-48ce-91e4-5c166e2e97cd: shutdown LeaderElection
2019-09-25 07:05:19,250 [24bf2945-a329-4da6-aaf2-23ecd8d462c6@group-E6F9350C10F4:LeaderElection165] INFO  impl.LeaderElection (LeaderElection.java:logAndReturn(56)) - 24bf2945-a329-4da6-aaf2-23ecd8d462c6@group-E6F9350C10F4:LeaderElection165: Election REJECTED; received 2 response(s) [24bf2945-a329-4da6-aaf2-23ecd8d462c6<-e568d23f-199e-48ce-91e4-5c166e2e97cd#0:FAIL-t1, 24bf2945-a329-4da6-aaf2-23ecd8d462c6<-62ec8eb9-3ae9-4136-b70a-2caf3716fa7f#0:FAIL-t1] and 0 exception(s); 24bf2945-a329-4da6-aaf2-23ecd8d462c6@group-E6F9350C10F4:t1, leader=null, voted=24bf2945-a329-4da6-aaf2-23ecd8d462c6, raftlog=24bf2945-a329-4da6-aaf2-23ecd8d462c6@group-E6F9350C10F4-SegmentedRaftLog:OPENED:c-1,f-1,i0, conf=-1: [24bf2945-a329-4da6-aaf2-23ecd8d462c6:192.168.30.10:42867, e568d23f-199e-48ce-91e4-5c166e2e97cd:192.168.30.10:42827, 62ec8eb9-3ae9-4136-b70a-2caf3716fa7f:192.168.30.10:44715], old=null
2019-09-25 07:05:19,508 [Thread-995] INFO  impl.FollowerState (FollowerState.java:run(106)) - 24bf2945-a329-4da6-aaf2-23ecd8d462c6:group-3CF718775540 changes to CANDIDATE, lastRpcTime:5365, electionTimeout:5181ms
2019-09-25 07:05:19,514 [e568d23f-199e-48ce-91e4-5c166e2e97cd@group-E6F9350C10F4:LeaderElection163] INFO  impl.RoleInfo (RoleInfo.java:updateAndGet(143)) - e568d23f-199e-48ce-91e4-5c166e2e97cd: start FollowerState
2019-09-25 07:05:19,517 [Thread-995] INFO  impl.RoleInfo (RoleInfo.java:shutdownFollowerState(121)) - 24bf2945-a329-4da6-aaf2-23ecd8d462c6: shutdown FollowerState
2019-09-25 07:05:19,517 [24bf2945-a329-4da6-aaf2-23ecd8d462c6@group-E6F9350C10F4:LeaderElection165] INFO  impl.RaftServerImpl (RaftServerImpl.java:setRole(174)) - 24bf2945-a329-4da6-aaf2-23ecd8d462c6@group-E6F9350C10F4: changes role from CANDIDATE to FOLLOWER at term 1 for DISCOVERED_A_NEW_TERM
2019-09-25 07:05:19,517 [Thread-995] INFO  impl.RaftServerImpl (RaftServerImpl.java:setRole(174)) - 24bf2945-a329-4da6-aaf2-23ecd8d462c6@group-3CF718775540: changes role from  FOLLOWER to CANDIDATE at term 0 for changeToCandidate
2019-09-25 07:05:19,517 [24bf2945-a329-4da6-aaf2-23ecd8d462c6@group-E6F9350C10F4:LeaderElection165] INFO  impl.RoleInfo (RoleInfo.java:shutdownLeaderElection(134)) - 24bf2945-a329-4da6-aaf2-23ecd8d462c6: shutdown LeaderElection
2019-09-25 07:05:19,518 [24bf2945-a329-4da6-aaf2-23ecd8d462c6@group-E6F9350C10F4:LeaderElection165] INFO  impl.RoleInfo (RoleInfo.java:updateAndGet(143)) - 24bf2945-a329-4da6-aaf2-23ecd8d462c6: start FollowerState
2019-09-25 07:05:19,518 [Thread-995] INFO  impl.RoleInfo (RoleInfo.java:updateAndGet(143)) - 24bf2945-a329-4da6-aaf2-23ecd8d462c6: start LeaderElection
2019-09-25 07:05:19,518 [62ec8eb9-3ae9-4136-b70a-2caf3716fa7f@group-E6F9350C10F4:LeaderElection164] INFO  impl.LeaderElection (LeaderElection.java:logAndReturn(56)) - 62ec8eb9-3ae9-4136-b70a-2caf3716fa7f@group-E6F9350C10F4:LeaderElection164: Election REJECTED; received 2 response(s) [62ec8eb9-3ae9-4136-b70a-2caf3716fa7f<-24bf2945-a329-4da6-aaf2-23ecd8d462c6#0:FAIL-t1, 62ec8eb9-3ae9-4136-b70a-2caf3716fa7f<-e568d23f-199e-48ce-91e4-5c166e2e97cd#0:FAIL-t1] and 0 exception(s); 62ec8eb9-3ae9-4136-b70a-2caf3716fa7f@group-E6F9350C10F4:t1, leader=null, voted=62ec8eb9-3ae9-4136-b70a-2caf3716fa7f, raftlog=62ec8eb9-3ae9-4136-b70a-2caf3716fa7f@group-E6F9350C10F4-SegmentedRaftLog:OPENED:c-1,f-1,i0, conf=-1: [24bf2945-a329-4da6-aaf2-23ecd8d462c6:192.168.30.10:42867, e568d23f-199e-48ce-91e4-5c166e2e97cd:192.168.30.10:42827, 62ec8eb9-3ae9-4136-b70a-2caf3716fa7f:192.168.30.10:44715], old=null
2019-09-25 07:05:19,518 [62ec8eb9-3ae9-4136-b70a-2caf3716fa7f@group-E6F9350C10F4:LeaderElection164] INFO  impl.RaftServerImpl (RaftServerImpl.java:setRole(174)) - 62ec8eb9-3ae9-4136-b70a-2caf3716fa7f@group-E6F9350C10F4: changes role from CANDIDATE to FOLLOWER at term 1 for DISCOVERED_A_NEW_TERM
2019-09-25 07:05:19,519 [62ec8eb9-3ae9-4136-b70a-2caf3716fa7f@group-E6F9350C10F4:LeaderElection164] INFO  impl.RoleInfo (RoleInfo.java:shutdownLeaderElection(134)) - 62ec8eb9-3ae9-4136-b70a-2caf3716fa7f: shutdown LeaderElection
2019-09-25 07:05:19,519 [62ec8eb9-3ae9-4136-b70a-2caf3716fa7f@group-E6F9350C10F4:LeaderElection164] INFO  impl.RoleInfo (RoleInfo.java:updateAndGet(143)) - 62ec8eb9-3ae9-4136-b70a-2caf3716fa7f: start FollowerState
2019-09-25 07:05:19,519 [e568d23f-199e-48ce-91e4-5c166e2e97cd@group-14CFC579332C:LeaderElection161] INFO  impl.LeaderElection (LeaderElection.java:logAndReturn(56)) - e568d23f-199e-48ce-91e4-5c166e2e97cd@group-14CFC579332C:LeaderElection161: Election PASSED; received 2 response(s) [e568d23f-199e-48ce-91e4-5c166e2e97cd<-24bf2945-a329-4da6-aaf2-23ecd8d462c6#0:FAIL-t1, e568d23f-199e-48ce-91e4-5c166e2e97cd<-62ec8eb9-3ae9-4136-b70a-2caf3716fa7f#0:OK-t1] and 0 exception(s); e568d23f-199e-48ce-91e4-5c166e2e97cd@group-14CFC579332C:t1, leader=null, voted=e568d23f-199e-48ce-91e4-5c166e2e97cd, raftlog=e568d23f-199e-48ce-91e4-5c166e2e97cd@group-14CFC579332C-SegmentedRaftLog:OPENED:c-1,f-1,i0, conf=-1: [24bf2945-a329-4da6-aaf2-23ecd8d462c6:192.168.30.10:42867, e568d23f-199e-48ce-91e4-5c166e2e97cd:192.168.30.10:42827, 62ec8eb9-3ae9-4136-b70a-2caf3716fa7f:192.168.30.10:44715], old=null
2019-09-25 07:05:19,519 [24bf2945-a329-4da6-aaf2-23ecd8d462c6@group-14CFC579332C:LeaderElection160] INFO  impl.LeaderElection (LeaderElection.java:logAndReturn(56)) - 24bf2945-a329-4da6-aaf2-23ecd8d462c6@group-14CFC579332C:LeaderElection160: Election REJECTED; received 2 response(s) [24bf2945-a329-4da6-aaf2-23ecd8d462c6<-e568d23f-199e-48ce-91e4-5c166e2e97cd#0:FAIL-t1, 24bf2945-a329-4da6-aaf2-23ecd8d462c6<-62ec8eb9-3ae9-4136-b70a-2caf3716fa7f#0:FAIL-t1] and 0 exception(s); 24bf2945-a329-4da6-aaf2-23ecd8d462c6@group-14CFC579332C:t1, leader=null, voted=24bf2945-a329-4da6-aaf2-23ecd8d462c6, raftlog=24bf2945-a329-4da6-aaf2-23ecd8d462c6@group-14CFC579332C-SegmentedRaftLog:OPENED:c-1,f-1,i0, conf=-1: [24bf2945-a329-4da6-aaf2-23ecd8d462c6:192.168.30.10:42867, e568d23f-199e-48ce-91e4-5c166e2e97cd:192.168.30.10:42827, 62ec8eb9-3ae9-4136-b70a-2caf3716fa7f:192.168.30.10:44715], old=null
2019-09-25 07:05:19,522 [e568d23f-199e-48ce-91e4-5c166e2e97cd@group-14CFC579332C:LeaderElection161] INFO  impl.RoleInfo (RoleInfo.java:shutdownLeaderElection(134)) - e568d23f-199e-48ce-91e4-5c166e2e97cd: shutdown LeaderElection
2019-09-25 07:05:19,524 [e568d23f-199e-48ce-91e4-5c166e2e97cd@group-14CFC579332C:LeaderElection161] INFO  impl.RaftServerImpl (RaftServerImpl.java:setRole(174)) - e568d23f-199e-48ce-91e4-5c166e2e97cd@group-14CFC579332C: changes role from CANDIDATE to LEADER at term 1 for changeToLeader
2019-09-25 07:05:19,524 [e568d23f-199e-48ce-91e4-5c166e2e97cd@group-14CFC579332C:LeaderElection161] INFO  impl.RaftServerImpl (ServerState.java:setLeader(253)) - e568d23f-199e-48ce-91e4-5c166e2e97cd@group-14CFC579332C: change Leader from null to e568d23f-199e-48ce-91e4-5c166e2e97cd at term 1 for becomeLeader, leader elected after 5424ms
2019-09-25 07:05:19,524 [24bf2945-a329-4da6-aaf2-23ecd8d462c6@group-14CFC579332C:LeaderElection160] INFO  impl.RaftServerImpl (RaftServerImpl.java:setRole(174)) - 24bf2945-a329-4da6-aaf2-23ecd8d462c6@group-14CFC579332C: changes role from CANDIDATE to FOLLOWER at term 1 for DISCOVERED_A_NEW_TERM
2019-09-25 07:05:19,526 [24bf2945-a329-4da6-aaf2-23ecd8d462c6@group-14CFC579332C:LeaderElection160] INFO  impl.RoleInfo (RoleInfo.java:shutdownLeaderElection(134)) - 24bf2945-a329-4da6-aaf2-23ecd8d462c6: shutdown LeaderElection
2019-09-25 07:05:19,526 [e568d23f-199e-48ce-91e4-5c166e2e97cd@group-14CFC579332C:LeaderElection161] INFO  server.RaftServerConfigKeys (ConfUtils.java:logGet(43)) - raft.server.staging.catchup.gap = 1000 (default)
2019-09-25 07:05:19,526 [24bf2945-a329-4da6-aaf2-23ecd8d462c6@group-14CFC579332C:LeaderElection160] INFO  impl.RoleInfo (RoleInfo.java:updateAndGet(143)) - 24bf2945-a329-4da6-aaf2-23ecd8d462c6: start FollowerState
2019-09-25 07:05:19,527 [e568d23f-199e-48ce-91e4-5c166e2e97cd@group-14CFC579332C:LeaderElection161] INFO  server.RaftServerConfigKeys (ConfUtils.java:logGet(43)) - raft.server.rpc.sleep.time = 25ms (default)
2019-09-25 07:05:19,527 [e568d23f-199e-48ce-91e4-5c166e2e97cd@group-14CFC579332C:LeaderElection161] INFO  server.RaftServerConfigKeys (ConfUtils.java:logGet(43)) - raft.server.write.element-limit = 4096 (default)
2019-09-25 07:05:19,527 [e568d23f-199e-48ce-91e4-5c166e2e97cd@group-14CFC579332C:LeaderElection161] INFO  server.RaftServerConfigKeys (ConfUtils.java:logGet(43)) - raft.server.watch.timeout = 10s (default)
2019-09-25 07:05:19,527 [e568d23f-199e-48ce-91e4-5c166e2e97cd@group-14CFC579332C:LeaderElection161] INFO  server.RaftServerConfigKeys (ConfUtils.java:logGet(43)) - raft.server.watch.timeout.denomination = 1s (default)
2019-09-25 07:05:19,527 [e568d23f-199e-48ce-91e4-5c166e2e97cd@group-14CFC579332C:LeaderElection161] INFO  server.RaftServerConfigKeys (ConfUtils.java:logGet(43)) - raft.server.watch.element-limit = 65536 (default)
2019-09-25 07:05:19,528 [grpc-default-executor-6] INFO  impl.RaftServerImpl (ServerState.java:setLeader(253)) - 24bf2945-a329-4da6-aaf2-23ecd8d462c6@group-258FC0DA5C42: change Leader from null to e568d23f-199e-48ce-91e4-5c166e2e97cd at term 3 for appendEntries, leader elected after 28809ms
2019-09-25 07:05:19,529 [e568d23f-199e-48ce-91e4-5c166e2e97cd@group-14CFC579332C:LeaderElection161] INFO  server.RaftServerConfigKeys (ConfUtils.java:logGet(43)) - raft.server.log.appender.snapshot.chunk.size.max = 16MB (=16777216) (default)
2019-09-25 07:05:19,529 [e568d23f-199e-48ce-91e4-5c166e2e97cd@group-14CFC579332C:LeaderElection161] INFO  server.RaftServerConfigKeys (ConfUtils.java:logGet(43)) - raft.server.log.appender.buffer.byte-limit = 33554432 (custom)
2019-09-25 07:05:19,529 [e568d23f-199e-48ce-91e4-5c166e2e97cd@group-14CFC579332C:LeaderElection161] INFO  server.RaftServerConfigKeys (ConfUtils.java:logGet(43)) - raft.server.log.appender.buffer.element-limit = 1 (custom)
2019-09-25 07:05:19,529 [e568d23f-199e-48ce-91e4-5c166e2e97cd@group-14CFC579332C:LeaderElection161] INFO  grpc.GrpcConfigKeys$Server (ConfUtils.java:logGet(43)) - raft.grpc.server.leader.outstanding.appends.max = 128 (default)
2019-09-25 07:05:19,531 [e568d23f-199e-48ce-91e4-5c166e2e97cd@group-14CFC579332C:LeaderElection161] INFO  server.RaftServerConfigKeys (ConfUtils.java:logGet(43)) - raft.server.rpc.request.timeout = 3000ms (default)
2019-09-25 07:05:19,531 [e568d23f-199e-48ce-91e4-5c166e2e97cd@group-14CFC579332C:LeaderElection161] INFO  server.RaftServerConfigKeys (ConfUtils.java:logGet(43)) - raft.server.log.appender.install.snapshot.enabled = false (custom)
2019-09-25 07:05:19,532 [e568d23f-199e-48ce-91e4-5c166e2e97cd@group-14CFC579332C:LeaderElection161] INFO  server.RaftServerConfigKeys (ConfUtils.java:logGet(43)) - raft.server.log.appender.snapshot.chunk.size.max = 16MB (=16777216) (default)
2019-09-25 07:05:19,532 [e568d23f-199e-48ce-91e4-5c166e2e97cd@group-14CFC579332C:LeaderElection161] INFO  server.RaftServerConfigKeys (ConfUtils.java:logGet(43)) - raft.server.log.appender.buffer.byte-limit = 33554432 (custom)
2019-09-25 07:05:19,532 [e568d23f-199e-48ce-91e4-5c166e2e97cd@group-14CFC579332C:LeaderElection161] INFO  server.RaftServerConfigKeys (ConfUtils.java:logGet(43)) - raft.server.log.appender.buffer.element-limit = 1 (custom)
2019-09-25 07:05:19,532 [e568d23f-199e-48ce-91e4-5c166e2e97cd@group-14CFC579332C:LeaderElection161] INFO  grpc.GrpcConfigKeys$Server (ConfUtils.java:logGet(43)) - raft.grpc.server.leader.outstanding.appends.max = 128 (default)
2019-09-25 07:05:19,532 [e568d23f-199e-48ce-91e4-5c166e2e97cd@group-14CFC579332C:LeaderElection161] INFO  server.RaftServerConfigKeys (ConfUtils.java:logGet(43)) - raft.server.rpc.request.timeout = 3000ms (default)
2019-09-25 07:05:19,532 [e568d23f-199e-48ce-91e4-5c166e2e97cd@group-14CFC579332C:LeaderElection161] INFO  server.RaftServerConfigKeys (ConfUtils.java:logGet(43)) - raft.server.log.appender.install.snapshot.enabled = false (custom)
2019-09-25 07:05:19,532 [e568d23f-199e-48ce-91e4-5c166e2e97cd@group-14CFC579332C:LeaderElection161] INFO  impl.RoleInfo (RoleInfo.java:updateAndGet(143)) - e568d23f-199e-48ce-91e4-5c166e2e97cd: start LeaderState
2019-09-25 07:05:19,533 [e568d23f-199e-48ce-91e4-5c166e2e97cd@group-14CFC579332C:LeaderElection161] INFO  segmented.SegmentedRaftLogWorker (SegmentedRaftLogWorker.java:startLogSegment(380)) - e568d23f-199e-48ce-91e4-5c166e2e97cd@group-14CFC579332C-SegmentedRaftLogWorker: Starting segment from index:0
2019-09-25 07:05:19,820 [24bf2945-a329-4da6-aaf2-23ecd8d462c6@group-3CF718775540:LeaderElection166] INFO  impl.LeaderElection (LeaderElection.java:askForVotes(182)) - 24bf2945-a329-4da6-aaf2-23ecd8d462c6@group-3CF718775540:LeaderElection166: begin an election at term 1 for -1: [24bf2945-a329-4da6-aaf2-23ecd8d462c6:192.168.30.10:42867], old=null
2019-09-25 07:05:19,820 [e568d23f-199e-48ce-91e4-5c166e2e97cd@group-14CFC579332C:LeaderElection161] INFO  impl.RaftServerImpl (ServerState.java:setRaftConf(354)) - e568d23f-199e-48ce-91e4-5c166e2e97cd@group-14CFC579332C: set configuration 0: [24bf2945-a329-4da6-aaf2-23ecd8d462c6:192.168.30.10:42867, e568d23f-199e-48ce-91e4-5c166e2e97cd:192.168.30.10:42827, 62ec8eb9-3ae9-4136-b70a-2caf3716fa7f:192.168.30.10:44715], old=null at 0
2019-09-25 07:05:19,820 [24bf2945-a329-4da6-aaf2-23ecd8d462c6@group-3CF718775540:LeaderElection166] INFO  impl.RoleInfo (RoleInfo.java:shutdownLeaderElection(134)) - 24bf2945-a329-4da6-aaf2-23ecd8d462c6: shutdown LeaderElection
2019-09-25 07:05:19,820 [24bf2945-a329-4da6-aaf2-23ecd8d462c6@group-3CF718775540:LeaderElection166] INFO  impl.RaftServerImpl (RaftServerImpl.java:setRole(174)) - 24bf2945-a329-4da6-aaf2-23ecd8d462c6@group-3CF718775540: changes role from CANDIDATE to LEADER at term 1 for changeToLeader
2019-09-25 07:05:19,820 [24bf2945-a329-4da6-aaf2-23ecd8d462c6@group-3CF718775540:LeaderElection166] INFO  impl.RaftServerImpl (ServerState.java:setLeader(253)) - 24bf2945-a329-4da6-aaf2-23ecd8d462c6@group-3CF718775540: change Leader from null to 24bf2945-a329-4da6-aaf2-23ecd8d462c6 at term 1 for becomeLeader, leader elected after 5721ms
2019-09-25 07:05:19,821 [24bf2945-a329-4da6-aaf2-23ecd8d462c6@group-3CF718775540:LeaderElection166] INFO  server.RaftServerConfigKeys (ConfUtils.java:logGet(43)) - raft.server.staging.catchup.gap = 1000 (default)
2019-09-25 07:05:19,821 [24bf2945-a329-4da6-aaf2-23ecd8d462c6@group-3CF718775540:LeaderElection166] INFO  server.RaftServerConfigKeys (ConfUtils.java:logGet(43)) - raft.server.rpc.sleep.time = 25ms (default)
2019-09-25 07:05:19,821 [24bf2945-a329-4da6-aaf2-23ecd8d462c6@group-3CF718775540:LeaderElection166] INFO  server.RaftServerConfigKeys (ConfUtils.java:logGet(43)) - raft.server.write.element-limit = 4096 (default)
2019-09-25 07:05:19,832 [24bf2945-a329-4da6-aaf2-23ecd8d462c6@group-3CF718775540:LeaderElection166] INFO  server.RaftServerConfigKeys (ConfUtils.java:logGet(43)) - raft.server.watch.timeout = 10s (default)
2019-09-25 07:05:19,833 [24bf2945-a329-4da6-aaf2-23ecd8d462c6@group-3CF718775540:LeaderElection166] INFO  server.RaftServerConfigKeys (ConfUtils.java:logGet(43)) - raft.server.watch.timeout.denomination = 1s (default)
2019-09-25 07:05:19,833 [24bf2945-a329-4da6-aaf2-23ecd8d462c6@group-3CF718775540:LeaderElection166] INFO  server.RaftServerConfigKeys (ConfUtils.java:logGet(43)) - raft.server.watch.element-limit = 65536 (default)
2019-09-25 07:05:19,833 [grpc-default-executor-5] INFO  impl.RaftServerImpl (ServerState.java:setLeader(253)) - 62ec8eb9-3ae9-4136-b70a-2caf3716fa7f@group-14CFC579332C: change Leader from null to e568d23f-199e-48ce-91e4-5c166e2e97cd at term 1 for appendEntries, leader elected after 5733ms
2019-09-25 07:05:19,833 [grpc-default-executor-1] INFO  impl.RaftServerImpl (ServerState.java:setLeader(253)) - 24bf2945-a329-4da6-aaf2-23ecd8d462c6@group-14CFC579332C: change Leader from null to e568d23f-199e-48ce-91e4-5c166e2e97cd at term 1 for appendEntries, leader elected after 5695ms
2019-09-25 07:05:19,835 [24bf2945-a329-4da6-aaf2-23ecd8d462c6@group-3CF718775540:LeaderElection166] INFO  impl.RoleInfo (RoleInfo.java:updateAndGet(143)) - 24bf2945-a329-4da6-aaf2-23ecd8d462c6: start LeaderState
2019-09-25 07:05:19,835 [24bf2945-a329-4da6-aaf2-23ecd8d462c6@group-3CF718775540:LeaderElection166] INFO  segmented.SegmentedRaftLogWorker (SegmentedRaftLogWorker.java:startLogSegment(380)) - 24bf2945-a329-4da6-aaf2-23ecd8d462c6@group-3CF718775540-SegmentedRaftLogWorker: Starting segment from index:0
2019-09-25 07:05:19,836 [24bf2945-a329-4da6-aaf2-23ecd8d462c6@group-3CF718775540:LeaderElection166] INFO  impl.RaftServerImpl (ServerState.java:setRaftConf(354)) - 24bf2945-a329-4da6-aaf2-23ecd8d462c6@group-3CF718775540: set configuration 0: [24bf2945-a329-4da6-aaf2-23ecd8d462c6:192.168.30.10:42867], old=null at 0
2019-09-25 07:05:20,003 [grpc-default-executor-1] INFO  impl.RaftServerProxy (RaftServerProxy.java:remove(95)) - 24bf2945-a329-4da6-aaf2-23ecd8d462c6: remove  FOLLOWER 24bf2945-a329-4da6-aaf2-23ecd8d462c6@group-258FC0DA5C42:t3, leader=e568d23f-199e-48ce-91e4-5c166e2e97cd, voted=e568d23f-199e-48ce-91e4-5c166e2e97cd, raftlog=24bf2945-a329-4da6-aaf2-23ecd8d462c6@group-258FC0DA5C42-SegmentedRaftLog:OPENED:c-1,f-1,i0, conf=-1: [24bf2945-a329-4da6-aaf2-23ecd8d462c6:192.168.30.10:42867, e568d23f-199e-48ce-91e4-5c166e2e97cd:192.168.30.10:42827, 62ec8eb9-3ae9-4136-b70a-2caf3716fa7f:192.168.30.10:44715], old=null RUNNING
2019-09-25 07:05:20,004 [grpc-default-executor-1] INFO  impl.RaftServerImpl (RaftServerImpl.java:lambda$shutdown$3(251)) - 24bf2945-a329-4da6-aaf2-23ecd8d462c6@group-258FC0DA5C42: shutdown
2019-09-25 07:05:20,004 [grpc-default-executor-1] INFO  util.JmxRegister (JmxRegister.java:unregister(73)) - Successfully un-registered JMX Bean with object name Ratis:service=RaftServer,group=group-258FC0DA5C42,id=24bf2945-a329-4da6-aaf2-23ecd8d462c6
2019-09-25 07:05:20,004 [grpc-default-executor-1] INFO  impl.RoleInfo (RoleInfo.java:shutdownFollowerState(121)) - 24bf2945-a329-4da6-aaf2-23ecd8d462c6: shutdown FollowerState
2019-09-25 07:05:20,005 [grpc-default-executor-1] INFO  impl.StateMachineUpdater (StateMachineUpdater.java:stopAndJoin(125)) - 24bf2945-a329-4da6-aaf2-23ecd8d462c6@group-258FC0DA5C42-StateMachineUpdater: set stopIndex = -1
2019-09-25 07:05:20,005 [Thread-1003] INFO  impl.FollowerState (FollowerState.java:run(115)) - 24bf2945-a329-4da6-aaf2-23ecd8d462c6: FollowerState was interrupted: java.lang.InterruptedException: sleep interrupted
2019-09-25 07:05:20,005 [grpc-default-executor-1] INFO  impl.RaftServerImpl (ServerState.java:close(385)) - 24bf2945-a329-4da6-aaf2-23ecd8d462c6@group-258FC0DA5C42: closes. applyIndex: -1
2019-09-25 07:05:20,008 [24bf2945-a329-4da6-aaf2-23ecd8d462c6@group-258FC0DA5C42-SegmentedRaftLogWorker] INFO  segmented.SegmentedRaftLogWorker (SegmentedRaftLogWorker.java:run(313)) - 24bf2945-a329-4da6-aaf2-23ecd8d462c6@group-258FC0DA5C42-SegmentedRaftLogWorker was interrupted, exiting. There are 0 tasks remaining in the queue.
2019-09-25 07:05:20,008 [grpc-default-executor-1] INFO  segmented.SegmentedRaftLogWorker (SegmentedRaftLogWorker.java:close(228)) - 24bf2945-a329-4da6-aaf2-23ecd8d462c6@group-258FC0DA5C42-SegmentedRaftLogWorker close()
2019-09-25 07:05:20,021 [grpc-default-executor-1] INFO  impl.RaftServerProxy (RaftServerProxy.java:remove(95)) - e568d23f-199e-48ce-91e4-5c166e2e97cd: remove    LEADER e568d23f-199e-48ce-91e4-5c166e2e97cd@group-258FC0DA5C42:t3, leader=e568d23f-199e-48ce-91e4-5c166e2e97cd, voted=e568d23f-199e-48ce-91e4-5c166e2e97cd, raftlog=e568d23f-199e-48ce-91e4-5c166e2e97cd@group-258FC0DA5C42-SegmentedRaftLog:OPENED:c-1,f-1,i0, conf=0: [24bf2945-a329-4da6-aaf2-23ecd8d462c6:192.168.30.10:42867, e568d23f-199e-48ce-91e4-5c166e2e97cd:192.168.30.10:42827, 62ec8eb9-3ae9-4136-b70a-2caf3716fa7f:192.168.30.10:44715], old=null RUNNING
2019-09-25 07:05:20,021 [grpc-default-executor-1] INFO  impl.RaftServerImpl (RaftServerImpl.java:lambda$shutdown$3(251)) - e568d23f-199e-48ce-91e4-5c166e2e97cd@group-258FC0DA5C42: shutdown
2019-09-25 07:05:20,022 [grpc-default-executor-1] INFO  util.JmxRegister (JmxRegister.java:unregister(73)) - Successfully un-registered JMX Bean with object name Ratis:service=RaftServer,group=group-258FC0DA5C42,id=e568d23f-199e-48ce-91e4-5c166e2e97cd
2019-09-25 07:05:20,022 [grpc-default-executor-1] INFO  impl.RoleInfo (RoleInfo.java:shutdownLeaderState(104)) - e568d23f-199e-48ce-91e4-5c166e2e97cd: shutdown LeaderState
2019-09-25 07:05:20,026 [grpc-default-executor-1] INFO  impl.PendingRequests (PendingRequests.java:sendNotLeaderResponses(202)) - e568d23f-199e-48ce-91e4-5c166e2e97cd-PendingRequests: sendNotLeaderResponses
2019-09-25 07:05:20,026 [org.apache.ratis.server.impl.LogAppender$AppenderDaemon$$Lambda$473/708317063@29af0e91] WARN  server.GrpcLogAppender (GrpcLogAppender.java:mayWait(143)) - e568d23f-199e-48ce-91e4-5c166e2e97cd@group-258FC0DA5C42->62ec8eb9-3ae9-4136-b70a-2caf3716fa7f-GrpcLogAppender: Wait interrupted by java.lang.InterruptedException
2019-09-25 07:05:20,038 [grpc-default-executor-1] INFO  impl.StateMachineUpdater (StateMachineUpdater.java:stopAndJoin(125)) - e568d23f-199e-48ce-91e4-5c166e2e97cd@group-258FC0DA5C42-StateMachineUpdater: set stopIndex = -1
2019-09-25 07:05:20,041 [org.apache.ratis.server.impl.LogAppender$AppenderDaemon$$Lambda$473/708317063@52301bad] WARN  server.GrpcLogAppender (GrpcLogAppender.java:mayWait(143)) - e568d23f-199e-48ce-91e4-5c166e2e97cd@group-258FC0DA5C42->24bf2945-a329-4da6-aaf2-23ecd8d462c6-GrpcLogAppender: Wait interrupted by java.lang.InterruptedException
2019-09-25 07:05:20,043 [grpc-default-executor-1] INFO  impl.RaftServerImpl (ServerState.java:close(385)) - e568d23f-199e-48ce-91e4-5c166e2e97cd@group-258FC0DA5C42: closes. applyIndex: -1
2019-09-25 07:05:20,044 [main] INFO  ozone.MiniOzoneClusterImpl (MiniOzoneClusterImpl.java:shutdown(314)) - Shutting down the Mini Ozone Cluster
2019-09-25 07:05:20,044 [main] INFO  ozone.MiniOzoneClusterImpl (MiniOzoneClusterImpl.java:stop(330)) - Stopping the Mini Ozone Cluster
2019-09-25 07:05:20,045 [main] INFO  ozone.MiniOzoneClusterImpl (MiniOzoneClusterImpl.java:stopOM(400)) - Stopping the OzoneManager
2019-09-25 07:05:20,045 [main] INFO  ipc.Server (Server.java:stop(3082)) - Stopping server on 43948
2019-09-25 07:05:20,053 [grpc-default-executor-2] INFO  server.GrpcServerProtocolService (GrpcServerProtocolService.java:onCompleted(113)) - 24bf2945-a329-4da6-aaf2-23ecd8d462c6: Completed APPEND_ENTRIES, lastRequest: e568d23f-199e-48ce-91e4-5c166e2e97cd->24bf2945-a329-4da6-aaf2-23ecd8d462c6#0-t3, previous=(t:0, i:0), leaderCommit=-1, initializing? false, entries: <empty>
2019-09-25 07:05:20,053 [grpc-default-executor-5] INFO  server.GrpcServerProtocolService (GrpcServerProtocolService.java:onCompleted(113)) - 62ec8eb9-3ae9-4136-b70a-2caf3716fa7f: Completed APPEND_ENTRIES, lastRequest: e568d23f-199e-48ce-91e4-5c166e2e97cd->62ec8eb9-3ae9-4136-b70a-2caf3716fa7f#0-t3, previous=(t:0, i:0), leaderCommit=-1, initializing? false, entries: <empty>
2019-09-25 07:05:20,059 [IPC Server listener on 43948] INFO  ipc.Server (Server.java:run(1185)) - Stopping IPC Server listener on 43948
2019-09-25 07:05:20,061 [main] INFO  ratis.OzoneManagerDoubleBuffer (OzoneManagerDoubleBuffer.java:stop(248)) - Stopping OMDoubleBuffer flush thread
2019-09-25 07:05:20,072 [IPC Server Responder] INFO  ipc.Server (Server.java:run(1319)) - Stopping IPC Server Responder
2019-09-25 07:05:20,072 [OMDoubleBufferFlushThread] INFO  ratis.OzoneManagerDoubleBuffer (OzoneManagerDoubleBuffer.java:flushTransactions(191)) - OMDoubleBuffer flush thread OMDoubleBufferFlushThread is interrupted and will exit. OMDoubleBufferFlushThread
2019-09-25 07:05:20,073 [grpc-default-executor-5] INFO  server.GrpcLogAppender (GrpcLogAppender.java:onCompleted(293)) - e568d23f-199e-48ce-91e4-5c166e2e97cd@group-258FC0DA5C42->62ec8eb9-3ae9-4136-b70a-2caf3716fa7f-AppendLogResponseHandler: follower responses appendEntries COMPLETED
2019-09-25 07:05:20,073 [grpc-default-executor-2] INFO  server.GrpcLogAppender (GrpcLogAppender.java:onCompleted(293)) - e568d23f-199e-48ce-91e4-5c166e2e97cd@group-258FC0DA5C42->24bf2945-a329-4da6-aaf2-23ecd8d462c6-AppendLogResponseHandler: follower responses appendEntries COMPLETED
2019-09-25 07:05:20,079 [main] INFO  utils.BackgroundService (BackgroundService.java:shutdown(148)) - Shutting down service KeyDeletingService
2019-09-25 07:05:20,088 [grpc-default-executor-6] INFO  impl.RaftServerImpl (ServerState.java:setRaftConf(354)) - 24bf2945-a329-4da6-aaf2-23ecd8d462c6@group-14CFC579332C: set configuration 0: [24bf2945-a329-4da6-aaf2-23ecd8d462c6:192.168.30.10:42867, e568d23f-199e-48ce-91e4-5c166e2e97cd:192.168.30.10:42827, 62ec8eb9-3ae9-4136-b70a-2caf3716fa7f:192.168.30.10:44715], old=null at 0
2019-09-25 07:05:20,088 [grpc-default-executor-0] INFO  impl.RaftServerImpl (ServerState.java:setRaftConf(354)) - 62ec8eb9-3ae9-4136-b70a-2caf3716fa7f@group-14CFC579332C: set configuration 0: [24bf2945-a329-4da6-aaf2-23ecd8d462c6:192.168.30.10:42867, e568d23f-199e-48ce-91e4-5c166e2e97cd:192.168.30.10:42827, 62ec8eb9-3ae9-4136-b70a-2caf3716fa7f:192.168.30.10:44715], old=null at 0
2019-09-25 07:05:20,094 [grpc-default-executor-6] INFO  segmented.SegmentedRaftLogWorker (SegmentedRaftLogWorker.java:startLogSegment(380)) - 24bf2945-a329-4da6-aaf2-23ecd8d462c6@group-14CFC579332C-SegmentedRaftLogWorker: Starting segment from index:0
2019-09-25 07:05:20,095 [grpc-default-executor-0] INFO  segmented.SegmentedRaftLogWorker (SegmentedRaftLogWorker.java:startLogSegment(380)) - 62ec8eb9-3ae9-4136-b70a-2caf3716fa7f@group-14CFC579332C-SegmentedRaftLogWorker: Starting segment from index:0
2019-09-25 07:05:20,095 [grpc-default-executor-2] INFO  impl.FollowerInfo (FollowerInfo.java:lambda$new$0(51)) - e568d23f-199e-48ce-91e4-5c166e2e97cd@group-258FC0DA5C42->24bf2945-a329-4da6-aaf2-23ecd8d462c6: nextIndex: updateUnconditionally 1 -> 0
2019-09-25 07:05:20,095 [grpc-default-executor-5] INFO  impl.FollowerInfo (FollowerInfo.java:lambda$new$0(51)) - e568d23f-199e-48ce-91e4-5c166e2e97cd@group-258FC0DA5C42->62ec8eb9-3ae9-4136-b70a-2caf3716fa7f: nextIndex: updateUnconditionally 0 -> 0
2019-09-25 07:05:20,097 [grpc-default-executor-7] WARN  server.GrpcLogAppender (LogUtils.java:warn(134)) - e568d23f-199e-48ce-91e4-5c166e2e97cd@group-14CFC579332C->24bf2945-a329-4da6-aaf2-23ecd8d462c6-AppendLogResponseHandler: Failed appendEntries: org.apache.ratis.thirdparty.io.grpc.StatusRuntimeException: UNAVAILABLE: Channel shutdownNow invoked
2019-09-25 07:05:20,097 [grpc-default-executor-3] WARN  server.GrpcLogAppender (LogUtils.java:warn(134)) - e568d23f-199e-48ce-91e4-5c166e2e97cd@group-14CFC579332C->62ec8eb9-3ae9-4136-b70a-2caf3716fa7f-AppendLogResponseHandler: Failed appendEntries: org.apache.ratis.thirdparty.io.grpc.StatusRuntimeException: UNAVAILABLE: Channel shutdownNow invoked
2019-09-25 07:05:20,431 [grpc-default-executor-7] INFO  impl.FollowerInfo (FollowerInfo.java:lambda$new$0(51)) - e568d23f-199e-48ce-91e4-5c166e2e97cd@group-14CFC579332C->24bf2945-a329-4da6-aaf2-23ecd8d462c6: nextIndex: updateUnconditionally 1 -> 0
2019-09-25 07:05:20,431 [grpc-default-executor-3] INFO  impl.FollowerInfo (FollowerInfo.java:lambda$new$0(51)) - e568d23f-199e-48ce-91e4-5c166e2e97cd@group-14CFC579332C->62ec8eb9-3ae9-4136-b70a-2caf3716fa7f: nextIndex: updateUnconditionally 1 -> 0
2019-09-25 07:05:20,433 [grpc-default-executor-5] WARN  server.GrpcServerProtocolService (LogUtils.java:warn(134)) - 62ec8eb9-3ae9-4136-b70a-2caf3716fa7f: installSnapshot onError, lastRequest: e568d23f-199e-48ce-91e4-5c166e2e97cd->62ec8eb9-3ae9-4136-b70a-2caf3716fa7f#1-t1, previous=(t:0, i:0), leaderCommit=-1, initializing? false, entries: size=1, first=(t:1, i:0), CONFIGURATIONENTRY: org.apache.ratis.thirdparty.io.grpc.StatusRuntimeException: CANCELLED: cancelled before receiving half close
2019-09-25 07:05:20,433 [main] INFO  handler.ContextHandler (ContextHandler.java:doStop(910)) - Stopped o.e.j.w.WebAppContext@5b22b970{/,null,UNAVAILABLE}{/ozoneManager}
2019-09-25 07:05:20,433 [grpc-default-executor-6] WARN  server.GrpcServerProtocolService (LogUtils.java:warn(134)) - 24bf2945-a329-4da6-aaf2-23ecd8d462c6: installSnapshot onError, lastRequest: e568d23f-199e-48ce-91e4-5c166e2e97cd->24bf2945-a329-4da6-aaf2-23ecd8d462c6#1-t1, previous=(t:0, i:0), leaderCommit=-1, initializing? false, entries: size=1, first=(t:1, i:0), CONFIGURATIONENTRY: org.apache.ratis.thirdparty.io.grpc.StatusRuntimeException: CANCELLED: cancelled before receiving half close
2019-09-25 07:05:20,453 [main] INFO  server.AbstractConnector (AbstractConnector.java:doStop(318)) - Stopped ServerConnector@22d1886d{HTTP/1.1,[http/1.1]}{0.0.0.0:0}
2019-09-25 07:05:20,454 [main] INFO  handler.ContextHandler (ContextHandler.java:doStop(910)) - Stopped o.e.j.s.ServletContextHandler@57540fd0{/static,file:///workdir/hadoop-ozone/integration-test/target/test-classes/webapps/static,UNAVAILABLE}
2019-09-25 07:05:20,454 [main] INFO  handler.ContextHandler (ContextHandler.java:doStop(910)) - Stopped o.e.j.s.ServletContextHandler@15923407{/logs,file:///workdir/hadoop-ozone/integration-test/target/log,UNAVAILABLE}
2019-09-25 07:05:20,458 [main] INFO  ozone.MiniOzoneClusterImpl (MiniOzoneClusterImpl.java:stopDatanodes(377)) - Stopping the HddsDatanodes
2019-09-25 07:05:20,685 [62ec8eb9-3ae9-4136-b70a-2caf3716fa7f@group-F9DD8DFAA4FE-SegmentedRaftLogWorker] ERROR segmented.SegmentedRaftLogWorker (SegmentedRaftLogWorker.java:run(323)) - 62ec8eb9-3ae9-4136-b70a-2caf3716fa7f@group-F9DD8DFAA4FE-SegmentedRaftLogWorker hit exception
java.lang.OutOfMemoryError: Direct buffer memory
	at java.nio.Bits.reserveMemory(Bits.java:666)
	at java.nio.DirectByteBuffer.<init>(DirectByteBuffer.java:123)
	at java.nio.ByteBuffer.allocateDirect(ByteBuffer.java:311)
	at org.apache.ratis.server.raftlog.segmented.BufferedWriteChannel.<init>(BufferedWriteChannel.java:41)
	at org.apache.ratis.server.raftlog.segmented.SegmentedRaftLogOutputStream.<init>(SegmentedRaftLogOutputStream.java:72)
	at org.apache.ratis.server.raftlog.segmented.SegmentedRaftLogWorker$StartLogSegment.execute(SegmentedRaftLogWorker.java:566)
	at org.apache.ratis.server.raftlog.segmented.SegmentedRaftLogWorker.run(SegmentedRaftLogWorker.java:289)
	at java.lang.Thread.run(Thread.java:748)
2019-09-25 07:05:20,685 [e568d23f-199e-48ce-91e4-5c166e2e97cd@group-258FC0DA5C42-SegmentedRaftLogWorker] INFO  segmented.SegmentedRaftLogWorker (SegmentedRaftLogWorker.java:run(320)) - e568d23f-199e-48ce-91e4-5c166e2e97cd@group-258FC0DA5C42-SegmentedRaftLogWorker got closed and hit exception
java.lang.OutOfMemoryError: Direct buffer memory
	at java.nio.Bits.reserveMemory(Bits.java:666)
	at java.nio.DirectByteBuffer.<init>(DirectByteBuffer.java:123)
	at java.nio.ByteBuffer.allocateDirect(ByteBuffer.java:311)
	at org.apache.ratis.server.raftlog.segmented.BufferedWriteChannel.<init>(BufferedWriteChannel.java:41)
	at org.apache.ratis.server.raftlog.segmented.SegmentedRaftLogOutputStream.<init>(SegmentedRaftLogOutputStream.java:72)
	at org.apache.ratis.server.raftlog.segmented.SegmentedRaftLogWorker$StartLogSegment.execute(SegmentedRaftLogWorker.java:566)
	at org.apache.ratis.server.raftlog.segmented.SegmentedRaftLogWorker.run(SegmentedRaftLogWorker.java:289)
	at java.lang.Thread.run(Thread.java:748)
2019-09-25 07:05:20,686 [62ec8eb9-3ae9-4136-b70a-2caf3716fa7f@group-F9DD8DFAA4FE-SegmentedRaftLogWorker] INFO  impl.RaftServerImpl (RaftServerImpl.java:lambda$shutdown$3(251)) - 62ec8eb9-3ae9-4136-b70a-2caf3716fa7f@group-F9DD8DFAA4FE: shutdown
2019-09-25 07:05:20,686 [grpc-default-executor-1] INFO  segmented.SegmentedRaftLogWorker (SegmentedRaftLogWorker.java:close(228)) - e568d23f-199e-48ce-91e4-5c166e2e97cd@group-258FC0DA5C42-SegmentedRaftLogWorker close()
2019-09-25 07:05:20,686 [62ec8eb9-3ae9-4136-b70a-2caf3716fa7f@group-F9DD8DFAA4FE-SegmentedRaftLogWorker] INFO  util.JmxRegister (JmxRegister.java:unregister(73)) - Successfully un-registered JMX Bean with object name Ratis:service=RaftServer,group=group-F9DD8DFAA4FE,id=62ec8eb9-3ae9-4136-b70a-2caf3716fa7f
2019-09-25 07:05:20,687 [62ec8eb9-3ae9-4136-b70a-2caf3716fa7f@group-F9DD8DFAA4FE-SegmentedRaftLogWorker] INFO  impl.RoleInfo (RoleInfo.java:shutdownLeaderState(104)) - 62ec8eb9-3ae9-4136-b70a-2caf3716fa7f: shutdown LeaderState
2019-09-25 07:05:20,687 [62ec8eb9-3ae9-4136-b70a-2caf3716fa7f@group-F9DD8DFAA4FE-SegmentedRaftLogWorker] INFO  impl.PendingRequests (PendingRequests.java:sendNotLeaderResponses(202)) - 62ec8eb9-3ae9-4136-b70a-2caf3716fa7f-PendingRequests: sendNotLeaderResponses
2019-09-25 07:05:20,687 [62ec8eb9-3ae9-4136-b70a-2caf3716fa7f@group-F9DD8DFAA4FE-SegmentedRaftLogWorker] INFO  impl.StateMachineUpdater (StateMachineUpdater.java:stopAndJoin(125)) - 62ec8eb9-3ae9-4136-b70a-2caf3716fa7f@group-F9DD8DFAA4FE-StateMachineUpdater: set stopIndex = -1
2019-09-25 07:05:20,688 [62ec8eb9-3ae9-4136-b70a-2caf3716fa7f@group-F9DD8DFAA4FE-SegmentedRaftLogWorker] INFO  impl.RaftServerImpl (ServerState.java:close(385)) - 62ec8eb9-3ae9-4136-b70a-2caf3716fa7f@group-F9DD8DFAA4FE: closes. applyIndex: -1
2019-09-25 07:05:20,688 [62ec8eb9-3ae9-4136-b70a-2caf3716fa7f@group-F9DD8DFAA4FE-SegmentedRaftLogWorker] INFO  segmented.SegmentedRaftLogWorker (SegmentedRaftLogWorker.java:close(228)) - 62ec8eb9-3ae9-4136-b70a-2caf3716fa7f@group-F9DD8DFAA4FE-SegmentedRaftLogWorker close()
2019-09-25 07:05:20,691 [RatisPipelineUtilsThread] INFO  pipeline.PipelineStateManager (PipelineStateManager.java:removePipeline(108)) - Pipeline Pipeline[ Id: c5365a16-8bdd-4ee9-8016-258fc0da5c42, Nodes: 62ec8eb9-3ae9-4136-b70a-2caf3716fa7f{ip: 192.168.30.10, host: pr-hdds-1569-s62bp-3040748787, networkLocation: /default-rack, certSerialId: null}24bf2945-a329-4da6-aaf2-23ecd8d462c6{ip: 192.168.30.10, host: pr-hdds-1569-s62bp-3040748787, networkLocation: /default-rack, certSerialId: null}e568d23f-199e-48ce-91e4-5c166e2e97cd{ip: 192.168.30.10, host: pr-hdds-1569-s62bp-3040748787, networkLocation: /default-rack, certSerialId: null}, Type:RATIS, Factor:THREE, State:CLOSED] removed from db
2019-09-25 07:05:20,699 [grpc-default-executor-1] INFO  impl.RaftServerProxy (RaftServerProxy.java:addNew(89)) - e568d23f-199e-48ce-91e4-5c166e2e97cd: addNew group-45A828CE81C3:[e568d23f-199e-48ce-91e4-5c166e2e97cd:192.168.30.10:42827] returns group-45A828CE81C3:java.util.concurrent.CompletableFuture@6cd3810d[Not completed]
2019-09-25 07:05:20,700 [pool-27-thread-1] INFO  impl.RaftServerImpl (RaftServerImpl.java:<init>(95)) - e568d23f-199e-48ce-91e4-5c166e2e97cd: new RaftServerImpl for group-45A828CE81C3:[e568d23f-199e-48ce-91e4-5c166e2e97cd:192.168.30.10:42827] with ContainerStateMachine:uninitialized
2019-09-25 07:05:20,704 [pool-27-thread-1] INFO  server.RaftServerConfigKeys (ConfUtils.java:logGet(43)) - raft.server.rpc.timeout.min = 5s (custom)
2019-09-25 07:05:20,704 [pool-27-thread-1] INFO  server.RaftServerConfigKeys (ConfUtils.java:logGet(43)) - raft.server.rpc.timeout.max = 5200ms (custom)
2019-09-25 07:05:20,704 [pool-27-thread-1] INFO  server.RaftServerConfigKeys (ConfUtils.java:logGet(43)) - raft.server.rpcslowness.timeout = 120s (custom)
2019-09-25 07:05:20,704 [pool-27-thread-1] INFO  server.RaftServerConfigKeys (ConfUtils.java:logGet(43)) - raft.server.sleep.deviation.threshold = 300 (default)
2019-09-25 07:05:20,704 [pool-27-thread-1] INFO  server.RaftServerConfigKeys (ConfUtils.java:logGet(43)) - raft.server.log.appender.install.snapshot.enabled = false (custom)
2019-09-25 07:05:20,704 [pool-27-thread-1] INFO  impl.RaftServerImpl (ServerState.java:<init>(103)) - e568d23f-199e-48ce-91e4-5c166e2e97cd@group-45A828CE81C3: ConfigurationManager, init=-1: [e568d23f-199e-48ce-91e4-5c166e2e97cd:192.168.30.10:42827], old=null, confs=<EMPTY_MAP>
2019-09-25 07:05:20,705 [pool-27-thread-1] INFO  server.RaftServerConfigKeys (ConfUtils.java:logGet(43)) - raft.server.storage.dir = [/workdir/hadoop-ozone/integration-test/target/test-dir/MiniOzoneClusterImpl-39af9574-7a8b-4ed7-b830-bf686a3d4bb8/datanode-0/data/ratis] (custom)
2019-09-25 07:05:20,705 [pool-27-thread-1] INFO  storage.RaftStorageDirectory (RaftStorageDirectory.java:analyzeStorage(246)) - The storage directory /workdir/hadoop-ozone/integration-test/target/test-dir/MiniOzoneClusterImpl-39af9574-7a8b-4ed7-b830-bf686a3d4bb8/datanode-0/data/ratis/83bb6ece-9bc8-4aa2-ad89-45a828ce81c3 does not exist. Creating ...
2019-09-25 07:05:20,720 [pool-27-thread-1] INFO  storage.RaftStorageDirectory (RaftStorageDirectory.java:tryLock(328)) - Lock on /workdir/hadoop-ozone/integration-test/target/test-dir/MiniOzoneClusterImpl-39af9574-7a8b-4ed7-b830-bf686a3d4bb8/datanode-0/data/ratis/83bb6ece-9bc8-4aa2-ad89-45a828ce81c3/in_use.lock acquired by nodename 19495@pr-hdds-1569-s62bp-3040748787
2019-09-25 07:05:20,733 [pool-27-thread-1] INFO  storage.RaftStorage (RaftStorage.java:format(72)) - Storage directory /workdir/hadoop-ozone/integration-test/target/test-dir/MiniOzoneClusterImpl-39af9574-7a8b-4ed7-b830-bf686a3d4bb8/datanode-0/data/ratis/83bb6ece-9bc8-4aa2-ad89-45a828ce81c3 has been successfully formatted.
2019-09-25 07:05:20,733 [pool-27-thread-1] INFO  ratis.ContainerStateMachine (ContainerStateMachine.java:loadSnapshot(230)) - group-45A828CE81C3: The snapshot info is null. Setting the last applied indexto:(t:0, i:~)
2019-09-25 07:05:20,733 [pool-27-thread-1] INFO  server.RaftServerConfigKeys (ConfUtils.java:logGet(43)) - raft.server.notification.no-leader.timeout = 120s (custom)
2019-09-25 07:05:20,733 [pool-27-thread-1] INFO  server.RaftServerConfigKeys (ConfUtils.java:logGet(43)) - raft.server.log.use.memory = false (default)
2019-09-25 07:05:20,733 [pool-27-thread-1] INFO  server.RaftServerConfigKeys (ConfUtils.java:logGet(43)) - raft.server.log.purge.gap = 1000000 (custom)
2019-09-25 07:05:20,734 [pool-27-thread-1] INFO  server.RaftServerConfigKeys (ConfUtils.java:logGet(43)) - raft.server.log.appender.buffer.byte-limit = 33554432 (custom)
2019-09-25 07:05:20,734 [pool-27-thread-1] INFO  server.RaftServerConfigKeys (ConfUtils.java:logGet(43)) - raft.server.log.segment.size.max = 1048576 (custom)
2019-09-25 07:05:20,734 [pool-27-thread-1] INFO  server.RaftServerConfigKeys (ConfUtils.java:logGet(43)) - raft.server.log.segment.cache.num.max = 2 (custom)
2019-09-25 07:05:20,734 [pool-27-thread-1] INFO  segmented.SegmentedRaftLogWorker (SegmentedRaftLogWorker.java:<init>(172)) - new e568d23f-199e-48ce-91e4-5c166e2e97cd@group-45A828CE81C3-SegmentedRaftLogWorker for RaftStorage:Storage Directory /workdir/hadoop-ozone/integration-test/target/test-dir/MiniOzoneClusterImpl-39af9574-7a8b-4ed7-b830-bf686a3d4bb8/datanode-0/data/ratis/83bb6ece-9bc8-4aa2-ad89-45a828ce81c3
2019-09-25 07:05:20,734 [pool-27-thread-1] INFO  server.RaftServerConfigKeys (ConfUtils.java:logGet(43)) - raft.server.log.queue.byte-limit = 2147483647 (custom)
2019-09-25 07:05:20,734 [pool-27-thread-1] INFO  server.RaftServerConfigKeys (ConfUtils.java:logGet(43)) - raft.server.log.queue.element-limit = 1024 (custom)
2019-09-25 07:05:20,734 [pool-27-thread-1] INFO  server.RaftServerConfigKeys (ConfUtils.java:logGet(43)) - raft.server.log.segment.size.max = 1048576 (custom)
2019-09-25 07:05:20,735 [pool-27-thread-1] INFO  server.RaftServerConfigKeys (ConfUtils.java:logGet(43)) - raft.server.log.preallocated.size = 16384 (custom)
2019-09-25 07:05:20,735 [pool-27-thread-1] INFO  server.RaftServerConfigKeys (ConfUtils.java:logGet(43)) - raft.server.log.write.buffer.size = 33554432 (custom)
2019-09-25 07:05:20,735 [pool-27-thread-1] INFO  server.RaftServerConfigKeys (ConfUtils.java:logGet(43)) - raft.server.log.force.sync.num = 128 (default)
2019-09-25 07:05:20,735 [pool-27-thread-1] INFO  server.RaftServerConfigKeys (ConfUtils.java:logGet(43)) - raft.server.log.statemachine.data.sync = true (default)
2019-09-25 07:05:20,735 [pool-27-thread-1] INFO  server.RaftServerConfigKeys (ConfUtils.java:logGet(43)) - raft.server.log.statemachine.data.sync.timeout = 10s (default)
2019-09-25 07:05:20,735 [pool-27-thread-1] INFO  server.RaftServerConfigKeys (ConfUtils.java:logGet(43)) - raft.server.log.statemachine.data.sync.timeout.retry = -1 (default)
2019-09-25 07:05:20,735 [pool-27-thread-1] INFO  server.RaftServerConfigKeys (ConfUtils.java:logGet(43)) - raft.server.log.statemachine.data.caching.enabled = true (custom)
2019-09-25 07:05:20,736 [pool-27-thread-1] INFO  segmented.SegmentedRaftLogWorker (SegmentedRaftLogWorker.java:lambda$new$0(132)) - e568d23f-199e-48ce-91e4-5c166e2e97cd@group-45A828CE81C3-SegmentedRaftLogWorker: flushIndex: setUnconditionally 0 -> -1
2019-09-25 07:05:20,736 [pool-27-thread-1] INFO  server.RaftServerConfigKeys (ConfUtils.java:logGet(43)) - raft.server.snapshot.auto.trigger.enabled = true (custom)
2019-09-25 07:05:20,736 [pool-27-thread-1] INFO  server.RaftServerConfigKeys (ConfUtils.java:logGet(43)) - raft.server.snapshot.auto.trigger.threshold = 10000 (custom)
2019-09-25 07:05:20,736 [pool-27-thread-1] INFO  server.RaftServerConfigKeys (ConfUtils.java:logGet(43)) - raft.server.snapshot.retention.num.files = 5 (custom)
2019-09-25 07:05:20,736 [pool-27-thread-1] INFO  server.RaftServerConfigKeys (ConfUtils.java:logGet(43)) - raft.server.retrycache.expirytime = 600000ms (custom)
2019-09-25 07:05:20,738 [pool-27-thread-1] INFO  impl.RaftServerImpl (RaftServerImpl.java:start(185)) - e568d23f-199e-48ce-91e4-5c166e2e97cd@group-45A828CE81C3: start as a follower, conf=-1: [e568d23f-199e-48ce-91e4-5c166e2e97cd:192.168.30.10:42827], old=null
2019-09-25 07:05:20,739 [pool-27-thread-1] INFO  impl.RaftServerImpl (RaftServerImpl.java:setRole(174)) - e568d23f-199e-48ce-91e4-5c166e2e97cd@group-45A828CE81C3: changes role from      null to FOLLOWER at term 0 for startAsFollower
2019-09-25 07:05:20,739 [pool-27-thread-1] INFO  impl.RoleInfo (RoleInfo.java:updateAndGet(143)) - e568d23f-199e-48ce-91e4-5c166e2e97cd: start FollowerState
2019-09-25 07:05:20,739 [pool-27-thread-1] INFO  util.JmxRegister (JmxRegister.java:tryRegister(44)) - Successfully registered JMX Bean with object name Ratis:service=RaftServer,group=group-45A828CE81C3,id=e568d23f-199e-48ce-91e4-5c166e2e97cd
2019-09-25 07:05:20,742 [RatisPipelineUtilsThread] INFO  pipeline.PipelineStateManager (PipelineStateManager.java:addPipeline(56)) - Created pipeline Pipeline[ Id: 83bb6ece-9bc8-4aa2-ad89-45a828ce81c3, Nodes: e568d23f-199e-48ce-91e4-5c166e2e97cd{ip: 192.168.30.10, host: pr-hdds-1569-s62bp-3040748787, networkLocation: /default-rack, certSerialId: null}, Type:RATIS, Factor:ONE, State:OPEN]
2019-09-25 07:05:20,747 [grpc-default-executor-1] INFO  impl.RaftServerProxy (RaftServerProxy.java:addNew(89)) - e568d23f-199e-48ce-91e4-5c166e2e97cd: addNew group-168F2919D0EC:[e568d23f-199e-48ce-91e4-5c166e2e97cd:192.168.30.10:42827] returns group-168F2919D0EC:java.util.concurrent.CompletableFuture@5c60248e[Not completed]
2019-09-25 07:05:20,748 [pool-27-thread-1] INFO  impl.RaftServerImpl (RaftServerImpl.java:<init>(95)) - e568d23f-199e-48ce-91e4-5c166e2e97cd: new RaftServerImpl for group-168F2919D0EC:[e568d23f-199e-48ce-91e4-5c166e2e97cd:192.168.30.10:42827] with ContainerStateMachine:uninitialized
2019-09-25 07:05:20,748 [pool-27-thread-1] INFO  server.RaftServerConfigKeys (ConfUtils.java:logGet(43)) - raft.server.rpc.timeout.min = 5s (custom)
2019-09-25 07:05:20,748 [pool-27-thread-1] INFO  server.RaftServerConfigKeys (ConfUtils.java:logGet(43)) - raft.server.rpc.timeout.max = 5200ms (custom)
2019-09-25 07:05:20,748 [pool-27-thread-1] INFO  server.RaftServerConfigKeys (ConfUtils.java:logGet(43)) - raft.server.rpcslowness.timeout = 120s (custom)
2019-09-25 07:05:20,748 [pool-27-thread-1] INFO  server.RaftServerConfigKeys (ConfUtils.java:logGet(43)) - raft.server.sleep.deviation.threshold = 300 (default)
2019-09-25 07:05:20,748 [pool-27-thread-1] INFO  server.RaftServerConfigKeys (ConfUtils.java:logGet(43)) - raft.server.log.appender.install.snapshot.enabled = false (custom)
2019-09-25 07:05:20,749 [pool-27-thread-1] INFO  impl.RaftServerImpl (ServerState.java:<init>(103)) - e568d23f-199e-48ce-91e4-5c166e2e97cd@group-168F2919D0EC: ConfigurationManager, init=-1: [e568d23f-199e-48ce-91e4-5c166e2e97cd:192.168.30.10:42827], old=null, confs=<EMPTY_MAP>
2019-09-25 07:05:20,749 [pool-27-thread-1] INFO  server.RaftServerConfigKeys (ConfUtils.java:logGet(43)) - raft.server.storage.dir = [/workdir/hadoop-ozone/integration-test/target/test-dir/MiniOzoneClusterImpl-39af9574-7a8b-4ed7-b830-bf686a3d4bb8/datanode-0/data/ratis] (custom)
2019-09-25 07:05:20,749 [pool-27-thread-1] INFO  storage.RaftStorageDirectory (RaftStorageDirectory.java:analyzeStorage(246)) - The storage directory /workdir/hadoop-ozone/integration-test/target/test-dir/MiniOzoneClusterImpl-39af9574-7a8b-4ed7-b830-bf686a3d4bb8/datanode-0/data/ratis/44fb9518-718d-4311-a2a4-168f2919d0ec does not exist. Creating ...
2019-09-25 07:05:20,763 [pool-27-thread-1] INFO  storage.RaftStorageDirectory (RaftStorageDirectory.java:tryLock(328)) - Lock on /workdir/hadoop-ozone/integration-test/target/test-dir/MiniOzoneClusterImpl-39af9574-7a8b-4ed7-b830-bf686a3d4bb8/datanode-0/data/ratis/44fb9518-718d-4311-a2a4-168f2919d0ec/in_use.lock acquired by nodename 19495@pr-hdds-1569-s62bp-3040748787
2019-09-25 07:05:20,776 [pool-27-thread-1] INFO  storage.RaftStorage (RaftStorage.java:format(72)) - Storage directory /workdir/hadoop-ozone/integration-test/target/test-dir/MiniOzoneClusterImpl-39af9574-7a8b-4ed7-b830-bf686a3d4bb8/datanode-0/data/ratis/44fb9518-718d-4311-a2a4-168f2919d0ec has been successfully formatted.
2019-09-25 07:05:20,776 [pool-27-thread-1] INFO  ratis.ContainerStateMachine (ContainerStateMachine.java:loadSnapshot(230)) - group-168F2919D0EC: The snapshot info is null. Setting the last applied indexto:(t:0, i:~)
2019-09-25 07:05:20,776 [pool-27-thread-1] INFO  server.RaftServerConfigKeys (ConfUtils.java:logGet(43)) - raft.server.notification.no-leader.timeout = 120s (custom)
2019-09-25 07:05:20,777 [pool-27-thread-1] INFO  server.RaftServerConfigKeys (ConfUtils.java:logGet(43)) - raft.server.log.use.memory = false (default)
2019-09-25 07:05:20,777 [pool-27-thread-1] INFO  server.RaftServerConfigKeys (ConfUtils.java:logGet(43)) - raft.server.log.purge.gap = 1000000 (custom)
2019-09-25 07:05:20,777 [pool-27-thread-1] INFO  server.RaftServerConfigKeys (ConfUtils.java:logGet(43)) - raft.server.log.appender.buffer.byte-limit = 33554432 (custom)
2019-09-25 07:05:20,777 [pool-27-thread-1] INFO  server.RaftServerConfigKeys (ConfUtils.java:logGet(43)) - raft.server.log.segment.size.max = 1048576 (custom)
2019-09-25 07:05:20,777 [pool-27-thread-1] INFO  server.RaftServerConfigKeys (ConfUtils.java:logGet(43)) - raft.server.log.segment.cache.num.max = 2 (custom)
2019-09-25 07:05:20,777 [pool-27-thread-1] INFO  segmented.SegmentedRaftLogWorker (SegmentedRaftLogWorker.java:<init>(172)) - new e568d23f-199e-48ce-91e4-5c166e2e97cd@group-168F2919D0EC-SegmentedRaftLogWorker for RaftStorage:Storage Directory /workdir/hadoop-ozone/integration-test/target/test-dir/MiniOzoneClusterImpl-39af9574-7a8b-4ed7-b830-bf686a3d4bb8/datanode-0/data/ratis/44fb9518-718d-4311-a2a4-168f2919d0ec
2019-09-25 07:05:20,777 [pool-27-thread-1] INFO  server.RaftServerConfigKeys (ConfUtils.java:logGet(43)) - raft.server.log.queue.byte-limit = 2147483647 (custom)
2019-09-25 07:05:20,777 [pool-27-thread-1] INFO  server.RaftServerConfigKeys (ConfUtils.java:logGet(43)) - raft.server.log.queue.element-limit = 1024 (custom)
2019-09-25 07:05:20,777 [pool-27-thread-1] INFO  server.RaftServerConfigKeys (ConfUtils.java:logGet(43)) - raft.server.log.segment.size.max = 1048576 (custom)
2019-09-25 07:05:20,778 [pool-27-thread-1] INFO  server.RaftServerConfigKeys (ConfUtils.java:logGet(43)) - raft.server.log.preallocated.size = 16384 (custom)
2019-09-25 07:05:20,778 [pool-27-thread-1] INFO  server.RaftServerConfigKeys (ConfUtils.java:logGet(43)) - raft.server.log.write.buffer.size = 33554432 (custom)
2019-09-25 07:05:20,778 [pool-27-thread-1] INFO  server.RaftServerConfigKeys (ConfUtils.java:logGet(43)) - raft.server.log.force.sync.num = 128 (default)
2019-09-25 07:05:20,778 [pool-27-thread-1] INFO  server.RaftServerConfigKeys (ConfUtils.java:logGet(43)) - raft.server.log.statemachine.data.sync = true (default)
2019-09-25 07:05:20,778 [pool-27-thread-1] INFO  server.RaftServerConfigKeys (ConfUtils.java:logGet(43)) - raft.server.log.statemachine.data.sync.timeout = 10s (default)
2019-09-25 07:05:20,778 [pool-27-thread-1] INFO  server.RaftServerConfigKeys (ConfUtils.java:logGet(43)) - raft.server.log.statemachine.data.sync.timeout.retry = -1 (default)
2019-09-25 07:05:20,778 [pool-27-thread-1] INFO  server.RaftServerConfigKeys (ConfUtils.java:logGet(43)) - raft.server.log.statemachine.data.caching.enabled = true (custom)
2019-09-25 07:05:20,778 [pool-27-thread-1] INFO  segmented.SegmentedRaftLogWorker (SegmentedRaftLogWorker.java:lambda$new$0(132)) - e568d23f-199e-48ce-91e4-5c166e2e97cd@group-168F2919D0EC-SegmentedRaftLogWorker: flushIndex: setUnconditionally 0 -> -1
2019-09-25 07:05:20,779 [pool-27-thread-1] INFO  server.RaftServerConfigKeys (ConfUtils.java:logGet(43)) - raft.server.snapshot.auto.trigger.enabled = true (custom)
2019-09-25 07:05:20,779 [pool-27-thread-1] INFO  server.RaftServerConfigKeys (ConfUtils.java:logGet(43)) - raft.server.snapshot.auto.trigger.threshold = 10000 (custom)
2019-09-25 07:05:20,779 [pool-27-thread-1] INFO  server.RaftServerConfigKeys (ConfUtils.java:logGet(43)) - raft.server.snapshot.retention.num.files = 5 (custom)
2019-09-25 07:05:20,779 [pool-27-thread-1] INFO  server.RaftServerConfigKeys (ConfUtils.java:logGet(43)) - raft.server.retrycache.expirytime = 600000ms (custom)
2019-09-25 07:05:20,780 [pool-27-thread-1] INFO  impl.RaftServerImpl (RaftServerImpl.java:start(185)) - e568d23f-199e-48ce-91e4-5c166e2e97cd@group-168F2919D0EC: start as a follower, conf=-1: [e568d23f-199e-48ce-91e4-5c166e2e97cd:192.168.30.10:42827], old=null
2019-09-25 07:05:20,781 [pool-27-thread-1] INFO  impl.RaftServerImpl (RaftServerImpl.java:setRole(174)) - e568d23f-199e-48ce-91e4-5c166e2e97cd@group-168F2919D0EC: changes role from      null to FOLLOWER at term 0 for startAsFollower
2019-09-25 07:05:20,781 [pool-27-thread-1] INFO  impl.RoleInfo (RoleInfo.java:updateAndGet(143)) - e568d23f-199e-48ce-91e4-5c166e2e97cd: start FollowerState
2019-09-25 07:05:20,781 [pool-27-thread-1] INFO  util.JmxRegister (JmxRegister.java:tryRegister(44)) - Successfully registered JMX Bean with object name Ratis:service=RaftServer,group=group-168F2919D0EC,id=e568d23f-199e-48ce-91e4-5c166e2e97cd
2019-09-25 07:05:20,783 [RatisPipelineUtilsThread] INFO  pipeline.PipelineStateManager (PipelineStateManager.java:addPipeline(56)) - Created pipeline Pipeline[ Id: 44fb9518-718d-4311-a2a4-168f2919d0ec, Nodes: e568d23f-199e-48ce-91e4-5c166e2e97cd{ip: 192.168.30.10, host: pr-hdds-1569-s62bp-3040748787, networkLocation: /default-rack, certSerialId: null}, Type:RATIS, Factor:ONE, State:OPEN]
2019-09-25 07:05:20,788 [grpc-default-executor-1] INFO  impl.RaftServerProxy (RaftServerProxy.java:addNew(89)) - e568d23f-199e-48ce-91e4-5c166e2e97cd: addNew group-14C4AC4DB809:[e568d23f-199e-48ce-91e4-5c166e2e97cd:192.168.30.10:42827] returns group-14C4AC4DB809:java.util.concurrent.CompletableFuture@791b28a4[Not completed]
2019-09-25 07:05:20,789 [pool-27-thread-1] INFO  impl.RaftServerImpl (RaftServerImpl.java:<init>(95)) - e568d23f-199e-48ce-91e4-5c166e2e97cd: new RaftServerImpl for group-14C4AC4DB809:[e568d23f-199e-48ce-91e4-5c166e2e97cd:192.168.30.10:42827] with ContainerStateMachine:uninitialized
2019-09-25 07:05:20,789 [pool-27-thread-1] INFO  server.RaftServerConfigKeys (ConfUtils.java:logGet(43)) - raft.server.rpc.timeout.min = 5s (custom)
2019-09-25 07:05:20,789 [pool-27-thread-1] INFO  server.RaftServerConfigKeys (ConfUtils.java:logGet(43)) - raft.server.rpc.timeout.max = 5200ms (custom)
2019-09-25 07:05:20,789 [pool-27-thread-1] INFO  server.RaftServerConfigKeys (ConfUtils.java:logGet(43)) - raft.server.rpcslowness.timeout = 120s (custom)
2019-09-25 07:05:20,789 [pool-27-thread-1] INFO  server.RaftServerConfigKeys (ConfUtils.java:logGet(43)) - raft.server.sleep.deviation.threshold = 300 (default)
2019-09-25 07:05:20,789 [pool-27-thread-1] INFO  server.RaftServerConfigKeys (ConfUtils.java:logGet(43)) - raft.server.log.appender.install.snapshot.enabled = false (custom)
2019-09-25 07:05:20,789 [pool-27-thread-1] INFO  impl.RaftServerImpl (ServerState.java:<init>(103)) - e568d23f-199e-48ce-91e4-5c166e2e97cd@group-14C4AC4DB809: ConfigurationManager, init=-1: [e568d23f-199e-48ce-91e4-5c166e2e97cd:192.168.30.10:42827], old=null, confs=<EMPTY_MAP>
2019-09-25 07:05:20,790 [pool-27-thread-1] INFO  server.RaftServerConfigKeys (ConfUtils.java:logGet(43)) - raft.server.storage.dir = [/workdir/hadoop-ozone/integration-test/target/test-dir/MiniOzoneClusterImpl-39af9574-7a8b-4ed7-b830-bf686a3d4bb8/datanode-0/data/ratis] (custom)
2019-09-25 07:05:20,790 [pool-27-thread-1] INFO  storage.RaftStorageDirectory (RaftStorageDirectory.java:analyzeStorage(246)) - The storage directory /workdir/hadoop-ozone/integration-test/target/test-dir/MiniOzoneClusterImpl-39af9574-7a8b-4ed7-b830-bf686a3d4bb8/datanode-0/data/ratis/619f0e24-91b6-4ffc-9b99-14c4ac4db809 does not exist. Creating ...
2019-09-25 07:05:20,802 [pool-27-thread-1] INFO  storage.RaftStorageDirectory (RaftStorageDirectory.java:tryLock(328)) - Lock on /workdir/hadoop-ozone/integration-test/target/test-dir/MiniOzoneClusterImpl-39af9574-7a8b-4ed7-b830-bf686a3d4bb8/datanode-0/data/ratis/619f0e24-91b6-4ffc-9b99-14c4ac4db809/in_use.lock acquired by nodename 19495@pr-hdds-1569-s62bp-3040748787
2019-09-25 07:05:20,814 [24bf2945-a329-4da6-aaf2-23ecd8d462c6@group-3CF718775540-SegmentedRaftLogWorker] ERROR segmented.SegmentedRaftLogWorker (SegmentedRaftLogWorker.java:run(323)) - 24bf2945-a329-4da6-aaf2-23ecd8d462c6@group-3CF718775540-SegmentedRaftLogWorker hit exception
java.lang.OutOfMemoryError: Direct buffer memory
	at java.nio.Bits.reserveMemory(Bits.java:666)
	at java.nio.DirectByteBuffer.<init>(DirectByteBuffer.java:123)
	at java.nio.ByteBuffer.allocateDirect(ByteBuffer.java:311)
	at org.apache.ratis.server.raftlog.segmented.BufferedWriteChannel.<init>(BufferedWriteChannel.java:41)
	at org.apache.ratis.server.raftlog.segmented.SegmentedRaftLogOutputStream.<init>(SegmentedRaftLogOutputStream.java:72)
	at org.apache.ratis.server.raftlog.segmented.SegmentedRaftLogWorker$StartLogSegment.execute(SegmentedRaftLogWorker.java:566)
	at org.apache.ratis.server.raftlog.segmented.SegmentedRaftLogWorker.run(SegmentedRaftLogWorker.java:289)
	at java.lang.Thread.run(Thread.java:748)
2019-09-25 07:05:20,814 [e568d23f-199e-48ce-91e4-5c166e2e97cd@group-14CFC579332C-SegmentedRaftLogWorker] ERROR segmented.SegmentedRaftLogWorker (SegmentedRaftLogWorker.java:run(323)) - e568d23f-199e-48ce-91e4-5c166e2e97cd@group-14CFC579332C-SegmentedRaftLogWorker hit exception
java.lang.OutOfMemoryError: Direct buffer memory
	at java.nio.Bits.reserveMemory(Bits.java:666)
	at java.nio.DirectByteBuffer.<init>(DirectByteBuffer.java:123)
	at java.nio.ByteBuffer.allocateDirect(ByteBuffer.java:311)
	at org.apache.ratis.server.raftlog.segmented.BufferedWriteChannel.<init>(BufferedWriteChannel.java:41)
	at org.apache.ratis.server.raftlog.segmented.SegmentedRaftLogOutputStream.<init>(SegmentedRaftLogOutputStream.java:72)
	at org.apache.ratis.server.raftlog.segmented.SegmentedRaftLogWorker$StartLogSegment.execute(SegmentedRaftLogWorker.java:566)
	at org.apache.ratis.server.raftlog.segmented.SegmentedRaftLogWorker.run(SegmentedRaftLogWorker.java:289)
	at java.lang.Thread.run(Thread.java:748)
2019-09-25 07:05:20,814 [24bf2945-a329-4da6-aaf2-23ecd8d462c6@group-3CF718775540-SegmentedRaftLogWorker] INFO  impl.RaftServerImpl (RaftServerImpl.java:lambda$shutdown$3(251)) - 24bf2945-a329-4da6-aaf2-23ecd8d462c6@group-3CF718775540: shutdown
2019-09-25 07:05:20,814 [e568d23f-199e-48ce-91e4-5c166e2e97cd@group-14CFC579332C-SegmentedRaftLogWorker] INFO  impl.RaftServerImpl (RaftServerImpl.java:lambda$shutdown$3(251)) - e568d23f-199e-48ce-91e4-5c166e2e97cd@group-14CFC579332C: shutdown
2019-09-25 07:05:20,814 [24bf2945-a329-4da6-aaf2-23ecd8d462c6@group-3CF718775540-SegmentedRaftLogWorker] INFO  util.JmxRegister (JmxRegister.java:unregister(73)) - Successfully un-registered JMX Bean with object name Ratis:service=RaftServer,group=group-3CF718775540,id=24bf2945-a329-4da6-aaf2-23ecd8d462c6
2019-09-25 07:05:20,814 [e568d23f-199e-48ce-91e4-5c166e2e97cd@group-14CFC579332C-SegmentedRaftLogWorker] INFO  util.JmxRegister (JmxRegister.java:unregister(73)) - Successfully un-registered JMX Bean with object name Ratis:service=RaftServer,group=group-14CFC579332C,id=e568d23f-199e-48ce-91e4-5c166e2e97cd
2019-09-25 07:05:20,815 [24bf2945-a329-4da6-aaf2-23ecd8d462c6@group-3CF718775540-SegmentedRaftLogWorker] INFO  impl.RoleInfo (RoleInfo.java:shutdownLeaderState(104)) - 24bf2945-a329-4da6-aaf2-23ecd8d462c6: shutdown LeaderState
2019-09-25 07:05:20,815 [e568d23f-199e-48ce-91e4-5c166e2e97cd@group-14CFC579332C-SegmentedRaftLogWorker] INFO  impl.RoleInfo (RoleInfo.java:shutdownLeaderState(104)) - e568d23f-199e-48ce-91e4-5c166e2e97cd: shutdown LeaderState
2019-09-25 07:05:20,815 [24bf2945-a329-4da6-aaf2-23ecd8d462c6@group-3CF718775540-SegmentedRaftLogWorker] INFO  impl.PendingRequests (PendingRequests.java:sendNotLeaderResponses(202)) - 24bf2945-a329-4da6-aaf2-23ecd8d462c6-PendingRequests: sendNotLeaderResponses
2019-09-25 07:05:20,819 [e568d23f-199e-48ce-91e4-5c166e2e97cd@group-14CFC579332C-SegmentedRaftLogWorker] INFO  impl.PendingRequests (PendingRequests.java:sendNotLeaderResponses(202)) - e568d23f-199e-48ce-91e4-5c166e2e97cd-PendingRequests: sendNotLeaderResponses
2019-09-25 07:05:20,819 [24bf2945-a329-4da6-aaf2-23ecd8d462c6@group-3CF718775540-SegmentedRaftLogWorker] INFO  impl.StateMachineUpdater (StateMachineUpdater.java:stopAndJoin(125)) - 24bf2945-a329-4da6-aaf2-23ecd8d462c6@group-3CF718775540-StateMachineUpdater: set stopIndex = -1
2019-09-25 07:05:20,819 [pool-27-thread-1] INFO  storage.RaftStorage (RaftStorage.java:format(72)) - Storage directory /workdir/hadoop-ozone/integration-test/target/test-dir/MiniOzoneClusterImpl-39af9574-7a8b-4ed7-b830-bf686a3d4bb8/datanode-0/data/ratis/619f0e24-91b6-4ffc-9b99-14c4ac4db809 has been successfully formatted.
2019-09-25 07:05:20,819 [org.apache.ratis.server.impl.LogAppender$AppenderDaemon$$Lambda$473/708317063@5a4f8733] WARN  server.GrpcLogAppender (GrpcLogAppender.java:mayWait(143)) - e568d23f-199e-48ce-91e4-5c166e2e97cd@group-14CFC579332C->62ec8eb9-3ae9-4136-b70a-2caf3716fa7f-GrpcLogAppender: Wait interrupted by java.lang.InterruptedException
2019-09-25 07:05:20,820 [24bf2945-a329-4da6-aaf2-23ecd8d462c6@group-3CF718775540-SegmentedRaftLogWorker] INFO  impl.RaftServerImpl (ServerState.java:close(385)) - 24bf2945-a329-4da6-aaf2-23ecd8d462c6@group-3CF718775540: closes. applyIndex: -1
2019-09-25 07:05:20,819 [e568d23f-199e-48ce-91e4-5c166e2e97cd@group-14CFC579332C-SegmentedRaftLogWorker] INFO  impl.StateMachineUpdater (StateMachineUpdater.java:stopAndJoin(125)) - e568d23f-199e-48ce-91e4-5c166e2e97cd@group-14CFC579332C-StateMachineUpdater: set stopIndex = -1
2019-09-25 07:05:20,819 [org.apache.ratis.server.impl.LogAppender$AppenderDaemon$$Lambda$473/708317063@57184051] WARN  server.GrpcLogAppender (GrpcLogAppender.java:mayWait(143)) - e568d23f-199e-48ce-91e4-5c166e2e97cd@group-14CFC579332C->24bf2945-a329-4da6-aaf2-23ecd8d462c6-GrpcLogAppender: Wait interrupted by java.lang.InterruptedException
2019-09-25 07:05:20,820 [e568d23f-199e-48ce-91e4-5c166e2e97cd@group-14CFC579332C-SegmentedRaftLogWorker] INFO  impl.RaftServerImpl (ServerState.java:close(385)) - e568d23f-199e-48ce-91e4-5c166e2e97cd@group-14CFC579332C: closes. applyIndex: -1
2019-09-25 07:05:20,820 [24bf2945-a329-4da6-aaf2-23ecd8d462c6@group-3CF718775540-SegmentedRaftLogWorker] INFO  segmented.SegmentedRaftLogWorker (SegmentedRaftLogWorker.java:close(228)) - 24bf2945-a329-4da6-aaf2-23ecd8d462c6@group-3CF718775540-SegmentedRaftLogWorker close()
2019-09-25 07:05:20,820 [pool-27-thread-1] INFO  ratis.ContainerStateMachine (ContainerStateMachine.java:loadSnapshot(230)) - group-14C4AC4DB809: The snapshot info is null. Setting the last applied indexto:(t:0, i:~)
2019-09-25 07:05:20,820 [e568d23f-199e-48ce-91e4-5c166e2e97cd@group-14CFC579332C-SegmentedRaftLogWorker] INFO  segmented.SegmentedRaftLogWorker (SegmentedRaftLogWorker.java:close(228)) - e568d23f-199e-48ce-91e4-5c166e2e97cd@group-14CFC579332C-SegmentedRaftLogWorker close()
2019-09-25 07:05:20,824 [pool-27-thread-1] INFO  server.RaftServerConfigKeys (ConfUtils.java:logGet(43)) - raft.server.notification.no-leader.timeout = 120s (custom)
2019-09-25 07:05:20,827 [pool-27-thread-1] INFO  server.RaftServerConfigKeys (ConfUtils.java:logGet(43)) - raft.server.log.use.memory = false (default)
2019-09-25 07:05:20,827 [pool-27-thread-1] INFO  server.RaftServerConfigKeys (ConfUtils.java:logGet(43)) - raft.server.log.purge.gap = 1000000 (custom)
2019-09-25 07:05:20,827 [pool-27-thread-1] INFO  server.RaftServerConfigKeys (ConfUtils.java:logGet(43)) - raft.server.log.appender.buffer.byte-limit = 33554432 (custom)
2019-09-25 07:05:20,827 [pool-27-thread-1] INFO  server.RaftServerConfigKeys (ConfUtils.java:logGet(43)) - raft.server.log.segment.size.max = 1048576 (custom)
2019-09-25 07:05:20,828 [pool-27-thread-1] INFO  server.RaftServerConfigKeys (ConfUtils.java:logGet(43)) - raft.server.log.segment.cache.num.max = 2 (custom)
2019-09-25 07:05:20,828 [pool-27-thread-1] INFO  segmented.SegmentedRaftLogWorker (SegmentedRaftLogWorker.java:<init>(172)) - new e568d23f-199e-48ce-91e4-5c166e2e97cd@group-14C4AC4DB809-SegmentedRaftLogWorker for RaftStorage:Storage Directory /workdir/hadoop-ozone/integration-test/target/test-dir/MiniOzoneClusterImpl-39af9574-7a8b-4ed7-b830-bf686a3d4bb8/datanode-0/data/ratis/619f0e24-91b6-4ffc-9b99-14c4ac4db809
2019-09-25 07:05:20,828 [pool-27-thread-1] INFO  server.RaftServerConfigKeys (ConfUtils.java:logGet(43)) - raft.server.log.queue.byte-limit = 2147483647 (custom)
2019-09-25 07:05:20,828 [pool-27-thread-1] INFO  server.RaftServerConfigKeys (ConfUtils.java:logGet(43)) - raft.server.log.queue.element-limit = 1024 (custom)
2019-09-25 07:05:20,828 [pool-27-thread-1] INFO  server.RaftServerConfigKeys (ConfUtils.java:logGet(43)) - raft.server.log.segment.size.max = 1048576 (custom)
2019-09-25 07:05:20,828 [pool-27-thread-1] INFO  server.RaftServerConfigKeys (ConfUtils.java:logGet(43)) - raft.server.log.preallocated.size = 16384 (custom)
2019-09-25 07:05:20,829 [pool-27-thread-1] INFO  server.RaftServerConfigKeys (ConfUtils.java:logGet(43)) - raft.server.log.write.buffer.size = 33554432 (custom)
2019-09-25 07:05:20,829 [pool-27-thread-1] INFO  server.RaftServerConfigKeys (ConfUtils.java:logGet(43)) - raft.server.log.force.sync.num = 128 (default)
2019-09-25 07:05:20,829 [pool-27-thread-1] INFO  server.RaftServerConfigKeys (ConfUtils.java:logGet(43)) - raft.server.log.statemachine.data.sync = true (default)
2019-09-25 07:05:20,829 [pool-27-thread-1] INFO  server.RaftServerConfigKeys (ConfUtils.java:logGet(43)) - raft.server.log.statemachine.data.sync.timeout = 10s (default)
2019-09-25 07:05:20,829 [pool-27-thread-1] INFO  server.RaftServerConfigKeys (ConfUtils.java:logGet(43)) - raft.server.log.statemachine.data.sync.timeout.retry = -1 (default)
2019-09-25 07:05:20,829 [pool-27-thread-1] INFO  server.RaftServerConfigKeys (ConfUtils.java:logGet(43)) - raft.server.log.statemachine.data.caching.enabled = true (custom)
2019-09-25 07:05:20,830 [pool-27-thread-1] INFO  segmented.SegmentedRaftLogWorker (SegmentedRaftLogWorker.java:lambda$new$0(132)) - e568d23f-199e-48ce-91e4-5c166e2e97cd@group-14C4AC4DB809-SegmentedRaftLogWorker: flushIndex: setUnconditionally 0 -> -1
2019-09-25 07:05:20,830 [pool-27-thread-1] INFO  server.RaftServerConfigKeys (ConfUtils.java:logGet(43)) - raft.server.snapshot.auto.trigger.enabled = true (custom)
2019-09-25 07:05:20,830 [pool-27-thread-1] INFO  server.RaftServerConfigKeys (ConfUtils.java:logGet(43)) - raft.server.snapshot.auto.trigger.threshold = 10000 (custom)
2019-09-25 07:05:20,830 [pool-27-thread-1] INFO  server.RaftServerConfigKeys (ConfUtils.java:logGet(43)) - raft.server.snapshot.retention.num.files = 5 (custom)
2019-09-25 07:05:20,830 [pool-27-thread-1] INFO  server.RaftServerConfigKeys (ConfUtils.java:logGet(43)) - raft.server.retrycache.expirytime = 600000ms (custom)
2019-09-25 07:05:20,832 [pool-27-thread-1] INFO  impl.RaftServerImpl (RaftServerImpl.java:start(185)) - e568d23f-199e-48ce-91e4-5c166e2e97cd@group-14C4AC4DB809: start as a follower, conf=-1: [e568d23f-199e-48ce-91e4-5c166e2e97cd:192.168.30.10:42827], old=null
2019-09-25 07:05:20,832 [pool-27-thread-1] INFO  impl.RaftServerImpl (RaftServerImpl.java:setRole(174)) - e568d23f-199e-48ce-91e4-5c166e2e97cd@group-14C4AC4DB809: changes role from      null to FOLLOWER at term 0 for startAsFollower
2019-09-25 07:05:20,832 [pool-27-thread-1] INFO  impl.RoleInfo (RoleInfo.java:updateAndGet(143)) - e568d23f-199e-48ce-91e4-5c166e2e97cd: start FollowerState
2019-09-25 07:05:20,833 [pool-27-thread-1] INFO  util.JmxRegister (JmxRegister.java:tryRegister(44)) - Successfully registered JMX Bean with object name Ratis:service=RaftServer,group=group-14C4AC4DB809,id=e568d23f-199e-48ce-91e4-5c166e2e97cd
2019-09-25 07:05:20,835 [RatisPipelineUtilsThread] INFO  pipeline.PipelineStateManager (PipelineStateManager.java:addPipeline(56)) - Created pipeline Pipeline[ Id: 619f0e24-91b6-4ffc-9b99-14c4ac4db809, Nodes: e568d23f-199e-48ce-91e4-5c166e2e97cd{ip: 192.168.30.10, host: pr-hdds-1569-s62bp-3040748787, networkLocation: /default-rack, certSerialId: null}, Type:RATIS, Factor:ONE, State:OPEN]
2019-09-25 07:05:20,840 [grpc-default-executor-1] INFO  impl.RaftServerProxy (RaftServerProxy.java:addNew(89)) - 24bf2945-a329-4da6-aaf2-23ecd8d462c6: addNew group-F9777FC7DEAF:[24bf2945-a329-4da6-aaf2-23ecd8d462c6:192.168.30.10:42867] returns group-F9777FC7DEAF:java.util.concurrent.CompletableFuture@25a262cb[Not completed]
2019-09-25 07:05:20,841 [pool-47-thread-1] INFO  impl.RaftServerImpl (RaftServerImpl.java:<init>(95)) - 24bf2945-a329-4da6-aaf2-23ecd8d462c6: new RaftServerImpl for group-F9777FC7DEAF:[24bf2945-a329-4da6-aaf2-23ecd8d462c6:192.168.30.10:42867] with ContainerStateMachine:uninitialized
2019-09-25 07:05:20,841 [pool-47-thread-1] INFO  server.RaftServerConfigKeys (ConfUtils.java:logGet(43)) - raft.server.rpc.timeout.min = 5s (custom)
2019-09-25 07:05:20,841 [pool-47-thread-1] INFO  server.RaftServerConfigKeys (ConfUtils.java:logGet(43)) - raft.server.rpc.timeout.max = 5200ms (custom)
2019-09-25 07:05:20,841 [pool-47-thread-1] INFO  server.RaftServerConfigKeys (ConfUtils.java:logGet(43)) - raft.server.rpcslowness.timeout = 120s (custom)
2019-09-25 07:05:20,841 [pool-47-thread-1] INFO  server.RaftServerConfigKeys (ConfUtils.java:logGet(43)) - raft.server.sleep.deviation.threshold = 300 (default)
2019-09-25 07:05:20,841 [pool-47-thread-1] INFO  server.RaftServerConfigKeys (ConfUtils.java:logGet(43)) - raft.server.log.appender.install.snapshot.enabled = false (custom)
2019-09-25 07:05:20,841 [pool-47-thread-1] INFO  impl.RaftServerImpl (ServerState.java:<init>(103)) - 24bf2945-a329-4da6-aaf2-23ecd8d462c6@group-F9777FC7DEAF: ConfigurationManager, init=-1: [24bf2945-a329-4da6-aaf2-23ecd8d462c6:192.168.30.10:42867], old=null, confs=<EMPTY_MAP>
2019-09-25 07:05:20,841 [pool-47-thread-1] INFO  server.RaftServerConfigKeys (ConfUtils.java:logGet(43)) - raft.server.storage.dir = [/workdir/hadoop-ozone/integration-test/target/test-dir/MiniOzoneClusterImpl-39af9574-7a8b-4ed7-b830-bf686a3d4bb8/datanode-2/data/ratis] (custom)
2019-09-25 07:05:20,842 [pool-47-thread-1] INFO  storage.RaftStorageDirectory (RaftStorageDirectory.java:analyzeStorage(246)) - The storage directory /workdir/hadoop-ozone/integration-test/target/test-dir/MiniOzoneClusterImpl-39af9574-7a8b-4ed7-b830-bf686a3d4bb8/datanode-2/data/ratis/40abe072-945b-4408-89aa-f9777fc7deaf does not exist. Creating ...
2019-09-25 07:05:20,855 [pool-47-thread-1] INFO  storage.RaftStorageDirectory (RaftStorageDirectory.java:tryLock(328)) - Lock on /workdir/hadoop-ozone/integration-test/target/test-dir/MiniOzoneClusterImpl-39af9574-7a8b-4ed7-b830-bf686a3d4bb8/datanode-2/data/ratis/40abe072-945b-4408-89aa-f9777fc7deaf/in_use.lock acquired by nodename 19495@pr-hdds-1569-s62bp-3040748787
2019-09-25 07:05:20,874 [pool-47-thread-1] INFO  storage.RaftStorage (RaftStorage.java:format(72)) - Storage directory /workdir/hadoop-ozone/integration-test/target/test-dir/MiniOzoneClusterImpl-39af9574-7a8b-4ed7-b830-bf686a3d4bb8/datanode-2/data/ratis/40abe072-945b-4408-89aa-f9777fc7deaf has been successfully formatted.
2019-09-25 07:05:20,875 [pool-47-thread-1] INFO  ratis.ContainerStateMachine (ContainerStateMachine.java:loadSnapshot(230)) - group-F9777FC7DEAF: The snapshot info is null. Setting the last applied indexto:(t:0, i:~)
2019-09-25 07:05:20,875 [pool-47-thread-1] INFO  server.RaftServerConfigKeys (ConfUtils.java:logGet(43)) - raft.server.notification.no-leader.timeout = 120s (custom)
2019-09-25 07:05:20,875 [pool-47-thread-1] INFO  server.RaftServerConfigKeys (ConfUtils.java:logGet(43)) - raft.server.log.use.memory = false (default)
2019-09-25 07:05:20,875 [pool-47-thread-1] INFO  server.RaftServerConfigKeys (ConfUtils.java:logGet(43)) - raft.server.log.purge.gap = 1000000 (custom)
2019-09-25 07:05:20,875 [pool-47-thread-1] INFO  server.RaftServerConfigKeys (ConfUtils.java:logGet(43)) - raft.server.log.appender.buffer.byte-limit = 33554432 (custom)
2019-09-25 07:05:20,875 [pool-47-thread-1] INFO  server.RaftServerConfigKeys (ConfUtils.java:logGet(43)) - raft.server.log.segment.size.max = 1048576 (custom)
2019-09-25 07:05:20,875 [pool-47-thread-1] INFO  server.RaftServerConfigKeys (ConfUtils.java:logGet(43)) - raft.server.log.segment.cache.num.max = 2 (custom)
2019-09-25 07:05:20,875 [pool-47-thread-1] INFO  segmented.SegmentedRaftLogWorker (SegmentedRaftLogWorker.java:<init>(172)) - new 24bf2945-a329-4da6-aaf2-23ecd8d462c6@group-F9777FC7DEAF-SegmentedRaftLogWorker for RaftStorage:Storage Directory /workdir/hadoop-ozone/integration-test/target/test-dir/MiniOzoneClusterImpl-39af9574-7a8b-4ed7-b830-bf686a3d4bb8/datanode-2/data/ratis/40abe072-945b-4408-89aa-f9777fc7deaf
2019-09-25 07:05:20,875 [pool-47-thread-1] INFO  server.RaftServerConfigKeys (ConfUtils.java:logGet(43)) - raft.server.log.queue.byte-limit = 2147483647 (custom)
2019-09-25 07:05:20,875 [pool-47-thread-1] INFO  server.RaftServerConfigKeys (ConfUtils.java:logGet(43)) - raft.server.log.queue.element-limit = 1024 (custom)
2019-09-25 07:05:20,876 [pool-47-thread-1] INFO  server.RaftServerConfigKeys (ConfUtils.java:logGet(43)) - raft.server.log.segment.size.max = 1048576 (custom)
2019-09-25 07:05:20,876 [pool-47-thread-1] INFO  server.RaftServerConfigKeys (ConfUtils.java:logGet(43)) - raft.server.log.preallocated.size = 16384 (custom)
2019-09-25 07:05:20,876 [pool-47-thread-1] INFO  server.RaftServerConfigKeys (ConfUtils.java:logGet(43)) - raft.server.log.write.buffer.size = 33554432 (custom)
2019-09-25 07:05:20,876 [pool-47-thread-1] INFO  server.RaftServerConfigKeys (ConfUtils.java:logGet(43)) - raft.server.log.force.sync.num = 128 (default)
2019-09-25 07:05:20,876 [pool-47-thread-1] INFO  server.RaftServerConfigKeys (ConfUtils.java:logGet(43)) - raft.server.log.statemachine.data.sync = true (default)
2019-09-25 07:05:20,876 [pool-47-thread-1] INFO  server.RaftServerConfigKeys (ConfUtils.java:logGet(43)) - raft.server.log.statemachine.data.sync.timeout = 10s (default)
2019-09-25 07:05:20,876 [pool-47-thread-1] INFO  server.RaftServerConfigKeys (ConfUtils.java:logGet(43)) - raft.server.log.statemachine.data.sync.timeout.retry = -1 (default)
2019-09-25 07:05:20,876 [pool-47-thread-1] INFO  server.RaftServerConfigKeys (ConfUtils.java:logGet(43)) - raft.server.log.statemachine.data.caching.enabled = true (custom)
2019-09-25 07:05:20,876 [pool-47-thread-1] INFO  segmented.SegmentedRaftLogWorker (SegmentedRaftLogWorker.java:lambda$new$0(132)) - 24bf2945-a329-4da6-aaf2-23ecd8d462c6@group-F9777FC7DEAF-SegmentedRaftLogWorker: flushIndex: setUnconditionally 0 -> -1
2019-09-25 07:05:20,877 [pool-47-thread-1] INFO  server.RaftServerConfigKeys (ConfUtils.java:logGet(43)) - raft.server.snapshot.auto.trigger.enabled = true (custom)
2019-09-25 07:05:20,877 [pool-47-thread-1] INFO  server.RaftServerConfigKeys (ConfUtils.java:logGet(43)) - raft.server.snapshot.auto.trigger.threshold = 10000 (custom)
2019-09-25 07:05:20,877 [pool-47-thread-1] INFO  server.RaftServerConfigKeys (ConfUtils.java:logGet(43)) - raft.server.snapshot.retention.num.files = 5 (custom)
2019-09-25 07:05:20,877 [pool-47-thread-1] INFO  server.RaftServerConfigKeys (ConfUtils.java:logGet(43)) - raft.server.retrycache.expirytime = 600000ms (custom)
2019-09-25 07:05:20,878 [pool-47-thread-1] INFO  impl.RaftServerImpl (RaftServerImpl.java:start(185)) - 24bf2945-a329-4da6-aaf2-23ecd8d462c6@group-F9777FC7DEAF: start as a follower, conf=-1: [24bf2945-a329-4da6-aaf2-23ecd8d462c6:192.168.30.10:42867], old=null
2019-09-25 07:05:20,878 [pool-47-thread-1] INFO  impl.RaftServerImpl (RaftServerImpl.java:setRole(174)) - 24bf2945-a329-4da6-aaf2-23ecd8d462c6@group-F9777FC7DEAF: changes role from      null to FOLLOWER at term 0 for startAsFollower
2019-09-25 07:05:20,878 [pool-47-thread-1] INFO  impl.RoleInfo (RoleInfo.java:updateAndGet(143)) - 24bf2945-a329-4da6-aaf2-23ecd8d462c6: start FollowerState
2019-09-25 07:05:20,879 [pool-47-thread-1] INFO  util.JmxRegister (JmxRegister.java:tryRegister(44)) - Successfully registered JMX Bean with object name Ratis:service=RaftServer,group=group-F9777FC7DEAF,id=24bf2945-a329-4da6-aaf2-23ecd8d462c6
2019-09-25 07:05:20,881 [RatisPipelineUtilsThread] INFO  pipeline.PipelineStateManager (PipelineStateManager.java:addPipeline(56)) - Created pipeline Pipeline[ Id: 40abe072-945b-4408-89aa-f9777fc7deaf, Nodes: 24bf2945-a329-4da6-aaf2-23ecd8d462c6{ip: 192.168.30.10, host: pr-hdds-1569-s62bp-3040748787, networkLocation: /default-rack, certSerialId: null}, Type:RATIS, Factor:ONE, State:OPEN]
2019-09-25 07:05:20,886 [grpc-default-executor-1] INFO  impl.RaftServerProxy (RaftServerProxy.java:addNew(89)) - e568d23f-199e-48ce-91e4-5c166e2e97cd: addNew group-B61ACD894684:[e568d23f-199e-48ce-91e4-5c166e2e97cd:192.168.30.10:42827] returns group-B61ACD894684:java.util.concurrent.CompletableFuture@cbee586[Not completed]
2019-09-25 07:05:20,887 [pool-27-thread-1] INFO  impl.RaftServerImpl (RaftServerImpl.java:<init>(95)) - e568d23f-199e-48ce-91e4-5c166e2e97cd: new RaftServerImpl for group-B61ACD894684:[e568d23f-199e-48ce-91e4-5c166e2e97cd:192.168.30.10:42827] with ContainerStateMachine:uninitialized
2019-09-25 07:05:20,887 [pool-27-thread-1] INFO  server.RaftServerConfigKeys (ConfUtils.java:logGet(43)) - raft.server.rpc.timeout.min = 5s (custom)
2019-09-25 07:05:20,887 [pool-27-thread-1] INFO  server.RaftServerConfigKeys (ConfUtils.java:logGet(43)) - raft.server.rpc.timeout.max = 5200ms (custom)
2019-09-25 07:05:20,887 [pool-27-thread-1] INFO  server.RaftServerConfigKeys (ConfUtils.java:logGet(43)) - raft.server.rpcslowness.timeout = 120s (custom)
2019-09-25 07:05:20,887 [pool-27-thread-1] INFO  server.RaftServerConfigKeys (ConfUtils.java:logGet(43)) - raft.server.sleep.deviation.threshold = 300 (default)
2019-09-25 07:05:20,887 [pool-27-thread-1] INFO  server.RaftServerConfigKeys (ConfUtils.java:logGet(43)) - raft.server.log.appender.install.snapshot.enabled = false (custom)
2019-09-25 07:05:20,887 [pool-27-thread-1] INFO  impl.RaftServerImpl (ServerState.java:<init>(103)) - e568d23f-199e-48ce-91e4-5c166e2e97cd@group-B61ACD894684: ConfigurationManager, init=-1: [e568d23f-199e-48ce-91e4-5c166e2e97cd:192.168.30.10:42827], old=null, confs=<EMPTY_MAP>
2019-09-25 07:05:20,888 [pool-27-thread-1] INFO  server.RaftServerConfigKeys (ConfUtils.java:logGet(43)) - raft.server.storage.dir = [/workdir/hadoop-ozone/integration-test/target/test-dir/MiniOzoneClusterImpl-39af9574-7a8b-4ed7-b830-bf686a3d4bb8/datanode-0/data/ratis] (custom)
2019-09-25 07:05:20,888 [pool-27-thread-1] INFO  storage.RaftStorageDirectory (RaftStorageDirectory.java:analyzeStorage(246)) - The storage directory /workdir/hadoop-ozone/integration-test/target/test-dir/MiniOzoneClusterImpl-39af9574-7a8b-4ed7-b830-bf686a3d4bb8/datanode-0/data/ratis/35a4f205-8e1a-4324-ae59-b61acd894684 does not exist. Creating ...
2019-09-25 07:05:20,900 [pool-27-thread-1] INFO  storage.RaftStorageDirectory (RaftStorageDirectory.java:tryLock(328)) - Lock on /workdir/hadoop-ozone/integration-test/target/test-dir/MiniOzoneClusterImpl-39af9574-7a8b-4ed7-b830-bf686a3d4bb8/datanode-0/data/ratis/35a4f205-8e1a-4324-ae59-b61acd894684/in_use.lock acquired by nodename 19495@pr-hdds-1569-s62bp-3040748787
2019-09-25 07:05:20,912 [pool-27-thread-1] INFO  storage.RaftStorage (RaftStorage.java:format(72)) - Storage directory /workdir/hadoop-ozone/integration-test/target/test-dir/MiniOzoneClusterImpl-39af9574-7a8b-4ed7-b830-bf686a3d4bb8/datanode-0/data/ratis/35a4f205-8e1a-4324-ae59-b61acd894684 has been successfully formatted.
2019-09-25 07:05:20,913 [pool-27-thread-1] INFO  ratis.ContainerStateMachine (ContainerStateMachine.java:loadSnapshot(230)) - group-B61ACD894684: The snapshot info is null. Setting the last applied indexto:(t:0, i:~)
2019-09-25 07:05:20,913 [pool-27-thread-1] INFO  server.RaftServerConfigKeys (ConfUtils.java:logGet(43)) - raft.server.notification.no-leader.timeout = 120s (custom)
2019-09-25 07:05:20,913 [pool-27-thread-1] INFO  server.RaftServerConfigKeys (ConfUtils.java:logGet(43)) - raft.server.log.use.memory = false (default)
2019-09-25 07:05:20,913 [pool-27-thread-1] INFO  server.RaftServerConfigKeys (ConfUtils.java:logGet(43)) - raft.server.log.purge.gap = 1000000 (custom)
2019-09-25 07:05:20,913 [pool-27-thread-1] INFO  server.RaftServerConfigKeys (ConfUtils.java:logGet(43)) - raft.server.log.appender.buffer.byte-limit = 33554432 (custom)
2019-09-25 07:05:20,913 [pool-27-thread-1] INFO  server.RaftServerConfigKeys (ConfUtils.java:logGet(43)) - raft.server.log.segment.size.max = 1048576 (custom)
2019-09-25 07:05:20,913 [pool-27-thread-1] INFO  server.RaftServerConfigKeys (ConfUtils.java:logGet(43)) - raft.server.log.segment.cache.num.max = 2 (custom)
2019-09-25 07:05:20,913 [pool-27-thread-1] INFO  segmented.SegmentedRaftLogWorker (SegmentedRaftLogWorker.java:<init>(172)) - new e568d23f-199e-48ce-91e4-5c166e2e97cd@group-B61ACD894684-SegmentedRaftLogWorker for RaftStorage:Storage Directory /workdir/hadoop-ozone/integration-test/target/test-dir/MiniOzoneClusterImpl-39af9574-7a8b-4ed7-b830-bf686a3d4bb8/datanode-0/data/ratis/35a4f205-8e1a-4324-ae59-b61acd894684
2019-09-25 07:05:20,913 [pool-27-thread-1] INFO  server.RaftServerConfigKeys (ConfUtils.java:logGet(43)) - raft.server.log.queue.byte-limit = 2147483647 (custom)
2019-09-25 07:05:20,914 [pool-27-thread-1] INFO  server.RaftServerConfigKeys (ConfUtils.java:logGet(43)) - raft.server.log.queue.element-limit = 1024 (custom)
2019-09-25 07:05:20,914 [pool-27-thread-1] INFO  server.RaftServerConfigKeys (ConfUtils.java:logGet(43)) - raft.server.log.segment.size.max = 1048576 (custom)
2019-09-25 07:05:20,914 [pool-27-thread-1] INFO  server.RaftServerConfigKeys (ConfUtils.java:logGet(43)) - raft.server.log.preallocated.size = 16384 (custom)
2019-09-25 07:05:20,914 [pool-27-thread-1] INFO  server.RaftServerConfigKeys (ConfUtils.java:logGet(43)) - raft.server.log.write.buffer.size = 33554432 (custom)
2019-09-25 07:05:20,914 [pool-27-thread-1] INFO  server.RaftServerConfigKeys (ConfUtils.java:logGet(43)) - raft.server.log.force.sync.num = 128 (default)
2019-09-25 07:05:20,914 [pool-27-thread-1] INFO  server.RaftServerConfigKeys (ConfUtils.java:logGet(43)) - raft.server.log.statemachine.data.sync = true (default)
2019-09-25 07:05:20,914 [pool-27-thread-1] INFO  server.RaftServerConfigKeys (ConfUtils.java:logGet(43)) - raft.server.log.statemachine.data.sync.timeout = 10s (default)
2019-09-25 07:05:20,914 [pool-27-thread-1] INFO  server.RaftServerConfigKeys (ConfUtils.java:logGet(43)) - raft.server.log.statemachine.data.sync.timeout.retry = -1 (default)
2019-09-25 07:05:20,914 [pool-27-thread-1] INFO  server.RaftServerConfigKeys (ConfUtils.java:logGet(43)) - raft.server.log.statemachine.data.caching.enabled = true (custom)
2019-09-25 07:05:20,915 [pool-27-thread-1] INFO  segmented.SegmentedRaftLogWorker (SegmentedRaftLogWorker.java:lambda$new$0(132)) - e568d23f-199e-48ce-91e4-5c166e2e97cd@group-B61ACD894684-SegmentedRaftLogWorker: flushIndex: setUnconditionally 0 -> -1
2019-09-25 07:05:20,915 [pool-27-thread-1] INFO  server.RaftServerConfigKeys (ConfUtils.java:logGet(43)) - raft.server.snapshot.auto.trigger.enabled = true (custom)
2019-09-25 07:05:20,915 [pool-27-thread-1] INFO  server.RaftServerConfigKeys (ConfUtils.java:logGet(43)) - raft.server.snapshot.auto.trigger.threshold = 10000 (custom)
2019-09-25 07:05:20,915 [pool-27-thread-1] INFO  server.RaftServerConfigKeys (ConfUtils.java:logGet(43)) - raft.server.snapshot.retention.num.files = 5 (custom)
2019-09-25 07:05:20,915 [pool-27-thread-1] INFO  server.RaftServerConfigKeys (ConfUtils.java:logGet(43)) - raft.server.retrycache.expirytime = 600000ms (custom)
2019-09-25 07:05:20,916 [pool-27-thread-1] INFO  impl.RaftServerImpl (RaftServerImpl.java:start(185)) - e568d23f-199e-48ce-91e4-5c166e2e97cd@group-B61ACD894684: start as a follower, conf=-1: [e568d23f-199e-48ce-91e4-5c166e2e97cd:192.168.30.10:42827], old=null
2019-09-25 07:05:20,916 [pool-27-thread-1] INFO  impl.RaftServerImpl (RaftServerImpl.java:setRole(174)) - e568d23f-199e-48ce-91e4-5c166e2e97cd@group-B61ACD894684: changes role from      null to FOLLOWER at term 0 for startAsFollower
2019-09-25 07:05:20,916 [pool-27-thread-1] INFO  impl.RoleInfo (RoleInfo.java:updateAndGet(143)) - e568d23f-199e-48ce-91e4-5c166e2e97cd: start FollowerState
2019-09-25 07:05:20,917 [pool-27-thread-1] INFO  util.JmxRegister (JmxRegister.java:tryRegister(44)) - Successfully registered JMX Bean with object name Ratis:service=RaftServer,group=group-B61ACD894684,id=e568d23f-199e-48ce-91e4-5c166e2e97cd
2019-09-25 07:05:20,919 [RatisPipelineUtilsThread] INFO  pipeline.PipelineStateManager (PipelineStateManager.java:addPipeline(56)) - Created pipeline Pipeline[ Id: 35a4f205-8e1a-4324-ae59-b61acd894684, Nodes: e568d23f-199e-48ce-91e4-5c166e2e97cd{ip: 192.168.30.10, host: pr-hdds-1569-s62bp-3040748787, networkLocation: /default-rack, certSerialId: null}, Type:RATIS, Factor:ONE, State:OPEN]
2019-09-25 07:05:20,924 [grpc-default-executor-1] INFO  impl.RaftServerProxy (RaftServerProxy.java:addNew(89)) - e568d23f-199e-48ce-91e4-5c166e2e97cd: addNew group-9BAB3B77930E:[e568d23f-199e-48ce-91e4-5c166e2e97cd:192.168.30.10:42827] returns group-9BAB3B77930E:java.util.concurrent.CompletableFuture@19cc61c2[Not completed]
2019-09-25 07:05:20,924 [pool-27-thread-1] INFO  impl.RaftServerImpl (RaftServerImpl.java:<init>(95)) - e568d23f-199e-48ce-91e4-5c166e2e97cd: new RaftServerImpl for group-9BAB3B77930E:[e568d23f-199e-48ce-91e4-5c166e2e97cd:192.168.30.10:42827] with ContainerStateMachine:uninitialized
2019-09-25 07:05:20,924 [pool-27-thread-1] INFO  server.RaftServerConfigKeys (ConfUtils.java:logGet(43)) - raft.server.rpc.timeout.min = 5s (custom)
2019-09-25 07:05:20,925 [pool-27-thread-1] INFO  server.RaftServerConfigKeys (ConfUtils.java:logGet(43)) - raft.server.rpc.timeout.max = 5200ms (custom)
2019-09-25 07:05:20,925 [pool-27-thread-1] INFO  server.RaftServerConfigKeys (ConfUtils.java:logGet(43)) - raft.server.rpcslowness.timeout = 120s (custom)
2019-09-25 07:05:20,925 [pool-27-thread-1] INFO  server.RaftServerConfigKeys (ConfUtils.java:logGet(43)) - raft.server.sleep.deviation.threshold = 300 (default)
2019-09-25 07:05:20,925 [pool-27-thread-1] INFO  server.RaftServerConfigKeys (ConfUtils.java:logGet(43)) - raft.server.log.appender.install.snapshot.enabled = false (custom)
2019-09-25 07:05:20,925 [pool-27-thread-1] INFO  impl.RaftServerImpl (ServerState.java:<init>(103)) - e568d23f-199e-48ce-91e4-5c166e2e97cd@group-9BAB3B77930E: ConfigurationManager, init=-1: [e568d23f-199e-48ce-91e4-5c166e2e97cd:192.168.30.10:42827], old=null, confs=<EMPTY_MAP>
2019-09-25 07:05:20,925 [pool-27-thread-1] INFO  server.RaftServerConfigKeys (ConfUtils.java:logGet(43)) - raft.server.storage.dir = [/workdir/hadoop-ozone/integration-test/target/test-dir/MiniOzoneClusterImpl-39af9574-7a8b-4ed7-b830-bf686a3d4bb8/datanode-0/data/ratis] (custom)
2019-09-25 07:05:20,925 [pool-27-thread-1] INFO  storage.RaftStorageDirectory (RaftStorageDirectory.java:analyzeStorage(246)) - The storage directory /workdir/hadoop-ozone/integration-test/target/test-dir/MiniOzoneClusterImpl-39af9574-7a8b-4ed7-b830-bf686a3d4bb8/datanode-0/data/ratis/81fa08c5-5321-4d4f-a91a-9bab3b77930e does not exist. Creating ...
2019-09-25 07:05:20,937 [pool-27-thread-1] INFO  storage.RaftStorageDirectory (RaftStorageDirectory.java:tryLock(328)) - Lock on /workdir/hadoop-ozone/integration-test/target/test-dir/MiniOzoneClusterImpl-39af9574-7a8b-4ed7-b830-bf686a3d4bb8/datanode-0/data/ratis/81fa08c5-5321-4d4f-a91a-9bab3b77930e/in_use.lock acquired by nodename 19495@pr-hdds-1569-s62bp-3040748787
2019-09-25 07:05:20,938 [62ec8eb9-3ae9-4136-b70a-2caf3716fa7f@group-14CFC579332C-SegmentedRaftLogWorker] ERROR segmented.SegmentedRaftLogWorker (SegmentedRaftLogWorker.java:run(323)) - 62ec8eb9-3ae9-4136-b70a-2caf3716fa7f@group-14CFC579332C-SegmentedRaftLogWorker hit exception
java.lang.OutOfMemoryError: Direct buffer memory
	at java.nio.Bits.reserveMemory(Bits.java:666)
	at java.nio.DirectByteBuffer.<init>(DirectByteBuffer.java:123)
	at java.nio.ByteBuffer.allocateDirect(ByteBuffer.java:311)
	at org.apache.ratis.server.raftlog.segmented.BufferedWriteChannel.<init>(BufferedWriteChannel.java:41)
	at org.apache.ratis.server.raftlog.segmented.SegmentedRaftLogOutputStream.<init>(SegmentedRaftLogOutputStream.java:72)
	at org.apache.ratis.server.raftlog.segmented.SegmentedRaftLogWorker$StartLogSegment.execute(SegmentedRaftLogWorker.java:566)
	at org.apache.ratis.server.raftlog.segmented.SegmentedRaftLogWorker.run(SegmentedRaftLogWorker.java:289)
	at java.lang.Thread.run(Thread.java:748)
2019-09-25 07:05:20,942 [62ec8eb9-3ae9-4136-b70a-2caf3716fa7f@group-14CFC579332C-SegmentedRaftLogWorker] INFO  impl.RaftServerImpl (RaftServerImpl.java:lambda$shutdown$3(251)) - 62ec8eb9-3ae9-4136-b70a-2caf3716fa7f@group-14CFC579332C: shutdown
2019-09-25 07:05:20,938 [24bf2945-a329-4da6-aaf2-23ecd8d462c6@group-14CFC579332C-SegmentedRaftLogWorker] ERROR segmented.SegmentedRaftLogWorker (SegmentedRaftLogWorker.java:run(323)) - 24bf2945-a329-4da6-aaf2-23ecd8d462c6@group-14CFC579332C-SegmentedRaftLogWorker hit exception
java.lang.OutOfMemoryError: Direct buffer memory
	at java.nio.Bits.reserveMemory(Bits.java:666)
	at java.nio.DirectByteBuffer.<init>(DirectByteBuffer.java:123)
	at java.nio.ByteBuffer.allocateDirect(ByteBuffer.java:311)
	at org.apache.ratis.server.raftlog.segmented.BufferedWriteChannel.<init>(BufferedWriteChannel.java:41)
	at org.apache.ratis.server.raftlog.segmented.SegmentedRaftLogOutputStream.<init>(SegmentedRaftLogOutputStream.java:72)
	at org.apache.ratis.server.raftlog.segmented.SegmentedRaftLogWorker$StartLogSegment.execute(SegmentedRaftLogWorker.java:566)
	at org.apache.ratis.server.raftlog.segmented.SegmentedRaftLogWorker.run(SegmentedRaftLogWorker.java:289)
	at java.lang.Thread.run(Thread.java:748)
2019-09-25 07:05:20,942 [62ec8eb9-3ae9-4136-b70a-2caf3716fa7f@group-14CFC579332C-SegmentedRaftLogWorker] INFO  util.JmxRegister (JmxRegister.java:unregister(73)) - Successfully un-registered JMX Bean with object name Ratis:service=RaftServer,group=group-14CFC579332C,id=62ec8eb9-3ae9-4136-b70a-2caf3716fa7f
2019-09-25 07:05:20,942 [24bf2945-a329-4da6-aaf2-23ecd8d462c6@group-14CFC579332C-SegmentedRaftLogWorker] INFO  impl.RaftServerImpl (RaftServerImpl.java:lambda$shutdown$3(251)) - 24bf2945-a329-4da6-aaf2-23ecd8d462c6@group-14CFC579332C: shutdown
2019-09-25 07:05:20,943 [62ec8eb9-3ae9-4136-b70a-2caf3716fa7f@group-14CFC579332C-SegmentedRaftLogWorker] INFO  impl.RoleInfo (RoleInfo.java:shutdownFollowerState(121)) - 62ec8eb9-3ae9-4136-b70a-2caf3716fa7f: shutdown FollowerState
2019-09-25 07:05:20,943 [24bf2945-a329-4da6-aaf2-23ecd8d462c6@group-14CFC579332C-SegmentedRaftLogWorker] INFO  util.JmxRegister (JmxRegister.java:unregister(73)) - Successfully un-registered JMX Bean with object name Ratis:service=RaftServer,group=group-14CFC579332C,id=24bf2945-a329-4da6-aaf2-23ecd8d462c6
2019-09-25 07:05:20,943 [Thread-1024] INFO  impl.FollowerState (FollowerState.java:run(115)) - 62ec8eb9-3ae9-4136-b70a-2caf3716fa7f: FollowerState was interrupted: java.lang.InterruptedException: sleep interrupted
2019-09-25 07:05:20,943 [62ec8eb9-3ae9-4136-b70a-2caf3716fa7f@group-14CFC579332C-SegmentedRaftLogWorker] INFO  impl.StateMachineUpdater (StateMachineUpdater.java:stopAndJoin(125)) - 62ec8eb9-3ae9-4136-b70a-2caf3716fa7f@group-14CFC579332C-StateMachineUpdater: set stopIndex = -1
2019-09-25 07:05:20,943 [24bf2945-a329-4da6-aaf2-23ecd8d462c6@group-14CFC579332C-SegmentedRaftLogWorker] INFO  impl.RoleInfo (RoleInfo.java:shutdownFollowerState(121)) - 24bf2945-a329-4da6-aaf2-23ecd8d462c6: shutdown FollowerState
2019-09-25 07:05:20,943 [62ec8eb9-3ae9-4136-b70a-2caf3716fa7f@group-14CFC579332C-SegmentedRaftLogWorker] INFO  impl.RaftServerImpl (ServerState.java:close(385)) - 62ec8eb9-3ae9-4136-b70a-2caf3716fa7f@group-14CFC579332C: closes. applyIndex: -1
2019-09-25 07:05:20,944 [Thread-1031] INFO  impl.FollowerState (FollowerState.java:run(115)) - 24bf2945-a329-4da6-aaf2-23ecd8d462c6: FollowerState was interrupted: java.lang.InterruptedException: sleep interrupted
2019-09-25 07:05:20,943 [24bf2945-a329-4da6-aaf2-23ecd8d462c6@group-14CFC579332C-SegmentedRaftLogWorker] INFO  impl.StateMachineUpdater (StateMachineUpdater.java:stopAndJoin(125)) - 24bf2945-a329-4da6-aaf2-23ecd8d462c6@group-14CFC579332C-StateMachineUpdater: set stopIndex = -1
2019-09-25 07:05:20,944 [62ec8eb9-3ae9-4136-b70a-2caf3716fa7f@group-14CFC579332C-SegmentedRaftLogWorker] INFO  segmented.SegmentedRaftLogWorker (SegmentedRaftLogWorker.java:close(228)) - 62ec8eb9-3ae9-4136-b70a-2caf3716fa7f@group-14CFC579332C-SegmentedRaftLogWorker close()
2019-09-25 07:05:20,944 [24bf2945-a329-4da6-aaf2-23ecd8d462c6@group-14CFC579332C-SegmentedRaftLogWorker] INFO  impl.RaftServerImpl (ServerState.java:close(385)) - 24bf2945-a329-4da6-aaf2-23ecd8d462c6@group-14CFC579332C: closes. applyIndex: -1
2019-09-25 07:05:20,949 [24bf2945-a329-4da6-aaf2-23ecd8d462c6@group-14CFC579332C-SegmentedRaftLogWorker] INFO  segmented.SegmentedRaftLogWorker (SegmentedRaftLogWorker.java:close(228)) - 24bf2945-a329-4da6-aaf2-23ecd8d462c6@group-14CFC579332C-SegmentedRaftLogWorker close()
2019-09-25 07:05:20,954 [pool-27-thread-1] INFO  storage.RaftStorage (RaftStorage.java:format(72)) - Storage directory /workdir/hadoop-ozone/integration-test/target/test-dir/MiniOzoneClusterImpl-39af9574-7a8b-4ed7-b830-bf686a3d4bb8/datanode-0/data/ratis/81fa08c5-5321-4d4f-a91a-9bab3b77930e has been successfully formatted.
2019-09-25 07:05:20,955 [pool-27-thread-1] INFO  ratis.ContainerStateMachine (ContainerStateMachine.java:loadSnapshot(230)) - group-9BAB3B77930E: The snapshot info is null. Setting the last applied indexto:(t:0, i:~)
2019-09-25 07:05:20,955 [pool-27-thread-1] INFO  server.RaftServerConfigKeys (ConfUtils.java:logGet(43)) - raft.server.notification.no-leader.timeout = 120s (custom)
2019-09-25 07:05:20,955 [pool-27-thread-1] INFO  server.RaftServerConfigKeys (ConfUtils.java:logGet(43)) - raft.server.log.use.memory = false (default)
2019-09-25 07:05:20,955 [pool-27-thread-1] INFO  server.RaftServerConfigKeys (ConfUtils.java:logGet(43)) - raft.server.log.purge.gap = 1000000 (custom)
2019-09-25 07:05:20,955 [pool-27-thread-1] INFO  server.RaftServerConfigKeys (ConfUtils.java:logGet(43)) - raft.server.log.appender.buffer.byte-limit = 33554432 (custom)
2019-09-25 07:05:20,955 [pool-27-thread-1] INFO  server.RaftServerConfigKeys (ConfUtils.java:logGet(43)) - raft.server.log.segment.size.max = 1048576 (custom)
2019-09-25 07:05:20,955 [pool-27-thread-1] INFO  server.RaftServerConfigKeys (ConfUtils.java:logGet(43)) - raft.server.log.segment.cache.num.max = 2 (custom)
2019-09-25 07:05:20,956 [pool-27-thread-1] INFO  segmented.SegmentedRaftLogWorker (SegmentedRaftLogWorker.java:<init>(172)) - new e568d23f-199e-48ce-91e4-5c166e2e97cd@group-9BAB3B77930E-SegmentedRaftLogWorker for RaftStorage:Storage Directory /workdir/hadoop-ozone/integration-test/target/test-dir/MiniOzoneClusterImpl-39af9574-7a8b-4ed7-b830-bf686a3d4bb8/datanode-0/data/ratis/81fa08c5-5321-4d4f-a91a-9bab3b77930e
2019-09-25 07:05:20,956 [pool-27-thread-1] INFO  server.RaftServerConfigKeys (ConfUtils.java:logGet(43)) - raft.server.log.queue.byte-limit = 2147483647 (custom)
2019-09-25 07:05:20,956 [pool-27-thread-1] INFO  server.RaftServerConfigKeys (ConfUtils.java:logGet(43)) - raft.server.log.queue.element-limit = 1024 (custom)
2019-09-25 07:05:20,956 [pool-27-thread-1] INFO  server.RaftServerConfigKeys (ConfUtils.java:logGet(43)) - raft.server.log.segment.size.max = 1048576 (custom)
2019-09-25 07:05:20,956 [pool-27-thread-1] INFO  server.RaftServerConfigKeys (ConfUtils.java:logGet(43)) - raft.server.log.preallocated.size = 16384 (custom)
2019-09-25 07:05:20,956 [pool-27-thread-1] INFO  server.RaftServerConfigKeys (ConfUtils.java:logGet(43)) - raft.server.log.write.buffer.size = 33554432 (custom)
2019-09-25 07:05:20,956 [pool-27-thread-1] INFO  server.RaftServerConfigKeys (ConfUtils.java:logGet(43)) - raft.server.log.force.sync.num = 128 (default)
2019-09-25 07:05:20,956 [pool-27-thread-1] INFO  server.RaftServerConfigKeys (ConfUtils.java:logGet(43)) - raft.server.log.statemachine.data.sync = true (default)
2019-09-25 07:05:20,956 [pool-27-thread-1] INFO  server.RaftServerConfigKeys (ConfUtils.java:logGet(43)) - raft.server.log.statemachine.data.sync.timeout = 10s (default)
2019-09-25 07:05:20,956 [pool-27-thread-1] INFO  server.RaftServerConfigKeys (ConfUtils.java:logGet(43)) - raft.server.log.statemachine.data.sync.timeout.retry = -1 (default)
2019-09-25 07:05:20,956 [pool-27-thread-1] INFO  server.RaftServerConfigKeys (ConfUtils.java:logGet(43)) - raft.server.log.statemachine.data.caching.enabled = true (custom)
2019-09-25 07:05:20,957 [pool-27-thread-1] INFO  segmented.SegmentedRaftLogWorker (SegmentedRaftLogWorker.java:lambda$new$0(132)) - e568d23f-199e-48ce-91e4-5c166e2e97cd@group-9BAB3B77930E-SegmentedRaftLogWorker: flushIndex: setUnconditionally 0 -> -1
2019-09-25 07:05:20,957 [pool-27-thread-1] INFO  server.RaftServerConfigKeys (ConfUtils.java:logGet(43)) - raft.server.snapshot.auto.trigger.enabled = true (custom)
2019-09-25 07:05:20,957 [pool-27-thread-1] INFO  server.RaftServerConfigKeys (ConfUtils.java:logGet(43)) - raft.server.snapshot.auto.trigger.threshold = 10000 (custom)
2019-09-25 07:05:20,957 [pool-27-thread-1] INFO  server.RaftServerConfigKeys (ConfUtils.java:logGet(43)) - raft.server.snapshot.retention.num.files = 5 (custom)
2019-09-25 07:05:20,957 [pool-27-thread-1] INFO  server.RaftServerConfigKeys (ConfUtils.java:logGet(43)) - raft.server.retrycache.expirytime = 600000ms (custom)
2019-09-25 07:05:20,959 [pool-27-thread-1] INFO  impl.RaftServerImpl (RaftServerImpl.java:start(185)) - e568d23f-199e-48ce-91e4-5c166e2e97cd@group-9BAB3B77930E: start as a follower, conf=-1: [e568d23f-199e-48ce-91e4-5c166e2e97cd:192.168.30.10:42827], old=null
2019-09-25 07:05:20,959 [pool-27-thread-1] INFO  impl.RaftServerImpl (RaftServerImpl.java:setRole(174)) - e568d23f-199e-48ce-91e4-5c166e2e97cd@group-9BAB3B77930E: changes role from      null to FOLLOWER at term 0 for startAsFollower
2019-09-25 07:05:20,959 [pool-27-thread-1] INFO  impl.RoleInfo (RoleInfo.java:updateAndGet(143)) - e568d23f-199e-48ce-91e4-5c166e2e97cd: start FollowerState
2019-09-25 07:05:20,959 [pool-27-thread-1] INFO  util.JmxRegister (JmxRegister.java:tryRegister(44)) - Successfully registered JMX Bean with object name Ratis:service=RaftServer,group=group-9BAB3B77930E,id=e568d23f-199e-48ce-91e4-5c166e2e97cd
2019-09-25 07:05:20,961 [RatisPipelineUtilsThread] INFO  pipeline.PipelineStateManager (PipelineStateManager.java:addPipeline(56)) - Created pipeline Pipeline[ Id: 81fa08c5-5321-4d4f-a91a-9bab3b77930e, Nodes: e568d23f-199e-48ce-91e4-5c166e2e97cd{ip: 192.168.30.10, host: pr-hdds-1569-s62bp-3040748787, networkLocation: /default-rack, certSerialId: null}, Type:RATIS, Factor:ONE, State:OPEN]
2019-09-25 07:05:20,966 [grpc-default-executor-1] INFO  impl.RaftServerProxy (RaftServerProxy.java:addNew(89)) - 62ec8eb9-3ae9-4136-b70a-2caf3716fa7f: addNew group-A8CA819BC8FC:[62ec8eb9-3ae9-4136-b70a-2caf3716fa7f:192.168.30.10:44715] returns group-A8CA819BC8FC:java.util.concurrent.CompletableFuture@4bf970ae[Not completed]
2019-09-25 07:05:20,966 [pool-37-thread-1] INFO  impl.RaftServerImpl (RaftServerImpl.java:<init>(95)) - 62ec8eb9-3ae9-4136-b70a-2caf3716fa7f: new RaftServerImpl for group-A8CA819BC8FC:[62ec8eb9-3ae9-4136-b70a-2caf3716fa7f:192.168.30.10:44715] with ContainerStateMachine:uninitialized
2019-09-25 07:05:20,966 [pool-37-thread-1] INFO  server.RaftServerConfigKeys (ConfUtils.java:logGet(43)) - raft.server.rpc.timeout.min = 5s (custom)
2019-09-25 07:05:20,966 [pool-37-thread-1] INFO  server.RaftServerConfigKeys (ConfUtils.java:logGet(43)) - raft.server.rpc.timeout.max = 5200ms (custom)
2019-09-25 07:05:20,966 [pool-37-thread-1] INFO  server.RaftServerConfigKeys (ConfUtils.java:logGet(43)) - raft.server.rpcslowness.timeout = 120s (custom)
2019-09-25 07:05:20,967 [pool-37-thread-1] INFO  server.RaftServerConfigKeys (ConfUtils.java:logGet(43)) - raft.server.sleep.deviation.threshold = 300 (default)
2019-09-25 07:05:20,967 [pool-37-thread-1] INFO  server.RaftServerConfigKeys (ConfUtils.java:logGet(43)) - raft.server.log.appender.install.snapshot.enabled = false (custom)
2019-09-25 07:05:20,967 [pool-37-thread-1] INFO  impl.RaftServerImpl (ServerState.java:<init>(103)) - 62ec8eb9-3ae9-4136-b70a-2caf3716fa7f@group-A8CA819BC8FC: ConfigurationManager, init=-1: [62ec8eb9-3ae9-4136-b70a-2caf3716fa7f:192.168.30.10:44715], old=null, confs=<EMPTY_MAP>
2019-09-25 07:05:20,967 [pool-37-thread-1] INFO  server.RaftServerConfigKeys (ConfUtils.java:logGet(43)) - raft.server.storage.dir = [/workdir/hadoop-ozone/integration-test/target/test-dir/MiniOzoneClusterImpl-39af9574-7a8b-4ed7-b830-bf686a3d4bb8/datanode-1/data/ratis] (custom)
2019-09-25 07:05:20,967 [pool-37-thread-1] INFO  storage.RaftStorageDirectory (RaftStorageDirectory.java:analyzeStorage(246)) - The storage directory /workdir/hadoop-ozone/integration-test/target/test-dir/MiniOzoneClusterImpl-39af9574-7a8b-4ed7-b830-bf686a3d4bb8/datanode-1/data/ratis/be8dfb6e-1ec7-4f43-9a83-a8ca819bc8fc does not exist. Creating ...
2019-09-25 07:05:20,980 [pool-37-thread-1] INFO  storage.RaftStorageDirectory (RaftStorageDirectory.java:tryLock(328)) - Lock on /workdir/hadoop-ozone/integration-test/target/test-dir/MiniOzoneClusterImpl-39af9574-7a8b-4ed7-b830-bf686a3d4bb8/datanode-1/data/ratis/be8dfb6e-1ec7-4f43-9a83-a8ca819bc8fc/in_use.lock acquired by nodename 19495@pr-hdds-1569-s62bp-3040748787
2019-09-25 07:05:20,992 [pool-37-thread-1] INFO  storage.RaftStorage (RaftStorage.java:format(72)) - Storage directory /workdir/hadoop-ozone/integration-test/target/test-dir/MiniOzoneClusterImpl-39af9574-7a8b-4ed7-b830-bf686a3d4bb8/datanode-1/data/ratis/be8dfb6e-1ec7-4f43-9a83-a8ca819bc8fc has been successfully formatted.
2019-09-25 07:05:20,992 [pool-37-thread-1] INFO  ratis.ContainerStateMachine (ContainerStateMachine.java:loadSnapshot(230)) - group-A8CA819BC8FC: The snapshot info is null. Setting the last applied indexto:(t:0, i:~)
2019-09-25 07:05:20,992 [pool-37-thread-1] INFO  server.RaftServerConfigKeys (ConfUtils.java:logGet(43)) - raft.server.notification.no-leader.timeout = 120s (custom)
2019-09-25 07:05:20,993 [pool-37-thread-1] INFO  server.RaftServerConfigKeys (ConfUtils.java:logGet(43)) - raft.server.log.use.memory = false (default)
2019-09-25 07:05:20,993 [pool-37-thread-1] INFO  server.RaftServerConfigKeys (ConfUtils.java:logGet(43)) - raft.server.log.purge.gap = 1000000 (custom)
2019-09-25 07:05:20,993 [pool-37-thread-1] INFO  server.RaftServerConfigKeys (ConfUtils.java:logGet(43)) - raft.server.log.appender.buffer.byte-limit = 33554432 (custom)
2019-09-25 07:05:20,993 [pool-37-thread-1] INFO  server.RaftServerConfigKeys (ConfUtils.java:logGet(43)) - raft.server.log.segment.size.max = 1048576 (custom)
2019-09-25 07:05:20,993 [pool-37-thread-1] INFO  server.RaftServerConfigKeys (ConfUtils.java:logGet(43)) - raft.server.log.segment.cache.num.max = 2 (custom)
2019-09-25 07:05:20,993 [pool-37-thread-1] INFO  segmented.SegmentedRaftLogWorker (SegmentedRaftLogWorker.java:<init>(172)) - new 62ec8eb9-3ae9-4136-b70a-2caf3716fa7f@group-A8CA819BC8FC-SegmentedRaftLogWorker for RaftStorage:Storage Directory /workdir/hadoop-ozone/integration-test/target/test-dir/MiniOzoneClusterImpl-39af9574-7a8b-4ed7-b830-bf686a3d4bb8/datanode-1/data/ratis/be8dfb6e-1ec7-4f43-9a83-a8ca819bc8fc
2019-09-25 07:05:20,993 [pool-37-thread-1] INFO  server.RaftServerConfigKeys (ConfUtils.java:logGet(43)) - raft.server.log.queue.byte-limit = 2147483647 (custom)
2019-09-25 07:05:20,993 [pool-37-thread-1] INFO  server.RaftServerConfigKeys (ConfUtils.java:logGet(43)) - raft.server.log.queue.element-limit = 1024 (custom)
2019-09-25 07:05:20,993 [pool-37-thread-1] INFO  server.RaftServerConfigKeys (ConfUtils.java:logGet(43)) - raft.server.log.segment.size.max = 1048576 (custom)
2019-09-25 07:05:20,994 [pool-37-thread-1] INFO  server.RaftServerConfigKeys (ConfUtils.java:logGet(43)) - raft.server.log.preallocated.size = 16384 (custom)
2019-09-25 07:05:20,994 [pool-37-thread-1] INFO  server.RaftServerConfigKeys (ConfUtils.java:logGet(43)) - raft.server.log.write.buffer.size = 33554432 (custom)
2019-09-25 07:05:20,994 [pool-37-thread-1] INFO  server.RaftServerConfigKeys (ConfUtils.java:logGet(43)) - raft.server.log.force.sync.num = 128 (default)
2019-09-25 07:05:20,994 [pool-37-thread-1] INFO  server.RaftServerConfigKeys (ConfUtils.java:logGet(43)) - raft.server.log.statemachine.data.sync = true (default)
2019-09-25 07:05:20,994 [pool-37-thread-1] INFO  server.RaftServerConfigKeys (ConfUtils.java:logGet(43)) - raft.server.log.statemachine.data.sync.timeout = 10s (default)
2019-09-25 07:05:20,994 [pool-37-thread-1] INFO  server.RaftServerConfigKeys (ConfUtils.java:logGet(43)) - raft.server.log.statemachine.data.sync.timeout.retry = -1 (default)
2019-09-25 07:05:20,994 [pool-37-thread-1] INFO  server.RaftServerConfigKeys (ConfUtils.java:logGet(43)) - raft.server.log.statemachine.data.caching.enabled = true (custom)
2019-09-25 07:05:20,994 [pool-37-thread-1] INFO  segmented.SegmentedRaftLogWorker (SegmentedRaftLogWorker.java:lambda$new$0(132)) - 62ec8eb9-3ae9-4136-b70a-2caf3716fa7f@group-A8CA819BC8FC-SegmentedRaftLogWorker: flushIndex: setUnconditionally 0 -> -1
2019-09-25 07:05:20,995 [pool-37-thread-1] INFO  server.RaftServerConfigKeys (ConfUtils.java:logGet(43)) - raft.server.snapshot.auto.trigger.enabled = true (custom)
2019-09-25 07:05:20,995 [pool-37-thread-1] INFO  server.RaftServerConfigKeys (ConfUtils.java:logGet(43)) - raft.server.snapshot.auto.trigger.threshold = 10000 (custom)
2019-09-25 07:05:20,995 [pool-37-thread-1] INFO  server.RaftServerConfigKeys (ConfUtils.java:logGet(43)) - raft.server.snapshot.retention.num.files = 5 (custom)
2019-09-25 07:05:20,995 [pool-37-thread-1] INFO  server.RaftServerConfigKeys (ConfUtils.java:logGet(43)) - raft.server.retrycache.expirytime = 600000ms (custom)
2019-09-25 07:05:20,996 [pool-37-thread-1] INFO  impl.RaftServerImpl (RaftServerImpl.java:start(185)) - 62ec8eb9-3ae9-4136-b70a-2caf3716fa7f@group-A8CA819BC8FC: start as a follower, conf=-1: [62ec8eb9-3ae9-4136-b70a-2caf3716fa7f:192.168.30.10:44715], old=null
2019-09-25 07:05:20,997 [pool-37-thread-1] INFO  impl.RaftServerImpl (RaftServerImpl.java:setRole(174)) - 62ec8eb9-3ae9-4136-b70a-2caf3716fa7f@group-A8CA819BC8FC: changes role from      null to FOLLOWER at term 0 for startAsFollower
2019-09-25 07:05:20,997 [pool-37-thread-1] INFO  impl.RoleInfo (RoleInfo.java:updateAndGet(143)) - 62ec8eb9-3ae9-4136-b70a-2caf3716fa7f: start FollowerState
2019-09-25 07:05:20,997 [pool-37-thread-1] INFO  util.JmxRegister (JmxRegister.java:tryRegister(44)) - Successfully registered JMX Bean with object name Ratis:service=RaftServer,group=group-A8CA819BC8FC,id=62ec8eb9-3ae9-4136-b70a-2caf3716fa7f
2019-09-25 07:05:20,999 [RatisPipelineUtilsThread] INFO  pipeline.PipelineStateManager (PipelineStateManager.java:addPipeline(56)) - Created pipeline Pipeline[ Id: be8dfb6e-1ec7-4f43-9a83-a8ca819bc8fc, Nodes: 62ec8eb9-3ae9-4136-b70a-2caf3716fa7f{ip: 192.168.30.10, host: pr-hdds-1569-s62bp-3040748787, networkLocation: /default-rack, certSerialId: null}, Type:RATIS, Factor:ONE, State:OPEN]
2019-09-25 07:05:21,003 [grpc-default-executor-1] INFO  impl.RaftServerProxy (RaftServerProxy.java:addNew(89)) - 62ec8eb9-3ae9-4136-b70a-2caf3716fa7f: addNew group-868C17D74389:[62ec8eb9-3ae9-4136-b70a-2caf3716fa7f:192.168.30.10:44715] returns group-868C17D74389:java.util.concurrent.CompletableFuture@6901ea75[Not completed]
2019-09-25 07:05:21,003 [pool-37-thread-1] INFO  impl.RaftServerImpl (RaftServerImpl.java:<init>(95)) - 62ec8eb9-3ae9-4136-b70a-2caf3716fa7f: new RaftServerImpl for group-868C17D74389:[62ec8eb9-3ae9-4136-b70a-2caf3716fa7f:192.168.30.10:44715] with ContainerStateMachine:uninitialized
2019-09-25 07:05:21,004 [pool-37-thread-1] INFO  server.RaftServerConfigKeys (ConfUtils.java:logGet(43)) - raft.server.rpc.timeout.min = 5s (custom)
2019-09-25 07:05:21,004 [pool-37-thread-1] INFO  server.RaftServerConfigKeys (ConfUtils.java:logGet(43)) - raft.server.rpc.timeout.max = 5200ms (custom)
2019-09-25 07:05:21,004 [pool-37-thread-1] INFO  server.RaftServerConfigKeys (ConfUtils.java:logGet(43)) - raft.server.rpcslowness.timeout = 120s (custom)
2019-09-25 07:05:21,004 [pool-37-thread-1] INFO  server.RaftServerConfigKeys (ConfUtils.java:logGet(43)) - raft.server.sleep.deviation.threshold = 300 (default)
2019-09-25 07:05:21,004 [pool-37-thread-1] INFO  server.RaftServerConfigKeys (ConfUtils.java:logGet(43)) - raft.server.log.appender.install.snapshot.enabled = false (custom)
2019-09-25 07:05:21,004 [pool-37-thread-1] INFO  impl.RaftServerImpl (ServerState.java:<init>(103)) - 62ec8eb9-3ae9-4136-b70a-2caf3716fa7f@group-868C17D74389: ConfigurationManager, init=-1: [62ec8eb9-3ae9-4136-b70a-2caf3716fa7f:192.168.30.10:44715], old=null, confs=<EMPTY_MAP>
2019-09-25 07:05:21,004 [pool-37-thread-1] INFO  server.RaftServerConfigKeys (ConfUtils.java:logGet(43)) - raft.server.storage.dir = [/workdir/hadoop-ozone/integration-test/target/test-dir/MiniOzoneClusterImpl-39af9574-7a8b-4ed7-b830-bf686a3d4bb8/datanode-1/data/ratis] (custom)
2019-09-25 07:05:21,005 [pool-37-thread-1] INFO  storage.RaftStorageDirectory (RaftStorageDirectory.java:analyzeStorage(246)) - The storage directory /workdir/hadoop-ozone/integration-test/target/test-dir/MiniOzoneClusterImpl-39af9574-7a8b-4ed7-b830-bf686a3d4bb8/datanode-1/data/ratis/e72d57f0-0b18-4fbe-908a-868c17d74389 does not exist. Creating ...
2019-09-25 07:05:21,018 [pool-37-thread-1] INFO  storage.RaftStorageDirectory (RaftStorageDirectory.java:tryLock(328)) - Lock on /workdir/hadoop-ozone/integration-test/target/test-dir/MiniOzoneClusterImpl-39af9574-7a8b-4ed7-b830-bf686a3d4bb8/datanode-1/data/ratis/e72d57f0-0b18-4fbe-908a-868c17d74389/in_use.lock acquired by nodename 19495@pr-hdds-1569-s62bp-3040748787
2019-09-25 07:05:21,031 [pool-37-thread-1] INFO  storage.RaftStorage (RaftStorage.java:format(72)) - Storage directory /workdir/hadoop-ozone/integration-test/target/test-dir/MiniOzoneClusterImpl-39af9574-7a8b-4ed7-b830-bf686a3d4bb8/datanode-1/data/ratis/e72d57f0-0b18-4fbe-908a-868c17d74389 has been successfully formatted.
2019-09-25 07:05:21,031 [pool-37-thread-1] INFO  ratis.ContainerStateMachine (ContainerStateMachine.java:loadSnapshot(230)) - group-868C17D74389: The snapshot info is null. Setting the last applied indexto:(t:0, i:~)
2019-09-25 07:05:21,031 [pool-37-thread-1] INFO  server.RaftServerConfigKeys (ConfUtils.java:logGet(43)) - raft.server.notification.no-leader.timeout = 120s (custom)
2019-09-25 07:05:21,031 [pool-37-thread-1] INFO  server.RaftServerConfigKeys (ConfUtils.java:logGet(43)) - raft.server.log.use.memory = false (default)
2019-09-25 07:05:21,031 [pool-37-thread-1] INFO  server.RaftServerConfigKeys (ConfUtils.java:logGet(43)) - raft.server.log.purge.gap = 1000000 (custom)
2019-09-25 07:05:21,031 [pool-37-thread-1] INFO  server.RaftServerConfigKeys (ConfUtils.java:logGet(43)) - raft.server.log.appender.buffer.byte-limit = 33554432 (custom)
2019-09-25 07:05:21,031 [pool-37-thread-1] INFO  server.RaftServerConfigKeys (ConfUtils.java:logGet(43)) - raft.server.log.segment.size.max = 1048576 (custom)
2019-09-25 07:05:21,031 [pool-37-thread-1] INFO  server.RaftServerConfigKeys (ConfUtils.java:logGet(43)) - raft.server.log.segment.cache.num.max = 2 (custom)
2019-09-25 07:05:21,032 [pool-37-thread-1] INFO  segmented.SegmentedRaftLogWorker (SegmentedRaftLogWorker.java:<init>(172)) - new 62ec8eb9-3ae9-4136-b70a-2caf3716fa7f@group-868C17D74389-SegmentedRaftLogWorker for RaftStorage:Storage Directory /workdir/hadoop-ozone/integration-test/target/test-dir/MiniOzoneClusterImpl-39af9574-7a8b-4ed7-b830-bf686a3d4bb8/datanode-1/data/ratis/e72d57f0-0b18-4fbe-908a-868c17d74389
2019-09-25 07:05:21,032 [pool-37-thread-1] INFO  server.RaftServerConfigKeys (ConfUtils.java:logGet(43)) - raft.server.log.queue.byte-limit = 2147483647 (custom)
2019-09-25 07:05:21,032 [pool-37-thread-1] INFO  server.RaftServerConfigKeys (ConfUtils.java:logGet(43)) - raft.server.log.queue.element-limit = 1024 (custom)
2019-09-25 07:05:21,032 [pool-37-thread-1] INFO  server.RaftServerConfigKeys (ConfUtils.java:logGet(43)) - raft.server.log.segment.size.max = 1048576 (custom)
2019-09-25 07:05:21,032 [pool-37-thread-1] INFO  server.RaftServerConfigKeys (ConfUtils.java:logGet(43)) - raft.server.log.preallocated.size = 16384 (custom)
2019-09-25 07:05:21,032 [pool-37-thread-1] INFO  server.RaftServerConfigKeys (ConfUtils.java:logGet(43)) - raft.server.log.write.buffer.size = 33554432 (custom)
2019-09-25 07:05:21,032 [pool-37-thread-1] INFO  server.RaftServerConfigKeys (ConfUtils.java:logGet(43)) - raft.server.log.force.sync.num = 128 (default)
2019-09-25 07:05:21,032 [pool-37-thread-1] INFO  server.RaftServerConfigKeys (ConfUtils.java:logGet(43)) - raft.server.log.statemachine.data.sync = true (default)
2019-09-25 07:05:21,032 [pool-37-thread-1] INFO  server.RaftServerConfigKeys (ConfUtils.java:logGet(43)) - raft.server.log.statemachine.data.sync.timeout = 10s (default)
2019-09-25 07:05:21,032 [pool-37-thread-1] INFO  server.RaftServerConfigKeys (ConfUtils.java:logGet(43)) - raft.server.log.statemachine.data.sync.timeout.retry = -1 (default)
2019-09-25 07:05:21,033 [pool-37-thread-1] INFO  server.RaftServerConfigKeys (ConfUtils.java:logGet(43)) - raft.server.log.statemachine.data.caching.enabled = true (custom)
2019-09-25 07:05:21,033 [pool-37-thread-1] INFO  segmented.SegmentedRaftLogWorker (SegmentedRaftLogWorker.java:lambda$new$0(132)) - 62ec8eb9-3ae9-4136-b70a-2caf3716fa7f@group-868C17D74389-SegmentedRaftLogWorker: flushIndex: setUnconditionally 0 -> -1
2019-09-25 07:05:21,033 [pool-37-thread-1] INFO  server.RaftServerConfigKeys (ConfUtils.java:logGet(43)) - raft.server.snapshot.auto.trigger.enabled = true (custom)
2019-09-25 07:05:21,033 [pool-37-thread-1] INFO  server.RaftServerConfigKeys (ConfUtils.java:logGet(43)) - raft.server.snapshot.auto.trigger.threshold = 10000 (custom)
2019-09-25 07:05:21,033 [pool-37-thread-1] INFO  server.RaftServerConfigKeys (ConfUtils.java:logGet(43)) - raft.server.snapshot.retention.num.files = 5 (custom)
2019-09-25 07:05:21,033 [pool-37-thread-1] INFO  server.RaftServerConfigKeys (ConfUtils.java:logGet(43)) - raft.server.retrycache.expirytime = 600000ms (custom)
2019-09-25 07:05:21,035 [pool-37-thread-1] INFO  impl.RaftServerImpl (RaftServerImpl.java:start(185)) - 62ec8eb9-3ae9-4136-b70a-2caf3716fa7f@group-868C17D74389: start as a follower, conf=-1: [62ec8eb9-3ae9-4136-b70a-2caf3716fa7f:192.168.30.10:44715], old=null
2019-09-25 07:05:21,035 [pool-37-thread-1] INFO  impl.RaftServerImpl (RaftServerImpl.java:setRole(174)) - 62ec8eb9-3ae9-4136-b70a-2caf3716fa7f@group-868C17D74389: changes role from      null to FOLLOWER at term 0 for startAsFollower
2019-09-25 07:05:21,035 [pool-37-thread-1] INFO  impl.RoleInfo (RoleInfo.java:updateAndGet(143)) - 62ec8eb9-3ae9-4136-b70a-2caf3716fa7f: start FollowerState
2019-09-25 07:05:21,035 [pool-37-thread-1] INFO  util.JmxRegister (JmxRegister.java:tryRegister(44)) - Successfully registered JMX Bean with object name Ratis:service=RaftServer,group=group-868C17D74389,id=62ec8eb9-3ae9-4136-b70a-2caf3716fa7f
2019-09-25 07:05:21,037 [RatisPipelineUtilsThread] INFO  pipeline.PipelineStateManager (PipelineStateManager.java:addPipeline(56)) - Created pipeline Pipeline[ Id: e72d57f0-0b18-4fbe-908a-868c17d74389, Nodes: 62ec8eb9-3ae9-4136-b70a-2caf3716fa7f{ip: 192.168.30.10, host: pr-hdds-1569-s62bp-3040748787, networkLocation: /default-rack, certSerialId: null}, Type:RATIS, Factor:ONE, State:OPEN]
2019-09-25 07:05:21,042 [grpc-default-executor-1] INFO  impl.RaftServerProxy (RaftServerProxy.java:addNew(89)) - 62ec8eb9-3ae9-4136-b70a-2caf3716fa7f: addNew group-48D9C82912D2:[62ec8eb9-3ae9-4136-b70a-2caf3716fa7f:192.168.30.10:44715] returns group-48D9C82912D2:java.util.concurrent.CompletableFuture@585356d8[Not completed]
2019-09-25 07:05:21,043 [pool-37-thread-1] INFO  impl.RaftServerImpl (RaftServerImpl.java:<init>(95)) - 62ec8eb9-3ae9-4136-b70a-2caf3716fa7f: new RaftServerImpl for group-48D9C82912D2:[62ec8eb9-3ae9-4136-b70a-2caf3716fa7f:192.168.30.10:44715] with ContainerStateMachine:uninitialized
2019-09-25 07:05:21,043 [pool-37-thread-1] INFO  server.RaftServerConfigKeys (ConfUtils.java:logGet(43)) - raft.server.rpc.timeout.min = 5s (custom)
2019-09-25 07:05:21,043 [pool-37-thread-1] INFO  server.RaftServerConfigKeys (ConfUtils.java:logGet(43)) - raft.server.rpc.timeout.max = 5200ms (custom)
2019-09-25 07:05:21,043 [pool-37-thread-1] INFO  server.RaftServerConfigKeys (ConfUtils.java:logGet(43)) - raft.server.rpcslowness.timeout = 120s (custom)
2019-09-25 07:05:21,043 [pool-37-thread-1] INFO  server.RaftServerConfigKeys (ConfUtils.java:logGet(43)) - raft.server.sleep.deviation.threshold = 300 (default)
2019-09-25 07:05:21,043 [pool-37-thread-1] INFO  server.RaftServerConfigKeys (ConfUtils.java:logGet(43)) - raft.server.log.appender.install.snapshot.enabled = false (custom)
2019-09-25 07:05:21,043 [pool-37-thread-1] INFO  impl.RaftServerImpl (ServerState.java:<init>(103)) - 62ec8eb9-3ae9-4136-b70a-2caf3716fa7f@group-48D9C82912D2: ConfigurationManager, init=-1: [62ec8eb9-3ae9-4136-b70a-2caf3716fa7f:192.168.30.10:44715], old=null, confs=<EMPTY_MAP>
2019-09-25 07:05:21,043 [pool-37-thread-1] INFO  server.RaftServerConfigKeys (ConfUtils.java:logGet(43)) - raft.server.storage.dir = [/workdir/hadoop-ozone/integration-test/target/test-dir/MiniOzoneClusterImpl-39af9574-7a8b-4ed7-b830-bf686a3d4bb8/datanode-1/data/ratis] (custom)
2019-09-25 07:05:21,043 [pool-37-thread-1] INFO  storage.RaftStorageDirectory (RaftStorageDirectory.java:analyzeStorage(246)) - The storage directory /workdir/hadoop-ozone/integration-test/target/test-dir/MiniOzoneClusterImpl-39af9574-7a8b-4ed7-b830-bf686a3d4bb8/datanode-1/data/ratis/dc7bc3a2-52ea-4cd9-b851-48d9c82912d2 does not exist. Creating ...
2019-09-25 07:05:21,056 [pool-37-thread-1] INFO  storage.RaftStorageDirectory (RaftStorageDirectory.java:tryLock(328)) - Lock on /workdir/hadoop-ozone/integration-test/target/test-dir/MiniOzoneClusterImpl-39af9574-7a8b-4ed7-b830-bf686a3d4bb8/datanode-1/data/ratis/dc7bc3a2-52ea-4cd9-b851-48d9c82912d2/in_use.lock acquired by nodename 19495@pr-hdds-1569-s62bp-3040748787
2019-09-25 07:05:21,068 [pool-37-thread-1] INFO  storage.RaftStorage (RaftStorage.java:format(72)) - Storage directory /workdir/hadoop-ozone/integration-test/target/test-dir/MiniOzoneClusterImpl-39af9574-7a8b-4ed7-b830-bf686a3d4bb8/datanode-1/data/ratis/dc7bc3a2-52ea-4cd9-b851-48d9c82912d2 has been successfully formatted.
2019-09-25 07:05:21,069 [pool-37-thread-1] INFO  ratis.ContainerStateMachine (ContainerStateMachine.java:loadSnapshot(230)) - group-48D9C82912D2: The snapshot info is null. Setting the last applied indexto:(t:0, i:~)
2019-09-25 07:05:21,069 [pool-37-thread-1] INFO  server.RaftServerConfigKeys (ConfUtils.java:logGet(43)) - raft.server.notification.no-leader.timeout = 120s (custom)
2019-09-25 07:05:21,069 [pool-37-thread-1] INFO  server.RaftServerConfigKeys (ConfUtils.java:logGet(43)) - raft.server.log.use.memory = false (default)
2019-09-25 07:05:21,069 [pool-37-thread-1] INFO  server.RaftServerConfigKeys (ConfUtils.java:logGet(43)) - raft.server.log.purge.gap = 1000000 (custom)
2019-09-25 07:05:21,069 [pool-37-thread-1] INFO  server.RaftServerConfigKeys (ConfUtils.java:logGet(43)) - raft.server.log.appender.buffer.byte-limit = 33554432 (custom)
2019-09-25 07:05:21,069 [pool-37-thread-1] INFO  server.RaftServerConfigKeys (ConfUtils.java:logGet(43)) - raft.server.log.segment.size.max = 1048576 (custom)
2019-09-25 07:05:21,069 [pool-37-thread-1] INFO  server.RaftServerConfigKeys (ConfUtils.java:logGet(43)) - raft.server.log.segment.cache.num.max = 2 (custom)
2019-09-25 07:05:21,069 [pool-37-thread-1] INFO  segmented.SegmentedRaftLogWorker (SegmentedRaftLogWorker.java:<init>(172)) - new 62ec8eb9-3ae9-4136-b70a-2caf3716fa7f@group-48D9C82912D2-SegmentedRaftLogWorker for RaftStorage:Storage Directory /workdir/hadoop-ozone/integration-test/target/test-dir/MiniOzoneClusterImpl-39af9574-7a8b-4ed7-b830-bf686a3d4bb8/datanode-1/data/ratis/dc7bc3a2-52ea-4cd9-b851-48d9c82912d2
2019-09-25 07:05:21,069 [pool-37-thread-1] INFO  server.RaftServerConfigKeys (ConfUtils.java:logGet(43)) - raft.server.log.queue.byte-limit = 2147483647 (custom)
2019-09-25 07:05:21,069 [pool-37-thread-1] INFO  server.RaftServerConfigKeys (ConfUtils.java:logGet(43)) - raft.server.log.queue.element-limit = 1024 (custom)
2019-09-25 07:05:21,069 [pool-37-thread-1] INFO  server.RaftServerConfigKeys (ConfUtils.java:logGet(43)) - raft.server.log.segment.size.max = 1048576 (custom)
2019-09-25 07:05:21,069 [pool-37-thread-1] INFO  server.RaftServerConfigKeys (ConfUtils.java:logGet(43)) - raft.server.log.preallocated.size = 16384 (custom)
2019-09-25 07:05:21,070 [pool-37-thread-1] INFO  server.RaftServerConfigKeys (ConfUtils.java:logGet(43)) - raft.server.log.write.buffer.size = 33554432 (custom)
2019-09-25 07:05:21,070 [pool-37-thread-1] INFO  server.RaftServerConfigKeys (ConfUtils.java:logGet(43)) - raft.server.log.force.sync.num = 128 (default)
2019-09-25 07:05:21,070 [pool-37-thread-1] INFO  server.RaftServerConfigKeys (ConfUtils.java:logGet(43)) - raft.server.log.statemachine.data.sync = true (default)
2019-09-25 07:05:21,070 [pool-37-thread-1] INFO  server.RaftServerConfigKeys (ConfUtils.java:logGet(43)) - raft.server.log.statemachine.data.sync.timeout = 10s (default)
2019-09-25 07:05:21,070 [pool-37-thread-1] INFO  server.RaftServerConfigKeys (ConfUtils.java:logGet(43)) - raft.server.log.statemachine.data.sync.timeout.retry = -1 (default)
2019-09-25 07:05:21,070 [pool-37-thread-1] INFO  server.RaftServerConfigKeys (ConfUtils.java:logGet(43)) - raft.server.log.statemachine.data.caching.enabled = true (custom)
2019-09-25 07:05:21,070 [pool-37-thread-1] INFO  segmented.SegmentedRaftLogWorker (SegmentedRaftLogWorker.java:lambda$new$0(132)) - 62ec8eb9-3ae9-4136-b70a-2caf3716fa7f@group-48D9C82912D2-SegmentedRaftLogWorker: flushIndex: setUnconditionally 0 -> -1
2019-09-25 07:05:21,070 [pool-37-thread-1] INFO  server.RaftServerConfigKeys (ConfUtils.java:logGet(43)) - raft.server.snapshot.auto.trigger.enabled = true (custom)
2019-09-25 07:05:21,071 [pool-37-thread-1] INFO  server.RaftServerConfigKeys (ConfUtils.java:logGet(43)) - raft.server.snapshot.auto.trigger.threshold = 10000 (custom)
2019-09-25 07:05:21,071 [pool-37-thread-1] INFO  server.RaftServerConfigKeys (ConfUtils.java:logGet(43)) - raft.server.snapshot.retention.num.files = 5 (custom)
2019-09-25 07:05:21,071 [pool-37-thread-1] INFO  server.RaftServerConfigKeys (ConfUtils.java:logGet(43)) - raft.server.retrycache.expirytime = 600000ms (custom)
2019-09-25 07:05:21,072 [pool-37-thread-1] INFO  impl.RaftServerImpl (RaftServerImpl.java:start(185)) - 62ec8eb9-3ae9-4136-b70a-2caf3716fa7f@group-48D9C82912D2: start as a follower, conf=-1: [62ec8eb9-3ae9-4136-b70a-2caf3716fa7f:192.168.30.10:44715], old=null
2019-09-25 07:05:21,072 [pool-37-thread-1] INFO  impl.RaftServerImpl (RaftServerImpl.java:setRole(174)) - 62ec8eb9-3ae9-4136-b70a-2caf3716fa7f@group-48D9C82912D2: changes role from      null to FOLLOWER at term 0 for startAsFollower
2019-09-25 07:05:21,072 [pool-37-thread-1] INFO  impl.RoleInfo (RoleInfo.java:updateAndGet(143)) - 62ec8eb9-3ae9-4136-b70a-2caf3716fa7f: start FollowerState
2019-09-25 07:05:21,072 [pool-37-thread-1] INFO  util.JmxRegister (JmxRegister.java:tryRegister(44)) - Successfully registered JMX Bean with object name Ratis:service=RaftServer,group=group-48D9C82912D2,id=62ec8eb9-3ae9-4136-b70a-2caf3716fa7f
2019-09-25 07:05:21,074 [RatisPipelineUtilsThread] INFO  pipeline.PipelineStateManager (PipelineStateManager.java:addPipeline(56)) - Created pipeline Pipeline[ Id: dc7bc3a2-52ea-4cd9-b851-48d9c82912d2, Nodes: 62ec8eb9-3ae9-4136-b70a-2caf3716fa7f{ip: 192.168.30.10, host: pr-hdds-1569-s62bp-3040748787, networkLocation: /default-rack, certSerialId: null}, Type:RATIS, Factor:ONE, State:OPEN]
2019-09-25 07:05:21,078 [grpc-default-executor-1] INFO  impl.RaftServerProxy (RaftServerProxy.java:addNew(89)) - e568d23f-199e-48ce-91e4-5c166e2e97cd: addNew group-1A8542DAD23B:[e568d23f-199e-48ce-91e4-5c166e2e97cd:192.168.30.10:42827] returns group-1A8542DAD23B:java.util.concurrent.CompletableFuture@675a6a2a[Not completed]
2019-09-25 07:05:21,079 [pool-27-thread-1] INFO  impl.RaftServerImpl (RaftServerImpl.java:<init>(95)) - e568d23f-199e-48ce-91e4-5c166e2e97cd: new RaftServerImpl for group-1A8542DAD23B:[e568d23f-199e-48ce-91e4-5c166e2e97cd:192.168.30.10:42827] with ContainerStateMachine:uninitialized
2019-09-25 07:05:21,079 [pool-27-thread-1] INFO  server.RaftServerConfigKeys (ConfUtils.java:logGet(43)) - raft.server.rpc.timeout.min = 5s (custom)
2019-09-25 07:05:21,079 [pool-27-thread-1] INFO  server.RaftServerConfigKeys (ConfUtils.java:logGet(43)) - raft.server.rpc.timeout.max = 5200ms (custom)
2019-09-25 07:05:21,079 [pool-27-thread-1] INFO  server.RaftServerConfigKeys (ConfUtils.java:logGet(43)) - raft.server.rpcslowness.timeout = 120s (custom)
2019-09-25 07:05:21,079 [pool-27-thread-1] INFO  server.RaftServerConfigKeys (ConfUtils.java:logGet(43)) - raft.server.sleep.deviation.threshold = 300 (default)
2019-09-25 07:05:21,079 [pool-27-thread-1] INFO  server.RaftServerConfigKeys (ConfUtils.java:logGet(43)) - raft.server.log.appender.install.snapshot.enabled = false (custom)
2019-09-25 07:05:21,079 [pool-27-thread-1] INFO  impl.RaftServerImpl (ServerState.java:<init>(103)) - e568d23f-199e-48ce-91e4-5c166e2e97cd@group-1A8542DAD23B: ConfigurationManager, init=-1: [e568d23f-199e-48ce-91e4-5c166e2e97cd:192.168.30.10:42827], old=null, confs=<EMPTY_MAP>
2019-09-25 07:05:21,080 [pool-27-thread-1] INFO  server.RaftServerConfigKeys (ConfUtils.java:logGet(43)) - raft.server.storage.dir = [/workdir/hadoop-ozone/integration-test/target/test-dir/MiniOzoneClusterImpl-39af9574-7a8b-4ed7-b830-bf686a3d4bb8/datanode-0/data/ratis] (custom)
2019-09-25 07:05:21,080 [pool-27-thread-1] INFO  storage.RaftStorageDirectory (RaftStorageDirectory.java:analyzeStorage(246)) - The storage directory /workdir/hadoop-ozone/integration-test/target/test-dir/MiniOzoneClusterImpl-39af9574-7a8b-4ed7-b830-bf686a3d4bb8/datanode-0/data/ratis/22c12e8e-d9c0-45cd-aecf-1a8542dad23b does not exist. Creating ...
2019-09-25 07:05:21,092 [pool-27-thread-1] INFO  storage.RaftStorageDirectory (RaftStorageDirectory.java:tryLock(328)) - Lock on /workdir/hadoop-ozone/integration-test/target/test-dir/MiniOzoneClusterImpl-39af9574-7a8b-4ed7-b830-bf686a3d4bb8/datanode-0/data/ratis/22c12e8e-d9c0-45cd-aecf-1a8542dad23b/in_use.lock acquired by nodename 19495@pr-hdds-1569-s62bp-3040748787
2019-09-25 07:05:21,117 [pool-27-thread-1] INFO  storage.RaftStorage (RaftStorage.java:format(72)) - Storage directory /workdir/hadoop-ozone/integration-test/target/test-dir/MiniOzoneClusterImpl-39af9574-7a8b-4ed7-b830-bf686a3d4bb8/datanode-0/data/ratis/22c12e8e-d9c0-45cd-aecf-1a8542dad23b has been successfully formatted.
2019-09-25 07:05:21,117 [pool-27-thread-1] INFO  ratis.ContainerStateMachine (ContainerStateMachine.java:loadSnapshot(230)) - group-1A8542DAD23B: The snapshot info is null. Setting the last applied indexto:(t:0, i:~)
2019-09-25 07:05:21,118 [pool-27-thread-1] INFO  server.RaftServerConfigKeys (ConfUtils.java:logGet(43)) - raft.server.notification.no-leader.timeout = 120s (custom)
2019-09-25 07:05:21,118 [pool-27-thread-1] INFO  server.RaftServerConfigKeys (ConfUtils.java:logGet(43)) - raft.server.log.use.memory = false (default)
2019-09-25 07:05:21,118 [pool-27-thread-1] INFO  server.RaftServerConfigKeys (ConfUtils.java:logGet(43)) - raft.server.log.purge.gap = 1000000 (custom)
2019-09-25 07:05:21,118 [pool-27-thread-1] INFO  server.RaftServerConfigKeys (ConfUtils.java:logGet(43)) - raft.server.log.appender.buffer.byte-limit = 33554432 (custom)
2019-09-25 07:05:21,118 [pool-27-thread-1] INFO  server.RaftServerConfigKeys (ConfUtils.java:logGet(43)) - raft.server.log.segment.size.max = 1048576 (custom)
2019-09-25 07:05:21,118 [pool-27-thread-1] INFO  server.RaftServerConfigKeys (ConfUtils.java:logGet(43)) - raft.server.log.segment.cache.num.max = 2 (custom)
2019-09-25 07:05:21,118 [pool-27-thread-1] INFO  segmented.SegmentedRaftLogWorker (SegmentedRaftLogWorker.java:<init>(172)) - new e568d23f-199e-48ce-91e4-5c166e2e97cd@group-1A8542DAD23B-SegmentedRaftLogWorker for RaftStorage:Storage Directory /workdir/hadoop-ozone/integration-test/target/test-dir/MiniOzoneClusterImpl-39af9574-7a8b-4ed7-b830-bf686a3d4bb8/datanode-0/data/ratis/22c12e8e-d9c0-45cd-aecf-1a8542dad23b
2019-09-25 07:05:21,118 [pool-27-thread-1] INFO  server.RaftServerConfigKeys (ConfUtils.java:logGet(43)) - raft.server.log.queue.byte-limit = 2147483647 (custom)
2019-09-25 07:05:21,118 [pool-27-thread-1] INFO  server.RaftServerConfigKeys (ConfUtils.java:logGet(43)) - raft.server.log.queue.element-limit = 1024 (custom)
2019-09-25 07:05:21,119 [pool-27-thread-1] INFO  server.RaftServerConfigKeys (ConfUtils.java:logGet(43)) - raft.server.log.segment.size.max = 1048576 (custom)
2019-09-25 07:05:21,119 [pool-27-thread-1] INFO  server.RaftServerConfigKeys (ConfUtils.java:logGet(43)) - raft.server.log.preallocated.size = 16384 (custom)
2019-09-25 07:05:21,119 [pool-27-thread-1] INFO  server.RaftServerConfigKeys (ConfUtils.java:logGet(43)) - raft.server.log.write.buffer.size = 33554432 (custom)
2019-09-25 07:05:21,119 [pool-27-thread-1] INFO  server.RaftServerConfigKeys (ConfUtils.java:logGet(43)) - raft.server.log.force.sync.num = 128 (default)
2019-09-25 07:05:21,119 [pool-27-thread-1] INFO  server.RaftServerConfigKeys (ConfUtils.java:logGet(43)) - raft.server.log.statemachine.data.sync = true (default)
2019-09-25 07:05:21,119 [pool-27-thread-1] INFO  server.RaftServerConfigKeys (ConfUtils.java:logGet(43)) - raft.server.log.statemachine.data.sync.timeout = 10s (default)
2019-09-25 07:05:21,119 [pool-27-thread-1] INFO  server.RaftServerConfigKeys (ConfUtils.java:logGet(43)) - raft.server.log.statemachine.data.sync.timeout.retry = -1 (default)
2019-09-25 07:05:21,119 [pool-27-thread-1] INFO  server.RaftServerConfigKeys (ConfUtils.java:logGet(43)) - raft.server.log.statemachine.data.caching.enabled = true (custom)
2019-09-25 07:05:21,120 [pool-27-thread-1] INFO  segmented.SegmentedRaftLogWorker (SegmentedRaftLogWorker.java:lambda$new$0(132)) - e568d23f-199e-48ce-91e4-5c166e2e97cd@group-1A8542DAD23B-SegmentedRaftLogWorker: flushIndex: setUnconditionally 0 -> -1
2019-09-25 07:05:21,120 [pool-27-thread-1] INFO  server.RaftServerConfigKeys (ConfUtils.java:logGet(43)) - raft.server.snapshot.auto.trigger.enabled = true (custom)
2019-09-25 07:05:21,120 [pool-27-thread-1] INFO  server.RaftServerConfigKeys (ConfUtils.java:logGet(43)) - raft.server.snapshot.auto.trigger.threshold = 10000 (custom)
2019-09-25 07:05:21,120 [pool-27-thread-1] INFO  server.RaftServerConfigKeys (ConfUtils.java:logGet(43)) - raft.server.snapshot.retention.num.files = 5 (custom)
2019-09-25 07:05:21,120 [pool-27-thread-1] INFO  server.RaftServerConfigKeys (ConfUtils.java:logGet(43)) - raft.server.retrycache.expirytime = 600000ms (custom)
2019-09-25 07:05:21,122 [pool-27-thread-1] INFO  impl.RaftServerImpl (RaftServerImpl.java:start(185)) - e568d23f-199e-48ce-91e4-5c166e2e97cd@group-1A8542DAD23B: start as a follower, conf=-1: [e568d23f-199e-48ce-91e4-5c166e2e97cd:192.168.30.10:42827], old=null
2019-09-25 07:05:21,122 [pool-27-thread-1] INFO  impl.RaftServerImpl (RaftServerImpl.java:setRole(174)) - e568d23f-199e-48ce-91e4-5c166e2e97cd@group-1A8542DAD23B: changes role from      null to FOLLOWER at term 0 for startAsFollower
2019-09-25 07:05:21,122 [pool-27-thread-1] INFO  impl.RoleInfo (RoleInfo.java:updateAndGet(143)) - e568d23f-199e-48ce-91e4-5c166e2e97cd: start FollowerState
2019-09-25 07:05:21,122 [pool-27-thread-1] INFO  util.JmxRegister (JmxRegister.java:tryRegister(44)) - Successfully registered JMX Bean with object name Ratis:service=RaftServer,group=group-1A8542DAD23B,id=e568d23f-199e-48ce-91e4-5c166e2e97cd
2019-09-25 07:05:21,124 [RatisPipelineUtilsThread] INFO  pipeline.PipelineStateManager (PipelineStateManager.java:addPipeline(56)) - Created pipeline Pipeline[ Id: 22c12e8e-d9c0-45cd-aecf-1a8542dad23b, Nodes: e568d23f-199e-48ce-91e4-5c166e2e97cd{ip: 192.168.30.10, host: pr-hdds-1569-s62bp-3040748787, networkLocation: /default-rack, certSerialId: null}, Type:RATIS, Factor:ONE, State:OPEN]
2019-09-25 07:05:21,129 [grpc-default-executor-1] INFO  impl.RaftServerProxy (RaftServerProxy.java:addNew(89)) - 62ec8eb9-3ae9-4136-b70a-2caf3716fa7f: addNew group-A97C250625DF:[62ec8eb9-3ae9-4136-b70a-2caf3716fa7f:192.168.30.10:44715] returns group-A97C250625DF:java.util.concurrent.CompletableFuture@478808e[Not completed]
2019-09-25 07:05:21,130 [pool-37-thread-1] INFO  impl.RaftServerImpl (RaftServerImpl.java:<init>(95)) - 62ec8eb9-3ae9-4136-b70a-2caf3716fa7f: new RaftServerImpl for group-A97C250625DF:[62ec8eb9-3ae9-4136-b70a-2caf3716fa7f:192.168.30.10:44715] with ContainerStateMachine:uninitialized
2019-09-25 07:05:21,130 [pool-37-thread-1] INFO  server.RaftServerConfigKeys (ConfUtils.java:logGet(43)) - raft.server.rpc.timeout.min = 5s (custom)
2019-09-25 07:05:21,130 [pool-37-thread-1] INFO  server.RaftServerConfigKeys (ConfUtils.java:logGet(43)) - raft.server.rpc.timeout.max = 5200ms (custom)
2019-09-25 07:05:21,130 [pool-37-thread-1] INFO  server.RaftServerConfigKeys (ConfUtils.java:logGet(43)) - raft.server.rpcslowness.timeout = 120s (custom)
2019-09-25 07:05:21,130 [pool-37-thread-1] INFO  server.RaftServerConfigKeys (ConfUtils.java:logGet(43)) - raft.server.sleep.deviation.threshold = 300 (default)
2019-09-25 07:05:21,130 [pool-37-thread-1] INFO  server.RaftServerConfigKeys (ConfUtils.java:logGet(43)) - raft.server.log.appender.install.snapshot.enabled = false (custom)
2019-09-25 07:05:21,130 [pool-37-thread-1] INFO  impl.RaftServerImpl (ServerState.java:<init>(103)) - 62ec8eb9-3ae9-4136-b70a-2caf3716fa7f@group-A97C250625DF: ConfigurationManager, init=-1: [62ec8eb9-3ae9-4136-b70a-2caf3716fa7f:192.168.30.10:44715], old=null, confs=<EMPTY_MAP>
2019-09-25 07:05:21,130 [pool-37-thread-1] INFO  server.RaftServerConfigKeys (ConfUtils.java:logGet(43)) - raft.server.storage.dir = [/workdir/hadoop-ozone/integration-test/target/test-dir/MiniOzoneClusterImpl-39af9574-7a8b-4ed7-b830-bf686a3d4bb8/datanode-1/data/ratis] (custom)
2019-09-25 07:05:21,131 [pool-37-thread-1] INFO  storage.RaftStorageDirectory (RaftStorageDirectory.java:analyzeStorage(246)) - The storage directory /workdir/hadoop-ozone/integration-test/target/test-dir/MiniOzoneClusterImpl-39af9574-7a8b-4ed7-b830-bf686a3d4bb8/datanode-1/data/ratis/75bcef01-9749-496c-8995-a97c250625df does not exist. Creating ...
2019-09-25 07:05:21,152 [pool-37-thread-1] INFO  storage.RaftStorageDirectory (RaftStorageDirectory.java:tryLock(328)) - Lock on /workdir/hadoop-ozone/integration-test/target/test-dir/MiniOzoneClusterImpl-39af9574-7a8b-4ed7-b830-bf686a3d4bb8/datanode-1/data/ratis/75bcef01-9749-496c-8995-a97c250625df/in_use.lock acquired by nodename 19495@pr-hdds-1569-s62bp-3040748787
2019-09-25 07:05:21,164 [pool-37-thread-1] INFO  storage.RaftStorage (RaftStorage.java:format(72)) - Storage directory /workdir/hadoop-ozone/integration-test/target/test-dir/MiniOzoneClusterImpl-39af9574-7a8b-4ed7-b830-bf686a3d4bb8/datanode-1/data/ratis/75bcef01-9749-496c-8995-a97c250625df has been successfully formatted.
2019-09-25 07:05:21,164 [pool-37-thread-1] INFO  ratis.ContainerStateMachine (ContainerStateMachine.java:loadSnapshot(230)) - group-A97C250625DF: The snapshot info is null. Setting the last applied indexto:(t:0, i:~)
2019-09-25 07:05:21,165 [pool-37-thread-1] INFO  server.RaftServerConfigKeys (ConfUtils.java:logGet(43)) - raft.server.notification.no-leader.timeout = 120s (custom)
2019-09-25 07:05:21,165 [pool-37-thread-1] INFO  server.RaftServerConfigKeys (ConfUtils.java:logGet(43)) - raft.server.log.use.memory = false (default)
2019-09-25 07:05:21,165 [pool-37-thread-1] INFO  server.RaftServerConfigKeys (ConfUtils.java:logGet(43)) - raft.server.log.purge.gap = 1000000 (custom)
2019-09-25 07:05:21,165 [pool-37-thread-1] INFO  server.RaftServerConfigKeys (ConfUtils.java:logGet(43)) - raft.server.log.appender.buffer.byte-limit = 33554432 (custom)
2019-09-25 07:05:21,165 [pool-37-thread-1] INFO  server.RaftServerConfigKeys (ConfUtils.java:logGet(43)) - raft.server.log.segment.size.max = 1048576 (custom)
2019-09-25 07:05:21,165 [pool-37-thread-1] INFO  server.RaftServerConfigKeys (ConfUtils.java:logGet(43)) - raft.server.log.segment.cache.num.max = 2 (custom)
2019-09-25 07:05:21,166 [pool-37-thread-1] INFO  segmented.SegmentedRaftLogWorker (SegmentedRaftLogWorker.java:<init>(172)) - new 62ec8eb9-3ae9-4136-b70a-2caf3716fa7f@group-A97C250625DF-SegmentedRaftLogWorker for RaftStorage:Storage Directory /workdir/hadoop-ozone/integration-test/target/test-dir/MiniOzoneClusterImpl-39af9574-7a8b-4ed7-b830-bf686a3d4bb8/datanode-1/data/ratis/75bcef01-9749-496c-8995-a97c250625df
2019-09-25 07:05:21,166 [pool-37-thread-1] INFO  server.RaftServerConfigKeys (ConfUtils.java:logGet(43)) - raft.server.log.queue.byte-limit = 2147483647 (custom)
2019-09-25 07:05:21,166 [pool-37-thread-1] INFO  server.RaftServerConfigKeys (ConfUtils.java:logGet(43)) - raft.server.log.queue.element-limit = 1024 (custom)
2019-09-25 07:05:21,166 [pool-37-thread-1] INFO  server.RaftServerConfigKeys (ConfUtils.java:logGet(43)) - raft.server.log.segment.size.max = 1048576 (custom)
2019-09-25 07:05:21,166 [pool-37-thread-1] INFO  server.RaftServerConfigKeys (ConfUtils.java:logGet(43)) - raft.server.log.preallocated.size = 16384 (custom)
2019-09-25 07:05:21,166 [pool-37-thread-1] INFO  server.RaftServerConfigKeys (ConfUtils.java:logGet(43)) - raft.server.log.write.buffer.size = 33554432 (custom)
2019-09-25 07:05:21,166 [pool-37-thread-1] INFO  server.RaftServerConfigKeys (ConfUtils.java:logGet(43)) - raft.server.log.force.sync.num = 128 (default)
2019-09-25 07:05:21,167 [pool-37-thread-1] INFO  server.RaftServerConfigKeys (ConfUtils.java:logGet(43)) - raft.server.log.statemachine.data.sync = true (default)
2019-09-25 07:05:21,167 [pool-37-thread-1] INFO  server.RaftServerConfigKeys (ConfUtils.java:logGet(43)) - raft.server.log.statemachine.data.sync.timeout = 10s (default)
2019-09-25 07:05:21,167 [pool-37-thread-1] INFO  server.RaftServerConfigKeys (ConfUtils.java:logGet(43)) - raft.server.log.statemachine.data.sync.timeout.retry = -1 (default)
2019-09-25 07:05:21,167 [pool-37-thread-1] INFO  server.RaftServerConfigKeys (ConfUtils.java:logGet(43)) - raft.server.log.statemachine.data.caching.enabled = true (custom)
2019-09-25 07:05:21,167 [pool-37-thread-1] INFO  segmented.SegmentedRaftLogWorker (SegmentedRaftLogWorker.java:lambda$new$0(132)) - 62ec8eb9-3ae9-4136-b70a-2caf3716fa7f@group-A97C250625DF-SegmentedRaftLogWorker: flushIndex: setUnconditionally 0 -> -1
2019-09-25 07:05:21,168 [pool-37-thread-1] INFO  server.RaftServerConfigKeys (ConfUtils.java:logGet(43)) - raft.server.snapshot.auto.trigger.enabled = true (custom)
2019-09-25 07:05:21,168 [pool-37-thread-1] INFO  server.RaftServerConfigKeys (ConfUtils.java:logGet(43)) - raft.server.snapshot.auto.trigger.threshold = 10000 (custom)
2019-09-25 07:05:21,168 [pool-37-thread-1] INFO  server.RaftServerConfigKeys (ConfUtils.java:logGet(43)) - raft.server.snapshot.retention.num.files = 5 (custom)
2019-09-25 07:05:21,168 [pool-37-thread-1] INFO  server.RaftServerConfigKeys (ConfUtils.java:logGet(43)) - raft.server.retrycache.expirytime = 600000ms (custom)
2019-09-25 07:05:21,170 [pool-37-thread-1] INFO  impl.RaftServerImpl (RaftServerImpl.java:start(185)) - 62ec8eb9-3ae9-4136-b70a-2caf3716fa7f@group-A97C250625DF: start as a follower, conf=-1: [62ec8eb9-3ae9-4136-b70a-2caf3716fa7f:192.168.30.10:44715], old=null
2019-09-25 07:05:21,170 [pool-37-thread-1] INFO  impl.RaftServerImpl (RaftServerImpl.java:setRole(174)) - 62ec8eb9-3ae9-4136-b70a-2caf3716fa7f@group-A97C250625DF: changes role from      null to FOLLOWER at term 0 for startAsFollower
2019-09-25 07:05:21,170 [pool-37-thread-1] INFO  impl.RoleInfo (RoleInfo.java:updateAndGet(143)) - 62ec8eb9-3ae9-4136-b70a-2caf3716fa7f: start FollowerState
2019-09-25 07:05:21,171 [pool-37-thread-1] INFO  util.JmxRegister (JmxRegister.java:tryRegister(44)) - Successfully registered JMX Bean with object name Ratis:service=RaftServer,group=group-A97C250625DF,id=62ec8eb9-3ae9-4136-b70a-2caf3716fa7f
2019-09-25 07:05:21,173 [RatisPipelineUtilsThread] INFO  pipeline.PipelineStateManager (PipelineStateManager.java:addPipeline(56)) - Created pipeline Pipeline[ Id: 75bcef01-9749-496c-8995-a97c250625df, Nodes: 62ec8eb9-3ae9-4136-b70a-2caf3716fa7f{ip: 192.168.30.10, host: pr-hdds-1569-s62bp-3040748787, networkLocation: /default-rack, certSerialId: null}, Type:RATIS, Factor:ONE, State:OPEN]
2019-09-25 07:05:21,178 [grpc-default-executor-1] INFO  impl.RaftServerProxy (RaftServerProxy.java:addNew(89)) - 24bf2945-a329-4da6-aaf2-23ecd8d462c6: addNew group-0468891D8D23:[24bf2945-a329-4da6-aaf2-23ecd8d462c6:192.168.30.10:42867] returns group-0468891D8D23:java.util.concurrent.CompletableFuture@420afa0d[Not completed]
2019-09-25 07:05:21,179 [pool-47-thread-1] INFO  impl.RaftServerImpl (RaftServerImpl.java:<init>(95)) - 24bf2945-a329-4da6-aaf2-23ecd8d462c6: new RaftServerImpl for group-0468891D8D23:[24bf2945-a329-4da6-aaf2-23ecd8d462c6:192.168.30.10:42867] with ContainerStateMachine:uninitialized
2019-09-25 07:05:21,179 [pool-47-thread-1] INFO  server.RaftServerConfigKeys (ConfUtils.java:logGet(43)) - raft.server.rpc.timeout.min = 5s (custom)
2019-09-25 07:05:21,179 [pool-47-thread-1] INFO  server.RaftServerConfigKeys (ConfUtils.java:logGet(43)) - raft.server.rpc.timeout.max = 5200ms (custom)
2019-09-25 07:05:21,179 [pool-47-thread-1] INFO  server.RaftServerConfigKeys (ConfUtils.java:logGet(43)) - raft.server.rpcslowness.timeout = 120s (custom)
2019-09-25 07:05:21,179 [pool-47-thread-1] INFO  server.RaftServerConfigKeys (ConfUtils.java:logGet(43)) - raft.server.sleep.deviation.threshold = 300 (default)
2019-09-25 07:05:21,179 [pool-47-thread-1] INFO  server.RaftServerConfigKeys (ConfUtils.java:logGet(43)) - raft.server.log.appender.install.snapshot.enabled = false (custom)
2019-09-25 07:05:21,179 [pool-47-thread-1] INFO  impl.RaftServerImpl (ServerState.java:<init>(103)) - 24bf2945-a329-4da6-aaf2-23ecd8d462c6@group-0468891D8D23: ConfigurationManager, init=-1: [24bf2945-a329-4da6-aaf2-23ecd8d462c6:192.168.30.10:42867], old=null, confs=<EMPTY_MAP>
2019-09-25 07:05:21,180 [pool-47-thread-1] INFO  server.RaftServerConfigKeys (ConfUtils.java:logGet(43)) - raft.server.storage.dir = [/workdir/hadoop-ozone/integration-test/target/test-dir/MiniOzoneClusterImpl-39af9574-7a8b-4ed7-b830-bf686a3d4bb8/datanode-2/data/ratis] (custom)
2019-09-25 07:05:21,180 [pool-47-thread-1] INFO  storage.RaftStorageDirectory (RaftStorageDirectory.java:analyzeStorage(246)) - The storage directory /workdir/hadoop-ozone/integration-test/target/test-dir/MiniOzoneClusterImpl-39af9574-7a8b-4ed7-b830-bf686a3d4bb8/datanode-2/data/ratis/62889f6b-0d9b-4a00-ab7b-0468891d8d23 does not exist. Creating ...
2019-09-25 07:05:21,193 [pool-47-thread-1] INFO  storage.RaftStorageDirectory (RaftStorageDirectory.java:tryLock(328)) - Lock on /workdir/hadoop-ozone/integration-test/target/test-dir/MiniOzoneClusterImpl-39af9574-7a8b-4ed7-b830-bf686a3d4bb8/datanode-2/data/ratis/62889f6b-0d9b-4a00-ab7b-0468891d8d23/in_use.lock acquired by nodename 19495@pr-hdds-1569-s62bp-3040748787
2019-09-25 07:05:21,206 [pool-47-thread-1] INFO  storage.RaftStorage (RaftStorage.java:format(72)) - Storage directory /workdir/hadoop-ozone/integration-test/target/test-dir/MiniOzoneClusterImpl-39af9574-7a8b-4ed7-b830-bf686a3d4bb8/datanode-2/data/ratis/62889f6b-0d9b-4a00-ab7b-0468891d8d23 has been successfully formatted.
2019-09-25 07:05:21,206 [pool-47-thread-1] INFO  ratis.ContainerStateMachine (ContainerStateMachine.java:loadSnapshot(230)) - group-0468891D8D23: The snapshot info is null. Setting the last applied indexto:(t:0, i:~)
2019-09-25 07:05:21,206 [pool-47-thread-1] INFO  server.RaftServerConfigKeys (ConfUtils.java:logGet(43)) - raft.server.notification.no-leader.timeout = 120s (custom)
2019-09-25 07:05:21,206 [pool-47-thread-1] INFO  server.RaftServerConfigKeys (ConfUtils.java:logGet(43)) - raft.server.log.use.memory = false (default)
2019-09-25 07:05:21,207 [pool-47-thread-1] INFO  server.RaftServerConfigKeys (ConfUtils.java:logGet(43)) - raft.server.log.purge.gap = 1000000 (custom)
2019-09-25 07:05:21,207 [pool-47-thread-1] INFO  server.RaftServerConfigKeys (ConfUtils.java:logGet(43)) - raft.server.log.appender.buffer.byte-limit = 33554432 (custom)
2019-09-25 07:05:21,207 [pool-47-thread-1] INFO  server.RaftServerConfigKeys (ConfUtils.java:logGet(43)) - raft.server.log.segment.size.max = 1048576 (custom)
2019-09-25 07:05:21,207 [pool-47-thread-1] INFO  server.RaftServerConfigKeys (ConfUtils.java:logGet(43)) - raft.server.log.segment.cache.num.max = 2 (custom)
2019-09-25 07:05:21,207 [pool-47-thread-1] INFO  segmented.SegmentedRaftLogWorker (SegmentedRaftLogWorker.java:<init>(172)) - new 24bf2945-a329-4da6-aaf2-23ecd8d462c6@group-0468891D8D23-SegmentedRaftLogWorker for RaftStorage:Storage Directory /workdir/hadoop-ozone/integration-test/target/test-dir/MiniOzoneClusterImpl-39af9574-7a8b-4ed7-b830-bf686a3d4bb8/datanode-2/data/ratis/62889f6b-0d9b-4a00-ab7b-0468891d8d23
2019-09-25 07:05:21,207 [pool-47-thread-1] INFO  server.RaftServerConfigKeys (ConfUtils.java:logGet(43)) - raft.server.log.queue.byte-limit = 2147483647 (custom)
2019-09-25 07:05:21,207 [pool-47-thread-1] INFO  server.RaftServerConfigKeys (ConfUtils.java:logGet(43)) - raft.server.log.queue.element-limit = 1024 (custom)
2019-09-25 07:05:21,208 [pool-47-thread-1] INFO  server.RaftServerConfigKeys (ConfUtils.java:logGet(43)) - raft.server.log.segment.size.max = 1048576 (custom)
2019-09-25 07:05:21,208 [pool-47-thread-1] INFO  server.RaftServerConfigKeys (ConfUtils.java:logGet(43)) - raft.server.log.preallocated.size = 16384 (custom)
2019-09-25 07:05:21,208 [pool-47-thread-1] INFO  server.RaftServerConfigKeys (ConfUtils.java:logGet(43)) - raft.server.log.write.buffer.size = 33554432 (custom)
2019-09-25 07:05:21,208 [pool-47-thread-1] INFO  server.RaftServerConfigKeys (ConfUtils.java:logGet(43)) - raft.server.log.force.sync.num = 128 (default)
2019-09-25 07:05:21,208 [pool-47-thread-1] INFO  server.RaftServerConfigKeys (ConfUtils.java:logGet(43)) - raft.server.log.statemachine.data.sync = true (default)
2019-09-25 07:05:21,208 [pool-47-thread-1] INFO  server.RaftServerConfigKeys (ConfUtils.java:logGet(43)) - raft.server.log.statemachine.data.sync.timeout = 10s (default)
2019-09-25 07:05:21,208 [pool-47-thread-1] INFO  server.RaftServerConfigKeys (ConfUtils.java:logGet(43)) - raft.server.log.statemachine.data.sync.timeout.retry = -1 (default)
2019-09-25 07:05:21,208 [pool-47-thread-1] INFO  server.RaftServerConfigKeys (ConfUtils.java:logGet(43)) - raft.server.log.statemachine.data.caching.enabled = true (custom)
2019-09-25 07:05:21,209 [pool-47-thread-1] INFO  segmented.SegmentedRaftLogWorker (SegmentedRaftLogWorker.java:lambda$new$0(132)) - 24bf2945-a329-4da6-aaf2-23ecd8d462c6@group-0468891D8D23-SegmentedRaftLogWorker: flushIndex: setUnconditionally 0 -> -1
2019-09-25 07:05:21,209 [pool-47-thread-1] INFO  server.RaftServerConfigKeys (ConfUtils.java:logGet(43)) - raft.server.snapshot.auto.trigger.enabled = true (custom)
2019-09-25 07:05:21,209 [pool-47-thread-1] INFO  server.RaftServerConfigKeys (ConfUtils.java:logGet(43)) - raft.server.snapshot.auto.trigger.threshold = 10000 (custom)
2019-09-25 07:05:21,209 [pool-47-thread-1] INFO  server.RaftServerConfigKeys (ConfUtils.java:logGet(43)) - raft.server.snapshot.retention.num.files = 5 (custom)
2019-09-25 07:05:21,209 [pool-47-thread-1] INFO  server.RaftServerConfigKeys (ConfUtils.java:logGet(43)) - raft.server.retrycache.expirytime = 600000ms (custom)
2019-09-25 07:05:21,211 [pool-47-thread-1] INFO  impl.RaftServerImpl (RaftServerImpl.java:start(185)) - 24bf2945-a329-4da6-aaf2-23ecd8d462c6@group-0468891D8D23: start as a follower, conf=-1: [24bf2945-a329-4da6-aaf2-23ecd8d462c6:192.168.30.10:42867], old=null
2019-09-25 07:05:21,211 [pool-47-thread-1] INFO  impl.RaftServerImpl (RaftServerImpl.java:setRole(174)) - 24bf2945-a329-4da6-aaf2-23ecd8d462c6@group-0468891D8D23: changes role from      null to FOLLOWER at term 0 for startAsFollower
2019-09-25 07:05:21,211 [pool-47-thread-1] INFO  impl.RoleInfo (RoleInfo.java:updateAndGet(143)) - 24bf2945-a329-4da6-aaf2-23ecd8d462c6: start FollowerState
2019-09-25 07:05:21,211 [pool-47-thread-1] INFO  util.JmxRegister (JmxRegister.java:tryRegister(44)) - Successfully registered JMX Bean with object name Ratis:service=RaftServer,group=group-0468891D8D23,id=24bf2945-a329-4da6-aaf2-23ecd8d462c6
2019-09-25 07:05:21,214 [RatisPipelineUtilsThread] INFO  pipeline.PipelineStateManager (PipelineStateManager.java:addPipeline(56)) - Created pipeline Pipeline[ Id: 62889f6b-0d9b-4a00-ab7b-0468891d8d23, Nodes: 24bf2945-a329-4da6-aaf2-23ecd8d462c6{ip: 192.168.30.10, host: pr-hdds-1569-s62bp-3040748787, networkLocation: /default-rack, certSerialId: null}, Type:RATIS, Factor:ONE, State:OPEN]
2019-09-25 07:05:21,218 [grpc-default-executor-1] INFO  impl.RaftServerProxy (RaftServerProxy.java:addNew(89)) - 24bf2945-a329-4da6-aaf2-23ecd8d462c6: addNew group-960573725A1C:[24bf2945-a329-4da6-aaf2-23ecd8d462c6:192.168.30.10:42867] returns group-960573725A1C:java.util.concurrent.CompletableFuture@3b0845fc[Not completed]
2019-09-25 07:05:21,219 [pool-47-thread-1] INFO  impl.RaftServerImpl (RaftServerImpl.java:<init>(95)) - 24bf2945-a329-4da6-aaf2-23ecd8d462c6: new RaftServerImpl for group-960573725A1C:[24bf2945-a329-4da6-aaf2-23ecd8d462c6:192.168.30.10:42867] with ContainerStateMachine:uninitialized
2019-09-25 07:05:21,219 [pool-47-thread-1] INFO  server.RaftServerConfigKeys (ConfUtils.java:logGet(43)) - raft.server.rpc.timeout.min = 5s (custom)
2019-09-25 07:05:21,219 [pool-47-thread-1] INFO  server.RaftServerConfigKeys (ConfUtils.java:logGet(43)) - raft.server.rpc.timeout.max = 5200ms (custom)
2019-09-25 07:05:21,219 [pool-47-thread-1] INFO  server.RaftServerConfigKeys (ConfUtils.java:logGet(43)) - raft.server.rpcslowness.timeout = 120s (custom)
2019-09-25 07:05:21,219 [pool-47-thread-1] INFO  server.RaftServerConfigKeys (ConfUtils.java:logGet(43)) - raft.server.sleep.deviation.threshold = 300 (default)
2019-09-25 07:05:21,219 [pool-47-thread-1] INFO  server.RaftServerConfigKeys (ConfUtils.java:logGet(43)) - raft.server.log.appender.install.snapshot.enabled = false (custom)
2019-09-25 07:05:21,219 [pool-47-thread-1] INFO  impl.RaftServerImpl (ServerState.java:<init>(103)) - 24bf2945-a329-4da6-aaf2-23ecd8d462c6@group-960573725A1C: ConfigurationManager, init=-1: [24bf2945-a329-4da6-aaf2-23ecd8d462c6:192.168.30.10:42867], old=null, confs=<EMPTY_MAP>
2019-09-25 07:05:21,219 [pool-47-thread-1] INFO  server.RaftServerConfigKeys (ConfUtils.java:logGet(43)) - raft.server.storage.dir = [/workdir/hadoop-ozone/integration-test/target/test-dir/MiniOzoneClusterImpl-39af9574-7a8b-4ed7-b830-bf686a3d4bb8/datanode-2/data/ratis] (custom)
2019-09-25 07:05:21,220 [pool-47-thread-1] INFO  storage.RaftStorageDirectory (RaftStorageDirectory.java:analyzeStorage(246)) - The storage directory /workdir/hadoop-ozone/integration-test/target/test-dir/MiniOzoneClusterImpl-39af9574-7a8b-4ed7-b830-bf686a3d4bb8/datanode-2/data/ratis/25609d94-35e9-4a56-a67e-960573725a1c does not exist. Creating ...
2019-09-25 07:05:21,232 [pool-47-thread-1] INFO  storage.RaftStorageDirectory (RaftStorageDirectory.java:tryLock(328)) - Lock on /workdir/hadoop-ozone/integration-test/target/test-dir/MiniOzoneClusterImpl-39af9574-7a8b-4ed7-b830-bf686a3d4bb8/datanode-2/data/ratis/25609d94-35e9-4a56-a67e-960573725a1c/in_use.lock acquired by nodename 19495@pr-hdds-1569-s62bp-3040748787
2019-09-25 07:05:21,245 [pool-47-thread-1] INFO  storage.RaftStorage (RaftStorage.java:format(72)) - Storage directory /workdir/hadoop-ozone/integration-test/target/test-dir/MiniOzoneClusterImpl-39af9574-7a8b-4ed7-b830-bf686a3d4bb8/datanode-2/data/ratis/25609d94-35e9-4a56-a67e-960573725a1c has been successfully formatted.
2019-09-25 07:05:21,245 [pool-47-thread-1] INFO  ratis.ContainerStateMachine (ContainerStateMachine.java:loadSnapshot(230)) - group-960573725A1C: The snapshot info is null. Setting the last applied indexto:(t:0, i:~)
2019-09-25 07:05:21,245 [pool-47-thread-1] INFO  server.RaftServerConfigKeys (ConfUtils.java:logGet(43)) - raft.server.notification.no-leader.timeout = 120s (custom)
2019-09-25 07:05:21,245 [pool-47-thread-1] INFO  server.RaftServerConfigKeys (ConfUtils.java:logGet(43)) - raft.server.log.use.memory = false (default)
2019-09-25 07:05:21,246 [pool-47-thread-1] INFO  server.RaftServerConfigKeys (ConfUtils.java:logGet(43)) - raft.server.log.purge.gap = 1000000 (custom)
2019-09-25 07:05:21,246 [pool-47-thread-1] INFO  server.RaftServerConfigKeys (ConfUtils.java:logGet(43)) - raft.server.log.appender.buffer.byte-limit = 33554432 (custom)
2019-09-25 07:05:21,246 [pool-47-thread-1] INFO  server.RaftServerConfigKeys (ConfUtils.java:logGet(43)) - raft.server.log.segment.size.max = 1048576 (custom)
2019-09-25 07:05:21,246 [pool-47-thread-1] INFO  server.RaftServerConfigKeys (ConfUtils.java:logGet(43)) - raft.server.log.segment.cache.num.max = 2 (custom)
2019-09-25 07:05:21,246 [pool-47-thread-1] INFO  segmented.SegmentedRaftLogWorker (SegmentedRaftLogWorker.java:<init>(172)) - new 24bf2945-a329-4da6-aaf2-23ecd8d462c6@group-960573725A1C-SegmentedRaftLogWorker for RaftStorage:Storage Directory /workdir/hadoop-ozone/integration-test/target/test-dir/MiniOzoneClusterImpl-39af9574-7a8b-4ed7-b830-bf686a3d4bb8/datanode-2/data/ratis/25609d94-35e9-4a56-a67e-960573725a1c
2019-09-25 07:05:21,246 [pool-47-thread-1] INFO  server.RaftServerConfigKeys (ConfUtils.java:logGet(43)) - raft.server.log.queue.byte-limit = 2147483647 (custom)
2019-09-25 07:05:21,246 [pool-47-thread-1] INFO  server.RaftServerConfigKeys (ConfUtils.java:logGet(43)) - raft.server.log.queue.element-limit = 1024 (custom)
2019-09-25 07:05:21,247 [pool-47-thread-1] INFO  server.RaftServerConfigKeys (ConfUtils.java:logGet(43)) - raft.server.log.segment.size.max = 1048576 (custom)
2019-09-25 07:05:21,247 [pool-47-thread-1] INFO  server.RaftServerConfigKeys (ConfUtils.java:logGet(43)) - raft.server.log.preallocated.size = 16384 (custom)
2019-09-25 07:05:21,247 [pool-47-thread-1] INFO  server.RaftServerConfigKeys (ConfUtils.java:logGet(43)) - raft.server.log.write.buffer.size = 33554432 (custom)
2019-09-25 07:05:21,247 [pool-47-thread-1] INFO  server.RaftServerConfigKeys (ConfUtils.java:logGet(43)) - raft.server.log.force.sync.num = 128 (default)
2019-09-25 07:05:21,247 [pool-47-thread-1] INFO  server.RaftServerConfigKeys (ConfUtils.java:logGet(43)) - raft.server.log.statemachine.data.sync = true (default)
2019-09-25 07:05:21,247 [pool-47-thread-1] INFO  server.RaftServerConfigKeys (ConfUtils.java:logGet(43)) - raft.server.log.statemachine.data.sync.timeout = 10s (default)
2019-09-25 07:05:21,247 [pool-47-thread-1] INFO  server.RaftServerConfigKeys (ConfUtils.java:logGet(43)) - raft.server.log.statemachine.data.sync.timeout.retry = -1 (default)
2019-09-25 07:05:21,247 [pool-47-thread-1] INFO  server.RaftServerConfigKeys (ConfUtils.java:logGet(43)) - raft.server.log.statemachine.data.caching.enabled = true (custom)
2019-09-25 07:05:21,248 [pool-47-thread-1] INFO  segmented.SegmentedRaftLogWorker (SegmentedRaftLogWorker.java:lambda$new$0(132)) - 24bf2945-a329-4da6-aaf2-23ecd8d462c6@group-960573725A1C-SegmentedRaftLogWorker: flushIndex: setUnconditionally 0 -> -1
2019-09-25 07:05:21,248 [pool-47-thread-1] INFO  server.RaftServerConfigKeys (ConfUtils.java:logGet(43)) - raft.server.snapshot.auto.trigger.enabled = true (custom)
2019-09-25 07:05:21,248 [pool-47-thread-1] INFO  server.RaftServerConfigKeys (ConfUtils.java:logGet(43)) - raft.server.snapshot.auto.trigger.threshold = 10000 (custom)
2019-09-25 07:05:21,248 [pool-47-thread-1] INFO  server.RaftServerConfigKeys (ConfUtils.java:logGet(43)) - raft.server.snapshot.retention.num.files = 5 (custom)
2019-09-25 07:05:21,248 [pool-47-thread-1] INFO  server.RaftServerConfigKeys (ConfUtils.java:logGet(43)) - raft.server.retrycache.expirytime = 600000ms (custom)
2019-09-25 07:05:21,250 [pool-47-thread-1] INFO  impl.RaftServerImpl (RaftServerImpl.java:start(185)) - 24bf2945-a329-4da6-aaf2-23ecd8d462c6@group-960573725A1C: start as a follower, conf=-1: [24bf2945-a329-4da6-aaf2-23ecd8d462c6:192.168.30.10:42867], old=null
2019-09-25 07:05:21,250 [pool-47-thread-1] INFO  impl.RaftServerImpl (RaftServerImpl.java:setRole(174)) - 24bf2945-a329-4da6-aaf2-23ecd8d462c6@group-960573725A1C: changes role from      null to FOLLOWER at term 0 for startAsFollower
2019-09-25 07:05:21,250 [pool-47-thread-1] INFO  impl.RoleInfo (RoleInfo.java:updateAndGet(143)) - 24bf2945-a329-4da6-aaf2-23ecd8d462c6: start FollowerState
2019-09-25 07:05:21,250 [pool-47-thread-1] INFO  util.JmxRegister (JmxRegister.java:tryRegister(44)) - Successfully registered JMX Bean with object name Ratis:service=RaftServer,group=group-960573725A1C,id=24bf2945-a329-4da6-aaf2-23ecd8d462c6
2019-09-25 07:05:21,253 [RatisPipelineUtilsThread] INFO  pipeline.PipelineStateManager (PipelineStateManager.java:addPipeline(56)) - Created pipeline Pipeline[ Id: 25609d94-35e9-4a56-a67e-960573725a1c, Nodes: 24bf2945-a329-4da6-aaf2-23ecd8d462c6{ip: 192.168.30.10, host: pr-hdds-1569-s62bp-3040748787, networkLocation: /default-rack, certSerialId: null}, Type:RATIS, Factor:ONE, State:OPEN]
2019-09-25 07:05:21,258 [grpc-default-executor-1] INFO  impl.RaftServerProxy (RaftServerProxy.java:addNew(89)) - e568d23f-199e-48ce-91e4-5c166e2e97cd: addNew group-6114E45ACC19:[e568d23f-199e-48ce-91e4-5c166e2e97cd:192.168.30.10:42827] returns group-6114E45ACC19:java.util.concurrent.CompletableFuture@7684902d[Not completed]
2019-09-25 07:05:21,258 [pool-27-thread-1] INFO  impl.RaftServerImpl (RaftServerImpl.java:<init>(95)) - e568d23f-199e-48ce-91e4-5c166e2e97cd: new RaftServerImpl for group-6114E45ACC19:[e568d23f-199e-48ce-91e4-5c166e2e97cd:192.168.30.10:42827] with ContainerStateMachine:uninitialized
2019-09-25 07:05:21,258 [pool-27-thread-1] INFO  server.RaftServerConfigKeys (ConfUtils.java:logGet(43)) - raft.server.rpc.timeout.min = 5s (custom)
2019-09-25 07:05:21,258 [pool-27-thread-1] INFO  server.RaftServerConfigKeys (ConfUtils.java:logGet(43)) - raft.server.rpc.timeout.max = 5200ms (custom)
2019-09-25 07:05:21,259 [pool-27-thread-1] INFO  server.RaftServerConfigKeys (ConfUtils.java:logGet(43)) - raft.server.rpcslowness.timeout = 120s (custom)
2019-09-25 07:05:21,259 [pool-27-thread-1] INFO  server.RaftServerConfigKeys (ConfUtils.java:logGet(43)) - raft.server.sleep.deviation.threshold = 300 (default)
2019-09-25 07:05:21,259 [pool-27-thread-1] INFO  server.RaftServerConfigKeys (ConfUtils.java:logGet(43)) - raft.server.log.appender.install.snapshot.enabled = false (custom)
2019-09-25 07:05:21,259 [pool-27-thread-1] INFO  impl.RaftServerImpl (ServerState.java:<init>(103)) - e568d23f-199e-48ce-91e4-5c166e2e97cd@group-6114E45ACC19: ConfigurationManager, init=-1: [e568d23f-199e-48ce-91e4-5c166e2e97cd:192.168.30.10:42827], old=null, confs=<EMPTY_MAP>
2019-09-25 07:05:21,259 [pool-27-thread-1] INFO  server.RaftServerConfigKeys (ConfUtils.java:logGet(43)) - raft.server.storage.dir = [/workdir/hadoop-ozone/integration-test/target/test-dir/MiniOzoneClusterImpl-39af9574-7a8b-4ed7-b830-bf686a3d4bb8/datanode-0/data/ratis] (custom)
2019-09-25 07:05:21,260 [pool-27-thread-1] INFO  storage.RaftStorageDirectory (RaftStorageDirectory.java:analyzeStorage(246)) - The storage directory /workdir/hadoop-ozone/integration-test/target/test-dir/MiniOzoneClusterImpl-39af9574-7a8b-4ed7-b830-bf686a3d4bb8/datanode-0/data/ratis/f809a4a8-60c7-4a15-a403-6114e45acc19 does not exist. Creating ...
2019-09-25 07:05:21,272 [pool-27-thread-1] INFO  storage.RaftStorageDirectory (RaftStorageDirectory.java:tryLock(328)) - Lock on /workdir/hadoop-ozone/integration-test/target/test-dir/MiniOzoneClusterImpl-39af9574-7a8b-4ed7-b830-bf686a3d4bb8/datanode-0/data/ratis/f809a4a8-60c7-4a15-a403-6114e45acc19/in_use.lock acquired by nodename 19495@pr-hdds-1569-s62bp-3040748787
2019-09-25 07:05:21,285 [pool-27-thread-1] INFO  storage.RaftStorage (RaftStorage.java:format(72)) - Storage directory /workdir/hadoop-ozone/integration-test/target/test-dir/MiniOzoneClusterImpl-39af9574-7a8b-4ed7-b830-bf686a3d4bb8/datanode-0/data/ratis/f809a4a8-60c7-4a15-a403-6114e45acc19 has been successfully formatted.
2019-09-25 07:05:21,285 [pool-27-thread-1] INFO  ratis.ContainerStateMachine (ContainerStateMachine.java:loadSnapshot(230)) - group-6114E45ACC19: The snapshot info is null. Setting the last applied indexto:(t:0, i:~)
2019-09-25 07:05:21,286 [pool-27-thread-1] INFO  server.RaftServerConfigKeys (ConfUtils.java:logGet(43)) - raft.server.notification.no-leader.timeout = 120s (custom)
2019-09-25 07:05:21,286 [pool-27-thread-1] INFO  server.RaftServerConfigKeys (ConfUtils.java:logGet(43)) - raft.server.log.use.memory = false (default)
2019-09-25 07:05:21,286 [pool-27-thread-1] INFO  server.RaftServerConfigKeys (ConfUtils.java:logGet(43)) - raft.server.log.purge.gap = 1000000 (custom)
2019-09-25 07:05:21,286 [pool-27-thread-1] INFO  server.RaftServerConfigKeys (ConfUtils.java:logGet(43)) - raft.server.log.appender.buffer.byte-limit = 33554432 (custom)
2019-09-25 07:05:21,286 [pool-27-thread-1] INFO  server.RaftServerConfigKeys (ConfUtils.java:logGet(43)) - raft.server.log.segment.size.max = 1048576 (custom)
2019-09-25 07:05:21,286 [pool-27-thread-1] INFO  server.RaftServerConfigKeys (ConfUtils.java:logGet(43)) - raft.server.log.segment.cache.num.max = 2 (custom)
2019-09-25 07:05:21,286 [pool-27-thread-1] INFO  segmented.SegmentedRaftLogWorker (SegmentedRaftLogWorker.java:<init>(172)) - new e568d23f-199e-48ce-91e4-5c166e2e97cd@group-6114E45ACC19-SegmentedRaftLogWorker for RaftStorage:Storage Directory /workdir/hadoop-ozone/integration-test/target/test-dir/MiniOzoneClusterImpl-39af9574-7a8b-4ed7-b830-bf686a3d4bb8/datanode-0/data/ratis/f809a4a8-60c7-4a15-a403-6114e45acc19
2019-09-25 07:05:21,287 [pool-27-thread-1] INFO  server.RaftServerConfigKeys (ConfUtils.java:logGet(43)) - raft.server.log.queue.byte-limit = 2147483647 (custom)
2019-09-25 07:05:21,287 [pool-27-thread-1] INFO  server.RaftServerConfigKeys (ConfUtils.java:logGet(43)) - raft.server.log.queue.element-limit = 1024 (custom)
2019-09-25 07:05:21,287 [pool-27-thread-1] INFO  server.RaftServerConfigKeys (ConfUtils.java:logGet(43)) - raft.server.log.segment.size.max = 1048576 (custom)
2019-09-25 07:05:21,287 [pool-27-thread-1] INFO  server.RaftServerConfigKeys (ConfUtils.java:logGet(43)) - raft.server.log.preallocated.size = 16384 (custom)
2019-09-25 07:05:21,287 [pool-27-thread-1] INFO  server.RaftServerConfigKeys (ConfUtils.java:logGet(43)) - raft.server.log.write.buffer.size = 33554432 (custom)
2019-09-25 07:05:21,287 [pool-27-thread-1] INFO  server.RaftServerConfigKeys (ConfUtils.java:logGet(43)) - raft.server.log.force.sync.num = 128 (default)
2019-09-25 07:05:21,287 [pool-27-thread-1] INFO  server.RaftServerConfigKeys (ConfUtils.java:logGet(43)) - raft.server.log.statemachine.data.sync = true (default)
2019-09-25 07:05:21,288 [pool-27-thread-1] INFO  server.RaftServerConfigKeys (ConfUtils.java:logGet(43)) - raft.server.log.statemachine.data.sync.timeout = 10s (default)
2019-09-25 07:05:21,288 [pool-27-thread-1] INFO  server.RaftServerConfigKeys (ConfUtils.java:logGet(43)) - raft.server.log.statemachine.data.sync.timeout.retry = -1 (default)
2019-09-25 07:05:21,288 [pool-27-thread-1] INFO  server.RaftServerConfigKeys (ConfUtils.java:logGet(43)) - raft.server.log.statemachine.data.caching.enabled = true (custom)
2019-09-25 07:05:21,288 [pool-27-thread-1] INFO  segmented.SegmentedRaftLogWorker (SegmentedRaftLogWorker.java:lambda$new$0(132)) - e568d23f-199e-48ce-91e4-5c166e2e97cd@group-6114E45ACC19-SegmentedRaftLogWorker: flushIndex: setUnconditionally 0 -> -1
2019-09-25 07:05:21,288 [pool-27-thread-1] INFO  server.RaftServerConfigKeys (ConfUtils.java:logGet(43)) - raft.server.snapshot.auto.trigger.enabled = true (custom)
2019-09-25 07:05:21,289 [pool-27-thread-1] INFO  server.RaftServerConfigKeys (ConfUtils.java:logGet(43)) - raft.server.snapshot.auto.trigger.threshold = 10000 (custom)
2019-09-25 07:05:21,289 [pool-27-thread-1] INFO  server.RaftServerConfigKeys (ConfUtils.java:logGet(43)) - raft.server.snapshot.retention.num.files = 5 (custom)
2019-09-25 07:05:21,289 [pool-27-thread-1] INFO  server.RaftServerConfigKeys (ConfUtils.java:logGet(43)) - raft.server.retrycache.expirytime = 600000ms (custom)
2019-09-25 07:05:21,291 [pool-27-thread-1] INFO  impl.RaftServerImpl (RaftServerImpl.java:start(185)) - e568d23f-199e-48ce-91e4-5c166e2e97cd@group-6114E45ACC19: start as a follower, conf=-1: [e568d23f-199e-48ce-91e4-5c166e2e97cd:192.168.30.10:42827], old=null
2019-09-25 07:05:21,291 [pool-27-thread-1] INFO  impl.RaftServerImpl (RaftServerImpl.java:setRole(174)) - e568d23f-199e-48ce-91e4-5c166e2e97cd@group-6114E45ACC19: changes role from      null to FOLLOWER at term 0 for startAsFollower
2019-09-25 07:05:21,291 [pool-27-thread-1] INFO  impl.RoleInfo (RoleInfo.java:updateAndGet(143)) - e568d23f-199e-48ce-91e4-5c166e2e97cd: start FollowerState
2019-09-25 07:05:21,291 [pool-27-thread-1] INFO  util.JmxRegister (JmxRegister.java:tryRegister(44)) - Successfully registered JMX Bean with object name Ratis:service=RaftServer,group=group-6114E45ACC19,id=e568d23f-199e-48ce-91e4-5c166e2e97cd
2019-09-25 07:05:21,294 [RatisPipelineUtilsThread] INFO  pipeline.PipelineStateManager (PipelineStateManager.java:addPipeline(56)) - Created pipeline Pipeline[ Id: f809a4a8-60c7-4a15-a403-6114e45acc19, Nodes: e568d23f-199e-48ce-91e4-5c166e2e97cd{ip: 192.168.30.10, host: pr-hdds-1569-s62bp-3040748787, networkLocation: /default-rack, certSerialId: null}, Type:RATIS, Factor:ONE, State:OPEN]
2019-09-25 07:05:21,298 [grpc-default-executor-1] INFO  impl.RaftServerProxy (RaftServerProxy.java:addNew(89)) - 62ec8eb9-3ae9-4136-b70a-2caf3716fa7f: addNew group-E27CAF7FB19C:[62ec8eb9-3ae9-4136-b70a-2caf3716fa7f:192.168.30.10:44715] returns group-E27CAF7FB19C:java.util.concurrent.CompletableFuture@52846cdd[Not completed]
2019-09-25 07:05:21,299 [pool-37-thread-1] INFO  impl.RaftServerImpl (RaftServerImpl.java:<init>(95)) - 62ec8eb9-3ae9-4136-b70a-2caf3716fa7f: new RaftServerImpl for group-E27CAF7FB19C:[62ec8eb9-3ae9-4136-b70a-2caf3716fa7f:192.168.30.10:44715] with ContainerStateMachine:uninitialized
2019-09-25 07:05:21,299 [pool-37-thread-1] INFO  server.RaftServerConfigKeys (ConfUtils.java:logGet(43)) - raft.server.rpc.timeout.min = 5s (custom)
2019-09-25 07:05:21,299 [pool-37-thread-1] INFO  server.RaftServerConfigKeys (ConfUtils.java:logGet(43)) - raft.server.rpc.timeout.max = 5200ms (custom)
2019-09-25 07:05:21,300 [pool-37-thread-1] INFO  server.RaftServerConfigKeys (ConfUtils.java:logGet(43)) - raft.server.rpcslowness.timeout = 120s (custom)
2019-09-25 07:05:21,300 [pool-37-thread-1] INFO  server.RaftServerConfigKeys (ConfUtils.java:logGet(43)) - raft.server.sleep.deviation.threshold = 300 (default)
2019-09-25 07:05:21,300 [pool-37-thread-1] INFO  server.RaftServerConfigKeys (ConfUtils.java:logGet(43)) - raft.server.log.appender.install.snapshot.enabled = false (custom)
2019-09-25 07:05:21,300 [pool-37-thread-1] INFO  impl.RaftServerImpl (ServerState.java:<init>(103)) - 62ec8eb9-3ae9-4136-b70a-2caf3716fa7f@group-E27CAF7FB19C: ConfigurationManager, init=-1: [62ec8eb9-3ae9-4136-b70a-2caf3716fa7f:192.168.30.10:44715], old=null, confs=<EMPTY_MAP>
2019-09-25 07:05:21,300 [pool-37-thread-1] INFO  server.RaftServerConfigKeys (ConfUtils.java:logGet(43)) - raft.server.storage.dir = [/workdir/hadoop-ozone/integration-test/target/test-dir/MiniOzoneClusterImpl-39af9574-7a8b-4ed7-b830-bf686a3d4bb8/datanode-1/data/ratis] (custom)
2019-09-25 07:05:21,301 [pool-37-thread-1] INFO  storage.RaftStorageDirectory (RaftStorageDirectory.java:analyzeStorage(246)) - The storage directory /workdir/hadoop-ozone/integration-test/target/test-dir/MiniOzoneClusterImpl-39af9574-7a8b-4ed7-b830-bf686a3d4bb8/datanode-1/data/ratis/d60ab12e-8814-4f6e-a972-e27caf7fb19c does not exist. Creating ...
2019-09-25 07:05:21,326 [pool-37-thread-1] INFO  storage.RaftStorageDirectory (RaftStorageDirectory.java:tryLock(328)) - Lock on /workdir/hadoop-ozone/integration-test/target/test-dir/MiniOzoneClusterImpl-39af9574-7a8b-4ed7-b830-bf686a3d4bb8/datanode-1/data/ratis/d60ab12e-8814-4f6e-a972-e27caf7fb19c/in_use.lock acquired by nodename 19495@pr-hdds-1569-s62bp-3040748787
2019-09-25 07:05:21,338 [pool-37-thread-1] INFO  storage.RaftStorage (RaftStorage.java:format(72)) - Storage directory /workdir/hadoop-ozone/integration-test/target/test-dir/MiniOzoneClusterImpl-39af9574-7a8b-4ed7-b830-bf686a3d4bb8/datanode-1/data/ratis/d60ab12e-8814-4f6e-a972-e27caf7fb19c has been successfully formatted.
2019-09-25 07:05:21,339 [pool-37-thread-1] INFO  ratis.ContainerStateMachine (ContainerStateMachine.java:loadSnapshot(230)) - group-E27CAF7FB19C: The snapshot info is null. Setting the last applied indexto:(t:0, i:~)
2019-09-25 07:05:21,339 [pool-37-thread-1] INFO  server.RaftServerConfigKeys (ConfUtils.java:logGet(43)) - raft.server.notification.no-leader.timeout = 120s (custom)
2019-09-25 07:05:21,339 [pool-37-thread-1] INFO  server.RaftServerConfigKeys (ConfUtils.java:logGet(43)) - raft.server.log.use.memory = false (default)
2019-09-25 07:05:21,339 [pool-37-thread-1] INFO  server.RaftServerConfigKeys (ConfUtils.java:logGet(43)) - raft.server.log.purge.gap = 1000000 (custom)
2019-09-25 07:05:21,339 [pool-37-thread-1] INFO  server.RaftServerConfigKeys (ConfUtils.java:logGet(43)) - raft.server.log.appender.buffer.byte-limit = 33554432 (custom)
2019-09-25 07:05:21,339 [pool-37-thread-1] INFO  server.RaftServerConfigKeys (ConfUtils.java:logGet(43)) - raft.server.log.segment.size.max = 1048576 (custom)
2019-09-25 07:05:21,340 [pool-37-thread-1] INFO  server.RaftServerConfigKeys (ConfUtils.java:logGet(43)) - raft.server.log.segment.cache.num.max = 2 (custom)
2019-09-25 07:05:21,340 [pool-37-thread-1] INFO  segmented.SegmentedRaftLogWorker (SegmentedRaftLogWorker.java:<init>(172)) - new 62ec8eb9-3ae9-4136-b70a-2caf3716fa7f@group-E27CAF7FB19C-SegmentedRaftLogWorker for RaftStorage:Storage Directory /workdir/hadoop-ozone/integration-test/target/test-dir/MiniOzoneClusterImpl-39af9574-7a8b-4ed7-b830-bf686a3d4bb8/datanode-1/data/ratis/d60ab12e-8814-4f6e-a972-e27caf7fb19c
2019-09-25 07:05:21,340 [pool-37-thread-1] INFO  server.RaftServerConfigKeys (ConfUtils.java:logGet(43)) - raft.server.log.queue.byte-limit = 2147483647 (custom)
2019-09-25 07:05:21,340 [pool-37-thread-1] INFO  server.RaftServerConfigKeys (ConfUtils.java:logGet(43)) - raft.server.log.queue.element-limit = 1024 (custom)
2019-09-25 07:05:21,340 [pool-37-thread-1] INFO  server.RaftServerConfigKeys (ConfUtils.java:logGet(43)) - raft.server.log.segment.size.max = 1048576 (custom)
2019-09-25 07:05:21,340 [pool-37-thread-1] INFO  server.RaftServerConfigKeys (ConfUtils.java:logGet(43)) - raft.server.log.preallocated.size = 16384 (custom)
2019-09-25 07:05:21,340 [pool-37-thread-1] INFO  server.RaftServerConfigKeys (ConfUtils.java:logGet(43)) - raft.server.log.write.buffer.size = 33554432 (custom)
2019-09-25 07:05:21,341 [pool-37-thread-1] INFO  server.RaftServerConfigKeys (ConfUtils.java:logGet(43)) - raft.server.log.force.sync.num = 128 (default)
2019-09-25 07:05:21,341 [pool-37-thread-1] INFO  server.RaftServerConfigKeys (ConfUtils.java:logGet(43)) - raft.server.log.statemachine.data.sync = true (default)
2019-09-25 07:05:21,341 [pool-37-thread-1] INFO  server.RaftServerConfigKeys (ConfUtils.java:logGet(43)) - raft.server.log.statemachine.data.sync.timeout = 10s (default)
2019-09-25 07:05:21,341 [pool-37-thread-1] INFO  server.RaftServerConfigKeys (ConfUtils.java:logGet(43)) - raft.server.log.statemachine.data.sync.timeout.retry = -1 (default)
2019-09-25 07:05:21,341 [pool-37-thread-1] INFO  server.RaftServerConfigKeys (ConfUtils.java:logGet(43)) - raft.server.log.statemachine.data.caching.enabled = true (custom)
2019-09-25 07:05:21,341 [pool-37-thread-1] INFO  segmented.SegmentedRaftLogWorker (SegmentedRaftLogWorker.java:lambda$new$0(132)) - 62ec8eb9-3ae9-4136-b70a-2caf3716fa7f@group-E27CAF7FB19C-SegmentedRaftLogWorker: flushIndex: setUnconditionally 0 -> -1
2019-09-25 07:05:21,342 [pool-37-thread-1] INFO  server.RaftServerConfigKeys (ConfUtils.java:logGet(43)) - raft.server.snapshot.auto.trigger.enabled = true (custom)
2019-09-25 07:05:21,342 [pool-37-thread-1] INFO  server.RaftServerConfigKeys (ConfUtils.java:logGet(43)) - raft.server.snapshot.auto.trigger.threshold = 10000 (custom)
2019-09-25 07:05:21,342 [pool-37-thread-1] INFO  server.RaftServerConfigKeys (ConfUtils.java:logGet(43)) - raft.server.snapshot.retention.num.files = 5 (custom)
2019-09-25 07:05:21,342 [pool-37-thread-1] INFO  server.RaftServerConfigKeys (ConfUtils.java:logGet(43)) - raft.server.retrycache.expirytime = 600000ms (custom)
2019-09-25 07:05:21,344 [pool-37-thread-1] INFO  impl.RaftServerImpl (RaftServerImpl.java:start(185)) - 62ec8eb9-3ae9-4136-b70a-2caf3716fa7f@group-E27CAF7FB19C: start as a follower, conf=-1: [62ec8eb9-3ae9-4136-b70a-2caf3716fa7f:192.168.30.10:44715], old=null
2019-09-25 07:05:21,344 [pool-37-thread-1] INFO  impl.RaftServerImpl (RaftServerImpl.java:setRole(174)) - 62ec8eb9-3ae9-4136-b70a-2caf3716fa7f@group-E27CAF7FB19C: changes role from      null to FOLLOWER at term 0 for startAsFollower
2019-09-25 07:05:21,344 [pool-37-thread-1] INFO  impl.RoleInfo (RoleInfo.java:updateAndGet(143)) - 62ec8eb9-3ae9-4136-b70a-2caf3716fa7f: start FollowerState
2019-09-25 07:05:21,344 [pool-37-thread-1] INFO  util.JmxRegister (JmxRegister.java:tryRegister(44)) - Successfully registered JMX Bean with object name Ratis:service=RaftServer,group=group-E27CAF7FB19C,id=62ec8eb9-3ae9-4136-b70a-2caf3716fa7f
2019-09-25 07:05:21,346 [RatisPipelineUtilsThread] INFO  pipeline.PipelineStateManager (PipelineStateManager.java:addPipeline(56)) - Created pipeline Pipeline[ Id: d60ab12e-8814-4f6e-a972-e27caf7fb19c, Nodes: 62ec8eb9-3ae9-4136-b70a-2caf3716fa7f{ip: 192.168.30.10, host: pr-hdds-1569-s62bp-3040748787, networkLocation: /default-rack, certSerialId: null}, Type:RATIS, Factor:ONE, State:OPEN]
2019-09-25 07:05:21,351 [grpc-default-executor-1] INFO  impl.RaftServerProxy (RaftServerProxy.java:addNew(89)) - 24bf2945-a329-4da6-aaf2-23ecd8d462c6: addNew group-028921FA31D7:[24bf2945-a329-4da6-aaf2-23ecd8d462c6:192.168.30.10:42867] returns group-028921FA31D7:java.util.concurrent.CompletableFuture@3d83f775[Not completed]
2019-09-25 07:05:21,352 [pool-47-thread-1] INFO  impl.RaftServerImpl (RaftServerImpl.java:<init>(95)) - 24bf2945-a329-4da6-aaf2-23ecd8d462c6: new RaftServerImpl for group-028921FA31D7:[24bf2945-a329-4da6-aaf2-23ecd8d462c6:192.168.30.10:42867] with ContainerStateMachine:uninitialized
2019-09-25 07:05:21,352 [pool-47-thread-1] INFO  server.RaftServerConfigKeys (ConfUtils.java:logGet(43)) - raft.server.rpc.timeout.min = 5s (custom)
2019-09-25 07:05:21,352 [pool-47-thread-1] INFO  server.RaftServerConfigKeys (ConfUtils.java:logGet(43)) - raft.server.rpc.timeout.max = 5200ms (custom)
2019-09-25 07:05:21,352 [pool-47-thread-1] INFO  server.RaftServerConfigKeys (ConfUtils.java:logGet(43)) - raft.server.rpcslowness.timeout = 120s (custom)
2019-09-25 07:05:21,352 [pool-47-thread-1] INFO  server.RaftServerConfigKeys (ConfUtils.java:logGet(43)) - raft.server.sleep.deviation.threshold = 300 (default)
2019-09-25 07:05:21,352 [pool-47-thread-1] INFO  server.RaftServerConfigKeys (ConfUtils.java:logGet(43)) - raft.server.log.appender.install.snapshot.enabled = false (custom)
2019-09-25 07:05:21,353 [pool-47-thread-1] INFO  impl.RaftServerImpl (ServerState.java:<init>(103)) - 24bf2945-a329-4da6-aaf2-23ecd8d462c6@group-028921FA31D7: ConfigurationManager, init=-1: [24bf2945-a329-4da6-aaf2-23ecd8d462c6:192.168.30.10:42867], old=null, confs=<EMPTY_MAP>
2019-09-25 07:05:21,353 [pool-47-thread-1] INFO  server.RaftServerConfigKeys (ConfUtils.java:logGet(43)) - raft.server.storage.dir = [/workdir/hadoop-ozone/integration-test/target/test-dir/MiniOzoneClusterImpl-39af9574-7a8b-4ed7-b830-bf686a3d4bb8/datanode-2/data/ratis] (custom)
2019-09-25 07:05:21,353 [pool-47-thread-1] INFO  storage.RaftStorageDirectory (RaftStorageDirectory.java:analyzeStorage(246)) - The storage directory /workdir/hadoop-ozone/integration-test/target/test-dir/MiniOzoneClusterImpl-39af9574-7a8b-4ed7-b830-bf686a3d4bb8/datanode-2/data/ratis/18fc8fa7-b9d0-4b3b-817a-028921fa31d7 does not exist. Creating ...
2019-09-25 07:05:21,366 [pool-47-thread-1] INFO  storage.RaftStorageDirectory (RaftStorageDirectory.java:tryLock(328)) - Lock on /workdir/hadoop-ozone/integration-test/target/test-dir/MiniOzoneClusterImpl-39af9574-7a8b-4ed7-b830-bf686a3d4bb8/datanode-2/data/ratis/18fc8fa7-b9d0-4b3b-817a-028921fa31d7/in_use.lock acquired by nodename 19495@pr-hdds-1569-s62bp-3040748787
2019-09-25 07:05:21,384 [pool-47-thread-1] INFO  storage.RaftStorage (RaftStorage.java:format(72)) - Storage directory /workdir/hadoop-ozone/integration-test/target/test-dir/MiniOzoneClusterImpl-39af9574-7a8b-4ed7-b830-bf686a3d4bb8/datanode-2/data/ratis/18fc8fa7-b9d0-4b3b-817a-028921fa31d7 has been successfully formatted.
2019-09-25 07:05:21,384 [pool-47-thread-1] INFO  ratis.ContainerStateMachine (ContainerStateMachine.java:loadSnapshot(230)) - group-028921FA31D7: The snapshot info is null. Setting the last applied indexto:(t:0, i:~)
2019-09-25 07:05:21,385 [pool-47-thread-1] INFO  server.RaftServerConfigKeys (ConfUtils.java:logGet(43)) - raft.server.notification.no-leader.timeout = 120s (custom)
2019-09-25 07:05:21,385 [pool-47-thread-1] INFO  server.RaftServerConfigKeys (ConfUtils.java:logGet(43)) - raft.server.log.use.memory = false (default)
2019-09-25 07:05:21,385 [pool-47-thread-1] INFO  server.RaftServerConfigKeys (ConfUtils.java:logGet(43)) - raft.server.log.purge.gap = 1000000 (custom)
2019-09-25 07:05:21,385 [pool-47-thread-1] INFO  server.RaftServerConfigKeys (ConfUtils.java:logGet(43)) - raft.server.log.appender.buffer.byte-limit = 33554432 (custom)
2019-09-25 07:05:21,385 [pool-47-thread-1] INFO  server.RaftServerConfigKeys (ConfUtils.java:logGet(43)) - raft.server.log.segment.size.max = 1048576 (custom)
2019-09-25 07:05:21,385 [pool-47-thread-1] INFO  server.RaftServerConfigKeys (ConfUtils.java:logGet(43)) - raft.server.log.segment.cache.num.max = 2 (custom)
2019-09-25 07:05:21,386 [pool-47-thread-1] INFO  segmented.SegmentedRaftLogWorker (SegmentedRaftLogWorker.java:<init>(172)) - new 24bf2945-a329-4da6-aaf2-23ecd8d462c6@group-028921FA31D7-SegmentedRaftLogWorker for RaftStorage:Storage Directory /workdir/hadoop-ozone/integration-test/target/test-dir/MiniOzoneClusterImpl-39af9574-7a8b-4ed7-b830-bf686a3d4bb8/datanode-2/data/ratis/18fc8fa7-b9d0-4b3b-817a-028921fa31d7
2019-09-25 07:05:21,386 [pool-47-thread-1] INFO  server.RaftServerConfigKeys (ConfUtils.java:logGet(43)) - raft.server.log.queue.byte-limit = 2147483647 (custom)
2019-09-25 07:05:21,386 [pool-47-thread-1] INFO  server.RaftServerConfigKeys (ConfUtils.java:logGet(43)) - raft.server.log.queue.element-limit = 1024 (custom)
2019-09-25 07:05:21,386 [pool-47-thread-1] INFO  server.RaftServerConfigKeys (ConfUtils.java:logGet(43)) - raft.server.log.segment.size.max = 1048576 (custom)
2019-09-25 07:05:21,386 [pool-47-thread-1] INFO  server.RaftServerConfigKeys (ConfUtils.java:logGet(43)) - raft.server.log.preallocated.size = 16384 (custom)
2019-09-25 07:05:21,386 [pool-47-thread-1] INFO  server.RaftServerConfigKeys (ConfUtils.java:logGet(43)) - raft.server.log.write.buffer.size = 33554432 (custom)
2019-09-25 07:05:21,386 [pool-47-thread-1] INFO  server.RaftServerConfigKeys (ConfUtils.java:logGet(43)) - raft.server.log.force.sync.num = 128 (default)
2019-09-25 07:05:21,387 [pool-47-thread-1] INFO  server.RaftServerConfigKeys (ConfUtils.java:logGet(43)) - raft.server.log.statemachine.data.sync = true (default)
2019-09-25 07:05:21,387 [pool-47-thread-1] INFO  server.RaftServerConfigKeys (ConfUtils.java:logGet(43)) - raft.server.log.statemachine.data.sync.timeout = 10s (default)
2019-09-25 07:05:21,387 [pool-47-thread-1] INFO  server.RaftServerConfigKeys (ConfUtils.java:logGet(43)) - raft.server.log.statemachine.data.sync.timeout.retry = -1 (default)
2019-09-25 07:05:21,387 [pool-47-thread-1] INFO  server.RaftServerConfigKeys (ConfUtils.java:logGet(43)) - raft.server.log.statemachine.data.caching.enabled = true (custom)
2019-09-25 07:05:21,387 [pool-47-thread-1] INFO  segmented.SegmentedRaftLogWorker (SegmentedRaftLogWorker.java:lambda$new$0(132)) - 24bf2945-a329-4da6-aaf2-23ecd8d462c6@group-028921FA31D7-SegmentedRaftLogWorker: flushIndex: setUnconditionally 0 -> -1
2019-09-25 07:05:21,388 [pool-47-thread-1] INFO  server.RaftServerConfigKeys (ConfUtils.java:logGet(43)) - raft.server.snapshot.auto.trigger.enabled = true (custom)
2019-09-25 07:05:21,388 [pool-47-thread-1] INFO  server.RaftServerConfigKeys (ConfUtils.java:logGet(43)) - raft.server.snapshot.auto.trigger.threshold = 10000 (custom)
2019-09-25 07:05:21,388 [pool-47-thread-1] INFO  server.RaftServerConfigKeys (ConfUtils.java:logGet(43)) - raft.server.snapshot.retention.num.files = 5 (custom)
2019-09-25 07:05:21,388 [pool-47-thread-1] INFO  server.RaftServerConfigKeys (ConfUtils.java:logGet(43)) - raft.server.retrycache.expirytime = 600000ms (custom)
2019-09-25 07:05:21,390 [pool-47-thread-1] INFO  impl.RaftServerImpl (RaftServerImpl.java:start(185)) - 24bf2945-a329-4da6-aaf2-23ecd8d462c6@group-028921FA31D7: start as a follower, conf=-1: [24bf2945-a329-4da6-aaf2-23ecd8d462c6:192.168.30.10:42867], old=null
2019-09-25 07:05:21,390 [pool-47-thread-1] INFO  impl.RaftServerImpl (RaftServerImpl.java:setRole(174)) - 24bf2945-a329-4da6-aaf2-23ecd8d462c6@group-028921FA31D7: changes role from      null to FOLLOWER at term 0 for startAsFollower
2019-09-25 07:05:21,390 [pool-47-thread-1] INFO  impl.RoleInfo (RoleInfo.java:updateAndGet(143)) - 24bf2945-a329-4da6-aaf2-23ecd8d462c6: start FollowerState
2019-09-25 07:05:21,390 [pool-47-thread-1] INFO  util.JmxRegister (JmxRegister.java:tryRegister(44)) - Successfully registered JMX Bean with object name Ratis:service=RaftServer,group=group-028921FA31D7,id=24bf2945-a329-4da6-aaf2-23ecd8d462c6
2019-09-25 07:05:21,393 [RatisPipelineUtilsThread] INFO  pipeline.PipelineStateManager (PipelineStateManager.java:addPipeline(56)) - Created pipeline Pipeline[ Id: 18fc8fa7-b9d0-4b3b-817a-028921fa31d7, Nodes: 24bf2945-a329-4da6-aaf2-23ecd8d462c6{ip: 192.168.30.10, host: pr-hdds-1569-s62bp-3040748787, networkLocation: /default-rack, certSerialId: null}, Type:RATIS, Factor:ONE, State:OPEN]
2019-09-25 07:05:21,397 [grpc-default-executor-1] INFO  impl.RaftServerProxy (RaftServerProxy.java:addNew(89)) - e568d23f-199e-48ce-91e4-5c166e2e97cd: addNew group-A7DC699CA744:[e568d23f-199e-48ce-91e4-5c166e2e97cd:192.168.30.10:42827] returns group-A7DC699CA744:java.util.concurrent.CompletableFuture@30e998df[Not completed]
2019-09-25 07:05:21,399 [pool-27-thread-1] INFO  impl.RaftServerImpl (RaftServerImpl.java:<init>(95)) - e568d23f-199e-48ce-91e4-5c166e2e97cd: new RaftServerImpl for group-A7DC699CA744:[e568d23f-199e-48ce-91e4-5c166e2e97cd:192.168.30.10:42827] with ContainerStateMachine:uninitialized
2019-09-25 07:05:21,399 [pool-27-thread-1] INFO  server.RaftServerConfigKeys (ConfUtils.java:logGet(43)) - raft.server.rpc.timeout.min = 5s (custom)
2019-09-25 07:05:21,399 [pool-27-thread-1] INFO  server.RaftServerConfigKeys (ConfUtils.java:logGet(43)) - raft.server.rpc.timeout.max = 5200ms (custom)
2019-09-25 07:05:21,399 [pool-27-thread-1] INFO  server.RaftServerConfigKeys (ConfUtils.java:logGet(43)) - raft.server.rpcslowness.timeout = 120s (custom)
2019-09-25 07:05:21,399 [pool-27-thread-1] INFO  server.RaftServerConfigKeys (ConfUtils.java:logGet(43)) - raft.server.sleep.deviation.threshold = 300 (default)
2019-09-25 07:05:21,399 [pool-27-thread-1] INFO  server.RaftServerConfigKeys (ConfUtils.java:logGet(43)) - raft.server.log.appender.install.snapshot.enabled = false (custom)
2019-09-25 07:05:21,400 [pool-27-thread-1] INFO  impl.RaftServerImpl (ServerState.java:<init>(103)) - e568d23f-199e-48ce-91e4-5c166e2e97cd@group-A7DC699CA744: ConfigurationManager, init=-1: [e568d23f-199e-48ce-91e4-5c166e2e97cd:192.168.30.10:42827], old=null, confs=<EMPTY_MAP>
2019-09-25 07:05:21,400 [pool-27-thread-1] INFO  server.RaftServerConfigKeys (ConfUtils.java:logGet(43)) - raft.server.storage.dir = [/workdir/hadoop-ozone/integration-test/target/test-dir/MiniOzoneClusterImpl-39af9574-7a8b-4ed7-b830-bf686a3d4bb8/datanode-0/data/ratis] (custom)
2019-09-25 07:05:21,400 [pool-27-thread-1] INFO  storage.RaftStorageDirectory (RaftStorageDirectory.java:analyzeStorage(246)) - The storage directory /workdir/hadoop-ozone/integration-test/target/test-dir/MiniOzoneClusterImpl-39af9574-7a8b-4ed7-b830-bf686a3d4bb8/datanode-0/data/ratis/5ec2ea8c-c419-4975-b040-a7dc699ca744 does not exist. Creating ...
2019-09-25 07:05:21,413 [pool-27-thread-1] INFO  storage.RaftStorageDirectory (RaftStorageDirectory.java:tryLock(328)) - Lock on /workdir/hadoop-ozone/integration-test/target/test-dir/MiniOzoneClusterImpl-39af9574-7a8b-4ed7-b830-bf686a3d4bb8/datanode-0/data/ratis/5ec2ea8c-c419-4975-b040-a7dc699ca744/in_use.lock acquired by nodename 19495@pr-hdds-1569-s62bp-3040748787
2019-09-25 07:05:21,426 [pool-27-thread-1] INFO  storage.RaftStorage (RaftStorage.java:format(72)) - Storage directory /workdir/hadoop-ozone/integration-test/target/test-dir/MiniOzoneClusterImpl-39af9574-7a8b-4ed7-b830-bf686a3d4bb8/datanode-0/data/ratis/5ec2ea8c-c419-4975-b040-a7dc699ca744 has been successfully formatted.
2019-09-25 07:05:21,426 [pool-27-thread-1] INFO  ratis.ContainerStateMachine (ContainerStateMachine.java:loadSnapshot(230)) - group-A7DC699CA744: The snapshot info is null. Setting the last applied indexto:(t:0, i:~)
2019-09-25 07:05:21,426 [pool-27-thread-1] INFO  server.RaftServerConfigKeys (ConfUtils.java:logGet(43)) - raft.server.notification.no-leader.timeout = 120s (custom)
2019-09-25 07:05:21,427 [pool-27-thread-1] INFO  server.RaftServerConfigKeys (ConfUtils.java:logGet(43)) - raft.server.log.use.memory = false (default)
2019-09-25 07:05:21,427 [pool-27-thread-1] INFO  server.RaftServerConfigKeys (ConfUtils.java:logGet(43)) - raft.server.log.purge.gap = 1000000 (custom)
2019-09-25 07:05:21,427 [pool-27-thread-1] INFO  server.RaftServerConfigKeys (ConfUtils.java:logGet(43)) - raft.server.log.appender.buffer.byte-limit = 33554432 (custom)
2019-09-25 07:05:21,427 [pool-27-thread-1] INFO  server.RaftServerConfigKeys (ConfUtils.java:logGet(43)) - raft.server.log.segment.size.max = 1048576 (custom)
2019-09-25 07:05:21,427 [pool-27-thread-1] INFO  server.RaftServerConfigKeys (ConfUtils.java:logGet(43)) - raft.server.log.segment.cache.num.max = 2 (custom)
2019-09-25 07:05:21,427 [pool-27-thread-1] INFO  segmented.SegmentedRaftLogWorker (SegmentedRaftLogWorker.java:<init>(172)) - new e568d23f-199e-48ce-91e4-5c166e2e97cd@group-A7DC699CA744-SegmentedRaftLogWorker for RaftStorage:Storage Directory /workdir/hadoop-ozone/integration-test/target/test-dir/MiniOzoneClusterImpl-39af9574-7a8b-4ed7-b830-bf686a3d4bb8/datanode-0/data/ratis/5ec2ea8c-c419-4975-b040-a7dc699ca744
2019-09-25 07:05:21,427 [pool-27-thread-1] INFO  server.RaftServerConfigKeys (ConfUtils.java:logGet(43)) - raft.server.log.queue.byte-limit = 2147483647 (custom)
2019-09-25 07:05:21,428 [pool-27-thread-1] INFO  server.RaftServerConfigKeys (ConfUtils.java:logGet(43)) - raft.server.log.queue.element-limit = 1024 (custom)
2019-09-25 07:05:21,428 [pool-27-thread-1] INFO  server.RaftServerConfigKeys (ConfUtils.java:logGet(43)) - raft.server.log.segment.size.max = 1048576 (custom)
2019-09-25 07:05:21,428 [pool-27-thread-1] INFO  server.RaftServerConfigKeys (ConfUtils.java:logGet(43)) - raft.server.log.preallocated.size = 16384 (custom)
2019-09-25 07:05:21,428 [pool-27-thread-1] INFO  server.RaftServerConfigKeys (ConfUtils.java:logGet(43)) - raft.server.log.write.buffer.size = 33554432 (custom)
2019-09-25 07:05:21,428 [pool-27-thread-1] INFO  server.RaftServerConfigKeys (ConfUtils.java:logGet(43)) - raft.server.log.force.sync.num = 128 (default)
2019-09-25 07:05:21,428 [pool-27-thread-1] INFO  server.RaftServerConfigKeys (ConfUtils.java:logGet(43)) - raft.server.log.statemachine.data.sync = true (default)
2019-09-25 07:05:21,428 [Datanode State Machine Thread - 0] INFO  statemachine.DatanodeStateMachine (DatanodeStateMachine.java:lambda$startDaemon$0(350)) - Ozone container server started.
2019-09-25 07:05:21,428 [pool-27-thread-1] INFO  server.RaftServerConfigKeys (ConfUtils.java:logGet(43)) - raft.server.log.statemachine.data.sync.timeout = 10s (default)
2019-09-25 07:05:21,429 [pool-27-thread-1] INFO  server.RaftServerConfigKeys (ConfUtils.java:logGet(43)) - raft.server.log.statemachine.data.sync.timeout.retry = -1 (default)
2019-09-25 07:05:21,429 [pool-27-thread-1] INFO  server.RaftServerConfigKeys (ConfUtils.java:logGet(43)) - raft.server.log.statemachine.data.caching.enabled = true (custom)
2019-09-25 07:05:21,429 [pool-27-thread-1] INFO  segmented.SegmentedRaftLogWorker (SegmentedRaftLogWorker.java:lambda$new$0(132)) - e568d23f-199e-48ce-91e4-5c166e2e97cd@group-A7DC699CA744-SegmentedRaftLogWorker: flushIndex: setUnconditionally 0 -> -1
2019-09-25 07:05:21,429 [Datanode State Machine Thread - 0] INFO  statemachine.DatanodeStateMachine (DatanodeStateMachine.java:lambda$startDaemon$0(350)) - Ozone container server started.
2019-09-25 07:05:21,433 [pool-27-thread-1] INFO  server.RaftServerConfigKeys (ConfUtils.java:logGet(43)) - raft.server.snapshot.auto.trigger.enabled = true (custom)
2019-09-25 07:05:21,434 [pool-27-thread-1] INFO  server.RaftServerConfigKeys (ConfUtils.java:logGet(43)) - raft.server.snapshot.auto.trigger.threshold = 10000 (custom)
2019-09-25 07:05:21,434 [pool-27-thread-1] INFO  server.RaftServerConfigKeys (ConfUtils.java:logGet(43)) - raft.server.snapshot.retention.num.files = 5 (custom)
2019-09-25 07:05:21,434 [pool-27-thread-1] INFO  server.RaftServerConfigKeys (ConfUtils.java:logGet(43)) - raft.server.retrycache.expirytime = 600000ms (custom)
2019-09-25 07:05:21,436 [pool-27-thread-1] INFO  impl.RaftServerImpl (RaftServerImpl.java:start(185)) - e568d23f-199e-48ce-91e4-5c166e2e97cd@group-A7DC699CA744: start as a follower, conf=-1: [e568d23f-199e-48ce-91e4-5c166e2e97cd:192.168.30.10:42827], old=null
2019-09-25 07:05:21,436 [pool-27-thread-1] INFO  impl.RaftServerImpl (RaftServerImpl.java:setRole(174)) - e568d23f-199e-48ce-91e4-5c166e2e97cd@group-A7DC699CA744: changes role from      null to FOLLOWER at term 0 for startAsFollower
2019-09-25 07:05:21,436 [pool-27-thread-1] INFO  impl.RoleInfo (RoleInfo.java:updateAndGet(143)) - e568d23f-199e-48ce-91e4-5c166e2e97cd: start FollowerState
2019-09-25 07:05:21,436 [pool-27-thread-1] INFO  util.JmxRegister (JmxRegister.java:tryRegister(44)) - Successfully registered JMX Bean with object name Ratis:service=RaftServer,group=group-A7DC699CA744,id=e568d23f-199e-48ce-91e4-5c166e2e97cd
2019-09-25 07:05:21,438 [RatisPipelineUtilsThread] INFO  pipeline.PipelineStateManager (PipelineStateManager.java:addPipeline(56)) - Created pipeline Pipeline[ Id: 5ec2ea8c-c419-4975-b040-a7dc699ca744, Nodes: e568d23f-199e-48ce-91e4-5c166e2e97cd{ip: 192.168.30.10, host: pr-hdds-1569-s62bp-3040748787, networkLocation: /default-rack, certSerialId: null}, Type:RATIS, Factor:ONE, State:OPEN]
2019-09-25 07:05:21,443 [grpc-default-executor-1] INFO  impl.RaftServerProxy (RaftServerProxy.java:addNew(89)) - 24bf2945-a329-4da6-aaf2-23ecd8d462c6: addNew group-FF8F6BC58C11:[24bf2945-a329-4da6-aaf2-23ecd8d462c6:192.168.30.10:42867] returns group-FF8F6BC58C11:java.util.concurrent.CompletableFuture@5d525f0c[Not completed]
2019-09-25 07:05:21,444 [pool-47-thread-1] INFO  impl.RaftServerImpl (RaftServerImpl.java:<init>(95)) - 24bf2945-a329-4da6-aaf2-23ecd8d462c6: new RaftServerImpl for group-FF8F6BC58C11:[24bf2945-a329-4da6-aaf2-23ecd8d462c6:192.168.30.10:42867] with ContainerStateMachine:uninitialized
2019-09-25 07:05:21,444 [pool-47-thread-1] INFO  server.RaftServerConfigKeys (ConfUtils.java:logGet(43)) - raft.server.rpc.timeout.min = 5s (custom)
2019-09-25 07:05:21,445 [pool-47-thread-1] INFO  server.RaftServerConfigKeys (ConfUtils.java:logGet(43)) - raft.server.rpc.timeout.max = 5200ms (custom)
2019-09-25 07:05:21,445 [pool-47-thread-1] INFO  server.RaftServerConfigKeys (ConfUtils.java:logGet(43)) - raft.server.rpcslowness.timeout = 120s (custom)
2019-09-25 07:05:21,445 [pool-47-thread-1] INFO  server.RaftServerConfigKeys (ConfUtils.java:logGet(43)) - raft.server.sleep.deviation.threshold = 300 (default)
2019-09-25 07:05:21,445 [pool-47-thread-1] INFO  server.RaftServerConfigKeys (ConfUtils.java:logGet(43)) - raft.server.log.appender.install.snapshot.enabled = false (custom)
2019-09-25 07:05:21,445 [pool-47-thread-1] INFO  impl.RaftServerImpl (ServerState.java:<init>(103)) - 24bf2945-a329-4da6-aaf2-23ecd8d462c6@group-FF8F6BC58C11: ConfigurationManager, init=-1: [24bf2945-a329-4da6-aaf2-23ecd8d462c6:192.168.30.10:42867], old=null, confs=<EMPTY_MAP>
2019-09-25 07:05:21,445 [pool-47-thread-1] INFO  server.RaftServerConfigKeys (ConfUtils.java:logGet(43)) - raft.server.storage.dir = [/workdir/hadoop-ozone/integration-test/target/test-dir/MiniOzoneClusterImpl-39af9574-7a8b-4ed7-b830-bf686a3d4bb8/datanode-2/data/ratis] (custom)
2019-09-25 07:05:21,449 [pool-47-thread-1] INFO  storage.RaftStorageDirectory (RaftStorageDirectory.java:analyzeStorage(246)) - The storage directory /workdir/hadoop-ozone/integration-test/target/test-dir/MiniOzoneClusterImpl-39af9574-7a8b-4ed7-b830-bf686a3d4bb8/datanode-2/data/ratis/bc9c91c5-f8e6-4b56-9d19-ff8f6bc58c11 does not exist. Creating ...
2019-09-25 07:05:21,465 [pool-47-thread-1] INFO  storage.RaftStorageDirectory (RaftStorageDirectory.java:tryLock(328)) - Lock on /workdir/hadoop-ozone/integration-test/target/test-dir/MiniOzoneClusterImpl-39af9574-7a8b-4ed7-b830-bf686a3d4bb8/datanode-2/data/ratis/bc9c91c5-f8e6-4b56-9d19-ff8f6bc58c11/in_use.lock acquired by nodename 19495@pr-hdds-1569-s62bp-3040748787
2019-09-25 07:05:21,478 [pool-47-thread-1] INFO  storage.RaftStorage (RaftStorage.java:format(72)) - Storage directory /workdir/hadoop-ozone/integration-test/target/test-dir/MiniOzoneClusterImpl-39af9574-7a8b-4ed7-b830-bf686a3d4bb8/datanode-2/data/ratis/bc9c91c5-f8e6-4b56-9d19-ff8f6bc58c11 has been successfully formatted.
2019-09-25 07:05:21,478 [pool-47-thread-1] INFO  ratis.ContainerStateMachine (ContainerStateMachine.java:loadSnapshot(230)) - group-FF8F6BC58C11: The snapshot info is null. Setting the last applied indexto:(t:0, i:~)
2019-09-25 07:05:21,478 [pool-47-thread-1] INFO  server.RaftServerConfigKeys (ConfUtils.java:logGet(43)) - raft.server.notification.no-leader.timeout = 120s (custom)
2019-09-25 07:05:21,478 [pool-47-thread-1] INFO  server.RaftServerConfigKeys (ConfUtils.java:logGet(43)) - raft.server.log.use.memory = false (default)
2019-09-25 07:05:21,478 [pool-47-thread-1] INFO  server.RaftServerConfigKeys (ConfUtils.java:logGet(43)) - raft.server.log.purge.gap = 1000000 (custom)
2019-09-25 07:05:21,478 [pool-47-thread-1] INFO  server.RaftServerConfigKeys (ConfUtils.java:logGet(43)) - raft.server.log.appender.buffer.byte-limit = 33554432 (custom)
2019-09-25 07:05:21,479 [pool-47-thread-1] INFO  server.RaftServerConfigKeys (ConfUtils.java:logGet(43)) - raft.server.log.segment.size.max = 1048576 (custom)
2019-09-25 07:05:21,479 [pool-47-thread-1] INFO  server.RaftServerConfigKeys (ConfUtils.java:logGet(43)) - raft.server.log.segment.cache.num.max = 2 (custom)
2019-09-25 07:05:21,479 [pool-47-thread-1] INFO  segmented.SegmentedRaftLogWorker (SegmentedRaftLogWorker.java:<init>(172)) - new 24bf2945-a329-4da6-aaf2-23ecd8d462c6@group-FF8F6BC58C11-SegmentedRaftLogWorker for RaftStorage:Storage Directory /workdir/hadoop-ozone/integration-test/target/test-dir/MiniOzoneClusterImpl-39af9574-7a8b-4ed7-b830-bf686a3d4bb8/datanode-2/data/ratis/bc9c91c5-f8e6-4b56-9d19-ff8f6bc58c11
2019-09-25 07:05:21,479 [pool-47-thread-1] INFO  server.RaftServerConfigKeys (ConfUtils.java:logGet(43)) - raft.server.log.queue.byte-limit = 2147483647 (custom)
2019-09-25 07:05:21,479 [pool-47-thread-1] INFO  server.RaftServerConfigKeys (ConfUtils.java:logGet(43)) - raft.server.log.queue.element-limit = 1024 (custom)
2019-09-25 07:05:21,479 [pool-47-thread-1] INFO  server.RaftServerConfigKeys (ConfUtils.java:logGet(43)) - raft.server.log.segment.size.max = 1048576 (custom)
2019-09-25 07:05:21,479 [pool-47-thread-1] INFO  server.RaftServerConfigKeys (ConfUtils.java:logGet(43)) - raft.server.log.preallocated.size = 16384 (custom)
2019-09-25 07:05:21,480 [pool-47-thread-1] INFO  server.RaftServerConfigKeys (ConfUtils.java:logGet(43)) - raft.server.log.write.buffer.size = 33554432 (custom)
2019-09-25 07:05:21,480 [pool-47-thread-1] INFO  server.RaftServerConfigKeys (ConfUtils.java:logGet(43)) - raft.server.log.force.sync.num = 128 (default)
2019-09-25 07:05:21,480 [pool-47-thread-1] INFO  server.RaftServerConfigKeys (ConfUtils.java:logGet(43)) - raft.server.log.statemachine.data.sync = true (default)
2019-09-25 07:05:21,480 [pool-47-thread-1] INFO  server.RaftServerConfigKeys (ConfUtils.java:logGet(43)) - raft.server.log.statemachine.data.sync.timeout = 10s (default)
2019-09-25 07:05:21,480 [pool-47-thread-1] INFO  server.RaftServerConfigKeys (ConfUtils.java:logGet(43)) - raft.server.log.statemachine.data.sync.timeout.retry = -1 (default)
2019-09-25 07:05:21,480 [pool-47-thread-1] INFO  server.RaftServerConfigKeys (ConfUtils.java:logGet(43)) - raft.server.log.statemachine.data.caching.enabled = true (custom)
2019-09-25 07:05:21,481 [pool-47-thread-1] INFO  segmented.SegmentedRaftLogWorker (SegmentedRaftLogWorker.java:lambda$new$0(132)) - 24bf2945-a329-4da6-aaf2-23ecd8d462c6@group-FF8F6BC58C11-SegmentedRaftLogWorker: flushIndex: setUnconditionally 0 -> -1
2019-09-25 07:05:21,481 [pool-47-thread-1] INFO  server.RaftServerConfigKeys (ConfUtils.java:logGet(43)) - raft.server.snapshot.auto.trigger.enabled = true (custom)
2019-09-25 07:05:21,481 [pool-47-thread-1] INFO  server.RaftServerConfigKeys (ConfUtils.java:logGet(43)) - raft.server.snapshot.auto.trigger.threshold = 10000 (custom)
2019-09-25 07:05:21,481 [pool-47-thread-1] INFO  server.RaftServerConfigKeys (ConfUtils.java:logGet(43)) - raft.server.snapshot.retention.num.files = 5 (custom)
2019-09-25 07:05:21,481 [pool-47-thread-1] INFO  server.RaftServerConfigKeys (ConfUtils.java:logGet(43)) - raft.server.retrycache.expirytime = 600000ms (custom)
2019-09-25 07:05:21,483 [pool-47-thread-1] INFO  impl.RaftServerImpl (RaftServerImpl.java:start(185)) - 24bf2945-a329-4da6-aaf2-23ecd8d462c6@group-FF8F6BC58C11: start as a follower, conf=-1: [24bf2945-a329-4da6-aaf2-23ecd8d462c6:192.168.30.10:42867], old=null
2019-09-25 07:05:21,483 [pool-47-thread-1] INFO  impl.RaftServerImpl (RaftServerImpl.java:setRole(174)) - 24bf2945-a329-4da6-aaf2-23ecd8d462c6@group-FF8F6BC58C11: changes role from      null to FOLLOWER at term 0 for startAsFollower
2019-09-25 07:05:21,483 [pool-47-thread-1] INFO  impl.RoleInfo (RoleInfo.java:updateAndGet(143)) - 24bf2945-a329-4da6-aaf2-23ecd8d462c6: start FollowerState
2019-09-25 07:05:21,483 [pool-47-thread-1] INFO  util.JmxRegister (JmxRegister.java:tryRegister(44)) - Successfully registered JMX Bean with object name Ratis:service=RaftServer,group=group-FF8F6BC58C11,id=24bf2945-a329-4da6-aaf2-23ecd8d462c6
2019-09-25 07:05:21,486 [RatisPipelineUtilsThread] INFO  pipeline.PipelineStateManager (PipelineStateManager.java:addPipeline(56)) - Created pipeline Pipeline[ Id: bc9c91c5-f8e6-4b56-9d19-ff8f6bc58c11, Nodes: 24bf2945-a329-4da6-aaf2-23ecd8d462c6{ip: 192.168.30.10, host: pr-hdds-1569-s62bp-3040748787, networkLocation: /default-rack, certSerialId: null}, Type:RATIS, Factor:ONE, State:OPEN]
2019-09-25 07:05:21,490 [grpc-default-executor-1] INFO  impl.RaftServerProxy (RaftServerProxy.java:addNew(89)) - 62ec8eb9-3ae9-4136-b70a-2caf3716fa7f: addNew group-A1992FE39F38:[62ec8eb9-3ae9-4136-b70a-2caf3716fa7f:192.168.30.10:44715] returns group-A1992FE39F38:java.util.concurrent.CompletableFuture@3758736f[Not completed]
2019-09-25 07:05:21,491 [pool-37-thread-1] INFO  impl.RaftServerImpl (RaftServerImpl.java:<init>(95)) - 62ec8eb9-3ae9-4136-b70a-2caf3716fa7f: new RaftServerImpl for group-A1992FE39F38:[62ec8eb9-3ae9-4136-b70a-2caf3716fa7f:192.168.30.10:44715] with ContainerStateMachine:uninitialized
2019-09-25 07:05:21,491 [pool-37-thread-1] INFO  server.RaftServerConfigKeys (ConfUtils.java:logGet(43)) - raft.server.rpc.timeout.min = 5s (custom)
2019-09-25 07:05:21,491 [pool-37-thread-1] INFO  server.RaftServerConfigKeys (ConfUtils.java:logGet(43)) - raft.server.rpc.timeout.max = 5200ms (custom)
2019-09-25 07:05:21,492 [pool-37-thread-1] INFO  server.RaftServerConfigKeys (ConfUtils.java:logGet(43)) - raft.server.rpcslowness.timeout = 120s (custom)
2019-09-25 07:05:21,492 [pool-37-thread-1] INFO  server.RaftServerConfigKeys (ConfUtils.java:logGet(43)) - raft.server.sleep.deviation.threshold = 300 (default)
2019-09-25 07:05:21,492 [pool-37-thread-1] INFO  server.RaftServerConfigKeys (ConfUtils.java:logGet(43)) - raft.server.log.appender.install.snapshot.enabled = false (custom)
2019-09-25 07:05:21,492 [pool-37-thread-1] INFO  impl.RaftServerImpl (ServerState.java:<init>(103)) - 62ec8eb9-3ae9-4136-b70a-2caf3716fa7f@group-A1992FE39F38: ConfigurationManager, init=-1: [62ec8eb9-3ae9-4136-b70a-2caf3716fa7f:192.168.30.10:44715], old=null, confs=<EMPTY_MAP>
2019-09-25 07:05:21,492 [pool-37-thread-1] INFO  server.RaftServerConfigKeys (ConfUtils.java:logGet(43)) - raft.server.storage.dir = [/workdir/hadoop-ozone/integration-test/target/test-dir/MiniOzoneClusterImpl-39af9574-7a8b-4ed7-b830-bf686a3d4bb8/datanode-1/data/ratis] (custom)
2019-09-25 07:05:21,493 [pool-37-thread-1] INFO  storage.RaftStorageDirectory (RaftStorageDirectory.java:analyzeStorage(246)) - The storage directory /workdir/hadoop-ozone/integration-test/target/test-dir/MiniOzoneClusterImpl-39af9574-7a8b-4ed7-b830-bf686a3d4bb8/datanode-1/data/ratis/ac0e1183-d3ef-4383-ad1a-a1992fe39f38 does not exist. Creating ...
2019-09-25 07:05:21,505 [pool-37-thread-1] INFO  storage.RaftStorageDirectory (RaftStorageDirectory.java:tryLock(328)) - Lock on /workdir/hadoop-ozone/integration-test/target/test-dir/MiniOzoneClusterImpl-39af9574-7a8b-4ed7-b830-bf686a3d4bb8/datanode-1/data/ratis/ac0e1183-d3ef-4383-ad1a-a1992fe39f38/in_use.lock acquired by nodename 19495@pr-hdds-1569-s62bp-3040748787
2019-09-25 07:05:21,518 [pool-37-thread-1] INFO  storage.RaftStorage (RaftStorage.java:format(72)) - Storage directory /workdir/hadoop-ozone/integration-test/target/test-dir/MiniOzoneClusterImpl-39af9574-7a8b-4ed7-b830-bf686a3d4bb8/datanode-1/data/ratis/ac0e1183-d3ef-4383-ad1a-a1992fe39f38 has been successfully formatted.
2019-09-25 07:05:21,518 [pool-37-thread-1] INFO  ratis.ContainerStateMachine (ContainerStateMachine.java:loadSnapshot(230)) - group-A1992FE39F38: The snapshot info is null. Setting the last applied indexto:(t:0, i:~)
2019-09-25 07:05:21,518 [pool-37-thread-1] INFO  server.RaftServerConfigKeys (ConfUtils.java:logGet(43)) - raft.server.notification.no-leader.timeout = 120s (custom)
2019-09-25 07:05:21,518 [pool-37-thread-1] INFO  server.RaftServerConfigKeys (ConfUtils.java:logGet(43)) - raft.server.log.use.memory = false (default)
2019-09-25 07:05:21,519 [pool-37-thread-1] INFO  server.RaftServerConfigKeys (ConfUtils.java:logGet(43)) - raft.server.log.purge.gap = 1000000 (custom)
2019-09-25 07:05:21,519 [pool-37-thread-1] INFO  server.RaftServerConfigKeys (ConfUtils.java:logGet(43)) - raft.server.log.appender.buffer.byte-limit = 33554432 (custom)
2019-09-25 07:05:21,519 [pool-37-thread-1] INFO  server.RaftServerConfigKeys (ConfUtils.java:logGet(43)) - raft.server.log.segment.size.max = 1048576 (custom)
2019-09-25 07:05:21,519 [pool-37-thread-1] INFO  server.RaftServerConfigKeys (ConfUtils.java:logGet(43)) - raft.server.log.segment.cache.num.max = 2 (custom)
2019-09-25 07:05:21,519 [pool-37-thread-1] INFO  segmented.SegmentedRaftLogWorker (SegmentedRaftLogWorker.java:<init>(172)) - new 62ec8eb9-3ae9-4136-b70a-2caf3716fa7f@group-A1992FE39F38-SegmentedRaftLogWorker for RaftStorage:Storage Directory /workdir/hadoop-ozone/integration-test/target/test-dir/MiniOzoneClusterImpl-39af9574-7a8b-4ed7-b830-bf686a3d4bb8/datanode-1/data/ratis/ac0e1183-d3ef-4383-ad1a-a1992fe39f38
2019-09-25 07:05:21,519 [pool-37-thread-1] INFO  server.RaftServerConfigKeys (ConfUtils.java:logGet(43)) - raft.server.log.queue.byte-limit = 2147483647 (custom)
2019-09-25 07:05:21,519 [pool-37-thread-1] INFO  server.RaftServerConfigKeys (ConfUtils.java:logGet(43)) - raft.server.log.queue.element-limit = 1024 (custom)
2019-09-25 07:05:21,520 [pool-37-thread-1] INFO  server.RaftServerConfigKeys (ConfUtils.java:logGet(43)) - raft.server.log.segment.size.max = 1048576 (custom)
2019-09-25 07:05:21,520 [pool-37-thread-1] INFO  server.RaftServerConfigKeys (ConfUtils.java:logGet(43)) - raft.server.log.preallocated.size = 16384 (custom)
2019-09-25 07:05:21,520 [pool-37-thread-1] INFO  server.RaftServerConfigKeys (ConfUtils.java:logGet(43)) - raft.server.log.write.buffer.size = 33554432 (custom)
2019-09-25 07:05:21,520 [pool-37-thread-1] INFO  server.RaftServerConfigKeys (ConfUtils.java:logGet(43)) - raft.server.log.force.sync.num = 128 (default)
2019-09-25 07:05:21,520 [pool-37-thread-1] INFO  server.RaftServerConfigKeys (ConfUtils.java:logGet(43)) - raft.server.log.statemachine.data.sync = true (default)
2019-09-25 07:05:21,520 [pool-37-thread-1] INFO  server.RaftServerConfigKeys (ConfUtils.java:logGet(43)) - raft.server.log.statemachine.data.sync.timeout = 10s (default)
2019-09-25 07:05:21,520 [pool-37-thread-1] INFO  server.RaftServerConfigKeys (ConfUtils.java:logGet(43)) - raft.server.log.statemachine.data.sync.timeout.retry = -1 (default)
2019-09-25 07:05:21,521 [pool-37-thread-1] INFO  server.RaftServerConfigKeys (ConfUtils.java:logGet(43)) - raft.server.log.statemachine.data.caching.enabled = true (custom)
2019-09-25 07:05:21,521 [pool-37-thread-1] INFO  segmented.SegmentedRaftLogWorker (SegmentedRaftLogWorker.java:lambda$new$0(132)) - 62ec8eb9-3ae9-4136-b70a-2caf3716fa7f@group-A1992FE39F38-SegmentedRaftLogWorker: flushIndex: setUnconditionally 0 -> -1
2019-09-25 07:05:21,521 [pool-37-thread-1] INFO  server.RaftServerConfigKeys (ConfUtils.java:logGet(43)) - raft.server.snapshot.auto.trigger.enabled = true (custom)
2019-09-25 07:05:21,521 [pool-37-thread-1] INFO  server.RaftServerConfigKeys (ConfUtils.java:logGet(43)) - raft.server.snapshot.auto.trigger.threshold = 10000 (custom)
2019-09-25 07:05:21,522 [pool-37-thread-1] INFO  server.RaftServerConfigKeys (ConfUtils.java:logGet(43)) - raft.server.snapshot.retention.num.files = 5 (custom)
2019-09-25 07:05:21,522 [pool-37-thread-1] INFO  server.RaftServerConfigKeys (ConfUtils.java:logGet(43)) - raft.server.retrycache.expirytime = 600000ms (custom)
2019-09-25 07:05:21,523 [pool-37-thread-1] INFO  impl.RaftServerImpl (RaftServerImpl.java:start(185)) - 62ec8eb9-3ae9-4136-b70a-2caf3716fa7f@group-A1992FE39F38: start as a follower, conf=-1: [62ec8eb9-3ae9-4136-b70a-2caf3716fa7f:192.168.30.10:44715], old=null
2019-09-25 07:05:21,524 [pool-37-thread-1] INFO  impl.RaftServerImpl (RaftServerImpl.java:setRole(174)) - 62ec8eb9-3ae9-4136-b70a-2caf3716fa7f@group-A1992FE39F38: changes role from      null to FOLLOWER at term 0 for startAsFollower
2019-09-25 07:05:21,524 [pool-37-thread-1] INFO  impl.RoleInfo (RoleInfo.java:updateAndGet(143)) - 62ec8eb9-3ae9-4136-b70a-2caf3716fa7f: start FollowerState
2019-09-25 07:05:21,524 [pool-37-thread-1] INFO  util.JmxRegister (JmxRegister.java:tryRegister(44)) - Successfully registered JMX Bean with object name Ratis:service=RaftServer,group=group-A1992FE39F38,id=62ec8eb9-3ae9-4136-b70a-2caf3716fa7f
2019-09-25 07:05:21,527 [RatisPipelineUtilsThread] INFO  pipeline.PipelineStateManager (PipelineStateManager.java:addPipeline(56)) - Created pipeline Pipeline[ Id: ac0e1183-d3ef-4383-ad1a-a1992fe39f38, Nodes: 62ec8eb9-3ae9-4136-b70a-2caf3716fa7f{ip: 192.168.30.10, host: pr-hdds-1569-s62bp-3040748787, networkLocation: /default-rack, certSerialId: null}, Type:RATIS, Factor:ONE, State:OPEN]
2019-09-25 07:05:21,531 [grpc-default-executor-1] INFO  impl.RaftServerProxy (RaftServerProxy.java:addNew(89)) - 62ec8eb9-3ae9-4136-b70a-2caf3716fa7f: addNew group-15D36349AA9F:[62ec8eb9-3ae9-4136-b70a-2caf3716fa7f:192.168.30.10:44715] returns group-15D36349AA9F:java.util.concurrent.CompletableFuture@46f55805[Not completed]
2019-09-25 07:05:21,532 [pool-37-thread-1] INFO  impl.RaftServerImpl (RaftServerImpl.java:<init>(95)) - 62ec8eb9-3ae9-4136-b70a-2caf3716fa7f: new RaftServerImpl for group-15D36349AA9F:[62ec8eb9-3ae9-4136-b70a-2caf3716fa7f:192.168.30.10:44715] with ContainerStateMachine:uninitialized
2019-09-25 07:05:21,532 [pool-37-thread-1] INFO  server.RaftServerConfigKeys (ConfUtils.java:logGet(43)) - raft.server.rpc.timeout.min = 5s (custom)
2019-09-25 07:05:21,532 [pool-37-thread-1] INFO  server.RaftServerConfigKeys (ConfUtils.java:logGet(43)) - raft.server.rpc.timeout.max = 5200ms (custom)
2019-09-25 07:05:21,532 [pool-37-thread-1] INFO  server.RaftServerConfigKeys (ConfUtils.java:logGet(43)) - raft.server.rpcslowness.timeout = 120s (custom)
2019-09-25 07:05:21,532 [pool-37-thread-1] INFO  server.RaftServerConfigKeys (ConfUtils.java:logGet(43)) - raft.server.sleep.deviation.threshold = 300 (default)
2019-09-25 07:05:21,533 [pool-37-thread-1] INFO  server.RaftServerConfigKeys (ConfUtils.java:logGet(43)) - raft.server.log.appender.install.snapshot.enabled = false (custom)
2019-09-25 07:05:21,533 [pool-37-thread-1] INFO  impl.RaftServerImpl (ServerState.java:<init>(103)) - 62ec8eb9-3ae9-4136-b70a-2caf3716fa7f@group-15D36349AA9F: ConfigurationManager, init=-1: [62ec8eb9-3ae9-4136-b70a-2caf3716fa7f:192.168.30.10:44715], old=null, confs=<EMPTY_MAP>
2019-09-25 07:05:21,533 [pool-37-thread-1] INFO  server.RaftServerConfigKeys (ConfUtils.java:logGet(43)) - raft.server.storage.dir = [/workdir/hadoop-ozone/integration-test/target/test-dir/MiniOzoneClusterImpl-39af9574-7a8b-4ed7-b830-bf686a3d4bb8/datanode-1/data/ratis] (custom)
2019-09-25 07:05:21,534 [pool-37-thread-1] INFO  storage.RaftStorageDirectory (RaftStorageDirectory.java:analyzeStorage(246)) - The storage directory /workdir/hadoop-ozone/integration-test/target/test-dir/MiniOzoneClusterImpl-39af9574-7a8b-4ed7-b830-bf686a3d4bb8/datanode-1/data/ratis/f026c6d4-c83c-41e7-b795-15d36349aa9f does not exist. Creating ...
2019-09-25 07:05:21,546 [pool-37-thread-1] INFO  storage.RaftStorageDirectory (RaftStorageDirectory.java:tryLock(328)) - Lock on /workdir/hadoop-ozone/integration-test/target/test-dir/MiniOzoneClusterImpl-39af9574-7a8b-4ed7-b830-bf686a3d4bb8/datanode-1/data/ratis/f026c6d4-c83c-41e7-b795-15d36349aa9f/in_use.lock acquired by nodename 19495@pr-hdds-1569-s62bp-3040748787
2019-09-25 07:05:21,629 [pool-37-thread-1] INFO  storage.RaftStorage (RaftStorage.java:format(72)) - Storage directory /workdir/hadoop-ozone/integration-test/target/test-dir/MiniOzoneClusterImpl-39af9574-7a8b-4ed7-b830-bf686a3d4bb8/datanode-1/data/ratis/f026c6d4-c83c-41e7-b795-15d36349aa9f has been successfully formatted.
2019-09-25 07:05:21,629 [pool-37-thread-1] INFO  ratis.ContainerStateMachine (ContainerStateMachine.java:loadSnapshot(230)) - group-15D36349AA9F: The snapshot info is null. Setting the last applied indexto:(t:0, i:~)
2019-09-25 07:05:21,629 [pool-37-thread-1] INFO  server.RaftServerConfigKeys (ConfUtils.java:logGet(43)) - raft.server.notification.no-leader.timeout = 120s (custom)
2019-09-25 07:05:21,629 [pool-37-thread-1] INFO  server.RaftServerConfigKeys (ConfUtils.java:logGet(43)) - raft.server.log.use.memory = false (default)
2019-09-25 07:05:21,630 [pool-37-thread-1] INFO  server.RaftServerConfigKeys (ConfUtils.java:logGet(43)) - raft.server.log.purge.gap = 1000000 (custom)
2019-09-25 07:05:21,630 [pool-37-thread-1] INFO  server.RaftServerConfigKeys (ConfUtils.java:logGet(43)) - raft.server.log.appender.buffer.byte-limit = 33554432 (custom)
2019-09-25 07:05:21,630 [pool-37-thread-1] INFO  server.RaftServerConfigKeys (ConfUtils.java:logGet(43)) - raft.server.log.segment.size.max = 1048576 (custom)
2019-09-25 07:05:21,630 [pool-37-thread-1] INFO  server.RaftServerConfigKeys (ConfUtils.java:logGet(43)) - raft.server.log.segment.cache.num.max = 2 (custom)
2019-09-25 07:05:21,630 [pool-37-thread-1] INFO  segmented.SegmentedRaftLogWorker (SegmentedRaftLogWorker.java:<init>(172)) - new 62ec8eb9-3ae9-4136-b70a-2caf3716fa7f@group-15D36349AA9F-SegmentedRaftLogWorker for RaftStorage:Storage Directory /workdir/hadoop-ozone/integration-test/target/test-dir/MiniOzoneClusterImpl-39af9574-7a8b-4ed7-b830-bf686a3d4bb8/datanode-1/data/ratis/f026c6d4-c83c-41e7-b795-15d36349aa9f
2019-09-25 07:05:21,630 [pool-37-thread-1] INFO  server.RaftServerConfigKeys (ConfUtils.java:logGet(43)) - raft.server.log.queue.byte-limit = 2147483647 (custom)
2019-09-25 07:05:21,631 [pool-37-thread-1] INFO  server.RaftServerConfigKeys (ConfUtils.java:logGet(43)) - raft.server.log.queue.element-limit = 1024 (custom)
2019-09-25 07:05:21,631 [pool-37-thread-1] INFO  server.RaftServerConfigKeys (ConfUtils.java:logGet(43)) - raft.server.log.segment.size.max = 1048576 (custom)
2019-09-25 07:05:21,631 [pool-37-thread-1] INFO  server.RaftServerConfigKeys (ConfUtils.java:logGet(43)) - raft.server.log.preallocated.size = 16384 (custom)
2019-09-25 07:05:21,631 [pool-37-thread-1] INFO  server.RaftServerConfigKeys (ConfUtils.java:logGet(43)) - raft.server.log.write.buffer.size = 33554432 (custom)
2019-09-25 07:05:21,631 [pool-37-thread-1] INFO  server.RaftServerConfigKeys (ConfUtils.java:logGet(43)) - raft.server.log.force.sync.num = 128 (default)
2019-09-25 07:05:21,631 [pool-37-thread-1] INFO  server.RaftServerConfigKeys (ConfUtils.java:logGet(43)) - raft.server.log.statemachine.data.sync = true (default)
2019-09-25 07:05:21,632 [pool-37-thread-1] INFO  server.RaftServerConfigKeys (ConfUtils.java:logGet(43)) - raft.server.log.statemachine.data.sync.timeout = 10s (default)
2019-09-25 07:05:21,632 [pool-37-thread-1] INFO  server.RaftServerConfigKeys (ConfUtils.java:logGet(43)) - raft.server.log.statemachine.data.sync.timeout.retry = -1 (default)
2019-09-25 07:05:21,632 [pool-37-thread-1] INFO  server.RaftServerConfigKeys (ConfUtils.java:logGet(43)) - raft.server.log.statemachine.data.caching.enabled = true (custom)
2019-09-25 07:05:21,632 [pool-37-thread-1] INFO  segmented.SegmentedRaftLogWorker (SegmentedRaftLogWorker.java:lambda$new$0(132)) - 62ec8eb9-3ae9-4136-b70a-2caf3716fa7f@group-15D36349AA9F-SegmentedRaftLogWorker: flushIndex: setUnconditionally 0 -> -1
2019-09-25 07:05:21,633 [pool-37-thread-1] INFO  server.RaftServerConfigKeys (ConfUtils.java:logGet(43)) - raft.server.snapshot.auto.trigger.enabled = true (custom)
2019-09-25 07:05:21,633 [pool-37-thread-1] INFO  server.RaftServerConfigKeys (ConfUtils.java:logGet(43)) - raft.server.snapshot.auto.trigger.threshold = 10000 (custom)
2019-09-25 07:05:21,633 [pool-37-thread-1] INFO  server.RaftServerConfigKeys (ConfUtils.java:logGet(43)) - raft.server.snapshot.retention.num.files = 5 (custom)
2019-09-25 07:05:21,633 [pool-37-thread-1] INFO  server.RaftServerConfigKeys (ConfUtils.java:logGet(43)) - raft.server.retrycache.expirytime = 600000ms (custom)
2019-09-25 07:05:21,635 [pool-37-thread-1] INFO  impl.RaftServerImpl (RaftServerImpl.java:start(185)) - 62ec8eb9-3ae9-4136-b70a-2caf3716fa7f@group-15D36349AA9F: start as a follower, conf=-1: [62ec8eb9-3ae9-4136-b70a-2caf3716fa7f:192.168.30.10:44715], old=null
2019-09-25 07:05:21,635 [pool-37-thread-1] INFO  impl.RaftServerImpl (RaftServerImpl.java:setRole(174)) - 62ec8eb9-3ae9-4136-b70a-2caf3716fa7f@group-15D36349AA9F: changes role from      null to FOLLOWER at term 0 for startAsFollower
2019-09-25 07:05:21,635 [pool-37-thread-1] INFO  impl.RoleInfo (RoleInfo.java:updateAndGet(143)) - 62ec8eb9-3ae9-4136-b70a-2caf3716fa7f: start FollowerState
2019-09-25 07:05:21,635 [pool-37-thread-1] INFO  util.JmxRegister (JmxRegister.java:tryRegister(44)) - Successfully registered JMX Bean with object name Ratis:service=RaftServer,group=group-15D36349AA9F,id=62ec8eb9-3ae9-4136-b70a-2caf3716fa7f
2019-09-25 07:05:21,637 [RatisPipelineUtilsThread] INFO  pipeline.PipelineStateManager (PipelineStateManager.java:addPipeline(56)) - Created pipeline Pipeline[ Id: f026c6d4-c83c-41e7-b795-15d36349aa9f, Nodes: 62ec8eb9-3ae9-4136-b70a-2caf3716fa7f{ip: 192.168.30.10, host: pr-hdds-1569-s62bp-3040748787, networkLocation: /default-rack, certSerialId: null}, Type:RATIS, Factor:ONE, State:OPEN]
2019-09-25 07:05:21,642 [grpc-default-executor-1] INFO  impl.RaftServerProxy (RaftServerProxy.java:addNew(89)) - e568d23f-199e-48ce-91e4-5c166e2e97cd: addNew group-CD756CA921FF:[e568d23f-199e-48ce-91e4-5c166e2e97cd:192.168.30.10:42827] returns group-CD756CA921FF:java.util.concurrent.CompletableFuture@20f6092b[Not completed]
2019-09-25 07:05:21,643 [pool-27-thread-1] INFO  impl.RaftServerImpl (RaftServerImpl.java:<init>(95)) - e568d23f-199e-48ce-91e4-5c166e2e97cd: new RaftServerImpl for group-CD756CA921FF:[e568d23f-199e-48ce-91e4-5c166e2e97cd:192.168.30.10:42827] with ContainerStateMachine:uninitialized
2019-09-25 07:05:21,643 [pool-27-thread-1] INFO  server.RaftServerConfigKeys (ConfUtils.java:logGet(43)) - raft.server.rpc.timeout.min = 5s (custom)
2019-09-25 07:05:21,644 [pool-27-thread-1] INFO  server.RaftServerConfigKeys (ConfUtils.java:logGet(43)) - raft.server.rpc.timeout.max = 5200ms (custom)
2019-09-25 07:05:21,644 [pool-27-thread-1] INFO  server.RaftServerConfigKeys (ConfUtils.java:logGet(43)) - raft.server.rpcslowness.timeout = 120s (custom)
2019-09-25 07:05:21,644 [pool-27-thread-1] INFO  server.RaftServerConfigKeys (ConfUtils.java:logGet(43)) - raft.server.sleep.deviation.threshold = 300 (default)
2019-09-25 07:05:21,644 [pool-27-thread-1] INFO  server.RaftServerConfigKeys (ConfUtils.java:logGet(43)) - raft.server.log.appender.install.snapshot.enabled = false (custom)
2019-09-25 07:05:21,644 [pool-27-thread-1] INFO  impl.RaftServerImpl (ServerState.java:<init>(103)) - e568d23f-199e-48ce-91e4-5c166e2e97cd@group-CD756CA921FF: ConfigurationManager, init=-1: [e568d23f-199e-48ce-91e4-5c166e2e97cd:192.168.30.10:42827], old=null, confs=<EMPTY_MAP>
2019-09-25 07:05:21,644 [pool-27-thread-1] INFO  server.RaftServerConfigKeys (ConfUtils.java:logGet(43)) - raft.server.storage.dir = [/workdir/hadoop-ozone/integration-test/target/test-dir/MiniOzoneClusterImpl-39af9574-7a8b-4ed7-b830-bf686a3d4bb8/datanode-0/data/ratis] (custom)
2019-09-25 07:05:21,645 [pool-27-thread-1] INFO  storage.RaftStorageDirectory (RaftStorageDirectory.java:analyzeStorage(246)) - The storage directory /workdir/hadoop-ozone/integration-test/target/test-dir/MiniOzoneClusterImpl-39af9574-7a8b-4ed7-b830-bf686a3d4bb8/datanode-0/data/ratis/ded8948e-c162-4d6c-a0c7-cd756ca921ff does not exist. Creating ...
2019-09-25 07:05:21,691 [pool-27-thread-1] INFO  storage.RaftStorageDirectory (RaftStorageDirectory.java:tryLock(328)) - Lock on /workdir/hadoop-ozone/integration-test/target/test-dir/MiniOzoneClusterImpl-39af9574-7a8b-4ed7-b830-bf686a3d4bb8/datanode-0/data/ratis/ded8948e-c162-4d6c-a0c7-cd756ca921ff/in_use.lock acquired by nodename 19495@pr-hdds-1569-s62bp-3040748787
2019-09-25 07:05:21,698 [pool-27-thread-1] INFO  storage.RaftStorage (RaftStorage.java:format(72)) - Storage directory /workdir/hadoop-ozone/integration-test/target/test-dir/MiniOzoneClusterImpl-39af9574-7a8b-4ed7-b830-bf686a3d4bb8/datanode-0/data/ratis/ded8948e-c162-4d6c-a0c7-cd756ca921ff has been successfully formatted.
2019-09-25 07:05:21,699 [pool-27-thread-1] INFO  ratis.ContainerStateMachine (ContainerStateMachine.java:loadSnapshot(230)) - group-CD756CA921FF: The snapshot info is null. Setting the last applied indexto:(t:0, i:~)
2019-09-25 07:05:21,699 [pool-27-thread-1] INFO  server.RaftServerConfigKeys (ConfUtils.java:logGet(43)) - raft.server.notification.no-leader.timeout = 120s (custom)
2019-09-25 07:05:21,699 [pool-27-thread-1] INFO  server.RaftServerConfigKeys (ConfUtils.java:logGet(43)) - raft.server.log.use.memory = false (default)
2019-09-25 07:05:21,699 [pool-27-thread-1] INFO  server.RaftServerConfigKeys (ConfUtils.java:logGet(43)) - raft.server.log.purge.gap = 1000000 (custom)
2019-09-25 07:05:21,699 [pool-27-thread-1] INFO  server.RaftServerConfigKeys (ConfUtils.java:logGet(43)) - raft.server.log.appender.buffer.byte-limit = 33554432 (custom)
2019-09-25 07:05:21,699 [pool-27-thread-1] INFO  server.RaftServerConfigKeys (ConfUtils.java:logGet(43)) - raft.server.log.segment.size.max = 1048576 (custom)
2019-09-25 07:05:21,699 [pool-27-thread-1] INFO  server.RaftServerConfigKeys (ConfUtils.java:logGet(43)) - raft.server.log.segment.cache.num.max = 2 (custom)
2019-09-25 07:05:21,700 [pool-27-thread-1] INFO  segmented.SegmentedRaftLogWorker (SegmentedRaftLogWorker.java:<init>(172)) - new e568d23f-199e-48ce-91e4-5c166e2e97cd@group-CD756CA921FF-SegmentedRaftLogWorker for RaftStorage:Storage Directory /workdir/hadoop-ozone/integration-test/target/test-dir/MiniOzoneClusterImpl-39af9574-7a8b-4ed7-b830-bf686a3d4bb8/datanode-0/data/ratis/ded8948e-c162-4d6c-a0c7-cd756ca921ff
2019-09-25 07:05:21,700 [pool-27-thread-1] INFO  server.RaftServerConfigKeys (ConfUtils.java:logGet(43)) - raft.server.log.queue.byte-limit = 2147483647 (custom)
2019-09-25 07:05:21,700 [pool-27-thread-1] INFO  server.RaftServerConfigKeys (ConfUtils.java:logGet(43)) - raft.server.log.queue.element-limit = 1024 (custom)
2019-09-25 07:05:21,700 [pool-27-thread-1] INFO  server.RaftServerConfigKeys (ConfUtils.java:logGet(43)) - raft.server.log.segment.size.max = 1048576 (custom)
2019-09-25 07:05:21,700 [pool-27-thread-1] INFO  server.RaftServerConfigKeys (ConfUtils.java:logGet(43)) - raft.server.log.preallocated.size = 16384 (custom)
2019-09-25 07:05:21,700 [pool-27-thread-1] INFO  server.RaftServerConfigKeys (ConfUtils.java:logGet(43)) - raft.server.log.write.buffer.size = 33554432 (custom)
2019-09-25 07:05:21,700 [pool-27-thread-1] INFO  server.RaftServerConfigKeys (ConfUtils.java:logGet(43)) - raft.server.log.force.sync.num = 128 (default)
2019-09-25 07:05:21,700 [pool-27-thread-1] INFO  server.RaftServerConfigKeys (ConfUtils.java:logGet(43)) - raft.server.log.statemachine.data.sync = true (default)
2019-09-25 07:05:21,701 [pool-27-thread-1] INFO  server.RaftServerConfigKeys (ConfUtils.java:logGet(43)) - raft.server.log.statemachine.data.sync.timeout = 10s (default)
2019-09-25 07:05:21,701 [pool-27-thread-1] INFO  server.RaftServerConfigKeys (ConfUtils.java:logGet(43)) - raft.server.log.statemachine.data.sync.timeout.retry = -1 (default)
2019-09-25 07:05:21,701 [pool-27-thread-1] INFO  server.RaftServerConfigKeys (ConfUtils.java:logGet(43)) - raft.server.log.statemachine.data.caching.enabled = true (custom)
2019-09-25 07:05:21,701 [pool-27-thread-1] INFO  segmented.SegmentedRaftLogWorker (SegmentedRaftLogWorker.java:lambda$new$0(132)) - e568d23f-199e-48ce-91e4-5c166e2e97cd@group-CD756CA921FF-SegmentedRaftLogWorker: flushIndex: setUnconditionally 0 -> -1
2019-09-25 07:05:21,702 [pool-27-thread-1] INFO  server.RaftServerConfigKeys (ConfUtils.java:logGet(43)) - raft.server.snapshot.auto.trigger.enabled = true (custom)
2019-09-25 07:05:21,702 [pool-27-thread-1] INFO  server.RaftServerConfigKeys (ConfUtils.java:logGet(43)) - raft.server.snapshot.auto.trigger.threshold = 10000 (custom)
2019-09-25 07:05:21,702 [pool-27-thread-1] INFO  server.RaftServerConfigKeys (ConfUtils.java:logGet(43)) - raft.server.snapshot.retention.num.files = 5 (custom)
2019-09-25 07:05:21,702 [pool-27-thread-1] INFO  server.RaftServerConfigKeys (ConfUtils.java:logGet(43)) - raft.server.retrycache.expirytime = 600000ms (custom)
2019-09-25 07:05:21,703 [pool-27-thread-1] INFO  impl.RaftServerImpl (RaftServerImpl.java:start(185)) - e568d23f-199e-48ce-91e4-5c166e2e97cd@group-CD756CA921FF: start as a follower, conf=-1: [e568d23f-199e-48ce-91e4-5c166e2e97cd:192.168.30.10:42827], old=null
2019-09-25 07:05:21,703 [pool-27-thread-1] INFO  impl.RaftServerImpl (RaftServerImpl.java:setRole(174)) - e568d23f-199e-48ce-91e4-5c166e2e97cd@group-CD756CA921FF: changes role from      null to FOLLOWER at term 0 for startAsFollower
2019-09-25 07:05:21,704 [pool-27-thread-1] INFO  impl.RoleInfo (RoleInfo.java:updateAndGet(143)) - e568d23f-199e-48ce-91e4-5c166e2e97cd: start FollowerState
2019-09-25 07:05:21,704 [pool-27-thread-1] INFO  util.JmxRegister (JmxRegister.java:tryRegister(44)) - Successfully registered JMX Bean with object name Ratis:service=RaftServer,group=group-CD756CA921FF,id=e568d23f-199e-48ce-91e4-5c166e2e97cd
2019-09-25 07:05:21,706 [RatisPipelineUtilsThread] INFO  pipeline.PipelineStateManager (PipelineStateManager.java:addPipeline(56)) - Created pipeline Pipeline[ Id: ded8948e-c162-4d6c-a0c7-cd756ca921ff, Nodes: e568d23f-199e-48ce-91e4-5c166e2e97cd{ip: 192.168.30.10, host: pr-hdds-1569-s62bp-3040748787, networkLocation: /default-rack, certSerialId: null}, Type:RATIS, Factor:ONE, State:OPEN]
2019-09-25 07:05:21,710 [grpc-default-executor-1] INFO  impl.RaftServerProxy (RaftServerProxy.java:addNew(89)) - 24bf2945-a329-4da6-aaf2-23ecd8d462c6: addNew group-C8CC51DDE9E1:[24bf2945-a329-4da6-aaf2-23ecd8d462c6:192.168.30.10:42867] returns group-C8CC51DDE9E1:java.util.concurrent.CompletableFuture@4350c149[Not completed]
2019-09-25 07:05:21,711 [pool-47-thread-1] INFO  impl.RaftServerImpl (RaftServerImpl.java:<init>(95)) - 24bf2945-a329-4da6-aaf2-23ecd8d462c6: new RaftServerImpl for group-C8CC51DDE9E1:[24bf2945-a329-4da6-aaf2-23ecd8d462c6:192.168.30.10:42867] with ContainerStateMachine:uninitialized
2019-09-25 07:05:21,711 [pool-47-thread-1] INFO  server.RaftServerConfigKeys (ConfUtils.java:logGet(43)) - raft.server.rpc.timeout.min = 5s (custom)
2019-09-25 07:05:21,712 [pool-47-thread-1] INFO  server.RaftServerConfigKeys (ConfUtils.java:logGet(43)) - raft.server.rpc.timeout.max = 5200ms (custom)
2019-09-25 07:05:21,712 [pool-47-thread-1] INFO  server.RaftServerConfigKeys (ConfUtils.java:logGet(43)) - raft.server.rpcslowness.timeout = 120s (custom)
2019-09-25 07:05:21,712 [pool-47-thread-1] INFO  server.RaftServerConfigKeys (ConfUtils.java:logGet(43)) - raft.server.sleep.deviation.threshold = 300 (default)
2019-09-25 07:05:21,712 [pool-47-thread-1] INFO  server.RaftServerConfigKeys (ConfUtils.java:logGet(43)) - raft.server.log.appender.install.snapshot.enabled = false (custom)
2019-09-25 07:05:21,712 [pool-47-thread-1] INFO  impl.RaftServerImpl (ServerState.java:<init>(103)) - 24bf2945-a329-4da6-aaf2-23ecd8d462c6@group-C8CC51DDE9E1: ConfigurationManager, init=-1: [24bf2945-a329-4da6-aaf2-23ecd8d462c6:192.168.30.10:42867], old=null, confs=<EMPTY_MAP>
2019-09-25 07:05:21,712 [pool-47-thread-1] INFO  server.RaftServerConfigKeys (ConfUtils.java:logGet(43)) - raft.server.storage.dir = [/workdir/hadoop-ozone/integration-test/target/test-dir/MiniOzoneClusterImpl-39af9574-7a8b-4ed7-b830-bf686a3d4bb8/datanode-2/data/ratis] (custom)
2019-09-25 07:05:21,713 [pool-47-thread-1] INFO  storage.RaftStorageDirectory (RaftStorageDirectory.java:analyzeStorage(246)) - The storage directory /workdir/hadoop-ozone/integration-test/target/test-dir/MiniOzoneClusterImpl-39af9574-7a8b-4ed7-b830-bf686a3d4bb8/datanode-2/data/ratis/150db07c-3973-4fc4-9d43-c8cc51dde9e1 does not exist. Creating ...
2019-09-25 07:05:21,725 [pool-47-thread-1] INFO  storage.RaftStorageDirectory (RaftStorageDirectory.java:tryLock(328)) - Lock on /workdir/hadoop-ozone/integration-test/target/test-dir/MiniOzoneClusterImpl-39af9574-7a8b-4ed7-b830-bf686a3d4bb8/datanode-2/data/ratis/150db07c-3973-4fc4-9d43-c8cc51dde9e1/in_use.lock acquired by nodename 19495@pr-hdds-1569-s62bp-3040748787
2019-09-25 07:05:21,749 [pool-47-thread-1] INFO  storage.RaftStorage (RaftStorage.java:format(72)) - Storage directory /workdir/hadoop-ozone/integration-test/target/test-dir/MiniOzoneClusterImpl-39af9574-7a8b-4ed7-b830-bf686a3d4bb8/datanode-2/data/ratis/150db07c-3973-4fc4-9d43-c8cc51dde9e1 has been successfully formatted.
2019-09-25 07:05:21,750 [pool-47-thread-1] INFO  ratis.ContainerStateMachine (ContainerStateMachine.java:loadSnapshot(230)) - group-C8CC51DDE9E1: The snapshot info is null. Setting the last applied indexto:(t:0, i:~)
2019-09-25 07:05:21,750 [pool-47-thread-1] INFO  server.RaftServerConfigKeys (ConfUtils.java:logGet(43)) - raft.server.notification.no-leader.timeout = 120s (custom)
2019-09-25 07:05:21,750 [pool-47-thread-1] INFO  server.RaftServerConfigKeys (ConfUtils.java:logGet(43)) - raft.server.log.use.memory = false (default)
2019-09-25 07:05:21,750 [pool-47-thread-1] INFO  server.RaftServerConfigKeys (ConfUtils.java:logGet(43)) - raft.server.log.purge.gap = 1000000 (custom)
2019-09-25 07:05:21,750 [pool-47-thread-1] INFO  server.RaftServerConfigKeys (ConfUtils.java:logGet(43)) - raft.server.log.appender.buffer.byte-limit = 33554432 (custom)
2019-09-25 07:05:21,750 [pool-47-thread-1] INFO  server.RaftServerConfigKeys (ConfUtils.java:logGet(43)) - raft.server.log.segment.size.max = 1048576 (custom)
2019-09-25 07:05:21,750 [pool-47-thread-1] INFO  server.RaftServerConfigKeys (ConfUtils.java:logGet(43)) - raft.server.log.segment.cache.num.max = 2 (custom)
2019-09-25 07:05:21,751 [pool-47-thread-1] INFO  segmented.SegmentedRaftLogWorker (SegmentedRaftLogWorker.java:<init>(172)) - new 24bf2945-a329-4da6-aaf2-23ecd8d462c6@group-C8CC51DDE9E1-SegmentedRaftLogWorker for RaftStorage:Storage Directory /workdir/hadoop-ozone/integration-test/target/test-dir/MiniOzoneClusterImpl-39af9574-7a8b-4ed7-b830-bf686a3d4bb8/datanode-2/data/ratis/150db07c-3973-4fc4-9d43-c8cc51dde9e1
2019-09-25 07:05:21,751 [pool-47-thread-1] INFO  server.RaftServerConfigKeys (ConfUtils.java:logGet(43)) - raft.server.log.queue.byte-limit = 2147483647 (custom)
2019-09-25 07:05:21,751 [pool-47-thread-1] INFO  server.RaftServerConfigKeys (ConfUtils.java:logGet(43)) - raft.server.log.queue.element-limit = 1024 (custom)
2019-09-25 07:05:21,751 [pool-47-thread-1] INFO  server.RaftServerConfigKeys (ConfUtils.java:logGet(43)) - raft.server.log.segment.size.max = 1048576 (custom)
2019-09-25 07:05:21,751 [pool-47-thread-1] INFO  server.RaftServerConfigKeys (ConfUtils.java:logGet(43)) - raft.server.log.preallocated.size = 16384 (custom)
2019-09-25 07:05:21,751 [pool-47-thread-1] INFO  server.RaftServerConfigKeys (ConfUtils.java:logGet(43)) - raft.server.log.write.buffer.size = 33554432 (custom)
2019-09-25 07:05:21,752 [pool-47-thread-1] INFO  server.RaftServerConfigKeys (ConfUtils.java:logGet(43)) - raft.server.log.force.sync.num = 128 (default)
2019-09-25 07:05:21,752 [pool-47-thread-1] INFO  server.RaftServerConfigKeys (ConfUtils.java:logGet(43)) - raft.server.log.statemachine.data.sync = true (default)
2019-09-25 07:05:21,752 [pool-47-thread-1] INFO  server.RaftServerConfigKeys (ConfUtils.java:logGet(43)) - raft.server.log.statemachine.data.sync.timeout = 10s (default)
2019-09-25 07:05:21,752 [pool-47-thread-1] INFO  server.RaftServerConfigKeys (ConfUtils.java:logGet(43)) - raft.server.log.statemachine.data.sync.timeout.retry = -1 (default)
2019-09-25 07:05:21,752 [pool-47-thread-1] INFO  server.RaftServerConfigKeys (ConfUtils.java:logGet(43)) - raft.server.log.statemachine.data.caching.enabled = true (custom)
2019-09-25 07:05:21,752 [pool-47-thread-1] INFO  segmented.SegmentedRaftLogWorker (SegmentedRaftLogWorker.java:lambda$new$0(132)) - 24bf2945-a329-4da6-aaf2-23ecd8d462c6@group-C8CC51DDE9E1-SegmentedRaftLogWorker: flushIndex: setUnconditionally 0 -> -1
2019-09-25 07:05:21,753 [pool-47-thread-1] INFO  server.RaftServerConfigKeys (ConfUtils.java:logGet(43)) - raft.server.snapshot.auto.trigger.enabled = true (custom)
2019-09-25 07:05:21,753 [pool-47-thread-1] INFO  server.RaftServerConfigKeys (ConfUtils.java:logGet(43)) - raft.server.snapshot.auto.trigger.threshold = 10000 (custom)
2019-09-25 07:05:21,753 [pool-47-thread-1] INFO  server.RaftServerConfigKeys (ConfUtils.java:logGet(43)) - raft.server.snapshot.retention.num.files = 5 (custom)
2019-09-25 07:05:21,753 [pool-47-thread-1] INFO  server.RaftServerConfigKeys (ConfUtils.java:logGet(43)) - raft.server.retrycache.expirytime = 600000ms (custom)
2019-09-25 07:05:21,755 [pool-47-thread-1] INFO  impl.RaftServerImpl (RaftServerImpl.java:start(185)) - 24bf2945-a329-4da6-aaf2-23ecd8d462c6@group-C8CC51DDE9E1: start as a follower, conf=-1: [24bf2945-a329-4da6-aaf2-23ecd8d462c6:192.168.30.10:42867], old=null
2019-09-25 07:05:21,755 [pool-47-thread-1] INFO  impl.RaftServerImpl (RaftServerImpl.java:setRole(174)) - 24bf2945-a329-4da6-aaf2-23ecd8d462c6@group-C8CC51DDE9E1: changes role from      null to FOLLOWER at term 0 for startAsFollower
2019-09-25 07:05:21,755 [pool-47-thread-1] INFO  impl.RoleInfo (RoleInfo.java:updateAndGet(143)) - 24bf2945-a329-4da6-aaf2-23ecd8d462c6: start FollowerState
2019-09-25 07:05:21,755 [pool-47-thread-1] INFO  util.JmxRegister (JmxRegister.java:tryRegister(44)) - Successfully registered JMX Bean with object name Ratis:service=RaftServer,group=group-C8CC51DDE9E1,id=24bf2945-a329-4da6-aaf2-23ecd8d462c6
2019-09-25 07:05:21,758 [RatisPipelineUtilsThread] INFO  pipeline.PipelineStateManager (PipelineStateManager.java:addPipeline(56)) - Created pipeline Pipeline[ Id: 150db07c-3973-4fc4-9d43-c8cc51dde9e1, Nodes: 24bf2945-a329-4da6-aaf2-23ecd8d462c6{ip: 192.168.30.10, host: pr-hdds-1569-s62bp-3040748787, networkLocation: /default-rack, certSerialId: null}, Type:RATIS, Factor:ONE, State:OPEN]
2019-09-25 07:05:21,763 [grpc-default-executor-1] INFO  impl.RaftServerProxy (RaftServerProxy.java:addNew(89)) - e568d23f-199e-48ce-91e4-5c166e2e97cd: addNew group-7BC5B9B6B724:[e568d23f-199e-48ce-91e4-5c166e2e97cd:192.168.30.10:42827] returns group-7BC5B9B6B724:java.util.concurrent.CompletableFuture@9ba485f[Not completed]
2019-09-25 07:05:21,764 [pool-27-thread-1] INFO  impl.RaftServerImpl (RaftServerImpl.java:<init>(95)) - e568d23f-199e-48ce-91e4-5c166e2e97cd: new RaftServerImpl for group-7BC5B9B6B724:[e568d23f-199e-48ce-91e4-5c166e2e97cd:192.168.30.10:42827] with ContainerStateMachine:uninitialized
2019-09-25 07:05:21,764 [pool-27-thread-1] INFO  server.RaftServerConfigKeys (ConfUtils.java:logGet(43)) - raft.server.rpc.timeout.min = 5s (custom)
2019-09-25 07:05:21,764 [pool-27-thread-1] INFO  server.RaftServerConfigKeys (ConfUtils.java:logGet(43)) - raft.server.rpc.timeout.max = 5200ms (custom)
2019-09-25 07:05:21,765 [pool-27-thread-1] INFO  server.RaftServerConfigKeys (ConfUtils.java:logGet(43)) - raft.server.rpcslowness.timeout = 120s (custom)
2019-09-25 07:05:21,765 [pool-27-thread-1] INFO  server.RaftServerConfigKeys (ConfUtils.java:logGet(43)) - raft.server.sleep.deviation.threshold = 300 (default)
2019-09-25 07:05:21,765 [pool-27-thread-1] INFO  server.RaftServerConfigKeys (ConfUtils.java:logGet(43)) - raft.server.log.appender.install.snapshot.enabled = false (custom)
2019-09-25 07:05:21,765 [pool-27-thread-1] INFO  impl.RaftServerImpl (ServerState.java:<init>(103)) - e568d23f-199e-48ce-91e4-5c166e2e97cd@group-7BC5B9B6B724: ConfigurationManager, init=-1: [e568d23f-199e-48ce-91e4-5c166e2e97cd:192.168.30.10:42827], old=null, confs=<EMPTY_MAP>
2019-09-25 07:05:21,765 [pool-27-thread-1] INFO  server.RaftServerConfigKeys (ConfUtils.java:logGet(43)) - raft.server.storage.dir = [/workdir/hadoop-ozone/integration-test/target/test-dir/MiniOzoneClusterImpl-39af9574-7a8b-4ed7-b830-bf686a3d4bb8/datanode-0/data/ratis] (custom)
2019-09-25 07:05:21,766 [pool-27-thread-1] INFO  storage.RaftStorageDirectory (RaftStorageDirectory.java:analyzeStorage(246)) - The storage directory /workdir/hadoop-ozone/integration-test/target/test-dir/MiniOzoneClusterImpl-39af9574-7a8b-4ed7-b830-bf686a3d4bb8/datanode-0/data/ratis/9b45528c-3511-46af-b1c4-7bc5b9b6b724 does not exist. Creating ...
2019-09-25 07:05:21,785 [pool-27-thread-1] INFO  storage.RaftStorageDirectory (RaftStorageDirectory.java:tryLock(328)) - Lock on /workdir/hadoop-ozone/integration-test/target/test-dir/MiniOzoneClusterImpl-39af9574-7a8b-4ed7-b830-bf686a3d4bb8/datanode-0/data/ratis/9b45528c-3511-46af-b1c4-7bc5b9b6b724/in_use.lock acquired by nodename 19495@pr-hdds-1569-s62bp-3040748787
2019-09-25 07:05:21,797 [pool-27-thread-1] INFO  storage.RaftStorage (RaftStorage.java:format(72)) - Storage directory /workdir/hadoop-ozone/integration-test/target/test-dir/MiniOzoneClusterImpl-39af9574-7a8b-4ed7-b830-bf686a3d4bb8/datanode-0/data/ratis/9b45528c-3511-46af-b1c4-7bc5b9b6b724 has been successfully formatted.
2019-09-25 07:05:21,798 [pool-27-thread-1] INFO  ratis.ContainerStateMachine (ContainerStateMachine.java:loadSnapshot(230)) - group-7BC5B9B6B724: The snapshot info is null. Setting the last applied indexto:(t:0, i:~)
2019-09-25 07:05:21,798 [pool-27-thread-1] INFO  server.RaftServerConfigKeys (ConfUtils.java:logGet(43)) - raft.server.notification.no-leader.timeout = 120s (custom)
2019-09-25 07:05:21,798 [pool-27-thread-1] INFO  server.RaftServerConfigKeys (ConfUtils.java:logGet(43)) - raft.server.log.use.memory = false (default)
2019-09-25 07:05:21,798 [pool-27-thread-1] INFO  server.RaftServerConfigKeys (ConfUtils.java:logGet(43)) - raft.server.log.purge.gap = 1000000 (custom)
2019-09-25 07:05:21,798 [pool-27-thread-1] INFO  server.RaftServerConfigKeys (ConfUtils.java:logGet(43)) - raft.server.log.appender.buffer.byte-limit = 33554432 (custom)
2019-09-25 07:05:21,798 [pool-27-thread-1] INFO  server.RaftServerConfigKeys (ConfUtils.java:logGet(43)) - raft.server.log.segment.size.max = 1048576 (custom)
2019-09-25 07:05:21,798 [pool-27-thread-1] INFO  server.RaftServerConfigKeys (ConfUtils.java:logGet(43)) - raft.server.log.segment.cache.num.max = 2 (custom)
2019-09-25 07:05:21,799 [pool-27-thread-1] INFO  segmented.SegmentedRaftLogWorker (SegmentedRaftLogWorker.java:<init>(172)) - new e568d23f-199e-48ce-91e4-5c166e2e97cd@group-7BC5B9B6B724-SegmentedRaftLogWorker for RaftStorage:Storage Directory /workdir/hadoop-ozone/integration-test/target/test-dir/MiniOzoneClusterImpl-39af9574-7a8b-4ed7-b830-bf686a3d4bb8/datanode-0/data/ratis/9b45528c-3511-46af-b1c4-7bc5b9b6b724
2019-09-25 07:05:21,799 [pool-27-thread-1] INFO  server.RaftServerConfigKeys (ConfUtils.java:logGet(43)) - raft.server.log.queue.byte-limit = 2147483647 (custom)
2019-09-25 07:05:21,799 [pool-27-thread-1] INFO  server.RaftServerConfigKeys (ConfUtils.java:logGet(43)) - raft.server.log.queue.element-limit = 1024 (custom)
2019-09-25 07:05:21,799 [pool-27-thread-1] INFO  server.RaftServerConfigKeys (ConfUtils.java:logGet(43)) - raft.server.log.segment.size.max = 1048576 (custom)
2019-09-25 07:05:21,799 [pool-27-thread-1] INFO  server.RaftServerConfigKeys (ConfUtils.java:logGet(43)) - raft.server.log.preallocated.size = 16384 (custom)
2019-09-25 07:05:21,799 [pool-27-thread-1] INFO  server.RaftServerConfigKeys (ConfUtils.java:logGet(43)) - raft.server.log.write.buffer.size = 33554432 (custom)
2019-09-25 07:05:21,799 [pool-27-thread-1] INFO  server.RaftServerConfigKeys (ConfUtils.java:logGet(43)) - raft.server.log.force.sync.num = 128 (default)
2019-09-25 07:05:21,799 [pool-27-thread-1] INFO  server.RaftServerConfigKeys (ConfUtils.java:logGet(43)) - raft.server.log.statemachine.data.sync = true (default)
2019-09-25 07:05:21,799 [pool-27-thread-1] INFO  server.RaftServerConfigKeys (ConfUtils.java:logGet(43)) - raft.server.log.statemachine.data.sync.timeout = 10s (default)
2019-09-25 07:05:21,800 [pool-27-thread-1] INFO  server.RaftServerConfigKeys (ConfUtils.java:logGet(43)) - raft.server.log.statemachine.data.sync.timeout.retry = -1 (default)
2019-09-25 07:05:21,800 [pool-27-thread-1] INFO  server.RaftServerConfigKeys (ConfUtils.java:logGet(43)) - raft.server.log.statemachine.data.caching.enabled = true (custom)
2019-09-25 07:05:21,800 [pool-27-thread-1] INFO  segmented.SegmentedRaftLogWorker (SegmentedRaftLogWorker.java:lambda$new$0(132)) - e568d23f-199e-48ce-91e4-5c166e2e97cd@group-7BC5B9B6B724-SegmentedRaftLogWorker: flushIndex: setUnconditionally 0 -> -1
2019-09-25 07:05:21,800 [pool-27-thread-1] INFO  server.RaftServerConfigKeys (ConfUtils.java:logGet(43)) - raft.server.snapshot.auto.trigger.enabled = true (custom)
2019-09-25 07:05:21,800 [pool-27-thread-1] INFO  server.RaftServerConfigKeys (ConfUtils.java:logGet(43)) - raft.server.snapshot.auto.trigger.threshold = 10000 (custom)
2019-09-25 07:05:21,801 [pool-27-thread-1] INFO  server.RaftServerConfigKeys (ConfUtils.java:logGet(43)) - raft.server.snapshot.retention.num.files = 5 (custom)
2019-09-25 07:05:21,801 [pool-27-thread-1] INFO  server.RaftServerConfigKeys (ConfUtils.java:logGet(43)) - raft.server.retrycache.expirytime = 600000ms (custom)
2019-09-25 07:05:21,802 [pool-27-thread-1] INFO  impl.RaftServerImpl (RaftServerImpl.java:start(185)) - e568d23f-199e-48ce-91e4-5c166e2e97cd@group-7BC5B9B6B724: start as a follower, conf=-1: [e568d23f-199e-48ce-91e4-5c166e2e97cd:192.168.30.10:42827], old=null
2019-09-25 07:05:21,802 [pool-27-thread-1] INFO  impl.RaftServerImpl (RaftServerImpl.java:setRole(174)) - e568d23f-199e-48ce-91e4-5c166e2e97cd@group-7BC5B9B6B724: changes role from      null to FOLLOWER at term 0 for startAsFollower
2019-09-25 07:05:21,802 [pool-27-thread-1] INFO  impl.RoleInfo (RoleInfo.java:updateAndGet(143)) - e568d23f-199e-48ce-91e4-5c166e2e97cd: start FollowerState
2019-09-25 07:05:21,803 [pool-27-thread-1] INFO  util.JmxRegister (JmxRegister.java:tryRegister(44)) - Successfully registered JMX Bean with object name Ratis:service=RaftServer,group=group-7BC5B9B6B724,id=e568d23f-199e-48ce-91e4-5c166e2e97cd
2019-09-25 07:05:21,805 [RatisPipelineUtilsThread] INFO  pipeline.PipelineStateManager (PipelineStateManager.java:addPipeline(56)) - Created pipeline Pipeline[ Id: 9b45528c-3511-46af-b1c4-7bc5b9b6b724, Nodes: e568d23f-199e-48ce-91e4-5c166e2e97cd{ip: 192.168.30.10, host: pr-hdds-1569-s62bp-3040748787, networkLocation: /default-rack, certSerialId: null}, Type:RATIS, Factor:ONE, State:OPEN]
2019-09-25 07:05:21,809 [grpc-default-executor-1] INFO  impl.RaftServerProxy (RaftServerProxy.java:addNew(89)) - 24bf2945-a329-4da6-aaf2-23ecd8d462c6: addNew group-EE4AE98013B0:[24bf2945-a329-4da6-aaf2-23ecd8d462c6:192.168.30.10:42867] returns group-EE4AE98013B0:java.util.concurrent.CompletableFuture@2fc179d7[Not completed]
2019-09-25 07:05:21,810 [pool-47-thread-1] INFO  impl.RaftServerImpl (RaftServerImpl.java:<init>(95)) - 24bf2945-a329-4da6-aaf2-23ecd8d462c6: new RaftServerImpl for group-EE4AE98013B0:[24bf2945-a329-4da6-aaf2-23ecd8d462c6:192.168.30.10:42867] with ContainerStateMachine:uninitialized
2019-09-25 07:05:21,810 [pool-47-thread-1] INFO  server.RaftServerConfigKeys (ConfUtils.java:logGet(43)) - raft.server.rpc.timeout.min = 5s (custom)
2019-09-25 07:05:21,811 [pool-47-thread-1] INFO  server.RaftServerConfigKeys (ConfUtils.java:logGet(43)) - raft.server.rpc.timeout.max = 5200ms (custom)
2019-09-25 07:05:21,811 [pool-47-thread-1] INFO  server.RaftServerConfigKeys (ConfUtils.java:logGet(43)) - raft.server.rpcslowness.timeout = 120s (custom)
2019-09-25 07:05:21,811 [pool-47-thread-1] INFO  server.RaftServerConfigKeys (ConfUtils.java:logGet(43)) - raft.server.sleep.deviation.threshold = 300 (default)
2019-09-25 07:05:21,811 [pool-47-thread-1] INFO  server.RaftServerConfigKeys (ConfUtils.java:logGet(43)) - raft.server.log.appender.install.snapshot.enabled = false (custom)
2019-09-25 07:05:21,811 [pool-47-thread-1] INFO  impl.RaftServerImpl (ServerState.java:<init>(103)) - 24bf2945-a329-4da6-aaf2-23ecd8d462c6@group-EE4AE98013B0: ConfigurationManager, init=-1: [24bf2945-a329-4da6-aaf2-23ecd8d462c6:192.168.30.10:42867], old=null, confs=<EMPTY_MAP>
2019-09-25 07:05:21,811 [pool-47-thread-1] INFO  server.RaftServerConfigKeys (ConfUtils.java:logGet(43)) - raft.server.storage.dir = [/workdir/hadoop-ozone/integration-test/target/test-dir/MiniOzoneClusterImpl-39af9574-7a8b-4ed7-b830-bf686a3d4bb8/datanode-2/data/ratis] (custom)
2019-09-25 07:05:21,812 [pool-47-thread-1] INFO  storage.RaftStorageDirectory (RaftStorageDirectory.java:analyzeStorage(246)) - The storage directory /workdir/hadoop-ozone/integration-test/target/test-dir/MiniOzoneClusterImpl-39af9574-7a8b-4ed7-b830-bf686a3d4bb8/datanode-2/data/ratis/e4291c40-9c98-4ffc-bf58-ee4ae98013b0 does not exist. Creating ...
2019-09-25 07:05:21,820 [pool-47-thread-1] INFO  storage.RaftStorageDirectory (RaftStorageDirectory.java:tryLock(328)) - Lock on /workdir/hadoop-ozone/integration-test/target/test-dir/MiniOzoneClusterImpl-39af9574-7a8b-4ed7-b830-bf686a3d4bb8/datanode-2/data/ratis/e4291c40-9c98-4ffc-bf58-ee4ae98013b0/in_use.lock acquired by nodename 19495@pr-hdds-1569-s62bp-3040748787
2019-09-25 07:05:21,829 [pool-47-thread-1] INFO  storage.RaftStorage (RaftStorage.java:format(72)) - Storage directory /workdir/hadoop-ozone/integration-test/target/test-dir/MiniOzoneClusterImpl-39af9574-7a8b-4ed7-b830-bf686a3d4bb8/datanode-2/data/ratis/e4291c40-9c98-4ffc-bf58-ee4ae98013b0 has been successfully formatted.
2019-09-25 07:05:21,830 [pool-47-thread-1] INFO  ratis.ContainerStateMachine (ContainerStateMachine.java:loadSnapshot(230)) - group-EE4AE98013B0: The snapshot info is null. Setting the last applied indexto:(t:0, i:~)
2019-09-25 07:05:21,830 [pool-47-thread-1] INFO  server.RaftServerConfigKeys (ConfUtils.java:logGet(43)) - raft.server.notification.no-leader.timeout = 120s (custom)
2019-09-25 07:05:21,830 [pool-47-thread-1] INFO  server.RaftServerConfigKeys (ConfUtils.java:logGet(43)) - raft.server.log.use.memory = false (default)
2019-09-25 07:05:21,830 [pool-47-thread-1] INFO  server.RaftServerConfigKeys (ConfUtils.java:logGet(43)) - raft.server.log.purge.gap = 1000000 (custom)
2019-09-25 07:05:21,831 [pool-47-thread-1] INFO  server.RaftServerConfigKeys (ConfUtils.java:logGet(43)) - raft.server.log.appender.buffer.byte-limit = 33554432 (custom)
2019-09-25 07:05:21,831 [pool-47-thread-1] INFO  server.RaftServerConfigKeys (ConfUtils.java:logGet(43)) - raft.server.log.segment.size.max = 1048576 (custom)
2019-09-25 07:05:21,831 [pool-47-thread-1] INFO  server.RaftServerConfigKeys (ConfUtils.java:logGet(43)) - raft.server.log.segment.cache.num.max = 2 (custom)
2019-09-25 07:05:21,831 [pool-47-thread-1] INFO  segmented.SegmentedRaftLogWorker (SegmentedRaftLogWorker.java:<init>(172)) - new 24bf2945-a329-4da6-aaf2-23ecd8d462c6@group-EE4AE98013B0-SegmentedRaftLogWorker for RaftStorage:Storage Directory /workdir/hadoop-ozone/integration-test/target/test-dir/MiniOzoneClusterImpl-39af9574-7a8b-4ed7-b830-bf686a3d4bb8/datanode-2/data/ratis/e4291c40-9c98-4ffc-bf58-ee4ae98013b0
2019-09-25 07:05:21,831 [pool-47-thread-1] INFO  server.RaftServerConfigKeys (ConfUtils.java:logGet(43)) - raft.server.log.queue.byte-limit = 2147483647 (custom)
2019-09-25 07:05:21,831 [pool-47-thread-1] INFO  server.RaftServerConfigKeys (ConfUtils.java:logGet(43)) - raft.server.log.queue.element-limit = 1024 (custom)
2019-09-25 07:05:21,831 [pool-47-thread-1] INFO  server.RaftServerConfigKeys (ConfUtils.java:logGet(43)) - raft.server.log.segment.size.max = 1048576 (custom)
2019-09-25 07:05:21,832 [pool-47-thread-1] INFO  server.RaftServerConfigKeys (ConfUtils.java:logGet(43)) - raft.server.log.preallocated.size = 16384 (custom)
2019-09-25 07:05:21,832 [pool-47-thread-1] INFO  server.RaftServerConfigKeys (ConfUtils.java:logGet(43)) - raft.server.log.write.buffer.size = 33554432 (custom)
2019-09-25 07:05:21,832 [pool-47-thread-1] INFO  server.RaftServerConfigKeys (ConfUtils.java:logGet(43)) - raft.server.log.force.sync.num = 128 (default)
2019-09-25 07:05:21,832 [pool-47-thread-1] INFO  server.RaftServerConfigKeys (ConfUtils.java:logGet(43)) - raft.server.log.statemachine.data.sync = true (default)
2019-09-25 07:05:21,832 [pool-47-thread-1] INFO  server.RaftServerConfigKeys (ConfUtils.java:logGet(43)) - raft.server.log.statemachine.data.sync.timeout = 10s (default)
2019-09-25 07:05:21,832 [pool-47-thread-1] INFO  server.RaftServerConfigKeys (ConfUtils.java:logGet(43)) - raft.server.log.statemachine.data.sync.timeout.retry = -1 (default)
2019-09-25 07:05:21,832 [pool-47-thread-1] INFO  server.RaftServerConfigKeys (ConfUtils.java:logGet(43)) - raft.server.log.statemachine.data.caching.enabled = true (custom)
2019-09-25 07:05:21,833 [pool-47-thread-1] INFO  segmented.SegmentedRaftLogWorker (SegmentedRaftLogWorker.java:lambda$new$0(132)) - 24bf2945-a329-4da6-aaf2-23ecd8d462c6@group-EE4AE98013B0-SegmentedRaftLogWorker: flushIndex: setUnconditionally 0 -> -1
2019-09-25 07:05:21,833 [pool-47-thread-1] INFO  server.RaftServerConfigKeys (ConfUtils.java:logGet(43)) - raft.server.snapshot.auto.trigger.enabled = true (custom)
2019-09-25 07:05:21,833 [pool-47-thread-1] INFO  server.RaftServerConfigKeys (ConfUtils.java:logGet(43)) - raft.server.snapshot.auto.trigger.threshold = 10000 (custom)
2019-09-25 07:05:21,833 [pool-47-thread-1] INFO  server.RaftServerConfigKeys (ConfUtils.java:logGet(43)) - raft.server.snapshot.retention.num.files = 5 (custom)
2019-09-25 07:05:21,834 [pool-47-thread-1] INFO  server.RaftServerConfigKeys (ConfUtils.java:logGet(43)) - raft.server.retrycache.expirytime = 600000ms (custom)
2019-09-25 07:05:21,835 [pool-47-thread-1] INFO  impl.RaftServerImpl (RaftServerImpl.java:start(185)) - 24bf2945-a329-4da6-aaf2-23ecd8d462c6@group-EE4AE98013B0: start as a follower, conf=-1: [24bf2945-a329-4da6-aaf2-23ecd8d462c6:192.168.30.10:42867], old=null
2019-09-25 07:05:21,835 [pool-47-thread-1] INFO  impl.RaftServerImpl (RaftServerImpl.java:setRole(174)) - 24bf2945-a329-4da6-aaf2-23ecd8d462c6@group-EE4AE98013B0: changes role from      null to FOLLOWER at term 0 for startAsFollower
2019-09-25 07:05:21,835 [pool-47-thread-1] INFO  impl.RoleInfo (RoleInfo.java:updateAndGet(143)) - 24bf2945-a329-4da6-aaf2-23ecd8d462c6: start FollowerState
2019-09-25 07:05:21,836 [pool-47-thread-1] INFO  util.JmxRegister (JmxRegister.java:tryRegister(44)) - Successfully registered JMX Bean with object name Ratis:service=RaftServer,group=group-EE4AE98013B0,id=24bf2945-a329-4da6-aaf2-23ecd8d462c6
2019-09-25 07:05:21,838 [RatisPipelineUtilsThread] INFO  pipeline.PipelineStateManager (PipelineStateManager.java:addPipeline(56)) - Created pipeline Pipeline[ Id: e4291c40-9c98-4ffc-bf58-ee4ae98013b0, Nodes: 24bf2945-a329-4da6-aaf2-23ecd8d462c6{ip: 192.168.30.10, host: pr-hdds-1569-s62bp-3040748787, networkLocation: /default-rack, certSerialId: null}, Type:RATIS, Factor:ONE, State:OPEN]
2019-09-25 07:05:21,842 [grpc-default-executor-1] INFO  impl.RaftServerProxy (RaftServerProxy.java:addNew(89)) - e568d23f-199e-48ce-91e4-5c166e2e97cd: addNew group-0108DC8FAD73:[e568d23f-199e-48ce-91e4-5c166e2e97cd:192.168.30.10:42827] returns group-0108DC8FAD73:java.util.concurrent.CompletableFuture@40eb0723[Not completed]
2019-09-25 07:05:21,843 [pool-27-thread-1] INFO  impl.RaftServerImpl (RaftServerImpl.java:<init>(95)) - e568d23f-199e-48ce-91e4-5c166e2e97cd: new RaftServerImpl for group-0108DC8FAD73:[e568d23f-199e-48ce-91e4-5c166e2e97cd:192.168.30.10:42827] with ContainerStateMachine:uninitialized
2019-09-25 07:05:21,843 [pool-27-thread-1] INFO  server.RaftServerConfigKeys (ConfUtils.java:logGet(43)) - raft.server.rpc.timeout.min = 5s (custom)
2019-09-25 07:05:21,844 [pool-27-thread-1] INFO  server.RaftServerConfigKeys (ConfUtils.java:logGet(43)) - raft.server.rpc.timeout.max = 5200ms (custom)
2019-09-25 07:05:21,844 [pool-27-thread-1] INFO  server.RaftServerConfigKeys (ConfUtils.java:logGet(43)) - raft.server.rpcslowness.timeout = 120s (custom)
2019-09-25 07:05:21,844 [pool-27-thread-1] INFO  server.RaftServerConfigKeys (ConfUtils.java:logGet(43)) - raft.server.sleep.deviation.threshold = 300 (default)
2019-09-25 07:05:21,844 [pool-27-thread-1] INFO  server.RaftServerConfigKeys (ConfUtils.java:logGet(43)) - raft.server.log.appender.install.snapshot.enabled = false (custom)
2019-09-25 07:05:21,844 [pool-27-thread-1] INFO  impl.RaftServerImpl (ServerState.java:<init>(103)) - e568d23f-199e-48ce-91e4-5c166e2e97cd@group-0108DC8FAD73: ConfigurationManager, init=-1: [e568d23f-199e-48ce-91e4-5c166e2e97cd:192.168.30.10:42827], old=null, confs=<EMPTY_MAP>
2019-09-25 07:05:21,844 [pool-27-thread-1] INFO  server.RaftServerConfigKeys (ConfUtils.java:logGet(43)) - raft.server.storage.dir = [/workdir/hadoop-ozone/integration-test/target/test-dir/MiniOzoneClusterImpl-39af9574-7a8b-4ed7-b830-bf686a3d4bb8/datanode-0/data/ratis] (custom)
2019-09-25 07:05:21,845 [pool-27-thread-1] INFO  storage.RaftStorageDirectory (RaftStorageDirectory.java:analyzeStorage(246)) - The storage directory /workdir/hadoop-ozone/integration-test/target/test-dir/MiniOzoneClusterImpl-39af9574-7a8b-4ed7-b830-bf686a3d4bb8/datanode-0/data/ratis/73e1ec67-a5c0-426e-9399-0108dc8fad73 does not exist. Creating ...
2019-09-25 07:05:21,851 [pool-27-thread-1] INFO  storage.RaftStorageDirectory (RaftStorageDirectory.java:tryLock(328)) - Lock on /workdir/hadoop-ozone/integration-test/target/test-dir/MiniOzoneClusterImpl-39af9574-7a8b-4ed7-b830-bf686a3d4bb8/datanode-0/data/ratis/73e1ec67-a5c0-426e-9399-0108dc8fad73/in_use.lock acquired by nodename 19495@pr-hdds-1569-s62bp-3040748787
2019-09-25 07:05:21,864 [pool-27-thread-1] INFO  storage.RaftStorage (RaftStorage.java:format(72)) - Storage directory /workdir/hadoop-ozone/integration-test/target/test-dir/MiniOzoneClusterImpl-39af9574-7a8b-4ed7-b830-bf686a3d4bb8/datanode-0/data/ratis/73e1ec67-a5c0-426e-9399-0108dc8fad73 has been successfully formatted.
2019-09-25 07:05:21,865 [pool-27-thread-1] INFO  ratis.ContainerStateMachine (ContainerStateMachine.java:loadSnapshot(230)) - group-0108DC8FAD73: The snapshot info is null. Setting the last applied indexto:(t:0, i:~)
2019-09-25 07:05:21,865 [pool-27-thread-1] INFO  server.RaftServerConfigKeys (ConfUtils.java:logGet(43)) - raft.server.notification.no-leader.timeout = 120s (custom)
2019-09-25 07:05:21,865 [pool-27-thread-1] INFO  server.RaftServerConfigKeys (ConfUtils.java:logGet(43)) - raft.server.log.use.memory = false (default)
2019-09-25 07:05:21,865 [pool-27-thread-1] INFO  server.RaftServerConfigKeys (ConfUtils.java:logGet(43)) - raft.server.log.purge.gap = 1000000 (custom)
2019-09-25 07:05:21,865 [pool-27-thread-1] INFO  server.RaftServerConfigKeys (ConfUtils.java:logGet(43)) - raft.server.log.appender.buffer.byte-limit = 33554432 (custom)
2019-09-25 07:05:21,866 [pool-27-thread-1] INFO  server.RaftServerConfigKeys (ConfUtils.java:logGet(43)) - raft.server.log.segment.size.max = 1048576 (custom)
2019-09-25 07:05:21,866 [pool-27-thread-1] INFO  server.RaftServerConfigKeys (ConfUtils.java:logGet(43)) - raft.server.log.segment.cache.num.max = 2 (custom)
2019-09-25 07:05:21,866 [pool-27-thread-1] INFO  segmented.SegmentedRaftLogWorker (SegmentedRaftLogWorker.java:<init>(172)) - new e568d23f-199e-48ce-91e4-5c166e2e97cd@group-0108DC8FAD73-SegmentedRaftLogWorker for RaftStorage:Storage Directory /workdir/hadoop-ozone/integration-test/target/test-dir/MiniOzoneClusterImpl-39af9574-7a8b-4ed7-b830-bf686a3d4bb8/datanode-0/data/ratis/73e1ec67-a5c0-426e-9399-0108dc8fad73
2019-09-25 07:05:21,866 [pool-27-thread-1] INFO  server.RaftServerConfigKeys (ConfUtils.java:logGet(43)) - raft.server.log.queue.byte-limit = 2147483647 (custom)
2019-09-25 07:05:21,866 [pool-27-thread-1] INFO  server.RaftServerConfigKeys (ConfUtils.java:logGet(43)) - raft.server.log.queue.element-limit = 1024 (custom)
2019-09-25 07:05:21,866 [pool-27-thread-1] INFO  server.RaftServerConfigKeys (ConfUtils.java:logGet(43)) - raft.server.log.segment.size.max = 1048576 (custom)
2019-09-25 07:05:21,866 [pool-27-thread-1] INFO  server.RaftServerConfigKeys (ConfUtils.java:logGet(43)) - raft.server.log.preallocated.size = 16384 (custom)
2019-09-25 07:05:21,867 [pool-27-thread-1] INFO  server.RaftServerConfigKeys (ConfUtils.java:logGet(43)) - raft.server.log.write.buffer.size = 33554432 (custom)
2019-09-25 07:05:21,867 [pool-27-thread-1] INFO  server.RaftServerConfigKeys (ConfUtils.java:logGet(43)) - raft.server.log.force.sync.num = 128 (default)
2019-09-25 07:05:21,867 [pool-27-thread-1] INFO  server.RaftServerConfigKeys (ConfUtils.java:logGet(43)) - raft.server.log.statemachine.data.sync = true (default)
2019-09-25 07:05:21,867 [pool-27-thread-1] INFO  server.RaftServerConfigKeys (ConfUtils.java:logGet(43)) - raft.server.log.statemachine.data.sync.timeout = 10s (default)
2019-09-25 07:05:21,867 [pool-27-thread-1] INFO  server.RaftServerConfigKeys (ConfUtils.java:logGet(43)) - raft.server.log.statemachine.data.sync.timeout.retry = -1 (default)
2019-09-25 07:05:21,867 [pool-27-thread-1] INFO  server.RaftServerConfigKeys (ConfUtils.java:logGet(43)) - raft.server.log.statemachine.data.caching.enabled = true (custom)
2019-09-25 07:05:21,868 [pool-27-thread-1] INFO  segmented.SegmentedRaftLogWorker (SegmentedRaftLogWorker.java:lambda$new$0(132)) - e568d23f-199e-48ce-91e4-5c166e2e97cd@group-0108DC8FAD73-SegmentedRaftLogWorker: flushIndex: setUnconditionally 0 -> -1
2019-09-25 07:05:21,868 [pool-27-thread-1] INFO  server.RaftServerConfigKeys (ConfUtils.java:logGet(43)) - raft.server.snapshot.auto.trigger.enabled = true (custom)
2019-09-25 07:05:21,868 [pool-27-thread-1] INFO  server.RaftServerConfigKeys (ConfUtils.java:logGet(43)) - raft.server.snapshot.auto.trigger.threshold = 10000 (custom)
2019-09-25 07:05:21,868 [pool-27-thread-1] INFO  server.RaftServerConfigKeys (ConfUtils.java:logGet(43)) - raft.server.snapshot.retention.num.files = 5 (custom)
2019-09-25 07:05:21,868 [pool-27-thread-1] INFO  server.RaftServerConfigKeys (ConfUtils.java:logGet(43)) - raft.server.retrycache.expirytime = 600000ms (custom)
2019-09-25 07:05:21,870 [pool-27-thread-1] INFO  impl.RaftServerImpl (RaftServerImpl.java:start(185)) - e568d23f-199e-48ce-91e4-5c166e2e97cd@group-0108DC8FAD73: start as a follower, conf=-1: [e568d23f-199e-48ce-91e4-5c166e2e97cd:192.168.30.10:42827], old=null
2019-09-25 07:05:21,870 [pool-27-thread-1] INFO  impl.RaftServerImpl (RaftServerImpl.java:setRole(174)) - e568d23f-199e-48ce-91e4-5c166e2e97cd@group-0108DC8FAD73: changes role from      null to FOLLOWER at term 0 for startAsFollower
2019-09-25 07:05:21,871 [pool-27-thread-1] INFO  impl.RoleInfo (RoleInfo.java:updateAndGet(143)) - e568d23f-199e-48ce-91e4-5c166e2e97cd: start FollowerState
2019-09-25 07:05:21,871 [pool-27-thread-1] INFO  util.JmxRegister (JmxRegister.java:tryRegister(44)) - Successfully registered JMX Bean with object name Ratis:service=RaftServer,group=group-0108DC8FAD73,id=e568d23f-199e-48ce-91e4-5c166e2e97cd
2019-09-25 07:05:21,873 [RatisPipelineUtilsThread] INFO  pipeline.PipelineStateManager (PipelineStateManager.java:addPipeline(56)) - Created pipeline Pipeline[ Id: 73e1ec67-a5c0-426e-9399-0108dc8fad73, Nodes: e568d23f-199e-48ce-91e4-5c166e2e97cd{ip: 192.168.30.10, host: pr-hdds-1569-s62bp-3040748787, networkLocation: /default-rack, certSerialId: null}, Type:RATIS, Factor:ONE, State:OPEN]
2019-09-25 07:05:21,877 [grpc-default-executor-1] INFO  impl.RaftServerProxy (RaftServerProxy.java:addNew(89)) - e568d23f-199e-48ce-91e4-5c166e2e97cd: addNew group-5252AAD5515A:[e568d23f-199e-48ce-91e4-5c166e2e97cd:192.168.30.10:42827] returns group-5252AAD5515A:java.util.concurrent.CompletableFuture@7bbbf9d1[Not completed]
2019-09-25 07:05:21,879 [pool-27-thread-1] INFO  impl.RaftServerImpl (RaftServerImpl.java:<init>(95)) - e568d23f-199e-48ce-91e4-5c166e2e97cd: new RaftServerImpl for group-5252AAD5515A:[e568d23f-199e-48ce-91e4-5c166e2e97cd:192.168.30.10:42827] with ContainerStateMachine:uninitialized
2019-09-25 07:05:21,879 [pool-27-thread-1] INFO  server.RaftServerConfigKeys (ConfUtils.java:logGet(43)) - raft.server.rpc.timeout.min = 5s (custom)
2019-09-25 07:05:21,879 [pool-27-thread-1] INFO  server.RaftServerConfigKeys (ConfUtils.java:logGet(43)) - raft.server.rpc.timeout.max = 5200ms (custom)
2019-09-25 07:05:21,879 [pool-27-thread-1] INFO  server.RaftServerConfigKeys (ConfUtils.java:logGet(43)) - raft.server.rpcslowness.timeout = 120s (custom)
2019-09-25 07:05:21,879 [pool-27-thread-1] INFO  server.RaftServerConfigKeys (ConfUtils.java:logGet(43)) - raft.server.sleep.deviation.threshold = 300 (default)
2019-09-25 07:05:21,879 [pool-27-thread-1] INFO  server.RaftServerConfigKeys (ConfUtils.java:logGet(43)) - raft.server.log.appender.install.snapshot.enabled = false (custom)
2019-09-25 07:05:21,879 [pool-27-thread-1] INFO  impl.RaftServerImpl (ServerState.java:<init>(103)) - e568d23f-199e-48ce-91e4-5c166e2e97cd@group-5252AAD5515A: ConfigurationManager, init=-1: [e568d23f-199e-48ce-91e4-5c166e2e97cd:192.168.30.10:42827], old=null, confs=<EMPTY_MAP>
2019-09-25 07:05:21,879 [pool-27-thread-1] INFO  server.RaftServerConfigKeys (ConfUtils.java:logGet(43)) - raft.server.storage.dir = [/workdir/hadoop-ozone/integration-test/target/test-dir/MiniOzoneClusterImpl-39af9574-7a8b-4ed7-b830-bf686a3d4bb8/datanode-0/data/ratis] (custom)
2019-09-25 07:05:21,880 [pool-27-thread-1] INFO  storage.RaftStorageDirectory (RaftStorageDirectory.java:analyzeStorage(246)) - The storage directory /workdir/hadoop-ozone/integration-test/target/test-dir/MiniOzoneClusterImpl-39af9574-7a8b-4ed7-b830-bf686a3d4bb8/datanode-0/data/ratis/1ee23c0d-da98-4853-bab5-5252aad5515a does not exist. Creating ...
2019-09-25 07:05:21,908 [pool-27-thread-1] INFO  storage.RaftStorageDirectory (RaftStorageDirectory.java:tryLock(328)) - Lock on /workdir/hadoop-ozone/integration-test/target/test-dir/MiniOzoneClusterImpl-39af9574-7a8b-4ed7-b830-bf686a3d4bb8/datanode-0/data/ratis/1ee23c0d-da98-4853-bab5-5252aad5515a/in_use.lock acquired by nodename 19495@pr-hdds-1569-s62bp-3040748787
2019-09-25 07:05:21,929 [pool-27-thread-1] INFO  storage.RaftStorage (RaftStorage.java:format(72)) - Storage directory /workdir/hadoop-ozone/integration-test/target/test-dir/MiniOzoneClusterImpl-39af9574-7a8b-4ed7-b830-bf686a3d4bb8/datanode-0/data/ratis/1ee23c0d-da98-4853-bab5-5252aad5515a has been successfully formatted.
2019-09-25 07:05:21,930 [pool-27-thread-1] INFO  ratis.ContainerStateMachine (ContainerStateMachine.java:loadSnapshot(230)) - group-5252AAD5515A: The snapshot info is null. Setting the last applied indexto:(t:0, i:~)
2019-09-25 07:05:21,930 [pool-27-thread-1] INFO  server.RaftServerConfigKeys (ConfUtils.java:logGet(43)) - raft.server.notification.no-leader.timeout = 120s (custom)
2019-09-25 07:05:21,930 [pool-27-thread-1] INFO  server.RaftServerConfigKeys (ConfUtils.java:logGet(43)) - raft.server.log.use.memory = false (default)
2019-09-25 07:05:21,930 [pool-27-thread-1] INFO  server.RaftServerConfigKeys (ConfUtils.java:logGet(43)) - raft.server.log.purge.gap = 1000000 (custom)
2019-09-25 07:05:21,930 [pool-27-thread-1] INFO  server.RaftServerConfigKeys (ConfUtils.java:logGet(43)) - raft.server.log.appender.buffer.byte-limit = 33554432 (custom)
2019-09-25 07:05:21,930 [pool-27-thread-1] INFO  server.RaftServerConfigKeys (ConfUtils.java:logGet(43)) - raft.server.log.segment.size.max = 1048576 (custom)
2019-09-25 07:05:21,930 [pool-27-thread-1] INFO  server.RaftServerConfigKeys (ConfUtils.java:logGet(43)) - raft.server.log.segment.cache.num.max = 2 (custom)
2019-09-25 07:05:21,931 [pool-27-thread-1] INFO  segmented.SegmentedRaftLogWorker (SegmentedRaftLogWorker.java:<init>(172)) - new e568d23f-199e-48ce-91e4-5c166e2e97cd@group-5252AAD5515A-SegmentedRaftLogWorker for RaftStorage:Storage Directory /workdir/hadoop-ozone/integration-test/target/test-dir/MiniOzoneClusterImpl-39af9574-7a8b-4ed7-b830-bf686a3d4bb8/datanode-0/data/ratis/1ee23c0d-da98-4853-bab5-5252aad5515a
2019-09-25 07:05:21,931 [pool-27-thread-1] INFO  server.RaftServerConfigKeys (ConfUtils.java:logGet(43)) - raft.server.log.queue.byte-limit = 2147483647 (custom)
2019-09-25 07:05:21,931 [pool-27-thread-1] INFO  server.RaftServerConfigKeys (ConfUtils.java:logGet(43)) - raft.server.log.queue.element-limit = 1024 (custom)
2019-09-25 07:05:21,931 [pool-27-thread-1] INFO  server.RaftServerConfigKeys (ConfUtils.java:logGet(43)) - raft.server.log.segment.size.max = 1048576 (custom)
2019-09-25 07:05:21,931 [pool-27-thread-1] INFO  server.RaftServerConfigKeys (ConfUtils.java:logGet(43)) - raft.server.log.preallocated.size = 16384 (custom)
2019-09-25 07:05:21,931 [pool-27-thread-1] INFO  server.RaftServerConfigKeys (ConfUtils.java:logGet(43)) - raft.server.log.write.buffer.size = 33554432 (custom)
2019-09-25 07:05:21,932 [pool-27-thread-1] INFO  server.RaftServerConfigKeys (ConfUtils.java:logGet(43)) - raft.server.log.force.sync.num = 128 (default)
2019-09-25 07:05:21,932 [pool-27-thread-1] INFO  server.RaftServerConfigKeys (ConfUtils.java:logGet(43)) - raft.server.log.statemachine.data.sync = true (default)
2019-09-25 07:05:21,932 [pool-27-thread-1] INFO  server.RaftServerConfigKeys (ConfUtils.java:logGet(43)) - raft.server.log.statemachine.data.sync.timeout = 10s (default)
2019-09-25 07:05:21,932 [pool-27-thread-1] INFO  server.RaftServerConfigKeys (ConfUtils.java:logGet(43)) - raft.server.log.statemachine.data.sync.timeout.retry = -1 (default)
2019-09-25 07:05:21,932 [pool-27-thread-1] INFO  server.RaftServerConfigKeys (ConfUtils.java:logGet(43)) - raft.server.log.statemachine.data.caching.enabled = true (custom)
2019-09-25 07:05:21,932 [pool-27-thread-1] INFO  segmented.SegmentedRaftLogWorker (SegmentedRaftLogWorker.java:lambda$new$0(132)) - e568d23f-199e-48ce-91e4-5c166e2e97cd@group-5252AAD5515A-SegmentedRaftLogWorker: flushIndex: setUnconditionally 0 -> -1
2019-09-25 07:05:21,933 [pool-27-thread-1] INFO  server.RaftServerConfigKeys (ConfUtils.java:logGet(43)) - raft.server.snapshot.auto.trigger.enabled = true (custom)
2019-09-25 07:05:21,933 [pool-27-thread-1] INFO  server.RaftServerConfigKeys (ConfUtils.java:logGet(43)) - raft.server.snapshot.auto.trigger.threshold = 10000 (custom)
2019-09-25 07:05:21,933 [pool-27-thread-1] INFO  server.RaftServerConfigKeys (ConfUtils.java:logGet(43)) - raft.server.snapshot.retention.num.files = 5 (custom)
2019-09-25 07:05:21,933 [pool-27-thread-1] INFO  server.RaftServerConfigKeys (ConfUtils.java:logGet(43)) - raft.server.retrycache.expirytime = 600000ms (custom)
2019-09-25 07:05:21,935 [pool-27-thread-1] INFO  impl.RaftServerImpl (RaftServerImpl.java:start(185)) - e568d23f-199e-48ce-91e4-5c166e2e97cd@group-5252AAD5515A: start as a follower, conf=-1: [e568d23f-199e-48ce-91e4-5c166e2e97cd:192.168.30.10:42827], old=null
2019-09-25 07:05:21,935 [pool-27-thread-1] INFO  impl.RaftServerImpl (RaftServerImpl.java:setRole(174)) - e568d23f-199e-48ce-91e4-5c166e2e97cd@group-5252AAD5515A: changes role from      null to FOLLOWER at term 0 for startAsFollower
2019-09-25 07:05:21,935 [pool-27-thread-1] INFO  impl.RoleInfo (RoleInfo.java:updateAndGet(143)) - e568d23f-199e-48ce-91e4-5c166e2e97cd: start FollowerState
2019-09-25 07:05:21,936 [pool-27-thread-1] INFO  util.JmxRegister (JmxRegister.java:tryRegister(44)) - Successfully registered JMX Bean with object name Ratis:service=RaftServer,group=group-5252AAD5515A,id=e568d23f-199e-48ce-91e4-5c166e2e97cd
2019-09-25 07:05:21,939 [RatisPipelineUtilsThread] INFO  pipeline.PipelineStateManager (PipelineStateManager.java:addPipeline(56)) - Created pipeline Pipeline[ Id: 1ee23c0d-da98-4853-bab5-5252aad5515a, Nodes: e568d23f-199e-48ce-91e4-5c166e2e97cd{ip: 192.168.30.10, host: pr-hdds-1569-s62bp-3040748787, networkLocation: /default-rack, certSerialId: null}, Type:RATIS, Factor:ONE, State:OPEN]
2019-09-25 07:05:21,943 [grpc-default-executor-1] INFO  impl.RaftServerProxy (RaftServerProxy.java:addNew(89)) - 62ec8eb9-3ae9-4136-b70a-2caf3716fa7f: addNew group-F443C392E8DD:[62ec8eb9-3ae9-4136-b70a-2caf3716fa7f:192.168.30.10:44715] returns group-F443C392E8DD:java.util.concurrent.CompletableFuture@3a85f612[Not completed]
2019-09-25 07:05:21,944 [pool-37-thread-1] INFO  impl.RaftServerImpl (RaftServerImpl.java:<init>(95)) - 62ec8eb9-3ae9-4136-b70a-2caf3716fa7f: new RaftServerImpl for group-F443C392E8DD:[62ec8eb9-3ae9-4136-b70a-2caf3716fa7f:192.168.30.10:44715] with ContainerStateMachine:uninitialized
2019-09-25 07:05:21,944 [pool-37-thread-1] INFO  server.RaftServerConfigKeys (ConfUtils.java:logGet(43)) - raft.server.rpc.timeout.min = 5s (custom)
2019-09-25 07:05:21,944 [pool-37-thread-1] INFO  server.RaftServerConfigKeys (ConfUtils.java:logGet(43)) - raft.server.rpc.timeout.max = 5200ms (custom)
2019-09-25 07:05:21,944 [pool-37-thread-1] INFO  server.RaftServerConfigKeys (ConfUtils.java:logGet(43)) - raft.server.rpcslowness.timeout = 120s (custom)
2019-09-25 07:05:21,944 [pool-37-thread-1] INFO  server.RaftServerConfigKeys (ConfUtils.java:logGet(43)) - raft.server.sleep.deviation.threshold = 300 (default)
2019-09-25 07:05:21,945 [pool-37-thread-1] INFO  server.RaftServerConfigKeys (ConfUtils.java:logGet(43)) - raft.server.log.appender.install.snapshot.enabled = false (custom)
2019-09-25 07:05:21,945 [pool-37-thread-1] INFO  impl.RaftServerImpl (ServerState.java:<init>(103)) - 62ec8eb9-3ae9-4136-b70a-2caf3716fa7f@group-F443C392E8DD: ConfigurationManager, init=-1: [62ec8eb9-3ae9-4136-b70a-2caf3716fa7f:192.168.30.10:44715], old=null, confs=<EMPTY_MAP>
2019-09-25 07:05:21,945 [pool-37-thread-1] INFO  server.RaftServerConfigKeys (ConfUtils.java:logGet(43)) - raft.server.storage.dir = [/workdir/hadoop-ozone/integration-test/target/test-dir/MiniOzoneClusterImpl-39af9574-7a8b-4ed7-b830-bf686a3d4bb8/datanode-1/data/ratis] (custom)
2019-09-25 07:05:21,945 [pool-37-thread-1] INFO  storage.RaftStorageDirectory (RaftStorageDirectory.java:analyzeStorage(246)) - The storage directory /workdir/hadoop-ozone/integration-test/target/test-dir/MiniOzoneClusterImpl-39af9574-7a8b-4ed7-b830-bf686a3d4bb8/datanode-1/data/ratis/d540b8cf-e491-4b62-9244-f443c392e8dd does not exist. Creating ...
2019-09-25 07:05:21,954 [pool-37-thread-1] INFO  storage.RaftStorageDirectory (RaftStorageDirectory.java:tryLock(328)) - Lock on /workdir/hadoop-ozone/integration-test/target/test-dir/MiniOzoneClusterImpl-39af9574-7a8b-4ed7-b830-bf686a3d4bb8/datanode-1/data/ratis/d540b8cf-e491-4b62-9244-f443c392e8dd/in_use.lock acquired by nodename 19495@pr-hdds-1569-s62bp-3040748787
2019-09-25 07:05:21,963 [pool-37-thread-1] INFO  storage.RaftStorage (RaftStorage.java:format(72)) - Storage directory /workdir/hadoop-ozone/integration-test/target/test-dir/MiniOzoneClusterImpl-39af9574-7a8b-4ed7-b830-bf686a3d4bb8/datanode-1/data/ratis/d540b8cf-e491-4b62-9244-f443c392e8dd has been successfully formatted.
2019-09-25 07:05:21,963 [pool-37-thread-1] INFO  ratis.ContainerStateMachine (ContainerStateMachine.java:loadSnapshot(230)) - group-F443C392E8DD: The snapshot info is null. Setting the last applied indexto:(t:0, i:~)
2019-09-25 07:05:21,963 [pool-37-thread-1] INFO  server.RaftServerConfigKeys (ConfUtils.java:logGet(43)) - raft.server.notification.no-leader.timeout = 120s (custom)
2019-09-25 07:05:21,963 [pool-37-thread-1] INFO  server.RaftServerConfigKeys (ConfUtils.java:logGet(43)) - raft.server.log.use.memory = false (default)
2019-09-25 07:05:21,963 [pool-37-thread-1] INFO  server.RaftServerConfigKeys (ConfUtils.java:logGet(43)) - raft.server.log.purge.gap = 1000000 (custom)
2019-09-25 07:05:21,963 [pool-37-thread-1] INFO  server.RaftServerConfigKeys (ConfUtils.java:logGet(43)) - raft.server.log.appender.buffer.byte-limit = 33554432 (custom)
2019-09-25 07:05:21,964 [pool-37-thread-1] INFO  server.RaftServerConfigKeys (ConfUtils.java:logGet(43)) - raft.server.log.segment.size.max = 1048576 (custom)
2019-09-25 07:05:21,964 [pool-37-thread-1] INFO  server.RaftServerConfigKeys (ConfUtils.java:logGet(43)) - raft.server.log.segment.cache.num.max = 2 (custom)
2019-09-25 07:05:21,964 [pool-37-thread-1] INFO  segmented.SegmentedRaftLogWorker (SegmentedRaftLogWorker.java:<init>(172)) - new 62ec8eb9-3ae9-4136-b70a-2caf3716fa7f@group-F443C392E8DD-SegmentedRaftLogWorker for RaftStorage:Storage Directory /workdir/hadoop-ozone/integration-test/target/test-dir/MiniOzoneClusterImpl-39af9574-7a8b-4ed7-b830-bf686a3d4bb8/datanode-1/data/ratis/d540b8cf-e491-4b62-9244-f443c392e8dd
2019-09-25 07:05:21,964 [pool-37-thread-1] INFO  server.RaftServerConfigKeys (ConfUtils.java:logGet(43)) - raft.server.log.queue.byte-limit = 2147483647 (custom)
2019-09-25 07:05:21,964 [pool-37-thread-1] INFO  server.RaftServerConfigKeys (ConfUtils.java:logGet(43)) - raft.server.log.queue.element-limit = 1024 (custom)
2019-09-25 07:05:21,964 [pool-37-thread-1] INFO  server.RaftServerConfigKeys (ConfUtils.java:logGet(43)) - raft.server.log.segment.size.max = 1048576 (custom)
2019-09-25 07:05:21,964 [pool-37-thread-1] INFO  server.RaftServerConfigKeys (ConfUtils.java:logGet(43)) - raft.server.log.preallocated.size = 16384 (custom)
2019-09-25 07:05:21,965 [pool-37-thread-1] INFO  server.RaftServerConfigKeys (ConfUtils.java:logGet(43)) - raft.server.log.write.buffer.size = 33554432 (custom)
2019-09-25 07:05:21,965 [pool-37-thread-1] INFO  server.RaftServerConfigKeys (ConfUtils.java:logGet(43)) - raft.server.log.force.sync.num = 128 (default)
2019-09-25 07:05:21,965 [pool-37-thread-1] INFO  server.RaftServerConfigKeys (ConfUtils.java:logGet(43)) - raft.server.log.statemachine.data.sync = true (default)
2019-09-25 07:05:21,965 [pool-37-thread-1] INFO  server.RaftServerConfigKeys (ConfUtils.java:logGet(43)) - raft.server.log.statemachine.data.sync.timeout = 10s (default)
2019-09-25 07:05:21,965 [pool-37-thread-1] INFO  server.RaftServerConfigKeys (ConfUtils.java:logGet(43)) - raft.server.log.statemachine.data.sync.timeout.retry = -1 (default)
2019-09-25 07:05:21,965 [pool-37-thread-1] INFO  server.RaftServerConfigKeys (ConfUtils.java:logGet(43)) - raft.server.log.statemachine.data.caching.enabled = true (custom)
2019-09-25 07:05:21,966 [pool-37-thread-1] INFO  segmented.SegmentedRaftLogWorker (SegmentedRaftLogWorker.java:lambda$new$0(132)) - 62ec8eb9-3ae9-4136-b70a-2caf3716fa7f@group-F443C392E8DD-SegmentedRaftLogWorker: flushIndex: setUnconditionally 0 -> -1
2019-09-25 07:05:21,966 [pool-37-thread-1] INFO  server.RaftServerConfigKeys (ConfUtils.java:logGet(43)) - raft.server.snapshot.auto.trigger.enabled = true (custom)
2019-09-25 07:05:21,966 [pool-37-thread-1] INFO  server.RaftServerConfigKeys (ConfUtils.java:logGet(43)) - raft.server.snapshot.auto.trigger.threshold = 10000 (custom)
2019-09-25 07:05:21,966 [pool-37-thread-1] INFO  server.RaftServerConfigKeys (ConfUtils.java:logGet(43)) - raft.server.snapshot.retention.num.files = 5 (custom)
2019-09-25 07:05:21,966 [pool-37-thread-1] INFO  server.RaftServerConfigKeys (ConfUtils.java:logGet(43)) - raft.server.retrycache.expirytime = 600000ms (custom)
2019-09-25 07:05:21,968 [pool-37-thread-1] INFO  impl.RaftServerImpl (RaftServerImpl.java:start(185)) - 62ec8eb9-3ae9-4136-b70a-2caf3716fa7f@group-F443C392E8DD: start as a follower, conf=-1: [62ec8eb9-3ae9-4136-b70a-2caf3716fa7f:192.168.30.10:44715], old=null
2019-09-25 07:05:21,968 [pool-37-thread-1] INFO  impl.RaftServerImpl (RaftServerImpl.java:setRole(174)) - 62ec8eb9-3ae9-4136-b70a-2caf3716fa7f@group-F443C392E8DD: changes role from      null to FOLLOWER at term 0 for startAsFollower
2019-09-25 07:05:21,968 [pool-37-thread-1] INFO  impl.RoleInfo (RoleInfo.java:updateAndGet(143)) - 62ec8eb9-3ae9-4136-b70a-2caf3716fa7f: start FollowerState
2019-09-25 07:05:21,969 [pool-37-thread-1] INFO  util.JmxRegister (JmxRegister.java:tryRegister(44)) - Successfully registered JMX Bean with object name Ratis:service=RaftServer,group=group-F443C392E8DD,id=62ec8eb9-3ae9-4136-b70a-2caf3716fa7f
2019-09-25 07:05:21,971 [RatisPipelineUtilsThread] INFO  pipeline.PipelineStateManager (PipelineStateManager.java:addPipeline(56)) - Created pipeline Pipeline[ Id: d540b8cf-e491-4b62-9244-f443c392e8dd, Nodes: 62ec8eb9-3ae9-4136-b70a-2caf3716fa7f{ip: 192.168.30.10, host: pr-hdds-1569-s62bp-3040748787, networkLocation: /default-rack, certSerialId: null}, Type:RATIS, Factor:ONE, State:OPEN]
2019-09-25 07:05:21,975 [grpc-default-executor-1] INFO  impl.RaftServerProxy (RaftServerProxy.java:addNew(89)) - 24bf2945-a329-4da6-aaf2-23ecd8d462c6: addNew group-43F9EDD51685:[24bf2945-a329-4da6-aaf2-23ecd8d462c6:192.168.30.10:42867] returns group-43F9EDD51685:java.util.concurrent.CompletableFuture@40fb0c46[Not completed]
2019-09-25 07:05:21,976 [pool-47-thread-1] INFO  impl.RaftServerImpl (RaftServerImpl.java:<init>(95)) - 24bf2945-a329-4da6-aaf2-23ecd8d462c6: new RaftServerImpl for group-43F9EDD51685:[24bf2945-a329-4da6-aaf2-23ecd8d462c6:192.168.30.10:42867] with ContainerStateMachine:uninitialized
2019-09-25 07:05:21,976 [pool-47-thread-1] INFO  server.RaftServerConfigKeys (ConfUtils.java:logGet(43)) - raft.server.rpc.timeout.min = 5s (custom)
2019-09-25 07:05:21,976 [pool-47-thread-1] INFO  server.RaftServerConfigKeys (ConfUtils.java:logGet(43)) - raft.server.rpc.timeout.max = 5200ms (custom)
2019-09-25 07:05:21,976 [pool-47-thread-1] INFO  server.RaftServerConfigKeys (ConfUtils.java:logGet(43)) - raft.server.rpcslowness.timeout = 120s (custom)
2019-09-25 07:05:21,976 [pool-47-thread-1] INFO  server.RaftServerConfigKeys (ConfUtils.java:logGet(43)) - raft.server.sleep.deviation.threshold = 300 (default)
2019-09-25 07:05:21,977 [pool-47-thread-1] INFO  server.RaftServerConfigKeys (ConfUtils.java:logGet(43)) - raft.server.log.appender.install.snapshot.enabled = false (custom)
2019-09-25 07:05:21,977 [pool-47-thread-1] INFO  impl.RaftServerImpl (ServerState.java:<init>(103)) - 24bf2945-a329-4da6-aaf2-23ecd8d462c6@group-43F9EDD51685: ConfigurationManager, init=-1: [24bf2945-a329-4da6-aaf2-23ecd8d462c6:192.168.30.10:42867], old=null, confs=<EMPTY_MAP>
2019-09-25 07:05:21,977 [pool-47-thread-1] INFO  server.RaftServerConfigKeys (ConfUtils.java:logGet(43)) - raft.server.storage.dir = [/workdir/hadoop-ozone/integration-test/target/test-dir/MiniOzoneClusterImpl-39af9574-7a8b-4ed7-b830-bf686a3d4bb8/datanode-2/data/ratis] (custom)
2019-09-25 07:05:21,978 [pool-47-thread-1] INFO  storage.RaftStorageDirectory (RaftStorageDirectory.java:analyzeStorage(246)) - The storage directory /workdir/hadoop-ozone/integration-test/target/test-dir/MiniOzoneClusterImpl-39af9574-7a8b-4ed7-b830-bf686a3d4bb8/datanode-2/data/ratis/d1fb603f-a3ae-437f-a153-43f9edd51685 does not exist. Creating ...
2019-09-25 07:05:21,998 [pool-47-thread-1] INFO  storage.RaftStorageDirectory (RaftStorageDirectory.java:tryLock(328)) - Lock on /workdir/hadoop-ozone/integration-test/target/test-dir/MiniOzoneClusterImpl-39af9574-7a8b-4ed7-b830-bf686a3d4bb8/datanode-2/data/ratis/d1fb603f-a3ae-437f-a153-43f9edd51685/in_use.lock acquired by nodename 19495@pr-hdds-1569-s62bp-3040748787
2019-09-25 07:05:22,019 [pool-47-thread-1] INFO  storage.RaftStorage (RaftStorage.java:format(72)) - Storage directory /workdir/hadoop-ozone/integration-test/target/test-dir/MiniOzoneClusterImpl-39af9574-7a8b-4ed7-b830-bf686a3d4bb8/datanode-2/data/ratis/d1fb603f-a3ae-437f-a153-43f9edd51685 has been successfully formatted.
2019-09-25 07:05:22,019 [pool-47-thread-1] INFO  ratis.ContainerStateMachine (ContainerStateMachine.java:loadSnapshot(230)) - group-43F9EDD51685: The snapshot info is null. Setting the last applied indexto:(t:0, i:~)
2019-09-25 07:05:22,019 [pool-47-thread-1] INFO  server.RaftServerConfigKeys (ConfUtils.java:logGet(43)) - raft.server.notification.no-leader.timeout = 120s (custom)
2019-09-25 07:05:22,019 [pool-47-thread-1] INFO  server.RaftServerConfigKeys (ConfUtils.java:logGet(43)) - raft.server.log.use.memory = false (default)
2019-09-25 07:05:22,019 [pool-47-thread-1] INFO  server.RaftServerConfigKeys (ConfUtils.java:logGet(43)) - raft.server.log.purge.gap = 1000000 (custom)
2019-09-25 07:05:22,019 [pool-47-thread-1] INFO  server.RaftServerConfigKeys (ConfUtils.java:logGet(43)) - raft.server.log.appender.buffer.byte-limit = 33554432 (custom)
2019-09-25 07:05:22,020 [pool-47-thread-1] INFO  server.RaftServerConfigKeys (ConfUtils.java:logGet(43)) - raft.server.log.segment.size.max = 1048576 (custom)
2019-09-25 07:05:22,020 [pool-47-thread-1] INFO  server.RaftServerConfigKeys (ConfUtils.java:logGet(43)) - raft.server.log.segment.cache.num.max = 2 (custom)
2019-09-25 07:05:22,020 [pool-47-thread-1] INFO  segmented.SegmentedRaftLogWorker (SegmentedRaftLogWorker.java:<init>(172)) - new 24bf2945-a329-4da6-aaf2-23ecd8d462c6@group-43F9EDD51685-SegmentedRaftLogWorker for RaftStorage:Storage Directory /workdir/hadoop-ozone/integration-test/target/test-dir/MiniOzoneClusterImpl-39af9574-7a8b-4ed7-b830-bf686a3d4bb8/datanode-2/data/ratis/d1fb603f-a3ae-437f-a153-43f9edd51685
2019-09-25 07:05:22,020 [pool-47-thread-1] INFO  server.RaftServerConfigKeys (ConfUtils.java:logGet(43)) - raft.server.log.queue.byte-limit = 2147483647 (custom)
2019-09-25 07:05:22,020 [pool-47-thread-1] INFO  server.RaftServerConfigKeys (ConfUtils.java:logGet(43)) - raft.server.log.queue.element-limit = 1024 (custom)
2019-09-25 07:05:22,020 [pool-47-thread-1] INFO  server.RaftServerConfigKeys (ConfUtils.java:logGet(43)) - raft.server.log.segment.size.max = 1048576 (custom)
2019-09-25 07:05:22,020 [pool-47-thread-1] INFO  server.RaftServerConfigKeys (ConfUtils.java:logGet(43)) - raft.server.log.preallocated.size = 16384 (custom)
2019-09-25 07:05:22,020 [pool-47-thread-1] INFO  server.RaftServerConfigKeys (ConfUtils.java:logGet(43)) - raft.server.log.write.buffer.size = 33554432 (custom)
2019-09-25 07:05:22,020 [pool-47-thread-1] INFO  server.RaftServerConfigKeys (ConfUtils.java:logGet(43)) - raft.server.log.force.sync.num = 128 (default)
2019-09-25 07:05:22,021 [pool-47-thread-1] INFO  server.RaftServerConfigKeys (ConfUtils.java:logGet(43)) - raft.server.log.statemachine.data.sync = true (default)
2019-09-25 07:05:22,021 [pool-47-thread-1] INFO  server.RaftServerConfigKeys (ConfUtils.java:logGet(43)) - raft.server.log.statemachine.data.sync.timeout = 10s (default)
2019-09-25 07:05:22,021 [pool-47-thread-1] INFO  server.RaftServerConfigKeys (ConfUtils.java:logGet(43)) - raft.server.log.statemachine.data.sync.timeout.retry = -1 (default)
2019-09-25 07:05:22,021 [pool-47-thread-1] INFO  server.RaftServerConfigKeys (ConfUtils.java:logGet(43)) - raft.server.log.statemachine.data.caching.enabled = true (custom)
2019-09-25 07:05:22,021 [pool-47-thread-1] INFO  segmented.SegmentedRaftLogWorker (SegmentedRaftLogWorker.java:lambda$new$0(132)) - 24bf2945-a329-4da6-aaf2-23ecd8d462c6@group-43F9EDD51685-SegmentedRaftLogWorker: flushIndex: setUnconditionally 0 -> -1
2019-09-25 07:05:22,022 [pool-47-thread-1] INFO  server.RaftServerConfigKeys (ConfUtils.java:logGet(43)) - raft.server.snapshot.auto.trigger.enabled = true (custom)
2019-09-25 07:05:22,022 [pool-47-thread-1] INFO  server.RaftServerConfigKeys (ConfUtils.java:logGet(43)) - raft.server.snapshot.auto.trigger.threshold = 10000 (custom)
2019-09-25 07:05:22,022 [pool-47-thread-1] INFO  server.RaftServerConfigKeys (ConfUtils.java:logGet(43)) - raft.server.snapshot.retention.num.files = 5 (custom)
2019-09-25 07:05:22,022 [pool-47-thread-1] INFO  server.RaftServerConfigKeys (ConfUtils.java:logGet(43)) - raft.server.retrycache.expirytime = 600000ms (custom)
2019-09-25 07:05:22,023 [pool-47-thread-1] INFO  impl.RaftServerImpl (RaftServerImpl.java:start(185)) - 24bf2945-a329-4da6-aaf2-23ecd8d462c6@group-43F9EDD51685: start as a follower, conf=-1: [24bf2945-a329-4da6-aaf2-23ecd8d462c6:192.168.30.10:42867], old=null
2019-09-25 07:05:22,023 [pool-47-thread-1] INFO  impl.RaftServerImpl (RaftServerImpl.java:setRole(174)) - 24bf2945-a329-4da6-aaf2-23ecd8d462c6@group-43F9EDD51685: changes role from      null to FOLLOWER at term 0 for startAsFollower
2019-09-25 07:05:22,024 [pool-47-thread-1] INFO  impl.RoleInfo (RoleInfo.java:updateAndGet(143)) - 24bf2945-a329-4da6-aaf2-23ecd8d462c6: start FollowerState
2019-09-25 07:05:22,024 [pool-47-thread-1] INFO  util.JmxRegister (JmxRegister.java:tryRegister(44)) - Successfully registered JMX Bean with object name Ratis:service=RaftServer,group=group-43F9EDD51685,id=24bf2945-a329-4da6-aaf2-23ecd8d462c6
2019-09-25 07:05:22,026 [RatisPipelineUtilsThread] INFO  pipeline.PipelineStateManager (PipelineStateManager.java:addPipeline(56)) - Created pipeline Pipeline[ Id: d1fb603f-a3ae-437f-a153-43f9edd51685, Nodes: 24bf2945-a329-4da6-aaf2-23ecd8d462c6{ip: 192.168.30.10, host: pr-hdds-1569-s62bp-3040748787, networkLocation: /default-rack, certSerialId: null}, Type:RATIS, Factor:ONE, State:OPEN]
2019-09-25 07:05:22,030 [grpc-default-executor-1] INFO  impl.RaftServerProxy (RaftServerProxy.java:addNew(89)) - 24bf2945-a329-4da6-aaf2-23ecd8d462c6: addNew group-5EE437C68523:[24bf2945-a329-4da6-aaf2-23ecd8d462c6:192.168.30.10:42867] returns group-5EE437C68523:java.util.concurrent.CompletableFuture@e34e7af[Not completed]
2019-09-25 07:05:22,031 [pool-47-thread-1] INFO  impl.RaftServerImpl (RaftServerImpl.java:<init>(95)) - 24bf2945-a329-4da6-aaf2-23ecd8d462c6: new RaftServerImpl for group-5EE437C68523:[24bf2945-a329-4da6-aaf2-23ecd8d462c6:192.168.30.10:42867] with ContainerStateMachine:uninitialized
2019-09-25 07:05:22,031 [pool-47-thread-1] INFO  server.RaftServerConfigKeys (ConfUtils.java:logGet(43)) - raft.server.rpc.timeout.min = 5s (custom)
2019-09-25 07:05:22,031 [pool-47-thread-1] INFO  server.RaftServerConfigKeys (ConfUtils.java:logGet(43)) - raft.server.rpc.timeout.max = 5200ms (custom)
2019-09-25 07:05:22,031 [pool-47-thread-1] INFO  server.RaftServerConfigKeys (ConfUtils.java:logGet(43)) - raft.server.rpcslowness.timeout = 120s (custom)
2019-09-25 07:05:22,031 [pool-47-thread-1] INFO  server.RaftServerConfigKeys (ConfUtils.java:logGet(43)) - raft.server.sleep.deviation.threshold = 300 (default)
2019-09-25 07:05:22,031 [pool-47-thread-1] INFO  server.RaftServerConfigKeys (ConfUtils.java:logGet(43)) - raft.server.log.appender.install.snapshot.enabled = false (custom)
2019-09-25 07:05:22,031 [pool-47-thread-1] INFO  impl.RaftServerImpl (ServerState.java:<init>(103)) - 24bf2945-a329-4da6-aaf2-23ecd8d462c6@group-5EE437C68523: ConfigurationManager, init=-1: [24bf2945-a329-4da6-aaf2-23ecd8d462c6:192.168.30.10:42867], old=null, confs=<EMPTY_MAP>
2019-09-25 07:05:22,031 [pool-47-thread-1] INFO  server.RaftServerConfigKeys (ConfUtils.java:logGet(43)) - raft.server.storage.dir = [/workdir/hadoop-ozone/integration-test/target/test-dir/MiniOzoneClusterImpl-39af9574-7a8b-4ed7-b830-bf686a3d4bb8/datanode-2/data/ratis] (custom)
2019-09-25 07:05:22,032 [pool-47-thread-1] INFO  storage.RaftStorageDirectory (RaftStorageDirectory.java:analyzeStorage(246)) - The storage directory /workdir/hadoop-ozone/integration-test/target/test-dir/MiniOzoneClusterImpl-39af9574-7a8b-4ed7-b830-bf686a3d4bb8/datanode-2/data/ratis/ff092cb7-a213-4c11-87ea-5ee437c68523 does not exist. Creating ...
2019-09-25 07:05:22,061 [pool-47-thread-1] INFO  storage.RaftStorageDirectory (RaftStorageDirectory.java:tryLock(328)) - Lock on /workdir/hadoop-ozone/integration-test/target/test-dir/MiniOzoneClusterImpl-39af9574-7a8b-4ed7-b830-bf686a3d4bb8/datanode-2/data/ratis/ff092cb7-a213-4c11-87ea-5ee437c68523/in_use.lock acquired by nodename 19495@pr-hdds-1569-s62bp-3040748787
2019-09-25 07:05:22,070 [pool-47-thread-1] INFO  storage.RaftStorage (RaftStorage.java:format(72)) - Storage directory /workdir/hadoop-ozone/integration-test/target/test-dir/MiniOzoneClusterImpl-39af9574-7a8b-4ed7-b830-bf686a3d4bb8/datanode-2/data/ratis/ff092cb7-a213-4c11-87ea-5ee437c68523 has been successfully formatted.
2019-09-25 07:05:22,070 [pool-47-thread-1] INFO  ratis.ContainerStateMachine (ContainerStateMachine.java:loadSnapshot(230)) - group-5EE437C68523: The snapshot info is null. Setting the last applied indexto:(t:0, i:~)
2019-09-25 07:05:22,071 [pool-47-thread-1] INFO  server.RaftServerConfigKeys (ConfUtils.java:logGet(43)) - raft.server.notification.no-leader.timeout = 120s (custom)
2019-09-25 07:05:22,071 [pool-47-thread-1] INFO  server.RaftServerConfigKeys (ConfUtils.java:logGet(43)) - raft.server.log.use.memory = false (default)
2019-09-25 07:05:22,071 [pool-47-thread-1] INFO  server.RaftServerConfigKeys (ConfUtils.java:logGet(43)) - raft.server.log.purge.gap = 1000000 (custom)
2019-09-25 07:05:22,071 [pool-47-thread-1] INFO  server.RaftServerConfigKeys (ConfUtils.java:logGet(43)) - raft.server.log.appender.buffer.byte-limit = 33554432 (custom)
2019-09-25 07:05:22,071 [pool-47-thread-1] INFO  server.RaftServerConfigKeys (ConfUtils.java:logGet(43)) - raft.server.log.segment.size.max = 1048576 (custom)
2019-09-25 07:05:22,071 [pool-47-thread-1] INFO  server.RaftServerConfigKeys (ConfUtils.java:logGet(43)) - raft.server.log.segment.cache.num.max = 2 (custom)
2019-09-25 07:05:22,071 [pool-47-thread-1] INFO  segmented.SegmentedRaftLogWorker (SegmentedRaftLogWorker.java:<init>(172)) - new 24bf2945-a329-4da6-aaf2-23ecd8d462c6@group-5EE437C68523-SegmentedRaftLogWorker for RaftStorage:Storage Directory /workdir/hadoop-ozone/integration-test/target/test-dir/MiniOzoneClusterImpl-39af9574-7a8b-4ed7-b830-bf686a3d4bb8/datanode-2/data/ratis/ff092cb7-a213-4c11-87ea-5ee437c68523
2019-09-25 07:05:22,071 [pool-47-thread-1] INFO  server.RaftServerConfigKeys (ConfUtils.java:logGet(43)) - raft.server.log.queue.byte-limit = 2147483647 (custom)
2019-09-25 07:05:22,071 [pool-47-thread-1] INFO  server.RaftServerConfigKeys (ConfUtils.java:logGet(43)) - raft.server.log.queue.element-limit = 1024 (custom)
2019-09-25 07:05:22,072 [pool-47-thread-1] INFO  server.RaftServerConfigKeys (ConfUtils.java:logGet(43)) - raft.server.log.segment.size.max = 1048576 (custom)
2019-09-25 07:05:22,072 [pool-47-thread-1] INFO  server.RaftServerConfigKeys (ConfUtils.java:logGet(43)) - raft.server.log.preallocated.size = 16384 (custom)
2019-09-25 07:05:22,072 [pool-47-thread-1] INFO  server.RaftServerConfigKeys (ConfUtils.java:logGet(43)) - raft.server.log.write.buffer.size = 33554432 (custom)
2019-09-25 07:05:22,072 [pool-47-thread-1] INFO  server.RaftServerConfigKeys (ConfUtils.java:logGet(43)) - raft.server.log.force.sync.num = 128 (default)
2019-09-25 07:05:22,072 [pool-47-thread-1] INFO  server.RaftServerConfigKeys (ConfUtils.java:logGet(43)) - raft.server.log.statemachine.data.sync = true (default)
2019-09-25 07:05:22,072 [pool-47-thread-1] INFO  server.RaftServerConfigKeys (ConfUtils.java:logGet(43)) - raft.server.log.statemachine.data.sync.timeout = 10s (default)
2019-09-25 07:05:22,072 [pool-47-thread-1] INFO  server.RaftServerConfigKeys (ConfUtils.java:logGet(43)) - raft.server.log.statemachine.data.sync.timeout.retry = -1 (default)
2019-09-25 07:05:22,072 [pool-47-thread-1] INFO  server.RaftServerConfigKeys (ConfUtils.java:logGet(43)) - raft.server.log.statemachine.data.caching.enabled = true (custom)
2019-09-25 07:05:22,073 [pool-47-thread-1] INFO  segmented.SegmentedRaftLogWorker (SegmentedRaftLogWorker.java:lambda$new$0(132)) - 24bf2945-a329-4da6-aaf2-23ecd8d462c6@group-5EE437C68523-SegmentedRaftLogWorker: flushIndex: setUnconditionally 0 -> -1
2019-09-25 07:05:22,073 [pool-47-thread-1] INFO  server.RaftServerConfigKeys (ConfUtils.java:logGet(43)) - raft.server.snapshot.auto.trigger.enabled = true (custom)
2019-09-25 07:05:22,073 [pool-47-thread-1] INFO  server.RaftServerConfigKeys (ConfUtils.java:logGet(43)) - raft.server.snapshot.auto.trigger.threshold = 10000 (custom)
2019-09-25 07:05:22,073 [pool-47-thread-1] INFO  server.RaftServerConfigKeys (ConfUtils.java:logGet(43)) - raft.server.snapshot.retention.num.files = 5 (custom)
2019-09-25 07:05:22,073 [pool-47-thread-1] INFO  server.RaftServerConfigKeys (ConfUtils.java:logGet(43)) - raft.server.retrycache.expirytime = 600000ms (custom)
2019-09-25 07:05:22,075 [pool-47-thread-1] INFO  impl.RaftServerImpl (RaftServerImpl.java:start(185)) - 24bf2945-a329-4da6-aaf2-23ecd8d462c6@group-5EE437C68523: start as a follower, conf=-1: [24bf2945-a329-4da6-aaf2-23ecd8d462c6:192.168.30.10:42867], old=null
2019-09-25 07:05:22,075 [pool-47-thread-1] INFO  impl.RaftServerImpl (RaftServerImpl.java:setRole(174)) - 24bf2945-a329-4da6-aaf2-23ecd8d462c6@group-5EE437C68523: changes role from      null to FOLLOWER at term 0 for startAsFollower
2019-09-25 07:05:22,075 [pool-47-thread-1] INFO  impl.RoleInfo (RoleInfo.java:updateAndGet(143)) - 24bf2945-a329-4da6-aaf2-23ecd8d462c6: start FollowerState
2019-09-25 07:05:22,075 [pool-47-thread-1] INFO  util.JmxRegister (JmxRegister.java:tryRegister(44)) - Successfully registered JMX Bean with object name Ratis:service=RaftServer,group=group-5EE437C68523,id=24bf2945-a329-4da6-aaf2-23ecd8d462c6
2019-09-25 07:05:22,077 [RatisPipelineUtilsThread] INFO  pipeline.PipelineStateManager (PipelineStateManager.java:addPipeline(56)) - Created pipeline Pipeline[ Id: ff092cb7-a213-4c11-87ea-5ee437c68523, Nodes: 24bf2945-a329-4da6-aaf2-23ecd8d462c6{ip: 192.168.30.10, host: pr-hdds-1569-s62bp-3040748787, networkLocation: /default-rack, certSerialId: null}, Type:RATIS, Factor:ONE, State:OPEN]
2019-09-25 07:05:22,082 [grpc-default-executor-1] INFO  impl.RaftServerProxy (RaftServerProxy.java:addNew(89)) - 24bf2945-a329-4da6-aaf2-23ecd8d462c6: addNew group-26547D3C28D3:[24bf2945-a329-4da6-aaf2-23ecd8d462c6:192.168.30.10:42867] returns group-26547D3C28D3:java.util.concurrent.CompletableFuture@228851ad[Not completed]
2019-09-25 07:05:22,083 [pool-47-thread-1] INFO  impl.RaftServerImpl (RaftServerImpl.java:<init>(95)) - 24bf2945-a329-4da6-aaf2-23ecd8d462c6: new RaftServerImpl for group-26547D3C28D3:[24bf2945-a329-4da6-aaf2-23ecd8d462c6:192.168.30.10:42867] with ContainerStateMachine:uninitialized
2019-09-25 07:05:22,083 [pool-47-thread-1] INFO  server.RaftServerConfigKeys (ConfUtils.java:logGet(43)) - raft.server.rpc.timeout.min = 5s (custom)
2019-09-25 07:05:22,083 [pool-47-thread-1] INFO  server.RaftServerConfigKeys (ConfUtils.java:logGet(43)) - raft.server.rpc.timeout.max = 5200ms (custom)
2019-09-25 07:05:22,083 [pool-47-thread-1] INFO  server.RaftServerConfigKeys (ConfUtils.java:logGet(43)) - raft.server.rpcslowness.timeout = 120s (custom)
2019-09-25 07:05:22,083 [pool-47-thread-1] INFO  server.RaftServerConfigKeys (ConfUtils.java:logGet(43)) - raft.server.sleep.deviation.threshold = 300 (default)
2019-09-25 07:05:22,083 [pool-47-thread-1] INFO  server.RaftServerConfigKeys (ConfUtils.java:logGet(43)) - raft.server.log.appender.install.snapshot.enabled = false (custom)
2019-09-25 07:05:22,084 [pool-47-thread-1] INFO  impl.RaftServerImpl (ServerState.java:<init>(103)) - 24bf2945-a329-4da6-aaf2-23ecd8d462c6@group-26547D3C28D3: ConfigurationManager, init=-1: [24bf2945-a329-4da6-aaf2-23ecd8d462c6:192.168.30.10:42867], old=null, confs=<EMPTY_MAP>
2019-09-25 07:05:22,084 [pool-47-thread-1] INFO  server.RaftServerConfigKeys (ConfUtils.java:logGet(43)) - raft.server.storage.dir = [/workdir/hadoop-ozone/integration-test/target/test-dir/MiniOzoneClusterImpl-39af9574-7a8b-4ed7-b830-bf686a3d4bb8/datanode-2/data/ratis] (custom)
2019-09-25 07:05:22,084 [pool-47-thread-1] INFO  storage.RaftStorageDirectory (RaftStorageDirectory.java:analyzeStorage(246)) - The storage directory /workdir/hadoop-ozone/integration-test/target/test-dir/MiniOzoneClusterImpl-39af9574-7a8b-4ed7-b830-bf686a3d4bb8/datanode-2/data/ratis/3ec9fa0e-9dbe-45ae-8cde-26547d3c28d3 does not exist. Creating ...
2019-09-25 07:05:22,104 [pool-47-thread-1] INFO  storage.RaftStorageDirectory (RaftStorageDirectory.java:tryLock(328)) - Lock on /workdir/hadoop-ozone/integration-test/target/test-dir/MiniOzoneClusterImpl-39af9574-7a8b-4ed7-b830-bf686a3d4bb8/datanode-2/data/ratis/3ec9fa0e-9dbe-45ae-8cde-26547d3c28d3/in_use.lock acquired by nodename 19495@pr-hdds-1569-s62bp-3040748787
2019-09-25 07:05:22,112 [pool-47-thread-1] INFO  storage.RaftStorage (RaftStorage.java:format(72)) - Storage directory /workdir/hadoop-ozone/integration-test/target/test-dir/MiniOzoneClusterImpl-39af9574-7a8b-4ed7-b830-bf686a3d4bb8/datanode-2/data/ratis/3ec9fa0e-9dbe-45ae-8cde-26547d3c28d3 has been successfully formatted.
2019-09-25 07:05:22,112 [pool-47-thread-1] INFO  ratis.ContainerStateMachine (ContainerStateMachine.java:loadSnapshot(230)) - group-26547D3C28D3: The snapshot info is null. Setting the last applied indexto:(t:0, i:~)
2019-09-25 07:05:22,112 [pool-47-thread-1] INFO  server.RaftServerConfigKeys (ConfUtils.java:logGet(43)) - raft.server.notification.no-leader.timeout = 120s (custom)
2019-09-25 07:05:22,112 [pool-47-thread-1] INFO  server.RaftServerConfigKeys (ConfUtils.java:logGet(43)) - raft.server.log.use.memory = false (default)
2019-09-25 07:05:22,112 [pool-47-thread-1] INFO  server.RaftServerConfigKeys (ConfUtils.java:logGet(43)) - raft.server.log.purge.gap = 1000000 (custom)
2019-09-25 07:05:22,113 [pool-47-thread-1] INFO  server.RaftServerConfigKeys (ConfUtils.java:logGet(43)) - raft.server.log.appender.buffer.byte-limit = 33554432 (custom)
2019-09-25 07:05:22,113 [pool-47-thread-1] INFO  server.RaftServerConfigKeys (ConfUtils.java:logGet(43)) - raft.server.log.segment.size.max = 1048576 (custom)
2019-09-25 07:05:22,113 [pool-47-thread-1] INFO  server.RaftServerConfigKeys (ConfUtils.java:logGet(43)) - raft.server.log.segment.cache.num.max = 2 (custom)
2019-09-25 07:05:22,113 [pool-47-thread-1] INFO  segmented.SegmentedRaftLogWorker (SegmentedRaftLogWorker.java:<init>(172)) - new 24bf2945-a329-4da6-aaf2-23ecd8d462c6@group-26547D3C28D3-SegmentedRaftLogWorker for RaftStorage:Storage Directory /workdir/hadoop-ozone/integration-test/target/test-dir/MiniOzoneClusterImpl-39af9574-7a8b-4ed7-b830-bf686a3d4bb8/datanode-2/data/ratis/3ec9fa0e-9dbe-45ae-8cde-26547d3c28d3
2019-09-25 07:05:22,113 [pool-47-thread-1] INFO  server.RaftServerConfigKeys (ConfUtils.java:logGet(43)) - raft.server.log.queue.byte-limit = 2147483647 (custom)
2019-09-25 07:05:22,113 [pool-47-thread-1] INFO  server.RaftServerConfigKeys (ConfUtils.java:logGet(43)) - raft.server.log.queue.element-limit = 1024 (custom)
2019-09-25 07:05:22,113 [pool-47-thread-1] INFO  server.RaftServerConfigKeys (ConfUtils.java:logGet(43)) - raft.server.log.segment.size.max = 1048576 (custom)
2019-09-25 07:05:22,113 [pool-47-thread-1] INFO  server.RaftServerConfigKeys (ConfUtils.java:logGet(43)) - raft.server.log.preallocated.size = 16384 (custom)
2019-09-25 07:05:22,114 [pool-47-thread-1] INFO  server.RaftServerConfigKeys (ConfUtils.java:logGet(43)) - raft.server.log.write.buffer.size = 33554432 (custom)
2019-09-25 07:05:22,114 [pool-47-thread-1] INFO  server.RaftServerConfigKeys (ConfUtils.java:logGet(43)) - raft.server.log.force.sync.num = 128 (default)
2019-09-25 07:05:22,114 [pool-47-thread-1] INFO  server.RaftServerConfigKeys (ConfUtils.java:logGet(43)) - raft.server.log.statemachine.data.sync = true (default)
2019-09-25 07:05:22,114 [pool-47-thread-1] INFO  server.RaftServerConfigKeys (ConfUtils.java:logGet(43)) - raft.server.log.statemachine.data.sync.timeout = 10s (default)
2019-09-25 07:05:22,114 [pool-47-thread-1] INFO  server.RaftServerConfigKeys (ConfUtils.java:logGet(43)) - raft.server.log.statemachine.data.sync.timeout.retry = -1 (default)
2019-09-25 07:05:22,114 [pool-47-thread-1] INFO  server.RaftServerConfigKeys (ConfUtils.java:logGet(43)) - raft.server.log.statemachine.data.caching.enabled = true (custom)
2019-09-25 07:05:22,114 [pool-47-thread-1] INFO  segmented.SegmentedRaftLogWorker (SegmentedRaftLogWorker.java:lambda$new$0(132)) - 24bf2945-a329-4da6-aaf2-23ecd8d462c6@group-26547D3C28D3-SegmentedRaftLogWorker: flushIndex: setUnconditionally 0 -> -1
2019-09-25 07:05:22,115 [pool-47-thread-1] INFO  server.RaftServerConfigKeys (ConfUtils.java:logGet(43)) - raft.server.snapshot.auto.trigger.enabled = true (custom)
2019-09-25 07:05:22,115 [pool-47-thread-1] INFO  server.RaftServerConfigKeys (ConfUtils.java:logGet(43)) - raft.server.snapshot.auto.trigger.threshold = 10000 (custom)
2019-09-25 07:05:22,115 [pool-47-thread-1] INFO  server.RaftServerConfigKeys (ConfUtils.java:logGet(43)) - raft.server.snapshot.retention.num.files = 5 (custom)
2019-09-25 07:05:22,115 [pool-47-thread-1] INFO  server.RaftServerConfigKeys (ConfUtils.java:logGet(43)) - raft.server.retrycache.expirytime = 600000ms (custom)
2019-09-25 07:05:22,116 [pool-47-thread-1] INFO  impl.RaftServerImpl (RaftServerImpl.java:start(185)) - 24bf2945-a329-4da6-aaf2-23ecd8d462c6@group-26547D3C28D3: start as a follower, conf=-1: [24bf2945-a329-4da6-aaf2-23ecd8d462c6:192.168.30.10:42867], old=null
2019-09-25 07:05:22,117 [pool-47-thread-1] INFO  impl.RaftServerImpl (RaftServerImpl.java:setRole(174)) - 24bf2945-a329-4da6-aaf2-23ecd8d462c6@group-26547D3C28D3: changes role from      null to FOLLOWER at term 0 for startAsFollower
2019-09-25 07:05:22,117 [pool-47-thread-1] INFO  impl.RoleInfo (RoleInfo.java:updateAndGet(143)) - 24bf2945-a329-4da6-aaf2-23ecd8d462c6: start FollowerState
2019-09-25 07:05:22,117 [pool-47-thread-1] INFO  util.JmxRegister (JmxRegister.java:tryRegister(44)) - Successfully registered JMX Bean with object name Ratis:service=RaftServer,group=group-26547D3C28D3,id=24bf2945-a329-4da6-aaf2-23ecd8d462c6
2019-09-25 07:05:22,119 [RatisPipelineUtilsThread] INFO  pipeline.PipelineStateManager (PipelineStateManager.java:addPipeline(56)) - Created pipeline Pipeline[ Id: 3ec9fa0e-9dbe-45ae-8cde-26547d3c28d3, Nodes: 24bf2945-a329-4da6-aaf2-23ecd8d462c6{ip: 192.168.30.10, host: pr-hdds-1569-s62bp-3040748787, networkLocation: /default-rack, certSerialId: null}, Type:RATIS, Factor:ONE, State:OPEN]
2019-09-25 07:05:22,123 [grpc-default-executor-1] INFO  impl.RaftServerProxy (RaftServerProxy.java:addNew(89)) - e568d23f-199e-48ce-91e4-5c166e2e97cd: addNew group-0F87A737B7E2:[e568d23f-199e-48ce-91e4-5c166e2e97cd:192.168.30.10:42827] returns group-0F87A737B7E2:java.util.concurrent.CompletableFuture@353f0619[Not completed]
2019-09-25 07:05:22,123 [pool-27-thread-1] INFO  impl.RaftServerImpl (RaftServerImpl.java:<init>(95)) - e568d23f-199e-48ce-91e4-5c166e2e97cd: new RaftServerImpl for group-0F87A737B7E2:[e568d23f-199e-48ce-91e4-5c166e2e97cd:192.168.30.10:42827] with ContainerStateMachine:uninitialized
2019-09-25 07:05:22,124 [pool-27-thread-1] INFO  server.RaftServerConfigKeys (ConfUtils.java:logGet(43)) - raft.server.rpc.timeout.min = 5s (custom)
2019-09-25 07:05:22,124 [pool-27-thread-1] INFO  server.RaftServerConfigKeys (ConfUtils.java:logGet(43)) - raft.server.rpc.timeout.max = 5200ms (custom)
2019-09-25 07:05:22,124 [pool-27-thread-1] INFO  server.RaftServerConfigKeys (ConfUtils.java:logGet(43)) - raft.server.rpcslowness.timeout = 120s (custom)
2019-09-25 07:05:22,124 [pool-27-thread-1] INFO  server.RaftServerConfigKeys (ConfUtils.java:logGet(43)) - raft.server.sleep.deviation.threshold = 300 (default)
2019-09-25 07:05:22,124 [pool-27-thread-1] INFO  server.RaftServerConfigKeys (ConfUtils.java:logGet(43)) - raft.server.log.appender.install.snapshot.enabled = false (custom)
2019-09-25 07:05:22,124 [pool-27-thread-1] INFO  impl.RaftServerImpl (ServerState.java:<init>(103)) - e568d23f-199e-48ce-91e4-5c166e2e97cd@group-0F87A737B7E2: ConfigurationManager, init=-1: [e568d23f-199e-48ce-91e4-5c166e2e97cd:192.168.30.10:42827], old=null, confs=<EMPTY_MAP>
2019-09-25 07:05:22,124 [pool-27-thread-1] INFO  server.RaftServerConfigKeys (ConfUtils.java:logGet(43)) - raft.server.storage.dir = [/workdir/hadoop-ozone/integration-test/target/test-dir/MiniOzoneClusterImpl-39af9574-7a8b-4ed7-b830-bf686a3d4bb8/datanode-0/data/ratis] (custom)
2019-09-25 07:05:22,125 [pool-27-thread-1] INFO  storage.RaftStorageDirectory (RaftStorageDirectory.java:analyzeStorage(246)) - The storage directory /workdir/hadoop-ozone/integration-test/target/test-dir/MiniOzoneClusterImpl-39af9574-7a8b-4ed7-b830-bf686a3d4bb8/datanode-0/data/ratis/12e8cc8f-66c5-426b-8a7a-0f87a737b7e2 does not exist. Creating ...
2019-09-25 07:05:22,145 [pool-27-thread-1] INFO  storage.RaftStorageDirectory (RaftStorageDirectory.java:tryLock(328)) - Lock on /workdir/hadoop-ozone/integration-test/target/test-dir/MiniOzoneClusterImpl-39af9574-7a8b-4ed7-b830-bf686a3d4bb8/datanode-0/data/ratis/12e8cc8f-66c5-426b-8a7a-0f87a737b7e2/in_use.lock acquired by nodename 19495@pr-hdds-1569-s62bp-3040748787
2019-09-25 07:05:22,154 [pool-27-thread-1] INFO  storage.RaftStorage (RaftStorage.java:format(72)) - Storage directory /workdir/hadoop-ozone/integration-test/target/test-dir/MiniOzoneClusterImpl-39af9574-7a8b-4ed7-b830-bf686a3d4bb8/datanode-0/data/ratis/12e8cc8f-66c5-426b-8a7a-0f87a737b7e2 has been successfully formatted.
2019-09-25 07:05:22,154 [pool-27-thread-1] INFO  ratis.ContainerStateMachine (ContainerStateMachine.java:loadSnapshot(230)) - group-0F87A737B7E2: The snapshot info is null. Setting the last applied indexto:(t:0, i:~)
2019-09-25 07:05:22,155 [pool-27-thread-1] INFO  server.RaftServerConfigKeys (ConfUtils.java:logGet(43)) - raft.server.notification.no-leader.timeout = 120s (custom)
2019-09-25 07:05:22,155 [pool-27-thread-1] INFO  server.RaftServerConfigKeys (ConfUtils.java:logGet(43)) - raft.server.log.use.memory = false (default)
2019-09-25 07:05:22,155 [pool-27-thread-1] INFO  server.RaftServerConfigKeys (ConfUtils.java:logGet(43)) - raft.server.log.purge.gap = 1000000 (custom)
2019-09-25 07:05:22,155 [pool-27-thread-1] INFO  server.RaftServerConfigKeys (ConfUtils.java:logGet(43)) - raft.server.log.appender.buffer.byte-limit = 33554432 (custom)
2019-09-25 07:05:22,155 [pool-27-thread-1] INFO  server.RaftServerConfigKeys (ConfUtils.java:logGet(43)) - raft.server.log.segment.size.max = 1048576 (custom)
2019-09-25 07:05:22,155 [pool-27-thread-1] INFO  server.RaftServerConfigKeys (ConfUtils.java:logGet(43)) - raft.server.log.segment.cache.num.max = 2 (custom)
2019-09-25 07:05:22,155 [pool-27-thread-1] INFO  segmented.SegmentedRaftLogWorker (SegmentedRaftLogWorker.java:<init>(172)) - new e568d23f-199e-48ce-91e4-5c166e2e97cd@group-0F87A737B7E2-SegmentedRaftLogWorker for RaftStorage:Storage Directory /workdir/hadoop-ozone/integration-test/target/test-dir/MiniOzoneClusterImpl-39af9574-7a8b-4ed7-b830-bf686a3d4bb8/datanode-0/data/ratis/12e8cc8f-66c5-426b-8a7a-0f87a737b7e2
2019-09-25 07:05:22,156 [pool-27-thread-1] INFO  server.RaftServerConfigKeys (ConfUtils.java:logGet(43)) - raft.server.log.queue.byte-limit = 2147483647 (custom)
2019-09-25 07:05:22,156 [pool-27-thread-1] INFO  server.RaftServerConfigKeys (ConfUtils.java:logGet(43)) - raft.server.log.queue.element-limit = 1024 (custom)
2019-09-25 07:05:22,156 [pool-27-thread-1] INFO  server.RaftServerConfigKeys (ConfUtils.java:logGet(43)) - raft.server.log.segment.size.max = 1048576 (custom)
2019-09-25 07:05:22,156 [pool-27-thread-1] INFO  server.RaftServerConfigKeys (ConfUtils.java:logGet(43)) - raft.server.log.preallocated.size = 16384 (custom)
2019-09-25 07:05:22,156 [pool-27-thread-1] INFO  server.RaftServerConfigKeys (ConfUtils.java:logGet(43)) - raft.server.log.write.buffer.size = 33554432 (custom)
2019-09-25 07:05:22,156 [pool-27-thread-1] INFO  server.RaftServerConfigKeys (ConfUtils.java:logGet(43)) - raft.server.log.force.sync.num = 128 (default)
2019-09-25 07:05:22,156 [pool-27-thread-1] INFO  server.RaftServerConfigKeys (ConfUtils.java:logGet(43)) - raft.server.log.statemachine.data.sync = true (default)
2019-09-25 07:05:22,157 [pool-27-thread-1] INFO  server.RaftServerConfigKeys (ConfUtils.java:logGet(43)) - raft.server.log.statemachine.data.sync.timeout = 10s (default)
2019-09-25 07:05:22,157 [pool-27-thread-1] INFO  server.RaftServerConfigKeys (ConfUtils.java:logGet(43)) - raft.server.log.statemachine.data.sync.timeout.retry = -1 (default)
2019-09-25 07:05:22,157 [pool-27-thread-1] INFO  server.RaftServerConfigKeys (ConfUtils.java:logGet(43)) - raft.server.log.statemachine.data.caching.enabled = true (custom)
2019-09-25 07:05:22,157 [pool-27-thread-1] INFO  segmented.SegmentedRaftLogWorker (SegmentedRaftLogWorker.java:lambda$new$0(132)) - e568d23f-199e-48ce-91e4-5c166e2e97cd@group-0F87A737B7E2-SegmentedRaftLogWorker: flushIndex: setUnconditionally 0 -> -1
2019-09-25 07:05:22,157 [pool-27-thread-1] INFO  server.RaftServerConfigKeys (ConfUtils.java:logGet(43)) - raft.server.snapshot.auto.trigger.enabled = true (custom)
2019-09-25 07:05:22,158 [pool-27-thread-1] INFO  server.RaftServerConfigKeys (ConfUtils.java:logGet(43)) - raft.server.snapshot.auto.trigger.threshold = 10000 (custom)
2019-09-25 07:05:22,158 [pool-27-thread-1] INFO  server.RaftServerConfigKeys (ConfUtils.java:logGet(43)) - raft.server.snapshot.retention.num.files = 5 (custom)
2019-09-25 07:05:22,158 [pool-27-thread-1] INFO  server.RaftServerConfigKeys (ConfUtils.java:logGet(43)) - raft.server.retrycache.expirytime = 600000ms (custom)
2019-09-25 07:05:22,159 [pool-27-thread-1] INFO  impl.RaftServerImpl (RaftServerImpl.java:start(185)) - e568d23f-199e-48ce-91e4-5c166e2e97cd@group-0F87A737B7E2: start as a follower, conf=-1: [e568d23f-199e-48ce-91e4-5c166e2e97cd:192.168.30.10:42827], old=null
2019-09-25 07:05:22,160 [pool-27-thread-1] INFO  impl.RaftServerImpl (RaftServerImpl.java:setRole(174)) - e568d23f-199e-48ce-91e4-5c166e2e97cd@group-0F87A737B7E2: changes role from      null to FOLLOWER at term 0 for startAsFollower
2019-09-25 07:05:22,160 [pool-27-thread-1] INFO  impl.RoleInfo (RoleInfo.java:updateAndGet(143)) - e568d23f-199e-48ce-91e4-5c166e2e97cd: start FollowerState
2019-09-25 07:05:22,160 [pool-27-thread-1] INFO  util.JmxRegister (JmxRegister.java:tryRegister(44)) - Successfully registered JMX Bean with object name Ratis:service=RaftServer,group=group-0F87A737B7E2,id=e568d23f-199e-48ce-91e4-5c166e2e97cd
2019-09-25 07:05:22,162 [RatisPipelineUtilsThread] INFO  pipeline.PipelineStateManager (PipelineStateManager.java:addPipeline(56)) - Created pipeline Pipeline[ Id: 12e8cc8f-66c5-426b-8a7a-0f87a737b7e2, Nodes: e568d23f-199e-48ce-91e4-5c166e2e97cd{ip: 192.168.30.10, host: pr-hdds-1569-s62bp-3040748787, networkLocation: /default-rack, certSerialId: null}, Type:RATIS, Factor:ONE, State:OPEN]
2019-09-25 07:05:22,165 [grpc-default-executor-1] INFO  impl.RaftServerProxy (RaftServerProxy.java:addNew(89)) - e568d23f-199e-48ce-91e4-5c166e2e97cd: addNew group-15B7EF1D171B:[e568d23f-199e-48ce-91e4-5c166e2e97cd:192.168.30.10:42827] returns group-15B7EF1D171B:java.util.concurrent.CompletableFuture@203a6274[Not completed]
2019-09-25 07:05:22,166 [pool-27-thread-1] INFO  impl.RaftServerImpl (RaftServerImpl.java:<init>(95)) - e568d23f-199e-48ce-91e4-5c166e2e97cd: new RaftServerImpl for group-15B7EF1D171B:[e568d23f-199e-48ce-91e4-5c166e2e97cd:192.168.30.10:42827] with ContainerStateMachine:uninitialized
2019-09-25 07:05:22,166 [pool-27-thread-1] INFO  server.RaftServerConfigKeys (ConfUtils.java:logGet(43)) - raft.server.rpc.timeout.min = 5s (custom)
2019-09-25 07:05:22,167 [pool-27-thread-1] INFO  server.RaftServerConfigKeys (ConfUtils.java:logGet(43)) - raft.server.rpc.timeout.max = 5200ms (custom)
2019-09-25 07:05:22,167 [pool-27-thread-1] INFO  server.RaftServerConfigKeys (ConfUtils.java:logGet(43)) - raft.server.rpcslowness.timeout = 120s (custom)
2019-09-25 07:05:22,167 [pool-27-thread-1] INFO  server.RaftServerConfigKeys (ConfUtils.java:logGet(43)) - raft.server.sleep.deviation.threshold = 300 (default)
2019-09-25 07:05:22,167 [pool-27-thread-1] INFO  server.RaftServerConfigKeys (ConfUtils.java:logGet(43)) - raft.server.log.appender.install.snapshot.enabled = false (custom)
2019-09-25 07:05:22,167 [pool-27-thread-1] INFO  impl.RaftServerImpl (ServerState.java:<init>(103)) - e568d23f-199e-48ce-91e4-5c166e2e97cd@group-15B7EF1D171B: ConfigurationManager, init=-1: [e568d23f-199e-48ce-91e4-5c166e2e97cd:192.168.30.10:42827], old=null, confs=<EMPTY_MAP>
2019-09-25 07:05:22,167 [pool-27-thread-1] INFO  server.RaftServerConfigKeys (ConfUtils.java:logGet(43)) - raft.server.storage.dir = [/workdir/hadoop-ozone/integration-test/target/test-dir/MiniOzoneClusterImpl-39af9574-7a8b-4ed7-b830-bf686a3d4bb8/datanode-0/data/ratis] (custom)
2019-09-25 07:05:22,168 [pool-27-thread-1] INFO  storage.RaftStorageDirectory (RaftStorageDirectory.java:analyzeStorage(246)) - The storage directory /workdir/hadoop-ozone/integration-test/target/test-dir/MiniOzoneClusterImpl-39af9574-7a8b-4ed7-b830-bf686a3d4bb8/datanode-0/data/ratis/12746b54-320a-4595-b49f-15b7ef1d171b does not exist. Creating ...
2019-09-25 07:05:22,180 [pool-27-thread-1] INFO  storage.RaftStorageDirectory (RaftStorageDirectory.java:tryLock(328)) - Lock on /workdir/hadoop-ozone/integration-test/target/test-dir/MiniOzoneClusterImpl-39af9574-7a8b-4ed7-b830-bf686a3d4bb8/datanode-0/data/ratis/12746b54-320a-4595-b49f-15b7ef1d171b/in_use.lock acquired by nodename 19495@pr-hdds-1569-s62bp-3040748787
2019-09-25 07:05:22,193 [pool-27-thread-1] INFO  storage.RaftStorage (RaftStorage.java:format(72)) - Storage directory /workdir/hadoop-ozone/integration-test/target/test-dir/MiniOzoneClusterImpl-39af9574-7a8b-4ed7-b830-bf686a3d4bb8/datanode-0/data/ratis/12746b54-320a-4595-b49f-15b7ef1d171b has been successfully formatted.
2019-09-25 07:05:22,193 [pool-27-thread-1] INFO  ratis.ContainerStateMachine (ContainerStateMachine.java:loadSnapshot(230)) - group-15B7EF1D171B: The snapshot info is null. Setting the last applied indexto:(t:0, i:~)
2019-09-25 07:05:22,193 [pool-27-thread-1] INFO  server.RaftServerConfigKeys (ConfUtils.java:logGet(43)) - raft.server.notification.no-leader.timeout = 120s (custom)
2019-09-25 07:05:22,193 [pool-27-thread-1] INFO  server.RaftServerConfigKeys (ConfUtils.java:logGet(43)) - raft.server.log.use.memory = false (default)
2019-09-25 07:05:22,194 [pool-27-thread-1] INFO  server.RaftServerConfigKeys (ConfUtils.java:logGet(43)) - raft.server.log.purge.gap = 1000000 (custom)
2019-09-25 07:05:22,194 [pool-27-thread-1] INFO  server.RaftServerConfigKeys (ConfUtils.java:logGet(43)) - raft.server.log.appender.buffer.byte-limit = 33554432 (custom)
2019-09-25 07:05:22,194 [pool-27-thread-1] INFO  server.RaftServerConfigKeys (ConfUtils.java:logGet(43)) - raft.server.log.segment.size.max = 1048576 (custom)
2019-09-25 07:05:22,194 [pool-27-thread-1] INFO  server.RaftServerConfigKeys (ConfUtils.java:logGet(43)) - raft.server.log.segment.cache.num.max = 2 (custom)
2019-09-25 07:05:22,194 [pool-27-thread-1] INFO  segmented.SegmentedRaftLogWorker (SegmentedRaftLogWorker.java:<init>(172)) - new e568d23f-199e-48ce-91e4-5c166e2e97cd@group-15B7EF1D171B-SegmentedRaftLogWorker for RaftStorage:Storage Directory /workdir/hadoop-ozone/integration-test/target/test-dir/MiniOzoneClusterImpl-39af9574-7a8b-4ed7-b830-bf686a3d4bb8/datanode-0/data/ratis/12746b54-320a-4595-b49f-15b7ef1d171b
2019-09-25 07:05:22,194 [pool-27-thread-1] INFO  server.RaftServerConfigKeys (ConfUtils.java:logGet(43)) - raft.server.log.queue.byte-limit = 2147483647 (custom)
2019-09-25 07:05:22,194 [pool-27-thread-1] INFO  server.RaftServerConfigKeys (ConfUtils.java:logGet(43)) - raft.server.log.queue.element-limit = 1024 (custom)
2019-09-25 07:05:22,194 [pool-27-thread-1] INFO  server.RaftServerConfigKeys (ConfUtils.java:logGet(43)) - raft.server.log.segment.size.max = 1048576 (custom)
2019-09-25 07:05:22,195 [pool-27-thread-1] INFO  server.RaftServerConfigKeys (ConfUtils.java:logGet(43)) - raft.server.log.preallocated.size = 16384 (custom)
2019-09-25 07:05:22,195 [pool-27-thread-1] INFO  server.RaftServerConfigKeys (ConfUtils.java:logGet(43)) - raft.server.log.write.buffer.size = 33554432 (custom)
2019-09-25 07:05:22,195 [pool-27-thread-1] INFO  server.RaftServerConfigKeys (ConfUtils.java:logGet(43)) - raft.server.log.force.sync.num = 128 (default)
2019-09-25 07:05:22,195 [pool-27-thread-1] INFO  server.RaftServerConfigKeys (ConfUtils.java:logGet(43)) - raft.server.log.statemachine.data.sync = true (default)
2019-09-25 07:05:22,195 [pool-27-thread-1] INFO  server.RaftServerConfigKeys (ConfUtils.java:logGet(43)) - raft.server.log.statemachine.data.sync.timeout = 10s (default)
2019-09-25 07:05:22,195 [pool-27-thread-1] INFO  server.RaftServerConfigKeys (ConfUtils.java:logGet(43)) - raft.server.log.statemachine.data.sync.timeout.retry = -1 (default)
2019-09-25 07:05:22,195 [pool-27-thread-1] INFO  server.RaftServerConfigKeys (ConfUtils.java:logGet(43)) - raft.server.log.statemachine.data.caching.enabled = true (custom)
2019-09-25 07:05:22,196 [pool-27-thread-1] INFO  segmented.SegmentedRaftLogWorker (SegmentedRaftLogWorker.java:lambda$new$0(132)) - e568d23f-199e-48ce-91e4-5c166e2e97cd@group-15B7EF1D171B-SegmentedRaftLogWorker: flushIndex: setUnconditionally 0 -> -1
2019-09-25 07:05:22,196 [pool-27-thread-1] INFO  server.RaftServerConfigKeys (ConfUtils.java:logGet(43)) - raft.server.snapshot.auto.trigger.enabled = true (custom)
2019-09-25 07:05:22,196 [pool-27-thread-1] INFO  server.RaftServerConfigKeys (ConfUtils.java:logGet(43)) - raft.server.snapshot.auto.trigger.threshold = 10000 (custom)
2019-09-25 07:05:22,196 [pool-27-thread-1] INFO  server.RaftServerConfigKeys (ConfUtils.java:logGet(43)) - raft.server.snapshot.retention.num.files = 5 (custom)
2019-09-25 07:05:22,196 [pool-27-thread-1] INFO  server.RaftServerConfigKeys (ConfUtils.java:logGet(43)) - raft.server.retrycache.expirytime = 600000ms (custom)
2019-09-25 07:05:22,198 [pool-27-thread-1] INFO  impl.RaftServerImpl (RaftServerImpl.java:start(185)) - e568d23f-199e-48ce-91e4-5c166e2e97cd@group-15B7EF1D171B: start as a follower, conf=-1: [e568d23f-199e-48ce-91e4-5c166e2e97cd:192.168.30.10:42827], old=null
2019-09-25 07:05:22,198 [pool-27-thread-1] INFO  impl.RaftServerImpl (RaftServerImpl.java:setRole(174)) - e568d23f-199e-48ce-91e4-5c166e2e97cd@group-15B7EF1D171B: changes role from      null to FOLLOWER at term 0 for startAsFollower
2019-09-25 07:05:22,198 [pool-27-thread-1] INFO  impl.RoleInfo (RoleInfo.java:updateAndGet(143)) - e568d23f-199e-48ce-91e4-5c166e2e97cd: start FollowerState
2019-09-25 07:05:22,198 [pool-27-thread-1] INFO  util.JmxRegister (JmxRegister.java:tryRegister(44)) - Successfully registered JMX Bean with object name Ratis:service=RaftServer,group=group-15B7EF1D171B,id=e568d23f-199e-48ce-91e4-5c166e2e97cd
2019-09-25 07:05:22,200 [RatisPipelineUtilsThread] INFO  pipeline.PipelineStateManager (PipelineStateManager.java:addPipeline(56)) - Created pipeline Pipeline[ Id: 12746b54-320a-4595-b49f-15b7ef1d171b, Nodes: e568d23f-199e-48ce-91e4-5c166e2e97cd{ip: 192.168.30.10, host: pr-hdds-1569-s62bp-3040748787, networkLocation: /default-rack, certSerialId: null}, Type:RATIS, Factor:ONE, State:OPEN]
2019-09-25 07:05:22,203 [grpc-default-executor-5] INFO  impl.RaftServerProxy (RaftServerProxy.java:addNew(89)) - 62ec8eb9-3ae9-4136-b70a-2caf3716fa7f: addNew group-5BC19DBAD913:[62ec8eb9-3ae9-4136-b70a-2caf3716fa7f:192.168.30.10:44715] returns group-5BC19DBAD913:java.util.concurrent.CompletableFuture@7b9b92dc[Not completed]
2019-09-25 07:05:22,204 [pool-37-thread-1] INFO  impl.RaftServerImpl (RaftServerImpl.java:<init>(95)) - 62ec8eb9-3ae9-4136-b70a-2caf3716fa7f: new RaftServerImpl for group-5BC19DBAD913:[62ec8eb9-3ae9-4136-b70a-2caf3716fa7f:192.168.30.10:44715] with ContainerStateMachine:uninitialized
2019-09-25 07:05:22,204 [pool-37-thread-1] INFO  server.RaftServerConfigKeys (ConfUtils.java:logGet(43)) - raft.server.rpc.timeout.min = 5s (custom)
2019-09-25 07:05:22,204 [pool-37-thread-1] INFO  server.RaftServerConfigKeys (ConfUtils.java:logGet(43)) - raft.server.rpc.timeout.max = 5200ms (custom)
2019-09-25 07:05:22,205 [pool-37-thread-1] INFO  server.RaftServerConfigKeys (ConfUtils.java:logGet(43)) - raft.server.rpcslowness.timeout = 120s (custom)
2019-09-25 07:05:22,205 [pool-37-thread-1] INFO  server.RaftServerConfigKeys (ConfUtils.java:logGet(43)) - raft.server.sleep.deviation.threshold = 300 (default)
2019-09-25 07:05:22,205 [pool-37-thread-1] INFO  server.RaftServerConfigKeys (ConfUtils.java:logGet(43)) - raft.server.log.appender.install.snapshot.enabled = false (custom)
2019-09-25 07:05:22,205 [pool-37-thread-1] INFO  impl.RaftServerImpl (ServerState.java:<init>(103)) - 62ec8eb9-3ae9-4136-b70a-2caf3716fa7f@group-5BC19DBAD913: ConfigurationManager, init=-1: [62ec8eb9-3ae9-4136-b70a-2caf3716fa7f:192.168.30.10:44715], old=null, confs=<EMPTY_MAP>
2019-09-25 07:05:22,205 [pool-37-thread-1] INFO  server.RaftServerConfigKeys (ConfUtils.java:logGet(43)) - raft.server.storage.dir = [/workdir/hadoop-ozone/integration-test/target/test-dir/MiniOzoneClusterImpl-39af9574-7a8b-4ed7-b830-bf686a3d4bb8/datanode-1/data/ratis] (custom)
2019-09-25 07:05:22,206 [pool-37-thread-1] INFO  storage.RaftStorageDirectory (RaftStorageDirectory.java:analyzeStorage(246)) - The storage directory /workdir/hadoop-ozone/integration-test/target/test-dir/MiniOzoneClusterImpl-39af9574-7a8b-4ed7-b830-bf686a3d4bb8/datanode-1/data/ratis/fc13727c-fe42-4eff-a625-5bc19dbad913 does not exist. Creating ...
2019-09-25 07:05:22,221 [pool-37-thread-1] INFO  storage.RaftStorageDirectory (RaftStorageDirectory.java:tryLock(328)) - Lock on /workdir/hadoop-ozone/integration-test/target/test-dir/MiniOzoneClusterImpl-39af9574-7a8b-4ed7-b830-bf686a3d4bb8/datanode-1/data/ratis/fc13727c-fe42-4eff-a625-5bc19dbad913/in_use.lock acquired by nodename 19495@pr-hdds-1569-s62bp-3040748787
2019-09-25 07:05:22,230 [pool-37-thread-1] INFO  storage.RaftStorage (RaftStorage.java:format(72)) - Storage directory /workdir/hadoop-ozone/integration-test/target/test-dir/MiniOzoneClusterImpl-39af9574-7a8b-4ed7-b830-bf686a3d4bb8/datanode-1/data/ratis/fc13727c-fe42-4eff-a625-5bc19dbad913 has been successfully formatted.
2019-09-25 07:05:22,230 [pool-37-thread-1] INFO  ratis.ContainerStateMachine (ContainerStateMachine.java:loadSnapshot(230)) - group-5BC19DBAD913: The snapshot info is null. Setting the last applied indexto:(t:0, i:~)
2019-09-25 07:05:22,230 [pool-37-thread-1] INFO  server.RaftServerConfigKeys (ConfUtils.java:logGet(43)) - raft.server.notification.no-leader.timeout = 120s (custom)
2019-09-25 07:05:22,230 [pool-37-thread-1] INFO  server.RaftServerConfigKeys (ConfUtils.java:logGet(43)) - raft.server.log.use.memory = false (default)
2019-09-25 07:05:22,231 [pool-37-thread-1] INFO  server.RaftServerConfigKeys (ConfUtils.java:logGet(43)) - raft.server.log.purge.gap = 1000000 (custom)
2019-09-25 07:05:22,231 [pool-37-thread-1] INFO  server.RaftServerConfigKeys (ConfUtils.java:logGet(43)) - raft.server.log.appender.buffer.byte-limit = 33554432 (custom)
2019-09-25 07:05:22,231 [pool-37-thread-1] INFO  server.RaftServerConfigKeys (ConfUtils.java:logGet(43)) - raft.server.log.segment.size.max = 1048576 (custom)
2019-09-25 07:05:22,231 [pool-37-thread-1] INFO  server.RaftServerConfigKeys (ConfUtils.java:logGet(43)) - raft.server.log.segment.cache.num.max = 2 (custom)
2019-09-25 07:05:22,231 [pool-37-thread-1] INFO  segmented.SegmentedRaftLogWorker (SegmentedRaftLogWorker.java:<init>(172)) - new 62ec8eb9-3ae9-4136-b70a-2caf3716fa7f@group-5BC19DBAD913-SegmentedRaftLogWorker for RaftStorage:Storage Directory /workdir/hadoop-ozone/integration-test/target/test-dir/MiniOzoneClusterImpl-39af9574-7a8b-4ed7-b830-bf686a3d4bb8/datanode-1/data/ratis/fc13727c-fe42-4eff-a625-5bc19dbad913
2019-09-25 07:05:22,231 [pool-37-thread-1] INFO  server.RaftServerConfigKeys (ConfUtils.java:logGet(43)) - raft.server.log.queue.byte-limit = 2147483647 (custom)
2019-09-25 07:05:22,231 [pool-37-thread-1] INFO  server.RaftServerConfigKeys (ConfUtils.java:logGet(43)) - raft.server.log.queue.element-limit = 1024 (custom)
2019-09-25 07:05:22,231 [pool-37-thread-1] INFO  server.RaftServerConfigKeys (ConfUtils.java:logGet(43)) - raft.server.log.segment.size.max = 1048576 (custom)
2019-09-25 07:05:22,232 [pool-37-thread-1] INFO  server.RaftServerConfigKeys (ConfUtils.java:logGet(43)) - raft.server.log.preallocated.size = 16384 (custom)
2019-09-25 07:05:22,232 [pool-37-thread-1] INFO  server.RaftServerConfigKeys (ConfUtils.java:logGet(43)) - raft.server.log.write.buffer.size = 33554432 (custom)
2019-09-25 07:05:22,232 [pool-37-thread-1] INFO  server.RaftServerConfigKeys (ConfUtils.java:logGet(43)) - raft.server.log.force.sync.num = 128 (default)
2019-09-25 07:05:22,232 [pool-37-thread-1] INFO  server.RaftServerConfigKeys (ConfUtils.java:logGet(43)) - raft.server.log.statemachine.data.sync = true (default)
2019-09-25 07:05:22,232 [pool-37-thread-1] INFO  server.RaftServerConfigKeys (ConfUtils.java:logGet(43)) - raft.server.log.statemachine.data.sync.timeout = 10s (default)
2019-09-25 07:05:22,232 [pool-37-thread-1] INFO  server.RaftServerConfigKeys (ConfUtils.java:logGet(43)) - raft.server.log.statemachine.data.sync.timeout.retry = -1 (default)
2019-09-25 07:05:22,232 [pool-37-thread-1] INFO  server.RaftServerConfigKeys (ConfUtils.java:logGet(43)) - raft.server.log.statemachine.data.caching.enabled = true (custom)
2019-09-25 07:05:22,233 [pool-37-thread-1] INFO  segmented.SegmentedRaftLogWorker (SegmentedRaftLogWorker.java:lambda$new$0(132)) - 62ec8eb9-3ae9-4136-b70a-2caf3716fa7f@group-5BC19DBAD913-SegmentedRaftLogWorker: flushIndex: setUnconditionally 0 -> -1
2019-09-25 07:05:22,233 [pool-37-thread-1] INFO  server.RaftServerConfigKeys (ConfUtils.java:logGet(43)) - raft.server.snapshot.auto.trigger.enabled = true (custom)
2019-09-25 07:05:22,233 [pool-37-thread-1] INFO  server.RaftServerConfigKeys (ConfUtils.java:logGet(43)) - raft.server.snapshot.auto.trigger.threshold = 10000 (custom)
2019-09-25 07:05:22,233 [pool-37-thread-1] INFO  server.RaftServerConfigKeys (ConfUtils.java:logGet(43)) - raft.server.snapshot.retention.num.files = 5 (custom)
2019-09-25 07:05:22,233 [pool-37-thread-1] INFO  server.RaftServerConfigKeys (ConfUtils.java:logGet(43)) - raft.server.retrycache.expirytime = 600000ms (custom)
2019-09-25 07:05:22,235 [pool-37-thread-1] INFO  impl.RaftServerImpl (RaftServerImpl.java:start(185)) - 62ec8eb9-3ae9-4136-b70a-2caf3716fa7f@group-5BC19DBAD913: start as a follower, conf=-1: [62ec8eb9-3ae9-4136-b70a-2caf3716fa7f:192.168.30.10:44715], old=null
2019-09-25 07:05:22,235 [pool-37-thread-1] INFO  impl.RaftServerImpl (RaftServerImpl.java:setRole(174)) - 62ec8eb9-3ae9-4136-b70a-2caf3716fa7f@group-5BC19DBAD913: changes role from      null to FOLLOWER at term 0 for startAsFollower
2019-09-25 07:05:22,235 [pool-37-thread-1] INFO  impl.RoleInfo (RoleInfo.java:updateAndGet(143)) - 62ec8eb9-3ae9-4136-b70a-2caf3716fa7f: start FollowerState
2019-09-25 07:05:22,235 [pool-37-thread-1] INFO  util.JmxRegister (JmxRegister.java:tryRegister(44)) - Successfully registered JMX Bean with object name Ratis:service=RaftServer,group=group-5BC19DBAD913,id=62ec8eb9-3ae9-4136-b70a-2caf3716fa7f
2019-09-25 07:05:22,237 [RatisPipelineUtilsThread] INFO  pipeline.PipelineStateManager (PipelineStateManager.java:addPipeline(56)) - Created pipeline Pipeline[ Id: fc13727c-fe42-4eff-a625-5bc19dbad913, Nodes: 62ec8eb9-3ae9-4136-b70a-2caf3716fa7f{ip: 192.168.30.10, host: pr-hdds-1569-s62bp-3040748787, networkLocation: /default-rack, certSerialId: null}, Type:RATIS, Factor:ONE, State:OPEN]
2019-09-25 07:05:22,240 [grpc-default-executor-5] INFO  impl.RaftServerProxy (RaftServerProxy.java:addNew(89)) - 24bf2945-a329-4da6-aaf2-23ecd8d462c6: addNew group-79D79699676C:[24bf2945-a329-4da6-aaf2-23ecd8d462c6:192.168.30.10:42867] returns group-79D79699676C:java.util.concurrent.CompletableFuture@f2e119c[Not completed]
2019-09-25 07:05:22,241 [pool-47-thread-1] INFO  impl.RaftServerImpl (RaftServerImpl.java:<init>(95)) - 24bf2945-a329-4da6-aaf2-23ecd8d462c6: new RaftServerImpl for group-79D79699676C:[24bf2945-a329-4da6-aaf2-23ecd8d462c6:192.168.30.10:42867] with ContainerStateMachine:uninitialized
2019-09-25 07:05:22,242 [pool-47-thread-1] INFO  server.RaftServerConfigKeys (ConfUtils.java:logGet(43)) - raft.server.rpc.timeout.min = 5s (custom)
2019-09-25 07:05:22,242 [pool-47-thread-1] INFO  server.RaftServerConfigKeys (ConfUtils.java:logGet(43)) - raft.server.rpc.timeout.max = 5200ms (custom)
2019-09-25 07:05:22,242 [pool-47-thread-1] INFO  server.RaftServerConfigKeys (ConfUtils.java:logGet(43)) - raft.server.rpcslowness.timeout = 120s (custom)
2019-09-25 07:05:22,242 [pool-47-thread-1] INFO  server.RaftServerConfigKeys (ConfUtils.java:logGet(43)) - raft.server.sleep.deviation.threshold = 300 (default)
2019-09-25 07:05:22,242 [pool-47-thread-1] INFO  server.RaftServerConfigKeys (ConfUtils.java:logGet(43)) - raft.server.log.appender.install.snapshot.enabled = false (custom)
2019-09-25 07:05:22,242 [pool-47-thread-1] INFO  impl.RaftServerImpl (ServerState.java:<init>(103)) - 24bf2945-a329-4da6-aaf2-23ecd8d462c6@group-79D79699676C: ConfigurationManager, init=-1: [24bf2945-a329-4da6-aaf2-23ecd8d462c6:192.168.30.10:42867], old=null, confs=<EMPTY_MAP>
2019-09-25 07:05:22,242 [pool-47-thread-1] INFO  server.RaftServerConfigKeys (ConfUtils.java:logGet(43)) - raft.server.storage.dir = [/workdir/hadoop-ozone/integration-test/target/test-dir/MiniOzoneClusterImpl-39af9574-7a8b-4ed7-b830-bf686a3d4bb8/datanode-2/data/ratis] (custom)
2019-09-25 07:05:22,243 [pool-47-thread-1] INFO  storage.RaftStorageDirectory (RaftStorageDirectory.java:analyzeStorage(246)) - The storage directory /workdir/hadoop-ozone/integration-test/target/test-dir/MiniOzoneClusterImpl-39af9574-7a8b-4ed7-b830-bf686a3d4bb8/datanode-2/data/ratis/89f651ce-6b4b-4dcd-86b2-79d79699676c does not exist. Creating ...
2019-09-25 07:05:22,259 [pool-47-thread-1] INFO  storage.RaftStorageDirectory (RaftStorageDirectory.java:tryLock(328)) - Lock on /workdir/hadoop-ozone/integration-test/target/test-dir/MiniOzoneClusterImpl-39af9574-7a8b-4ed7-b830-bf686a3d4bb8/datanode-2/data/ratis/89f651ce-6b4b-4dcd-86b2-79d79699676c/in_use.lock acquired by nodename 19495@pr-hdds-1569-s62bp-3040748787
2019-09-25 07:05:22,272 [pool-47-thread-1] INFO  storage.RaftStorage (RaftStorage.java:format(72)) - Storage directory /workdir/hadoop-ozone/integration-test/target/test-dir/MiniOzoneClusterImpl-39af9574-7a8b-4ed7-b830-bf686a3d4bb8/datanode-2/data/ratis/89f651ce-6b4b-4dcd-86b2-79d79699676c has been successfully formatted.
2019-09-25 07:05:22,273 [pool-47-thread-1] INFO  ratis.ContainerStateMachine (ContainerStateMachine.java:loadSnapshot(230)) - group-79D79699676C: The snapshot info is null. Setting the last applied indexto:(t:0, i:~)
2019-09-25 07:05:22,273 [pool-47-thread-1] INFO  server.RaftServerConfigKeys (ConfUtils.java:logGet(43)) - raft.server.notification.no-leader.timeout = 120s (custom)
2019-09-25 07:05:22,273 [pool-47-thread-1] INFO  server.RaftServerConfigKeys (ConfUtils.java:logGet(43)) - raft.server.log.use.memory = false (default)
2019-09-25 07:05:22,273 [pool-47-thread-1] INFO  server.RaftServerConfigKeys (ConfUtils.java:logGet(43)) - raft.server.log.purge.gap = 1000000 (custom)
2019-09-25 07:05:22,273 [pool-47-thread-1] INFO  server.RaftServerConfigKeys (ConfUtils.java:logGet(43)) - raft.server.log.appender.buffer.byte-limit = 33554432 (custom)
2019-09-25 07:05:22,273 [pool-47-thread-1] INFO  server.RaftServerConfigKeys (ConfUtils.java:logGet(43)) - raft.server.log.segment.size.max = 1048576 (custom)
2019-09-25 07:05:22,274 [pool-47-thread-1] INFO  server.RaftServerConfigKeys (ConfUtils.java:logGet(43)) - raft.server.log.segment.cache.num.max = 2 (custom)
2019-09-25 07:05:22,274 [pool-47-thread-1] INFO  segmented.SegmentedRaftLogWorker (SegmentedRaftLogWorker.java:<init>(172)) - new 24bf2945-a329-4da6-aaf2-23ecd8d462c6@group-79D79699676C-SegmentedRaftLogWorker for RaftStorage:Storage Directory /workdir/hadoop-ozone/integration-test/target/test-dir/MiniOzoneClusterImpl-39af9574-7a8b-4ed7-b830-bf686a3d4bb8/datanode-2/data/ratis/89f651ce-6b4b-4dcd-86b2-79d79699676c
2019-09-25 07:05:22,274 [pool-47-thread-1] INFO  server.RaftServerConfigKeys (ConfUtils.java:logGet(43)) - raft.server.log.queue.byte-limit = 2147483647 (custom)
2019-09-25 07:05:22,274 [pool-47-thread-1] INFO  server.RaftServerConfigKeys (ConfUtils.java:logGet(43)) - raft.server.log.queue.element-limit = 1024 (custom)
2019-09-25 07:05:22,274 [pool-47-thread-1] INFO  server.RaftServerConfigKeys (ConfUtils.java:logGet(43)) - raft.server.log.segment.size.max = 1048576 (custom)
2019-09-25 07:05:22,274 [pool-47-thread-1] INFO  server.RaftServerConfigKeys (ConfUtils.java:logGet(43)) - raft.server.log.preallocated.size = 16384 (custom)
2019-09-25 07:05:22,275 [pool-47-thread-1] INFO  server.RaftServerConfigKeys (ConfUtils.java:logGet(43)) - raft.server.log.write.buffer.size = 33554432 (custom)
2019-09-25 07:05:22,275 [pool-47-thread-1] INFO  server.RaftServerConfigKeys (ConfUtils.java:logGet(43)) - raft.server.log.force.sync.num = 128 (default)
2019-09-25 07:05:22,275 [pool-47-thread-1] INFO  server.RaftServerConfigKeys (ConfUtils.java:logGet(43)) - raft.server.log.statemachine.data.sync = true (default)
2019-09-25 07:05:22,275 [pool-47-thread-1] INFO  server.RaftServerConfigKeys (ConfUtils.java:logGet(43)) - raft.server.log.statemachine.data.sync.timeout = 10s (default)
2019-09-25 07:05:22,275 [pool-47-thread-1] INFO  server.RaftServerConfigKeys (ConfUtils.java:logGet(43)) - raft.server.log.statemachine.data.sync.timeout.retry = -1 (default)
2019-09-25 07:05:22,275 [pool-47-thread-1] INFO  server.RaftServerConfigKeys (ConfUtils.java:logGet(43)) - raft.server.log.statemachine.data.caching.enabled = true (custom)
2019-09-25 07:05:22,276 [pool-47-thread-1] INFO  segmented.SegmentedRaftLogWorker (SegmentedRaftLogWorker.java:lambda$new$0(132)) - 24bf2945-a329-4da6-aaf2-23ecd8d462c6@group-79D79699676C-SegmentedRaftLogWorker: flushIndex: setUnconditionally 0 -> -1
2019-09-25 07:05:22,276 [pool-47-thread-1] INFO  server.RaftServerConfigKeys (ConfUtils.java:logGet(43)) - raft.server.snapshot.auto.trigger.enabled = true (custom)
2019-09-25 07:05:22,276 [pool-47-thread-1] INFO  server.RaftServerConfigKeys (ConfUtils.java:logGet(43)) - raft.server.snapshot.auto.trigger.threshold = 10000 (custom)
2019-09-25 07:05:22,276 [pool-47-thread-1] INFO  server.RaftServerConfigKeys (ConfUtils.java:logGet(43)) - raft.server.snapshot.retention.num.files = 5 (custom)
2019-09-25 07:05:22,277 [pool-47-thread-1] INFO  server.RaftServerConfigKeys (ConfUtils.java:logGet(43)) - raft.server.retrycache.expirytime = 600000ms (custom)
2019-09-25 07:05:22,278 [pool-47-thread-1] INFO  impl.RaftServerImpl (RaftServerImpl.java:start(185)) - 24bf2945-a329-4da6-aaf2-23ecd8d462c6@group-79D79699676C: start as a follower, conf=-1: [24bf2945-a329-4da6-aaf2-23ecd8d462c6:192.168.30.10:42867], old=null
2019-09-25 07:05:22,278 [pool-47-thread-1] INFO  impl.RaftServerImpl (RaftServerImpl.java:setRole(174)) - 24bf2945-a329-4da6-aaf2-23ecd8d462c6@group-79D79699676C: changes role from      null to FOLLOWER at term 0 for startAsFollower
2019-09-25 07:05:22,279 [pool-47-thread-1] INFO  impl.RoleInfo (RoleInfo.java:updateAndGet(143)) - 24bf2945-a329-4da6-aaf2-23ecd8d462c6: start FollowerState
2019-09-25 07:05:22,279 [pool-47-thread-1] INFO  util.JmxRegister (JmxRegister.java:tryRegister(44)) - Successfully registered JMX Bean with object name Ratis:service=RaftServer,group=group-79D79699676C,id=24bf2945-a329-4da6-aaf2-23ecd8d462c6
2019-09-25 07:05:22,281 [RatisPipelineUtilsThread] INFO  pipeline.PipelineStateManager (PipelineStateManager.java:addPipeline(56)) - Created pipeline Pipeline[ Id: 89f651ce-6b4b-4dcd-86b2-79d79699676c, Nodes: 24bf2945-a329-4da6-aaf2-23ecd8d462c6{ip: 192.168.30.10, host: pr-hdds-1569-s62bp-3040748787, networkLocation: /default-rack, certSerialId: null}, Type:RATIS, Factor:ONE, State:OPEN]
2019-09-25 07:05:22,285 [grpc-default-executor-5] INFO  impl.RaftServerProxy (RaftServerProxy.java:addNew(89)) - 24bf2945-a329-4da6-aaf2-23ecd8d462c6: addNew group-2B170D792B3D:[24bf2945-a329-4da6-aaf2-23ecd8d462c6:192.168.30.10:42867] returns group-2B170D792B3D:java.util.concurrent.CompletableFuture@5c62f79f[Not completed]
2019-09-25 07:05:22,286 [pool-47-thread-1] INFO  impl.RaftServerImpl (RaftServerImpl.java:<init>(95)) - 24bf2945-a329-4da6-aaf2-23ecd8d462c6: new RaftServerImpl for group-2B170D792B3D:[24bf2945-a329-4da6-aaf2-23ecd8d462c6:192.168.30.10:42867] with ContainerStateMachine:uninitialized
2019-09-25 07:05:22,286 [pool-47-thread-1] INFO  server.RaftServerConfigKeys (ConfUtils.java:logGet(43)) - raft.server.rpc.timeout.min = 5s (custom)
2019-09-25 07:05:22,286 [pool-47-thread-1] INFO  server.RaftServerConfigKeys (ConfUtils.java:logGet(43)) - raft.server.rpc.timeout.max = 5200ms (custom)
2019-09-25 07:05:22,287 [pool-47-thread-1] INFO  server.RaftServerConfigKeys (ConfUtils.java:logGet(43)) - raft.server.rpcslowness.timeout = 120s (custom)
2019-09-25 07:05:22,287 [pool-47-thread-1] INFO  server.RaftServerConfigKeys (ConfUtils.java:logGet(43)) - raft.server.sleep.deviation.threshold = 300 (default)
2019-09-25 07:05:22,287 [pool-47-thread-1] INFO  server.RaftServerConfigKeys (ConfUtils.java:logGet(43)) - raft.server.log.appender.install.snapshot.enabled = false (custom)
2019-09-25 07:05:22,287 [pool-47-thread-1] INFO  impl.RaftServerImpl (ServerState.java:<init>(103)) - 24bf2945-a329-4da6-aaf2-23ecd8d462c6@group-2B170D792B3D: ConfigurationManager, init=-1: [24bf2945-a329-4da6-aaf2-23ecd8d462c6:192.168.30.10:42867], old=null, confs=<EMPTY_MAP>
2019-09-25 07:05:22,287 [pool-47-thread-1] INFO  server.RaftServerConfigKeys (ConfUtils.java:logGet(43)) - raft.server.storage.dir = [/workdir/hadoop-ozone/integration-test/target/test-dir/MiniOzoneClusterImpl-39af9574-7a8b-4ed7-b830-bf686a3d4bb8/datanode-2/data/ratis] (custom)
2019-09-25 07:05:22,288 [pool-47-thread-1] INFO  storage.RaftStorageDirectory (RaftStorageDirectory.java:analyzeStorage(246)) - The storage directory /workdir/hadoop-ozone/integration-test/target/test-dir/MiniOzoneClusterImpl-39af9574-7a8b-4ed7-b830-bf686a3d4bb8/datanode-2/data/ratis/1b431bb0-e467-4e8e-94ea-2b170d792b3d does not exist. Creating ...
2019-09-25 07:05:22,296 [pool-47-thread-1] INFO  storage.RaftStorageDirectory (RaftStorageDirectory.java:tryLock(328)) - Lock on /workdir/hadoop-ozone/integration-test/target/test-dir/MiniOzoneClusterImpl-39af9574-7a8b-4ed7-b830-bf686a3d4bb8/datanode-2/data/ratis/1b431bb0-e467-4e8e-94ea-2b170d792b3d/in_use.lock acquired by nodename 19495@pr-hdds-1569-s62bp-3040748787
2019-09-25 07:05:22,319 [pool-47-thread-1] INFO  storage.RaftStorage (RaftStorage.java:format(72)) - Storage directory /workdir/hadoop-ozone/integration-test/target/test-dir/MiniOzoneClusterImpl-39af9574-7a8b-4ed7-b830-bf686a3d4bb8/datanode-2/data/ratis/1b431bb0-e467-4e8e-94ea-2b170d792b3d has been successfully formatted.
2019-09-25 07:05:22,319 [pool-47-thread-1] INFO  ratis.ContainerStateMachine (ContainerStateMachine.java:loadSnapshot(230)) - group-2B170D792B3D: The snapshot info is null. Setting the last applied indexto:(t:0, i:~)
2019-09-25 07:05:22,319 [pool-47-thread-1] INFO  server.RaftServerConfigKeys (ConfUtils.java:logGet(43)) - raft.server.notification.no-leader.timeout = 120s (custom)
2019-09-25 07:05:22,320 [pool-47-thread-1] INFO  server.RaftServerConfigKeys (ConfUtils.java:logGet(43)) - raft.server.log.use.memory = false (default)
2019-09-25 07:05:22,320 [pool-47-thread-1] INFO  server.RaftServerConfigKeys (ConfUtils.java:logGet(43)) - raft.server.log.purge.gap = 1000000 (custom)
2019-09-25 07:05:22,320 [pool-47-thread-1] INFO  server.RaftServerConfigKeys (ConfUtils.java:logGet(43)) - raft.server.log.appender.buffer.byte-limit = 33554432 (custom)
2019-09-25 07:05:22,320 [pool-47-thread-1] INFO  server.RaftServerConfigKeys (ConfUtils.java:logGet(43)) - raft.server.log.segment.size.max = 1048576 (custom)
2019-09-25 07:05:22,320 [pool-47-thread-1] INFO  server.RaftServerConfigKeys (ConfUtils.java:logGet(43)) - raft.server.log.segment.cache.num.max = 2 (custom)
2019-09-25 07:05:22,320 [pool-47-thread-1] INFO  segmented.SegmentedRaftLogWorker (SegmentedRaftLogWorker.java:<init>(172)) - new 24bf2945-a329-4da6-aaf2-23ecd8d462c6@group-2B170D792B3D-SegmentedRaftLogWorker for RaftStorage:Storage Directory /workdir/hadoop-ozone/integration-test/target/test-dir/MiniOzoneClusterImpl-39af9574-7a8b-4ed7-b830-bf686a3d4bb8/datanode-2/data/ratis/1b431bb0-e467-4e8e-94ea-2b170d792b3d
2019-09-25 07:05:22,320 [pool-47-thread-1] INFO  server.RaftServerConfigKeys (ConfUtils.java:logGet(43)) - raft.server.log.queue.byte-limit = 2147483647 (custom)
2019-09-25 07:05:22,321 [pool-47-thread-1] INFO  server.RaftServerConfigKeys (ConfUtils.java:logGet(43)) - raft.server.log.queue.element-limit = 1024 (custom)
2019-09-25 07:05:22,321 [pool-47-thread-1] INFO  server.RaftServerConfigKeys (ConfUtils.java:logGet(43)) - raft.server.log.segment.size.max = 1048576 (custom)
2019-09-25 07:05:22,321 [pool-47-thread-1] INFO  server.RaftServerConfigKeys (ConfUtils.java:logGet(43)) - raft.server.log.preallocated.size = 16384 (custom)
2019-09-25 07:05:22,321 [pool-47-thread-1] INFO  server.RaftServerConfigKeys (ConfUtils.java:logGet(43)) - raft.server.log.write.buffer.size = 33554432 (custom)
2019-09-25 07:05:22,321 [pool-47-thread-1] INFO  server.RaftServerConfigKeys (ConfUtils.java:logGet(43)) - raft.server.log.force.sync.num = 128 (default)
2019-09-25 07:05:22,321 [pool-47-thread-1] INFO  server.RaftServerConfigKeys (ConfUtils.java:logGet(43)) - raft.server.log.statemachine.data.sync = true (default)
2019-09-25 07:05:22,321 [pool-47-thread-1] INFO  server.RaftServerConfigKeys (ConfUtils.java:logGet(43)) - raft.server.log.statemachine.data.sync.timeout = 10s (default)
2019-09-25 07:05:22,321 [pool-47-thread-1] INFO  server.RaftServerConfigKeys (ConfUtils.java:logGet(43)) - raft.server.log.statemachine.data.sync.timeout.retry = -1 (default)
2019-09-25 07:05:22,322 [pool-47-thread-1] INFO  server.RaftServerConfigKeys (ConfUtils.java:logGet(43)) - raft.server.log.statemachine.data.caching.enabled = true (custom)
2019-09-25 07:05:22,322 [pool-47-thread-1] INFO  segmented.SegmentedRaftLogWorker (SegmentedRaftLogWorker.java:lambda$new$0(132)) - 24bf2945-a329-4da6-aaf2-23ecd8d462c6@group-2B170D792B3D-SegmentedRaftLogWorker: flushIndex: setUnconditionally 0 -> -1
2019-09-25 07:05:22,322 [pool-47-thread-1] INFO  server.RaftServerConfigKeys (ConfUtils.java:logGet(43)) - raft.server.snapshot.auto.trigger.enabled = true (custom)
2019-09-25 07:05:22,322 [pool-47-thread-1] INFO  server.RaftServerConfigKeys (ConfUtils.java:logGet(43)) - raft.server.snapshot.auto.trigger.threshold = 10000 (custom)
2019-09-25 07:05:22,322 [pool-47-thread-1] INFO  server.RaftServerConfigKeys (ConfUtils.java:logGet(43)) - raft.server.snapshot.retention.num.files = 5 (custom)
2019-09-25 07:05:22,323 [pool-47-thread-1] INFO  server.RaftServerConfigKeys (ConfUtils.java:logGet(43)) - raft.server.retrycache.expirytime = 600000ms (custom)
2019-09-25 07:05:22,325 [pool-47-thread-1] INFO  impl.RaftServerImpl (RaftServerImpl.java:start(185)) - 24bf2945-a329-4da6-aaf2-23ecd8d462c6@group-2B170D792B3D: start as a follower, conf=-1: [24bf2945-a329-4da6-aaf2-23ecd8d462c6:192.168.30.10:42867], old=null
2019-09-25 07:05:22,325 [pool-47-thread-1] INFO  impl.RaftServerImpl (RaftServerImpl.java:setRole(174)) - 24bf2945-a329-4da6-aaf2-23ecd8d462c6@group-2B170D792B3D: changes role from      null to FOLLOWER at term 0 for startAsFollower
2019-09-25 07:05:22,325 [pool-47-thread-1] INFO  impl.RoleInfo (RoleInfo.java:updateAndGet(143)) - 24bf2945-a329-4da6-aaf2-23ecd8d462c6: start FollowerState
2019-09-25 07:05:22,325 [pool-47-thread-1] INFO  util.JmxRegister (JmxRegister.java:tryRegister(44)) - Successfully registered JMX Bean with object name Ratis:service=RaftServer,group=group-2B170D792B3D,id=24bf2945-a329-4da6-aaf2-23ecd8d462c6
2019-09-25 07:05:22,328 [RatisPipelineUtilsThread] INFO  pipeline.PipelineStateManager (PipelineStateManager.java:addPipeline(56)) - Created pipeline Pipeline[ Id: 1b431bb0-e467-4e8e-94ea-2b170d792b3d, Nodes: 24bf2945-a329-4da6-aaf2-23ecd8d462c6{ip: 192.168.30.10, host: pr-hdds-1569-s62bp-3040748787, networkLocation: /default-rack, certSerialId: null}, Type:RATIS, Factor:ONE, State:OPEN]
2019-09-25 07:05:22,331 [grpc-default-executor-5] INFO  impl.RaftServerProxy (RaftServerProxy.java:addNew(89)) - e568d23f-199e-48ce-91e4-5c166e2e97cd: addNew group-F5008C1E3C15:[e568d23f-199e-48ce-91e4-5c166e2e97cd:192.168.30.10:42827] returns group-F5008C1E3C15:java.util.concurrent.CompletableFuture@67031358[Not completed]
2019-09-25 07:05:22,332 [pool-27-thread-1] INFO  impl.RaftServerImpl (RaftServerImpl.java:<init>(95)) - e568d23f-199e-48ce-91e4-5c166e2e97cd: new RaftServerImpl for group-F5008C1E3C15:[e568d23f-199e-48ce-91e4-5c166e2e97cd:192.168.30.10:42827] with ContainerStateMachine:uninitialized
2019-09-25 07:05:22,332 [pool-27-thread-1] INFO  server.RaftServerConfigKeys (ConfUtils.java:logGet(43)) - raft.server.rpc.timeout.min = 5s (custom)
2019-09-25 07:05:22,332 [pool-27-thread-1] INFO  server.RaftServerConfigKeys (ConfUtils.java:logGet(43)) - raft.server.rpc.timeout.max = 5200ms (custom)
2019-09-25 07:05:22,332 [pool-27-thread-1] INFO  server.RaftServerConfigKeys (ConfUtils.java:logGet(43)) - raft.server.rpcslowness.timeout = 120s (custom)
2019-09-25 07:05:22,333 [pool-27-thread-1] INFO  server.RaftServerConfigKeys (ConfUtils.java:logGet(43)) - raft.server.sleep.deviation.threshold = 300 (default)
2019-09-25 07:05:22,333 [pool-27-thread-1] INFO  server.RaftServerConfigKeys (ConfUtils.java:logGet(43)) - raft.server.log.appender.install.snapshot.enabled = false (custom)
2019-09-25 07:05:22,333 [pool-27-thread-1] INFO  impl.RaftServerImpl (ServerState.java:<init>(103)) - e568d23f-199e-48ce-91e4-5c166e2e97cd@group-F5008C1E3C15: ConfigurationManager, init=-1: [e568d23f-199e-48ce-91e4-5c166e2e97cd:192.168.30.10:42827], old=null, confs=<EMPTY_MAP>
2019-09-25 07:05:22,333 [pool-27-thread-1] INFO  server.RaftServerConfigKeys (ConfUtils.java:logGet(43)) - raft.server.storage.dir = [/workdir/hadoop-ozone/integration-test/target/test-dir/MiniOzoneClusterImpl-39af9574-7a8b-4ed7-b830-bf686a3d4bb8/datanode-0/data/ratis] (custom)
2019-09-25 07:05:22,334 [pool-27-thread-1] INFO  storage.RaftStorageDirectory (RaftStorageDirectory.java:analyzeStorage(246)) - The storage directory /workdir/hadoop-ozone/integration-test/target/test-dir/MiniOzoneClusterImpl-39af9574-7a8b-4ed7-b830-bf686a3d4bb8/datanode-0/data/ratis/e7396e2d-df56-46e9-ab2f-f5008c1e3c15 does not exist. Creating ...
2019-09-25 07:05:22,351 [pool-27-thread-1] INFO  storage.RaftStorageDirectory (RaftStorageDirectory.java:tryLock(328)) - Lock on /workdir/hadoop-ozone/integration-test/target/test-dir/MiniOzoneClusterImpl-39af9574-7a8b-4ed7-b830-bf686a3d4bb8/datanode-0/data/ratis/e7396e2d-df56-46e9-ab2f-f5008c1e3c15/in_use.lock acquired by nodename 19495@pr-hdds-1569-s62bp-3040748787
2019-09-25 07:05:22,363 [pool-27-thread-1] INFO  storage.RaftStorage (RaftStorage.java:format(72)) - Storage directory /workdir/hadoop-ozone/integration-test/target/test-dir/MiniOzoneClusterImpl-39af9574-7a8b-4ed7-b830-bf686a3d4bb8/datanode-0/data/ratis/e7396e2d-df56-46e9-ab2f-f5008c1e3c15 has been successfully formatted.
2019-09-25 07:05:22,364 [pool-27-thread-1] INFO  ratis.ContainerStateMachine (ContainerStateMachine.java:loadSnapshot(230)) - group-F5008C1E3C15: The snapshot info is null. Setting the last applied indexto:(t:0, i:~)
2019-09-25 07:05:22,364 [pool-27-thread-1] INFO  server.RaftServerConfigKeys (ConfUtils.java:logGet(43)) - raft.server.notification.no-leader.timeout = 120s (custom)
2019-09-25 07:05:22,364 [pool-27-thread-1] INFO  server.RaftServerConfigKeys (ConfUtils.java:logGet(43)) - raft.server.log.use.memory = false (default)
2019-09-25 07:05:22,364 [pool-27-thread-1] INFO  server.RaftServerConfigKeys (ConfUtils.java:logGet(43)) - raft.server.log.purge.gap = 1000000 (custom)
2019-09-25 07:05:22,364 [pool-27-thread-1] INFO  server.RaftServerConfigKeys (ConfUtils.java:logGet(43)) - raft.server.log.appender.buffer.byte-limit = 33554432 (custom)
2019-09-25 07:05:22,364 [pool-27-thread-1] INFO  server.RaftServerConfigKeys (ConfUtils.java:logGet(43)) - raft.server.log.segment.size.max = 1048576 (custom)
2019-09-25 07:05:22,365 [pool-27-thread-1] INFO  server.RaftServerConfigKeys (ConfUtils.java:logGet(43)) - raft.server.log.segment.cache.num.max = 2 (custom)
2019-09-25 07:05:22,365 [pool-27-thread-1] INFO  segmented.SegmentedRaftLogWorker (SegmentedRaftLogWorker.java:<init>(172)) - new e568d23f-199e-48ce-91e4-5c166e2e97cd@group-F5008C1E3C15-SegmentedRaftLogWorker for RaftStorage:Storage Directory /workdir/hadoop-ozone/integration-test/target/test-dir/MiniOzoneClusterImpl-39af9574-7a8b-4ed7-b830-bf686a3d4bb8/datanode-0/data/ratis/e7396e2d-df56-46e9-ab2f-f5008c1e3c15
2019-09-25 07:05:22,365 [pool-27-thread-1] INFO  server.RaftServerConfigKeys (ConfUtils.java:logGet(43)) - raft.server.log.queue.byte-limit = 2147483647 (custom)
2019-09-25 07:05:22,365 [pool-27-thread-1] INFO  server.RaftServerConfigKeys (ConfUtils.java:logGet(43)) - raft.server.log.queue.element-limit = 1024 (custom)
2019-09-25 07:05:22,365 [pool-27-thread-1] INFO  server.RaftServerConfigKeys (ConfUtils.java:logGet(43)) - raft.server.log.segment.size.max = 1048576 (custom)
2019-09-25 07:05:22,365 [pool-27-thread-1] INFO  server.RaftServerConfigKeys (ConfUtils.java:logGet(43)) - raft.server.log.preallocated.size = 16384 (custom)
2019-09-25 07:05:22,366 [pool-27-thread-1] INFO  server.RaftServerConfigKeys (ConfUtils.java:logGet(43)) - raft.server.log.write.buffer.size = 33554432 (custom)
2019-09-25 07:05:22,366 [pool-27-thread-1] INFO  server.RaftServerConfigKeys (ConfUtils.java:logGet(43)) - raft.server.log.force.sync.num = 128 (default)
2019-09-25 07:05:22,366 [pool-27-thread-1] INFO  server.RaftServerConfigKeys (ConfUtils.java:logGet(43)) - raft.server.log.statemachine.data.sync = true (default)
2019-09-25 07:05:22,366 [pool-27-thread-1] INFO  server.RaftServerConfigKeys (ConfUtils.java:logGet(43)) - raft.server.log.statemachine.data.sync.timeout = 10s (default)
2019-09-25 07:05:22,366 [pool-27-thread-1] INFO  server.RaftServerConfigKeys (ConfUtils.java:logGet(43)) - raft.server.log.statemachine.data.sync.timeout.retry = -1 (default)
2019-09-25 07:05:22,366 [pool-27-thread-1] INFO  server.RaftServerConfigKeys (ConfUtils.java:logGet(43)) - raft.server.log.statemachine.data.caching.enabled = true (custom)
2019-09-25 07:05:22,367 [pool-27-thread-1] INFO  segmented.SegmentedRaftLogWorker (SegmentedRaftLogWorker.java:lambda$new$0(132)) - e568d23f-199e-48ce-91e4-5c166e2e97cd@group-F5008C1E3C15-SegmentedRaftLogWorker: flushIndex: setUnconditionally 0 -> -1
2019-09-25 07:05:22,367 [pool-27-thread-1] INFO  server.RaftServerConfigKeys (ConfUtils.java:logGet(43)) - raft.server.snapshot.auto.trigger.enabled = true (custom)
2019-09-25 07:05:22,367 [pool-27-thread-1] INFO  server.RaftServerConfigKeys (ConfUtils.java:logGet(43)) - raft.server.snapshot.auto.trigger.threshold = 10000 (custom)
2019-09-25 07:05:22,367 [pool-27-thread-1] INFO  server.RaftServerConfigKeys (ConfUtils.java:logGet(43)) - raft.server.snapshot.retention.num.files = 5 (custom)
2019-09-25 07:05:22,367 [pool-27-thread-1] INFO  server.RaftServerConfigKeys (ConfUtils.java:logGet(43)) - raft.server.retrycache.expirytime = 600000ms (custom)
2019-09-25 07:05:22,369 [pool-27-thread-1] INFO  impl.RaftServerImpl (RaftServerImpl.java:start(185)) - e568d23f-199e-48ce-91e4-5c166e2e97cd@group-F5008C1E3C15: start as a follower, conf=-1: [e568d23f-199e-48ce-91e4-5c166e2e97cd:192.168.30.10:42827], old=null
2019-09-25 07:05:22,369 [pool-27-thread-1] INFO  impl.RaftServerImpl (RaftServerImpl.java:setRole(174)) - e568d23f-199e-48ce-91e4-5c166e2e97cd@group-F5008C1E3C15: changes role from      null to FOLLOWER at term 0 for startAsFollower
2019-09-25 07:05:22,370 [pool-27-thread-1] INFO  impl.RoleInfo (RoleInfo.java:updateAndGet(143)) - e568d23f-199e-48ce-91e4-5c166e2e97cd: start FollowerState
2019-09-25 07:05:22,370 [pool-27-thread-1] INFO  util.JmxRegister (JmxRegister.java:tryRegister(44)) - Successfully registered JMX Bean with object name Ratis:service=RaftServer,group=group-F5008C1E3C15,id=e568d23f-199e-48ce-91e4-5c166e2e97cd
2019-09-25 07:05:22,372 [RatisPipelineUtilsThread] INFO  pipeline.PipelineStateManager (PipelineStateManager.java:addPipeline(56)) - Created pipeline Pipeline[ Id: e7396e2d-df56-46e9-ab2f-f5008c1e3c15, Nodes: e568d23f-199e-48ce-91e4-5c166e2e97cd{ip: 192.168.30.10, host: pr-hdds-1569-s62bp-3040748787, networkLocation: /default-rack, certSerialId: null}, Type:RATIS, Factor:ONE, State:OPEN]
2019-09-25 07:05:22,376 [grpc-default-executor-5] INFO  impl.RaftServerProxy (RaftServerProxy.java:addNew(89)) - 62ec8eb9-3ae9-4136-b70a-2caf3716fa7f: addNew group-0595E3A89E84:[62ec8eb9-3ae9-4136-b70a-2caf3716fa7f:192.168.30.10:44715] returns group-0595E3A89E84:java.util.concurrent.CompletableFuture@135b70ae[Not completed]
2019-09-25 07:05:22,377 [pool-37-thread-1] INFO  impl.RaftServerImpl (RaftServerImpl.java:<init>(95)) - 62ec8eb9-3ae9-4136-b70a-2caf3716fa7f: new RaftServerImpl for group-0595E3A89E84:[62ec8eb9-3ae9-4136-b70a-2caf3716fa7f:192.168.30.10:44715] with ContainerStateMachine:uninitialized
2019-09-25 07:05:22,377 [pool-37-thread-1] INFO  server.RaftServerConfigKeys (ConfUtils.java:logGet(43)) - raft.server.rpc.timeout.min = 5s (custom)
2019-09-25 07:05:22,377 [pool-37-thread-1] INFO  server.RaftServerConfigKeys (ConfUtils.java:logGet(43)) - raft.server.rpc.timeout.max = 5200ms (custom)
2019-09-25 07:05:22,377 [pool-37-thread-1] INFO  server.RaftServerConfigKeys (ConfUtils.java:logGet(43)) - raft.server.rpcslowness.timeout = 120s (custom)
2019-09-25 07:05:22,377 [pool-37-thread-1] INFO  server.RaftServerConfigKeys (ConfUtils.java:logGet(43)) - raft.server.sleep.deviation.threshold = 300 (default)
2019-09-25 07:05:22,377 [pool-37-thread-1] INFO  server.RaftServerConfigKeys (ConfUtils.java:logGet(43)) - raft.server.log.appender.install.snapshot.enabled = false (custom)
2019-09-25 07:05:22,378 [pool-37-thread-1] INFO  impl.RaftServerImpl (ServerState.java:<init>(103)) - 62ec8eb9-3ae9-4136-b70a-2caf3716fa7f@group-0595E3A89E84: ConfigurationManager, init=-1: [62ec8eb9-3ae9-4136-b70a-2caf3716fa7f:192.168.30.10:44715], old=null, confs=<EMPTY_MAP>
2019-09-25 07:05:22,378 [pool-37-thread-1] INFO  server.RaftServerConfigKeys (ConfUtils.java:logGet(43)) - raft.server.storage.dir = [/workdir/hadoop-ozone/integration-test/target/test-dir/MiniOzoneClusterImpl-39af9574-7a8b-4ed7-b830-bf686a3d4bb8/datanode-1/data/ratis] (custom)
2019-09-25 07:05:22,378 [pool-37-thread-1] INFO  storage.RaftStorageDirectory (RaftStorageDirectory.java:analyzeStorage(246)) - The storage directory /workdir/hadoop-ozone/integration-test/target/test-dir/MiniOzoneClusterImpl-39af9574-7a8b-4ed7-b830-bf686a3d4bb8/datanode-1/data/ratis/3bacb818-4432-408c-9bfa-0595e3a89e84 does not exist. Creating ...
2019-09-25 07:05:22,384 [pool-37-thread-1] INFO  storage.RaftStorageDirectory (RaftStorageDirectory.java:tryLock(328)) - Lock on /workdir/hadoop-ozone/integration-test/target/test-dir/MiniOzoneClusterImpl-39af9574-7a8b-4ed7-b830-bf686a3d4bb8/datanode-1/data/ratis/3bacb818-4432-408c-9bfa-0595e3a89e84/in_use.lock acquired by nodename 19495@pr-hdds-1569-s62bp-3040748787
2019-09-25 07:05:22,391 [pool-37-thread-1] INFO  storage.RaftStorage (RaftStorage.java:format(72)) - Storage directory /workdir/hadoop-ozone/integration-test/target/test-dir/MiniOzoneClusterImpl-39af9574-7a8b-4ed7-b830-bf686a3d4bb8/datanode-1/data/ratis/3bacb818-4432-408c-9bfa-0595e3a89e84 has been successfully formatted.
2019-09-25 07:05:22,391 [pool-37-thread-1] INFO  ratis.ContainerStateMachine (ContainerStateMachine.java:loadSnapshot(230)) - group-0595E3A89E84: The snapshot info is null. Setting the last applied indexto:(t:0, i:~)
2019-09-25 07:05:22,392 [pool-37-thread-1] INFO  server.RaftServerConfigKeys (ConfUtils.java:logGet(43)) - raft.server.notification.no-leader.timeout = 120s (custom)
2019-09-25 07:05:22,392 [pool-37-thread-1] INFO  server.RaftServerConfigKeys (ConfUtils.java:logGet(43)) - raft.server.log.use.memory = false (default)
2019-09-25 07:05:22,392 [pool-37-thread-1] INFO  server.RaftServerConfigKeys (ConfUtils.java:logGet(43)) - raft.server.log.purge.gap = 1000000 (custom)
2019-09-25 07:05:22,392 [pool-37-thread-1] INFO  server.RaftServerConfigKeys (ConfUtils.java:logGet(43)) - raft.server.log.appender.buffer.byte-limit = 33554432 (custom)
2019-09-25 07:05:22,392 [pool-37-thread-1] INFO  server.RaftServerConfigKeys (ConfUtils.java:logGet(43)) - raft.server.log.segment.size.max = 1048576 (custom)
2019-09-25 07:05:22,392 [pool-37-thread-1] INFO  server.RaftServerConfigKeys (ConfUtils.java:logGet(43)) - raft.server.log.segment.cache.num.max = 2 (custom)
2019-09-25 07:05:22,392 [pool-37-thread-1] INFO  segmented.SegmentedRaftLogWorker (SegmentedRaftLogWorker.java:<init>(172)) - new 62ec8eb9-3ae9-4136-b70a-2caf3716fa7f@group-0595E3A89E84-SegmentedRaftLogWorker for RaftStorage:Storage Directory /workdir/hadoop-ozone/integration-test/target/test-dir/MiniOzoneClusterImpl-39af9574-7a8b-4ed7-b830-bf686a3d4bb8/datanode-1/data/ratis/3bacb818-4432-408c-9bfa-0595e3a89e84
2019-09-25 07:05:22,393 [pool-37-thread-1] INFO  server.RaftServerConfigKeys (ConfUtils.java:logGet(43)) - raft.server.log.queue.byte-limit = 2147483647 (custom)
2019-09-25 07:05:22,393 [pool-37-thread-1] INFO  server.RaftServerConfigKeys (ConfUtils.java:logGet(43)) - raft.server.log.queue.element-limit = 1024 (custom)
2019-09-25 07:05:22,393 [pool-37-thread-1] INFO  server.RaftServerConfigKeys (ConfUtils.java:logGet(43)) - raft.server.log.segment.size.max = 1048576 (custom)
2019-09-25 07:05:22,393 [pool-37-thread-1] INFO  server.RaftServerConfigKeys (ConfUtils.java:logGet(43)) - raft.server.log.preallocated.size = 16384 (custom)
2019-09-25 07:05:22,393 [pool-37-thread-1] INFO  server.RaftServerConfigKeys (ConfUtils.java:logGet(43)) - raft.server.log.write.buffer.size = 33554432 (custom)
2019-09-25 07:05:22,393 [pool-37-thread-1] INFO  server.RaftServerConfigKeys (ConfUtils.java:logGet(43)) - raft.server.log.force.sync.num = 128 (default)
2019-09-25 07:05:22,393 [pool-37-thread-1] INFO  server.RaftServerConfigKeys (ConfUtils.java:logGet(43)) - raft.server.log.statemachine.data.sync = true (default)
2019-09-25 07:05:22,394 [pool-37-thread-1] INFO  server.RaftServerConfigKeys (ConfUtils.java:logGet(43)) - raft.server.log.statemachine.data.sync.timeout = 10s (default)
2019-09-25 07:05:22,394 [pool-37-thread-1] INFO  server.RaftServerConfigKeys (ConfUtils.java:logGet(43)) - raft.server.log.statemachine.data.sync.timeout.retry = -1 (default)
2019-09-25 07:05:22,394 [pool-37-thread-1] INFO  server.RaftServerConfigKeys (ConfUtils.java:logGet(43)) - raft.server.log.statemachine.data.caching.enabled = true (custom)
2019-09-25 07:05:22,394 [pool-37-thread-1] INFO  segmented.SegmentedRaftLogWorker (SegmentedRaftLogWorker.java:lambda$new$0(132)) - 62ec8eb9-3ae9-4136-b70a-2caf3716fa7f@group-0595E3A89E84-SegmentedRaftLogWorker: flushIndex: setUnconditionally 0 -> -1
2019-09-25 07:05:22,394 [pool-37-thread-1] INFO  server.RaftServerConfigKeys (ConfUtils.java:logGet(43)) - raft.server.snapshot.auto.trigger.enabled = true (custom)
2019-09-25 07:05:22,395 [pool-37-thread-1] INFO  server.RaftServerConfigKeys (ConfUtils.java:logGet(43)) - raft.server.snapshot.auto.trigger.threshold = 10000 (custom)
2019-09-25 07:05:22,395 [pool-37-thread-1] INFO  server.RaftServerConfigKeys (ConfUtils.java:logGet(43)) - raft.server.snapshot.retention.num.files = 5 (custom)
2019-09-25 07:05:22,395 [pool-37-thread-1] INFO  server.RaftServerConfigKeys (ConfUtils.java:logGet(43)) - raft.server.retrycache.expirytime = 600000ms (custom)
2019-09-25 07:05:22,396 [pool-37-thread-1] INFO  impl.RaftServerImpl (RaftServerImpl.java:start(185)) - 62ec8eb9-3ae9-4136-b70a-2caf3716fa7f@group-0595E3A89E84: start as a follower, conf=-1: [62ec8eb9-3ae9-4136-b70a-2caf3716fa7f:192.168.30.10:44715], old=null
2019-09-25 07:05:22,396 [pool-37-thread-1] INFO  impl.RaftServerImpl (RaftServerImpl.java:setRole(174)) - 62ec8eb9-3ae9-4136-b70a-2caf3716fa7f@group-0595E3A89E84: changes role from      null to FOLLOWER at term 0 for startAsFollower
2019-09-25 07:05:22,397 [pool-37-thread-1] INFO  impl.RoleInfo (RoleInfo.java:updateAndGet(143)) - 62ec8eb9-3ae9-4136-b70a-2caf3716fa7f: start FollowerState
2019-09-25 07:05:22,397 [pool-37-thread-1] INFO  util.JmxRegister (JmxRegister.java:tryRegister(44)) - Successfully registered JMX Bean with object name Ratis:service=RaftServer,group=group-0595E3A89E84,id=62ec8eb9-3ae9-4136-b70a-2caf3716fa7f
2019-09-25 07:05:22,399 [RatisPipelineUtilsThread] INFO  pipeline.PipelineStateManager (PipelineStateManager.java:addPipeline(56)) - Created pipeline Pipeline[ Id: 3bacb818-4432-408c-9bfa-0595e3a89e84, Nodes: 62ec8eb9-3ae9-4136-b70a-2caf3716fa7f{ip: 192.168.30.10, host: pr-hdds-1569-s62bp-3040748787, networkLocation: /default-rack, certSerialId: null}, Type:RATIS, Factor:ONE, State:OPEN]
2019-09-25 07:05:22,402 [grpc-default-executor-5] INFO  impl.RaftServerProxy (RaftServerProxy.java:addNew(89)) - e568d23f-199e-48ce-91e4-5c166e2e97cd: addNew group-9955803015F0:[e568d23f-199e-48ce-91e4-5c166e2e97cd:192.168.30.10:42827] returns group-9955803015F0:java.util.concurrent.CompletableFuture@61053ed[Not completed]
2019-09-25 07:05:22,403 [pool-27-thread-1] INFO  impl.RaftServerImpl (RaftServerImpl.java:<init>(95)) - e568d23f-199e-48ce-91e4-5c166e2e97cd: new RaftServerImpl for group-9955803015F0:[e568d23f-199e-48ce-91e4-5c166e2e97cd:192.168.30.10:42827] with ContainerStateMachine:uninitialized
2019-09-25 07:05:22,403 [pool-27-thread-1] INFO  server.RaftServerConfigKeys (ConfUtils.java:logGet(43)) - raft.server.rpc.timeout.min = 5s (custom)
2019-09-25 07:05:22,403 [pool-27-thread-1] INFO  server.RaftServerConfigKeys (ConfUtils.java:logGet(43)) - raft.server.rpc.timeout.max = 5200ms (custom)
2019-09-25 07:05:22,403 [pool-27-thread-1] INFO  server.RaftServerConfigKeys (ConfUtils.java:logGet(43)) - raft.server.rpcslowness.timeout = 120s (custom)
2019-09-25 07:05:22,403 [pool-27-thread-1] INFO  server.RaftServerConfigKeys (ConfUtils.java:logGet(43)) - raft.server.sleep.deviation.threshold = 300 (default)
2019-09-25 07:05:22,404 [pool-27-thread-1] INFO  server.RaftServerConfigKeys (ConfUtils.java:logGet(43)) - raft.server.log.appender.install.snapshot.enabled = false (custom)
2019-09-25 07:05:22,404 [pool-27-thread-1] INFO  impl.RaftServerImpl (ServerState.java:<init>(103)) - e568d23f-199e-48ce-91e4-5c166e2e97cd@group-9955803015F0: ConfigurationManager, init=-1: [e568d23f-199e-48ce-91e4-5c166e2e97cd:192.168.30.10:42827], old=null, confs=<EMPTY_MAP>
2019-09-25 07:05:22,404 [pool-27-thread-1] INFO  server.RaftServerConfigKeys (ConfUtils.java:logGet(43)) - raft.server.storage.dir = [/workdir/hadoop-ozone/integration-test/target/test-dir/MiniOzoneClusterImpl-39af9574-7a8b-4ed7-b830-bf686a3d4bb8/datanode-0/data/ratis] (custom)
2019-09-25 07:05:22,404 [pool-27-thread-1] INFO  storage.RaftStorageDirectory (RaftStorageDirectory.java:analyzeStorage(246)) - The storage directory /workdir/hadoop-ozone/integration-test/target/test-dir/MiniOzoneClusterImpl-39af9574-7a8b-4ed7-b830-bf686a3d4bb8/datanode-0/data/ratis/b7377138-2187-48ee-b3d9-9955803015f0 does not exist. Creating ...
2019-09-25 07:05:22,417 [pool-27-thread-1] INFO  storage.RaftStorageDirectory (RaftStorageDirectory.java:tryLock(328)) - Lock on /workdir/hadoop-ozone/integration-test/target/test-dir/MiniOzoneClusterImpl-39af9574-7a8b-4ed7-b830-bf686a3d4bb8/datanode-0/data/ratis/b7377138-2187-48ee-b3d9-9955803015f0/in_use.lock acquired by nodename 19495@pr-hdds-1569-s62bp-3040748787
2019-09-25 07:05:22,430 [pool-27-thread-1] INFO  storage.RaftStorage (RaftStorage.java:format(72)) - Storage directory /workdir/hadoop-ozone/integration-test/target/test-dir/MiniOzoneClusterImpl-39af9574-7a8b-4ed7-b830-bf686a3d4bb8/datanode-0/data/ratis/b7377138-2187-48ee-b3d9-9955803015f0 has been successfully formatted.
2019-09-25 07:05:22,430 [pool-27-thread-1] INFO  ratis.ContainerStateMachine (ContainerStateMachine.java:loadSnapshot(230)) - group-9955803015F0: The snapshot info is null. Setting the last applied indexto:(t:0, i:~)
2019-09-25 07:05:22,430 [pool-27-thread-1] INFO  server.RaftServerConfigKeys (ConfUtils.java:logGet(43)) - raft.server.notification.no-leader.timeout = 120s (custom)
2019-09-25 07:05:22,430 [pool-27-thread-1] INFO  server.RaftServerConfigKeys (ConfUtils.java:logGet(43)) - raft.server.log.use.memory = false (default)
2019-09-25 07:05:22,430 [pool-27-thread-1] INFO  server.RaftServerConfigKeys (ConfUtils.java:logGet(43)) - raft.server.log.purge.gap = 1000000 (custom)
2019-09-25 07:05:22,430 [pool-27-thread-1] INFO  server.RaftServerConfigKeys (ConfUtils.java:logGet(43)) - raft.server.log.appender.buffer.byte-limit = 33554432 (custom)
2019-09-25 07:05:22,431 [pool-27-thread-1] INFO  server.RaftServerConfigKeys (ConfUtils.java:logGet(43)) - raft.server.log.segment.size.max = 1048576 (custom)
2019-09-25 07:05:22,431 [pool-27-thread-1] INFO  server.RaftServerConfigKeys (ConfUtils.java:logGet(43)) - raft.server.log.segment.cache.num.max = 2 (custom)
2019-09-25 07:05:22,431 [pool-27-thread-1] INFO  segmented.SegmentedRaftLogWorker (SegmentedRaftLogWorker.java:<init>(172)) - new e568d23f-199e-48ce-91e4-5c166e2e97cd@group-9955803015F0-SegmentedRaftLogWorker for RaftStorage:Storage Directory /workdir/hadoop-ozone/integration-test/target/test-dir/MiniOzoneClusterImpl-39af9574-7a8b-4ed7-b830-bf686a3d4bb8/datanode-0/data/ratis/b7377138-2187-48ee-b3d9-9955803015f0
2019-09-25 07:05:22,431 [pool-27-thread-1] INFO  server.RaftServerConfigKeys (ConfUtils.java:logGet(43)) - raft.server.log.queue.byte-limit = 2147483647 (custom)
2019-09-25 07:05:22,431 [pool-27-thread-1] INFO  server.RaftServerConfigKeys (ConfUtils.java:logGet(43)) - raft.server.log.queue.element-limit = 1024 (custom)
2019-09-25 07:05:22,431 [pool-27-thread-1] INFO  server.RaftServerConfigKeys (ConfUtils.java:logGet(43)) - raft.server.log.segment.size.max = 1048576 (custom)
2019-09-25 07:05:22,431 [pool-27-thread-1] INFO  server.RaftServerConfigKeys (ConfUtils.java:logGet(43)) - raft.server.log.preallocated.size = 16384 (custom)
2019-09-25 07:05:22,431 [pool-27-thread-1] INFO  server.RaftServerConfigKeys (ConfUtils.java:logGet(43)) - raft.server.log.write.buffer.size = 33554432 (custom)
2019-09-25 07:05:22,432 [pool-27-thread-1] INFO  server.RaftServerConfigKeys (ConfUtils.java:logGet(43)) - raft.server.log.force.sync.num = 128 (default)
2019-09-25 07:05:22,432 [pool-27-thread-1] INFO  server.RaftServerConfigKeys (ConfUtils.java:logGet(43)) - raft.server.log.statemachine.data.sync = true (default)
2019-09-25 07:05:22,432 [pool-27-thread-1] INFO  server.RaftServerConfigKeys (ConfUtils.java:logGet(43)) - raft.server.log.statemachine.data.sync.timeout = 10s (default)
2019-09-25 07:05:22,432 [pool-27-thread-1] INFO  server.RaftServerConfigKeys (ConfUtils.java:logGet(43)) - raft.server.log.statemachine.data.sync.timeout.retry = -1 (default)
2019-09-25 07:05:22,432 [pool-27-thread-1] INFO  server.RaftServerConfigKeys (ConfUtils.java:logGet(43)) - raft.server.log.statemachine.data.caching.enabled = true (custom)
2019-09-25 07:05:22,432 [pool-27-thread-1] INFO  segmented.SegmentedRaftLogWorker (SegmentedRaftLogWorker.java:lambda$new$0(132)) - e568d23f-199e-48ce-91e4-5c166e2e97cd@group-9955803015F0-SegmentedRaftLogWorker: flushIndex: setUnconditionally 0 -> -1
2019-09-25 07:05:22,433 [pool-27-thread-1] INFO  server.RaftServerConfigKeys (ConfUtils.java:logGet(43)) - raft.server.snapshot.auto.trigger.enabled = true (custom)
2019-09-25 07:05:22,433 [pool-27-thread-1] INFO  server.RaftServerConfigKeys (ConfUtils.java:logGet(43)) - raft.server.snapshot.auto.trigger.threshold = 10000 (custom)
2019-09-25 07:05:22,433 [pool-27-thread-1] INFO  server.RaftServerConfigKeys (ConfUtils.java:logGet(43)) - raft.server.snapshot.retention.num.files = 5 (custom)
2019-09-25 07:05:22,433 [pool-27-thread-1] INFO  server.RaftServerConfigKeys (ConfUtils.java:logGet(43)) - raft.server.retrycache.expirytime = 600000ms (custom)
2019-09-25 07:05:22,434 [pool-27-thread-1] INFO  impl.RaftServerImpl (RaftServerImpl.java:start(185)) - e568d23f-199e-48ce-91e4-5c166e2e97cd@group-9955803015F0: start as a follower, conf=-1: [e568d23f-199e-48ce-91e4-5c166e2e97cd:192.168.30.10:42827], old=null
2019-09-25 07:05:22,434 [pool-27-thread-1] INFO  impl.RaftServerImpl (RaftServerImpl.java:setRole(174)) - e568d23f-199e-48ce-91e4-5c166e2e97cd@group-9955803015F0: changes role from      null to FOLLOWER at term 0 for startAsFollower
2019-09-25 07:05:22,435 [pool-27-thread-1] INFO  impl.RoleInfo (RoleInfo.java:updateAndGet(143)) - e568d23f-199e-48ce-91e4-5c166e2e97cd: start FollowerState
2019-09-25 07:05:22,435 [pool-27-thread-1] INFO  util.JmxRegister (JmxRegister.java:tryRegister(44)) - Successfully registered JMX Bean with object name Ratis:service=RaftServer,group=group-9955803015F0,id=e568d23f-199e-48ce-91e4-5c166e2e97cd
2019-09-25 07:05:22,437 [RatisPipelineUtilsThread] INFO  pipeline.PipelineStateManager (PipelineStateManager.java:addPipeline(56)) - Created pipeline Pipeline[ Id: b7377138-2187-48ee-b3d9-9955803015f0, Nodes: e568d23f-199e-48ce-91e4-5c166e2e97cd{ip: 192.168.30.10, host: pr-hdds-1569-s62bp-3040748787, networkLocation: /default-rack, certSerialId: null}, Type:RATIS, Factor:ONE, State:OPEN]
2019-09-25 07:05:22,441 [grpc-default-executor-5] INFO  impl.RaftServerProxy (RaftServerProxy.java:addNew(89)) - 62ec8eb9-3ae9-4136-b70a-2caf3716fa7f: addNew group-77A592C0723B:[62ec8eb9-3ae9-4136-b70a-2caf3716fa7f:192.168.30.10:44715] returns group-77A592C0723B:java.util.concurrent.CompletableFuture@63340550[Not completed]
2019-09-25 07:05:22,441 [pool-37-thread-1] INFO  impl.RaftServerImpl (RaftServerImpl.java:<init>(95)) - 62ec8eb9-3ae9-4136-b70a-2caf3716fa7f: new RaftServerImpl for group-77A592C0723B:[62ec8eb9-3ae9-4136-b70a-2caf3716fa7f:192.168.30.10:44715] with ContainerStateMachine:uninitialized
2019-09-25 07:05:22,442 [pool-37-thread-1] INFO  server.RaftServerConfigKeys (ConfUtils.java:logGet(43)) - raft.server.rpc.timeout.min = 5s (custom)
2019-09-25 07:05:22,442 [pool-37-thread-1] INFO  server.RaftServerConfigKeys (ConfUtils.java:logGet(43)) - raft.server.rpc.timeout.max = 5200ms (custom)
2019-09-25 07:05:22,442 [pool-37-thread-1] INFO  server.RaftServerConfigKeys (ConfUtils.java:logGet(43)) - raft.server.rpcslowness.timeout = 120s (custom)
2019-09-25 07:05:22,442 [pool-37-thread-1] INFO  server.RaftServerConfigKeys (ConfUtils.java:logGet(43)) - raft.server.sleep.deviation.threshold = 300 (default)
2019-09-25 07:05:22,442 [pool-37-thread-1] INFO  server.RaftServerConfigKeys (ConfUtils.java:logGet(43)) - raft.server.log.appender.install.snapshot.enabled = false (custom)
2019-09-25 07:05:22,442 [pool-37-thread-1] INFO  impl.RaftServerImpl (ServerState.java:<init>(103)) - 62ec8eb9-3ae9-4136-b70a-2caf3716fa7f@group-77A592C0723B: ConfigurationManager, init=-1: [62ec8eb9-3ae9-4136-b70a-2caf3716fa7f:192.168.30.10:44715], old=null, confs=<EMPTY_MAP>
2019-09-25 07:05:22,442 [pool-37-thread-1] INFO  server.RaftServerConfigKeys (ConfUtils.java:logGet(43)) - raft.server.storage.dir = [/workdir/hadoop-ozone/integration-test/target/test-dir/MiniOzoneClusterImpl-39af9574-7a8b-4ed7-b830-bf686a3d4bb8/datanode-1/data/ratis] (custom)
2019-09-25 07:05:22,443 [pool-37-thread-1] INFO  storage.RaftStorageDirectory (RaftStorageDirectory.java:analyzeStorage(246)) - The storage directory /workdir/hadoop-ozone/integration-test/target/test-dir/MiniOzoneClusterImpl-39af9574-7a8b-4ed7-b830-bf686a3d4bb8/datanode-1/data/ratis/5bdd9e00-d70a-411b-a80f-77a592c0723b does not exist. Creating ...
2019-09-25 07:05:22,473 [pool-37-thread-1] INFO  storage.RaftStorageDirectory (RaftStorageDirectory.java:tryLock(328)) - Lock on /workdir/hadoop-ozone/integration-test/target/test-dir/MiniOzoneClusterImpl-39af9574-7a8b-4ed7-b830-bf686a3d4bb8/datanode-1/data/ratis/5bdd9e00-d70a-411b-a80f-77a592c0723b/in_use.lock acquired by nodename 19495@pr-hdds-1569-s62bp-3040748787
2019-09-25 07:05:22,505 [pool-37-thread-1] INFO  storage.RaftStorage (RaftStorage.java:format(72)) - Storage directory /workdir/hadoop-ozone/integration-test/target/test-dir/MiniOzoneClusterImpl-39af9574-7a8b-4ed7-b830-bf686a3d4bb8/datanode-1/data/ratis/5bdd9e00-d70a-411b-a80f-77a592c0723b has been successfully formatted.
2019-09-25 07:05:22,506 [pool-37-thread-1] INFO  ratis.ContainerStateMachine (ContainerStateMachine.java:loadSnapshot(230)) - group-77A592C0723B: The snapshot info is null. Setting the last applied indexto:(t:0, i:~)
2019-09-25 07:05:22,506 [pool-37-thread-1] INFO  server.RaftServerConfigKeys (ConfUtils.java:logGet(43)) - raft.server.notification.no-leader.timeout = 120s (custom)
2019-09-25 07:05:22,506 [pool-37-thread-1] INFO  server.RaftServerConfigKeys (ConfUtils.java:logGet(43)) - raft.server.log.use.memory = false (default)
2019-09-25 07:05:22,506 [pool-37-thread-1] INFO  server.RaftServerConfigKeys (ConfUtils.java:logGet(43)) - raft.server.log.purge.gap = 1000000 (custom)
2019-09-25 07:05:22,506 [pool-37-thread-1] INFO  server.RaftServerConfigKeys (ConfUtils.java:logGet(43)) - raft.server.log.appender.buffer.byte-limit = 33554432 (custom)
2019-09-25 07:05:22,506 [pool-37-thread-1] INFO  server.RaftServerConfigKeys (ConfUtils.java:logGet(43)) - raft.server.log.segment.size.max = 1048576 (custom)
2019-09-25 07:05:22,507 [pool-37-thread-1] INFO  server.RaftServerConfigKeys (ConfUtils.java:logGet(43)) - raft.server.log.segment.cache.num.max = 2 (custom)
2019-09-25 07:05:22,507 [pool-37-thread-1] INFO  segmented.SegmentedRaftLogWorker (SegmentedRaftLogWorker.java:<init>(172)) - new 62ec8eb9-3ae9-4136-b70a-2caf3716fa7f@group-77A592C0723B-SegmentedRaftLogWorker for RaftStorage:Storage Directory /workdir/hadoop-ozone/integration-test/target/test-dir/MiniOzoneClusterImpl-39af9574-7a8b-4ed7-b830-bf686a3d4bb8/datanode-1/data/ratis/5bdd9e00-d70a-411b-a80f-77a592c0723b
2019-09-25 07:05:22,507 [pool-37-thread-1] INFO  server.RaftServerConfigKeys (ConfUtils.java:logGet(43)) - raft.server.log.queue.byte-limit = 2147483647 (custom)
2019-09-25 07:05:22,507 [pool-37-thread-1] INFO  server.RaftServerConfigKeys (ConfUtils.java:logGet(43)) - raft.server.log.queue.element-limit = 1024 (custom)
2019-09-25 07:05:22,507 [pool-37-thread-1] INFO  server.RaftServerConfigKeys (ConfUtils.java:logGet(43)) - raft.server.log.segment.size.max = 1048576 (custom)
2019-09-25 07:05:22,507 [pool-37-thread-1] INFO  server.RaftServerConfigKeys (ConfUtils.java:logGet(43)) - raft.server.log.preallocated.size = 16384 (custom)
2019-09-25 07:05:22,508 [pool-37-thread-1] INFO  server.RaftServerConfigKeys (ConfUtils.java:logGet(43)) - raft.server.log.write.buffer.size = 33554432 (custom)
2019-09-25 07:05:22,508 [pool-37-thread-1] INFO  server.RaftServerConfigKeys (ConfUtils.java:logGet(43)) - raft.server.log.force.sync.num = 128 (default)
2019-09-25 07:05:22,508 [pool-37-thread-1] INFO  server.RaftServerConfigKeys (ConfUtils.java:logGet(43)) - raft.server.log.statemachine.data.sync = true (default)
2019-09-25 07:05:22,508 [pool-37-thread-1] INFO  server.RaftServerConfigKeys (ConfUtils.java:logGet(43)) - raft.server.log.statemachine.data.sync.timeout = 10s (default)
2019-09-25 07:05:22,508 [pool-37-thread-1] INFO  server.RaftServerConfigKeys (ConfUtils.java:logGet(43)) - raft.server.log.statemachine.data.sync.timeout.retry = -1 (default)
2019-09-25 07:05:22,508 [pool-37-thread-1] INFO  server.RaftServerConfigKeys (ConfUtils.java:logGet(43)) - raft.server.log.statemachine.data.caching.enabled = true (custom)
2019-09-25 07:05:22,509 [pool-37-thread-1] INFO  segmented.SegmentedRaftLogWorker (SegmentedRaftLogWorker.java:lambda$new$0(132)) - 62ec8eb9-3ae9-4136-b70a-2caf3716fa7f@group-77A592C0723B-SegmentedRaftLogWorker: flushIndex: setUnconditionally 0 -> -1
2019-09-25 07:05:22,509 [pool-37-thread-1] INFO  server.RaftServerConfigKeys (ConfUtils.java:logGet(43)) - raft.server.snapshot.auto.trigger.enabled = true (custom)
2019-09-25 07:05:22,509 [pool-37-thread-1] INFO  server.RaftServerConfigKeys (ConfUtils.java:logGet(43)) - raft.server.snapshot.auto.trigger.threshold = 10000 (custom)
2019-09-25 07:05:22,509 [pool-37-thread-1] INFO  server.RaftServerConfigKeys (ConfUtils.java:logGet(43)) - raft.server.snapshot.retention.num.files = 5 (custom)
2019-09-25 07:05:22,509 [pool-37-thread-1] INFO  server.RaftServerConfigKeys (ConfUtils.java:logGet(43)) - raft.server.retrycache.expirytime = 600000ms (custom)
2019-09-25 07:05:22,511 [pool-37-thread-1] INFO  impl.RaftServerImpl (RaftServerImpl.java:start(185)) - 62ec8eb9-3ae9-4136-b70a-2caf3716fa7f@group-77A592C0723B: start as a follower, conf=-1: [62ec8eb9-3ae9-4136-b70a-2caf3716fa7f:192.168.30.10:44715], old=null
2019-09-25 07:05:22,511 [pool-37-thread-1] INFO  impl.RaftServerImpl (RaftServerImpl.java:setRole(174)) - 62ec8eb9-3ae9-4136-b70a-2caf3716fa7f@group-77A592C0723B: changes role from      null to FOLLOWER at term 0 for startAsFollower
2019-09-25 07:05:22,511 [pool-37-thread-1] INFO  impl.RoleInfo (RoleInfo.java:updateAndGet(143)) - 62ec8eb9-3ae9-4136-b70a-2caf3716fa7f: start FollowerState
2019-09-25 07:05:22,512 [pool-37-thread-1] INFO  util.JmxRegister (JmxRegister.java:tryRegister(44)) - Successfully registered JMX Bean with object name Ratis:service=RaftServer,group=group-77A592C0723B,id=62ec8eb9-3ae9-4136-b70a-2caf3716fa7f
2019-09-25 07:05:22,514 [RatisPipelineUtilsThread] INFO  pipeline.PipelineStateManager (PipelineStateManager.java:addPipeline(56)) - Created pipeline Pipeline[ Id: 5bdd9e00-d70a-411b-a80f-77a592c0723b, Nodes: 62ec8eb9-3ae9-4136-b70a-2caf3716fa7f{ip: 192.168.30.10, host: pr-hdds-1569-s62bp-3040748787, networkLocation: /default-rack, certSerialId: null}, Type:RATIS, Factor:ONE, State:OPEN]
2019-09-25 07:05:22,519 [grpc-default-executor-5] INFO  impl.RaftServerProxy (RaftServerProxy.java:addNew(89)) - e568d23f-199e-48ce-91e4-5c166e2e97cd: addNew group-B3C7E0299CFE:[e568d23f-199e-48ce-91e4-5c166e2e97cd:192.168.30.10:42827] returns group-B3C7E0299CFE:java.util.concurrent.CompletableFuture@2e32ba29[Not completed]
2019-09-25 07:05:22,520 [pool-27-thread-1] INFO  impl.RaftServerImpl (RaftServerImpl.java:<init>(95)) - e568d23f-199e-48ce-91e4-5c166e2e97cd: new RaftServerImpl for group-B3C7E0299CFE:[e568d23f-199e-48ce-91e4-5c166e2e97cd:192.168.30.10:42827] with ContainerStateMachine:uninitialized
2019-09-25 07:05:22,520 [pool-27-thread-1] INFO  server.RaftServerConfigKeys (ConfUtils.java:logGet(43)) - raft.server.rpc.timeout.min = 5s (custom)
2019-09-25 07:05:22,520 [pool-27-thread-1] INFO  server.RaftServerConfigKeys (ConfUtils.java:logGet(43)) - raft.server.rpc.timeout.max = 5200ms (custom)
2019-09-25 07:05:22,520 [pool-27-thread-1] INFO  server.RaftServerConfigKeys (ConfUtils.java:logGet(43)) - raft.server.rpcslowness.timeout = 120s (custom)
2019-09-25 07:05:22,520 [pool-27-thread-1] INFO  server.RaftServerConfigKeys (ConfUtils.java:logGet(43)) - raft.server.sleep.deviation.threshold = 300 (default)
2019-09-25 07:05:22,520 [pool-27-thread-1] INFO  server.RaftServerConfigKeys (ConfUtils.java:logGet(43)) - raft.server.log.appender.install.snapshot.enabled = false (custom)
2019-09-25 07:05:22,521 [pool-27-thread-1] INFO  impl.RaftServerImpl (ServerState.java:<init>(103)) - e568d23f-199e-48ce-91e4-5c166e2e97cd@group-B3C7E0299CFE: ConfigurationManager, init=-1: [e568d23f-199e-48ce-91e4-5c166e2e97cd:192.168.30.10:42827], old=null, confs=<EMPTY_MAP>
2019-09-25 07:05:22,521 [pool-27-thread-1] INFO  server.RaftServerConfigKeys (ConfUtils.java:logGet(43)) - raft.server.storage.dir = [/workdir/hadoop-ozone/integration-test/target/test-dir/MiniOzoneClusterImpl-39af9574-7a8b-4ed7-b830-bf686a3d4bb8/datanode-0/data/ratis] (custom)
2019-09-25 07:05:22,521 [pool-27-thread-1] INFO  storage.RaftStorageDirectory (RaftStorageDirectory.java:analyzeStorage(246)) - The storage directory /workdir/hadoop-ozone/integration-test/target/test-dir/MiniOzoneClusterImpl-39af9574-7a8b-4ed7-b830-bf686a3d4bb8/datanode-0/data/ratis/ce50da07-3931-4930-b39d-b3c7e0299cfe does not exist. Creating ...
2019-09-25 07:05:22,538 [pool-27-thread-1] INFO  storage.RaftStorageDirectory (RaftStorageDirectory.java:tryLock(328)) - Lock on /workdir/hadoop-ozone/integration-test/target/test-dir/MiniOzoneClusterImpl-39af9574-7a8b-4ed7-b830-bf686a3d4bb8/datanode-0/data/ratis/ce50da07-3931-4930-b39d-b3c7e0299cfe/in_use.lock acquired by nodename 19495@pr-hdds-1569-s62bp-3040748787
2019-09-25 07:05:22,550 [pool-27-thread-1] INFO  storage.RaftStorage (RaftStorage.java:format(72)) - Storage directory /workdir/hadoop-ozone/integration-test/target/test-dir/MiniOzoneClusterImpl-39af9574-7a8b-4ed7-b830-bf686a3d4bb8/datanode-0/data/ratis/ce50da07-3931-4930-b39d-b3c7e0299cfe has been successfully formatted.
2019-09-25 07:05:22,550 [pool-27-thread-1] INFO  ratis.ContainerStateMachine (ContainerStateMachine.java:loadSnapshot(230)) - group-B3C7E0299CFE: The snapshot info is null. Setting the last applied indexto:(t:0, i:~)
2019-09-25 07:05:22,551 [pool-27-thread-1] INFO  server.RaftServerConfigKeys (ConfUtils.java:logGet(43)) - raft.server.notification.no-leader.timeout = 120s (custom)
2019-09-25 07:05:22,551 [pool-27-thread-1] INFO  server.RaftServerConfigKeys (ConfUtils.java:logGet(43)) - raft.server.log.use.memory = false (default)
2019-09-25 07:05:22,551 [pool-27-thread-1] INFO  server.RaftServerConfigKeys (ConfUtils.java:logGet(43)) - raft.server.log.purge.gap = 1000000 (custom)
2019-09-25 07:05:22,551 [pool-27-thread-1] INFO  server.RaftServerConfigKeys (ConfUtils.java:logGet(43)) - raft.server.log.appender.buffer.byte-limit = 33554432 (custom)
2019-09-25 07:05:22,551 [pool-27-thread-1] INFO  server.RaftServerConfigKeys (ConfUtils.java:logGet(43)) - raft.server.log.segment.size.max = 1048576 (custom)
2019-09-25 07:05:22,551 [pool-27-thread-1] INFO  server.RaftServerConfigKeys (ConfUtils.java:logGet(43)) - raft.server.log.segment.cache.num.max = 2 (custom)
2019-09-25 07:05:22,552 [pool-27-thread-1] INFO  segmented.SegmentedRaftLogWorker (SegmentedRaftLogWorker.java:<init>(172)) - new e568d23f-199e-48ce-91e4-5c166e2e97cd@group-B3C7E0299CFE-SegmentedRaftLogWorker for RaftStorage:Storage Directory /workdir/hadoop-ozone/integration-test/target/test-dir/MiniOzoneClusterImpl-39af9574-7a8b-4ed7-b830-bf686a3d4bb8/datanode-0/data/ratis/ce50da07-3931-4930-b39d-b3c7e0299cfe
2019-09-25 07:05:22,552 [pool-27-thread-1] INFO  server.RaftServerConfigKeys (ConfUtils.java:logGet(43)) - raft.server.log.queue.byte-limit = 2147483647 (custom)
2019-09-25 07:05:22,552 [pool-27-thread-1] INFO  server.RaftServerConfigKeys (ConfUtils.java:logGet(43)) - raft.server.log.queue.element-limit = 1024 (custom)
2019-09-25 07:05:22,552 [pool-27-thread-1] INFO  server.RaftServerConfigKeys (ConfUtils.java:logGet(43)) - raft.server.log.segment.size.max = 1048576 (custom)
2019-09-25 07:05:22,552 [pool-27-thread-1] INFO  server.RaftServerConfigKeys (ConfUtils.java:logGet(43)) - raft.server.log.preallocated.size = 16384 (custom)
2019-09-25 07:05:22,552 [pool-27-thread-1] INFO  server.RaftServerConfigKeys (ConfUtils.java:logGet(43)) - raft.server.log.write.buffer.size = 33554432 (custom)
2019-09-25 07:05:22,552 [pool-27-thread-1] INFO  server.RaftServerConfigKeys (ConfUtils.java:logGet(43)) - raft.server.log.force.sync.num = 128 (default)
2019-09-25 07:05:22,552 [pool-27-thread-1] INFO  server.RaftServerConfigKeys (ConfUtils.java:logGet(43)) - raft.server.log.statemachine.data.sync = true (default)
2019-09-25 07:05:22,553 [pool-27-thread-1] INFO  server.RaftServerConfigKeys (ConfUtils.java:logGet(43)) - raft.server.log.statemachine.data.sync.timeout = 10s (default)
2019-09-25 07:05:22,553 [pool-27-thread-1] INFO  server.RaftServerConfigKeys (ConfUtils.java:logGet(43)) - raft.server.log.statemachine.data.sync.timeout.retry = -1 (default)
2019-09-25 07:05:22,553 [pool-27-thread-1] INFO  server.RaftServerConfigKeys (ConfUtils.java:logGet(43)) - raft.server.log.statemachine.data.caching.enabled = true (custom)
2019-09-25 07:05:22,553 [pool-27-thread-1] INFO  segmented.SegmentedRaftLogWorker (SegmentedRaftLogWorker.java:lambda$new$0(132)) - e568d23f-199e-48ce-91e4-5c166e2e97cd@group-B3C7E0299CFE-SegmentedRaftLogWorker: flushIndex: setUnconditionally 0 -> -1
2019-09-25 07:05:22,553 [pool-27-thread-1] INFO  server.RaftServerConfigKeys (ConfUtils.java:logGet(43)) - raft.server.snapshot.auto.trigger.enabled = true (custom)
2019-09-25 07:05:22,554 [pool-27-thread-1] INFO  server.RaftServerConfigKeys (ConfUtils.java:logGet(43)) - raft.server.snapshot.auto.trigger.threshold = 10000 (custom)
2019-09-25 07:05:22,554 [pool-27-thread-1] INFO  server.RaftServerConfigKeys (ConfUtils.java:logGet(43)) - raft.server.snapshot.retention.num.files = 5 (custom)
2019-09-25 07:05:22,554 [pool-27-thread-1] INFO  server.RaftServerConfigKeys (ConfUtils.java:logGet(43)) - raft.server.retrycache.expirytime = 600000ms (custom)
2019-09-25 07:05:22,555 [pool-27-thread-1] INFO  impl.RaftServerImpl (RaftServerImpl.java:start(185)) - e568d23f-199e-48ce-91e4-5c166e2e97cd@group-B3C7E0299CFE: start as a follower, conf=-1: [e568d23f-199e-48ce-91e4-5c166e2e97cd:192.168.30.10:42827], old=null
2019-09-25 07:05:22,555 [pool-27-thread-1] INFO  impl.RaftServerImpl (RaftServerImpl.java:setRole(174)) - e568d23f-199e-48ce-91e4-5c166e2e97cd@group-B3C7E0299CFE: changes role from      null to FOLLOWER at term 0 for startAsFollower
2019-09-25 07:05:22,556 [pool-27-thread-1] INFO  impl.RoleInfo (RoleInfo.java:updateAndGet(143)) - e568d23f-199e-48ce-91e4-5c166e2e97cd: start FollowerState
2019-09-25 07:05:22,556 [pool-27-thread-1] INFO  util.JmxRegister (JmxRegister.java:tryRegister(44)) - Successfully registered JMX Bean with object name Ratis:service=RaftServer,group=group-B3C7E0299CFE,id=e568d23f-199e-48ce-91e4-5c166e2e97cd
2019-09-25 07:05:22,558 [RatisPipelineUtilsThread] INFO  pipeline.PipelineStateManager (PipelineStateManager.java:addPipeline(56)) - Created pipeline Pipeline[ Id: ce50da07-3931-4930-b39d-b3c7e0299cfe, Nodes: e568d23f-199e-48ce-91e4-5c166e2e97cd{ip: 192.168.30.10, host: pr-hdds-1569-s62bp-3040748787, networkLocation: /default-rack, certSerialId: null}, Type:RATIS, Factor:ONE, State:OPEN]
2019-09-25 07:05:22,562 [grpc-default-executor-5] INFO  impl.RaftServerProxy (RaftServerProxy.java:addNew(89)) - e568d23f-199e-48ce-91e4-5c166e2e97cd: addNew group-2630C89B8034:[e568d23f-199e-48ce-91e4-5c166e2e97cd:192.168.30.10:42827] returns group-2630C89B8034:java.util.concurrent.CompletableFuture@5084fe55[Not completed]
2019-09-25 07:05:22,562 [pool-27-thread-1] INFO  impl.RaftServerImpl (RaftServerImpl.java:<init>(95)) - e568d23f-199e-48ce-91e4-5c166e2e97cd: new RaftServerImpl for group-2630C89B8034:[e568d23f-199e-48ce-91e4-5c166e2e97cd:192.168.30.10:42827] with ContainerStateMachine:uninitialized
2019-09-25 07:05:22,563 [pool-27-thread-1] INFO  server.RaftServerConfigKeys (ConfUtils.java:logGet(43)) - raft.server.rpc.timeout.min = 5s (custom)
2019-09-25 07:05:22,563 [pool-27-thread-1] INFO  server.RaftServerConfigKeys (ConfUtils.java:logGet(43)) - raft.server.rpc.timeout.max = 5200ms (custom)
2019-09-25 07:05:22,563 [pool-27-thread-1] INFO  server.RaftServerConfigKeys (ConfUtils.java:logGet(43)) - raft.server.rpcslowness.timeout = 120s (custom)
2019-09-25 07:05:22,563 [pool-27-thread-1] INFO  server.RaftServerConfigKeys (ConfUtils.java:logGet(43)) - raft.server.sleep.deviation.threshold = 300 (default)
2019-09-25 07:05:22,563 [pool-27-thread-1] INFO  server.RaftServerConfigKeys (ConfUtils.java:logGet(43)) - raft.server.log.appender.install.snapshot.enabled = false (custom)
2019-09-25 07:05:22,563 [pool-27-thread-1] INFO  impl.RaftServerImpl (ServerState.java:<init>(103)) - e568d23f-199e-48ce-91e4-5c166e2e97cd@group-2630C89B8034: ConfigurationManager, init=-1: [e568d23f-199e-48ce-91e4-5c166e2e97cd:192.168.30.10:42827], old=null, confs=<EMPTY_MAP>
2019-09-25 07:05:22,563 [pool-27-thread-1] INFO  server.RaftServerConfigKeys (ConfUtils.java:logGet(43)) - raft.server.storage.dir = [/workdir/hadoop-ozone/integration-test/target/test-dir/MiniOzoneClusterImpl-39af9574-7a8b-4ed7-b830-bf686a3d4bb8/datanode-0/data/ratis] (custom)
2019-09-25 07:05:22,564 [pool-27-thread-1] INFO  storage.RaftStorageDirectory (RaftStorageDirectory.java:analyzeStorage(246)) - The storage directory /workdir/hadoop-ozone/integration-test/target/test-dir/MiniOzoneClusterImpl-39af9574-7a8b-4ed7-b830-bf686a3d4bb8/datanode-0/data/ratis/cd3896d5-9cb9-42b8-87c5-2630c89b8034 does not exist. Creating ...
2019-09-25 07:05:22,577 [pool-27-thread-1] INFO  storage.RaftStorageDirectory (RaftStorageDirectory.java:tryLock(328)) - Lock on /workdir/hadoop-ozone/integration-test/target/test-dir/MiniOzoneClusterImpl-39af9574-7a8b-4ed7-b830-bf686a3d4bb8/datanode-0/data/ratis/cd3896d5-9cb9-42b8-87c5-2630c89b8034/in_use.lock acquired by nodename 19495@pr-hdds-1569-s62bp-3040748787
2019-09-25 07:05:22,601 [pool-27-thread-1] INFO  storage.RaftStorage (RaftStorage.java:format(72)) - Storage directory /workdir/hadoop-ozone/integration-test/target/test-dir/MiniOzoneClusterImpl-39af9574-7a8b-4ed7-b830-bf686a3d4bb8/datanode-0/data/ratis/cd3896d5-9cb9-42b8-87c5-2630c89b8034 has been successfully formatted.
2019-09-25 07:05:22,601 [pool-27-thread-1] INFO  ratis.ContainerStateMachine (ContainerStateMachine.java:loadSnapshot(230)) - group-2630C89B8034: The snapshot info is null. Setting the last applied indexto:(t:0, i:~)
2019-09-25 07:05:22,601 [pool-27-thread-1] INFO  server.RaftServerConfigKeys (ConfUtils.java:logGet(43)) - raft.server.notification.no-leader.timeout = 120s (custom)
2019-09-25 07:05:22,601 [pool-27-thread-1] INFO  server.RaftServerConfigKeys (ConfUtils.java:logGet(43)) - raft.server.log.use.memory = false (default)
2019-09-25 07:05:22,602 [pool-27-thread-1] INFO  server.RaftServerConfigKeys (ConfUtils.java:logGet(43)) - raft.server.log.purge.gap = 1000000 (custom)
2019-09-25 07:05:22,602 [pool-27-thread-1] INFO  server.RaftServerConfigKeys (ConfUtils.java:logGet(43)) - raft.server.log.appender.buffer.byte-limit = 33554432 (custom)
2019-09-25 07:05:22,602 [pool-27-thread-1] INFO  server.RaftServerConfigKeys (ConfUtils.java:logGet(43)) - raft.server.log.segment.size.max = 1048576 (custom)
2019-09-25 07:05:22,602 [pool-27-thread-1] INFO  server.RaftServerConfigKeys (ConfUtils.java:logGet(43)) - raft.server.log.segment.cache.num.max = 2 (custom)
2019-09-25 07:05:22,602 [pool-27-thread-1] INFO  segmented.SegmentedRaftLogWorker (SegmentedRaftLogWorker.java:<init>(172)) - new e568d23f-199e-48ce-91e4-5c166e2e97cd@group-2630C89B8034-SegmentedRaftLogWorker for RaftStorage:Storage Directory /workdir/hadoop-ozone/integration-test/target/test-dir/MiniOzoneClusterImpl-39af9574-7a8b-4ed7-b830-bf686a3d4bb8/datanode-0/data/ratis/cd3896d5-9cb9-42b8-87c5-2630c89b8034
2019-09-25 07:05:22,602 [pool-27-thread-1] INFO  server.RaftServerConfigKeys (ConfUtils.java:logGet(43)) - raft.server.log.queue.byte-limit = 2147483647 (custom)
2019-09-25 07:05:22,602 [pool-27-thread-1] INFO  server.RaftServerConfigKeys (ConfUtils.java:logGet(43)) - raft.server.log.queue.element-limit = 1024 (custom)
2019-09-25 07:05:22,603 [pool-27-thread-1] INFO  server.RaftServerConfigKeys (ConfUtils.java:logGet(43)) - raft.server.log.segment.size.max = 1048576 (custom)
2019-09-25 07:05:22,603 [pool-27-thread-1] INFO  server.RaftServerConfigKeys (ConfUtils.java:logGet(43)) - raft.server.log.preallocated.size = 16384 (custom)
2019-09-25 07:05:22,603 [pool-27-thread-1] INFO  server.RaftServerConfigKeys (ConfUtils.java:logGet(43)) - raft.server.log.write.buffer.size = 33554432 (custom)
2019-09-25 07:05:22,603 [pool-27-thread-1] INFO  server.RaftServerConfigKeys (ConfUtils.java:logGet(43)) - raft.server.log.force.sync.num = 128 (default)
2019-09-25 07:05:22,603 [pool-27-thread-1] INFO  server.RaftServerConfigKeys (ConfUtils.java:logGet(43)) - raft.server.log.statemachine.data.sync = true (default)
2019-09-25 07:05:22,603 [pool-27-thread-1] INFO  server.RaftServerConfigKeys (ConfUtils.java:logGet(43)) - raft.server.log.statemachine.data.sync.timeout = 10s (default)
2019-09-25 07:05:22,603 [pool-27-thread-1] INFO  server.RaftServerConfigKeys (ConfUtils.java:logGet(43)) - raft.server.log.statemachine.data.sync.timeout.retry = -1 (default)
2019-09-25 07:05:22,604 [pool-27-thread-1] INFO  server.RaftServerConfigKeys (ConfUtils.java:logGet(43)) - raft.server.log.statemachine.data.caching.enabled = true (custom)
2019-09-25 07:05:22,604 [pool-27-thread-1] INFO  segmented.SegmentedRaftLogWorker (SegmentedRaftLogWorker.java:lambda$new$0(132)) - e568d23f-199e-48ce-91e4-5c166e2e97cd@group-2630C89B8034-SegmentedRaftLogWorker: flushIndex: setUnconditionally 0 -> -1
2019-09-25 07:05:22,604 [pool-27-thread-1] INFO  server.RaftServerConfigKeys (ConfUtils.java:logGet(43)) - raft.server.snapshot.auto.trigger.enabled = true (custom)
2019-09-25 07:05:22,604 [pool-27-thread-1] INFO  server.RaftServerConfigKeys (ConfUtils.java:logGet(43)) - raft.server.snapshot.auto.trigger.threshold = 10000 (custom)
2019-09-25 07:05:22,604 [pool-27-thread-1] INFO  server.RaftServerConfigKeys (ConfUtils.java:logGet(43)) - raft.server.snapshot.retention.num.files = 5 (custom)
2019-09-25 07:05:22,605 [pool-27-thread-1] INFO  server.RaftServerConfigKeys (ConfUtils.java:logGet(43)) - raft.server.retrycache.expirytime = 600000ms (custom)
2019-09-25 07:05:22,606 [pool-27-thread-1] INFO  impl.RaftServerImpl (RaftServerImpl.java:start(185)) - e568d23f-199e-48ce-91e4-5c166e2e97cd@group-2630C89B8034: start as a follower, conf=-1: [e568d23f-199e-48ce-91e4-5c166e2e97cd:192.168.30.10:42827], old=null
2019-09-25 07:05:22,606 [pool-27-thread-1] INFO  impl.RaftServerImpl (RaftServerImpl.java:setRole(174)) - e568d23f-199e-48ce-91e4-5c166e2e97cd@group-2630C89B8034: changes role from      null to FOLLOWER at term 0 for startAsFollower
2019-09-25 07:05:22,607 [pool-27-thread-1] INFO  impl.RoleInfo (RoleInfo.java:updateAndGet(143)) - e568d23f-199e-48ce-91e4-5c166e2e97cd: start FollowerState
2019-09-25 07:05:22,607 [pool-27-thread-1] INFO  util.JmxRegister (JmxRegister.java:tryRegister(44)) - Successfully registered JMX Bean with object name Ratis:service=RaftServer,group=group-2630C89B8034,id=e568d23f-199e-48ce-91e4-5c166e2e97cd
2019-09-25 07:05:22,609 [RatisPipelineUtilsThread] INFO  pipeline.PipelineStateManager (PipelineStateManager.java:addPipeline(56)) - Created pipeline Pipeline[ Id: cd3896d5-9cb9-42b8-87c5-2630c89b8034, Nodes: e568d23f-199e-48ce-91e4-5c166e2e97cd{ip: 192.168.30.10, host: pr-hdds-1569-s62bp-3040748787, networkLocation: /default-rack, certSerialId: null}, Type:RATIS, Factor:ONE, State:OPEN]
2019-09-25 07:05:22,612 [grpc-default-executor-5] INFO  impl.RaftServerProxy (RaftServerProxy.java:addNew(89)) - e568d23f-199e-48ce-91e4-5c166e2e97cd: addNew group-1B0FDD6F4459:[e568d23f-199e-48ce-91e4-5c166e2e97cd:192.168.30.10:42827] returns group-1B0FDD6F4459:java.util.concurrent.CompletableFuture@9da5c2d[Not completed]
2019-09-25 07:05:22,613 [pool-27-thread-1] INFO  impl.RaftServerImpl (RaftServerImpl.java:<init>(95)) - e568d23f-199e-48ce-91e4-5c166e2e97cd: new RaftServerImpl for group-1B0FDD6F4459:[e568d23f-199e-48ce-91e4-5c166e2e97cd:192.168.30.10:42827] with ContainerStateMachine:uninitialized
2019-09-25 07:05:22,613 [pool-27-thread-1] INFO  server.RaftServerConfigKeys (ConfUtils.java:logGet(43)) - raft.server.rpc.timeout.min = 5s (custom)
2019-09-25 07:05:22,614 [pool-27-thread-1] INFO  server.RaftServerConfigKeys (ConfUtils.java:logGet(43)) - raft.server.rpc.timeout.max = 5200ms (custom)
2019-09-25 07:05:22,614 [pool-27-thread-1] INFO  server.RaftServerConfigKeys (ConfUtils.java:logGet(43)) - raft.server.rpcslowness.timeout = 120s (custom)
2019-09-25 07:05:22,614 [pool-27-thread-1] INFO  server.RaftServerConfigKeys (ConfUtils.java:logGet(43)) - raft.server.sleep.deviation.threshold = 300 (default)
2019-09-25 07:05:22,614 [pool-27-thread-1] INFO  server.RaftServerConfigKeys (ConfUtils.java:logGet(43)) - raft.server.log.appender.install.snapshot.enabled = false (custom)
2019-09-25 07:05:22,614 [pool-27-thread-1] INFO  impl.RaftServerImpl (ServerState.java:<init>(103)) - e568d23f-199e-48ce-91e4-5c166e2e97cd@group-1B0FDD6F4459: ConfigurationManager, init=-1: [e568d23f-199e-48ce-91e4-5c166e2e97cd:192.168.30.10:42827], old=null, confs=<EMPTY_MAP>
2019-09-25 07:05:22,614 [pool-27-thread-1] INFO  server.RaftServerConfigKeys (ConfUtils.java:logGet(43)) - raft.server.storage.dir = [/workdir/hadoop-ozone/integration-test/target/test-dir/MiniOzoneClusterImpl-39af9574-7a8b-4ed7-b830-bf686a3d4bb8/datanode-0/data/ratis] (custom)
2019-09-25 07:05:22,615 [pool-27-thread-1] INFO  storage.RaftStorageDirectory (RaftStorageDirectory.java:analyzeStorage(246)) - The storage directory /workdir/hadoop-ozone/integration-test/target/test-dir/MiniOzoneClusterImpl-39af9574-7a8b-4ed7-b830-bf686a3d4bb8/datanode-0/data/ratis/6c84c5dc-4d69-416a-970e-1b0fdd6f4459 does not exist. Creating ...
2019-09-25 07:05:22,628 [pool-27-thread-1] INFO  storage.RaftStorageDirectory (RaftStorageDirectory.java:tryLock(328)) - Lock on /workdir/hadoop-ozone/integration-test/target/test-dir/MiniOzoneClusterImpl-39af9574-7a8b-4ed7-b830-bf686a3d4bb8/datanode-0/data/ratis/6c84c5dc-4d69-416a-970e-1b0fdd6f4459/in_use.lock acquired by nodename 19495@pr-hdds-1569-s62bp-3040748787
2019-09-25 07:05:22,640 [pool-27-thread-1] INFO  storage.RaftStorage (RaftStorage.java:format(72)) - Storage directory /workdir/hadoop-ozone/integration-test/target/test-dir/MiniOzoneClusterImpl-39af9574-7a8b-4ed7-b830-bf686a3d4bb8/datanode-0/data/ratis/6c84c5dc-4d69-416a-970e-1b0fdd6f4459 has been successfully formatted.
2019-09-25 07:05:22,640 [pool-27-thread-1] INFO  ratis.ContainerStateMachine (ContainerStateMachine.java:loadSnapshot(230)) - group-1B0FDD6F4459: The snapshot info is null. Setting the last applied indexto:(t:0, i:~)
2019-09-25 07:05:22,640 [pool-27-thread-1] INFO  server.RaftServerConfigKeys (ConfUtils.java:logGet(43)) - raft.server.notification.no-leader.timeout = 120s (custom)
2019-09-25 07:05:22,641 [pool-27-thread-1] INFO  server.RaftServerConfigKeys (ConfUtils.java:logGet(43)) - raft.server.log.use.memory = false (default)
2019-09-25 07:05:22,641 [pool-27-thread-1] INFO  server.RaftServerConfigKeys (ConfUtils.java:logGet(43)) - raft.server.log.purge.gap = 1000000 (custom)
2019-09-25 07:05:22,641 [pool-27-thread-1] INFO  server.RaftServerConfigKeys (ConfUtils.java:logGet(43)) - raft.server.log.appender.buffer.byte-limit = 33554432 (custom)
2019-09-25 07:05:22,641 [pool-27-thread-1] INFO  server.RaftServerConfigKeys (ConfUtils.java:logGet(43)) - raft.server.log.segment.size.max = 1048576 (custom)
2019-09-25 07:05:22,641 [pool-27-thread-1] INFO  server.RaftServerConfigKeys (ConfUtils.java:logGet(43)) - raft.server.log.segment.cache.num.max = 2 (custom)
2019-09-25 07:05:22,641 [pool-27-thread-1] INFO  segmented.SegmentedRaftLogWorker (SegmentedRaftLogWorker.java:<init>(172)) - new e568d23f-199e-48ce-91e4-5c166e2e97cd@group-1B0FDD6F4459-SegmentedRaftLogWorker for RaftStorage:Storage Directory /workdir/hadoop-ozone/integration-test/target/test-dir/MiniOzoneClusterImpl-39af9574-7a8b-4ed7-b830-bf686a3d4bb8/datanode-0/data/ratis/6c84c5dc-4d69-416a-970e-1b0fdd6f4459
2019-09-25 07:05:22,641 [pool-27-thread-1] INFO  server.RaftServerConfigKeys (ConfUtils.java:logGet(43)) - raft.server.log.queue.byte-limit = 2147483647 (custom)
2019-09-25 07:05:22,642 [pool-27-thread-1] INFO  server.RaftServerConfigKeys (ConfUtils.java:logGet(43)) - raft.server.log.queue.element-limit = 1024 (custom)
2019-09-25 07:05:22,642 [pool-27-thread-1] INFO  server.RaftServerConfigKeys (ConfUtils.java:logGet(43)) - raft.server.log.segment.size.max = 1048576 (custom)
2019-09-25 07:05:22,642 [pool-27-thread-1] INFO  server.RaftServerConfigKeys (ConfUtils.java:logGet(43)) - raft.server.log.preallocated.size = 16384 (custom)
2019-09-25 07:05:22,642 [pool-27-thread-1] INFO  server.RaftServerConfigKeys (ConfUtils.java:logGet(43)) - raft.server.log.write.buffer.size = 33554432 (custom)
2019-09-25 07:05:22,642 [pool-27-thread-1] INFO  server.RaftServerConfigKeys (ConfUtils.java:logGet(43)) - raft.server.log.force.sync.num = 128 (default)
2019-09-25 07:05:22,642 [pool-27-thread-1] INFO  server.RaftServerConfigKeys (ConfUtils.java:logGet(43)) - raft.server.log.statemachine.data.sync = true (default)
2019-09-25 07:05:22,642 [pool-27-thread-1] INFO  server.RaftServerConfigKeys (ConfUtils.java:logGet(43)) - raft.server.log.statemachine.data.sync.timeout = 10s (default)
2019-09-25 07:05:22,643 [pool-27-thread-1] INFO  server.RaftServerConfigKeys (ConfUtils.java:logGet(43)) - raft.server.log.statemachine.data.sync.timeout.retry = -1 (default)
2019-09-25 07:05:22,643 [pool-27-thread-1] INFO  server.RaftServerConfigKeys (ConfUtils.java:logGet(43)) - raft.server.log.statemachine.data.caching.enabled = true (custom)
2019-09-25 07:05:22,643 [pool-27-thread-1] INFO  segmented.SegmentedRaftLogWorker (SegmentedRaftLogWorker.java:lambda$new$0(132)) - e568d23f-199e-48ce-91e4-5c166e2e97cd@group-1B0FDD6F4459-SegmentedRaftLogWorker: flushIndex: setUnconditionally 0 -> -1
2019-09-25 07:05:22,643 [pool-27-thread-1] INFO  server.RaftServerConfigKeys (ConfUtils.java:logGet(43)) - raft.server.snapshot.auto.trigger.enabled = true (custom)
2019-09-25 07:05:22,643 [pool-27-thread-1] INFO  server.RaftServerConfigKeys (ConfUtils.java:logGet(43)) - raft.server.snapshot.auto.trigger.threshold = 10000 (custom)
2019-09-25 07:05:22,644 [pool-27-thread-1] INFO  server.RaftServerConfigKeys (ConfUtils.java:logGet(43)) - raft.server.snapshot.retention.num.files = 5 (custom)
2019-09-25 07:05:22,644 [pool-27-thread-1] INFO  server.RaftServerConfigKeys (ConfUtils.java:logGet(43)) - raft.server.retrycache.expirytime = 600000ms (custom)
2019-09-25 07:05:22,646 [pool-27-thread-1] INFO  impl.RaftServerImpl (RaftServerImpl.java:start(185)) - e568d23f-199e-48ce-91e4-5c166e2e97cd@group-1B0FDD6F4459: start as a follower, conf=-1: [e568d23f-199e-48ce-91e4-5c166e2e97cd:192.168.30.10:42827], old=null
2019-09-25 07:05:22,646 [pool-27-thread-1] INFO  impl.RaftServerImpl (RaftServerImpl.java:setRole(174)) - e568d23f-199e-48ce-91e4-5c166e2e97cd@group-1B0FDD6F4459: changes role from      null to FOLLOWER at term 0 for startAsFollower
2019-09-25 07:05:22,646 [pool-27-thread-1] INFO  impl.RoleInfo (RoleInfo.java:updateAndGet(143)) - e568d23f-199e-48ce-91e4-5c166e2e97cd: start FollowerState
2019-09-25 07:05:22,646 [pool-27-thread-1] INFO  util.JmxRegister (JmxRegister.java:tryRegister(44)) - Successfully registered JMX Bean with object name Ratis:service=RaftServer,group=group-1B0FDD6F4459,id=e568d23f-199e-48ce-91e4-5c166e2e97cd
2019-09-25 07:05:22,648 [RatisPipelineUtilsThread] INFO  pipeline.PipelineStateManager (PipelineStateManager.java:addPipeline(56)) - Created pipeline Pipeline[ Id: 6c84c5dc-4d69-416a-970e-1b0fdd6f4459, Nodes: e568d23f-199e-48ce-91e4-5c166e2e97cd{ip: 192.168.30.10, host: pr-hdds-1569-s62bp-3040748787, networkLocation: /default-rack, certSerialId: null}, Type:RATIS, Factor:ONE, State:OPEN]
2019-09-25 07:05:22,652 [grpc-default-executor-5] INFO  impl.RaftServerProxy (RaftServerProxy.java:addNew(89)) - e568d23f-199e-48ce-91e4-5c166e2e97cd: addNew group-5E7E48703C4C:[e568d23f-199e-48ce-91e4-5c166e2e97cd:192.168.30.10:42827] returns group-5E7E48703C4C:java.util.concurrent.CompletableFuture@26e53eed[Not completed]
2019-09-25 07:05:22,653 [pool-27-thread-1] INFO  impl.RaftServerImpl (RaftServerImpl.java:<init>(95)) - e568d23f-199e-48ce-91e4-5c166e2e97cd: new RaftServerImpl for group-5E7E48703C4C:[e568d23f-199e-48ce-91e4-5c166e2e97cd:192.168.30.10:42827] with ContainerStateMachine:uninitialized
2019-09-25 07:05:22,654 [pool-27-thread-1] INFO  server.RaftServerConfigKeys (ConfUtils.java:logGet(43)) - raft.server.rpc.timeout.min = 5s (custom)
2019-09-25 07:05:22,654 [pool-27-thread-1] INFO  server.RaftServerConfigKeys (ConfUtils.java:logGet(43)) - raft.server.rpc.timeout.max = 5200ms (custom)
2019-09-25 07:05:22,654 [pool-27-thread-1] INFO  server.RaftServerConfigKeys (ConfUtils.java:logGet(43)) - raft.server.rpcslowness.timeout = 120s (custom)
2019-09-25 07:05:22,654 [pool-27-thread-1] INFO  server.RaftServerConfigKeys (ConfUtils.java:logGet(43)) - raft.server.sleep.deviation.threshold = 300 (default)
2019-09-25 07:05:22,654 [pool-27-thread-1] INFO  server.RaftServerConfigKeys (ConfUtils.java:logGet(43)) - raft.server.log.appender.install.snapshot.enabled = false (custom)
2019-09-25 07:05:22,654 [pool-27-thread-1] INFO  impl.RaftServerImpl (ServerState.java:<init>(103)) - e568d23f-199e-48ce-91e4-5c166e2e97cd@group-5E7E48703C4C: ConfigurationManager, init=-1: [e568d23f-199e-48ce-91e4-5c166e2e97cd:192.168.30.10:42827], old=null, confs=<EMPTY_MAP>
2019-09-25 07:05:22,654 [pool-27-thread-1] INFO  server.RaftServerConfigKeys (ConfUtils.java:logGet(43)) - raft.server.storage.dir = [/workdir/hadoop-ozone/integration-test/target/test-dir/MiniOzoneClusterImpl-39af9574-7a8b-4ed7-b830-bf686a3d4bb8/datanode-0/data/ratis] (custom)
2019-09-25 07:05:22,655 [pool-27-thread-1] INFO  storage.RaftStorageDirectory (RaftStorageDirectory.java:analyzeStorage(246)) - The storage directory /workdir/hadoop-ozone/integration-test/target/test-dir/MiniOzoneClusterImpl-39af9574-7a8b-4ed7-b830-bf686a3d4bb8/datanode-0/data/ratis/5b4b1694-c98f-4a73-873c-5e7e48703c4c does not exist. Creating ...
2019-09-25 07:05:22,669 [pool-27-thread-1] INFO  storage.RaftStorageDirectory (RaftStorageDirectory.java:tryLock(328)) - Lock on /workdir/hadoop-ozone/integration-test/target/test-dir/MiniOzoneClusterImpl-39af9574-7a8b-4ed7-b830-bf686a3d4bb8/datanode-0/data/ratis/5b4b1694-c98f-4a73-873c-5e7e48703c4c/in_use.lock acquired by nodename 19495@pr-hdds-1569-s62bp-3040748787
2019-09-25 07:05:22,682 [pool-27-thread-1] INFO  storage.RaftStorage (RaftStorage.java:format(72)) - Storage directory /workdir/hadoop-ozone/integration-test/target/test-dir/MiniOzoneClusterImpl-39af9574-7a8b-4ed7-b830-bf686a3d4bb8/datanode-0/data/ratis/5b4b1694-c98f-4a73-873c-5e7e48703c4c has been successfully formatted.
2019-09-25 07:05:22,682 [pool-27-thread-1] INFO  ratis.ContainerStateMachine (ContainerStateMachine.java:loadSnapshot(230)) - group-5E7E48703C4C: The snapshot info is null. Setting the last applied indexto:(t:0, i:~)
2019-09-25 07:05:22,682 [pool-27-thread-1] INFO  server.RaftServerConfigKeys (ConfUtils.java:logGet(43)) - raft.server.notification.no-leader.timeout = 120s (custom)
2019-09-25 07:05:22,683 [pool-27-thread-1] INFO  server.RaftServerConfigKeys (ConfUtils.java:logGet(43)) - raft.server.log.use.memory = false (default)
2019-09-25 07:05:22,683 [pool-27-thread-1] INFO  server.RaftServerConfigKeys (ConfUtils.java:logGet(43)) - raft.server.log.purge.gap = 1000000 (custom)
2019-09-25 07:05:22,683 [pool-27-thread-1] INFO  server.RaftServerConfigKeys (ConfUtils.java:logGet(43)) - raft.server.log.appender.buffer.byte-limit = 33554432 (custom)
2019-09-25 07:05:22,683 [pool-27-thread-1] INFO  server.RaftServerConfigKeys (ConfUtils.java:logGet(43)) - raft.server.log.segment.size.max = 1048576 (custom)
2019-09-25 07:05:22,683 [pool-27-thread-1] INFO  server.RaftServerConfigKeys (ConfUtils.java:logGet(43)) - raft.server.log.segment.cache.num.max = 2 (custom)
2019-09-25 07:05:22,683 [pool-27-thread-1] INFO  segmented.SegmentedRaftLogWorker (SegmentedRaftLogWorker.java:<init>(172)) - new e568d23f-199e-48ce-91e4-5c166e2e97cd@group-5E7E48703C4C-SegmentedRaftLogWorker for RaftStorage:Storage Directory /workdir/hadoop-ozone/integration-test/target/test-dir/MiniOzoneClusterImpl-39af9574-7a8b-4ed7-b830-bf686a3d4bb8/datanode-0/data/ratis/5b4b1694-c98f-4a73-873c-5e7e48703c4c
2019-09-25 07:05:22,683 [pool-27-thread-1] INFO  server.RaftServerConfigKeys (ConfUtils.java:logGet(43)) - raft.server.log.queue.byte-limit = 2147483647 (custom)
2019-09-25 07:05:22,684 [pool-27-thread-1] INFO  server.RaftServerConfigKeys (ConfUtils.java:logGet(43)) - raft.server.log.queue.element-limit = 1024 (custom)
2019-09-25 07:05:22,684 [pool-27-thread-1] INFO  server.RaftServerConfigKeys (ConfUtils.java:logGet(43)) - raft.server.log.segment.size.max = 1048576 (custom)
2019-09-25 07:05:22,684 [pool-27-thread-1] INFO  server.RaftServerConfigKeys (ConfUtils.java:logGet(43)) - raft.server.log.preallocated.size = 16384 (custom)
2019-09-25 07:05:22,684 [pool-27-thread-1] INFO  server.RaftServerConfigKeys (ConfUtils.java:logGet(43)) - raft.server.log.write.buffer.size = 33554432 (custom)
2019-09-25 07:05:22,684 [pool-27-thread-1] INFO  server.RaftServerConfigKeys (ConfUtils.java:logGet(43)) - raft.server.log.force.sync.num = 128 (default)
2019-09-25 07:05:22,684 [pool-27-thread-1] INFO  server.RaftServerConfigKeys (ConfUtils.java:logGet(43)) - raft.server.log.statemachine.data.sync = true (default)
2019-09-25 07:05:22,684 [pool-27-thread-1] INFO  server.RaftServerConfigKeys (ConfUtils.java:logGet(43)) - raft.server.log.statemachine.data.sync.timeout = 10s (default)
2019-09-25 07:05:22,685 [pool-27-thread-1] INFO  server.RaftServerConfigKeys (ConfUtils.java:logGet(43)) - raft.server.log.statemachine.data.sync.timeout.retry = -1 (default)
2019-09-25 07:05:22,685 [pool-27-thread-1] INFO  server.RaftServerConfigKeys (ConfUtils.java:logGet(43)) - raft.server.log.statemachine.data.caching.enabled = true (custom)
2019-09-25 07:05:22,685 [pool-27-thread-1] INFO  segmented.SegmentedRaftLogWorker (SegmentedRaftLogWorker.java:lambda$new$0(132)) - e568d23f-199e-48ce-91e4-5c166e2e97cd@group-5E7E48703C4C-SegmentedRaftLogWorker: flushIndex: setUnconditionally 0 -> -1
2019-09-25 07:05:22,685 [pool-27-thread-1] INFO  server.RaftServerConfigKeys (ConfUtils.java:logGet(43)) - raft.server.snapshot.auto.trigger.enabled = true (custom)
2019-09-25 07:05:22,685 [pool-27-thread-1] INFO  server.RaftServerConfigKeys (ConfUtils.java:logGet(43)) - raft.server.snapshot.auto.trigger.threshold = 10000 (custom)
2019-09-25 07:05:22,686 [pool-27-thread-1] INFO  server.RaftServerConfigKeys (ConfUtils.java:logGet(43)) - raft.server.snapshot.retention.num.files = 5 (custom)
2019-09-25 07:05:22,686 [pool-27-thread-1] INFO  server.RaftServerConfigKeys (ConfUtils.java:logGet(43)) - raft.server.retrycache.expirytime = 600000ms (custom)
2019-09-25 07:05:22,688 [pool-27-thread-1] INFO  impl.RaftServerImpl (RaftServerImpl.java:start(185)) - e568d23f-199e-48ce-91e4-5c166e2e97cd@group-5E7E48703C4C: start as a follower, conf=-1: [e568d23f-199e-48ce-91e4-5c166e2e97cd:192.168.30.10:42827], old=null
2019-09-25 07:05:22,688 [pool-27-thread-1] INFO  impl.RaftServerImpl (RaftServerImpl.java:setRole(174)) - e568d23f-199e-48ce-91e4-5c166e2e97cd@group-5E7E48703C4C: changes role from      null to FOLLOWER at term 0 for startAsFollower
2019-09-25 07:05:22,688 [pool-27-thread-1] INFO  impl.RoleInfo (RoleInfo.java:updateAndGet(143)) - e568d23f-199e-48ce-91e4-5c166e2e97cd: start FollowerState
2019-09-25 07:05:22,688 [pool-27-thread-1] INFO  util.JmxRegister (JmxRegister.java:tryRegister(44)) - Successfully registered JMX Bean with object name Ratis:service=RaftServer,group=group-5E7E48703C4C,id=e568d23f-199e-48ce-91e4-5c166e2e97cd
2019-09-25 07:05:22,691 [RatisPipelineUtilsThread] INFO  pipeline.PipelineStateManager (PipelineStateManager.java:addPipeline(56)) - Created pipeline Pipeline[ Id: 5b4b1694-c98f-4a73-873c-5e7e48703c4c, Nodes: e568d23f-199e-48ce-91e4-5c166e2e97cd{ip: 192.168.30.10, host: pr-hdds-1569-s62bp-3040748787, networkLocation: /default-rack, certSerialId: null}, Type:RATIS, Factor:ONE, State:OPEN]
2019-09-25 07:05:22,698 [grpc-default-executor-5] INFO  impl.RaftServerProxy (RaftServerProxy.java:addNew(89)) - e568d23f-199e-48ce-91e4-5c166e2e97cd: addNew group-74BF1704E330:[e568d23f-199e-48ce-91e4-5c166e2e97cd:192.168.30.10:42827] returns group-74BF1704E330:java.util.concurrent.CompletableFuture@5d7a9136[Not completed]
2019-09-25 07:05:22,700 [pool-27-thread-1] INFO  impl.RaftServerImpl (RaftServerImpl.java:<init>(95)) - e568d23f-199e-48ce-91e4-5c166e2e97cd: new RaftServerImpl for group-74BF1704E330:[e568d23f-199e-48ce-91e4-5c166e2e97cd:192.168.30.10:42827] with ContainerStateMachine:uninitialized
2019-09-25 07:05:22,700 [pool-27-thread-1] INFO  server.RaftServerConfigKeys (ConfUtils.java:logGet(43)) - raft.server.rpc.timeout.min = 5s (custom)
2019-09-25 07:05:22,700 [pool-27-thread-1] INFO  server.RaftServerConfigKeys (ConfUtils.java:logGet(43)) - raft.server.rpc.timeout.max = 5200ms (custom)
2019-09-25 07:05:22,700 [pool-27-thread-1] INFO  server.RaftServerConfigKeys (ConfUtils.java:logGet(43)) - raft.server.rpcslowness.timeout = 120s (custom)
2019-09-25 07:05:22,700 [pool-27-thread-1] INFO  server.RaftServerConfigKeys (ConfUtils.java:logGet(43)) - raft.server.sleep.deviation.threshold = 300 (default)
2019-09-25 07:05:22,701 [pool-27-thread-1] INFO  server.RaftServerConfigKeys (ConfUtils.java:logGet(43)) - raft.server.log.appender.install.snapshot.enabled = false (custom)
2019-09-25 07:05:22,701 [pool-27-thread-1] INFO  impl.RaftServerImpl (ServerState.java:<init>(103)) - e568d23f-199e-48ce-91e4-5c166e2e97cd@group-74BF1704E330: ConfigurationManager, init=-1: [e568d23f-199e-48ce-91e4-5c166e2e97cd:192.168.30.10:42827], old=null, confs=<EMPTY_MAP>
2019-09-25 07:05:22,701 [pool-27-thread-1] INFO  server.RaftServerConfigKeys (ConfUtils.java:logGet(43)) - raft.server.storage.dir = [/workdir/hadoop-ozone/integration-test/target/test-dir/MiniOzoneClusterImpl-39af9574-7a8b-4ed7-b830-bf686a3d4bb8/datanode-0/data/ratis] (custom)
2019-09-25 07:05:22,701 [pool-27-thread-1] INFO  storage.RaftStorageDirectory (RaftStorageDirectory.java:analyzeStorage(246)) - The storage directory /workdir/hadoop-ozone/integration-test/target/test-dir/MiniOzoneClusterImpl-39af9574-7a8b-4ed7-b830-bf686a3d4bb8/datanode-0/data/ratis/1eb843b9-caa7-4a55-b38f-74bf1704e330 does not exist. Creating ...
2019-09-25 07:05:22,714 [pool-27-thread-1] INFO  storage.RaftStorageDirectory (RaftStorageDirectory.java:tryLock(328)) - Lock on /workdir/hadoop-ozone/integration-test/target/test-dir/MiniOzoneClusterImpl-39af9574-7a8b-4ed7-b830-bf686a3d4bb8/datanode-0/data/ratis/1eb843b9-caa7-4a55-b38f-74bf1704e330/in_use.lock acquired by nodename 19495@pr-hdds-1569-s62bp-3040748787
2019-09-25 07:05:22,727 [pool-27-thread-1] INFO  storage.RaftStorage (RaftStorage.java:format(72)) - Storage directory /workdir/hadoop-ozone/integration-test/target/test-dir/MiniOzoneClusterImpl-39af9574-7a8b-4ed7-b830-bf686a3d4bb8/datanode-0/data/ratis/1eb843b9-caa7-4a55-b38f-74bf1704e330 has been successfully formatted.
2019-09-25 07:05:22,728 [pool-27-thread-1] INFO  ratis.ContainerStateMachine (ContainerStateMachine.java:loadSnapshot(230)) - group-74BF1704E330: The snapshot info is null. Setting the last applied indexto:(t:0, i:~)
2019-09-25 07:05:22,728 [pool-27-thread-1] INFO  server.RaftServerConfigKeys (ConfUtils.java:logGet(43)) - raft.server.notification.no-leader.timeout = 120s (custom)
2019-09-25 07:05:22,728 [pool-27-thread-1] INFO  server.RaftServerConfigKeys (ConfUtils.java:logGet(43)) - raft.server.log.use.memory = false (default)
2019-09-25 07:05:22,728 [pool-27-thread-1] INFO  server.RaftServerConfigKeys (ConfUtils.java:logGet(43)) - raft.server.log.purge.gap = 1000000 (custom)
2019-09-25 07:05:22,728 [pool-27-thread-1] INFO  server.RaftServerConfigKeys (ConfUtils.java:logGet(43)) - raft.server.log.appender.buffer.byte-limit = 33554432 (custom)
2019-09-25 07:05:22,728 [pool-27-thread-1] INFO  server.RaftServerConfigKeys (ConfUtils.java:logGet(43)) - raft.server.log.segment.size.max = 1048576 (custom)
2019-09-25 07:05:22,728 [pool-27-thread-1] INFO  server.RaftServerConfigKeys (ConfUtils.java:logGet(43)) - raft.server.log.segment.cache.num.max = 2 (custom)
2019-09-25 07:05:22,729 [pool-27-thread-1] INFO  segmented.SegmentedRaftLogWorker (SegmentedRaftLogWorker.java:<init>(172)) - new e568d23f-199e-48ce-91e4-5c166e2e97cd@group-74BF1704E330-SegmentedRaftLogWorker for RaftStorage:Storage Directory /workdir/hadoop-ozone/integration-test/target/test-dir/MiniOzoneClusterImpl-39af9574-7a8b-4ed7-b830-bf686a3d4bb8/datanode-0/data/ratis/1eb843b9-caa7-4a55-b38f-74bf1704e330
2019-09-25 07:05:22,729 [pool-27-thread-1] INFO  server.RaftServerConfigKeys (ConfUtils.java:logGet(43)) - raft.server.log.queue.byte-limit = 2147483647 (custom)
2019-09-25 07:05:22,729 [pool-27-thread-1] INFO  server.RaftServerConfigKeys (ConfUtils.java:logGet(43)) - raft.server.log.queue.element-limit = 1024 (custom)
2019-09-25 07:05:22,729 [pool-27-thread-1] INFO  server.RaftServerConfigKeys (ConfUtils.java:logGet(43)) - raft.server.log.segment.size.max = 1048576 (custom)
2019-09-25 07:05:22,729 [pool-27-thread-1] INFO  server.RaftServerConfigKeys (ConfUtils.java:logGet(43)) - raft.server.log.preallocated.size = 16384 (custom)
2019-09-25 07:05:22,729 [pool-27-thread-1] INFO  server.RaftServerConfigKeys (ConfUtils.java:logGet(43)) - raft.server.log.write.buffer.size = 33554432 (custom)
2019-09-25 07:05:22,730 [pool-27-thread-1] INFO  server.RaftServerConfigKeys (ConfUtils.java:logGet(43)) - raft.server.log.force.sync.num = 128 (default)
2019-09-25 07:05:22,730 [pool-27-thread-1] INFO  server.RaftServerConfigKeys (ConfUtils.java:logGet(43)) - raft.server.log.statemachine.data.sync = true (default)
2019-09-25 07:05:22,730 [pool-27-thread-1] INFO  server.RaftServerConfigKeys (ConfUtils.java:logGet(43)) - raft.server.log.statemachine.data.sync.timeout = 10s (default)
2019-09-25 07:05:22,730 [pool-27-thread-1] INFO  server.RaftServerConfigKeys (ConfUtils.java:logGet(43)) - raft.server.log.statemachine.data.sync.timeout.retry = -1 (default)
2019-09-25 07:05:22,730 [pool-27-thread-1] INFO  server.RaftServerConfigKeys (ConfUtils.java:logGet(43)) - raft.server.log.statemachine.data.caching.enabled = true (custom)
2019-09-25 07:05:22,730 [pool-27-thread-1] INFO  segmented.SegmentedRaftLogWorker (SegmentedRaftLogWorker.java:lambda$new$0(132)) - e568d23f-199e-48ce-91e4-5c166e2e97cd@group-74BF1704E330-SegmentedRaftLogWorker: flushIndex: setUnconditionally 0 -> -1
2019-09-25 07:05:22,731 [pool-27-thread-1] INFO  server.RaftServerConfigKeys (ConfUtils.java:logGet(43)) - raft.server.snapshot.auto.trigger.enabled = true (custom)
2019-09-25 07:05:22,731 [pool-27-thread-1] INFO  server.RaftServerConfigKeys (ConfUtils.java:logGet(43)) - raft.server.snapshot.auto.trigger.threshold = 10000 (custom)
2019-09-25 07:05:22,731 [pool-27-thread-1] INFO  server.RaftServerConfigKeys (ConfUtils.java:logGet(43)) - raft.server.snapshot.retention.num.files = 5 (custom)
2019-09-25 07:05:22,731 [pool-27-thread-1] INFO  server.RaftServerConfigKeys (ConfUtils.java:logGet(43)) - raft.server.retrycache.expirytime = 600000ms (custom)
2019-09-25 07:05:22,733 [pool-27-thread-1] INFO  impl.RaftServerImpl (RaftServerImpl.java:start(185)) - e568d23f-199e-48ce-91e4-5c166e2e97cd@group-74BF1704E330: start as a follower, conf=-1: [e568d23f-199e-48ce-91e4-5c166e2e97cd:192.168.30.10:42827], old=null
2019-09-25 07:05:22,733 [pool-27-thread-1] INFO  impl.RaftServerImpl (RaftServerImpl.java:setRole(174)) - e568d23f-199e-48ce-91e4-5c166e2e97cd@group-74BF1704E330: changes role from      null to FOLLOWER at term 0 for startAsFollower
2019-09-25 07:05:22,733 [pool-27-thread-1] INFO  impl.RoleInfo (RoleInfo.java:updateAndGet(143)) - e568d23f-199e-48ce-91e4-5c166e2e97cd: start FollowerState
2019-09-25 07:05:22,734 [pool-27-thread-1] INFO  util.JmxRegister (JmxRegister.java:tryRegister(44)) - Successfully registered JMX Bean with object name Ratis:service=RaftServer,group=group-74BF1704E330,id=e568d23f-199e-48ce-91e4-5c166e2e97cd
2019-09-25 07:05:22,736 [RatisPipelineUtilsThread] INFO  pipeline.PipelineStateManager (PipelineStateManager.java:addPipeline(56)) - Created pipeline Pipeline[ Id: 1eb843b9-caa7-4a55-b38f-74bf1704e330, Nodes: e568d23f-199e-48ce-91e4-5c166e2e97cd{ip: 192.168.30.10, host: pr-hdds-1569-s62bp-3040748787, networkLocation: /default-rack, certSerialId: null}, Type:RATIS, Factor:ONE, State:OPEN]
2019-09-25 07:05:22,740 [grpc-default-executor-5] INFO  impl.RaftServerProxy (RaftServerProxy.java:addNew(89)) - 62ec8eb9-3ae9-4136-b70a-2caf3716fa7f: addNew group-AAA3F2B16D53:[62ec8eb9-3ae9-4136-b70a-2caf3716fa7f:192.168.30.10:44715] returns group-AAA3F2B16D53:java.util.concurrent.CompletableFuture@23541d7d[Not completed]
2019-09-25 07:05:22,741 [pool-37-thread-1] INFO  impl.RaftServerImpl (RaftServerImpl.java:<init>(95)) - 62ec8eb9-3ae9-4136-b70a-2caf3716fa7f: new RaftServerImpl for group-AAA3F2B16D53:[62ec8eb9-3ae9-4136-b70a-2caf3716fa7f:192.168.30.10:44715] with ContainerStateMachine:uninitialized
2019-09-25 07:05:22,741 [pool-37-thread-1] INFO  server.RaftServerConfigKeys (ConfUtils.java:logGet(43)) - raft.server.rpc.timeout.min = 5s (custom)
2019-09-25 07:05:22,741 [pool-37-thread-1] INFO  server.RaftServerConfigKeys (ConfUtils.java:logGet(43)) - raft.server.rpc.timeout.max = 5200ms (custom)
2019-09-25 07:05:22,741 [pool-37-thread-1] INFO  server.RaftServerConfigKeys (ConfUtils.java:logGet(43)) - raft.server.rpcslowness.timeout = 120s (custom)
2019-09-25 07:05:22,741 [pool-37-thread-1] INFO  server.RaftServerConfigKeys (ConfUtils.java:logGet(43)) - raft.server.sleep.deviation.threshold = 300 (default)
2019-09-25 07:05:22,742 [pool-37-thread-1] INFO  server.RaftServerConfigKeys (ConfUtils.java:logGet(43)) - raft.server.log.appender.install.snapshot.enabled = false (custom)
2019-09-25 07:05:22,742 [pool-37-thread-1] INFO  impl.RaftServerImpl (ServerState.java:<init>(103)) - 62ec8eb9-3ae9-4136-b70a-2caf3716fa7f@group-AAA3F2B16D53: ConfigurationManager, init=-1: [62ec8eb9-3ae9-4136-b70a-2caf3716fa7f:192.168.30.10:44715], old=null, confs=<EMPTY_MAP>
2019-09-25 07:05:22,742 [pool-37-thread-1] INFO  server.RaftServerConfigKeys (ConfUtils.java:logGet(43)) - raft.server.storage.dir = [/workdir/hadoop-ozone/integration-test/target/test-dir/MiniOzoneClusterImpl-39af9574-7a8b-4ed7-b830-bf686a3d4bb8/datanode-1/data/ratis] (custom)
2019-09-25 07:05:22,742 [pool-37-thread-1] INFO  storage.RaftStorageDirectory (RaftStorageDirectory.java:analyzeStorage(246)) - The storage directory /workdir/hadoop-ozone/integration-test/target/test-dir/MiniOzoneClusterImpl-39af9574-7a8b-4ed7-b830-bf686a3d4bb8/datanode-1/data/ratis/cb8b6a72-2144-4353-9505-aaa3f2b16d53 does not exist. Creating ...
2019-09-25 07:05:22,752 [pool-37-thread-1] INFO  storage.RaftStorageDirectory (RaftStorageDirectory.java:tryLock(328)) - Lock on /workdir/hadoop-ozone/integration-test/target/test-dir/MiniOzoneClusterImpl-39af9574-7a8b-4ed7-b830-bf686a3d4bb8/datanode-1/data/ratis/cb8b6a72-2144-4353-9505-aaa3f2b16d53/in_use.lock acquired by nodename 19495@pr-hdds-1569-s62bp-3040748787
2019-09-25 07:05:22,767 [pool-37-thread-1] INFO  storage.RaftStorage (RaftStorage.java:format(72)) - Storage directory /workdir/hadoop-ozone/integration-test/target/test-dir/MiniOzoneClusterImpl-39af9574-7a8b-4ed7-b830-bf686a3d4bb8/datanode-1/data/ratis/cb8b6a72-2144-4353-9505-aaa3f2b16d53 has been successfully formatted.
2019-09-25 07:05:22,767 [pool-37-thread-1] INFO  ratis.ContainerStateMachine (ContainerStateMachine.java:loadSnapshot(230)) - group-AAA3F2B16D53: The snapshot info is null. Setting the last applied indexto:(t:0, i:~)
2019-09-25 07:05:22,767 [pool-37-thread-1] INFO  server.RaftServerConfigKeys (ConfUtils.java:logGet(43)) - raft.server.notification.no-leader.timeout = 120s (custom)
2019-09-25 07:05:22,767 [pool-37-thread-1] INFO  server.RaftServerConfigKeys (ConfUtils.java:logGet(43)) - raft.server.log.use.memory = false (default)
2019-09-25 07:05:22,767 [pool-37-thread-1] INFO  server.RaftServerConfigKeys (ConfUtils.java:logGet(43)) - raft.server.log.purge.gap = 1000000 (custom)
2019-09-25 07:05:22,767 [pool-37-thread-1] INFO  server.RaftServerConfigKeys (ConfUtils.java:logGet(43)) - raft.server.log.appender.buffer.byte-limit = 33554432 (custom)
2019-09-25 07:05:22,767 [pool-37-thread-1] INFO  server.RaftServerConfigKeys (ConfUtils.java:logGet(43)) - raft.server.log.segment.size.max = 1048576 (custom)
2019-09-25 07:05:22,768 [pool-37-thread-1] INFO  server.RaftServerConfigKeys (ConfUtils.java:logGet(43)) - raft.server.log.segment.cache.num.max = 2 (custom)
2019-09-25 07:05:22,768 [pool-37-thread-1] INFO  segmented.SegmentedRaftLogWorker (SegmentedRaftLogWorker.java:<init>(172)) - new 62ec8eb9-3ae9-4136-b70a-2caf3716fa7f@group-AAA3F2B16D53-SegmentedRaftLogWorker for RaftStorage:Storage Directory /workdir/hadoop-ozone/integration-test/target/test-dir/MiniOzoneClusterImpl-39af9574-7a8b-4ed7-b830-bf686a3d4bb8/datanode-1/data/ratis/cb8b6a72-2144-4353-9505-aaa3f2b16d53
2019-09-25 07:05:22,768 [pool-37-thread-1] INFO  server.RaftServerConfigKeys (ConfUtils.java:logGet(43)) - raft.server.log.queue.byte-limit = 2147483647 (custom)
2019-09-25 07:05:22,768 [pool-37-thread-1] INFO  server.RaftServerConfigKeys (ConfUtils.java:logGet(43)) - raft.server.log.queue.element-limit = 1024 (custom)
2019-09-25 07:05:22,768 [pool-37-thread-1] INFO  server.RaftServerConfigKeys (ConfUtils.java:logGet(43)) - raft.server.log.segment.size.max = 1048576 (custom)
2019-09-25 07:05:22,768 [pool-37-thread-1] INFO  server.RaftServerConfigKeys (ConfUtils.java:logGet(43)) - raft.server.log.preallocated.size = 16384 (custom)
2019-09-25 07:05:22,768 [pool-37-thread-1] INFO  server.RaftServerConfigKeys (ConfUtils.java:logGet(43)) - raft.server.log.write.buffer.size = 33554432 (custom)
2019-09-25 07:05:22,768 [pool-37-thread-1] INFO  server.RaftServerConfigKeys (ConfUtils.java:logGet(43)) - raft.server.log.force.sync.num = 128 (default)
2019-09-25 07:05:22,769 [pool-37-thread-1] INFO  server.RaftServerConfigKeys (ConfUtils.java:logGet(43)) - raft.server.log.statemachine.data.sync = true (default)
2019-09-25 07:05:22,769 [pool-37-thread-1] INFO  server.RaftServerConfigKeys (ConfUtils.java:logGet(43)) - raft.server.log.statemachine.data.sync.timeout = 10s (default)
2019-09-25 07:05:22,769 [pool-37-thread-1] INFO  server.RaftServerConfigKeys (ConfUtils.java:logGet(43)) - raft.server.log.statemachine.data.sync.timeout.retry = -1 (default)
2019-09-25 07:05:22,769 [pool-37-thread-1] INFO  server.RaftServerConfigKeys (ConfUtils.java:logGet(43)) - raft.server.log.statemachine.data.caching.enabled = true (custom)
2019-09-25 07:05:22,769 [pool-37-thread-1] INFO  segmented.SegmentedRaftLogWorker (SegmentedRaftLogWorker.java:lambda$new$0(132)) - 62ec8eb9-3ae9-4136-b70a-2caf3716fa7f@group-AAA3F2B16D53-SegmentedRaftLogWorker: flushIndex: setUnconditionally 0 -> -1
2019-09-25 07:05:22,770 [pool-37-thread-1] INFO  server.RaftServerConfigKeys (ConfUtils.java:logGet(43)) - raft.server.snapshot.auto.trigger.enabled = true (custom)
2019-09-25 07:05:22,770 [pool-37-thread-1] INFO  server.RaftServerConfigKeys (ConfUtils.java:logGet(43)) - raft.server.snapshot.auto.trigger.threshold = 10000 (custom)
2019-09-25 07:05:22,770 [pool-37-thread-1] INFO  server.RaftServerConfigKeys (ConfUtils.java:logGet(43)) - raft.server.snapshot.retention.num.files = 5 (custom)
2019-09-25 07:05:22,770 [pool-37-thread-1] INFO  server.RaftServerConfigKeys (ConfUtils.java:logGet(43)) - raft.server.retrycache.expirytime = 600000ms (custom)
2019-09-25 07:05:22,772 [pool-37-thread-1] INFO  impl.RaftServerImpl (RaftServerImpl.java:start(185)) - 62ec8eb9-3ae9-4136-b70a-2caf3716fa7f@group-AAA3F2B16D53: start as a follower, conf=-1: [62ec8eb9-3ae9-4136-b70a-2caf3716fa7f:192.168.30.10:44715], old=null
2019-09-25 07:05:22,772 [pool-37-thread-1] INFO  impl.RaftServerImpl (RaftServerImpl.java:setRole(174)) - 62ec8eb9-3ae9-4136-b70a-2caf3716fa7f@group-AAA3F2B16D53: changes role from      null to FOLLOWER at term 0 for startAsFollower
2019-09-25 07:05:22,772 [pool-37-thread-1] INFO  impl.RoleInfo (RoleInfo.java:updateAndGet(143)) - 62ec8eb9-3ae9-4136-b70a-2caf3716fa7f: start FollowerState
2019-09-25 07:05:22,772 [pool-37-thread-1] INFO  util.JmxRegister (JmxRegister.java:tryRegister(44)) - Successfully registered JMX Bean with object name Ratis:service=RaftServer,group=group-AAA3F2B16D53,id=62ec8eb9-3ae9-4136-b70a-2caf3716fa7f
2019-09-25 07:05:22,774 [RatisPipelineUtilsThread] INFO  pipeline.PipelineStateManager (PipelineStateManager.java:addPipeline(56)) - Created pipeline Pipeline[ Id: cb8b6a72-2144-4353-9505-aaa3f2b16d53, Nodes: 62ec8eb9-3ae9-4136-b70a-2caf3716fa7f{ip: 192.168.30.10, host: pr-hdds-1569-s62bp-3040748787, networkLocation: /default-rack, certSerialId: null}, Type:RATIS, Factor:ONE, State:OPEN]
2019-09-25 07:05:22,778 [grpc-default-executor-5] INFO  impl.RaftServerProxy (RaftServerProxy.java:addNew(89)) - 62ec8eb9-3ae9-4136-b70a-2caf3716fa7f: addNew group-C7F11E13D9FD:[62ec8eb9-3ae9-4136-b70a-2caf3716fa7f:192.168.30.10:44715] returns group-C7F11E13D9FD:java.util.concurrent.CompletableFuture@7891462f[Not completed]
2019-09-25 07:05:22,779 [pool-37-thread-1] INFO  impl.RaftServerImpl (RaftServerImpl.java:<init>(95)) - 62ec8eb9-3ae9-4136-b70a-2caf3716fa7f: new RaftServerImpl for group-C7F11E13D9FD:[62ec8eb9-3ae9-4136-b70a-2caf3716fa7f:192.168.30.10:44715] with ContainerStateMachine:uninitialized
2019-09-25 07:05:22,779 [pool-37-thread-1] INFO  server.RaftServerConfigKeys (ConfUtils.java:logGet(43)) - raft.server.rpc.timeout.min = 5s (custom)
2019-09-25 07:05:22,779 [pool-37-thread-1] INFO  server.RaftServerConfigKeys (ConfUtils.java:logGet(43)) - raft.server.rpc.timeout.max = 5200ms (custom)
2019-09-25 07:05:22,779 [pool-37-thread-1] INFO  server.RaftServerConfigKeys (ConfUtils.java:logGet(43)) - raft.server.rpcslowness.timeout = 120s (custom)
2019-09-25 07:05:22,779 [pool-37-thread-1] INFO  server.RaftServerConfigKeys (ConfUtils.java:logGet(43)) - raft.server.sleep.deviation.threshold = 300 (default)
2019-09-25 07:05:22,779 [pool-37-thread-1] INFO  server.RaftServerConfigKeys (ConfUtils.java:logGet(43)) - raft.server.log.appender.install.snapshot.enabled = false (custom)
2019-09-25 07:05:22,779 [pool-37-thread-1] INFO  impl.RaftServerImpl (ServerState.java:<init>(103)) - 62ec8eb9-3ae9-4136-b70a-2caf3716fa7f@group-C7F11E13D9FD: ConfigurationManager, init=-1: [62ec8eb9-3ae9-4136-b70a-2caf3716fa7f:192.168.30.10:44715], old=null, confs=<EMPTY_MAP>
2019-09-25 07:05:22,780 [pool-37-thread-1] INFO  server.RaftServerConfigKeys (ConfUtils.java:logGet(43)) - raft.server.storage.dir = [/workdir/hadoop-ozone/integration-test/target/test-dir/MiniOzoneClusterImpl-39af9574-7a8b-4ed7-b830-bf686a3d4bb8/datanode-1/data/ratis] (custom)
2019-09-25 07:05:22,780 [pool-37-thread-1] INFO  storage.RaftStorageDirectory (RaftStorageDirectory.java:analyzeStorage(246)) - The storage directory /workdir/hadoop-ozone/integration-test/target/test-dir/MiniOzoneClusterImpl-39af9574-7a8b-4ed7-b830-bf686a3d4bb8/datanode-1/data/ratis/81476100-5692-4d4c-8f79-c7f11e13d9fd does not exist. Creating ...
2019-09-25 07:05:22,793 [pool-37-thread-1] INFO  storage.RaftStorageDirectory (RaftStorageDirectory.java:tryLock(328)) - Lock on /workdir/hadoop-ozone/integration-test/target/test-dir/MiniOzoneClusterImpl-39af9574-7a8b-4ed7-b830-bf686a3d4bb8/datanode-1/data/ratis/81476100-5692-4d4c-8f79-c7f11e13d9fd/in_use.lock acquired by nodename 19495@pr-hdds-1569-s62bp-3040748787
2019-09-25 07:05:22,805 [pool-37-thread-1] INFO  storage.RaftStorage (RaftStorage.java:format(72)) - Storage directory /workdir/hadoop-ozone/integration-test/target/test-dir/MiniOzoneClusterImpl-39af9574-7a8b-4ed7-b830-bf686a3d4bb8/datanode-1/data/ratis/81476100-5692-4d4c-8f79-c7f11e13d9fd has been successfully formatted.
2019-09-25 07:05:22,806 [pool-37-thread-1] INFO  ratis.ContainerStateMachine (ContainerStateMachine.java:loadSnapshot(230)) - group-C7F11E13D9FD: The snapshot info is null. Setting the last applied indexto:(t:0, i:~)
2019-09-25 07:05:22,806 [pool-37-thread-1] INFO  server.RaftServerConfigKeys (ConfUtils.java:logGet(43)) - raft.server.notification.no-leader.timeout = 120s (custom)
2019-09-25 07:05:22,806 [pool-37-thread-1] INFO  server.RaftServerConfigKeys (ConfUtils.java:logGet(43)) - raft.server.log.use.memory = false (default)
2019-09-25 07:05:22,806 [pool-37-thread-1] INFO  server.RaftServerConfigKeys (ConfUtils.java:logGet(43)) - raft.server.log.purge.gap = 1000000 (custom)
2019-09-25 07:05:22,806 [pool-37-thread-1] INFO  server.RaftServerConfigKeys (ConfUtils.java:logGet(43)) - raft.server.log.appender.buffer.byte-limit = 33554432 (custom)
2019-09-25 07:05:22,806 [pool-37-thread-1] INFO  server.RaftServerConfigKeys (ConfUtils.java:logGet(43)) - raft.server.log.segment.size.max = 1048576 (custom)
2019-09-25 07:05:22,806 [pool-37-thread-1] INFO  server.RaftServerConfigKeys (ConfUtils.java:logGet(43)) - raft.server.log.segment.cache.num.max = 2 (custom)
2019-09-25 07:05:22,807 [pool-37-thread-1] INFO  segmented.SegmentedRaftLogWorker (SegmentedRaftLogWorker.java:<init>(172)) - new 62ec8eb9-3ae9-4136-b70a-2caf3716fa7f@group-C7F11E13D9FD-SegmentedRaftLogWorker for RaftStorage:Storage Directory /workdir/hadoop-ozone/integration-test/target/test-dir/MiniOzoneClusterImpl-39af9574-7a8b-4ed7-b830-bf686a3d4bb8/datanode-1/data/ratis/81476100-5692-4d4c-8f79-c7f11e13d9fd
2019-09-25 07:05:22,807 [pool-37-thread-1] INFO  server.RaftServerConfigKeys (ConfUtils.java:logGet(43)) - raft.server.log.queue.byte-limit = 2147483647 (custom)
2019-09-25 07:05:22,807 [pool-37-thread-1] INFO  server.RaftServerConfigKeys (ConfUtils.java:logGet(43)) - raft.server.log.queue.element-limit = 1024 (custom)
2019-09-25 07:05:22,807 [pool-37-thread-1] INFO  server.RaftServerConfigKeys (ConfUtils.java:logGet(43)) - raft.server.log.segment.size.max = 1048576 (custom)
2019-09-25 07:05:22,807 [pool-37-thread-1] INFO  server.RaftServerConfigKeys (ConfUtils.java:logGet(43)) - raft.server.log.preallocated.size = 16384 (custom)
2019-09-25 07:05:22,807 [pool-37-thread-1] INFO  server.RaftServerConfigKeys (ConfUtils.java:logGet(43)) - raft.server.log.write.buffer.size = 33554432 (custom)
2019-09-25 07:05:22,807 [pool-37-thread-1] INFO  server.RaftServerConfigKeys (ConfUtils.java:logGet(43)) - raft.server.log.force.sync.num = 128 (default)
2019-09-25 07:05:22,807 [pool-37-thread-1] INFO  server.RaftServerConfigKeys (ConfUtils.java:logGet(43)) - raft.server.log.statemachine.data.sync = true (default)
2019-09-25 07:05:22,808 [pool-37-thread-1] INFO  server.RaftServerConfigKeys (ConfUtils.java:logGet(43)) - raft.server.log.statemachine.data.sync.timeout = 10s (default)
2019-09-25 07:05:22,808 [pool-37-thread-1] INFO  server.RaftServerConfigKeys (ConfUtils.java:logGet(43)) - raft.server.log.statemachine.data.sync.timeout.retry = -1 (default)
2019-09-25 07:05:22,808 [pool-37-thread-1] INFO  server.RaftServerConfigKeys (ConfUtils.java:logGet(43)) - raft.server.log.statemachine.data.caching.enabled = true (custom)
2019-09-25 07:05:22,808 [pool-37-thread-1] INFO  segmented.SegmentedRaftLogWorker (SegmentedRaftLogWorker.java:lambda$new$0(132)) - 62ec8eb9-3ae9-4136-b70a-2caf3716fa7f@group-C7F11E13D9FD-SegmentedRaftLogWorker: flushIndex: setUnconditionally 0 -> -1
2019-09-25 07:05:22,808 [pool-37-thread-1] INFO  server.RaftServerConfigKeys (ConfUtils.java:logGet(43)) - raft.server.snapshot.auto.trigger.enabled = true (custom)
2019-09-25 07:05:22,809 [pool-37-thread-1] INFO  server.RaftServerConfigKeys (ConfUtils.java:logGet(43)) - raft.server.snapshot.auto.trigger.threshold = 10000 (custom)
2019-09-25 07:05:22,809 [pool-37-thread-1] INFO  server.RaftServerConfigKeys (ConfUtils.java:logGet(43)) - raft.server.snapshot.retention.num.files = 5 (custom)
2019-09-25 07:05:22,809 [pool-37-thread-1] INFO  server.RaftServerConfigKeys (ConfUtils.java:logGet(43)) - raft.server.retrycache.expirytime = 600000ms (custom)
2019-09-25 07:05:22,810 [pool-37-thread-1] INFO  impl.RaftServerImpl (RaftServerImpl.java:start(185)) - 62ec8eb9-3ae9-4136-b70a-2caf3716fa7f@group-C7F11E13D9FD: start as a follower, conf=-1: [62ec8eb9-3ae9-4136-b70a-2caf3716fa7f:192.168.30.10:44715], old=null
2019-09-25 07:05:22,810 [pool-37-thread-1] INFO  impl.RaftServerImpl (RaftServerImpl.java:setRole(174)) - 62ec8eb9-3ae9-4136-b70a-2caf3716fa7f@group-C7F11E13D9FD: changes role from      null to FOLLOWER at term 0 for startAsFollower
2019-09-25 07:05:22,811 [pool-37-thread-1] INFO  impl.RoleInfo (RoleInfo.java:updateAndGet(143)) - 62ec8eb9-3ae9-4136-b70a-2caf3716fa7f: start FollowerState
2019-09-25 07:05:22,811 [pool-37-thread-1] INFO  util.JmxRegister (JmxRegister.java:tryRegister(44)) - Successfully registered JMX Bean with object name Ratis:service=RaftServer,group=group-C7F11E13D9FD,id=62ec8eb9-3ae9-4136-b70a-2caf3716fa7f
2019-09-25 07:05:22,813 [RatisPipelineUtilsThread] INFO  pipeline.PipelineStateManager (PipelineStateManager.java:addPipeline(56)) - Created pipeline Pipeline[ Id: 81476100-5692-4d4c-8f79-c7f11e13d9fd, Nodes: 62ec8eb9-3ae9-4136-b70a-2caf3716fa7f{ip: 192.168.30.10, host: pr-hdds-1569-s62bp-3040748787, networkLocation: /default-rack, certSerialId: null}, Type:RATIS, Factor:ONE, State:OPEN]
2019-09-25 07:05:22,817 [grpc-default-executor-5] INFO  impl.RaftServerProxy (RaftServerProxy.java:addNew(89)) - 24bf2945-a329-4da6-aaf2-23ecd8d462c6: addNew group-975983C2911B:[24bf2945-a329-4da6-aaf2-23ecd8d462c6:192.168.30.10:42867] returns group-975983C2911B:java.util.concurrent.CompletableFuture@1de00f85[Not completed]
2019-09-25 07:05:22,818 [pool-47-thread-1] INFO  impl.RaftServerImpl (RaftServerImpl.java:<init>(95)) - 24bf2945-a329-4da6-aaf2-23ecd8d462c6: new RaftServerImpl for group-975983C2911B:[24bf2945-a329-4da6-aaf2-23ecd8d462c6:192.168.30.10:42867] with ContainerStateMachine:uninitialized
2019-09-25 07:05:22,818 [pool-47-thread-1] INFO  server.RaftServerConfigKeys (ConfUtils.java:logGet(43)) - raft.server.rpc.timeout.min = 5s (custom)
2019-09-25 07:05:22,818 [pool-47-thread-1] INFO  server.RaftServerConfigKeys (ConfUtils.java:logGet(43)) - raft.server.rpc.timeout.max = 5200ms (custom)
2019-09-25 07:05:22,819 [pool-47-thread-1] INFO  server.RaftServerConfigKeys (ConfUtils.java:logGet(43)) - raft.server.rpcslowness.timeout = 120s (custom)
2019-09-25 07:05:22,819 [pool-47-thread-1] INFO  server.RaftServerConfigKeys (ConfUtils.java:logGet(43)) - raft.server.sleep.deviation.threshold = 300 (default)
2019-09-25 07:05:22,819 [pool-47-thread-1] INFO  server.RaftServerConfigKeys (ConfUtils.java:logGet(43)) - raft.server.log.appender.install.snapshot.enabled = false (custom)
2019-09-25 07:05:22,819 [pool-47-thread-1] INFO  impl.RaftServerImpl (ServerState.java:<init>(103)) - 24bf2945-a329-4da6-aaf2-23ecd8d462c6@group-975983C2911B: ConfigurationManager, init=-1: [24bf2945-a329-4da6-aaf2-23ecd8d462c6:192.168.30.10:42867], old=null, confs=<EMPTY_MAP>
2019-09-25 07:05:22,819 [pool-47-thread-1] INFO  server.RaftServerConfigKeys (ConfUtils.java:logGet(43)) - raft.server.storage.dir = [/workdir/hadoop-ozone/integration-test/target/test-dir/MiniOzoneClusterImpl-39af9574-7a8b-4ed7-b830-bf686a3d4bb8/datanode-2/data/ratis] (custom)
2019-09-25 07:05:22,819 [pool-47-thread-1] INFO  storage.RaftStorageDirectory (RaftStorageDirectory.java:analyzeStorage(246)) - The storage directory /workdir/hadoop-ozone/integration-test/target/test-dir/MiniOzoneClusterImpl-39af9574-7a8b-4ed7-b830-bf686a3d4bb8/datanode-2/data/ratis/de861760-6962-4c79-9eb7-975983c2911b does not exist. Creating ...
2019-09-25 07:05:22,833 [pool-47-thread-1] INFO  storage.RaftStorageDirectory (RaftStorageDirectory.java:tryLock(328)) - Lock on /workdir/hadoop-ozone/integration-test/target/test-dir/MiniOzoneClusterImpl-39af9574-7a8b-4ed7-b830-bf686a3d4bb8/datanode-2/data/ratis/de861760-6962-4c79-9eb7-975983c2911b/in_use.lock acquired by nodename 19495@pr-hdds-1569-s62bp-3040748787
2019-09-25 07:05:22,845 [pool-47-thread-1] INFO  storage.RaftStorage (RaftStorage.java:format(72)) - Storage directory /workdir/hadoop-ozone/integration-test/target/test-dir/MiniOzoneClusterImpl-39af9574-7a8b-4ed7-b830-bf686a3d4bb8/datanode-2/data/ratis/de861760-6962-4c79-9eb7-975983c2911b has been successfully formatted.
2019-09-25 07:05:22,845 [pool-47-thread-1] INFO  ratis.ContainerStateMachine (ContainerStateMachine.java:loadSnapshot(230)) - group-975983C2911B: The snapshot info is null. Setting the last applied indexto:(t:0, i:~)
2019-09-25 07:05:22,846 [pool-47-thread-1] INFO  server.RaftServerConfigKeys (ConfUtils.java:logGet(43)) - raft.server.notification.no-leader.timeout = 120s (custom)
2019-09-25 07:05:22,846 [pool-47-thread-1] INFO  server.RaftServerConfigKeys (ConfUtils.java:logGet(43)) - raft.server.log.use.memory = false (default)
2019-09-25 07:05:22,846 [pool-47-thread-1] INFO  server.RaftServerConfigKeys (ConfUtils.java:logGet(43)) - raft.server.log.purge.gap = 1000000 (custom)
2019-09-25 07:05:22,846 [pool-47-thread-1] INFO  server.RaftServerConfigKeys (ConfUtils.java:logGet(43)) - raft.server.log.appender.buffer.byte-limit = 33554432 (custom)
2019-09-25 07:05:22,846 [pool-47-thread-1] INFO  server.RaftServerConfigKeys (ConfUtils.java:logGet(43)) - raft.server.log.segment.size.max = 1048576 (custom)
2019-09-25 07:05:22,846 [pool-47-thread-1] INFO  server.RaftServerConfigKeys (ConfUtils.java:logGet(43)) - raft.server.log.segment.cache.num.max = 2 (custom)
2019-09-25 07:05:22,846 [pool-47-thread-1] INFO  segmented.SegmentedRaftLogWorker (SegmentedRaftLogWorker.java:<init>(172)) - new 24bf2945-a329-4da6-aaf2-23ecd8d462c6@group-975983C2911B-SegmentedRaftLogWorker for RaftStorage:Storage Directory /workdir/hadoop-ozone/integration-test/target/test-dir/MiniOzoneClusterImpl-39af9574-7a8b-4ed7-b830-bf686a3d4bb8/datanode-2/data/ratis/de861760-6962-4c79-9eb7-975983c2911b
2019-09-25 07:05:22,846 [pool-47-thread-1] INFO  server.RaftServerConfigKeys (ConfUtils.java:logGet(43)) - raft.server.log.queue.byte-limit = 2147483647 (custom)
2019-09-25 07:05:22,847 [pool-47-thread-1] INFO  server.RaftServerConfigKeys (ConfUtils.java:logGet(43)) - raft.server.log.queue.element-limit = 1024 (custom)
2019-09-25 07:05:22,847 [pool-47-thread-1] INFO  server.RaftServerConfigKeys (ConfUtils.java:logGet(43)) - raft.server.log.segment.size.max = 1048576 (custom)
2019-09-25 07:05:22,847 [pool-47-thread-1] INFO  server.RaftServerConfigKeys (ConfUtils.java:logGet(43)) - raft.server.log.preallocated.size = 16384 (custom)
2019-09-25 07:05:22,847 [pool-47-thread-1] INFO  server.RaftServerConfigKeys (ConfUtils.java:logGet(43)) - raft.server.log.write.buffer.size = 33554432 (custom)
2019-09-25 07:05:22,847 [pool-47-thread-1] INFO  server.RaftServerConfigKeys (ConfUtils.java:logGet(43)) - raft.server.log.force.sync.num = 128 (default)
2019-09-25 07:05:22,847 [pool-47-thread-1] INFO  server.RaftServerConfigKeys (ConfUtils.java:logGet(43)) - raft.server.log.statemachine.data.sync = true (default)
2019-09-25 07:05:22,847 [pool-47-thread-1] INFO  server.RaftServerConfigKeys (ConfUtils.java:logGet(43)) - raft.server.log.statemachine.data.sync.timeout = 10s (default)
2019-09-25 07:05:22,847 [pool-47-thread-1] INFO  server.RaftServerConfigKeys (ConfUtils.java:logGet(43)) - raft.server.log.statemachine.data.sync.timeout.retry = -1 (default)
2019-09-25 07:05:22,848 [pool-47-thread-1] INFO  server.RaftServerConfigKeys (ConfUtils.java:logGet(43)) - raft.server.log.statemachine.data.caching.enabled = true (custom)
2019-09-25 07:05:22,848 [pool-47-thread-1] INFO  segmented.SegmentedRaftLogWorker (SegmentedRaftLogWorker.java:lambda$new$0(132)) - 24bf2945-a329-4da6-aaf2-23ecd8d462c6@group-975983C2911B-SegmentedRaftLogWorker: flushIndex: setUnconditionally 0 -> -1
2019-09-25 07:05:22,848 [pool-47-thread-1] INFO  server.RaftServerConfigKeys (ConfUtils.java:logGet(43)) - raft.server.snapshot.auto.trigger.enabled = true (custom)
2019-09-25 07:05:22,848 [pool-47-thread-1] INFO  server.RaftServerConfigKeys (ConfUtils.java:logGet(43)) - raft.server.snapshot.auto.trigger.threshold = 10000 (custom)
2019-09-25 07:05:22,848 [pool-47-thread-1] INFO  server.RaftServerConfigKeys (ConfUtils.java:logGet(43)) - raft.server.snapshot.retention.num.files = 5 (custom)
2019-09-25 07:05:22,848 [pool-47-thread-1] INFO  server.RaftServerConfigKeys (ConfUtils.java:logGet(43)) - raft.server.retrycache.expirytime = 600000ms (custom)
2019-09-25 07:05:22,850 [pool-47-thread-1] INFO  impl.RaftServerImpl (RaftServerImpl.java:start(185)) - 24bf2945-a329-4da6-aaf2-23ecd8d462c6@group-975983C2911B: start as a follower, conf=-1: [24bf2945-a329-4da6-aaf2-23ecd8d462c6:192.168.30.10:42867], old=null
2019-09-25 07:05:22,850 [pool-47-thread-1] INFO  impl.RaftServerImpl (RaftServerImpl.java:setRole(174)) - 24bf2945-a329-4da6-aaf2-23ecd8d462c6@group-975983C2911B: changes role from      null to FOLLOWER at term 0 for startAsFollower
2019-09-25 07:05:22,850 [pool-47-thread-1] INFO  impl.RoleInfo (RoleInfo.java:updateAndGet(143)) - 24bf2945-a329-4da6-aaf2-23ecd8d462c6: start FollowerState
2019-09-25 07:05:22,850 [pool-47-thread-1] INFO  util.JmxRegister (JmxRegister.java:tryRegister(44)) - Successfully registered JMX Bean with object name Ratis:service=RaftServer,group=group-975983C2911B,id=24bf2945-a329-4da6-aaf2-23ecd8d462c6
2019-09-25 07:05:22,853 [RatisPipelineUtilsThread] INFO  pipeline.PipelineStateManager (PipelineStateManager.java:addPipeline(56)) - Created pipeline Pipeline[ Id: de861760-6962-4c79-9eb7-975983c2911b, Nodes: 24bf2945-a329-4da6-aaf2-23ecd8d462c6{ip: 192.168.30.10, host: pr-hdds-1569-s62bp-3040748787, networkLocation: /default-rack, certSerialId: null}, Type:RATIS, Factor:ONE, State:OPEN]
2019-09-25 07:05:22,857 [grpc-default-executor-5] INFO  impl.RaftServerProxy (RaftServerProxy.java:addNew(89)) - 24bf2945-a329-4da6-aaf2-23ecd8d462c6: addNew group-2E317CE6C93B:[24bf2945-a329-4da6-aaf2-23ecd8d462c6:192.168.30.10:42867] returns group-2E317CE6C93B:java.util.concurrent.CompletableFuture@42241d01[Not completed]
2019-09-25 07:05:22,857 [pool-47-thread-1] INFO  impl.RaftServerImpl (RaftServerImpl.java:<init>(95)) - 24bf2945-a329-4da6-aaf2-23ecd8d462c6: new RaftServerImpl for group-2E317CE6C93B:[24bf2945-a329-4da6-aaf2-23ecd8d462c6:192.168.30.10:42867] with ContainerStateMachine:uninitialized
2019-09-25 07:05:22,858 [pool-47-thread-1] INFO  server.RaftServerConfigKeys (ConfUtils.java:logGet(43)) - raft.server.rpc.timeout.min = 5s (custom)
2019-09-25 07:05:22,858 [pool-47-thread-1] INFO  server.RaftServerConfigKeys (ConfUtils.java:logGet(43)) - raft.server.rpc.timeout.max = 5200ms (custom)
2019-09-25 07:05:22,858 [pool-47-thread-1] INFO  server.RaftServerConfigKeys (ConfUtils.java:logGet(43)) - raft.server.rpcslowness.timeout = 120s (custom)
2019-09-25 07:05:22,858 [pool-47-thread-1] INFO  server.RaftServerConfigKeys (ConfUtils.java:logGet(43)) - raft.server.sleep.deviation.threshold = 300 (default)
2019-09-25 07:05:22,858 [pool-47-thread-1] INFO  server.RaftServerConfigKeys (ConfUtils.java:logGet(43)) - raft.server.log.appender.install.snapshot.enabled = false (custom)
2019-09-25 07:05:22,858 [pool-47-thread-1] INFO  impl.RaftServerImpl (ServerState.java:<init>(103)) - 24bf2945-a329-4da6-aaf2-23ecd8d462c6@group-2E317CE6C93B: ConfigurationManager, init=-1: [24bf2945-a329-4da6-aaf2-23ecd8d462c6:192.168.30.10:42867], old=null, confs=<EMPTY_MAP>
2019-09-25 07:05:22,858 [pool-47-thread-1] INFO  server.RaftServerConfigKeys (ConfUtils.java:logGet(43)) - raft.server.storage.dir = [/workdir/hadoop-ozone/integration-test/target/test-dir/MiniOzoneClusterImpl-39af9574-7a8b-4ed7-b830-bf686a3d4bb8/datanode-2/data/ratis] (custom)
2019-09-25 07:05:22,859 [pool-47-thread-1] INFO  storage.RaftStorageDirectory (RaftStorageDirectory.java:analyzeStorage(246)) - The storage directory /workdir/hadoop-ozone/integration-test/target/test-dir/MiniOzoneClusterImpl-39af9574-7a8b-4ed7-b830-bf686a3d4bb8/datanode-2/data/ratis/32c27087-8fa9-4c9a-98c4-2e317ce6c93b does not exist. Creating ...
2019-09-25 07:05:22,872 [pool-47-thread-1] INFO  storage.RaftStorageDirectory (RaftStorageDirectory.java:tryLock(328)) - Lock on /workdir/hadoop-ozone/integration-test/target/test-dir/MiniOzoneClusterImpl-39af9574-7a8b-4ed7-b830-bf686a3d4bb8/datanode-2/data/ratis/32c27087-8fa9-4c9a-98c4-2e317ce6c93b/in_use.lock acquired by nodename 19495@pr-hdds-1569-s62bp-3040748787
2019-09-25 07:05:22,884 [pool-47-thread-1] INFO  storage.RaftStorage (RaftStorage.java:format(72)) - Storage directory /workdir/hadoop-ozone/integration-test/target/test-dir/MiniOzoneClusterImpl-39af9574-7a8b-4ed7-b830-bf686a3d4bb8/datanode-2/data/ratis/32c27087-8fa9-4c9a-98c4-2e317ce6c93b has been successfully formatted.
2019-09-25 07:05:22,884 [pool-47-thread-1] INFO  ratis.ContainerStateMachine (ContainerStateMachine.java:loadSnapshot(230)) - group-2E317CE6C93B: The snapshot info is null. Setting the last applied indexto:(t:0, i:~)
2019-09-25 07:05:22,885 [pool-47-thread-1] INFO  server.RaftServerConfigKeys (ConfUtils.java:logGet(43)) - raft.server.notification.no-leader.timeout = 120s (custom)
2019-09-25 07:05:22,885 [pool-47-thread-1] INFO  server.RaftServerConfigKeys (ConfUtils.java:logGet(43)) - raft.server.log.use.memory = false (default)
2019-09-25 07:05:22,885 [pool-47-thread-1] INFO  server.RaftServerConfigKeys (ConfUtils.java:logGet(43)) - raft.server.log.purge.gap = 1000000 (custom)
2019-09-25 07:05:22,885 [pool-47-thread-1] INFO  server.RaftServerConfigKeys (ConfUtils.java:logGet(43)) - raft.server.log.appender.buffer.byte-limit = 33554432 (custom)
2019-09-25 07:05:22,885 [pool-47-thread-1] INFO  server.RaftServerConfigKeys (ConfUtils.java:logGet(43)) - raft.server.log.segment.size.max = 1048576 (custom)
2019-09-25 07:05:22,885 [pool-47-thread-1] INFO  server.RaftServerConfigKeys (ConfUtils.java:logGet(43)) - raft.server.log.segment.cache.num.max = 2 (custom)
2019-09-25 07:05:22,885 [pool-47-thread-1] INFO  segmented.SegmentedRaftLogWorker (SegmentedRaftLogWorker.java:<init>(172)) - new 24bf2945-a329-4da6-aaf2-23ecd8d462c6@group-2E317CE6C93B-SegmentedRaftLogWorker for RaftStorage:Storage Directory /workdir/hadoop-ozone/integration-test/target/test-dir/MiniOzoneClusterImpl-39af9574-7a8b-4ed7-b830-bf686a3d4bb8/datanode-2/data/ratis/32c27087-8fa9-4c9a-98c4-2e317ce6c93b
2019-09-25 07:05:22,885 [pool-47-thread-1] INFO  server.RaftServerConfigKeys (ConfUtils.java:logGet(43)) - raft.server.log.queue.byte-limit = 2147483647 (custom)
2019-09-25 07:05:22,886 [pool-47-thread-1] INFO  server.RaftServerConfigKeys (ConfUtils.java:logGet(43)) - raft.server.log.queue.element-limit = 1024 (custom)
2019-09-25 07:05:22,886 [pool-47-thread-1] INFO  server.RaftServerConfigKeys (ConfUtils.java:logGet(43)) - raft.server.log.segment.size.max = 1048576 (custom)
2019-09-25 07:05:22,886 [pool-47-thread-1] INFO  server.RaftServerConfigKeys (ConfUtils.java:logGet(43)) - raft.server.log.preallocated.size = 16384 (custom)
2019-09-25 07:05:22,886 [pool-47-thread-1] INFO  server.RaftServerConfigKeys (ConfUtils.java:logGet(43)) - raft.server.log.write.buffer.size = 33554432 (custom)
2019-09-25 07:05:22,886 [pool-47-thread-1] INFO  server.RaftServerConfigKeys (ConfUtils.java:logGet(43)) - raft.server.log.force.sync.num = 128 (default)
2019-09-25 07:05:22,886 [pool-47-thread-1] INFO  server.RaftServerConfigKeys (ConfUtils.java:logGet(43)) - raft.server.log.statemachine.data.sync = true (default)
2019-09-25 07:05:22,886 [pool-47-thread-1] INFO  server.RaftServerConfigKeys (ConfUtils.java:logGet(43)) - raft.server.log.statemachine.data.sync.timeout = 10s (default)
2019-09-25 07:05:22,886 [pool-47-thread-1] INFO  server.RaftServerConfigKeys (ConfUtils.java:logGet(43)) - raft.server.log.statemachine.data.sync.timeout.retry = -1 (default)
2019-09-25 07:05:22,886 [pool-47-thread-1] INFO  server.RaftServerConfigKeys (ConfUtils.java:logGet(43)) - raft.server.log.statemachine.data.caching.enabled = true (custom)
2019-09-25 07:05:22,887 [pool-47-thread-1] INFO  segmented.SegmentedRaftLogWorker (SegmentedRaftLogWorker.java:lambda$new$0(132)) - 24bf2945-a329-4da6-aaf2-23ecd8d462c6@group-2E317CE6C93B-SegmentedRaftLogWorker: flushIndex: setUnconditionally 0 -> -1
2019-09-25 07:05:22,887 [pool-47-thread-1] INFO  server.RaftServerConfigKeys (ConfUtils.java:logGet(43)) - raft.server.snapshot.auto.trigger.enabled = true (custom)
2019-09-25 07:05:22,887 [pool-47-thread-1] INFO  server.RaftServerConfigKeys (ConfUtils.java:logGet(43)) - raft.server.snapshot.auto.trigger.threshold = 10000 (custom)
2019-09-25 07:05:22,887 [pool-47-thread-1] INFO  server.RaftServerConfigKeys (ConfUtils.java:logGet(43)) - raft.server.snapshot.retention.num.files = 5 (custom)
2019-09-25 07:05:22,887 [pool-47-thread-1] INFO  server.RaftServerConfigKeys (ConfUtils.java:logGet(43)) - raft.server.retrycache.expirytime = 600000ms (custom)
2019-09-25 07:05:22,889 [pool-47-thread-1] INFO  impl.RaftServerImpl (RaftServerImpl.java:start(185)) - 24bf2945-a329-4da6-aaf2-23ecd8d462c6@group-2E317CE6C93B: start as a follower, conf=-1: [24bf2945-a329-4da6-aaf2-23ecd8d462c6:192.168.30.10:42867], old=null
2019-09-25 07:05:22,889 [pool-47-thread-1] INFO  impl.RaftServerImpl (RaftServerImpl.java:setRole(174)) - 24bf2945-a329-4da6-aaf2-23ecd8d462c6@group-2E317CE6C93B: changes role from      null to FOLLOWER at term 0 for startAsFollower
2019-09-25 07:05:22,889 [pool-47-thread-1] INFO  impl.RoleInfo (RoleInfo.java:updateAndGet(143)) - 24bf2945-a329-4da6-aaf2-23ecd8d462c6: start FollowerState
2019-09-25 07:05:22,889 [pool-47-thread-1] INFO  util.JmxRegister (JmxRegister.java:tryRegister(44)) - Successfully registered JMX Bean with object name Ratis:service=RaftServer,group=group-2E317CE6C93B,id=24bf2945-a329-4da6-aaf2-23ecd8d462c6
2019-09-25 07:05:22,892 [RatisPipelineUtilsThread] INFO  pipeline.PipelineStateManager (PipelineStateManager.java:addPipeline(56)) - Created pipeline Pipeline[ Id: 32c27087-8fa9-4c9a-98c4-2e317ce6c93b, Nodes: 24bf2945-a329-4da6-aaf2-23ecd8d462c6{ip: 192.168.30.10, host: pr-hdds-1569-s62bp-3040748787, networkLocation: /default-rack, certSerialId: null}, Type:RATIS, Factor:ONE, State:OPEN]
2019-09-25 07:05:22,896 [grpc-default-executor-5] INFO  impl.RaftServerProxy (RaftServerProxy.java:addNew(89)) - e568d23f-199e-48ce-91e4-5c166e2e97cd: addNew group-2414F55CAE67:[e568d23f-199e-48ce-91e4-5c166e2e97cd:192.168.30.10:42827] returns group-2414F55CAE67:java.util.concurrent.CompletableFuture@23b32511[Not completed]
2019-09-25 07:05:22,897 [pool-27-thread-1] INFO  impl.RaftServerImpl (RaftServerImpl.java:<init>(95)) - e568d23f-199e-48ce-91e4-5c166e2e97cd: new RaftServerImpl for group-2414F55CAE67:[e568d23f-199e-48ce-91e4-5c166e2e97cd:192.168.30.10:42827] with ContainerStateMachine:uninitialized
2019-09-25 07:05:22,898 [pool-27-thread-1] INFO  server.RaftServerConfigKeys (ConfUtils.java:logGet(43)) - raft.server.rpc.timeout.min = 5s (custom)
2019-09-25 07:05:22,898 [pool-27-thread-1] INFO  server.RaftServerConfigKeys (ConfUtils.java:logGet(43)) - raft.server.rpc.timeout.max = 5200ms (custom)
2019-09-25 07:05:22,898 [pool-27-thread-1] INFO  server.RaftServerConfigKeys (ConfUtils.java:logGet(43)) - raft.server.rpcslowness.timeout = 120s (custom)
2019-09-25 07:05:22,898 [pool-27-thread-1] INFO  server.RaftServerConfigKeys (ConfUtils.java:logGet(43)) - raft.server.sleep.deviation.threshold = 300 (default)
2019-09-25 07:05:22,898 [pool-27-thread-1] INFO  server.RaftServerConfigKeys (ConfUtils.java:logGet(43)) - raft.server.log.appender.install.snapshot.enabled = false (custom)
2019-09-25 07:05:22,898 [pool-27-thread-1] INFO  impl.RaftServerImpl (ServerState.java:<init>(103)) - e568d23f-199e-48ce-91e4-5c166e2e97cd@group-2414F55CAE67: ConfigurationManager, init=-1: [e568d23f-199e-48ce-91e4-5c166e2e97cd:192.168.30.10:42827], old=null, confs=<EMPTY_MAP>
2019-09-25 07:05:22,898 [pool-27-thread-1] INFO  server.RaftServerConfigKeys (ConfUtils.java:logGet(43)) - raft.server.storage.dir = [/workdir/hadoop-ozone/integration-test/target/test-dir/MiniOzoneClusterImpl-39af9574-7a8b-4ed7-b830-bf686a3d4bb8/datanode-0/data/ratis] (custom)
2019-09-25 07:05:22,899 [pool-27-thread-1] INFO  storage.RaftStorageDirectory (RaftStorageDirectory.java:analyzeStorage(246)) - The storage directory /workdir/hadoop-ozone/integration-test/target/test-dir/MiniOzoneClusterImpl-39af9574-7a8b-4ed7-b830-bf686a3d4bb8/datanode-0/data/ratis/86dbeeb2-d88f-4abf-938f-2414f55cae67 does not exist. Creating ...
2019-09-25 07:05:22,912 [pool-27-thread-1] INFO  storage.RaftStorageDirectory (RaftStorageDirectory.java:tryLock(328)) - Lock on /workdir/hadoop-ozone/integration-test/target/test-dir/MiniOzoneClusterImpl-39af9574-7a8b-4ed7-b830-bf686a3d4bb8/datanode-0/data/ratis/86dbeeb2-d88f-4abf-938f-2414f55cae67/in_use.lock acquired by nodename 19495@pr-hdds-1569-s62bp-3040748787
2019-09-25 07:05:22,925 [pool-27-thread-1] INFO  storage.RaftStorage (RaftStorage.java:format(72)) - Storage directory /workdir/hadoop-ozone/integration-test/target/test-dir/MiniOzoneClusterImpl-39af9574-7a8b-4ed7-b830-bf686a3d4bb8/datanode-0/data/ratis/86dbeeb2-d88f-4abf-938f-2414f55cae67 has been successfully formatted.
2019-09-25 07:05:22,925 [pool-27-thread-1] INFO  ratis.ContainerStateMachine (ContainerStateMachine.java:loadSnapshot(230)) - group-2414F55CAE67: The snapshot info is null. Setting the last applied indexto:(t:0, i:~)
2019-09-25 07:05:22,926 [pool-27-thread-1] INFO  server.RaftServerConfigKeys (ConfUtils.java:logGet(43)) - raft.server.notification.no-leader.timeout = 120s (custom)
2019-09-25 07:05:22,926 [pool-27-thread-1] INFO  server.RaftServerConfigKeys (ConfUtils.java:logGet(43)) - raft.server.log.use.memory = false (default)
2019-09-25 07:05:22,926 [pool-27-thread-1] INFO  server.RaftServerConfigKeys (ConfUtils.java:logGet(43)) - raft.server.log.purge.gap = 1000000 (custom)
2019-09-25 07:05:22,926 [pool-27-thread-1] INFO  server.RaftServerConfigKeys (ConfUtils.java:logGet(43)) - raft.server.log.appender.buffer.byte-limit = 33554432 (custom)
2019-09-25 07:05:22,926 [pool-27-thread-1] INFO  server.RaftServerConfigKeys (ConfUtils.java:logGet(43)) - raft.server.log.segment.size.max = 1048576 (custom)
2019-09-25 07:05:22,926 [pool-27-thread-1] INFO  server.RaftServerConfigKeys (ConfUtils.java:logGet(43)) - raft.server.log.segment.cache.num.max = 2 (custom)
2019-09-25 07:05:22,926 [pool-27-thread-1] INFO  segmented.SegmentedRaftLogWorker (SegmentedRaftLogWorker.java:<init>(172)) - new e568d23f-199e-48ce-91e4-5c166e2e97cd@group-2414F55CAE67-SegmentedRaftLogWorker for RaftStorage:Storage Directory /workdir/hadoop-ozone/integration-test/target/test-dir/MiniOzoneClusterImpl-39af9574-7a8b-4ed7-b830-bf686a3d4bb8/datanode-0/data/ratis/86dbeeb2-d88f-4abf-938f-2414f55cae67
2019-09-25 07:05:22,927 [pool-27-thread-1] INFO  server.RaftServerConfigKeys (ConfUtils.java:logGet(43)) - raft.server.log.queue.byte-limit = 2147483647 (custom)
2019-09-25 07:05:22,927 [pool-27-thread-1] INFO  server.RaftServerConfigKeys (ConfUtils.java:logGet(43)) - raft.server.log.queue.element-limit = 1024 (custom)
2019-09-25 07:05:22,927 [pool-27-thread-1] INFO  server.RaftServerConfigKeys (ConfUtils.java:logGet(43)) - raft.server.log.segment.size.max = 1048576 (custom)
2019-09-25 07:05:22,927 [pool-27-thread-1] INFO  server.RaftServerConfigKeys (ConfUtils.java:logGet(43)) - raft.server.log.preallocated.size = 16384 (custom)
2019-09-25 07:05:22,927 [pool-27-thread-1] INFO  server.RaftServerConfigKeys (ConfUtils.java:logGet(43)) - raft.server.log.write.buffer.size = 33554432 (custom)
2019-09-25 07:05:22,927 [pool-27-thread-1] INFO  server.RaftServerConfigKeys (ConfUtils.java:logGet(43)) - raft.server.log.force.sync.num = 128 (default)
2019-09-25 07:05:22,927 [pool-27-thread-1] INFO  server.RaftServerConfigKeys (ConfUtils.java:logGet(43)) - raft.server.log.statemachine.data.sync = true (default)
2019-09-25 07:05:22,927 [pool-27-thread-1] INFO  server.RaftServerConfigKeys (ConfUtils.java:logGet(43)) - raft.server.log.statemachine.data.sync.timeout = 10s (default)
2019-09-25 07:05:22,928 [pool-27-thread-1] INFO  server.RaftServerConfigKeys (ConfUtils.java:logGet(43)) - raft.server.log.statemachine.data.sync.timeout.retry = -1 (default)
2019-09-25 07:05:22,928 [pool-27-thread-1] INFO  server.RaftServerConfigKeys (ConfUtils.java:logGet(43)) - raft.server.log.statemachine.data.caching.enabled = true (custom)
2019-09-25 07:05:22,928 [pool-27-thread-1] INFO  segmented.SegmentedRaftLogWorker (SegmentedRaftLogWorker.java:lambda$new$0(132)) - e568d23f-199e-48ce-91e4-5c166e2e97cd@group-2414F55CAE67-SegmentedRaftLogWorker: flushIndex: setUnconditionally 0 -> -1
2019-09-25 07:05:22,928 [pool-27-thread-1] INFO  server.RaftServerConfigKeys (ConfUtils.java:logGet(43)) - raft.server.snapshot.auto.trigger.enabled = true (custom)
2019-09-25 07:05:22,929 [pool-27-thread-1] INFO  server.RaftServerConfigKeys (ConfUtils.java:logGet(43)) - raft.server.snapshot.auto.trigger.threshold = 10000 (custom)
2019-09-25 07:05:22,929 [pool-27-thread-1] INFO  server.RaftServerConfigKeys (ConfUtils.java:logGet(43)) - raft.server.snapshot.retention.num.files = 5 (custom)
2019-09-25 07:05:22,929 [pool-27-thread-1] INFO  server.RaftServerConfigKeys (ConfUtils.java:logGet(43)) - raft.server.retrycache.expirytime = 600000ms (custom)
2019-09-25 07:05:22,930 [pool-27-thread-1] INFO  impl.RaftServerImpl (RaftServerImpl.java:start(185)) - e568d23f-199e-48ce-91e4-5c166e2e97cd@group-2414F55CAE67: start as a follower, conf=-1: [e568d23f-199e-48ce-91e4-5c166e2e97cd:192.168.30.10:42827], old=null
2019-09-25 07:05:22,931 [pool-27-thread-1] INFO  impl.RaftServerImpl (RaftServerImpl.java:setRole(174)) - e568d23f-199e-48ce-91e4-5c166e2e97cd@group-2414F55CAE67: changes role from      null to FOLLOWER at term 0 for startAsFollower
2019-09-25 07:05:22,931 [pool-27-thread-1] INFO  impl.RoleInfo (RoleInfo.java:updateAndGet(143)) - e568d23f-199e-48ce-91e4-5c166e2e97cd: start FollowerState
2019-09-25 07:05:22,931 [pool-27-thread-1] INFO  util.JmxRegister (JmxRegister.java:tryRegister(44)) - Successfully registered JMX Bean with object name Ratis:service=RaftServer,group=group-2414F55CAE67,id=e568d23f-199e-48ce-91e4-5c166e2e97cd
2019-09-25 07:05:22,933 [RatisPipelineUtilsThread] INFO  pipeline.PipelineStateManager (PipelineStateManager.java:addPipeline(56)) - Created pipeline Pipeline[ Id: 86dbeeb2-d88f-4abf-938f-2414f55cae67, Nodes: e568d23f-199e-48ce-91e4-5c166e2e97cd{ip: 192.168.30.10, host: pr-hdds-1569-s62bp-3040748787, networkLocation: /default-rack, certSerialId: null}, Type:RATIS, Factor:ONE, State:OPEN]
2019-09-25 07:05:22,937 [grpc-default-executor-5] INFO  impl.RaftServerProxy (RaftServerProxy.java:addNew(89)) - 24bf2945-a329-4da6-aaf2-23ecd8d462c6: addNew group-071F7AC501E7:[24bf2945-a329-4da6-aaf2-23ecd8d462c6:192.168.30.10:42867] returns group-071F7AC501E7:java.util.concurrent.CompletableFuture@4547c7f5[Not completed]
2019-09-25 07:05:22,938 [pool-47-thread-1] INFO  impl.RaftServerImpl (RaftServerImpl.java:<init>(95)) - 24bf2945-a329-4da6-aaf2-23ecd8d462c6: new RaftServerImpl for group-071F7AC501E7:[24bf2945-a329-4da6-aaf2-23ecd8d462c6:192.168.30.10:42867] with ContainerStateMachine:uninitialized
2019-09-25 07:05:22,938 [pool-47-thread-1] INFO  server.RaftServerConfigKeys (ConfUtils.java:logGet(43)) - raft.server.rpc.timeout.min = 5s (custom)
2019-09-25 07:05:22,938 [pool-47-thread-1] INFO  server.RaftServerConfigKeys (ConfUtils.java:logGet(43)) - raft.server.rpc.timeout.max = 5200ms (custom)
2019-09-25 07:05:22,939 [pool-47-thread-1] INFO  server.RaftServerConfigKeys (ConfUtils.java:logGet(43)) - raft.server.rpcslowness.timeout = 120s (custom)
2019-09-25 07:05:22,939 [pool-47-thread-1] INFO  server.RaftServerConfigKeys (ConfUtils.java:logGet(43)) - raft.server.sleep.deviation.threshold = 300 (default)
2019-09-25 07:05:22,939 [pool-47-thread-1] INFO  server.RaftServerConfigKeys (ConfUtils.java:logGet(43)) - raft.server.log.appender.install.snapshot.enabled = false (custom)
2019-09-25 07:05:22,939 [pool-47-thread-1] INFO  impl.RaftServerImpl (ServerState.java:<init>(103)) - 24bf2945-a329-4da6-aaf2-23ecd8d462c6@group-071F7AC501E7: ConfigurationManager, init=-1: [24bf2945-a329-4da6-aaf2-23ecd8d462c6:192.168.30.10:42867], old=null, confs=<EMPTY_MAP>
2019-09-25 07:05:22,939 [pool-47-thread-1] INFO  server.RaftServerConfigKeys (ConfUtils.java:logGet(43)) - raft.server.storage.dir = [/workdir/hadoop-ozone/integration-test/target/test-dir/MiniOzoneClusterImpl-39af9574-7a8b-4ed7-b830-bf686a3d4bb8/datanode-2/data/ratis] (custom)
2019-09-25 07:05:22,940 [pool-47-thread-1] INFO  storage.RaftStorageDirectory (RaftStorageDirectory.java:analyzeStorage(246)) - The storage directory /workdir/hadoop-ozone/integration-test/target/test-dir/MiniOzoneClusterImpl-39af9574-7a8b-4ed7-b830-bf686a3d4bb8/datanode-2/data/ratis/29e78c8e-5536-4cfc-b2fe-071f7ac501e7 does not exist. Creating ...
2019-09-25 07:05:22,953 [pool-47-thread-1] INFO  storage.RaftStorageDirectory (RaftStorageDirectory.java:tryLock(328)) - Lock on /workdir/hadoop-ozone/integration-test/target/test-dir/MiniOzoneClusterImpl-39af9574-7a8b-4ed7-b830-bf686a3d4bb8/datanode-2/data/ratis/29e78c8e-5536-4cfc-b2fe-071f7ac501e7/in_use.lock acquired by nodename 19495@pr-hdds-1569-s62bp-3040748787
2019-09-25 07:05:22,965 [pool-47-thread-1] INFO  storage.RaftStorage (RaftStorage.java:format(72)) - Storage directory /workdir/hadoop-ozone/integration-test/target/test-dir/MiniOzoneClusterImpl-39af9574-7a8b-4ed7-b830-bf686a3d4bb8/datanode-2/data/ratis/29e78c8e-5536-4cfc-b2fe-071f7ac501e7 has been successfully formatted.
2019-09-25 07:05:22,966 [pool-47-thread-1] INFO  ratis.ContainerStateMachine (ContainerStateMachine.java:loadSnapshot(230)) - group-071F7AC501E7: The snapshot info is null. Setting the last applied indexto:(t:0, i:~)
2019-09-25 07:05:22,966 [pool-47-thread-1] INFO  server.RaftServerConfigKeys (ConfUtils.java:logGet(43)) - raft.server.notification.no-leader.timeout = 120s (custom)
2019-09-25 07:05:22,966 [pool-47-thread-1] INFO  server.RaftServerConfigKeys (ConfUtils.java:logGet(43)) - raft.server.log.use.memory = false (default)
2019-09-25 07:05:22,966 [pool-47-thread-1] INFO  server.RaftServerConfigKeys (ConfUtils.java:logGet(43)) - raft.server.log.purge.gap = 1000000 (custom)
2019-09-25 07:05:22,966 [pool-47-thread-1] INFO  server.RaftServerConfigKeys (ConfUtils.java:logGet(43)) - raft.server.log.appender.buffer.byte-limit = 33554432 (custom)
2019-09-25 07:05:22,966 [pool-47-thread-1] INFO  server.RaftServerConfigKeys (ConfUtils.java:logGet(43)) - raft.server.log.segment.size.max = 1048576 (custom)
2019-09-25 07:05:22,967 [pool-47-thread-1] INFO  server.RaftServerConfigKeys (ConfUtils.java:logGet(43)) - raft.server.log.segment.cache.num.max = 2 (custom)
2019-09-25 07:05:22,967 [pool-47-thread-1] INFO  segmented.SegmentedRaftLogWorker (SegmentedRaftLogWorker.java:<init>(172)) - new 24bf2945-a329-4da6-aaf2-23ecd8d462c6@group-071F7AC501E7-SegmentedRaftLogWorker for RaftStorage:Storage Directory /workdir/hadoop-ozone/integration-test/target/test-dir/MiniOzoneClusterImpl-39af9574-7a8b-4ed7-b830-bf686a3d4bb8/datanode-2/data/ratis/29e78c8e-5536-4cfc-b2fe-071f7ac501e7
2019-09-25 07:05:22,967 [pool-47-thread-1] INFO  server.RaftServerConfigKeys (ConfUtils.java:logGet(43)) - raft.server.log.queue.byte-limit = 2147483647 (custom)
2019-09-25 07:05:22,967 [pool-47-thread-1] INFO  server.RaftServerConfigKeys (ConfUtils.java:logGet(43)) - raft.server.log.queue.element-limit = 1024 (custom)
2019-09-25 07:05:22,967 [pool-47-thread-1] INFO  server.RaftServerConfigKeys (ConfUtils.java:logGet(43)) - raft.server.log.segment.size.max = 1048576 (custom)
2019-09-25 07:05:22,967 [pool-47-thread-1] INFO  server.RaftServerConfigKeys (ConfUtils.java:logGet(43)) - raft.server.log.preallocated.size = 16384 (custom)
2019-09-25 07:05:22,967 [pool-47-thread-1] INFO  server.RaftServerConfigKeys (ConfUtils.java:logGet(43)) - raft.server.log.write.buffer.size = 33554432 (custom)
2019-09-25 07:05:22,967 [pool-47-thread-1] INFO  server.RaftServerConfigKeys (ConfUtils.java:logGet(43)) - raft.server.log.force.sync.num = 128 (default)
2019-09-25 07:05:22,968 [pool-47-thread-1] INFO  server.RaftServerConfigKeys (ConfUtils.java:logGet(43)) - raft.server.log.statemachine.data.sync = true (default)
2019-09-25 07:05:22,968 [pool-47-thread-1] INFO  server.RaftServerConfigKeys (ConfUtils.java:logGet(43)) - raft.server.log.statemachine.data.sync.timeout = 10s (default)
2019-09-25 07:05:22,968 [pool-47-thread-1] INFO  server.RaftServerConfigKeys (ConfUtils.java:logGet(43)) - raft.server.log.statemachine.data.sync.timeout.retry = -1 (default)
2019-09-25 07:05:22,968 [pool-47-thread-1] INFO  server.RaftServerConfigKeys (ConfUtils.java:logGet(43)) - raft.server.log.statemachine.data.caching.enabled = true (custom)
2019-09-25 07:05:22,968 [pool-47-thread-1] INFO  segmented.SegmentedRaftLogWorker (SegmentedRaftLogWorker.java:lambda$new$0(132)) - 24bf2945-a329-4da6-aaf2-23ecd8d462c6@group-071F7AC501E7-SegmentedRaftLogWorker: flushIndex: setUnconditionally 0 -> -1
2019-09-25 07:05:22,969 [pool-47-thread-1] INFO  server.RaftServerConfigKeys (ConfUtils.java:logGet(43)) - raft.server.snapshot.auto.trigger.enabled = true (custom)
2019-09-25 07:05:22,969 [pool-47-thread-1] INFO  server.RaftServerConfigKeys (ConfUtils.java:logGet(43)) - raft.server.snapshot.auto.trigger.threshold = 10000 (custom)
2019-09-25 07:05:22,969 [pool-47-thread-1] INFO  server.RaftServerConfigKeys (ConfUtils.java:logGet(43)) - raft.server.snapshot.retention.num.files = 5 (custom)
2019-09-25 07:05:22,969 [pool-47-thread-1] INFO  server.RaftServerConfigKeys (ConfUtils.java:logGet(43)) - raft.server.retrycache.expirytime = 600000ms (custom)
2019-09-25 07:05:22,971 [pool-47-thread-1] INFO  impl.RaftServerImpl (RaftServerImpl.java:start(185)) - 24bf2945-a329-4da6-aaf2-23ecd8d462c6@group-071F7AC501E7: start as a follower, conf=-1: [24bf2945-a329-4da6-aaf2-23ecd8d462c6:192.168.30.10:42867], old=null
2019-09-25 07:05:22,971 [pool-47-thread-1] INFO  impl.RaftServerImpl (RaftServerImpl.java:setRole(174)) - 24bf2945-a329-4da6-aaf2-23ecd8d462c6@group-071F7AC501E7: changes role from      null to FOLLOWER at term 0 for startAsFollower
2019-09-25 07:05:22,971 [pool-47-thread-1] INFO  impl.RoleInfo (RoleInfo.java:updateAndGet(143)) - 24bf2945-a329-4da6-aaf2-23ecd8d462c6: start FollowerState
2019-09-25 07:05:22,971 [pool-47-thread-1] INFO  util.JmxRegister (JmxRegister.java:tryRegister(44)) - Successfully registered JMX Bean with object name Ratis:service=RaftServer,group=group-071F7AC501E7,id=24bf2945-a329-4da6-aaf2-23ecd8d462c6
2019-09-25 07:05:22,974 [RatisPipelineUtilsThread] INFO  pipeline.PipelineStateManager (PipelineStateManager.java:addPipeline(56)) - Created pipeline Pipeline[ Id: 29e78c8e-5536-4cfc-b2fe-071f7ac501e7, Nodes: 24bf2945-a329-4da6-aaf2-23ecd8d462c6{ip: 192.168.30.10, host: pr-hdds-1569-s62bp-3040748787, networkLocation: /default-rack, certSerialId: null}, Type:RATIS, Factor:ONE, State:OPEN]
2019-09-25 07:05:22,984 [grpc-default-executor-5] INFO  impl.RaftServerProxy (RaftServerProxy.java:addNew(89)) - 62ec8eb9-3ae9-4136-b70a-2caf3716fa7f: addNew group-47A8EC2720C9:[62ec8eb9-3ae9-4136-b70a-2caf3716fa7f:192.168.30.10:44715] returns group-47A8EC2720C9:java.util.concurrent.CompletableFuture@55b5ac57[Not completed]
2019-09-25 07:05:22,985 [pool-37-thread-1] INFO  impl.RaftServerImpl (RaftServerImpl.java:<init>(95)) - 62ec8eb9-3ae9-4136-b70a-2caf3716fa7f: new RaftServerImpl for group-47A8EC2720C9:[62ec8eb9-3ae9-4136-b70a-2caf3716fa7f:192.168.30.10:44715] with ContainerStateMachine:uninitialized
2019-09-25 07:05:22,985 [pool-37-thread-1] INFO  server.RaftServerConfigKeys (ConfUtils.java:logGet(43)) - raft.server.rpc.timeout.min = 5s (custom)
2019-09-25 07:05:22,985 [pool-37-thread-1] INFO  server.RaftServerConfigKeys (ConfUtils.java:logGet(43)) - raft.server.rpc.timeout.max = 5200ms (custom)
2019-09-25 07:05:22,986 [pool-37-thread-1] INFO  server.RaftServerConfigKeys (ConfUtils.java:logGet(43)) - raft.server.rpcslowness.timeout = 120s (custom)
2019-09-25 07:05:22,986 [pool-37-thread-1] INFO  server.RaftServerConfigKeys (ConfUtils.java:logGet(43)) - raft.server.sleep.deviation.threshold = 300 (default)
2019-09-25 07:05:22,986 [pool-37-thread-1] INFO  server.RaftServerConfigKeys (ConfUtils.java:logGet(43)) - raft.server.log.appender.install.snapshot.enabled = false (custom)
2019-09-25 07:05:22,986 [pool-37-thread-1] INFO  impl.RaftServerImpl (ServerState.java:<init>(103)) - 62ec8eb9-3ae9-4136-b70a-2caf3716fa7f@group-47A8EC2720C9: ConfigurationManager, init=-1: [62ec8eb9-3ae9-4136-b70a-2caf3716fa7f:192.168.30.10:44715], old=null, confs=<EMPTY_MAP>
2019-09-25 07:05:22,986 [pool-37-thread-1] INFO  server.RaftServerConfigKeys (ConfUtils.java:logGet(43)) - raft.server.storage.dir = [/workdir/hadoop-ozone/integration-test/target/test-dir/MiniOzoneClusterImpl-39af9574-7a8b-4ed7-b830-bf686a3d4bb8/datanode-1/data/ratis] (custom)
2019-09-25 07:05:22,987 [pool-37-thread-1] INFO  storage.RaftStorageDirectory (RaftStorageDirectory.java:analyzeStorage(246)) - The storage directory /workdir/hadoop-ozone/integration-test/target/test-dir/MiniOzoneClusterImpl-39af9574-7a8b-4ed7-b830-bf686a3d4bb8/datanode-1/data/ratis/8c7dd1df-1813-4f69-96b1-47a8ec2720c9 does not exist. Creating ...
2019-09-25 07:05:23,030 [pool-37-thread-1] INFO  storage.RaftStorageDirectory (RaftStorageDirectory.java:tryLock(328)) - Lock on /workdir/hadoop-ozone/integration-test/target/test-dir/MiniOzoneClusterImpl-39af9574-7a8b-4ed7-b830-bf686a3d4bb8/datanode-1/data/ratis/8c7dd1df-1813-4f69-96b1-47a8ec2720c9/in_use.lock acquired by nodename 19495@pr-hdds-1569-s62bp-3040748787
2019-09-25 07:05:23,051 [pool-37-thread-1] INFO  storage.RaftStorage (RaftStorage.java:format(72)) - Storage directory /workdir/hadoop-ozone/integration-test/target/test-dir/MiniOzoneClusterImpl-39af9574-7a8b-4ed7-b830-bf686a3d4bb8/datanode-1/data/ratis/8c7dd1df-1813-4f69-96b1-47a8ec2720c9 has been successfully formatted.
2019-09-25 07:05:23,052 [pool-37-thread-1] INFO  ratis.ContainerStateMachine (ContainerStateMachine.java:loadSnapshot(230)) - group-47A8EC2720C9: The snapshot info is null. Setting the last applied indexto:(t:0, i:~)
2019-09-25 07:05:23,052 [pool-37-thread-1] INFO  server.RaftServerConfigKeys (ConfUtils.java:logGet(43)) - raft.server.notification.no-leader.timeout = 120s (custom)
2019-09-25 07:05:23,052 [pool-37-thread-1] INFO  server.RaftServerConfigKeys (ConfUtils.java:logGet(43)) - raft.server.log.use.memory = false (default)
2019-09-25 07:05:23,052 [pool-37-thread-1] INFO  server.RaftServerConfigKeys (ConfUtils.java:logGet(43)) - raft.server.log.purge.gap = 1000000 (custom)
2019-09-25 07:05:23,052 [pool-37-thread-1] INFO  server.RaftServerConfigKeys (ConfUtils.java:logGet(43)) - raft.server.log.appender.buffer.byte-limit = 33554432 (custom)
2019-09-25 07:05:23,052 [pool-37-thread-1] INFO  server.RaftServerConfigKeys (ConfUtils.java:logGet(43)) - raft.server.log.segment.size.max = 1048576 (custom)
2019-09-25 07:05:23,052 [pool-37-thread-1] INFO  server.RaftServerConfigKeys (ConfUtils.java:logGet(43)) - raft.server.log.segment.cache.num.max = 2 (custom)
2019-09-25 07:05:23,053 [pool-37-thread-1] INFO  segmented.SegmentedRaftLogWorker (SegmentedRaftLogWorker.java:<init>(172)) - new 62ec8eb9-3ae9-4136-b70a-2caf3716fa7f@group-47A8EC2720C9-SegmentedRaftLogWorker for RaftStorage:Storage Directory /workdir/hadoop-ozone/integration-test/target/test-dir/MiniOzoneClusterImpl-39af9574-7a8b-4ed7-b830-bf686a3d4bb8/datanode-1/data/ratis/8c7dd1df-1813-4f69-96b1-47a8ec2720c9
2019-09-25 07:05:23,053 [pool-37-thread-1] INFO  server.RaftServerConfigKeys (ConfUtils.java:logGet(43)) - raft.server.log.queue.byte-limit = 2147483647 (custom)
2019-09-25 07:05:23,053 [pool-37-thread-1] INFO  server.RaftServerConfigKeys (ConfUtils.java:logGet(43)) - raft.server.log.queue.element-limit = 1024 (custom)
2019-09-25 07:05:23,053 [pool-37-thread-1] INFO  server.RaftServerConfigKeys (ConfUtils.java:logGet(43)) - raft.server.log.segment.size.max = 1048576 (custom)
2019-09-25 07:05:23,053 [pool-37-thread-1] INFO  server.RaftServerConfigKeys (ConfUtils.java:logGet(43)) - raft.server.log.preallocated.size = 16384 (custom)
2019-09-25 07:05:23,053 [pool-37-thread-1] INFO  server.RaftServerConfigKeys (ConfUtils.java:logGet(43)) - raft.server.log.write.buffer.size = 33554432 (custom)
2019-09-25 07:05:23,054 [pool-37-thread-1] INFO  server.RaftServerConfigKeys (ConfUtils.java:logGet(43)) - raft.server.log.force.sync.num = 128 (default)
2019-09-25 07:05:23,054 [pool-37-thread-1] INFO  server.RaftServerConfigKeys (ConfUtils.java:logGet(43)) - raft.server.log.statemachine.data.sync = true (default)
2019-09-25 07:05:23,054 [pool-37-thread-1] INFO  server.RaftServerConfigKeys (ConfUtils.java:logGet(43)) - raft.server.log.statemachine.data.sync.timeout = 10s (default)
2019-09-25 07:05:23,054 [pool-37-thread-1] INFO  server.RaftServerConfigKeys (ConfUtils.java:logGet(43)) - raft.server.log.statemachine.data.sync.timeout.retry = -1 (default)
2019-09-25 07:05:23,054 [pool-37-thread-1] INFO  server.RaftServerConfigKeys (ConfUtils.java:logGet(43)) - raft.server.log.statemachine.data.caching.enabled = true (custom)
2019-09-25 07:05:23,054 [pool-37-thread-1] INFO  segmented.SegmentedRaftLogWorker (SegmentedRaftLogWorker.java:lambda$new$0(132)) - 62ec8eb9-3ae9-4136-b70a-2caf3716fa7f@group-47A8EC2720C9-SegmentedRaftLogWorker: flushIndex: setUnconditionally 0 -> -1
2019-09-25 07:05:23,055 [pool-37-thread-1] INFO  server.RaftServerConfigKeys (ConfUtils.java:logGet(43)) - raft.server.snapshot.auto.trigger.enabled = true (custom)
2019-09-25 07:05:23,055 [pool-37-thread-1] INFO  server.RaftServerConfigKeys (ConfUtils.java:logGet(43)) - raft.server.snapshot.auto.trigger.threshold = 10000 (custom)
2019-09-25 07:05:23,055 [pool-37-thread-1] INFO  server.RaftServerConfigKeys (ConfUtils.java:logGet(43)) - raft.server.snapshot.retention.num.files = 5 (custom)
2019-09-25 07:05:23,055 [pool-37-thread-1] INFO  server.RaftServerConfigKeys (ConfUtils.java:logGet(43)) - raft.server.retrycache.expirytime = 600000ms (custom)
2019-09-25 07:05:23,057 [pool-37-thread-1] INFO  impl.RaftServerImpl (RaftServerImpl.java:start(185)) - 62ec8eb9-3ae9-4136-b70a-2caf3716fa7f@group-47A8EC2720C9: start as a follower, conf=-1: [62ec8eb9-3ae9-4136-b70a-2caf3716fa7f:192.168.30.10:44715], old=null
2019-09-25 07:05:23,057 [pool-37-thread-1] INFO  impl.RaftServerImpl (RaftServerImpl.java:setRole(174)) - 62ec8eb9-3ae9-4136-b70a-2caf3716fa7f@group-47A8EC2720C9: changes role from      null to FOLLOWER at term 0 for startAsFollower
2019-09-25 07:05:23,058 [pool-37-thread-1] INFO  impl.RoleInfo (RoleInfo.java:updateAndGet(143)) - 62ec8eb9-3ae9-4136-b70a-2caf3716fa7f: start FollowerState
2019-09-25 07:05:23,058 [pool-37-thread-1] INFO  util.JmxRegister (JmxRegister.java:tryRegister(44)) - Successfully registered JMX Bean with object name Ratis:service=RaftServer,group=group-47A8EC2720C9,id=62ec8eb9-3ae9-4136-b70a-2caf3716fa7f
2019-09-25 07:05:23,061 [RatisPipelineUtilsThread] INFO  pipeline.PipelineStateManager (PipelineStateManager.java:addPipeline(56)) - Created pipeline Pipeline[ Id: 8c7dd1df-1813-4f69-96b1-47a8ec2720c9, Nodes: 62ec8eb9-3ae9-4136-b70a-2caf3716fa7f{ip: 192.168.30.10, host: pr-hdds-1569-s62bp-3040748787, networkLocation: /default-rack, certSerialId: null}, Type:RATIS, Factor:ONE, State:OPEN]
2019-09-25 07:05:23,065 [grpc-default-executor-5] INFO  impl.RaftServerProxy (RaftServerProxy.java:addNew(89)) - 62ec8eb9-3ae9-4136-b70a-2caf3716fa7f: addNew group-C0AAFDAB154D:[62ec8eb9-3ae9-4136-b70a-2caf3716fa7f:192.168.30.10:44715] returns group-C0AAFDAB154D:java.util.concurrent.CompletableFuture@41e07541[Not completed]
2019-09-25 07:05:23,066 [pool-37-thread-1] INFO  impl.RaftServerImpl (RaftServerImpl.java:<init>(95)) - 62ec8eb9-3ae9-4136-b70a-2caf3716fa7f: new RaftServerImpl for group-C0AAFDAB154D:[62ec8eb9-3ae9-4136-b70a-2caf3716fa7f:192.168.30.10:44715] with ContainerStateMachine:uninitialized
2019-09-25 07:05:23,066 [pool-37-thread-1] INFO  server.RaftServerConfigKeys (ConfUtils.java:logGet(43)) - raft.server.rpc.timeout.min = 5s (custom)
2019-09-25 07:05:23,067 [pool-37-thread-1] INFO  server.RaftServerConfigKeys (ConfUtils.java:logGet(43)) - raft.server.rpc.timeout.max = 5200ms (custom)
2019-09-25 07:05:23,067 [pool-37-thread-1] INFO  server.RaftServerConfigKeys (ConfUtils.java:logGet(43)) - raft.server.rpcslowness.timeout = 120s (custom)
2019-09-25 07:05:23,067 [pool-37-thread-1] INFO  server.RaftServerConfigKeys (ConfUtils.java:logGet(43)) - raft.server.sleep.deviation.threshold = 300 (default)
2019-09-25 07:05:23,067 [pool-37-thread-1] INFO  server.RaftServerConfigKeys (ConfUtils.java:logGet(43)) - raft.server.log.appender.install.snapshot.enabled = false (custom)
2019-09-25 07:05:23,067 [pool-37-thread-1] INFO  impl.RaftServerImpl (ServerState.java:<init>(103)) - 62ec8eb9-3ae9-4136-b70a-2caf3716fa7f@group-C0AAFDAB154D: ConfigurationManager, init=-1: [62ec8eb9-3ae9-4136-b70a-2caf3716fa7f:192.168.30.10:44715], old=null, confs=<EMPTY_MAP>
2019-09-25 07:05:23,067 [pool-37-thread-1] INFO  server.RaftServerConfigKeys (ConfUtils.java:logGet(43)) - raft.server.storage.dir = [/workdir/hadoop-ozone/integration-test/target/test-dir/MiniOzoneClusterImpl-39af9574-7a8b-4ed7-b830-bf686a3d4bb8/datanode-1/data/ratis] (custom)
2019-09-25 07:05:23,068 [pool-37-thread-1] INFO  storage.RaftStorageDirectory (RaftStorageDirectory.java:analyzeStorage(246)) - The storage directory /workdir/hadoop-ozone/integration-test/target/test-dir/MiniOzoneClusterImpl-39af9574-7a8b-4ed7-b830-bf686a3d4bb8/datanode-1/data/ratis/1dc0f0de-a0ef-44c3-8e3d-c0aafdab154d does not exist. Creating ...
2019-09-25 07:05:23,081 [pool-37-thread-1] INFO  storage.RaftStorageDirectory (RaftStorageDirectory.java:tryLock(328)) - Lock on /workdir/hadoop-ozone/integration-test/target/test-dir/MiniOzoneClusterImpl-39af9574-7a8b-4ed7-b830-bf686a3d4bb8/datanode-1/data/ratis/1dc0f0de-a0ef-44c3-8e3d-c0aafdab154d/in_use.lock acquired by nodename 19495@pr-hdds-1569-s62bp-3040748787
2019-09-25 07:05:23,093 [pool-37-thread-1] INFO  storage.RaftStorage (RaftStorage.java:format(72)) - Storage directory /workdir/hadoop-ozone/integration-test/target/test-dir/MiniOzoneClusterImpl-39af9574-7a8b-4ed7-b830-bf686a3d4bb8/datanode-1/data/ratis/1dc0f0de-a0ef-44c3-8e3d-c0aafdab154d has been successfully formatted.
2019-09-25 07:05:23,094 [pool-37-thread-1] INFO  ratis.ContainerStateMachine (ContainerStateMachine.java:loadSnapshot(230)) - group-C0AAFDAB154D: The snapshot info is null. Setting the last applied indexto:(t:0, i:~)
2019-09-25 07:05:23,094 [pool-37-thread-1] INFO  server.RaftServerConfigKeys (ConfUtils.java:logGet(43)) - raft.server.notification.no-leader.timeout = 120s (custom)
2019-09-25 07:05:23,094 [pool-37-thread-1] INFO  server.RaftServerConfigKeys (ConfUtils.java:logGet(43)) - raft.server.log.use.memory = false (default)
2019-09-25 07:05:23,094 [pool-37-thread-1] INFO  server.RaftServerConfigKeys (ConfUtils.java:logGet(43)) - raft.server.log.purge.gap = 1000000 (custom)
2019-09-25 07:05:23,094 [pool-37-thread-1] INFO  server.RaftServerConfigKeys (ConfUtils.java:logGet(43)) - raft.server.log.appender.buffer.byte-limit = 33554432 (custom)
2019-09-25 07:05:23,094 [pool-37-thread-1] INFO  server.RaftServerConfigKeys (ConfUtils.java:logGet(43)) - raft.server.log.segment.size.max = 1048576 (custom)
2019-09-25 07:05:23,094 [pool-37-thread-1] INFO  server.RaftServerConfigKeys (ConfUtils.java:logGet(43)) - raft.server.log.segment.cache.num.max = 2 (custom)
2019-09-25 07:05:23,095 [pool-37-thread-1] INFO  segmented.SegmentedRaftLogWorker (SegmentedRaftLogWorker.java:<init>(172)) - new 62ec8eb9-3ae9-4136-b70a-2caf3716fa7f@group-C0AAFDAB154D-SegmentedRaftLogWorker for RaftStorage:Storage Directory /workdir/hadoop-ozone/integration-test/target/test-dir/MiniOzoneClusterImpl-39af9574-7a8b-4ed7-b830-bf686a3d4bb8/datanode-1/data/ratis/1dc0f0de-a0ef-44c3-8e3d-c0aafdab154d
2019-09-25 07:05:23,095 [pool-37-thread-1] INFO  server.RaftServerConfigKeys (ConfUtils.java:logGet(43)) - raft.server.log.queue.byte-limit = 2147483647 (custom)
2019-09-25 07:05:23,095 [pool-37-thread-1] INFO  server.RaftServerConfigKeys (ConfUtils.java:logGet(43)) - raft.server.log.queue.element-limit = 1024 (custom)
2019-09-25 07:05:23,095 [pool-37-thread-1] INFO  server.RaftServerConfigKeys (ConfUtils.java:logGet(43)) - raft.server.log.segment.size.max = 1048576 (custom)
2019-09-25 07:05:23,095 [pool-37-thread-1] INFO  server.RaftServerConfigKeys (ConfUtils.java:logGet(43)) - raft.server.log.preallocated.size = 16384 (custom)
2019-09-25 07:05:23,095 [pool-37-thread-1] INFO  server.RaftServerConfigKeys (ConfUtils.java:logGet(43)) - raft.server.log.write.buffer.size = 33554432 (custom)
2019-09-25 07:05:23,095 [pool-37-thread-1] INFO  server.RaftServerConfigKeys (ConfUtils.java:logGet(43)) - raft.server.log.force.sync.num = 128 (default)
2019-09-25 07:05:23,096 [pool-37-thread-1] INFO  server.RaftServerConfigKeys (ConfUtils.java:logGet(43)) - raft.server.log.statemachine.data.sync = true (default)
2019-09-25 07:05:23,096 [pool-37-thread-1] INFO  server.RaftServerConfigKeys (ConfUtils.java:logGet(43)) - raft.server.log.statemachine.data.sync.timeout = 10s (default)
2019-09-25 07:05:23,096 [pool-37-thread-1] INFO  server.RaftServerConfigKeys (ConfUtils.java:logGet(43)) - raft.server.log.statemachine.data.sync.timeout.retry = -1 (default)
2019-09-25 07:05:23,096 [pool-37-thread-1] INFO  server.RaftServerConfigKeys (ConfUtils.java:logGet(43)) - raft.server.log.statemachine.data.caching.enabled = true (custom)
2019-09-25 07:05:23,096 [pool-37-thread-1] INFO  segmented.SegmentedRaftLogWorker (SegmentedRaftLogWorker.java:lambda$new$0(132)) - 62ec8eb9-3ae9-4136-b70a-2caf3716fa7f@group-C0AAFDAB154D-SegmentedRaftLogWorker: flushIndex: setUnconditionally 0 -> -1
2019-09-25 07:05:23,097 [pool-37-thread-1] INFO  server.RaftServerConfigKeys (ConfUtils.java:logGet(43)) - raft.server.snapshot.auto.trigger.enabled = true (custom)
2019-09-25 07:05:23,097 [pool-37-thread-1] INFO  server.RaftServerConfigKeys (ConfUtils.java:logGet(43)) - raft.server.snapshot.auto.trigger.threshold = 10000 (custom)
2019-09-25 07:05:23,097 [pool-37-thread-1] INFO  server.RaftServerConfigKeys (ConfUtils.java:logGet(43)) - raft.server.snapshot.retention.num.files = 5 (custom)
2019-09-25 07:05:23,097 [pool-37-thread-1] INFO  server.RaftServerConfigKeys (ConfUtils.java:logGet(43)) - raft.server.retrycache.expirytime = 600000ms (custom)
2019-09-25 07:05:23,099 [pool-37-thread-1] INFO  impl.RaftServerImpl (RaftServerImpl.java:start(185)) - 62ec8eb9-3ae9-4136-b70a-2caf3716fa7f@group-C0AAFDAB154D: start as a follower, conf=-1: [62ec8eb9-3ae9-4136-b70a-2caf3716fa7f:192.168.30.10:44715], old=null
2019-09-25 07:05:23,099 [pool-37-thread-1] INFO  impl.RaftServerImpl (RaftServerImpl.java:setRole(174)) - 62ec8eb9-3ae9-4136-b70a-2caf3716fa7f@group-C0AAFDAB154D: changes role from      null to FOLLOWER at term 0 for startAsFollower
2019-09-25 07:05:23,099 [pool-37-thread-1] INFO  impl.RoleInfo (RoleInfo.java:updateAndGet(143)) - 62ec8eb9-3ae9-4136-b70a-2caf3716fa7f: start FollowerState
2019-09-25 07:05:23,099 [pool-37-thread-1] INFO  util.JmxRegister (JmxRegister.java:tryRegister(44)) - Successfully registered JMX Bean with object name Ratis:service=RaftServer,group=group-C0AAFDAB154D,id=62ec8eb9-3ae9-4136-b70a-2caf3716fa7f
2019-09-25 07:05:23,102 [RatisPipelineUtilsThread] INFO  pipeline.PipelineStateManager (PipelineStateManager.java:addPipeline(56)) - Created pipeline Pipeline[ Id: 1dc0f0de-a0ef-44c3-8e3d-c0aafdab154d, Nodes: 62ec8eb9-3ae9-4136-b70a-2caf3716fa7f{ip: 192.168.30.10, host: pr-hdds-1569-s62bp-3040748787, networkLocation: /default-rack, certSerialId: null}, Type:RATIS, Factor:ONE, State:OPEN]
2019-09-25 07:05:23,106 [grpc-default-executor-5] INFO  impl.RaftServerProxy (RaftServerProxy.java:addNew(89)) - e568d23f-199e-48ce-91e4-5c166e2e97cd: addNew group-8B886540B6D6:[e568d23f-199e-48ce-91e4-5c166e2e97cd:192.168.30.10:42827] returns group-8B886540B6D6:java.util.concurrent.CompletableFuture@72285ca8[Not completed]
2019-09-25 07:05:23,107 [pool-27-thread-1] INFO  impl.RaftServerImpl (RaftServerImpl.java:<init>(95)) - e568d23f-199e-48ce-91e4-5c166e2e97cd: new RaftServerImpl for group-8B886540B6D6:[e568d23f-199e-48ce-91e4-5c166e2e97cd:192.168.30.10:42827] with ContainerStateMachine:uninitialized
2019-09-25 07:05:23,108 [pool-27-thread-1] INFO  server.RaftServerConfigKeys (ConfUtils.java:logGet(43)) - raft.server.rpc.timeout.min = 5s (custom)
2019-09-25 07:05:23,108 [pool-27-thread-1] INFO  server.RaftServerConfigKeys (ConfUtils.java:logGet(43)) - raft.server.rpc.timeout.max = 5200ms (custom)
2019-09-25 07:05:23,108 [pool-27-thread-1] INFO  server.RaftServerConfigKeys (ConfUtils.java:logGet(43)) - raft.server.rpcslowness.timeout = 120s (custom)
2019-09-25 07:05:23,108 [pool-27-thread-1] INFO  server.RaftServerConfigKeys (ConfUtils.java:logGet(43)) - raft.server.sleep.deviation.threshold = 300 (default)
2019-09-25 07:05:23,108 [pool-27-thread-1] INFO  server.RaftServerConfigKeys (ConfUtils.java:logGet(43)) - raft.server.log.appender.install.snapshot.enabled = false (custom)
2019-09-25 07:05:23,108 [pool-27-thread-1] INFO  impl.RaftServerImpl (ServerState.java:<init>(103)) - e568d23f-199e-48ce-91e4-5c166e2e97cd@group-8B886540B6D6: ConfigurationManager, init=-1: [e568d23f-199e-48ce-91e4-5c166e2e97cd:192.168.30.10:42827], old=null, confs=<EMPTY_MAP>
2019-09-25 07:05:23,108 [pool-27-thread-1] INFO  server.RaftServerConfigKeys (ConfUtils.java:logGet(43)) - raft.server.storage.dir = [/workdir/hadoop-ozone/integration-test/target/test-dir/MiniOzoneClusterImpl-39af9574-7a8b-4ed7-b830-bf686a3d4bb8/datanode-0/data/ratis] (custom)
2019-09-25 07:05:23,109 [pool-27-thread-1] INFO  storage.RaftStorageDirectory (RaftStorageDirectory.java:analyzeStorage(246)) - The storage directory /workdir/hadoop-ozone/integration-test/target/test-dir/MiniOzoneClusterImpl-39af9574-7a8b-4ed7-b830-bf686a3d4bb8/datanode-0/data/ratis/40362360-8e13-4218-a8f7-8b886540b6d6 does not exist. Creating ...
2019-09-25 07:05:23,122 [pool-27-thread-1] INFO  storage.RaftStorageDirectory (RaftStorageDirectory.java:tryLock(328)) - Lock on /workdir/hadoop-ozone/integration-test/target/test-dir/MiniOzoneClusterImpl-39af9574-7a8b-4ed7-b830-bf686a3d4bb8/datanode-0/data/ratis/40362360-8e13-4218-a8f7-8b886540b6d6/in_use.lock acquired by nodename 19495@pr-hdds-1569-s62bp-3040748787
2019-09-25 07:05:23,134 [pool-27-thread-1] INFO  storage.RaftStorage (RaftStorage.java:format(72)) - Storage directory /workdir/hadoop-ozone/integration-test/target/test-dir/MiniOzoneClusterImpl-39af9574-7a8b-4ed7-b830-bf686a3d4bb8/datanode-0/data/ratis/40362360-8e13-4218-a8f7-8b886540b6d6 has been successfully formatted.
2019-09-25 07:05:23,135 [pool-27-thread-1] INFO  ratis.ContainerStateMachine (ContainerStateMachine.java:loadSnapshot(230)) - group-8B886540B6D6: The snapshot info is null. Setting the last applied indexto:(t:0, i:~)
2019-09-25 07:05:23,135 [pool-27-thread-1] INFO  server.RaftServerConfigKeys (ConfUtils.java:logGet(43)) - raft.server.notification.no-leader.timeout = 120s (custom)
2019-09-25 07:05:23,135 [pool-27-thread-1] INFO  server.RaftServerConfigKeys (ConfUtils.java:logGet(43)) - raft.server.log.use.memory = false (default)
2019-09-25 07:05:23,135 [pool-27-thread-1] INFO  server.RaftServerConfigKeys (ConfUtils.java:logGet(43)) - raft.server.log.purge.gap = 1000000 (custom)
2019-09-25 07:05:23,135 [pool-27-thread-1] INFO  server.RaftServerConfigKeys (ConfUtils.java:logGet(43)) - raft.server.log.appender.buffer.byte-limit = 33554432 (custom)
2019-09-25 07:05:23,135 [pool-27-thread-1] INFO  server.RaftServerConfigKeys (ConfUtils.java:logGet(43)) - raft.server.log.segment.size.max = 1048576 (custom)
2019-09-25 07:05:23,136 [pool-27-thread-1] INFO  server.RaftServerConfigKeys (ConfUtils.java:logGet(43)) - raft.server.log.segment.cache.num.max = 2 (custom)
2019-09-25 07:05:23,136 [pool-27-thread-1] INFO  segmented.SegmentedRaftLogWorker (SegmentedRaftLogWorker.java:<init>(172)) - new e568d23f-199e-48ce-91e4-5c166e2e97cd@group-8B886540B6D6-SegmentedRaftLogWorker for RaftStorage:Storage Directory /workdir/hadoop-ozone/integration-test/target/test-dir/MiniOzoneClusterImpl-39af9574-7a8b-4ed7-b830-bf686a3d4bb8/datanode-0/data/ratis/40362360-8e13-4218-a8f7-8b886540b6d6
2019-09-25 07:05:23,136 [pool-27-thread-1] INFO  server.RaftServerConfigKeys (ConfUtils.java:logGet(43)) - raft.server.log.queue.byte-limit = 2147483647 (custom)
2019-09-25 07:05:23,136 [pool-27-thread-1] INFO  server.RaftServerConfigKeys (ConfUtils.java:logGet(43)) - raft.server.log.queue.element-limit = 1024 (custom)
2019-09-25 07:05:23,136 [pool-27-thread-1] INFO  server.RaftServerConfigKeys (ConfUtils.java:logGet(43)) - raft.server.log.segment.size.max = 1048576 (custom)
2019-09-25 07:05:23,136 [pool-27-thread-1] INFO  server.RaftServerConfigKeys (ConfUtils.java:logGet(43)) - raft.server.log.preallocated.size = 16384 (custom)
2019-09-25 07:05:23,137 [pool-27-thread-1] INFO  server.RaftServerConfigKeys (ConfUtils.java:logGet(43)) - raft.server.log.write.buffer.size = 33554432 (custom)
2019-09-25 07:05:23,137 [pool-27-thread-1] INFO  server.RaftServerConfigKeys (ConfUtils.java:logGet(43)) - raft.server.log.force.sync.num = 128 (default)
2019-09-25 07:05:23,137 [pool-27-thread-1] INFO  server.RaftServerConfigKeys (ConfUtils.java:logGet(43)) - raft.server.log.statemachine.data.sync = true (default)
2019-09-25 07:05:23,137 [pool-27-thread-1] INFO  server.RaftServerConfigKeys (ConfUtils.java:logGet(43)) - raft.server.log.statemachine.data.sync.timeout = 10s (default)
2019-09-25 07:05:23,137 [pool-27-thread-1] INFO  server.RaftServerConfigKeys (ConfUtils.java:logGet(43)) - raft.server.log.statemachine.data.sync.timeout.retry = -1 (default)
2019-09-25 07:05:23,137 [pool-27-thread-1] INFO  server.RaftServerConfigKeys (ConfUtils.java:logGet(43)) - raft.server.log.statemachine.data.caching.enabled = true (custom)
2019-09-25 07:05:23,138 [pool-27-thread-1] INFO  segmented.SegmentedRaftLogWorker (SegmentedRaftLogWorker.java:lambda$new$0(132)) - e568d23f-199e-48ce-91e4-5c166e2e97cd@group-8B886540B6D6-SegmentedRaftLogWorker: flushIndex: setUnconditionally 0 -> -1
2019-09-25 07:05:23,138 [pool-27-thread-1] INFO  server.RaftServerConfigKeys (ConfUtils.java:logGet(43)) - raft.server.snapshot.auto.trigger.enabled = true (custom)
2019-09-25 07:05:23,138 [pool-27-thread-1] INFO  server.RaftServerConfigKeys (ConfUtils.java:logGet(43)) - raft.server.snapshot.auto.trigger.threshold = 10000 (custom)
2019-09-25 07:05:23,138 [pool-27-thread-1] INFO  server.RaftServerConfigKeys (ConfUtils.java:logGet(43)) - raft.server.snapshot.retention.num.files = 5 (custom)
2019-09-25 07:05:23,138 [pool-27-thread-1] INFO  server.RaftServerConfigKeys (ConfUtils.java:logGet(43)) - raft.server.retrycache.expirytime = 600000ms (custom)
2019-09-25 07:05:23,140 [pool-27-thread-1] INFO  impl.RaftServerImpl (RaftServerImpl.java:start(185)) - e568d23f-199e-48ce-91e4-5c166e2e97cd@group-8B886540B6D6: start as a follower, conf=-1: [e568d23f-199e-48ce-91e4-5c166e2e97cd:192.168.30.10:42827], old=null
2019-09-25 07:05:23,141 [pool-27-thread-1] INFO  impl.RaftServerImpl (RaftServerImpl.java:setRole(174)) - e568d23f-199e-48ce-91e4-5c166e2e97cd@group-8B886540B6D6: changes role from      null to FOLLOWER at term 0 for startAsFollower
2019-09-25 07:05:23,141 [pool-27-thread-1] INFO  impl.RoleInfo (RoleInfo.java:updateAndGet(143)) - e568d23f-199e-48ce-91e4-5c166e2e97cd: start FollowerState
2019-09-25 07:05:23,141 [pool-27-thread-1] INFO  util.JmxRegister (JmxRegister.java:tryRegister(44)) - Successfully registered JMX Bean with object name Ratis:service=RaftServer,group=group-8B886540B6D6,id=e568d23f-199e-48ce-91e4-5c166e2e97cd
2019-09-25 07:05:23,144 [RatisPipelineUtilsThread] INFO  pipeline.PipelineStateManager (PipelineStateManager.java:addPipeline(56)) - Created pipeline Pipeline[ Id: 40362360-8e13-4218-a8f7-8b886540b6d6, Nodes: e568d23f-199e-48ce-91e4-5c166e2e97cd{ip: 192.168.30.10, host: pr-hdds-1569-s62bp-3040748787, networkLocation: /default-rack, certSerialId: null}, Type:RATIS, Factor:ONE, State:OPEN]
2019-09-25 07:05:23,148 [grpc-default-executor-5] INFO  impl.RaftServerProxy (RaftServerProxy.java:addNew(89)) - e568d23f-199e-48ce-91e4-5c166e2e97cd: addNew group-632C8215C82D:[e568d23f-199e-48ce-91e4-5c166e2e97cd:192.168.30.10:42827] returns group-632C8215C82D:java.util.concurrent.CompletableFuture@114e7de3[Not completed]
2019-09-25 07:05:23,150 [pool-27-thread-1] INFO  impl.RaftServerImpl (RaftServerImpl.java:<init>(95)) - e568d23f-199e-48ce-91e4-5c166e2e97cd: new RaftServerImpl for group-632C8215C82D:[e568d23f-199e-48ce-91e4-5c166e2e97cd:192.168.30.10:42827] with ContainerStateMachine:uninitialized
2019-09-25 07:05:23,150 [pool-27-thread-1] INFO  server.RaftServerConfigKeys (ConfUtils.java:logGet(43)) - raft.server.rpc.timeout.min = 5s (custom)
2019-09-25 07:05:23,150 [pool-27-thread-1] INFO  server.RaftServerConfigKeys (ConfUtils.java:logGet(43)) - raft.server.rpc.timeout.max = 5200ms (custom)
2019-09-25 07:05:23,150 [pool-27-thread-1] INFO  server.RaftServerConfigKeys (ConfUtils.java:logGet(43)) - raft.server.rpcslowness.timeout = 120s (custom)
2019-09-25 07:05:23,150 [pool-27-thread-1] INFO  server.RaftServerConfigKeys (ConfUtils.java:logGet(43)) - raft.server.sleep.deviation.threshold = 300 (default)
2019-09-25 07:05:23,150 [pool-27-thread-1] INFO  server.RaftServerConfigKeys (ConfUtils.java:logGet(43)) - raft.server.log.appender.install.snapshot.enabled = false (custom)
2019-09-25 07:05:23,150 [pool-27-thread-1] INFO  impl.RaftServerImpl (ServerState.java:<init>(103)) - e568d23f-199e-48ce-91e4-5c166e2e97cd@group-632C8215C82D: ConfigurationManager, init=-1: [e568d23f-199e-48ce-91e4-5c166e2e97cd:192.168.30.10:42827], old=null, confs=<EMPTY_MAP>
2019-09-25 07:05:23,151 [pool-27-thread-1] INFO  server.RaftServerConfigKeys (ConfUtils.java:logGet(43)) - raft.server.storage.dir = [/workdir/hadoop-ozone/integration-test/target/test-dir/MiniOzoneClusterImpl-39af9574-7a8b-4ed7-b830-bf686a3d4bb8/datanode-0/data/ratis] (custom)
2019-09-25 07:05:23,151 [pool-27-thread-1] INFO  storage.RaftStorageDirectory (RaftStorageDirectory.java:analyzeStorage(246)) - The storage directory /workdir/hadoop-ozone/integration-test/target/test-dir/MiniOzoneClusterImpl-39af9574-7a8b-4ed7-b830-bf686a3d4bb8/datanode-0/data/ratis/8022e31d-341d-4627-9c3f-632c8215c82d does not exist. Creating ...
2019-09-25 07:05:23,164 [pool-27-thread-1] INFO  storage.RaftStorageDirectory (RaftStorageDirectory.java:tryLock(328)) - Lock on /workdir/hadoop-ozone/integration-test/target/test-dir/MiniOzoneClusterImpl-39af9574-7a8b-4ed7-b830-bf686a3d4bb8/datanode-0/data/ratis/8022e31d-341d-4627-9c3f-632c8215c82d/in_use.lock acquired by nodename 19495@pr-hdds-1569-s62bp-3040748787
2019-09-25 07:05:23,176 [pool-27-thread-1] INFO  storage.RaftStorage (RaftStorage.java:format(72)) - Storage directory /workdir/hadoop-ozone/integration-test/target/test-dir/MiniOzoneClusterImpl-39af9574-7a8b-4ed7-b830-bf686a3d4bb8/datanode-0/data/ratis/8022e31d-341d-4627-9c3f-632c8215c82d has been successfully formatted.
2019-09-25 07:05:23,176 [pool-27-thread-1] INFO  ratis.ContainerStateMachine (ContainerStateMachine.java:loadSnapshot(230)) - group-632C8215C82D: The snapshot info is null. Setting the last applied indexto:(t:0, i:~)
2019-09-25 07:05:23,177 [pool-27-thread-1] INFO  server.RaftServerConfigKeys (ConfUtils.java:logGet(43)) - raft.server.notification.no-leader.timeout = 120s (custom)
2019-09-25 07:05:23,177 [pool-27-thread-1] INFO  server.RaftServerConfigKeys (ConfUtils.java:logGet(43)) - raft.server.log.use.memory = false (default)
2019-09-25 07:05:23,177 [pool-27-thread-1] INFO  server.RaftServerConfigKeys (ConfUtils.java:logGet(43)) - raft.server.log.purge.gap = 1000000 (custom)
2019-09-25 07:05:23,177 [pool-27-thread-1] INFO  server.RaftServerConfigKeys (ConfUtils.java:logGet(43)) - raft.server.log.appender.buffer.byte-limit = 33554432 (custom)
2019-09-25 07:05:23,177 [pool-27-thread-1] INFO  server.RaftServerConfigKeys (ConfUtils.java:logGet(43)) - raft.server.log.segment.size.max = 1048576 (custom)
2019-09-25 07:05:23,177 [pool-27-thread-1] INFO  server.RaftServerConfigKeys (ConfUtils.java:logGet(43)) - raft.server.log.segment.cache.num.max = 2 (custom)
2019-09-25 07:05:23,178 [pool-27-thread-1] INFO  segmented.SegmentedRaftLogWorker (SegmentedRaftLogWorker.java:<init>(172)) - new e568d23f-199e-48ce-91e4-5c166e2e97cd@group-632C8215C82D-SegmentedRaftLogWorker for RaftStorage:Storage Directory /workdir/hadoop-ozone/integration-test/target/test-dir/MiniOzoneClusterImpl-39af9574-7a8b-4ed7-b830-bf686a3d4bb8/datanode-0/data/ratis/8022e31d-341d-4627-9c3f-632c8215c82d
2019-09-25 07:05:23,178 [pool-27-thread-1] INFO  server.RaftServerConfigKeys (ConfUtils.java:logGet(43)) - raft.server.log.queue.byte-limit = 2147483647 (custom)
2019-09-25 07:05:23,178 [pool-27-thread-1] INFO  server.RaftServerConfigKeys (ConfUtils.java:logGet(43)) - raft.server.log.queue.element-limit = 1024 (custom)
2019-09-25 07:05:23,178 [pool-27-thread-1] INFO  server.RaftServerConfigKeys (ConfUtils.java:logGet(43)) - raft.server.log.segment.size.max = 1048576 (custom)
2019-09-25 07:05:23,178 [pool-27-thread-1] INFO  server.RaftServerConfigKeys (ConfUtils.java:logGet(43)) - raft.server.log.preallocated.size = 16384 (custom)
2019-09-25 07:05:23,178 [pool-27-thread-1] INFO  server.RaftServerConfigKeys (ConfUtils.java:logGet(43)) - raft.server.log.write.buffer.size = 33554432 (custom)
2019-09-25 07:05:23,178 [pool-27-thread-1] INFO  server.RaftServerConfigKeys (ConfUtils.java:logGet(43)) - raft.server.log.force.sync.num = 128 (default)
2019-09-25 07:05:23,178 [pool-27-thread-1] INFO  server.RaftServerConfigKeys (ConfUtils.java:logGet(43)) - raft.server.log.statemachine.data.sync = true (default)
2019-09-25 07:05:23,179 [pool-27-thread-1] INFO  server.RaftServerConfigKeys (ConfUtils.java:logGet(43)) - raft.server.log.statemachine.data.sync.timeout = 10s (default)
2019-09-25 07:05:23,179 [pool-27-thread-1] INFO  server.RaftServerConfigKeys (ConfUtils.java:logGet(43)) - raft.server.log.statemachine.data.sync.timeout.retry = -1 (default)
2019-09-25 07:05:23,179 [pool-27-thread-1] INFO  server.RaftServerConfigKeys (ConfUtils.java:logGet(43)) - raft.server.log.statemachine.data.caching.enabled = true (custom)
2019-09-25 07:05:23,179 [pool-27-thread-1] INFO  segmented.SegmentedRaftLogWorker (SegmentedRaftLogWorker.java:lambda$new$0(132)) - e568d23f-199e-48ce-91e4-5c166e2e97cd@group-632C8215C82D-SegmentedRaftLogWorker: flushIndex: setUnconditionally 0 -> -1
2019-09-25 07:05:23,180 [pool-27-thread-1] INFO  server.RaftServerConfigKeys (ConfUtils.java:logGet(43)) - raft.server.snapshot.auto.trigger.enabled = true (custom)
2019-09-25 07:05:23,180 [pool-27-thread-1] INFO  server.RaftServerConfigKeys (ConfUtils.java:logGet(43)) - raft.server.snapshot.auto.trigger.threshold = 10000 (custom)
2019-09-25 07:05:23,180 [pool-27-thread-1] INFO  server.RaftServerConfigKeys (ConfUtils.java:logGet(43)) - raft.server.snapshot.retention.num.files = 5 (custom)
2019-09-25 07:05:23,180 [pool-27-thread-1] INFO  server.RaftServerConfigKeys (ConfUtils.java:logGet(43)) - raft.server.retrycache.expirytime = 600000ms (custom)
2019-09-25 07:05:23,182 [pool-27-thread-1] INFO  impl.RaftServerImpl (RaftServerImpl.java:start(185)) - e568d23f-199e-48ce-91e4-5c166e2e97cd@group-632C8215C82D: start as a follower, conf=-1: [e568d23f-199e-48ce-91e4-5c166e2e97cd:192.168.30.10:42827], old=null
2019-09-25 07:05:23,182 [pool-27-thread-1] INFO  impl.RaftServerImpl (RaftServerImpl.java:setRole(174)) - e568d23f-199e-48ce-91e4-5c166e2e97cd@group-632C8215C82D: changes role from      null to FOLLOWER at term 0 for startAsFollower
2019-09-25 07:05:23,182 [pool-27-thread-1] INFO  impl.RoleInfo (RoleInfo.java:updateAndGet(143)) - e568d23f-199e-48ce-91e4-5c166e2e97cd: start FollowerState
2019-09-25 07:05:23,183 [pool-27-thread-1] INFO  util.JmxRegister (JmxRegister.java:tryRegister(44)) - Successfully registered JMX Bean with object name Ratis:service=RaftServer,group=group-632C8215C82D,id=e568d23f-199e-48ce-91e4-5c166e2e97cd
2019-09-25 07:05:23,185 [RatisPipelineUtilsThread] INFO  pipeline.PipelineStateManager (PipelineStateManager.java:addPipeline(56)) - Created pipeline Pipeline[ Id: 8022e31d-341d-4627-9c3f-632c8215c82d, Nodes: e568d23f-199e-48ce-91e4-5c166e2e97cd{ip: 192.168.30.10, host: pr-hdds-1569-s62bp-3040748787, networkLocation: /default-rack, certSerialId: null}, Type:RATIS, Factor:ONE, State:OPEN]
2019-09-25 07:05:23,189 [grpc-default-executor-5] INFO  impl.RaftServerProxy (RaftServerProxy.java:addNew(89)) - 62ec8eb9-3ae9-4136-b70a-2caf3716fa7f: addNew group-FF327785AE80:[62ec8eb9-3ae9-4136-b70a-2caf3716fa7f:192.168.30.10:44715] returns group-FF327785AE80:java.util.concurrent.CompletableFuture@17f79e62[Not completed]
2019-09-25 07:05:23,190 [pool-37-thread-1] INFO  impl.RaftServerImpl (RaftServerImpl.java:<init>(95)) - 62ec8eb9-3ae9-4136-b70a-2caf3716fa7f: new RaftServerImpl for group-FF327785AE80:[62ec8eb9-3ae9-4136-b70a-2caf3716fa7f:192.168.30.10:44715] with ContainerStateMachine:uninitialized
2019-09-25 07:05:23,191 [pool-37-thread-1] INFO  server.RaftServerConfigKeys (ConfUtils.java:logGet(43)) - raft.server.rpc.timeout.min = 5s (custom)
2019-09-25 07:05:23,191 [pool-37-thread-1] INFO  server.RaftServerConfigKeys (ConfUtils.java:logGet(43)) - raft.server.rpc.timeout.max = 5200ms (custom)
2019-09-25 07:05:23,191 [pool-37-thread-1] INFO  server.RaftServerConfigKeys (ConfUtils.java:logGet(43)) - raft.server.rpcslowness.timeout = 120s (custom)
2019-09-25 07:05:23,191 [pool-37-thread-1] INFO  server.RaftServerConfigKeys (ConfUtils.java:logGet(43)) - raft.server.sleep.deviation.threshold = 300 (default)
2019-09-25 07:05:23,191 [pool-37-thread-1] INFO  server.RaftServerConfigKeys (ConfUtils.java:logGet(43)) - raft.server.log.appender.install.snapshot.enabled = false (custom)
2019-09-25 07:05:23,191 [pool-37-thread-1] INFO  impl.RaftServerImpl (ServerState.java:<init>(103)) - 62ec8eb9-3ae9-4136-b70a-2caf3716fa7f@group-FF327785AE80: ConfigurationManager, init=-1: [62ec8eb9-3ae9-4136-b70a-2caf3716fa7f:192.168.30.10:44715], old=null, confs=<EMPTY_MAP>
2019-09-25 07:05:23,192 [pool-37-thread-1] INFO  server.RaftServerConfigKeys (ConfUtils.java:logGet(43)) - raft.server.storage.dir = [/workdir/hadoop-ozone/integration-test/target/test-dir/MiniOzoneClusterImpl-39af9574-7a8b-4ed7-b830-bf686a3d4bb8/datanode-1/data/ratis] (custom)
2019-09-25 07:05:23,192 [pool-37-thread-1] INFO  storage.RaftStorageDirectory (RaftStorageDirectory.java:analyzeStorage(246)) - The storage directory /workdir/hadoop-ozone/integration-test/target/test-dir/MiniOzoneClusterImpl-39af9574-7a8b-4ed7-b830-bf686a3d4bb8/datanode-1/data/ratis/8d069e8a-2195-4838-9263-ff327785ae80 does not exist. Creating ...
2019-09-25 07:05:23,205 [pool-37-thread-1] INFO  storage.RaftStorageDirectory (RaftStorageDirectory.java:tryLock(328)) - Lock on /workdir/hadoop-ozone/integration-test/target/test-dir/MiniOzoneClusterImpl-39af9574-7a8b-4ed7-b830-bf686a3d4bb8/datanode-1/data/ratis/8d069e8a-2195-4838-9263-ff327785ae80/in_use.lock acquired by nodename 19495@pr-hdds-1569-s62bp-3040748787
2019-09-25 07:05:23,218 [pool-37-thread-1] INFO  storage.RaftStorage (RaftStorage.java:format(72)) - Storage directory /workdir/hadoop-ozone/integration-test/target/test-dir/MiniOzoneClusterImpl-39af9574-7a8b-4ed7-b830-bf686a3d4bb8/datanode-1/data/ratis/8d069e8a-2195-4838-9263-ff327785ae80 has been successfully formatted.
2019-09-25 07:05:23,218 [pool-37-thread-1] INFO  ratis.ContainerStateMachine (ContainerStateMachine.java:loadSnapshot(230)) - group-FF327785AE80: The snapshot info is null. Setting the last applied indexto:(t:0, i:~)
2019-09-25 07:05:23,219 [pool-37-thread-1] INFO  server.RaftServerConfigKeys (ConfUtils.java:logGet(43)) - raft.server.notification.no-leader.timeout = 120s (custom)
2019-09-25 07:05:23,219 [pool-37-thread-1] INFO  server.RaftServerConfigKeys (ConfUtils.java:logGet(43)) - raft.server.log.use.memory = false (default)
2019-09-25 07:05:23,219 [pool-37-thread-1] INFO  server.RaftServerConfigKeys (ConfUtils.java:logGet(43)) - raft.server.log.purge.gap = 1000000 (custom)
2019-09-25 07:05:23,219 [pool-37-thread-1] INFO  server.RaftServerConfigKeys (ConfUtils.java:logGet(43)) - raft.server.log.appender.buffer.byte-limit = 33554432 (custom)
2019-09-25 07:05:23,219 [pool-37-thread-1] INFO  server.RaftServerConfigKeys (ConfUtils.java:logGet(43)) - raft.server.log.segment.size.max = 1048576 (custom)
2019-09-25 07:05:23,219 [pool-37-thread-1] INFO  server.RaftServerConfigKeys (ConfUtils.java:logGet(43)) - raft.server.log.segment.cache.num.max = 2 (custom)
2019-09-25 07:05:23,220 [pool-37-thread-1] INFO  segmented.SegmentedRaftLogWorker (SegmentedRaftLogWorker.java:<init>(172)) - new 62ec8eb9-3ae9-4136-b70a-2caf3716fa7f@group-FF327785AE80-SegmentedRaftLogWorker for RaftStorage:Storage Directory /workdir/hadoop-ozone/integration-test/target/test-dir/MiniOzoneClusterImpl-39af9574-7a8b-4ed7-b830-bf686a3d4bb8/datanode-1/data/ratis/8d069e8a-2195-4838-9263-ff327785ae80
2019-09-25 07:05:23,220 [pool-37-thread-1] INFO  server.RaftServerConfigKeys (ConfUtils.java:logGet(43)) - raft.server.log.queue.byte-limit = 2147483647 (custom)
2019-09-25 07:05:23,220 [pool-37-thread-1] INFO  server.RaftServerConfigKeys (ConfUtils.java:logGet(43)) - raft.server.log.queue.element-limit = 1024 (custom)
2019-09-25 07:05:23,220 [pool-37-thread-1] INFO  server.RaftServerConfigKeys (ConfUtils.java:logGet(43)) - raft.server.log.segment.size.max = 1048576 (custom)
2019-09-25 07:05:23,220 [pool-37-thread-1] INFO  server.RaftServerConfigKeys (ConfUtils.java:logGet(43)) - raft.server.log.preallocated.size = 16384 (custom)
2019-09-25 07:05:23,220 [pool-37-thread-1] INFO  server.RaftServerConfigKeys (ConfUtils.java:logGet(43)) - raft.server.log.write.buffer.size = 33554432 (custom)
2019-09-25 07:05:23,221 [pool-37-thread-1] INFO  server.RaftServerConfigKeys (ConfUtils.java:logGet(43)) - raft.server.log.force.sync.num = 128 (default)
2019-09-25 07:05:23,221 [pool-37-thread-1] INFO  server.RaftServerConfigKeys (ConfUtils.java:logGet(43)) - raft.server.log.statemachine.data.sync = true (default)
2019-09-25 07:05:23,221 [pool-37-thread-1] INFO  server.RaftServerConfigKeys (ConfUtils.java:logGet(43)) - raft.server.log.statemachine.data.sync.timeout = 10s (default)
2019-09-25 07:05:23,221 [pool-37-thread-1] INFO  server.RaftServerConfigKeys (ConfUtils.java:logGet(43)) - raft.server.log.statemachine.data.sync.timeout.retry = -1 (default)
2019-09-25 07:05:23,221 [pool-37-thread-1] INFO  server.RaftServerConfigKeys (ConfUtils.java:logGet(43)) - raft.server.log.statemachine.data.caching.enabled = true (custom)
2019-09-25 07:05:23,222 [pool-37-thread-1] INFO  segmented.SegmentedRaftLogWorker (SegmentedRaftLogWorker.java:lambda$new$0(132)) - 62ec8eb9-3ae9-4136-b70a-2caf3716fa7f@group-FF327785AE80-SegmentedRaftLogWorker: flushIndex: setUnconditionally 0 -> -1
2019-09-25 07:05:23,222 [pool-37-thread-1] INFO  server.RaftServerConfigKeys (ConfUtils.java:logGet(43)) - raft.server.snapshot.auto.trigger.enabled = true (custom)
2019-09-25 07:05:23,222 [pool-37-thread-1] INFO  server.RaftServerConfigKeys (ConfUtils.java:logGet(43)) - raft.server.snapshot.auto.trigger.threshold = 10000 (custom)
2019-09-25 07:05:23,222 [pool-37-thread-1] INFO  server.RaftServerConfigKeys (ConfUtils.java:logGet(43)) - raft.server.snapshot.retention.num.files = 5 (custom)
2019-09-25 07:05:23,222 [pool-37-thread-1] INFO  server.RaftServerConfigKeys (ConfUtils.java:logGet(43)) - raft.server.retrycache.expirytime = 600000ms (custom)
2019-09-25 07:05:23,226 [pool-37-thread-1] INFO  impl.RaftServerImpl (RaftServerImpl.java:start(185)) - 62ec8eb9-3ae9-4136-b70a-2caf3716fa7f@group-FF327785AE80: start as a follower, conf=-1: [62ec8eb9-3ae9-4136-b70a-2caf3716fa7f:192.168.30.10:44715], old=null
2019-09-25 07:05:23,226 [pool-37-thread-1] INFO  impl.RaftServerImpl (RaftServerImpl.java:setRole(174)) - 62ec8eb9-3ae9-4136-b70a-2caf3716fa7f@group-FF327785AE80: changes role from      null to FOLLOWER at term 0 for startAsFollower
2019-09-25 07:05:23,226 [pool-37-thread-1] INFO  impl.RoleInfo (RoleInfo.java:updateAndGet(143)) - 62ec8eb9-3ae9-4136-b70a-2caf3716fa7f: start FollowerState
2019-09-25 07:05:23,227 [pool-37-thread-1] INFO  util.JmxRegister (JmxRegister.java:tryRegister(44)) - Successfully registered JMX Bean with object name Ratis:service=RaftServer,group=group-FF327785AE80,id=62ec8eb9-3ae9-4136-b70a-2caf3716fa7f
2019-09-25 07:05:23,229 [RatisPipelineUtilsThread] INFO  pipeline.PipelineStateManager (PipelineStateManager.java:addPipeline(56)) - Created pipeline Pipeline[ Id: 8d069e8a-2195-4838-9263-ff327785ae80, Nodes: 62ec8eb9-3ae9-4136-b70a-2caf3716fa7f{ip: 192.168.30.10, host: pr-hdds-1569-s62bp-3040748787, networkLocation: /default-rack, certSerialId: null}, Type:RATIS, Factor:ONE, State:OPEN]
2019-09-25 07:05:23,234 [grpc-default-executor-5] INFO  impl.RaftServerProxy (RaftServerProxy.java:addNew(89)) - e568d23f-199e-48ce-91e4-5c166e2e97cd: addNew group-0CC37942C809:[e568d23f-199e-48ce-91e4-5c166e2e97cd:192.168.30.10:42827] returns group-0CC37942C809:java.util.concurrent.CompletableFuture@14966d9f[Not completed]
2019-09-25 07:05:23,235 [pool-27-thread-1] INFO  impl.RaftServerImpl (RaftServerImpl.java:<init>(95)) - e568d23f-199e-48ce-91e4-5c166e2e97cd: new RaftServerImpl for group-0CC37942C809:[e568d23f-199e-48ce-91e4-5c166e2e97cd:192.168.30.10:42827] with ContainerStateMachine:uninitialized
2019-09-25 07:05:23,235 [pool-27-thread-1] INFO  server.RaftServerConfigKeys (ConfUtils.java:logGet(43)) - raft.server.rpc.timeout.min = 5s (custom)
2019-09-25 07:05:23,236 [pool-27-thread-1] INFO  server.RaftServerConfigKeys (ConfUtils.java:logGet(43)) - raft.server.rpc.timeout.max = 5200ms (custom)
2019-09-25 07:05:23,236 [pool-27-thread-1] INFO  server.RaftServerConfigKeys (ConfUtils.java:logGet(43)) - raft.server.rpcslowness.timeout = 120s (custom)
2019-09-25 07:05:23,236 [pool-27-thread-1] INFO  server.RaftServerConfigKeys (ConfUtils.java:logGet(43)) - raft.server.sleep.deviation.threshold = 300 (default)
2019-09-25 07:05:23,236 [pool-27-thread-1] INFO  server.RaftServerConfigKeys (ConfUtils.java:logGet(43)) - raft.server.log.appender.install.snapshot.enabled = false (custom)
2019-09-25 07:05:23,236 [pool-27-thread-1] INFO  impl.RaftServerImpl (ServerState.java:<init>(103)) - e568d23f-199e-48ce-91e4-5c166e2e97cd@group-0CC37942C809: ConfigurationManager, init=-1: [e568d23f-199e-48ce-91e4-5c166e2e97cd:192.168.30.10:42827], old=null, confs=<EMPTY_MAP>
2019-09-25 07:05:23,236 [pool-27-thread-1] INFO  server.RaftServerConfigKeys (ConfUtils.java:logGet(43)) - raft.server.storage.dir = [/workdir/hadoop-ozone/integration-test/target/test-dir/MiniOzoneClusterImpl-39af9574-7a8b-4ed7-b830-bf686a3d4bb8/datanode-0/data/ratis] (custom)
2019-09-25 07:05:23,237 [pool-27-thread-1] INFO  storage.RaftStorageDirectory (RaftStorageDirectory.java:analyzeStorage(246)) - The storage directory /workdir/hadoop-ozone/integration-test/target/test-dir/MiniOzoneClusterImpl-39af9574-7a8b-4ed7-b830-bf686a3d4bb8/datanode-0/data/ratis/e2fb7351-d602-430e-a9d8-0cc37942c809 does not exist. Creating ...
2019-09-25 07:05:23,250 [pool-27-thread-1] INFO  storage.RaftStorageDirectory (RaftStorageDirectory.java:tryLock(328)) - Lock on /workdir/hadoop-ozone/integration-test/target/test-dir/MiniOzoneClusterImpl-39af9574-7a8b-4ed7-b830-bf686a3d4bb8/datanode-0/data/ratis/e2fb7351-d602-430e-a9d8-0cc37942c809/in_use.lock acquired by nodename 19495@pr-hdds-1569-s62bp-3040748787
2019-09-25 07:05:23,280 [pool-27-thread-1] INFO  storage.RaftStorage (RaftStorage.java:format(72)) - Storage directory /workdir/hadoop-ozone/integration-test/target/test-dir/MiniOzoneClusterImpl-39af9574-7a8b-4ed7-b830-bf686a3d4bb8/datanode-0/data/ratis/e2fb7351-d602-430e-a9d8-0cc37942c809 has been successfully formatted.
2019-09-25 07:05:23,281 [pool-27-thread-1] INFO  ratis.ContainerStateMachine (ContainerStateMachine.java:loadSnapshot(230)) - group-0CC37942C809: The snapshot info is null. Setting the last applied indexto:(t:0, i:~)
2019-09-25 07:05:23,281 [pool-27-thread-1] INFO  server.RaftServerConfigKeys (ConfUtils.java:logGet(43)) - raft.server.notification.no-leader.timeout = 120s (custom)
2019-09-25 07:05:23,281 [pool-27-thread-1] INFO  server.RaftServerConfigKeys (ConfUtils.java:logGet(43)) - raft.server.log.use.memory = false (default)
2019-09-25 07:05:23,281 [pool-27-thread-1] INFO  server.RaftServerConfigKeys (ConfUtils.java:logGet(43)) - raft.server.log.purge.gap = 1000000 (custom)
2019-09-25 07:05:23,281 [pool-27-thread-1] INFO  server.RaftServerConfigKeys (ConfUtils.java:logGet(43)) - raft.server.log.appender.buffer.byte-limit = 33554432 (custom)
2019-09-25 07:05:23,281 [pool-27-thread-1] INFO  server.RaftServerConfigKeys (ConfUtils.java:logGet(43)) - raft.server.log.segment.size.max = 1048576 (custom)
2019-09-25 07:05:23,282 [pool-27-thread-1] INFO  server.RaftServerConfigKeys (ConfUtils.java:logGet(43)) - raft.server.log.segment.cache.num.max = 2 (custom)
2019-09-25 07:05:23,282 [pool-27-thread-1] INFO  segmented.SegmentedRaftLogWorker (SegmentedRaftLogWorker.java:<init>(172)) - new e568d23f-199e-48ce-91e4-5c166e2e97cd@group-0CC37942C809-SegmentedRaftLogWorker for RaftStorage:Storage Directory /workdir/hadoop-ozone/integration-test/target/test-dir/MiniOzoneClusterImpl-39af9574-7a8b-4ed7-b830-bf686a3d4bb8/datanode-0/data/ratis/e2fb7351-d602-430e-a9d8-0cc37942c809
2019-09-25 07:05:23,282 [pool-27-thread-1] INFO  server.RaftServerConfigKeys (ConfUtils.java:logGet(43)) - raft.server.log.queue.byte-limit = 2147483647 (custom)
2019-09-25 07:05:23,282 [pool-27-thread-1] INFO  server.RaftServerConfigKeys (ConfUtils.java:logGet(43)) - raft.server.log.queue.element-limit = 1024 (custom)
2019-09-25 07:05:23,282 [pool-27-thread-1] INFO  server.RaftServerConfigKeys (ConfUtils.java:logGet(43)) - raft.server.log.segment.size.max = 1048576 (custom)
2019-09-25 07:05:23,282 [pool-27-thread-1] INFO  server.RaftServerConfigKeys (ConfUtils.java:logGet(43)) - raft.server.log.preallocated.size = 16384 (custom)
2019-09-25 07:05:23,282 [pool-27-thread-1] INFO  server.RaftServerConfigKeys (ConfUtils.java:logGet(43)) - raft.server.log.write.buffer.size = 33554432 (custom)
2019-09-25 07:05:23,283 [pool-27-thread-1] INFO  server.RaftServerConfigKeys (ConfUtils.java:logGet(43)) - raft.server.log.force.sync.num = 128 (default)
2019-09-25 07:05:23,283 [pool-27-thread-1] INFO  server.RaftServerConfigKeys (ConfUtils.java:logGet(43)) - raft.server.log.statemachine.data.sync = true (default)
2019-09-25 07:05:23,283 [pool-27-thread-1] INFO  server.RaftServerConfigKeys (ConfUtils.java:logGet(43)) - raft.server.log.statemachine.data.sync.timeout = 10s (default)
2019-09-25 07:05:23,283 [pool-27-thread-1] INFO  server.RaftServerConfigKeys (ConfUtils.java:logGet(43)) - raft.server.log.statemachine.data.sync.timeout.retry = -1 (default)
2019-09-25 07:05:23,283 [pool-27-thread-1] INFO  server.RaftServerConfigKeys (ConfUtils.java:logGet(43)) - raft.server.log.statemachine.data.caching.enabled = true (custom)
2019-09-25 07:05:23,284 [pool-27-thread-1] INFO  segmented.SegmentedRaftLogWorker (SegmentedRaftLogWorker.java:lambda$new$0(132)) - e568d23f-199e-48ce-91e4-5c166e2e97cd@group-0CC37942C809-SegmentedRaftLogWorker: flushIndex: setUnconditionally 0 -> -1
2019-09-25 07:05:23,284 [pool-27-thread-1] INFO  server.RaftServerConfigKeys (ConfUtils.java:logGet(43)) - raft.server.snapshot.auto.trigger.enabled = true (custom)
2019-09-25 07:05:23,284 [pool-27-thread-1] INFO  server.RaftServerConfigKeys (ConfUtils.java:logGet(43)) - raft.server.snapshot.auto.trigger.threshold = 10000 (custom)
2019-09-25 07:05:23,284 [pool-27-thread-1] INFO  server.RaftServerConfigKeys (ConfUtils.java:logGet(43)) - raft.server.snapshot.retention.num.files = 5 (custom)
2019-09-25 07:05:23,284 [pool-27-thread-1] INFO  server.RaftServerConfigKeys (ConfUtils.java:logGet(43)) - raft.server.retrycache.expirytime = 600000ms (custom)
2019-09-25 07:05:23,286 [pool-27-thread-1] INFO  impl.RaftServerImpl (RaftServerImpl.java:start(185)) - e568d23f-199e-48ce-91e4-5c166e2e97cd@group-0CC37942C809: start as a follower, conf=-1: [e568d23f-199e-48ce-91e4-5c166e2e97cd:192.168.30.10:42827], old=null
2019-09-25 07:05:23,286 [pool-27-thread-1] INFO  impl.RaftServerImpl (RaftServerImpl.java:setRole(174)) - e568d23f-199e-48ce-91e4-5c166e2e97cd@group-0CC37942C809: changes role from      null to FOLLOWER at term 0 for startAsFollower
2019-09-25 07:05:23,287 [pool-27-thread-1] INFO  impl.RoleInfo (RoleInfo.java:updateAndGet(143)) - e568d23f-199e-48ce-91e4-5c166e2e97cd: start FollowerState
2019-09-25 07:05:23,287 [pool-27-thread-1] INFO  util.JmxRegister (JmxRegister.java:tryRegister(44)) - Successfully registered JMX Bean with object name Ratis:service=RaftServer,group=group-0CC37942C809,id=e568d23f-199e-48ce-91e4-5c166e2e97cd
2019-09-25 07:05:23,289 [RatisPipelineUtilsThread] INFO  pipeline.PipelineStateManager (PipelineStateManager.java:addPipeline(56)) - Created pipeline Pipeline[ Id: e2fb7351-d602-430e-a9d8-0cc37942c809, Nodes: e568d23f-199e-48ce-91e4-5c166e2e97cd{ip: 192.168.30.10, host: pr-hdds-1569-s62bp-3040748787, networkLocation: /default-rack, certSerialId: null}, Type:RATIS, Factor:ONE, State:OPEN]
2019-09-25 07:05:23,294 [grpc-default-executor-5] INFO  impl.RaftServerProxy (RaftServerProxy.java:addNew(89)) - 62ec8eb9-3ae9-4136-b70a-2caf3716fa7f: addNew group-12C259E82C07:[62ec8eb9-3ae9-4136-b70a-2caf3716fa7f:192.168.30.10:44715] returns group-12C259E82C07:java.util.concurrent.CompletableFuture@4a9fc903[Not completed]
2019-09-25 07:05:23,295 [pool-37-thread-1] INFO  impl.RaftServerImpl (RaftServerImpl.java:<init>(95)) - 62ec8eb9-3ae9-4136-b70a-2caf3716fa7f: new RaftServerImpl for group-12C259E82C07:[62ec8eb9-3ae9-4136-b70a-2caf3716fa7f:192.168.30.10:44715] with ContainerStateMachine:uninitialized
2019-09-25 07:05:23,295 [pool-37-thread-1] INFO  server.RaftServerConfigKeys (ConfUtils.java:logGet(43)) - raft.server.rpc.timeout.min = 5s (custom)
2019-09-25 07:05:23,295 [pool-37-thread-1] INFO  server.RaftServerConfigKeys (ConfUtils.java:logGet(43)) - raft.server.rpc.timeout.max = 5200ms (custom)
2019-09-25 07:05:23,295 [pool-37-thread-1] INFO  server.RaftServerConfigKeys (ConfUtils.java:logGet(43)) - raft.server.rpcslowness.timeout = 120s (custom)
2019-09-25 07:05:23,295 [pool-37-thread-1] INFO  server.RaftServerConfigKeys (ConfUtils.java:logGet(43)) - raft.server.sleep.deviation.threshold = 300 (default)
2019-09-25 07:05:23,295 [pool-37-thread-1] INFO  server.RaftServerConfigKeys (ConfUtils.java:logGet(43)) - raft.server.log.appender.install.snapshot.enabled = false (custom)
2019-09-25 07:05:23,295 [pool-37-thread-1] INFO  impl.RaftServerImpl (ServerState.java:<init>(103)) - 62ec8eb9-3ae9-4136-b70a-2caf3716fa7f@group-12C259E82C07: ConfigurationManager, init=-1: [62ec8eb9-3ae9-4136-b70a-2caf3716fa7f:192.168.30.10:44715], old=null, confs=<EMPTY_MAP>
2019-09-25 07:05:23,296 [pool-37-thread-1] INFO  server.RaftServerConfigKeys (ConfUtils.java:logGet(43)) - raft.server.storage.dir = [/workdir/hadoop-ozone/integration-test/target/test-dir/MiniOzoneClusterImpl-39af9574-7a8b-4ed7-b830-bf686a3d4bb8/datanode-1/data/ratis] (custom)
2019-09-25 07:05:23,296 [pool-37-thread-1] INFO  storage.RaftStorageDirectory (RaftStorageDirectory.java:analyzeStorage(246)) - The storage directory /workdir/hadoop-ozone/integration-test/target/test-dir/MiniOzoneClusterImpl-39af9574-7a8b-4ed7-b830-bf686a3d4bb8/datanode-1/data/ratis/3fd8066b-5d5d-4188-be25-12c259e82c07 does not exist. Creating ...
2019-09-25 07:05:23,321 [pool-37-thread-1] INFO  storage.RaftStorageDirectory (RaftStorageDirectory.java:tryLock(328)) - Lock on /workdir/hadoop-ozone/integration-test/target/test-dir/MiniOzoneClusterImpl-39af9574-7a8b-4ed7-b830-bf686a3d4bb8/datanode-1/data/ratis/3fd8066b-5d5d-4188-be25-12c259e82c07/in_use.lock acquired by nodename 19495@pr-hdds-1569-s62bp-3040748787
2019-09-25 07:05:23,334 [pool-37-thread-1] INFO  storage.RaftStorage (RaftStorage.java:format(72)) - Storage directory /workdir/hadoop-ozone/integration-test/target/test-dir/MiniOzoneClusterImpl-39af9574-7a8b-4ed7-b830-bf686a3d4bb8/datanode-1/data/ratis/3fd8066b-5d5d-4188-be25-12c259e82c07 has been successfully formatted.
2019-09-25 07:05:23,335 [pool-37-thread-1] INFO  ratis.ContainerStateMachine (ContainerStateMachine.java:loadSnapshot(230)) - group-12C259E82C07: The snapshot info is null. Setting the last applied indexto:(t:0, i:~)
2019-09-25 07:05:23,335 [pool-37-thread-1] INFO  server.RaftServerConfigKeys (ConfUtils.java:logGet(43)) - raft.server.notification.no-leader.timeout = 120s (custom)
2019-09-25 07:05:23,335 [pool-37-thread-1] INFO  server.RaftServerConfigKeys (ConfUtils.java:logGet(43)) - raft.server.log.use.memory = false (default)
2019-09-25 07:05:23,335 [pool-37-thread-1] INFO  server.RaftServerConfigKeys (ConfUtils.java:logGet(43)) - raft.server.log.purge.gap = 1000000 (custom)
2019-09-25 07:05:23,335 [pool-37-thread-1] INFO  server.RaftServerConfigKeys (ConfUtils.java:logGet(43)) - raft.server.log.appender.buffer.byte-limit = 33554432 (custom)
2019-09-25 07:05:23,335 [pool-37-thread-1] INFO  server.RaftServerConfigKeys (ConfUtils.java:logGet(43)) - raft.server.log.segment.size.max = 1048576 (custom)
2019-09-25 07:05:23,335 [pool-37-thread-1] INFO  server.RaftServerConfigKeys (ConfUtils.java:logGet(43)) - raft.server.log.segment.cache.num.max = 2 (custom)
2019-09-25 07:05:23,336 [pool-37-thread-1] INFO  segmented.SegmentedRaftLogWorker (SegmentedRaftLogWorker.java:<init>(172)) - new 62ec8eb9-3ae9-4136-b70a-2caf3716fa7f@group-12C259E82C07-SegmentedRaftLogWorker for RaftStorage:Storage Directory /workdir/hadoop-ozone/integration-test/target/test-dir/MiniOzoneClusterImpl-39af9574-7a8b-4ed7-b830-bf686a3d4bb8/datanode-1/data/ratis/3fd8066b-5d5d-4188-be25-12c259e82c07
2019-09-25 07:05:23,336 [pool-37-thread-1] INFO  server.RaftServerConfigKeys (ConfUtils.java:logGet(43)) - raft.server.log.queue.byte-limit = 2147483647 (custom)
2019-09-25 07:05:23,336 [pool-37-thread-1] INFO  server.RaftServerConfigKeys (ConfUtils.java:logGet(43)) - raft.server.log.queue.element-limit = 1024 (custom)
2019-09-25 07:05:23,336 [pool-37-thread-1] INFO  server.RaftServerConfigKeys (ConfUtils.java:logGet(43)) - raft.server.log.segment.size.max = 1048576 (custom)
2019-09-25 07:05:23,336 [pool-37-thread-1] INFO  server.RaftServerConfigKeys (ConfUtils.java:logGet(43)) - raft.server.log.preallocated.size = 16384 (custom)
2019-09-25 07:05:23,336 [pool-37-thread-1] INFO  server.RaftServerConfigKeys (ConfUtils.java:logGet(43)) - raft.server.log.write.buffer.size = 33554432 (custom)
2019-09-25 07:05:23,336 [pool-37-thread-1] INFO  server.RaftServerConfigKeys (ConfUtils.java:logGet(43)) - raft.server.log.force.sync.num = 128 (default)
2019-09-25 07:05:23,336 [pool-37-thread-1] INFO  server.RaftServerConfigKeys (ConfUtils.java:logGet(43)) - raft.server.log.statemachine.data.sync = true (default)
2019-09-25 07:05:23,336 [pool-37-thread-1] INFO  server.RaftServerConfigKeys (ConfUtils.java:logGet(43)) - raft.server.log.statemachine.data.sync.timeout = 10s (default)
2019-09-25 07:05:23,337 [pool-37-thread-1] INFO  server.RaftServerConfigKeys (ConfUtils.java:logGet(43)) - raft.server.log.statemachine.data.sync.timeout.retry = -1 (default)
2019-09-25 07:05:23,337 [pool-37-thread-1] INFO  server.RaftServerConfigKeys (ConfUtils.java:logGet(43)) - raft.server.log.statemachine.data.caching.enabled = true (custom)
2019-09-25 07:05:23,337 [pool-37-thread-1] INFO  segmented.SegmentedRaftLogWorker (SegmentedRaftLogWorker.java:lambda$new$0(132)) - 62ec8eb9-3ae9-4136-b70a-2caf3716fa7f@group-12C259E82C07-SegmentedRaftLogWorker: flushIndex: setUnconditionally 0 -> -1
2019-09-25 07:05:23,337 [pool-37-thread-1] INFO  server.RaftServerConfigKeys (ConfUtils.java:logGet(43)) - raft.server.snapshot.auto.trigger.enabled = true (custom)
2019-09-25 07:05:23,337 [pool-37-thread-1] INFO  server.RaftServerConfigKeys (ConfUtils.java:logGet(43)) - raft.server.snapshot.auto.trigger.threshold = 10000 (custom)
2019-09-25 07:05:23,337 [pool-37-thread-1] INFO  server.RaftServerConfigKeys (ConfUtils.java:logGet(43)) - raft.server.snapshot.retention.num.files = 5 (custom)
2019-09-25 07:05:23,338 [pool-37-thread-1] INFO  server.RaftServerConfigKeys (ConfUtils.java:logGet(43)) - raft.server.retrycache.expirytime = 600000ms (custom)
2019-09-25 07:05:23,339 [pool-37-thread-1] INFO  impl.RaftServerImpl (RaftServerImpl.java:start(185)) - 62ec8eb9-3ae9-4136-b70a-2caf3716fa7f@group-12C259E82C07: start as a follower, conf=-1: [62ec8eb9-3ae9-4136-b70a-2caf3716fa7f:192.168.30.10:44715], old=null
2019-09-25 07:05:23,339 [pool-37-thread-1] INFO  impl.RaftServerImpl (RaftServerImpl.java:setRole(174)) - 62ec8eb9-3ae9-4136-b70a-2caf3716fa7f@group-12C259E82C07: changes role from      null to FOLLOWER at term 0 for startAsFollower
2019-09-25 07:05:23,339 [pool-37-thread-1] INFO  impl.RoleInfo (RoleInfo.java:updateAndGet(143)) - 62ec8eb9-3ae9-4136-b70a-2caf3716fa7f: start FollowerState
2019-09-25 07:05:23,340 [pool-37-thread-1] INFO  util.JmxRegister (JmxRegister.java:tryRegister(44)) - Successfully registered JMX Bean with object name Ratis:service=RaftServer,group=group-12C259E82C07,id=62ec8eb9-3ae9-4136-b70a-2caf3716fa7f
2019-09-25 07:05:23,342 [RatisPipelineUtilsThread] INFO  pipeline.PipelineStateManager (PipelineStateManager.java:addPipeline(56)) - Created pipeline Pipeline[ Id: 3fd8066b-5d5d-4188-be25-12c259e82c07, Nodes: 62ec8eb9-3ae9-4136-b70a-2caf3716fa7f{ip: 192.168.30.10, host: pr-hdds-1569-s62bp-3040748787, networkLocation: /default-rack, certSerialId: null}, Type:RATIS, Factor:ONE, State:OPEN]
2019-09-25 07:05:23,346 [grpc-default-executor-5] INFO  impl.RaftServerProxy (RaftServerProxy.java:addNew(89)) - 24bf2945-a329-4da6-aaf2-23ecd8d462c6: addNew group-82A2BDFA5924:[24bf2945-a329-4da6-aaf2-23ecd8d462c6:192.168.30.10:42867] returns group-82A2BDFA5924:java.util.concurrent.CompletableFuture@3672e913[Not completed]
2019-09-25 07:05:23,347 [pool-47-thread-1] INFO  impl.RaftServerImpl (RaftServerImpl.java:<init>(95)) - 24bf2945-a329-4da6-aaf2-23ecd8d462c6: new RaftServerImpl for group-82A2BDFA5924:[24bf2945-a329-4da6-aaf2-23ecd8d462c6:192.168.30.10:42867] with ContainerStateMachine:uninitialized
2019-09-25 07:05:23,347 [pool-47-thread-1] INFO  server.RaftServerConfigKeys (ConfUtils.java:logGet(43)) - raft.server.rpc.timeout.min = 5s (custom)
2019-09-25 07:05:23,347 [pool-47-thread-1] INFO  server.RaftServerConfigKeys (ConfUtils.java:logGet(43)) - raft.server.rpc.timeout.max = 5200ms (custom)
2019-09-25 07:05:23,348 [pool-47-thread-1] INFO  server.RaftServerConfigKeys (ConfUtils.java:logGet(43)) - raft.server.rpcslowness.timeout = 120s (custom)
2019-09-25 07:05:23,348 [pool-47-thread-1] INFO  server.RaftServerConfigKeys (ConfUtils.java:logGet(43)) - raft.server.sleep.deviation.threshold = 300 (default)
2019-09-25 07:05:23,348 [pool-47-thread-1] INFO  server.RaftServerConfigKeys (ConfUtils.java:logGet(43)) - raft.server.log.appender.install.snapshot.enabled = false (custom)
2019-09-25 07:05:23,348 [pool-47-thread-1] INFO  impl.RaftServerImpl (ServerState.java:<init>(103)) - 24bf2945-a329-4da6-aaf2-23ecd8d462c6@group-82A2BDFA5924: ConfigurationManager, init=-1: [24bf2945-a329-4da6-aaf2-23ecd8d462c6:192.168.30.10:42867], old=null, confs=<EMPTY_MAP>
2019-09-25 07:05:23,348 [pool-47-thread-1] INFO  server.RaftServerConfigKeys (ConfUtils.java:logGet(43)) - raft.server.storage.dir = [/workdir/hadoop-ozone/integration-test/target/test-dir/MiniOzoneClusterImpl-39af9574-7a8b-4ed7-b830-bf686a3d4bb8/datanode-2/data/ratis] (custom)
2019-09-25 07:05:23,349 [pool-47-thread-1] INFO  storage.RaftStorageDirectory (RaftStorageDirectory.java:analyzeStorage(246)) - The storage directory /workdir/hadoop-ozone/integration-test/target/test-dir/MiniOzoneClusterImpl-39af9574-7a8b-4ed7-b830-bf686a3d4bb8/datanode-2/data/ratis/ec5344b4-3005-4340-bd88-82a2bdfa5924 does not exist. Creating ...
2019-09-25 07:05:23,363 [pool-47-thread-1] INFO  storage.RaftStorageDirectory (RaftStorageDirectory.java:tryLock(328)) - Lock on /workdir/hadoop-ozone/integration-test/target/test-dir/MiniOzoneClusterImpl-39af9574-7a8b-4ed7-b830-bf686a3d4bb8/datanode-2/data/ratis/ec5344b4-3005-4340-bd88-82a2bdfa5924/in_use.lock acquired by nodename 19495@pr-hdds-1569-s62bp-3040748787
2019-09-25 07:05:23,376 [pool-47-thread-1] INFO  storage.RaftStorage (RaftStorage.java:format(72)) - Storage directory /workdir/hadoop-ozone/integration-test/target/test-dir/MiniOzoneClusterImpl-39af9574-7a8b-4ed7-b830-bf686a3d4bb8/datanode-2/data/ratis/ec5344b4-3005-4340-bd88-82a2bdfa5924 has been successfully formatted.
2019-09-25 07:05:23,376 [pool-47-thread-1] INFO  ratis.ContainerStateMachine (ContainerStateMachine.java:loadSnapshot(230)) - group-82A2BDFA5924: The snapshot info is null. Setting the last applied indexto:(t:0, i:~)
2019-09-25 07:05:23,377 [pool-47-thread-1] INFO  server.RaftServerConfigKeys (ConfUtils.java:logGet(43)) - raft.server.notification.no-leader.timeout = 120s (custom)
2019-09-25 07:05:23,377 [pool-47-thread-1] INFO  server.RaftServerConfigKeys (ConfUtils.java:logGet(43)) - raft.server.log.use.memory = false (default)
2019-09-25 07:05:23,377 [pool-47-thread-1] INFO  server.RaftServerConfigKeys (ConfUtils.java:logGet(43)) - raft.server.log.purge.gap = 1000000 (custom)
2019-09-25 07:05:23,377 [pool-47-thread-1] INFO  server.RaftServerConfigKeys (ConfUtils.java:logGet(43)) - raft.server.log.appender.buffer.byte-limit = 33554432 (custom)
2019-09-25 07:05:23,377 [pool-47-thread-1] INFO  server.RaftServerConfigKeys (ConfUtils.java:logGet(43)) - raft.server.log.segment.size.max = 1048576 (custom)
2019-09-25 07:05:23,377 [pool-47-thread-1] INFO  server.RaftServerConfigKeys (ConfUtils.java:logGet(43)) - raft.server.log.segment.cache.num.max = 2 (custom)
2019-09-25 07:05:23,377 [pool-47-thread-1] INFO  segmented.SegmentedRaftLogWorker (SegmentedRaftLogWorker.java:<init>(172)) - new 24bf2945-a329-4da6-aaf2-23ecd8d462c6@group-82A2BDFA5924-SegmentedRaftLogWorker for RaftStorage:Storage Directory /workdir/hadoop-ozone/integration-test/target/test-dir/MiniOzoneClusterImpl-39af9574-7a8b-4ed7-b830-bf686a3d4bb8/datanode-2/data/ratis/ec5344b4-3005-4340-bd88-82a2bdfa5924
2019-09-25 07:05:23,378 [pool-47-thread-1] INFO  server.RaftServerConfigKeys (ConfUtils.java:logGet(43)) - raft.server.log.queue.byte-limit = 2147483647 (custom)
2019-09-25 07:05:23,378 [pool-47-thread-1] INFO  server.RaftServerConfigKeys (ConfUtils.java:logGet(43)) - raft.server.log.queue.element-limit = 1024 (custom)
2019-09-25 07:05:23,378 [pool-47-thread-1] INFO  server.RaftServerConfigKeys (ConfUtils.java:logGet(43)) - raft.server.log.segment.size.max = 1048576 (custom)
2019-09-25 07:05:23,378 [pool-47-thread-1] INFO  server.RaftServerConfigKeys (ConfUtils.java:logGet(43)) - raft.server.log.preallocated.size = 16384 (custom)
2019-09-25 07:05:23,378 [pool-47-thread-1] INFO  server.RaftServerConfigKeys (ConfUtils.java:logGet(43)) - raft.server.log.write.buffer.size = 33554432 (custom)
2019-09-25 07:05:23,378 [pool-47-thread-1] INFO  server.RaftServerConfigKeys (ConfUtils.java:logGet(43)) - raft.server.log.force.sync.num = 128 (default)
2019-09-25 07:05:23,378 [pool-47-thread-1] INFO  server.RaftServerConfigKeys (ConfUtils.java:logGet(43)) - raft.server.log.statemachine.data.sync = true (default)
2019-09-25 07:05:23,378 [pool-47-thread-1] INFO  server.RaftServerConfigKeys (ConfUtils.java:logGet(43)) - raft.server.log.statemachine.data.sync.timeout = 10s (default)
2019-09-25 07:05:23,379 [pool-47-thread-1] INFO  server.RaftServerConfigKeys (ConfUtils.java:logGet(43)) - raft.server.log.statemachine.data.sync.timeout.retry = -1 (default)
2019-09-25 07:05:23,379 [pool-47-thread-1] INFO  server.RaftServerConfigKeys (ConfUtils.java:logGet(43)) - raft.server.log.statemachine.data.caching.enabled = true (custom)
2019-09-25 07:05:23,379 [pool-47-thread-1] INFO  segmented.SegmentedRaftLogWorker (SegmentedRaftLogWorker.java:lambda$new$0(132)) - 24bf2945-a329-4da6-aaf2-23ecd8d462c6@group-82A2BDFA5924-SegmentedRaftLogWorker: flushIndex: setUnconditionally 0 -> -1
2019-09-25 07:05:23,379 [pool-47-thread-1] INFO  server.RaftServerConfigKeys (ConfUtils.java:logGet(43)) - raft.server.snapshot.auto.trigger.enabled = true (custom)
2019-09-25 07:05:23,381 [pool-47-thread-1] INFO  server.RaftServerConfigKeys (ConfUtils.java:logGet(43)) - raft.server.snapshot.auto.trigger.threshold = 10000 (custom)
2019-09-25 07:05:23,381 [pool-47-thread-1] INFO  server.RaftServerConfigKeys (ConfUtils.java:logGet(43)) - raft.server.snapshot.retention.num.files = 5 (custom)
2019-09-25 07:05:23,381 [pool-47-thread-1] INFO  server.RaftServerConfigKeys (ConfUtils.java:logGet(43)) - raft.server.retrycache.expirytime = 600000ms (custom)
2019-09-25 07:05:23,384 [pool-47-thread-1] INFO  impl.RaftServerImpl (RaftServerImpl.java:start(185)) - 24bf2945-a329-4da6-aaf2-23ecd8d462c6@group-82A2BDFA5924: start as a follower, conf=-1: [24bf2945-a329-4da6-aaf2-23ecd8d462c6:192.168.30.10:42867], old=null
2019-09-25 07:05:23,384 [pool-47-thread-1] INFO  impl.RaftServerImpl (RaftServerImpl.java:setRole(174)) - 24bf2945-a329-4da6-aaf2-23ecd8d462c6@group-82A2BDFA5924: changes role from      null to FOLLOWER at term 0 for startAsFollower
2019-09-25 07:05:23,384 [pool-47-thread-1] INFO  impl.RoleInfo (RoleInfo.java:updateAndGet(143)) - 24bf2945-a329-4da6-aaf2-23ecd8d462c6: start FollowerState
2019-09-25 07:05:23,384 [pool-47-thread-1] INFO  util.JmxRegister (JmxRegister.java:tryRegister(44)) - Successfully registered JMX Bean with object name Ratis:service=RaftServer,group=group-82A2BDFA5924,id=24bf2945-a329-4da6-aaf2-23ecd8d462c6
2019-09-25 07:05:23,388 [RatisPipelineUtilsThread] INFO  pipeline.PipelineStateManager (PipelineStateManager.java:addPipeline(56)) - Created pipeline Pipeline[ Id: ec5344b4-3005-4340-bd88-82a2bdfa5924, Nodes: 24bf2945-a329-4da6-aaf2-23ecd8d462c6{ip: 192.168.30.10, host: pr-hdds-1569-s62bp-3040748787, networkLocation: /default-rack, certSerialId: null}, Type:RATIS, Factor:ONE, State:OPEN]
2019-09-25 07:05:23,393 [grpc-default-executor-5] INFO  impl.RaftServerProxy (RaftServerProxy.java:addNew(89)) - 62ec8eb9-3ae9-4136-b70a-2caf3716fa7f: addNew group-73AFE8BE7D19:[62ec8eb9-3ae9-4136-b70a-2caf3716fa7f:192.168.30.10:44715] returns group-73AFE8BE7D19:java.util.concurrent.CompletableFuture@613cbafa[Not completed]
2019-09-25 07:05:23,394 [pool-37-thread-1] INFO  impl.RaftServerImpl (RaftServerImpl.java:<init>(95)) - 62ec8eb9-3ae9-4136-b70a-2caf3716fa7f: new RaftServerImpl for group-73AFE8BE7D19:[62ec8eb9-3ae9-4136-b70a-2caf3716fa7f:192.168.30.10:44715] with ContainerStateMachine:uninitialized
2019-09-25 07:05:23,394 [pool-37-thread-1] INFO  server.RaftServerConfigKeys (ConfUtils.java:logGet(43)) - raft.server.rpc.timeout.min = 5s (custom)
2019-09-25 07:05:23,394 [pool-37-thread-1] INFO  server.RaftServerConfigKeys (ConfUtils.java:logGet(43)) - raft.server.rpc.timeout.max = 5200ms (custom)
2019-09-25 07:05:23,395 [pool-37-thread-1] INFO  server.RaftServerConfigKeys (ConfUtils.java:logGet(43)) - raft.server.rpcslowness.timeout = 120s (custom)
2019-09-25 07:05:23,395 [pool-37-thread-1] INFO  server.RaftServerConfigKeys (ConfUtils.java:logGet(43)) - raft.server.sleep.deviation.threshold = 300 (default)
2019-09-25 07:05:23,395 [pool-37-thread-1] INFO  server.RaftServerConfigKeys (ConfUtils.java:logGet(43)) - raft.server.log.appender.install.snapshot.enabled = false (custom)
2019-09-25 07:05:23,395 [pool-37-thread-1] INFO  impl.RaftServerImpl (ServerState.java:<init>(103)) - 62ec8eb9-3ae9-4136-b70a-2caf3716fa7f@group-73AFE8BE7D19: ConfigurationManager, init=-1: [62ec8eb9-3ae9-4136-b70a-2caf3716fa7f:192.168.30.10:44715], old=null, confs=<EMPTY_MAP>
2019-09-25 07:05:23,395 [pool-37-thread-1] INFO  server.RaftServerConfigKeys (ConfUtils.java:logGet(43)) - raft.server.storage.dir = [/workdir/hadoop-ozone/integration-test/target/test-dir/MiniOzoneClusterImpl-39af9574-7a8b-4ed7-b830-bf686a3d4bb8/datanode-1/data/ratis] (custom)
2019-09-25 07:05:23,396 [pool-37-thread-1] INFO  storage.RaftStorageDirectory (RaftStorageDirectory.java:analyzeStorage(246)) - The storage directory /workdir/hadoop-ozone/integration-test/target/test-dir/MiniOzoneClusterImpl-39af9574-7a8b-4ed7-b830-bf686a3d4bb8/datanode-1/data/ratis/0062cfc4-7cc4-4d81-adc7-73afe8be7d19 does not exist. Creating ...
2019-09-25 07:05:23,408 [pool-37-thread-1] INFO  storage.RaftStorageDirectory (RaftStorageDirectory.java:tryLock(328)) - Lock on /workdir/hadoop-ozone/integration-test/target/test-dir/MiniOzoneClusterImpl-39af9574-7a8b-4ed7-b830-bf686a3d4bb8/datanode-1/data/ratis/0062cfc4-7cc4-4d81-adc7-73afe8be7d19/in_use.lock acquired by nodename 19495@pr-hdds-1569-s62bp-3040748787
2019-09-25 07:05:23,421 [pool-37-thread-1] INFO  storage.RaftStorage (RaftStorage.java:format(72)) - Storage directory /workdir/hadoop-ozone/integration-test/target/test-dir/MiniOzoneClusterImpl-39af9574-7a8b-4ed7-b830-bf686a3d4bb8/datanode-1/data/ratis/0062cfc4-7cc4-4d81-adc7-73afe8be7d19 has been successfully formatted.
2019-09-25 07:05:23,422 [pool-37-thread-1] INFO  ratis.ContainerStateMachine (ContainerStateMachine.java:loadSnapshot(230)) - group-73AFE8BE7D19: The snapshot info is null. Setting the last applied indexto:(t:0, i:~)
2019-09-25 07:05:23,422 [pool-37-thread-1] INFO  server.RaftServerConfigKeys (ConfUtils.java:logGet(43)) - raft.server.notification.no-leader.timeout = 120s (custom)
2019-09-25 07:05:23,422 [pool-37-thread-1] INFO  server.RaftServerConfigKeys (ConfUtils.java:logGet(43)) - raft.server.log.use.memory = false (default)
2019-09-25 07:05:23,422 [pool-37-thread-1] INFO  server.RaftServerConfigKeys (ConfUtils.java:logGet(43)) - raft.server.log.purge.gap = 1000000 (custom)
2019-09-25 07:05:23,422 [pool-37-thread-1] INFO  server.RaftServerConfigKeys (ConfUtils.java:logGet(43)) - raft.server.log.appender.buffer.byte-limit = 33554432 (custom)
2019-09-25 07:05:23,422 [pool-37-thread-1] INFO  server.RaftServerConfigKeys (ConfUtils.java:logGet(43)) - raft.server.log.segment.size.max = 1048576 (custom)
2019-09-25 07:05:23,423 [pool-37-thread-1] INFO  server.RaftServerConfigKeys (ConfUtils.java:logGet(43)) - raft.server.log.segment.cache.num.max = 2 (custom)
2019-09-25 07:05:23,423 [pool-37-thread-1] INFO  segmented.SegmentedRaftLogWorker (SegmentedRaftLogWorker.java:<init>(172)) - new 62ec8eb9-3ae9-4136-b70a-2caf3716fa7f@group-73AFE8BE7D19-SegmentedRaftLogWorker for RaftStorage:Storage Directory /workdir/hadoop-ozone/integration-test/target/test-dir/MiniOzoneClusterImpl-39af9574-7a8b-4ed7-b830-bf686a3d4bb8/datanode-1/data/ratis/0062cfc4-7cc4-4d81-adc7-73afe8be7d19
2019-09-25 07:05:23,423 [pool-37-thread-1] INFO  server.RaftServerConfigKeys (ConfUtils.java:logGet(43)) - raft.server.log.queue.byte-limit = 2147483647 (custom)
2019-09-25 07:05:23,423 [pool-37-thread-1] INFO  server.RaftServerConfigKeys (ConfUtils.java:logGet(43)) - raft.server.log.queue.element-limit = 1024 (custom)
2019-09-25 07:05:23,423 [pool-37-thread-1] INFO  server.RaftServerConfigKeys (ConfUtils.java:logGet(43)) - raft.server.log.segment.size.max = 1048576 (custom)
2019-09-25 07:05:23,424 [pool-37-thread-1] INFO  server.RaftServerConfigKeys (ConfUtils.java:logGet(43)) - raft.server.log.preallocated.size = 16384 (custom)
2019-09-25 07:05:23,424 [pool-37-thread-1] INFO  server.RaftServerConfigKeys (ConfUtils.java:logGet(43)) - raft.server.log.write.buffer.size = 33554432 (custom)
2019-09-25 07:05:23,424 [pool-37-thread-1] INFO  server.RaftServerConfigKeys (ConfUtils.java:logGet(43)) - raft.server.log.force.sync.num = 128 (default)
2019-09-25 07:05:23,424 [pool-37-thread-1] INFO  server.RaftServerConfigKeys (ConfUtils.java:logGet(43)) - raft.server.log.statemachine.data.sync = true (default)
2019-09-25 07:05:23,425 [pool-37-thread-1] INFO  server.RaftServerConfigKeys (ConfUtils.java:logGet(43)) - raft.server.log.statemachine.data.sync.timeout = 10s (default)
2019-09-25 07:05:23,425 [pool-37-thread-1] INFO  server.RaftServerConfigKeys (ConfUtils.java:logGet(43)) - raft.server.log.statemachine.data.sync.timeout.retry = -1 (default)
2019-09-25 07:05:23,425 [pool-37-thread-1] INFO  server.RaftServerConfigKeys (ConfUtils.java:logGet(43)) - raft.server.log.statemachine.data.caching.enabled = true (custom)
2019-09-25 07:05:23,425 [pool-37-thread-1] INFO  segmented.SegmentedRaftLogWorker (SegmentedRaftLogWorker.java:lambda$new$0(132)) - 62ec8eb9-3ae9-4136-b70a-2caf3716fa7f@group-73AFE8BE7D19-SegmentedRaftLogWorker: flushIndex: setUnconditionally 0 -> -1
2019-09-25 07:05:23,426 [pool-37-thread-1] INFO  server.RaftServerConfigKeys (ConfUtils.java:logGet(43)) - raft.server.snapshot.auto.trigger.enabled = true (custom)
2019-09-25 07:05:23,426 [pool-37-thread-1] INFO  server.RaftServerConfigKeys (ConfUtils.java:logGet(43)) - raft.server.snapshot.auto.trigger.threshold = 10000 (custom)
2019-09-25 07:05:23,426 [pool-37-thread-1] INFO  server.RaftServerConfigKeys (ConfUtils.java:logGet(43)) - raft.server.snapshot.retention.num.files = 5 (custom)
2019-09-25 07:05:23,426 [pool-37-thread-1] INFO  server.RaftServerConfigKeys (ConfUtils.java:logGet(43)) - raft.server.retrycache.expirytime = 600000ms (custom)
2019-09-25 07:05:23,428 [pool-37-thread-1] INFO  impl.RaftServerImpl (RaftServerImpl.java:start(185)) - 62ec8eb9-3ae9-4136-b70a-2caf3716fa7f@group-73AFE8BE7D19: start as a follower, conf=-1: [62ec8eb9-3ae9-4136-b70a-2caf3716fa7f:192.168.30.10:44715], old=null
2019-09-25 07:05:23,428 [pool-37-thread-1] INFO  impl.RaftServerImpl (RaftServerImpl.java:setRole(174)) - 62ec8eb9-3ae9-4136-b70a-2caf3716fa7f@group-73AFE8BE7D19: changes role from      null to FOLLOWER at term 0 for startAsFollower
2019-09-25 07:05:23,428 [pool-37-thread-1] INFO  impl.RoleInfo (RoleInfo.java:updateAndGet(143)) - 62ec8eb9-3ae9-4136-b70a-2caf3716fa7f: start FollowerState
2019-09-25 07:05:23,429 [pool-37-thread-1] INFO  util.JmxRegister (JmxRegister.java:tryRegister(44)) - Successfully registered JMX Bean with object name Ratis:service=RaftServer,group=group-73AFE8BE7D19,id=62ec8eb9-3ae9-4136-b70a-2caf3716fa7f
2019-09-25 07:05:23,431 [RatisPipelineUtilsThread] INFO  pipeline.PipelineStateManager (PipelineStateManager.java:addPipeline(56)) - Created pipeline Pipeline[ Id: 0062cfc4-7cc4-4d81-adc7-73afe8be7d19, Nodes: 62ec8eb9-3ae9-4136-b70a-2caf3716fa7f{ip: 192.168.30.10, host: pr-hdds-1569-s62bp-3040748787, networkLocation: /default-rack, certSerialId: null}, Type:RATIS, Factor:ONE, State:OPEN]
2019-09-25 07:05:23,435 [grpc-default-executor-5] INFO  impl.RaftServerProxy (RaftServerProxy.java:addNew(89)) - 24bf2945-a329-4da6-aaf2-23ecd8d462c6: addNew group-B0548C23C74B:[24bf2945-a329-4da6-aaf2-23ecd8d462c6:192.168.30.10:42867] returns group-B0548C23C74B:java.util.concurrent.CompletableFuture@2dc416fc[Not completed]
2019-09-25 07:05:23,436 [pool-47-thread-1] INFO  impl.RaftServerImpl (RaftServerImpl.java:<init>(95)) - 24bf2945-a329-4da6-aaf2-23ecd8d462c6: new RaftServerImpl for group-B0548C23C74B:[24bf2945-a329-4da6-aaf2-23ecd8d462c6:192.168.30.10:42867] with ContainerStateMachine:uninitialized
2019-09-25 07:05:23,437 [pool-47-thread-1] INFO  server.RaftServerConfigKeys (ConfUtils.java:logGet(43)) - raft.server.rpc.timeout.min = 5s (custom)
2019-09-25 07:05:23,437 [pool-47-thread-1] INFO  server.RaftServerConfigKeys (ConfUtils.java:logGet(43)) - raft.server.rpc.timeout.max = 5200ms (custom)
2019-09-25 07:05:23,437 [pool-47-thread-1] INFO  server.RaftServerConfigKeys (ConfUtils.java:logGet(43)) - raft.server.rpcslowness.timeout = 120s (custom)
2019-09-25 07:05:23,437 [pool-47-thread-1] INFO  server.RaftServerConfigKeys (ConfUtils.java:logGet(43)) - raft.server.sleep.deviation.threshold = 300 (default)
2019-09-25 07:05:23,437 [pool-47-thread-1] INFO  server.RaftServerConfigKeys (ConfUtils.java:logGet(43)) - raft.server.log.appender.install.snapshot.enabled = false (custom)
2019-09-25 07:05:23,437 [pool-47-thread-1] INFO  impl.RaftServerImpl (ServerState.java:<init>(103)) - 24bf2945-a329-4da6-aaf2-23ecd8d462c6@group-B0548C23C74B: ConfigurationManager, init=-1: [24bf2945-a329-4da6-aaf2-23ecd8d462c6:192.168.30.10:42867], old=null, confs=<EMPTY_MAP>
2019-09-25 07:05:23,437 [pool-47-thread-1] INFO  server.RaftServerConfigKeys (ConfUtils.java:logGet(43)) - raft.server.storage.dir = [/workdir/hadoop-ozone/integration-test/target/test-dir/MiniOzoneClusterImpl-39af9574-7a8b-4ed7-b830-bf686a3d4bb8/datanode-2/data/ratis] (custom)
2019-09-25 07:05:23,438 [pool-47-thread-1] INFO  storage.RaftStorageDirectory (RaftStorageDirectory.java:analyzeStorage(246)) - The storage directory /workdir/hadoop-ozone/integration-test/target/test-dir/MiniOzoneClusterImpl-39af9574-7a8b-4ed7-b830-bf686a3d4bb8/datanode-2/data/ratis/48f2e398-358b-4b61-9053-b0548c23c74b does not exist. Creating ...
2019-09-25 07:05:23,450 [pool-47-thread-1] INFO  storage.RaftStorageDirectory (RaftStorageDirectory.java:tryLock(328)) - Lock on /workdir/hadoop-ozone/integration-test/target/test-dir/MiniOzoneClusterImpl-39af9574-7a8b-4ed7-b830-bf686a3d4bb8/datanode-2/data/ratis/48f2e398-358b-4b61-9053-b0548c23c74b/in_use.lock acquired by nodename 19495@pr-hdds-1569-s62bp-3040748787
2019-09-25 07:05:23,463 [pool-47-thread-1] INFO  storage.RaftStorage (RaftStorage.java:format(72)) - Storage directory /workdir/hadoop-ozone/integration-test/target/test-dir/MiniOzoneClusterImpl-39af9574-7a8b-4ed7-b830-bf686a3d4bb8/datanode-2/data/ratis/48f2e398-358b-4b61-9053-b0548c23c74b has been successfully formatted.
2019-09-25 07:05:23,463 [pool-47-thread-1] INFO  ratis.ContainerStateMachine (ContainerStateMachine.java:loadSnapshot(230)) - group-B0548C23C74B: The snapshot info is null. Setting the last applied indexto:(t:0, i:~)
2019-09-25 07:05:23,464 [pool-47-thread-1] INFO  server.RaftServerConfigKeys (ConfUtils.java:logGet(43)) - raft.server.notification.no-leader.timeout = 120s (custom)
2019-09-25 07:05:23,464 [pool-47-thread-1] INFO  server.RaftServerConfigKeys (ConfUtils.java:logGet(43)) - raft.server.log.use.memory = false (default)
2019-09-25 07:05:23,464 [pool-47-thread-1] INFO  server.RaftServerConfigKeys (ConfUtils.java:logGet(43)) - raft.server.log.purge.gap = 1000000 (custom)
2019-09-25 07:05:23,464 [pool-47-thread-1] INFO  server.RaftServerConfigKeys (ConfUtils.java:logGet(43)) - raft.server.log.appender.buffer.byte-limit = 33554432 (custom)
2019-09-25 07:05:23,464 [pool-47-thread-1] INFO  server.RaftServerConfigKeys (ConfUtils.java:logGet(43)) - raft.server.log.segment.size.max = 1048576 (custom)
2019-09-25 07:05:23,464 [pool-47-thread-1] INFO  server.RaftServerConfigKeys (ConfUtils.java:logGet(43)) - raft.server.log.segment.cache.num.max = 2 (custom)
2019-09-25 07:05:23,465 [pool-47-thread-1] INFO  segmented.SegmentedRaftLogWorker (SegmentedRaftLogWorker.java:<init>(172)) - new 24bf2945-a329-4da6-aaf2-23ecd8d462c6@group-B0548C23C74B-SegmentedRaftLogWorker for RaftStorage:Storage Directory /workdir/hadoop-ozone/integration-test/target/test-dir/MiniOzoneClusterImpl-39af9574-7a8b-4ed7-b830-bf686a3d4bb8/datanode-2/data/ratis/48f2e398-358b-4b61-9053-b0548c23c74b
2019-09-25 07:05:23,465 [pool-47-thread-1] INFO  server.RaftServerConfigKeys (ConfUtils.java:logGet(43)) - raft.server.log.queue.byte-limit = 2147483647 (custom)
2019-09-25 07:05:23,465 [pool-47-thread-1] INFO  server.RaftServerConfigKeys (ConfUtils.java:logGet(43)) - raft.server.log.queue.element-limit = 1024 (custom)
2019-09-25 07:05:23,465 [pool-47-thread-1] INFO  server.RaftServerConfigKeys (ConfUtils.java:logGet(43)) - raft.server.log.segment.size.max = 1048576 (custom)
2019-09-25 07:05:23,465 [pool-47-thread-1] INFO  server.RaftServerConfigKeys (ConfUtils.java:logGet(43)) - raft.server.log.preallocated.size = 16384 (custom)
2019-09-25 07:05:23,465 [pool-47-thread-1] INFO  server.RaftServerConfigKeys (ConfUtils.java:logGet(43)) - raft.server.log.write.buffer.size = 33554432 (custom)
2019-09-25 07:05:23,465 [pool-47-thread-1] INFO  server.RaftServerConfigKeys (ConfUtils.java:logGet(43)) - raft.server.log.force.sync.num = 128 (default)
2019-09-25 07:05:23,466 [pool-47-thread-1] INFO  server.RaftServerConfigKeys (ConfUtils.java:logGet(43)) - raft.server.log.statemachine.data.sync = true (default)
2019-09-25 07:05:23,466 [pool-47-thread-1] INFO  server.RaftServerConfigKeys (ConfUtils.java:logGet(43)) - raft.server.log.statemachine.data.sync.timeout = 10s (default)
2019-09-25 07:05:23,466 [pool-47-thread-1] INFO  server.RaftServerConfigKeys (ConfUtils.java:logGet(43)) - raft.server.log.statemachine.data.sync.timeout.retry = -1 (default)
2019-09-25 07:05:23,466 [pool-47-thread-1] INFO  server.RaftServerConfigKeys (ConfUtils.java:logGet(43)) - raft.server.log.statemachine.data.caching.enabled = true (custom)
2019-09-25 07:05:23,466 [pool-47-thread-1] INFO  segmented.SegmentedRaftLogWorker (SegmentedRaftLogWorker.java:lambda$new$0(132)) - 24bf2945-a329-4da6-aaf2-23ecd8d462c6@group-B0548C23C74B-SegmentedRaftLogWorker: flushIndex: setUnconditionally 0 -> -1
2019-09-25 07:05:23,467 [pool-47-thread-1] INFO  server.RaftServerConfigKeys (ConfUtils.java:logGet(43)) - raft.server.snapshot.auto.trigger.enabled = true (custom)
2019-09-25 07:05:23,467 [pool-47-thread-1] INFO  server.RaftServerConfigKeys (ConfUtils.java:logGet(43)) - raft.server.snapshot.auto.trigger.threshold = 10000 (custom)
2019-09-25 07:05:23,467 [pool-47-thread-1] INFO  server.RaftServerConfigKeys (ConfUtils.java:logGet(43)) - raft.server.snapshot.retention.num.files = 5 (custom)
2019-09-25 07:05:23,467 [pool-47-thread-1] INFO  server.RaftServerConfigKeys (ConfUtils.java:logGet(43)) - raft.server.retrycache.expirytime = 600000ms (custom)
2019-09-25 07:05:23,469 [pool-47-thread-1] INFO  impl.RaftServerImpl (RaftServerImpl.java:start(185)) - 24bf2945-a329-4da6-aaf2-23ecd8d462c6@group-B0548C23C74B: start as a follower, conf=-1: [24bf2945-a329-4da6-aaf2-23ecd8d462c6:192.168.30.10:42867], old=null
2019-09-25 07:05:23,469 [pool-47-thread-1] INFO  impl.RaftServerImpl (RaftServerImpl.java:setRole(174)) - 24bf2945-a329-4da6-aaf2-23ecd8d462c6@group-B0548C23C74B: changes role from      null to FOLLOWER at term 0 for startAsFollower
2019-09-25 07:05:23,469 [pool-47-thread-1] INFO  impl.RoleInfo (RoleInfo.java:updateAndGet(143)) - 24bf2945-a329-4da6-aaf2-23ecd8d462c6: start FollowerState
2019-09-25 07:05:23,469 [pool-47-thread-1] INFO  util.JmxRegister (JmxRegister.java:tryRegister(44)) - Successfully registered JMX Bean with object name Ratis:service=RaftServer,group=group-B0548C23C74B,id=24bf2945-a329-4da6-aaf2-23ecd8d462c6
2019-09-25 07:05:23,480 [RatisPipelineUtilsThread] INFO  pipeline.PipelineStateManager (PipelineStateManager.java:addPipeline(56)) - Created pipeline Pipeline[ Id: 48f2e398-358b-4b61-9053-b0548c23c74b, Nodes: 24bf2945-a329-4da6-aaf2-23ecd8d462c6{ip: 192.168.30.10, host: pr-hdds-1569-s62bp-3040748787, networkLocation: /default-rack, certSerialId: null}, Type:RATIS, Factor:ONE, State:OPEN]
2019-09-25 07:05:23,484 [grpc-default-executor-5] INFO  impl.RaftServerProxy (RaftServerProxy.java:addNew(89)) - 62ec8eb9-3ae9-4136-b70a-2caf3716fa7f: addNew group-88815D580A0A:[62ec8eb9-3ae9-4136-b70a-2caf3716fa7f:192.168.30.10:44715] returns group-88815D580A0A:java.util.concurrent.CompletableFuture@168c749[Not completed]
2019-09-25 07:05:23,485 [pool-37-thread-1] INFO  impl.RaftServerImpl (RaftServerImpl.java:<init>(95)) - 62ec8eb9-3ae9-4136-b70a-2caf3716fa7f: new RaftServerImpl for group-88815D580A0A:[62ec8eb9-3ae9-4136-b70a-2caf3716fa7f:192.168.30.10:44715] with ContainerStateMachine:uninitialized
2019-09-25 07:05:23,485 [pool-37-thread-1] INFO  server.RaftServerConfigKeys (ConfUtils.java:logGet(43)) - raft.server.rpc.timeout.min = 5s (custom)
2019-09-25 07:05:23,485 [pool-37-thread-1] INFO  server.RaftServerConfigKeys (ConfUtils.java:logGet(43)) - raft.server.rpc.timeout.max = 5200ms (custom)
2019-09-25 07:05:23,485 [pool-37-thread-1] INFO  server.RaftServerConfigKeys (ConfUtils.java:logGet(43)) - raft.server.rpcslowness.timeout = 120s (custom)
2019-09-25 07:05:23,485 [pool-37-thread-1] INFO  server.RaftServerConfigKeys (ConfUtils.java:logGet(43)) - raft.server.sleep.deviation.threshold = 300 (default)
2019-09-25 07:05:23,485 [pool-37-thread-1] INFO  server.RaftServerConfigKeys (ConfUtils.java:logGet(43)) - raft.server.log.appender.install.snapshot.enabled = false (custom)
2019-09-25 07:05:23,485 [pool-37-thread-1] INFO  impl.RaftServerImpl (ServerState.java:<init>(103)) - 62ec8eb9-3ae9-4136-b70a-2caf3716fa7f@group-88815D580A0A: ConfigurationManager, init=-1: [62ec8eb9-3ae9-4136-b70a-2caf3716fa7f:192.168.30.10:44715], old=null, confs=<EMPTY_MAP>
2019-09-25 07:05:23,486 [pool-37-thread-1] INFO  server.RaftServerConfigKeys (ConfUtils.java:logGet(43)) - raft.server.storage.dir = [/workdir/hadoop-ozone/integration-test/target/test-dir/MiniOzoneClusterImpl-39af9574-7a8b-4ed7-b830-bf686a3d4bb8/datanode-1/data/ratis] (custom)
2019-09-25 07:05:23,486 [pool-37-thread-1] INFO  storage.RaftStorageDirectory (RaftStorageDirectory.java:analyzeStorage(246)) - The storage directory /workdir/hadoop-ozone/integration-test/target/test-dir/MiniOzoneClusterImpl-39af9574-7a8b-4ed7-b830-bf686a3d4bb8/datanode-1/data/ratis/6dcfedc4-5ac8-46b8-a351-88815d580a0a does not exist. Creating ...
2019-09-25 07:05:23,499 [pool-37-thread-1] INFO  storage.RaftStorageDirectory (RaftStorageDirectory.java:tryLock(328)) - Lock on /workdir/hadoop-ozone/integration-test/target/test-dir/MiniOzoneClusterImpl-39af9574-7a8b-4ed7-b830-bf686a3d4bb8/datanode-1/data/ratis/6dcfedc4-5ac8-46b8-a351-88815d580a0a/in_use.lock acquired by nodename 19495@pr-hdds-1569-s62bp-3040748787
2019-09-25 07:05:23,536 [pool-37-thread-1] INFO  storage.RaftStorage (RaftStorage.java:format(72)) - Storage directory /workdir/hadoop-ozone/integration-test/target/test-dir/MiniOzoneClusterImpl-39af9574-7a8b-4ed7-b830-bf686a3d4bb8/datanode-1/data/ratis/6dcfedc4-5ac8-46b8-a351-88815d580a0a has been successfully formatted.
2019-09-25 07:05:23,536 [pool-37-thread-1] INFO  ratis.ContainerStateMachine (ContainerStateMachine.java:loadSnapshot(230)) - group-88815D580A0A: The snapshot info is null. Setting the last applied indexto:(t:0, i:~)
2019-09-25 07:05:23,537 [pool-37-thread-1] INFO  server.RaftServerConfigKeys (ConfUtils.java:logGet(43)) - raft.server.notification.no-leader.timeout = 120s (custom)
2019-09-25 07:05:23,537 [pool-37-thread-1] INFO  server.RaftServerConfigKeys (ConfUtils.java:logGet(43)) - raft.server.log.use.memory = false (default)
2019-09-25 07:05:23,537 [pool-37-thread-1] INFO  server.RaftServerConfigKeys (ConfUtils.java:logGet(43)) - raft.server.log.purge.gap = 1000000 (custom)
2019-09-25 07:05:23,537 [pool-37-thread-1] INFO  server.RaftServerConfigKeys (ConfUtils.java:logGet(43)) - raft.server.log.appender.buffer.byte-limit = 33554432 (custom)
2019-09-25 07:05:23,537 [pool-37-thread-1] INFO  server.RaftServerConfigKeys (ConfUtils.java:logGet(43)) - raft.server.log.segment.size.max = 1048576 (custom)
2019-09-25 07:05:23,537 [pool-37-thread-1] INFO  server.RaftServerConfigKeys (ConfUtils.java:logGet(43)) - raft.server.log.segment.cache.num.max = 2 (custom)
2019-09-25 07:05:23,537 [pool-37-thread-1] INFO  segmented.SegmentedRaftLogWorker (SegmentedRaftLogWorker.java:<init>(172)) - new 62ec8eb9-3ae9-4136-b70a-2caf3716fa7f@group-88815D580A0A-SegmentedRaftLogWorker for RaftStorage:Storage Directory /workdir/hadoop-ozone/integration-test/target/test-dir/MiniOzoneClusterImpl-39af9574-7a8b-4ed7-b830-bf686a3d4bb8/datanode-1/data/ratis/6dcfedc4-5ac8-46b8-a351-88815d580a0a
2019-09-25 07:05:23,537 [pool-37-thread-1] INFO  server.RaftServerConfigKeys (ConfUtils.java:logGet(43)) - raft.server.log.queue.byte-limit = 2147483647 (custom)
2019-09-25 07:05:23,538 [pool-37-thread-1] INFO  server.RaftServerConfigKeys (ConfUtils.java:logGet(43)) - raft.server.log.queue.element-limit = 1024 (custom)
2019-09-25 07:05:23,538 [pool-37-thread-1] INFO  server.RaftServerConfigKeys (ConfUtils.java:logGet(43)) - raft.server.log.segment.size.max = 1048576 (custom)
2019-09-25 07:05:23,538 [pool-37-thread-1] INFO  server.RaftServerConfigKeys (ConfUtils.java:logGet(43)) - raft.server.log.preallocated.size = 16384 (custom)
2019-09-25 07:05:23,538 [pool-37-thread-1] INFO  server.RaftServerConfigKeys (ConfUtils.java:logGet(43)) - raft.server.log.write.buffer.size = 33554432 (custom)
2019-09-25 07:05:23,538 [pool-37-thread-1] INFO  server.RaftServerConfigKeys (ConfUtils.java:logGet(43)) - raft.server.log.force.sync.num = 128 (default)
2019-09-25 07:05:23,538 [pool-37-thread-1] INFO  server.RaftServerConfigKeys (ConfUtils.java:logGet(43)) - raft.server.log.statemachine.data.sync = true (default)
2019-09-25 07:05:23,538 [pool-37-thread-1] INFO  server.RaftServerConfigKeys (ConfUtils.java:logGet(43)) - raft.server.log.statemachine.data.sync.timeout = 10s (default)
2019-09-25 07:05:23,539 [pool-37-thread-1] INFO  server.RaftServerConfigKeys (ConfUtils.java:logGet(43)) - raft.server.log.statemachine.data.sync.timeout.retry = -1 (default)
2019-09-25 07:05:23,539 [pool-37-thread-1] INFO  server.RaftServerConfigKeys (ConfUtils.java:logGet(43)) - raft.server.log.statemachine.data.caching.enabled = true (custom)
2019-09-25 07:05:23,539 [pool-37-thread-1] INFO  segmented.SegmentedRaftLogWorker (SegmentedRaftLogWorker.java:lambda$new$0(132)) - 62ec8eb9-3ae9-4136-b70a-2caf3716fa7f@group-88815D580A0A-SegmentedRaftLogWorker: flushIndex: setUnconditionally 0 -> -1
2019-09-25 07:05:23,539 [pool-37-thread-1] INFO  server.RaftServerConfigKeys (ConfUtils.java:logGet(43)) - raft.server.snapshot.auto.trigger.enabled = true (custom)
2019-09-25 07:05:23,539 [pool-37-thread-1] INFO  server.RaftServerConfigKeys (ConfUtils.java:logGet(43)) - raft.server.snapshot.auto.trigger.threshold = 10000 (custom)
2019-09-25 07:05:23,540 [pool-37-thread-1] INFO  server.RaftServerConfigKeys (ConfUtils.java:logGet(43)) - raft.server.snapshot.retention.num.files = 5 (custom)
2019-09-25 07:05:23,540 [pool-37-thread-1] INFO  server.RaftServerConfigKeys (ConfUtils.java:logGet(43)) - raft.server.retrycache.expirytime = 600000ms (custom)
2019-09-25 07:05:23,541 [pool-37-thread-1] INFO  impl.RaftServerImpl (RaftServerImpl.java:start(185)) - 62ec8eb9-3ae9-4136-b70a-2caf3716fa7f@group-88815D580A0A: start as a follower, conf=-1: [62ec8eb9-3ae9-4136-b70a-2caf3716fa7f:192.168.30.10:44715], old=null
2019-09-25 07:05:23,542 [pool-37-thread-1] INFO  impl.RaftServerImpl (RaftServerImpl.java:setRole(174)) - 62ec8eb9-3ae9-4136-b70a-2caf3716fa7f@group-88815D580A0A: changes role from      null to FOLLOWER at term 0 for startAsFollower
2019-09-25 07:05:23,542 [pool-37-thread-1] INFO  impl.RoleInfo (RoleInfo.java:updateAndGet(143)) - 62ec8eb9-3ae9-4136-b70a-2caf3716fa7f: start FollowerState
2019-09-25 07:05:23,542 [pool-37-thread-1] INFO  util.JmxRegister (JmxRegister.java:tryRegister(44)) - Successfully registered JMX Bean with object name Ratis:service=RaftServer,group=group-88815D580A0A,id=62ec8eb9-3ae9-4136-b70a-2caf3716fa7f
2019-09-25 07:05:23,544 [RatisPipelineUtilsThread] INFO  pipeline.PipelineStateManager (PipelineStateManager.java:addPipeline(56)) - Created pipeline Pipeline[ Id: 6dcfedc4-5ac8-46b8-a351-88815d580a0a, Nodes: 62ec8eb9-3ae9-4136-b70a-2caf3716fa7f{ip: 192.168.30.10, host: pr-hdds-1569-s62bp-3040748787, networkLocation: /default-rack, certSerialId: null}, Type:RATIS, Factor:ONE, State:OPEN]
2019-09-25 07:05:23,548 [grpc-default-executor-5] INFO  impl.RaftServerProxy (RaftServerProxy.java:addNew(89)) - 62ec8eb9-3ae9-4136-b70a-2caf3716fa7f: addNew group-80BD66AA2751:[62ec8eb9-3ae9-4136-b70a-2caf3716fa7f:192.168.30.10:44715] returns group-80BD66AA2751:java.util.concurrent.CompletableFuture@7adf17eb[Not completed]
2019-09-25 07:05:23,549 [pool-37-thread-1] INFO  impl.RaftServerImpl (RaftServerImpl.java:<init>(95)) - 62ec8eb9-3ae9-4136-b70a-2caf3716fa7f: new RaftServerImpl for group-80BD66AA2751:[62ec8eb9-3ae9-4136-b70a-2caf3716fa7f:192.168.30.10:44715] with ContainerStateMachine:uninitialized
2019-09-25 07:05:23,549 [pool-37-thread-1] INFO  server.RaftServerConfigKeys (ConfUtils.java:logGet(43)) - raft.server.rpc.timeout.min = 5s (custom)
2019-09-25 07:05:23,550 [pool-37-thread-1] INFO  server.RaftServerConfigKeys (ConfUtils.java:logGet(43)) - raft.server.rpc.timeout.max = 5200ms (custom)
2019-09-25 07:05:23,550 [pool-37-thread-1] INFO  server.RaftServerConfigKeys (ConfUtils.java:logGet(43)) - raft.server.rpcslowness.timeout = 120s (custom)
2019-09-25 07:05:23,550 [pool-37-thread-1] INFO  server.RaftServerConfigKeys (ConfUtils.java:logGet(43)) - raft.server.sleep.deviation.threshold = 300 (default)
2019-09-25 07:05:23,550 [pool-37-thread-1] INFO  server.RaftServerConfigKeys (ConfUtils.java:logGet(43)) - raft.server.log.appender.install.snapshot.enabled = false (custom)
2019-09-25 07:05:23,550 [pool-37-thread-1] INFO  impl.RaftServerImpl (ServerState.java:<init>(103)) - 62ec8eb9-3ae9-4136-b70a-2caf3716fa7f@group-80BD66AA2751: ConfigurationManager, init=-1: [62ec8eb9-3ae9-4136-b70a-2caf3716fa7f:192.168.30.10:44715], old=null, confs=<EMPTY_MAP>
2019-09-25 07:05:23,550 [pool-37-thread-1] INFO  server.RaftServerConfigKeys (ConfUtils.java:logGet(43)) - raft.server.storage.dir = [/workdir/hadoop-ozone/integration-test/target/test-dir/MiniOzoneClusterImpl-39af9574-7a8b-4ed7-b830-bf686a3d4bb8/datanode-1/data/ratis] (custom)
2019-09-25 07:05:23,551 [pool-37-thread-1] INFO  storage.RaftStorageDirectory (RaftStorageDirectory.java:analyzeStorage(246)) - The storage directory /workdir/hadoop-ozone/integration-test/target/test-dir/MiniOzoneClusterImpl-39af9574-7a8b-4ed7-b830-bf686a3d4bb8/datanode-1/data/ratis/1964b24c-152f-445e-8c97-80bd66aa2751 does not exist. Creating ...
2019-09-25 07:05:23,563 [pool-37-thread-1] INFO  storage.RaftStorageDirectory (RaftStorageDirectory.java:tryLock(328)) - Lock on /workdir/hadoop-ozone/integration-test/target/test-dir/MiniOzoneClusterImpl-39af9574-7a8b-4ed7-b830-bf686a3d4bb8/datanode-1/data/ratis/1964b24c-152f-445e-8c97-80bd66aa2751/in_use.lock acquired by nodename 19495@pr-hdds-1569-s62bp-3040748787
2019-09-25 07:05:23,584 [pool-37-thread-1] INFO  storage.RaftStorage (RaftStorage.java:format(72)) - Storage directory /workdir/hadoop-ozone/integration-test/target/test-dir/MiniOzoneClusterImpl-39af9574-7a8b-4ed7-b830-bf686a3d4bb8/datanode-1/data/ratis/1964b24c-152f-445e-8c97-80bd66aa2751 has been successfully formatted.
2019-09-25 07:05:23,585 [pool-37-thread-1] INFO  ratis.ContainerStateMachine (ContainerStateMachine.java:loadSnapshot(230)) - group-80BD66AA2751: The snapshot info is null. Setting the last applied indexto:(t:0, i:~)
2019-09-25 07:05:23,585 [pool-37-thread-1] INFO  server.RaftServerConfigKeys (ConfUtils.java:logGet(43)) - raft.server.notification.no-leader.timeout = 120s (custom)
2019-09-25 07:05:23,585 [pool-37-thread-1] INFO  server.RaftServerConfigKeys (ConfUtils.java:logGet(43)) - raft.server.log.use.memory = false (default)
2019-09-25 07:05:23,585 [pool-37-thread-1] INFO  server.RaftServerConfigKeys (ConfUtils.java:logGet(43)) - raft.server.log.purge.gap = 1000000 (custom)
2019-09-25 07:05:23,585 [pool-37-thread-1] INFO  server.RaftServerConfigKeys (ConfUtils.java:logGet(43)) - raft.server.log.appender.buffer.byte-limit = 33554432 (custom)
2019-09-25 07:05:23,585 [pool-37-thread-1] INFO  server.RaftServerConfigKeys (ConfUtils.java:logGet(43)) - raft.server.log.segment.size.max = 1048576 (custom)
2019-09-25 07:05:23,585 [pool-37-thread-1] INFO  server.RaftServerConfigKeys (ConfUtils.java:logGet(43)) - raft.server.log.segment.cache.num.max = 2 (custom)
2019-09-25 07:05:23,585 [pool-37-thread-1] INFO  segmented.SegmentedRaftLogWorker (SegmentedRaftLogWorker.java:<init>(172)) - new 62ec8eb9-3ae9-4136-b70a-2caf3716fa7f@group-80BD66AA2751-SegmentedRaftLogWorker for RaftStorage:Storage Directory /workdir/hadoop-ozone/integration-test/target/test-dir/MiniOzoneClusterImpl-39af9574-7a8b-4ed7-b830-bf686a3d4bb8/datanode-1/data/ratis/1964b24c-152f-445e-8c97-80bd66aa2751
2019-09-25 07:05:23,586 [pool-37-thread-1] INFO  server.RaftServerConfigKeys (ConfUtils.java:logGet(43)) - raft.server.log.queue.byte-limit = 2147483647 (custom)
2019-09-25 07:05:23,586 [pool-37-thread-1] INFO  server.RaftServerConfigKeys (ConfUtils.java:logGet(43)) - raft.server.log.queue.element-limit = 1024 (custom)
2019-09-25 07:05:23,586 [pool-37-thread-1] INFO  server.RaftServerConfigKeys (ConfUtils.java:logGet(43)) - raft.server.log.segment.size.max = 1048576 (custom)
2019-09-25 07:05:23,586 [pool-37-thread-1] INFO  server.RaftServerConfigKeys (ConfUtils.java:logGet(43)) - raft.server.log.preallocated.size = 16384 (custom)
2019-09-25 07:05:23,586 [pool-37-thread-1] INFO  server.RaftServerConfigKeys (ConfUtils.java:logGet(43)) - raft.server.log.write.buffer.size = 33554432 (custom)
2019-09-25 07:05:23,586 [pool-37-thread-1] INFO  server.RaftServerConfigKeys (ConfUtils.java:logGet(43)) - raft.server.log.force.sync.num = 128 (default)
2019-09-25 07:05:23,586 [pool-37-thread-1] INFO  server.RaftServerConfigKeys (ConfUtils.java:logGet(43)) - raft.server.log.statemachine.data.sync = true (default)
2019-09-25 07:05:23,586 [pool-37-thread-1] INFO  server.RaftServerConfigKeys (ConfUtils.java:logGet(43)) - raft.server.log.statemachine.data.sync.timeout = 10s (default)
2019-09-25 07:05:23,586 [pool-37-thread-1] INFO  server.RaftServerConfigKeys (ConfUtils.java:logGet(43)) - raft.server.log.statemachine.data.sync.timeout.retry = -1 (default)
2019-09-25 07:05:23,587 [pool-37-thread-1] INFO  server.RaftServerConfigKeys (ConfUtils.java:logGet(43)) - raft.server.log.statemachine.data.caching.enabled = true (custom)
2019-09-25 07:05:23,587 [pool-37-thread-1] INFO  segmented.SegmentedRaftLogWorker (SegmentedRaftLogWorker.java:lambda$new$0(132)) - 62ec8eb9-3ae9-4136-b70a-2caf3716fa7f@group-80BD66AA2751-SegmentedRaftLogWorker: flushIndex: setUnconditionally 0 -> -1
2019-09-25 07:05:23,587 [pool-37-thread-1] INFO  server.RaftServerConfigKeys (ConfUtils.java:logGet(43)) - raft.server.snapshot.auto.trigger.enabled = true (custom)
2019-09-25 07:05:23,587 [pool-37-thread-1] INFO  server.RaftServerConfigKeys (ConfUtils.java:logGet(43)) - raft.server.snapshot.auto.trigger.threshold = 10000 (custom)
2019-09-25 07:05:23,587 [pool-37-thread-1] INFO  server.RaftServerConfigKeys (ConfUtils.java:logGet(43)) - raft.server.snapshot.retention.num.files = 5 (custom)
2019-09-25 07:05:23,588 [pool-37-thread-1] INFO  server.RaftServerConfigKeys (ConfUtils.java:logGet(43)) - raft.server.retrycache.expirytime = 600000ms (custom)
2019-09-25 07:05:23,589 [pool-37-thread-1] INFO  impl.RaftServerImpl (RaftServerImpl.java:start(185)) - 62ec8eb9-3ae9-4136-b70a-2caf3716fa7f@group-80BD66AA2751: start as a follower, conf=-1: [62ec8eb9-3ae9-4136-b70a-2caf3716fa7f:192.168.30.10:44715], old=null
2019-09-25 07:05:23,589 [pool-37-thread-1] INFO  impl.RaftServerImpl (RaftServerImpl.java:setRole(174)) - 62ec8eb9-3ae9-4136-b70a-2caf3716fa7f@group-80BD66AA2751: changes role from      null to FOLLOWER at term 0 for startAsFollower
2019-09-25 07:05:23,589 [pool-37-thread-1] INFO  impl.RoleInfo (RoleInfo.java:updateAndGet(143)) - 62ec8eb9-3ae9-4136-b70a-2caf3716fa7f: start FollowerState
2019-09-25 07:05:23,590 [pool-37-thread-1] INFO  util.JmxRegister (JmxRegister.java:tryRegister(44)) - Successfully registered JMX Bean with object name Ratis:service=RaftServer,group=group-80BD66AA2751,id=62ec8eb9-3ae9-4136-b70a-2caf3716fa7f
2019-09-25 07:05:23,592 [RatisPipelineUtilsThread] INFO  pipeline.PipelineStateManager (PipelineStateManager.java:addPipeline(56)) - Created pipeline Pipeline[ Id: 1964b24c-152f-445e-8c97-80bd66aa2751, Nodes: 62ec8eb9-3ae9-4136-b70a-2caf3716fa7f{ip: 192.168.30.10, host: pr-hdds-1569-s62bp-3040748787, networkLocation: /default-rack, certSerialId: null}, Type:RATIS, Factor:ONE, State:OPEN]
2019-09-25 07:05:23,597 [grpc-default-executor-5] INFO  impl.RaftServerProxy (RaftServerProxy.java:addNew(89)) - 62ec8eb9-3ae9-4136-b70a-2caf3716fa7f: addNew group-CD57BC050509:[62ec8eb9-3ae9-4136-b70a-2caf3716fa7f:192.168.30.10:44715] returns group-CD57BC050509:java.util.concurrent.CompletableFuture@2c1f7ab[Not completed]
2019-09-25 07:05:23,598 [pool-37-thread-1] INFO  impl.RaftServerImpl (RaftServerImpl.java:<init>(95)) - 62ec8eb9-3ae9-4136-b70a-2caf3716fa7f: new RaftServerImpl for group-CD57BC050509:[62ec8eb9-3ae9-4136-b70a-2caf3716fa7f:192.168.30.10:44715] with ContainerStateMachine:uninitialized
2019-09-25 07:05:23,598 [pool-37-thread-1] INFO  server.RaftServerConfigKeys (ConfUtils.java:logGet(43)) - raft.server.rpc.timeout.min = 5s (custom)
2019-09-25 07:05:23,598 [pool-37-thread-1] INFO  server.RaftServerConfigKeys (ConfUtils.java:logGet(43)) - raft.server.rpc.timeout.max = 5200ms (custom)
2019-09-25 07:05:23,598 [pool-37-thread-1] INFO  server.RaftServerConfigKeys (ConfUtils.java:logGet(43)) - raft.server.rpcslowness.timeout = 120s (custom)
2019-09-25 07:05:23,598 [pool-37-thread-1] INFO  server.RaftServerConfigKeys (ConfUtils.java:logGet(43)) - raft.server.sleep.deviation.threshold = 300 (default)
2019-09-25 07:05:23,598 [pool-37-thread-1] INFO  server.RaftServerConfigKeys (ConfUtils.java:logGet(43)) - raft.server.log.appender.install.snapshot.enabled = false (custom)
2019-09-25 07:05:23,599 [pool-37-thread-1] INFO  impl.RaftServerImpl (ServerState.java:<init>(103)) - 62ec8eb9-3ae9-4136-b70a-2caf3716fa7f@group-CD57BC050509: ConfigurationManager, init=-1: [62ec8eb9-3ae9-4136-b70a-2caf3716fa7f:192.168.30.10:44715], old=null, confs=<EMPTY_MAP>
2019-09-25 07:05:23,599 [pool-37-thread-1] INFO  server.RaftServerConfigKeys (ConfUtils.java:logGet(43)) - raft.server.storage.dir = [/workdir/hadoop-ozone/integration-test/target/test-dir/MiniOzoneClusterImpl-39af9574-7a8b-4ed7-b830-bf686a3d4bb8/datanode-1/data/ratis] (custom)
2019-09-25 07:05:23,599 [pool-37-thread-1] INFO  storage.RaftStorageDirectory (RaftStorageDirectory.java:analyzeStorage(246)) - The storage directory /workdir/hadoop-ozone/integration-test/target/test-dir/MiniOzoneClusterImpl-39af9574-7a8b-4ed7-b830-bf686a3d4bb8/datanode-1/data/ratis/9c9080a6-fabf-4a61-8c73-cd57bc050509 does not exist. Creating ...
2019-09-25 07:05:23,614 [pool-37-thread-1] INFO  storage.RaftStorageDirectory (RaftStorageDirectory.java:tryLock(328)) - Lock on /workdir/hadoop-ozone/integration-test/target/test-dir/MiniOzoneClusterImpl-39af9574-7a8b-4ed7-b830-bf686a3d4bb8/datanode-1/data/ratis/9c9080a6-fabf-4a61-8c73-cd57bc050509/in_use.lock acquired by nodename 19495@pr-hdds-1569-s62bp-3040748787
2019-09-25 07:05:23,626 [pool-37-thread-1] INFO  storage.RaftStorage (RaftStorage.java:format(72)) - Storage directory /workdir/hadoop-ozone/integration-test/target/test-dir/MiniOzoneClusterImpl-39af9574-7a8b-4ed7-b830-bf686a3d4bb8/datanode-1/data/ratis/9c9080a6-fabf-4a61-8c73-cd57bc050509 has been successfully formatted.
2019-09-25 07:05:23,626 [pool-37-thread-1] INFO  ratis.ContainerStateMachine (ContainerStateMachine.java:loadSnapshot(230)) - group-CD57BC050509: The snapshot info is null. Setting the last applied indexto:(t:0, i:~)
2019-09-25 07:05:23,627 [pool-37-thread-1] INFO  server.RaftServerConfigKeys (ConfUtils.java:logGet(43)) - raft.server.notification.no-leader.timeout = 120s (custom)
2019-09-25 07:05:23,627 [pool-37-thread-1] INFO  server.RaftServerConfigKeys (ConfUtils.java:logGet(43)) - raft.server.log.use.memory = false (default)
2019-09-25 07:05:23,627 [pool-37-thread-1] INFO  server.RaftServerConfigKeys (ConfUtils.java:logGet(43)) - raft.server.log.purge.gap = 1000000 (custom)
2019-09-25 07:05:23,627 [pool-37-thread-1] INFO  server.RaftServerConfigKeys (ConfUtils.java:logGet(43)) - raft.server.log.appender.buffer.byte-limit = 33554432 (custom)
2019-09-25 07:05:23,627 [pool-37-thread-1] INFO  server.RaftServerConfigKeys (ConfUtils.java:logGet(43)) - raft.server.log.segment.size.max = 1048576 (custom)
2019-09-25 07:05:23,627 [pool-37-thread-1] INFO  server.RaftServerConfigKeys (ConfUtils.java:logGet(43)) - raft.server.log.segment.cache.num.max = 2 (custom)
2019-09-25 07:05:23,627 [pool-37-thread-1] INFO  segmented.SegmentedRaftLogWorker (SegmentedRaftLogWorker.java:<init>(172)) - new 62ec8eb9-3ae9-4136-b70a-2caf3716fa7f@group-CD57BC050509-SegmentedRaftLogWorker for RaftStorage:Storage Directory /workdir/hadoop-ozone/integration-test/target/test-dir/MiniOzoneClusterImpl-39af9574-7a8b-4ed7-b830-bf686a3d4bb8/datanode-1/data/ratis/9c9080a6-fabf-4a61-8c73-cd57bc050509
2019-09-25 07:05:23,627 [pool-37-thread-1] INFO  server.RaftServerConfigKeys (ConfUtils.java:logGet(43)) - raft.server.log.queue.byte-limit = 2147483647 (custom)
2019-09-25 07:05:23,628 [pool-37-thread-1] INFO  server.RaftServerConfigKeys (ConfUtils.java:logGet(43)) - raft.server.log.queue.element-limit = 1024 (custom)
2019-09-25 07:05:23,628 [pool-37-thread-1] INFO  server.RaftServerConfigKeys (ConfUtils.java:logGet(43)) - raft.server.log.segment.size.max = 1048576 (custom)
2019-09-25 07:05:23,628 [pool-37-thread-1] INFO  server.RaftServerConfigKeys (ConfUtils.java:logGet(43)) - raft.server.log.preallocated.size = 16384 (custom)
2019-09-25 07:05:23,628 [pool-37-thread-1] INFO  server.RaftServerConfigKeys (ConfUtils.java:logGet(43)) - raft.server.log.write.buffer.size = 33554432 (custom)
2019-09-25 07:05:23,628 [pool-37-thread-1] INFO  server.RaftServerConfigKeys (ConfUtils.java:logGet(43)) - raft.server.log.force.sync.num = 128 (default)
2019-09-25 07:05:23,628 [pool-37-thread-1] INFO  server.RaftServerConfigKeys (ConfUtils.java:logGet(43)) - raft.server.log.statemachine.data.sync = true (default)
2019-09-25 07:05:23,628 [pool-37-thread-1] INFO  server.RaftServerConfigKeys (ConfUtils.java:logGet(43)) - raft.server.log.statemachine.data.sync.timeout = 10s (default)
2019-09-25 07:05:23,628 [pool-37-thread-1] INFO  server.RaftServerConfigKeys (ConfUtils.java:logGet(43)) - raft.server.log.statemachine.data.sync.timeout.retry = -1 (default)
2019-09-25 07:05:23,629 [pool-37-thread-1] INFO  server.RaftServerConfigKeys (ConfUtils.java:logGet(43)) - raft.server.log.statemachine.data.caching.enabled = true (custom)
2019-09-25 07:05:23,629 [pool-37-thread-1] INFO  segmented.SegmentedRaftLogWorker (SegmentedRaftLogWorker.java:lambda$new$0(132)) - 62ec8eb9-3ae9-4136-b70a-2caf3716fa7f@group-CD57BC050509-SegmentedRaftLogWorker: flushIndex: setUnconditionally 0 -> -1
2019-09-25 07:05:23,629 [pool-37-thread-1] INFO  server.RaftServerConfigKeys (ConfUtils.java:logGet(43)) - raft.server.snapshot.auto.trigger.enabled = true (custom)
2019-09-25 07:05:23,629 [pool-37-thread-1] INFO  server.RaftServerConfigKeys (ConfUtils.java:logGet(43)) - raft.server.snapshot.auto.trigger.threshold = 10000 (custom)
2019-09-25 07:05:23,629 [pool-37-thread-1] INFO  server.RaftServerConfigKeys (ConfUtils.java:logGet(43)) - raft.server.snapshot.retention.num.files = 5 (custom)
2019-09-25 07:05:23,629 [pool-37-thread-1] INFO  server.RaftServerConfigKeys (ConfUtils.java:logGet(43)) - raft.server.retrycache.expirytime = 600000ms (custom)
2019-09-25 07:05:23,631 [pool-37-thread-1] INFO  impl.RaftServerImpl (RaftServerImpl.java:start(185)) - 62ec8eb9-3ae9-4136-b70a-2caf3716fa7f@group-CD57BC050509: start as a follower, conf=-1: [62ec8eb9-3ae9-4136-b70a-2caf3716fa7f:192.168.30.10:44715], old=null
2019-09-25 07:05:23,631 [pool-37-thread-1] INFO  impl.RaftServerImpl (RaftServerImpl.java:setRole(174)) - 62ec8eb9-3ae9-4136-b70a-2caf3716fa7f@group-CD57BC050509: changes role from      null to FOLLOWER at term 0 for startAsFollower
2019-09-25 07:05:23,631 [pool-37-thread-1] INFO  impl.RoleInfo (RoleInfo.java:updateAndGet(143)) - 62ec8eb9-3ae9-4136-b70a-2caf3716fa7f: start FollowerState
2019-09-25 07:05:23,632 [pool-37-thread-1] INFO  util.JmxRegister (JmxRegister.java:tryRegister(44)) - Successfully registered JMX Bean with object name Ratis:service=RaftServer,group=group-CD57BC050509,id=62ec8eb9-3ae9-4136-b70a-2caf3716fa7f
2019-09-25 07:05:23,635 [RatisPipelineUtilsThread] INFO  pipeline.PipelineStateManager (PipelineStateManager.java:addPipeline(56)) - Created pipeline Pipeline[ Id: 9c9080a6-fabf-4a61-8c73-cd57bc050509, Nodes: 62ec8eb9-3ae9-4136-b70a-2caf3716fa7f{ip: 192.168.30.10, host: pr-hdds-1569-s62bp-3040748787, networkLocation: /default-rack, certSerialId: null}, Type:RATIS, Factor:ONE, State:OPEN]
2019-09-25 07:05:23,639 [grpc-default-executor-5] INFO  impl.RaftServerProxy (RaftServerProxy.java:addNew(89)) - e568d23f-199e-48ce-91e4-5c166e2e97cd: addNew group-081E83150E18:[e568d23f-199e-48ce-91e4-5c166e2e97cd:192.168.30.10:42827] returns group-081E83150E18:java.util.concurrent.CompletableFuture@7b19a249[Not completed]
2019-09-25 07:05:23,641 [pool-27-thread-1] INFO  impl.RaftServerImpl (RaftServerImpl.java:<init>(95)) - e568d23f-199e-48ce-91e4-5c166e2e97cd: new RaftServerImpl for group-081E83150E18:[e568d23f-199e-48ce-91e4-5c166e2e97cd:192.168.30.10:42827] with ContainerStateMachine:uninitialized
2019-09-25 07:05:23,641 [pool-27-thread-1] INFO  server.RaftServerConfigKeys (ConfUtils.java:logGet(43)) - raft.server.rpc.timeout.min = 5s (custom)
2019-09-25 07:05:23,641 [pool-27-thread-1] INFO  server.RaftServerConfigKeys (ConfUtils.java:logGet(43)) - raft.server.rpc.timeout.max = 5200ms (custom)
2019-09-25 07:05:23,641 [pool-27-thread-1] INFO  server.RaftServerConfigKeys (ConfUtils.java:logGet(43)) - raft.server.rpcslowness.timeout = 120s (custom)
2019-09-25 07:05:23,642 [pool-27-thread-1] INFO  server.RaftServerConfigKeys (ConfUtils.java:logGet(43)) - raft.server.sleep.deviation.threshold = 300 (default)
2019-09-25 07:05:23,642 [pool-27-thread-1] INFO  server.RaftServerConfigKeys (ConfUtils.java:logGet(43)) - raft.server.log.appender.install.snapshot.enabled = false (custom)
2019-09-25 07:05:23,642 [pool-27-thread-1] INFO  impl.RaftServerImpl (ServerState.java:<init>(103)) - e568d23f-199e-48ce-91e4-5c166e2e97cd@group-081E83150E18: ConfigurationManager, init=-1: [e568d23f-199e-48ce-91e4-5c166e2e97cd:192.168.30.10:42827], old=null, confs=<EMPTY_MAP>
2019-09-25 07:05:23,642 [pool-27-thread-1] INFO  server.RaftServerConfigKeys (ConfUtils.java:logGet(43)) - raft.server.storage.dir = [/workdir/hadoop-ozone/integration-test/target/test-dir/MiniOzoneClusterImpl-39af9574-7a8b-4ed7-b830-bf686a3d4bb8/datanode-0/data/ratis] (custom)
2019-09-25 07:05:23,643 [pool-27-thread-1] INFO  storage.RaftStorageDirectory (RaftStorageDirectory.java:analyzeStorage(246)) - The storage directory /workdir/hadoop-ozone/integration-test/target/test-dir/MiniOzoneClusterImpl-39af9574-7a8b-4ed7-b830-bf686a3d4bb8/datanode-0/data/ratis/04034040-7360-46f0-9908-081e83150e18 does not exist. Creating ...
2019-09-25 07:05:23,656 [pool-27-thread-1] INFO  storage.RaftStorageDirectory (RaftStorageDirectory.java:tryLock(328)) - Lock on /workdir/hadoop-ozone/integration-test/target/test-dir/MiniOzoneClusterImpl-39af9574-7a8b-4ed7-b830-bf686a3d4bb8/datanode-0/data/ratis/04034040-7360-46f0-9908-081e83150e18/in_use.lock acquired by nodename 19495@pr-hdds-1569-s62bp-3040748787
2019-09-25 07:05:23,669 [pool-27-thread-1] INFO  storage.RaftStorage (RaftStorage.java:format(72)) - Storage directory /workdir/hadoop-ozone/integration-test/target/test-dir/MiniOzoneClusterImpl-39af9574-7a8b-4ed7-b830-bf686a3d4bb8/datanode-0/data/ratis/04034040-7360-46f0-9908-081e83150e18 has been successfully formatted.
2019-09-25 07:05:23,669 [pool-27-thread-1] INFO  ratis.ContainerStateMachine (ContainerStateMachine.java:loadSnapshot(230)) - group-081E83150E18: The snapshot info is null. Setting the last applied indexto:(t:0, i:~)
2019-09-25 07:05:23,669 [pool-27-thread-1] INFO  server.RaftServerConfigKeys (ConfUtils.java:logGet(43)) - raft.server.notification.no-leader.timeout = 120s (custom)
2019-09-25 07:05:23,669 [pool-27-thread-1] INFO  server.RaftServerConfigKeys (ConfUtils.java:logGet(43)) - raft.server.log.use.memory = false (default)
2019-09-25 07:05:23,669 [pool-27-thread-1] INFO  server.RaftServerConfigKeys (ConfUtils.java:logGet(43)) - raft.server.log.purge.gap = 1000000 (custom)
2019-09-25 07:05:23,670 [pool-27-thread-1] INFO  server.RaftServerConfigKeys (ConfUtils.java:logGet(43)) - raft.server.log.appender.buffer.byte-limit = 33554432 (custom)
2019-09-25 07:05:23,670 [pool-27-thread-1] INFO  server.RaftServerConfigKeys (ConfUtils.java:logGet(43)) - raft.server.log.segment.size.max = 1048576 (custom)
2019-09-25 07:05:23,670 [pool-27-thread-1] INFO  server.RaftServerConfigKeys (ConfUtils.java:logGet(43)) - raft.server.log.segment.cache.num.max = 2 (custom)
2019-09-25 07:05:23,670 [pool-27-thread-1] INFO  segmented.SegmentedRaftLogWorker (SegmentedRaftLogWorker.java:<init>(172)) - new e568d23f-199e-48ce-91e4-5c166e2e97cd@group-081E83150E18-SegmentedRaftLogWorker for RaftStorage:Storage Directory /workdir/hadoop-ozone/integration-test/target/test-dir/MiniOzoneClusterImpl-39af9574-7a8b-4ed7-b830-bf686a3d4bb8/datanode-0/data/ratis/04034040-7360-46f0-9908-081e83150e18
2019-09-25 07:05:23,670 [pool-27-thread-1] INFO  server.RaftServerConfigKeys (ConfUtils.java:logGet(43)) - raft.server.log.queue.byte-limit = 2147483647 (custom)
2019-09-25 07:05:23,670 [pool-27-thread-1] INFO  server.RaftServerConfigKeys (ConfUtils.java:logGet(43)) - raft.server.log.queue.element-limit = 1024 (custom)
2019-09-25 07:05:23,671 [pool-27-thread-1] INFO  server.RaftServerConfigKeys (ConfUtils.java:logGet(43)) - raft.server.log.segment.size.max = 1048576 (custom)
2019-09-25 07:05:23,671 [pool-27-thread-1] INFO  server.RaftServerConfigKeys (ConfUtils.java:logGet(43)) - raft.server.log.preallocated.size = 16384 (custom)
2019-09-25 07:05:23,671 [pool-27-thread-1] INFO  server.RaftServerConfigKeys (ConfUtils.java:logGet(43)) - raft.server.log.write.buffer.size = 33554432 (custom)
2019-09-25 07:05:23,671 [pool-27-thread-1] INFO  server.RaftServerConfigKeys (ConfUtils.java:logGet(43)) - raft.server.log.force.sync.num = 128 (default)
2019-09-25 07:05:23,671 [pool-27-thread-1] INFO  server.RaftServerConfigKeys (ConfUtils.java:logGet(43)) - raft.server.log.statemachine.data.sync = true (default)
2019-09-25 07:05:23,671 [pool-27-thread-1] INFO  server.RaftServerConfigKeys (ConfUtils.java:logGet(43)) - raft.server.log.statemachine.data.sync.timeout = 10s (default)
2019-09-25 07:05:23,671 [pool-27-thread-1] INFO  server.RaftServerConfigKeys (ConfUtils.java:logGet(43)) - raft.server.log.statemachine.data.sync.timeout.retry = -1 (default)
2019-09-25 07:05:23,674 [pool-27-thread-1] INFO  server.RaftServerConfigKeys (ConfUtils.java:logGet(43)) - raft.server.log.statemachine.data.caching.enabled = true (custom)
2019-09-25 07:05:23,674 [pool-27-thread-1] INFO  segmented.SegmentedRaftLogWorker (SegmentedRaftLogWorker.java:lambda$new$0(132)) - e568d23f-199e-48ce-91e4-5c166e2e97cd@group-081E83150E18-SegmentedRaftLogWorker: flushIndex: setUnconditionally 0 -> -1
2019-09-25 07:05:23,675 [pool-27-thread-1] INFO  server.RaftServerConfigKeys (ConfUtils.java:logGet(43)) - raft.server.snapshot.auto.trigger.enabled = true (custom)
2019-09-25 07:05:23,675 [pool-27-thread-1] INFO  server.RaftServerConfigKeys (ConfUtils.java:logGet(43)) - raft.server.snapshot.auto.trigger.threshold = 10000 (custom)
2019-09-25 07:05:23,675 [pool-27-thread-1] INFO  server.RaftServerConfigKeys (ConfUtils.java:logGet(43)) - raft.server.snapshot.retention.num.files = 5 (custom)
2019-09-25 07:05:23,675 [pool-27-thread-1] INFO  server.RaftServerConfigKeys (ConfUtils.java:logGet(43)) - raft.server.retrycache.expirytime = 600000ms (custom)
2019-09-25 07:05:23,678 [pool-27-thread-1] INFO  impl.RaftServerImpl (RaftServerImpl.java:start(185)) - e568d23f-199e-48ce-91e4-5c166e2e97cd@group-081E83150E18: start as a follower, conf=-1: [e568d23f-199e-48ce-91e4-5c166e2e97cd:192.168.30.10:42827], old=null
2019-09-25 07:05:23,678 [pool-27-thread-1] INFO  impl.RaftServerImpl (RaftServerImpl.java:setRole(174)) - e568d23f-199e-48ce-91e4-5c166e2e97cd@group-081E83150E18: changes role from      null to FOLLOWER at term 0 for startAsFollower
2019-09-25 07:05:23,678 [pool-27-thread-1] INFO  impl.RoleInfo (RoleInfo.java:updateAndGet(143)) - e568d23f-199e-48ce-91e4-5c166e2e97cd: start FollowerState
2019-09-25 07:05:23,678 [pool-27-thread-1] INFO  util.JmxRegister (JmxRegister.java:tryRegister(44)) - Successfully registered JMX Bean with object name Ratis:service=RaftServer,group=group-081E83150E18,id=e568d23f-199e-48ce-91e4-5c166e2e97cd
2019-09-25 07:05:23,682 [RatisPipelineUtilsThread] INFO  pipeline.PipelineStateManager (PipelineStateManager.java:addPipeline(56)) - Created pipeline Pipeline[ Id: 04034040-7360-46f0-9908-081e83150e18, Nodes: e568d23f-199e-48ce-91e4-5c166e2e97cd{ip: 192.168.30.10, host: pr-hdds-1569-s62bp-3040748787, networkLocation: /default-rack, certSerialId: null}, Type:RATIS, Factor:ONE, State:OPEN]
2019-09-25 07:05:23,687 [grpc-default-executor-5] INFO  impl.RaftServerProxy (RaftServerProxy.java:addNew(89)) - e568d23f-199e-48ce-91e4-5c166e2e97cd: addNew group-9CA1DA49B9D9:[e568d23f-199e-48ce-91e4-5c166e2e97cd:192.168.30.10:42827] returns group-9CA1DA49B9D9:java.util.concurrent.CompletableFuture@12ceb514[Not completed]
2019-09-25 07:05:23,689 [pool-27-thread-1] INFO  impl.RaftServerImpl (RaftServerImpl.java:<init>(95)) - e568d23f-199e-48ce-91e4-5c166e2e97cd: new RaftServerImpl for group-9CA1DA49B9D9:[e568d23f-199e-48ce-91e4-5c166e2e97cd:192.168.30.10:42827] with ContainerStateMachine:uninitialized
2019-09-25 07:05:23,689 [pool-27-thread-1] INFO  server.RaftServerConfigKeys (ConfUtils.java:logGet(43)) - raft.server.rpc.timeout.min = 5s (custom)
2019-09-25 07:05:23,690 [pool-27-thread-1] INFO  server.RaftServerConfigKeys (ConfUtils.java:logGet(43)) - raft.server.rpc.timeout.max = 5200ms (custom)
2019-09-25 07:05:23,690 [pool-27-thread-1] INFO  server.RaftServerConfigKeys (ConfUtils.java:logGet(43)) - raft.server.rpcslowness.timeout = 120s (custom)
2019-09-25 07:05:23,690 [pool-27-thread-1] INFO  server.RaftServerConfigKeys (ConfUtils.java:logGet(43)) - raft.server.sleep.deviation.threshold = 300 (default)
2019-09-25 07:05:23,690 [pool-27-thread-1] INFO  server.RaftServerConfigKeys (ConfUtils.java:logGet(43)) - raft.server.log.appender.install.snapshot.enabled = false (custom)
2019-09-25 07:05:23,690 [pool-27-thread-1] INFO  impl.RaftServerImpl (ServerState.java:<init>(103)) - e568d23f-199e-48ce-91e4-5c166e2e97cd@group-9CA1DA49B9D9: ConfigurationManager, init=-1: [e568d23f-199e-48ce-91e4-5c166e2e97cd:192.168.30.10:42827], old=null, confs=<EMPTY_MAP>
2019-09-25 07:05:23,690 [pool-27-thread-1] INFO  server.RaftServerConfigKeys (ConfUtils.java:logGet(43)) - raft.server.storage.dir = [/workdir/hadoop-ozone/integration-test/target/test-dir/MiniOzoneClusterImpl-39af9574-7a8b-4ed7-b830-bf686a3d4bb8/datanode-0/data/ratis] (custom)
2019-09-25 07:05:23,691 [pool-27-thread-1] INFO  storage.RaftStorageDirectory (RaftStorageDirectory.java:analyzeStorage(246)) - The storage directory /workdir/hadoop-ozone/integration-test/target/test-dir/MiniOzoneClusterImpl-39af9574-7a8b-4ed7-b830-bf686a3d4bb8/datanode-0/data/ratis/dd773de8-3c41-48b8-a918-9ca1da49b9d9 does not exist. Creating ...
2019-09-25 07:05:23,703 [pool-27-thread-1] INFO  storage.RaftStorageDirectory (RaftStorageDirectory.java:tryLock(328)) - Lock on /workdir/hadoop-ozone/integration-test/target/test-dir/MiniOzoneClusterImpl-39af9574-7a8b-4ed7-b830-bf686a3d4bb8/datanode-0/data/ratis/dd773de8-3c41-48b8-a918-9ca1da49b9d9/in_use.lock acquired by nodename 19495@pr-hdds-1569-s62bp-3040748787
2019-09-25 07:05:23,716 [pool-27-thread-1] INFO  storage.RaftStorage (RaftStorage.java:format(72)) - Storage directory /workdir/hadoop-ozone/integration-test/target/test-dir/MiniOzoneClusterImpl-39af9574-7a8b-4ed7-b830-bf686a3d4bb8/datanode-0/data/ratis/dd773de8-3c41-48b8-a918-9ca1da49b9d9 has been successfully formatted.
2019-09-25 07:05:23,716 [pool-27-thread-1] INFO  ratis.ContainerStateMachine (ContainerStateMachine.java:loadSnapshot(230)) - group-9CA1DA49B9D9: The snapshot info is null. Setting the last applied indexto:(t:0, i:~)
2019-09-25 07:05:23,716 [pool-27-thread-1] INFO  server.RaftServerConfigKeys (ConfUtils.java:logGet(43)) - raft.server.notification.no-leader.timeout = 120s (custom)
2019-09-25 07:05:23,717 [pool-27-thread-1] INFO  server.RaftServerConfigKeys (ConfUtils.java:logGet(43)) - raft.server.log.use.memory = false (default)
2019-09-25 07:05:23,717 [pool-27-thread-1] INFO  server.RaftServerConfigKeys (ConfUtils.java:logGet(43)) - raft.server.log.purge.gap = 1000000 (custom)
2019-09-25 07:05:23,717 [pool-27-thread-1] INFO  server.RaftServerConfigKeys (ConfUtils.java:logGet(43)) - raft.server.log.appender.buffer.byte-limit = 33554432 (custom)
2019-09-25 07:05:23,717 [pool-27-thread-1] INFO  server.RaftServerConfigKeys (ConfUtils.java:logGet(43)) - raft.server.log.segment.size.max = 1048576 (custom)
2019-09-25 07:05:23,717 [pool-27-thread-1] INFO  server.RaftServerConfigKeys (ConfUtils.java:logGet(43)) - raft.server.log.segment.cache.num.max = 2 (custom)
2019-09-25 07:05:23,717 [pool-27-thread-1] INFO  segmented.SegmentedRaftLogWorker (SegmentedRaftLogWorker.java:<init>(172)) - new e568d23f-199e-48ce-91e4-5c166e2e97cd@group-9CA1DA49B9D9-SegmentedRaftLogWorker for RaftStorage:Storage Directory /workdir/hadoop-ozone/integration-test/target/test-dir/MiniOzoneClusterImpl-39af9574-7a8b-4ed7-b830-bf686a3d4bb8/datanode-0/data/ratis/dd773de8-3c41-48b8-a918-9ca1da49b9d9
2019-09-25 07:05:23,717 [pool-27-thread-1] INFO  server.RaftServerConfigKeys (ConfUtils.java:logGet(43)) - raft.server.log.queue.byte-limit = 2147483647 (custom)
2019-09-25 07:05:23,717 [pool-27-thread-1] INFO  server.RaftServerConfigKeys (ConfUtils.java:logGet(43)) - raft.server.log.queue.element-limit = 1024 (custom)
2019-09-25 07:05:23,718 [pool-27-thread-1] INFO  server.RaftServerConfigKeys (ConfUtils.java:logGet(43)) - raft.server.log.segment.size.max = 1048576 (custom)
2019-09-25 07:05:23,718 [pool-27-thread-1] INFO  server.RaftServerConfigKeys (ConfUtils.java:logGet(43)) - raft.server.log.preallocated.size = 16384 (custom)
2019-09-25 07:05:23,718 [pool-27-thread-1] INFO  server.RaftServerConfigKeys (ConfUtils.java:logGet(43)) - raft.server.log.write.buffer.size = 33554432 (custom)
2019-09-25 07:05:23,718 [pool-27-thread-1] INFO  server.RaftServerConfigKeys (ConfUtils.java:logGet(43)) - raft.server.log.force.sync.num = 128 (default)
2019-09-25 07:05:23,718 [pool-27-thread-1] INFO  server.RaftServerConfigKeys (ConfUtils.java:logGet(43)) - raft.server.log.statemachine.data.sync = true (default)
2019-09-25 07:05:23,718 [pool-27-thread-1] INFO  server.RaftServerConfigKeys (ConfUtils.java:logGet(43)) - raft.server.log.statemachine.data.sync.timeout = 10s (default)
2019-09-25 07:05:23,718 [pool-27-thread-1] INFO  server.RaftServerConfigKeys (ConfUtils.java:logGet(43)) - raft.server.log.statemachine.data.sync.timeout.retry = -1 (default)
2019-09-25 07:05:23,718 [pool-27-thread-1] INFO  server.RaftServerConfigKeys (ConfUtils.java:logGet(43)) - raft.server.log.statemachine.data.caching.enabled = true (custom)
2019-09-25 07:05:23,719 [pool-27-thread-1] INFO  segmented.SegmentedRaftLogWorker (SegmentedRaftLogWorker.java:lambda$new$0(132)) - e568d23f-199e-48ce-91e4-5c166e2e97cd@group-9CA1DA49B9D9-SegmentedRaftLogWorker: flushIndex: setUnconditionally 0 -> -1
2019-09-25 07:05:23,719 [pool-27-thread-1] INFO  server.RaftServerConfigKeys (ConfUtils.java:logGet(43)) - raft.server.snapshot.auto.trigger.enabled = true (custom)
2019-09-25 07:05:23,719 [pool-27-thread-1] INFO  server.RaftServerConfigKeys (ConfUtils.java:logGet(43)) - raft.server.snapshot.auto.trigger.threshold = 10000 (custom)
2019-09-25 07:05:23,719 [pool-27-thread-1] INFO  server.RaftServerConfigKeys (ConfUtils.java:logGet(43)) - raft.server.snapshot.retention.num.files = 5 (custom)
2019-09-25 07:05:23,719 [pool-27-thread-1] INFO  server.RaftServerConfigKeys (ConfUtils.java:logGet(43)) - raft.server.retrycache.expirytime = 600000ms (custom)
2019-09-25 07:05:23,721 [pool-27-thread-1] INFO  impl.RaftServerImpl (RaftServerImpl.java:start(185)) - e568d23f-199e-48ce-91e4-5c166e2e97cd@group-9CA1DA49B9D9: start as a follower, conf=-1: [e568d23f-199e-48ce-91e4-5c166e2e97cd:192.168.30.10:42827], old=null
2019-09-25 07:05:23,721 [pool-27-thread-1] INFO  impl.RaftServerImpl (RaftServerImpl.java:setRole(174)) - e568d23f-199e-48ce-91e4-5c166e2e97cd@group-9CA1DA49B9D9: changes role from      null to FOLLOWER at term 0 for startAsFollower
2019-09-25 07:05:23,721 [pool-27-thread-1] INFO  impl.RoleInfo (RoleInfo.java:updateAndGet(143)) - e568d23f-199e-48ce-91e4-5c166e2e97cd: start FollowerState
2019-09-25 07:05:23,721 [pool-27-thread-1] INFO  util.JmxRegister (JmxRegister.java:tryRegister(44)) - Successfully registered JMX Bean with object name Ratis:service=RaftServer,group=group-9CA1DA49B9D9,id=e568d23f-199e-48ce-91e4-5c166e2e97cd
2019-09-25 07:05:23,724 [RatisPipelineUtilsThread] INFO  pipeline.PipelineStateManager (PipelineStateManager.java:addPipeline(56)) - Created pipeline Pipeline[ Id: dd773de8-3c41-48b8-a918-9ca1da49b9d9, Nodes: e568d23f-199e-48ce-91e4-5c166e2e97cd{ip: 192.168.30.10, host: pr-hdds-1569-s62bp-3040748787, networkLocation: /default-rack, certSerialId: null}, Type:RATIS, Factor:ONE, State:OPEN]
2019-09-25 07:05:23,728 [grpc-default-executor-5] INFO  impl.RaftServerProxy (RaftServerProxy.java:addNew(89)) - 62ec8eb9-3ae9-4136-b70a-2caf3716fa7f: addNew group-239C49794E4E:[62ec8eb9-3ae9-4136-b70a-2caf3716fa7f:192.168.30.10:44715] returns group-239C49794E4E:java.util.concurrent.CompletableFuture@1bbbfde[Not completed]
2019-09-25 07:05:23,729 [pool-37-thread-1] INFO  impl.RaftServerImpl (RaftServerImpl.java:<init>(95)) - 62ec8eb9-3ae9-4136-b70a-2caf3716fa7f: new RaftServerImpl for group-239C49794E4E:[62ec8eb9-3ae9-4136-b70a-2caf3716fa7f:192.168.30.10:44715] with ContainerStateMachine:uninitialized
2019-09-25 07:05:23,729 [pool-37-thread-1] INFO  server.RaftServerConfigKeys (ConfUtils.java:logGet(43)) - raft.server.rpc.timeout.min = 5s (custom)
2019-09-25 07:05:23,729 [pool-37-thread-1] INFO  server.RaftServerConfigKeys (ConfUtils.java:logGet(43)) - raft.server.rpc.timeout.max = 5200ms (custom)
2019-09-25 07:05:23,729 [pool-37-thread-1] INFO  server.RaftServerConfigKeys (ConfUtils.java:logGet(43)) - raft.server.rpcslowness.timeout = 120s (custom)
2019-09-25 07:05:23,729 [pool-37-thread-1] INFO  server.RaftServerConfigKeys (ConfUtils.java:logGet(43)) - raft.server.sleep.deviation.threshold = 300 (default)
2019-09-25 07:05:23,730 [pool-37-thread-1] INFO  server.RaftServerConfigKeys (ConfUtils.java:logGet(43)) - raft.server.log.appender.install.snapshot.enabled = false (custom)
2019-09-25 07:05:23,730 [pool-37-thread-1] INFO  impl.RaftServerImpl (ServerState.java:<init>(103)) - 62ec8eb9-3ae9-4136-b70a-2caf3716fa7f@group-239C49794E4E: ConfigurationManager, init=-1: [62ec8eb9-3ae9-4136-b70a-2caf3716fa7f:192.168.30.10:44715], old=null, confs=<EMPTY_MAP>
2019-09-25 07:05:23,730 [pool-37-thread-1] INFO  server.RaftServerConfigKeys (ConfUtils.java:logGet(43)) - raft.server.storage.dir = [/workdir/hadoop-ozone/integration-test/target/test-dir/MiniOzoneClusterImpl-39af9574-7a8b-4ed7-b830-bf686a3d4bb8/datanode-1/data/ratis] (custom)
2019-09-25 07:05:23,730 [pool-37-thread-1] INFO  storage.RaftStorageDirectory (RaftStorageDirectory.java:analyzeStorage(246)) - The storage directory /workdir/hadoop-ozone/integration-test/target/test-dir/MiniOzoneClusterImpl-39af9574-7a8b-4ed7-b830-bf686a3d4bb8/datanode-1/data/ratis/924145f7-0d7c-4253-bb65-239c49794e4e does not exist. Creating ...
2019-09-25 07:05:23,742 [pool-37-thread-1] INFO  storage.RaftStorageDirectory (RaftStorageDirectory.java:tryLock(328)) - Lock on /workdir/hadoop-ozone/integration-test/target/test-dir/MiniOzoneClusterImpl-39af9574-7a8b-4ed7-b830-bf686a3d4bb8/datanode-1/data/ratis/924145f7-0d7c-4253-bb65-239c49794e4e/in_use.lock acquired by nodename 19495@pr-hdds-1569-s62bp-3040748787
2019-09-25 07:05:23,755 [pool-37-thread-1] INFO  storage.RaftStorage (RaftStorage.java:format(72)) - Storage directory /workdir/hadoop-ozone/integration-test/target/test-dir/MiniOzoneClusterImpl-39af9574-7a8b-4ed7-b830-bf686a3d4bb8/datanode-1/data/ratis/924145f7-0d7c-4253-bb65-239c49794e4e has been successfully formatted.
2019-09-25 07:05:23,756 [pool-37-thread-1] INFO  ratis.ContainerStateMachine (ContainerStateMachine.java:loadSnapshot(230)) - group-239C49794E4E: The snapshot info is null. Setting the last applied indexto:(t:0, i:~)
2019-09-25 07:05:23,756 [pool-37-thread-1] INFO  server.RaftServerConfigKeys (ConfUtils.java:logGet(43)) - raft.server.notification.no-leader.timeout = 120s (custom)
2019-09-25 07:05:23,756 [pool-37-thread-1] INFO  server.RaftServerConfigKeys (ConfUtils.java:logGet(43)) - raft.server.log.use.memory = false (default)
2019-09-25 07:05:23,756 [pool-37-thread-1] INFO  server.RaftServerConfigKeys (ConfUtils.java:logGet(43)) - raft.server.log.purge.gap = 1000000 (custom)
2019-09-25 07:05:23,756 [pool-37-thread-1] INFO  server.RaftServerConfigKeys (ConfUtils.java:logGet(43)) - raft.server.log.appender.buffer.byte-limit = 33554432 (custom)
2019-09-25 07:05:23,756 [pool-37-thread-1] INFO  server.RaftServerConfigKeys (ConfUtils.java:logGet(43)) - raft.server.log.segment.size.max = 1048576 (custom)
2019-09-25 07:05:23,756 [pool-37-thread-1] INFO  server.RaftServerConfigKeys (ConfUtils.java:logGet(43)) - raft.server.log.segment.cache.num.max = 2 (custom)
2019-09-25 07:05:23,756 [pool-37-thread-1] INFO  segmented.SegmentedRaftLogWorker (SegmentedRaftLogWorker.java:<init>(172)) - new 62ec8eb9-3ae9-4136-b70a-2caf3716fa7f@group-239C49794E4E-SegmentedRaftLogWorker for RaftStorage:Storage Directory /workdir/hadoop-ozone/integration-test/target/test-dir/MiniOzoneClusterImpl-39af9574-7a8b-4ed7-b830-bf686a3d4bb8/datanode-1/data/ratis/924145f7-0d7c-4253-bb65-239c49794e4e
2019-09-25 07:05:23,757 [pool-37-thread-1] INFO  server.RaftServerConfigKeys (ConfUtils.java:logGet(43)) - raft.server.log.queue.byte-limit = 2147483647 (custom)
2019-09-25 07:05:23,757 [pool-37-thread-1] INFO  server.RaftServerConfigKeys (ConfUtils.java:logGet(43)) - raft.server.log.queue.element-limit = 1024 (custom)
2019-09-25 07:05:23,757 [pool-37-thread-1] INFO  server.RaftServerConfigKeys (ConfUtils.java:logGet(43)) - raft.server.log.segment.size.max = 1048576 (custom)
2019-09-25 07:05:23,757 [pool-37-thread-1] INFO  server.RaftServerConfigKeys (ConfUtils.java:logGet(43)) - raft.server.log.preallocated.size = 16384 (custom)
2019-09-25 07:05:23,757 [pool-37-thread-1] INFO  server.RaftServerConfigKeys (ConfUtils.java:logGet(43)) - raft.server.log.write.buffer.size = 33554432 (custom)
2019-09-25 07:05:23,757 [pool-37-thread-1] INFO  server.RaftServerConfigKeys (ConfUtils.java:logGet(43)) - raft.server.log.force.sync.num = 128 (default)
2019-09-25 07:05:23,757 [pool-37-thread-1] INFO  server.RaftServerConfigKeys (ConfUtils.java:logGet(43)) - raft.server.log.statemachine.data.sync = true (default)
2019-09-25 07:05:23,757 [pool-37-thread-1] INFO  server.RaftServerConfigKeys (ConfUtils.java:logGet(43)) - raft.server.log.statemachine.data.sync.timeout = 10s (default)
2019-09-25 07:05:23,758 [pool-37-thread-1] INFO  server.RaftServerConfigKeys (ConfUtils.java:logGet(43)) - raft.server.log.statemachine.data.sync.timeout.retry = -1 (default)
2019-09-25 07:05:23,758 [pool-37-thread-1] INFO  server.RaftServerConfigKeys (ConfUtils.java:logGet(43)) - raft.server.log.statemachine.data.caching.enabled = true (custom)
2019-09-25 07:05:23,758 [pool-37-thread-1] INFO  segmented.SegmentedRaftLogWorker (SegmentedRaftLogWorker.java:lambda$new$0(132)) - 62ec8eb9-3ae9-4136-b70a-2caf3716fa7f@group-239C49794E4E-SegmentedRaftLogWorker: flushIndex: setUnconditionally 0 -> -1
2019-09-25 07:05:23,758 [pool-37-thread-1] INFO  server.RaftServerConfigKeys (ConfUtils.java:logGet(43)) - raft.server.snapshot.auto.trigger.enabled = true (custom)
2019-09-25 07:05:23,758 [pool-37-thread-1] INFO  server.RaftServerConfigKeys (ConfUtils.java:logGet(43)) - raft.server.snapshot.auto.trigger.threshold = 10000 (custom)
2019-09-25 07:05:23,758 [pool-37-thread-1] INFO  server.RaftServerConfigKeys (ConfUtils.java:logGet(43)) - raft.server.snapshot.retention.num.files = 5 (custom)
2019-09-25 07:05:23,759 [pool-37-thread-1] INFO  server.RaftServerConfigKeys (ConfUtils.java:logGet(43)) - raft.server.retrycache.expirytime = 600000ms (custom)
2019-09-25 07:05:23,760 [pool-37-thread-1] INFO  impl.RaftServerImpl (RaftServerImpl.java:start(185)) - 62ec8eb9-3ae9-4136-b70a-2caf3716fa7f@group-239C49794E4E: start as a follower, conf=-1: [62ec8eb9-3ae9-4136-b70a-2caf3716fa7f:192.168.30.10:44715], old=null
2019-09-25 07:05:23,760 [pool-37-thread-1] INFO  impl.RaftServerImpl (RaftServerImpl.java:setRole(174)) - 62ec8eb9-3ae9-4136-b70a-2caf3716fa7f@group-239C49794E4E: changes role from      null to FOLLOWER at term 0 for startAsFollower
2019-09-25 07:05:23,760 [pool-37-thread-1] INFO  impl.RoleInfo (RoleInfo.java:updateAndGet(143)) - 62ec8eb9-3ae9-4136-b70a-2caf3716fa7f: start FollowerState
2019-09-25 07:05:23,761 [pool-37-thread-1] INFO  util.JmxRegister (JmxRegister.java:tryRegister(44)) - Successfully registered JMX Bean with object name Ratis:service=RaftServer,group=group-239C49794E4E,id=62ec8eb9-3ae9-4136-b70a-2caf3716fa7f
2019-09-25 07:05:23,763 [RatisPipelineUtilsThread] INFO  pipeline.PipelineStateManager (PipelineStateManager.java:addPipeline(56)) - Created pipeline Pipeline[ Id: 924145f7-0d7c-4253-bb65-239c49794e4e, Nodes: 62ec8eb9-3ae9-4136-b70a-2caf3716fa7f{ip: 192.168.30.10, host: pr-hdds-1569-s62bp-3040748787, networkLocation: /default-rack, certSerialId: null}, Type:RATIS, Factor:ONE, State:OPEN]
2019-09-25 07:05:23,768 [grpc-default-executor-5] INFO  impl.RaftServerProxy (RaftServerProxy.java:addNew(89)) - 62ec8eb9-3ae9-4136-b70a-2caf3716fa7f: addNew group-845EE7B13043:[62ec8eb9-3ae9-4136-b70a-2caf3716fa7f:192.168.30.10:44715] returns group-845EE7B13043:java.util.concurrent.CompletableFuture@24e9dfb[Not completed]
2019-09-25 07:05:23,769 [pool-37-thread-1] INFO  impl.RaftServerImpl (RaftServerImpl.java:<init>(95)) - 62ec8eb9-3ae9-4136-b70a-2caf3716fa7f: new RaftServerImpl for group-845EE7B13043:[62ec8eb9-3ae9-4136-b70a-2caf3716fa7f:192.168.30.10:44715] with ContainerStateMachine:uninitialized
2019-09-25 07:05:23,769 [pool-37-thread-1] INFO  server.RaftServerConfigKeys (ConfUtils.java:logGet(43)) - raft.server.rpc.timeout.min = 5s (custom)
2019-09-25 07:05:23,769 [pool-37-thread-1] INFO  server.RaftServerConfigKeys (ConfUtils.java:logGet(43)) - raft.server.rpc.timeout.max = 5200ms (custom)
2019-09-25 07:05:23,769 [pool-37-thread-1] INFO  server.RaftServerConfigKeys (ConfUtils.java:logGet(43)) - raft.server.rpcslowness.timeout = 120s (custom)
2019-09-25 07:05:23,769 [pool-37-thread-1] INFO  server.RaftServerConfigKeys (ConfUtils.java:logGet(43)) - raft.server.sleep.deviation.threshold = 300 (default)
2019-09-25 07:05:23,769 [pool-37-thread-1] INFO  server.RaftServerConfigKeys (ConfUtils.java:logGet(43)) - raft.server.log.appender.install.snapshot.enabled = false (custom)
2019-09-25 07:05:23,769 [pool-37-thread-1] INFO  impl.RaftServerImpl (ServerState.java:<init>(103)) - 62ec8eb9-3ae9-4136-b70a-2caf3716fa7f@group-845EE7B13043: ConfigurationManager, init=-1: [62ec8eb9-3ae9-4136-b70a-2caf3716fa7f:192.168.30.10:44715], old=null, confs=<EMPTY_MAP>
2019-09-25 07:05:23,769 [pool-37-thread-1] INFO  server.RaftServerConfigKeys (ConfUtils.java:logGet(43)) - raft.server.storage.dir = [/workdir/hadoop-ozone/integration-test/target/test-dir/MiniOzoneClusterImpl-39af9574-7a8b-4ed7-b830-bf686a3d4bb8/datanode-1/data/ratis] (custom)
2019-09-25 07:05:23,770 [pool-37-thread-1] INFO  storage.RaftStorageDirectory (RaftStorageDirectory.java:analyzeStorage(246)) - The storage directory /workdir/hadoop-ozone/integration-test/target/test-dir/MiniOzoneClusterImpl-39af9574-7a8b-4ed7-b830-bf686a3d4bb8/datanode-1/data/ratis/10be7cea-2743-46ea-bcab-845ee7b13043 does not exist. Creating ...
2019-09-25 07:05:23,788 [pool-37-thread-1] INFO  storage.RaftStorageDirectory (RaftStorageDirectory.java:tryLock(328)) - Lock on /workdir/hadoop-ozone/integration-test/target/test-dir/MiniOzoneClusterImpl-39af9574-7a8b-4ed7-b830-bf686a3d4bb8/datanode-1/data/ratis/10be7cea-2743-46ea-bcab-845ee7b13043/in_use.lock acquired by nodename 19495@pr-hdds-1569-s62bp-3040748787
2019-09-25 07:05:23,800 [pool-37-thread-1] INFO  storage.RaftStorage (RaftStorage.java:format(72)) - Storage directory /workdir/hadoop-ozone/integration-test/target/test-dir/MiniOzoneClusterImpl-39af9574-7a8b-4ed7-b830-bf686a3d4bb8/datanode-1/data/ratis/10be7cea-2743-46ea-bcab-845ee7b13043 has been successfully formatted.
2019-09-25 07:05:23,801 [pool-37-thread-1] INFO  ratis.ContainerStateMachine (ContainerStateMachine.java:loadSnapshot(230)) - group-845EE7B13043: The snapshot info is null. Setting the last applied indexto:(t:0, i:~)
2019-09-25 07:05:23,801 [pool-37-thread-1] INFO  server.RaftServerConfigKeys (ConfUtils.java:logGet(43)) - raft.server.notification.no-leader.timeout = 120s (custom)
2019-09-25 07:05:23,801 [pool-37-thread-1] INFO  server.RaftServerConfigKeys (ConfUtils.java:logGet(43)) - raft.server.log.use.memory = false (default)
2019-09-25 07:05:23,801 [pool-37-thread-1] INFO  server.RaftServerConfigKeys (ConfUtils.java:logGet(43)) - raft.server.log.purge.gap = 1000000 (custom)
2019-09-25 07:05:23,801 [pool-37-thread-1] INFO  server.RaftServerConfigKeys (ConfUtils.java:logGet(43)) - raft.server.log.appender.buffer.byte-limit = 33554432 (custom)
2019-09-25 07:05:23,801 [pool-37-thread-1] INFO  server.RaftServerConfigKeys (ConfUtils.java:logGet(43)) - raft.server.log.segment.size.max = 1048576 (custom)
2019-09-25 07:05:23,801 [pool-37-thread-1] INFO  server.RaftServerConfigKeys (ConfUtils.java:logGet(43)) - raft.server.log.segment.cache.num.max = 2 (custom)
2019-09-25 07:05:23,801 [pool-37-thread-1] INFO  segmented.SegmentedRaftLogWorker (SegmentedRaftLogWorker.java:<init>(172)) - new 62ec8eb9-3ae9-4136-b70a-2caf3716fa7f@group-845EE7B13043-SegmentedRaftLogWorker for RaftStorage:Storage Directory /workdir/hadoop-ozone/integration-test/target/test-dir/MiniOzoneClusterImpl-39af9574-7a8b-4ed7-b830-bf686a3d4bb8/datanode-1/data/ratis/10be7cea-2743-46ea-bcab-845ee7b13043
2019-09-25 07:05:23,802 [pool-37-thread-1] INFO  server.RaftServerConfigKeys (ConfUtils.java:logGet(43)) - raft.server.log.queue.byte-limit = 2147483647 (custom)
2019-09-25 07:05:23,802 [pool-37-thread-1] INFO  server.RaftServerConfigKeys (ConfUtils.java:logGet(43)) - raft.server.log.queue.element-limit = 1024 (custom)
2019-09-25 07:05:23,802 [pool-37-thread-1] INFO  server.RaftServerConfigKeys (ConfUtils.java:logGet(43)) - raft.server.log.segment.size.max = 1048576 (custom)
2019-09-25 07:05:23,802 [pool-37-thread-1] INFO  server.RaftServerConfigKeys (ConfUtils.java:logGet(43)) - raft.server.log.preallocated.size = 16384 (custom)
2019-09-25 07:05:23,802 [pool-37-thread-1] INFO  server.RaftServerConfigKeys (ConfUtils.java:logGet(43)) - raft.server.log.write.buffer.size = 33554432 (custom)
2019-09-25 07:05:23,802 [pool-37-thread-1] INFO  server.RaftServerConfigKeys (ConfUtils.java:logGet(43)) - raft.server.log.force.sync.num = 128 (default)
2019-09-25 07:05:23,802 [pool-37-thread-1] INFO  server.RaftServerConfigKeys (ConfUtils.java:logGet(43)) - raft.server.log.statemachine.data.sync = true (default)
2019-09-25 07:05:23,802 [pool-37-thread-1] INFO  server.RaftServerConfigKeys (ConfUtils.java:logGet(43)) - raft.server.log.statemachine.data.sync.timeout = 10s (default)
2019-09-25 07:05:23,802 [pool-37-thread-1] INFO  server.RaftServerConfigKeys (ConfUtils.java:logGet(43)) - raft.server.log.statemachine.data.sync.timeout.retry = -1 (default)
2019-09-25 07:05:23,802 [pool-37-thread-1] INFO  server.RaftServerConfigKeys (ConfUtils.java:logGet(43)) - raft.server.log.statemachine.data.caching.enabled = true (custom)
2019-09-25 07:05:23,803 [pool-37-thread-1] INFO  segmented.SegmentedRaftLogWorker (SegmentedRaftLogWorker.java:lambda$new$0(132)) - 62ec8eb9-3ae9-4136-b70a-2caf3716fa7f@group-845EE7B13043-SegmentedRaftLogWorker: flushIndex: setUnconditionally 0 -> -1
2019-09-25 07:05:23,803 [pool-37-thread-1] INFO  server.RaftServerConfigKeys (ConfUtils.java:logGet(43)) - raft.server.snapshot.auto.trigger.enabled = true (custom)
2019-09-25 07:05:23,803 [pool-37-thread-1] INFO  server.RaftServerConfigKeys (ConfUtils.java:logGet(43)) - raft.server.snapshot.auto.trigger.threshold = 10000 (custom)
2019-09-25 07:05:23,803 [pool-37-thread-1] INFO  server.RaftServerConfigKeys (ConfUtils.java:logGet(43)) - raft.server.snapshot.retention.num.files = 5 (custom)
2019-09-25 07:05:23,803 [pool-37-thread-1] INFO  server.RaftServerConfigKeys (ConfUtils.java:logGet(43)) - raft.server.retrycache.expirytime = 600000ms (custom)
2019-09-25 07:05:23,805 [pool-37-thread-1] INFO  impl.RaftServerImpl (RaftServerImpl.java:start(185)) - 62ec8eb9-3ae9-4136-b70a-2caf3716fa7f@group-845EE7B13043: start as a follower, conf=-1: [62ec8eb9-3ae9-4136-b70a-2caf3716fa7f:192.168.30.10:44715], old=null
2019-09-25 07:05:23,805 [pool-37-thread-1] INFO  impl.RaftServerImpl (RaftServerImpl.java:setRole(174)) - 62ec8eb9-3ae9-4136-b70a-2caf3716fa7f@group-845EE7B13043: changes role from      null to FOLLOWER at term 0 for startAsFollower
2019-09-25 07:05:23,805 [pool-37-thread-1] INFO  impl.RoleInfo (RoleInfo.java:updateAndGet(143)) - 62ec8eb9-3ae9-4136-b70a-2caf3716fa7f: start FollowerState
2019-09-25 07:05:23,805 [pool-37-thread-1] INFO  util.JmxRegister (JmxRegister.java:tryRegister(44)) - Successfully registered JMX Bean with object name Ratis:service=RaftServer,group=group-845EE7B13043,id=62ec8eb9-3ae9-4136-b70a-2caf3716fa7f
2019-09-25 07:05:23,807 [RatisPipelineUtilsThread] INFO  pipeline.PipelineStateManager (PipelineStateManager.java:addPipeline(56)) - Created pipeline Pipeline[ Id: 10be7cea-2743-46ea-bcab-845ee7b13043, Nodes: 62ec8eb9-3ae9-4136-b70a-2caf3716fa7f{ip: 192.168.30.10, host: pr-hdds-1569-s62bp-3040748787, networkLocation: /default-rack, certSerialId: null}, Type:RATIS, Factor:ONE, State:OPEN]
2019-09-25 07:05:23,811 [grpc-default-executor-5] INFO  impl.RaftServerProxy (RaftServerProxy.java:addNew(89)) - e568d23f-199e-48ce-91e4-5c166e2e97cd: addNew group-D7165F971FE4:[e568d23f-199e-48ce-91e4-5c166e2e97cd:192.168.30.10:42827] returns group-D7165F971FE4:java.util.concurrent.CompletableFuture@5b90e57f[Not completed]
2019-09-25 07:05:23,812 [pool-27-thread-1] INFO  impl.RaftServerImpl (RaftServerImpl.java:<init>(95)) - e568d23f-199e-48ce-91e4-5c166e2e97cd: new RaftServerImpl for group-D7165F971FE4:[e568d23f-199e-48ce-91e4-5c166e2e97cd:192.168.30.10:42827] with ContainerStateMachine:uninitialized
2019-09-25 07:05:23,812 [pool-27-thread-1] INFO  server.RaftServerConfigKeys (ConfUtils.java:logGet(43)) - raft.server.rpc.timeout.min = 5s (custom)
2019-09-25 07:05:23,812 [pool-27-thread-1] INFO  server.RaftServerConfigKeys (ConfUtils.java:logGet(43)) - raft.server.rpc.timeout.max = 5200ms (custom)
2019-09-25 07:05:23,812 [pool-27-thread-1] INFO  server.RaftServerConfigKeys (ConfUtils.java:logGet(43)) - raft.server.rpcslowness.timeout = 120s (custom)
2019-09-25 07:05:23,812 [pool-27-thread-1] INFO  server.RaftServerConfigKeys (ConfUtils.java:logGet(43)) - raft.server.sleep.deviation.threshold = 300 (default)
2019-09-25 07:05:23,812 [pool-27-thread-1] INFO  server.RaftServerConfigKeys (ConfUtils.java:logGet(43)) - raft.server.log.appender.install.snapshot.enabled = false (custom)
2019-09-25 07:05:23,812 [pool-27-thread-1] INFO  impl.RaftServerImpl (ServerState.java:<init>(103)) - e568d23f-199e-48ce-91e4-5c166e2e97cd@group-D7165F971FE4: ConfigurationManager, init=-1: [e568d23f-199e-48ce-91e4-5c166e2e97cd:192.168.30.10:42827], old=null, confs=<EMPTY_MAP>
2019-09-25 07:05:23,813 [pool-27-thread-1] INFO  server.RaftServerConfigKeys (ConfUtils.java:logGet(43)) - raft.server.storage.dir = [/workdir/hadoop-ozone/integration-test/target/test-dir/MiniOzoneClusterImpl-39af9574-7a8b-4ed7-b830-bf686a3d4bb8/datanode-0/data/ratis] (custom)
2019-09-25 07:05:23,813 [pool-27-thread-1] INFO  storage.RaftStorageDirectory (RaftStorageDirectory.java:analyzeStorage(246)) - The storage directory /workdir/hadoop-ozone/integration-test/target/test-dir/MiniOzoneClusterImpl-39af9574-7a8b-4ed7-b830-bf686a3d4bb8/datanode-0/data/ratis/5213bd69-0594-4f1f-8b33-d7165f971fe4 does not exist. Creating ...
2019-09-25 07:05:23,820 [pool-27-thread-1] INFO  storage.RaftStorageDirectory (RaftStorageDirectory.java:tryLock(328)) - Lock on /workdir/hadoop-ozone/integration-test/target/test-dir/MiniOzoneClusterImpl-39af9574-7a8b-4ed7-b830-bf686a3d4bb8/datanode-0/data/ratis/5213bd69-0594-4f1f-8b33-d7165f971fe4/in_use.lock acquired by nodename 19495@pr-hdds-1569-s62bp-3040748787
2019-09-25 07:05:23,834 [pool-27-thread-1] INFO  storage.RaftStorage (RaftStorage.java:format(72)) - Storage directory /workdir/hadoop-ozone/integration-test/target/test-dir/MiniOzoneClusterImpl-39af9574-7a8b-4ed7-b830-bf686a3d4bb8/datanode-0/data/ratis/5213bd69-0594-4f1f-8b33-d7165f971fe4 has been successfully formatted.
2019-09-25 07:05:23,834 [pool-27-thread-1] INFO  ratis.ContainerStateMachine (ContainerStateMachine.java:loadSnapshot(230)) - group-D7165F971FE4: The snapshot info is null. Setting the last applied indexto:(t:0, i:~)
2019-09-25 07:05:23,834 [pool-27-thread-1] INFO  server.RaftServerConfigKeys (ConfUtils.java:logGet(43)) - raft.server.notification.no-leader.timeout = 120s (custom)
2019-09-25 07:05:23,834 [pool-27-thread-1] INFO  server.RaftServerConfigKeys (ConfUtils.java:logGet(43)) - raft.server.log.use.memory = false (default)
2019-09-25 07:05:23,834 [pool-27-thread-1] INFO  server.RaftServerConfigKeys (ConfUtils.java:logGet(43)) - raft.server.log.purge.gap = 1000000 (custom)
2019-09-25 07:05:23,835 [pool-27-thread-1] INFO  server.RaftServerConfigKeys (ConfUtils.java:logGet(43)) - raft.server.log.appender.buffer.byte-limit = 33554432 (custom)
2019-09-25 07:05:23,835 [pool-27-thread-1] INFO  server.RaftServerConfigKeys (ConfUtils.java:logGet(43)) - raft.server.log.segment.size.max = 1048576 (custom)
2019-09-25 07:05:23,835 [pool-27-thread-1] INFO  server.RaftServerConfigKeys (ConfUtils.java:logGet(43)) - raft.server.log.segment.cache.num.max = 2 (custom)
2019-09-25 07:05:23,835 [pool-27-thread-1] INFO  segmented.SegmentedRaftLogWorker (SegmentedRaftLogWorker.java:<init>(172)) - new e568d23f-199e-48ce-91e4-5c166e2e97cd@group-D7165F971FE4-SegmentedRaftLogWorker for RaftStorage:Storage Directory /workdir/hadoop-ozone/integration-test/target/test-dir/MiniOzoneClusterImpl-39af9574-7a8b-4ed7-b830-bf686a3d4bb8/datanode-0/data/ratis/5213bd69-0594-4f1f-8b33-d7165f971fe4
2019-09-25 07:05:23,835 [pool-27-thread-1] INFO  server.RaftServerConfigKeys (ConfUtils.java:logGet(43)) - raft.server.log.queue.byte-limit = 2147483647 (custom)
2019-09-25 07:05:23,835 [pool-27-thread-1] INFO  server.RaftServerConfigKeys (ConfUtils.java:logGet(43)) - raft.server.log.queue.element-limit = 1024 (custom)
2019-09-25 07:05:23,835 [pool-27-thread-1] INFO  server.RaftServerConfigKeys (ConfUtils.java:logGet(43)) - raft.server.log.segment.size.max = 1048576 (custom)
2019-09-25 07:05:23,835 [pool-27-thread-1] INFO  server.RaftServerConfigKeys (ConfUtils.java:logGet(43)) - raft.server.log.preallocated.size = 16384 (custom)
2019-09-25 07:05:23,836 [pool-27-thread-1] INFO  server.RaftServerConfigKeys (ConfUtils.java:logGet(43)) - raft.server.log.write.buffer.size = 33554432 (custom)
2019-09-25 07:05:23,836 [pool-27-thread-1] INFO  server.RaftServerConfigKeys (ConfUtils.java:logGet(43)) - raft.server.log.force.sync.num = 128 (default)
2019-09-25 07:05:23,836 [pool-27-thread-1] INFO  server.RaftServerConfigKeys (ConfUtils.java:logGet(43)) - raft.server.log.statemachine.data.sync = true (default)
2019-09-25 07:05:23,836 [pool-27-thread-1] INFO  server.RaftServerConfigKeys (ConfUtils.java:logGet(43)) - raft.server.log.statemachine.data.sync.timeout = 10s (default)
2019-09-25 07:05:23,836 [pool-27-thread-1] INFO  server.RaftServerConfigKeys (ConfUtils.java:logGet(43)) - raft.server.log.statemachine.data.sync.timeout.retry = -1 (default)
2019-09-25 07:05:23,836 [pool-27-thread-1] INFO  server.RaftServerConfigKeys (ConfUtils.java:logGet(43)) - raft.server.log.statemachine.data.caching.enabled = true (custom)
2019-09-25 07:05:23,836 [pool-27-thread-1] INFO  segmented.SegmentedRaftLogWorker (SegmentedRaftLogWorker.java:lambda$new$0(132)) - e568d23f-199e-48ce-91e4-5c166e2e97cd@group-D7165F971FE4-SegmentedRaftLogWorker: flushIndex: setUnconditionally 0 -> -1
2019-09-25 07:05:23,837 [pool-27-thread-1] INFO  server.RaftServerConfigKeys (ConfUtils.java:logGet(43)) - raft.server.snapshot.auto.trigger.enabled = true (custom)
2019-09-25 07:05:23,837 [pool-27-thread-1] INFO  server.RaftServerConfigKeys (ConfUtils.java:logGet(43)) - raft.server.snapshot.auto.trigger.threshold = 10000 (custom)
2019-09-25 07:05:23,837 [pool-27-thread-1] INFO  server.RaftServerConfigKeys (ConfUtils.java:logGet(43)) - raft.server.snapshot.retention.num.files = 5 (custom)
2019-09-25 07:05:23,837 [pool-27-thread-1] INFO  server.RaftServerConfigKeys (ConfUtils.java:logGet(43)) - raft.server.retrycache.expirytime = 600000ms (custom)
2019-09-25 07:05:23,839 [pool-27-thread-1] INFO  impl.RaftServerImpl (RaftServerImpl.java:start(185)) - e568d23f-199e-48ce-91e4-5c166e2e97cd@group-D7165F971FE4: start as a follower, conf=-1: [e568d23f-199e-48ce-91e4-5c166e2e97cd:192.168.30.10:42827], old=null
2019-09-25 07:05:23,839 [pool-27-thread-1] INFO  impl.RaftServerImpl (RaftServerImpl.java:setRole(174)) - e568d23f-199e-48ce-91e4-5c166e2e97cd@group-D7165F971FE4: changes role from      null to FOLLOWER at term 0 for startAsFollower
2019-09-25 07:05:23,839 [pool-27-thread-1] INFO  impl.RoleInfo (RoleInfo.java:updateAndGet(143)) - e568d23f-199e-48ce-91e4-5c166e2e97cd: start FollowerState
2019-09-25 07:05:23,839 [pool-27-thread-1] INFO  util.JmxRegister (JmxRegister.java:tryRegister(44)) - Successfully registered JMX Bean with object name Ratis:service=RaftServer,group=group-D7165F971FE4,id=e568d23f-199e-48ce-91e4-5c166e2e97cd
2019-09-25 07:05:23,841 [RatisPipelineUtilsThread] INFO  pipeline.PipelineStateManager (PipelineStateManager.java:addPipeline(56)) - Created pipeline Pipeline[ Id: 5213bd69-0594-4f1f-8b33-d7165f971fe4, Nodes: e568d23f-199e-48ce-91e4-5c166e2e97cd{ip: 192.168.30.10, host: pr-hdds-1569-s62bp-3040748787, networkLocation: /default-rack, certSerialId: null}, Type:RATIS, Factor:ONE, State:OPEN]
2019-09-25 07:05:23,845 [grpc-default-executor-5] INFO  impl.RaftServerProxy (RaftServerProxy.java:addNew(89)) - 62ec8eb9-3ae9-4136-b70a-2caf3716fa7f: addNew group-C25D07EEFFAA:[62ec8eb9-3ae9-4136-b70a-2caf3716fa7f:192.168.30.10:44715] returns group-C25D07EEFFAA:java.util.concurrent.CompletableFuture@37002520[Not completed]
2019-09-25 07:05:23,846 [pool-37-thread-1] INFO  impl.RaftServerImpl (RaftServerImpl.java:<init>(95)) - 62ec8eb9-3ae9-4136-b70a-2caf3716fa7f: new RaftServerImpl for group-C25D07EEFFAA:[62ec8eb9-3ae9-4136-b70a-2caf3716fa7f:192.168.30.10:44715] with ContainerStateMachine:uninitialized
2019-09-25 07:05:23,846 [pool-37-thread-1] INFO  server.RaftServerConfigKeys (ConfUtils.java:logGet(43)) - raft.server.rpc.timeout.min = 5s (custom)
2019-09-25 07:05:23,846 [pool-37-thread-1] INFO  server.RaftServerConfigKeys (ConfUtils.java:logGet(43)) - raft.server.rpc.timeout.max = 5200ms (custom)
2019-09-25 07:05:23,846 [pool-37-thread-1] INFO  server.RaftServerConfigKeys (ConfUtils.java:logGet(43)) - raft.server.rpcslowness.timeout = 120s (custom)
2019-09-25 07:05:23,846 [pool-37-thread-1] INFO  server.RaftServerConfigKeys (ConfUtils.java:logGet(43)) - raft.server.sleep.deviation.threshold = 300 (default)
2019-09-25 07:05:23,846 [pool-37-thread-1] INFO  server.RaftServerConfigKeys (ConfUtils.java:logGet(43)) - raft.server.log.appender.install.snapshot.enabled = false (custom)
2019-09-25 07:05:23,846 [pool-37-thread-1] INFO  impl.RaftServerImpl (ServerState.java:<init>(103)) - 62ec8eb9-3ae9-4136-b70a-2caf3716fa7f@group-C25D07EEFFAA: ConfigurationManager, init=-1: [62ec8eb9-3ae9-4136-b70a-2caf3716fa7f:192.168.30.10:44715], old=null, confs=<EMPTY_MAP>
2019-09-25 07:05:23,846 [pool-37-thread-1] INFO  server.RaftServerConfigKeys (ConfUtils.java:logGet(43)) - raft.server.storage.dir = [/workdir/hadoop-ozone/integration-test/target/test-dir/MiniOzoneClusterImpl-39af9574-7a8b-4ed7-b830-bf686a3d4bb8/datanode-1/data/ratis] (custom)
2019-09-25 07:05:23,847 [pool-37-thread-1] INFO  storage.RaftStorageDirectory (RaftStorageDirectory.java:analyzeStorage(246)) - The storage directory /workdir/hadoop-ozone/integration-test/target/test-dir/MiniOzoneClusterImpl-39af9574-7a8b-4ed7-b830-bf686a3d4bb8/datanode-1/data/ratis/f75378d8-eb01-486c-9cc5-c25d07eeffaa does not exist. Creating ...
2019-09-25 07:05:23,861 [pool-37-thread-1] INFO  storage.RaftStorageDirectory (RaftStorageDirectory.java:tryLock(328)) - Lock on /workdir/hadoop-ozone/integration-test/target/test-dir/MiniOzoneClusterImpl-39af9574-7a8b-4ed7-b830-bf686a3d4bb8/datanode-1/data/ratis/f75378d8-eb01-486c-9cc5-c25d07eeffaa/in_use.lock acquired by nodename 19495@pr-hdds-1569-s62bp-3040748787
2019-09-25 07:05:23,874 [pool-37-thread-1] INFO  storage.RaftStorage (RaftStorage.java:format(72)) - Storage directory /workdir/hadoop-ozone/integration-test/target/test-dir/MiniOzoneClusterImpl-39af9574-7a8b-4ed7-b830-bf686a3d4bb8/datanode-1/data/ratis/f75378d8-eb01-486c-9cc5-c25d07eeffaa has been successfully formatted.
2019-09-25 07:05:23,874 [pool-37-thread-1] INFO  ratis.ContainerStateMachine (ContainerStateMachine.java:loadSnapshot(230)) - group-C25D07EEFFAA: The snapshot info is null. Setting the last applied indexto:(t:0, i:~)
2019-09-25 07:05:23,874 [pool-37-thread-1] INFO  server.RaftServerConfigKeys (ConfUtils.java:logGet(43)) - raft.server.notification.no-leader.timeout = 120s (custom)
2019-09-25 07:05:23,874 [pool-37-thread-1] INFO  server.RaftServerConfigKeys (ConfUtils.java:logGet(43)) - raft.server.log.use.memory = false (default)
2019-09-25 07:05:23,874 [pool-37-thread-1] INFO  server.RaftServerConfigKeys (ConfUtils.java:logGet(43)) - raft.server.log.purge.gap = 1000000 (custom)
2019-09-25 07:05:23,874 [pool-37-thread-1] INFO  server.RaftServerConfigKeys (ConfUtils.java:logGet(43)) - raft.server.log.appender.buffer.byte-limit = 33554432 (custom)
2019-09-25 07:05:23,874 [pool-37-thread-1] INFO  server.RaftServerConfigKeys (ConfUtils.java:logGet(43)) - raft.server.log.segment.size.max = 1048576 (custom)
2019-09-25 07:05:23,875 [pool-37-thread-1] INFO  server.RaftServerConfigKeys (ConfUtils.java:logGet(43)) - raft.server.log.segment.cache.num.max = 2 (custom)
2019-09-25 07:05:23,875 [pool-37-thread-1] INFO  segmented.SegmentedRaftLogWorker (SegmentedRaftLogWorker.java:<init>(172)) - new 62ec8eb9-3ae9-4136-b70a-2caf3716fa7f@group-C25D07EEFFAA-SegmentedRaftLogWorker for RaftStorage:Storage Directory /workdir/hadoop-ozone/integration-test/target/test-dir/MiniOzoneClusterImpl-39af9574-7a8b-4ed7-b830-bf686a3d4bb8/datanode-1/data/ratis/f75378d8-eb01-486c-9cc5-c25d07eeffaa
2019-09-25 07:05:23,875 [pool-37-thread-1] INFO  server.RaftServerConfigKeys (ConfUtils.java:logGet(43)) - raft.server.log.queue.byte-limit = 2147483647 (custom)
2019-09-25 07:05:23,875 [pool-37-thread-1] INFO  server.RaftServerConfigKeys (ConfUtils.java:logGet(43)) - raft.server.log.queue.element-limit = 1024 (custom)
2019-09-25 07:05:23,875 [pool-37-thread-1] INFO  server.RaftServerConfigKeys (ConfUtils.java:logGet(43)) - raft.server.log.segment.size.max = 1048576 (custom)
2019-09-25 07:05:23,875 [pool-37-thread-1] INFO  server.RaftServerConfigKeys (ConfUtils.java:logGet(43)) - raft.server.log.preallocated.size = 16384 (custom)
2019-09-25 07:05:23,875 [pool-37-thread-1] INFO  server.RaftServerConfigKeys (ConfUtils.java:logGet(43)) - raft.server.log.write.buffer.size = 33554432 (custom)
2019-09-25 07:05:23,875 [pool-37-thread-1] INFO  server.RaftServerConfigKeys (ConfUtils.java:logGet(43)) - raft.server.log.force.sync.num = 128 (default)
2019-09-25 07:05:23,875 [pool-37-thread-1] INFO  server.RaftServerConfigKeys (ConfUtils.java:logGet(43)) - raft.server.log.statemachine.data.sync = true (default)
2019-09-25 07:05:23,875 [pool-37-thread-1] INFO  server.RaftServerConfigKeys (ConfUtils.java:logGet(43)) - raft.server.log.statemachine.data.sync.timeout = 10s (default)
2019-09-25 07:05:23,876 [pool-37-thread-1] INFO  server.RaftServerConfigKeys (ConfUtils.java:logGet(43)) - raft.server.log.statemachine.data.sync.timeout.retry = -1 (default)
2019-09-25 07:05:23,876 [pool-37-thread-1] INFO  server.RaftServerConfigKeys (ConfUtils.java:logGet(43)) - raft.server.log.statemachine.data.caching.enabled = true (custom)
2019-09-25 07:05:23,876 [pool-37-thread-1] INFO  segmented.SegmentedRaftLogWorker (SegmentedRaftLogWorker.java:lambda$new$0(132)) - 62ec8eb9-3ae9-4136-b70a-2caf3716fa7f@group-C25D07EEFFAA-SegmentedRaftLogWorker: flushIndex: setUnconditionally 0 -> -1
2019-09-25 07:05:23,876 [pool-37-thread-1] INFO  server.RaftServerConfigKeys (ConfUtils.java:logGet(43)) - raft.server.snapshot.auto.trigger.enabled = true (custom)
2019-09-25 07:05:23,876 [pool-37-thread-1] INFO  server.RaftServerConfigKeys (ConfUtils.java:logGet(43)) - raft.server.snapshot.auto.trigger.threshold = 10000 (custom)
2019-09-25 07:05:23,876 [pool-37-thread-1] INFO  server.RaftServerConfigKeys (ConfUtils.java:logGet(43)) - raft.server.snapshot.retention.num.files = 5 (custom)
2019-09-25 07:05:23,877 [pool-37-thread-1] INFO  server.RaftServerConfigKeys (ConfUtils.java:logGet(43)) - raft.server.retrycache.expirytime = 600000ms (custom)
2019-09-25 07:05:23,878 [pool-37-thread-1] INFO  impl.RaftServerImpl (RaftServerImpl.java:start(185)) - 62ec8eb9-3ae9-4136-b70a-2caf3716fa7f@group-C25D07EEFFAA: start as a follower, conf=-1: [62ec8eb9-3ae9-4136-b70a-2caf3716fa7f:192.168.30.10:44715], old=null
2019-09-25 07:05:23,878 [pool-37-thread-1] INFO  impl.RaftServerImpl (RaftServerImpl.java:setRole(174)) - 62ec8eb9-3ae9-4136-b70a-2caf3716fa7f@group-C25D07EEFFAA: changes role from      null to FOLLOWER at term 0 for startAsFollower
2019-09-25 07:05:23,878 [pool-37-thread-1] INFO  impl.RoleInfo (RoleInfo.java:updateAndGet(143)) - 62ec8eb9-3ae9-4136-b70a-2caf3716fa7f: start FollowerState
2019-09-25 07:05:23,878 [pool-37-thread-1] INFO  util.JmxRegister (JmxRegister.java:tryRegister(44)) - Successfully registered JMX Bean with object name Ratis:service=RaftServer,group=group-C25D07EEFFAA,id=62ec8eb9-3ae9-4136-b70a-2caf3716fa7f
2019-09-25 07:05:23,888 [RatisPipelineUtilsThread] INFO  pipeline.PipelineStateManager (PipelineStateManager.java:addPipeline(56)) - Created pipeline Pipeline[ Id: f75378d8-eb01-486c-9cc5-c25d07eeffaa, Nodes: 62ec8eb9-3ae9-4136-b70a-2caf3716fa7f{ip: 192.168.30.10, host: pr-hdds-1569-s62bp-3040748787, networkLocation: /default-rack, certSerialId: null}, Type:RATIS, Factor:ONE, State:OPEN]
2019-09-25 07:05:23,898 [grpc-default-executor-5] INFO  impl.RaftServerProxy (RaftServerProxy.java:addNew(89)) - 62ec8eb9-3ae9-4136-b70a-2caf3716fa7f: addNew group-880B6B196229:[62ec8eb9-3ae9-4136-b70a-2caf3716fa7f:192.168.30.10:44715] returns group-880B6B196229:java.util.concurrent.CompletableFuture@235eeccd[Not completed]
2019-09-25 07:05:23,899 [pool-37-thread-1] INFO  impl.RaftServerImpl (RaftServerImpl.java:<init>(95)) - 62ec8eb9-3ae9-4136-b70a-2caf3716fa7f: new RaftServerImpl for group-880B6B196229:[62ec8eb9-3ae9-4136-b70a-2caf3716fa7f:192.168.30.10:44715] with ContainerStateMachine:uninitialized
2019-09-25 07:05:23,900 [pool-37-thread-1] INFO  server.RaftServerConfigKeys (ConfUtils.java:logGet(43)) - raft.server.rpc.timeout.min = 5s (custom)
2019-09-25 07:05:23,900 [pool-37-thread-1] INFO  server.RaftServerConfigKeys (ConfUtils.java:logGet(43)) - raft.server.rpc.timeout.max = 5200ms (custom)
2019-09-25 07:05:23,900 [pool-37-thread-1] INFO  server.RaftServerConfigKeys (ConfUtils.java:logGet(43)) - raft.server.rpcslowness.timeout = 120s (custom)
2019-09-25 07:05:23,900 [pool-37-thread-1] INFO  server.RaftServerConfigKeys (ConfUtils.java:logGet(43)) - raft.server.sleep.deviation.threshold = 300 (default)
2019-09-25 07:05:23,900 [pool-37-thread-1] INFO  server.RaftServerConfigKeys (ConfUtils.java:logGet(43)) - raft.server.log.appender.install.snapshot.enabled = false (custom)
2019-09-25 07:05:23,900 [pool-37-thread-1] INFO  impl.RaftServerImpl (ServerState.java:<init>(103)) - 62ec8eb9-3ae9-4136-b70a-2caf3716fa7f@group-880B6B196229: ConfigurationManager, init=-1: [62ec8eb9-3ae9-4136-b70a-2caf3716fa7f:192.168.30.10:44715], old=null, confs=<EMPTY_MAP>
2019-09-25 07:05:23,901 [pool-37-thread-1] INFO  server.RaftServerConfigKeys (ConfUtils.java:logGet(43)) - raft.server.storage.dir = [/workdir/hadoop-ozone/integration-test/target/test-dir/MiniOzoneClusterImpl-39af9574-7a8b-4ed7-b830-bf686a3d4bb8/datanode-1/data/ratis] (custom)
2019-09-25 07:05:23,901 [pool-37-thread-1] INFO  storage.RaftStorageDirectory (RaftStorageDirectory.java:analyzeStorage(246)) - The storage directory /workdir/hadoop-ozone/integration-test/target/test-dir/MiniOzoneClusterImpl-39af9574-7a8b-4ed7-b830-bf686a3d4bb8/datanode-1/data/ratis/db76c4dd-2f3f-429a-96d2-880b6b196229 does not exist. Creating ...
2019-09-25 07:05:23,914 [pool-37-thread-1] INFO  storage.RaftStorageDirectory (RaftStorageDirectory.java:tryLock(328)) - Lock on /workdir/hadoop-ozone/integration-test/target/test-dir/MiniOzoneClusterImpl-39af9574-7a8b-4ed7-b830-bf686a3d4bb8/datanode-1/data/ratis/db76c4dd-2f3f-429a-96d2-880b6b196229/in_use.lock acquired by nodename 19495@pr-hdds-1569-s62bp-3040748787
2019-09-25 07:05:23,929 [pool-37-thread-1] INFO  storage.RaftStorage (RaftStorage.java:format(72)) - Storage directory /workdir/hadoop-ozone/integration-test/target/test-dir/MiniOzoneClusterImpl-39af9574-7a8b-4ed7-b830-bf686a3d4bb8/datanode-1/data/ratis/db76c4dd-2f3f-429a-96d2-880b6b196229 has been successfully formatted.
2019-09-25 07:05:23,929 [pool-37-thread-1] INFO  ratis.ContainerStateMachine (ContainerStateMachine.java:loadSnapshot(230)) - group-880B6B196229: The snapshot info is null. Setting the last applied indexto:(t:0, i:~)
2019-09-25 07:05:23,929 [pool-37-thread-1] INFO  server.RaftServerConfigKeys (ConfUtils.java:logGet(43)) - raft.server.notification.no-leader.timeout = 120s (custom)
2019-09-25 07:05:23,929 [pool-37-thread-1] INFO  server.RaftServerConfigKeys (ConfUtils.java:logGet(43)) - raft.server.log.use.memory = false (default)
2019-09-25 07:05:23,930 [pool-37-thread-1] INFO  server.RaftServerConfigKeys (ConfUtils.java:logGet(43)) - raft.server.log.purge.gap = 1000000 (custom)
2019-09-25 07:05:23,930 [pool-37-thread-1] INFO  server.RaftServerConfigKeys (ConfUtils.java:logGet(43)) - raft.server.log.appender.buffer.byte-limit = 33554432 (custom)
2019-09-25 07:05:23,930 [pool-37-thread-1] INFO  server.RaftServerConfigKeys (ConfUtils.java:logGet(43)) - raft.server.log.segment.size.max = 1048576 (custom)
2019-09-25 07:05:23,930 [pool-37-thread-1] INFO  server.RaftServerConfigKeys (ConfUtils.java:logGet(43)) - raft.server.log.segment.cache.num.max = 2 (custom)
2019-09-25 07:05:23,930 [pool-37-thread-1] INFO  segmented.SegmentedRaftLogWorker (SegmentedRaftLogWorker.java:<init>(172)) - new 62ec8eb9-3ae9-4136-b70a-2caf3716fa7f@group-880B6B196229-SegmentedRaftLogWorker for RaftStorage:Storage Directory /workdir/hadoop-ozone/integration-test/target/test-dir/MiniOzoneClusterImpl-39af9574-7a8b-4ed7-b830-bf686a3d4bb8/datanode-1/data/ratis/db76c4dd-2f3f-429a-96d2-880b6b196229
2019-09-25 07:05:23,930 [pool-37-thread-1] INFO  server.RaftServerConfigKeys (ConfUtils.java:logGet(43)) - raft.server.log.queue.byte-limit = 2147483647 (custom)
2019-09-25 07:05:23,930 [pool-37-thread-1] INFO  server.RaftServerConfigKeys (ConfUtils.java:logGet(43)) - raft.server.log.queue.element-limit = 1024 (custom)
2019-09-25 07:05:23,931 [pool-37-thread-1] INFO  server.RaftServerConfigKeys (ConfUtils.java:logGet(43)) - raft.server.log.segment.size.max = 1048576 (custom)
2019-09-25 07:05:23,931 [pool-37-thread-1] INFO  server.RaftServerConfigKeys (ConfUtils.java:logGet(43)) - raft.server.log.preallocated.size = 16384 (custom)
2019-09-25 07:05:23,931 [pool-37-thread-1] INFO  server.RaftServerConfigKeys (ConfUtils.java:logGet(43)) - raft.server.log.write.buffer.size = 33554432 (custom)
2019-09-25 07:05:23,931 [pool-37-thread-1] INFO  server.RaftServerConfigKeys (ConfUtils.java:logGet(43)) - raft.server.log.force.sync.num = 128 (default)
2019-09-25 07:05:23,931 [pool-37-thread-1] INFO  server.RaftServerConfigKeys (ConfUtils.java:logGet(43)) - raft.server.log.statemachine.data.sync = true (default)
2019-09-25 07:05:23,931 [pool-37-thread-1] INFO  server.RaftServerConfigKeys (ConfUtils.java:logGet(43)) - raft.server.log.statemachine.data.sync.timeout = 10s (default)
2019-09-25 07:05:23,931 [pool-37-thread-1] INFO  server.RaftServerConfigKeys (ConfUtils.java:logGet(43)) - raft.server.log.statemachine.data.sync.timeout.retry = -1 (default)
2019-09-25 07:05:23,932 [pool-37-thread-1] INFO  server.RaftServerConfigKeys (ConfUtils.java:logGet(43)) - raft.server.log.statemachine.data.caching.enabled = true (custom)
2019-09-25 07:05:23,932 [pool-37-thread-1] INFO  segmented.SegmentedRaftLogWorker (SegmentedRaftLogWorker.java:lambda$new$0(132)) - 62ec8eb9-3ae9-4136-b70a-2caf3716fa7f@group-880B6B196229-SegmentedRaftLogWorker: flushIndex: setUnconditionally 0 -> -1
2019-09-25 07:05:23,932 [pool-37-thread-1] INFO  server.RaftServerConfigKeys (ConfUtils.java:logGet(43)) - raft.server.snapshot.auto.trigger.enabled = true (custom)
2019-09-25 07:05:23,933 [pool-37-thread-1] INFO  server.RaftServerConfigKeys (ConfUtils.java:logGet(43)) - raft.server.snapshot.auto.trigger.threshold = 10000 (custom)
2019-09-25 07:05:23,933 [pool-37-thread-1] INFO  server.RaftServerConfigKeys (ConfUtils.java:logGet(43)) - raft.server.snapshot.retention.num.files = 5 (custom)
2019-09-25 07:05:23,933 [pool-37-thread-1] INFO  server.RaftServerConfigKeys (ConfUtils.java:logGet(43)) - raft.server.retrycache.expirytime = 600000ms (custom)
2019-09-25 07:05:23,935 [pool-37-thread-1] INFO  impl.RaftServerImpl (RaftServerImpl.java:start(185)) - 62ec8eb9-3ae9-4136-b70a-2caf3716fa7f@group-880B6B196229: start as a follower, conf=-1: [62ec8eb9-3ae9-4136-b70a-2caf3716fa7f:192.168.30.10:44715], old=null
2019-09-25 07:05:23,935 [pool-37-thread-1] INFO  impl.RaftServerImpl (RaftServerImpl.java:setRole(174)) - 62ec8eb9-3ae9-4136-b70a-2caf3716fa7f@group-880B6B196229: changes role from      null to FOLLOWER at term 0 for startAsFollower
2019-09-25 07:05:23,935 [pool-37-thread-1] INFO  impl.RoleInfo (RoleInfo.java:updateAndGet(143)) - 62ec8eb9-3ae9-4136-b70a-2caf3716fa7f: start FollowerState
2019-09-25 07:05:23,935 [pool-37-thread-1] INFO  util.JmxRegister (JmxRegister.java:tryRegister(44)) - Successfully registered JMX Bean with object name Ratis:service=RaftServer,group=group-880B6B196229,id=62ec8eb9-3ae9-4136-b70a-2caf3716fa7f
2019-09-25 07:05:23,937 [RatisPipelineUtilsThread] INFO  pipeline.PipelineStateManager (PipelineStateManager.java:addPipeline(56)) - Created pipeline Pipeline[ Id: db76c4dd-2f3f-429a-96d2-880b6b196229, Nodes: 62ec8eb9-3ae9-4136-b70a-2caf3716fa7f{ip: 192.168.30.10, host: pr-hdds-1569-s62bp-3040748787, networkLocation: /default-rack, certSerialId: null}, Type:RATIS, Factor:ONE, State:OPEN]
2019-09-25 07:05:23,941 [grpc-default-executor-5] INFO  impl.RaftServerProxy (RaftServerProxy.java:addNew(89)) - 62ec8eb9-3ae9-4136-b70a-2caf3716fa7f: addNew group-57D0EFD4A52E:[62ec8eb9-3ae9-4136-b70a-2caf3716fa7f:192.168.30.10:44715] returns group-57D0EFD4A52E:java.util.concurrent.CompletableFuture@6a248ce9[Not completed]
2019-09-25 07:05:23,942 [pool-37-thread-1] INFO  impl.RaftServerImpl (RaftServerImpl.java:<init>(95)) - 62ec8eb9-3ae9-4136-b70a-2caf3716fa7f: new RaftServerImpl for group-57D0EFD4A52E:[62ec8eb9-3ae9-4136-b70a-2caf3716fa7f:192.168.30.10:44715] with ContainerStateMachine:uninitialized
2019-09-25 07:05:23,942 [pool-37-thread-1] INFO  server.RaftServerConfigKeys (ConfUtils.java:logGet(43)) - raft.server.rpc.timeout.min = 5s (custom)
2019-09-25 07:05:23,942 [pool-37-thread-1] INFO  server.RaftServerConfigKeys (ConfUtils.java:logGet(43)) - raft.server.rpc.timeout.max = 5200ms (custom)
2019-09-25 07:05:23,942 [pool-37-thread-1] INFO  server.RaftServerConfigKeys (ConfUtils.java:logGet(43)) - raft.server.rpcslowness.timeout = 120s (custom)
2019-09-25 07:05:23,943 [pool-37-thread-1] INFO  server.RaftServerConfigKeys (ConfUtils.java:logGet(43)) - raft.server.sleep.deviation.threshold = 300 (default)
2019-09-25 07:05:23,943 [pool-37-thread-1] INFO  server.RaftServerConfigKeys (ConfUtils.java:logGet(43)) - raft.server.log.appender.install.snapshot.enabled = false (custom)
2019-09-25 07:05:23,943 [pool-37-thread-1] INFO  impl.RaftServerImpl (ServerState.java:<init>(103)) - 62ec8eb9-3ae9-4136-b70a-2caf3716fa7f@group-57D0EFD4A52E: ConfigurationManager, init=-1: [62ec8eb9-3ae9-4136-b70a-2caf3716fa7f:192.168.30.10:44715], old=null, confs=<EMPTY_MAP>
2019-09-25 07:05:23,943 [pool-37-thread-1] INFO  server.RaftServerConfigKeys (ConfUtils.java:logGet(43)) - raft.server.storage.dir = [/workdir/hadoop-ozone/integration-test/target/test-dir/MiniOzoneClusterImpl-39af9574-7a8b-4ed7-b830-bf686a3d4bb8/datanode-1/data/ratis] (custom)
2019-09-25 07:05:23,944 [pool-37-thread-1] INFO  storage.RaftStorageDirectory (RaftStorageDirectory.java:analyzeStorage(246)) - The storage directory /workdir/hadoop-ozone/integration-test/target/test-dir/MiniOzoneClusterImpl-39af9574-7a8b-4ed7-b830-bf686a3d4bb8/datanode-1/data/ratis/176cfe08-82e4-4e40-883d-57d0efd4a52e does not exist. Creating ...
2019-09-25 07:05:23,956 [pool-37-thread-1] INFO  storage.RaftStorageDirectory (RaftStorageDirectory.java:tryLock(328)) - Lock on /workdir/hadoop-ozone/integration-test/target/test-dir/MiniOzoneClusterImpl-39af9574-7a8b-4ed7-b830-bf686a3d4bb8/datanode-1/data/ratis/176cfe08-82e4-4e40-883d-57d0efd4a52e/in_use.lock acquired by nodename 19495@pr-hdds-1569-s62bp-3040748787
2019-09-25 07:05:23,968 [pool-37-thread-1] INFO  storage.RaftStorage (RaftStorage.java:format(72)) - Storage directory /workdir/hadoop-ozone/integration-test/target/test-dir/MiniOzoneClusterImpl-39af9574-7a8b-4ed7-b830-bf686a3d4bb8/datanode-1/data/ratis/176cfe08-82e4-4e40-883d-57d0efd4a52e has been successfully formatted.
2019-09-25 07:05:23,969 [pool-37-thread-1] INFO  ratis.ContainerStateMachine (ContainerStateMachine.java:loadSnapshot(230)) - group-57D0EFD4A52E: The snapshot info is null. Setting the last applied indexto:(t:0, i:~)
2019-09-25 07:05:23,969 [pool-37-thread-1] INFO  server.RaftServerConfigKeys (ConfUtils.java:logGet(43)) - raft.server.notification.no-leader.timeout = 120s (custom)
2019-09-25 07:05:23,969 [pool-37-thread-1] INFO  server.RaftServerConfigKeys (ConfUtils.java:logGet(43)) - raft.server.log.use.memory = false (default)
2019-09-25 07:05:23,969 [pool-37-thread-1] INFO  server.RaftServerConfigKeys (ConfUtils.java:logGet(43)) - raft.server.log.purge.gap = 1000000 (custom)
2019-09-25 07:05:23,969 [pool-37-thread-1] INFO  server.RaftServerConfigKeys (ConfUtils.java:logGet(43)) - raft.server.log.appender.buffer.byte-limit = 33554432 (custom)
2019-09-25 07:05:23,969 [pool-37-thread-1] INFO  server.RaftServerConfigKeys (ConfUtils.java:logGet(43)) - raft.server.log.segment.size.max = 1048576 (custom)
2019-09-25 07:05:23,969 [pool-37-thread-1] INFO  server.RaftServerConfigKeys (ConfUtils.java:logGet(43)) - raft.server.log.segment.cache.num.max = 2 (custom)
2019-09-25 07:05:23,970 [pool-37-thread-1] INFO  segmented.SegmentedRaftLogWorker (SegmentedRaftLogWorker.java:<init>(172)) - new 62ec8eb9-3ae9-4136-b70a-2caf3716fa7f@group-57D0EFD4A52E-SegmentedRaftLogWorker for RaftStorage:Storage Directory /workdir/hadoop-ozone/integration-test/target/test-dir/MiniOzoneClusterImpl-39af9574-7a8b-4ed7-b830-bf686a3d4bb8/datanode-1/data/ratis/176cfe08-82e4-4e40-883d-57d0efd4a52e
2019-09-25 07:05:23,970 [pool-37-thread-1] INFO  server.RaftServerConfigKeys (ConfUtils.java:logGet(43)) - raft.server.log.queue.byte-limit = 2147483647 (custom)
2019-09-25 07:05:23,970 [pool-37-thread-1] INFO  server.RaftServerConfigKeys (ConfUtils.java:logGet(43)) - raft.server.log.queue.element-limit = 1024 (custom)
2019-09-25 07:05:23,970 [pool-37-thread-1] INFO  server.RaftServerConfigKeys (ConfUtils.java:logGet(43)) - raft.server.log.segment.size.max = 1048576 (custom)
2019-09-25 07:05:23,970 [pool-37-thread-1] INFO  server.RaftServerConfigKeys (ConfUtils.java:logGet(43)) - raft.server.log.preallocated.size = 16384 (custom)
2019-09-25 07:05:23,970 [pool-37-thread-1] INFO  server.RaftServerConfigKeys (ConfUtils.java:logGet(43)) - raft.server.log.write.buffer.size = 33554432 (custom)
2019-09-25 07:05:23,970 [pool-37-thread-1] INFO  server.RaftServerConfigKeys (ConfUtils.java:logGet(43)) - raft.server.log.force.sync.num = 128 (default)
2019-09-25 07:05:23,970 [pool-37-thread-1] INFO  server.RaftServerConfigKeys (ConfUtils.java:logGet(43)) - raft.server.log.statemachine.data.sync = true (default)
2019-09-25 07:05:23,970 [pool-37-thread-1] INFO  server.RaftServerConfigKeys (ConfUtils.java:logGet(43)) - raft.server.log.statemachine.data.sync.timeout = 10s (default)
2019-09-25 07:05:23,971 [pool-37-thread-1] INFO  server.RaftServerConfigKeys (ConfUtils.java:logGet(43)) - raft.server.log.statemachine.data.sync.timeout.retry = -1 (default)
2019-09-25 07:05:23,971 [pool-37-thread-1] INFO  server.RaftServerConfigKeys (ConfUtils.java:logGet(43)) - raft.server.log.statemachine.data.caching.enabled = true (custom)
2019-09-25 07:05:23,971 [pool-37-thread-1] INFO  segmented.SegmentedRaftLogWorker (SegmentedRaftLogWorker.java:lambda$new$0(132)) - 62ec8eb9-3ae9-4136-b70a-2caf3716fa7f@group-57D0EFD4A52E-SegmentedRaftLogWorker: flushIndex: setUnconditionally 0 -> -1
2019-09-25 07:05:23,971 [pool-37-thread-1] INFO  server.RaftServerConfigKeys (ConfUtils.java:logGet(43)) - raft.server.snapshot.auto.trigger.enabled = true (custom)
2019-09-25 07:05:23,971 [pool-37-thread-1] INFO  server.RaftServerConfigKeys (ConfUtils.java:logGet(43)) - raft.server.snapshot.auto.trigger.threshold = 10000 (custom)
2019-09-25 07:05:23,971 [pool-37-thread-1] INFO  server.RaftServerConfigKeys (ConfUtils.java:logGet(43)) - raft.server.snapshot.retention.num.files = 5 (custom)
2019-09-25 07:05:23,972 [pool-37-thread-1] INFO  server.RaftServerConfigKeys (ConfUtils.java:logGet(43)) - raft.server.retrycache.expirytime = 600000ms (custom)
2019-09-25 07:05:23,973 [pool-37-thread-1] INFO  impl.RaftServerImpl (RaftServerImpl.java:start(185)) - 62ec8eb9-3ae9-4136-b70a-2caf3716fa7f@group-57D0EFD4A52E: start as a follower, conf=-1: [62ec8eb9-3ae9-4136-b70a-2caf3716fa7f:192.168.30.10:44715], old=null
2019-09-25 07:05:23,973 [pool-37-thread-1] INFO  impl.RaftServerImpl (RaftServerImpl.java:setRole(174)) - 62ec8eb9-3ae9-4136-b70a-2caf3716fa7f@group-57D0EFD4A52E: changes role from      null to FOLLOWER at term 0 for startAsFollower
2019-09-25 07:05:23,973 [pool-37-thread-1] INFO  impl.RoleInfo (RoleInfo.java:updateAndGet(143)) - 62ec8eb9-3ae9-4136-b70a-2caf3716fa7f: start FollowerState
2019-09-25 07:05:23,973 [pool-37-thread-1] INFO  util.JmxRegister (JmxRegister.java:tryRegister(44)) - Successfully registered JMX Bean with object name Ratis:service=RaftServer,group=group-57D0EFD4A52E,id=62ec8eb9-3ae9-4136-b70a-2caf3716fa7f
2019-09-25 07:05:23,975 [RatisPipelineUtilsThread] INFO  pipeline.PipelineStateManager (PipelineStateManager.java:addPipeline(56)) - Created pipeline Pipeline[ Id: 176cfe08-82e4-4e40-883d-57d0efd4a52e, Nodes: 62ec8eb9-3ae9-4136-b70a-2caf3716fa7f{ip: 192.168.30.10, host: pr-hdds-1569-s62bp-3040748787, networkLocation: /default-rack, certSerialId: null}, Type:RATIS, Factor:ONE, State:OPEN]
2019-09-25 07:05:23,979 [grpc-default-executor-5] INFO  impl.RaftServerProxy (RaftServerProxy.java:addNew(89)) - e568d23f-199e-48ce-91e4-5c166e2e97cd: addNew group-D0A14D26FA03:[e568d23f-199e-48ce-91e4-5c166e2e97cd:192.168.30.10:42827] returns group-D0A14D26FA03:java.util.concurrent.CompletableFuture@bee3059[Not completed]
2019-09-25 07:05:23,981 [pool-27-thread-1] INFO  impl.RaftServerImpl (RaftServerImpl.java:<init>(95)) - e568d23f-199e-48ce-91e4-5c166e2e97cd: new RaftServerImpl for group-D0A14D26FA03:[e568d23f-199e-48ce-91e4-5c166e2e97cd:192.168.30.10:42827] with ContainerStateMachine:uninitialized
2019-09-25 07:05:23,981 [pool-27-thread-1] INFO  server.RaftServerConfigKeys (ConfUtils.java:logGet(43)) - raft.server.rpc.timeout.min = 5s (custom)
2019-09-25 07:05:23,981 [pool-27-thread-1] INFO  server.RaftServerConfigKeys (ConfUtils.java:logGet(43)) - raft.server.rpc.timeout.max = 5200ms (custom)
2019-09-25 07:05:23,981 [pool-27-thread-1] INFO  server.RaftServerConfigKeys (ConfUtils.java:logGet(43)) - raft.server.rpcslowness.timeout = 120s (custom)
2019-09-25 07:05:23,981 [pool-27-thread-1] INFO  server.RaftServerConfigKeys (ConfUtils.java:logGet(43)) - raft.server.sleep.deviation.threshold = 300 (default)
2019-09-25 07:05:23,981 [pool-27-thread-1] INFO  server.RaftServerConfigKeys (ConfUtils.java:logGet(43)) - raft.server.log.appender.install.snapshot.enabled = false (custom)
2019-09-25 07:05:23,981 [pool-27-thread-1] INFO  impl.RaftServerImpl (ServerState.java:<init>(103)) - e568d23f-199e-48ce-91e4-5c166e2e97cd@group-D0A14D26FA03: ConfigurationManager, init=-1: [e568d23f-199e-48ce-91e4-5c166e2e97cd:192.168.30.10:42827], old=null, confs=<EMPTY_MAP>
2019-09-25 07:05:23,982 [pool-27-thread-1] INFO  server.RaftServerConfigKeys (ConfUtils.java:logGet(43)) - raft.server.storage.dir = [/workdir/hadoop-ozone/integration-test/target/test-dir/MiniOzoneClusterImpl-39af9574-7a8b-4ed7-b830-bf686a3d4bb8/datanode-0/data/ratis] (custom)
2019-09-25 07:05:23,982 [pool-27-thread-1] INFO  storage.RaftStorageDirectory (RaftStorageDirectory.java:analyzeStorage(246)) - The storage directory /workdir/hadoop-ozone/integration-test/target/test-dir/MiniOzoneClusterImpl-39af9574-7a8b-4ed7-b830-bf686a3d4bb8/datanode-0/data/ratis/2d8095fc-d7c3-4ecc-9005-d0a14d26fa03 does not exist. Creating ...
2019-09-25 07:05:23,994 [pool-27-thread-1] INFO  storage.RaftStorageDirectory (RaftStorageDirectory.java:tryLock(328)) - Lock on /workdir/hadoop-ozone/integration-test/target/test-dir/MiniOzoneClusterImpl-39af9574-7a8b-4ed7-b830-bf686a3d4bb8/datanode-0/data/ratis/2d8095fc-d7c3-4ecc-9005-d0a14d26fa03/in_use.lock acquired by nodename 19495@pr-hdds-1569-s62bp-3040748787
2019-09-25 07:05:24,007 [pool-27-thread-1] INFO  storage.RaftStorage (RaftStorage.java:format(72)) - Storage directory /workdir/hadoop-ozone/integration-test/target/test-dir/MiniOzoneClusterImpl-39af9574-7a8b-4ed7-b830-bf686a3d4bb8/datanode-0/data/ratis/2d8095fc-d7c3-4ecc-9005-d0a14d26fa03 has been successfully formatted.
2019-09-25 07:05:24,007 [pool-27-thread-1] INFO  ratis.ContainerStateMachine (ContainerStateMachine.java:loadSnapshot(230)) - group-D0A14D26FA03: The snapshot info is null. Setting the last applied indexto:(t:0, i:~)
2019-09-25 07:05:24,007 [pool-27-thread-1] INFO  server.RaftServerConfigKeys (ConfUtils.java:logGet(43)) - raft.server.notification.no-leader.timeout = 120s (custom)
2019-09-25 07:05:24,008 [pool-27-thread-1] INFO  server.RaftServerConfigKeys (ConfUtils.java:logGet(43)) - raft.server.log.use.memory = false (default)
2019-09-25 07:05:24,008 [pool-27-thread-1] INFO  server.RaftServerConfigKeys (ConfUtils.java:logGet(43)) - raft.server.log.purge.gap = 1000000 (custom)
2019-09-25 07:05:24,008 [pool-27-thread-1] INFO  server.RaftServerConfigKeys (ConfUtils.java:logGet(43)) - raft.server.log.appender.buffer.byte-limit = 33554432 (custom)
2019-09-25 07:05:24,008 [pool-27-thread-1] INFO  server.RaftServerConfigKeys (ConfUtils.java:logGet(43)) - raft.server.log.segment.size.max = 1048576 (custom)
2019-09-25 07:05:24,008 [pool-27-thread-1] INFO  server.RaftServerConfigKeys (ConfUtils.java:logGet(43)) - raft.server.log.segment.cache.num.max = 2 (custom)
2019-09-25 07:05:24,008 [pool-27-thread-1] INFO  segmented.SegmentedRaftLogWorker (SegmentedRaftLogWorker.java:<init>(172)) - new e568d23f-199e-48ce-91e4-5c166e2e97cd@group-D0A14D26FA03-SegmentedRaftLogWorker for RaftStorage:Storage Directory /workdir/hadoop-ozone/integration-test/target/test-dir/MiniOzoneClusterImpl-39af9574-7a8b-4ed7-b830-bf686a3d4bb8/datanode-0/data/ratis/2d8095fc-d7c3-4ecc-9005-d0a14d26fa03
2019-09-25 07:05:24,008 [pool-27-thread-1] INFO  server.RaftServerConfigKeys (ConfUtils.java:logGet(43)) - raft.server.log.queue.byte-limit = 2147483647 (custom)
2019-09-25 07:05:24,008 [pool-27-thread-1] INFO  server.RaftServerConfigKeys (ConfUtils.java:logGet(43)) - raft.server.log.queue.element-limit = 1024 (custom)
2019-09-25 07:05:24,008 [pool-27-thread-1] INFO  server.RaftServerConfigKeys (ConfUtils.java:logGet(43)) - raft.server.log.segment.size.max = 1048576 (custom)
2019-09-25 07:05:24,009 [pool-27-thread-1] INFO  server.RaftServerConfigKeys (ConfUtils.java:logGet(43)) - raft.server.log.preallocated.size = 16384 (custom)
2019-09-25 07:05:24,009 [pool-27-thread-1] INFO  server.RaftServerConfigKeys (ConfUtils.java:logGet(43)) - raft.server.log.write.buffer.size = 33554432 (custom)
2019-09-25 07:05:24,009 [pool-27-thread-1] INFO  server.RaftServerConfigKeys (ConfUtils.java:logGet(43)) - raft.server.log.force.sync.num = 128 (default)
2019-09-25 07:05:24,009 [pool-27-thread-1] INFO  server.RaftServerConfigKeys (ConfUtils.java:logGet(43)) - raft.server.log.statemachine.data.sync = true (default)
2019-09-25 07:05:24,009 [pool-27-thread-1] INFO  server.RaftServerConfigKeys (ConfUtils.java:logGet(43)) - raft.server.log.statemachine.data.sync.timeout = 10s (default)
2019-09-25 07:05:24,009 [pool-27-thread-1] INFO  server.RaftServerConfigKeys (ConfUtils.java:logGet(43)) - raft.server.log.statemachine.data.sync.timeout.retry = -1 (default)
2019-09-25 07:05:24,009 [pool-27-thread-1] INFO  server.RaftServerConfigKeys (ConfUtils.java:logGet(43)) - raft.server.log.statemachine.data.caching.enabled = true (custom)
2019-09-25 07:05:24,010 [pool-27-thread-1] INFO  segmented.SegmentedRaftLogWorker (SegmentedRaftLogWorker.java:lambda$new$0(132)) - e568d23f-199e-48ce-91e4-5c166e2e97cd@group-D0A14D26FA03-SegmentedRaftLogWorker: flushIndex: setUnconditionally 0 -> -1
2019-09-25 07:05:24,010 [pool-27-thread-1] INFO  server.RaftServerConfigKeys (ConfUtils.java:logGet(43)) - raft.server.snapshot.auto.trigger.enabled = true (custom)
2019-09-25 07:05:24,010 [pool-27-thread-1] INFO  server.RaftServerConfigKeys (ConfUtils.java:logGet(43)) - raft.server.snapshot.auto.trigger.threshold = 10000 (custom)
2019-09-25 07:05:24,010 [pool-27-thread-1] INFO  server.RaftServerConfigKeys (ConfUtils.java:logGet(43)) - raft.server.snapshot.retention.num.files = 5 (custom)
2019-09-25 07:05:24,010 [pool-27-thread-1] INFO  server.RaftServerConfigKeys (ConfUtils.java:logGet(43)) - raft.server.retrycache.expirytime = 600000ms (custom)
2019-09-25 07:05:24,011 [pool-27-thread-1] INFO  impl.RaftServerImpl (RaftServerImpl.java:start(185)) - e568d23f-199e-48ce-91e4-5c166e2e97cd@group-D0A14D26FA03: start as a follower, conf=-1: [e568d23f-199e-48ce-91e4-5c166e2e97cd:192.168.30.10:42827], old=null
2019-09-25 07:05:24,012 [pool-27-thread-1] INFO  impl.RaftServerImpl (RaftServerImpl.java:setRole(174)) - e568d23f-199e-48ce-91e4-5c166e2e97cd@group-D0A14D26FA03: changes role from      null to FOLLOWER at term 0 for startAsFollower
2019-09-25 07:05:24,012 [pool-27-thread-1] INFO  impl.RoleInfo (RoleInfo.java:updateAndGet(143)) - e568d23f-199e-48ce-91e4-5c166e2e97cd: start FollowerState
2019-09-25 07:05:24,012 [pool-27-thread-1] INFO  util.JmxRegister (JmxRegister.java:tryRegister(44)) - Successfully registered JMX Bean with object name Ratis:service=RaftServer,group=group-D0A14D26FA03,id=e568d23f-199e-48ce-91e4-5c166e2e97cd
2019-09-25 07:05:24,014 [RatisPipelineUtilsThread] INFO  pipeline.PipelineStateManager (PipelineStateManager.java:addPipeline(56)) - Created pipeline Pipeline[ Id: 2d8095fc-d7c3-4ecc-9005-d0a14d26fa03, Nodes: e568d23f-199e-48ce-91e4-5c166e2e97cd{ip: 192.168.30.10, host: pr-hdds-1569-s62bp-3040748787, networkLocation: /default-rack, certSerialId: null}, Type:RATIS, Factor:ONE, State:OPEN]
2019-09-25 07:05:24,018 [grpc-default-executor-5] INFO  impl.RaftServerProxy (RaftServerProxy.java:addNew(89)) - 24bf2945-a329-4da6-aaf2-23ecd8d462c6: addNew group-0A7E0922721F:[24bf2945-a329-4da6-aaf2-23ecd8d462c6:192.168.30.10:42867] returns group-0A7E0922721F:java.util.concurrent.CompletableFuture@45031450[Not completed]
2019-09-25 07:05:24,019 [pool-47-thread-1] INFO  impl.RaftServerImpl (RaftServerImpl.java:<init>(95)) - 24bf2945-a329-4da6-aaf2-23ecd8d462c6: new RaftServerImpl for group-0A7E0922721F:[24bf2945-a329-4da6-aaf2-23ecd8d462c6:192.168.30.10:42867] with ContainerStateMachine:uninitialized
2019-09-25 07:05:24,019 [pool-47-thread-1] INFO  server.RaftServerConfigKeys (ConfUtils.java:logGet(43)) - raft.server.rpc.timeout.min = 5s (custom)
2019-09-25 07:05:24,019 [pool-47-thread-1] INFO  server.RaftServerConfigKeys (ConfUtils.java:logGet(43)) - raft.server.rpc.timeout.max = 5200ms (custom)
2019-09-25 07:05:24,019 [pool-47-thread-1] INFO  server.RaftServerConfigKeys (ConfUtils.java:logGet(43)) - raft.server.rpcslowness.timeout = 120s (custom)
2019-09-25 07:05:24,019 [pool-47-thread-1] INFO  server.RaftServerConfigKeys (ConfUtils.java:logGet(43)) - raft.server.sleep.deviation.threshold = 300 (default)
2019-09-25 07:05:24,019 [pool-47-thread-1] INFO  server.RaftServerConfigKeys (ConfUtils.java:logGet(43)) - raft.server.log.appender.install.snapshot.enabled = false (custom)
2019-09-25 07:05:24,019 [pool-47-thread-1] INFO  impl.RaftServerImpl (ServerState.java:<init>(103)) - 24bf2945-a329-4da6-aaf2-23ecd8d462c6@group-0A7E0922721F: ConfigurationManager, init=-1: [24bf2945-a329-4da6-aaf2-23ecd8d462c6:192.168.30.10:42867], old=null, confs=<EMPTY_MAP>
2019-09-25 07:05:24,019 [pool-47-thread-1] INFO  server.RaftServerConfigKeys (ConfUtils.java:logGet(43)) - raft.server.storage.dir = [/workdir/hadoop-ozone/integration-test/target/test-dir/MiniOzoneClusterImpl-39af9574-7a8b-4ed7-b830-bf686a3d4bb8/datanode-2/data/ratis] (custom)
2019-09-25 07:05:24,020 [pool-47-thread-1] INFO  storage.RaftStorageDirectory (RaftStorageDirectory.java:analyzeStorage(246)) - The storage directory /workdir/hadoop-ozone/integration-test/target/test-dir/MiniOzoneClusterImpl-39af9574-7a8b-4ed7-b830-bf686a3d4bb8/datanode-2/data/ratis/cc4f9286-e5c1-4128-89b6-0a7e0922721f does not exist. Creating ...
2019-09-25 07:05:24,047 [pool-47-thread-1] INFO  storage.RaftStorageDirectory (RaftStorageDirectory.java:tryLock(328)) - Lock on /workdir/hadoop-ozone/integration-test/target/test-dir/MiniOzoneClusterImpl-39af9574-7a8b-4ed7-b830-bf686a3d4bb8/datanode-2/data/ratis/cc4f9286-e5c1-4128-89b6-0a7e0922721f/in_use.lock acquired by nodename 19495@pr-hdds-1569-s62bp-3040748787
2019-09-25 07:05:24,060 [pool-47-thread-1] INFO  storage.RaftStorage (RaftStorage.java:format(72)) - Storage directory /workdir/hadoop-ozone/integration-test/target/test-dir/MiniOzoneClusterImpl-39af9574-7a8b-4ed7-b830-bf686a3d4bb8/datanode-2/data/ratis/cc4f9286-e5c1-4128-89b6-0a7e0922721f has been successfully formatted.
2019-09-25 07:05:24,060 [pool-47-thread-1] INFO  ratis.ContainerStateMachine (ContainerStateMachine.java:loadSnapshot(230)) - group-0A7E0922721F: The snapshot info is null. Setting the last applied indexto:(t:0, i:~)
2019-09-25 07:05:24,060 [pool-47-thread-1] INFO  server.RaftServerConfigKeys (ConfUtils.java:logGet(43)) - raft.server.notification.no-leader.timeout = 120s (custom)
2019-09-25 07:05:24,060 [pool-47-thread-1] INFO  server.RaftServerConfigKeys (ConfUtils.java:logGet(43)) - raft.server.log.use.memory = false (default)
2019-09-25 07:05:24,060 [pool-47-thread-1] INFO  server.RaftServerConfigKeys (ConfUtils.java:logGet(43)) - raft.server.log.purge.gap = 1000000 (custom)
2019-09-25 07:05:24,060 [pool-47-thread-1] INFO  server.RaftServerConfigKeys (ConfUtils.java:logGet(43)) - raft.server.log.appender.buffer.byte-limit = 33554432 (custom)
2019-09-25 07:05:24,061 [pool-47-thread-1] INFO  server.RaftServerConfigKeys (ConfUtils.java:logGet(43)) - raft.server.log.segment.size.max = 1048576 (custom)
2019-09-25 07:05:24,061 [pool-47-thread-1] INFO  server.RaftServerConfigKeys (ConfUtils.java:logGet(43)) - raft.server.log.segment.cache.num.max = 2 (custom)
2019-09-25 07:05:24,061 [pool-47-thread-1] INFO  segmented.SegmentedRaftLogWorker (SegmentedRaftLogWorker.java:<init>(172)) - new 24bf2945-a329-4da6-aaf2-23ecd8d462c6@group-0A7E0922721F-SegmentedRaftLogWorker for RaftStorage:Storage Directory /workdir/hadoop-ozone/integration-test/target/test-dir/MiniOzoneClusterImpl-39af9574-7a8b-4ed7-b830-bf686a3d4bb8/datanode-2/data/ratis/cc4f9286-e5c1-4128-89b6-0a7e0922721f
2019-09-25 07:05:24,061 [pool-47-thread-1] INFO  server.RaftServerConfigKeys (ConfUtils.java:logGet(43)) - raft.server.log.queue.byte-limit = 2147483647 (custom)
2019-09-25 07:05:24,061 [pool-47-thread-1] INFO  server.RaftServerConfigKeys (ConfUtils.java:logGet(43)) - raft.server.log.queue.element-limit = 1024 (custom)
2019-09-25 07:05:24,061 [pool-47-thread-1] INFO  server.RaftServerConfigKeys (ConfUtils.java:logGet(43)) - raft.server.log.segment.size.max = 1048576 (custom)
2019-09-25 07:05:24,061 [pool-47-thread-1] INFO  server.RaftServerConfigKeys (ConfUtils.java:logGet(43)) - raft.server.log.preallocated.size = 16384 (custom)
2019-09-25 07:05:24,061 [pool-47-thread-1] INFO  server.RaftServerConfigKeys (ConfUtils.java:logGet(43)) - raft.server.log.write.buffer.size = 33554432 (custom)
2019-09-25 07:05:24,061 [pool-47-thread-1] INFO  server.RaftServerConfigKeys (ConfUtils.java:logGet(43)) - raft.server.log.force.sync.num = 128 (default)
2019-09-25 07:05:24,061 [pool-47-thread-1] INFO  server.RaftServerConfigKeys (ConfUtils.java:logGet(43)) - raft.server.log.statemachine.data.sync = true (default)
2019-09-25 07:05:24,062 [pool-47-thread-1] INFO  server.RaftServerConfigKeys (ConfUtils.java:logGet(43)) - raft.server.log.statemachine.data.sync.timeout = 10s (default)
2019-09-25 07:05:24,062 [pool-47-thread-1] INFO  server.RaftServerConfigKeys (ConfUtils.java:logGet(43)) - raft.server.log.statemachine.data.sync.timeout.retry = -1 (default)
2019-09-25 07:05:24,062 [pool-47-thread-1] INFO  server.RaftServerConfigKeys (ConfUtils.java:logGet(43)) - raft.server.log.statemachine.data.caching.enabled = true (custom)
2019-09-25 07:05:24,062 [pool-47-thread-1] INFO  segmented.SegmentedRaftLogWorker (SegmentedRaftLogWorker.java:lambda$new$0(132)) - 24bf2945-a329-4da6-aaf2-23ecd8d462c6@group-0A7E0922721F-SegmentedRaftLogWorker: flushIndex: setUnconditionally 0 -> -1
2019-09-25 07:05:24,062 [pool-47-thread-1] INFO  server.RaftServerConfigKeys (ConfUtils.java:logGet(43)) - raft.server.snapshot.auto.trigger.enabled = true (custom)
2019-09-25 07:05:24,062 [pool-47-thread-1] INFO  server.RaftServerConfigKeys (ConfUtils.java:logGet(43)) - raft.server.snapshot.auto.trigger.threshold = 10000 (custom)
2019-09-25 07:05:24,063 [pool-47-thread-1] INFO  server.RaftServerConfigKeys (ConfUtils.java:logGet(43)) - raft.server.snapshot.retention.num.files = 5 (custom)
2019-09-25 07:05:24,063 [pool-47-thread-1] INFO  server.RaftServerConfigKeys (ConfUtils.java:logGet(43)) - raft.server.retrycache.expirytime = 600000ms (custom)
2019-09-25 07:05:24,064 [pool-47-thread-1] INFO  impl.RaftServerImpl (RaftServerImpl.java:start(185)) - 24bf2945-a329-4da6-aaf2-23ecd8d462c6@group-0A7E0922721F: start as a follower, conf=-1: [24bf2945-a329-4da6-aaf2-23ecd8d462c6:192.168.30.10:42867], old=null
2019-09-25 07:05:24,064 [pool-47-thread-1] INFO  impl.RaftServerImpl (RaftServerImpl.java:setRole(174)) - 24bf2945-a329-4da6-aaf2-23ecd8d462c6@group-0A7E0922721F: changes role from      null to FOLLOWER at term 0 for startAsFollower
2019-09-25 07:05:24,064 [pool-47-thread-1] INFO  impl.RoleInfo (RoleInfo.java:updateAndGet(143)) - 24bf2945-a329-4da6-aaf2-23ecd8d462c6: start FollowerState
2019-09-25 07:05:24,064 [pool-47-thread-1] INFO  util.JmxRegister (JmxRegister.java:tryRegister(44)) - Successfully registered JMX Bean with object name Ratis:service=RaftServer,group=group-0A7E0922721F,id=24bf2945-a329-4da6-aaf2-23ecd8d462c6
2019-09-25 07:05:24,066 [RatisPipelineUtilsThread] INFO  pipeline.PipelineStateManager (PipelineStateManager.java:addPipeline(56)) - Created pipeline Pipeline[ Id: cc4f9286-e5c1-4128-89b6-0a7e0922721f, Nodes: 24bf2945-a329-4da6-aaf2-23ecd8d462c6{ip: 192.168.30.10, host: pr-hdds-1569-s62bp-3040748787, networkLocation: /default-rack, certSerialId: null}, Type:RATIS, Factor:ONE, State:OPEN]
2019-09-25 07:05:24,070 [grpc-default-executor-5] INFO  impl.RaftServerProxy (RaftServerProxy.java:addNew(89)) - e568d23f-199e-48ce-91e4-5c166e2e97cd: addNew group-DD85FDF5F253:[e568d23f-199e-48ce-91e4-5c166e2e97cd:192.168.30.10:42827] returns group-DD85FDF5F253:java.util.concurrent.CompletableFuture@74e3b3e8[Not completed]
2019-09-25 07:05:24,071 [pool-27-thread-1] INFO  impl.RaftServerImpl (RaftServerImpl.java:<init>(95)) - e568d23f-199e-48ce-91e4-5c166e2e97cd: new RaftServerImpl for group-DD85FDF5F253:[e568d23f-199e-48ce-91e4-5c166e2e97cd:192.168.30.10:42827] with ContainerStateMachine:uninitialized
2019-09-25 07:05:24,071 [pool-27-thread-1] INFO  server.RaftServerConfigKeys (ConfUtils.java:logGet(43)) - raft.server.rpc.timeout.min = 5s (custom)
2019-09-25 07:05:24,071 [pool-27-thread-1] INFO  server.RaftServerConfigKeys (ConfUtils.java:logGet(43)) - raft.server.rpc.timeout.max = 5200ms (custom)
2019-09-25 07:05:24,071 [pool-27-thread-1] INFO  server.RaftServerConfigKeys (ConfUtils.java:logGet(43)) - raft.server.rpcslowness.timeout = 120s (custom)
2019-09-25 07:05:24,072 [pool-27-thread-1] INFO  server.RaftServerConfigKeys (ConfUtils.java:logGet(43)) - raft.server.sleep.deviation.threshold = 300 (default)
2019-09-25 07:05:24,072 [pool-27-thread-1] INFO  server.RaftServerConfigKeys (ConfUtils.java:logGet(43)) - raft.server.log.appender.install.snapshot.enabled = false (custom)
2019-09-25 07:05:24,072 [pool-27-thread-1] INFO  impl.RaftServerImpl (ServerState.java:<init>(103)) - e568d23f-199e-48ce-91e4-5c166e2e97cd@group-DD85FDF5F253: ConfigurationManager, init=-1: [e568d23f-199e-48ce-91e4-5c166e2e97cd:192.168.30.10:42827], old=null, confs=<EMPTY_MAP>
2019-09-25 07:05:24,072 [pool-27-thread-1] INFO  server.RaftServerConfigKeys (ConfUtils.java:logGet(43)) - raft.server.storage.dir = [/workdir/hadoop-ozone/integration-test/target/test-dir/MiniOzoneClusterImpl-39af9574-7a8b-4ed7-b830-bf686a3d4bb8/datanode-0/data/ratis] (custom)
2019-09-25 07:05:24,073 [pool-27-thread-1] INFO  storage.RaftStorageDirectory (RaftStorageDirectory.java:analyzeStorage(246)) - The storage directory /workdir/hadoop-ozone/integration-test/target/test-dir/MiniOzoneClusterImpl-39af9574-7a8b-4ed7-b830-bf686a3d4bb8/datanode-0/data/ratis/5b48a638-6bfc-4103-81e3-dd85fdf5f253 does not exist. Creating ...
2019-09-25 07:05:24,085 [pool-27-thread-1] INFO  storage.RaftStorageDirectory (RaftStorageDirectory.java:tryLock(328)) - Lock on /workdir/hadoop-ozone/integration-test/target/test-dir/MiniOzoneClusterImpl-39af9574-7a8b-4ed7-b830-bf686a3d4bb8/datanode-0/data/ratis/5b48a638-6bfc-4103-81e3-dd85fdf5f253/in_use.lock acquired by nodename 19495@pr-hdds-1569-s62bp-3040748787
2019-09-25 07:05:24,100 [pool-27-thread-1] INFO  storage.RaftStorage (RaftStorage.java:format(72)) - Storage directory /workdir/hadoop-ozone/integration-test/target/test-dir/MiniOzoneClusterImpl-39af9574-7a8b-4ed7-b830-bf686a3d4bb8/datanode-0/data/ratis/5b48a638-6bfc-4103-81e3-dd85fdf5f253 has been successfully formatted.
2019-09-25 07:05:24,100 [pool-27-thread-1] INFO  ratis.ContainerStateMachine (ContainerStateMachine.java:loadSnapshot(230)) - group-DD85FDF5F253: The snapshot info is null. Setting the last applied indexto:(t:0, i:~)
2019-09-25 07:05:24,100 [pool-27-thread-1] INFO  server.RaftServerConfigKeys (ConfUtils.java:logGet(43)) - raft.server.notification.no-leader.timeout = 120s (custom)
2019-09-25 07:05:24,100 [pool-27-thread-1] INFO  server.RaftServerConfigKeys (ConfUtils.java:logGet(43)) - raft.server.log.use.memory = false (default)
2019-09-25 07:05:24,101 [pool-27-thread-1] INFO  server.RaftServerConfigKeys (ConfUtils.java:logGet(43)) - raft.server.log.purge.gap = 1000000 (custom)
2019-09-25 07:05:24,101 [pool-27-thread-1] INFO  server.RaftServerConfigKeys (ConfUtils.java:logGet(43)) - raft.server.log.appender.buffer.byte-limit = 33554432 (custom)
2019-09-25 07:05:24,101 [pool-27-thread-1] INFO  server.RaftServerConfigKeys (ConfUtils.java:logGet(43)) - raft.server.log.segment.size.max = 1048576 (custom)
2019-09-25 07:05:24,101 [pool-27-thread-1] INFO  server.RaftServerConfigKeys (ConfUtils.java:logGet(43)) - raft.server.log.segment.cache.num.max = 2 (custom)
2019-09-25 07:05:24,101 [pool-27-thread-1] INFO  segmented.SegmentedRaftLogWorker (SegmentedRaftLogWorker.java:<init>(172)) - new e568d23f-199e-48ce-91e4-5c166e2e97cd@group-DD85FDF5F253-SegmentedRaftLogWorker for RaftStorage:Storage Directory /workdir/hadoop-ozone/integration-test/target/test-dir/MiniOzoneClusterImpl-39af9574-7a8b-4ed7-b830-bf686a3d4bb8/datanode-0/data/ratis/5b48a638-6bfc-4103-81e3-dd85fdf5f253
2019-09-25 07:05:24,101 [pool-27-thread-1] INFO  server.RaftServerConfigKeys (ConfUtils.java:logGet(43)) - raft.server.log.queue.byte-limit = 2147483647 (custom)
2019-09-25 07:05:24,101 [pool-27-thread-1] INFO  server.RaftServerConfigKeys (ConfUtils.java:logGet(43)) - raft.server.log.queue.element-limit = 1024 (custom)
2019-09-25 07:05:24,102 [pool-27-thread-1] INFO  server.RaftServerConfigKeys (ConfUtils.java:logGet(43)) - raft.server.log.segment.size.max = 1048576 (custom)
2019-09-25 07:05:24,102 [pool-27-thread-1] INFO  server.RaftServerConfigKeys (ConfUtils.java:logGet(43)) - raft.server.log.preallocated.size = 16384 (custom)
2019-09-25 07:05:24,102 [pool-27-thread-1] INFO  server.RaftServerConfigKeys (ConfUtils.java:logGet(43)) - raft.server.log.write.buffer.size = 33554432 (custom)
2019-09-25 07:05:24,102 [pool-27-thread-1] INFO  server.RaftServerConfigKeys (ConfUtils.java:logGet(43)) - raft.server.log.force.sync.num = 128 (default)
2019-09-25 07:05:24,102 [pool-27-thread-1] INFO  server.RaftServerConfigKeys (ConfUtils.java:logGet(43)) - raft.server.log.statemachine.data.sync = true (default)
2019-09-25 07:05:24,102 [pool-27-thread-1] INFO  server.RaftServerConfigKeys (ConfUtils.java:logGet(43)) - raft.server.log.statemachine.data.sync.timeout = 10s (default)
2019-09-25 07:05:24,102 [pool-27-thread-1] INFO  server.RaftServerConfigKeys (ConfUtils.java:logGet(43)) - raft.server.log.statemachine.data.sync.timeout.retry = -1 (default)
2019-09-25 07:05:24,102 [pool-27-thread-1] INFO  server.RaftServerConfigKeys (ConfUtils.java:logGet(43)) - raft.server.log.statemachine.data.caching.enabled = true (custom)
2019-09-25 07:05:24,103 [pool-27-thread-1] INFO  segmented.SegmentedRaftLogWorker (SegmentedRaftLogWorker.java:lambda$new$0(132)) - e568d23f-199e-48ce-91e4-5c166e2e97cd@group-DD85FDF5F253-SegmentedRaftLogWorker: flushIndex: setUnconditionally 0 -> -1
2019-09-25 07:05:24,103 [pool-27-thread-1] INFO  server.RaftServerConfigKeys (ConfUtils.java:logGet(43)) - raft.server.snapshot.auto.trigger.enabled = true (custom)
2019-09-25 07:05:24,103 [pool-27-thread-1] INFO  server.RaftServerConfigKeys (ConfUtils.java:logGet(43)) - raft.server.snapshot.auto.trigger.threshold = 10000 (custom)
2019-09-25 07:05:24,103 [pool-27-thread-1] INFO  server.RaftServerConfigKeys (ConfUtils.java:logGet(43)) - raft.server.snapshot.retention.num.files = 5 (custom)
2019-09-25 07:05:24,104 [pool-27-thread-1] INFO  server.RaftServerConfigKeys (ConfUtils.java:logGet(43)) - raft.server.retrycache.expirytime = 600000ms (custom)
2019-09-25 07:05:24,105 [pool-27-thread-1] INFO  impl.RaftServerImpl (RaftServerImpl.java:start(185)) - e568d23f-199e-48ce-91e4-5c166e2e97cd@group-DD85FDF5F253: start as a follower, conf=-1: [e568d23f-199e-48ce-91e4-5c166e2e97cd:192.168.30.10:42827], old=null
2019-09-25 07:05:24,105 [pool-27-thread-1] INFO  impl.RaftServerImpl (RaftServerImpl.java:setRole(174)) - e568d23f-199e-48ce-91e4-5c166e2e97cd@group-DD85FDF5F253: changes role from      null to FOLLOWER at term 0 for startAsFollower
2019-09-25 07:05:24,105 [pool-27-thread-1] INFO  impl.RoleInfo (RoleInfo.java:updateAndGet(143)) - e568d23f-199e-48ce-91e4-5c166e2e97cd: start FollowerState
2019-09-25 07:05:24,106 [pool-27-thread-1] INFO  util.JmxRegister (JmxRegister.java:tryRegister(44)) - Successfully registered JMX Bean with object name Ratis:service=RaftServer,group=group-DD85FDF5F253,id=e568d23f-199e-48ce-91e4-5c166e2e97cd
2019-09-25 07:05:24,108 [RatisPipelineUtilsThread] INFO  pipeline.PipelineStateManager (PipelineStateManager.java:addPipeline(56)) - Created pipeline Pipeline[ Id: 5b48a638-6bfc-4103-81e3-dd85fdf5f253, Nodes: e568d23f-199e-48ce-91e4-5c166e2e97cd{ip: 192.168.30.10, host: pr-hdds-1569-s62bp-3040748787, networkLocation: /default-rack, certSerialId: null}, Type:RATIS, Factor:ONE, State:OPEN]
2019-09-25 07:05:24,112 [grpc-default-executor-5] INFO  impl.RaftServerProxy (RaftServerProxy.java:addNew(89)) - e568d23f-199e-48ce-91e4-5c166e2e97cd: addNew group-859FBF2DD6DE:[e568d23f-199e-48ce-91e4-5c166e2e97cd:192.168.30.10:42827] returns group-859FBF2DD6DE:java.util.concurrent.CompletableFuture@567ee52e[Not completed]
2019-09-25 07:05:24,112 [pool-27-thread-1] INFO  impl.RaftServerImpl (RaftServerImpl.java:<init>(95)) - e568d23f-199e-48ce-91e4-5c166e2e97cd: new RaftServerImpl for group-859FBF2DD6DE:[e568d23f-199e-48ce-91e4-5c166e2e97cd:192.168.30.10:42827] with ContainerStateMachine:uninitialized
2019-09-25 07:05:24,113 [pool-27-thread-1] INFO  server.RaftServerConfigKeys (ConfUtils.java:logGet(43)) - raft.server.rpc.timeout.min = 5s (custom)
2019-09-25 07:05:24,113 [pool-27-thread-1] INFO  server.RaftServerConfigKeys (ConfUtils.java:logGet(43)) - raft.server.rpc.timeout.max = 5200ms (custom)
2019-09-25 07:05:24,113 [pool-27-thread-1] INFO  server.RaftServerConfigKeys (ConfUtils.java:logGet(43)) - raft.server.rpcslowness.timeout = 120s (custom)
2019-09-25 07:05:24,113 [pool-27-thread-1] INFO  server.RaftServerConfigKeys (ConfUtils.java:logGet(43)) - raft.server.sleep.deviation.threshold = 300 (default)
2019-09-25 07:05:24,113 [pool-27-thread-1] INFO  server.RaftServerConfigKeys (ConfUtils.java:logGet(43)) - raft.server.log.appender.install.snapshot.enabled = false (custom)
2019-09-25 07:05:24,113 [pool-27-thread-1] INFO  impl.RaftServerImpl (ServerState.java:<init>(103)) - e568d23f-199e-48ce-91e4-5c166e2e97cd@group-859FBF2DD6DE: ConfigurationManager, init=-1: [e568d23f-199e-48ce-91e4-5c166e2e97cd:192.168.30.10:42827], old=null, confs=<EMPTY_MAP>
2019-09-25 07:05:24,113 [pool-27-thread-1] INFO  server.RaftServerConfigKeys (ConfUtils.java:logGet(43)) - raft.server.storage.dir = [/workdir/hadoop-ozone/integration-test/target/test-dir/MiniOzoneClusterImpl-39af9574-7a8b-4ed7-b830-bf686a3d4bb8/datanode-0/data/ratis] (custom)
2019-09-25 07:05:24,114 [pool-27-thread-1] INFO  storage.RaftStorageDirectory (RaftStorageDirectory.java:analyzeStorage(246)) - The storage directory /workdir/hadoop-ozone/integration-test/target/test-dir/MiniOzoneClusterImpl-39af9574-7a8b-4ed7-b830-bf686a3d4bb8/datanode-0/data/ratis/bf88894c-acba-4cb1-9c21-859fbf2dd6de does not exist. Creating ...
2019-09-25 07:05:24,126 [pool-27-thread-1] INFO  storage.RaftStorageDirectory (RaftStorageDirectory.java:tryLock(328)) - Lock on /workdir/hadoop-ozone/integration-test/target/test-dir/MiniOzoneClusterImpl-39af9574-7a8b-4ed7-b830-bf686a3d4bb8/datanode-0/data/ratis/bf88894c-acba-4cb1-9c21-859fbf2dd6de/in_use.lock acquired by nodename 19495@pr-hdds-1569-s62bp-3040748787
2019-09-25 07:05:24,139 [pool-27-thread-1] INFO  storage.RaftStorage (RaftStorage.java:format(72)) - Storage directory /workdir/hadoop-ozone/integration-test/target/test-dir/MiniOzoneClusterImpl-39af9574-7a8b-4ed7-b830-bf686a3d4bb8/datanode-0/data/ratis/bf88894c-acba-4cb1-9c21-859fbf2dd6de has been successfully formatted.
2019-09-25 07:05:24,139 [pool-27-thread-1] INFO  ratis.ContainerStateMachine (ContainerStateMachine.java:loadSnapshot(230)) - group-859FBF2DD6DE: The snapshot info is null. Setting the last applied indexto:(t:0, i:~)
2019-09-25 07:05:24,140 [pool-27-thread-1] INFO  server.RaftServerConfigKeys (ConfUtils.java:logGet(43)) - raft.server.notification.no-leader.timeout = 120s (custom)
2019-09-25 07:05:24,140 [pool-27-thread-1] INFO  server.RaftServerConfigKeys (ConfUtils.java:logGet(43)) - raft.server.log.use.memory = false (default)
2019-09-25 07:05:24,140 [pool-27-thread-1] INFO  server.RaftServerConfigKeys (ConfUtils.java:logGet(43)) - raft.server.log.purge.gap = 1000000 (custom)
2019-09-25 07:05:24,140 [pool-27-thread-1] INFO  server.RaftServerConfigKeys (ConfUtils.java:logGet(43)) - raft.server.log.appender.buffer.byte-limit = 33554432 (custom)
2019-09-25 07:05:24,140 [pool-27-thread-1] INFO  server.RaftServerConfigKeys (ConfUtils.java:logGet(43)) - raft.server.log.segment.size.max = 1048576 (custom)
2019-09-25 07:05:24,140 [pool-27-thread-1] INFO  server.RaftServerConfigKeys (ConfUtils.java:logGet(43)) - raft.server.log.segment.cache.num.max = 2 (custom)
2019-09-25 07:05:24,140 [pool-27-thread-1] INFO  segmented.SegmentedRaftLogWorker (SegmentedRaftLogWorker.java:<init>(172)) - new e568d23f-199e-48ce-91e4-5c166e2e97cd@group-859FBF2DD6DE-SegmentedRaftLogWorker for RaftStorage:Storage Directory /workdir/hadoop-ozone/integration-test/target/test-dir/MiniOzoneClusterImpl-39af9574-7a8b-4ed7-b830-bf686a3d4bb8/datanode-0/data/ratis/bf88894c-acba-4cb1-9c21-859fbf2dd6de
2019-09-25 07:05:24,141 [pool-27-thread-1] INFO  server.RaftServerConfigKeys (ConfUtils.java:logGet(43)) - raft.server.log.queue.byte-limit = 2147483647 (custom)
2019-09-25 07:05:24,141 [pool-27-thread-1] INFO  server.RaftServerConfigKeys (ConfUtils.java:logGet(43)) - raft.server.log.queue.element-limit = 1024 (custom)
2019-09-25 07:05:24,141 [pool-27-thread-1] INFO  server.RaftServerConfigKeys (ConfUtils.java:logGet(43)) - raft.server.log.segment.size.max = 1048576 (custom)
2019-09-25 07:05:24,141 [pool-27-thread-1] INFO  server.RaftServerConfigKeys (ConfUtils.java:logGet(43)) - raft.server.log.preallocated.size = 16384 (custom)
2019-09-25 07:05:24,141 [pool-27-thread-1] INFO  server.RaftServerConfigKeys (ConfUtils.java:logGet(43)) - raft.server.log.write.buffer.size = 33554432 (custom)
2019-09-25 07:05:24,141 [pool-27-thread-1] INFO  server.RaftServerConfigKeys (ConfUtils.java:logGet(43)) - raft.server.log.force.sync.num = 128 (default)
2019-09-25 07:05:24,141 [pool-27-thread-1] INFO  server.RaftServerConfigKeys (ConfUtils.java:logGet(43)) - raft.server.log.statemachine.data.sync = true (default)
2019-09-25 07:05:24,141 [pool-27-thread-1] INFO  server.RaftServerConfigKeys (ConfUtils.java:logGet(43)) - raft.server.log.statemachine.data.sync.timeout = 10s (default)
2019-09-25 07:05:24,142 [pool-27-thread-1] INFO  server.RaftServerConfigKeys (ConfUtils.java:logGet(43)) - raft.server.log.statemachine.data.sync.timeout.retry = -1 (default)
2019-09-25 07:05:24,142 [pool-27-thread-1] INFO  server.RaftServerConfigKeys (ConfUtils.java:logGet(43)) - raft.server.log.statemachine.data.caching.enabled = true (custom)
2019-09-25 07:05:24,142 [pool-27-thread-1] INFO  segmented.SegmentedRaftLogWorker (SegmentedRaftLogWorker.java:lambda$new$0(132)) - e568d23f-199e-48ce-91e4-5c166e2e97cd@group-859FBF2DD6DE-SegmentedRaftLogWorker: flushIndex: setUnconditionally 0 -> -1
2019-09-25 07:05:24,142 [pool-27-thread-1] INFO  server.RaftServerConfigKeys (ConfUtils.java:logGet(43)) - raft.server.snapshot.auto.trigger.enabled = true (custom)
2019-09-25 07:05:24,142 [pool-27-thread-1] INFO  server.RaftServerConfigKeys (ConfUtils.java:logGet(43)) - raft.server.snapshot.auto.trigger.threshold = 10000 (custom)
2019-09-25 07:05:24,143 [pool-27-thread-1] INFO  server.RaftServerConfigKeys (ConfUtils.java:logGet(43)) - raft.server.snapshot.retention.num.files = 5 (custom)
2019-09-25 07:05:24,143 [pool-27-thread-1] INFO  server.RaftServerConfigKeys (ConfUtils.java:logGet(43)) - raft.server.retrycache.expirytime = 600000ms (custom)
2019-09-25 07:05:24,144 [pool-27-thread-1] INFO  impl.RaftServerImpl (RaftServerImpl.java:start(185)) - e568d23f-199e-48ce-91e4-5c166e2e97cd@group-859FBF2DD6DE: start as a follower, conf=-1: [e568d23f-199e-48ce-91e4-5c166e2e97cd:192.168.30.10:42827], old=null
2019-09-25 07:05:24,144 [pool-27-thread-1] INFO  impl.RaftServerImpl (RaftServerImpl.java:setRole(174)) - e568d23f-199e-48ce-91e4-5c166e2e97cd@group-859FBF2DD6DE: changes role from      null to FOLLOWER at term 0 for startAsFollower
2019-09-25 07:05:24,145 [pool-27-thread-1] INFO  impl.RoleInfo (RoleInfo.java:updateAndGet(143)) - e568d23f-199e-48ce-91e4-5c166e2e97cd: start FollowerState
2019-09-25 07:05:24,145 [pool-27-thread-1] INFO  util.JmxRegister (JmxRegister.java:tryRegister(44)) - Successfully registered JMX Bean with object name Ratis:service=RaftServer,group=group-859FBF2DD6DE,id=e568d23f-199e-48ce-91e4-5c166e2e97cd
2019-09-25 07:05:24,147 [RatisPipelineUtilsThread] INFO  pipeline.PipelineStateManager (PipelineStateManager.java:addPipeline(56)) - Created pipeline Pipeline[ Id: bf88894c-acba-4cb1-9c21-859fbf2dd6de, Nodes: e568d23f-199e-48ce-91e4-5c166e2e97cd{ip: 192.168.30.10, host: pr-hdds-1569-s62bp-3040748787, networkLocation: /default-rack, certSerialId: null}, Type:RATIS, Factor:ONE, State:OPEN]
2019-09-25 07:05:24,151 [grpc-default-executor-5] INFO  impl.RaftServerProxy (RaftServerProxy.java:addNew(89)) - 24bf2945-a329-4da6-aaf2-23ecd8d462c6: addNew group-D1A1C9722AAD:[24bf2945-a329-4da6-aaf2-23ecd8d462c6:192.168.30.10:42867] returns group-D1A1C9722AAD:java.util.concurrent.CompletableFuture@180d21d0[Not completed]
2019-09-25 07:05:24,152 [pool-47-thread-1] INFO  impl.RaftServerImpl (RaftServerImpl.java:<init>(95)) - 24bf2945-a329-4da6-aaf2-23ecd8d462c6: new RaftServerImpl for group-D1A1C9722AAD:[24bf2945-a329-4da6-aaf2-23ecd8d462c6:192.168.30.10:42867] with ContainerStateMachine:uninitialized
2019-09-25 07:05:24,152 [pool-47-thread-1] INFO  server.RaftServerConfigKeys (ConfUtils.java:logGet(43)) - raft.server.rpc.timeout.min = 5s (custom)
2019-09-25 07:05:24,152 [pool-47-thread-1] INFO  server.RaftServerConfigKeys (ConfUtils.java:logGet(43)) - raft.server.rpc.timeout.max = 5200ms (custom)
2019-09-25 07:05:24,152 [pool-47-thread-1] INFO  server.RaftServerConfigKeys (ConfUtils.java:logGet(43)) - raft.server.rpcslowness.timeout = 120s (custom)
2019-09-25 07:05:24,153 [pool-47-thread-1] INFO  server.RaftServerConfigKeys (ConfUtils.java:logGet(43)) - raft.server.sleep.deviation.threshold = 300 (default)
2019-09-25 07:05:24,153 [pool-47-thread-1] INFO  server.RaftServerConfigKeys (ConfUtils.java:logGet(43)) - raft.server.log.appender.install.snapshot.enabled = false (custom)
2019-09-25 07:05:24,153 [pool-47-thread-1] INFO  impl.RaftServerImpl (ServerState.java:<init>(103)) - 24bf2945-a329-4da6-aaf2-23ecd8d462c6@group-D1A1C9722AAD: ConfigurationManager, init=-1: [24bf2945-a329-4da6-aaf2-23ecd8d462c6:192.168.30.10:42867], old=null, confs=<EMPTY_MAP>
2019-09-25 07:05:24,153 [pool-47-thread-1] INFO  server.RaftServerConfigKeys (ConfUtils.java:logGet(43)) - raft.server.storage.dir = [/workdir/hadoop-ozone/integration-test/target/test-dir/MiniOzoneClusterImpl-39af9574-7a8b-4ed7-b830-bf686a3d4bb8/datanode-2/data/ratis] (custom)
2019-09-25 07:05:24,154 [pool-47-thread-1] INFO  storage.RaftStorageDirectory (RaftStorageDirectory.java:analyzeStorage(246)) - The storage directory /workdir/hadoop-ozone/integration-test/target/test-dir/MiniOzoneClusterImpl-39af9574-7a8b-4ed7-b830-bf686a3d4bb8/datanode-2/data/ratis/a07bad8e-4b36-4899-b6e8-d1a1c9722aad does not exist. Creating ...
2019-09-25 07:05:24,166 [pool-47-thread-1] INFO  storage.RaftStorageDirectory (RaftStorageDirectory.java:tryLock(328)) - Lock on /workdir/hadoop-ozone/integration-test/target/test-dir/MiniOzoneClusterImpl-39af9574-7a8b-4ed7-b830-bf686a3d4bb8/datanode-2/data/ratis/a07bad8e-4b36-4899-b6e8-d1a1c9722aad/in_use.lock acquired by nodename 19495@pr-hdds-1569-s62bp-3040748787
2019-09-25 07:05:24,179 [pool-47-thread-1] INFO  storage.RaftStorage (RaftStorage.java:format(72)) - Storage directory /workdir/hadoop-ozone/integration-test/target/test-dir/MiniOzoneClusterImpl-39af9574-7a8b-4ed7-b830-bf686a3d4bb8/datanode-2/data/ratis/a07bad8e-4b36-4899-b6e8-d1a1c9722aad has been successfully formatted.
2019-09-25 07:05:24,180 [pool-47-thread-1] INFO  ratis.ContainerStateMachine (ContainerStateMachine.java:loadSnapshot(230)) - group-D1A1C9722AAD: The snapshot info is null. Setting the last applied indexto:(t:0, i:~)
2019-09-25 07:05:24,180 [pool-47-thread-1] INFO  server.RaftServerConfigKeys (ConfUtils.java:logGet(43)) - raft.server.notification.no-leader.timeout = 120s (custom)
2019-09-25 07:05:24,180 [pool-47-thread-1] INFO  server.RaftServerConfigKeys (ConfUtils.java:logGet(43)) - raft.server.log.use.memory = false (default)
2019-09-25 07:05:24,180 [pool-47-thread-1] INFO  server.RaftServerConfigKeys (ConfUtils.java:logGet(43)) - raft.server.log.purge.gap = 1000000 (custom)
2019-09-25 07:05:24,180 [pool-47-thread-1] INFO  server.RaftServerConfigKeys (ConfUtils.java:logGet(43)) - raft.server.log.appender.buffer.byte-limit = 33554432 (custom)
2019-09-25 07:05:24,180 [pool-47-thread-1] INFO  server.RaftServerConfigKeys (ConfUtils.java:logGet(43)) - raft.server.log.segment.size.max = 1048576 (custom)
2019-09-25 07:05:24,180 [pool-47-thread-1] INFO  server.RaftServerConfigKeys (ConfUtils.java:logGet(43)) - raft.server.log.segment.cache.num.max = 2 (custom)
2019-09-25 07:05:24,181 [pool-47-thread-1] INFO  segmented.SegmentedRaftLogWorker (SegmentedRaftLogWorker.java:<init>(172)) - new 24bf2945-a329-4da6-aaf2-23ecd8d462c6@group-D1A1C9722AAD-SegmentedRaftLogWorker for RaftStorage:Storage Directory /workdir/hadoop-ozone/integration-test/target/test-dir/MiniOzoneClusterImpl-39af9574-7a8b-4ed7-b830-bf686a3d4bb8/datanode-2/data/ratis/a07bad8e-4b36-4899-b6e8-d1a1c9722aad
2019-09-25 07:05:24,181 [pool-47-thread-1] INFO  server.RaftServerConfigKeys (ConfUtils.java:logGet(43)) - raft.server.log.queue.byte-limit = 2147483647 (custom)
2019-09-25 07:05:24,181 [pool-47-thread-1] INFO  server.RaftServerConfigKeys (ConfUtils.java:logGet(43)) - raft.server.log.queue.element-limit = 1024 (custom)
2019-09-25 07:05:24,181 [pool-47-thread-1] INFO  server.RaftServerConfigKeys (ConfUtils.java:logGet(43)) - raft.server.log.segment.size.max = 1048576 (custom)
2019-09-25 07:05:24,181 [pool-47-thread-1] INFO  server.RaftServerConfigKeys (ConfUtils.java:logGet(43)) - raft.server.log.preallocated.size = 16384 (custom)
2019-09-25 07:05:24,181 [pool-47-thread-1] INFO  server.RaftServerConfigKeys (ConfUtils.java:logGet(43)) - raft.server.log.write.buffer.size = 33554432 (custom)
2019-09-25 07:05:24,181 [pool-47-thread-1] INFO  server.RaftServerConfigKeys (ConfUtils.java:logGet(43)) - raft.server.log.force.sync.num = 128 (default)
2019-09-25 07:05:24,181 [pool-47-thread-1] INFO  server.RaftServerConfigKeys (ConfUtils.java:logGet(43)) - raft.server.log.statemachine.data.sync = true (default)
2019-09-25 07:05:24,182 [pool-47-thread-1] INFO  server.RaftServerConfigKeys (ConfUtils.java:logGet(43)) - raft.server.log.statemachine.data.sync.timeout = 10s (default)
2019-09-25 07:05:24,182 [pool-47-thread-1] INFO  server.RaftServerConfigKeys (ConfUtils.java:logGet(43)) - raft.server.log.statemachine.data.sync.timeout.retry = -1 (default)
2019-09-25 07:05:24,182 [pool-47-thread-1] INFO  server.RaftServerConfigKeys (ConfUtils.java:logGet(43)) - raft.server.log.statemachine.data.caching.enabled = true (custom)
2019-09-25 07:05:24,182 [pool-47-thread-1] INFO  segmented.SegmentedRaftLogWorker (SegmentedRaftLogWorker.java:lambda$new$0(132)) - 24bf2945-a329-4da6-aaf2-23ecd8d462c6@group-D1A1C9722AAD-SegmentedRaftLogWorker: flushIndex: setUnconditionally 0 -> -1
2019-09-25 07:05:24,183 [pool-47-thread-1] INFO  server.RaftServerConfigKeys (ConfUtils.java:logGet(43)) - raft.server.snapshot.auto.trigger.enabled = true (custom)
2019-09-25 07:05:24,183 [pool-47-thread-1] INFO  server.RaftServerConfigKeys (ConfUtils.java:logGet(43)) - raft.server.snapshot.auto.trigger.threshold = 10000 (custom)
2019-09-25 07:05:24,183 [pool-47-thread-1] INFO  server.RaftServerConfigKeys (ConfUtils.java:logGet(43)) - raft.server.snapshot.retention.num.files = 5 (custom)
2019-09-25 07:05:24,183 [pool-47-thread-1] INFO  server.RaftServerConfigKeys (ConfUtils.java:logGet(43)) - raft.server.retrycache.expirytime = 600000ms (custom)
2019-09-25 07:05:24,185 [pool-47-thread-1] INFO  impl.RaftServerImpl (RaftServerImpl.java:start(185)) - 24bf2945-a329-4da6-aaf2-23ecd8d462c6@group-D1A1C9722AAD: start as a follower, conf=-1: [24bf2945-a329-4da6-aaf2-23ecd8d462c6:192.168.30.10:42867], old=null
2019-09-25 07:05:24,185 [pool-47-thread-1] INFO  impl.RaftServerImpl (RaftServerImpl.java:setRole(174)) - 24bf2945-a329-4da6-aaf2-23ecd8d462c6@group-D1A1C9722AAD: changes role from      null to FOLLOWER at term 0 for startAsFollower
2019-09-25 07:05:24,185 [pool-47-thread-1] INFO  impl.RoleInfo (RoleInfo.java:updateAndGet(143)) - 24bf2945-a329-4da6-aaf2-23ecd8d462c6: start FollowerState
2019-09-25 07:05:24,185 [pool-47-thread-1] INFO  util.JmxRegister (JmxRegister.java:tryRegister(44)) - Successfully registered JMX Bean with object name Ratis:service=RaftServer,group=group-D1A1C9722AAD,id=24bf2945-a329-4da6-aaf2-23ecd8d462c6
2019-09-25 07:05:24,187 [RatisPipelineUtilsThread] INFO  pipeline.PipelineStateManager (PipelineStateManager.java:addPipeline(56)) - Created pipeline Pipeline[ Id: a07bad8e-4b36-4899-b6e8-d1a1c9722aad, Nodes: 24bf2945-a329-4da6-aaf2-23ecd8d462c6{ip: 192.168.30.10, host: pr-hdds-1569-s62bp-3040748787, networkLocation: /default-rack, certSerialId: null}, Type:RATIS, Factor:ONE, State:OPEN]
2019-09-25 07:05:24,191 [grpc-default-executor-5] INFO  impl.RaftServerProxy (RaftServerProxy.java:addNew(89)) - 24bf2945-a329-4da6-aaf2-23ecd8d462c6: addNew group-72D65F418B14:[24bf2945-a329-4da6-aaf2-23ecd8d462c6:192.168.30.10:42867] returns group-72D65F418B14:java.util.concurrent.CompletableFuture@24686f42[Not completed]
2019-09-25 07:05:24,192 [pool-47-thread-1] INFO  impl.RaftServerImpl (RaftServerImpl.java:<init>(95)) - 24bf2945-a329-4da6-aaf2-23ecd8d462c6: new RaftServerImpl for group-72D65F418B14:[24bf2945-a329-4da6-aaf2-23ecd8d462c6:192.168.30.10:42867] with ContainerStateMachine:uninitialized
2019-09-25 07:05:24,192 [pool-47-thread-1] INFO  server.RaftServerConfigKeys (ConfUtils.java:logGet(43)) - raft.server.rpc.timeout.min = 5s (custom)
2019-09-25 07:05:24,192 [pool-47-thread-1] INFO  server.RaftServerConfigKeys (ConfUtils.java:logGet(43)) - raft.server.rpc.timeout.max = 5200ms (custom)
2019-09-25 07:05:24,193 [pool-47-thread-1] INFO  server.RaftServerConfigKeys (ConfUtils.java:logGet(43)) - raft.server.rpcslowness.timeout = 120s (custom)
2019-09-25 07:05:24,193 [pool-47-thread-1] INFO  server.RaftServerConfigKeys (ConfUtils.java:logGet(43)) - raft.server.sleep.deviation.threshold = 300 (default)
2019-09-25 07:05:24,193 [pool-47-thread-1] INFO  server.RaftServerConfigKeys (ConfUtils.java:logGet(43)) - raft.server.log.appender.install.snapshot.enabled = false (custom)
2019-09-25 07:05:24,193 [pool-47-thread-1] INFO  impl.RaftServerImpl (ServerState.java:<init>(103)) - 24bf2945-a329-4da6-aaf2-23ecd8d462c6@group-72D65F418B14: ConfigurationManager, init=-1: [24bf2945-a329-4da6-aaf2-23ecd8d462c6:192.168.30.10:42867], old=null, confs=<EMPTY_MAP>
2019-09-25 07:05:24,193 [pool-47-thread-1] INFO  server.RaftServerConfigKeys (ConfUtils.java:logGet(43)) - raft.server.storage.dir = [/workdir/hadoop-ozone/integration-test/target/test-dir/MiniOzoneClusterImpl-39af9574-7a8b-4ed7-b830-bf686a3d4bb8/datanode-2/data/ratis] (custom)
2019-09-25 07:05:24,194 [pool-47-thread-1] INFO  storage.RaftStorageDirectory (RaftStorageDirectory.java:analyzeStorage(246)) - The storage directory /workdir/hadoop-ozone/integration-test/target/test-dir/MiniOzoneClusterImpl-39af9574-7a8b-4ed7-b830-bf686a3d4bb8/datanode-2/data/ratis/5c4b2305-3e97-4f3b-9613-72d65f418b14 does not exist. Creating ...
2019-09-25 07:05:24,206 [pool-47-thread-1] INFO  storage.RaftStorageDirectory (RaftStorageDirectory.java:tryLock(328)) - Lock on /workdir/hadoop-ozone/integration-test/target/test-dir/MiniOzoneClusterImpl-39af9574-7a8b-4ed7-b830-bf686a3d4bb8/datanode-2/data/ratis/5c4b2305-3e97-4f3b-9613-72d65f418b14/in_use.lock acquired by nodename 19495@pr-hdds-1569-s62bp-3040748787
2019-09-25 07:05:24,218 [pool-47-thread-1] INFO  storage.RaftStorage (RaftStorage.java:format(72)) - Storage directory /workdir/hadoop-ozone/integration-test/target/test-dir/MiniOzoneClusterImpl-39af9574-7a8b-4ed7-b830-bf686a3d4bb8/datanode-2/data/ratis/5c4b2305-3e97-4f3b-9613-72d65f418b14 has been successfully formatted.
2019-09-25 07:05:24,219 [pool-47-thread-1] INFO  ratis.ContainerStateMachine (ContainerStateMachine.java:loadSnapshot(230)) - group-72D65F418B14: The snapshot info is null. Setting the last applied indexto:(t:0, i:~)
2019-09-25 07:05:24,219 [pool-47-thread-1] INFO  server.RaftServerConfigKeys (ConfUtils.java:logGet(43)) - raft.server.notification.no-leader.timeout = 120s (custom)
2019-09-25 07:05:24,219 [pool-47-thread-1] INFO  server.RaftServerConfigKeys (ConfUtils.java:logGet(43)) - raft.server.log.use.memory = false (default)
2019-09-25 07:05:24,219 [pool-47-thread-1] INFO  server.RaftServerConfigKeys (ConfUtils.java:logGet(43)) - raft.server.log.purge.gap = 1000000 (custom)
2019-09-25 07:05:24,219 [pool-47-thread-1] INFO  server.RaftServerConfigKeys (ConfUtils.java:logGet(43)) - raft.server.log.appender.buffer.byte-limit = 33554432 (custom)
2019-09-25 07:05:24,219 [pool-47-thread-1] INFO  server.RaftServerConfigKeys (ConfUtils.java:logGet(43)) - raft.server.log.segment.size.max = 1048576 (custom)
2019-09-25 07:05:24,219 [pool-47-thread-1] INFO  server.RaftServerConfigKeys (ConfUtils.java:logGet(43)) - raft.server.log.segment.cache.num.max = 2 (custom)
2019-09-25 07:05:24,219 [pool-47-thread-1] INFO  segmented.SegmentedRaftLogWorker (SegmentedRaftLogWorker.java:<init>(172)) - new 24bf2945-a329-4da6-aaf2-23ecd8d462c6@group-72D65F418B14-SegmentedRaftLogWorker for RaftStorage:Storage Directory /workdir/hadoop-ozone/integration-test/target/test-dir/MiniOzoneClusterImpl-39af9574-7a8b-4ed7-b830-bf686a3d4bb8/datanode-2/data/ratis/5c4b2305-3e97-4f3b-9613-72d65f418b14
2019-09-25 07:05:24,220 [pool-47-thread-1] INFO  server.RaftServerConfigKeys (ConfUtils.java:logGet(43)) - raft.server.log.queue.byte-limit = 2147483647 (custom)
2019-09-25 07:05:24,220 [pool-47-thread-1] INFO  server.RaftServerConfigKeys (ConfUtils.java:logGet(43)) - raft.server.log.queue.element-limit = 1024 (custom)
2019-09-25 07:05:24,220 [pool-47-thread-1] INFO  server.RaftServerConfigKeys (ConfUtils.java:logGet(43)) - raft.server.log.segment.size.max = 1048576 (custom)
2019-09-25 07:05:24,220 [pool-47-thread-1] INFO  server.RaftServerConfigKeys (ConfUtils.java:logGet(43)) - raft.server.log.preallocated.size = 16384 (custom)
2019-09-25 07:05:24,220 [pool-47-thread-1] INFO  server.RaftServerConfigKeys (ConfUtils.java:logGet(43)) - raft.server.log.write.buffer.size = 33554432 (custom)
2019-09-25 07:05:24,220 [pool-47-thread-1] INFO  server.RaftServerConfigKeys (ConfUtils.java:logGet(43)) - raft.server.log.force.sync.num = 128 (default)
2019-09-25 07:05:24,220 [pool-47-thread-1] INFO  server.RaftServerConfigKeys (ConfUtils.java:logGet(43)) - raft.server.log.statemachine.data.sync = true (default)
2019-09-25 07:05:24,220 [pool-47-thread-1] INFO  server.RaftServerConfigKeys (ConfUtils.java:logGet(43)) - raft.server.log.statemachine.data.sync.timeout = 10s (default)
2019-09-25 07:05:24,221 [pool-47-thread-1] INFO  server.RaftServerConfigKeys (ConfUtils.java:logGet(43)) - raft.server.log.statemachine.data.sync.timeout.retry = -1 (default)
2019-09-25 07:05:24,221 [pool-47-thread-1] INFO  server.RaftServerConfigKeys (ConfUtils.java:logGet(43)) - raft.server.log.statemachine.data.caching.enabled = true (custom)
2019-09-25 07:05:24,221 [pool-47-thread-1] INFO  segmented.SegmentedRaftLogWorker (SegmentedRaftLogWorker.java:lambda$new$0(132)) - 24bf2945-a329-4da6-aaf2-23ecd8d462c6@group-72D65F418B14-SegmentedRaftLogWorker: flushIndex: setUnconditionally 0 -> -1
2019-09-25 07:05:24,221 [pool-47-thread-1] INFO  server.RaftServerConfigKeys (ConfUtils.java:logGet(43)) - raft.server.snapshot.auto.trigger.enabled = true (custom)
2019-09-25 07:05:24,221 [pool-47-thread-1] INFO  server.RaftServerConfigKeys (ConfUtils.java:logGet(43)) - raft.server.snapshot.auto.trigger.threshold = 10000 (custom)
2019-09-25 07:05:24,222 [pool-47-thread-1] INFO  server.RaftServerConfigKeys (ConfUtils.java:logGet(43)) - raft.server.snapshot.retention.num.files = 5 (custom)
2019-09-25 07:05:24,222 [pool-47-thread-1] INFO  server.RaftServerConfigKeys (ConfUtils.java:logGet(43)) - raft.server.retrycache.expirytime = 600000ms (custom)
2019-09-25 07:05:24,223 [pool-47-thread-1] INFO  impl.RaftServerImpl (RaftServerImpl.java:start(185)) - 24bf2945-a329-4da6-aaf2-23ecd8d462c6@group-72D65F418B14: start as a follower, conf=-1: [24bf2945-a329-4da6-aaf2-23ecd8d462c6:192.168.30.10:42867], old=null
2019-09-25 07:05:24,223 [pool-47-thread-1] INFO  impl.RaftServerImpl (RaftServerImpl.java:setRole(174)) - 24bf2945-a329-4da6-aaf2-23ecd8d462c6@group-72D65F418B14: changes role from      null to FOLLOWER at term 0 for startAsFollower
2019-09-25 07:05:24,223 [pool-47-thread-1] INFO  impl.RoleInfo (RoleInfo.java:updateAndGet(143)) - 24bf2945-a329-4da6-aaf2-23ecd8d462c6: start FollowerState
2019-09-25 07:05:24,224 [pool-47-thread-1] INFO  util.JmxRegister (JmxRegister.java:tryRegister(44)) - Successfully registered JMX Bean with object name Ratis:service=RaftServer,group=group-72D65F418B14,id=24bf2945-a329-4da6-aaf2-23ecd8d462c6
2019-09-25 07:05:24,226 [RatisPipelineUtilsThread] INFO  pipeline.PipelineStateManager (PipelineStateManager.java:addPipeline(56)) - Created pipeline Pipeline[ Id: 5c4b2305-3e97-4f3b-9613-72d65f418b14, Nodes: 24bf2945-a329-4da6-aaf2-23ecd8d462c6{ip: 192.168.30.10, host: pr-hdds-1569-s62bp-3040748787, networkLocation: /default-rack, certSerialId: null}, Type:RATIS, Factor:ONE, State:OPEN]
2019-09-25 07:05:24,229 [grpc-default-executor-5] INFO  impl.RaftServerProxy (RaftServerProxy.java:addNew(89)) - 62ec8eb9-3ae9-4136-b70a-2caf3716fa7f: addNew group-4A6821110F74:[62ec8eb9-3ae9-4136-b70a-2caf3716fa7f:192.168.30.10:44715] returns group-4A6821110F74:java.util.concurrent.CompletableFuture@61b124ae[Not completed]
2019-09-25 07:05:24,230 [pool-37-thread-1] INFO  impl.RaftServerImpl (RaftServerImpl.java:<init>(95)) - 62ec8eb9-3ae9-4136-b70a-2caf3716fa7f: new RaftServerImpl for group-4A6821110F74:[62ec8eb9-3ae9-4136-b70a-2caf3716fa7f:192.168.30.10:44715] with ContainerStateMachine:uninitialized
2019-09-25 07:05:24,230 [pool-37-thread-1] INFO  server.RaftServerConfigKeys (ConfUtils.java:logGet(43)) - raft.server.rpc.timeout.min = 5s (custom)
2019-09-25 07:05:24,230 [pool-37-thread-1] INFO  server.RaftServerConfigKeys (ConfUtils.java:logGet(43)) - raft.server.rpc.timeout.max = 5200ms (custom)
2019-09-25 07:05:24,230 [pool-37-thread-1] INFO  server.RaftServerConfigKeys (ConfUtils.java:logGet(43)) - raft.server.rpcslowness.timeout = 120s (custom)
2019-09-25 07:05:24,230 [pool-37-thread-1] INFO  server.RaftServerConfigKeys (ConfUtils.java:logGet(43)) - raft.server.sleep.deviation.threshold = 300 (default)
2019-09-25 07:05:24,230 [pool-37-thread-1] INFO  server.RaftServerConfigKeys (ConfUtils.java:logGet(43)) - raft.server.log.appender.install.snapshot.enabled = false (custom)
2019-09-25 07:05:24,230 [pool-37-thread-1] INFO  impl.RaftServerImpl (ServerState.java:<init>(103)) - 62ec8eb9-3ae9-4136-b70a-2caf3716fa7f@group-4A6821110F74: ConfigurationManager, init=-1: [62ec8eb9-3ae9-4136-b70a-2caf3716fa7f:192.168.30.10:44715], old=null, confs=<EMPTY_MAP>
2019-09-25 07:05:24,230 [pool-37-thread-1] INFO  server.RaftServerConfigKeys (ConfUtils.java:logGet(43)) - raft.server.storage.dir = [/workdir/hadoop-ozone/integration-test/target/test-dir/MiniOzoneClusterImpl-39af9574-7a8b-4ed7-b830-bf686a3d4bb8/datanode-1/data/ratis] (custom)
2019-09-25 07:05:24,230 [pool-37-thread-1] INFO  storage.RaftStorageDirectory (RaftStorageDirectory.java:analyzeStorage(246)) - The storage directory /workdir/hadoop-ozone/integration-test/target/test-dir/MiniOzoneClusterImpl-39af9574-7a8b-4ed7-b830-bf686a3d4bb8/datanode-1/data/ratis/cd58f005-e74a-446c-90ff-4a6821110f74 does not exist. Creating ...
2019-09-25 07:05:24,243 [pool-37-thread-1] INFO  storage.RaftStorageDirectory (RaftStorageDirectory.java:tryLock(328)) - Lock on /workdir/hadoop-ozone/integration-test/target/test-dir/MiniOzoneClusterImpl-39af9574-7a8b-4ed7-b830-bf686a3d4bb8/datanode-1/data/ratis/cd58f005-e74a-446c-90ff-4a6821110f74/in_use.lock acquired by nodename 19495@pr-hdds-1569-s62bp-3040748787
2019-09-25 07:05:24,255 [pool-37-thread-1] INFO  storage.RaftStorage (RaftStorage.java:format(72)) - Storage directory /workdir/hadoop-ozone/integration-test/target/test-dir/MiniOzoneClusterImpl-39af9574-7a8b-4ed7-b830-bf686a3d4bb8/datanode-1/data/ratis/cd58f005-e74a-446c-90ff-4a6821110f74 has been successfully formatted.
2019-09-25 07:05:24,256 [pool-37-thread-1] INFO  ratis.ContainerStateMachine (ContainerStateMachine.java:loadSnapshot(230)) - group-4A6821110F74: The snapshot info is null. Setting the last applied indexto:(t:0, i:~)
2019-09-25 07:05:24,256 [pool-37-thread-1] INFO  server.RaftServerConfigKeys (ConfUtils.java:logGet(43)) - raft.server.notification.no-leader.timeout = 120s (custom)
2019-09-25 07:05:24,256 [pool-37-thread-1] INFO  server.RaftServerConfigKeys (ConfUtils.java:logGet(43)) - raft.server.log.use.memory = false (default)
2019-09-25 07:05:24,256 [pool-37-thread-1] INFO  server.RaftServerConfigKeys (ConfUtils.java:logGet(43)) - raft.server.log.purge.gap = 1000000 (custom)
2019-09-25 07:05:24,256 [pool-37-thread-1] INFO  server.RaftServerConfigKeys (ConfUtils.java:logGet(43)) - raft.server.log.appender.buffer.byte-limit = 33554432 (custom)
2019-09-25 07:05:24,256 [pool-37-thread-1] INFO  server.RaftServerConfigKeys (ConfUtils.java:logGet(43)) - raft.server.log.segment.size.max = 1048576 (custom)
2019-09-25 07:05:24,256 [pool-37-thread-1] INFO  server.RaftServerConfigKeys (ConfUtils.java:logGet(43)) - raft.server.log.segment.cache.num.max = 2 (custom)
2019-09-25 07:05:24,256 [pool-37-thread-1] INFO  segmented.SegmentedRaftLogWorker (SegmentedRaftLogWorker.java:<init>(172)) - new 62ec8eb9-3ae9-4136-b70a-2caf3716fa7f@group-4A6821110F74-SegmentedRaftLogWorker for RaftStorage:Storage Directory /workdir/hadoop-ozone/integration-test/target/test-dir/MiniOzoneClusterImpl-39af9574-7a8b-4ed7-b830-bf686a3d4bb8/datanode-1/data/ratis/cd58f005-e74a-446c-90ff-4a6821110f74
2019-09-25 07:05:24,256 [pool-37-thread-1] INFO  server.RaftServerConfigKeys (ConfUtils.java:logGet(43)) - raft.server.log.queue.byte-limit = 2147483647 (custom)
2019-09-25 07:05:24,256 [pool-37-thread-1] INFO  server.RaftServerConfigKeys (ConfUtils.java:logGet(43)) - raft.server.log.queue.element-limit = 1024 (custom)
2019-09-25 07:05:24,256 [pool-37-thread-1] INFO  server.RaftServerConfigKeys (ConfUtils.java:logGet(43)) - raft.server.log.segment.size.max = 1048576 (custom)
2019-09-25 07:05:24,257 [pool-37-thread-1] INFO  server.RaftServerConfigKeys (ConfUtils.java:logGet(43)) - raft.server.log.preallocated.size = 16384 (custom)
2019-09-25 07:05:24,257 [pool-37-thread-1] INFO  server.RaftServerConfigKeys (ConfUtils.java:logGet(43)) - raft.server.log.write.buffer.size = 33554432 (custom)
2019-09-25 07:05:24,257 [pool-37-thread-1] INFO  server.RaftServerConfigKeys (ConfUtils.java:logGet(43)) - raft.server.log.force.sync.num = 128 (default)
2019-09-25 07:05:24,257 [pool-37-thread-1] INFO  server.RaftServerConfigKeys (ConfUtils.java:logGet(43)) - raft.server.log.statemachine.data.sync = true (default)
2019-09-25 07:05:24,257 [pool-37-thread-1] INFO  server.RaftServerConfigKeys (ConfUtils.java:logGet(43)) - raft.server.log.statemachine.data.sync.timeout = 10s (default)
2019-09-25 07:05:24,257 [pool-37-thread-1] INFO  server.RaftServerConfigKeys (ConfUtils.java:logGet(43)) - raft.server.log.statemachine.data.sync.timeout.retry = -1 (default)
2019-09-25 07:05:24,257 [pool-37-thread-1] INFO  server.RaftServerConfigKeys (ConfUtils.java:logGet(43)) - raft.server.log.statemachine.data.caching.enabled = true (custom)
2019-09-25 07:05:24,257 [pool-37-thread-1] INFO  segmented.SegmentedRaftLogWorker (SegmentedRaftLogWorker.java:lambda$new$0(132)) - 62ec8eb9-3ae9-4136-b70a-2caf3716fa7f@group-4A6821110F74-SegmentedRaftLogWorker: flushIndex: setUnconditionally 0 -> -1
2019-09-25 07:05:24,258 [pool-37-thread-1] INFO  server.RaftServerConfigKeys (ConfUtils.java:logGet(43)) - raft.server.snapshot.auto.trigger.enabled = true (custom)
2019-09-25 07:05:24,258 [pool-37-thread-1] INFO  server.RaftServerConfigKeys (ConfUtils.java:logGet(43)) - raft.server.snapshot.auto.trigger.threshold = 10000 (custom)
2019-09-25 07:05:24,258 [pool-37-thread-1] INFO  server.RaftServerConfigKeys (ConfUtils.java:logGet(43)) - raft.server.snapshot.retention.num.files = 5 (custom)
2019-09-25 07:05:24,258 [pool-37-thread-1] INFO  server.RaftServerConfigKeys (ConfUtils.java:logGet(43)) - raft.server.retrycache.expirytime = 600000ms (custom)
2019-09-25 07:05:24,259 [pool-37-thread-1] INFO  impl.RaftServerImpl (RaftServerImpl.java:start(185)) - 62ec8eb9-3ae9-4136-b70a-2caf3716fa7f@group-4A6821110F74: start as a follower, conf=-1: [62ec8eb9-3ae9-4136-b70a-2caf3716fa7f:192.168.30.10:44715], old=null
2019-09-25 07:05:24,259 [pool-37-thread-1] INFO  impl.RaftServerImpl (RaftServerImpl.java:setRole(174)) - 62ec8eb9-3ae9-4136-b70a-2caf3716fa7f@group-4A6821110F74: changes role from      null to FOLLOWER at term 0 for startAsFollower
2019-09-25 07:05:24,259 [pool-37-thread-1] INFO  impl.RoleInfo (RoleInfo.java:updateAndGet(143)) - 62ec8eb9-3ae9-4136-b70a-2caf3716fa7f: start FollowerState
2019-09-25 07:05:24,259 [pool-37-thread-1] INFO  util.JmxRegister (JmxRegister.java:tryRegister(44)) - Successfully registered JMX Bean with object name Ratis:service=RaftServer,group=group-4A6821110F74,id=62ec8eb9-3ae9-4136-b70a-2caf3716fa7f
2019-09-25 07:05:24,261 [RatisPipelineUtilsThread] INFO  pipeline.PipelineStateManager (PipelineStateManager.java:addPipeline(56)) - Created pipeline Pipeline[ Id: cd58f005-e74a-446c-90ff-4a6821110f74, Nodes: 62ec8eb9-3ae9-4136-b70a-2caf3716fa7f{ip: 192.168.30.10, host: pr-hdds-1569-s62bp-3040748787, networkLocation: /default-rack, certSerialId: null}, Type:RATIS, Factor:ONE, State:OPEN]
2019-09-25 07:05:24,264 [grpc-default-executor-5] INFO  impl.RaftServerProxy (RaftServerProxy.java:addNew(89)) - 62ec8eb9-3ae9-4136-b70a-2caf3716fa7f: addNew group-C95E056A4ACC:[62ec8eb9-3ae9-4136-b70a-2caf3716fa7f:192.168.30.10:44715] returns group-C95E056A4ACC:java.util.concurrent.CompletableFuture@76c0deb4[Not completed]
2019-09-25 07:05:24,265 [pool-37-thread-1] INFO  impl.RaftServerImpl (RaftServerImpl.java:<init>(95)) - 62ec8eb9-3ae9-4136-b70a-2caf3716fa7f: new RaftServerImpl for group-C95E056A4ACC:[62ec8eb9-3ae9-4136-b70a-2caf3716fa7f:192.168.30.10:44715] with ContainerStateMachine:uninitialized
2019-09-25 07:05:24,265 [pool-37-thread-1] INFO  server.RaftServerConfigKeys (ConfUtils.java:logGet(43)) - raft.server.rpc.timeout.min = 5s (custom)
2019-09-25 07:05:24,265 [pool-37-thread-1] INFO  server.RaftServerConfigKeys (ConfUtils.java:logGet(43)) - raft.server.rpc.timeout.max = 5200ms (custom)
2019-09-25 07:05:24,265 [pool-37-thread-1] INFO  server.RaftServerConfigKeys (ConfUtils.java:logGet(43)) - raft.server.rpcslowness.timeout = 120s (custom)
2019-09-25 07:05:24,265 [pool-37-thread-1] INFO  server.RaftServerConfigKeys (ConfUtils.java:logGet(43)) - raft.server.sleep.deviation.threshold = 300 (default)
2019-09-25 07:05:24,265 [pool-37-thread-1] INFO  server.RaftServerConfigKeys (ConfUtils.java:logGet(43)) - raft.server.log.appender.install.snapshot.enabled = false (custom)
2019-09-25 07:05:24,266 [pool-37-thread-1] INFO  impl.RaftServerImpl (ServerState.java:<init>(103)) - 62ec8eb9-3ae9-4136-b70a-2caf3716fa7f@group-C95E056A4ACC: ConfigurationManager, init=-1: [62ec8eb9-3ae9-4136-b70a-2caf3716fa7f:192.168.30.10:44715], old=null, confs=<EMPTY_MAP>
2019-09-25 07:05:24,266 [pool-37-thread-1] INFO  server.RaftServerConfigKeys (ConfUtils.java:logGet(43)) - raft.server.storage.dir = [/workdir/hadoop-ozone/integration-test/target/test-dir/MiniOzoneClusterImpl-39af9574-7a8b-4ed7-b830-bf686a3d4bb8/datanode-1/data/ratis] (custom)
2019-09-25 07:05:24,266 [pool-37-thread-1] INFO  storage.RaftStorageDirectory (RaftStorageDirectory.java:analyzeStorage(246)) - The storage directory /workdir/hadoop-ozone/integration-test/target/test-dir/MiniOzoneClusterImpl-39af9574-7a8b-4ed7-b830-bf686a3d4bb8/datanode-1/data/ratis/e59f400c-88ca-4532-88e2-c95e056a4acc does not exist. Creating ...
2019-09-25 07:05:24,280 [pool-37-thread-1] INFO  storage.RaftStorageDirectory (RaftStorageDirectory.java:tryLock(328)) - Lock on /workdir/hadoop-ozone/integration-test/target/test-dir/MiniOzoneClusterImpl-39af9574-7a8b-4ed7-b830-bf686a3d4bb8/datanode-1/data/ratis/e59f400c-88ca-4532-88e2-c95e056a4acc/in_use.lock acquired by nodename 19495@pr-hdds-1569-s62bp-3040748787
2019-09-25 07:05:24,301 [pool-37-thread-1] INFO  storage.RaftStorage (RaftStorage.java:format(72)) - Storage directory /workdir/hadoop-ozone/integration-test/target/test-dir/MiniOzoneClusterImpl-39af9574-7a8b-4ed7-b830-bf686a3d4bb8/datanode-1/data/ratis/e59f400c-88ca-4532-88e2-c95e056a4acc has been successfully formatted.
2019-09-25 07:05:24,301 [pool-37-thread-1] INFO  ratis.ContainerStateMachine (ContainerStateMachine.java:loadSnapshot(230)) - group-C95E056A4ACC: The snapshot info is null. Setting the last applied indexto:(t:0, i:~)
2019-09-25 07:05:24,301 [pool-37-thread-1] INFO  server.RaftServerConfigKeys (ConfUtils.java:logGet(43)) - raft.server.notification.no-leader.timeout = 120s (custom)
2019-09-25 07:05:24,301 [pool-37-thread-1] INFO  server.RaftServerConfigKeys (ConfUtils.java:logGet(43)) - raft.server.log.use.memory = false (default)
2019-09-25 07:05:24,301 [pool-37-thread-1] INFO  server.RaftServerConfigKeys (ConfUtils.java:logGet(43)) - raft.server.log.purge.gap = 1000000 (custom)
2019-09-25 07:05:24,301 [pool-37-thread-1] INFO  server.RaftServerConfigKeys (ConfUtils.java:logGet(43)) - raft.server.log.appender.buffer.byte-limit = 33554432 (custom)
2019-09-25 07:05:24,301 [pool-37-thread-1] INFO  server.RaftServerConfigKeys (ConfUtils.java:logGet(43)) - raft.server.log.segment.size.max = 1048576 (custom)
2019-09-25 07:05:24,302 [pool-37-thread-1] INFO  server.RaftServerConfigKeys (ConfUtils.java:logGet(43)) - raft.server.log.segment.cache.num.max = 2 (custom)
2019-09-25 07:05:24,302 [pool-37-thread-1] INFO  segmented.SegmentedRaftLogWorker (SegmentedRaftLogWorker.java:<init>(172)) - new 62ec8eb9-3ae9-4136-b70a-2caf3716fa7f@group-C95E056A4ACC-SegmentedRaftLogWorker for RaftStorage:Storage Directory /workdir/hadoop-ozone/integration-test/target/test-dir/MiniOzoneClusterImpl-39af9574-7a8b-4ed7-b830-bf686a3d4bb8/datanode-1/data/ratis/e59f400c-88ca-4532-88e2-c95e056a4acc
2019-09-25 07:05:24,302 [pool-37-thread-1] INFO  server.RaftServerConfigKeys (ConfUtils.java:logGet(43)) - raft.server.log.queue.byte-limit = 2147483647 (custom)
2019-09-25 07:05:24,302 [pool-37-thread-1] INFO  server.RaftServerConfigKeys (ConfUtils.java:logGet(43)) - raft.server.log.queue.element-limit = 1024 (custom)
2019-09-25 07:05:24,302 [pool-37-thread-1] INFO  server.RaftServerConfigKeys (ConfUtils.java:logGet(43)) - raft.server.log.segment.size.max = 1048576 (custom)
2019-09-25 07:05:24,302 [pool-37-thread-1] INFO  server.RaftServerConfigKeys (ConfUtils.java:logGet(43)) - raft.server.log.preallocated.size = 16384 (custom)
2019-09-25 07:05:24,302 [pool-37-thread-1] INFO  server.RaftServerConfigKeys (ConfUtils.java:logGet(43)) - raft.server.log.write.buffer.size = 33554432 (custom)
2019-09-25 07:05:24,302 [pool-37-thread-1] INFO  server.RaftServerConfigKeys (ConfUtils.java:logGet(43)) - raft.server.log.force.sync.num = 128 (default)
2019-09-25 07:05:24,303 [pool-37-thread-1] INFO  server.RaftServerConfigKeys (ConfUtils.java:logGet(43)) - raft.server.log.statemachine.data.sync = true (default)
2019-09-25 07:05:24,303 [pool-37-thread-1] INFO  server.RaftServerConfigKeys (ConfUtils.java:logGet(43)) - raft.server.log.statemachine.data.sync.timeout = 10s (default)
2019-09-25 07:05:24,303 [pool-37-thread-1] INFO  server.RaftServerConfigKeys (ConfUtils.java:logGet(43)) - raft.server.log.statemachine.data.sync.timeout.retry = -1 (default)
2019-09-25 07:05:24,303 [pool-37-thread-1] INFO  server.RaftServerConfigKeys (ConfUtils.java:logGet(43)) - raft.server.log.statemachine.data.caching.enabled = true (custom)
2019-09-25 07:05:24,303 [pool-37-thread-1] INFO  segmented.SegmentedRaftLogWorker (SegmentedRaftLogWorker.java:lambda$new$0(132)) - 62ec8eb9-3ae9-4136-b70a-2caf3716fa7f@group-C95E056A4ACC-SegmentedRaftLogWorker: flushIndex: setUnconditionally 0 -> -1
2019-09-25 07:05:24,303 [pool-37-thread-1] INFO  server.RaftServerConfigKeys (ConfUtils.java:logGet(43)) - raft.server.snapshot.auto.trigger.enabled = true (custom)
2019-09-25 07:05:24,304 [pool-37-thread-1] INFO  server.RaftServerConfigKeys (ConfUtils.java:logGet(43)) - raft.server.snapshot.auto.trigger.threshold = 10000 (custom)
2019-09-25 07:05:24,304 [pool-37-thread-1] INFO  server.RaftServerConfigKeys (ConfUtils.java:logGet(43)) - raft.server.snapshot.retention.num.files = 5 (custom)
2019-09-25 07:05:24,304 [pool-37-thread-1] INFO  server.RaftServerConfigKeys (ConfUtils.java:logGet(43)) - raft.server.retrycache.expirytime = 600000ms (custom)
2019-09-25 07:05:24,305 [pool-37-thread-1] INFO  impl.RaftServerImpl (RaftServerImpl.java:start(185)) - 62ec8eb9-3ae9-4136-b70a-2caf3716fa7f@group-C95E056A4ACC: start as a follower, conf=-1: [62ec8eb9-3ae9-4136-b70a-2caf3716fa7f:192.168.30.10:44715], old=null
2019-09-25 07:05:24,305 [pool-37-thread-1] INFO  impl.RaftServerImpl (RaftServerImpl.java:setRole(174)) - 62ec8eb9-3ae9-4136-b70a-2caf3716fa7f@group-C95E056A4ACC: changes role from      null to FOLLOWER at term 0 for startAsFollower
2019-09-25 07:05:24,306 [pool-37-thread-1] INFO  impl.RoleInfo (RoleInfo.java:updateAndGet(143)) - 62ec8eb9-3ae9-4136-b70a-2caf3716fa7f: start FollowerState
2019-09-25 07:05:24,306 [pool-37-thread-1] INFO  util.JmxRegister (JmxRegister.java:tryRegister(44)) - Successfully registered JMX Bean with object name Ratis:service=RaftServer,group=group-C95E056A4ACC,id=62ec8eb9-3ae9-4136-b70a-2caf3716fa7f
2019-09-25 07:05:24,308 [RatisPipelineUtilsThread] INFO  pipeline.PipelineStateManager (PipelineStateManager.java:addPipeline(56)) - Created pipeline Pipeline[ Id: e59f400c-88ca-4532-88e2-c95e056a4acc, Nodes: 62ec8eb9-3ae9-4136-b70a-2caf3716fa7f{ip: 192.168.30.10, host: pr-hdds-1569-s62bp-3040748787, networkLocation: /default-rack, certSerialId: null}, Type:RATIS, Factor:ONE, State:OPEN]
2019-09-25 07:05:24,311 [grpc-default-executor-5] INFO  impl.RaftServerProxy (RaftServerProxy.java:addNew(89)) - 62ec8eb9-3ae9-4136-b70a-2caf3716fa7f: addNew group-018DCFEB47B2:[62ec8eb9-3ae9-4136-b70a-2caf3716fa7f:192.168.30.10:44715] returns group-018DCFEB47B2:java.util.concurrent.CompletableFuture@125546a8[Not completed]
2019-09-25 07:05:24,311 [pool-37-thread-1] INFO  impl.RaftServerImpl (RaftServerImpl.java:<init>(95)) - 62ec8eb9-3ae9-4136-b70a-2caf3716fa7f: new RaftServerImpl for group-018DCFEB47B2:[62ec8eb9-3ae9-4136-b70a-2caf3716fa7f:192.168.30.10:44715] with ContainerStateMachine:uninitialized
2019-09-25 07:05:24,311 [pool-37-thread-1] INFO  server.RaftServerConfigKeys (ConfUtils.java:logGet(43)) - raft.server.rpc.timeout.min = 5s (custom)
2019-09-25 07:05:24,312 [pool-37-thread-1] INFO  server.RaftServerConfigKeys (ConfUtils.java:logGet(43)) - raft.server.rpc.timeout.max = 5200ms (custom)
2019-09-25 07:05:24,312 [pool-37-thread-1] INFO  server.RaftServerConfigKeys (ConfUtils.java:logGet(43)) - raft.server.rpcslowness.timeout = 120s (custom)
2019-09-25 07:05:24,312 [pool-37-thread-1] INFO  server.RaftServerConfigKeys (ConfUtils.java:logGet(43)) - raft.server.sleep.deviation.threshold = 300 (default)
2019-09-25 07:05:24,312 [pool-37-thread-1] INFO  server.RaftServerConfigKeys (ConfUtils.java:logGet(43)) - raft.server.log.appender.install.snapshot.enabled = false (custom)
2019-09-25 07:05:24,312 [pool-37-thread-1] INFO  impl.RaftServerImpl (ServerState.java:<init>(103)) - 62ec8eb9-3ae9-4136-b70a-2caf3716fa7f@group-018DCFEB47B2: ConfigurationManager, init=-1: [62ec8eb9-3ae9-4136-b70a-2caf3716fa7f:192.168.30.10:44715], old=null, confs=<EMPTY_MAP>
2019-09-25 07:05:24,312 [pool-37-thread-1] INFO  server.RaftServerConfigKeys (ConfUtils.java:logGet(43)) - raft.server.storage.dir = [/workdir/hadoop-ozone/integration-test/target/test-dir/MiniOzoneClusterImpl-39af9574-7a8b-4ed7-b830-bf686a3d4bb8/datanode-1/data/ratis] (custom)
2019-09-25 07:05:24,313 [pool-37-thread-1] INFO  storage.RaftStorageDirectory (RaftStorageDirectory.java:analyzeStorage(246)) - The storage directory /workdir/hadoop-ozone/integration-test/target/test-dir/MiniOzoneClusterImpl-39af9574-7a8b-4ed7-b830-bf686a3d4bb8/datanode-1/data/ratis/ced9dbff-8b08-43cf-bcca-018dcfeb47b2 does not exist. Creating ...
2019-09-25 07:05:24,326 [pool-37-thread-1] INFO  storage.RaftStorageDirectory (RaftStorageDirectory.java:tryLock(328)) - Lock on /workdir/hadoop-ozone/integration-test/target/test-dir/MiniOzoneClusterImpl-39af9574-7a8b-4ed7-b830-bf686a3d4bb8/datanode-1/data/ratis/ced9dbff-8b08-43cf-bcca-018dcfeb47b2/in_use.lock acquired by nodename 19495@pr-hdds-1569-s62bp-3040748787
2019-09-25 07:05:24,339 [pool-37-thread-1] INFO  storage.RaftStorage (RaftStorage.java:format(72)) - Storage directory /workdir/hadoop-ozone/integration-test/target/test-dir/MiniOzoneClusterImpl-39af9574-7a8b-4ed7-b830-bf686a3d4bb8/datanode-1/data/ratis/ced9dbff-8b08-43cf-bcca-018dcfeb47b2 has been successfully formatted.
2019-09-25 07:05:24,339 [pool-37-thread-1] INFO  ratis.ContainerStateMachine (ContainerStateMachine.java:loadSnapshot(230)) - group-018DCFEB47B2: The snapshot info is null. Setting the last applied indexto:(t:0, i:~)
2019-09-25 07:05:24,339 [pool-37-thread-1] INFO  server.RaftServerConfigKeys (ConfUtils.java:logGet(43)) - raft.server.notification.no-leader.timeout = 120s (custom)
2019-09-25 07:05:24,339 [pool-37-thread-1] INFO  server.RaftServerConfigKeys (ConfUtils.java:logGet(43)) - raft.server.log.use.memory = false (default)
2019-09-25 07:05:24,339 [pool-37-thread-1] INFO  server.RaftServerConfigKeys (ConfUtils.java:logGet(43)) - raft.server.log.purge.gap = 1000000 (custom)
2019-09-25 07:05:24,340 [pool-37-thread-1] INFO  server.RaftServerConfigKeys (ConfUtils.java:logGet(43)) - raft.server.log.appender.buffer.byte-limit = 33554432 (custom)
2019-09-25 07:05:24,340 [pool-37-thread-1] INFO  server.RaftServerConfigKeys (ConfUtils.java:logGet(43)) - raft.server.log.segment.size.max = 1048576 (custom)
2019-09-25 07:05:24,340 [pool-37-thread-1] INFO  server.RaftServerConfigKeys (ConfUtils.java:logGet(43)) - raft.server.log.segment.cache.num.max = 2 (custom)
2019-09-25 07:05:24,340 [pool-37-thread-1] INFO  segmented.SegmentedRaftLogWorker (SegmentedRaftLogWorker.java:<init>(172)) - new 62ec8eb9-3ae9-4136-b70a-2caf3716fa7f@group-018DCFEB47B2-SegmentedRaftLogWorker for RaftStorage:Storage Directory /workdir/hadoop-ozone/integration-test/target/test-dir/MiniOzoneClusterImpl-39af9574-7a8b-4ed7-b830-bf686a3d4bb8/datanode-1/data/ratis/ced9dbff-8b08-43cf-bcca-018dcfeb47b2
2019-09-25 07:05:24,340 [pool-37-thread-1] INFO  server.RaftServerConfigKeys (ConfUtils.java:logGet(43)) - raft.server.log.queue.byte-limit = 2147483647 (custom)
2019-09-25 07:05:24,340 [pool-37-thread-1] INFO  server.RaftServerConfigKeys (ConfUtils.java:logGet(43)) - raft.server.log.queue.element-limit = 1024 (custom)
2019-09-25 07:05:24,340 [pool-37-thread-1] INFO  server.RaftServerConfigKeys (ConfUtils.java:logGet(43)) - raft.server.log.segment.size.max = 1048576 (custom)
2019-09-25 07:05:24,340 [pool-37-thread-1] INFO  server.RaftServerConfigKeys (ConfUtils.java:logGet(43)) - raft.server.log.preallocated.size = 16384 (custom)
2019-09-25 07:05:24,341 [pool-37-thread-1] INFO  server.RaftServerConfigKeys (ConfUtils.java:logGet(43)) - raft.server.log.write.buffer.size = 33554432 (custom)
2019-09-25 07:05:24,341 [pool-37-thread-1] INFO  server.RaftServerConfigKeys (ConfUtils.java:logGet(43)) - raft.server.log.force.sync.num = 128 (default)
2019-09-25 07:05:24,341 [pool-37-thread-1] INFO  server.RaftServerConfigKeys (ConfUtils.java:logGet(43)) - raft.server.log.statemachine.data.sync = true (default)
2019-09-25 07:05:24,341 [pool-37-thread-1] INFO  server.RaftServerConfigKeys (ConfUtils.java:logGet(43)) - raft.server.log.statemachine.data.sync.timeout = 10s (default)
2019-09-25 07:05:24,341 [pool-37-thread-1] INFO  server.RaftServerConfigKeys (ConfUtils.java:logGet(43)) - raft.server.log.statemachine.data.sync.timeout.retry = -1 (default)
2019-09-25 07:05:24,341 [pool-37-thread-1] INFO  server.RaftServerConfigKeys (ConfUtils.java:logGet(43)) - raft.server.log.statemachine.data.caching.enabled = true (custom)
2019-09-25 07:05:24,341 [pool-37-thread-1] INFO  segmented.SegmentedRaftLogWorker (SegmentedRaftLogWorker.java:lambda$new$0(132)) - 62ec8eb9-3ae9-4136-b70a-2caf3716fa7f@group-018DCFEB47B2-SegmentedRaftLogWorker: flushIndex: setUnconditionally 0 -> -1
2019-09-25 07:05:24,342 [pool-37-thread-1] INFO  server.RaftServerConfigKeys (ConfUtils.java:logGet(43)) - raft.server.snapshot.auto.trigger.enabled = true (custom)
2019-09-25 07:05:24,342 [pool-37-thread-1] INFO  server.RaftServerConfigKeys (ConfUtils.java:logGet(43)) - raft.server.snapshot.auto.trigger.threshold = 10000 (custom)
2019-09-25 07:05:24,342 [pool-37-thread-1] INFO  server.RaftServerConfigKeys (ConfUtils.java:logGet(43)) - raft.server.snapshot.retention.num.files = 5 (custom)
2019-09-25 07:05:24,342 [pool-37-thread-1] INFO  server.RaftServerConfigKeys (ConfUtils.java:logGet(43)) - raft.server.retrycache.expirytime = 600000ms (custom)
2019-09-25 07:05:24,343 [pool-37-thread-1] INFO  impl.RaftServerImpl (RaftServerImpl.java:start(185)) - 62ec8eb9-3ae9-4136-b70a-2caf3716fa7f@group-018DCFEB47B2: start as a follower, conf=-1: [62ec8eb9-3ae9-4136-b70a-2caf3716fa7f:192.168.30.10:44715], old=null
2019-09-25 07:05:24,343 [pool-37-thread-1] INFO  impl.RaftServerImpl (RaftServerImpl.java:setRole(174)) - 62ec8eb9-3ae9-4136-b70a-2caf3716fa7f@group-018DCFEB47B2: changes role from      null to FOLLOWER at term 0 for startAsFollower
2019-09-25 07:05:24,344 [pool-37-thread-1] INFO  impl.RoleInfo (RoleInfo.java:updateAndGet(143)) - 62ec8eb9-3ae9-4136-b70a-2caf3716fa7f: start FollowerState
2019-09-25 07:05:24,344 [pool-37-thread-1] INFO  util.JmxRegister (JmxRegister.java:tryRegister(44)) - Successfully registered JMX Bean with object name Ratis:service=RaftServer,group=group-018DCFEB47B2,id=62ec8eb9-3ae9-4136-b70a-2caf3716fa7f
2019-09-25 07:05:24,346 [RatisPipelineUtilsThread] INFO  pipeline.PipelineStateManager (PipelineStateManager.java:addPipeline(56)) - Created pipeline Pipeline[ Id: ced9dbff-8b08-43cf-bcca-018dcfeb47b2, Nodes: 62ec8eb9-3ae9-4136-b70a-2caf3716fa7f{ip: 192.168.30.10, host: pr-hdds-1569-s62bp-3040748787, networkLocation: /default-rack, certSerialId: null}, Type:RATIS, Factor:ONE, State:OPEN]
2019-09-25 07:05:24,349 [grpc-default-executor-5] INFO  impl.RaftServerProxy (RaftServerProxy.java:addNew(89)) - e568d23f-199e-48ce-91e4-5c166e2e97cd: addNew group-CDDACB40ABB9:[e568d23f-199e-48ce-91e4-5c166e2e97cd:192.168.30.10:42827] returns group-CDDACB40ABB9:java.util.concurrent.CompletableFuture@5e946b84[Not completed]
2019-09-25 07:05:24,350 [pool-27-thread-1] INFO  impl.RaftServerImpl (RaftServerImpl.java:<init>(95)) - e568d23f-199e-48ce-91e4-5c166e2e97cd: new RaftServerImpl for group-CDDACB40ABB9:[e568d23f-199e-48ce-91e4-5c166e2e97cd:192.168.30.10:42827] with ContainerStateMachine:uninitialized
2019-09-25 07:05:24,350 [pool-27-thread-1] INFO  server.RaftServerConfigKeys (ConfUtils.java:logGet(43)) - raft.server.rpc.timeout.min = 5s (custom)
2019-09-25 07:05:24,350 [pool-27-thread-1] INFO  server.RaftServerConfigKeys (ConfUtils.java:logGet(43)) - raft.server.rpc.timeout.max = 5200ms (custom)
2019-09-25 07:05:24,350 [pool-27-thread-1] INFO  server.RaftServerConfigKeys (ConfUtils.java:logGet(43)) - raft.server.rpcslowness.timeout = 120s (custom)
2019-09-25 07:05:24,350 [pool-27-thread-1] INFO  server.RaftServerConfigKeys (ConfUtils.java:logGet(43)) - raft.server.sleep.deviation.threshold = 300 (default)
2019-09-25 07:05:24,350 [pool-27-thread-1] INFO  server.RaftServerConfigKeys (ConfUtils.java:logGet(43)) - raft.server.log.appender.install.snapshot.enabled = false (custom)
2019-09-25 07:05:24,350 [pool-27-thread-1] INFO  impl.RaftServerImpl (ServerState.java:<init>(103)) - e568d23f-199e-48ce-91e4-5c166e2e97cd@group-CDDACB40ABB9: ConfigurationManager, init=-1: [e568d23f-199e-48ce-91e4-5c166e2e97cd:192.168.30.10:42827], old=null, confs=<EMPTY_MAP>
2019-09-25 07:05:24,350 [pool-27-thread-1] INFO  server.RaftServerConfigKeys (ConfUtils.java:logGet(43)) - raft.server.storage.dir = [/workdir/hadoop-ozone/integration-test/target/test-dir/MiniOzoneClusterImpl-39af9574-7a8b-4ed7-b830-bf686a3d4bb8/datanode-0/data/ratis] (custom)
2019-09-25 07:05:24,351 [pool-27-thread-1] INFO  storage.RaftStorageDirectory (RaftStorageDirectory.java:analyzeStorage(246)) - The storage directory /workdir/hadoop-ozone/integration-test/target/test-dir/MiniOzoneClusterImpl-39af9574-7a8b-4ed7-b830-bf686a3d4bb8/datanode-0/data/ratis/1e8f6539-ee16-4750-85f0-cddacb40abb9 does not exist. Creating ...
2019-09-25 07:05:24,363 [pool-27-thread-1] INFO  storage.RaftStorageDirectory (RaftStorageDirectory.java:tryLock(328)) - Lock on /workdir/hadoop-ozone/integration-test/target/test-dir/MiniOzoneClusterImpl-39af9574-7a8b-4ed7-b830-bf686a3d4bb8/datanode-0/data/ratis/1e8f6539-ee16-4750-85f0-cddacb40abb9/in_use.lock acquired by nodename 19495@pr-hdds-1569-s62bp-3040748787
2019-09-25 07:05:24,378 [pool-27-thread-1] INFO  storage.RaftStorage (RaftStorage.java:format(72)) - Storage directory /workdir/hadoop-ozone/integration-test/target/test-dir/MiniOzoneClusterImpl-39af9574-7a8b-4ed7-b830-bf686a3d4bb8/datanode-0/data/ratis/1e8f6539-ee16-4750-85f0-cddacb40abb9 has been successfully formatted.
2019-09-25 07:05:24,378 [pool-27-thread-1] INFO  ratis.ContainerStateMachine (ContainerStateMachine.java:loadSnapshot(230)) - group-CDDACB40ABB9: The snapshot info is null. Setting the last applied indexto:(t:0, i:~)
2019-09-25 07:05:24,378 [pool-27-thread-1] INFO  server.RaftServerConfigKeys (ConfUtils.java:logGet(43)) - raft.server.notification.no-leader.timeout = 120s (custom)
2019-09-25 07:05:24,378 [pool-27-thread-1] INFO  server.RaftServerConfigKeys (ConfUtils.java:logGet(43)) - raft.server.log.use.memory = false (default)
2019-09-25 07:05:24,378 [pool-27-thread-1] INFO  server.RaftServerConfigKeys (ConfUtils.java:logGet(43)) - raft.server.log.purge.gap = 1000000 (custom)
2019-09-25 07:05:24,378 [pool-27-thread-1] INFO  server.RaftServerConfigKeys (ConfUtils.java:logGet(43)) - raft.server.log.appender.buffer.byte-limit = 33554432 (custom)
2019-09-25 07:05:24,378 [pool-27-thread-1] INFO  server.RaftServerConfigKeys (ConfUtils.java:logGet(43)) - raft.server.log.segment.size.max = 1048576 (custom)
2019-09-25 07:05:24,379 [pool-27-thread-1] INFO  server.RaftServerConfigKeys (ConfUtils.java:logGet(43)) - raft.server.log.segment.cache.num.max = 2 (custom)
2019-09-25 07:05:24,379 [pool-27-thread-1] INFO  segmented.SegmentedRaftLogWorker (SegmentedRaftLogWorker.java:<init>(172)) - new e568d23f-199e-48ce-91e4-5c166e2e97cd@group-CDDACB40ABB9-SegmentedRaftLogWorker for RaftStorage:Storage Directory /workdir/hadoop-ozone/integration-test/target/test-dir/MiniOzoneClusterImpl-39af9574-7a8b-4ed7-b830-bf686a3d4bb8/datanode-0/data/ratis/1e8f6539-ee16-4750-85f0-cddacb40abb9
2019-09-25 07:05:24,379 [pool-27-thread-1] INFO  server.RaftServerConfigKeys (ConfUtils.java:logGet(43)) - raft.server.log.queue.byte-limit = 2147483647 (custom)
2019-09-25 07:05:24,379 [pool-27-thread-1] INFO  server.RaftServerConfigKeys (ConfUtils.java:logGet(43)) - raft.server.log.queue.element-limit = 1024 (custom)
2019-09-25 07:05:24,379 [pool-27-thread-1] INFO  server.RaftServerConfigKeys (ConfUtils.java:logGet(43)) - raft.server.log.segment.size.max = 1048576 (custom)
2019-09-25 07:05:24,379 [pool-27-thread-1] INFO  server.RaftServerConfigKeys (ConfUtils.java:logGet(43)) - raft.server.log.preallocated.size = 16384 (custom)
2019-09-25 07:05:24,379 [pool-27-thread-1] INFO  server.RaftServerConfigKeys (ConfUtils.java:logGet(43)) - raft.server.log.write.buffer.size = 33554432 (custom)
2019-09-25 07:05:24,379 [pool-27-thread-1] INFO  server.RaftServerConfigKeys (ConfUtils.java:logGet(43)) - raft.server.log.force.sync.num = 128 (default)
2019-09-25 07:05:24,379 [pool-27-thread-1] INFO  server.RaftServerConfigKeys (ConfUtils.java:logGet(43)) - raft.server.log.statemachine.data.sync = true (default)
2019-09-25 07:05:24,380 [pool-27-thread-1] INFO  server.RaftServerConfigKeys (ConfUtils.java:logGet(43)) - raft.server.log.statemachine.data.sync.timeout = 10s (default)
2019-09-25 07:05:24,380 [pool-27-thread-1] INFO  server.RaftServerConfigKeys (ConfUtils.java:logGet(43)) - raft.server.log.statemachine.data.sync.timeout.retry = -1 (default)
2019-09-25 07:05:24,380 [pool-27-thread-1] INFO  server.RaftServerConfigKeys (ConfUtils.java:logGet(43)) - raft.server.log.statemachine.data.caching.enabled = true (custom)
2019-09-25 07:05:24,380 [pool-27-thread-1] INFO  segmented.SegmentedRaftLogWorker (SegmentedRaftLogWorker.java:lambda$new$0(132)) - e568d23f-199e-48ce-91e4-5c166e2e97cd@group-CDDACB40ABB9-SegmentedRaftLogWorker: flushIndex: setUnconditionally 0 -> -1
2019-09-25 07:05:24,380 [pool-27-thread-1] INFO  server.RaftServerConfigKeys (ConfUtils.java:logGet(43)) - raft.server.snapshot.auto.trigger.enabled = true (custom)
2019-09-25 07:05:24,381 [pool-27-thread-1] INFO  server.RaftServerConfigKeys (ConfUtils.java:logGet(43)) - raft.server.snapshot.auto.trigger.threshold = 10000 (custom)
2019-09-25 07:05:24,381 [pool-27-thread-1] INFO  server.RaftServerConfigKeys (ConfUtils.java:logGet(43)) - raft.server.snapshot.retention.num.files = 5 (custom)
2019-09-25 07:05:24,381 [pool-27-thread-1] INFO  server.RaftServerConfigKeys (ConfUtils.java:logGet(43)) - raft.server.retrycache.expirytime = 600000ms (custom)
2019-09-25 07:05:24,382 [pool-27-thread-1] INFO  impl.RaftServerImpl (RaftServerImpl.java:start(185)) - e568d23f-199e-48ce-91e4-5c166e2e97cd@group-CDDACB40ABB9: start as a follower, conf=-1: [e568d23f-199e-48ce-91e4-5c166e2e97cd:192.168.30.10:42827], old=null
2019-09-25 07:05:24,382 [pool-27-thread-1] INFO  impl.RaftServerImpl (RaftServerImpl.java:setRole(174)) - e568d23f-199e-48ce-91e4-5c166e2e97cd@group-CDDACB40ABB9: changes role from      null to FOLLOWER at term 0 for startAsFollower
2019-09-25 07:05:24,382 [pool-27-thread-1] INFO  impl.RoleInfo (RoleInfo.java:updateAndGet(143)) - e568d23f-199e-48ce-91e4-5c166e2e97cd: start FollowerState
2019-09-25 07:05:24,383 [pool-27-thread-1] INFO  util.JmxRegister (JmxRegister.java:tryRegister(44)) - Successfully registered JMX Bean with object name Ratis:service=RaftServer,group=group-CDDACB40ABB9,id=e568d23f-199e-48ce-91e4-5c166e2e97cd
2019-09-25 07:05:24,384 [RatisPipelineUtilsThread] INFO  pipeline.PipelineStateManager (PipelineStateManager.java:addPipeline(56)) - Created pipeline Pipeline[ Id: 1e8f6539-ee16-4750-85f0-cddacb40abb9, Nodes: e568d23f-199e-48ce-91e4-5c166e2e97cd{ip: 192.168.30.10, host: pr-hdds-1569-s62bp-3040748787, networkLocation: /default-rack, certSerialId: null}, Type:RATIS, Factor:ONE, State:OPEN]
2019-09-25 07:05:24,388 [grpc-default-executor-5] INFO  impl.RaftServerProxy (RaftServerProxy.java:addNew(89)) - 24bf2945-a329-4da6-aaf2-23ecd8d462c6: addNew group-67BCA9636442:[24bf2945-a329-4da6-aaf2-23ecd8d462c6:192.168.30.10:42867] returns group-67BCA9636442:java.util.concurrent.CompletableFuture@501bdbd6[Not completed]
2019-09-25 07:05:24,389 [pool-47-thread-1] INFO  impl.RaftServerImpl (RaftServerImpl.java:<init>(95)) - 24bf2945-a329-4da6-aaf2-23ecd8d462c6: new RaftServerImpl for group-67BCA9636442:[24bf2945-a329-4da6-aaf2-23ecd8d462c6:192.168.30.10:42867] with ContainerStateMachine:uninitialized
2019-09-25 07:05:24,389 [pool-47-thread-1] INFO  server.RaftServerConfigKeys (ConfUtils.java:logGet(43)) - raft.server.rpc.timeout.min = 5s (custom)
2019-09-25 07:05:24,390 [pool-47-thread-1] INFO  server.RaftServerConfigKeys (ConfUtils.java:logGet(43)) - raft.server.rpc.timeout.max = 5200ms (custom)
2019-09-25 07:05:24,390 [pool-47-thread-1] INFO  server.RaftServerConfigKeys (ConfUtils.java:logGet(43)) - raft.server.rpcslowness.timeout = 120s (custom)
2019-09-25 07:05:24,390 [pool-47-thread-1] INFO  server.RaftServerConfigKeys (ConfUtils.java:logGet(43)) - raft.server.sleep.deviation.threshold = 300 (default)
2019-09-25 07:05:24,390 [pool-47-thread-1] INFO  server.RaftServerConfigKeys (ConfUtils.java:logGet(43)) - raft.server.log.appender.install.snapshot.enabled = false (custom)
2019-09-25 07:05:24,390 [pool-47-thread-1] INFO  impl.RaftServerImpl (ServerState.java:<init>(103)) - 24bf2945-a329-4da6-aaf2-23ecd8d462c6@group-67BCA9636442: ConfigurationManager, init=-1: [24bf2945-a329-4da6-aaf2-23ecd8d462c6:192.168.30.10:42867], old=null, confs=<EMPTY_MAP>
2019-09-25 07:05:24,390 [pool-47-thread-1] INFO  server.RaftServerConfigKeys (ConfUtils.java:logGet(43)) - raft.server.storage.dir = [/workdir/hadoop-ozone/integration-test/target/test-dir/MiniOzoneClusterImpl-39af9574-7a8b-4ed7-b830-bf686a3d4bb8/datanode-2/data/ratis] (custom)
2019-09-25 07:05:24,391 [pool-47-thread-1] INFO  storage.RaftStorageDirectory (RaftStorageDirectory.java:analyzeStorage(246)) - The storage directory /workdir/hadoop-ozone/integration-test/target/test-dir/MiniOzoneClusterImpl-39af9574-7a8b-4ed7-b830-bf686a3d4bb8/datanode-2/data/ratis/ea50dbf3-0b51-42f1-b8d4-67bca9636442 does not exist. Creating ...
2019-09-25 07:05:24,405 [pool-47-thread-1] INFO  storage.RaftStorageDirectory (RaftStorageDirectory.java:tryLock(328)) - Lock on /workdir/hadoop-ozone/integration-test/target/test-dir/MiniOzoneClusterImpl-39af9574-7a8b-4ed7-b830-bf686a3d4bb8/datanode-2/data/ratis/ea50dbf3-0b51-42f1-b8d4-67bca9636442/in_use.lock acquired by nodename 19495@pr-hdds-1569-s62bp-3040748787
2019-09-25 07:05:24,420 [pool-47-thread-1] INFO  storage.RaftStorage (RaftStorage.java:format(72)) - Storage directory /workdir/hadoop-ozone/integration-test/target/test-dir/MiniOzoneClusterImpl-39af9574-7a8b-4ed7-b830-bf686a3d4bb8/datanode-2/data/ratis/ea50dbf3-0b51-42f1-b8d4-67bca9636442 has been successfully formatted.
2019-09-25 07:05:24,420 [pool-47-thread-1] INFO  ratis.ContainerStateMachine (ContainerStateMachine.java:loadSnapshot(230)) - group-67BCA9636442: The snapshot info is null. Setting the last applied indexto:(t:0, i:~)
2019-09-25 07:05:24,420 [pool-47-thread-1] INFO  server.RaftServerConfigKeys (ConfUtils.java:logGet(43)) - raft.server.notification.no-leader.timeout = 120s (custom)
2019-09-25 07:05:24,421 [pool-47-thread-1] INFO  server.RaftServerConfigKeys (ConfUtils.java:logGet(43)) - raft.server.log.use.memory = false (default)
2019-09-25 07:05:24,421 [pool-47-thread-1] INFO  server.RaftServerConfigKeys (ConfUtils.java:logGet(43)) - raft.server.log.purge.gap = 1000000 (custom)
2019-09-25 07:05:24,421 [pool-47-thread-1] INFO  server.RaftServerConfigKeys (ConfUtils.java:logGet(43)) - raft.server.log.appender.buffer.byte-limit = 33554432 (custom)
2019-09-25 07:05:24,421 [pool-47-thread-1] INFO  server.RaftServerConfigKeys (ConfUtils.java:logGet(43)) - raft.server.log.segment.size.max = 1048576 (custom)
2019-09-25 07:05:24,421 [pool-47-thread-1] INFO  server.RaftServerConfigKeys (ConfUtils.java:logGet(43)) - raft.server.log.segment.cache.num.max = 2 (custom)
2019-09-25 07:05:24,421 [pool-47-thread-1] INFO  segmented.SegmentedRaftLogWorker (SegmentedRaftLogWorker.java:<init>(172)) - new 24bf2945-a329-4da6-aaf2-23ecd8d462c6@group-67BCA9636442-SegmentedRaftLogWorker for RaftStorage:Storage Directory /workdir/hadoop-ozone/integration-test/target/test-dir/MiniOzoneClusterImpl-39af9574-7a8b-4ed7-b830-bf686a3d4bb8/datanode-2/data/ratis/ea50dbf3-0b51-42f1-b8d4-67bca9636442
2019-09-25 07:05:24,421 [pool-47-thread-1] INFO  server.RaftServerConfigKeys (ConfUtils.java:logGet(43)) - raft.server.log.queue.byte-limit = 2147483647 (custom)
2019-09-25 07:05:24,422 [pool-47-thread-1] INFO  server.RaftServerConfigKeys (ConfUtils.java:logGet(43)) - raft.server.log.queue.element-limit = 1024 (custom)
2019-09-25 07:05:24,422 [pool-47-thread-1] INFO  server.RaftServerConfigKeys (ConfUtils.java:logGet(43)) - raft.server.log.segment.size.max = 1048576 (custom)
2019-09-25 07:05:24,422 [pool-47-thread-1] INFO  server.RaftServerConfigKeys (ConfUtils.java:logGet(43)) - raft.server.log.preallocated.size = 16384 (custom)
2019-09-25 07:05:24,422 [pool-47-thread-1] INFO  server.RaftServerConfigKeys (ConfUtils.java:logGet(43)) - raft.server.log.write.buffer.size = 33554432 (custom)
2019-09-25 07:05:24,422 [pool-47-thread-1] INFO  server.RaftServerConfigKeys (ConfUtils.java:logGet(43)) - raft.server.log.force.sync.num = 128 (default)
2019-09-25 07:05:24,422 [pool-47-thread-1] INFO  server.RaftServerConfigKeys (ConfUtils.java:logGet(43)) - raft.server.log.statemachine.data.sync = true (default)
2019-09-25 07:05:24,422 [pool-47-thread-1] INFO  server.RaftServerConfigKeys (ConfUtils.java:logGet(43)) - raft.server.log.statemachine.data.sync.timeout = 10s (default)
2019-09-25 07:05:24,423 [pool-47-thread-1] INFO  server.RaftServerConfigKeys (ConfUtils.java:logGet(43)) - raft.server.log.statemachine.data.sync.timeout.retry = -1 (default)
2019-09-25 07:05:24,423 [pool-47-thread-1] INFO  server.RaftServerConfigKeys (ConfUtils.java:logGet(43)) - raft.server.log.statemachine.data.caching.enabled = true (custom)
2019-09-25 07:05:24,423 [pool-47-thread-1] INFO  segmented.SegmentedRaftLogWorker (SegmentedRaftLogWorker.java:lambda$new$0(132)) - 24bf2945-a329-4da6-aaf2-23ecd8d462c6@group-67BCA9636442-SegmentedRaftLogWorker: flushIndex: setUnconditionally 0 -> -1
2019-09-25 07:05:24,423 [pool-47-thread-1] INFO  server.RaftServerConfigKeys (ConfUtils.java:logGet(43)) - raft.server.snapshot.auto.trigger.enabled = true (custom)
2019-09-25 07:05:24,424 [pool-47-thread-1] INFO  server.RaftServerConfigKeys (ConfUtils.java:logGet(43)) - raft.server.snapshot.auto.trigger.threshold = 10000 (custom)
2019-09-25 07:05:24,424 [pool-47-thread-1] INFO  server.RaftServerConfigKeys (ConfUtils.java:logGet(43)) - raft.server.snapshot.retention.num.files = 5 (custom)
2019-09-25 07:05:24,424 [pool-47-thread-1] INFO  server.RaftServerConfigKeys (ConfUtils.java:logGet(43)) - raft.server.retrycache.expirytime = 600000ms (custom)
2019-09-25 07:05:24,425 [pool-47-thread-1] INFO  impl.RaftServerImpl (RaftServerImpl.java:start(185)) - 24bf2945-a329-4da6-aaf2-23ecd8d462c6@group-67BCA9636442: start as a follower, conf=-1: [24bf2945-a329-4da6-aaf2-23ecd8d462c6:192.168.30.10:42867], old=null
2019-09-25 07:05:24,426 [pool-47-thread-1] INFO  impl.RaftServerImpl (RaftServerImpl.java:setRole(174)) - 24bf2945-a329-4da6-aaf2-23ecd8d462c6@group-67BCA9636442: changes role from      null to FOLLOWER at term 0 for startAsFollower
2019-09-25 07:05:24,426 [pool-47-thread-1] INFO  impl.RoleInfo (RoleInfo.java:updateAndGet(143)) - 24bf2945-a329-4da6-aaf2-23ecd8d462c6: start FollowerState
2019-09-25 07:05:24,426 [pool-47-thread-1] INFO  util.JmxRegister (JmxRegister.java:tryRegister(44)) - Successfully registered JMX Bean with object name Ratis:service=RaftServer,group=group-67BCA9636442,id=24bf2945-a329-4da6-aaf2-23ecd8d462c6
2019-09-25 07:05:24,428 [RatisPipelineUtilsThread] INFO  pipeline.PipelineStateManager (PipelineStateManager.java:addPipeline(56)) - Created pipeline Pipeline[ Id: ea50dbf3-0b51-42f1-b8d4-67bca9636442, Nodes: 24bf2945-a329-4da6-aaf2-23ecd8d462c6{ip: 192.168.30.10, host: pr-hdds-1569-s62bp-3040748787, networkLocation: /default-rack, certSerialId: null}, Type:RATIS, Factor:ONE, State:OPEN]
2019-09-25 07:05:24,432 [grpc-default-executor-5] INFO  impl.RaftServerProxy (RaftServerProxy.java:addNew(89)) - e568d23f-199e-48ce-91e4-5c166e2e97cd: addNew group-5C0F5FC81971:[e568d23f-199e-48ce-91e4-5c166e2e97cd:192.168.30.10:42827] returns group-5C0F5FC81971:java.util.concurrent.CompletableFuture@af4b473[Not completed]
2019-09-25 07:05:24,433 [pool-27-thread-1] INFO  impl.RaftServerImpl (RaftServerImpl.java:<init>(95)) - e568d23f-199e-48ce-91e4-5c166e2e97cd: new RaftServerImpl for group-5C0F5FC81971:[e568d23f-199e-48ce-91e4-5c166e2e97cd:192.168.30.10:42827] with ContainerStateMachine:uninitialized
2019-09-25 07:05:24,434 [pool-27-thread-1] INFO  server.RaftServerConfigKeys (ConfUtils.java:logGet(43)) - raft.server.rpc.timeout.min = 5s (custom)
2019-09-25 07:05:24,434 [pool-27-thread-1] INFO  server.RaftServerConfigKeys (ConfUtils.java:logGet(43)) - raft.server.rpc.timeout.max = 5200ms (custom)
2019-09-25 07:05:24,434 [pool-27-thread-1] INFO  server.RaftServerConfigKeys (ConfUtils.java:logGet(43)) - raft.server.rpcslowness.timeout = 120s (custom)
2019-09-25 07:05:24,434 [pool-27-thread-1] INFO  server.RaftServerConfigKeys (ConfUtils.java:logGet(43)) - raft.server.sleep.deviation.threshold = 300 (default)
2019-09-25 07:05:24,434 [pool-27-thread-1] INFO  server.RaftServerConfigKeys (ConfUtils.java:logGet(43)) - raft.server.log.appender.install.snapshot.enabled = false (custom)
2019-09-25 07:05:24,434 [pool-27-thread-1] INFO  impl.RaftServerImpl (ServerState.java:<init>(103)) - e568d23f-199e-48ce-91e4-5c166e2e97cd@group-5C0F5FC81971: ConfigurationManager, init=-1: [e568d23f-199e-48ce-91e4-5c166e2e97cd:192.168.30.10:42827], old=null, confs=<EMPTY_MAP>
2019-09-25 07:05:24,434 [pool-27-thread-1] INFO  server.RaftServerConfigKeys (ConfUtils.java:logGet(43)) - raft.server.storage.dir = [/workdir/hadoop-ozone/integration-test/target/test-dir/MiniOzoneClusterImpl-39af9574-7a8b-4ed7-b830-bf686a3d4bb8/datanode-0/data/ratis] (custom)
2019-09-25 07:05:24,435 [pool-27-thread-1] INFO  storage.RaftStorageDirectory (RaftStorageDirectory.java:analyzeStorage(246)) - The storage directory /workdir/hadoop-ozone/integration-test/target/test-dir/MiniOzoneClusterImpl-39af9574-7a8b-4ed7-b830-bf686a3d4bb8/datanode-0/data/ratis/35412b37-316e-4d9a-a3a5-5c0f5fc81971 does not exist. Creating ...
2019-09-25 07:05:24,449 [pool-27-thread-1] INFO  storage.RaftStorageDirectory (RaftStorageDirectory.java:tryLock(328)) - Lock on /workdir/hadoop-ozone/integration-test/target/test-dir/MiniOzoneClusterImpl-39af9574-7a8b-4ed7-b830-bf686a3d4bb8/datanode-0/data/ratis/35412b37-316e-4d9a-a3a5-5c0f5fc81971/in_use.lock acquired by nodename 19495@pr-hdds-1569-s62bp-3040748787
2019-09-25 07:05:24,462 [pool-27-thread-1] INFO  storage.RaftStorage (RaftStorage.java:format(72)) - Storage directory /workdir/hadoop-ozone/integration-test/target/test-dir/MiniOzoneClusterImpl-39af9574-7a8b-4ed7-b830-bf686a3d4bb8/datanode-0/data/ratis/35412b37-316e-4d9a-a3a5-5c0f5fc81971 has been successfully formatted.
2019-09-25 07:05:24,462 [pool-27-thread-1] INFO  ratis.ContainerStateMachine (ContainerStateMachine.java:loadSnapshot(230)) - group-5C0F5FC81971: The snapshot info is null. Setting the last applied indexto:(t:0, i:~)
2019-09-25 07:05:24,462 [pool-27-thread-1] INFO  server.RaftServerConfigKeys (ConfUtils.java:logGet(43)) - raft.server.notification.no-leader.timeout = 120s (custom)
2019-09-25 07:05:24,462 [pool-27-thread-1] INFO  server.RaftServerConfigKeys (ConfUtils.java:logGet(43)) - raft.server.log.use.memory = false (default)
2019-09-25 07:05:24,462 [pool-27-thread-1] INFO  server.RaftServerConfigKeys (ConfUtils.java:logGet(43)) - raft.server.log.purge.gap = 1000000 (custom)
2019-09-25 07:05:24,462 [pool-27-thread-1] INFO  server.RaftServerConfigKeys (ConfUtils.java:logGet(43)) - raft.server.log.appender.buffer.byte-limit = 33554432 (custom)
2019-09-25 07:05:24,463 [pool-27-thread-1] INFO  server.RaftServerConfigKeys (ConfUtils.java:logGet(43)) - raft.server.log.segment.size.max = 1048576 (custom)
2019-09-25 07:05:24,463 [pool-27-thread-1] INFO  server.RaftServerConfigKeys (ConfUtils.java:logGet(43)) - raft.server.log.segment.cache.num.max = 2 (custom)
2019-09-25 07:05:24,463 [pool-27-thread-1] INFO  segmented.SegmentedRaftLogWorker (SegmentedRaftLogWorker.java:<init>(172)) - new e568d23f-199e-48ce-91e4-5c166e2e97cd@group-5C0F5FC81971-SegmentedRaftLogWorker for RaftStorage:Storage Directory /workdir/hadoop-ozone/integration-test/target/test-dir/MiniOzoneClusterImpl-39af9574-7a8b-4ed7-b830-bf686a3d4bb8/datanode-0/data/ratis/35412b37-316e-4d9a-a3a5-5c0f5fc81971
2019-09-25 07:05:24,463 [pool-27-thread-1] INFO  server.RaftServerConfigKeys (ConfUtils.java:logGet(43)) - raft.server.log.queue.byte-limit = 2147483647 (custom)
2019-09-25 07:05:24,463 [pool-27-thread-1] INFO  server.RaftServerConfigKeys (ConfUtils.java:logGet(43)) - raft.server.log.queue.element-limit = 1024 (custom)
2019-09-25 07:05:24,463 [pool-27-thread-1] INFO  server.RaftServerConfigKeys (ConfUtils.java:logGet(43)) - raft.server.log.segment.size.max = 1048576 (custom)
2019-09-25 07:05:24,463 [pool-27-thread-1] INFO  server.RaftServerConfigKeys (ConfUtils.java:logGet(43)) - raft.server.log.preallocated.size = 16384 (custom)
2019-09-25 07:05:24,463 [pool-27-thread-1] INFO  server.RaftServerConfigKeys (ConfUtils.java:logGet(43)) - raft.server.log.write.buffer.size = 33554432 (custom)
2019-09-25 07:05:24,464 [pool-27-thread-1] INFO  server.RaftServerConfigKeys (ConfUtils.java:logGet(43)) - raft.server.log.force.sync.num = 128 (default)
2019-09-25 07:05:24,464 [pool-27-thread-1] INFO  server.RaftServerConfigKeys (ConfUtils.java:logGet(43)) - raft.server.log.statemachine.data.sync = true (default)
2019-09-25 07:05:24,464 [pool-27-thread-1] INFO  server.RaftServerConfigKeys (ConfUtils.java:logGet(43)) - raft.server.log.statemachine.data.sync.timeout = 10s (default)
2019-09-25 07:05:24,464 [pool-27-thread-1] INFO  server.RaftServerConfigKeys (ConfUtils.java:logGet(43)) - raft.server.log.statemachine.data.sync.timeout.retry = -1 (default)
2019-09-25 07:05:24,464 [pool-27-thread-1] INFO  server.RaftServerConfigKeys (ConfUtils.java:logGet(43)) - raft.server.log.statemachine.data.caching.enabled = true (custom)
2019-09-25 07:05:24,464 [pool-27-thread-1] INFO  segmented.SegmentedRaftLogWorker (SegmentedRaftLogWorker.java:lambda$new$0(132)) - e568d23f-199e-48ce-91e4-5c166e2e97cd@group-5C0F5FC81971-SegmentedRaftLogWorker: flushIndex: setUnconditionally 0 -> -1
2019-09-25 07:05:24,465 [pool-27-thread-1] INFO  server.RaftServerConfigKeys (ConfUtils.java:logGet(43)) - raft.server.snapshot.auto.trigger.enabled = true (custom)
2019-09-25 07:05:24,465 [pool-27-thread-1] INFO  server.RaftServerConfigKeys (ConfUtils.java:logGet(43)) - raft.server.snapshot.auto.trigger.threshold = 10000 (custom)
2019-09-25 07:05:24,465 [pool-27-thread-1] INFO  server.RaftServerConfigKeys (ConfUtils.java:logGet(43)) - raft.server.snapshot.retention.num.files = 5 (custom)
2019-09-25 07:05:24,465 [pool-27-thread-1] INFO  server.RaftServerConfigKeys (ConfUtils.java:logGet(43)) - raft.server.retrycache.expirytime = 600000ms (custom)
2019-09-25 07:05:24,466 [pool-27-thread-1] INFO  impl.RaftServerImpl (RaftServerImpl.java:start(185)) - e568d23f-199e-48ce-91e4-5c166e2e97cd@group-5C0F5FC81971: start as a follower, conf=-1: [e568d23f-199e-48ce-91e4-5c166e2e97cd:192.168.30.10:42827], old=null
2019-09-25 07:05:24,467 [pool-27-thread-1] INFO  impl.RaftServerImpl (RaftServerImpl.java:setRole(174)) - e568d23f-199e-48ce-91e4-5c166e2e97cd@group-5C0F5FC81971: changes role from      null to FOLLOWER at term 0 for startAsFollower
2019-09-25 07:05:24,467 [pool-27-thread-1] INFO  impl.RoleInfo (RoleInfo.java:updateAndGet(143)) - e568d23f-199e-48ce-91e4-5c166e2e97cd: start FollowerState
2019-09-25 07:05:24,467 [pool-27-thread-1] INFO  util.JmxRegister (JmxRegister.java:tryRegister(44)) - Successfully registered JMX Bean with object name Ratis:service=RaftServer,group=group-5C0F5FC81971,id=e568d23f-199e-48ce-91e4-5c166e2e97cd
2019-09-25 07:05:24,469 [RatisPipelineUtilsThread] INFO  pipeline.PipelineStateManager (PipelineStateManager.java:addPipeline(56)) - Created pipeline Pipeline[ Id: 35412b37-316e-4d9a-a3a5-5c0f5fc81971, Nodes: e568d23f-199e-48ce-91e4-5c166e2e97cd{ip: 192.168.30.10, host: pr-hdds-1569-s62bp-3040748787, networkLocation: /default-rack, certSerialId: null}, Type:RATIS, Factor:ONE, State:OPEN]
2019-09-25 07:05:24,474 [grpc-default-executor-5] INFO  impl.RaftServerProxy (RaftServerProxy.java:addNew(89)) - 62ec8eb9-3ae9-4136-b70a-2caf3716fa7f: addNew group-220305F65C47:[62ec8eb9-3ae9-4136-b70a-2caf3716fa7f:192.168.30.10:44715] returns group-220305F65C47:java.util.concurrent.CompletableFuture@718a64a8[Not completed]
2019-09-25 07:05:24,475 [pool-37-thread-1] INFO  impl.RaftServerImpl (RaftServerImpl.java:<init>(95)) - 62ec8eb9-3ae9-4136-b70a-2caf3716fa7f: new RaftServerImpl for group-220305F65C47:[62ec8eb9-3ae9-4136-b70a-2caf3716fa7f:192.168.30.10:44715] with ContainerStateMachine:uninitialized
2019-09-25 07:05:24,475 [pool-37-thread-1] INFO  server.RaftServerConfigKeys (ConfUtils.java:logGet(43)) - raft.server.rpc.timeout.min = 5s (custom)
2019-09-25 07:05:24,475 [pool-37-thread-1] INFO  server.RaftServerConfigKeys (ConfUtils.java:logGet(43)) - raft.server.rpc.timeout.max = 5200ms (custom)
2019-09-25 07:05:24,475 [pool-37-thread-1] INFO  server.RaftServerConfigKeys (ConfUtils.java:logGet(43)) - raft.server.rpcslowness.timeout = 120s (custom)
2019-09-25 07:05:24,475 [pool-37-thread-1] INFO  server.RaftServerConfigKeys (ConfUtils.java:logGet(43)) - raft.server.sleep.deviation.threshold = 300 (default)
2019-09-25 07:05:24,475 [pool-37-thread-1] INFO  server.RaftServerConfigKeys (ConfUtils.java:logGet(43)) - raft.server.log.appender.install.snapshot.enabled = false (custom)
2019-09-25 07:05:24,475 [pool-37-thread-1] INFO  impl.RaftServerImpl (ServerState.java:<init>(103)) - 62ec8eb9-3ae9-4136-b70a-2caf3716fa7f@group-220305F65C47: ConfigurationManager, init=-1: [62ec8eb9-3ae9-4136-b70a-2caf3716fa7f:192.168.30.10:44715], old=null, confs=<EMPTY_MAP>
2019-09-25 07:05:24,476 [pool-37-thread-1] INFO  server.RaftServerConfigKeys (ConfUtils.java:logGet(43)) - raft.server.storage.dir = [/workdir/hadoop-ozone/integration-test/target/test-dir/MiniOzoneClusterImpl-39af9574-7a8b-4ed7-b830-bf686a3d4bb8/datanode-1/data/ratis] (custom)
2019-09-25 07:05:24,476 [pool-37-thread-1] INFO  storage.RaftStorageDirectory (RaftStorageDirectory.java:analyzeStorage(246)) - The storage directory /workdir/hadoop-ozone/integration-test/target/test-dir/MiniOzoneClusterImpl-39af9574-7a8b-4ed7-b830-bf686a3d4bb8/datanode-1/data/ratis/e9b4f65f-6baf-4dc7-8450-220305f65c47 does not exist. Creating ...
2019-09-25 07:05:24,489 [pool-37-thread-1] INFO  storage.RaftStorageDirectory (RaftStorageDirectory.java:tryLock(328)) - Lock on /workdir/hadoop-ozone/integration-test/target/test-dir/MiniOzoneClusterImpl-39af9574-7a8b-4ed7-b830-bf686a3d4bb8/datanode-1/data/ratis/e9b4f65f-6baf-4dc7-8450-220305f65c47/in_use.lock acquired by nodename 19495@pr-hdds-1569-s62bp-3040748787
2019-09-25 07:05:24,501 [pool-37-thread-1] INFO  storage.RaftStorage (RaftStorage.java:format(72)) - Storage directory /workdir/hadoop-ozone/integration-test/target/test-dir/MiniOzoneClusterImpl-39af9574-7a8b-4ed7-b830-bf686a3d4bb8/datanode-1/data/ratis/e9b4f65f-6baf-4dc7-8450-220305f65c47 has been successfully formatted.
2019-09-25 07:05:24,501 [pool-37-thread-1] INFO  ratis.ContainerStateMachine (ContainerStateMachine.java:loadSnapshot(230)) - group-220305F65C47: The snapshot info is null. Setting the last applied indexto:(t:0, i:~)
2019-09-25 07:05:24,502 [pool-37-thread-1] INFO  server.RaftServerConfigKeys (ConfUtils.java:logGet(43)) - raft.server.notification.no-leader.timeout = 120s (custom)
2019-09-25 07:05:24,502 [pool-37-thread-1] INFO  server.RaftServerConfigKeys (ConfUtils.java:logGet(43)) - raft.server.log.use.memory = false (default)
2019-09-25 07:05:24,502 [pool-37-thread-1] INFO  server.RaftServerConfigKeys (ConfUtils.java:logGet(43)) - raft.server.log.purge.gap = 1000000 (custom)
2019-09-25 07:05:24,502 [pool-37-thread-1] INFO  server.RaftServerConfigKeys (ConfUtils.java:logGet(43)) - raft.server.log.appender.buffer.byte-limit = 33554432 (custom)
2019-09-25 07:05:24,502 [pool-37-thread-1] INFO  server.RaftServerConfigKeys (ConfUtils.java:logGet(43)) - raft.server.log.segment.size.max = 1048576 (custom)
2019-09-25 07:05:24,502 [pool-37-thread-1] INFO  server.RaftServerConfigKeys (ConfUtils.java:logGet(43)) - raft.server.log.segment.cache.num.max = 2 (custom)
2019-09-25 07:05:24,502 [pool-37-thread-1] INFO  segmented.SegmentedRaftLogWorker (SegmentedRaftLogWorker.java:<init>(172)) - new 62ec8eb9-3ae9-4136-b70a-2caf3716fa7f@group-220305F65C47-SegmentedRaftLogWorker for RaftStorage:Storage Directory /workdir/hadoop-ozone/integration-test/target/test-dir/MiniOzoneClusterImpl-39af9574-7a8b-4ed7-b830-bf686a3d4bb8/datanode-1/data/ratis/e9b4f65f-6baf-4dc7-8450-220305f65c47
2019-09-25 07:05:24,503 [pool-37-thread-1] INFO  server.RaftServerConfigKeys (ConfUtils.java:logGet(43)) - raft.server.log.queue.byte-limit = 2147483647 (custom)
2019-09-25 07:05:24,503 [pool-37-thread-1] INFO  server.RaftServerConfigKeys (ConfUtils.java:logGet(43)) - raft.server.log.queue.element-limit = 1024 (custom)
2019-09-25 07:05:24,503 [pool-37-thread-1] INFO  server.RaftServerConfigKeys (ConfUtils.java:logGet(43)) - raft.server.log.segment.size.max = 1048576 (custom)
2019-09-25 07:05:24,503 [pool-37-thread-1] INFO  server.RaftServerConfigKeys (ConfUtils.java:logGet(43)) - raft.server.log.preallocated.size = 16384 (custom)
2019-09-25 07:05:24,503 [pool-37-thread-1] INFO  server.RaftServerConfigKeys (ConfUtils.java:logGet(43)) - raft.server.log.write.buffer.size = 33554432 (custom)
2019-09-25 07:05:24,503 [pool-37-thread-1] INFO  server.RaftServerConfigKeys (ConfUtils.java:logGet(43)) - raft.server.log.force.sync.num = 128 (default)
2019-09-25 07:05:24,503 [pool-37-thread-1] INFO  server.RaftServerConfigKeys (ConfUtils.java:logGet(43)) - raft.server.log.statemachine.data.sync = true (default)
2019-09-25 07:05:24,503 [pool-37-thread-1] INFO  server.RaftServerConfigKeys (ConfUtils.java:logGet(43)) - raft.server.log.statemachine.data.sync.timeout = 10s (default)
2019-09-25 07:05:24,504 [pool-37-thread-1] INFO  server.RaftServerConfigKeys (ConfUtils.java:logGet(43)) - raft.server.log.statemachine.data.sync.timeout.retry = -1 (default)
2019-09-25 07:05:24,504 [pool-37-thread-1] INFO  server.RaftServerConfigKeys (ConfUtils.java:logGet(43)) - raft.server.log.statemachine.data.caching.enabled = true (custom)
2019-09-25 07:05:24,504 [pool-37-thread-1] INFO  segmented.SegmentedRaftLogWorker (SegmentedRaftLogWorker.java:lambda$new$0(132)) - 62ec8eb9-3ae9-4136-b70a-2caf3716fa7f@group-220305F65C47-SegmentedRaftLogWorker: flushIndex: setUnconditionally 0 -> -1
2019-09-25 07:05:24,504 [pool-37-thread-1] INFO  server.RaftServerConfigKeys (ConfUtils.java:logGet(43)) - raft.server.snapshot.auto.trigger.enabled = true (custom)
2019-09-25 07:05:24,504 [pool-37-thread-1] INFO  server.RaftServerConfigKeys (ConfUtils.java:logGet(43)) - raft.server.snapshot.auto.trigger.threshold = 10000 (custom)
2019-09-25 07:05:24,504 [pool-37-thread-1] INFO  server.RaftServerConfigKeys (ConfUtils.java:logGet(43)) - raft.server.snapshot.retention.num.files = 5 (custom)
2019-09-25 07:05:24,505 [pool-37-thread-1] INFO  server.RaftServerConfigKeys (ConfUtils.java:logGet(43)) - raft.server.retrycache.expirytime = 600000ms (custom)
2019-09-25 07:05:24,506 [pool-37-thread-1] INFO  impl.RaftServerImpl (RaftServerImpl.java:start(185)) - 62ec8eb9-3ae9-4136-b70a-2caf3716fa7f@group-220305F65C47: start as a follower, conf=-1: [62ec8eb9-3ae9-4136-b70a-2caf3716fa7f:192.168.30.10:44715], old=null
2019-09-25 07:05:24,506 [pool-37-thread-1] INFO  impl.RaftServerImpl (RaftServerImpl.java:setRole(174)) - 62ec8eb9-3ae9-4136-b70a-2caf3716fa7f@group-220305F65C47: changes role from      null to FOLLOWER at term 0 for startAsFollower
2019-09-25 07:05:24,506 [pool-37-thread-1] INFO  impl.RoleInfo (RoleInfo.java:updateAndGet(143)) - 62ec8eb9-3ae9-4136-b70a-2caf3716fa7f: start FollowerState
2019-09-25 07:05:24,506 [pool-37-thread-1] INFO  util.JmxRegister (JmxRegister.java:tryRegister(44)) - Successfully registered JMX Bean with object name Ratis:service=RaftServer,group=group-220305F65C47,id=62ec8eb9-3ae9-4136-b70a-2caf3716fa7f
2019-09-25 07:05:24,508 [RatisPipelineUtilsThread] INFO  pipeline.PipelineStateManager (PipelineStateManager.java:addPipeline(56)) - Created pipeline Pipeline[ Id: e9b4f65f-6baf-4dc7-8450-220305f65c47, Nodes: 62ec8eb9-3ae9-4136-b70a-2caf3716fa7f{ip: 192.168.30.10, host: pr-hdds-1569-s62bp-3040748787, networkLocation: /default-rack, certSerialId: null}, Type:RATIS, Factor:ONE, State:OPEN]
2019-09-25 07:05:24,513 [grpc-default-executor-5] INFO  impl.RaftServerProxy (RaftServerProxy.java:addNew(89)) - 24bf2945-a329-4da6-aaf2-23ecd8d462c6: addNew group-7E2B23F545ED:[24bf2945-a329-4da6-aaf2-23ecd8d462c6:192.168.30.10:42867] returns group-7E2B23F545ED:java.util.concurrent.CompletableFuture@20870264[Not completed]
2019-09-25 07:05:24,514 [pool-47-thread-1] INFO  impl.RaftServerImpl (RaftServerImpl.java:<init>(95)) - 24bf2945-a329-4da6-aaf2-23ecd8d462c6: new RaftServerImpl for group-7E2B23F545ED:[24bf2945-a329-4da6-aaf2-23ecd8d462c6:192.168.30.10:42867] with ContainerStateMachine:uninitialized
2019-09-25 07:05:24,514 [pool-47-thread-1] INFO  server.RaftServerConfigKeys (ConfUtils.java:logGet(43)) - raft.server.rpc.timeout.min = 5s (custom)
2019-09-25 07:05:24,514 [pool-47-thread-1] INFO  server.RaftServerConfigKeys (ConfUtils.java:logGet(43)) - raft.server.rpc.timeout.max = 5200ms (custom)
2019-09-25 07:05:24,514 [pool-47-thread-1] INFO  server.RaftServerConfigKeys (ConfUtils.java:logGet(43)) - raft.server.rpcslowness.timeout = 120s (custom)
2019-09-25 07:05:24,514 [pool-47-thread-1] INFO  server.RaftServerConfigKeys (ConfUtils.java:logGet(43)) - raft.server.sleep.deviation.threshold = 300 (default)
2019-09-25 07:05:24,514 [pool-47-thread-1] INFO  server.RaftServerConfigKeys (ConfUtils.java:logGet(43)) - raft.server.log.appender.install.snapshot.enabled = false (custom)
2019-09-25 07:05:24,514 [pool-47-thread-1] INFO  impl.RaftServerImpl (ServerState.java:<init>(103)) - 24bf2945-a329-4da6-aaf2-23ecd8d462c6@group-7E2B23F545ED: ConfigurationManager, init=-1: [24bf2945-a329-4da6-aaf2-23ecd8d462c6:192.168.30.10:42867], old=null, confs=<EMPTY_MAP>
2019-09-25 07:05:24,515 [pool-47-thread-1] INFO  server.RaftServerConfigKeys (ConfUtils.java:logGet(43)) - raft.server.storage.dir = [/workdir/hadoop-ozone/integration-test/target/test-dir/MiniOzoneClusterImpl-39af9574-7a8b-4ed7-b830-bf686a3d4bb8/datanode-2/data/ratis] (custom)
2019-09-25 07:05:24,515 [pool-47-thread-1] INFO  storage.RaftStorageDirectory (RaftStorageDirectory.java:analyzeStorage(246)) - The storage directory /workdir/hadoop-ozone/integration-test/target/test-dir/MiniOzoneClusterImpl-39af9574-7a8b-4ed7-b830-bf686a3d4bb8/datanode-2/data/ratis/d66bf1b4-7abc-4f4c-8ea2-7e2b23f545ed does not exist. Creating ...
2019-09-25 07:05:24,529 [pool-47-thread-1] INFO  storage.RaftStorageDirectory (RaftStorageDirectory.java:tryLock(328)) - Lock on /workdir/hadoop-ozone/integration-test/target/test-dir/MiniOzoneClusterImpl-39af9574-7a8b-4ed7-b830-bf686a3d4bb8/datanode-2/data/ratis/d66bf1b4-7abc-4f4c-8ea2-7e2b23f545ed/in_use.lock acquired by nodename 19495@pr-hdds-1569-s62bp-3040748787
2019-09-25 07:05:24,534 [Thread-1030] INFO  impl.FollowerState (FollowerState.java:run(106)) - 62ec8eb9-3ae9-4136-b70a-2caf3716fa7f:group-E6F9350C10F4 changes to CANDIDATE, lastRpcTime:5015, electionTimeout:5010ms
2019-09-25 07:05:24,535 [Thread-1030] INFO  impl.RoleInfo (RoleInfo.java:shutdownFollowerState(121)) - 62ec8eb9-3ae9-4136-b70a-2caf3716fa7f: shutdown FollowerState
2019-09-25 07:05:24,535 [Thread-1030] INFO  impl.RaftServerImpl (RaftServerImpl.java:setRole(174)) - 62ec8eb9-3ae9-4136-b70a-2caf3716fa7f@group-E6F9350C10F4: changes role from  FOLLOWER to CANDIDATE at term 1 for changeToCandidate
2019-09-25 07:05:24,535 [Thread-1030] INFO  impl.RoleInfo (RoleInfo.java:updateAndGet(143)) - 62ec8eb9-3ae9-4136-b70a-2caf3716fa7f: start LeaderElection
2019-09-25 07:05:24,549 [pool-47-thread-1] INFO  storage.RaftStorage (RaftStorage.java:format(72)) - Storage directory /workdir/hadoop-ozone/integration-test/target/test-dir/MiniOzoneClusterImpl-39af9574-7a8b-4ed7-b830-bf686a3d4bb8/datanode-2/data/ratis/d66bf1b4-7abc-4f4c-8ea2-7e2b23f545ed has been successfully formatted.
2019-09-25 07:05:24,549 [62ec8eb9-3ae9-4136-b70a-2caf3716fa7f@group-E6F9350C10F4:LeaderElection167] INFO  impl.LeaderElection (LeaderElection.java:askForVotes(182)) - 62ec8eb9-3ae9-4136-b70a-2caf3716fa7f@group-E6F9350C10F4:LeaderElection167: begin an election at term 2 for -1: [24bf2945-a329-4da6-aaf2-23ecd8d462c6:192.168.30.10:42867, e568d23f-199e-48ce-91e4-5c166e2e97cd:192.168.30.10:42827, 62ec8eb9-3ae9-4136-b70a-2caf3716fa7f:192.168.30.10:44715], old=null
2019-09-25 07:05:24,549 [pool-47-thread-1] INFO  ratis.ContainerStateMachine (ContainerStateMachine.java:loadSnapshot(230)) - group-7E2B23F545ED: The snapshot info is null. Setting the last applied indexto:(t:0, i:~)
2019-09-25 07:05:24,549 [pool-47-thread-1] INFO  server.RaftServerConfigKeys (ConfUtils.java:logGet(43)) - raft.server.notification.no-leader.timeout = 120s (custom)
2019-09-25 07:05:24,549 [pool-47-thread-1] INFO  server.RaftServerConfigKeys (ConfUtils.java:logGet(43)) - raft.server.log.use.memory = false (default)
2019-09-25 07:05:24,549 [pool-47-thread-1] INFO  server.RaftServerConfigKeys (ConfUtils.java:logGet(43)) - raft.server.log.purge.gap = 1000000 (custom)
2019-09-25 07:05:24,549 [pool-47-thread-1] INFO  server.RaftServerConfigKeys (ConfUtils.java:logGet(43)) - raft.server.log.appender.buffer.byte-limit = 33554432 (custom)
2019-09-25 07:05:24,549 [pool-47-thread-1] INFO  server.RaftServerConfigKeys (ConfUtils.java:logGet(43)) - raft.server.log.segment.size.max = 1048576 (custom)
2019-09-25 07:05:24,549 [pool-47-thread-1] INFO  server.RaftServerConfigKeys (ConfUtils.java:logGet(43)) - raft.server.log.segment.cache.num.max = 2 (custom)
2019-09-25 07:05:24,550 [pool-47-thread-1] INFO  segmented.SegmentedRaftLogWorker (SegmentedRaftLogWorker.java:<init>(172)) - new 24bf2945-a329-4da6-aaf2-23ecd8d462c6@group-7E2B23F545ED-SegmentedRaftLogWorker for RaftStorage:Storage Directory /workdir/hadoop-ozone/integration-test/target/test-dir/MiniOzoneClusterImpl-39af9574-7a8b-4ed7-b830-bf686a3d4bb8/datanode-2/data/ratis/d66bf1b4-7abc-4f4c-8ea2-7e2b23f545ed
2019-09-25 07:05:24,550 [pool-47-thread-1] INFO  server.RaftServerConfigKeys (ConfUtils.java:logGet(43)) - raft.server.log.queue.byte-limit = 2147483647 (custom)
2019-09-25 07:05:24,550 [pool-47-thread-1] INFO  server.RaftServerConfigKeys (ConfUtils.java:logGet(43)) - raft.server.log.queue.element-limit = 1024 (custom)
2019-09-25 07:05:24,550 [pool-47-thread-1] INFO  server.RaftServerConfigKeys (ConfUtils.java:logGet(43)) - raft.server.log.segment.size.max = 1048576 (custom)
2019-09-25 07:05:24,550 [pool-47-thread-1] INFO  server.RaftServerConfigKeys (ConfUtils.java:logGet(43)) - raft.server.log.preallocated.size = 16384 (custom)
2019-09-25 07:05:24,550 [pool-47-thread-1] INFO  server.RaftServerConfigKeys (ConfUtils.java:logGet(43)) - raft.server.log.write.buffer.size = 33554432 (custom)
2019-09-25 07:05:24,550 [pool-47-thread-1] INFO  server.RaftServerConfigKeys (ConfUtils.java:logGet(43)) - raft.server.log.force.sync.num = 128 (default)
2019-09-25 07:05:24,550 [pool-47-thread-1] INFO  server.RaftServerConfigKeys (ConfUtils.java:logGet(43)) - raft.server.log.statemachine.data.sync = true (default)
2019-09-25 07:05:24,550 [pool-47-thread-1] INFO  server.RaftServerConfigKeys (ConfUtils.java:logGet(43)) - raft.server.log.statemachine.data.sync.timeout = 10s (default)
2019-09-25 07:05:24,550 [pool-47-thread-1] INFO  server.RaftServerConfigKeys (ConfUtils.java:logGet(43)) - raft.server.log.statemachine.data.sync.timeout.retry = -1 (default)
2019-09-25 07:05:24,551 [pool-47-thread-1] INFO  server.RaftServerConfigKeys (ConfUtils.java:logGet(43)) - raft.server.log.statemachine.data.caching.enabled = true (custom)
2019-09-25 07:05:24,551 [pool-47-thread-1] INFO  segmented.SegmentedRaftLogWorker (SegmentedRaftLogWorker.java:lambda$new$0(132)) - 24bf2945-a329-4da6-aaf2-23ecd8d462c6@group-7E2B23F545ED-SegmentedRaftLogWorker: flushIndex: setUnconditionally 0 -> -1
2019-09-25 07:05:24,551 [grpc-default-executor-5] INFO  impl.RaftServerImpl (RaftServerImpl.java:setRole(174)) - 24bf2945-a329-4da6-aaf2-23ecd8d462c6@group-E6F9350C10F4: changes role from  FOLLOWER to FOLLOWER at term 2 for recognizeCandidate:62ec8eb9-3ae9-4136-b70a-2caf3716fa7f
2019-09-25 07:05:24,551 [grpc-default-executor-1] INFO  impl.RaftServerImpl (RaftServerImpl.java:setRole(174)) - e568d23f-199e-48ce-91e4-5c166e2e97cd@group-E6F9350C10F4: changes role from  FOLLOWER to FOLLOWER at term 2 for recognizeCandidate:62ec8eb9-3ae9-4136-b70a-2caf3716fa7f
2019-09-25 07:05:24,551 [grpc-default-executor-5] INFO  impl.RoleInfo (RoleInfo.java:shutdownFollowerState(121)) - 24bf2945-a329-4da6-aaf2-23ecd8d462c6: shutdown FollowerState
2019-09-25 07:05:24,551 [pool-47-thread-1] INFO  server.RaftServerConfigKeys (ConfUtils.java:logGet(43)) - raft.server.snapshot.auto.trigger.enabled = true (custom)
2019-09-25 07:05:24,551 [grpc-default-executor-5] INFO  impl.RoleInfo (RoleInfo.java:updateAndGet(143)) - 24bf2945-a329-4da6-aaf2-23ecd8d462c6: start FollowerState
2019-09-25 07:05:24,551 [grpc-default-executor-1] INFO  impl.RoleInfo (RoleInfo.java:shutdownFollowerState(121)) - e568d23f-199e-48ce-91e4-5c166e2e97cd: shutdown FollowerState
2019-09-25 07:05:24,552 [pool-47-thread-1] INFO  server.RaftServerConfigKeys (ConfUtils.java:logGet(43)) - raft.server.snapshot.auto.trigger.threshold = 10000 (custom)
2019-09-25 07:05:24,552 [Thread-1028] INFO  impl.FollowerState (FollowerState.java:run(115)) - 24bf2945-a329-4da6-aaf2-23ecd8d462c6: FollowerState was interrupted: java.lang.InterruptedException: sleep interrupted
2019-09-25 07:05:24,552 [pool-47-thread-1] INFO  server.RaftServerConfigKeys (ConfUtils.java:logGet(43)) - raft.server.snapshot.retention.num.files = 5 (custom)
2019-09-25 07:05:24,552 [grpc-default-executor-1] INFO  impl.RoleInfo (RoleInfo.java:updateAndGet(143)) - e568d23f-199e-48ce-91e4-5c166e2e97cd: start FollowerState
2019-09-25 07:05:24,552 [pool-47-thread-1] INFO  server.RaftServerConfigKeys (ConfUtils.java:logGet(43)) - raft.server.retrycache.expirytime = 600000ms (custom)
2019-09-25 07:05:24,552 [Thread-1027] INFO  impl.FollowerState (FollowerState.java:run(115)) - e568d23f-199e-48ce-91e4-5c166e2e97cd: FollowerState was interrupted: java.lang.InterruptedException: sleep interrupted
2019-09-25 07:05:24,553 [pool-47-thread-1] INFO  impl.RaftServerImpl (RaftServerImpl.java:start(185)) - 24bf2945-a329-4da6-aaf2-23ecd8d462c6@group-7E2B23F545ED: start as a follower, conf=-1: [24bf2945-a329-4da6-aaf2-23ecd8d462c6:192.168.30.10:42867], old=null
2019-09-25 07:05:24,554 [pool-47-thread-1] INFO  impl.RaftServerImpl (RaftServerImpl.java:setRole(174)) - 24bf2945-a329-4da6-aaf2-23ecd8d462c6@group-7E2B23F545ED: changes role from      null to FOLLOWER at term 0 for startAsFollower
2019-09-25 07:05:24,554 [pool-47-thread-1] INFO  impl.RoleInfo (RoleInfo.java:updateAndGet(143)) - 24bf2945-a329-4da6-aaf2-23ecd8d462c6: start FollowerState
2019-09-25 07:05:24,554 [pool-47-thread-1] INFO  util.JmxRegister (JmxRegister.java:tryRegister(44)) - Successfully registered JMX Bean with object name Ratis:service=RaftServer,group=group-7E2B23F545ED,id=24bf2945-a329-4da6-aaf2-23ecd8d462c6
2019-09-25 07:05:24,556 [RatisPipelineUtilsThread] INFO  pipeline.PipelineStateManager (PipelineStateManager.java:addPipeline(56)) - Created pipeline Pipeline[ Id: d66bf1b4-7abc-4f4c-8ea2-7e2b23f545ed, Nodes: 24bf2945-a329-4da6-aaf2-23ecd8d462c6{ip: 192.168.30.10, host: pr-hdds-1569-s62bp-3040748787, networkLocation: /default-rack, certSerialId: null}, Type:RATIS, Factor:ONE, State:OPEN]
2019-09-25 07:05:24,560 [grpc-default-executor-6] INFO  impl.RaftServerProxy (RaftServerProxy.java:addNew(89)) - 62ec8eb9-3ae9-4136-b70a-2caf3716fa7f: addNew group-CB59C0177309:[62ec8eb9-3ae9-4136-b70a-2caf3716fa7f:192.168.30.10:44715] returns group-CB59C0177309:java.util.concurrent.CompletableFuture@34dbe802[Not completed]
2019-09-25 07:05:24,561 [pool-37-thread-1] INFO  impl.RaftServerImpl (RaftServerImpl.java:<init>(95)) - 62ec8eb9-3ae9-4136-b70a-2caf3716fa7f: new RaftServerImpl for group-CB59C0177309:[62ec8eb9-3ae9-4136-b70a-2caf3716fa7f:192.168.30.10:44715] with ContainerStateMachine:uninitialized
2019-09-25 07:05:24,561 [pool-37-thread-1] INFO  server.RaftServerConfigKeys (ConfUtils.java:logGet(43)) - raft.server.rpc.timeout.min = 5s (custom)
2019-09-25 07:05:24,561 [pool-37-thread-1] INFO  server.RaftServerConfigKeys (ConfUtils.java:logGet(43)) - raft.server.rpc.timeout.max = 5200ms (custom)
2019-09-25 07:05:24,561 [pool-37-thread-1] INFO  server.RaftServerConfigKeys (ConfUtils.java:logGet(43)) - raft.server.rpcslowness.timeout = 120s (custom)
2019-09-25 07:05:24,561 [pool-37-thread-1] INFO  server.RaftServerConfigKeys (ConfUtils.java:logGet(43)) - raft.server.sleep.deviation.threshold = 300 (default)
2019-09-25 07:05:24,561 [pool-37-thread-1] INFO  server.RaftServerConfigKeys (ConfUtils.java:logGet(43)) - raft.server.log.appender.install.snapshot.enabled = false (custom)
2019-09-25 07:05:24,562 [pool-37-thread-1] INFO  impl.RaftServerImpl (ServerState.java:<init>(103)) - 62ec8eb9-3ae9-4136-b70a-2caf3716fa7f@group-CB59C0177309: ConfigurationManager, init=-1: [62ec8eb9-3ae9-4136-b70a-2caf3716fa7f:192.168.30.10:44715], old=null, confs=<EMPTY_MAP>
2019-09-25 07:05:24,562 [pool-37-thread-1] INFO  server.RaftServerConfigKeys (ConfUtils.java:logGet(43)) - raft.server.storage.dir = [/workdir/hadoop-ozone/integration-test/target/test-dir/MiniOzoneClusterImpl-39af9574-7a8b-4ed7-b830-bf686a3d4bb8/datanode-1/data/ratis] (custom)
2019-09-25 07:05:24,562 [pool-37-thread-1] INFO  storage.RaftStorageDirectory (RaftStorageDirectory.java:analyzeStorage(246)) - The storage directory /workdir/hadoop-ozone/integration-test/target/test-dir/MiniOzoneClusterImpl-39af9574-7a8b-4ed7-b830-bf686a3d4bb8/datanode-1/data/ratis/4b6ebb46-76b2-4e2f-a2f9-cb59c0177309 does not exist. Creating ...
2019-09-25 07:05:24,562 [62ec8eb9-3ae9-4136-b70a-2caf3716fa7f@group-E6F9350C10F4:LeaderElection167] INFO  impl.LeaderElection (LeaderElection.java:logAndReturn(56)) - 62ec8eb9-3ae9-4136-b70a-2caf3716fa7f@group-E6F9350C10F4:LeaderElection167: Election PASSED; received 1 response(s) [62ec8eb9-3ae9-4136-b70a-2caf3716fa7f<-24bf2945-a329-4da6-aaf2-23ecd8d462c6#0:OK-t2] and 0 exception(s); 62ec8eb9-3ae9-4136-b70a-2caf3716fa7f@group-E6F9350C10F4:t2, leader=null, voted=62ec8eb9-3ae9-4136-b70a-2caf3716fa7f, raftlog=62ec8eb9-3ae9-4136-b70a-2caf3716fa7f@group-E6F9350C10F4-SegmentedRaftLog:OPENED:c-1,f-1,i0, conf=-1: [24bf2945-a329-4da6-aaf2-23ecd8d462c6:192.168.30.10:42867, e568d23f-199e-48ce-91e4-5c166e2e97cd:192.168.30.10:42827, 62ec8eb9-3ae9-4136-b70a-2caf3716fa7f:192.168.30.10:44715], old=null
2019-09-25 07:05:24,562 [62ec8eb9-3ae9-4136-b70a-2caf3716fa7f@group-E6F9350C10F4:LeaderElection167] INFO  impl.RoleInfo (RoleInfo.java:shutdownLeaderElection(134)) - 62ec8eb9-3ae9-4136-b70a-2caf3716fa7f: shutdown LeaderElection
2019-09-25 07:05:24,563 [62ec8eb9-3ae9-4136-b70a-2caf3716fa7f@group-E6F9350C10F4:LeaderElection167] INFO  impl.RaftServerImpl (RaftServerImpl.java:setRole(174)) - 62ec8eb9-3ae9-4136-b70a-2caf3716fa7f@group-E6F9350C10F4: changes role from CANDIDATE to LEADER at term 2 for changeToLeader
2019-09-25 07:05:24,563 [62ec8eb9-3ae9-4136-b70a-2caf3716fa7f@group-E6F9350C10F4:LeaderElection167] INFO  impl.RaftServerImpl (ServerState.java:setLeader(253)) - 62ec8eb9-3ae9-4136-b70a-2caf3716fa7f@group-E6F9350C10F4: change Leader from null to 62ec8eb9-3ae9-4136-b70a-2caf3716fa7f at term 2 for becomeLeader, leader elected after 22040ms
2019-09-25 07:05:24,563 [62ec8eb9-3ae9-4136-b70a-2caf3716fa7f@group-E6F9350C10F4:LeaderElection167] INFO  server.RaftServerConfigKeys (ConfUtils.java:logGet(43)) - raft.server.staging.catchup.gap = 1000 (default)
2019-09-25 07:05:24,563 [62ec8eb9-3ae9-4136-b70a-2caf3716fa7f@group-E6F9350C10F4:LeaderElection167] INFO  server.RaftServerConfigKeys (ConfUtils.java:logGet(43)) - raft.server.rpc.sleep.time = 25ms (default)
2019-09-25 07:05:24,563 [62ec8eb9-3ae9-4136-b70a-2caf3716fa7f@group-E6F9350C10F4:LeaderElection167] INFO  server.RaftServerConfigKeys (ConfUtils.java:logGet(43)) - raft.server.write.element-limit = 4096 (default)
2019-09-25 07:05:24,563 [62ec8eb9-3ae9-4136-b70a-2caf3716fa7f@group-E6F9350C10F4:LeaderElection167] INFO  server.RaftServerConfigKeys (ConfUtils.java:logGet(43)) - raft.server.watch.timeout = 10s (default)
2019-09-25 07:05:24,564 [62ec8eb9-3ae9-4136-b70a-2caf3716fa7f@group-E6F9350C10F4:LeaderElection167] INFO  server.RaftServerConfigKeys (ConfUtils.java:logGet(43)) - raft.server.watch.timeout.denomination = 1s (default)
2019-09-25 07:05:24,564 [62ec8eb9-3ae9-4136-b70a-2caf3716fa7f@group-E6F9350C10F4:LeaderElection167] INFO  server.RaftServerConfigKeys (ConfUtils.java:logGet(43)) - raft.server.watch.element-limit = 65536 (default)
2019-09-25 07:05:24,564 [62ec8eb9-3ae9-4136-b70a-2caf3716fa7f@group-E6F9350C10F4:LeaderElection167] INFO  lib.Interns (Interns.java:removeEldestEntry(50)) - Metrics intern cache overflow at 2011 for MetricsSystem={MetricsSystem=MetricsInfoImpl{name=MetricsSystem, description=MetricsSystem}, MetricsSystem record=MetricsInfoImpl{name=MetricsSystem, description=MetricsSystem record}}
2019-09-25 07:05:24,566 [62ec8eb9-3ae9-4136-b70a-2caf3716fa7f@group-E6F9350C10F4:LeaderElection167] INFO  server.RaftServerConfigKeys (ConfUtils.java:logGet(43)) - raft.server.log.appender.snapshot.chunk.size.max = 16MB (=16777216) (default)
2019-09-25 07:05:24,566 [62ec8eb9-3ae9-4136-b70a-2caf3716fa7f@group-E6F9350C10F4:LeaderElection167] INFO  server.RaftServerConfigKeys (ConfUtils.java:logGet(43)) - raft.server.log.appender.buffer.byte-limit = 33554432 (custom)
2019-09-25 07:05:24,566 [62ec8eb9-3ae9-4136-b70a-2caf3716fa7f@group-E6F9350C10F4:LeaderElection167] INFO  server.RaftServerConfigKeys (ConfUtils.java:logGet(43)) - raft.server.log.appender.buffer.element-limit = 1 (custom)
2019-09-25 07:05:24,567 [62ec8eb9-3ae9-4136-b70a-2caf3716fa7f@group-E6F9350C10F4:LeaderElection167] INFO  grpc.GrpcConfigKeys$Server (ConfUtils.java:logGet(43)) - raft.grpc.server.leader.outstanding.appends.max = 128 (default)
2019-09-25 07:05:24,567 [62ec8eb9-3ae9-4136-b70a-2caf3716fa7f@group-E6F9350C10F4:LeaderElection167] INFO  server.RaftServerConfigKeys (ConfUtils.java:logGet(43)) - raft.server.rpc.request.timeout = 3000ms (default)
2019-09-25 07:05:24,567 [62ec8eb9-3ae9-4136-b70a-2caf3716fa7f@group-E6F9350C10F4:LeaderElection167] INFO  server.RaftServerConfigKeys (ConfUtils.java:logGet(43)) - raft.server.log.appender.install.snapshot.enabled = false (custom)
2019-09-25 07:05:24,567 [62ec8eb9-3ae9-4136-b70a-2caf3716fa7f@group-E6F9350C10F4:LeaderElection167] INFO  server.RaftServerConfigKeys (ConfUtils.java:logGet(43)) - raft.server.log.appender.snapshot.chunk.size.max = 16MB (=16777216) (default)
2019-09-25 07:05:24,567 [62ec8eb9-3ae9-4136-b70a-2caf3716fa7f@group-E6F9350C10F4:LeaderElection167] INFO  server.RaftServerConfigKeys (ConfUtils.java:logGet(43)) - raft.server.log.appender.buffer.byte-limit = 33554432 (custom)
2019-09-25 07:05:24,567 [62ec8eb9-3ae9-4136-b70a-2caf3716fa7f@group-E6F9350C10F4:LeaderElection167] INFO  server.RaftServerConfigKeys (ConfUtils.java:logGet(43)) - raft.server.log.appender.buffer.element-limit = 1 (custom)
2019-09-25 07:05:24,568 [62ec8eb9-3ae9-4136-b70a-2caf3716fa7f@group-E6F9350C10F4:LeaderElection167] INFO  grpc.GrpcConfigKeys$Server (ConfUtils.java:logGet(43)) - raft.grpc.server.leader.outstanding.appends.max = 128 (default)
2019-09-25 07:05:24,568 [62ec8eb9-3ae9-4136-b70a-2caf3716fa7f@group-E6F9350C10F4:LeaderElection167] INFO  server.RaftServerConfigKeys (ConfUtils.java:logGet(43)) - raft.server.rpc.request.timeout = 3000ms (default)
2019-09-25 07:05:24,568 [62ec8eb9-3ae9-4136-b70a-2caf3716fa7f@group-E6F9350C10F4:LeaderElection167] INFO  server.RaftServerConfigKeys (ConfUtils.java:logGet(43)) - raft.server.log.appender.install.snapshot.enabled = false (custom)
2019-09-25 07:05:24,568 [62ec8eb9-3ae9-4136-b70a-2caf3716fa7f@group-E6F9350C10F4:LeaderElection167] INFO  impl.RoleInfo (RoleInfo.java:updateAndGet(143)) - 62ec8eb9-3ae9-4136-b70a-2caf3716fa7f: start LeaderState
2019-09-25 07:05:24,569 [62ec8eb9-3ae9-4136-b70a-2caf3716fa7f@group-E6F9350C10F4:LeaderElection167] INFO  segmented.SegmentedRaftLogWorker (SegmentedRaftLogWorker.java:startLogSegment(380)) - 62ec8eb9-3ae9-4136-b70a-2caf3716fa7f@group-E6F9350C10F4-SegmentedRaftLogWorker: Starting segment from index:0
2019-09-25 07:05:25,053 [pool-37-thread-1] INFO  storage.RaftStorageDirectory (RaftStorageDirectory.java:tryLock(328)) - Lock on /workdir/hadoop-ozone/integration-test/target/test-dir/MiniOzoneClusterImpl-39af9574-7a8b-4ed7-b830-bf686a3d4bb8/datanode-1/data/ratis/4b6ebb46-76b2-4e2f-a2f9-cb59c0177309/in_use.lock acquired by nodename 19495@pr-hdds-1569-s62bp-3040748787
2019-09-25 07:05:25,056 [62ec8eb9-3ae9-4136-b70a-2caf3716fa7f@group-E6F9350C10F4:LeaderElection167] INFO  impl.RaftServerImpl (ServerState.java:setRaftConf(354)) - 62ec8eb9-3ae9-4136-b70a-2caf3716fa7f@group-E6F9350C10F4: set configuration 0: [24bf2945-a329-4da6-aaf2-23ecd8d462c6:192.168.30.10:42867, e568d23f-199e-48ce-91e4-5c166e2e97cd:192.168.30.10:42827, 62ec8eb9-3ae9-4136-b70a-2caf3716fa7f:192.168.30.10:44715], old=null at 0
2019-09-25 07:05:25,060 [grpc-default-executor-5] INFO  impl.RaftServerImpl (ServerState.java:setLeader(253)) - 24bf2945-a329-4da6-aaf2-23ecd8d462c6@group-E6F9350C10F4: change Leader from null to 62ec8eb9-3ae9-4136-b70a-2caf3716fa7f at term 2 for appendEntries, leader elected after 24041ms
2019-09-25 07:05:25,060 [grpc-default-executor-1] INFO  impl.RaftServerImpl (ServerState.java:setLeader(253)) - e568d23f-199e-48ce-91e4-5c166e2e97cd@group-E6F9350C10F4: change Leader from null to 62ec8eb9-3ae9-4136-b70a-2caf3716fa7f at term 2 for appendEntries, leader elected after 24035ms
2019-09-25 07:05:25,064 [grpc-default-executor-5] INFO  impl.RaftServerImpl (ServerState.java:setRaftConf(354)) - e568d23f-199e-48ce-91e4-5c166e2e97cd@group-E6F9350C10F4: set configuration 0: [24bf2945-a329-4da6-aaf2-23ecd8d462c6:192.168.30.10:42867, e568d23f-199e-48ce-91e4-5c166e2e97cd:192.168.30.10:42827, 62ec8eb9-3ae9-4136-b70a-2caf3716fa7f:192.168.30.10:44715], old=null at 0
2019-09-25 07:05:25,064 [grpc-default-executor-1] INFO  impl.RaftServerImpl (ServerState.java:setRaftConf(354)) - 24bf2945-a329-4da6-aaf2-23ecd8d462c6@group-E6F9350C10F4: set configuration 0: [24bf2945-a329-4da6-aaf2-23ecd8d462c6:192.168.30.10:42867, e568d23f-199e-48ce-91e4-5c166e2e97cd:192.168.30.10:42827, 62ec8eb9-3ae9-4136-b70a-2caf3716fa7f:192.168.30.10:44715], old=null at 0
2019-09-25 07:05:25,064 [grpc-default-executor-5] INFO  segmented.SegmentedRaftLogWorker (SegmentedRaftLogWorker.java:startLogSegment(380)) - e568d23f-199e-48ce-91e4-5c166e2e97cd@group-E6F9350C10F4-SegmentedRaftLogWorker: Starting segment from index:0
2019-09-25 07:05:25,064 [grpc-default-executor-1] INFO  segmented.SegmentedRaftLogWorker (SegmentedRaftLogWorker.java:startLogSegment(380)) - 24bf2945-a329-4da6-aaf2-23ecd8d462c6@group-E6F9350C10F4-SegmentedRaftLogWorker: Starting segment from index:0
2019-09-25 07:05:25,410 [pool-37-thread-1] INFO  storage.RaftStorage (RaftStorage.java:format(72)) - Storage directory /workdir/hadoop-ozone/integration-test/target/test-dir/MiniOzoneClusterImpl-39af9574-7a8b-4ed7-b830-bf686a3d4bb8/datanode-1/data/ratis/4b6ebb46-76b2-4e2f-a2f9-cb59c0177309 has been successfully formatted.
2019-09-25 07:05:25,659 [ForkJoinPool.commonPool-worker-1] INFO  ozoneimpl.OzoneContainer (OzoneContainer.java:stop(231)) - Attempting to stop container services.
2019-09-25 07:05:25,660 [ForkJoinPool.commonPool-worker-1] INFO  impl.RaftServerProxy (RaftServerProxy.java:lambda$close$4(314)) - e568d23f-199e-48ce-91e4-5c166e2e97cd: close
2019-09-25 07:05:25,661 [pool-37-thread-1] INFO  ratis.ContainerStateMachine (ContainerStateMachine.java:loadSnapshot(230)) - group-CB59C0177309: The snapshot info is null. Setting the last applied indexto:(t:0, i:~)
2019-09-25 07:05:25,661 [pool-37-thread-1] INFO  server.RaftServerConfigKeys (ConfUtils.java:logGet(43)) - raft.server.notification.no-leader.timeout = 120s (custom)
2019-09-25 07:05:25,661 [main] INFO  ozoneimpl.OzoneContainer (OzoneContainer.java:stop(231)) - Attempting to stop container services.
2019-09-25 07:05:25,661 [pool-37-thread-1] INFO  server.RaftServerConfigKeys (ConfUtils.java:logGet(43)) - raft.server.log.use.memory = false (default)
2019-09-25 07:05:25,662 [pool-37-thread-1] INFO  server.RaftServerConfigKeys (ConfUtils.java:logGet(43)) - raft.server.log.purge.gap = 1000000 (custom)
2019-09-25 07:05:25,662 [pool-37-thread-1] INFO  server.RaftServerConfigKeys (ConfUtils.java:logGet(43)) - raft.server.log.appender.buffer.byte-limit = 33554432 (custom)
2019-09-25 07:05:25,662 [ForkJoinPool.commonPool-worker-1] INFO  impl.RaftServerImpl (RaftServerImpl.java:lambda$shutdown$3(251)) - e568d23f-199e-48ce-91e4-5c166e2e97cd@group-DA2F624ADC98: shutdown
2019-09-25 07:05:25,663 [pool-37-thread-1] INFO  server.RaftServerConfigKeys (ConfUtils.java:logGet(43)) - raft.server.log.segment.size.max = 1048576 (custom)
2019-09-25 07:05:25,663 [ForkJoinPool.commonPool-worker-1] INFO  util.JmxRegister (JmxRegister.java:unregister(73)) - Successfully un-registered JMX Bean with object name Ratis:service=RaftServer,group=group-DA2F624ADC98,id=e568d23f-199e-48ce-91e4-5c166e2e97cd
2019-09-25 07:05:25,663 [pool-37-thread-1] INFO  server.RaftServerConfigKeys (ConfUtils.java:logGet(43)) - raft.server.log.segment.cache.num.max = 2 (custom)
2019-09-25 07:05:25,663 [ForkJoinPool.commonPool-worker-1] INFO  impl.RoleInfo (RoleInfo.java:shutdownLeaderState(104)) - e568d23f-199e-48ce-91e4-5c166e2e97cd: shutdown LeaderState
2019-09-25 07:05:25,664 [pool-37-thread-1] INFO  segmented.SegmentedRaftLogWorker (SegmentedRaftLogWorker.java:<init>(172)) - new 62ec8eb9-3ae9-4136-b70a-2caf3716fa7f@group-CB59C0177309-SegmentedRaftLogWorker for RaftStorage:Storage Directory /workdir/hadoop-ozone/integration-test/target/test-dir/MiniOzoneClusterImpl-39af9574-7a8b-4ed7-b830-bf686a3d4bb8/datanode-1/data/ratis/4b6ebb46-76b2-4e2f-a2f9-cb59c0177309
2019-09-25 07:05:25,664 [ForkJoinPool.commonPool-worker-1] INFO  impl.PendingRequests (PendingRequests.java:sendNotLeaderResponses(202)) - e568d23f-199e-48ce-91e4-5c166e2e97cd-PendingRequests: sendNotLeaderResponses
2019-09-25 07:05:25,664 [pool-37-thread-1] INFO  server.RaftServerConfigKeys (ConfUtils.java:logGet(43)) - raft.server.log.queue.byte-limit = 2147483647 (custom)
2019-09-25 07:05:25,665 [ForkJoinPool.commonPool-worker-1] INFO  impl.StateMachineUpdater (StateMachineUpdater.java:stopAndJoin(125)) - e568d23f-199e-48ce-91e4-5c166e2e97cd@group-DA2F624ADC98-StateMachineUpdater: set stopIndex = 0
2019-09-25 07:05:25,665 [pool-37-thread-1] INFO  server.RaftServerConfigKeys (ConfUtils.java:logGet(43)) - raft.server.log.queue.element-limit = 1024 (custom)
2019-09-25 07:05:25,665 [pool-37-thread-1] INFO  server.RaftServerConfigKeys (ConfUtils.java:logGet(43)) - raft.server.log.segment.size.max = 1048576 (custom)
2019-09-25 07:05:25,665 [ForkJoinPool.commonPool-worker-1] INFO  impl.RaftServerImpl (ServerState.java:close(385)) - e568d23f-199e-48ce-91e4-5c166e2e97cd@group-DA2F624ADC98: closes. applyIndex: 0
2019-09-25 07:05:25,665 [pool-37-thread-1] INFO  server.RaftServerConfigKeys (ConfUtils.java:logGet(43)) - raft.server.log.preallocated.size = 16384 (custom)
2019-09-25 07:05:25,666 [pool-37-thread-1] INFO  server.RaftServerConfigKeys (ConfUtils.java:logGet(43)) - raft.server.log.write.buffer.size = 33554432 (custom)
2019-09-25 07:05:25,666 [e568d23f-199e-48ce-91e4-5c166e2e97cd@group-DA2F624ADC98-SegmentedRaftLogWorker] INFO  segmented.SegmentedRaftLogWorker (SegmentedRaftLogWorker.java:run(313)) - e568d23f-199e-48ce-91e4-5c166e2e97cd@group-DA2F624ADC98-SegmentedRaftLogWorker was interrupted, exiting. There are 0 tasks remaining in the queue.
2019-09-25 07:05:25,666 [pool-37-thread-1] INFO  server.RaftServerConfigKeys (ConfUtils.java:logGet(43)) - raft.server.log.force.sync.num = 128 (default)
2019-09-25 07:05:25,673 [pool-37-thread-1] INFO  server.RaftServerConfigKeys (ConfUtils.java:logGet(43)) - raft.server.log.statemachine.data.sync = true (default)
2019-09-25 07:05:25,673 [ForkJoinPool.commonPool-worker-1] INFO  segmented.SegmentedRaftLogWorker (SegmentedRaftLogWorker.java:close(228)) - e568d23f-199e-48ce-91e4-5c166e2e97cd@group-DA2F624ADC98-SegmentedRaftLogWorker close()
2019-09-25 07:05:25,673 [pool-37-thread-1] INFO  server.RaftServerConfigKeys (ConfUtils.java:logGet(43)) - raft.server.log.statemachine.data.sync.timeout = 10s (default)
2019-09-25 07:05:25,674 [ForkJoinPool.commonPool-worker-1] INFO  impl.RaftServerImpl (RaftServerImpl.java:lambda$shutdown$3(251)) - e568d23f-199e-48ce-91e4-5c166e2e97cd@group-168F2919D0EC: shutdown
2019-09-25 07:05:25,674 [pool-37-thread-1] INFO  server.RaftServerConfigKeys (ConfUtils.java:logGet(43)) - raft.server.log.statemachine.data.sync.timeout.retry = -1 (default)
2019-09-25 07:05:25,674 [ForkJoinPool.commonPool-worker-1] INFO  util.JmxRegister (JmxRegister.java:unregister(73)) - Successfully un-registered JMX Bean with object name Ratis:service=RaftServer,group=group-168F2919D0EC,id=e568d23f-199e-48ce-91e4-5c166e2e97cd
2019-09-25 07:05:25,674 [pool-37-thread-1] INFO  server.RaftServerConfigKeys (ConfUtils.java:logGet(43)) - raft.server.log.statemachine.data.caching.enabled = true (custom)
2019-09-25 07:05:25,675 [ForkJoinPool.commonPool-worker-1] INFO  impl.RoleInfo (RoleInfo.java:shutdownFollowerState(121)) - e568d23f-199e-48ce-91e4-5c166e2e97cd: shutdown FollowerState
2019-09-25 07:05:25,675 [pool-37-thread-1] INFO  segmented.SegmentedRaftLogWorker (SegmentedRaftLogWorker.java:lambda$new$0(132)) - 62ec8eb9-3ae9-4136-b70a-2caf3716fa7f@group-CB59C0177309-SegmentedRaftLogWorker: flushIndex: setUnconditionally 0 -> -1
2019-09-25 07:05:25,675 [ForkJoinPool.commonPool-worker-1] INFO  impl.StateMachineUpdater (StateMachineUpdater.java:stopAndJoin(125)) - e568d23f-199e-48ce-91e4-5c166e2e97cd@group-168F2919D0EC-StateMachineUpdater: set stopIndex = -1
2019-09-25 07:05:25,676 [pool-37-thread-1] INFO  server.RaftServerConfigKeys (ConfUtils.java:logGet(43)) - raft.server.snapshot.auto.trigger.enabled = true (custom)
2019-09-25 07:05:25,676 [pool-37-thread-1] INFO  server.RaftServerConfigKeys (ConfUtils.java:logGet(43)) - raft.server.snapshot.auto.trigger.threshold = 10000 (custom)
2019-09-25 07:05:25,675 [Thread-1048] INFO  impl.FollowerState (FollowerState.java:run(115)) - e568d23f-199e-48ce-91e4-5c166e2e97cd: FollowerState was interrupted: java.lang.InterruptedException: sleep interrupted
2019-09-25 07:05:25,676 [pool-37-thread-1] INFO  server.RaftServerConfigKeys (ConfUtils.java:logGet(43)) - raft.server.snapshot.retention.num.files = 5 (custom)
2019-09-25 07:05:25,676 [ForkJoinPool.commonPool-worker-1] INFO  impl.RaftServerImpl (ServerState.java:close(385)) - e568d23f-199e-48ce-91e4-5c166e2e97cd@group-168F2919D0EC: closes. applyIndex: -1
2019-09-25 07:05:25,676 [pool-37-thread-1] INFO  server.RaftServerConfigKeys (ConfUtils.java:logGet(43)) - raft.server.retrycache.expirytime = 600000ms (custom)
2019-09-25 07:05:25,677 [e568d23f-199e-48ce-91e4-5c166e2e97cd@group-168F2919D0EC-SegmentedRaftLogWorker] INFO  segmented.SegmentedRaftLogWorker (SegmentedRaftLogWorker.java:run(313)) - e568d23f-199e-48ce-91e4-5c166e2e97cd@group-168F2919D0EC-SegmentedRaftLogWorker was interrupted, exiting. There are 0 tasks remaining in the queue.
2019-09-25 07:05:25,677 [ForkJoinPool.commonPool-worker-1] INFO  segmented.SegmentedRaftLogWorker (SegmentedRaftLogWorker.java:close(228)) - e568d23f-199e-48ce-91e4-5c166e2e97cd@group-168F2919D0EC-SegmentedRaftLogWorker close()
2019-09-25 07:05:25,683 [ForkJoinPool.commonPool-worker-1] INFO  impl.RaftServerImpl (RaftServerImpl.java:lambda$shutdown$3(251)) - e568d23f-199e-48ce-91e4-5c166e2e97cd@group-8384C13E7372: shutdown
2019-09-25 07:05:25,683 [ForkJoinPool.commonPool-worker-1] INFO  util.JmxRegister (JmxRegister.java:unregister(73)) - Successfully un-registered JMX Bean with object name Ratis:service=RaftServer,group=group-8384C13E7372,id=e568d23f-199e-48ce-91e4-5c166e2e97cd
2019-09-25 07:05:25,683 [ForkJoinPool.commonPool-worker-1] INFO  impl.RoleInfo (RoleInfo.java:shutdownLeaderState(104)) - e568d23f-199e-48ce-91e4-5c166e2e97cd: shutdown LeaderState
2019-09-25 07:05:25,684 [ForkJoinPool.commonPool-worker-1] INFO  impl.PendingRequests (PendingRequests.java:sendNotLeaderResponses(202)) - e568d23f-199e-48ce-91e4-5c166e2e97cd-PendingRequests: sendNotLeaderResponses
2019-09-25 07:05:25,684 [ForkJoinPool.commonPool-worker-1] INFO  impl.StateMachineUpdater (StateMachineUpdater.java:stopAndJoin(125)) - e568d23f-199e-48ce-91e4-5c166e2e97cd@group-8384C13E7372-StateMachineUpdater: set stopIndex = 0
2019-09-25 07:05:25,686 [ForkJoinPool.commonPool-worker-1] INFO  impl.RaftServerImpl (ServerState.java:close(385)) - e568d23f-199e-48ce-91e4-5c166e2e97cd@group-8384C13E7372: closes. applyIndex: 0
2019-09-25 07:05:25,686 [pool-37-thread-1] INFO  impl.RaftServerProxy (RaftServerProxy.java:remove(95)) - 62ec8eb9-3ae9-4136-b70a-2caf3716fa7f: remove      null 62ec8eb9-3ae9-4136-b70a-2caf3716fa7f@group-CB59C0177309:t0, leader=null, voted=null, raftlog=62ec8eb9-3ae9-4136-b70a-2caf3716fa7f@group-CB59C0177309-SegmentedRaftLog:OPENED:c-1,f-1,i0, conf=-1: [62ec8eb9-3ae9-4136-b70a-2caf3716fa7f:192.168.30.10:44715], old=null NEW
2019-09-25 07:05:25,686 [e568d23f-199e-48ce-91e4-5c166e2e97cd@group-8384C13E7372-SegmentedRaftLogWorker] INFO  segmented.SegmentedRaftLogWorker (SegmentedRaftLogWorker.java:run(313)) - e568d23f-199e-48ce-91e4-5c166e2e97cd@group-8384C13E7372-SegmentedRaftLogWorker was interrupted, exiting. There are 0 tasks remaining in the queue.
2019-09-25 07:05:25,687 [ForkJoinPool.commonPool-worker-1] INFO  segmented.SegmentedRaftLogWorker (SegmentedRaftLogWorker.java:close(228)) - e568d23f-199e-48ce-91e4-5c166e2e97cd@group-8384C13E7372-SegmentedRaftLogWorker close()
2019-09-25 07:05:25,687 [ForkJoinPool.commonPool-worker-1] INFO  impl.RaftServerImpl (RaftServerImpl.java:lambda$shutdown$3(251)) - e568d23f-199e-48ce-91e4-5c166e2e97cd@group-CDDACB40ABB9: shutdown
2019-09-25 07:05:25,687 [ForkJoinPool.commonPool-worker-1] INFO  util.JmxRegister (JmxRegister.java:unregister(73)) - Successfully un-registered JMX Bean with object name Ratis:service=RaftServer,group=group-CDDACB40ABB9,id=e568d23f-199e-48ce-91e4-5c166e2e97cd
2019-09-25 07:05:25,688 [ForkJoinPool.commonPool-worker-1] INFO  impl.RoleInfo (RoleInfo.java:shutdownFollowerState(121)) - e568d23f-199e-48ce-91e4-5c166e2e97cd: shutdown FollowerState
2019-09-25 07:05:25,688 [pool-37-thread-1] WARN  impl.RaftServerProxy (RaftServerProxy.java:lambda$groupAddAsync$11(388)) - 62ec8eb9-3ae9-4136-b70a-2caf3716fa7f: Failed groupAdd* GroupManagementRequest:client-69CE2C89F348->62ec8eb9-3ae9-4136-b70a-2caf3716fa7f@group-CB59C0177309, cid=251, seq=0, RW, null, Add:group-CB59C0177309:[62ec8eb9-3ae9-4136-b70a-2caf3716fa7f:192.168.30.10:44715]
java.util.concurrent.CompletionException: java.util.concurrent.RejectedExecutionException: Task java.util.concurrent.CompletableFuture$UniApply@185ca0e2 rejected from java.util.concurrent.ThreadPoolExecutor@4c26fb3c[Shutting down, pool size = 1, active threads = 1, queued tasks = 0, completed tasks = 186]
	at java.util.concurrent.CompletableFuture.encodeThrowable(CompletableFuture.java:273)
	at java.util.concurrent.CompletableFuture.completeThrowable(CompletableFuture.java:280)
	at java.util.concurrent.CompletableFuture.uniApply(CompletableFuture.java:604)
	at java.util.concurrent.CompletableFuture$UniApply.tryFire(CompletableFuture.java:577)
	at java.util.concurrent.CompletableFuture.postComplete(CompletableFuture.java:474)
	at java.util.concurrent.CompletableFuture$AsyncSupply.run(CompletableFuture.java:1595)
	at java.util.concurrent.ThreadPoolExecutor.runWorker(ThreadPoolExecutor.java:1149)
	at java.util.concurrent.ThreadPoolExecutor$Worker.run(ThreadPoolExecutor.java:624)
	at java.lang.Thread.run(Thread.java:748)
Caused by: java.util.concurrent.RejectedExecutionException: Task java.util.concurrent.CompletableFuture$UniApply@185ca0e2 rejected from java.util.concurrent.ThreadPoolExecutor@4c26fb3c[Shutting down, pool size = 1, active threads = 1, queued tasks = 0, completed tasks = 186]
	at java.util.concurrent.ThreadPoolExecutor$AbortPolicy.rejectedExecution(ThreadPoolExecutor.java:2063)
	at java.util.concurrent.ThreadPoolExecutor.reject(ThreadPoolExecutor.java:830)
	at java.util.concurrent.ThreadPoolExecutor.execute(ThreadPoolExecutor.java:1379)
	at java.util.concurrent.Executors$DelegatedExecutorService.execute(Executors.java:668)
	at java.util.concurrent.CompletableFuture$UniCompletion.claim(CompletableFuture.java:529)
	at java.util.concurrent.CompletableFuture.uniApply(CompletableFuture.java:599)
	... 6 more
2019-09-25 07:05:25,688 [Thread-1285] INFO  impl.FollowerState (FollowerState.java:run(115)) - e568d23f-199e-48ce-91e4-5c166e2e97cd: FollowerState was interrupted: java.lang.InterruptedException: sleep interrupted
2019-09-25 07:05:25,688 [ForkJoinPool.commonPool-worker-1] INFO  impl.StateMachineUpdater (StateMachineUpdater.java:stopAndJoin(125)) - e568d23f-199e-48ce-91e4-5c166e2e97cd@group-CDDACB40ABB9-StateMachineUpdater: set stopIndex = -1
2019-09-25 07:05:25,689 [main] INFO  impl.RaftServerProxy (RaftServerProxy.java:lambda$close$4(314)) - 62ec8eb9-3ae9-4136-b70a-2caf3716fa7f: close
2019-09-25 07:05:25,689 [ForkJoinPool.commonPool-worker-1] INFO  impl.RaftServerImpl (ServerState.java:close(385)) - e568d23f-199e-48ce-91e4-5c166e2e97cd@group-CDDACB40ABB9: closes. applyIndex: -1
2019-09-25 07:05:25,690 [main] INFO  impl.RaftServerImpl (RaftServerImpl.java:lambda$shutdown$3(251)) - 62ec8eb9-3ae9-4136-b70a-2caf3716fa7f@group-868C17D74389: shutdown
2019-09-25 07:05:25,690 [e568d23f-199e-48ce-91e4-5c166e2e97cd@group-CDDACB40ABB9-SegmentedRaftLogWorker] INFO  segmented.SegmentedRaftLogWorker (SegmentedRaftLogWorker.java:run(313)) - e568d23f-199e-48ce-91e4-5c166e2e97cd@group-CDDACB40ABB9-SegmentedRaftLogWorker was interrupted, exiting. There are 0 tasks remaining in the queue.
2019-09-25 07:05:25,691 [main] INFO  util.JmxRegister (JmxRegister.java:unregister(73)) - Successfully un-registered JMX Bean with object name Ratis:service=RaftServer,group=group-868C17D74389,id=62ec8eb9-3ae9-4136-b70a-2caf3716fa7f
2019-09-25 07:05:25,691 [main] INFO  impl.RoleInfo (RoleInfo.java:shutdownFollowerState(121)) - 62ec8eb9-3ae9-4136-b70a-2caf3716fa7f: shutdown FollowerState
2019-09-25 07:05:25,691 [ForkJoinPool.commonPool-worker-1] INFO  segmented.SegmentedRaftLogWorker (SegmentedRaftLogWorker.java:close(228)) - e568d23f-199e-48ce-91e4-5c166e2e97cd@group-CDDACB40ABB9-SegmentedRaftLogWorker close()
2019-09-25 07:05:25,692 [Thread-1066] INFO  impl.FollowerState (FollowerState.java:run(115)) - 62ec8eb9-3ae9-4136-b70a-2caf3716fa7f: FollowerState was interrupted: java.lang.InterruptedException: sleep interrupted
2019-09-25 07:05:25,692 [main] INFO  impl.StateMachineUpdater (StateMachineUpdater.java:stopAndJoin(125)) - 62ec8eb9-3ae9-4136-b70a-2caf3716fa7f@group-868C17D74389-StateMachineUpdater: set stopIndex = -1
2019-09-25 07:05:25,697 [ForkJoinPool.commonPool-worker-1] INFO  impl.RaftServerImpl (RaftServerImpl.java:lambda$shutdown$3(251)) - e568d23f-199e-48ce-91e4-5c166e2e97cd@group-6114E45ACC19: shutdown
2019-09-25 07:05:25,697 [main] INFO  impl.RaftServerImpl (ServerState.java:close(385)) - 62ec8eb9-3ae9-4136-b70a-2caf3716fa7f@group-868C17D74389: closes. applyIndex: -1
2019-09-25 07:05:25,698 [ForkJoinPool.commonPool-worker-1] INFO  util.JmxRegister (JmxRegister.java:unregister(73)) - Successfully un-registered JMX Bean with object name Ratis:service=RaftServer,group=group-6114E45ACC19,id=e568d23f-199e-48ce-91e4-5c166e2e97cd
2019-09-25 07:05:25,698 [ForkJoinPool.commonPool-worker-1] INFO  impl.RoleInfo (RoleInfo.java:shutdownFollowerState(121)) - e568d23f-199e-48ce-91e4-5c166e2e97cd: shutdown FollowerState
2019-09-25 07:05:25,699 [62ec8eb9-3ae9-4136-b70a-2caf3716fa7f@group-868C17D74389-SegmentedRaftLogWorker] INFO  segmented.SegmentedRaftLogWorker (SegmentedRaftLogWorker.java:run(313)) - 62ec8eb9-3ae9-4136-b70a-2caf3716fa7f@group-868C17D74389-SegmentedRaftLogWorker was interrupted, exiting. There are 0 tasks remaining in the queue.
2019-09-25 07:05:25,699 [ForkJoinPool.commonPool-worker-1] INFO  impl.StateMachineUpdater (StateMachineUpdater.java:stopAndJoin(125)) - e568d23f-199e-48ce-91e4-5c166e2e97cd@group-6114E45ACC19-StateMachineUpdater: set stopIndex = -1
2019-09-25 07:05:25,699 [Thread-1084] INFO  impl.FollowerState (FollowerState.java:run(115)) - e568d23f-199e-48ce-91e4-5c166e2e97cd: FollowerState was interrupted: java.lang.InterruptedException: sleep interrupted
2019-09-25 07:05:25,699 [main] INFO  segmented.SegmentedRaftLogWorker (SegmentedRaftLogWorker.java:close(228)) - 62ec8eb9-3ae9-4136-b70a-2caf3716fa7f@group-868C17D74389-SegmentedRaftLogWorker close()
2019-09-25 07:05:25,699 [ForkJoinPool.commonPool-worker-1] INFO  impl.RaftServerImpl (ServerState.java:close(385)) - e568d23f-199e-48ce-91e4-5c166e2e97cd@group-6114E45ACC19: closes. applyIndex: -1
2019-09-25 07:05:25,706 [main] INFO  impl.RaftServerImpl (RaftServerImpl.java:lambda$shutdown$3(251)) - 62ec8eb9-3ae9-4136-b70a-2caf3716fa7f@group-F9848A4894EC: shutdown
2019-09-25 07:05:25,707 [e568d23f-199e-48ce-91e4-5c166e2e97cd@group-6114E45ACC19-SegmentedRaftLogWorker] INFO  segmented.SegmentedRaftLogWorker (SegmentedRaftLogWorker.java:run(313)) - e568d23f-199e-48ce-91e4-5c166e2e97cd@group-6114E45ACC19-SegmentedRaftLogWorker was interrupted, exiting. There are 0 tasks remaining in the queue.
2019-09-25 07:05:25,707 [main] INFO  util.JmxRegister (JmxRegister.java:unregister(73)) - Successfully un-registered JMX Bean with object name Ratis:service=RaftServer,group=group-F9848A4894EC,id=62ec8eb9-3ae9-4136-b70a-2caf3716fa7f
2019-09-25 07:05:25,707 [ForkJoinPool.commonPool-worker-1] INFO  segmented.SegmentedRaftLogWorker (SegmentedRaftLogWorker.java:close(228)) - e568d23f-199e-48ce-91e4-5c166e2e97cd@group-6114E45ACC19-SegmentedRaftLogWorker close()
2019-09-25 07:05:25,707 [main] INFO  impl.RoleInfo (RoleInfo.java:shutdownLeaderState(104)) - 62ec8eb9-3ae9-4136-b70a-2caf3716fa7f: shutdown LeaderState
2019-09-25 07:05:25,712 [ForkJoinPool.commonPool-worker-1] INFO  impl.RaftServerImpl (RaftServerImpl.java:lambda$shutdown$3(251)) - e568d23f-199e-48ce-91e4-5c166e2e97cd@group-D7165F971FE4: shutdown
2019-09-25 07:05:25,713 [main] INFO  impl.PendingRequests (PendingRequests.java:sendNotLeaderResponses(202)) - 62ec8eb9-3ae9-4136-b70a-2caf3716fa7f-PendingRequests: sendNotLeaderResponses
2019-09-25 07:05:25,713 [ForkJoinPool.commonPool-worker-1] INFO  util.JmxRegister (JmxRegister.java:unregister(73)) - Successfully un-registered JMX Bean with object name Ratis:service=RaftServer,group=group-D7165F971FE4,id=e568d23f-199e-48ce-91e4-5c166e2e97cd
2019-09-25 07:05:25,713 [ForkJoinPool.commonPool-worker-1] INFO  impl.RoleInfo (RoleInfo.java:shutdownFollowerState(121)) - e568d23f-199e-48ce-91e4-5c166e2e97cd: shutdown FollowerState
2019-09-25 07:05:25,713 [main] INFO  impl.StateMachineUpdater (StateMachineUpdater.java:stopAndJoin(125)) - 62ec8eb9-3ae9-4136-b70a-2caf3716fa7f@group-F9848A4894EC-StateMachineUpdater: set stopIndex = 0
2019-09-25 07:05:25,714 [Thread-1246] INFO  impl.FollowerState (FollowerState.java:run(115)) - e568d23f-199e-48ce-91e4-5c166e2e97cd: FollowerState was interrupted: java.lang.InterruptedException: sleep interrupted
2019-09-25 07:05:25,714 [ForkJoinPool.commonPool-worker-1] INFO  impl.StateMachineUpdater (StateMachineUpdater.java:stopAndJoin(125)) - e568d23f-199e-48ce-91e4-5c166e2e97cd@group-D7165F971FE4-StateMachineUpdater: set stopIndex = -1
2019-09-25 07:05:25,714 [ForkJoinPool.commonPool-worker-1] INFO  impl.RaftServerImpl (ServerState.java:close(385)) - e568d23f-199e-48ce-91e4-5c166e2e97cd@group-D7165F971FE4: closes. applyIndex: -1
2019-09-25 07:05:25,714 [main] INFO  impl.RaftServerImpl (ServerState.java:close(385)) - 62ec8eb9-3ae9-4136-b70a-2caf3716fa7f@group-F9848A4894EC: closes. applyIndex: 0
2019-09-25 07:05:25,715 [e568d23f-199e-48ce-91e4-5c166e2e97cd@group-D7165F971FE4-SegmentedRaftLogWorker] INFO  segmented.SegmentedRaftLogWorker (SegmentedRaftLogWorker.java:run(313)) - e568d23f-199e-48ce-91e4-5c166e2e97cd@group-D7165F971FE4-SegmentedRaftLogWorker was interrupted, exiting. There are 0 tasks remaining in the queue.
2019-09-25 07:05:25,715 [ForkJoinPool.commonPool-worker-1] INFO  segmented.SegmentedRaftLogWorker (SegmentedRaftLogWorker.java:close(228)) - e568d23f-199e-48ce-91e4-5c166e2e97cd@group-D7165F971FE4-SegmentedRaftLogWorker close()
2019-09-25 07:05:25,715 [62ec8eb9-3ae9-4136-b70a-2caf3716fa7f@group-F9848A4894EC-SegmentedRaftLogWorker] INFO  segmented.SegmentedRaftLogWorker (SegmentedRaftLogWorker.java:run(313)) - 62ec8eb9-3ae9-4136-b70a-2caf3716fa7f@group-F9848A4894EC-SegmentedRaftLogWorker was interrupted, exiting. There are 0 tasks remaining in the queue.
2019-09-25 07:05:25,720 [ForkJoinPool.commonPool-worker-1] INFO  impl.RaftServerImpl (RaftServerImpl.java:lambda$shutdown$3(251)) - e568d23f-199e-48ce-91e4-5c166e2e97cd@group-9955803015F0: shutdown
2019-09-25 07:05:25,720 [main] INFO  segmented.SegmentedRaftLogWorker (SegmentedRaftLogWorker.java:close(228)) - 62ec8eb9-3ae9-4136-b70a-2caf3716fa7f@group-F9848A4894EC-SegmentedRaftLogWorker close()
2019-09-25 07:05:25,720 [ForkJoinPool.commonPool-worker-1] INFO  util.JmxRegister (JmxRegister.java:unregister(73)) - Successfully un-registered JMX Bean with object name Ratis:service=RaftServer,group=group-9955803015F0,id=e568d23f-199e-48ce-91e4-5c166e2e97cd
2019-09-25 07:05:25,721 [main] INFO  impl.RaftServerImpl (RaftServerImpl.java:lambda$shutdown$3(251)) - 62ec8eb9-3ae9-4136-b70a-2caf3716fa7f@group-A97C250625DF: shutdown
2019-09-25 07:05:25,721 [ForkJoinPool.commonPool-worker-1] INFO  impl.RoleInfo (RoleInfo.java:shutdownFollowerState(121)) - e568d23f-199e-48ce-91e4-5c166e2e97cd: shutdown FollowerState
2019-09-25 07:05:25,722 [main] INFO  util.JmxRegister (JmxRegister.java:unregister(73)) - Successfully un-registered JMX Bean with object name Ratis:service=RaftServer,group=group-A97C250625DF,id=62ec8eb9-3ae9-4136-b70a-2caf3716fa7f
2019-09-25 07:05:25,722 [Thread-1156] INFO  impl.FollowerState (FollowerState.java:run(115)) - e568d23f-199e-48ce-91e4-5c166e2e97cd: FollowerState was interrupted: java.lang.InterruptedException: sleep interrupted
2019-09-25 07:05:25,722 [ForkJoinPool.commonPool-worker-1] INFO  impl.StateMachineUpdater (StateMachineUpdater.java:stopAndJoin(125)) - e568d23f-199e-48ce-91e4-5c166e2e97cd@group-9955803015F0-StateMachineUpdater: set stopIndex = -1
2019-09-25 07:05:25,722 [main] INFO  impl.RoleInfo (RoleInfo.java:shutdownFollowerState(121)) - 62ec8eb9-3ae9-4136-b70a-2caf3716fa7f: shutdown FollowerState
2019-09-25 07:05:25,723 [ForkJoinPool.commonPool-worker-1] INFO  impl.RaftServerImpl (ServerState.java:close(385)) - e568d23f-199e-48ce-91e4-5c166e2e97cd@group-9955803015F0: closes. applyIndex: -1
2019-09-25 07:05:25,723 [main] INFO  impl.StateMachineUpdater (StateMachineUpdater.java:stopAndJoin(125)) - 62ec8eb9-3ae9-4136-b70a-2caf3716fa7f@group-A97C250625DF-StateMachineUpdater: set stopIndex = -1
2019-09-25 07:05:25,724 [e568d23f-199e-48ce-91e4-5c166e2e97cd@group-9955803015F0-SegmentedRaftLogWorker] INFO  segmented.SegmentedRaftLogWorker (SegmentedRaftLogWorker.java:run(313)) - e568d23f-199e-48ce-91e4-5c166e2e97cd@group-9955803015F0-SegmentedRaftLogWorker was interrupted, exiting. There are 0 tasks remaining in the queue.
2019-09-25 07:05:25,723 [Thread-1075] INFO  impl.FollowerState (FollowerState.java:run(115)) - 62ec8eb9-3ae9-4136-b70a-2caf3716fa7f: FollowerState was interrupted: java.lang.InterruptedException: sleep interrupted
2019-09-25 07:05:25,724 [ForkJoinPool.commonPool-worker-1] INFO  segmented.SegmentedRaftLogWorker (SegmentedRaftLogWorker.java:close(228)) - e568d23f-199e-48ce-91e4-5c166e2e97cd@group-9955803015F0-SegmentedRaftLogWorker close()
2019-09-25 07:05:25,724 [main] INFO  impl.RaftServerImpl (ServerState.java:close(385)) - 62ec8eb9-3ae9-4136-b70a-2caf3716fa7f@group-A97C250625DF: closes. applyIndex: -1
2019-09-25 07:05:25,729 [ForkJoinPool.commonPool-worker-1] INFO  impl.RaftServerImpl (RaftServerImpl.java:lambda$shutdown$3(251)) - e568d23f-199e-48ce-91e4-5c166e2e97cd@group-87F86A630EE0: shutdown
2019-09-25 07:05:25,730 [ForkJoinPool.commonPool-worker-1] INFO  util.JmxRegister (JmxRegister.java:unregister(73)) - Successfully un-registered JMX Bean with object name Ratis:service=RaftServer,group=group-87F86A630EE0,id=e568d23f-199e-48ce-91e4-5c166e2e97cd
2019-09-25 07:05:25,730 [62ec8eb9-3ae9-4136-b70a-2caf3716fa7f@group-A97C250625DF-SegmentedRaftLogWorker] INFO  segmented.SegmentedRaftLogWorker (SegmentedRaftLogWorker.java:run(313)) - 62ec8eb9-3ae9-4136-b70a-2caf3716fa7f@group-A97C250625DF-SegmentedRaftLogWorker was interrupted, exiting. There are 0 tasks remaining in the queue.
2019-09-25 07:05:25,730 [ForkJoinPool.commonPool-worker-1] INFO  impl.RoleInfo (RoleInfo.java:shutdownLeaderState(104)) - e568d23f-199e-48ce-91e4-5c166e2e97cd: shutdown LeaderState
2019-09-25 07:05:25,730 [main] INFO  segmented.SegmentedRaftLogWorker (SegmentedRaftLogWorker.java:close(228)) - 62ec8eb9-3ae9-4136-b70a-2caf3716fa7f@group-A97C250625DF-SegmentedRaftLogWorker close()
2019-09-25 07:05:25,730 [ForkJoinPool.commonPool-worker-1] INFO  impl.PendingRequests (PendingRequests.java:sendNotLeaderResponses(202)) - e568d23f-199e-48ce-91e4-5c166e2e97cd-PendingRequests: sendNotLeaderResponses
2019-09-25 07:05:25,735 [main] INFO  impl.RaftServerImpl (RaftServerImpl.java:lambda$shutdown$3(251)) - 62ec8eb9-3ae9-4136-b70a-2caf3716fa7f@group-AAA3F2B16D53: shutdown
2019-09-25 07:05:25,736 [ForkJoinPool.commonPool-worker-1] INFO  impl.StateMachineUpdater (StateMachineUpdater.java:stopAndJoin(125)) - e568d23f-199e-48ce-91e4-5c166e2e97cd@group-87F86A630EE0-StateMachineUpdater: set stopIndex = 0
2019-09-25 07:05:25,737 [ForkJoinPool.commonPool-worker-1] INFO  impl.RaftServerImpl (ServerState.java:close(385)) - e568d23f-199e-48ce-91e4-5c166e2e97cd@group-87F86A630EE0: closes. applyIndex: 0
2019-09-25 07:05:25,736 [main] INFO  util.JmxRegister (JmxRegister.java:unregister(73)) - Successfully un-registered JMX Bean with object name Ratis:service=RaftServer,group=group-AAA3F2B16D53,id=62ec8eb9-3ae9-4136-b70a-2caf3716fa7f
2019-09-25 07:05:25,737 [e568d23f-199e-48ce-91e4-5c166e2e97cd@group-87F86A630EE0-SegmentedRaftLogWorker] INFO  segmented.SegmentedRaftLogWorker (SegmentedRaftLogWorker.java:run(313)) - e568d23f-199e-48ce-91e4-5c166e2e97cd@group-87F86A630EE0-SegmentedRaftLogWorker was interrupted, exiting. There are 0 tasks remaining in the queue.
2019-09-25 07:05:25,737 [main] INFO  impl.RoleInfo (RoleInfo.java:shutdownFollowerState(121)) - 62ec8eb9-3ae9-4136-b70a-2caf3716fa7f: shutdown FollowerState
2019-09-25 07:05:25,737 [ForkJoinPool.commonPool-worker-1] INFO  segmented.SegmentedRaftLogWorker (SegmentedRaftLogWorker.java:close(228)) - e568d23f-199e-48ce-91e4-5c166e2e97cd@group-87F86A630EE0-SegmentedRaftLogWorker close()
2019-09-25 07:05:25,738 [Thread-1177] INFO  impl.FollowerState (FollowerState.java:run(115)) - 62ec8eb9-3ae9-4136-b70a-2caf3716fa7f: FollowerState was interrupted: java.lang.InterruptedException: sleep interrupted
2019-09-25 07:05:25,738 [main] INFO  impl.StateMachineUpdater (StateMachineUpdater.java:stopAndJoin(125)) - 62ec8eb9-3ae9-4136-b70a-2caf3716fa7f@group-AAA3F2B16D53-StateMachineUpdater: set stopIndex = -1
2019-09-25 07:05:25,738 [ForkJoinPool.commonPool-worker-1] INFO  impl.RaftServerImpl (RaftServerImpl.java:lambda$shutdown$3(251)) - e568d23f-199e-48ce-91e4-5c166e2e97cd@group-632C8215C82D: shutdown
2019-09-25 07:05:25,739 [main] INFO  impl.RaftServerImpl (ServerState.java:close(385)) - 62ec8eb9-3ae9-4136-b70a-2caf3716fa7f@group-AAA3F2B16D53: closes. applyIndex: -1
2019-09-25 07:05:25,739 [ForkJoinPool.commonPool-worker-1] INFO  util.JmxRegister (JmxRegister.java:unregister(73)) - Successfully un-registered JMX Bean with object name Ratis:service=RaftServer,group=group-632C8215C82D,id=e568d23f-199e-48ce-91e4-5c166e2e97cd
2019-09-25 07:05:25,740 [62ec8eb9-3ae9-4136-b70a-2caf3716fa7f@group-AAA3F2B16D53-SegmentedRaftLogWorker] INFO  segmented.SegmentedRaftLogWorker (SegmentedRaftLogWorker.java:run(313)) - 62ec8eb9-3ae9-4136-b70a-2caf3716fa7f@group-AAA3F2B16D53-SegmentedRaftLogWorker was interrupted, exiting. There are 0 tasks remaining in the queue.
2019-09-25 07:05:25,740 [ForkJoinPool.commonPool-worker-1] INFO  impl.RoleInfo (RoleInfo.java:shutdownFollowerState(121)) - e568d23f-199e-48ce-91e4-5c166e2e97cd: shutdown FollowerState
2019-09-25 07:05:25,740 [main] INFO  segmented.SegmentedRaftLogWorker (SegmentedRaftLogWorker.java:close(228)) - 62ec8eb9-3ae9-4136-b70a-2caf3716fa7f@group-AAA3F2B16D53-SegmentedRaftLogWorker close()
2019-09-25 07:05:25,740 [Thread-1204] INFO  impl.FollowerState (FollowerState.java:run(115)) - e568d23f-199e-48ce-91e4-5c166e2e97cd: FollowerState was interrupted: java.lang.InterruptedException: sleep interrupted
2019-09-25 07:05:25,740 [ForkJoinPool.commonPool-worker-1] INFO  impl.StateMachineUpdater (StateMachineUpdater.java:stopAndJoin(125)) - e568d23f-199e-48ce-91e4-5c166e2e97cd@group-632C8215C82D-StateMachineUpdater: set stopIndex = -1
2019-09-25 07:05:25,746 [ForkJoinPool.commonPool-worker-1] INFO  impl.RaftServerImpl (ServerState.java:close(385)) - e568d23f-199e-48ce-91e4-5c166e2e97cd@group-632C8215C82D: closes. applyIndex: -1
2019-09-25 07:05:25,745 [main] INFO  impl.RaftServerImpl (RaftServerImpl.java:lambda$shutdown$3(251)) - 62ec8eb9-3ae9-4136-b70a-2caf3716fa7f@group-7F872AD2EC22: shutdown
2019-09-25 07:05:25,746 [e568d23f-199e-48ce-91e4-5c166e2e97cd@group-632C8215C82D-SegmentedRaftLogWorker] INFO  segmented.SegmentedRaftLogWorker (SegmentedRaftLogWorker.java:run(313)) - e568d23f-199e-48ce-91e4-5c166e2e97cd@group-632C8215C82D-SegmentedRaftLogWorker was interrupted, exiting. There are 0 tasks remaining in the queue.
2019-09-25 07:05:25,746 [main] INFO  util.JmxRegister (JmxRegister.java:unregister(73)) - Successfully un-registered JMX Bean with object name Ratis:service=RaftServer,group=group-7F872AD2EC22,id=62ec8eb9-3ae9-4136-b70a-2caf3716fa7f
2019-09-25 07:05:25,746 [ForkJoinPool.commonPool-worker-1] INFO  segmented.SegmentedRaftLogWorker (SegmentedRaftLogWorker.java:close(228)) - e568d23f-199e-48ce-91e4-5c166e2e97cd@group-632C8215C82D-SegmentedRaftLogWorker close()
2019-09-25 07:05:25,747 [main] INFO  impl.RoleInfo (RoleInfo.java:shutdownLeaderState(104)) - 62ec8eb9-3ae9-4136-b70a-2caf3716fa7f: shutdown LeaderState
2019-09-25 07:05:25,751 [ForkJoinPool.commonPool-worker-1] INFO  impl.RaftServerImpl (RaftServerImpl.java:lambda$shutdown$3(251)) - e568d23f-199e-48ce-91e4-5c166e2e97cd@group-D3A0B063C1F4: shutdown
2019-09-25 07:05:25,752 [main] INFO  impl.PendingRequests (PendingRequests.java:sendNotLeaderResponses(202)) - 62ec8eb9-3ae9-4136-b70a-2caf3716fa7f-PendingRequests: sendNotLeaderResponses
2019-09-25 07:05:25,752 [ForkJoinPool.commonPool-worker-1] INFO  util.JmxRegister (JmxRegister.java:unregister(73)) - Successfully un-registered JMX Bean with object name Ratis:service=RaftServer,group=group-D3A0B063C1F4,id=e568d23f-199e-48ce-91e4-5c166e2e97cd
2019-09-25 07:05:25,752 [main] INFO  impl.StateMachineUpdater (StateMachineUpdater.java:stopAndJoin(125)) - 62ec8eb9-3ae9-4136-b70a-2caf3716fa7f@group-7F872AD2EC22-StateMachineUpdater: set stopIndex = 0
2019-09-25 07:05:25,752 [ForkJoinPool.commonPool-worker-1] INFO  impl.RoleInfo (RoleInfo.java:shutdownLeaderState(104)) - e568d23f-199e-48ce-91e4-5c166e2e97cd: shutdown LeaderState
2019-09-25 07:05:25,753 [main] INFO  impl.RaftServerImpl (ServerState.java:close(385)) - 62ec8eb9-3ae9-4136-b70a-2caf3716fa7f@group-7F872AD2EC22: closes. applyIndex: 0
2019-09-25 07:05:25,753 [ForkJoinPool.commonPool-worker-1] INFO  impl.PendingRequests (PendingRequests.java:sendNotLeaderResponses(202)) - e568d23f-199e-48ce-91e4-5c166e2e97cd-PendingRequests: sendNotLeaderResponses
2019-09-25 07:05:25,754 [62ec8eb9-3ae9-4136-b70a-2caf3716fa7f@group-7F872AD2EC22-SegmentedRaftLogWorker] INFO  segmented.SegmentedRaftLogWorker (SegmentedRaftLogWorker.java:run(313)) - 62ec8eb9-3ae9-4136-b70a-2caf3716fa7f@group-7F872AD2EC22-SegmentedRaftLogWorker was interrupted, exiting. There are 0 tasks remaining in the queue.
2019-09-25 07:05:25,754 [ForkJoinPool.commonPool-worker-1] INFO  impl.StateMachineUpdater (StateMachineUpdater.java:stopAndJoin(125)) - e568d23f-199e-48ce-91e4-5c166e2e97cd@group-D3A0B063C1F4-StateMachineUpdater: set stopIndex = 0
2019-09-25 07:05:25,754 [main] INFO  segmented.SegmentedRaftLogWorker (SegmentedRaftLogWorker.java:close(228)) - 62ec8eb9-3ae9-4136-b70a-2caf3716fa7f@group-7F872AD2EC22-SegmentedRaftLogWorker close()
2019-09-25 07:05:25,755 [ForkJoinPool.commonPool-worker-1] INFO  impl.RaftServerImpl (ServerState.java:close(385)) - e568d23f-199e-48ce-91e4-5c166e2e97cd@group-D3A0B063C1F4: closes. applyIndex: 0
2019-09-25 07:05:25,755 [main] INFO  impl.RaftServerImpl (RaftServerImpl.java:lambda$shutdown$3(251)) - 62ec8eb9-3ae9-4136-b70a-2caf3716fa7f@group-73AFE8BE7D19: shutdown
2019-09-25 07:05:25,755 [e568d23f-199e-48ce-91e4-5c166e2e97cd@group-D3A0B063C1F4-SegmentedRaftLogWorker] INFO  segmented.SegmentedRaftLogWorker (SegmentedRaftLogWorker.java:run(313)) - e568d23f-199e-48ce-91e4-5c166e2e97cd@group-D3A0B063C1F4-SegmentedRaftLogWorker was interrupted, exiting. There are 0 tasks remaining in the queue.
2019-09-25 07:05:25,755 [main] INFO  util.JmxRegister (JmxRegister.java:unregister(73)) - Successfully un-registered JMX Bean with object name Ratis:service=RaftServer,group=group-73AFE8BE7D19,id=62ec8eb9-3ae9-4136-b70a-2caf3716fa7f
2019-09-25 07:05:25,756 [ForkJoinPool.commonPool-worker-1] INFO  segmented.SegmentedRaftLogWorker (SegmentedRaftLogWorker.java:close(228)) - e568d23f-199e-48ce-91e4-5c166e2e97cd@group-D3A0B063C1F4-SegmentedRaftLogWorker close()
2019-09-25 07:05:25,756 [main] INFO  impl.RoleInfo (RoleInfo.java:shutdownFollowerState(121)) - 62ec8eb9-3ae9-4136-b70a-2caf3716fa7f: shutdown FollowerState
2019-09-25 07:05:25,756 [ForkJoinPool.commonPool-worker-1] INFO  impl.RaftServerImpl (RaftServerImpl.java:lambda$shutdown$3(251)) - e568d23f-199e-48ce-91e4-5c166e2e97cd@group-37FC0290CEDB: shutdown
2019-09-25 07:05:25,756 [Thread-1219] INFO  impl.FollowerState (FollowerState.java:run(115)) - 62ec8eb9-3ae9-4136-b70a-2caf3716fa7f: FollowerState was interrupted: java.lang.InterruptedException: sleep interrupted
2019-09-25 07:05:25,756 [main] INFO  impl.StateMachineUpdater (StateMachineUpdater.java:stopAndJoin(125)) - 62ec8eb9-3ae9-4136-b70a-2caf3716fa7f@group-73AFE8BE7D19-StateMachineUpdater: set stopIndex = -1
2019-09-25 07:05:25,757 [ForkJoinPool.commonPool-worker-1] INFO  util.JmxRegister (JmxRegister.java:unregister(73)) - Successfully un-registered JMX Bean with object name Ratis:service=RaftServer,group=group-37FC0290CEDB,id=e568d23f-199e-48ce-91e4-5c166e2e97cd
2019-09-25 07:05:25,757 [main] INFO  impl.RaftServerImpl (ServerState.java:close(385)) - 62ec8eb9-3ae9-4136-b70a-2caf3716fa7f@group-73AFE8BE7D19: closes. applyIndex: -1
2019-09-25 07:05:25,757 [ForkJoinPool.commonPool-worker-1] INFO  impl.RoleInfo (RoleInfo.java:shutdownLeaderState(104)) - e568d23f-199e-48ce-91e4-5c166e2e97cd: shutdown LeaderState
2019-09-25 07:05:25,758 [62ec8eb9-3ae9-4136-b70a-2caf3716fa7f@group-73AFE8BE7D19-SegmentedRaftLogWorker] INFO  segmented.SegmentedRaftLogWorker (SegmentedRaftLogWorker.java:run(313)) - 62ec8eb9-3ae9-4136-b70a-2caf3716fa7f@group-73AFE8BE7D19-SegmentedRaftLogWorker was interrupted, exiting. There are 0 tasks remaining in the queue.
2019-09-25 07:05:25,758 [ForkJoinPool.commonPool-worker-1] INFO  impl.PendingRequests (PendingRequests.java:sendNotLeaderResponses(202)) - e568d23f-199e-48ce-91e4-5c166e2e97cd-PendingRequests: sendNotLeaderResponses
2019-09-25 07:05:25,758 [main] INFO  segmented.SegmentedRaftLogWorker (SegmentedRaftLogWorker.java:close(228)) - 62ec8eb9-3ae9-4136-b70a-2caf3716fa7f@group-73AFE8BE7D19-SegmentedRaftLogWorker close()
2019-09-25 07:05:25,758 [ForkJoinPool.commonPool-worker-1] INFO  impl.StateMachineUpdater (StateMachineUpdater.java:stopAndJoin(125)) - e568d23f-199e-48ce-91e4-5c166e2e97cd@group-37FC0290CEDB-StateMachineUpdater: set stopIndex = 0
2019-09-25 07:05:25,763 [main] INFO  impl.RaftServerImpl (RaftServerImpl.java:lambda$shutdown$3(251)) - 62ec8eb9-3ae9-4136-b70a-2caf3716fa7f@group-47A8EC2720C9: shutdown
2019-09-25 07:05:25,763 [ForkJoinPool.commonPool-worker-1] INFO  impl.RaftServerImpl (ServerState.java:close(385)) - e568d23f-199e-48ce-91e4-5c166e2e97cd@group-37FC0290CEDB: closes. applyIndex: 0
2019-09-25 07:05:25,764 [main] INFO  util.JmxRegister (JmxRegister.java:unregister(73)) - Successfully un-registered JMX Bean with object name Ratis:service=RaftServer,group=group-47A8EC2720C9,id=62ec8eb9-3ae9-4136-b70a-2caf3716fa7f
2019-09-25 07:05:25,764 [main] INFO  impl.RoleInfo (RoleInfo.java:shutdownFollowerState(121)) - 62ec8eb9-3ae9-4136-b70a-2caf3716fa7f: shutdown FollowerState
2019-09-25 07:05:25,764 [e568d23f-199e-48ce-91e4-5c166e2e97cd@group-37FC0290CEDB-SegmentedRaftLogWorker] INFO  segmented.SegmentedRaftLogWorker (SegmentedRaftLogWorker.java:run(313)) - e568d23f-199e-48ce-91e4-5c166e2e97cd@group-37FC0290CEDB-SegmentedRaftLogWorker was interrupted, exiting. There are 0 tasks remaining in the queue.
2019-09-25 07:05:25,765 [Thread-1195] INFO  impl.FollowerState (FollowerState.java:run(115)) - 62ec8eb9-3ae9-4136-b70a-2caf3716fa7f: FollowerState was interrupted: java.lang.InterruptedException: sleep interrupted
2019-09-25 07:05:25,764 [main] INFO  impl.StateMachineUpdater (StateMachineUpdater.java:stopAndJoin(125)) - 62ec8eb9-3ae9-4136-b70a-2caf3716fa7f@group-47A8EC2720C9-StateMachineUpdater: set stopIndex = -1
2019-09-25 07:05:25,765 [main] INFO  impl.RaftServerImpl (ServerState.java:close(385)) - 62ec8eb9-3ae9-4136-b70a-2caf3716fa7f@group-47A8EC2720C9: closes. applyIndex: -1
2019-09-25 07:05:25,765 [ForkJoinPool.commonPool-worker-1] INFO  segmented.SegmentedRaftLogWorker (SegmentedRaftLogWorker.java:close(228)) - e568d23f-199e-48ce-91e4-5c166e2e97cd@group-37FC0290CEDB-SegmentedRaftLogWorker close()
2019-09-25 07:05:25,766 [62ec8eb9-3ae9-4136-b70a-2caf3716fa7f@group-47A8EC2720C9-SegmentedRaftLogWorker] INFO  segmented.SegmentedRaftLogWorker (SegmentedRaftLogWorker.java:run(313)) - 62ec8eb9-3ae9-4136-b70a-2caf3716fa7f@group-47A8EC2720C9-SegmentedRaftLogWorker was interrupted, exiting. There are 0 tasks remaining in the queue.
2019-09-25 07:05:25,766 [ForkJoinPool.commonPool-worker-1] INFO  impl.RaftServerImpl (RaftServerImpl.java:lambda$shutdown$3(251)) - e568d23f-199e-48ce-91e4-5c166e2e97cd@group-45A828CE81C3: shutdown
2019-09-25 07:05:25,766 [main] INFO  segmented.SegmentedRaftLogWorker (SegmentedRaftLogWorker.java:close(228)) - 62ec8eb9-3ae9-4136-b70a-2caf3716fa7f@group-47A8EC2720C9-SegmentedRaftLogWorker close()
2019-09-25 07:05:25,766 [ForkJoinPool.commonPool-worker-1] INFO  util.JmxRegister (JmxRegister.java:unregister(73)) - Successfully un-registered JMX Bean with object name Ratis:service=RaftServer,group=group-45A828CE81C3,id=e568d23f-199e-48ce-91e4-5c166e2e97cd
2019-09-25 07:05:25,771 [ForkJoinPool.commonPool-worker-1] INFO  impl.RoleInfo (RoleInfo.java:shutdownFollowerState(121)) - e568d23f-199e-48ce-91e4-5c166e2e97cd: shutdown FollowerState
2019-09-25 07:05:25,771 [main] INFO  impl.RaftServerImpl (RaftServerImpl.java:lambda$shutdown$3(251)) - 62ec8eb9-3ae9-4136-b70a-2caf3716fa7f@group-E27CAF7FB19C: shutdown
2019-09-25 07:05:25,771 [Thread-1045] INFO  impl.FollowerState (FollowerState.java:run(115)) - e568d23f-199e-48ce-91e4-5c166e2e97cd: FollowerState was interrupted: java.lang.InterruptedException: sleep interrupted
2019-09-25 07:05:25,771 [ForkJoinPool.commonPool-worker-1] INFO  impl.StateMachineUpdater (StateMachineUpdater.java:stopAndJoin(125)) - e568d23f-199e-48ce-91e4-5c166e2e97cd@group-45A828CE81C3-StateMachineUpdater: set stopIndex = -1
2019-09-25 07:05:25,771 [main] INFO  util.JmxRegister (JmxRegister.java:unregister(73)) - Successfully un-registered JMX Bean with object name Ratis:service=RaftServer,group=group-E27CAF7FB19C,id=62ec8eb9-3ae9-4136-b70a-2caf3716fa7f
2019-09-25 07:05:25,771 [ForkJoinPool.commonPool-worker-1] INFO  impl.RaftServerImpl (ServerState.java:close(385)) - e568d23f-199e-48ce-91e4-5c166e2e97cd@group-45A828CE81C3: closes. applyIndex: -1
2019-09-25 07:05:25,772 [main] INFO  impl.RoleInfo (RoleInfo.java:shutdownFollowerState(121)) - 62ec8eb9-3ae9-4136-b70a-2caf3716fa7f: shutdown FollowerState
2019-09-25 07:05:25,772 [e568d23f-199e-48ce-91e4-5c166e2e97cd@group-45A828CE81C3-SegmentedRaftLogWorker] INFO  segmented.SegmentedRaftLogWorker (SegmentedRaftLogWorker.java:run(313)) - e568d23f-199e-48ce-91e4-5c166e2e97cd@group-45A828CE81C3-SegmentedRaftLogWorker was interrupted, exiting. There are 0 tasks remaining in the queue.
2019-09-25 07:05:25,773 [Thread-1087] INFO  impl.FollowerState (FollowerState.java:run(115)) - 62ec8eb9-3ae9-4136-b70a-2caf3716fa7f: FollowerState was interrupted: java.lang.InterruptedException: sleep interrupted
2019-09-25 07:05:25,772 [main] INFO  impl.StateMachineUpdater (StateMachineUpdater.java:stopAndJoin(125)) - 62ec8eb9-3ae9-4136-b70a-2caf3716fa7f@group-E27CAF7FB19C-StateMachineUpdater: set stopIndex = -1
2019-09-25 07:05:25,773 [main] INFO  impl.RaftServerImpl (ServerState.java:close(385)) - 62ec8eb9-3ae9-4136-b70a-2caf3716fa7f@group-E27CAF7FB19C: closes. applyIndex: -1
2019-09-25 07:05:25,773 [ForkJoinPool.commonPool-worker-1] INFO  segmented.SegmentedRaftLogWorker (SegmentedRaftLogWorker.java:close(228)) - e568d23f-199e-48ce-91e4-5c166e2e97cd@group-45A828CE81C3-SegmentedRaftLogWorker close()
2019-09-25 07:05:25,774 [62ec8eb9-3ae9-4136-b70a-2caf3716fa7f@group-E27CAF7FB19C-SegmentedRaftLogWorker] INFO  segmented.SegmentedRaftLogWorker (SegmentedRaftLogWorker.java:run(313)) - 62ec8eb9-3ae9-4136-b70a-2caf3716fa7f@group-E27CAF7FB19C-SegmentedRaftLogWorker was interrupted, exiting. There are 0 tasks remaining in the queue.
2019-09-25 07:05:25,778 [ForkJoinPool.commonPool-worker-1] INFO  impl.RaftServerImpl (RaftServerImpl.java:lambda$shutdown$3(251)) - e568d23f-199e-48ce-91e4-5c166e2e97cd@group-8B886540B6D6: shutdown
2019-09-25 07:05:25,778 [main] INFO  segmented.SegmentedRaftLogWorker (SegmentedRaftLogWorker.java:close(228)) - 62ec8eb9-3ae9-4136-b70a-2caf3716fa7f@group-E27CAF7FB19C-SegmentedRaftLogWorker close()
2019-09-25 07:05:25,778 [ForkJoinPool.commonPool-worker-1] INFO  util.JmxRegister (JmxRegister.java:unregister(73)) - Successfully un-registered JMX Bean with object name Ratis:service=RaftServer,group=group-8B886540B6D6,id=e568d23f-199e-48ce-91e4-5c166e2e97cd
2019-09-25 07:05:25,782 [main] INFO  impl.RaftServerImpl (RaftServerImpl.java:lambda$shutdown$3(251)) - 62ec8eb9-3ae9-4136-b70a-2caf3716fa7f@group-1ECD05C42476: shutdown
2019-09-25 07:05:25,783 [ForkJoinPool.commonPool-worker-1] INFO  impl.RoleInfo (RoleInfo.java:shutdownFollowerState(121)) - e568d23f-199e-48ce-91e4-5c166e2e97cd: shutdown FollowerState
2019-09-25 07:05:25,783 [main] INFO  util.JmxRegister (JmxRegister.java:unregister(73)) - Successfully un-registered JMX Bean with object name Ratis:service=RaftServer,group=group-1ECD05C42476,id=62ec8eb9-3ae9-4136-b70a-2caf3716fa7f
2019-09-25 07:05:25,784 [main] INFO  impl.RoleInfo (RoleInfo.java:shutdownLeaderState(104)) - 62ec8eb9-3ae9-4136-b70a-2caf3716fa7f: shutdown LeaderState
2019-09-25 07:05:25,783 [Thread-1201] INFO  impl.FollowerState (FollowerState.java:run(115)) - e568d23f-199e-48ce-91e4-5c166e2e97cd: FollowerState was interrupted: java.lang.InterruptedException: sleep interrupted
2019-09-25 07:05:25,783 [ForkJoinPool.commonPool-worker-1] INFO  impl.StateMachineUpdater (StateMachineUpdater.java:stopAndJoin(125)) - e568d23f-199e-48ce-91e4-5c166e2e97cd@group-8B886540B6D6-StateMachineUpdater: set stopIndex = -1
2019-09-25 07:05:25,784 [main] INFO  impl.PendingRequests (PendingRequests.java:sendNotLeaderResponses(202)) - 62ec8eb9-3ae9-4136-b70a-2caf3716fa7f-PendingRequests: sendNotLeaderResponses
2019-09-25 07:05:25,784 [ForkJoinPool.commonPool-worker-1] INFO  impl.RaftServerImpl (ServerState.java:close(385)) - e568d23f-199e-48ce-91e4-5c166e2e97cd@group-8B886540B6D6: closes. applyIndex: -1
2019-09-25 07:05:25,785 [main] INFO  impl.StateMachineUpdater (StateMachineUpdater.java:stopAndJoin(125)) - 62ec8eb9-3ae9-4136-b70a-2caf3716fa7f@group-1ECD05C42476-StateMachineUpdater: set stopIndex = 0
2019-09-25 07:05:25,785 [main] INFO  impl.RaftServerImpl (ServerState.java:close(385)) - 62ec8eb9-3ae9-4136-b70a-2caf3716fa7f@group-1ECD05C42476: closes. applyIndex: 0
2019-09-25 07:05:25,785 [e568d23f-199e-48ce-91e4-5c166e2e97cd@group-8B886540B6D6-SegmentedRaftLogWorker] INFO  segmented.SegmentedRaftLogWorker (SegmentedRaftLogWorker.java:run(313)) - e568d23f-199e-48ce-91e4-5c166e2e97cd@group-8B886540B6D6-SegmentedRaftLogWorker was interrupted, exiting. There are 0 tasks remaining in the queue.
2019-09-25 07:05:25,786 [62ec8eb9-3ae9-4136-b70a-2caf3716fa7f@group-1ECD05C42476-SegmentedRaftLogWorker] INFO  segmented.SegmentedRaftLogWorker (SegmentedRaftLogWorker.java:run(313)) - 62ec8eb9-3ae9-4136-b70a-2caf3716fa7f@group-1ECD05C42476-SegmentedRaftLogWorker was interrupted, exiting. There are 0 tasks remaining in the queue.
2019-09-25 07:05:25,786 [ForkJoinPool.commonPool-worker-1] INFO  segmented.SegmentedRaftLogWorker (SegmentedRaftLogWorker.java:close(228)) - e568d23f-199e-48ce-91e4-5c166e2e97cd@group-8B886540B6D6-SegmentedRaftLogWorker close()
2019-09-25 07:05:25,786 [main] INFO  segmented.SegmentedRaftLogWorker (SegmentedRaftLogWorker.java:close(228)) - 62ec8eb9-3ae9-4136-b70a-2caf3716fa7f@group-1ECD05C42476-SegmentedRaftLogWorker close()
2019-09-25 07:05:25,790 [ForkJoinPool.commonPool-worker-1] INFO  impl.RaftServerImpl (RaftServerImpl.java:lambda$shutdown$3(251)) - e568d23f-199e-48ce-91e4-5c166e2e97cd@group-2630C89B8034: shutdown
2019-09-25 07:05:25,790 [main] INFO  impl.RaftServerImpl (RaftServerImpl.java:lambda$shutdown$3(251)) - 62ec8eb9-3ae9-4136-b70a-2caf3716fa7f@group-F443C392E8DD: shutdown
2019-09-25 07:05:25,791 [ForkJoinPool.commonPool-worker-1] INFO  util.JmxRegister (JmxRegister.java:unregister(73)) - Successfully un-registered JMX Bean with object name Ratis:service=RaftServer,group=group-2630C89B8034,id=e568d23f-199e-48ce-91e4-5c166e2e97cd
2019-09-25 07:05:25,791 [main] INFO  util.JmxRegister (JmxRegister.java:unregister(73)) - Successfully un-registered JMX Bean with object name Ratis:service=RaftServer,group=group-F443C392E8DD,id=62ec8eb9-3ae9-4136-b70a-2caf3716fa7f
2019-09-25 07:05:25,791 [ForkJoinPool.commonPool-worker-1] INFO  impl.RoleInfo (RoleInfo.java:shutdownFollowerState(121)) - e568d23f-199e-48ce-91e4-5c166e2e97cd: shutdown FollowerState
2019-09-25 07:05:25,791 [main] INFO  impl.RoleInfo (RoleInfo.java:shutdownFollowerState(121)) - 62ec8eb9-3ae9-4136-b70a-2caf3716fa7f: shutdown FollowerState
2019-09-25 07:05:25,792 [Thread-1165] INFO  impl.FollowerState (FollowerState.java:run(115)) - e568d23f-199e-48ce-91e4-5c166e2e97cd: FollowerState was interrupted: java.lang.InterruptedException: sleep interrupted
2019-09-25 07:05:25,792 [ForkJoinPool.commonPool-worker-1] INFO  impl.StateMachineUpdater (StateMachineUpdater.java:stopAndJoin(125)) - e568d23f-199e-48ce-91e4-5c166e2e97cd@group-2630C89B8034-StateMachineUpdater: set stopIndex = -1
2019-09-25 07:05:25,793 [Thread-1123] INFO  impl.FollowerState (FollowerState.java:run(115)) - 62ec8eb9-3ae9-4136-b70a-2caf3716fa7f: FollowerState was interrupted: java.lang.InterruptedException: sleep interrupted
2019-09-25 07:05:25,792 [main] INFO  impl.StateMachineUpdater (StateMachineUpdater.java:stopAndJoin(125)) - 62ec8eb9-3ae9-4136-b70a-2caf3716fa7f@group-F443C392E8DD-StateMachineUpdater: set stopIndex = -1
2019-09-25 07:05:25,793 [ForkJoinPool.commonPool-worker-1] INFO  impl.RaftServerImpl (ServerState.java:close(385)) - e568d23f-199e-48ce-91e4-5c166e2e97cd@group-2630C89B8034: closes. applyIndex: -1
2019-09-25 07:05:25,793 [main] INFO  impl.RaftServerImpl (ServerState.java:close(385)) - 62ec8eb9-3ae9-4136-b70a-2caf3716fa7f@group-F443C392E8DD: closes. applyIndex: -1
2019-09-25 07:05:25,794 [e568d23f-199e-48ce-91e4-5c166e2e97cd@group-2630C89B8034-SegmentedRaftLogWorker] INFO  segmented.SegmentedRaftLogWorker (SegmentedRaftLogWorker.java:run(313)) - e568d23f-199e-48ce-91e4-5c166e2e97cd@group-2630C89B8034-SegmentedRaftLogWorker was interrupted, exiting. There are 0 tasks remaining in the queue.
2019-09-25 07:05:25,794 [ForkJoinPool.commonPool-worker-1] INFO  segmented.SegmentedRaftLogWorker (SegmentedRaftLogWorker.java:close(228)) - e568d23f-199e-48ce-91e4-5c166e2e97cd@group-2630C89B8034-SegmentedRaftLogWorker close()
2019-09-25 07:05:25,794 [62ec8eb9-3ae9-4136-b70a-2caf3716fa7f@group-F443C392E8DD-SegmentedRaftLogWorker] INFO  segmented.SegmentedRaftLogWorker (SegmentedRaftLogWorker.java:run(313)) - 62ec8eb9-3ae9-4136-b70a-2caf3716fa7f@group-F443C392E8DD-SegmentedRaftLogWorker was interrupted, exiting. There are 0 tasks remaining in the queue.
2019-09-25 07:05:25,801 [main] INFO  segmented.SegmentedRaftLogWorker (SegmentedRaftLogWorker.java:close(228)) - 62ec8eb9-3ae9-4136-b70a-2caf3716fa7f@group-F443C392E8DD-SegmentedRaftLogWorker close()
2019-09-25 07:05:25,800 [ForkJoinPool.commonPool-worker-1] INFO  impl.RaftServerImpl (RaftServerImpl.java:lambda$shutdown$3(251)) - e568d23f-199e-48ce-91e4-5c166e2e97cd@group-1B05919318E5: shutdown
2019-09-25 07:05:25,824 [main] INFO  impl.RaftServerImpl (RaftServerImpl.java:lambda$shutdown$3(251)) - 62ec8eb9-3ae9-4136-b70a-2caf3716fa7f@group-11B9905BE308: shutdown
2019-09-25 07:05:25,824 [ForkJoinPool.commonPool-worker-1] INFO  util.JmxRegister (JmxRegister.java:unregister(73)) - Successfully un-registered JMX Bean with object name Ratis:service=RaftServer,group=group-1B05919318E5,id=e568d23f-199e-48ce-91e4-5c166e2e97cd
2019-09-25 07:05:25,825 [main] INFO  util.JmxRegister (JmxRegister.java:unregister(73)) - Successfully un-registered JMX Bean with object name Ratis:service=RaftServer,group=group-11B9905BE308,id=62ec8eb9-3ae9-4136-b70a-2caf3716fa7f
2019-09-25 07:05:25,826 [main] INFO  impl.RoleInfo (RoleInfo.java:shutdownLeaderState(104)) - 62ec8eb9-3ae9-4136-b70a-2caf3716fa7f: shutdown LeaderState
2019-09-25 07:05:25,825 [ForkJoinPool.commonPool-worker-1] INFO  impl.RoleInfo (RoleInfo.java:shutdownLeaderState(104)) - e568d23f-199e-48ce-91e4-5c166e2e97cd: shutdown LeaderState
2019-09-25 07:05:25,826 [main] INFO  impl.PendingRequests (PendingRequests.java:sendNotLeaderResponses(202)) - 62ec8eb9-3ae9-4136-b70a-2caf3716fa7f-PendingRequests: sendNotLeaderResponses
2019-09-25 07:05:25,826 [ForkJoinPool.commonPool-worker-1] INFO  impl.PendingRequests (PendingRequests.java:sendNotLeaderResponses(202)) - e568d23f-199e-48ce-91e4-5c166e2e97cd-PendingRequests: sendNotLeaderResponses
2019-09-25 07:05:25,827 [main] INFO  impl.StateMachineUpdater (StateMachineUpdater.java:stopAndJoin(125)) - 62ec8eb9-3ae9-4136-b70a-2caf3716fa7f@group-11B9905BE308-StateMachineUpdater: set stopIndex = 0
2019-09-25 07:05:25,827 [main] INFO  impl.RaftServerImpl (ServerState.java:close(385)) - 62ec8eb9-3ae9-4136-b70a-2caf3716fa7f@group-11B9905BE308: closes. applyIndex: 0
2019-09-25 07:05:25,827 [ForkJoinPool.commonPool-worker-1] INFO  impl.StateMachineUpdater (StateMachineUpdater.java:stopAndJoin(125)) - e568d23f-199e-48ce-91e4-5c166e2e97cd@group-1B05919318E5-StateMachineUpdater: set stopIndex = 0
2019-09-25 07:05:25,828 [62ec8eb9-3ae9-4136-b70a-2caf3716fa7f@group-11B9905BE308-SegmentedRaftLogWorker] INFO  segmented.SegmentedRaftLogWorker (SegmentedRaftLogWorker.java:run(313)) - 62ec8eb9-3ae9-4136-b70a-2caf3716fa7f@group-11B9905BE308-SegmentedRaftLogWorker was interrupted, exiting. There are 0 tasks remaining in the queue.
2019-09-25 07:05:25,828 [ForkJoinPool.commonPool-worker-1] INFO  impl.RaftServerImpl (ServerState.java:close(385)) - e568d23f-199e-48ce-91e4-5c166e2e97cd@group-1B05919318E5: closes. applyIndex: 0
2019-09-25 07:05:25,828 [main] INFO  segmented.SegmentedRaftLogWorker (SegmentedRaftLogWorker.java:close(228)) - 62ec8eb9-3ae9-4136-b70a-2caf3716fa7f@group-11B9905BE308-SegmentedRaftLogWorker close()
2019-09-25 07:05:25,829 [e568d23f-199e-48ce-91e4-5c166e2e97cd@group-1B05919318E5-SegmentedRaftLogWorker] INFO  segmented.SegmentedRaftLogWorker (SegmentedRaftLogWorker.java:run(313)) - e568d23f-199e-48ce-91e4-5c166e2e97cd@group-1B05919318E5-SegmentedRaftLogWorker was interrupted, exiting. There are 0 tasks remaining in the queue.
2019-09-25 07:05:25,829 [main] INFO  impl.RaftServerImpl (RaftServerImpl.java:lambda$shutdown$3(251)) - 62ec8eb9-3ae9-4136-b70a-2caf3716fa7f@group-40FF86EF9A39: shutdown
2019-09-25 07:05:25,829 [ForkJoinPool.commonPool-worker-1] INFO  segmented.SegmentedRaftLogWorker (SegmentedRaftLogWorker.java:close(228)) - e568d23f-199e-48ce-91e4-5c166e2e97cd@group-1B05919318E5-SegmentedRaftLogWorker close()
2019-09-25 07:05:25,829 [main] INFO  util.JmxRegister (JmxRegister.java:unregister(73)) - Successfully un-registered JMX Bean with object name Ratis:service=RaftServer,group=group-40FF86EF9A39,id=62ec8eb9-3ae9-4136-b70a-2caf3716fa7f
2019-09-25 07:05:25,830 [ForkJoinPool.commonPool-worker-1] INFO  impl.RaftServerImpl (RaftServerImpl.java:lambda$shutdown$3(251)) - e568d23f-199e-48ce-91e4-5c166e2e97cd@group-CD756CA921FF: shutdown
2019-09-25 07:05:25,830 [main] INFO  impl.RoleInfo (RoleInfo.java:shutdownLeaderState(104)) - 62ec8eb9-3ae9-4136-b70a-2caf3716fa7f: shutdown LeaderState
2019-09-25 07:05:25,830 [ForkJoinPool.commonPool-worker-1] INFO  util.JmxRegister (JmxRegister.java:unregister(73)) - Successfully un-registered JMX Bean with object name Ratis:service=RaftServer,group=group-CD756CA921FF,id=e568d23f-199e-48ce-91e4-5c166e2e97cd
2019-09-25 07:05:25,831 [main] INFO  impl.PendingRequests (PendingRequests.java:sendNotLeaderResponses(202)) - 62ec8eb9-3ae9-4136-b70a-2caf3716fa7f-PendingRequests: sendNotLeaderResponses
2019-09-25 07:05:25,831 [ForkJoinPool.commonPool-worker-1] INFO  impl.RoleInfo (RoleInfo.java:shutdownFollowerState(121)) - e568d23f-199e-48ce-91e4-5c166e2e97cd: shutdown FollowerState
2019-09-25 07:05:25,831 [main] INFO  impl.StateMachineUpdater (StateMachineUpdater.java:stopAndJoin(125)) - 62ec8eb9-3ae9-4136-b70a-2caf3716fa7f@group-40FF86EF9A39-StateMachineUpdater: set stopIndex = 0
2019-09-25 07:05:25,831 [RATISCREATEPIPELINE2] ERROR pipeline.RatisPipelineProvider (RatisPipelineProvider.java:lambda$null$2(181)) - Failed invoke Ratis rpc org.apache.hadoop.hdds.scm.pipeline.RatisPipelineProvider$$Lambda$179/98052779@38f4776d for 62ec8eb9-3ae9-4136-b70a-2caf3716fa7f
java.io.IOException: java.util.concurrent.RejectedExecutionException: Task java.util.concurrent.CompletableFuture$UniApply@185ca0e2 rejected from java.util.concurrent.ThreadPoolExecutor@4c26fb3c[Shutting down, pool size = 1, active threads = 1, queued tasks = 0, completed tasks = 186]
	at org.apache.ratis.util.IOUtils.asIOException(IOUtils.java:54)
	at org.apache.ratis.grpc.GrpcUtil.tryUnwrapException(GrpcUtil.java:106)
	at org.apache.ratis.grpc.GrpcUtil.unwrapException(GrpcUtil.java:75)
	at org.apache.ratis.grpc.client.GrpcClientProtocolClient.blockingCall(GrpcClientProtocolClient.java:178)
	at org.apache.ratis.grpc.client.GrpcClientProtocolClient.groupAdd(GrpcClientProtocolClient.java:147)
	at org.apache.ratis.grpc.client.GrpcClientRpc.sendRequest(GrpcClientRpc.java:94)
	at org.apache.ratis.client.impl.RaftClientImpl.sendRequest(RaftClientImpl.java:278)
	at org.apache.ratis.client.impl.RaftClientImpl.groupAdd(RaftClientImpl.java:205)
	at org.apache.hadoop.hdds.scm.pipeline.RatisPipelineProvider.lambda$initializePipeline$1(RatisPipelineProvider.java:142)
	at org.apache.hadoop.hdds.scm.pipeline.RatisPipelineProvider.lambda$null$2(RatisPipelineProvider.java:177)
	at java.util.stream.ForEachOps$ForEachOp$OfRef.accept(ForEachOps.java:184)
	at java.util.ArrayList$ArrayListSpliterator.forEachRemaining(ArrayList.java:1382)
	at java.util.stream.AbstractPipeline.copyInto(AbstractPipeline.java:482)
	at java.util.stream.ForEachOps$ForEachTask.compute(ForEachOps.java:291)
	at java.util.concurrent.CountedCompleter.exec(CountedCompleter.java:731)
	at java.util.concurrent.ForkJoinTask.doExec(ForkJoinTask.java:289)
	at java.util.concurrent.ForkJoinTask.doInvoke(ForkJoinTask.java:401)
	at java.util.concurrent.ForkJoinTask.invoke(ForkJoinTask.java:734)
	at java.util.stream.ForEachOps$ForEachOp.evaluateParallel(ForEachOps.java:160)
	at java.util.stream.ForEachOps$ForEachOp$OfRef.evaluateParallel(ForEachOps.java:174)
	at java.util.stream.AbstractPipeline.evaluate(AbstractPipeline.java:233)
	at java.util.stream.ReferencePipeline.forEach(ReferencePipeline.java:418)
	at java.util.stream.ReferencePipeline$Head.forEach(ReferencePipeline.java:583)
	at org.apache.hadoop.hdds.scm.pipeline.RatisPipelineProvider.lambda$callRatisRpc$3(RatisPipelineProvider.java:171)
	at java.util.concurrent.ForkJoinTask$AdaptedRunnableAction.exec(ForkJoinTask.java:1386)
	at java.util.concurrent.ForkJoinTask.doExec(ForkJoinTask.java:289)
	at java.util.concurrent.ForkJoinPool$WorkQueue.runTask(ForkJoinPool.java:1056)
	at java.util.concurrent.ForkJoinPool.runWorker(ForkJoinPool.java:1692)
	at java.util.concurrent.ForkJoinWorkerThread.run(ForkJoinWorkerThread.java:157)
Caused by: java.util.concurrent.RejectedExecutionException: Task java.util.concurrent.CompletableFuture$UniApply@185ca0e2 rejected from java.util.concurrent.ThreadPoolExecutor@4c26fb3c[Shutting down, pool size = 1, active threads = 1, queued tasks = 0, completed tasks = 186]
	at sun.reflect.NativeConstructorAccessorImpl.newInstance0(Native Method)
	at sun.reflect.NativeConstructorAccessorImpl.newInstance(NativeConstructorAccessorImpl.java:62)
	at sun.reflect.DelegatingConstructorAccessorImpl.newInstance(DelegatingConstructorAccessorImpl.java:45)
	at java.lang.reflect.Constructor.newInstance(Constructor.java:423)
	at org.apache.ratis.util.ReflectionUtils.instantiateException(ReflectionUtils.java:222)
	at org.apache.ratis.grpc.GrpcUtil.tryUnwrapException(GrpcUtil.java:104)
	... 27 more
Caused by: org.apache.ratis.thirdparty.io.grpc.StatusRuntimeException: INTERNAL: Task java.util.concurrent.CompletableFuture$UniApply@185ca0e2 rejected from java.util.concurrent.ThreadPoolExecutor@4c26fb3c[Shutting down, pool size = 1, active threads = 1, queued tasks = 0, completed tasks = 186]
	at org.apache.ratis.thirdparty.io.grpc.stub.ClientCalls.toStatusRuntimeException(ClientCalls.java:233)
	at org.apache.ratis.thirdparty.io.grpc.stub.ClientCalls.getUnchecked(ClientCalls.java:214)
	at org.apache.ratis.thirdparty.io.grpc.stub.ClientCalls.blockingUnaryCall(ClientCalls.java:139)
	at org.apache.ratis.proto.grpc.AdminProtocolServiceGrpc$AdminProtocolServiceBlockingStub.groupManagement(AdminProtocolServiceGrpc.java:274)
	at org.apache.ratis.grpc.client.GrpcClientProtocolClient.lambda$groupAdd$3(GrpcClientProtocolClient.java:149)
	at org.apache.ratis.grpc.client.GrpcClientProtocolClient.blockingCall(GrpcClientProtocolClient.java:176)
	... 25 more
	Suppressed: java.lang.IllegalStateException: Failed to cast the object to class java.io.IOException
		at org.apache.ratis.util.IOUtils.readObject(IOUtils.java:204)
		at org.apache.ratis.util.IOUtils.bytes2Object(IOUtils.java:195)
		at org.apache.ratis.grpc.GrpcUtil.tryUnwrapException(GrpcUtil.java:93)
		at org.apache.ratis.grpc.GrpcUtil.unwrapException(GrpcUtil.java:75)
		at org.apache.ratis.grpc.client.GrpcClientProtocolClient.blockingCall(GrpcClientProtocolClient.java:178)
		... 25 more
	Caused by: java.lang.ClassCastException: Cannot cast java.util.concurrent.RejectedExecutionException to java.io.IOException
		at java.lang.Class.cast(Class.java:3369)
		at org.apache.ratis.util.IOUtils.readObject(IOUtils.java:200)
		... 29 more
2019-09-25 07:05:25,832 [main] INFO  impl.RaftServerImpl (ServerState.java:close(385)) - 62ec8eb9-3ae9-4136-b70a-2caf3716fa7f@group-40FF86EF9A39: closes. applyIndex: 0
2019-09-25 07:05:25,832 [Thread-1105] INFO  impl.FollowerState (FollowerState.java:run(115)) - e568d23f-199e-48ce-91e4-5c166e2e97cd: FollowerState was interrupted: java.lang.InterruptedException: sleep interrupted
2019-09-25 07:05:25,831 [ForkJoinPool.commonPool-worker-1] INFO  impl.StateMachineUpdater (StateMachineUpdater.java:stopAndJoin(125)) - e568d23f-199e-48ce-91e4-5c166e2e97cd@group-CD756CA921FF-StateMachineUpdater: set stopIndex = -1
2019-09-25 07:05:25,837 [ForkJoinPool.commonPool-worker-1] INFO  impl.RaftServerImpl (ServerState.java:close(385)) - e568d23f-199e-48ce-91e4-5c166e2e97cd@group-CD756CA921FF: closes. applyIndex: -1
2019-09-25 07:05:25,836 [RatisPipelineUtilsThread] ERROR pipeline.SCMPipelineManager (SCMPipelineManager.java:createPipeline(167)) - Pipeline creation failed due to exception: Failed invoke Ratis rpc org.apache.hadoop.hdds.scm.pipeline.RatisPipelineProvider$$Lambda$179/98052779@38f4776d for 62ec8eb9-3ae9-4136-b70a-2caf3716fa7f
2019-09-25 07:05:25,837 [62ec8eb9-3ae9-4136-b70a-2caf3716fa7f@group-40FF86EF9A39-SegmentedRaftLogWorker] INFO  segmented.SegmentedRaftLogWorker (SegmentedRaftLogWorker.java:run(313)) - 62ec8eb9-3ae9-4136-b70a-2caf3716fa7f@group-40FF86EF9A39-SegmentedRaftLogWorker was interrupted, exiting. There are 0 tasks remaining in the queue.
2019-09-25 07:05:25,838 [e568d23f-199e-48ce-91e4-5c166e2e97cd@group-CD756CA921FF-SegmentedRaftLogWorker] INFO  segmented.SegmentedRaftLogWorker (SegmentedRaftLogWorker.java:run(313)) - e568d23f-199e-48ce-91e4-5c166e2e97cd@group-CD756CA921FF-SegmentedRaftLogWorker was interrupted, exiting. There are 0 tasks remaining in the queue.
2019-09-25 07:05:25,838 [ForkJoinPool.commonPool-worker-1] INFO  segmented.SegmentedRaftLogWorker (SegmentedRaftLogWorker.java:close(228)) - e568d23f-199e-48ce-91e4-5c166e2e97cd@group-CD756CA921FF-SegmentedRaftLogWorker close()
2019-09-25 07:05:25,838 [main] INFO  segmented.SegmentedRaftLogWorker (SegmentedRaftLogWorker.java:close(228)) - 62ec8eb9-3ae9-4136-b70a-2caf3716fa7f@group-40FF86EF9A39-SegmentedRaftLogWorker close()
2019-09-25 07:05:25,838 [ForkJoinPool.commonPool-worker-1] INFO  impl.RaftServerImpl (RaftServerImpl.java:lambda$shutdown$3(251)) - e568d23f-199e-48ce-91e4-5c166e2e97cd@group-675C8C9AAF97: shutdown
2019-09-25 07:05:25,839 [main] INFO  impl.RaftServerImpl (RaftServerImpl.java:lambda$shutdown$3(251)) - 62ec8eb9-3ae9-4136-b70a-2caf3716fa7f@group-A1992FE39F38: shutdown
2019-09-25 07:05:25,839 [ForkJoinPool.commonPool-worker-1] INFO  util.JmxRegister (JmxRegister.java:unregister(73)) - Successfully un-registered JMX Bean with object name Ratis:service=RaftServer,group=group-675C8C9AAF97,id=e568d23f-199e-48ce-91e4-5c166e2e97cd
2019-09-25 07:05:25,839 [main] INFO  util.JmxRegister (JmxRegister.java:unregister(73)) - Successfully un-registered JMX Bean with object name Ratis:service=RaftServer,group=group-A1992FE39F38,id=62ec8eb9-3ae9-4136-b70a-2caf3716fa7f
2019-09-25 07:05:25,839 [ForkJoinPool.commonPool-worker-1] INFO  impl.RoleInfo (RoleInfo.java:shutdownLeaderState(104)) - e568d23f-199e-48ce-91e4-5c166e2e97cd: shutdown LeaderState
2019-09-25 07:05:25,840 [main] INFO  impl.RoleInfo (RoleInfo.java:shutdownFollowerState(121)) - 62ec8eb9-3ae9-4136-b70a-2caf3716fa7f: shutdown FollowerState
2019-09-25 07:05:25,840 [ForkJoinPool.commonPool-worker-1] INFO  impl.PendingRequests (PendingRequests.java:sendNotLeaderResponses(202)) - e568d23f-199e-48ce-91e4-5c166e2e97cd-PendingRequests: sendNotLeaderResponses
2019-09-25 07:05:25,841 [Thread-1099] INFO  impl.FollowerState (FollowerState.java:run(115)) - 62ec8eb9-3ae9-4136-b70a-2caf3716fa7f: FollowerState was interrupted: java.lang.InterruptedException: sleep interrupted
2019-09-25 07:05:25,841 [main] INFO  impl.StateMachineUpdater (StateMachineUpdater.java:stopAndJoin(125)) - 62ec8eb9-3ae9-4136-b70a-2caf3716fa7f@group-A1992FE39F38-StateMachineUpdater: set stopIndex = -1
2019-09-25 07:05:25,841 [ForkJoinPool.commonPool-worker-1] INFO  impl.StateMachineUpdater (StateMachineUpdater.java:stopAndJoin(125)) - e568d23f-199e-48ce-91e4-5c166e2e97cd@group-675C8C9AAF97-StateMachineUpdater: set stopIndex = 0
2019-09-25 07:05:25,841 [ForkJoinPool.commonPool-worker-1] INFO  impl.RaftServerImpl (ServerState.java:close(385)) - e568d23f-199e-48ce-91e4-5c166e2e97cd@group-675C8C9AAF97: closes. applyIndex: 0
2019-09-25 07:05:25,841 [main] INFO  impl.RaftServerImpl (ServerState.java:close(385)) - 62ec8eb9-3ae9-4136-b70a-2caf3716fa7f@group-A1992FE39F38: closes. applyIndex: -1
2019-09-25 07:05:25,842 [e568d23f-199e-48ce-91e4-5c166e2e97cd@group-675C8C9AAF97-SegmentedRaftLogWorker] INFO  segmented.SegmentedRaftLogWorker (SegmentedRaftLogWorker.java:run(313)) - e568d23f-199e-48ce-91e4-5c166e2e97cd@group-675C8C9AAF97-SegmentedRaftLogWorker was interrupted, exiting. There are 0 tasks remaining in the queue.
2019-09-25 07:05:25,842 [ForkJoinPool.commonPool-worker-1] INFO  segmented.SegmentedRaftLogWorker (SegmentedRaftLogWorker.java:close(228)) - e568d23f-199e-48ce-91e4-5c166e2e97cd@group-675C8C9AAF97-SegmentedRaftLogWorker close()
2019-09-25 07:05:25,842 [62ec8eb9-3ae9-4136-b70a-2caf3716fa7f@group-A1992FE39F38-SegmentedRaftLogWorker] INFO  segmented.SegmentedRaftLogWorker (SegmentedRaftLogWorker.java:run(313)) - 62ec8eb9-3ae9-4136-b70a-2caf3716fa7f@group-A1992FE39F38-SegmentedRaftLogWorker was interrupted, exiting. There are 0 tasks remaining in the queue.
2019-09-25 07:05:25,843 [ForkJoinPool.commonPool-worker-1] INFO  impl.RaftServerImpl (RaftServerImpl.java:lambda$shutdown$3(251)) - e568d23f-199e-48ce-91e4-5c166e2e97cd@group-050458FFE721: shutdown
2019-09-25 07:05:25,843 [main] INFO  segmented.SegmentedRaftLogWorker (SegmentedRaftLogWorker.java:close(228)) - 62ec8eb9-3ae9-4136-b70a-2caf3716fa7f@group-A1992FE39F38-SegmentedRaftLogWorker close()
2019-09-25 07:05:25,843 [ForkJoinPool.commonPool-worker-1] INFO  util.JmxRegister (JmxRegister.java:unregister(73)) - Successfully un-registered JMX Bean with object name Ratis:service=RaftServer,group=group-050458FFE721,id=e568d23f-199e-48ce-91e4-5c166e2e97cd
2019-09-25 07:05:25,843 [main] INFO  impl.RaftServerImpl (RaftServerImpl.java:lambda$shutdown$3(251)) - 62ec8eb9-3ae9-4136-b70a-2caf3716fa7f@group-15D36349AA9F: shutdown
2019-09-25 07:05:25,844 [ForkJoinPool.commonPool-worker-1] INFO  impl.RoleInfo (RoleInfo.java:shutdownLeaderState(104)) - e568d23f-199e-48ce-91e4-5c166e2e97cd: shutdown LeaderState
2019-09-25 07:05:25,844 [main] INFO  util.JmxRegister (JmxRegister.java:unregister(73)) - Successfully un-registered JMX Bean with object name Ratis:service=RaftServer,group=group-15D36349AA9F,id=62ec8eb9-3ae9-4136-b70a-2caf3716fa7f
2019-09-25 07:05:25,844 [ForkJoinPool.commonPool-worker-1] INFO  impl.PendingRequests (PendingRequests.java:sendNotLeaderResponses(202)) - e568d23f-199e-48ce-91e4-5c166e2e97cd-PendingRequests: sendNotLeaderResponses
2019-09-25 07:05:25,845 [main] INFO  impl.RoleInfo (RoleInfo.java:shutdownFollowerState(121)) - 62ec8eb9-3ae9-4136-b70a-2caf3716fa7f: shutdown FollowerState
2019-09-25 07:05:25,845 [ForkJoinPool.commonPool-worker-1] INFO  impl.StateMachineUpdater (StateMachineUpdater.java:stopAndJoin(125)) - e568d23f-199e-48ce-91e4-5c166e2e97cd@group-050458FFE721-StateMachineUpdater: set stopIndex = 0
2019-09-25 07:05:25,845 [ForkJoinPool.commonPool-worker-1] INFO  impl.RaftServerImpl (ServerState.java:close(385)) - e568d23f-199e-48ce-91e4-5c166e2e97cd@group-050458FFE721: closes. applyIndex: 0
2019-09-25 07:05:25,845 [main] INFO  impl.StateMachineUpdater (StateMachineUpdater.java:stopAndJoin(125)) - 62ec8eb9-3ae9-4136-b70a-2caf3716fa7f@group-15D36349AA9F-StateMachineUpdater: set stopIndex = -1
2019-09-25 07:05:25,846 [e568d23f-199e-48ce-91e4-5c166e2e97cd@group-050458FFE721-SegmentedRaftLogWorker] INFO  segmented.SegmentedRaftLogWorker (SegmentedRaftLogWorker.java:run(313)) - e568d23f-199e-48ce-91e4-5c166e2e97cd@group-050458FFE721-SegmentedRaftLogWorker was interrupted, exiting. There are 0 tasks remaining in the queue.
2019-09-25 07:05:25,846 [grpc-default-executor-6] INFO  impl.RaftServerProxy (RaftServerProxy.java:addNew(89)) - 24bf2945-a329-4da6-aaf2-23ecd8d462c6: addNew group-A580917960F3:[24bf2945-a329-4da6-aaf2-23ecd8d462c6:192.168.30.10:42867, e568d23f-199e-48ce-91e4-5c166e2e97cd:192.168.30.10:42827, 62ec8eb9-3ae9-4136-b70a-2caf3716fa7f:192.168.30.10:44715] returns group-A580917960F3:java.util.concurrent.CompletableFuture@1fd07e5[Not completed]
2019-09-25 07:05:25,845 [Thread-1102] INFO  impl.FollowerState (FollowerState.java:run(115)) - 62ec8eb9-3ae9-4136-b70a-2caf3716fa7f: FollowerState was interrupted: java.lang.InterruptedException: sleep interrupted
2019-09-25 07:05:25,846 [ForkJoinPool.commonPool-worker-1] INFO  segmented.SegmentedRaftLogWorker (SegmentedRaftLogWorker.java:close(228)) - e568d23f-199e-48ce-91e4-5c166e2e97cd@group-050458FFE721-SegmentedRaftLogWorker close()
2019-09-25 07:05:25,846 [main] INFO  impl.RaftServerImpl (ServerState.java:close(385)) - 62ec8eb9-3ae9-4136-b70a-2caf3716fa7f@group-15D36349AA9F: closes. applyIndex: -1
2019-09-25 07:05:25,847 [ForkJoinPool.commonPool-worker-1] INFO  impl.RaftServerImpl (RaftServerImpl.java:lambda$shutdown$3(251)) - e568d23f-199e-48ce-91e4-5c166e2e97cd@group-F3FF35E5C536: shutdown
2019-09-25 07:05:25,847 [pool-47-thread-1] INFO  impl.RaftServerImpl (RaftServerImpl.java:<init>(95)) - 24bf2945-a329-4da6-aaf2-23ecd8d462c6: new RaftServerImpl for group-A580917960F3:[24bf2945-a329-4da6-aaf2-23ecd8d462c6:192.168.30.10:42867, e568d23f-199e-48ce-91e4-5c166e2e97cd:192.168.30.10:42827, 62ec8eb9-3ae9-4136-b70a-2caf3716fa7f:192.168.30.10:44715] with ContainerStateMachine:uninitialized
2019-09-25 07:05:25,847 [ForkJoinPool.commonPool-worker-1] INFO  util.JmxRegister (JmxRegister.java:unregister(73)) - Successfully un-registered JMX Bean with object name Ratis:service=RaftServer,group=group-F3FF35E5C536,id=e568d23f-199e-48ce-91e4-5c166e2e97cd
2019-09-25 07:05:25,847 [62ec8eb9-3ae9-4136-b70a-2caf3716fa7f@group-15D36349AA9F-SegmentedRaftLogWorker] INFO  segmented.SegmentedRaftLogWorker (SegmentedRaftLogWorker.java:run(313)) - 62ec8eb9-3ae9-4136-b70a-2caf3716fa7f@group-15D36349AA9F-SegmentedRaftLogWorker was interrupted, exiting. There are 0 tasks remaining in the queue.
2019-09-25 07:05:25,848 [ForkJoinPool.commonPool-worker-1] INFO  impl.RoleInfo (RoleInfo.java:shutdownLeaderState(104)) - e568d23f-199e-48ce-91e4-5c166e2e97cd: shutdown LeaderState
2019-09-25 07:05:25,848 [pool-47-thread-1] INFO  server.RaftServerConfigKeys (ConfUtils.java:logGet(43)) - raft.server.rpc.timeout.min = 5s (custom)
2019-09-25 07:05:25,848 [ForkJoinPool.commonPool-worker-1] INFO  impl.PendingRequests (PendingRequests.java:sendNotLeaderResponses(202)) - e568d23f-199e-48ce-91e4-5c166e2e97cd-PendingRequests: sendNotLeaderResponses
2019-09-25 07:05:25,848 [main] INFO  segmented.SegmentedRaftLogWorker (SegmentedRaftLogWorker.java:close(228)) - 62ec8eb9-3ae9-4136-b70a-2caf3716fa7f@group-15D36349AA9F-SegmentedRaftLogWorker close()
2019-09-25 07:05:25,848 [ForkJoinPool.commonPool-worker-1] INFO  impl.StateMachineUpdater (StateMachineUpdater.java:stopAndJoin(125)) - e568d23f-199e-48ce-91e4-5c166e2e97cd@group-F3FF35E5C536-StateMachineUpdater: set stopIndex = 0
2019-09-25 07:05:25,849 [ForkJoinPool.commonPool-worker-1] INFO  impl.RaftServerImpl (ServerState.java:close(385)) - e568d23f-199e-48ce-91e4-5c166e2e97cd@group-F3FF35E5C536: closes. applyIndex: 0
2019-09-25 07:05:25,848 [pool-47-thread-1] INFO  server.RaftServerConfigKeys (ConfUtils.java:logGet(43)) - raft.server.rpc.timeout.max = 5200ms (custom)
2019-09-25 07:05:25,849 [main] INFO  impl.RaftServerImpl (RaftServerImpl.java:lambda$shutdown$3(251)) - 62ec8eb9-3ae9-4136-b70a-2caf3716fa7f@group-C25D07EEFFAA: shutdown
2019-09-25 07:05:25,849 [e568d23f-199e-48ce-91e4-5c166e2e97cd@group-F3FF35E5C536-SegmentedRaftLogWorker] INFO  segmented.SegmentedRaftLogWorker (SegmentedRaftLogWorker.java:run(313)) - e568d23f-199e-48ce-91e4-5c166e2e97cd@group-F3FF35E5C536-SegmentedRaftLogWorker was interrupted, exiting. There are 0 tasks remaining in the queue.
2019-09-25 07:05:25,849 [pool-47-thread-1] INFO  server.RaftServerConfigKeys (ConfUtils.java:logGet(43)) - raft.server.rpcslowness.timeout = 120s (custom)
2019-09-25 07:05:25,850 [main] INFO  util.JmxRegister (JmxRegister.java:unregister(73)) - Successfully un-registered JMX Bean with object name Ratis:service=RaftServer,group=group-C25D07EEFFAA,id=62ec8eb9-3ae9-4136-b70a-2caf3716fa7f
2019-09-25 07:05:25,850 [main] INFO  impl.RoleInfo (RoleInfo.java:shutdownFollowerState(121)) - 62ec8eb9-3ae9-4136-b70a-2caf3716fa7f: shutdown FollowerState
2019-09-25 07:05:25,850 [ForkJoinPool.commonPool-worker-1] INFO  segmented.SegmentedRaftLogWorker (SegmentedRaftLogWorker.java:close(228)) - e568d23f-199e-48ce-91e4-5c166e2e97cd@group-F3FF35E5C536-SegmentedRaftLogWorker close()
2019-09-25 07:05:25,850 [pool-47-thread-1] INFO  server.RaftServerConfigKeys (ConfUtils.java:logGet(43)) - raft.server.sleep.deviation.threshold = 300 (default)
2019-09-25 07:05:25,851 [Thread-1249] INFO  impl.FollowerState (FollowerState.java:run(115)) - 62ec8eb9-3ae9-4136-b70a-2caf3716fa7f: FollowerState was interrupted: java.lang.InterruptedException: sleep interrupted
2019-09-25 07:05:25,851 [main] INFO  impl.StateMachineUpdater (StateMachineUpdater.java:stopAndJoin(125)) - 62ec8eb9-3ae9-4136-b70a-2caf3716fa7f@group-C25D07EEFFAA-StateMachineUpdater: set stopIndex = -1
2019-09-25 07:05:25,851 [main] INFO  impl.RaftServerImpl (ServerState.java:close(385)) - 62ec8eb9-3ae9-4136-b70a-2caf3716fa7f@group-C25D07EEFFAA: closes. applyIndex: -1
2019-09-25 07:05:25,851 [pool-47-thread-1] INFO  server.RaftServerConfigKeys (ConfUtils.java:logGet(43)) - raft.server.log.appender.install.snapshot.enabled = false (custom)
2019-09-25 07:05:25,851 [ForkJoinPool.commonPool-worker-1] INFO  impl.RaftServerImpl (RaftServerImpl.java:lambda$shutdown$3(251)) - e568d23f-199e-48ce-91e4-5c166e2e97cd@group-859FBF2DD6DE: shutdown
2019-09-25 07:05:25,852 [pool-47-thread-1] INFO  impl.RaftServerImpl (ServerState.java:<init>(103)) - 24bf2945-a329-4da6-aaf2-23ecd8d462c6@group-A580917960F3: ConfigurationManager, init=-1: [24bf2945-a329-4da6-aaf2-23ecd8d462c6:192.168.30.10:42867, e568d23f-199e-48ce-91e4-5c166e2e97cd:192.168.30.10:42827, 62ec8eb9-3ae9-4136-b70a-2caf3716fa7f:192.168.30.10:44715], old=null, confs=<EMPTY_MAP>
2019-09-25 07:05:25,852 [62ec8eb9-3ae9-4136-b70a-2caf3716fa7f@group-C25D07EEFFAA-SegmentedRaftLogWorker] INFO  segmented.SegmentedRaftLogWorker (SegmentedRaftLogWorker.java:run(313)) - 62ec8eb9-3ae9-4136-b70a-2caf3716fa7f@group-C25D07EEFFAA-SegmentedRaftLogWorker was interrupted, exiting. There are 0 tasks remaining in the queue.
2019-09-25 07:05:25,852 [ForkJoinPool.commonPool-worker-1] INFO  util.JmxRegister (JmxRegister.java:unregister(73)) - Successfully un-registered JMX Bean with object name Ratis:service=RaftServer,group=group-859FBF2DD6DE,id=e568d23f-199e-48ce-91e4-5c166e2e97cd
2019-09-25 07:05:25,852 [pool-47-thread-1] INFO  server.RaftServerConfigKeys (ConfUtils.java:logGet(43)) - raft.server.storage.dir = [/workdir/hadoop-ozone/integration-test/target/test-dir/MiniOzoneClusterImpl-39af9574-7a8b-4ed7-b830-bf686a3d4bb8/datanode-2/data/ratis] (custom)
2019-09-25 07:05:25,852 [main] INFO  segmented.SegmentedRaftLogWorker (SegmentedRaftLogWorker.java:close(228)) - 62ec8eb9-3ae9-4136-b70a-2caf3716fa7f@group-C25D07EEFFAA-SegmentedRaftLogWorker close()
2019-09-25 07:05:25,853 [ForkJoinPool.commonPool-worker-1] INFO  impl.RoleInfo (RoleInfo.java:shutdownFollowerState(121)) - e568d23f-199e-48ce-91e4-5c166e2e97cd: shutdown FollowerState
2019-09-25 07:05:25,853 [main] INFO  impl.RaftServerImpl (RaftServerImpl.java:lambda$shutdown$3(251)) - 62ec8eb9-3ae9-4136-b70a-2caf3716fa7f@group-04922AB5D0D3: shutdown
2019-09-25 07:05:25,853 [pool-47-thread-1] INFO  storage.RaftStorageDirectory (RaftStorageDirectory.java:analyzeStorage(246)) - The storage directory /workdir/hadoop-ozone/integration-test/target/test-dir/MiniOzoneClusterImpl-39af9574-7a8b-4ed7-b830-bf686a3d4bb8/datanode-2/data/ratis/f200ffbe-88c9-414d-9f86-a580917960f3 does not exist. Creating ...
2019-09-25 07:05:25,854 [main] INFO  util.JmxRegister (JmxRegister.java:unregister(73)) - Successfully un-registered JMX Bean with object name Ratis:service=RaftServer,group=group-04922AB5D0D3,id=62ec8eb9-3ae9-4136-b70a-2caf3716fa7f
2019-09-25 07:05:25,854 [main] INFO  impl.RoleInfo (RoleInfo.java:shutdownLeaderState(104)) - 62ec8eb9-3ae9-4136-b70a-2caf3716fa7f: shutdown LeaderState
2019-09-25 07:05:25,853 [Thread-1267] INFO  impl.FollowerState (FollowerState.java:run(115)) - e568d23f-199e-48ce-91e4-5c166e2e97cd: FollowerState was interrupted: java.lang.InterruptedException: sleep interrupted
2019-09-25 07:05:25,853 [ForkJoinPool.commonPool-worker-1] INFO  impl.StateMachineUpdater (StateMachineUpdater.java:stopAndJoin(125)) - e568d23f-199e-48ce-91e4-5c166e2e97cd@group-859FBF2DD6DE-StateMachineUpdater: set stopIndex = -1
2019-09-25 07:05:25,855 [main] INFO  impl.PendingRequests (PendingRequests.java:sendNotLeaderResponses(202)) - 62ec8eb9-3ae9-4136-b70a-2caf3716fa7f-PendingRequests: sendNotLeaderResponses
2019-09-25 07:05:25,855 [ForkJoinPool.commonPool-worker-1] INFO  impl.RaftServerImpl (ServerState.java:close(385)) - e568d23f-199e-48ce-91e4-5c166e2e97cd@group-859FBF2DD6DE: closes. applyIndex: -1
2019-09-25 07:05:25,855 [main] INFO  impl.StateMachineUpdater (StateMachineUpdater.java:stopAndJoin(125)) - 62ec8eb9-3ae9-4136-b70a-2caf3716fa7f@group-04922AB5D0D3-StateMachineUpdater: set stopIndex = 0
2019-09-25 07:05:25,856 [e568d23f-199e-48ce-91e4-5c166e2e97cd@group-859FBF2DD6DE-SegmentedRaftLogWorker] INFO  segmented.SegmentedRaftLogWorker (SegmentedRaftLogWorker.java:run(313)) - e568d23f-199e-48ce-91e4-5c166e2e97cd@group-859FBF2DD6DE-SegmentedRaftLogWorker was interrupted, exiting. There are 0 tasks remaining in the queue.
2019-09-25 07:05:25,856 [main] INFO  impl.RaftServerImpl (ServerState.java:close(385)) - 62ec8eb9-3ae9-4136-b70a-2caf3716fa7f@group-04922AB5D0D3: closes. applyIndex: 0
2019-09-25 07:05:25,856 [ForkJoinPool.commonPool-worker-1] INFO  segmented.SegmentedRaftLogWorker (SegmentedRaftLogWorker.java:close(228)) - e568d23f-199e-48ce-91e4-5c166e2e97cd@group-859FBF2DD6DE-SegmentedRaftLogWorker close()
2019-09-25 07:05:25,857 [62ec8eb9-3ae9-4136-b70a-2caf3716fa7f@group-04922AB5D0D3-SegmentedRaftLogWorker] INFO  segmented.SegmentedRaftLogWorker (SegmentedRaftLogWorker.java:run(313)) - 62ec8eb9-3ae9-4136-b70a-2caf3716fa7f@group-04922AB5D0D3-SegmentedRaftLogWorker was interrupted, exiting. There are 0 tasks remaining in the queue.
2019-09-25 07:05:25,857 [ForkJoinPool.commonPool-worker-1] INFO  impl.RaftServerImpl (RaftServerImpl.java:lambda$shutdown$3(251)) - e568d23f-199e-48ce-91e4-5c166e2e97cd@group-4871FD6177E4: shutdown
2019-09-25 07:05:25,857 [main] INFO  segmented.SegmentedRaftLogWorker (SegmentedRaftLogWorker.java:close(228)) - 62ec8eb9-3ae9-4136-b70a-2caf3716fa7f@group-04922AB5D0D3-SegmentedRaftLogWorker close()
2019-09-25 07:05:25,857 [ForkJoinPool.commonPool-worker-1] INFO  util.JmxRegister (JmxRegister.java:unregister(73)) - Successfully un-registered JMX Bean with object name Ratis:service=RaftServer,group=group-4871FD6177E4,id=e568d23f-199e-48ce-91e4-5c166e2e97cd
2019-09-25 07:05:25,858 [main] INFO  impl.RaftServerImpl (RaftServerImpl.java:lambda$shutdown$3(251)) - 62ec8eb9-3ae9-4136-b70a-2caf3716fa7f@group-47D554B51B5B: shutdown
2019-09-25 07:05:25,858 [ForkJoinPool.commonPool-worker-1] INFO  impl.RoleInfo (RoleInfo.java:shutdownLeaderState(104)) - e568d23f-199e-48ce-91e4-5c166e2e97cd: shutdown LeaderState
2019-09-25 07:05:25,858 [main] INFO  util.JmxRegister (JmxRegister.java:unregister(73)) - Successfully un-registered JMX Bean with object name Ratis:service=RaftServer,group=group-47D554B51B5B,id=62ec8eb9-3ae9-4136-b70a-2caf3716fa7f
2019-09-25 07:05:25,858 [ForkJoinPool.commonPool-worker-1] INFO  impl.PendingRequests (PendingRequests.java:sendNotLeaderResponses(202)) - e568d23f-199e-48ce-91e4-5c166e2e97cd-PendingRequests: sendNotLeaderResponses
2019-09-25 07:05:25,859 [main] INFO  impl.RoleInfo (RoleInfo.java:shutdownLeaderState(104)) - 62ec8eb9-3ae9-4136-b70a-2caf3716fa7f: shutdown LeaderState
2019-09-25 07:05:25,859 [ForkJoinPool.commonPool-worker-1] INFO  impl.StateMachineUpdater (StateMachineUpdater.java:stopAndJoin(125)) - e568d23f-199e-48ce-91e4-5c166e2e97cd@group-4871FD6177E4-StateMachineUpdater: set stopIndex = 0
2019-09-25 07:05:25,859 [ForkJoinPool.commonPool-worker-1] INFO  impl.RaftServerImpl (ServerState.java:close(385)) - e568d23f-199e-48ce-91e4-5c166e2e97cd@group-4871FD6177E4: closes. applyIndex: 0
2019-09-25 07:05:25,859 [main] INFO  impl.PendingRequests (PendingRequests.java:sendNotLeaderResponses(202)) - 62ec8eb9-3ae9-4136-b70a-2caf3716fa7f-PendingRequests: sendNotLeaderResponses
2019-09-25 07:05:25,860 [e568d23f-199e-48ce-91e4-5c166e2e97cd@group-4871FD6177E4-SegmentedRaftLogWorker] INFO  segmented.SegmentedRaftLogWorker (SegmentedRaftLogWorker.java:run(313)) - e568d23f-199e-48ce-91e4-5c166e2e97cd@group-4871FD6177E4-SegmentedRaftLogWorker was interrupted, exiting. There are 0 tasks remaining in the queue.
2019-09-25 07:05:25,860 [main] INFO  impl.StateMachineUpdater (StateMachineUpdater.java:stopAndJoin(125)) - 62ec8eb9-3ae9-4136-b70a-2caf3716fa7f@group-47D554B51B5B-StateMachineUpdater: set stopIndex = 0
2019-09-25 07:05:25,860 [ForkJoinPool.commonPool-worker-1] INFO  segmented.SegmentedRaftLogWorker (SegmentedRaftLogWorker.java:close(228)) - e568d23f-199e-48ce-91e4-5c166e2e97cd@group-4871FD6177E4-SegmentedRaftLogWorker close()
2019-09-25 07:05:25,861 [main] INFO  impl.RaftServerImpl (ServerState.java:close(385)) - 62ec8eb9-3ae9-4136-b70a-2caf3716fa7f@group-47D554B51B5B: closes. applyIndex: 0
2019-09-25 07:05:25,861 [ForkJoinPool.commonPool-worker-1] INFO  impl.RaftServerImpl (RaftServerImpl.java:lambda$shutdown$3(251)) - e568d23f-199e-48ce-91e4-5c166e2e97cd@group-827BD3CD0D78: shutdown
2019-09-25 07:05:25,861 [62ec8eb9-3ae9-4136-b70a-2caf3716fa7f@group-47D554B51B5B-SegmentedRaftLogWorker] INFO  segmented.SegmentedRaftLogWorker (SegmentedRaftLogWorker.java:run(313)) - 62ec8eb9-3ae9-4136-b70a-2caf3716fa7f@group-47D554B51B5B-SegmentedRaftLogWorker was interrupted, exiting. There are 0 tasks remaining in the queue.
2019-09-25 07:05:25,861 [ForkJoinPool.commonPool-worker-1] INFO  util.JmxRegister (JmxRegister.java:unregister(73)) - Successfully un-registered JMX Bean with object name Ratis:service=RaftServer,group=group-827BD3CD0D78,id=e568d23f-199e-48ce-91e4-5c166e2e97cd
2019-09-25 07:05:25,862 [main] INFO  segmented.SegmentedRaftLogWorker (SegmentedRaftLogWorker.java:close(228)) - 62ec8eb9-3ae9-4136-b70a-2caf3716fa7f@group-47D554B51B5B-SegmentedRaftLogWorker close()
2019-09-25 07:05:25,862 [ForkJoinPool.commonPool-worker-1] INFO  impl.RoleInfo (RoleInfo.java:shutdownLeaderState(104)) - e568d23f-199e-48ce-91e4-5c166e2e97cd: shutdown LeaderState
2019-09-25 07:05:25,862 [main] INFO  impl.RaftServerImpl (RaftServerImpl.java:lambda$shutdown$3(251)) - 62ec8eb9-3ae9-4136-b70a-2caf3716fa7f@group-80BD66AA2751: shutdown
2019-09-25 07:05:25,862 [ForkJoinPool.commonPool-worker-1] INFO  impl.PendingRequests (PendingRequests.java:sendNotLeaderResponses(202)) - e568d23f-199e-48ce-91e4-5c166e2e97cd-PendingRequests: sendNotLeaderResponses
2019-09-25 07:05:25,863 [main] INFO  util.JmxRegister (JmxRegister.java:unregister(73)) - Successfully un-registered JMX Bean with object name Ratis:service=RaftServer,group=group-80BD66AA2751,id=62ec8eb9-3ae9-4136-b70a-2caf3716fa7f
2019-09-25 07:05:25,863 [main] INFO  impl.RoleInfo (RoleInfo.java:shutdownFollowerState(121)) - 62ec8eb9-3ae9-4136-b70a-2caf3716fa7f: shutdown FollowerState
2019-09-25 07:05:25,863 [ForkJoinPool.commonPool-worker-1] INFO  impl.StateMachineUpdater (StateMachineUpdater.java:stopAndJoin(125)) - e568d23f-199e-48ce-91e4-5c166e2e97cd@group-827BD3CD0D78-StateMachineUpdater: set stopIndex = 0
2019-09-25 07:05:25,864 [Thread-1228] INFO  impl.FollowerState (FollowerState.java:run(115)) - 62ec8eb9-3ae9-4136-b70a-2caf3716fa7f: FollowerState was interrupted: java.lang.InterruptedException: sleep interrupted
2019-09-25 07:05:25,864 [main] INFO  impl.StateMachineUpdater (StateMachineUpdater.java:stopAndJoin(125)) - 62ec8eb9-3ae9-4136-b70a-2caf3716fa7f@group-80BD66AA2751-StateMachineUpdater: set stopIndex = -1
2019-09-25 07:05:25,864 [main] INFO  impl.RaftServerImpl (ServerState.java:close(385)) - 62ec8eb9-3ae9-4136-b70a-2caf3716fa7f@group-80BD66AA2751: closes. applyIndex: -1
2019-09-25 07:05:25,864 [ForkJoinPool.commonPool-worker-1] INFO  impl.RaftServerImpl (ServerState.java:close(385)) - e568d23f-199e-48ce-91e4-5c166e2e97cd@group-827BD3CD0D78: closes. applyIndex: 0
2019-09-25 07:05:25,865 [62ec8eb9-3ae9-4136-b70a-2caf3716fa7f@group-80BD66AA2751-SegmentedRaftLogWorker] INFO  segmented.SegmentedRaftLogWorker (SegmentedRaftLogWorker.java:run(313)) - 62ec8eb9-3ae9-4136-b70a-2caf3716fa7f@group-80BD66AA2751-SegmentedRaftLogWorker was interrupted, exiting. There are 0 tasks remaining in the queue.
2019-09-25 07:05:25,865 [main] INFO  segmented.SegmentedRaftLogWorker (SegmentedRaftLogWorker.java:close(228)) - 62ec8eb9-3ae9-4136-b70a-2caf3716fa7f@group-80BD66AA2751-SegmentedRaftLogWorker close()
2019-09-25 07:05:25,865 [e568d23f-199e-48ce-91e4-5c166e2e97cd@group-827BD3CD0D78-SegmentedRaftLogWorker] INFO  segmented.SegmentedRaftLogWorker (SegmentedRaftLogWorker.java:run(313)) - e568d23f-199e-48ce-91e4-5c166e2e97cd@group-827BD3CD0D78-SegmentedRaftLogWorker was interrupted, exiting. There are 0 tasks remaining in the queue.
2019-09-25 07:05:25,865 [main] INFO  impl.RaftServerImpl (RaftServerImpl.java:lambda$shutdown$3(251)) - 62ec8eb9-3ae9-4136-b70a-2caf3716fa7f@group-E6F9350C10F4: shutdown
2019-09-25 07:05:25,866 [ForkJoinPool.commonPool-worker-1] INFO  segmented.SegmentedRaftLogWorker (SegmentedRaftLogWorker.java:close(228)) - e568d23f-199e-48ce-91e4-5c166e2e97cd@group-827BD3CD0D78-SegmentedRaftLogWorker close()
2019-09-25 07:05:25,866 [main] INFO  util.JmxRegister (JmxRegister.java:unregister(73)) - Successfully un-registered JMX Bean with object name Ratis:service=RaftServer,group=group-E6F9350C10F4,id=62ec8eb9-3ae9-4136-b70a-2caf3716fa7f
2019-09-25 07:05:25,866 [ForkJoinPool.commonPool-worker-1] INFO  impl.RaftServerImpl (RaftServerImpl.java:lambda$shutdown$3(251)) - e568d23f-199e-48ce-91e4-5c166e2e97cd@group-E6F9350C10F4: shutdown
2019-09-25 07:05:25,867 [main] INFO  impl.RoleInfo (RoleInfo.java:shutdownLeaderState(104)) - 62ec8eb9-3ae9-4136-b70a-2caf3716fa7f: shutdown LeaderState
2019-09-25 07:05:25,867 [ForkJoinPool.commonPool-worker-1] INFO  util.JmxRegister (JmxRegister.java:unregister(73)) - Successfully un-registered JMX Bean with object name Ratis:service=RaftServer,group=group-E6F9350C10F4,id=e568d23f-199e-48ce-91e4-5c166e2e97cd
2019-09-25 07:05:25,873 [org.apache.ratis.server.impl.LogAppender$AppenderDaemon$$Lambda$473/708317063@5d66ca7d] WARN  server.GrpcLogAppender (GrpcLogAppender.java:mayWait(143)) - 62ec8eb9-3ae9-4136-b70a-2caf3716fa7f@group-E6F9350C10F4->e568d23f-199e-48ce-91e4-5c166e2e97cd-GrpcLogAppender: Wait interrupted by java.lang.InterruptedException
2019-09-25 07:05:25,873 [main] INFO  impl.PendingRequests (PendingRequests.java:sendNotLeaderResponses(202)) - 62ec8eb9-3ae9-4136-b70a-2caf3716fa7f-PendingRequests: sendNotLeaderResponses
2019-09-25 07:05:25,873 [org.apache.ratis.server.impl.LogAppender$AppenderDaemon$$Lambda$473/708317063@4c58a58e] WARN  server.GrpcLogAppender (GrpcLogAppender.java:mayWait(143)) - 62ec8eb9-3ae9-4136-b70a-2caf3716fa7f@group-E6F9350C10F4->24bf2945-a329-4da6-aaf2-23ecd8d462c6-GrpcLogAppender: Wait interrupted by java.lang.InterruptedException
2019-09-25 07:05:25,873 [ForkJoinPool.commonPool-worker-1] INFO  impl.RoleInfo (RoleInfo.java:shutdownFollowerState(121)) - e568d23f-199e-48ce-91e4-5c166e2e97cd: shutdown FollowerState
2019-09-25 07:05:25,874 [grpc-default-executor-6] INFO  server.GrpcServerProtocolService (GrpcServerProtocolService.java:onCompleted(113)) - e568d23f-199e-48ce-91e4-5c166e2e97cd: Completed APPEND_ENTRIES, lastRequest: 62ec8eb9-3ae9-4136-b70a-2caf3716fa7f->e568d23f-199e-48ce-91e4-5c166e2e97cd#1-t2, previous=(t:0, i:0), leaderCommit=-1, initializing? false, entries: size=1, first=(t:2, i:0), CONFIGURATIONENTRY
2019-09-25 07:05:25,874 [main] INFO  impl.StateMachineUpdater (StateMachineUpdater.java:stopAndJoin(125)) - 62ec8eb9-3ae9-4136-b70a-2caf3716fa7f@group-E6F9350C10F4-StateMachineUpdater: set stopIndex = -1
2019-09-25 07:05:25,875 [grpc-default-executor-6] INFO  server.GrpcLogAppender (GrpcLogAppender.java:onCompleted(293)) - 62ec8eb9-3ae9-4136-b70a-2caf3716fa7f@group-E6F9350C10F4->e568d23f-199e-48ce-91e4-5c166e2e97cd-AppendLogResponseHandler: follower responses appendEntries COMPLETED
2019-09-25 07:05:25,874 [grpc-default-executor-3] INFO  server.GrpcServerProtocolService (GrpcServerProtocolService.java:onCompleted(113)) - 24bf2945-a329-4da6-aaf2-23ecd8d462c6: Completed APPEND_ENTRIES, lastRequest: 62ec8eb9-3ae9-4136-b70a-2caf3716fa7f->24bf2945-a329-4da6-aaf2-23ecd8d462c6#1-t2, previous=(t:0, i:0), leaderCommit=-1, initializing? false, entries: size=1, first=(t:2, i:0), CONFIGURATIONENTRY
2019-09-25 07:05:25,874 [Thread-1300] INFO  impl.FollowerState (FollowerState.java:run(115)) - e568d23f-199e-48ce-91e4-5c166e2e97cd: FollowerState was interrupted: java.lang.InterruptedException: sleep interrupted
2019-09-25 07:05:25,874 [ForkJoinPool.commonPool-worker-1] INFO  impl.StateMachineUpdater (StateMachineUpdater.java:stopAndJoin(125)) - e568d23f-199e-48ce-91e4-5c166e2e97cd@group-E6F9350C10F4-StateMachineUpdater: set stopIndex = -1
2019-09-25 07:05:25,878 [ForkJoinPool.commonPool-worker-1] INFO  impl.RaftServerImpl (ServerState.java:close(385)) - e568d23f-199e-48ce-91e4-5c166e2e97cd@group-E6F9350C10F4: closes. applyIndex: -1
2019-09-25 07:05:25,877 [grpc-default-executor-6] INFO  impl.FollowerInfo (FollowerInfo.java:lambda$new$0(51)) - 62ec8eb9-3ae9-4136-b70a-2caf3716fa7f@group-E6F9350C10F4->e568d23f-199e-48ce-91e4-5c166e2e97cd: nextIndex: updateUnconditionally 1 -> 0
2019-09-25 07:05:25,875 [main] INFO  impl.RaftServerImpl (ServerState.java:close(385)) - 62ec8eb9-3ae9-4136-b70a-2caf3716fa7f@group-E6F9350C10F4: closes. applyIndex: -1
2019-09-25 07:05:25,878 [grpc-default-executor-7] INFO  server.GrpcLogAppender (GrpcLogAppender.java:onCompleted(293)) - 62ec8eb9-3ae9-4136-b70a-2caf3716fa7f@group-E6F9350C10F4->24bf2945-a329-4da6-aaf2-23ecd8d462c6-AppendLogResponseHandler: follower responses appendEntries COMPLETED
2019-09-25 07:05:25,879 [pool-47-thread-1] INFO  storage.RaftStorageDirectory (RaftStorageDirectory.java:tryLock(328)) - Lock on /workdir/hadoop-ozone/integration-test/target/test-dir/MiniOzoneClusterImpl-39af9574-7a8b-4ed7-b830-bf686a3d4bb8/datanode-2/data/ratis/f200ffbe-88c9-414d-9f86-a580917960f3/in_use.lock acquired by nodename 19495@pr-hdds-1569-s62bp-3040748787
2019-09-25 07:05:25,881 [grpc-default-executor-7] INFO  impl.FollowerInfo (FollowerInfo.java:lambda$new$0(51)) - 62ec8eb9-3ae9-4136-b70a-2caf3716fa7f@group-E6F9350C10F4->24bf2945-a329-4da6-aaf2-23ecd8d462c6: nextIndex: updateUnconditionally 1 -> 0
2019-09-25 07:05:25,892 [pool-47-thread-1] INFO  storage.RaftStorage (RaftStorage.java:format(72)) - Storage directory /workdir/hadoop-ozone/integration-test/target/test-dir/MiniOzoneClusterImpl-39af9574-7a8b-4ed7-b830-bf686a3d4bb8/datanode-2/data/ratis/f200ffbe-88c9-414d-9f86-a580917960f3 has been successfully formatted.
2019-09-25 07:05:25,892 [pool-47-thread-1] INFO  ratis.ContainerStateMachine (ContainerStateMachine.java:loadSnapshot(230)) - group-A580917960F3: The snapshot info is null. Setting the last applied indexto:(t:0, i:~)
2019-09-25 07:05:25,892 [pool-47-thread-1] INFO  server.RaftServerConfigKeys (ConfUtils.java:logGet(43)) - raft.server.notification.no-leader.timeout = 120s (custom)
2019-09-25 07:05:25,893 [pool-47-thread-1] INFO  server.RaftServerConfigKeys (ConfUtils.java:logGet(43)) - raft.server.log.use.memory = false (default)
2019-09-25 07:05:25,893 [pool-47-thread-1] INFO  server.RaftServerConfigKeys (ConfUtils.java:logGet(43)) - raft.server.log.purge.gap = 1000000 (custom)
2019-09-25 07:05:25,893 [pool-47-thread-1] INFO  server.RaftServerConfigKeys (ConfUtils.java:logGet(43)) - raft.server.log.appender.buffer.byte-limit = 33554432 (custom)
2019-09-25 07:05:25,893 [pool-47-thread-1] INFO  server.RaftServerConfigKeys (ConfUtils.java:logGet(43)) - raft.server.log.segment.size.max = 1048576 (custom)
2019-09-25 07:05:25,893 [pool-47-thread-1] INFO  server.RaftServerConfigKeys (ConfUtils.java:logGet(43)) - raft.server.log.segment.cache.num.max = 2 (custom)
2019-09-25 07:05:25,893 [pool-47-thread-1] INFO  segmented.SegmentedRaftLogWorker (SegmentedRaftLogWorker.java:<init>(172)) - new 24bf2945-a329-4da6-aaf2-23ecd8d462c6@group-A580917960F3-SegmentedRaftLogWorker for RaftStorage:Storage Directory /workdir/hadoop-ozone/integration-test/target/test-dir/MiniOzoneClusterImpl-39af9574-7a8b-4ed7-b830-bf686a3d4bb8/datanode-2/data/ratis/f200ffbe-88c9-414d-9f86-a580917960f3
2019-09-25 07:05:25,893 [pool-47-thread-1] INFO  server.RaftServerConfigKeys (ConfUtils.java:logGet(43)) - raft.server.log.queue.byte-limit = 2147483647 (custom)
2019-09-25 07:05:25,894 [pool-47-thread-1] INFO  server.RaftServerConfigKeys (ConfUtils.java:logGet(43)) - raft.server.log.queue.element-limit = 1024 (custom)
2019-09-25 07:05:25,894 [pool-47-thread-1] INFO  server.RaftServerConfigKeys (ConfUtils.java:logGet(43)) - raft.server.log.segment.size.max = 1048576 (custom)
2019-09-25 07:05:25,894 [pool-47-thread-1] INFO  server.RaftServerConfigKeys (ConfUtils.java:logGet(43)) - raft.server.log.preallocated.size = 16384 (custom)
2019-09-25 07:05:25,894 [pool-47-thread-1] INFO  server.RaftServerConfigKeys (ConfUtils.java:logGet(43)) - raft.server.log.write.buffer.size = 33554432 (custom)
2019-09-25 07:05:25,894 [pool-47-thread-1] INFO  server.RaftServerConfigKeys (ConfUtils.java:logGet(43)) - raft.server.log.force.sync.num = 128 (default)
2019-09-25 07:05:25,894 [pool-47-thread-1] INFO  server.RaftServerConfigKeys (ConfUtils.java:logGet(43)) - raft.server.log.statemachine.data.sync = true (default)
2019-09-25 07:05:25,894 [pool-47-thread-1] INFO  server.RaftServerConfigKeys (ConfUtils.java:logGet(43)) - raft.server.log.statemachine.data.sync.timeout = 10s (default)
2019-09-25 07:05:25,894 [pool-47-thread-1] INFO  server.RaftServerConfigKeys (ConfUtils.java:logGet(43)) - raft.server.log.statemachine.data.sync.timeout.retry = -1 (default)
2019-09-25 07:05:25,895 [pool-47-thread-1] INFO  server.RaftServerConfigKeys (ConfUtils.java:logGet(43)) - raft.server.log.statemachine.data.caching.enabled = true (custom)
2019-09-25 07:05:25,895 [pool-47-thread-1] INFO  segmented.SegmentedRaftLogWorker (SegmentedRaftLogWorker.java:lambda$new$0(132)) - 24bf2945-a329-4da6-aaf2-23ecd8d462c6@group-A580917960F3-SegmentedRaftLogWorker: flushIndex: setUnconditionally 0 -> -1
2019-09-25 07:05:25,895 [pool-47-thread-1] INFO  server.RaftServerConfigKeys (ConfUtils.java:logGet(43)) - raft.server.snapshot.auto.trigger.enabled = true (custom)
2019-09-25 07:05:25,895 [pool-47-thread-1] INFO  server.RaftServerConfigKeys (ConfUtils.java:logGet(43)) - raft.server.snapshot.auto.trigger.threshold = 10000 (custom)
2019-09-25 07:05:25,896 [pool-47-thread-1] INFO  server.RaftServerConfigKeys (ConfUtils.java:logGet(43)) - raft.server.snapshot.retention.num.files = 5 (custom)
2019-09-25 07:05:25,896 [pool-47-thread-1] INFO  server.RaftServerConfigKeys (ConfUtils.java:logGet(43)) - raft.server.retrycache.expirytime = 600000ms (custom)
2019-09-25 07:05:25,898 [pool-47-thread-1] INFO  impl.RaftServerImpl (RaftServerImpl.java:start(185)) - 24bf2945-a329-4da6-aaf2-23ecd8d462c6@group-A580917960F3: start as a follower, conf=-1: [24bf2945-a329-4da6-aaf2-23ecd8d462c6:192.168.30.10:42867, e568d23f-199e-48ce-91e4-5c166e2e97cd:192.168.30.10:42827, 62ec8eb9-3ae9-4136-b70a-2caf3716fa7f:192.168.30.10:44715], old=null
2019-09-25 07:05:25,898 [pool-47-thread-1] INFO  impl.RaftServerImpl (RaftServerImpl.java:setRole(174)) - 24bf2945-a329-4da6-aaf2-23ecd8d462c6@group-A580917960F3: changes role from      null to FOLLOWER at term 0 for startAsFollower
2019-09-25 07:05:25,898 [pool-47-thread-1] INFO  impl.RoleInfo (RoleInfo.java:updateAndGet(143)) - 24bf2945-a329-4da6-aaf2-23ecd8d462c6: start FollowerState
2019-09-25 07:05:25,898 [pool-47-thread-1] INFO  util.JmxRegister (JmxRegister.java:tryRegister(44)) - Successfully registered JMX Bean with object name Ratis:service=RaftServer,group=group-A580917960F3,id=24bf2945-a329-4da6-aaf2-23ecd8d462c6
2019-09-25 07:05:25,905 [Thread-1051] INFO  impl.FollowerState (FollowerState.java:run(106)) - e568d23f-199e-48ce-91e4-5c166e2e97cd:group-14C4AC4DB809 changes to CANDIDATE, lastRpcTime:5072, electionTimeout:5072ms
2019-09-25 07:05:25,905 [Thread-1051] INFO  impl.RoleInfo (RoleInfo.java:shutdownFollowerState(121)) - e568d23f-199e-48ce-91e4-5c166e2e97cd: shutdown FollowerState
2019-09-25 07:05:25,905 [Thread-1051] INFO  impl.RaftServerImpl (RaftServerImpl.java:setRole(174)) - e568d23f-199e-48ce-91e4-5c166e2e97cd@group-14C4AC4DB809: changes role from  FOLLOWER to CANDIDATE at term 0 for changeToCandidate
2019-09-25 07:05:25,905 [Thread-1051] INFO  impl.RoleInfo (RoleInfo.java:updateAndGet(143)) - e568d23f-199e-48ce-91e4-5c166e2e97cd: start LeaderElection
2019-09-25 07:05:25,920 [Thread-1054] INFO  impl.FollowerState (FollowerState.java:run(106)) - 24bf2945-a329-4da6-aaf2-23ecd8d462c6:group-F9777FC7DEAF changes to CANDIDATE, lastRpcTime:5041, electionTimeout:5041ms
2019-09-25 07:05:25,920 [Thread-1054] INFO  impl.RoleInfo (RoleInfo.java:shutdownFollowerState(121)) - 24bf2945-a329-4da6-aaf2-23ecd8d462c6: shutdown FollowerState
2019-09-25 07:05:25,920 [Thread-1054] INFO  impl.RaftServerImpl (RaftServerImpl.java:setRole(174)) - 24bf2945-a329-4da6-aaf2-23ecd8d462c6@group-F9777FC7DEAF: changes role from  FOLLOWER to CANDIDATE at term 0 for changeToCandidate
2019-09-25 07:05:25,920 [Thread-1054] INFO  impl.RoleInfo (RoleInfo.java:updateAndGet(143)) - 24bf2945-a329-4da6-aaf2-23ecd8d462c6: start LeaderElection
2019-09-25 07:05:25,930 [e568d23f-199e-48ce-91e4-5c166e2e97cd@group-14C4AC4DB809:LeaderElection168] INFO  impl.LeaderElection (LeaderElection.java:askForVotes(182)) - e568d23f-199e-48ce-91e4-5c166e2e97cd@group-14C4AC4DB809:LeaderElection168: begin an election at term 1 for -1: [e568d23f-199e-48ce-91e4-5c166e2e97cd:192.168.30.10:42827], old=null
2019-09-25 07:05:25,930 [24bf2945-a329-4da6-aaf2-23ecd8d462c6@group-F9777FC7DEAF:LeaderElection169] INFO  impl.LeaderElection (LeaderElection.java:askForVotes(182)) - 24bf2945-a329-4da6-aaf2-23ecd8d462c6@group-F9777FC7DEAF:LeaderElection169: begin an election at term 1 for -1: [24bf2945-a329-4da6-aaf2-23ecd8d462c6:192.168.30.10:42867], old=null
2019-09-25 07:05:25,930 [e568d23f-199e-48ce-91e4-5c166e2e97cd@group-14C4AC4DB809:LeaderElection168] INFO  impl.RoleInfo (RoleInfo.java:shutdownLeaderElection(134)) - e568d23f-199e-48ce-91e4-5c166e2e97cd: shutdown LeaderElection
2019-09-25 07:05:25,930 [24bf2945-a329-4da6-aaf2-23ecd8d462c6@group-F9777FC7DEAF:LeaderElection169] INFO  impl.RoleInfo (RoleInfo.java:shutdownLeaderElection(134)) - 24bf2945-a329-4da6-aaf2-23ecd8d462c6: shutdown LeaderElection
2019-09-25 07:05:25,930 [e568d23f-199e-48ce-91e4-5c166e2e97cd@group-14C4AC4DB809:LeaderElection168] INFO  impl.RaftServerImpl (RaftServerImpl.java:setRole(174)) - e568d23f-199e-48ce-91e4-5c166e2e97cd@group-14C4AC4DB809: changes role from CANDIDATE to LEADER at term 1 for changeToLeader
2019-09-25 07:05:25,930 [24bf2945-a329-4da6-aaf2-23ecd8d462c6@group-F9777FC7DEAF:LeaderElection169] INFO  impl.RaftServerImpl (RaftServerImpl.java:setRole(174)) - 24bf2945-a329-4da6-aaf2-23ecd8d462c6@group-F9777FC7DEAF: changes role from CANDIDATE to LEADER at term 1 for changeToLeader
2019-09-25 07:05:25,931 [e568d23f-199e-48ce-91e4-5c166e2e97cd@group-14C4AC4DB809:LeaderElection168] INFO  impl.RaftServerImpl (ServerState.java:setLeader(253)) - e568d23f-199e-48ce-91e4-5c166e2e97cd@group-14C4AC4DB809: change Leader from null to e568d23f-199e-48ce-91e4-5c166e2e97cd at term 1 for becomeLeader, leader elected after 5106ms
2019-09-25 07:05:25,931 [24bf2945-a329-4da6-aaf2-23ecd8d462c6@group-F9777FC7DEAF:LeaderElection169] INFO  impl.RaftServerImpl (ServerState.java:setLeader(253)) - 24bf2945-a329-4da6-aaf2-23ecd8d462c6@group-F9777FC7DEAF: change Leader from null to 24bf2945-a329-4da6-aaf2-23ecd8d462c6 at term 1 for becomeLeader, leader elected after 5056ms
2019-09-25 07:05:25,931 [e568d23f-199e-48ce-91e4-5c166e2e97cd@group-14C4AC4DB809:LeaderElection168] INFO  server.RaftServerConfigKeys (ConfUtils.java:logGet(43)) - raft.server.staging.catchup.gap = 1000 (default)
2019-09-25 07:05:25,931 [24bf2945-a329-4da6-aaf2-23ecd8d462c6@group-F9777FC7DEAF:LeaderElection169] INFO  server.RaftServerConfigKeys (ConfUtils.java:logGet(43)) - raft.server.staging.catchup.gap = 1000 (default)
2019-09-25 07:05:25,931 [e568d23f-199e-48ce-91e4-5c166e2e97cd@group-14C4AC4DB809:LeaderElection168] INFO  server.RaftServerConfigKeys (ConfUtils.java:logGet(43)) - raft.server.rpc.sleep.time = 25ms (default)
2019-09-25 07:05:25,931 [24bf2945-a329-4da6-aaf2-23ecd8d462c6@group-F9777FC7DEAF:LeaderElection169] INFO  server.RaftServerConfigKeys (ConfUtils.java:logGet(43)) - raft.server.rpc.sleep.time = 25ms (default)
2019-09-25 07:05:25,931 [e568d23f-199e-48ce-91e4-5c166e2e97cd@group-14C4AC4DB809:LeaderElection168] INFO  server.RaftServerConfigKeys (ConfUtils.java:logGet(43)) - raft.server.write.element-limit = 4096 (default)
2019-09-25 07:05:25,931 [24bf2945-a329-4da6-aaf2-23ecd8d462c6@group-F9777FC7DEAF:LeaderElection169] INFO  server.RaftServerConfigKeys (ConfUtils.java:logGet(43)) - raft.server.write.element-limit = 4096 (default)
2019-09-25 07:05:25,931 [e568d23f-199e-48ce-91e4-5c166e2e97cd@group-14C4AC4DB809:LeaderElection168] INFO  server.RaftServerConfigKeys (ConfUtils.java:logGet(43)) - raft.server.watch.timeout = 10s (default)
2019-09-25 07:05:25,932 [24bf2945-a329-4da6-aaf2-23ecd8d462c6@group-F9777FC7DEAF:LeaderElection169] INFO  server.RaftServerConfigKeys (ConfUtils.java:logGet(43)) - raft.server.watch.timeout = 10s (default)
2019-09-25 07:05:25,932 [e568d23f-199e-48ce-91e4-5c166e2e97cd@group-14C4AC4DB809:LeaderElection168] INFO  server.RaftServerConfigKeys (ConfUtils.java:logGet(43)) - raft.server.watch.timeout.denomination = 1s (default)
2019-09-25 07:05:25,932 [24bf2945-a329-4da6-aaf2-23ecd8d462c6@group-F9777FC7DEAF:LeaderElection169] INFO  server.RaftServerConfigKeys (ConfUtils.java:logGet(43)) - raft.server.watch.timeout.denomination = 1s (default)
2019-09-25 07:05:25,932 [e568d23f-199e-48ce-91e4-5c166e2e97cd@group-14C4AC4DB809:LeaderElection168] INFO  server.RaftServerConfigKeys (ConfUtils.java:logGet(43)) - raft.server.watch.element-limit = 65536 (default)
2019-09-25 07:05:25,932 [24bf2945-a329-4da6-aaf2-23ecd8d462c6@group-F9777FC7DEAF:LeaderElection169] INFO  server.RaftServerConfigKeys (ConfUtils.java:logGet(43)) - raft.server.watch.element-limit = 65536 (default)
2019-09-25 07:05:25,934 [e568d23f-199e-48ce-91e4-5c166e2e97cd@group-14C4AC4DB809:LeaderElection168] INFO  impl.RoleInfo (RoleInfo.java:updateAndGet(143)) - e568d23f-199e-48ce-91e4-5c166e2e97cd: start LeaderState
2019-09-25 07:05:25,934 [e568d23f-199e-48ce-91e4-5c166e2e97cd@group-14C4AC4DB809:LeaderElection168] INFO  segmented.SegmentedRaftLogWorker (SegmentedRaftLogWorker.java:startLogSegment(380)) - e568d23f-199e-48ce-91e4-5c166e2e97cd@group-14C4AC4DB809-SegmentedRaftLogWorker: Starting segment from index:0
2019-09-25 07:05:25,934 [24bf2945-a329-4da6-aaf2-23ecd8d462c6@group-F9777FC7DEAF:LeaderElection169] INFO  impl.RoleInfo (RoleInfo.java:updateAndGet(143)) - 24bf2945-a329-4da6-aaf2-23ecd8d462c6: start LeaderState
2019-09-25 07:05:25,934 [24bf2945-a329-4da6-aaf2-23ecd8d462c6@group-F9777FC7DEAF:LeaderElection169] INFO  segmented.SegmentedRaftLogWorker (SegmentedRaftLogWorker.java:startLogSegment(380)) - 24bf2945-a329-4da6-aaf2-23ecd8d462c6@group-F9777FC7DEAF-SegmentedRaftLogWorker: Starting segment from index:0
2019-09-25 07:05:25,934 [e568d23f-199e-48ce-91e4-5c166e2e97cd@group-14C4AC4DB809:LeaderElection168] INFO  impl.RaftServerImpl (ServerState.java:setRaftConf(354)) - e568d23f-199e-48ce-91e4-5c166e2e97cd@group-14C4AC4DB809: set configuration 0: [e568d23f-199e-48ce-91e4-5c166e2e97cd:192.168.30.10:42827], old=null at 0
2019-09-25 07:05:26,329 [Thread-1063] INFO  impl.FollowerState (FollowerState.java:run(106)) - 62ec8eb9-3ae9-4136-b70a-2caf3716fa7f:group-A8CA819BC8FC changes to CANDIDATE, lastRpcTime:5332, electionTimeout:5042ms
2019-09-25 07:05:26,329 [Thread-1060] INFO  impl.FollowerState (FollowerState.java:run(106)) - e568d23f-199e-48ce-91e4-5c166e2e97cd:group-9BAB3B77930E changes to CANDIDATE, lastRpcTime:5369, electionTimeout:5103ms
2019-09-25 07:05:26,329 [Thread-1069] INFO  impl.FollowerState (FollowerState.java:run(106)) - 62ec8eb9-3ae9-4136-b70a-2caf3716fa7f:group-48D9C82912D2 changes to CANDIDATE, lastRpcTime:5249, electionTimeout:5156ms
2019-09-25 07:05:26,329 [Thread-1072] INFO  impl.FollowerState (FollowerState.java:run(106)) - e568d23f-199e-48ce-91e4-5c166e2e97cd:group-1A8542DAD23B changes to CANDIDATE, lastRpcTime:5199, electionTimeout:5067ms
2019-09-25 07:05:26,322 [Thread-1078] INFO  impl.FollowerState (FollowerState.java:run(106)) - 24bf2945-a329-4da6-aaf2-23ecd8d462c6:group-0468891D8D23 changes to CANDIDATE, lastRpcTime:5110, electionTimeout:5064ms
2019-09-25 07:05:26,320 [24bf2945-a329-4da6-aaf2-23ecd8d462c6@group-E6F9350C10F4-SegmentedRaftLogWorker] ERROR segmented.SegmentedRaftLogWorker (SegmentedRaftLogWorker.java:run(323)) - 24bf2945-a329-4da6-aaf2-23ecd8d462c6@group-E6F9350C10F4-SegmentedRaftLogWorker hit exception
java.lang.OutOfMemoryError: Direct buffer memory
	at java.nio.Bits.reserveMemory(Bits.java:666)
	at java.nio.DirectByteBuffer.<init>(DirectByteBuffer.java:123)
	at java.nio.ByteBuffer.allocateDirect(ByteBuffer.java:311)
	at org.apache.ratis.server.raftlog.segmented.BufferedWriteChannel.<init>(BufferedWriteChannel.java:41)
	at org.apache.ratis.server.raftlog.segmented.SegmentedRaftLogOutputStream.<init>(SegmentedRaftLogOutputStream.java:72)
	at org.apache.ratis.server.raftlog.segmented.SegmentedRaftLogWorker$StartLogSegment.execute(SegmentedRaftLogWorker.java:566)
	at org.apache.ratis.server.raftlog.segmented.SegmentedRaftLogWorker.run(SegmentedRaftLogWorker.java:289)
	at java.lang.Thread.run(Thread.java:748)
2019-09-25 07:05:26,413 [Thread-1057] WARN  util.JavaUtils (JavaUtils.java:sleep(250)) - Unexpected long sleep: sleep(5105ms) actually took 5412ms which is over the threshold 300ms
2019-09-25 07:05:26,409 [Thread-1072] INFO  impl.RoleInfo (RoleInfo.java:shutdownFollowerState(121)) - e568d23f-199e-48ce-91e4-5c166e2e97cd: shutdown FollowerState
2019-09-25 07:05:26,406 [Thread-1078] INFO  impl.RoleInfo (RoleInfo.java:shutdownFollowerState(121)) - 24bf2945-a329-4da6-aaf2-23ecd8d462c6: shutdown FollowerState
2019-09-25 07:05:26,393 [Thread-1060] INFO  impl.RoleInfo (RoleInfo.java:shutdownFollowerState(121)) - e568d23f-199e-48ce-91e4-5c166e2e97cd: shutdown FollowerState
2019-09-25 07:05:26,378 [Thread-1063] INFO  impl.RoleInfo (RoleInfo.java:shutdownFollowerState(121)) - 62ec8eb9-3ae9-4136-b70a-2caf3716fa7f: shutdown FollowerState
2019-09-25 07:05:26,349 [24bf2945-a329-4da6-aaf2-23ecd8d462c6@group-F9777FC7DEAF:LeaderElection169] INFO  impl.RaftServerImpl (ServerState.java:setRaftConf(354)) - 24bf2945-a329-4da6-aaf2-23ecd8d462c6@group-F9777FC7DEAF: set configuration 0: [24bf2945-a329-4da6-aaf2-23ecd8d462c6:192.168.30.10:42867], old=null at 0
2019-09-25 07:05:26,414 [Thread-1063] INFO  impl.RaftServerImpl (RaftServerImpl.java:setRole(174)) - 62ec8eb9-3ae9-4136-b70a-2caf3716fa7f@group-A8CA819BC8FC: changes role from  FOLLOWER to CANDIDATE at term 0 for changeToCandidate
2019-09-25 07:05:26,414 [Thread-1060] INFO  impl.RaftServerImpl (RaftServerImpl.java:setRole(174)) - e568d23f-199e-48ce-91e4-5c166e2e97cd@group-9BAB3B77930E: changes role from  FOLLOWER to CANDIDATE at term 0 for changeToCandidate
2019-09-25 07:05:26,414 [Thread-1078] INFO  impl.RaftServerImpl (RaftServerImpl.java:setRole(174)) - 24bf2945-a329-4da6-aaf2-23ecd8d462c6@group-0468891D8D23: changes role from  FOLLOWER to CANDIDATE at term 0 for changeToCandidate
2019-09-25 07:05:26,414 [Thread-1072] INFO  impl.RaftServerImpl (RaftServerImpl.java:setRole(174)) - e568d23f-199e-48ce-91e4-5c166e2e97cd@group-1A8542DAD23B: changes role from  FOLLOWER to CANDIDATE at term 0 for changeToCandidate
2019-09-25 07:05:26,413 [Thread-1069] INFO  impl.RoleInfo (RoleInfo.java:shutdownFollowerState(121)) - 62ec8eb9-3ae9-4136-b70a-2caf3716fa7f: shutdown FollowerState
2019-09-25 07:05:26,415 [Thread-1069] INFO  impl.RaftServerImpl (RaftServerImpl.java:setRole(174)) - 62ec8eb9-3ae9-4136-b70a-2caf3716fa7f@group-48D9C82912D2: changes role from  FOLLOWER to CANDIDATE at term 0 for changeToCandidate
2019-09-25 07:05:26,413 [24bf2945-a329-4da6-aaf2-23ecd8d462c6@group-E6F9350C10F4-SegmentedRaftLogWorker] INFO  impl.RaftServerImpl (RaftServerImpl.java:lambda$shutdown$3(251)) - 24bf2945-a329-4da6-aaf2-23ecd8d462c6@group-E6F9350C10F4: shutdown
2019-09-25 07:05:26,415 [Thread-1069] INFO  impl.RoleInfo (RoleInfo.java:updateAndGet(143)) - 62ec8eb9-3ae9-4136-b70a-2caf3716fa7f: start LeaderElection
2019-09-25 07:05:26,415 [Thread-1072] INFO  impl.RoleInfo (RoleInfo.java:updateAndGet(143)) - e568d23f-199e-48ce-91e4-5c166e2e97cd: start LeaderElection
2019-09-25 07:05:26,415 [Thread-1078] INFO  impl.RoleInfo (RoleInfo.java:updateAndGet(143)) - 24bf2945-a329-4da6-aaf2-23ecd8d462c6: start LeaderElection
2019-09-25 07:05:26,415 [Thread-1060] INFO  impl.RoleInfo (RoleInfo.java:updateAndGet(143)) - e568d23f-199e-48ce-91e4-5c166e2e97cd: start LeaderElection
2019-09-25 07:05:26,415 [Thread-1063] INFO  impl.RoleInfo (RoleInfo.java:updateAndGet(143)) - 62ec8eb9-3ae9-4136-b70a-2caf3716fa7f: start LeaderElection
2019-09-25 07:05:26,416 [24bf2945-a329-4da6-aaf2-23ecd8d462c6@group-E6F9350C10F4-SegmentedRaftLogWorker] INFO  util.JmxRegister (JmxRegister.java:unregister(73)) - Successfully un-registered JMX Bean with object name Ratis:service=RaftServer,group=group-E6F9350C10F4,id=24bf2945-a329-4da6-aaf2-23ecd8d462c6
2019-09-25 07:05:26,417 [24bf2945-a329-4da6-aaf2-23ecd8d462c6@group-E6F9350C10F4-SegmentedRaftLogWorker] INFO  impl.RoleInfo (RoleInfo.java:shutdownFollowerState(121)) - 24bf2945-a329-4da6-aaf2-23ecd8d462c6: shutdown FollowerState
2019-09-25 07:05:26,417 [24bf2945-a329-4da6-aaf2-23ecd8d462c6@group-E6F9350C10F4-SegmentedRaftLogWorker] INFO  impl.StateMachineUpdater (StateMachineUpdater.java:stopAndJoin(125)) - 24bf2945-a329-4da6-aaf2-23ecd8d462c6@group-E6F9350C10F4-StateMachineUpdater: set stopIndex = -1
2019-09-25 07:05:26,418 [Thread-1299] INFO  impl.FollowerState (FollowerState.java:run(115)) - 24bf2945-a329-4da6-aaf2-23ecd8d462c6: FollowerState was interrupted: java.lang.InterruptedException: sleep interrupted
2019-09-25 07:05:26,418 [24bf2945-a329-4da6-aaf2-23ecd8d462c6@group-E6F9350C10F4-SegmentedRaftLogWorker] INFO  impl.RaftServerImpl (ServerState.java:close(385)) - 24bf2945-a329-4da6-aaf2-23ecd8d462c6@group-E6F9350C10F4: closes. applyIndex: -1
2019-09-25 07:05:26,418 [24bf2945-a329-4da6-aaf2-23ecd8d462c6@group-E6F9350C10F4-SegmentedRaftLogWorker] INFO  segmented.SegmentedRaftLogWorker (SegmentedRaftLogWorker.java:close(228)) - 24bf2945-a329-4da6-aaf2-23ecd8d462c6@group-E6F9350C10F4-SegmentedRaftLogWorker close()
2019-09-25 07:05:26,432 [24bf2945-a329-4da6-aaf2-23ecd8d462c6@group-0468891D8D23:LeaderElection172] INFO  impl.LeaderElection (LeaderElection.java:askForVotes(182)) - 24bf2945-a329-4da6-aaf2-23ecd8d462c6@group-0468891D8D23:LeaderElection172: begin an election at term 1 for -1: [24bf2945-a329-4da6-aaf2-23ecd8d462c6:192.168.30.10:42867], old=null
2019-09-25 07:05:26,432 [62ec8eb9-3ae9-4136-b70a-2caf3716fa7f@group-48D9C82912D2:LeaderElection174] INFO  impl.LeaderElection (LeaderElection.java:askForVotes(182)) - 62ec8eb9-3ae9-4136-b70a-2caf3716fa7f@group-48D9C82912D2:LeaderElection174: begin an election at term 1 for -1: [62ec8eb9-3ae9-4136-b70a-2caf3716fa7f:192.168.30.10:44715], old=null
2019-09-25 07:05:26,432 [e568d23f-199e-48ce-91e4-5c166e2e97cd@group-1A8542DAD23B:LeaderElection173] INFO  impl.LeaderElection (LeaderElection.java:askForVotes(182)) - e568d23f-199e-48ce-91e4-5c166e2e97cd@group-1A8542DAD23B:LeaderElection173: begin an election at term 1 for -1: [e568d23f-199e-48ce-91e4-5c166e2e97cd:192.168.30.10:42827], old=null
2019-09-25 07:05:26,432 [62ec8eb9-3ae9-4136-b70a-2caf3716fa7f@group-A8CA819BC8FC:LeaderElection170] INFO  impl.LeaderElection (LeaderElection.java:askForVotes(182)) - 62ec8eb9-3ae9-4136-b70a-2caf3716fa7f@group-A8CA819BC8FC:LeaderElection170: begin an election at term 1 for -1: [62ec8eb9-3ae9-4136-b70a-2caf3716fa7f:192.168.30.10:44715], old=null
2019-09-25 07:05:26,432 [e568d23f-199e-48ce-91e4-5c166e2e97cd@group-1A8542DAD23B:LeaderElection173] INFO  impl.RoleInfo (RoleInfo.java:shutdownLeaderElection(134)) - e568d23f-199e-48ce-91e4-5c166e2e97cd: shutdown LeaderElection
2019-09-25 07:05:26,432 [62ec8eb9-3ae9-4136-b70a-2caf3716fa7f@group-48D9C82912D2:LeaderElection174] INFO  impl.RoleInfo (RoleInfo.java:shutdownLeaderElection(134)) - 62ec8eb9-3ae9-4136-b70a-2caf3716fa7f: shutdown LeaderElection
2019-09-25 07:05:26,432 [e568d23f-199e-48ce-91e4-5c166e2e97cd@group-9BAB3B77930E:LeaderElection171] INFO  impl.LeaderElection (LeaderElection.java:askForVotes(182)) - e568d23f-199e-48ce-91e4-5c166e2e97cd@group-9BAB3B77930E:LeaderElection171: begin an election at term 1 for -1: [e568d23f-199e-48ce-91e4-5c166e2e97cd:192.168.30.10:42827], old=null
2019-09-25 07:05:26,432 [24bf2945-a329-4da6-aaf2-23ecd8d462c6@group-0468891D8D23:LeaderElection172] INFO  impl.RoleInfo (RoleInfo.java:shutdownLeaderElection(134)) - 24bf2945-a329-4da6-aaf2-23ecd8d462c6: shutdown LeaderElection
2019-09-25 07:05:26,433 [e568d23f-199e-48ce-91e4-5c166e2e97cd@group-9BAB3B77930E:LeaderElection171] INFO  impl.RoleInfo (RoleInfo.java:shutdownLeaderElection(134)) - e568d23f-199e-48ce-91e4-5c166e2e97cd: shutdown LeaderElection
2019-09-25 07:05:26,432 [62ec8eb9-3ae9-4136-b70a-2caf3716fa7f@group-48D9C82912D2:LeaderElection174] INFO  impl.RaftServerImpl (RaftServerImpl.java:setRole(174)) - 62ec8eb9-3ae9-4136-b70a-2caf3716fa7f@group-48D9C82912D2: changes role from CANDIDATE to LEADER at term 1 for changeToLeader
2019-09-25 07:05:26,433 [62ec8eb9-3ae9-4136-b70a-2caf3716fa7f@group-48D9C82912D2:LeaderElection174] INFO  impl.RaftServerImpl (ServerState.java:setLeader(253)) - 62ec8eb9-3ae9-4136-b70a-2caf3716fa7f@group-48D9C82912D2: change Leader from null to 62ec8eb9-3ae9-4136-b70a-2caf3716fa7f at term 1 for becomeLeader, leader elected after 5364ms
2019-09-25 07:05:26,432 [e568d23f-199e-48ce-91e4-5c166e2e97cd@group-1A8542DAD23B:LeaderElection173] INFO  impl.RaftServerImpl (RaftServerImpl.java:setRole(174)) - e568d23f-199e-48ce-91e4-5c166e2e97cd@group-1A8542DAD23B: changes role from CANDIDATE to LEADER at term 1 for changeToLeader
2019-09-25 07:05:26,433 [e568d23f-199e-48ce-91e4-5c166e2e97cd@group-1A8542DAD23B:LeaderElection173] INFO  impl.RaftServerImpl (ServerState.java:setLeader(253)) - e568d23f-199e-48ce-91e4-5c166e2e97cd@group-1A8542DAD23B: change Leader from null to e568d23f-199e-48ce-91e4-5c166e2e97cd at term 1 for becomeLeader, leader elected after 5315ms
2019-09-25 07:05:26,432 [62ec8eb9-3ae9-4136-b70a-2caf3716fa7f@group-A8CA819BC8FC:LeaderElection170] INFO  impl.RoleInfo (RoleInfo.java:shutdownLeaderElection(134)) - 62ec8eb9-3ae9-4136-b70a-2caf3716fa7f: shutdown LeaderElection
2019-09-25 07:05:26,433 [e568d23f-199e-48ce-91e4-5c166e2e97cd@group-1A8542DAD23B:LeaderElection173] INFO  server.RaftServerConfigKeys (ConfUtils.java:logGet(43)) - raft.server.staging.catchup.gap = 1000 (default)
2019-09-25 07:05:26,433 [62ec8eb9-3ae9-4136-b70a-2caf3716fa7f@group-48D9C82912D2:LeaderElection174] INFO  server.RaftServerConfigKeys (ConfUtils.java:logGet(43)) - raft.server.staging.catchup.gap = 1000 (default)
2019-09-25 07:05:26,433 [e568d23f-199e-48ce-91e4-5c166e2e97cd@group-9BAB3B77930E:LeaderElection171] INFO  impl.RaftServerImpl (RaftServerImpl.java:setRole(174)) - e568d23f-199e-48ce-91e4-5c166e2e97cd@group-9BAB3B77930E: changes role from CANDIDATE to LEADER at term 1 for changeToLeader
2019-09-25 07:05:26,433 [24bf2945-a329-4da6-aaf2-23ecd8d462c6@group-0468891D8D23:LeaderElection172] INFO  impl.RaftServerImpl (RaftServerImpl.java:setRole(174)) - 24bf2945-a329-4da6-aaf2-23ecd8d462c6@group-0468891D8D23: changes role from CANDIDATE to LEADER at term 1 for changeToLeader
2019-09-25 07:05:26,434 [e568d23f-199e-48ce-91e4-5c166e2e97cd@group-9BAB3B77930E:LeaderElection171] INFO  impl.RaftServerImpl (ServerState.java:setLeader(253)) - e568d23f-199e-48ce-91e4-5c166e2e97cd@group-9BAB3B77930E: change Leader from null to e568d23f-199e-48ce-91e4-5c166e2e97cd at term 1 for becomeLeader, leader elected after 5478ms
2019-09-25 07:05:26,434 [62ec8eb9-3ae9-4136-b70a-2caf3716fa7f@group-48D9C82912D2:LeaderElection174] INFO  server.RaftServerConfigKeys (ConfUtils.java:logGet(43)) - raft.server.rpc.sleep.time = 25ms (default)
2019-09-25 07:05:26,434 [e568d23f-199e-48ce-91e4-5c166e2e97cd@group-1A8542DAD23B:LeaderElection173] INFO  server.RaftServerConfigKeys (ConfUtils.java:logGet(43)) - raft.server.rpc.sleep.time = 25ms (default)
2019-09-25 07:05:26,433 [62ec8eb9-3ae9-4136-b70a-2caf3716fa7f@group-A8CA819BC8FC:LeaderElection170] INFO  impl.RaftServerImpl (RaftServerImpl.java:setRole(174)) - 62ec8eb9-3ae9-4136-b70a-2caf3716fa7f@group-A8CA819BC8FC: changes role from CANDIDATE to LEADER at term 1 for changeToLeader
2019-09-25 07:05:26,435 [e568d23f-199e-48ce-91e4-5c166e2e97cd@group-1A8542DAD23B:LeaderElection173] INFO  server.RaftServerConfigKeys (ConfUtils.java:logGet(43)) - raft.server.write.element-limit = 4096 (default)
2019-09-25 07:05:26,435 [e568d23f-199e-48ce-91e4-5c166e2e97cd@group-1A8542DAD23B:LeaderElection173] INFO  server.RaftServerConfigKeys (ConfUtils.java:logGet(43)) - raft.server.watch.timeout = 10s (default)
2019-09-25 07:05:26,434 [62ec8eb9-3ae9-4136-b70a-2caf3716fa7f@group-48D9C82912D2:LeaderElection174] INFO  server.RaftServerConfigKeys (ConfUtils.java:logGet(43)) - raft.server.write.element-limit = 4096 (default)
2019-09-25 07:05:26,434 [e568d23f-199e-48ce-91e4-5c166e2e97cd@group-9BAB3B77930E:LeaderElection171] INFO  server.RaftServerConfigKeys (ConfUtils.java:logGet(43)) - raft.server.staging.catchup.gap = 1000 (default)
2019-09-25 07:05:26,434 [24bf2945-a329-4da6-aaf2-23ecd8d462c6@group-0468891D8D23:LeaderElection172] INFO  impl.RaftServerImpl (ServerState.java:setLeader(253)) - 24bf2945-a329-4da6-aaf2-23ecd8d462c6@group-0468891D8D23: change Leader from null to 24bf2945-a329-4da6-aaf2-23ecd8d462c6 at term 1 for becomeLeader, leader elected after 5227ms
2019-09-25 07:05:26,435 [e568d23f-199e-48ce-91e4-5c166e2e97cd@group-9BAB3B77930E:LeaderElection171] INFO  server.RaftServerConfigKeys (ConfUtils.java:logGet(43)) - raft.server.rpc.sleep.time = 25ms (default)
2019-09-25 07:05:26,435 [62ec8eb9-3ae9-4136-b70a-2caf3716fa7f@group-48D9C82912D2:LeaderElection174] INFO  server.RaftServerConfigKeys (ConfUtils.java:logGet(43)) - raft.server.watch.timeout = 10s (default)
2019-09-25 07:05:26,435 [e568d23f-199e-48ce-91e4-5c166e2e97cd@group-1A8542DAD23B:LeaderElection173] INFO  server.RaftServerConfigKeys (ConfUtils.java:logGet(43)) - raft.server.watch.timeout.denomination = 1s (default)
2019-09-25 07:05:26,436 [e568d23f-199e-48ce-91e4-5c166e2e97cd@group-1A8542DAD23B:LeaderElection173] INFO  server.RaftServerConfigKeys (ConfUtils.java:logGet(43)) - raft.server.watch.element-limit = 65536 (default)
2019-09-25 07:05:26,435 [62ec8eb9-3ae9-4136-b70a-2caf3716fa7f@group-A8CA819BC8FC:LeaderElection170] INFO  impl.RaftServerImpl (ServerState.java:setLeader(253)) - 62ec8eb9-3ae9-4136-b70a-2caf3716fa7f@group-A8CA819BC8FC: change Leader from null to 62ec8eb9-3ae9-4136-b70a-2caf3716fa7f at term 1 for becomeLeader, leader elected after 5442ms
2019-09-25 07:05:26,436 [62ec8eb9-3ae9-4136-b70a-2caf3716fa7f@group-48D9C82912D2:LeaderElection174] INFO  server.RaftServerConfigKeys (ConfUtils.java:logGet(43)) - raft.server.watch.timeout.denomination = 1s (default)
2019-09-25 07:05:26,436 [e568d23f-199e-48ce-91e4-5c166e2e97cd@group-9BAB3B77930E:LeaderElection171] INFO  server.RaftServerConfigKeys (ConfUtils.java:logGet(43)) - raft.server.write.element-limit = 4096 (default)
2019-09-25 07:05:26,435 [24bf2945-a329-4da6-aaf2-23ecd8d462c6@group-0468891D8D23:LeaderElection172] INFO  server.RaftServerConfigKeys (ConfUtils.java:logGet(43)) - raft.server.staging.catchup.gap = 1000 (default)
2019-09-25 07:05:26,436 [e568d23f-199e-48ce-91e4-5c166e2e97cd@group-9BAB3B77930E:LeaderElection171] INFO  server.RaftServerConfigKeys (ConfUtils.java:logGet(43)) - raft.server.watch.timeout = 10s (default)
2019-09-25 07:05:26,436 [62ec8eb9-3ae9-4136-b70a-2caf3716fa7f@group-48D9C82912D2:LeaderElection174] INFO  server.RaftServerConfigKeys (ConfUtils.java:logGet(43)) - raft.server.watch.element-limit = 65536 (default)
2019-09-25 07:05:26,436 [62ec8eb9-3ae9-4136-b70a-2caf3716fa7f@group-A8CA819BC8FC:LeaderElection170] INFO  server.RaftServerConfigKeys (ConfUtils.java:logGet(43)) - raft.server.staging.catchup.gap = 1000 (default)
2019-09-25 07:05:26,437 [62ec8eb9-3ae9-4136-b70a-2caf3716fa7f@group-A8CA819BC8FC:LeaderElection170] INFO  server.RaftServerConfigKeys (ConfUtils.java:logGet(43)) - raft.server.rpc.sleep.time = 25ms (default)
2019-09-25 07:05:26,437 [e568d23f-199e-48ce-91e4-5c166e2e97cd@group-9BAB3B77930E:LeaderElection171] INFO  server.RaftServerConfigKeys (ConfUtils.java:logGet(43)) - raft.server.watch.timeout.denomination = 1s (default)
2019-09-25 07:05:26,437 [24bf2945-a329-4da6-aaf2-23ecd8d462c6@group-0468891D8D23:LeaderElection172] INFO  server.RaftServerConfigKeys (ConfUtils.java:logGet(43)) - raft.server.rpc.sleep.time = 25ms (default)
2019-09-25 07:05:26,438 [e568d23f-199e-48ce-91e4-5c166e2e97cd@group-9BAB3B77930E:LeaderElection171] INFO  server.RaftServerConfigKeys (ConfUtils.java:logGet(43)) - raft.server.watch.element-limit = 65536 (default)
2019-09-25 07:05:26,437 [62ec8eb9-3ae9-4136-b70a-2caf3716fa7f@group-A8CA819BC8FC:LeaderElection170] INFO  server.RaftServerConfigKeys (ConfUtils.java:logGet(43)) - raft.server.write.element-limit = 4096 (default)
2019-09-25 07:05:26,438 [24bf2945-a329-4da6-aaf2-23ecd8d462c6@group-0468891D8D23:LeaderElection172] INFO  server.RaftServerConfigKeys (ConfUtils.java:logGet(43)) - raft.server.write.element-limit = 4096 (default)
2019-09-25 07:05:26,438 [62ec8eb9-3ae9-4136-b70a-2caf3716fa7f@group-A8CA819BC8FC:LeaderElection170] INFO  server.RaftServerConfigKeys (ConfUtils.java:logGet(43)) - raft.server.watch.timeout = 10s (default)
2019-09-25 07:05:26,438 [24bf2945-a329-4da6-aaf2-23ecd8d462c6@group-0468891D8D23:LeaderElection172] INFO  server.RaftServerConfigKeys (ConfUtils.java:logGet(43)) - raft.server.watch.timeout = 10s (default)
2019-09-25 07:05:26,438 [62ec8eb9-3ae9-4136-b70a-2caf3716fa7f@group-A8CA819BC8FC:LeaderElection170] INFO  server.RaftServerConfigKeys (ConfUtils.java:logGet(43)) - raft.server.watch.timeout.denomination = 1s (default)
2019-09-25 07:05:26,438 [e568d23f-199e-48ce-91e4-5c166e2e97cd@group-1A8542DAD23B:LeaderElection173] INFO  impl.RoleInfo (RoleInfo.java:updateAndGet(143)) - e568d23f-199e-48ce-91e4-5c166e2e97cd: start LeaderState
2019-09-25 07:05:26,438 [62ec8eb9-3ae9-4136-b70a-2caf3716fa7f@group-A8CA819BC8FC:LeaderElection170] INFO  server.RaftServerConfigKeys (ConfUtils.java:logGet(43)) - raft.server.watch.element-limit = 65536 (default)
2019-09-25 07:05:26,438 [24bf2945-a329-4da6-aaf2-23ecd8d462c6@group-0468891D8D23:LeaderElection172] INFO  server.RaftServerConfigKeys (ConfUtils.java:logGet(43)) - raft.server.watch.timeout.denomination = 1s (default)
2019-09-25 07:05:26,439 [e568d23f-199e-48ce-91e4-5c166e2e97cd@group-1A8542DAD23B:LeaderElection173] INFO  segmented.SegmentedRaftLogWorker (SegmentedRaftLogWorker.java:startLogSegment(380)) - e568d23f-199e-48ce-91e4-5c166e2e97cd@group-1A8542DAD23B-SegmentedRaftLogWorker: Starting segment from index:0
2019-09-25 07:05:26,439 [24bf2945-a329-4da6-aaf2-23ecd8d462c6@group-0468891D8D23:LeaderElection172] INFO  server.RaftServerConfigKeys (ConfUtils.java:logGet(43)) - raft.server.watch.element-limit = 65536 (default)
2019-09-25 07:05:26,440 [e568d23f-199e-48ce-91e4-5c166e2e97cd@group-1A8542DAD23B:LeaderElection173] INFO  impl.RaftServerImpl (ServerState.java:setRaftConf(354)) - e568d23f-199e-48ce-91e4-5c166e2e97cd@group-1A8542DAD23B: set configuration 0: [e568d23f-199e-48ce-91e4-5c166e2e97cd:192.168.30.10:42827], old=null at 0
2019-09-25 07:05:26,440 [Thread-1081] INFO  impl.FollowerState (FollowerState.java:run(106)) - 24bf2945-a329-4da6-aaf2-23ecd8d462c6:group-960573725A1C changes to CANDIDATE, lastRpcTime:5190, electionTimeout:5190ms
2019-09-25 07:05:26,441 [Thread-1081] INFO  impl.RoleInfo (RoleInfo.java:shutdownFollowerState(121)) - 24bf2945-a329-4da6-aaf2-23ecd8d462c6: shutdown FollowerState
2019-09-25 07:05:26,441 [Thread-1081] INFO  impl.RaftServerImpl (RaftServerImpl.java:setRole(174)) - 24bf2945-a329-4da6-aaf2-23ecd8d462c6@group-960573725A1C: changes role from  FOLLOWER to CANDIDATE at term 0 for changeToCandidate
2019-09-25 07:05:26,441 [Thread-1081] INFO  impl.RoleInfo (RoleInfo.java:updateAndGet(143)) - 24bf2945-a329-4da6-aaf2-23ecd8d462c6: start LeaderElection
2019-09-25 07:05:26,443 [62ec8eb9-3ae9-4136-b70a-2caf3716fa7f@group-48D9C82912D2:LeaderElection174] INFO  impl.RoleInfo (RoleInfo.java:updateAndGet(143)) - 62ec8eb9-3ae9-4136-b70a-2caf3716fa7f: start LeaderState
2019-09-25 07:05:26,443 [62ec8eb9-3ae9-4136-b70a-2caf3716fa7f@group-48D9C82912D2:LeaderElection174] INFO  segmented.SegmentedRaftLogWorker (SegmentedRaftLogWorker.java:startLogSegment(380)) - 62ec8eb9-3ae9-4136-b70a-2caf3716fa7f@group-48D9C82912D2-SegmentedRaftLogWorker: Starting segment from index:0
2019-09-25 07:05:26,443 [62ec8eb9-3ae9-4136-b70a-2caf3716fa7f@group-48D9C82912D2:LeaderElection174] INFO  impl.RaftServerImpl (ServerState.java:setRaftConf(354)) - 62ec8eb9-3ae9-4136-b70a-2caf3716fa7f@group-48D9C82912D2: set configuration 0: [62ec8eb9-3ae9-4136-b70a-2caf3716fa7f:192.168.30.10:44715], old=null at 0
2019-09-25 07:05:26,443 [e568d23f-199e-48ce-91e4-5c166e2e97cd@group-9BAB3B77930E:LeaderElection171] INFO  impl.RoleInfo (RoleInfo.java:updateAndGet(143)) - e568d23f-199e-48ce-91e4-5c166e2e97cd: start LeaderState
2019-09-25 07:05:26,444 [e568d23f-199e-48ce-91e4-5c166e2e97cd@group-9BAB3B77930E:LeaderElection171] INFO  segmented.SegmentedRaftLogWorker (SegmentedRaftLogWorker.java:startLogSegment(380)) - e568d23f-199e-48ce-91e4-5c166e2e97cd@group-9BAB3B77930E-SegmentedRaftLogWorker: Starting segment from index:0
2019-09-25 07:05:26,444 [62ec8eb9-3ae9-4136-b70a-2caf3716fa7f@group-A8CA819BC8FC:LeaderElection170] INFO  impl.RoleInfo (RoleInfo.java:updateAndGet(143)) - 62ec8eb9-3ae9-4136-b70a-2caf3716fa7f: start LeaderState
2019-09-25 07:05:26,444 [24bf2945-a329-4da6-aaf2-23ecd8d462c6@group-0468891D8D23:LeaderElection172] INFO  impl.RoleInfo (RoleInfo.java:updateAndGet(143)) - 24bf2945-a329-4da6-aaf2-23ecd8d462c6: start LeaderState
2019-09-25 07:05:26,444 [62ec8eb9-3ae9-4136-b70a-2caf3716fa7f@group-A8CA819BC8FC:LeaderElection170] INFO  segmented.SegmentedRaftLogWorker (SegmentedRaftLogWorker.java:startLogSegment(380)) - 62ec8eb9-3ae9-4136-b70a-2caf3716fa7f@group-A8CA819BC8FC-SegmentedRaftLogWorker: Starting segment from index:0
2019-09-25 07:05:26,444 [24bf2945-a329-4da6-aaf2-23ecd8d462c6@group-0468891D8D23:LeaderElection172] INFO  segmented.SegmentedRaftLogWorker (SegmentedRaftLogWorker.java:startLogSegment(380)) - 24bf2945-a329-4da6-aaf2-23ecd8d462c6@group-0468891D8D23-SegmentedRaftLogWorker: Starting segment from index:0
2019-09-25 07:05:26,444 [e568d23f-199e-48ce-91e4-5c166e2e97cd@group-9BAB3B77930E:LeaderElection171] INFO  impl.RaftServerImpl (ServerState.java:setRaftConf(354)) - e568d23f-199e-48ce-91e4-5c166e2e97cd@group-9BAB3B77930E: set configuration 0: [e568d23f-199e-48ce-91e4-5c166e2e97cd:192.168.30.10:42827], old=null at 0
2019-09-25 07:05:26,445 [62ec8eb9-3ae9-4136-b70a-2caf3716fa7f@group-A8CA819BC8FC:LeaderElection170] INFO  impl.RaftServerImpl (ServerState.java:setRaftConf(354)) - 62ec8eb9-3ae9-4136-b70a-2caf3716fa7f@group-A8CA819BC8FC: set configuration 0: [62ec8eb9-3ae9-4136-b70a-2caf3716fa7f:192.168.30.10:44715], old=null at 0
2019-09-25 07:05:26,445 [24bf2945-a329-4da6-aaf2-23ecd8d462c6@group-0468891D8D23:LeaderElection172] INFO  impl.RaftServerImpl (ServerState.java:setRaftConf(354)) - 24bf2945-a329-4da6-aaf2-23ecd8d462c6@group-0468891D8D23: set configuration 0: [24bf2945-a329-4da6-aaf2-23ecd8d462c6:192.168.30.10:42867], old=null at 0
2019-09-25 07:05:26,460 [e568d23f-199e-48ce-91e4-5c166e2e97cd@group-E6F9350C10F4-SegmentedRaftLogWorker] WARN  segmented.SegmentedRaftLogOutputStream (SegmentedRaftLogOutputStream.java:<init>(77)) - Hit IOException while creating log segment /workdir/hadoop-ozone/integration-test/target/test-dir/MiniOzoneClusterImpl-39af9574-7a8b-4ed7-b830-bf686a3d4bb8/datanode-0/data/ratis/31e69fbb-1648-45ba-a4a7-e6f9350c10f4/current/log_inprogress_0, delete the partial file.
2019-09-25 07:05:26,489 [24bf2945-a329-4da6-aaf2-23ecd8d462c6@group-960573725A1C:LeaderElection175] INFO  impl.LeaderElection (LeaderElection.java:askForVotes(182)) - 24bf2945-a329-4da6-aaf2-23ecd8d462c6@group-960573725A1C:LeaderElection175: begin an election at term 1 for -1: [24bf2945-a329-4da6-aaf2-23ecd8d462c6:192.168.30.10:42867], old=null
2019-09-25 07:05:26,488 [e568d23f-199e-48ce-91e4-5c166e2e97cd@group-14C4AC4DB809-SegmentedRaftLogWorker] INFO  segmented.SegmentedRaftLogWorker (SegmentedRaftLogWorker.java:execute(569)) - e568d23f-199e-48ce-91e4-5c166e2e97cd@group-14C4AC4DB809-SegmentedRaftLogWorker: created new log segment /workdir/hadoop-ozone/integration-test/target/test-dir/MiniOzoneClusterImpl-39af9574-7a8b-4ed7-b830-bf686a3d4bb8/datanode-0/data/ratis/619f0e24-91b6-4ffc-9b99-14c4ac4db809/current/log_inprogress_0
2019-09-25 07:05:26,488 [24bf2945-a329-4da6-aaf2-23ecd8d462c6@group-F9777FC7DEAF-SegmentedRaftLogWorker] INFO  segmented.SegmentedRaftLogWorker (SegmentedRaftLogWorker.java:execute(569)) - 24bf2945-a329-4da6-aaf2-23ecd8d462c6@group-F9777FC7DEAF-SegmentedRaftLogWorker: created new log segment /workdir/hadoop-ozone/integration-test/target/test-dir/MiniOzoneClusterImpl-39af9574-7a8b-4ed7-b830-bf686a3d4bb8/datanode-2/data/ratis/40abe072-945b-4408-89aa-f9777fc7deaf/current/log_inprogress_0
2019-09-25 07:05:26,460 [62ec8eb9-3ae9-4136-b70a-2caf3716fa7f@group-E6F9350C10F4-SegmentedRaftLogWorker] WARN  segmented.SegmentedRaftLogOutputStream (SegmentedRaftLogOutputStream.java:<init>(77)) - Hit IOException while creating log segment /workdir/hadoop-ozone/integration-test/target/test-dir/MiniOzoneClusterImpl-39af9574-7a8b-4ed7-b830-bf686a3d4bb8/datanode-1/data/ratis/31e69fbb-1648-45ba-a4a7-e6f9350c10f4/current/log_inprogress_0, delete the partial file.
2019-09-25 07:05:26,489 [ForkJoinPool.commonPool-worker-1] INFO  segmented.SegmentedRaftLogWorker (SegmentedRaftLogWorker.java:close(228)) - e568d23f-199e-48ce-91e4-5c166e2e97cd@group-E6F9350C10F4-SegmentedRaftLogWorker close()
2019-09-25 07:05:26,489 [24bf2945-a329-4da6-aaf2-23ecd8d462c6@group-960573725A1C:LeaderElection175] INFO  impl.RoleInfo (RoleInfo.java:shutdownLeaderElection(134)) - 24bf2945-a329-4da6-aaf2-23ecd8d462c6: shutdown LeaderElection
2019-09-25 07:05:26,490 [ForkJoinPool.commonPool-worker-1] INFO  impl.RaftServerImpl (RaftServerImpl.java:lambda$shutdown$3(251)) - e568d23f-199e-48ce-91e4-5c166e2e97cd@group-F5008C1E3C15: shutdown
2019-09-25 07:05:26,490 [main] INFO  segmented.SegmentedRaftLogWorker (SegmentedRaftLogWorker.java:close(228)) - 62ec8eb9-3ae9-4136-b70a-2caf3716fa7f@group-E6F9350C10F4-SegmentedRaftLogWorker close()
2019-09-25 07:05:26,490 [ForkJoinPool.commonPool-worker-1] INFO  util.JmxRegister (JmxRegister.java:unregister(73)) - Successfully un-registered JMX Bean with object name Ratis:service=RaftServer,group=group-F5008C1E3C15,id=e568d23f-199e-48ce-91e4-5c166e2e97cd
2019-09-25 07:05:26,491 [ForkJoinPool.commonPool-worker-1] INFO  impl.RoleInfo (RoleInfo.java:shutdownFollowerState(121)) - e568d23f-199e-48ce-91e4-5c166e2e97cd: shutdown FollowerState
2019-09-25 07:05:26,490 [24bf2945-a329-4da6-aaf2-23ecd8d462c6@group-960573725A1C:LeaderElection175] INFO  impl.RaftServerImpl (RaftServerImpl.java:setRole(174)) - 24bf2945-a329-4da6-aaf2-23ecd8d462c6@group-960573725A1C: changes role from CANDIDATE to LEADER at term 1 for changeToLeader
2019-09-25 07:05:26,491 [ForkJoinPool.commonPool-worker-1] INFO  impl.StateMachineUpdater (StateMachineUpdater.java:stopAndJoin(125)) - e568d23f-199e-48ce-91e4-5c166e2e97cd@group-F5008C1E3C15-StateMachineUpdater: set stopIndex = -1
2019-09-25 07:05:26,491 [main] INFO  impl.RaftServerImpl (RaftServerImpl.java:lambda$shutdown$3(251)) - 62ec8eb9-3ae9-4136-b70a-2caf3716fa7f@group-4A6821110F74: shutdown
2019-09-25 07:05:26,492 [ForkJoinPool.commonPool-worker-1] INFO  impl.RaftServerImpl (ServerState.java:close(385)) - e568d23f-199e-48ce-91e4-5c166e2e97cd@group-F5008C1E3C15: closes. applyIndex: -1
2019-09-25 07:05:26,491 [Thread-1150] INFO  impl.FollowerState (FollowerState.java:run(115)) - e568d23f-199e-48ce-91e4-5c166e2e97cd: FollowerState was interrupted: java.lang.InterruptedException: sleep interrupted
2019-09-25 07:05:26,491 [24bf2945-a329-4da6-aaf2-23ecd8d462c6@group-960573725A1C:LeaderElection175] INFO  impl.RaftServerImpl (ServerState.java:setLeader(253)) - 24bf2945-a329-4da6-aaf2-23ecd8d462c6@group-960573725A1C: change Leader from null to 24bf2945-a329-4da6-aaf2-23ecd8d462c6 at term 1 for becomeLeader, leader elected after 5246ms
2019-09-25 07:05:26,492 [e568d23f-199e-48ce-91e4-5c166e2e97cd@group-F5008C1E3C15-SegmentedRaftLogWorker] INFO  segmented.SegmentedRaftLogWorker (SegmentedRaftLogWorker.java:run(313)) - e568d23f-199e-48ce-91e4-5c166e2e97cd@group-F5008C1E3C15-SegmentedRaftLogWorker was interrupted, exiting. There are 0 tasks remaining in the queue.
2019-09-25 07:05:26,493 [24bf2945-a329-4da6-aaf2-23ecd8d462c6@group-960573725A1C:LeaderElection175] INFO  server.RaftServerConfigKeys (ConfUtils.java:logGet(43)) - raft.server.staging.catchup.gap = 1000 (default)
2019-09-25 07:05:26,492 [main] INFO  util.JmxRegister (JmxRegister.java:unregister(73)) - Successfully un-registered JMX Bean with object name Ratis:service=RaftServer,group=group-4A6821110F74,id=62ec8eb9-3ae9-4136-b70a-2caf3716fa7f
2019-09-25 07:05:26,493 [24bf2945-a329-4da6-aaf2-23ecd8d462c6@group-960573725A1C:LeaderElection175] INFO  server.RaftServerConfigKeys (ConfUtils.java:logGet(43)) - raft.server.rpc.sleep.time = 25ms (default)
2019-09-25 07:05:26,493 [ForkJoinPool.commonPool-worker-1] INFO  segmented.SegmentedRaftLogWorker (SegmentedRaftLogWorker.java:close(228)) - e568d23f-199e-48ce-91e4-5c166e2e97cd@group-F5008C1E3C15-SegmentedRaftLogWorker close()
2019-09-25 07:05:26,493 [24bf2945-a329-4da6-aaf2-23ecd8d462c6@group-960573725A1C:LeaderElection175] INFO  server.RaftServerConfigKeys (ConfUtils.java:logGet(43)) - raft.server.write.element-limit = 4096 (default)
2019-09-25 07:05:26,493 [main] INFO  impl.RoleInfo (RoleInfo.java:shutdownFollowerState(121)) - 62ec8eb9-3ae9-4136-b70a-2caf3716fa7f: shutdown FollowerState
2019-09-25 07:05:26,494 [24bf2945-a329-4da6-aaf2-23ecd8d462c6@group-960573725A1C:LeaderElection175] INFO  server.RaftServerConfigKeys (ConfUtils.java:logGet(43)) - raft.server.watch.timeout = 10s (default)
2019-09-25 07:05:26,494 [ForkJoinPool.commonPool-worker-1] INFO  impl.RaftServerImpl (RaftServerImpl.java:lambda$shutdown$3(251)) - e568d23f-199e-48ce-91e4-5c166e2e97cd@group-15B7EF1D171B: shutdown
2019-09-25 07:05:26,494 [24bf2945-a329-4da6-aaf2-23ecd8d462c6@group-960573725A1C:LeaderElection175] INFO  server.RaftServerConfigKeys (ConfUtils.java:logGet(43)) - raft.server.watch.timeout.denomination = 1s (default)
2019-09-25 07:05:26,494 [Thread-1276] INFO  impl.FollowerState (FollowerState.java:run(115)) - 62ec8eb9-3ae9-4136-b70a-2caf3716fa7f: FollowerState was interrupted: java.lang.InterruptedException: sleep interrupted
2019-09-25 07:05:26,494 [main] INFO  impl.StateMachineUpdater (StateMachineUpdater.java:stopAndJoin(125)) - 62ec8eb9-3ae9-4136-b70a-2caf3716fa7f@group-4A6821110F74-StateMachineUpdater: set stopIndex = -1
2019-09-25 07:05:26,495 [main] INFO  impl.RaftServerImpl (ServerState.java:close(385)) - 62ec8eb9-3ae9-4136-b70a-2caf3716fa7f@group-4A6821110F74: closes. applyIndex: -1
2019-09-25 07:05:26,495 [24bf2945-a329-4da6-aaf2-23ecd8d462c6@group-960573725A1C:LeaderElection175] INFO  server.RaftServerConfigKeys (ConfUtils.java:logGet(43)) - raft.server.watch.element-limit = 65536 (default)
2019-09-25 07:05:26,495 [ForkJoinPool.commonPool-worker-1] INFO  util.JmxRegister (JmxRegister.java:unregister(73)) - Successfully un-registered JMX Bean with object name Ratis:service=RaftServer,group=group-15B7EF1D171B,id=e568d23f-199e-48ce-91e4-5c166e2e97cd
2019-09-25 07:05:26,496 [62ec8eb9-3ae9-4136-b70a-2caf3716fa7f@group-4A6821110F74-SegmentedRaftLogWorker] INFO  segmented.SegmentedRaftLogWorker (SegmentedRaftLogWorker.java:run(313)) - 62ec8eb9-3ae9-4136-b70a-2caf3716fa7f@group-4A6821110F74-SegmentedRaftLogWorker was interrupted, exiting. There are 0 tasks remaining in the queue.
2019-09-25 07:05:26,496 [ForkJoinPool.commonPool-worker-1] INFO  impl.RoleInfo (RoleInfo.java:shutdownFollowerState(121)) - e568d23f-199e-48ce-91e4-5c166e2e97cd: shutdown FollowerState
2019-09-25 07:05:26,496 [main] INFO  segmented.SegmentedRaftLogWorker (SegmentedRaftLogWorker.java:close(228)) - 62ec8eb9-3ae9-4136-b70a-2caf3716fa7f@group-4A6821110F74-SegmentedRaftLogWorker close()
2019-09-25 07:05:26,497 [Thread-1138] INFO  impl.FollowerState (FollowerState.java:run(115)) - e568d23f-199e-48ce-91e4-5c166e2e97cd: FollowerState was interrupted: java.lang.InterruptedException: sleep interrupted
2019-09-25 07:05:26,497 [ForkJoinPool.commonPool-worker-1] INFO  impl.StateMachineUpdater (StateMachineUpdater.java:stopAndJoin(125)) - e568d23f-199e-48ce-91e4-5c166e2e97cd@group-15B7EF1D171B-StateMachineUpdater: set stopIndex = -1
2019-09-25 07:05:26,498 [ForkJoinPool.commonPool-worker-1] INFO  impl.RaftServerImpl (ServerState.java:close(385)) - e568d23f-199e-48ce-91e4-5c166e2e97cd@group-15B7EF1D171B: closes. applyIndex: -1
2019-09-25 07:05:26,497 [main] INFO  impl.RaftServerImpl (RaftServerImpl.java:lambda$shutdown$3(251)) - 62ec8eb9-3ae9-4136-b70a-2caf3716fa7f@group-13A301AC63A1: shutdown
2019-09-25 07:05:26,498 [e568d23f-199e-48ce-91e4-5c166e2e97cd@group-15B7EF1D171B-SegmentedRaftLogWorker] INFO  segmented.SegmentedRaftLogWorker (SegmentedRaftLogWorker.java:run(313)) - e568d23f-199e-48ce-91e4-5c166e2e97cd@group-15B7EF1D171B-SegmentedRaftLogWorker was interrupted, exiting. There are 0 tasks remaining in the queue.
2019-09-25 07:05:26,498 [24bf2945-a329-4da6-aaf2-23ecd8d462c6@group-960573725A1C:LeaderElection175] INFO  impl.RoleInfo (RoleInfo.java:updateAndGet(143)) - 24bf2945-a329-4da6-aaf2-23ecd8d462c6: start LeaderState
2019-09-25 07:05:26,499 [ForkJoinPool.commonPool-worker-1] INFO  segmented.SegmentedRaftLogWorker (SegmentedRaftLogWorker.java:close(228)) - e568d23f-199e-48ce-91e4-5c166e2e97cd@group-15B7EF1D171B-SegmentedRaftLogWorker close()
2019-09-25 07:05:26,498 [main] INFO  util.JmxRegister (JmxRegister.java:unregister(73)) - Successfully un-registered JMX Bean with object name Ratis:service=RaftServer,group=group-13A301AC63A1,id=62ec8eb9-3ae9-4136-b70a-2caf3716fa7f
2019-09-25 07:05:26,499 [main] INFO  impl.RoleInfo (RoleInfo.java:shutdownLeaderState(104)) - 62ec8eb9-3ae9-4136-b70a-2caf3716fa7f: shutdown LeaderState
2019-09-25 07:05:26,499 [ForkJoinPool.commonPool-worker-1] INFO  impl.RaftServerImpl (RaftServerImpl.java:lambda$shutdown$3(251)) - e568d23f-199e-48ce-91e4-5c166e2e97cd@group-5C0F5FC81971: shutdown
2019-09-25 07:05:26,499 [24bf2945-a329-4da6-aaf2-23ecd8d462c6@group-960573725A1C:LeaderElection175] INFO  segmented.SegmentedRaftLogWorker (SegmentedRaftLogWorker.java:startLogSegment(380)) - 24bf2945-a329-4da6-aaf2-23ecd8d462c6@group-960573725A1C-SegmentedRaftLogWorker: Starting segment from index:0
2019-09-25 07:05:26,500 [ForkJoinPool.commonPool-worker-1] INFO  util.JmxRegister (JmxRegister.java:unregister(73)) - Successfully un-registered JMX Bean with object name Ratis:service=RaftServer,group=group-5C0F5FC81971,id=e568d23f-199e-48ce-91e4-5c166e2e97cd
2019-09-25 07:05:26,500 [main] INFO  impl.PendingRequests (PendingRequests.java:sendNotLeaderResponses(202)) - 62ec8eb9-3ae9-4136-b70a-2caf3716fa7f-PendingRequests: sendNotLeaderResponses
2019-09-25 07:05:26,501 [24bf2945-a329-4da6-aaf2-23ecd8d462c6@group-960573725A1C:LeaderElection175] INFO  impl.RaftServerImpl (ServerState.java:setRaftConf(354)) - 24bf2945-a329-4da6-aaf2-23ecd8d462c6@group-960573725A1C: set configuration 0: [24bf2945-a329-4da6-aaf2-23ecd8d462c6:192.168.30.10:42867], old=null at 0
2019-09-25 07:05:26,501 [ForkJoinPool.commonPool-worker-1] INFO  impl.RoleInfo (RoleInfo.java:shutdownFollowerState(121)) - e568d23f-199e-48ce-91e4-5c166e2e97cd: shutdown FollowerState
2019-09-25 07:05:26,501 [main] INFO  impl.StateMachineUpdater (StateMachineUpdater.java:stopAndJoin(125)) - 62ec8eb9-3ae9-4136-b70a-2caf3716fa7f@group-13A301AC63A1-StateMachineUpdater: set stopIndex = 0
2019-09-25 07:05:26,502 [Thread-1291] INFO  impl.FollowerState (FollowerState.java:run(115)) - e568d23f-199e-48ce-91e4-5c166e2e97cd: FollowerState was interrupted: java.lang.InterruptedException: sleep interrupted
2019-09-25 07:05:26,502 [ForkJoinPool.commonPool-worker-1] INFO  impl.StateMachineUpdater (StateMachineUpdater.java:stopAndJoin(125)) - e568d23f-199e-48ce-91e4-5c166e2e97cd@group-5C0F5FC81971-StateMachineUpdater: set stopIndex = -1
2019-09-25 07:05:26,502 [main] INFO  impl.RaftServerImpl (ServerState.java:close(385)) - 62ec8eb9-3ae9-4136-b70a-2caf3716fa7f@group-13A301AC63A1: closes. applyIndex: 0
2019-09-25 07:05:26,502 [ForkJoinPool.commonPool-worker-1] INFO  impl.RaftServerImpl (ServerState.java:close(385)) - e568d23f-199e-48ce-91e4-5c166e2e97cd@group-5C0F5FC81971: closes. applyIndex: -1
2019-09-25 07:05:26,503 [62ec8eb9-3ae9-4136-b70a-2caf3716fa7f@group-13A301AC63A1-SegmentedRaftLogWorker] INFO  segmented.SegmentedRaftLogWorker (SegmentedRaftLogWorker.java:run(313)) - 62ec8eb9-3ae9-4136-b70a-2caf3716fa7f@group-13A301AC63A1-SegmentedRaftLogWorker was interrupted, exiting. There are 0 tasks remaining in the queue.
2019-09-25 07:05:26,503 [e568d23f-199e-48ce-91e4-5c166e2e97cd@group-5C0F5FC81971-SegmentedRaftLogWorker] INFO  segmented.SegmentedRaftLogWorker (SegmentedRaftLogWorker.java:run(313)) - e568d23f-199e-48ce-91e4-5c166e2e97cd@group-5C0F5FC81971-SegmentedRaftLogWorker was interrupted, exiting. There are 0 tasks remaining in the queue.
2019-09-25 07:05:26,503 [ForkJoinPool.commonPool-worker-1] INFO  segmented.SegmentedRaftLogWorker (SegmentedRaftLogWorker.java:close(228)) - e568d23f-199e-48ce-91e4-5c166e2e97cd@group-5C0F5FC81971-SegmentedRaftLogWorker close()
2019-09-25 07:05:26,504 [e568d23f-199e-48ce-91e4-5c166e2e97cd@group-1A8542DAD23B-SegmentedRaftLogWorker] INFO  segmented.SegmentedRaftLogWorker (SegmentedRaftLogWorker.java:execute(569)) - e568d23f-199e-48ce-91e4-5c166e2e97cd@group-1A8542DAD23B-SegmentedRaftLogWorker: created new log segment /workdir/hadoop-ozone/integration-test/target/test-dir/MiniOzoneClusterImpl-39af9574-7a8b-4ed7-b830-bf686a3d4bb8/datanode-0/data/ratis/22c12e8e-d9c0-45cd-aecf-1a8542dad23b/current/log_inprogress_0
2019-09-25 07:05:26,504 [62ec8eb9-3ae9-4136-b70a-2caf3716fa7f@group-A8CA819BC8FC-SegmentedRaftLogWorker] INFO  segmented.SegmentedRaftLogWorker (SegmentedRaftLogWorker.java:execute(569)) - 62ec8eb9-3ae9-4136-b70a-2caf3716fa7f@group-A8CA819BC8FC-SegmentedRaftLogWorker: created new log segment /workdir/hadoop-ozone/integration-test/target/test-dir/MiniOzoneClusterImpl-39af9574-7a8b-4ed7-b830-bf686a3d4bb8/datanode-1/data/ratis/be8dfb6e-1ec7-4f43-9a83-a8ca819bc8fc/current/log_inprogress_0
2019-09-25 07:05:26,504 [62ec8eb9-3ae9-4136-b70a-2caf3716fa7f@group-48D9C82912D2-SegmentedRaftLogWorker] INFO  segmented.SegmentedRaftLogWorker (SegmentedRaftLogWorker.java:execute(569)) - 62ec8eb9-3ae9-4136-b70a-2caf3716fa7f@group-48D9C82912D2-SegmentedRaftLogWorker: created new log segment /workdir/hadoop-ozone/integration-test/target/test-dir/MiniOzoneClusterImpl-39af9574-7a8b-4ed7-b830-bf686a3d4bb8/datanode-1/data/ratis/dc7bc3a2-52ea-4cd9-b851-48d9c82912d2/current/log_inprogress_0
2019-09-25 07:05:26,504 [e568d23f-199e-48ce-91e4-5c166e2e97cd@group-9BAB3B77930E-SegmentedRaftLogWorker] INFO  segmented.SegmentedRaftLogWorker (SegmentedRaftLogWorker.java:execute(569)) - e568d23f-199e-48ce-91e4-5c166e2e97cd@group-9BAB3B77930E-SegmentedRaftLogWorker: created new log segment /workdir/hadoop-ozone/integration-test/target/test-dir/MiniOzoneClusterImpl-39af9574-7a8b-4ed7-b830-bf686a3d4bb8/datanode-0/data/ratis/81fa08c5-5321-4d4f-a91a-9bab3b77930e/current/log_inprogress_0
2019-09-25 07:05:26,504 [24bf2945-a329-4da6-aaf2-23ecd8d462c6@group-0468891D8D23-SegmentedRaftLogWorker] INFO  segmented.SegmentedRaftLogWorker (SegmentedRaftLogWorker.java:execute(569)) - 24bf2945-a329-4da6-aaf2-23ecd8d462c6@group-0468891D8D23-SegmentedRaftLogWorker: created new log segment /workdir/hadoop-ozone/integration-test/target/test-dir/MiniOzoneClusterImpl-39af9574-7a8b-4ed7-b830-bf686a3d4bb8/datanode-2/data/ratis/62889f6b-0d9b-4a00-ab7b-0468891d8d23/current/log_inprogress_0
2019-09-25 07:05:26,503 [main] INFO  segmented.SegmentedRaftLogWorker (SegmentedRaftLogWorker.java:close(228)) - 62ec8eb9-3ae9-4136-b70a-2caf3716fa7f@group-13A301AC63A1-SegmentedRaftLogWorker close()
2019-09-25 07:05:26,504 [ForkJoinPool.commonPool-worker-1] INFO  impl.RaftServerImpl (RaftServerImpl.java:lambda$shutdown$3(251)) - e568d23f-199e-48ce-91e4-5c166e2e97cd@group-9BAB3B77930E: shutdown
2019-09-25 07:05:26,505 [main] INFO  impl.RaftServerImpl (RaftServerImpl.java:lambda$shutdown$3(251)) - 62ec8eb9-3ae9-4136-b70a-2caf3716fa7f@group-1CFBCAD8B615: shutdown
2019-09-25 07:05:26,505 [ForkJoinPool.commonPool-worker-1] INFO  util.JmxRegister (JmxRegister.java:unregister(73)) - Successfully un-registered JMX Bean with object name Ratis:service=RaftServer,group=group-9BAB3B77930E,id=e568d23f-199e-48ce-91e4-5c166e2e97cd
2019-09-25 07:05:26,505 [main] INFO  util.JmxRegister (JmxRegister.java:unregister(73)) - Successfully un-registered JMX Bean with object name Ratis:service=RaftServer,group=group-1CFBCAD8B615,id=62ec8eb9-3ae9-4136-b70a-2caf3716fa7f
2019-09-25 07:05:26,505 [ForkJoinPool.commonPool-worker-1] INFO  impl.RoleInfo (RoleInfo.java:shutdownLeaderState(104)) - e568d23f-199e-48ce-91e4-5c166e2e97cd: shutdown LeaderState
2019-09-25 07:05:26,506 [main] INFO  impl.RoleInfo (RoleInfo.java:shutdownLeaderState(104)) - 62ec8eb9-3ae9-4136-b70a-2caf3716fa7f: shutdown LeaderState
2019-09-25 07:05:26,506 [ForkJoinPool.commonPool-worker-1] INFO  impl.PendingRequests (PendingRequests.java:sendNotLeaderResponses(202)) - e568d23f-199e-48ce-91e4-5c166e2e97cd-PendingRequests: sendNotLeaderResponses
2019-09-25 07:05:26,506 [main] INFO  impl.PendingRequests (PendingRequests.java:sendNotLeaderResponses(202)) - 62ec8eb9-3ae9-4136-b70a-2caf3716fa7f-PendingRequests: sendNotLeaderResponses
2019-09-25 07:05:26,506 [ForkJoinPool.commonPool-worker-1] INFO  impl.StateMachineUpdater (StateMachineUpdater.java:stopAndJoin(125)) - e568d23f-199e-48ce-91e4-5c166e2e97cd@group-9BAB3B77930E-StateMachineUpdater: set stopIndex = -1
2019-09-25 07:05:26,507 [main] INFO  impl.StateMachineUpdater (StateMachineUpdater.java:stopAndJoin(125)) - 62ec8eb9-3ae9-4136-b70a-2caf3716fa7f@group-1CFBCAD8B615-StateMachineUpdater: set stopIndex = 0
2019-09-25 07:05:26,507 [ForkJoinPool.commonPool-worker-1] INFO  impl.RaftServerImpl (ServerState.java:close(385)) - e568d23f-199e-48ce-91e4-5c166e2e97cd@group-9BAB3B77930E: closes. applyIndex: -1
2019-09-25 07:05:26,507 [main] INFO  impl.RaftServerImpl (ServerState.java:close(385)) - 62ec8eb9-3ae9-4136-b70a-2caf3716fa7f@group-1CFBCAD8B615: closes. applyIndex: 0
2019-09-25 07:05:26,508 [62ec8eb9-3ae9-4136-b70a-2caf3716fa7f@group-1CFBCAD8B615-SegmentedRaftLogWorker] INFO  segmented.SegmentedRaftLogWorker (SegmentedRaftLogWorker.java:run(313)) - 62ec8eb9-3ae9-4136-b70a-2caf3716fa7f@group-1CFBCAD8B615-SegmentedRaftLogWorker was interrupted, exiting. There are 0 tasks remaining in the queue.
2019-09-25 07:05:26,508 [main] INFO  segmented.SegmentedRaftLogWorker (SegmentedRaftLogWorker.java:close(228)) - 62ec8eb9-3ae9-4136-b70a-2caf3716fa7f@group-1CFBCAD8B615-SegmentedRaftLogWorker close()
2019-09-25 07:05:26,509 [main] INFO  impl.RaftServerImpl (RaftServerImpl.java:lambda$shutdown$3(251)) - 62ec8eb9-3ae9-4136-b70a-2caf3716fa7f@group-C148D37ABAE7: shutdown
2019-09-25 07:05:26,509 [main] INFO  util.JmxRegister (JmxRegister.java:unregister(73)) - Successfully un-registered JMX Bean with object name Ratis:service=RaftServer,group=group-C148D37ABAE7,id=62ec8eb9-3ae9-4136-b70a-2caf3716fa7f
2019-09-25 07:05:26,509 [main] INFO  impl.RoleInfo (RoleInfo.java:shutdownLeaderState(104)) - 62ec8eb9-3ae9-4136-b70a-2caf3716fa7f: shutdown LeaderState
2019-09-25 07:05:26,509 [main] INFO  impl.PendingRequests (PendingRequests.java:sendNotLeaderResponses(202)) - 62ec8eb9-3ae9-4136-b70a-2caf3716fa7f-PendingRequests: sendNotLeaderResponses
2019-09-25 07:05:26,510 [main] INFO  impl.StateMachineUpdater (StateMachineUpdater.java:stopAndJoin(125)) - 62ec8eb9-3ae9-4136-b70a-2caf3716fa7f@group-C148D37ABAE7-StateMachineUpdater: set stopIndex = 0
2019-09-25 07:05:26,510 [main] INFO  impl.RaftServerImpl (ServerState.java:close(385)) - 62ec8eb9-3ae9-4136-b70a-2caf3716fa7f@group-C148D37ABAE7: closes. applyIndex: 0
2019-09-25 07:05:26,511 [62ec8eb9-3ae9-4136-b70a-2caf3716fa7f@group-C148D37ABAE7-SegmentedRaftLogWorker] INFO  segmented.SegmentedRaftLogWorker (SegmentedRaftLogWorker.java:run(313)) - 62ec8eb9-3ae9-4136-b70a-2caf3716fa7f@group-C148D37ABAE7-SegmentedRaftLogWorker was interrupted, exiting. There are 0 tasks remaining in the queue.
2019-09-25 07:05:26,511 [main] INFO  segmented.SegmentedRaftLogWorker (SegmentedRaftLogWorker.java:close(228)) - 62ec8eb9-3ae9-4136-b70a-2caf3716fa7f@group-C148D37ABAE7-SegmentedRaftLogWorker close()
2019-09-25 07:05:26,511 [main] INFO  impl.RaftServerImpl (RaftServerImpl.java:lambda$shutdown$3(251)) - 62ec8eb9-3ae9-4136-b70a-2caf3716fa7f@group-48D9C82912D2: shutdown
2019-09-25 07:05:26,512 [main] INFO  util.JmxRegister (JmxRegister.java:unregister(73)) - Successfully un-registered JMX Bean with object name Ratis:service=RaftServer,group=group-48D9C82912D2,id=62ec8eb9-3ae9-4136-b70a-2caf3716fa7f
2019-09-25 07:05:26,512 [main] INFO  impl.RoleInfo (RoleInfo.java:shutdownLeaderState(104)) - 62ec8eb9-3ae9-4136-b70a-2caf3716fa7f: shutdown LeaderState
2019-09-25 07:05:26,512 [main] INFO  impl.PendingRequests (PendingRequests.java:sendNotLeaderResponses(202)) - 62ec8eb9-3ae9-4136-b70a-2caf3716fa7f-PendingRequests: sendNotLeaderResponses
2019-09-25 07:05:26,513 [main] INFO  impl.StateMachineUpdater (StateMachineUpdater.java:stopAndJoin(125)) - 62ec8eb9-3ae9-4136-b70a-2caf3716fa7f@group-48D9C82912D2-StateMachineUpdater: set stopIndex = -1
2019-09-25 07:05:26,513 [main] INFO  impl.RaftServerImpl (ServerState.java:close(385)) - 62ec8eb9-3ae9-4136-b70a-2caf3716fa7f@group-48D9C82912D2: closes. applyIndex: -1
2019-09-25 07:05:26,524 [Thread-1090] INFO  impl.FollowerState (FollowerState.java:run(106)) - 24bf2945-a329-4da6-aaf2-23ecd8d462c6:group-028921FA31D7 changes to CANDIDATE, lastRpcTime:5133, electionTimeout:5133ms
2019-09-25 07:05:26,524 [Thread-1090] INFO  impl.RoleInfo (RoleInfo.java:shutdownFollowerState(121)) - 24bf2945-a329-4da6-aaf2-23ecd8d462c6: shutdown FollowerState
2019-09-25 07:05:26,524 [Thread-1090] INFO  impl.RaftServerImpl (RaftServerImpl.java:setRole(174)) - 24bf2945-a329-4da6-aaf2-23ecd8d462c6@group-028921FA31D7: changes role from  FOLLOWER to CANDIDATE at term 0 for changeToCandidate
2019-09-25 07:05:26,524 [Thread-1090] INFO  impl.RoleInfo (RoleInfo.java:updateAndGet(143)) - 24bf2945-a329-4da6-aaf2-23ecd8d462c6: start LeaderElection
2019-09-25 07:05:26,538 [e568d23f-199e-48ce-91e4-5c166e2e97cd@group-9BAB3B77930E-SegmentedRaftLogWorker] INFO  segmented.SegmentedRaftLogWorker (SegmentedRaftLogWorker.java:run(320)) - e568d23f-199e-48ce-91e4-5c166e2e97cd@group-9BAB3B77930E-SegmentedRaftLogWorker got closed and hit exception
java.lang.NullPointerException
	at org.apache.hadoop.hdds.protocol.proto.StorageContainerDatanodeProtocolProtos$ClosePipelineInfo$Builder.setDetailedReason(StorageContainerDatanodeProtocolProtos.java:19487)
	at org.apache.hadoop.ozone.container.common.transport.server.ratis.XceiverServerRatis.triggerPipelineClose(XceiverServerRatis.java:564)
	at org.apache.hadoop.ozone.container.common.transport.server.ratis.XceiverServerRatis.handleNodeLogFailure(XceiverServerRatis.java:663)
	at org.apache.hadoop.ozone.container.common.transport.server.ratis.ContainerStateMachine.notifyLogFailed(ContainerStateMachine.java:812)
	at org.apache.ratis.server.raftlog.segmented.SegmentedRaftLogWorker$WriteLog.failed(SegmentedRaftLogWorker.java:455)
	at org.apache.ratis.server.raftlog.segmented.SegmentedRaftLogWorker.run(SegmentedRaftLogWorker.java:297)
	at java.lang.Thread.run(Thread.java:748)
2019-09-25 07:05:26,538 [62ec8eb9-3ae9-4136-b70a-2caf3716fa7f@group-48D9C82912D2-SegmentedRaftLogWorker] INFO  segmented.SegmentedRaftLogWorker (SegmentedRaftLogWorker.java:run(320)) - 62ec8eb9-3ae9-4136-b70a-2caf3716fa7f@group-48D9C82912D2-SegmentedRaftLogWorker got closed and hit exception
java.lang.NullPointerException
	at org.apache.hadoop.hdds.protocol.proto.StorageContainerDatanodeProtocolProtos$ClosePipelineInfo$Builder.setDetailedReason(StorageContainerDatanodeProtocolProtos.java:19487)
	at org.apache.hadoop.ozone.container.common.transport.server.ratis.XceiverServerRatis.triggerPipelineClose(XceiverServerRatis.java:564)
	at org.apache.hadoop.ozone.container.common.transport.server.ratis.XceiverServerRatis.handleNodeLogFailure(XceiverServerRatis.java:663)
	at org.apache.hadoop.ozone.container.common.transport.server.ratis.ContainerStateMachine.notifyLogFailed(ContainerStateMachine.java:812)
	at org.apache.ratis.server.raftlog.segmented.SegmentedRaftLogWorker$WriteLog.failed(SegmentedRaftLogWorker.java:455)
	at org.apache.ratis.server.raftlog.segmented.SegmentedRaftLogWorker.run(SegmentedRaftLogWorker.java:297)
	at java.lang.Thread.run(Thread.java:748)
2019-09-25 07:05:26,539 [ForkJoinPool.commonPool-worker-1] INFO  segmented.SegmentedRaftLogWorker (SegmentedRaftLogWorker.java:close(228)) - e568d23f-199e-48ce-91e4-5c166e2e97cd@group-9BAB3B77930E-SegmentedRaftLogWorker close()
2019-09-25 07:05:26,539 [main] INFO  segmented.SegmentedRaftLogWorker (SegmentedRaftLogWorker.java:close(228)) - 62ec8eb9-3ae9-4136-b70a-2caf3716fa7f@group-48D9C82912D2-SegmentedRaftLogWorker close()
2019-09-25 07:05:26,539 [ForkJoinPool.commonPool-worker-1] INFO  impl.RaftServerImpl (RaftServerImpl.java:lambda$shutdown$3(251)) - e568d23f-199e-48ce-91e4-5c166e2e97cd@group-0108DC8FAD73: shutdown
2019-09-25 07:05:26,540 [main] INFO  impl.RaftServerImpl (RaftServerImpl.java:lambda$shutdown$3(251)) - 62ec8eb9-3ae9-4136-b70a-2caf3716fa7f@group-B959C9F9750D: shutdown
2019-09-25 07:05:26,540 [ForkJoinPool.commonPool-worker-1] INFO  util.JmxRegister (JmxRegister.java:unregister(73)) - Successfully un-registered JMX Bean with object name Ratis:service=RaftServer,group=group-0108DC8FAD73,id=e568d23f-199e-48ce-91e4-5c166e2e97cd
2019-09-25 07:05:26,540 [main] INFO  util.JmxRegister (JmxRegister.java:unregister(73)) - Successfully un-registered JMX Bean with object name Ratis:service=RaftServer,group=group-B959C9F9750D,id=62ec8eb9-3ae9-4136-b70a-2caf3716fa7f
2019-09-25 07:05:26,540 [ForkJoinPool.commonPool-worker-1] INFO  impl.RoleInfo (RoleInfo.java:shutdownFollowerState(121)) - e568d23f-199e-48ce-91e4-5c166e2e97cd: shutdown FollowerState
2019-09-25 07:05:26,541 [main] INFO  impl.RoleInfo (RoleInfo.java:shutdownLeaderState(104)) - 62ec8eb9-3ae9-4136-b70a-2caf3716fa7f: shutdown LeaderState
2019-09-25 07:05:26,541 [Thread-1117] INFO  impl.FollowerState (FollowerState.java:run(115)) - e568d23f-199e-48ce-91e4-5c166e2e97cd: FollowerState was interrupted: java.lang.InterruptedException: sleep interrupted
2019-09-25 07:05:26,541 [ForkJoinPool.commonPool-worker-1] INFO  impl.StateMachineUpdater (StateMachineUpdater.java:stopAndJoin(125)) - e568d23f-199e-48ce-91e4-5c166e2e97cd@group-0108DC8FAD73-StateMachineUpdater: set stopIndex = -1
2019-09-25 07:05:26,542 [ForkJoinPool.commonPool-worker-1] INFO  impl.RaftServerImpl (ServerState.java:close(385)) - e568d23f-199e-48ce-91e4-5c166e2e97cd@group-0108DC8FAD73: closes. applyIndex: -1
2019-09-25 07:05:26,541 [main] INFO  impl.PendingRequests (PendingRequests.java:sendNotLeaderResponses(202)) - 62ec8eb9-3ae9-4136-b70a-2caf3716fa7f-PendingRequests: sendNotLeaderResponses
2019-09-25 07:05:26,542 [e568d23f-199e-48ce-91e4-5c166e2e97cd@group-0108DC8FAD73-SegmentedRaftLogWorker] INFO  segmented.SegmentedRaftLogWorker (SegmentedRaftLogWorker.java:run(313)) - e568d23f-199e-48ce-91e4-5c166e2e97cd@group-0108DC8FAD73-SegmentedRaftLogWorker was interrupted, exiting. There are 0 tasks remaining in the queue.
2019-09-25 07:05:26,542 [main] INFO  impl.StateMachineUpdater (StateMachineUpdater.java:stopAndJoin(125)) - 62ec8eb9-3ae9-4136-b70a-2caf3716fa7f@group-B959C9F9750D-StateMachineUpdater: set stopIndex = 0
2019-09-25 07:05:26,542 [ForkJoinPool.commonPool-worker-1] INFO  segmented.SegmentedRaftLogWorker (SegmentedRaftLogWorker.java:close(228)) - e568d23f-199e-48ce-91e4-5c166e2e97cd@group-0108DC8FAD73-SegmentedRaftLogWorker close()
2019-09-25 07:05:26,543 [main] INFO  impl.RaftServerImpl (ServerState.java:close(385)) - 62ec8eb9-3ae9-4136-b70a-2caf3716fa7f@group-B959C9F9750D: closes. applyIndex: 0
2019-09-25 07:05:26,543 [ForkJoinPool.commonPool-worker-1] INFO  impl.RaftServerImpl (RaftServerImpl.java:lambda$shutdown$3(251)) - e568d23f-199e-48ce-91e4-5c166e2e97cd@group-081E83150E18: shutdown
2019-09-25 07:05:26,543 [62ec8eb9-3ae9-4136-b70a-2caf3716fa7f@group-B959C9F9750D-SegmentedRaftLogWorker] INFO  segmented.SegmentedRaftLogWorker (SegmentedRaftLogWorker.java:run(313)) - 62ec8eb9-3ae9-4136-b70a-2caf3716fa7f@group-B959C9F9750D-SegmentedRaftLogWorker was interrupted, exiting. There are 0 tasks remaining in the queue.
2019-09-25 07:05:26,544 [ForkJoinPool.commonPool-worker-1] INFO  util.JmxRegister (JmxRegister.java:unregister(73)) - Successfully un-registered JMX Bean with object name Ratis:service=RaftServer,group=group-081E83150E18,id=e568d23f-199e-48ce-91e4-5c166e2e97cd
2019-09-25 07:05:26,544 [ForkJoinPool.commonPool-worker-1] INFO  impl.RoleInfo (RoleInfo.java:shutdownFollowerState(121)) - e568d23f-199e-48ce-91e4-5c166e2e97cd: shutdown FollowerState
2019-09-25 07:05:26,544 [ForkJoinPool.commonPool-worker-1] INFO  impl.StateMachineUpdater (StateMachineUpdater.java:stopAndJoin(125)) - e568d23f-199e-48ce-91e4-5c166e2e97cd@group-081E83150E18-StateMachineUpdater: set stopIndex = -1
2019-09-25 07:05:26,544 [Thread-1234] INFO  impl.FollowerState (FollowerState.java:run(115)) - e568d23f-199e-48ce-91e4-5c166e2e97cd: FollowerState was interrupted: java.lang.InterruptedException: sleep interrupted
2019-09-25 07:05:26,545 [ForkJoinPool.commonPool-worker-1] INFO  impl.RaftServerImpl (ServerState.java:close(385)) - e568d23f-199e-48ce-91e4-5c166e2e97cd@group-081E83150E18: closes. applyIndex: -1
2019-09-25 07:05:26,545 [e568d23f-199e-48ce-91e4-5c166e2e97cd@group-081E83150E18-SegmentedRaftLogWorker] INFO  segmented.SegmentedRaftLogWorker (SegmentedRaftLogWorker.java:run(313)) - e568d23f-199e-48ce-91e4-5c166e2e97cd@group-081E83150E18-SegmentedRaftLogWorker was interrupted, exiting. There are 0 tasks remaining in the queue.
2019-09-25 07:05:26,545 [ForkJoinPool.commonPool-worker-1] INFO  segmented.SegmentedRaftLogWorker (SegmentedRaftLogWorker.java:close(228)) - e568d23f-199e-48ce-91e4-5c166e2e97cd@group-081E83150E18-SegmentedRaftLogWorker close()
2019-09-25 07:05:26,546 [ForkJoinPool.commonPool-worker-1] INFO  impl.RaftServerImpl (RaftServerImpl.java:lambda$shutdown$3(251)) - e568d23f-199e-48ce-91e4-5c166e2e97cd@group-BB1C97E9BFD8: shutdown
2019-09-25 07:05:26,546 [ForkJoinPool.commonPool-worker-1] INFO  util.JmxRegister (JmxRegister.java:unregister(73)) - Successfully un-registered JMX Bean with object name Ratis:service=RaftServer,group=group-BB1C97E9BFD8,id=e568d23f-199e-48ce-91e4-5c166e2e97cd
2019-09-25 07:05:26,546 [ForkJoinPool.commonPool-worker-1] INFO  impl.RoleInfo (RoleInfo.java:shutdownLeaderState(104)) - e568d23f-199e-48ce-91e4-5c166e2e97cd: shutdown LeaderState
2019-09-25 07:05:26,546 [ForkJoinPool.commonPool-worker-1] INFO  impl.PendingRequests (PendingRequests.java:sendNotLeaderResponses(202)) - e568d23f-199e-48ce-91e4-5c166e2e97cd-PendingRequests: sendNotLeaderResponses
2019-09-25 07:05:26,547 [ForkJoinPool.commonPool-worker-1] INFO  impl.StateMachineUpdater (StateMachineUpdater.java:stopAndJoin(125)) - e568d23f-199e-48ce-91e4-5c166e2e97cd@group-BB1C97E9BFD8-StateMachineUpdater: set stopIndex = 0
2019-09-25 07:05:26,547 [ForkJoinPool.commonPool-worker-1] INFO  impl.RaftServerImpl (ServerState.java:close(385)) - e568d23f-199e-48ce-91e4-5c166e2e97cd@group-BB1C97E9BFD8: closes. applyIndex: 0
2019-09-25 07:05:26,548 [e568d23f-199e-48ce-91e4-5c166e2e97cd@group-BB1C97E9BFD8-SegmentedRaftLogWorker] INFO  segmented.SegmentedRaftLogWorker (SegmentedRaftLogWorker.java:run(313)) - e568d23f-199e-48ce-91e4-5c166e2e97cd@group-BB1C97E9BFD8-SegmentedRaftLogWorker was interrupted, exiting. There are 0 tasks remaining in the queue.
2019-09-25 07:05:26,550 [ForkJoinPool.commonPool-worker-1] INFO  segmented.SegmentedRaftLogWorker (SegmentedRaftLogWorker.java:close(228)) - e568d23f-199e-48ce-91e4-5c166e2e97cd@group-BB1C97E9BFD8-SegmentedRaftLogWorker close()
2019-09-25 07:05:26,550 [main] INFO  segmented.SegmentedRaftLogWorker (SegmentedRaftLogWorker.java:close(228)) - 62ec8eb9-3ae9-4136-b70a-2caf3716fa7f@group-B959C9F9750D-SegmentedRaftLogWorker close()
2019-09-25 07:05:26,551 [24bf2945-a329-4da6-aaf2-23ecd8d462c6@group-028921FA31D7:LeaderElection176] INFO  impl.LeaderElection (LeaderElection.java:askForVotes(182)) - 24bf2945-a329-4da6-aaf2-23ecd8d462c6@group-028921FA31D7:LeaderElection176: begin an election at term 1 for -1: [24bf2945-a329-4da6-aaf2-23ecd8d462c6:192.168.30.10:42867], old=null
2019-09-25 07:05:26,551 [24bf2945-a329-4da6-aaf2-23ecd8d462c6@group-960573725A1C-SegmentedRaftLogWorker] INFO  segmented.SegmentedRaftLogWorker (SegmentedRaftLogWorker.java:execute(569)) - 24bf2945-a329-4da6-aaf2-23ecd8d462c6@group-960573725A1C-SegmentedRaftLogWorker: created new log segment /workdir/hadoop-ozone/integration-test/target/test-dir/MiniOzoneClusterImpl-39af9574-7a8b-4ed7-b830-bf686a3d4bb8/datanode-2/data/ratis/25609d94-35e9-4a56-a67e-960573725a1c/current/log_inprogress_0
2019-09-25 07:05:26,550 [ForkJoinPool.commonPool-worker-1] INFO  impl.RaftServerImpl (RaftServerImpl.java:lambda$shutdown$3(251)) - e568d23f-199e-48ce-91e4-5c166e2e97cd@group-5252AAD5515A: shutdown
2019-09-25 07:05:26,551 [24bf2945-a329-4da6-aaf2-23ecd8d462c6@group-028921FA31D7:LeaderElection176] INFO  impl.RoleInfo (RoleInfo.java:shutdownLeaderElection(134)) - 24bf2945-a329-4da6-aaf2-23ecd8d462c6: shutdown LeaderElection
2019-09-25 07:05:26,551 [main] INFO  impl.RaftServerImpl (RaftServerImpl.java:lambda$shutdown$3(251)) - 62ec8eb9-3ae9-4136-b70a-2caf3716fa7f@group-77A592C0723B: shutdown
2019-09-25 07:05:26,551 [24bf2945-a329-4da6-aaf2-23ecd8d462c6@group-028921FA31D7:LeaderElection176] INFO  impl.RaftServerImpl (RaftServerImpl.java:setRole(174)) - 24bf2945-a329-4da6-aaf2-23ecd8d462c6@group-028921FA31D7: changes role from CANDIDATE to LEADER at term 1 for changeToLeader
2019-09-25 07:05:26,551 [ForkJoinPool.commonPool-worker-1] INFO  util.JmxRegister (JmxRegister.java:unregister(73)) - Successfully un-registered JMX Bean with object name Ratis:service=RaftServer,group=group-5252AAD5515A,id=e568d23f-199e-48ce-91e4-5c166e2e97cd
2019-09-25 07:05:26,552 [24bf2945-a329-4da6-aaf2-23ecd8d462c6@group-028921FA31D7:LeaderElection176] INFO  impl.RaftServerImpl (ServerState.java:setLeader(253)) - 24bf2945-a329-4da6-aaf2-23ecd8d462c6@group-028921FA31D7: change Leader from null to 24bf2945-a329-4da6-aaf2-23ecd8d462c6 at term 1 for becomeLeader, leader elected after 5167ms
2019-09-25 07:05:26,552 [main] INFO  util.JmxRegister (JmxRegister.java:unregister(73)) - Successfully un-registered JMX Bean with object name Ratis:service=RaftServer,group=group-77A592C0723B,id=62ec8eb9-3ae9-4136-b70a-2caf3716fa7f
2019-09-25 07:05:26,553 [main] INFO  impl.RoleInfo (RoleInfo.java:shutdownFollowerState(121)) - 62ec8eb9-3ae9-4136-b70a-2caf3716fa7f: shutdown FollowerState
2019-09-25 07:05:26,552 [24bf2945-a329-4da6-aaf2-23ecd8d462c6@group-028921FA31D7:LeaderElection176] INFO  server.RaftServerConfigKeys (ConfUtils.java:logGet(43)) - raft.server.staging.catchup.gap = 1000 (default)
2019-09-25 07:05:26,552 [ForkJoinPool.commonPool-worker-1] INFO  impl.RoleInfo (RoleInfo.java:shutdownFollowerState(121)) - e568d23f-199e-48ce-91e4-5c166e2e97cd: shutdown FollowerState
2019-09-25 07:05:26,553 [24bf2945-a329-4da6-aaf2-23ecd8d462c6@group-028921FA31D7:LeaderElection176] INFO  server.RaftServerConfigKeys (ConfUtils.java:logGet(43)) - raft.server.rpc.sleep.time = 25ms (default)
2019-09-25 07:05:26,553 [Thread-1159] INFO  impl.FollowerState (FollowerState.java:run(115)) - 62ec8eb9-3ae9-4136-b70a-2caf3716fa7f: FollowerState was interrupted: java.lang.InterruptedException: sleep interrupted
2019-09-25 07:05:26,554 [24bf2945-a329-4da6-aaf2-23ecd8d462c6@group-028921FA31D7:LeaderElection176] INFO  server.RaftServerConfigKeys (ConfUtils.java:logGet(43)) - raft.server.write.element-limit = 4096 (default)
2019-09-25 07:05:26,553 [main] INFO  impl.StateMachineUpdater (StateMachineUpdater.java:stopAndJoin(125)) - 62ec8eb9-3ae9-4136-b70a-2caf3716fa7f@group-77A592C0723B-StateMachineUpdater: set stopIndex = -1
2019-09-25 07:05:26,554 [24bf2945-a329-4da6-aaf2-23ecd8d462c6@group-028921FA31D7:LeaderElection176] INFO  server.RaftServerConfigKeys (ConfUtils.java:logGet(43)) - raft.server.watch.timeout = 10s (default)
2019-09-25 07:05:26,554 [Thread-1120] INFO  impl.FollowerState (FollowerState.java:run(115)) - e568d23f-199e-48ce-91e4-5c166e2e97cd: FollowerState was interrupted: java.lang.InterruptedException: sleep interrupted
2019-09-25 07:05:26,554 [ForkJoinPool.commonPool-worker-1] INFO  impl.StateMachineUpdater (StateMachineUpdater.java:stopAndJoin(125)) - e568d23f-199e-48ce-91e4-5c166e2e97cd@group-5252AAD5515A-StateMachineUpdater: set stopIndex = -1
2019-09-25 07:05:26,555 [24bf2945-a329-4da6-aaf2-23ecd8d462c6@group-028921FA31D7:LeaderElection176] INFO  server.RaftServerConfigKeys (ConfUtils.java:logGet(43)) - raft.server.watch.timeout.denomination = 1s (default)
2019-09-25 07:05:26,554 [main] INFO  impl.RaftServerImpl (ServerState.java:close(385)) - 62ec8eb9-3ae9-4136-b70a-2caf3716fa7f@group-77A592C0723B: closes. applyIndex: -1
2019-09-25 07:05:26,555 [24bf2945-a329-4da6-aaf2-23ecd8d462c6@group-028921FA31D7:LeaderElection176] INFO  server.RaftServerConfigKeys (ConfUtils.java:logGet(43)) - raft.server.watch.element-limit = 65536 (default)
2019-09-25 07:05:26,555 [ForkJoinPool.commonPool-worker-1] INFO  impl.RaftServerImpl (ServerState.java:close(385)) - e568d23f-199e-48ce-91e4-5c166e2e97cd@group-5252AAD5515A: closes. applyIndex: -1
2019-09-25 07:05:26,556 [62ec8eb9-3ae9-4136-b70a-2caf3716fa7f@group-77A592C0723B-SegmentedRaftLogWorker] INFO  segmented.SegmentedRaftLogWorker (SegmentedRaftLogWorker.java:run(313)) - 62ec8eb9-3ae9-4136-b70a-2caf3716fa7f@group-77A592C0723B-SegmentedRaftLogWorker was interrupted, exiting. There are 0 tasks remaining in the queue.
2019-09-25 07:05:26,556 [main] INFO  segmented.SegmentedRaftLogWorker (SegmentedRaftLogWorker.java:close(228)) - 62ec8eb9-3ae9-4136-b70a-2caf3716fa7f@group-77A592C0723B-SegmentedRaftLogWorker close()
2019-09-25 07:05:26,556 [e568d23f-199e-48ce-91e4-5c166e2e97cd@group-5252AAD5515A-SegmentedRaftLogWorker] INFO  segmented.SegmentedRaftLogWorker (SegmentedRaftLogWorker.java:run(313)) - e568d23f-199e-48ce-91e4-5c166e2e97cd@group-5252AAD5515A-SegmentedRaftLogWorker was interrupted, exiting. There are 0 tasks remaining in the queue.
2019-09-25 07:05:26,556 [main] INFO  impl.RaftServerImpl (RaftServerImpl.java:lambda$shutdown$3(251)) - 62ec8eb9-3ae9-4136-b70a-2caf3716fa7f@group-5BC19DBAD913: shutdown
2019-09-25 07:05:26,557 [ForkJoinPool.commonPool-worker-1] INFO  segmented.SegmentedRaftLogWorker (SegmentedRaftLogWorker.java:close(228)) - e568d23f-199e-48ce-91e4-5c166e2e97cd@group-5252AAD5515A-SegmentedRaftLogWorker close()
2019-09-25 07:05:26,557 [main] INFO  util.JmxRegister (JmxRegister.java:unregister(73)) - Successfully un-registered JMX Bean with object name Ratis:service=RaftServer,group=group-5BC19DBAD913,id=62ec8eb9-3ae9-4136-b70a-2caf3716fa7f
2019-09-25 07:05:26,558 [main] INFO  impl.RoleInfo (RoleInfo.java:shutdownFollowerState(121)) - 62ec8eb9-3ae9-4136-b70a-2caf3716fa7f: shutdown FollowerState
2019-09-25 07:05:26,557 [ForkJoinPool.commonPool-worker-1] INFO  impl.RaftServerImpl (RaftServerImpl.java:lambda$shutdown$3(251)) - e568d23f-199e-48ce-91e4-5c166e2e97cd@group-9CA1DA49B9D9: shutdown
2019-09-25 07:05:26,557 [24bf2945-a329-4da6-aaf2-23ecd8d462c6@group-028921FA31D7:LeaderElection176] INFO  impl.RoleInfo (RoleInfo.java:updateAndGet(143)) - 24bf2945-a329-4da6-aaf2-23ecd8d462c6: start LeaderState
2019-09-25 07:05:26,558 [ForkJoinPool.commonPool-worker-1] INFO  util.JmxRegister (JmxRegister.java:unregister(73)) - Successfully un-registered JMX Bean with object name Ratis:service=RaftServer,group=group-9CA1DA49B9D9,id=e568d23f-199e-48ce-91e4-5c166e2e97cd
2019-09-25 07:05:26,559 [ForkJoinPool.commonPool-worker-1] INFO  impl.RoleInfo (RoleInfo.java:shutdownFollowerState(121)) - e568d23f-199e-48ce-91e4-5c166e2e97cd: shutdown FollowerState
2019-09-25 07:05:26,558 [Thread-1141] INFO  impl.FollowerState (FollowerState.java:run(115)) - 62ec8eb9-3ae9-4136-b70a-2caf3716fa7f: FollowerState was interrupted: java.lang.InterruptedException: sleep interrupted
2019-09-25 07:05:26,558 [main] INFO  impl.StateMachineUpdater (StateMachineUpdater.java:stopAndJoin(125)) - 62ec8eb9-3ae9-4136-b70a-2caf3716fa7f@group-5BC19DBAD913-StateMachineUpdater: set stopIndex = -1
2019-09-25 07:05:26,559 [Thread-1237] INFO  impl.FollowerState (FollowerState.java:run(115)) - e568d23f-199e-48ce-91e4-5c166e2e97cd: FollowerState was interrupted: java.lang.InterruptedException: sleep interrupted
2019-09-25 07:05:26,559 [ForkJoinPool.commonPool-worker-1] INFO  impl.StateMachineUpdater (StateMachineUpdater.java:stopAndJoin(125)) - e568d23f-199e-48ce-91e4-5c166e2e97cd@group-9CA1DA49B9D9-StateMachineUpdater: set stopIndex = -1
2019-09-25 07:05:26,559 [24bf2945-a329-4da6-aaf2-23ecd8d462c6@group-028921FA31D7:LeaderElection176] INFO  segmented.SegmentedRaftLogWorker (SegmentedRaftLogWorker.java:startLogSegment(380)) - 24bf2945-a329-4da6-aaf2-23ecd8d462c6@group-028921FA31D7-SegmentedRaftLogWorker: Starting segment from index:0
2019-09-25 07:05:26,560 [ForkJoinPool.commonPool-worker-1] INFO  impl.RaftServerImpl (ServerState.java:close(385)) - e568d23f-199e-48ce-91e4-5c166e2e97cd@group-9CA1DA49B9D9: closes. applyIndex: -1
2019-09-25 07:05:26,560 [main] INFO  impl.RaftServerImpl (ServerState.java:close(385)) - 62ec8eb9-3ae9-4136-b70a-2caf3716fa7f@group-5BC19DBAD913: closes. applyIndex: -1
2019-09-25 07:05:26,561 [e568d23f-199e-48ce-91e4-5c166e2e97cd@group-9CA1DA49B9D9-SegmentedRaftLogWorker] INFO  segmented.SegmentedRaftLogWorker (SegmentedRaftLogWorker.java:run(313)) - e568d23f-199e-48ce-91e4-5c166e2e97cd@group-9CA1DA49B9D9-SegmentedRaftLogWorker was interrupted, exiting. There are 0 tasks remaining in the queue.
2019-09-25 07:05:26,560 [24bf2945-a329-4da6-aaf2-23ecd8d462c6@group-028921FA31D7:LeaderElection176] INFO  impl.RaftServerImpl (ServerState.java:setRaftConf(354)) - 24bf2945-a329-4da6-aaf2-23ecd8d462c6@group-028921FA31D7: set configuration 0: [24bf2945-a329-4da6-aaf2-23ecd8d462c6:192.168.30.10:42867], old=null at 0
2019-09-25 07:05:26,561 [ForkJoinPool.commonPool-worker-1] INFO  segmented.SegmentedRaftLogWorker (SegmentedRaftLogWorker.java:close(228)) - e568d23f-199e-48ce-91e4-5c166e2e97cd@group-9CA1DA49B9D9-SegmentedRaftLogWorker close()
2019-09-25 07:05:26,561 [62ec8eb9-3ae9-4136-b70a-2caf3716fa7f@group-5BC19DBAD913-SegmentedRaftLogWorker] INFO  segmented.SegmentedRaftLogWorker (SegmentedRaftLogWorker.java:run(313)) - 62ec8eb9-3ae9-4136-b70a-2caf3716fa7f@group-5BC19DBAD913-SegmentedRaftLogWorker was interrupted, exiting. There are 0 tasks remaining in the queue.
2019-09-25 07:05:26,561 [ForkJoinPool.commonPool-worker-1] INFO  impl.RaftServerImpl (RaftServerImpl.java:lambda$shutdown$3(251)) - e568d23f-199e-48ce-91e4-5c166e2e97cd@group-DD85FDF5F253: shutdown
2019-09-25 07:05:26,561 [main] INFO  segmented.SegmentedRaftLogWorker (SegmentedRaftLogWorker.java:close(228)) - 62ec8eb9-3ae9-4136-b70a-2caf3716fa7f@group-5BC19DBAD913-SegmentedRaftLogWorker close()
2019-09-25 07:05:26,562 [ForkJoinPool.commonPool-worker-1] INFO  util.JmxRegister (JmxRegister.java:unregister(73)) - Successfully un-registered JMX Bean with object name Ratis:service=RaftServer,group=group-DD85FDF5F253,id=e568d23f-199e-48ce-91e4-5c166e2e97cd
2019-09-25 07:05:26,562 [main] INFO  impl.RaftServerImpl (RaftServerImpl.java:lambda$shutdown$3(251)) - 62ec8eb9-3ae9-4136-b70a-2caf3716fa7f@group-CD57BC050509: shutdown
2019-09-25 07:05:26,562 [ForkJoinPool.commonPool-worker-1] INFO  impl.RoleInfo (RoleInfo.java:shutdownFollowerState(121)) - e568d23f-199e-48ce-91e4-5c166e2e97cd: shutdown FollowerState
2019-09-25 07:05:26,563 [main] INFO  util.JmxRegister (JmxRegister.java:unregister(73)) - Successfully un-registered JMX Bean with object name Ratis:service=RaftServer,group=group-CD57BC050509,id=62ec8eb9-3ae9-4136-b70a-2caf3716fa7f
2019-09-25 07:05:26,563 [Thread-1264] INFO  impl.FollowerState (FollowerState.java:run(115)) - e568d23f-199e-48ce-91e4-5c166e2e97cd: FollowerState was interrupted: java.lang.InterruptedException: sleep interrupted
2019-09-25 07:05:26,563 [ForkJoinPool.commonPool-worker-1] INFO  impl.StateMachineUpdater (StateMachineUpdater.java:stopAndJoin(125)) - e568d23f-199e-48ce-91e4-5c166e2e97cd@group-DD85FDF5F253-StateMachineUpdater: set stopIndex = -1
2019-09-25 07:05:26,564 [ForkJoinPool.commonPool-worker-1] INFO  impl.RaftServerImpl (ServerState.java:close(385)) - e568d23f-199e-48ce-91e4-5c166e2e97cd@group-DD85FDF5F253: closes. applyIndex: -1
2019-09-25 07:05:26,563 [main] INFO  impl.RoleInfo (RoleInfo.java:shutdownFollowerState(121)) - 62ec8eb9-3ae9-4136-b70a-2caf3716fa7f: shutdown FollowerState
2019-09-25 07:05:26,564 [e568d23f-199e-48ce-91e4-5c166e2e97cd@group-DD85FDF5F253-SegmentedRaftLogWorker] INFO  segmented.SegmentedRaftLogWorker (SegmentedRaftLogWorker.java:run(313)) - e568d23f-199e-48ce-91e4-5c166e2e97cd@group-DD85FDF5F253-SegmentedRaftLogWorker was interrupted, exiting. There are 0 tasks remaining in the queue.
2019-09-25 07:05:26,564 [main] INFO  impl.StateMachineUpdater (StateMachineUpdater.java:stopAndJoin(125)) - 62ec8eb9-3ae9-4136-b70a-2caf3716fa7f@group-CD57BC050509-StateMachineUpdater: set stopIndex = -1
2019-09-25 07:05:26,565 [main] INFO  impl.RaftServerImpl (ServerState.java:close(385)) - 62ec8eb9-3ae9-4136-b70a-2caf3716fa7f@group-CD57BC050509: closes. applyIndex: -1
2019-09-25 07:05:26,564 [ForkJoinPool.commonPool-worker-1] INFO  segmented.SegmentedRaftLogWorker (SegmentedRaftLogWorker.java:close(228)) - e568d23f-199e-48ce-91e4-5c166e2e97cd@group-DD85FDF5F253-SegmentedRaftLogWorker close()
2019-09-25 07:05:26,564 [Thread-1231] INFO  impl.FollowerState (FollowerState.java:run(115)) - 62ec8eb9-3ae9-4136-b70a-2caf3716fa7f: FollowerState was interrupted: java.lang.InterruptedException: sleep interrupted
2019-09-25 07:05:26,566 [ForkJoinPool.commonPool-worker-1] INFO  impl.RaftServerImpl (RaftServerImpl.java:lambda$shutdown$3(251)) - e568d23f-199e-48ce-91e4-5c166e2e97cd@group-3C2911E474D6: shutdown
2019-09-25 07:05:26,565 [62ec8eb9-3ae9-4136-b70a-2caf3716fa7f@group-CD57BC050509-SegmentedRaftLogWorker] INFO  segmented.SegmentedRaftLogWorker (SegmentedRaftLogWorker.java:run(313)) - 62ec8eb9-3ae9-4136-b70a-2caf3716fa7f@group-CD57BC050509-SegmentedRaftLogWorker was interrupted, exiting. There are 0 tasks remaining in the queue.
2019-09-25 07:05:26,566 [ForkJoinPool.commonPool-worker-1] INFO  util.JmxRegister (JmxRegister.java:unregister(73)) - Successfully un-registered JMX Bean with object name Ratis:service=RaftServer,group=group-3C2911E474D6,id=e568d23f-199e-48ce-91e4-5c166e2e97cd
2019-09-25 07:05:26,566 [main] INFO  segmented.SegmentedRaftLogWorker (SegmentedRaftLogWorker.java:close(228)) - 62ec8eb9-3ae9-4136-b70a-2caf3716fa7f@group-CD57BC050509-SegmentedRaftLogWorker close()
2019-09-25 07:05:26,566 [ForkJoinPool.commonPool-worker-1] INFO  impl.RoleInfo (RoleInfo.java:shutdownLeaderState(104)) - e568d23f-199e-48ce-91e4-5c166e2e97cd: shutdown LeaderState
2019-09-25 07:05:26,567 [main] INFO  impl.RaftServerImpl (RaftServerImpl.java:lambda$shutdown$3(251)) - 62ec8eb9-3ae9-4136-b70a-2caf3716fa7f@group-C0AAFDAB154D: shutdown
2019-09-25 07:05:26,567 [ForkJoinPool.commonPool-worker-1] INFO  impl.PendingRequests (PendingRequests.java:sendNotLeaderResponses(202)) - e568d23f-199e-48ce-91e4-5c166e2e97cd-PendingRequests: sendNotLeaderResponses
2019-09-25 07:05:26,567 [main] INFO  util.JmxRegister (JmxRegister.java:unregister(73)) - Successfully un-registered JMX Bean with object name Ratis:service=RaftServer,group=group-C0AAFDAB154D,id=62ec8eb9-3ae9-4136-b70a-2caf3716fa7f
2019-09-25 07:05:26,568 [ForkJoinPool.commonPool-worker-1] INFO  impl.StateMachineUpdater (StateMachineUpdater.java:stopAndJoin(125)) - e568d23f-199e-48ce-91e4-5c166e2e97cd@group-3C2911E474D6-StateMachineUpdater: set stopIndex = 0
2019-09-25 07:05:26,568 [ForkJoinPool.commonPool-worker-1] INFO  impl.RaftServerImpl (ServerState.java:close(385)) - e568d23f-199e-48ce-91e4-5c166e2e97cd@group-3C2911E474D6: closes. applyIndex: 0
2019-09-25 07:05:26,568 [main] INFO  impl.RoleInfo (RoleInfo.java:shutdownFollowerState(121)) - 62ec8eb9-3ae9-4136-b70a-2caf3716fa7f: shutdown FollowerState
2019-09-25 07:05:26,569 [e568d23f-199e-48ce-91e4-5c166e2e97cd@group-3C2911E474D6-SegmentedRaftLogWorker] INFO  segmented.SegmentedRaftLogWorker (SegmentedRaftLogWorker.java:run(313)) - e568d23f-199e-48ce-91e4-5c166e2e97cd@group-3C2911E474D6-SegmentedRaftLogWorker was interrupted, exiting. There are 0 tasks remaining in the queue.
2019-09-25 07:05:26,569 [Thread-1198] INFO  impl.FollowerState (FollowerState.java:run(115)) - 62ec8eb9-3ae9-4136-b70a-2caf3716fa7f: FollowerState was interrupted: java.lang.InterruptedException: sleep interrupted
2019-09-25 07:05:26,569 [main] INFO  impl.StateMachineUpdater (StateMachineUpdater.java:stopAndJoin(125)) - 62ec8eb9-3ae9-4136-b70a-2caf3716fa7f@group-C0AAFDAB154D-StateMachineUpdater: set stopIndex = -1
2019-09-25 07:05:26,570 [main] INFO  impl.RaftServerImpl (ServerState.java:close(385)) - 62ec8eb9-3ae9-4136-b70a-2caf3716fa7f@group-C0AAFDAB154D: closes. applyIndex: -1
2019-09-25 07:05:26,569 [ForkJoinPool.commonPool-worker-1] INFO  segmented.SegmentedRaftLogWorker (SegmentedRaftLogWorker.java:close(228)) - e568d23f-199e-48ce-91e4-5c166e2e97cd@group-3C2911E474D6-SegmentedRaftLogWorker close()
2019-09-25 07:05:26,570 [62ec8eb9-3ae9-4136-b70a-2caf3716fa7f@group-C0AAFDAB154D-SegmentedRaftLogWorker] INFO  segmented.SegmentedRaftLogWorker (SegmentedRaftLogWorker.java:run(313)) - 62ec8eb9-3ae9-4136-b70a-2caf3716fa7f@group-C0AAFDAB154D-SegmentedRaftLogWorker was interrupted, exiting. There are 0 tasks remaining in the queue.
2019-09-25 07:05:26,570 [ForkJoinPool.commonPool-worker-1] INFO  impl.RaftServerImpl (RaftServerImpl.java:lambda$shutdown$3(251)) - e568d23f-199e-48ce-91e4-5c166e2e97cd@group-B61ACD894684: shutdown
2019-09-25 07:05:26,571 [main] INFO  segmented.SegmentedRaftLogWorker (SegmentedRaftLogWorker.java:close(228)) - 62ec8eb9-3ae9-4136-b70a-2caf3716fa7f@group-C0AAFDAB154D-SegmentedRaftLogWorker close()
2019-09-25 07:05:26,571 [ForkJoinPool.commonPool-worker-1] INFO  util.JmxRegister (JmxRegister.java:unregister(73)) - Successfully un-registered JMX Bean with object name Ratis:service=RaftServer,group=group-B61ACD894684,id=e568d23f-199e-48ce-91e4-5c166e2e97cd
2019-09-25 07:05:26,571 [main] INFO  impl.RaftServerImpl (RaftServerImpl.java:lambda$shutdown$3(251)) - 62ec8eb9-3ae9-4136-b70a-2caf3716fa7f@group-3B3F7008FDF5: shutdown
2019-09-25 07:05:26,571 [ForkJoinPool.commonPool-worker-1] INFO  impl.RoleInfo (RoleInfo.java:shutdownFollowerState(121)) - e568d23f-199e-48ce-91e4-5c166e2e97cd: shutdown FollowerState
2019-09-25 07:05:26,572 [main] INFO  util.JmxRegister (JmxRegister.java:unregister(73)) - Successfully un-registered JMX Bean with object name Ratis:service=RaftServer,group=group-3B3F7008FDF5,id=62ec8eb9-3ae9-4136-b70a-2caf3716fa7f
2019-09-25 07:05:26,572 [main] INFO  impl.RoleInfo (RoleInfo.java:shutdownLeaderState(104)) - 62ec8eb9-3ae9-4136-b70a-2caf3716fa7f: shutdown LeaderState
2019-09-25 07:05:26,572 [Thread-1057] INFO  impl.FollowerState (FollowerState.java:run(115)) - e568d23f-199e-48ce-91e4-5c166e2e97cd: FollowerState was interrupted: java.lang.InterruptedException: sleep interrupted
2019-09-25 07:05:26,572 [ForkJoinPool.commonPool-worker-1] INFO  impl.StateMachineUpdater (StateMachineUpdater.java:stopAndJoin(125)) - e568d23f-199e-48ce-91e4-5c166e2e97cd@group-B61ACD894684-StateMachineUpdater: set stopIndex = -1
2019-09-25 07:05:26,573 [main] INFO  impl.PendingRequests (PendingRequests.java:sendNotLeaderResponses(202)) - 62ec8eb9-3ae9-4136-b70a-2caf3716fa7f-PendingRequests: sendNotLeaderResponses
2019-09-25 07:05:26,573 [ForkJoinPool.commonPool-worker-1] INFO  impl.RaftServerImpl (ServerState.java:close(385)) - e568d23f-199e-48ce-91e4-5c166e2e97cd@group-B61ACD894684: closes. applyIndex: -1
2019-09-25 07:05:26,574 [main] INFO  impl.StateMachineUpdater (StateMachineUpdater.java:stopAndJoin(125)) - 62ec8eb9-3ae9-4136-b70a-2caf3716fa7f@group-3B3F7008FDF5-StateMachineUpdater: set stopIndex = 0
2019-09-25 07:05:26,574 [e568d23f-199e-48ce-91e4-5c166e2e97cd@group-B61ACD894684-SegmentedRaftLogWorker] INFO  segmented.SegmentedRaftLogWorker (SegmentedRaftLogWorker.java:run(313)) - e568d23f-199e-48ce-91e4-5c166e2e97cd@group-B61ACD894684-SegmentedRaftLogWorker was interrupted, exiting. There are 0 tasks remaining in the queue.
2019-09-25 07:05:26,574 [main] INFO  impl.RaftServerImpl (ServerState.java:close(385)) - 62ec8eb9-3ae9-4136-b70a-2caf3716fa7f@group-3B3F7008FDF5: closes. applyIndex: 0
2019-09-25 07:05:26,574 [ForkJoinPool.commonPool-worker-1] INFO  segmented.SegmentedRaftLogWorker (SegmentedRaftLogWorker.java:close(228)) - e568d23f-199e-48ce-91e4-5c166e2e97cd@group-B61ACD894684-SegmentedRaftLogWorker close()
2019-09-25 07:05:26,575 [62ec8eb9-3ae9-4136-b70a-2caf3716fa7f@group-3B3F7008FDF5-SegmentedRaftLogWorker] INFO  segmented.SegmentedRaftLogWorker (SegmentedRaftLogWorker.java:run(313)) - 62ec8eb9-3ae9-4136-b70a-2caf3716fa7f@group-3B3F7008FDF5-SegmentedRaftLogWorker was interrupted, exiting. There are 0 tasks remaining in the queue.
2019-09-25 07:05:26,575 [ForkJoinPool.commonPool-worker-1] INFO  impl.RaftServerImpl (RaftServerImpl.java:lambda$shutdown$3(251)) - e568d23f-199e-48ce-91e4-5c166e2e97cd@group-FF017AE769DA: shutdown
2019-09-25 07:05:26,575 [main] INFO  segmented.SegmentedRaftLogWorker (SegmentedRaftLogWorker.java:close(228)) - 62ec8eb9-3ae9-4136-b70a-2caf3716fa7f@group-3B3F7008FDF5-SegmentedRaftLogWorker close()
2019-09-25 07:05:26,575 [ForkJoinPool.commonPool-worker-1] INFO  util.JmxRegister (JmxRegister.java:unregister(73)) - Successfully un-registered JMX Bean with object name Ratis:service=RaftServer,group=group-FF017AE769DA,id=e568d23f-199e-48ce-91e4-5c166e2e97cd
2019-09-25 07:05:26,576 [main] INFO  impl.RaftServerImpl (RaftServerImpl.java:lambda$shutdown$3(251)) - 62ec8eb9-3ae9-4136-b70a-2caf3716fa7f@group-87BF82851029: shutdown
2019-09-25 07:05:26,576 [ForkJoinPool.commonPool-worker-1] INFO  impl.RoleInfo (RoleInfo.java:shutdownLeaderState(104)) - e568d23f-199e-48ce-91e4-5c166e2e97cd: shutdown LeaderState
2019-09-25 07:05:26,576 [main] INFO  util.JmxRegister (JmxRegister.java:unregister(73)) - Successfully un-registered JMX Bean with object name Ratis:service=RaftServer,group=group-87BF82851029,id=62ec8eb9-3ae9-4136-b70a-2caf3716fa7f
2019-09-25 07:05:26,577 [ForkJoinPool.commonPool-worker-1] INFO  impl.PendingRequests (PendingRequests.java:sendNotLeaderResponses(202)) - e568d23f-199e-48ce-91e4-5c166e2e97cd-PendingRequests: sendNotLeaderResponses
2019-09-25 07:05:26,577 [main] INFO  impl.RoleInfo (RoleInfo.java:shutdownLeaderState(104)) - 62ec8eb9-3ae9-4136-b70a-2caf3716fa7f: shutdown LeaderState
2019-09-25 07:05:26,577 [ForkJoinPool.commonPool-worker-1] INFO  impl.StateMachineUpdater (StateMachineUpdater.java:stopAndJoin(125)) - e568d23f-199e-48ce-91e4-5c166e2e97cd@group-FF017AE769DA-StateMachineUpdater: set stopIndex = 0
2019-09-25 07:05:26,578 [main] INFO  impl.PendingRequests (PendingRequests.java:sendNotLeaderResponses(202)) - 62ec8eb9-3ae9-4136-b70a-2caf3716fa7f-PendingRequests: sendNotLeaderResponses
2019-09-25 07:05:26,578 [ForkJoinPool.commonPool-worker-1] INFO  impl.RaftServerImpl (ServerState.java:close(385)) - e568d23f-199e-48ce-91e4-5c166e2e97cd@group-FF017AE769DA: closes. applyIndex: 0
2019-09-25 07:05:26,578 [main] INFO  impl.StateMachineUpdater (StateMachineUpdater.java:stopAndJoin(125)) - 62ec8eb9-3ae9-4136-b70a-2caf3716fa7f@group-87BF82851029-StateMachineUpdater: set stopIndex = 0
2019-09-25 07:05:26,579 [e568d23f-199e-48ce-91e4-5c166e2e97cd@group-FF017AE769DA-SegmentedRaftLogWorker] INFO  segmented.SegmentedRaftLogWorker (SegmentedRaftLogWorker.java:run(313)) - e568d23f-199e-48ce-91e4-5c166e2e97cd@group-FF017AE769DA-SegmentedRaftLogWorker was interrupted, exiting. There are 0 tasks remaining in the queue.
2019-09-25 07:05:26,579 [main] INFO  impl.RaftServerImpl (ServerState.java:close(385)) - 62ec8eb9-3ae9-4136-b70a-2caf3716fa7f@group-87BF82851029: closes. applyIndex: 0
2019-09-25 07:05:26,579 [ForkJoinPool.commonPool-worker-1] INFO  segmented.SegmentedRaftLogWorker (SegmentedRaftLogWorker.java:close(228)) - e568d23f-199e-48ce-91e4-5c166e2e97cd@group-FF017AE769DA-SegmentedRaftLogWorker close()
2019-09-25 07:05:26,580 [62ec8eb9-3ae9-4136-b70a-2caf3716fa7f@group-87BF82851029-SegmentedRaftLogWorker] INFO  segmented.SegmentedRaftLogWorker (SegmentedRaftLogWorker.java:run(313)) - 62ec8eb9-3ae9-4136-b70a-2caf3716fa7f@group-87BF82851029-SegmentedRaftLogWorker was interrupted, exiting. There are 0 tasks remaining in the queue.
2019-09-25 07:05:26,580 [ForkJoinPool.commonPool-worker-1] INFO  impl.RaftServerImpl (RaftServerImpl.java:lambda$shutdown$3(251)) - e568d23f-199e-48ce-91e4-5c166e2e97cd@group-B3C7E0299CFE: shutdown
2019-09-25 07:05:26,580 [main] INFO  segmented.SegmentedRaftLogWorker (SegmentedRaftLogWorker.java:close(228)) - 62ec8eb9-3ae9-4136-b70a-2caf3716fa7f@group-87BF82851029-SegmentedRaftLogWorker close()
2019-09-25 07:05:26,580 [ForkJoinPool.commonPool-worker-1] INFO  util.JmxRegister (JmxRegister.java:unregister(73)) - Successfully un-registered JMX Bean with object name Ratis:service=RaftServer,group=group-B3C7E0299CFE,id=e568d23f-199e-48ce-91e4-5c166e2e97cd
2019-09-25 07:05:26,580 [main] INFO  impl.RaftServerImpl (RaftServerImpl.java:lambda$shutdown$3(251)) - 62ec8eb9-3ae9-4136-b70a-2caf3716fa7f@group-7DB33377CFC2: shutdown
2019-09-25 07:05:26,581 [ForkJoinPool.commonPool-worker-1] INFO  impl.RoleInfo (RoleInfo.java:shutdownFollowerState(121)) - e568d23f-199e-48ce-91e4-5c166e2e97cd: shutdown FollowerState
2019-09-25 07:05:26,581 [main] INFO  util.JmxRegister (JmxRegister.java:unregister(73)) - Successfully un-registered JMX Bean with object name Ratis:service=RaftServer,group=group-7DB33377CFC2,id=62ec8eb9-3ae9-4136-b70a-2caf3716fa7f
2019-09-25 07:05:26,581 [Thread-1162] INFO  impl.FollowerState (FollowerState.java:run(115)) - e568d23f-199e-48ce-91e4-5c166e2e97cd: FollowerState was interrupted: java.lang.InterruptedException: sleep interrupted
2019-09-25 07:05:26,581 [ForkJoinPool.commonPool-worker-1] INFO  impl.StateMachineUpdater (StateMachineUpdater.java:stopAndJoin(125)) - e568d23f-199e-48ce-91e4-5c166e2e97cd@group-B3C7E0299CFE-StateMachineUpdater: set stopIndex = -1
2019-09-25 07:05:26,581 [main] INFO  impl.RoleInfo (RoleInfo.java:shutdownLeaderState(104)) - 62ec8eb9-3ae9-4136-b70a-2caf3716fa7f: shutdown LeaderState
2019-09-25 07:05:26,582 [ForkJoinPool.commonPool-worker-1] INFO  impl.RaftServerImpl (ServerState.java:close(385)) - e568d23f-199e-48ce-91e4-5c166e2e97cd@group-B3C7E0299CFE: closes. applyIndex: -1
2019-09-25 07:05:26,582 [main] INFO  impl.PendingRequests (PendingRequests.java:sendNotLeaderResponses(202)) - 62ec8eb9-3ae9-4136-b70a-2caf3716fa7f-PendingRequests: sendNotLeaderResponses
2019-09-25 07:05:26,583 [e568d23f-199e-48ce-91e4-5c166e2e97cd@group-B3C7E0299CFE-SegmentedRaftLogWorker] INFO  segmented.SegmentedRaftLogWorker (SegmentedRaftLogWorker.java:run(313)) - e568d23f-199e-48ce-91e4-5c166e2e97cd@group-B3C7E0299CFE-SegmentedRaftLogWorker was interrupted, exiting. There are 0 tasks remaining in the queue.
2019-09-25 07:05:26,583 [main] INFO  impl.StateMachineUpdater (StateMachineUpdater.java:stopAndJoin(125)) - 62ec8eb9-3ae9-4136-b70a-2caf3716fa7f@group-7DB33377CFC2-StateMachineUpdater: set stopIndex = 0
2019-09-25 07:05:26,583 [main] INFO  impl.RaftServerImpl (ServerState.java:close(385)) - 62ec8eb9-3ae9-4136-b70a-2caf3716fa7f@group-7DB33377CFC2: closes. applyIndex: 0
2019-09-25 07:05:26,583 [ForkJoinPool.commonPool-worker-1] INFO  segmented.SegmentedRaftLogWorker (SegmentedRaftLogWorker.java:close(228)) - e568d23f-199e-48ce-91e4-5c166e2e97cd@group-B3C7E0299CFE-SegmentedRaftLogWorker close()
2019-09-25 07:05:26,584 [ForkJoinPool.commonPool-worker-1] INFO  impl.RaftServerImpl (RaftServerImpl.java:lambda$shutdown$3(251)) - e568d23f-199e-48ce-91e4-5c166e2e97cd@group-4ED6F864A095: shutdown
2019-09-25 07:05:26,584 [62ec8eb9-3ae9-4136-b70a-2caf3716fa7f@group-7DB33377CFC2-SegmentedRaftLogWorker] INFO  segmented.SegmentedRaftLogWorker (SegmentedRaftLogWorker.java:run(313)) - 62ec8eb9-3ae9-4136-b70a-2caf3716fa7f@group-7DB33377CFC2-SegmentedRaftLogWorker was interrupted, exiting. There are 0 tasks remaining in the queue.
2019-09-25 07:05:26,584 [ForkJoinPool.commonPool-worker-1] INFO  util.JmxRegister (JmxRegister.java:unregister(73)) - Successfully un-registered JMX Bean with object name Ratis:service=RaftServer,group=group-4ED6F864A095,id=e568d23f-199e-48ce-91e4-5c166e2e97cd
2019-09-25 07:05:26,584 [main] INFO  segmented.SegmentedRaftLogWorker (SegmentedRaftLogWorker.java:close(228)) - 62ec8eb9-3ae9-4136-b70a-2caf3716fa7f@group-7DB33377CFC2-SegmentedRaftLogWorker close()
2019-09-25 07:05:26,584 [ForkJoinPool.commonPool-worker-1] INFO  impl.RoleInfo (RoleInfo.java:shutdownLeaderState(104)) - e568d23f-199e-48ce-91e4-5c166e2e97cd: shutdown LeaderState
2019-09-25 07:05:26,585 [main] INFO  impl.RaftServerImpl (RaftServerImpl.java:lambda$shutdown$3(251)) - 62ec8eb9-3ae9-4136-b70a-2caf3716fa7f@group-A8CA819BC8FC: shutdown
2019-09-25 07:05:26,585 [ForkJoinPool.commonPool-worker-1] INFO  impl.PendingRequests (PendingRequests.java:sendNotLeaderResponses(202)) - e568d23f-199e-48ce-91e4-5c166e2e97cd-PendingRequests: sendNotLeaderResponses
2019-09-25 07:05:26,585 [main] INFO  util.JmxRegister (JmxRegister.java:unregister(73)) - Successfully un-registered JMX Bean with object name Ratis:service=RaftServer,group=group-A8CA819BC8FC,id=62ec8eb9-3ae9-4136-b70a-2caf3716fa7f
2019-09-25 07:05:26,586 [ForkJoinPool.commonPool-worker-1] INFO  impl.StateMachineUpdater (StateMachineUpdater.java:stopAndJoin(125)) - e568d23f-199e-48ce-91e4-5c166e2e97cd@group-4ED6F864A095-StateMachineUpdater: set stopIndex = 0
2019-09-25 07:05:26,586 [main] INFO  impl.RoleInfo (RoleInfo.java:shutdownLeaderState(104)) - 62ec8eb9-3ae9-4136-b70a-2caf3716fa7f: shutdown LeaderState
2019-09-25 07:05:26,586 [ForkJoinPool.commonPool-worker-1] INFO  impl.RaftServerImpl (ServerState.java:close(385)) - e568d23f-199e-48ce-91e4-5c166e2e97cd@group-4ED6F864A095: closes. applyIndex: 0
2019-09-25 07:05:26,586 [main] INFO  impl.PendingRequests (PendingRequests.java:sendNotLeaderResponses(202)) - 62ec8eb9-3ae9-4136-b70a-2caf3716fa7f-PendingRequests: sendNotLeaderResponses
2019-09-25 07:05:26,587 [e568d23f-199e-48ce-91e4-5c166e2e97cd@group-4ED6F864A095-SegmentedRaftLogWorker] INFO  segmented.SegmentedRaftLogWorker (SegmentedRaftLogWorker.java:run(313)) - e568d23f-199e-48ce-91e4-5c166e2e97cd@group-4ED6F864A095-SegmentedRaftLogWorker was interrupted, exiting. There are 0 tasks remaining in the queue.
2019-09-25 07:05:26,587 [main] INFO  impl.StateMachineUpdater (StateMachineUpdater.java:stopAndJoin(125)) - 62ec8eb9-3ae9-4136-b70a-2caf3716fa7f@group-A8CA819BC8FC-StateMachineUpdater: set stopIndex = 0
2019-09-25 07:05:26,587 [ForkJoinPool.commonPool-worker-1] INFO  segmented.SegmentedRaftLogWorker (SegmentedRaftLogWorker.java:close(228)) - e568d23f-199e-48ce-91e4-5c166e2e97cd@group-4ED6F864A095-SegmentedRaftLogWorker close()
2019-09-25 07:05:26,587 [main] INFO  impl.RaftServerImpl (ServerState.java:close(385)) - 62ec8eb9-3ae9-4136-b70a-2caf3716fa7f@group-A8CA819BC8FC: closes. applyIndex: 0
2019-09-25 07:05:26,588 [ForkJoinPool.commonPool-worker-1] INFO  impl.RaftServerImpl (RaftServerImpl.java:lambda$shutdown$3(251)) - e568d23f-199e-48ce-91e4-5c166e2e97cd@group-5E7E48703C4C: shutdown
2019-09-25 07:05:26,588 [62ec8eb9-3ae9-4136-b70a-2caf3716fa7f@group-A8CA819BC8FC-SegmentedRaftLogWorker] INFO  segmented.SegmentedRaftLogWorker (SegmentedRaftLogWorker.java:run(313)) - 62ec8eb9-3ae9-4136-b70a-2caf3716fa7f@group-A8CA819BC8FC-SegmentedRaftLogWorker was interrupted, exiting. There are 0 tasks remaining in the queue.
2019-09-25 07:05:26,588 [ForkJoinPool.commonPool-worker-1] INFO  util.JmxRegister (JmxRegister.java:unregister(73)) - Successfully un-registered JMX Bean with object name Ratis:service=RaftServer,group=group-5E7E48703C4C,id=e568d23f-199e-48ce-91e4-5c166e2e97cd
2019-09-25 07:05:26,588 [main] INFO  segmented.SegmentedRaftLogWorker (SegmentedRaftLogWorker.java:close(228)) - 62ec8eb9-3ae9-4136-b70a-2caf3716fa7f@group-A8CA819BC8FC-SegmentedRaftLogWorker close()
2019-09-25 07:05:26,588 [ForkJoinPool.commonPool-worker-1] INFO  impl.RoleInfo (RoleInfo.java:shutdownFollowerState(121)) - e568d23f-199e-48ce-91e4-5c166e2e97cd: shutdown FollowerState
2019-09-25 07:05:26,589 [main] INFO  impl.RaftServerImpl (RaftServerImpl.java:lambda$shutdown$3(251)) - 62ec8eb9-3ae9-4136-b70a-2caf3716fa7f@group-0595E3A89E84: shutdown
2019-09-25 07:05:26,589 [Thread-1171] INFO  impl.FollowerState (FollowerState.java:run(115)) - e568d23f-199e-48ce-91e4-5c166e2e97cd: FollowerState was interrupted: java.lang.InterruptedException: sleep interrupted
2019-09-25 07:05:26,589 [ForkJoinPool.commonPool-worker-1] INFO  impl.StateMachineUpdater (StateMachineUpdater.java:stopAndJoin(125)) - e568d23f-199e-48ce-91e4-5c166e2e97cd@group-5E7E48703C4C-StateMachineUpdater: set stopIndex = -1
2019-09-25 07:05:26,589 [main] INFO  util.JmxRegister (JmxRegister.java:unregister(73)) - Successfully un-registered JMX Bean with object name Ratis:service=RaftServer,group=group-0595E3A89E84,id=62ec8eb9-3ae9-4136-b70a-2caf3716fa7f
2019-09-25 07:05:26,590 [ForkJoinPool.commonPool-worker-1] INFO  impl.RaftServerImpl (ServerState.java:close(385)) - e568d23f-199e-48ce-91e4-5c166e2e97cd@group-5E7E48703C4C: closes. applyIndex: -1
2019-09-25 07:05:26,590 [main] INFO  impl.RoleInfo (RoleInfo.java:shutdownFollowerState(121)) - 62ec8eb9-3ae9-4136-b70a-2caf3716fa7f: shutdown FollowerState
2019-09-25 07:05:26,590 [e568d23f-199e-48ce-91e4-5c166e2e97cd@group-5E7E48703C4C-SegmentedRaftLogWorker] INFO  segmented.SegmentedRaftLogWorker (SegmentedRaftLogWorker.java:run(313)) - e568d23f-199e-48ce-91e4-5c166e2e97cd@group-5E7E48703C4C-SegmentedRaftLogWorker was interrupted, exiting. There are 0 tasks remaining in the queue.
2019-09-25 07:05:26,591 [main] INFO  impl.StateMachineUpdater (StateMachineUpdater.java:stopAndJoin(125)) - 62ec8eb9-3ae9-4136-b70a-2caf3716fa7f@group-0595E3A89E84-StateMachineUpdater: set stopIndex = -1
2019-09-25 07:05:26,591 [main] INFO  impl.RaftServerImpl (ServerState.java:close(385)) - 62ec8eb9-3ae9-4136-b70a-2caf3716fa7f@group-0595E3A89E84: closes. applyIndex: -1
2019-09-25 07:05:26,591 [Thread-1153] INFO  impl.FollowerState (FollowerState.java:run(115)) - 62ec8eb9-3ae9-4136-b70a-2caf3716fa7f: FollowerState was interrupted: java.lang.InterruptedException: sleep interrupted
2019-09-25 07:05:26,591 [ForkJoinPool.commonPool-worker-1] INFO  segmented.SegmentedRaftLogWorker (SegmentedRaftLogWorker.java:close(228)) - e568d23f-199e-48ce-91e4-5c166e2e97cd@group-5E7E48703C4C-SegmentedRaftLogWorker close()
2019-09-25 07:05:26,591 [62ec8eb9-3ae9-4136-b70a-2caf3716fa7f@group-0595E3A89E84-SegmentedRaftLogWorker] INFO  segmented.SegmentedRaftLogWorker (SegmentedRaftLogWorker.java:run(313)) - 62ec8eb9-3ae9-4136-b70a-2caf3716fa7f@group-0595E3A89E84-SegmentedRaftLogWorker was interrupted, exiting. There are 0 tasks remaining in the queue.
2019-09-25 07:05:26,592 [ForkJoinPool.commonPool-worker-1] INFO  impl.RaftServerImpl (RaftServerImpl.java:lambda$shutdown$3(251)) - e568d23f-199e-48ce-91e4-5c166e2e97cd@group-0F87A737B7E2: shutdown
2019-09-25 07:05:26,592 [main] INFO  segmented.SegmentedRaftLogWorker (SegmentedRaftLogWorker.java:close(228)) - 62ec8eb9-3ae9-4136-b70a-2caf3716fa7f@group-0595E3A89E84-SegmentedRaftLogWorker close()
2019-09-25 07:05:26,592 [ForkJoinPool.commonPool-worker-1] INFO  util.JmxRegister (JmxRegister.java:unregister(73)) - Successfully un-registered JMX Bean with object name Ratis:service=RaftServer,group=group-0F87A737B7E2,id=e568d23f-199e-48ce-91e4-5c166e2e97cd
2019-09-25 07:05:26,592 [main] INFO  impl.RaftServerImpl (RaftServerImpl.java:lambda$shutdown$3(251)) - 62ec8eb9-3ae9-4136-b70a-2caf3716fa7f@group-2BEA26FB643A: shutdown
2019-09-25 07:05:26,592 [ForkJoinPool.commonPool-worker-1] INFO  impl.RoleInfo (RoleInfo.java:shutdownFollowerState(121)) - e568d23f-199e-48ce-91e4-5c166e2e97cd: shutdown FollowerState
2019-09-25 07:05:26,593 [main] INFO  util.JmxRegister (JmxRegister.java:unregister(73)) - Successfully un-registered JMX Bean with object name Ratis:service=RaftServer,group=group-2BEA26FB643A,id=62ec8eb9-3ae9-4136-b70a-2caf3716fa7f
2019-09-25 07:05:26,593 [Thread-1135] INFO  impl.FollowerState (FollowerState.java:run(115)) - e568d23f-199e-48ce-91e4-5c166e2e97cd: FollowerState was interrupted: java.lang.InterruptedException: sleep interrupted
2019-09-25 07:05:26,593 [ForkJoinPool.commonPool-worker-1] INFO  impl.StateMachineUpdater (StateMachineUpdater.java:stopAndJoin(125)) - e568d23f-199e-48ce-91e4-5c166e2e97cd@group-0F87A737B7E2-StateMachineUpdater: set stopIndex = -1
2019-09-25 07:05:26,593 [main] INFO  impl.RoleInfo (RoleInfo.java:shutdownLeaderState(104)) - 62ec8eb9-3ae9-4136-b70a-2caf3716fa7f: shutdown LeaderState
2019-09-25 07:05:26,594 [ForkJoinPool.commonPool-worker-1] INFO  impl.RaftServerImpl (ServerState.java:close(385)) - e568d23f-199e-48ce-91e4-5c166e2e97cd@group-0F87A737B7E2: closes. applyIndex: -1
2019-09-25 07:05:26,594 [main] INFO  impl.PendingRequests (PendingRequests.java:sendNotLeaderResponses(202)) - 62ec8eb9-3ae9-4136-b70a-2caf3716fa7f-PendingRequests: sendNotLeaderResponses
2019-09-25 07:05:26,594 [e568d23f-199e-48ce-91e4-5c166e2e97cd@group-0F87A737B7E2-SegmentedRaftLogWorker] INFO  segmented.SegmentedRaftLogWorker (SegmentedRaftLogWorker.java:run(313)) - e568d23f-199e-48ce-91e4-5c166e2e97cd@group-0F87A737B7E2-SegmentedRaftLogWorker was interrupted, exiting. There are 0 tasks remaining in the queue.
2019-09-25 07:05:26,594 [main] INFO  impl.StateMachineUpdater (StateMachineUpdater.java:stopAndJoin(125)) - 62ec8eb9-3ae9-4136-b70a-2caf3716fa7f@group-2BEA26FB643A-StateMachineUpdater: set stopIndex = 0
2019-09-25 07:05:26,595 [ForkJoinPool.commonPool-worker-1] INFO  segmented.SegmentedRaftLogWorker (SegmentedRaftLogWorker.java:close(228)) - e568d23f-199e-48ce-91e4-5c166e2e97cd@group-0F87A737B7E2-SegmentedRaftLogWorker close()
2019-09-25 07:05:26,595 [main] INFO  impl.RaftServerImpl (ServerState.java:close(385)) - 62ec8eb9-3ae9-4136-b70a-2caf3716fa7f@group-2BEA26FB643A: closes. applyIndex: 0
2019-09-25 07:05:26,595 [ForkJoinPool.commonPool-worker-1] INFO  impl.RaftServerImpl (RaftServerImpl.java:lambda$shutdown$3(251)) - e568d23f-199e-48ce-91e4-5c166e2e97cd@group-763CACC7ED60: shutdown
2019-09-25 07:05:26,596 [62ec8eb9-3ae9-4136-b70a-2caf3716fa7f@group-2BEA26FB643A-SegmentedRaftLogWorker] INFO  segmented.SegmentedRaftLogWorker (SegmentedRaftLogWorker.java:run(313)) - 62ec8eb9-3ae9-4136-b70a-2caf3716fa7f@group-2BEA26FB643A-SegmentedRaftLogWorker was interrupted, exiting. There are 0 tasks remaining in the queue.
2019-09-25 07:05:26,596 [ForkJoinPool.commonPool-worker-1] INFO  util.JmxRegister (JmxRegister.java:unregister(73)) - Successfully un-registered JMX Bean with object name Ratis:service=RaftServer,group=group-763CACC7ED60,id=e568d23f-199e-48ce-91e4-5c166e2e97cd
2019-09-25 07:05:26,596 [main] INFO  segmented.SegmentedRaftLogWorker (SegmentedRaftLogWorker.java:close(228)) - 62ec8eb9-3ae9-4136-b70a-2caf3716fa7f@group-2BEA26FB643A-SegmentedRaftLogWorker close()
2019-09-25 07:05:26,596 [ForkJoinPool.commonPool-worker-1] INFO  impl.RoleInfo (RoleInfo.java:shutdownLeaderState(104)) - e568d23f-199e-48ce-91e4-5c166e2e97cd: shutdown LeaderState
2019-09-25 07:05:26,596 [main] INFO  impl.RaftServerImpl (RaftServerImpl.java:lambda$shutdown$3(251)) - 62ec8eb9-3ae9-4136-b70a-2caf3716fa7f@group-239C49794E4E: shutdown
2019-09-25 07:05:26,597 [ForkJoinPool.commonPool-worker-1] INFO  impl.PendingRequests (PendingRequests.java:sendNotLeaderResponses(202)) - e568d23f-199e-48ce-91e4-5c166e2e97cd-PendingRequests: sendNotLeaderResponses
2019-09-25 07:05:26,597 [main] INFO  util.JmxRegister (JmxRegister.java:unregister(73)) - Successfully un-registered JMX Bean with object name Ratis:service=RaftServer,group=group-239C49794E4E,id=62ec8eb9-3ae9-4136-b70a-2caf3716fa7f
2019-09-25 07:05:26,597 [ForkJoinPool.commonPool-worker-1] INFO  impl.StateMachineUpdater (StateMachineUpdater.java:stopAndJoin(125)) - e568d23f-199e-48ce-91e4-5c166e2e97cd@group-763CACC7ED60-StateMachineUpdater: set stopIndex = 0
2019-09-25 07:05:26,598 [main] INFO  impl.RoleInfo (RoleInfo.java:shutdownFollowerState(121)) - 62ec8eb9-3ae9-4136-b70a-2caf3716fa7f: shutdown FollowerState
2019-09-25 07:05:26,598 [ForkJoinPool.commonPool-worker-1] INFO  impl.RaftServerImpl (ServerState.java:close(385)) - e568d23f-199e-48ce-91e4-5c166e2e97cd@group-763CACC7ED60: closes. applyIndex: 0
2019-09-25 07:05:26,598 [Thread-1240] INFO  impl.FollowerState (FollowerState.java:run(115)) - 62ec8eb9-3ae9-4136-b70a-2caf3716fa7f: FollowerState was interrupted: java.lang.InterruptedException: sleep interrupted
2019-09-25 07:05:26,598 [main] INFO  impl.StateMachineUpdater (StateMachineUpdater.java:stopAndJoin(125)) - 62ec8eb9-3ae9-4136-b70a-2caf3716fa7f@group-239C49794E4E-StateMachineUpdater: set stopIndex = -1
2019-09-25 07:05:26,599 [e568d23f-199e-48ce-91e4-5c166e2e97cd@group-763CACC7ED60-SegmentedRaftLogWorker] INFO  segmented.SegmentedRaftLogWorker (SegmentedRaftLogWorker.java:run(313)) - e568d23f-199e-48ce-91e4-5c166e2e97cd@group-763CACC7ED60-SegmentedRaftLogWorker was interrupted, exiting. There are 0 tasks remaining in the queue.
2019-09-25 07:05:26,599 [main] INFO  impl.RaftServerImpl (ServerState.java:close(385)) - 62ec8eb9-3ae9-4136-b70a-2caf3716fa7f@group-239C49794E4E: closes. applyIndex: -1
2019-09-25 07:05:26,599 [ForkJoinPool.commonPool-worker-1] INFO  segmented.SegmentedRaftLogWorker (SegmentedRaftLogWorker.java:close(228)) - e568d23f-199e-48ce-91e4-5c166e2e97cd@group-763CACC7ED60-SegmentedRaftLogWorker close()
2019-09-25 07:05:26,599 [62ec8eb9-3ae9-4136-b70a-2caf3716fa7f@group-239C49794E4E-SegmentedRaftLogWorker] INFO  segmented.SegmentedRaftLogWorker (SegmentedRaftLogWorker.java:run(313)) - 62ec8eb9-3ae9-4136-b70a-2caf3716fa7f@group-239C49794E4E-SegmentedRaftLogWorker was interrupted, exiting. There are 0 tasks remaining in the queue.
2019-09-25 07:05:26,600 [ForkJoinPool.commonPool-worker-1] INFO  impl.RaftServerImpl (RaftServerImpl.java:lambda$shutdown$3(251)) - e568d23f-199e-48ce-91e4-5c166e2e97cd@group-7BC5B9B6B724: shutdown
2019-09-25 07:05:26,600 [main] INFO  segmented.SegmentedRaftLogWorker (SegmentedRaftLogWorker.java:close(228)) - 62ec8eb9-3ae9-4136-b70a-2caf3716fa7f@group-239C49794E4E-SegmentedRaftLogWorker close()
2019-09-25 07:05:26,600 [ForkJoinPool.commonPool-worker-1] INFO  util.JmxRegister (JmxRegister.java:unregister(73)) - Successfully un-registered JMX Bean with object name Ratis:service=RaftServer,group=group-7BC5B9B6B724,id=e568d23f-199e-48ce-91e4-5c166e2e97cd
2019-09-25 07:05:26,600 [main] INFO  impl.RaftServerImpl (RaftServerImpl.java:lambda$shutdown$3(251)) - 62ec8eb9-3ae9-4136-b70a-2caf3716fa7f@group-57D0EFD4A52E: shutdown
2019-09-25 07:05:26,600 [ForkJoinPool.commonPool-worker-1] INFO  impl.RoleInfo (RoleInfo.java:shutdownFollowerState(121)) - e568d23f-199e-48ce-91e4-5c166e2e97cd: shutdown FollowerState
2019-09-25 07:05:26,601 [main] INFO  util.JmxRegister (JmxRegister.java:unregister(73)) - Successfully un-registered JMX Bean with object name Ratis:service=RaftServer,group=group-57D0EFD4A52E,id=62ec8eb9-3ae9-4136-b70a-2caf3716fa7f
2019-09-25 07:05:26,601 [Thread-1111] INFO  impl.FollowerState (FollowerState.java:run(115)) - e568d23f-199e-48ce-91e4-5c166e2e97cd: FollowerState was interrupted: java.lang.InterruptedException: sleep interrupted
2019-09-25 07:05:26,601 [ForkJoinPool.commonPool-worker-1] INFO  impl.StateMachineUpdater (StateMachineUpdater.java:stopAndJoin(125)) - e568d23f-199e-48ce-91e4-5c166e2e97cd@group-7BC5B9B6B724-StateMachineUpdater: set stopIndex = -1
2019-09-25 07:05:26,602 [ForkJoinPool.commonPool-worker-1] INFO  impl.RaftServerImpl (ServerState.java:close(385)) - e568d23f-199e-48ce-91e4-5c166e2e97cd@group-7BC5B9B6B724: closes. applyIndex: -1
2019-09-25 07:05:26,601 [main] INFO  impl.RoleInfo (RoleInfo.java:shutdownFollowerState(121)) - 62ec8eb9-3ae9-4136-b70a-2caf3716fa7f: shutdown FollowerState
2019-09-25 07:05:26,602 [e568d23f-199e-48ce-91e4-5c166e2e97cd@group-7BC5B9B6B724-SegmentedRaftLogWorker] INFO  segmented.SegmentedRaftLogWorker (SegmentedRaftLogWorker.java:run(313)) - e568d23f-199e-48ce-91e4-5c166e2e97cd@group-7BC5B9B6B724-SegmentedRaftLogWorker was interrupted, exiting. There are 0 tasks remaining in the queue.
2019-09-25 07:05:26,602 [main] INFO  impl.StateMachineUpdater (StateMachineUpdater.java:stopAndJoin(125)) - 62ec8eb9-3ae9-4136-b70a-2caf3716fa7f@group-57D0EFD4A52E-StateMachineUpdater: set stopIndex = -1
2019-09-25 07:05:26,603 [main] INFO  impl.RaftServerImpl (ServerState.java:close(385)) - 62ec8eb9-3ae9-4136-b70a-2caf3716fa7f@group-57D0EFD4A52E: closes. applyIndex: -1
2019-09-25 07:05:26,603 [ForkJoinPool.commonPool-worker-1] INFO  segmented.SegmentedRaftLogWorker (SegmentedRaftLogWorker.java:close(228)) - e568d23f-199e-48ce-91e4-5c166e2e97cd@group-7BC5B9B6B724-SegmentedRaftLogWorker close()
2019-09-25 07:05:26,603 [Thread-1255] INFO  impl.FollowerState (FollowerState.java:run(115)) - 62ec8eb9-3ae9-4136-b70a-2caf3716fa7f: FollowerState was interrupted: java.lang.InterruptedException: sleep interrupted
2019-09-25 07:05:26,603 [ForkJoinPool.commonPool-worker-1] INFO  impl.RaftServerImpl (RaftServerImpl.java:lambda$shutdown$3(251)) - e568d23f-199e-48ce-91e4-5c166e2e97cd@group-A7DC699CA744: shutdown
2019-09-25 07:05:26,603 [62ec8eb9-3ae9-4136-b70a-2caf3716fa7f@group-57D0EFD4A52E-SegmentedRaftLogWorker] INFO  segmented.SegmentedRaftLogWorker (SegmentedRaftLogWorker.java:run(313)) - 62ec8eb9-3ae9-4136-b70a-2caf3716fa7f@group-57D0EFD4A52E-SegmentedRaftLogWorker was interrupted, exiting. There are 0 tasks remaining in the queue.
2019-09-25 07:05:26,604 [ForkJoinPool.commonPool-worker-1] INFO  util.JmxRegister (JmxRegister.java:unregister(73)) - Successfully un-registered JMX Bean with object name Ratis:service=RaftServer,group=group-A7DC699CA744,id=e568d23f-199e-48ce-91e4-5c166e2e97cd
2019-09-25 07:05:26,604 [main] INFO  segmented.SegmentedRaftLogWorker (SegmentedRaftLogWorker.java:close(228)) - 62ec8eb9-3ae9-4136-b70a-2caf3716fa7f@group-57D0EFD4A52E-SegmentedRaftLogWorker close()
2019-09-25 07:05:26,604 [ForkJoinPool.commonPool-worker-1] INFO  impl.RoleInfo (RoleInfo.java:shutdownFollowerState(121)) - e568d23f-199e-48ce-91e4-5c166e2e97cd: shutdown FollowerState
2019-09-25 07:05:26,605 [main] INFO  impl.RaftServerImpl (RaftServerImpl.java:lambda$shutdown$3(251)) - 62ec8eb9-3ae9-4136-b70a-2caf3716fa7f@group-246766C8E8C8: shutdown
2019-09-25 07:05:26,605 [Thread-1093] INFO  impl.FollowerState (FollowerState.java:run(115)) - e568d23f-199e-48ce-91e4-5c166e2e97cd: FollowerState was interrupted: java.lang.InterruptedException: sleep interrupted
2019-09-25 07:05:26,605 [ForkJoinPool.commonPool-worker-1] INFO  impl.StateMachineUpdater (StateMachineUpdater.java:stopAndJoin(125)) - e568d23f-199e-48ce-91e4-5c166e2e97cd@group-A7DC699CA744-StateMachineUpdater: set stopIndex = -1
2019-09-25 07:05:26,605 [main] INFO  util.JmxRegister (JmxRegister.java:unregister(73)) - Successfully un-registered JMX Bean with object name Ratis:service=RaftServer,group=group-246766C8E8C8,id=62ec8eb9-3ae9-4136-b70a-2caf3716fa7f
2019-09-25 07:05:26,606 [ForkJoinPool.commonPool-worker-1] INFO  impl.RaftServerImpl (ServerState.java:close(385)) - e568d23f-199e-48ce-91e4-5c166e2e97cd@group-A7DC699CA744: closes. applyIndex: -1
2019-09-25 07:05:26,606 [main] INFO  impl.RoleInfo (RoleInfo.java:shutdownLeaderState(104)) - 62ec8eb9-3ae9-4136-b70a-2caf3716fa7f: shutdown LeaderState
2019-09-25 07:05:26,606 [e568d23f-199e-48ce-91e4-5c166e2e97cd@group-A7DC699CA744-SegmentedRaftLogWorker] INFO  segmented.SegmentedRaftLogWorker (SegmentedRaftLogWorker.java:run(313)) - e568d23f-199e-48ce-91e4-5c166e2e97cd@group-A7DC699CA744-SegmentedRaftLogWorker was interrupted, exiting. There are 0 tasks remaining in the queue.
2019-09-25 07:05:26,606 [main] INFO  impl.PendingRequests (PendingRequests.java:sendNotLeaderResponses(202)) - 62ec8eb9-3ae9-4136-b70a-2caf3716fa7f-PendingRequests: sendNotLeaderResponses
2019-09-25 07:05:26,607 [ForkJoinPool.commonPool-worker-1] INFO  segmented.SegmentedRaftLogWorker (SegmentedRaftLogWorker.java:close(228)) - e568d23f-199e-48ce-91e4-5c166e2e97cd@group-A7DC699CA744-SegmentedRaftLogWorker close()
2019-09-25 07:05:26,607 [main] INFO  impl.StateMachineUpdater (StateMachineUpdater.java:stopAndJoin(125)) - 62ec8eb9-3ae9-4136-b70a-2caf3716fa7f@group-246766C8E8C8-StateMachineUpdater: set stopIndex = 0
2019-09-25 07:05:26,608 [main] INFO  impl.RaftServerImpl (ServerState.java:close(385)) - 62ec8eb9-3ae9-4136-b70a-2caf3716fa7f@group-246766C8E8C8: closes. applyIndex: 0
2019-09-25 07:05:26,607 [ForkJoinPool.commonPool-worker-1] INFO  impl.RaftServerImpl (RaftServerImpl.java:lambda$shutdown$3(251)) - e568d23f-199e-48ce-91e4-5c166e2e97cd@group-14C4AC4DB809: shutdown
2019-09-25 07:05:26,608 [62ec8eb9-3ae9-4136-b70a-2caf3716fa7f@group-246766C8E8C8-SegmentedRaftLogWorker] INFO  segmented.SegmentedRaftLogWorker (SegmentedRaftLogWorker.java:run(313)) - 62ec8eb9-3ae9-4136-b70a-2caf3716fa7f@group-246766C8E8C8-SegmentedRaftLogWorker was interrupted, exiting. There are 0 tasks remaining in the queue.
2019-09-25 07:05:26,608 [ForkJoinPool.commonPool-worker-1] INFO  util.JmxRegister (JmxRegister.java:unregister(73)) - Successfully un-registered JMX Bean with object name Ratis:service=RaftServer,group=group-14C4AC4DB809,id=e568d23f-199e-48ce-91e4-5c166e2e97cd
2019-09-25 07:05:26,608 [main] INFO  segmented.SegmentedRaftLogWorker (SegmentedRaftLogWorker.java:close(228)) - 62ec8eb9-3ae9-4136-b70a-2caf3716fa7f@group-246766C8E8C8-SegmentedRaftLogWorker close()
2019-09-25 07:05:26,609 [ForkJoinPool.commonPool-worker-1] INFO  impl.RoleInfo (RoleInfo.java:shutdownLeaderState(104)) - e568d23f-199e-48ce-91e4-5c166e2e97cd: shutdown LeaderState
2019-09-25 07:05:26,609 [main] INFO  impl.RaftServerImpl (RaftServerImpl.java:lambda$shutdown$3(251)) - 62ec8eb9-3ae9-4136-b70a-2caf3716fa7f@group-D2C29492D890: shutdown
2019-09-25 07:05:26,609 [ForkJoinPool.commonPool-worker-1] INFO  impl.PendingRequests (PendingRequests.java:sendNotLeaderResponses(202)) - e568d23f-199e-48ce-91e4-5c166e2e97cd-PendingRequests: sendNotLeaderResponses
2019-09-25 07:05:26,610 [main] INFO  util.JmxRegister (JmxRegister.java:unregister(73)) - Successfully un-registered JMX Bean with object name Ratis:service=RaftServer,group=group-D2C29492D890,id=62ec8eb9-3ae9-4136-b70a-2caf3716fa7f
2019-09-25 07:05:26,610 [main] INFO  impl.RoleInfo (RoleInfo.java:shutdownLeaderState(104)) - 62ec8eb9-3ae9-4136-b70a-2caf3716fa7f: shutdown LeaderState
2019-09-25 07:05:26,611 [Thread-1096] INFO  impl.FollowerState (FollowerState.java:run(106)) - 24bf2945-a329-4da6-aaf2-23ecd8d462c6:group-FF8F6BC58C11 changes to CANDIDATE, lastRpcTime:5127, electionTimeout:5127ms
2019-09-25 07:05:26,610 [ForkJoinPool.commonPool-worker-1] INFO  impl.StateMachineUpdater (StateMachineUpdater.java:stopAndJoin(125)) - e568d23f-199e-48ce-91e4-5c166e2e97cd@group-14C4AC4DB809-StateMachineUpdater: set stopIndex = 0
2019-09-25 07:05:26,611 [Thread-1096] INFO  impl.RoleInfo (RoleInfo.java:shutdownFollowerState(121)) - 24bf2945-a329-4da6-aaf2-23ecd8d462c6: shutdown FollowerState
2019-09-25 07:05:26,611 [main] INFO  impl.PendingRequests (PendingRequests.java:sendNotLeaderResponses(202)) - 62ec8eb9-3ae9-4136-b70a-2caf3716fa7f-PendingRequests: sendNotLeaderResponses
2019-09-25 07:05:26,611 [Thread-1096] INFO  impl.RaftServerImpl (RaftServerImpl.java:setRole(174)) - 24bf2945-a329-4da6-aaf2-23ecd8d462c6@group-FF8F6BC58C11: changes role from  FOLLOWER to CANDIDATE at term 0 for changeToCandidate
2019-09-25 07:05:26,611 [ForkJoinPool.commonPool-worker-1] INFO  impl.RaftServerImpl (ServerState.java:close(385)) - e568d23f-199e-48ce-91e4-5c166e2e97cd@group-14C4AC4DB809: closes. applyIndex: 0
2019-09-25 07:05:26,612 [Thread-1096] INFO  impl.RoleInfo (RoleInfo.java:updateAndGet(143)) - 24bf2945-a329-4da6-aaf2-23ecd8d462c6: start LeaderElection
2019-09-25 07:05:26,612 [e568d23f-199e-48ce-91e4-5c166e2e97cd@group-14C4AC4DB809-SegmentedRaftLogWorker] INFO  segmented.SegmentedRaftLogWorker (SegmentedRaftLogWorker.java:run(313)) - e568d23f-199e-48ce-91e4-5c166e2e97cd@group-14C4AC4DB809-SegmentedRaftLogWorker was interrupted, exiting. There are 0 tasks remaining in the queue.
2019-09-25 07:05:26,611 [main] INFO  impl.StateMachineUpdater (StateMachineUpdater.java:stopAndJoin(125)) - 62ec8eb9-3ae9-4136-b70a-2caf3716fa7f@group-D2C29492D890-StateMachineUpdater: set stopIndex = 0
2019-09-25 07:05:26,612 [main] INFO  impl.RaftServerImpl (ServerState.java:close(385)) - 62ec8eb9-3ae9-4136-b70a-2caf3716fa7f@group-D2C29492D890: closes. applyIndex: 0
2019-09-25 07:05:26,613 [62ec8eb9-3ae9-4136-b70a-2caf3716fa7f@group-D2C29492D890-SegmentedRaftLogWorker] INFO  segmented.SegmentedRaftLogWorker (SegmentedRaftLogWorker.java:run(313)) - 62ec8eb9-3ae9-4136-b70a-2caf3716fa7f@group-D2C29492D890-SegmentedRaftLogWorker was interrupted, exiting. There are 0 tasks remaining in the queue.
2019-09-25 07:05:26,615 [main] INFO  segmented.SegmentedRaftLogWorker (SegmentedRaftLogWorker.java:close(228)) - 62ec8eb9-3ae9-4136-b70a-2caf3716fa7f@group-D2C29492D890-SegmentedRaftLogWorker close()
2019-09-25 07:05:26,615 [ForkJoinPool.commonPool-worker-1] INFO  segmented.SegmentedRaftLogWorker (SegmentedRaftLogWorker.java:close(228)) - e568d23f-199e-48ce-91e4-5c166e2e97cd@group-14C4AC4DB809-SegmentedRaftLogWorker close()
2019-09-25 07:05:26,615 [main] INFO  impl.RaftServerImpl (RaftServerImpl.java:lambda$shutdown$3(251)) - 62ec8eb9-3ae9-4136-b70a-2caf3716fa7f@group-220305F65C47: shutdown
2019-09-25 07:05:26,615 [ForkJoinPool.commonPool-worker-1] INFO  impl.RaftServerImpl (RaftServerImpl.java:lambda$shutdown$3(251)) - e568d23f-199e-48ce-91e4-5c166e2e97cd@group-1A8542DAD23B: shutdown
2019-09-25 07:05:26,616 [main] INFO  util.JmxRegister (JmxRegister.java:unregister(73)) - Successfully un-registered JMX Bean with object name Ratis:service=RaftServer,group=group-220305F65C47,id=62ec8eb9-3ae9-4136-b70a-2caf3716fa7f
2019-09-25 07:05:26,616 [ForkJoinPool.commonPool-worker-1] INFO  util.JmxRegister (JmxRegister.java:unregister(73)) - Successfully un-registered JMX Bean with object name Ratis:service=RaftServer,group=group-1A8542DAD23B,id=e568d23f-199e-48ce-91e4-5c166e2e97cd
2019-09-25 07:05:26,616 [main] INFO  impl.RoleInfo (RoleInfo.java:shutdownFollowerState(121)) - 62ec8eb9-3ae9-4136-b70a-2caf3716fa7f: shutdown FollowerState
2019-09-25 07:05:26,616 [ForkJoinPool.commonPool-worker-1] INFO  impl.RoleInfo (RoleInfo.java:shutdownLeaderState(104)) - e568d23f-199e-48ce-91e4-5c166e2e97cd: shutdown LeaderState
2019-09-25 07:05:26,617 [Thread-1294] INFO  impl.FollowerState (FollowerState.java:run(115)) - 62ec8eb9-3ae9-4136-b70a-2caf3716fa7f: FollowerState was interrupted: java.lang.InterruptedException: sleep interrupted
2019-09-25 07:05:26,617 [main] INFO  impl.StateMachineUpdater (StateMachineUpdater.java:stopAndJoin(125)) - 62ec8eb9-3ae9-4136-b70a-2caf3716fa7f@group-220305F65C47-StateMachineUpdater: set stopIndex = -1
2019-09-25 07:05:26,617 [ForkJoinPool.commonPool-worker-1] INFO  impl.PendingRequests (PendingRequests.java:sendNotLeaderResponses(202)) - e568d23f-199e-48ce-91e4-5c166e2e97cd-PendingRequests: sendNotLeaderResponses
2019-09-25 07:05:26,617 [main] INFO  impl.RaftServerImpl (ServerState.java:close(385)) - 62ec8eb9-3ae9-4136-b70a-2caf3716fa7f@group-220305F65C47: closes. applyIndex: -1
2019-09-25 07:05:26,618 [ForkJoinPool.commonPool-worker-1] INFO  impl.StateMachineUpdater (StateMachineUpdater.java:stopAndJoin(125)) - e568d23f-199e-48ce-91e4-5c166e2e97cd@group-1A8542DAD23B-StateMachineUpdater: set stopIndex = 0
2019-09-25 07:05:26,618 [62ec8eb9-3ae9-4136-b70a-2caf3716fa7f@group-220305F65C47-SegmentedRaftLogWorker] INFO  segmented.SegmentedRaftLogWorker (SegmentedRaftLogWorker.java:run(313)) - 62ec8eb9-3ae9-4136-b70a-2caf3716fa7f@group-220305F65C47-SegmentedRaftLogWorker was interrupted, exiting. There are 0 tasks remaining in the queue.
2019-09-25 07:05:26,618 [ForkJoinPool.commonPool-worker-1] INFO  impl.RaftServerImpl (ServerState.java:close(385)) - e568d23f-199e-48ce-91e4-5c166e2e97cd@group-1A8542DAD23B: closes. applyIndex: 0
2019-09-25 07:05:26,619 [main] INFO  segmented.SegmentedRaftLogWorker (SegmentedRaftLogWorker.java:close(228)) - 62ec8eb9-3ae9-4136-b70a-2caf3716fa7f@group-220305F65C47-SegmentedRaftLogWorker close()
2019-09-25 07:05:26,619 [e568d23f-199e-48ce-91e4-5c166e2e97cd@group-1A8542DAD23B-SegmentedRaftLogWorker] INFO  segmented.SegmentedRaftLogWorker (SegmentedRaftLogWorker.java:run(313)) - e568d23f-199e-48ce-91e4-5c166e2e97cd@group-1A8542DAD23B-SegmentedRaftLogWorker was interrupted, exiting. There are 0 tasks remaining in the queue.
2019-09-25 07:05:26,619 [main] INFO  impl.RaftServerImpl (RaftServerImpl.java:lambda$shutdown$3(251)) - 62ec8eb9-3ae9-4136-b70a-2caf3716fa7f@group-7AA7DD47A872: shutdown
2019-09-25 07:05:26,619 [ForkJoinPool.commonPool-worker-1] INFO  segmented.SegmentedRaftLogWorker (SegmentedRaftLogWorker.java:close(228)) - e568d23f-199e-48ce-91e4-5c166e2e97cd@group-1A8542DAD23B-SegmentedRaftLogWorker close()
2019-09-25 07:05:26,620 [main] INFO  util.JmxRegister (JmxRegister.java:unregister(73)) - Successfully un-registered JMX Bean with object name Ratis:service=RaftServer,group=group-7AA7DD47A872,id=62ec8eb9-3ae9-4136-b70a-2caf3716fa7f
2019-09-25 07:05:26,620 [ForkJoinPool.commonPool-worker-1] INFO  impl.RaftServerImpl (RaftServerImpl.java:lambda$shutdown$3(251)) - e568d23f-199e-48ce-91e4-5c166e2e97cd@group-0AB108C2888E: shutdown
2019-09-25 07:05:26,620 [main] INFO  impl.RoleInfo (RoleInfo.java:shutdownLeaderState(104)) - 62ec8eb9-3ae9-4136-b70a-2caf3716fa7f: shutdown LeaderState
2019-09-25 07:05:26,620 [ForkJoinPool.commonPool-worker-1] INFO  util.JmxRegister (JmxRegister.java:unregister(73)) - Successfully un-registered JMX Bean with object name Ratis:service=RaftServer,group=group-0AB108C2888E,id=e568d23f-199e-48ce-91e4-5c166e2e97cd
2019-09-25 07:05:26,621 [main] INFO  impl.PendingRequests (PendingRequests.java:sendNotLeaderResponses(202)) - 62ec8eb9-3ae9-4136-b70a-2caf3716fa7f-PendingRequests: sendNotLeaderResponses
2019-09-25 07:05:26,621 [ForkJoinPool.commonPool-worker-1] INFO  impl.RoleInfo (RoleInfo.java:shutdownLeaderState(104)) - e568d23f-199e-48ce-91e4-5c166e2e97cd: shutdown LeaderState
2019-09-25 07:05:26,621 [main] INFO  impl.StateMachineUpdater (StateMachineUpdater.java:stopAndJoin(125)) - 62ec8eb9-3ae9-4136-b70a-2caf3716fa7f@group-7AA7DD47A872-StateMachineUpdater: set stopIndex = 0
2019-09-25 07:05:26,622 [ForkJoinPool.commonPool-worker-1] INFO  impl.PendingRequests (PendingRequests.java:sendNotLeaderResponses(202)) - e568d23f-199e-48ce-91e4-5c166e2e97cd-PendingRequests: sendNotLeaderResponses
2019-09-25 07:05:26,622 [main] INFO  impl.RaftServerImpl (ServerState.java:close(385)) - 62ec8eb9-3ae9-4136-b70a-2caf3716fa7f@group-7AA7DD47A872: closes. applyIndex: 0
2019-09-25 07:05:26,622 [ForkJoinPool.commonPool-worker-1] INFO  impl.StateMachineUpdater (StateMachineUpdater.java:stopAndJoin(125)) - e568d23f-199e-48ce-91e4-5c166e2e97cd@group-0AB108C2888E-StateMachineUpdater: set stopIndex = 0
2019-09-25 07:05:26,623 [ForkJoinPool.commonPool-worker-1] INFO  impl.RaftServerImpl (ServerState.java:close(385)) - e568d23f-199e-48ce-91e4-5c166e2e97cd@group-0AB108C2888E: closes. applyIndex: 0
2019-09-25 07:05:26,623 [62ec8eb9-3ae9-4136-b70a-2caf3716fa7f@group-7AA7DD47A872-SegmentedRaftLogWorker] INFO  segmented.SegmentedRaftLogWorker (SegmentedRaftLogWorker.java:run(313)) - 62ec8eb9-3ae9-4136-b70a-2caf3716fa7f@group-7AA7DD47A872-SegmentedRaftLogWorker was interrupted, exiting. There are 0 tasks remaining in the queue.
2019-09-25 07:05:26,623 [e568d23f-199e-48ce-91e4-5c166e2e97cd@group-0AB108C2888E-SegmentedRaftLogWorker] INFO  segmented.SegmentedRaftLogWorker (SegmentedRaftLogWorker.java:run(313)) - e568d23f-199e-48ce-91e4-5c166e2e97cd@group-0AB108C2888E-SegmentedRaftLogWorker was interrupted, exiting. There are 0 tasks remaining in the queue.
2019-09-25 07:05:26,623 [main] INFO  segmented.SegmentedRaftLogWorker (SegmentedRaftLogWorker.java:close(228)) - 62ec8eb9-3ae9-4136-b70a-2caf3716fa7f@group-7AA7DD47A872-SegmentedRaftLogWorker close()
2019-09-25 07:05:26,623 [ForkJoinPool.commonPool-worker-1] INFO  segmented.SegmentedRaftLogWorker (SegmentedRaftLogWorker.java:close(228)) - e568d23f-199e-48ce-91e4-5c166e2e97cd@group-0AB108C2888E-SegmentedRaftLogWorker close()
2019-09-25 07:05:26,624 [main] INFO  impl.RaftServerImpl (RaftServerImpl.java:lambda$shutdown$3(251)) - 62ec8eb9-3ae9-4136-b70a-2caf3716fa7f@group-42845FFBE9AA: shutdown
2019-09-25 07:05:26,624 [ForkJoinPool.commonPool-worker-1] INFO  impl.RaftServerImpl (RaftServerImpl.java:lambda$shutdown$3(251)) - e568d23f-199e-48ce-91e4-5c166e2e97cd@group-1B0FDD6F4459: shutdown
2019-09-25 07:05:26,624 [main] INFO  util.JmxRegister (JmxRegister.java:unregister(73)) - Successfully un-registered JMX Bean with object name Ratis:service=RaftServer,group=group-42845FFBE9AA,id=62ec8eb9-3ae9-4136-b70a-2caf3716fa7f
2019-09-25 07:05:26,624 [ForkJoinPool.commonPool-worker-1] INFO  util.JmxRegister (JmxRegister.java:unregister(73)) - Successfully un-registered JMX Bean with object name Ratis:service=RaftServer,group=group-1B0FDD6F4459,id=e568d23f-199e-48ce-91e4-5c166e2e97cd
2019-09-25 07:05:26,625 [main] INFO  impl.RoleInfo (RoleInfo.java:shutdownLeaderState(104)) - 62ec8eb9-3ae9-4136-b70a-2caf3716fa7f: shutdown LeaderState
2019-09-25 07:05:26,625 [ForkJoinPool.commonPool-worker-1] INFO  impl.RoleInfo (RoleInfo.java:shutdownFollowerState(121)) - e568d23f-199e-48ce-91e4-5c166e2e97cd: shutdown FollowerState
2019-09-25 07:05:26,625 [main] INFO  impl.PendingRequests (PendingRequests.java:sendNotLeaderResponses(202)) - 62ec8eb9-3ae9-4136-b70a-2caf3716fa7f-PendingRequests: sendNotLeaderResponses
2019-09-25 07:05:26,626 [Thread-1168] INFO  impl.FollowerState (FollowerState.java:run(115)) - e568d23f-199e-48ce-91e4-5c166e2e97cd: FollowerState was interrupted: java.lang.InterruptedException: sleep interrupted
2019-09-25 07:05:26,626 [ForkJoinPool.commonPool-worker-1] INFO  impl.StateMachineUpdater (StateMachineUpdater.java:stopAndJoin(125)) - e568d23f-199e-48ce-91e4-5c166e2e97cd@group-1B0FDD6F4459-StateMachineUpdater: set stopIndex = -1
2019-09-25 07:05:26,626 [ForkJoinPool.commonPool-worker-1] INFO  impl.RaftServerImpl (ServerState.java:close(385)) - e568d23f-199e-48ce-91e4-5c166e2e97cd@group-1B0FDD6F4459: closes. applyIndex: -1
2019-09-25 07:05:26,626 [main] INFO  impl.StateMachineUpdater (StateMachineUpdater.java:stopAndJoin(125)) - 62ec8eb9-3ae9-4136-b70a-2caf3716fa7f@group-42845FFBE9AA-StateMachineUpdater: set stopIndex = 0
2019-09-25 07:05:26,627 [e568d23f-199e-48ce-91e4-5c166e2e97cd@group-1B0FDD6F4459-SegmentedRaftLogWorker] INFO  segmented.SegmentedRaftLogWorker (SegmentedRaftLogWorker.java:run(313)) - e568d23f-199e-48ce-91e4-5c166e2e97cd@group-1B0FDD6F4459-SegmentedRaftLogWorker was interrupted, exiting. There are 0 tasks remaining in the queue.
2019-09-25 07:05:26,627 [24bf2945-a329-4da6-aaf2-23ecd8d462c6@group-028921FA31D7-SegmentedRaftLogWorker] INFO  segmented.SegmentedRaftLogWorker (SegmentedRaftLogWorker.java:execute(569)) - 24bf2945-a329-4da6-aaf2-23ecd8d462c6@group-028921FA31D7-SegmentedRaftLogWorker: created new log segment /workdir/hadoop-ozone/integration-test/target/test-dir/MiniOzoneClusterImpl-39af9574-7a8b-4ed7-b830-bf686a3d4bb8/datanode-2/data/ratis/18fc8fa7-b9d0-4b3b-817a-028921fa31d7/current/log_inprogress_0
2019-09-25 07:05:26,627 [ForkJoinPool.commonPool-worker-1] INFO  segmented.SegmentedRaftLogWorker (SegmentedRaftLogWorker.java:close(228)) - e568d23f-199e-48ce-91e4-5c166e2e97cd@group-1B0FDD6F4459-SegmentedRaftLogWorker close()
2019-09-25 07:05:26,627 [main] INFO  impl.RaftServerImpl (ServerState.java:close(385)) - 62ec8eb9-3ae9-4136-b70a-2caf3716fa7f@group-42845FFBE9AA: closes. applyIndex: 0
2019-09-25 07:05:26,627 [ForkJoinPool.commonPool-worker-1] INFO  impl.RaftServerImpl (RaftServerImpl.java:lambda$shutdown$3(251)) - e568d23f-199e-48ce-91e4-5c166e2e97cd@group-D0A14D26FA03: shutdown
2019-09-25 07:05:26,628 [62ec8eb9-3ae9-4136-b70a-2caf3716fa7f@group-42845FFBE9AA-SegmentedRaftLogWorker] INFO  segmented.SegmentedRaftLogWorker (SegmentedRaftLogWorker.java:run(313)) - 62ec8eb9-3ae9-4136-b70a-2caf3716fa7f@group-42845FFBE9AA-SegmentedRaftLogWorker was interrupted, exiting. There are 0 tasks remaining in the queue.
2019-09-25 07:05:26,628 [ForkJoinPool.commonPool-worker-1] INFO  util.JmxRegister (JmxRegister.java:unregister(73)) - Successfully un-registered JMX Bean with object name Ratis:service=RaftServer,group=group-D0A14D26FA03,id=e568d23f-199e-48ce-91e4-5c166e2e97cd
2019-09-25 07:05:26,628 [main] INFO  segmented.SegmentedRaftLogWorker (SegmentedRaftLogWorker.java:close(228)) - 62ec8eb9-3ae9-4136-b70a-2caf3716fa7f@group-42845FFBE9AA-SegmentedRaftLogWorker close()
2019-09-25 07:05:26,628 [ForkJoinPool.commonPool-worker-1] INFO  impl.RoleInfo (RoleInfo.java:shutdownFollowerState(121)) - e568d23f-199e-48ce-91e4-5c166e2e97cd: shutdown FollowerState
2019-09-25 07:05:26,629 [main] INFO  impl.RaftServerImpl (RaftServerImpl.java:lambda$shutdown$3(251)) - 62ec8eb9-3ae9-4136-b70a-2caf3716fa7f@group-DCE82A22BD86: shutdown
2019-09-25 07:05:26,629 [Thread-1258] INFO  impl.FollowerState (FollowerState.java:run(115)) - e568d23f-199e-48ce-91e4-5c166e2e97cd: FollowerState was interrupted: java.lang.InterruptedException: sleep interrupted
2019-09-25 07:05:26,629 [ForkJoinPool.commonPool-worker-1] INFO  impl.StateMachineUpdater (StateMachineUpdater.java:stopAndJoin(125)) - e568d23f-199e-48ce-91e4-5c166e2e97cd@group-D0A14D26FA03-StateMachineUpdater: set stopIndex = -1
2019-09-25 07:05:26,629 [24bf2945-a329-4da6-aaf2-23ecd8d462c6@group-FF8F6BC58C11:LeaderElection177] INFO  impl.LeaderElection (LeaderElection.java:askForVotes(182)) - 24bf2945-a329-4da6-aaf2-23ecd8d462c6@group-FF8F6BC58C11:LeaderElection177: begin an election at term 1 for -1: [24bf2945-a329-4da6-aaf2-23ecd8d462c6:192.168.30.10:42867], old=null
2019-09-25 07:05:26,629 [main] INFO  util.JmxRegister (JmxRegister.java:unregister(73)) - Successfully un-registered JMX Bean with object name Ratis:service=RaftServer,group=group-DCE82A22BD86,id=62ec8eb9-3ae9-4136-b70a-2caf3716fa7f
2019-09-25 07:05:26,630 [24bf2945-a329-4da6-aaf2-23ecd8d462c6@group-FF8F6BC58C11:LeaderElection177] INFO  impl.RoleInfo (RoleInfo.java:shutdownLeaderElection(134)) - 24bf2945-a329-4da6-aaf2-23ecd8d462c6: shutdown LeaderElection
2019-09-25 07:05:26,629 [ForkJoinPool.commonPool-worker-1] INFO  impl.RaftServerImpl (ServerState.java:close(385)) - e568d23f-199e-48ce-91e4-5c166e2e97cd@group-D0A14D26FA03: closes. applyIndex: -1
2019-09-25 07:05:26,630 [24bf2945-a329-4da6-aaf2-23ecd8d462c6@group-FF8F6BC58C11:LeaderElection177] INFO  impl.RaftServerImpl (RaftServerImpl.java:setRole(174)) - 24bf2945-a329-4da6-aaf2-23ecd8d462c6@group-FF8F6BC58C11: changes role from CANDIDATE to LEADER at term 1 for changeToLeader
2019-09-25 07:05:26,630 [24bf2945-a329-4da6-aaf2-23ecd8d462c6@group-FF8F6BC58C11:LeaderElection177] INFO  impl.RaftServerImpl (ServerState.java:setLeader(253)) - 24bf2945-a329-4da6-aaf2-23ecd8d462c6@group-FF8F6BC58C11: change Leader from null to 24bf2945-a329-4da6-aaf2-23ecd8d462c6 at term 1 for becomeLeader, leader elected after 5152ms
2019-09-25 07:05:26,630 [main] INFO  impl.RoleInfo (RoleInfo.java:shutdownLeaderState(104)) - 62ec8eb9-3ae9-4136-b70a-2caf3716fa7f: shutdown LeaderState
2019-09-25 07:05:26,630 [24bf2945-a329-4da6-aaf2-23ecd8d462c6@group-FF8F6BC58C11:LeaderElection177] INFO  server.RaftServerConfigKeys (ConfUtils.java:logGet(43)) - raft.server.staging.catchup.gap = 1000 (default)
2019-09-25 07:05:26,630 [e568d23f-199e-48ce-91e4-5c166e2e97cd@group-D0A14D26FA03-SegmentedRaftLogWorker] INFO  segmented.SegmentedRaftLogWorker (SegmentedRaftLogWorker.java:run(313)) - e568d23f-199e-48ce-91e4-5c166e2e97cd@group-D0A14D26FA03-SegmentedRaftLogWorker was interrupted, exiting. There are 0 tasks remaining in the queue.
2019-09-25 07:05:26,631 [24bf2945-a329-4da6-aaf2-23ecd8d462c6@group-FF8F6BC58C11:LeaderElection177] INFO  server.RaftServerConfigKeys (ConfUtils.java:logGet(43)) - raft.server.rpc.sleep.time = 25ms (default)
2019-09-25 07:05:26,631 [main] INFO  impl.PendingRequests (PendingRequests.java:sendNotLeaderResponses(202)) - 62ec8eb9-3ae9-4136-b70a-2caf3716fa7f-PendingRequests: sendNotLeaderResponses
2019-09-25 07:05:26,631 [24bf2945-a329-4da6-aaf2-23ecd8d462c6@group-FF8F6BC58C11:LeaderElection177] INFO  server.RaftServerConfigKeys (ConfUtils.java:logGet(43)) - raft.server.write.element-limit = 4096 (default)
2019-09-25 07:05:26,631 [ForkJoinPool.commonPool-worker-1] INFO  segmented.SegmentedRaftLogWorker (SegmentedRaftLogWorker.java:close(228)) - e568d23f-199e-48ce-91e4-5c166e2e97cd@group-D0A14D26FA03-SegmentedRaftLogWorker close()
2019-09-25 07:05:26,631 [24bf2945-a329-4da6-aaf2-23ecd8d462c6@group-FF8F6BC58C11:LeaderElection177] INFO  server.RaftServerConfigKeys (ConfUtils.java:logGet(43)) - raft.server.watch.timeout = 10s (default)
2019-09-25 07:05:26,632 [24bf2945-a329-4da6-aaf2-23ecd8d462c6@group-FF8F6BC58C11:LeaderElection177] INFO  server.RaftServerConfigKeys (ConfUtils.java:logGet(43)) - raft.server.watch.timeout.denomination = 1s (default)
2019-09-25 07:05:26,631 [main] INFO  impl.StateMachineUpdater (StateMachineUpdater.java:stopAndJoin(125)) - 62ec8eb9-3ae9-4136-b70a-2caf3716fa7f@group-DCE82A22BD86-StateMachineUpdater: set stopIndex = 0
2019-09-25 07:05:26,632 [main] INFO  impl.RaftServerImpl (ServerState.java:close(385)) - 62ec8eb9-3ae9-4136-b70a-2caf3716fa7f@group-DCE82A22BD86: closes. applyIndex: 0
2019-09-25 07:05:26,632 [24bf2945-a329-4da6-aaf2-23ecd8d462c6@group-FF8F6BC58C11:LeaderElection177] INFO  server.RaftServerConfigKeys (ConfUtils.java:logGet(43)) - raft.server.watch.element-limit = 65536 (default)
2019-09-25 07:05:26,632 [ForkJoinPool.commonPool-worker-1] INFO  impl.RaftServerImpl (RaftServerImpl.java:lambda$shutdown$3(251)) - e568d23f-199e-48ce-91e4-5c166e2e97cd@group-0CC37942C809: shutdown
2019-09-25 07:05:26,633 [62ec8eb9-3ae9-4136-b70a-2caf3716fa7f@group-DCE82A22BD86-SegmentedRaftLogWorker] INFO  segmented.SegmentedRaftLogWorker (SegmentedRaftLogWorker.java:run(313)) - 62ec8eb9-3ae9-4136-b70a-2caf3716fa7f@group-DCE82A22BD86-SegmentedRaftLogWorker was interrupted, exiting. There are 0 tasks remaining in the queue.
2019-09-25 07:05:26,633 [ForkJoinPool.commonPool-worker-1] INFO  util.JmxRegister (JmxRegister.java:unregister(73)) - Successfully un-registered JMX Bean with object name Ratis:service=RaftServer,group=group-0CC37942C809,id=e568d23f-199e-48ce-91e4-5c166e2e97cd
2019-09-25 07:05:26,633 [main] INFO  segmented.SegmentedRaftLogWorker (SegmentedRaftLogWorker.java:close(228)) - 62ec8eb9-3ae9-4136-b70a-2caf3716fa7f@group-DCE82A22BD86-SegmentedRaftLogWorker close()
2019-09-25 07:05:26,633 [ForkJoinPool.commonPool-worker-1] INFO  impl.RoleInfo (RoleInfo.java:shutdownFollowerState(121)) - e568d23f-199e-48ce-91e4-5c166e2e97cd: shutdown FollowerState
2019-09-25 07:05:26,634 [main] INFO  impl.RaftServerImpl (RaftServerImpl.java:lambda$shutdown$3(251)) - 62ec8eb9-3ae9-4136-b70a-2caf3716fa7f@group-880B6B196229: shutdown
2019-09-25 07:05:26,634 [24bf2945-a329-4da6-aaf2-23ecd8d462c6@group-FF8F6BC58C11:LeaderElection177] INFO  impl.RoleInfo (RoleInfo.java:updateAndGet(143)) - 24bf2945-a329-4da6-aaf2-23ecd8d462c6: start LeaderState
2019-09-25 07:05:26,634 [Thread-1210] INFO  impl.FollowerState (FollowerState.java:run(115)) - e568d23f-199e-48ce-91e4-5c166e2e97cd: FollowerState was interrupted: java.lang.InterruptedException: sleep interrupted
2019-09-25 07:05:26,634 [ForkJoinPool.commonPool-worker-1] INFO  impl.StateMachineUpdater (StateMachineUpdater.java:stopAndJoin(125)) - e568d23f-199e-48ce-91e4-5c166e2e97cd@group-0CC37942C809-StateMachineUpdater: set stopIndex = -1
2019-09-25 07:05:26,634 [24bf2945-a329-4da6-aaf2-23ecd8d462c6@group-FF8F6BC58C11:LeaderElection177] INFO  segmented.SegmentedRaftLogWorker (SegmentedRaftLogWorker.java:startLogSegment(380)) - 24bf2945-a329-4da6-aaf2-23ecd8d462c6@group-FF8F6BC58C11-SegmentedRaftLogWorker: Starting segment from index:0
2019-09-25 07:05:26,634 [main] INFO  util.JmxRegister (JmxRegister.java:unregister(73)) - Successfully un-registered JMX Bean with object name Ratis:service=RaftServer,group=group-880B6B196229,id=62ec8eb9-3ae9-4136-b70a-2caf3716fa7f
2019-09-25 07:05:26,635 [24bf2945-a329-4da6-aaf2-23ecd8d462c6@group-FF8F6BC58C11:LeaderElection177] INFO  impl.RaftServerImpl (ServerState.java:setRaftConf(354)) - 24bf2945-a329-4da6-aaf2-23ecd8d462c6@group-FF8F6BC58C11: set configuration 0: [24bf2945-a329-4da6-aaf2-23ecd8d462c6:192.168.30.10:42867], old=null at 0
2019-09-25 07:05:26,635 [ForkJoinPool.commonPool-worker-1] INFO  impl.RaftServerImpl (ServerState.java:close(385)) - e568d23f-199e-48ce-91e4-5c166e2e97cd@group-0CC37942C809: closes. applyIndex: -1
2019-09-25 07:05:26,635 [main] INFO  impl.RoleInfo (RoleInfo.java:shutdownFollowerState(121)) - 62ec8eb9-3ae9-4136-b70a-2caf3716fa7f: shutdown FollowerState
2019-09-25 07:05:26,636 [e568d23f-199e-48ce-91e4-5c166e2e97cd@group-0CC37942C809-SegmentedRaftLogWorker] INFO  segmented.SegmentedRaftLogWorker (SegmentedRaftLogWorker.java:run(313)) - e568d23f-199e-48ce-91e4-5c166e2e97cd@group-0CC37942C809-SegmentedRaftLogWorker was interrupted, exiting. There are 0 tasks remaining in the queue.
2019-09-25 07:05:26,636 [main] INFO  impl.StateMachineUpdater (StateMachineUpdater.java:stopAndJoin(125)) - 62ec8eb9-3ae9-4136-b70a-2caf3716fa7f@group-880B6B196229-StateMachineUpdater: set stopIndex = -1
2019-09-25 07:05:26,636 [ForkJoinPool.commonPool-worker-1] INFO  segmented.SegmentedRaftLogWorker (SegmentedRaftLogWorker.java:close(228)) - e568d23f-199e-48ce-91e4-5c166e2e97cd@group-0CC37942C809-SegmentedRaftLogWorker close()
2019-09-25 07:05:26,636 [Thread-1252] INFO  impl.FollowerState (FollowerState.java:run(115)) - 62ec8eb9-3ae9-4136-b70a-2caf3716fa7f: FollowerState was interrupted: java.lang.InterruptedException: sleep interrupted
2019-09-25 07:05:26,637 [ForkJoinPool.commonPool-worker-1] INFO  impl.RaftServerImpl (RaftServerImpl.java:lambda$shutdown$3(251)) - e568d23f-199e-48ce-91e4-5c166e2e97cd@group-74BF1704E330: shutdown
2019-09-25 07:05:26,636 [main] INFO  impl.RaftServerImpl (ServerState.java:close(385)) - 62ec8eb9-3ae9-4136-b70a-2caf3716fa7f@group-880B6B196229: closes. applyIndex: -1
2019-09-25 07:05:26,637 [ForkJoinPool.commonPool-worker-1] INFO  util.JmxRegister (JmxRegister.java:unregister(73)) - Successfully un-registered JMX Bean with object name Ratis:service=RaftServer,group=group-74BF1704E330,id=e568d23f-199e-48ce-91e4-5c166e2e97cd
2019-09-25 07:05:26,637 [62ec8eb9-3ae9-4136-b70a-2caf3716fa7f@group-880B6B196229-SegmentedRaftLogWorker] INFO  segmented.SegmentedRaftLogWorker (SegmentedRaftLogWorker.java:run(313)) - 62ec8eb9-3ae9-4136-b70a-2caf3716fa7f@group-880B6B196229-SegmentedRaftLogWorker was interrupted, exiting. There are 0 tasks remaining in the queue.
2019-09-25 07:05:26,638 [ForkJoinPool.commonPool-worker-1] INFO  impl.RoleInfo (RoleInfo.java:shutdownFollowerState(121)) - e568d23f-199e-48ce-91e4-5c166e2e97cd: shutdown FollowerState
2019-09-25 07:05:26,638 [main] INFO  segmented.SegmentedRaftLogWorker (SegmentedRaftLogWorker.java:close(228)) - 62ec8eb9-3ae9-4136-b70a-2caf3716fa7f@group-880B6B196229-SegmentedRaftLogWorker close()
2019-09-25 07:05:26,638 [Thread-1174] INFO  impl.FollowerState (FollowerState.java:run(115)) - e568d23f-199e-48ce-91e4-5c166e2e97cd: FollowerState was interrupted: java.lang.InterruptedException: sleep interrupted
2019-09-25 07:05:26,638 [ForkJoinPool.commonPool-worker-1] INFO  impl.StateMachineUpdater (StateMachineUpdater.java:stopAndJoin(125)) - e568d23f-199e-48ce-91e4-5c166e2e97cd@group-74BF1704E330-StateMachineUpdater: set stopIndex = -1
2019-09-25 07:05:26,638 [main] INFO  impl.RaftServerImpl (RaftServerImpl.java:lambda$shutdown$3(251)) - 62ec8eb9-3ae9-4136-b70a-2caf3716fa7f@group-12C259E82C07: shutdown
2019-09-25 07:05:26,639 [ForkJoinPool.commonPool-worker-1] INFO  impl.RaftServerImpl (ServerState.java:close(385)) - e568d23f-199e-48ce-91e4-5c166e2e97cd@group-74BF1704E330: closes. applyIndex: -1
2019-09-25 07:05:26,639 [main] INFO  util.JmxRegister (JmxRegister.java:unregister(73)) - Successfully un-registered JMX Bean with object name Ratis:service=RaftServer,group=group-12C259E82C07,id=62ec8eb9-3ae9-4136-b70a-2caf3716fa7f
2019-09-25 07:05:26,639 [e568d23f-199e-48ce-91e4-5c166e2e97cd@group-74BF1704E330-SegmentedRaftLogWorker] INFO  segmented.SegmentedRaftLogWorker (SegmentedRaftLogWorker.java:run(313)) - e568d23f-199e-48ce-91e4-5c166e2e97cd@group-74BF1704E330-SegmentedRaftLogWorker was interrupted, exiting. There are 0 tasks remaining in the queue.
2019-09-25 07:05:26,639 [main] INFO  impl.RoleInfo (RoleInfo.java:shutdownFollowerState(121)) - 62ec8eb9-3ae9-4136-b70a-2caf3716fa7f: shutdown FollowerState
2019-09-25 07:05:26,640 [main] INFO  impl.StateMachineUpdater (StateMachineUpdater.java:stopAndJoin(125)) - 62ec8eb9-3ae9-4136-b70a-2caf3716fa7f@group-12C259E82C07-StateMachineUpdater: set stopIndex = -1
2019-09-25 07:05:26,640 [main] INFO  impl.RaftServerImpl (ServerState.java:close(385)) - 62ec8eb9-3ae9-4136-b70a-2caf3716fa7f@group-12C259E82C07: closes. applyIndex: -1
2019-09-25 07:05:26,640 [ForkJoinPool.commonPool-worker-1] INFO  segmented.SegmentedRaftLogWorker (SegmentedRaftLogWorker.java:close(228)) - e568d23f-199e-48ce-91e4-5c166e2e97cd@group-74BF1704E330-SegmentedRaftLogWorker close()
2019-09-25 07:05:26,641 [62ec8eb9-3ae9-4136-b70a-2caf3716fa7f@group-12C259E82C07-SegmentedRaftLogWorker] INFO  segmented.SegmentedRaftLogWorker (SegmentedRaftLogWorker.java:run(313)) - 62ec8eb9-3ae9-4136-b70a-2caf3716fa7f@group-12C259E82C07-SegmentedRaftLogWorker was interrupted, exiting. There are 0 tasks remaining in the queue.
2019-09-25 07:05:26,641 [main] INFO  segmented.SegmentedRaftLogWorker (SegmentedRaftLogWorker.java:close(228)) - 62ec8eb9-3ae9-4136-b70a-2caf3716fa7f@group-12C259E82C07-SegmentedRaftLogWorker close()
2019-09-25 07:05:26,640 [Thread-1213] INFO  impl.FollowerState (FollowerState.java:run(115)) - 62ec8eb9-3ae9-4136-b70a-2caf3716fa7f: FollowerState was interrupted: java.lang.InterruptedException: sleep interrupted
2019-09-25 07:05:26,641 [main] INFO  impl.RaftServerImpl (RaftServerImpl.java:lambda$shutdown$3(251)) - 62ec8eb9-3ae9-4136-b70a-2caf3716fa7f@group-C95E056A4ACC: shutdown
2019-09-25 07:05:26,642 [main] INFO  util.JmxRegister (JmxRegister.java:unregister(73)) - Successfully un-registered JMX Bean with object name Ratis:service=RaftServer,group=group-C95E056A4ACC,id=62ec8eb9-3ae9-4136-b70a-2caf3716fa7f
2019-09-25 07:05:26,642 [main] INFO  impl.RoleInfo (RoleInfo.java:shutdownFollowerState(121)) - 62ec8eb9-3ae9-4136-b70a-2caf3716fa7f: shutdown FollowerState
2019-09-25 07:05:26,641 [ForkJoinPool.commonPool-worker-1] INFO  impl.RaftServerImpl (RaftServerImpl.java:lambda$shutdown$3(251)) - e568d23f-199e-48ce-91e4-5c166e2e97cd@group-2414F55CAE67: shutdown
2019-09-25 07:05:26,643 [Thread-1279] INFO  impl.FollowerState (FollowerState.java:run(115)) - 62ec8eb9-3ae9-4136-b70a-2caf3716fa7f: FollowerState was interrupted: java.lang.InterruptedException: sleep interrupted
2019-09-25 07:05:26,642 [main] INFO  impl.StateMachineUpdater (StateMachineUpdater.java:stopAndJoin(125)) - 62ec8eb9-3ae9-4136-b70a-2caf3716fa7f@group-C95E056A4ACC-StateMachineUpdater: set stopIndex = -1
2019-09-25 07:05:26,643 [ForkJoinPool.commonPool-worker-1] INFO  util.JmxRegister (JmxRegister.java:unregister(73)) - Successfully un-registered JMX Bean with object name Ratis:service=RaftServer,group=group-2414F55CAE67,id=e568d23f-199e-48ce-91e4-5c166e2e97cd
2019-09-25 07:05:26,643 [main] INFO  impl.RaftServerImpl (ServerState.java:close(385)) - 62ec8eb9-3ae9-4136-b70a-2caf3716fa7f@group-C95E056A4ACC: closes. applyIndex: -1
2019-09-25 07:05:26,643 [ForkJoinPool.commonPool-worker-1] INFO  impl.RoleInfo (RoleInfo.java:shutdownFollowerState(121)) - e568d23f-199e-48ce-91e4-5c166e2e97cd: shutdown FollowerState
2019-09-25 07:05:26,644 [62ec8eb9-3ae9-4136-b70a-2caf3716fa7f@group-C95E056A4ACC-SegmentedRaftLogWorker] INFO  segmented.SegmentedRaftLogWorker (SegmentedRaftLogWorker.java:run(313)) - 62ec8eb9-3ae9-4136-b70a-2caf3716fa7f@group-C95E056A4ACC-SegmentedRaftLogWorker was interrupted, exiting. There are 0 tasks remaining in the queue.
2019-09-25 07:05:26,644 [Thread-1189] INFO  impl.FollowerState (FollowerState.java:run(115)) - e568d23f-199e-48ce-91e4-5c166e2e97cd: FollowerState was interrupted: java.lang.InterruptedException: sleep interrupted
2019-09-25 07:05:26,644 [ForkJoinPool.commonPool-worker-1] INFO  impl.StateMachineUpdater (StateMachineUpdater.java:stopAndJoin(125)) - e568d23f-199e-48ce-91e4-5c166e2e97cd@group-2414F55CAE67-StateMachineUpdater: set stopIndex = -1
2019-09-25 07:05:26,644 [main] INFO  segmented.SegmentedRaftLogWorker (SegmentedRaftLogWorker.java:close(228)) - 62ec8eb9-3ae9-4136-b70a-2caf3716fa7f@group-C95E056A4ACC-SegmentedRaftLogWorker close()
2019-09-25 07:05:26,645 [ForkJoinPool.commonPool-worker-1] INFO  impl.RaftServerImpl (ServerState.java:close(385)) - e568d23f-199e-48ce-91e4-5c166e2e97cd@group-2414F55CAE67: closes. applyIndex: -1
2019-09-25 07:05:26,645 [main] INFO  impl.RaftServerImpl (RaftServerImpl.java:lambda$shutdown$3(251)) - 62ec8eb9-3ae9-4136-b70a-2caf3716fa7f@group-FF327785AE80: shutdown
2019-09-25 07:05:26,645 [e568d23f-199e-48ce-91e4-5c166e2e97cd@group-2414F55CAE67-SegmentedRaftLogWorker] INFO  segmented.SegmentedRaftLogWorker (SegmentedRaftLogWorker.java:run(313)) - e568d23f-199e-48ce-91e4-5c166e2e97cd@group-2414F55CAE67-SegmentedRaftLogWorker was interrupted, exiting. There are 0 tasks remaining in the queue.
2019-09-25 07:05:26,645 [main] INFO  util.JmxRegister (JmxRegister.java:unregister(73)) - Successfully un-registered JMX Bean with object name Ratis:service=RaftServer,group=group-FF327785AE80,id=62ec8eb9-3ae9-4136-b70a-2caf3716fa7f
2019-09-25 07:05:26,646 [main] INFO  impl.RoleInfo (RoleInfo.java:shutdownFollowerState(121)) - 62ec8eb9-3ae9-4136-b70a-2caf3716fa7f: shutdown FollowerState
2019-09-25 07:05:26,646 [ForkJoinPool.commonPool-worker-1] INFO  segmented.SegmentedRaftLogWorker (SegmentedRaftLogWorker.java:close(228)) - e568d23f-199e-48ce-91e4-5c166e2e97cd@group-2414F55CAE67-SegmentedRaftLogWorker close()
2019-09-25 07:05:26,646 [Thread-1207] INFO  impl.FollowerState (FollowerState.java:run(115)) - 62ec8eb9-3ae9-4136-b70a-2caf3716fa7f: FollowerState was interrupted: java.lang.InterruptedException: sleep interrupted
2019-09-25 07:05:26,646 [main] INFO  impl.StateMachineUpdater (StateMachineUpdater.java:stopAndJoin(125)) - 62ec8eb9-3ae9-4136-b70a-2caf3716fa7f@group-FF327785AE80-StateMachineUpdater: set stopIndex = -1
2019-09-25 07:05:26,646 [ForkJoinPool.commonPool-worker-1] INFO  impl.RaftServerImpl (RaftServerImpl.java:lambda$shutdown$3(251)) - e568d23f-199e-48ce-91e4-5c166e2e97cd@group-7CEF0AECE6CC: shutdown
2019-09-25 07:05:26,647 [main] INFO  impl.RaftServerImpl (ServerState.java:close(385)) - 62ec8eb9-3ae9-4136-b70a-2caf3716fa7f@group-FF327785AE80: closes. applyIndex: -1
2019-09-25 07:05:26,647 [ForkJoinPool.commonPool-worker-1] INFO  util.JmxRegister (JmxRegister.java:unregister(73)) - Successfully un-registered JMX Bean with object name Ratis:service=RaftServer,group=group-7CEF0AECE6CC,id=e568d23f-199e-48ce-91e4-5c166e2e97cd
2019-09-25 07:05:26,647 [62ec8eb9-3ae9-4136-b70a-2caf3716fa7f@group-FF327785AE80-SegmentedRaftLogWorker] INFO  segmented.SegmentedRaftLogWorker (SegmentedRaftLogWorker.java:run(313)) - 62ec8eb9-3ae9-4136-b70a-2caf3716fa7f@group-FF327785AE80-SegmentedRaftLogWorker was interrupted, exiting. There are 0 tasks remaining in the queue.
2019-09-25 07:05:26,647 [ForkJoinPool.commonPool-worker-1] INFO  impl.RoleInfo (RoleInfo.java:shutdownLeaderState(104)) - e568d23f-199e-48ce-91e4-5c166e2e97cd: shutdown LeaderState
2019-09-25 07:05:26,648 [main] INFO  segmented.SegmentedRaftLogWorker (SegmentedRaftLogWorker.java:close(228)) - 62ec8eb9-3ae9-4136-b70a-2caf3716fa7f@group-FF327785AE80-SegmentedRaftLogWorker close()
2019-09-25 07:05:26,648 [ForkJoinPool.commonPool-worker-1] INFO  impl.PendingRequests (PendingRequests.java:sendNotLeaderResponses(202)) - e568d23f-199e-48ce-91e4-5c166e2e97cd-PendingRequests: sendNotLeaderResponses
2019-09-25 07:05:26,648 [main] INFO  impl.RaftServerImpl (RaftServerImpl.java:lambda$shutdown$3(251)) - 62ec8eb9-3ae9-4136-b70a-2caf3716fa7f@group-09E5DC343B97: shutdown
2019-09-25 07:05:26,648 [ForkJoinPool.commonPool-worker-1] INFO  impl.StateMachineUpdater (StateMachineUpdater.java:stopAndJoin(125)) - e568d23f-199e-48ce-91e4-5c166e2e97cd@group-7CEF0AECE6CC-StateMachineUpdater: set stopIndex = 0
2019-09-25 07:05:26,649 [main] INFO  util.JmxRegister (JmxRegister.java:unregister(73)) - Successfully un-registered JMX Bean with object name Ratis:service=RaftServer,group=group-09E5DC343B97,id=62ec8eb9-3ae9-4136-b70a-2caf3716fa7f
2019-09-25 07:05:26,649 [main] INFO  impl.RoleInfo (RoleInfo.java:shutdownLeaderState(104)) - 62ec8eb9-3ae9-4136-b70a-2caf3716fa7f: shutdown LeaderState
2019-09-25 07:05:26,649 [ForkJoinPool.commonPool-worker-1] INFO  impl.RaftServerImpl (ServerState.java:close(385)) - e568d23f-199e-48ce-91e4-5c166e2e97cd@group-7CEF0AECE6CC: closes. applyIndex: 0
2019-09-25 07:05:26,650 [main] INFO  impl.PendingRequests (PendingRequests.java:sendNotLeaderResponses(202)) - 62ec8eb9-3ae9-4136-b70a-2caf3716fa7f-PendingRequests: sendNotLeaderResponses
2019-09-25 07:05:26,650 [e568d23f-199e-48ce-91e4-5c166e2e97cd@group-7CEF0AECE6CC-SegmentedRaftLogWorker] INFO  segmented.SegmentedRaftLogWorker (SegmentedRaftLogWorker.java:run(313)) - e568d23f-199e-48ce-91e4-5c166e2e97cd@group-7CEF0AECE6CC-SegmentedRaftLogWorker was interrupted, exiting. There are 0 tasks remaining in the queue.
2019-09-25 07:05:26,650 [main] INFO  impl.StateMachineUpdater (StateMachineUpdater.java:stopAndJoin(125)) - 62ec8eb9-3ae9-4136-b70a-2caf3716fa7f@group-09E5DC343B97-StateMachineUpdater: set stopIndex = 0
2019-09-25 07:05:26,650 [ForkJoinPool.commonPool-worker-1] INFO  segmented.SegmentedRaftLogWorker (SegmentedRaftLogWorker.java:close(228)) - e568d23f-199e-48ce-91e4-5c166e2e97cd@group-7CEF0AECE6CC-SegmentedRaftLogWorker close()
2019-09-25 07:05:26,651 [main] INFO  impl.RaftServerImpl (ServerState.java:close(385)) - 62ec8eb9-3ae9-4136-b70a-2caf3716fa7f@group-09E5DC343B97: closes. applyIndex: 0
2019-09-25 07:05:26,651 [grpc-default-executor-5] INFO  impl.RaftServerProxy (RaftServerProxy.java:remove(95)) - e568d23f-199e-48ce-91e4-5c166e2e97cd: remove group-A580917960F3:null
2019-09-25 07:05:26,651 [62ec8eb9-3ae9-4136-b70a-2caf3716fa7f@group-09E5DC343B97-SegmentedRaftLogWorker] INFO  segmented.SegmentedRaftLogWorker (SegmentedRaftLogWorker.java:run(313)) - 62ec8eb9-3ae9-4136-b70a-2caf3716fa7f@group-09E5DC343B97-SegmentedRaftLogWorker was interrupted, exiting. There are 0 tasks remaining in the queue.
2019-09-25 07:05:26,651 [grpc-default-executor-5] WARN  impl.RaftServerProxy (RaftServerProxy.java:lambda$groupAddAsync$11(388)) - e568d23f-199e-48ce-91e4-5c166e2e97cd: Failed groupAdd* GroupManagementRequest:client-02D45FEA7A73->e568d23f-199e-48ce-91e4-5c166e2e97cd@group-A580917960F3, cid=253, seq=0, RW, null, Add:group-A580917960F3:[24bf2945-a329-4da6-aaf2-23ecd8d462c6:192.168.30.10:42867, e568d23f-199e-48ce-91e4-5c166e2e97cd:192.168.30.10:42827, 62ec8eb9-3ae9-4136-b70a-2caf3716fa7f:192.168.30.10:44715]
java.util.concurrent.CompletionException: org.apache.ratis.protocol.AlreadyClosedException: e568d23f-199e-48ce-91e4-5c166e2e97cd: Failed to add group-A580917960F3:[24bf2945-a329-4da6-aaf2-23ecd8d462c6:192.168.30.10:42867, e568d23f-199e-48ce-91e4-5c166e2e97cd:192.168.30.10:42827, 62ec8eb9-3ae9-4136-b70a-2caf3716fa7f:192.168.30.10:44715] since the server is already closed
	at java.util.concurrent.CompletableFuture.encodeThrowable(CompletableFuture.java:292)
	at java.util.concurrent.CompletableFuture.completeThrowable(CompletableFuture.java:308)
	at java.util.concurrent.CompletableFuture.uniApply(CompletableFuture.java:593)
	at java.util.concurrent.CompletableFuture$UniApply.tryFire(CompletableFuture.java:577)
	at java.util.concurrent.CompletableFuture.uniApplyStage(CompletableFuture.java:617)
	at java.util.concurrent.CompletableFuture.thenApplyAsync(CompletableFuture.java:1993)
	at org.apache.ratis.server.impl.RaftServerProxy.groupAddAsync(RaftServerProxy.java:379)
	at org.apache.ratis.server.impl.RaftServerProxy.groupManagementAsync(RaftServerProxy.java:363)
	at org.apache.ratis.grpc.server.GrpcAdminProtocolService.lambda$groupManagement$0(GrpcAdminProtocolService.java:42)
	at org.apache.ratis.grpc.GrpcUtil.asyncCall(GrpcUtil.java:140)
	at org.apache.ratis.grpc.server.GrpcAdminProtocolService.groupManagement(GrpcAdminProtocolService.java:42)
	at org.apache.ratis.proto.grpc.AdminProtocolServiceGrpc$MethodHandlers.invoke(AdminProtocolServiceGrpc.java:361)
	at org.apache.ratis.thirdparty.io.grpc.stub.ServerCalls$UnaryServerCallHandler$UnaryServerCallListener.onHalfClose(ServerCalls.java:171)
	at org.apache.ratis.thirdparty.io.grpc.internal.ServerCallImpl$ServerStreamListenerImpl.halfClosed(ServerCallImpl.java:283)
	at org.apache.ratis.thirdparty.io.grpc.internal.ServerImpl$JumpToApplicationThreadServerStreamListener$1HalfClosed.runInContext(ServerImpl.java:710)
	at org.apache.ratis.thirdparty.io.grpc.internal.ContextRunnable.run(ContextRunnable.java:37)
	at org.apache.ratis.thirdparty.io.grpc.internal.SerializingExecutor.run(SerializingExecutor.java:123)
	at java.util.concurrent.ThreadPoolExecutor.runWorker(ThreadPoolExecutor.java:1149)
	at java.util.concurrent.ThreadPoolExecutor$Worker.run(ThreadPoolExecutor.java:624)
	at java.lang.Thread.run(Thread.java:748)
Caused by: org.apache.ratis.protocol.AlreadyClosedException: e568d23f-199e-48ce-91e4-5c166e2e97cd: Failed to add group-A580917960F3:[24bf2945-a329-4da6-aaf2-23ecd8d462c6:192.168.30.10:42867, e568d23f-199e-48ce-91e4-5c166e2e97cd:192.168.30.10:42827, 62ec8eb9-3ae9-4136-b70a-2caf3716fa7f:192.168.30.10:44715] since the server is already closed
	at org.apache.ratis.server.impl.RaftServerProxy$ImplMap.addNew(RaftServerProxy.java:79)
	at org.apache.ratis.server.impl.RaftServerProxy.groupAddAsync(RaftServerProxy.java:378)
	... 13 more
2019-09-25 07:05:26,652 [main] INFO  segmented.SegmentedRaftLogWorker (SegmentedRaftLogWorker.java:close(228)) - 62ec8eb9-3ae9-4136-b70a-2caf3716fa7f@group-09E5DC343B97-SegmentedRaftLogWorker close()
2019-09-25 07:05:26,652 [ForkJoinPool.commonPool-worker-1] INFO  server.GrpcService (GrpcService.java:closeImpl(164)) - e568d23f-199e-48ce-91e4-5c166e2e97cd: shutdown server with port 42827 now
2019-09-25 07:05:26,653 [main] INFO  impl.RaftServerImpl (RaftServerImpl.java:lambda$shutdown$3(251)) - 62ec8eb9-3ae9-4136-b70a-2caf3716fa7f@group-88815D580A0A: shutdown
2019-09-25 07:05:26,653 [main] INFO  util.JmxRegister (JmxRegister.java:unregister(73)) - Successfully un-registered JMX Bean with object name Ratis:service=RaftServer,group=group-88815D580A0A,id=62ec8eb9-3ae9-4136-b70a-2caf3716fa7f
2019-09-25 07:05:26,653 [main] INFO  impl.RoleInfo (RoleInfo.java:shutdownFollowerState(121)) - 62ec8eb9-3ae9-4136-b70a-2caf3716fa7f: shutdown FollowerState
2019-09-25 07:05:26,654 [main] INFO  impl.StateMachineUpdater (StateMachineUpdater.java:stopAndJoin(125)) - 62ec8eb9-3ae9-4136-b70a-2caf3716fa7f@group-88815D580A0A-StateMachineUpdater: set stopIndex = -1
2019-09-25 07:05:26,654 [Thread-1225] INFO  impl.FollowerState (FollowerState.java:run(115)) - 62ec8eb9-3ae9-4136-b70a-2caf3716fa7f: FollowerState was interrupted: java.lang.InterruptedException: sleep interrupted
2019-09-25 07:05:26,654 [main] INFO  impl.RaftServerImpl (ServerState.java:close(385)) - 62ec8eb9-3ae9-4136-b70a-2caf3716fa7f@group-88815D580A0A: closes. applyIndex: -1
2019-09-25 07:05:26,654 [62ec8eb9-3ae9-4136-b70a-2caf3716fa7f@group-88815D580A0A-SegmentedRaftLogWorker] INFO  segmented.SegmentedRaftLogWorker (SegmentedRaftLogWorker.java:run(313)) - 62ec8eb9-3ae9-4136-b70a-2caf3716fa7f@group-88815D580A0A-SegmentedRaftLogWorker was interrupted, exiting. There are 0 tasks remaining in the queue.
2019-09-25 07:05:26,655 [main] INFO  segmented.SegmentedRaftLogWorker (SegmentedRaftLogWorker.java:close(228)) - 62ec8eb9-3ae9-4136-b70a-2caf3716fa7f@group-88815D580A0A-SegmentedRaftLogWorker close()
2019-09-25 07:05:26,655 [main] INFO  impl.RaftServerImpl (RaftServerImpl.java:lambda$shutdown$3(251)) - 62ec8eb9-3ae9-4136-b70a-2caf3716fa7f@group-3F968371FB08: shutdown
2019-09-25 07:05:26,655 [main] INFO  util.JmxRegister (JmxRegister.java:unregister(73)) - Successfully un-registered JMX Bean with object name Ratis:service=RaftServer,group=group-3F968371FB08,id=62ec8eb9-3ae9-4136-b70a-2caf3716fa7f
2019-09-25 07:05:26,687 [main] INFO  impl.RoleInfo (RoleInfo.java:shutdownLeaderState(104)) - 62ec8eb9-3ae9-4136-b70a-2caf3716fa7f: shutdown LeaderState
2019-09-25 07:05:26,688 [main] INFO  impl.PendingRequests (PendingRequests.java:sendNotLeaderResponses(202)) - 62ec8eb9-3ae9-4136-b70a-2caf3716fa7f-PendingRequests: sendNotLeaderResponses
2019-09-25 07:05:26,688 [ForkJoinPool.commonPool-worker-1] INFO  server.GrpcService (GrpcService.java:closeImpl(172)) - e568d23f-199e-48ce-91e4-5c166e2e97cd: shutdown server with port 42827 successfully
2019-09-25 07:05:26,688 [main] INFO  impl.StateMachineUpdater (StateMachineUpdater.java:stopAndJoin(125)) - 62ec8eb9-3ae9-4136-b70a-2caf3716fa7f@group-3F968371FB08-StateMachineUpdater: set stopIndex = 0
2019-09-25 07:05:26,689 [main] INFO  impl.RaftServerImpl (ServerState.java:close(385)) - 62ec8eb9-3ae9-4136-b70a-2caf3716fa7f@group-3F968371FB08: closes. applyIndex: 0
2019-09-25 07:05:26,690 [62ec8eb9-3ae9-4136-b70a-2caf3716fa7f@group-3F968371FB08-SegmentedRaftLogWorker] INFO  segmented.SegmentedRaftLogWorker (SegmentedRaftLogWorker.java:run(313)) - 62ec8eb9-3ae9-4136-b70a-2caf3716fa7f@group-3F968371FB08-SegmentedRaftLogWorker was interrupted, exiting. There are 0 tasks remaining in the queue.
2019-09-25 07:05:26,690 [main] INFO  segmented.SegmentedRaftLogWorker (SegmentedRaftLogWorker.java:close(228)) - 62ec8eb9-3ae9-4136-b70a-2caf3716fa7f@group-3F968371FB08-SegmentedRaftLogWorker close()
2019-09-25 07:05:26,690 [RATISCREATEPIPELINE0] ERROR pipeline.RatisPipelineProvider (RatisPipelineProvider.java:lambda$null$2(181)) - Failed invoke Ratis rpc org.apache.hadoop.hdds.scm.pipeline.RatisPipelineProvider$$Lambda$179/98052779@4b8a539f for e568d23f-199e-48ce-91e4-5c166e2e97cd
java.io.IOException: org.apache.ratis.thirdparty.io.grpc.StatusRuntimeException: CANCELLED: HTTP/2 error code: CANCEL
Received Rst Stream
	at org.apache.ratis.grpc.GrpcUtil.unwrapException(GrpcUtil.java:76)
	at org.apache.ratis.grpc.client.GrpcClientProtocolClient.blockingCall(GrpcClientProtocolClient.java:178)
	at org.apache.ratis.grpc.client.GrpcClientProtocolClient.groupAdd(GrpcClientProtocolClient.java:147)
	at org.apache.ratis.grpc.client.GrpcClientRpc.sendRequest(GrpcClientRpc.java:94)
	at org.apache.ratis.client.impl.RaftClientImpl.sendRequest(RaftClientImpl.java:278)
	at org.apache.ratis.client.impl.RaftClientImpl.groupAdd(RaftClientImpl.java:205)
	at org.apache.hadoop.hdds.scm.pipeline.RatisPipelineProvider.lambda$initializePipeline$1(RatisPipelineProvider.java:142)
	at org.apache.hadoop.hdds.scm.pipeline.RatisPipelineProvider.lambda$null$2(RatisPipelineProvider.java:177)
	at java.util.stream.ForEachOps$ForEachOp$OfRef.accept(ForEachOps.java:184)
	at java.util.ArrayList$ArrayListSpliterator.forEachRemaining(ArrayList.java:1382)
	at java.util.stream.AbstractPipeline.copyInto(AbstractPipeline.java:482)
	at java.util.stream.ForEachOps$ForEachTask.compute(ForEachOps.java:291)
	at java.util.concurrent.CountedCompleter.exec(CountedCompleter.java:731)
	at java.util.concurrent.ForkJoinTask.doExec(ForkJoinTask.java:289)
	at java.util.concurrent.ForkJoinPool$WorkQueue.runTask(ForkJoinPool.java:1056)
	at java.util.concurrent.ForkJoinPool.runWorker(ForkJoinPool.java:1692)
	at java.util.concurrent.ForkJoinWorkerThread.run(ForkJoinWorkerThread.java:157)
Caused by: org.apache.ratis.thirdparty.io.grpc.StatusRuntimeException: CANCELLED: HTTP/2 error code: CANCEL
Received Rst Stream
	at org.apache.ratis.thirdparty.io.grpc.stub.ClientCalls.toStatusRuntimeException(ClientCalls.java:233)
	at org.apache.ratis.thirdparty.io.grpc.stub.ClientCalls.getUnchecked(ClientCalls.java:214)
	at org.apache.ratis.thirdparty.io.grpc.stub.ClientCalls.blockingUnaryCall(ClientCalls.java:139)
	at org.apache.ratis.proto.grpc.AdminProtocolServiceGrpc$AdminProtocolServiceBlockingStub.groupManagement(AdminProtocolServiceGrpc.java:274)
	at org.apache.ratis.grpc.client.GrpcClientProtocolClient.lambda$groupAdd$3(GrpcClientProtocolClient.java:149)
	at org.apache.ratis.grpc.client.GrpcClientProtocolClient.blockingCall(GrpcClientProtocolClient.java:176)
	... 15 more
2019-09-25 07:05:26,690 [main] INFO  impl.RaftServerImpl (RaftServerImpl.java:lambda$shutdown$3(251)) - 62ec8eb9-3ae9-4136-b70a-2caf3716fa7f@group-845EE7B13043: shutdown
2019-09-25 07:05:26,691 [main] INFO  util.JmxRegister (JmxRegister.java:unregister(73)) - Successfully un-registered JMX Bean with object name Ratis:service=RaftServer,group=group-845EE7B13043,id=62ec8eb9-3ae9-4136-b70a-2caf3716fa7f
2019-09-25 07:05:26,692 [main] INFO  impl.RoleInfo (RoleInfo.java:shutdownFollowerState(121)) - 62ec8eb9-3ae9-4136-b70a-2caf3716fa7f: shutdown FollowerState
2019-09-25 07:05:26,692 [main] INFO  impl.StateMachineUpdater (StateMachineUpdater.java:stopAndJoin(125)) - 62ec8eb9-3ae9-4136-b70a-2caf3716fa7f@group-845EE7B13043-StateMachineUpdater: set stopIndex = -1
2019-09-25 07:05:26,693 [Thread-1243] INFO  impl.FollowerState (FollowerState.java:run(115)) - 62ec8eb9-3ae9-4136-b70a-2caf3716fa7f: FollowerState was interrupted: java.lang.InterruptedException: sleep interrupted
2019-09-25 07:05:26,693 [main] INFO  impl.RaftServerImpl (ServerState.java:close(385)) - 62ec8eb9-3ae9-4136-b70a-2caf3716fa7f@group-845EE7B13043: closes. applyIndex: -1
2019-09-25 07:05:26,698 [62ec8eb9-3ae9-4136-b70a-2caf3716fa7f@group-845EE7B13043-SegmentedRaftLogWorker] INFO  segmented.SegmentedRaftLogWorker (SegmentedRaftLogWorker.java:run(313)) - 62ec8eb9-3ae9-4136-b70a-2caf3716fa7f@group-845EE7B13043-SegmentedRaftLogWorker was interrupted, exiting. There are 0 tasks remaining in the queue.
2019-09-25 07:05:26,698 [main] INFO  segmented.SegmentedRaftLogWorker (SegmentedRaftLogWorker.java:close(228)) - 62ec8eb9-3ae9-4136-b70a-2caf3716fa7f@group-845EE7B13043-SegmentedRaftLogWorker close()
2019-09-25 07:05:26,698 [main] INFO  impl.RaftServerImpl (RaftServerImpl.java:lambda$shutdown$3(251)) - 62ec8eb9-3ae9-4136-b70a-2caf3716fa7f@group-80C48EA242F6: shutdown
2019-09-25 07:05:26,699 [main] INFO  util.JmxRegister (JmxRegister.java:unregister(73)) - Successfully un-registered JMX Bean with object name Ratis:service=RaftServer,group=group-80C48EA242F6,id=62ec8eb9-3ae9-4136-b70a-2caf3716fa7f
2019-09-25 07:05:26,699 [main] INFO  impl.RoleInfo (RoleInfo.java:shutdownLeaderState(104)) - 62ec8eb9-3ae9-4136-b70a-2caf3716fa7f: shutdown LeaderState
2019-09-25 07:05:26,700 [main] INFO  impl.PendingRequests (PendingRequests.java:sendNotLeaderResponses(202)) - 62ec8eb9-3ae9-4136-b70a-2caf3716fa7f-PendingRequests: sendNotLeaderResponses
2019-09-25 07:05:26,700 [main] INFO  impl.StateMachineUpdater (StateMachineUpdater.java:stopAndJoin(125)) - 62ec8eb9-3ae9-4136-b70a-2caf3716fa7f@group-80C48EA242F6-StateMachineUpdater: set stopIndex = 0
2019-09-25 07:05:26,701 [main] INFO  impl.RaftServerImpl (ServerState.java:close(385)) - 62ec8eb9-3ae9-4136-b70a-2caf3716fa7f@group-80C48EA242F6: closes. applyIndex: 0
2019-09-25 07:05:26,702 [62ec8eb9-3ae9-4136-b70a-2caf3716fa7f@group-80C48EA242F6-SegmentedRaftLogWorker] INFO  segmented.SegmentedRaftLogWorker (SegmentedRaftLogWorker.java:run(313)) - 62ec8eb9-3ae9-4136-b70a-2caf3716fa7f@group-80C48EA242F6-SegmentedRaftLogWorker was interrupted, exiting. There are 0 tasks remaining in the queue.
2019-09-25 07:05:26,702 [main] INFO  segmented.SegmentedRaftLogWorker (SegmentedRaftLogWorker.java:close(228)) - 62ec8eb9-3ae9-4136-b70a-2caf3716fa7f@group-80C48EA242F6-SegmentedRaftLogWorker close()
2019-09-25 07:05:26,703 [main] INFO  impl.RaftServerImpl (RaftServerImpl.java:lambda$shutdown$3(251)) - 62ec8eb9-3ae9-4136-b70a-2caf3716fa7f@group-C7F11E13D9FD: shutdown
2019-09-25 07:05:26,703 [main] INFO  util.JmxRegister (JmxRegister.java:unregister(73)) - Successfully un-registered JMX Bean with object name Ratis:service=RaftServer,group=group-C7F11E13D9FD,id=62ec8eb9-3ae9-4136-b70a-2caf3716fa7f
2019-09-25 07:05:26,704 [main] INFO  impl.RoleInfo (RoleInfo.java:shutdownFollowerState(121)) - 62ec8eb9-3ae9-4136-b70a-2caf3716fa7f: shutdown FollowerState
2019-09-25 07:05:26,704 [main] INFO  impl.StateMachineUpdater (StateMachineUpdater.java:stopAndJoin(125)) - 62ec8eb9-3ae9-4136-b70a-2caf3716fa7f@group-C7F11E13D9FD-StateMachineUpdater: set stopIndex = -1
2019-09-25 07:05:26,704 [Thread-1180] INFO  impl.FollowerState (FollowerState.java:run(115)) - 62ec8eb9-3ae9-4136-b70a-2caf3716fa7f: FollowerState was interrupted: java.lang.InterruptedException: sleep interrupted
2019-09-25 07:05:26,705 [main] INFO  impl.RaftServerImpl (ServerState.java:close(385)) - 62ec8eb9-3ae9-4136-b70a-2caf3716fa7f@group-C7F11E13D9FD: closes. applyIndex: -1
2019-09-25 07:05:26,705 [62ec8eb9-3ae9-4136-b70a-2caf3716fa7f@group-C7F11E13D9FD-SegmentedRaftLogWorker] INFO  segmented.SegmentedRaftLogWorker (SegmentedRaftLogWorker.java:run(313)) - 62ec8eb9-3ae9-4136-b70a-2caf3716fa7f@group-C7F11E13D9FD-SegmentedRaftLogWorker was interrupted, exiting. There are 0 tasks remaining in the queue.
2019-09-25 07:05:26,705 [main] INFO  segmented.SegmentedRaftLogWorker (SegmentedRaftLogWorker.java:close(228)) - 62ec8eb9-3ae9-4136-b70a-2caf3716fa7f@group-C7F11E13D9FD-SegmentedRaftLogWorker close()
2019-09-25 07:05:26,705 [refreshUsed-/workdir/hadoop-ozone/integration-test/target/test-dir/MiniOzoneClusterImpl-39af9574-7a8b-4ed7-b830-bf686a3d4bb8/datanode-0/data/containers] WARN  fs.CachingGetSpaceUsed (CachingGetSpaceUsed.java:run(183)) - Thread Interrupted waiting to refresh disk information: sleep interrupted
2019-09-25 07:05:26,706 [main] INFO  impl.RaftServerImpl (RaftServerImpl.java:lambda$shutdown$3(251)) - 62ec8eb9-3ae9-4136-b70a-2caf3716fa7f@group-018DCFEB47B2: shutdown
2019-09-25 07:05:26,707 [main] INFO  util.JmxRegister (JmxRegister.java:unregister(73)) - Successfully un-registered JMX Bean with object name Ratis:service=RaftServer,group=group-018DCFEB47B2,id=62ec8eb9-3ae9-4136-b70a-2caf3716fa7f
2019-09-25 07:05:26,707 [main] INFO  impl.RoleInfo (RoleInfo.java:shutdownFollowerState(121)) - 62ec8eb9-3ae9-4136-b70a-2caf3716fa7f: shutdown FollowerState
2019-09-25 07:05:26,707 [main] INFO  impl.StateMachineUpdater (StateMachineUpdater.java:stopAndJoin(125)) - 62ec8eb9-3ae9-4136-b70a-2caf3716fa7f@group-018DCFEB47B2-StateMachineUpdater: set stopIndex = -1
2019-09-25 07:05:26,707 [Thread-1282] INFO  impl.FollowerState (FollowerState.java:run(115)) - 62ec8eb9-3ae9-4136-b70a-2caf3716fa7f: FollowerState was interrupted: java.lang.InterruptedException: sleep interrupted
2019-09-25 07:05:26,708 [24bf2945-a329-4da6-aaf2-23ecd8d462c6@group-FF8F6BC58C11-SegmentedRaftLogWorker] INFO  segmented.SegmentedRaftLogWorker (SegmentedRaftLogWorker.java:execute(569)) - 24bf2945-a329-4da6-aaf2-23ecd8d462c6@group-FF8F6BC58C11-SegmentedRaftLogWorker: created new log segment /workdir/hadoop-ozone/integration-test/target/test-dir/MiniOzoneClusterImpl-39af9574-7a8b-4ed7-b830-bf686a3d4bb8/datanode-2/data/ratis/bc9c91c5-f8e6-4b56-9d19-ff8f6bc58c11/current/log_inprogress_0
2019-09-25 07:05:26,708 [main] INFO  impl.RaftServerImpl (ServerState.java:close(385)) - 62ec8eb9-3ae9-4136-b70a-2caf3716fa7f@group-018DCFEB47B2: closes. applyIndex: -1
2019-09-25 07:05:26,708 [62ec8eb9-3ae9-4136-b70a-2caf3716fa7f@group-018DCFEB47B2-SegmentedRaftLogWorker] INFO  segmented.SegmentedRaftLogWorker (SegmentedRaftLogWorker.java:run(313)) - 62ec8eb9-3ae9-4136-b70a-2caf3716fa7f@group-018DCFEB47B2-SegmentedRaftLogWorker was interrupted, exiting. There are 0 tasks remaining in the queue.
2019-09-25 07:05:26,709 [main] INFO  segmented.SegmentedRaftLogWorker (SegmentedRaftLogWorker.java:close(228)) - 62ec8eb9-3ae9-4136-b70a-2caf3716fa7f@group-018DCFEB47B2-SegmentedRaftLogWorker close()
2019-09-25 07:05:26,709 [main] INFO  server.GrpcService (GrpcService.java:closeImpl(164)) - 62ec8eb9-3ae9-4136-b70a-2caf3716fa7f: shutdown server with port 44715 now
2019-09-25 07:05:26,709 [grpc-default-executor-1] INFO  impl.RaftServerProxy (RaftServerProxy.java:remove(95)) - 62ec8eb9-3ae9-4136-b70a-2caf3716fa7f: remove group-A580917960F3:null
2019-09-25 07:05:26,710 [grpc-default-executor-1] WARN  impl.RaftServerProxy (RaftServerProxy.java:lambda$groupAddAsync$11(388)) - 62ec8eb9-3ae9-4136-b70a-2caf3716fa7f: Failed groupAdd* GroupManagementRequest:client-0A74031C4A82->62ec8eb9-3ae9-4136-b70a-2caf3716fa7f@group-A580917960F3, cid=252, seq=0, RW, null, Add:group-A580917960F3:[24bf2945-a329-4da6-aaf2-23ecd8d462c6:192.168.30.10:42867, e568d23f-199e-48ce-91e4-5c166e2e97cd:192.168.30.10:42827, 62ec8eb9-3ae9-4136-b70a-2caf3716fa7f:192.168.30.10:44715]
java.util.concurrent.CompletionException: org.apache.ratis.protocol.AlreadyClosedException: 62ec8eb9-3ae9-4136-b70a-2caf3716fa7f: Failed to add group-A580917960F3:[24bf2945-a329-4da6-aaf2-23ecd8d462c6:192.168.30.10:42867, e568d23f-199e-48ce-91e4-5c166e2e97cd:192.168.30.10:42827, 62ec8eb9-3ae9-4136-b70a-2caf3716fa7f:192.168.30.10:44715] since the server is already closed
	at java.util.concurrent.CompletableFuture.encodeThrowable(CompletableFuture.java:292)
	at java.util.concurrent.CompletableFuture.completeThrowable(CompletableFuture.java:308)
	at java.util.concurrent.CompletableFuture.uniApply(CompletableFuture.java:593)
	at java.util.concurrent.CompletableFuture$UniApply.tryFire(CompletableFuture.java:577)
	at java.util.concurrent.CompletableFuture.uniApplyStage(CompletableFuture.java:617)
	at java.util.concurrent.CompletableFuture.thenApplyAsync(CompletableFuture.java:1993)
	at org.apache.ratis.server.impl.RaftServerProxy.groupAddAsync(RaftServerProxy.java:379)
	at org.apache.ratis.server.impl.RaftServerProxy.groupManagementAsync(RaftServerProxy.java:363)
	at org.apache.ratis.grpc.server.GrpcAdminProtocolService.lambda$groupManagement$0(GrpcAdminProtocolService.java:42)
	at org.apache.ratis.grpc.GrpcUtil.asyncCall(GrpcUtil.java:140)
	at org.apache.ratis.grpc.server.GrpcAdminProtocolService.groupManagement(GrpcAdminProtocolService.java:42)
	at org.apache.ratis.proto.grpc.AdminProtocolServiceGrpc$MethodHandlers.invoke(AdminProtocolServiceGrpc.java:361)
	at org.apache.ratis.thirdparty.io.grpc.stub.ServerCalls$UnaryServerCallHandler$UnaryServerCallListener.onHalfClose(ServerCalls.java:171)
	at org.apache.ratis.thirdparty.io.grpc.internal.ServerCallImpl$ServerStreamListenerImpl.halfClosed(ServerCallImpl.java:283)
	at org.apache.ratis.thirdparty.io.grpc.internal.ServerImpl$JumpToApplicationThreadServerStreamListener$1HalfClosed.runInContext(ServerImpl.java:710)
	at org.apache.ratis.thirdparty.io.grpc.internal.ContextRunnable.run(ContextRunnable.java:37)
	at org.apache.ratis.thirdparty.io.grpc.internal.SerializingExecutor.run(SerializingExecutor.java:123)
	at java.util.concurrent.ThreadPoolExecutor.runWorker(ThreadPoolExecutor.java:1149)
	at java.util.concurrent.ThreadPoolExecutor$Worker.run(ThreadPoolExecutor.java:624)
	at java.lang.Thread.run(Thread.java:748)
Caused by: org.apache.ratis.protocol.AlreadyClosedException: 62ec8eb9-3ae9-4136-b70a-2caf3716fa7f: Failed to add group-A580917960F3:[24bf2945-a329-4da6-aaf2-23ecd8d462c6:192.168.30.10:42867, e568d23f-199e-48ce-91e4-5c166e2e97cd:192.168.30.10:42827, 62ec8eb9-3ae9-4136-b70a-2caf3716fa7f:192.168.30.10:44715] since the server is already closed
	at org.apache.ratis.server.impl.RaftServerProxy$ImplMap.addNew(RaftServerProxy.java:79)
	at org.apache.ratis.server.impl.RaftServerProxy.groupAddAsync(RaftServerProxy.java:378)
	... 13 more
2019-09-25 07:05:26,710 [main] INFO  server.GrpcService (GrpcService.java:closeImpl(172)) - 62ec8eb9-3ae9-4136-b70a-2caf3716fa7f: shutdown server with port 44715 successfully
2019-09-25 07:05:26,711 [RATISCREATEPIPELINE2] ERROR pipeline.RatisPipelineProvider (RatisPipelineProvider.java:lambda$null$2(181)) - Failed invoke Ratis rpc org.apache.hadoop.hdds.scm.pipeline.RatisPipelineProvider$$Lambda$179/98052779@4b8a539f for 62ec8eb9-3ae9-4136-b70a-2caf3716fa7f
java.io.IOException: org.apache.ratis.thirdparty.io.grpc.StatusRuntimeException: CANCELLED: HTTP/2 error code: CANCEL
Received Rst Stream
	at org.apache.ratis.grpc.GrpcUtil.unwrapException(GrpcUtil.java:76)
	at org.apache.ratis.grpc.client.GrpcClientProtocolClient.blockingCall(GrpcClientProtocolClient.java:178)
	at org.apache.ratis.grpc.client.GrpcClientProtocolClient.groupAdd(GrpcClientProtocolClient.java:147)
	at org.apache.ratis.grpc.client.GrpcClientRpc.sendRequest(GrpcClientRpc.java:94)
	at org.apache.ratis.client.impl.RaftClientImpl.sendRequest(RaftClientImpl.java:278)
	at org.apache.ratis.client.impl.RaftClientImpl.groupAdd(RaftClientImpl.java:205)
	at org.apache.hadoop.hdds.scm.pipeline.RatisPipelineProvider.lambda$initializePipeline$1(RatisPipelineProvider.java:142)
	at org.apache.hadoop.hdds.scm.pipeline.RatisPipelineProvider.lambda$null$2(RatisPipelineProvider.java:177)
	at java.util.stream.ForEachOps$ForEachOp$OfRef.accept(ForEachOps.java:184)
	at java.util.ArrayList$ArrayListSpliterator.forEachRemaining(ArrayList.java:1382)
	at java.util.stream.AbstractPipeline.copyInto(AbstractPipeline.java:482)
	at java.util.stream.ForEachOps$ForEachTask.compute(ForEachOps.java:291)
	at java.util.concurrent.CountedCompleter.exec(CountedCompleter.java:731)
	at java.util.concurrent.ForkJoinTask.doExec(ForkJoinTask.java:289)
	at java.util.concurrent.ForkJoinTask.doInvoke(ForkJoinTask.java:401)
	at java.util.concurrent.ForkJoinTask.invoke(ForkJoinTask.java:734)
	at java.util.stream.ForEachOps$ForEachOp.evaluateParallel(ForEachOps.java:160)
	at java.util.stream.ForEachOps$ForEachOp$OfRef.evaluateParallel(ForEachOps.java:174)
	at java.util.stream.AbstractPipeline.evaluate(AbstractPipeline.java:233)
	at java.util.stream.ReferencePipeline.forEach(ReferencePipeline.java:418)
	at java.util.stream.ReferencePipeline$Head.forEach(ReferencePipeline.java:583)
	at org.apache.hadoop.hdds.scm.pipeline.RatisPipelineProvider.lambda$callRatisRpc$3(RatisPipelineProvider.java:171)
	at java.util.concurrent.ForkJoinTask$AdaptedRunnableAction.exec(ForkJoinTask.java:1386)
	at java.util.concurrent.ForkJoinTask.doExec(ForkJoinTask.java:289)
	at java.util.concurrent.ForkJoinPool$WorkQueue.runTask(ForkJoinPool.java:1056)
	at java.util.concurrent.ForkJoinPool.runWorker(ForkJoinPool.java:1692)
	at java.util.concurrent.ForkJoinWorkerThread.run(ForkJoinWorkerThread.java:157)
Caused by: org.apache.ratis.thirdparty.io.grpc.StatusRuntimeException: CANCELLED: HTTP/2 error code: CANCEL
Received Rst Stream
	at org.apache.ratis.thirdparty.io.grpc.stub.ClientCalls.toStatusRuntimeException(ClientCalls.java:233)
	at org.apache.ratis.thirdparty.io.grpc.stub.ClientCalls.getUnchecked(ClientCalls.java:214)
	at org.apache.ratis.thirdparty.io.grpc.stub.ClientCalls.blockingUnaryCall(ClientCalls.java:139)
	at org.apache.ratis.proto.grpc.AdminProtocolServiceGrpc$AdminProtocolServiceBlockingStub.groupManagement(AdminProtocolServiceGrpc.java:274)
	at org.apache.ratis.grpc.client.GrpcClientProtocolClient.lambda$groupAdd$3(GrpcClientProtocolClient.java:149)
	at org.apache.ratis.grpc.client.GrpcClientProtocolClient.blockingCall(GrpcClientProtocolClient.java:176)
	... 25 more
2019-09-25 07:05:26,714 [RatisPipelineUtilsThread] ERROR pipeline.SCMPipelineManager (SCMPipelineManager.java:createPipeline(167)) - Pipeline creation failed due to exception: 2 exceptions [java.io.IOException: Failed invoke Ratis rpc org.apache.hadoop.hdds.scm.pipeline.RatisPipelineProvider$$Lambda$179/98052779@4b8a539f for e568d23f-199e-48ce-91e4-5c166e2e97cd, java.io.IOException: Failed invoke Ratis rpc org.apache.hadoop.hdds.scm.pipeline.RatisPipelineProvider$$Lambda$179/98052779@4b8a539f for 62ec8eb9-3ae9-4136-b70a-2caf3716fa7f]
2019-09-25 07:05:26,714 [refreshUsed-/workdir/hadoop-ozone/integration-test/target/test-dir/MiniOzoneClusterImpl-39af9574-7a8b-4ed7-b830-bf686a3d4bb8/datanode-1/data/containers] WARN  fs.CachingGetSpaceUsed (CachingGetSpaceUsed.java:run(183)) - Thread Interrupted waiting to refresh disk information: sleep interrupted
2019-09-25 07:05:26,724 [ForkJoinPool.commonPool-worker-1] INFO  utils.BackgroundService (BackgroundService.java:shutdown(148)) - Shutting down service BlockDeletingService
2019-09-25 07:05:26,731 [ForkJoinPool.commonPool-worker-1] INFO  statemachine.DatanodeStateMachine (DatanodeStateMachine.java:stopDaemon(395)) - Ozone container server stopped.
2019-09-25 07:05:26,737 [ForkJoinPool.commonPool-worker-1] INFO  handler.ContextHandler (ContextHandler.java:doStop(910)) - Stopped o.e.j.w.WebAppContext@3c5dbdf8{/,null,UNAVAILABLE}{/hddsDatanode}
2019-09-25 07:05:26,739 [ForkJoinPool.commonPool-worker-1] INFO  server.AbstractConnector (AbstractConnector.java:doStop(318)) - Stopped ServerConnector@352c44a8{HTTP/1.1,[http/1.1]}{0.0.0.0:0}
2019-09-25 07:05:26,741 [ForkJoinPool.commonPool-worker-1] INFO  handler.ContextHandler (ContextHandler.java:doStop(910)) - Stopped o.e.j.s.ServletContextHandler@433348bc{/static,jar:file:/home/user/.m2/repository/org/apache/hadoop/hadoop-hdds-container-service/0.5.0-SNAPSHOT/hadoop-hdds-container-service-0.5.0-SNAPSHOT.jar!/webapps/static,UNAVAILABLE}
2019-09-25 07:05:26,743 [ForkJoinPool.commonPool-worker-1] INFO  handler.ContextHandler (ContextHandler.java:doStop(910)) - Stopped o.e.j.s.ServletContextHandler@5fa23c{/logs,file:///workdir/hadoop-ozone/integration-test/target/log,UNAVAILABLE}
2019-09-25 07:05:26,748 [main] INFO  utils.BackgroundService (BackgroundService.java:shutdown(148)) - Shutting down service BlockDeletingService
2019-09-25 07:05:26,753 [main] INFO  statemachine.DatanodeStateMachine (DatanodeStateMachine.java:stopDaemon(395)) - Ozone container server stopped.
2019-09-25 07:05:26,754 [main] INFO  handler.ContextHandler (ContextHandler.java:doStop(910)) - Stopped o.e.j.w.WebAppContext@1422ac7f{/,null,UNAVAILABLE}{/hddsDatanode}
2019-09-25 07:05:26,754 [main] INFO  server.AbstractConnector (AbstractConnector.java:doStop(318)) - Stopped ServerConnector@5e519ad3{HTTP/1.1,[http/1.1]}{0.0.0.0:0}
2019-09-25 07:05:26,755 [main] INFO  handler.ContextHandler (ContextHandler.java:doStop(910)) - Stopped o.e.j.s.ServletContextHandler@277b8fa4{/static,jar:file:/home/user/.m2/repository/org/apache/hadoop/hadoop-hdds-container-service/0.5.0-SNAPSHOT/hadoop-hdds-container-service-0.5.0-SNAPSHOT.jar!/webapps/static,UNAVAILABLE}
2019-09-25 07:05:26,755 [main] INFO  handler.ContextHandler (ContextHandler.java:doStop(910)) - Stopped o.e.j.s.ServletContextHandler@625d9132{/logs,file:///workdir/hadoop-ozone/integration-test/target/log,UNAVAILABLE}
2019-09-25 07:05:26,809 [Thread-1108] INFO  impl.FollowerState (FollowerState.java:run(106)) - 24bf2945-a329-4da6-aaf2-23ecd8d462c6:group-C8CC51DDE9E1 changes to CANDIDATE, lastRpcTime:5053, electionTimeout:5053ms
2019-09-25 07:05:26,809 [Thread-1108] INFO  impl.RoleInfo (RoleInfo.java:shutdownFollowerState(121)) - 24bf2945-a329-4da6-aaf2-23ecd8d462c6: shutdown FollowerState
2019-09-25 07:05:26,809 [Thread-1108] INFO  impl.RaftServerImpl (RaftServerImpl.java:setRole(174)) - 24bf2945-a329-4da6-aaf2-23ecd8d462c6@group-C8CC51DDE9E1: changes role from  FOLLOWER to CANDIDATE at term 0 for changeToCandidate
2019-09-25 07:05:26,809 [Thread-1108] INFO  impl.RoleInfo (RoleInfo.java:updateAndGet(143)) - 24bf2945-a329-4da6-aaf2-23ecd8d462c6: start LeaderElection
2019-09-25 07:05:26,823 [24bf2945-a329-4da6-aaf2-23ecd8d462c6@group-C8CC51DDE9E1:LeaderElection178] INFO  impl.LeaderElection (LeaderElection.java:askForVotes(182)) - 24bf2945-a329-4da6-aaf2-23ecd8d462c6@group-C8CC51DDE9E1:LeaderElection178: begin an election at term 1 for -1: [24bf2945-a329-4da6-aaf2-23ecd8d462c6:192.168.30.10:42867], old=null
2019-09-25 07:05:26,823 [24bf2945-a329-4da6-aaf2-23ecd8d462c6@group-C8CC51DDE9E1:LeaderElection178] INFO  impl.RoleInfo (RoleInfo.java:shutdownLeaderElection(134)) - 24bf2945-a329-4da6-aaf2-23ecd8d462c6: shutdown LeaderElection
2019-09-25 07:05:26,824 [24bf2945-a329-4da6-aaf2-23ecd8d462c6@group-C8CC51DDE9E1:LeaderElection178] INFO  impl.RaftServerImpl (RaftServerImpl.java:setRole(174)) - 24bf2945-a329-4da6-aaf2-23ecd8d462c6@group-C8CC51DDE9E1: changes role from CANDIDATE to LEADER at term 1 for changeToLeader
2019-09-25 07:05:26,824 [24bf2945-a329-4da6-aaf2-23ecd8d462c6@group-C8CC51DDE9E1:LeaderElection178] INFO  impl.RaftServerImpl (ServerState.java:setLeader(253)) - 24bf2945-a329-4da6-aaf2-23ecd8d462c6@group-C8CC51DDE9E1: change Leader from null to 24bf2945-a329-4da6-aaf2-23ecd8d462c6 at term 1 for becomeLeader, leader elected after 5073ms
2019-09-25 07:05:26,824 [24bf2945-a329-4da6-aaf2-23ecd8d462c6@group-C8CC51DDE9E1:LeaderElection178] INFO  server.RaftServerConfigKeys (ConfUtils.java:logGet(43)) - raft.server.staging.catchup.gap = 1000 (default)
2019-09-25 07:05:26,824 [24bf2945-a329-4da6-aaf2-23ecd8d462c6@group-C8CC51DDE9E1:LeaderElection178] INFO  server.RaftServerConfigKeys (ConfUtils.java:logGet(43)) - raft.server.rpc.sleep.time = 25ms (default)
2019-09-25 07:05:26,824 [24bf2945-a329-4da6-aaf2-23ecd8d462c6@group-C8CC51DDE9E1:LeaderElection178] INFO  server.RaftServerConfigKeys (ConfUtils.java:logGet(43)) - raft.server.write.element-limit = 4096 (default)
2019-09-25 07:05:26,824 [24bf2945-a329-4da6-aaf2-23ecd8d462c6@group-C8CC51DDE9E1:LeaderElection178] INFO  server.RaftServerConfigKeys (ConfUtils.java:logGet(43)) - raft.server.watch.timeout = 10s (default)
2019-09-25 07:05:26,824 [24bf2945-a329-4da6-aaf2-23ecd8d462c6@group-C8CC51DDE9E1:LeaderElection178] INFO  server.RaftServerConfigKeys (ConfUtils.java:logGet(43)) - raft.server.watch.timeout.denomination = 1s (default)
2019-09-25 07:05:26,824 [24bf2945-a329-4da6-aaf2-23ecd8d462c6@group-C8CC51DDE9E1:LeaderElection178] INFO  server.RaftServerConfigKeys (ConfUtils.java:logGet(43)) - raft.server.watch.element-limit = 65536 (default)
2019-09-25 07:05:26,825 [24bf2945-a329-4da6-aaf2-23ecd8d462c6@group-C8CC51DDE9E1:LeaderElection178] INFO  impl.RoleInfo (RoleInfo.java:updateAndGet(143)) - 24bf2945-a329-4da6-aaf2-23ecd8d462c6: start LeaderState
2019-09-25 07:05:26,826 [24bf2945-a329-4da6-aaf2-23ecd8d462c6@group-C8CC51DDE9E1:LeaderElection178] INFO  segmented.SegmentedRaftLogWorker (SegmentedRaftLogWorker.java:startLogSegment(380)) - 24bf2945-a329-4da6-aaf2-23ecd8d462c6@group-C8CC51DDE9E1-SegmentedRaftLogWorker: Starting segment from index:0
2019-09-25 07:05:26,826 [24bf2945-a329-4da6-aaf2-23ecd8d462c6@group-C8CC51DDE9E1:LeaderElection178] INFO  impl.RaftServerImpl (ServerState.java:setRaftConf(354)) - 24bf2945-a329-4da6-aaf2-23ecd8d462c6@group-C8CC51DDE9E1: set configuration 0: [24bf2945-a329-4da6-aaf2-23ecd8d462c6:192.168.30.10:42867], old=null at 0
2019-09-25 07:05:26,881 [24bf2945-a329-4da6-aaf2-23ecd8d462c6@group-C8CC51DDE9E1-SegmentedRaftLogWorker] INFO  segmented.SegmentedRaftLogWorker (SegmentedRaftLogWorker.java:execute(569)) - 24bf2945-a329-4da6-aaf2-23ecd8d462c6@group-C8CC51DDE9E1-SegmentedRaftLogWorker: created new log segment /workdir/hadoop-ozone/integration-test/target/test-dir/MiniOzoneClusterImpl-39af9574-7a8b-4ed7-b830-bf686a3d4bb8/datanode-2/data/ratis/150db07c-3973-4fc4-9d43-c8cc51dde9e1/current/log_inprogress_0
2019-09-25 07:05:26,882 [Thread-1114] INFO  impl.FollowerState (FollowerState.java:run(106)) - 24bf2945-a329-4da6-aaf2-23ecd8d462c6:group-EE4AE98013B0 changes to CANDIDATE, lastRpcTime:5046, electionTimeout:5046ms
2019-09-25 07:05:26,882 [Thread-1114] INFO  impl.RoleInfo (RoleInfo.java:shutdownFollowerState(121)) - 24bf2945-a329-4da6-aaf2-23ecd8d462c6: shutdown FollowerState
2019-09-25 07:05:26,882 [Thread-1114] INFO  impl.RaftServerImpl (RaftServerImpl.java:setRole(174)) - 24bf2945-a329-4da6-aaf2-23ecd8d462c6@group-EE4AE98013B0: changes role from  FOLLOWER to CANDIDATE at term 0 for changeToCandidate
2019-09-25 07:05:26,882 [Thread-1114] INFO  impl.RoleInfo (RoleInfo.java:updateAndGet(143)) - 24bf2945-a329-4da6-aaf2-23ecd8d462c6: start LeaderElection
2019-09-25 07:05:26,894 [24bf2945-a329-4da6-aaf2-23ecd8d462c6@group-EE4AE98013B0:LeaderElection179] INFO  impl.LeaderElection (LeaderElection.java:askForVotes(182)) - 24bf2945-a329-4da6-aaf2-23ecd8d462c6@group-EE4AE98013B0:LeaderElection179: begin an election at term 1 for -1: [24bf2945-a329-4da6-aaf2-23ecd8d462c6:192.168.30.10:42867], old=null
2019-09-25 07:05:26,895 [24bf2945-a329-4da6-aaf2-23ecd8d462c6@group-EE4AE98013B0:LeaderElection179] INFO  impl.RoleInfo (RoleInfo.java:shutdownLeaderElection(134)) - 24bf2945-a329-4da6-aaf2-23ecd8d462c6: shutdown LeaderElection
2019-09-25 07:05:26,895 [24bf2945-a329-4da6-aaf2-23ecd8d462c6@group-EE4AE98013B0:LeaderElection179] INFO  impl.RaftServerImpl (RaftServerImpl.java:setRole(174)) - 24bf2945-a329-4da6-aaf2-23ecd8d462c6@group-EE4AE98013B0: changes role from CANDIDATE to LEADER at term 1 for changeToLeader
2019-09-25 07:05:26,895 [24bf2945-a329-4da6-aaf2-23ecd8d462c6@group-EE4AE98013B0:LeaderElection179] INFO  impl.RaftServerImpl (ServerState.java:setLeader(253)) - 24bf2945-a329-4da6-aaf2-23ecd8d462c6@group-EE4AE98013B0: change Leader from null to 24bf2945-a329-4da6-aaf2-23ecd8d462c6 at term 1 for becomeLeader, leader elected after 5064ms
2019-09-25 07:05:26,895 [24bf2945-a329-4da6-aaf2-23ecd8d462c6@group-EE4AE98013B0:LeaderElection179] INFO  server.RaftServerConfigKeys (ConfUtils.java:logGet(43)) - raft.server.staging.catchup.gap = 1000 (default)
2019-09-25 07:05:26,895 [24bf2945-a329-4da6-aaf2-23ecd8d462c6@group-EE4AE98013B0:LeaderElection179] INFO  server.RaftServerConfigKeys (ConfUtils.java:logGet(43)) - raft.server.rpc.sleep.time = 25ms (default)
2019-09-25 07:05:26,896 [24bf2945-a329-4da6-aaf2-23ecd8d462c6@group-EE4AE98013B0:LeaderElection179] INFO  server.RaftServerConfigKeys (ConfUtils.java:logGet(43)) - raft.server.write.element-limit = 4096 (default)
2019-09-25 07:05:26,896 [24bf2945-a329-4da6-aaf2-23ecd8d462c6@group-EE4AE98013B0:LeaderElection179] INFO  server.RaftServerConfigKeys (ConfUtils.java:logGet(43)) - raft.server.watch.timeout = 10s (default)
2019-09-25 07:05:26,896 [24bf2945-a329-4da6-aaf2-23ecd8d462c6@group-EE4AE98013B0:LeaderElection179] INFO  server.RaftServerConfigKeys (ConfUtils.java:logGet(43)) - raft.server.watch.timeout.denomination = 1s (default)
2019-09-25 07:05:26,896 [24bf2945-a329-4da6-aaf2-23ecd8d462c6@group-EE4AE98013B0:LeaderElection179] INFO  server.RaftServerConfigKeys (ConfUtils.java:logGet(43)) - raft.server.watch.element-limit = 65536 (default)
2019-09-25 07:05:26,899 [24bf2945-a329-4da6-aaf2-23ecd8d462c6@group-EE4AE98013B0:LeaderElection179] INFO  impl.RoleInfo (RoleInfo.java:updateAndGet(143)) - 24bf2945-a329-4da6-aaf2-23ecd8d462c6: start LeaderState
2019-09-25 07:05:26,899 [24bf2945-a329-4da6-aaf2-23ecd8d462c6@group-EE4AE98013B0:LeaderElection179] INFO  segmented.SegmentedRaftLogWorker (SegmentedRaftLogWorker.java:startLogSegment(380)) - 24bf2945-a329-4da6-aaf2-23ecd8d462c6@group-EE4AE98013B0-SegmentedRaftLogWorker: Starting segment from index:0
2019-09-25 07:05:26,900 [24bf2945-a329-4da6-aaf2-23ecd8d462c6@group-EE4AE98013B0:LeaderElection179] INFO  impl.RaftServerImpl (ServerState.java:setRaftConf(354)) - 24bf2945-a329-4da6-aaf2-23ecd8d462c6@group-EE4AE98013B0: set configuration 0: [24bf2945-a329-4da6-aaf2-23ecd8d462c6:192.168.30.10:42867], old=null at 0
2019-09-25 07:05:26,959 [24bf2945-a329-4da6-aaf2-23ecd8d462c6@group-EE4AE98013B0-SegmentedRaftLogWorker] INFO  segmented.SegmentedRaftLogWorker (SegmentedRaftLogWorker.java:execute(569)) - 24bf2945-a329-4da6-aaf2-23ecd8d462c6@group-EE4AE98013B0-SegmentedRaftLogWorker: created new log segment /workdir/hadoop-ozone/integration-test/target/test-dir/MiniOzoneClusterImpl-39af9574-7a8b-4ed7-b830-bf686a3d4bb8/datanode-2/data/ratis/e4291c40-9c98-4ffc-bf58-ee4ae98013b0/current/log_inprogress_0
2019-09-25 07:05:27,042 [Thread-1126] INFO  impl.FollowerState (FollowerState.java:run(106)) - 24bf2945-a329-4da6-aaf2-23ecd8d462c6:group-43F9EDD51685 changes to CANDIDATE, lastRpcTime:5018, electionTimeout:5018ms
2019-09-25 07:05:27,042 [Thread-1126] INFO  impl.RoleInfo (RoleInfo.java:shutdownFollowerState(121)) - 24bf2945-a329-4da6-aaf2-23ecd8d462c6: shutdown FollowerState
2019-09-25 07:05:27,043 [Thread-1126] INFO  impl.RaftServerImpl (RaftServerImpl.java:setRole(174)) - 24bf2945-a329-4da6-aaf2-23ecd8d462c6@group-43F9EDD51685: changes role from  FOLLOWER to CANDIDATE at term 0 for changeToCandidate
2019-09-25 07:05:27,043 [Thread-1126] INFO  impl.RoleInfo (RoleInfo.java:updateAndGet(143)) - 24bf2945-a329-4da6-aaf2-23ecd8d462c6: start LeaderElection
2019-09-25 07:05:27,057 [24bf2945-a329-4da6-aaf2-23ecd8d462c6@group-43F9EDD51685:LeaderElection180] INFO  impl.LeaderElection (LeaderElection.java:askForVotes(182)) - 24bf2945-a329-4da6-aaf2-23ecd8d462c6@group-43F9EDD51685:LeaderElection180: begin an election at term 1 for -1: [24bf2945-a329-4da6-aaf2-23ecd8d462c6:192.168.30.10:42867], old=null
2019-09-25 07:05:27,057 [24bf2945-a329-4da6-aaf2-23ecd8d462c6@group-43F9EDD51685:LeaderElection180] INFO  impl.RoleInfo (RoleInfo.java:shutdownLeaderElection(134)) - 24bf2945-a329-4da6-aaf2-23ecd8d462c6: shutdown LeaderElection
2019-09-25 07:05:27,057 [24bf2945-a329-4da6-aaf2-23ecd8d462c6@group-43F9EDD51685:LeaderElection180] INFO  impl.RaftServerImpl (RaftServerImpl.java:setRole(174)) - 24bf2945-a329-4da6-aaf2-23ecd8d462c6@group-43F9EDD51685: changes role from CANDIDATE to LEADER at term 1 for changeToLeader
2019-09-25 07:05:27,057 [24bf2945-a329-4da6-aaf2-23ecd8d462c6@group-43F9EDD51685:LeaderElection180] INFO  impl.RaftServerImpl (ServerState.java:setLeader(253)) - 24bf2945-a329-4da6-aaf2-23ecd8d462c6@group-43F9EDD51685: change Leader from null to 24bf2945-a329-4da6-aaf2-23ecd8d462c6 at term 1 for becomeLeader, leader elected after 5038ms
2019-09-25 07:05:27,057 [24bf2945-a329-4da6-aaf2-23ecd8d462c6@group-43F9EDD51685:LeaderElection180] INFO  server.RaftServerConfigKeys (ConfUtils.java:logGet(43)) - raft.server.staging.catchup.gap = 1000 (default)
2019-09-25 07:05:27,057 [24bf2945-a329-4da6-aaf2-23ecd8d462c6@group-43F9EDD51685:LeaderElection180] INFO  server.RaftServerConfigKeys (ConfUtils.java:logGet(43)) - raft.server.rpc.sleep.time = 25ms (default)
2019-09-25 07:05:27,058 [24bf2945-a329-4da6-aaf2-23ecd8d462c6@group-43F9EDD51685:LeaderElection180] INFO  server.RaftServerConfigKeys (ConfUtils.java:logGet(43)) - raft.server.write.element-limit = 4096 (default)
2019-09-25 07:05:27,058 [24bf2945-a329-4da6-aaf2-23ecd8d462c6@group-43F9EDD51685:LeaderElection180] INFO  server.RaftServerConfigKeys (ConfUtils.java:logGet(43)) - raft.server.watch.timeout = 10s (default)
2019-09-25 07:05:27,058 [24bf2945-a329-4da6-aaf2-23ecd8d462c6@group-43F9EDD51685:LeaderElection180] INFO  server.RaftServerConfigKeys (ConfUtils.java:logGet(43)) - raft.server.watch.timeout.denomination = 1s (default)
2019-09-25 07:05:27,058 [24bf2945-a329-4da6-aaf2-23ecd8d462c6@group-43F9EDD51685:LeaderElection180] INFO  server.RaftServerConfigKeys (ConfUtils.java:logGet(43)) - raft.server.watch.element-limit = 65536 (default)
2019-09-25 07:05:27,060 [24bf2945-a329-4da6-aaf2-23ecd8d462c6@group-43F9EDD51685:LeaderElection180] INFO  impl.RoleInfo (RoleInfo.java:updateAndGet(143)) - 24bf2945-a329-4da6-aaf2-23ecd8d462c6: start LeaderState
2019-09-25 07:05:27,060 [24bf2945-a329-4da6-aaf2-23ecd8d462c6@group-43F9EDD51685:LeaderElection180] INFO  segmented.SegmentedRaftLogWorker (SegmentedRaftLogWorker.java:startLogSegment(380)) - 24bf2945-a329-4da6-aaf2-23ecd8d462c6@group-43F9EDD51685-SegmentedRaftLogWorker: Starting segment from index:0
2019-09-25 07:05:27,061 [24bf2945-a329-4da6-aaf2-23ecd8d462c6@group-43F9EDD51685:LeaderElection180] INFO  impl.RaftServerImpl (ServerState.java:setRaftConf(354)) - 24bf2945-a329-4da6-aaf2-23ecd8d462c6@group-43F9EDD51685: set configuration 0: [24bf2945-a329-4da6-aaf2-23ecd8d462c6:192.168.30.10:42867], old=null at 0
2019-09-25 07:05:27,115 [24bf2945-a329-4da6-aaf2-23ecd8d462c6@group-43F9EDD51685-SegmentedRaftLogWorker] INFO  segmented.SegmentedRaftLogWorker (SegmentedRaftLogWorker.java:execute(569)) - 24bf2945-a329-4da6-aaf2-23ecd8d462c6@group-43F9EDD51685-SegmentedRaftLogWorker: created new log segment /workdir/hadoop-ozone/integration-test/target/test-dir/MiniOzoneClusterImpl-39af9574-7a8b-4ed7-b830-bf686a3d4bb8/datanode-2/data/ratis/d1fb603f-a3ae-437f-a153-43f9edd51685/current/log_inprogress_0
2019-09-25 07:05:27,213 [Thread-1129] INFO  impl.FollowerState (FollowerState.java:run(106)) - 24bf2945-a329-4da6-aaf2-23ecd8d462c6:group-5EE437C68523 changes to CANDIDATE, lastRpcTime:5137, electionTimeout:5137ms
2019-09-25 07:05:27,213 [Thread-1129] INFO  impl.RoleInfo (RoleInfo.java:shutdownFollowerState(121)) - 24bf2945-a329-4da6-aaf2-23ecd8d462c6: shutdown FollowerState
2019-09-25 07:05:27,213 [Thread-1129] INFO  impl.RaftServerImpl (RaftServerImpl.java:setRole(174)) - 24bf2945-a329-4da6-aaf2-23ecd8d462c6@group-5EE437C68523: changes role from  FOLLOWER to CANDIDATE at term 0 for changeToCandidate
2019-09-25 07:05:27,213 [Thread-1129] INFO  impl.RoleInfo (RoleInfo.java:updateAndGet(143)) - 24bf2945-a329-4da6-aaf2-23ecd8d462c6: start LeaderElection
2019-09-25 07:05:27,239 [24bf2945-a329-4da6-aaf2-23ecd8d462c6@group-5EE437C68523:LeaderElection181] INFO  impl.LeaderElection (LeaderElection.java:askForVotes(182)) - 24bf2945-a329-4da6-aaf2-23ecd8d462c6@group-5EE437C68523:LeaderElection181: begin an election at term 1 for -1: [24bf2945-a329-4da6-aaf2-23ecd8d462c6:192.168.30.10:42867], old=null
2019-09-25 07:05:27,239 [24bf2945-a329-4da6-aaf2-23ecd8d462c6@group-5EE437C68523:LeaderElection181] INFO  impl.RoleInfo (RoleInfo.java:shutdownLeaderElection(134)) - 24bf2945-a329-4da6-aaf2-23ecd8d462c6: shutdown LeaderElection
2019-09-25 07:05:27,239 [24bf2945-a329-4da6-aaf2-23ecd8d462c6@group-5EE437C68523:LeaderElection181] INFO  impl.RaftServerImpl (RaftServerImpl.java:setRole(174)) - 24bf2945-a329-4da6-aaf2-23ecd8d462c6@group-5EE437C68523: changes role from CANDIDATE to LEADER at term 1 for changeToLeader
2019-09-25 07:05:27,239 [24bf2945-a329-4da6-aaf2-23ecd8d462c6@group-5EE437C68523:LeaderElection181] INFO  impl.RaftServerImpl (ServerState.java:setLeader(253)) - 24bf2945-a329-4da6-aaf2-23ecd8d462c6@group-5EE437C68523: change Leader from null to 24bf2945-a329-4da6-aaf2-23ecd8d462c6 at term 1 for becomeLeader, leader elected after 5168ms
2019-09-25 07:05:27,239 [24bf2945-a329-4da6-aaf2-23ecd8d462c6@group-5EE437C68523:LeaderElection181] INFO  server.RaftServerConfigKeys (ConfUtils.java:logGet(43)) - raft.server.staging.catchup.gap = 1000 (default)
2019-09-25 07:05:27,239 [24bf2945-a329-4da6-aaf2-23ecd8d462c6@group-5EE437C68523:LeaderElection181] INFO  server.RaftServerConfigKeys (ConfUtils.java:logGet(43)) - raft.server.rpc.sleep.time = 25ms (default)
2019-09-25 07:05:27,240 [24bf2945-a329-4da6-aaf2-23ecd8d462c6@group-5EE437C68523:LeaderElection181] INFO  server.RaftServerConfigKeys (ConfUtils.java:logGet(43)) - raft.server.write.element-limit = 4096 (default)
2019-09-25 07:05:27,240 [24bf2945-a329-4da6-aaf2-23ecd8d462c6@group-5EE437C68523:LeaderElection181] INFO  server.RaftServerConfigKeys (ConfUtils.java:logGet(43)) - raft.server.watch.timeout = 10s (default)
2019-09-25 07:05:27,240 [24bf2945-a329-4da6-aaf2-23ecd8d462c6@group-5EE437C68523:LeaderElection181] INFO  server.RaftServerConfigKeys (ConfUtils.java:logGet(43)) - raft.server.watch.timeout.denomination = 1s (default)
2019-09-25 07:05:27,240 [24bf2945-a329-4da6-aaf2-23ecd8d462c6@group-5EE437C68523:LeaderElection181] INFO  server.RaftServerConfigKeys (ConfUtils.java:logGet(43)) - raft.server.watch.element-limit = 65536 (default)
2019-09-25 07:05:27,273 [Thread-1132] INFO  impl.FollowerState (FollowerState.java:run(106)) - 24bf2945-a329-4da6-aaf2-23ecd8d462c6:group-26547D3C28D3 changes to CANDIDATE, lastRpcTime:5156, electionTimeout:5156ms
2019-09-25 07:05:27,273 [Thread-1132] INFO  impl.RoleInfo (RoleInfo.java:shutdownFollowerState(121)) - 24bf2945-a329-4da6-aaf2-23ecd8d462c6: shutdown FollowerState
2019-09-25 07:05:27,273 [Thread-1132] INFO  impl.RaftServerImpl (RaftServerImpl.java:setRole(174)) - 24bf2945-a329-4da6-aaf2-23ecd8d462c6@group-26547D3C28D3: changes role from  FOLLOWER to CANDIDATE at term 0 for changeToCandidate
2019-09-25 07:05:27,274 [Thread-1132] INFO  impl.RoleInfo (RoleInfo.java:updateAndGet(143)) - 24bf2945-a329-4da6-aaf2-23ecd8d462c6: start LeaderElection
2019-09-25 07:05:27,286 [24bf2945-a329-4da6-aaf2-23ecd8d462c6@group-26547D3C28D3:LeaderElection182] INFO  impl.LeaderElection (LeaderElection.java:askForVotes(182)) - 24bf2945-a329-4da6-aaf2-23ecd8d462c6@group-26547D3C28D3:LeaderElection182: begin an election at term 1 for -1: [24bf2945-a329-4da6-aaf2-23ecd8d462c6:192.168.30.10:42867], old=null
2019-09-25 07:05:27,286 [24bf2945-a329-4da6-aaf2-23ecd8d462c6@group-26547D3C28D3:LeaderElection182] INFO  impl.RoleInfo (RoleInfo.java:shutdownLeaderElection(134)) - 24bf2945-a329-4da6-aaf2-23ecd8d462c6: shutdown LeaderElection
2019-09-25 07:05:27,286 [24bf2945-a329-4da6-aaf2-23ecd8d462c6@group-26547D3C28D3:LeaderElection182] INFO  impl.RaftServerImpl (RaftServerImpl.java:setRole(174)) - 24bf2945-a329-4da6-aaf2-23ecd8d462c6@group-26547D3C28D3: changes role from CANDIDATE to LEADER at term 1 for changeToLeader
2019-09-25 07:05:27,286 [24bf2945-a329-4da6-aaf2-23ecd8d462c6@group-26547D3C28D3:LeaderElection182] INFO  impl.RaftServerImpl (ServerState.java:setLeader(253)) - 24bf2945-a329-4da6-aaf2-23ecd8d462c6@group-26547D3C28D3: change Leader from null to 24bf2945-a329-4da6-aaf2-23ecd8d462c6 at term 1 for becomeLeader, leader elected after 5173ms
2019-09-25 07:05:27,286 [24bf2945-a329-4da6-aaf2-23ecd8d462c6@group-26547D3C28D3:LeaderElection182] INFO  server.RaftServerConfigKeys (ConfUtils.java:logGet(43)) - raft.server.staging.catchup.gap = 1000 (default)
2019-09-25 07:05:27,286 [24bf2945-a329-4da6-aaf2-23ecd8d462c6@group-26547D3C28D3:LeaderElection182] INFO  server.RaftServerConfigKeys (ConfUtils.java:logGet(43)) - raft.server.rpc.sleep.time = 25ms (default)
2019-09-25 07:05:27,288 [24bf2945-a329-4da6-aaf2-23ecd8d462c6@group-26547D3C28D3:LeaderElection182] INFO  server.RaftServerConfigKeys (ConfUtils.java:logGet(43)) - raft.server.write.element-limit = 4096 (default)
2019-09-25 07:05:27,288 [24bf2945-a329-4da6-aaf2-23ecd8d462c6@group-26547D3C28D3:LeaderElection182] INFO  server.RaftServerConfigKeys (ConfUtils.java:logGet(43)) - raft.server.watch.timeout = 10s (default)
2019-09-25 07:05:27,288 [24bf2945-a329-4da6-aaf2-23ecd8d462c6@group-26547D3C28D3:LeaderElection182] INFO  server.RaftServerConfigKeys (ConfUtils.java:logGet(43)) - raft.server.watch.timeout.denomination = 1s (default)
2019-09-25 07:05:27,288 [24bf2945-a329-4da6-aaf2-23ecd8d462c6@group-26547D3C28D3:LeaderElection182] INFO  server.RaftServerConfigKeys (ConfUtils.java:logGet(43)) - raft.server.watch.element-limit = 65536 (default)
2019-09-25 07:05:27,296 [24bf2945-a329-4da6-aaf2-23ecd8d462c6@group-26547D3C28D3:LeaderElection182] INFO  impl.RoleInfo (RoleInfo.java:updateAndGet(143)) - 24bf2945-a329-4da6-aaf2-23ecd8d462c6: start LeaderState
2019-09-25 07:05:27,296 [24bf2945-a329-4da6-aaf2-23ecd8d462c6@group-5EE437C68523:LeaderElection181] INFO  impl.RoleInfo (RoleInfo.java:updateAndGet(143)) - 24bf2945-a329-4da6-aaf2-23ecd8d462c6: start LeaderState
2019-09-25 07:05:27,296 [24bf2945-a329-4da6-aaf2-23ecd8d462c6@group-26547D3C28D3:LeaderElection182] INFO  segmented.SegmentedRaftLogWorker (SegmentedRaftLogWorker.java:startLogSegment(380)) - 24bf2945-a329-4da6-aaf2-23ecd8d462c6@group-26547D3C28D3-SegmentedRaftLogWorker: Starting segment from index:0
2019-09-25 07:05:27,296 [24bf2945-a329-4da6-aaf2-23ecd8d462c6@group-5EE437C68523:LeaderElection181] INFO  segmented.SegmentedRaftLogWorker (SegmentedRaftLogWorker.java:startLogSegment(380)) - 24bf2945-a329-4da6-aaf2-23ecd8d462c6@group-5EE437C68523-SegmentedRaftLogWorker: Starting segment from index:0
2019-09-25 07:05:27,297 [24bf2945-a329-4da6-aaf2-23ecd8d462c6@group-26547D3C28D3:LeaderElection182] INFO  impl.RaftServerImpl (ServerState.java:setRaftConf(354)) - 24bf2945-a329-4da6-aaf2-23ecd8d462c6@group-26547D3C28D3: set configuration 0: [24bf2945-a329-4da6-aaf2-23ecd8d462c6:192.168.30.10:42867], old=null at 0
2019-09-25 07:05:27,297 [24bf2945-a329-4da6-aaf2-23ecd8d462c6@group-5EE437C68523:LeaderElection181] INFO  impl.RaftServerImpl (ServerState.java:setRaftConf(354)) - 24bf2945-a329-4da6-aaf2-23ecd8d462c6@group-5EE437C68523: set configuration 0: [24bf2945-a329-4da6-aaf2-23ecd8d462c6:192.168.30.10:42867], old=null at 0
2019-09-25 07:05:27,348 [24bf2945-a329-4da6-aaf2-23ecd8d462c6@group-5EE437C68523-SegmentedRaftLogWorker] INFO  segmented.SegmentedRaftLogWorker (SegmentedRaftLogWorker.java:execute(569)) - 24bf2945-a329-4da6-aaf2-23ecd8d462c6@group-5EE437C68523-SegmentedRaftLogWorker: created new log segment /workdir/hadoop-ozone/integration-test/target/test-dir/MiniOzoneClusterImpl-39af9574-7a8b-4ed7-b830-bf686a3d4bb8/datanode-2/data/ratis/ff092cb7-a213-4c11-87ea-5ee437c68523/current/log_inprogress_0
2019-09-25 07:05:27,348 [24bf2945-a329-4da6-aaf2-23ecd8d462c6@group-26547D3C28D3-SegmentedRaftLogWorker] INFO  segmented.SegmentedRaftLogWorker (SegmentedRaftLogWorker.java:execute(569)) - 24bf2945-a329-4da6-aaf2-23ecd8d462c6@group-26547D3C28D3-SegmentedRaftLogWorker: created new log segment /workdir/hadoop-ozone/integration-test/target/test-dir/MiniOzoneClusterImpl-39af9574-7a8b-4ed7-b830-bf686a3d4bb8/datanode-2/data/ratis/3ec9fa0e-9dbe-45ae-8cde-26547d3c28d3/current/log_inprogress_0
2019-09-25 07:05:27,352 [Thread-1147] INFO  impl.FollowerState (FollowerState.java:run(106)) - 24bf2945-a329-4da6-aaf2-23ecd8d462c6:group-2B170D792B3D changes to CANDIDATE, lastRpcTime:5026, electionTimeout:5026ms
2019-09-25 07:05:27,352 [Thread-1147] INFO  impl.RoleInfo (RoleInfo.java:shutdownFollowerState(121)) - 24bf2945-a329-4da6-aaf2-23ecd8d462c6: shutdown FollowerState
2019-09-25 07:05:27,352 [Thread-1147] INFO  impl.RaftServerImpl (RaftServerImpl.java:setRole(174)) - 24bf2945-a329-4da6-aaf2-23ecd8d462c6@group-2B170D792B3D: changes role from  FOLLOWER to CANDIDATE at term 0 for changeToCandidate
2019-09-25 07:05:27,352 [Thread-1147] INFO  impl.RoleInfo (RoleInfo.java:updateAndGet(143)) - 24bf2945-a329-4da6-aaf2-23ecd8d462c6: start LeaderElection
2019-09-25 07:05:27,370 [24bf2945-a329-4da6-aaf2-23ecd8d462c6@group-2B170D792B3D:LeaderElection183] INFO  impl.LeaderElection (LeaderElection.java:askForVotes(182)) - 24bf2945-a329-4da6-aaf2-23ecd8d462c6@group-2B170D792B3D:LeaderElection183: begin an election at term 1 for -1: [24bf2945-a329-4da6-aaf2-23ecd8d462c6:192.168.30.10:42867], old=null
2019-09-25 07:05:27,370 [24bf2945-a329-4da6-aaf2-23ecd8d462c6@group-2B170D792B3D:LeaderElection183] INFO  impl.RoleInfo (RoleInfo.java:shutdownLeaderElection(134)) - 24bf2945-a329-4da6-aaf2-23ecd8d462c6: shutdown LeaderElection
2019-09-25 07:05:27,370 [24bf2945-a329-4da6-aaf2-23ecd8d462c6@group-2B170D792B3D:LeaderElection183] INFO  impl.RaftServerImpl (RaftServerImpl.java:setRole(174)) - 24bf2945-a329-4da6-aaf2-23ecd8d462c6@group-2B170D792B3D: changes role from CANDIDATE to LEADER at term 1 for changeToLeader
2019-09-25 07:05:27,370 [24bf2945-a329-4da6-aaf2-23ecd8d462c6@group-2B170D792B3D:LeaderElection183] INFO  impl.RaftServerImpl (ServerState.java:setLeader(253)) - 24bf2945-a329-4da6-aaf2-23ecd8d462c6@group-2B170D792B3D: change Leader from null to 24bf2945-a329-4da6-aaf2-23ecd8d462c6 at term 1 for becomeLeader, leader elected after 5050ms
2019-09-25 07:05:27,371 [24bf2945-a329-4da6-aaf2-23ecd8d462c6@group-2B170D792B3D:LeaderElection183] INFO  server.RaftServerConfigKeys (ConfUtils.java:logGet(43)) - raft.server.staging.catchup.gap = 1000 (default)
2019-09-25 07:05:27,371 [24bf2945-a329-4da6-aaf2-23ecd8d462c6@group-2B170D792B3D:LeaderElection183] INFO  server.RaftServerConfigKeys (ConfUtils.java:logGet(43)) - raft.server.rpc.sleep.time = 25ms (default)
2019-09-25 07:05:27,371 [24bf2945-a329-4da6-aaf2-23ecd8d462c6@group-2B170D792B3D:LeaderElection183] INFO  server.RaftServerConfigKeys (ConfUtils.java:logGet(43)) - raft.server.write.element-limit = 4096 (default)
2019-09-25 07:05:27,371 [24bf2945-a329-4da6-aaf2-23ecd8d462c6@group-2B170D792B3D:LeaderElection183] INFO  server.RaftServerConfigKeys (ConfUtils.java:logGet(43)) - raft.server.watch.timeout = 10s (default)
2019-09-25 07:05:27,371 [24bf2945-a329-4da6-aaf2-23ecd8d462c6@group-2B170D792B3D:LeaderElection183] INFO  server.RaftServerConfigKeys (ConfUtils.java:logGet(43)) - raft.server.watch.timeout.denomination = 1s (default)
2019-09-25 07:05:27,371 [24bf2945-a329-4da6-aaf2-23ecd8d462c6@group-2B170D792B3D:LeaderElection183] INFO  server.RaftServerConfigKeys (ConfUtils.java:logGet(43)) - raft.server.watch.element-limit = 65536 (default)
2019-09-25 07:05:27,373 [24bf2945-a329-4da6-aaf2-23ecd8d462c6@group-2B170D792B3D:LeaderElection183] INFO  impl.RoleInfo (RoleInfo.java:updateAndGet(143)) - 24bf2945-a329-4da6-aaf2-23ecd8d462c6: start LeaderState
2019-09-25 07:05:27,373 [24bf2945-a329-4da6-aaf2-23ecd8d462c6@group-2B170D792B3D:LeaderElection183] INFO  segmented.SegmentedRaftLogWorker (SegmentedRaftLogWorker.java:startLogSegment(380)) - 24bf2945-a329-4da6-aaf2-23ecd8d462c6@group-2B170D792B3D-SegmentedRaftLogWorker: Starting segment from index:0
2019-09-25 07:05:27,374 [24bf2945-a329-4da6-aaf2-23ecd8d462c6@group-2B170D792B3D:LeaderElection183] INFO  impl.RaftServerImpl (ServerState.java:setRaftConf(354)) - 24bf2945-a329-4da6-aaf2-23ecd8d462c6@group-2B170D792B3D: set configuration 0: [24bf2945-a329-4da6-aaf2-23ecd8d462c6:192.168.30.10:42867], old=null at 0
2019-09-25 07:05:27,428 [Thread-1144] INFO  impl.FollowerState (FollowerState.java:run(106)) - 24bf2945-a329-4da6-aaf2-23ecd8d462c6:group-79D79699676C changes to CANDIDATE, lastRpcTime:5149, electionTimeout:5149ms
2019-09-25 07:05:27,429 [Thread-1144] INFO  impl.RoleInfo (RoleInfo.java:shutdownFollowerState(121)) - 24bf2945-a329-4da6-aaf2-23ecd8d462c6: shutdown FollowerState
2019-09-25 07:05:27,429 [Thread-1144] INFO  impl.RaftServerImpl (RaftServerImpl.java:setRole(174)) - 24bf2945-a329-4da6-aaf2-23ecd8d462c6@group-79D79699676C: changes role from  FOLLOWER to CANDIDATE at term 0 for changeToCandidate
2019-09-25 07:05:27,429 [Thread-1144] INFO  impl.RoleInfo (RoleInfo.java:updateAndGet(143)) - 24bf2945-a329-4da6-aaf2-23ecd8d462c6: start LeaderElection
2019-09-25 07:05:27,434 [24bf2945-a329-4da6-aaf2-23ecd8d462c6@group-2B170D792B3D-SegmentedRaftLogWorker] INFO  segmented.SegmentedRaftLogWorker (SegmentedRaftLogWorker.java:execute(569)) - 24bf2945-a329-4da6-aaf2-23ecd8d462c6@group-2B170D792B3D-SegmentedRaftLogWorker: created new log segment /workdir/hadoop-ozone/integration-test/target/test-dir/MiniOzoneClusterImpl-39af9574-7a8b-4ed7-b830-bf686a3d4bb8/datanode-2/data/ratis/1b431bb0-e467-4e8e-94ea-2b170d792b3d/current/log_inprogress_0
2019-09-25 07:05:27,438 [24bf2945-a329-4da6-aaf2-23ecd8d462c6@group-79D79699676C:LeaderElection184] INFO  impl.LeaderElection (LeaderElection.java:askForVotes(182)) - 24bf2945-a329-4da6-aaf2-23ecd8d462c6@group-79D79699676C:LeaderElection184: begin an election at term 1 for -1: [24bf2945-a329-4da6-aaf2-23ecd8d462c6:192.168.30.10:42867], old=null
2019-09-25 07:05:27,439 [24bf2945-a329-4da6-aaf2-23ecd8d462c6@group-79D79699676C:LeaderElection184] INFO  impl.RoleInfo (RoleInfo.java:shutdownLeaderElection(134)) - 24bf2945-a329-4da6-aaf2-23ecd8d462c6: shutdown LeaderElection
2019-09-25 07:05:27,439 [24bf2945-a329-4da6-aaf2-23ecd8d462c6@group-79D79699676C:LeaderElection184] INFO  impl.RaftServerImpl (RaftServerImpl.java:setRole(174)) - 24bf2945-a329-4da6-aaf2-23ecd8d462c6@group-79D79699676C: changes role from CANDIDATE to LEADER at term 1 for changeToLeader
2019-09-25 07:05:27,439 [24bf2945-a329-4da6-aaf2-23ecd8d462c6@group-79D79699676C:LeaderElection184] INFO  impl.RaftServerImpl (ServerState.java:setLeader(253)) - 24bf2945-a329-4da6-aaf2-23ecd8d462c6@group-79D79699676C: change Leader from null to 24bf2945-a329-4da6-aaf2-23ecd8d462c6 at term 1 for becomeLeader, leader elected after 5166ms
2019-09-25 07:05:27,439 [24bf2945-a329-4da6-aaf2-23ecd8d462c6@group-79D79699676C:LeaderElection184] INFO  server.RaftServerConfigKeys (ConfUtils.java:logGet(43)) - raft.server.staging.catchup.gap = 1000 (default)
2019-09-25 07:05:27,439 [24bf2945-a329-4da6-aaf2-23ecd8d462c6@group-79D79699676C:LeaderElection184] INFO  server.RaftServerConfigKeys (ConfUtils.java:logGet(43)) - raft.server.rpc.sleep.time = 25ms (default)
2019-09-25 07:05:27,439 [24bf2945-a329-4da6-aaf2-23ecd8d462c6@group-79D79699676C:LeaderElection184] INFO  server.RaftServerConfigKeys (ConfUtils.java:logGet(43)) - raft.server.write.element-limit = 4096 (default)
2019-09-25 07:05:27,439 [24bf2945-a329-4da6-aaf2-23ecd8d462c6@group-79D79699676C:LeaderElection184] INFO  server.RaftServerConfigKeys (ConfUtils.java:logGet(43)) - raft.server.watch.timeout = 10s (default)
2019-09-25 07:05:27,440 [24bf2945-a329-4da6-aaf2-23ecd8d462c6@group-79D79699676C:LeaderElection184] INFO  server.RaftServerConfigKeys (ConfUtils.java:logGet(43)) - raft.server.watch.timeout.denomination = 1s (default)
2019-09-25 07:05:27,440 [24bf2945-a329-4da6-aaf2-23ecd8d462c6@group-79D79699676C:LeaderElection184] INFO  server.RaftServerConfigKeys (ConfUtils.java:logGet(43)) - raft.server.watch.element-limit = 65536 (default)
2019-09-25 07:05:27,441 [24bf2945-a329-4da6-aaf2-23ecd8d462c6@group-79D79699676C:LeaderElection184] INFO  impl.RoleInfo (RoleInfo.java:updateAndGet(143)) - 24bf2945-a329-4da6-aaf2-23ecd8d462c6: start LeaderState
2019-09-25 07:05:27,442 [24bf2945-a329-4da6-aaf2-23ecd8d462c6@group-79D79699676C:LeaderElection184] INFO  segmented.SegmentedRaftLogWorker (SegmentedRaftLogWorker.java:startLogSegment(380)) - 24bf2945-a329-4da6-aaf2-23ecd8d462c6@group-79D79699676C-SegmentedRaftLogWorker: Starting segment from index:0
2019-09-25 07:05:27,442 [24bf2945-a329-4da6-aaf2-23ecd8d462c6@group-79D79699676C:LeaderElection184] INFO  impl.RaftServerImpl (ServerState.java:setRaftConf(354)) - 24bf2945-a329-4da6-aaf2-23ecd8d462c6@group-79D79699676C: set configuration 0: [24bf2945-a329-4da6-aaf2-23ecd8d462c6:192.168.30.10:42867], old=null at 0
2019-09-25 07:05:27,883 [Datanode State Machine Thread - 0] INFO  statemachine.DatanodeStateMachine (DatanodeStateMachine.java:lambda$startDaemon$0(350)) - Ozone container server started.
2019-09-25 07:05:27,946 [Thread-1186] INFO  impl.FollowerState (FollowerState.java:run(106)) - 24bf2945-a329-4da6-aaf2-23ecd8d462c6:group-2E317CE6C93B changes to CANDIDATE, lastRpcTime:5056, electionTimeout:5039ms
2019-09-25 07:05:27,946 [Thread-1183] INFO  impl.FollowerState (FollowerState.java:run(106)) - 24bf2945-a329-4da6-aaf2-23ecd8d462c6:group-975983C2911B changes to CANDIDATE, lastRpcTime:5095, electionTimeout:5071ms
2019-09-25 07:05:27,946 [Thread-1186] INFO  impl.RoleInfo (RoleInfo.java:shutdownFollowerState(121)) - 24bf2945-a329-4da6-aaf2-23ecd8d462c6: shutdown FollowerState
2019-09-25 07:05:27,946 [Thread-1183] INFO  impl.RoleInfo (RoleInfo.java:shutdownFollowerState(121)) - 24bf2945-a329-4da6-aaf2-23ecd8d462c6: shutdown FollowerState
2019-09-25 07:05:27,961 [Thread-1186] INFO  impl.RaftServerImpl (RaftServerImpl.java:setRole(174)) - 24bf2945-a329-4da6-aaf2-23ecd8d462c6@group-2E317CE6C93B: changes role from  FOLLOWER to CANDIDATE at term 0 for changeToCandidate
2019-09-25 07:05:27,968 [Thread-1183] INFO  impl.RaftServerImpl (RaftServerImpl.java:setRole(174)) - 24bf2945-a329-4da6-aaf2-23ecd8d462c6@group-975983C2911B: changes role from  FOLLOWER to CANDIDATE at term 0 for changeToCandidate
2019-09-25 07:05:27,959 [24bf2945-a329-4da6-aaf2-23ecd8d462c6@group-79D79699676C-SegmentedRaftLogWorker] INFO  segmented.SegmentedRaftLogWorker (SegmentedRaftLogWorker.java:execute(569)) - 24bf2945-a329-4da6-aaf2-23ecd8d462c6@group-79D79699676C-SegmentedRaftLogWorker: created new log segment /workdir/hadoop-ozone/integration-test/target/test-dir/MiniOzoneClusterImpl-39af9574-7a8b-4ed7-b830-bf686a3d4bb8/datanode-2/data/ratis/89f651ce-6b4b-4dcd-86b2-79d79699676c/current/log_inprogress_0
2019-09-25 07:05:27,975 [Thread-1183] INFO  impl.RoleInfo (RoleInfo.java:updateAndGet(143)) - 24bf2945-a329-4da6-aaf2-23ecd8d462c6: start LeaderElection
2019-09-25 07:05:27,969 [Thread-1186] INFO  impl.RoleInfo (RoleInfo.java:updateAndGet(143)) - 24bf2945-a329-4da6-aaf2-23ecd8d462c6: start LeaderElection
2019-09-25 07:05:28,109 [24bf2945-a329-4da6-aaf2-23ecd8d462c6@group-2E317CE6C93B:LeaderElection185] INFO  impl.LeaderElection (LeaderElection.java:askForVotes(182)) - 24bf2945-a329-4da6-aaf2-23ecd8d462c6@group-2E317CE6C93B:LeaderElection185: begin an election at term 1 for -1: [24bf2945-a329-4da6-aaf2-23ecd8d462c6:192.168.30.10:42867], old=null
2019-09-25 07:05:28,109 [24bf2945-a329-4da6-aaf2-23ecd8d462c6@group-975983C2911B:LeaderElection186] INFO  impl.LeaderElection (LeaderElection.java:askForVotes(182)) - 24bf2945-a329-4da6-aaf2-23ecd8d462c6@group-975983C2911B:LeaderElection186: begin an election at term 1 for -1: [24bf2945-a329-4da6-aaf2-23ecd8d462c6:192.168.30.10:42867], old=null
2019-09-25 07:05:28,109 [24bf2945-a329-4da6-aaf2-23ecd8d462c6@group-2E317CE6C93B:LeaderElection185] INFO  impl.RoleInfo (RoleInfo.java:shutdownLeaderElection(134)) - 24bf2945-a329-4da6-aaf2-23ecd8d462c6: shutdown LeaderElection
2019-09-25 07:05:28,109 [24bf2945-a329-4da6-aaf2-23ecd8d462c6@group-975983C2911B:LeaderElection186] INFO  impl.RoleInfo (RoleInfo.java:shutdownLeaderElection(134)) - 24bf2945-a329-4da6-aaf2-23ecd8d462c6: shutdown LeaderElection
2019-09-25 07:05:28,109 [24bf2945-a329-4da6-aaf2-23ecd8d462c6@group-2E317CE6C93B:LeaderElection185] INFO  impl.RaftServerImpl (RaftServerImpl.java:setRole(174)) - 24bf2945-a329-4da6-aaf2-23ecd8d462c6@group-2E317CE6C93B: changes role from CANDIDATE to LEADER at term 1 for changeToLeader
2019-09-25 07:05:28,109 [24bf2945-a329-4da6-aaf2-23ecd8d462c6@group-975983C2911B:LeaderElection186] INFO  impl.RaftServerImpl (RaftServerImpl.java:setRole(174)) - 24bf2945-a329-4da6-aaf2-23ecd8d462c6@group-975983C2911B: changes role from CANDIDATE to LEADER at term 1 for changeToLeader
2019-09-25 07:05:28,109 [24bf2945-a329-4da6-aaf2-23ecd8d462c6@group-2E317CE6C93B:LeaderElection185] INFO  impl.RaftServerImpl (ServerState.java:setLeader(253)) - 24bf2945-a329-4da6-aaf2-23ecd8d462c6@group-2E317CE6C93B: change Leader from null to 24bf2945-a329-4da6-aaf2-23ecd8d462c6 at term 1 for becomeLeader, leader elected after 5224ms
2019-09-25 07:05:28,110 [24bf2945-a329-4da6-aaf2-23ecd8d462c6@group-975983C2911B:LeaderElection186] INFO  impl.RaftServerImpl (ServerState.java:setLeader(253)) - 24bf2945-a329-4da6-aaf2-23ecd8d462c6@group-975983C2911B: change Leader from null to 24bf2945-a329-4da6-aaf2-23ecd8d462c6 at term 1 for becomeLeader, leader elected after 5263ms
2019-09-25 07:05:28,110 [24bf2945-a329-4da6-aaf2-23ecd8d462c6@group-2E317CE6C93B:LeaderElection185] INFO  server.RaftServerConfigKeys (ConfUtils.java:logGet(43)) - raft.server.staging.catchup.gap = 1000 (default)
2019-09-25 07:05:28,110 [24bf2945-a329-4da6-aaf2-23ecd8d462c6@group-975983C2911B:LeaderElection186] INFO  server.RaftServerConfigKeys (ConfUtils.java:logGet(43)) - raft.server.staging.catchup.gap = 1000 (default)
2019-09-25 07:05:28,110 [24bf2945-a329-4da6-aaf2-23ecd8d462c6@group-2E317CE6C93B:LeaderElection185] INFO  server.RaftServerConfigKeys (ConfUtils.java:logGet(43)) - raft.server.rpc.sleep.time = 25ms (default)
2019-09-25 07:05:28,110 [24bf2945-a329-4da6-aaf2-23ecd8d462c6@group-975983C2911B:LeaderElection186] INFO  server.RaftServerConfigKeys (ConfUtils.java:logGet(43)) - raft.server.rpc.sleep.time = 25ms (default)
2019-09-25 07:05:28,110 [24bf2945-a329-4da6-aaf2-23ecd8d462c6@group-2E317CE6C93B:LeaderElection185] INFO  server.RaftServerConfigKeys (ConfUtils.java:logGet(43)) - raft.server.write.element-limit = 4096 (default)
2019-09-25 07:05:28,110 [24bf2945-a329-4da6-aaf2-23ecd8d462c6@group-975983C2911B:LeaderElection186] INFO  server.RaftServerConfigKeys (ConfUtils.java:logGet(43)) - raft.server.write.element-limit = 4096 (default)
2019-09-25 07:05:28,110 [24bf2945-a329-4da6-aaf2-23ecd8d462c6@group-2E317CE6C93B:LeaderElection185] INFO  server.RaftServerConfigKeys (ConfUtils.java:logGet(43)) - raft.server.watch.timeout = 10s (default)
2019-09-25 07:05:28,110 [24bf2945-a329-4da6-aaf2-23ecd8d462c6@group-975983C2911B:LeaderElection186] INFO  server.RaftServerConfigKeys (ConfUtils.java:logGet(43)) - raft.server.watch.timeout = 10s (default)
2019-09-25 07:05:28,111 [24bf2945-a329-4da6-aaf2-23ecd8d462c6@group-2E317CE6C93B:LeaderElection185] INFO  server.RaftServerConfigKeys (ConfUtils.java:logGet(43)) - raft.server.watch.timeout.denomination = 1s (default)
2019-09-25 07:05:28,111 [24bf2945-a329-4da6-aaf2-23ecd8d462c6@group-975983C2911B:LeaderElection186] INFO  server.RaftServerConfigKeys (ConfUtils.java:logGet(43)) - raft.server.watch.timeout.denomination = 1s (default)
2019-09-25 07:05:28,111 [24bf2945-a329-4da6-aaf2-23ecd8d462c6@group-2E317CE6C93B:LeaderElection185] INFO  server.RaftServerConfigKeys (ConfUtils.java:logGet(43)) - raft.server.watch.element-limit = 65536 (default)
2019-09-25 07:05:28,111 [24bf2945-a329-4da6-aaf2-23ecd8d462c6@group-975983C2911B:LeaderElection186] INFO  server.RaftServerConfigKeys (ConfUtils.java:logGet(43)) - raft.server.watch.element-limit = 65536 (default)
2019-09-25 07:05:28,114 [24bf2945-a329-4da6-aaf2-23ecd8d462c6@group-2E317CE6C93B:LeaderElection185] INFO  impl.RoleInfo (RoleInfo.java:updateAndGet(143)) - 24bf2945-a329-4da6-aaf2-23ecd8d462c6: start LeaderState
2019-09-25 07:05:28,114 [24bf2945-a329-4da6-aaf2-23ecd8d462c6@group-975983C2911B:LeaderElection186] INFO  impl.RoleInfo (RoleInfo.java:updateAndGet(143)) - 24bf2945-a329-4da6-aaf2-23ecd8d462c6: start LeaderState
2019-09-25 07:05:28,114 [24bf2945-a329-4da6-aaf2-23ecd8d462c6@group-2E317CE6C93B:LeaderElection185] INFO  segmented.SegmentedRaftLogWorker (SegmentedRaftLogWorker.java:startLogSegment(380)) - 24bf2945-a329-4da6-aaf2-23ecd8d462c6@group-2E317CE6C93B-SegmentedRaftLogWorker: Starting segment from index:0
2019-09-25 07:05:28,114 [24bf2945-a329-4da6-aaf2-23ecd8d462c6@group-975983C2911B:LeaderElection186] INFO  segmented.SegmentedRaftLogWorker (SegmentedRaftLogWorker.java:startLogSegment(380)) - 24bf2945-a329-4da6-aaf2-23ecd8d462c6@group-975983C2911B-SegmentedRaftLogWorker: Starting segment from index:0
2019-09-25 07:05:28,114 [24bf2945-a329-4da6-aaf2-23ecd8d462c6@group-2E317CE6C93B:LeaderElection185] INFO  impl.RaftServerImpl (ServerState.java:setRaftConf(354)) - 24bf2945-a329-4da6-aaf2-23ecd8d462c6@group-2E317CE6C93B: set configuration 0: [24bf2945-a329-4da6-aaf2-23ecd8d462c6:192.168.30.10:42867], old=null at 0
2019-09-25 07:05:28,114 [24bf2945-a329-4da6-aaf2-23ecd8d462c6@group-975983C2911B:LeaderElection186] INFO  impl.RaftServerImpl (ServerState.java:setRaftConf(354)) - 24bf2945-a329-4da6-aaf2-23ecd8d462c6@group-975983C2911B: set configuration 0: [24bf2945-a329-4da6-aaf2-23ecd8d462c6:192.168.30.10:42867], old=null at 0
2019-09-25 07:05:28,137 [Thread-1192] INFO  impl.FollowerState (FollowerState.java:run(106)) - 24bf2945-a329-4da6-aaf2-23ecd8d462c6:group-071F7AC501E7 changes to CANDIDATE, lastRpcTime:5166, electionTimeout:5166ms
2019-09-25 07:05:28,138 [Thread-1192] INFO  impl.RoleInfo (RoleInfo.java:shutdownFollowerState(121)) - 24bf2945-a329-4da6-aaf2-23ecd8d462c6: shutdown FollowerState
2019-09-25 07:05:28,138 [Thread-1192] INFO  impl.RaftServerImpl (RaftServerImpl.java:setRole(174)) - 24bf2945-a329-4da6-aaf2-23ecd8d462c6@group-071F7AC501E7: changes role from  FOLLOWER to CANDIDATE at term 0 for changeToCandidate
2019-09-25 07:05:28,138 [Thread-1192] INFO  impl.RoleInfo (RoleInfo.java:updateAndGet(143)) - 24bf2945-a329-4da6-aaf2-23ecd8d462c6: start LeaderElection
2019-09-25 07:05:28,153 [24bf2945-a329-4da6-aaf2-23ecd8d462c6@group-071F7AC501E7:LeaderElection187] INFO  impl.LeaderElection (LeaderElection.java:askForVotes(182)) - 24bf2945-a329-4da6-aaf2-23ecd8d462c6@group-071F7AC501E7:LeaderElection187: begin an election at term 1 for -1: [24bf2945-a329-4da6-aaf2-23ecd8d462c6:192.168.30.10:42867], old=null
2019-09-25 07:05:28,153 [24bf2945-a329-4da6-aaf2-23ecd8d462c6@group-071F7AC501E7:LeaderElection187] INFO  impl.RoleInfo (RoleInfo.java:shutdownLeaderElection(134)) - 24bf2945-a329-4da6-aaf2-23ecd8d462c6: shutdown LeaderElection
2019-09-25 07:05:28,153 [24bf2945-a329-4da6-aaf2-23ecd8d462c6@group-071F7AC501E7:LeaderElection187] INFO  impl.RaftServerImpl (RaftServerImpl.java:setRole(174)) - 24bf2945-a329-4da6-aaf2-23ecd8d462c6@group-071F7AC501E7: changes role from CANDIDATE to LEADER at term 1 for changeToLeader
2019-09-25 07:05:28,153 [24bf2945-a329-4da6-aaf2-23ecd8d462c6@group-071F7AC501E7:LeaderElection187] INFO  impl.RaftServerImpl (ServerState.java:setLeader(253)) - 24bf2945-a329-4da6-aaf2-23ecd8d462c6@group-071F7AC501E7: change Leader from null to 24bf2945-a329-4da6-aaf2-23ecd8d462c6 at term 1 for becomeLeader, leader elected after 5187ms
2019-09-25 07:05:28,153 [24bf2945-a329-4da6-aaf2-23ecd8d462c6@group-071F7AC501E7:LeaderElection187] INFO  server.RaftServerConfigKeys (ConfUtils.java:logGet(43)) - raft.server.staging.catchup.gap = 1000 (default)
2019-09-25 07:05:28,153 [24bf2945-a329-4da6-aaf2-23ecd8d462c6@group-071F7AC501E7:LeaderElection187] INFO  server.RaftServerConfigKeys (ConfUtils.java:logGet(43)) - raft.server.rpc.sleep.time = 25ms (default)
2019-09-25 07:05:28,153 [24bf2945-a329-4da6-aaf2-23ecd8d462c6@group-071F7AC501E7:LeaderElection187] INFO  server.RaftServerConfigKeys (ConfUtils.java:logGet(43)) - raft.server.write.element-limit = 4096 (default)
2019-09-25 07:05:28,154 [24bf2945-a329-4da6-aaf2-23ecd8d462c6@group-071F7AC501E7:LeaderElection187] INFO  server.RaftServerConfigKeys (ConfUtils.java:logGet(43)) - raft.server.watch.timeout = 10s (default)
2019-09-25 07:05:28,154 [24bf2945-a329-4da6-aaf2-23ecd8d462c6@group-071F7AC501E7:LeaderElection187] INFO  server.RaftServerConfigKeys (ConfUtils.java:logGet(43)) - raft.server.watch.timeout.denomination = 1s (default)
2019-09-25 07:05:28,154 [24bf2945-a329-4da6-aaf2-23ecd8d462c6@group-071F7AC501E7:LeaderElection187] INFO  server.RaftServerConfigKeys (ConfUtils.java:logGet(43)) - raft.server.watch.element-limit = 65536 (default)
2019-09-25 07:05:28,155 [24bf2945-a329-4da6-aaf2-23ecd8d462c6@group-975983C2911B-SegmentedRaftLogWorker] INFO  segmented.SegmentedRaftLogWorker (SegmentedRaftLogWorker.java:execute(569)) - 24bf2945-a329-4da6-aaf2-23ecd8d462c6@group-975983C2911B-SegmentedRaftLogWorker: created new log segment /workdir/hadoop-ozone/integration-test/target/test-dir/MiniOzoneClusterImpl-39af9574-7a8b-4ed7-b830-bf686a3d4bb8/datanode-2/data/ratis/de861760-6962-4c79-9eb7-975983c2911b/current/log_inprogress_0
2019-09-25 07:05:28,156 [24bf2945-a329-4da6-aaf2-23ecd8d462c6@group-071F7AC501E7:LeaderElection187] INFO  impl.RoleInfo (RoleInfo.java:updateAndGet(143)) - 24bf2945-a329-4da6-aaf2-23ecd8d462c6: start LeaderState
2019-09-25 07:05:28,155 [24bf2945-a329-4da6-aaf2-23ecd8d462c6@group-2E317CE6C93B-SegmentedRaftLogWorker] INFO  segmented.SegmentedRaftLogWorker (SegmentedRaftLogWorker.java:execute(569)) - 24bf2945-a329-4da6-aaf2-23ecd8d462c6@group-2E317CE6C93B-SegmentedRaftLogWorker: created new log segment /workdir/hadoop-ozone/integration-test/target/test-dir/MiniOzoneClusterImpl-39af9574-7a8b-4ed7-b830-bf686a3d4bb8/datanode-2/data/ratis/32c27087-8fa9-4c9a-98c4-2e317ce6c93b/current/log_inprogress_0
2019-09-25 07:05:28,156 [24bf2945-a329-4da6-aaf2-23ecd8d462c6@group-071F7AC501E7:LeaderElection187] INFO  segmented.SegmentedRaftLogWorker (SegmentedRaftLogWorker.java:startLogSegment(380)) - 24bf2945-a329-4da6-aaf2-23ecd8d462c6@group-071F7AC501E7-SegmentedRaftLogWorker: Starting segment from index:0
2019-09-25 07:05:28,156 [24bf2945-a329-4da6-aaf2-23ecd8d462c6@group-071F7AC501E7:LeaderElection187] INFO  impl.RaftServerImpl (ServerState.java:setRaftConf(354)) - 24bf2945-a329-4da6-aaf2-23ecd8d462c6@group-071F7AC501E7: set configuration 0: [24bf2945-a329-4da6-aaf2-23ecd8d462c6:192.168.30.10:42867], old=null at 0
2019-09-25 07:05:28,199 [24bf2945-a329-4da6-aaf2-23ecd8d462c6@group-071F7AC501E7-SegmentedRaftLogWorker] INFO  segmented.SegmentedRaftLogWorker (SegmentedRaftLogWorker.java:execute(569)) - 24bf2945-a329-4da6-aaf2-23ecd8d462c6@group-071F7AC501E7-SegmentedRaftLogWorker: created new log segment /workdir/hadoop-ozone/integration-test/target/test-dir/MiniOzoneClusterImpl-39af9574-7a8b-4ed7-b830-bf686a3d4bb8/datanode-2/data/ratis/29e78c8e-5536-4cfc-b2fe-071f7ac501e7/current/log_inprogress_0
2019-09-25 07:05:28,418 [Thread-1216] INFO  impl.FollowerState (FollowerState.java:run(106)) - 24bf2945-a329-4da6-aaf2-23ecd8d462c6:group-82A2BDFA5924 changes to CANDIDATE, lastRpcTime:5034, electionTimeout:5034ms
2019-09-25 07:05:28,419 [Thread-1216] INFO  impl.RoleInfo (RoleInfo.java:shutdownFollowerState(121)) - 24bf2945-a329-4da6-aaf2-23ecd8d462c6: shutdown FollowerState
2019-09-25 07:05:28,419 [Thread-1216] INFO  impl.RaftServerImpl (RaftServerImpl.java:setRole(174)) - 24bf2945-a329-4da6-aaf2-23ecd8d462c6@group-82A2BDFA5924: changes role from  FOLLOWER to CANDIDATE at term 0 for changeToCandidate
2019-09-25 07:05:28,419 [Thread-1216] INFO  impl.RoleInfo (RoleInfo.java:updateAndGet(143)) - 24bf2945-a329-4da6-aaf2-23ecd8d462c6: start LeaderElection
2019-09-25 07:05:28,433 [24bf2945-a329-4da6-aaf2-23ecd8d462c6@group-82A2BDFA5924:LeaderElection188] INFO  impl.LeaderElection (LeaderElection.java:askForVotes(182)) - 24bf2945-a329-4da6-aaf2-23ecd8d462c6@group-82A2BDFA5924:LeaderElection188: begin an election at term 1 for -1: [24bf2945-a329-4da6-aaf2-23ecd8d462c6:192.168.30.10:42867], old=null
2019-09-25 07:05:28,433 [24bf2945-a329-4da6-aaf2-23ecd8d462c6@group-82A2BDFA5924:LeaderElection188] INFO  impl.RoleInfo (RoleInfo.java:shutdownLeaderElection(134)) - 24bf2945-a329-4da6-aaf2-23ecd8d462c6: shutdown LeaderElection
2019-09-25 07:05:28,433 [24bf2945-a329-4da6-aaf2-23ecd8d462c6@group-82A2BDFA5924:LeaderElection188] INFO  impl.RaftServerImpl (RaftServerImpl.java:setRole(174)) - 24bf2945-a329-4da6-aaf2-23ecd8d462c6@group-82A2BDFA5924: changes role from CANDIDATE to LEADER at term 1 for changeToLeader
2019-09-25 07:05:28,434 [24bf2945-a329-4da6-aaf2-23ecd8d462c6@group-82A2BDFA5924:LeaderElection188] INFO  impl.RaftServerImpl (ServerState.java:setLeader(253)) - 24bf2945-a329-4da6-aaf2-23ecd8d462c6@group-82A2BDFA5924: change Leader from null to 24bf2945-a329-4da6-aaf2-23ecd8d462c6 at term 1 for becomeLeader, leader elected after 5056ms
2019-09-25 07:05:28,434 [24bf2945-a329-4da6-aaf2-23ecd8d462c6@group-82A2BDFA5924:LeaderElection188] INFO  server.RaftServerConfigKeys (ConfUtils.java:logGet(43)) - raft.server.staging.catchup.gap = 1000 (default)
2019-09-25 07:05:28,434 [24bf2945-a329-4da6-aaf2-23ecd8d462c6@group-82A2BDFA5924:LeaderElection188] INFO  server.RaftServerConfigKeys (ConfUtils.java:logGet(43)) - raft.server.rpc.sleep.time = 25ms (default)
2019-09-25 07:05:28,434 [24bf2945-a329-4da6-aaf2-23ecd8d462c6@group-82A2BDFA5924:LeaderElection188] INFO  server.RaftServerConfigKeys (ConfUtils.java:logGet(43)) - raft.server.write.element-limit = 4096 (default)
2019-09-25 07:05:28,434 [24bf2945-a329-4da6-aaf2-23ecd8d462c6@group-82A2BDFA5924:LeaderElection188] INFO  server.RaftServerConfigKeys (ConfUtils.java:logGet(43)) - raft.server.watch.timeout = 10s (default)
2019-09-25 07:05:28,434 [24bf2945-a329-4da6-aaf2-23ecd8d462c6@group-82A2BDFA5924:LeaderElection188] INFO  server.RaftServerConfigKeys (ConfUtils.java:logGet(43)) - raft.server.watch.timeout.denomination = 1s (default)
2019-09-25 07:05:28,434 [24bf2945-a329-4da6-aaf2-23ecd8d462c6@group-82A2BDFA5924:LeaderElection188] INFO  server.RaftServerConfigKeys (ConfUtils.java:logGet(43)) - raft.server.watch.element-limit = 65536 (default)
2019-09-25 07:05:28,436 [24bf2945-a329-4da6-aaf2-23ecd8d462c6@group-82A2BDFA5924:LeaderElection188] INFO  impl.RoleInfo (RoleInfo.java:updateAndGet(143)) - 24bf2945-a329-4da6-aaf2-23ecd8d462c6: start LeaderState
2019-09-25 07:05:28,436 [24bf2945-a329-4da6-aaf2-23ecd8d462c6@group-82A2BDFA5924:LeaderElection188] INFO  segmented.SegmentedRaftLogWorker (SegmentedRaftLogWorker.java:startLogSegment(380)) - 24bf2945-a329-4da6-aaf2-23ecd8d462c6@group-82A2BDFA5924-SegmentedRaftLogWorker: Starting segment from index:0
2019-09-25 07:05:28,437 [24bf2945-a329-4da6-aaf2-23ecd8d462c6@group-82A2BDFA5924:LeaderElection188] INFO  impl.RaftServerImpl (ServerState.java:setRaftConf(354)) - 24bf2945-a329-4da6-aaf2-23ecd8d462c6@group-82A2BDFA5924: set configuration 0: [24bf2945-a329-4da6-aaf2-23ecd8d462c6:192.168.30.10:42867], old=null at 0
2019-09-25 07:05:28,507 [24bf2945-a329-4da6-aaf2-23ecd8d462c6@group-82A2BDFA5924-SegmentedRaftLogWorker] INFO  segmented.SegmentedRaftLogWorker (SegmentedRaftLogWorker.java:execute(569)) - 24bf2945-a329-4da6-aaf2-23ecd8d462c6@group-82A2BDFA5924-SegmentedRaftLogWorker: created new log segment /workdir/hadoop-ozone/integration-test/target/test-dir/MiniOzoneClusterImpl-39af9574-7a8b-4ed7-b830-bf686a3d4bb8/datanode-2/data/ratis/ec5344b4-3005-4340-bd88-82a2bdfa5924/current/log_inprogress_0
2019-09-25 07:05:28,514 [Thread-1222] INFO  impl.FollowerState (FollowerState.java:run(106)) - 24bf2945-a329-4da6-aaf2-23ecd8d462c6:group-B0548C23C74B changes to CANDIDATE, lastRpcTime:5044, electionTimeout:5044ms
2019-09-25 07:05:28,514 [Thread-1222] INFO  impl.RoleInfo (RoleInfo.java:shutdownFollowerState(121)) - 24bf2945-a329-4da6-aaf2-23ecd8d462c6: shutdown FollowerState
2019-09-25 07:05:28,514 [Thread-1222] INFO  impl.RaftServerImpl (RaftServerImpl.java:setRole(174)) - 24bf2945-a329-4da6-aaf2-23ecd8d462c6@group-B0548C23C74B: changes role from  FOLLOWER to CANDIDATE at term 0 for changeToCandidate
2019-09-25 07:05:28,514 [Thread-1222] INFO  impl.RoleInfo (RoleInfo.java:updateAndGet(143)) - 24bf2945-a329-4da6-aaf2-23ecd8d462c6: start LeaderElection
2019-09-25 07:05:28,520 [24bf2945-a329-4da6-aaf2-23ecd8d462c6@group-B0548C23C74B:LeaderElection189] INFO  impl.LeaderElection (LeaderElection.java:askForVotes(182)) - 24bf2945-a329-4da6-aaf2-23ecd8d462c6@group-B0548C23C74B:LeaderElection189: begin an election at term 1 for -1: [24bf2945-a329-4da6-aaf2-23ecd8d462c6:192.168.30.10:42867], old=null
2019-09-25 07:05:28,520 [24bf2945-a329-4da6-aaf2-23ecd8d462c6@group-B0548C23C74B:LeaderElection189] INFO  impl.RoleInfo (RoleInfo.java:shutdownLeaderElection(134)) - 24bf2945-a329-4da6-aaf2-23ecd8d462c6: shutdown LeaderElection
2019-09-25 07:05:28,521 [24bf2945-a329-4da6-aaf2-23ecd8d462c6@group-B0548C23C74B:LeaderElection189] INFO  impl.RaftServerImpl (RaftServerImpl.java:setRole(174)) - 24bf2945-a329-4da6-aaf2-23ecd8d462c6@group-B0548C23C74B: changes role from CANDIDATE to LEADER at term 1 for changeToLeader
2019-09-25 07:05:28,521 [24bf2945-a329-4da6-aaf2-23ecd8d462c6@group-B0548C23C74B:LeaderElection189] INFO  impl.RaftServerImpl (ServerState.java:setLeader(253)) - 24bf2945-a329-4da6-aaf2-23ecd8d462c6@group-B0548C23C74B: change Leader from null to 24bf2945-a329-4da6-aaf2-23ecd8d462c6 at term 1 for becomeLeader, leader elected after 5057ms
2019-09-25 07:05:28,521 [24bf2945-a329-4da6-aaf2-23ecd8d462c6@group-B0548C23C74B:LeaderElection189] INFO  server.RaftServerConfigKeys (ConfUtils.java:logGet(43)) - raft.server.staging.catchup.gap = 1000 (default)
2019-09-25 07:05:28,521 [24bf2945-a329-4da6-aaf2-23ecd8d462c6@group-B0548C23C74B:LeaderElection189] INFO  server.RaftServerConfigKeys (ConfUtils.java:logGet(43)) - raft.server.rpc.sleep.time = 25ms (default)
2019-09-25 07:05:28,521 [24bf2945-a329-4da6-aaf2-23ecd8d462c6@group-B0548C23C74B:LeaderElection189] INFO  server.RaftServerConfigKeys (ConfUtils.java:logGet(43)) - raft.server.write.element-limit = 4096 (default)
2019-09-25 07:05:28,521 [24bf2945-a329-4da6-aaf2-23ecd8d462c6@group-B0548C23C74B:LeaderElection189] INFO  server.RaftServerConfigKeys (ConfUtils.java:logGet(43)) - raft.server.watch.timeout = 10s (default)
2019-09-25 07:05:28,522 [24bf2945-a329-4da6-aaf2-23ecd8d462c6@group-B0548C23C74B:LeaderElection189] INFO  server.RaftServerConfigKeys (ConfUtils.java:logGet(43)) - raft.server.watch.timeout.denomination = 1s (default)
2019-09-25 07:05:28,522 [24bf2945-a329-4da6-aaf2-23ecd8d462c6@group-B0548C23C74B:LeaderElection189] INFO  server.RaftServerConfigKeys (ConfUtils.java:logGet(43)) - raft.server.watch.element-limit = 65536 (default)
2019-09-25 07:05:28,524 [24bf2945-a329-4da6-aaf2-23ecd8d462c6@group-B0548C23C74B:LeaderElection189] INFO  impl.RoleInfo (RoleInfo.java:updateAndGet(143)) - 24bf2945-a329-4da6-aaf2-23ecd8d462c6: start LeaderState
2019-09-25 07:05:28,524 [24bf2945-a329-4da6-aaf2-23ecd8d462c6@group-B0548C23C74B:LeaderElection189] INFO  segmented.SegmentedRaftLogWorker (SegmentedRaftLogWorker.java:startLogSegment(380)) - 24bf2945-a329-4da6-aaf2-23ecd8d462c6@group-B0548C23C74B-SegmentedRaftLogWorker: Starting segment from index:0
2019-09-25 07:05:28,524 [24bf2945-a329-4da6-aaf2-23ecd8d462c6@group-B0548C23C74B:LeaderElection189] INFO  impl.RaftServerImpl (ServerState.java:setRaftConf(354)) - 24bf2945-a329-4da6-aaf2-23ecd8d462c6@group-B0548C23C74B: set configuration 0: [24bf2945-a329-4da6-aaf2-23ecd8d462c6:192.168.30.10:42867], old=null at 0
2019-09-25 07:05:28,576 [24bf2945-a329-4da6-aaf2-23ecd8d462c6@group-B0548C23C74B-SegmentedRaftLogWorker] INFO  segmented.SegmentedRaftLogWorker (SegmentedRaftLogWorker.java:execute(569)) - 24bf2945-a329-4da6-aaf2-23ecd8d462c6@group-B0548C23C74B-SegmentedRaftLogWorker: created new log segment /workdir/hadoop-ozone/integration-test/target/test-dir/MiniOzoneClusterImpl-39af9574-7a8b-4ed7-b830-bf686a3d4bb8/datanode-2/data/ratis/48f2e398-358b-4b61-9053-b0548c23c74b/current/log_inprogress_0
2019-09-25 07:05:29,238 [Thread-1270] INFO  impl.FollowerState (FollowerState.java:run(106)) - 24bf2945-a329-4da6-aaf2-23ecd8d462c6:group-D1A1C9722AAD changes to CANDIDATE, lastRpcTime:5053, electionTimeout:5053ms
2019-09-25 07:05:29,239 [Thread-1270] INFO  impl.RoleInfo (RoleInfo.java:shutdownFollowerState(121)) - 24bf2945-a329-4da6-aaf2-23ecd8d462c6: shutdown FollowerState
2019-09-25 07:05:29,239 [Thread-1270] INFO  impl.RaftServerImpl (RaftServerImpl.java:setRole(174)) - 24bf2945-a329-4da6-aaf2-23ecd8d462c6@group-D1A1C9722AAD: changes role from  FOLLOWER to CANDIDATE at term 0 for changeToCandidate
2019-09-25 07:05:29,239 [Thread-1270] INFO  impl.RoleInfo (RoleInfo.java:updateAndGet(143)) - 24bf2945-a329-4da6-aaf2-23ecd8d462c6: start LeaderElection
2019-09-25 07:05:29,264 [Thread-1261] INFO  impl.FollowerState (FollowerState.java:run(106)) - 24bf2945-a329-4da6-aaf2-23ecd8d462c6:group-0A7E0922721F changes to CANDIDATE, lastRpcTime:5200, electionTimeout:5200ms
2019-09-25 07:05:29,265 [Thread-1261] INFO  impl.RoleInfo (RoleInfo.java:shutdownFollowerState(121)) - 24bf2945-a329-4da6-aaf2-23ecd8d462c6: shutdown FollowerState
2019-09-25 07:05:29,265 [Thread-1261] INFO  impl.RaftServerImpl (RaftServerImpl.java:setRole(174)) - 24bf2945-a329-4da6-aaf2-23ecd8d462c6@group-0A7E0922721F: changes role from  FOLLOWER to CANDIDATE at term 0 for changeToCandidate
2019-09-25 07:05:29,265 [Thread-1261] INFO  impl.RoleInfo (RoleInfo.java:updateAndGet(143)) - 24bf2945-a329-4da6-aaf2-23ecd8d462c6: start LeaderElection
2019-09-25 07:05:29,266 [24bf2945-a329-4da6-aaf2-23ecd8d462c6@group-D1A1C9722AAD:LeaderElection190] INFO  impl.LeaderElection (LeaderElection.java:askForVotes(182)) - 24bf2945-a329-4da6-aaf2-23ecd8d462c6@group-D1A1C9722AAD:LeaderElection190: begin an election at term 1 for -1: [24bf2945-a329-4da6-aaf2-23ecd8d462c6:192.168.30.10:42867], old=null
2019-09-25 07:05:29,266 [24bf2945-a329-4da6-aaf2-23ecd8d462c6@group-D1A1C9722AAD:LeaderElection190] INFO  impl.RoleInfo (RoleInfo.java:shutdownLeaderElection(134)) - 24bf2945-a329-4da6-aaf2-23ecd8d462c6: shutdown LeaderElection
2019-09-25 07:05:29,266 [24bf2945-a329-4da6-aaf2-23ecd8d462c6@group-D1A1C9722AAD:LeaderElection190] INFO  impl.RaftServerImpl (RaftServerImpl.java:setRole(174)) - 24bf2945-a329-4da6-aaf2-23ecd8d462c6@group-D1A1C9722AAD: changes role from CANDIDATE to LEADER at term 1 for changeToLeader
2019-09-25 07:05:29,266 [24bf2945-a329-4da6-aaf2-23ecd8d462c6@group-D1A1C9722AAD:LeaderElection190] INFO  impl.RaftServerImpl (ServerState.java:setLeader(253)) - 24bf2945-a329-4da6-aaf2-23ecd8d462c6@group-D1A1C9722AAD: change Leader from null to 24bf2945-a329-4da6-aaf2-23ecd8d462c6 at term 1 for becomeLeader, leader elected after 5086ms
2019-09-25 07:05:29,266 [24bf2945-a329-4da6-aaf2-23ecd8d462c6@group-D1A1C9722AAD:LeaderElection190] INFO  server.RaftServerConfigKeys (ConfUtils.java:logGet(43)) - raft.server.staging.catchup.gap = 1000 (default)
2019-09-25 07:05:29,266 [24bf2945-a329-4da6-aaf2-23ecd8d462c6@group-D1A1C9722AAD:LeaderElection190] INFO  server.RaftServerConfigKeys (ConfUtils.java:logGet(43)) - raft.server.rpc.sleep.time = 25ms (default)
2019-09-25 07:05:29,267 [24bf2945-a329-4da6-aaf2-23ecd8d462c6@group-D1A1C9722AAD:LeaderElection190] INFO  server.RaftServerConfigKeys (ConfUtils.java:logGet(43)) - raft.server.write.element-limit = 4096 (default)
2019-09-25 07:05:29,267 [24bf2945-a329-4da6-aaf2-23ecd8d462c6@group-D1A1C9722AAD:LeaderElection190] INFO  server.RaftServerConfigKeys (ConfUtils.java:logGet(43)) - raft.server.watch.timeout = 10s (default)
2019-09-25 07:05:29,267 [24bf2945-a329-4da6-aaf2-23ecd8d462c6@group-D1A1C9722AAD:LeaderElection190] INFO  server.RaftServerConfigKeys (ConfUtils.java:logGet(43)) - raft.server.watch.timeout.denomination = 1s (default)
2019-09-25 07:05:29,267 [24bf2945-a329-4da6-aaf2-23ecd8d462c6@group-D1A1C9722AAD:LeaderElection190] INFO  server.RaftServerConfigKeys (ConfUtils.java:logGet(43)) - raft.server.watch.element-limit = 65536 (default)
2019-09-25 07:05:29,269 [24bf2945-a329-4da6-aaf2-23ecd8d462c6@group-D1A1C9722AAD:LeaderElection190] INFO  impl.RoleInfo (RoleInfo.java:updateAndGet(143)) - 24bf2945-a329-4da6-aaf2-23ecd8d462c6: start LeaderState
2019-09-25 07:05:29,269 [24bf2945-a329-4da6-aaf2-23ecd8d462c6@group-D1A1C9722AAD:LeaderElection190] INFO  segmented.SegmentedRaftLogWorker (SegmentedRaftLogWorker.java:startLogSegment(380)) - 24bf2945-a329-4da6-aaf2-23ecd8d462c6@group-D1A1C9722AAD-SegmentedRaftLogWorker: Starting segment from index:0
2019-09-25 07:05:29,270 [24bf2945-a329-4da6-aaf2-23ecd8d462c6@group-D1A1C9722AAD:LeaderElection190] INFO  impl.RaftServerImpl (ServerState.java:setRaftConf(354)) - 24bf2945-a329-4da6-aaf2-23ecd8d462c6@group-D1A1C9722AAD: set configuration 0: [24bf2945-a329-4da6-aaf2-23ecd8d462c6:192.168.30.10:42867], old=null at 0
2019-09-25 07:05:29,279 [24bf2945-a329-4da6-aaf2-23ecd8d462c6@group-0A7E0922721F:LeaderElection191] INFO  impl.LeaderElection (LeaderElection.java:askForVotes(182)) - 24bf2945-a329-4da6-aaf2-23ecd8d462c6@group-0A7E0922721F:LeaderElection191: begin an election at term 1 for -1: [24bf2945-a329-4da6-aaf2-23ecd8d462c6:192.168.30.10:42867], old=null
2019-09-25 07:05:29,279 [24bf2945-a329-4da6-aaf2-23ecd8d462c6@group-0A7E0922721F:LeaderElection191] INFO  impl.RoleInfo (RoleInfo.java:shutdownLeaderElection(134)) - 24bf2945-a329-4da6-aaf2-23ecd8d462c6: shutdown LeaderElection
2019-09-25 07:05:29,279 [24bf2945-a329-4da6-aaf2-23ecd8d462c6@group-0A7E0922721F:LeaderElection191] INFO  impl.RaftServerImpl (RaftServerImpl.java:setRole(174)) - 24bf2945-a329-4da6-aaf2-23ecd8d462c6@group-0A7E0922721F: changes role from CANDIDATE to LEADER at term 1 for changeToLeader
2019-09-25 07:05:29,279 [24bf2945-a329-4da6-aaf2-23ecd8d462c6@group-0A7E0922721F:LeaderElection191] INFO  impl.RaftServerImpl (ServerState.java:setLeader(253)) - 24bf2945-a329-4da6-aaf2-23ecd8d462c6@group-0A7E0922721F: change Leader from null to 24bf2945-a329-4da6-aaf2-23ecd8d462c6 at term 1 for becomeLeader, leader elected after 5218ms
2019-09-25 07:05:29,279 [24bf2945-a329-4da6-aaf2-23ecd8d462c6@group-0A7E0922721F:LeaderElection191] INFO  server.RaftServerConfigKeys (ConfUtils.java:logGet(43)) - raft.server.staging.catchup.gap = 1000 (default)
2019-09-25 07:05:29,279 [24bf2945-a329-4da6-aaf2-23ecd8d462c6@group-0A7E0922721F:LeaderElection191] INFO  server.RaftServerConfigKeys (ConfUtils.java:logGet(43)) - raft.server.rpc.sleep.time = 25ms (default)
2019-09-25 07:05:29,280 [24bf2945-a329-4da6-aaf2-23ecd8d462c6@group-0A7E0922721F:LeaderElection191] INFO  server.RaftServerConfigKeys (ConfUtils.java:logGet(43)) - raft.server.write.element-limit = 4096 (default)
2019-09-25 07:05:29,280 [24bf2945-a329-4da6-aaf2-23ecd8d462c6@group-0A7E0922721F:LeaderElection191] INFO  server.RaftServerConfigKeys (ConfUtils.java:logGet(43)) - raft.server.watch.timeout = 10s (default)
2019-09-25 07:05:29,280 [24bf2945-a329-4da6-aaf2-23ecd8d462c6@group-0A7E0922721F:LeaderElection191] INFO  server.RaftServerConfigKeys (ConfUtils.java:logGet(43)) - raft.server.watch.timeout.denomination = 1s (default)
2019-09-25 07:05:29,280 [24bf2945-a329-4da6-aaf2-23ecd8d462c6@group-0A7E0922721F:LeaderElection191] INFO  server.RaftServerConfigKeys (ConfUtils.java:logGet(43)) - raft.server.watch.element-limit = 65536 (default)
2019-09-25 07:05:29,281 [24bf2945-a329-4da6-aaf2-23ecd8d462c6@group-0A7E0922721F:LeaderElection191] INFO  impl.RoleInfo (RoleInfo.java:updateAndGet(143)) - 24bf2945-a329-4da6-aaf2-23ecd8d462c6: start LeaderState
2019-09-25 07:05:29,282 [24bf2945-a329-4da6-aaf2-23ecd8d462c6@group-0A7E0922721F:LeaderElection191] INFO  segmented.SegmentedRaftLogWorker (SegmentedRaftLogWorker.java:startLogSegment(380)) - 24bf2945-a329-4da6-aaf2-23ecd8d462c6@group-0A7E0922721F-SegmentedRaftLogWorker: Starting segment from index:0
2019-09-25 07:05:29,282 [24bf2945-a329-4da6-aaf2-23ecd8d462c6@group-0A7E0922721F:LeaderElection191] INFO  impl.RaftServerImpl (ServerState.java:setRaftConf(354)) - 24bf2945-a329-4da6-aaf2-23ecd8d462c6@group-0A7E0922721F: set configuration 0: [24bf2945-a329-4da6-aaf2-23ecd8d462c6:192.168.30.10:42867], old=null at 0
2019-09-25 07:05:29,325 [24bf2945-a329-4da6-aaf2-23ecd8d462c6@group-D1A1C9722AAD-SegmentedRaftLogWorker] INFO  segmented.SegmentedRaftLogWorker (SegmentedRaftLogWorker.java:execute(569)) - 24bf2945-a329-4da6-aaf2-23ecd8d462c6@group-D1A1C9722AAD-SegmentedRaftLogWorker: created new log segment /workdir/hadoop-ozone/integration-test/target/test-dir/MiniOzoneClusterImpl-39af9574-7a8b-4ed7-b830-bf686a3d4bb8/datanode-2/data/ratis/a07bad8e-4b36-4899-b6e8-d1a1c9722aad/current/log_inprogress_0
2019-09-25 07:05:29,325 [24bf2945-a329-4da6-aaf2-23ecd8d462c6@group-0A7E0922721F-SegmentedRaftLogWorker] INFO  segmented.SegmentedRaftLogWorker (SegmentedRaftLogWorker.java:execute(569)) - 24bf2945-a329-4da6-aaf2-23ecd8d462c6@group-0A7E0922721F-SegmentedRaftLogWorker: created new log segment /workdir/hadoop-ozone/integration-test/target/test-dir/MiniOzoneClusterImpl-39af9574-7a8b-4ed7-b830-bf686a3d4bb8/datanode-2/data/ratis/cc4f9286-e5c1-4128-89b6-0a7e0922721f/current/log_inprogress_0
2019-09-25 07:05:29,393 [Thread-1273] INFO  impl.FollowerState (FollowerState.java:run(106)) - 24bf2945-a329-4da6-aaf2-23ecd8d462c6:group-72D65F418B14 changes to CANDIDATE, lastRpcTime:5169, electionTimeout:5169ms
2019-09-25 07:05:29,393 [Thread-1273] INFO  impl.RoleInfo (RoleInfo.java:shutdownFollowerState(121)) - 24bf2945-a329-4da6-aaf2-23ecd8d462c6: shutdown FollowerState
2019-09-25 07:05:29,393 [Thread-1273] INFO  impl.RaftServerImpl (RaftServerImpl.java:setRole(174)) - 24bf2945-a329-4da6-aaf2-23ecd8d462c6@group-72D65F418B14: changes role from  FOLLOWER to CANDIDATE at term 0 for changeToCandidate
2019-09-25 07:05:29,393 [Thread-1273] INFO  impl.RoleInfo (RoleInfo.java:updateAndGet(143)) - 24bf2945-a329-4da6-aaf2-23ecd8d462c6: start LeaderElection
2019-09-25 07:05:29,407 [24bf2945-a329-4da6-aaf2-23ecd8d462c6@group-72D65F418B14:LeaderElection192] INFO  impl.LeaderElection (LeaderElection.java:askForVotes(182)) - 24bf2945-a329-4da6-aaf2-23ecd8d462c6@group-72D65F418B14:LeaderElection192: begin an election at term 1 for -1: [24bf2945-a329-4da6-aaf2-23ecd8d462c6:192.168.30.10:42867], old=null
2019-09-25 07:05:29,408 [24bf2945-a329-4da6-aaf2-23ecd8d462c6@group-72D65F418B14:LeaderElection192] INFO  impl.RoleInfo (RoleInfo.java:shutdownLeaderElection(134)) - 24bf2945-a329-4da6-aaf2-23ecd8d462c6: shutdown LeaderElection
2019-09-25 07:05:29,408 [24bf2945-a329-4da6-aaf2-23ecd8d462c6@group-72D65F418B14:LeaderElection192] INFO  impl.RaftServerImpl (RaftServerImpl.java:setRole(174)) - 24bf2945-a329-4da6-aaf2-23ecd8d462c6@group-72D65F418B14: changes role from CANDIDATE to LEADER at term 1 for changeToLeader
2019-09-25 07:05:29,408 [24bf2945-a329-4da6-aaf2-23ecd8d462c6@group-72D65F418B14:LeaderElection192] INFO  impl.RaftServerImpl (ServerState.java:setLeader(253)) - 24bf2945-a329-4da6-aaf2-23ecd8d462c6@group-72D65F418B14: change Leader from null to 24bf2945-a329-4da6-aaf2-23ecd8d462c6 at term 1 for becomeLeader, leader elected after 5189ms
2019-09-25 07:05:29,408 [24bf2945-a329-4da6-aaf2-23ecd8d462c6@group-72D65F418B14:LeaderElection192] INFO  server.RaftServerConfigKeys (ConfUtils.java:logGet(43)) - raft.server.staging.catchup.gap = 1000 (default)
2019-09-25 07:05:29,408 [24bf2945-a329-4da6-aaf2-23ecd8d462c6@group-72D65F418B14:LeaderElection192] INFO  server.RaftServerConfigKeys (ConfUtils.java:logGet(43)) - raft.server.rpc.sleep.time = 25ms (default)
2019-09-25 07:05:29,408 [24bf2945-a329-4da6-aaf2-23ecd8d462c6@group-72D65F418B14:LeaderElection192] INFO  server.RaftServerConfigKeys (ConfUtils.java:logGet(43)) - raft.server.write.element-limit = 4096 (default)
2019-09-25 07:05:29,409 [24bf2945-a329-4da6-aaf2-23ecd8d462c6@group-72D65F418B14:LeaderElection192] INFO  server.RaftServerConfigKeys (ConfUtils.java:logGet(43)) - raft.server.watch.timeout = 10s (default)
2019-09-25 07:05:29,409 [24bf2945-a329-4da6-aaf2-23ecd8d462c6@group-72D65F418B14:LeaderElection192] INFO  server.RaftServerConfigKeys (ConfUtils.java:logGet(43)) - raft.server.watch.timeout.denomination = 1s (default)
2019-09-25 07:05:29,409 [24bf2945-a329-4da6-aaf2-23ecd8d462c6@group-72D65F418B14:LeaderElection192] INFO  server.RaftServerConfigKeys (ConfUtils.java:logGet(43)) - raft.server.watch.element-limit = 65536 (default)
2019-09-25 07:05:29,411 [24bf2945-a329-4da6-aaf2-23ecd8d462c6@group-72D65F418B14:LeaderElection192] INFO  impl.RoleInfo (RoleInfo.java:updateAndGet(143)) - 24bf2945-a329-4da6-aaf2-23ecd8d462c6: start LeaderState
2019-09-25 07:05:29,411 [24bf2945-a329-4da6-aaf2-23ecd8d462c6@group-72D65F418B14:LeaderElection192] INFO  segmented.SegmentedRaftLogWorker (SegmentedRaftLogWorker.java:startLogSegment(380)) - 24bf2945-a329-4da6-aaf2-23ecd8d462c6@group-72D65F418B14-SegmentedRaftLogWorker: Starting segment from index:0
2019-09-25 07:05:29,412 [24bf2945-a329-4da6-aaf2-23ecd8d462c6@group-72D65F418B14:LeaderElection192] INFO  impl.RaftServerImpl (ServerState.java:setRaftConf(354)) - 24bf2945-a329-4da6-aaf2-23ecd8d462c6@group-72D65F418B14: set configuration 0: [24bf2945-a329-4da6-aaf2-23ecd8d462c6:192.168.30.10:42867], old=null at 0
2019-09-25 07:05:29,461 [24bf2945-a329-4da6-aaf2-23ecd8d462c6@group-72D65F418B14-SegmentedRaftLogWorker] INFO  segmented.SegmentedRaftLogWorker (SegmentedRaftLogWorker.java:execute(569)) - 24bf2945-a329-4da6-aaf2-23ecd8d462c6@group-72D65F418B14-SegmentedRaftLogWorker: created new log segment /workdir/hadoop-ozone/integration-test/target/test-dir/MiniOzoneClusterImpl-39af9574-7a8b-4ed7-b830-bf686a3d4bb8/datanode-2/data/ratis/5c4b2305-3e97-4f3b-9613-72d65f418b14/current/log_inprogress_0
2019-09-25 07:05:29,550 [Thread-1288] INFO  impl.FollowerState (FollowerState.java:run(106)) - 24bf2945-a329-4da6-aaf2-23ecd8d462c6:group-67BCA9636442 changes to CANDIDATE, lastRpcTime:5124, electionTimeout:5124ms
2019-09-25 07:05:29,551 [Thread-1288] INFO  impl.RoleInfo (RoleInfo.java:shutdownFollowerState(121)) - 24bf2945-a329-4da6-aaf2-23ecd8d462c6: shutdown FollowerState
2019-09-25 07:05:29,551 [Thread-1288] INFO  impl.RaftServerImpl (RaftServerImpl.java:setRole(174)) - 24bf2945-a329-4da6-aaf2-23ecd8d462c6@group-67BCA9636442: changes role from  FOLLOWER to CANDIDATE at term 0 for changeToCandidate
2019-09-25 07:05:29,551 [Thread-1288] INFO  impl.RoleInfo (RoleInfo.java:updateAndGet(143)) - 24bf2945-a329-4da6-aaf2-23ecd8d462c6: start LeaderElection
2019-09-25 07:05:29,567 [24bf2945-a329-4da6-aaf2-23ecd8d462c6@group-67BCA9636442:LeaderElection193] INFO  impl.LeaderElection (LeaderElection.java:askForVotes(182)) - 24bf2945-a329-4da6-aaf2-23ecd8d462c6@group-67BCA9636442:LeaderElection193: begin an election at term 1 for -1: [24bf2945-a329-4da6-aaf2-23ecd8d462c6:192.168.30.10:42867], old=null
2019-09-25 07:05:29,567 [24bf2945-a329-4da6-aaf2-23ecd8d462c6@group-67BCA9636442:LeaderElection193] INFO  impl.RoleInfo (RoleInfo.java:shutdownLeaderElection(134)) - 24bf2945-a329-4da6-aaf2-23ecd8d462c6: shutdown LeaderElection
2019-09-25 07:05:29,567 [24bf2945-a329-4da6-aaf2-23ecd8d462c6@group-67BCA9636442:LeaderElection193] INFO  impl.RaftServerImpl (RaftServerImpl.java:setRole(174)) - 24bf2945-a329-4da6-aaf2-23ecd8d462c6@group-67BCA9636442: changes role from CANDIDATE to LEADER at term 1 for changeToLeader
2019-09-25 07:05:29,567 [24bf2945-a329-4da6-aaf2-23ecd8d462c6@group-67BCA9636442:LeaderElection193] INFO  impl.RaftServerImpl (ServerState.java:setLeader(253)) - 24bf2945-a329-4da6-aaf2-23ecd8d462c6@group-67BCA9636442: change Leader from null to 24bf2945-a329-4da6-aaf2-23ecd8d462c6 at term 1 for becomeLeader, leader elected after 5146ms
2019-09-25 07:05:29,567 [24bf2945-a329-4da6-aaf2-23ecd8d462c6@group-67BCA9636442:LeaderElection193] INFO  server.RaftServerConfigKeys (ConfUtils.java:logGet(43)) - raft.server.staging.catchup.gap = 1000 (default)
2019-09-25 07:05:29,567 [24bf2945-a329-4da6-aaf2-23ecd8d462c6@group-67BCA9636442:LeaderElection193] INFO  server.RaftServerConfigKeys (ConfUtils.java:logGet(43)) - raft.server.rpc.sleep.time = 25ms (default)
2019-09-25 07:05:29,568 [24bf2945-a329-4da6-aaf2-23ecd8d462c6@group-67BCA9636442:LeaderElection193] INFO  server.RaftServerConfigKeys (ConfUtils.java:logGet(43)) - raft.server.write.element-limit = 4096 (default)
2019-09-25 07:05:29,568 [24bf2945-a329-4da6-aaf2-23ecd8d462c6@group-67BCA9636442:LeaderElection193] INFO  server.RaftServerConfigKeys (ConfUtils.java:logGet(43)) - raft.server.watch.timeout = 10s (default)
2019-09-25 07:05:29,568 [24bf2945-a329-4da6-aaf2-23ecd8d462c6@group-67BCA9636442:LeaderElection193] INFO  server.RaftServerConfigKeys (ConfUtils.java:logGet(43)) - raft.server.watch.timeout.denomination = 1s (default)
2019-09-25 07:05:29,568 [24bf2945-a329-4da6-aaf2-23ecd8d462c6@group-67BCA9636442:LeaderElection193] INFO  server.RaftServerConfigKeys (ConfUtils.java:logGet(43)) - raft.server.watch.element-limit = 65536 (default)
2019-09-25 07:05:29,570 [24bf2945-a329-4da6-aaf2-23ecd8d462c6@group-67BCA9636442:LeaderElection193] INFO  impl.RoleInfo (RoleInfo.java:updateAndGet(143)) - 24bf2945-a329-4da6-aaf2-23ecd8d462c6: start LeaderState
2019-09-25 07:05:29,570 [24bf2945-a329-4da6-aaf2-23ecd8d462c6@group-67BCA9636442:LeaderElection193] INFO  segmented.SegmentedRaftLogWorker (SegmentedRaftLogWorker.java:startLogSegment(380)) - 24bf2945-a329-4da6-aaf2-23ecd8d462c6@group-67BCA9636442-SegmentedRaftLogWorker: Starting segment from index:0
2019-09-25 07:05:29,571 [24bf2945-a329-4da6-aaf2-23ecd8d462c6@group-67BCA9636442:LeaderElection193] INFO  impl.RaftServerImpl (ServerState.java:setRaftConf(354)) - 24bf2945-a329-4da6-aaf2-23ecd8d462c6@group-67BCA9636442: set configuration 0: [24bf2945-a329-4da6-aaf2-23ecd8d462c6:192.168.30.10:42867], old=null at 0
2019-09-25 07:05:29,645 [24bf2945-a329-4da6-aaf2-23ecd8d462c6@group-67BCA9636442-SegmentedRaftLogWorker] INFO  segmented.SegmentedRaftLogWorker (SegmentedRaftLogWorker.java:execute(569)) - 24bf2945-a329-4da6-aaf2-23ecd8d462c6@group-67BCA9636442-SegmentedRaftLogWorker: created new log segment /workdir/hadoop-ozone/integration-test/target/test-dir/MiniOzoneClusterImpl-39af9574-7a8b-4ed7-b830-bf686a3d4bb8/datanode-2/data/ratis/ea50dbf3-0b51-42f1-b8d4-67bca9636442/current/log_inprogress_0
2019-09-25 07:05:29,687 [Thread-1302] INFO  impl.FollowerState (FollowerState.java:run(106)) - 24bf2945-a329-4da6-aaf2-23ecd8d462c6:group-7E2B23F545ED changes to CANDIDATE, lastRpcTime:5133, electionTimeout:5133ms
2019-09-25 07:05:29,687 [Thread-1302] INFO  impl.RoleInfo (RoleInfo.java:shutdownFollowerState(121)) - 24bf2945-a329-4da6-aaf2-23ecd8d462c6: shutdown FollowerState
2019-09-25 07:05:29,687 [Thread-1302] INFO  impl.RaftServerImpl (RaftServerImpl.java:setRole(174)) - 24bf2945-a329-4da6-aaf2-23ecd8d462c6@group-7E2B23F545ED: changes role from  FOLLOWER to CANDIDATE at term 0 for changeToCandidate
2019-09-25 07:05:29,687 [Thread-1302] INFO  impl.RoleInfo (RoleInfo.java:updateAndGet(143)) - 24bf2945-a329-4da6-aaf2-23ecd8d462c6: start LeaderElection
2019-09-25 07:05:29,699 [24bf2945-a329-4da6-aaf2-23ecd8d462c6@group-7E2B23F545ED:LeaderElection194] INFO  impl.LeaderElection (LeaderElection.java:askForVotes(182)) - 24bf2945-a329-4da6-aaf2-23ecd8d462c6@group-7E2B23F545ED:LeaderElection194: begin an election at term 1 for -1: [24bf2945-a329-4da6-aaf2-23ecd8d462c6:192.168.30.10:42867], old=null
2019-09-25 07:05:29,699 [24bf2945-a329-4da6-aaf2-23ecd8d462c6@group-7E2B23F545ED:LeaderElection194] INFO  impl.RoleInfo (RoleInfo.java:shutdownLeaderElection(134)) - 24bf2945-a329-4da6-aaf2-23ecd8d462c6: shutdown LeaderElection
2019-09-25 07:05:29,699 [24bf2945-a329-4da6-aaf2-23ecd8d462c6@group-7E2B23F545ED:LeaderElection194] INFO  impl.RaftServerImpl (RaftServerImpl.java:setRole(174)) - 24bf2945-a329-4da6-aaf2-23ecd8d462c6@group-7E2B23F545ED: changes role from CANDIDATE to LEADER at term 1 for changeToLeader
2019-09-25 07:05:29,699 [24bf2945-a329-4da6-aaf2-23ecd8d462c6@group-7E2B23F545ED:LeaderElection194] INFO  impl.RaftServerImpl (ServerState.java:setLeader(253)) - 24bf2945-a329-4da6-aaf2-23ecd8d462c6@group-7E2B23F545ED: change Leader from null to 24bf2945-a329-4da6-aaf2-23ecd8d462c6 at term 1 for becomeLeader, leader elected after 5150ms
2019-09-25 07:05:29,699 [24bf2945-a329-4da6-aaf2-23ecd8d462c6@group-7E2B23F545ED:LeaderElection194] INFO  server.RaftServerConfigKeys (ConfUtils.java:logGet(43)) - raft.server.staging.catchup.gap = 1000 (default)
2019-09-25 07:05:29,700 [24bf2945-a329-4da6-aaf2-23ecd8d462c6@group-7E2B23F545ED:LeaderElection194] INFO  server.RaftServerConfigKeys (ConfUtils.java:logGet(43)) - raft.server.rpc.sleep.time = 25ms (default)
2019-09-25 07:05:29,700 [24bf2945-a329-4da6-aaf2-23ecd8d462c6@group-7E2B23F545ED:LeaderElection194] INFO  server.RaftServerConfigKeys (ConfUtils.java:logGet(43)) - raft.server.write.element-limit = 4096 (default)
2019-09-25 07:05:29,700 [24bf2945-a329-4da6-aaf2-23ecd8d462c6@group-7E2B23F545ED:LeaderElection194] INFO  server.RaftServerConfigKeys (ConfUtils.java:logGet(43)) - raft.server.watch.timeout = 10s (default)
2019-09-25 07:05:29,700 [24bf2945-a329-4da6-aaf2-23ecd8d462c6@group-7E2B23F545ED:LeaderElection194] INFO  server.RaftServerConfigKeys (ConfUtils.java:logGet(43)) - raft.server.watch.timeout.denomination = 1s (default)
2019-09-25 07:05:29,700 [24bf2945-a329-4da6-aaf2-23ecd8d462c6@group-7E2B23F545ED:LeaderElection194] INFO  server.RaftServerConfigKeys (ConfUtils.java:logGet(43)) - raft.server.watch.element-limit = 65536 (default)
2019-09-25 07:05:29,702 [24bf2945-a329-4da6-aaf2-23ecd8d462c6@group-7E2B23F545ED:LeaderElection194] INFO  impl.RoleInfo (RoleInfo.java:updateAndGet(143)) - 24bf2945-a329-4da6-aaf2-23ecd8d462c6: start LeaderState
2019-09-25 07:05:29,702 [24bf2945-a329-4da6-aaf2-23ecd8d462c6@group-7E2B23F545ED:LeaderElection194] INFO  segmented.SegmentedRaftLogWorker (SegmentedRaftLogWorker.java:startLogSegment(380)) - 24bf2945-a329-4da6-aaf2-23ecd8d462c6@group-7E2B23F545ED-SegmentedRaftLogWorker: Starting segment from index:0
2019-09-25 07:05:29,702 [24bf2945-a329-4da6-aaf2-23ecd8d462c6@group-7E2B23F545ED:LeaderElection194] INFO  impl.RaftServerImpl (ServerState.java:setRaftConf(354)) - 24bf2945-a329-4da6-aaf2-23ecd8d462c6@group-7E2B23F545ED: set configuration 0: [24bf2945-a329-4da6-aaf2-23ecd8d462c6:192.168.30.10:42867], old=null at 0
2019-09-25 07:05:29,753 [24bf2945-a329-4da6-aaf2-23ecd8d462c6@group-7E2B23F545ED-SegmentedRaftLogWorker] INFO  segmented.SegmentedRaftLogWorker (SegmentedRaftLogWorker.java:execute(569)) - 24bf2945-a329-4da6-aaf2-23ecd8d462c6@group-7E2B23F545ED-SegmentedRaftLogWorker: created new log segment /workdir/hadoop-ozone/integration-test/target/test-dir/MiniOzoneClusterImpl-39af9574-7a8b-4ed7-b830-bf686a3d4bb8/datanode-2/data/ratis/d66bf1b4-7abc-4f4c-8ea2-7e2b23f545ed/current/log_inprogress_0
2019-09-25 07:05:30,924 [Thread-1314] INFO  impl.FollowerState (FollowerState.java:run(106)) - 24bf2945-a329-4da6-aaf2-23ecd8d462c6:group-A580917960F3 changes to CANDIDATE, lastRpcTime:5026, electionTimeout:5026ms
2019-09-25 07:05:30,925 [Thread-1314] INFO  impl.RoleInfo (RoleInfo.java:shutdownFollowerState(121)) - 24bf2945-a329-4da6-aaf2-23ecd8d462c6: shutdown FollowerState
2019-09-25 07:05:30,925 [Thread-1314] INFO  impl.RaftServerImpl (RaftServerImpl.java:setRole(174)) - 24bf2945-a329-4da6-aaf2-23ecd8d462c6@group-A580917960F3: changes role from  FOLLOWER to CANDIDATE at term 0 for changeToCandidate
2019-09-25 07:05:30,925 [Thread-1314] INFO  impl.RoleInfo (RoleInfo.java:updateAndGet(143)) - 24bf2945-a329-4da6-aaf2-23ecd8d462c6: start LeaderElection
2019-09-25 07:05:30,939 [24bf2945-a329-4da6-aaf2-23ecd8d462c6@group-A580917960F3:LeaderElection195] INFO  impl.LeaderElection (LeaderElection.java:askForVotes(182)) - 24bf2945-a329-4da6-aaf2-23ecd8d462c6@group-A580917960F3:LeaderElection195: begin an election at term 1 for -1: [24bf2945-a329-4da6-aaf2-23ecd8d462c6:192.168.30.10:42867, e568d23f-199e-48ce-91e4-5c166e2e97cd:192.168.30.10:42827, 62ec8eb9-3ae9-4136-b70a-2caf3716fa7f:192.168.30.10:44715], old=null
2019-09-25 07:05:30,954 [24bf2945-a329-4da6-aaf2-23ecd8d462c6@group-A580917960F3:LeaderElection195] INFO  impl.LeaderElection (LogUtils.java:infoOrTrace(149)) - 24bf2945-a329-4da6-aaf2-23ecd8d462c6@group-A580917960F3:LeaderElection195 got exception when requesting votes: {}
java.util.concurrent.ExecutionException: org.apache.ratis.thirdparty.io.grpc.StatusRuntimeException: UNAVAILABLE: io exception
	at java.util.concurrent.FutureTask.report(FutureTask.java:122)
	at java.util.concurrent.FutureTask.get(FutureTask.java:192)
	at org.apache.ratis.server.impl.LeaderElection.waitForResults(LeaderElection.java:263)
	at org.apache.ratis.server.impl.LeaderElection.askForVotes(LeaderElection.java:201)
	at org.apache.ratis.server.impl.LeaderElection.run(LeaderElection.java:133)
	at java.lang.Thread.run(Thread.java:748)
Caused by: org.apache.ratis.thirdparty.io.grpc.StatusRuntimeException: UNAVAILABLE: io exception
	at org.apache.ratis.thirdparty.io.grpc.stub.ClientCalls.toStatusRuntimeException(ClientCalls.java:233)
	at org.apache.ratis.thirdparty.io.grpc.stub.ClientCalls.getUnchecked(ClientCalls.java:214)
	at org.apache.ratis.thirdparty.io.grpc.stub.ClientCalls.blockingUnaryCall(ClientCalls.java:139)
	at org.apache.ratis.proto.grpc.RaftServerProtocolServiceGrpc$RaftServerProtocolServiceBlockingStub.requestVote(RaftServerProtocolServiceGrpc.java:265)
	at org.apache.ratis.grpc.server.GrpcServerProtocolClient.requestVote(GrpcServerProtocolClient.java:90)
	at org.apache.ratis.grpc.server.GrpcService.requestVote(GrpcService.java:204)
	at org.apache.ratis.server.impl.LeaderElection.lambda$submitRequests$1(LeaderElection.java:238)
	at java.util.concurrent.FutureTask.run(FutureTask.java:266)
	at java.util.concurrent.Executors$RunnableAdapter.call(Executors.java:511)
	at java.util.concurrent.FutureTask.run(FutureTask.java:266)
	at java.util.concurrent.ThreadPoolExecutor.runWorker(ThreadPoolExecutor.java:1149)
	at java.util.concurrent.ThreadPoolExecutor$Worker.run(ThreadPoolExecutor.java:624)
	... 1 more
Caused by: org.apache.ratis.thirdparty.io.netty.channel.AbstractChannel$AnnotatedConnectException: Connection refused: /192.168.30.10:42827
	at sun.nio.ch.SocketChannelImpl.checkConnect(Native Method)
	at sun.nio.ch.SocketChannelImpl.finishConnect(SocketChannelImpl.java:717)
	at org.apache.ratis.thirdparty.io.netty.channel.socket.nio.NioSocketChannel.doFinishConnect(NioSocketChannel.java:327)
	at org.apache.ratis.thirdparty.io.netty.channel.nio.AbstractNioChannel$AbstractNioUnsafe.finishConnect(AbstractNioChannel.java:340)
	at org.apache.ratis.thirdparty.io.netty.channel.nio.NioEventLoop.processSelectedKey(NioEventLoop.java:632)
	at org.apache.ratis.thirdparty.io.netty.channel.nio.NioEventLoop.processSelectedKeysOptimized(NioEventLoop.java:579)
	at org.apache.ratis.thirdparty.io.netty.channel.nio.NioEventLoop.processSelectedKeys(NioEventLoop.java:496)
	at org.apache.ratis.thirdparty.io.netty.channel.nio.NioEventLoop.run(NioEventLoop.java:458)
	at org.apache.ratis.thirdparty.io.netty.util.concurrent.SingleThreadEventExecutor$5.run(SingleThreadEventExecutor.java:897)
	at org.apache.ratis.thirdparty.io.netty.util.concurrent.FastThreadLocalRunnable.run(FastThreadLocalRunnable.java:30)
	... 1 more
Caused by: java.net.ConnectException: Connection refused
	... 11 more
2019-09-25 07:05:30,956 [24bf2945-a329-4da6-aaf2-23ecd8d462c6@group-A580917960F3:LeaderElection195] INFO  impl.LeaderElection (LogUtils.java:infoOrTrace(149)) - 24bf2945-a329-4da6-aaf2-23ecd8d462c6@group-A580917960F3:LeaderElection195 got exception when requesting votes: {}
java.util.concurrent.ExecutionException: org.apache.ratis.thirdparty.io.grpc.StatusRuntimeException: UNAVAILABLE: io exception
	at java.util.concurrent.FutureTask.report(FutureTask.java:122)
	at java.util.concurrent.FutureTask.get(FutureTask.java:192)
	at org.apache.ratis.server.impl.LeaderElection.waitForResults(LeaderElection.java:263)
	at org.apache.ratis.server.impl.LeaderElection.askForVotes(LeaderElection.java:201)
	at org.apache.ratis.server.impl.LeaderElection.run(LeaderElection.java:133)
	at java.lang.Thread.run(Thread.java:748)
Caused by: org.apache.ratis.thirdparty.io.grpc.StatusRuntimeException: UNAVAILABLE: io exception
	at org.apache.ratis.thirdparty.io.grpc.stub.ClientCalls.toStatusRuntimeException(ClientCalls.java:233)
	at org.apache.ratis.thirdparty.io.grpc.stub.ClientCalls.getUnchecked(ClientCalls.java:214)
	at org.apache.ratis.thirdparty.io.grpc.stub.ClientCalls.blockingUnaryCall(ClientCalls.java:139)
	at org.apache.ratis.proto.grpc.RaftServerProtocolServiceGrpc$RaftServerProtocolServiceBlockingStub.requestVote(RaftServerProtocolServiceGrpc.java:265)
	at org.apache.ratis.grpc.server.GrpcServerProtocolClient.requestVote(GrpcServerProtocolClient.java:90)
	at org.apache.ratis.grpc.server.GrpcService.requestVote(GrpcService.java:204)
	at org.apache.ratis.server.impl.LeaderElection.lambda$submitRequests$1(LeaderElection.java:238)
	at java.util.concurrent.FutureTask.run(FutureTask.java:266)
	at java.util.concurrent.Executors$RunnableAdapter.call(Executors.java:511)
	at java.util.concurrent.FutureTask.run(FutureTask.java:266)
	at java.util.concurrent.ThreadPoolExecutor.runWorker(ThreadPoolExecutor.java:1149)
	at java.util.concurrent.ThreadPoolExecutor$Worker.run(ThreadPoolExecutor.java:624)
	... 1 more
Caused by: org.apache.ratis.thirdparty.io.netty.channel.AbstractChannel$AnnotatedConnectException: Connection refused: /192.168.30.10:44715
	at sun.nio.ch.SocketChannelImpl.checkConnect(Native Method)
	at sun.nio.ch.SocketChannelImpl.finishConnect(SocketChannelImpl.java:717)
	at org.apache.ratis.thirdparty.io.netty.channel.socket.nio.NioSocketChannel.doFinishConnect(NioSocketChannel.java:327)
	at org.apache.ratis.thirdparty.io.netty.channel.nio.AbstractNioChannel$AbstractNioUnsafe.finishConnect(AbstractNioChannel.java:340)
	at org.apache.ratis.thirdparty.io.netty.channel.nio.NioEventLoop.processSelectedKey(NioEventLoop.java:632)
	at org.apache.ratis.thirdparty.io.netty.channel.nio.NioEventLoop.processSelectedKeysOptimized(NioEventLoop.java:579)
	at org.apache.ratis.thirdparty.io.netty.channel.nio.NioEventLoop.processSelectedKeys(NioEventLoop.java:496)
	at org.apache.ratis.thirdparty.io.netty.channel.nio.NioEventLoop.run(NioEventLoop.java:458)
	at org.apache.ratis.thirdparty.io.netty.util.concurrent.SingleThreadEventExecutor$5.run(SingleThreadEventExecutor.java:897)
	at org.apache.ratis.thirdparty.io.netty.util.concurrent.FastThreadLocalRunnable.run(FastThreadLocalRunnable.java:30)
	... 1 more
Caused by: java.net.ConnectException: Connection refused
	... 11 more
2019-09-25 07:05:30,959 [24bf2945-a329-4da6-aaf2-23ecd8d462c6@group-A580917960F3:LeaderElection195] INFO  impl.LeaderElection (LeaderElection.java:logAndReturn(56)) - 24bf2945-a329-4da6-aaf2-23ecd8d462c6@group-A580917960F3:LeaderElection195: Election REJECTED; received 0 response(s) [] and 2 exception(s); 24bf2945-a329-4da6-aaf2-23ecd8d462c6@group-A580917960F3:t1, leader=null, voted=24bf2945-a329-4da6-aaf2-23ecd8d462c6, raftlog=24bf2945-a329-4da6-aaf2-23ecd8d462c6@group-A580917960F3-SegmentedRaftLog:OPENED:c-1,f-1,i0, conf=-1: [24bf2945-a329-4da6-aaf2-23ecd8d462c6:192.168.30.10:42867, e568d23f-199e-48ce-91e4-5c166e2e97cd:192.168.30.10:42827, 62ec8eb9-3ae9-4136-b70a-2caf3716fa7f:192.168.30.10:44715], old=null
2019-09-25 07:05:30,959 [24bf2945-a329-4da6-aaf2-23ecd8d462c6@group-A580917960F3:LeaderElection195] INFO  impl.LeaderElection (LogUtils.java:infoOrTrace(149)) -   Exception 0: {}
java.util.concurrent.ExecutionException: org.apache.ratis.thirdparty.io.grpc.StatusRuntimeException: UNAVAILABLE: io exception
	at java.util.concurrent.FutureTask.report(FutureTask.java:122)
	at java.util.concurrent.FutureTask.get(FutureTask.java:192)
	at org.apache.ratis.server.impl.LeaderElection.waitForResults(LeaderElection.java:263)
	at org.apache.ratis.server.impl.LeaderElection.askForVotes(LeaderElection.java:201)
	at org.apache.ratis.server.impl.LeaderElection.run(LeaderElection.java:133)
	at java.lang.Thread.run(Thread.java:748)
Caused by: org.apache.ratis.thirdparty.io.grpc.StatusRuntimeException: UNAVAILABLE: io exception
	at org.apache.ratis.thirdparty.io.grpc.stub.ClientCalls.toStatusRuntimeException(ClientCalls.java:233)
	at org.apache.ratis.thirdparty.io.grpc.stub.ClientCalls.getUnchecked(ClientCalls.java:214)
	at org.apache.ratis.thirdparty.io.grpc.stub.ClientCalls.blockingUnaryCall(ClientCalls.java:139)
	at org.apache.ratis.proto.grpc.RaftServerProtocolServiceGrpc$RaftServerProtocolServiceBlockingStub.requestVote(RaftServerProtocolServiceGrpc.java:265)
	at org.apache.ratis.grpc.server.GrpcServerProtocolClient.requestVote(GrpcServerProtocolClient.java:90)
	at org.apache.ratis.grpc.server.GrpcService.requestVote(GrpcService.java:204)
	at org.apache.ratis.server.impl.LeaderElection.lambda$submitRequests$1(LeaderElection.java:238)
	at java.util.concurrent.FutureTask.run(FutureTask.java:266)
	at java.util.concurrent.Executors$RunnableAdapter.call(Executors.java:511)
	at java.util.concurrent.FutureTask.run(FutureTask.java:266)
	at java.util.concurrent.ThreadPoolExecutor.runWorker(ThreadPoolExecutor.java:1149)
	at java.util.concurrent.ThreadPoolExecutor$Worker.run(ThreadPoolExecutor.java:624)
	... 1 more
Caused by: org.apache.ratis.thirdparty.io.netty.channel.AbstractChannel$AnnotatedConnectException: Connection refused: /192.168.30.10:42827
	at sun.nio.ch.SocketChannelImpl.checkConnect(Native Method)
	at sun.nio.ch.SocketChannelImpl.finishConnect(SocketChannelImpl.java:717)
	at org.apache.ratis.thirdparty.io.netty.channel.socket.nio.NioSocketChannel.doFinishConnect(NioSocketChannel.java:327)
	at org.apache.ratis.thirdparty.io.netty.channel.nio.AbstractNioChannel$AbstractNioUnsafe.finishConnect(AbstractNioChannel.java:340)
	at org.apache.ratis.thirdparty.io.netty.channel.nio.NioEventLoop.processSelectedKey(NioEventLoop.java:632)
	at org.apache.ratis.thirdparty.io.netty.channel.nio.NioEventLoop.processSelectedKeysOptimized(NioEventLoop.java:579)
	at org.apache.ratis.thirdparty.io.netty.channel.nio.NioEventLoop.processSelectedKeys(NioEventLoop.java:496)
	at org.apache.ratis.thirdparty.io.netty.channel.nio.NioEventLoop.run(NioEventLoop.java:458)
	at org.apache.ratis.thirdparty.io.netty.util.concurrent.SingleThreadEventExecutor$5.run(SingleThreadEventExecutor.java:897)
	at org.apache.ratis.thirdparty.io.netty.util.concurrent.FastThreadLocalRunnable.run(FastThreadLocalRunnable.java:30)
	... 1 more
Caused by: java.net.ConnectException: Connection refused
	... 11 more
2019-09-25 07:05:30,959 [24bf2945-a329-4da6-aaf2-23ecd8d462c6@group-A580917960F3:LeaderElection195] INFO  impl.LeaderElection (LogUtils.java:infoOrTrace(149)) -   Exception 1: {}
java.util.concurrent.ExecutionException: org.apache.ratis.thirdparty.io.grpc.StatusRuntimeException: UNAVAILABLE: io exception
	at java.util.concurrent.FutureTask.report(FutureTask.java:122)
	at java.util.concurrent.FutureTask.get(FutureTask.java:192)
	at org.apache.ratis.server.impl.LeaderElection.waitForResults(LeaderElection.java:263)
	at org.apache.ratis.server.impl.LeaderElection.askForVotes(LeaderElection.java:201)
	at org.apache.ratis.server.impl.LeaderElection.run(LeaderElection.java:133)
	at java.lang.Thread.run(Thread.java:748)
Caused by: org.apache.ratis.thirdparty.io.grpc.StatusRuntimeException: UNAVAILABLE: io exception
	at org.apache.ratis.thirdparty.io.grpc.stub.ClientCalls.toStatusRuntimeException(ClientCalls.java:233)
	at org.apache.ratis.thirdparty.io.grpc.stub.ClientCalls.getUnchecked(ClientCalls.java:214)
	at org.apache.ratis.thirdparty.io.grpc.stub.ClientCalls.blockingUnaryCall(ClientCalls.java:139)
	at org.apache.ratis.proto.grpc.RaftServerProtocolServiceGrpc$RaftServerProtocolServiceBlockingStub.requestVote(RaftServerProtocolServiceGrpc.java:265)
	at org.apache.ratis.grpc.server.GrpcServerProtocolClient.requestVote(GrpcServerProtocolClient.java:90)
	at org.apache.ratis.grpc.server.GrpcService.requestVote(GrpcService.java:204)
	at org.apache.ratis.server.impl.LeaderElection.lambda$submitRequests$1(LeaderElection.java:238)
	at java.util.concurrent.FutureTask.run(FutureTask.java:266)
	at java.util.concurrent.Executors$RunnableAdapter.call(Executors.java:511)
	at java.util.concurrent.FutureTask.run(FutureTask.java:266)
	at java.util.concurrent.ThreadPoolExecutor.runWorker(ThreadPoolExecutor.java:1149)
	at java.util.concurrent.ThreadPoolExecutor$Worker.run(ThreadPoolExecutor.java:624)
	... 1 more
Caused by: org.apache.ratis.thirdparty.io.netty.channel.AbstractChannel$AnnotatedConnectException: Connection refused: /192.168.30.10:44715
	at sun.nio.ch.SocketChannelImpl.checkConnect(Native Method)
	at sun.nio.ch.SocketChannelImpl.finishConnect(SocketChannelImpl.java:717)
	at org.apache.ratis.thirdparty.io.netty.channel.socket.nio.NioSocketChannel.doFinishConnect(NioSocketChannel.java:327)
	at org.apache.ratis.thirdparty.io.netty.channel.nio.AbstractNioChannel$AbstractNioUnsafe.finishConnect(AbstractNioChannel.java:340)
	at org.apache.ratis.thirdparty.io.netty.channel.nio.NioEventLoop.processSelectedKey(NioEventLoop.java:632)
	at org.apache.ratis.thirdparty.io.netty.channel.nio.NioEventLoop.processSelectedKeysOptimized(NioEventLoop.java:579)
	at org.apache.ratis.thirdparty.io.netty.channel.nio.NioEventLoop.processSelectedKeys(NioEventLoop.java:496)
	at org.apache.ratis.thirdparty.io.netty.channel.nio.NioEventLoop.run(NioEventLoop.java:458)
	at org.apache.ratis.thirdparty.io.netty.util.concurrent.SingleThreadEventExecutor$5.run(SingleThreadEventExecutor.java:897)
	at org.apache.ratis.thirdparty.io.netty.util.concurrent.FastThreadLocalRunnable.run(FastThreadLocalRunnable.java:30)
	... 1 more
Caused by: java.net.ConnectException: Connection refused
	... 11 more
2019-09-25 07:05:30,960 [24bf2945-a329-4da6-aaf2-23ecd8d462c6@group-A580917960F3:LeaderElection195] INFO  impl.RaftServerImpl (RaftServerImpl.java:setRole(174)) - 24bf2945-a329-4da6-aaf2-23ecd8d462c6@group-A580917960F3: changes role from CANDIDATE to FOLLOWER at term 1 for DISCOVERED_A_NEW_TERM
2019-09-25 07:05:30,960 [24bf2945-a329-4da6-aaf2-23ecd8d462c6@group-A580917960F3:LeaderElection195] INFO  impl.RoleInfo (RoleInfo.java:shutdownLeaderElection(134)) - 24bf2945-a329-4da6-aaf2-23ecd8d462c6: shutdown LeaderElection
2019-09-25 07:05:30,960 [24bf2945-a329-4da6-aaf2-23ecd8d462c6@group-A580917960F3:LeaderElection195] INFO  impl.RoleInfo (RoleInfo.java:updateAndGet(143)) - 24bf2945-a329-4da6-aaf2-23ecd8d462c6: start FollowerState
2019-09-25 07:05:31,745 [ForkJoinPool.commonPool-worker-1] INFO  ozoneimpl.OzoneContainer (OzoneContainer.java:stop(231)) - Attempting to stop container services.
2019-09-25 07:05:31,748 [ForkJoinPool.commonPool-worker-1] INFO  impl.RaftServerProxy (RaftServerProxy.java:lambda$close$4(314)) - 24bf2945-a329-4da6-aaf2-23ecd8d462c6: close
2019-09-25 07:05:31,749 [ForkJoinPool.commonPool-worker-1] INFO  impl.RaftServerImpl (RaftServerImpl.java:lambda$shutdown$3(251)) - 24bf2945-a329-4da6-aaf2-23ecd8d462c6@group-2B170D792B3D: shutdown
2019-09-25 07:05:31,749 [ForkJoinPool.commonPool-worker-1] INFO  util.JmxRegister (JmxRegister.java:unregister(73)) - Successfully un-registered JMX Bean with object name Ratis:service=RaftServer,group=group-2B170D792B3D,id=24bf2945-a329-4da6-aaf2-23ecd8d462c6
2019-09-25 07:05:31,749 [ForkJoinPool.commonPool-worker-1] INFO  impl.RoleInfo (RoleInfo.java:shutdownLeaderState(104)) - 24bf2945-a329-4da6-aaf2-23ecd8d462c6: shutdown LeaderState
2019-09-25 07:05:31,749 [ForkJoinPool.commonPool-worker-1] INFO  impl.PendingRequests (PendingRequests.java:sendNotLeaderResponses(202)) - 24bf2945-a329-4da6-aaf2-23ecd8d462c6-PendingRequests: sendNotLeaderResponses
2019-09-25 07:05:31,750 [ForkJoinPool.commonPool-worker-1] INFO  impl.StateMachineUpdater (StateMachineUpdater.java:stopAndJoin(125)) - 24bf2945-a329-4da6-aaf2-23ecd8d462c6@group-2B170D792B3D-StateMachineUpdater: set stopIndex = 0
2019-09-25 07:05:31,750 [ForkJoinPool.commonPool-worker-1] INFO  impl.RaftServerImpl (ServerState.java:close(385)) - 24bf2945-a329-4da6-aaf2-23ecd8d462c6@group-2B170D792B3D: closes. applyIndex: 0
2019-09-25 07:05:31,751 [24bf2945-a329-4da6-aaf2-23ecd8d462c6@group-2B170D792B3D-SegmentedRaftLogWorker] INFO  segmented.SegmentedRaftLogWorker (SegmentedRaftLogWorker.java:run(313)) - 24bf2945-a329-4da6-aaf2-23ecd8d462c6@group-2B170D792B3D-SegmentedRaftLogWorker was interrupted, exiting. There are 0 tasks remaining in the queue.
2019-09-25 07:05:31,751 [ForkJoinPool.commonPool-worker-1] INFO  segmented.SegmentedRaftLogWorker (SegmentedRaftLogWorker.java:close(228)) - 24bf2945-a329-4da6-aaf2-23ecd8d462c6@group-2B170D792B3D-SegmentedRaftLogWorker close()
2019-09-25 07:05:31,752 [ForkJoinPool.commonPool-worker-1] INFO  impl.RaftServerImpl (RaftServerImpl.java:lambda$shutdown$3(251)) - 24bf2945-a329-4da6-aaf2-23ecd8d462c6@group-A497E45D18FB: shutdown
2019-09-25 07:05:31,752 [ForkJoinPool.commonPool-worker-1] INFO  util.JmxRegister (JmxRegister.java:unregister(73)) - Successfully un-registered JMX Bean with object name Ratis:service=RaftServer,group=group-A497E45D18FB,id=24bf2945-a329-4da6-aaf2-23ecd8d462c6
2019-09-25 07:05:31,752 [ForkJoinPool.commonPool-worker-1] INFO  impl.RoleInfo (RoleInfo.java:shutdownLeaderState(104)) - 24bf2945-a329-4da6-aaf2-23ecd8d462c6: shutdown LeaderState
2019-09-25 07:05:31,752 [ForkJoinPool.commonPool-worker-1] INFO  impl.PendingRequests (PendingRequests.java:sendNotLeaderResponses(202)) - 24bf2945-a329-4da6-aaf2-23ecd8d462c6-PendingRequests: sendNotLeaderResponses
2019-09-25 07:05:31,753 [ForkJoinPool.commonPool-worker-1] INFO  impl.StateMachineUpdater (StateMachineUpdater.java:stopAndJoin(125)) - 24bf2945-a329-4da6-aaf2-23ecd8d462c6@group-A497E45D18FB-StateMachineUpdater: set stopIndex = 0
2019-09-25 07:05:31,753 [ForkJoinPool.commonPool-worker-1] INFO  impl.RaftServerImpl (ServerState.java:close(385)) - 24bf2945-a329-4da6-aaf2-23ecd8d462c6@group-A497E45D18FB: closes. applyIndex: 0
2019-09-25 07:05:31,753 [24bf2945-a329-4da6-aaf2-23ecd8d462c6@group-A497E45D18FB-SegmentedRaftLogWorker] INFO  segmented.SegmentedRaftLogWorker (SegmentedRaftLogWorker.java:run(313)) - 24bf2945-a329-4da6-aaf2-23ecd8d462c6@group-A497E45D18FB-SegmentedRaftLogWorker was interrupted, exiting. There are 0 tasks remaining in the queue.
2019-09-25 07:05:31,754 [ForkJoinPool.commonPool-worker-1] INFO  segmented.SegmentedRaftLogWorker (SegmentedRaftLogWorker.java:close(228)) - 24bf2945-a329-4da6-aaf2-23ecd8d462c6@group-A497E45D18FB-SegmentedRaftLogWorker close()
2019-09-25 07:05:31,754 [ForkJoinPool.commonPool-worker-1] INFO  impl.RaftServerImpl (RaftServerImpl.java:lambda$shutdown$3(251)) - 24bf2945-a329-4da6-aaf2-23ecd8d462c6@group-FF8F6BC58C11: shutdown
2019-09-25 07:05:31,754 [ForkJoinPool.commonPool-worker-1] INFO  util.JmxRegister (JmxRegister.java:unregister(73)) - Successfully un-registered JMX Bean with object name Ratis:service=RaftServer,group=group-FF8F6BC58C11,id=24bf2945-a329-4da6-aaf2-23ecd8d462c6
2019-09-25 07:05:31,755 [ForkJoinPool.commonPool-worker-1] INFO  impl.RoleInfo (RoleInfo.java:shutdownLeaderState(104)) - 24bf2945-a329-4da6-aaf2-23ecd8d462c6: shutdown LeaderState
2019-09-25 07:05:31,755 [ForkJoinPool.commonPool-worker-1] INFO  impl.PendingRequests (PendingRequests.java:sendNotLeaderResponses(202)) - 24bf2945-a329-4da6-aaf2-23ecd8d462c6-PendingRequests: sendNotLeaderResponses
2019-09-25 07:05:31,755 [ForkJoinPool.commonPool-worker-1] INFO  impl.StateMachineUpdater (StateMachineUpdater.java:stopAndJoin(125)) - 24bf2945-a329-4da6-aaf2-23ecd8d462c6@group-FF8F6BC58C11-StateMachineUpdater: set stopIndex = 0
2019-09-25 07:05:31,755 [ForkJoinPool.commonPool-worker-1] INFO  impl.RaftServerImpl (ServerState.java:close(385)) - 24bf2945-a329-4da6-aaf2-23ecd8d462c6@group-FF8F6BC58C11: closes. applyIndex: 0
2019-09-25 07:05:31,756 [24bf2945-a329-4da6-aaf2-23ecd8d462c6@group-FF8F6BC58C11-SegmentedRaftLogWorker] INFO  segmented.SegmentedRaftLogWorker (SegmentedRaftLogWorker.java:run(313)) - 24bf2945-a329-4da6-aaf2-23ecd8d462c6@group-FF8F6BC58C11-SegmentedRaftLogWorker was interrupted, exiting. There are 0 tasks remaining in the queue.
2019-09-25 07:05:31,756 [ForkJoinPool.commonPool-worker-1] INFO  segmented.SegmentedRaftLogWorker (SegmentedRaftLogWorker.java:close(228)) - 24bf2945-a329-4da6-aaf2-23ecd8d462c6@group-FF8F6BC58C11-SegmentedRaftLogWorker close()
2019-09-25 07:05:31,756 [ForkJoinPool.commonPool-worker-1] INFO  impl.RaftServerImpl (RaftServerImpl.java:lambda$shutdown$3(251)) - 24bf2945-a329-4da6-aaf2-23ecd8d462c6@group-79D79699676C: shutdown
2019-09-25 07:05:31,757 [ForkJoinPool.commonPool-worker-1] INFO  util.JmxRegister (JmxRegister.java:unregister(73)) - Successfully un-registered JMX Bean with object name Ratis:service=RaftServer,group=group-79D79699676C,id=24bf2945-a329-4da6-aaf2-23ecd8d462c6
2019-09-25 07:05:31,757 [ForkJoinPool.commonPool-worker-1] INFO  impl.RoleInfo (RoleInfo.java:shutdownLeaderState(104)) - 24bf2945-a329-4da6-aaf2-23ecd8d462c6: shutdown LeaderState
2019-09-25 07:05:31,757 [ForkJoinPool.commonPool-worker-1] INFO  impl.PendingRequests (PendingRequests.java:sendNotLeaderResponses(202)) - 24bf2945-a329-4da6-aaf2-23ecd8d462c6-PendingRequests: sendNotLeaderResponses
2019-09-25 07:05:31,758 [ForkJoinPool.commonPool-worker-1] INFO  impl.StateMachineUpdater (StateMachineUpdater.java:stopAndJoin(125)) - 24bf2945-a329-4da6-aaf2-23ecd8d462c6@group-79D79699676C-StateMachineUpdater: set stopIndex = 0
2019-09-25 07:05:31,758 [ForkJoinPool.commonPool-worker-1] INFO  impl.RaftServerImpl (ServerState.java:close(385)) - 24bf2945-a329-4da6-aaf2-23ecd8d462c6@group-79D79699676C: closes. applyIndex: 0
2019-09-25 07:05:31,758 [24bf2945-a329-4da6-aaf2-23ecd8d462c6@group-79D79699676C-SegmentedRaftLogWorker] INFO  segmented.SegmentedRaftLogWorker (SegmentedRaftLogWorker.java:run(313)) - 24bf2945-a329-4da6-aaf2-23ecd8d462c6@group-79D79699676C-SegmentedRaftLogWorker was interrupted, exiting. There are 0 tasks remaining in the queue.
2019-09-25 07:05:31,758 [ForkJoinPool.commonPool-worker-1] INFO  segmented.SegmentedRaftLogWorker (SegmentedRaftLogWorker.java:close(228)) - 24bf2945-a329-4da6-aaf2-23ecd8d462c6@group-79D79699676C-SegmentedRaftLogWorker close()
2019-09-25 07:05:31,759 [ForkJoinPool.commonPool-worker-1] INFO  impl.RaftServerImpl (RaftServerImpl.java:lambda$shutdown$3(251)) - 24bf2945-a329-4da6-aaf2-23ecd8d462c6@group-EE4AE98013B0: shutdown
2019-09-25 07:05:31,759 [ForkJoinPool.commonPool-worker-1] INFO  util.JmxRegister (JmxRegister.java:unregister(73)) - Successfully un-registered JMX Bean with object name Ratis:service=RaftServer,group=group-EE4AE98013B0,id=24bf2945-a329-4da6-aaf2-23ecd8d462c6
2019-09-25 07:05:31,759 [ForkJoinPool.commonPool-worker-1] INFO  impl.RoleInfo (RoleInfo.java:shutdownLeaderState(104)) - 24bf2945-a329-4da6-aaf2-23ecd8d462c6: shutdown LeaderState
2019-09-25 07:05:31,759 [ForkJoinPool.commonPool-worker-1] INFO  impl.PendingRequests (PendingRequests.java:sendNotLeaderResponses(202)) - 24bf2945-a329-4da6-aaf2-23ecd8d462c6-PendingRequests: sendNotLeaderResponses
2019-09-25 07:05:31,760 [ForkJoinPool.commonPool-worker-1] INFO  impl.StateMachineUpdater (StateMachineUpdater.java:stopAndJoin(125)) - 24bf2945-a329-4da6-aaf2-23ecd8d462c6@group-EE4AE98013B0-StateMachineUpdater: set stopIndex = 0
2019-09-25 07:05:31,760 [ForkJoinPool.commonPool-worker-1] INFO  impl.RaftServerImpl (ServerState.java:close(385)) - 24bf2945-a329-4da6-aaf2-23ecd8d462c6@group-EE4AE98013B0: closes. applyIndex: 0
2019-09-25 07:05:31,760 [24bf2945-a329-4da6-aaf2-23ecd8d462c6@group-EE4AE98013B0-SegmentedRaftLogWorker] INFO  segmented.SegmentedRaftLogWorker (SegmentedRaftLogWorker.java:run(313)) - 24bf2945-a329-4da6-aaf2-23ecd8d462c6@group-EE4AE98013B0-SegmentedRaftLogWorker was interrupted, exiting. There are 0 tasks remaining in the queue.
2019-09-25 07:05:31,760 [ForkJoinPool.commonPool-worker-1] INFO  segmented.SegmentedRaftLogWorker (SegmentedRaftLogWorker.java:close(228)) - 24bf2945-a329-4da6-aaf2-23ecd8d462c6@group-EE4AE98013B0-SegmentedRaftLogWorker close()
2019-09-25 07:05:31,761 [ForkJoinPool.commonPool-worker-1] INFO  impl.RaftServerImpl (RaftServerImpl.java:lambda$shutdown$3(251)) - 24bf2945-a329-4da6-aaf2-23ecd8d462c6@group-2B70A50CA462: shutdown
2019-09-25 07:05:31,761 [ForkJoinPool.commonPool-worker-1] INFO  util.JmxRegister (JmxRegister.java:unregister(73)) - Successfully un-registered JMX Bean with object name Ratis:service=RaftServer,group=group-2B70A50CA462,id=24bf2945-a329-4da6-aaf2-23ecd8d462c6
2019-09-25 07:05:31,761 [ForkJoinPool.commonPool-worker-1] INFO  impl.RoleInfo (RoleInfo.java:shutdownLeaderState(104)) - 24bf2945-a329-4da6-aaf2-23ecd8d462c6: shutdown LeaderState
2019-09-25 07:05:31,761 [ForkJoinPool.commonPool-worker-1] INFO  impl.PendingRequests (PendingRequests.java:sendNotLeaderResponses(202)) - 24bf2945-a329-4da6-aaf2-23ecd8d462c6-PendingRequests: sendNotLeaderResponses
2019-09-25 07:05:31,762 [ForkJoinPool.commonPool-worker-1] INFO  impl.StateMachineUpdater (StateMachineUpdater.java:stopAndJoin(125)) - 24bf2945-a329-4da6-aaf2-23ecd8d462c6@group-2B70A50CA462-StateMachineUpdater: set stopIndex = 0
2019-09-25 07:05:31,762 [ForkJoinPool.commonPool-worker-1] INFO  impl.RaftServerImpl (ServerState.java:close(385)) - 24bf2945-a329-4da6-aaf2-23ecd8d462c6@group-2B70A50CA462: closes. applyIndex: 0
2019-09-25 07:05:31,762 [24bf2945-a329-4da6-aaf2-23ecd8d462c6@group-2B70A50CA462-SegmentedRaftLogWorker] INFO  segmented.SegmentedRaftLogWorker (SegmentedRaftLogWorker.java:run(313)) - 24bf2945-a329-4da6-aaf2-23ecd8d462c6@group-2B70A50CA462-SegmentedRaftLogWorker was interrupted, exiting. There are 0 tasks remaining in the queue.
2019-09-25 07:05:31,762 [ForkJoinPool.commonPool-worker-1] INFO  segmented.SegmentedRaftLogWorker (SegmentedRaftLogWorker.java:close(228)) - 24bf2945-a329-4da6-aaf2-23ecd8d462c6@group-2B70A50CA462-SegmentedRaftLogWorker close()
2019-09-25 07:05:31,763 [ForkJoinPool.commonPool-worker-1] INFO  impl.RaftServerImpl (RaftServerImpl.java:lambda$shutdown$3(251)) - 24bf2945-a329-4da6-aaf2-23ecd8d462c6@group-26547D3C28D3: shutdown
2019-09-25 07:05:31,763 [ForkJoinPool.commonPool-worker-1] INFO  util.JmxRegister (JmxRegister.java:unregister(73)) - Successfully un-registered JMX Bean with object name Ratis:service=RaftServer,group=group-26547D3C28D3,id=24bf2945-a329-4da6-aaf2-23ecd8d462c6
2019-09-25 07:05:31,763 [ForkJoinPool.commonPool-worker-1] INFO  impl.RoleInfo (RoleInfo.java:shutdownLeaderState(104)) - 24bf2945-a329-4da6-aaf2-23ecd8d462c6: shutdown LeaderState
2019-09-25 07:05:31,763 [ForkJoinPool.commonPool-worker-1] INFO  impl.PendingRequests (PendingRequests.java:sendNotLeaderResponses(202)) - 24bf2945-a329-4da6-aaf2-23ecd8d462c6-PendingRequests: sendNotLeaderResponses
2019-09-25 07:05:31,764 [ForkJoinPool.commonPool-worker-1] INFO  impl.StateMachineUpdater (StateMachineUpdater.java:stopAndJoin(125)) - 24bf2945-a329-4da6-aaf2-23ecd8d462c6@group-26547D3C28D3-StateMachineUpdater: set stopIndex = 0
2019-09-25 07:05:31,764 [ForkJoinPool.commonPool-worker-1] INFO  impl.RaftServerImpl (ServerState.java:close(385)) - 24bf2945-a329-4da6-aaf2-23ecd8d462c6@group-26547D3C28D3: closes. applyIndex: 0
2019-09-25 07:05:31,764 [24bf2945-a329-4da6-aaf2-23ecd8d462c6@group-26547D3C28D3-SegmentedRaftLogWorker] INFO  segmented.SegmentedRaftLogWorker (SegmentedRaftLogWorker.java:run(313)) - 24bf2945-a329-4da6-aaf2-23ecd8d462c6@group-26547D3C28D3-SegmentedRaftLogWorker was interrupted, exiting. There are 0 tasks remaining in the queue.
2019-09-25 07:05:31,764 [ForkJoinPool.commonPool-worker-1] INFO  segmented.SegmentedRaftLogWorker (SegmentedRaftLogWorker.java:close(228)) - 24bf2945-a329-4da6-aaf2-23ecd8d462c6@group-26547D3C28D3-SegmentedRaftLogWorker close()
2019-09-25 07:05:31,765 [ForkJoinPool.commonPool-worker-1] INFO  impl.RaftServerImpl (RaftServerImpl.java:lambda$shutdown$3(251)) - 24bf2945-a329-4da6-aaf2-23ecd8d462c6@group-9B964EB2DA1C: shutdown
2019-09-25 07:05:31,765 [ForkJoinPool.commonPool-worker-1] INFO  util.JmxRegister (JmxRegister.java:unregister(73)) - Successfully un-registered JMX Bean with object name Ratis:service=RaftServer,group=group-9B964EB2DA1C,id=24bf2945-a329-4da6-aaf2-23ecd8d462c6
2019-09-25 07:05:31,765 [ForkJoinPool.commonPool-worker-1] INFO  impl.RoleInfo (RoleInfo.java:shutdownLeaderState(104)) - 24bf2945-a329-4da6-aaf2-23ecd8d462c6: shutdown LeaderState
2019-09-25 07:05:31,765 [ForkJoinPool.commonPool-worker-1] INFO  impl.PendingRequests (PendingRequests.java:sendNotLeaderResponses(202)) - 24bf2945-a329-4da6-aaf2-23ecd8d462c6-PendingRequests: sendNotLeaderResponses
2019-09-25 07:05:31,766 [ForkJoinPool.commonPool-worker-1] INFO  impl.StateMachineUpdater (StateMachineUpdater.java:stopAndJoin(125)) - 24bf2945-a329-4da6-aaf2-23ecd8d462c6@group-9B964EB2DA1C-StateMachineUpdater: set stopIndex = 0
2019-09-25 07:05:31,766 [ForkJoinPool.commonPool-worker-1] INFO  impl.RaftServerImpl (ServerState.java:close(385)) - 24bf2945-a329-4da6-aaf2-23ecd8d462c6@group-9B964EB2DA1C: closes. applyIndex: 0
2019-09-25 07:05:31,766 [24bf2945-a329-4da6-aaf2-23ecd8d462c6@group-9B964EB2DA1C-SegmentedRaftLogWorker] INFO  segmented.SegmentedRaftLogWorker (SegmentedRaftLogWorker.java:run(313)) - 24bf2945-a329-4da6-aaf2-23ecd8d462c6@group-9B964EB2DA1C-SegmentedRaftLogWorker was interrupted, exiting. There are 0 tasks remaining in the queue.
2019-09-25 07:05:31,767 [ForkJoinPool.commonPool-worker-1] INFO  segmented.SegmentedRaftLogWorker (SegmentedRaftLogWorker.java:close(228)) - 24bf2945-a329-4da6-aaf2-23ecd8d462c6@group-9B964EB2DA1C-SegmentedRaftLogWorker close()
2019-09-25 07:05:31,767 [ForkJoinPool.commonPool-worker-1] INFO  impl.RaftServerImpl (RaftServerImpl.java:lambda$shutdown$3(251)) - 24bf2945-a329-4da6-aaf2-23ecd8d462c6@group-A580917960F3: shutdown
2019-09-25 07:05:31,767 [ForkJoinPool.commonPool-worker-1] INFO  util.JmxRegister (JmxRegister.java:unregister(73)) - Successfully un-registered JMX Bean with object name Ratis:service=RaftServer,group=group-A580917960F3,id=24bf2945-a329-4da6-aaf2-23ecd8d462c6
2019-09-25 07:05:31,767 [ForkJoinPool.commonPool-worker-1] INFO  impl.RoleInfo (RoleInfo.java:shutdownFollowerState(121)) - 24bf2945-a329-4da6-aaf2-23ecd8d462c6: shutdown FollowerState
2019-09-25 07:05:31,768 [ForkJoinPool.commonPool-worker-1] INFO  impl.StateMachineUpdater (StateMachineUpdater.java:stopAndJoin(125)) - 24bf2945-a329-4da6-aaf2-23ecd8d462c6@group-A580917960F3-StateMachineUpdater: set stopIndex = -1
2019-09-25 07:05:31,768 [ForkJoinPool.commonPool-worker-1] INFO  impl.RaftServerImpl (ServerState.java:close(385)) - 24bf2945-a329-4da6-aaf2-23ecd8d462c6@group-A580917960F3: closes. applyIndex: -1
2019-09-25 07:05:31,768 [Thread-1375] INFO  impl.FollowerState (FollowerState.java:run(115)) - 24bf2945-a329-4da6-aaf2-23ecd8d462c6: FollowerState was interrupted: java.lang.InterruptedException: sleep interrupted
2019-09-25 07:05:31,768 [24bf2945-a329-4da6-aaf2-23ecd8d462c6@group-A580917960F3-SegmentedRaftLogWorker] INFO  segmented.SegmentedRaftLogWorker (SegmentedRaftLogWorker.java:run(313)) - 24bf2945-a329-4da6-aaf2-23ecd8d462c6@group-A580917960F3-SegmentedRaftLogWorker was interrupted, exiting. There are 0 tasks remaining in the queue.
2019-09-25 07:05:31,768 [ForkJoinPool.commonPool-worker-1] INFO  segmented.SegmentedRaftLogWorker (SegmentedRaftLogWorker.java:close(228)) - 24bf2945-a329-4da6-aaf2-23ecd8d462c6@group-A580917960F3-SegmentedRaftLogWorker close()
2019-09-25 07:05:31,769 [ForkJoinPool.commonPool-worker-1] INFO  impl.RaftServerImpl (RaftServerImpl.java:lambda$shutdown$3(251)) - 24bf2945-a329-4da6-aaf2-23ecd8d462c6@group-7EE1C7B45059: shutdown
2019-09-25 07:05:31,769 [ForkJoinPool.commonPool-worker-1] INFO  util.JmxRegister (JmxRegister.java:unregister(73)) - Successfully un-registered JMX Bean with object name Ratis:service=RaftServer,group=group-7EE1C7B45059,id=24bf2945-a329-4da6-aaf2-23ecd8d462c6
2019-09-25 07:05:31,769 [ForkJoinPool.commonPool-worker-1] INFO  impl.RoleInfo (RoleInfo.java:shutdownLeaderState(104)) - 24bf2945-a329-4da6-aaf2-23ecd8d462c6: shutdown LeaderState
2019-09-25 07:05:31,769 [ForkJoinPool.commonPool-worker-1] INFO  impl.PendingRequests (PendingRequests.java:sendNotLeaderResponses(202)) - 24bf2945-a329-4da6-aaf2-23ecd8d462c6-PendingRequests: sendNotLeaderResponses
2019-09-25 07:05:31,770 [ForkJoinPool.commonPool-worker-1] INFO  impl.StateMachineUpdater (StateMachineUpdater.java:stopAndJoin(125)) - 24bf2945-a329-4da6-aaf2-23ecd8d462c6@group-7EE1C7B45059-StateMachineUpdater: set stopIndex = 0
2019-09-25 07:05:31,770 [ForkJoinPool.commonPool-worker-1] INFO  impl.RaftServerImpl (ServerState.java:close(385)) - 24bf2945-a329-4da6-aaf2-23ecd8d462c6@group-7EE1C7B45059: closes. applyIndex: 0
2019-09-25 07:05:31,770 [24bf2945-a329-4da6-aaf2-23ecd8d462c6@group-7EE1C7B45059-SegmentedRaftLogWorker] INFO  segmented.SegmentedRaftLogWorker (SegmentedRaftLogWorker.java:run(313)) - 24bf2945-a329-4da6-aaf2-23ecd8d462c6@group-7EE1C7B45059-SegmentedRaftLogWorker was interrupted, exiting. There are 0 tasks remaining in the queue.
2019-09-25 07:05:31,771 [ForkJoinPool.commonPool-worker-1] INFO  segmented.SegmentedRaftLogWorker (SegmentedRaftLogWorker.java:close(228)) - 24bf2945-a329-4da6-aaf2-23ecd8d462c6@group-7EE1C7B45059-SegmentedRaftLogWorker close()
2019-09-25 07:05:31,771 [ForkJoinPool.commonPool-worker-1] INFO  impl.RaftServerImpl (RaftServerImpl.java:lambda$shutdown$3(251)) - 24bf2945-a329-4da6-aaf2-23ecd8d462c6@group-7E2B23F545ED: shutdown
2019-09-25 07:05:31,771 [ForkJoinPool.commonPool-worker-1] INFO  util.JmxRegister (JmxRegister.java:unregister(73)) - Successfully un-registered JMX Bean with object name Ratis:service=RaftServer,group=group-7E2B23F545ED,id=24bf2945-a329-4da6-aaf2-23ecd8d462c6
2019-09-25 07:05:31,772 [ForkJoinPool.commonPool-worker-1] INFO  impl.RoleInfo (RoleInfo.java:shutdownLeaderState(104)) - 24bf2945-a329-4da6-aaf2-23ecd8d462c6: shutdown LeaderState
2019-09-25 07:05:31,772 [ForkJoinPool.commonPool-worker-1] INFO  impl.PendingRequests (PendingRequests.java:sendNotLeaderResponses(202)) - 24bf2945-a329-4da6-aaf2-23ecd8d462c6-PendingRequests: sendNotLeaderResponses
2019-09-25 07:05:31,772 [ForkJoinPool.commonPool-worker-1] INFO  impl.StateMachineUpdater (StateMachineUpdater.java:stopAndJoin(125)) - 24bf2945-a329-4da6-aaf2-23ecd8d462c6@group-7E2B23F545ED-StateMachineUpdater: set stopIndex = 0
2019-09-25 07:05:31,773 [ForkJoinPool.commonPool-worker-1] INFO  impl.RaftServerImpl (ServerState.java:close(385)) - 24bf2945-a329-4da6-aaf2-23ecd8d462c6@group-7E2B23F545ED: closes. applyIndex: 0
2019-09-25 07:05:31,773 [24bf2945-a329-4da6-aaf2-23ecd8d462c6@group-7E2B23F545ED-SegmentedRaftLogWorker] INFO  segmented.SegmentedRaftLogWorker (SegmentedRaftLogWorker.java:run(313)) - 24bf2945-a329-4da6-aaf2-23ecd8d462c6@group-7E2B23F545ED-SegmentedRaftLogWorker was interrupted, exiting. There are 0 tasks remaining in the queue.
2019-09-25 07:05:31,773 [ForkJoinPool.commonPool-worker-1] INFO  segmented.SegmentedRaftLogWorker (SegmentedRaftLogWorker.java:close(228)) - 24bf2945-a329-4da6-aaf2-23ecd8d462c6@group-7E2B23F545ED-SegmentedRaftLogWorker close()
2019-09-25 07:05:31,774 [ForkJoinPool.commonPool-worker-1] INFO  impl.RaftServerImpl (RaftServerImpl.java:lambda$shutdown$3(251)) - 24bf2945-a329-4da6-aaf2-23ecd8d462c6@group-F9777FC7DEAF: shutdown
2019-09-25 07:05:31,774 [ForkJoinPool.commonPool-worker-1] INFO  util.JmxRegister (JmxRegister.java:unregister(73)) - Successfully un-registered JMX Bean with object name Ratis:service=RaftServer,group=group-F9777FC7DEAF,id=24bf2945-a329-4da6-aaf2-23ecd8d462c6
2019-09-25 07:05:31,774 [ForkJoinPool.commonPool-worker-1] INFO  impl.RoleInfo (RoleInfo.java:shutdownLeaderState(104)) - 24bf2945-a329-4da6-aaf2-23ecd8d462c6: shutdown LeaderState
2019-09-25 07:05:31,774 [ForkJoinPool.commonPool-worker-1] INFO  impl.PendingRequests (PendingRequests.java:sendNotLeaderResponses(202)) - 24bf2945-a329-4da6-aaf2-23ecd8d462c6-PendingRequests: sendNotLeaderResponses
2019-09-25 07:05:31,775 [ForkJoinPool.commonPool-worker-1] INFO  impl.StateMachineUpdater (StateMachineUpdater.java:stopAndJoin(125)) - 24bf2945-a329-4da6-aaf2-23ecd8d462c6@group-F9777FC7DEAF-StateMachineUpdater: set stopIndex = 0
2019-09-25 07:05:31,775 [ForkJoinPool.commonPool-worker-1] INFO  impl.RaftServerImpl (ServerState.java:close(385)) - 24bf2945-a329-4da6-aaf2-23ecd8d462c6@group-F9777FC7DEAF: closes. applyIndex: 0
2019-09-25 07:05:31,775 [24bf2945-a329-4da6-aaf2-23ecd8d462c6@group-F9777FC7DEAF-SegmentedRaftLogWorker] INFO  segmented.SegmentedRaftLogWorker (SegmentedRaftLogWorker.java:run(313)) - 24bf2945-a329-4da6-aaf2-23ecd8d462c6@group-F9777FC7DEAF-SegmentedRaftLogWorker was interrupted, exiting. There are 0 tasks remaining in the queue.
2019-09-25 07:05:31,776 [ForkJoinPool.commonPool-worker-1] INFO  segmented.SegmentedRaftLogWorker (SegmentedRaftLogWorker.java:close(228)) - 24bf2945-a329-4da6-aaf2-23ecd8d462c6@group-F9777FC7DEAF-SegmentedRaftLogWorker close()
2019-09-25 07:05:31,776 [ForkJoinPool.commonPool-worker-1] INFO  impl.RaftServerImpl (RaftServerImpl.java:lambda$shutdown$3(251)) - 24bf2945-a329-4da6-aaf2-23ecd8d462c6@group-BCFF9B811CEF: shutdown
2019-09-25 07:05:31,776 [ForkJoinPool.commonPool-worker-1] INFO  util.JmxRegister (JmxRegister.java:unregister(73)) - Successfully un-registered JMX Bean with object name Ratis:service=RaftServer,group=group-BCFF9B811CEF,id=24bf2945-a329-4da6-aaf2-23ecd8d462c6
2019-09-25 07:05:31,777 [ForkJoinPool.commonPool-worker-1] INFO  impl.RoleInfo (RoleInfo.java:shutdownLeaderState(104)) - 24bf2945-a329-4da6-aaf2-23ecd8d462c6: shutdown LeaderState
2019-09-25 07:05:31,777 [ForkJoinPool.commonPool-worker-1] INFO  impl.PendingRequests (PendingRequests.java:sendNotLeaderResponses(202)) - 24bf2945-a329-4da6-aaf2-23ecd8d462c6-PendingRequests: sendNotLeaderResponses
2019-09-25 07:05:31,777 [ForkJoinPool.commonPool-worker-1] INFO  impl.StateMachineUpdater (StateMachineUpdater.java:stopAndJoin(125)) - 24bf2945-a329-4da6-aaf2-23ecd8d462c6@group-BCFF9B811CEF-StateMachineUpdater: set stopIndex = 0
2019-09-25 07:05:31,777 [ForkJoinPool.commonPool-worker-1] INFO  impl.RaftServerImpl (ServerState.java:close(385)) - 24bf2945-a329-4da6-aaf2-23ecd8d462c6@group-BCFF9B811CEF: closes. applyIndex: 0
2019-09-25 07:05:31,778 [24bf2945-a329-4da6-aaf2-23ecd8d462c6@group-BCFF9B811CEF-SegmentedRaftLogWorker] INFO  segmented.SegmentedRaftLogWorker (SegmentedRaftLogWorker.java:run(313)) - 24bf2945-a329-4da6-aaf2-23ecd8d462c6@group-BCFF9B811CEF-SegmentedRaftLogWorker was interrupted, exiting. There are 0 tasks remaining in the queue.
2019-09-25 07:05:31,778 [ForkJoinPool.commonPool-worker-1] INFO  segmented.SegmentedRaftLogWorker (SegmentedRaftLogWorker.java:close(228)) - 24bf2945-a329-4da6-aaf2-23ecd8d462c6@group-BCFF9B811CEF-SegmentedRaftLogWorker close()
2019-09-25 07:05:31,779 [ForkJoinPool.commonPool-worker-1] INFO  impl.RaftServerImpl (RaftServerImpl.java:lambda$shutdown$3(251)) - 24bf2945-a329-4da6-aaf2-23ecd8d462c6@group-7397D1BD5FAA: shutdown
2019-09-25 07:05:31,779 [ForkJoinPool.commonPool-worker-1] INFO  util.JmxRegister (JmxRegister.java:unregister(73)) - Successfully un-registered JMX Bean with object name Ratis:service=RaftServer,group=group-7397D1BD5FAA,id=24bf2945-a329-4da6-aaf2-23ecd8d462c6
2019-09-25 07:05:31,779 [ForkJoinPool.commonPool-worker-1] INFO  impl.RoleInfo (RoleInfo.java:shutdownLeaderState(104)) - 24bf2945-a329-4da6-aaf2-23ecd8d462c6: shutdown LeaderState
2019-09-25 07:05:31,779 [ForkJoinPool.commonPool-worker-1] INFO  impl.PendingRequests (PendingRequests.java:sendNotLeaderResponses(202)) - 24bf2945-a329-4da6-aaf2-23ecd8d462c6-PendingRequests: sendNotLeaderResponses
2019-09-25 07:05:31,780 [ForkJoinPool.commonPool-worker-1] INFO  impl.StateMachineUpdater (StateMachineUpdater.java:stopAndJoin(125)) - 24bf2945-a329-4da6-aaf2-23ecd8d462c6@group-7397D1BD5FAA-StateMachineUpdater: set stopIndex = 0
2019-09-25 07:05:31,780 [ForkJoinPool.commonPool-worker-1] INFO  impl.RaftServerImpl (ServerState.java:close(385)) - 24bf2945-a329-4da6-aaf2-23ecd8d462c6@group-7397D1BD5FAA: closes. applyIndex: 0
2019-09-25 07:05:31,781 [24bf2945-a329-4da6-aaf2-23ecd8d462c6@group-7397D1BD5FAA-SegmentedRaftLogWorker] INFO  segmented.SegmentedRaftLogWorker (SegmentedRaftLogWorker.java:run(313)) - 24bf2945-a329-4da6-aaf2-23ecd8d462c6@group-7397D1BD5FAA-SegmentedRaftLogWorker was interrupted, exiting. There are 0 tasks remaining in the queue.
2019-09-25 07:05:31,781 [ForkJoinPool.commonPool-worker-1] INFO  segmented.SegmentedRaftLogWorker (SegmentedRaftLogWorker.java:close(228)) - 24bf2945-a329-4da6-aaf2-23ecd8d462c6@group-7397D1BD5FAA-SegmentedRaftLogWorker close()
2019-09-25 07:05:31,781 [ForkJoinPool.commonPool-worker-1] INFO  impl.RaftServerImpl (RaftServerImpl.java:lambda$shutdown$3(251)) - 24bf2945-a329-4da6-aaf2-23ecd8d462c6@group-975983C2911B: shutdown
2019-09-25 07:05:31,782 [ForkJoinPool.commonPool-worker-1] INFO  util.JmxRegister (JmxRegister.java:unregister(73)) - Successfully un-registered JMX Bean with object name Ratis:service=RaftServer,group=group-975983C2911B,id=24bf2945-a329-4da6-aaf2-23ecd8d462c6
2019-09-25 07:05:31,782 [ForkJoinPool.commonPool-worker-1] INFO  impl.RoleInfo (RoleInfo.java:shutdownLeaderState(104)) - 24bf2945-a329-4da6-aaf2-23ecd8d462c6: shutdown LeaderState
2019-09-25 07:05:31,782 [ForkJoinPool.commonPool-worker-1] INFO  impl.PendingRequests (PendingRequests.java:sendNotLeaderResponses(202)) - 24bf2945-a329-4da6-aaf2-23ecd8d462c6-PendingRequests: sendNotLeaderResponses
2019-09-25 07:05:31,782 [ForkJoinPool.commonPool-worker-1] INFO  impl.StateMachineUpdater (StateMachineUpdater.java:stopAndJoin(125)) - 24bf2945-a329-4da6-aaf2-23ecd8d462c6@group-975983C2911B-StateMachineUpdater: set stopIndex = 0
2019-09-25 07:05:31,782 [ForkJoinPool.commonPool-worker-1] INFO  impl.RaftServerImpl (ServerState.java:close(385)) - 24bf2945-a329-4da6-aaf2-23ecd8d462c6@group-975983C2911B: closes. applyIndex: 0
2019-09-25 07:05:31,783 [24bf2945-a329-4da6-aaf2-23ecd8d462c6@group-975983C2911B-SegmentedRaftLogWorker] INFO  segmented.SegmentedRaftLogWorker (SegmentedRaftLogWorker.java:run(313)) - 24bf2945-a329-4da6-aaf2-23ecd8d462c6@group-975983C2911B-SegmentedRaftLogWorker was interrupted, exiting. There are 0 tasks remaining in the queue.
2019-09-25 07:05:31,783 [ForkJoinPool.commonPool-worker-1] INFO  segmented.SegmentedRaftLogWorker (SegmentedRaftLogWorker.java:close(228)) - 24bf2945-a329-4da6-aaf2-23ecd8d462c6@group-975983C2911B-SegmentedRaftLogWorker close()
2019-09-25 07:05:31,783 [ForkJoinPool.commonPool-worker-1] INFO  impl.RaftServerImpl (RaftServerImpl.java:lambda$shutdown$3(251)) - 24bf2945-a329-4da6-aaf2-23ecd8d462c6@group-67BCA9636442: shutdown
2019-09-25 07:05:31,784 [ForkJoinPool.commonPool-worker-1] INFO  util.JmxRegister (JmxRegister.java:unregister(73)) - Successfully un-registered JMX Bean with object name Ratis:service=RaftServer,group=group-67BCA9636442,id=24bf2945-a329-4da6-aaf2-23ecd8d462c6
2019-09-25 07:05:31,784 [ForkJoinPool.commonPool-worker-1] INFO  impl.RoleInfo (RoleInfo.java:shutdownLeaderState(104)) - 24bf2945-a329-4da6-aaf2-23ecd8d462c6: shutdown LeaderState
2019-09-25 07:05:31,784 [ForkJoinPool.commonPool-worker-1] INFO  impl.PendingRequests (PendingRequests.java:sendNotLeaderResponses(202)) - 24bf2945-a329-4da6-aaf2-23ecd8d462c6-PendingRequests: sendNotLeaderResponses
2019-09-25 07:05:31,784 [ForkJoinPool.commonPool-worker-1] INFO  impl.StateMachineUpdater (StateMachineUpdater.java:stopAndJoin(125)) - 24bf2945-a329-4da6-aaf2-23ecd8d462c6@group-67BCA9636442-StateMachineUpdater: set stopIndex = 0
2019-09-25 07:05:31,785 [ForkJoinPool.commonPool-worker-1] INFO  impl.RaftServerImpl (ServerState.java:close(385)) - 24bf2945-a329-4da6-aaf2-23ecd8d462c6@group-67BCA9636442: closes. applyIndex: 0
2019-09-25 07:05:31,785 [24bf2945-a329-4da6-aaf2-23ecd8d462c6@group-67BCA9636442-SegmentedRaftLogWorker] INFO  segmented.SegmentedRaftLogWorker (SegmentedRaftLogWorker.java:run(313)) - 24bf2945-a329-4da6-aaf2-23ecd8d462c6@group-67BCA9636442-SegmentedRaftLogWorker was interrupted, exiting. There are 0 tasks remaining in the queue.
2019-09-25 07:05:31,785 [ForkJoinPool.commonPool-worker-1] INFO  segmented.SegmentedRaftLogWorker (SegmentedRaftLogWorker.java:close(228)) - 24bf2945-a329-4da6-aaf2-23ecd8d462c6@group-67BCA9636442-SegmentedRaftLogWorker close()
2019-09-25 07:05:31,785 [ForkJoinPool.commonPool-worker-1] INFO  impl.RaftServerImpl (RaftServerImpl.java:lambda$shutdown$3(251)) - 24bf2945-a329-4da6-aaf2-23ecd8d462c6@group-D1A1C9722AAD: shutdown
2019-09-25 07:05:31,786 [ForkJoinPool.commonPool-worker-1] INFO  util.JmxRegister (JmxRegister.java:unregister(73)) - Successfully un-registered JMX Bean with object name Ratis:service=RaftServer,group=group-D1A1C9722AAD,id=24bf2945-a329-4da6-aaf2-23ecd8d462c6
2019-09-25 07:05:31,786 [ForkJoinPool.commonPool-worker-1] INFO  impl.RoleInfo (RoleInfo.java:shutdownLeaderState(104)) - 24bf2945-a329-4da6-aaf2-23ecd8d462c6: shutdown LeaderState
2019-09-25 07:05:31,786 [ForkJoinPool.commonPool-worker-1] INFO  impl.PendingRequests (PendingRequests.java:sendNotLeaderResponses(202)) - 24bf2945-a329-4da6-aaf2-23ecd8d462c6-PendingRequests: sendNotLeaderResponses
2019-09-25 07:05:31,786 [ForkJoinPool.commonPool-worker-1] INFO  impl.StateMachineUpdater (StateMachineUpdater.java:stopAndJoin(125)) - 24bf2945-a329-4da6-aaf2-23ecd8d462c6@group-D1A1C9722AAD-StateMachineUpdater: set stopIndex = 0
2019-09-25 07:05:31,787 [ForkJoinPool.commonPool-worker-1] INFO  impl.RaftServerImpl (ServerState.java:close(385)) - 24bf2945-a329-4da6-aaf2-23ecd8d462c6@group-D1A1C9722AAD: closes. applyIndex: 0
2019-09-25 07:05:31,787 [24bf2945-a329-4da6-aaf2-23ecd8d462c6@group-D1A1C9722AAD-SegmentedRaftLogWorker] INFO  segmented.SegmentedRaftLogWorker (SegmentedRaftLogWorker.java:run(313)) - 24bf2945-a329-4da6-aaf2-23ecd8d462c6@group-D1A1C9722AAD-SegmentedRaftLogWorker was interrupted, exiting. There are 0 tasks remaining in the queue.
2019-09-25 07:05:31,787 [ForkJoinPool.commonPool-worker-1] INFO  segmented.SegmentedRaftLogWorker (SegmentedRaftLogWorker.java:close(228)) - 24bf2945-a329-4da6-aaf2-23ecd8d462c6@group-D1A1C9722AAD-SegmentedRaftLogWorker close()
2019-09-25 07:05:31,787 [ForkJoinPool.commonPool-worker-1] INFO  impl.RaftServerImpl (RaftServerImpl.java:lambda$shutdown$3(251)) - 24bf2945-a329-4da6-aaf2-23ecd8d462c6@group-AB91BC31D1B7: shutdown
2019-09-25 07:05:31,788 [ForkJoinPool.commonPool-worker-1] INFO  util.JmxRegister (JmxRegister.java:unregister(73)) - Successfully un-registered JMX Bean with object name Ratis:service=RaftServer,group=group-AB91BC31D1B7,id=24bf2945-a329-4da6-aaf2-23ecd8d462c6
2019-09-25 07:05:31,788 [ForkJoinPool.commonPool-worker-1] INFO  impl.RoleInfo (RoleInfo.java:shutdownLeaderState(104)) - 24bf2945-a329-4da6-aaf2-23ecd8d462c6: shutdown LeaderState
2019-09-25 07:05:31,788 [ForkJoinPool.commonPool-worker-1] INFO  impl.PendingRequests (PendingRequests.java:sendNotLeaderResponses(202)) - 24bf2945-a329-4da6-aaf2-23ecd8d462c6-PendingRequests: sendNotLeaderResponses
2019-09-25 07:05:31,788 [ForkJoinPool.commonPool-worker-1] INFO  impl.StateMachineUpdater (StateMachineUpdater.java:stopAndJoin(125)) - 24bf2945-a329-4da6-aaf2-23ecd8d462c6@group-AB91BC31D1B7-StateMachineUpdater: set stopIndex = 0
2019-09-25 07:05:31,789 [ForkJoinPool.commonPool-worker-1] INFO  impl.RaftServerImpl (ServerState.java:close(385)) - 24bf2945-a329-4da6-aaf2-23ecd8d462c6@group-AB91BC31D1B7: closes. applyIndex: 0
2019-09-25 07:05:31,789 [24bf2945-a329-4da6-aaf2-23ecd8d462c6@group-AB91BC31D1B7-SegmentedRaftLogWorker] INFO  segmented.SegmentedRaftLogWorker (SegmentedRaftLogWorker.java:run(313)) - 24bf2945-a329-4da6-aaf2-23ecd8d462c6@group-AB91BC31D1B7-SegmentedRaftLogWorker was interrupted, exiting. There are 0 tasks remaining in the queue.
2019-09-25 07:05:31,790 [ForkJoinPool.commonPool-worker-1] INFO  segmented.SegmentedRaftLogWorker (SegmentedRaftLogWorker.java:close(228)) - 24bf2945-a329-4da6-aaf2-23ecd8d462c6@group-AB91BC31D1B7-SegmentedRaftLogWorker close()
2019-09-25 07:05:31,790 [ForkJoinPool.commonPool-worker-1] INFO  impl.RaftServerImpl (RaftServerImpl.java:lambda$shutdown$3(251)) - 24bf2945-a329-4da6-aaf2-23ecd8d462c6@group-125F8BAC43A0: shutdown
2019-09-25 07:05:31,790 [ForkJoinPool.commonPool-worker-1] INFO  util.JmxRegister (JmxRegister.java:unregister(73)) - Successfully un-registered JMX Bean with object name Ratis:service=RaftServer,group=group-125F8BAC43A0,id=24bf2945-a329-4da6-aaf2-23ecd8d462c6
2019-09-25 07:05:31,790 [ForkJoinPool.commonPool-worker-1] INFO  impl.RoleInfo (RoleInfo.java:shutdownLeaderState(104)) - 24bf2945-a329-4da6-aaf2-23ecd8d462c6: shutdown LeaderState
2019-09-25 07:05:31,791 [ForkJoinPool.commonPool-worker-1] INFO  impl.PendingRequests (PendingRequests.java:sendNotLeaderResponses(202)) - 24bf2945-a329-4da6-aaf2-23ecd8d462c6-PendingRequests: sendNotLeaderResponses
2019-09-25 07:05:31,791 [ForkJoinPool.commonPool-worker-1] INFO  impl.StateMachineUpdater (StateMachineUpdater.java:stopAndJoin(125)) - 24bf2945-a329-4da6-aaf2-23ecd8d462c6@group-125F8BAC43A0-StateMachineUpdater: set stopIndex = 0
2019-09-25 07:05:31,791 [ForkJoinPool.commonPool-worker-1] INFO  impl.RaftServerImpl (ServerState.java:close(385)) - 24bf2945-a329-4da6-aaf2-23ecd8d462c6@group-125F8BAC43A0: closes. applyIndex: 0
2019-09-25 07:05:31,792 [24bf2945-a329-4da6-aaf2-23ecd8d462c6@group-125F8BAC43A0-SegmentedRaftLogWorker] INFO  segmented.SegmentedRaftLogWorker (SegmentedRaftLogWorker.java:run(313)) - 24bf2945-a329-4da6-aaf2-23ecd8d462c6@group-125F8BAC43A0-SegmentedRaftLogWorker was interrupted, exiting. There are 0 tasks remaining in the queue.
2019-09-25 07:05:31,792 [ForkJoinPool.commonPool-worker-1] INFO  segmented.SegmentedRaftLogWorker (SegmentedRaftLogWorker.java:close(228)) - 24bf2945-a329-4da6-aaf2-23ecd8d462c6@group-125F8BAC43A0-SegmentedRaftLogWorker close()
2019-09-25 07:05:31,792 [ForkJoinPool.commonPool-worker-1] INFO  impl.RaftServerImpl (RaftServerImpl.java:lambda$shutdown$3(251)) - 24bf2945-a329-4da6-aaf2-23ecd8d462c6@group-573CCB48FA2C: shutdown
2019-09-25 07:05:31,792 [ForkJoinPool.commonPool-worker-1] INFO  util.JmxRegister (JmxRegister.java:unregister(73)) - Successfully un-registered JMX Bean with object name Ratis:service=RaftServer,group=group-573CCB48FA2C,id=24bf2945-a329-4da6-aaf2-23ecd8d462c6
2019-09-25 07:05:31,793 [ForkJoinPool.commonPool-worker-1] INFO  impl.RoleInfo (RoleInfo.java:shutdownLeaderState(104)) - 24bf2945-a329-4da6-aaf2-23ecd8d462c6: shutdown LeaderState
2019-09-25 07:05:31,793 [ForkJoinPool.commonPool-worker-1] INFO  impl.PendingRequests (PendingRequests.java:sendNotLeaderResponses(202)) - 24bf2945-a329-4da6-aaf2-23ecd8d462c6-PendingRequests: sendNotLeaderResponses
2019-09-25 07:05:31,793 [ForkJoinPool.commonPool-worker-1] INFO  impl.StateMachineUpdater (StateMachineUpdater.java:stopAndJoin(125)) - 24bf2945-a329-4da6-aaf2-23ecd8d462c6@group-573CCB48FA2C-StateMachineUpdater: set stopIndex = 0
2019-09-25 07:05:31,793 [ForkJoinPool.commonPool-worker-1] INFO  impl.RaftServerImpl (ServerState.java:close(385)) - 24bf2945-a329-4da6-aaf2-23ecd8d462c6@group-573CCB48FA2C: closes. applyIndex: 0
2019-09-25 07:05:31,794 [24bf2945-a329-4da6-aaf2-23ecd8d462c6@group-573CCB48FA2C-SegmentedRaftLogWorker] INFO  segmented.SegmentedRaftLogWorker (SegmentedRaftLogWorker.java:run(313)) - 24bf2945-a329-4da6-aaf2-23ecd8d462c6@group-573CCB48FA2C-SegmentedRaftLogWorker was interrupted, exiting. There are 0 tasks remaining in the queue.
2019-09-25 07:05:31,794 [ForkJoinPool.commonPool-worker-1] INFO  segmented.SegmentedRaftLogWorker (SegmentedRaftLogWorker.java:close(228)) - 24bf2945-a329-4da6-aaf2-23ecd8d462c6@group-573CCB48FA2C-SegmentedRaftLogWorker close()
2019-09-25 07:05:31,794 [ForkJoinPool.commonPool-worker-1] INFO  impl.RaftServerImpl (RaftServerImpl.java:lambda$shutdown$3(251)) - 24bf2945-a329-4da6-aaf2-23ecd8d462c6@group-041611808B54: shutdown
2019-09-25 07:05:31,794 [ForkJoinPool.commonPool-worker-1] INFO  util.JmxRegister (JmxRegister.java:unregister(73)) - Successfully un-registered JMX Bean with object name Ratis:service=RaftServer,group=group-041611808B54,id=24bf2945-a329-4da6-aaf2-23ecd8d462c6
2019-09-25 07:05:31,795 [ForkJoinPool.commonPool-worker-1] INFO  impl.RoleInfo (RoleInfo.java:shutdownLeaderState(104)) - 24bf2945-a329-4da6-aaf2-23ecd8d462c6: shutdown LeaderState
2019-09-25 07:05:31,795 [ForkJoinPool.commonPool-worker-1] INFO  impl.PendingRequests (PendingRequests.java:sendNotLeaderResponses(202)) - 24bf2945-a329-4da6-aaf2-23ecd8d462c6-PendingRequests: sendNotLeaderResponses
2019-09-25 07:05:31,795 [ForkJoinPool.commonPool-worker-1] INFO  impl.StateMachineUpdater (StateMachineUpdater.java:stopAndJoin(125)) - 24bf2945-a329-4da6-aaf2-23ecd8d462c6@group-041611808B54-StateMachineUpdater: set stopIndex = 0
2019-09-25 07:05:31,795 [ForkJoinPool.commonPool-worker-1] INFO  impl.RaftServerImpl (ServerState.java:close(385)) - 24bf2945-a329-4da6-aaf2-23ecd8d462c6@group-041611808B54: closes. applyIndex: 0
2019-09-25 07:05:31,796 [24bf2945-a329-4da6-aaf2-23ecd8d462c6@group-041611808B54-SegmentedRaftLogWorker] INFO  segmented.SegmentedRaftLogWorker (SegmentedRaftLogWorker.java:run(313)) - 24bf2945-a329-4da6-aaf2-23ecd8d462c6@group-041611808B54-SegmentedRaftLogWorker was interrupted, exiting. There are 0 tasks remaining in the queue.
2019-09-25 07:05:31,796 [ForkJoinPool.commonPool-worker-1] INFO  segmented.SegmentedRaftLogWorker (SegmentedRaftLogWorker.java:close(228)) - 24bf2945-a329-4da6-aaf2-23ecd8d462c6@group-041611808B54-SegmentedRaftLogWorker close()
2019-09-25 07:05:31,796 [ForkJoinPool.commonPool-worker-1] INFO  impl.RaftServerImpl (RaftServerImpl.java:lambda$shutdown$3(251)) - 24bf2945-a329-4da6-aaf2-23ecd8d462c6@group-F091CBCF39C8: shutdown
2019-09-25 07:05:31,797 [ForkJoinPool.commonPool-worker-1] INFO  util.JmxRegister (JmxRegister.java:unregister(73)) - Successfully un-registered JMX Bean with object name Ratis:service=RaftServer,group=group-F091CBCF39C8,id=24bf2945-a329-4da6-aaf2-23ecd8d462c6
2019-09-25 07:05:31,797 [ForkJoinPool.commonPool-worker-1] INFO  impl.RoleInfo (RoleInfo.java:shutdownLeaderState(104)) - 24bf2945-a329-4da6-aaf2-23ecd8d462c6: shutdown LeaderState
2019-09-25 07:05:31,797 [ForkJoinPool.commonPool-worker-1] INFO  impl.PendingRequests (PendingRequests.java:sendNotLeaderResponses(202)) - 24bf2945-a329-4da6-aaf2-23ecd8d462c6-PendingRequests: sendNotLeaderResponses
2019-09-25 07:05:31,797 [ForkJoinPool.commonPool-worker-1] INFO  impl.StateMachineUpdater (StateMachineUpdater.java:stopAndJoin(125)) - 24bf2945-a329-4da6-aaf2-23ecd8d462c6@group-F091CBCF39C8-StateMachineUpdater: set stopIndex = 0
2019-09-25 07:05:31,798 [ForkJoinPool.commonPool-worker-1] INFO  impl.RaftServerImpl (ServerState.java:close(385)) - 24bf2945-a329-4da6-aaf2-23ecd8d462c6@group-F091CBCF39C8: closes. applyIndex: 0
2019-09-25 07:05:31,798 [24bf2945-a329-4da6-aaf2-23ecd8d462c6@group-F091CBCF39C8-SegmentedRaftLogWorker] INFO  segmented.SegmentedRaftLogWorker (SegmentedRaftLogWorker.java:run(313)) - 24bf2945-a329-4da6-aaf2-23ecd8d462c6@group-F091CBCF39C8-SegmentedRaftLogWorker was interrupted, exiting. There are 0 tasks remaining in the queue.
2019-09-25 07:05:31,798 [ForkJoinPool.commonPool-worker-1] INFO  segmented.SegmentedRaftLogWorker (SegmentedRaftLogWorker.java:close(228)) - 24bf2945-a329-4da6-aaf2-23ecd8d462c6@group-F091CBCF39C8-SegmentedRaftLogWorker close()
2019-09-25 07:05:31,798 [ForkJoinPool.commonPool-worker-1] INFO  impl.RaftServerImpl (RaftServerImpl.java:lambda$shutdown$3(251)) - 24bf2945-a329-4da6-aaf2-23ecd8d462c6@group-0468891D8D23: shutdown
2019-09-25 07:05:31,799 [ForkJoinPool.commonPool-worker-1] INFO  util.JmxRegister (JmxRegister.java:unregister(73)) - Successfully un-registered JMX Bean with object name Ratis:service=RaftServer,group=group-0468891D8D23,id=24bf2945-a329-4da6-aaf2-23ecd8d462c6
2019-09-25 07:05:31,799 [ForkJoinPool.commonPool-worker-1] INFO  impl.RoleInfo (RoleInfo.java:shutdownLeaderState(104)) - 24bf2945-a329-4da6-aaf2-23ecd8d462c6: shutdown LeaderState
2019-09-25 07:05:31,799 [ForkJoinPool.commonPool-worker-1] INFO  impl.PendingRequests (PendingRequests.java:sendNotLeaderResponses(202)) - 24bf2945-a329-4da6-aaf2-23ecd8d462c6-PendingRequests: sendNotLeaderResponses
2019-09-25 07:05:31,799 [ForkJoinPool.commonPool-worker-1] INFO  impl.StateMachineUpdater (StateMachineUpdater.java:stopAndJoin(125)) - 24bf2945-a329-4da6-aaf2-23ecd8d462c6@group-0468891D8D23-StateMachineUpdater: set stopIndex = 0
2019-09-25 07:05:31,800 [ForkJoinPool.commonPool-worker-1] INFO  impl.RaftServerImpl (ServerState.java:close(385)) - 24bf2945-a329-4da6-aaf2-23ecd8d462c6@group-0468891D8D23: closes. applyIndex: 0
2019-09-25 07:05:31,800 [24bf2945-a329-4da6-aaf2-23ecd8d462c6@group-0468891D8D23-SegmentedRaftLogWorker] INFO  segmented.SegmentedRaftLogWorker (SegmentedRaftLogWorker.java:run(313)) - 24bf2945-a329-4da6-aaf2-23ecd8d462c6@group-0468891D8D23-SegmentedRaftLogWorker was interrupted, exiting. There are 0 tasks remaining in the queue.
2019-09-25 07:05:31,800 [ForkJoinPool.commonPool-worker-1] INFO  segmented.SegmentedRaftLogWorker (SegmentedRaftLogWorker.java:close(228)) - 24bf2945-a329-4da6-aaf2-23ecd8d462c6@group-0468891D8D23-SegmentedRaftLogWorker close()
2019-09-25 07:05:31,800 [ForkJoinPool.commonPool-worker-1] INFO  impl.RaftServerImpl (RaftServerImpl.java:lambda$shutdown$3(251)) - 24bf2945-a329-4da6-aaf2-23ecd8d462c6@group-0A7E0922721F: shutdown
2019-09-25 07:05:31,801 [ForkJoinPool.commonPool-worker-1] INFO  util.JmxRegister (JmxRegister.java:unregister(73)) - Successfully un-registered JMX Bean with object name Ratis:service=RaftServer,group=group-0A7E0922721F,id=24bf2945-a329-4da6-aaf2-23ecd8d462c6
2019-09-25 07:05:31,801 [ForkJoinPool.commonPool-worker-1] INFO  impl.RoleInfo (RoleInfo.java:shutdownLeaderState(104)) - 24bf2945-a329-4da6-aaf2-23ecd8d462c6: shutdown LeaderState
2019-09-25 07:05:31,801 [ForkJoinPool.commonPool-worker-1] INFO  impl.PendingRequests (PendingRequests.java:sendNotLeaderResponses(202)) - 24bf2945-a329-4da6-aaf2-23ecd8d462c6-PendingRequests: sendNotLeaderResponses
2019-09-25 07:05:31,801 [ForkJoinPool.commonPool-worker-1] INFO  impl.StateMachineUpdater (StateMachineUpdater.java:stopAndJoin(125)) - 24bf2945-a329-4da6-aaf2-23ecd8d462c6@group-0A7E0922721F-StateMachineUpdater: set stopIndex = 0
2019-09-25 07:05:31,801 [ForkJoinPool.commonPool-worker-1] INFO  impl.RaftServerImpl (ServerState.java:close(385)) - 24bf2945-a329-4da6-aaf2-23ecd8d462c6@group-0A7E0922721F: closes. applyIndex: 0
2019-09-25 07:05:31,802 [24bf2945-a329-4da6-aaf2-23ecd8d462c6@group-0A7E0922721F-SegmentedRaftLogWorker] INFO  segmented.SegmentedRaftLogWorker (SegmentedRaftLogWorker.java:run(313)) - 24bf2945-a329-4da6-aaf2-23ecd8d462c6@group-0A7E0922721F-SegmentedRaftLogWorker was interrupted, exiting. There are 0 tasks remaining in the queue.
2019-09-25 07:05:31,802 [ForkJoinPool.commonPool-worker-1] INFO  segmented.SegmentedRaftLogWorker (SegmentedRaftLogWorker.java:close(228)) - 24bf2945-a329-4da6-aaf2-23ecd8d462c6@group-0A7E0922721F-SegmentedRaftLogWorker close()
2019-09-25 07:05:31,802 [ForkJoinPool.commonPool-worker-1] INFO  impl.RaftServerImpl (RaftServerImpl.java:lambda$shutdown$3(251)) - 24bf2945-a329-4da6-aaf2-23ecd8d462c6@group-82A2BDFA5924: shutdown
2019-09-25 07:05:31,803 [ForkJoinPool.commonPool-worker-1] INFO  util.JmxRegister (JmxRegister.java:unregister(73)) - Successfully un-registered JMX Bean with object name Ratis:service=RaftServer,group=group-82A2BDFA5924,id=24bf2945-a329-4da6-aaf2-23ecd8d462c6
2019-09-25 07:05:31,803 [ForkJoinPool.commonPool-worker-1] INFO  impl.RoleInfo (RoleInfo.java:shutdownLeaderState(104)) - 24bf2945-a329-4da6-aaf2-23ecd8d462c6: shutdown LeaderState
2019-09-25 07:05:31,803 [ForkJoinPool.commonPool-worker-1] INFO  impl.PendingRequests (PendingRequests.java:sendNotLeaderResponses(202)) - 24bf2945-a329-4da6-aaf2-23ecd8d462c6-PendingRequests: sendNotLeaderResponses
2019-09-25 07:05:31,803 [ForkJoinPool.commonPool-worker-1] INFO  impl.StateMachineUpdater (StateMachineUpdater.java:stopAndJoin(125)) - 24bf2945-a329-4da6-aaf2-23ecd8d462c6@group-82A2BDFA5924-StateMachineUpdater: set stopIndex = 0
2019-09-25 07:05:31,803 [ForkJoinPool.commonPool-worker-1] INFO  impl.RaftServerImpl (ServerState.java:close(385)) - 24bf2945-a329-4da6-aaf2-23ecd8d462c6@group-82A2BDFA5924: closes. applyIndex: 0
2019-09-25 07:05:31,804 [24bf2945-a329-4da6-aaf2-23ecd8d462c6@group-82A2BDFA5924-SegmentedRaftLogWorker] INFO  segmented.SegmentedRaftLogWorker (SegmentedRaftLogWorker.java:run(313)) - 24bf2945-a329-4da6-aaf2-23ecd8d462c6@group-82A2BDFA5924-SegmentedRaftLogWorker was interrupted, exiting. There are 0 tasks remaining in the queue.
2019-09-25 07:05:31,804 [ForkJoinPool.commonPool-worker-1] INFO  segmented.SegmentedRaftLogWorker (SegmentedRaftLogWorker.java:close(228)) - 24bf2945-a329-4da6-aaf2-23ecd8d462c6@group-82A2BDFA5924-SegmentedRaftLogWorker close()
2019-09-25 07:05:31,804 [ForkJoinPool.commonPool-worker-1] INFO  impl.RaftServerImpl (RaftServerImpl.java:lambda$shutdown$3(251)) - 24bf2945-a329-4da6-aaf2-23ecd8d462c6@group-5EE437C68523: shutdown
2019-09-25 07:05:31,804 [ForkJoinPool.commonPool-worker-1] INFO  util.JmxRegister (JmxRegister.java:unregister(73)) - Successfully un-registered JMX Bean with object name Ratis:service=RaftServer,group=group-5EE437C68523,id=24bf2945-a329-4da6-aaf2-23ecd8d462c6
2019-09-25 07:05:31,804 [ForkJoinPool.commonPool-worker-1] INFO  impl.RoleInfo (RoleInfo.java:shutdownLeaderState(104)) - 24bf2945-a329-4da6-aaf2-23ecd8d462c6: shutdown LeaderState
2019-09-25 07:05:31,805 [ForkJoinPool.commonPool-worker-1] INFO  impl.PendingRequests (PendingRequests.java:sendNotLeaderResponses(202)) - 24bf2945-a329-4da6-aaf2-23ecd8d462c6-PendingRequests: sendNotLeaderResponses
2019-09-25 07:05:31,805 [ForkJoinPool.commonPool-worker-1] INFO  impl.StateMachineUpdater (StateMachineUpdater.java:stopAndJoin(125)) - 24bf2945-a329-4da6-aaf2-23ecd8d462c6@group-5EE437C68523-StateMachineUpdater: set stopIndex = 0
2019-09-25 07:05:31,805 [ForkJoinPool.commonPool-worker-1] INFO  impl.RaftServerImpl (ServerState.java:close(385)) - 24bf2945-a329-4da6-aaf2-23ecd8d462c6@group-5EE437C68523: closes. applyIndex: 0
2019-09-25 07:05:31,805 [24bf2945-a329-4da6-aaf2-23ecd8d462c6@group-5EE437C68523-SegmentedRaftLogWorker] INFO  segmented.SegmentedRaftLogWorker (SegmentedRaftLogWorker.java:run(313)) - 24bf2945-a329-4da6-aaf2-23ecd8d462c6@group-5EE437C68523-SegmentedRaftLogWorker was interrupted, exiting. There are 0 tasks remaining in the queue.
2019-09-25 07:05:31,806 [ForkJoinPool.commonPool-worker-1] INFO  segmented.SegmentedRaftLogWorker (SegmentedRaftLogWorker.java:close(228)) - 24bf2945-a329-4da6-aaf2-23ecd8d462c6@group-5EE437C68523-SegmentedRaftLogWorker close()
2019-09-25 07:05:31,806 [ForkJoinPool.commonPool-worker-1] INFO  impl.RaftServerImpl (RaftServerImpl.java:lambda$shutdown$3(251)) - 24bf2945-a329-4da6-aaf2-23ecd8d462c6@group-F7F25C0E999D: shutdown
2019-09-25 07:05:31,806 [ForkJoinPool.commonPool-worker-1] INFO  util.JmxRegister (JmxRegister.java:unregister(73)) - Successfully un-registered JMX Bean with object name Ratis:service=RaftServer,group=group-F7F25C0E999D,id=24bf2945-a329-4da6-aaf2-23ecd8d462c6
2019-09-25 07:05:31,806 [ForkJoinPool.commonPool-worker-1] INFO  impl.RoleInfo (RoleInfo.java:shutdownLeaderState(104)) - 24bf2945-a329-4da6-aaf2-23ecd8d462c6: shutdown LeaderState
2019-09-25 07:05:31,807 [ForkJoinPool.commonPool-worker-1] INFO  impl.PendingRequests (PendingRequests.java:sendNotLeaderResponses(202)) - 24bf2945-a329-4da6-aaf2-23ecd8d462c6-PendingRequests: sendNotLeaderResponses
2019-09-25 07:05:31,807 [ForkJoinPool.commonPool-worker-1] INFO  impl.StateMachineUpdater (StateMachineUpdater.java:stopAndJoin(125)) - 24bf2945-a329-4da6-aaf2-23ecd8d462c6@group-F7F25C0E999D-StateMachineUpdater: set stopIndex = 0
2019-09-25 07:05:31,807 [ForkJoinPool.commonPool-worker-1] INFO  impl.RaftServerImpl (ServerState.java:close(385)) - 24bf2945-a329-4da6-aaf2-23ecd8d462c6@group-F7F25C0E999D: closes. applyIndex: 0
2019-09-25 07:05:31,807 [24bf2945-a329-4da6-aaf2-23ecd8d462c6@group-F7F25C0E999D-SegmentedRaftLogWorker] INFO  segmented.SegmentedRaftLogWorker (SegmentedRaftLogWorker.java:run(313)) - 24bf2945-a329-4da6-aaf2-23ecd8d462c6@group-F7F25C0E999D-SegmentedRaftLogWorker was interrupted, exiting. There are 0 tasks remaining in the queue.
2019-09-25 07:05:31,808 [ForkJoinPool.commonPool-worker-1] INFO  segmented.SegmentedRaftLogWorker (SegmentedRaftLogWorker.java:close(228)) - 24bf2945-a329-4da6-aaf2-23ecd8d462c6@group-F7F25C0E999D-SegmentedRaftLogWorker close()
2019-09-25 07:05:31,808 [ForkJoinPool.commonPool-worker-1] INFO  impl.RaftServerImpl (RaftServerImpl.java:lambda$shutdown$3(251)) - 24bf2945-a329-4da6-aaf2-23ecd8d462c6@group-6CA61C684066: shutdown
2019-09-25 07:05:31,808 [ForkJoinPool.commonPool-worker-1] INFO  util.JmxRegister (JmxRegister.java:unregister(73)) - Successfully un-registered JMX Bean with object name Ratis:service=RaftServer,group=group-6CA61C684066,id=24bf2945-a329-4da6-aaf2-23ecd8d462c6
2019-09-25 07:05:31,808 [ForkJoinPool.commonPool-worker-1] INFO  impl.RoleInfo (RoleInfo.java:shutdownLeaderState(104)) - 24bf2945-a329-4da6-aaf2-23ecd8d462c6: shutdown LeaderState
2019-09-25 07:05:31,808 [ForkJoinPool.commonPool-worker-1] INFO  impl.PendingRequests (PendingRequests.java:sendNotLeaderResponses(202)) - 24bf2945-a329-4da6-aaf2-23ecd8d462c6-PendingRequests: sendNotLeaderResponses
2019-09-25 07:05:31,809 [ForkJoinPool.commonPool-worker-1] INFO  impl.StateMachineUpdater (StateMachineUpdater.java:stopAndJoin(125)) - 24bf2945-a329-4da6-aaf2-23ecd8d462c6@group-6CA61C684066-StateMachineUpdater: set stopIndex = 0
2019-09-25 07:05:31,809 [ForkJoinPool.commonPool-worker-1] INFO  impl.RaftServerImpl (ServerState.java:close(385)) - 24bf2945-a329-4da6-aaf2-23ecd8d462c6@group-6CA61C684066: closes. applyIndex: 0
2019-09-25 07:05:31,809 [24bf2945-a329-4da6-aaf2-23ecd8d462c6@group-6CA61C684066-SegmentedRaftLogWorker] INFO  segmented.SegmentedRaftLogWorker (SegmentedRaftLogWorker.java:run(313)) - 24bf2945-a329-4da6-aaf2-23ecd8d462c6@group-6CA61C684066-SegmentedRaftLogWorker was interrupted, exiting. There are 0 tasks remaining in the queue.
2019-09-25 07:05:31,809 [ForkJoinPool.commonPool-worker-1] INFO  segmented.SegmentedRaftLogWorker (SegmentedRaftLogWorker.java:close(228)) - 24bf2945-a329-4da6-aaf2-23ecd8d462c6@group-6CA61C684066-SegmentedRaftLogWorker close()
2019-09-25 07:05:31,810 [ForkJoinPool.commonPool-worker-1] INFO  impl.RaftServerImpl (RaftServerImpl.java:lambda$shutdown$3(251)) - 24bf2945-a329-4da6-aaf2-23ecd8d462c6@group-960573725A1C: shutdown
2019-09-25 07:05:31,810 [ForkJoinPool.commonPool-worker-1] INFO  util.JmxRegister (JmxRegister.java:unregister(73)) - Successfully un-registered JMX Bean with object name Ratis:service=RaftServer,group=group-960573725A1C,id=24bf2945-a329-4da6-aaf2-23ecd8d462c6
2019-09-25 07:05:31,810 [ForkJoinPool.commonPool-worker-1] INFO  impl.RoleInfo (RoleInfo.java:shutdownLeaderState(104)) - 24bf2945-a329-4da6-aaf2-23ecd8d462c6: shutdown LeaderState
2019-09-25 07:05:31,810 [ForkJoinPool.commonPool-worker-1] INFO  impl.PendingRequests (PendingRequests.java:sendNotLeaderResponses(202)) - 24bf2945-a329-4da6-aaf2-23ecd8d462c6-PendingRequests: sendNotLeaderResponses
2019-09-25 07:05:31,811 [ForkJoinPool.commonPool-worker-1] INFO  impl.StateMachineUpdater (StateMachineUpdater.java:stopAndJoin(125)) - 24bf2945-a329-4da6-aaf2-23ecd8d462c6@group-960573725A1C-StateMachineUpdater: set stopIndex = 0
2019-09-25 07:05:31,811 [ForkJoinPool.commonPool-worker-1] INFO  impl.RaftServerImpl (ServerState.java:close(385)) - 24bf2945-a329-4da6-aaf2-23ecd8d462c6@group-960573725A1C: closes. applyIndex: 0
2019-09-25 07:05:31,811 [24bf2945-a329-4da6-aaf2-23ecd8d462c6@group-960573725A1C-SegmentedRaftLogWorker] INFO  segmented.SegmentedRaftLogWorker (SegmentedRaftLogWorker.java:run(313)) - 24bf2945-a329-4da6-aaf2-23ecd8d462c6@group-960573725A1C-SegmentedRaftLogWorker was interrupted, exiting. There are 0 tasks remaining in the queue.
2019-09-25 07:05:31,811 [ForkJoinPool.commonPool-worker-1] INFO  segmented.SegmentedRaftLogWorker (SegmentedRaftLogWorker.java:close(228)) - 24bf2945-a329-4da6-aaf2-23ecd8d462c6@group-960573725A1C-SegmentedRaftLogWorker close()
2019-09-25 07:05:31,811 [ForkJoinPool.commonPool-worker-1] INFO  impl.RaftServerImpl (RaftServerImpl.java:lambda$shutdown$3(251)) - 24bf2945-a329-4da6-aaf2-23ecd8d462c6@group-2E317CE6C93B: shutdown
2019-09-25 07:05:31,812 [ForkJoinPool.commonPool-worker-1] INFO  util.JmxRegister (JmxRegister.java:unregister(73)) - Successfully un-registered JMX Bean with object name Ratis:service=RaftServer,group=group-2E317CE6C93B,id=24bf2945-a329-4da6-aaf2-23ecd8d462c6
2019-09-25 07:05:31,812 [ForkJoinPool.commonPool-worker-1] INFO  impl.RoleInfo (RoleInfo.java:shutdownLeaderState(104)) - 24bf2945-a329-4da6-aaf2-23ecd8d462c6: shutdown LeaderState
2019-09-25 07:05:31,812 [ForkJoinPool.commonPool-worker-1] INFO  impl.PendingRequests (PendingRequests.java:sendNotLeaderResponses(202)) - 24bf2945-a329-4da6-aaf2-23ecd8d462c6-PendingRequests: sendNotLeaderResponses
2019-09-25 07:05:31,812 [ForkJoinPool.commonPool-worker-1] INFO  impl.StateMachineUpdater (StateMachineUpdater.java:stopAndJoin(125)) - 24bf2945-a329-4da6-aaf2-23ecd8d462c6@group-2E317CE6C93B-StateMachineUpdater: set stopIndex = 0
2019-09-25 07:05:31,813 [ForkJoinPool.commonPool-worker-1] INFO  impl.RaftServerImpl (ServerState.java:close(385)) - 24bf2945-a329-4da6-aaf2-23ecd8d462c6@group-2E317CE6C93B: closes. applyIndex: 0
2019-09-25 07:05:31,813 [24bf2945-a329-4da6-aaf2-23ecd8d462c6@group-2E317CE6C93B-SegmentedRaftLogWorker] INFO  segmented.SegmentedRaftLogWorker (SegmentedRaftLogWorker.java:run(313)) - 24bf2945-a329-4da6-aaf2-23ecd8d462c6@group-2E317CE6C93B-SegmentedRaftLogWorker was interrupted, exiting. There are 0 tasks remaining in the queue.
2019-09-25 07:05:31,813 [ForkJoinPool.commonPool-worker-1] INFO  segmented.SegmentedRaftLogWorker (SegmentedRaftLogWorker.java:close(228)) - 24bf2945-a329-4da6-aaf2-23ecd8d462c6@group-2E317CE6C93B-SegmentedRaftLogWorker close()
2019-09-25 07:05:31,813 [ForkJoinPool.commonPool-worker-1] INFO  impl.RaftServerImpl (RaftServerImpl.java:lambda$shutdown$3(251)) - 24bf2945-a329-4da6-aaf2-23ecd8d462c6@group-46E67153754C: shutdown
2019-09-25 07:05:31,813 [ForkJoinPool.commonPool-worker-1] INFO  util.JmxRegister (JmxRegister.java:unregister(73)) - Successfully un-registered JMX Bean with object name Ratis:service=RaftServer,group=group-46E67153754C,id=24bf2945-a329-4da6-aaf2-23ecd8d462c6
2019-09-25 07:05:31,814 [ForkJoinPool.commonPool-worker-1] INFO  impl.RoleInfo (RoleInfo.java:shutdownLeaderState(104)) - 24bf2945-a329-4da6-aaf2-23ecd8d462c6: shutdown LeaderState
2019-09-25 07:05:31,814 [ForkJoinPool.commonPool-worker-1] INFO  impl.PendingRequests (PendingRequests.java:sendNotLeaderResponses(202)) - 24bf2945-a329-4da6-aaf2-23ecd8d462c6-PendingRequests: sendNotLeaderResponses
2019-09-25 07:05:31,814 [ForkJoinPool.commonPool-worker-1] INFO  impl.StateMachineUpdater (StateMachineUpdater.java:stopAndJoin(125)) - 24bf2945-a329-4da6-aaf2-23ecd8d462c6@group-46E67153754C-StateMachineUpdater: set stopIndex = 0
2019-09-25 07:05:31,814 [ForkJoinPool.commonPool-worker-1] INFO  impl.RaftServerImpl (ServerState.java:close(385)) - 24bf2945-a329-4da6-aaf2-23ecd8d462c6@group-46E67153754C: closes. applyIndex: 0
2019-09-25 07:05:31,815 [24bf2945-a329-4da6-aaf2-23ecd8d462c6@group-46E67153754C-SegmentedRaftLogWorker] INFO  segmented.SegmentedRaftLogWorker (SegmentedRaftLogWorker.java:run(313)) - 24bf2945-a329-4da6-aaf2-23ecd8d462c6@group-46E67153754C-SegmentedRaftLogWorker was interrupted, exiting. There are 0 tasks remaining in the queue.
2019-09-25 07:05:31,815 [ForkJoinPool.commonPool-worker-1] INFO  segmented.SegmentedRaftLogWorker (SegmentedRaftLogWorker.java:close(228)) - 24bf2945-a329-4da6-aaf2-23ecd8d462c6@group-46E67153754C-SegmentedRaftLogWorker close()
2019-09-25 07:05:31,815 [ForkJoinPool.commonPool-worker-1] INFO  impl.RaftServerImpl (RaftServerImpl.java:lambda$shutdown$3(251)) - 24bf2945-a329-4da6-aaf2-23ecd8d462c6@group-071F7AC501E7: shutdown
2019-09-25 07:05:31,815 [ForkJoinPool.commonPool-worker-1] INFO  util.JmxRegister (JmxRegister.java:unregister(73)) - Successfully un-registered JMX Bean with object name Ratis:service=RaftServer,group=group-071F7AC501E7,id=24bf2945-a329-4da6-aaf2-23ecd8d462c6
2019-09-25 07:05:31,816 [ForkJoinPool.commonPool-worker-1] INFO  impl.RoleInfo (RoleInfo.java:shutdownLeaderState(104)) - 24bf2945-a329-4da6-aaf2-23ecd8d462c6: shutdown LeaderState
2019-09-25 07:05:31,816 [ForkJoinPool.commonPool-worker-1] INFO  impl.PendingRequests (PendingRequests.java:sendNotLeaderResponses(202)) - 24bf2945-a329-4da6-aaf2-23ecd8d462c6-PendingRequests: sendNotLeaderResponses
2019-09-25 07:05:31,816 [ForkJoinPool.commonPool-worker-1] INFO  impl.StateMachineUpdater (StateMachineUpdater.java:stopAndJoin(125)) - 24bf2945-a329-4da6-aaf2-23ecd8d462c6@group-071F7AC501E7-StateMachineUpdater: set stopIndex = 0
2019-09-25 07:05:31,816 [ForkJoinPool.commonPool-worker-1] INFO  impl.RaftServerImpl (ServerState.java:close(385)) - 24bf2945-a329-4da6-aaf2-23ecd8d462c6@group-071F7AC501E7: closes. applyIndex: 0
2019-09-25 07:05:31,817 [24bf2945-a329-4da6-aaf2-23ecd8d462c6@group-071F7AC501E7-SegmentedRaftLogWorker] INFO  segmented.SegmentedRaftLogWorker (SegmentedRaftLogWorker.java:run(313)) - 24bf2945-a329-4da6-aaf2-23ecd8d462c6@group-071F7AC501E7-SegmentedRaftLogWorker was interrupted, exiting. There are 0 tasks remaining in the queue.
2019-09-25 07:05:31,817 [ForkJoinPool.commonPool-worker-1] INFO  segmented.SegmentedRaftLogWorker (SegmentedRaftLogWorker.java:close(228)) - 24bf2945-a329-4da6-aaf2-23ecd8d462c6@group-071F7AC501E7-SegmentedRaftLogWorker close()
2019-09-25 07:05:31,817 [ForkJoinPool.commonPool-worker-1] INFO  impl.RaftServerImpl (RaftServerImpl.java:lambda$shutdown$3(251)) - 24bf2945-a329-4da6-aaf2-23ecd8d462c6@group-7901D8C1857A: shutdown
2019-09-25 07:05:31,817 [ForkJoinPool.commonPool-worker-1] INFO  util.JmxRegister (JmxRegister.java:unregister(73)) - Successfully un-registered JMX Bean with object name Ratis:service=RaftServer,group=group-7901D8C1857A,id=24bf2945-a329-4da6-aaf2-23ecd8d462c6
2019-09-25 07:05:31,817 [ForkJoinPool.commonPool-worker-1] INFO  impl.RoleInfo (RoleInfo.java:shutdownLeaderState(104)) - 24bf2945-a329-4da6-aaf2-23ecd8d462c6: shutdown LeaderState
2019-09-25 07:05:31,818 [ForkJoinPool.commonPool-worker-1] INFO  impl.PendingRequests (PendingRequests.java:sendNotLeaderResponses(202)) - 24bf2945-a329-4da6-aaf2-23ecd8d462c6-PendingRequests: sendNotLeaderResponses
2019-09-25 07:05:31,818 [ForkJoinPool.commonPool-worker-1] INFO  impl.StateMachineUpdater (StateMachineUpdater.java:stopAndJoin(125)) - 24bf2945-a329-4da6-aaf2-23ecd8d462c6@group-7901D8C1857A-StateMachineUpdater: set stopIndex = 0
2019-09-25 07:05:31,818 [ForkJoinPool.commonPool-worker-1] INFO  impl.RaftServerImpl (ServerState.java:close(385)) - 24bf2945-a329-4da6-aaf2-23ecd8d462c6@group-7901D8C1857A: closes. applyIndex: 0
2019-09-25 07:05:31,818 [24bf2945-a329-4da6-aaf2-23ecd8d462c6@group-7901D8C1857A-SegmentedRaftLogWorker] INFO  segmented.SegmentedRaftLogWorker (SegmentedRaftLogWorker.java:run(313)) - 24bf2945-a329-4da6-aaf2-23ecd8d462c6@group-7901D8C1857A-SegmentedRaftLogWorker was interrupted, exiting. There are 0 tasks remaining in the queue.
2019-09-25 07:05:31,819 [ForkJoinPool.commonPool-worker-1] INFO  segmented.SegmentedRaftLogWorker (SegmentedRaftLogWorker.java:close(228)) - 24bf2945-a329-4da6-aaf2-23ecd8d462c6@group-7901D8C1857A-SegmentedRaftLogWorker close()
2019-09-25 07:05:31,819 [ForkJoinPool.commonPool-worker-1] INFO  impl.RaftServerImpl (RaftServerImpl.java:lambda$shutdown$3(251)) - 24bf2945-a329-4da6-aaf2-23ecd8d462c6@group-2FCFD3ADB7BA: shutdown
2019-09-25 07:05:31,819 [ForkJoinPool.commonPool-worker-1] INFO  util.JmxRegister (JmxRegister.java:unregister(73)) - Successfully un-registered JMX Bean with object name Ratis:service=RaftServer,group=group-2FCFD3ADB7BA,id=24bf2945-a329-4da6-aaf2-23ecd8d462c6
2019-09-25 07:05:31,819 [ForkJoinPool.commonPool-worker-1] INFO  impl.RoleInfo (RoleInfo.java:shutdownLeaderState(104)) - 24bf2945-a329-4da6-aaf2-23ecd8d462c6: shutdown LeaderState
2019-09-25 07:05:31,819 [ForkJoinPool.commonPool-worker-1] INFO  impl.PendingRequests (PendingRequests.java:sendNotLeaderResponses(202)) - 24bf2945-a329-4da6-aaf2-23ecd8d462c6-PendingRequests: sendNotLeaderResponses
2019-09-25 07:05:31,820 [ForkJoinPool.commonPool-worker-1] INFO  impl.StateMachineUpdater (StateMachineUpdater.java:stopAndJoin(125)) - 24bf2945-a329-4da6-aaf2-23ecd8d462c6@group-2FCFD3ADB7BA-StateMachineUpdater: set stopIndex = 0
2019-09-25 07:05:31,820 [ForkJoinPool.commonPool-worker-1] INFO  impl.RaftServerImpl (ServerState.java:close(385)) - 24bf2945-a329-4da6-aaf2-23ecd8d462c6@group-2FCFD3ADB7BA: closes. applyIndex: 0
2019-09-25 07:05:31,820 [24bf2945-a329-4da6-aaf2-23ecd8d462c6@group-2FCFD3ADB7BA-SegmentedRaftLogWorker] INFO  segmented.SegmentedRaftLogWorker (SegmentedRaftLogWorker.java:run(313)) - 24bf2945-a329-4da6-aaf2-23ecd8d462c6@group-2FCFD3ADB7BA-SegmentedRaftLogWorker was interrupted, exiting. There are 0 tasks remaining in the queue.
2019-09-25 07:05:31,821 [ForkJoinPool.commonPool-worker-1] INFO  segmented.SegmentedRaftLogWorker (SegmentedRaftLogWorker.java:close(228)) - 24bf2945-a329-4da6-aaf2-23ecd8d462c6@group-2FCFD3ADB7BA-SegmentedRaftLogWorker close()
2019-09-25 07:05:31,821 [ForkJoinPool.commonPool-worker-1] INFO  impl.RaftServerImpl (RaftServerImpl.java:lambda$shutdown$3(251)) - 24bf2945-a329-4da6-aaf2-23ecd8d462c6@group-F1CEEF3454CC: shutdown
2019-09-25 07:05:31,821 [ForkJoinPool.commonPool-worker-1] INFO  util.JmxRegister (JmxRegister.java:unregister(73)) - Successfully un-registered JMX Bean with object name Ratis:service=RaftServer,group=group-F1CEEF3454CC,id=24bf2945-a329-4da6-aaf2-23ecd8d462c6
2019-09-25 07:05:31,821 [ForkJoinPool.commonPool-worker-1] INFO  impl.RoleInfo (RoleInfo.java:shutdownLeaderState(104)) - 24bf2945-a329-4da6-aaf2-23ecd8d462c6: shutdown LeaderState
2019-09-25 07:05:31,822 [ForkJoinPool.commonPool-worker-1] INFO  impl.PendingRequests (PendingRequests.java:sendNotLeaderResponses(202)) - 24bf2945-a329-4da6-aaf2-23ecd8d462c6-PendingRequests: sendNotLeaderResponses
2019-09-25 07:05:31,822 [ForkJoinPool.commonPool-worker-1] INFO  impl.StateMachineUpdater (StateMachineUpdater.java:stopAndJoin(125)) - 24bf2945-a329-4da6-aaf2-23ecd8d462c6@group-F1CEEF3454CC-StateMachineUpdater: set stopIndex = 0
2019-09-25 07:05:31,822 [ForkJoinPool.commonPool-worker-1] INFO  impl.RaftServerImpl (ServerState.java:close(385)) - 24bf2945-a329-4da6-aaf2-23ecd8d462c6@group-F1CEEF3454CC: closes. applyIndex: 0
2019-09-25 07:05:31,823 [24bf2945-a329-4da6-aaf2-23ecd8d462c6@group-F1CEEF3454CC-SegmentedRaftLogWorker] INFO  segmented.SegmentedRaftLogWorker (SegmentedRaftLogWorker.java:run(313)) - 24bf2945-a329-4da6-aaf2-23ecd8d462c6@group-F1CEEF3454CC-SegmentedRaftLogWorker was interrupted, exiting. There are 0 tasks remaining in the queue.
2019-09-25 07:05:31,823 [ForkJoinPool.commonPool-worker-1] INFO  segmented.SegmentedRaftLogWorker (SegmentedRaftLogWorker.java:close(228)) - 24bf2945-a329-4da6-aaf2-23ecd8d462c6@group-F1CEEF3454CC-SegmentedRaftLogWorker close()
2019-09-25 07:05:31,823 [ForkJoinPool.commonPool-worker-1] INFO  impl.RaftServerImpl (RaftServerImpl.java:lambda$shutdown$3(251)) - 24bf2945-a329-4da6-aaf2-23ecd8d462c6@group-028921FA31D7: shutdown
2019-09-25 07:05:31,823 [ForkJoinPool.commonPool-worker-1] INFO  util.JmxRegister (JmxRegister.java:unregister(73)) - Successfully un-registered JMX Bean with object name Ratis:service=RaftServer,group=group-028921FA31D7,id=24bf2945-a329-4da6-aaf2-23ecd8d462c6
2019-09-25 07:05:31,823 [ForkJoinPool.commonPool-worker-1] INFO  impl.RoleInfo (RoleInfo.java:shutdownLeaderState(104)) - 24bf2945-a329-4da6-aaf2-23ecd8d462c6: shutdown LeaderState
2019-09-25 07:05:31,824 [ForkJoinPool.commonPool-worker-1] INFO  impl.PendingRequests (PendingRequests.java:sendNotLeaderResponses(202)) - 24bf2945-a329-4da6-aaf2-23ecd8d462c6-PendingRequests: sendNotLeaderResponses
2019-09-25 07:05:31,824 [ForkJoinPool.commonPool-worker-1] INFO  impl.StateMachineUpdater (StateMachineUpdater.java:stopAndJoin(125)) - 24bf2945-a329-4da6-aaf2-23ecd8d462c6@group-028921FA31D7-StateMachineUpdater: set stopIndex = 0
2019-09-25 07:05:31,824 [ForkJoinPool.commonPool-worker-1] INFO  impl.RaftServerImpl (ServerState.java:close(385)) - 24bf2945-a329-4da6-aaf2-23ecd8d462c6@group-028921FA31D7: closes. applyIndex: 0
2019-09-25 07:05:31,824 [24bf2945-a329-4da6-aaf2-23ecd8d462c6@group-028921FA31D7-SegmentedRaftLogWorker] INFO  segmented.SegmentedRaftLogWorker (SegmentedRaftLogWorker.java:run(313)) - 24bf2945-a329-4da6-aaf2-23ecd8d462c6@group-028921FA31D7-SegmentedRaftLogWorker was interrupted, exiting. There are 0 tasks remaining in the queue.
2019-09-25 07:05:31,825 [ForkJoinPool.commonPool-worker-1] INFO  segmented.SegmentedRaftLogWorker (SegmentedRaftLogWorker.java:close(228)) - 24bf2945-a329-4da6-aaf2-23ecd8d462c6@group-028921FA31D7-SegmentedRaftLogWorker close()
2019-09-25 07:05:31,825 [ForkJoinPool.commonPool-worker-1] INFO  impl.RaftServerImpl (RaftServerImpl.java:lambda$shutdown$3(251)) - 24bf2945-a329-4da6-aaf2-23ecd8d462c6@group-AD1607F35510: shutdown
2019-09-25 07:05:31,825 [ForkJoinPool.commonPool-worker-1] INFO  util.JmxRegister (JmxRegister.java:unregister(73)) - Successfully un-registered JMX Bean with object name Ratis:service=RaftServer,group=group-AD1607F35510,id=24bf2945-a329-4da6-aaf2-23ecd8d462c6
2019-09-25 07:05:31,825 [ForkJoinPool.commonPool-worker-1] INFO  impl.RoleInfo (RoleInfo.java:shutdownLeaderState(104)) - 24bf2945-a329-4da6-aaf2-23ecd8d462c6: shutdown LeaderState
2019-09-25 07:05:31,825 [ForkJoinPool.commonPool-worker-1] INFO  impl.PendingRequests (PendingRequests.java:sendNotLeaderResponses(202)) - 24bf2945-a329-4da6-aaf2-23ecd8d462c6-PendingRequests: sendNotLeaderResponses
2019-09-25 07:05:31,826 [ForkJoinPool.commonPool-worker-1] INFO  impl.StateMachineUpdater (StateMachineUpdater.java:stopAndJoin(125)) - 24bf2945-a329-4da6-aaf2-23ecd8d462c6@group-AD1607F35510-StateMachineUpdater: set stopIndex = 0
2019-09-25 07:05:31,826 [ForkJoinPool.commonPool-worker-1] INFO  impl.RaftServerImpl (ServerState.java:close(385)) - 24bf2945-a329-4da6-aaf2-23ecd8d462c6@group-AD1607F35510: closes. applyIndex: 0
2019-09-25 07:05:31,826 [24bf2945-a329-4da6-aaf2-23ecd8d462c6@group-AD1607F35510-SegmentedRaftLogWorker] INFO  segmented.SegmentedRaftLogWorker (SegmentedRaftLogWorker.java:run(313)) - 24bf2945-a329-4da6-aaf2-23ecd8d462c6@group-AD1607F35510-SegmentedRaftLogWorker was interrupted, exiting. There are 0 tasks remaining in the queue.
2019-09-25 07:05:31,826 [ForkJoinPool.commonPool-worker-1] INFO  segmented.SegmentedRaftLogWorker (SegmentedRaftLogWorker.java:close(228)) - 24bf2945-a329-4da6-aaf2-23ecd8d462c6@group-AD1607F35510-SegmentedRaftLogWorker close()
2019-09-25 07:05:31,827 [ForkJoinPool.commonPool-worker-1] INFO  impl.RaftServerImpl (RaftServerImpl.java:lambda$shutdown$3(251)) - 24bf2945-a329-4da6-aaf2-23ecd8d462c6@group-8655732C89B0: shutdown
2019-09-25 07:05:31,827 [ForkJoinPool.commonPool-worker-1] INFO  util.JmxRegister (JmxRegister.java:unregister(73)) - Successfully un-registered JMX Bean with object name Ratis:service=RaftServer,group=group-8655732C89B0,id=24bf2945-a329-4da6-aaf2-23ecd8d462c6
2019-09-25 07:05:31,827 [ForkJoinPool.commonPool-worker-1] INFO  impl.RoleInfo (RoleInfo.java:shutdownLeaderState(104)) - 24bf2945-a329-4da6-aaf2-23ecd8d462c6: shutdown LeaderState
2019-09-25 07:05:31,827 [ForkJoinPool.commonPool-worker-1] INFO  impl.PendingRequests (PendingRequests.java:sendNotLeaderResponses(202)) - 24bf2945-a329-4da6-aaf2-23ecd8d462c6-PendingRequests: sendNotLeaderResponses
2019-09-25 07:05:31,827 [ForkJoinPool.commonPool-worker-1] INFO  impl.StateMachineUpdater (StateMachineUpdater.java:stopAndJoin(125)) - 24bf2945-a329-4da6-aaf2-23ecd8d462c6@group-8655732C89B0-StateMachineUpdater: set stopIndex = 0
2019-09-25 07:05:31,828 [ForkJoinPool.commonPool-worker-1] INFO  impl.RaftServerImpl (ServerState.java:close(385)) - 24bf2945-a329-4da6-aaf2-23ecd8d462c6@group-8655732C89B0: closes. applyIndex: 0
2019-09-25 07:05:31,828 [24bf2945-a329-4da6-aaf2-23ecd8d462c6@group-8655732C89B0-SegmentedRaftLogWorker] INFO  segmented.SegmentedRaftLogWorker (SegmentedRaftLogWorker.java:run(313)) - 24bf2945-a329-4da6-aaf2-23ecd8d462c6@group-8655732C89B0-SegmentedRaftLogWorker was interrupted, exiting. There are 0 tasks remaining in the queue.
2019-09-25 07:05:31,828 [ForkJoinPool.commonPool-worker-1] INFO  segmented.SegmentedRaftLogWorker (SegmentedRaftLogWorker.java:close(228)) - 24bf2945-a329-4da6-aaf2-23ecd8d462c6@group-8655732C89B0-SegmentedRaftLogWorker close()
2019-09-25 07:05:31,829 [ForkJoinPool.commonPool-worker-1] INFO  impl.RaftServerImpl (RaftServerImpl.java:lambda$shutdown$3(251)) - 24bf2945-a329-4da6-aaf2-23ecd8d462c6@group-43F9EDD51685: shutdown
2019-09-25 07:05:31,829 [ForkJoinPool.commonPool-worker-1] INFO  util.JmxRegister (JmxRegister.java:unregister(73)) - Successfully un-registered JMX Bean with object name Ratis:service=RaftServer,group=group-43F9EDD51685,id=24bf2945-a329-4da6-aaf2-23ecd8d462c6
2019-09-25 07:05:31,829 [ForkJoinPool.commonPool-worker-1] INFO  impl.RoleInfo (RoleInfo.java:shutdownLeaderState(104)) - 24bf2945-a329-4da6-aaf2-23ecd8d462c6: shutdown LeaderState
2019-09-25 07:05:31,829 [ForkJoinPool.commonPool-worker-1] INFO  impl.PendingRequests (PendingRequests.java:sendNotLeaderResponses(202)) - 24bf2945-a329-4da6-aaf2-23ecd8d462c6-PendingRequests: sendNotLeaderResponses
2019-09-25 07:05:31,829 [ForkJoinPool.commonPool-worker-1] INFO  impl.StateMachineUpdater (StateMachineUpdater.java:stopAndJoin(125)) - 24bf2945-a329-4da6-aaf2-23ecd8d462c6@group-43F9EDD51685-StateMachineUpdater: set stopIndex = 0
2019-09-25 07:05:31,830 [ForkJoinPool.commonPool-worker-1] INFO  impl.RaftServerImpl (ServerState.java:close(385)) - 24bf2945-a329-4da6-aaf2-23ecd8d462c6@group-43F9EDD51685: closes. applyIndex: 0
2019-09-25 07:05:31,830 [24bf2945-a329-4da6-aaf2-23ecd8d462c6@group-43F9EDD51685-SegmentedRaftLogWorker] INFO  segmented.SegmentedRaftLogWorker (SegmentedRaftLogWorker.java:run(313)) - 24bf2945-a329-4da6-aaf2-23ecd8d462c6@group-43F9EDD51685-SegmentedRaftLogWorker was interrupted, exiting. There are 0 tasks remaining in the queue.
2019-09-25 07:05:31,830 [ForkJoinPool.commonPool-worker-1] INFO  segmented.SegmentedRaftLogWorker (SegmentedRaftLogWorker.java:close(228)) - 24bf2945-a329-4da6-aaf2-23ecd8d462c6@group-43F9EDD51685-SegmentedRaftLogWorker close()
2019-09-25 07:05:31,830 [ForkJoinPool.commonPool-worker-1] INFO  impl.RaftServerImpl (RaftServerImpl.java:lambda$shutdown$3(251)) - 24bf2945-a329-4da6-aaf2-23ecd8d462c6@group-B0548C23C74B: shutdown
2019-09-25 07:05:31,830 [ForkJoinPool.commonPool-worker-1] INFO  util.JmxRegister (JmxRegister.java:unregister(73)) - Successfully un-registered JMX Bean with object name Ratis:service=RaftServer,group=group-B0548C23C74B,id=24bf2945-a329-4da6-aaf2-23ecd8d462c6
2019-09-25 07:05:31,831 [ForkJoinPool.commonPool-worker-1] INFO  impl.RoleInfo (RoleInfo.java:shutdownLeaderState(104)) - 24bf2945-a329-4da6-aaf2-23ecd8d462c6: shutdown LeaderState
2019-09-25 07:05:31,831 [ForkJoinPool.commonPool-worker-1] INFO  impl.PendingRequests (PendingRequests.java:sendNotLeaderResponses(202)) - 24bf2945-a329-4da6-aaf2-23ecd8d462c6-PendingRequests: sendNotLeaderResponses
2019-09-25 07:05:31,831 [ForkJoinPool.commonPool-worker-1] INFO  impl.StateMachineUpdater (StateMachineUpdater.java:stopAndJoin(125)) - 24bf2945-a329-4da6-aaf2-23ecd8d462c6@group-B0548C23C74B-StateMachineUpdater: set stopIndex = 0
2019-09-25 07:05:31,831 [ForkJoinPool.commonPool-worker-1] INFO  impl.RaftServerImpl (ServerState.java:close(385)) - 24bf2945-a329-4da6-aaf2-23ecd8d462c6@group-B0548C23C74B: closes. applyIndex: 0
2019-09-25 07:05:31,832 [24bf2945-a329-4da6-aaf2-23ecd8d462c6@group-B0548C23C74B-SegmentedRaftLogWorker] INFO  segmented.SegmentedRaftLogWorker (SegmentedRaftLogWorker.java:run(313)) - 24bf2945-a329-4da6-aaf2-23ecd8d462c6@group-B0548C23C74B-SegmentedRaftLogWorker was interrupted, exiting. There are 0 tasks remaining in the queue.
2019-09-25 07:05:31,832 [ForkJoinPool.commonPool-worker-1] INFO  segmented.SegmentedRaftLogWorker (SegmentedRaftLogWorker.java:close(228)) - 24bf2945-a329-4da6-aaf2-23ecd8d462c6@group-B0548C23C74B-SegmentedRaftLogWorker close()
2019-09-25 07:05:31,832 [ForkJoinPool.commonPool-worker-1] INFO  impl.RaftServerImpl (RaftServerImpl.java:lambda$shutdown$3(251)) - 24bf2945-a329-4da6-aaf2-23ecd8d462c6@group-72D65F418B14: shutdown
2019-09-25 07:05:31,832 [ForkJoinPool.commonPool-worker-1] INFO  util.JmxRegister (JmxRegister.java:unregister(73)) - Successfully un-registered JMX Bean with object name Ratis:service=RaftServer,group=group-72D65F418B14,id=24bf2945-a329-4da6-aaf2-23ecd8d462c6
2019-09-25 07:05:31,832 [ForkJoinPool.commonPool-worker-1] INFO  impl.RoleInfo (RoleInfo.java:shutdownLeaderState(104)) - 24bf2945-a329-4da6-aaf2-23ecd8d462c6: shutdown LeaderState
2019-09-25 07:05:31,833 [ForkJoinPool.commonPool-worker-1] INFO  impl.PendingRequests (PendingRequests.java:sendNotLeaderResponses(202)) - 24bf2945-a329-4da6-aaf2-23ecd8d462c6-PendingRequests: sendNotLeaderResponses
2019-09-25 07:05:31,833 [ForkJoinPool.commonPool-worker-1] INFO  impl.StateMachineUpdater (StateMachineUpdater.java:stopAndJoin(125)) - 24bf2945-a329-4da6-aaf2-23ecd8d462c6@group-72D65F418B14-StateMachineUpdater: set stopIndex = 0
2019-09-25 07:05:31,833 [ForkJoinPool.commonPool-worker-1] INFO  impl.RaftServerImpl (ServerState.java:close(385)) - 24bf2945-a329-4da6-aaf2-23ecd8d462c6@group-72D65F418B14: closes. applyIndex: 0
2019-09-25 07:05:31,833 [24bf2945-a329-4da6-aaf2-23ecd8d462c6@group-72D65F418B14-SegmentedRaftLogWorker] INFO  segmented.SegmentedRaftLogWorker (SegmentedRaftLogWorker.java:run(313)) - 24bf2945-a329-4da6-aaf2-23ecd8d462c6@group-72D65F418B14-SegmentedRaftLogWorker was interrupted, exiting. There are 0 tasks remaining in the queue.
2019-09-25 07:05:31,833 [ForkJoinPool.commonPool-worker-1] INFO  segmented.SegmentedRaftLogWorker (SegmentedRaftLogWorker.java:close(228)) - 24bf2945-a329-4da6-aaf2-23ecd8d462c6@group-72D65F418B14-SegmentedRaftLogWorker close()
2019-09-25 07:05:31,834 [ForkJoinPool.commonPool-worker-1] INFO  impl.RaftServerImpl (RaftServerImpl.java:lambda$shutdown$3(251)) - 24bf2945-a329-4da6-aaf2-23ecd8d462c6@group-04F5BDB95FEC: shutdown
2019-09-25 07:05:31,834 [ForkJoinPool.commonPool-worker-1] INFO  util.JmxRegister (JmxRegister.java:unregister(73)) - Successfully un-registered JMX Bean with object name Ratis:service=RaftServer,group=group-04F5BDB95FEC,id=24bf2945-a329-4da6-aaf2-23ecd8d462c6
2019-09-25 07:05:31,834 [ForkJoinPool.commonPool-worker-1] INFO  impl.RoleInfo (RoleInfo.java:shutdownLeaderState(104)) - 24bf2945-a329-4da6-aaf2-23ecd8d462c6: shutdown LeaderState
2019-09-25 07:05:31,834 [ForkJoinPool.commonPool-worker-1] INFO  impl.PendingRequests (PendingRequests.java:sendNotLeaderResponses(202)) - 24bf2945-a329-4da6-aaf2-23ecd8d462c6-PendingRequests: sendNotLeaderResponses
2019-09-25 07:05:31,834 [ForkJoinPool.commonPool-worker-1] INFO  impl.StateMachineUpdater (StateMachineUpdater.java:stopAndJoin(125)) - 24bf2945-a329-4da6-aaf2-23ecd8d462c6@group-04F5BDB95FEC-StateMachineUpdater: set stopIndex = 0
2019-09-25 07:05:31,835 [ForkJoinPool.commonPool-worker-1] INFO  impl.RaftServerImpl (ServerState.java:close(385)) - 24bf2945-a329-4da6-aaf2-23ecd8d462c6@group-04F5BDB95FEC: closes. applyIndex: 0
2019-09-25 07:05:31,835 [24bf2945-a329-4da6-aaf2-23ecd8d462c6@group-04F5BDB95FEC-SegmentedRaftLogWorker] INFO  segmented.SegmentedRaftLogWorker (SegmentedRaftLogWorker.java:run(313)) - 24bf2945-a329-4da6-aaf2-23ecd8d462c6@group-04F5BDB95FEC-SegmentedRaftLogWorker was interrupted, exiting. There are 0 tasks remaining in the queue.
2019-09-25 07:05:31,835 [ForkJoinPool.commonPool-worker-1] INFO  segmented.SegmentedRaftLogWorker (SegmentedRaftLogWorker.java:close(228)) - 24bf2945-a329-4da6-aaf2-23ecd8d462c6@group-04F5BDB95FEC-SegmentedRaftLogWorker close()
2019-09-25 07:05:31,836 [ForkJoinPool.commonPool-worker-1] INFO  impl.RaftServerImpl (RaftServerImpl.java:lambda$shutdown$3(251)) - 24bf2945-a329-4da6-aaf2-23ecd8d462c6@group-C8CC51DDE9E1: shutdown
2019-09-25 07:05:31,836 [ForkJoinPool.commonPool-worker-1] INFO  util.JmxRegister (JmxRegister.java:unregister(73)) - Successfully un-registered JMX Bean with object name Ratis:service=RaftServer,group=group-C8CC51DDE9E1,id=24bf2945-a329-4da6-aaf2-23ecd8d462c6
2019-09-25 07:05:31,836 [ForkJoinPool.commonPool-worker-1] INFO  impl.RoleInfo (RoleInfo.java:shutdownLeaderState(104)) - 24bf2945-a329-4da6-aaf2-23ecd8d462c6: shutdown LeaderState
2019-09-25 07:05:31,836 [ForkJoinPool.commonPool-worker-1] INFO  impl.PendingRequests (PendingRequests.java:sendNotLeaderResponses(202)) - 24bf2945-a329-4da6-aaf2-23ecd8d462c6-PendingRequests: sendNotLeaderResponses
2019-09-25 07:05:31,836 [ForkJoinPool.commonPool-worker-1] INFO  impl.StateMachineUpdater (StateMachineUpdater.java:stopAndJoin(125)) - 24bf2945-a329-4da6-aaf2-23ecd8d462c6@group-C8CC51DDE9E1-StateMachineUpdater: set stopIndex = 0
2019-09-25 07:05:31,837 [ForkJoinPool.commonPool-worker-1] INFO  impl.RaftServerImpl (ServerState.java:close(385)) - 24bf2945-a329-4da6-aaf2-23ecd8d462c6@group-C8CC51DDE9E1: closes. applyIndex: 0
2019-09-25 07:05:31,837 [24bf2945-a329-4da6-aaf2-23ecd8d462c6@group-C8CC51DDE9E1-SegmentedRaftLogWorker] INFO  segmented.SegmentedRaftLogWorker (SegmentedRaftLogWorker.java:run(313)) - 24bf2945-a329-4da6-aaf2-23ecd8d462c6@group-C8CC51DDE9E1-SegmentedRaftLogWorker was interrupted, exiting. There are 0 tasks remaining in the queue.
2019-09-25 07:05:31,837 [ForkJoinPool.commonPool-worker-1] INFO  segmented.SegmentedRaftLogWorker (SegmentedRaftLogWorker.java:close(228)) - 24bf2945-a329-4da6-aaf2-23ecd8d462c6@group-C8CC51DDE9E1-SegmentedRaftLogWorker close()
2019-09-25 07:05:31,837 [ForkJoinPool.commonPool-worker-1] INFO  server.GrpcService (GrpcService.java:closeImpl(164)) - 24bf2945-a329-4da6-aaf2-23ecd8d462c6: shutdown server with port 42867 now
2019-09-25 07:05:31,842 [ForkJoinPool.commonPool-worker-1] INFO  server.GrpcService (GrpcService.java:closeImpl(172)) - 24bf2945-a329-4da6-aaf2-23ecd8d462c6: shutdown server with port 42867 successfully
2019-09-25 07:05:31,849 [refreshUsed-/workdir/hadoop-ozone/integration-test/target/test-dir/MiniOzoneClusterImpl-39af9574-7a8b-4ed7-b830-bf686a3d4bb8/datanode-2/data/containers] WARN  fs.CachingGetSpaceUsed (CachingGetSpaceUsed.java:run(183)) - Thread Interrupted waiting to refresh disk information: sleep interrupted
2019-09-25 07:05:31,869 [ForkJoinPool.commonPool-worker-1] INFO  utils.BackgroundService (BackgroundService.java:shutdown(148)) - Shutting down service BlockDeletingService
2019-09-25 07:05:31,875 [ForkJoinPool.commonPool-worker-1] INFO  statemachine.DatanodeStateMachine (DatanodeStateMachine.java:stopDaemon(395)) - Ozone container server stopped.
2019-09-25 07:05:31,881 [ForkJoinPool.commonPool-worker-1] INFO  handler.ContextHandler (ContextHandler.java:doStop(910)) - Stopped o.e.j.w.WebAppContext@fc807c1{/,null,UNAVAILABLE}{/hddsDatanode}
2019-09-25 07:05:31,881 [ForkJoinPool.commonPool-worker-1] INFO  server.AbstractConnector (AbstractConnector.java:doStop(318)) - Stopped ServerConnector@296e281a{HTTP/1.1,[http/1.1]}{0.0.0.0:0}
2019-09-25 07:05:31,884 [ForkJoinPool.commonPool-worker-1] INFO  handler.ContextHandler (ContextHandler.java:doStop(910)) - Stopped o.e.j.s.ServletContextHandler@4d95a72e{/static,jar:file:/home/user/.m2/repository/org/apache/hadoop/hadoop-hdds-container-service/0.5.0-SNAPSHOT/hadoop-hdds-container-service-0.5.0-SNAPSHOT.jar!/webapps/static,UNAVAILABLE}
2019-09-25 07:05:31,886 [ForkJoinPool.commonPool-worker-1] INFO  handler.ContextHandler (ContextHandler.java:doStop(910)) - Stopped o.e.j.s.ServletContextHandler@44536de4{/logs,file:///workdir/hadoop-ozone/integration-test/target/log,UNAVAILABLE}
2019-09-25 07:05:31,889 [main] INFO  ozone.MiniOzoneClusterImpl (MiniOzoneClusterImpl.java:stopSCM(392)) - Stopping the StorageContainerManager
2019-09-25 07:05:31,890 [main] INFO  server.StorageContainerManager (StorageContainerManager.java:stop(808)) - Stopping Replication Manager Service.
2019-09-25 07:05:31,890 [main] INFO  container.ReplicationManager (ReplicationManager.java:stop(204)) - Stopping Replication Monitor Thread.
2019-09-25 07:05:31,890 [main] INFO  server.StorageContainerManager (StorageContainerManager.java:stop(815)) - Stopping Lease Manager of the command watchers
2019-09-25 07:05:31,891 [main] INFO  server.StorageContainerManager (StorageContainerManager.java:stop(822)) - Stopping datanode service RPC server
2019-09-25 07:05:31,891 [main] INFO  server.SCMDatanodeProtocolServer (SCMDatanodeProtocolServer.java:stop(367)) - Stopping the RPC server for DataNodes
2019-09-25 07:05:31,891 [main] INFO  ipc.Server (Server.java:stop(3082)) - Stopping server on 34976
2019-09-25 07:05:31,893 [IPC Server listener on 34976] INFO  ipc.Server (Server.java:run(1185)) - Stopping IPC Server listener on 34976
2019-09-25 07:05:31,893 [IPC Server Responder] INFO  ipc.Server (Server.java:run(1319)) - Stopping IPC Server Responder
2019-09-25 07:05:31,902 [SCM Heartbeat Processing Thread - 0] WARN  node.NodeStateManager (NodeStateManager.java:scheduleNextHealthCheck(655)) - Current Thread is interrupted, shutting down HB processing thread for Node Manager.
2019-09-25 07:05:31,902 [main] INFO  server.StorageContainerManager (StorageContainerManager.java:stop(830)) - Stopping block service RPC server
2019-09-25 07:05:31,902 [main] INFO  server.SCMBlockProtocolServer (SCMBlockProtocolServer.java:stop(155)) - Stopping the RPC server for Block Protocol
2019-09-25 07:05:31,903 [main] INFO  ipc.Server (Server.java:stop(3082)) - Stopping server on 37989
2019-09-25 07:05:31,904 [IPC Server listener on 37989] INFO  ipc.Server (Server.java:run(1185)) - Stopping IPC Server listener on 37989
2019-09-25 07:05:31,904 [main] INFO  server.StorageContainerManager (StorageContainerManager.java:stop(837)) - Stopping the StorageContainerLocationProtocol RPC server
2019-09-25 07:05:31,905 [main] INFO  server.SCMClientProtocolServer (SCMClientProtocolServer.java:stop(159)) - Stopping the RPC server for Client Protocol
2019-09-25 07:05:31,905 [main] INFO  ipc.Server (Server.java:stop(3082)) - Stopping server on 42831
2019-09-25 07:05:31,905 [IPC Server Responder] INFO  ipc.Server (Server.java:run(1319)) - Stopping IPC Server Responder
2019-09-25 07:05:31,907 [IPC Server listener on 42831] INFO  ipc.Server (Server.java:run(1185)) - Stopping IPC Server listener on 42831
2019-09-25 07:05:31,907 [main] INFO  server.StorageContainerManager (StorageContainerManager.java:stop(844)) - Stopping Storage Container Manager HTTP server.
2019-09-25 07:05:31,907 [IPC Server Responder] INFO  ipc.Server (Server.java:run(1319)) - Stopping IPC Server Responder
2019-09-25 07:05:31,908 [main] INFO  handler.ContextHandler (ContextHandler.java:doStop(910)) - Stopped o.e.j.w.WebAppContext@6928f576{/,null,UNAVAILABLE}{/scm}
2019-09-25 07:05:31,909 [main] INFO  server.AbstractConnector (AbstractConnector.java:doStop(318)) - Stopped ServerConnector@548e76f1{HTTP/1.1,[http/1.1]}{0.0.0.0:0}
2019-09-25 07:05:31,909 [main] INFO  handler.ContextHandler (ContextHandler.java:doStop(910)) - Stopped o.e.j.s.ServletContextHandler@3e821657{/static,file:///workdir/hadoop-ozone/integration-test/target/test-classes/webapps/static,UNAVAILABLE}
2019-09-25 07:05:31,909 [main] INFO  handler.ContextHandler (ContextHandler.java:doStop(910)) - Stopped o.e.j.s.ServletContextHandler@6b00f608{/logs,file:///workdir/hadoop-ozone/integration-test/target/log,UNAVAILABLE}
2019-09-25 07:05:31,911 [main] INFO  server.StorageContainerManager (StorageContainerManager.java:stop(855)) - Stopping Block Manager Service.
2019-09-25 07:05:31,912 [main] INFO  utils.BackgroundService (BackgroundService.java:shutdown(148)) - Shutting down service SCMBlockDeletingService
2019-09-25 07:05:31,912 [main] INFO  utils.BackgroundService (BackgroundService.java:shutdown(148)) - Shutting down service SCMBlockDeletingService
2019-09-25 07:05:31,913 [main] INFO  server.StorageContainerManager (StorageContainerManager.java:stop(877)) - Stopping SCM Event Queue.
2019-09-25 07:05:31,922 [main] INFO  impl.MetricsSystemImpl (MetricsSystemImpl.java:stop(210)) - Stopping ratis metrics system...
2019-09-25 07:05:31,956 [prometheus] INFO  impl.MetricsSinkAdapter (MetricsSinkAdapter.java:publishMetricsFromQueue(141)) - prometheus thread interrupted.
2019-09-25 07:05:31,956 [main] INFO  impl.MetricsSystemImpl (MetricsSystemImpl.java:stop(216)) - ratis metrics system stopped.
]]></system-out>
    <system-err><![CDATA[ERROR StatusLogger No Log4j 2 configuration file found. Using default configuration (logging only errors to the console), or user programmatically provided configurations. Set system property 'log4j2.debug' to show Log4j 2 internal initialization logging. See https://logging.apache.org/log4j/2.x/manual/configuration.html for instructions on how to configure Log4j 2
Sep 25, 2019 7:05:20 AM org.apache.ratis.thirdparty.io.grpc.internal.SerializingExecutor run
SEVERE: Exception while executing runnable org.apache.ratis.thirdparty.io.grpc.internal.ServerImpl$JumpToApplicationThreadServerStreamListener$1Closed@5b2155f4
org.apache.ratis.thirdparty.io.grpc.StatusRuntimeException: CANCELLED: call already cancelled
	at org.apache.ratis.thirdparty.io.grpc.Status.asRuntimeException(Status.java:517)
	at org.apache.ratis.thirdparty.io.grpc.stub.ServerCalls$ServerCallStreamObserverImpl.onCompleted(ServerCalls.java:356)
	at org.apache.ratis.grpc.server.GrpcServerProtocolService$ServerRequestStreamObserver.onError(GrpcServerProtocolService.java:121)
	at org.apache.ratis.thirdparty.io.grpc.stub.ServerCalls$StreamingServerCallHandler$StreamingServerCallListener.onCancel(ServerCalls.java:269)
	at org.apache.ratis.thirdparty.io.grpc.internal.ServerCallImpl$ServerStreamListenerImpl.closed(ServerCallImpl.java:293)
	at org.apache.ratis.thirdparty.io.grpc.internal.ServerImpl$JumpToApplicationThreadServerStreamListener$1Closed.runInContext(ServerImpl.java:741)
	at org.apache.ratis.thirdparty.io.grpc.internal.ContextRunnable.run(ContextRunnable.java:37)
	at org.apache.ratis.thirdparty.io.grpc.internal.SerializingExecutor.run(SerializingExecutor.java:123)
	at java.util.concurrent.ThreadPoolExecutor.runWorker(ThreadPoolExecutor.java:1149)
	at java.util.concurrent.ThreadPoolExecutor$Worker.run(ThreadPoolExecutor.java:624)
	at java.lang.Thread.run(Thread.java:748)

Sep 25, 2019 7:05:20 AM org.apache.ratis.thirdparty.io.grpc.internal.SerializingExecutor run
SEVERE: Exception while executing runnable org.apache.ratis.thirdparty.io.grpc.internal.ServerImpl$JumpToApplicationThreadServerStreamListener$1Closed@74447fc9
org.apache.ratis.thirdparty.io.grpc.StatusRuntimeException: CANCELLED: call already cancelled
	at org.apache.ratis.thirdparty.io.grpc.Status.asRuntimeException(Status.java:517)
	at org.apache.ratis.thirdparty.io.grpc.stub.ServerCalls$ServerCallStreamObserverImpl.onCompleted(ServerCalls.java:356)
	at org.apache.ratis.grpc.server.GrpcServerProtocolService$ServerRequestStreamObserver.onError(GrpcServerProtocolService.java:121)
	at org.apache.ratis.thirdparty.io.grpc.stub.ServerCalls$StreamingServerCallHandler$StreamingServerCallListener.onCancel(ServerCalls.java:269)
	at org.apache.ratis.thirdparty.io.grpc.internal.ServerCallImpl$ServerStreamListenerImpl.closed(ServerCallImpl.java:293)
	at org.apache.ratis.thirdparty.io.grpc.internal.ServerImpl$JumpToApplicationThreadServerStreamListener$1Closed.runInContext(ServerImpl.java:741)
	at org.apache.ratis.thirdparty.io.grpc.internal.ContextRunnable.run(ContextRunnable.java:37)
	at org.apache.ratis.thirdparty.io.grpc.internal.SerializingExecutor.run(SerializingExecutor.java:123)
	at java.util.concurrent.ThreadPoolExecutor.runWorker(ThreadPoolExecutor.java:1149)
	at java.util.concurrent.ThreadPoolExecutor$Worker.run(ThreadPoolExecutor.java:624)
	at java.lang.Thread.run(Thread.java:748)

]]></system-err>
  </testcase>
  <testcase name="testPipelineCloseWithOpenContainer" classname="org.apache.hadoop.hdds.scm.pipeline.TestPipelineClose" time="78.521"/>
  <testcase name="testPipelineCloseWithClosedContainer" classname="org.apache.hadoop.hdds.scm.pipeline.TestPipelineClose" time="70.649"/>
  <testcase name="testPipelineCloseWithLogFailure" classname="org.apache.hadoop.hdds.scm.pipeline.TestPipelineClose" time="70.298"/>
</testsuite>