<?xml version="1.0" encoding="UTF-8"?>
<testsuite xmlns:xsi="http://www.w3.org/2001/XMLSchema-instance" xsi:noNamespaceSchemaLocation="https://maven.apache.org/surefire/maven-surefire-plugin/xsd/surefire-test-report.xsd" name="org.apache.hadoop.ozone.client.rpc.TestBlockOutputStreamWithFailures" time="637.222" tests="8" errors="5" skipped="0" failures="0">
  <properties>
    <property name="awt.toolkit" value="sun.awt.X11.XToolkit"/>
    <property name="file.encoding.pkg" value="sun.io"/>
    <property name="java.specification.version" value="1.8"/>
    <property name="sun.cpu.isalist" value=""/>
    <property name="sun.jnu.encoding" value="UTF-8"/>
    <property name="java.class.path" value="/workdir/hadoop-ozone/integration-test/target/test-classes:/workdir/hadoop-ozone/integration-test/target/classes:/home/user/.m2/repository/org/apache/hadoop/hadoop-ozone-common/0.5.0-SNAPSHOT/hadoop-ozone-common-0.5.0-SNAPSHOT.jar:/home/user/.m2/repository/org/apache/commons/commons-compress/1.4.1/commons-compress-1.4.1.jar:/home/user/.m2/repository/org/tukaani/xz/1.0/xz-1.0.jar:/home/user/.m2/repository/org/apache/hadoop/hadoop-common/3.2.0/hadoop-common-3.2.0.jar:/home/user/.m2/repository/org/apache/hadoop/hadoop-hdfs/3.2.0/hadoop-hdfs-3.2.0.jar:/home/user/.m2/repository/org/apache/hadoop/hadoop-hdfs-client/3.2.0/hadoop-hdfs-client-3.2.0.jar:/home/user/.m2/repository/com/fasterxml/jackson/core/jackson-annotations/2.9.9/jackson-annotations-2.9.9.jar:/home/user/.m2/repository/org/apache/hadoop/hadoop-hdds-common/0.5.0-SNAPSHOT/hadoop-hdds-common-0.5.0-SNAPSHOT.jar:/home/user/.m2/repository/javax/annotation/javax.annotation-api/1.2/javax.annotation-api-1.2.jar:/home/user/.m2/repository/org/apache/ratis/ratis-server/0.4.0/ratis-server-0.4.0.jar:/home/user/.m2/repository/org/apache/ratis/ratis-thirdparty-misc/0.2.0/ratis-thirdparty-misc-0.2.0.jar:/home/user/.m2/repository/org/apache/ratis/ratis-proto/0.4.0/ratis-proto-0.4.0.jar:/home/user/.m2/repository/org/apache/ratis/ratis-common/0.4.0/ratis-common-0.4.0.jar:/home/user/.m2/repository/org/apache/ratis/ratis-client/0.4.0/ratis-client-0.4.0.jar:/home/user/.m2/repository/org/apache/ratis/ratis-metrics/0.4.0/ratis-metrics-0.4.0.jar:/home/user/.m2/repository/com/github/joshelser/dropwizard-metrics-hadoop-metrics2-reporter/0.1.2/dropwizard-metrics-hadoop-metrics2-reporter-0.1.2.jar:/home/user/.m2/repository/io/dropwizard/metrics/metrics-jvm/3.2.5/metrics-jvm-3.2.5.jar:/home/user/.m2/repository/io/dropwizard/metrics/metrics-ganglia/3.2.5/metrics-ganglia-3.2.5.jar:/home/user/.m2/repository/info/ganglia/gmetric4j/gmetric4j/1.0.7/gmetric4j-1.0.7.jar:/home/user/.m2/repository/org/apache/ratis/ratis-netty/0.4.0/ratis-netty-0.4.0.jar:/home/user/.m2/repository/org/apache/ratis/ratis-grpc/0.4.0/ratis-grpc-0.4.0.jar:/home/user/.m2/repository/org/rocksdb/rocksdbjni/6.0.1/rocksdbjni-6.0.1.jar:/home/user/.m2/repository/org/apache/logging/log4j/log4j-api/2.11.0/log4j-api-2.11.0.jar:/home/user/.m2/repository/org/apache/logging/log4j/log4j-core/2.11.0/log4j-core-2.11.0.jar:/home/user/.m2/repository/com/lmax/disruptor/3.4.2/disruptor-3.4.2.jar:/home/user/.m2/repository/org/apache/commons/commons-pool2/2.6.0/commons-pool2-2.6.0.jar:/home/user/.m2/repository/org/bouncycastle/bcpkix-jdk15on/1.60/bcpkix-jdk15on-1.60.jar:/home/user/.m2/repository/commons-validator/commons-validator/1.6/commons-validator-1.6.jar:/home/user/.m2/repository/commons-digester/commons-digester/1.8.1/commons-digester-1.8.1.jar:/home/user/.m2/repository/io/jaegertracing/jaeger-client/0.34.0/jaeger-client-0.34.0.jar:/home/user/.m2/repository/io/jaegertracing/jaeger-thrift/0.34.0/jaeger-thrift-0.34.0.jar:/home/user/.m2/repository/org/apache/thrift/libthrift/0.12.0/libthrift-0.12.0.jar:/home/user/.m2/repository/com/squareup/okhttp3/okhttp/3.9.0/okhttp-3.9.0.jar:/home/user/.m2/repository/com/squareup/okio/okio/1.13.0/okio-1.13.0.jar:/home/user/.m2/repository/io/jaegertracing/jaeger-core/0.34.0/jaeger-core-0.34.0.jar:/home/user/.m2/repository/io/jaegertracing/jaeger-tracerresolver/0.34.0/jaeger-tracerresolver-0.34.0.jar:/home/user/.m2/repository/io/opentracing/contrib/opentracing-tracerresolver/0.1.5/opentracing-tracerresolver-0.1.5.jar:/home/user/.m2/repository/io/opentracing/opentracing-util/0.31.0/opentracing-util-0.31.0.jar:/home/user/.m2/repository/io/opentracing/opentracing-api/0.31.0/opentracing-api-0.31.0.jar:/home/user/.m2/repository/io/opentracing/opentracing-noop/0.31.0/opentracing-noop-0.31.0.jar:/home/user/.m2/repository/org/apache/hadoop/hadoop-hdds-server-framework/0.5.0-SNAPSHOT/hadoop-hdds-server-framework-0.5.0-SNAPSHOT.jar:/home/user/.m2/repository/org/apache/hadoop/hadoop-hdds-container-service/0.5.0-SNAPSHOT/hadoop-hdds-container-service-0.5.0-SNAPSHOT.jar:/home/user/.m2/repository/org/apache/hadoop/hadoop-hdds-client/0.5.0-SNAPSHOT/hadoop-hdds-client-0.5.0-SNAPSHOT.jar:/home/user/.m2/repository/org/apache/hadoop/hadoop-hdds-tools/0.5.0-SNAPSHOT/hadoop-hdds-tools-0.5.0-SNAPSHOT.jar:/home/user/.m2/repository/org/apache/hadoop/hadoop-hdds-server-scm/0.5.0-SNAPSHOT/hadoop-hdds-server-scm-0.5.0-SNAPSHOT.jar:/home/user/.m2/repository/org/apache/hadoop/hadoop-hdds-docs/0.5.0-SNAPSHOT/hadoop-hdds-docs-0.5.0-SNAPSHOT.jar:/home/user/.m2/repository/io/dropwizard/metrics/metrics-core/3.2.4/metrics-core-3.2.4.jar:/home/user/.m2/repository/org/hamcrest/hamcrest-all/1.3/hamcrest-all-1.3.jar:/home/user/.m2/repository/org/bouncycastle/bcprov-jdk15on/1.60/bcprov-jdk15on-1.60.jar:/home/user/.m2/repository/info/picocli/picocli/3.9.6/picocli-3.9.6.jar:/home/user/.m2/repository/com/google/protobuf/protobuf-java/2.5.0/protobuf-java-2.5.0.jar:/home/user/.m2/repository/com/google/guava/guava/11.0.2/guava-11.0.2.jar:/home/user/.m2/repository/org/apache/hadoop/hadoop-ozone-ozone-manager/0.5.0-SNAPSHOT/hadoop-ozone-ozone-manager-0.5.0-SNAPSHOT.jar:/home/user/.m2/repository/org/apache/hadoop/hadoop-minikdc/3.2.0/hadoop-minikdc-3.2.0.jar:/home/user/.m2/repository/commons-io/commons-io/2.5/commons-io-2.5.jar:/home/user/.m2/repository/org/apache/kerby/kerb-simplekdc/1.0.1/kerb-simplekdc-1.0.1.jar:/home/user/.m2/repository/org/apache/kerby/kerb-client/1.0.1/kerb-client-1.0.1.jar:/home/user/.m2/repository/org/apache/kerby/kerby-config/1.0.1/kerby-config-1.0.1.jar:/home/user/.m2/repository/org/apache/kerby/kerb-core/1.0.1/kerb-core-1.0.1.jar:/home/user/.m2/repository/org/apache/kerby/kerby-pkix/1.0.1/kerby-pkix-1.0.1.jar:/home/user/.m2/repository/org/apache/kerby/kerby-asn1/1.0.1/kerby-asn1-1.0.1.jar:/home/user/.m2/repository/org/apache/kerby/kerby-util/1.0.1/kerby-util-1.0.1.jar:/home/user/.m2/repository/org/apache/kerby/kerb-common/1.0.1/kerb-common-1.0.1.jar:/home/user/.m2/repository/org/apache/kerby/kerb-crypto/1.0.1/kerb-crypto-1.0.1.jar:/home/user/.m2/repository/org/apache/kerby/kerb-util/1.0.1/kerb-util-1.0.1.jar:/home/user/.m2/repository/org/apache/kerby/token-provider/1.0.1/token-provider-1.0.1.jar:/home/user/.m2/repository/org/apache/kerby/kerb-admin/1.0.1/kerb-admin-1.0.1.jar:/home/user/.m2/repository/org/apache/kerby/kerb-server/1.0.1/kerb-server-1.0.1.jar:/home/user/.m2/repository/org/apache/kerby/kerb-identity/1.0.1/kerb-identity-1.0.1.jar:/home/user/.m2/repository/org/apache/kerby/kerby-xdr/1.0.1/kerby-xdr-1.0.1.jar:/home/user/.m2/repository/org/slf4j/slf4j-log4j12/1.7.25/slf4j-log4j12-1.7.25.jar:/home/user/.m2/repository/org/apache/hadoop/hadoop-ozone-s3gateway/0.5.0-SNAPSHOT/hadoop-ozone-s3gateway-0.5.0-SNAPSHOT.jar:/home/user/.m2/repository/org/jboss/weld/servlet/weld-servlet/2.4.7.Final/weld-servlet-2.4.7.Final.jar:/home/user/.m2/repository/org/glassfish/jersey/containers/jersey-container-servlet-core/2.27/jersey-container-servlet-core-2.27.jar:/home/user/.m2/repository/org/glassfish/hk2/external/javax.inject/2.5.0-b42/javax.inject-2.5.0-b42.jar:/home/user/.m2/repository/org/glassfish/jersey/core/jersey-common/2.27/jersey-common-2.27.jar:/home/user/.m2/repository/org/glassfish/hk2/osgi-resource-locator/1.0.1/osgi-resource-locator-1.0.1.jar:/home/user/.m2/repository/javax/ws/rs/javax.ws.rs-api/2.1/javax.ws.rs-api-2.1.jar:/home/user/.m2/repository/org/glassfish/jersey/ext/cdi/jersey-cdi1x/2.27/jersey-cdi1x-2.27.jar:/home/user/.m2/repository/org/glassfish/jersey/inject/jersey-hk2/2.27/jersey-hk2-2.27.jar:/home/user/.m2/repository/org/glassfish/hk2/hk2-locator/2.5.0-b42/hk2-locator-2.5.0-b42.jar:/home/user/.m2/repository/org/javassist/javassist/3.22.0-CR2/javassist-3.22.0-CR2.jar:/home/user/.m2/repository/org/glassfish/hk2/hk2-api/2.5.0/hk2-api-2.5.0.jar:/home/user/.m2/repository/org/glassfish/hk2/external/jakarta.inject/2.5.0/jakarta.inject-2.5.0.jar:/home/user/.m2/repository/org/glassfish/hk2/hk2-utils/2.5.0/hk2-utils-2.5.0.jar:/home/user/.m2/repository/jakarta/annotation/jakarta.annotation-api/1.3.4/jakarta.annotation-api-1.3.4.jar:/home/user/.m2/repository/org/glassfish/hk2/external/aopalliance-repackaged/2.5.0/aopalliance-repackaged-2.5.0.jar:/home/user/.m2/repository/com/fasterxml/jackson/dataformat/jackson-dataformat-xml/2.9.0/jackson-dataformat-xml-2.9.0.jar:/home/user/.m2/repository/com/fasterxml/jackson/core/jackson-core/2.9.9/jackson-core-2.9.9.jar:/home/user/.m2/repository/com/fasterxml/jackson/module/jackson-module-jaxb-annotations/2.9.9/jackson-module-jaxb-annotations-2.9.9.jar:/home/user/.m2/repository/javax/enterprise/cdi-api/1.2/cdi-api-1.2.jar:/home/user/.m2/repository/javax/el/javax.el-api/3.0.0/javax.el-api-3.0.0.jar:/home/user/.m2/repository/javax/interceptor/javax.interceptor-api/1.2/javax.interceptor-api-1.2.jar:/home/user/.m2/repository/javax/inject/javax.inject/1/javax.inject-1.jar:/home/user/.m2/repository/com/sun/xml/bind/jaxb-impl/2.3.0.1/jaxb-impl-2.3.0.1.jar:/home/user/.m2/repository/com/sun/xml/bind/jaxb-core/2.3.0.1/jaxb-core-2.3.0.1.jar:/home/user/.m2/repository/javax/xml/bind/jaxb-api/2.3.0/jaxb-api-2.3.0.jar:/home/user/.m2/repository/javax/activation/activation/1.1.1/activation-1.1.1.jar:/home/user/.m2/repository/org/apache/hadoop/hadoop-ozone-csi/0.5.0-SNAPSHOT/hadoop-ozone-csi-0.5.0-SNAPSHOT.jar:/home/user/.m2/repository/com/google/protobuf/protobuf-java-util/3.5.1/protobuf-java-util-3.5.1.jar:/home/user/.m2/repository/org/apache/hadoop/hadoop-hdds-config/0.5.0-SNAPSHOT/hadoop-hdds-config-0.5.0-SNAPSHOT.jar:/home/user/.m2/repository/io/grpc/grpc-netty/1.17.1/grpc-netty-1.17.1.jar:/home/user/.m2/repository/io/grpc/grpc-core/1.17.1/grpc-core-1.17.1.jar:/home/user/.m2/repository/io/grpc/grpc-context/1.17.1/grpc-context-1.17.1.jar:/home/user/.m2/repository/com/google/errorprone/error_prone_annotations/2.2.0/error_prone_annotations-2.2.0.jar:/home/user/.m2/repository/org/codehaus/mojo/animal-sniffer-annotations/1.17/animal-sniffer-annotations-1.17.jar:/home/user/.m2/repository/io/opencensus/opencensus-api/0.17.0/opencensus-api-0.17.0.jar:/home/user/.m2/repository/io/opencensus/opencensus-contrib-grpc-metrics/0.17.0/opencensus-contrib-grpc-metrics-0.17.0.jar:/home/user/.m2/repository/io/netty/netty-codec-http2/4.1.30.Final/netty-codec-http2-4.1.30.Final.jar:/home/user/.m2/repository/io/netty/netty-codec-http/4.1.30.Final/netty-codec-http-4.1.30.Final.jar:/home/user/.m2/repository/io/netty/netty-codec/4.1.30.Final/netty-codec-4.1.30.Final.jar:/home/user/.m2/repository/io/netty/netty-handler/4.1.30.Final/netty-handler-4.1.30.Final.jar:/home/user/.m2/repository/io/netty/netty-handler-proxy/4.1.30.Final/netty-handler-proxy-4.1.30.Final.jar:/home/user/.m2/repository/io/netty/netty-codec-socks/4.1.30.Final/netty-codec-socks-4.1.30.Final.jar:/home/user/.m2/repository/io/netty/netty-transport-native-epoll/4.1.30.Final/netty-transport-native-epoll-4.1.30.Final.jar:/home/user/.m2/repository/io/netty/netty-common/4.1.30.Final/netty-common-4.1.30.Final.jar:/home/user/.m2/repository/io/netty/netty-buffer/4.1.30.Final/netty-buffer-4.1.30.Final.jar:/home/user/.m2/repository/io/netty/netty-transport/4.1.30.Final/netty-transport-4.1.30.Final.jar:/home/user/.m2/repository/io/netty/netty-resolver/4.1.30.Final/netty-resolver-4.1.30.Final.jar:/home/user/.m2/repository/io/netty/netty-transport-native-unix-common/4.1.30.Final/netty-transport-native-unix-common-4.1.30.Final.jar:/home/user/.m2/repository/io/grpc/grpc-protobuf/1.17.1/grpc-protobuf-1.17.1.jar:/home/user/.m2/repository/com/google/api/grpc/proto-google-common-protos/1.0.0/proto-google-common-protos-1.0.0.jar:/home/user/.m2/repository/io/grpc/grpc-protobuf-lite/1.17.1/grpc-protobuf-lite-1.17.1.jar:/home/user/.m2/repository/io/grpc/grpc-stub/1.17.1/grpc-stub-1.17.1.jar:/home/user/.m2/repository/org/apache/hadoop/hadoop-ozone-recon/0.5.0-SNAPSHOT/hadoop-ozone-recon-0.5.0-SNAPSHOT.jar:/home/user/.m2/repository/org/apache/hadoop/hadoop-ozone-reconcodegen/0.5.0-SNAPSHOT/hadoop-ozone-reconcodegen-0.5.0-SNAPSHOT.jar:/home/user/.m2/repository/com/google/inject/extensions/guice-multibindings/4.0/guice-multibindings-4.0.jar:/home/user/.m2/repository/com/google/inject/guice/4.0/guice-4.0.jar:/home/user/.m2/repository/aopalliance/aopalliance/1.0/aopalliance-1.0.jar:/home/user/.m2/repository/com/google/inject/extensions/guice-servlet/4.0/guice-servlet-4.0.jar:/home/user/.m2/repository/org/glassfish/jersey/containers/jersey-container-servlet/2.27/jersey-container-servlet-2.27.jar:/home/user/.m2/repository/org/glassfish/hk2/guice-bridge/2.5.0/guice-bridge-2.5.0.jar:/home/user/.m2/repository/org/glassfish/jersey/core/jersey-server/2.27/jersey-server-2.27.jar:/home/user/.m2/repository/org/glassfish/jersey/core/jersey-client/2.27/jersey-client-2.27.jar:/home/user/.m2/repository/org/glassfish/jersey/media/jersey-media-jaxb/2.27/jersey-media-jaxb-2.27.jar:/home/user/.m2/repository/javax/validation/validation-api/1.1.0.Final/validation-api-1.1.0.Final.jar:/home/user/.m2/repository/org/glassfish/jersey/media/jersey-media-json-jackson/2.27/jersey-media-json-jackson-2.27.jar:/home/user/.m2/repository/org/glassfish/jersey/ext/jersey-entity-filtering/2.27/jersey-entity-filtering-2.27.jar:/home/user/.m2/repository/com/google/inject/extensions/guice-assistedinject/4.0/guice-assistedinject-4.0.jar:/home/user/.m2/repository/org/jooq/jooq/3.11.10/jooq-3.11.10.jar:/home/user/.m2/repository/org/jooq/jooq-meta/3.11.10/jooq-meta-3.11.10.jar:/home/user/.m2/repository/org/jooq/jooq-codegen/3.11.10/jooq-codegen-3.11.10.jar:/home/user/.m2/repository/com/jolbox/bonecp/0.8.0.RELEASE/bonecp-0.8.0.RELEASE.jar:/home/user/.m2/repository/org/xerial/sqlite-jdbc/3.25.2/sqlite-jdbc-3.25.2.jar:/home/user/.m2/repository/org/springframework/spring-jdbc/5.1.3.RELEASE/spring-jdbc-5.1.3.RELEASE.jar:/home/user/.m2/repository/org/springframework/spring-beans/5.1.3.RELEASE/spring-beans-5.1.3.RELEASE.jar:/home/user/.m2/repository/org/springframework/spring-core/5.1.3.RELEASE/spring-core-5.1.3.RELEASE.jar:/home/user/.m2/repository/org/springframework/spring-jcl/5.1.3.RELEASE/spring-jcl-5.1.3.RELEASE.jar:/home/user/.m2/repository/org/springframework/spring-tx/5.1.3.RELEASE/spring-tx-5.1.3.RELEASE.jar:/home/user/.m2/repository/org/apache/hadoop/hadoop-ozone-client/0.5.0-SNAPSHOT/hadoop-ozone-client-0.5.0-SNAPSHOT.jar:/home/user/.m2/repository/commons-lang/commons-lang/2.6/commons-lang-2.6.jar:/home/user/.m2/repository/org/apache/hadoop/hadoop-ozone-ozone-manager/0.5.0-SNAPSHOT/hadoop-ozone-ozone-manager-0.5.0-SNAPSHOT-tests.jar:/home/user/.m2/repository/junit/junit/4.11/junit-4.11.jar:/home/user/.m2/repository/org/hamcrest/hamcrest-core/1.3/hamcrest-core-1.3.jar:/home/user/.m2/repository/org/openjdk/jmh/jmh-core/1.19/jmh-core-1.19.jar:/home/user/.m2/repository/net/sf/jopt-simple/jopt-simple/4.6/jopt-simple-4.6.jar:/home/user/.m2/repository/org/apache/commons/commons-math3/3.1.1/commons-math3-3.1.1.jar:/home/user/.m2/repository/org/openjdk/jmh/jmh-generator-annprocess/1.19/jmh-generator-annprocess-1.19.jar:/home/user/.m2/repository/org/mockito/mockito-all/1.8.5/mockito-all-1.8.5.jar:/home/user/.m2/repository/org/apache/hadoop/hadoop-kms/3.2.0/hadoop-kms-3.2.0.jar:/home/user/.m2/repository/org/apache/hadoop/hadoop-auth/3.2.0/hadoop-auth-3.2.0.jar:/home/user/.m2/repository/com/nimbusds/nimbus-jose-jwt/4.41.1/nimbus-jose-jwt-4.41.1.jar:/home/user/.m2/repository/com/github/stephenc/jcip/jcip-annotations/1.0-1/jcip-annotations-1.0-1.jar:/home/user/.m2/repository/net/minidev/json-smart/2.3/json-smart-2.3.jar:/home/user/.m2/repository/net/minidev/accessors-smart/1.2/accessors-smart-1.2.jar:/home/user/.m2/repository/org/ow2/asm/asm/5.0.4/asm-5.0.4.jar:/home/user/.m2/repository/org/apache/curator/curator-framework/2.12.0/curator-framework-2.12.0.jar:/home/user/.m2/repository/com/sun/jersey/jersey-core/1.19/jersey-core-1.19.jar:/home/user/.m2/repository/javax/ws/rs/jsr311-api/1.1.1/jsr311-api-1.1.1.jar:/home/user/.m2/repository/com/sun/jersey/jersey-server/1.19/jersey-server-1.19.jar:/home/user/.m2/repository/javax/servlet/javax.servlet-api/3.1.0/javax.servlet-api-3.1.0.jar:/home/user/.m2/repository/org/eclipse/jetty/jetty-server/9.3.25.v20180904/jetty-server-9.3.25.v20180904.jar:/home/user/.m2/repository/org/eclipse/jetty/jetty-http/9.3.25.v20180904/jetty-http-9.3.25.v20180904.jar:/home/user/.m2/repository/org/eclipse/jetty/jetty-io/9.3.25.v20180904/jetty-io-9.3.25.v20180904.jar:/home/user/.m2/repository/org/eclipse/jetty/jetty-webapp/9.3.25.v20180904/jetty-webapp-9.3.25.v20180904.jar:/home/user/.m2/repository/org/eclipse/jetty/jetty-xml/9.3.25.v20180904/jetty-xml-9.3.25.v20180904.jar:/home/user/.m2/repository/log4j/log4j/1.2.17/log4j-1.2.17.jar:/home/user/.m2/repository/org/slf4j/slf4j-api/1.7.25/slf4j-api-1.7.25.jar:/home/user/.m2/repository/org/slf4j/jul-to-slf4j/1.7.25/jul-to-slf4j-1.7.25.jar:/home/user/.m2/repository/org/eclipse/jetty/jetty-util/9.3.25.v20180904/jetty-util-9.3.25.v20180904.jar:/home/user/.m2/repository/com/fasterxml/jackson/core/jackson-databind/2.9.9/jackson-databind-2.9.9.jar:/home/user/.m2/repository/org/apache/hadoop/hadoop-kms/3.2.0/hadoop-kms-3.2.0-tests.jar:/home/user/.m2/repository/org/apache/hadoop/hadoop-hdds-server-scm/0.5.0-SNAPSHOT/hadoop-hdds-server-scm-0.5.0-SNAPSHOT-tests.jar:/home/user/.m2/repository/org/apache/hadoop/hadoop-hdds-container-service/0.5.0-SNAPSHOT/hadoop-hdds-container-service-0.5.0-SNAPSHOT-tests.jar:/home/user/.m2/repository/org/yaml/snakeyaml/1.16/snakeyaml-1.16.jar:/home/user/.m2/repository/org/apache/hadoop/hadoop-common/3.2.0/hadoop-common-3.2.0-tests.jar:/home/user/.m2/repository/org/apache/hadoop/hadoop-annotations/3.2.0/hadoop-annotations-3.2.0.jar:/usr/lib/jvm/java-1.8-openjdk/jre/../lib/tools.jar:/home/user/.m2/repository/commons-cli/commons-cli/1.2/commons-cli-1.2.jar:/home/user/.m2/repository/org/apache/httpcomponents/httpclient/4.5.2/httpclient-4.5.2.jar:/home/user/.m2/repository/org/apache/httpcomponents/httpcore/4.4.4/httpcore-4.4.4.jar:/home/user/.m2/repository/commons-codec/commons-codec/1.11/commons-codec-1.11.jar:/home/user/.m2/repository/commons-net/commons-net/3.6/commons-net-3.6.jar:/home/user/.m2/repository/commons-collections/commons-collections/3.2.2/commons-collections-3.2.2.jar:/home/user/.m2/repository/org/eclipse/jetty/jetty-servlet/9.3.25.v20180904/jetty-servlet-9.3.25.v20180904.jar:/home/user/.m2/repository/org/eclipse/jetty/jetty-security/9.3.25.v20180904/jetty-security-9.3.25.v20180904.jar:/home/user/.m2/repository/javax/servlet/jsp/jsp-api/2.1/jsp-api-2.1.jar:/home/user/.m2/repository/com/sun/jersey/jersey-servlet/1.19/jersey-servlet-1.19.jar:/home/user/.m2/repository/com/sun/jersey/jersey-json/1.19/jersey-json-1.19.jar:/home/user/.m2/repository/org/codehaus/jettison/jettison/1.1/jettison-1.1.jar:/home/user/.m2/repository/org/codehaus/jackson/jackson-core-asl/1.9.13/jackson-core-asl-1.9.13.jar:/home/user/.m2/repository/org/codehaus/jackson/jackson-mapper-asl/1.9.13/jackson-mapper-asl-1.9.13.jar:/home/user/.m2/repository/org/codehaus/jackson/jackson-jaxrs/1.9.13/jackson-jaxrs-1.9.13.jar:/home/user/.m2/repository/org/codehaus/jackson/jackson-xc/1.9.13/jackson-xc-1.9.13.jar:/home/user/.m2/repository/commons-logging/commons-logging/1.1.3/commons-logging-1.1.3.jar:/home/user/.m2/repository/commons-beanutils/commons-beanutils/1.9.4/commons-beanutils-1.9.4.jar:/home/user/.m2/repository/org/apache/commons/commons-configuration2/2.1.1/commons-configuration2-2.1.1.jar:/home/user/.m2/repository/org/apache/commons/commons-lang3/3.7/commons-lang3-3.7.jar:/home/user/.m2/repository/org/apache/commons/commons-text/1.4/commons-text-1.4.jar:/home/user/.m2/repository/org/apache/avro/avro/1.7.7/avro-1.7.7.jar:/home/user/.m2/repository/com/thoughtworks/paranamer/paranamer/2.3/paranamer-2.3.jar:/home/user/.m2/repository/org/xerial/snappy/snappy-java/1.0.5/snappy-java-1.0.5.jar:/home/user/.m2/repository/com/google/re2j/re2j/1.1/re2j-1.1.jar:/home/user/.m2/repository/com/google/code/gson/gson/2.2.4/gson-2.2.4.jar:/home/user/.m2/repository/com/jcraft/jsch/0.1.54/jsch-0.1.54.jar:/home/user/.m2/repository/org/apache/curator/curator-client/2.12.0/curator-client-2.12.0.jar:/home/user/.m2/repository/org/apache/curator/curator-recipes/2.12.0/curator-recipes-2.12.0.jar:/home/user/.m2/repository/com/google/code/findbugs/jsr305/3.0.0/jsr305-3.0.0.jar:/home/user/.m2/repository/org/apache/htrace/htrace-core4/4.1.0-incubating/htrace-core4-4.1.0-incubating.jar:/home/user/.m2/repository/org/apache/zookeeper/zookeeper/3.4.13/zookeeper-3.4.13.jar:/home/user/.m2/repository/jline/jline/0.9.94/jline-0.9.94.jar:/home/user/.m2/repository/org/apache/yetus/audience-annotations/0.5.0/audience-annotations-0.5.0.jar:/home/user/.m2/repository/org/codehaus/woodstox/stax2-api/3.1.4/stax2-api-3.1.4.jar:/home/user/.m2/repository/com/fasterxml/woodstox/woodstox-core/5.0.3/woodstox-core-5.0.3.jar:/home/user/.m2/repository/dnsjava/dnsjava/2.1.7/dnsjava-2.1.7.jar:/home/user/.m2/repository/org/apache/hadoop/hadoop-hdfs/3.2.0/hadoop-hdfs-3.2.0-tests.jar:/home/user/.m2/repository/org/eclipse/jetty/jetty-util-ajax/9.3.25.v20180904/jetty-util-ajax-9.3.25.v20180904.jar:/home/user/.m2/repository/commons-daemon/commons-daemon/1.0.13/commons-daemon-1.0.13.jar:/home/user/.m2/repository/io/netty/netty/3.10.5.Final/netty-3.10.5.Final.jar:/home/user/.m2/repository/io/netty/netty-all/4.0.52.Final/netty-all-4.0.52.Final.jar:/home/user/.m2/repository/org/fusesource/leveldbjni/leveldbjni-all/1.8/leveldbjni-all-1.8.jar:"/>
    <property name="java.vm.vendor" value="IcedTea"/>
    <property name="sun.arch.data.model" value="64"/>
    <property name="test.build.dir" value="/workdir/hadoop-ozone/integration-test/target/test-dir"/>
    <property name="test.cache.data" value=""/>
    <property name="java.vendor.url" value="https://icedtea.classpath.org"/>
    <property name="user.timezone" value=""/>
    <property name="java.vm.specification.version" value="1.8"/>
    <property name="os.name" value="Linux"/>
    <property name="test.build.data" value="/workdir/hadoop-ozone/integration-test/target/test-dir"/>
    <property name="user.country" value="US"/>
    <property name="sun.java.launcher" value="SUN_STANDARD"/>
    <property name="sun.boot.library.path" value="/usr/lib/jvm/java-1.8-openjdk/jre/lib/amd64"/>
    <property name="sun.java.command" value="/workdir/hadoop-ozone/integration-test/target/surefire/surefirebooter5964703665981671876.jar /workdir/hadoop-ozone/integration-test/target/surefire 2019-09-25T03-07-58_965-jvmRun1 surefire1836529717212968755tmp surefire_559018719368928745308tmp"/>
    <property name="test" value="!TestMiniChaosOzoneCluster"/>
    <property name="surefire.test.class.path" value="/workdir/hadoop-ozone/integration-test/target/test-classes:/workdir/hadoop-ozone/integration-test/target/classes:/home/user/.m2/repository/org/apache/hadoop/hadoop-ozone-common/0.5.0-SNAPSHOT/hadoop-ozone-common-0.5.0-SNAPSHOT.jar:/home/user/.m2/repository/org/apache/commons/commons-compress/1.4.1/commons-compress-1.4.1.jar:/home/user/.m2/repository/org/tukaani/xz/1.0/xz-1.0.jar:/home/user/.m2/repository/org/apache/hadoop/hadoop-common/3.2.0/hadoop-common-3.2.0.jar:/home/user/.m2/repository/org/apache/hadoop/hadoop-hdfs/3.2.0/hadoop-hdfs-3.2.0.jar:/home/user/.m2/repository/org/apache/hadoop/hadoop-hdfs-client/3.2.0/hadoop-hdfs-client-3.2.0.jar:/home/user/.m2/repository/com/fasterxml/jackson/core/jackson-annotations/2.9.9/jackson-annotations-2.9.9.jar:/home/user/.m2/repository/org/apache/hadoop/hadoop-hdds-common/0.5.0-SNAPSHOT/hadoop-hdds-common-0.5.0-SNAPSHOT.jar:/home/user/.m2/repository/javax/annotation/javax.annotation-api/1.2/javax.annotation-api-1.2.jar:/home/user/.m2/repository/org/apache/ratis/ratis-server/0.4.0/ratis-server-0.4.0.jar:/home/user/.m2/repository/org/apache/ratis/ratis-thirdparty-misc/0.2.0/ratis-thirdparty-misc-0.2.0.jar:/home/user/.m2/repository/org/apache/ratis/ratis-proto/0.4.0/ratis-proto-0.4.0.jar:/home/user/.m2/repository/org/apache/ratis/ratis-common/0.4.0/ratis-common-0.4.0.jar:/home/user/.m2/repository/org/apache/ratis/ratis-client/0.4.0/ratis-client-0.4.0.jar:/home/user/.m2/repository/org/apache/ratis/ratis-metrics/0.4.0/ratis-metrics-0.4.0.jar:/home/user/.m2/repository/com/github/joshelser/dropwizard-metrics-hadoop-metrics2-reporter/0.1.2/dropwizard-metrics-hadoop-metrics2-reporter-0.1.2.jar:/home/user/.m2/repository/io/dropwizard/metrics/metrics-jvm/3.2.5/metrics-jvm-3.2.5.jar:/home/user/.m2/repository/io/dropwizard/metrics/metrics-ganglia/3.2.5/metrics-ganglia-3.2.5.jar:/home/user/.m2/repository/info/ganglia/gmetric4j/gmetric4j/1.0.7/gmetric4j-1.0.7.jar:/home/user/.m2/repository/org/apache/ratis/ratis-netty/0.4.0/ratis-netty-0.4.0.jar:/home/user/.m2/repository/org/apache/ratis/ratis-grpc/0.4.0/ratis-grpc-0.4.0.jar:/home/user/.m2/repository/org/rocksdb/rocksdbjni/6.0.1/rocksdbjni-6.0.1.jar:/home/user/.m2/repository/org/apache/logging/log4j/log4j-api/2.11.0/log4j-api-2.11.0.jar:/home/user/.m2/repository/org/apache/logging/log4j/log4j-core/2.11.0/log4j-core-2.11.0.jar:/home/user/.m2/repository/com/lmax/disruptor/3.4.2/disruptor-3.4.2.jar:/home/user/.m2/repository/org/apache/commons/commons-pool2/2.6.0/commons-pool2-2.6.0.jar:/home/user/.m2/repository/org/bouncycastle/bcpkix-jdk15on/1.60/bcpkix-jdk15on-1.60.jar:/home/user/.m2/repository/commons-validator/commons-validator/1.6/commons-validator-1.6.jar:/home/user/.m2/repository/commons-digester/commons-digester/1.8.1/commons-digester-1.8.1.jar:/home/user/.m2/repository/io/jaegertracing/jaeger-client/0.34.0/jaeger-client-0.34.0.jar:/home/user/.m2/repository/io/jaegertracing/jaeger-thrift/0.34.0/jaeger-thrift-0.34.0.jar:/home/user/.m2/repository/org/apache/thrift/libthrift/0.12.0/libthrift-0.12.0.jar:/home/user/.m2/repository/com/squareup/okhttp3/okhttp/3.9.0/okhttp-3.9.0.jar:/home/user/.m2/repository/com/squareup/okio/okio/1.13.0/okio-1.13.0.jar:/home/user/.m2/repository/io/jaegertracing/jaeger-core/0.34.0/jaeger-core-0.34.0.jar:/home/user/.m2/repository/io/jaegertracing/jaeger-tracerresolver/0.34.0/jaeger-tracerresolver-0.34.0.jar:/home/user/.m2/repository/io/opentracing/contrib/opentracing-tracerresolver/0.1.5/opentracing-tracerresolver-0.1.5.jar:/home/user/.m2/repository/io/opentracing/opentracing-util/0.31.0/opentracing-util-0.31.0.jar:/home/user/.m2/repository/io/opentracing/opentracing-api/0.31.0/opentracing-api-0.31.0.jar:/home/user/.m2/repository/io/opentracing/opentracing-noop/0.31.0/opentracing-noop-0.31.0.jar:/home/user/.m2/repository/org/apache/hadoop/hadoop-hdds-server-framework/0.5.0-SNAPSHOT/hadoop-hdds-server-framework-0.5.0-SNAPSHOT.jar:/home/user/.m2/repository/org/apache/hadoop/hadoop-hdds-container-service/0.5.0-SNAPSHOT/hadoop-hdds-container-service-0.5.0-SNAPSHOT.jar:/home/user/.m2/repository/org/apache/hadoop/hadoop-hdds-client/0.5.0-SNAPSHOT/hadoop-hdds-client-0.5.0-SNAPSHOT.jar:/home/user/.m2/repository/org/apache/hadoop/hadoop-hdds-tools/0.5.0-SNAPSHOT/hadoop-hdds-tools-0.5.0-SNAPSHOT.jar:/home/user/.m2/repository/org/apache/hadoop/hadoop-hdds-server-scm/0.5.0-SNAPSHOT/hadoop-hdds-server-scm-0.5.0-SNAPSHOT.jar:/home/user/.m2/repository/org/apache/hadoop/hadoop-hdds-docs/0.5.0-SNAPSHOT/hadoop-hdds-docs-0.5.0-SNAPSHOT.jar:/home/user/.m2/repository/io/dropwizard/metrics/metrics-core/3.2.4/metrics-core-3.2.4.jar:/home/user/.m2/repository/org/hamcrest/hamcrest-all/1.3/hamcrest-all-1.3.jar:/home/user/.m2/repository/org/bouncycastle/bcprov-jdk15on/1.60/bcprov-jdk15on-1.60.jar:/home/user/.m2/repository/info/picocli/picocli/3.9.6/picocli-3.9.6.jar:/home/user/.m2/repository/com/google/protobuf/protobuf-java/2.5.0/protobuf-java-2.5.0.jar:/home/user/.m2/repository/com/google/guava/guava/11.0.2/guava-11.0.2.jar:/home/user/.m2/repository/org/apache/hadoop/hadoop-ozone-ozone-manager/0.5.0-SNAPSHOT/hadoop-ozone-ozone-manager-0.5.0-SNAPSHOT.jar:/home/user/.m2/repository/org/apache/hadoop/hadoop-minikdc/3.2.0/hadoop-minikdc-3.2.0.jar:/home/user/.m2/repository/commons-io/commons-io/2.5/commons-io-2.5.jar:/home/user/.m2/repository/org/apache/kerby/kerb-simplekdc/1.0.1/kerb-simplekdc-1.0.1.jar:/home/user/.m2/repository/org/apache/kerby/kerb-client/1.0.1/kerb-client-1.0.1.jar:/home/user/.m2/repository/org/apache/kerby/kerby-config/1.0.1/kerby-config-1.0.1.jar:/home/user/.m2/repository/org/apache/kerby/kerb-core/1.0.1/kerb-core-1.0.1.jar:/home/user/.m2/repository/org/apache/kerby/kerby-pkix/1.0.1/kerby-pkix-1.0.1.jar:/home/user/.m2/repository/org/apache/kerby/kerby-asn1/1.0.1/kerby-asn1-1.0.1.jar:/home/user/.m2/repository/org/apache/kerby/kerby-util/1.0.1/kerby-util-1.0.1.jar:/home/user/.m2/repository/org/apache/kerby/kerb-common/1.0.1/kerb-common-1.0.1.jar:/home/user/.m2/repository/org/apache/kerby/kerb-crypto/1.0.1/kerb-crypto-1.0.1.jar:/home/user/.m2/repository/org/apache/kerby/kerb-util/1.0.1/kerb-util-1.0.1.jar:/home/user/.m2/repository/org/apache/kerby/token-provider/1.0.1/token-provider-1.0.1.jar:/home/user/.m2/repository/org/apache/kerby/kerb-admin/1.0.1/kerb-admin-1.0.1.jar:/home/user/.m2/repository/org/apache/kerby/kerb-server/1.0.1/kerb-server-1.0.1.jar:/home/user/.m2/repository/org/apache/kerby/kerb-identity/1.0.1/kerb-identity-1.0.1.jar:/home/user/.m2/repository/org/apache/kerby/kerby-xdr/1.0.1/kerby-xdr-1.0.1.jar:/home/user/.m2/repository/org/slf4j/slf4j-log4j12/1.7.25/slf4j-log4j12-1.7.25.jar:/home/user/.m2/repository/org/apache/hadoop/hadoop-ozone-s3gateway/0.5.0-SNAPSHOT/hadoop-ozone-s3gateway-0.5.0-SNAPSHOT.jar:/home/user/.m2/repository/org/jboss/weld/servlet/weld-servlet/2.4.7.Final/weld-servlet-2.4.7.Final.jar:/home/user/.m2/repository/org/glassfish/jersey/containers/jersey-container-servlet-core/2.27/jersey-container-servlet-core-2.27.jar:/home/user/.m2/repository/org/glassfish/hk2/external/javax.inject/2.5.0-b42/javax.inject-2.5.0-b42.jar:/home/user/.m2/repository/org/glassfish/jersey/core/jersey-common/2.27/jersey-common-2.27.jar:/home/user/.m2/repository/org/glassfish/hk2/osgi-resource-locator/1.0.1/osgi-resource-locator-1.0.1.jar:/home/user/.m2/repository/javax/ws/rs/javax.ws.rs-api/2.1/javax.ws.rs-api-2.1.jar:/home/user/.m2/repository/org/glassfish/jersey/ext/cdi/jersey-cdi1x/2.27/jersey-cdi1x-2.27.jar:/home/user/.m2/repository/org/glassfish/jersey/inject/jersey-hk2/2.27/jersey-hk2-2.27.jar:/home/user/.m2/repository/org/glassfish/hk2/hk2-locator/2.5.0-b42/hk2-locator-2.5.0-b42.jar:/home/user/.m2/repository/org/javassist/javassist/3.22.0-CR2/javassist-3.22.0-CR2.jar:/home/user/.m2/repository/org/glassfish/hk2/hk2-api/2.5.0/hk2-api-2.5.0.jar:/home/user/.m2/repository/org/glassfish/hk2/external/jakarta.inject/2.5.0/jakarta.inject-2.5.0.jar:/home/user/.m2/repository/org/glassfish/hk2/hk2-utils/2.5.0/hk2-utils-2.5.0.jar:/home/user/.m2/repository/jakarta/annotation/jakarta.annotation-api/1.3.4/jakarta.annotation-api-1.3.4.jar:/home/user/.m2/repository/org/glassfish/hk2/external/aopalliance-repackaged/2.5.0/aopalliance-repackaged-2.5.0.jar:/home/user/.m2/repository/com/fasterxml/jackson/dataformat/jackson-dataformat-xml/2.9.0/jackson-dataformat-xml-2.9.0.jar:/home/user/.m2/repository/com/fasterxml/jackson/core/jackson-core/2.9.9/jackson-core-2.9.9.jar:/home/user/.m2/repository/com/fasterxml/jackson/module/jackson-module-jaxb-annotations/2.9.9/jackson-module-jaxb-annotations-2.9.9.jar:/home/user/.m2/repository/javax/enterprise/cdi-api/1.2/cdi-api-1.2.jar:/home/user/.m2/repository/javax/el/javax.el-api/3.0.0/javax.el-api-3.0.0.jar:/home/user/.m2/repository/javax/interceptor/javax.interceptor-api/1.2/javax.interceptor-api-1.2.jar:/home/user/.m2/repository/javax/inject/javax.inject/1/javax.inject-1.jar:/home/user/.m2/repository/com/sun/xml/bind/jaxb-impl/2.3.0.1/jaxb-impl-2.3.0.1.jar:/home/user/.m2/repository/com/sun/xml/bind/jaxb-core/2.3.0.1/jaxb-core-2.3.0.1.jar:/home/user/.m2/repository/javax/xml/bind/jaxb-api/2.3.0/jaxb-api-2.3.0.jar:/home/user/.m2/repository/javax/activation/activation/1.1.1/activation-1.1.1.jar:/home/user/.m2/repository/org/apache/hadoop/hadoop-ozone-csi/0.5.0-SNAPSHOT/hadoop-ozone-csi-0.5.0-SNAPSHOT.jar:/home/user/.m2/repository/com/google/protobuf/protobuf-java-util/3.5.1/protobuf-java-util-3.5.1.jar:/home/user/.m2/repository/org/apache/hadoop/hadoop-hdds-config/0.5.0-SNAPSHOT/hadoop-hdds-config-0.5.0-SNAPSHOT.jar:/home/user/.m2/repository/io/grpc/grpc-netty/1.17.1/grpc-netty-1.17.1.jar:/home/user/.m2/repository/io/grpc/grpc-core/1.17.1/grpc-core-1.17.1.jar:/home/user/.m2/repository/io/grpc/grpc-context/1.17.1/grpc-context-1.17.1.jar:/home/user/.m2/repository/com/google/errorprone/error_prone_annotations/2.2.0/error_prone_annotations-2.2.0.jar:/home/user/.m2/repository/org/codehaus/mojo/animal-sniffer-annotations/1.17/animal-sniffer-annotations-1.17.jar:/home/user/.m2/repository/io/opencensus/opencensus-api/0.17.0/opencensus-api-0.17.0.jar:/home/user/.m2/repository/io/opencensus/opencensus-contrib-grpc-metrics/0.17.0/opencensus-contrib-grpc-metrics-0.17.0.jar:/home/user/.m2/repository/io/netty/netty-codec-http2/4.1.30.Final/netty-codec-http2-4.1.30.Final.jar:/home/user/.m2/repository/io/netty/netty-codec-http/4.1.30.Final/netty-codec-http-4.1.30.Final.jar:/home/user/.m2/repository/io/netty/netty-codec/4.1.30.Final/netty-codec-4.1.30.Final.jar:/home/user/.m2/repository/io/netty/netty-handler/4.1.30.Final/netty-handler-4.1.30.Final.jar:/home/user/.m2/repository/io/netty/netty-handler-proxy/4.1.30.Final/netty-handler-proxy-4.1.30.Final.jar:/home/user/.m2/repository/io/netty/netty-codec-socks/4.1.30.Final/netty-codec-socks-4.1.30.Final.jar:/home/user/.m2/repository/io/netty/netty-transport-native-epoll/4.1.30.Final/netty-transport-native-epoll-4.1.30.Final.jar:/home/user/.m2/repository/io/netty/netty-common/4.1.30.Final/netty-common-4.1.30.Final.jar:/home/user/.m2/repository/io/netty/netty-buffer/4.1.30.Final/netty-buffer-4.1.30.Final.jar:/home/user/.m2/repository/io/netty/netty-transport/4.1.30.Final/netty-transport-4.1.30.Final.jar:/home/user/.m2/repository/io/netty/netty-resolver/4.1.30.Final/netty-resolver-4.1.30.Final.jar:/home/user/.m2/repository/io/netty/netty-transport-native-unix-common/4.1.30.Final/netty-transport-native-unix-common-4.1.30.Final.jar:/home/user/.m2/repository/io/grpc/grpc-protobuf/1.17.1/grpc-protobuf-1.17.1.jar:/home/user/.m2/repository/com/google/api/grpc/proto-google-common-protos/1.0.0/proto-google-common-protos-1.0.0.jar:/home/user/.m2/repository/io/grpc/grpc-protobuf-lite/1.17.1/grpc-protobuf-lite-1.17.1.jar:/home/user/.m2/repository/io/grpc/grpc-stub/1.17.1/grpc-stub-1.17.1.jar:/home/user/.m2/repository/org/apache/hadoop/hadoop-ozone-recon/0.5.0-SNAPSHOT/hadoop-ozone-recon-0.5.0-SNAPSHOT.jar:/home/user/.m2/repository/org/apache/hadoop/hadoop-ozone-reconcodegen/0.5.0-SNAPSHOT/hadoop-ozone-reconcodegen-0.5.0-SNAPSHOT.jar:/home/user/.m2/repository/com/google/inject/extensions/guice-multibindings/4.0/guice-multibindings-4.0.jar:/home/user/.m2/repository/com/google/inject/guice/4.0/guice-4.0.jar:/home/user/.m2/repository/aopalliance/aopalliance/1.0/aopalliance-1.0.jar:/home/user/.m2/repository/com/google/inject/extensions/guice-servlet/4.0/guice-servlet-4.0.jar:/home/user/.m2/repository/org/glassfish/jersey/containers/jersey-container-servlet/2.27/jersey-container-servlet-2.27.jar:/home/user/.m2/repository/org/glassfish/hk2/guice-bridge/2.5.0/guice-bridge-2.5.0.jar:/home/user/.m2/repository/org/glassfish/jersey/core/jersey-server/2.27/jersey-server-2.27.jar:/home/user/.m2/repository/org/glassfish/jersey/core/jersey-client/2.27/jersey-client-2.27.jar:/home/user/.m2/repository/org/glassfish/jersey/media/jersey-media-jaxb/2.27/jersey-media-jaxb-2.27.jar:/home/user/.m2/repository/javax/validation/validation-api/1.1.0.Final/validation-api-1.1.0.Final.jar:/home/user/.m2/repository/org/glassfish/jersey/media/jersey-media-json-jackson/2.27/jersey-media-json-jackson-2.27.jar:/home/user/.m2/repository/org/glassfish/jersey/ext/jersey-entity-filtering/2.27/jersey-entity-filtering-2.27.jar:/home/user/.m2/repository/com/google/inject/extensions/guice-assistedinject/4.0/guice-assistedinject-4.0.jar:/home/user/.m2/repository/org/jooq/jooq/3.11.10/jooq-3.11.10.jar:/home/user/.m2/repository/org/jooq/jooq-meta/3.11.10/jooq-meta-3.11.10.jar:/home/user/.m2/repository/org/jooq/jooq-codegen/3.11.10/jooq-codegen-3.11.10.jar:/home/user/.m2/repository/com/jolbox/bonecp/0.8.0.RELEASE/bonecp-0.8.0.RELEASE.jar:/home/user/.m2/repository/org/xerial/sqlite-jdbc/3.25.2/sqlite-jdbc-3.25.2.jar:/home/user/.m2/repository/org/springframework/spring-jdbc/5.1.3.RELEASE/spring-jdbc-5.1.3.RELEASE.jar:/home/user/.m2/repository/org/springframework/spring-beans/5.1.3.RELEASE/spring-beans-5.1.3.RELEASE.jar:/home/user/.m2/repository/org/springframework/spring-core/5.1.3.RELEASE/spring-core-5.1.3.RELEASE.jar:/home/user/.m2/repository/org/springframework/spring-jcl/5.1.3.RELEASE/spring-jcl-5.1.3.RELEASE.jar:/home/user/.m2/repository/org/springframework/spring-tx/5.1.3.RELEASE/spring-tx-5.1.3.RELEASE.jar:/home/user/.m2/repository/org/apache/hadoop/hadoop-ozone-client/0.5.0-SNAPSHOT/hadoop-ozone-client-0.5.0-SNAPSHOT.jar:/home/user/.m2/repository/commons-lang/commons-lang/2.6/commons-lang-2.6.jar:/home/user/.m2/repository/org/apache/hadoop/hadoop-ozone-ozone-manager/0.5.0-SNAPSHOT/hadoop-ozone-ozone-manager-0.5.0-SNAPSHOT-tests.jar:/home/user/.m2/repository/junit/junit/4.11/junit-4.11.jar:/home/user/.m2/repository/org/hamcrest/hamcrest-core/1.3/hamcrest-core-1.3.jar:/home/user/.m2/repository/org/openjdk/jmh/jmh-core/1.19/jmh-core-1.19.jar:/home/user/.m2/repository/net/sf/jopt-simple/jopt-simple/4.6/jopt-simple-4.6.jar:/home/user/.m2/repository/org/apache/commons/commons-math3/3.1.1/commons-math3-3.1.1.jar:/home/user/.m2/repository/org/openjdk/jmh/jmh-generator-annprocess/1.19/jmh-generator-annprocess-1.19.jar:/home/user/.m2/repository/org/mockito/mockito-all/1.8.5/mockito-all-1.8.5.jar:/home/user/.m2/repository/org/apache/hadoop/hadoop-kms/3.2.0/hadoop-kms-3.2.0.jar:/home/user/.m2/repository/org/apache/hadoop/hadoop-auth/3.2.0/hadoop-auth-3.2.0.jar:/home/user/.m2/repository/com/nimbusds/nimbus-jose-jwt/4.41.1/nimbus-jose-jwt-4.41.1.jar:/home/user/.m2/repository/com/github/stephenc/jcip/jcip-annotations/1.0-1/jcip-annotations-1.0-1.jar:/home/user/.m2/repository/net/minidev/json-smart/2.3/json-smart-2.3.jar:/home/user/.m2/repository/net/minidev/accessors-smart/1.2/accessors-smart-1.2.jar:/home/user/.m2/repository/org/ow2/asm/asm/5.0.4/asm-5.0.4.jar:/home/user/.m2/repository/org/apache/curator/curator-framework/2.12.0/curator-framework-2.12.0.jar:/home/user/.m2/repository/com/sun/jersey/jersey-core/1.19/jersey-core-1.19.jar:/home/user/.m2/repository/javax/ws/rs/jsr311-api/1.1.1/jsr311-api-1.1.1.jar:/home/user/.m2/repository/com/sun/jersey/jersey-server/1.19/jersey-server-1.19.jar:/home/user/.m2/repository/javax/servlet/javax.servlet-api/3.1.0/javax.servlet-api-3.1.0.jar:/home/user/.m2/repository/org/eclipse/jetty/jetty-server/9.3.25.v20180904/jetty-server-9.3.25.v20180904.jar:/home/user/.m2/repository/org/eclipse/jetty/jetty-http/9.3.25.v20180904/jetty-http-9.3.25.v20180904.jar:/home/user/.m2/repository/org/eclipse/jetty/jetty-io/9.3.25.v20180904/jetty-io-9.3.25.v20180904.jar:/home/user/.m2/repository/org/eclipse/jetty/jetty-webapp/9.3.25.v20180904/jetty-webapp-9.3.25.v20180904.jar:/home/user/.m2/repository/org/eclipse/jetty/jetty-xml/9.3.25.v20180904/jetty-xml-9.3.25.v20180904.jar:/home/user/.m2/repository/log4j/log4j/1.2.17/log4j-1.2.17.jar:/home/user/.m2/repository/org/slf4j/slf4j-api/1.7.25/slf4j-api-1.7.25.jar:/home/user/.m2/repository/org/slf4j/jul-to-slf4j/1.7.25/jul-to-slf4j-1.7.25.jar:/home/user/.m2/repository/org/eclipse/jetty/jetty-util/9.3.25.v20180904/jetty-util-9.3.25.v20180904.jar:/home/user/.m2/repository/com/fasterxml/jackson/core/jackson-databind/2.9.9/jackson-databind-2.9.9.jar:/home/user/.m2/repository/org/apache/hadoop/hadoop-kms/3.2.0/hadoop-kms-3.2.0-tests.jar:/home/user/.m2/repository/org/apache/hadoop/hadoop-hdds-server-scm/0.5.0-SNAPSHOT/hadoop-hdds-server-scm-0.5.0-SNAPSHOT-tests.jar:/home/user/.m2/repository/org/apache/hadoop/hadoop-hdds-container-service/0.5.0-SNAPSHOT/hadoop-hdds-container-service-0.5.0-SNAPSHOT-tests.jar:/home/user/.m2/repository/org/yaml/snakeyaml/1.16/snakeyaml-1.16.jar:/home/user/.m2/repository/org/apache/hadoop/hadoop-common/3.2.0/hadoop-common-3.2.0-tests.jar:/home/user/.m2/repository/org/apache/hadoop/hadoop-annotations/3.2.0/hadoop-annotations-3.2.0.jar:/usr/lib/jvm/java-1.8-openjdk/jre/../lib/tools.jar:/home/user/.m2/repository/commons-cli/commons-cli/1.2/commons-cli-1.2.jar:/home/user/.m2/repository/org/apache/httpcomponents/httpclient/4.5.2/httpclient-4.5.2.jar:/home/user/.m2/repository/org/apache/httpcomponents/httpcore/4.4.4/httpcore-4.4.4.jar:/home/user/.m2/repository/commons-codec/commons-codec/1.11/commons-codec-1.11.jar:/home/user/.m2/repository/commons-net/commons-net/3.6/commons-net-3.6.jar:/home/user/.m2/repository/commons-collections/commons-collections/3.2.2/commons-collections-3.2.2.jar:/home/user/.m2/repository/org/eclipse/jetty/jetty-servlet/9.3.25.v20180904/jetty-servlet-9.3.25.v20180904.jar:/home/user/.m2/repository/org/eclipse/jetty/jetty-security/9.3.25.v20180904/jetty-security-9.3.25.v20180904.jar:/home/user/.m2/repository/javax/servlet/jsp/jsp-api/2.1/jsp-api-2.1.jar:/home/user/.m2/repository/com/sun/jersey/jersey-servlet/1.19/jersey-servlet-1.19.jar:/home/user/.m2/repository/com/sun/jersey/jersey-json/1.19/jersey-json-1.19.jar:/home/user/.m2/repository/org/codehaus/jettison/jettison/1.1/jettison-1.1.jar:/home/user/.m2/repository/org/codehaus/jackson/jackson-core-asl/1.9.13/jackson-core-asl-1.9.13.jar:/home/user/.m2/repository/org/codehaus/jackson/jackson-mapper-asl/1.9.13/jackson-mapper-asl-1.9.13.jar:/home/user/.m2/repository/org/codehaus/jackson/jackson-jaxrs/1.9.13/jackson-jaxrs-1.9.13.jar:/home/user/.m2/repository/org/codehaus/jackson/jackson-xc/1.9.13/jackson-xc-1.9.13.jar:/home/user/.m2/repository/commons-logging/commons-logging/1.1.3/commons-logging-1.1.3.jar:/home/user/.m2/repository/commons-beanutils/commons-beanutils/1.9.4/commons-beanutils-1.9.4.jar:/home/user/.m2/repository/org/apache/commons/commons-configuration2/2.1.1/commons-configuration2-2.1.1.jar:/home/user/.m2/repository/org/apache/commons/commons-lang3/3.7/commons-lang3-3.7.jar:/home/user/.m2/repository/org/apache/commons/commons-text/1.4/commons-text-1.4.jar:/home/user/.m2/repository/org/apache/avro/avro/1.7.7/avro-1.7.7.jar:/home/user/.m2/repository/com/thoughtworks/paranamer/paranamer/2.3/paranamer-2.3.jar:/home/user/.m2/repository/org/xerial/snappy/snappy-java/1.0.5/snappy-java-1.0.5.jar:/home/user/.m2/repository/com/google/re2j/re2j/1.1/re2j-1.1.jar:/home/user/.m2/repository/com/google/code/gson/gson/2.2.4/gson-2.2.4.jar:/home/user/.m2/repository/com/jcraft/jsch/0.1.54/jsch-0.1.54.jar:/home/user/.m2/repository/org/apache/curator/curator-client/2.12.0/curator-client-2.12.0.jar:/home/user/.m2/repository/org/apache/curator/curator-recipes/2.12.0/curator-recipes-2.12.0.jar:/home/user/.m2/repository/com/google/code/findbugs/jsr305/3.0.0/jsr305-3.0.0.jar:/home/user/.m2/repository/org/apache/htrace/htrace-core4/4.1.0-incubating/htrace-core4-4.1.0-incubating.jar:/home/user/.m2/repository/org/apache/zookeeper/zookeeper/3.4.13/zookeeper-3.4.13.jar:/home/user/.m2/repository/jline/jline/0.9.94/jline-0.9.94.jar:/home/user/.m2/repository/org/apache/yetus/audience-annotations/0.5.0/audience-annotations-0.5.0.jar:/home/user/.m2/repository/org/codehaus/woodstox/stax2-api/3.1.4/stax2-api-3.1.4.jar:/home/user/.m2/repository/com/fasterxml/woodstox/woodstox-core/5.0.3/woodstox-core-5.0.3.jar:/home/user/.m2/repository/dnsjava/dnsjava/2.1.7/dnsjava-2.1.7.jar:/home/user/.m2/repository/org/apache/hadoop/hadoop-hdfs/3.2.0/hadoop-hdfs-3.2.0-tests.jar:/home/user/.m2/repository/org/eclipse/jetty/jetty-util-ajax/9.3.25.v20180904/jetty-util-ajax-9.3.25.v20180904.jar:/home/user/.m2/repository/commons-daemon/commons-daemon/1.0.13/commons-daemon-1.0.13.jar:/home/user/.m2/repository/io/netty/netty/3.10.5.Final/netty-3.10.5.Final.jar:/home/user/.m2/repository/io/netty/netty-all/4.0.52.Final/netty-all-4.0.52.Final.jar:/home/user/.m2/repository/org/fusesource/leveldbjni/leveldbjni-all/1.8/leveldbjni-all-1.8.jar:"/>
    <property name="sun.cpu.endian" value="little"/>
    <property name="user.home" value="/home/user"/>
    <property name="user.language" value="en"/>
    <property name="java.specification.vendor" value="Oracle Corporation"/>
    <property name="java.home" value="/usr/lib/jvm/java-1.8-openjdk/jre"/>
    <property name="java.security.krb5.conf" value="/workdir/hadoop-ozone/integration-test/target/test-classes/krb5.conf"/>
    <property name="basedir" value="/workdir/hadoop-ozone/integration-test"/>
    <property name="file.separator" value="/"/>
    <property name="line.separator" value="&#10;"/>
    <property name="java.vm.specification.vendor" value="Oracle Corporation"/>
    <property name="java.specification.name" value="Java Platform API Specification"/>
    <property name="java.awt.graphicsenv" value="sun.awt.X11GraphicsEnvironment"/>
    <property name="surefire.real.class.path" value="/workdir/hadoop-ozone/integration-test/target/surefire/surefirebooter5964703665981671876.jar"/>
    <property name="hadoop.log.dir" value="/workdir/hadoop-ozone/integration-test/target/log"/>
    <property name="sun.boot.class.path" value="/usr/lib/jvm/java-1.8-openjdk/jre/lib/resources.jar:/usr/lib/jvm/java-1.8-openjdk/jre/lib/rt.jar:/usr/lib/jvm/java-1.8-openjdk/jre/lib/sunrsasign.jar:/usr/lib/jvm/java-1.8-openjdk/jre/lib/jsse.jar:/usr/lib/jvm/java-1.8-openjdk/jre/lib/jce.jar:/usr/lib/jvm/java-1.8-openjdk/jre/lib/charsets.jar:/usr/lib/jvm/java-1.8-openjdk/jre/lib/jfr.jar:/usr/lib/jvm/java-1.8-openjdk/jre/classes"/>
    <property name="sun.management.compiler" value="HotSpot 64-Bit Tiered Compilers"/>
    <property name="java.runtime.version" value="1.8.0_212-b04"/>
    <property name="java.net.preferIPv4Stack" value="true"/>
    <property name="user.name" value="jenkins1000"/>
    <property name="path.separator" value=":"/>
    <property name="java.security.egd" value="file:///dev/urandom"/>
    <property name="os.version" value="3.10.0-957.12.2.el7.x86_64"/>
    <property name="java.endorsed.dirs" value="/usr/lib/jvm/java-1.8-openjdk/jre/lib/endorsed"/>
    <property name="java.runtime.name" value="OpenJDK Runtime Environment"/>
    <property name="file.encoding" value="UTF-8"/>
    <property name="java.vm.name" value="OpenJDK 64-Bit Server VM"/>
    <property name="test.build.webapps" value=""/>
    <property name="localRepository" value="/home/user/.m2/repository"/>
    <property name="java.vendor.url.bug" value="https://icedtea.classpath.org/bugzilla"/>
    <property name="java.io.tmpdir" value="/tmp"/>
    <property name="require.test.libhadoop" value=""/>
    <property name="java.version" value="1.8.0_212"/>
    <property name="user.dir" value="/workdir/hadoop-ozone/integration-test"/>
    <property name="os.arch" value="amd64"/>
    <property name="java.vm.specification.name" value="Java Virtual Machine Specification"/>
    <property name="test.build.classes" value="/workdir/hadoop-ozone/integration-test/target/test-classes"/>
    <property name="java.awt.printerjob" value="sun.print.PSPrinterJob"/>
    <property name="sun.os.patch.level" value="unknown"/>
    <property name="hadoop.tmp.dir" value="/workdir/hadoop-ozone/integration-test/target/tmp"/>
    <property name="java.library.path" value="/usr/lib/jvm/java-1.8-openjdk/jre/lib/amd64/server:/usr/lib/jvm/java-1.8-openjdk/jre/lib/amd64:/usr/lib/jvm/java-1.8-openjdk/jre/../lib/amd64:/workdir/hadoop-ozone/integration-test/target/native/target/usr/local/lib:/workdir/hadoop-ozone/integration-test/../../hadoop-common-project/hadoop-common/target/native/target/usr/local/lib:/usr/java/packages/lib/amd64:/usr/lib64:/lib64:/lib:/usr/lib"/>
    <property name="java.vm.info" value="mixed mode"/>
    <property name="java.vendor" value="IcedTea"/>
    <property name="java.vm.version" value="25.212-b04"/>
    <property name="java.ext.dirs" value="/usr/lib/jvm/java-1.8-openjdk/jre/lib/ext:/usr/java/packages/lib/ext"/>
    <property name="sun.io.unicode.encoding" value="UnicodeLittle"/>
    <property name="java.class.version" value="52.0"/>
  </properties>
  <testcase name="test2DatanodesFailure" classname="org.apache.hadoop.ozone.client.rpc.TestBlockOutputStreamWithFailures" time="33.623">
    <error message="Allocated 0 blocks. Requested 1 blocks" type="INTERNAL_ERROR org.apache.hadoop.ozone.om.exceptions.OMException">INTERNAL_ERROR org.apache.hadoop.ozone.om.exceptions.OMException: Allocated 0 blocks. Requested 1 blocks
	at org.apache.hadoop.ozone.om.protocolPB.OzoneManagerProtocolClientSideTranslatorPB.handleError(OzoneManagerProtocolClientSideTranslatorPB.java:732)
	at org.apache.hadoop.ozone.om.protocolPB.OzoneManagerProtocolClientSideTranslatorPB.openKey(OzoneManagerProtocolClientSideTranslatorPB.java:723)
	at sun.reflect.NativeMethodAccessorImpl.invoke0(Native Method)
	at sun.reflect.NativeMethodAccessorImpl.invoke(NativeMethodAccessorImpl.java:62)
	at sun.reflect.DelegatingMethodAccessorImpl.invoke(DelegatingMethodAccessorImpl.java:43)
	at java.lang.reflect.Method.invoke(Method.java:498)
	at org.apache.hadoop.hdds.tracing.TraceAllMethod.invoke(TraceAllMethod.java:66)
	at com.sun.proxy.$Proxy37.openKey(Unknown Source)
	at org.apache.hadoop.ozone.client.rpc.RpcClient.createKey(RpcClient.java:614)
	at org.apache.hadoop.ozone.client.OzoneBucket.createKey(OzoneBucket.java:325)
	at org.apache.hadoop.ozone.container.ContainerTestHelper.createKey(ContainerTestHelper.java:704)
	at org.apache.hadoop.ozone.client.rpc.TestBlockOutputStreamWithFailures.createKey(TestBlockOutputStreamWithFailures.java:1210)
	at org.apache.hadoop.ozone.client.rpc.TestBlockOutputStreamWithFailures.createKey(TestBlockOutputStreamWithFailures.java:1204)
	at org.apache.hadoop.ozone.client.rpc.TestBlockOutputStreamWithFailures.test2DatanodesFailure(TestBlockOutputStreamWithFailures.java:410)
	at sun.reflect.NativeMethodAccessorImpl.invoke0(Native Method)
	at sun.reflect.NativeMethodAccessorImpl.invoke(NativeMethodAccessorImpl.java:62)
	at sun.reflect.DelegatingMethodAccessorImpl.invoke(DelegatingMethodAccessorImpl.java:43)
	at java.lang.reflect.Method.invoke(Method.java:498)
	at org.junit.runners.model.FrameworkMethod$1.runReflectiveCall(FrameworkMethod.java:47)
	at org.junit.internal.runners.model.ReflectiveCallable.run(ReflectiveCallable.java:12)
	at org.junit.runners.model.FrameworkMethod.invokeExplosively(FrameworkMethod.java:44)
	at org.junit.internal.runners.statements.InvokeMethod.evaluate(InvokeMethod.java:17)
	at org.junit.internal.runners.statements.RunBefores.evaluate(RunBefores.java:26)
	at org.junit.internal.runners.statements.RunAfters.evaluate(RunAfters.java:27)
	at org.junit.runners.ParentRunner.runLeaf(ParentRunner.java:271)
	at org.junit.runners.BlockJUnit4ClassRunner.runChild(BlockJUnit4ClassRunner.java:70)
	at org.junit.runners.BlockJUnit4ClassRunner.runChild(BlockJUnit4ClassRunner.java:50)
	at org.junit.runners.ParentRunner$3.run(ParentRunner.java:238)
	at org.junit.runners.ParentRunner$1.schedule(ParentRunner.java:63)
	at org.junit.runners.ParentRunner.runChildren(ParentRunner.java:236)
	at org.junit.runners.ParentRunner.access$000(ParentRunner.java:53)
	at org.junit.runners.ParentRunner$2.evaluate(ParentRunner.java:229)
	at org.junit.runners.ParentRunner.run(ParentRunner.java:309)
	at org.apache.maven.surefire.junit4.JUnit4Provider.execute(JUnit4Provider.java:365)
	at org.apache.maven.surefire.junit4.JUnit4Provider.executeWithRerun(JUnit4Provider.java:273)
	at org.apache.maven.surefire.junit4.JUnit4Provider.executeTestSet(JUnit4Provider.java:238)
	at org.apache.maven.surefire.junit4.JUnit4Provider.invoke(JUnit4Provider.java:159)
	at org.apache.maven.surefire.booter.ForkedBooter.invokeProviderInSameClassLoader(ForkedBooter.java:384)
	at org.apache.maven.surefire.booter.ForkedBooter.runSuitesInProcess(ForkedBooter.java:345)
	at org.apache.maven.surefire.booter.ForkedBooter.execute(ForkedBooter.java:126)
	at org.apache.maven.surefire.booter.ForkedBooter.main(ForkedBooter.java:418)
</error>
    <system-out><![CDATA[2019-09-25 05:40:57,933 [main] WARN  server.ServerUtils (ServerUtils.java:getScmDbDir(145)) - ozone.scm.db.dirs is not configured. We recommend adding this setting. Falling back to ozone.metadata.dirs instead.
2019-09-25 05:40:58,040 [main] WARN  server.ServerUtils (ServerUtils.java:getScmDbDir(145)) - ozone.scm.db.dirs is not configured. We recommend adding this setting. Falling back to ozone.metadata.dirs instead.
2019-09-25 05:40:58,043 [main] WARN  server.ServerUtils (ServerUtils.java:getScmDbDir(145)) - ozone.scm.db.dirs is not configured. We recommend adding this setting. Falling back to ozone.metadata.dirs instead.
2019-09-25 05:40:58,062 [main] INFO  util.log (Log.java:initialized(192)) - Logging initialized @899ms
2019-09-25 05:40:58,167 [main] INFO  db.DBStoreBuilder (DBStoreBuilder.java:addTable(110)) - using custom profile for table: deletedBlocks
2019-09-25 05:40:58,168 [main] INFO  db.DBStoreBuilder (DBStoreBuilder.java:processTables(161)) - Using default column profile:DBProfile.DISK for Table:deletedBlocks
2019-09-25 05:40:58,168 [main] INFO  db.DBStoreBuilder (DBStoreBuilder.java:addTable(110)) - using custom profile for table: validCerts
2019-09-25 05:40:58,169 [main] INFO  db.DBStoreBuilder (DBStoreBuilder.java:processTables(161)) - Using default column profile:DBProfile.DISK for Table:validCerts
2019-09-25 05:40:58,169 [main] INFO  db.DBStoreBuilder (DBStoreBuilder.java:addTable(110)) - using custom profile for table: revokedCerts
2019-09-25 05:40:58,170 [main] INFO  db.DBStoreBuilder (DBStoreBuilder.java:processTables(161)) - Using default column profile:DBProfile.DISK for Table:revokedCerts
2019-09-25 05:40:58,186 [main] INFO  db.DBStoreBuilder (DBStoreBuilder.java:addTable(110)) - using custom profile for table: default
2019-09-25 05:40:58,187 [main] INFO  db.DBStoreBuilder (DBStoreBuilder.java:processTables(167)) - Using default column profile:DBProfile.DISK for Table:default
2019-09-25 05:40:58,188 [main] INFO  db.DBStoreBuilder (DBStoreBuilder.java:getDbProfile(198)) - Using default options. DBProfile.DISK
2019-09-25 05:40:58,425 [main] INFO  net.NodeSchemaLoader (NodeSchemaLoader.java:loadSchemaFromFile(125)) - Loading file from sun.misc.CompoundEnumeration@71d44a3
2019-09-25 05:40:58,428 [main] INFO  net.NodeSchemaLoader (NodeSchemaLoader.java:loadSchema(171)) - Loading network topology layer schema file
2019-09-25 05:40:58,496 [main] INFO  node.SCMNodeManager (SCMNodeManager.java:<init>(114)) - Entering startup safe mode.
2019-09-25 05:40:58,563 [main] INFO  algorithms.ContainerPlacementPolicyFactory (ContainerPlacementPolicyFactory.java:getPolicy(59)) - Create container placement policy of type org.apache.hadoop.hdds.scm.container.placement.algorithms.SCMContainerPlacementRandom
2019-09-25 05:40:58,578 [main] WARN  server.ServerUtils (ServerUtils.java:getScmDbDir(145)) - ozone.scm.db.dirs is not configured. We recommend adding this setting. Falling back to ozone.metadata.dirs instead.
2019-09-25 05:40:58,635 [main] INFO  pipeline.SCMPipelineManager (SCMPipelineManager.java:initializePipelineState(132)) - No pipeline exists in current db
2019-09-25 05:40:58,637 [main] WARN  server.ServerUtils (ServerUtils.java:getScmDbDir(145)) - ozone.scm.db.dirs is not configured. We recommend adding this setting. Falling back to ozone.metadata.dirs instead.
2019-09-25 05:40:58,727 [main] WARN  events.EventQueue (EventQueue.java:fireEvent(183)) - No event handler registered for event TypedEvent{payloadType=SafeModeStatus, name='SafeModeStatus'}
2019-09-25 05:40:59,050 [main] INFO  ipc.CallQueueManager (CallQueueManager.java:<init>(84)) - Using callQueue: class java.util.concurrent.LinkedBlockingQueue, queueCapacity: 2000, scheduler: class org.apache.hadoop.ipc.DefaultRpcScheduler, ipcBackoff: false.
2019-09-25 05:40:59,077 [Socket Reader #1 for port 40352] INFO  ipc.Server (Server.java:run(1074)) - Starting Socket Reader #1 for port 40352
2019-09-25 05:40:59,195 [main] INFO  ipc.CallQueueManager (CallQueueManager.java:<init>(84)) - Using callQueue: class java.util.concurrent.LinkedBlockingQueue, queueCapacity: 2000, scheduler: class org.apache.hadoop.ipc.DefaultRpcScheduler, ipcBackoff: false.
2019-09-25 05:40:59,196 [Socket Reader #1 for port 43757] INFO  ipc.Server (Server.java:run(1074)) - Starting Socket Reader #1 for port 43757
2019-09-25 05:40:59,203 [main] INFO  ipc.CallQueueManager (CallQueueManager.java:<init>(84)) - Using callQueue: class java.util.concurrent.LinkedBlockingQueue, queueCapacity: 2000, scheduler: class org.apache.hadoop.ipc.DefaultRpcScheduler, ipcBackoff: false.
2019-09-25 05:40:59,204 [Socket Reader #1 for port 34173] INFO  ipc.Server (Server.java:run(1074)) - Starting Socket Reader #1 for port 34173
2019-09-25 05:40:59,222 [main] INFO  hdfs.DFSUtil (DFSUtil.java:httpServerTemplateForNNAndJN(1641)) - Starting Web-server for scm at: http://0.0.0.0:0
2019-09-25 05:40:59,347 [main] INFO  server.AuthenticationFilter (AuthenticationFilter.java:constructSecretProvider(240)) - Unable to initialize FileSignerSecretProvider, falling back to use random secrets.
2019-09-25 05:40:59,355 [main] WARN  http.HttpRequestLog (HttpRequestLog.java:getRequestLog(97)) - Jetty request log can only be enabled using Log4j
2019-09-25 05:40:59,362 [main] INFO  http.HttpServer2 (HttpServer2.java:addGlobalFilter(975)) - Added global filter 'safety' (class=org.apache.hadoop.http.HttpServer2$QuotingInputFilter)
2019-09-25 05:40:59,365 [main] INFO  http.HttpServer2 (HttpServer2.java:addFilter(948)) - Added filter static_user_filter (class=org.apache.hadoop.http.lib.StaticUserWebFilter$StaticUserFilter) to context scm
2019-09-25 05:40:59,365 [main] INFO  http.HttpServer2 (HttpServer2.java:addFilter(958)) - Added filter static_user_filter (class=org.apache.hadoop.http.lib.StaticUserWebFilter$StaticUserFilter) to context logs
2019-09-25 05:40:59,365 [main] INFO  http.HttpServer2 (HttpServer2.java:addFilter(958)) - Added filter static_user_filter (class=org.apache.hadoop.http.lib.StaticUserWebFilter$StaticUserFilter) to context static
2019-09-25 05:40:59,395 [main] INFO  server.StorageContainerManager (StorageContainerManager.java:start(770)) - StorageContainerLocationProtocol RPC server is listening at /0.0.0.0:34173
2019-09-25 05:40:59,459 [main] WARN  impl.MetricsConfig (MetricsConfig.java:loadFirst(134)) - Cannot locate configuration: tried hadoop-metrics2-storagecontainermanager.properties,hadoop-metrics2.properties
2019-09-25 05:40:59,472 [main] INFO  impl.MetricsSystemImpl (MetricsSystemImpl.java:startTimer(374)) - Scheduled Metric snapshot period at 10 second(s).
2019-09-25 05:40:59,472 [main] INFO  impl.MetricsSystemImpl (MetricsSystemImpl.java:start(191)) - StorageContainerManager metrics system started
2019-09-25 05:40:59,771 [main] INFO  server.SCMClientProtocolServer (SCMClientProtocolServer.java:start(151)) - RPC server for Client  is listening at /0.0.0.0:34173
2019-09-25 05:40:59,773 [IPC Server Responder] INFO  ipc.Server (Server.java:run(1314)) - IPC Server Responder: starting
2019-09-25 05:40:59,773 [IPC Server listener on 34173] INFO  ipc.Server (Server.java:run(1153)) - IPC Server listener on 34173: starting
2019-09-25 05:40:59,776 [main] INFO  server.StorageContainerManager (StorageContainerManager.java:start(780)) - ScmBlockLocationProtocol RPC server is listening at /0.0.0.0:43757
2019-09-25 05:40:59,778 [main] INFO  server.SCMBlockProtocolServer (SCMBlockProtocolServer.java:start(146)) - RPC server for Block Protocol is listening at /0.0.0.0:43757
2019-09-25 05:40:59,778 [IPC Server Responder] INFO  ipc.Server (Server.java:run(1314)) - IPC Server Responder: starting
2019-09-25 05:40:59,779 [IPC Server listener on 43757] INFO  ipc.Server (Server.java:run(1153)) - IPC Server listener on 43757: starting
2019-09-25 05:40:59,786 [main] INFO  server.StorageContainerManager (StorageContainerManager.java:start(784)) - ScmDatanodeProtocl RPC server is listening at /0.0.0.0:40352
2019-09-25 05:40:59,786 [main] INFO  server.SCMDatanodeProtocolServer (SCMDatanodeProtocolServer.java:start(191)) - RPC server for DataNodes is listening at /0.0.0.0:40352
2019-09-25 05:40:59,788 [IPC Server Responder] INFO  ipc.Server (Server.java:run(1314)) - IPC Server Responder: starting
2019-09-25 05:40:59,788 [IPC Server listener on 40352] INFO  ipc.Server (Server.java:run(1153)) - IPC Server listener on 40352: starting
2019-09-25 05:40:59,800 [main] INFO  http.HttpServer2 (HttpServer2.java:bindListener(1191)) - Jetty bound to port 43892
2019-09-25 05:40:59,802 [main] INFO  server.Server (Server.java:doStart(351)) - jetty-9.3.25.v20180904, build timestamp: 2018-09-04T21:11:46Z, git hash: 3ce520221d0240229c862b122d2b06c12a625732
2019-09-25 05:40:59,841 [main] INFO  handler.ContextHandler (ContextHandler.java:doStart(781)) - Started o.e.j.s.ServletContextHandler@4fce136b{/logs,file:///workdir/hadoop-ozone/integration-test/target/log,AVAILABLE}
2019-09-25 05:40:59,842 [main] INFO  handler.ContextHandler (ContextHandler.java:doStart(781)) - Started o.e.j.s.ServletContextHandler@43b6123e{/static,file:///workdir/hadoop-ozone/integration-test/target/test-classes/webapps/static,AVAILABLE}
2019-09-25 05:40:59,874 [main] INFO  handler.ContextHandler (ContextHandler.java:doStart(781)) - Started o.e.j.w.WebAppContext@6db66836{/,file:///workdir/hadoop-ozone/integration-test/target/test-classes/webapps/scm/,AVAILABLE}{/scm}
2019-09-25 05:40:59,879 [main] INFO  server.AbstractConnector (AbstractConnector.java:doStart(278)) - Started ServerConnector@1ee4730{HTTP/1.1,[http/1.1]}{0.0.0.0:43892}
2019-09-25 05:40:59,880 [main] INFO  server.Server (Server.java:doStart(419)) - Started @2717ms
2019-09-25 05:40:59,882 [main] INFO  impl.MetricsSinkAdapter (MetricsSinkAdapter.java:start(204)) - Sink prometheus started
2019-09-25 05:40:59,882 [main] INFO  impl.MetricsSystemImpl (MetricsSystemImpl.java:registerSink(301)) - Registered sink prometheus
2019-09-25 05:40:59,883 [main] INFO  server.BaseHttpServer (BaseHttpServer.java:updateConnectorAddress(215)) - HTTP server of SCM is listening at http://0.0.0.0:43892
2019-09-25 05:40:59,889 [org.apache.hadoop.util.JvmPauseMonitor$Monitor@51f49060] INFO  util.JvmPauseMonitor (JvmPauseMonitor.java:run(188)) - Starting JVM pause monitor
2019-09-25 05:40:59,891 [main] WARN  server.ServerUtils (ServerUtils.java:getDBPath(222)) - ozone.om.db.dirs is not configured. We recommend adding this setting. Falling back to ozone.metadata.dirs instead.
2019-09-25 05:40:59,998 [main] WARN  server.ServerUtils (ServerUtils.java:getDBPath(222)) - ozone.om.db.dirs is not configured. We recommend adding this setting. Falling back to ozone.metadata.dirs instead.
2019-09-25 05:40:59,999 [main] WARN  server.ServerUtils (ServerUtils.java:getDBPath(222)) - ozone.om.db.dirs is not configured. We recommend adding this setting. Falling back to ozone.metadata.dirs instead.
2019-09-25 05:41:00,000 [main] INFO  om.OzoneManager (OzoneManager.java:setOMNodeDetails(652)) - OM Service ID is not set. Setting it to the default ID: omServiceIdDefault
2019-09-25 05:41:00,000 [main] INFO  om.OzoneManager (OzoneManager.java:setOMNodeDetails(658)) - OM Node ID is not set. Setting it to the OmStorage's OmID: 18f80b31-4f10-4941-a565-fecec690b943
2019-09-25 05:41:00,002 [main] INFO  om.OzoneManager (OzoneManager.java:loadOMHAConfigs(609)) - Found matching OM address with OMServiceId: null, OMNodeId: null, RPC Address: localhost:0 and Ratis port: 9872
2019-09-25 05:41:00,672 [main] WARN  server.ServerUtils (ServerUtils.java:getDBPath(222)) - ozone.om.db.dirs is not configured. We recommend adding this setting. Falling back to ozone.metadata.dirs instead.
2019-09-25 05:41:00,678 [main] INFO  db.DBStoreBuilder (DBStoreBuilder.java:addTable(110)) - using custom profile for table: userTable
2019-09-25 05:41:00,678 [main] INFO  db.DBStoreBuilder (DBStoreBuilder.java:processTables(161)) - Using default column profile:DBProfile.DISK for Table:userTable
2019-09-25 05:41:00,678 [main] INFO  db.DBStoreBuilder (DBStoreBuilder.java:addTable(110)) - using custom profile for table: volumeTable
2019-09-25 05:41:00,678 [main] INFO  db.DBStoreBuilder (DBStoreBuilder.java:processTables(161)) - Using default column profile:DBProfile.DISK for Table:volumeTable
2019-09-25 05:41:00,679 [main] INFO  db.DBStoreBuilder (DBStoreBuilder.java:addTable(110)) - using custom profile for table: bucketTable
2019-09-25 05:41:00,679 [main] INFO  db.DBStoreBuilder (DBStoreBuilder.java:processTables(161)) - Using default column profile:DBProfile.DISK for Table:bucketTable
2019-09-25 05:41:00,679 [main] INFO  db.DBStoreBuilder (DBStoreBuilder.java:addTable(110)) - using custom profile for table: keyTable
2019-09-25 05:41:00,679 [main] INFO  db.DBStoreBuilder (DBStoreBuilder.java:processTables(161)) - Using default column profile:DBProfile.DISK for Table:keyTable
2019-09-25 05:41:00,680 [main] INFO  db.DBStoreBuilder (DBStoreBuilder.java:addTable(110)) - using custom profile for table: deletedTable
2019-09-25 05:41:00,680 [main] INFO  db.DBStoreBuilder (DBStoreBuilder.java:processTables(161)) - Using default column profile:DBProfile.DISK for Table:deletedTable
2019-09-25 05:41:00,680 [main] INFO  db.DBStoreBuilder (DBStoreBuilder.java:addTable(110)) - using custom profile for table: openKeyTable
2019-09-25 05:41:00,680 [main] INFO  db.DBStoreBuilder (DBStoreBuilder.java:processTables(161)) - Using default column profile:DBProfile.DISK for Table:openKeyTable
2019-09-25 05:41:00,681 [main] INFO  db.DBStoreBuilder (DBStoreBuilder.java:addTable(110)) - using custom profile for table: s3Table
2019-09-25 05:41:00,681 [main] INFO  db.DBStoreBuilder (DBStoreBuilder.java:processTables(161)) - Using default column profile:DBProfile.DISK for Table:s3Table
2019-09-25 05:41:00,681 [main] INFO  db.DBStoreBuilder (DBStoreBuilder.java:addTable(110)) - using custom profile for table: multipartInfoTable
2019-09-25 05:41:00,681 [main] INFO  db.DBStoreBuilder (DBStoreBuilder.java:processTables(161)) - Using default column profile:DBProfile.DISK for Table:multipartInfoTable
2019-09-25 05:41:00,682 [main] INFO  db.DBStoreBuilder (DBStoreBuilder.java:addTable(110)) - using custom profile for table: dTokenTable
2019-09-25 05:41:00,682 [main] INFO  db.DBStoreBuilder (DBStoreBuilder.java:processTables(161)) - Using default column profile:DBProfile.DISK for Table:dTokenTable
2019-09-25 05:41:00,682 [main] INFO  db.DBStoreBuilder (DBStoreBuilder.java:addTable(110)) - using custom profile for table: s3SecretTable
2019-09-25 05:41:00,682 [main] INFO  db.DBStoreBuilder (DBStoreBuilder.java:processTables(161)) - Using default column profile:DBProfile.DISK for Table:s3SecretTable
2019-09-25 05:41:00,683 [main] INFO  db.DBStoreBuilder (DBStoreBuilder.java:addTable(110)) - using custom profile for table: prefixTable
2019-09-25 05:41:00,683 [main] INFO  db.DBStoreBuilder (DBStoreBuilder.java:processTables(161)) - Using default column profile:DBProfile.DISK for Table:prefixTable
2019-09-25 05:41:00,683 [main] INFO  db.DBStoreBuilder (DBStoreBuilder.java:addTable(110)) - using custom profile for table: default
2019-09-25 05:41:00,683 [main] INFO  db.DBStoreBuilder (DBStoreBuilder.java:processTables(167)) - Using default column profile:DBProfile.DISK for Table:default
2019-09-25 05:41:00,683 [main] INFO  db.DBStoreBuilder (DBStoreBuilder.java:getDbProfile(198)) - Using default options. DBProfile.DISK
2019-09-25 05:41:01,200 [main] INFO  ipc.CallQueueManager (CallQueueManager.java:<init>(84)) - Using callQueue: class java.util.concurrent.LinkedBlockingQueue, queueCapacity: 2000, scheduler: class org.apache.hadoop.ipc.DefaultRpcScheduler, ipcBackoff: false.
2019-09-25 05:41:01,201 [Socket Reader #1 for port 40692] INFO  ipc.Server (Server.java:run(1074)) - Starting Socket Reader #1 for port 40692
2019-09-25 05:41:01,220 [main] INFO  om.OzoneManager (OzoneManager.java:start(1243)) - OzoneManager RPC server is listening at localhost/127.0.0.1:40692
2019-09-25 05:41:01,220 [main] INFO  impl.MetricsSystemImpl (MetricsSystemImpl.java:init(158)) - OzoneManager metrics system started (again)
2019-09-25 05:41:01,221 [IPC Server listener on 40692] INFO  ipc.Server (Server.java:run(1153)) - IPC Server listener on 40692: starting
2019-09-25 05:41:01,221 [IPC Server Responder] INFO  ipc.Server (Server.java:run(1314)) - IPC Server Responder: starting
2019-09-25 05:41:01,224 [main] INFO  hdfs.DFSUtil (DFSUtil.java:httpServerTemplateForNNAndJN(1641)) - Starting Web-server for ozoneManager at: http://0.0.0.0:0
2019-09-25 05:41:01,226 [main] INFO  server.AuthenticationFilter (AuthenticationFilter.java:constructSecretProvider(240)) - Unable to initialize FileSignerSecretProvider, falling back to use random secrets.
2019-09-25 05:41:01,227 [main] WARN  http.HttpRequestLog (HttpRequestLog.java:getRequestLog(97)) - Jetty request log can only be enabled using Log4j
2019-09-25 05:41:01,230 [main] INFO  http.HttpServer2 (HttpServer2.java:addGlobalFilter(975)) - Added global filter 'safety' (class=org.apache.hadoop.http.HttpServer2$QuotingInputFilter)
2019-09-25 05:41:01,231 [main] INFO  http.HttpServer2 (HttpServer2.java:addFilter(948)) - Added filter static_user_filter (class=org.apache.hadoop.http.lib.StaticUserWebFilter$StaticUserFilter) to context ozoneManager
2019-09-25 05:41:01,231 [main] INFO  http.HttpServer2 (HttpServer2.java:addFilter(958)) - Added filter static_user_filter (class=org.apache.hadoop.http.lib.StaticUserWebFilter$StaticUserFilter) to context static
2019-09-25 05:41:01,232 [main] INFO  http.HttpServer2 (HttpServer2.java:addFilter(958)) - Added filter static_user_filter (class=org.apache.hadoop.http.lib.StaticUserWebFilter$StaticUserFilter) to context logs
2019-09-25 05:41:01,234 [main] INFO  http.HttpServer2 (HttpServer2.java:bindListener(1191)) - Jetty bound to port 38585
2019-09-25 05:41:01,235 [main] INFO  server.Server (Server.java:doStart(351)) - jetty-9.3.25.v20180904, build timestamp: 2018-09-04T21:11:46Z, git hash: 3ce520221d0240229c862b122d2b06c12a625732
2019-09-25 05:41:01,236 [main] INFO  handler.ContextHandler (ContextHandler.java:doStart(781)) - Started o.e.j.s.ServletContextHandler@20ed3303{/logs,file:///workdir/hadoop-ozone/integration-test/target/log,AVAILABLE}
2019-09-25 05:41:01,237 [main] INFO  handler.ContextHandler (ContextHandler.java:doStart(781)) - Started o.e.j.s.ServletContextHandler@3a627c80{/static,file:///workdir/hadoop-ozone/integration-test/target/test-classes/webapps/static,AVAILABLE}
2019-09-25 05:41:01,245 [main] INFO  handler.ContextHandler (ContextHandler.java:doStart(781)) - Started o.e.j.w.WebAppContext@415156bf{/,file:///workdir/hadoop-ozone/integration-test/target/test-classes/webapps/ozoneManager/,AVAILABLE}{/ozoneManager}
2019-09-25 05:41:01,246 [main] INFO  server.AbstractConnector (AbstractConnector.java:doStart(278)) - Started ServerConnector@393881f0{HTTP/1.1,[http/1.1]}{0.0.0.0:38585}
2019-09-25 05:41:01,247 [main] INFO  server.Server (Server.java:doStart(419)) - Started @4084ms
2019-09-25 05:41:01,247 [main] WARN  impl.MetricsSystemImpl (MetricsSystemImpl.java:register(276)) - Sink prometheus already exists!
2019-09-25 05:41:01,248 [main] INFO  server.BaseHttpServer (BaseHttpServer.java:updateConnectorAddress(215)) - HTTP server of OZONEMANAGER is listening at http://0.0.0.0:38585
2019-09-25 05:41:01,525 [main] INFO  impl.MetricsSystemImpl (MetricsSystemImpl.java:init(158)) - HddsDatanode metrics system started (again)
2019-09-25 05:41:01,571 [main] INFO  ozone.HddsDatanodeService (HddsDatanodeService.java:start(184)) - HddsDatanodeService host:pr-hdds-1569-s62bp-3040748787 ip:192.168.30.10
2019-09-25 05:41:01,602 [main] INFO  volume.HddsVolume (HddsVolume.java:<init>(176)) - Creating Volume: /workdir/hadoop-ozone/integration-test/target/test-dir/MiniOzoneClusterImpl-5f167f52-bad4-483d-8ef4-c1e76e705afb/datanode-0/data/containers/hdds of  storage type : DISK and capacity : 1482555576320
2019-09-25 05:41:01,604 [main] INFO  volume.VolumeSet (VolumeSet.java:initializeVolumeSet(170)) - Added Volume : /workdir/hadoop-ozone/integration-test/target/test-dir/MiniOzoneClusterImpl-5f167f52-bad4-483d-8ef4-c1e76e705afb/datanode-0/data/containers/hdds to VolumeSet
2019-09-25 05:41:01,606 [main] INFO  volume.ThrottledAsyncChecker (ThrottledAsyncChecker.java:schedule(139)) - Scheduling a check for org.apache.hadoop.ozone.container.common.volume.HddsVolume@59496961
2019-09-25 05:41:01,623 [main] INFO  volume.HddsVolumeChecker (HddsVolumeChecker.java:checkAllVolumes(202)) - Scheduled health check for volume org.apache.hadoop.ozone.container.common.volume.HddsVolume@59496961
2019-09-25 05:41:01,728 [main] INFO  impl.RaftServerProxy (ConfUtils.java:logGet(43)) - raft.rpc.type = GRPC (default)
2019-09-25 05:41:01,789 [main] INFO  grpc.GrpcFactory (GrpcFactory.java:checkPooledByteBufAllocatorUseCacheForAllThreads(45)) - PERFORMANCE WARNING: useCacheForAllThreads is true that may cause Netty to create a lot garbage objects and, as a result, trigger GC.
	It is recommended to disable useCacheForAllThreads by setting -Dorg.apache.ratis.thirdparty.io.netty.allocator.useCacheForAllThreads=false in command line.
2019-09-25 05:41:01,794 [main] INFO  grpc.GrpcConfigKeys$Server (ConfUtils.java:logGet(43)) - raft.grpc.server.port = 0 (default)
2019-09-25 05:41:01,795 [main] INFO  server.GrpcService (ConfUtils.java:logGet(43)) - raft.grpc.message.size.max = 33570816 (custom)
2019-09-25 05:41:01,796 [main] INFO  server.RaftServerConfigKeys (ConfUtils.java:logGet(43)) - raft.server.log.appender.buffer.byte-limit = 33554432 (custom)
2019-09-25 05:41:01,797 [main] INFO  server.GrpcService (ConfUtils.java:logGet(43)) - raft.grpc.flow.control.window = 1MB (=1048576) (default)
2019-09-25 05:41:01,797 [main] INFO  server.RaftServerConfigKeys (ConfUtils.java:logGet(43)) - raft.server.rpc.request.timeout = 3000ms (default)
2019-09-25 05:41:01,959 [main] INFO  server.RaftServerConfigKeys (ConfUtils.java:logGet(43)) - raft.server.storage.dir = [/workdir/hadoop-ozone/integration-test/target/test-dir/MiniOzoneClusterImpl-5f167f52-bad4-483d-8ef4-c1e76e705afb/datanode-0/data/ratis] (custom)
2019-09-25 05:41:02,033 [main] INFO  hdfs.DFSUtil (DFSUtil.java:httpServerTemplateForNNAndJN(1641)) - Starting Web-server for hddsDatanode at: http://0.0.0.0:0
2019-09-25 05:41:02,037 [main] INFO  server.AuthenticationFilter (AuthenticationFilter.java:constructSecretProvider(240)) - Unable to initialize FileSignerSecretProvider, falling back to use random secrets.
2019-09-25 05:41:02,038 [main] WARN  http.HttpRequestLog (HttpRequestLog.java:getRequestLog(97)) - Jetty request log can only be enabled using Log4j
2019-09-25 05:41:02,041 [main] INFO  http.HttpServer2 (HttpServer2.java:addGlobalFilter(975)) - Added global filter 'safety' (class=org.apache.hadoop.http.HttpServer2$QuotingInputFilter)
2019-09-25 05:41:02,042 [main] INFO  http.HttpServer2 (HttpServer2.java:addFilter(948)) - Added filter static_user_filter (class=org.apache.hadoop.http.lib.StaticUserWebFilter$StaticUserFilter) to context hddsDatanode
2019-09-25 05:41:02,042 [main] INFO  http.HttpServer2 (HttpServer2.java:addFilter(958)) - Added filter static_user_filter (class=org.apache.hadoop.http.lib.StaticUserWebFilter$StaticUserFilter) to context logs
2019-09-25 05:41:02,043 [main] INFO  http.HttpServer2 (HttpServer2.java:addFilter(958)) - Added filter static_user_filter (class=org.apache.hadoop.http.lib.StaticUserWebFilter$StaticUserFilter) to context static
2019-09-25 05:41:02,045 [main] INFO  http.HttpServer2 (HttpServer2.java:bindListener(1191)) - Jetty bound to port 35153
2019-09-25 05:41:02,045 [main] INFO  server.Server (Server.java:doStart(351)) - jetty-9.3.25.v20180904, build timestamp: 2018-09-04T21:11:46Z, git hash: 3ce520221d0240229c862b122d2b06c12a625732
2019-09-25 05:41:02,048 [main] INFO  handler.ContextHandler (ContextHandler.java:doStart(781)) - Started o.e.j.s.ServletContextHandler@43045f9f{/logs,file:///workdir/hadoop-ozone/integration-test/target/log,AVAILABLE}
2019-09-25 05:41:02,049 [main] INFO  handler.ContextHandler (ContextHandler.java:doStart(781)) - Started o.e.j.s.ServletContextHandler@6403e24c{/static,jar:file:/home/user/.m2/repository/org/apache/hadoop/hadoop-hdds-container-service/0.5.0-SNAPSHOT/hadoop-hdds-container-service-0.5.0-SNAPSHOT.jar!/webapps/static,AVAILABLE}
2019-09-25 05:41:02,108 [main] INFO  handler.ContextHandler (ContextHandler.java:doStart(781)) - Started o.e.j.w.WebAppContext@5df778c3{/,file:///tmp/jetty-0.0.0.0-35153-hddsDatanode-_-any-7300722080727173769.dir/webapp/,AVAILABLE}{/hddsDatanode}
2019-09-25 05:41:02,111 [main] INFO  server.AbstractConnector (AbstractConnector.java:doStart(278)) - Started ServerConnector@895416d{HTTP/1.1,[http/1.1]}{0.0.0.0:35153}
2019-09-25 05:41:02,112 [main] INFO  server.Server (Server.java:doStart(419)) - Started @4950ms
2019-09-25 05:41:02,113 [main] WARN  impl.MetricsSystemImpl (MetricsSystemImpl.java:register(276)) - Sink prometheus already exists!
2019-09-25 05:41:02,114 [main] INFO  server.BaseHttpServer (BaseHttpServer.java:updateConnectorAddress(215)) - HTTP server of HDDSDATANODE is listening at http://0.0.0.0:35153
2019-09-25 05:41:02,115 [main] INFO  impl.MetricsSystemImpl (MetricsSystemImpl.java:init(158)) - HddsDatanode metrics system started (again)
2019-09-25 05:41:02,118 [main] INFO  ozone.HddsDatanodeService (HddsDatanodeService.java:start(184)) - HddsDatanodeService host:pr-hdds-1569-s62bp-3040748787 ip:192.168.30.10
2019-09-25 05:41:02,120 [org.apache.hadoop.util.JvmPauseMonitor$Monitor@793bea3e] INFO  util.JvmPauseMonitor (JvmPauseMonitor.java:run(188)) - Starting JVM pause monitor
2019-09-25 05:41:02,127 [main] INFO  volume.HddsVolume (HddsVolume.java:<init>(176)) - Creating Volume: /workdir/hadoop-ozone/integration-test/target/test-dir/MiniOzoneClusterImpl-5f167f52-bad4-483d-8ef4-c1e76e705afb/datanode-1/data/containers/hdds of  storage type : DISK and capacity : 1482555576320
2019-09-25 05:41:02,127 [main] INFO  volume.VolumeSet (VolumeSet.java:initializeVolumeSet(170)) - Added Volume : /workdir/hadoop-ozone/integration-test/target/test-dir/MiniOzoneClusterImpl-5f167f52-bad4-483d-8ef4-c1e76e705afb/datanode-1/data/containers/hdds to VolumeSet
2019-09-25 05:41:02,128 [main] INFO  volume.ThrottledAsyncChecker (ThrottledAsyncChecker.java:schedule(139)) - Scheduling a check for org.apache.hadoop.ozone.container.common.volume.HddsVolume@55e42449
2019-09-25 05:41:02,129 [main] INFO  volume.HddsVolumeChecker (HddsVolumeChecker.java:checkAllVolumes(202)) - Scheduled health check for volume org.apache.hadoop.ozone.container.common.volume.HddsVolume@55e42449
2019-09-25 05:41:02,146 [main] INFO  impl.RaftServerProxy (ConfUtils.java:logGet(43)) - raft.rpc.type = GRPC (default)
2019-09-25 05:41:02,147 [main] INFO  grpc.GrpcFactory (GrpcFactory.java:checkPooledByteBufAllocatorUseCacheForAllThreads(45)) - PERFORMANCE WARNING: useCacheForAllThreads is true that may cause Netty to create a lot garbage objects and, as a result, trigger GC.
	It is recommended to disable useCacheForAllThreads by setting -Dorg.apache.ratis.thirdparty.io.netty.allocator.useCacheForAllThreads=false in command line.
2019-09-25 05:41:02,147 [main] INFO  grpc.GrpcConfigKeys$Server (ConfUtils.java:logGet(43)) - raft.grpc.server.port = 0 (default)
2019-09-25 05:41:02,148 [main] INFO  server.GrpcService (ConfUtils.java:logGet(43)) - raft.grpc.message.size.max = 33570816 (custom)
2019-09-25 05:41:02,148 [main] INFO  server.RaftServerConfigKeys (ConfUtils.java:logGet(43)) - raft.server.log.appender.buffer.byte-limit = 33554432 (custom)
2019-09-25 05:41:02,148 [main] INFO  server.GrpcService (ConfUtils.java:logGet(43)) - raft.grpc.flow.control.window = 1MB (=1048576) (default)
2019-09-25 05:41:02,149 [main] INFO  server.RaftServerConfigKeys (ConfUtils.java:logGet(43)) - raft.server.rpc.request.timeout = 3000ms (default)
2019-09-25 05:41:02,149 [main] INFO  server.RaftServerConfigKeys (ConfUtils.java:logGet(43)) - raft.server.storage.dir = [/workdir/hadoop-ozone/integration-test/target/test-dir/MiniOzoneClusterImpl-5f167f52-bad4-483d-8ef4-c1e76e705afb/datanode-1/data/ratis] (custom)
2019-09-25 05:41:02,151 [main] INFO  hdfs.DFSUtil (DFSUtil.java:httpServerTemplateForNNAndJN(1641)) - Starting Web-server for hddsDatanode at: http://0.0.0.0:0
2019-09-25 05:41:02,153 [main] INFO  server.AuthenticationFilter (AuthenticationFilter.java:constructSecretProvider(240)) - Unable to initialize FileSignerSecretProvider, falling back to use random secrets.
2019-09-25 05:41:02,154 [main] WARN  http.HttpRequestLog (HttpRequestLog.java:getRequestLog(97)) - Jetty request log can only be enabled using Log4j
2019-09-25 05:41:02,156 [main] INFO  http.HttpServer2 (HttpServer2.java:addGlobalFilter(975)) - Added global filter 'safety' (class=org.apache.hadoop.http.HttpServer2$QuotingInputFilter)
2019-09-25 05:41:02,157 [main] INFO  http.HttpServer2 (HttpServer2.java:addFilter(948)) - Added filter static_user_filter (class=org.apache.hadoop.http.lib.StaticUserWebFilter$StaticUserFilter) to context hddsDatanode
2019-09-25 05:41:02,158 [main] INFO  http.HttpServer2 (HttpServer2.java:addFilter(958)) - Added filter static_user_filter (class=org.apache.hadoop.http.lib.StaticUserWebFilter$StaticUserFilter) to context logs
2019-09-25 05:41:02,158 [main] INFO  http.HttpServer2 (HttpServer2.java:addFilter(958)) - Added filter static_user_filter (class=org.apache.hadoop.http.lib.StaticUserWebFilter$StaticUserFilter) to context static
2019-09-25 05:41:02,159 [main] INFO  http.HttpServer2 (HttpServer2.java:bindListener(1191)) - Jetty bound to port 45901
2019-09-25 05:41:02,159 [main] INFO  server.Server (Server.java:doStart(351)) - jetty-9.3.25.v20180904, build timestamp: 2018-09-04T21:11:46Z, git hash: 3ce520221d0240229c862b122d2b06c12a625732
2019-09-25 05:41:02,161 [main] INFO  handler.ContextHandler (ContextHandler.java:doStart(781)) - Started o.e.j.s.ServletContextHandler@c27a3a2{/logs,file:///workdir/hadoop-ozone/integration-test/target/log,AVAILABLE}
2019-09-25 05:41:02,162 [main] INFO  handler.ContextHandler (ContextHandler.java:doStart(781)) - Started o.e.j.s.ServletContextHandler@1a2bcd56{/static,jar:file:/home/user/.m2/repository/org/apache/hadoop/hadoop-hdds-container-service/0.5.0-SNAPSHOT/hadoop-hdds-container-service-0.5.0-SNAPSHOT.jar!/webapps/static,AVAILABLE}
2019-09-25 05:41:02,195 [main] INFO  handler.ContextHandler (ContextHandler.java:doStart(781)) - Started o.e.j.w.WebAppContext@52d97ab6{/,file:///tmp/jetty-0.0.0.0-45901-hddsDatanode-_-any-6814653278333609807.dir/webapp/,AVAILABLE}{/hddsDatanode}
2019-09-25 05:41:02,196 [main] INFO  server.AbstractConnector (AbstractConnector.java:doStart(278)) - Started ServerConnector@4da6d664{HTTP/1.1,[http/1.1]}{0.0.0.0:45901}
2019-09-25 05:41:02,197 [main] INFO  server.Server (Server.java:doStart(419)) - Started @5035ms
2019-09-25 05:41:02,198 [main] WARN  impl.MetricsSystemImpl (MetricsSystemImpl.java:register(276)) - Sink prometheus already exists!
2019-09-25 05:41:02,198 [main] INFO  server.BaseHttpServer (BaseHttpServer.java:updateConnectorAddress(215)) - HTTP server of HDDSDATANODE is listening at http://0.0.0.0:45901
2019-09-25 05:41:02,199 [main] INFO  impl.MetricsSystemImpl (MetricsSystemImpl.java:init(158)) - HddsDatanode metrics system started (again)
2019-09-25 05:41:02,201 [org.apache.hadoop.util.JvmPauseMonitor$Monitor@ebf160c] INFO  util.JvmPauseMonitor (JvmPauseMonitor.java:run(188)) - Starting JVM pause monitor
2019-09-25 05:41:02,202 [main] INFO  ozone.HddsDatanodeService (HddsDatanodeService.java:start(184)) - HddsDatanodeService host:pr-hdds-1569-s62bp-3040748787 ip:192.168.30.10
2019-09-25 05:41:02,212 [main] INFO  volume.HddsVolume (HddsVolume.java:<init>(176)) - Creating Volume: /workdir/hadoop-ozone/integration-test/target/test-dir/MiniOzoneClusterImpl-5f167f52-bad4-483d-8ef4-c1e76e705afb/datanode-2/data/containers/hdds of  storage type : DISK and capacity : 1482555576320
2019-09-25 05:41:02,212 [main] INFO  volume.VolumeSet (VolumeSet.java:initializeVolumeSet(170)) - Added Volume : /workdir/hadoop-ozone/integration-test/target/test-dir/MiniOzoneClusterImpl-5f167f52-bad4-483d-8ef4-c1e76e705afb/datanode-2/data/containers/hdds to VolumeSet
2019-09-25 05:41:02,212 [main] INFO  volume.ThrottledAsyncChecker (ThrottledAsyncChecker.java:schedule(139)) - Scheduling a check for org.apache.hadoop.ozone.container.common.volume.HddsVolume@65e21ce3
2019-09-25 05:41:02,213 [main] INFO  volume.HddsVolumeChecker (HddsVolumeChecker.java:checkAllVolumes(202)) - Scheduled health check for volume org.apache.hadoop.ozone.container.common.volume.HddsVolume@65e21ce3
2019-09-25 05:41:02,227 [main] INFO  impl.RaftServerProxy (ConfUtils.java:logGet(43)) - raft.rpc.type = GRPC (default)
2019-09-25 05:41:02,227 [main] INFO  grpc.GrpcFactory (GrpcFactory.java:checkPooledByteBufAllocatorUseCacheForAllThreads(45)) - PERFORMANCE WARNING: useCacheForAllThreads is true that may cause Netty to create a lot garbage objects and, as a result, trigger GC.
	It is recommended to disable useCacheForAllThreads by setting -Dorg.apache.ratis.thirdparty.io.netty.allocator.useCacheForAllThreads=false in command line.
2019-09-25 05:41:02,228 [main] INFO  grpc.GrpcConfigKeys$Server (ConfUtils.java:logGet(43)) - raft.grpc.server.port = 0 (default)
2019-09-25 05:41:02,228 [main] INFO  server.GrpcService (ConfUtils.java:logGet(43)) - raft.grpc.message.size.max = 33570816 (custom)
2019-09-25 05:41:02,228 [main] INFO  server.RaftServerConfigKeys (ConfUtils.java:logGet(43)) - raft.server.log.appender.buffer.byte-limit = 33554432 (custom)
2019-09-25 05:41:02,228 [main] INFO  server.GrpcService (ConfUtils.java:logGet(43)) - raft.grpc.flow.control.window = 1MB (=1048576) (default)
2019-09-25 05:41:02,229 [main] INFO  server.RaftServerConfigKeys (ConfUtils.java:logGet(43)) - raft.server.rpc.request.timeout = 3000ms (default)
2019-09-25 05:41:02,229 [main] INFO  server.RaftServerConfigKeys (ConfUtils.java:logGet(43)) - raft.server.storage.dir = [/workdir/hadoop-ozone/integration-test/target/test-dir/MiniOzoneClusterImpl-5f167f52-bad4-483d-8ef4-c1e76e705afb/datanode-2/data/ratis] (custom)
2019-09-25 05:41:02,231 [main] INFO  hdfs.DFSUtil (DFSUtil.java:httpServerTemplateForNNAndJN(1641)) - Starting Web-server for hddsDatanode at: http://0.0.0.0:0
2019-09-25 05:41:02,232 [main] INFO  server.AuthenticationFilter (AuthenticationFilter.java:constructSecretProvider(240)) - Unable to initialize FileSignerSecretProvider, falling back to use random secrets.
2019-09-25 05:41:02,233 [main] WARN  http.HttpRequestLog (HttpRequestLog.java:getRequestLog(97)) - Jetty request log can only be enabled using Log4j
2019-09-25 05:41:02,234 [main] INFO  http.HttpServer2 (HttpServer2.java:addGlobalFilter(975)) - Added global filter 'safety' (class=org.apache.hadoop.http.HttpServer2$QuotingInputFilter)
2019-09-25 05:41:02,235 [main] INFO  http.HttpServer2 (HttpServer2.java:addFilter(948)) - Added filter static_user_filter (class=org.apache.hadoop.http.lib.StaticUserWebFilter$StaticUserFilter) to context hddsDatanode
2019-09-25 05:41:02,235 [main] INFO  http.HttpServer2 (HttpServer2.java:addFilter(958)) - Added filter static_user_filter (class=org.apache.hadoop.http.lib.StaticUserWebFilter$StaticUserFilter) to context static
2019-09-25 05:41:02,235 [main] INFO  http.HttpServer2 (HttpServer2.java:addFilter(958)) - Added filter static_user_filter (class=org.apache.hadoop.http.lib.StaticUserWebFilter$StaticUserFilter) to context logs
2019-09-25 05:41:02,236 [main] INFO  http.HttpServer2 (HttpServer2.java:bindListener(1191)) - Jetty bound to port 35491
2019-09-25 05:41:02,236 [main] INFO  server.Server (Server.java:doStart(351)) - jetty-9.3.25.v20180904, build timestamp: 2018-09-04T21:11:46Z, git hash: 3ce520221d0240229c862b122d2b06c12a625732
2019-09-25 05:41:02,240 [main] INFO  handler.ContextHandler (ContextHandler.java:doStart(781)) - Started o.e.j.s.ServletContextHandler@7100dea{/logs,file:///workdir/hadoop-ozone/integration-test/target/log,AVAILABLE}
2019-09-25 05:41:02,242 [main] INFO  handler.ContextHandler (ContextHandler.java:doStart(781)) - Started o.e.j.s.ServletContextHandler@32e54a9d{/static,jar:file:/home/user/.m2/repository/org/apache/hadoop/hadoop-hdds-container-service/0.5.0-SNAPSHOT/hadoop-hdds-container-service-0.5.0-SNAPSHOT.jar!/webapps/static,AVAILABLE}
2019-09-25 05:41:02,247 [Datanode State Machine Thread - 0] INFO  datanode.InitDatanodeState (InitDatanodeState.java:persistContainerDatanodeDetails(140)) - DatanodeDetails is persisted to /workdir/hadoop-ozone/integration-test/target/test-dir/MiniOzoneClusterImpl-5f167f52-bad4-483d-8ef4-c1e76e705afb/datanode-0/meta/datanode.id
2019-09-25 05:41:02,252 [Datanode State Machine Thread - 0] INFO  datanode.InitDatanodeState (InitDatanodeState.java:persistContainerDatanodeDetails(140)) - DatanodeDetails is persisted to /workdir/hadoop-ozone/integration-test/target/test-dir/MiniOzoneClusterImpl-5f167f52-bad4-483d-8ef4-c1e76e705afb/datanode-1/meta/datanode.id
2019-09-25 05:41:02,275 [main] INFO  handler.ContextHandler (ContextHandler.java:doStart(781)) - Started o.e.j.w.WebAppContext@588f63c{/,file:///tmp/jetty-0.0.0.0-35491-hddsDatanode-_-any-1405503030637076287.dir/webapp/,AVAILABLE}{/hddsDatanode}
2019-09-25 05:41:02,276 [main] INFO  server.AbstractConnector (AbstractConnector.java:doStart(278)) - Started ServerConnector@5a6fa56e{HTTP/1.1,[http/1.1]}{0.0.0.0:35491}
2019-09-25 05:41:02,277 [main] INFO  server.Server (Server.java:doStart(419)) - Started @5114ms
2019-09-25 05:41:02,277 [main] WARN  impl.MetricsSystemImpl (MetricsSystemImpl.java:register(276)) - Sink prometheus already exists!
2019-09-25 05:41:02,278 [main] INFO  server.BaseHttpServer (BaseHttpServer.java:updateConnectorAddress(215)) - HTTP server of HDDSDATANODE is listening at http://0.0.0.0:35491
2019-09-25 05:41:02,278 [main] INFO  impl.MetricsSystemImpl (MetricsSystemImpl.java:init(158)) - HddsDatanode metrics system started (again)
2019-09-25 05:41:02,280 [org.apache.hadoop.util.JvmPauseMonitor$Monitor@6ce2876] INFO  util.JvmPauseMonitor (JvmPauseMonitor.java:run(188)) - Starting JVM pause monitor
2019-09-25 05:41:02,281 [main] INFO  ozone.HddsDatanodeService (HddsDatanodeService.java:start(184)) - HddsDatanodeService host:pr-hdds-1569-s62bp-3040748787 ip:192.168.30.10
2019-09-25 05:41:02,283 [Datanode State Machine Thread - 0] INFO  datanode.InitDatanodeState (InitDatanodeState.java:persistContainerDatanodeDetails(140)) - DatanodeDetails is persisted to /workdir/hadoop-ozone/integration-test/target/test-dir/MiniOzoneClusterImpl-5f167f52-bad4-483d-8ef4-c1e76e705afb/datanode-2/meta/datanode.id
2019-09-25 05:41:02,288 [main] INFO  volume.HddsVolume (HddsVolume.java:<init>(176)) - Creating Volume: /workdir/hadoop-ozone/integration-test/target/test-dir/MiniOzoneClusterImpl-5f167f52-bad4-483d-8ef4-c1e76e705afb/datanode-3/data/containers/hdds of  storage type : DISK and capacity : 1482555576320
2019-09-25 05:41:02,289 [main] INFO  volume.VolumeSet (VolumeSet.java:initializeVolumeSet(170)) - Added Volume : /workdir/hadoop-ozone/integration-test/target/test-dir/MiniOzoneClusterImpl-5f167f52-bad4-483d-8ef4-c1e76e705afb/datanode-3/data/containers/hdds to VolumeSet
2019-09-25 05:41:02,289 [main] INFO  volume.ThrottledAsyncChecker (ThrottledAsyncChecker.java:schedule(139)) - Scheduling a check for org.apache.hadoop.ozone.container.common.volume.HddsVolume@7efb53af
2019-09-25 05:41:02,289 [main] INFO  volume.HddsVolumeChecker (HddsVolumeChecker.java:checkAllVolumes(202)) - Scheduled health check for volume org.apache.hadoop.ozone.container.common.volume.HddsVolume@7efb53af
2019-09-25 05:41:02,303 [main] INFO  impl.RaftServerProxy (ConfUtils.java:logGet(43)) - raft.rpc.type = GRPC (default)
2019-09-25 05:41:02,303 [main] INFO  grpc.GrpcFactory (GrpcFactory.java:checkPooledByteBufAllocatorUseCacheForAllThreads(45)) - PERFORMANCE WARNING: useCacheForAllThreads is true that may cause Netty to create a lot garbage objects and, as a result, trigger GC.
	It is recommended to disable useCacheForAllThreads by setting -Dorg.apache.ratis.thirdparty.io.netty.allocator.useCacheForAllThreads=false in command line.
2019-09-25 05:41:02,303 [main] INFO  grpc.GrpcConfigKeys$Server (ConfUtils.java:logGet(43)) - raft.grpc.server.port = 0 (default)
2019-09-25 05:41:02,303 [main] INFO  server.GrpcService (ConfUtils.java:logGet(43)) - raft.grpc.message.size.max = 33570816 (custom)
2019-09-25 05:41:02,304 [main] INFO  server.RaftServerConfigKeys (ConfUtils.java:logGet(43)) - raft.server.log.appender.buffer.byte-limit = 33554432 (custom)
2019-09-25 05:41:02,304 [main] INFO  server.GrpcService (ConfUtils.java:logGet(43)) - raft.grpc.flow.control.window = 1MB (=1048576) (default)
2019-09-25 05:41:02,304 [main] INFO  server.RaftServerConfigKeys (ConfUtils.java:logGet(43)) - raft.server.rpc.request.timeout = 3000ms (default)
2019-09-25 05:41:02,305 [main] INFO  server.RaftServerConfigKeys (ConfUtils.java:logGet(43)) - raft.server.storage.dir = [/workdir/hadoop-ozone/integration-test/target/test-dir/MiniOzoneClusterImpl-5f167f52-bad4-483d-8ef4-c1e76e705afb/datanode-3/data/ratis] (custom)
2019-09-25 05:41:02,306 [main] INFO  hdfs.DFSUtil (DFSUtil.java:httpServerTemplateForNNAndJN(1641)) - Starting Web-server for hddsDatanode at: http://0.0.0.0:0
2019-09-25 05:41:02,307 [main] INFO  server.AuthenticationFilter (AuthenticationFilter.java:constructSecretProvider(240)) - Unable to initialize FileSignerSecretProvider, falling back to use random secrets.
2019-09-25 05:41:02,308 [main] WARN  http.HttpRequestLog (HttpRequestLog.java:getRequestLog(97)) - Jetty request log can only be enabled using Log4j
2019-09-25 05:41:02,309 [main] INFO  http.HttpServer2 (HttpServer2.java:addGlobalFilter(975)) - Added global filter 'safety' (class=org.apache.hadoop.http.HttpServer2$QuotingInputFilter)
2019-09-25 05:41:02,310 [main] INFO  http.HttpServer2 (HttpServer2.java:addFilter(948)) - Added filter static_user_filter (class=org.apache.hadoop.http.lib.StaticUserWebFilter$StaticUserFilter) to context hddsDatanode
2019-09-25 05:41:02,310 [main] INFO  http.HttpServer2 (HttpServer2.java:addFilter(958)) - Added filter static_user_filter (class=org.apache.hadoop.http.lib.StaticUserWebFilter$StaticUserFilter) to context logs
2019-09-25 05:41:02,310 [main] INFO  http.HttpServer2 (HttpServer2.java:addFilter(958)) - Added filter static_user_filter (class=org.apache.hadoop.http.lib.StaticUserWebFilter$StaticUserFilter) to context static
2019-09-25 05:41:02,311 [main] INFO  http.HttpServer2 (HttpServer2.java:bindListener(1191)) - Jetty bound to port 44976
2019-09-25 05:41:02,311 [main] INFO  server.Server (Server.java:doStart(351)) - jetty-9.3.25.v20180904, build timestamp: 2018-09-04T21:11:46Z, git hash: 3ce520221d0240229c862b122d2b06c12a625732
2019-09-25 05:41:02,313 [main] INFO  handler.ContextHandler (ContextHandler.java:doStart(781)) - Started o.e.j.s.ServletContextHandler@72f9f27c{/logs,file:///workdir/hadoop-ozone/integration-test/target/log,AVAILABLE}
2019-09-25 05:41:02,313 [main] INFO  handler.ContextHandler (ContextHandler.java:doStart(781)) - Started o.e.j.s.ServletContextHandler@762637be{/static,jar:file:/home/user/.m2/repository/org/apache/hadoop/hadoop-hdds-container-service/0.5.0-SNAPSHOT/hadoop-hdds-container-service-0.5.0-SNAPSHOT.jar!/webapps/static,AVAILABLE}
2019-09-25 05:41:02,373 [main] INFO  handler.ContextHandler (ContextHandler.java:doStart(781)) - Started o.e.j.w.WebAppContext@715b886f{/,file:///tmp/jetty-0.0.0.0-44976-hddsDatanode-_-any-2438255796124641864.dir/webapp/,AVAILABLE}{/hddsDatanode}
2019-09-25 05:41:02,374 [main] INFO  server.AbstractConnector (AbstractConnector.java:doStart(278)) - Started ServerConnector@7fb29ca9{HTTP/1.1,[http/1.1]}{0.0.0.0:44976}
2019-09-25 05:41:02,375 [main] INFO  server.Server (Server.java:doStart(419)) - Started @5213ms
2019-09-25 05:41:02,375 [main] WARN  impl.MetricsSystemImpl (MetricsSystemImpl.java:register(276)) - Sink prometheus already exists!
2019-09-25 05:41:02,376 [main] INFO  server.BaseHttpServer (BaseHttpServer.java:updateConnectorAddress(215)) - HTTP server of HDDSDATANODE is listening at http://0.0.0.0:44976
2019-09-25 05:41:02,377 [main] INFO  impl.MetricsSystemImpl (MetricsSystemImpl.java:init(158)) - HddsDatanode metrics system started (again)
2019-09-25 05:41:02,379 [org.apache.hadoop.util.JvmPauseMonitor$Monitor@39e2c039] INFO  util.JvmPauseMonitor (JvmPauseMonitor.java:run(188)) - Starting JVM pause monitor
2019-09-25 05:41:02,380 [main] INFO  ozone.HddsDatanodeService (HddsDatanodeService.java:start(184)) - HddsDatanodeService host:pr-hdds-1569-s62bp-3040748787 ip:192.168.30.10
2019-09-25 05:41:02,381 [Datanode State Machine Thread - 0] INFO  datanode.InitDatanodeState (InitDatanodeState.java:persistContainerDatanodeDetails(140)) - DatanodeDetails is persisted to /workdir/hadoop-ozone/integration-test/target/test-dir/MiniOzoneClusterImpl-5f167f52-bad4-483d-8ef4-c1e76e705afb/datanode-3/meta/datanode.id
2019-09-25 05:41:02,386 [main] INFO  volume.HddsVolume (HddsVolume.java:<init>(176)) - Creating Volume: /workdir/hadoop-ozone/integration-test/target/test-dir/MiniOzoneClusterImpl-5f167f52-bad4-483d-8ef4-c1e76e705afb/datanode-4/data/containers/hdds of  storage type : DISK and capacity : 1482555576320
2019-09-25 05:41:02,387 [main] INFO  volume.VolumeSet (VolumeSet.java:initializeVolumeSet(170)) - Added Volume : /workdir/hadoop-ozone/integration-test/target/test-dir/MiniOzoneClusterImpl-5f167f52-bad4-483d-8ef4-c1e76e705afb/datanode-4/data/containers/hdds to VolumeSet
2019-09-25 05:41:02,387 [main] INFO  volume.ThrottledAsyncChecker (ThrottledAsyncChecker.java:schedule(139)) - Scheduling a check for org.apache.hadoop.ozone.container.common.volume.HddsVolume@5d2828c9
2019-09-25 05:41:02,388 [main] INFO  volume.HddsVolumeChecker (HddsVolumeChecker.java:checkAllVolumes(202)) - Scheduled health check for volume org.apache.hadoop.ozone.container.common.volume.HddsVolume@5d2828c9
2019-09-25 05:41:02,402 [main] INFO  impl.RaftServerProxy (ConfUtils.java:logGet(43)) - raft.rpc.type = GRPC (default)
2019-09-25 05:41:02,402 [main] INFO  grpc.GrpcFactory (GrpcFactory.java:checkPooledByteBufAllocatorUseCacheForAllThreads(45)) - PERFORMANCE WARNING: useCacheForAllThreads is true that may cause Netty to create a lot garbage objects and, as a result, trigger GC.
	It is recommended to disable useCacheForAllThreads by setting -Dorg.apache.ratis.thirdparty.io.netty.allocator.useCacheForAllThreads=false in command line.
2019-09-25 05:41:02,402 [main] INFO  grpc.GrpcConfigKeys$Server (ConfUtils.java:logGet(43)) - raft.grpc.server.port = 0 (default)
2019-09-25 05:41:02,403 [main] INFO  server.GrpcService (ConfUtils.java:logGet(43)) - raft.grpc.message.size.max = 33570816 (custom)
2019-09-25 05:41:02,403 [main] INFO  server.RaftServerConfigKeys (ConfUtils.java:logGet(43)) - raft.server.log.appender.buffer.byte-limit = 33554432 (custom)
2019-09-25 05:41:02,403 [main] INFO  server.GrpcService (ConfUtils.java:logGet(43)) - raft.grpc.flow.control.window = 1MB (=1048576) (default)
2019-09-25 05:41:02,403 [main] INFO  server.RaftServerConfigKeys (ConfUtils.java:logGet(43)) - raft.server.rpc.request.timeout = 3000ms (default)
2019-09-25 05:41:02,404 [main] INFO  server.RaftServerConfigKeys (ConfUtils.java:logGet(43)) - raft.server.storage.dir = [/workdir/hadoop-ozone/integration-test/target/test-dir/MiniOzoneClusterImpl-5f167f52-bad4-483d-8ef4-c1e76e705afb/datanode-4/data/ratis] (custom)
2019-09-25 05:41:02,405 [main] INFO  hdfs.DFSUtil (DFSUtil.java:httpServerTemplateForNNAndJN(1641)) - Starting Web-server for hddsDatanode at: http://0.0.0.0:0
2019-09-25 05:41:02,407 [main] INFO  server.AuthenticationFilter (AuthenticationFilter.java:constructSecretProvider(240)) - Unable to initialize FileSignerSecretProvider, falling back to use random secrets.
2019-09-25 05:41:02,407 [main] WARN  http.HttpRequestLog (HttpRequestLog.java:getRequestLog(97)) - Jetty request log can only be enabled using Log4j
2019-09-25 05:41:02,409 [main] INFO  http.HttpServer2 (HttpServer2.java:addGlobalFilter(975)) - Added global filter 'safety' (class=org.apache.hadoop.http.HttpServer2$QuotingInputFilter)
2019-09-25 05:41:02,409 [main] INFO  http.HttpServer2 (HttpServer2.java:addFilter(948)) - Added filter static_user_filter (class=org.apache.hadoop.http.lib.StaticUserWebFilter$StaticUserFilter) to context hddsDatanode
2019-09-25 05:41:02,410 [main] INFO  http.HttpServer2 (HttpServer2.java:addFilter(958)) - Added filter static_user_filter (class=org.apache.hadoop.http.lib.StaticUserWebFilter$StaticUserFilter) to context static
2019-09-25 05:41:02,410 [main] INFO  http.HttpServer2 (HttpServer2.java:addFilter(958)) - Added filter static_user_filter (class=org.apache.hadoop.http.lib.StaticUserWebFilter$StaticUserFilter) to context logs
2019-09-25 05:41:02,411 [main] INFO  http.HttpServer2 (HttpServer2.java:bindListener(1191)) - Jetty bound to port 41487
2019-09-25 05:41:02,411 [main] INFO  server.Server (Server.java:doStart(351)) - jetty-9.3.25.v20180904, build timestamp: 2018-09-04T21:11:46Z, git hash: 3ce520221d0240229c862b122d2b06c12a625732
2019-09-25 05:41:02,417 [main] INFO  handler.ContextHandler (ContextHandler.java:doStart(781)) - Started o.e.j.s.ServletContextHandler@6f94fb9d{/logs,file:///workdir/hadoop-ozone/integration-test/target/log,AVAILABLE}
2019-09-25 05:41:02,417 [main] INFO  handler.ContextHandler (ContextHandler.java:doStart(781)) - Started o.e.j.s.ServletContextHandler@4228bf58{/static,jar:file:/home/user/.m2/repository/org/apache/hadoop/hadoop-hdds-container-service/0.5.0-SNAPSHOT/hadoop-hdds-container-service-0.5.0-SNAPSHOT.jar!/webapps/static,AVAILABLE}
2019-09-25 05:41:02,446 [main] INFO  handler.ContextHandler (ContextHandler.java:doStart(781)) - Started o.e.j.w.WebAppContext@2630dbc4{/,file:///tmp/jetty-0.0.0.0-41487-hddsDatanode-_-any-3972092252798572586.dir/webapp/,AVAILABLE}{/hddsDatanode}
2019-09-25 05:41:02,447 [main] INFO  server.AbstractConnector (AbstractConnector.java:doStart(278)) - Started ServerConnector@5ea4300e{HTTP/1.1,[http/1.1]}{0.0.0.0:41487}
2019-09-25 05:41:02,448 [main] INFO  server.Server (Server.java:doStart(419)) - Started @5285ms
2019-09-25 05:41:02,448 [main] WARN  impl.MetricsSystemImpl (MetricsSystemImpl.java:register(276)) - Sink prometheus already exists!
2019-09-25 05:41:02,448 [main] INFO  server.BaseHttpServer (BaseHttpServer.java:updateConnectorAddress(215)) - HTTP server of HDDSDATANODE is listening at http://0.0.0.0:41487
2019-09-25 05:41:02,449 [main] INFO  impl.MetricsSystemImpl (MetricsSystemImpl.java:init(158)) - HddsDatanode metrics system started (again)
2019-09-25 05:41:02,452 [org.apache.hadoop.util.JvmPauseMonitor$Monitor@75f210b5] INFO  util.JvmPauseMonitor (JvmPauseMonitor.java:run(188)) - Starting JVM pause monitor
2019-09-25 05:41:02,452 [main] INFO  ozone.HddsDatanodeService (HddsDatanodeService.java:start(184)) - HddsDatanodeService host:pr-hdds-1569-s62bp-3040748787 ip:192.168.30.10
2019-09-25 05:41:02,454 [Datanode State Machine Thread - 0] INFO  datanode.InitDatanodeState (InitDatanodeState.java:persistContainerDatanodeDetails(140)) - DatanodeDetails is persisted to /workdir/hadoop-ozone/integration-test/target/test-dir/MiniOzoneClusterImpl-5f167f52-bad4-483d-8ef4-c1e76e705afb/datanode-4/meta/datanode.id
2019-09-25 05:41:02,459 [main] INFO  volume.HddsVolume (HddsVolume.java:<init>(176)) - Creating Volume: /workdir/hadoop-ozone/integration-test/target/test-dir/MiniOzoneClusterImpl-5f167f52-bad4-483d-8ef4-c1e76e705afb/datanode-5/data/containers/hdds of  storage type : DISK and capacity : 1482555576320
2019-09-25 05:41:02,459 [main] INFO  volume.VolumeSet (VolumeSet.java:initializeVolumeSet(170)) - Added Volume : /workdir/hadoop-ozone/integration-test/target/test-dir/MiniOzoneClusterImpl-5f167f52-bad4-483d-8ef4-c1e76e705afb/datanode-5/data/containers/hdds to VolumeSet
2019-09-25 05:41:02,459 [main] INFO  volume.ThrottledAsyncChecker (ThrottledAsyncChecker.java:schedule(139)) - Scheduling a check for org.apache.hadoop.ozone.container.common.volume.HddsVolume@4821aa9f
2019-09-25 05:41:02,460 [main] INFO  volume.HddsVolumeChecker (HddsVolumeChecker.java:checkAllVolumes(202)) - Scheduled health check for volume org.apache.hadoop.ozone.container.common.volume.HddsVolume@4821aa9f
2019-09-25 05:41:02,473 [main] INFO  impl.RaftServerProxy (ConfUtils.java:logGet(43)) - raft.rpc.type = GRPC (default)
2019-09-25 05:41:02,473 [main] INFO  grpc.GrpcFactory (GrpcFactory.java:checkPooledByteBufAllocatorUseCacheForAllThreads(45)) - PERFORMANCE WARNING: useCacheForAllThreads is true that may cause Netty to create a lot garbage objects and, as a result, trigger GC.
	It is recommended to disable useCacheForAllThreads by setting -Dorg.apache.ratis.thirdparty.io.netty.allocator.useCacheForAllThreads=false in command line.
2019-09-25 05:41:02,473 [main] INFO  grpc.GrpcConfigKeys$Server (ConfUtils.java:logGet(43)) - raft.grpc.server.port = 0 (default)
2019-09-25 05:41:02,473 [main] INFO  server.GrpcService (ConfUtils.java:logGet(43)) - raft.grpc.message.size.max = 33570816 (custom)
2019-09-25 05:41:02,474 [main] INFO  server.RaftServerConfigKeys (ConfUtils.java:logGet(43)) - raft.server.log.appender.buffer.byte-limit = 33554432 (custom)
2019-09-25 05:41:02,474 [main] INFO  server.GrpcService (ConfUtils.java:logGet(43)) - raft.grpc.flow.control.window = 1MB (=1048576) (default)
2019-09-25 05:41:02,474 [main] INFO  server.RaftServerConfigKeys (ConfUtils.java:logGet(43)) - raft.server.rpc.request.timeout = 3000ms (default)
2019-09-25 05:41:02,475 [main] INFO  server.RaftServerConfigKeys (ConfUtils.java:logGet(43)) - raft.server.storage.dir = [/workdir/hadoop-ozone/integration-test/target/test-dir/MiniOzoneClusterImpl-5f167f52-bad4-483d-8ef4-c1e76e705afb/datanode-5/data/ratis] (custom)
2019-09-25 05:41:02,476 [main] INFO  hdfs.DFSUtil (DFSUtil.java:httpServerTemplateForNNAndJN(1641)) - Starting Web-server for hddsDatanode at: http://0.0.0.0:0
2019-09-25 05:41:02,477 [main] INFO  server.AuthenticationFilter (AuthenticationFilter.java:constructSecretProvider(240)) - Unable to initialize FileSignerSecretProvider, falling back to use random secrets.
2019-09-25 05:41:02,478 [main] WARN  http.HttpRequestLog (HttpRequestLog.java:getRequestLog(97)) - Jetty request log can only be enabled using Log4j
2019-09-25 05:41:02,479 [main] INFO  http.HttpServer2 (HttpServer2.java:addGlobalFilter(975)) - Added global filter 'safety' (class=org.apache.hadoop.http.HttpServer2$QuotingInputFilter)
2019-09-25 05:41:02,480 [main] INFO  http.HttpServer2 (HttpServer2.java:addFilter(948)) - Added filter static_user_filter (class=org.apache.hadoop.http.lib.StaticUserWebFilter$StaticUserFilter) to context hddsDatanode
2019-09-25 05:41:02,480 [main] INFO  http.HttpServer2 (HttpServer2.java:addFilter(958)) - Added filter static_user_filter (class=org.apache.hadoop.http.lib.StaticUserWebFilter$StaticUserFilter) to context logs
2019-09-25 05:41:02,480 [main] INFO  http.HttpServer2 (HttpServer2.java:addFilter(958)) - Added filter static_user_filter (class=org.apache.hadoop.http.lib.StaticUserWebFilter$StaticUserFilter) to context static
2019-09-25 05:41:02,481 [main] INFO  http.HttpServer2 (HttpServer2.java:bindListener(1191)) - Jetty bound to port 37757
2019-09-25 05:41:02,481 [main] INFO  server.Server (Server.java:doStart(351)) - jetty-9.3.25.v20180904, build timestamp: 2018-09-04T21:11:46Z, git hash: 3ce520221d0240229c862b122d2b06c12a625732
2019-09-25 05:41:02,482 [main] INFO  handler.ContextHandler (ContextHandler.java:doStart(781)) - Started o.e.j.s.ServletContextHandler@12eedfee{/logs,file:///workdir/hadoop-ozone/integration-test/target/log,AVAILABLE}
2019-09-25 05:41:02,483 [main] INFO  handler.ContextHandler (ContextHandler.java:doStart(781)) - Started o.e.j.s.ServletContextHandler@1352434e{/static,jar:file:/home/user/.m2/repository/org/apache/hadoop/hadoop-hdds-container-service/0.5.0-SNAPSHOT/hadoop-hdds-container-service-0.5.0-SNAPSHOT.jar!/webapps/static,AVAILABLE}
2019-09-25 05:41:02,512 [main] INFO  handler.ContextHandler (ContextHandler.java:doStart(781)) - Started o.e.j.w.WebAppContext@64d4f7c7{/,file:///tmp/jetty-0.0.0.0-37757-hddsDatanode-_-any-2850487796537943245.dir/webapp/,AVAILABLE}{/hddsDatanode}
2019-09-25 05:41:02,513 [main] INFO  server.AbstractConnector (AbstractConnector.java:doStart(278)) - Started ServerConnector@54e02f6a{HTTP/1.1,[http/1.1]}{0.0.0.0:37757}
2019-09-25 05:41:02,514 [main] INFO  server.Server (Server.java:doStart(419)) - Started @5352ms
2019-09-25 05:41:02,514 [main] WARN  impl.MetricsSystemImpl (MetricsSystemImpl.java:register(276)) - Sink prometheus already exists!
2019-09-25 05:41:02,515 [main] INFO  server.BaseHttpServer (BaseHttpServer.java:updateConnectorAddress(215)) - HTTP server of HDDSDATANODE is listening at http://0.0.0.0:37757
2019-09-25 05:41:02,515 [main] INFO  impl.MetricsSystemImpl (MetricsSystemImpl.java:init(158)) - HddsDatanode metrics system started (again)
2019-09-25 05:41:02,518 [org.apache.hadoop.util.JvmPauseMonitor$Monitor@c9fcd4] INFO  util.JvmPauseMonitor (JvmPauseMonitor.java:run(188)) - Starting JVM pause monitor
2019-09-25 05:41:02,519 [main] INFO  ozone.HddsDatanodeService (HddsDatanodeService.java:start(184)) - HddsDatanodeService host:pr-hdds-1569-s62bp-3040748787 ip:192.168.30.10
2019-09-25 05:41:02,521 [Datanode State Machine Thread - 0] INFO  datanode.InitDatanodeState (InitDatanodeState.java:persistContainerDatanodeDetails(140)) - DatanodeDetails is persisted to /workdir/hadoop-ozone/integration-test/target/test-dir/MiniOzoneClusterImpl-5f167f52-bad4-483d-8ef4-c1e76e705afb/datanode-5/meta/datanode.id
2019-09-25 05:41:02,526 [main] INFO  volume.HddsVolume (HddsVolume.java:<init>(176)) - Creating Volume: /workdir/hadoop-ozone/integration-test/target/test-dir/MiniOzoneClusterImpl-5f167f52-bad4-483d-8ef4-c1e76e705afb/datanode-6/data/containers/hdds of  storage type : DISK and capacity : 1482555576320
2019-09-25 05:41:02,527 [main] INFO  volume.VolumeSet (VolumeSet.java:initializeVolumeSet(170)) - Added Volume : /workdir/hadoop-ozone/integration-test/target/test-dir/MiniOzoneClusterImpl-5f167f52-bad4-483d-8ef4-c1e76e705afb/datanode-6/data/containers/hdds to VolumeSet
2019-09-25 05:41:02,527 [main] INFO  volume.ThrottledAsyncChecker (ThrottledAsyncChecker.java:schedule(139)) - Scheduling a check for org.apache.hadoop.ozone.container.common.volume.HddsVolume@524270b8
2019-09-25 05:41:02,528 [main] INFO  volume.HddsVolumeChecker (HddsVolumeChecker.java:checkAllVolumes(202)) - Scheduled health check for volume org.apache.hadoop.ozone.container.common.volume.HddsVolume@524270b8
2019-09-25 05:41:02,544 [main] INFO  impl.RaftServerProxy (ConfUtils.java:logGet(43)) - raft.rpc.type = GRPC (default)
2019-09-25 05:41:02,544 [main] INFO  grpc.GrpcFactory (GrpcFactory.java:checkPooledByteBufAllocatorUseCacheForAllThreads(45)) - PERFORMANCE WARNING: useCacheForAllThreads is true that may cause Netty to create a lot garbage objects and, as a result, trigger GC.
	It is recommended to disable useCacheForAllThreads by setting -Dorg.apache.ratis.thirdparty.io.netty.allocator.useCacheForAllThreads=false in command line.
2019-09-25 05:41:02,544 [main] INFO  grpc.GrpcConfigKeys$Server (ConfUtils.java:logGet(43)) - raft.grpc.server.port = 0 (default)
2019-09-25 05:41:02,544 [main] INFO  server.GrpcService (ConfUtils.java:logGet(43)) - raft.grpc.message.size.max = 33570816 (custom)
2019-09-25 05:41:02,545 [main] INFO  server.RaftServerConfigKeys (ConfUtils.java:logGet(43)) - raft.server.log.appender.buffer.byte-limit = 33554432 (custom)
2019-09-25 05:41:02,545 [main] INFO  server.GrpcService (ConfUtils.java:logGet(43)) - raft.grpc.flow.control.window = 1MB (=1048576) (default)
2019-09-25 05:41:02,545 [main] INFO  server.RaftServerConfigKeys (ConfUtils.java:logGet(43)) - raft.server.rpc.request.timeout = 3000ms (default)
2019-09-25 05:41:02,546 [main] INFO  server.RaftServerConfigKeys (ConfUtils.java:logGet(43)) - raft.server.storage.dir = [/workdir/hadoop-ozone/integration-test/target/test-dir/MiniOzoneClusterImpl-5f167f52-bad4-483d-8ef4-c1e76e705afb/datanode-6/data/ratis] (custom)
2019-09-25 05:41:02,547 [main] INFO  hdfs.DFSUtil (DFSUtil.java:httpServerTemplateForNNAndJN(1641)) - Starting Web-server for hddsDatanode at: http://0.0.0.0:0
2019-09-25 05:41:02,548 [main] INFO  server.AuthenticationFilter (AuthenticationFilter.java:constructSecretProvider(240)) - Unable to initialize FileSignerSecretProvider, falling back to use random secrets.
2019-09-25 05:41:02,549 [main] WARN  http.HttpRequestLog (HttpRequestLog.java:getRequestLog(97)) - Jetty request log can only be enabled using Log4j
2019-09-25 05:41:02,550 [main] INFO  http.HttpServer2 (HttpServer2.java:addGlobalFilter(975)) - Added global filter 'safety' (class=org.apache.hadoop.http.HttpServer2$QuotingInputFilter)
2019-09-25 05:41:02,551 [main] INFO  http.HttpServer2 (HttpServer2.java:addFilter(948)) - Added filter static_user_filter (class=org.apache.hadoop.http.lib.StaticUserWebFilter$StaticUserFilter) to context hddsDatanode
2019-09-25 05:41:02,551 [main] INFO  http.HttpServer2 (HttpServer2.java:addFilter(958)) - Added filter static_user_filter (class=org.apache.hadoop.http.lib.StaticUserWebFilter$StaticUserFilter) to context static
2019-09-25 05:41:02,551 [main] INFO  http.HttpServer2 (HttpServer2.java:addFilter(958)) - Added filter static_user_filter (class=org.apache.hadoop.http.lib.StaticUserWebFilter$StaticUserFilter) to context logs
2019-09-25 05:41:02,552 [main] INFO  http.HttpServer2 (HttpServer2.java:bindListener(1191)) - Jetty bound to port 33158
2019-09-25 05:41:02,552 [main] INFO  server.Server (Server.java:doStart(351)) - jetty-9.3.25.v20180904, build timestamp: 2018-09-04T21:11:46Z, git hash: 3ce520221d0240229c862b122d2b06c12a625732
2019-09-25 05:41:02,554 [main] INFO  handler.ContextHandler (ContextHandler.java:doStart(781)) - Started o.e.j.s.ServletContextHandler@66b59b7d{/logs,file:///workdir/hadoop-ozone/integration-test/target/log,AVAILABLE}
2019-09-25 05:41:02,554 [main] INFO  handler.ContextHandler (ContextHandler.java:doStart(781)) - Started o.e.j.s.ServletContextHandler@4437ac07{/static,jar:file:/home/user/.m2/repository/org/apache/hadoop/hadoop-hdds-container-service/0.5.0-SNAPSHOT/hadoop-hdds-container-service-0.5.0-SNAPSHOT.jar!/webapps/static,AVAILABLE}
2019-09-25 05:41:02,584 [main] INFO  handler.ContextHandler (ContextHandler.java:doStart(781)) - Started o.e.j.w.WebAppContext@648d0e6d{/,file:///tmp/jetty-0.0.0.0-33158-hddsDatanode-_-any-6737045232269124679.dir/webapp/,AVAILABLE}{/hddsDatanode}
2019-09-25 05:41:02,585 [main] INFO  server.AbstractConnector (AbstractConnector.java:doStart(278)) - Started ServerConnector@79e66b2f{HTTP/1.1,[http/1.1]}{0.0.0.0:33158}
2019-09-25 05:41:02,591 [main] INFO  server.Server (Server.java:doStart(419)) - Started @5428ms
2019-09-25 05:41:02,591 [main] WARN  impl.MetricsSystemImpl (MetricsSystemImpl.java:register(276)) - Sink prometheus already exists!
2019-09-25 05:41:02,592 [main] INFO  server.BaseHttpServer (BaseHttpServer.java:updateConnectorAddress(215)) - HTTP server of HDDSDATANODE is listening at http://0.0.0.0:33158
2019-09-25 05:41:02,594 [main] INFO  ozone.MiniOzoneClusterImpl (MiniOzoneClusterImpl.java:lambda$waitForClusterToBeReady$0(147)) - Waiting for cluster to be ready. Got 0 of 7 DN Heartbeats.
2019-09-25 05:41:02,595 [org.apache.hadoop.util.JvmPauseMonitor$Monitor@2bc1b0f5] INFO  util.JvmPauseMonitor (JvmPauseMonitor.java:run(188)) - Starting JVM pause monitor
2019-09-25 05:41:02,599 [Datanode State Machine Thread - 0] INFO  datanode.InitDatanodeState (InitDatanodeState.java:persistContainerDatanodeDetails(140)) - DatanodeDetails is persisted to /workdir/hadoop-ozone/integration-test/target/test-dir/MiniOzoneClusterImpl-5f167f52-bad4-483d-8ef4-c1e76e705afb/datanode-6/meta/datanode.id
2019-09-25 05:41:03,594 [main] INFO  ozone.MiniOzoneClusterImpl (MiniOzoneClusterImpl.java:lambda$waitForClusterToBeReady$0(147)) - Waiting for cluster to be ready. Got 0 of 7 DN Heartbeats.
2019-09-25 05:41:04,281 [Datanode State Machine Thread - 0] INFO  ozoneimpl.OzoneContainer (OzoneContainer.java:start(217)) - Attempting to start container services.
2019-09-25 05:41:04,285 [Datanode State Machine Thread - 0] INFO  ozoneimpl.OzoneContainer (OzoneContainer.java:start(217)) - Attempting to start container services.
2019-09-25 05:41:04,286 [Datanode State Machine Thread - 0] INFO  ozoneimpl.OzoneContainer (OzoneContainer.java:startContainerScrub(179)) - Background container scanner has been disabled.
2019-09-25 05:41:04,291 [Datanode State Machine Thread - 0] INFO  ozoneimpl.OzoneContainer (OzoneContainer.java:startContainerScrub(179)) - Background container scanner has been disabled.
2019-09-25 05:41:04,291 [Datanode State Machine Thread - 0] INFO  ratis.XceiverServerRatis (XceiverServerRatis.java:start(411)) - Starting XceiverServerRatis fe7430cd-f76a-4ec3-9a68-9236192633d5 at port 0
2019-09-25 05:41:04,291 [Datanode State Machine Thread - 0] INFO  ratis.XceiverServerRatis (XceiverServerRatis.java:start(411)) - Starting XceiverServerRatis ba526371-bbb0-45ae-a73e-928578471dee at port 0
2019-09-25 05:41:04,328 [Datanode State Machine Thread - 0] INFO  impl.RaftServerProxy (RaftServerProxy.java:lambda$start$3(299)) - ba526371-bbb0-45ae-a73e-928578471dee: start RPC server
2019-09-25 05:41:04,328 [Datanode State Machine Thread - 0] INFO  impl.RaftServerProxy (RaftServerProxy.java:lambda$start$3(299)) - fe7430cd-f76a-4ec3-9a68-9236192633d5: start RPC server
2019-09-25 05:41:04,341 [Datanode State Machine Thread - 0] INFO  ozoneimpl.OzoneContainer (OzoneContainer.java:start(217)) - Attempting to start container services.
2019-09-25 05:41:04,343 [Datanode State Machine Thread - 0] INFO  ozoneimpl.OzoneContainer (OzoneContainer.java:startContainerScrub(179)) - Background container scanner has been disabled.
2019-09-25 05:41:04,343 [Datanode State Machine Thread - 0] INFO  ratis.XceiverServerRatis (XceiverServerRatis.java:start(411)) - Starting XceiverServerRatis 9c5364a7-ba03-46bb-ba71-b490d4b445f4 at port 0
2019-09-25 05:41:04,352 [Datanode State Machine Thread - 0] INFO  impl.RaftServerProxy (RaftServerProxy.java:lambda$start$3(299)) - 9c5364a7-ba03-46bb-ba71-b490d4b445f4: start RPC server
2019-09-25 05:41:04,443 [Datanode State Machine Thread - 0] INFO  ozoneimpl.OzoneContainer (OzoneContainer.java:start(217)) - Attempting to start container services.
2019-09-25 05:41:04,448 [Datanode State Machine Thread - 0] INFO  ozoneimpl.OzoneContainer (OzoneContainer.java:startContainerScrub(179)) - Background container scanner has been disabled.
2019-09-25 05:41:04,448 [Datanode State Machine Thread - 0] INFO  ratis.XceiverServerRatis (XceiverServerRatis.java:start(411)) - Starting XceiverServerRatis a0f9784c-b240-4740-a75c-f623c7ee251f at port 0
2019-09-25 05:41:04,467 [Datanode State Machine Thread - 0] INFO  impl.RaftServerProxy (RaftServerProxy.java:lambda$start$3(299)) - a0f9784c-b240-4740-a75c-f623c7ee251f: start RPC server
2019-09-25 05:41:04,489 [Datanode State Machine Thread - 0] INFO  server.GrpcService (GrpcService.java:startImpl(158)) - a0f9784c-b240-4740-a75c-f623c7ee251f: GrpcService started, listening on 0.0.0.0/0.0.0.0:36265
2019-09-25 05:41:04,489 [Datanode State Machine Thread - 0] INFO  server.GrpcService (GrpcService.java:startImpl(158)) - fe7430cd-f76a-4ec3-9a68-9236192633d5: GrpcService started, listening on 0.0.0.0/0.0.0.0:33443
2019-09-25 05:41:04,489 [Datanode State Machine Thread - 0] INFO  server.GrpcService (GrpcService.java:startImpl(158)) - 9c5364a7-ba03-46bb-ba71-b490d4b445f4: GrpcService started, listening on 0.0.0.0/0.0.0.0:36102
2019-09-25 05:41:04,489 [Datanode State Machine Thread - 0] INFO  server.GrpcService (GrpcService.java:startImpl(158)) - ba526371-bbb0-45ae-a73e-928578471dee: GrpcService started, listening on 0.0.0.0/0.0.0.0:42293
2019-09-25 05:41:04,491 [Datanode State Machine Thread - 0] INFO  ratis.XceiverServerRatis (XceiverServerRatis.java:start(421)) - XceiverServerRatis 9c5364a7-ba03-46bb-ba71-b490d4b445f4 is started using port 36102
2019-09-25 05:41:04,491 [Datanode State Machine Thread - 0] INFO  ratis.XceiverServerRatis (XceiverServerRatis.java:start(421)) - XceiverServerRatis fe7430cd-f76a-4ec3-9a68-9236192633d5 is started using port 33443
2019-09-25 05:41:04,491 [Datanode State Machine Thread - 0] INFO  ratis.XceiverServerRatis (XceiverServerRatis.java:start(421)) - XceiverServerRatis a0f9784c-b240-4740-a75c-f623c7ee251f is started using port 36265
2019-09-25 05:41:04,491 [Datanode State Machine Thread - 0] INFO  ratis.XceiverServerRatis (XceiverServerRatis.java:start(421)) - XceiverServerRatis ba526371-bbb0-45ae-a73e-928578471dee is started using port 42293
2019-09-25 05:41:04,499 [Datanode State Machine Thread - 0] INFO  server.XceiverServerGrpc (XceiverServerGrpc.java:start(149)) - XceiverServerGrpc 9c5364a7-ba03-46bb-ba71-b490d4b445f4 is started using port 46836
2019-09-25 05:41:04,499 [Datanode State Machine Thread - 0] INFO  server.XceiverServerGrpc (XceiverServerGrpc.java:start(149)) - XceiverServerGrpc a0f9784c-b240-4740-a75c-f623c7ee251f is started using port 34168
2019-09-25 05:41:04,499 [Datanode State Machine Thread - 0] INFO  server.XceiverServerGrpc (XceiverServerGrpc.java:start(149)) - XceiverServerGrpc ba526371-bbb0-45ae-a73e-928578471dee is started using port 40769
2019-09-25 05:41:04,499 [Datanode State Machine Thread - 0] INFO  server.XceiverServerGrpc (XceiverServerGrpc.java:start(149)) - XceiverServerGrpc fe7430cd-f76a-4ec3-9a68-9236192633d5 is started using port 44283
2019-09-25 05:41:04,524 [Datanode State Machine Thread - 0] INFO  ozoneimpl.OzoneContainer (OzoneContainer.java:start(217)) - Attempting to start container services.
2019-09-25 05:41:04,525 [Datanode State Machine Thread - 0] INFO  ozoneimpl.OzoneContainer (OzoneContainer.java:startContainerScrub(179)) - Background container scanner has been disabled.
2019-09-25 05:41:04,525 [Datanode State Machine Thread - 0] INFO  ratis.XceiverServerRatis (XceiverServerRatis.java:start(411)) - Starting XceiverServerRatis b174d07b-8033-4c6a-8b88-597cc4628727 at port 0
2019-09-25 05:41:04,530 [Datanode State Machine Thread - 0] INFO  impl.RaftServerProxy (RaftServerProxy.java:lambda$start$3(299)) - b174d07b-8033-4c6a-8b88-597cc4628727: start RPC server
2019-09-25 05:41:04,533 [Datanode State Machine Thread - 0] INFO  server.GrpcService (GrpcService.java:startImpl(158)) - b174d07b-8033-4c6a-8b88-597cc4628727: GrpcService started, listening on 0.0.0.0/0.0.0.0:38637
2019-09-25 05:41:04,533 [Datanode State Machine Thread - 0] INFO  ratis.XceiverServerRatis (XceiverServerRatis.java:start(421)) - XceiverServerRatis b174d07b-8033-4c6a-8b88-597cc4628727 is started using port 38637
2019-09-25 05:41:04,535 [Datanode State Machine Thread - 0] INFO  server.XceiverServerGrpc (XceiverServerGrpc.java:start(149)) - XceiverServerGrpc b174d07b-8033-4c6a-8b88-597cc4628727 is started using port 38178
2019-09-25 05:41:04,556 [Datanode State Machine Thread - 0] INFO  ozoneimpl.OzoneContainer (OzoneContainer.java:start(217)) - Attempting to start container services.
2019-09-25 05:41:04,557 [Datanode State Machine Thread - 0] INFO  ozoneimpl.OzoneContainer (OzoneContainer.java:startContainerScrub(179)) - Background container scanner has been disabled.
2019-09-25 05:41:04,557 [Datanode State Machine Thread - 0] INFO  ratis.XceiverServerRatis (XceiverServerRatis.java:start(411)) - Starting XceiverServerRatis c1b8ccaf-89e0-45fc-9fa3-d1b440a7dff4 at port 0
2019-09-25 05:41:04,562 [Datanode State Machine Thread - 0] INFO  impl.RaftServerProxy (RaftServerProxy.java:lambda$start$3(299)) - c1b8ccaf-89e0-45fc-9fa3-d1b440a7dff4: start RPC server
2019-09-25 05:41:04,564 [Datanode State Machine Thread - 0] INFO  server.GrpcService (GrpcService.java:startImpl(158)) - c1b8ccaf-89e0-45fc-9fa3-d1b440a7dff4: GrpcService started, listening on 0.0.0.0/0.0.0.0:35376
2019-09-25 05:41:04,564 [Datanode State Machine Thread - 0] INFO  ratis.XceiverServerRatis (XceiverServerRatis.java:start(421)) - XceiverServerRatis c1b8ccaf-89e0-45fc-9fa3-d1b440a7dff4 is started using port 35376
2019-09-25 05:41:04,566 [Datanode State Machine Thread - 0] INFO  server.XceiverServerGrpc (XceiverServerGrpc.java:start(149)) - XceiverServerGrpc c1b8ccaf-89e0-45fc-9fa3-d1b440a7dff4 is started using port 36024
2019-09-25 05:41:04,596 [main] INFO  ozone.MiniOzoneClusterImpl (MiniOzoneClusterImpl.java:lambda$waitForClusterToBeReady$0(147)) - Waiting for cluster to be ready. Got 0 of 7 DN Heartbeats.
2019-09-25 05:41:04,661 [Datanode State Machine Thread - 0] INFO  ozoneimpl.OzoneContainer (OzoneContainer.java:start(217)) - Attempting to start container services.
2019-09-25 05:41:04,662 [Datanode State Machine Thread - 0] INFO  ozoneimpl.OzoneContainer (OzoneContainer.java:startContainerScrub(179)) - Background container scanner has been disabled.
2019-09-25 05:41:04,662 [Datanode State Machine Thread - 0] INFO  ratis.XceiverServerRatis (XceiverServerRatis.java:start(411)) - Starting XceiverServerRatis ddbbae55-12b9-461a-b1dd-678d37e66059 at port 0
2019-09-25 05:41:04,668 [Datanode State Machine Thread - 0] INFO  impl.RaftServerProxy (RaftServerProxy.java:lambda$start$3(299)) - ddbbae55-12b9-461a-b1dd-678d37e66059: start RPC server
2019-09-25 05:41:04,673 [Datanode State Machine Thread - 0] INFO  server.GrpcService (GrpcService.java:startImpl(158)) - ddbbae55-12b9-461a-b1dd-678d37e66059: GrpcService started, listening on 0.0.0.0/0.0.0.0:43177
2019-09-25 05:41:04,673 [Datanode State Machine Thread - 0] INFO  ratis.XceiverServerRatis (XceiverServerRatis.java:start(421)) - XceiverServerRatis ddbbae55-12b9-461a-b1dd-678d37e66059 is started using port 43177
2019-09-25 05:41:04,676 [Datanode State Machine Thread - 0] INFO  server.XceiverServerGrpc (XceiverServerGrpc.java:start(149)) - XceiverServerGrpc ddbbae55-12b9-461a-b1dd-678d37e66059 is started using port 46868
2019-09-25 05:41:05,596 [main] INFO  ozone.MiniOzoneClusterImpl (MiniOzoneClusterImpl.java:lambda$waitForClusterToBeReady$0(147)) - Waiting for cluster to be ready. Got 0 of 7 DN Heartbeats.
2019-09-25 05:41:06,164 [IPC Server handler 1 on 40352] INFO  net.NetworkTopology (NetworkTopologyImpl.java:add(111)) - Added a new node: /default-rack/fe7430cd-f76a-4ec3-9a68-9236192633d5
2019-09-25 05:41:06,166 [IPC Server handler 1 on 40352] INFO  node.SCMNodeManager (SCMNodeManager.java:register(266)) - Registered Data node : fe7430cd-f76a-4ec3-9a68-9236192633d5{ip: 192.168.30.10, host: pr-hdds-1569-s62bp-3040748787, networkLocation: /default-rack, certSerialId: null}
2019-09-25 05:41:06,169 [EventQueue-NodeRegistrationContainerReportForDataNodeSafeModeRule] INFO  safemode.SCMSafeModeManager (DataNodeSafeModeRule.java:process(71)) - SCM in safe mode. 1 DataNodes registered, 1 required.
2019-09-25 05:41:06,169 [EventQueue-NodeRegistrationContainerReportForDataNodeSafeModeRule] INFO  safemode.SCMSafeModeManager (SCMSafeModeManager.java:validateSafeModeExitRules(177)) - ScmSafeModeManager, all rules are successfully validated
2019-09-25 05:41:06,169 [EventQueue-NodeRegistrationContainerReportForDataNodeSafeModeRule] INFO  safemode.SCMSafeModeManager (SCMSafeModeManager.java:exitSafeMode(193)) - SCM exiting safe mode.
2019-09-25 05:41:06,207 [IPC Server handler 2 on 40352] INFO  net.NetworkTopology (NetworkTopologyImpl.java:add(111)) - Added a new node: /default-rack/ba526371-bbb0-45ae-a73e-928578471dee
2019-09-25 05:41:06,207 [IPC Server handler 2 on 40352] INFO  node.SCMNodeManager (SCMNodeManager.java:register(266)) - Registered Data node : ba526371-bbb0-45ae-a73e-928578471dee{ip: 192.168.30.10, host: pr-hdds-1569-s62bp-3040748787, networkLocation: /default-rack, certSerialId: null}
2019-09-25 05:41:06,284 [IPC Server handler 3 on 40352] INFO  net.NetworkTopology (NetworkTopologyImpl.java:add(111)) - Added a new node: /default-rack/9c5364a7-ba03-46bb-ba71-b490d4b445f4
2019-09-25 05:41:06,285 [IPC Server handler 3 on 40352] INFO  node.SCMNodeManager (SCMNodeManager.java:register(266)) - Registered Data node : 9c5364a7-ba03-46bb-ba71-b490d4b445f4{ip: 192.168.30.10, host: pr-hdds-1569-s62bp-3040748787, networkLocation: /default-rack, certSerialId: null}
2019-09-25 05:41:06,383 [IPC Server handler 4 on 40352] INFO  net.NetworkTopology (NetworkTopologyImpl.java:add(111)) - Added a new node: /default-rack/a0f9784c-b240-4740-a75c-f623c7ee251f
2019-09-25 05:41:06,383 [IPC Server handler 4 on 40352] INFO  node.SCMNodeManager (SCMNodeManager.java:register(266)) - Registered Data node : a0f9784c-b240-4740-a75c-f623c7ee251f{ip: 192.168.30.10, host: pr-hdds-1569-s62bp-3040748787, networkLocation: /default-rack, certSerialId: null}
2019-09-25 05:41:06,454 [IPC Server handler 5 on 40352] INFO  net.NetworkTopology (NetworkTopologyImpl.java:add(111)) - Added a new node: /default-rack/b174d07b-8033-4c6a-8b88-597cc4628727
2019-09-25 05:41:06,455 [IPC Server handler 5 on 40352] INFO  node.SCMNodeManager (SCMNodeManager.java:register(266)) - Registered Data node : b174d07b-8033-4c6a-8b88-597cc4628727{ip: 192.168.30.10, host: pr-hdds-1569-s62bp-3040748787, networkLocation: /default-rack, certSerialId: null}
2019-09-25 05:41:06,521 [IPC Server handler 6 on 40352] INFO  net.NetworkTopology (NetworkTopologyImpl.java:add(111)) - Added a new node: /default-rack/c1b8ccaf-89e0-45fc-9fa3-d1b440a7dff4
2019-09-25 05:41:06,521 [IPC Server handler 6 on 40352] INFO  node.SCMNodeManager (SCMNodeManager.java:register(266)) - Registered Data node : c1b8ccaf-89e0-45fc-9fa3-d1b440a7dff4{ip: 192.168.30.10, host: pr-hdds-1569-s62bp-3040748787, networkLocation: /default-rack, certSerialId: null}
2019-09-25 05:41:06,597 [main] INFO  ozone.MiniOzoneClusterImpl (MiniOzoneClusterImpl.java:lambda$waitForClusterToBeReady$0(147)) - Waiting for cluster to be ready. Got 6 of 7 DN Heartbeats.
2019-09-25 05:41:06,597 [IPC Server handler 7 on 40352] INFO  net.NetworkTopology (NetworkTopologyImpl.java:add(111)) - Added a new node: /default-rack/ddbbae55-12b9-461a-b1dd-678d37e66059
2019-09-25 05:41:06,598 [IPC Server handler 7 on 40352] INFO  node.SCMNodeManager (SCMNodeManager.java:register(266)) - Registered Data node : ddbbae55-12b9-461a-b1dd-678d37e66059{ip: 192.168.30.10, host: pr-hdds-1569-s62bp-3040748787, networkLocation: /default-rack, certSerialId: null}
2019-09-25 05:41:06,658 [grpc-default-executor-0] INFO  impl.RaftServerProxy (RaftServerProxy.java:addNew(89)) - fe7430cd-f76a-4ec3-9a68-9236192633d5: addNew group-0936D7EEBBF4:[fe7430cd-f76a-4ec3-9a68-9236192633d5:192.168.30.10:33443] returns group-0936D7EEBBF4:java.util.concurrent.CompletableFuture@61c11f61[Not completed]
2019-09-25 05:41:06,673 [pool-27-thread-1] INFO  impl.RaftServerImpl (RaftServerImpl.java:<init>(95)) - fe7430cd-f76a-4ec3-9a68-9236192633d5: new RaftServerImpl for group-0936D7EEBBF4:[fe7430cd-f76a-4ec3-9a68-9236192633d5:192.168.30.10:33443] with ContainerStateMachine:uninitialized
2019-09-25 05:41:06,674 [pool-27-thread-1] INFO  server.RaftServerConfigKeys (ConfUtils.java:logGet(43)) - raft.server.rpc.timeout.min = 5s (custom)
2019-09-25 05:41:06,675 [pool-27-thread-1] INFO  server.RaftServerConfigKeys (ConfUtils.java:logGet(43)) - raft.server.rpc.timeout.max = 5200ms (custom)
2019-09-25 05:41:06,676 [pool-27-thread-1] INFO  server.RaftServerConfigKeys (ConfUtils.java:logGet(43)) - raft.server.rpcslowness.timeout = 120s (custom)
2019-09-25 05:41:06,676 [pool-27-thread-1] INFO  server.RaftServerConfigKeys (ConfUtils.java:logGet(43)) - raft.server.sleep.deviation.threshold = 300 (default)
2019-09-25 05:41:06,677 [pool-27-thread-1] INFO  server.RaftServerConfigKeys (ConfUtils.java:logGet(43)) - raft.server.log.appender.install.snapshot.enabled = false (custom)
2019-09-25 05:41:06,684 [pool-27-thread-1] INFO  impl.RaftServerImpl (ServerState.java:<init>(103)) - fe7430cd-f76a-4ec3-9a68-9236192633d5@group-0936D7EEBBF4: ConfigurationManager, init=-1: [fe7430cd-f76a-4ec3-9a68-9236192633d5:192.168.30.10:33443], old=null, confs=<EMPTY_MAP>
2019-09-25 05:41:06,684 [pool-27-thread-1] INFO  server.RaftServerConfigKeys (ConfUtils.java:logGet(43)) - raft.server.storage.dir = [/workdir/hadoop-ozone/integration-test/target/test-dir/MiniOzoneClusterImpl-5f167f52-bad4-483d-8ef4-c1e76e705afb/datanode-0/data/ratis] (custom)
2019-09-25 05:41:06,690 [pool-27-thread-1] INFO  storage.RaftStorageDirectory (RaftStorageDirectory.java:analyzeStorage(246)) - The storage directory /workdir/hadoop-ozone/integration-test/target/test-dir/MiniOzoneClusterImpl-5f167f52-bad4-483d-8ef4-c1e76e705afb/datanode-0/data/ratis/cf39084a-0a47-4a4a-aa70-0936d7eebbf4 does not exist. Creating ...
2019-09-25 05:41:06,779 [pool-27-thread-1] INFO  storage.RaftStorageDirectory (RaftStorageDirectory.java:tryLock(328)) - Lock on /workdir/hadoop-ozone/integration-test/target/test-dir/MiniOzoneClusterImpl-5f167f52-bad4-483d-8ef4-c1e76e705afb/datanode-0/data/ratis/cf39084a-0a47-4a4a-aa70-0936d7eebbf4/in_use.lock acquired by nodename 13539@pr-hdds-1569-s62bp-3040748787
2019-09-25 05:41:06,829 [pool-27-thread-1] INFO  storage.RaftStorage (RaftStorage.java:format(72)) - Storage directory /workdir/hadoop-ozone/integration-test/target/test-dir/MiniOzoneClusterImpl-5f167f52-bad4-483d-8ef4-c1e76e705afb/datanode-0/data/ratis/cf39084a-0a47-4a4a-aa70-0936d7eebbf4 has been successfully formatted.
2019-09-25 05:41:06,832 [pool-27-thread-1] INFO  ratis.ContainerStateMachine (ContainerStateMachine.java:loadSnapshot(230)) - group-0936D7EEBBF4: The snapshot info is null. Setting the last applied indexto:(t:0, i:~)
2019-09-25 05:41:06,832 [pool-27-thread-1] INFO  server.RaftServerConfigKeys (ConfUtils.java:logGet(43)) - raft.server.notification.no-leader.timeout = 120s (custom)
2019-09-25 05:41:06,835 [pool-27-thread-1] INFO  server.RaftServerConfigKeys (ConfUtils.java:logGet(43)) - raft.server.log.use.memory = false (default)
2019-09-25 05:41:06,843 [pool-27-thread-1] INFO  server.RaftServerConfigKeys (ConfUtils.java:logGet(43)) - raft.server.log.purge.gap = 1000000 (custom)
2019-09-25 05:41:06,844 [pool-27-thread-1] INFO  server.RaftServerConfigKeys (ConfUtils.java:logGet(43)) - raft.server.log.appender.buffer.byte-limit = 33554432 (custom)
2019-09-25 05:41:06,846 [pool-27-thread-1] INFO  server.RaftServerConfigKeys (ConfUtils.java:logGet(43)) - raft.server.log.segment.size.max = 1048576 (custom)
2019-09-25 05:41:06,853 [pool-27-thread-1] INFO  server.RaftServerConfigKeys (ConfUtils.java:logGet(43)) - raft.server.log.segment.cache.num.max = 2 (custom)
2019-09-25 05:41:06,860 [pool-27-thread-1] INFO  segmented.SegmentedRaftLogWorker (SegmentedRaftLogWorker.java:<init>(172)) - new fe7430cd-f76a-4ec3-9a68-9236192633d5@group-0936D7EEBBF4-SegmentedRaftLogWorker for RaftStorage:Storage Directory /workdir/hadoop-ozone/integration-test/target/test-dir/MiniOzoneClusterImpl-5f167f52-bad4-483d-8ef4-c1e76e705afb/datanode-0/data/ratis/cf39084a-0a47-4a4a-aa70-0936d7eebbf4
2019-09-25 05:41:06,862 [pool-27-thread-1] INFO  impl.MetricsSystemImpl (MetricsSystemImpl.java:init(158)) - ratis metrics system started (again)
2019-09-25 05:41:06,870 [pool-27-thread-1] INFO  metrics.MetricRegistries (MetricRegistriesLoader.java:load(64)) - Loaded MetricRegistries class org.apache.ratis.metrics.impl.MetricRegistriesImpl
2019-09-25 05:41:06,903 [pool-27-thread-1] INFO  server.RaftServerConfigKeys (ConfUtils.java:logGet(43)) - raft.server.log.queue.byte-limit = 2147483647 (custom)
2019-09-25 05:41:06,904 [pool-27-thread-1] INFO  server.RaftServerConfigKeys (ConfUtils.java:logGet(43)) - raft.server.log.queue.element-limit = 1024 (custom)
2019-09-25 05:41:06,907 [pool-27-thread-1] INFO  server.RaftServerConfigKeys (ConfUtils.java:logGet(43)) - raft.server.log.segment.size.max = 1048576 (custom)
2019-09-25 05:41:06,908 [pool-27-thread-1] INFO  server.RaftServerConfigKeys (ConfUtils.java:logGet(43)) - raft.server.log.preallocated.size = 16384 (custom)
2019-09-25 05:41:06,908 [pool-27-thread-1] INFO  server.RaftServerConfigKeys (ConfUtils.java:logGet(43)) - raft.server.log.write.buffer.size = 33554432 (custom)
2019-09-25 05:41:06,908 [pool-27-thread-1] INFO  server.RaftServerConfigKeys (ConfUtils.java:logGet(43)) - raft.server.log.force.sync.num = 128 (default)
2019-09-25 05:41:06,910 [pool-27-thread-1] INFO  server.RaftServerConfigKeys (ConfUtils.java:logGet(43)) - raft.server.log.statemachine.data.sync = true (default)
2019-09-25 05:41:06,910 [pool-27-thread-1] INFO  server.RaftServerConfigKeys (ConfUtils.java:logGet(43)) - raft.server.log.statemachine.data.sync.timeout = 10s (default)
2019-09-25 05:41:06,910 [pool-27-thread-1] INFO  server.RaftServerConfigKeys (ConfUtils.java:logGet(43)) - raft.server.log.statemachine.data.sync.timeout.retry = -1 (default)
2019-09-25 05:41:06,920 [pool-27-thread-1] INFO  server.RaftServerConfigKeys (ConfUtils.java:logGet(43)) - raft.server.log.statemachine.data.caching.enabled = true (custom)
2019-09-25 05:41:06,924 [pool-27-thread-1] INFO  segmented.SegmentedRaftLogWorker (SegmentedRaftLogWorker.java:lambda$new$0(132)) - fe7430cd-f76a-4ec3-9a68-9236192633d5@group-0936D7EEBBF4-SegmentedRaftLogWorker: flushIndex: setUnconditionally 0 -> -1
2019-09-25 05:41:06,929 [pool-27-thread-1] INFO  server.RaftServerConfigKeys (ConfUtils.java:logGet(43)) - raft.server.snapshot.auto.trigger.enabled = true (custom)
2019-09-25 05:41:06,929 [pool-27-thread-1] INFO  server.RaftServerConfigKeys (ConfUtils.java:logGet(43)) - raft.server.snapshot.auto.trigger.threshold = 10000 (custom)
2019-09-25 05:41:06,930 [pool-27-thread-1] INFO  server.RaftServerConfigKeys (ConfUtils.java:logGet(43)) - raft.server.snapshot.retention.num.files = 5 (custom)
2019-09-25 05:41:06,930 [pool-27-thread-1] INFO  server.RaftServerConfigKeys (ConfUtils.java:logGet(43)) - raft.server.retrycache.expirytime = 600000ms (custom)
2019-09-25 05:41:06,956 [pool-27-thread-1] INFO  impl.RaftServerImpl (RaftServerImpl.java:start(185)) - fe7430cd-f76a-4ec3-9a68-9236192633d5@group-0936D7EEBBF4: start as a follower, conf=-1: [fe7430cd-f76a-4ec3-9a68-9236192633d5:192.168.30.10:33443], old=null
2019-09-25 05:41:06,957 [pool-27-thread-1] INFO  impl.RaftServerImpl (RaftServerImpl.java:setRole(174)) - fe7430cd-f76a-4ec3-9a68-9236192633d5@group-0936D7EEBBF4: changes role from      null to FOLLOWER at term 0 for startAsFollower
2019-09-25 05:41:06,958 [pool-27-thread-1] INFO  impl.RoleInfo (RoleInfo.java:updateAndGet(143)) - fe7430cd-f76a-4ec3-9a68-9236192633d5: start FollowerState
2019-09-25 05:41:06,960 [pool-27-thread-1] INFO  util.JmxRegister (JmxRegister.java:tryRegister(44)) - Successfully registered JMX Bean with object name Ratis:service=RaftServer,group=group-0936D7EEBBF4,id=fe7430cd-f76a-4ec3-9a68-9236192633d5
2019-09-25 05:41:07,031 [RatisPipelineUtilsThread] INFO  pipeline.PipelineStateManager (PipelineStateManager.java:addPipeline(56)) - Created pipeline Pipeline[ Id: cf39084a-0a47-4a4a-aa70-0936d7eebbf4, Nodes: fe7430cd-f76a-4ec3-9a68-9236192633d5{ip: 192.168.30.10, host: pr-hdds-1569-s62bp-3040748787, networkLocation: /default-rack, certSerialId: null}, Type:RATIS, Factor:ONE, State:OPEN]
2019-09-25 05:41:07,064 [grpc-default-executor-0] INFO  impl.RaftServerProxy (RaftServerProxy.java:addNew(89)) - 9c5364a7-ba03-46bb-ba71-b490d4b445f4: addNew group-E6CF19AEA87F:[9c5364a7-ba03-46bb-ba71-b490d4b445f4:192.168.30.10:36102] returns group-E6CF19AEA87F:java.util.concurrent.CompletableFuture@78bc324[Not completed]
2019-09-25 05:41:07,120 [pool-47-thread-1] INFO  impl.RaftServerImpl (RaftServerImpl.java:<init>(95)) - 9c5364a7-ba03-46bb-ba71-b490d4b445f4: new RaftServerImpl for group-E6CF19AEA87F:[9c5364a7-ba03-46bb-ba71-b490d4b445f4:192.168.30.10:36102] with ContainerStateMachine:uninitialized
2019-09-25 05:41:07,121 [pool-47-thread-1] INFO  server.RaftServerConfigKeys (ConfUtils.java:logGet(43)) - raft.server.rpc.timeout.min = 5s (custom)
2019-09-25 05:41:07,121 [pool-47-thread-1] INFO  server.RaftServerConfigKeys (ConfUtils.java:logGet(43)) - raft.server.rpc.timeout.max = 5200ms (custom)
2019-09-25 05:41:07,122 [pool-47-thread-1] INFO  server.RaftServerConfigKeys (ConfUtils.java:logGet(43)) - raft.server.rpcslowness.timeout = 120s (custom)
2019-09-25 05:41:07,122 [pool-47-thread-1] INFO  server.RaftServerConfigKeys (ConfUtils.java:logGet(43)) - raft.server.sleep.deviation.threshold = 300 (default)
2019-09-25 05:41:07,122 [pool-47-thread-1] INFO  server.RaftServerConfigKeys (ConfUtils.java:logGet(43)) - raft.server.log.appender.install.snapshot.enabled = false (custom)
2019-09-25 05:41:07,122 [pool-47-thread-1] INFO  impl.RaftServerImpl (ServerState.java:<init>(103)) - 9c5364a7-ba03-46bb-ba71-b490d4b445f4@group-E6CF19AEA87F: ConfigurationManager, init=-1: [9c5364a7-ba03-46bb-ba71-b490d4b445f4:192.168.30.10:36102], old=null, confs=<EMPTY_MAP>
2019-09-25 05:41:07,122 [pool-47-thread-1] INFO  server.RaftServerConfigKeys (ConfUtils.java:logGet(43)) - raft.server.storage.dir = [/workdir/hadoop-ozone/integration-test/target/test-dir/MiniOzoneClusterImpl-5f167f52-bad4-483d-8ef4-c1e76e705afb/datanode-2/data/ratis] (custom)
2019-09-25 05:41:07,123 [pool-47-thread-1] INFO  storage.RaftStorageDirectory (RaftStorageDirectory.java:analyzeStorage(246)) - The storage directory /workdir/hadoop-ozone/integration-test/target/test-dir/MiniOzoneClusterImpl-5f167f52-bad4-483d-8ef4-c1e76e705afb/datanode-2/data/ratis/2e812a4f-0bbd-41a6-bd02-e6cf19aea87f does not exist. Creating ...
2019-09-25 05:41:07,199 [pool-47-thread-1] INFO  storage.RaftStorageDirectory (RaftStorageDirectory.java:tryLock(328)) - Lock on /workdir/hadoop-ozone/integration-test/target/test-dir/MiniOzoneClusterImpl-5f167f52-bad4-483d-8ef4-c1e76e705afb/datanode-2/data/ratis/2e812a4f-0bbd-41a6-bd02-e6cf19aea87f/in_use.lock acquired by nodename 13539@pr-hdds-1569-s62bp-3040748787
2019-09-25 05:41:07,228 [pool-47-thread-1] INFO  storage.RaftStorage (RaftStorage.java:format(72)) - Storage directory /workdir/hadoop-ozone/integration-test/target/test-dir/MiniOzoneClusterImpl-5f167f52-bad4-483d-8ef4-c1e76e705afb/datanode-2/data/ratis/2e812a4f-0bbd-41a6-bd02-e6cf19aea87f has been successfully formatted.
2019-09-25 05:41:07,231 [pool-47-thread-1] INFO  ratis.ContainerStateMachine (ContainerStateMachine.java:loadSnapshot(230)) - group-E6CF19AEA87F: The snapshot info is null. Setting the last applied indexto:(t:0, i:~)
2019-09-25 05:41:07,233 [pool-47-thread-1] INFO  server.RaftServerConfigKeys (ConfUtils.java:logGet(43)) - raft.server.notification.no-leader.timeout = 120s (custom)
2019-09-25 05:41:07,233 [pool-47-thread-1] INFO  server.RaftServerConfigKeys (ConfUtils.java:logGet(43)) - raft.server.log.use.memory = false (default)
2019-09-25 05:41:07,233 [pool-47-thread-1] INFO  server.RaftServerConfigKeys (ConfUtils.java:logGet(43)) - raft.server.log.purge.gap = 1000000 (custom)
2019-09-25 05:41:07,233 [pool-47-thread-1] INFO  server.RaftServerConfigKeys (ConfUtils.java:logGet(43)) - raft.server.log.appender.buffer.byte-limit = 33554432 (custom)
2019-09-25 05:41:07,234 [pool-47-thread-1] INFO  server.RaftServerConfigKeys (ConfUtils.java:logGet(43)) - raft.server.log.segment.size.max = 1048576 (custom)
2019-09-25 05:41:07,234 [pool-47-thread-1] INFO  server.RaftServerConfigKeys (ConfUtils.java:logGet(43)) - raft.server.log.segment.cache.num.max = 2 (custom)
2019-09-25 05:41:07,234 [pool-47-thread-1] INFO  segmented.SegmentedRaftLogWorker (SegmentedRaftLogWorker.java:<init>(172)) - new 9c5364a7-ba03-46bb-ba71-b490d4b445f4@group-E6CF19AEA87F-SegmentedRaftLogWorker for RaftStorage:Storage Directory /workdir/hadoop-ozone/integration-test/target/test-dir/MiniOzoneClusterImpl-5f167f52-bad4-483d-8ef4-c1e76e705afb/datanode-2/data/ratis/2e812a4f-0bbd-41a6-bd02-e6cf19aea87f
2019-09-25 05:41:07,243 [pool-47-thread-1] INFO  server.RaftServerConfigKeys (ConfUtils.java:logGet(43)) - raft.server.log.queue.byte-limit = 2147483647 (custom)
2019-09-25 05:41:07,243 [pool-47-thread-1] INFO  server.RaftServerConfigKeys (ConfUtils.java:logGet(43)) - raft.server.log.queue.element-limit = 1024 (custom)
2019-09-25 05:41:07,244 [pool-47-thread-1] INFO  server.RaftServerConfigKeys (ConfUtils.java:logGet(43)) - raft.server.log.segment.size.max = 1048576 (custom)
2019-09-25 05:41:07,244 [pool-47-thread-1] INFO  server.RaftServerConfigKeys (ConfUtils.java:logGet(43)) - raft.server.log.preallocated.size = 16384 (custom)
2019-09-25 05:41:07,244 [pool-47-thread-1] INFO  server.RaftServerConfigKeys (ConfUtils.java:logGet(43)) - raft.server.log.write.buffer.size = 33554432 (custom)
2019-09-25 05:41:07,244 [pool-47-thread-1] INFO  server.RaftServerConfigKeys (ConfUtils.java:logGet(43)) - raft.server.log.force.sync.num = 128 (default)
2019-09-25 05:41:07,245 [pool-47-thread-1] INFO  server.RaftServerConfigKeys (ConfUtils.java:logGet(43)) - raft.server.log.statemachine.data.sync = true (default)
2019-09-25 05:41:07,245 [pool-47-thread-1] INFO  server.RaftServerConfigKeys (ConfUtils.java:logGet(43)) - raft.server.log.statemachine.data.sync.timeout = 10s (default)
2019-09-25 05:41:07,245 [pool-47-thread-1] INFO  server.RaftServerConfigKeys (ConfUtils.java:logGet(43)) - raft.server.log.statemachine.data.sync.timeout.retry = -1 (default)
2019-09-25 05:41:07,246 [pool-47-thread-1] INFO  server.RaftServerConfigKeys (ConfUtils.java:logGet(43)) - raft.server.log.statemachine.data.caching.enabled = true (custom)
2019-09-25 05:41:07,246 [pool-47-thread-1] INFO  segmented.SegmentedRaftLogWorker (SegmentedRaftLogWorker.java:lambda$new$0(132)) - 9c5364a7-ba03-46bb-ba71-b490d4b445f4@group-E6CF19AEA87F-SegmentedRaftLogWorker: flushIndex: setUnconditionally 0 -> -1
2019-09-25 05:41:07,246 [pool-47-thread-1] INFO  server.RaftServerConfigKeys (ConfUtils.java:logGet(43)) - raft.server.snapshot.auto.trigger.enabled = true (custom)
2019-09-25 05:41:07,247 [pool-47-thread-1] INFO  server.RaftServerConfigKeys (ConfUtils.java:logGet(43)) - raft.server.snapshot.auto.trigger.threshold = 10000 (custom)
2019-09-25 05:41:07,247 [pool-47-thread-1] INFO  server.RaftServerConfigKeys (ConfUtils.java:logGet(43)) - raft.server.snapshot.retention.num.files = 5 (custom)
2019-09-25 05:41:07,247 [pool-47-thread-1] INFO  server.RaftServerConfigKeys (ConfUtils.java:logGet(43)) - raft.server.retrycache.expirytime = 600000ms (custom)
2019-09-25 05:41:07,253 [pool-47-thread-1] INFO  impl.RaftServerImpl (RaftServerImpl.java:start(185)) - 9c5364a7-ba03-46bb-ba71-b490d4b445f4@group-E6CF19AEA87F: start as a follower, conf=-1: [9c5364a7-ba03-46bb-ba71-b490d4b445f4:192.168.30.10:36102], old=null
2019-09-25 05:41:07,254 [pool-47-thread-1] INFO  impl.RaftServerImpl (RaftServerImpl.java:setRole(174)) - 9c5364a7-ba03-46bb-ba71-b490d4b445f4@group-E6CF19AEA87F: changes role from      null to FOLLOWER at term 0 for startAsFollower
2019-09-25 05:41:07,254 [pool-47-thread-1] INFO  impl.RoleInfo (RoleInfo.java:updateAndGet(143)) - 9c5364a7-ba03-46bb-ba71-b490d4b445f4: start FollowerState
2019-09-25 05:41:07,256 [pool-47-thread-1] INFO  util.JmxRegister (JmxRegister.java:tryRegister(44)) - Successfully registered JMX Bean with object name Ratis:service=RaftServer,group=group-E6CF19AEA87F,id=9c5364a7-ba03-46bb-ba71-b490d4b445f4
2019-09-25 05:41:07,273 [RatisPipelineUtilsThread] INFO  pipeline.PipelineStateManager (PipelineStateManager.java:addPipeline(56)) - Created pipeline Pipeline[ Id: 2e812a4f-0bbd-41a6-bd02-e6cf19aea87f, Nodes: 9c5364a7-ba03-46bb-ba71-b490d4b445f4{ip: 192.168.30.10, host: pr-hdds-1569-s62bp-3040748787, networkLocation: /default-rack, certSerialId: null}, Type:RATIS, Factor:ONE, State:OPEN]
2019-09-25 05:41:07,299 [grpc-default-executor-0] INFO  impl.RaftServerProxy (RaftServerProxy.java:addNew(89)) - ba526371-bbb0-45ae-a73e-928578471dee: addNew group-AD7E0A6E7306:[ba526371-bbb0-45ae-a73e-928578471dee:192.168.30.10:42293] returns group-AD7E0A6E7306:java.util.concurrent.CompletableFuture@14fe2983[Not completed]
2019-09-25 05:41:07,326 [pool-37-thread-1] INFO  impl.RaftServerImpl (RaftServerImpl.java:<init>(95)) - ba526371-bbb0-45ae-a73e-928578471dee: new RaftServerImpl for group-AD7E0A6E7306:[ba526371-bbb0-45ae-a73e-928578471dee:192.168.30.10:42293] with ContainerStateMachine:uninitialized
2019-09-25 05:41:07,326 [pool-37-thread-1] INFO  server.RaftServerConfigKeys (ConfUtils.java:logGet(43)) - raft.server.rpc.timeout.min = 5s (custom)
2019-09-25 05:41:07,326 [pool-37-thread-1] INFO  server.RaftServerConfigKeys (ConfUtils.java:logGet(43)) - raft.server.rpc.timeout.max = 5200ms (custom)
2019-09-25 05:41:07,327 [pool-37-thread-1] INFO  server.RaftServerConfigKeys (ConfUtils.java:logGet(43)) - raft.server.rpcslowness.timeout = 120s (custom)
2019-09-25 05:41:07,327 [pool-37-thread-1] INFO  server.RaftServerConfigKeys (ConfUtils.java:logGet(43)) - raft.server.sleep.deviation.threshold = 300 (default)
2019-09-25 05:41:07,327 [pool-37-thread-1] INFO  server.RaftServerConfigKeys (ConfUtils.java:logGet(43)) - raft.server.log.appender.install.snapshot.enabled = false (custom)
2019-09-25 05:41:07,327 [pool-37-thread-1] INFO  impl.RaftServerImpl (ServerState.java:<init>(103)) - ba526371-bbb0-45ae-a73e-928578471dee@group-AD7E0A6E7306: ConfigurationManager, init=-1: [ba526371-bbb0-45ae-a73e-928578471dee:192.168.30.10:42293], old=null, confs=<EMPTY_MAP>
2019-09-25 05:41:07,327 [pool-37-thread-1] INFO  server.RaftServerConfigKeys (ConfUtils.java:logGet(43)) - raft.server.storage.dir = [/workdir/hadoop-ozone/integration-test/target/test-dir/MiniOzoneClusterImpl-5f167f52-bad4-483d-8ef4-c1e76e705afb/datanode-1/data/ratis] (custom)
2019-09-25 05:41:07,328 [pool-37-thread-1] INFO  storage.RaftStorageDirectory (RaftStorageDirectory.java:analyzeStorage(246)) - The storage directory /workdir/hadoop-ozone/integration-test/target/test-dir/MiniOzoneClusterImpl-5f167f52-bad4-483d-8ef4-c1e76e705afb/datanode-1/data/ratis/9d7d7367-8037-4445-b9b2-ad7e0a6e7306 does not exist. Creating ...
2019-09-25 05:41:07,391 [pool-37-thread-1] INFO  storage.RaftStorageDirectory (RaftStorageDirectory.java:tryLock(328)) - Lock on /workdir/hadoop-ozone/integration-test/target/test-dir/MiniOzoneClusterImpl-5f167f52-bad4-483d-8ef4-c1e76e705afb/datanode-1/data/ratis/9d7d7367-8037-4445-b9b2-ad7e0a6e7306/in_use.lock acquired by nodename 13539@pr-hdds-1569-s62bp-3040748787
2019-09-25 05:41:07,406 [pool-37-thread-1] INFO  storage.RaftStorage (RaftStorage.java:format(72)) - Storage directory /workdir/hadoop-ozone/integration-test/target/test-dir/MiniOzoneClusterImpl-5f167f52-bad4-483d-8ef4-c1e76e705afb/datanode-1/data/ratis/9d7d7367-8037-4445-b9b2-ad7e0a6e7306 has been successfully formatted.
2019-09-25 05:41:07,407 [pool-37-thread-1] INFO  ratis.ContainerStateMachine (ContainerStateMachine.java:loadSnapshot(230)) - group-AD7E0A6E7306: The snapshot info is null. Setting the last applied indexto:(t:0, i:~)
2019-09-25 05:41:07,407 [pool-37-thread-1] INFO  server.RaftServerConfigKeys (ConfUtils.java:logGet(43)) - raft.server.notification.no-leader.timeout = 120s (custom)
2019-09-25 05:41:07,407 [pool-37-thread-1] INFO  server.RaftServerConfigKeys (ConfUtils.java:logGet(43)) - raft.server.log.use.memory = false (default)
2019-09-25 05:41:07,407 [pool-37-thread-1] INFO  server.RaftServerConfigKeys (ConfUtils.java:logGet(43)) - raft.server.log.purge.gap = 1000000 (custom)
2019-09-25 05:41:07,408 [pool-37-thread-1] INFO  server.RaftServerConfigKeys (ConfUtils.java:logGet(43)) - raft.server.log.appender.buffer.byte-limit = 33554432 (custom)
2019-09-25 05:41:07,408 [pool-37-thread-1] INFO  server.RaftServerConfigKeys (ConfUtils.java:logGet(43)) - raft.server.log.segment.size.max = 1048576 (custom)
2019-09-25 05:41:07,408 [pool-37-thread-1] INFO  server.RaftServerConfigKeys (ConfUtils.java:logGet(43)) - raft.server.log.segment.cache.num.max = 2 (custom)
2019-09-25 05:41:07,408 [pool-37-thread-1] INFO  segmented.SegmentedRaftLogWorker (SegmentedRaftLogWorker.java:<init>(172)) - new ba526371-bbb0-45ae-a73e-928578471dee@group-AD7E0A6E7306-SegmentedRaftLogWorker for RaftStorage:Storage Directory /workdir/hadoop-ozone/integration-test/target/test-dir/MiniOzoneClusterImpl-5f167f52-bad4-483d-8ef4-c1e76e705afb/datanode-1/data/ratis/9d7d7367-8037-4445-b9b2-ad7e0a6e7306
2019-09-25 05:41:07,455 [pool-37-thread-1] INFO  server.RaftServerConfigKeys (ConfUtils.java:logGet(43)) - raft.server.log.queue.byte-limit = 2147483647 (custom)
2019-09-25 05:41:07,456 [pool-37-thread-1] INFO  server.RaftServerConfigKeys (ConfUtils.java:logGet(43)) - raft.server.log.queue.element-limit = 1024 (custom)
2019-09-25 05:41:07,456 [pool-37-thread-1] INFO  server.RaftServerConfigKeys (ConfUtils.java:logGet(43)) - raft.server.log.segment.size.max = 1048576 (custom)
2019-09-25 05:41:07,456 [pool-37-thread-1] INFO  server.RaftServerConfigKeys (ConfUtils.java:logGet(43)) - raft.server.log.preallocated.size = 16384 (custom)
2019-09-25 05:41:07,457 [pool-37-thread-1] INFO  server.RaftServerConfigKeys (ConfUtils.java:logGet(43)) - raft.server.log.write.buffer.size = 33554432 (custom)
2019-09-25 05:41:07,457 [pool-37-thread-1] INFO  server.RaftServerConfigKeys (ConfUtils.java:logGet(43)) - raft.server.log.force.sync.num = 128 (default)
2019-09-25 05:41:07,457 [pool-37-thread-1] INFO  server.RaftServerConfigKeys (ConfUtils.java:logGet(43)) - raft.server.log.statemachine.data.sync = true (default)
2019-09-25 05:41:07,457 [pool-37-thread-1] INFO  server.RaftServerConfigKeys (ConfUtils.java:logGet(43)) - raft.server.log.statemachine.data.sync.timeout = 10s (default)
2019-09-25 05:41:07,457 [pool-37-thread-1] INFO  server.RaftServerConfigKeys (ConfUtils.java:logGet(43)) - raft.server.log.statemachine.data.sync.timeout.retry = -1 (default)
2019-09-25 05:41:07,458 [pool-37-thread-1] INFO  server.RaftServerConfigKeys (ConfUtils.java:logGet(43)) - raft.server.log.statemachine.data.caching.enabled = true (custom)
2019-09-25 05:41:07,458 [pool-37-thread-1] INFO  segmented.SegmentedRaftLogWorker (SegmentedRaftLogWorker.java:lambda$new$0(132)) - ba526371-bbb0-45ae-a73e-928578471dee@group-AD7E0A6E7306-SegmentedRaftLogWorker: flushIndex: setUnconditionally 0 -> -1
2019-09-25 05:41:07,459 [pool-37-thread-1] INFO  server.RaftServerConfigKeys (ConfUtils.java:logGet(43)) - raft.server.snapshot.auto.trigger.enabled = true (custom)
2019-09-25 05:41:07,459 [pool-37-thread-1] INFO  server.RaftServerConfigKeys (ConfUtils.java:logGet(43)) - raft.server.snapshot.auto.trigger.threshold = 10000 (custom)
2019-09-25 05:41:07,459 [pool-37-thread-1] INFO  server.RaftServerConfigKeys (ConfUtils.java:logGet(43)) - raft.server.snapshot.retention.num.files = 5 (custom)
2019-09-25 05:41:07,459 [pool-37-thread-1] INFO  server.RaftServerConfigKeys (ConfUtils.java:logGet(43)) - raft.server.retrycache.expirytime = 600000ms (custom)
2019-09-25 05:41:07,465 [pool-37-thread-1] INFO  impl.RaftServerImpl (RaftServerImpl.java:start(185)) - ba526371-bbb0-45ae-a73e-928578471dee@group-AD7E0A6E7306: start as a follower, conf=-1: [ba526371-bbb0-45ae-a73e-928578471dee:192.168.30.10:42293], old=null
2019-09-25 05:41:07,465 [pool-37-thread-1] INFO  impl.RaftServerImpl (RaftServerImpl.java:setRole(174)) - ba526371-bbb0-45ae-a73e-928578471dee@group-AD7E0A6E7306: changes role from      null to FOLLOWER at term 0 for startAsFollower
2019-09-25 05:41:07,466 [pool-37-thread-1] INFO  impl.RoleInfo (RoleInfo.java:updateAndGet(143)) - ba526371-bbb0-45ae-a73e-928578471dee: start FollowerState
2019-09-25 05:41:07,466 [pool-37-thread-1] INFO  util.JmxRegister (JmxRegister.java:tryRegister(44)) - Successfully registered JMX Bean with object name Ratis:service=RaftServer,group=group-AD7E0A6E7306,id=ba526371-bbb0-45ae-a73e-928578471dee
2019-09-25 05:41:07,479 [RatisPipelineUtilsThread] INFO  pipeline.PipelineStateManager (PipelineStateManager.java:addPipeline(56)) - Created pipeline Pipeline[ Id: 9d7d7367-8037-4445-b9b2-ad7e0a6e7306, Nodes: ba526371-bbb0-45ae-a73e-928578471dee{ip: 192.168.30.10, host: pr-hdds-1569-s62bp-3040748787, networkLocation: /default-rack, certSerialId: null}, Type:RATIS, Factor:ONE, State:OPEN]
2019-09-25 05:41:07,498 [grpc-default-executor-0] INFO  impl.RaftServerProxy (RaftServerProxy.java:addNew(89)) - ddbbae55-12b9-461a-b1dd-678d37e66059: addNew group-19C7B6A0FD29:[ddbbae55-12b9-461a-b1dd-678d37e66059:192.168.30.10:43177] returns group-19C7B6A0FD29:java.util.concurrent.CompletableFuture@2b2bf71a[Not completed]
2019-09-25 05:41:07,502 [pool-87-thread-1] INFO  impl.RaftServerImpl (RaftServerImpl.java:<init>(95)) - ddbbae55-12b9-461a-b1dd-678d37e66059: new RaftServerImpl for group-19C7B6A0FD29:[ddbbae55-12b9-461a-b1dd-678d37e66059:192.168.30.10:43177] with ContainerStateMachine:uninitialized
2019-09-25 05:41:07,503 [pool-87-thread-1] INFO  server.RaftServerConfigKeys (ConfUtils.java:logGet(43)) - raft.server.rpc.timeout.min = 5s (custom)
2019-09-25 05:41:07,503 [pool-87-thread-1] INFO  server.RaftServerConfigKeys (ConfUtils.java:logGet(43)) - raft.server.rpc.timeout.max = 5200ms (custom)
2019-09-25 05:41:07,503 [pool-87-thread-1] INFO  server.RaftServerConfigKeys (ConfUtils.java:logGet(43)) - raft.server.rpcslowness.timeout = 120s (custom)
2019-09-25 05:41:07,503 [pool-87-thread-1] INFO  server.RaftServerConfigKeys (ConfUtils.java:logGet(43)) - raft.server.sleep.deviation.threshold = 300 (default)
2019-09-25 05:41:07,503 [pool-87-thread-1] INFO  server.RaftServerConfigKeys (ConfUtils.java:logGet(43)) - raft.server.log.appender.install.snapshot.enabled = false (custom)
2019-09-25 05:41:07,504 [pool-87-thread-1] INFO  impl.RaftServerImpl (ServerState.java:<init>(103)) - ddbbae55-12b9-461a-b1dd-678d37e66059@group-19C7B6A0FD29: ConfigurationManager, init=-1: [ddbbae55-12b9-461a-b1dd-678d37e66059:192.168.30.10:43177], old=null, confs=<EMPTY_MAP>
2019-09-25 05:41:07,504 [pool-87-thread-1] INFO  server.RaftServerConfigKeys (ConfUtils.java:logGet(43)) - raft.server.storage.dir = [/workdir/hadoop-ozone/integration-test/target/test-dir/MiniOzoneClusterImpl-5f167f52-bad4-483d-8ef4-c1e76e705afb/datanode-6/data/ratis] (custom)
2019-09-25 05:41:07,504 [pool-87-thread-1] INFO  storage.RaftStorageDirectory (RaftStorageDirectory.java:analyzeStorage(246)) - The storage directory /workdir/hadoop-ozone/integration-test/target/test-dir/MiniOzoneClusterImpl-5f167f52-bad4-483d-8ef4-c1e76e705afb/datanode-6/data/ratis/f83f6952-bb01-41d8-a09f-19c7b6a0fd29 does not exist. Creating ...
2019-09-25 05:41:07,555 [pool-87-thread-1] INFO  storage.RaftStorageDirectory (RaftStorageDirectory.java:tryLock(328)) - Lock on /workdir/hadoop-ozone/integration-test/target/test-dir/MiniOzoneClusterImpl-5f167f52-bad4-483d-8ef4-c1e76e705afb/datanode-6/data/ratis/f83f6952-bb01-41d8-a09f-19c7b6a0fd29/in_use.lock acquired by nodename 13539@pr-hdds-1569-s62bp-3040748787
2019-09-25 05:41:07,571 [pool-87-thread-1] INFO  storage.RaftStorage (RaftStorage.java:format(72)) - Storage directory /workdir/hadoop-ozone/integration-test/target/test-dir/MiniOzoneClusterImpl-5f167f52-bad4-483d-8ef4-c1e76e705afb/datanode-6/data/ratis/f83f6952-bb01-41d8-a09f-19c7b6a0fd29 has been successfully formatted.
2019-09-25 05:41:07,571 [pool-87-thread-1] INFO  ratis.ContainerStateMachine (ContainerStateMachine.java:loadSnapshot(230)) - group-19C7B6A0FD29: The snapshot info is null. Setting the last applied indexto:(t:0, i:~)
2019-09-25 05:41:07,572 [pool-87-thread-1] INFO  server.RaftServerConfigKeys (ConfUtils.java:logGet(43)) - raft.server.notification.no-leader.timeout = 120s (custom)
2019-09-25 05:41:07,572 [pool-87-thread-1] INFO  server.RaftServerConfigKeys (ConfUtils.java:logGet(43)) - raft.server.log.use.memory = false (default)
2019-09-25 05:41:07,572 [pool-87-thread-1] INFO  server.RaftServerConfigKeys (ConfUtils.java:logGet(43)) - raft.server.log.purge.gap = 1000000 (custom)
2019-09-25 05:41:07,572 [pool-87-thread-1] INFO  server.RaftServerConfigKeys (ConfUtils.java:logGet(43)) - raft.server.log.appender.buffer.byte-limit = 33554432 (custom)
2019-09-25 05:41:07,572 [pool-87-thread-1] INFO  server.RaftServerConfigKeys (ConfUtils.java:logGet(43)) - raft.server.log.segment.size.max = 1048576 (custom)
2019-09-25 05:41:07,573 [pool-87-thread-1] INFO  server.RaftServerConfigKeys (ConfUtils.java:logGet(43)) - raft.server.log.segment.cache.num.max = 2 (custom)
2019-09-25 05:41:07,573 [pool-87-thread-1] INFO  segmented.SegmentedRaftLogWorker (SegmentedRaftLogWorker.java:<init>(172)) - new ddbbae55-12b9-461a-b1dd-678d37e66059@group-19C7B6A0FD29-SegmentedRaftLogWorker for RaftStorage:Storage Directory /workdir/hadoop-ozone/integration-test/target/test-dir/MiniOzoneClusterImpl-5f167f52-bad4-483d-8ef4-c1e76e705afb/datanode-6/data/ratis/f83f6952-bb01-41d8-a09f-19c7b6a0fd29
2019-09-25 05:41:07,578 [pool-87-thread-1] INFO  server.RaftServerConfigKeys (ConfUtils.java:logGet(43)) - raft.server.log.queue.byte-limit = 2147483647 (custom)
2019-09-25 05:41:07,579 [pool-87-thread-1] INFO  server.RaftServerConfigKeys (ConfUtils.java:logGet(43)) - raft.server.log.queue.element-limit = 1024 (custom)
2019-09-25 05:41:07,579 [pool-87-thread-1] INFO  server.RaftServerConfigKeys (ConfUtils.java:logGet(43)) - raft.server.log.segment.size.max = 1048576 (custom)
2019-09-25 05:41:07,579 [pool-87-thread-1] INFO  server.RaftServerConfigKeys (ConfUtils.java:logGet(43)) - raft.server.log.preallocated.size = 16384 (custom)
2019-09-25 05:41:07,579 [pool-87-thread-1] INFO  server.RaftServerConfigKeys (ConfUtils.java:logGet(43)) - raft.server.log.write.buffer.size = 33554432 (custom)
2019-09-25 05:41:07,580 [pool-87-thread-1] INFO  server.RaftServerConfigKeys (ConfUtils.java:logGet(43)) - raft.server.log.force.sync.num = 128 (default)
2019-09-25 05:41:07,580 [pool-87-thread-1] INFO  server.RaftServerConfigKeys (ConfUtils.java:logGet(43)) - raft.server.log.statemachine.data.sync = true (default)
2019-09-25 05:41:07,580 [pool-87-thread-1] INFO  server.RaftServerConfigKeys (ConfUtils.java:logGet(43)) - raft.server.log.statemachine.data.sync.timeout = 10s (default)
2019-09-25 05:41:07,580 [pool-87-thread-1] INFO  server.RaftServerConfigKeys (ConfUtils.java:logGet(43)) - raft.server.log.statemachine.data.sync.timeout.retry = -1 (default)
2019-09-25 05:41:07,581 [pool-87-thread-1] INFO  server.RaftServerConfigKeys (ConfUtils.java:logGet(43)) - raft.server.log.statemachine.data.caching.enabled = true (custom)
2019-09-25 05:41:07,581 [pool-87-thread-1] INFO  segmented.SegmentedRaftLogWorker (SegmentedRaftLogWorker.java:lambda$new$0(132)) - ddbbae55-12b9-461a-b1dd-678d37e66059@group-19C7B6A0FD29-SegmentedRaftLogWorker: flushIndex: setUnconditionally 0 -> -1
2019-09-25 05:41:07,581 [pool-87-thread-1] INFO  server.RaftServerConfigKeys (ConfUtils.java:logGet(43)) - raft.server.snapshot.auto.trigger.enabled = true (custom)
2019-09-25 05:41:07,581 [pool-87-thread-1] INFO  server.RaftServerConfigKeys (ConfUtils.java:logGet(43)) - raft.server.snapshot.auto.trigger.threshold = 10000 (custom)
2019-09-25 05:41:07,582 [pool-87-thread-1] INFO  server.RaftServerConfigKeys (ConfUtils.java:logGet(43)) - raft.server.snapshot.retention.num.files = 5 (custom)
2019-09-25 05:41:07,582 [pool-87-thread-1] INFO  server.RaftServerConfigKeys (ConfUtils.java:logGet(43)) - raft.server.retrycache.expirytime = 600000ms (custom)
2019-09-25 05:41:07,588 [pool-87-thread-1] INFO  impl.RaftServerImpl (RaftServerImpl.java:start(185)) - ddbbae55-12b9-461a-b1dd-678d37e66059@group-19C7B6A0FD29: start as a follower, conf=-1: [ddbbae55-12b9-461a-b1dd-678d37e66059:192.168.30.10:43177], old=null
2019-09-25 05:41:07,588 [pool-87-thread-1] INFO  impl.RaftServerImpl (RaftServerImpl.java:setRole(174)) - ddbbae55-12b9-461a-b1dd-678d37e66059@group-19C7B6A0FD29: changes role from      null to FOLLOWER at term 0 for startAsFollower
2019-09-25 05:41:07,588 [pool-87-thread-1] INFO  impl.RoleInfo (RoleInfo.java:updateAndGet(143)) - ddbbae55-12b9-461a-b1dd-678d37e66059: start FollowerState
2019-09-25 05:41:07,589 [pool-87-thread-1] INFO  util.JmxRegister (JmxRegister.java:tryRegister(44)) - Successfully registered JMX Bean with object name Ratis:service=RaftServer,group=group-19C7B6A0FD29,id=ddbbae55-12b9-461a-b1dd-678d37e66059
2019-09-25 05:41:07,599 [main] INFO  ozone.MiniOzoneClusterImpl (MiniOzoneClusterImpl.java:lambda$waitForClusterToBeReady$0(147)) - Cluster is ready. Got 7 of 7 DN Heartbeats.
2019-09-25 05:41:07,603 [RatisPipelineUtilsThread] INFO  pipeline.PipelineStateManager (PipelineStateManager.java:addPipeline(56)) - Created pipeline Pipeline[ Id: f83f6952-bb01-41d8-a09f-19c7b6a0fd29, Nodes: ddbbae55-12b9-461a-b1dd-678d37e66059{ip: 192.168.30.10, host: pr-hdds-1569-s62bp-3040748787, networkLocation: /default-rack, certSerialId: null}, Type:RATIS, Factor:ONE, State:OPEN]
2019-09-25 05:41:07,626 [grpc-default-executor-0] INFO  impl.RaftServerProxy (RaftServerProxy.java:addNew(89)) - ddbbae55-12b9-461a-b1dd-678d37e66059: addNew group-5E3170E5E5E5:[ddbbae55-12b9-461a-b1dd-678d37e66059:192.168.30.10:43177] returns group-5E3170E5E5E5:java.util.concurrent.CompletableFuture@29f8095b[Not completed]
2019-09-25 05:41:07,628 [pool-87-thread-1] INFO  impl.RaftServerImpl (RaftServerImpl.java:<init>(95)) - ddbbae55-12b9-461a-b1dd-678d37e66059: new RaftServerImpl for group-5E3170E5E5E5:[ddbbae55-12b9-461a-b1dd-678d37e66059:192.168.30.10:43177] with ContainerStateMachine:uninitialized
2019-09-25 05:41:07,628 [pool-87-thread-1] INFO  server.RaftServerConfigKeys (ConfUtils.java:logGet(43)) - raft.server.rpc.timeout.min = 5s (custom)
2019-09-25 05:41:07,629 [pool-87-thread-1] INFO  server.RaftServerConfigKeys (ConfUtils.java:logGet(43)) - raft.server.rpc.timeout.max = 5200ms (custom)
2019-09-25 05:41:07,629 [pool-87-thread-1] INFO  server.RaftServerConfigKeys (ConfUtils.java:logGet(43)) - raft.server.rpcslowness.timeout = 120s (custom)
2019-09-25 05:41:07,629 [pool-87-thread-1] INFO  server.RaftServerConfigKeys (ConfUtils.java:logGet(43)) - raft.server.sleep.deviation.threshold = 300 (default)
2019-09-25 05:41:07,629 [pool-87-thread-1] INFO  server.RaftServerConfigKeys (ConfUtils.java:logGet(43)) - raft.server.log.appender.install.snapshot.enabled = false (custom)
2019-09-25 05:41:07,629 [pool-87-thread-1] INFO  impl.RaftServerImpl (ServerState.java:<init>(103)) - ddbbae55-12b9-461a-b1dd-678d37e66059@group-5E3170E5E5E5: ConfigurationManager, init=-1: [ddbbae55-12b9-461a-b1dd-678d37e66059:192.168.30.10:43177], old=null, confs=<EMPTY_MAP>
2019-09-25 05:41:07,629 [pool-87-thread-1] INFO  server.RaftServerConfigKeys (ConfUtils.java:logGet(43)) - raft.server.storage.dir = [/workdir/hadoop-ozone/integration-test/target/test-dir/MiniOzoneClusterImpl-5f167f52-bad4-483d-8ef4-c1e76e705afb/datanode-6/data/ratis] (custom)
2019-09-25 05:41:07,630 [pool-87-thread-1] INFO  storage.RaftStorageDirectory (RaftStorageDirectory.java:analyzeStorage(246)) - The storage directory /workdir/hadoop-ozone/integration-test/target/test-dir/MiniOzoneClusterImpl-5f167f52-bad4-483d-8ef4-c1e76e705afb/datanode-6/data/ratis/2ead3c25-b45d-41c5-a4ba-5e3170e5e5e5 does not exist. Creating ...
2019-09-25 05:41:07,674 [pool-87-thread-1] INFO  storage.RaftStorageDirectory (RaftStorageDirectory.java:tryLock(328)) - Lock on /workdir/hadoop-ozone/integration-test/target/test-dir/MiniOzoneClusterImpl-5f167f52-bad4-483d-8ef4-c1e76e705afb/datanode-6/data/ratis/2ead3c25-b45d-41c5-a4ba-5e3170e5e5e5/in_use.lock acquired by nodename 13539@pr-hdds-1569-s62bp-3040748787
2019-09-25 05:41:07,689 [pool-87-thread-1] INFO  storage.RaftStorage (RaftStorage.java:format(72)) - Storage directory /workdir/hadoop-ozone/integration-test/target/test-dir/MiniOzoneClusterImpl-5f167f52-bad4-483d-8ef4-c1e76e705afb/datanode-6/data/ratis/2ead3c25-b45d-41c5-a4ba-5e3170e5e5e5 has been successfully formatted.
2019-09-25 05:41:07,690 [pool-87-thread-1] INFO  ratis.ContainerStateMachine (ContainerStateMachine.java:loadSnapshot(230)) - group-5E3170E5E5E5: The snapshot info is null. Setting the last applied indexto:(t:0, i:~)
2019-09-25 05:41:07,690 [pool-87-thread-1] INFO  server.RaftServerConfigKeys (ConfUtils.java:logGet(43)) - raft.server.notification.no-leader.timeout = 120s (custom)
2019-09-25 05:41:07,690 [pool-87-thread-1] INFO  server.RaftServerConfigKeys (ConfUtils.java:logGet(43)) - raft.server.log.use.memory = false (default)
2019-09-25 05:41:07,690 [pool-87-thread-1] INFO  server.RaftServerConfigKeys (ConfUtils.java:logGet(43)) - raft.server.log.purge.gap = 1000000 (custom)
2019-09-25 05:41:07,690 [pool-87-thread-1] INFO  server.RaftServerConfigKeys (ConfUtils.java:logGet(43)) - raft.server.log.appender.buffer.byte-limit = 33554432 (custom)
2019-09-25 05:41:07,690 [pool-87-thread-1] INFO  server.RaftServerConfigKeys (ConfUtils.java:logGet(43)) - raft.server.log.segment.size.max = 1048576 (custom)
2019-09-25 05:41:07,690 [pool-87-thread-1] INFO  server.RaftServerConfigKeys (ConfUtils.java:logGet(43)) - raft.server.log.segment.cache.num.max = 2 (custom)
2019-09-25 05:41:07,691 [pool-87-thread-1] INFO  segmented.SegmentedRaftLogWorker (SegmentedRaftLogWorker.java:<init>(172)) - new ddbbae55-12b9-461a-b1dd-678d37e66059@group-5E3170E5E5E5-SegmentedRaftLogWorker for RaftStorage:Storage Directory /workdir/hadoop-ozone/integration-test/target/test-dir/MiniOzoneClusterImpl-5f167f52-bad4-483d-8ef4-c1e76e705afb/datanode-6/data/ratis/2ead3c25-b45d-41c5-a4ba-5e3170e5e5e5
2019-09-25 05:41:07,691 [pool-87-thread-1] INFO  server.RaftServerConfigKeys (ConfUtils.java:logGet(43)) - raft.server.log.queue.byte-limit = 2147483647 (custom)
2019-09-25 05:41:07,691 [pool-87-thread-1] INFO  server.RaftServerConfigKeys (ConfUtils.java:logGet(43)) - raft.server.log.queue.element-limit = 1024 (custom)
2019-09-25 05:41:07,691 [pool-87-thread-1] INFO  server.RaftServerConfigKeys (ConfUtils.java:logGet(43)) - raft.server.log.segment.size.max = 1048576 (custom)
2019-09-25 05:41:07,691 [pool-87-thread-1] INFO  server.RaftServerConfigKeys (ConfUtils.java:logGet(43)) - raft.server.log.preallocated.size = 16384 (custom)
2019-09-25 05:41:07,691 [pool-87-thread-1] INFO  server.RaftServerConfigKeys (ConfUtils.java:logGet(43)) - raft.server.log.write.buffer.size = 33554432 (custom)
2019-09-25 05:41:07,691 [pool-87-thread-1] INFO  server.RaftServerConfigKeys (ConfUtils.java:logGet(43)) - raft.server.log.force.sync.num = 128 (default)
2019-09-25 05:41:07,691 [pool-87-thread-1] INFO  server.RaftServerConfigKeys (ConfUtils.java:logGet(43)) - raft.server.log.statemachine.data.sync = true (default)
2019-09-25 05:41:07,691 [pool-87-thread-1] INFO  server.RaftServerConfigKeys (ConfUtils.java:logGet(43)) - raft.server.log.statemachine.data.sync.timeout = 10s (default)
2019-09-25 05:41:07,692 [pool-87-thread-1] INFO  server.RaftServerConfigKeys (ConfUtils.java:logGet(43)) - raft.server.log.statemachine.data.sync.timeout.retry = -1 (default)
2019-09-25 05:41:07,692 [pool-87-thread-1] INFO  server.RaftServerConfigKeys (ConfUtils.java:logGet(43)) - raft.server.log.statemachine.data.caching.enabled = true (custom)
2019-09-25 05:41:07,692 [pool-87-thread-1] INFO  segmented.SegmentedRaftLogWorker (SegmentedRaftLogWorker.java:lambda$new$0(132)) - ddbbae55-12b9-461a-b1dd-678d37e66059@group-5E3170E5E5E5-SegmentedRaftLogWorker: flushIndex: setUnconditionally 0 -> -1
2019-09-25 05:41:07,692 [pool-87-thread-1] INFO  server.RaftServerConfigKeys (ConfUtils.java:logGet(43)) - raft.server.snapshot.auto.trigger.enabled = true (custom)
2019-09-25 05:41:07,692 [pool-87-thread-1] INFO  server.RaftServerConfigKeys (ConfUtils.java:logGet(43)) - raft.server.snapshot.auto.trigger.threshold = 10000 (custom)
2019-09-25 05:41:07,692 [pool-87-thread-1] INFO  server.RaftServerConfigKeys (ConfUtils.java:logGet(43)) - raft.server.snapshot.retention.num.files = 5 (custom)
2019-09-25 05:41:07,693 [pool-87-thread-1] INFO  server.RaftServerConfigKeys (ConfUtils.java:logGet(43)) - raft.server.retrycache.expirytime = 600000ms (custom)
2019-09-25 05:41:07,696 [pool-87-thread-1] INFO  impl.RaftServerImpl (RaftServerImpl.java:start(185)) - ddbbae55-12b9-461a-b1dd-678d37e66059@group-5E3170E5E5E5: start as a follower, conf=-1: [ddbbae55-12b9-461a-b1dd-678d37e66059:192.168.30.10:43177], old=null
2019-09-25 05:41:07,696 [pool-87-thread-1] INFO  impl.RaftServerImpl (RaftServerImpl.java:setRole(174)) - ddbbae55-12b9-461a-b1dd-678d37e66059@group-5E3170E5E5E5: changes role from      null to FOLLOWER at term 0 for startAsFollower
2019-09-25 05:41:07,696 [pool-87-thread-1] INFO  impl.RoleInfo (RoleInfo.java:updateAndGet(143)) - ddbbae55-12b9-461a-b1dd-678d37e66059: start FollowerState
2019-09-25 05:41:07,697 [pool-87-thread-1] INFO  util.JmxRegister (JmxRegister.java:tryRegister(44)) - Successfully registered JMX Bean with object name Ratis:service=RaftServer,group=group-5E3170E5E5E5,id=ddbbae55-12b9-461a-b1dd-678d37e66059
2019-09-25 05:41:07,711 [RatisPipelineUtilsThread] INFO  pipeline.PipelineStateManager (PipelineStateManager.java:addPipeline(56)) - Created pipeline Pipeline[ Id: 2ead3c25-b45d-41c5-a4ba-5e3170e5e5e5, Nodes: ddbbae55-12b9-461a-b1dd-678d37e66059{ip: 192.168.30.10, host: pr-hdds-1569-s62bp-3040748787, networkLocation: /default-rack, certSerialId: null}, Type:RATIS, Factor:ONE, State:OPEN]
2019-09-25 05:41:07,731 [grpc-default-executor-0] INFO  impl.RaftServerProxy (RaftServerProxy.java:addNew(89)) - ddbbae55-12b9-461a-b1dd-678d37e66059: addNew group-9E2FBB03936E:[ddbbae55-12b9-461a-b1dd-678d37e66059:192.168.30.10:43177] returns group-9E2FBB03936E:java.util.concurrent.CompletableFuture@3bcace6b[Not completed]
2019-09-25 05:41:07,732 [pool-87-thread-1] INFO  impl.RaftServerImpl (RaftServerImpl.java:<init>(95)) - ddbbae55-12b9-461a-b1dd-678d37e66059: new RaftServerImpl for group-9E2FBB03936E:[ddbbae55-12b9-461a-b1dd-678d37e66059:192.168.30.10:43177] with ContainerStateMachine:uninitialized
2019-09-25 05:41:07,733 [pool-87-thread-1] INFO  server.RaftServerConfigKeys (ConfUtils.java:logGet(43)) - raft.server.rpc.timeout.min = 5s (custom)
2019-09-25 05:41:07,733 [pool-87-thread-1] INFO  server.RaftServerConfigKeys (ConfUtils.java:logGet(43)) - raft.server.rpc.timeout.max = 5200ms (custom)
2019-09-25 05:41:07,733 [pool-87-thread-1] INFO  server.RaftServerConfigKeys (ConfUtils.java:logGet(43)) - raft.server.rpcslowness.timeout = 120s (custom)
2019-09-25 05:41:07,733 [pool-87-thread-1] INFO  server.RaftServerConfigKeys (ConfUtils.java:logGet(43)) - raft.server.sleep.deviation.threshold = 300 (default)
2019-09-25 05:41:07,733 [pool-87-thread-1] INFO  server.RaftServerConfigKeys (ConfUtils.java:logGet(43)) - raft.server.log.appender.install.snapshot.enabled = false (custom)
2019-09-25 05:41:07,733 [pool-87-thread-1] INFO  impl.RaftServerImpl (ServerState.java:<init>(103)) - ddbbae55-12b9-461a-b1dd-678d37e66059@group-9E2FBB03936E: ConfigurationManager, init=-1: [ddbbae55-12b9-461a-b1dd-678d37e66059:192.168.30.10:43177], old=null, confs=<EMPTY_MAP>
2019-09-25 05:41:07,733 [pool-87-thread-1] INFO  server.RaftServerConfigKeys (ConfUtils.java:logGet(43)) - raft.server.storage.dir = [/workdir/hadoop-ozone/integration-test/target/test-dir/MiniOzoneClusterImpl-5f167f52-bad4-483d-8ef4-c1e76e705afb/datanode-6/data/ratis] (custom)
2019-09-25 05:41:07,734 [pool-87-thread-1] INFO  storage.RaftStorageDirectory (RaftStorageDirectory.java:analyzeStorage(246)) - The storage directory /workdir/hadoop-ozone/integration-test/target/test-dir/MiniOzoneClusterImpl-5f167f52-bad4-483d-8ef4-c1e76e705afb/datanode-6/data/ratis/10b52dd5-d9c1-4ca6-8fc6-9e2fbb03936e does not exist. Creating ...
2019-09-25 05:41:07,778 [pool-87-thread-1] INFO  storage.RaftStorageDirectory (RaftStorageDirectory.java:tryLock(328)) - Lock on /workdir/hadoop-ozone/integration-test/target/test-dir/MiniOzoneClusterImpl-5f167f52-bad4-483d-8ef4-c1e76e705afb/datanode-6/data/ratis/10b52dd5-d9c1-4ca6-8fc6-9e2fbb03936e/in_use.lock acquired by nodename 13539@pr-hdds-1569-s62bp-3040748787
2019-09-25 05:41:07,804 [pool-87-thread-1] INFO  storage.RaftStorage (RaftStorage.java:format(72)) - Storage directory /workdir/hadoop-ozone/integration-test/target/test-dir/MiniOzoneClusterImpl-5f167f52-bad4-483d-8ef4-c1e76e705afb/datanode-6/data/ratis/10b52dd5-d9c1-4ca6-8fc6-9e2fbb03936e has been successfully formatted.
2019-09-25 05:41:07,804 [pool-87-thread-1] INFO  ratis.ContainerStateMachine (ContainerStateMachine.java:loadSnapshot(230)) - group-9E2FBB03936E: The snapshot info is null. Setting the last applied indexto:(t:0, i:~)
2019-09-25 05:41:07,804 [pool-87-thread-1] INFO  server.RaftServerConfigKeys (ConfUtils.java:logGet(43)) - raft.server.notification.no-leader.timeout = 120s (custom)
2019-09-25 05:41:07,805 [pool-87-thread-1] INFO  server.RaftServerConfigKeys (ConfUtils.java:logGet(43)) - raft.server.log.use.memory = false (default)
2019-09-25 05:41:07,805 [pool-87-thread-1] INFO  server.RaftServerConfigKeys (ConfUtils.java:logGet(43)) - raft.server.log.purge.gap = 1000000 (custom)
2019-09-25 05:41:07,805 [pool-87-thread-1] INFO  server.RaftServerConfigKeys (ConfUtils.java:logGet(43)) - raft.server.log.appender.buffer.byte-limit = 33554432 (custom)
2019-09-25 05:41:07,805 [pool-87-thread-1] INFO  server.RaftServerConfigKeys (ConfUtils.java:logGet(43)) - raft.server.log.segment.size.max = 1048576 (custom)
2019-09-25 05:41:07,805 [pool-87-thread-1] INFO  server.RaftServerConfigKeys (ConfUtils.java:logGet(43)) - raft.server.log.segment.cache.num.max = 2 (custom)
2019-09-25 05:41:07,805 [pool-87-thread-1] INFO  segmented.SegmentedRaftLogWorker (SegmentedRaftLogWorker.java:<init>(172)) - new ddbbae55-12b9-461a-b1dd-678d37e66059@group-9E2FBB03936E-SegmentedRaftLogWorker for RaftStorage:Storage Directory /workdir/hadoop-ozone/integration-test/target/test-dir/MiniOzoneClusterImpl-5f167f52-bad4-483d-8ef4-c1e76e705afb/datanode-6/data/ratis/10b52dd5-d9c1-4ca6-8fc6-9e2fbb03936e
2019-09-25 05:41:07,805 [pool-87-thread-1] INFO  server.RaftServerConfigKeys (ConfUtils.java:logGet(43)) - raft.server.log.queue.byte-limit = 2147483647 (custom)
2019-09-25 05:41:07,805 [pool-87-thread-1] INFO  server.RaftServerConfigKeys (ConfUtils.java:logGet(43)) - raft.server.log.queue.element-limit = 1024 (custom)
2019-09-25 05:41:07,805 [pool-87-thread-1] INFO  server.RaftServerConfigKeys (ConfUtils.java:logGet(43)) - raft.server.log.segment.size.max = 1048576 (custom)
2019-09-25 05:41:07,806 [pool-87-thread-1] INFO  server.RaftServerConfigKeys (ConfUtils.java:logGet(43)) - raft.server.log.preallocated.size = 16384 (custom)
2019-09-25 05:41:07,806 [pool-87-thread-1] INFO  server.RaftServerConfigKeys (ConfUtils.java:logGet(43)) - raft.server.log.write.buffer.size = 33554432 (custom)
2019-09-25 05:41:07,806 [pool-87-thread-1] INFO  server.RaftServerConfigKeys (ConfUtils.java:logGet(43)) - raft.server.log.force.sync.num = 128 (default)
2019-09-25 05:41:07,806 [pool-87-thread-1] INFO  server.RaftServerConfigKeys (ConfUtils.java:logGet(43)) - raft.server.log.statemachine.data.sync = true (default)
2019-09-25 05:41:07,806 [pool-87-thread-1] INFO  server.RaftServerConfigKeys (ConfUtils.java:logGet(43)) - raft.server.log.statemachine.data.sync.timeout = 10s (default)
2019-09-25 05:41:07,806 [pool-87-thread-1] INFO  server.RaftServerConfigKeys (ConfUtils.java:logGet(43)) - raft.server.log.statemachine.data.sync.timeout.retry = -1 (default)
2019-09-25 05:41:07,806 [pool-87-thread-1] INFO  server.RaftServerConfigKeys (ConfUtils.java:logGet(43)) - raft.server.log.statemachine.data.caching.enabled = true (custom)
2019-09-25 05:41:07,807 [pool-87-thread-1] INFO  segmented.SegmentedRaftLogWorker (SegmentedRaftLogWorker.java:lambda$new$0(132)) - ddbbae55-12b9-461a-b1dd-678d37e66059@group-9E2FBB03936E-SegmentedRaftLogWorker: flushIndex: setUnconditionally 0 -> -1
2019-09-25 05:41:07,807 [pool-87-thread-1] INFO  server.RaftServerConfigKeys (ConfUtils.java:logGet(43)) - raft.server.snapshot.auto.trigger.enabled = true (custom)
2019-09-25 05:41:07,807 [pool-87-thread-1] INFO  server.RaftServerConfigKeys (ConfUtils.java:logGet(43)) - raft.server.snapshot.auto.trigger.threshold = 10000 (custom)
2019-09-25 05:41:07,807 [pool-87-thread-1] INFO  server.RaftServerConfigKeys (ConfUtils.java:logGet(43)) - raft.server.snapshot.retention.num.files = 5 (custom)
2019-09-25 05:41:07,807 [pool-87-thread-1] INFO  server.RaftServerConfigKeys (ConfUtils.java:logGet(43)) - raft.server.retrycache.expirytime = 600000ms (custom)
2019-09-25 05:41:07,810 [pool-87-thread-1] INFO  impl.RaftServerImpl (RaftServerImpl.java:start(185)) - ddbbae55-12b9-461a-b1dd-678d37e66059@group-9E2FBB03936E: start as a follower, conf=-1: [ddbbae55-12b9-461a-b1dd-678d37e66059:192.168.30.10:43177], old=null
2019-09-25 05:41:07,810 [pool-87-thread-1] INFO  impl.RaftServerImpl (RaftServerImpl.java:setRole(174)) - ddbbae55-12b9-461a-b1dd-678d37e66059@group-9E2FBB03936E: changes role from      null to FOLLOWER at term 0 for startAsFollower
2019-09-25 05:41:07,810 [pool-87-thread-1] INFO  impl.RoleInfo (RoleInfo.java:updateAndGet(143)) - ddbbae55-12b9-461a-b1dd-678d37e66059: start FollowerState
2019-09-25 05:41:07,811 [pool-87-thread-1] INFO  util.JmxRegister (JmxRegister.java:tryRegister(44)) - Successfully registered JMX Bean with object name Ratis:service=RaftServer,group=group-9E2FBB03936E,id=ddbbae55-12b9-461a-b1dd-678d37e66059
2019-09-25 05:41:07,823 [RatisPipelineUtilsThread] INFO  pipeline.PipelineStateManager (PipelineStateManager.java:addPipeline(56)) - Created pipeline Pipeline[ Id: 10b52dd5-d9c1-4ca6-8fc6-9e2fbb03936e, Nodes: ddbbae55-12b9-461a-b1dd-678d37e66059{ip: 192.168.30.10, host: pr-hdds-1569-s62bp-3040748787, networkLocation: /default-rack, certSerialId: null}, Type:RATIS, Factor:ONE, State:OPEN]
2019-09-25 05:41:07,839 [grpc-default-executor-0] INFO  impl.RaftServerProxy (RaftServerProxy.java:addNew(89)) - a0f9784c-b240-4740-a75c-f623c7ee251f: addNew group-F6426B243BE5:[a0f9784c-b240-4740-a75c-f623c7ee251f:192.168.30.10:36265] returns group-F6426B243BE5:java.util.concurrent.CompletableFuture@5b5a87af[Not completed]
2019-09-25 05:41:07,842 [pool-57-thread-1] INFO  impl.RaftServerImpl (RaftServerImpl.java:<init>(95)) - a0f9784c-b240-4740-a75c-f623c7ee251f: new RaftServerImpl for group-F6426B243BE5:[a0f9784c-b240-4740-a75c-f623c7ee251f:192.168.30.10:36265] with ContainerStateMachine:uninitialized
2019-09-25 05:41:07,842 [pool-57-thread-1] INFO  server.RaftServerConfigKeys (ConfUtils.java:logGet(43)) - raft.server.rpc.timeout.min = 5s (custom)
2019-09-25 05:41:07,842 [pool-57-thread-1] INFO  server.RaftServerConfigKeys (ConfUtils.java:logGet(43)) - raft.server.rpc.timeout.max = 5200ms (custom)
2019-09-25 05:41:07,842 [pool-57-thread-1] INFO  server.RaftServerConfigKeys (ConfUtils.java:logGet(43)) - raft.server.rpcslowness.timeout = 120s (custom)
2019-09-25 05:41:07,842 [pool-57-thread-1] INFO  server.RaftServerConfigKeys (ConfUtils.java:logGet(43)) - raft.server.sleep.deviation.threshold = 300 (default)
2019-09-25 05:41:07,842 [pool-57-thread-1] INFO  server.RaftServerConfigKeys (ConfUtils.java:logGet(43)) - raft.server.log.appender.install.snapshot.enabled = false (custom)
2019-09-25 05:41:07,843 [pool-57-thread-1] INFO  impl.RaftServerImpl (ServerState.java:<init>(103)) - a0f9784c-b240-4740-a75c-f623c7ee251f@group-F6426B243BE5: ConfigurationManager, init=-1: [a0f9784c-b240-4740-a75c-f623c7ee251f:192.168.30.10:36265], old=null, confs=<EMPTY_MAP>
2019-09-25 05:41:07,843 [pool-57-thread-1] INFO  server.RaftServerConfigKeys (ConfUtils.java:logGet(43)) - raft.server.storage.dir = [/workdir/hadoop-ozone/integration-test/target/test-dir/MiniOzoneClusterImpl-5f167f52-bad4-483d-8ef4-c1e76e705afb/datanode-3/data/ratis] (custom)
2019-09-25 05:41:07,843 [pool-57-thread-1] INFO  storage.RaftStorageDirectory (RaftStorageDirectory.java:analyzeStorage(246)) - The storage directory /workdir/hadoop-ozone/integration-test/target/test-dir/MiniOzoneClusterImpl-5f167f52-bad4-483d-8ef4-c1e76e705afb/datanode-3/data/ratis/dc5ca122-1c17-473a-bc9a-f6426b243be5 does not exist. Creating ...
2019-09-25 05:41:07,856 [pool-57-thread-1] INFO  storage.RaftStorageDirectory (RaftStorageDirectory.java:tryLock(328)) - Lock on /workdir/hadoop-ozone/integration-test/target/test-dir/MiniOzoneClusterImpl-5f167f52-bad4-483d-8ef4-c1e76e705afb/datanode-3/data/ratis/dc5ca122-1c17-473a-bc9a-f6426b243be5/in_use.lock acquired by nodename 13539@pr-hdds-1569-s62bp-3040748787
2019-09-25 05:41:07,868 [pool-57-thread-1] INFO  storage.RaftStorage (RaftStorage.java:format(72)) - Storage directory /workdir/hadoop-ozone/integration-test/target/test-dir/MiniOzoneClusterImpl-5f167f52-bad4-483d-8ef4-c1e76e705afb/datanode-3/data/ratis/dc5ca122-1c17-473a-bc9a-f6426b243be5 has been successfully formatted.
2019-09-25 05:41:07,868 [pool-57-thread-1] INFO  ratis.ContainerStateMachine (ContainerStateMachine.java:loadSnapshot(230)) - group-F6426B243BE5: The snapshot info is null. Setting the last applied indexto:(t:0, i:~)
2019-09-25 05:41:07,868 [pool-57-thread-1] INFO  server.RaftServerConfigKeys (ConfUtils.java:logGet(43)) - raft.server.notification.no-leader.timeout = 120s (custom)
2019-09-25 05:41:07,869 [pool-57-thread-1] INFO  server.RaftServerConfigKeys (ConfUtils.java:logGet(43)) - raft.server.log.use.memory = false (default)
2019-09-25 05:41:07,869 [pool-57-thread-1] INFO  server.RaftServerConfigKeys (ConfUtils.java:logGet(43)) - raft.server.log.purge.gap = 1000000 (custom)
2019-09-25 05:41:07,869 [pool-57-thread-1] INFO  server.RaftServerConfigKeys (ConfUtils.java:logGet(43)) - raft.server.log.appender.buffer.byte-limit = 33554432 (custom)
2019-09-25 05:41:07,869 [pool-57-thread-1] INFO  server.RaftServerConfigKeys (ConfUtils.java:logGet(43)) - raft.server.log.segment.size.max = 1048576 (custom)
2019-09-25 05:41:07,869 [pool-57-thread-1] INFO  server.RaftServerConfigKeys (ConfUtils.java:logGet(43)) - raft.server.log.segment.cache.num.max = 2 (custom)
2019-09-25 05:41:07,869 [pool-57-thread-1] INFO  segmented.SegmentedRaftLogWorker (SegmentedRaftLogWorker.java:<init>(172)) - new a0f9784c-b240-4740-a75c-f623c7ee251f@group-F6426B243BE5-SegmentedRaftLogWorker for RaftStorage:Storage Directory /workdir/hadoop-ozone/integration-test/target/test-dir/MiniOzoneClusterImpl-5f167f52-bad4-483d-8ef4-c1e76e705afb/datanode-3/data/ratis/dc5ca122-1c17-473a-bc9a-f6426b243be5
2019-09-25 05:41:07,873 [pool-57-thread-1] INFO  server.RaftServerConfigKeys (ConfUtils.java:logGet(43)) - raft.server.log.queue.byte-limit = 2147483647 (custom)
2019-09-25 05:41:07,873 [pool-57-thread-1] INFO  server.RaftServerConfigKeys (ConfUtils.java:logGet(43)) - raft.server.log.queue.element-limit = 1024 (custom)
2019-09-25 05:41:07,873 [pool-57-thread-1] INFO  server.RaftServerConfigKeys (ConfUtils.java:logGet(43)) - raft.server.log.segment.size.max = 1048576 (custom)
2019-09-25 05:41:07,873 [pool-57-thread-1] INFO  server.RaftServerConfigKeys (ConfUtils.java:logGet(43)) - raft.server.log.preallocated.size = 16384 (custom)
2019-09-25 05:41:07,874 [pool-57-thread-1] INFO  server.RaftServerConfigKeys (ConfUtils.java:logGet(43)) - raft.server.log.write.buffer.size = 33554432 (custom)
2019-09-25 05:41:07,874 [pool-57-thread-1] INFO  server.RaftServerConfigKeys (ConfUtils.java:logGet(43)) - raft.server.log.force.sync.num = 128 (default)
2019-09-25 05:41:07,874 [pool-57-thread-1] INFO  server.RaftServerConfigKeys (ConfUtils.java:logGet(43)) - raft.server.log.statemachine.data.sync = true (default)
2019-09-25 05:41:07,874 [pool-57-thread-1] INFO  server.RaftServerConfigKeys (ConfUtils.java:logGet(43)) - raft.server.log.statemachine.data.sync.timeout = 10s (default)
2019-09-25 05:41:07,874 [pool-57-thread-1] INFO  server.RaftServerConfigKeys (ConfUtils.java:logGet(43)) - raft.server.log.statemachine.data.sync.timeout.retry = -1 (default)
2019-09-25 05:41:07,875 [pool-57-thread-1] INFO  server.RaftServerConfigKeys (ConfUtils.java:logGet(43)) - raft.server.log.statemachine.data.caching.enabled = true (custom)
2019-09-25 05:41:07,875 [pool-57-thread-1] INFO  segmented.SegmentedRaftLogWorker (SegmentedRaftLogWorker.java:lambda$new$0(132)) - a0f9784c-b240-4740-a75c-f623c7ee251f@group-F6426B243BE5-SegmentedRaftLogWorker: flushIndex: setUnconditionally 0 -> -1
2019-09-25 05:41:07,876 [pool-57-thread-1] INFO  server.RaftServerConfigKeys (ConfUtils.java:logGet(43)) - raft.server.snapshot.auto.trigger.enabled = true (custom)
2019-09-25 05:41:07,876 [pool-57-thread-1] INFO  server.RaftServerConfigKeys (ConfUtils.java:logGet(43)) - raft.server.snapshot.auto.trigger.threshold = 10000 (custom)
2019-09-25 05:41:07,876 [pool-57-thread-1] INFO  server.RaftServerConfigKeys (ConfUtils.java:logGet(43)) - raft.server.snapshot.retention.num.files = 5 (custom)
2019-09-25 05:41:07,877 [pool-57-thread-1] INFO  server.RaftServerConfigKeys (ConfUtils.java:logGet(43)) - raft.server.retrycache.expirytime = 600000ms (custom)
2019-09-25 05:41:07,881 [pool-57-thread-1] INFO  impl.RaftServerImpl (RaftServerImpl.java:start(185)) - a0f9784c-b240-4740-a75c-f623c7ee251f@group-F6426B243BE5: start as a follower, conf=-1: [a0f9784c-b240-4740-a75c-f623c7ee251f:192.168.30.10:36265], old=null
2019-09-25 05:41:07,881 [pool-57-thread-1] INFO  impl.RaftServerImpl (RaftServerImpl.java:setRole(174)) - a0f9784c-b240-4740-a75c-f623c7ee251f@group-F6426B243BE5: changes role from      null to FOLLOWER at term 0 for startAsFollower
2019-09-25 05:41:07,882 [pool-57-thread-1] INFO  impl.RoleInfo (RoleInfo.java:updateAndGet(143)) - a0f9784c-b240-4740-a75c-f623c7ee251f: start FollowerState
2019-09-25 05:41:07,882 [pool-57-thread-1] INFO  util.JmxRegister (JmxRegister.java:tryRegister(44)) - Successfully registered JMX Bean with object name Ratis:service=RaftServer,group=group-F6426B243BE5,id=a0f9784c-b240-4740-a75c-f623c7ee251f
2019-09-25 05:41:07,903 [RatisPipelineUtilsThread] INFO  pipeline.PipelineStateManager (PipelineStateManager.java:addPipeline(56)) - Created pipeline Pipeline[ Id: dc5ca122-1c17-473a-bc9a-f6426b243be5, Nodes: a0f9784c-b240-4740-a75c-f623c7ee251f{ip: 192.168.30.10, host: pr-hdds-1569-s62bp-3040748787, networkLocation: /default-rack, certSerialId: null}, Type:RATIS, Factor:ONE, State:OPEN]
2019-09-25 05:41:07,928 [grpc-default-executor-0] INFO  impl.RaftServerProxy (RaftServerProxy.java:addNew(89)) - 9c5364a7-ba03-46bb-ba71-b490d4b445f4: addNew group-6AA826F9112D:[9c5364a7-ba03-46bb-ba71-b490d4b445f4:192.168.30.10:36102] returns group-6AA826F9112D:java.util.concurrent.CompletableFuture@9b2a4bc[Not completed]
2019-09-25 05:41:07,930 [pool-47-thread-1] INFO  impl.RaftServerImpl (RaftServerImpl.java:<init>(95)) - 9c5364a7-ba03-46bb-ba71-b490d4b445f4: new RaftServerImpl for group-6AA826F9112D:[9c5364a7-ba03-46bb-ba71-b490d4b445f4:192.168.30.10:36102] with ContainerStateMachine:uninitialized
2019-09-25 05:41:07,930 [pool-47-thread-1] INFO  server.RaftServerConfigKeys (ConfUtils.java:logGet(43)) - raft.server.rpc.timeout.min = 5s (custom)
2019-09-25 05:41:07,931 [pool-47-thread-1] INFO  server.RaftServerConfigKeys (ConfUtils.java:logGet(43)) - raft.server.rpc.timeout.max = 5200ms (custom)
2019-09-25 05:41:07,931 [pool-47-thread-1] INFO  server.RaftServerConfigKeys (ConfUtils.java:logGet(43)) - raft.server.rpcslowness.timeout = 120s (custom)
2019-09-25 05:41:07,931 [pool-47-thread-1] INFO  server.RaftServerConfigKeys (ConfUtils.java:logGet(43)) - raft.server.sleep.deviation.threshold = 300 (default)
2019-09-25 05:41:07,931 [pool-47-thread-1] INFO  server.RaftServerConfigKeys (ConfUtils.java:logGet(43)) - raft.server.log.appender.install.snapshot.enabled = false (custom)
2019-09-25 05:41:07,931 [pool-47-thread-1] INFO  impl.RaftServerImpl (ServerState.java:<init>(103)) - 9c5364a7-ba03-46bb-ba71-b490d4b445f4@group-6AA826F9112D: ConfigurationManager, init=-1: [9c5364a7-ba03-46bb-ba71-b490d4b445f4:192.168.30.10:36102], old=null, confs=<EMPTY_MAP>
2019-09-25 05:41:07,931 [pool-47-thread-1] INFO  server.RaftServerConfigKeys (ConfUtils.java:logGet(43)) - raft.server.storage.dir = [/workdir/hadoop-ozone/integration-test/target/test-dir/MiniOzoneClusterImpl-5f167f52-bad4-483d-8ef4-c1e76e705afb/datanode-2/data/ratis] (custom)
2019-09-25 05:41:07,932 [pool-47-thread-1] INFO  storage.RaftStorageDirectory (RaftStorageDirectory.java:analyzeStorage(246)) - The storage directory /workdir/hadoop-ozone/integration-test/target/test-dir/MiniOzoneClusterImpl-5f167f52-bad4-483d-8ef4-c1e76e705afb/datanode-2/data/ratis/482e80b4-f019-4065-a05c-6aa826f9112d does not exist. Creating ...
2019-09-25 05:41:07,982 [pool-47-thread-1] INFO  storage.RaftStorageDirectory (RaftStorageDirectory.java:tryLock(328)) - Lock on /workdir/hadoop-ozone/integration-test/target/test-dir/MiniOzoneClusterImpl-5f167f52-bad4-483d-8ef4-c1e76e705afb/datanode-2/data/ratis/482e80b4-f019-4065-a05c-6aa826f9112d/in_use.lock acquired by nodename 13539@pr-hdds-1569-s62bp-3040748787
2019-09-25 05:41:07,997 [pool-47-thread-1] INFO  storage.RaftStorage (RaftStorage.java:format(72)) - Storage directory /workdir/hadoop-ozone/integration-test/target/test-dir/MiniOzoneClusterImpl-5f167f52-bad4-483d-8ef4-c1e76e705afb/datanode-2/data/ratis/482e80b4-f019-4065-a05c-6aa826f9112d has been successfully formatted.
2019-09-25 05:41:07,997 [pool-47-thread-1] INFO  ratis.ContainerStateMachine (ContainerStateMachine.java:loadSnapshot(230)) - group-6AA826F9112D: The snapshot info is null. Setting the last applied indexto:(t:0, i:~)
2019-09-25 05:41:07,997 [pool-47-thread-1] INFO  server.RaftServerConfigKeys (ConfUtils.java:logGet(43)) - raft.server.notification.no-leader.timeout = 120s (custom)
2019-09-25 05:41:07,998 [pool-47-thread-1] INFO  server.RaftServerConfigKeys (ConfUtils.java:logGet(43)) - raft.server.log.use.memory = false (default)
2019-09-25 05:41:07,998 [pool-47-thread-1] INFO  server.RaftServerConfigKeys (ConfUtils.java:logGet(43)) - raft.server.log.purge.gap = 1000000 (custom)
2019-09-25 05:41:07,998 [pool-47-thread-1] INFO  server.RaftServerConfigKeys (ConfUtils.java:logGet(43)) - raft.server.log.appender.buffer.byte-limit = 33554432 (custom)
2019-09-25 05:41:07,998 [pool-47-thread-1] INFO  server.RaftServerConfigKeys (ConfUtils.java:logGet(43)) - raft.server.log.segment.size.max = 1048576 (custom)
2019-09-25 05:41:07,998 [pool-47-thread-1] INFO  server.RaftServerConfigKeys (ConfUtils.java:logGet(43)) - raft.server.log.segment.cache.num.max = 2 (custom)
2019-09-25 05:41:07,999 [pool-47-thread-1] INFO  segmented.SegmentedRaftLogWorker (SegmentedRaftLogWorker.java:<init>(172)) - new 9c5364a7-ba03-46bb-ba71-b490d4b445f4@group-6AA826F9112D-SegmentedRaftLogWorker for RaftStorage:Storage Directory /workdir/hadoop-ozone/integration-test/target/test-dir/MiniOzoneClusterImpl-5f167f52-bad4-483d-8ef4-c1e76e705afb/datanode-2/data/ratis/482e80b4-f019-4065-a05c-6aa826f9112d
2019-09-25 05:41:07,999 [pool-47-thread-1] INFO  server.RaftServerConfigKeys (ConfUtils.java:logGet(43)) - raft.server.log.queue.byte-limit = 2147483647 (custom)
2019-09-25 05:41:07,999 [pool-47-thread-1] INFO  server.RaftServerConfigKeys (ConfUtils.java:logGet(43)) - raft.server.log.queue.element-limit = 1024 (custom)
2019-09-25 05:41:07,999 [pool-47-thread-1] INFO  server.RaftServerConfigKeys (ConfUtils.java:logGet(43)) - raft.server.log.segment.size.max = 1048576 (custom)
2019-09-25 05:41:07,999 [pool-47-thread-1] INFO  server.RaftServerConfigKeys (ConfUtils.java:logGet(43)) - raft.server.log.preallocated.size = 16384 (custom)
2019-09-25 05:41:08,000 [pool-47-thread-1] INFO  server.RaftServerConfigKeys (ConfUtils.java:logGet(43)) - raft.server.log.write.buffer.size = 33554432 (custom)
2019-09-25 05:41:08,000 [pool-47-thread-1] INFO  server.RaftServerConfigKeys (ConfUtils.java:logGet(43)) - raft.server.log.force.sync.num = 128 (default)
2019-09-25 05:41:08,000 [pool-47-thread-1] INFO  server.RaftServerConfigKeys (ConfUtils.java:logGet(43)) - raft.server.log.statemachine.data.sync = true (default)
2019-09-25 05:41:08,000 [pool-47-thread-1] INFO  server.RaftServerConfigKeys (ConfUtils.java:logGet(43)) - raft.server.log.statemachine.data.sync.timeout = 10s (default)
2019-09-25 05:41:08,001 [pool-47-thread-1] INFO  server.RaftServerConfigKeys (ConfUtils.java:logGet(43)) - raft.server.log.statemachine.data.sync.timeout.retry = -1 (default)
2019-09-25 05:41:08,001 [pool-47-thread-1] INFO  server.RaftServerConfigKeys (ConfUtils.java:logGet(43)) - raft.server.log.statemachine.data.caching.enabled = true (custom)
2019-09-25 05:41:08,001 [pool-47-thread-1] INFO  segmented.SegmentedRaftLogWorker (SegmentedRaftLogWorker.java:lambda$new$0(132)) - 9c5364a7-ba03-46bb-ba71-b490d4b445f4@group-6AA826F9112D-SegmentedRaftLogWorker: flushIndex: setUnconditionally 0 -> -1
2019-09-25 05:41:08,002 [pool-47-thread-1] INFO  server.RaftServerConfigKeys (ConfUtils.java:logGet(43)) - raft.server.snapshot.auto.trigger.enabled = true (custom)
2019-09-25 05:41:08,002 [pool-47-thread-1] INFO  server.RaftServerConfigKeys (ConfUtils.java:logGet(43)) - raft.server.snapshot.auto.trigger.threshold = 10000 (custom)
2019-09-25 05:41:08,002 [pool-47-thread-1] INFO  server.RaftServerConfigKeys (ConfUtils.java:logGet(43)) - raft.server.snapshot.retention.num.files = 5 (custom)
2019-09-25 05:41:08,002 [pool-47-thread-1] INFO  server.RaftServerConfigKeys (ConfUtils.java:logGet(43)) - raft.server.retrycache.expirytime = 600000ms (custom)
2019-09-25 05:41:08,006 [pool-47-thread-1] INFO  impl.RaftServerImpl (RaftServerImpl.java:start(185)) - 9c5364a7-ba03-46bb-ba71-b490d4b445f4@group-6AA826F9112D: start as a follower, conf=-1: [9c5364a7-ba03-46bb-ba71-b490d4b445f4:192.168.30.10:36102], old=null
2019-09-25 05:41:08,007 [pool-47-thread-1] INFO  impl.RaftServerImpl (RaftServerImpl.java:setRole(174)) - 9c5364a7-ba03-46bb-ba71-b490d4b445f4@group-6AA826F9112D: changes role from      null to FOLLOWER at term 0 for startAsFollower
2019-09-25 05:41:08,007 [pool-47-thread-1] INFO  impl.RoleInfo (RoleInfo.java:updateAndGet(143)) - 9c5364a7-ba03-46bb-ba71-b490d4b445f4: start FollowerState
2019-09-25 05:41:08,007 [pool-47-thread-1] INFO  util.JmxRegister (JmxRegister.java:tryRegister(44)) - Successfully registered JMX Bean with object name Ratis:service=RaftServer,group=group-6AA826F9112D,id=9c5364a7-ba03-46bb-ba71-b490d4b445f4
2019-09-25 05:41:08,020 [RatisPipelineUtilsThread] INFO  pipeline.PipelineStateManager (PipelineStateManager.java:addPipeline(56)) - Created pipeline Pipeline[ Id: 482e80b4-f019-4065-a05c-6aa826f9112d, Nodes: 9c5364a7-ba03-46bb-ba71-b490d4b445f4{ip: 192.168.30.10, host: pr-hdds-1569-s62bp-3040748787, networkLocation: /default-rack, certSerialId: null}, Type:RATIS, Factor:ONE, State:OPEN]
2019-09-25 05:41:08,036 [grpc-default-executor-0] INFO  impl.RaftServerProxy (RaftServerProxy.java:addNew(89)) - a0f9784c-b240-4740-a75c-f623c7ee251f: addNew group-C3F8E73E73E0:[a0f9784c-b240-4740-a75c-f623c7ee251f:192.168.30.10:36265] returns group-C3F8E73E73E0:java.util.concurrent.CompletableFuture@b055c7a[Not completed]
2019-09-25 05:41:08,037 [pool-57-thread-1] INFO  impl.RaftServerImpl (RaftServerImpl.java:<init>(95)) - a0f9784c-b240-4740-a75c-f623c7ee251f: new RaftServerImpl for group-C3F8E73E73E0:[a0f9784c-b240-4740-a75c-f623c7ee251f:192.168.30.10:36265] with ContainerStateMachine:uninitialized
2019-09-25 05:41:08,038 [pool-57-thread-1] INFO  server.RaftServerConfigKeys (ConfUtils.java:logGet(43)) - raft.server.rpc.timeout.min = 5s (custom)
2019-09-25 05:41:08,038 [pool-57-thread-1] INFO  server.RaftServerConfigKeys (ConfUtils.java:logGet(43)) - raft.server.rpc.timeout.max = 5200ms (custom)
2019-09-25 05:41:08,038 [pool-57-thread-1] INFO  server.RaftServerConfigKeys (ConfUtils.java:logGet(43)) - raft.server.rpcslowness.timeout = 120s (custom)
2019-09-25 05:41:08,038 [pool-57-thread-1] INFO  server.RaftServerConfigKeys (ConfUtils.java:logGet(43)) - raft.server.sleep.deviation.threshold = 300 (default)
2019-09-25 05:41:08,038 [pool-57-thread-1] INFO  server.RaftServerConfigKeys (ConfUtils.java:logGet(43)) - raft.server.log.appender.install.snapshot.enabled = false (custom)
2019-09-25 05:41:08,038 [pool-57-thread-1] INFO  impl.RaftServerImpl (ServerState.java:<init>(103)) - a0f9784c-b240-4740-a75c-f623c7ee251f@group-C3F8E73E73E0: ConfigurationManager, init=-1: [a0f9784c-b240-4740-a75c-f623c7ee251f:192.168.30.10:36265], old=null, confs=<EMPTY_MAP>
2019-09-25 05:41:08,039 [pool-57-thread-1] INFO  server.RaftServerConfigKeys (ConfUtils.java:logGet(43)) - raft.server.storage.dir = [/workdir/hadoop-ozone/integration-test/target/test-dir/MiniOzoneClusterImpl-5f167f52-bad4-483d-8ef4-c1e76e705afb/datanode-3/data/ratis] (custom)
2019-09-25 05:41:08,039 [pool-57-thread-1] INFO  storage.RaftStorageDirectory (RaftStorageDirectory.java:analyzeStorage(246)) - The storage directory /workdir/hadoop-ozone/integration-test/target/test-dir/MiniOzoneClusterImpl-5f167f52-bad4-483d-8ef4-c1e76e705afb/datanode-3/data/ratis/bf5a97aa-651a-4de2-b898-c3f8e73e73e0 does not exist. Creating ...
2019-09-25 05:41:08,052 [pool-57-thread-1] INFO  storage.RaftStorageDirectory (RaftStorageDirectory.java:tryLock(328)) - Lock on /workdir/hadoop-ozone/integration-test/target/test-dir/MiniOzoneClusterImpl-5f167f52-bad4-483d-8ef4-c1e76e705afb/datanode-3/data/ratis/bf5a97aa-651a-4de2-b898-c3f8e73e73e0/in_use.lock acquired by nodename 13539@pr-hdds-1569-s62bp-3040748787
2019-09-25 05:41:08,064 [pool-57-thread-1] INFO  storage.RaftStorage (RaftStorage.java:format(72)) - Storage directory /workdir/hadoop-ozone/integration-test/target/test-dir/MiniOzoneClusterImpl-5f167f52-bad4-483d-8ef4-c1e76e705afb/datanode-3/data/ratis/bf5a97aa-651a-4de2-b898-c3f8e73e73e0 has been successfully formatted.
2019-09-25 05:41:08,065 [pool-57-thread-1] INFO  ratis.ContainerStateMachine (ContainerStateMachine.java:loadSnapshot(230)) - group-C3F8E73E73E0: The snapshot info is null. Setting the last applied indexto:(t:0, i:~)
2019-09-25 05:41:08,065 [pool-57-thread-1] INFO  server.RaftServerConfigKeys (ConfUtils.java:logGet(43)) - raft.server.notification.no-leader.timeout = 120s (custom)
2019-09-25 05:41:08,065 [pool-57-thread-1] INFO  server.RaftServerConfigKeys (ConfUtils.java:logGet(43)) - raft.server.log.use.memory = false (default)
2019-09-25 05:41:08,065 [pool-57-thread-1] INFO  server.RaftServerConfigKeys (ConfUtils.java:logGet(43)) - raft.server.log.purge.gap = 1000000 (custom)
2019-09-25 05:41:08,065 [pool-57-thread-1] INFO  server.RaftServerConfigKeys (ConfUtils.java:logGet(43)) - raft.server.log.appender.buffer.byte-limit = 33554432 (custom)
2019-09-25 05:41:08,065 [pool-57-thread-1] INFO  server.RaftServerConfigKeys (ConfUtils.java:logGet(43)) - raft.server.log.segment.size.max = 1048576 (custom)
2019-09-25 05:41:08,066 [pool-57-thread-1] INFO  server.RaftServerConfigKeys (ConfUtils.java:logGet(43)) - raft.server.log.segment.cache.num.max = 2 (custom)
2019-09-25 05:41:08,066 [pool-57-thread-1] INFO  segmented.SegmentedRaftLogWorker (SegmentedRaftLogWorker.java:<init>(172)) - new a0f9784c-b240-4740-a75c-f623c7ee251f@group-C3F8E73E73E0-SegmentedRaftLogWorker for RaftStorage:Storage Directory /workdir/hadoop-ozone/integration-test/target/test-dir/MiniOzoneClusterImpl-5f167f52-bad4-483d-8ef4-c1e76e705afb/datanode-3/data/ratis/bf5a97aa-651a-4de2-b898-c3f8e73e73e0
2019-09-25 05:41:08,066 [pool-57-thread-1] INFO  server.RaftServerConfigKeys (ConfUtils.java:logGet(43)) - raft.server.log.queue.byte-limit = 2147483647 (custom)
2019-09-25 05:41:08,066 [pool-57-thread-1] INFO  server.RaftServerConfigKeys (ConfUtils.java:logGet(43)) - raft.server.log.queue.element-limit = 1024 (custom)
2019-09-25 05:41:08,066 [pool-57-thread-1] INFO  server.RaftServerConfigKeys (ConfUtils.java:logGet(43)) - raft.server.log.segment.size.max = 1048576 (custom)
2019-09-25 05:41:08,066 [pool-57-thread-1] INFO  server.RaftServerConfigKeys (ConfUtils.java:logGet(43)) - raft.server.log.preallocated.size = 16384 (custom)
2019-09-25 05:41:08,066 [pool-57-thread-1] INFO  server.RaftServerConfigKeys (ConfUtils.java:logGet(43)) - raft.server.log.write.buffer.size = 33554432 (custom)
2019-09-25 05:41:08,067 [pool-57-thread-1] INFO  server.RaftServerConfigKeys (ConfUtils.java:logGet(43)) - raft.server.log.force.sync.num = 128 (default)
2019-09-25 05:41:08,067 [pool-57-thread-1] INFO  server.RaftServerConfigKeys (ConfUtils.java:logGet(43)) - raft.server.log.statemachine.data.sync = true (default)
2019-09-25 05:41:08,067 [pool-57-thread-1] INFO  server.RaftServerConfigKeys (ConfUtils.java:logGet(43)) - raft.server.log.statemachine.data.sync.timeout = 10s (default)
2019-09-25 05:41:08,067 [pool-57-thread-1] INFO  server.RaftServerConfigKeys (ConfUtils.java:logGet(43)) - raft.server.log.statemachine.data.sync.timeout.retry = -1 (default)
2019-09-25 05:41:08,067 [pool-57-thread-1] INFO  server.RaftServerConfigKeys (ConfUtils.java:logGet(43)) - raft.server.log.statemachine.data.caching.enabled = true (custom)
2019-09-25 05:41:08,068 [pool-57-thread-1] INFO  segmented.SegmentedRaftLogWorker (SegmentedRaftLogWorker.java:lambda$new$0(132)) - a0f9784c-b240-4740-a75c-f623c7ee251f@group-C3F8E73E73E0-SegmentedRaftLogWorker: flushIndex: setUnconditionally 0 -> -1
2019-09-25 05:41:08,068 [pool-57-thread-1] INFO  server.RaftServerConfigKeys (ConfUtils.java:logGet(43)) - raft.server.snapshot.auto.trigger.enabled = true (custom)
2019-09-25 05:41:08,068 [pool-57-thread-1] INFO  server.RaftServerConfigKeys (ConfUtils.java:logGet(43)) - raft.server.snapshot.auto.trigger.threshold = 10000 (custom)
2019-09-25 05:41:08,068 [pool-57-thread-1] INFO  server.RaftServerConfigKeys (ConfUtils.java:logGet(43)) - raft.server.snapshot.retention.num.files = 5 (custom)
2019-09-25 05:41:08,069 [pool-57-thread-1] INFO  server.RaftServerConfigKeys (ConfUtils.java:logGet(43)) - raft.server.retrycache.expirytime = 600000ms (custom)
2019-09-25 05:41:08,072 [pool-57-thread-1] INFO  impl.RaftServerImpl (RaftServerImpl.java:start(185)) - a0f9784c-b240-4740-a75c-f623c7ee251f@group-C3F8E73E73E0: start as a follower, conf=-1: [a0f9784c-b240-4740-a75c-f623c7ee251f:192.168.30.10:36265], old=null
2019-09-25 05:41:08,072 [pool-57-thread-1] INFO  impl.RaftServerImpl (RaftServerImpl.java:setRole(174)) - a0f9784c-b240-4740-a75c-f623c7ee251f@group-C3F8E73E73E0: changes role from      null to FOLLOWER at term 0 for startAsFollower
2019-09-25 05:41:08,072 [pool-57-thread-1] INFO  impl.RoleInfo (RoleInfo.java:updateAndGet(143)) - a0f9784c-b240-4740-a75c-f623c7ee251f: start FollowerState
2019-09-25 05:41:08,072 [pool-57-thread-1] INFO  util.JmxRegister (JmxRegister.java:tryRegister(44)) - Successfully registered JMX Bean with object name Ratis:service=RaftServer,group=group-C3F8E73E73E0,id=a0f9784c-b240-4740-a75c-f623c7ee251f
2019-09-25 05:41:08,088 [RatisPipelineUtilsThread] INFO  pipeline.PipelineStateManager (PipelineStateManager.java:addPipeline(56)) - Created pipeline Pipeline[ Id: bf5a97aa-651a-4de2-b898-c3f8e73e73e0, Nodes: a0f9784c-b240-4740-a75c-f623c7ee251f{ip: 192.168.30.10, host: pr-hdds-1569-s62bp-3040748787, networkLocation: /default-rack, certSerialId: null}, Type:RATIS, Factor:ONE, State:OPEN]
2019-09-25 05:41:08,102 [grpc-default-executor-0] INFO  impl.RaftServerProxy (RaftServerProxy.java:addNew(89)) - 9c5364a7-ba03-46bb-ba71-b490d4b445f4: addNew group-7F20875C4C7B:[9c5364a7-ba03-46bb-ba71-b490d4b445f4:192.168.30.10:36102] returns group-7F20875C4C7B:java.util.concurrent.CompletableFuture@545a7baa[Not completed]
2019-09-25 05:41:08,104 [pool-47-thread-1] INFO  impl.RaftServerImpl (RaftServerImpl.java:<init>(95)) - 9c5364a7-ba03-46bb-ba71-b490d4b445f4: new RaftServerImpl for group-7F20875C4C7B:[9c5364a7-ba03-46bb-ba71-b490d4b445f4:192.168.30.10:36102] with ContainerStateMachine:uninitialized
2019-09-25 05:41:08,104 [pool-47-thread-1] INFO  server.RaftServerConfigKeys (ConfUtils.java:logGet(43)) - raft.server.rpc.timeout.min = 5s (custom)
2019-09-25 05:41:08,104 [pool-47-thread-1] INFO  server.RaftServerConfigKeys (ConfUtils.java:logGet(43)) - raft.server.rpc.timeout.max = 5200ms (custom)
2019-09-25 05:41:08,105 [pool-47-thread-1] INFO  server.RaftServerConfigKeys (ConfUtils.java:logGet(43)) - raft.server.rpcslowness.timeout = 120s (custom)
2019-09-25 05:41:08,105 [pool-47-thread-1] INFO  server.RaftServerConfigKeys (ConfUtils.java:logGet(43)) - raft.server.sleep.deviation.threshold = 300 (default)
2019-09-25 05:41:08,105 [pool-47-thread-1] INFO  server.RaftServerConfigKeys (ConfUtils.java:logGet(43)) - raft.server.log.appender.install.snapshot.enabled = false (custom)
2019-09-25 05:41:08,105 [pool-47-thread-1] INFO  impl.RaftServerImpl (ServerState.java:<init>(103)) - 9c5364a7-ba03-46bb-ba71-b490d4b445f4@group-7F20875C4C7B: ConfigurationManager, init=-1: [9c5364a7-ba03-46bb-ba71-b490d4b445f4:192.168.30.10:36102], old=null, confs=<EMPTY_MAP>
2019-09-25 05:41:08,105 [pool-47-thread-1] INFO  server.RaftServerConfigKeys (ConfUtils.java:logGet(43)) - raft.server.storage.dir = [/workdir/hadoop-ozone/integration-test/target/test-dir/MiniOzoneClusterImpl-5f167f52-bad4-483d-8ef4-c1e76e705afb/datanode-2/data/ratis] (custom)
2019-09-25 05:41:08,106 [pool-47-thread-1] INFO  storage.RaftStorageDirectory (RaftStorageDirectory.java:analyzeStorage(246)) - The storage directory /workdir/hadoop-ozone/integration-test/target/test-dir/MiniOzoneClusterImpl-5f167f52-bad4-483d-8ef4-c1e76e705afb/datanode-2/data/ratis/36a0bcc6-33d9-4b0a-8df2-7f20875c4c7b does not exist. Creating ...
2019-09-25 05:41:08,120 [pool-47-thread-1] INFO  storage.RaftStorageDirectory (RaftStorageDirectory.java:tryLock(328)) - Lock on /workdir/hadoop-ozone/integration-test/target/test-dir/MiniOzoneClusterImpl-5f167f52-bad4-483d-8ef4-c1e76e705afb/datanode-2/data/ratis/36a0bcc6-33d9-4b0a-8df2-7f20875c4c7b/in_use.lock acquired by nodename 13539@pr-hdds-1569-s62bp-3040748787
2019-09-25 05:41:08,138 [pool-47-thread-1] INFO  storage.RaftStorage (RaftStorage.java:format(72)) - Storage directory /workdir/hadoop-ozone/integration-test/target/test-dir/MiniOzoneClusterImpl-5f167f52-bad4-483d-8ef4-c1e76e705afb/datanode-2/data/ratis/36a0bcc6-33d9-4b0a-8df2-7f20875c4c7b has been successfully formatted.
2019-09-25 05:41:08,138 [pool-47-thread-1] INFO  ratis.ContainerStateMachine (ContainerStateMachine.java:loadSnapshot(230)) - group-7F20875C4C7B: The snapshot info is null. Setting the last applied indexto:(t:0, i:~)
2019-09-25 05:41:08,138 [pool-47-thread-1] INFO  server.RaftServerConfigKeys (ConfUtils.java:logGet(43)) - raft.server.notification.no-leader.timeout = 120s (custom)
2019-09-25 05:41:08,138 [pool-47-thread-1] INFO  server.RaftServerConfigKeys (ConfUtils.java:logGet(43)) - raft.server.log.use.memory = false (default)
2019-09-25 05:41:08,138 [pool-47-thread-1] INFO  server.RaftServerConfigKeys (ConfUtils.java:logGet(43)) - raft.server.log.purge.gap = 1000000 (custom)
2019-09-25 05:41:08,138 [pool-47-thread-1] INFO  server.RaftServerConfigKeys (ConfUtils.java:logGet(43)) - raft.server.log.appender.buffer.byte-limit = 33554432 (custom)
2019-09-25 05:41:08,138 [pool-47-thread-1] INFO  server.RaftServerConfigKeys (ConfUtils.java:logGet(43)) - raft.server.log.segment.size.max = 1048576 (custom)
2019-09-25 05:41:08,139 [pool-47-thread-1] INFO  server.RaftServerConfigKeys (ConfUtils.java:logGet(43)) - raft.server.log.segment.cache.num.max = 2 (custom)
2019-09-25 05:41:08,139 [pool-47-thread-1] INFO  segmented.SegmentedRaftLogWorker (SegmentedRaftLogWorker.java:<init>(172)) - new 9c5364a7-ba03-46bb-ba71-b490d4b445f4@group-7F20875C4C7B-SegmentedRaftLogWorker for RaftStorage:Storage Directory /workdir/hadoop-ozone/integration-test/target/test-dir/MiniOzoneClusterImpl-5f167f52-bad4-483d-8ef4-c1e76e705afb/datanode-2/data/ratis/36a0bcc6-33d9-4b0a-8df2-7f20875c4c7b
2019-09-25 05:41:08,139 [pool-47-thread-1] INFO  server.RaftServerConfigKeys (ConfUtils.java:logGet(43)) - raft.server.log.queue.byte-limit = 2147483647 (custom)
2019-09-25 05:41:08,139 [pool-47-thread-1] INFO  server.RaftServerConfigKeys (ConfUtils.java:logGet(43)) - raft.server.log.queue.element-limit = 1024 (custom)
2019-09-25 05:41:08,139 [pool-47-thread-1] INFO  server.RaftServerConfigKeys (ConfUtils.java:logGet(43)) - raft.server.log.segment.size.max = 1048576 (custom)
2019-09-25 05:41:08,139 [pool-47-thread-1] INFO  server.RaftServerConfigKeys (ConfUtils.java:logGet(43)) - raft.server.log.preallocated.size = 16384 (custom)
2019-09-25 05:41:08,139 [pool-47-thread-1] INFO  server.RaftServerConfigKeys (ConfUtils.java:logGet(43)) - raft.server.log.write.buffer.size = 33554432 (custom)
2019-09-25 05:41:08,139 [pool-47-thread-1] INFO  server.RaftServerConfigKeys (ConfUtils.java:logGet(43)) - raft.server.log.force.sync.num = 128 (default)
2019-09-25 05:41:08,139 [pool-47-thread-1] INFO  server.RaftServerConfigKeys (ConfUtils.java:logGet(43)) - raft.server.log.statemachine.data.sync = true (default)
2019-09-25 05:41:08,139 [pool-47-thread-1] INFO  server.RaftServerConfigKeys (ConfUtils.java:logGet(43)) - raft.server.log.statemachine.data.sync.timeout = 10s (default)
2019-09-25 05:41:08,140 [pool-47-thread-1] INFO  server.RaftServerConfigKeys (ConfUtils.java:logGet(43)) - raft.server.log.statemachine.data.sync.timeout.retry = -1 (default)
2019-09-25 05:41:08,140 [pool-47-thread-1] INFO  server.RaftServerConfigKeys (ConfUtils.java:logGet(43)) - raft.server.log.statemachine.data.caching.enabled = true (custom)
2019-09-25 05:41:08,140 [pool-47-thread-1] INFO  segmented.SegmentedRaftLogWorker (SegmentedRaftLogWorker.java:lambda$new$0(132)) - 9c5364a7-ba03-46bb-ba71-b490d4b445f4@group-7F20875C4C7B-SegmentedRaftLogWorker: flushIndex: setUnconditionally 0 -> -1
2019-09-25 05:41:08,140 [pool-47-thread-1] INFO  server.RaftServerConfigKeys (ConfUtils.java:logGet(43)) - raft.server.snapshot.auto.trigger.enabled = true (custom)
2019-09-25 05:41:08,140 [pool-47-thread-1] INFO  server.RaftServerConfigKeys (ConfUtils.java:logGet(43)) - raft.server.snapshot.auto.trigger.threshold = 10000 (custom)
2019-09-25 05:41:08,140 [pool-47-thread-1] INFO  server.RaftServerConfigKeys (ConfUtils.java:logGet(43)) - raft.server.snapshot.retention.num.files = 5 (custom)
2019-09-25 05:41:08,140 [pool-47-thread-1] INFO  server.RaftServerConfigKeys (ConfUtils.java:logGet(43)) - raft.server.retrycache.expirytime = 600000ms (custom)
2019-09-25 05:41:08,143 [pool-47-thread-1] INFO  impl.RaftServerImpl (RaftServerImpl.java:start(185)) - 9c5364a7-ba03-46bb-ba71-b490d4b445f4@group-7F20875C4C7B: start as a follower, conf=-1: [9c5364a7-ba03-46bb-ba71-b490d4b445f4:192.168.30.10:36102], old=null
2019-09-25 05:41:08,143 [pool-47-thread-1] INFO  impl.RaftServerImpl (RaftServerImpl.java:setRole(174)) - 9c5364a7-ba03-46bb-ba71-b490d4b445f4@group-7F20875C4C7B: changes role from      null to FOLLOWER at term 0 for startAsFollower
2019-09-25 05:41:08,144 [pool-47-thread-1] INFO  impl.RoleInfo (RoleInfo.java:updateAndGet(143)) - 9c5364a7-ba03-46bb-ba71-b490d4b445f4: start FollowerState
2019-09-25 05:41:08,144 [pool-47-thread-1] INFO  util.JmxRegister (JmxRegister.java:tryRegister(44)) - Successfully registered JMX Bean with object name Ratis:service=RaftServer,group=group-7F20875C4C7B,id=9c5364a7-ba03-46bb-ba71-b490d4b445f4
2019-09-25 05:41:08,155 [RatisPipelineUtilsThread] INFO  pipeline.PipelineStateManager (PipelineStateManager.java:addPipeline(56)) - Created pipeline Pipeline[ Id: 36a0bcc6-33d9-4b0a-8df2-7f20875c4c7b, Nodes: 9c5364a7-ba03-46bb-ba71-b490d4b445f4{ip: 192.168.30.10, host: pr-hdds-1569-s62bp-3040748787, networkLocation: /default-rack, certSerialId: null}, Type:RATIS, Factor:ONE, State:OPEN]
2019-09-25 05:41:08,168 [grpc-default-executor-0] INFO  impl.RaftServerProxy (RaftServerProxy.java:addNew(89)) - ddbbae55-12b9-461a-b1dd-678d37e66059: addNew group-E8F4392BD136:[ddbbae55-12b9-461a-b1dd-678d37e66059:192.168.30.10:43177] returns group-E8F4392BD136:java.util.concurrent.CompletableFuture@1fbfa8c3[Not completed]
2019-09-25 05:41:08,169 [pool-87-thread-1] INFO  impl.RaftServerImpl (RaftServerImpl.java:<init>(95)) - ddbbae55-12b9-461a-b1dd-678d37e66059: new RaftServerImpl for group-E8F4392BD136:[ddbbae55-12b9-461a-b1dd-678d37e66059:192.168.30.10:43177] with ContainerStateMachine:uninitialized
2019-09-25 05:41:08,169 [pool-87-thread-1] INFO  server.RaftServerConfigKeys (ConfUtils.java:logGet(43)) - raft.server.rpc.timeout.min = 5s (custom)
2019-09-25 05:41:08,170 [pool-87-thread-1] INFO  server.RaftServerConfigKeys (ConfUtils.java:logGet(43)) - raft.server.rpc.timeout.max = 5200ms (custom)
2019-09-25 05:41:08,170 [pool-87-thread-1] INFO  server.RaftServerConfigKeys (ConfUtils.java:logGet(43)) - raft.server.rpcslowness.timeout = 120s (custom)
2019-09-25 05:41:08,170 [pool-87-thread-1] INFO  server.RaftServerConfigKeys (ConfUtils.java:logGet(43)) - raft.server.sleep.deviation.threshold = 300 (default)
2019-09-25 05:41:08,170 [pool-87-thread-1] INFO  server.RaftServerConfigKeys (ConfUtils.java:logGet(43)) - raft.server.log.appender.install.snapshot.enabled = false (custom)
2019-09-25 05:41:08,170 [pool-87-thread-1] INFO  impl.RaftServerImpl (ServerState.java:<init>(103)) - ddbbae55-12b9-461a-b1dd-678d37e66059@group-E8F4392BD136: ConfigurationManager, init=-1: [ddbbae55-12b9-461a-b1dd-678d37e66059:192.168.30.10:43177], old=null, confs=<EMPTY_MAP>
2019-09-25 05:41:08,170 [pool-87-thread-1] INFO  server.RaftServerConfigKeys (ConfUtils.java:logGet(43)) - raft.server.storage.dir = [/workdir/hadoop-ozone/integration-test/target/test-dir/MiniOzoneClusterImpl-5f167f52-bad4-483d-8ef4-c1e76e705afb/datanode-6/data/ratis] (custom)
2019-09-25 05:41:08,171 [pool-87-thread-1] INFO  storage.RaftStorageDirectory (RaftStorageDirectory.java:analyzeStorage(246)) - The storage directory /workdir/hadoop-ozone/integration-test/target/test-dir/MiniOzoneClusterImpl-5f167f52-bad4-483d-8ef4-c1e76e705afb/datanode-6/data/ratis/59037cf2-c007-4ed8-9c48-e8f4392bd136 does not exist. Creating ...
2019-09-25 05:41:08,187 [pool-87-thread-1] INFO  storage.RaftStorageDirectory (RaftStorageDirectory.java:tryLock(328)) - Lock on /workdir/hadoop-ozone/integration-test/target/test-dir/MiniOzoneClusterImpl-5f167f52-bad4-483d-8ef4-c1e76e705afb/datanode-6/data/ratis/59037cf2-c007-4ed8-9c48-e8f4392bd136/in_use.lock acquired by nodename 13539@pr-hdds-1569-s62bp-3040748787
2019-09-25 05:41:08,215 [pool-87-thread-1] INFO  storage.RaftStorage (RaftStorage.java:format(72)) - Storage directory /workdir/hadoop-ozone/integration-test/target/test-dir/MiniOzoneClusterImpl-5f167f52-bad4-483d-8ef4-c1e76e705afb/datanode-6/data/ratis/59037cf2-c007-4ed8-9c48-e8f4392bd136 has been successfully formatted.
2019-09-25 05:41:08,215 [pool-87-thread-1] INFO  ratis.ContainerStateMachine (ContainerStateMachine.java:loadSnapshot(230)) - group-E8F4392BD136: The snapshot info is null. Setting the last applied indexto:(t:0, i:~)
2019-09-25 05:41:08,215 [pool-87-thread-1] INFO  server.RaftServerConfigKeys (ConfUtils.java:logGet(43)) - raft.server.notification.no-leader.timeout = 120s (custom)
2019-09-25 05:41:08,215 [pool-87-thread-1] INFO  server.RaftServerConfigKeys (ConfUtils.java:logGet(43)) - raft.server.log.use.memory = false (default)
2019-09-25 05:41:08,216 [pool-87-thread-1] INFO  server.RaftServerConfigKeys (ConfUtils.java:logGet(43)) - raft.server.log.purge.gap = 1000000 (custom)
2019-09-25 05:41:08,216 [pool-87-thread-1] INFO  server.RaftServerConfigKeys (ConfUtils.java:logGet(43)) - raft.server.log.appender.buffer.byte-limit = 33554432 (custom)
2019-09-25 05:41:08,216 [pool-87-thread-1] INFO  server.RaftServerConfigKeys (ConfUtils.java:logGet(43)) - raft.server.log.segment.size.max = 1048576 (custom)
2019-09-25 05:41:08,216 [pool-87-thread-1] INFO  server.RaftServerConfigKeys (ConfUtils.java:logGet(43)) - raft.server.log.segment.cache.num.max = 2 (custom)
2019-09-25 05:41:08,216 [pool-87-thread-1] INFO  segmented.SegmentedRaftLogWorker (SegmentedRaftLogWorker.java:<init>(172)) - new ddbbae55-12b9-461a-b1dd-678d37e66059@group-E8F4392BD136-SegmentedRaftLogWorker for RaftStorage:Storage Directory /workdir/hadoop-ozone/integration-test/target/test-dir/MiniOzoneClusterImpl-5f167f52-bad4-483d-8ef4-c1e76e705afb/datanode-6/data/ratis/59037cf2-c007-4ed8-9c48-e8f4392bd136
2019-09-25 05:41:08,216 [pool-87-thread-1] INFO  server.RaftServerConfigKeys (ConfUtils.java:logGet(43)) - raft.server.log.queue.byte-limit = 2147483647 (custom)
2019-09-25 05:41:08,217 [pool-87-thread-1] INFO  server.RaftServerConfigKeys (ConfUtils.java:logGet(43)) - raft.server.log.queue.element-limit = 1024 (custom)
2019-09-25 05:41:08,217 [pool-87-thread-1] INFO  server.RaftServerConfigKeys (ConfUtils.java:logGet(43)) - raft.server.log.segment.size.max = 1048576 (custom)
2019-09-25 05:41:08,217 [pool-87-thread-1] INFO  server.RaftServerConfigKeys (ConfUtils.java:logGet(43)) - raft.server.log.preallocated.size = 16384 (custom)
2019-09-25 05:41:08,217 [pool-87-thread-1] INFO  server.RaftServerConfigKeys (ConfUtils.java:logGet(43)) - raft.server.log.write.buffer.size = 33554432 (custom)
2019-09-25 05:41:08,217 [pool-87-thread-1] INFO  server.RaftServerConfigKeys (ConfUtils.java:logGet(43)) - raft.server.log.force.sync.num = 128 (default)
2019-09-25 05:41:08,217 [pool-87-thread-1] INFO  server.RaftServerConfigKeys (ConfUtils.java:logGet(43)) - raft.server.log.statemachine.data.sync = true (default)
2019-09-25 05:41:08,218 [pool-87-thread-1] INFO  server.RaftServerConfigKeys (ConfUtils.java:logGet(43)) - raft.server.log.statemachine.data.sync.timeout = 10s (default)
2019-09-25 05:41:08,218 [pool-87-thread-1] INFO  server.RaftServerConfigKeys (ConfUtils.java:logGet(43)) - raft.server.log.statemachine.data.sync.timeout.retry = -1 (default)
2019-09-25 05:41:08,218 [pool-87-thread-1] INFO  server.RaftServerConfigKeys (ConfUtils.java:logGet(43)) - raft.server.log.statemachine.data.caching.enabled = true (custom)
2019-09-25 05:41:08,218 [pool-87-thread-1] INFO  segmented.SegmentedRaftLogWorker (SegmentedRaftLogWorker.java:lambda$new$0(132)) - ddbbae55-12b9-461a-b1dd-678d37e66059@group-E8F4392BD136-SegmentedRaftLogWorker: flushIndex: setUnconditionally 0 -> -1
2019-09-25 05:41:08,219 [pool-87-thread-1] INFO  server.RaftServerConfigKeys (ConfUtils.java:logGet(43)) - raft.server.snapshot.auto.trigger.enabled = true (custom)
2019-09-25 05:41:08,219 [pool-87-thread-1] INFO  server.RaftServerConfigKeys (ConfUtils.java:logGet(43)) - raft.server.snapshot.auto.trigger.threshold = 10000 (custom)
2019-09-25 05:41:08,219 [pool-87-thread-1] INFO  server.RaftServerConfigKeys (ConfUtils.java:logGet(43)) - raft.server.snapshot.retention.num.files = 5 (custom)
2019-09-25 05:41:08,219 [pool-87-thread-1] INFO  server.RaftServerConfigKeys (ConfUtils.java:logGet(43)) - raft.server.retrycache.expirytime = 600000ms (custom)
2019-09-25 05:41:08,222 [pool-87-thread-1] INFO  impl.RaftServerImpl (RaftServerImpl.java:start(185)) - ddbbae55-12b9-461a-b1dd-678d37e66059@group-E8F4392BD136: start as a follower, conf=-1: [ddbbae55-12b9-461a-b1dd-678d37e66059:192.168.30.10:43177], old=null
2019-09-25 05:41:08,222 [pool-87-thread-1] INFO  impl.RaftServerImpl (RaftServerImpl.java:setRole(174)) - ddbbae55-12b9-461a-b1dd-678d37e66059@group-E8F4392BD136: changes role from      null to FOLLOWER at term 0 for startAsFollower
2019-09-25 05:41:08,222 [pool-87-thread-1] INFO  impl.RoleInfo (RoleInfo.java:updateAndGet(143)) - ddbbae55-12b9-461a-b1dd-678d37e66059: start FollowerState
2019-09-25 05:41:08,222 [pool-87-thread-1] INFO  util.JmxRegister (JmxRegister.java:tryRegister(44)) - Successfully registered JMX Bean with object name Ratis:service=RaftServer,group=group-E8F4392BD136,id=ddbbae55-12b9-461a-b1dd-678d37e66059
2019-09-25 05:41:08,232 [RatisPipelineUtilsThread] INFO  pipeline.PipelineStateManager (PipelineStateManager.java:addPipeline(56)) - Created pipeline Pipeline[ Id: 59037cf2-c007-4ed8-9c48-e8f4392bd136, Nodes: ddbbae55-12b9-461a-b1dd-678d37e66059{ip: 192.168.30.10, host: pr-hdds-1569-s62bp-3040748787, networkLocation: /default-rack, certSerialId: null}, Type:RATIS, Factor:ONE, State:OPEN]
2019-09-25 05:41:08,245 [grpc-default-executor-0] INFO  impl.RaftServerProxy (RaftServerProxy.java:addNew(89)) - ba526371-bbb0-45ae-a73e-928578471dee: addNew group-02ACFA7DCE84:[ba526371-bbb0-45ae-a73e-928578471dee:192.168.30.10:42293] returns group-02ACFA7DCE84:java.util.concurrent.CompletableFuture@5d21a658[Not completed]
2019-09-25 05:41:08,247 [pool-37-thread-1] INFO  impl.RaftServerImpl (RaftServerImpl.java:<init>(95)) - ba526371-bbb0-45ae-a73e-928578471dee: new RaftServerImpl for group-02ACFA7DCE84:[ba526371-bbb0-45ae-a73e-928578471dee:192.168.30.10:42293] with ContainerStateMachine:uninitialized
2019-09-25 05:41:08,248 [pool-37-thread-1] INFO  server.RaftServerConfigKeys (ConfUtils.java:logGet(43)) - raft.server.rpc.timeout.min = 5s (custom)
2019-09-25 05:41:08,248 [pool-37-thread-1] INFO  server.RaftServerConfigKeys (ConfUtils.java:logGet(43)) - raft.server.rpc.timeout.max = 5200ms (custom)
2019-09-25 05:41:08,248 [pool-37-thread-1] INFO  server.RaftServerConfigKeys (ConfUtils.java:logGet(43)) - raft.server.rpcslowness.timeout = 120s (custom)
2019-09-25 05:41:08,248 [pool-37-thread-1] INFO  server.RaftServerConfigKeys (ConfUtils.java:logGet(43)) - raft.server.sleep.deviation.threshold = 300 (default)
2019-09-25 05:41:08,248 [pool-37-thread-1] INFO  server.RaftServerConfigKeys (ConfUtils.java:logGet(43)) - raft.server.log.appender.install.snapshot.enabled = false (custom)
2019-09-25 05:41:08,249 [pool-37-thread-1] INFO  impl.RaftServerImpl (ServerState.java:<init>(103)) - ba526371-bbb0-45ae-a73e-928578471dee@group-02ACFA7DCE84: ConfigurationManager, init=-1: [ba526371-bbb0-45ae-a73e-928578471dee:192.168.30.10:42293], old=null, confs=<EMPTY_MAP>
2019-09-25 05:41:08,249 [pool-37-thread-1] INFO  server.RaftServerConfigKeys (ConfUtils.java:logGet(43)) - raft.server.storage.dir = [/workdir/hadoop-ozone/integration-test/target/test-dir/MiniOzoneClusterImpl-5f167f52-bad4-483d-8ef4-c1e76e705afb/datanode-1/data/ratis] (custom)
2019-09-25 05:41:08,249 [pool-37-thread-1] INFO  storage.RaftStorageDirectory (RaftStorageDirectory.java:analyzeStorage(246)) - The storage directory /workdir/hadoop-ozone/integration-test/target/test-dir/MiniOzoneClusterImpl-5f167f52-bad4-483d-8ef4-c1e76e705afb/datanode-1/data/ratis/f3a5299d-269d-4373-ba81-02acfa7dce84 does not exist. Creating ...
2019-09-25 05:41:08,268 [main] INFO  rpc.RpcClient (RpcClient.java:createVolume(276)) - Creating Volume: testblockoutputstream, with jenkins1000 as owner.
2019-09-25 05:41:08,271 [pool-37-thread-1] INFO  storage.RaftStorageDirectory (RaftStorageDirectory.java:tryLock(328)) - Lock on /workdir/hadoop-ozone/integration-test/target/test-dir/MiniOzoneClusterImpl-5f167f52-bad4-483d-8ef4-c1e76e705afb/datanode-1/data/ratis/f3a5299d-269d-4373-ba81-02acfa7dce84/in_use.lock acquired by nodename 13539@pr-hdds-1569-s62bp-3040748787
2019-09-25 05:41:08,286 [pool-37-thread-1] INFO  storage.RaftStorage (RaftStorage.java:format(72)) - Storage directory /workdir/hadoop-ozone/integration-test/target/test-dir/MiniOzoneClusterImpl-5f167f52-bad4-483d-8ef4-c1e76e705afb/datanode-1/data/ratis/f3a5299d-269d-4373-ba81-02acfa7dce84 has been successfully formatted.
2019-09-25 05:41:08,286 [pool-37-thread-1] INFO  ratis.ContainerStateMachine (ContainerStateMachine.java:loadSnapshot(230)) - group-02ACFA7DCE84: The snapshot info is null. Setting the last applied indexto:(t:0, i:~)
2019-09-25 05:41:08,288 [pool-37-thread-1] INFO  server.RaftServerConfigKeys (ConfUtils.java:logGet(43)) - raft.server.notification.no-leader.timeout = 120s (custom)
2019-09-25 05:41:08,288 [pool-37-thread-1] INFO  server.RaftServerConfigKeys (ConfUtils.java:logGet(43)) - raft.server.log.use.memory = false (default)
2019-09-25 05:41:08,288 [pool-37-thread-1] INFO  server.RaftServerConfigKeys (ConfUtils.java:logGet(43)) - raft.server.log.purge.gap = 1000000 (custom)
2019-09-25 05:41:08,288 [pool-37-thread-1] INFO  server.RaftServerConfigKeys (ConfUtils.java:logGet(43)) - raft.server.log.appender.buffer.byte-limit = 33554432 (custom)
2019-09-25 05:41:08,289 [pool-37-thread-1] INFO  server.RaftServerConfigKeys (ConfUtils.java:logGet(43)) - raft.server.log.segment.size.max = 1048576 (custom)
2019-09-25 05:41:08,289 [pool-37-thread-1] INFO  server.RaftServerConfigKeys (ConfUtils.java:logGet(43)) - raft.server.log.segment.cache.num.max = 2 (custom)
2019-09-25 05:41:08,289 [pool-37-thread-1] INFO  segmented.SegmentedRaftLogWorker (SegmentedRaftLogWorker.java:<init>(172)) - new ba526371-bbb0-45ae-a73e-928578471dee@group-02ACFA7DCE84-SegmentedRaftLogWorker for RaftStorage:Storage Directory /workdir/hadoop-ozone/integration-test/target/test-dir/MiniOzoneClusterImpl-5f167f52-bad4-483d-8ef4-c1e76e705afb/datanode-1/data/ratis/f3a5299d-269d-4373-ba81-02acfa7dce84
2019-09-25 05:41:08,289 [pool-37-thread-1] INFO  server.RaftServerConfigKeys (ConfUtils.java:logGet(43)) - raft.server.log.queue.byte-limit = 2147483647 (custom)
2019-09-25 05:41:08,289 [pool-37-thread-1] INFO  server.RaftServerConfigKeys (ConfUtils.java:logGet(43)) - raft.server.log.queue.element-limit = 1024 (custom)
2019-09-25 05:41:08,290 [pool-37-thread-1] INFO  server.RaftServerConfigKeys (ConfUtils.java:logGet(43)) - raft.server.log.segment.size.max = 1048576 (custom)
2019-09-25 05:41:08,290 [pool-37-thread-1] INFO  server.RaftServerConfigKeys (ConfUtils.java:logGet(43)) - raft.server.log.preallocated.size = 16384 (custom)
2019-09-25 05:41:08,290 [pool-37-thread-1] INFO  server.RaftServerConfigKeys (ConfUtils.java:logGet(43)) - raft.server.log.write.buffer.size = 33554432 (custom)
2019-09-25 05:41:08,290 [pool-37-thread-1] INFO  server.RaftServerConfigKeys (ConfUtils.java:logGet(43)) - raft.server.log.force.sync.num = 128 (default)
2019-09-25 05:41:08,290 [pool-37-thread-1] INFO  server.RaftServerConfigKeys (ConfUtils.java:logGet(43)) - raft.server.log.statemachine.data.sync = true (default)
2019-09-25 05:41:08,290 [pool-37-thread-1] INFO  server.RaftServerConfigKeys (ConfUtils.java:logGet(43)) - raft.server.log.statemachine.data.sync.timeout = 10s (default)
2019-09-25 05:41:08,291 [pool-37-thread-1] INFO  server.RaftServerConfigKeys (ConfUtils.java:logGet(43)) - raft.server.log.statemachine.data.sync.timeout.retry = -1 (default)
2019-09-25 05:41:08,291 [pool-37-thread-1] INFO  server.RaftServerConfigKeys (ConfUtils.java:logGet(43)) - raft.server.log.statemachine.data.caching.enabled = true (custom)
2019-09-25 05:41:08,291 [pool-37-thread-1] INFO  segmented.SegmentedRaftLogWorker (SegmentedRaftLogWorker.java:lambda$new$0(132)) - ba526371-bbb0-45ae-a73e-928578471dee@group-02ACFA7DCE84-SegmentedRaftLogWorker: flushIndex: setUnconditionally 0 -> -1
2019-09-25 05:41:08,291 [pool-37-thread-1] INFO  server.RaftServerConfigKeys (ConfUtils.java:logGet(43)) - raft.server.snapshot.auto.trigger.enabled = true (custom)
2019-09-25 05:41:08,292 [pool-37-thread-1] INFO  server.RaftServerConfigKeys (ConfUtils.java:logGet(43)) - raft.server.snapshot.auto.trigger.threshold = 10000 (custom)
2019-09-25 05:41:08,292 [pool-37-thread-1] INFO  server.RaftServerConfigKeys (ConfUtils.java:logGet(43)) - raft.server.snapshot.retention.num.files = 5 (custom)
2019-09-25 05:41:08,292 [pool-37-thread-1] INFO  server.RaftServerConfigKeys (ConfUtils.java:logGet(43)) - raft.server.retrycache.expirytime = 600000ms (custom)
2019-09-25 05:41:08,295 [pool-37-thread-1] INFO  impl.RaftServerImpl (RaftServerImpl.java:start(185)) - ba526371-bbb0-45ae-a73e-928578471dee@group-02ACFA7DCE84: start as a follower, conf=-1: [ba526371-bbb0-45ae-a73e-928578471dee:192.168.30.10:42293], old=null
2019-09-25 05:41:08,295 [pool-37-thread-1] INFO  impl.RaftServerImpl (RaftServerImpl.java:setRole(174)) - ba526371-bbb0-45ae-a73e-928578471dee@group-02ACFA7DCE84: changes role from      null to FOLLOWER at term 0 for startAsFollower
2019-09-25 05:41:08,295 [pool-37-thread-1] INFO  impl.RoleInfo (RoleInfo.java:updateAndGet(143)) - ba526371-bbb0-45ae-a73e-928578471dee: start FollowerState
2019-09-25 05:41:08,296 [pool-37-thread-1] INFO  util.JmxRegister (JmxRegister.java:tryRegister(44)) - Successfully registered JMX Bean with object name Ratis:service=RaftServer,group=group-02ACFA7DCE84,id=ba526371-bbb0-45ae-a73e-928578471dee
2019-09-25 05:41:08,304 [RatisPipelineUtilsThread] INFO  pipeline.PipelineStateManager (PipelineStateManager.java:addPipeline(56)) - Created pipeline Pipeline[ Id: f3a5299d-269d-4373-ba81-02acfa7dce84, Nodes: ba526371-bbb0-45ae-a73e-928578471dee{ip: 192.168.30.10, host: pr-hdds-1569-s62bp-3040748787, networkLocation: /default-rack, certSerialId: null}, Type:RATIS, Factor:ONE, State:OPEN]
2019-09-25 05:41:08,322 [grpc-default-executor-0] INFO  impl.RaftServerProxy (RaftServerProxy.java:addNew(89)) - ddbbae55-12b9-461a-b1dd-678d37e66059: addNew group-823D1A6A2A48:[ddbbae55-12b9-461a-b1dd-678d37e66059:192.168.30.10:43177] returns group-823D1A6A2A48:java.util.concurrent.CompletableFuture@47153241[Not completed]
2019-09-25 05:41:08,325 [pool-87-thread-1] INFO  impl.RaftServerImpl (RaftServerImpl.java:<init>(95)) - ddbbae55-12b9-461a-b1dd-678d37e66059: new RaftServerImpl for group-823D1A6A2A48:[ddbbae55-12b9-461a-b1dd-678d37e66059:192.168.30.10:43177] with ContainerStateMachine:uninitialized
2019-09-25 05:41:08,325 [pool-87-thread-1] INFO  server.RaftServerConfigKeys (ConfUtils.java:logGet(43)) - raft.server.rpc.timeout.min = 5s (custom)
2019-09-25 05:41:08,325 [pool-87-thread-1] INFO  server.RaftServerConfigKeys (ConfUtils.java:logGet(43)) - raft.server.rpc.timeout.max = 5200ms (custom)
2019-09-25 05:41:08,325 [pool-87-thread-1] INFO  server.RaftServerConfigKeys (ConfUtils.java:logGet(43)) - raft.server.rpcslowness.timeout = 120s (custom)
2019-09-25 05:41:08,325 [pool-87-thread-1] INFO  server.RaftServerConfigKeys (ConfUtils.java:logGet(43)) - raft.server.sleep.deviation.threshold = 300 (default)
2019-09-25 05:41:08,326 [pool-87-thread-1] INFO  server.RaftServerConfigKeys (ConfUtils.java:logGet(43)) - raft.server.log.appender.install.snapshot.enabled = false (custom)
2019-09-25 05:41:08,326 [pool-87-thread-1] INFO  impl.RaftServerImpl (ServerState.java:<init>(103)) - ddbbae55-12b9-461a-b1dd-678d37e66059@group-823D1A6A2A48: ConfigurationManager, init=-1: [ddbbae55-12b9-461a-b1dd-678d37e66059:192.168.30.10:43177], old=null, confs=<EMPTY_MAP>
2019-09-25 05:41:08,326 [pool-87-thread-1] INFO  server.RaftServerConfigKeys (ConfUtils.java:logGet(43)) - raft.server.storage.dir = [/workdir/hadoop-ozone/integration-test/target/test-dir/MiniOzoneClusterImpl-5f167f52-bad4-483d-8ef4-c1e76e705afb/datanode-6/data/ratis] (custom)
2019-09-25 05:41:08,327 [pool-87-thread-1] INFO  storage.RaftStorageDirectory (RaftStorageDirectory.java:analyzeStorage(246)) - The storage directory /workdir/hadoop-ozone/integration-test/target/test-dir/MiniOzoneClusterImpl-5f167f52-bad4-483d-8ef4-c1e76e705afb/datanode-6/data/ratis/5c607d66-ab3b-4759-ac3f-823d1a6a2a48 does not exist. Creating ...
2019-09-25 05:41:08,340 [pool-87-thread-1] INFO  storage.RaftStorageDirectory (RaftStorageDirectory.java:tryLock(328)) - Lock on /workdir/hadoop-ozone/integration-test/target/test-dir/MiniOzoneClusterImpl-5f167f52-bad4-483d-8ef4-c1e76e705afb/datanode-6/data/ratis/5c607d66-ab3b-4759-ac3f-823d1a6a2a48/in_use.lock acquired by nodename 13539@pr-hdds-1569-s62bp-3040748787
2019-09-25 05:41:08,362 [pool-87-thread-1] INFO  storage.RaftStorage (RaftStorage.java:format(72)) - Storage directory /workdir/hadoop-ozone/integration-test/target/test-dir/MiniOzoneClusterImpl-5f167f52-bad4-483d-8ef4-c1e76e705afb/datanode-6/data/ratis/5c607d66-ab3b-4759-ac3f-823d1a6a2a48 has been successfully formatted.
2019-09-25 05:41:08,362 [pool-87-thread-1] INFO  ratis.ContainerStateMachine (ContainerStateMachine.java:loadSnapshot(230)) - group-823D1A6A2A48: The snapshot info is null. Setting the last applied indexto:(t:0, i:~)
2019-09-25 05:41:08,362 [pool-87-thread-1] INFO  server.RaftServerConfigKeys (ConfUtils.java:logGet(43)) - raft.server.notification.no-leader.timeout = 120s (custom)
2019-09-25 05:41:08,362 [pool-87-thread-1] INFO  server.RaftServerConfigKeys (ConfUtils.java:logGet(43)) - raft.server.log.use.memory = false (default)
2019-09-25 05:41:08,363 [pool-87-thread-1] INFO  server.RaftServerConfigKeys (ConfUtils.java:logGet(43)) - raft.server.log.purge.gap = 1000000 (custom)
2019-09-25 05:41:08,363 [pool-87-thread-1] INFO  server.RaftServerConfigKeys (ConfUtils.java:logGet(43)) - raft.server.log.appender.buffer.byte-limit = 33554432 (custom)
2019-09-25 05:41:08,363 [pool-87-thread-1] INFO  server.RaftServerConfigKeys (ConfUtils.java:logGet(43)) - raft.server.log.segment.size.max = 1048576 (custom)
2019-09-25 05:41:08,363 [pool-87-thread-1] INFO  server.RaftServerConfigKeys (ConfUtils.java:logGet(43)) - raft.server.log.segment.cache.num.max = 2 (custom)
2019-09-25 05:41:08,363 [pool-87-thread-1] INFO  segmented.SegmentedRaftLogWorker (SegmentedRaftLogWorker.java:<init>(172)) - new ddbbae55-12b9-461a-b1dd-678d37e66059@group-823D1A6A2A48-SegmentedRaftLogWorker for RaftStorage:Storage Directory /workdir/hadoop-ozone/integration-test/target/test-dir/MiniOzoneClusterImpl-5f167f52-bad4-483d-8ef4-c1e76e705afb/datanode-6/data/ratis/5c607d66-ab3b-4759-ac3f-823d1a6a2a48
2019-09-25 05:41:08,364 [pool-87-thread-1] INFO  server.RaftServerConfigKeys (ConfUtils.java:logGet(43)) - raft.server.log.queue.byte-limit = 2147483647 (custom)
2019-09-25 05:41:08,364 [pool-87-thread-1] INFO  server.RaftServerConfigKeys (ConfUtils.java:logGet(43)) - raft.server.log.queue.element-limit = 1024 (custom)
2019-09-25 05:41:08,364 [pool-87-thread-1] INFO  server.RaftServerConfigKeys (ConfUtils.java:logGet(43)) - raft.server.log.segment.size.max = 1048576 (custom)
2019-09-25 05:41:08,364 [pool-87-thread-1] INFO  server.RaftServerConfigKeys (ConfUtils.java:logGet(43)) - raft.server.log.preallocated.size = 16384 (custom)
2019-09-25 05:41:08,364 [pool-87-thread-1] INFO  server.RaftServerConfigKeys (ConfUtils.java:logGet(43)) - raft.server.log.write.buffer.size = 33554432 (custom)
2019-09-25 05:41:08,364 [pool-87-thread-1] INFO  server.RaftServerConfigKeys (ConfUtils.java:logGet(43)) - raft.server.log.force.sync.num = 128 (default)
2019-09-25 05:41:08,365 [pool-87-thread-1] INFO  server.RaftServerConfigKeys (ConfUtils.java:logGet(43)) - raft.server.log.statemachine.data.sync = true (default)
2019-09-25 05:41:08,365 [pool-87-thread-1] INFO  server.RaftServerConfigKeys (ConfUtils.java:logGet(43)) - raft.server.log.statemachine.data.sync.timeout = 10s (default)
2019-09-25 05:41:08,365 [pool-87-thread-1] INFO  server.RaftServerConfigKeys (ConfUtils.java:logGet(43)) - raft.server.log.statemachine.data.sync.timeout.retry = -1 (default)
2019-09-25 05:41:08,365 [pool-87-thread-1] INFO  server.RaftServerConfigKeys (ConfUtils.java:logGet(43)) - raft.server.log.statemachine.data.caching.enabled = true (custom)
2019-09-25 05:41:08,366 [pool-87-thread-1] INFO  segmented.SegmentedRaftLogWorker (SegmentedRaftLogWorker.java:lambda$new$0(132)) - ddbbae55-12b9-461a-b1dd-678d37e66059@group-823D1A6A2A48-SegmentedRaftLogWorker: flushIndex: setUnconditionally 0 -> -1
2019-09-25 05:41:08,366 [pool-87-thread-1] INFO  server.RaftServerConfigKeys (ConfUtils.java:logGet(43)) - raft.server.snapshot.auto.trigger.enabled = true (custom)
2019-09-25 05:41:08,366 [pool-87-thread-1] INFO  server.RaftServerConfigKeys (ConfUtils.java:logGet(43)) - raft.server.snapshot.auto.trigger.threshold = 10000 (custom)
2019-09-25 05:41:08,366 [pool-87-thread-1] INFO  server.RaftServerConfigKeys (ConfUtils.java:logGet(43)) - raft.server.snapshot.retention.num.files = 5 (custom)
2019-09-25 05:41:08,367 [pool-87-thread-1] INFO  server.RaftServerConfigKeys (ConfUtils.java:logGet(43)) - raft.server.retrycache.expirytime = 600000ms (custom)
2019-09-25 05:41:08,372 [pool-87-thread-1] INFO  impl.RaftServerImpl (RaftServerImpl.java:start(185)) - ddbbae55-12b9-461a-b1dd-678d37e66059@group-823D1A6A2A48: start as a follower, conf=-1: [ddbbae55-12b9-461a-b1dd-678d37e66059:192.168.30.10:43177], old=null
2019-09-25 05:41:08,372 [pool-87-thread-1] INFO  impl.RaftServerImpl (RaftServerImpl.java:setRole(174)) - ddbbae55-12b9-461a-b1dd-678d37e66059@group-823D1A6A2A48: changes role from      null to FOLLOWER at term 0 for startAsFollower
2019-09-25 05:41:08,372 [pool-87-thread-1] INFO  impl.RoleInfo (RoleInfo.java:updateAndGet(143)) - ddbbae55-12b9-461a-b1dd-678d37e66059: start FollowerState
2019-09-25 05:41:08,373 [pool-87-thread-1] INFO  util.JmxRegister (JmxRegister.java:tryRegister(44)) - Successfully registered JMX Bean with object name Ratis:service=RaftServer,group=group-823D1A6A2A48,id=ddbbae55-12b9-461a-b1dd-678d37e66059
2019-09-25 05:41:08,387 [RatisPipelineUtilsThread] INFO  pipeline.PipelineStateManager (PipelineStateManager.java:addPipeline(56)) - Created pipeline Pipeline[ Id: 5c607d66-ab3b-4759-ac3f-823d1a6a2a48, Nodes: ddbbae55-12b9-461a-b1dd-678d37e66059{ip: 192.168.30.10, host: pr-hdds-1569-s62bp-3040748787, networkLocation: /default-rack, certSerialId: null}, Type:RATIS, Factor:ONE, State:OPEN]
2019-09-25 05:41:08,398 [grpc-default-executor-0] INFO  impl.RaftServerProxy (RaftServerProxy.java:addNew(89)) - a0f9784c-b240-4740-a75c-f623c7ee251f: addNew group-668633B448E5:[a0f9784c-b240-4740-a75c-f623c7ee251f:192.168.30.10:36265] returns group-668633B448E5:java.util.concurrent.CompletableFuture@45a989c4[Not completed]
2019-09-25 05:41:08,400 [pool-57-thread-1] INFO  impl.RaftServerImpl (RaftServerImpl.java:<init>(95)) - a0f9784c-b240-4740-a75c-f623c7ee251f: new RaftServerImpl for group-668633B448E5:[a0f9784c-b240-4740-a75c-f623c7ee251f:192.168.30.10:36265] with ContainerStateMachine:uninitialized
2019-09-25 05:41:08,400 [pool-57-thread-1] INFO  server.RaftServerConfigKeys (ConfUtils.java:logGet(43)) - raft.server.rpc.timeout.min = 5s (custom)
2019-09-25 05:41:08,400 [pool-57-thread-1] INFO  server.RaftServerConfigKeys (ConfUtils.java:logGet(43)) - raft.server.rpc.timeout.max = 5200ms (custom)
2019-09-25 05:41:08,401 [pool-57-thread-1] INFO  server.RaftServerConfigKeys (ConfUtils.java:logGet(43)) - raft.server.rpcslowness.timeout = 120s (custom)
2019-09-25 05:41:08,401 [pool-57-thread-1] INFO  server.RaftServerConfigKeys (ConfUtils.java:logGet(43)) - raft.server.sleep.deviation.threshold = 300 (default)
2019-09-25 05:41:08,401 [pool-57-thread-1] INFO  server.RaftServerConfigKeys (ConfUtils.java:logGet(43)) - raft.server.log.appender.install.snapshot.enabled = false (custom)
2019-09-25 05:41:08,401 [pool-57-thread-1] INFO  impl.RaftServerImpl (ServerState.java:<init>(103)) - a0f9784c-b240-4740-a75c-f623c7ee251f@group-668633B448E5: ConfigurationManager, init=-1: [a0f9784c-b240-4740-a75c-f623c7ee251f:192.168.30.10:36265], old=null, confs=<EMPTY_MAP>
2019-09-25 05:41:08,401 [pool-57-thread-1] INFO  server.RaftServerConfigKeys (ConfUtils.java:logGet(43)) - raft.server.storage.dir = [/workdir/hadoop-ozone/integration-test/target/test-dir/MiniOzoneClusterImpl-5f167f52-bad4-483d-8ef4-c1e76e705afb/datanode-3/data/ratis] (custom)
2019-09-25 05:41:08,402 [pool-57-thread-1] INFO  storage.RaftStorageDirectory (RaftStorageDirectory.java:analyzeStorage(246)) - The storage directory /workdir/hadoop-ozone/integration-test/target/test-dir/MiniOzoneClusterImpl-5f167f52-bad4-483d-8ef4-c1e76e705afb/datanode-3/data/ratis/c9675f43-fe85-4871-8328-668633b448e5 does not exist. Creating ...
2019-09-25 05:41:08,416 [pool-57-thread-1] INFO  storage.RaftStorageDirectory (RaftStorageDirectory.java:tryLock(328)) - Lock on /workdir/hadoop-ozone/integration-test/target/test-dir/MiniOzoneClusterImpl-5f167f52-bad4-483d-8ef4-c1e76e705afb/datanode-3/data/ratis/c9675f43-fe85-4871-8328-668633b448e5/in_use.lock acquired by nodename 13539@pr-hdds-1569-s62bp-3040748787
2019-09-25 05:41:08,426 [IPC Server handler 1 on 40692] INFO  volume.OMVolumeCreateRequest (OMVolumeCreateRequest.java:validateAndUpdateCache(189)) - created volume:testblockoutputstream for user:jenkins1000
2019-09-25 05:41:08,432 [pool-57-thread-1] INFO  storage.RaftStorage (RaftStorage.java:format(72)) - Storage directory /workdir/hadoop-ozone/integration-test/target/test-dir/MiniOzoneClusterImpl-5f167f52-bad4-483d-8ef4-c1e76e705afb/datanode-3/data/ratis/c9675f43-fe85-4871-8328-668633b448e5 has been successfully formatted.
2019-09-25 05:41:08,434 [pool-57-thread-1] INFO  ratis.ContainerStateMachine (ContainerStateMachine.java:loadSnapshot(230)) - group-668633B448E5: The snapshot info is null. Setting the last applied indexto:(t:0, i:~)
2019-09-25 05:41:08,434 [pool-57-thread-1] INFO  server.RaftServerConfigKeys (ConfUtils.java:logGet(43)) - raft.server.notification.no-leader.timeout = 120s (custom)
2019-09-25 05:41:08,435 [pool-57-thread-1] INFO  server.RaftServerConfigKeys (ConfUtils.java:logGet(43)) - raft.server.log.use.memory = false (default)
2019-09-25 05:41:08,435 [pool-57-thread-1] INFO  server.RaftServerConfigKeys (ConfUtils.java:logGet(43)) - raft.server.log.purge.gap = 1000000 (custom)
2019-09-25 05:41:08,438 [pool-57-thread-1] INFO  server.RaftServerConfigKeys (ConfUtils.java:logGet(43)) - raft.server.log.appender.buffer.byte-limit = 33554432 (custom)
2019-09-25 05:41:08,439 [pool-57-thread-1] INFO  server.RaftServerConfigKeys (ConfUtils.java:logGet(43)) - raft.server.log.segment.size.max = 1048576 (custom)
2019-09-25 05:41:08,439 [pool-57-thread-1] INFO  server.RaftServerConfigKeys (ConfUtils.java:logGet(43)) - raft.server.log.segment.cache.num.max = 2 (custom)
2019-09-25 05:41:08,441 [pool-57-thread-1] INFO  segmented.SegmentedRaftLogWorker (SegmentedRaftLogWorker.java:<init>(172)) - new a0f9784c-b240-4740-a75c-f623c7ee251f@group-668633B448E5-SegmentedRaftLogWorker for RaftStorage:Storage Directory /workdir/hadoop-ozone/integration-test/target/test-dir/MiniOzoneClusterImpl-5f167f52-bad4-483d-8ef4-c1e76e705afb/datanode-3/data/ratis/c9675f43-fe85-4871-8328-668633b448e5
2019-09-25 05:41:08,441 [pool-57-thread-1] INFO  server.RaftServerConfigKeys (ConfUtils.java:logGet(43)) - raft.server.log.queue.byte-limit = 2147483647 (custom)
2019-09-25 05:41:08,441 [pool-57-thread-1] INFO  server.RaftServerConfigKeys (ConfUtils.java:logGet(43)) - raft.server.log.queue.element-limit = 1024 (custom)
2019-09-25 05:41:08,441 [pool-57-thread-1] INFO  server.RaftServerConfigKeys (ConfUtils.java:logGet(43)) - raft.server.log.segment.size.max = 1048576 (custom)
2019-09-25 05:41:08,442 [pool-57-thread-1] INFO  server.RaftServerConfigKeys (ConfUtils.java:logGet(43)) - raft.server.log.preallocated.size = 16384 (custom)
2019-09-25 05:41:08,442 [pool-57-thread-1] INFO  server.RaftServerConfigKeys (ConfUtils.java:logGet(43)) - raft.server.log.write.buffer.size = 33554432 (custom)
2019-09-25 05:41:08,442 [pool-57-thread-1] INFO  server.RaftServerConfigKeys (ConfUtils.java:logGet(43)) - raft.server.log.force.sync.num = 128 (default)
2019-09-25 05:41:08,442 [pool-57-thread-1] INFO  server.RaftServerConfigKeys (ConfUtils.java:logGet(43)) - raft.server.log.statemachine.data.sync = true (default)
2019-09-25 05:41:08,442 [pool-57-thread-1] INFO  server.RaftServerConfigKeys (ConfUtils.java:logGet(43)) - raft.server.log.statemachine.data.sync.timeout = 10s (default)
2019-09-25 05:41:08,443 [pool-57-thread-1] INFO  server.RaftServerConfigKeys (ConfUtils.java:logGet(43)) - raft.server.log.statemachine.data.sync.timeout.retry = -1 (default)
2019-09-25 05:41:08,443 [pool-57-thread-1] INFO  server.RaftServerConfigKeys (ConfUtils.java:logGet(43)) - raft.server.log.statemachine.data.caching.enabled = true (custom)
2019-09-25 05:41:08,445 [pool-57-thread-1] INFO  segmented.SegmentedRaftLogWorker (SegmentedRaftLogWorker.java:lambda$new$0(132)) - a0f9784c-b240-4740-a75c-f623c7ee251f@group-668633B448E5-SegmentedRaftLogWorker: flushIndex: setUnconditionally 0 -> -1
2019-09-25 05:41:08,445 [pool-57-thread-1] INFO  server.RaftServerConfigKeys (ConfUtils.java:logGet(43)) - raft.server.snapshot.auto.trigger.enabled = true (custom)
2019-09-25 05:41:08,447 [pool-57-thread-1] INFO  server.RaftServerConfigKeys (ConfUtils.java:logGet(43)) - raft.server.snapshot.auto.trigger.threshold = 10000 (custom)
2019-09-25 05:41:08,447 [pool-57-thread-1] INFO  server.RaftServerConfigKeys (ConfUtils.java:logGet(43)) - raft.server.snapshot.retention.num.files = 5 (custom)
2019-09-25 05:41:08,447 [pool-57-thread-1] INFO  server.RaftServerConfigKeys (ConfUtils.java:logGet(43)) - raft.server.retrycache.expirytime = 600000ms (custom)
2019-09-25 05:41:08,451 [pool-57-thread-1] INFO  impl.RaftServerImpl (RaftServerImpl.java:start(185)) - a0f9784c-b240-4740-a75c-f623c7ee251f@group-668633B448E5: start as a follower, conf=-1: [a0f9784c-b240-4740-a75c-f623c7ee251f:192.168.30.10:36265], old=null
2019-09-25 05:41:08,451 [pool-57-thread-1] INFO  impl.RaftServerImpl (RaftServerImpl.java:setRole(174)) - a0f9784c-b240-4740-a75c-f623c7ee251f@group-668633B448E5: changes role from      null to FOLLOWER at term 0 for startAsFollower
2019-09-25 05:41:08,451 [pool-57-thread-1] INFO  impl.RoleInfo (RoleInfo.java:updateAndGet(143)) - a0f9784c-b240-4740-a75c-f623c7ee251f: start FollowerState
2019-09-25 05:41:08,454 [pool-57-thread-1] INFO  util.JmxRegister (JmxRegister.java:tryRegister(44)) - Successfully registered JMX Bean with object name Ratis:service=RaftServer,group=group-668633B448E5,id=a0f9784c-b240-4740-a75c-f623c7ee251f
2019-09-25 05:41:08,455 [main] INFO  rpc.RpcClient (RpcClient.java:createBucket(415)) - Creating Bucket: testblockoutputstream/testblockoutputstream, with Versioning false and Storage Type set to DISK and Encryption set to false 
2019-09-25 05:41:08,467 [RatisPipelineUtilsThread] INFO  pipeline.PipelineStateManager (PipelineStateManager.java:addPipeline(56)) - Created pipeline Pipeline[ Id: c9675f43-fe85-4871-8328-668633b448e5, Nodes: a0f9784c-b240-4740-a75c-f623c7ee251f{ip: 192.168.30.10, host: pr-hdds-1569-s62bp-3040748787, networkLocation: /default-rack, certSerialId: null}, Type:RATIS, Factor:ONE, State:OPEN]
2019-09-25 05:41:08,481 [grpc-default-executor-0] INFO  impl.RaftServerProxy (RaftServerProxy.java:addNew(89)) - ddbbae55-12b9-461a-b1dd-678d37e66059: addNew group-642A6382E39A:[ddbbae55-12b9-461a-b1dd-678d37e66059:192.168.30.10:43177] returns group-642A6382E39A:java.util.concurrent.CompletableFuture@7de42b1f[Not completed]
2019-09-25 05:41:08,485 [pool-87-thread-1] INFO  impl.RaftServerImpl (RaftServerImpl.java:<init>(95)) - ddbbae55-12b9-461a-b1dd-678d37e66059: new RaftServerImpl for group-642A6382E39A:[ddbbae55-12b9-461a-b1dd-678d37e66059:192.168.30.10:43177] with ContainerStateMachine:uninitialized
2019-09-25 05:41:08,485 [pool-87-thread-1] INFO  server.RaftServerConfigKeys (ConfUtils.java:logGet(43)) - raft.server.rpc.timeout.min = 5s (custom)
2019-09-25 05:41:08,485 [pool-87-thread-1] INFO  server.RaftServerConfigKeys (ConfUtils.java:logGet(43)) - raft.server.rpc.timeout.max = 5200ms (custom)
2019-09-25 05:41:08,486 [pool-87-thread-1] INFO  server.RaftServerConfigKeys (ConfUtils.java:logGet(43)) - raft.server.rpcslowness.timeout = 120s (custom)
2019-09-25 05:41:08,486 [pool-87-thread-1] INFO  server.RaftServerConfigKeys (ConfUtils.java:logGet(43)) - raft.server.sleep.deviation.threshold = 300 (default)
2019-09-25 05:41:08,486 [pool-87-thread-1] INFO  server.RaftServerConfigKeys (ConfUtils.java:logGet(43)) - raft.server.log.appender.install.snapshot.enabled = false (custom)
2019-09-25 05:41:08,486 [pool-87-thread-1] INFO  impl.RaftServerImpl (ServerState.java:<init>(103)) - ddbbae55-12b9-461a-b1dd-678d37e66059@group-642A6382E39A: ConfigurationManager, init=-1: [ddbbae55-12b9-461a-b1dd-678d37e66059:192.168.30.10:43177], old=null, confs=<EMPTY_MAP>
2019-09-25 05:41:08,487 [pool-87-thread-1] INFO  server.RaftServerConfigKeys (ConfUtils.java:logGet(43)) - raft.server.storage.dir = [/workdir/hadoop-ozone/integration-test/target/test-dir/MiniOzoneClusterImpl-5f167f52-bad4-483d-8ef4-c1e76e705afb/datanode-6/data/ratis] (custom)
2019-09-25 05:41:08,487 [pool-87-thread-1] INFO  storage.RaftStorageDirectory (RaftStorageDirectory.java:analyzeStorage(246)) - The storage directory /workdir/hadoop-ozone/integration-test/target/test-dir/MiniOzoneClusterImpl-5f167f52-bad4-483d-8ef4-c1e76e705afb/datanode-6/data/ratis/7f3eac04-73d6-4bf3-9ab8-642a6382e39a does not exist. Creating ...
2019-09-25 05:41:08,491 [main] INFO  impl.MetricsSystemImpl (MetricsSystemImpl.java:init(158)) - XceiverClientMetrics metrics system started (again)
2019-09-25 05:41:08,512 [pool-87-thread-1] INFO  storage.RaftStorageDirectory (RaftStorageDirectory.java:tryLock(328)) - Lock on /workdir/hadoop-ozone/integration-test/target/test-dir/MiniOzoneClusterImpl-5f167f52-bad4-483d-8ef4-c1e76e705afb/datanode-6/data/ratis/7f3eac04-73d6-4bf3-9ab8-642a6382e39a/in_use.lock acquired by nodename 13539@pr-hdds-1569-s62bp-3040748787
2019-09-25 05:41:08,526 [pool-87-thread-1] INFO  storage.RaftStorage (RaftStorage.java:format(72)) - Storage directory /workdir/hadoop-ozone/integration-test/target/test-dir/MiniOzoneClusterImpl-5f167f52-bad4-483d-8ef4-c1e76e705afb/datanode-6/data/ratis/7f3eac04-73d6-4bf3-9ab8-642a6382e39a has been successfully formatted.
2019-09-25 05:41:08,526 [pool-87-thread-1] INFO  ratis.ContainerStateMachine (ContainerStateMachine.java:loadSnapshot(230)) - group-642A6382E39A: The snapshot info is null. Setting the last applied indexto:(t:0, i:~)
2019-09-25 05:41:08,526 [pool-87-thread-1] INFO  server.RaftServerConfigKeys (ConfUtils.java:logGet(43)) - raft.server.notification.no-leader.timeout = 120s (custom)
2019-09-25 05:41:08,526 [pool-87-thread-1] INFO  server.RaftServerConfigKeys (ConfUtils.java:logGet(43)) - raft.server.log.use.memory = false (default)
2019-09-25 05:41:08,527 [pool-87-thread-1] INFO  server.RaftServerConfigKeys (ConfUtils.java:logGet(43)) - raft.server.log.purge.gap = 1000000 (custom)
2019-09-25 05:41:08,527 [pool-87-thread-1] INFO  server.RaftServerConfigKeys (ConfUtils.java:logGet(43)) - raft.server.log.appender.buffer.byte-limit = 33554432 (custom)
2019-09-25 05:41:08,527 [pool-87-thread-1] INFO  server.RaftServerConfigKeys (ConfUtils.java:logGet(43)) - raft.server.log.segment.size.max = 1048576 (custom)
2019-09-25 05:41:08,527 [pool-87-thread-1] INFO  server.RaftServerConfigKeys (ConfUtils.java:logGet(43)) - raft.server.log.segment.cache.num.max = 2 (custom)
2019-09-25 05:41:08,527 [pool-87-thread-1] INFO  segmented.SegmentedRaftLogWorker (SegmentedRaftLogWorker.java:<init>(172)) - new ddbbae55-12b9-461a-b1dd-678d37e66059@group-642A6382E39A-SegmentedRaftLogWorker for RaftStorage:Storage Directory /workdir/hadoop-ozone/integration-test/target/test-dir/MiniOzoneClusterImpl-5f167f52-bad4-483d-8ef4-c1e76e705afb/datanode-6/data/ratis/7f3eac04-73d6-4bf3-9ab8-642a6382e39a
2019-09-25 05:41:08,528 [pool-87-thread-1] INFO  server.RaftServerConfigKeys (ConfUtils.java:logGet(43)) - raft.server.log.queue.byte-limit = 2147483647 (custom)
2019-09-25 05:41:08,528 [pool-87-thread-1] INFO  server.RaftServerConfigKeys (ConfUtils.java:logGet(43)) - raft.server.log.queue.element-limit = 1024 (custom)
2019-09-25 05:41:08,528 [pool-87-thread-1] INFO  server.RaftServerConfigKeys (ConfUtils.java:logGet(43)) - raft.server.log.segment.size.max = 1048576 (custom)
2019-09-25 05:41:08,528 [pool-87-thread-1] INFO  server.RaftServerConfigKeys (ConfUtils.java:logGet(43)) - raft.server.log.preallocated.size = 16384 (custom)
2019-09-25 05:41:08,528 [pool-87-thread-1] INFO  server.RaftServerConfigKeys (ConfUtils.java:logGet(43)) - raft.server.log.write.buffer.size = 33554432 (custom)
2019-09-25 05:41:08,529 [pool-87-thread-1] INFO  server.RaftServerConfigKeys (ConfUtils.java:logGet(43)) - raft.server.log.force.sync.num = 128 (default)
2019-09-25 05:41:08,529 [pool-87-thread-1] INFO  server.RaftServerConfigKeys (ConfUtils.java:logGet(43)) - raft.server.log.statemachine.data.sync = true (default)
2019-09-25 05:41:08,529 [pool-87-thread-1] INFO  server.RaftServerConfigKeys (ConfUtils.java:logGet(43)) - raft.server.log.statemachine.data.sync.timeout = 10s (default)
2019-09-25 05:41:08,529 [pool-87-thread-1] INFO  server.RaftServerConfigKeys (ConfUtils.java:logGet(43)) - raft.server.log.statemachine.data.sync.timeout.retry = -1 (default)
2019-09-25 05:41:08,529 [pool-87-thread-1] INFO  server.RaftServerConfigKeys (ConfUtils.java:logGet(43)) - raft.server.log.statemachine.data.caching.enabled = true (custom)
2019-09-25 05:41:08,530 [pool-87-thread-1] INFO  segmented.SegmentedRaftLogWorker (SegmentedRaftLogWorker.java:lambda$new$0(132)) - ddbbae55-12b9-461a-b1dd-678d37e66059@group-642A6382E39A-SegmentedRaftLogWorker: flushIndex: setUnconditionally 0 -> -1
2019-09-25 05:41:08,530 [pool-87-thread-1] INFO  server.RaftServerConfigKeys (ConfUtils.java:logGet(43)) - raft.server.snapshot.auto.trigger.enabled = true (custom)
2019-09-25 05:41:08,530 [pool-87-thread-1] INFO  server.RaftServerConfigKeys (ConfUtils.java:logGet(43)) - raft.server.snapshot.auto.trigger.threshold = 10000 (custom)
2019-09-25 05:41:08,530 [pool-87-thread-1] INFO  server.RaftServerConfigKeys (ConfUtils.java:logGet(43)) - raft.server.snapshot.retention.num.files = 5 (custom)
2019-09-25 05:41:08,531 [pool-87-thread-1] INFO  server.RaftServerConfigKeys (ConfUtils.java:logGet(43)) - raft.server.retrycache.expirytime = 600000ms (custom)
2019-09-25 05:41:08,534 [pool-87-thread-1] INFO  impl.RaftServerImpl (RaftServerImpl.java:start(185)) - ddbbae55-12b9-461a-b1dd-678d37e66059@group-642A6382E39A: start as a follower, conf=-1: [ddbbae55-12b9-461a-b1dd-678d37e66059:192.168.30.10:43177], old=null
2019-09-25 05:41:08,534 [pool-87-thread-1] INFO  impl.RaftServerImpl (RaftServerImpl.java:setRole(174)) - ddbbae55-12b9-461a-b1dd-678d37e66059@group-642A6382E39A: changes role from      null to FOLLOWER at term 0 for startAsFollower
2019-09-25 05:41:08,534 [pool-87-thread-1] INFO  impl.RoleInfo (RoleInfo.java:updateAndGet(143)) - ddbbae55-12b9-461a-b1dd-678d37e66059: start FollowerState
2019-09-25 05:41:08,535 [pool-87-thread-1] INFO  util.JmxRegister (JmxRegister.java:tryRegister(44)) - Successfully registered JMX Bean with object name Ratis:service=RaftServer,group=group-642A6382E39A,id=ddbbae55-12b9-461a-b1dd-678d37e66059
2019-09-25 05:41:08,918 [RatisPipelineUtilsThread] INFO  pipeline.PipelineStateManager (PipelineStateManager.java:addPipeline(56)) - Created pipeline Pipeline[ Id: 7f3eac04-73d6-4bf3-9ab8-642a6382e39a, Nodes: ddbbae55-12b9-461a-b1dd-678d37e66059{ip: 192.168.30.10, host: pr-hdds-1569-s62bp-3040748787, networkLocation: /default-rack, certSerialId: null}, Type:RATIS, Factor:ONE, State:OPEN]
2019-09-25 05:41:08,931 [RatisPipelineUtilsThread] INFO  pipeline.PipelinePlacementPolicy (PipelinePlacementPolicy.java:meetCriteria(91)) - Pipeline Placement: Doesn't meet the criteria to be viable node： ddbbae55-12b9-461a-b1dd-678d37e66059 Heaviness: 6 limit: 5
2019-09-25 05:41:08,966 [grpc-default-executor-0] INFO  impl.RaftServerProxy (RaftServerProxy.java:addNew(89)) - 9c5364a7-ba03-46bb-ba71-b490d4b445f4: addNew group-81287FA2754A:[9c5364a7-ba03-46bb-ba71-b490d4b445f4:192.168.30.10:36102] returns group-81287FA2754A:java.util.concurrent.CompletableFuture@1562c237[Not completed]
2019-09-25 05:41:08,968 [pool-47-thread-1] INFO  impl.RaftServerImpl (RaftServerImpl.java:<init>(95)) - 9c5364a7-ba03-46bb-ba71-b490d4b445f4: new RaftServerImpl for group-81287FA2754A:[9c5364a7-ba03-46bb-ba71-b490d4b445f4:192.168.30.10:36102] with ContainerStateMachine:uninitialized
2019-09-25 05:41:08,968 [pool-47-thread-1] INFO  server.RaftServerConfigKeys (ConfUtils.java:logGet(43)) - raft.server.rpc.timeout.min = 5s (custom)
2019-09-25 05:41:08,968 [pool-47-thread-1] INFO  server.RaftServerConfigKeys (ConfUtils.java:logGet(43)) - raft.server.rpc.timeout.max = 5200ms (custom)
2019-09-25 05:41:08,968 [pool-47-thread-1] INFO  server.RaftServerConfigKeys (ConfUtils.java:logGet(43)) - raft.server.rpcslowness.timeout = 120s (custom)
2019-09-25 05:41:08,968 [pool-47-thread-1] INFO  server.RaftServerConfigKeys (ConfUtils.java:logGet(43)) - raft.server.sleep.deviation.threshold = 300 (default)
2019-09-25 05:41:08,969 [pool-47-thread-1] INFO  server.RaftServerConfigKeys (ConfUtils.java:logGet(43)) - raft.server.log.appender.install.snapshot.enabled = false (custom)
2019-09-25 05:41:08,969 [pool-47-thread-1] INFO  impl.RaftServerImpl (ServerState.java:<init>(103)) - 9c5364a7-ba03-46bb-ba71-b490d4b445f4@group-81287FA2754A: ConfigurationManager, init=-1: [9c5364a7-ba03-46bb-ba71-b490d4b445f4:192.168.30.10:36102], old=null, confs=<EMPTY_MAP>
2019-09-25 05:41:08,969 [pool-47-thread-1] INFO  server.RaftServerConfigKeys (ConfUtils.java:logGet(43)) - raft.server.storage.dir = [/workdir/hadoop-ozone/integration-test/target/test-dir/MiniOzoneClusterImpl-5f167f52-bad4-483d-8ef4-c1e76e705afb/datanode-2/data/ratis] (custom)
2019-09-25 05:41:08,998 [pool-47-thread-1] INFO  storage.RaftStorageDirectory (RaftStorageDirectory.java:analyzeStorage(246)) - The storage directory /workdir/hadoop-ozone/integration-test/target/test-dir/MiniOzoneClusterImpl-5f167f52-bad4-483d-8ef4-c1e76e705afb/datanode-2/data/ratis/d7e8e939-9a8b-4b8e-a911-81287fa2754a does not exist. Creating ...
2019-09-25 05:41:09,023 [pool-47-thread-1] INFO  storage.RaftStorageDirectory (RaftStorageDirectory.java:tryLock(328)) - Lock on /workdir/hadoop-ozone/integration-test/target/test-dir/MiniOzoneClusterImpl-5f167f52-bad4-483d-8ef4-c1e76e705afb/datanode-2/data/ratis/d7e8e939-9a8b-4b8e-a911-81287fa2754a/in_use.lock acquired by nodename 13539@pr-hdds-1569-s62bp-3040748787
2019-09-25 05:41:09,038 [pool-47-thread-1] INFO  storage.RaftStorage (RaftStorage.java:format(72)) - Storage directory /workdir/hadoop-ozone/integration-test/target/test-dir/MiniOzoneClusterImpl-5f167f52-bad4-483d-8ef4-c1e76e705afb/datanode-2/data/ratis/d7e8e939-9a8b-4b8e-a911-81287fa2754a has been successfully formatted.
2019-09-25 05:41:09,038 [pool-47-thread-1] INFO  ratis.ContainerStateMachine (ContainerStateMachine.java:loadSnapshot(230)) - group-81287FA2754A: The snapshot info is null. Setting the last applied indexto:(t:0, i:~)
2019-09-25 05:41:09,039 [pool-47-thread-1] INFO  server.RaftServerConfigKeys (ConfUtils.java:logGet(43)) - raft.server.notification.no-leader.timeout = 120s (custom)
2019-09-25 05:41:09,039 [pool-47-thread-1] INFO  server.RaftServerConfigKeys (ConfUtils.java:logGet(43)) - raft.server.log.use.memory = false (default)
2019-09-25 05:41:09,039 [pool-47-thread-1] INFO  server.RaftServerConfigKeys (ConfUtils.java:logGet(43)) - raft.server.log.purge.gap = 1000000 (custom)
2019-09-25 05:41:09,039 [pool-47-thread-1] INFO  server.RaftServerConfigKeys (ConfUtils.java:logGet(43)) - raft.server.log.appender.buffer.byte-limit = 33554432 (custom)
2019-09-25 05:41:09,039 [pool-47-thread-1] INFO  server.RaftServerConfigKeys (ConfUtils.java:logGet(43)) - raft.server.log.segment.size.max = 1048576 (custom)
2019-09-25 05:41:09,040 [pool-47-thread-1] INFO  server.RaftServerConfigKeys (ConfUtils.java:logGet(43)) - raft.server.log.segment.cache.num.max = 2 (custom)
2019-09-25 05:41:09,040 [pool-47-thread-1] INFO  segmented.SegmentedRaftLogWorker (SegmentedRaftLogWorker.java:<init>(172)) - new 9c5364a7-ba03-46bb-ba71-b490d4b445f4@group-81287FA2754A-SegmentedRaftLogWorker for RaftStorage:Storage Directory /workdir/hadoop-ozone/integration-test/target/test-dir/MiniOzoneClusterImpl-5f167f52-bad4-483d-8ef4-c1e76e705afb/datanode-2/data/ratis/d7e8e939-9a8b-4b8e-a911-81287fa2754a
2019-09-25 05:41:09,040 [pool-47-thread-1] INFO  server.RaftServerConfigKeys (ConfUtils.java:logGet(43)) - raft.server.log.queue.byte-limit = 2147483647 (custom)
2019-09-25 05:41:09,040 [pool-47-thread-1] INFO  server.RaftServerConfigKeys (ConfUtils.java:logGet(43)) - raft.server.log.queue.element-limit = 1024 (custom)
2019-09-25 05:41:09,040 [pool-47-thread-1] INFO  server.RaftServerConfigKeys (ConfUtils.java:logGet(43)) - raft.server.log.segment.size.max = 1048576 (custom)
2019-09-25 05:41:09,040 [pool-47-thread-1] INFO  server.RaftServerConfigKeys (ConfUtils.java:logGet(43)) - raft.server.log.preallocated.size = 16384 (custom)
2019-09-25 05:41:09,041 [pool-47-thread-1] INFO  server.RaftServerConfigKeys (ConfUtils.java:logGet(43)) - raft.server.log.write.buffer.size = 33554432 (custom)
2019-09-25 05:41:09,041 [pool-47-thread-1] INFO  server.RaftServerConfigKeys (ConfUtils.java:logGet(43)) - raft.server.log.force.sync.num = 128 (default)
2019-09-25 05:41:09,041 [pool-47-thread-1] INFO  server.RaftServerConfigKeys (ConfUtils.java:logGet(43)) - raft.server.log.statemachine.data.sync = true (default)
2019-09-25 05:41:09,041 [pool-47-thread-1] INFO  server.RaftServerConfigKeys (ConfUtils.java:logGet(43)) - raft.server.log.statemachine.data.sync.timeout = 10s (default)
2019-09-25 05:41:09,041 [pool-47-thread-1] INFO  server.RaftServerConfigKeys (ConfUtils.java:logGet(43)) - raft.server.log.statemachine.data.sync.timeout.retry = -1 (default)
2019-09-25 05:41:09,042 [pool-47-thread-1] INFO  server.RaftServerConfigKeys (ConfUtils.java:logGet(43)) - raft.server.log.statemachine.data.caching.enabled = true (custom)
2019-09-25 05:41:09,042 [pool-47-thread-1] INFO  segmented.SegmentedRaftLogWorker (SegmentedRaftLogWorker.java:lambda$new$0(132)) - 9c5364a7-ba03-46bb-ba71-b490d4b445f4@group-81287FA2754A-SegmentedRaftLogWorker: flushIndex: setUnconditionally 0 -> -1
2019-09-25 05:41:09,042 [pool-47-thread-1] INFO  server.RaftServerConfigKeys (ConfUtils.java:logGet(43)) - raft.server.snapshot.auto.trigger.enabled = true (custom)
2019-09-25 05:41:09,043 [pool-47-thread-1] INFO  server.RaftServerConfigKeys (ConfUtils.java:logGet(43)) - raft.server.snapshot.auto.trigger.threshold = 10000 (custom)
2019-09-25 05:41:09,043 [pool-47-thread-1] INFO  server.RaftServerConfigKeys (ConfUtils.java:logGet(43)) - raft.server.snapshot.retention.num.files = 5 (custom)
2019-09-25 05:41:09,043 [pool-47-thread-1] INFO  server.RaftServerConfigKeys (ConfUtils.java:logGet(43)) - raft.server.retrycache.expirytime = 600000ms (custom)
2019-09-25 05:41:09,046 [pool-47-thread-1] INFO  impl.RaftServerImpl (RaftServerImpl.java:start(185)) - 9c5364a7-ba03-46bb-ba71-b490d4b445f4@group-81287FA2754A: start as a follower, conf=-1: [9c5364a7-ba03-46bb-ba71-b490d4b445f4:192.168.30.10:36102], old=null
2019-09-25 05:41:09,046 [pool-47-thread-1] INFO  impl.RaftServerImpl (RaftServerImpl.java:setRole(174)) - 9c5364a7-ba03-46bb-ba71-b490d4b445f4@group-81287FA2754A: changes role from      null to FOLLOWER at term 0 for startAsFollower
2019-09-25 05:41:09,046 [pool-47-thread-1] INFO  impl.RoleInfo (RoleInfo.java:updateAndGet(143)) - 9c5364a7-ba03-46bb-ba71-b490d4b445f4: start FollowerState
2019-09-25 05:41:09,047 [pool-47-thread-1] INFO  util.JmxRegister (JmxRegister.java:tryRegister(44)) - Successfully registered JMX Bean with object name Ratis:service=RaftServer,group=group-81287FA2754A,id=9c5364a7-ba03-46bb-ba71-b490d4b445f4
2019-09-25 05:41:09,052 [RatisPipelineUtilsThread] INFO  pipeline.PipelineStateManager (PipelineStateManager.java:addPipeline(56)) - Created pipeline Pipeline[ Id: d7e8e939-9a8b-4b8e-a911-81287fa2754a, Nodes: 9c5364a7-ba03-46bb-ba71-b490d4b445f4{ip: 192.168.30.10, host: pr-hdds-1569-s62bp-3040748787, networkLocation: /default-rack, certSerialId: null}, Type:RATIS, Factor:ONE, State:OPEN]
2019-09-25 05:41:09,052 [RatisPipelineUtilsThread] INFO  pipeline.PipelinePlacementPolicy (PipelinePlacementPolicy.java:meetCriteria(91)) - Pipeline Placement: Doesn't meet the criteria to be viable node： ddbbae55-12b9-461a-b1dd-678d37e66059 Heaviness: 6 limit: 5
2019-09-25 05:41:09,065 [grpc-default-executor-0] INFO  impl.RaftServerProxy (RaftServerProxy.java:addNew(89)) - c1b8ccaf-89e0-45fc-9fa3-d1b440a7dff4: addNew group-BA68787E2A79:[c1b8ccaf-89e0-45fc-9fa3-d1b440a7dff4:192.168.30.10:35376] returns group-BA68787E2A79:java.util.concurrent.CompletableFuture@32c335d0[Not completed]
2019-09-25 05:41:09,069 [pool-77-thread-1] INFO  impl.RaftServerImpl (RaftServerImpl.java:<init>(95)) - c1b8ccaf-89e0-45fc-9fa3-d1b440a7dff4: new RaftServerImpl for group-BA68787E2A79:[c1b8ccaf-89e0-45fc-9fa3-d1b440a7dff4:192.168.30.10:35376] with ContainerStateMachine:uninitialized
2019-09-25 05:41:09,069 [pool-77-thread-1] INFO  server.RaftServerConfigKeys (ConfUtils.java:logGet(43)) - raft.server.rpc.timeout.min = 5s (custom)
2019-09-25 05:41:09,069 [pool-77-thread-1] INFO  server.RaftServerConfigKeys (ConfUtils.java:logGet(43)) - raft.server.rpc.timeout.max = 5200ms (custom)
2019-09-25 05:41:09,070 [pool-77-thread-1] INFO  server.RaftServerConfigKeys (ConfUtils.java:logGet(43)) - raft.server.rpcslowness.timeout = 120s (custom)
2019-09-25 05:41:09,070 [pool-77-thread-1] INFO  server.RaftServerConfigKeys (ConfUtils.java:logGet(43)) - raft.server.sleep.deviation.threshold = 300 (default)
2019-09-25 05:41:09,070 [pool-77-thread-1] INFO  server.RaftServerConfigKeys (ConfUtils.java:logGet(43)) - raft.server.log.appender.install.snapshot.enabled = false (custom)
2019-09-25 05:41:09,070 [pool-77-thread-1] INFO  impl.RaftServerImpl (ServerState.java:<init>(103)) - c1b8ccaf-89e0-45fc-9fa3-d1b440a7dff4@group-BA68787E2A79: ConfigurationManager, init=-1: [c1b8ccaf-89e0-45fc-9fa3-d1b440a7dff4:192.168.30.10:35376], old=null, confs=<EMPTY_MAP>
2019-09-25 05:41:09,070 [pool-77-thread-1] INFO  server.RaftServerConfigKeys (ConfUtils.java:logGet(43)) - raft.server.storage.dir = [/workdir/hadoop-ozone/integration-test/target/test-dir/MiniOzoneClusterImpl-5f167f52-bad4-483d-8ef4-c1e76e705afb/datanode-5/data/ratis] (custom)
2019-09-25 05:41:09,071 [pool-77-thread-1] INFO  storage.RaftStorageDirectory (RaftStorageDirectory.java:analyzeStorage(246)) - The storage directory /workdir/hadoop-ozone/integration-test/target/test-dir/MiniOzoneClusterImpl-5f167f52-bad4-483d-8ef4-c1e76e705afb/datanode-5/data/ratis/c3c723db-f144-4343-a879-ba68787e2a79 does not exist. Creating ...
2019-09-25 05:41:09,096 [pool-77-thread-1] INFO  storage.RaftStorageDirectory (RaftStorageDirectory.java:tryLock(328)) - Lock on /workdir/hadoop-ozone/integration-test/target/test-dir/MiniOzoneClusterImpl-5f167f52-bad4-483d-8ef4-c1e76e705afb/datanode-5/data/ratis/c3c723db-f144-4343-a879-ba68787e2a79/in_use.lock acquired by nodename 13539@pr-hdds-1569-s62bp-3040748787
2019-09-25 05:41:09,109 [pool-77-thread-1] INFO  storage.RaftStorage (RaftStorage.java:format(72)) - Storage directory /workdir/hadoop-ozone/integration-test/target/test-dir/MiniOzoneClusterImpl-5f167f52-bad4-483d-8ef4-c1e76e705afb/datanode-5/data/ratis/c3c723db-f144-4343-a879-ba68787e2a79 has been successfully formatted.
2019-09-25 05:41:09,109 [pool-77-thread-1] INFO  ratis.ContainerStateMachine (ContainerStateMachine.java:loadSnapshot(230)) - group-BA68787E2A79: The snapshot info is null. Setting the last applied indexto:(t:0, i:~)
2019-09-25 05:41:09,110 [pool-77-thread-1] INFO  server.RaftServerConfigKeys (ConfUtils.java:logGet(43)) - raft.server.notification.no-leader.timeout = 120s (custom)
2019-09-25 05:41:09,110 [pool-77-thread-1] INFO  server.RaftServerConfigKeys (ConfUtils.java:logGet(43)) - raft.server.log.use.memory = false (default)
2019-09-25 05:41:09,110 [pool-77-thread-1] INFO  server.RaftServerConfigKeys (ConfUtils.java:logGet(43)) - raft.server.log.purge.gap = 1000000 (custom)
2019-09-25 05:41:09,110 [pool-77-thread-1] INFO  server.RaftServerConfigKeys (ConfUtils.java:logGet(43)) - raft.server.log.appender.buffer.byte-limit = 33554432 (custom)
2019-09-25 05:41:09,110 [pool-77-thread-1] INFO  server.RaftServerConfigKeys (ConfUtils.java:logGet(43)) - raft.server.log.segment.size.max = 1048576 (custom)
2019-09-25 05:41:09,111 [pool-77-thread-1] INFO  server.RaftServerConfigKeys (ConfUtils.java:logGet(43)) - raft.server.log.segment.cache.num.max = 2 (custom)
2019-09-25 05:41:09,111 [pool-77-thread-1] INFO  segmented.SegmentedRaftLogWorker (SegmentedRaftLogWorker.java:<init>(172)) - new c1b8ccaf-89e0-45fc-9fa3-d1b440a7dff4@group-BA68787E2A79-SegmentedRaftLogWorker for RaftStorage:Storage Directory /workdir/hadoop-ozone/integration-test/target/test-dir/MiniOzoneClusterImpl-5f167f52-bad4-483d-8ef4-c1e76e705afb/datanode-5/data/ratis/c3c723db-f144-4343-a879-ba68787e2a79
2019-09-25 05:41:09,113 [pool-77-thread-1] INFO  server.RaftServerConfigKeys (ConfUtils.java:logGet(43)) - raft.server.log.queue.byte-limit = 2147483647 (custom)
2019-09-25 05:41:09,114 [pool-77-thread-1] INFO  server.RaftServerConfigKeys (ConfUtils.java:logGet(43)) - raft.server.log.queue.element-limit = 1024 (custom)
2019-09-25 05:41:09,114 [pool-77-thread-1] INFO  server.RaftServerConfigKeys (ConfUtils.java:logGet(43)) - raft.server.log.segment.size.max = 1048576 (custom)
2019-09-25 05:41:09,114 [pool-77-thread-1] INFO  server.RaftServerConfigKeys (ConfUtils.java:logGet(43)) - raft.server.log.preallocated.size = 16384 (custom)
2019-09-25 05:41:09,114 [pool-77-thread-1] INFO  server.RaftServerConfigKeys (ConfUtils.java:logGet(43)) - raft.server.log.write.buffer.size = 33554432 (custom)
2019-09-25 05:41:09,114 [pool-77-thread-1] INFO  server.RaftServerConfigKeys (ConfUtils.java:logGet(43)) - raft.server.log.force.sync.num = 128 (default)
2019-09-25 05:41:09,115 [pool-77-thread-1] INFO  server.RaftServerConfigKeys (ConfUtils.java:logGet(43)) - raft.server.log.statemachine.data.sync = true (default)
2019-09-25 05:41:09,115 [pool-77-thread-1] INFO  server.RaftServerConfigKeys (ConfUtils.java:logGet(43)) - raft.server.log.statemachine.data.sync.timeout = 10s (default)
2019-09-25 05:41:09,115 [pool-77-thread-1] INFO  server.RaftServerConfigKeys (ConfUtils.java:logGet(43)) - raft.server.log.statemachine.data.sync.timeout.retry = -1 (default)
2019-09-25 05:41:09,115 [pool-77-thread-1] INFO  server.RaftServerConfigKeys (ConfUtils.java:logGet(43)) - raft.server.log.statemachine.data.caching.enabled = true (custom)
2019-09-25 05:41:09,116 [pool-77-thread-1] INFO  segmented.SegmentedRaftLogWorker (SegmentedRaftLogWorker.java:lambda$new$0(132)) - c1b8ccaf-89e0-45fc-9fa3-d1b440a7dff4@group-BA68787E2A79-SegmentedRaftLogWorker: flushIndex: setUnconditionally 0 -> -1
2019-09-25 05:41:09,116 [pool-77-thread-1] INFO  server.RaftServerConfigKeys (ConfUtils.java:logGet(43)) - raft.server.snapshot.auto.trigger.enabled = true (custom)
2019-09-25 05:41:09,116 [pool-77-thread-1] INFO  server.RaftServerConfigKeys (ConfUtils.java:logGet(43)) - raft.server.snapshot.auto.trigger.threshold = 10000 (custom)
2019-09-25 05:41:09,116 [pool-77-thread-1] INFO  server.RaftServerConfigKeys (ConfUtils.java:logGet(43)) - raft.server.snapshot.retention.num.files = 5 (custom)
2019-09-25 05:41:09,117 [pool-77-thread-1] INFO  server.RaftServerConfigKeys (ConfUtils.java:logGet(43)) - raft.server.retrycache.expirytime = 600000ms (custom)
2019-09-25 05:41:09,119 [pool-77-thread-1] INFO  impl.RaftServerImpl (RaftServerImpl.java:start(185)) - c1b8ccaf-89e0-45fc-9fa3-d1b440a7dff4@group-BA68787E2A79: start as a follower, conf=-1: [c1b8ccaf-89e0-45fc-9fa3-d1b440a7dff4:192.168.30.10:35376], old=null
2019-09-25 05:41:09,119 [pool-77-thread-1] INFO  impl.RaftServerImpl (RaftServerImpl.java:setRole(174)) - c1b8ccaf-89e0-45fc-9fa3-d1b440a7dff4@group-BA68787E2A79: changes role from      null to FOLLOWER at term 0 for startAsFollower
2019-09-25 05:41:09,120 [pool-77-thread-1] INFO  impl.RoleInfo (RoleInfo.java:updateAndGet(143)) - c1b8ccaf-89e0-45fc-9fa3-d1b440a7dff4: start FollowerState
2019-09-25 05:41:09,120 [pool-77-thread-1] INFO  util.JmxRegister (JmxRegister.java:tryRegister(44)) - Successfully registered JMX Bean with object name Ratis:service=RaftServer,group=group-BA68787E2A79,id=c1b8ccaf-89e0-45fc-9fa3-d1b440a7dff4
2019-09-25 05:41:09,128 [RatisPipelineUtilsThread] INFO  pipeline.PipelineStateManager (PipelineStateManager.java:addPipeline(56)) - Created pipeline Pipeline[ Id: c3c723db-f144-4343-a879-ba68787e2a79, Nodes: c1b8ccaf-89e0-45fc-9fa3-d1b440a7dff4{ip: 192.168.30.10, host: pr-hdds-1569-s62bp-3040748787, networkLocation: /default-rack, certSerialId: null}, Type:RATIS, Factor:ONE, State:OPEN]
2019-09-25 05:41:09,128 [RatisPipelineUtilsThread] INFO  pipeline.PipelinePlacementPolicy (PipelinePlacementPolicy.java:meetCriteria(91)) - Pipeline Placement: Doesn't meet the criteria to be viable node： ddbbae55-12b9-461a-b1dd-678d37e66059 Heaviness: 6 limit: 5
2019-09-25 05:41:09,140 [grpc-default-executor-1] INFO  impl.RaftServerProxy (RaftServerProxy.java:addNew(89)) - a0f9784c-b240-4740-a75c-f623c7ee251f: addNew group-5B3ABCB707BD:[a0f9784c-b240-4740-a75c-f623c7ee251f:192.168.30.10:36265] returns group-5B3ABCB707BD:java.util.concurrent.CompletableFuture@280c4675[Not completed]
2019-09-25 05:41:09,143 [pool-57-thread-1] INFO  impl.RaftServerImpl (RaftServerImpl.java:<init>(95)) - a0f9784c-b240-4740-a75c-f623c7ee251f: new RaftServerImpl for group-5B3ABCB707BD:[a0f9784c-b240-4740-a75c-f623c7ee251f:192.168.30.10:36265] with ContainerStateMachine:uninitialized
2019-09-25 05:41:09,143 [pool-57-thread-1] INFO  server.RaftServerConfigKeys (ConfUtils.java:logGet(43)) - raft.server.rpc.timeout.min = 5s (custom)
2019-09-25 05:41:09,143 [pool-57-thread-1] INFO  server.RaftServerConfigKeys (ConfUtils.java:logGet(43)) - raft.server.rpc.timeout.max = 5200ms (custom)
2019-09-25 05:41:09,143 [pool-57-thread-1] INFO  server.RaftServerConfigKeys (ConfUtils.java:logGet(43)) - raft.server.rpcslowness.timeout = 120s (custom)
2019-09-25 05:41:09,143 [pool-57-thread-1] INFO  server.RaftServerConfigKeys (ConfUtils.java:logGet(43)) - raft.server.sleep.deviation.threshold = 300 (default)
2019-09-25 05:41:09,143 [pool-57-thread-1] INFO  server.RaftServerConfigKeys (ConfUtils.java:logGet(43)) - raft.server.log.appender.install.snapshot.enabled = false (custom)
2019-09-25 05:41:09,144 [pool-57-thread-1] INFO  impl.RaftServerImpl (ServerState.java:<init>(103)) - a0f9784c-b240-4740-a75c-f623c7ee251f@group-5B3ABCB707BD: ConfigurationManager, init=-1: [a0f9784c-b240-4740-a75c-f623c7ee251f:192.168.30.10:36265], old=null, confs=<EMPTY_MAP>
2019-09-25 05:41:09,144 [pool-57-thread-1] INFO  server.RaftServerConfigKeys (ConfUtils.java:logGet(43)) - raft.server.storage.dir = [/workdir/hadoop-ozone/integration-test/target/test-dir/MiniOzoneClusterImpl-5f167f52-bad4-483d-8ef4-c1e76e705afb/datanode-3/data/ratis] (custom)
2019-09-25 05:41:09,144 [pool-57-thread-1] INFO  storage.RaftStorageDirectory (RaftStorageDirectory.java:analyzeStorage(246)) - The storage directory /workdir/hadoop-ozone/integration-test/target/test-dir/MiniOzoneClusterImpl-5f167f52-bad4-483d-8ef4-c1e76e705afb/datanode-3/data/ratis/2e3e098f-1434-408f-9e88-5b3abcb707bd does not exist. Creating ...
2019-09-25 05:41:09,169 [pool-57-thread-1] INFO  storage.RaftStorageDirectory (RaftStorageDirectory.java:tryLock(328)) - Lock on /workdir/hadoop-ozone/integration-test/target/test-dir/MiniOzoneClusterImpl-5f167f52-bad4-483d-8ef4-c1e76e705afb/datanode-3/data/ratis/2e3e098f-1434-408f-9e88-5b3abcb707bd/in_use.lock acquired by nodename 13539@pr-hdds-1569-s62bp-3040748787
2019-09-25 05:41:09,175 [Thread-238] INFO  container.ReplicationManager (ReplicationManager.java:start(163)) - Starting Replication Monitor Thread.
2019-09-25 05:41:09,177 [ReplicationMonitor] INFO  container.ReplicationManager (ReplicationManager.java:run(226)) - Replication Monitor Thread took 1 milliseconds for processing 0 containers.
2019-09-25 05:41:09,182 [pool-57-thread-1] INFO  storage.RaftStorage (RaftStorage.java:format(72)) - Storage directory /workdir/hadoop-ozone/integration-test/target/test-dir/MiniOzoneClusterImpl-5f167f52-bad4-483d-8ef4-c1e76e705afb/datanode-3/data/ratis/2e3e098f-1434-408f-9e88-5b3abcb707bd has been successfully formatted.
2019-09-25 05:41:09,182 [pool-57-thread-1] INFO  ratis.ContainerStateMachine (ContainerStateMachine.java:loadSnapshot(230)) - group-5B3ABCB707BD: The snapshot info is null. Setting the last applied indexto:(t:0, i:~)
2019-09-25 05:41:09,182 [pool-57-thread-1] INFO  server.RaftServerConfigKeys (ConfUtils.java:logGet(43)) - raft.server.notification.no-leader.timeout = 120s (custom)
2019-09-25 05:41:09,183 [pool-57-thread-1] INFO  server.RaftServerConfigKeys (ConfUtils.java:logGet(43)) - raft.server.log.use.memory = false (default)
2019-09-25 05:41:09,183 [pool-57-thread-1] INFO  server.RaftServerConfigKeys (ConfUtils.java:logGet(43)) - raft.server.log.purge.gap = 1000000 (custom)
2019-09-25 05:41:09,183 [pool-57-thread-1] INFO  server.RaftServerConfigKeys (ConfUtils.java:logGet(43)) - raft.server.log.appender.buffer.byte-limit = 33554432 (custom)
2019-09-25 05:41:09,183 [pool-57-thread-1] INFO  server.RaftServerConfigKeys (ConfUtils.java:logGet(43)) - raft.server.log.segment.size.max = 1048576 (custom)
2019-09-25 05:41:09,183 [pool-57-thread-1] INFO  server.RaftServerConfigKeys (ConfUtils.java:logGet(43)) - raft.server.log.segment.cache.num.max = 2 (custom)
2019-09-25 05:41:09,184 [pool-57-thread-1] INFO  segmented.SegmentedRaftLogWorker (SegmentedRaftLogWorker.java:<init>(172)) - new a0f9784c-b240-4740-a75c-f623c7ee251f@group-5B3ABCB707BD-SegmentedRaftLogWorker for RaftStorage:Storage Directory /workdir/hadoop-ozone/integration-test/target/test-dir/MiniOzoneClusterImpl-5f167f52-bad4-483d-8ef4-c1e76e705afb/datanode-3/data/ratis/2e3e098f-1434-408f-9e88-5b3abcb707bd
2019-09-25 05:41:09,184 [pool-57-thread-1] INFO  server.RaftServerConfigKeys (ConfUtils.java:logGet(43)) - raft.server.log.queue.byte-limit = 2147483647 (custom)
2019-09-25 05:41:09,184 [pool-57-thread-1] INFO  server.RaftServerConfigKeys (ConfUtils.java:logGet(43)) - raft.server.log.queue.element-limit = 1024 (custom)
2019-09-25 05:41:09,184 [pool-57-thread-1] INFO  server.RaftServerConfigKeys (ConfUtils.java:logGet(43)) - raft.server.log.segment.size.max = 1048576 (custom)
2019-09-25 05:41:09,184 [pool-57-thread-1] INFO  server.RaftServerConfigKeys (ConfUtils.java:logGet(43)) - raft.server.log.preallocated.size = 16384 (custom)
2019-09-25 05:41:09,184 [pool-57-thread-1] INFO  server.RaftServerConfigKeys (ConfUtils.java:logGet(43)) - raft.server.log.write.buffer.size = 33554432 (custom)
2019-09-25 05:41:09,185 [pool-57-thread-1] INFO  server.RaftServerConfigKeys (ConfUtils.java:logGet(43)) - raft.server.log.force.sync.num = 128 (default)
2019-09-25 05:41:09,185 [pool-57-thread-1] INFO  server.RaftServerConfigKeys (ConfUtils.java:logGet(43)) - raft.server.log.statemachine.data.sync = true (default)
2019-09-25 05:41:09,185 [pool-57-thread-1] INFO  server.RaftServerConfigKeys (ConfUtils.java:logGet(43)) - raft.server.log.statemachine.data.sync.timeout = 10s (default)
2019-09-25 05:41:09,185 [pool-57-thread-1] INFO  server.RaftServerConfigKeys (ConfUtils.java:logGet(43)) - raft.server.log.statemachine.data.sync.timeout.retry = -1 (default)
2019-09-25 05:41:09,185 [pool-57-thread-1] INFO  server.RaftServerConfigKeys (ConfUtils.java:logGet(43)) - raft.server.log.statemachine.data.caching.enabled = true (custom)
2019-09-25 05:41:09,186 [pool-57-thread-1] INFO  segmented.SegmentedRaftLogWorker (SegmentedRaftLogWorker.java:lambda$new$0(132)) - a0f9784c-b240-4740-a75c-f623c7ee251f@group-5B3ABCB707BD-SegmentedRaftLogWorker: flushIndex: setUnconditionally 0 -> -1
2019-09-25 05:41:09,186 [pool-57-thread-1] INFO  server.RaftServerConfigKeys (ConfUtils.java:logGet(43)) - raft.server.snapshot.auto.trigger.enabled = true (custom)
2019-09-25 05:41:09,186 [pool-57-thread-1] INFO  server.RaftServerConfigKeys (ConfUtils.java:logGet(43)) - raft.server.snapshot.auto.trigger.threshold = 10000 (custom)
2019-09-25 05:41:09,186 [pool-57-thread-1] INFO  server.RaftServerConfigKeys (ConfUtils.java:logGet(43)) - raft.server.snapshot.retention.num.files = 5 (custom)
2019-09-25 05:41:09,187 [pool-57-thread-1] INFO  server.RaftServerConfigKeys (ConfUtils.java:logGet(43)) - raft.server.retrycache.expirytime = 600000ms (custom)
2019-09-25 05:41:09,189 [pool-57-thread-1] INFO  impl.RaftServerImpl (RaftServerImpl.java:start(185)) - a0f9784c-b240-4740-a75c-f623c7ee251f@group-5B3ABCB707BD: start as a follower, conf=-1: [a0f9784c-b240-4740-a75c-f623c7ee251f:192.168.30.10:36265], old=null
2019-09-25 05:41:09,189 [pool-57-thread-1] INFO  impl.RaftServerImpl (RaftServerImpl.java:setRole(174)) - a0f9784c-b240-4740-a75c-f623c7ee251f@group-5B3ABCB707BD: changes role from      null to FOLLOWER at term 0 for startAsFollower
2019-09-25 05:41:09,190 [pool-57-thread-1] INFO  impl.RoleInfo (RoleInfo.java:updateAndGet(143)) - a0f9784c-b240-4740-a75c-f623c7ee251f: start FollowerState
2019-09-25 05:41:09,190 [pool-57-thread-1] INFO  util.JmxRegister (JmxRegister.java:tryRegister(44)) - Successfully registered JMX Bean with object name Ratis:service=RaftServer,group=group-5B3ABCB707BD,id=a0f9784c-b240-4740-a75c-f623c7ee251f
2019-09-25 05:41:09,196 [RatisPipelineUtilsThread] INFO  pipeline.PipelineStateManager (PipelineStateManager.java:addPipeline(56)) - Created pipeline Pipeline[ Id: 2e3e098f-1434-408f-9e88-5b3abcb707bd, Nodes: a0f9784c-b240-4740-a75c-f623c7ee251f{ip: 192.168.30.10, host: pr-hdds-1569-s62bp-3040748787, networkLocation: /default-rack, certSerialId: null}, Type:RATIS, Factor:ONE, State:OPEN]
2019-09-25 05:41:09,196 [RatisPipelineUtilsThread] INFO  pipeline.PipelinePlacementPolicy (PipelinePlacementPolicy.java:meetCriteria(91)) - Pipeline Placement: Doesn't meet the criteria to be viable node： ddbbae55-12b9-461a-b1dd-678d37e66059 Heaviness: 6 limit: 5
2019-09-25 05:41:09,211 [grpc-default-executor-1] INFO  impl.RaftServerProxy (RaftServerProxy.java:addNew(89)) - 9c5364a7-ba03-46bb-ba71-b490d4b445f4: addNew group-49F77115FBAC:[9c5364a7-ba03-46bb-ba71-b490d4b445f4:192.168.30.10:36102] returns group-49F77115FBAC:java.util.concurrent.CompletableFuture@22f42d05[Not completed]
2019-09-25 05:41:09,212 [pool-47-thread-1] INFO  impl.RaftServerImpl (RaftServerImpl.java:<init>(95)) - 9c5364a7-ba03-46bb-ba71-b490d4b445f4: new RaftServerImpl for group-49F77115FBAC:[9c5364a7-ba03-46bb-ba71-b490d4b445f4:192.168.30.10:36102] with ContainerStateMachine:uninitialized
2019-09-25 05:41:09,212 [pool-47-thread-1] INFO  server.RaftServerConfigKeys (ConfUtils.java:logGet(43)) - raft.server.rpc.timeout.min = 5s (custom)
2019-09-25 05:41:09,213 [pool-47-thread-1] INFO  server.RaftServerConfigKeys (ConfUtils.java:logGet(43)) - raft.server.rpc.timeout.max = 5200ms (custom)
2019-09-25 05:41:09,213 [pool-47-thread-1] INFO  server.RaftServerConfigKeys (ConfUtils.java:logGet(43)) - raft.server.rpcslowness.timeout = 120s (custom)
2019-09-25 05:41:09,213 [pool-47-thread-1] INFO  server.RaftServerConfigKeys (ConfUtils.java:logGet(43)) - raft.server.sleep.deviation.threshold = 300 (default)
2019-09-25 05:41:09,213 [pool-47-thread-1] INFO  server.RaftServerConfigKeys (ConfUtils.java:logGet(43)) - raft.server.log.appender.install.snapshot.enabled = false (custom)
2019-09-25 05:41:09,213 [pool-47-thread-1] INFO  impl.RaftServerImpl (ServerState.java:<init>(103)) - 9c5364a7-ba03-46bb-ba71-b490d4b445f4@group-49F77115FBAC: ConfigurationManager, init=-1: [9c5364a7-ba03-46bb-ba71-b490d4b445f4:192.168.30.10:36102], old=null, confs=<EMPTY_MAP>
2019-09-25 05:41:09,213 [pool-47-thread-1] INFO  server.RaftServerConfigKeys (ConfUtils.java:logGet(43)) - raft.server.storage.dir = [/workdir/hadoop-ozone/integration-test/target/test-dir/MiniOzoneClusterImpl-5f167f52-bad4-483d-8ef4-c1e76e705afb/datanode-2/data/ratis] (custom)
2019-09-25 05:41:09,214 [pool-47-thread-1] INFO  storage.RaftStorageDirectory (RaftStorageDirectory.java:analyzeStorage(246)) - The storage directory /workdir/hadoop-ozone/integration-test/target/test-dir/MiniOzoneClusterImpl-5f167f52-bad4-483d-8ef4-c1e76e705afb/datanode-2/data/ratis/0581b780-e2aa-479c-97c0-49f77115fbac does not exist. Creating ...
2019-09-25 05:41:09,227 [pool-47-thread-1] INFO  storage.RaftStorageDirectory (RaftStorageDirectory.java:tryLock(328)) - Lock on /workdir/hadoop-ozone/integration-test/target/test-dir/MiniOzoneClusterImpl-5f167f52-bad4-483d-8ef4-c1e76e705afb/datanode-2/data/ratis/0581b780-e2aa-479c-97c0-49f77115fbac/in_use.lock acquired by nodename 13539@pr-hdds-1569-s62bp-3040748787
2019-09-25 05:41:09,240 [pool-47-thread-1] INFO  storage.RaftStorage (RaftStorage.java:format(72)) - Storage directory /workdir/hadoop-ozone/integration-test/target/test-dir/MiniOzoneClusterImpl-5f167f52-bad4-483d-8ef4-c1e76e705afb/datanode-2/data/ratis/0581b780-e2aa-479c-97c0-49f77115fbac has been successfully formatted.
2019-09-25 05:41:09,240 [pool-47-thread-1] INFO  ratis.ContainerStateMachine (ContainerStateMachine.java:loadSnapshot(230)) - group-49F77115FBAC: The snapshot info is null. Setting the last applied indexto:(t:0, i:~)
2019-09-25 05:41:09,241 [pool-47-thread-1] INFO  server.RaftServerConfigKeys (ConfUtils.java:logGet(43)) - raft.server.notification.no-leader.timeout = 120s (custom)
2019-09-25 05:41:09,241 [pool-47-thread-1] INFO  server.RaftServerConfigKeys (ConfUtils.java:logGet(43)) - raft.server.log.use.memory = false (default)
2019-09-25 05:41:09,241 [pool-47-thread-1] INFO  server.RaftServerConfigKeys (ConfUtils.java:logGet(43)) - raft.server.log.purge.gap = 1000000 (custom)
2019-09-25 05:41:09,241 [pool-47-thread-1] INFO  server.RaftServerConfigKeys (ConfUtils.java:logGet(43)) - raft.server.log.appender.buffer.byte-limit = 33554432 (custom)
2019-09-25 05:41:09,241 [pool-47-thread-1] INFO  server.RaftServerConfigKeys (ConfUtils.java:logGet(43)) - raft.server.log.segment.size.max = 1048576 (custom)
2019-09-25 05:41:09,241 [pool-47-thread-1] INFO  server.RaftServerConfigKeys (ConfUtils.java:logGet(43)) - raft.server.log.segment.cache.num.max = 2 (custom)
2019-09-25 05:41:09,242 [pool-47-thread-1] INFO  segmented.SegmentedRaftLogWorker (SegmentedRaftLogWorker.java:<init>(172)) - new 9c5364a7-ba03-46bb-ba71-b490d4b445f4@group-49F77115FBAC-SegmentedRaftLogWorker for RaftStorage:Storage Directory /workdir/hadoop-ozone/integration-test/target/test-dir/MiniOzoneClusterImpl-5f167f52-bad4-483d-8ef4-c1e76e705afb/datanode-2/data/ratis/0581b780-e2aa-479c-97c0-49f77115fbac
2019-09-25 05:41:09,242 [pool-47-thread-1] INFO  server.RaftServerConfigKeys (ConfUtils.java:logGet(43)) - raft.server.log.queue.byte-limit = 2147483647 (custom)
2019-09-25 05:41:09,242 [pool-47-thread-1] INFO  server.RaftServerConfigKeys (ConfUtils.java:logGet(43)) - raft.server.log.queue.element-limit = 1024 (custom)
2019-09-25 05:41:09,242 [pool-47-thread-1] INFO  server.RaftServerConfigKeys (ConfUtils.java:logGet(43)) - raft.server.log.segment.size.max = 1048576 (custom)
2019-09-25 05:41:09,242 [pool-47-thread-1] INFO  server.RaftServerConfigKeys (ConfUtils.java:logGet(43)) - raft.server.log.preallocated.size = 16384 (custom)
2019-09-25 05:41:09,242 [pool-47-thread-1] INFO  server.RaftServerConfigKeys (ConfUtils.java:logGet(43)) - raft.server.log.write.buffer.size = 33554432 (custom)
2019-09-25 05:41:09,242 [pool-47-thread-1] INFO  server.RaftServerConfigKeys (ConfUtils.java:logGet(43)) - raft.server.log.force.sync.num = 128 (default)
2019-09-25 05:41:09,243 [pool-47-thread-1] INFO  server.RaftServerConfigKeys (ConfUtils.java:logGet(43)) - raft.server.log.statemachine.data.sync = true (default)
2019-09-25 05:41:09,243 [pool-47-thread-1] INFO  server.RaftServerConfigKeys (ConfUtils.java:logGet(43)) - raft.server.log.statemachine.data.sync.timeout = 10s (default)
2019-09-25 05:41:09,243 [pool-47-thread-1] INFO  server.RaftServerConfigKeys (ConfUtils.java:logGet(43)) - raft.server.log.statemachine.data.sync.timeout.retry = -1 (default)
2019-09-25 05:41:09,243 [pool-47-thread-1] INFO  server.RaftServerConfigKeys (ConfUtils.java:logGet(43)) - raft.server.log.statemachine.data.caching.enabled = true (custom)
2019-09-25 05:41:09,243 [pool-47-thread-1] INFO  segmented.SegmentedRaftLogWorker (SegmentedRaftLogWorker.java:lambda$new$0(132)) - 9c5364a7-ba03-46bb-ba71-b490d4b445f4@group-49F77115FBAC-SegmentedRaftLogWorker: flushIndex: setUnconditionally 0 -> -1
2019-09-25 05:41:09,244 [pool-47-thread-1] INFO  server.RaftServerConfigKeys (ConfUtils.java:logGet(43)) - raft.server.snapshot.auto.trigger.enabled = true (custom)
2019-09-25 05:41:09,244 [pool-47-thread-1] INFO  server.RaftServerConfigKeys (ConfUtils.java:logGet(43)) - raft.server.snapshot.auto.trigger.threshold = 10000 (custom)
2019-09-25 05:41:09,244 [pool-47-thread-1] INFO  server.RaftServerConfigKeys (ConfUtils.java:logGet(43)) - raft.server.snapshot.retention.num.files = 5 (custom)
2019-09-25 05:41:09,244 [pool-47-thread-1] INFO  server.RaftServerConfigKeys (ConfUtils.java:logGet(43)) - raft.server.retrycache.expirytime = 600000ms (custom)
2019-09-25 05:41:09,247 [pool-47-thread-1] INFO  impl.RaftServerImpl (RaftServerImpl.java:start(185)) - 9c5364a7-ba03-46bb-ba71-b490d4b445f4@group-49F77115FBAC: start as a follower, conf=-1: [9c5364a7-ba03-46bb-ba71-b490d4b445f4:192.168.30.10:36102], old=null
2019-09-25 05:41:09,247 [pool-47-thread-1] INFO  impl.RaftServerImpl (RaftServerImpl.java:setRole(174)) - 9c5364a7-ba03-46bb-ba71-b490d4b445f4@group-49F77115FBAC: changes role from      null to FOLLOWER at term 0 for startAsFollower
2019-09-25 05:41:09,247 [pool-47-thread-1] INFO  impl.RoleInfo (RoleInfo.java:updateAndGet(143)) - 9c5364a7-ba03-46bb-ba71-b490d4b445f4: start FollowerState
2019-09-25 05:41:09,247 [pool-47-thread-1] INFO  util.JmxRegister (JmxRegister.java:tryRegister(44)) - Successfully registered JMX Bean with object name Ratis:service=RaftServer,group=group-49F77115FBAC,id=9c5364a7-ba03-46bb-ba71-b490d4b445f4
2019-09-25 05:41:09,254 [RatisPipelineUtilsThread] INFO  pipeline.PipelineStateManager (PipelineStateManager.java:addPipeline(56)) - Created pipeline Pipeline[ Id: 0581b780-e2aa-479c-97c0-49f77115fbac, Nodes: 9c5364a7-ba03-46bb-ba71-b490d4b445f4{ip: 192.168.30.10, host: pr-hdds-1569-s62bp-3040748787, networkLocation: /default-rack, certSerialId: null}, Type:RATIS, Factor:ONE, State:OPEN]
2019-09-25 05:41:09,254 [RatisPipelineUtilsThread] INFO  pipeline.PipelinePlacementPolicy (PipelinePlacementPolicy.java:meetCriteria(91)) - Pipeline Placement: Doesn't meet the criteria to be viable node： ddbbae55-12b9-461a-b1dd-678d37e66059 Heaviness: 6 limit: 5
2019-09-25 05:41:09,281 [grpc-default-executor-1] INFO  impl.RaftServerProxy (RaftServerProxy.java:addNew(89)) - 9c5364a7-ba03-46bb-ba71-b490d4b445f4: addNew group-6E1E3F1E02F2:[9c5364a7-ba03-46bb-ba71-b490d4b445f4:192.168.30.10:36102] returns group-6E1E3F1E02F2:java.util.concurrent.CompletableFuture@2d837a5a[Not completed]
2019-09-25 05:41:09,284 [pool-47-thread-1] INFO  impl.RaftServerImpl (RaftServerImpl.java:<init>(95)) - 9c5364a7-ba03-46bb-ba71-b490d4b445f4: new RaftServerImpl for group-6E1E3F1E02F2:[9c5364a7-ba03-46bb-ba71-b490d4b445f4:192.168.30.10:36102] with ContainerStateMachine:uninitialized
2019-09-25 05:41:09,284 [pool-47-thread-1] INFO  server.RaftServerConfigKeys (ConfUtils.java:logGet(43)) - raft.server.rpc.timeout.min = 5s (custom)
2019-09-25 05:41:09,284 [pool-47-thread-1] INFO  server.RaftServerConfigKeys (ConfUtils.java:logGet(43)) - raft.server.rpc.timeout.max = 5200ms (custom)
2019-09-25 05:41:09,284 [pool-47-thread-1] INFO  server.RaftServerConfigKeys (ConfUtils.java:logGet(43)) - raft.server.rpcslowness.timeout = 120s (custom)
2019-09-25 05:41:09,284 [pool-47-thread-1] INFO  server.RaftServerConfigKeys (ConfUtils.java:logGet(43)) - raft.server.sleep.deviation.threshold = 300 (default)
2019-09-25 05:41:09,284 [pool-47-thread-1] INFO  server.RaftServerConfigKeys (ConfUtils.java:logGet(43)) - raft.server.log.appender.install.snapshot.enabled = false (custom)
2019-09-25 05:41:09,285 [pool-47-thread-1] INFO  impl.RaftServerImpl (ServerState.java:<init>(103)) - 9c5364a7-ba03-46bb-ba71-b490d4b445f4@group-6E1E3F1E02F2: ConfigurationManager, init=-1: [9c5364a7-ba03-46bb-ba71-b490d4b445f4:192.168.30.10:36102], old=null, confs=<EMPTY_MAP>
2019-09-25 05:41:09,285 [pool-47-thread-1] INFO  server.RaftServerConfigKeys (ConfUtils.java:logGet(43)) - raft.server.storage.dir = [/workdir/hadoop-ozone/integration-test/target/test-dir/MiniOzoneClusterImpl-5f167f52-bad4-483d-8ef4-c1e76e705afb/datanode-2/data/ratis] (custom)
2019-09-25 05:41:09,285 [pool-47-thread-1] INFO  storage.RaftStorageDirectory (RaftStorageDirectory.java:analyzeStorage(246)) - The storage directory /workdir/hadoop-ozone/integration-test/target/test-dir/MiniOzoneClusterImpl-5f167f52-bad4-483d-8ef4-c1e76e705afb/datanode-2/data/ratis/a912658f-de61-467a-b40e-6e1e3f1e02f2 does not exist. Creating ...
2019-09-25 05:41:09,298 [pool-47-thread-1] INFO  storage.RaftStorageDirectory (RaftStorageDirectory.java:tryLock(328)) - Lock on /workdir/hadoop-ozone/integration-test/target/test-dir/MiniOzoneClusterImpl-5f167f52-bad4-483d-8ef4-c1e76e705afb/datanode-2/data/ratis/a912658f-de61-467a-b40e-6e1e3f1e02f2/in_use.lock acquired by nodename 13539@pr-hdds-1569-s62bp-3040748787
2019-09-25 05:41:09,320 [pool-47-thread-1] INFO  storage.RaftStorage (RaftStorage.java:format(72)) - Storage directory /workdir/hadoop-ozone/integration-test/target/test-dir/MiniOzoneClusterImpl-5f167f52-bad4-483d-8ef4-c1e76e705afb/datanode-2/data/ratis/a912658f-de61-467a-b40e-6e1e3f1e02f2 has been successfully formatted.
2019-09-25 05:41:09,321 [pool-47-thread-1] INFO  ratis.ContainerStateMachine (ContainerStateMachine.java:loadSnapshot(230)) - group-6E1E3F1E02F2: The snapshot info is null. Setting the last applied indexto:(t:0, i:~)
2019-09-25 05:41:09,321 [pool-47-thread-1] INFO  server.RaftServerConfigKeys (ConfUtils.java:logGet(43)) - raft.server.notification.no-leader.timeout = 120s (custom)
2019-09-25 05:41:09,321 [pool-47-thread-1] INFO  server.RaftServerConfigKeys (ConfUtils.java:logGet(43)) - raft.server.log.use.memory = false (default)
2019-09-25 05:41:09,321 [pool-47-thread-1] INFO  server.RaftServerConfigKeys (ConfUtils.java:logGet(43)) - raft.server.log.purge.gap = 1000000 (custom)
2019-09-25 05:41:09,321 [pool-47-thread-1] INFO  server.RaftServerConfigKeys (ConfUtils.java:logGet(43)) - raft.server.log.appender.buffer.byte-limit = 33554432 (custom)
2019-09-25 05:41:09,321 [pool-47-thread-1] INFO  server.RaftServerConfigKeys (ConfUtils.java:logGet(43)) - raft.server.log.segment.size.max = 1048576 (custom)
2019-09-25 05:41:09,321 [pool-47-thread-1] INFO  server.RaftServerConfigKeys (ConfUtils.java:logGet(43)) - raft.server.log.segment.cache.num.max = 2 (custom)
2019-09-25 05:41:09,321 [pool-47-thread-1] INFO  segmented.SegmentedRaftLogWorker (SegmentedRaftLogWorker.java:<init>(172)) - new 9c5364a7-ba03-46bb-ba71-b490d4b445f4@group-6E1E3F1E02F2-SegmentedRaftLogWorker for RaftStorage:Storage Directory /workdir/hadoop-ozone/integration-test/target/test-dir/MiniOzoneClusterImpl-5f167f52-bad4-483d-8ef4-c1e76e705afb/datanode-2/data/ratis/a912658f-de61-467a-b40e-6e1e3f1e02f2
2019-09-25 05:41:09,322 [pool-47-thread-1] INFO  server.RaftServerConfigKeys (ConfUtils.java:logGet(43)) - raft.server.log.queue.byte-limit = 2147483647 (custom)
2019-09-25 05:41:09,322 [pool-47-thread-1] INFO  server.RaftServerConfigKeys (ConfUtils.java:logGet(43)) - raft.server.log.queue.element-limit = 1024 (custom)
2019-09-25 05:41:09,322 [pool-47-thread-1] INFO  server.RaftServerConfigKeys (ConfUtils.java:logGet(43)) - raft.server.log.segment.size.max = 1048576 (custom)
2019-09-25 05:41:09,322 [pool-47-thread-1] INFO  server.RaftServerConfigKeys (ConfUtils.java:logGet(43)) - raft.server.log.preallocated.size = 16384 (custom)
2019-09-25 05:41:09,322 [pool-47-thread-1] INFO  server.RaftServerConfigKeys (ConfUtils.java:logGet(43)) - raft.server.log.write.buffer.size = 33554432 (custom)
2019-09-25 05:41:09,322 [pool-47-thread-1] INFO  server.RaftServerConfigKeys (ConfUtils.java:logGet(43)) - raft.server.log.force.sync.num = 128 (default)
2019-09-25 05:41:09,322 [pool-47-thread-1] INFO  server.RaftServerConfigKeys (ConfUtils.java:logGet(43)) - raft.server.log.statemachine.data.sync = true (default)
2019-09-25 05:41:09,322 [pool-47-thread-1] INFO  server.RaftServerConfigKeys (ConfUtils.java:logGet(43)) - raft.server.log.statemachine.data.sync.timeout = 10s (default)
2019-09-25 05:41:09,322 [pool-47-thread-1] INFO  server.RaftServerConfigKeys (ConfUtils.java:logGet(43)) - raft.server.log.statemachine.data.sync.timeout.retry = -1 (default)
2019-09-25 05:41:09,323 [pool-47-thread-1] INFO  server.RaftServerConfigKeys (ConfUtils.java:logGet(43)) - raft.server.log.statemachine.data.caching.enabled = true (custom)
2019-09-25 05:41:09,323 [pool-47-thread-1] INFO  segmented.SegmentedRaftLogWorker (SegmentedRaftLogWorker.java:lambda$new$0(132)) - 9c5364a7-ba03-46bb-ba71-b490d4b445f4@group-6E1E3F1E02F2-SegmentedRaftLogWorker: flushIndex: setUnconditionally 0 -> -1
2019-09-25 05:41:09,323 [pool-47-thread-1] INFO  server.RaftServerConfigKeys (ConfUtils.java:logGet(43)) - raft.server.snapshot.auto.trigger.enabled = true (custom)
2019-09-25 05:41:09,323 [pool-47-thread-1] INFO  server.RaftServerConfigKeys (ConfUtils.java:logGet(43)) - raft.server.snapshot.auto.trigger.threshold = 10000 (custom)
2019-09-25 05:41:09,323 [pool-47-thread-1] INFO  server.RaftServerConfigKeys (ConfUtils.java:logGet(43)) - raft.server.snapshot.retention.num.files = 5 (custom)
2019-09-25 05:41:09,324 [pool-47-thread-1] INFO  server.RaftServerConfigKeys (ConfUtils.java:logGet(43)) - raft.server.retrycache.expirytime = 600000ms (custom)
2019-09-25 05:41:09,326 [pool-47-thread-1] INFO  impl.RaftServerImpl (RaftServerImpl.java:start(185)) - 9c5364a7-ba03-46bb-ba71-b490d4b445f4@group-6E1E3F1E02F2: start as a follower, conf=-1: [9c5364a7-ba03-46bb-ba71-b490d4b445f4:192.168.30.10:36102], old=null
2019-09-25 05:41:09,326 [pool-47-thread-1] INFO  impl.RaftServerImpl (RaftServerImpl.java:setRole(174)) - 9c5364a7-ba03-46bb-ba71-b490d4b445f4@group-6E1E3F1E02F2: changes role from      null to FOLLOWER at term 0 for startAsFollower
2019-09-25 05:41:09,326 [pool-47-thread-1] INFO  impl.RoleInfo (RoleInfo.java:updateAndGet(143)) - 9c5364a7-ba03-46bb-ba71-b490d4b445f4: start FollowerState
2019-09-25 05:41:09,332 [pool-47-thread-1] INFO  util.JmxRegister (JmxRegister.java:tryRegister(44)) - Successfully registered JMX Bean with object name Ratis:service=RaftServer,group=group-6E1E3F1E02F2,id=9c5364a7-ba03-46bb-ba71-b490d4b445f4
2019-09-25 05:41:09,346 [RatisPipelineUtilsThread] INFO  pipeline.PipelineStateManager (PipelineStateManager.java:addPipeline(56)) - Created pipeline Pipeline[ Id: a912658f-de61-467a-b40e-6e1e3f1e02f2, Nodes: 9c5364a7-ba03-46bb-ba71-b490d4b445f4{ip: 192.168.30.10, host: pr-hdds-1569-s62bp-3040748787, networkLocation: /default-rack, certSerialId: null}, Type:RATIS, Factor:ONE, State:OPEN]
2019-09-25 05:41:09,347 [RatisPipelineUtilsThread] INFO  pipeline.PipelinePlacementPolicy (PipelinePlacementPolicy.java:meetCriteria(91)) - Pipeline Placement: Doesn't meet the criteria to be viable node： ddbbae55-12b9-461a-b1dd-678d37e66059 Heaviness: 6 limit: 5
2019-09-25 05:41:09,347 [RatisPipelineUtilsThread] INFO  pipeline.PipelinePlacementPolicy (PipelinePlacementPolicy.java:meetCriteria(91)) - Pipeline Placement: Doesn't meet the criteria to be viable node： 9c5364a7-ba03-46bb-ba71-b490d4b445f4 Heaviness: 6 limit: 5
2019-09-25 05:41:09,357 [grpc-default-executor-1] INFO  impl.RaftServerProxy (RaftServerProxy.java:addNew(89)) - b174d07b-8033-4c6a-8b88-597cc4628727: addNew group-5F00475D579F:[b174d07b-8033-4c6a-8b88-597cc4628727:192.168.30.10:38637] returns group-5F00475D579F:java.util.concurrent.CompletableFuture@7d94870[Not completed]
2019-09-25 05:41:09,361 [pool-67-thread-1] INFO  impl.RaftServerImpl (RaftServerImpl.java:<init>(95)) - b174d07b-8033-4c6a-8b88-597cc4628727: new RaftServerImpl for group-5F00475D579F:[b174d07b-8033-4c6a-8b88-597cc4628727:192.168.30.10:38637] with ContainerStateMachine:uninitialized
2019-09-25 05:41:09,361 [pool-67-thread-1] INFO  server.RaftServerConfigKeys (ConfUtils.java:logGet(43)) - raft.server.rpc.timeout.min = 5s (custom)
2019-09-25 05:41:09,361 [pool-67-thread-1] INFO  server.RaftServerConfigKeys (ConfUtils.java:logGet(43)) - raft.server.rpc.timeout.max = 5200ms (custom)
2019-09-25 05:41:09,361 [pool-67-thread-1] INFO  server.RaftServerConfigKeys (ConfUtils.java:logGet(43)) - raft.server.rpcslowness.timeout = 120s (custom)
2019-09-25 05:41:09,361 [pool-67-thread-1] INFO  server.RaftServerConfigKeys (ConfUtils.java:logGet(43)) - raft.server.sleep.deviation.threshold = 300 (default)
2019-09-25 05:41:09,362 [pool-67-thread-1] INFO  server.RaftServerConfigKeys (ConfUtils.java:logGet(43)) - raft.server.log.appender.install.snapshot.enabled = false (custom)
2019-09-25 05:41:09,362 [pool-67-thread-1] INFO  impl.RaftServerImpl (ServerState.java:<init>(103)) - b174d07b-8033-4c6a-8b88-597cc4628727@group-5F00475D579F: ConfigurationManager, init=-1: [b174d07b-8033-4c6a-8b88-597cc4628727:192.168.30.10:38637], old=null, confs=<EMPTY_MAP>
2019-09-25 05:41:09,362 [pool-67-thread-1] INFO  server.RaftServerConfigKeys (ConfUtils.java:logGet(43)) - raft.server.storage.dir = [/workdir/hadoop-ozone/integration-test/target/test-dir/MiniOzoneClusterImpl-5f167f52-bad4-483d-8ef4-c1e76e705afb/datanode-4/data/ratis] (custom)
2019-09-25 05:41:09,362 [pool-67-thread-1] INFO  storage.RaftStorageDirectory (RaftStorageDirectory.java:analyzeStorage(246)) - The storage directory /workdir/hadoop-ozone/integration-test/target/test-dir/MiniOzoneClusterImpl-5f167f52-bad4-483d-8ef4-c1e76e705afb/datanode-4/data/ratis/7d0e5a05-1f2b-4566-b91f-5f00475d579f does not exist. Creating ...
2019-09-25 05:41:09,375 [pool-67-thread-1] INFO  storage.RaftStorageDirectory (RaftStorageDirectory.java:tryLock(328)) - Lock on /workdir/hadoop-ozone/integration-test/target/test-dir/MiniOzoneClusterImpl-5f167f52-bad4-483d-8ef4-c1e76e705afb/datanode-4/data/ratis/7d0e5a05-1f2b-4566-b91f-5f00475d579f/in_use.lock acquired by nodename 13539@pr-hdds-1569-s62bp-3040748787
2019-09-25 05:41:09,396 [pool-67-thread-1] INFO  storage.RaftStorage (RaftStorage.java:format(72)) - Storage directory /workdir/hadoop-ozone/integration-test/target/test-dir/MiniOzoneClusterImpl-5f167f52-bad4-483d-8ef4-c1e76e705afb/datanode-4/data/ratis/7d0e5a05-1f2b-4566-b91f-5f00475d579f has been successfully formatted.
2019-09-25 05:41:09,396 [pool-67-thread-1] INFO  ratis.ContainerStateMachine (ContainerStateMachine.java:loadSnapshot(230)) - group-5F00475D579F: The snapshot info is null. Setting the last applied indexto:(t:0, i:~)
2019-09-25 05:41:09,396 [pool-67-thread-1] INFO  server.RaftServerConfigKeys (ConfUtils.java:logGet(43)) - raft.server.notification.no-leader.timeout = 120s (custom)
2019-09-25 05:41:09,396 [pool-67-thread-1] INFO  server.RaftServerConfigKeys (ConfUtils.java:logGet(43)) - raft.server.log.use.memory = false (default)
2019-09-25 05:41:09,396 [pool-67-thread-1] INFO  server.RaftServerConfigKeys (ConfUtils.java:logGet(43)) - raft.server.log.purge.gap = 1000000 (custom)
2019-09-25 05:41:09,396 [pool-67-thread-1] INFO  server.RaftServerConfigKeys (ConfUtils.java:logGet(43)) - raft.server.log.appender.buffer.byte-limit = 33554432 (custom)
2019-09-25 05:41:09,397 [pool-67-thread-1] INFO  server.RaftServerConfigKeys (ConfUtils.java:logGet(43)) - raft.server.log.segment.size.max = 1048576 (custom)
2019-09-25 05:41:09,397 [pool-67-thread-1] INFO  server.RaftServerConfigKeys (ConfUtils.java:logGet(43)) - raft.server.log.segment.cache.num.max = 2 (custom)
2019-09-25 05:41:09,397 [pool-67-thread-1] INFO  segmented.SegmentedRaftLogWorker (SegmentedRaftLogWorker.java:<init>(172)) - new b174d07b-8033-4c6a-8b88-597cc4628727@group-5F00475D579F-SegmentedRaftLogWorker for RaftStorage:Storage Directory /workdir/hadoop-ozone/integration-test/target/test-dir/MiniOzoneClusterImpl-5f167f52-bad4-483d-8ef4-c1e76e705afb/datanode-4/data/ratis/7d0e5a05-1f2b-4566-b91f-5f00475d579f
2019-09-25 05:41:09,399 [pool-67-thread-1] INFO  server.RaftServerConfigKeys (ConfUtils.java:logGet(43)) - raft.server.log.queue.byte-limit = 2147483647 (custom)
2019-09-25 05:41:09,399 [pool-67-thread-1] INFO  server.RaftServerConfigKeys (ConfUtils.java:logGet(43)) - raft.server.log.queue.element-limit = 1024 (custom)
2019-09-25 05:41:09,399 [pool-67-thread-1] INFO  server.RaftServerConfigKeys (ConfUtils.java:logGet(43)) - raft.server.log.segment.size.max = 1048576 (custom)
2019-09-25 05:41:09,399 [pool-67-thread-1] INFO  server.RaftServerConfigKeys (ConfUtils.java:logGet(43)) - raft.server.log.preallocated.size = 16384 (custom)
2019-09-25 05:41:09,399 [pool-67-thread-1] INFO  server.RaftServerConfigKeys (ConfUtils.java:logGet(43)) - raft.server.log.write.buffer.size = 33554432 (custom)
2019-09-25 05:41:09,399 [pool-67-thread-1] INFO  server.RaftServerConfigKeys (ConfUtils.java:logGet(43)) - raft.server.log.force.sync.num = 128 (default)
2019-09-25 05:41:09,400 [pool-67-thread-1] INFO  server.RaftServerConfigKeys (ConfUtils.java:logGet(43)) - raft.server.log.statemachine.data.sync = true (default)
2019-09-25 05:41:09,400 [pool-67-thread-1] INFO  server.RaftServerConfigKeys (ConfUtils.java:logGet(43)) - raft.server.log.statemachine.data.sync.timeout = 10s (default)
2019-09-25 05:41:09,400 [pool-67-thread-1] INFO  server.RaftServerConfigKeys (ConfUtils.java:logGet(43)) - raft.server.log.statemachine.data.sync.timeout.retry = -1 (default)
2019-09-25 05:41:09,400 [pool-67-thread-1] INFO  server.RaftServerConfigKeys (ConfUtils.java:logGet(43)) - raft.server.log.statemachine.data.caching.enabled = true (custom)
2019-09-25 05:41:09,400 [pool-67-thread-1] INFO  segmented.SegmentedRaftLogWorker (SegmentedRaftLogWorker.java:lambda$new$0(132)) - b174d07b-8033-4c6a-8b88-597cc4628727@group-5F00475D579F-SegmentedRaftLogWorker: flushIndex: setUnconditionally 0 -> -1
2019-09-25 05:41:09,400 [pool-67-thread-1] INFO  server.RaftServerConfigKeys (ConfUtils.java:logGet(43)) - raft.server.snapshot.auto.trigger.enabled = true (custom)
2019-09-25 05:41:09,401 [pool-67-thread-1] INFO  server.RaftServerConfigKeys (ConfUtils.java:logGet(43)) - raft.server.snapshot.auto.trigger.threshold = 10000 (custom)
2019-09-25 05:41:09,401 [pool-67-thread-1] INFO  server.RaftServerConfigKeys (ConfUtils.java:logGet(43)) - raft.server.snapshot.retention.num.files = 5 (custom)
2019-09-25 05:41:09,401 [pool-67-thread-1] INFO  server.RaftServerConfigKeys (ConfUtils.java:logGet(43)) - raft.server.retrycache.expirytime = 600000ms (custom)
2019-09-25 05:41:09,402 [pool-67-thread-1] INFO  impl.RaftServerImpl (RaftServerImpl.java:start(185)) - b174d07b-8033-4c6a-8b88-597cc4628727@group-5F00475D579F: start as a follower, conf=-1: [b174d07b-8033-4c6a-8b88-597cc4628727:192.168.30.10:38637], old=null
2019-09-25 05:41:09,403 [pool-67-thread-1] INFO  impl.RaftServerImpl (RaftServerImpl.java:setRole(174)) - b174d07b-8033-4c6a-8b88-597cc4628727@group-5F00475D579F: changes role from      null to FOLLOWER at term 0 for startAsFollower
2019-09-25 05:41:09,403 [pool-67-thread-1] INFO  impl.RoleInfo (RoleInfo.java:updateAndGet(143)) - b174d07b-8033-4c6a-8b88-597cc4628727: start FollowerState
2019-09-25 05:41:09,403 [pool-67-thread-1] INFO  util.JmxRegister (JmxRegister.java:tryRegister(44)) - Successfully registered JMX Bean with object name Ratis:service=RaftServer,group=group-5F00475D579F,id=b174d07b-8033-4c6a-8b88-597cc4628727
2019-09-25 05:41:09,408 [RatisPipelineUtilsThread] INFO  pipeline.PipelineStateManager (PipelineStateManager.java:addPipeline(56)) - Created pipeline Pipeline[ Id: 7d0e5a05-1f2b-4566-b91f-5f00475d579f, Nodes: b174d07b-8033-4c6a-8b88-597cc4628727{ip: 192.168.30.10, host: pr-hdds-1569-s62bp-3040748787, networkLocation: /default-rack, certSerialId: null}, Type:RATIS, Factor:ONE, State:OPEN]
2019-09-25 05:41:09,408 [RatisPipelineUtilsThread] INFO  pipeline.PipelinePlacementPolicy (PipelinePlacementPolicy.java:meetCriteria(91)) - Pipeline Placement: Doesn't meet the criteria to be viable node： ddbbae55-12b9-461a-b1dd-678d37e66059 Heaviness: 6 limit: 5
2019-09-25 05:41:09,408 [RatisPipelineUtilsThread] INFO  pipeline.PipelinePlacementPolicy (PipelinePlacementPolicy.java:meetCriteria(91)) - Pipeline Placement: Doesn't meet the criteria to be viable node： 9c5364a7-ba03-46bb-ba71-b490d4b445f4 Heaviness: 6 limit: 5
2019-09-25 05:41:09,417 [grpc-default-executor-1] INFO  impl.RaftServerProxy (RaftServerProxy.java:addNew(89)) - a0f9784c-b240-4740-a75c-f623c7ee251f: addNew group-4798D8BD146C:[a0f9784c-b240-4740-a75c-f623c7ee251f:192.168.30.10:36265] returns group-4798D8BD146C:java.util.concurrent.CompletableFuture@39663c66[Not completed]
2019-09-25 05:41:09,419 [pool-57-thread-1] INFO  impl.RaftServerImpl (RaftServerImpl.java:<init>(95)) - a0f9784c-b240-4740-a75c-f623c7ee251f: new RaftServerImpl for group-4798D8BD146C:[a0f9784c-b240-4740-a75c-f623c7ee251f:192.168.30.10:36265] with ContainerStateMachine:uninitialized
2019-09-25 05:41:09,419 [pool-57-thread-1] INFO  server.RaftServerConfigKeys (ConfUtils.java:logGet(43)) - raft.server.rpc.timeout.min = 5s (custom)
2019-09-25 05:41:09,419 [pool-57-thread-1] INFO  server.RaftServerConfigKeys (ConfUtils.java:logGet(43)) - raft.server.rpc.timeout.max = 5200ms (custom)
2019-09-25 05:41:09,419 [pool-57-thread-1] INFO  server.RaftServerConfigKeys (ConfUtils.java:logGet(43)) - raft.server.rpcslowness.timeout = 120s (custom)
2019-09-25 05:41:09,420 [pool-57-thread-1] INFO  server.RaftServerConfigKeys (ConfUtils.java:logGet(43)) - raft.server.sleep.deviation.threshold = 300 (default)
2019-09-25 05:41:09,420 [pool-57-thread-1] INFO  server.RaftServerConfigKeys (ConfUtils.java:logGet(43)) - raft.server.log.appender.install.snapshot.enabled = false (custom)
2019-09-25 05:41:09,420 [pool-57-thread-1] INFO  impl.RaftServerImpl (ServerState.java:<init>(103)) - a0f9784c-b240-4740-a75c-f623c7ee251f@group-4798D8BD146C: ConfigurationManager, init=-1: [a0f9784c-b240-4740-a75c-f623c7ee251f:192.168.30.10:36265], old=null, confs=<EMPTY_MAP>
2019-09-25 05:41:09,420 [pool-57-thread-1] INFO  server.RaftServerConfigKeys (ConfUtils.java:logGet(43)) - raft.server.storage.dir = [/workdir/hadoop-ozone/integration-test/target/test-dir/MiniOzoneClusterImpl-5f167f52-bad4-483d-8ef4-c1e76e705afb/datanode-3/data/ratis] (custom)
2019-09-25 05:41:09,421 [pool-57-thread-1] INFO  storage.RaftStorageDirectory (RaftStorageDirectory.java:analyzeStorage(246)) - The storage directory /workdir/hadoop-ozone/integration-test/target/test-dir/MiniOzoneClusterImpl-5f167f52-bad4-483d-8ef4-c1e76e705afb/datanode-3/data/ratis/237836fa-9ca0-41be-9827-4798d8bd146c does not exist. Creating ...
2019-09-25 05:41:09,441 [pool-57-thread-1] INFO  storage.RaftStorageDirectory (RaftStorageDirectory.java:tryLock(328)) - Lock on /workdir/hadoop-ozone/integration-test/target/test-dir/MiniOzoneClusterImpl-5f167f52-bad4-483d-8ef4-c1e76e705afb/datanode-3/data/ratis/237836fa-9ca0-41be-9827-4798d8bd146c/in_use.lock acquired by nodename 13539@pr-hdds-1569-s62bp-3040748787
2019-09-25 05:41:09,454 [pool-57-thread-1] INFO  storage.RaftStorage (RaftStorage.java:format(72)) - Storage directory /workdir/hadoop-ozone/integration-test/target/test-dir/MiniOzoneClusterImpl-5f167f52-bad4-483d-8ef4-c1e76e705afb/datanode-3/data/ratis/237836fa-9ca0-41be-9827-4798d8bd146c has been successfully formatted.
2019-09-25 05:41:09,455 [pool-57-thread-1] INFO  ratis.ContainerStateMachine (ContainerStateMachine.java:loadSnapshot(230)) - group-4798D8BD146C: The snapshot info is null. Setting the last applied indexto:(t:0, i:~)
2019-09-25 05:41:09,455 [pool-57-thread-1] INFO  server.RaftServerConfigKeys (ConfUtils.java:logGet(43)) - raft.server.notification.no-leader.timeout = 120s (custom)
2019-09-25 05:41:09,455 [pool-57-thread-1] INFO  server.RaftServerConfigKeys (ConfUtils.java:logGet(43)) - raft.server.log.use.memory = false (default)
2019-09-25 05:41:09,455 [pool-57-thread-1] INFO  server.RaftServerConfigKeys (ConfUtils.java:logGet(43)) - raft.server.log.purge.gap = 1000000 (custom)
2019-09-25 05:41:09,455 [pool-57-thread-1] INFO  server.RaftServerConfigKeys (ConfUtils.java:logGet(43)) - raft.server.log.appender.buffer.byte-limit = 33554432 (custom)
2019-09-25 05:41:09,456 [pool-57-thread-1] INFO  server.RaftServerConfigKeys (ConfUtils.java:logGet(43)) - raft.server.log.segment.size.max = 1048576 (custom)
2019-09-25 05:41:09,456 [pool-57-thread-1] INFO  server.RaftServerConfigKeys (ConfUtils.java:logGet(43)) - raft.server.log.segment.cache.num.max = 2 (custom)
2019-09-25 05:41:09,456 [pool-57-thread-1] INFO  segmented.SegmentedRaftLogWorker (SegmentedRaftLogWorker.java:<init>(172)) - new a0f9784c-b240-4740-a75c-f623c7ee251f@group-4798D8BD146C-SegmentedRaftLogWorker for RaftStorage:Storage Directory /workdir/hadoop-ozone/integration-test/target/test-dir/MiniOzoneClusterImpl-5f167f52-bad4-483d-8ef4-c1e76e705afb/datanode-3/data/ratis/237836fa-9ca0-41be-9827-4798d8bd146c
2019-09-25 05:41:09,456 [pool-57-thread-1] INFO  server.RaftServerConfigKeys (ConfUtils.java:logGet(43)) - raft.server.log.queue.byte-limit = 2147483647 (custom)
2019-09-25 05:41:09,456 [pool-57-thread-1] INFO  server.RaftServerConfigKeys (ConfUtils.java:logGet(43)) - raft.server.log.queue.element-limit = 1024 (custom)
2019-09-25 05:41:09,457 [pool-57-thread-1] INFO  server.RaftServerConfigKeys (ConfUtils.java:logGet(43)) - raft.server.log.segment.size.max = 1048576 (custom)
2019-09-25 05:41:09,457 [pool-57-thread-1] INFO  server.RaftServerConfigKeys (ConfUtils.java:logGet(43)) - raft.server.log.preallocated.size = 16384 (custom)
2019-09-25 05:41:09,457 [pool-57-thread-1] INFO  server.RaftServerConfigKeys (ConfUtils.java:logGet(43)) - raft.server.log.write.buffer.size = 33554432 (custom)
2019-09-25 05:41:09,457 [pool-57-thread-1] INFO  server.RaftServerConfigKeys (ConfUtils.java:logGet(43)) - raft.server.log.force.sync.num = 128 (default)
2019-09-25 05:41:09,457 [pool-57-thread-1] INFO  server.RaftServerConfigKeys (ConfUtils.java:logGet(43)) - raft.server.log.statemachine.data.sync = true (default)
2019-09-25 05:41:09,457 [pool-57-thread-1] INFO  server.RaftServerConfigKeys (ConfUtils.java:logGet(43)) - raft.server.log.statemachine.data.sync.timeout = 10s (default)
2019-09-25 05:41:09,458 [pool-57-thread-1] INFO  server.RaftServerConfigKeys (ConfUtils.java:logGet(43)) - raft.server.log.statemachine.data.sync.timeout.retry = -1 (default)
2019-09-25 05:41:09,458 [pool-57-thread-1] INFO  server.RaftServerConfigKeys (ConfUtils.java:logGet(43)) - raft.server.log.statemachine.data.caching.enabled = true (custom)
2019-09-25 05:41:09,458 [pool-57-thread-1] INFO  segmented.SegmentedRaftLogWorker (SegmentedRaftLogWorker.java:lambda$new$0(132)) - a0f9784c-b240-4740-a75c-f623c7ee251f@group-4798D8BD146C-SegmentedRaftLogWorker: flushIndex: setUnconditionally 0 -> -1
2019-09-25 05:41:09,459 [pool-57-thread-1] INFO  server.RaftServerConfigKeys (ConfUtils.java:logGet(43)) - raft.server.snapshot.auto.trigger.enabled = true (custom)
2019-09-25 05:41:09,459 [pool-57-thread-1] INFO  server.RaftServerConfigKeys (ConfUtils.java:logGet(43)) - raft.server.snapshot.auto.trigger.threshold = 10000 (custom)
2019-09-25 05:41:09,459 [pool-57-thread-1] INFO  server.RaftServerConfigKeys (ConfUtils.java:logGet(43)) - raft.server.snapshot.retention.num.files = 5 (custom)
2019-09-25 05:41:09,459 [pool-57-thread-1] INFO  server.RaftServerConfigKeys (ConfUtils.java:logGet(43)) - raft.server.retrycache.expirytime = 600000ms (custom)
2019-09-25 05:41:09,462 [pool-57-thread-1] INFO  impl.RaftServerImpl (RaftServerImpl.java:start(185)) - a0f9784c-b240-4740-a75c-f623c7ee251f@group-4798D8BD146C: start as a follower, conf=-1: [a0f9784c-b240-4740-a75c-f623c7ee251f:192.168.30.10:36265], old=null
2019-09-25 05:41:09,462 [pool-57-thread-1] INFO  impl.RaftServerImpl (RaftServerImpl.java:setRole(174)) - a0f9784c-b240-4740-a75c-f623c7ee251f@group-4798D8BD146C: changes role from      null to FOLLOWER at term 0 for startAsFollower
2019-09-25 05:41:09,462 [pool-57-thread-1] INFO  impl.RoleInfo (RoleInfo.java:updateAndGet(143)) - a0f9784c-b240-4740-a75c-f623c7ee251f: start FollowerState
2019-09-25 05:41:09,463 [pool-57-thread-1] INFO  util.JmxRegister (JmxRegister.java:tryRegister(44)) - Successfully registered JMX Bean with object name Ratis:service=RaftServer,group=group-4798D8BD146C,id=a0f9784c-b240-4740-a75c-f623c7ee251f
2019-09-25 05:41:09,468 [RatisPipelineUtilsThread] INFO  pipeline.PipelineStateManager (PipelineStateManager.java:addPipeline(56)) - Created pipeline Pipeline[ Id: 237836fa-9ca0-41be-9827-4798d8bd146c, Nodes: a0f9784c-b240-4740-a75c-f623c7ee251f{ip: 192.168.30.10, host: pr-hdds-1569-s62bp-3040748787, networkLocation: /default-rack, certSerialId: null}, Type:RATIS, Factor:ONE, State:OPEN]
2019-09-25 05:41:09,469 [RatisPipelineUtilsThread] INFO  pipeline.PipelinePlacementPolicy (PipelinePlacementPolicy.java:meetCriteria(91)) - Pipeline Placement: Doesn't meet the criteria to be viable node： ddbbae55-12b9-461a-b1dd-678d37e66059 Heaviness: 6 limit: 5
2019-09-25 05:41:09,469 [RatisPipelineUtilsThread] INFO  pipeline.PipelinePlacementPolicy (PipelinePlacementPolicy.java:meetCriteria(91)) - Pipeline Placement: Doesn't meet the criteria to be viable node： 9c5364a7-ba03-46bb-ba71-b490d4b445f4 Heaviness: 6 limit: 5
2019-09-25 05:41:09,483 [grpc-default-executor-1] INFO  impl.RaftServerProxy (RaftServerProxy.java:addNew(89)) - ba526371-bbb0-45ae-a73e-928578471dee: addNew group-C51B3ED6F9FF:[ba526371-bbb0-45ae-a73e-928578471dee:192.168.30.10:42293] returns group-C51B3ED6F9FF:java.util.concurrent.CompletableFuture@3973310[Not completed]
2019-09-25 05:41:09,693 [pool-37-thread-1] INFO  impl.RaftServerImpl (RaftServerImpl.java:<init>(95)) - ba526371-bbb0-45ae-a73e-928578471dee: new RaftServerImpl for group-C51B3ED6F9FF:[ba526371-bbb0-45ae-a73e-928578471dee:192.168.30.10:42293] with ContainerStateMachine:uninitialized
2019-09-25 05:41:09,693 [pool-37-thread-1] INFO  server.RaftServerConfigKeys (ConfUtils.java:logGet(43)) - raft.server.rpc.timeout.min = 5s (custom)
2019-09-25 05:41:09,693 [pool-37-thread-1] INFO  server.RaftServerConfigKeys (ConfUtils.java:logGet(43)) - raft.server.rpc.timeout.max = 5200ms (custom)
2019-09-25 05:41:09,694 [pool-37-thread-1] INFO  server.RaftServerConfigKeys (ConfUtils.java:logGet(43)) - raft.server.rpcslowness.timeout = 120s (custom)
2019-09-25 05:41:09,694 [pool-37-thread-1] INFO  server.RaftServerConfigKeys (ConfUtils.java:logGet(43)) - raft.server.sleep.deviation.threshold = 300 (default)
2019-09-25 05:41:09,694 [pool-37-thread-1] INFO  server.RaftServerConfigKeys (ConfUtils.java:logGet(43)) - raft.server.log.appender.install.snapshot.enabled = false (custom)
2019-09-25 05:41:09,694 [pool-37-thread-1] INFO  impl.RaftServerImpl (ServerState.java:<init>(103)) - ba526371-bbb0-45ae-a73e-928578471dee@group-C51B3ED6F9FF: ConfigurationManager, init=-1: [ba526371-bbb0-45ae-a73e-928578471dee:192.168.30.10:42293], old=null, confs=<EMPTY_MAP>
2019-09-25 05:41:09,694 [pool-37-thread-1] INFO  server.RaftServerConfigKeys (ConfUtils.java:logGet(43)) - raft.server.storage.dir = [/workdir/hadoop-ozone/integration-test/target/test-dir/MiniOzoneClusterImpl-5f167f52-bad4-483d-8ef4-c1e76e705afb/datanode-1/data/ratis] (custom)
2019-09-25 05:41:09,694 [pool-37-thread-1] INFO  storage.RaftStorageDirectory (RaftStorageDirectory.java:analyzeStorage(246)) - The storage directory /workdir/hadoop-ozone/integration-test/target/test-dir/MiniOzoneClusterImpl-5f167f52-bad4-483d-8ef4-c1e76e705afb/datanode-1/data/ratis/bf586028-12ab-4c91-9d58-c51b3ed6f9ff does not exist. Creating ...
2019-09-25 05:41:09,707 [pool-37-thread-1] INFO  storage.RaftStorageDirectory (RaftStorageDirectory.java:tryLock(328)) - Lock on /workdir/hadoop-ozone/integration-test/target/test-dir/MiniOzoneClusterImpl-5f167f52-bad4-483d-8ef4-c1e76e705afb/datanode-1/data/ratis/bf586028-12ab-4c91-9d58-c51b3ed6f9ff/in_use.lock acquired by nodename 13539@pr-hdds-1569-s62bp-3040748787
2019-09-25 05:41:09,720 [pool-37-thread-1] INFO  storage.RaftStorage (RaftStorage.java:format(72)) - Storage directory /workdir/hadoop-ozone/integration-test/target/test-dir/MiniOzoneClusterImpl-5f167f52-bad4-483d-8ef4-c1e76e705afb/datanode-1/data/ratis/bf586028-12ab-4c91-9d58-c51b3ed6f9ff has been successfully formatted.
2019-09-25 05:41:09,720 [pool-37-thread-1] INFO  ratis.ContainerStateMachine (ContainerStateMachine.java:loadSnapshot(230)) - group-C51B3ED6F9FF: The snapshot info is null. Setting the last applied indexto:(t:0, i:~)
2019-09-25 05:41:09,720 [pool-37-thread-1] INFO  server.RaftServerConfigKeys (ConfUtils.java:logGet(43)) - raft.server.notification.no-leader.timeout = 120s (custom)
2019-09-25 05:41:09,720 [pool-37-thread-1] INFO  server.RaftServerConfigKeys (ConfUtils.java:logGet(43)) - raft.server.log.use.memory = false (default)
2019-09-25 05:41:09,720 [pool-37-thread-1] INFO  server.RaftServerConfigKeys (ConfUtils.java:logGet(43)) - raft.server.log.purge.gap = 1000000 (custom)
2019-09-25 05:41:09,720 [pool-37-thread-1] INFO  server.RaftServerConfigKeys (ConfUtils.java:logGet(43)) - raft.server.log.appender.buffer.byte-limit = 33554432 (custom)
2019-09-25 05:41:09,721 [pool-37-thread-1] INFO  server.RaftServerConfigKeys (ConfUtils.java:logGet(43)) - raft.server.log.segment.size.max = 1048576 (custom)
2019-09-25 05:41:09,721 [pool-37-thread-1] INFO  server.RaftServerConfigKeys (ConfUtils.java:logGet(43)) - raft.server.log.segment.cache.num.max = 2 (custom)
2019-09-25 05:41:09,721 [pool-37-thread-1] INFO  segmented.SegmentedRaftLogWorker (SegmentedRaftLogWorker.java:<init>(172)) - new ba526371-bbb0-45ae-a73e-928578471dee@group-C51B3ED6F9FF-SegmentedRaftLogWorker for RaftStorage:Storage Directory /workdir/hadoop-ozone/integration-test/target/test-dir/MiniOzoneClusterImpl-5f167f52-bad4-483d-8ef4-c1e76e705afb/datanode-1/data/ratis/bf586028-12ab-4c91-9d58-c51b3ed6f9ff
2019-09-25 05:41:09,721 [pool-37-thread-1] INFO  server.RaftServerConfigKeys (ConfUtils.java:logGet(43)) - raft.server.log.queue.byte-limit = 2147483647 (custom)
2019-09-25 05:41:09,721 [pool-37-thread-1] INFO  server.RaftServerConfigKeys (ConfUtils.java:logGet(43)) - raft.server.log.queue.element-limit = 1024 (custom)
2019-09-25 05:41:09,721 [pool-37-thread-1] INFO  server.RaftServerConfigKeys (ConfUtils.java:logGet(43)) - raft.server.log.segment.size.max = 1048576 (custom)
2019-09-25 05:41:09,721 [pool-37-thread-1] INFO  server.RaftServerConfigKeys (ConfUtils.java:logGet(43)) - raft.server.log.preallocated.size = 16384 (custom)
2019-09-25 05:41:09,721 [pool-37-thread-1] INFO  server.RaftServerConfigKeys (ConfUtils.java:logGet(43)) - raft.server.log.write.buffer.size = 33554432 (custom)
2019-09-25 05:41:09,721 [pool-37-thread-1] INFO  server.RaftServerConfigKeys (ConfUtils.java:logGet(43)) - raft.server.log.force.sync.num = 128 (default)
2019-09-25 05:41:09,721 [pool-37-thread-1] INFO  server.RaftServerConfigKeys (ConfUtils.java:logGet(43)) - raft.server.log.statemachine.data.sync = true (default)
2019-09-25 05:41:09,722 [pool-37-thread-1] INFO  server.RaftServerConfigKeys (ConfUtils.java:logGet(43)) - raft.server.log.statemachine.data.sync.timeout = 10s (default)
2019-09-25 05:41:09,722 [pool-37-thread-1] INFO  server.RaftServerConfigKeys (ConfUtils.java:logGet(43)) - raft.server.log.statemachine.data.sync.timeout.retry = -1 (default)
2019-09-25 05:41:09,722 [pool-37-thread-1] INFO  server.RaftServerConfigKeys (ConfUtils.java:logGet(43)) - raft.server.log.statemachine.data.caching.enabled = true (custom)
2019-09-25 05:41:09,722 [pool-37-thread-1] INFO  segmented.SegmentedRaftLogWorker (SegmentedRaftLogWorker.java:lambda$new$0(132)) - ba526371-bbb0-45ae-a73e-928578471dee@group-C51B3ED6F9FF-SegmentedRaftLogWorker: flushIndex: setUnconditionally 0 -> -1
2019-09-25 05:41:09,722 [pool-37-thread-1] INFO  server.RaftServerConfigKeys (ConfUtils.java:logGet(43)) - raft.server.snapshot.auto.trigger.enabled = true (custom)
2019-09-25 05:41:09,722 [pool-37-thread-1] INFO  server.RaftServerConfigKeys (ConfUtils.java:logGet(43)) - raft.server.snapshot.auto.trigger.threshold = 10000 (custom)
2019-09-25 05:41:09,723 [pool-37-thread-1] INFO  server.RaftServerConfigKeys (ConfUtils.java:logGet(43)) - raft.server.snapshot.retention.num.files = 5 (custom)
2019-09-25 05:41:09,723 [pool-37-thread-1] INFO  server.RaftServerConfigKeys (ConfUtils.java:logGet(43)) - raft.server.retrycache.expirytime = 600000ms (custom)
2019-09-25 05:41:09,725 [pool-37-thread-1] INFO  impl.RaftServerImpl (RaftServerImpl.java:start(185)) - ba526371-bbb0-45ae-a73e-928578471dee@group-C51B3ED6F9FF: start as a follower, conf=-1: [ba526371-bbb0-45ae-a73e-928578471dee:192.168.30.10:42293], old=null
2019-09-25 05:41:09,725 [pool-37-thread-1] INFO  impl.RaftServerImpl (RaftServerImpl.java:setRole(174)) - ba526371-bbb0-45ae-a73e-928578471dee@group-C51B3ED6F9FF: changes role from      null to FOLLOWER at term 0 for startAsFollower
2019-09-25 05:41:09,725 [pool-37-thread-1] INFO  impl.RoleInfo (RoleInfo.java:updateAndGet(143)) - ba526371-bbb0-45ae-a73e-928578471dee: start FollowerState
2019-09-25 05:41:09,725 [pool-37-thread-1] INFO  util.JmxRegister (JmxRegister.java:tryRegister(44)) - Successfully registered JMX Bean with object name Ratis:service=RaftServer,group=group-C51B3ED6F9FF,id=ba526371-bbb0-45ae-a73e-928578471dee
2019-09-25 05:41:09,730 [RatisPipelineUtilsThread] INFO  pipeline.PipelineStateManager (PipelineStateManager.java:addPipeline(56)) - Created pipeline Pipeline[ Id: bf586028-12ab-4c91-9d58-c51b3ed6f9ff, Nodes: ba526371-bbb0-45ae-a73e-928578471dee{ip: 192.168.30.10, host: pr-hdds-1569-s62bp-3040748787, networkLocation: /default-rack, certSerialId: null}, Type:RATIS, Factor:ONE, State:OPEN]
2019-09-25 05:41:09,730 [RatisPipelineUtilsThread] INFO  pipeline.PipelinePlacementPolicy (PipelinePlacementPolicy.java:meetCriteria(91)) - Pipeline Placement: Doesn't meet the criteria to be viable node： ddbbae55-12b9-461a-b1dd-678d37e66059 Heaviness: 6 limit: 5
2019-09-25 05:41:09,730 [RatisPipelineUtilsThread] INFO  pipeline.PipelinePlacementPolicy (PipelinePlacementPolicy.java:meetCriteria(91)) - Pipeline Placement: Doesn't meet the criteria to be viable node： 9c5364a7-ba03-46bb-ba71-b490d4b445f4 Heaviness: 6 limit: 5
2019-09-25 05:41:09,738 [grpc-default-executor-1] INFO  impl.RaftServerProxy (RaftServerProxy.java:addNew(89)) - c1b8ccaf-89e0-45fc-9fa3-d1b440a7dff4: addNew group-1488A67B64CA:[c1b8ccaf-89e0-45fc-9fa3-d1b440a7dff4:192.168.30.10:35376] returns group-1488A67B64CA:java.util.concurrent.CompletableFuture@4ffb7cf6[Not completed]
2019-09-25 05:41:09,739 [pool-77-thread-1] INFO  impl.RaftServerImpl (RaftServerImpl.java:<init>(95)) - c1b8ccaf-89e0-45fc-9fa3-d1b440a7dff4: new RaftServerImpl for group-1488A67B64CA:[c1b8ccaf-89e0-45fc-9fa3-d1b440a7dff4:192.168.30.10:35376] with ContainerStateMachine:uninitialized
2019-09-25 05:41:09,739 [pool-77-thread-1] INFO  server.RaftServerConfigKeys (ConfUtils.java:logGet(43)) - raft.server.rpc.timeout.min = 5s (custom)
2019-09-25 05:41:09,740 [pool-77-thread-1] INFO  server.RaftServerConfigKeys (ConfUtils.java:logGet(43)) - raft.server.rpc.timeout.max = 5200ms (custom)
2019-09-25 05:41:09,740 [pool-77-thread-1] INFO  server.RaftServerConfigKeys (ConfUtils.java:logGet(43)) - raft.server.rpcslowness.timeout = 120s (custom)
2019-09-25 05:41:09,740 [pool-77-thread-1] INFO  server.RaftServerConfigKeys (ConfUtils.java:logGet(43)) - raft.server.sleep.deviation.threshold = 300 (default)
2019-09-25 05:41:09,740 [pool-77-thread-1] INFO  server.RaftServerConfigKeys (ConfUtils.java:logGet(43)) - raft.server.log.appender.install.snapshot.enabled = false (custom)
2019-09-25 05:41:09,740 [pool-77-thread-1] INFO  impl.RaftServerImpl (ServerState.java:<init>(103)) - c1b8ccaf-89e0-45fc-9fa3-d1b440a7dff4@group-1488A67B64CA: ConfigurationManager, init=-1: [c1b8ccaf-89e0-45fc-9fa3-d1b440a7dff4:192.168.30.10:35376], old=null, confs=<EMPTY_MAP>
2019-09-25 05:41:09,740 [pool-77-thread-1] INFO  server.RaftServerConfigKeys (ConfUtils.java:logGet(43)) - raft.server.storage.dir = [/workdir/hadoop-ozone/integration-test/target/test-dir/MiniOzoneClusterImpl-5f167f52-bad4-483d-8ef4-c1e76e705afb/datanode-5/data/ratis] (custom)
2019-09-25 05:41:09,740 [pool-77-thread-1] INFO  storage.RaftStorageDirectory (RaftStorageDirectory.java:analyzeStorage(246)) - The storage directory /workdir/hadoop-ozone/integration-test/target/test-dir/MiniOzoneClusterImpl-5f167f52-bad4-483d-8ef4-c1e76e705afb/datanode-5/data/ratis/2a01056b-a248-486a-9e26-1488a67b64ca does not exist. Creating ...
2019-09-25 05:41:09,753 [pool-77-thread-1] INFO  storage.RaftStorageDirectory (RaftStorageDirectory.java:tryLock(328)) - Lock on /workdir/hadoop-ozone/integration-test/target/test-dir/MiniOzoneClusterImpl-5f167f52-bad4-483d-8ef4-c1e76e705afb/datanode-5/data/ratis/2a01056b-a248-486a-9e26-1488a67b64ca/in_use.lock acquired by nodename 13539@pr-hdds-1569-s62bp-3040748787
2019-09-25 05:41:09,765 [pool-77-thread-1] INFO  storage.RaftStorage (RaftStorage.java:format(72)) - Storage directory /workdir/hadoop-ozone/integration-test/target/test-dir/MiniOzoneClusterImpl-5f167f52-bad4-483d-8ef4-c1e76e705afb/datanode-5/data/ratis/2a01056b-a248-486a-9e26-1488a67b64ca has been successfully formatted.
2019-09-25 05:41:09,765 [pool-77-thread-1] INFO  ratis.ContainerStateMachine (ContainerStateMachine.java:loadSnapshot(230)) - group-1488A67B64CA: The snapshot info is null. Setting the last applied indexto:(t:0, i:~)
2019-09-25 05:41:09,766 [pool-77-thread-1] INFO  server.RaftServerConfigKeys (ConfUtils.java:logGet(43)) - raft.server.notification.no-leader.timeout = 120s (custom)
2019-09-25 05:41:09,766 [pool-77-thread-1] INFO  server.RaftServerConfigKeys (ConfUtils.java:logGet(43)) - raft.server.log.use.memory = false (default)
2019-09-25 05:41:09,766 [pool-77-thread-1] INFO  server.RaftServerConfigKeys (ConfUtils.java:logGet(43)) - raft.server.log.purge.gap = 1000000 (custom)
2019-09-25 05:41:09,766 [pool-77-thread-1] INFO  server.RaftServerConfigKeys (ConfUtils.java:logGet(43)) - raft.server.log.appender.buffer.byte-limit = 33554432 (custom)
2019-09-25 05:41:09,766 [pool-77-thread-1] INFO  server.RaftServerConfigKeys (ConfUtils.java:logGet(43)) - raft.server.log.segment.size.max = 1048576 (custom)
2019-09-25 05:41:09,766 [pool-77-thread-1] INFO  server.RaftServerConfigKeys (ConfUtils.java:logGet(43)) - raft.server.log.segment.cache.num.max = 2 (custom)
2019-09-25 05:41:09,766 [pool-77-thread-1] INFO  segmented.SegmentedRaftLogWorker (SegmentedRaftLogWorker.java:<init>(172)) - new c1b8ccaf-89e0-45fc-9fa3-d1b440a7dff4@group-1488A67B64CA-SegmentedRaftLogWorker for RaftStorage:Storage Directory /workdir/hadoop-ozone/integration-test/target/test-dir/MiniOzoneClusterImpl-5f167f52-bad4-483d-8ef4-c1e76e705afb/datanode-5/data/ratis/2a01056b-a248-486a-9e26-1488a67b64ca
2019-09-25 05:41:09,766 [pool-77-thread-1] INFO  server.RaftServerConfigKeys (ConfUtils.java:logGet(43)) - raft.server.log.queue.byte-limit = 2147483647 (custom)
2019-09-25 05:41:09,766 [pool-77-thread-1] INFO  server.RaftServerConfigKeys (ConfUtils.java:logGet(43)) - raft.server.log.queue.element-limit = 1024 (custom)
2019-09-25 05:41:09,766 [pool-77-thread-1] INFO  server.RaftServerConfigKeys (ConfUtils.java:logGet(43)) - raft.server.log.segment.size.max = 1048576 (custom)
2019-09-25 05:41:09,767 [pool-77-thread-1] INFO  server.RaftServerConfigKeys (ConfUtils.java:logGet(43)) - raft.server.log.preallocated.size = 16384 (custom)
2019-09-25 05:41:09,767 [pool-77-thread-1] INFO  server.RaftServerConfigKeys (ConfUtils.java:logGet(43)) - raft.server.log.write.buffer.size = 33554432 (custom)
2019-09-25 05:41:09,767 [pool-77-thread-1] INFO  server.RaftServerConfigKeys (ConfUtils.java:logGet(43)) - raft.server.log.force.sync.num = 128 (default)
2019-09-25 05:41:09,767 [pool-77-thread-1] INFO  server.RaftServerConfigKeys (ConfUtils.java:logGet(43)) - raft.server.log.statemachine.data.sync = true (default)
2019-09-25 05:41:09,767 [pool-77-thread-1] INFO  server.RaftServerConfigKeys (ConfUtils.java:logGet(43)) - raft.server.log.statemachine.data.sync.timeout = 10s (default)
2019-09-25 05:41:09,767 [pool-77-thread-1] INFO  server.RaftServerConfigKeys (ConfUtils.java:logGet(43)) - raft.server.log.statemachine.data.sync.timeout.retry = -1 (default)
2019-09-25 05:41:09,767 [pool-77-thread-1] INFO  server.RaftServerConfigKeys (ConfUtils.java:logGet(43)) - raft.server.log.statemachine.data.caching.enabled = true (custom)
2019-09-25 05:41:09,767 [pool-77-thread-1] INFO  segmented.SegmentedRaftLogWorker (SegmentedRaftLogWorker.java:lambda$new$0(132)) - c1b8ccaf-89e0-45fc-9fa3-d1b440a7dff4@group-1488A67B64CA-SegmentedRaftLogWorker: flushIndex: setUnconditionally 0 -> -1
2019-09-25 05:41:09,768 [pool-77-thread-1] INFO  server.RaftServerConfigKeys (ConfUtils.java:logGet(43)) - raft.server.snapshot.auto.trigger.enabled = true (custom)
2019-09-25 05:41:09,768 [pool-77-thread-1] INFO  server.RaftServerConfigKeys (ConfUtils.java:logGet(43)) - raft.server.snapshot.auto.trigger.threshold = 10000 (custom)
2019-09-25 05:41:09,768 [pool-77-thread-1] INFO  server.RaftServerConfigKeys (ConfUtils.java:logGet(43)) - raft.server.snapshot.retention.num.files = 5 (custom)
2019-09-25 05:41:09,768 [pool-77-thread-1] INFO  server.RaftServerConfigKeys (ConfUtils.java:logGet(43)) - raft.server.retrycache.expirytime = 600000ms (custom)
2019-09-25 05:41:09,770 [pool-77-thread-1] INFO  impl.RaftServerImpl (RaftServerImpl.java:start(185)) - c1b8ccaf-89e0-45fc-9fa3-d1b440a7dff4@group-1488A67B64CA: start as a follower, conf=-1: [c1b8ccaf-89e0-45fc-9fa3-d1b440a7dff4:192.168.30.10:35376], old=null
2019-09-25 05:41:09,770 [pool-77-thread-1] INFO  impl.RaftServerImpl (RaftServerImpl.java:setRole(174)) - c1b8ccaf-89e0-45fc-9fa3-d1b440a7dff4@group-1488A67B64CA: changes role from      null to FOLLOWER at term 0 for startAsFollower
2019-09-25 05:41:09,770 [pool-77-thread-1] INFO  impl.RoleInfo (RoleInfo.java:updateAndGet(143)) - c1b8ccaf-89e0-45fc-9fa3-d1b440a7dff4: start FollowerState
2019-09-25 05:41:09,770 [pool-77-thread-1] INFO  util.JmxRegister (JmxRegister.java:tryRegister(44)) - Successfully registered JMX Bean with object name Ratis:service=RaftServer,group=group-1488A67B64CA,id=c1b8ccaf-89e0-45fc-9fa3-d1b440a7dff4
2019-09-25 05:41:09,775 [RatisPipelineUtilsThread] INFO  pipeline.PipelineStateManager (PipelineStateManager.java:addPipeline(56)) - Created pipeline Pipeline[ Id: 2a01056b-a248-486a-9e26-1488a67b64ca, Nodes: c1b8ccaf-89e0-45fc-9fa3-d1b440a7dff4{ip: 192.168.30.10, host: pr-hdds-1569-s62bp-3040748787, networkLocation: /default-rack, certSerialId: null}, Type:RATIS, Factor:ONE, State:OPEN]
2019-09-25 05:41:09,775 [RatisPipelineUtilsThread] INFO  pipeline.PipelinePlacementPolicy (PipelinePlacementPolicy.java:meetCriteria(91)) - Pipeline Placement: Doesn't meet the criteria to be viable node： ddbbae55-12b9-461a-b1dd-678d37e66059 Heaviness: 6 limit: 5
2019-09-25 05:41:09,775 [RatisPipelineUtilsThread] INFO  pipeline.PipelinePlacementPolicy (PipelinePlacementPolicy.java:meetCriteria(91)) - Pipeline Placement: Doesn't meet the criteria to be viable node： 9c5364a7-ba03-46bb-ba71-b490d4b445f4 Heaviness: 6 limit: 5
2019-09-25 05:41:09,782 [grpc-default-executor-1] INFO  impl.RaftServerProxy (RaftServerProxy.java:addNew(89)) - fe7430cd-f76a-4ec3-9a68-9236192633d5: addNew group-7246B55B8618:[fe7430cd-f76a-4ec3-9a68-9236192633d5:192.168.30.10:33443] returns group-7246B55B8618:java.util.concurrent.CompletableFuture@3800a274[Not completed]
2019-09-25 05:41:09,783 [pool-27-thread-1] INFO  impl.RaftServerImpl (RaftServerImpl.java:<init>(95)) - fe7430cd-f76a-4ec3-9a68-9236192633d5: new RaftServerImpl for group-7246B55B8618:[fe7430cd-f76a-4ec3-9a68-9236192633d5:192.168.30.10:33443] with ContainerStateMachine:uninitialized
2019-09-25 05:41:09,783 [pool-27-thread-1] INFO  server.RaftServerConfigKeys (ConfUtils.java:logGet(43)) - raft.server.rpc.timeout.min = 5s (custom)
2019-09-25 05:41:09,783 [pool-27-thread-1] INFO  server.RaftServerConfigKeys (ConfUtils.java:logGet(43)) - raft.server.rpc.timeout.max = 5200ms (custom)
2019-09-25 05:41:09,783 [pool-27-thread-1] INFO  server.RaftServerConfigKeys (ConfUtils.java:logGet(43)) - raft.server.rpcslowness.timeout = 120s (custom)
2019-09-25 05:41:09,784 [pool-27-thread-1] INFO  server.RaftServerConfigKeys (ConfUtils.java:logGet(43)) - raft.server.sleep.deviation.threshold = 300 (default)
2019-09-25 05:41:09,784 [pool-27-thread-1] INFO  server.RaftServerConfigKeys (ConfUtils.java:logGet(43)) - raft.server.log.appender.install.snapshot.enabled = false (custom)
2019-09-25 05:41:09,784 [pool-27-thread-1] INFO  impl.RaftServerImpl (ServerState.java:<init>(103)) - fe7430cd-f76a-4ec3-9a68-9236192633d5@group-7246B55B8618: ConfigurationManager, init=-1: [fe7430cd-f76a-4ec3-9a68-9236192633d5:192.168.30.10:33443], old=null, confs=<EMPTY_MAP>
2019-09-25 05:41:09,784 [pool-27-thread-1] INFO  server.RaftServerConfigKeys (ConfUtils.java:logGet(43)) - raft.server.storage.dir = [/workdir/hadoop-ozone/integration-test/target/test-dir/MiniOzoneClusterImpl-5f167f52-bad4-483d-8ef4-c1e76e705afb/datanode-0/data/ratis] (custom)
2019-09-25 05:41:09,784 [pool-27-thread-1] INFO  storage.RaftStorageDirectory (RaftStorageDirectory.java:analyzeStorage(246)) - The storage directory /workdir/hadoop-ozone/integration-test/target/test-dir/MiniOzoneClusterImpl-5f167f52-bad4-483d-8ef4-c1e76e705afb/datanode-0/data/ratis/0666fcfb-3764-40da-90a2-7246b55b8618 does not exist. Creating ...
2019-09-25 05:41:09,798 [pool-27-thread-1] INFO  storage.RaftStorageDirectory (RaftStorageDirectory.java:tryLock(328)) - Lock on /workdir/hadoop-ozone/integration-test/target/test-dir/MiniOzoneClusterImpl-5f167f52-bad4-483d-8ef4-c1e76e705afb/datanode-0/data/ratis/0666fcfb-3764-40da-90a2-7246b55b8618/in_use.lock acquired by nodename 13539@pr-hdds-1569-s62bp-3040748787
2019-09-25 05:41:09,811 [pool-27-thread-1] INFO  storage.RaftStorage (RaftStorage.java:format(72)) - Storage directory /workdir/hadoop-ozone/integration-test/target/test-dir/MiniOzoneClusterImpl-5f167f52-bad4-483d-8ef4-c1e76e705afb/datanode-0/data/ratis/0666fcfb-3764-40da-90a2-7246b55b8618 has been successfully formatted.
2019-09-25 05:41:09,811 [pool-27-thread-1] INFO  ratis.ContainerStateMachine (ContainerStateMachine.java:loadSnapshot(230)) - group-7246B55B8618: The snapshot info is null. Setting the last applied indexto:(t:0, i:~)
2019-09-25 05:41:09,811 [pool-27-thread-1] INFO  server.RaftServerConfigKeys (ConfUtils.java:logGet(43)) - raft.server.notification.no-leader.timeout = 120s (custom)
2019-09-25 05:41:09,811 [pool-27-thread-1] INFO  server.RaftServerConfigKeys (ConfUtils.java:logGet(43)) - raft.server.log.use.memory = false (default)
2019-09-25 05:41:09,812 [pool-27-thread-1] INFO  server.RaftServerConfigKeys (ConfUtils.java:logGet(43)) - raft.server.log.purge.gap = 1000000 (custom)
2019-09-25 05:41:09,812 [pool-27-thread-1] INFO  server.RaftServerConfigKeys (ConfUtils.java:logGet(43)) - raft.server.log.appender.buffer.byte-limit = 33554432 (custom)
2019-09-25 05:41:09,812 [pool-27-thread-1] INFO  server.RaftServerConfigKeys (ConfUtils.java:logGet(43)) - raft.server.log.segment.size.max = 1048576 (custom)
2019-09-25 05:41:09,812 [pool-27-thread-1] INFO  server.RaftServerConfigKeys (ConfUtils.java:logGet(43)) - raft.server.log.segment.cache.num.max = 2 (custom)
2019-09-25 05:41:09,812 [pool-27-thread-1] INFO  segmented.SegmentedRaftLogWorker (SegmentedRaftLogWorker.java:<init>(172)) - new fe7430cd-f76a-4ec3-9a68-9236192633d5@group-7246B55B8618-SegmentedRaftLogWorker for RaftStorage:Storage Directory /workdir/hadoop-ozone/integration-test/target/test-dir/MiniOzoneClusterImpl-5f167f52-bad4-483d-8ef4-c1e76e705afb/datanode-0/data/ratis/0666fcfb-3764-40da-90a2-7246b55b8618
2019-09-25 05:41:09,812 [pool-27-thread-1] INFO  server.RaftServerConfigKeys (ConfUtils.java:logGet(43)) - raft.server.log.queue.byte-limit = 2147483647 (custom)
2019-09-25 05:41:09,812 [pool-27-thread-1] INFO  server.RaftServerConfigKeys (ConfUtils.java:logGet(43)) - raft.server.log.queue.element-limit = 1024 (custom)
2019-09-25 05:41:09,812 [pool-27-thread-1] INFO  server.RaftServerConfigKeys (ConfUtils.java:logGet(43)) - raft.server.log.segment.size.max = 1048576 (custom)
2019-09-25 05:41:09,812 [pool-27-thread-1] INFO  server.RaftServerConfigKeys (ConfUtils.java:logGet(43)) - raft.server.log.preallocated.size = 16384 (custom)
2019-09-25 05:41:09,812 [pool-27-thread-1] INFO  server.RaftServerConfigKeys (ConfUtils.java:logGet(43)) - raft.server.log.write.buffer.size = 33554432 (custom)
2019-09-25 05:41:09,813 [pool-27-thread-1] INFO  server.RaftServerConfigKeys (ConfUtils.java:logGet(43)) - raft.server.log.force.sync.num = 128 (default)
2019-09-25 05:41:09,813 [pool-27-thread-1] INFO  server.RaftServerConfigKeys (ConfUtils.java:logGet(43)) - raft.server.log.statemachine.data.sync = true (default)
2019-09-25 05:41:09,813 [pool-27-thread-1] INFO  server.RaftServerConfigKeys (ConfUtils.java:logGet(43)) - raft.server.log.statemachine.data.sync.timeout = 10s (default)
2019-09-25 05:41:09,813 [pool-27-thread-1] INFO  server.RaftServerConfigKeys (ConfUtils.java:logGet(43)) - raft.server.log.statemachine.data.sync.timeout.retry = -1 (default)
2019-09-25 05:41:09,813 [pool-27-thread-1] INFO  server.RaftServerConfigKeys (ConfUtils.java:logGet(43)) - raft.server.log.statemachine.data.caching.enabled = true (custom)
2019-09-25 05:41:09,813 [pool-27-thread-1] INFO  segmented.SegmentedRaftLogWorker (SegmentedRaftLogWorker.java:lambda$new$0(132)) - fe7430cd-f76a-4ec3-9a68-9236192633d5@group-7246B55B8618-SegmentedRaftLogWorker: flushIndex: setUnconditionally 0 -> -1
2019-09-25 05:41:09,813 [pool-27-thread-1] INFO  server.RaftServerConfigKeys (ConfUtils.java:logGet(43)) - raft.server.snapshot.auto.trigger.enabled = true (custom)
2019-09-25 05:41:09,813 [pool-27-thread-1] INFO  server.RaftServerConfigKeys (ConfUtils.java:logGet(43)) - raft.server.snapshot.auto.trigger.threshold = 10000 (custom)
2019-09-25 05:41:09,814 [pool-27-thread-1] INFO  server.RaftServerConfigKeys (ConfUtils.java:logGet(43)) - raft.server.snapshot.retention.num.files = 5 (custom)
2019-09-25 05:41:09,814 [pool-27-thread-1] INFO  server.RaftServerConfigKeys (ConfUtils.java:logGet(43)) - raft.server.retrycache.expirytime = 600000ms (custom)
2019-09-25 05:41:09,815 [pool-27-thread-1] INFO  impl.RaftServerImpl (RaftServerImpl.java:start(185)) - fe7430cd-f76a-4ec3-9a68-9236192633d5@group-7246B55B8618: start as a follower, conf=-1: [fe7430cd-f76a-4ec3-9a68-9236192633d5:192.168.30.10:33443], old=null
2019-09-25 05:41:09,815 [pool-27-thread-1] INFO  impl.RaftServerImpl (RaftServerImpl.java:setRole(174)) - fe7430cd-f76a-4ec3-9a68-9236192633d5@group-7246B55B8618: changes role from      null to FOLLOWER at term 0 for startAsFollower
2019-09-25 05:41:09,816 [pool-27-thread-1] INFO  impl.RoleInfo (RoleInfo.java:updateAndGet(143)) - fe7430cd-f76a-4ec3-9a68-9236192633d5: start FollowerState
2019-09-25 05:41:09,816 [pool-27-thread-1] INFO  util.JmxRegister (JmxRegister.java:tryRegister(44)) - Successfully registered JMX Bean with object name Ratis:service=RaftServer,group=group-7246B55B8618,id=fe7430cd-f76a-4ec3-9a68-9236192633d5
2019-09-25 05:41:09,820 [RatisPipelineUtilsThread] INFO  pipeline.PipelineStateManager (PipelineStateManager.java:addPipeline(56)) - Created pipeline Pipeline[ Id: 0666fcfb-3764-40da-90a2-7246b55b8618, Nodes: fe7430cd-f76a-4ec3-9a68-9236192633d5{ip: 192.168.30.10, host: pr-hdds-1569-s62bp-3040748787, networkLocation: /default-rack, certSerialId: null}, Type:RATIS, Factor:ONE, State:OPEN]
2019-09-25 05:41:09,820 [RatisPipelineUtilsThread] INFO  pipeline.PipelinePlacementPolicy (PipelinePlacementPolicy.java:meetCriteria(91)) - Pipeline Placement: Doesn't meet the criteria to be viable node： ddbbae55-12b9-461a-b1dd-678d37e66059 Heaviness: 6 limit: 5
2019-09-25 05:41:09,820 [RatisPipelineUtilsThread] INFO  pipeline.PipelinePlacementPolicy (PipelinePlacementPolicy.java:meetCriteria(91)) - Pipeline Placement: Doesn't meet the criteria to be viable node： 9c5364a7-ba03-46bb-ba71-b490d4b445f4 Heaviness: 6 limit: 5
2019-09-25 05:41:09,828 [grpc-default-executor-1] INFO  impl.RaftServerProxy (RaftServerProxy.java:addNew(89)) - ba526371-bbb0-45ae-a73e-928578471dee: addNew group-141C0B15D317:[ba526371-bbb0-45ae-a73e-928578471dee:192.168.30.10:42293] returns group-141C0B15D317:java.util.concurrent.CompletableFuture@5c651c4c[Not completed]
2019-09-25 05:41:09,829 [pool-37-thread-1] INFO  impl.RaftServerImpl (RaftServerImpl.java:<init>(95)) - ba526371-bbb0-45ae-a73e-928578471dee: new RaftServerImpl for group-141C0B15D317:[ba526371-bbb0-45ae-a73e-928578471dee:192.168.30.10:42293] with ContainerStateMachine:uninitialized
2019-09-25 05:41:09,829 [pool-37-thread-1] INFO  server.RaftServerConfigKeys (ConfUtils.java:logGet(43)) - raft.server.rpc.timeout.min = 5s (custom)
2019-09-25 05:41:09,829 [pool-37-thread-1] INFO  server.RaftServerConfigKeys (ConfUtils.java:logGet(43)) - raft.server.rpc.timeout.max = 5200ms (custom)
2019-09-25 05:41:09,829 [pool-37-thread-1] INFO  server.RaftServerConfigKeys (ConfUtils.java:logGet(43)) - raft.server.rpcslowness.timeout = 120s (custom)
2019-09-25 05:41:09,829 [pool-37-thread-1] INFO  server.RaftServerConfigKeys (ConfUtils.java:logGet(43)) - raft.server.sleep.deviation.threshold = 300 (default)
2019-09-25 05:41:09,829 [pool-37-thread-1] INFO  server.RaftServerConfigKeys (ConfUtils.java:logGet(43)) - raft.server.log.appender.install.snapshot.enabled = false (custom)
2019-09-25 05:41:09,829 [pool-37-thread-1] INFO  impl.RaftServerImpl (ServerState.java:<init>(103)) - ba526371-bbb0-45ae-a73e-928578471dee@group-141C0B15D317: ConfigurationManager, init=-1: [ba526371-bbb0-45ae-a73e-928578471dee:192.168.30.10:42293], old=null, confs=<EMPTY_MAP>
2019-09-25 05:41:09,829 [pool-37-thread-1] INFO  server.RaftServerConfigKeys (ConfUtils.java:logGet(43)) - raft.server.storage.dir = [/workdir/hadoop-ozone/integration-test/target/test-dir/MiniOzoneClusterImpl-5f167f52-bad4-483d-8ef4-c1e76e705afb/datanode-1/data/ratis] (custom)
2019-09-25 05:41:09,830 [pool-37-thread-1] INFO  storage.RaftStorageDirectory (RaftStorageDirectory.java:analyzeStorage(246)) - The storage directory /workdir/hadoop-ozone/integration-test/target/test-dir/MiniOzoneClusterImpl-5f167f52-bad4-483d-8ef4-c1e76e705afb/datanode-1/data/ratis/a539cb2d-8919-4b89-bf68-141c0b15d317 does not exist. Creating ...
2019-09-25 05:41:09,844 [pool-37-thread-1] INFO  storage.RaftStorageDirectory (RaftStorageDirectory.java:tryLock(328)) - Lock on /workdir/hadoop-ozone/integration-test/target/test-dir/MiniOzoneClusterImpl-5f167f52-bad4-483d-8ef4-c1e76e705afb/datanode-1/data/ratis/a539cb2d-8919-4b89-bf68-141c0b15d317/in_use.lock acquired by nodename 13539@pr-hdds-1569-s62bp-3040748787
2019-09-25 05:41:09,860 [pool-37-thread-1] INFO  storage.RaftStorage (RaftStorage.java:format(72)) - Storage directory /workdir/hadoop-ozone/integration-test/target/test-dir/MiniOzoneClusterImpl-5f167f52-bad4-483d-8ef4-c1e76e705afb/datanode-1/data/ratis/a539cb2d-8919-4b89-bf68-141c0b15d317 has been successfully formatted.
2019-09-25 05:41:09,860 [pool-37-thread-1] INFO  ratis.ContainerStateMachine (ContainerStateMachine.java:loadSnapshot(230)) - group-141C0B15D317: The snapshot info is null. Setting the last applied indexto:(t:0, i:~)
2019-09-25 05:41:09,860 [pool-37-thread-1] INFO  server.RaftServerConfigKeys (ConfUtils.java:logGet(43)) - raft.server.notification.no-leader.timeout = 120s (custom)
2019-09-25 05:41:09,861 [pool-37-thread-1] INFO  server.RaftServerConfigKeys (ConfUtils.java:logGet(43)) - raft.server.log.use.memory = false (default)
2019-09-25 05:41:09,861 [pool-37-thread-1] INFO  server.RaftServerConfigKeys (ConfUtils.java:logGet(43)) - raft.server.log.purge.gap = 1000000 (custom)
2019-09-25 05:41:09,861 [pool-37-thread-1] INFO  server.RaftServerConfigKeys (ConfUtils.java:logGet(43)) - raft.server.log.appender.buffer.byte-limit = 33554432 (custom)
2019-09-25 05:41:09,861 [pool-37-thread-1] INFO  server.RaftServerConfigKeys (ConfUtils.java:logGet(43)) - raft.server.log.segment.size.max = 1048576 (custom)
2019-09-25 05:41:09,861 [pool-37-thread-1] INFO  server.RaftServerConfigKeys (ConfUtils.java:logGet(43)) - raft.server.log.segment.cache.num.max = 2 (custom)
2019-09-25 05:41:09,861 [pool-37-thread-1] INFO  segmented.SegmentedRaftLogWorker (SegmentedRaftLogWorker.java:<init>(172)) - new ba526371-bbb0-45ae-a73e-928578471dee@group-141C0B15D317-SegmentedRaftLogWorker for RaftStorage:Storage Directory /workdir/hadoop-ozone/integration-test/target/test-dir/MiniOzoneClusterImpl-5f167f52-bad4-483d-8ef4-c1e76e705afb/datanode-1/data/ratis/a539cb2d-8919-4b89-bf68-141c0b15d317
2019-09-25 05:41:09,861 [pool-37-thread-1] INFO  server.RaftServerConfigKeys (ConfUtils.java:logGet(43)) - raft.server.log.queue.byte-limit = 2147483647 (custom)
2019-09-25 05:41:09,861 [pool-37-thread-1] INFO  server.RaftServerConfigKeys (ConfUtils.java:logGet(43)) - raft.server.log.queue.element-limit = 1024 (custom)
2019-09-25 05:41:09,861 [pool-37-thread-1] INFO  server.RaftServerConfigKeys (ConfUtils.java:logGet(43)) - raft.server.log.segment.size.max = 1048576 (custom)
2019-09-25 05:41:09,861 [pool-37-thread-1] INFO  server.RaftServerConfigKeys (ConfUtils.java:logGet(43)) - raft.server.log.preallocated.size = 16384 (custom)
2019-09-25 05:41:09,862 [pool-37-thread-1] INFO  server.RaftServerConfigKeys (ConfUtils.java:logGet(43)) - raft.server.log.write.buffer.size = 33554432 (custom)
2019-09-25 05:41:09,862 [pool-37-thread-1] INFO  server.RaftServerConfigKeys (ConfUtils.java:logGet(43)) - raft.server.log.force.sync.num = 128 (default)
2019-09-25 05:41:09,862 [pool-37-thread-1] INFO  server.RaftServerConfigKeys (ConfUtils.java:logGet(43)) - raft.server.log.statemachine.data.sync = true (default)
2019-09-25 05:41:09,862 [pool-37-thread-1] INFO  server.RaftServerConfigKeys (ConfUtils.java:logGet(43)) - raft.server.log.statemachine.data.sync.timeout = 10s (default)
2019-09-25 05:41:09,862 [pool-37-thread-1] INFO  server.RaftServerConfigKeys (ConfUtils.java:logGet(43)) - raft.server.log.statemachine.data.sync.timeout.retry = -1 (default)
2019-09-25 05:41:09,862 [pool-37-thread-1] INFO  server.RaftServerConfigKeys (ConfUtils.java:logGet(43)) - raft.server.log.statemachine.data.caching.enabled = true (custom)
2019-09-25 05:41:09,862 [pool-37-thread-1] INFO  segmented.SegmentedRaftLogWorker (SegmentedRaftLogWorker.java:lambda$new$0(132)) - ba526371-bbb0-45ae-a73e-928578471dee@group-141C0B15D317-SegmentedRaftLogWorker: flushIndex: setUnconditionally 0 -> -1
2019-09-25 05:41:09,863 [pool-37-thread-1] INFO  server.RaftServerConfigKeys (ConfUtils.java:logGet(43)) - raft.server.snapshot.auto.trigger.enabled = true (custom)
2019-09-25 05:41:09,863 [pool-37-thread-1] INFO  server.RaftServerConfigKeys (ConfUtils.java:logGet(43)) - raft.server.snapshot.auto.trigger.threshold = 10000 (custom)
2019-09-25 05:41:09,863 [pool-37-thread-1] INFO  server.RaftServerConfigKeys (ConfUtils.java:logGet(43)) - raft.server.snapshot.retention.num.files = 5 (custom)
2019-09-25 05:41:09,863 [pool-37-thread-1] INFO  server.RaftServerConfigKeys (ConfUtils.java:logGet(43)) - raft.server.retrycache.expirytime = 600000ms (custom)
2019-09-25 05:41:09,865 [pool-37-thread-1] INFO  impl.RaftServerImpl (RaftServerImpl.java:start(185)) - ba526371-bbb0-45ae-a73e-928578471dee@group-141C0B15D317: start as a follower, conf=-1: [ba526371-bbb0-45ae-a73e-928578471dee:192.168.30.10:42293], old=null
2019-09-25 05:41:09,865 [pool-37-thread-1] INFO  impl.RaftServerImpl (RaftServerImpl.java:setRole(174)) - ba526371-bbb0-45ae-a73e-928578471dee@group-141C0B15D317: changes role from      null to FOLLOWER at term 0 for startAsFollower
2019-09-25 05:41:09,865 [pool-37-thread-1] INFO  impl.RoleInfo (RoleInfo.java:updateAndGet(143)) - ba526371-bbb0-45ae-a73e-928578471dee: start FollowerState
2019-09-25 05:41:09,865 [pool-37-thread-1] INFO  util.JmxRegister (JmxRegister.java:tryRegister(44)) - Successfully registered JMX Bean with object name Ratis:service=RaftServer,group=group-141C0B15D317,id=ba526371-bbb0-45ae-a73e-928578471dee
2019-09-25 05:41:09,870 [RatisPipelineUtilsThread] INFO  pipeline.PipelineStateManager (PipelineStateManager.java:addPipeline(56)) - Created pipeline Pipeline[ Id: a539cb2d-8919-4b89-bf68-141c0b15d317, Nodes: ba526371-bbb0-45ae-a73e-928578471dee{ip: 192.168.30.10, host: pr-hdds-1569-s62bp-3040748787, networkLocation: /default-rack, certSerialId: null}, Type:RATIS, Factor:ONE, State:OPEN]
2019-09-25 05:41:09,871 [RatisPipelineUtilsThread] INFO  pipeline.PipelinePlacementPolicy (PipelinePlacementPolicy.java:meetCriteria(91)) - Pipeline Placement: Doesn't meet the criteria to be viable node： ddbbae55-12b9-461a-b1dd-678d37e66059 Heaviness: 6 limit: 5
2019-09-25 05:41:09,871 [RatisPipelineUtilsThread] INFO  pipeline.PipelinePlacementPolicy (PipelinePlacementPolicy.java:meetCriteria(91)) - Pipeline Placement: Doesn't meet the criteria to be viable node： 9c5364a7-ba03-46bb-ba71-b490d4b445f4 Heaviness: 6 limit: 5
2019-09-25 05:41:09,881 [grpc-default-executor-1] INFO  impl.RaftServerProxy (RaftServerProxy.java:addNew(89)) - a0f9784c-b240-4740-a75c-f623c7ee251f: addNew group-69887134DBA4:[a0f9784c-b240-4740-a75c-f623c7ee251f:192.168.30.10:36265] returns group-69887134DBA4:java.util.concurrent.CompletableFuture@4ba0cf60[Not completed]
2019-09-25 05:41:09,882 [pool-57-thread-1] INFO  impl.RaftServerImpl (RaftServerImpl.java:<init>(95)) - a0f9784c-b240-4740-a75c-f623c7ee251f: new RaftServerImpl for group-69887134DBA4:[a0f9784c-b240-4740-a75c-f623c7ee251f:192.168.30.10:36265] with ContainerStateMachine:uninitialized
2019-09-25 05:41:09,882 [pool-57-thread-1] INFO  server.RaftServerConfigKeys (ConfUtils.java:logGet(43)) - raft.server.rpc.timeout.min = 5s (custom)
2019-09-25 05:41:09,883 [pool-57-thread-1] INFO  server.RaftServerConfigKeys (ConfUtils.java:logGet(43)) - raft.server.rpc.timeout.max = 5200ms (custom)
2019-09-25 05:41:09,883 [pool-57-thread-1] INFO  server.RaftServerConfigKeys (ConfUtils.java:logGet(43)) - raft.server.rpcslowness.timeout = 120s (custom)
2019-09-25 05:41:09,883 [pool-57-thread-1] INFO  server.RaftServerConfigKeys (ConfUtils.java:logGet(43)) - raft.server.sleep.deviation.threshold = 300 (default)
2019-09-25 05:41:09,883 [pool-57-thread-1] INFO  server.RaftServerConfigKeys (ConfUtils.java:logGet(43)) - raft.server.log.appender.install.snapshot.enabled = false (custom)
2019-09-25 05:41:09,883 [pool-57-thread-1] INFO  impl.RaftServerImpl (ServerState.java:<init>(103)) - a0f9784c-b240-4740-a75c-f623c7ee251f@group-69887134DBA4: ConfigurationManager, init=-1: [a0f9784c-b240-4740-a75c-f623c7ee251f:192.168.30.10:36265], old=null, confs=<EMPTY_MAP>
2019-09-25 05:41:09,883 [pool-57-thread-1] INFO  server.RaftServerConfigKeys (ConfUtils.java:logGet(43)) - raft.server.storage.dir = [/workdir/hadoop-ozone/integration-test/target/test-dir/MiniOzoneClusterImpl-5f167f52-bad4-483d-8ef4-c1e76e705afb/datanode-3/data/ratis] (custom)
2019-09-25 05:41:09,883 [pool-57-thread-1] INFO  storage.RaftStorageDirectory (RaftStorageDirectory.java:analyzeStorage(246)) - The storage directory /workdir/hadoop-ozone/integration-test/target/test-dir/MiniOzoneClusterImpl-5f167f52-bad4-483d-8ef4-c1e76e705afb/datanode-3/data/ratis/e3ef33ef-bb9d-4b7b-90bd-69887134dba4 does not exist. Creating ...
2019-09-25 05:41:09,897 [pool-57-thread-1] INFO  storage.RaftStorageDirectory (RaftStorageDirectory.java:tryLock(328)) - Lock on /workdir/hadoop-ozone/integration-test/target/test-dir/MiniOzoneClusterImpl-5f167f52-bad4-483d-8ef4-c1e76e705afb/datanode-3/data/ratis/e3ef33ef-bb9d-4b7b-90bd-69887134dba4/in_use.lock acquired by nodename 13539@pr-hdds-1569-s62bp-3040748787
2019-09-25 05:41:09,918 [pool-57-thread-1] INFO  storage.RaftStorage (RaftStorage.java:format(72)) - Storage directory /workdir/hadoop-ozone/integration-test/target/test-dir/MiniOzoneClusterImpl-5f167f52-bad4-483d-8ef4-c1e76e705afb/datanode-3/data/ratis/e3ef33ef-bb9d-4b7b-90bd-69887134dba4 has been successfully formatted.
2019-09-25 05:41:09,918 [pool-57-thread-1] INFO  ratis.ContainerStateMachine (ContainerStateMachine.java:loadSnapshot(230)) - group-69887134DBA4: The snapshot info is null. Setting the last applied indexto:(t:0, i:~)
2019-09-25 05:41:09,918 [pool-57-thread-1] INFO  server.RaftServerConfigKeys (ConfUtils.java:logGet(43)) - raft.server.notification.no-leader.timeout = 120s (custom)
2019-09-25 05:41:09,918 [pool-57-thread-1] INFO  server.RaftServerConfigKeys (ConfUtils.java:logGet(43)) - raft.server.log.use.memory = false (default)
2019-09-25 05:41:09,918 [pool-57-thread-1] INFO  server.RaftServerConfigKeys (ConfUtils.java:logGet(43)) - raft.server.log.purge.gap = 1000000 (custom)
2019-09-25 05:41:09,918 [pool-57-thread-1] INFO  server.RaftServerConfigKeys (ConfUtils.java:logGet(43)) - raft.server.log.appender.buffer.byte-limit = 33554432 (custom)
2019-09-25 05:41:09,918 [pool-57-thread-1] INFO  server.RaftServerConfigKeys (ConfUtils.java:logGet(43)) - raft.server.log.segment.size.max = 1048576 (custom)
2019-09-25 05:41:09,918 [pool-57-thread-1] INFO  server.RaftServerConfigKeys (ConfUtils.java:logGet(43)) - raft.server.log.segment.cache.num.max = 2 (custom)
2019-09-25 05:41:09,918 [pool-57-thread-1] INFO  segmented.SegmentedRaftLogWorker (SegmentedRaftLogWorker.java:<init>(172)) - new a0f9784c-b240-4740-a75c-f623c7ee251f@group-69887134DBA4-SegmentedRaftLogWorker for RaftStorage:Storage Directory /workdir/hadoop-ozone/integration-test/target/test-dir/MiniOzoneClusterImpl-5f167f52-bad4-483d-8ef4-c1e76e705afb/datanode-3/data/ratis/e3ef33ef-bb9d-4b7b-90bd-69887134dba4
2019-09-25 05:41:09,919 [pool-57-thread-1] INFO  server.RaftServerConfigKeys (ConfUtils.java:logGet(43)) - raft.server.log.queue.byte-limit = 2147483647 (custom)
2019-09-25 05:41:09,919 [pool-57-thread-1] INFO  server.RaftServerConfigKeys (ConfUtils.java:logGet(43)) - raft.server.log.queue.element-limit = 1024 (custom)
2019-09-25 05:41:09,919 [pool-57-thread-1] INFO  server.RaftServerConfigKeys (ConfUtils.java:logGet(43)) - raft.server.log.segment.size.max = 1048576 (custom)
2019-09-25 05:41:09,919 [pool-57-thread-1] INFO  server.RaftServerConfigKeys (ConfUtils.java:logGet(43)) - raft.server.log.preallocated.size = 16384 (custom)
2019-09-25 05:41:09,919 [pool-57-thread-1] INFO  server.RaftServerConfigKeys (ConfUtils.java:logGet(43)) - raft.server.log.write.buffer.size = 33554432 (custom)
2019-09-25 05:41:09,919 [pool-57-thread-1] INFO  server.RaftServerConfigKeys (ConfUtils.java:logGet(43)) - raft.server.log.force.sync.num = 128 (default)
2019-09-25 05:41:09,919 [pool-57-thread-1] INFO  server.RaftServerConfigKeys (ConfUtils.java:logGet(43)) - raft.server.log.statemachine.data.sync = true (default)
2019-09-25 05:41:09,919 [pool-57-thread-1] INFO  server.RaftServerConfigKeys (ConfUtils.java:logGet(43)) - raft.server.log.statemachine.data.sync.timeout = 10s (default)
2019-09-25 05:41:09,919 [pool-57-thread-1] INFO  server.RaftServerConfigKeys (ConfUtils.java:logGet(43)) - raft.server.log.statemachine.data.sync.timeout.retry = -1 (default)
2019-09-25 05:41:09,919 [pool-57-thread-1] INFO  server.RaftServerConfigKeys (ConfUtils.java:logGet(43)) - raft.server.log.statemachine.data.caching.enabled = true (custom)
2019-09-25 05:41:09,920 [pool-57-thread-1] INFO  segmented.SegmentedRaftLogWorker (SegmentedRaftLogWorker.java:lambda$new$0(132)) - a0f9784c-b240-4740-a75c-f623c7ee251f@group-69887134DBA4-SegmentedRaftLogWorker: flushIndex: setUnconditionally 0 -> -1
2019-09-25 05:41:09,920 [pool-57-thread-1] INFO  server.RaftServerConfigKeys (ConfUtils.java:logGet(43)) - raft.server.snapshot.auto.trigger.enabled = true (custom)
2019-09-25 05:41:09,920 [pool-57-thread-1] INFO  server.RaftServerConfigKeys (ConfUtils.java:logGet(43)) - raft.server.snapshot.auto.trigger.threshold = 10000 (custom)
2019-09-25 05:41:09,920 [pool-57-thread-1] INFO  server.RaftServerConfigKeys (ConfUtils.java:logGet(43)) - raft.server.snapshot.retention.num.files = 5 (custom)
2019-09-25 05:41:09,920 [pool-57-thread-1] INFO  server.RaftServerConfigKeys (ConfUtils.java:logGet(43)) - raft.server.retrycache.expirytime = 600000ms (custom)
2019-09-25 05:41:09,922 [pool-57-thread-1] INFO  impl.RaftServerImpl (RaftServerImpl.java:start(185)) - a0f9784c-b240-4740-a75c-f623c7ee251f@group-69887134DBA4: start as a follower, conf=-1: [a0f9784c-b240-4740-a75c-f623c7ee251f:192.168.30.10:36265], old=null
2019-09-25 05:41:09,922 [pool-57-thread-1] INFO  impl.RaftServerImpl (RaftServerImpl.java:setRole(174)) - a0f9784c-b240-4740-a75c-f623c7ee251f@group-69887134DBA4: changes role from      null to FOLLOWER at term 0 for startAsFollower
2019-09-25 05:41:09,922 [pool-57-thread-1] INFO  impl.RoleInfo (RoleInfo.java:updateAndGet(143)) - a0f9784c-b240-4740-a75c-f623c7ee251f: start FollowerState
2019-09-25 05:41:09,922 [pool-57-thread-1] INFO  util.JmxRegister (JmxRegister.java:tryRegister(44)) - Successfully registered JMX Bean with object name Ratis:service=RaftServer,group=group-69887134DBA4,id=a0f9784c-b240-4740-a75c-f623c7ee251f
2019-09-25 05:41:09,929 [RatisPipelineUtilsThread] INFO  pipeline.PipelineStateManager (PipelineStateManager.java:addPipeline(56)) - Created pipeline Pipeline[ Id: e3ef33ef-bb9d-4b7b-90bd-69887134dba4, Nodes: a0f9784c-b240-4740-a75c-f623c7ee251f{ip: 192.168.30.10, host: pr-hdds-1569-s62bp-3040748787, networkLocation: /default-rack, certSerialId: null}, Type:RATIS, Factor:ONE, State:OPEN]
2019-09-25 05:41:09,929 [RatisPipelineUtilsThread] INFO  pipeline.PipelinePlacementPolicy (PipelinePlacementPolicy.java:meetCriteria(91)) - Pipeline Placement: Doesn't meet the criteria to be viable node： ddbbae55-12b9-461a-b1dd-678d37e66059 Heaviness: 6 limit: 5
2019-09-25 05:41:09,929 [RatisPipelineUtilsThread] INFO  pipeline.PipelinePlacementPolicy (PipelinePlacementPolicy.java:meetCriteria(91)) - Pipeline Placement: Doesn't meet the criteria to be viable node： a0f9784c-b240-4740-a75c-f623c7ee251f Heaviness: 6 limit: 5
2019-09-25 05:41:09,929 [RatisPipelineUtilsThread] INFO  pipeline.PipelinePlacementPolicy (PipelinePlacementPolicy.java:meetCriteria(91)) - Pipeline Placement: Doesn't meet the criteria to be viable node： 9c5364a7-ba03-46bb-ba71-b490d4b445f4 Heaviness: 6 limit: 5
2019-09-25 05:41:09,936 [grpc-default-executor-1] INFO  impl.RaftServerProxy (RaftServerProxy.java:addNew(89)) - ba526371-bbb0-45ae-a73e-928578471dee: addNew group-13C9A2536662:[ba526371-bbb0-45ae-a73e-928578471dee:192.168.30.10:42293] returns group-13C9A2536662:java.util.concurrent.CompletableFuture@19b3ebea[Not completed]
2019-09-25 05:41:09,937 [pool-37-thread-1] INFO  impl.RaftServerImpl (RaftServerImpl.java:<init>(95)) - ba526371-bbb0-45ae-a73e-928578471dee: new RaftServerImpl for group-13C9A2536662:[ba526371-bbb0-45ae-a73e-928578471dee:192.168.30.10:42293] with ContainerStateMachine:uninitialized
2019-09-25 05:41:09,937 [pool-37-thread-1] INFO  server.RaftServerConfigKeys (ConfUtils.java:logGet(43)) - raft.server.rpc.timeout.min = 5s (custom)
2019-09-25 05:41:09,937 [pool-37-thread-1] INFO  server.RaftServerConfigKeys (ConfUtils.java:logGet(43)) - raft.server.rpc.timeout.max = 5200ms (custom)
2019-09-25 05:41:09,937 [pool-37-thread-1] INFO  server.RaftServerConfigKeys (ConfUtils.java:logGet(43)) - raft.server.rpcslowness.timeout = 120s (custom)
2019-09-25 05:41:09,937 [pool-37-thread-1] INFO  server.RaftServerConfigKeys (ConfUtils.java:logGet(43)) - raft.server.sleep.deviation.threshold = 300 (default)
2019-09-25 05:41:09,937 [pool-37-thread-1] INFO  server.RaftServerConfigKeys (ConfUtils.java:logGet(43)) - raft.server.log.appender.install.snapshot.enabled = false (custom)
2019-09-25 05:41:09,938 [pool-37-thread-1] INFO  impl.RaftServerImpl (ServerState.java:<init>(103)) - ba526371-bbb0-45ae-a73e-928578471dee@group-13C9A2536662: ConfigurationManager, init=-1: [ba526371-bbb0-45ae-a73e-928578471dee:192.168.30.10:42293], old=null, confs=<EMPTY_MAP>
2019-09-25 05:41:09,938 [pool-37-thread-1] INFO  server.RaftServerConfigKeys (ConfUtils.java:logGet(43)) - raft.server.storage.dir = [/workdir/hadoop-ozone/integration-test/target/test-dir/MiniOzoneClusterImpl-5f167f52-bad4-483d-8ef4-c1e76e705afb/datanode-1/data/ratis] (custom)
2019-09-25 05:41:09,938 [pool-37-thread-1] INFO  storage.RaftStorageDirectory (RaftStorageDirectory.java:analyzeStorage(246)) - The storage directory /workdir/hadoop-ozone/integration-test/target/test-dir/MiniOzoneClusterImpl-5f167f52-bad4-483d-8ef4-c1e76e705afb/datanode-1/data/ratis/c441def9-10a9-4888-a1aa-13c9a2536662 does not exist. Creating ...
2019-09-25 05:41:09,951 [pool-37-thread-1] INFO  storage.RaftStorageDirectory (RaftStorageDirectory.java:tryLock(328)) - Lock on /workdir/hadoop-ozone/integration-test/target/test-dir/MiniOzoneClusterImpl-5f167f52-bad4-483d-8ef4-c1e76e705afb/datanode-1/data/ratis/c441def9-10a9-4888-a1aa-13c9a2536662/in_use.lock acquired by nodename 13539@pr-hdds-1569-s62bp-3040748787
2019-09-25 05:41:09,963 [pool-37-thread-1] INFO  storage.RaftStorage (RaftStorage.java:format(72)) - Storage directory /workdir/hadoop-ozone/integration-test/target/test-dir/MiniOzoneClusterImpl-5f167f52-bad4-483d-8ef4-c1e76e705afb/datanode-1/data/ratis/c441def9-10a9-4888-a1aa-13c9a2536662 has been successfully formatted.
2019-09-25 05:41:09,963 [pool-37-thread-1] INFO  ratis.ContainerStateMachine (ContainerStateMachine.java:loadSnapshot(230)) - group-13C9A2536662: The snapshot info is null. Setting the last applied indexto:(t:0, i:~)
2019-09-25 05:41:09,964 [pool-37-thread-1] INFO  server.RaftServerConfigKeys (ConfUtils.java:logGet(43)) - raft.server.notification.no-leader.timeout = 120s (custom)
2019-09-25 05:41:09,964 [pool-37-thread-1] INFO  server.RaftServerConfigKeys (ConfUtils.java:logGet(43)) - raft.server.log.use.memory = false (default)
2019-09-25 05:41:09,964 [pool-37-thread-1] INFO  server.RaftServerConfigKeys (ConfUtils.java:logGet(43)) - raft.server.log.purge.gap = 1000000 (custom)
2019-09-25 05:41:09,964 [pool-37-thread-1] INFO  server.RaftServerConfigKeys (ConfUtils.java:logGet(43)) - raft.server.log.appender.buffer.byte-limit = 33554432 (custom)
2019-09-25 05:41:09,964 [pool-37-thread-1] INFO  server.RaftServerConfigKeys (ConfUtils.java:logGet(43)) - raft.server.log.segment.size.max = 1048576 (custom)
2019-09-25 05:41:09,964 [pool-37-thread-1] INFO  server.RaftServerConfigKeys (ConfUtils.java:logGet(43)) - raft.server.log.segment.cache.num.max = 2 (custom)
2019-09-25 05:41:09,964 [pool-37-thread-1] INFO  segmented.SegmentedRaftLogWorker (SegmentedRaftLogWorker.java:<init>(172)) - new ba526371-bbb0-45ae-a73e-928578471dee@group-13C9A2536662-SegmentedRaftLogWorker for RaftStorage:Storage Directory /workdir/hadoop-ozone/integration-test/target/test-dir/MiniOzoneClusterImpl-5f167f52-bad4-483d-8ef4-c1e76e705afb/datanode-1/data/ratis/c441def9-10a9-4888-a1aa-13c9a2536662
2019-09-25 05:41:09,964 [pool-37-thread-1] INFO  server.RaftServerConfigKeys (ConfUtils.java:logGet(43)) - raft.server.log.queue.byte-limit = 2147483647 (custom)
2019-09-25 05:41:09,964 [pool-37-thread-1] INFO  server.RaftServerConfigKeys (ConfUtils.java:logGet(43)) - raft.server.log.queue.element-limit = 1024 (custom)
2019-09-25 05:41:09,965 [pool-37-thread-1] INFO  server.RaftServerConfigKeys (ConfUtils.java:logGet(43)) - raft.server.log.segment.size.max = 1048576 (custom)
2019-09-25 05:41:09,965 [pool-37-thread-1] INFO  server.RaftServerConfigKeys (ConfUtils.java:logGet(43)) - raft.server.log.preallocated.size = 16384 (custom)
2019-09-25 05:41:09,965 [pool-37-thread-1] INFO  server.RaftServerConfigKeys (ConfUtils.java:logGet(43)) - raft.server.log.write.buffer.size = 33554432 (custom)
2019-09-25 05:41:09,965 [pool-37-thread-1] INFO  server.RaftServerConfigKeys (ConfUtils.java:logGet(43)) - raft.server.log.force.sync.num = 128 (default)
2019-09-25 05:41:09,965 [pool-37-thread-1] INFO  server.RaftServerConfigKeys (ConfUtils.java:logGet(43)) - raft.server.log.statemachine.data.sync = true (default)
2019-09-25 05:41:09,965 [pool-37-thread-1] INFO  server.RaftServerConfigKeys (ConfUtils.java:logGet(43)) - raft.server.log.statemachine.data.sync.timeout = 10s (default)
2019-09-25 05:41:09,965 [pool-37-thread-1] INFO  server.RaftServerConfigKeys (ConfUtils.java:logGet(43)) - raft.server.log.statemachine.data.sync.timeout.retry = -1 (default)
2019-09-25 05:41:09,965 [pool-37-thread-1] INFO  server.RaftServerConfigKeys (ConfUtils.java:logGet(43)) - raft.server.log.statemachine.data.caching.enabled = true (custom)
2019-09-25 05:41:09,965 [pool-37-thread-1] INFO  segmented.SegmentedRaftLogWorker (SegmentedRaftLogWorker.java:lambda$new$0(132)) - ba526371-bbb0-45ae-a73e-928578471dee@group-13C9A2536662-SegmentedRaftLogWorker: flushIndex: setUnconditionally 0 -> -1
2019-09-25 05:41:09,966 [pool-37-thread-1] INFO  server.RaftServerConfigKeys (ConfUtils.java:logGet(43)) - raft.server.snapshot.auto.trigger.enabled = true (custom)
2019-09-25 05:41:09,966 [pool-37-thread-1] INFO  server.RaftServerConfigKeys (ConfUtils.java:logGet(43)) - raft.server.snapshot.auto.trigger.threshold = 10000 (custom)
2019-09-25 05:41:09,966 [pool-37-thread-1] INFO  server.RaftServerConfigKeys (ConfUtils.java:logGet(43)) - raft.server.snapshot.retention.num.files = 5 (custom)
2019-09-25 05:41:09,966 [pool-37-thread-1] INFO  server.RaftServerConfigKeys (ConfUtils.java:logGet(43)) - raft.server.retrycache.expirytime = 600000ms (custom)
2019-09-25 05:41:09,968 [pool-37-thread-1] INFO  impl.RaftServerImpl (RaftServerImpl.java:start(185)) - ba526371-bbb0-45ae-a73e-928578471dee@group-13C9A2536662: start as a follower, conf=-1: [ba526371-bbb0-45ae-a73e-928578471dee:192.168.30.10:42293], old=null
2019-09-25 05:41:09,968 [pool-37-thread-1] INFO  impl.RaftServerImpl (RaftServerImpl.java:setRole(174)) - ba526371-bbb0-45ae-a73e-928578471dee@group-13C9A2536662: changes role from      null to FOLLOWER at term 0 for startAsFollower
2019-09-25 05:41:09,968 [pool-37-thread-1] INFO  impl.RoleInfo (RoleInfo.java:updateAndGet(143)) - ba526371-bbb0-45ae-a73e-928578471dee: start FollowerState
2019-09-25 05:41:09,968 [pool-37-thread-1] INFO  util.JmxRegister (JmxRegister.java:tryRegister(44)) - Successfully registered JMX Bean with object name Ratis:service=RaftServer,group=group-13C9A2536662,id=ba526371-bbb0-45ae-a73e-928578471dee
2019-09-25 05:41:09,972 [RatisPipelineUtilsThread] INFO  pipeline.PipelineStateManager (PipelineStateManager.java:addPipeline(56)) - Created pipeline Pipeline[ Id: c441def9-10a9-4888-a1aa-13c9a2536662, Nodes: ba526371-bbb0-45ae-a73e-928578471dee{ip: 192.168.30.10, host: pr-hdds-1569-s62bp-3040748787, networkLocation: /default-rack, certSerialId: null}, Type:RATIS, Factor:ONE, State:OPEN]
2019-09-25 05:41:09,973 [RatisPipelineUtilsThread] INFO  pipeline.PipelinePlacementPolicy (PipelinePlacementPolicy.java:meetCriteria(91)) - Pipeline Placement: Doesn't meet the criteria to be viable node： ddbbae55-12b9-461a-b1dd-678d37e66059 Heaviness: 6 limit: 5
2019-09-25 05:41:09,973 [RatisPipelineUtilsThread] INFO  pipeline.PipelinePlacementPolicy (PipelinePlacementPolicy.java:meetCriteria(91)) - Pipeline Placement: Doesn't meet the criteria to be viable node： a0f9784c-b240-4740-a75c-f623c7ee251f Heaviness: 6 limit: 5
2019-09-25 05:41:09,973 [RatisPipelineUtilsThread] INFO  pipeline.PipelinePlacementPolicy (PipelinePlacementPolicy.java:meetCriteria(91)) - Pipeline Placement: Doesn't meet the criteria to be viable node： 9c5364a7-ba03-46bb-ba71-b490d4b445f4 Heaviness: 6 limit: 5
2019-09-25 05:41:09,980 [grpc-default-executor-1] INFO  impl.RaftServerProxy (RaftServerProxy.java:addNew(89)) - ba526371-bbb0-45ae-a73e-928578471dee: addNew group-E40C29B0A0EF:[ba526371-bbb0-45ae-a73e-928578471dee:192.168.30.10:42293] returns group-E40C29B0A0EF:java.util.concurrent.CompletableFuture@54ad9ffb[Not completed]
2019-09-25 05:41:09,981 [pool-37-thread-1] INFO  impl.RaftServerImpl (RaftServerImpl.java:<init>(95)) - ba526371-bbb0-45ae-a73e-928578471dee: new RaftServerImpl for group-E40C29B0A0EF:[ba526371-bbb0-45ae-a73e-928578471dee:192.168.30.10:42293] with ContainerStateMachine:uninitialized
2019-09-25 05:41:09,981 [pool-37-thread-1] INFO  server.RaftServerConfigKeys (ConfUtils.java:logGet(43)) - raft.server.rpc.timeout.min = 5s (custom)
2019-09-25 05:41:09,982 [pool-37-thread-1] INFO  server.RaftServerConfigKeys (ConfUtils.java:logGet(43)) - raft.server.rpc.timeout.max = 5200ms (custom)
2019-09-25 05:41:09,982 [pool-37-thread-1] INFO  server.RaftServerConfigKeys (ConfUtils.java:logGet(43)) - raft.server.rpcslowness.timeout = 120s (custom)
2019-09-25 05:41:09,982 [pool-37-thread-1] INFO  server.RaftServerConfigKeys (ConfUtils.java:logGet(43)) - raft.server.sleep.deviation.threshold = 300 (default)
2019-09-25 05:41:09,982 [pool-37-thread-1] INFO  server.RaftServerConfigKeys (ConfUtils.java:logGet(43)) - raft.server.log.appender.install.snapshot.enabled = false (custom)
2019-09-25 05:41:09,982 [pool-37-thread-1] INFO  impl.RaftServerImpl (ServerState.java:<init>(103)) - ba526371-bbb0-45ae-a73e-928578471dee@group-E40C29B0A0EF: ConfigurationManager, init=-1: [ba526371-bbb0-45ae-a73e-928578471dee:192.168.30.10:42293], old=null, confs=<EMPTY_MAP>
2019-09-25 05:41:09,982 [pool-37-thread-1] INFO  server.RaftServerConfigKeys (ConfUtils.java:logGet(43)) - raft.server.storage.dir = [/workdir/hadoop-ozone/integration-test/target/test-dir/MiniOzoneClusterImpl-5f167f52-bad4-483d-8ef4-c1e76e705afb/datanode-1/data/ratis] (custom)
2019-09-25 05:41:09,982 [pool-37-thread-1] INFO  storage.RaftStorageDirectory (RaftStorageDirectory.java:analyzeStorage(246)) - The storage directory /workdir/hadoop-ozone/integration-test/target/test-dir/MiniOzoneClusterImpl-5f167f52-bad4-483d-8ef4-c1e76e705afb/datanode-1/data/ratis/286b41d0-209d-458b-a162-e40c29b0a0ef does not exist. Creating ...
2019-09-25 05:41:09,996 [pool-37-thread-1] INFO  storage.RaftStorageDirectory (RaftStorageDirectory.java:tryLock(328)) - Lock on /workdir/hadoop-ozone/integration-test/target/test-dir/MiniOzoneClusterImpl-5f167f52-bad4-483d-8ef4-c1e76e705afb/datanode-1/data/ratis/286b41d0-209d-458b-a162-e40c29b0a0ef/in_use.lock acquired by nodename 13539@pr-hdds-1569-s62bp-3040748787
2019-09-25 05:41:10,009 [pool-37-thread-1] INFO  storage.RaftStorage (RaftStorage.java:format(72)) - Storage directory /workdir/hadoop-ozone/integration-test/target/test-dir/MiniOzoneClusterImpl-5f167f52-bad4-483d-8ef4-c1e76e705afb/datanode-1/data/ratis/286b41d0-209d-458b-a162-e40c29b0a0ef has been successfully formatted.
2019-09-25 05:41:10,009 [pool-37-thread-1] INFO  ratis.ContainerStateMachine (ContainerStateMachine.java:loadSnapshot(230)) - group-E40C29B0A0EF: The snapshot info is null. Setting the last applied indexto:(t:0, i:~)
2019-09-25 05:41:10,009 [pool-37-thread-1] INFO  server.RaftServerConfigKeys (ConfUtils.java:logGet(43)) - raft.server.notification.no-leader.timeout = 120s (custom)
2019-09-25 05:41:10,010 [pool-37-thread-1] INFO  server.RaftServerConfigKeys (ConfUtils.java:logGet(43)) - raft.server.log.use.memory = false (default)
2019-09-25 05:41:10,010 [pool-37-thread-1] INFO  server.RaftServerConfigKeys (ConfUtils.java:logGet(43)) - raft.server.log.purge.gap = 1000000 (custom)
2019-09-25 05:41:10,010 [pool-37-thread-1] INFO  server.RaftServerConfigKeys (ConfUtils.java:logGet(43)) - raft.server.log.appender.buffer.byte-limit = 33554432 (custom)
2019-09-25 05:41:10,010 [pool-37-thread-1] INFO  server.RaftServerConfigKeys (ConfUtils.java:logGet(43)) - raft.server.log.segment.size.max = 1048576 (custom)
2019-09-25 05:41:10,010 [pool-37-thread-1] INFO  server.RaftServerConfigKeys (ConfUtils.java:logGet(43)) - raft.server.log.segment.cache.num.max = 2 (custom)
2019-09-25 05:41:10,010 [pool-37-thread-1] INFO  segmented.SegmentedRaftLogWorker (SegmentedRaftLogWorker.java:<init>(172)) - new ba526371-bbb0-45ae-a73e-928578471dee@group-E40C29B0A0EF-SegmentedRaftLogWorker for RaftStorage:Storage Directory /workdir/hadoop-ozone/integration-test/target/test-dir/MiniOzoneClusterImpl-5f167f52-bad4-483d-8ef4-c1e76e705afb/datanode-1/data/ratis/286b41d0-209d-458b-a162-e40c29b0a0ef
2019-09-25 05:41:10,010 [pool-37-thread-1] INFO  server.RaftServerConfigKeys (ConfUtils.java:logGet(43)) - raft.server.log.queue.byte-limit = 2147483647 (custom)
2019-09-25 05:41:10,010 [pool-37-thread-1] INFO  server.RaftServerConfigKeys (ConfUtils.java:logGet(43)) - raft.server.log.queue.element-limit = 1024 (custom)
2019-09-25 05:41:10,011 [pool-37-thread-1] INFO  server.RaftServerConfigKeys (ConfUtils.java:logGet(43)) - raft.server.log.segment.size.max = 1048576 (custom)
2019-09-25 05:41:10,011 [pool-37-thread-1] INFO  server.RaftServerConfigKeys (ConfUtils.java:logGet(43)) - raft.server.log.preallocated.size = 16384 (custom)
2019-09-25 05:41:10,011 [pool-37-thread-1] INFO  server.RaftServerConfigKeys (ConfUtils.java:logGet(43)) - raft.server.log.write.buffer.size = 33554432 (custom)
2019-09-25 05:41:10,011 [pool-37-thread-1] INFO  server.RaftServerConfigKeys (ConfUtils.java:logGet(43)) - raft.server.log.force.sync.num = 128 (default)
2019-09-25 05:41:10,011 [pool-37-thread-1] INFO  server.RaftServerConfigKeys (ConfUtils.java:logGet(43)) - raft.server.log.statemachine.data.sync = true (default)
2019-09-25 05:41:10,011 [pool-37-thread-1] INFO  server.RaftServerConfigKeys (ConfUtils.java:logGet(43)) - raft.server.log.statemachine.data.sync.timeout = 10s (default)
2019-09-25 05:41:10,011 [pool-37-thread-1] INFO  server.RaftServerConfigKeys (ConfUtils.java:logGet(43)) - raft.server.log.statemachine.data.sync.timeout.retry = -1 (default)
2019-09-25 05:41:10,011 [pool-37-thread-1] INFO  server.RaftServerConfigKeys (ConfUtils.java:logGet(43)) - raft.server.log.statemachine.data.caching.enabled = true (custom)
2019-09-25 05:41:10,012 [pool-37-thread-1] INFO  segmented.SegmentedRaftLogWorker (SegmentedRaftLogWorker.java:lambda$new$0(132)) - ba526371-bbb0-45ae-a73e-928578471dee@group-E40C29B0A0EF-SegmentedRaftLogWorker: flushIndex: setUnconditionally 0 -> -1
2019-09-25 05:41:10,012 [pool-37-thread-1] INFO  server.RaftServerConfigKeys (ConfUtils.java:logGet(43)) - raft.server.snapshot.auto.trigger.enabled = true (custom)
2019-09-25 05:41:10,012 [pool-37-thread-1] INFO  server.RaftServerConfigKeys (ConfUtils.java:logGet(43)) - raft.server.snapshot.auto.trigger.threshold = 10000 (custom)
2019-09-25 05:41:10,012 [pool-37-thread-1] INFO  server.RaftServerConfigKeys (ConfUtils.java:logGet(43)) - raft.server.snapshot.retention.num.files = 5 (custom)
2019-09-25 05:41:10,012 [pool-37-thread-1] INFO  server.RaftServerConfigKeys (ConfUtils.java:logGet(43)) - raft.server.retrycache.expirytime = 600000ms (custom)
2019-09-25 05:41:10,015 [pool-37-thread-1] INFO  impl.RaftServerImpl (RaftServerImpl.java:start(185)) - ba526371-bbb0-45ae-a73e-928578471dee@group-E40C29B0A0EF: start as a follower, conf=-1: [ba526371-bbb0-45ae-a73e-928578471dee:192.168.30.10:42293], old=null
2019-09-25 05:41:10,015 [pool-37-thread-1] INFO  impl.RaftServerImpl (RaftServerImpl.java:setRole(174)) - ba526371-bbb0-45ae-a73e-928578471dee@group-E40C29B0A0EF: changes role from      null to FOLLOWER at term 0 for startAsFollower
2019-09-25 05:41:10,015 [pool-37-thread-1] INFO  impl.RoleInfo (RoleInfo.java:updateAndGet(143)) - ba526371-bbb0-45ae-a73e-928578471dee: start FollowerState
2019-09-25 05:41:10,015 [pool-37-thread-1] INFO  util.JmxRegister (JmxRegister.java:tryRegister(44)) - Successfully registered JMX Bean with object name Ratis:service=RaftServer,group=group-E40C29B0A0EF,id=ba526371-bbb0-45ae-a73e-928578471dee
2019-09-25 05:41:10,019 [RatisPipelineUtilsThread] INFO  pipeline.PipelineStateManager (PipelineStateManager.java:addPipeline(56)) - Created pipeline Pipeline[ Id: 286b41d0-209d-458b-a162-e40c29b0a0ef, Nodes: ba526371-bbb0-45ae-a73e-928578471dee{ip: 192.168.30.10, host: pr-hdds-1569-s62bp-3040748787, networkLocation: /default-rack, certSerialId: null}, Type:RATIS, Factor:ONE, State:OPEN]
2019-09-25 05:41:10,020 [RatisPipelineUtilsThread] INFO  pipeline.PipelinePlacementPolicy (PipelinePlacementPolicy.java:meetCriteria(91)) - Pipeline Placement: Doesn't meet the criteria to be viable node： ddbbae55-12b9-461a-b1dd-678d37e66059 Heaviness: 6 limit: 5
2019-09-25 05:41:10,020 [RatisPipelineUtilsThread] INFO  pipeline.PipelinePlacementPolicy (PipelinePlacementPolicy.java:meetCriteria(91)) - Pipeline Placement: Doesn't meet the criteria to be viable node： a0f9784c-b240-4740-a75c-f623c7ee251f Heaviness: 6 limit: 5
2019-09-25 05:41:10,020 [RatisPipelineUtilsThread] INFO  pipeline.PipelinePlacementPolicy (PipelinePlacementPolicy.java:meetCriteria(91)) - Pipeline Placement: Doesn't meet the criteria to be viable node： 9c5364a7-ba03-46bb-ba71-b490d4b445f4 Heaviness: 6 limit: 5
2019-09-25 05:41:10,020 [RatisPipelineUtilsThread] INFO  pipeline.PipelinePlacementPolicy (PipelinePlacementPolicy.java:meetCriteria(91)) - Pipeline Placement: Doesn't meet the criteria to be viable node： ba526371-bbb0-45ae-a73e-928578471dee Heaviness: 6 limit: 5
2019-09-25 05:41:10,028 [grpc-default-executor-1] INFO  impl.RaftServerProxy (RaftServerProxy.java:addNew(89)) - c1b8ccaf-89e0-45fc-9fa3-d1b440a7dff4: addNew group-554534AA209E:[c1b8ccaf-89e0-45fc-9fa3-d1b440a7dff4:192.168.30.10:35376] returns group-554534AA209E:java.util.concurrent.CompletableFuture@3f81637d[Not completed]
2019-09-25 05:41:10,029 [pool-77-thread-1] INFO  impl.RaftServerImpl (RaftServerImpl.java:<init>(95)) - c1b8ccaf-89e0-45fc-9fa3-d1b440a7dff4: new RaftServerImpl for group-554534AA209E:[c1b8ccaf-89e0-45fc-9fa3-d1b440a7dff4:192.168.30.10:35376] with ContainerStateMachine:uninitialized
2019-09-25 05:41:10,029 [pool-77-thread-1] INFO  server.RaftServerConfigKeys (ConfUtils.java:logGet(43)) - raft.server.rpc.timeout.min = 5s (custom)
2019-09-25 05:41:10,029 [pool-77-thread-1] INFO  server.RaftServerConfigKeys (ConfUtils.java:logGet(43)) - raft.server.rpc.timeout.max = 5200ms (custom)
2019-09-25 05:41:10,029 [pool-77-thread-1] INFO  server.RaftServerConfigKeys (ConfUtils.java:logGet(43)) - raft.server.rpcslowness.timeout = 120s (custom)
2019-09-25 05:41:10,029 [pool-77-thread-1] INFO  server.RaftServerConfigKeys (ConfUtils.java:logGet(43)) - raft.server.sleep.deviation.threshold = 300 (default)
2019-09-25 05:41:10,029 [pool-77-thread-1] INFO  server.RaftServerConfigKeys (ConfUtils.java:logGet(43)) - raft.server.log.appender.install.snapshot.enabled = false (custom)
2019-09-25 05:41:10,029 [pool-77-thread-1] INFO  impl.RaftServerImpl (ServerState.java:<init>(103)) - c1b8ccaf-89e0-45fc-9fa3-d1b440a7dff4@group-554534AA209E: ConfigurationManager, init=-1: [c1b8ccaf-89e0-45fc-9fa3-d1b440a7dff4:192.168.30.10:35376], old=null, confs=<EMPTY_MAP>
2019-09-25 05:41:10,030 [pool-77-thread-1] INFO  server.RaftServerConfigKeys (ConfUtils.java:logGet(43)) - raft.server.storage.dir = [/workdir/hadoop-ozone/integration-test/target/test-dir/MiniOzoneClusterImpl-5f167f52-bad4-483d-8ef4-c1e76e705afb/datanode-5/data/ratis] (custom)
2019-09-25 05:41:10,030 [pool-77-thread-1] INFO  storage.RaftStorageDirectory (RaftStorageDirectory.java:analyzeStorage(246)) - The storage directory /workdir/hadoop-ozone/integration-test/target/test-dir/MiniOzoneClusterImpl-5f167f52-bad4-483d-8ef4-c1e76e705afb/datanode-5/data/ratis/a32c26ad-aebe-41df-80c3-554534aa209e does not exist. Creating ...
2019-09-25 05:41:10,044 [pool-77-thread-1] INFO  storage.RaftStorageDirectory (RaftStorageDirectory.java:tryLock(328)) - Lock on /workdir/hadoop-ozone/integration-test/target/test-dir/MiniOzoneClusterImpl-5f167f52-bad4-483d-8ef4-c1e76e705afb/datanode-5/data/ratis/a32c26ad-aebe-41df-80c3-554534aa209e/in_use.lock acquired by nodename 13539@pr-hdds-1569-s62bp-3040748787
2019-09-25 05:41:10,059 [pool-77-thread-1] INFO  storage.RaftStorage (RaftStorage.java:format(72)) - Storage directory /workdir/hadoop-ozone/integration-test/target/test-dir/MiniOzoneClusterImpl-5f167f52-bad4-483d-8ef4-c1e76e705afb/datanode-5/data/ratis/a32c26ad-aebe-41df-80c3-554534aa209e has been successfully formatted.
2019-09-25 05:41:10,059 [pool-77-thread-1] INFO  ratis.ContainerStateMachine (ContainerStateMachine.java:loadSnapshot(230)) - group-554534AA209E: The snapshot info is null. Setting the last applied indexto:(t:0, i:~)
2019-09-25 05:41:10,059 [pool-77-thread-1] INFO  server.RaftServerConfigKeys (ConfUtils.java:logGet(43)) - raft.server.notification.no-leader.timeout = 120s (custom)
2019-09-25 05:41:10,059 [pool-77-thread-1] INFO  server.RaftServerConfigKeys (ConfUtils.java:logGet(43)) - raft.server.log.use.memory = false (default)
2019-09-25 05:41:10,059 [pool-77-thread-1] INFO  server.RaftServerConfigKeys (ConfUtils.java:logGet(43)) - raft.server.log.purge.gap = 1000000 (custom)
2019-09-25 05:41:10,059 [pool-77-thread-1] INFO  server.RaftServerConfigKeys (ConfUtils.java:logGet(43)) - raft.server.log.appender.buffer.byte-limit = 33554432 (custom)
2019-09-25 05:41:10,060 [pool-77-thread-1] INFO  server.RaftServerConfigKeys (ConfUtils.java:logGet(43)) - raft.server.log.segment.size.max = 1048576 (custom)
2019-09-25 05:41:10,060 [pool-77-thread-1] INFO  server.RaftServerConfigKeys (ConfUtils.java:logGet(43)) - raft.server.log.segment.cache.num.max = 2 (custom)
2019-09-25 05:41:10,060 [pool-77-thread-1] INFO  segmented.SegmentedRaftLogWorker (SegmentedRaftLogWorker.java:<init>(172)) - new c1b8ccaf-89e0-45fc-9fa3-d1b440a7dff4@group-554534AA209E-SegmentedRaftLogWorker for RaftStorage:Storage Directory /workdir/hadoop-ozone/integration-test/target/test-dir/MiniOzoneClusterImpl-5f167f52-bad4-483d-8ef4-c1e76e705afb/datanode-5/data/ratis/a32c26ad-aebe-41df-80c3-554534aa209e
2019-09-25 05:41:10,060 [pool-77-thread-1] INFO  server.RaftServerConfigKeys (ConfUtils.java:logGet(43)) - raft.server.log.queue.byte-limit = 2147483647 (custom)
2019-09-25 05:41:10,060 [pool-77-thread-1] INFO  server.RaftServerConfigKeys (ConfUtils.java:logGet(43)) - raft.server.log.queue.element-limit = 1024 (custom)
2019-09-25 05:41:10,060 [pool-77-thread-1] INFO  server.RaftServerConfigKeys (ConfUtils.java:logGet(43)) - raft.server.log.segment.size.max = 1048576 (custom)
2019-09-25 05:41:10,060 [pool-77-thread-1] INFO  server.RaftServerConfigKeys (ConfUtils.java:logGet(43)) - raft.server.log.preallocated.size = 16384 (custom)
2019-09-25 05:41:10,060 [pool-77-thread-1] INFO  server.RaftServerConfigKeys (ConfUtils.java:logGet(43)) - raft.server.log.write.buffer.size = 33554432 (custom)
2019-09-25 05:41:10,060 [pool-77-thread-1] INFO  server.RaftServerConfigKeys (ConfUtils.java:logGet(43)) - raft.server.log.force.sync.num = 128 (default)
2019-09-25 05:41:10,060 [pool-77-thread-1] INFO  server.RaftServerConfigKeys (ConfUtils.java:logGet(43)) - raft.server.log.statemachine.data.sync = true (default)
2019-09-25 05:41:10,060 [pool-77-thread-1] INFO  server.RaftServerConfigKeys (ConfUtils.java:logGet(43)) - raft.server.log.statemachine.data.sync.timeout = 10s (default)
2019-09-25 05:41:10,060 [pool-77-thread-1] INFO  server.RaftServerConfigKeys (ConfUtils.java:logGet(43)) - raft.server.log.statemachine.data.sync.timeout.retry = -1 (default)
2019-09-25 05:41:10,061 [pool-77-thread-1] INFO  server.RaftServerConfigKeys (ConfUtils.java:logGet(43)) - raft.server.log.statemachine.data.caching.enabled = true (custom)
2019-09-25 05:41:10,061 [pool-77-thread-1] INFO  segmented.SegmentedRaftLogWorker (SegmentedRaftLogWorker.java:lambda$new$0(132)) - c1b8ccaf-89e0-45fc-9fa3-d1b440a7dff4@group-554534AA209E-SegmentedRaftLogWorker: flushIndex: setUnconditionally 0 -> -1
2019-09-25 05:41:10,061 [pool-77-thread-1] INFO  server.RaftServerConfigKeys (ConfUtils.java:logGet(43)) - raft.server.snapshot.auto.trigger.enabled = true (custom)
2019-09-25 05:41:10,061 [pool-77-thread-1] INFO  server.RaftServerConfigKeys (ConfUtils.java:logGet(43)) - raft.server.snapshot.auto.trigger.threshold = 10000 (custom)
2019-09-25 05:41:10,061 [pool-77-thread-1] INFO  server.RaftServerConfigKeys (ConfUtils.java:logGet(43)) - raft.server.snapshot.retention.num.files = 5 (custom)
2019-09-25 05:41:10,061 [pool-77-thread-1] INFO  server.RaftServerConfigKeys (ConfUtils.java:logGet(43)) - raft.server.retrycache.expirytime = 600000ms (custom)
2019-09-25 05:41:10,063 [pool-77-thread-1] INFO  impl.RaftServerImpl (RaftServerImpl.java:start(185)) - c1b8ccaf-89e0-45fc-9fa3-d1b440a7dff4@group-554534AA209E: start as a follower, conf=-1: [c1b8ccaf-89e0-45fc-9fa3-d1b440a7dff4:192.168.30.10:35376], old=null
2019-09-25 05:41:10,063 [pool-77-thread-1] INFO  impl.RaftServerImpl (RaftServerImpl.java:setRole(174)) - c1b8ccaf-89e0-45fc-9fa3-d1b440a7dff4@group-554534AA209E: changes role from      null to FOLLOWER at term 0 for startAsFollower
2019-09-25 05:41:10,063 [pool-77-thread-1] INFO  impl.RoleInfo (RoleInfo.java:updateAndGet(143)) - c1b8ccaf-89e0-45fc-9fa3-d1b440a7dff4: start FollowerState
2019-09-25 05:41:10,064 [pool-77-thread-1] INFO  util.JmxRegister (JmxRegister.java:tryRegister(44)) - Successfully registered JMX Bean with object name Ratis:service=RaftServer,group=group-554534AA209E,id=c1b8ccaf-89e0-45fc-9fa3-d1b440a7dff4
2019-09-25 05:41:10,068 [RatisPipelineUtilsThread] INFO  pipeline.PipelineStateManager (PipelineStateManager.java:addPipeline(56)) - Created pipeline Pipeline[ Id: a32c26ad-aebe-41df-80c3-554534aa209e, Nodes: c1b8ccaf-89e0-45fc-9fa3-d1b440a7dff4{ip: 192.168.30.10, host: pr-hdds-1569-s62bp-3040748787, networkLocation: /default-rack, certSerialId: null}, Type:RATIS, Factor:ONE, State:OPEN]
2019-09-25 05:41:10,069 [RatisPipelineUtilsThread] INFO  pipeline.PipelinePlacementPolicy (PipelinePlacementPolicy.java:meetCriteria(91)) - Pipeline Placement: Doesn't meet the criteria to be viable node： ddbbae55-12b9-461a-b1dd-678d37e66059 Heaviness: 6 limit: 5
2019-09-25 05:41:10,069 [RatisPipelineUtilsThread] INFO  pipeline.PipelinePlacementPolicy (PipelinePlacementPolicy.java:meetCriteria(91)) - Pipeline Placement: Doesn't meet the criteria to be viable node： a0f9784c-b240-4740-a75c-f623c7ee251f Heaviness: 6 limit: 5
2019-09-25 05:41:10,069 [RatisPipelineUtilsThread] INFO  pipeline.PipelinePlacementPolicy (PipelinePlacementPolicy.java:meetCriteria(91)) - Pipeline Placement: Doesn't meet the criteria to be viable node： 9c5364a7-ba03-46bb-ba71-b490d4b445f4 Heaviness: 6 limit: 5
2019-09-25 05:41:10,069 [RatisPipelineUtilsThread] INFO  pipeline.PipelinePlacementPolicy (PipelinePlacementPolicy.java:meetCriteria(91)) - Pipeline Placement: Doesn't meet the criteria to be viable node： ba526371-bbb0-45ae-a73e-928578471dee Heaviness: 6 limit: 5
2019-09-25 05:41:10,076 [grpc-default-executor-1] INFO  impl.RaftServerProxy (RaftServerProxy.java:addNew(89)) - fe7430cd-f76a-4ec3-9a68-9236192633d5: addNew group-AC862C6DA28A:[fe7430cd-f76a-4ec3-9a68-9236192633d5:192.168.30.10:33443] returns group-AC862C6DA28A:java.util.concurrent.CompletableFuture@42d68605[Not completed]
2019-09-25 05:41:10,078 [pool-27-thread-1] INFO  impl.RaftServerImpl (RaftServerImpl.java:<init>(95)) - fe7430cd-f76a-4ec3-9a68-9236192633d5: new RaftServerImpl for group-AC862C6DA28A:[fe7430cd-f76a-4ec3-9a68-9236192633d5:192.168.30.10:33443] with ContainerStateMachine:uninitialized
2019-09-25 05:41:10,078 [pool-27-thread-1] INFO  server.RaftServerConfigKeys (ConfUtils.java:logGet(43)) - raft.server.rpc.timeout.min = 5s (custom)
2019-09-25 05:41:10,078 [pool-27-thread-1] INFO  server.RaftServerConfigKeys (ConfUtils.java:logGet(43)) - raft.server.rpc.timeout.max = 5200ms (custom)
2019-09-25 05:41:10,078 [pool-27-thread-1] INFO  server.RaftServerConfigKeys (ConfUtils.java:logGet(43)) - raft.server.rpcslowness.timeout = 120s (custom)
2019-09-25 05:41:10,078 [pool-27-thread-1] INFO  server.RaftServerConfigKeys (ConfUtils.java:logGet(43)) - raft.server.sleep.deviation.threshold = 300 (default)
2019-09-25 05:41:10,078 [pool-27-thread-1] INFO  server.RaftServerConfigKeys (ConfUtils.java:logGet(43)) - raft.server.log.appender.install.snapshot.enabled = false (custom)
2019-09-25 05:41:10,079 [pool-27-thread-1] INFO  impl.RaftServerImpl (ServerState.java:<init>(103)) - fe7430cd-f76a-4ec3-9a68-9236192633d5@group-AC862C6DA28A: ConfigurationManager, init=-1: [fe7430cd-f76a-4ec3-9a68-9236192633d5:192.168.30.10:33443], old=null, confs=<EMPTY_MAP>
2019-09-25 05:41:10,079 [pool-27-thread-1] INFO  server.RaftServerConfigKeys (ConfUtils.java:logGet(43)) - raft.server.storage.dir = [/workdir/hadoop-ozone/integration-test/target/test-dir/MiniOzoneClusterImpl-5f167f52-bad4-483d-8ef4-c1e76e705afb/datanode-0/data/ratis] (custom)
2019-09-25 05:41:10,079 [pool-27-thread-1] INFO  storage.RaftStorageDirectory (RaftStorageDirectory.java:analyzeStorage(246)) - The storage directory /workdir/hadoop-ozone/integration-test/target/test-dir/MiniOzoneClusterImpl-5f167f52-bad4-483d-8ef4-c1e76e705afb/datanode-0/data/ratis/37083da9-a33d-446c-bbe8-ac862c6da28a does not exist. Creating ...
2019-09-25 05:41:10,093 [pool-27-thread-1] INFO  storage.RaftStorageDirectory (RaftStorageDirectory.java:tryLock(328)) - Lock on /workdir/hadoop-ozone/integration-test/target/test-dir/MiniOzoneClusterImpl-5f167f52-bad4-483d-8ef4-c1e76e705afb/datanode-0/data/ratis/37083da9-a33d-446c-bbe8-ac862c6da28a/in_use.lock acquired by nodename 13539@pr-hdds-1569-s62bp-3040748787
2019-09-25 05:41:10,110 [pool-27-thread-1] INFO  storage.RaftStorage (RaftStorage.java:format(72)) - Storage directory /workdir/hadoop-ozone/integration-test/target/test-dir/MiniOzoneClusterImpl-5f167f52-bad4-483d-8ef4-c1e76e705afb/datanode-0/data/ratis/37083da9-a33d-446c-bbe8-ac862c6da28a has been successfully formatted.
2019-09-25 05:41:10,110 [pool-27-thread-1] INFO  ratis.ContainerStateMachine (ContainerStateMachine.java:loadSnapshot(230)) - group-AC862C6DA28A: The snapshot info is null. Setting the last applied indexto:(t:0, i:~)
2019-09-25 05:41:10,110 [pool-27-thread-1] INFO  server.RaftServerConfigKeys (ConfUtils.java:logGet(43)) - raft.server.notification.no-leader.timeout = 120s (custom)
2019-09-25 05:41:10,110 [pool-27-thread-1] INFO  server.RaftServerConfigKeys (ConfUtils.java:logGet(43)) - raft.server.log.use.memory = false (default)
2019-09-25 05:41:10,110 [pool-27-thread-1] INFO  server.RaftServerConfigKeys (ConfUtils.java:logGet(43)) - raft.server.log.purge.gap = 1000000 (custom)
2019-09-25 05:41:10,110 [pool-27-thread-1] INFO  server.RaftServerConfigKeys (ConfUtils.java:logGet(43)) - raft.server.log.appender.buffer.byte-limit = 33554432 (custom)
2019-09-25 05:41:10,110 [pool-27-thread-1] INFO  server.RaftServerConfigKeys (ConfUtils.java:logGet(43)) - raft.server.log.segment.size.max = 1048576 (custom)
2019-09-25 05:41:10,111 [pool-27-thread-1] INFO  server.RaftServerConfigKeys (ConfUtils.java:logGet(43)) - raft.server.log.segment.cache.num.max = 2 (custom)
2019-09-25 05:41:10,111 [pool-27-thread-1] INFO  segmented.SegmentedRaftLogWorker (SegmentedRaftLogWorker.java:<init>(172)) - new fe7430cd-f76a-4ec3-9a68-9236192633d5@group-AC862C6DA28A-SegmentedRaftLogWorker for RaftStorage:Storage Directory /workdir/hadoop-ozone/integration-test/target/test-dir/MiniOzoneClusterImpl-5f167f52-bad4-483d-8ef4-c1e76e705afb/datanode-0/data/ratis/37083da9-a33d-446c-bbe8-ac862c6da28a
2019-09-25 05:41:10,111 [pool-27-thread-1] INFO  server.RaftServerConfigKeys (ConfUtils.java:logGet(43)) - raft.server.log.queue.byte-limit = 2147483647 (custom)
2019-09-25 05:41:10,111 [pool-27-thread-1] INFO  server.RaftServerConfigKeys (ConfUtils.java:logGet(43)) - raft.server.log.queue.element-limit = 1024 (custom)
2019-09-25 05:41:10,111 [pool-27-thread-1] INFO  server.RaftServerConfigKeys (ConfUtils.java:logGet(43)) - raft.server.log.segment.size.max = 1048576 (custom)
2019-09-25 05:41:10,111 [pool-27-thread-1] INFO  server.RaftServerConfigKeys (ConfUtils.java:logGet(43)) - raft.server.log.preallocated.size = 16384 (custom)
2019-09-25 05:41:10,111 [pool-27-thread-1] INFO  server.RaftServerConfigKeys (ConfUtils.java:logGet(43)) - raft.server.log.write.buffer.size = 33554432 (custom)
2019-09-25 05:41:10,111 [pool-27-thread-1] INFO  server.RaftServerConfigKeys (ConfUtils.java:logGet(43)) - raft.server.log.force.sync.num = 128 (default)
2019-09-25 05:41:10,111 [pool-27-thread-1] INFO  server.RaftServerConfigKeys (ConfUtils.java:logGet(43)) - raft.server.log.statemachine.data.sync = true (default)
2019-09-25 05:41:10,111 [pool-27-thread-1] INFO  server.RaftServerConfigKeys (ConfUtils.java:logGet(43)) - raft.server.log.statemachine.data.sync.timeout = 10s (default)
2019-09-25 05:41:10,112 [pool-27-thread-1] INFO  server.RaftServerConfigKeys (ConfUtils.java:logGet(43)) - raft.server.log.statemachine.data.sync.timeout.retry = -1 (default)
2019-09-25 05:41:10,112 [pool-27-thread-1] INFO  server.RaftServerConfigKeys (ConfUtils.java:logGet(43)) - raft.server.log.statemachine.data.caching.enabled = true (custom)
2019-09-25 05:41:10,112 [pool-27-thread-1] INFO  segmented.SegmentedRaftLogWorker (SegmentedRaftLogWorker.java:lambda$new$0(132)) - fe7430cd-f76a-4ec3-9a68-9236192633d5@group-AC862C6DA28A-SegmentedRaftLogWorker: flushIndex: setUnconditionally 0 -> -1
2019-09-25 05:41:10,112 [pool-27-thread-1] INFO  server.RaftServerConfigKeys (ConfUtils.java:logGet(43)) - raft.server.snapshot.auto.trigger.enabled = true (custom)
2019-09-25 05:41:10,112 [pool-27-thread-1] INFO  server.RaftServerConfigKeys (ConfUtils.java:logGet(43)) - raft.server.snapshot.auto.trigger.threshold = 10000 (custom)
2019-09-25 05:41:10,112 [pool-27-thread-1] INFO  server.RaftServerConfigKeys (ConfUtils.java:logGet(43)) - raft.server.snapshot.retention.num.files = 5 (custom)
2019-09-25 05:41:10,113 [pool-27-thread-1] INFO  server.RaftServerConfigKeys (ConfUtils.java:logGet(43)) - raft.server.retrycache.expirytime = 600000ms (custom)
2019-09-25 05:41:10,114 [pool-27-thread-1] INFO  impl.RaftServerImpl (RaftServerImpl.java:start(185)) - fe7430cd-f76a-4ec3-9a68-9236192633d5@group-AC862C6DA28A: start as a follower, conf=-1: [fe7430cd-f76a-4ec3-9a68-9236192633d5:192.168.30.10:33443], old=null
2019-09-25 05:41:10,114 [pool-27-thread-1] INFO  impl.RaftServerImpl (RaftServerImpl.java:setRole(174)) - fe7430cd-f76a-4ec3-9a68-9236192633d5@group-AC862C6DA28A: changes role from      null to FOLLOWER at term 0 for startAsFollower
2019-09-25 05:41:10,115 [pool-27-thread-1] INFO  impl.RoleInfo (RoleInfo.java:updateAndGet(143)) - fe7430cd-f76a-4ec3-9a68-9236192633d5: start FollowerState
2019-09-25 05:41:10,115 [pool-27-thread-1] INFO  util.JmxRegister (JmxRegister.java:tryRegister(44)) - Successfully registered JMX Bean with object name Ratis:service=RaftServer,group=group-AC862C6DA28A,id=fe7430cd-f76a-4ec3-9a68-9236192633d5
2019-09-25 05:41:10,119 [RatisPipelineUtilsThread] INFO  pipeline.PipelineStateManager (PipelineStateManager.java:addPipeline(56)) - Created pipeline Pipeline[ Id: 37083da9-a33d-446c-bbe8-ac862c6da28a, Nodes: fe7430cd-f76a-4ec3-9a68-9236192633d5{ip: 192.168.30.10, host: pr-hdds-1569-s62bp-3040748787, networkLocation: /default-rack, certSerialId: null}, Type:RATIS, Factor:ONE, State:OPEN]
2019-09-25 05:41:10,119 [RatisPipelineUtilsThread] INFO  pipeline.PipelinePlacementPolicy (PipelinePlacementPolicy.java:meetCriteria(91)) - Pipeline Placement: Doesn't meet the criteria to be viable node： ddbbae55-12b9-461a-b1dd-678d37e66059 Heaviness: 6 limit: 5
2019-09-25 05:41:10,119 [RatisPipelineUtilsThread] INFO  pipeline.PipelinePlacementPolicy (PipelinePlacementPolicy.java:meetCriteria(91)) - Pipeline Placement: Doesn't meet the criteria to be viable node： a0f9784c-b240-4740-a75c-f623c7ee251f Heaviness: 6 limit: 5
2019-09-25 05:41:10,119 [RatisPipelineUtilsThread] INFO  pipeline.PipelinePlacementPolicy (PipelinePlacementPolicy.java:meetCriteria(91)) - Pipeline Placement: Doesn't meet the criteria to be viable node： 9c5364a7-ba03-46bb-ba71-b490d4b445f4 Heaviness: 6 limit: 5
2019-09-25 05:41:10,119 [RatisPipelineUtilsThread] INFO  pipeline.PipelinePlacementPolicy (PipelinePlacementPolicy.java:meetCriteria(91)) - Pipeline Placement: Doesn't meet the criteria to be viable node： ba526371-bbb0-45ae-a73e-928578471dee Heaviness: 6 limit: 5
2019-09-25 05:41:10,128 [grpc-default-executor-1] INFO  impl.RaftServerProxy (RaftServerProxy.java:addNew(89)) - fe7430cd-f76a-4ec3-9a68-9236192633d5: addNew group-5BA619D6BE51:[fe7430cd-f76a-4ec3-9a68-9236192633d5:192.168.30.10:33443] returns group-5BA619D6BE51:java.util.concurrent.CompletableFuture@16eb535b[Not completed]
2019-09-25 05:41:10,129 [pool-27-thread-1] INFO  impl.RaftServerImpl (RaftServerImpl.java:<init>(95)) - fe7430cd-f76a-4ec3-9a68-9236192633d5: new RaftServerImpl for group-5BA619D6BE51:[fe7430cd-f76a-4ec3-9a68-9236192633d5:192.168.30.10:33443] with ContainerStateMachine:uninitialized
2019-09-25 05:41:10,129 [pool-27-thread-1] INFO  server.RaftServerConfigKeys (ConfUtils.java:logGet(43)) - raft.server.rpc.timeout.min = 5s (custom)
2019-09-25 05:41:10,129 [pool-27-thread-1] INFO  server.RaftServerConfigKeys (ConfUtils.java:logGet(43)) - raft.server.rpc.timeout.max = 5200ms (custom)
2019-09-25 05:41:10,129 [pool-27-thread-1] INFO  server.RaftServerConfigKeys (ConfUtils.java:logGet(43)) - raft.server.rpcslowness.timeout = 120s (custom)
2019-09-25 05:41:10,129 [pool-27-thread-1] INFO  server.RaftServerConfigKeys (ConfUtils.java:logGet(43)) - raft.server.sleep.deviation.threshold = 300 (default)
2019-09-25 05:41:10,129 [pool-27-thread-1] INFO  server.RaftServerConfigKeys (ConfUtils.java:logGet(43)) - raft.server.log.appender.install.snapshot.enabled = false (custom)
2019-09-25 05:41:10,129 [pool-27-thread-1] INFO  impl.RaftServerImpl (ServerState.java:<init>(103)) - fe7430cd-f76a-4ec3-9a68-9236192633d5@group-5BA619D6BE51: ConfigurationManager, init=-1: [fe7430cd-f76a-4ec3-9a68-9236192633d5:192.168.30.10:33443], old=null, confs=<EMPTY_MAP>
2019-09-25 05:41:10,129 [pool-27-thread-1] INFO  server.RaftServerConfigKeys (ConfUtils.java:logGet(43)) - raft.server.storage.dir = [/workdir/hadoop-ozone/integration-test/target/test-dir/MiniOzoneClusterImpl-5f167f52-bad4-483d-8ef4-c1e76e705afb/datanode-0/data/ratis] (custom)
2019-09-25 05:41:10,130 [pool-27-thread-1] INFO  storage.RaftStorageDirectory (RaftStorageDirectory.java:analyzeStorage(246)) - The storage directory /workdir/hadoop-ozone/integration-test/target/test-dir/MiniOzoneClusterImpl-5f167f52-bad4-483d-8ef4-c1e76e705afb/datanode-0/data/ratis/06e472f1-46e0-4ea7-a55b-5ba619d6be51 does not exist. Creating ...
2019-09-25 05:41:10,151 [pool-27-thread-1] INFO  storage.RaftStorageDirectory (RaftStorageDirectory.java:tryLock(328)) - Lock on /workdir/hadoop-ozone/integration-test/target/test-dir/MiniOzoneClusterImpl-5f167f52-bad4-483d-8ef4-c1e76e705afb/datanode-0/data/ratis/06e472f1-46e0-4ea7-a55b-5ba619d6be51/in_use.lock acquired by nodename 13539@pr-hdds-1569-s62bp-3040748787
2019-09-25 05:41:10,164 [pool-27-thread-1] INFO  storage.RaftStorage (RaftStorage.java:format(72)) - Storage directory /workdir/hadoop-ozone/integration-test/target/test-dir/MiniOzoneClusterImpl-5f167f52-bad4-483d-8ef4-c1e76e705afb/datanode-0/data/ratis/06e472f1-46e0-4ea7-a55b-5ba619d6be51 has been successfully formatted.
2019-09-25 05:41:10,164 [pool-27-thread-1] INFO  ratis.ContainerStateMachine (ContainerStateMachine.java:loadSnapshot(230)) - group-5BA619D6BE51: The snapshot info is null. Setting the last applied indexto:(t:0, i:~)
2019-09-25 05:41:10,164 [pool-27-thread-1] INFO  server.RaftServerConfigKeys (ConfUtils.java:logGet(43)) - raft.server.notification.no-leader.timeout = 120s (custom)
2019-09-25 05:41:10,164 [pool-27-thread-1] INFO  server.RaftServerConfigKeys (ConfUtils.java:logGet(43)) - raft.server.log.use.memory = false (default)
2019-09-25 05:41:10,164 [pool-27-thread-1] INFO  server.RaftServerConfigKeys (ConfUtils.java:logGet(43)) - raft.server.log.purge.gap = 1000000 (custom)
2019-09-25 05:41:10,164 [pool-27-thread-1] INFO  server.RaftServerConfigKeys (ConfUtils.java:logGet(43)) - raft.server.log.appender.buffer.byte-limit = 33554432 (custom)
2019-09-25 05:41:10,164 [pool-27-thread-1] INFO  server.RaftServerConfigKeys (ConfUtils.java:logGet(43)) - raft.server.log.segment.size.max = 1048576 (custom)
2019-09-25 05:41:10,165 [pool-27-thread-1] INFO  server.RaftServerConfigKeys (ConfUtils.java:logGet(43)) - raft.server.log.segment.cache.num.max = 2 (custom)
2019-09-25 05:41:10,165 [pool-27-thread-1] INFO  segmented.SegmentedRaftLogWorker (SegmentedRaftLogWorker.java:<init>(172)) - new fe7430cd-f76a-4ec3-9a68-9236192633d5@group-5BA619D6BE51-SegmentedRaftLogWorker for RaftStorage:Storage Directory /workdir/hadoop-ozone/integration-test/target/test-dir/MiniOzoneClusterImpl-5f167f52-bad4-483d-8ef4-c1e76e705afb/datanode-0/data/ratis/06e472f1-46e0-4ea7-a55b-5ba619d6be51
2019-09-25 05:41:10,165 [pool-27-thread-1] INFO  server.RaftServerConfigKeys (ConfUtils.java:logGet(43)) - raft.server.log.queue.byte-limit = 2147483647 (custom)
2019-09-25 05:41:10,165 [pool-27-thread-1] INFO  server.RaftServerConfigKeys (ConfUtils.java:logGet(43)) - raft.server.log.queue.element-limit = 1024 (custom)
2019-09-25 05:41:10,165 [pool-27-thread-1] INFO  server.RaftServerConfigKeys (ConfUtils.java:logGet(43)) - raft.server.log.segment.size.max = 1048576 (custom)
2019-09-25 05:41:10,165 [pool-27-thread-1] INFO  server.RaftServerConfigKeys (ConfUtils.java:logGet(43)) - raft.server.log.preallocated.size = 16384 (custom)
2019-09-25 05:41:10,165 [pool-27-thread-1] INFO  server.RaftServerConfigKeys (ConfUtils.java:logGet(43)) - raft.server.log.write.buffer.size = 33554432 (custom)
2019-09-25 05:41:10,165 [pool-27-thread-1] INFO  server.RaftServerConfigKeys (ConfUtils.java:logGet(43)) - raft.server.log.force.sync.num = 128 (default)
2019-09-25 05:41:10,165 [pool-27-thread-1] INFO  server.RaftServerConfigKeys (ConfUtils.java:logGet(43)) - raft.server.log.statemachine.data.sync = true (default)
2019-09-25 05:41:10,165 [pool-27-thread-1] INFO  server.RaftServerConfigKeys (ConfUtils.java:logGet(43)) - raft.server.log.statemachine.data.sync.timeout = 10s (default)
2019-09-25 05:41:10,165 [pool-27-thread-1] INFO  server.RaftServerConfigKeys (ConfUtils.java:logGet(43)) - raft.server.log.statemachine.data.sync.timeout.retry = -1 (default)
2019-09-25 05:41:10,166 [pool-27-thread-1] INFO  server.RaftServerConfigKeys (ConfUtils.java:logGet(43)) - raft.server.log.statemachine.data.caching.enabled = true (custom)
2019-09-25 05:41:10,166 [pool-27-thread-1] INFO  segmented.SegmentedRaftLogWorker (SegmentedRaftLogWorker.java:lambda$new$0(132)) - fe7430cd-f76a-4ec3-9a68-9236192633d5@group-5BA619D6BE51-SegmentedRaftLogWorker: flushIndex: setUnconditionally 0 -> -1
2019-09-25 05:41:10,166 [pool-27-thread-1] INFO  server.RaftServerConfigKeys (ConfUtils.java:logGet(43)) - raft.server.snapshot.auto.trigger.enabled = true (custom)
2019-09-25 05:41:10,166 [pool-27-thread-1] INFO  server.RaftServerConfigKeys (ConfUtils.java:logGet(43)) - raft.server.snapshot.auto.trigger.threshold = 10000 (custom)
2019-09-25 05:41:10,166 [pool-27-thread-1] INFO  server.RaftServerConfigKeys (ConfUtils.java:logGet(43)) - raft.server.snapshot.retention.num.files = 5 (custom)
2019-09-25 05:41:10,166 [pool-27-thread-1] INFO  server.RaftServerConfigKeys (ConfUtils.java:logGet(43)) - raft.server.retrycache.expirytime = 600000ms (custom)
2019-09-25 05:41:10,168 [pool-27-thread-1] INFO  impl.RaftServerImpl (RaftServerImpl.java:start(185)) - fe7430cd-f76a-4ec3-9a68-9236192633d5@group-5BA619D6BE51: start as a follower, conf=-1: [fe7430cd-f76a-4ec3-9a68-9236192633d5:192.168.30.10:33443], old=null
2019-09-25 05:41:10,168 [pool-27-thread-1] INFO  impl.RaftServerImpl (RaftServerImpl.java:setRole(174)) - fe7430cd-f76a-4ec3-9a68-9236192633d5@group-5BA619D6BE51: changes role from      null to FOLLOWER at term 0 for startAsFollower
2019-09-25 05:41:10,168 [pool-27-thread-1] INFO  impl.RoleInfo (RoleInfo.java:updateAndGet(143)) - fe7430cd-f76a-4ec3-9a68-9236192633d5: start FollowerState
2019-09-25 05:41:10,169 [pool-27-thread-1] INFO  util.JmxRegister (JmxRegister.java:tryRegister(44)) - Successfully registered JMX Bean with object name Ratis:service=RaftServer,group=group-5BA619D6BE51,id=fe7430cd-f76a-4ec3-9a68-9236192633d5
2019-09-25 05:41:10,173 [RatisPipelineUtilsThread] INFO  pipeline.PipelineStateManager (PipelineStateManager.java:addPipeline(56)) - Created pipeline Pipeline[ Id: 06e472f1-46e0-4ea7-a55b-5ba619d6be51, Nodes: fe7430cd-f76a-4ec3-9a68-9236192633d5{ip: 192.168.30.10, host: pr-hdds-1569-s62bp-3040748787, networkLocation: /default-rack, certSerialId: null}, Type:RATIS, Factor:ONE, State:OPEN]
2019-09-25 05:41:10,173 [RatisPipelineUtilsThread] INFO  pipeline.PipelinePlacementPolicy (PipelinePlacementPolicy.java:meetCriteria(91)) - Pipeline Placement: Doesn't meet the criteria to be viable node： ddbbae55-12b9-461a-b1dd-678d37e66059 Heaviness: 6 limit: 5
2019-09-25 05:41:10,174 [RatisPipelineUtilsThread] INFO  pipeline.PipelinePlacementPolicy (PipelinePlacementPolicy.java:meetCriteria(91)) - Pipeline Placement: Doesn't meet the criteria to be viable node： a0f9784c-b240-4740-a75c-f623c7ee251f Heaviness: 6 limit: 5
2019-09-25 05:41:10,174 [RatisPipelineUtilsThread] INFO  pipeline.PipelinePlacementPolicy (PipelinePlacementPolicy.java:meetCriteria(91)) - Pipeline Placement: Doesn't meet the criteria to be viable node： 9c5364a7-ba03-46bb-ba71-b490d4b445f4 Heaviness: 6 limit: 5
2019-09-25 05:41:10,174 [RatisPipelineUtilsThread] INFO  pipeline.PipelinePlacementPolicy (PipelinePlacementPolicy.java:meetCriteria(91)) - Pipeline Placement: Doesn't meet the criteria to be viable node： ba526371-bbb0-45ae-a73e-928578471dee Heaviness: 6 limit: 5
2019-09-25 05:41:10,181 [grpc-default-executor-1] INFO  impl.RaftServerProxy (RaftServerProxy.java:addNew(89)) - c1b8ccaf-89e0-45fc-9fa3-d1b440a7dff4: addNew group-442E9F470D2C:[c1b8ccaf-89e0-45fc-9fa3-d1b440a7dff4:192.168.30.10:35376] returns group-442E9F470D2C:java.util.concurrent.CompletableFuture@7ebe3fba[Not completed]
2019-09-25 05:41:10,182 [pool-77-thread-1] INFO  impl.RaftServerImpl (RaftServerImpl.java:<init>(95)) - c1b8ccaf-89e0-45fc-9fa3-d1b440a7dff4: new RaftServerImpl for group-442E9F470D2C:[c1b8ccaf-89e0-45fc-9fa3-d1b440a7dff4:192.168.30.10:35376] with ContainerStateMachine:uninitialized
2019-09-25 05:41:10,183 [pool-77-thread-1] INFO  server.RaftServerConfigKeys (ConfUtils.java:logGet(43)) - raft.server.rpc.timeout.min = 5s (custom)
2019-09-25 05:41:10,183 [pool-77-thread-1] INFO  server.RaftServerConfigKeys (ConfUtils.java:logGet(43)) - raft.server.rpc.timeout.max = 5200ms (custom)
2019-09-25 05:41:10,183 [pool-77-thread-1] INFO  server.RaftServerConfigKeys (ConfUtils.java:logGet(43)) - raft.server.rpcslowness.timeout = 120s (custom)
2019-09-25 05:41:10,183 [pool-77-thread-1] INFO  server.RaftServerConfigKeys (ConfUtils.java:logGet(43)) - raft.server.sleep.deviation.threshold = 300 (default)
2019-09-25 05:41:10,183 [pool-77-thread-1] INFO  server.RaftServerConfigKeys (ConfUtils.java:logGet(43)) - raft.server.log.appender.install.snapshot.enabled = false (custom)
2019-09-25 05:41:10,183 [pool-77-thread-1] INFO  impl.RaftServerImpl (ServerState.java:<init>(103)) - c1b8ccaf-89e0-45fc-9fa3-d1b440a7dff4@group-442E9F470D2C: ConfigurationManager, init=-1: [c1b8ccaf-89e0-45fc-9fa3-d1b440a7dff4:192.168.30.10:35376], old=null, confs=<EMPTY_MAP>
2019-09-25 05:41:10,184 [pool-77-thread-1] INFO  server.RaftServerConfigKeys (ConfUtils.java:logGet(43)) - raft.server.storage.dir = [/workdir/hadoop-ozone/integration-test/target/test-dir/MiniOzoneClusterImpl-5f167f52-bad4-483d-8ef4-c1e76e705afb/datanode-5/data/ratis] (custom)
2019-09-25 05:41:10,184 [pool-77-thread-1] INFO  storage.RaftStorageDirectory (RaftStorageDirectory.java:analyzeStorage(246)) - The storage directory /workdir/hadoop-ozone/integration-test/target/test-dir/MiniOzoneClusterImpl-5f167f52-bad4-483d-8ef4-c1e76e705afb/datanode-5/data/ratis/7ffc9591-e20b-48ea-9113-442e9f470d2c does not exist. Creating ...
2019-09-25 05:41:10,197 [pool-77-thread-1] INFO  storage.RaftStorageDirectory (RaftStorageDirectory.java:tryLock(328)) - Lock on /workdir/hadoop-ozone/integration-test/target/test-dir/MiniOzoneClusterImpl-5f167f52-bad4-483d-8ef4-c1e76e705afb/datanode-5/data/ratis/7ffc9591-e20b-48ea-9113-442e9f470d2c/in_use.lock acquired by nodename 13539@pr-hdds-1569-s62bp-3040748787
2019-09-25 05:41:10,215 [pool-77-thread-1] INFO  storage.RaftStorage (RaftStorage.java:format(72)) - Storage directory /workdir/hadoop-ozone/integration-test/target/test-dir/MiniOzoneClusterImpl-5f167f52-bad4-483d-8ef4-c1e76e705afb/datanode-5/data/ratis/7ffc9591-e20b-48ea-9113-442e9f470d2c has been successfully formatted.
2019-09-25 05:41:10,215 [pool-77-thread-1] INFO  ratis.ContainerStateMachine (ContainerStateMachine.java:loadSnapshot(230)) - group-442E9F470D2C: The snapshot info is null. Setting the last applied indexto:(t:0, i:~)
2019-09-25 05:41:10,215 [pool-77-thread-1] INFO  server.RaftServerConfigKeys (ConfUtils.java:logGet(43)) - raft.server.notification.no-leader.timeout = 120s (custom)
2019-09-25 05:41:10,215 [pool-77-thread-1] INFO  server.RaftServerConfigKeys (ConfUtils.java:logGet(43)) - raft.server.log.use.memory = false (default)
2019-09-25 05:41:10,215 [pool-77-thread-1] INFO  server.RaftServerConfigKeys (ConfUtils.java:logGet(43)) - raft.server.log.purge.gap = 1000000 (custom)
2019-09-25 05:41:10,215 [pool-77-thread-1] INFO  server.RaftServerConfigKeys (ConfUtils.java:logGet(43)) - raft.server.log.appender.buffer.byte-limit = 33554432 (custom)
2019-09-25 05:41:10,216 [pool-77-thread-1] INFO  server.RaftServerConfigKeys (ConfUtils.java:logGet(43)) - raft.server.log.segment.size.max = 1048576 (custom)
2019-09-25 05:41:10,216 [pool-77-thread-1] INFO  server.RaftServerConfigKeys (ConfUtils.java:logGet(43)) - raft.server.log.segment.cache.num.max = 2 (custom)
2019-09-25 05:41:10,216 [pool-77-thread-1] INFO  segmented.SegmentedRaftLogWorker (SegmentedRaftLogWorker.java:<init>(172)) - new c1b8ccaf-89e0-45fc-9fa3-d1b440a7dff4@group-442E9F470D2C-SegmentedRaftLogWorker for RaftStorage:Storage Directory /workdir/hadoop-ozone/integration-test/target/test-dir/MiniOzoneClusterImpl-5f167f52-bad4-483d-8ef4-c1e76e705afb/datanode-5/data/ratis/7ffc9591-e20b-48ea-9113-442e9f470d2c
2019-09-25 05:41:10,216 [pool-77-thread-1] INFO  server.RaftServerConfigKeys (ConfUtils.java:logGet(43)) - raft.server.log.queue.byte-limit = 2147483647 (custom)
2019-09-25 05:41:10,216 [pool-77-thread-1] INFO  server.RaftServerConfigKeys (ConfUtils.java:logGet(43)) - raft.server.log.queue.element-limit = 1024 (custom)
2019-09-25 05:41:10,216 [pool-77-thread-1] INFO  server.RaftServerConfigKeys (ConfUtils.java:logGet(43)) - raft.server.log.segment.size.max = 1048576 (custom)
2019-09-25 05:41:10,216 [pool-77-thread-1] INFO  server.RaftServerConfigKeys (ConfUtils.java:logGet(43)) - raft.server.log.preallocated.size = 16384 (custom)
2019-09-25 05:41:10,216 [pool-77-thread-1] INFO  server.RaftServerConfigKeys (ConfUtils.java:logGet(43)) - raft.server.log.write.buffer.size = 33554432 (custom)
2019-09-25 05:41:10,217 [pool-77-thread-1] INFO  server.RaftServerConfigKeys (ConfUtils.java:logGet(43)) - raft.server.log.force.sync.num = 128 (default)
2019-09-25 05:41:10,217 [pool-77-thread-1] INFO  server.RaftServerConfigKeys (ConfUtils.java:logGet(43)) - raft.server.log.statemachine.data.sync = true (default)
2019-09-25 05:41:10,217 [pool-77-thread-1] INFO  server.RaftServerConfigKeys (ConfUtils.java:logGet(43)) - raft.server.log.statemachine.data.sync.timeout = 10s (default)
2019-09-25 05:41:10,217 [pool-77-thread-1] INFO  server.RaftServerConfigKeys (ConfUtils.java:logGet(43)) - raft.server.log.statemachine.data.sync.timeout.retry = -1 (default)
2019-09-25 05:41:10,217 [pool-77-thread-1] INFO  server.RaftServerConfigKeys (ConfUtils.java:logGet(43)) - raft.server.log.statemachine.data.caching.enabled = true (custom)
2019-09-25 05:41:10,217 [pool-77-thread-1] INFO  segmented.SegmentedRaftLogWorker (SegmentedRaftLogWorker.java:lambda$new$0(132)) - c1b8ccaf-89e0-45fc-9fa3-d1b440a7dff4@group-442E9F470D2C-SegmentedRaftLogWorker: flushIndex: setUnconditionally 0 -> -1
2019-09-25 05:41:10,218 [pool-77-thread-1] INFO  server.RaftServerConfigKeys (ConfUtils.java:logGet(43)) - raft.server.snapshot.auto.trigger.enabled = true (custom)
2019-09-25 05:41:10,218 [pool-77-thread-1] INFO  server.RaftServerConfigKeys (ConfUtils.java:logGet(43)) - raft.server.snapshot.auto.trigger.threshold = 10000 (custom)
2019-09-25 05:41:10,218 [pool-77-thread-1] INFO  server.RaftServerConfigKeys (ConfUtils.java:logGet(43)) - raft.server.snapshot.retention.num.files = 5 (custom)
2019-09-25 05:41:10,218 [pool-77-thread-1] INFO  server.RaftServerConfigKeys (ConfUtils.java:logGet(43)) - raft.server.retrycache.expirytime = 600000ms (custom)
2019-09-25 05:41:10,220 [pool-77-thread-1] INFO  impl.RaftServerImpl (RaftServerImpl.java:start(185)) - c1b8ccaf-89e0-45fc-9fa3-d1b440a7dff4@group-442E9F470D2C: start as a follower, conf=-1: [c1b8ccaf-89e0-45fc-9fa3-d1b440a7dff4:192.168.30.10:35376], old=null
2019-09-25 05:41:10,220 [pool-77-thread-1] INFO  impl.RaftServerImpl (RaftServerImpl.java:setRole(174)) - c1b8ccaf-89e0-45fc-9fa3-d1b440a7dff4@group-442E9F470D2C: changes role from      null to FOLLOWER at term 0 for startAsFollower
2019-09-25 05:41:10,220 [pool-77-thread-1] INFO  impl.RoleInfo (RoleInfo.java:updateAndGet(143)) - c1b8ccaf-89e0-45fc-9fa3-d1b440a7dff4: start FollowerState
2019-09-25 05:41:10,221 [pool-77-thread-1] INFO  util.JmxRegister (JmxRegister.java:tryRegister(44)) - Successfully registered JMX Bean with object name Ratis:service=RaftServer,group=group-442E9F470D2C,id=c1b8ccaf-89e0-45fc-9fa3-d1b440a7dff4
2019-09-25 05:41:10,226 [RatisPipelineUtilsThread] INFO  pipeline.PipelineStateManager (PipelineStateManager.java:addPipeline(56)) - Created pipeline Pipeline[ Id: 7ffc9591-e20b-48ea-9113-442e9f470d2c, Nodes: c1b8ccaf-89e0-45fc-9fa3-d1b440a7dff4{ip: 192.168.30.10, host: pr-hdds-1569-s62bp-3040748787, networkLocation: /default-rack, certSerialId: null}, Type:RATIS, Factor:ONE, State:OPEN]
2019-09-25 05:41:10,226 [RatisPipelineUtilsThread] INFO  pipeline.PipelinePlacementPolicy (PipelinePlacementPolicy.java:meetCriteria(91)) - Pipeline Placement: Doesn't meet the criteria to be viable node： ddbbae55-12b9-461a-b1dd-678d37e66059 Heaviness: 6 limit: 5
2019-09-25 05:41:10,226 [RatisPipelineUtilsThread] INFO  pipeline.PipelinePlacementPolicy (PipelinePlacementPolicy.java:meetCriteria(91)) - Pipeline Placement: Doesn't meet the criteria to be viable node： a0f9784c-b240-4740-a75c-f623c7ee251f Heaviness: 6 limit: 5
2019-09-25 05:41:10,226 [RatisPipelineUtilsThread] INFO  pipeline.PipelinePlacementPolicy (PipelinePlacementPolicy.java:meetCriteria(91)) - Pipeline Placement: Doesn't meet the criteria to be viable node： 9c5364a7-ba03-46bb-ba71-b490d4b445f4 Heaviness: 6 limit: 5
2019-09-25 05:41:10,226 [RatisPipelineUtilsThread] INFO  pipeline.PipelinePlacementPolicy (PipelinePlacementPolicy.java:meetCriteria(91)) - Pipeline Placement: Doesn't meet the criteria to be viable node： ba526371-bbb0-45ae-a73e-928578471dee Heaviness: 6 limit: 5
2019-09-25 05:41:10,233 [grpc-default-executor-1] INFO  impl.RaftServerProxy (RaftServerProxy.java:addNew(89)) - c1b8ccaf-89e0-45fc-9fa3-d1b440a7dff4: addNew group-CD2F8EA70BF9:[c1b8ccaf-89e0-45fc-9fa3-d1b440a7dff4:192.168.30.10:35376] returns group-CD2F8EA70BF9:java.util.concurrent.CompletableFuture@3af9d86e[Not completed]
2019-09-25 05:41:10,234 [pool-77-thread-1] INFO  impl.RaftServerImpl (RaftServerImpl.java:<init>(95)) - c1b8ccaf-89e0-45fc-9fa3-d1b440a7dff4: new RaftServerImpl for group-CD2F8EA70BF9:[c1b8ccaf-89e0-45fc-9fa3-d1b440a7dff4:192.168.30.10:35376] with ContainerStateMachine:uninitialized
2019-09-25 05:41:10,234 [pool-77-thread-1] INFO  server.RaftServerConfigKeys (ConfUtils.java:logGet(43)) - raft.server.rpc.timeout.min = 5s (custom)
2019-09-25 05:41:10,234 [pool-77-thread-1] INFO  server.RaftServerConfigKeys (ConfUtils.java:logGet(43)) - raft.server.rpc.timeout.max = 5200ms (custom)
2019-09-25 05:41:10,234 [pool-77-thread-1] INFO  server.RaftServerConfigKeys (ConfUtils.java:logGet(43)) - raft.server.rpcslowness.timeout = 120s (custom)
2019-09-25 05:41:10,234 [pool-77-thread-1] INFO  server.RaftServerConfigKeys (ConfUtils.java:logGet(43)) - raft.server.sleep.deviation.threshold = 300 (default)
2019-09-25 05:41:10,235 [pool-77-thread-1] INFO  server.RaftServerConfigKeys (ConfUtils.java:logGet(43)) - raft.server.log.appender.install.snapshot.enabled = false (custom)
2019-09-25 05:41:10,235 [pool-77-thread-1] INFO  impl.RaftServerImpl (ServerState.java:<init>(103)) - c1b8ccaf-89e0-45fc-9fa3-d1b440a7dff4@group-CD2F8EA70BF9: ConfigurationManager, init=-1: [c1b8ccaf-89e0-45fc-9fa3-d1b440a7dff4:192.168.30.10:35376], old=null, confs=<EMPTY_MAP>
2019-09-25 05:41:10,235 [pool-77-thread-1] INFO  server.RaftServerConfigKeys (ConfUtils.java:logGet(43)) - raft.server.storage.dir = [/workdir/hadoop-ozone/integration-test/target/test-dir/MiniOzoneClusterImpl-5f167f52-bad4-483d-8ef4-c1e76e705afb/datanode-5/data/ratis] (custom)
2019-09-25 05:41:10,235 [pool-77-thread-1] INFO  storage.RaftStorageDirectory (RaftStorageDirectory.java:analyzeStorage(246)) - The storage directory /workdir/hadoop-ozone/integration-test/target/test-dir/MiniOzoneClusterImpl-5f167f52-bad4-483d-8ef4-c1e76e705afb/datanode-5/data/ratis/dcf77a09-1b49-447b-9016-cd2f8ea70bf9 does not exist. Creating ...
2019-09-25 05:41:10,248 [pool-77-thread-1] INFO  storage.RaftStorageDirectory (RaftStorageDirectory.java:tryLock(328)) - Lock on /workdir/hadoop-ozone/integration-test/target/test-dir/MiniOzoneClusterImpl-5f167f52-bad4-483d-8ef4-c1e76e705afb/datanode-5/data/ratis/dcf77a09-1b49-447b-9016-cd2f8ea70bf9/in_use.lock acquired by nodename 13539@pr-hdds-1569-s62bp-3040748787
2019-09-25 05:41:10,260 [pool-77-thread-1] INFO  storage.RaftStorage (RaftStorage.java:format(72)) - Storage directory /workdir/hadoop-ozone/integration-test/target/test-dir/MiniOzoneClusterImpl-5f167f52-bad4-483d-8ef4-c1e76e705afb/datanode-5/data/ratis/dcf77a09-1b49-447b-9016-cd2f8ea70bf9 has been successfully formatted.
2019-09-25 05:41:10,261 [pool-77-thread-1] INFO  ratis.ContainerStateMachine (ContainerStateMachine.java:loadSnapshot(230)) - group-CD2F8EA70BF9: The snapshot info is null. Setting the last applied indexto:(t:0, i:~)
2019-09-25 05:41:10,261 [pool-77-thread-1] INFO  server.RaftServerConfigKeys (ConfUtils.java:logGet(43)) - raft.server.notification.no-leader.timeout = 120s (custom)
2019-09-25 05:41:10,261 [pool-77-thread-1] INFO  server.RaftServerConfigKeys (ConfUtils.java:logGet(43)) - raft.server.log.use.memory = false (default)
2019-09-25 05:41:10,261 [pool-77-thread-1] INFO  server.RaftServerConfigKeys (ConfUtils.java:logGet(43)) - raft.server.log.purge.gap = 1000000 (custom)
2019-09-25 05:41:10,261 [pool-77-thread-1] INFO  server.RaftServerConfigKeys (ConfUtils.java:logGet(43)) - raft.server.log.appender.buffer.byte-limit = 33554432 (custom)
2019-09-25 05:41:10,261 [pool-77-thread-1] INFO  server.RaftServerConfigKeys (ConfUtils.java:logGet(43)) - raft.server.log.segment.size.max = 1048576 (custom)
2019-09-25 05:41:10,261 [pool-77-thread-1] INFO  server.RaftServerConfigKeys (ConfUtils.java:logGet(43)) - raft.server.log.segment.cache.num.max = 2 (custom)
2019-09-25 05:41:10,261 [pool-77-thread-1] INFO  segmented.SegmentedRaftLogWorker (SegmentedRaftLogWorker.java:<init>(172)) - new c1b8ccaf-89e0-45fc-9fa3-d1b440a7dff4@group-CD2F8EA70BF9-SegmentedRaftLogWorker for RaftStorage:Storage Directory /workdir/hadoop-ozone/integration-test/target/test-dir/MiniOzoneClusterImpl-5f167f52-bad4-483d-8ef4-c1e76e705afb/datanode-5/data/ratis/dcf77a09-1b49-447b-9016-cd2f8ea70bf9
2019-09-25 05:41:10,261 [pool-77-thread-1] INFO  server.RaftServerConfigKeys (ConfUtils.java:logGet(43)) - raft.server.log.queue.byte-limit = 2147483647 (custom)
2019-09-25 05:41:10,261 [pool-77-thread-1] INFO  server.RaftServerConfigKeys (ConfUtils.java:logGet(43)) - raft.server.log.queue.element-limit = 1024 (custom)
2019-09-25 05:41:10,262 [pool-77-thread-1] INFO  server.RaftServerConfigKeys (ConfUtils.java:logGet(43)) - raft.server.log.segment.size.max = 1048576 (custom)
2019-09-25 05:41:10,262 [pool-77-thread-1] INFO  server.RaftServerConfigKeys (ConfUtils.java:logGet(43)) - raft.server.log.preallocated.size = 16384 (custom)
2019-09-25 05:41:10,262 [pool-77-thread-1] INFO  server.RaftServerConfigKeys (ConfUtils.java:logGet(43)) - raft.server.log.write.buffer.size = 33554432 (custom)
2019-09-25 05:41:10,262 [pool-77-thread-1] INFO  server.RaftServerConfigKeys (ConfUtils.java:logGet(43)) - raft.server.log.force.sync.num = 128 (default)
2019-09-25 05:41:10,262 [pool-77-thread-1] INFO  server.RaftServerConfigKeys (ConfUtils.java:logGet(43)) - raft.server.log.statemachine.data.sync = true (default)
2019-09-25 05:41:10,262 [pool-77-thread-1] INFO  server.RaftServerConfigKeys (ConfUtils.java:logGet(43)) - raft.server.log.statemachine.data.sync.timeout = 10s (default)
2019-09-25 05:41:10,262 [pool-77-thread-1] INFO  server.RaftServerConfigKeys (ConfUtils.java:logGet(43)) - raft.server.log.statemachine.data.sync.timeout.retry = -1 (default)
2019-09-25 05:41:10,262 [pool-77-thread-1] INFO  server.RaftServerConfigKeys (ConfUtils.java:logGet(43)) - raft.server.log.statemachine.data.caching.enabled = true (custom)
2019-09-25 05:41:10,262 [pool-77-thread-1] INFO  segmented.SegmentedRaftLogWorker (SegmentedRaftLogWorker.java:lambda$new$0(132)) - c1b8ccaf-89e0-45fc-9fa3-d1b440a7dff4@group-CD2F8EA70BF9-SegmentedRaftLogWorker: flushIndex: setUnconditionally 0 -> -1
2019-09-25 05:41:10,263 [pool-77-thread-1] INFO  server.RaftServerConfigKeys (ConfUtils.java:logGet(43)) - raft.server.snapshot.auto.trigger.enabled = true (custom)
2019-09-25 05:41:10,263 [pool-77-thread-1] INFO  server.RaftServerConfigKeys (ConfUtils.java:logGet(43)) - raft.server.snapshot.auto.trigger.threshold = 10000 (custom)
2019-09-25 05:41:10,263 [pool-77-thread-1] INFO  server.RaftServerConfigKeys (ConfUtils.java:logGet(43)) - raft.server.snapshot.retention.num.files = 5 (custom)
2019-09-25 05:41:10,263 [pool-77-thread-1] INFO  server.RaftServerConfigKeys (ConfUtils.java:logGet(43)) - raft.server.retrycache.expirytime = 600000ms (custom)
2019-09-25 05:41:10,265 [pool-77-thread-1] INFO  impl.RaftServerImpl (RaftServerImpl.java:start(185)) - c1b8ccaf-89e0-45fc-9fa3-d1b440a7dff4@group-CD2F8EA70BF9: start as a follower, conf=-1: [c1b8ccaf-89e0-45fc-9fa3-d1b440a7dff4:192.168.30.10:35376], old=null
2019-09-25 05:41:10,265 [pool-77-thread-1] INFO  impl.RaftServerImpl (RaftServerImpl.java:setRole(174)) - c1b8ccaf-89e0-45fc-9fa3-d1b440a7dff4@group-CD2F8EA70BF9: changes role from      null to FOLLOWER at term 0 for startAsFollower
2019-09-25 05:41:10,265 [pool-77-thread-1] INFO  impl.RoleInfo (RoleInfo.java:updateAndGet(143)) - c1b8ccaf-89e0-45fc-9fa3-d1b440a7dff4: start FollowerState
2019-09-25 05:41:10,265 [pool-77-thread-1] INFO  util.JmxRegister (JmxRegister.java:tryRegister(44)) - Successfully registered JMX Bean with object name Ratis:service=RaftServer,group=group-CD2F8EA70BF9,id=c1b8ccaf-89e0-45fc-9fa3-d1b440a7dff4
2019-09-25 05:41:10,270 [RatisPipelineUtilsThread] INFO  pipeline.PipelineStateManager (PipelineStateManager.java:addPipeline(56)) - Created pipeline Pipeline[ Id: dcf77a09-1b49-447b-9016-cd2f8ea70bf9, Nodes: c1b8ccaf-89e0-45fc-9fa3-d1b440a7dff4{ip: 192.168.30.10, host: pr-hdds-1569-s62bp-3040748787, networkLocation: /default-rack, certSerialId: null}, Type:RATIS, Factor:ONE, State:OPEN]
2019-09-25 05:41:10,270 [RatisPipelineUtilsThread] INFO  pipeline.PipelinePlacementPolicy (PipelinePlacementPolicy.java:meetCriteria(91)) - Pipeline Placement: Doesn't meet the criteria to be viable node： ddbbae55-12b9-461a-b1dd-678d37e66059 Heaviness: 6 limit: 5
2019-09-25 05:41:10,270 [RatisPipelineUtilsThread] INFO  pipeline.PipelinePlacementPolicy (PipelinePlacementPolicy.java:meetCriteria(91)) - Pipeline Placement: Doesn't meet the criteria to be viable node： a0f9784c-b240-4740-a75c-f623c7ee251f Heaviness: 6 limit: 5
2019-09-25 05:41:10,270 [RatisPipelineUtilsThread] INFO  pipeline.PipelinePlacementPolicy (PipelinePlacementPolicy.java:meetCriteria(91)) - Pipeline Placement: Doesn't meet the criteria to be viable node： 9c5364a7-ba03-46bb-ba71-b490d4b445f4 Heaviness: 6 limit: 5
2019-09-25 05:41:10,270 [RatisPipelineUtilsThread] INFO  pipeline.PipelinePlacementPolicy (PipelinePlacementPolicy.java:meetCriteria(91)) - Pipeline Placement: Doesn't meet the criteria to be viable node： ba526371-bbb0-45ae-a73e-928578471dee Heaviness: 6 limit: 5
2019-09-25 05:41:10,277 [grpc-default-executor-1] INFO  impl.RaftServerProxy (RaftServerProxy.java:addNew(89)) - c1b8ccaf-89e0-45fc-9fa3-d1b440a7dff4: addNew group-AC71E24596FF:[c1b8ccaf-89e0-45fc-9fa3-d1b440a7dff4:192.168.30.10:35376] returns group-AC71E24596FF:java.util.concurrent.CompletableFuture@4e50b315[Not completed]
2019-09-25 05:41:10,278 [pool-77-thread-1] INFO  impl.RaftServerImpl (RaftServerImpl.java:<init>(95)) - c1b8ccaf-89e0-45fc-9fa3-d1b440a7dff4: new RaftServerImpl for group-AC71E24596FF:[c1b8ccaf-89e0-45fc-9fa3-d1b440a7dff4:192.168.30.10:35376] with ContainerStateMachine:uninitialized
2019-09-25 05:41:10,278 [pool-77-thread-1] INFO  server.RaftServerConfigKeys (ConfUtils.java:logGet(43)) - raft.server.rpc.timeout.min = 5s (custom)
2019-09-25 05:41:10,278 [pool-77-thread-1] INFO  server.RaftServerConfigKeys (ConfUtils.java:logGet(43)) - raft.server.rpc.timeout.max = 5200ms (custom)
2019-09-25 05:41:10,279 [pool-77-thread-1] INFO  server.RaftServerConfigKeys (ConfUtils.java:logGet(43)) - raft.server.rpcslowness.timeout = 120s (custom)
2019-09-25 05:41:10,279 [pool-77-thread-1] INFO  server.RaftServerConfigKeys (ConfUtils.java:logGet(43)) - raft.server.sleep.deviation.threshold = 300 (default)
2019-09-25 05:41:10,279 [pool-77-thread-1] INFO  server.RaftServerConfigKeys (ConfUtils.java:logGet(43)) - raft.server.log.appender.install.snapshot.enabled = false (custom)
2019-09-25 05:41:10,279 [pool-77-thread-1] INFO  impl.RaftServerImpl (ServerState.java:<init>(103)) - c1b8ccaf-89e0-45fc-9fa3-d1b440a7dff4@group-AC71E24596FF: ConfigurationManager, init=-1: [c1b8ccaf-89e0-45fc-9fa3-d1b440a7dff4:192.168.30.10:35376], old=null, confs=<EMPTY_MAP>
2019-09-25 05:41:10,279 [pool-77-thread-1] INFO  server.RaftServerConfigKeys (ConfUtils.java:logGet(43)) - raft.server.storage.dir = [/workdir/hadoop-ozone/integration-test/target/test-dir/MiniOzoneClusterImpl-5f167f52-bad4-483d-8ef4-c1e76e705afb/datanode-5/data/ratis] (custom)
2019-09-25 05:41:10,279 [pool-77-thread-1] INFO  storage.RaftStorageDirectory (RaftStorageDirectory.java:analyzeStorage(246)) - The storage directory /workdir/hadoop-ozone/integration-test/target/test-dir/MiniOzoneClusterImpl-5f167f52-bad4-483d-8ef4-c1e76e705afb/datanode-5/data/ratis/41c19b93-8fa4-48bf-a3ad-ac71e24596ff does not exist. Creating ...
2019-09-25 05:41:10,292 [pool-77-thread-1] INFO  storage.RaftStorageDirectory (RaftStorageDirectory.java:tryLock(328)) - Lock on /workdir/hadoop-ozone/integration-test/target/test-dir/MiniOzoneClusterImpl-5f167f52-bad4-483d-8ef4-c1e76e705afb/datanode-5/data/ratis/41c19b93-8fa4-48bf-a3ad-ac71e24596ff/in_use.lock acquired by nodename 13539@pr-hdds-1569-s62bp-3040748787
2019-09-25 05:41:10,304 [pool-77-thread-1] INFO  storage.RaftStorage (RaftStorage.java:format(72)) - Storage directory /workdir/hadoop-ozone/integration-test/target/test-dir/MiniOzoneClusterImpl-5f167f52-bad4-483d-8ef4-c1e76e705afb/datanode-5/data/ratis/41c19b93-8fa4-48bf-a3ad-ac71e24596ff has been successfully formatted.
2019-09-25 05:41:10,304 [pool-77-thread-1] INFO  ratis.ContainerStateMachine (ContainerStateMachine.java:loadSnapshot(230)) - group-AC71E24596FF: The snapshot info is null. Setting the last applied indexto:(t:0, i:~)
2019-09-25 05:41:10,304 [pool-77-thread-1] INFO  server.RaftServerConfigKeys (ConfUtils.java:logGet(43)) - raft.server.notification.no-leader.timeout = 120s (custom)
2019-09-25 05:41:10,305 [pool-77-thread-1] INFO  server.RaftServerConfigKeys (ConfUtils.java:logGet(43)) - raft.server.log.use.memory = false (default)
2019-09-25 05:41:10,305 [pool-77-thread-1] INFO  server.RaftServerConfigKeys (ConfUtils.java:logGet(43)) - raft.server.log.purge.gap = 1000000 (custom)
2019-09-25 05:41:10,305 [pool-77-thread-1] INFO  server.RaftServerConfigKeys (ConfUtils.java:logGet(43)) - raft.server.log.appender.buffer.byte-limit = 33554432 (custom)
2019-09-25 05:41:10,305 [pool-77-thread-1] INFO  server.RaftServerConfigKeys (ConfUtils.java:logGet(43)) - raft.server.log.segment.size.max = 1048576 (custom)
2019-09-25 05:41:10,305 [pool-77-thread-1] INFO  server.RaftServerConfigKeys (ConfUtils.java:logGet(43)) - raft.server.log.segment.cache.num.max = 2 (custom)
2019-09-25 05:41:10,305 [pool-77-thread-1] INFO  segmented.SegmentedRaftLogWorker (SegmentedRaftLogWorker.java:<init>(172)) - new c1b8ccaf-89e0-45fc-9fa3-d1b440a7dff4@group-AC71E24596FF-SegmentedRaftLogWorker for RaftStorage:Storage Directory /workdir/hadoop-ozone/integration-test/target/test-dir/MiniOzoneClusterImpl-5f167f52-bad4-483d-8ef4-c1e76e705afb/datanode-5/data/ratis/41c19b93-8fa4-48bf-a3ad-ac71e24596ff
2019-09-25 05:41:10,305 [pool-77-thread-1] INFO  server.RaftServerConfigKeys (ConfUtils.java:logGet(43)) - raft.server.log.queue.byte-limit = 2147483647 (custom)
2019-09-25 05:41:10,305 [pool-77-thread-1] INFO  server.RaftServerConfigKeys (ConfUtils.java:logGet(43)) - raft.server.log.queue.element-limit = 1024 (custom)
2019-09-25 05:41:10,305 [pool-77-thread-1] INFO  server.RaftServerConfigKeys (ConfUtils.java:logGet(43)) - raft.server.log.segment.size.max = 1048576 (custom)
2019-09-25 05:41:10,305 [pool-77-thread-1] INFO  server.RaftServerConfigKeys (ConfUtils.java:logGet(43)) - raft.server.log.preallocated.size = 16384 (custom)
2019-09-25 05:41:10,305 [pool-77-thread-1] INFO  server.RaftServerConfigKeys (ConfUtils.java:logGet(43)) - raft.server.log.write.buffer.size = 33554432 (custom)
2019-09-25 05:41:10,305 [pool-77-thread-1] INFO  server.RaftServerConfigKeys (ConfUtils.java:logGet(43)) - raft.server.log.force.sync.num = 128 (default)
2019-09-25 05:41:10,306 [pool-77-thread-1] INFO  server.RaftServerConfigKeys (ConfUtils.java:logGet(43)) - raft.server.log.statemachine.data.sync = true (default)
2019-09-25 05:41:10,306 [pool-77-thread-1] INFO  server.RaftServerConfigKeys (ConfUtils.java:logGet(43)) - raft.server.log.statemachine.data.sync.timeout = 10s (default)
2019-09-25 05:41:10,306 [pool-77-thread-1] INFO  server.RaftServerConfigKeys (ConfUtils.java:logGet(43)) - raft.server.log.statemachine.data.sync.timeout.retry = -1 (default)
2019-09-25 05:41:10,306 [pool-77-thread-1] INFO  server.RaftServerConfigKeys (ConfUtils.java:logGet(43)) - raft.server.log.statemachine.data.caching.enabled = true (custom)
2019-09-25 05:41:10,306 [pool-77-thread-1] INFO  segmented.SegmentedRaftLogWorker (SegmentedRaftLogWorker.java:lambda$new$0(132)) - c1b8ccaf-89e0-45fc-9fa3-d1b440a7dff4@group-AC71E24596FF-SegmentedRaftLogWorker: flushIndex: setUnconditionally 0 -> -1
2019-09-25 05:41:10,306 [pool-77-thread-1] INFO  server.RaftServerConfigKeys (ConfUtils.java:logGet(43)) - raft.server.snapshot.auto.trigger.enabled = true (custom)
2019-09-25 05:41:10,306 [pool-77-thread-1] INFO  server.RaftServerConfigKeys (ConfUtils.java:logGet(43)) - raft.server.snapshot.auto.trigger.threshold = 10000 (custom)
2019-09-25 05:41:10,307 [pool-77-thread-1] INFO  server.RaftServerConfigKeys (ConfUtils.java:logGet(43)) - raft.server.snapshot.retention.num.files = 5 (custom)
2019-09-25 05:41:10,307 [pool-77-thread-1] INFO  server.RaftServerConfigKeys (ConfUtils.java:logGet(43)) - raft.server.retrycache.expirytime = 600000ms (custom)
2019-09-25 05:41:10,308 [pool-77-thread-1] INFO  impl.RaftServerImpl (RaftServerImpl.java:start(185)) - c1b8ccaf-89e0-45fc-9fa3-d1b440a7dff4@group-AC71E24596FF: start as a follower, conf=-1: [c1b8ccaf-89e0-45fc-9fa3-d1b440a7dff4:192.168.30.10:35376], old=null
2019-09-25 05:41:10,308 [pool-77-thread-1] INFO  impl.RaftServerImpl (RaftServerImpl.java:setRole(174)) - c1b8ccaf-89e0-45fc-9fa3-d1b440a7dff4@group-AC71E24596FF: changes role from      null to FOLLOWER at term 0 for startAsFollower
2019-09-25 05:41:10,308 [pool-77-thread-1] INFO  impl.RoleInfo (RoleInfo.java:updateAndGet(143)) - c1b8ccaf-89e0-45fc-9fa3-d1b440a7dff4: start FollowerState
2019-09-25 05:41:10,309 [pool-77-thread-1] INFO  util.JmxRegister (JmxRegister.java:tryRegister(44)) - Successfully registered JMX Bean with object name Ratis:service=RaftServer,group=group-AC71E24596FF,id=c1b8ccaf-89e0-45fc-9fa3-d1b440a7dff4
2019-09-25 05:41:10,313 [RatisPipelineUtilsThread] INFO  pipeline.PipelineStateManager (PipelineStateManager.java:addPipeline(56)) - Created pipeline Pipeline[ Id: 41c19b93-8fa4-48bf-a3ad-ac71e24596ff, Nodes: c1b8ccaf-89e0-45fc-9fa3-d1b440a7dff4{ip: 192.168.30.10, host: pr-hdds-1569-s62bp-3040748787, networkLocation: /default-rack, certSerialId: null}, Type:RATIS, Factor:ONE, State:OPEN]
2019-09-25 05:41:10,313 [RatisPipelineUtilsThread] INFO  pipeline.PipelinePlacementPolicy (PipelinePlacementPolicy.java:meetCriteria(91)) - Pipeline Placement: Doesn't meet the criteria to be viable node： ddbbae55-12b9-461a-b1dd-678d37e66059 Heaviness: 6 limit: 5
2019-09-25 05:41:10,313 [RatisPipelineUtilsThread] INFO  pipeline.PipelinePlacementPolicy (PipelinePlacementPolicy.java:meetCriteria(91)) - Pipeline Placement: Doesn't meet the criteria to be viable node： a0f9784c-b240-4740-a75c-f623c7ee251f Heaviness: 6 limit: 5
2019-09-25 05:41:10,313 [RatisPipelineUtilsThread] INFO  pipeline.PipelinePlacementPolicy (PipelinePlacementPolicy.java:meetCriteria(91)) - Pipeline Placement: Doesn't meet the criteria to be viable node： 9c5364a7-ba03-46bb-ba71-b490d4b445f4 Heaviness: 6 limit: 5
2019-09-25 05:41:10,313 [RatisPipelineUtilsThread] INFO  pipeline.PipelinePlacementPolicy (PipelinePlacementPolicy.java:meetCriteria(91)) - Pipeline Placement: Doesn't meet the criteria to be viable node： ba526371-bbb0-45ae-a73e-928578471dee Heaviness: 6 limit: 5
2019-09-25 05:41:10,313 [RatisPipelineUtilsThread] INFO  pipeline.PipelinePlacementPolicy (PipelinePlacementPolicy.java:meetCriteria(91)) - Pipeline Placement: Doesn't meet the criteria to be viable node： c1b8ccaf-89e0-45fc-9fa3-d1b440a7dff4 Heaviness: 6 limit: 5
2019-09-25 05:41:10,321 [grpc-default-executor-1] INFO  impl.RaftServerProxy (RaftServerProxy.java:addNew(89)) - fe7430cd-f76a-4ec3-9a68-9236192633d5: addNew group-2F5E2FD484F5:[fe7430cd-f76a-4ec3-9a68-9236192633d5:192.168.30.10:33443] returns group-2F5E2FD484F5:java.util.concurrent.CompletableFuture@6d6e90d7[Not completed]
2019-09-25 05:41:10,322 [pool-27-thread-1] INFO  impl.RaftServerImpl (RaftServerImpl.java:<init>(95)) - fe7430cd-f76a-4ec3-9a68-9236192633d5: new RaftServerImpl for group-2F5E2FD484F5:[fe7430cd-f76a-4ec3-9a68-9236192633d5:192.168.30.10:33443] with ContainerStateMachine:uninitialized
2019-09-25 05:41:10,322 [pool-27-thread-1] INFO  server.RaftServerConfigKeys (ConfUtils.java:logGet(43)) - raft.server.rpc.timeout.min = 5s (custom)
2019-09-25 05:41:10,322 [pool-27-thread-1] INFO  server.RaftServerConfigKeys (ConfUtils.java:logGet(43)) - raft.server.rpc.timeout.max = 5200ms (custom)
2019-09-25 05:41:10,322 [pool-27-thread-1] INFO  server.RaftServerConfigKeys (ConfUtils.java:logGet(43)) - raft.server.rpcslowness.timeout = 120s (custom)
2019-09-25 05:41:10,322 [pool-27-thread-1] INFO  server.RaftServerConfigKeys (ConfUtils.java:logGet(43)) - raft.server.sleep.deviation.threshold = 300 (default)
2019-09-25 05:41:10,322 [pool-27-thread-1] INFO  server.RaftServerConfigKeys (ConfUtils.java:logGet(43)) - raft.server.log.appender.install.snapshot.enabled = false (custom)
2019-09-25 05:41:10,323 [pool-27-thread-1] INFO  impl.RaftServerImpl (ServerState.java:<init>(103)) - fe7430cd-f76a-4ec3-9a68-9236192633d5@group-2F5E2FD484F5: ConfigurationManager, init=-1: [fe7430cd-f76a-4ec3-9a68-9236192633d5:192.168.30.10:33443], old=null, confs=<EMPTY_MAP>
2019-09-25 05:41:10,323 [pool-27-thread-1] INFO  server.RaftServerConfigKeys (ConfUtils.java:logGet(43)) - raft.server.storage.dir = [/workdir/hadoop-ozone/integration-test/target/test-dir/MiniOzoneClusterImpl-5f167f52-bad4-483d-8ef4-c1e76e705afb/datanode-0/data/ratis] (custom)
2019-09-25 05:41:10,323 [pool-27-thread-1] INFO  storage.RaftStorageDirectory (RaftStorageDirectory.java:analyzeStorage(246)) - The storage directory /workdir/hadoop-ozone/integration-test/target/test-dir/MiniOzoneClusterImpl-5f167f52-bad4-483d-8ef4-c1e76e705afb/datanode-0/data/ratis/ae6720ba-61a2-485d-a196-2f5e2fd484f5 does not exist. Creating ...
2019-09-25 05:41:10,336 [pool-27-thread-1] INFO  storage.RaftStorageDirectory (RaftStorageDirectory.java:tryLock(328)) - Lock on /workdir/hadoop-ozone/integration-test/target/test-dir/MiniOzoneClusterImpl-5f167f52-bad4-483d-8ef4-c1e76e705afb/datanode-0/data/ratis/ae6720ba-61a2-485d-a196-2f5e2fd484f5/in_use.lock acquired by nodename 13539@pr-hdds-1569-s62bp-3040748787
2019-09-25 05:41:10,349 [pool-27-thread-1] INFO  storage.RaftStorage (RaftStorage.java:format(72)) - Storage directory /workdir/hadoop-ozone/integration-test/target/test-dir/MiniOzoneClusterImpl-5f167f52-bad4-483d-8ef4-c1e76e705afb/datanode-0/data/ratis/ae6720ba-61a2-485d-a196-2f5e2fd484f5 has been successfully formatted.
2019-09-25 05:41:10,349 [pool-27-thread-1] INFO  ratis.ContainerStateMachine (ContainerStateMachine.java:loadSnapshot(230)) - group-2F5E2FD484F5: The snapshot info is null. Setting the last applied indexto:(t:0, i:~)
2019-09-25 05:41:10,349 [pool-27-thread-1] INFO  server.RaftServerConfigKeys (ConfUtils.java:logGet(43)) - raft.server.notification.no-leader.timeout = 120s (custom)
2019-09-25 05:41:10,349 [pool-27-thread-1] INFO  server.RaftServerConfigKeys (ConfUtils.java:logGet(43)) - raft.server.log.use.memory = false (default)
2019-09-25 05:41:10,349 [pool-27-thread-1] INFO  server.RaftServerConfigKeys (ConfUtils.java:logGet(43)) - raft.server.log.purge.gap = 1000000 (custom)
2019-09-25 05:41:10,349 [pool-27-thread-1] INFO  server.RaftServerConfigKeys (ConfUtils.java:logGet(43)) - raft.server.log.appender.buffer.byte-limit = 33554432 (custom)
2019-09-25 05:41:10,349 [pool-27-thread-1] INFO  server.RaftServerConfigKeys (ConfUtils.java:logGet(43)) - raft.server.log.segment.size.max = 1048576 (custom)
2019-09-25 05:41:10,349 [pool-27-thread-1] INFO  server.RaftServerConfigKeys (ConfUtils.java:logGet(43)) - raft.server.log.segment.cache.num.max = 2 (custom)
2019-09-25 05:41:10,349 [pool-27-thread-1] INFO  segmented.SegmentedRaftLogWorker (SegmentedRaftLogWorker.java:<init>(172)) - new fe7430cd-f76a-4ec3-9a68-9236192633d5@group-2F5E2FD484F5-SegmentedRaftLogWorker for RaftStorage:Storage Directory /workdir/hadoop-ozone/integration-test/target/test-dir/MiniOzoneClusterImpl-5f167f52-bad4-483d-8ef4-c1e76e705afb/datanode-0/data/ratis/ae6720ba-61a2-485d-a196-2f5e2fd484f5
2019-09-25 05:41:10,350 [pool-27-thread-1] INFO  server.RaftServerConfigKeys (ConfUtils.java:logGet(43)) - raft.server.log.queue.byte-limit = 2147483647 (custom)
2019-09-25 05:41:10,350 [pool-27-thread-1] INFO  server.RaftServerConfigKeys (ConfUtils.java:logGet(43)) - raft.server.log.queue.element-limit = 1024 (custom)
2019-09-25 05:41:10,350 [pool-27-thread-1] INFO  server.RaftServerConfigKeys (ConfUtils.java:logGet(43)) - raft.server.log.segment.size.max = 1048576 (custom)
2019-09-25 05:41:10,350 [pool-27-thread-1] INFO  server.RaftServerConfigKeys (ConfUtils.java:logGet(43)) - raft.server.log.preallocated.size = 16384 (custom)
2019-09-25 05:41:10,350 [pool-27-thread-1] INFO  server.RaftServerConfigKeys (ConfUtils.java:logGet(43)) - raft.server.log.write.buffer.size = 33554432 (custom)
2019-09-25 05:41:10,350 [pool-27-thread-1] INFO  server.RaftServerConfigKeys (ConfUtils.java:logGet(43)) - raft.server.log.force.sync.num = 128 (default)
2019-09-25 05:41:10,350 [pool-27-thread-1] INFO  server.RaftServerConfigKeys (ConfUtils.java:logGet(43)) - raft.server.log.statemachine.data.sync = true (default)
2019-09-25 05:41:10,350 [pool-27-thread-1] INFO  server.RaftServerConfigKeys (ConfUtils.java:logGet(43)) - raft.server.log.statemachine.data.sync.timeout = 10s (default)
2019-09-25 05:41:10,350 [pool-27-thread-1] INFO  server.RaftServerConfigKeys (ConfUtils.java:logGet(43)) - raft.server.log.statemachine.data.sync.timeout.retry = -1 (default)
2019-09-25 05:41:10,350 [pool-27-thread-1] INFO  server.RaftServerConfigKeys (ConfUtils.java:logGet(43)) - raft.server.log.statemachine.data.caching.enabled = true (custom)
2019-09-25 05:41:10,351 [pool-27-thread-1] INFO  segmented.SegmentedRaftLogWorker (SegmentedRaftLogWorker.java:lambda$new$0(132)) - fe7430cd-f76a-4ec3-9a68-9236192633d5@group-2F5E2FD484F5-SegmentedRaftLogWorker: flushIndex: setUnconditionally 0 -> -1
2019-09-25 05:41:10,351 [pool-27-thread-1] INFO  server.RaftServerConfigKeys (ConfUtils.java:logGet(43)) - raft.server.snapshot.auto.trigger.enabled = true (custom)
2019-09-25 05:41:10,351 [pool-27-thread-1] INFO  server.RaftServerConfigKeys (ConfUtils.java:logGet(43)) - raft.server.snapshot.auto.trigger.threshold = 10000 (custom)
2019-09-25 05:41:10,351 [pool-27-thread-1] INFO  server.RaftServerConfigKeys (ConfUtils.java:logGet(43)) - raft.server.snapshot.retention.num.files = 5 (custom)
2019-09-25 05:41:10,351 [pool-27-thread-1] INFO  server.RaftServerConfigKeys (ConfUtils.java:logGet(43)) - raft.server.retrycache.expirytime = 600000ms (custom)
2019-09-25 05:41:10,353 [pool-27-thread-1] INFO  impl.RaftServerImpl (RaftServerImpl.java:start(185)) - fe7430cd-f76a-4ec3-9a68-9236192633d5@group-2F5E2FD484F5: start as a follower, conf=-1: [fe7430cd-f76a-4ec3-9a68-9236192633d5:192.168.30.10:33443], old=null
2019-09-25 05:41:10,353 [pool-27-thread-1] INFO  impl.RaftServerImpl (RaftServerImpl.java:setRole(174)) - fe7430cd-f76a-4ec3-9a68-9236192633d5@group-2F5E2FD484F5: changes role from      null to FOLLOWER at term 0 for startAsFollower
2019-09-25 05:41:10,353 [pool-27-thread-1] INFO  impl.RoleInfo (RoleInfo.java:updateAndGet(143)) - fe7430cd-f76a-4ec3-9a68-9236192633d5: start FollowerState
2019-09-25 05:41:10,353 [pool-27-thread-1] INFO  util.JmxRegister (JmxRegister.java:tryRegister(44)) - Successfully registered JMX Bean with object name Ratis:service=RaftServer,group=group-2F5E2FD484F5,id=fe7430cd-f76a-4ec3-9a68-9236192633d5
2019-09-25 05:41:10,357 [RatisPipelineUtilsThread] INFO  pipeline.PipelineStateManager (PipelineStateManager.java:addPipeline(56)) - Created pipeline Pipeline[ Id: ae6720ba-61a2-485d-a196-2f5e2fd484f5, Nodes: fe7430cd-f76a-4ec3-9a68-9236192633d5{ip: 192.168.30.10, host: pr-hdds-1569-s62bp-3040748787, networkLocation: /default-rack, certSerialId: null}, Type:RATIS, Factor:ONE, State:OPEN]
2019-09-25 05:41:10,357 [RatisPipelineUtilsThread] INFO  pipeline.PipelinePlacementPolicy (PipelinePlacementPolicy.java:meetCriteria(91)) - Pipeline Placement: Doesn't meet the criteria to be viable node： ddbbae55-12b9-461a-b1dd-678d37e66059 Heaviness: 6 limit: 5
2019-09-25 05:41:10,357 [RatisPipelineUtilsThread] INFO  pipeline.PipelinePlacementPolicy (PipelinePlacementPolicy.java:meetCriteria(91)) - Pipeline Placement: Doesn't meet the criteria to be viable node： a0f9784c-b240-4740-a75c-f623c7ee251f Heaviness: 6 limit: 5
2019-09-25 05:41:10,357 [RatisPipelineUtilsThread] INFO  pipeline.PipelinePlacementPolicy (PipelinePlacementPolicy.java:meetCriteria(91)) - Pipeline Placement: Doesn't meet the criteria to be viable node： 9c5364a7-ba03-46bb-ba71-b490d4b445f4 Heaviness: 6 limit: 5
2019-09-25 05:41:10,358 [RatisPipelineUtilsThread] INFO  pipeline.PipelinePlacementPolicy (PipelinePlacementPolicy.java:meetCriteria(91)) - Pipeline Placement: Doesn't meet the criteria to be viable node： ba526371-bbb0-45ae-a73e-928578471dee Heaviness: 6 limit: 5
2019-09-25 05:41:10,358 [RatisPipelineUtilsThread] INFO  pipeline.PipelinePlacementPolicy (PipelinePlacementPolicy.java:meetCriteria(91)) - Pipeline Placement: Doesn't meet the criteria to be viable node： c1b8ccaf-89e0-45fc-9fa3-d1b440a7dff4 Heaviness: 6 limit: 5
2019-09-25 05:41:10,366 [grpc-default-executor-1] INFO  impl.RaftServerProxy (RaftServerProxy.java:addNew(89)) - fe7430cd-f76a-4ec3-9a68-9236192633d5: addNew group-906593A9C66A:[fe7430cd-f76a-4ec3-9a68-9236192633d5:192.168.30.10:33443] returns group-906593A9C66A:java.util.concurrent.CompletableFuture@76bff15[Not completed]
2019-09-25 05:41:10,366 [pool-27-thread-1] INFO  impl.RaftServerImpl (RaftServerImpl.java:<init>(95)) - fe7430cd-f76a-4ec3-9a68-9236192633d5: new RaftServerImpl for group-906593A9C66A:[fe7430cd-f76a-4ec3-9a68-9236192633d5:192.168.30.10:33443] with ContainerStateMachine:uninitialized
2019-09-25 05:41:10,367 [pool-27-thread-1] INFO  server.RaftServerConfigKeys (ConfUtils.java:logGet(43)) - raft.server.rpc.timeout.min = 5s (custom)
2019-09-25 05:41:10,367 [pool-27-thread-1] INFO  server.RaftServerConfigKeys (ConfUtils.java:logGet(43)) - raft.server.rpc.timeout.max = 5200ms (custom)
2019-09-25 05:41:10,367 [pool-27-thread-1] INFO  server.RaftServerConfigKeys (ConfUtils.java:logGet(43)) - raft.server.rpcslowness.timeout = 120s (custom)
2019-09-25 05:41:10,367 [pool-27-thread-1] INFO  server.RaftServerConfigKeys (ConfUtils.java:logGet(43)) - raft.server.sleep.deviation.threshold = 300 (default)
2019-09-25 05:41:10,367 [pool-27-thread-1] INFO  server.RaftServerConfigKeys (ConfUtils.java:logGet(43)) - raft.server.log.appender.install.snapshot.enabled = false (custom)
2019-09-25 05:41:10,367 [pool-27-thread-1] INFO  impl.RaftServerImpl (ServerState.java:<init>(103)) - fe7430cd-f76a-4ec3-9a68-9236192633d5@group-906593A9C66A: ConfigurationManager, init=-1: [fe7430cd-f76a-4ec3-9a68-9236192633d5:192.168.30.10:33443], old=null, confs=<EMPTY_MAP>
2019-09-25 05:41:10,367 [pool-27-thread-1] INFO  server.RaftServerConfigKeys (ConfUtils.java:logGet(43)) - raft.server.storage.dir = [/workdir/hadoop-ozone/integration-test/target/test-dir/MiniOzoneClusterImpl-5f167f52-bad4-483d-8ef4-c1e76e705afb/datanode-0/data/ratis] (custom)
2019-09-25 05:41:10,367 [pool-27-thread-1] INFO  storage.RaftStorageDirectory (RaftStorageDirectory.java:analyzeStorage(246)) - The storage directory /workdir/hadoop-ozone/integration-test/target/test-dir/MiniOzoneClusterImpl-5f167f52-bad4-483d-8ef4-c1e76e705afb/datanode-0/data/ratis/70d98ea8-0553-4416-9cd8-906593a9c66a does not exist. Creating ...
2019-09-25 05:41:10,407 [pool-27-thread-1] INFO  storage.RaftStorageDirectory (RaftStorageDirectory.java:tryLock(328)) - Lock on /workdir/hadoop-ozone/integration-test/target/test-dir/MiniOzoneClusterImpl-5f167f52-bad4-483d-8ef4-c1e76e705afb/datanode-0/data/ratis/70d98ea8-0553-4416-9cd8-906593a9c66a/in_use.lock acquired by nodename 13539@pr-hdds-1569-s62bp-3040748787
2019-09-25 05:41:10,421 [pool-27-thread-1] INFO  storage.RaftStorage (RaftStorage.java:format(72)) - Storage directory /workdir/hadoop-ozone/integration-test/target/test-dir/MiniOzoneClusterImpl-5f167f52-bad4-483d-8ef4-c1e76e705afb/datanode-0/data/ratis/70d98ea8-0553-4416-9cd8-906593a9c66a has been successfully formatted.
2019-09-25 05:41:10,423 [pool-27-thread-1] INFO  ratis.ContainerStateMachine (ContainerStateMachine.java:loadSnapshot(230)) - group-906593A9C66A: The snapshot info is null. Setting the last applied indexto:(t:0, i:~)
2019-09-25 05:41:10,423 [pool-27-thread-1] INFO  server.RaftServerConfigKeys (ConfUtils.java:logGet(43)) - raft.server.notification.no-leader.timeout = 120s (custom)
2019-09-25 05:41:10,423 [pool-27-thread-1] INFO  server.RaftServerConfigKeys (ConfUtils.java:logGet(43)) - raft.server.log.use.memory = false (default)
2019-09-25 05:41:10,424 [pool-27-thread-1] INFO  server.RaftServerConfigKeys (ConfUtils.java:logGet(43)) - raft.server.log.purge.gap = 1000000 (custom)
2019-09-25 05:41:10,424 [pool-27-thread-1] INFO  server.RaftServerConfigKeys (ConfUtils.java:logGet(43)) - raft.server.log.appender.buffer.byte-limit = 33554432 (custom)
2019-09-25 05:41:10,424 [pool-27-thread-1] INFO  server.RaftServerConfigKeys (ConfUtils.java:logGet(43)) - raft.server.log.segment.size.max = 1048576 (custom)
2019-09-25 05:41:10,424 [pool-27-thread-1] INFO  server.RaftServerConfigKeys (ConfUtils.java:logGet(43)) - raft.server.log.segment.cache.num.max = 2 (custom)
2019-09-25 05:41:10,424 [pool-27-thread-1] INFO  segmented.SegmentedRaftLogWorker (SegmentedRaftLogWorker.java:<init>(172)) - new fe7430cd-f76a-4ec3-9a68-9236192633d5@group-906593A9C66A-SegmentedRaftLogWorker for RaftStorage:Storage Directory /workdir/hadoop-ozone/integration-test/target/test-dir/MiniOzoneClusterImpl-5f167f52-bad4-483d-8ef4-c1e76e705afb/datanode-0/data/ratis/70d98ea8-0553-4416-9cd8-906593a9c66a
2019-09-25 05:41:10,424 [pool-27-thread-1] INFO  server.RaftServerConfigKeys (ConfUtils.java:logGet(43)) - raft.server.log.queue.byte-limit = 2147483647 (custom)
2019-09-25 05:41:10,424 [pool-27-thread-1] INFO  server.RaftServerConfigKeys (ConfUtils.java:logGet(43)) - raft.server.log.queue.element-limit = 1024 (custom)
2019-09-25 05:41:10,424 [pool-27-thread-1] INFO  server.RaftServerConfigKeys (ConfUtils.java:logGet(43)) - raft.server.log.segment.size.max = 1048576 (custom)
2019-09-25 05:41:10,424 [pool-27-thread-1] INFO  server.RaftServerConfigKeys (ConfUtils.java:logGet(43)) - raft.server.log.preallocated.size = 16384 (custom)
2019-09-25 05:41:10,424 [pool-27-thread-1] INFO  server.RaftServerConfigKeys (ConfUtils.java:logGet(43)) - raft.server.log.write.buffer.size = 33554432 (custom)
2019-09-25 05:41:10,424 [pool-27-thread-1] INFO  server.RaftServerConfigKeys (ConfUtils.java:logGet(43)) - raft.server.log.force.sync.num = 128 (default)
2019-09-25 05:41:10,425 [pool-27-thread-1] INFO  server.RaftServerConfigKeys (ConfUtils.java:logGet(43)) - raft.server.log.statemachine.data.sync = true (default)
2019-09-25 05:41:10,425 [pool-27-thread-1] INFO  server.RaftServerConfigKeys (ConfUtils.java:logGet(43)) - raft.server.log.statemachine.data.sync.timeout = 10s (default)
2019-09-25 05:41:10,425 [pool-27-thread-1] INFO  server.RaftServerConfigKeys (ConfUtils.java:logGet(43)) - raft.server.log.statemachine.data.sync.timeout.retry = -1 (default)
2019-09-25 05:41:10,425 [pool-27-thread-1] INFO  server.RaftServerConfigKeys (ConfUtils.java:logGet(43)) - raft.server.log.statemachine.data.caching.enabled = true (custom)
2019-09-25 05:41:10,425 [pool-27-thread-1] INFO  segmented.SegmentedRaftLogWorker (SegmentedRaftLogWorker.java:lambda$new$0(132)) - fe7430cd-f76a-4ec3-9a68-9236192633d5@group-906593A9C66A-SegmentedRaftLogWorker: flushIndex: setUnconditionally 0 -> -1
2019-09-25 05:41:10,425 [pool-27-thread-1] INFO  server.RaftServerConfigKeys (ConfUtils.java:logGet(43)) - raft.server.snapshot.auto.trigger.enabled = true (custom)
2019-09-25 05:41:10,425 [pool-27-thread-1] INFO  server.RaftServerConfigKeys (ConfUtils.java:logGet(43)) - raft.server.snapshot.auto.trigger.threshold = 10000 (custom)
2019-09-25 05:41:10,426 [pool-27-thread-1] INFO  server.RaftServerConfigKeys (ConfUtils.java:logGet(43)) - raft.server.snapshot.retention.num.files = 5 (custom)
2019-09-25 05:41:10,426 [pool-27-thread-1] INFO  server.RaftServerConfigKeys (ConfUtils.java:logGet(43)) - raft.server.retrycache.expirytime = 600000ms (custom)
2019-09-25 05:41:10,427 [pool-27-thread-1] INFO  impl.RaftServerImpl (RaftServerImpl.java:start(185)) - fe7430cd-f76a-4ec3-9a68-9236192633d5@group-906593A9C66A: start as a follower, conf=-1: [fe7430cd-f76a-4ec3-9a68-9236192633d5:192.168.30.10:33443], old=null
2019-09-25 05:41:10,427 [pool-27-thread-1] INFO  impl.RaftServerImpl (RaftServerImpl.java:setRole(174)) - fe7430cd-f76a-4ec3-9a68-9236192633d5@group-906593A9C66A: changes role from      null to FOLLOWER at term 0 for startAsFollower
2019-09-25 05:41:10,427 [pool-27-thread-1] INFO  impl.RoleInfo (RoleInfo.java:updateAndGet(143)) - fe7430cd-f76a-4ec3-9a68-9236192633d5: start FollowerState
2019-09-25 05:41:10,428 [pool-27-thread-1] INFO  util.JmxRegister (JmxRegister.java:tryRegister(44)) - Successfully registered JMX Bean with object name Ratis:service=RaftServer,group=group-906593A9C66A,id=fe7430cd-f76a-4ec3-9a68-9236192633d5
2019-09-25 05:41:10,432 [RatisPipelineUtilsThread] INFO  pipeline.PipelineStateManager (PipelineStateManager.java:addPipeline(56)) - Created pipeline Pipeline[ Id: 70d98ea8-0553-4416-9cd8-906593a9c66a, Nodes: fe7430cd-f76a-4ec3-9a68-9236192633d5{ip: 192.168.30.10, host: pr-hdds-1569-s62bp-3040748787, networkLocation: /default-rack, certSerialId: null}, Type:RATIS, Factor:ONE, State:OPEN]
2019-09-25 05:41:10,432 [RatisPipelineUtilsThread] INFO  pipeline.PipelinePlacementPolicy (PipelinePlacementPolicy.java:meetCriteria(91)) - Pipeline Placement: Doesn't meet the criteria to be viable node： ddbbae55-12b9-461a-b1dd-678d37e66059 Heaviness: 6 limit: 5
2019-09-25 05:41:10,432 [RatisPipelineUtilsThread] INFO  pipeline.PipelinePlacementPolicy (PipelinePlacementPolicy.java:meetCriteria(91)) - Pipeline Placement: Doesn't meet the criteria to be viable node： a0f9784c-b240-4740-a75c-f623c7ee251f Heaviness: 6 limit: 5
2019-09-25 05:41:10,432 [RatisPipelineUtilsThread] INFO  pipeline.PipelinePlacementPolicy (PipelinePlacementPolicy.java:meetCriteria(91)) - Pipeline Placement: Doesn't meet the criteria to be viable node： fe7430cd-f76a-4ec3-9a68-9236192633d5 Heaviness: 6 limit: 5
2019-09-25 05:41:10,433 [RatisPipelineUtilsThread] INFO  pipeline.PipelinePlacementPolicy (PipelinePlacementPolicy.java:meetCriteria(91)) - Pipeline Placement: Doesn't meet the criteria to be viable node： 9c5364a7-ba03-46bb-ba71-b490d4b445f4 Heaviness: 6 limit: 5
2019-09-25 05:41:10,433 [RatisPipelineUtilsThread] INFO  pipeline.PipelinePlacementPolicy (PipelinePlacementPolicy.java:meetCriteria(91)) - Pipeline Placement: Doesn't meet the criteria to be viable node： ba526371-bbb0-45ae-a73e-928578471dee Heaviness: 6 limit: 5
2019-09-25 05:41:10,433 [RatisPipelineUtilsThread] INFO  pipeline.PipelinePlacementPolicy (PipelinePlacementPolicy.java:meetCriteria(91)) - Pipeline Placement: Doesn't meet the criteria to be viable node： c1b8ccaf-89e0-45fc-9fa3-d1b440a7dff4 Heaviness: 6 limit: 5
2019-09-25 05:41:10,442 [grpc-default-executor-1] INFO  impl.RaftServerProxy (RaftServerProxy.java:addNew(89)) - b174d07b-8033-4c6a-8b88-597cc4628727: addNew group-58F32A8E9FB0:[b174d07b-8033-4c6a-8b88-597cc4628727:192.168.30.10:38637] returns group-58F32A8E9FB0:java.util.concurrent.CompletableFuture@72a3c40[Not completed]
2019-09-25 05:41:10,442 [pool-67-thread-1] INFO  impl.RaftServerImpl (RaftServerImpl.java:<init>(95)) - b174d07b-8033-4c6a-8b88-597cc4628727: new RaftServerImpl for group-58F32A8E9FB0:[b174d07b-8033-4c6a-8b88-597cc4628727:192.168.30.10:38637] with ContainerStateMachine:uninitialized
2019-09-25 05:41:10,443 [pool-67-thread-1] INFO  server.RaftServerConfigKeys (ConfUtils.java:logGet(43)) - raft.server.rpc.timeout.min = 5s (custom)
2019-09-25 05:41:10,443 [pool-67-thread-1] INFO  server.RaftServerConfigKeys (ConfUtils.java:logGet(43)) - raft.server.rpc.timeout.max = 5200ms (custom)
2019-09-25 05:41:10,443 [pool-67-thread-1] INFO  server.RaftServerConfigKeys (ConfUtils.java:logGet(43)) - raft.server.rpcslowness.timeout = 120s (custom)
2019-09-25 05:41:10,443 [pool-67-thread-1] INFO  server.RaftServerConfigKeys (ConfUtils.java:logGet(43)) - raft.server.sleep.deviation.threshold = 300 (default)
2019-09-25 05:41:10,443 [pool-67-thread-1] INFO  server.RaftServerConfigKeys (ConfUtils.java:logGet(43)) - raft.server.log.appender.install.snapshot.enabled = false (custom)
2019-09-25 05:41:10,443 [pool-67-thread-1] INFO  impl.RaftServerImpl (ServerState.java:<init>(103)) - b174d07b-8033-4c6a-8b88-597cc4628727@group-58F32A8E9FB0: ConfigurationManager, init=-1: [b174d07b-8033-4c6a-8b88-597cc4628727:192.168.30.10:38637], old=null, confs=<EMPTY_MAP>
2019-09-25 05:41:10,443 [pool-67-thread-1] INFO  server.RaftServerConfigKeys (ConfUtils.java:logGet(43)) - raft.server.storage.dir = [/workdir/hadoop-ozone/integration-test/target/test-dir/MiniOzoneClusterImpl-5f167f52-bad4-483d-8ef4-c1e76e705afb/datanode-4/data/ratis] (custom)
2019-09-25 05:41:10,443 [pool-67-thread-1] INFO  storage.RaftStorageDirectory (RaftStorageDirectory.java:analyzeStorage(246)) - The storage directory /workdir/hadoop-ozone/integration-test/target/test-dir/MiniOzoneClusterImpl-5f167f52-bad4-483d-8ef4-c1e76e705afb/datanode-4/data/ratis/b1ad873e-fdc7-41e9-ad42-58f32a8e9fb0 does not exist. Creating ...
2019-09-25 05:41:10,456 [pool-67-thread-1] INFO  storage.RaftStorageDirectory (RaftStorageDirectory.java:tryLock(328)) - Lock on /workdir/hadoop-ozone/integration-test/target/test-dir/MiniOzoneClusterImpl-5f167f52-bad4-483d-8ef4-c1e76e705afb/datanode-4/data/ratis/b1ad873e-fdc7-41e9-ad42-58f32a8e9fb0/in_use.lock acquired by nodename 13539@pr-hdds-1569-s62bp-3040748787
2019-09-25 05:41:10,471 [pool-67-thread-1] INFO  storage.RaftStorage (RaftStorage.java:format(72)) - Storage directory /workdir/hadoop-ozone/integration-test/target/test-dir/MiniOzoneClusterImpl-5f167f52-bad4-483d-8ef4-c1e76e705afb/datanode-4/data/ratis/b1ad873e-fdc7-41e9-ad42-58f32a8e9fb0 has been successfully formatted.
2019-09-25 05:41:10,471 [pool-67-thread-1] INFO  ratis.ContainerStateMachine (ContainerStateMachine.java:loadSnapshot(230)) - group-58F32A8E9FB0: The snapshot info is null. Setting the last applied indexto:(t:0, i:~)
2019-09-25 05:41:10,471 [pool-67-thread-1] INFO  server.RaftServerConfigKeys (ConfUtils.java:logGet(43)) - raft.server.notification.no-leader.timeout = 120s (custom)
2019-09-25 05:41:10,471 [pool-67-thread-1] INFO  server.RaftServerConfigKeys (ConfUtils.java:logGet(43)) - raft.server.log.use.memory = false (default)
2019-09-25 05:41:10,471 [pool-67-thread-1] INFO  server.RaftServerConfigKeys (ConfUtils.java:logGet(43)) - raft.server.log.purge.gap = 1000000 (custom)
2019-09-25 05:41:10,471 [pool-67-thread-1] INFO  server.RaftServerConfigKeys (ConfUtils.java:logGet(43)) - raft.server.log.appender.buffer.byte-limit = 33554432 (custom)
2019-09-25 05:41:10,471 [pool-67-thread-1] INFO  server.RaftServerConfigKeys (ConfUtils.java:logGet(43)) - raft.server.log.segment.size.max = 1048576 (custom)
2019-09-25 05:41:10,472 [pool-67-thread-1] INFO  server.RaftServerConfigKeys (ConfUtils.java:logGet(43)) - raft.server.log.segment.cache.num.max = 2 (custom)
2019-09-25 05:41:10,472 [pool-67-thread-1] INFO  segmented.SegmentedRaftLogWorker (SegmentedRaftLogWorker.java:<init>(172)) - new b174d07b-8033-4c6a-8b88-597cc4628727@group-58F32A8E9FB0-SegmentedRaftLogWorker for RaftStorage:Storage Directory /workdir/hadoop-ozone/integration-test/target/test-dir/MiniOzoneClusterImpl-5f167f52-bad4-483d-8ef4-c1e76e705afb/datanode-4/data/ratis/b1ad873e-fdc7-41e9-ad42-58f32a8e9fb0
2019-09-25 05:41:10,472 [pool-67-thread-1] INFO  server.RaftServerConfigKeys (ConfUtils.java:logGet(43)) - raft.server.log.queue.byte-limit = 2147483647 (custom)
2019-09-25 05:41:10,472 [pool-67-thread-1] INFO  server.RaftServerConfigKeys (ConfUtils.java:logGet(43)) - raft.server.log.queue.element-limit = 1024 (custom)
2019-09-25 05:41:10,472 [pool-67-thread-1] INFO  server.RaftServerConfigKeys (ConfUtils.java:logGet(43)) - raft.server.log.segment.size.max = 1048576 (custom)
2019-09-25 05:41:10,472 [pool-67-thread-1] INFO  server.RaftServerConfigKeys (ConfUtils.java:logGet(43)) - raft.server.log.preallocated.size = 16384 (custom)
2019-09-25 05:41:10,472 [pool-67-thread-1] INFO  server.RaftServerConfigKeys (ConfUtils.java:logGet(43)) - raft.server.log.write.buffer.size = 33554432 (custom)
2019-09-25 05:41:10,472 [pool-67-thread-1] INFO  server.RaftServerConfigKeys (ConfUtils.java:logGet(43)) - raft.server.log.force.sync.num = 128 (default)
2019-09-25 05:41:10,473 [pool-67-thread-1] INFO  server.RaftServerConfigKeys (ConfUtils.java:logGet(43)) - raft.server.log.statemachine.data.sync = true (default)
2019-09-25 05:41:10,473 [pool-67-thread-1] INFO  server.RaftServerConfigKeys (ConfUtils.java:logGet(43)) - raft.server.log.statemachine.data.sync.timeout = 10s (default)
2019-09-25 05:41:10,473 [pool-67-thread-1] INFO  server.RaftServerConfigKeys (ConfUtils.java:logGet(43)) - raft.server.log.statemachine.data.sync.timeout.retry = -1 (default)
2019-09-25 05:41:10,473 [pool-67-thread-1] INFO  server.RaftServerConfigKeys (ConfUtils.java:logGet(43)) - raft.server.log.statemachine.data.caching.enabled = true (custom)
2019-09-25 05:41:10,473 [pool-67-thread-1] INFO  segmented.SegmentedRaftLogWorker (SegmentedRaftLogWorker.java:lambda$new$0(132)) - b174d07b-8033-4c6a-8b88-597cc4628727@group-58F32A8E9FB0-SegmentedRaftLogWorker: flushIndex: setUnconditionally 0 -> -1
2019-09-25 05:41:10,473 [pool-67-thread-1] INFO  server.RaftServerConfigKeys (ConfUtils.java:logGet(43)) - raft.server.snapshot.auto.trigger.enabled = true (custom)
2019-09-25 05:41:10,474 [pool-67-thread-1] INFO  server.RaftServerConfigKeys (ConfUtils.java:logGet(43)) - raft.server.snapshot.auto.trigger.threshold = 10000 (custom)
2019-09-25 05:41:10,474 [pool-67-thread-1] INFO  server.RaftServerConfigKeys (ConfUtils.java:logGet(43)) - raft.server.snapshot.retention.num.files = 5 (custom)
2019-09-25 05:41:10,474 [pool-67-thread-1] INFO  server.RaftServerConfigKeys (ConfUtils.java:logGet(43)) - raft.server.retrycache.expirytime = 600000ms (custom)
2019-09-25 05:41:10,476 [pool-67-thread-1] INFO  impl.RaftServerImpl (RaftServerImpl.java:start(185)) - b174d07b-8033-4c6a-8b88-597cc4628727@group-58F32A8E9FB0: start as a follower, conf=-1: [b174d07b-8033-4c6a-8b88-597cc4628727:192.168.30.10:38637], old=null
2019-09-25 05:41:10,476 [pool-67-thread-1] INFO  impl.RaftServerImpl (RaftServerImpl.java:setRole(174)) - b174d07b-8033-4c6a-8b88-597cc4628727@group-58F32A8E9FB0: changes role from      null to FOLLOWER at term 0 for startAsFollower
2019-09-25 05:41:10,476 [pool-67-thread-1] INFO  impl.RoleInfo (RoleInfo.java:updateAndGet(143)) - b174d07b-8033-4c6a-8b88-597cc4628727: start FollowerState
2019-09-25 05:41:10,476 [pool-67-thread-1] INFO  util.JmxRegister (JmxRegister.java:tryRegister(44)) - Successfully registered JMX Bean with object name Ratis:service=RaftServer,group=group-58F32A8E9FB0,id=b174d07b-8033-4c6a-8b88-597cc4628727
2019-09-25 05:41:10,480 [RatisPipelineUtilsThread] INFO  pipeline.PipelineStateManager (PipelineStateManager.java:addPipeline(56)) - Created pipeline Pipeline[ Id: b1ad873e-fdc7-41e9-ad42-58f32a8e9fb0, Nodes: b174d07b-8033-4c6a-8b88-597cc4628727{ip: 192.168.30.10, host: pr-hdds-1569-s62bp-3040748787, networkLocation: /default-rack, certSerialId: null}, Type:RATIS, Factor:ONE, State:OPEN]
2019-09-25 05:41:10,480 [RatisPipelineUtilsThread] INFO  pipeline.PipelinePlacementPolicy (PipelinePlacementPolicy.java:meetCriteria(91)) - Pipeline Placement: Doesn't meet the criteria to be viable node： ddbbae55-12b9-461a-b1dd-678d37e66059 Heaviness: 6 limit: 5
2019-09-25 05:41:10,480 [RatisPipelineUtilsThread] INFO  pipeline.PipelinePlacementPolicy (PipelinePlacementPolicy.java:meetCriteria(91)) - Pipeline Placement: Doesn't meet the criteria to be viable node： a0f9784c-b240-4740-a75c-f623c7ee251f Heaviness: 6 limit: 5
2019-09-25 05:41:10,480 [RatisPipelineUtilsThread] INFO  pipeline.PipelinePlacementPolicy (PipelinePlacementPolicy.java:meetCriteria(91)) - Pipeline Placement: Doesn't meet the criteria to be viable node： fe7430cd-f76a-4ec3-9a68-9236192633d5 Heaviness: 6 limit: 5
2019-09-25 05:41:10,481 [RatisPipelineUtilsThread] INFO  pipeline.PipelinePlacementPolicy (PipelinePlacementPolicy.java:meetCriteria(91)) - Pipeline Placement: Doesn't meet the criteria to be viable node： 9c5364a7-ba03-46bb-ba71-b490d4b445f4 Heaviness: 6 limit: 5
2019-09-25 05:41:10,481 [RatisPipelineUtilsThread] INFO  pipeline.PipelinePlacementPolicy (PipelinePlacementPolicy.java:meetCriteria(91)) - Pipeline Placement: Doesn't meet the criteria to be viable node： ba526371-bbb0-45ae-a73e-928578471dee Heaviness: 6 limit: 5
2019-09-25 05:41:10,481 [RatisPipelineUtilsThread] INFO  pipeline.PipelinePlacementPolicy (PipelinePlacementPolicy.java:meetCriteria(91)) - Pipeline Placement: Doesn't meet the criteria to be viable node： c1b8ccaf-89e0-45fc-9fa3-d1b440a7dff4 Heaviness: 6 limit: 5
2019-09-25 05:41:10,494 [grpc-default-executor-1] INFO  impl.RaftServerProxy (RaftServerProxy.java:addNew(89)) - b174d07b-8033-4c6a-8b88-597cc4628727: addNew group-A11E479A14DC:[b174d07b-8033-4c6a-8b88-597cc4628727:192.168.30.10:38637] returns group-A11E479A14DC:java.util.concurrent.CompletableFuture@52282828[Not completed]
2019-09-25 05:41:10,495 [pool-67-thread-1] INFO  impl.RaftServerImpl (RaftServerImpl.java:<init>(95)) - b174d07b-8033-4c6a-8b88-597cc4628727: new RaftServerImpl for group-A11E479A14DC:[b174d07b-8033-4c6a-8b88-597cc4628727:192.168.30.10:38637] with ContainerStateMachine:uninitialized
2019-09-25 05:41:10,496 [pool-67-thread-1] INFO  server.RaftServerConfigKeys (ConfUtils.java:logGet(43)) - raft.server.rpc.timeout.min = 5s (custom)
2019-09-25 05:41:10,496 [pool-67-thread-1] INFO  server.RaftServerConfigKeys (ConfUtils.java:logGet(43)) - raft.server.rpc.timeout.max = 5200ms (custom)
2019-09-25 05:41:10,496 [pool-67-thread-1] INFO  server.RaftServerConfigKeys (ConfUtils.java:logGet(43)) - raft.server.rpcslowness.timeout = 120s (custom)
2019-09-25 05:41:10,496 [pool-67-thread-1] INFO  server.RaftServerConfigKeys (ConfUtils.java:logGet(43)) - raft.server.sleep.deviation.threshold = 300 (default)
2019-09-25 05:41:10,496 [pool-67-thread-1] INFO  server.RaftServerConfigKeys (ConfUtils.java:logGet(43)) - raft.server.log.appender.install.snapshot.enabled = false (custom)
2019-09-25 05:41:10,496 [pool-67-thread-1] INFO  impl.RaftServerImpl (ServerState.java:<init>(103)) - b174d07b-8033-4c6a-8b88-597cc4628727@group-A11E479A14DC: ConfigurationManager, init=-1: [b174d07b-8033-4c6a-8b88-597cc4628727:192.168.30.10:38637], old=null, confs=<EMPTY_MAP>
2019-09-25 05:41:10,496 [pool-67-thread-1] INFO  server.RaftServerConfigKeys (ConfUtils.java:logGet(43)) - raft.server.storage.dir = [/workdir/hadoop-ozone/integration-test/target/test-dir/MiniOzoneClusterImpl-5f167f52-bad4-483d-8ef4-c1e76e705afb/datanode-4/data/ratis] (custom)
2019-09-25 05:41:10,497 [pool-67-thread-1] INFO  storage.RaftStorageDirectory (RaftStorageDirectory.java:analyzeStorage(246)) - The storage directory /workdir/hadoop-ozone/integration-test/target/test-dir/MiniOzoneClusterImpl-5f167f52-bad4-483d-8ef4-c1e76e705afb/datanode-4/data/ratis/8b821979-4636-452e-95f5-a11e479a14dc does not exist. Creating ...
2019-09-25 05:41:10,510 [pool-67-thread-1] INFO  storage.RaftStorageDirectory (RaftStorageDirectory.java:tryLock(328)) - Lock on /workdir/hadoop-ozone/integration-test/target/test-dir/MiniOzoneClusterImpl-5f167f52-bad4-483d-8ef4-c1e76e705afb/datanode-4/data/ratis/8b821979-4636-452e-95f5-a11e479a14dc/in_use.lock acquired by nodename 13539@pr-hdds-1569-s62bp-3040748787
2019-09-25 05:41:10,523 [pool-67-thread-1] INFO  storage.RaftStorage (RaftStorage.java:format(72)) - Storage directory /workdir/hadoop-ozone/integration-test/target/test-dir/MiniOzoneClusterImpl-5f167f52-bad4-483d-8ef4-c1e76e705afb/datanode-4/data/ratis/8b821979-4636-452e-95f5-a11e479a14dc has been successfully formatted.
2019-09-25 05:41:10,523 [pool-67-thread-1] INFO  ratis.ContainerStateMachine (ContainerStateMachine.java:loadSnapshot(230)) - group-A11E479A14DC: The snapshot info is null. Setting the last applied indexto:(t:0, i:~)
2019-09-25 05:41:10,523 [pool-67-thread-1] INFO  server.RaftServerConfigKeys (ConfUtils.java:logGet(43)) - raft.server.notification.no-leader.timeout = 120s (custom)
2019-09-25 05:41:10,523 [pool-67-thread-1] INFO  server.RaftServerConfigKeys (ConfUtils.java:logGet(43)) - raft.server.log.use.memory = false (default)
2019-09-25 05:41:10,523 [pool-67-thread-1] INFO  server.RaftServerConfigKeys (ConfUtils.java:logGet(43)) - raft.server.log.purge.gap = 1000000 (custom)
2019-09-25 05:41:10,523 [pool-67-thread-1] INFO  server.RaftServerConfigKeys (ConfUtils.java:logGet(43)) - raft.server.log.appender.buffer.byte-limit = 33554432 (custom)
2019-09-25 05:41:10,524 [pool-67-thread-1] INFO  server.RaftServerConfigKeys (ConfUtils.java:logGet(43)) - raft.server.log.segment.size.max = 1048576 (custom)
2019-09-25 05:41:10,524 [pool-67-thread-1] INFO  server.RaftServerConfigKeys (ConfUtils.java:logGet(43)) - raft.server.log.segment.cache.num.max = 2 (custom)
2019-09-25 05:41:10,524 [pool-67-thread-1] INFO  segmented.SegmentedRaftLogWorker (SegmentedRaftLogWorker.java:<init>(172)) - new b174d07b-8033-4c6a-8b88-597cc4628727@group-A11E479A14DC-SegmentedRaftLogWorker for RaftStorage:Storage Directory /workdir/hadoop-ozone/integration-test/target/test-dir/MiniOzoneClusterImpl-5f167f52-bad4-483d-8ef4-c1e76e705afb/datanode-4/data/ratis/8b821979-4636-452e-95f5-a11e479a14dc
2019-09-25 05:41:10,524 [pool-67-thread-1] INFO  server.RaftServerConfigKeys (ConfUtils.java:logGet(43)) - raft.server.log.queue.byte-limit = 2147483647 (custom)
2019-09-25 05:41:10,524 [pool-67-thread-1] INFO  server.RaftServerConfigKeys (ConfUtils.java:logGet(43)) - raft.server.log.queue.element-limit = 1024 (custom)
2019-09-25 05:41:10,524 [pool-67-thread-1] INFO  server.RaftServerConfigKeys (ConfUtils.java:logGet(43)) - raft.server.log.segment.size.max = 1048576 (custom)
2019-09-25 05:41:10,525 [pool-67-thread-1] INFO  server.RaftServerConfigKeys (ConfUtils.java:logGet(43)) - raft.server.log.preallocated.size = 16384 (custom)
2019-09-25 05:41:10,525 [pool-67-thread-1] INFO  server.RaftServerConfigKeys (ConfUtils.java:logGet(43)) - raft.server.log.write.buffer.size = 33554432 (custom)
2019-09-25 05:41:10,525 [pool-67-thread-1] INFO  server.RaftServerConfigKeys (ConfUtils.java:logGet(43)) - raft.server.log.force.sync.num = 128 (default)
2019-09-25 05:41:10,525 [pool-67-thread-1] INFO  server.RaftServerConfigKeys (ConfUtils.java:logGet(43)) - raft.server.log.statemachine.data.sync = true (default)
2019-09-25 05:41:10,525 [pool-67-thread-1] INFO  server.RaftServerConfigKeys (ConfUtils.java:logGet(43)) - raft.server.log.statemachine.data.sync.timeout = 10s (default)
2019-09-25 05:41:10,525 [pool-67-thread-1] INFO  server.RaftServerConfigKeys (ConfUtils.java:logGet(43)) - raft.server.log.statemachine.data.sync.timeout.retry = -1 (default)
2019-09-25 05:41:10,525 [pool-67-thread-1] INFO  server.RaftServerConfigKeys (ConfUtils.java:logGet(43)) - raft.server.log.statemachine.data.caching.enabled = true (custom)
2019-09-25 05:41:10,526 [pool-67-thread-1] INFO  segmented.SegmentedRaftLogWorker (SegmentedRaftLogWorker.java:lambda$new$0(132)) - b174d07b-8033-4c6a-8b88-597cc4628727@group-A11E479A14DC-SegmentedRaftLogWorker: flushIndex: setUnconditionally 0 -> -1
2019-09-25 05:41:10,526 [pool-67-thread-1] INFO  server.RaftServerConfigKeys (ConfUtils.java:logGet(43)) - raft.server.snapshot.auto.trigger.enabled = true (custom)
2019-09-25 05:41:10,526 [pool-67-thread-1] INFO  server.RaftServerConfigKeys (ConfUtils.java:logGet(43)) - raft.server.snapshot.auto.trigger.threshold = 10000 (custom)
2019-09-25 05:41:10,526 [pool-67-thread-1] INFO  server.RaftServerConfigKeys (ConfUtils.java:logGet(43)) - raft.server.snapshot.retention.num.files = 5 (custom)
2019-09-25 05:41:10,526 [pool-67-thread-1] INFO  server.RaftServerConfigKeys (ConfUtils.java:logGet(43)) - raft.server.retrycache.expirytime = 600000ms (custom)
2019-09-25 05:41:10,528 [pool-67-thread-1] INFO  impl.RaftServerImpl (RaftServerImpl.java:start(185)) - b174d07b-8033-4c6a-8b88-597cc4628727@group-A11E479A14DC: start as a follower, conf=-1: [b174d07b-8033-4c6a-8b88-597cc4628727:192.168.30.10:38637], old=null
2019-09-25 05:41:10,529 [pool-67-thread-1] INFO  impl.RaftServerImpl (RaftServerImpl.java:setRole(174)) - b174d07b-8033-4c6a-8b88-597cc4628727@group-A11E479A14DC: changes role from      null to FOLLOWER at term 0 for startAsFollower
2019-09-25 05:41:10,529 [pool-67-thread-1] INFO  impl.RoleInfo (RoleInfo.java:updateAndGet(143)) - b174d07b-8033-4c6a-8b88-597cc4628727: start FollowerState
2019-09-25 05:41:10,529 [pool-67-thread-1] INFO  util.JmxRegister (JmxRegister.java:tryRegister(44)) - Successfully registered JMX Bean with object name Ratis:service=RaftServer,group=group-A11E479A14DC,id=b174d07b-8033-4c6a-8b88-597cc4628727
2019-09-25 05:41:10,534 [RatisPipelineUtilsThread] INFO  pipeline.PipelineStateManager (PipelineStateManager.java:addPipeline(56)) - Created pipeline Pipeline[ Id: 8b821979-4636-452e-95f5-a11e479a14dc, Nodes: b174d07b-8033-4c6a-8b88-597cc4628727{ip: 192.168.30.10, host: pr-hdds-1569-s62bp-3040748787, networkLocation: /default-rack, certSerialId: null}, Type:RATIS, Factor:ONE, State:OPEN]
2019-09-25 05:41:10,535 [RatisPipelineUtilsThread] INFO  pipeline.PipelinePlacementPolicy (PipelinePlacementPolicy.java:meetCriteria(91)) - Pipeline Placement: Doesn't meet the criteria to be viable node： ddbbae55-12b9-461a-b1dd-678d37e66059 Heaviness: 6 limit: 5
2019-09-25 05:41:10,535 [RatisPipelineUtilsThread] INFO  pipeline.PipelinePlacementPolicy (PipelinePlacementPolicy.java:meetCriteria(91)) - Pipeline Placement: Doesn't meet the criteria to be viable node： a0f9784c-b240-4740-a75c-f623c7ee251f Heaviness: 6 limit: 5
2019-09-25 05:41:10,535 [RatisPipelineUtilsThread] INFO  pipeline.PipelinePlacementPolicy (PipelinePlacementPolicy.java:meetCriteria(91)) - Pipeline Placement: Doesn't meet the criteria to be viable node： fe7430cd-f76a-4ec3-9a68-9236192633d5 Heaviness: 6 limit: 5
2019-09-25 05:41:10,535 [RatisPipelineUtilsThread] INFO  pipeline.PipelinePlacementPolicy (PipelinePlacementPolicy.java:meetCriteria(91)) - Pipeline Placement: Doesn't meet the criteria to be viable node： 9c5364a7-ba03-46bb-ba71-b490d4b445f4 Heaviness: 6 limit: 5
2019-09-25 05:41:10,535 [RatisPipelineUtilsThread] INFO  pipeline.PipelinePlacementPolicy (PipelinePlacementPolicy.java:meetCriteria(91)) - Pipeline Placement: Doesn't meet the criteria to be viable node： ba526371-bbb0-45ae-a73e-928578471dee Heaviness: 6 limit: 5
2019-09-25 05:41:10,535 [RatisPipelineUtilsThread] INFO  pipeline.PipelinePlacementPolicy (PipelinePlacementPolicy.java:meetCriteria(91)) - Pipeline Placement: Doesn't meet the criteria to be viable node： c1b8ccaf-89e0-45fc-9fa3-d1b440a7dff4 Heaviness: 6 limit: 5
2019-09-25 05:41:10,555 [grpc-default-executor-1] INFO  impl.RaftServerProxy (RaftServerProxy.java:addNew(89)) - b174d07b-8033-4c6a-8b88-597cc4628727: addNew group-E7B75B401919:[b174d07b-8033-4c6a-8b88-597cc4628727:192.168.30.10:38637] returns group-E7B75B401919:java.util.concurrent.CompletableFuture@45d7bb43[Not completed]
2019-09-25 05:41:10,556 [pool-67-thread-1] INFO  impl.RaftServerImpl (RaftServerImpl.java:<init>(95)) - b174d07b-8033-4c6a-8b88-597cc4628727: new RaftServerImpl for group-E7B75B401919:[b174d07b-8033-4c6a-8b88-597cc4628727:192.168.30.10:38637] with ContainerStateMachine:uninitialized
2019-09-25 05:41:10,556 [pool-67-thread-1] INFO  server.RaftServerConfigKeys (ConfUtils.java:logGet(43)) - raft.server.rpc.timeout.min = 5s (custom)
2019-09-25 05:41:10,556 [pool-67-thread-1] INFO  server.RaftServerConfigKeys (ConfUtils.java:logGet(43)) - raft.server.rpc.timeout.max = 5200ms (custom)
2019-09-25 05:41:10,556 [pool-67-thread-1] INFO  server.RaftServerConfigKeys (ConfUtils.java:logGet(43)) - raft.server.rpcslowness.timeout = 120s (custom)
2019-09-25 05:41:10,556 [pool-67-thread-1] INFO  server.RaftServerConfigKeys (ConfUtils.java:logGet(43)) - raft.server.sleep.deviation.threshold = 300 (default)
2019-09-25 05:41:10,556 [pool-67-thread-1] INFO  server.RaftServerConfigKeys (ConfUtils.java:logGet(43)) - raft.server.log.appender.install.snapshot.enabled = false (custom)
2019-09-25 05:41:10,556 [pool-67-thread-1] INFO  impl.RaftServerImpl (ServerState.java:<init>(103)) - b174d07b-8033-4c6a-8b88-597cc4628727@group-E7B75B401919: ConfigurationManager, init=-1: [b174d07b-8033-4c6a-8b88-597cc4628727:192.168.30.10:38637], old=null, confs=<EMPTY_MAP>
2019-09-25 05:41:10,557 [pool-67-thread-1] INFO  server.RaftServerConfigKeys (ConfUtils.java:logGet(43)) - raft.server.storage.dir = [/workdir/hadoop-ozone/integration-test/target/test-dir/MiniOzoneClusterImpl-5f167f52-bad4-483d-8ef4-c1e76e705afb/datanode-4/data/ratis] (custom)
2019-09-25 05:41:10,557 [pool-67-thread-1] INFO  storage.RaftStorageDirectory (RaftStorageDirectory.java:analyzeStorage(246)) - The storage directory /workdir/hadoop-ozone/integration-test/target/test-dir/MiniOzoneClusterImpl-5f167f52-bad4-483d-8ef4-c1e76e705afb/datanode-4/data/ratis/c82a86b2-e24e-4826-8768-e7b75b401919 does not exist. Creating ...
2019-09-25 05:41:10,572 [pool-67-thread-1] INFO  storage.RaftStorageDirectory (RaftStorageDirectory.java:tryLock(328)) - Lock on /workdir/hadoop-ozone/integration-test/target/test-dir/MiniOzoneClusterImpl-5f167f52-bad4-483d-8ef4-c1e76e705afb/datanode-4/data/ratis/c82a86b2-e24e-4826-8768-e7b75b401919/in_use.lock acquired by nodename 13539@pr-hdds-1569-s62bp-3040748787
2019-09-25 05:41:10,586 [pool-67-thread-1] INFO  storage.RaftStorage (RaftStorage.java:format(72)) - Storage directory /workdir/hadoop-ozone/integration-test/target/test-dir/MiniOzoneClusterImpl-5f167f52-bad4-483d-8ef4-c1e76e705afb/datanode-4/data/ratis/c82a86b2-e24e-4826-8768-e7b75b401919 has been successfully formatted.
2019-09-25 05:41:10,586 [pool-67-thread-1] INFO  ratis.ContainerStateMachine (ContainerStateMachine.java:loadSnapshot(230)) - group-E7B75B401919: The snapshot info is null. Setting the last applied indexto:(t:0, i:~)
2019-09-25 05:41:10,587 [pool-67-thread-1] INFO  server.RaftServerConfigKeys (ConfUtils.java:logGet(43)) - raft.server.notification.no-leader.timeout = 120s (custom)
2019-09-25 05:41:10,587 [pool-67-thread-1] INFO  server.RaftServerConfigKeys (ConfUtils.java:logGet(43)) - raft.server.log.use.memory = false (default)
2019-09-25 05:41:10,587 [pool-67-thread-1] INFO  server.RaftServerConfigKeys (ConfUtils.java:logGet(43)) - raft.server.log.purge.gap = 1000000 (custom)
2019-09-25 05:41:10,587 [pool-67-thread-1] INFO  server.RaftServerConfigKeys (ConfUtils.java:logGet(43)) - raft.server.log.appender.buffer.byte-limit = 33554432 (custom)
2019-09-25 05:41:10,587 [pool-67-thread-1] INFO  server.RaftServerConfigKeys (ConfUtils.java:logGet(43)) - raft.server.log.segment.size.max = 1048576 (custom)
2019-09-25 05:41:10,587 [pool-67-thread-1] INFO  server.RaftServerConfigKeys (ConfUtils.java:logGet(43)) - raft.server.log.segment.cache.num.max = 2 (custom)
2019-09-25 05:41:10,587 [pool-67-thread-1] INFO  segmented.SegmentedRaftLogWorker (SegmentedRaftLogWorker.java:<init>(172)) - new b174d07b-8033-4c6a-8b88-597cc4628727@group-E7B75B401919-SegmentedRaftLogWorker for RaftStorage:Storage Directory /workdir/hadoop-ozone/integration-test/target/test-dir/MiniOzoneClusterImpl-5f167f52-bad4-483d-8ef4-c1e76e705afb/datanode-4/data/ratis/c82a86b2-e24e-4826-8768-e7b75b401919
2019-09-25 05:41:10,588 [pool-67-thread-1] INFO  server.RaftServerConfigKeys (ConfUtils.java:logGet(43)) - raft.server.log.queue.byte-limit = 2147483647 (custom)
2019-09-25 05:41:10,588 [pool-67-thread-1] INFO  server.RaftServerConfigKeys (ConfUtils.java:logGet(43)) - raft.server.log.queue.element-limit = 1024 (custom)
2019-09-25 05:41:10,588 [pool-67-thread-1] INFO  server.RaftServerConfigKeys (ConfUtils.java:logGet(43)) - raft.server.log.segment.size.max = 1048576 (custom)
2019-09-25 05:41:10,588 [pool-67-thread-1] INFO  server.RaftServerConfigKeys (ConfUtils.java:logGet(43)) - raft.server.log.preallocated.size = 16384 (custom)
2019-09-25 05:41:10,588 [pool-67-thread-1] INFO  server.RaftServerConfigKeys (ConfUtils.java:logGet(43)) - raft.server.log.write.buffer.size = 33554432 (custom)
2019-09-25 05:41:10,588 [pool-67-thread-1] INFO  server.RaftServerConfigKeys (ConfUtils.java:logGet(43)) - raft.server.log.force.sync.num = 128 (default)
2019-09-25 05:41:10,588 [pool-67-thread-1] INFO  server.RaftServerConfigKeys (ConfUtils.java:logGet(43)) - raft.server.log.statemachine.data.sync = true (default)
2019-09-25 05:41:10,589 [pool-67-thread-1] INFO  server.RaftServerConfigKeys (ConfUtils.java:logGet(43)) - raft.server.log.statemachine.data.sync.timeout = 10s (default)
2019-09-25 05:41:10,589 [pool-67-thread-1] INFO  server.RaftServerConfigKeys (ConfUtils.java:logGet(43)) - raft.server.log.statemachine.data.sync.timeout.retry = -1 (default)
2019-09-25 05:41:10,589 [pool-67-thread-1] INFO  server.RaftServerConfigKeys (ConfUtils.java:logGet(43)) - raft.server.log.statemachine.data.caching.enabled = true (custom)
2019-09-25 05:41:10,589 [pool-67-thread-1] INFO  segmented.SegmentedRaftLogWorker (SegmentedRaftLogWorker.java:lambda$new$0(132)) - b174d07b-8033-4c6a-8b88-597cc4628727@group-E7B75B401919-SegmentedRaftLogWorker: flushIndex: setUnconditionally 0 -> -1
2019-09-25 05:41:10,590 [pool-67-thread-1] INFO  server.RaftServerConfigKeys (ConfUtils.java:logGet(43)) - raft.server.snapshot.auto.trigger.enabled = true (custom)
2019-09-25 05:41:10,590 [pool-67-thread-1] INFO  server.RaftServerConfigKeys (ConfUtils.java:logGet(43)) - raft.server.snapshot.auto.trigger.threshold = 10000 (custom)
2019-09-25 05:41:10,590 [pool-67-thread-1] INFO  server.RaftServerConfigKeys (ConfUtils.java:logGet(43)) - raft.server.snapshot.retention.num.files = 5 (custom)
2019-09-25 05:41:10,590 [pool-67-thread-1] INFO  server.RaftServerConfigKeys (ConfUtils.java:logGet(43)) - raft.server.retrycache.expirytime = 600000ms (custom)
2019-09-25 05:41:10,592 [pool-67-thread-1] INFO  impl.RaftServerImpl (RaftServerImpl.java:start(185)) - b174d07b-8033-4c6a-8b88-597cc4628727@group-E7B75B401919: start as a follower, conf=-1: [b174d07b-8033-4c6a-8b88-597cc4628727:192.168.30.10:38637], old=null
2019-09-25 05:41:10,592 [pool-67-thread-1] INFO  impl.RaftServerImpl (RaftServerImpl.java:setRole(174)) - b174d07b-8033-4c6a-8b88-597cc4628727@group-E7B75B401919: changes role from      null to FOLLOWER at term 0 for startAsFollower
2019-09-25 05:41:10,593 [pool-67-thread-1] INFO  impl.RoleInfo (RoleInfo.java:updateAndGet(143)) - b174d07b-8033-4c6a-8b88-597cc4628727: start FollowerState
2019-09-25 05:41:10,600 [pool-67-thread-1] INFO  util.JmxRegister (JmxRegister.java:tryRegister(44)) - Successfully registered JMX Bean with object name Ratis:service=RaftServer,group=group-E7B75B401919,id=b174d07b-8033-4c6a-8b88-597cc4628727
2019-09-25 05:41:10,619 [RatisPipelineUtilsThread] INFO  pipeline.PipelineStateManager (PipelineStateManager.java:addPipeline(56)) - Created pipeline Pipeline[ Id: c82a86b2-e24e-4826-8768-e7b75b401919, Nodes: b174d07b-8033-4c6a-8b88-597cc4628727{ip: 192.168.30.10, host: pr-hdds-1569-s62bp-3040748787, networkLocation: /default-rack, certSerialId: null}, Type:RATIS, Factor:ONE, State:OPEN]
2019-09-25 05:41:10,619 [RatisPipelineUtilsThread] INFO  pipeline.PipelinePlacementPolicy (PipelinePlacementPolicy.java:meetCriteria(91)) - Pipeline Placement: Doesn't meet the criteria to be viable node： ddbbae55-12b9-461a-b1dd-678d37e66059 Heaviness: 6 limit: 5
2019-09-25 05:41:10,619 [RatisPipelineUtilsThread] INFO  pipeline.PipelinePlacementPolicy (PipelinePlacementPolicy.java:meetCriteria(91)) - Pipeline Placement: Doesn't meet the criteria to be viable node： a0f9784c-b240-4740-a75c-f623c7ee251f Heaviness: 6 limit: 5
2019-09-25 05:41:10,620 [RatisPipelineUtilsThread] INFO  pipeline.PipelinePlacementPolicy (PipelinePlacementPolicy.java:meetCriteria(91)) - Pipeline Placement: Doesn't meet the criteria to be viable node： fe7430cd-f76a-4ec3-9a68-9236192633d5 Heaviness: 6 limit: 5
2019-09-25 05:41:10,620 [RatisPipelineUtilsThread] INFO  pipeline.PipelinePlacementPolicy (PipelinePlacementPolicy.java:meetCriteria(91)) - Pipeline Placement: Doesn't meet the criteria to be viable node： 9c5364a7-ba03-46bb-ba71-b490d4b445f4 Heaviness: 6 limit: 5
2019-09-25 05:41:10,620 [RatisPipelineUtilsThread] INFO  pipeline.PipelinePlacementPolicy (PipelinePlacementPolicy.java:meetCriteria(91)) - Pipeline Placement: Doesn't meet the criteria to be viable node： ba526371-bbb0-45ae-a73e-928578471dee Heaviness: 6 limit: 5
2019-09-25 05:41:10,620 [RatisPipelineUtilsThread] INFO  pipeline.PipelinePlacementPolicy (PipelinePlacementPolicy.java:meetCriteria(91)) - Pipeline Placement: Doesn't meet the criteria to be viable node： c1b8ccaf-89e0-45fc-9fa3-d1b440a7dff4 Heaviness: 6 limit: 5
2019-09-25 05:41:10,626 [grpc-default-executor-1] INFO  impl.RaftServerProxy (RaftServerProxy.java:addNew(89)) - b174d07b-8033-4c6a-8b88-597cc4628727: addNew group-C84A7A91ABE9:[b174d07b-8033-4c6a-8b88-597cc4628727:192.168.30.10:38637] returns group-C84A7A91ABE9:java.util.concurrent.CompletableFuture@43326fdb[Not completed]
2019-09-25 05:41:10,627 [pool-67-thread-1] INFO  impl.RaftServerImpl (RaftServerImpl.java:<init>(95)) - b174d07b-8033-4c6a-8b88-597cc4628727: new RaftServerImpl for group-C84A7A91ABE9:[b174d07b-8033-4c6a-8b88-597cc4628727:192.168.30.10:38637] with ContainerStateMachine:uninitialized
2019-09-25 05:41:10,627 [pool-67-thread-1] INFO  server.RaftServerConfigKeys (ConfUtils.java:logGet(43)) - raft.server.rpc.timeout.min = 5s (custom)
2019-09-25 05:41:10,627 [pool-67-thread-1] INFO  server.RaftServerConfigKeys (ConfUtils.java:logGet(43)) - raft.server.rpc.timeout.max = 5200ms (custom)
2019-09-25 05:41:10,627 [pool-67-thread-1] INFO  server.RaftServerConfigKeys (ConfUtils.java:logGet(43)) - raft.server.rpcslowness.timeout = 120s (custom)
2019-09-25 05:41:10,627 [pool-67-thread-1] INFO  server.RaftServerConfigKeys (ConfUtils.java:logGet(43)) - raft.server.sleep.deviation.threshold = 300 (default)
2019-09-25 05:41:10,628 [pool-67-thread-1] INFO  server.RaftServerConfigKeys (ConfUtils.java:logGet(43)) - raft.server.log.appender.install.snapshot.enabled = false (custom)
2019-09-25 05:41:10,628 [pool-67-thread-1] INFO  impl.RaftServerImpl (ServerState.java:<init>(103)) - b174d07b-8033-4c6a-8b88-597cc4628727@group-C84A7A91ABE9: ConfigurationManager, init=-1: [b174d07b-8033-4c6a-8b88-597cc4628727:192.168.30.10:38637], old=null, confs=<EMPTY_MAP>
2019-09-25 05:41:10,628 [pool-67-thread-1] INFO  server.RaftServerConfigKeys (ConfUtils.java:logGet(43)) - raft.server.storage.dir = [/workdir/hadoop-ozone/integration-test/target/test-dir/MiniOzoneClusterImpl-5f167f52-bad4-483d-8ef4-c1e76e705afb/datanode-4/data/ratis] (custom)
2019-09-25 05:41:10,628 [pool-67-thread-1] INFO  storage.RaftStorageDirectory (RaftStorageDirectory.java:analyzeStorage(246)) - The storage directory /workdir/hadoop-ozone/integration-test/target/test-dir/MiniOzoneClusterImpl-5f167f52-bad4-483d-8ef4-c1e76e705afb/datanode-4/data/ratis/87127580-58fd-4761-80a0-c84a7a91abe9 does not exist. Creating ...
2019-09-25 05:41:10,658 [pool-67-thread-1] INFO  storage.RaftStorageDirectory (RaftStorageDirectory.java:tryLock(328)) - Lock on /workdir/hadoop-ozone/integration-test/target/test-dir/MiniOzoneClusterImpl-5f167f52-bad4-483d-8ef4-c1e76e705afb/datanode-4/data/ratis/87127580-58fd-4761-80a0-c84a7a91abe9/in_use.lock acquired by nodename 13539@pr-hdds-1569-s62bp-3040748787
2019-09-25 05:41:10,684 [pool-67-thread-1] INFO  storage.RaftStorage (RaftStorage.java:format(72)) - Storage directory /workdir/hadoop-ozone/integration-test/target/test-dir/MiniOzoneClusterImpl-5f167f52-bad4-483d-8ef4-c1e76e705afb/datanode-4/data/ratis/87127580-58fd-4761-80a0-c84a7a91abe9 has been successfully formatted.
2019-09-25 05:41:10,684 [pool-67-thread-1] INFO  ratis.ContainerStateMachine (ContainerStateMachine.java:loadSnapshot(230)) - group-C84A7A91ABE9: The snapshot info is null. Setting the last applied indexto:(t:0, i:~)
2019-09-25 05:41:10,684 [pool-67-thread-1] INFO  server.RaftServerConfigKeys (ConfUtils.java:logGet(43)) - raft.server.notification.no-leader.timeout = 120s (custom)
2019-09-25 05:41:10,684 [pool-67-thread-1] INFO  server.RaftServerConfigKeys (ConfUtils.java:logGet(43)) - raft.server.log.use.memory = false (default)
2019-09-25 05:41:10,685 [pool-67-thread-1] INFO  server.RaftServerConfigKeys (ConfUtils.java:logGet(43)) - raft.server.log.purge.gap = 1000000 (custom)
2019-09-25 05:41:10,685 [pool-67-thread-1] INFO  server.RaftServerConfigKeys (ConfUtils.java:logGet(43)) - raft.server.log.appender.buffer.byte-limit = 33554432 (custom)
2019-09-25 05:41:10,685 [pool-67-thread-1] INFO  server.RaftServerConfigKeys (ConfUtils.java:logGet(43)) - raft.server.log.segment.size.max = 1048576 (custom)
2019-09-25 05:41:10,685 [pool-67-thread-1] INFO  server.RaftServerConfigKeys (ConfUtils.java:logGet(43)) - raft.server.log.segment.cache.num.max = 2 (custom)
2019-09-25 05:41:10,685 [pool-67-thread-1] INFO  segmented.SegmentedRaftLogWorker (SegmentedRaftLogWorker.java:<init>(172)) - new b174d07b-8033-4c6a-8b88-597cc4628727@group-C84A7A91ABE9-SegmentedRaftLogWorker for RaftStorage:Storage Directory /workdir/hadoop-ozone/integration-test/target/test-dir/MiniOzoneClusterImpl-5f167f52-bad4-483d-8ef4-c1e76e705afb/datanode-4/data/ratis/87127580-58fd-4761-80a0-c84a7a91abe9
2019-09-25 05:41:10,685 [pool-67-thread-1] INFO  server.RaftServerConfigKeys (ConfUtils.java:logGet(43)) - raft.server.log.queue.byte-limit = 2147483647 (custom)
2019-09-25 05:41:10,686 [pool-67-thread-1] INFO  server.RaftServerConfigKeys (ConfUtils.java:logGet(43)) - raft.server.log.queue.element-limit = 1024 (custom)
2019-09-25 05:41:10,686 [pool-67-thread-1] INFO  server.RaftServerConfigKeys (ConfUtils.java:logGet(43)) - raft.server.log.segment.size.max = 1048576 (custom)
2019-09-25 05:41:10,686 [pool-67-thread-1] INFO  server.RaftServerConfigKeys (ConfUtils.java:logGet(43)) - raft.server.log.preallocated.size = 16384 (custom)
2019-09-25 05:41:10,686 [pool-67-thread-1] INFO  server.RaftServerConfigKeys (ConfUtils.java:logGet(43)) - raft.server.log.write.buffer.size = 33554432 (custom)
2019-09-25 05:41:10,686 [pool-67-thread-1] INFO  server.RaftServerConfigKeys (ConfUtils.java:logGet(43)) - raft.server.log.force.sync.num = 128 (default)
2019-09-25 05:41:10,686 [pool-67-thread-1] INFO  server.RaftServerConfigKeys (ConfUtils.java:logGet(43)) - raft.server.log.statemachine.data.sync = true (default)
2019-09-25 05:41:10,686 [pool-67-thread-1] INFO  server.RaftServerConfigKeys (ConfUtils.java:logGet(43)) - raft.server.log.statemachine.data.sync.timeout = 10s (default)
2019-09-25 05:41:10,686 [pool-67-thread-1] INFO  server.RaftServerConfigKeys (ConfUtils.java:logGet(43)) - raft.server.log.statemachine.data.sync.timeout.retry = -1 (default)
2019-09-25 05:41:10,687 [pool-67-thread-1] INFO  server.RaftServerConfigKeys (ConfUtils.java:logGet(43)) - raft.server.log.statemachine.data.caching.enabled = true (custom)
2019-09-25 05:41:10,687 [pool-67-thread-1] INFO  segmented.SegmentedRaftLogWorker (SegmentedRaftLogWorker.java:lambda$new$0(132)) - b174d07b-8033-4c6a-8b88-597cc4628727@group-C84A7A91ABE9-SegmentedRaftLogWorker: flushIndex: setUnconditionally 0 -> -1
2019-09-25 05:41:10,687 [pool-67-thread-1] INFO  server.RaftServerConfigKeys (ConfUtils.java:logGet(43)) - raft.server.snapshot.auto.trigger.enabled = true (custom)
2019-09-25 05:41:10,687 [pool-67-thread-1] INFO  server.RaftServerConfigKeys (ConfUtils.java:logGet(43)) - raft.server.snapshot.auto.trigger.threshold = 10000 (custom)
2019-09-25 05:41:10,688 [pool-67-thread-1] INFO  server.RaftServerConfigKeys (ConfUtils.java:logGet(43)) - raft.server.snapshot.retention.num.files = 5 (custom)
2019-09-25 05:41:10,688 [pool-67-thread-1] INFO  server.RaftServerConfigKeys (ConfUtils.java:logGet(43)) - raft.server.retrycache.expirytime = 600000ms (custom)
2019-09-25 05:41:10,690 [pool-67-thread-1] INFO  impl.RaftServerImpl (RaftServerImpl.java:start(185)) - b174d07b-8033-4c6a-8b88-597cc4628727@group-C84A7A91ABE9: start as a follower, conf=-1: [b174d07b-8033-4c6a-8b88-597cc4628727:192.168.30.10:38637], old=null
2019-09-25 05:41:10,690 [pool-67-thread-1] INFO  impl.RaftServerImpl (RaftServerImpl.java:setRole(174)) - b174d07b-8033-4c6a-8b88-597cc4628727@group-C84A7A91ABE9: changes role from      null to FOLLOWER at term 0 for startAsFollower
2019-09-25 05:41:10,690 [pool-67-thread-1] INFO  impl.RoleInfo (RoleInfo.java:updateAndGet(143)) - b174d07b-8033-4c6a-8b88-597cc4628727: start FollowerState
2019-09-25 05:41:10,690 [pool-67-thread-1] INFO  util.JmxRegister (JmxRegister.java:tryRegister(44)) - Successfully registered JMX Bean with object name Ratis:service=RaftServer,group=group-C84A7A91ABE9,id=b174d07b-8033-4c6a-8b88-597cc4628727
2019-09-25 05:41:10,693 [RatisPipelineUtilsThread] INFO  pipeline.PipelineStateManager (PipelineStateManager.java:addPipeline(56)) - Created pipeline Pipeline[ Id: 87127580-58fd-4761-80a0-c84a7a91abe9, Nodes: b174d07b-8033-4c6a-8b88-597cc4628727{ip: 192.168.30.10, host: pr-hdds-1569-s62bp-3040748787, networkLocation: /default-rack, certSerialId: null}, Type:RATIS, Factor:ONE, State:OPEN]
2019-09-25 05:41:10,694 [RatisPipelineUtilsThread] INFO  pipeline.PipelinePlacementPolicy (PipelinePlacementPolicy.java:meetCriteria(91)) - Pipeline Placement: Doesn't meet the criteria to be viable node： ddbbae55-12b9-461a-b1dd-678d37e66059 Heaviness: 6 limit: 5
2019-09-25 05:41:10,694 [RatisPipelineUtilsThread] INFO  pipeline.PipelinePlacementPolicy (PipelinePlacementPolicy.java:meetCriteria(91)) - Pipeline Placement: Doesn't meet the criteria to be viable node： a0f9784c-b240-4740-a75c-f623c7ee251f Heaviness: 6 limit: 5
2019-09-25 05:41:10,694 [RatisPipelineUtilsThread] INFO  pipeline.PipelinePlacementPolicy (PipelinePlacementPolicy.java:meetCriteria(91)) - Pipeline Placement: Doesn't meet the criteria to be viable node： fe7430cd-f76a-4ec3-9a68-9236192633d5 Heaviness: 6 limit: 5
2019-09-25 05:41:10,694 [RatisPipelineUtilsThread] INFO  pipeline.PipelinePlacementPolicy (PipelinePlacementPolicy.java:meetCriteria(91)) - Pipeline Placement: Doesn't meet the criteria to be viable node： 9c5364a7-ba03-46bb-ba71-b490d4b445f4 Heaviness: 6 limit: 5
2019-09-25 05:41:10,694 [RatisPipelineUtilsThread] INFO  pipeline.PipelinePlacementPolicy (PipelinePlacementPolicy.java:meetCriteria(91)) - Pipeline Placement: Doesn't meet the criteria to be viable node： ba526371-bbb0-45ae-a73e-928578471dee Heaviness: 6 limit: 5
2019-09-25 05:41:10,695 [RatisPipelineUtilsThread] INFO  pipeline.PipelinePlacementPolicy (PipelinePlacementPolicy.java:meetCriteria(91)) - Pipeline Placement: Doesn't meet the criteria to be viable node： c1b8ccaf-89e0-45fc-9fa3-d1b440a7dff4 Heaviness: 6 limit: 5
2019-09-25 05:41:10,700 [grpc-default-executor-1] INFO  impl.RaftServerProxy (RaftServerProxy.java:addNew(89)) - b174d07b-8033-4c6a-8b88-597cc4628727: addNew group-769AEFB406FD:[b174d07b-8033-4c6a-8b88-597cc4628727:192.168.30.10:38637] returns group-769AEFB406FD:java.util.concurrent.CompletableFuture@62bd14bf[Not completed]
2019-09-25 05:41:10,701 [pool-67-thread-1] INFO  impl.RaftServerImpl (RaftServerImpl.java:<init>(95)) - b174d07b-8033-4c6a-8b88-597cc4628727: new RaftServerImpl for group-769AEFB406FD:[b174d07b-8033-4c6a-8b88-597cc4628727:192.168.30.10:38637] with ContainerStateMachine:uninitialized
2019-09-25 05:41:10,701 [pool-67-thread-1] INFO  server.RaftServerConfigKeys (ConfUtils.java:logGet(43)) - raft.server.rpc.timeout.min = 5s (custom)
2019-09-25 05:41:10,701 [pool-67-thread-1] INFO  server.RaftServerConfigKeys (ConfUtils.java:logGet(43)) - raft.server.rpc.timeout.max = 5200ms (custom)
2019-09-25 05:41:10,701 [pool-67-thread-1] INFO  server.RaftServerConfigKeys (ConfUtils.java:logGet(43)) - raft.server.rpcslowness.timeout = 120s (custom)
2019-09-25 05:41:10,701 [pool-67-thread-1] INFO  server.RaftServerConfigKeys (ConfUtils.java:logGet(43)) - raft.server.sleep.deviation.threshold = 300 (default)
2019-09-25 05:41:10,701 [pool-67-thread-1] INFO  server.RaftServerConfigKeys (ConfUtils.java:logGet(43)) - raft.server.log.appender.install.snapshot.enabled = false (custom)
2019-09-25 05:41:10,702 [pool-67-thread-1] INFO  impl.RaftServerImpl (ServerState.java:<init>(103)) - b174d07b-8033-4c6a-8b88-597cc4628727@group-769AEFB406FD: ConfigurationManager, init=-1: [b174d07b-8033-4c6a-8b88-597cc4628727:192.168.30.10:38637], old=null, confs=<EMPTY_MAP>
2019-09-25 05:41:10,702 [pool-67-thread-1] INFO  server.RaftServerConfigKeys (ConfUtils.java:logGet(43)) - raft.server.storage.dir = [/workdir/hadoop-ozone/integration-test/target/test-dir/MiniOzoneClusterImpl-5f167f52-bad4-483d-8ef4-c1e76e705afb/datanode-4/data/ratis] (custom)
2019-09-25 05:41:10,702 [pool-67-thread-1] INFO  storage.RaftStorageDirectory (RaftStorageDirectory.java:analyzeStorage(246)) - The storage directory /workdir/hadoop-ozone/integration-test/target/test-dir/MiniOzoneClusterImpl-5f167f52-bad4-483d-8ef4-c1e76e705afb/datanode-4/data/ratis/08cf0062-40c7-4060-8c17-769aefb406fd does not exist. Creating ...
2019-09-25 05:41:10,715 [pool-67-thread-1] INFO  storage.RaftStorageDirectory (RaftStorageDirectory.java:tryLock(328)) - Lock on /workdir/hadoop-ozone/integration-test/target/test-dir/MiniOzoneClusterImpl-5f167f52-bad4-483d-8ef4-c1e76e705afb/datanode-4/data/ratis/08cf0062-40c7-4060-8c17-769aefb406fd/in_use.lock acquired by nodename 13539@pr-hdds-1569-s62bp-3040748787
2019-09-25 05:41:10,739 [pool-67-thread-1] INFO  storage.RaftStorage (RaftStorage.java:format(72)) - Storage directory /workdir/hadoop-ozone/integration-test/target/test-dir/MiniOzoneClusterImpl-5f167f52-bad4-483d-8ef4-c1e76e705afb/datanode-4/data/ratis/08cf0062-40c7-4060-8c17-769aefb406fd has been successfully formatted.
2019-09-25 05:41:10,740 [pool-67-thread-1] INFO  ratis.ContainerStateMachine (ContainerStateMachine.java:loadSnapshot(230)) - group-769AEFB406FD: The snapshot info is null. Setting the last applied indexto:(t:0, i:~)
2019-09-25 05:41:10,740 [pool-67-thread-1] INFO  server.RaftServerConfigKeys (ConfUtils.java:logGet(43)) - raft.server.notification.no-leader.timeout = 120s (custom)
2019-09-25 05:41:10,740 [pool-67-thread-1] INFO  server.RaftServerConfigKeys (ConfUtils.java:logGet(43)) - raft.server.log.use.memory = false (default)
2019-09-25 05:41:10,740 [pool-67-thread-1] INFO  server.RaftServerConfigKeys (ConfUtils.java:logGet(43)) - raft.server.log.purge.gap = 1000000 (custom)
2019-09-25 05:41:10,740 [pool-67-thread-1] INFO  server.RaftServerConfigKeys (ConfUtils.java:logGet(43)) - raft.server.log.appender.buffer.byte-limit = 33554432 (custom)
2019-09-25 05:41:10,740 [pool-67-thread-1] INFO  server.RaftServerConfigKeys (ConfUtils.java:logGet(43)) - raft.server.log.segment.size.max = 1048576 (custom)
2019-09-25 05:41:10,740 [pool-67-thread-1] INFO  server.RaftServerConfigKeys (ConfUtils.java:logGet(43)) - raft.server.log.segment.cache.num.max = 2 (custom)
2019-09-25 05:41:10,740 [pool-67-thread-1] INFO  segmented.SegmentedRaftLogWorker (SegmentedRaftLogWorker.java:<init>(172)) - new b174d07b-8033-4c6a-8b88-597cc4628727@group-769AEFB406FD-SegmentedRaftLogWorker for RaftStorage:Storage Directory /workdir/hadoop-ozone/integration-test/target/test-dir/MiniOzoneClusterImpl-5f167f52-bad4-483d-8ef4-c1e76e705afb/datanode-4/data/ratis/08cf0062-40c7-4060-8c17-769aefb406fd
2019-09-25 05:41:10,741 [pool-67-thread-1] INFO  server.RaftServerConfigKeys (ConfUtils.java:logGet(43)) - raft.server.log.queue.byte-limit = 2147483647 (custom)
2019-09-25 05:41:10,741 [pool-67-thread-1] INFO  server.RaftServerConfigKeys (ConfUtils.java:logGet(43)) - raft.server.log.queue.element-limit = 1024 (custom)
2019-09-25 05:41:10,741 [pool-67-thread-1] INFO  server.RaftServerConfigKeys (ConfUtils.java:logGet(43)) - raft.server.log.segment.size.max = 1048576 (custom)
2019-09-25 05:41:10,741 [pool-67-thread-1] INFO  server.RaftServerConfigKeys (ConfUtils.java:logGet(43)) - raft.server.log.preallocated.size = 16384 (custom)
2019-09-25 05:41:10,741 [pool-67-thread-1] INFO  server.RaftServerConfigKeys (ConfUtils.java:logGet(43)) - raft.server.log.write.buffer.size = 33554432 (custom)
2019-09-25 05:41:10,741 [pool-67-thread-1] INFO  server.RaftServerConfigKeys (ConfUtils.java:logGet(43)) - raft.server.log.force.sync.num = 128 (default)
2019-09-25 05:41:10,741 [pool-67-thread-1] INFO  server.RaftServerConfigKeys (ConfUtils.java:logGet(43)) - raft.server.log.statemachine.data.sync = true (default)
2019-09-25 05:41:10,741 [pool-67-thread-1] INFO  server.RaftServerConfigKeys (ConfUtils.java:logGet(43)) - raft.server.log.statemachine.data.sync.timeout = 10s (default)
2019-09-25 05:41:10,742 [pool-67-thread-1] INFO  server.RaftServerConfigKeys (ConfUtils.java:logGet(43)) - raft.server.log.statemachine.data.sync.timeout.retry = -1 (default)
2019-09-25 05:41:10,742 [pool-67-thread-1] INFO  server.RaftServerConfigKeys (ConfUtils.java:logGet(43)) - raft.server.log.statemachine.data.caching.enabled = true (custom)
2019-09-25 05:41:10,742 [pool-67-thread-1] INFO  segmented.SegmentedRaftLogWorker (SegmentedRaftLogWorker.java:lambda$new$0(132)) - b174d07b-8033-4c6a-8b88-597cc4628727@group-769AEFB406FD-SegmentedRaftLogWorker: flushIndex: setUnconditionally 0 -> -1
2019-09-25 05:41:10,742 [pool-67-thread-1] INFO  server.RaftServerConfigKeys (ConfUtils.java:logGet(43)) - raft.server.snapshot.auto.trigger.enabled = true (custom)
2019-09-25 05:41:10,742 [pool-67-thread-1] INFO  server.RaftServerConfigKeys (ConfUtils.java:logGet(43)) - raft.server.snapshot.auto.trigger.threshold = 10000 (custom)
2019-09-25 05:41:10,743 [pool-67-thread-1] INFO  server.RaftServerConfigKeys (ConfUtils.java:logGet(43)) - raft.server.snapshot.retention.num.files = 5 (custom)
2019-09-25 05:41:10,743 [pool-67-thread-1] INFO  server.RaftServerConfigKeys (ConfUtils.java:logGet(43)) - raft.server.retrycache.expirytime = 600000ms (custom)
2019-09-25 05:41:10,745 [pool-67-thread-1] INFO  impl.RaftServerImpl (RaftServerImpl.java:start(185)) - b174d07b-8033-4c6a-8b88-597cc4628727@group-769AEFB406FD: start as a follower, conf=-1: [b174d07b-8033-4c6a-8b88-597cc4628727:192.168.30.10:38637], old=null
2019-09-25 05:41:10,745 [pool-67-thread-1] INFO  impl.RaftServerImpl (RaftServerImpl.java:setRole(174)) - b174d07b-8033-4c6a-8b88-597cc4628727@group-769AEFB406FD: changes role from      null to FOLLOWER at term 0 for startAsFollower
2019-09-25 05:41:10,745 [pool-67-thread-1] INFO  impl.RoleInfo (RoleInfo.java:updateAndGet(143)) - b174d07b-8033-4c6a-8b88-597cc4628727: start FollowerState
2019-09-25 05:41:10,745 [pool-67-thread-1] INFO  util.JmxRegister (JmxRegister.java:tryRegister(44)) - Successfully registered JMX Bean with object name Ratis:service=RaftServer,group=group-769AEFB406FD,id=b174d07b-8033-4c6a-8b88-597cc4628727
2019-09-25 05:41:10,748 [RatisPipelineUtilsThread] INFO  pipeline.PipelineStateManager (PipelineStateManager.java:addPipeline(56)) - Created pipeline Pipeline[ Id: 08cf0062-40c7-4060-8c17-769aefb406fd, Nodes: b174d07b-8033-4c6a-8b88-597cc4628727{ip: 192.168.30.10, host: pr-hdds-1569-s62bp-3040748787, networkLocation: /default-rack, certSerialId: null}, Type:RATIS, Factor:ONE, State:OPEN]
2019-09-25 05:41:10,748 [RatisPipelineUtilsThread] INFO  pipeline.PipelinePlacementPolicy (PipelinePlacementPolicy.java:meetCriteria(91)) - Pipeline Placement: Doesn't meet the criteria to be viable node： ddbbae55-12b9-461a-b1dd-678d37e66059 Heaviness: 6 limit: 5
2019-09-25 05:41:10,748 [RatisPipelineUtilsThread] INFO  pipeline.PipelinePlacementPolicy (PipelinePlacementPolicy.java:meetCriteria(91)) - Pipeline Placement: Doesn't meet the criteria to be viable node： b174d07b-8033-4c6a-8b88-597cc4628727 Heaviness: 6 limit: 5
2019-09-25 05:41:10,748 [RatisPipelineUtilsThread] INFO  pipeline.PipelinePlacementPolicy (PipelinePlacementPolicy.java:meetCriteria(91)) - Pipeline Placement: Doesn't meet the criteria to be viable node： a0f9784c-b240-4740-a75c-f623c7ee251f Heaviness: 6 limit: 5
2019-09-25 05:41:10,748 [RatisPipelineUtilsThread] INFO  pipeline.PipelinePlacementPolicy (PipelinePlacementPolicy.java:meetCriteria(91)) - Pipeline Placement: Doesn't meet the criteria to be viable node： fe7430cd-f76a-4ec3-9a68-9236192633d5 Heaviness: 6 limit: 5
2019-09-25 05:41:10,749 [RatisPipelineUtilsThread] INFO  pipeline.PipelinePlacementPolicy (PipelinePlacementPolicy.java:meetCriteria(91)) - Pipeline Placement: Doesn't meet the criteria to be viable node： 9c5364a7-ba03-46bb-ba71-b490d4b445f4 Heaviness: 6 limit: 5
2019-09-25 05:41:10,749 [RatisPipelineUtilsThread] INFO  pipeline.PipelinePlacementPolicy (PipelinePlacementPolicy.java:meetCriteria(91)) - Pipeline Placement: Doesn't meet the criteria to be viable node： ba526371-bbb0-45ae-a73e-928578471dee Heaviness: 6 limit: 5
2019-09-25 05:41:10,749 [RatisPipelineUtilsThread] INFO  pipeline.PipelinePlacementPolicy (PipelinePlacementPolicy.java:meetCriteria(91)) - Pipeline Placement: Doesn't meet the criteria to be viable node： c1b8ccaf-89e0-45fc-9fa3-d1b440a7dff4 Heaviness: 6 limit: 5
2019-09-25 05:41:10,749 [RatisPipelineUtilsThread] ERROR pipeline.PipelinePlacementPolicy (PipelinePlacementPolicy.java:filterViableNodes(148)) - Unable to find enough nodes that meet the criteria that cannot engage in more than 5 pipelines. Nodes required: 1 Found: 0, healthy nodes count inNodeManager: 7.
2019-09-25 05:41:10,751 [RatisPipelineUtilsThread] ERROR pipeline.SCMPipelineManager (SCMPipelineManager.java:createPipeline(167)) - Pipeline creation failed due to exception: Unable to find enough nodes that meet the criteria that cannot engage in more than 5 pipelines. Nodes required: 1 Found: 0, healthy nodes count inNodeManager: 7.
2019-09-25 05:41:10,751 [RatisPipelineUtilsThread] INFO  pipeline.PipelinePlacementPolicy (PipelinePlacementPolicy.java:meetCriteria(91)) - Pipeline Placement: Doesn't meet the criteria to be viable node： ddbbae55-12b9-461a-b1dd-678d37e66059 Heaviness: 6 limit: 5
2019-09-25 05:41:10,751 [RatisPipelineUtilsThread] INFO  pipeline.PipelinePlacementPolicy (PipelinePlacementPolicy.java:meetCriteria(91)) - Pipeline Placement: Doesn't meet the criteria to be viable node： b174d07b-8033-4c6a-8b88-597cc4628727 Heaviness: 6 limit: 5
2019-09-25 05:41:10,751 [RatisPipelineUtilsThread] INFO  pipeline.PipelinePlacementPolicy (PipelinePlacementPolicy.java:meetCriteria(91)) - Pipeline Placement: Doesn't meet the criteria to be viable node： a0f9784c-b240-4740-a75c-f623c7ee251f Heaviness: 6 limit: 5
2019-09-25 05:41:10,751 [RatisPipelineUtilsThread] INFO  pipeline.PipelinePlacementPolicy (PipelinePlacementPolicy.java:meetCriteria(91)) - Pipeline Placement: Doesn't meet the criteria to be viable node： fe7430cd-f76a-4ec3-9a68-9236192633d5 Heaviness: 6 limit: 5
2019-09-25 05:41:10,752 [RatisPipelineUtilsThread] INFO  pipeline.PipelinePlacementPolicy (PipelinePlacementPolicy.java:meetCriteria(91)) - Pipeline Placement: Doesn't meet the criteria to be viable node： 9c5364a7-ba03-46bb-ba71-b490d4b445f4 Heaviness: 6 limit: 5
2019-09-25 05:41:10,752 [RatisPipelineUtilsThread] INFO  pipeline.PipelinePlacementPolicy (PipelinePlacementPolicy.java:meetCriteria(91)) - Pipeline Placement: Doesn't meet the criteria to be viable node： ba526371-bbb0-45ae-a73e-928578471dee Heaviness: 6 limit: 5
2019-09-25 05:41:10,752 [RatisPipelineUtilsThread] INFO  pipeline.PipelinePlacementPolicy (PipelinePlacementPolicy.java:meetCriteria(91)) - Pipeline Placement: Doesn't meet the criteria to be viable node： c1b8ccaf-89e0-45fc-9fa3-d1b440a7dff4 Heaviness: 6 limit: 5
2019-09-25 05:41:10,752 [RatisPipelineUtilsThread] ERROR pipeline.PipelinePlacementPolicy (PipelinePlacementPolicy.java:filterViableNodes(148)) - Unable to find enough nodes that meet the criteria that cannot engage in more than 5 pipelines. Nodes required: 3 Found: 0, healthy nodes count inNodeManager: 7.
2019-09-25 05:41:10,752 [RatisPipelineUtilsThread] ERROR pipeline.SCMPipelineManager (SCMPipelineManager.java:createPipeline(167)) - Pipeline creation failed due to exception: Unable to find enough nodes that meet the criteria that cannot engage in more than 5 pipelines. Nodes required: 3 Found: 0, healthy nodes count inNodeManager: 7.
2019-09-25 05:41:10,754 [RatisPipelineUtilsThread] INFO  pipeline.PipelinePlacementPolicy (PipelinePlacementPolicy.java:meetCriteria(91)) - Pipeline Placement: Doesn't meet the criteria to be viable node： ddbbae55-12b9-461a-b1dd-678d37e66059 Heaviness: 6 limit: 5
2019-09-25 05:41:10,754 [RatisPipelineUtilsThread] INFO  pipeline.PipelinePlacementPolicy (PipelinePlacementPolicy.java:meetCriteria(91)) - Pipeline Placement: Doesn't meet the criteria to be viable node： b174d07b-8033-4c6a-8b88-597cc4628727 Heaviness: 6 limit: 5
2019-09-25 05:41:10,754 [RatisPipelineUtilsThread] INFO  pipeline.PipelinePlacementPolicy (PipelinePlacementPolicy.java:meetCriteria(91)) - Pipeline Placement: Doesn't meet the criteria to be viable node： a0f9784c-b240-4740-a75c-f623c7ee251f Heaviness: 6 limit: 5
2019-09-25 05:41:10,754 [RatisPipelineUtilsThread] INFO  pipeline.PipelinePlacementPolicy (PipelinePlacementPolicy.java:meetCriteria(91)) - Pipeline Placement: Doesn't meet the criteria to be viable node： fe7430cd-f76a-4ec3-9a68-9236192633d5 Heaviness: 6 limit: 5
2019-09-25 05:41:10,755 [RatisPipelineUtilsThread] INFO  pipeline.PipelinePlacementPolicy (PipelinePlacementPolicy.java:meetCriteria(91)) - Pipeline Placement: Doesn't meet the criteria to be viable node： 9c5364a7-ba03-46bb-ba71-b490d4b445f4 Heaviness: 6 limit: 5
2019-09-25 05:41:10,755 [RatisPipelineUtilsThread] INFO  pipeline.PipelinePlacementPolicy (PipelinePlacementPolicy.java:meetCriteria(91)) - Pipeline Placement: Doesn't meet the criteria to be viable node： ba526371-bbb0-45ae-a73e-928578471dee Heaviness: 6 limit: 5
2019-09-25 05:41:10,755 [RatisPipelineUtilsThread] INFO  pipeline.PipelinePlacementPolicy (PipelinePlacementPolicy.java:meetCriteria(91)) - Pipeline Placement: Doesn't meet the criteria to be viable node： c1b8ccaf-89e0-45fc-9fa3-d1b440a7dff4 Heaviness: 6 limit: 5
2019-09-25 05:41:10,755 [RatisPipelineUtilsThread] ERROR pipeline.PipelinePlacementPolicy (PipelinePlacementPolicy.java:filterViableNodes(148)) - Unable to find enough nodes that meet the criteria that cannot engage in more than 5 pipelines. Nodes required: 1 Found: 0, healthy nodes count inNodeManager: 7.
2019-09-25 05:41:10,755 [RatisPipelineUtilsThread] ERROR pipeline.SCMPipelineManager (SCMPipelineManager.java:createPipeline(167)) - Pipeline creation failed due to exception: Unable to find enough nodes that meet the criteria that cannot engage in more than 5 pipelines. Nodes required: 1 Found: 0, healthy nodes count inNodeManager: 7.
2019-09-25 05:41:10,755 [RatisPipelineUtilsThread] INFO  pipeline.PipelinePlacementPolicy (PipelinePlacementPolicy.java:meetCriteria(91)) - Pipeline Placement: Doesn't meet the criteria to be viable node： ddbbae55-12b9-461a-b1dd-678d37e66059 Heaviness: 6 limit: 5
2019-09-25 05:41:10,756 [RatisPipelineUtilsThread] INFO  pipeline.PipelinePlacementPolicy (PipelinePlacementPolicy.java:meetCriteria(91)) - Pipeline Placement: Doesn't meet the criteria to be viable node： b174d07b-8033-4c6a-8b88-597cc4628727 Heaviness: 6 limit: 5
2019-09-25 05:41:10,756 [RatisPipelineUtilsThread] INFO  pipeline.PipelinePlacementPolicy (PipelinePlacementPolicy.java:meetCriteria(91)) - Pipeline Placement: Doesn't meet the criteria to be viable node： a0f9784c-b240-4740-a75c-f623c7ee251f Heaviness: 6 limit: 5
2019-09-25 05:41:10,756 [RatisPipelineUtilsThread] INFO  pipeline.PipelinePlacementPolicy (PipelinePlacementPolicy.java:meetCriteria(91)) - Pipeline Placement: Doesn't meet the criteria to be viable node： fe7430cd-f76a-4ec3-9a68-9236192633d5 Heaviness: 6 limit: 5
2019-09-25 05:41:10,756 [RatisPipelineUtilsThread] INFO  pipeline.PipelinePlacementPolicy (PipelinePlacementPolicy.java:meetCriteria(91)) - Pipeline Placement: Doesn't meet the criteria to be viable node： 9c5364a7-ba03-46bb-ba71-b490d4b445f4 Heaviness: 6 limit: 5
2019-09-25 05:41:10,756 [RatisPipelineUtilsThread] INFO  pipeline.PipelinePlacementPolicy (PipelinePlacementPolicy.java:meetCriteria(91)) - Pipeline Placement: Doesn't meet the criteria to be viable node： ba526371-bbb0-45ae-a73e-928578471dee Heaviness: 6 limit: 5
2019-09-25 05:41:10,756 [RatisPipelineUtilsThread] INFO  pipeline.PipelinePlacementPolicy (PipelinePlacementPolicy.java:meetCriteria(91)) - Pipeline Placement: Doesn't meet the criteria to be viable node： c1b8ccaf-89e0-45fc-9fa3-d1b440a7dff4 Heaviness: 6 limit: 5
2019-09-25 05:41:10,757 [RatisPipelineUtilsThread] ERROR pipeline.PipelinePlacementPolicy (PipelinePlacementPolicy.java:filterViableNodes(148)) - Unable to find enough nodes that meet the criteria that cannot engage in more than 5 pipelines. Nodes required: 3 Found: 0, healthy nodes count inNodeManager: 7.
2019-09-25 05:41:10,757 [RatisPipelineUtilsThread] ERROR pipeline.SCMPipelineManager (SCMPipelineManager.java:createPipeline(167)) - Pipeline creation failed due to exception: Unable to find enough nodes that meet the criteria that cannot engage in more than 5 pipelines. Nodes required: 3 Found: 0, healthy nodes count inNodeManager: 7.
2019-09-25 05:41:10,757 [IPC Server handler 1 on 43757] INFO  pipeline.PipelinePlacementPolicy (PipelinePlacementPolicy.java:meetCriteria(91)) - Pipeline Placement: Doesn't meet the criteria to be viable node： ddbbae55-12b9-461a-b1dd-678d37e66059 Heaviness: 6 limit: 5
2019-09-25 05:41:10,757 [IPC Server handler 1 on 43757] INFO  pipeline.PipelinePlacementPolicy (PipelinePlacementPolicy.java:meetCriteria(91)) - Pipeline Placement: Doesn't meet the criteria to be viable node： b174d07b-8033-4c6a-8b88-597cc4628727 Heaviness: 6 limit: 5
2019-09-25 05:41:10,758 [IPC Server handler 1 on 43757] INFO  pipeline.PipelinePlacementPolicy (PipelinePlacementPolicy.java:meetCriteria(91)) - Pipeline Placement: Doesn't meet the criteria to be viable node： a0f9784c-b240-4740-a75c-f623c7ee251f Heaviness: 6 limit: 5
2019-09-25 05:41:10,758 [IPC Server handler 1 on 43757] INFO  pipeline.PipelinePlacementPolicy (PipelinePlacementPolicy.java:meetCriteria(91)) - Pipeline Placement: Doesn't meet the criteria to be viable node： fe7430cd-f76a-4ec3-9a68-9236192633d5 Heaviness: 6 limit: 5
2019-09-25 05:41:10,758 [IPC Server handler 1 on 43757] INFO  pipeline.PipelinePlacementPolicy (PipelinePlacementPolicy.java:meetCriteria(91)) - Pipeline Placement: Doesn't meet the criteria to be viable node： 9c5364a7-ba03-46bb-ba71-b490d4b445f4 Heaviness: 6 limit: 5
2019-09-25 05:41:10,758 [IPC Server handler 1 on 43757] INFO  pipeline.PipelinePlacementPolicy (PipelinePlacementPolicy.java:meetCriteria(91)) - Pipeline Placement: Doesn't meet the criteria to be viable node： ba526371-bbb0-45ae-a73e-928578471dee Heaviness: 6 limit: 5
2019-09-25 05:41:10,758 [IPC Server handler 1 on 43757] INFO  pipeline.PipelinePlacementPolicy (PipelinePlacementPolicy.java:meetCriteria(91)) - Pipeline Placement: Doesn't meet the criteria to be viable node： c1b8ccaf-89e0-45fc-9fa3-d1b440a7dff4 Heaviness: 6 limit: 5
2019-09-25 05:41:10,758 [IPC Server handler 1 on 43757] ERROR pipeline.PipelinePlacementPolicy (PipelinePlacementPolicy.java:filterViableNodes(148)) - Unable to find enough nodes that meet the criteria that cannot engage in more than 5 pipelines. Nodes required: 3 Found: 0, healthy nodes count inNodeManager: 7.
2019-09-25 05:41:10,758 [IPC Server handler 1 on 43757] ERROR pipeline.SCMPipelineManager (SCMPipelineManager.java:createPipeline(167)) - Pipeline creation failed due to exception: Unable to find enough nodes that meet the criteria that cannot engage in more than 5 pipelines. Nodes required: 3 Found: 0, healthy nodes count inNodeManager: 7.
2019-09-25 05:41:10,759 [IPC Server handler 1 on 43757] WARN  block.BlockManagerImpl (BlockManagerImpl.java:allocateBlock(192)) - Pipeline creation failed for type:RATIS factor:THREE. Retrying get pipelines call once.
org.apache.hadoop.hdds.scm.exceptions.SCMException: Unable to find enough nodes that meet the criteria that cannot engage in more than 5 pipelines. Nodes required: 3 Found: 0, healthy nodes count inNodeManager: 7.
	at org.apache.hadoop.hdds.scm.pipeline.PipelinePlacementPolicy.filterViableNodes(PipelinePlacementPolicy.java:149)
	at org.apache.hadoop.hdds.scm.pipeline.PipelinePlacementPolicy.chooseDatanodes(PipelinePlacementPolicy.java:172)
	at org.apache.hadoop.hdds.scm.pipeline.RatisPipelineProvider.create(RatisPipelineProvider.java:93)
	at org.apache.hadoop.hdds.scm.pipeline.PipelineFactory.create(PipelineFactory.java:58)
	at org.apache.hadoop.hdds.scm.pipeline.SCMPipelineManager.createPipeline(SCMPipelineManager.java:155)
	at org.apache.hadoop.hdds.scm.block.BlockManagerImpl.allocateBlock(BlockManagerImpl.java:190)
	at org.apache.hadoop.hdds.scm.server.SCMBlockProtocolServer.allocateBlock(SCMBlockProtocolServer.java:182)
	at org.apache.hadoop.ozone.protocolPB.ScmBlockLocationProtocolServerSideTranslatorPB.allocateScmBlock(ScmBlockLocationProtocolServerSideTranslatorPB.java:183)
	at org.apache.hadoop.ozone.protocolPB.ScmBlockLocationProtocolServerSideTranslatorPB.processMessage(ScmBlockLocationProtocolServerSideTranslatorPB.java:141)
	at org.apache.hadoop.ozone.protocolPB.ScmBlockLocationProtocolServerSideTranslatorPB.send(ScmBlockLocationProtocolServerSideTranslatorPB.java:116)
	at org.apache.hadoop.hdds.protocol.proto.ScmBlockLocationProtocolProtos$ScmBlockLocationProtocolService$2.callBlockingMethod(ScmBlockLocationProtocolProtos.java:13157)
	at org.apache.hadoop.ipc.ProtobufRpcEngine$Server$ProtoBufRpcInvoker.call(ProtobufRpcEngine.java:524)
	at org.apache.hadoop.ipc.RPC$Server.call(RPC.java:1025)
	at org.apache.hadoop.ipc.Server$RpcCall.run(Server.java:876)
	at org.apache.hadoop.ipc.Server$RpcCall.run(Server.java:822)
	at java.security.AccessController.doPrivileged(Native Method)
	at javax.security.auth.Subject.doAs(Subject.java:422)
	at org.apache.hadoop.security.UserGroupInformation.doAs(UserGroupInformation.java:1730)
	at org.apache.hadoop.ipc.Server$Handler.run(Server.java:2682)
2019-09-25 05:41:10,761 [IPC Server handler 1 on 43757] INFO  block.BlockManagerImpl (BlockManagerImpl.java:allocateBlock(198)) - Could not find available pipeline of type:RATIS and factor:THREE even after retrying
2019-09-25 05:41:10,761 [IPC Server handler 1 on 43757] ERROR block.BlockManagerImpl (BlockManagerImpl.java:allocateBlock(222)) - Unable to allocate a block for the size: 800, type: RATIS, factor: THREE
2019-09-25 05:41:10,768 [main] INFO  ozone.MiniOzoneClusterImpl (MiniOzoneClusterImpl.java:shutdown(314)) - Shutting down the Mini Ozone Cluster
2019-09-25 05:41:10,769 [main] INFO  ozone.MiniOzoneClusterImpl (MiniOzoneClusterImpl.java:stop(330)) - Stopping the Mini Ozone Cluster
2019-09-25 05:41:10,769 [main] INFO  ozone.MiniOzoneClusterImpl (MiniOzoneClusterImpl.java:stopOM(400)) - Stopping the OzoneManager
2019-09-25 05:41:10,769 [main] INFO  ipc.Server (Server.java:stop(3082)) - Stopping server on 40692
2019-09-25 05:41:10,770 [IPC Server listener on 40692] INFO  ipc.Server (Server.java:run(1185)) - Stopping IPC Server listener on 40692
2019-09-25 05:41:10,770 [main] INFO  ratis.OzoneManagerDoubleBuffer (OzoneManagerDoubleBuffer.java:stop(248)) - Stopping OMDoubleBuffer flush thread
2019-09-25 05:41:10,771 [OMDoubleBufferFlushThread] INFO  ratis.OzoneManagerDoubleBuffer (OzoneManagerDoubleBuffer.java:flushTransactions(191)) - OMDoubleBuffer flush thread OMDoubleBufferFlushThread is interrupted and will exit. OMDoubleBufferFlushThread
2019-09-25 05:41:10,771 [IPC Server Responder] INFO  ipc.Server (Server.java:run(1319)) - Stopping IPC Server Responder
2019-09-25 05:41:10,772 [main] INFO  utils.BackgroundService (BackgroundService.java:shutdown(148)) - Shutting down service KeyDeletingService
2019-09-25 05:41:10,775 [main] INFO  handler.ContextHandler (ContextHandler.java:doStop(910)) - Stopped o.e.j.w.WebAppContext@415156bf{/,null,UNAVAILABLE}{/ozoneManager}
2019-09-25 05:41:10,781 [main] INFO  server.AbstractConnector (AbstractConnector.java:doStop(318)) - Stopped ServerConnector@393881f0{HTTP/1.1,[http/1.1]}{0.0.0.0:0}
2019-09-25 05:41:10,782 [main] INFO  handler.ContextHandler (ContextHandler.java:doStop(910)) - Stopped o.e.j.s.ServletContextHandler@3a627c80{/static,file:///workdir/hadoop-ozone/integration-test/target/test-classes/webapps/static,UNAVAILABLE}
2019-09-25 05:41:10,782 [main] INFO  handler.ContextHandler (ContextHandler.java:doStop(910)) - Stopped o.e.j.s.ServletContextHandler@20ed3303{/logs,file:///workdir/hadoop-ozone/integration-test/target/log,UNAVAILABLE}
2019-09-25 05:41:10,787 [main] INFO  ozone.MiniOzoneClusterImpl (MiniOzoneClusterImpl.java:stopDatanodes(377)) - Stopping the HddsDatanodes
2019-09-25 05:41:11,205 [Datanode State Machine Thread - 0] INFO  statemachine.DatanodeStateMachine (DatanodeStateMachine.java:lambda$startDaemon$0(350)) - Ozone container server started.
2019-09-25 05:41:11,451 [Datanode State Machine Thread - 0] INFO  statemachine.DatanodeStateMachine (DatanodeStateMachine.java:lambda$startDaemon$0(350)) - Ozone container server started.
2019-09-25 05:41:12,087 [Thread-240] INFO  impl.FollowerState (FollowerState.java:run(106)) - fe7430cd-f76a-4ec3-9a68-9236192633d5:group-0936D7EEBBF4 changes to CANDIDATE, lastRpcTime:5128, electionTimeout:5128ms
2019-09-25 05:41:12,094 [Thread-240] INFO  impl.RoleInfo (RoleInfo.java:shutdownFollowerState(121)) - fe7430cd-f76a-4ec3-9a68-9236192633d5: shutdown FollowerState
2019-09-25 05:41:12,094 [Thread-240] INFO  impl.RaftServerImpl (RaftServerImpl.java:setRole(174)) - fe7430cd-f76a-4ec3-9a68-9236192633d5@group-0936D7EEBBF4: changes role from  FOLLOWER to CANDIDATE at term 0 for changeToCandidate
2019-09-25 05:41:12,101 [Thread-240] INFO  impl.RoleInfo (RoleInfo.java:updateAndGet(143)) - fe7430cd-f76a-4ec3-9a68-9236192633d5: start LeaderElection
2019-09-25 05:41:12,135 [fe7430cd-f76a-4ec3-9a68-9236192633d5@group-0936D7EEBBF4:LeaderElection1] INFO  impl.LeaderElection (LeaderElection.java:askForVotes(182)) - fe7430cd-f76a-4ec3-9a68-9236192633d5@group-0936D7EEBBF4:LeaderElection1: begin an election at term 1 for -1: [fe7430cd-f76a-4ec3-9a68-9236192633d5:192.168.30.10:33443], old=null
2019-09-25 05:41:12,138 [fe7430cd-f76a-4ec3-9a68-9236192633d5@group-0936D7EEBBF4:LeaderElection1] INFO  impl.RoleInfo (RoleInfo.java:shutdownLeaderElection(134)) - fe7430cd-f76a-4ec3-9a68-9236192633d5: shutdown LeaderElection
2019-09-25 05:41:12,139 [fe7430cd-f76a-4ec3-9a68-9236192633d5@group-0936D7EEBBF4:LeaderElection1] INFO  impl.RaftServerImpl (RaftServerImpl.java:setRole(174)) - fe7430cd-f76a-4ec3-9a68-9236192633d5@group-0936D7EEBBF4: changes role from CANDIDATE to LEADER at term 1 for changeToLeader
2019-09-25 05:41:12,139 [fe7430cd-f76a-4ec3-9a68-9236192633d5@group-0936D7EEBBF4:LeaderElection1] INFO  impl.RaftServerImpl (ServerState.java:setLeader(253)) - fe7430cd-f76a-4ec3-9a68-9236192633d5@group-0936D7EEBBF4: change Leader from null to fe7430cd-f76a-4ec3-9a68-9236192633d5 at term 1 for becomeLeader, leader elected after 5306ms
2019-09-25 05:41:12,149 [fe7430cd-f76a-4ec3-9a68-9236192633d5@group-0936D7EEBBF4:LeaderElection1] INFO  server.RaftServerConfigKeys (ConfUtils.java:logGet(43)) - raft.server.staging.catchup.gap = 1000 (default)
2019-09-25 05:41:12,150 [fe7430cd-f76a-4ec3-9a68-9236192633d5@group-0936D7EEBBF4:LeaderElection1] INFO  server.RaftServerConfigKeys (ConfUtils.java:logGet(43)) - raft.server.rpc.sleep.time = 25ms (default)
2019-09-25 05:41:12,153 [fe7430cd-f76a-4ec3-9a68-9236192633d5@group-0936D7EEBBF4:LeaderElection1] INFO  server.RaftServerConfigKeys (ConfUtils.java:logGet(43)) - raft.server.write.element-limit = 4096 (default)
2019-09-25 05:41:12,156 [fe7430cd-f76a-4ec3-9a68-9236192633d5@group-0936D7EEBBF4:LeaderElection1] INFO  server.RaftServerConfigKeys (ConfUtils.java:logGet(43)) - raft.server.watch.timeout = 10s (default)
2019-09-25 05:41:12,157 [fe7430cd-f76a-4ec3-9a68-9236192633d5@group-0936D7EEBBF4:LeaderElection1] INFO  server.RaftServerConfigKeys (ConfUtils.java:logGet(43)) - raft.server.watch.timeout.denomination = 1s (default)
2019-09-25 05:41:12,158 [fe7430cd-f76a-4ec3-9a68-9236192633d5@group-0936D7EEBBF4:LeaderElection1] INFO  server.RaftServerConfigKeys (ConfUtils.java:logGet(43)) - raft.server.watch.element-limit = 65536 (default)
2019-09-25 05:41:12,171 [fe7430cd-f76a-4ec3-9a68-9236192633d5@group-0936D7EEBBF4:LeaderElection1] INFO  impl.RoleInfo (RoleInfo.java:updateAndGet(143)) - fe7430cd-f76a-4ec3-9a68-9236192633d5: start LeaderState
2019-09-25 05:41:12,197 [fe7430cd-f76a-4ec3-9a68-9236192633d5@group-0936D7EEBBF4:LeaderElection1] INFO  segmented.SegmentedRaftLogWorker (SegmentedRaftLogWorker.java:startLogSegment(380)) - fe7430cd-f76a-4ec3-9a68-9236192633d5@group-0936D7EEBBF4-SegmentedRaftLogWorker: Starting segment from index:0
2019-09-25 05:41:12,207 [fe7430cd-f76a-4ec3-9a68-9236192633d5@group-0936D7EEBBF4:LeaderElection1] INFO  impl.RaftServerImpl (ServerState.java:setRaftConf(354)) - fe7430cd-f76a-4ec3-9a68-9236192633d5@group-0936D7EEBBF4: set configuration 0: [fe7430cd-f76a-4ec3-9a68-9236192633d5:192.168.30.10:33443], old=null at 0
2019-09-25 05:41:12,347 [Thread-243] INFO  impl.FollowerState (FollowerState.java:run(106)) - 9c5364a7-ba03-46bb-ba71-b490d4b445f4:group-E6CF19AEA87F changes to CANDIDATE, lastRpcTime:5093, electionTimeout:5091ms
2019-09-25 05:41:12,360 [Thread-243] INFO  impl.RoleInfo (RoleInfo.java:shutdownFollowerState(121)) - 9c5364a7-ba03-46bb-ba71-b490d4b445f4: shutdown FollowerState
2019-09-25 05:41:12,361 [Thread-243] INFO  impl.RaftServerImpl (RaftServerImpl.java:setRole(174)) - 9c5364a7-ba03-46bb-ba71-b490d4b445f4@group-E6CF19AEA87F: changes role from  FOLLOWER to CANDIDATE at term 0 for changeToCandidate
2019-09-25 05:41:12,361 [Thread-243] INFO  impl.RoleInfo (RoleInfo.java:updateAndGet(143)) - 9c5364a7-ba03-46bb-ba71-b490d4b445f4: start LeaderElection
2019-09-25 05:41:12,391 [fe7430cd-f76a-4ec3-9a68-9236192633d5@group-0936D7EEBBF4-SegmentedRaftLogWorker] INFO  segmented.SegmentedRaftLogWorker (SegmentedRaftLogWorker.java:execute(569)) - fe7430cd-f76a-4ec3-9a68-9236192633d5@group-0936D7EEBBF4-SegmentedRaftLogWorker: created new log segment /workdir/hadoop-ozone/integration-test/target/test-dir/MiniOzoneClusterImpl-5f167f52-bad4-483d-8ef4-c1e76e705afb/datanode-0/data/ratis/cf39084a-0a47-4a4a-aa70-0936d7eebbf4/current/log_inprogress_0
2019-09-25 05:41:12,391 [9c5364a7-ba03-46bb-ba71-b490d4b445f4@group-E6CF19AEA87F:LeaderElection2] INFO  impl.LeaderElection (LeaderElection.java:askForVotes(182)) - 9c5364a7-ba03-46bb-ba71-b490d4b445f4@group-E6CF19AEA87F:LeaderElection2: begin an election at term 1 for -1: [9c5364a7-ba03-46bb-ba71-b490d4b445f4:192.168.30.10:36102], old=null
2019-09-25 05:41:12,393 [9c5364a7-ba03-46bb-ba71-b490d4b445f4@group-E6CF19AEA87F:LeaderElection2] INFO  impl.RoleInfo (RoleInfo.java:shutdownLeaderElection(134)) - 9c5364a7-ba03-46bb-ba71-b490d4b445f4: shutdown LeaderElection
2019-09-25 05:41:12,393 [9c5364a7-ba03-46bb-ba71-b490d4b445f4@group-E6CF19AEA87F:LeaderElection2] INFO  impl.RaftServerImpl (RaftServerImpl.java:setRole(174)) - 9c5364a7-ba03-46bb-ba71-b490d4b445f4@group-E6CF19AEA87F: changes role from CANDIDATE to LEADER at term 1 for changeToLeader
2019-09-25 05:41:12,393 [9c5364a7-ba03-46bb-ba71-b490d4b445f4@group-E6CF19AEA87F:LeaderElection2] INFO  impl.RaftServerImpl (ServerState.java:setLeader(253)) - 9c5364a7-ba03-46bb-ba71-b490d4b445f4@group-E6CF19AEA87F: change Leader from null to 9c5364a7-ba03-46bb-ba71-b490d4b445f4 at term 1 for becomeLeader, leader elected after 5160ms
2019-09-25 05:41:12,396 [9c5364a7-ba03-46bb-ba71-b490d4b445f4@group-E6CF19AEA87F:LeaderElection2] INFO  server.RaftServerConfigKeys (ConfUtils.java:logGet(43)) - raft.server.staging.catchup.gap = 1000 (default)
2019-09-25 05:41:12,396 [9c5364a7-ba03-46bb-ba71-b490d4b445f4@group-E6CF19AEA87F:LeaderElection2] INFO  server.RaftServerConfigKeys (ConfUtils.java:logGet(43)) - raft.server.rpc.sleep.time = 25ms (default)
2019-09-25 05:41:12,397 [9c5364a7-ba03-46bb-ba71-b490d4b445f4@group-E6CF19AEA87F:LeaderElection2] INFO  server.RaftServerConfigKeys (ConfUtils.java:logGet(43)) - raft.server.write.element-limit = 4096 (default)
2019-09-25 05:41:12,397 [9c5364a7-ba03-46bb-ba71-b490d4b445f4@group-E6CF19AEA87F:LeaderElection2] INFO  server.RaftServerConfigKeys (ConfUtils.java:logGet(43)) - raft.server.watch.timeout = 10s (default)
2019-09-25 05:41:12,397 [9c5364a7-ba03-46bb-ba71-b490d4b445f4@group-E6CF19AEA87F:LeaderElection2] INFO  server.RaftServerConfigKeys (ConfUtils.java:logGet(43)) - raft.server.watch.timeout.denomination = 1s (default)
2019-09-25 05:41:12,397 [9c5364a7-ba03-46bb-ba71-b490d4b445f4@group-E6CF19AEA87F:LeaderElection2] INFO  server.RaftServerConfigKeys (ConfUtils.java:logGet(43)) - raft.server.watch.element-limit = 65536 (default)
2019-09-25 05:41:12,400 [9c5364a7-ba03-46bb-ba71-b490d4b445f4@group-E6CF19AEA87F:LeaderElection2] INFO  impl.RoleInfo (RoleInfo.java:updateAndGet(143)) - 9c5364a7-ba03-46bb-ba71-b490d4b445f4: start LeaderState
2019-09-25 05:41:12,400 [9c5364a7-ba03-46bb-ba71-b490d4b445f4@group-E6CF19AEA87F:LeaderElection2] INFO  segmented.SegmentedRaftLogWorker (SegmentedRaftLogWorker.java:startLogSegment(380)) - 9c5364a7-ba03-46bb-ba71-b490d4b445f4@group-E6CF19AEA87F-SegmentedRaftLogWorker: Starting segment from index:0
2019-09-25 05:41:12,401 [9c5364a7-ba03-46bb-ba71-b490d4b445f4@group-E6CF19AEA87F:LeaderElection2] INFO  impl.RaftServerImpl (ServerState.java:setRaftConf(354)) - 9c5364a7-ba03-46bb-ba71-b490d4b445f4@group-E6CF19AEA87F: set configuration 0: [9c5364a7-ba03-46bb-ba71-b490d4b445f4:192.168.30.10:36102], old=null at 0
2019-09-25 05:41:12,442 [9c5364a7-ba03-46bb-ba71-b490d4b445f4@group-E6CF19AEA87F-SegmentedRaftLogWorker] INFO  segmented.SegmentedRaftLogWorker (SegmentedRaftLogWorker.java:execute(569)) - 9c5364a7-ba03-46bb-ba71-b490d4b445f4@group-E6CF19AEA87F-SegmentedRaftLogWorker: created new log segment /workdir/hadoop-ozone/integration-test/target/test-dir/MiniOzoneClusterImpl-5f167f52-bad4-483d-8ef4-c1e76e705afb/datanode-2/data/ratis/2e812a4f-0bbd-41a6-bd02-e6cf19aea87f/current/log_inprogress_0
2019-09-25 05:41:12,547 [Thread-246] INFO  impl.FollowerState (FollowerState.java:run(106)) - ba526371-bbb0-45ae-a73e-928578471dee:group-AD7E0A6E7306 changes to CANDIDATE, lastRpcTime:5081, electionTimeout:5081ms
2019-09-25 05:41:12,548 [Thread-246] INFO  impl.RoleInfo (RoleInfo.java:shutdownFollowerState(121)) - ba526371-bbb0-45ae-a73e-928578471dee: shutdown FollowerState
2019-09-25 05:41:12,548 [Thread-246] INFO  impl.RaftServerImpl (RaftServerImpl.java:setRole(174)) - ba526371-bbb0-45ae-a73e-928578471dee@group-AD7E0A6E7306: changes role from  FOLLOWER to CANDIDATE at term 0 for changeToCandidate
2019-09-25 05:41:12,548 [Thread-246] INFO  impl.RoleInfo (RoleInfo.java:updateAndGet(143)) - ba526371-bbb0-45ae-a73e-928578471dee: start LeaderElection
2019-09-25 05:41:12,582 [ba526371-bbb0-45ae-a73e-928578471dee@group-AD7E0A6E7306:LeaderElection3] INFO  impl.LeaderElection (LeaderElection.java:askForVotes(182)) - ba526371-bbb0-45ae-a73e-928578471dee@group-AD7E0A6E7306:LeaderElection3: begin an election at term 1 for -1: [ba526371-bbb0-45ae-a73e-928578471dee:192.168.30.10:42293], old=null
2019-09-25 05:41:12,583 [ba526371-bbb0-45ae-a73e-928578471dee@group-AD7E0A6E7306:LeaderElection3] INFO  impl.RoleInfo (RoleInfo.java:shutdownLeaderElection(134)) - ba526371-bbb0-45ae-a73e-928578471dee: shutdown LeaderElection
2019-09-25 05:41:12,583 [ba526371-bbb0-45ae-a73e-928578471dee@group-AD7E0A6E7306:LeaderElection3] INFO  impl.RaftServerImpl (RaftServerImpl.java:setRole(174)) - ba526371-bbb0-45ae-a73e-928578471dee@group-AD7E0A6E7306: changes role from CANDIDATE to LEADER at term 1 for changeToLeader
2019-09-25 05:41:12,583 [ba526371-bbb0-45ae-a73e-928578471dee@group-AD7E0A6E7306:LeaderElection3] INFO  impl.RaftServerImpl (ServerState.java:setLeader(253)) - ba526371-bbb0-45ae-a73e-928578471dee@group-AD7E0A6E7306: change Leader from null to ba526371-bbb0-45ae-a73e-928578471dee at term 1 for becomeLeader, leader elected after 5176ms
2019-09-25 05:41:12,585 [ba526371-bbb0-45ae-a73e-928578471dee@group-AD7E0A6E7306:LeaderElection3] INFO  server.RaftServerConfigKeys (ConfUtils.java:logGet(43)) - raft.server.staging.catchup.gap = 1000 (default)
2019-09-25 05:41:12,585 [ba526371-bbb0-45ae-a73e-928578471dee@group-AD7E0A6E7306:LeaderElection3] INFO  server.RaftServerConfigKeys (ConfUtils.java:logGet(43)) - raft.server.rpc.sleep.time = 25ms (default)
2019-09-25 05:41:12,586 [ba526371-bbb0-45ae-a73e-928578471dee@group-AD7E0A6E7306:LeaderElection3] INFO  server.RaftServerConfigKeys (ConfUtils.java:logGet(43)) - raft.server.write.element-limit = 4096 (default)
2019-09-25 05:41:12,586 [ba526371-bbb0-45ae-a73e-928578471dee@group-AD7E0A6E7306:LeaderElection3] INFO  server.RaftServerConfigKeys (ConfUtils.java:logGet(43)) - raft.server.watch.timeout = 10s (default)
2019-09-25 05:41:12,586 [ba526371-bbb0-45ae-a73e-928578471dee@group-AD7E0A6E7306:LeaderElection3] INFO  server.RaftServerConfigKeys (ConfUtils.java:logGet(43)) - raft.server.watch.timeout.denomination = 1s (default)
2019-09-25 05:41:12,586 [ba526371-bbb0-45ae-a73e-928578471dee@group-AD7E0A6E7306:LeaderElection3] INFO  server.RaftServerConfigKeys (ConfUtils.java:logGet(43)) - raft.server.watch.element-limit = 65536 (default)
2019-09-25 05:41:12,589 [ba526371-bbb0-45ae-a73e-928578471dee@group-AD7E0A6E7306:LeaderElection3] INFO  impl.RoleInfo (RoleInfo.java:updateAndGet(143)) - ba526371-bbb0-45ae-a73e-928578471dee: start LeaderState
2019-09-25 05:41:12,590 [ba526371-bbb0-45ae-a73e-928578471dee@group-AD7E0A6E7306:LeaderElection3] INFO  segmented.SegmentedRaftLogWorker (SegmentedRaftLogWorker.java:startLogSegment(380)) - ba526371-bbb0-45ae-a73e-928578471dee@group-AD7E0A6E7306-SegmentedRaftLogWorker: Starting segment from index:0
2019-09-25 05:41:12,590 [ba526371-bbb0-45ae-a73e-928578471dee@group-AD7E0A6E7306:LeaderElection3] INFO  impl.RaftServerImpl (ServerState.java:setRaftConf(354)) - ba526371-bbb0-45ae-a73e-928578471dee@group-AD7E0A6E7306: set configuration 0: [ba526371-bbb0-45ae-a73e-928578471dee:192.168.30.10:42293], old=null at 0
2019-09-25 05:41:12,636 [ba526371-bbb0-45ae-a73e-928578471dee@group-AD7E0A6E7306-SegmentedRaftLogWorker] INFO  segmented.SegmentedRaftLogWorker (SegmentedRaftLogWorker.java:execute(569)) - ba526371-bbb0-45ae-a73e-928578471dee@group-AD7E0A6E7306-SegmentedRaftLogWorker: created new log segment /workdir/hadoop-ozone/integration-test/target/test-dir/MiniOzoneClusterImpl-5f167f52-bad4-483d-8ef4-c1e76e705afb/datanode-1/data/ratis/9d7d7367-8037-4445-b9b2-ad7e0a6e7306/current/log_inprogress_0
2019-09-25 05:41:12,742 [Thread-249] INFO  impl.FollowerState (FollowerState.java:run(106)) - ddbbae55-12b9-461a-b1dd-678d37e66059:group-19C7B6A0FD29 changes to CANDIDATE, lastRpcTime:5153, electionTimeout:5153ms
2019-09-25 05:41:12,742 [Thread-249] INFO  impl.RoleInfo (RoleInfo.java:shutdownFollowerState(121)) - ddbbae55-12b9-461a-b1dd-678d37e66059: shutdown FollowerState
2019-09-25 05:41:12,742 [Thread-249] INFO  impl.RaftServerImpl (RaftServerImpl.java:setRole(174)) - ddbbae55-12b9-461a-b1dd-678d37e66059@group-19C7B6A0FD29: changes role from  FOLLOWER to CANDIDATE at term 0 for changeToCandidate
2019-09-25 05:41:12,743 [Thread-249] INFO  impl.RoleInfo (RoleInfo.java:updateAndGet(143)) - ddbbae55-12b9-461a-b1dd-678d37e66059: start LeaderElection
2019-09-25 05:41:12,758 [ddbbae55-12b9-461a-b1dd-678d37e66059@group-19C7B6A0FD29:LeaderElection4] INFO  impl.LeaderElection (LeaderElection.java:askForVotes(182)) - ddbbae55-12b9-461a-b1dd-678d37e66059@group-19C7B6A0FD29:LeaderElection4: begin an election at term 1 for -1: [ddbbae55-12b9-461a-b1dd-678d37e66059:192.168.30.10:43177], old=null
2019-09-25 05:41:12,758 [ddbbae55-12b9-461a-b1dd-678d37e66059@group-19C7B6A0FD29:LeaderElection4] INFO  impl.RoleInfo (RoleInfo.java:shutdownLeaderElection(134)) - ddbbae55-12b9-461a-b1dd-678d37e66059: shutdown LeaderElection
2019-09-25 05:41:12,758 [ddbbae55-12b9-461a-b1dd-678d37e66059@group-19C7B6A0FD29:LeaderElection4] INFO  impl.RaftServerImpl (RaftServerImpl.java:setRole(174)) - ddbbae55-12b9-461a-b1dd-678d37e66059@group-19C7B6A0FD29: changes role from CANDIDATE to LEADER at term 1 for changeToLeader
2019-09-25 05:41:12,758 [ddbbae55-12b9-461a-b1dd-678d37e66059@group-19C7B6A0FD29:LeaderElection4] INFO  impl.RaftServerImpl (ServerState.java:setLeader(253)) - ddbbae55-12b9-461a-b1dd-678d37e66059@group-19C7B6A0FD29: change Leader from null to ddbbae55-12b9-461a-b1dd-678d37e66059 at term 1 for becomeLeader, leader elected after 5186ms
2019-09-25 05:41:12,761 [ddbbae55-12b9-461a-b1dd-678d37e66059@group-19C7B6A0FD29:LeaderElection4] INFO  server.RaftServerConfigKeys (ConfUtils.java:logGet(43)) - raft.server.staging.catchup.gap = 1000 (default)
2019-09-25 05:41:12,761 [ddbbae55-12b9-461a-b1dd-678d37e66059@group-19C7B6A0FD29:LeaderElection4] INFO  server.RaftServerConfigKeys (ConfUtils.java:logGet(43)) - raft.server.rpc.sleep.time = 25ms (default)
2019-09-25 05:41:12,761 [ddbbae55-12b9-461a-b1dd-678d37e66059@group-19C7B6A0FD29:LeaderElection4] INFO  server.RaftServerConfigKeys (ConfUtils.java:logGet(43)) - raft.server.write.element-limit = 4096 (default)
2019-09-25 05:41:12,762 [ddbbae55-12b9-461a-b1dd-678d37e66059@group-19C7B6A0FD29:LeaderElection4] INFO  server.RaftServerConfigKeys (ConfUtils.java:logGet(43)) - raft.server.watch.timeout = 10s (default)
2019-09-25 05:41:12,762 [ddbbae55-12b9-461a-b1dd-678d37e66059@group-19C7B6A0FD29:LeaderElection4] INFO  server.RaftServerConfigKeys (ConfUtils.java:logGet(43)) - raft.server.watch.timeout.denomination = 1s (default)
2019-09-25 05:41:12,762 [ddbbae55-12b9-461a-b1dd-678d37e66059@group-19C7B6A0FD29:LeaderElection4] INFO  server.RaftServerConfigKeys (ConfUtils.java:logGet(43)) - raft.server.watch.element-limit = 65536 (default)
2019-09-25 05:41:12,765 [ddbbae55-12b9-461a-b1dd-678d37e66059@group-19C7B6A0FD29:LeaderElection4] INFO  impl.RoleInfo (RoleInfo.java:updateAndGet(143)) - ddbbae55-12b9-461a-b1dd-678d37e66059: start LeaderState
2019-09-25 05:41:12,765 [ddbbae55-12b9-461a-b1dd-678d37e66059@group-19C7B6A0FD29:LeaderElection4] INFO  segmented.SegmentedRaftLogWorker (SegmentedRaftLogWorker.java:startLogSegment(380)) - ddbbae55-12b9-461a-b1dd-678d37e66059@group-19C7B6A0FD29-SegmentedRaftLogWorker: Starting segment from index:0
2019-09-25 05:41:12,766 [ddbbae55-12b9-461a-b1dd-678d37e66059@group-19C7B6A0FD29:LeaderElection4] INFO  impl.RaftServerImpl (ServerState.java:setRaftConf(354)) - ddbbae55-12b9-461a-b1dd-678d37e66059@group-19C7B6A0FD29: set configuration 0: [ddbbae55-12b9-461a-b1dd-678d37e66059:192.168.30.10:43177], old=null at 0
2019-09-25 05:41:12,793 [ddbbae55-12b9-461a-b1dd-678d37e66059@group-19C7B6A0FD29-SegmentedRaftLogWorker] INFO  segmented.SegmentedRaftLogWorker (SegmentedRaftLogWorker.java:execute(569)) - ddbbae55-12b9-461a-b1dd-678d37e66059@group-19C7B6A0FD29-SegmentedRaftLogWorker: created new log segment /workdir/hadoop-ozone/integration-test/target/test-dir/MiniOzoneClusterImpl-5f167f52-bad4-483d-8ef4-c1e76e705afb/datanode-6/data/ratis/f83f6952-bb01-41d8-a09f-19c7b6a0fd29/current/log_inprogress_0
2019-09-25 05:41:12,819 [Thread-252] INFO  impl.FollowerState (FollowerState.java:run(106)) - ddbbae55-12b9-461a-b1dd-678d37e66059:group-5E3170E5E5E5 changes to CANDIDATE, lastRpcTime:5122, electionTimeout:5122ms
2019-09-25 05:41:12,819 [Thread-252] INFO  impl.RoleInfo (RoleInfo.java:shutdownFollowerState(121)) - ddbbae55-12b9-461a-b1dd-678d37e66059: shutdown FollowerState
2019-09-25 05:41:12,819 [Thread-252] INFO  impl.RaftServerImpl (RaftServerImpl.java:setRole(174)) - ddbbae55-12b9-461a-b1dd-678d37e66059@group-5E3170E5E5E5: changes role from  FOLLOWER to CANDIDATE at term 0 for changeToCandidate
2019-09-25 05:41:12,819 [Thread-252] INFO  impl.RoleInfo (RoleInfo.java:updateAndGet(143)) - ddbbae55-12b9-461a-b1dd-678d37e66059: start LeaderElection
2019-09-25 05:41:12,841 [ddbbae55-12b9-461a-b1dd-678d37e66059@group-5E3170E5E5E5:LeaderElection5] INFO  impl.LeaderElection (LeaderElection.java:askForVotes(182)) - ddbbae55-12b9-461a-b1dd-678d37e66059@group-5E3170E5E5E5:LeaderElection5: begin an election at term 1 for -1: [ddbbae55-12b9-461a-b1dd-678d37e66059:192.168.30.10:43177], old=null
2019-09-25 05:41:12,842 [ddbbae55-12b9-461a-b1dd-678d37e66059@group-5E3170E5E5E5:LeaderElection5] INFO  impl.RoleInfo (RoleInfo.java:shutdownLeaderElection(134)) - ddbbae55-12b9-461a-b1dd-678d37e66059: shutdown LeaderElection
2019-09-25 05:41:12,842 [ddbbae55-12b9-461a-b1dd-678d37e66059@group-5E3170E5E5E5:LeaderElection5] INFO  impl.RaftServerImpl (RaftServerImpl.java:setRole(174)) - ddbbae55-12b9-461a-b1dd-678d37e66059@group-5E3170E5E5E5: changes role from CANDIDATE to LEADER at term 1 for changeToLeader
2019-09-25 05:41:12,842 [ddbbae55-12b9-461a-b1dd-678d37e66059@group-5E3170E5E5E5:LeaderElection5] INFO  impl.RaftServerImpl (ServerState.java:setLeader(253)) - ddbbae55-12b9-461a-b1dd-678d37e66059@group-5E3170E5E5E5: change Leader from null to ddbbae55-12b9-461a-b1dd-678d37e66059 at term 1 for becomeLeader, leader elected after 5152ms
2019-09-25 05:41:12,842 [ddbbae55-12b9-461a-b1dd-678d37e66059@group-5E3170E5E5E5:LeaderElection5] INFO  server.RaftServerConfigKeys (ConfUtils.java:logGet(43)) - raft.server.staging.catchup.gap = 1000 (default)
2019-09-25 05:41:12,842 [ddbbae55-12b9-461a-b1dd-678d37e66059@group-5E3170E5E5E5:LeaderElection5] INFO  server.RaftServerConfigKeys (ConfUtils.java:logGet(43)) - raft.server.rpc.sleep.time = 25ms (default)
2019-09-25 05:41:12,842 [ddbbae55-12b9-461a-b1dd-678d37e66059@group-5E3170E5E5E5:LeaderElection5] INFO  server.RaftServerConfigKeys (ConfUtils.java:logGet(43)) - raft.server.write.element-limit = 4096 (default)
2019-09-25 05:41:12,843 [ddbbae55-12b9-461a-b1dd-678d37e66059@group-5E3170E5E5E5:LeaderElection5] INFO  server.RaftServerConfigKeys (ConfUtils.java:logGet(43)) - raft.server.watch.timeout = 10s (default)
2019-09-25 05:41:12,843 [ddbbae55-12b9-461a-b1dd-678d37e66059@group-5E3170E5E5E5:LeaderElection5] INFO  server.RaftServerConfigKeys (ConfUtils.java:logGet(43)) - raft.server.watch.timeout.denomination = 1s (default)
2019-09-25 05:41:12,843 [ddbbae55-12b9-461a-b1dd-678d37e66059@group-5E3170E5E5E5:LeaderElection5] INFO  server.RaftServerConfigKeys (ConfUtils.java:logGet(43)) - raft.server.watch.element-limit = 65536 (default)
2019-09-25 05:41:12,846 [ddbbae55-12b9-461a-b1dd-678d37e66059@group-5E3170E5E5E5:LeaderElection5] INFO  impl.RoleInfo (RoleInfo.java:updateAndGet(143)) - ddbbae55-12b9-461a-b1dd-678d37e66059: start LeaderState
2019-09-25 05:41:12,846 [ddbbae55-12b9-461a-b1dd-678d37e66059@group-5E3170E5E5E5:LeaderElection5] INFO  segmented.SegmentedRaftLogWorker (SegmentedRaftLogWorker.java:startLogSegment(380)) - ddbbae55-12b9-461a-b1dd-678d37e66059@group-5E3170E5E5E5-SegmentedRaftLogWorker: Starting segment from index:0
2019-09-25 05:41:12,847 [ddbbae55-12b9-461a-b1dd-678d37e66059@group-5E3170E5E5E5:LeaderElection5] INFO  impl.RaftServerImpl (ServerState.java:setRaftConf(354)) - ddbbae55-12b9-461a-b1dd-678d37e66059@group-5E3170E5E5E5: set configuration 0: [ddbbae55-12b9-461a-b1dd-678d37e66059:192.168.30.10:43177], old=null at 0
2019-09-25 05:41:12,904 [ddbbae55-12b9-461a-b1dd-678d37e66059@group-5E3170E5E5E5-SegmentedRaftLogWorker] INFO  segmented.SegmentedRaftLogWorker (SegmentedRaftLogWorker.java:execute(569)) - ddbbae55-12b9-461a-b1dd-678d37e66059@group-5E3170E5E5E5-SegmentedRaftLogWorker: created new log segment /workdir/hadoop-ozone/integration-test/target/test-dir/MiniOzoneClusterImpl-5f167f52-bad4-483d-8ef4-c1e76e705afb/datanode-6/data/ratis/2ead3c25-b45d-41c5-a4ba-5e3170e5e5e5/current/log_inprogress_0
2019-09-25 05:41:12,986 [Thread-255] INFO  impl.FollowerState (FollowerState.java:run(106)) - ddbbae55-12b9-461a-b1dd-678d37e66059:group-9E2FBB03936E changes to CANDIDATE, lastRpcTime:5175, electionTimeout:5175ms
2019-09-25 05:41:12,986 [Thread-255] INFO  impl.RoleInfo (RoleInfo.java:shutdownFollowerState(121)) - ddbbae55-12b9-461a-b1dd-678d37e66059: shutdown FollowerState
2019-09-25 05:41:12,986 [Thread-255] INFO  impl.RaftServerImpl (RaftServerImpl.java:setRole(174)) - ddbbae55-12b9-461a-b1dd-678d37e66059@group-9E2FBB03936E: changes role from  FOLLOWER to CANDIDATE at term 0 for changeToCandidate
2019-09-25 05:41:12,986 [Thread-255] INFO  impl.RoleInfo (RoleInfo.java:updateAndGet(143)) - ddbbae55-12b9-461a-b1dd-678d37e66059: start LeaderElection
2019-09-25 05:41:13,018 [ddbbae55-12b9-461a-b1dd-678d37e66059@group-9E2FBB03936E:LeaderElection6] INFO  impl.LeaderElection (LeaderElection.java:askForVotes(182)) - ddbbae55-12b9-461a-b1dd-678d37e66059@group-9E2FBB03936E:LeaderElection6: begin an election at term 1 for -1: [ddbbae55-12b9-461a-b1dd-678d37e66059:192.168.30.10:43177], old=null
2019-09-25 05:41:13,018 [ddbbae55-12b9-461a-b1dd-678d37e66059@group-9E2FBB03936E:LeaderElection6] INFO  impl.RoleInfo (RoleInfo.java:shutdownLeaderElection(134)) - ddbbae55-12b9-461a-b1dd-678d37e66059: shutdown LeaderElection
2019-09-25 05:41:13,019 [ddbbae55-12b9-461a-b1dd-678d37e66059@group-9E2FBB03936E:LeaderElection6] INFO  impl.RaftServerImpl (RaftServerImpl.java:setRole(174)) - ddbbae55-12b9-461a-b1dd-678d37e66059@group-9E2FBB03936E: changes role from CANDIDATE to LEADER at term 1 for changeToLeader
2019-09-25 05:41:13,019 [ddbbae55-12b9-461a-b1dd-678d37e66059@group-9E2FBB03936E:LeaderElection6] INFO  impl.RaftServerImpl (ServerState.java:setLeader(253)) - ddbbae55-12b9-461a-b1dd-678d37e66059@group-9E2FBB03936E: change Leader from null to ddbbae55-12b9-461a-b1dd-678d37e66059 at term 1 for becomeLeader, leader elected after 5214ms
2019-09-25 05:41:13,019 [ddbbae55-12b9-461a-b1dd-678d37e66059@group-9E2FBB03936E:LeaderElection6] INFO  server.RaftServerConfigKeys (ConfUtils.java:logGet(43)) - raft.server.staging.catchup.gap = 1000 (default)
2019-09-25 05:41:13,019 [ddbbae55-12b9-461a-b1dd-678d37e66059@group-9E2FBB03936E:LeaderElection6] INFO  server.RaftServerConfigKeys (ConfUtils.java:logGet(43)) - raft.server.rpc.sleep.time = 25ms (default)
2019-09-25 05:41:13,019 [ddbbae55-12b9-461a-b1dd-678d37e66059@group-9E2FBB03936E:LeaderElection6] INFO  server.RaftServerConfigKeys (ConfUtils.java:logGet(43)) - raft.server.write.element-limit = 4096 (default)
2019-09-25 05:41:13,020 [ddbbae55-12b9-461a-b1dd-678d37e66059@group-9E2FBB03936E:LeaderElection6] INFO  server.RaftServerConfigKeys (ConfUtils.java:logGet(43)) - raft.server.watch.timeout = 10s (default)
2019-09-25 05:41:13,020 [ddbbae55-12b9-461a-b1dd-678d37e66059@group-9E2FBB03936E:LeaderElection6] INFO  server.RaftServerConfigKeys (ConfUtils.java:logGet(43)) - raft.server.watch.timeout.denomination = 1s (default)
2019-09-25 05:41:13,020 [ddbbae55-12b9-461a-b1dd-678d37e66059@group-9E2FBB03936E:LeaderElection6] INFO  server.RaftServerConfigKeys (ConfUtils.java:logGet(43)) - raft.server.watch.element-limit = 65536 (default)
2019-09-25 05:41:13,023 [ddbbae55-12b9-461a-b1dd-678d37e66059@group-9E2FBB03936E:LeaderElection6] INFO  impl.RoleInfo (RoleInfo.java:updateAndGet(143)) - ddbbae55-12b9-461a-b1dd-678d37e66059: start LeaderState
2019-09-25 05:41:13,023 [ddbbae55-12b9-461a-b1dd-678d37e66059@group-9E2FBB03936E:LeaderElection6] INFO  segmented.SegmentedRaftLogWorker (SegmentedRaftLogWorker.java:startLogSegment(380)) - ddbbae55-12b9-461a-b1dd-678d37e66059@group-9E2FBB03936E-SegmentedRaftLogWorker: Starting segment from index:0
2019-09-25 05:41:13,023 [ddbbae55-12b9-461a-b1dd-678d37e66059@group-9E2FBB03936E:LeaderElection6] INFO  impl.RaftServerImpl (ServerState.java:setRaftConf(354)) - ddbbae55-12b9-461a-b1dd-678d37e66059@group-9E2FBB03936E: set configuration 0: [ddbbae55-12b9-461a-b1dd-678d37e66059:192.168.30.10:43177], old=null at 0
2019-09-25 05:41:13,048 [Thread-258] INFO  impl.FollowerState (FollowerState.java:run(106)) - a0f9784c-b240-4740-a75c-f623c7ee251f:group-F6426B243BE5 changes to CANDIDATE, lastRpcTime:5166, electionTimeout:5166ms
2019-09-25 05:41:13,049 [Thread-258] INFO  impl.RoleInfo (RoleInfo.java:shutdownFollowerState(121)) - a0f9784c-b240-4740-a75c-f623c7ee251f: shutdown FollowerState
2019-09-25 05:41:13,049 [Thread-258] INFO  impl.RaftServerImpl (RaftServerImpl.java:setRole(174)) - a0f9784c-b240-4740-a75c-f623c7ee251f@group-F6426B243BE5: changes role from  FOLLOWER to CANDIDATE at term 0 for changeToCandidate
2019-09-25 05:41:13,049 [Thread-258] INFO  impl.RoleInfo (RoleInfo.java:updateAndGet(143)) - a0f9784c-b240-4740-a75c-f623c7ee251f: start LeaderElection
2019-09-25 05:41:13,060 [Thread-262] INFO  impl.FollowerState (FollowerState.java:run(106)) - 9c5364a7-ba03-46bb-ba71-b490d4b445f4:group-6AA826F9112D changes to CANDIDATE, lastRpcTime:5053, electionTimeout:5053ms
2019-09-25 05:41:13,061 [Thread-262] INFO  impl.RoleInfo (RoleInfo.java:shutdownFollowerState(121)) - 9c5364a7-ba03-46bb-ba71-b490d4b445f4: shutdown FollowerState
2019-09-25 05:41:13,061 [Thread-262] INFO  impl.RaftServerImpl (RaftServerImpl.java:setRole(174)) - 9c5364a7-ba03-46bb-ba71-b490d4b445f4@group-6AA826F9112D: changes role from  FOLLOWER to CANDIDATE at term 0 for changeToCandidate
2019-09-25 05:41:13,061 [Thread-262] INFO  impl.RoleInfo (RoleInfo.java:updateAndGet(143)) - 9c5364a7-ba03-46bb-ba71-b490d4b445f4: start LeaderElection
2019-09-25 05:41:13,068 [ddbbae55-12b9-461a-b1dd-678d37e66059@group-9E2FBB03936E-SegmentedRaftLogWorker] INFO  segmented.SegmentedRaftLogWorker (SegmentedRaftLogWorker.java:execute(569)) - ddbbae55-12b9-461a-b1dd-678d37e66059@group-9E2FBB03936E-SegmentedRaftLogWorker: created new log segment /workdir/hadoop-ozone/integration-test/target/test-dir/MiniOzoneClusterImpl-5f167f52-bad4-483d-8ef4-c1e76e705afb/datanode-6/data/ratis/10b52dd5-d9c1-4ca6-8fc6-9e2fbb03936e/current/log_inprogress_0
2019-09-25 05:41:13,068 [a0f9784c-b240-4740-a75c-f623c7ee251f@group-F6426B243BE5:LeaderElection7] INFO  impl.LeaderElection (LeaderElection.java:askForVotes(182)) - a0f9784c-b240-4740-a75c-f623c7ee251f@group-F6426B243BE5:LeaderElection7: begin an election at term 1 for -1: [a0f9784c-b240-4740-a75c-f623c7ee251f:192.168.30.10:36265], old=null
2019-09-25 05:41:13,068 [a0f9784c-b240-4740-a75c-f623c7ee251f@group-F6426B243BE5:LeaderElection7] INFO  impl.RoleInfo (RoleInfo.java:shutdownLeaderElection(134)) - a0f9784c-b240-4740-a75c-f623c7ee251f: shutdown LeaderElection
2019-09-25 05:41:13,069 [a0f9784c-b240-4740-a75c-f623c7ee251f@group-F6426B243BE5:LeaderElection7] INFO  impl.RaftServerImpl (RaftServerImpl.java:setRole(174)) - a0f9784c-b240-4740-a75c-f623c7ee251f@group-F6426B243BE5: changes role from CANDIDATE to LEADER at term 1 for changeToLeader
2019-09-25 05:41:13,069 [a0f9784c-b240-4740-a75c-f623c7ee251f@group-F6426B243BE5:LeaderElection7] INFO  impl.RaftServerImpl (ServerState.java:setLeader(253)) - a0f9784c-b240-4740-a75c-f623c7ee251f@group-F6426B243BE5: change Leader from null to a0f9784c-b240-4740-a75c-f623c7ee251f at term 1 for becomeLeader, leader elected after 5200ms
2019-09-25 05:41:13,071 [a0f9784c-b240-4740-a75c-f623c7ee251f@group-F6426B243BE5:LeaderElection7] INFO  server.RaftServerConfigKeys (ConfUtils.java:logGet(43)) - raft.server.staging.catchup.gap = 1000 (default)
2019-09-25 05:41:13,071 [a0f9784c-b240-4740-a75c-f623c7ee251f@group-F6426B243BE5:LeaderElection7] INFO  server.RaftServerConfigKeys (ConfUtils.java:logGet(43)) - raft.server.rpc.sleep.time = 25ms (default)
2019-09-25 05:41:13,072 [a0f9784c-b240-4740-a75c-f623c7ee251f@group-F6426B243BE5:LeaderElection7] INFO  server.RaftServerConfigKeys (ConfUtils.java:logGet(43)) - raft.server.write.element-limit = 4096 (default)
2019-09-25 05:41:13,072 [a0f9784c-b240-4740-a75c-f623c7ee251f@group-F6426B243BE5:LeaderElection7] INFO  server.RaftServerConfigKeys (ConfUtils.java:logGet(43)) - raft.server.watch.timeout = 10s (default)
2019-09-25 05:41:13,072 [a0f9784c-b240-4740-a75c-f623c7ee251f@group-F6426B243BE5:LeaderElection7] INFO  server.RaftServerConfigKeys (ConfUtils.java:logGet(43)) - raft.server.watch.timeout.denomination = 1s (default)
2019-09-25 05:41:13,072 [a0f9784c-b240-4740-a75c-f623c7ee251f@group-F6426B243BE5:LeaderElection7] INFO  server.RaftServerConfigKeys (ConfUtils.java:logGet(43)) - raft.server.watch.element-limit = 65536 (default)
2019-09-25 05:41:13,075 [9c5364a7-ba03-46bb-ba71-b490d4b445f4@group-6AA826F9112D:LeaderElection8] INFO  impl.LeaderElection (LeaderElection.java:askForVotes(182)) - 9c5364a7-ba03-46bb-ba71-b490d4b445f4@group-6AA826F9112D:LeaderElection8: begin an election at term 1 for -1: [9c5364a7-ba03-46bb-ba71-b490d4b445f4:192.168.30.10:36102], old=null
2019-09-25 05:41:13,075 [a0f9784c-b240-4740-a75c-f623c7ee251f@group-F6426B243BE5:LeaderElection7] INFO  impl.RoleInfo (RoleInfo.java:updateAndGet(143)) - a0f9784c-b240-4740-a75c-f623c7ee251f: start LeaderState
2019-09-25 05:41:13,075 [9c5364a7-ba03-46bb-ba71-b490d4b445f4@group-6AA826F9112D:LeaderElection8] INFO  impl.RoleInfo (RoleInfo.java:shutdownLeaderElection(134)) - 9c5364a7-ba03-46bb-ba71-b490d4b445f4: shutdown LeaderElection
2019-09-25 05:41:13,075 [9c5364a7-ba03-46bb-ba71-b490d4b445f4@group-6AA826F9112D:LeaderElection8] INFO  impl.RaftServerImpl (RaftServerImpl.java:setRole(174)) - 9c5364a7-ba03-46bb-ba71-b490d4b445f4@group-6AA826F9112D: changes role from CANDIDATE to LEADER at term 1 for changeToLeader
2019-09-25 05:41:13,076 [a0f9784c-b240-4740-a75c-f623c7ee251f@group-F6426B243BE5:LeaderElection7] INFO  segmented.SegmentedRaftLogWorker (SegmentedRaftLogWorker.java:startLogSegment(380)) - a0f9784c-b240-4740-a75c-f623c7ee251f@group-F6426B243BE5-SegmentedRaftLogWorker: Starting segment from index:0
2019-09-25 05:41:13,076 [9c5364a7-ba03-46bb-ba71-b490d4b445f4@group-6AA826F9112D:LeaderElection8] INFO  impl.RaftServerImpl (ServerState.java:setLeader(253)) - 9c5364a7-ba03-46bb-ba71-b490d4b445f4@group-6AA826F9112D: change Leader from null to 9c5364a7-ba03-46bb-ba71-b490d4b445f4 at term 1 for becomeLeader, leader elected after 5078ms
2019-09-25 05:41:13,076 [9c5364a7-ba03-46bb-ba71-b490d4b445f4@group-6AA826F9112D:LeaderElection8] INFO  server.RaftServerConfigKeys (ConfUtils.java:logGet(43)) - raft.server.staging.catchup.gap = 1000 (default)
2019-09-25 05:41:13,076 [9c5364a7-ba03-46bb-ba71-b490d4b445f4@group-6AA826F9112D:LeaderElection8] INFO  server.RaftServerConfigKeys (ConfUtils.java:logGet(43)) - raft.server.rpc.sleep.time = 25ms (default)
2019-09-25 05:41:13,076 [a0f9784c-b240-4740-a75c-f623c7ee251f@group-F6426B243BE5:LeaderElection7] INFO  impl.RaftServerImpl (ServerState.java:setRaftConf(354)) - a0f9784c-b240-4740-a75c-f623c7ee251f@group-F6426B243BE5: set configuration 0: [a0f9784c-b240-4740-a75c-f623c7ee251f:192.168.30.10:36265], old=null at 0
2019-09-25 05:41:13,076 [9c5364a7-ba03-46bb-ba71-b490d4b445f4@group-6AA826F9112D:LeaderElection8] INFO  server.RaftServerConfigKeys (ConfUtils.java:logGet(43)) - raft.server.write.element-limit = 4096 (default)
2019-09-25 05:41:13,096 [9c5364a7-ba03-46bb-ba71-b490d4b445f4@group-6AA826F9112D:LeaderElection8] INFO  server.RaftServerConfigKeys (ConfUtils.java:logGet(43)) - raft.server.watch.timeout = 10s (default)
2019-09-25 05:41:13,096 [9c5364a7-ba03-46bb-ba71-b490d4b445f4@group-6AA826F9112D:LeaderElection8] INFO  server.RaftServerConfigKeys (ConfUtils.java:logGet(43)) - raft.server.watch.timeout.denomination = 1s (default)
2019-09-25 05:41:13,097 [9c5364a7-ba03-46bb-ba71-b490d4b445f4@group-6AA826F9112D:LeaderElection8] INFO  server.RaftServerConfigKeys (ConfUtils.java:logGet(43)) - raft.server.watch.element-limit = 65536 (default)
2019-09-25 05:41:13,099 [9c5364a7-ba03-46bb-ba71-b490d4b445f4@group-6AA826F9112D:LeaderElection8] INFO  impl.RoleInfo (RoleInfo.java:updateAndGet(143)) - 9c5364a7-ba03-46bb-ba71-b490d4b445f4: start LeaderState
2019-09-25 05:41:13,099 [9c5364a7-ba03-46bb-ba71-b490d4b445f4@group-6AA826F9112D:LeaderElection8] INFO  segmented.SegmentedRaftLogWorker (SegmentedRaftLogWorker.java:startLogSegment(380)) - 9c5364a7-ba03-46bb-ba71-b490d4b445f4@group-6AA826F9112D-SegmentedRaftLogWorker: Starting segment from index:0
2019-09-25 05:41:13,100 [9c5364a7-ba03-46bb-ba71-b490d4b445f4@group-6AA826F9112D:LeaderElection8] INFO  impl.RaftServerImpl (ServerState.java:setRaftConf(354)) - 9c5364a7-ba03-46bb-ba71-b490d4b445f4@group-6AA826F9112D: set configuration 0: [9c5364a7-ba03-46bb-ba71-b490d4b445f4:192.168.30.10:36102], old=null at 0
2019-09-25 05:41:13,140 [Thread-265] INFO  impl.FollowerState (FollowerState.java:run(106)) - a0f9784c-b240-4740-a75c-f623c7ee251f:group-C3F8E73E73E0 changes to CANDIDATE, lastRpcTime:5067, electionTimeout:5052ms
2019-09-25 05:41:13,140 [a0f9784c-b240-4740-a75c-f623c7ee251f@group-F6426B243BE5-SegmentedRaftLogWorker] INFO  segmented.SegmentedRaftLogWorker (SegmentedRaftLogWorker.java:execute(569)) - a0f9784c-b240-4740-a75c-f623c7ee251f@group-F6426B243BE5-SegmentedRaftLogWorker: created new log segment /workdir/hadoop-ozone/integration-test/target/test-dir/MiniOzoneClusterImpl-5f167f52-bad4-483d-8ef4-c1e76e705afb/datanode-3/data/ratis/dc5ca122-1c17-473a-bc9a-f6426b243be5/current/log_inprogress_0
2019-09-25 05:41:13,140 [Thread-265] INFO  impl.RoleInfo (RoleInfo.java:shutdownFollowerState(121)) - a0f9784c-b240-4740-a75c-f623c7ee251f: shutdown FollowerState
2019-09-25 05:41:13,140 [Thread-265] INFO  impl.RaftServerImpl (RaftServerImpl.java:setRole(174)) - a0f9784c-b240-4740-a75c-f623c7ee251f@group-C3F8E73E73E0: changes role from  FOLLOWER to CANDIDATE at term 0 for changeToCandidate
2019-09-25 05:41:13,141 [Thread-265] INFO  impl.RoleInfo (RoleInfo.java:updateAndGet(143)) - a0f9784c-b240-4740-a75c-f623c7ee251f: start LeaderElection
2019-09-25 05:41:13,184 [9c5364a7-ba03-46bb-ba71-b490d4b445f4@group-6AA826F9112D-SegmentedRaftLogWorker] INFO  segmented.SegmentedRaftLogWorker (SegmentedRaftLogWorker.java:execute(569)) - 9c5364a7-ba03-46bb-ba71-b490d4b445f4@group-6AA826F9112D-SegmentedRaftLogWorker: created new log segment /workdir/hadoop-ozone/integration-test/target/test-dir/MiniOzoneClusterImpl-5f167f52-bad4-483d-8ef4-c1e76e705afb/datanode-2/data/ratis/482e80b4-f019-4065-a05c-6aa826f9112d/current/log_inprogress_0
2019-09-25 05:41:13,184 [a0f9784c-b240-4740-a75c-f623c7ee251f@group-C3F8E73E73E0:LeaderElection9] INFO  impl.LeaderElection (LeaderElection.java:askForVotes(182)) - a0f9784c-b240-4740-a75c-f623c7ee251f@group-C3F8E73E73E0:LeaderElection9: begin an election at term 1 for -1: [a0f9784c-b240-4740-a75c-f623c7ee251f:192.168.30.10:36265], old=null
2019-09-25 05:41:13,185 [a0f9784c-b240-4740-a75c-f623c7ee251f@group-C3F8E73E73E0:LeaderElection9] INFO  impl.RoleInfo (RoleInfo.java:shutdownLeaderElection(134)) - a0f9784c-b240-4740-a75c-f623c7ee251f: shutdown LeaderElection
2019-09-25 05:41:13,185 [a0f9784c-b240-4740-a75c-f623c7ee251f@group-C3F8E73E73E0:LeaderElection9] INFO  impl.RaftServerImpl (RaftServerImpl.java:setRole(174)) - a0f9784c-b240-4740-a75c-f623c7ee251f@group-C3F8E73E73E0: changes role from CANDIDATE to LEADER at term 1 for changeToLeader
2019-09-25 05:41:13,185 [a0f9784c-b240-4740-a75c-f623c7ee251f@group-C3F8E73E73E0:LeaderElection9] INFO  impl.RaftServerImpl (ServerState.java:setLeader(253)) - a0f9784c-b240-4740-a75c-f623c7ee251f@group-C3F8E73E73E0: change Leader from null to a0f9784c-b240-4740-a75c-f623c7ee251f at term 1 for becomeLeader, leader elected after 5120ms
2019-09-25 05:41:13,185 [a0f9784c-b240-4740-a75c-f623c7ee251f@group-C3F8E73E73E0:LeaderElection9] INFO  server.RaftServerConfigKeys (ConfUtils.java:logGet(43)) - raft.server.staging.catchup.gap = 1000 (default)
2019-09-25 05:41:13,185 [a0f9784c-b240-4740-a75c-f623c7ee251f@group-C3F8E73E73E0:LeaderElection9] INFO  server.RaftServerConfigKeys (ConfUtils.java:logGet(43)) - raft.server.rpc.sleep.time = 25ms (default)
2019-09-25 05:41:13,186 [a0f9784c-b240-4740-a75c-f623c7ee251f@group-C3F8E73E73E0:LeaderElection9] INFO  server.RaftServerConfigKeys (ConfUtils.java:logGet(43)) - raft.server.write.element-limit = 4096 (default)
2019-09-25 05:41:13,186 [a0f9784c-b240-4740-a75c-f623c7ee251f@group-C3F8E73E73E0:LeaderElection9] INFO  server.RaftServerConfigKeys (ConfUtils.java:logGet(43)) - raft.server.watch.timeout = 10s (default)
2019-09-25 05:41:13,186 [a0f9784c-b240-4740-a75c-f623c7ee251f@group-C3F8E73E73E0:LeaderElection9] INFO  server.RaftServerConfigKeys (ConfUtils.java:logGet(43)) - raft.server.watch.timeout.denomination = 1s (default)
2019-09-25 05:41:13,186 [a0f9784c-b240-4740-a75c-f623c7ee251f@group-C3F8E73E73E0:LeaderElection9] INFO  server.RaftServerConfigKeys (ConfUtils.java:logGet(43)) - raft.server.watch.element-limit = 65536 (default)
2019-09-25 05:41:13,190 [a0f9784c-b240-4740-a75c-f623c7ee251f@group-C3F8E73E73E0:LeaderElection9] INFO  impl.RoleInfo (RoleInfo.java:updateAndGet(143)) - a0f9784c-b240-4740-a75c-f623c7ee251f: start LeaderState
2019-09-25 05:41:13,190 [a0f9784c-b240-4740-a75c-f623c7ee251f@group-C3F8E73E73E0:LeaderElection9] INFO  segmented.SegmentedRaftLogWorker (SegmentedRaftLogWorker.java:startLogSegment(380)) - a0f9784c-b240-4740-a75c-f623c7ee251f@group-C3F8E73E73E0-SegmentedRaftLogWorker: Starting segment from index:0
2019-09-25 05:41:13,191 [a0f9784c-b240-4740-a75c-f623c7ee251f@group-C3F8E73E73E0:LeaderElection9] INFO  impl.RaftServerImpl (ServerState.java:setRaftConf(354)) - a0f9784c-b240-4740-a75c-f623c7ee251f@group-C3F8E73E73E0: set configuration 0: [a0f9784c-b240-4740-a75c-f623c7ee251f:192.168.30.10:36265], old=null at 0
2019-09-25 05:41:13,223 [a0f9784c-b240-4740-a75c-f623c7ee251f@group-C3F8E73E73E0-SegmentedRaftLogWorker] INFO  segmented.SegmentedRaftLogWorker (SegmentedRaftLogWorker.java:execute(569)) - a0f9784c-b240-4740-a75c-f623c7ee251f@group-C3F8E73E73E0-SegmentedRaftLogWorker: created new log segment /workdir/hadoop-ozone/integration-test/target/test-dir/MiniOzoneClusterImpl-5f167f52-bad4-483d-8ef4-c1e76e705afb/datanode-3/data/ratis/bf5a97aa-651a-4de2-b898-c3f8e73e73e0/current/log_inprogress_0
2019-09-25 05:41:13,235 [Thread-269] INFO  impl.FollowerState (FollowerState.java:run(106)) - 9c5364a7-ba03-46bb-ba71-b490d4b445f4:group-7F20875C4C7B changes to CANDIDATE, lastRpcTime:5091, electionTimeout:5091ms
2019-09-25 05:41:13,235 [Thread-269] INFO  impl.RoleInfo (RoleInfo.java:shutdownFollowerState(121)) - 9c5364a7-ba03-46bb-ba71-b490d4b445f4: shutdown FollowerState
2019-09-25 05:41:13,236 [Thread-269] INFO  impl.RaftServerImpl (RaftServerImpl.java:setRole(174)) - 9c5364a7-ba03-46bb-ba71-b490d4b445f4@group-7F20875C4C7B: changes role from  FOLLOWER to CANDIDATE at term 0 for changeToCandidate
2019-09-25 05:41:13,236 [Thread-269] INFO  impl.RoleInfo (RoleInfo.java:updateAndGet(143)) - 9c5364a7-ba03-46bb-ba71-b490d4b445f4: start LeaderElection
2019-09-25 05:41:13,258 [9c5364a7-ba03-46bb-ba71-b490d4b445f4@group-7F20875C4C7B:LeaderElection10] INFO  impl.LeaderElection (LeaderElection.java:askForVotes(182)) - 9c5364a7-ba03-46bb-ba71-b490d4b445f4@group-7F20875C4C7B:LeaderElection10: begin an election at term 1 for -1: [9c5364a7-ba03-46bb-ba71-b490d4b445f4:192.168.30.10:36102], old=null
2019-09-25 05:41:13,258 [9c5364a7-ba03-46bb-ba71-b490d4b445f4@group-7F20875C4C7B:LeaderElection10] INFO  impl.RoleInfo (RoleInfo.java:shutdownLeaderElection(134)) - 9c5364a7-ba03-46bb-ba71-b490d4b445f4: shutdown LeaderElection
2019-09-25 05:41:13,258 [9c5364a7-ba03-46bb-ba71-b490d4b445f4@group-7F20875C4C7B:LeaderElection10] INFO  impl.RaftServerImpl (RaftServerImpl.java:setRole(174)) - 9c5364a7-ba03-46bb-ba71-b490d4b445f4@group-7F20875C4C7B: changes role from CANDIDATE to LEADER at term 1 for changeToLeader
2019-09-25 05:41:13,258 [9c5364a7-ba03-46bb-ba71-b490d4b445f4@group-7F20875C4C7B:LeaderElection10] INFO  impl.RaftServerImpl (ServerState.java:setLeader(253)) - 9c5364a7-ba03-46bb-ba71-b490d4b445f4@group-7F20875C4C7B: change Leader from null to 9c5364a7-ba03-46bb-ba71-b490d4b445f4 at term 1 for becomeLeader, leader elected after 5120ms
2019-09-25 05:41:13,258 [9c5364a7-ba03-46bb-ba71-b490d4b445f4@group-7F20875C4C7B:LeaderElection10] INFO  server.RaftServerConfigKeys (ConfUtils.java:logGet(43)) - raft.server.staging.catchup.gap = 1000 (default)
2019-09-25 05:41:13,259 [9c5364a7-ba03-46bb-ba71-b490d4b445f4@group-7F20875C4C7B:LeaderElection10] INFO  server.RaftServerConfigKeys (ConfUtils.java:logGet(43)) - raft.server.rpc.sleep.time = 25ms (default)
2019-09-25 05:41:13,259 [9c5364a7-ba03-46bb-ba71-b490d4b445f4@group-7F20875C4C7B:LeaderElection10] INFO  server.RaftServerConfigKeys (ConfUtils.java:logGet(43)) - raft.server.write.element-limit = 4096 (default)
2019-09-25 05:41:13,259 [9c5364a7-ba03-46bb-ba71-b490d4b445f4@group-7F20875C4C7B:LeaderElection10] INFO  server.RaftServerConfigKeys (ConfUtils.java:logGet(43)) - raft.server.watch.timeout = 10s (default)
2019-09-25 05:41:13,259 [9c5364a7-ba03-46bb-ba71-b490d4b445f4@group-7F20875C4C7B:LeaderElection10] INFO  server.RaftServerConfigKeys (ConfUtils.java:logGet(43)) - raft.server.watch.timeout.denomination = 1s (default)
2019-09-25 05:41:13,259 [9c5364a7-ba03-46bb-ba71-b490d4b445f4@group-7F20875C4C7B:LeaderElection10] INFO  server.RaftServerConfigKeys (ConfUtils.java:logGet(43)) - raft.server.watch.element-limit = 65536 (default)
2019-09-25 05:41:13,262 [9c5364a7-ba03-46bb-ba71-b490d4b445f4@group-7F20875C4C7B:LeaderElection10] INFO  impl.RoleInfo (RoleInfo.java:updateAndGet(143)) - 9c5364a7-ba03-46bb-ba71-b490d4b445f4: start LeaderState
2019-09-25 05:41:13,263 [9c5364a7-ba03-46bb-ba71-b490d4b445f4@group-7F20875C4C7B:LeaderElection10] INFO  segmented.SegmentedRaftLogWorker (SegmentedRaftLogWorker.java:startLogSegment(380)) - 9c5364a7-ba03-46bb-ba71-b490d4b445f4@group-7F20875C4C7B-SegmentedRaftLogWorker: Starting segment from index:0
2019-09-25 05:41:13,263 [9c5364a7-ba03-46bb-ba71-b490d4b445f4@group-7F20875C4C7B:LeaderElection10] INFO  impl.RaftServerImpl (ServerState.java:setRaftConf(354)) - 9c5364a7-ba03-46bb-ba71-b490d4b445f4@group-7F20875C4C7B: set configuration 0: [9c5364a7-ba03-46bb-ba71-b490d4b445f4:192.168.30.10:36102], old=null at 0
2019-09-25 05:41:13,316 [9c5364a7-ba03-46bb-ba71-b490d4b445f4@group-7F20875C4C7B-SegmentedRaftLogWorker] INFO  segmented.SegmentedRaftLogWorker (SegmentedRaftLogWorker.java:execute(569)) - 9c5364a7-ba03-46bb-ba71-b490d4b445f4@group-7F20875C4C7B-SegmentedRaftLogWorker: created new log segment /workdir/hadoop-ozone/integration-test/target/test-dir/MiniOzoneClusterImpl-5f167f52-bad4-483d-8ef4-c1e76e705afb/datanode-2/data/ratis/36a0bcc6-33d9-4b0a-8df2-7f20875c4c7b/current/log_inprogress_0
2019-09-25 05:41:13,407 [Thread-272] INFO  impl.FollowerState (FollowerState.java:run(106)) - ddbbae55-12b9-461a-b1dd-678d37e66059:group-E8F4392BD136 changes to CANDIDATE, lastRpcTime:5184, electionTimeout:5184ms
2019-09-25 05:41:13,407 [Thread-272] INFO  impl.RoleInfo (RoleInfo.java:shutdownFollowerState(121)) - ddbbae55-12b9-461a-b1dd-678d37e66059: shutdown FollowerState
2019-09-25 05:41:13,407 [Thread-272] INFO  impl.RaftServerImpl (RaftServerImpl.java:setRole(174)) - ddbbae55-12b9-461a-b1dd-678d37e66059@group-E8F4392BD136: changes role from  FOLLOWER to CANDIDATE at term 0 for changeToCandidate
2019-09-25 05:41:13,407 [Thread-272] INFO  impl.RoleInfo (RoleInfo.java:updateAndGet(143)) - ddbbae55-12b9-461a-b1dd-678d37e66059: start LeaderElection
2019-09-25 05:41:13,416 [Thread-276] INFO  impl.FollowerState (FollowerState.java:run(106)) - ba526371-bbb0-45ae-a73e-928578471dee:group-02ACFA7DCE84 changes to CANDIDATE, lastRpcTime:5118, electionTimeout:5117ms
2019-09-25 05:41:13,417 [Thread-276] INFO  impl.RoleInfo (RoleInfo.java:shutdownFollowerState(121)) - ba526371-bbb0-45ae-a73e-928578471dee: shutdown FollowerState
2019-09-25 05:41:13,417 [Thread-276] INFO  impl.RaftServerImpl (RaftServerImpl.java:setRole(174)) - ba526371-bbb0-45ae-a73e-928578471dee@group-02ACFA7DCE84: changes role from  FOLLOWER to CANDIDATE at term 0 for changeToCandidate
2019-09-25 05:41:13,417 [Thread-276] INFO  impl.RoleInfo (RoleInfo.java:updateAndGet(143)) - ba526371-bbb0-45ae-a73e-928578471dee: start LeaderElection
2019-09-25 05:41:13,434 [ddbbae55-12b9-461a-b1dd-678d37e66059@group-E8F4392BD136:LeaderElection11] INFO  impl.LeaderElection (LeaderElection.java:askForVotes(182)) - ddbbae55-12b9-461a-b1dd-678d37e66059@group-E8F4392BD136:LeaderElection11: begin an election at term 1 for -1: [ddbbae55-12b9-461a-b1dd-678d37e66059:192.168.30.10:43177], old=null
2019-09-25 05:41:13,434 [ddbbae55-12b9-461a-b1dd-678d37e66059@group-E8F4392BD136:LeaderElection11] INFO  impl.RoleInfo (RoleInfo.java:shutdownLeaderElection(134)) - ddbbae55-12b9-461a-b1dd-678d37e66059: shutdown LeaderElection
2019-09-25 05:41:13,434 [ddbbae55-12b9-461a-b1dd-678d37e66059@group-E8F4392BD136:LeaderElection11] INFO  impl.RaftServerImpl (RaftServerImpl.java:setRole(174)) - ddbbae55-12b9-461a-b1dd-678d37e66059@group-E8F4392BD136: changes role from CANDIDATE to LEADER at term 1 for changeToLeader
2019-09-25 05:41:13,434 [ddbbae55-12b9-461a-b1dd-678d37e66059@group-E8F4392BD136:LeaderElection11] INFO  impl.RaftServerImpl (ServerState.java:setLeader(253)) - ddbbae55-12b9-461a-b1dd-678d37e66059@group-E8F4392BD136: change Leader from null to ddbbae55-12b9-461a-b1dd-678d37e66059 at term 1 for becomeLeader, leader elected after 5219ms
2019-09-25 05:41:13,435 [ddbbae55-12b9-461a-b1dd-678d37e66059@group-E8F4392BD136:LeaderElection11] INFO  server.RaftServerConfigKeys (ConfUtils.java:logGet(43)) - raft.server.staging.catchup.gap = 1000 (default)
2019-09-25 05:41:13,435 [ddbbae55-12b9-461a-b1dd-678d37e66059@group-E8F4392BD136:LeaderElection11] INFO  server.RaftServerConfigKeys (ConfUtils.java:logGet(43)) - raft.server.rpc.sleep.time = 25ms (default)
2019-09-25 05:41:13,435 [ddbbae55-12b9-461a-b1dd-678d37e66059@group-E8F4392BD136:LeaderElection11] INFO  server.RaftServerConfigKeys (ConfUtils.java:logGet(43)) - raft.server.write.element-limit = 4096 (default)
2019-09-25 05:41:13,435 [ddbbae55-12b9-461a-b1dd-678d37e66059@group-E8F4392BD136:LeaderElection11] INFO  server.RaftServerConfigKeys (ConfUtils.java:logGet(43)) - raft.server.watch.timeout = 10s (default)
2019-09-25 05:41:13,435 [ddbbae55-12b9-461a-b1dd-678d37e66059@group-E8F4392BD136:LeaderElection11] INFO  server.RaftServerConfigKeys (ConfUtils.java:logGet(43)) - raft.server.watch.timeout.denomination = 1s (default)
2019-09-25 05:41:13,436 [ddbbae55-12b9-461a-b1dd-678d37e66059@group-E8F4392BD136:LeaderElection11] INFO  server.RaftServerConfigKeys (ConfUtils.java:logGet(43)) - raft.server.watch.element-limit = 65536 (default)
2019-09-25 05:41:13,436 [ba526371-bbb0-45ae-a73e-928578471dee@group-02ACFA7DCE84:LeaderElection12] INFO  impl.LeaderElection (LeaderElection.java:askForVotes(182)) - ba526371-bbb0-45ae-a73e-928578471dee@group-02ACFA7DCE84:LeaderElection12: begin an election at term 1 for -1: [ba526371-bbb0-45ae-a73e-928578471dee:192.168.30.10:42293], old=null
2019-09-25 05:41:13,436 [ba526371-bbb0-45ae-a73e-928578471dee@group-02ACFA7DCE84:LeaderElection12] INFO  impl.RoleInfo (RoleInfo.java:shutdownLeaderElection(134)) - ba526371-bbb0-45ae-a73e-928578471dee: shutdown LeaderElection
2019-09-25 05:41:13,436 [ba526371-bbb0-45ae-a73e-928578471dee@group-02ACFA7DCE84:LeaderElection12] INFO  impl.RaftServerImpl (RaftServerImpl.java:setRole(174)) - ba526371-bbb0-45ae-a73e-928578471dee@group-02ACFA7DCE84: changes role from CANDIDATE to LEADER at term 1 for changeToLeader
2019-09-25 05:41:13,436 [ba526371-bbb0-45ae-a73e-928578471dee@group-02ACFA7DCE84:LeaderElection12] INFO  impl.RaftServerImpl (ServerState.java:setLeader(253)) - ba526371-bbb0-45ae-a73e-928578471dee@group-02ACFA7DCE84: change Leader from null to ba526371-bbb0-45ae-a73e-928578471dee at term 1 for becomeLeader, leader elected after 5148ms
2019-09-25 05:41:13,436 [ba526371-bbb0-45ae-a73e-928578471dee@group-02ACFA7DCE84:LeaderElection12] INFO  server.RaftServerConfigKeys (ConfUtils.java:logGet(43)) - raft.server.staging.catchup.gap = 1000 (default)
2019-09-25 05:41:13,437 [ba526371-bbb0-45ae-a73e-928578471dee@group-02ACFA7DCE84:LeaderElection12] INFO  server.RaftServerConfigKeys (ConfUtils.java:logGet(43)) - raft.server.rpc.sleep.time = 25ms (default)
2019-09-25 05:41:13,437 [ba526371-bbb0-45ae-a73e-928578471dee@group-02ACFA7DCE84:LeaderElection12] INFO  server.RaftServerConfigKeys (ConfUtils.java:logGet(43)) - raft.server.write.element-limit = 4096 (default)
2019-09-25 05:41:13,437 [ba526371-bbb0-45ae-a73e-928578471dee@group-02ACFA7DCE84:LeaderElection12] INFO  server.RaftServerConfigKeys (ConfUtils.java:logGet(43)) - raft.server.watch.timeout = 10s (default)
2019-09-25 05:41:13,437 [ba526371-bbb0-45ae-a73e-928578471dee@group-02ACFA7DCE84:LeaderElection12] INFO  server.RaftServerConfigKeys (ConfUtils.java:logGet(43)) - raft.server.watch.timeout.denomination = 1s (default)
2019-09-25 05:41:13,437 [ba526371-bbb0-45ae-a73e-928578471dee@group-02ACFA7DCE84:LeaderElection12] INFO  server.RaftServerConfigKeys (ConfUtils.java:logGet(43)) - raft.server.watch.element-limit = 65536 (default)
2019-09-25 05:41:13,440 [ddbbae55-12b9-461a-b1dd-678d37e66059@group-E8F4392BD136:LeaderElection11] INFO  impl.RoleInfo (RoleInfo.java:updateAndGet(143)) - ddbbae55-12b9-461a-b1dd-678d37e66059: start LeaderState
2019-09-25 05:41:13,440 [ddbbae55-12b9-461a-b1dd-678d37e66059@group-E8F4392BD136:LeaderElection11] INFO  segmented.SegmentedRaftLogWorker (SegmentedRaftLogWorker.java:startLogSegment(380)) - ddbbae55-12b9-461a-b1dd-678d37e66059@group-E8F4392BD136-SegmentedRaftLogWorker: Starting segment from index:0
2019-09-25 05:41:13,441 [ddbbae55-12b9-461a-b1dd-678d37e66059@group-E8F4392BD136:LeaderElection11] INFO  impl.RaftServerImpl (ServerState.java:setRaftConf(354)) - ddbbae55-12b9-461a-b1dd-678d37e66059@group-E8F4392BD136: set configuration 0: [ddbbae55-12b9-461a-b1dd-678d37e66059:192.168.30.10:43177], old=null at 0
2019-09-25 05:41:13,441 [ba526371-bbb0-45ae-a73e-928578471dee@group-02ACFA7DCE84:LeaderElection12] INFO  impl.RoleInfo (RoleInfo.java:updateAndGet(143)) - ba526371-bbb0-45ae-a73e-928578471dee: start LeaderState
2019-09-25 05:41:13,444 [ba526371-bbb0-45ae-a73e-928578471dee@group-02ACFA7DCE84:LeaderElection12] INFO  segmented.SegmentedRaftLogWorker (SegmentedRaftLogWorker.java:startLogSegment(380)) - ba526371-bbb0-45ae-a73e-928578471dee@group-02ACFA7DCE84-SegmentedRaftLogWorker: Starting segment from index:0
2019-09-25 05:41:13,444 [ba526371-bbb0-45ae-a73e-928578471dee@group-02ACFA7DCE84:LeaderElection12] INFO  impl.RaftServerImpl (ServerState.java:setRaftConf(354)) - ba526371-bbb0-45ae-a73e-928578471dee@group-02ACFA7DCE84: set configuration 0: [ba526371-bbb0-45ae-a73e-928578471dee:192.168.30.10:42293], old=null at 0
2019-09-25 05:41:13,457 [Thread-279] INFO  impl.FollowerState (FollowerState.java:run(106)) - ddbbae55-12b9-461a-b1dd-678d37e66059:group-823D1A6A2A48 changes to CANDIDATE, lastRpcTime:5084, electionTimeout:5084ms
2019-09-25 05:41:13,457 [Thread-279] INFO  impl.RoleInfo (RoleInfo.java:shutdownFollowerState(121)) - ddbbae55-12b9-461a-b1dd-678d37e66059: shutdown FollowerState
2019-09-25 05:41:13,457 [Thread-279] INFO  impl.RaftServerImpl (RaftServerImpl.java:setRole(174)) - ddbbae55-12b9-461a-b1dd-678d37e66059@group-823D1A6A2A48: changes role from  FOLLOWER to CANDIDATE at term 0 for changeToCandidate
2019-09-25 05:41:13,458 [Thread-279] INFO  impl.RoleInfo (RoleInfo.java:updateAndGet(143)) - ddbbae55-12b9-461a-b1dd-678d37e66059: start LeaderElection
2019-09-25 05:41:13,513 [ba526371-bbb0-45ae-a73e-928578471dee@group-02ACFA7DCE84-SegmentedRaftLogWorker] INFO  segmented.SegmentedRaftLogWorker (SegmentedRaftLogWorker.java:execute(569)) - ba526371-bbb0-45ae-a73e-928578471dee@group-02ACFA7DCE84-SegmentedRaftLogWorker: created new log segment /workdir/hadoop-ozone/integration-test/target/test-dir/MiniOzoneClusterImpl-5f167f52-bad4-483d-8ef4-c1e76e705afb/datanode-1/data/ratis/f3a5299d-269d-4373-ba81-02acfa7dce84/current/log_inprogress_0
2019-09-25 05:41:13,513 [ddbbae55-12b9-461a-b1dd-678d37e66059@group-823D1A6A2A48:LeaderElection13] INFO  impl.LeaderElection (LeaderElection.java:askForVotes(182)) - ddbbae55-12b9-461a-b1dd-678d37e66059@group-823D1A6A2A48:LeaderElection13: begin an election at term 1 for -1: [ddbbae55-12b9-461a-b1dd-678d37e66059:192.168.30.10:43177], old=null
2019-09-25 05:41:13,513 [ddbbae55-12b9-461a-b1dd-678d37e66059@group-E8F4392BD136-SegmentedRaftLogWorker] INFO  segmented.SegmentedRaftLogWorker (SegmentedRaftLogWorker.java:execute(569)) - ddbbae55-12b9-461a-b1dd-678d37e66059@group-E8F4392BD136-SegmentedRaftLogWorker: created new log segment /workdir/hadoop-ozone/integration-test/target/test-dir/MiniOzoneClusterImpl-5f167f52-bad4-483d-8ef4-c1e76e705afb/datanode-6/data/ratis/59037cf2-c007-4ed8-9c48-e8f4392bd136/current/log_inprogress_0
2019-09-25 05:41:13,514 [ddbbae55-12b9-461a-b1dd-678d37e66059@group-823D1A6A2A48:LeaderElection13] INFO  impl.RoleInfo (RoleInfo.java:shutdownLeaderElection(134)) - ddbbae55-12b9-461a-b1dd-678d37e66059: shutdown LeaderElection
2019-09-25 05:41:13,514 [ddbbae55-12b9-461a-b1dd-678d37e66059@group-823D1A6A2A48:LeaderElection13] INFO  impl.RaftServerImpl (RaftServerImpl.java:setRole(174)) - ddbbae55-12b9-461a-b1dd-678d37e66059@group-823D1A6A2A48: changes role from CANDIDATE to LEADER at term 1 for changeToLeader
2019-09-25 05:41:13,514 [ddbbae55-12b9-461a-b1dd-678d37e66059@group-823D1A6A2A48:LeaderElection13] INFO  impl.RaftServerImpl (ServerState.java:setLeader(253)) - ddbbae55-12b9-461a-b1dd-678d37e66059@group-823D1A6A2A48: change Leader from null to ddbbae55-12b9-461a-b1dd-678d37e66059 at term 1 for becomeLeader, leader elected after 5151ms
2019-09-25 05:41:13,514 [ddbbae55-12b9-461a-b1dd-678d37e66059@group-823D1A6A2A48:LeaderElection13] INFO  server.RaftServerConfigKeys (ConfUtils.java:logGet(43)) - raft.server.staging.catchup.gap = 1000 (default)
2019-09-25 05:41:13,514 [ddbbae55-12b9-461a-b1dd-678d37e66059@group-823D1A6A2A48:LeaderElection13] INFO  server.RaftServerConfigKeys (ConfUtils.java:logGet(43)) - raft.server.rpc.sleep.time = 25ms (default)
2019-09-25 05:41:13,515 [ddbbae55-12b9-461a-b1dd-678d37e66059@group-823D1A6A2A48:LeaderElection13] INFO  server.RaftServerConfigKeys (ConfUtils.java:logGet(43)) - raft.server.write.element-limit = 4096 (default)
2019-09-25 05:41:13,515 [ddbbae55-12b9-461a-b1dd-678d37e66059@group-823D1A6A2A48:LeaderElection13] INFO  server.RaftServerConfigKeys (ConfUtils.java:logGet(43)) - raft.server.watch.timeout = 10s (default)
2019-09-25 05:41:13,515 [ddbbae55-12b9-461a-b1dd-678d37e66059@group-823D1A6A2A48:LeaderElection13] INFO  server.RaftServerConfigKeys (ConfUtils.java:logGet(43)) - raft.server.watch.timeout.denomination = 1s (default)
2019-09-25 05:41:13,515 [ddbbae55-12b9-461a-b1dd-678d37e66059@group-823D1A6A2A48:LeaderElection13] INFO  server.RaftServerConfigKeys (ConfUtils.java:logGet(43)) - raft.server.watch.element-limit = 65536 (default)
2019-09-25 05:41:13,518 [ddbbae55-12b9-461a-b1dd-678d37e66059@group-823D1A6A2A48:LeaderElection13] INFO  impl.RoleInfo (RoleInfo.java:updateAndGet(143)) - ddbbae55-12b9-461a-b1dd-678d37e66059: start LeaderState
2019-09-25 05:41:13,519 [ddbbae55-12b9-461a-b1dd-678d37e66059@group-823D1A6A2A48:LeaderElection13] INFO  segmented.SegmentedRaftLogWorker (SegmentedRaftLogWorker.java:startLogSegment(380)) - ddbbae55-12b9-461a-b1dd-678d37e66059@group-823D1A6A2A48-SegmentedRaftLogWorker: Starting segment from index:0
2019-09-25 05:41:13,519 [ddbbae55-12b9-461a-b1dd-678d37e66059@group-823D1A6A2A48:LeaderElection13] INFO  impl.RaftServerImpl (ServerState.java:setRaftConf(354)) - ddbbae55-12b9-461a-b1dd-678d37e66059@group-823D1A6A2A48: set configuration 0: [ddbbae55-12b9-461a-b1dd-678d37e66059:192.168.30.10:43177], old=null at 0
2019-09-25 05:41:13,554 [ddbbae55-12b9-461a-b1dd-678d37e66059@group-823D1A6A2A48-SegmentedRaftLogWorker] INFO  segmented.SegmentedRaftLogWorker (SegmentedRaftLogWorker.java:execute(569)) - ddbbae55-12b9-461a-b1dd-678d37e66059@group-823D1A6A2A48-SegmentedRaftLogWorker: created new log segment /workdir/hadoop-ozone/integration-test/target/test-dir/MiniOzoneClusterImpl-5f167f52-bad4-483d-8ef4-c1e76e705afb/datanode-6/data/ratis/5c607d66-ab3b-4759-ac3f-823d1a6a2a48/current/log_inprogress_0
2019-09-25 05:41:13,590 [Thread-282] INFO  impl.FollowerState (FollowerState.java:run(106)) - a0f9784c-b240-4740-a75c-f623c7ee251f:group-668633B448E5 changes to CANDIDATE, lastRpcTime:5138, electionTimeout:5136ms
2019-09-25 05:41:13,590 [Thread-282] INFO  impl.RoleInfo (RoleInfo.java:shutdownFollowerState(121)) - a0f9784c-b240-4740-a75c-f623c7ee251f: shutdown FollowerState
2019-09-25 05:41:13,590 [Thread-282] INFO  impl.RaftServerImpl (RaftServerImpl.java:setRole(174)) - a0f9784c-b240-4740-a75c-f623c7ee251f@group-668633B448E5: changes role from  FOLLOWER to CANDIDATE at term 0 for changeToCandidate
2019-09-25 05:41:13,591 [Thread-282] INFO  impl.RoleInfo (RoleInfo.java:updateAndGet(143)) - a0f9784c-b240-4740-a75c-f623c7ee251f: start LeaderElection
2019-09-25 05:41:13,603 [a0f9784c-b240-4740-a75c-f623c7ee251f@group-668633B448E5:LeaderElection14] INFO  impl.LeaderElection (LeaderElection.java:askForVotes(182)) - a0f9784c-b240-4740-a75c-f623c7ee251f@group-668633B448E5:LeaderElection14: begin an election at term 1 for -1: [a0f9784c-b240-4740-a75c-f623c7ee251f:192.168.30.10:36265], old=null
2019-09-25 05:41:13,604 [a0f9784c-b240-4740-a75c-f623c7ee251f@group-668633B448E5:LeaderElection14] INFO  impl.RoleInfo (RoleInfo.java:shutdownLeaderElection(134)) - a0f9784c-b240-4740-a75c-f623c7ee251f: shutdown LeaderElection
2019-09-25 05:41:13,604 [a0f9784c-b240-4740-a75c-f623c7ee251f@group-668633B448E5:LeaderElection14] INFO  impl.RaftServerImpl (RaftServerImpl.java:setRole(174)) - a0f9784c-b240-4740-a75c-f623c7ee251f@group-668633B448E5: changes role from CANDIDATE to LEADER at term 1 for changeToLeader
2019-09-25 05:41:13,604 [a0f9784c-b240-4740-a75c-f623c7ee251f@group-668633B448E5:LeaderElection14] INFO  impl.RaftServerImpl (ServerState.java:setLeader(253)) - a0f9784c-b240-4740-a75c-f623c7ee251f@group-668633B448E5: change Leader from null to a0f9784c-b240-4740-a75c-f623c7ee251f at term 1 for becomeLeader, leader elected after 5169ms
2019-09-25 05:41:13,604 [a0f9784c-b240-4740-a75c-f623c7ee251f@group-668633B448E5:LeaderElection14] INFO  server.RaftServerConfigKeys (ConfUtils.java:logGet(43)) - raft.server.staging.catchup.gap = 1000 (default)
2019-09-25 05:41:13,604 [a0f9784c-b240-4740-a75c-f623c7ee251f@group-668633B448E5:LeaderElection14] INFO  server.RaftServerConfigKeys (ConfUtils.java:logGet(43)) - raft.server.rpc.sleep.time = 25ms (default)
2019-09-25 05:41:13,605 [a0f9784c-b240-4740-a75c-f623c7ee251f@group-668633B448E5:LeaderElection14] INFO  server.RaftServerConfigKeys (ConfUtils.java:logGet(43)) - raft.server.write.element-limit = 4096 (default)
2019-09-25 05:41:13,605 [a0f9784c-b240-4740-a75c-f623c7ee251f@group-668633B448E5:LeaderElection14] INFO  server.RaftServerConfigKeys (ConfUtils.java:logGet(43)) - raft.server.watch.timeout = 10s (default)
2019-09-25 05:41:13,605 [a0f9784c-b240-4740-a75c-f623c7ee251f@group-668633B448E5:LeaderElection14] INFO  server.RaftServerConfigKeys (ConfUtils.java:logGet(43)) - raft.server.watch.timeout.denomination = 1s (default)
2019-09-25 05:41:13,605 [a0f9784c-b240-4740-a75c-f623c7ee251f@group-668633B448E5:LeaderElection14] INFO  server.RaftServerConfigKeys (ConfUtils.java:logGet(43)) - raft.server.watch.element-limit = 65536 (default)
2019-09-25 05:41:13,608 [a0f9784c-b240-4740-a75c-f623c7ee251f@group-668633B448E5:LeaderElection14] INFO  impl.RoleInfo (RoleInfo.java:updateAndGet(143)) - a0f9784c-b240-4740-a75c-f623c7ee251f: start LeaderState
2019-09-25 05:41:13,609 [a0f9784c-b240-4740-a75c-f623c7ee251f@group-668633B448E5:LeaderElection14] INFO  segmented.SegmentedRaftLogWorker (SegmentedRaftLogWorker.java:startLogSegment(380)) - a0f9784c-b240-4740-a75c-f623c7ee251f@group-668633B448E5-SegmentedRaftLogWorker: Starting segment from index:0
2019-09-25 05:41:13,609 [a0f9784c-b240-4740-a75c-f623c7ee251f@group-668633B448E5:LeaderElection14] INFO  impl.RaftServerImpl (ServerState.java:setRaftConf(354)) - a0f9784c-b240-4740-a75c-f623c7ee251f@group-668633B448E5: set configuration 0: [a0f9784c-b240-4740-a75c-f623c7ee251f:192.168.30.10:36265], old=null at 0
2019-09-25 05:41:13,651 [Thread-285] INFO  impl.FollowerState (FollowerState.java:run(106)) - ddbbae55-12b9-461a-b1dd-678d37e66059:group-642A6382E39A changes to CANDIDATE, lastRpcTime:5116, electionTimeout:5115ms
2019-09-25 05:41:13,652 [Thread-285] INFO  impl.RoleInfo (RoleInfo.java:shutdownFollowerState(121)) - ddbbae55-12b9-461a-b1dd-678d37e66059: shutdown FollowerState
2019-09-25 05:41:13,652 [Thread-285] INFO  impl.RaftServerImpl (RaftServerImpl.java:setRole(174)) - ddbbae55-12b9-461a-b1dd-678d37e66059@group-642A6382E39A: changes role from  FOLLOWER to CANDIDATE at term 0 for changeToCandidate
2019-09-25 05:41:13,652 [Thread-285] INFO  impl.RoleInfo (RoleInfo.java:updateAndGet(143)) - ddbbae55-12b9-461a-b1dd-678d37e66059: start LeaderElection
2019-09-25 05:41:13,657 [a0f9784c-b240-4740-a75c-f623c7ee251f@group-668633B448E5-SegmentedRaftLogWorker] INFO  segmented.SegmentedRaftLogWorker (SegmentedRaftLogWorker.java:execute(569)) - a0f9784c-b240-4740-a75c-f623c7ee251f@group-668633B448E5-SegmentedRaftLogWorker: created new log segment /workdir/hadoop-ozone/integration-test/target/test-dir/MiniOzoneClusterImpl-5f167f52-bad4-483d-8ef4-c1e76e705afb/datanode-3/data/ratis/c9675f43-fe85-4871-8328-668633b448e5/current/log_inprogress_0
2019-09-25 05:41:13,685 [ddbbae55-12b9-461a-b1dd-678d37e66059@group-642A6382E39A:LeaderElection15] INFO  impl.LeaderElection (LeaderElection.java:askForVotes(182)) - ddbbae55-12b9-461a-b1dd-678d37e66059@group-642A6382E39A:LeaderElection15: begin an election at term 1 for -1: [ddbbae55-12b9-461a-b1dd-678d37e66059:192.168.30.10:43177], old=null
2019-09-25 05:41:13,685 [ddbbae55-12b9-461a-b1dd-678d37e66059@group-642A6382E39A:LeaderElection15] INFO  impl.RoleInfo (RoleInfo.java:shutdownLeaderElection(134)) - ddbbae55-12b9-461a-b1dd-678d37e66059: shutdown LeaderElection
2019-09-25 05:41:13,686 [ddbbae55-12b9-461a-b1dd-678d37e66059@group-642A6382E39A:LeaderElection15] INFO  impl.RaftServerImpl (RaftServerImpl.java:setRole(174)) - ddbbae55-12b9-461a-b1dd-678d37e66059@group-642A6382E39A: changes role from CANDIDATE to LEADER at term 1 for changeToLeader
2019-09-25 05:41:13,686 [ddbbae55-12b9-461a-b1dd-678d37e66059@group-642A6382E39A:LeaderElection15] INFO  impl.RaftServerImpl (ServerState.java:setLeader(253)) - ddbbae55-12b9-461a-b1dd-678d37e66059@group-642A6382E39A: change Leader from null to ddbbae55-12b9-461a-b1dd-678d37e66059 at term 1 for becomeLeader, leader elected after 5159ms
2019-09-25 05:41:13,686 [ddbbae55-12b9-461a-b1dd-678d37e66059@group-642A6382E39A:LeaderElection15] INFO  server.RaftServerConfigKeys (ConfUtils.java:logGet(43)) - raft.server.staging.catchup.gap = 1000 (default)
2019-09-25 05:41:13,686 [ddbbae55-12b9-461a-b1dd-678d37e66059@group-642A6382E39A:LeaderElection15] INFO  server.RaftServerConfigKeys (ConfUtils.java:logGet(43)) - raft.server.rpc.sleep.time = 25ms (default)
2019-09-25 05:41:13,686 [ddbbae55-12b9-461a-b1dd-678d37e66059@group-642A6382E39A:LeaderElection15] INFO  server.RaftServerConfigKeys (ConfUtils.java:logGet(43)) - raft.server.write.element-limit = 4096 (default)
2019-09-25 05:41:13,686 [ddbbae55-12b9-461a-b1dd-678d37e66059@group-642A6382E39A:LeaderElection15] INFO  server.RaftServerConfigKeys (ConfUtils.java:logGet(43)) - raft.server.watch.timeout = 10s (default)
2019-09-25 05:41:13,687 [ddbbae55-12b9-461a-b1dd-678d37e66059@group-642A6382E39A:LeaderElection15] INFO  server.RaftServerConfigKeys (ConfUtils.java:logGet(43)) - raft.server.watch.timeout.denomination = 1s (default)
2019-09-25 05:41:13,687 [ddbbae55-12b9-461a-b1dd-678d37e66059@group-642A6382E39A:LeaderElection15] INFO  server.RaftServerConfigKeys (ConfUtils.java:logGet(43)) - raft.server.watch.element-limit = 65536 (default)
2019-09-25 05:41:13,689 [ddbbae55-12b9-461a-b1dd-678d37e66059@group-642A6382E39A:LeaderElection15] INFO  impl.RoleInfo (RoleInfo.java:updateAndGet(143)) - ddbbae55-12b9-461a-b1dd-678d37e66059: start LeaderState
2019-09-25 05:41:13,690 [ddbbae55-12b9-461a-b1dd-678d37e66059@group-642A6382E39A:LeaderElection15] INFO  segmented.SegmentedRaftLogWorker (SegmentedRaftLogWorker.java:startLogSegment(380)) - ddbbae55-12b9-461a-b1dd-678d37e66059@group-642A6382E39A-SegmentedRaftLogWorker: Starting segment from index:0
2019-09-25 05:41:13,690 [ddbbae55-12b9-461a-b1dd-678d37e66059@group-642A6382E39A:LeaderElection15] INFO  impl.RaftServerImpl (ServerState.java:setRaftConf(354)) - ddbbae55-12b9-461a-b1dd-678d37e66059@group-642A6382E39A: set configuration 0: [ddbbae55-12b9-461a-b1dd-678d37e66059:192.168.30.10:43177], old=null at 0
2019-09-25 05:41:13,733 [ddbbae55-12b9-461a-b1dd-678d37e66059@group-642A6382E39A-SegmentedRaftLogWorker] INFO  segmented.SegmentedRaftLogWorker (SegmentedRaftLogWorker.java:execute(569)) - ddbbae55-12b9-461a-b1dd-678d37e66059@group-642A6382E39A-SegmentedRaftLogWorker: created new log segment /workdir/hadoop-ozone/integration-test/target/test-dir/MiniOzoneClusterImpl-5f167f52-bad4-483d-8ef4-c1e76e705afb/datanode-6/data/ratis/7f3eac04-73d6-4bf3-9ab8-642a6382e39a/current/log_inprogress_0
2019-09-25 05:41:14,064 [Thread-288] INFO  impl.FollowerState (FollowerState.java:run(106)) - 9c5364a7-ba03-46bb-ba71-b490d4b445f4:group-81287FA2754A changes to CANDIDATE, lastRpcTime:5017, electionTimeout:5017ms
2019-09-25 05:41:14,064 [Thread-288] INFO  impl.RoleInfo (RoleInfo.java:shutdownFollowerState(121)) - 9c5364a7-ba03-46bb-ba71-b490d4b445f4: shutdown FollowerState
2019-09-25 05:41:14,065 [Thread-288] INFO  impl.RaftServerImpl (RaftServerImpl.java:setRole(174)) - 9c5364a7-ba03-46bb-ba71-b490d4b445f4@group-81287FA2754A: changes role from  FOLLOWER to CANDIDATE at term 0 for changeToCandidate
2019-09-25 05:41:14,065 [Thread-288] INFO  impl.RoleInfo (RoleInfo.java:updateAndGet(143)) - 9c5364a7-ba03-46bb-ba71-b490d4b445f4: start LeaderElection
2019-09-25 05:41:14,086 [9c5364a7-ba03-46bb-ba71-b490d4b445f4@group-81287FA2754A:LeaderElection16] INFO  impl.LeaderElection (LeaderElection.java:askForVotes(182)) - 9c5364a7-ba03-46bb-ba71-b490d4b445f4@group-81287FA2754A:LeaderElection16: begin an election at term 1 for -1: [9c5364a7-ba03-46bb-ba71-b490d4b445f4:192.168.30.10:36102], old=null
2019-09-25 05:41:14,086 [9c5364a7-ba03-46bb-ba71-b490d4b445f4@group-81287FA2754A:LeaderElection16] INFO  impl.RoleInfo (RoleInfo.java:shutdownLeaderElection(134)) - 9c5364a7-ba03-46bb-ba71-b490d4b445f4: shutdown LeaderElection
2019-09-25 05:41:14,086 [9c5364a7-ba03-46bb-ba71-b490d4b445f4@group-81287FA2754A:LeaderElection16] INFO  impl.RaftServerImpl (RaftServerImpl.java:setRole(174)) - 9c5364a7-ba03-46bb-ba71-b490d4b445f4@group-81287FA2754A: changes role from CANDIDATE to LEADER at term 1 for changeToLeader
2019-09-25 05:41:14,086 [9c5364a7-ba03-46bb-ba71-b490d4b445f4@group-81287FA2754A:LeaderElection16] INFO  impl.RaftServerImpl (ServerState.java:setLeader(253)) - 9c5364a7-ba03-46bb-ba71-b490d4b445f4@group-81287FA2754A: change Leader from null to 9c5364a7-ba03-46bb-ba71-b490d4b445f4 at term 1 for becomeLeader, leader elected after 5047ms
2019-09-25 05:41:14,086 [9c5364a7-ba03-46bb-ba71-b490d4b445f4@group-81287FA2754A:LeaderElection16] INFO  server.RaftServerConfigKeys (ConfUtils.java:logGet(43)) - raft.server.staging.catchup.gap = 1000 (default)
2019-09-25 05:41:14,086 [9c5364a7-ba03-46bb-ba71-b490d4b445f4@group-81287FA2754A:LeaderElection16] INFO  server.RaftServerConfigKeys (ConfUtils.java:logGet(43)) - raft.server.rpc.sleep.time = 25ms (default)
2019-09-25 05:41:14,087 [9c5364a7-ba03-46bb-ba71-b490d4b445f4@group-81287FA2754A:LeaderElection16] INFO  server.RaftServerConfigKeys (ConfUtils.java:logGet(43)) - raft.server.write.element-limit = 4096 (default)
2019-09-25 05:41:14,087 [9c5364a7-ba03-46bb-ba71-b490d4b445f4@group-81287FA2754A:LeaderElection16] INFO  server.RaftServerConfigKeys (ConfUtils.java:logGet(43)) - raft.server.watch.timeout = 10s (default)
2019-09-25 05:41:14,087 [9c5364a7-ba03-46bb-ba71-b490d4b445f4@group-81287FA2754A:LeaderElection16] INFO  server.RaftServerConfigKeys (ConfUtils.java:logGet(43)) - raft.server.watch.timeout.denomination = 1s (default)
2019-09-25 05:41:14,087 [9c5364a7-ba03-46bb-ba71-b490d4b445f4@group-81287FA2754A:LeaderElection16] INFO  server.RaftServerConfigKeys (ConfUtils.java:logGet(43)) - raft.server.watch.element-limit = 65536 (default)
2019-09-25 05:41:14,091 [9c5364a7-ba03-46bb-ba71-b490d4b445f4@group-81287FA2754A:LeaderElection16] INFO  impl.RoleInfo (RoleInfo.java:updateAndGet(143)) - 9c5364a7-ba03-46bb-ba71-b490d4b445f4: start LeaderState
2019-09-25 05:41:14,091 [9c5364a7-ba03-46bb-ba71-b490d4b445f4@group-81287FA2754A:LeaderElection16] INFO  segmented.SegmentedRaftLogWorker (SegmentedRaftLogWorker.java:startLogSegment(380)) - 9c5364a7-ba03-46bb-ba71-b490d4b445f4@group-81287FA2754A-SegmentedRaftLogWorker: Starting segment from index:0
2019-09-25 05:41:14,092 [9c5364a7-ba03-46bb-ba71-b490d4b445f4@group-81287FA2754A:LeaderElection16] INFO  impl.RaftServerImpl (ServerState.java:setRaftConf(354)) - 9c5364a7-ba03-46bb-ba71-b490d4b445f4@group-81287FA2754A: set configuration 0: [9c5364a7-ba03-46bb-ba71-b490d4b445f4:192.168.30.10:36102], old=null at 0
2019-09-25 05:41:14,144 [Thread-291] INFO  impl.FollowerState (FollowerState.java:run(106)) - c1b8ccaf-89e0-45fc-9fa3-d1b440a7dff4:group-BA68787E2A79 changes to CANDIDATE, lastRpcTime:5024, electionTimeout:5024ms
2019-09-25 05:41:14,145 [Thread-291] INFO  impl.RoleInfo (RoleInfo.java:shutdownFollowerState(121)) - c1b8ccaf-89e0-45fc-9fa3-d1b440a7dff4: shutdown FollowerState
2019-09-25 05:41:14,145 [Thread-291] INFO  impl.RaftServerImpl (RaftServerImpl.java:setRole(174)) - c1b8ccaf-89e0-45fc-9fa3-d1b440a7dff4@group-BA68787E2A79: changes role from  FOLLOWER to CANDIDATE at term 0 for changeToCandidate
2019-09-25 05:41:14,145 [Thread-291] INFO  impl.RoleInfo (RoleInfo.java:updateAndGet(143)) - c1b8ccaf-89e0-45fc-9fa3-d1b440a7dff4: start LeaderElection
2019-09-25 05:41:14,156 [9c5364a7-ba03-46bb-ba71-b490d4b445f4@group-81287FA2754A-SegmentedRaftLogWorker] INFO  segmented.SegmentedRaftLogWorker (SegmentedRaftLogWorker.java:execute(569)) - 9c5364a7-ba03-46bb-ba71-b490d4b445f4@group-81287FA2754A-SegmentedRaftLogWorker: created new log segment /workdir/hadoop-ozone/integration-test/target/test-dir/MiniOzoneClusterImpl-5f167f52-bad4-483d-8ef4-c1e76e705afb/datanode-2/data/ratis/d7e8e939-9a8b-4b8e-a911-81287fa2754a/current/log_inprogress_0
2019-09-25 05:41:14,159 [c1b8ccaf-89e0-45fc-9fa3-d1b440a7dff4@group-BA68787E2A79:LeaderElection17] INFO  impl.LeaderElection (LeaderElection.java:askForVotes(182)) - c1b8ccaf-89e0-45fc-9fa3-d1b440a7dff4@group-BA68787E2A79:LeaderElection17: begin an election at term 1 for -1: [c1b8ccaf-89e0-45fc-9fa3-d1b440a7dff4:192.168.30.10:35376], old=null
2019-09-25 05:41:14,159 [c1b8ccaf-89e0-45fc-9fa3-d1b440a7dff4@group-BA68787E2A79:LeaderElection17] INFO  impl.RoleInfo (RoleInfo.java:shutdownLeaderElection(134)) - c1b8ccaf-89e0-45fc-9fa3-d1b440a7dff4: shutdown LeaderElection
2019-09-25 05:41:14,159 [c1b8ccaf-89e0-45fc-9fa3-d1b440a7dff4@group-BA68787E2A79:LeaderElection17] INFO  impl.RaftServerImpl (RaftServerImpl.java:setRole(174)) - c1b8ccaf-89e0-45fc-9fa3-d1b440a7dff4@group-BA68787E2A79: changes role from CANDIDATE to LEADER at term 1 for changeToLeader
2019-09-25 05:41:14,159 [c1b8ccaf-89e0-45fc-9fa3-d1b440a7dff4@group-BA68787E2A79:LeaderElection17] INFO  impl.RaftServerImpl (ServerState.java:setLeader(253)) - c1b8ccaf-89e0-45fc-9fa3-d1b440a7dff4@group-BA68787E2A79: change Leader from null to c1b8ccaf-89e0-45fc-9fa3-d1b440a7dff4 at term 1 for becomeLeader, leader elected after 5049ms
2019-09-25 05:41:14,161 [c1b8ccaf-89e0-45fc-9fa3-d1b440a7dff4@group-BA68787E2A79:LeaderElection17] INFO  server.RaftServerConfigKeys (ConfUtils.java:logGet(43)) - raft.server.staging.catchup.gap = 1000 (default)
2019-09-25 05:41:14,161 [c1b8ccaf-89e0-45fc-9fa3-d1b440a7dff4@group-BA68787E2A79:LeaderElection17] INFO  server.RaftServerConfigKeys (ConfUtils.java:logGet(43)) - raft.server.rpc.sleep.time = 25ms (default)
2019-09-25 05:41:14,162 [c1b8ccaf-89e0-45fc-9fa3-d1b440a7dff4@group-BA68787E2A79:LeaderElection17] INFO  server.RaftServerConfigKeys (ConfUtils.java:logGet(43)) - raft.server.write.element-limit = 4096 (default)
2019-09-25 05:41:14,162 [c1b8ccaf-89e0-45fc-9fa3-d1b440a7dff4@group-BA68787E2A79:LeaderElection17] INFO  server.RaftServerConfigKeys (ConfUtils.java:logGet(43)) - raft.server.watch.timeout = 10s (default)
2019-09-25 05:41:14,162 [c1b8ccaf-89e0-45fc-9fa3-d1b440a7dff4@group-BA68787E2A79:LeaderElection17] INFO  server.RaftServerConfigKeys (ConfUtils.java:logGet(43)) - raft.server.watch.timeout.denomination = 1s (default)
2019-09-25 05:41:14,162 [c1b8ccaf-89e0-45fc-9fa3-d1b440a7dff4@group-BA68787E2A79:LeaderElection17] INFO  server.RaftServerConfigKeys (ConfUtils.java:logGet(43)) - raft.server.watch.element-limit = 65536 (default)
2019-09-25 05:41:14,167 [c1b8ccaf-89e0-45fc-9fa3-d1b440a7dff4@group-BA68787E2A79:LeaderElection17] INFO  impl.RoleInfo (RoleInfo.java:updateAndGet(143)) - c1b8ccaf-89e0-45fc-9fa3-d1b440a7dff4: start LeaderState
2019-09-25 05:41:14,167 [c1b8ccaf-89e0-45fc-9fa3-d1b440a7dff4@group-BA68787E2A79:LeaderElection17] INFO  segmented.SegmentedRaftLogWorker (SegmentedRaftLogWorker.java:startLogSegment(380)) - c1b8ccaf-89e0-45fc-9fa3-d1b440a7dff4@group-BA68787E2A79-SegmentedRaftLogWorker: Starting segment from index:0
2019-09-25 05:41:14,168 [c1b8ccaf-89e0-45fc-9fa3-d1b440a7dff4@group-BA68787E2A79:LeaderElection17] INFO  impl.RaftServerImpl (ServerState.java:setRaftConf(354)) - c1b8ccaf-89e0-45fc-9fa3-d1b440a7dff4@group-BA68787E2A79: set configuration 0: [c1b8ccaf-89e0-45fc-9fa3-d1b440a7dff4:192.168.30.10:35376], old=null at 0
2019-09-25 05:41:14,230 [c1b8ccaf-89e0-45fc-9fa3-d1b440a7dff4@group-BA68787E2A79-SegmentedRaftLogWorker] INFO  segmented.SegmentedRaftLogWorker (SegmentedRaftLogWorker.java:execute(569)) - c1b8ccaf-89e0-45fc-9fa3-d1b440a7dff4@group-BA68787E2A79-SegmentedRaftLogWorker: created new log segment /workdir/hadoop-ozone/integration-test/target/test-dir/MiniOzoneClusterImpl-5f167f52-bad4-483d-8ef4-c1e76e705afb/datanode-5/data/ratis/c3c723db-f144-4343-a879-ba68787e2a79/current/log_inprogress_0
2019-09-25 05:41:14,270 [Thread-295] INFO  impl.FollowerState (FollowerState.java:run(106)) - a0f9784c-b240-4740-a75c-f623c7ee251f:group-5B3ABCB707BD changes to CANDIDATE, lastRpcTime:5080, electionTimeout:5080ms
2019-09-25 05:41:14,270 [Thread-295] INFO  impl.RoleInfo (RoleInfo.java:shutdownFollowerState(121)) - a0f9784c-b240-4740-a75c-f623c7ee251f: shutdown FollowerState
2019-09-25 05:41:14,271 [Thread-295] INFO  impl.RaftServerImpl (RaftServerImpl.java:setRole(174)) - a0f9784c-b240-4740-a75c-f623c7ee251f@group-5B3ABCB707BD: changes role from  FOLLOWER to CANDIDATE at term 0 for changeToCandidate
2019-09-25 05:41:14,271 [Thread-295] INFO  impl.RoleInfo (RoleInfo.java:updateAndGet(143)) - a0f9784c-b240-4740-a75c-f623c7ee251f: start LeaderElection
2019-09-25 05:41:14,304 [a0f9784c-b240-4740-a75c-f623c7ee251f@group-5B3ABCB707BD:LeaderElection18] INFO  impl.LeaderElection (LeaderElection.java:askForVotes(182)) - a0f9784c-b240-4740-a75c-f623c7ee251f@group-5B3ABCB707BD:LeaderElection18: begin an election at term 1 for -1: [a0f9784c-b240-4740-a75c-f623c7ee251f:192.168.30.10:36265], old=null
2019-09-25 05:41:14,304 [a0f9784c-b240-4740-a75c-f623c7ee251f@group-5B3ABCB707BD:LeaderElection18] INFO  impl.RoleInfo (RoleInfo.java:shutdownLeaderElection(134)) - a0f9784c-b240-4740-a75c-f623c7ee251f: shutdown LeaderElection
2019-09-25 05:41:14,305 [a0f9784c-b240-4740-a75c-f623c7ee251f@group-5B3ABCB707BD:LeaderElection18] INFO  impl.RaftServerImpl (RaftServerImpl.java:setRole(174)) - a0f9784c-b240-4740-a75c-f623c7ee251f@group-5B3ABCB707BD: changes role from CANDIDATE to LEADER at term 1 for changeToLeader
2019-09-25 05:41:14,305 [a0f9784c-b240-4740-a75c-f623c7ee251f@group-5B3ABCB707BD:LeaderElection18] INFO  impl.RaftServerImpl (ServerState.java:setLeader(253)) - a0f9784c-b240-4740-a75c-f623c7ee251f@group-5B3ABCB707BD: change Leader from null to a0f9784c-b240-4740-a75c-f623c7ee251f at term 1 for becomeLeader, leader elected after 5122ms
2019-09-25 05:41:14,305 [a0f9784c-b240-4740-a75c-f623c7ee251f@group-5B3ABCB707BD:LeaderElection18] INFO  server.RaftServerConfigKeys (ConfUtils.java:logGet(43)) - raft.server.staging.catchup.gap = 1000 (default)
2019-09-25 05:41:14,305 [a0f9784c-b240-4740-a75c-f623c7ee251f@group-5B3ABCB707BD:LeaderElection18] INFO  server.RaftServerConfigKeys (ConfUtils.java:logGet(43)) - raft.server.rpc.sleep.time = 25ms (default)
2019-09-25 05:41:14,305 [a0f9784c-b240-4740-a75c-f623c7ee251f@group-5B3ABCB707BD:LeaderElection18] INFO  server.RaftServerConfigKeys (ConfUtils.java:logGet(43)) - raft.server.write.element-limit = 4096 (default)
2019-09-25 05:41:14,305 [a0f9784c-b240-4740-a75c-f623c7ee251f@group-5B3ABCB707BD:LeaderElection18] INFO  server.RaftServerConfigKeys (ConfUtils.java:logGet(43)) - raft.server.watch.timeout = 10s (default)
2019-09-25 05:41:14,306 [a0f9784c-b240-4740-a75c-f623c7ee251f@group-5B3ABCB707BD:LeaderElection18] INFO  server.RaftServerConfigKeys (ConfUtils.java:logGet(43)) - raft.server.watch.timeout.denomination = 1s (default)
2019-09-25 05:41:14,306 [a0f9784c-b240-4740-a75c-f623c7ee251f@group-5B3ABCB707BD:LeaderElection18] INFO  server.RaftServerConfigKeys (ConfUtils.java:logGet(43)) - raft.server.watch.element-limit = 65536 (default)
2019-09-25 05:41:14,309 [a0f9784c-b240-4740-a75c-f623c7ee251f@group-5B3ABCB707BD:LeaderElection18] INFO  impl.RoleInfo (RoleInfo.java:updateAndGet(143)) - a0f9784c-b240-4740-a75c-f623c7ee251f: start LeaderState
2019-09-25 05:41:14,309 [a0f9784c-b240-4740-a75c-f623c7ee251f@group-5B3ABCB707BD:LeaderElection18] INFO  segmented.SegmentedRaftLogWorker (SegmentedRaftLogWorker.java:startLogSegment(380)) - a0f9784c-b240-4740-a75c-f623c7ee251f@group-5B3ABCB707BD-SegmentedRaftLogWorker: Starting segment from index:0
2019-09-25 05:41:14,309 [a0f9784c-b240-4740-a75c-f623c7ee251f@group-5B3ABCB707BD:LeaderElection18] INFO  impl.RaftServerImpl (ServerState.java:setRaftConf(354)) - a0f9784c-b240-4740-a75c-f623c7ee251f@group-5B3ABCB707BD: set configuration 0: [a0f9784c-b240-4740-a75c-f623c7ee251f:192.168.30.10:36265], old=null at 0
2019-09-25 05:41:14,356 [a0f9784c-b240-4740-a75c-f623c7ee251f@group-5B3ABCB707BD-SegmentedRaftLogWorker] INFO  segmented.SegmentedRaftLogWorker (SegmentedRaftLogWorker.java:execute(569)) - a0f9784c-b240-4740-a75c-f623c7ee251f@group-5B3ABCB707BD-SegmentedRaftLogWorker: created new log segment /workdir/hadoop-ozone/integration-test/target/test-dir/MiniOzoneClusterImpl-5f167f52-bad4-483d-8ef4-c1e76e705afb/datanode-3/data/ratis/2e3e098f-1434-408f-9e88-5b3abcb707bd/current/log_inprogress_0
2019-09-25 05:41:14,399 [Thread-298] INFO  impl.FollowerState (FollowerState.java:run(106)) - 9c5364a7-ba03-46bb-ba71-b490d4b445f4:group-49F77115FBAC changes to CANDIDATE, lastRpcTime:5152, electionTimeout:5152ms
2019-09-25 05:41:14,400 [Thread-298] INFO  impl.RoleInfo (RoleInfo.java:shutdownFollowerState(121)) - 9c5364a7-ba03-46bb-ba71-b490d4b445f4: shutdown FollowerState
2019-09-25 05:41:14,400 [Thread-298] INFO  impl.RaftServerImpl (RaftServerImpl.java:setRole(174)) - 9c5364a7-ba03-46bb-ba71-b490d4b445f4@group-49F77115FBAC: changes role from  FOLLOWER to CANDIDATE at term 0 for changeToCandidate
2019-09-25 05:41:14,400 [Thread-298] INFO  impl.RoleInfo (RoleInfo.java:updateAndGet(143)) - 9c5364a7-ba03-46bb-ba71-b490d4b445f4: start LeaderElection
2019-09-25 05:41:14,433 [9c5364a7-ba03-46bb-ba71-b490d4b445f4@group-49F77115FBAC:LeaderElection19] INFO  impl.LeaderElection (LeaderElection.java:askForVotes(182)) - 9c5364a7-ba03-46bb-ba71-b490d4b445f4@group-49F77115FBAC:LeaderElection19: begin an election at term 1 for -1: [9c5364a7-ba03-46bb-ba71-b490d4b445f4:192.168.30.10:36102], old=null
2019-09-25 05:41:14,433 [9c5364a7-ba03-46bb-ba71-b490d4b445f4@group-49F77115FBAC:LeaderElection19] INFO  impl.RoleInfo (RoleInfo.java:shutdownLeaderElection(134)) - 9c5364a7-ba03-46bb-ba71-b490d4b445f4: shutdown LeaderElection
2019-09-25 05:41:14,433 [9c5364a7-ba03-46bb-ba71-b490d4b445f4@group-49F77115FBAC:LeaderElection19] INFO  impl.RaftServerImpl (RaftServerImpl.java:setRole(174)) - 9c5364a7-ba03-46bb-ba71-b490d4b445f4@group-49F77115FBAC: changes role from CANDIDATE to LEADER at term 1 for changeToLeader
2019-09-25 05:41:14,433 [9c5364a7-ba03-46bb-ba71-b490d4b445f4@group-49F77115FBAC:LeaderElection19] INFO  impl.RaftServerImpl (ServerState.java:setLeader(253)) - 9c5364a7-ba03-46bb-ba71-b490d4b445f4@group-49F77115FBAC: change Leader from null to 9c5364a7-ba03-46bb-ba71-b490d4b445f4 at term 1 for becomeLeader, leader elected after 5192ms
2019-09-25 05:41:14,433 [9c5364a7-ba03-46bb-ba71-b490d4b445f4@group-49F77115FBAC:LeaderElection19] INFO  server.RaftServerConfigKeys (ConfUtils.java:logGet(43)) - raft.server.staging.catchup.gap = 1000 (default)
2019-09-25 05:41:14,434 [9c5364a7-ba03-46bb-ba71-b490d4b445f4@group-49F77115FBAC:LeaderElection19] INFO  server.RaftServerConfigKeys (ConfUtils.java:logGet(43)) - raft.server.rpc.sleep.time = 25ms (default)
2019-09-25 05:41:14,434 [9c5364a7-ba03-46bb-ba71-b490d4b445f4@group-49F77115FBAC:LeaderElection19] INFO  server.RaftServerConfigKeys (ConfUtils.java:logGet(43)) - raft.server.write.element-limit = 4096 (default)
2019-09-25 05:41:14,434 [9c5364a7-ba03-46bb-ba71-b490d4b445f4@group-49F77115FBAC:LeaderElection19] INFO  server.RaftServerConfigKeys (ConfUtils.java:logGet(43)) - raft.server.watch.timeout = 10s (default)
2019-09-25 05:41:14,434 [9c5364a7-ba03-46bb-ba71-b490d4b445f4@group-49F77115FBAC:LeaderElection19] INFO  server.RaftServerConfigKeys (ConfUtils.java:logGet(43)) - raft.server.watch.timeout.denomination = 1s (default)
2019-09-25 05:41:14,434 [9c5364a7-ba03-46bb-ba71-b490d4b445f4@group-49F77115FBAC:LeaderElection19] INFO  server.RaftServerConfigKeys (ConfUtils.java:logGet(43)) - raft.server.watch.element-limit = 65536 (default)
2019-09-25 05:41:14,437 [9c5364a7-ba03-46bb-ba71-b490d4b445f4@group-49F77115FBAC:LeaderElection19] INFO  impl.RoleInfo (RoleInfo.java:updateAndGet(143)) - 9c5364a7-ba03-46bb-ba71-b490d4b445f4: start LeaderState
2019-09-25 05:41:14,437 [9c5364a7-ba03-46bb-ba71-b490d4b445f4@group-49F77115FBAC:LeaderElection19] INFO  segmented.SegmentedRaftLogWorker (SegmentedRaftLogWorker.java:startLogSegment(380)) - 9c5364a7-ba03-46bb-ba71-b490d4b445f4@group-49F77115FBAC-SegmentedRaftLogWorker: Starting segment from index:0
2019-09-25 05:41:14,438 [9c5364a7-ba03-46bb-ba71-b490d4b445f4@group-49F77115FBAC:LeaderElection19] INFO  impl.RaftServerImpl (ServerState.java:setRaftConf(354)) - 9c5364a7-ba03-46bb-ba71-b490d4b445f4@group-49F77115FBAC: set configuration 0: [9c5364a7-ba03-46bb-ba71-b490d4b445f4:192.168.30.10:36102], old=null at 0
2019-09-25 05:41:14,475 [Thread-307] INFO  impl.FollowerState (FollowerState.java:run(106)) - a0f9784c-b240-4740-a75c-f623c7ee251f:group-4798D8BD146C changes to CANDIDATE, lastRpcTime:5012, electionTimeout:5001ms
2019-09-25 05:41:14,476 [Thread-307] INFO  impl.RoleInfo (RoleInfo.java:shutdownFollowerState(121)) - a0f9784c-b240-4740-a75c-f623c7ee251f: shutdown FollowerState
2019-09-25 05:41:14,476 [Thread-307] INFO  impl.RaftServerImpl (RaftServerImpl.java:setRole(174)) - a0f9784c-b240-4740-a75c-f623c7ee251f@group-4798D8BD146C: changes role from  FOLLOWER to CANDIDATE at term 0 for changeToCandidate
2019-09-25 05:41:14,476 [Thread-307] INFO  impl.RoleInfo (RoleInfo.java:updateAndGet(143)) - a0f9784c-b240-4740-a75c-f623c7ee251f: start LeaderElection
2019-09-25 05:41:14,501 [Thread-301] INFO  impl.FollowerState (FollowerState.java:run(106)) - 9c5364a7-ba03-46bb-ba71-b490d4b445f4:group-6E1E3F1E02F2 changes to CANDIDATE, lastRpcTime:5167, electionTimeout:5150ms
2019-09-25 05:41:14,501 [9c5364a7-ba03-46bb-ba71-b490d4b445f4@group-49F77115FBAC-SegmentedRaftLogWorker] INFO  segmented.SegmentedRaftLogWorker (SegmentedRaftLogWorker.java:execute(569)) - 9c5364a7-ba03-46bb-ba71-b490d4b445f4@group-49F77115FBAC-SegmentedRaftLogWorker: created new log segment /workdir/hadoop-ozone/integration-test/target/test-dir/MiniOzoneClusterImpl-5f167f52-bad4-483d-8ef4-c1e76e705afb/datanode-2/data/ratis/0581b780-e2aa-479c-97c0-49f77115fbac/current/log_inprogress_0
2019-09-25 05:41:14,501 [Thread-301] INFO  impl.RoleInfo (RoleInfo.java:shutdownFollowerState(121)) - 9c5364a7-ba03-46bb-ba71-b490d4b445f4: shutdown FollowerState
2019-09-25 05:41:14,501 [Thread-301] INFO  impl.RaftServerImpl (RaftServerImpl.java:setRole(174)) - 9c5364a7-ba03-46bb-ba71-b490d4b445f4@group-6E1E3F1E02F2: changes role from  FOLLOWER to CANDIDATE at term 0 for changeToCandidate
2019-09-25 05:41:14,501 [Thread-301] INFO  impl.RoleInfo (RoleInfo.java:updateAndGet(143)) - 9c5364a7-ba03-46bb-ba71-b490d4b445f4: start LeaderElection
2019-09-25 05:41:14,519 [a0f9784c-b240-4740-a75c-f623c7ee251f@group-4798D8BD146C:LeaderElection20] INFO  impl.LeaderElection (LeaderElection.java:askForVotes(182)) - a0f9784c-b240-4740-a75c-f623c7ee251f@group-4798D8BD146C:LeaderElection20: begin an election at term 1 for -1: [a0f9784c-b240-4740-a75c-f623c7ee251f:192.168.30.10:36265], old=null
2019-09-25 05:41:14,520 [a0f9784c-b240-4740-a75c-f623c7ee251f@group-4798D8BD146C:LeaderElection20] INFO  impl.RoleInfo (RoleInfo.java:shutdownLeaderElection(134)) - a0f9784c-b240-4740-a75c-f623c7ee251f: shutdown LeaderElection
2019-09-25 05:41:14,520 [a0f9784c-b240-4740-a75c-f623c7ee251f@group-4798D8BD146C:LeaderElection20] INFO  impl.RaftServerImpl (RaftServerImpl.java:setRole(174)) - a0f9784c-b240-4740-a75c-f623c7ee251f@group-4798D8BD146C: changes role from CANDIDATE to LEADER at term 1 for changeToLeader
2019-09-25 05:41:14,520 [9c5364a7-ba03-46bb-ba71-b490d4b445f4@group-6E1E3F1E02F2:LeaderElection21] INFO  impl.LeaderElection (LeaderElection.java:askForVotes(182)) - 9c5364a7-ba03-46bb-ba71-b490d4b445f4@group-6E1E3F1E02F2:LeaderElection21: begin an election at term 1 for -1: [9c5364a7-ba03-46bb-ba71-b490d4b445f4:192.168.30.10:36102], old=null
2019-09-25 05:41:14,520 [a0f9784c-b240-4740-a75c-f623c7ee251f@group-4798D8BD146C:LeaderElection20] INFO  impl.RaftServerImpl (ServerState.java:setLeader(253)) - a0f9784c-b240-4740-a75c-f623c7ee251f@group-4798D8BD146C: change Leader from null to a0f9784c-b240-4740-a75c-f623c7ee251f at term 1 for becomeLeader, leader elected after 5065ms
2019-09-25 05:41:14,520 [9c5364a7-ba03-46bb-ba71-b490d4b445f4@group-6E1E3F1E02F2:LeaderElection21] INFO  impl.RoleInfo (RoleInfo.java:shutdownLeaderElection(134)) - 9c5364a7-ba03-46bb-ba71-b490d4b445f4: shutdown LeaderElection
2019-09-25 05:41:14,520 [a0f9784c-b240-4740-a75c-f623c7ee251f@group-4798D8BD146C:LeaderElection20] INFO  server.RaftServerConfigKeys (ConfUtils.java:logGet(43)) - raft.server.staging.catchup.gap = 1000 (default)
2019-09-25 05:41:14,520 [9c5364a7-ba03-46bb-ba71-b490d4b445f4@group-6E1E3F1E02F2:LeaderElection21] INFO  impl.RaftServerImpl (RaftServerImpl.java:setRole(174)) - 9c5364a7-ba03-46bb-ba71-b490d4b445f4@group-6E1E3F1E02F2: changes role from CANDIDATE to LEADER at term 1 for changeToLeader
2019-09-25 05:41:14,521 [a0f9784c-b240-4740-a75c-f623c7ee251f@group-4798D8BD146C:LeaderElection20] INFO  server.RaftServerConfigKeys (ConfUtils.java:logGet(43)) - raft.server.rpc.sleep.time = 25ms (default)
2019-09-25 05:41:14,521 [9c5364a7-ba03-46bb-ba71-b490d4b445f4@group-6E1E3F1E02F2:LeaderElection21] INFO  impl.RaftServerImpl (ServerState.java:setLeader(253)) - 9c5364a7-ba03-46bb-ba71-b490d4b445f4@group-6E1E3F1E02F2: change Leader from null to 9c5364a7-ba03-46bb-ba71-b490d4b445f4 at term 1 for becomeLeader, leader elected after 5199ms
2019-09-25 05:41:14,521 [a0f9784c-b240-4740-a75c-f623c7ee251f@group-4798D8BD146C:LeaderElection20] INFO  server.RaftServerConfigKeys (ConfUtils.java:logGet(43)) - raft.server.write.element-limit = 4096 (default)
2019-09-25 05:41:14,521 [9c5364a7-ba03-46bb-ba71-b490d4b445f4@group-6E1E3F1E02F2:LeaderElection21] INFO  server.RaftServerConfigKeys (ConfUtils.java:logGet(43)) - raft.server.staging.catchup.gap = 1000 (default)
2019-09-25 05:41:14,521 [a0f9784c-b240-4740-a75c-f623c7ee251f@group-4798D8BD146C:LeaderElection20] INFO  server.RaftServerConfigKeys (ConfUtils.java:logGet(43)) - raft.server.watch.timeout = 10s (default)
2019-09-25 05:41:14,521 [9c5364a7-ba03-46bb-ba71-b490d4b445f4@group-6E1E3F1E02F2:LeaderElection21] INFO  server.RaftServerConfigKeys (ConfUtils.java:logGet(43)) - raft.server.rpc.sleep.time = 25ms (default)
2019-09-25 05:41:14,521 [a0f9784c-b240-4740-a75c-f623c7ee251f@group-4798D8BD146C:LeaderElection20] INFO  server.RaftServerConfigKeys (ConfUtils.java:logGet(43)) - raft.server.watch.timeout.denomination = 1s (default)
2019-09-25 05:41:14,522 [9c5364a7-ba03-46bb-ba71-b490d4b445f4@group-6E1E3F1E02F2:LeaderElection21] INFO  server.RaftServerConfigKeys (ConfUtils.java:logGet(43)) - raft.server.write.element-limit = 4096 (default)
2019-09-25 05:41:14,522 [a0f9784c-b240-4740-a75c-f623c7ee251f@group-4798D8BD146C:LeaderElection20] INFO  server.RaftServerConfigKeys (ConfUtils.java:logGet(43)) - raft.server.watch.element-limit = 65536 (default)
2019-09-25 05:41:14,522 [9c5364a7-ba03-46bb-ba71-b490d4b445f4@group-6E1E3F1E02F2:LeaderElection21] INFO  server.RaftServerConfigKeys (ConfUtils.java:logGet(43)) - raft.server.watch.timeout = 10s (default)
2019-09-25 05:41:14,522 [9c5364a7-ba03-46bb-ba71-b490d4b445f4@group-6E1E3F1E02F2:LeaderElection21] INFO  server.RaftServerConfigKeys (ConfUtils.java:logGet(43)) - raft.server.watch.timeout.denomination = 1s (default)
2019-09-25 05:41:14,522 [9c5364a7-ba03-46bb-ba71-b490d4b445f4@group-6E1E3F1E02F2:LeaderElection21] INFO  server.RaftServerConfigKeys (ConfUtils.java:logGet(43)) - raft.server.watch.element-limit = 65536 (default)
2019-09-25 05:41:14,525 [a0f9784c-b240-4740-a75c-f623c7ee251f@group-4798D8BD146C:LeaderElection20] INFO  impl.RoleInfo (RoleInfo.java:updateAndGet(143)) - a0f9784c-b240-4740-a75c-f623c7ee251f: start LeaderState
2019-09-25 05:41:14,526 [a0f9784c-b240-4740-a75c-f623c7ee251f@group-4798D8BD146C:LeaderElection20] INFO  segmented.SegmentedRaftLogWorker (SegmentedRaftLogWorker.java:startLogSegment(380)) - a0f9784c-b240-4740-a75c-f623c7ee251f@group-4798D8BD146C-SegmentedRaftLogWorker: Starting segment from index:0
2019-09-25 05:41:14,526 [9c5364a7-ba03-46bb-ba71-b490d4b445f4@group-6E1E3F1E02F2:LeaderElection21] INFO  impl.RoleInfo (RoleInfo.java:updateAndGet(143)) - 9c5364a7-ba03-46bb-ba71-b490d4b445f4: start LeaderState
2019-09-25 05:41:14,526 [9c5364a7-ba03-46bb-ba71-b490d4b445f4@group-6E1E3F1E02F2:LeaderElection21] INFO  segmented.SegmentedRaftLogWorker (SegmentedRaftLogWorker.java:startLogSegment(380)) - 9c5364a7-ba03-46bb-ba71-b490d4b445f4@group-6E1E3F1E02F2-SegmentedRaftLogWorker: Starting segment from index:0
2019-09-25 05:41:14,526 [a0f9784c-b240-4740-a75c-f623c7ee251f@group-4798D8BD146C:LeaderElection20] INFO  impl.RaftServerImpl (ServerState.java:setRaftConf(354)) - a0f9784c-b240-4740-a75c-f623c7ee251f@group-4798D8BD146C: set configuration 0: [a0f9784c-b240-4740-a75c-f623c7ee251f:192.168.30.10:36265], old=null at 0
2019-09-25 05:41:14,568 [Thread-304] INFO  impl.FollowerState (FollowerState.java:run(106)) - b174d07b-8033-4c6a-8b88-597cc4628727:group-5F00475D579F changes to CANDIDATE, lastRpcTime:5165, electionTimeout:5154ms
2019-09-25 05:41:14,580 [9c5364a7-ba03-46bb-ba71-b490d4b445f4@group-6E1E3F1E02F2:LeaderElection21] INFO  impl.RaftServerImpl (ServerState.java:setRaftConf(354)) - 9c5364a7-ba03-46bb-ba71-b490d4b445f4@group-6E1E3F1E02F2: set configuration 0: [9c5364a7-ba03-46bb-ba71-b490d4b445f4:192.168.30.10:36102], old=null at 0
2019-09-25 05:41:14,580 [Thread-304] INFO  impl.RoleInfo (RoleInfo.java:shutdownFollowerState(121)) - b174d07b-8033-4c6a-8b88-597cc4628727: shutdown FollowerState
2019-09-25 05:41:14,582 [Thread-304] INFO  impl.RaftServerImpl (RaftServerImpl.java:setRole(174)) - b174d07b-8033-4c6a-8b88-597cc4628727@group-5F00475D579F: changes role from  FOLLOWER to CANDIDATE at term 0 for changeToCandidate
2019-09-25 05:41:14,583 [Thread-304] INFO  impl.RoleInfo (RoleInfo.java:updateAndGet(143)) - b174d07b-8033-4c6a-8b88-597cc4628727: start LeaderElection
2019-09-25 05:41:14,623 [a0f9784c-b240-4740-a75c-f623c7ee251f@group-4798D8BD146C-SegmentedRaftLogWorker] INFO  segmented.SegmentedRaftLogWorker (SegmentedRaftLogWorker.java:execute(569)) - a0f9784c-b240-4740-a75c-f623c7ee251f@group-4798D8BD146C-SegmentedRaftLogWorker: created new log segment /workdir/hadoop-ozone/integration-test/target/test-dir/MiniOzoneClusterImpl-5f167f52-bad4-483d-8ef4-c1e76e705afb/datanode-3/data/ratis/237836fa-9ca0-41be-9827-4798d8bd146c/current/log_inprogress_0
2019-09-25 05:41:14,641 [9c5364a7-ba03-46bb-ba71-b490d4b445f4@group-6E1E3F1E02F2-SegmentedRaftLogWorker] INFO  segmented.SegmentedRaftLogWorker (SegmentedRaftLogWorker.java:execute(569)) - 9c5364a7-ba03-46bb-ba71-b490d4b445f4@group-6E1E3F1E02F2-SegmentedRaftLogWorker: created new log segment /workdir/hadoop-ozone/integration-test/target/test-dir/MiniOzoneClusterImpl-5f167f52-bad4-483d-8ef4-c1e76e705afb/datanode-2/data/ratis/a912658f-de61-467a-b40e-6e1e3f1e02f2/current/log_inprogress_0
2019-09-25 05:41:14,641 [b174d07b-8033-4c6a-8b88-597cc4628727@group-5F00475D579F:LeaderElection22] INFO  impl.LeaderElection (LeaderElection.java:askForVotes(182)) - b174d07b-8033-4c6a-8b88-597cc4628727@group-5F00475D579F:LeaderElection22: begin an election at term 1 for -1: [b174d07b-8033-4c6a-8b88-597cc4628727:192.168.30.10:38637], old=null
2019-09-25 05:41:14,641 [b174d07b-8033-4c6a-8b88-597cc4628727@group-5F00475D579F:LeaderElection22] INFO  impl.RoleInfo (RoleInfo.java:shutdownLeaderElection(134)) - b174d07b-8033-4c6a-8b88-597cc4628727: shutdown LeaderElection
2019-09-25 05:41:14,641 [b174d07b-8033-4c6a-8b88-597cc4628727@group-5F00475D579F:LeaderElection22] INFO  impl.RaftServerImpl (RaftServerImpl.java:setRole(174)) - b174d07b-8033-4c6a-8b88-597cc4628727@group-5F00475D579F: changes role from CANDIDATE to LEADER at term 1 for changeToLeader
2019-09-25 05:41:14,641 [b174d07b-8033-4c6a-8b88-597cc4628727@group-5F00475D579F:LeaderElection22] INFO  impl.RaftServerImpl (ServerState.java:setLeader(253)) - b174d07b-8033-4c6a-8b88-597cc4628727@group-5F00475D579F: change Leader from null to b174d07b-8033-4c6a-8b88-597cc4628727 at term 1 for becomeLeader, leader elected after 5245ms
2019-09-25 05:41:14,644 [b174d07b-8033-4c6a-8b88-597cc4628727@group-5F00475D579F:LeaderElection22] INFO  server.RaftServerConfigKeys (ConfUtils.java:logGet(43)) - raft.server.staging.catchup.gap = 1000 (default)
2019-09-25 05:41:14,644 [b174d07b-8033-4c6a-8b88-597cc4628727@group-5F00475D579F:LeaderElection22] INFO  server.RaftServerConfigKeys (ConfUtils.java:logGet(43)) - raft.server.rpc.sleep.time = 25ms (default)
2019-09-25 05:41:14,644 [b174d07b-8033-4c6a-8b88-597cc4628727@group-5F00475D579F:LeaderElection22] INFO  server.RaftServerConfigKeys (ConfUtils.java:logGet(43)) - raft.server.write.element-limit = 4096 (default)
2019-09-25 05:41:14,644 [b174d07b-8033-4c6a-8b88-597cc4628727@group-5F00475D579F:LeaderElection22] INFO  server.RaftServerConfigKeys (ConfUtils.java:logGet(43)) - raft.server.watch.timeout = 10s (default)
2019-09-25 05:41:14,645 [b174d07b-8033-4c6a-8b88-597cc4628727@group-5F00475D579F:LeaderElection22] INFO  server.RaftServerConfigKeys (ConfUtils.java:logGet(43)) - raft.server.watch.timeout.denomination = 1s (default)
2019-09-25 05:41:14,645 [b174d07b-8033-4c6a-8b88-597cc4628727@group-5F00475D579F:LeaderElection22] INFO  server.RaftServerConfigKeys (ConfUtils.java:logGet(43)) - raft.server.watch.element-limit = 65536 (default)
2019-09-25 05:41:14,648 [b174d07b-8033-4c6a-8b88-597cc4628727@group-5F00475D579F:LeaderElection22] INFO  impl.RoleInfo (RoleInfo.java:updateAndGet(143)) - b174d07b-8033-4c6a-8b88-597cc4628727: start LeaderState
2019-09-25 05:41:14,648 [b174d07b-8033-4c6a-8b88-597cc4628727@group-5F00475D579F:LeaderElection22] INFO  segmented.SegmentedRaftLogWorker (SegmentedRaftLogWorker.java:startLogSegment(380)) - b174d07b-8033-4c6a-8b88-597cc4628727@group-5F00475D579F-SegmentedRaftLogWorker: Starting segment from index:0
2019-09-25 05:41:14,649 [b174d07b-8033-4c6a-8b88-597cc4628727@group-5F00475D579F:LeaderElection22] INFO  impl.RaftServerImpl (ServerState.java:setRaftConf(354)) - b174d07b-8033-4c6a-8b88-597cc4628727@group-5F00475D579F: set configuration 0: [b174d07b-8033-4c6a-8b88-597cc4628727:192.168.30.10:38637], old=null at 0
2019-09-25 05:41:14,716 [b174d07b-8033-4c6a-8b88-597cc4628727@group-5F00475D579F-SegmentedRaftLogWorker] INFO  segmented.SegmentedRaftLogWorker (SegmentedRaftLogWorker.java:execute(569)) - b174d07b-8033-4c6a-8b88-597cc4628727@group-5F00475D579F-SegmentedRaftLogWorker: created new log segment /workdir/hadoop-ozone/integration-test/target/test-dir/MiniOzoneClusterImpl-5f167f52-bad4-483d-8ef4-c1e76e705afb/datanode-4/data/ratis/7d0e5a05-1f2b-4566-b91f-5f00475d579f/current/log_inprogress_0
2019-09-25 05:41:14,785 [Thread-310] INFO  impl.FollowerState (FollowerState.java:run(106)) - ba526371-bbb0-45ae-a73e-928578471dee:group-C51B3ED6F9FF changes to CANDIDATE, lastRpcTime:5060, electionTimeout:5060ms
2019-09-25 05:41:14,786 [Thread-310] INFO  impl.RoleInfo (RoleInfo.java:shutdownFollowerState(121)) - ba526371-bbb0-45ae-a73e-928578471dee: shutdown FollowerState
2019-09-25 05:41:14,786 [Thread-310] INFO  impl.RaftServerImpl (RaftServerImpl.java:setRole(174)) - ba526371-bbb0-45ae-a73e-928578471dee@group-C51B3ED6F9FF: changes role from  FOLLOWER to CANDIDATE at term 0 for changeToCandidate
2019-09-25 05:41:14,786 [Thread-310] INFO  impl.RoleInfo (RoleInfo.java:updateAndGet(143)) - ba526371-bbb0-45ae-a73e-928578471dee: start LeaderElection
2019-09-25 05:41:14,805 [ba526371-bbb0-45ae-a73e-928578471dee@group-C51B3ED6F9FF:LeaderElection23] INFO  impl.LeaderElection (LeaderElection.java:askForVotes(182)) - ba526371-bbb0-45ae-a73e-928578471dee@group-C51B3ED6F9FF:LeaderElection23: begin an election at term 1 for -1: [ba526371-bbb0-45ae-a73e-928578471dee:192.168.30.10:42293], old=null
2019-09-25 05:41:14,805 [ba526371-bbb0-45ae-a73e-928578471dee@group-C51B3ED6F9FF:LeaderElection23] INFO  impl.RoleInfo (RoleInfo.java:shutdownLeaderElection(134)) - ba526371-bbb0-45ae-a73e-928578471dee: shutdown LeaderElection
2019-09-25 05:41:14,805 [ba526371-bbb0-45ae-a73e-928578471dee@group-C51B3ED6F9FF:LeaderElection23] INFO  impl.RaftServerImpl (RaftServerImpl.java:setRole(174)) - ba526371-bbb0-45ae-a73e-928578471dee@group-C51B3ED6F9FF: changes role from CANDIDATE to LEADER at term 1 for changeToLeader
2019-09-25 05:41:14,805 [ba526371-bbb0-45ae-a73e-928578471dee@group-C51B3ED6F9FF:LeaderElection23] INFO  impl.RaftServerImpl (ServerState.java:setLeader(253)) - ba526371-bbb0-45ae-a73e-928578471dee@group-C51B3ED6F9FF: change Leader from null to ba526371-bbb0-45ae-a73e-928578471dee at term 1 for becomeLeader, leader elected after 5085ms
2019-09-25 05:41:14,805 [ba526371-bbb0-45ae-a73e-928578471dee@group-C51B3ED6F9FF:LeaderElection23] INFO  server.RaftServerConfigKeys (ConfUtils.java:logGet(43)) - raft.server.staging.catchup.gap = 1000 (default)
2019-09-25 05:41:14,806 [ba526371-bbb0-45ae-a73e-928578471dee@group-C51B3ED6F9FF:LeaderElection23] INFO  server.RaftServerConfigKeys (ConfUtils.java:logGet(43)) - raft.server.rpc.sleep.time = 25ms (default)
2019-09-25 05:41:14,806 [ba526371-bbb0-45ae-a73e-928578471dee@group-C51B3ED6F9FF:LeaderElection23] INFO  server.RaftServerConfigKeys (ConfUtils.java:logGet(43)) - raft.server.write.element-limit = 4096 (default)
2019-09-25 05:41:14,806 [ba526371-bbb0-45ae-a73e-928578471dee@group-C51B3ED6F9FF:LeaderElection23] INFO  server.RaftServerConfigKeys (ConfUtils.java:logGet(43)) - raft.server.watch.timeout = 10s (default)
2019-09-25 05:41:14,806 [ba526371-bbb0-45ae-a73e-928578471dee@group-C51B3ED6F9FF:LeaderElection23] INFO  server.RaftServerConfigKeys (ConfUtils.java:logGet(43)) - raft.server.watch.timeout.denomination = 1s (default)
2019-09-25 05:41:14,806 [ba526371-bbb0-45ae-a73e-928578471dee@group-C51B3ED6F9FF:LeaderElection23] INFO  server.RaftServerConfigKeys (ConfUtils.java:logGet(43)) - raft.server.watch.element-limit = 65536 (default)
2019-09-25 05:41:14,809 [ba526371-bbb0-45ae-a73e-928578471dee@group-C51B3ED6F9FF:LeaderElection23] INFO  impl.RoleInfo (RoleInfo.java:updateAndGet(143)) - ba526371-bbb0-45ae-a73e-928578471dee: start LeaderState
2019-09-25 05:41:14,809 [ba526371-bbb0-45ae-a73e-928578471dee@group-C51B3ED6F9FF:LeaderElection23] INFO  segmented.SegmentedRaftLogWorker (SegmentedRaftLogWorker.java:startLogSegment(380)) - ba526371-bbb0-45ae-a73e-928578471dee@group-C51B3ED6F9FF-SegmentedRaftLogWorker: Starting segment from index:0
2019-09-25 05:41:14,810 [ba526371-bbb0-45ae-a73e-928578471dee@group-C51B3ED6F9FF:LeaderElection23] INFO  impl.RaftServerImpl (ServerState.java:setRaftConf(354)) - ba526371-bbb0-45ae-a73e-928578471dee@group-C51B3ED6F9FF: set configuration 0: [ba526371-bbb0-45ae-a73e-928578471dee:192.168.30.10:42293], old=null at 0
2019-09-25 05:41:14,858 [ba526371-bbb0-45ae-a73e-928578471dee@group-C51B3ED6F9FF-SegmentedRaftLogWorker] INFO  segmented.SegmentedRaftLogWorker (SegmentedRaftLogWorker.java:execute(569)) - ba526371-bbb0-45ae-a73e-928578471dee@group-C51B3ED6F9FF-SegmentedRaftLogWorker: created new log segment /workdir/hadoop-ozone/integration-test/target/test-dir/MiniOzoneClusterImpl-5f167f52-bad4-483d-8ef4-c1e76e705afb/datanode-1/data/ratis/bf586028-12ab-4c91-9d58-c51b3ed6f9ff/current/log_inprogress_0
2019-09-25 05:41:14,884 [Thread-313] INFO  impl.FollowerState (FollowerState.java:run(106)) - c1b8ccaf-89e0-45fc-9fa3-d1b440a7dff4:group-1488A67B64CA changes to CANDIDATE, lastRpcTime:5114, electionTimeout:5114ms
2019-09-25 05:41:14,885 [Thread-313] INFO  impl.RoleInfo (RoleInfo.java:shutdownFollowerState(121)) - c1b8ccaf-89e0-45fc-9fa3-d1b440a7dff4: shutdown FollowerState
2019-09-25 05:41:14,885 [Thread-313] INFO  impl.RaftServerImpl (RaftServerImpl.java:setRole(174)) - c1b8ccaf-89e0-45fc-9fa3-d1b440a7dff4@group-1488A67B64CA: changes role from  FOLLOWER to CANDIDATE at term 0 for changeToCandidate
2019-09-25 05:41:14,885 [Thread-313] INFO  impl.RoleInfo (RoleInfo.java:updateAndGet(143)) - c1b8ccaf-89e0-45fc-9fa3-d1b440a7dff4: start LeaderElection
2019-09-25 05:41:14,902 [c1b8ccaf-89e0-45fc-9fa3-d1b440a7dff4@group-1488A67B64CA:LeaderElection24] INFO  impl.LeaderElection (LeaderElection.java:askForVotes(182)) - c1b8ccaf-89e0-45fc-9fa3-d1b440a7dff4@group-1488A67B64CA:LeaderElection24: begin an election at term 1 for -1: [c1b8ccaf-89e0-45fc-9fa3-d1b440a7dff4:192.168.30.10:35376], old=null
2019-09-25 05:41:14,903 [c1b8ccaf-89e0-45fc-9fa3-d1b440a7dff4@group-1488A67B64CA:LeaderElection24] INFO  impl.RoleInfo (RoleInfo.java:shutdownLeaderElection(134)) - c1b8ccaf-89e0-45fc-9fa3-d1b440a7dff4: shutdown LeaderElection
2019-09-25 05:41:14,903 [c1b8ccaf-89e0-45fc-9fa3-d1b440a7dff4@group-1488A67B64CA:LeaderElection24] INFO  impl.RaftServerImpl (RaftServerImpl.java:setRole(174)) - c1b8ccaf-89e0-45fc-9fa3-d1b440a7dff4@group-1488A67B64CA: changes role from CANDIDATE to LEADER at term 1 for changeToLeader
2019-09-25 05:41:14,903 [c1b8ccaf-89e0-45fc-9fa3-d1b440a7dff4@group-1488A67B64CA:LeaderElection24] INFO  impl.RaftServerImpl (ServerState.java:setLeader(253)) - c1b8ccaf-89e0-45fc-9fa3-d1b440a7dff4@group-1488A67B64CA: change Leader from null to c1b8ccaf-89e0-45fc-9fa3-d1b440a7dff4 at term 1 for becomeLeader, leader elected after 5137ms
2019-09-25 05:41:14,903 [c1b8ccaf-89e0-45fc-9fa3-d1b440a7dff4@group-1488A67B64CA:LeaderElection24] INFO  server.RaftServerConfigKeys (ConfUtils.java:logGet(43)) - raft.server.staging.catchup.gap = 1000 (default)
2019-09-25 05:41:14,903 [c1b8ccaf-89e0-45fc-9fa3-d1b440a7dff4@group-1488A67B64CA:LeaderElection24] INFO  server.RaftServerConfigKeys (ConfUtils.java:logGet(43)) - raft.server.rpc.sleep.time = 25ms (default)
2019-09-25 05:41:14,904 [c1b8ccaf-89e0-45fc-9fa3-d1b440a7dff4@group-1488A67B64CA:LeaderElection24] INFO  server.RaftServerConfigKeys (ConfUtils.java:logGet(43)) - raft.server.write.element-limit = 4096 (default)
2019-09-25 05:41:14,904 [c1b8ccaf-89e0-45fc-9fa3-d1b440a7dff4@group-1488A67B64CA:LeaderElection24] INFO  server.RaftServerConfigKeys (ConfUtils.java:logGet(43)) - raft.server.watch.timeout = 10s (default)
2019-09-25 05:41:14,904 [c1b8ccaf-89e0-45fc-9fa3-d1b440a7dff4@group-1488A67B64CA:LeaderElection24] INFO  server.RaftServerConfigKeys (ConfUtils.java:logGet(43)) - raft.server.watch.timeout.denomination = 1s (default)
2019-09-25 05:41:14,904 [c1b8ccaf-89e0-45fc-9fa3-d1b440a7dff4@group-1488A67B64CA:LeaderElection24] INFO  server.RaftServerConfigKeys (ConfUtils.java:logGet(43)) - raft.server.watch.element-limit = 65536 (default)
2019-09-25 05:41:14,907 [c1b8ccaf-89e0-45fc-9fa3-d1b440a7dff4@group-1488A67B64CA:LeaderElection24] INFO  impl.RoleInfo (RoleInfo.java:updateAndGet(143)) - c1b8ccaf-89e0-45fc-9fa3-d1b440a7dff4: start LeaderState
2019-09-25 05:41:14,907 [c1b8ccaf-89e0-45fc-9fa3-d1b440a7dff4@group-1488A67B64CA:LeaderElection24] INFO  segmented.SegmentedRaftLogWorker (SegmentedRaftLogWorker.java:startLogSegment(380)) - c1b8ccaf-89e0-45fc-9fa3-d1b440a7dff4@group-1488A67B64CA-SegmentedRaftLogWorker: Starting segment from index:0
2019-09-25 05:41:14,908 [c1b8ccaf-89e0-45fc-9fa3-d1b440a7dff4@group-1488A67B64CA:LeaderElection24] INFO  impl.RaftServerImpl (ServerState.java:setRaftConf(354)) - c1b8ccaf-89e0-45fc-9fa3-d1b440a7dff4@group-1488A67B64CA: set configuration 0: [c1b8ccaf-89e0-45fc-9fa3-d1b440a7dff4:192.168.30.10:35376], old=null at 0
2019-09-25 05:41:14,946 [Thread-316] INFO  impl.FollowerState (FollowerState.java:run(106)) - fe7430cd-f76a-4ec3-9a68-9236192633d5:group-7246B55B8618 changes to CANDIDATE, lastRpcTime:5130, electionTimeout:5111ms
2019-09-25 05:41:14,946 [Thread-316] INFO  impl.RoleInfo (RoleInfo.java:shutdownFollowerState(121)) - fe7430cd-f76a-4ec3-9a68-9236192633d5: shutdown FollowerState
2019-09-25 05:41:14,946 [Thread-316] INFO  impl.RaftServerImpl (RaftServerImpl.java:setRole(174)) - fe7430cd-f76a-4ec3-9a68-9236192633d5@group-7246B55B8618: changes role from  FOLLOWER to CANDIDATE at term 0 for changeToCandidate
2019-09-25 05:41:14,946 [Thread-316] INFO  impl.RoleInfo (RoleInfo.java:updateAndGet(143)) - fe7430cd-f76a-4ec3-9a68-9236192633d5: start LeaderElection
2019-09-25 05:41:14,970 [Thread-319] INFO  impl.FollowerState (FollowerState.java:run(106)) - ba526371-bbb0-45ae-a73e-928578471dee:group-141C0B15D317 changes to CANDIDATE, lastRpcTime:5105, electionTimeout:5105ms
2019-09-25 05:41:14,970 [c1b8ccaf-89e0-45fc-9fa3-d1b440a7dff4@group-1488A67B64CA-SegmentedRaftLogWorker] INFO  segmented.SegmentedRaftLogWorker (SegmentedRaftLogWorker.java:execute(569)) - c1b8ccaf-89e0-45fc-9fa3-d1b440a7dff4@group-1488A67B64CA-SegmentedRaftLogWorker: created new log segment /workdir/hadoop-ozone/integration-test/target/test-dir/MiniOzoneClusterImpl-5f167f52-bad4-483d-8ef4-c1e76e705afb/datanode-5/data/ratis/2a01056b-a248-486a-9e26-1488a67b64ca/current/log_inprogress_0
2019-09-25 05:41:14,970 [Thread-319] INFO  impl.RoleInfo (RoleInfo.java:shutdownFollowerState(121)) - ba526371-bbb0-45ae-a73e-928578471dee: shutdown FollowerState
2019-09-25 05:41:14,971 [fe7430cd-f76a-4ec3-9a68-9236192633d5@group-7246B55B8618:LeaderElection25] INFO  impl.LeaderElection (LeaderElection.java:askForVotes(182)) - fe7430cd-f76a-4ec3-9a68-9236192633d5@group-7246B55B8618:LeaderElection25: begin an election at term 1 for -1: [fe7430cd-f76a-4ec3-9a68-9236192633d5:192.168.30.10:33443], old=null
2019-09-25 05:41:14,971 [Thread-319] INFO  impl.RaftServerImpl (RaftServerImpl.java:setRole(174)) - ba526371-bbb0-45ae-a73e-928578471dee@group-141C0B15D317: changes role from  FOLLOWER to CANDIDATE at term 0 for changeToCandidate
2019-09-25 05:41:14,971 [fe7430cd-f76a-4ec3-9a68-9236192633d5@group-7246B55B8618:LeaderElection25] INFO  impl.RoleInfo (RoleInfo.java:shutdownLeaderElection(134)) - fe7430cd-f76a-4ec3-9a68-9236192633d5: shutdown LeaderElection
2019-09-25 05:41:14,971 [Thread-319] INFO  impl.RoleInfo (RoleInfo.java:updateAndGet(143)) - ba526371-bbb0-45ae-a73e-928578471dee: start LeaderElection
2019-09-25 05:41:14,971 [fe7430cd-f76a-4ec3-9a68-9236192633d5@group-7246B55B8618:LeaderElection25] INFO  impl.RaftServerImpl (RaftServerImpl.java:setRole(174)) - fe7430cd-f76a-4ec3-9a68-9236192633d5@group-7246B55B8618: changes role from CANDIDATE to LEADER at term 1 for changeToLeader
2019-09-25 05:41:14,971 [fe7430cd-f76a-4ec3-9a68-9236192633d5@group-7246B55B8618:LeaderElection25] INFO  impl.RaftServerImpl (ServerState.java:setLeader(253)) - fe7430cd-f76a-4ec3-9a68-9236192633d5@group-7246B55B8618: change Leader from null to fe7430cd-f76a-4ec3-9a68-9236192633d5 at term 1 for becomeLeader, leader elected after 5159ms
2019-09-25 05:41:14,971 [fe7430cd-f76a-4ec3-9a68-9236192633d5@group-7246B55B8618:LeaderElection25] INFO  server.RaftServerConfigKeys (ConfUtils.java:logGet(43)) - raft.server.staging.catchup.gap = 1000 (default)
2019-09-25 05:41:14,974 [fe7430cd-f76a-4ec3-9a68-9236192633d5@group-7246B55B8618:LeaderElection25] INFO  server.RaftServerConfigKeys (ConfUtils.java:logGet(43)) - raft.server.rpc.sleep.time = 25ms (default)
2019-09-25 05:41:14,974 [fe7430cd-f76a-4ec3-9a68-9236192633d5@group-7246B55B8618:LeaderElection25] INFO  server.RaftServerConfigKeys (ConfUtils.java:logGet(43)) - raft.server.write.element-limit = 4096 (default)
2019-09-25 05:41:14,974 [fe7430cd-f76a-4ec3-9a68-9236192633d5@group-7246B55B8618:LeaderElection25] INFO  server.RaftServerConfigKeys (ConfUtils.java:logGet(43)) - raft.server.watch.timeout = 10s (default)
2019-09-25 05:41:14,975 [fe7430cd-f76a-4ec3-9a68-9236192633d5@group-7246B55B8618:LeaderElection25] INFO  server.RaftServerConfigKeys (ConfUtils.java:logGet(43)) - raft.server.watch.timeout.denomination = 1s (default)
2019-09-25 05:41:14,975 [fe7430cd-f76a-4ec3-9a68-9236192633d5@group-7246B55B8618:LeaderElection25] INFO  server.RaftServerConfigKeys (ConfUtils.java:logGet(43)) - raft.server.watch.element-limit = 65536 (default)
2019-09-25 05:41:14,977 [fe7430cd-f76a-4ec3-9a68-9236192633d5@group-7246B55B8618:LeaderElection25] INFO  impl.RoleInfo (RoleInfo.java:updateAndGet(143)) - fe7430cd-f76a-4ec3-9a68-9236192633d5: start LeaderState
2019-09-25 05:41:14,978 [fe7430cd-f76a-4ec3-9a68-9236192633d5@group-7246B55B8618:LeaderElection25] INFO  segmented.SegmentedRaftLogWorker (SegmentedRaftLogWorker.java:startLogSegment(380)) - fe7430cd-f76a-4ec3-9a68-9236192633d5@group-7246B55B8618-SegmentedRaftLogWorker: Starting segment from index:0
2019-09-25 05:41:14,978 [fe7430cd-f76a-4ec3-9a68-9236192633d5@group-7246B55B8618:LeaderElection25] INFO  impl.RaftServerImpl (ServerState.java:setRaftConf(354)) - fe7430cd-f76a-4ec3-9a68-9236192633d5@group-7246B55B8618: set configuration 0: [fe7430cd-f76a-4ec3-9a68-9236192633d5:192.168.30.10:33443], old=null at 0
2019-09-25 05:41:15,015 [ba526371-bbb0-45ae-a73e-928578471dee@group-141C0B15D317:LeaderElection26] INFO  impl.LeaderElection (LeaderElection.java:askForVotes(182)) - ba526371-bbb0-45ae-a73e-928578471dee@group-141C0B15D317:LeaderElection26: begin an election at term 1 for -1: [ba526371-bbb0-45ae-a73e-928578471dee:192.168.30.10:42293], old=null
2019-09-25 05:41:15,015 [ba526371-bbb0-45ae-a73e-928578471dee@group-141C0B15D317:LeaderElection26] INFO  impl.RoleInfo (RoleInfo.java:shutdownLeaderElection(134)) - ba526371-bbb0-45ae-a73e-928578471dee: shutdown LeaderElection
2019-09-25 05:41:15,015 [ba526371-bbb0-45ae-a73e-928578471dee@group-141C0B15D317:LeaderElection26] INFO  impl.RaftServerImpl (RaftServerImpl.java:setRole(174)) - ba526371-bbb0-45ae-a73e-928578471dee@group-141C0B15D317: changes role from CANDIDATE to LEADER at term 1 for changeToLeader
2019-09-25 05:41:15,015 [ba526371-bbb0-45ae-a73e-928578471dee@group-141C0B15D317:LeaderElection26] INFO  impl.RaftServerImpl (ServerState.java:setLeader(253)) - ba526371-bbb0-45ae-a73e-928578471dee@group-141C0B15D317: change Leader from null to ba526371-bbb0-45ae-a73e-928578471dee at term 1 for becomeLeader, leader elected after 5154ms
2019-09-25 05:41:15,015 [ba526371-bbb0-45ae-a73e-928578471dee@group-141C0B15D317:LeaderElection26] INFO  server.RaftServerConfigKeys (ConfUtils.java:logGet(43)) - raft.server.staging.catchup.gap = 1000 (default)
2019-09-25 05:41:15,015 [ba526371-bbb0-45ae-a73e-928578471dee@group-141C0B15D317:LeaderElection26] INFO  server.RaftServerConfigKeys (ConfUtils.java:logGet(43)) - raft.server.rpc.sleep.time = 25ms (default)
2019-09-25 05:41:15,016 [ba526371-bbb0-45ae-a73e-928578471dee@group-141C0B15D317:LeaderElection26] INFO  server.RaftServerConfigKeys (ConfUtils.java:logGet(43)) - raft.server.write.element-limit = 4096 (default)
2019-09-25 05:41:15,016 [ba526371-bbb0-45ae-a73e-928578471dee@group-141C0B15D317:LeaderElection26] INFO  server.RaftServerConfigKeys (ConfUtils.java:logGet(43)) - raft.server.watch.timeout = 10s (default)
2019-09-25 05:41:15,016 [ba526371-bbb0-45ae-a73e-928578471dee@group-141C0B15D317:LeaderElection26] INFO  server.RaftServerConfigKeys (ConfUtils.java:logGet(43)) - raft.server.watch.timeout.denomination = 1s (default)
2019-09-25 05:41:15,016 [ba526371-bbb0-45ae-a73e-928578471dee@group-141C0B15D317:LeaderElection26] INFO  server.RaftServerConfigKeys (ConfUtils.java:logGet(43)) - raft.server.watch.element-limit = 65536 (default)
2019-09-25 05:41:15,019 [ba526371-bbb0-45ae-a73e-928578471dee@group-141C0B15D317:LeaderElection26] INFO  impl.RoleInfo (RoleInfo.java:updateAndGet(143)) - ba526371-bbb0-45ae-a73e-928578471dee: start LeaderState
2019-09-25 05:41:15,019 [ba526371-bbb0-45ae-a73e-928578471dee@group-141C0B15D317:LeaderElection26] INFO  segmented.SegmentedRaftLogWorker (SegmentedRaftLogWorker.java:startLogSegment(380)) - ba526371-bbb0-45ae-a73e-928578471dee@group-141C0B15D317-SegmentedRaftLogWorker: Starting segment from index:0
2019-09-25 05:41:15,019 [ba526371-bbb0-45ae-a73e-928578471dee@group-141C0B15D317:LeaderElection26] INFO  impl.RaftServerImpl (ServerState.java:setRaftConf(354)) - ba526371-bbb0-45ae-a73e-928578471dee@group-141C0B15D317: set configuration 0: [ba526371-bbb0-45ae-a73e-928578471dee:192.168.30.10:42293], old=null at 0
2019-09-25 05:41:15,052 [fe7430cd-f76a-4ec3-9a68-9236192633d5@group-7246B55B8618-SegmentedRaftLogWorker] INFO  segmented.SegmentedRaftLogWorker (SegmentedRaftLogWorker.java:execute(569)) - fe7430cd-f76a-4ec3-9a68-9236192633d5@group-7246B55B8618-SegmentedRaftLogWorker: created new log segment /workdir/hadoop-ozone/integration-test/target/test-dir/MiniOzoneClusterImpl-5f167f52-bad4-483d-8ef4-c1e76e705afb/datanode-0/data/ratis/0666fcfb-3764-40da-90a2-7246b55b8618/current/log_inprogress_0
2019-09-25 05:41:15,057 [Thread-322] INFO  impl.FollowerState (FollowerState.java:run(106)) - a0f9784c-b240-4740-a75c-f623c7ee251f:group-69887134DBA4 changes to CANDIDATE, lastRpcTime:5134, electionTimeout:5130ms
2019-09-25 05:41:15,062 [ba526371-bbb0-45ae-a73e-928578471dee@group-141C0B15D317-SegmentedRaftLogWorker] INFO  segmented.SegmentedRaftLogWorker (SegmentedRaftLogWorker.java:execute(569)) - ba526371-bbb0-45ae-a73e-928578471dee@group-141C0B15D317-SegmentedRaftLogWorker: created new log segment /workdir/hadoop-ozone/integration-test/target/test-dir/MiniOzoneClusterImpl-5f167f52-bad4-483d-8ef4-c1e76e705afb/datanode-1/data/ratis/a539cb2d-8919-4b89-bf68-141c0b15d317/current/log_inprogress_0
2019-09-25 05:41:15,064 [Thread-322] INFO  impl.RoleInfo (RoleInfo.java:shutdownFollowerState(121)) - a0f9784c-b240-4740-a75c-f623c7ee251f: shutdown FollowerState
2019-09-25 05:41:15,064 [Thread-322] INFO  impl.RaftServerImpl (RaftServerImpl.java:setRole(174)) - a0f9784c-b240-4740-a75c-f623c7ee251f@group-69887134DBA4: changes role from  FOLLOWER to CANDIDATE at term 0 for changeToCandidate
2019-09-25 05:41:15,065 [Thread-322] INFO  impl.RoleInfo (RoleInfo.java:updateAndGet(143)) - a0f9784c-b240-4740-a75c-f623c7ee251f: start LeaderElection
2019-09-25 05:41:15,079 [Thread-328] INFO  impl.FollowerState (FollowerState.java:run(106)) - ba526371-bbb0-45ae-a73e-928578471dee:group-E40C29B0A0EF changes to CANDIDATE, lastRpcTime:5064, electionTimeout:5064ms
2019-09-25 05:41:15,079 [Thread-328] INFO  impl.RoleInfo (RoleInfo.java:shutdownFollowerState(121)) - ba526371-bbb0-45ae-a73e-928578471dee: shutdown FollowerState
2019-09-25 05:41:15,080 [Thread-328] INFO  impl.RaftServerImpl (RaftServerImpl.java:setRole(174)) - ba526371-bbb0-45ae-a73e-928578471dee@group-E40C29B0A0EF: changes role from  FOLLOWER to CANDIDATE at term 0 for changeToCandidate
2019-09-25 05:41:15,080 [Thread-328] INFO  impl.RoleInfo (RoleInfo.java:updateAndGet(143)) - ba526371-bbb0-45ae-a73e-928578471dee: start LeaderElection
2019-09-25 05:41:15,080 [a0f9784c-b240-4740-a75c-f623c7ee251f@group-69887134DBA4:LeaderElection27] INFO  impl.LeaderElection (LeaderElection.java:askForVotes(182)) - a0f9784c-b240-4740-a75c-f623c7ee251f@group-69887134DBA4:LeaderElection27: begin an election at term 1 for -1: [a0f9784c-b240-4740-a75c-f623c7ee251f:192.168.30.10:36265], old=null
2019-09-25 05:41:15,083 [a0f9784c-b240-4740-a75c-f623c7ee251f@group-69887134DBA4:LeaderElection27] INFO  impl.RoleInfo (RoleInfo.java:shutdownLeaderElection(134)) - a0f9784c-b240-4740-a75c-f623c7ee251f: shutdown LeaderElection
2019-09-25 05:41:15,083 [a0f9784c-b240-4740-a75c-f623c7ee251f@group-69887134DBA4:LeaderElection27] INFO  impl.RaftServerImpl (RaftServerImpl.java:setRole(174)) - a0f9784c-b240-4740-a75c-f623c7ee251f@group-69887134DBA4: changes role from CANDIDATE to LEADER at term 1 for changeToLeader
2019-09-25 05:41:15,083 [a0f9784c-b240-4740-a75c-f623c7ee251f@group-69887134DBA4:LeaderElection27] INFO  impl.RaftServerImpl (ServerState.java:setLeader(253)) - a0f9784c-b240-4740-a75c-f623c7ee251f@group-69887134DBA4: change Leader from null to a0f9784c-b240-4740-a75c-f623c7ee251f at term 1 for becomeLeader, leader elected after 5164ms
2019-09-25 05:41:15,083 [a0f9784c-b240-4740-a75c-f623c7ee251f@group-69887134DBA4:LeaderElection27] INFO  server.RaftServerConfigKeys (ConfUtils.java:logGet(43)) - raft.server.staging.catchup.gap = 1000 (default)
2019-09-25 05:41:15,083 [a0f9784c-b240-4740-a75c-f623c7ee251f@group-69887134DBA4:LeaderElection27] INFO  server.RaftServerConfigKeys (ConfUtils.java:logGet(43)) - raft.server.rpc.sleep.time = 25ms (default)
2019-09-25 05:41:15,083 [a0f9784c-b240-4740-a75c-f623c7ee251f@group-69887134DBA4:LeaderElection27] INFO  server.RaftServerConfigKeys (ConfUtils.java:logGet(43)) - raft.server.write.element-limit = 4096 (default)
2019-09-25 05:41:15,083 [a0f9784c-b240-4740-a75c-f623c7ee251f@group-69887134DBA4:LeaderElection27] INFO  server.RaftServerConfigKeys (ConfUtils.java:logGet(43)) - raft.server.watch.timeout = 10s (default)
2019-09-25 05:41:15,084 [a0f9784c-b240-4740-a75c-f623c7ee251f@group-69887134DBA4:LeaderElection27] INFO  server.RaftServerConfigKeys (ConfUtils.java:logGet(43)) - raft.server.watch.timeout.denomination = 1s (default)
2019-09-25 05:41:15,084 [a0f9784c-b240-4740-a75c-f623c7ee251f@group-69887134DBA4:LeaderElection27] INFO  server.RaftServerConfigKeys (ConfUtils.java:logGet(43)) - raft.server.watch.element-limit = 65536 (default)
2019-09-25 05:41:15,086 [a0f9784c-b240-4740-a75c-f623c7ee251f@group-69887134DBA4:LeaderElection27] INFO  impl.RoleInfo (RoleInfo.java:updateAndGet(143)) - a0f9784c-b240-4740-a75c-f623c7ee251f: start LeaderState
2019-09-25 05:41:15,087 [a0f9784c-b240-4740-a75c-f623c7ee251f@group-69887134DBA4:LeaderElection27] INFO  segmented.SegmentedRaftLogWorker (SegmentedRaftLogWorker.java:startLogSegment(380)) - a0f9784c-b240-4740-a75c-f623c7ee251f@group-69887134DBA4-SegmentedRaftLogWorker: Starting segment from index:0
2019-09-25 05:41:15,087 [a0f9784c-b240-4740-a75c-f623c7ee251f@group-69887134DBA4:LeaderElection27] INFO  impl.RaftServerImpl (ServerState.java:setRaftConf(354)) - a0f9784c-b240-4740-a75c-f623c7ee251f@group-69887134DBA4: set configuration 0: [a0f9784c-b240-4740-a75c-f623c7ee251f:192.168.30.10:36265], old=null at 0
2019-09-25 05:41:15,130 [Thread-325] INFO  impl.FollowerState (FollowerState.java:run(106)) - ba526371-bbb0-45ae-a73e-928578471dee:group-13C9A2536662 changes to CANDIDATE, lastRpcTime:5161, electionTimeout:5122ms
2019-09-25 05:41:15,130 [ba526371-bbb0-45ae-a73e-928578471dee@group-E40C29B0A0EF:LeaderElection28] INFO  impl.LeaderElection (LeaderElection.java:askForVotes(182)) - ba526371-bbb0-45ae-a73e-928578471dee@group-E40C29B0A0EF:LeaderElection28: begin an election at term 1 for -1: [ba526371-bbb0-45ae-a73e-928578471dee:192.168.30.10:42293], old=null
2019-09-25 05:41:15,130 [Thread-325] INFO  impl.RoleInfo (RoleInfo.java:shutdownFollowerState(121)) - ba526371-bbb0-45ae-a73e-928578471dee: shutdown FollowerState
2019-09-25 05:41:15,130 [ba526371-bbb0-45ae-a73e-928578471dee@group-E40C29B0A0EF:LeaderElection28] INFO  impl.RoleInfo (RoleInfo.java:shutdownLeaderElection(134)) - ba526371-bbb0-45ae-a73e-928578471dee: shutdown LeaderElection
2019-09-25 05:41:15,130 [Thread-325] INFO  impl.RaftServerImpl (RaftServerImpl.java:setRole(174)) - ba526371-bbb0-45ae-a73e-928578471dee@group-13C9A2536662: changes role from  FOLLOWER to CANDIDATE at term 0 for changeToCandidate
2019-09-25 05:41:15,130 [ba526371-bbb0-45ae-a73e-928578471dee@group-E40C29B0A0EF:LeaderElection28] INFO  impl.RaftServerImpl (RaftServerImpl.java:setRole(174)) - ba526371-bbb0-45ae-a73e-928578471dee@group-E40C29B0A0EF: changes role from CANDIDATE to LEADER at term 1 for changeToLeader
2019-09-25 05:41:15,131 [ba526371-bbb0-45ae-a73e-928578471dee@group-E40C29B0A0EF:LeaderElection28] INFO  impl.RaftServerImpl (ServerState.java:setLeader(253)) - ba526371-bbb0-45ae-a73e-928578471dee@group-E40C29B0A0EF: change Leader from null to ba526371-bbb0-45ae-a73e-928578471dee at term 1 for becomeLeader, leader elected after 5121ms
2019-09-25 05:41:15,131 [Thread-325] INFO  impl.RoleInfo (RoleInfo.java:updateAndGet(143)) - ba526371-bbb0-45ae-a73e-928578471dee: start LeaderElection
2019-09-25 05:41:15,131 [ba526371-bbb0-45ae-a73e-928578471dee@group-E40C29B0A0EF:LeaderElection28] INFO  server.RaftServerConfigKeys (ConfUtils.java:logGet(43)) - raft.server.staging.catchup.gap = 1000 (default)
2019-09-25 05:41:15,131 [ba526371-bbb0-45ae-a73e-928578471dee@group-E40C29B0A0EF:LeaderElection28] INFO  server.RaftServerConfigKeys (ConfUtils.java:logGet(43)) - raft.server.rpc.sleep.time = 25ms (default)
2019-09-25 05:41:15,131 [ba526371-bbb0-45ae-a73e-928578471dee@group-E40C29B0A0EF:LeaderElection28] INFO  server.RaftServerConfigKeys (ConfUtils.java:logGet(43)) - raft.server.write.element-limit = 4096 (default)
2019-09-25 05:41:15,134 [ba526371-bbb0-45ae-a73e-928578471dee@group-E40C29B0A0EF:LeaderElection28] INFO  server.RaftServerConfigKeys (ConfUtils.java:logGet(43)) - raft.server.watch.timeout = 10s (default)
2019-09-25 05:41:15,134 [ba526371-bbb0-45ae-a73e-928578471dee@group-E40C29B0A0EF:LeaderElection28] INFO  server.RaftServerConfigKeys (ConfUtils.java:logGet(43)) - raft.server.watch.timeout.denomination = 1s (default)
2019-09-25 05:41:15,134 [ba526371-bbb0-45ae-a73e-928578471dee@group-E40C29B0A0EF:LeaderElection28] INFO  server.RaftServerConfigKeys (ConfUtils.java:logGet(43)) - raft.server.watch.element-limit = 65536 (default)
2019-09-25 05:41:15,137 [ba526371-bbb0-45ae-a73e-928578471dee@group-E40C29B0A0EF:LeaderElection28] INFO  impl.RoleInfo (RoleInfo.java:updateAndGet(143)) - ba526371-bbb0-45ae-a73e-928578471dee: start LeaderState
2019-09-25 05:41:15,138 [ba526371-bbb0-45ae-a73e-928578471dee@group-E40C29B0A0EF:LeaderElection28] INFO  segmented.SegmentedRaftLogWorker (SegmentedRaftLogWorker.java:startLogSegment(380)) - ba526371-bbb0-45ae-a73e-928578471dee@group-E40C29B0A0EF-SegmentedRaftLogWorker: Starting segment from index:0
2019-09-25 05:41:15,138 [ba526371-bbb0-45ae-a73e-928578471dee@group-E40C29B0A0EF:LeaderElection28] INFO  impl.RaftServerImpl (ServerState.java:setRaftConf(354)) - ba526371-bbb0-45ae-a73e-928578471dee@group-E40C29B0A0EF: set configuration 0: [ba526371-bbb0-45ae-a73e-928578471dee:192.168.30.10:42293], old=null at 0
2019-09-25 05:41:15,178 [a0f9784c-b240-4740-a75c-f623c7ee251f@group-69887134DBA4-SegmentedRaftLogWorker] INFO  segmented.SegmentedRaftLogWorker (SegmentedRaftLogWorker.java:execute(569)) - a0f9784c-b240-4740-a75c-f623c7ee251f@group-69887134DBA4-SegmentedRaftLogWorker: created new log segment /workdir/hadoop-ozone/integration-test/target/test-dir/MiniOzoneClusterImpl-5f167f52-bad4-483d-8ef4-c1e76e705afb/datanode-3/data/ratis/e3ef33ef-bb9d-4b7b-90bd-69887134dba4/current/log_inprogress_0
2019-09-25 05:41:15,178 [ba526371-bbb0-45ae-a73e-928578471dee@group-13C9A2536662:LeaderElection29] INFO  impl.LeaderElection (LeaderElection.java:askForVotes(182)) - ba526371-bbb0-45ae-a73e-928578471dee@group-13C9A2536662:LeaderElection29: begin an election at term 1 for -1: [ba526371-bbb0-45ae-a73e-928578471dee:192.168.30.10:42293], old=null
2019-09-25 05:41:15,179 [ba526371-bbb0-45ae-a73e-928578471dee@group-13C9A2536662:LeaderElection29] INFO  impl.RoleInfo (RoleInfo.java:shutdownLeaderElection(134)) - ba526371-bbb0-45ae-a73e-928578471dee: shutdown LeaderElection
2019-09-25 05:41:15,179 [ba526371-bbb0-45ae-a73e-928578471dee@group-13C9A2536662:LeaderElection29] INFO  impl.RaftServerImpl (RaftServerImpl.java:setRole(174)) - ba526371-bbb0-45ae-a73e-928578471dee@group-13C9A2536662: changes role from CANDIDATE to LEADER at term 1 for changeToLeader
2019-09-25 05:41:15,179 [ba526371-bbb0-45ae-a73e-928578471dee@group-13C9A2536662:LeaderElection29] INFO  impl.RaftServerImpl (ServerState.java:setLeader(253)) - ba526371-bbb0-45ae-a73e-928578471dee@group-13C9A2536662: change Leader from null to ba526371-bbb0-45ae-a73e-928578471dee at term 1 for becomeLeader, leader elected after 5215ms
2019-09-25 05:41:15,179 [ba526371-bbb0-45ae-a73e-928578471dee@group-13C9A2536662:LeaderElection29] INFO  server.RaftServerConfigKeys (ConfUtils.java:logGet(43)) - raft.server.staging.catchup.gap = 1000 (default)
2019-09-25 05:41:15,179 [ba526371-bbb0-45ae-a73e-928578471dee@group-13C9A2536662:LeaderElection29] INFO  server.RaftServerConfigKeys (ConfUtils.java:logGet(43)) - raft.server.rpc.sleep.time = 25ms (default)
2019-09-25 05:41:15,180 [ba526371-bbb0-45ae-a73e-928578471dee@group-13C9A2536662:LeaderElection29] INFO  server.RaftServerConfigKeys (ConfUtils.java:logGet(43)) - raft.server.write.element-limit = 4096 (default)
2019-09-25 05:41:15,180 [ba526371-bbb0-45ae-a73e-928578471dee@group-13C9A2536662:LeaderElection29] INFO  server.RaftServerConfigKeys (ConfUtils.java:logGet(43)) - raft.server.watch.timeout = 10s (default)
2019-09-25 05:41:15,180 [ba526371-bbb0-45ae-a73e-928578471dee@group-13C9A2536662:LeaderElection29] INFO  server.RaftServerConfigKeys (ConfUtils.java:logGet(43)) - raft.server.watch.timeout.denomination = 1s (default)
2019-09-25 05:41:15,180 [ba526371-bbb0-45ae-a73e-928578471dee@group-13C9A2536662:LeaderElection29] INFO  server.RaftServerConfigKeys (ConfUtils.java:logGet(43)) - raft.server.watch.element-limit = 65536 (default)
2019-09-25 05:41:15,183 [ba526371-bbb0-45ae-a73e-928578471dee@group-13C9A2536662:LeaderElection29] INFO  impl.RoleInfo (RoleInfo.java:updateAndGet(143)) - ba526371-bbb0-45ae-a73e-928578471dee: start LeaderState
2019-09-25 05:41:15,184 [ba526371-bbb0-45ae-a73e-928578471dee@group-13C9A2536662:LeaderElection29] INFO  segmented.SegmentedRaftLogWorker (SegmentedRaftLogWorker.java:startLogSegment(380)) - ba526371-bbb0-45ae-a73e-928578471dee@group-13C9A2536662-SegmentedRaftLogWorker: Starting segment from index:0
2019-09-25 05:41:15,184 [ba526371-bbb0-45ae-a73e-928578471dee@group-13C9A2536662:LeaderElection29] INFO  impl.RaftServerImpl (ServerState.java:setRaftConf(354)) - ba526371-bbb0-45ae-a73e-928578471dee@group-13C9A2536662: set configuration 0: [ba526371-bbb0-45ae-a73e-928578471dee:192.168.30.10:42293], old=null at 0
2019-09-25 05:41:15,225 [ba526371-bbb0-45ae-a73e-928578471dee@group-E40C29B0A0EF-SegmentedRaftLogWorker] INFO  segmented.SegmentedRaftLogWorker (SegmentedRaftLogWorker.java:execute(569)) - ba526371-bbb0-45ae-a73e-928578471dee@group-E40C29B0A0EF-SegmentedRaftLogWorker: created new log segment /workdir/hadoop-ozone/integration-test/target/test-dir/MiniOzoneClusterImpl-5f167f52-bad4-483d-8ef4-c1e76e705afb/datanode-1/data/ratis/286b41d0-209d-458b-a162-e40c29b0a0ef/current/log_inprogress_0
2019-09-25 05:41:15,227 [Thread-334] INFO  impl.FollowerState (FollowerState.java:run(106)) - fe7430cd-f76a-4ec3-9a68-9236192633d5:group-AC862C6DA28A changes to CANDIDATE, lastRpcTime:5112, electionTimeout:5112ms
2019-09-25 05:41:15,227 [Thread-334] INFO  impl.RoleInfo (RoleInfo.java:shutdownFollowerState(121)) - fe7430cd-f76a-4ec3-9a68-9236192633d5: shutdown FollowerState
2019-09-25 05:41:15,228 [Thread-334] INFO  impl.RaftServerImpl (RaftServerImpl.java:setRole(174)) - fe7430cd-f76a-4ec3-9a68-9236192633d5@group-AC862C6DA28A: changes role from  FOLLOWER to CANDIDATE at term 0 for changeToCandidate
2019-09-25 05:41:15,228 [Thread-334] INFO  impl.RoleInfo (RoleInfo.java:updateAndGet(143)) - fe7430cd-f76a-4ec3-9a68-9236192633d5: start LeaderElection
2019-09-25 05:41:15,232 [EventQueue-StaleNodeForStaleNodeHandler] INFO  node.StaleNodeHandler (StaleNodeHandler.java:onMessage(58)) - Datanode ba526371-bbb0-45ae-a73e-928578471dee{ip: 192.168.30.10, host: pr-hdds-1569-s62bp-3040748787, networkLocation: /default-rack, certSerialId: null} moved to stale state. Finalizing its pipelines [PipelineID=bf586028-12ab-4c91-9d58-c51b3ed6f9ff, PipelineID=f3a5299d-269d-4373-ba81-02acfa7dce84, PipelineID=a539cb2d-8919-4b89-bf68-141c0b15d317, PipelineID=c441def9-10a9-4888-a1aa-13c9a2536662, PipelineID=9d7d7367-8037-4445-b9b2-ad7e0a6e7306, PipelineID=286b41d0-209d-458b-a162-e40c29b0a0ef]
2019-09-25 05:41:15,232 [EventQueue-StaleNodeForStaleNodeHandler] INFO  pipeline.SCMPipelineManager (SCMPipelineManager.java:finalizeAndDestroyPipeline(317)) - destroying pipeline:Pipeline[ Id: bf586028-12ab-4c91-9d58-c51b3ed6f9ff, Nodes: ba526371-bbb0-45ae-a73e-928578471dee{ip: 192.168.30.10, host: pr-hdds-1569-s62bp-3040748787, networkLocation: /default-rack, certSerialId: null}, Type:RATIS, Factor:ONE, State:OPEN]
2019-09-25 05:41:15,236 [ba526371-bbb0-45ae-a73e-928578471dee@group-13C9A2536662-SegmentedRaftLogWorker] INFO  segmented.SegmentedRaftLogWorker (SegmentedRaftLogWorker.java:execute(569)) - ba526371-bbb0-45ae-a73e-928578471dee@group-13C9A2536662-SegmentedRaftLogWorker: created new log segment /workdir/hadoop-ozone/integration-test/target/test-dir/MiniOzoneClusterImpl-5f167f52-bad4-483d-8ef4-c1e76e705afb/datanode-1/data/ratis/c441def9-10a9-4888-a1aa-13c9a2536662/current/log_inprogress_0
2019-09-25 05:41:15,238 [fe7430cd-f76a-4ec3-9a68-9236192633d5@group-AC862C6DA28A:LeaderElection30] INFO  impl.LeaderElection (LeaderElection.java:askForVotes(182)) - fe7430cd-f76a-4ec3-9a68-9236192633d5@group-AC862C6DA28A:LeaderElection30: begin an election at term 1 for -1: [fe7430cd-f76a-4ec3-9a68-9236192633d5:192.168.30.10:33443], old=null
2019-09-25 05:41:15,239 [fe7430cd-f76a-4ec3-9a68-9236192633d5@group-AC862C6DA28A:LeaderElection30] INFO  impl.RoleInfo (RoleInfo.java:shutdownLeaderElection(134)) - fe7430cd-f76a-4ec3-9a68-9236192633d5: shutdown LeaderElection
2019-09-25 05:41:15,239 [fe7430cd-f76a-4ec3-9a68-9236192633d5@group-AC862C6DA28A:LeaderElection30] INFO  impl.RaftServerImpl (RaftServerImpl.java:setRole(174)) - fe7430cd-f76a-4ec3-9a68-9236192633d5@group-AC862C6DA28A: changes role from CANDIDATE to LEADER at term 1 for changeToLeader
2019-09-25 05:41:15,239 [fe7430cd-f76a-4ec3-9a68-9236192633d5@group-AC862C6DA28A:LeaderElection30] INFO  impl.RaftServerImpl (ServerState.java:setLeader(253)) - fe7430cd-f76a-4ec3-9a68-9236192633d5@group-AC862C6DA28A: change Leader from null to fe7430cd-f76a-4ec3-9a68-9236192633d5 at term 1 for becomeLeader, leader elected after 5128ms
2019-09-25 05:41:15,239 [fe7430cd-f76a-4ec3-9a68-9236192633d5@group-AC862C6DA28A:LeaderElection30] INFO  server.RaftServerConfigKeys (ConfUtils.java:logGet(43)) - raft.server.staging.catchup.gap = 1000 (default)
2019-09-25 05:41:15,239 [fe7430cd-f76a-4ec3-9a68-9236192633d5@group-AC862C6DA28A:LeaderElection30] INFO  server.RaftServerConfigKeys (ConfUtils.java:logGet(43)) - raft.server.rpc.sleep.time = 25ms (default)
2019-09-25 05:41:15,239 [EventQueue-StaleNodeForStaleNodeHandler] INFO  pipeline.PipelineStateManager (PipelineStateManager.java:finalizePipeline(123)) - Pipeline Pipeline[ Id: bf586028-12ab-4c91-9d58-c51b3ed6f9ff, Nodes: ba526371-bbb0-45ae-a73e-928578471dee{ip: 192.168.30.10, host: pr-hdds-1569-s62bp-3040748787, networkLocation: /default-rack, certSerialId: null}, Type:RATIS, Factor:ONE, State:CLOSED] moved to CLOSED state
2019-09-25 05:41:15,239 [fe7430cd-f76a-4ec3-9a68-9236192633d5@group-AC862C6DA28A:LeaderElection30] INFO  server.RaftServerConfigKeys (ConfUtils.java:logGet(43)) - raft.server.write.element-limit = 4096 (default)
2019-09-25 05:41:15,240 [fe7430cd-f76a-4ec3-9a68-9236192633d5@group-AC862C6DA28A:LeaderElection30] INFO  server.RaftServerConfigKeys (ConfUtils.java:logGet(43)) - raft.server.watch.timeout = 10s (default)
2019-09-25 05:41:15,240 [fe7430cd-f76a-4ec3-9a68-9236192633d5@group-AC862C6DA28A:LeaderElection30] INFO  server.RaftServerConfigKeys (ConfUtils.java:logGet(43)) - raft.server.watch.timeout.denomination = 1s (default)
2019-09-25 05:41:15,240 [fe7430cd-f76a-4ec3-9a68-9236192633d5@group-AC862C6DA28A:LeaderElection30] INFO  server.RaftServerConfigKeys (ConfUtils.java:logGet(43)) - raft.server.watch.element-limit = 65536 (default)
2019-09-25 05:41:15,241 [Thread-340] INFO  impl.FollowerState (FollowerState.java:run(106)) - c1b8ccaf-89e0-45fc-9fa3-d1b440a7dff4:group-442E9F470D2C changes to CANDIDATE, lastRpcTime:5020, electionTimeout:5020ms
2019-09-25 05:41:15,241 [Thread-340] INFO  impl.RoleInfo (RoleInfo.java:shutdownFollowerState(121)) - c1b8ccaf-89e0-45fc-9fa3-d1b440a7dff4: shutdown FollowerState
2019-09-25 05:41:15,241 [Thread-340] INFO  impl.RaftServerImpl (RaftServerImpl.java:setRole(174)) - c1b8ccaf-89e0-45fc-9fa3-d1b440a7dff4@group-442E9F470D2C: changes role from  FOLLOWER to CANDIDATE at term 0 for changeToCandidate
2019-09-25 05:41:15,241 [EventQueue-StaleNodeForStaleNodeHandler] INFO  pipeline.SCMPipelineManager (SCMPipelineManager.java:finalizeAndDestroyPipeline(317)) - destroying pipeline:Pipeline[ Id: f3a5299d-269d-4373-ba81-02acfa7dce84, Nodes: ba526371-bbb0-45ae-a73e-928578471dee{ip: 192.168.30.10, host: pr-hdds-1569-s62bp-3040748787, networkLocation: /default-rack, certSerialId: null}, Type:RATIS, Factor:ONE, State:OPEN]
2019-09-25 05:41:15,241 [Thread-340] INFO  impl.RoleInfo (RoleInfo.java:updateAndGet(143)) - c1b8ccaf-89e0-45fc-9fa3-d1b440a7dff4: start LeaderElection
2019-09-25 05:41:15,242 [EventQueue-StaleNodeForStaleNodeHandler] INFO  pipeline.PipelineStateManager (PipelineStateManager.java:finalizePipeline(123)) - Pipeline Pipeline[ Id: f3a5299d-269d-4373-ba81-02acfa7dce84, Nodes: ba526371-bbb0-45ae-a73e-928578471dee{ip: 192.168.30.10, host: pr-hdds-1569-s62bp-3040748787, networkLocation: /default-rack, certSerialId: null}, Type:RATIS, Factor:ONE, State:CLOSED] moved to CLOSED state
2019-09-25 05:41:15,242 [Thread-331] INFO  impl.FollowerState (FollowerState.java:run(106)) - c1b8ccaf-89e0-45fc-9fa3-d1b440a7dff4:group-554534AA209E changes to CANDIDATE, lastRpcTime:5178, electionTimeout:5178ms
2019-09-25 05:41:15,242 [EventQueue-StaleNodeForStaleNodeHandler] INFO  pipeline.SCMPipelineManager (SCMPipelineManager.java:finalizeAndDestroyPipeline(317)) - destroying pipeline:Pipeline[ Id: a539cb2d-8919-4b89-bf68-141c0b15d317, Nodes: ba526371-bbb0-45ae-a73e-928578471dee{ip: 192.168.30.10, host: pr-hdds-1569-s62bp-3040748787, networkLocation: /default-rack, certSerialId: null}, Type:RATIS, Factor:ONE, State:OPEN]
2019-09-25 05:41:15,244 [Thread-331] INFO  impl.RoleInfo (RoleInfo.java:shutdownFollowerState(121)) - c1b8ccaf-89e0-45fc-9fa3-d1b440a7dff4: shutdown FollowerState
2019-09-25 05:41:15,245 [EventQueue-StaleNodeForStaleNodeHandler] INFO  pipeline.PipelineStateManager (PipelineStateManager.java:finalizePipeline(123)) - Pipeline Pipeline[ Id: a539cb2d-8919-4b89-bf68-141c0b15d317, Nodes: ba526371-bbb0-45ae-a73e-928578471dee{ip: 192.168.30.10, host: pr-hdds-1569-s62bp-3040748787, networkLocation: /default-rack, certSerialId: null}, Type:RATIS, Factor:ONE, State:CLOSED] moved to CLOSED state
2019-09-25 05:41:15,245 [Thread-331] INFO  impl.RaftServerImpl (RaftServerImpl.java:setRole(174)) - c1b8ccaf-89e0-45fc-9fa3-d1b440a7dff4@group-554534AA209E: changes role from  FOLLOWER to CANDIDATE at term 0 for changeToCandidate
2019-09-25 05:41:15,245 [EventQueue-StaleNodeForStaleNodeHandler] INFO  pipeline.SCMPipelineManager (SCMPipelineManager.java:finalizeAndDestroyPipeline(317)) - destroying pipeline:Pipeline[ Id: c441def9-10a9-4888-a1aa-13c9a2536662, Nodes: ba526371-bbb0-45ae-a73e-928578471dee{ip: 192.168.30.10, host: pr-hdds-1569-s62bp-3040748787, networkLocation: /default-rack, certSerialId: null}, Type:RATIS, Factor:ONE, State:OPEN]
2019-09-25 05:41:15,245 [Thread-331] INFO  impl.RoleInfo (RoleInfo.java:updateAndGet(143)) - c1b8ccaf-89e0-45fc-9fa3-d1b440a7dff4: start LeaderElection
2019-09-25 05:41:15,245 [EventQueue-StaleNodeForStaleNodeHandler] INFO  pipeline.PipelineStateManager (PipelineStateManager.java:finalizePipeline(123)) - Pipeline Pipeline[ Id: c441def9-10a9-4888-a1aa-13c9a2536662, Nodes: ba526371-bbb0-45ae-a73e-928578471dee{ip: 192.168.30.10, host: pr-hdds-1569-s62bp-3040748787, networkLocation: /default-rack, certSerialId: null}, Type:RATIS, Factor:ONE, State:CLOSED] moved to CLOSED state
2019-09-25 05:41:15,245 [fe7430cd-f76a-4ec3-9a68-9236192633d5@group-AC862C6DA28A:LeaderElection30] INFO  impl.RoleInfo (RoleInfo.java:updateAndGet(143)) - fe7430cd-f76a-4ec3-9a68-9236192633d5: start LeaderState
2019-09-25 05:41:15,245 [EventQueue-StaleNodeForStaleNodeHandler] INFO  pipeline.SCMPipelineManager (SCMPipelineManager.java:finalizeAndDestroyPipeline(317)) - destroying pipeline:Pipeline[ Id: 9d7d7367-8037-4445-b9b2-ad7e0a6e7306, Nodes: ba526371-bbb0-45ae-a73e-928578471dee{ip: 192.168.30.10, host: pr-hdds-1569-s62bp-3040748787, networkLocation: /default-rack, certSerialId: null}, Type:RATIS, Factor:ONE, State:OPEN]
2019-09-25 05:41:15,247 [fe7430cd-f76a-4ec3-9a68-9236192633d5@group-AC862C6DA28A:LeaderElection30] INFO  segmented.SegmentedRaftLogWorker (SegmentedRaftLogWorker.java:startLogSegment(380)) - fe7430cd-f76a-4ec3-9a68-9236192633d5@group-AC862C6DA28A-SegmentedRaftLogWorker: Starting segment from index:0
2019-09-25 05:41:15,248 [EventQueue-StaleNodeForStaleNodeHandler] INFO  pipeline.PipelineStateManager (PipelineStateManager.java:finalizePipeline(123)) - Pipeline Pipeline[ Id: 9d7d7367-8037-4445-b9b2-ad7e0a6e7306, Nodes: ba526371-bbb0-45ae-a73e-928578471dee{ip: 192.168.30.10, host: pr-hdds-1569-s62bp-3040748787, networkLocation: /default-rack, certSerialId: null}, Type:RATIS, Factor:ONE, State:CLOSED] moved to CLOSED state
2019-09-25 05:41:15,248 [EventQueue-StaleNodeForStaleNodeHandler] INFO  pipeline.SCMPipelineManager (SCMPipelineManager.java:finalizeAndDestroyPipeline(317)) - destroying pipeline:Pipeline[ Id: 286b41d0-209d-458b-a162-e40c29b0a0ef, Nodes: ba526371-bbb0-45ae-a73e-928578471dee{ip: 192.168.30.10, host: pr-hdds-1569-s62bp-3040748787, networkLocation: /default-rack, certSerialId: null}, Type:RATIS, Factor:ONE, State:OPEN]
2019-09-25 05:41:15,248 [fe7430cd-f76a-4ec3-9a68-9236192633d5@group-AC862C6DA28A:LeaderElection30] INFO  impl.RaftServerImpl (ServerState.java:setRaftConf(354)) - fe7430cd-f76a-4ec3-9a68-9236192633d5@group-AC862C6DA28A: set configuration 0: [fe7430cd-f76a-4ec3-9a68-9236192633d5:192.168.30.10:33443], old=null at 0
2019-09-25 05:41:15,248 [EventQueue-StaleNodeForStaleNodeHandler] INFO  pipeline.PipelineStateManager (PipelineStateManager.java:finalizePipeline(123)) - Pipeline Pipeline[ Id: 286b41d0-209d-458b-a162-e40c29b0a0ef, Nodes: ba526371-bbb0-45ae-a73e-928578471dee{ip: 192.168.30.10, host: pr-hdds-1569-s62bp-3040748787, networkLocation: /default-rack, certSerialId: null}, Type:RATIS, Factor:ONE, State:CLOSED] moved to CLOSED state
2019-09-25 05:41:15,267 [c1b8ccaf-89e0-45fc-9fa3-d1b440a7dff4@group-442E9F470D2C:LeaderElection31] INFO  impl.LeaderElection (LeaderElection.java:askForVotes(182)) - c1b8ccaf-89e0-45fc-9fa3-d1b440a7dff4@group-442E9F470D2C:LeaderElection31: begin an election at term 1 for -1: [c1b8ccaf-89e0-45fc-9fa3-d1b440a7dff4:192.168.30.10:35376], old=null
2019-09-25 05:41:15,267 [c1b8ccaf-89e0-45fc-9fa3-d1b440a7dff4@group-554534AA209E:LeaderElection32] INFO  impl.LeaderElection (LeaderElection.java:askForVotes(182)) - c1b8ccaf-89e0-45fc-9fa3-d1b440a7dff4@group-554534AA209E:LeaderElection32: begin an election at term 1 for -1: [c1b8ccaf-89e0-45fc-9fa3-d1b440a7dff4:192.168.30.10:35376], old=null
2019-09-25 05:41:15,268 [c1b8ccaf-89e0-45fc-9fa3-d1b440a7dff4@group-442E9F470D2C:LeaderElection31] INFO  impl.RoleInfo (RoleInfo.java:shutdownLeaderElection(134)) - c1b8ccaf-89e0-45fc-9fa3-d1b440a7dff4: shutdown LeaderElection
2019-09-25 05:41:15,268 [c1b8ccaf-89e0-45fc-9fa3-d1b440a7dff4@group-554534AA209E:LeaderElection32] INFO  impl.RoleInfo (RoleInfo.java:shutdownLeaderElection(134)) - c1b8ccaf-89e0-45fc-9fa3-d1b440a7dff4: shutdown LeaderElection
2019-09-25 05:41:15,268 [c1b8ccaf-89e0-45fc-9fa3-d1b440a7dff4@group-442E9F470D2C:LeaderElection31] INFO  impl.RaftServerImpl (RaftServerImpl.java:setRole(174)) - c1b8ccaf-89e0-45fc-9fa3-d1b440a7dff4@group-442E9F470D2C: changes role from CANDIDATE to LEADER at term 1 for changeToLeader
2019-09-25 05:41:15,268 [c1b8ccaf-89e0-45fc-9fa3-d1b440a7dff4@group-554534AA209E:LeaderElection32] INFO  impl.RaftServerImpl (RaftServerImpl.java:setRole(174)) - c1b8ccaf-89e0-45fc-9fa3-d1b440a7dff4@group-554534AA209E: changes role from CANDIDATE to LEADER at term 1 for changeToLeader
2019-09-25 05:41:15,268 [c1b8ccaf-89e0-45fc-9fa3-d1b440a7dff4@group-442E9F470D2C:LeaderElection31] INFO  impl.RaftServerImpl (ServerState.java:setLeader(253)) - c1b8ccaf-89e0-45fc-9fa3-d1b440a7dff4@group-442E9F470D2C: change Leader from null to c1b8ccaf-89e0-45fc-9fa3-d1b440a7dff4 at term 1 for becomeLeader, leader elected after 5053ms
2019-09-25 05:41:15,268 [c1b8ccaf-89e0-45fc-9fa3-d1b440a7dff4@group-554534AA209E:LeaderElection32] INFO  impl.RaftServerImpl (ServerState.java:setLeader(253)) - c1b8ccaf-89e0-45fc-9fa3-d1b440a7dff4@group-554534AA209E: change Leader from null to c1b8ccaf-89e0-45fc-9fa3-d1b440a7dff4 at term 1 for becomeLeader, leader elected after 5209ms
2019-09-25 05:41:15,269 [c1b8ccaf-89e0-45fc-9fa3-d1b440a7dff4@group-442E9F470D2C:LeaderElection31] INFO  server.RaftServerConfigKeys (ConfUtils.java:logGet(43)) - raft.server.staging.catchup.gap = 1000 (default)
2019-09-25 05:41:15,269 [c1b8ccaf-89e0-45fc-9fa3-d1b440a7dff4@group-554534AA209E:LeaderElection32] INFO  server.RaftServerConfigKeys (ConfUtils.java:logGet(43)) - raft.server.staging.catchup.gap = 1000 (default)
2019-09-25 05:41:15,269 [c1b8ccaf-89e0-45fc-9fa3-d1b440a7dff4@group-442E9F470D2C:LeaderElection31] INFO  server.RaftServerConfigKeys (ConfUtils.java:logGet(43)) - raft.server.rpc.sleep.time = 25ms (default)
2019-09-25 05:41:15,269 [c1b8ccaf-89e0-45fc-9fa3-d1b440a7dff4@group-554534AA209E:LeaderElection32] INFO  server.RaftServerConfigKeys (ConfUtils.java:logGet(43)) - raft.server.rpc.sleep.time = 25ms (default)
2019-09-25 05:41:15,269 [c1b8ccaf-89e0-45fc-9fa3-d1b440a7dff4@group-442E9F470D2C:LeaderElection31] INFO  server.RaftServerConfigKeys (ConfUtils.java:logGet(43)) - raft.server.write.element-limit = 4096 (default)
2019-09-25 05:41:15,269 [c1b8ccaf-89e0-45fc-9fa3-d1b440a7dff4@group-554534AA209E:LeaderElection32] INFO  server.RaftServerConfigKeys (ConfUtils.java:logGet(43)) - raft.server.write.element-limit = 4096 (default)
2019-09-25 05:41:15,269 [c1b8ccaf-89e0-45fc-9fa3-d1b440a7dff4@group-442E9F470D2C:LeaderElection31] INFO  server.RaftServerConfigKeys (ConfUtils.java:logGet(43)) - raft.server.watch.timeout = 10s (default)
2019-09-25 05:41:15,270 [c1b8ccaf-89e0-45fc-9fa3-d1b440a7dff4@group-554534AA209E:LeaderElection32] INFO  server.RaftServerConfigKeys (ConfUtils.java:logGet(43)) - raft.server.watch.timeout = 10s (default)
2019-09-25 05:41:15,270 [c1b8ccaf-89e0-45fc-9fa3-d1b440a7dff4@group-442E9F470D2C:LeaderElection31] INFO  server.RaftServerConfigKeys (ConfUtils.java:logGet(43)) - raft.server.watch.timeout.denomination = 1s (default)
2019-09-25 05:41:15,270 [c1b8ccaf-89e0-45fc-9fa3-d1b440a7dff4@group-554534AA209E:LeaderElection32] INFO  server.RaftServerConfigKeys (ConfUtils.java:logGet(43)) - raft.server.watch.timeout.denomination = 1s (default)
2019-09-25 05:41:15,270 [c1b8ccaf-89e0-45fc-9fa3-d1b440a7dff4@group-442E9F470D2C:LeaderElection31] INFO  server.RaftServerConfigKeys (ConfUtils.java:logGet(43)) - raft.server.watch.element-limit = 65536 (default)
2019-09-25 05:41:15,270 [c1b8ccaf-89e0-45fc-9fa3-d1b440a7dff4@group-554534AA209E:LeaderElection32] INFO  server.RaftServerConfigKeys (ConfUtils.java:logGet(43)) - raft.server.watch.element-limit = 65536 (default)
2019-09-25 05:41:15,273 [c1b8ccaf-89e0-45fc-9fa3-d1b440a7dff4@group-442E9F470D2C:LeaderElection31] INFO  impl.RoleInfo (RoleInfo.java:updateAndGet(143)) - c1b8ccaf-89e0-45fc-9fa3-d1b440a7dff4: start LeaderState
2019-09-25 05:41:15,274 [c1b8ccaf-89e0-45fc-9fa3-d1b440a7dff4@group-442E9F470D2C:LeaderElection31] INFO  segmented.SegmentedRaftLogWorker (SegmentedRaftLogWorker.java:startLogSegment(380)) - c1b8ccaf-89e0-45fc-9fa3-d1b440a7dff4@group-442E9F470D2C-SegmentedRaftLogWorker: Starting segment from index:0
2019-09-25 05:41:15,274 [c1b8ccaf-89e0-45fc-9fa3-d1b440a7dff4@group-554534AA209E:LeaderElection32] INFO  impl.RoleInfo (RoleInfo.java:updateAndGet(143)) - c1b8ccaf-89e0-45fc-9fa3-d1b440a7dff4: start LeaderState
2019-09-25 05:41:15,274 [c1b8ccaf-89e0-45fc-9fa3-d1b440a7dff4@group-442E9F470D2C:LeaderElection31] INFO  impl.RaftServerImpl (ServerState.java:setRaftConf(354)) - c1b8ccaf-89e0-45fc-9fa3-d1b440a7dff4@group-442E9F470D2C: set configuration 0: [c1b8ccaf-89e0-45fc-9fa3-d1b440a7dff4:192.168.30.10:35376], old=null at 0
2019-09-25 05:41:15,274 [c1b8ccaf-89e0-45fc-9fa3-d1b440a7dff4@group-554534AA209E:LeaderElection32] INFO  segmented.SegmentedRaftLogWorker (SegmentedRaftLogWorker.java:startLogSegment(380)) - c1b8ccaf-89e0-45fc-9fa3-d1b440a7dff4@group-554534AA209E-SegmentedRaftLogWorker: Starting segment from index:0
2019-09-25 05:41:15,315 [fe7430cd-f76a-4ec3-9a68-9236192633d5@group-AC862C6DA28A-SegmentedRaftLogWorker] INFO  segmented.SegmentedRaftLogWorker (SegmentedRaftLogWorker.java:execute(569)) - fe7430cd-f76a-4ec3-9a68-9236192633d5@group-AC862C6DA28A-SegmentedRaftLogWorker: created new log segment /workdir/hadoop-ozone/integration-test/target/test-dir/MiniOzoneClusterImpl-5f167f52-bad4-483d-8ef4-c1e76e705afb/datanode-0/data/ratis/37083da9-a33d-446c-bbe8-ac862c6da28a/current/log_inprogress_0
2019-09-25 05:41:15,315 [Thread-337] INFO  impl.FollowerState (FollowerState.java:run(106)) - fe7430cd-f76a-4ec3-9a68-9236192633d5:group-5BA619D6BE51 changes to CANDIDATE, lastRpcTime:5146, electionTimeout:5139ms
2019-09-25 05:41:15,316 [Thread-337] INFO  impl.RoleInfo (RoleInfo.java:shutdownFollowerState(121)) - fe7430cd-f76a-4ec3-9a68-9236192633d5: shutdown FollowerState
2019-09-25 05:41:15,316 [c1b8ccaf-89e0-45fc-9fa3-d1b440a7dff4@group-554534AA209E:LeaderElection32] INFO  impl.RaftServerImpl (ServerState.java:setRaftConf(354)) - c1b8ccaf-89e0-45fc-9fa3-d1b440a7dff4@group-554534AA209E: set configuration 0: [c1b8ccaf-89e0-45fc-9fa3-d1b440a7dff4:192.168.30.10:35376], old=null at 0
2019-09-25 05:41:15,316 [Thread-337] INFO  impl.RaftServerImpl (RaftServerImpl.java:setRole(174)) - fe7430cd-f76a-4ec3-9a68-9236192633d5@group-5BA619D6BE51: changes role from  FOLLOWER to CANDIDATE at term 0 for changeToCandidate
2019-09-25 05:41:15,333 [Thread-337] INFO  impl.RoleInfo (RoleInfo.java:updateAndGet(143)) - fe7430cd-f76a-4ec3-9a68-9236192633d5: start LeaderElection
2019-09-25 05:41:15,354 [c1b8ccaf-89e0-45fc-9fa3-d1b440a7dff4@group-442E9F470D2C-SegmentedRaftLogWorker] INFO  segmented.SegmentedRaftLogWorker (SegmentedRaftLogWorker.java:execute(569)) - c1b8ccaf-89e0-45fc-9fa3-d1b440a7dff4@group-442E9F470D2C-SegmentedRaftLogWorker: created new log segment /workdir/hadoop-ozone/integration-test/target/test-dir/MiniOzoneClusterImpl-5f167f52-bad4-483d-8ef4-c1e76e705afb/datanode-5/data/ratis/7ffc9591-e20b-48ea-9113-442e9f470d2c/current/log_inprogress_0
2019-09-25 05:41:15,354 [fe7430cd-f76a-4ec3-9a68-9236192633d5@group-5BA619D6BE51:LeaderElection33] INFO  impl.LeaderElection (LeaderElection.java:askForVotes(182)) - fe7430cd-f76a-4ec3-9a68-9236192633d5@group-5BA619D6BE51:LeaderElection33: begin an election at term 1 for -1: [fe7430cd-f76a-4ec3-9a68-9236192633d5:192.168.30.10:33443], old=null
2019-09-25 05:41:15,354 [c1b8ccaf-89e0-45fc-9fa3-d1b440a7dff4@group-554534AA209E-SegmentedRaftLogWorker] INFO  segmented.SegmentedRaftLogWorker (SegmentedRaftLogWorker.java:execute(569)) - c1b8ccaf-89e0-45fc-9fa3-d1b440a7dff4@group-554534AA209E-SegmentedRaftLogWorker: created new log segment /workdir/hadoop-ozone/integration-test/target/test-dir/MiniOzoneClusterImpl-5f167f52-bad4-483d-8ef4-c1e76e705afb/datanode-5/data/ratis/a32c26ad-aebe-41df-80c3-554534aa209e/current/log_inprogress_0
2019-09-25 05:41:15,354 [fe7430cd-f76a-4ec3-9a68-9236192633d5@group-5BA619D6BE51:LeaderElection33] INFO  impl.RoleInfo (RoleInfo.java:shutdownLeaderElection(134)) - fe7430cd-f76a-4ec3-9a68-9236192633d5: shutdown LeaderElection
2019-09-25 05:41:15,354 [fe7430cd-f76a-4ec3-9a68-9236192633d5@group-5BA619D6BE51:LeaderElection33] INFO  impl.RaftServerImpl (RaftServerImpl.java:setRole(174)) - fe7430cd-f76a-4ec3-9a68-9236192633d5@group-5BA619D6BE51: changes role from CANDIDATE to LEADER at term 1 for changeToLeader
2019-09-25 05:41:15,354 [fe7430cd-f76a-4ec3-9a68-9236192633d5@group-5BA619D6BE51:LeaderElection33] INFO  impl.RaftServerImpl (ServerState.java:setLeader(253)) - fe7430cd-f76a-4ec3-9a68-9236192633d5@group-5BA619D6BE51: change Leader from null to fe7430cd-f76a-4ec3-9a68-9236192633d5 at term 1 for becomeLeader, leader elected after 5190ms
2019-09-25 05:41:15,355 [fe7430cd-f76a-4ec3-9a68-9236192633d5@group-5BA619D6BE51:LeaderElection33] INFO  server.RaftServerConfigKeys (ConfUtils.java:logGet(43)) - raft.server.staging.catchup.gap = 1000 (default)
2019-09-25 05:41:15,355 [fe7430cd-f76a-4ec3-9a68-9236192633d5@group-5BA619D6BE51:LeaderElection33] INFO  server.RaftServerConfigKeys (ConfUtils.java:logGet(43)) - raft.server.rpc.sleep.time = 25ms (default)
2019-09-25 05:41:15,355 [fe7430cd-f76a-4ec3-9a68-9236192633d5@group-5BA619D6BE51:LeaderElection33] INFO  server.RaftServerConfigKeys (ConfUtils.java:logGet(43)) - raft.server.write.element-limit = 4096 (default)
2019-09-25 05:41:15,355 [fe7430cd-f76a-4ec3-9a68-9236192633d5@group-5BA619D6BE51:LeaderElection33] INFO  server.RaftServerConfigKeys (ConfUtils.java:logGet(43)) - raft.server.watch.timeout = 10s (default)
2019-09-25 05:41:15,356 [fe7430cd-f76a-4ec3-9a68-9236192633d5@group-5BA619D6BE51:LeaderElection33] INFO  server.RaftServerConfigKeys (ConfUtils.java:logGet(43)) - raft.server.watch.timeout.denomination = 1s (default)
2019-09-25 05:41:15,356 [fe7430cd-f76a-4ec3-9a68-9236192633d5@group-5BA619D6BE51:LeaderElection33] INFO  server.RaftServerConfigKeys (ConfUtils.java:logGet(43)) - raft.server.watch.element-limit = 65536 (default)
2019-09-25 05:41:15,359 [fe7430cd-f76a-4ec3-9a68-9236192633d5@group-5BA619D6BE51:LeaderElection33] INFO  impl.RoleInfo (RoleInfo.java:updateAndGet(143)) - fe7430cd-f76a-4ec3-9a68-9236192633d5: start LeaderState
2019-09-25 05:41:15,359 [fe7430cd-f76a-4ec3-9a68-9236192633d5@group-5BA619D6BE51:LeaderElection33] INFO  segmented.SegmentedRaftLogWorker (SegmentedRaftLogWorker.java:startLogSegment(380)) - fe7430cd-f76a-4ec3-9a68-9236192633d5@group-5BA619D6BE51-SegmentedRaftLogWorker: Starting segment from index:0
2019-09-25 05:41:15,360 [fe7430cd-f76a-4ec3-9a68-9236192633d5@group-5BA619D6BE51:LeaderElection33] INFO  impl.RaftServerImpl (ServerState.java:setRaftConf(354)) - fe7430cd-f76a-4ec3-9a68-9236192633d5@group-5BA619D6BE51: set configuration 0: [fe7430cd-f76a-4ec3-9a68-9236192633d5:192.168.30.10:33443], old=null at 0
2019-09-25 05:41:15,412 [fe7430cd-f76a-4ec3-9a68-9236192633d5@group-5BA619D6BE51-SegmentedRaftLogWorker] INFO  segmented.SegmentedRaftLogWorker (SegmentedRaftLogWorker.java:execute(569)) - fe7430cd-f76a-4ec3-9a68-9236192633d5@group-5BA619D6BE51-SegmentedRaftLogWorker: created new log segment /workdir/hadoop-ozone/integration-test/target/test-dir/MiniOzoneClusterImpl-5f167f52-bad4-483d-8ef4-c1e76e705afb/datanode-0/data/ratis/06e472f1-46e0-4ea7-a55b-5ba619d6be51/current/log_inprogress_0
2019-09-25 05:41:15,430 [Thread-343] INFO  impl.FollowerState (FollowerState.java:run(106)) - c1b8ccaf-89e0-45fc-9fa3-d1b440a7dff4:group-CD2F8EA70BF9 changes to CANDIDATE, lastRpcTime:5165, electionTimeout:5165ms
2019-09-25 05:41:15,430 [Thread-343] INFO  impl.RoleInfo (RoleInfo.java:shutdownFollowerState(121)) - c1b8ccaf-89e0-45fc-9fa3-d1b440a7dff4: shutdown FollowerState
2019-09-25 05:41:15,431 [Thread-343] INFO  impl.RaftServerImpl (RaftServerImpl.java:setRole(174)) - c1b8ccaf-89e0-45fc-9fa3-d1b440a7dff4@group-CD2F8EA70BF9: changes role from  FOLLOWER to CANDIDATE at term 0 for changeToCandidate
2019-09-25 05:41:15,431 [Thread-343] INFO  impl.RoleInfo (RoleInfo.java:updateAndGet(143)) - c1b8ccaf-89e0-45fc-9fa3-d1b440a7dff4: start LeaderElection
2019-09-25 05:41:15,448 [c1b8ccaf-89e0-45fc-9fa3-d1b440a7dff4@group-CD2F8EA70BF9:LeaderElection34] INFO  impl.LeaderElection (LeaderElection.java:askForVotes(182)) - c1b8ccaf-89e0-45fc-9fa3-d1b440a7dff4@group-CD2F8EA70BF9:LeaderElection34: begin an election at term 1 for -1: [c1b8ccaf-89e0-45fc-9fa3-d1b440a7dff4:192.168.30.10:35376], old=null
2019-09-25 05:41:15,448 [c1b8ccaf-89e0-45fc-9fa3-d1b440a7dff4@group-CD2F8EA70BF9:LeaderElection34] INFO  impl.RoleInfo (RoleInfo.java:shutdownLeaderElection(134)) - c1b8ccaf-89e0-45fc-9fa3-d1b440a7dff4: shutdown LeaderElection
2019-09-25 05:41:15,448 [c1b8ccaf-89e0-45fc-9fa3-d1b440a7dff4@group-CD2F8EA70BF9:LeaderElection34] INFO  impl.RaftServerImpl (RaftServerImpl.java:setRole(174)) - c1b8ccaf-89e0-45fc-9fa3-d1b440a7dff4@group-CD2F8EA70BF9: changes role from CANDIDATE to LEADER at term 1 for changeToLeader
2019-09-25 05:41:15,448 [c1b8ccaf-89e0-45fc-9fa3-d1b440a7dff4@group-CD2F8EA70BF9:LeaderElection34] INFO  impl.RaftServerImpl (ServerState.java:setLeader(253)) - c1b8ccaf-89e0-45fc-9fa3-d1b440a7dff4@group-CD2F8EA70BF9: change Leader from null to c1b8ccaf-89e0-45fc-9fa3-d1b440a7dff4 at term 1 for becomeLeader, leader elected after 5187ms
2019-09-25 05:41:15,448 [c1b8ccaf-89e0-45fc-9fa3-d1b440a7dff4@group-CD2F8EA70BF9:LeaderElection34] INFO  server.RaftServerConfigKeys (ConfUtils.java:logGet(43)) - raft.server.staging.catchup.gap = 1000 (default)
2019-09-25 05:41:15,449 [c1b8ccaf-89e0-45fc-9fa3-d1b440a7dff4@group-CD2F8EA70BF9:LeaderElection34] INFO  server.RaftServerConfigKeys (ConfUtils.java:logGet(43)) - raft.server.rpc.sleep.time = 25ms (default)
2019-09-25 05:41:15,449 [c1b8ccaf-89e0-45fc-9fa3-d1b440a7dff4@group-CD2F8EA70BF9:LeaderElection34] INFO  server.RaftServerConfigKeys (ConfUtils.java:logGet(43)) - raft.server.write.element-limit = 4096 (default)
2019-09-25 05:41:15,449 [c1b8ccaf-89e0-45fc-9fa3-d1b440a7dff4@group-CD2F8EA70BF9:LeaderElection34] INFO  server.RaftServerConfigKeys (ConfUtils.java:logGet(43)) - raft.server.watch.timeout = 10s (default)
2019-09-25 05:41:15,449 [c1b8ccaf-89e0-45fc-9fa3-d1b440a7dff4@group-CD2F8EA70BF9:LeaderElection34] INFO  server.RaftServerConfigKeys (ConfUtils.java:logGet(43)) - raft.server.watch.timeout.denomination = 1s (default)
2019-09-25 05:41:15,449 [c1b8ccaf-89e0-45fc-9fa3-d1b440a7dff4@group-CD2F8EA70BF9:LeaderElection34] INFO  server.RaftServerConfigKeys (ConfUtils.java:logGet(43)) - raft.server.watch.element-limit = 65536 (default)
2019-09-25 05:41:15,453 [c1b8ccaf-89e0-45fc-9fa3-d1b440a7dff4@group-CD2F8EA70BF9:LeaderElection34] INFO  impl.RoleInfo (RoleInfo.java:updateAndGet(143)) - c1b8ccaf-89e0-45fc-9fa3-d1b440a7dff4: start LeaderState
2019-09-25 05:41:15,453 [c1b8ccaf-89e0-45fc-9fa3-d1b440a7dff4@group-CD2F8EA70BF9:LeaderElection34] INFO  segmented.SegmentedRaftLogWorker (SegmentedRaftLogWorker.java:startLogSegment(380)) - c1b8ccaf-89e0-45fc-9fa3-d1b440a7dff4@group-CD2F8EA70BF9-SegmentedRaftLogWorker: Starting segment from index:0
2019-09-25 05:41:15,454 [c1b8ccaf-89e0-45fc-9fa3-d1b440a7dff4@group-CD2F8EA70BF9:LeaderElection34] INFO  impl.RaftServerImpl (ServerState.java:setRaftConf(354)) - c1b8ccaf-89e0-45fc-9fa3-d1b440a7dff4@group-CD2F8EA70BF9: set configuration 0: [c1b8ccaf-89e0-45fc-9fa3-d1b440a7dff4:192.168.30.10:35376], old=null at 0
2019-09-25 05:41:15,493 [Thread-346] INFO  impl.FollowerState (FollowerState.java:run(106)) - c1b8ccaf-89e0-45fc-9fa3-d1b440a7dff4:group-AC71E24596FF changes to CANDIDATE, lastRpcTime:5184, electionTimeout:5167ms
2019-09-25 05:41:15,493 [Thread-346] INFO  impl.RoleInfo (RoleInfo.java:shutdownFollowerState(121)) - c1b8ccaf-89e0-45fc-9fa3-d1b440a7dff4: shutdown FollowerState
2019-09-25 05:41:15,493 [Thread-346] INFO  impl.RaftServerImpl (RaftServerImpl.java:setRole(174)) - c1b8ccaf-89e0-45fc-9fa3-d1b440a7dff4@group-AC71E24596FF: changes role from  FOLLOWER to CANDIDATE at term 0 for changeToCandidate
2019-09-25 05:41:15,493 [Thread-346] INFO  impl.RoleInfo (RoleInfo.java:updateAndGet(143)) - c1b8ccaf-89e0-45fc-9fa3-d1b440a7dff4: start LeaderElection
2019-09-25 05:41:15,507 [c1b8ccaf-89e0-45fc-9fa3-d1b440a7dff4@group-CD2F8EA70BF9-SegmentedRaftLogWorker] INFO  segmented.SegmentedRaftLogWorker (SegmentedRaftLogWorker.java:execute(569)) - c1b8ccaf-89e0-45fc-9fa3-d1b440a7dff4@group-CD2F8EA70BF9-SegmentedRaftLogWorker: created new log segment /workdir/hadoop-ozone/integration-test/target/test-dir/MiniOzoneClusterImpl-5f167f52-bad4-483d-8ef4-c1e76e705afb/datanode-5/data/ratis/dcf77a09-1b49-447b-9016-cd2f8ea70bf9/current/log_inprogress_0
2019-09-25 05:41:15,507 [c1b8ccaf-89e0-45fc-9fa3-d1b440a7dff4@group-AC71E24596FF:LeaderElection35] INFO  impl.LeaderElection (LeaderElection.java:askForVotes(182)) - c1b8ccaf-89e0-45fc-9fa3-d1b440a7dff4@group-AC71E24596FF:LeaderElection35: begin an election at term 1 for -1: [c1b8ccaf-89e0-45fc-9fa3-d1b440a7dff4:192.168.30.10:35376], old=null
2019-09-25 05:41:15,507 [c1b8ccaf-89e0-45fc-9fa3-d1b440a7dff4@group-AC71E24596FF:LeaderElection35] INFO  impl.RoleInfo (RoleInfo.java:shutdownLeaderElection(134)) - c1b8ccaf-89e0-45fc-9fa3-d1b440a7dff4: shutdown LeaderElection
2019-09-25 05:41:15,507 [c1b8ccaf-89e0-45fc-9fa3-d1b440a7dff4@group-AC71E24596FF:LeaderElection35] INFO  impl.RaftServerImpl (RaftServerImpl.java:setRole(174)) - c1b8ccaf-89e0-45fc-9fa3-d1b440a7dff4@group-AC71E24596FF: changes role from CANDIDATE to LEADER at term 1 for changeToLeader
2019-09-25 05:41:15,507 [c1b8ccaf-89e0-45fc-9fa3-d1b440a7dff4@group-AC71E24596FF:LeaderElection35] INFO  impl.RaftServerImpl (ServerState.java:setLeader(253)) - c1b8ccaf-89e0-45fc-9fa3-d1b440a7dff4@group-AC71E24596FF: change Leader from null to c1b8ccaf-89e0-45fc-9fa3-d1b440a7dff4 at term 1 for becomeLeader, leader elected after 5202ms
2019-09-25 05:41:15,508 [c1b8ccaf-89e0-45fc-9fa3-d1b440a7dff4@group-AC71E24596FF:LeaderElection35] INFO  server.RaftServerConfigKeys (ConfUtils.java:logGet(43)) - raft.server.staging.catchup.gap = 1000 (default)
2019-09-25 05:41:15,508 [c1b8ccaf-89e0-45fc-9fa3-d1b440a7dff4@group-AC71E24596FF:LeaderElection35] INFO  server.RaftServerConfigKeys (ConfUtils.java:logGet(43)) - raft.server.rpc.sleep.time = 25ms (default)
2019-09-25 05:41:15,508 [c1b8ccaf-89e0-45fc-9fa3-d1b440a7dff4@group-AC71E24596FF:LeaderElection35] INFO  server.RaftServerConfigKeys (ConfUtils.java:logGet(43)) - raft.server.write.element-limit = 4096 (default)
2019-09-25 05:41:15,508 [c1b8ccaf-89e0-45fc-9fa3-d1b440a7dff4@group-AC71E24596FF:LeaderElection35] INFO  server.RaftServerConfigKeys (ConfUtils.java:logGet(43)) - raft.server.watch.timeout = 10s (default)
2019-09-25 05:41:15,508 [c1b8ccaf-89e0-45fc-9fa3-d1b440a7dff4@group-AC71E24596FF:LeaderElection35] INFO  server.RaftServerConfigKeys (ConfUtils.java:logGet(43)) - raft.server.watch.timeout.denomination = 1s (default)
2019-09-25 05:41:15,509 [c1b8ccaf-89e0-45fc-9fa3-d1b440a7dff4@group-AC71E24596FF:LeaderElection35] INFO  server.RaftServerConfigKeys (ConfUtils.java:logGet(43)) - raft.server.watch.element-limit = 65536 (default)
2019-09-25 05:41:15,511 [Thread-349] INFO  impl.FollowerState (FollowerState.java:run(106)) - fe7430cd-f76a-4ec3-9a68-9236192633d5:group-2F5E2FD484F5 changes to CANDIDATE, lastRpcTime:5158, electionTimeout:5158ms
2019-09-25 05:41:15,511 [Thread-349] INFO  impl.RoleInfo (RoleInfo.java:shutdownFollowerState(121)) - fe7430cd-f76a-4ec3-9a68-9236192633d5: shutdown FollowerState
2019-09-25 05:41:15,512 [c1b8ccaf-89e0-45fc-9fa3-d1b440a7dff4@group-AC71E24596FF:LeaderElection35] INFO  impl.RoleInfo (RoleInfo.java:updateAndGet(143)) - c1b8ccaf-89e0-45fc-9fa3-d1b440a7dff4: start LeaderState
2019-09-25 05:41:15,512 [Thread-349] INFO  impl.RaftServerImpl (RaftServerImpl.java:setRole(174)) - fe7430cd-f76a-4ec3-9a68-9236192633d5@group-2F5E2FD484F5: changes role from  FOLLOWER to CANDIDATE at term 0 for changeToCandidate
2019-09-25 05:41:15,512 [c1b8ccaf-89e0-45fc-9fa3-d1b440a7dff4@group-AC71E24596FF:LeaderElection35] INFO  segmented.SegmentedRaftLogWorker (SegmentedRaftLogWorker.java:startLogSegment(380)) - c1b8ccaf-89e0-45fc-9fa3-d1b440a7dff4@group-AC71E24596FF-SegmentedRaftLogWorker: Starting segment from index:0
2019-09-25 05:41:15,512 [Thread-349] INFO  impl.RoleInfo (RoleInfo.java:updateAndGet(143)) - fe7430cd-f76a-4ec3-9a68-9236192633d5: start LeaderElection
2019-09-25 05:41:15,513 [c1b8ccaf-89e0-45fc-9fa3-d1b440a7dff4@group-AC71E24596FF:LeaderElection35] INFO  impl.RaftServerImpl (ServerState.java:setRaftConf(354)) - c1b8ccaf-89e0-45fc-9fa3-d1b440a7dff4@group-AC71E24596FF: set configuration 0: [c1b8ccaf-89e0-45fc-9fa3-d1b440a7dff4:192.168.30.10:35376], old=null at 0
2019-09-25 05:41:15,554 [Thread-355] INFO  impl.FollowerState (FollowerState.java:run(106)) - b174d07b-8033-4c6a-8b88-597cc4628727:group-58F32A8E9FB0 changes to CANDIDATE, lastRpcTime:5078, electionTimeout:5077ms
2019-09-25 05:41:15,554 [Thread-352] INFO  impl.FollowerState (FollowerState.java:run(106)) - fe7430cd-f76a-4ec3-9a68-9236192633d5:group-906593A9C66A changes to CANDIDATE, lastRpcTime:5127, electionTimeout:5115ms
2019-09-25 05:41:15,555 [Thread-355] INFO  impl.RoleInfo (RoleInfo.java:shutdownFollowerState(121)) - b174d07b-8033-4c6a-8b88-597cc4628727: shutdown FollowerState
2019-09-25 05:41:15,555 [Thread-352] INFO  impl.RoleInfo (RoleInfo.java:shutdownFollowerState(121)) - fe7430cd-f76a-4ec3-9a68-9236192633d5: shutdown FollowerState
2019-09-25 05:41:15,555 [EventQueue-StaleNodeForStaleNodeHandler] INFO  node.StaleNodeHandler (StaleNodeHandler.java:onMessage(58)) - Datanode b174d07b-8033-4c6a-8b88-597cc4628727{ip: 192.168.30.10, host: pr-hdds-1569-s62bp-3040748787, networkLocation: /default-rack, certSerialId: null} moved to stale state. Finalizing its pipelines [PipelineID=b1ad873e-fdc7-41e9-ad42-58f32a8e9fb0, PipelineID=c82a86b2-e24e-4826-8768-e7b75b401919, PipelineID=7d0e5a05-1f2b-4566-b91f-5f00475d579f, PipelineID=87127580-58fd-4761-80a0-c84a7a91abe9, PipelineID=8b821979-4636-452e-95f5-a11e479a14dc, PipelineID=08cf0062-40c7-4060-8c17-769aefb406fd]
2019-09-25 05:41:15,558 [Thread-352] INFO  impl.RaftServerImpl (RaftServerImpl.java:setRole(174)) - fe7430cd-f76a-4ec3-9a68-9236192633d5@group-906593A9C66A: changes role from  FOLLOWER to CANDIDATE at term 0 for changeToCandidate
2019-09-25 05:41:15,555 [Thread-355] INFO  impl.RaftServerImpl (RaftServerImpl.java:setRole(174)) - b174d07b-8033-4c6a-8b88-597cc4628727@group-58F32A8E9FB0: changes role from  FOLLOWER to CANDIDATE at term 0 for changeToCandidate
2019-09-25 05:41:15,561 [Thread-352] INFO  impl.RoleInfo (RoleInfo.java:updateAndGet(143)) - fe7430cd-f76a-4ec3-9a68-9236192633d5: start LeaderElection
2019-09-25 05:41:15,560 [c1b8ccaf-89e0-45fc-9fa3-d1b440a7dff4@group-AC71E24596FF-SegmentedRaftLogWorker] INFO  segmented.SegmentedRaftLogWorker (SegmentedRaftLogWorker.java:execute(569)) - c1b8ccaf-89e0-45fc-9fa3-d1b440a7dff4@group-AC71E24596FF-SegmentedRaftLogWorker: created new log segment /workdir/hadoop-ozone/integration-test/target/test-dir/MiniOzoneClusterImpl-5f167f52-bad4-483d-8ef4-c1e76e705afb/datanode-5/data/ratis/41c19b93-8fa4-48bf-a3ad-ac71e24596ff/current/log_inprogress_0
2019-09-25 05:41:15,558 [EventQueue-StaleNodeForStaleNodeHandler] INFO  pipeline.SCMPipelineManager (SCMPipelineManager.java:finalizeAndDestroyPipeline(317)) - destroying pipeline:Pipeline[ Id: b1ad873e-fdc7-41e9-ad42-58f32a8e9fb0, Nodes: b174d07b-8033-4c6a-8b88-597cc4628727{ip: 192.168.30.10, host: pr-hdds-1569-s62bp-3040748787, networkLocation: /default-rack, certSerialId: null}, Type:RATIS, Factor:ONE, State:OPEN]
2019-09-25 05:41:15,561 [Thread-355] INFO  impl.RoleInfo (RoleInfo.java:updateAndGet(143)) - b174d07b-8033-4c6a-8b88-597cc4628727: start LeaderElection
2019-09-25 05:41:15,564 [EventQueue-StaleNodeForStaleNodeHandler] INFO  pipeline.PipelineStateManager (PipelineStateManager.java:finalizePipeline(123)) - Pipeline Pipeline[ Id: b1ad873e-fdc7-41e9-ad42-58f32a8e9fb0, Nodes: b174d07b-8033-4c6a-8b88-597cc4628727{ip: 192.168.30.10, host: pr-hdds-1569-s62bp-3040748787, networkLocation: /default-rack, certSerialId: null}, Type:RATIS, Factor:ONE, State:CLOSED] moved to CLOSED state
2019-09-25 05:41:15,566 [EventQueue-StaleNodeForStaleNodeHandler] INFO  pipeline.SCMPipelineManager (SCMPipelineManager.java:finalizeAndDestroyPipeline(317)) - destroying pipeline:Pipeline[ Id: c82a86b2-e24e-4826-8768-e7b75b401919, Nodes: b174d07b-8033-4c6a-8b88-597cc4628727{ip: 192.168.30.10, host: pr-hdds-1569-s62bp-3040748787, networkLocation: /default-rack, certSerialId: null}, Type:RATIS, Factor:ONE, State:OPEN]
2019-09-25 05:41:15,567 [EventQueue-StaleNodeForStaleNodeHandler] INFO  pipeline.PipelineStateManager (PipelineStateManager.java:finalizePipeline(123)) - Pipeline Pipeline[ Id: c82a86b2-e24e-4826-8768-e7b75b401919, Nodes: b174d07b-8033-4c6a-8b88-597cc4628727{ip: 192.168.30.10, host: pr-hdds-1569-s62bp-3040748787, networkLocation: /default-rack, certSerialId: null}, Type:RATIS, Factor:ONE, State:CLOSED] moved to CLOSED state
2019-09-25 05:41:15,567 [EventQueue-StaleNodeForStaleNodeHandler] INFO  pipeline.SCMPipelineManager (SCMPipelineManager.java:finalizeAndDestroyPipeline(317)) - destroying pipeline:Pipeline[ Id: 7d0e5a05-1f2b-4566-b91f-5f00475d579f, Nodes: b174d07b-8033-4c6a-8b88-597cc4628727{ip: 192.168.30.10, host: pr-hdds-1569-s62bp-3040748787, networkLocation: /default-rack, certSerialId: null}, Type:RATIS, Factor:ONE, State:OPEN]
2019-09-25 05:41:15,567 [EventQueue-StaleNodeForStaleNodeHandler] INFO  pipeline.PipelineStateManager (PipelineStateManager.java:finalizePipeline(123)) - Pipeline Pipeline[ Id: 7d0e5a05-1f2b-4566-b91f-5f00475d579f, Nodes: b174d07b-8033-4c6a-8b88-597cc4628727{ip: 192.168.30.10, host: pr-hdds-1569-s62bp-3040748787, networkLocation: /default-rack, certSerialId: null}, Type:RATIS, Factor:ONE, State:CLOSED] moved to CLOSED state
2019-09-25 05:41:15,568 [EventQueue-StaleNodeForStaleNodeHandler] INFO  pipeline.SCMPipelineManager (SCMPipelineManager.java:finalizeAndDestroyPipeline(317)) - destroying pipeline:Pipeline[ Id: 87127580-58fd-4761-80a0-c84a7a91abe9, Nodes: b174d07b-8033-4c6a-8b88-597cc4628727{ip: 192.168.30.10, host: pr-hdds-1569-s62bp-3040748787, networkLocation: /default-rack, certSerialId: null}, Type:RATIS, Factor:ONE, State:OPEN]
2019-09-25 05:41:15,568 [EventQueue-StaleNodeForStaleNodeHandler] INFO  pipeline.PipelineStateManager (PipelineStateManager.java:finalizePipeline(123)) - Pipeline Pipeline[ Id: 87127580-58fd-4761-80a0-c84a7a91abe9, Nodes: b174d07b-8033-4c6a-8b88-597cc4628727{ip: 192.168.30.10, host: pr-hdds-1569-s62bp-3040748787, networkLocation: /default-rack, certSerialId: null}, Type:RATIS, Factor:ONE, State:CLOSED] moved to CLOSED state
2019-09-25 05:41:15,568 [EventQueue-StaleNodeForStaleNodeHandler] INFO  pipeline.SCMPipelineManager (SCMPipelineManager.java:finalizeAndDestroyPipeline(317)) - destroying pipeline:Pipeline[ Id: 8b821979-4636-452e-95f5-a11e479a14dc, Nodes: b174d07b-8033-4c6a-8b88-597cc4628727{ip: 192.168.30.10, host: pr-hdds-1569-s62bp-3040748787, networkLocation: /default-rack, certSerialId: null}, Type:RATIS, Factor:ONE, State:OPEN]
2019-09-25 05:41:15,568 [EventQueue-StaleNodeForStaleNodeHandler] INFO  pipeline.PipelineStateManager (PipelineStateManager.java:finalizePipeline(123)) - Pipeline Pipeline[ Id: 8b821979-4636-452e-95f5-a11e479a14dc, Nodes: b174d07b-8033-4c6a-8b88-597cc4628727{ip: 192.168.30.10, host: pr-hdds-1569-s62bp-3040748787, networkLocation: /default-rack, certSerialId: null}, Type:RATIS, Factor:ONE, State:CLOSED] moved to CLOSED state
2019-09-25 05:41:15,569 [EventQueue-StaleNodeForStaleNodeHandler] INFO  pipeline.SCMPipelineManager (SCMPipelineManager.java:finalizeAndDestroyPipeline(317)) - destroying pipeline:Pipeline[ Id: 08cf0062-40c7-4060-8c17-769aefb406fd, Nodes: b174d07b-8033-4c6a-8b88-597cc4628727{ip: 192.168.30.10, host: pr-hdds-1569-s62bp-3040748787, networkLocation: /default-rack, certSerialId: null}, Type:RATIS, Factor:ONE, State:OPEN]
2019-09-25 05:41:15,569 [EventQueue-StaleNodeForStaleNodeHandler] INFO  pipeline.PipelineStateManager (PipelineStateManager.java:finalizePipeline(123)) - Pipeline Pipeline[ Id: 08cf0062-40c7-4060-8c17-769aefb406fd, Nodes: b174d07b-8033-4c6a-8b88-597cc4628727{ip: 192.168.30.10, host: pr-hdds-1569-s62bp-3040748787, networkLocation: /default-rack, certSerialId: null}, Type:RATIS, Factor:ONE, State:CLOSED] moved to CLOSED state
2019-09-25 05:41:15,574 [b174d07b-8033-4c6a-8b88-597cc4628727@group-58F32A8E9FB0:LeaderElection38] INFO  impl.LeaderElection (LeaderElection.java:askForVotes(182)) - b174d07b-8033-4c6a-8b88-597cc4628727@group-58F32A8E9FB0:LeaderElection38: begin an election at term 1 for -1: [b174d07b-8033-4c6a-8b88-597cc4628727:192.168.30.10:38637], old=null
2019-09-25 05:41:15,574 [fe7430cd-f76a-4ec3-9a68-9236192633d5@group-2F5E2FD484F5:LeaderElection36] INFO  impl.LeaderElection (LeaderElection.java:askForVotes(182)) - fe7430cd-f76a-4ec3-9a68-9236192633d5@group-2F5E2FD484F5:LeaderElection36: begin an election at term 1 for -1: [fe7430cd-f76a-4ec3-9a68-9236192633d5:192.168.30.10:33443], old=null
2019-09-25 05:41:15,574 [b174d07b-8033-4c6a-8b88-597cc4628727@group-58F32A8E9FB0:LeaderElection38] INFO  impl.RoleInfo (RoleInfo.java:shutdownLeaderElection(134)) - b174d07b-8033-4c6a-8b88-597cc4628727: shutdown LeaderElection
2019-09-25 05:41:15,574 [fe7430cd-f76a-4ec3-9a68-9236192633d5@group-906593A9C66A:LeaderElection37] INFO  impl.LeaderElection (LeaderElection.java:askForVotes(182)) - fe7430cd-f76a-4ec3-9a68-9236192633d5@group-906593A9C66A:LeaderElection37: begin an election at term 1 for -1: [fe7430cd-f76a-4ec3-9a68-9236192633d5:192.168.30.10:33443], old=null
2019-09-25 05:41:15,575 [b174d07b-8033-4c6a-8b88-597cc4628727@group-58F32A8E9FB0:LeaderElection38] INFO  impl.RaftServerImpl (RaftServerImpl.java:setRole(174)) - b174d07b-8033-4c6a-8b88-597cc4628727@group-58F32A8E9FB0: changes role from CANDIDATE to LEADER at term 1 for changeToLeader
2019-09-25 05:41:15,575 [fe7430cd-f76a-4ec3-9a68-9236192633d5@group-2F5E2FD484F5:LeaderElection36] INFO  impl.RoleInfo (RoleInfo.java:shutdownLeaderElection(134)) - fe7430cd-f76a-4ec3-9a68-9236192633d5: shutdown LeaderElection
2019-09-25 05:41:15,575 [b174d07b-8033-4c6a-8b88-597cc4628727@group-58F32A8E9FB0:LeaderElection38] INFO  impl.RaftServerImpl (ServerState.java:setLeader(253)) - b174d07b-8033-4c6a-8b88-597cc4628727@group-58F32A8E9FB0: change Leader from null to b174d07b-8033-4c6a-8b88-597cc4628727 at term 1 for becomeLeader, leader elected after 5104ms
2019-09-25 05:41:15,575 [fe7430cd-f76a-4ec3-9a68-9236192633d5@group-906593A9C66A:LeaderElection37] INFO  impl.RoleInfo (RoleInfo.java:shutdownLeaderElection(134)) - fe7430cd-f76a-4ec3-9a68-9236192633d5: shutdown LeaderElection
2019-09-25 05:41:15,575 [b174d07b-8033-4c6a-8b88-597cc4628727@group-58F32A8E9FB0:LeaderElection38] INFO  server.RaftServerConfigKeys (ConfUtils.java:logGet(43)) - raft.server.staging.catchup.gap = 1000 (default)
2019-09-25 05:41:15,575 [fe7430cd-f76a-4ec3-9a68-9236192633d5@group-2F5E2FD484F5:LeaderElection36] INFO  impl.RaftServerImpl (RaftServerImpl.java:setRole(174)) - fe7430cd-f76a-4ec3-9a68-9236192633d5@group-2F5E2FD484F5: changes role from CANDIDATE to LEADER at term 1 for changeToLeader
2019-09-25 05:41:15,576 [b174d07b-8033-4c6a-8b88-597cc4628727@group-58F32A8E9FB0:LeaderElection38] INFO  server.RaftServerConfigKeys (ConfUtils.java:logGet(43)) - raft.server.rpc.sleep.time = 25ms (default)
2019-09-25 05:41:15,575 [fe7430cd-f76a-4ec3-9a68-9236192633d5@group-906593A9C66A:LeaderElection37] INFO  impl.RaftServerImpl (RaftServerImpl.java:setRole(174)) - fe7430cd-f76a-4ec3-9a68-9236192633d5@group-906593A9C66A: changes role from CANDIDATE to LEADER at term 1 for changeToLeader
2019-09-25 05:41:15,576 [b174d07b-8033-4c6a-8b88-597cc4628727@group-58F32A8E9FB0:LeaderElection38] INFO  server.RaftServerConfigKeys (ConfUtils.java:logGet(43)) - raft.server.write.element-limit = 4096 (default)
2019-09-25 05:41:15,576 [fe7430cd-f76a-4ec3-9a68-9236192633d5@group-2F5E2FD484F5:LeaderElection36] INFO  impl.RaftServerImpl (ServerState.java:setLeader(253)) - fe7430cd-f76a-4ec3-9a68-9236192633d5@group-2F5E2FD484F5: change Leader from null to fe7430cd-f76a-4ec3-9a68-9236192633d5 at term 1 for becomeLeader, leader elected after 5226ms
2019-09-25 05:41:15,576 [b174d07b-8033-4c6a-8b88-597cc4628727@group-58F32A8E9FB0:LeaderElection38] INFO  server.RaftServerConfigKeys (ConfUtils.java:logGet(43)) - raft.server.watch.timeout = 10s (default)
2019-09-25 05:41:15,576 [fe7430cd-f76a-4ec3-9a68-9236192633d5@group-906593A9C66A:LeaderElection37] INFO  impl.RaftServerImpl (ServerState.java:setLeader(253)) - fe7430cd-f76a-4ec3-9a68-9236192633d5@group-906593A9C66A: change Leader from null to fe7430cd-f76a-4ec3-9a68-9236192633d5 at term 1 for becomeLeader, leader elected after 5152ms
2019-09-25 05:41:15,576 [b174d07b-8033-4c6a-8b88-597cc4628727@group-58F32A8E9FB0:LeaderElection38] INFO  server.RaftServerConfigKeys (ConfUtils.java:logGet(43)) - raft.server.watch.timeout.denomination = 1s (default)
2019-09-25 05:41:15,576 [fe7430cd-f76a-4ec3-9a68-9236192633d5@group-2F5E2FD484F5:LeaderElection36] INFO  server.RaftServerConfigKeys (ConfUtils.java:logGet(43)) - raft.server.staging.catchup.gap = 1000 (default)
2019-09-25 05:41:15,577 [b174d07b-8033-4c6a-8b88-597cc4628727@group-58F32A8E9FB0:LeaderElection38] INFO  server.RaftServerConfigKeys (ConfUtils.java:logGet(43)) - raft.server.watch.element-limit = 65536 (default)
2019-09-25 05:41:15,577 [fe7430cd-f76a-4ec3-9a68-9236192633d5@group-906593A9C66A:LeaderElection37] INFO  server.RaftServerConfigKeys (ConfUtils.java:logGet(43)) - raft.server.staging.catchup.gap = 1000 (default)
2019-09-25 05:41:15,577 [fe7430cd-f76a-4ec3-9a68-9236192633d5@group-2F5E2FD484F5:LeaderElection36] INFO  server.RaftServerConfigKeys (ConfUtils.java:logGet(43)) - raft.server.rpc.sleep.time = 25ms (default)
2019-09-25 05:41:15,577 [fe7430cd-f76a-4ec3-9a68-9236192633d5@group-906593A9C66A:LeaderElection37] INFO  server.RaftServerConfigKeys (ConfUtils.java:logGet(43)) - raft.server.rpc.sleep.time = 25ms (default)
2019-09-25 05:41:15,577 [fe7430cd-f76a-4ec3-9a68-9236192633d5@group-2F5E2FD484F5:LeaderElection36] INFO  server.RaftServerConfigKeys (ConfUtils.java:logGet(43)) - raft.server.write.element-limit = 4096 (default)
2019-09-25 05:41:15,578 [fe7430cd-f76a-4ec3-9a68-9236192633d5@group-906593A9C66A:LeaderElection37] INFO  server.RaftServerConfigKeys (ConfUtils.java:logGet(43)) - raft.server.write.element-limit = 4096 (default)
2019-09-25 05:41:15,578 [fe7430cd-f76a-4ec3-9a68-9236192633d5@group-2F5E2FD484F5:LeaderElection36] INFO  server.RaftServerConfigKeys (ConfUtils.java:logGet(43)) - raft.server.watch.timeout = 10s (default)
2019-09-25 05:41:15,578 [fe7430cd-f76a-4ec3-9a68-9236192633d5@group-906593A9C66A:LeaderElection37] INFO  server.RaftServerConfigKeys (ConfUtils.java:logGet(43)) - raft.server.watch.timeout = 10s (default)
2019-09-25 05:41:15,578 [fe7430cd-f76a-4ec3-9a68-9236192633d5@group-2F5E2FD484F5:LeaderElection36] INFO  server.RaftServerConfigKeys (ConfUtils.java:logGet(43)) - raft.server.watch.timeout.denomination = 1s (default)
2019-09-25 05:41:15,578 [fe7430cd-f76a-4ec3-9a68-9236192633d5@group-906593A9C66A:LeaderElection37] INFO  server.RaftServerConfigKeys (ConfUtils.java:logGet(43)) - raft.server.watch.timeout.denomination = 1s (default)
2019-09-25 05:41:15,578 [fe7430cd-f76a-4ec3-9a68-9236192633d5@group-2F5E2FD484F5:LeaderElection36] INFO  server.RaftServerConfigKeys (ConfUtils.java:logGet(43)) - raft.server.watch.element-limit = 65536 (default)
2019-09-25 05:41:15,578 [fe7430cd-f76a-4ec3-9a68-9236192633d5@group-906593A9C66A:LeaderElection37] INFO  server.RaftServerConfigKeys (ConfUtils.java:logGet(43)) - raft.server.watch.element-limit = 65536 (default)
2019-09-25 05:41:15,579 [b174d07b-8033-4c6a-8b88-597cc4628727@group-58F32A8E9FB0:LeaderElection38] INFO  impl.RoleInfo (RoleInfo.java:updateAndGet(143)) - b174d07b-8033-4c6a-8b88-597cc4628727: start LeaderState
2019-09-25 05:41:15,580 [b174d07b-8033-4c6a-8b88-597cc4628727@group-58F32A8E9FB0:LeaderElection38] INFO  segmented.SegmentedRaftLogWorker (SegmentedRaftLogWorker.java:startLogSegment(380)) - b174d07b-8033-4c6a-8b88-597cc4628727@group-58F32A8E9FB0-SegmentedRaftLogWorker: Starting segment from index:0
2019-09-25 05:41:15,580 [b174d07b-8033-4c6a-8b88-597cc4628727@group-58F32A8E9FB0:LeaderElection38] INFO  impl.RaftServerImpl (ServerState.java:setRaftConf(354)) - b174d07b-8033-4c6a-8b88-597cc4628727@group-58F32A8E9FB0: set configuration 0: [b174d07b-8033-4c6a-8b88-597cc4628727:192.168.30.10:38637], old=null at 0
2019-09-25 05:41:15,613 [fe7430cd-f76a-4ec3-9a68-9236192633d5@group-2F5E2FD484F5:LeaderElection36] INFO  impl.RoleInfo (RoleInfo.java:updateAndGet(143)) - fe7430cd-f76a-4ec3-9a68-9236192633d5: start LeaderState
2019-09-25 05:41:15,613 [fe7430cd-f76a-4ec3-9a68-9236192633d5@group-906593A9C66A:LeaderElection37] INFO  impl.RoleInfo (RoleInfo.java:updateAndGet(143)) - fe7430cd-f76a-4ec3-9a68-9236192633d5: start LeaderState
2019-09-25 05:41:15,613 [fe7430cd-f76a-4ec3-9a68-9236192633d5@group-2F5E2FD484F5:LeaderElection36] INFO  segmented.SegmentedRaftLogWorker (SegmentedRaftLogWorker.java:startLogSegment(380)) - fe7430cd-f76a-4ec3-9a68-9236192633d5@group-2F5E2FD484F5-SegmentedRaftLogWorker: Starting segment from index:0
2019-09-25 05:41:15,614 [fe7430cd-f76a-4ec3-9a68-9236192633d5@group-906593A9C66A:LeaderElection37] INFO  segmented.SegmentedRaftLogWorker (SegmentedRaftLogWorker.java:startLogSegment(380)) - fe7430cd-f76a-4ec3-9a68-9236192633d5@group-906593A9C66A-SegmentedRaftLogWorker: Starting segment from index:0
2019-09-25 05:41:15,614 [fe7430cd-f76a-4ec3-9a68-9236192633d5@group-2F5E2FD484F5:LeaderElection36] INFO  impl.RaftServerImpl (ServerState.java:setRaftConf(354)) - fe7430cd-f76a-4ec3-9a68-9236192633d5@group-2F5E2FD484F5: set configuration 0: [fe7430cd-f76a-4ec3-9a68-9236192633d5:192.168.30.10:33443], old=null at 0
2019-09-25 05:41:15,615 [fe7430cd-f76a-4ec3-9a68-9236192633d5@group-906593A9C66A:LeaderElection37] INFO  impl.RaftServerImpl (ServerState.java:setRaftConf(354)) - fe7430cd-f76a-4ec3-9a68-9236192633d5@group-906593A9C66A: set configuration 0: [fe7430cd-f76a-4ec3-9a68-9236192633d5:192.168.30.10:33443], old=null at 0
2019-09-25 05:41:15,658 [b174d07b-8033-4c6a-8b88-597cc4628727@group-58F32A8E9FB0-SegmentedRaftLogWorker] INFO  segmented.SegmentedRaftLogWorker (SegmentedRaftLogWorker.java:execute(569)) - b174d07b-8033-4c6a-8b88-597cc4628727@group-58F32A8E9FB0-SegmentedRaftLogWorker: created new log segment /workdir/hadoop-ozone/integration-test/target/test-dir/MiniOzoneClusterImpl-5f167f52-bad4-483d-8ef4-c1e76e705afb/datanode-4/data/ratis/b1ad873e-fdc7-41e9-ad42-58f32a8e9fb0/current/log_inprogress_0
2019-09-25 05:41:15,658 [Thread-361] INFO  impl.FollowerState (FollowerState.java:run(106)) - b174d07b-8033-4c6a-8b88-597cc4628727:group-E7B75B401919 changes to CANDIDATE, lastRpcTime:5065, electionTimeout:5023ms
2019-09-25 05:41:15,661 [Thread-361] INFO  impl.RoleInfo (RoleInfo.java:shutdownFollowerState(121)) - b174d07b-8033-4c6a-8b88-597cc4628727: shutdown FollowerState
2019-09-25 05:41:15,661 [Thread-361] INFO  impl.RaftServerImpl (RaftServerImpl.java:setRole(174)) - b174d07b-8033-4c6a-8b88-597cc4628727@group-E7B75B401919: changes role from  FOLLOWER to CANDIDATE at term 0 for changeToCandidate
2019-09-25 05:41:15,661 [Thread-361] INFO  impl.RoleInfo (RoleInfo.java:updateAndGet(143)) - b174d07b-8033-4c6a-8b88-597cc4628727: start LeaderElection
2019-09-25 05:41:15,670 [fe7430cd-f76a-4ec3-9a68-9236192633d5@group-906593A9C66A-SegmentedRaftLogWorker] INFO  segmented.SegmentedRaftLogWorker (SegmentedRaftLogWorker.java:execute(569)) - fe7430cd-f76a-4ec3-9a68-9236192633d5@group-906593A9C66A-SegmentedRaftLogWorker: created new log segment /workdir/hadoop-ozone/integration-test/target/test-dir/MiniOzoneClusterImpl-5f167f52-bad4-483d-8ef4-c1e76e705afb/datanode-0/data/ratis/70d98ea8-0553-4416-9cd8-906593a9c66a/current/log_inprogress_0
2019-09-25 05:41:15,670 [fe7430cd-f76a-4ec3-9a68-9236192633d5@group-2F5E2FD484F5-SegmentedRaftLogWorker] INFO  segmented.SegmentedRaftLogWorker (SegmentedRaftLogWorker.java:execute(569)) - fe7430cd-f76a-4ec3-9a68-9236192633d5@group-2F5E2FD484F5-SegmentedRaftLogWorker: created new log segment /workdir/hadoop-ozone/integration-test/target/test-dir/MiniOzoneClusterImpl-5f167f52-bad4-483d-8ef4-c1e76e705afb/datanode-0/data/ratis/ae6720ba-61a2-485d-a196-2f5e2fd484f5/current/log_inprogress_0
2019-09-25 05:41:15,675 [Thread-358] INFO  impl.FollowerState (FollowerState.java:run(106)) - b174d07b-8033-4c6a-8b88-597cc4628727:group-A11E479A14DC changes to CANDIDATE, lastRpcTime:5146, electionTimeout:5146ms
2019-09-25 05:41:15,675 [Thread-358] INFO  impl.RoleInfo (RoleInfo.java:shutdownFollowerState(121)) - b174d07b-8033-4c6a-8b88-597cc4628727: shutdown FollowerState
2019-09-25 05:41:15,676 [Thread-358] INFO  impl.RaftServerImpl (RaftServerImpl.java:setRole(174)) - b174d07b-8033-4c6a-8b88-597cc4628727@group-A11E479A14DC: changes role from  FOLLOWER to CANDIDATE at term 0 for changeToCandidate
2019-09-25 05:41:15,676 [Thread-358] INFO  impl.RoleInfo (RoleInfo.java:updateAndGet(143)) - b174d07b-8033-4c6a-8b88-597cc4628727: start LeaderElection
2019-09-25 05:41:15,684 [b174d07b-8033-4c6a-8b88-597cc4628727@group-A11E479A14DC:LeaderElection40] INFO  impl.LeaderElection (LeaderElection.java:askForVotes(182)) - b174d07b-8033-4c6a-8b88-597cc4628727@group-A11E479A14DC:LeaderElection40: begin an election at term 1 for -1: [b174d07b-8033-4c6a-8b88-597cc4628727:192.168.30.10:38637], old=null
2019-09-25 05:41:15,684 [b174d07b-8033-4c6a-8b88-597cc4628727@group-E7B75B401919:LeaderElection39] INFO  impl.LeaderElection (LeaderElection.java:askForVotes(182)) - b174d07b-8033-4c6a-8b88-597cc4628727@group-E7B75B401919:LeaderElection39: begin an election at term 1 for -1: [b174d07b-8033-4c6a-8b88-597cc4628727:192.168.30.10:38637], old=null
2019-09-25 05:41:15,684 [b174d07b-8033-4c6a-8b88-597cc4628727@group-A11E479A14DC:LeaderElection40] INFO  impl.RoleInfo (RoleInfo.java:shutdownLeaderElection(134)) - b174d07b-8033-4c6a-8b88-597cc4628727: shutdown LeaderElection
2019-09-25 05:41:15,684 [b174d07b-8033-4c6a-8b88-597cc4628727@group-E7B75B401919:LeaderElection39] INFO  impl.RoleInfo (RoleInfo.java:shutdownLeaderElection(134)) - b174d07b-8033-4c6a-8b88-597cc4628727: shutdown LeaderElection
2019-09-25 05:41:15,685 [b174d07b-8033-4c6a-8b88-597cc4628727@group-A11E479A14DC:LeaderElection40] INFO  impl.RaftServerImpl (RaftServerImpl.java:setRole(174)) - b174d07b-8033-4c6a-8b88-597cc4628727@group-A11E479A14DC: changes role from CANDIDATE to LEADER at term 1 for changeToLeader
2019-09-25 05:41:15,685 [b174d07b-8033-4c6a-8b88-597cc4628727@group-E7B75B401919:LeaderElection39] INFO  impl.RaftServerImpl (RaftServerImpl.java:setRole(174)) - b174d07b-8033-4c6a-8b88-597cc4628727@group-E7B75B401919: changes role from CANDIDATE to LEADER at term 1 for changeToLeader
2019-09-25 05:41:15,685 [b174d07b-8033-4c6a-8b88-597cc4628727@group-A11E479A14DC:LeaderElection40] INFO  impl.RaftServerImpl (ServerState.java:setLeader(253)) - b174d07b-8033-4c6a-8b88-597cc4628727@group-A11E479A14DC: change Leader from null to b174d07b-8033-4c6a-8b88-597cc4628727 at term 1 for becomeLeader, leader elected after 5161ms
2019-09-25 05:41:15,685 [b174d07b-8033-4c6a-8b88-597cc4628727@group-E7B75B401919:LeaderElection39] INFO  impl.RaftServerImpl (ServerState.java:setLeader(253)) - b174d07b-8033-4c6a-8b88-597cc4628727@group-E7B75B401919: change Leader from null to b174d07b-8033-4c6a-8b88-597cc4628727 at term 1 for becomeLeader, leader elected after 5098ms
2019-09-25 05:41:15,685 [b174d07b-8033-4c6a-8b88-597cc4628727@group-A11E479A14DC:LeaderElection40] INFO  server.RaftServerConfigKeys (ConfUtils.java:logGet(43)) - raft.server.staging.catchup.gap = 1000 (default)
2019-09-25 05:41:15,685 [b174d07b-8033-4c6a-8b88-597cc4628727@group-E7B75B401919:LeaderElection39] INFO  server.RaftServerConfigKeys (ConfUtils.java:logGet(43)) - raft.server.staging.catchup.gap = 1000 (default)
2019-09-25 05:41:15,685 [b174d07b-8033-4c6a-8b88-597cc4628727@group-A11E479A14DC:LeaderElection40] INFO  server.RaftServerConfigKeys (ConfUtils.java:logGet(43)) - raft.server.rpc.sleep.time = 25ms (default)
2019-09-25 05:41:15,686 [b174d07b-8033-4c6a-8b88-597cc4628727@group-E7B75B401919:LeaderElection39] INFO  server.RaftServerConfigKeys (ConfUtils.java:logGet(43)) - raft.server.rpc.sleep.time = 25ms (default)
2019-09-25 05:41:15,686 [b174d07b-8033-4c6a-8b88-597cc4628727@group-A11E479A14DC:LeaderElection40] INFO  server.RaftServerConfigKeys (ConfUtils.java:logGet(43)) - raft.server.write.element-limit = 4096 (default)
2019-09-25 05:41:15,686 [b174d07b-8033-4c6a-8b88-597cc4628727@group-E7B75B401919:LeaderElection39] INFO  server.RaftServerConfigKeys (ConfUtils.java:logGet(43)) - raft.server.write.element-limit = 4096 (default)
2019-09-25 05:41:15,686 [b174d07b-8033-4c6a-8b88-597cc4628727@group-A11E479A14DC:LeaderElection40] INFO  server.RaftServerConfigKeys (ConfUtils.java:logGet(43)) - raft.server.watch.timeout = 10s (default)
2019-09-25 05:41:15,686 [b174d07b-8033-4c6a-8b88-597cc4628727@group-E7B75B401919:LeaderElection39] INFO  server.RaftServerConfigKeys (ConfUtils.java:logGet(43)) - raft.server.watch.timeout = 10s (default)
2019-09-25 05:41:15,686 [b174d07b-8033-4c6a-8b88-597cc4628727@group-A11E479A14DC:LeaderElection40] INFO  server.RaftServerConfigKeys (ConfUtils.java:logGet(43)) - raft.server.watch.timeout.denomination = 1s (default)
2019-09-25 05:41:15,687 [b174d07b-8033-4c6a-8b88-597cc4628727@group-E7B75B401919:LeaderElection39] INFO  server.RaftServerConfigKeys (ConfUtils.java:logGet(43)) - raft.server.watch.timeout.denomination = 1s (default)
2019-09-25 05:41:15,687 [b174d07b-8033-4c6a-8b88-597cc4628727@group-A11E479A14DC:LeaderElection40] INFO  server.RaftServerConfigKeys (ConfUtils.java:logGet(43)) - raft.server.watch.element-limit = 65536 (default)
2019-09-25 05:41:15,687 [b174d07b-8033-4c6a-8b88-597cc4628727@group-E7B75B401919:LeaderElection39] INFO  server.RaftServerConfigKeys (ConfUtils.java:logGet(43)) - raft.server.watch.element-limit = 65536 (default)
2019-09-25 05:41:15,690 [b174d07b-8033-4c6a-8b88-597cc4628727@group-A11E479A14DC:LeaderElection40] INFO  impl.RoleInfo (RoleInfo.java:updateAndGet(143)) - b174d07b-8033-4c6a-8b88-597cc4628727: start LeaderState
2019-09-25 05:41:15,690 [b174d07b-8033-4c6a-8b88-597cc4628727@group-A11E479A14DC:LeaderElection40] INFO  segmented.SegmentedRaftLogWorker (SegmentedRaftLogWorker.java:startLogSegment(380)) - b174d07b-8033-4c6a-8b88-597cc4628727@group-A11E479A14DC-SegmentedRaftLogWorker: Starting segment from index:0
2019-09-25 05:41:15,690 [b174d07b-8033-4c6a-8b88-597cc4628727@group-E7B75B401919:LeaderElection39] INFO  impl.RoleInfo (RoleInfo.java:updateAndGet(143)) - b174d07b-8033-4c6a-8b88-597cc4628727: start LeaderState
2019-09-25 05:41:15,691 [b174d07b-8033-4c6a-8b88-597cc4628727@group-E7B75B401919:LeaderElection39] INFO  segmented.SegmentedRaftLogWorker (SegmentedRaftLogWorker.java:startLogSegment(380)) - b174d07b-8033-4c6a-8b88-597cc4628727@group-E7B75B401919-SegmentedRaftLogWorker: Starting segment from index:0
2019-09-25 05:41:15,691 [b174d07b-8033-4c6a-8b88-597cc4628727@group-A11E479A14DC:LeaderElection40] INFO  impl.RaftServerImpl (ServerState.java:setRaftConf(354)) - b174d07b-8033-4c6a-8b88-597cc4628727@group-A11E479A14DC: set configuration 0: [b174d07b-8033-4c6a-8b88-597cc4628727:192.168.30.10:38637], old=null at 0
2019-09-25 05:41:15,743 [Thread-364] INFO  impl.FollowerState (FollowerState.java:run(106)) - b174d07b-8033-4c6a-8b88-597cc4628727:group-C84A7A91ABE9 changes to CANDIDATE, lastRpcTime:5052, electionTimeout:5033ms
2019-09-25 05:41:15,743 [Thread-364] INFO  impl.RoleInfo (RoleInfo.java:shutdownFollowerState(121)) - b174d07b-8033-4c6a-8b88-597cc4628727: shutdown FollowerState
2019-09-25 05:41:15,743 [b174d07b-8033-4c6a-8b88-597cc4628727@group-E7B75B401919:LeaderElection39] INFO  impl.RaftServerImpl (ServerState.java:setRaftConf(354)) - b174d07b-8033-4c6a-8b88-597cc4628727@group-E7B75B401919: set configuration 0: [b174d07b-8033-4c6a-8b88-597cc4628727:192.168.30.10:38637], old=null at 0
2019-09-25 05:41:15,743 [Thread-364] INFO  impl.RaftServerImpl (RaftServerImpl.java:setRole(174)) - b174d07b-8033-4c6a-8b88-597cc4628727@group-C84A7A91ABE9: changes role from  FOLLOWER to CANDIDATE at term 0 for changeToCandidate
2019-09-25 05:41:15,746 [Thread-364] INFO  impl.RoleInfo (RoleInfo.java:updateAndGet(143)) - b174d07b-8033-4c6a-8b88-597cc4628727: start LeaderElection
2019-09-25 05:41:15,756 [b174d07b-8033-4c6a-8b88-597cc4628727@group-E7B75B401919-SegmentedRaftLogWorker] INFO  segmented.SegmentedRaftLogWorker (SegmentedRaftLogWorker.java:execute(569)) - b174d07b-8033-4c6a-8b88-597cc4628727@group-E7B75B401919-SegmentedRaftLogWorker: created new log segment /workdir/hadoop-ozone/integration-test/target/test-dir/MiniOzoneClusterImpl-5f167f52-bad4-483d-8ef4-c1e76e705afb/datanode-4/data/ratis/c82a86b2-e24e-4826-8768-e7b75b401919/current/log_inprogress_0
2019-09-25 05:41:15,756 [b174d07b-8033-4c6a-8b88-597cc4628727@group-C84A7A91ABE9:LeaderElection41] INFO  impl.LeaderElection (LeaderElection.java:askForVotes(182)) - b174d07b-8033-4c6a-8b88-597cc4628727@group-C84A7A91ABE9:LeaderElection41: begin an election at term 1 for -1: [b174d07b-8033-4c6a-8b88-597cc4628727:192.168.30.10:38637], old=null
2019-09-25 05:41:15,756 [b174d07b-8033-4c6a-8b88-597cc4628727@group-A11E479A14DC-SegmentedRaftLogWorker] INFO  segmented.SegmentedRaftLogWorker (SegmentedRaftLogWorker.java:execute(569)) - b174d07b-8033-4c6a-8b88-597cc4628727@group-A11E479A14DC-SegmentedRaftLogWorker: created new log segment /workdir/hadoop-ozone/integration-test/target/test-dir/MiniOzoneClusterImpl-5f167f52-bad4-483d-8ef4-c1e76e705afb/datanode-4/data/ratis/8b821979-4636-452e-95f5-a11e479a14dc/current/log_inprogress_0
2019-09-25 05:41:15,756 [b174d07b-8033-4c6a-8b88-597cc4628727@group-C84A7A91ABE9:LeaderElection41] INFO  impl.RoleInfo (RoleInfo.java:shutdownLeaderElection(134)) - b174d07b-8033-4c6a-8b88-597cc4628727: shutdown LeaderElection
2019-09-25 05:41:15,757 [b174d07b-8033-4c6a-8b88-597cc4628727@group-C84A7A91ABE9:LeaderElection41] INFO  impl.RaftServerImpl (RaftServerImpl.java:setRole(174)) - b174d07b-8033-4c6a-8b88-597cc4628727@group-C84A7A91ABE9: changes role from CANDIDATE to LEADER at term 1 for changeToLeader
2019-09-25 05:41:15,757 [b174d07b-8033-4c6a-8b88-597cc4628727@group-C84A7A91ABE9:LeaderElection41] INFO  impl.RaftServerImpl (ServerState.java:setLeader(253)) - b174d07b-8033-4c6a-8b88-597cc4628727@group-C84A7A91ABE9: change Leader from null to b174d07b-8033-4c6a-8b88-597cc4628727 at term 1 for becomeLeader, leader elected after 5072ms
2019-09-25 05:41:15,757 [b174d07b-8033-4c6a-8b88-597cc4628727@group-C84A7A91ABE9:LeaderElection41] INFO  server.RaftServerConfigKeys (ConfUtils.java:logGet(43)) - raft.server.staging.catchup.gap = 1000 (default)
2019-09-25 05:41:15,757 [b174d07b-8033-4c6a-8b88-597cc4628727@group-C84A7A91ABE9:LeaderElection41] INFO  server.RaftServerConfigKeys (ConfUtils.java:logGet(43)) - raft.server.rpc.sleep.time = 25ms (default)
2019-09-25 05:41:15,757 [b174d07b-8033-4c6a-8b88-597cc4628727@group-C84A7A91ABE9:LeaderElection41] INFO  server.RaftServerConfigKeys (ConfUtils.java:logGet(43)) - raft.server.write.element-limit = 4096 (default)
2019-09-25 05:41:15,758 [b174d07b-8033-4c6a-8b88-597cc4628727@group-C84A7A91ABE9:LeaderElection41] INFO  server.RaftServerConfigKeys (ConfUtils.java:logGet(43)) - raft.server.watch.timeout = 10s (default)
2019-09-25 05:41:15,758 [b174d07b-8033-4c6a-8b88-597cc4628727@group-C84A7A91ABE9:LeaderElection41] INFO  server.RaftServerConfigKeys (ConfUtils.java:logGet(43)) - raft.server.watch.timeout.denomination = 1s (default)
2019-09-25 05:41:15,758 [b174d07b-8033-4c6a-8b88-597cc4628727@group-C84A7A91ABE9:LeaderElection41] INFO  server.RaftServerConfigKeys (ConfUtils.java:logGet(43)) - raft.server.watch.element-limit = 65536 (default)
2019-09-25 05:41:15,760 [b174d07b-8033-4c6a-8b88-597cc4628727@group-C84A7A91ABE9:LeaderElection41] INFO  impl.RoleInfo (RoleInfo.java:updateAndGet(143)) - b174d07b-8033-4c6a-8b88-597cc4628727: start LeaderState
2019-09-25 05:41:15,760 [b174d07b-8033-4c6a-8b88-597cc4628727@group-C84A7A91ABE9:LeaderElection41] INFO  segmented.SegmentedRaftLogWorker (SegmentedRaftLogWorker.java:startLogSegment(380)) - b174d07b-8033-4c6a-8b88-597cc4628727@group-C84A7A91ABE9-SegmentedRaftLogWorker: Starting segment from index:0
2019-09-25 05:41:15,761 [b174d07b-8033-4c6a-8b88-597cc4628727@group-C84A7A91ABE9:LeaderElection41] INFO  impl.RaftServerImpl (ServerState.java:setRaftConf(354)) - b174d07b-8033-4c6a-8b88-597cc4628727@group-C84A7A91ABE9: set configuration 0: [b174d07b-8033-4c6a-8b88-597cc4628727:192.168.30.10:38637], old=null at 0
2019-09-25 05:41:15,811 [ForkJoinPool.commonPool-worker-1] INFO  ozoneimpl.OzoneContainer (OzoneContainer.java:stop(231)) - Attempting to stop container services.
2019-09-25 05:41:15,811 [main] INFO  ozoneimpl.OzoneContainer (OzoneContainer.java:stop(231)) - Attempting to stop container services.
2019-09-25 05:41:15,812 [ForkJoinPool.commonPool-worker-1] INFO  impl.RaftServerProxy (RaftServerProxy.java:lambda$close$4(314)) - ba526371-bbb0-45ae-a73e-928578471dee: close
2019-09-25 05:41:15,812 [main] INFO  impl.RaftServerProxy (RaftServerProxy.java:lambda$close$4(314)) - b174d07b-8033-4c6a-8b88-597cc4628727: close
2019-09-25 05:41:15,814 [ForkJoinPool.commonPool-worker-1] INFO  impl.RaftServerImpl (RaftServerImpl.java:lambda$shutdown$3(251)) - ba526371-bbb0-45ae-a73e-928578471dee@group-C51B3ED6F9FF: shutdown
2019-09-25 05:41:15,815 [main] INFO  impl.RaftServerImpl (RaftServerImpl.java:lambda$shutdown$3(251)) - b174d07b-8033-4c6a-8b88-597cc4628727@group-E7B75B401919: shutdown
2019-09-25 05:41:15,815 [ForkJoinPool.commonPool-worker-1] INFO  util.JmxRegister (JmxRegister.java:unregister(73)) - Successfully un-registered JMX Bean with object name Ratis:service=RaftServer,group=group-C51B3ED6F9FF,id=ba526371-bbb0-45ae-a73e-928578471dee
2019-09-25 05:41:15,815 [main] INFO  util.JmxRegister (JmxRegister.java:unregister(73)) - Successfully un-registered JMX Bean with object name Ratis:service=RaftServer,group=group-E7B75B401919,id=b174d07b-8033-4c6a-8b88-597cc4628727
2019-09-25 05:41:15,815 [ForkJoinPool.commonPool-worker-1] INFO  impl.RoleInfo (RoleInfo.java:shutdownLeaderState(104)) - ba526371-bbb0-45ae-a73e-928578471dee: shutdown LeaderState
2019-09-25 05:41:15,816 [main] INFO  impl.RoleInfo (RoleInfo.java:shutdownLeaderState(104)) - b174d07b-8033-4c6a-8b88-597cc4628727: shutdown LeaderState
2019-09-25 05:41:15,817 [ForkJoinPool.commonPool-worker-1] INFO  impl.PendingRequests (PendingRequests.java:sendNotLeaderResponses(202)) - ba526371-bbb0-45ae-a73e-928578471dee-PendingRequests: sendNotLeaderResponses
2019-09-25 05:41:15,817 [main] INFO  impl.PendingRequests (PendingRequests.java:sendNotLeaderResponses(202)) - b174d07b-8033-4c6a-8b88-597cc4628727-PendingRequests: sendNotLeaderResponses
2019-09-25 05:41:15,822 [b174d07b-8033-4c6a-8b88-597cc4628727@group-C84A7A91ABE9-SegmentedRaftLogWorker] INFO  segmented.SegmentedRaftLogWorker (SegmentedRaftLogWorker.java:execute(569)) - b174d07b-8033-4c6a-8b88-597cc4628727@group-C84A7A91ABE9-SegmentedRaftLogWorker: created new log segment /workdir/hadoop-ozone/integration-test/target/test-dir/MiniOzoneClusterImpl-5f167f52-bad4-483d-8ef4-c1e76e705afb/datanode-4/data/ratis/87127580-58fd-4761-80a0-c84a7a91abe9/current/log_inprogress_0
2019-09-25 05:41:15,822 [main] INFO  impl.StateMachineUpdater (StateMachineUpdater.java:stopAndJoin(125)) - b174d07b-8033-4c6a-8b88-597cc4628727@group-E7B75B401919-StateMachineUpdater: set stopIndex = 0
2019-09-25 05:41:15,822 [ForkJoinPool.commonPool-worker-1] INFO  impl.StateMachineUpdater (StateMachineUpdater.java:stopAndJoin(125)) - ba526371-bbb0-45ae-a73e-928578471dee@group-C51B3ED6F9FF-StateMachineUpdater: set stopIndex = 0
2019-09-25 05:41:15,825 [ForkJoinPool.commonPool-worker-1] INFO  impl.RaftServerImpl (ServerState.java:close(385)) - ba526371-bbb0-45ae-a73e-928578471dee@group-C51B3ED6F9FF: closes. applyIndex: 0
2019-09-25 05:41:15,825 [main] INFO  impl.RaftServerImpl (ServerState.java:close(385)) - b174d07b-8033-4c6a-8b88-597cc4628727@group-E7B75B401919: closes. applyIndex: 0
2019-09-25 05:41:15,826 [ba526371-bbb0-45ae-a73e-928578471dee@group-C51B3ED6F9FF-SegmentedRaftLogWorker] INFO  segmented.SegmentedRaftLogWorker (SegmentedRaftLogWorker.java:run(313)) - ba526371-bbb0-45ae-a73e-928578471dee@group-C51B3ED6F9FF-SegmentedRaftLogWorker was interrupted, exiting. There are 0 tasks remaining in the queue.
2019-09-25 05:41:15,827 [b174d07b-8033-4c6a-8b88-597cc4628727@group-E7B75B401919-SegmentedRaftLogWorker] INFO  segmented.SegmentedRaftLogWorker (SegmentedRaftLogWorker.java:run(313)) - b174d07b-8033-4c6a-8b88-597cc4628727@group-E7B75B401919-SegmentedRaftLogWorker was interrupted, exiting. There are 0 tasks remaining in the queue.
2019-09-25 05:41:15,836 [main] INFO  segmented.SegmentedRaftLogWorker (SegmentedRaftLogWorker.java:close(228)) - b174d07b-8033-4c6a-8b88-597cc4628727@group-E7B75B401919-SegmentedRaftLogWorker close()
2019-09-25 05:41:15,836 [ForkJoinPool.commonPool-worker-1] INFO  segmented.SegmentedRaftLogWorker (SegmentedRaftLogWorker.java:close(228)) - ba526371-bbb0-45ae-a73e-928578471dee@group-C51B3ED6F9FF-SegmentedRaftLogWorker close()
2019-09-25 05:41:15,844 [ForkJoinPool.commonPool-worker-1] INFO  impl.RaftServerImpl (RaftServerImpl.java:lambda$shutdown$3(251)) - ba526371-bbb0-45ae-a73e-928578471dee@group-02ACFA7DCE84: shutdown
2019-09-25 05:41:15,844 [main] INFO  impl.RaftServerImpl (RaftServerImpl.java:lambda$shutdown$3(251)) - b174d07b-8033-4c6a-8b88-597cc4628727@group-58F32A8E9FB0: shutdown
2019-09-25 05:41:15,845 [ForkJoinPool.commonPool-worker-1] INFO  util.JmxRegister (JmxRegister.java:unregister(73)) - Successfully un-registered JMX Bean with object name Ratis:service=RaftServer,group=group-02ACFA7DCE84,id=ba526371-bbb0-45ae-a73e-928578471dee
2019-09-25 05:41:15,845 [ForkJoinPool.commonPool-worker-1] INFO  impl.RoleInfo (RoleInfo.java:shutdownLeaderState(104)) - ba526371-bbb0-45ae-a73e-928578471dee: shutdown LeaderState
2019-09-25 05:41:15,845 [main] INFO  util.JmxRegister (JmxRegister.java:unregister(73)) - Successfully un-registered JMX Bean with object name Ratis:service=RaftServer,group=group-58F32A8E9FB0,id=b174d07b-8033-4c6a-8b88-597cc4628727
2019-09-25 05:41:15,846 [ForkJoinPool.commonPool-worker-1] INFO  impl.PendingRequests (PendingRequests.java:sendNotLeaderResponses(202)) - ba526371-bbb0-45ae-a73e-928578471dee-PendingRequests: sendNotLeaderResponses
2019-09-25 05:41:15,846 [main] INFO  impl.RoleInfo (RoleInfo.java:shutdownLeaderState(104)) - b174d07b-8033-4c6a-8b88-597cc4628727: shutdown LeaderState
2019-09-25 05:41:15,846 [ForkJoinPool.commonPool-worker-1] INFO  impl.StateMachineUpdater (StateMachineUpdater.java:stopAndJoin(125)) - ba526371-bbb0-45ae-a73e-928578471dee@group-02ACFA7DCE84-StateMachineUpdater: set stopIndex = 0
2019-09-25 05:41:15,847 [main] INFO  impl.PendingRequests (PendingRequests.java:sendNotLeaderResponses(202)) - b174d07b-8033-4c6a-8b88-597cc4628727-PendingRequests: sendNotLeaderResponses
2019-09-25 05:41:15,847 [ForkJoinPool.commonPool-worker-1] INFO  impl.RaftServerImpl (ServerState.java:close(385)) - ba526371-bbb0-45ae-a73e-928578471dee@group-02ACFA7DCE84: closes. applyIndex: 0
2019-09-25 05:41:15,847 [main] INFO  impl.StateMachineUpdater (StateMachineUpdater.java:stopAndJoin(125)) - b174d07b-8033-4c6a-8b88-597cc4628727@group-58F32A8E9FB0-StateMachineUpdater: set stopIndex = 0
2019-09-25 05:41:15,848 [ba526371-bbb0-45ae-a73e-928578471dee@group-02ACFA7DCE84-SegmentedRaftLogWorker] INFO  segmented.SegmentedRaftLogWorker (SegmentedRaftLogWorker.java:run(313)) - ba526371-bbb0-45ae-a73e-928578471dee@group-02ACFA7DCE84-SegmentedRaftLogWorker was interrupted, exiting. There are 0 tasks remaining in the queue.
2019-09-25 05:41:15,848 [main] INFO  impl.RaftServerImpl (ServerState.java:close(385)) - b174d07b-8033-4c6a-8b88-597cc4628727@group-58F32A8E9FB0: closes. applyIndex: 0
2019-09-25 05:41:15,852 [ForkJoinPool.commonPool-worker-1] INFO  segmented.SegmentedRaftLogWorker (SegmentedRaftLogWorker.java:close(228)) - ba526371-bbb0-45ae-a73e-928578471dee@group-02ACFA7DCE84-SegmentedRaftLogWorker close()
2019-09-25 05:41:15,852 [b174d07b-8033-4c6a-8b88-597cc4628727@group-58F32A8E9FB0-SegmentedRaftLogWorker] INFO  segmented.SegmentedRaftLogWorker (SegmentedRaftLogWorker.java:run(313)) - b174d07b-8033-4c6a-8b88-597cc4628727@group-58F32A8E9FB0-SegmentedRaftLogWorker was interrupted, exiting. There are 0 tasks remaining in the queue.
2019-09-25 05:41:15,856 [ForkJoinPool.commonPool-worker-1] INFO  impl.RaftServerImpl (RaftServerImpl.java:lambda$shutdown$3(251)) - ba526371-bbb0-45ae-a73e-928578471dee@group-141C0B15D317: shutdown
2019-09-25 05:41:15,860 [ForkJoinPool.commonPool-worker-1] INFO  util.JmxRegister (JmxRegister.java:unregister(73)) - Successfully un-registered JMX Bean with object name Ratis:service=RaftServer,group=group-141C0B15D317,id=ba526371-bbb0-45ae-a73e-928578471dee
2019-09-25 05:41:15,860 [main] INFO  segmented.SegmentedRaftLogWorker (SegmentedRaftLogWorker.java:close(228)) - b174d07b-8033-4c6a-8b88-597cc4628727@group-58F32A8E9FB0-SegmentedRaftLogWorker close()
2019-09-25 05:41:15,860 [ForkJoinPool.commonPool-worker-1] INFO  impl.RoleInfo (RoleInfo.java:shutdownLeaderState(104)) - ba526371-bbb0-45ae-a73e-928578471dee: shutdown LeaderState
2019-09-25 05:41:15,866 [ForkJoinPool.commonPool-worker-1] INFO  impl.PendingRequests (PendingRequests.java:sendNotLeaderResponses(202)) - ba526371-bbb0-45ae-a73e-928578471dee-PendingRequests: sendNotLeaderResponses
2019-09-25 05:41:15,866 [main] INFO  impl.RaftServerImpl (RaftServerImpl.java:lambda$shutdown$3(251)) - b174d07b-8033-4c6a-8b88-597cc4628727@group-5F00475D579F: shutdown
2019-09-25 05:41:15,866 [ForkJoinPool.commonPool-worker-1] INFO  impl.StateMachineUpdater (StateMachineUpdater.java:stopAndJoin(125)) - ba526371-bbb0-45ae-a73e-928578471dee@group-141C0B15D317-StateMachineUpdater: set stopIndex = 0
2019-09-25 05:41:15,867 [main] INFO  util.JmxRegister (JmxRegister.java:unregister(73)) - Successfully un-registered JMX Bean with object name Ratis:service=RaftServer,group=group-5F00475D579F,id=b174d07b-8033-4c6a-8b88-597cc4628727
2019-09-25 05:41:15,867 [main] INFO  impl.RoleInfo (RoleInfo.java:shutdownLeaderState(104)) - b174d07b-8033-4c6a-8b88-597cc4628727: shutdown LeaderState
2019-09-25 05:41:15,867 [ForkJoinPool.commonPool-worker-1] INFO  impl.RaftServerImpl (ServerState.java:close(385)) - ba526371-bbb0-45ae-a73e-928578471dee@group-141C0B15D317: closes. applyIndex: 0
2019-09-25 05:41:15,868 [main] INFO  impl.PendingRequests (PendingRequests.java:sendNotLeaderResponses(202)) - b174d07b-8033-4c6a-8b88-597cc4628727-PendingRequests: sendNotLeaderResponses
2019-09-25 05:41:15,868 [ba526371-bbb0-45ae-a73e-928578471dee@group-141C0B15D317-SegmentedRaftLogWorker] INFO  segmented.SegmentedRaftLogWorker (SegmentedRaftLogWorker.java:run(313)) - ba526371-bbb0-45ae-a73e-928578471dee@group-141C0B15D317-SegmentedRaftLogWorker was interrupted, exiting. There are 0 tasks remaining in the queue.
2019-09-25 05:41:15,868 [main] INFO  impl.StateMachineUpdater (StateMachineUpdater.java:stopAndJoin(125)) - b174d07b-8033-4c6a-8b88-597cc4628727@group-5F00475D579F-StateMachineUpdater: set stopIndex = 0
2019-09-25 05:41:15,873 [main] INFO  impl.RaftServerImpl (ServerState.java:close(385)) - b174d07b-8033-4c6a-8b88-597cc4628727@group-5F00475D579F: closes. applyIndex: 0
2019-09-25 05:41:15,872 [ForkJoinPool.commonPool-worker-1] INFO  segmented.SegmentedRaftLogWorker (SegmentedRaftLogWorker.java:close(228)) - ba526371-bbb0-45ae-a73e-928578471dee@group-141C0B15D317-SegmentedRaftLogWorker close()
2019-09-25 05:41:15,873 [b174d07b-8033-4c6a-8b88-597cc4628727@group-5F00475D579F-SegmentedRaftLogWorker] INFO  segmented.SegmentedRaftLogWorker (SegmentedRaftLogWorker.java:run(313)) - b174d07b-8033-4c6a-8b88-597cc4628727@group-5F00475D579F-SegmentedRaftLogWorker was interrupted, exiting. There are 0 tasks remaining in the queue.
2019-09-25 05:41:15,878 [ForkJoinPool.commonPool-worker-1] INFO  impl.RaftServerImpl (RaftServerImpl.java:lambda$shutdown$3(251)) - ba526371-bbb0-45ae-a73e-928578471dee@group-13C9A2536662: shutdown
2019-09-25 05:41:15,882 [main] INFO  segmented.SegmentedRaftLogWorker (SegmentedRaftLogWorker.java:close(228)) - b174d07b-8033-4c6a-8b88-597cc4628727@group-5F00475D579F-SegmentedRaftLogWorker close()
2019-09-25 05:41:15,882 [ForkJoinPool.commonPool-worker-1] INFO  util.JmxRegister (JmxRegister.java:unregister(73)) - Successfully un-registered JMX Bean with object name Ratis:service=RaftServer,group=group-13C9A2536662,id=ba526371-bbb0-45ae-a73e-928578471dee
2019-09-25 05:41:15,893 [ForkJoinPool.commonPool-worker-1] INFO  impl.RoleInfo (RoleInfo.java:shutdownLeaderState(104)) - ba526371-bbb0-45ae-a73e-928578471dee: shutdown LeaderState
2019-09-25 05:41:15,893 [main] INFO  impl.RaftServerImpl (RaftServerImpl.java:lambda$shutdown$3(251)) - b174d07b-8033-4c6a-8b88-597cc4628727@group-C84A7A91ABE9: shutdown
2019-09-25 05:41:15,894 [ForkJoinPool.commonPool-worker-1] INFO  impl.PendingRequests (PendingRequests.java:sendNotLeaderResponses(202)) - ba526371-bbb0-45ae-a73e-928578471dee-PendingRequests: sendNotLeaderResponses
2019-09-25 05:41:15,894 [main] INFO  util.JmxRegister (JmxRegister.java:unregister(73)) - Successfully un-registered JMX Bean with object name Ratis:service=RaftServer,group=group-C84A7A91ABE9,id=b174d07b-8033-4c6a-8b88-597cc4628727
2019-09-25 05:41:15,894 [ForkJoinPool.commonPool-worker-1] INFO  impl.StateMachineUpdater (StateMachineUpdater.java:stopAndJoin(125)) - ba526371-bbb0-45ae-a73e-928578471dee@group-13C9A2536662-StateMachineUpdater: set stopIndex = 0
2019-09-25 05:41:15,895 [main] INFO  impl.RoleInfo (RoleInfo.java:shutdownLeaderState(104)) - b174d07b-8033-4c6a-8b88-597cc4628727: shutdown LeaderState
2019-09-25 05:41:15,895 [ForkJoinPool.commonPool-worker-1] INFO  impl.RaftServerImpl (ServerState.java:close(385)) - ba526371-bbb0-45ae-a73e-928578471dee@group-13C9A2536662: closes. applyIndex: 0
2019-09-25 05:41:15,896 [main] INFO  impl.PendingRequests (PendingRequests.java:sendNotLeaderResponses(202)) - b174d07b-8033-4c6a-8b88-597cc4628727-PendingRequests: sendNotLeaderResponses
2019-09-25 05:41:15,896 [ba526371-bbb0-45ae-a73e-928578471dee@group-13C9A2536662-SegmentedRaftLogWorker] INFO  segmented.SegmentedRaftLogWorker (SegmentedRaftLogWorker.java:run(313)) - ba526371-bbb0-45ae-a73e-928578471dee@group-13C9A2536662-SegmentedRaftLogWorker was interrupted, exiting. There are 0 tasks remaining in the queue.
2019-09-25 05:41:15,896 [main] INFO  impl.StateMachineUpdater (StateMachineUpdater.java:stopAndJoin(125)) - b174d07b-8033-4c6a-8b88-597cc4628727@group-C84A7A91ABE9-StateMachineUpdater: set stopIndex = 0
2019-09-25 05:41:15,898 [ForkJoinPool.commonPool-worker-1] INFO  segmented.SegmentedRaftLogWorker (SegmentedRaftLogWorker.java:close(228)) - ba526371-bbb0-45ae-a73e-928578471dee@group-13C9A2536662-SegmentedRaftLogWorker close()
2019-09-25 05:41:15,899 [main] INFO  impl.RaftServerImpl (ServerState.java:close(385)) - b174d07b-8033-4c6a-8b88-597cc4628727@group-C84A7A91ABE9: closes. applyIndex: 0
2019-09-25 05:41:15,902 [ForkJoinPool.commonPool-worker-1] INFO  impl.RaftServerImpl (RaftServerImpl.java:lambda$shutdown$3(251)) - ba526371-bbb0-45ae-a73e-928578471dee@group-AD7E0A6E7306: shutdown
2019-09-25 05:41:15,903 [b174d07b-8033-4c6a-8b88-597cc4628727@group-C84A7A91ABE9-SegmentedRaftLogWorker] INFO  segmented.SegmentedRaftLogWorker (SegmentedRaftLogWorker.java:run(313)) - b174d07b-8033-4c6a-8b88-597cc4628727@group-C84A7A91ABE9-SegmentedRaftLogWorker was interrupted, exiting. There are 0 tasks remaining in the queue.
2019-09-25 05:41:15,903 [ForkJoinPool.commonPool-worker-1] INFO  util.JmxRegister (JmxRegister.java:unregister(73)) - Successfully un-registered JMX Bean with object name Ratis:service=RaftServer,group=group-AD7E0A6E7306,id=ba526371-bbb0-45ae-a73e-928578471dee
2019-09-25 05:41:15,905 [main] INFO  segmented.SegmentedRaftLogWorker (SegmentedRaftLogWorker.java:close(228)) - b174d07b-8033-4c6a-8b88-597cc4628727@group-C84A7A91ABE9-SegmentedRaftLogWorker close()
2019-09-25 05:41:15,905 [ForkJoinPool.commonPool-worker-1] INFO  impl.RoleInfo (RoleInfo.java:shutdownLeaderState(104)) - ba526371-bbb0-45ae-a73e-928578471dee: shutdown LeaderState
2019-09-25 05:41:15,909 [main] INFO  impl.RaftServerImpl (RaftServerImpl.java:lambda$shutdown$3(251)) - b174d07b-8033-4c6a-8b88-597cc4628727@group-A11E479A14DC: shutdown
2019-09-25 05:41:15,910 [ForkJoinPool.commonPool-worker-1] INFO  impl.PendingRequests (PendingRequests.java:sendNotLeaderResponses(202)) - ba526371-bbb0-45ae-a73e-928578471dee-PendingRequests: sendNotLeaderResponses
2019-09-25 05:41:15,910 [main] INFO  util.JmxRegister (JmxRegister.java:unregister(73)) - Successfully un-registered JMX Bean with object name Ratis:service=RaftServer,group=group-A11E479A14DC,id=b174d07b-8033-4c6a-8b88-597cc4628727
2019-09-25 05:41:15,910 [ForkJoinPool.commonPool-worker-1] INFO  impl.StateMachineUpdater (StateMachineUpdater.java:stopAndJoin(125)) - ba526371-bbb0-45ae-a73e-928578471dee@group-AD7E0A6E7306-StateMachineUpdater: set stopIndex = 0
2019-09-25 05:41:15,911 [main] INFO  impl.RoleInfo (RoleInfo.java:shutdownLeaderState(104)) - b174d07b-8033-4c6a-8b88-597cc4628727: shutdown LeaderState
2019-09-25 05:41:15,911 [ForkJoinPool.commonPool-worker-1] INFO  impl.RaftServerImpl (ServerState.java:close(385)) - ba526371-bbb0-45ae-a73e-928578471dee@group-AD7E0A6E7306: closes. applyIndex: 0
2019-09-25 05:41:15,911 [main] INFO  impl.PendingRequests (PendingRequests.java:sendNotLeaderResponses(202)) - b174d07b-8033-4c6a-8b88-597cc4628727-PendingRequests: sendNotLeaderResponses
2019-09-25 05:41:15,912 [ba526371-bbb0-45ae-a73e-928578471dee@group-AD7E0A6E7306-SegmentedRaftLogWorker] INFO  segmented.SegmentedRaftLogWorker (SegmentedRaftLogWorker.java:run(313)) - ba526371-bbb0-45ae-a73e-928578471dee@group-AD7E0A6E7306-SegmentedRaftLogWorker was interrupted, exiting. There are 0 tasks remaining in the queue.
2019-09-25 05:41:15,912 [main] INFO  impl.StateMachineUpdater (StateMachineUpdater.java:stopAndJoin(125)) - b174d07b-8033-4c6a-8b88-597cc4628727@group-A11E479A14DC-StateMachineUpdater: set stopIndex = 0
2019-09-25 05:41:15,915 [main] INFO  impl.RaftServerImpl (ServerState.java:close(385)) - b174d07b-8033-4c6a-8b88-597cc4628727@group-A11E479A14DC: closes. applyIndex: 0
2019-09-25 05:41:15,915 [ForkJoinPool.commonPool-worker-1] INFO  segmented.SegmentedRaftLogWorker (SegmentedRaftLogWorker.java:close(228)) - ba526371-bbb0-45ae-a73e-928578471dee@group-AD7E0A6E7306-SegmentedRaftLogWorker close()
2019-09-25 05:41:15,915 [Thread-367] INFO  impl.FollowerState (FollowerState.java:run(106)) - b174d07b-8033-4c6a-8b88-597cc4628727:group-769AEFB406FD changes to CANDIDATE, lastRpcTime:5169, electionTimeout:5168ms
2019-09-25 05:41:15,920 [ForkJoinPool.commonPool-worker-1] INFO  impl.RaftServerImpl (RaftServerImpl.java:lambda$shutdown$3(251)) - ba526371-bbb0-45ae-a73e-928578471dee@group-E40C29B0A0EF: shutdown
2019-09-25 05:41:15,916 [b174d07b-8033-4c6a-8b88-597cc4628727@group-A11E479A14DC-SegmentedRaftLogWorker] INFO  segmented.SegmentedRaftLogWorker (SegmentedRaftLogWorker.java:run(313)) - b174d07b-8033-4c6a-8b88-597cc4628727@group-A11E479A14DC-SegmentedRaftLogWorker was interrupted, exiting. There are 0 tasks remaining in the queue.
2019-09-25 05:41:15,920 [ForkJoinPool.commonPool-worker-1] INFO  util.JmxRegister (JmxRegister.java:unregister(73)) - Successfully un-registered JMX Bean with object name Ratis:service=RaftServer,group=group-E40C29B0A0EF,id=ba526371-bbb0-45ae-a73e-928578471dee
2019-09-25 05:41:15,920 [Thread-367] INFO  impl.RoleInfo (RoleInfo.java:shutdownFollowerState(121)) - b174d07b-8033-4c6a-8b88-597cc4628727: shutdown FollowerState
2019-09-25 05:41:15,923 [ForkJoinPool.commonPool-worker-1] INFO  impl.RoleInfo (RoleInfo.java:shutdownLeaderState(104)) - ba526371-bbb0-45ae-a73e-928578471dee: shutdown LeaderState
2019-09-25 05:41:15,923 [main] INFO  segmented.SegmentedRaftLogWorker (SegmentedRaftLogWorker.java:close(228)) - b174d07b-8033-4c6a-8b88-597cc4628727@group-A11E479A14DC-SegmentedRaftLogWorker close()
2019-09-25 05:41:15,923 [ForkJoinPool.commonPool-worker-1] INFO  impl.PendingRequests (PendingRequests.java:sendNotLeaderResponses(202)) - ba526371-bbb0-45ae-a73e-928578471dee-PendingRequests: sendNotLeaderResponses
2019-09-25 05:41:15,923 [Thread-367] INFO  impl.RaftServerImpl (RaftServerImpl.java:setRole(174)) - b174d07b-8033-4c6a-8b88-597cc4628727@group-769AEFB406FD: changes role from  FOLLOWER to CANDIDATE at term 0 for changeToCandidate
2019-09-25 05:41:15,934 [ForkJoinPool.commonPool-worker-1] INFO  impl.StateMachineUpdater (StateMachineUpdater.java:stopAndJoin(125)) - ba526371-bbb0-45ae-a73e-928578471dee@group-E40C29B0A0EF-StateMachineUpdater: set stopIndex = 0
2019-09-25 05:41:15,934 [ForkJoinPool.commonPool-worker-1] INFO  impl.RaftServerImpl (ServerState.java:close(385)) - ba526371-bbb0-45ae-a73e-928578471dee@group-E40C29B0A0EF: closes. applyIndex: 0
2019-09-25 05:41:15,934 [main] INFO  impl.RaftServerImpl (RaftServerImpl.java:lambda$shutdown$3(251)) - b174d07b-8033-4c6a-8b88-597cc4628727@group-769AEFB406FD: shutdown
2019-09-25 05:41:15,935 [ba526371-bbb0-45ae-a73e-928578471dee@group-E40C29B0A0EF-SegmentedRaftLogWorker] INFO  segmented.SegmentedRaftLogWorker (SegmentedRaftLogWorker.java:run(313)) - ba526371-bbb0-45ae-a73e-928578471dee@group-E40C29B0A0EF-SegmentedRaftLogWorker was interrupted, exiting. There are 0 tasks remaining in the queue.
2019-09-25 05:41:15,934 [Thread-367] INFO  impl.RoleInfo (RoleInfo.java:updateAndGet(143)) - b174d07b-8033-4c6a-8b88-597cc4628727: start LeaderElection
2019-09-25 05:41:15,935 [main] INFO  util.JmxRegister (JmxRegister.java:unregister(73)) - Successfully un-registered JMX Bean with object name Ratis:service=RaftServer,group=group-769AEFB406FD,id=b174d07b-8033-4c6a-8b88-597cc4628727
2019-09-25 05:41:15,935 [ForkJoinPool.commonPool-worker-1] INFO  segmented.SegmentedRaftLogWorker (SegmentedRaftLogWorker.java:close(228)) - ba526371-bbb0-45ae-a73e-928578471dee@group-E40C29B0A0EF-SegmentedRaftLogWorker close()
2019-09-25 05:41:15,936 [main] INFO  impl.RoleInfo (RoleInfo.java:shutdownLeaderElection(134)) - b174d07b-8033-4c6a-8b88-597cc4628727: shutdown LeaderElection
2019-09-25 05:41:15,939 [main] INFO  impl.StateMachineUpdater (StateMachineUpdater.java:stopAndJoin(125)) - b174d07b-8033-4c6a-8b88-597cc4628727@group-769AEFB406FD-StateMachineUpdater: set stopIndex = -1
2019-09-25 05:41:15,939 [ForkJoinPool.commonPool-worker-1] INFO  server.GrpcService (GrpcService.java:closeImpl(164)) - ba526371-bbb0-45ae-a73e-928578471dee: shutdown server with port 42293 now
2019-09-25 05:41:15,939 [main] INFO  impl.RaftServerImpl (ServerState.java:close(385)) - b174d07b-8033-4c6a-8b88-597cc4628727@group-769AEFB406FD: closes. applyIndex: -1
2019-09-25 05:41:15,940 [b174d07b-8033-4c6a-8b88-597cc4628727@group-769AEFB406FD-SegmentedRaftLogWorker] INFO  segmented.SegmentedRaftLogWorker (SegmentedRaftLogWorker.java:run(313)) - b174d07b-8033-4c6a-8b88-597cc4628727@group-769AEFB406FD-SegmentedRaftLogWorker was interrupted, exiting. There are 0 tasks remaining in the queue.
2019-09-25 05:41:15,940 [main] INFO  segmented.SegmentedRaftLogWorker (SegmentedRaftLogWorker.java:close(228)) - b174d07b-8033-4c6a-8b88-597cc4628727@group-769AEFB406FD-SegmentedRaftLogWorker close()
2019-09-25 05:41:15,943 [main] INFO  server.GrpcService (GrpcService.java:closeImpl(164)) - b174d07b-8033-4c6a-8b88-597cc4628727: shutdown server with port 38637 now
2019-09-25 05:41:15,945 [ForkJoinPool.commonPool-worker-1] INFO  server.GrpcService (GrpcService.java:closeImpl(172)) - ba526371-bbb0-45ae-a73e-928578471dee: shutdown server with port 42293 successfully
2019-09-25 05:41:15,947 [main] INFO  server.GrpcService (GrpcService.java:closeImpl(172)) - b174d07b-8033-4c6a-8b88-597cc4628727: shutdown server with port 38637 successfully
2019-09-25 05:41:15,952 [refreshUsed-/workdir/hadoop-ozone/integration-test/target/test-dir/MiniOzoneClusterImpl-5f167f52-bad4-483d-8ef4-c1e76e705afb/datanode-4/data/containers] WARN  fs.CachingGetSpaceUsed (CachingGetSpaceUsed.java:run(183)) - Thread Interrupted waiting to refresh disk information: sleep interrupted
2019-09-25 05:41:15,953 [refreshUsed-/workdir/hadoop-ozone/integration-test/target/test-dir/MiniOzoneClusterImpl-5f167f52-bad4-483d-8ef4-c1e76e705afb/datanode-1/data/containers] WARN  fs.CachingGetSpaceUsed (CachingGetSpaceUsed.java:run(183)) - Thread Interrupted waiting to refresh disk information: sleep interrupted
2019-09-25 05:41:15,985 [ForkJoinPool.commonPool-worker-1] INFO  utils.BackgroundService (BackgroundService.java:shutdown(148)) - Shutting down service BlockDeletingService
2019-09-25 05:41:15,985 [main] INFO  utils.BackgroundService (BackgroundService.java:shutdown(148)) - Shutting down service BlockDeletingService
2019-09-25 05:41:15,996 [ForkJoinPool.commonPool-worker-1] INFO  statemachine.DatanodeStateMachine (DatanodeStateMachine.java:stopDaemon(395)) - Ozone container server stopped.
2019-09-25 05:41:15,999 [main] INFO  statemachine.DatanodeStateMachine (DatanodeStateMachine.java:stopDaemon(395)) - Ozone container server stopped.
2019-09-25 05:41:16,005 [ForkJoinPool.commonPool-worker-1] INFO  handler.ContextHandler (ContextHandler.java:doStop(910)) - Stopped o.e.j.w.WebAppContext@52d97ab6{/,null,UNAVAILABLE}{/hddsDatanode}
2019-09-25 05:41:16,006 [main] INFO  handler.ContextHandler (ContextHandler.java:doStop(910)) - Stopped o.e.j.w.WebAppContext@2630dbc4{/,null,UNAVAILABLE}{/hddsDatanode}
2019-09-25 05:41:16,008 [main] INFO  server.AbstractConnector (AbstractConnector.java:doStop(318)) - Stopped ServerConnector@5ea4300e{HTTP/1.1,[http/1.1]}{0.0.0.0:0}
2019-09-25 05:41:16,009 [main] INFO  handler.ContextHandler (ContextHandler.java:doStop(910)) - Stopped o.e.j.s.ServletContextHandler@4228bf58{/static,jar:file:/home/user/.m2/repository/org/apache/hadoop/hadoop-hdds-container-service/0.5.0-SNAPSHOT/hadoop-hdds-container-service-0.5.0-SNAPSHOT.jar!/webapps/static,UNAVAILABLE}
2019-09-25 05:41:16,010 [main] INFO  handler.ContextHandler (ContextHandler.java:doStop(910)) - Stopped o.e.j.s.ServletContextHandler@6f94fb9d{/logs,file:///workdir/hadoop-ozone/integration-test/target/log,UNAVAILABLE}
2019-09-25 05:41:16,012 [ForkJoinPool.commonPool-worker-1] INFO  server.AbstractConnector (AbstractConnector.java:doStop(318)) - Stopped ServerConnector@4da6d664{HTTP/1.1,[http/1.1]}{0.0.0.0:0}
2019-09-25 05:41:16,017 [ForkJoinPool.commonPool-worker-1] INFO  handler.ContextHandler (ContextHandler.java:doStop(910)) - Stopped o.e.j.s.ServletContextHandler@1a2bcd56{/static,jar:file:/home/user/.m2/repository/org/apache/hadoop/hadoop-hdds-container-service/0.5.0-SNAPSHOT/hadoop-hdds-container-service-0.5.0-SNAPSHOT.jar!/webapps/static,UNAVAILABLE}
2019-09-25 05:41:16,020 [ForkJoinPool.commonPool-worker-1] INFO  handler.ContextHandler (ContextHandler.java:doStop(910)) - Stopped o.e.j.s.ServletContextHandler@c27a3a2{/logs,file:///workdir/hadoop-ozone/integration-test/target/log,UNAVAILABLE}
2019-09-25 05:41:16,315 [Datanode State Machine Thread - 0] INFO  statemachine.DatanodeStateMachine (DatanodeStateMachine.java:lambda$startDaemon$0(350)) - Ozone container server started.
2019-09-25 05:41:16,399 [Datanode State Machine Thread - 0] INFO  statemachine.DatanodeStateMachine (DatanodeStateMachine.java:lambda$startDaemon$0(350)) - Ozone container server started.
2019-09-25 05:41:20,367 [EventQueue-StaleNodeForStaleNodeHandler] INFO  node.StaleNodeHandler (StaleNodeHandler.java:onMessage(58)) - Datanode 9c5364a7-ba03-46bb-ba71-b490d4b445f4{ip: 192.168.30.10, host: pr-hdds-1569-s62bp-3040748787, networkLocation: /default-rack, certSerialId: null} moved to stale state. Finalizing its pipelines [PipelineID=36a0bcc6-33d9-4b0a-8df2-7f20875c4c7b, PipelineID=d7e8e939-9a8b-4b8e-a911-81287fa2754a, PipelineID=482e80b4-f019-4065-a05c-6aa826f9112d, PipelineID=2e812a4f-0bbd-41a6-bd02-e6cf19aea87f, PipelineID=0581b780-e2aa-479c-97c0-49f77115fbac, PipelineID=a912658f-de61-467a-b40e-6e1e3f1e02f2]
2019-09-25 05:41:20,367 [EventQueue-StaleNodeForStaleNodeHandler] INFO  pipeline.SCMPipelineManager (SCMPipelineManager.java:finalizeAndDestroyPipeline(317)) - destroying pipeline:Pipeline[ Id: 36a0bcc6-33d9-4b0a-8df2-7f20875c4c7b, Nodes: 9c5364a7-ba03-46bb-ba71-b490d4b445f4{ip: 192.168.30.10, host: pr-hdds-1569-s62bp-3040748787, networkLocation: /default-rack, certSerialId: null}, Type:RATIS, Factor:ONE, State:OPEN]
2019-09-25 05:41:20,368 [EventQueue-StaleNodeForStaleNodeHandler] INFO  pipeline.PipelineStateManager (PipelineStateManager.java:finalizePipeline(123)) - Pipeline Pipeline[ Id: 36a0bcc6-33d9-4b0a-8df2-7f20875c4c7b, Nodes: 9c5364a7-ba03-46bb-ba71-b490d4b445f4{ip: 192.168.30.10, host: pr-hdds-1569-s62bp-3040748787, networkLocation: /default-rack, certSerialId: null}, Type:RATIS, Factor:ONE, State:CLOSED] moved to CLOSED state
2019-09-25 05:41:20,368 [EventQueue-StaleNodeForStaleNodeHandler] INFO  pipeline.SCMPipelineManager (SCMPipelineManager.java:finalizeAndDestroyPipeline(317)) - destroying pipeline:Pipeline[ Id: d7e8e939-9a8b-4b8e-a911-81287fa2754a, Nodes: 9c5364a7-ba03-46bb-ba71-b490d4b445f4{ip: 192.168.30.10, host: pr-hdds-1569-s62bp-3040748787, networkLocation: /default-rack, certSerialId: null}, Type:RATIS, Factor:ONE, State:OPEN]
2019-09-25 05:41:20,368 [EventQueue-StaleNodeForStaleNodeHandler] INFO  pipeline.PipelineStateManager (PipelineStateManager.java:finalizePipeline(123)) - Pipeline Pipeline[ Id: d7e8e939-9a8b-4b8e-a911-81287fa2754a, Nodes: 9c5364a7-ba03-46bb-ba71-b490d4b445f4{ip: 192.168.30.10, host: pr-hdds-1569-s62bp-3040748787, networkLocation: /default-rack, certSerialId: null}, Type:RATIS, Factor:ONE, State:CLOSED] moved to CLOSED state
2019-09-25 05:41:20,369 [EventQueue-StaleNodeForStaleNodeHandler] INFO  pipeline.SCMPipelineManager (SCMPipelineManager.java:finalizeAndDestroyPipeline(317)) - destroying pipeline:Pipeline[ Id: 482e80b4-f019-4065-a05c-6aa826f9112d, Nodes: 9c5364a7-ba03-46bb-ba71-b490d4b445f4{ip: 192.168.30.10, host: pr-hdds-1569-s62bp-3040748787, networkLocation: /default-rack, certSerialId: null}, Type:RATIS, Factor:ONE, State:OPEN]
2019-09-25 05:41:20,369 [EventQueue-StaleNodeForStaleNodeHandler] INFO  pipeline.PipelineStateManager (PipelineStateManager.java:finalizePipeline(123)) - Pipeline Pipeline[ Id: 482e80b4-f019-4065-a05c-6aa826f9112d, Nodes: 9c5364a7-ba03-46bb-ba71-b490d4b445f4{ip: 192.168.30.10, host: pr-hdds-1569-s62bp-3040748787, networkLocation: /default-rack, certSerialId: null}, Type:RATIS, Factor:ONE, State:CLOSED] moved to CLOSED state
2019-09-25 05:41:20,369 [EventQueue-StaleNodeForStaleNodeHandler] INFO  pipeline.SCMPipelineManager (SCMPipelineManager.java:finalizeAndDestroyPipeline(317)) - destroying pipeline:Pipeline[ Id: 2e812a4f-0bbd-41a6-bd02-e6cf19aea87f, Nodes: 9c5364a7-ba03-46bb-ba71-b490d4b445f4{ip: 192.168.30.10, host: pr-hdds-1569-s62bp-3040748787, networkLocation: /default-rack, certSerialId: null}, Type:RATIS, Factor:ONE, State:OPEN]
2019-09-25 05:41:20,369 [EventQueue-StaleNodeForStaleNodeHandler] INFO  pipeline.PipelineStateManager (PipelineStateManager.java:finalizePipeline(123)) - Pipeline Pipeline[ Id: 2e812a4f-0bbd-41a6-bd02-e6cf19aea87f, Nodes: 9c5364a7-ba03-46bb-ba71-b490d4b445f4{ip: 192.168.30.10, host: pr-hdds-1569-s62bp-3040748787, networkLocation: /default-rack, certSerialId: null}, Type:RATIS, Factor:ONE, State:CLOSED] moved to CLOSED state
2019-09-25 05:41:20,369 [EventQueue-StaleNodeForStaleNodeHandler] INFO  pipeline.SCMPipelineManager (SCMPipelineManager.java:finalizeAndDestroyPipeline(317)) - destroying pipeline:Pipeline[ Id: 0581b780-e2aa-479c-97c0-49f77115fbac, Nodes: 9c5364a7-ba03-46bb-ba71-b490d4b445f4{ip: 192.168.30.10, host: pr-hdds-1569-s62bp-3040748787, networkLocation: /default-rack, certSerialId: null}, Type:RATIS, Factor:ONE, State:OPEN]
2019-09-25 05:41:20,370 [EventQueue-StaleNodeForStaleNodeHandler] INFO  pipeline.PipelineStateManager (PipelineStateManager.java:finalizePipeline(123)) - Pipeline Pipeline[ Id: 0581b780-e2aa-479c-97c0-49f77115fbac, Nodes: 9c5364a7-ba03-46bb-ba71-b490d4b445f4{ip: 192.168.30.10, host: pr-hdds-1569-s62bp-3040748787, networkLocation: /default-rack, certSerialId: null}, Type:RATIS, Factor:ONE, State:CLOSED] moved to CLOSED state
2019-09-25 05:41:20,370 [EventQueue-StaleNodeForStaleNodeHandler] INFO  pipeline.SCMPipelineManager (SCMPipelineManager.java:finalizeAndDestroyPipeline(317)) - destroying pipeline:Pipeline[ Id: a912658f-de61-467a-b40e-6e1e3f1e02f2, Nodes: 9c5364a7-ba03-46bb-ba71-b490d4b445f4{ip: 192.168.30.10, host: pr-hdds-1569-s62bp-3040748787, networkLocation: /default-rack, certSerialId: null}, Type:RATIS, Factor:ONE, State:OPEN]
2019-09-25 05:41:20,370 [EventQueue-StaleNodeForStaleNodeHandler] INFO  pipeline.PipelineStateManager (PipelineStateManager.java:finalizePipeline(123)) - Pipeline Pipeline[ Id: a912658f-de61-467a-b40e-6e1e3f1e02f2, Nodes: 9c5364a7-ba03-46bb-ba71-b490d4b445f4{ip: 192.168.30.10, host: pr-hdds-1569-s62bp-3040748787, networkLocation: /default-rack, certSerialId: null}, Type:RATIS, Factor:ONE, State:CLOSED] moved to CLOSED state
2019-09-25 05:41:20,467 [EventQueue-StaleNodeForStaleNodeHandler] INFO  node.StaleNodeHandler (StaleNodeHandler.java:onMessage(58)) - Datanode a0f9784c-b240-4740-a75c-f623c7ee251f{ip: 192.168.30.10, host: pr-hdds-1569-s62bp-3040748787, networkLocation: /default-rack, certSerialId: null} moved to stale state. Finalizing its pipelines [PipelineID=2e3e098f-1434-408f-9e88-5b3abcb707bd, PipelineID=237836fa-9ca0-41be-9827-4798d8bd146c, PipelineID=e3ef33ef-bb9d-4b7b-90bd-69887134dba4, PipelineID=bf5a97aa-651a-4de2-b898-c3f8e73e73e0, PipelineID=dc5ca122-1c17-473a-bc9a-f6426b243be5, PipelineID=c9675f43-fe85-4871-8328-668633b448e5]
2019-09-25 05:41:20,467 [EventQueue-StaleNodeForStaleNodeHandler] INFO  pipeline.SCMPipelineManager (SCMPipelineManager.java:finalizeAndDestroyPipeline(317)) - destroying pipeline:Pipeline[ Id: 2e3e098f-1434-408f-9e88-5b3abcb707bd, Nodes: a0f9784c-b240-4740-a75c-f623c7ee251f{ip: 192.168.30.10, host: pr-hdds-1569-s62bp-3040748787, networkLocation: /default-rack, certSerialId: null}, Type:RATIS, Factor:ONE, State:OPEN]
2019-09-25 05:41:20,468 [EventQueue-StaleNodeForStaleNodeHandler] INFO  pipeline.PipelineStateManager (PipelineStateManager.java:finalizePipeline(123)) - Pipeline Pipeline[ Id: 2e3e098f-1434-408f-9e88-5b3abcb707bd, Nodes: a0f9784c-b240-4740-a75c-f623c7ee251f{ip: 192.168.30.10, host: pr-hdds-1569-s62bp-3040748787, networkLocation: /default-rack, certSerialId: null}, Type:RATIS, Factor:ONE, State:CLOSED] moved to CLOSED state
2019-09-25 05:41:20,468 [EventQueue-StaleNodeForStaleNodeHandler] INFO  pipeline.SCMPipelineManager (SCMPipelineManager.java:finalizeAndDestroyPipeline(317)) - destroying pipeline:Pipeline[ Id: 237836fa-9ca0-41be-9827-4798d8bd146c, Nodes: a0f9784c-b240-4740-a75c-f623c7ee251f{ip: 192.168.30.10, host: pr-hdds-1569-s62bp-3040748787, networkLocation: /default-rack, certSerialId: null}, Type:RATIS, Factor:ONE, State:OPEN]
2019-09-25 05:41:20,470 [EventQueue-StaleNodeForStaleNodeHandler] INFO  pipeline.PipelineStateManager (PipelineStateManager.java:finalizePipeline(123)) - Pipeline Pipeline[ Id: 237836fa-9ca0-41be-9827-4798d8bd146c, Nodes: a0f9784c-b240-4740-a75c-f623c7ee251f{ip: 192.168.30.10, host: pr-hdds-1569-s62bp-3040748787, networkLocation: /default-rack, certSerialId: null}, Type:RATIS, Factor:ONE, State:CLOSED] moved to CLOSED state
2019-09-25 05:41:20,470 [EventQueue-StaleNodeForStaleNodeHandler] INFO  pipeline.SCMPipelineManager (SCMPipelineManager.java:finalizeAndDestroyPipeline(317)) - destroying pipeline:Pipeline[ Id: e3ef33ef-bb9d-4b7b-90bd-69887134dba4, Nodes: a0f9784c-b240-4740-a75c-f623c7ee251f{ip: 192.168.30.10, host: pr-hdds-1569-s62bp-3040748787, networkLocation: /default-rack, certSerialId: null}, Type:RATIS, Factor:ONE, State:OPEN]
2019-09-25 05:41:20,471 [EventQueue-StaleNodeForStaleNodeHandler] INFO  pipeline.PipelineStateManager (PipelineStateManager.java:finalizePipeline(123)) - Pipeline Pipeline[ Id: e3ef33ef-bb9d-4b7b-90bd-69887134dba4, Nodes: a0f9784c-b240-4740-a75c-f623c7ee251f{ip: 192.168.30.10, host: pr-hdds-1569-s62bp-3040748787, networkLocation: /default-rack, certSerialId: null}, Type:RATIS, Factor:ONE, State:CLOSED] moved to CLOSED state
2019-09-25 05:41:20,471 [EventQueue-StaleNodeForStaleNodeHandler] INFO  pipeline.SCMPipelineManager (SCMPipelineManager.java:finalizeAndDestroyPipeline(317)) - destroying pipeline:Pipeline[ Id: bf5a97aa-651a-4de2-b898-c3f8e73e73e0, Nodes: a0f9784c-b240-4740-a75c-f623c7ee251f{ip: 192.168.30.10, host: pr-hdds-1569-s62bp-3040748787, networkLocation: /default-rack, certSerialId: null}, Type:RATIS, Factor:ONE, State:OPEN]
2019-09-25 05:41:20,471 [EventQueue-StaleNodeForStaleNodeHandler] INFO  pipeline.PipelineStateManager (PipelineStateManager.java:finalizePipeline(123)) - Pipeline Pipeline[ Id: bf5a97aa-651a-4de2-b898-c3f8e73e73e0, Nodes: a0f9784c-b240-4740-a75c-f623c7ee251f{ip: 192.168.30.10, host: pr-hdds-1569-s62bp-3040748787, networkLocation: /default-rack, certSerialId: null}, Type:RATIS, Factor:ONE, State:CLOSED] moved to CLOSED state
2019-09-25 05:41:20,471 [EventQueue-StaleNodeForStaleNodeHandler] INFO  pipeline.SCMPipelineManager (SCMPipelineManager.java:finalizeAndDestroyPipeline(317)) - destroying pipeline:Pipeline[ Id: dc5ca122-1c17-473a-bc9a-f6426b243be5, Nodes: a0f9784c-b240-4740-a75c-f623c7ee251f{ip: 192.168.30.10, host: pr-hdds-1569-s62bp-3040748787, networkLocation: /default-rack, certSerialId: null}, Type:RATIS, Factor:ONE, State:OPEN]
2019-09-25 05:41:20,472 [EventQueue-StaleNodeForStaleNodeHandler] INFO  pipeline.PipelineStateManager (PipelineStateManager.java:finalizePipeline(123)) - Pipeline Pipeline[ Id: dc5ca122-1c17-473a-bc9a-f6426b243be5, Nodes: a0f9784c-b240-4740-a75c-f623c7ee251f{ip: 192.168.30.10, host: pr-hdds-1569-s62bp-3040748787, networkLocation: /default-rack, certSerialId: null}, Type:RATIS, Factor:ONE, State:CLOSED] moved to CLOSED state
2019-09-25 05:41:20,472 [EventQueue-StaleNodeForStaleNodeHandler] INFO  pipeline.SCMPipelineManager (SCMPipelineManager.java:finalizeAndDestroyPipeline(317)) - destroying pipeline:Pipeline[ Id: c9675f43-fe85-4871-8328-668633b448e5, Nodes: a0f9784c-b240-4740-a75c-f623c7ee251f{ip: 192.168.30.10, host: pr-hdds-1569-s62bp-3040748787, networkLocation: /default-rack, certSerialId: null}, Type:RATIS, Factor:ONE, State:OPEN]
2019-09-25 05:41:20,472 [EventQueue-StaleNodeForStaleNodeHandler] INFO  pipeline.PipelineStateManager (PipelineStateManager.java:finalizePipeline(123)) - Pipeline Pipeline[ Id: c9675f43-fe85-4871-8328-668633b448e5, Nodes: a0f9784c-b240-4740-a75c-f623c7ee251f{ip: 192.168.30.10, host: pr-hdds-1569-s62bp-3040748787, networkLocation: /default-rack, certSerialId: null}, Type:RATIS, Factor:ONE, State:CLOSED] moved to CLOSED state
2019-09-25 05:41:21,018 [main] INFO  ozoneimpl.OzoneContainer (OzoneContainer.java:stop(231)) - Attempting to stop container services.
2019-09-25 05:41:21,020 [main] INFO  impl.RaftServerProxy (RaftServerProxy.java:lambda$close$4(314)) - a0f9784c-b240-4740-a75c-f623c7ee251f: close
2019-09-25 05:41:21,021 [main] INFO  impl.RaftServerImpl (RaftServerImpl.java:lambda$shutdown$3(251)) - a0f9784c-b240-4740-a75c-f623c7ee251f@group-C3F8E73E73E0: shutdown
2019-09-25 05:41:21,021 [main] INFO  util.JmxRegister (JmxRegister.java:unregister(73)) - Successfully un-registered JMX Bean with object name Ratis:service=RaftServer,group=group-C3F8E73E73E0,id=a0f9784c-b240-4740-a75c-f623c7ee251f
2019-09-25 05:41:21,022 [main] INFO  impl.RoleInfo (RoleInfo.java:shutdownLeaderState(104)) - a0f9784c-b240-4740-a75c-f623c7ee251f: shutdown LeaderState
2019-09-25 05:41:21,022 [main] INFO  impl.PendingRequests (PendingRequests.java:sendNotLeaderResponses(202)) - a0f9784c-b240-4740-a75c-f623c7ee251f-PendingRequests: sendNotLeaderResponses
2019-09-25 05:41:21,023 [main] INFO  impl.StateMachineUpdater (StateMachineUpdater.java:stopAndJoin(125)) - a0f9784c-b240-4740-a75c-f623c7ee251f@group-C3F8E73E73E0-StateMachineUpdater: set stopIndex = 0
2019-09-25 05:41:21,023 [ForkJoinPool.commonPool-worker-1] INFO  ozoneimpl.OzoneContainer (OzoneContainer.java:stop(231)) - Attempting to stop container services.
2019-09-25 05:41:21,023 [main] INFO  impl.RaftServerImpl (ServerState.java:close(385)) - a0f9784c-b240-4740-a75c-f623c7ee251f@group-C3F8E73E73E0: closes. applyIndex: 0
2019-09-25 05:41:21,024 [ForkJoinPool.commonPool-worker-1] INFO  impl.RaftServerProxy (RaftServerProxy.java:lambda$close$4(314)) - 9c5364a7-ba03-46bb-ba71-b490d4b445f4: close
2019-09-25 05:41:21,025 [a0f9784c-b240-4740-a75c-f623c7ee251f@group-C3F8E73E73E0-SegmentedRaftLogWorker] INFO  segmented.SegmentedRaftLogWorker (SegmentedRaftLogWorker.java:run(313)) - a0f9784c-b240-4740-a75c-f623c7ee251f@group-C3F8E73E73E0-SegmentedRaftLogWorker was interrupted, exiting. There are 0 tasks remaining in the queue.
2019-09-25 05:41:21,025 [ForkJoinPool.commonPool-worker-1] INFO  impl.RaftServerImpl (RaftServerImpl.java:lambda$shutdown$3(251)) - 9c5364a7-ba03-46bb-ba71-b490d4b445f4@group-81287FA2754A: shutdown
2019-09-25 05:41:21,025 [main] INFO  segmented.SegmentedRaftLogWorker (SegmentedRaftLogWorker.java:close(228)) - a0f9784c-b240-4740-a75c-f623c7ee251f@group-C3F8E73E73E0-SegmentedRaftLogWorker close()
2019-09-25 05:41:21,025 [ForkJoinPool.commonPool-worker-1] INFO  util.JmxRegister (JmxRegister.java:unregister(73)) - Successfully un-registered JMX Bean with object name Ratis:service=RaftServer,group=group-81287FA2754A,id=9c5364a7-ba03-46bb-ba71-b490d4b445f4
2019-09-25 05:41:21,028 [main] INFO  impl.RaftServerImpl (RaftServerImpl.java:lambda$shutdown$3(251)) - a0f9784c-b240-4740-a75c-f623c7ee251f@group-5B3ABCB707BD: shutdown
2019-09-25 05:41:21,028 [ForkJoinPool.commonPool-worker-1] INFO  impl.RoleInfo (RoleInfo.java:shutdownLeaderState(104)) - 9c5364a7-ba03-46bb-ba71-b490d4b445f4: shutdown LeaderState
2019-09-25 05:41:21,028 [main] INFO  util.JmxRegister (JmxRegister.java:unregister(73)) - Successfully un-registered JMX Bean with object name Ratis:service=RaftServer,group=group-5B3ABCB707BD,id=a0f9784c-b240-4740-a75c-f623c7ee251f
2019-09-25 05:41:21,029 [ForkJoinPool.commonPool-worker-1] INFO  impl.PendingRequests (PendingRequests.java:sendNotLeaderResponses(202)) - 9c5364a7-ba03-46bb-ba71-b490d4b445f4-PendingRequests: sendNotLeaderResponses
2019-09-25 05:41:21,029 [main] INFO  impl.RoleInfo (RoleInfo.java:shutdownLeaderState(104)) - a0f9784c-b240-4740-a75c-f623c7ee251f: shutdown LeaderState
2019-09-25 05:41:21,030 [ForkJoinPool.commonPool-worker-1] INFO  impl.StateMachineUpdater (StateMachineUpdater.java:stopAndJoin(125)) - 9c5364a7-ba03-46bb-ba71-b490d4b445f4@group-81287FA2754A-StateMachineUpdater: set stopIndex = 0
2019-09-25 05:41:21,030 [main] INFO  impl.PendingRequests (PendingRequests.java:sendNotLeaderResponses(202)) - a0f9784c-b240-4740-a75c-f623c7ee251f-PendingRequests: sendNotLeaderResponses
2019-09-25 05:41:21,030 [ForkJoinPool.commonPool-worker-1] INFO  impl.RaftServerImpl (ServerState.java:close(385)) - 9c5364a7-ba03-46bb-ba71-b490d4b445f4@group-81287FA2754A: closes. applyIndex: 0
2019-09-25 05:41:21,031 [main] INFO  impl.StateMachineUpdater (StateMachineUpdater.java:stopAndJoin(125)) - a0f9784c-b240-4740-a75c-f623c7ee251f@group-5B3ABCB707BD-StateMachineUpdater: set stopIndex = 0
2019-09-25 05:41:21,031 [9c5364a7-ba03-46bb-ba71-b490d4b445f4@group-81287FA2754A-SegmentedRaftLogWorker] INFO  segmented.SegmentedRaftLogWorker (SegmentedRaftLogWorker.java:run(313)) - 9c5364a7-ba03-46bb-ba71-b490d4b445f4@group-81287FA2754A-SegmentedRaftLogWorker was interrupted, exiting. There are 0 tasks remaining in the queue.
2019-09-25 05:41:21,031 [main] INFO  impl.RaftServerImpl (ServerState.java:close(385)) - a0f9784c-b240-4740-a75c-f623c7ee251f@group-5B3ABCB707BD: closes. applyIndex: 0
2019-09-25 05:41:21,032 [ForkJoinPool.commonPool-worker-1] INFO  segmented.SegmentedRaftLogWorker (SegmentedRaftLogWorker.java:close(228)) - 9c5364a7-ba03-46bb-ba71-b490d4b445f4@group-81287FA2754A-SegmentedRaftLogWorker close()
2019-09-25 05:41:21,032 [a0f9784c-b240-4740-a75c-f623c7ee251f@group-5B3ABCB707BD-SegmentedRaftLogWorker] INFO  segmented.SegmentedRaftLogWorker (SegmentedRaftLogWorker.java:run(313)) - a0f9784c-b240-4740-a75c-f623c7ee251f@group-5B3ABCB707BD-SegmentedRaftLogWorker was interrupted, exiting. There are 0 tasks remaining in the queue.
2019-09-25 05:41:21,034 [ForkJoinPool.commonPool-worker-1] INFO  impl.RaftServerImpl (RaftServerImpl.java:lambda$shutdown$3(251)) - 9c5364a7-ba03-46bb-ba71-b490d4b445f4@group-6AA826F9112D: shutdown
2019-09-25 05:41:21,034 [main] INFO  segmented.SegmentedRaftLogWorker (SegmentedRaftLogWorker.java:close(228)) - a0f9784c-b240-4740-a75c-f623c7ee251f@group-5B3ABCB707BD-SegmentedRaftLogWorker close()
2019-09-25 05:41:21,034 [ForkJoinPool.commonPool-worker-1] INFO  util.JmxRegister (JmxRegister.java:unregister(73)) - Successfully un-registered JMX Bean with object name Ratis:service=RaftServer,group=group-6AA826F9112D,id=9c5364a7-ba03-46bb-ba71-b490d4b445f4
2019-09-25 05:41:21,037 [main] INFO  impl.RaftServerImpl (RaftServerImpl.java:lambda$shutdown$3(251)) - a0f9784c-b240-4740-a75c-f623c7ee251f@group-4798D8BD146C: shutdown
2019-09-25 05:41:21,037 [ForkJoinPool.commonPool-worker-1] INFO  impl.RoleInfo (RoleInfo.java:shutdownLeaderState(104)) - 9c5364a7-ba03-46bb-ba71-b490d4b445f4: shutdown LeaderState
2019-09-25 05:41:21,037 [main] INFO  util.JmxRegister (JmxRegister.java:unregister(73)) - Successfully un-registered JMX Bean with object name Ratis:service=RaftServer,group=group-4798D8BD146C,id=a0f9784c-b240-4740-a75c-f623c7ee251f
2019-09-25 05:41:21,039 [ForkJoinPool.commonPool-worker-1] INFO  impl.PendingRequests (PendingRequests.java:sendNotLeaderResponses(202)) - 9c5364a7-ba03-46bb-ba71-b490d4b445f4-PendingRequests: sendNotLeaderResponses
2019-09-25 05:41:21,040 [main] INFO  impl.RoleInfo (RoleInfo.java:shutdownLeaderState(104)) - a0f9784c-b240-4740-a75c-f623c7ee251f: shutdown LeaderState
2019-09-25 05:41:21,040 [ForkJoinPool.commonPool-worker-1] INFO  impl.StateMachineUpdater (StateMachineUpdater.java:stopAndJoin(125)) - 9c5364a7-ba03-46bb-ba71-b490d4b445f4@group-6AA826F9112D-StateMachineUpdater: set stopIndex = 0
2019-09-25 05:41:21,040 [main] INFO  impl.PendingRequests (PendingRequests.java:sendNotLeaderResponses(202)) - a0f9784c-b240-4740-a75c-f623c7ee251f-PendingRequests: sendNotLeaderResponses
2019-09-25 05:41:21,041 [ForkJoinPool.commonPool-worker-1] INFO  impl.RaftServerImpl (ServerState.java:close(385)) - 9c5364a7-ba03-46bb-ba71-b490d4b445f4@group-6AA826F9112D: closes. applyIndex: 0
2019-09-25 05:41:21,041 [main] INFO  impl.StateMachineUpdater (StateMachineUpdater.java:stopAndJoin(125)) - a0f9784c-b240-4740-a75c-f623c7ee251f@group-4798D8BD146C-StateMachineUpdater: set stopIndex = 0
2019-09-25 05:41:21,041 [9c5364a7-ba03-46bb-ba71-b490d4b445f4@group-6AA826F9112D-SegmentedRaftLogWorker] INFO  segmented.SegmentedRaftLogWorker (SegmentedRaftLogWorker.java:run(313)) - 9c5364a7-ba03-46bb-ba71-b490d4b445f4@group-6AA826F9112D-SegmentedRaftLogWorker was interrupted, exiting. There are 0 tasks remaining in the queue.
2019-09-25 05:41:21,042 [main] INFO  impl.RaftServerImpl (ServerState.java:close(385)) - a0f9784c-b240-4740-a75c-f623c7ee251f@group-4798D8BD146C: closes. applyIndex: 0
2019-09-25 05:41:21,042 [ForkJoinPool.commonPool-worker-1] INFO  segmented.SegmentedRaftLogWorker (SegmentedRaftLogWorker.java:close(228)) - 9c5364a7-ba03-46bb-ba71-b490d4b445f4@group-6AA826F9112D-SegmentedRaftLogWorker close()
2019-09-25 05:41:21,042 [a0f9784c-b240-4740-a75c-f623c7ee251f@group-4798D8BD146C-SegmentedRaftLogWorker] INFO  segmented.SegmentedRaftLogWorker (SegmentedRaftLogWorker.java:run(313)) - a0f9784c-b240-4740-a75c-f623c7ee251f@group-4798D8BD146C-SegmentedRaftLogWorker was interrupted, exiting. There are 0 tasks remaining in the queue.
2019-09-25 05:41:21,044 [ForkJoinPool.commonPool-worker-1] INFO  impl.RaftServerImpl (RaftServerImpl.java:lambda$shutdown$3(251)) - 9c5364a7-ba03-46bb-ba71-b490d4b445f4@group-7F20875C4C7B: shutdown
2019-09-25 05:41:21,044 [main] INFO  segmented.SegmentedRaftLogWorker (SegmentedRaftLogWorker.java:close(228)) - a0f9784c-b240-4740-a75c-f623c7ee251f@group-4798D8BD146C-SegmentedRaftLogWorker close()
2019-09-25 05:41:21,045 [ForkJoinPool.commonPool-worker-1] INFO  util.JmxRegister (JmxRegister.java:unregister(73)) - Successfully un-registered JMX Bean with object name Ratis:service=RaftServer,group=group-7F20875C4C7B,id=9c5364a7-ba03-46bb-ba71-b490d4b445f4
2019-09-25 05:41:21,047 [main] INFO  impl.RaftServerImpl (RaftServerImpl.java:lambda$shutdown$3(251)) - a0f9784c-b240-4740-a75c-f623c7ee251f@group-69887134DBA4: shutdown
2019-09-25 05:41:21,047 [ForkJoinPool.commonPool-worker-1] INFO  impl.RoleInfo (RoleInfo.java:shutdownLeaderState(104)) - 9c5364a7-ba03-46bb-ba71-b490d4b445f4: shutdown LeaderState
2019-09-25 05:41:21,047 [main] INFO  util.JmxRegister (JmxRegister.java:unregister(73)) - Successfully un-registered JMX Bean with object name Ratis:service=RaftServer,group=group-69887134DBA4,id=a0f9784c-b240-4740-a75c-f623c7ee251f
2019-09-25 05:41:21,048 [ForkJoinPool.commonPool-worker-1] INFO  impl.PendingRequests (PendingRequests.java:sendNotLeaderResponses(202)) - 9c5364a7-ba03-46bb-ba71-b490d4b445f4-PendingRequests: sendNotLeaderResponses
2019-09-25 05:41:21,048 [main] INFO  impl.RoleInfo (RoleInfo.java:shutdownLeaderState(104)) - a0f9784c-b240-4740-a75c-f623c7ee251f: shutdown LeaderState
2019-09-25 05:41:21,048 [ForkJoinPool.commonPool-worker-1] INFO  impl.StateMachineUpdater (StateMachineUpdater.java:stopAndJoin(125)) - 9c5364a7-ba03-46bb-ba71-b490d4b445f4@group-7F20875C4C7B-StateMachineUpdater: set stopIndex = 0
2019-09-25 05:41:21,049 [main] INFO  impl.PendingRequests (PendingRequests.java:sendNotLeaderResponses(202)) - a0f9784c-b240-4740-a75c-f623c7ee251f-PendingRequests: sendNotLeaderResponses
2019-09-25 05:41:21,049 [ForkJoinPool.commonPool-worker-1] INFO  impl.RaftServerImpl (ServerState.java:close(385)) - 9c5364a7-ba03-46bb-ba71-b490d4b445f4@group-7F20875C4C7B: closes. applyIndex: 0
2019-09-25 05:41:21,050 [main] INFO  impl.StateMachineUpdater (StateMachineUpdater.java:stopAndJoin(125)) - a0f9784c-b240-4740-a75c-f623c7ee251f@group-69887134DBA4-StateMachineUpdater: set stopIndex = 0
2019-09-25 05:41:21,050 [9c5364a7-ba03-46bb-ba71-b490d4b445f4@group-7F20875C4C7B-SegmentedRaftLogWorker] INFO  segmented.SegmentedRaftLogWorker (SegmentedRaftLogWorker.java:run(313)) - 9c5364a7-ba03-46bb-ba71-b490d4b445f4@group-7F20875C4C7B-SegmentedRaftLogWorker was interrupted, exiting. There are 0 tasks remaining in the queue.
2019-09-25 05:41:21,050 [main] INFO  impl.RaftServerImpl (ServerState.java:close(385)) - a0f9784c-b240-4740-a75c-f623c7ee251f@group-69887134DBA4: closes. applyIndex: 0
2019-09-25 05:41:21,051 [ForkJoinPool.commonPool-worker-1] INFO  segmented.SegmentedRaftLogWorker (SegmentedRaftLogWorker.java:close(228)) - 9c5364a7-ba03-46bb-ba71-b490d4b445f4@group-7F20875C4C7B-SegmentedRaftLogWorker close()
2019-09-25 05:41:21,051 [a0f9784c-b240-4740-a75c-f623c7ee251f@group-69887134DBA4-SegmentedRaftLogWorker] INFO  segmented.SegmentedRaftLogWorker (SegmentedRaftLogWorker.java:run(313)) - a0f9784c-b240-4740-a75c-f623c7ee251f@group-69887134DBA4-SegmentedRaftLogWorker was interrupted, exiting. There are 0 tasks remaining in the queue.
2019-09-25 05:41:21,053 [ForkJoinPool.commonPool-worker-1] INFO  impl.RaftServerImpl (RaftServerImpl.java:lambda$shutdown$3(251)) - 9c5364a7-ba03-46bb-ba71-b490d4b445f4@group-E6CF19AEA87F: shutdown
2019-09-25 05:41:21,053 [main] INFO  segmented.SegmentedRaftLogWorker (SegmentedRaftLogWorker.java:close(228)) - a0f9784c-b240-4740-a75c-f623c7ee251f@group-69887134DBA4-SegmentedRaftLogWorker close()
2019-09-25 05:41:21,054 [ForkJoinPool.commonPool-worker-1] INFO  util.JmxRegister (JmxRegister.java:unregister(73)) - Successfully un-registered JMX Bean with object name Ratis:service=RaftServer,group=group-E6CF19AEA87F,id=9c5364a7-ba03-46bb-ba71-b490d4b445f4
2019-09-25 05:41:21,056 [main] INFO  impl.RaftServerImpl (RaftServerImpl.java:lambda$shutdown$3(251)) - a0f9784c-b240-4740-a75c-f623c7ee251f@group-F6426B243BE5: shutdown
2019-09-25 05:41:21,056 [ForkJoinPool.commonPool-worker-1] INFO  impl.RoleInfo (RoleInfo.java:shutdownLeaderState(104)) - 9c5364a7-ba03-46bb-ba71-b490d4b445f4: shutdown LeaderState
2019-09-25 05:41:21,057 [main] INFO  util.JmxRegister (JmxRegister.java:unregister(73)) - Successfully un-registered JMX Bean with object name Ratis:service=RaftServer,group=group-F6426B243BE5,id=a0f9784c-b240-4740-a75c-f623c7ee251f
2019-09-25 05:41:21,057 [ForkJoinPool.commonPool-worker-1] INFO  impl.PendingRequests (PendingRequests.java:sendNotLeaderResponses(202)) - 9c5364a7-ba03-46bb-ba71-b490d4b445f4-PendingRequests: sendNotLeaderResponses
2019-09-25 05:41:21,057 [main] INFO  impl.RoleInfo (RoleInfo.java:shutdownLeaderState(104)) - a0f9784c-b240-4740-a75c-f623c7ee251f: shutdown LeaderState
2019-09-25 05:41:21,058 [ForkJoinPool.commonPool-worker-1] INFO  impl.StateMachineUpdater (StateMachineUpdater.java:stopAndJoin(125)) - 9c5364a7-ba03-46bb-ba71-b490d4b445f4@group-E6CF19AEA87F-StateMachineUpdater: set stopIndex = 0
2019-09-25 05:41:21,058 [ForkJoinPool.commonPool-worker-1] INFO  impl.RaftServerImpl (ServerState.java:close(385)) - 9c5364a7-ba03-46bb-ba71-b490d4b445f4@group-E6CF19AEA87F: closes. applyIndex: 0
2019-09-25 05:41:21,058 [main] INFO  impl.PendingRequests (PendingRequests.java:sendNotLeaderResponses(202)) - a0f9784c-b240-4740-a75c-f623c7ee251f-PendingRequests: sendNotLeaderResponses
2019-09-25 05:41:21,059 [9c5364a7-ba03-46bb-ba71-b490d4b445f4@group-E6CF19AEA87F-SegmentedRaftLogWorker] INFO  segmented.SegmentedRaftLogWorker (SegmentedRaftLogWorker.java:run(313)) - 9c5364a7-ba03-46bb-ba71-b490d4b445f4@group-E6CF19AEA87F-SegmentedRaftLogWorker was interrupted, exiting. There are 0 tasks remaining in the queue.
2019-09-25 05:41:21,059 [main] INFO  impl.StateMachineUpdater (StateMachineUpdater.java:stopAndJoin(125)) - a0f9784c-b240-4740-a75c-f623c7ee251f@group-F6426B243BE5-StateMachineUpdater: set stopIndex = 0
2019-09-25 05:41:21,060 [main] INFO  impl.RaftServerImpl (ServerState.java:close(385)) - a0f9784c-b240-4740-a75c-f623c7ee251f@group-F6426B243BE5: closes. applyIndex: 0
2019-09-25 05:41:21,059 [ForkJoinPool.commonPool-worker-1] INFO  segmented.SegmentedRaftLogWorker (SegmentedRaftLogWorker.java:close(228)) - 9c5364a7-ba03-46bb-ba71-b490d4b445f4@group-E6CF19AEA87F-SegmentedRaftLogWorker close()
2019-09-25 05:41:21,061 [a0f9784c-b240-4740-a75c-f623c7ee251f@group-F6426B243BE5-SegmentedRaftLogWorker] INFO  segmented.SegmentedRaftLogWorker (SegmentedRaftLogWorker.java:run(313)) - a0f9784c-b240-4740-a75c-f623c7ee251f@group-F6426B243BE5-SegmentedRaftLogWorker was interrupted, exiting. There are 0 tasks remaining in the queue.
2019-09-25 05:41:21,069 [ForkJoinPool.commonPool-worker-1] INFO  impl.RaftServerImpl (RaftServerImpl.java:lambda$shutdown$3(251)) - 9c5364a7-ba03-46bb-ba71-b490d4b445f4@group-49F77115FBAC: shutdown
2019-09-25 05:41:21,069 [main] INFO  segmented.SegmentedRaftLogWorker (SegmentedRaftLogWorker.java:close(228)) - a0f9784c-b240-4740-a75c-f623c7ee251f@group-F6426B243BE5-SegmentedRaftLogWorker close()
2019-09-25 05:41:21,069 [ForkJoinPool.commonPool-worker-1] INFO  util.JmxRegister (JmxRegister.java:unregister(73)) - Successfully un-registered JMX Bean with object name Ratis:service=RaftServer,group=group-49F77115FBAC,id=9c5364a7-ba03-46bb-ba71-b490d4b445f4
2019-09-25 05:41:21,070 [main] INFO  impl.RaftServerImpl (RaftServerImpl.java:lambda$shutdown$3(251)) - a0f9784c-b240-4740-a75c-f623c7ee251f@group-668633B448E5: shutdown
2019-09-25 05:41:21,070 [ForkJoinPool.commonPool-worker-1] INFO  impl.RoleInfo (RoleInfo.java:shutdownLeaderState(104)) - 9c5364a7-ba03-46bb-ba71-b490d4b445f4: shutdown LeaderState
2019-09-25 05:41:21,071 [main] INFO  util.JmxRegister (JmxRegister.java:unregister(73)) - Successfully un-registered JMX Bean with object name Ratis:service=RaftServer,group=group-668633B448E5,id=a0f9784c-b240-4740-a75c-f623c7ee251f
2019-09-25 05:41:21,071 [ForkJoinPool.commonPool-worker-1] INFO  impl.PendingRequests (PendingRequests.java:sendNotLeaderResponses(202)) - 9c5364a7-ba03-46bb-ba71-b490d4b445f4-PendingRequests: sendNotLeaderResponses
2019-09-25 05:41:21,071 [main] INFO  impl.RoleInfo (RoleInfo.java:shutdownLeaderState(104)) - a0f9784c-b240-4740-a75c-f623c7ee251f: shutdown LeaderState
2019-09-25 05:41:21,071 [ForkJoinPool.commonPool-worker-1] INFO  impl.StateMachineUpdater (StateMachineUpdater.java:stopAndJoin(125)) - 9c5364a7-ba03-46bb-ba71-b490d4b445f4@group-49F77115FBAC-StateMachineUpdater: set stopIndex = 0
2019-09-25 05:41:21,072 [main] INFO  impl.PendingRequests (PendingRequests.java:sendNotLeaderResponses(202)) - a0f9784c-b240-4740-a75c-f623c7ee251f-PendingRequests: sendNotLeaderResponses
2019-09-25 05:41:21,072 [ForkJoinPool.commonPool-worker-1] INFO  impl.RaftServerImpl (ServerState.java:close(385)) - 9c5364a7-ba03-46bb-ba71-b490d4b445f4@group-49F77115FBAC: closes. applyIndex: 0
2019-09-25 05:41:21,072 [main] INFO  impl.StateMachineUpdater (StateMachineUpdater.java:stopAndJoin(125)) - a0f9784c-b240-4740-a75c-f623c7ee251f@group-668633B448E5-StateMachineUpdater: set stopIndex = 0
2019-09-25 05:41:21,073 [9c5364a7-ba03-46bb-ba71-b490d4b445f4@group-49F77115FBAC-SegmentedRaftLogWorker] INFO  segmented.SegmentedRaftLogWorker (SegmentedRaftLogWorker.java:run(313)) - 9c5364a7-ba03-46bb-ba71-b490d4b445f4@group-49F77115FBAC-SegmentedRaftLogWorker was interrupted, exiting. There are 0 tasks remaining in the queue.
2019-09-25 05:41:21,073 [main] INFO  impl.RaftServerImpl (ServerState.java:close(385)) - a0f9784c-b240-4740-a75c-f623c7ee251f@group-668633B448E5: closes. applyIndex: 0
2019-09-25 05:41:21,073 [ForkJoinPool.commonPool-worker-1] INFO  segmented.SegmentedRaftLogWorker (SegmentedRaftLogWorker.java:close(228)) - 9c5364a7-ba03-46bb-ba71-b490d4b445f4@group-49F77115FBAC-SegmentedRaftLogWorker close()
2019-09-25 05:41:21,074 [a0f9784c-b240-4740-a75c-f623c7ee251f@group-668633B448E5-SegmentedRaftLogWorker] INFO  segmented.SegmentedRaftLogWorker (SegmentedRaftLogWorker.java:run(313)) - a0f9784c-b240-4740-a75c-f623c7ee251f@group-668633B448E5-SegmentedRaftLogWorker was interrupted, exiting. There are 0 tasks remaining in the queue.
2019-09-25 05:41:21,074 [ForkJoinPool.commonPool-worker-1] INFO  impl.RaftServerImpl (RaftServerImpl.java:lambda$shutdown$3(251)) - 9c5364a7-ba03-46bb-ba71-b490d4b445f4@group-6E1E3F1E02F2: shutdown
2019-09-25 05:41:21,074 [main] INFO  segmented.SegmentedRaftLogWorker (SegmentedRaftLogWorker.java:close(228)) - a0f9784c-b240-4740-a75c-f623c7ee251f@group-668633B448E5-SegmentedRaftLogWorker close()
2019-09-25 05:41:21,074 [ForkJoinPool.commonPool-worker-1] INFO  util.JmxRegister (JmxRegister.java:unregister(73)) - Successfully un-registered JMX Bean with object name Ratis:service=RaftServer,group=group-6E1E3F1E02F2,id=9c5364a7-ba03-46bb-ba71-b490d4b445f4
2019-09-25 05:41:21,075 [main] INFO  server.GrpcService (GrpcService.java:closeImpl(164)) - a0f9784c-b240-4740-a75c-f623c7ee251f: shutdown server with port 36265 now
2019-09-25 05:41:21,075 [ForkJoinPool.commonPool-worker-1] INFO  impl.RoleInfo (RoleInfo.java:shutdownLeaderState(104)) - 9c5364a7-ba03-46bb-ba71-b490d4b445f4: shutdown LeaderState
2019-09-25 05:41:21,077 [ForkJoinPool.commonPool-worker-1] INFO  impl.PendingRequests (PendingRequests.java:sendNotLeaderResponses(202)) - 9c5364a7-ba03-46bb-ba71-b490d4b445f4-PendingRequests: sendNotLeaderResponses
2019-09-25 05:41:21,077 [main] INFO  server.GrpcService (GrpcService.java:closeImpl(172)) - a0f9784c-b240-4740-a75c-f623c7ee251f: shutdown server with port 36265 successfully
2019-09-25 05:41:21,078 [ForkJoinPool.commonPool-worker-1] INFO  impl.StateMachineUpdater (StateMachineUpdater.java:stopAndJoin(125)) - 9c5364a7-ba03-46bb-ba71-b490d4b445f4@group-6E1E3F1E02F2-StateMachineUpdater: set stopIndex = 0
2019-09-25 05:41:21,078 [ForkJoinPool.commonPool-worker-1] INFO  impl.RaftServerImpl (ServerState.java:close(385)) - 9c5364a7-ba03-46bb-ba71-b490d4b445f4@group-6E1E3F1E02F2: closes. applyIndex: 0
2019-09-25 05:41:21,079 [9c5364a7-ba03-46bb-ba71-b490d4b445f4@group-6E1E3F1E02F2-SegmentedRaftLogWorker] INFO  segmented.SegmentedRaftLogWorker (SegmentedRaftLogWorker.java:run(313)) - 9c5364a7-ba03-46bb-ba71-b490d4b445f4@group-6E1E3F1E02F2-SegmentedRaftLogWorker was interrupted, exiting. There are 0 tasks remaining in the queue.
2019-09-25 05:41:21,079 [ForkJoinPool.commonPool-worker-1] INFO  segmented.SegmentedRaftLogWorker (SegmentedRaftLogWorker.java:close(228)) - 9c5364a7-ba03-46bb-ba71-b490d4b445f4@group-6E1E3F1E02F2-SegmentedRaftLogWorker close()
2019-09-25 05:41:21,079 [ForkJoinPool.commonPool-worker-1] INFO  server.GrpcService (GrpcService.java:closeImpl(164)) - 9c5364a7-ba03-46bb-ba71-b490d4b445f4: shutdown server with port 36102 now
2019-09-25 05:41:21,081 [ForkJoinPool.commonPool-worker-1] INFO  server.GrpcService (GrpcService.java:closeImpl(172)) - 9c5364a7-ba03-46bb-ba71-b490d4b445f4: shutdown server with port 36102 successfully
2019-09-25 05:41:21,084 [refreshUsed-/workdir/hadoop-ozone/integration-test/target/test-dir/MiniOzoneClusterImpl-5f167f52-bad4-483d-8ef4-c1e76e705afb/datanode-2/data/containers] WARN  fs.CachingGetSpaceUsed (CachingGetSpaceUsed.java:run(183)) - Thread Interrupted waiting to refresh disk information: sleep interrupted
2019-09-25 05:41:21,088 [refreshUsed-/workdir/hadoop-ozone/integration-test/target/test-dir/MiniOzoneClusterImpl-5f167f52-bad4-483d-8ef4-c1e76e705afb/datanode-3/data/containers] WARN  fs.CachingGetSpaceUsed (CachingGetSpaceUsed.java:run(183)) - Thread Interrupted waiting to refresh disk information: sleep interrupted
2019-09-25 05:41:21,104 [ForkJoinPool.commonPool-worker-1] INFO  utils.BackgroundService (BackgroundService.java:shutdown(148)) - Shutting down service BlockDeletingService
2019-09-25 05:41:21,110 [ForkJoinPool.commonPool-worker-1] INFO  statemachine.DatanodeStateMachine (DatanodeStateMachine.java:stopDaemon(395)) - Ozone container server stopped.
2019-09-25 05:41:21,117 [ForkJoinPool.commonPool-worker-1] INFO  handler.ContextHandler (ContextHandler.java:doStop(910)) - Stopped o.e.j.w.WebAppContext@588f63c{/,null,UNAVAILABLE}{/hddsDatanode}
2019-09-25 05:41:21,117 [ForkJoinPool.commonPool-worker-1] INFO  server.AbstractConnector (AbstractConnector.java:doStop(318)) - Stopped ServerConnector@5a6fa56e{HTTP/1.1,[http/1.1]}{0.0.0.0:0}
2019-09-25 05:41:21,119 [ForkJoinPool.commonPool-worker-1] INFO  handler.ContextHandler (ContextHandler.java:doStop(910)) - Stopped o.e.j.s.ServletContextHandler@32e54a9d{/static,jar:file:/home/user/.m2/repository/org/apache/hadoop/hadoop-hdds-container-service/0.5.0-SNAPSHOT/hadoop-hdds-container-service-0.5.0-SNAPSHOT.jar!/webapps/static,UNAVAILABLE}
2019-09-25 05:41:21,123 [ForkJoinPool.commonPool-worker-1] INFO  handler.ContextHandler (ContextHandler.java:doStop(910)) - Stopped o.e.j.s.ServletContextHandler@7100dea{/logs,file:///workdir/hadoop-ozone/integration-test/target/log,UNAVAILABLE}
2019-09-25 05:41:21,126 [main] INFO  utils.BackgroundService (BackgroundService.java:shutdown(148)) - Shutting down service BlockDeletingService
2019-09-25 05:41:21,131 [main] INFO  statemachine.DatanodeStateMachine (DatanodeStateMachine.java:stopDaemon(395)) - Ozone container server stopped.
2019-09-25 05:41:21,132 [main] INFO  handler.ContextHandler (ContextHandler.java:doStop(910)) - Stopped o.e.j.w.WebAppContext@715b886f{/,null,UNAVAILABLE}{/hddsDatanode}
2019-09-25 05:41:21,132 [main] INFO  server.AbstractConnector (AbstractConnector.java:doStop(318)) - Stopped ServerConnector@7fb29ca9{HTTP/1.1,[http/1.1]}{0.0.0.0:0}
2019-09-25 05:41:21,133 [main] INFO  handler.ContextHandler (ContextHandler.java:doStop(910)) - Stopped o.e.j.s.ServletContextHandler@762637be{/static,jar:file:/home/user/.m2/repository/org/apache/hadoop/hadoop-hdds-container-service/0.5.0-SNAPSHOT/hadoop-hdds-container-service-0.5.0-SNAPSHOT.jar!/webapps/static,UNAVAILABLE}
2019-09-25 05:41:21,133 [main] INFO  handler.ContextHandler (ContextHandler.java:doStop(910)) - Stopped o.e.j.s.ServletContextHandler@72f9f27c{/logs,file:///workdir/hadoop-ozone/integration-test/target/log,UNAVAILABLE}
2019-09-25 05:41:21,179 [Datanode State Machine Thread - 0] INFO  statemachine.DatanodeStateMachine (DatanodeStateMachine.java:lambda$startDaemon$0(350)) - Ozone container server started.
2019-09-25 05:41:21,948 [Datanode State Machine Thread - 0] INFO  statemachine.DatanodeStateMachine (DatanodeStateMachine.java:lambda$startDaemon$0(350)) - Ozone container server started.
2019-09-25 05:41:25,279 [EventQueue-StaleNodeForStaleNodeHandler] INFO  node.StaleNodeHandler (StaleNodeHandler.java:onMessage(58)) - Datanode fe7430cd-f76a-4ec3-9a68-9236192633d5{ip: 192.168.30.10, host: pr-hdds-1569-s62bp-3040748787, networkLocation: /default-rack, certSerialId: null} moved to stale state. Finalizing its pipelines [PipelineID=cf39084a-0a47-4a4a-aa70-0936d7eebbf4, PipelineID=0666fcfb-3764-40da-90a2-7246b55b8618, PipelineID=06e472f1-46e0-4ea7-a55b-5ba619d6be51, PipelineID=37083da9-a33d-446c-bbe8-ac862c6da28a, PipelineID=70d98ea8-0553-4416-9cd8-906593a9c66a, PipelineID=ae6720ba-61a2-485d-a196-2f5e2fd484f5]
2019-09-25 05:41:25,280 [EventQueue-StaleNodeForStaleNodeHandler] INFO  pipeline.SCMPipelineManager (SCMPipelineManager.java:finalizeAndDestroyPipeline(317)) - destroying pipeline:Pipeline[ Id: cf39084a-0a47-4a4a-aa70-0936d7eebbf4, Nodes: fe7430cd-f76a-4ec3-9a68-9236192633d5{ip: 192.168.30.10, host: pr-hdds-1569-s62bp-3040748787, networkLocation: /default-rack, certSerialId: null}, Type:RATIS, Factor:ONE, State:OPEN]
2019-09-25 05:41:25,280 [EventQueue-StaleNodeForStaleNodeHandler] INFO  pipeline.PipelineStateManager (PipelineStateManager.java:finalizePipeline(123)) - Pipeline Pipeline[ Id: cf39084a-0a47-4a4a-aa70-0936d7eebbf4, Nodes: fe7430cd-f76a-4ec3-9a68-9236192633d5{ip: 192.168.30.10, host: pr-hdds-1569-s62bp-3040748787, networkLocation: /default-rack, certSerialId: null}, Type:RATIS, Factor:ONE, State:CLOSED] moved to CLOSED state
2019-09-25 05:41:25,280 [EventQueue-StaleNodeForStaleNodeHandler] INFO  pipeline.SCMPipelineManager (SCMPipelineManager.java:finalizeAndDestroyPipeline(317)) - destroying pipeline:Pipeline[ Id: 0666fcfb-3764-40da-90a2-7246b55b8618, Nodes: fe7430cd-f76a-4ec3-9a68-9236192633d5{ip: 192.168.30.10, host: pr-hdds-1569-s62bp-3040748787, networkLocation: /default-rack, certSerialId: null}, Type:RATIS, Factor:ONE, State:OPEN]
2019-09-25 05:41:25,280 [EventQueue-StaleNodeForStaleNodeHandler] INFO  pipeline.PipelineStateManager (PipelineStateManager.java:finalizePipeline(123)) - Pipeline Pipeline[ Id: 0666fcfb-3764-40da-90a2-7246b55b8618, Nodes: fe7430cd-f76a-4ec3-9a68-9236192633d5{ip: 192.168.30.10, host: pr-hdds-1569-s62bp-3040748787, networkLocation: /default-rack, certSerialId: null}, Type:RATIS, Factor:ONE, State:CLOSED] moved to CLOSED state
2019-09-25 05:41:25,280 [EventQueue-StaleNodeForStaleNodeHandler] INFO  pipeline.SCMPipelineManager (SCMPipelineManager.java:finalizeAndDestroyPipeline(317)) - destroying pipeline:Pipeline[ Id: 06e472f1-46e0-4ea7-a55b-5ba619d6be51, Nodes: fe7430cd-f76a-4ec3-9a68-9236192633d5{ip: 192.168.30.10, host: pr-hdds-1569-s62bp-3040748787, networkLocation: /default-rack, certSerialId: null}, Type:RATIS, Factor:ONE, State:OPEN]
2019-09-25 05:41:25,281 [EventQueue-StaleNodeForStaleNodeHandler] INFO  pipeline.PipelineStateManager (PipelineStateManager.java:finalizePipeline(123)) - Pipeline Pipeline[ Id: 06e472f1-46e0-4ea7-a55b-5ba619d6be51, Nodes: fe7430cd-f76a-4ec3-9a68-9236192633d5{ip: 192.168.30.10, host: pr-hdds-1569-s62bp-3040748787, networkLocation: /default-rack, certSerialId: null}, Type:RATIS, Factor:ONE, State:CLOSED] moved to CLOSED state
2019-09-25 05:41:25,281 [EventQueue-StaleNodeForStaleNodeHandler] INFO  pipeline.SCMPipelineManager (SCMPipelineManager.java:finalizeAndDestroyPipeline(317)) - destroying pipeline:Pipeline[ Id: 37083da9-a33d-446c-bbe8-ac862c6da28a, Nodes: fe7430cd-f76a-4ec3-9a68-9236192633d5{ip: 192.168.30.10, host: pr-hdds-1569-s62bp-3040748787, networkLocation: /default-rack, certSerialId: null}, Type:RATIS, Factor:ONE, State:OPEN]
2019-09-25 05:41:25,281 [EventQueue-StaleNodeForStaleNodeHandler] INFO  pipeline.PipelineStateManager (PipelineStateManager.java:finalizePipeline(123)) - Pipeline Pipeline[ Id: 37083da9-a33d-446c-bbe8-ac862c6da28a, Nodes: fe7430cd-f76a-4ec3-9a68-9236192633d5{ip: 192.168.30.10, host: pr-hdds-1569-s62bp-3040748787, networkLocation: /default-rack, certSerialId: null}, Type:RATIS, Factor:ONE, State:CLOSED] moved to CLOSED state
2019-09-25 05:41:25,281 [EventQueue-StaleNodeForStaleNodeHandler] INFO  pipeline.SCMPipelineManager (SCMPipelineManager.java:finalizeAndDestroyPipeline(317)) - destroying pipeline:Pipeline[ Id: 70d98ea8-0553-4416-9cd8-906593a9c66a, Nodes: fe7430cd-f76a-4ec3-9a68-9236192633d5{ip: 192.168.30.10, host: pr-hdds-1569-s62bp-3040748787, networkLocation: /default-rack, certSerialId: null}, Type:RATIS, Factor:ONE, State:OPEN]
2019-09-25 05:41:25,281 [EventQueue-StaleNodeForStaleNodeHandler] INFO  pipeline.PipelineStateManager (PipelineStateManager.java:finalizePipeline(123)) - Pipeline Pipeline[ Id: 70d98ea8-0553-4416-9cd8-906593a9c66a, Nodes: fe7430cd-f76a-4ec3-9a68-9236192633d5{ip: 192.168.30.10, host: pr-hdds-1569-s62bp-3040748787, networkLocation: /default-rack, certSerialId: null}, Type:RATIS, Factor:ONE, State:CLOSED] moved to CLOSED state
2019-09-25 05:41:25,281 [EventQueue-StaleNodeForStaleNodeHandler] INFO  pipeline.SCMPipelineManager (SCMPipelineManager.java:finalizeAndDestroyPipeline(317)) - destroying pipeline:Pipeline[ Id: ae6720ba-61a2-485d-a196-2f5e2fd484f5, Nodes: fe7430cd-f76a-4ec3-9a68-9236192633d5{ip: 192.168.30.10, host: pr-hdds-1569-s62bp-3040748787, networkLocation: /default-rack, certSerialId: null}, Type:RATIS, Factor:ONE, State:OPEN]
2019-09-25 05:41:25,282 [EventQueue-StaleNodeForStaleNodeHandler] INFO  pipeline.PipelineStateManager (PipelineStateManager.java:finalizePipeline(123)) - Pipeline Pipeline[ Id: ae6720ba-61a2-485d-a196-2f5e2fd484f5, Nodes: fe7430cd-f76a-4ec3-9a68-9236192633d5{ip: 192.168.30.10, host: pr-hdds-1569-s62bp-3040748787, networkLocation: /default-rack, certSerialId: null}, Type:RATIS, Factor:ONE, State:CLOSED] moved to CLOSED state
2019-09-25 05:41:25,981 [EventQueue-StaleNodeForStaleNodeHandler] INFO  node.StaleNodeHandler (StaleNodeHandler.java:onMessage(58)) - Datanode ddbbae55-12b9-461a-b1dd-678d37e66059{ip: 192.168.30.10, host: pr-hdds-1569-s62bp-3040748787, networkLocation: /default-rack, certSerialId: null} moved to stale state. Finalizing its pipelines [PipelineID=10b52dd5-d9c1-4ca6-8fc6-9e2fbb03936e, PipelineID=5c607d66-ab3b-4759-ac3f-823d1a6a2a48, PipelineID=f83f6952-bb01-41d8-a09f-19c7b6a0fd29, PipelineID=7f3eac04-73d6-4bf3-9ab8-642a6382e39a, PipelineID=2ead3c25-b45d-41c5-a4ba-5e3170e5e5e5, PipelineID=59037cf2-c007-4ed8-9c48-e8f4392bd136]
2019-09-25 05:41:25,981 [EventQueue-StaleNodeForStaleNodeHandler] INFO  pipeline.SCMPipelineManager (SCMPipelineManager.java:finalizeAndDestroyPipeline(317)) - destroying pipeline:Pipeline[ Id: 10b52dd5-d9c1-4ca6-8fc6-9e2fbb03936e, Nodes: ddbbae55-12b9-461a-b1dd-678d37e66059{ip: 192.168.30.10, host: pr-hdds-1569-s62bp-3040748787, networkLocation: /default-rack, certSerialId: null}, Type:RATIS, Factor:ONE, State:OPEN]
2019-09-25 05:41:25,982 [EventQueue-StaleNodeForStaleNodeHandler] INFO  pipeline.PipelineStateManager (PipelineStateManager.java:finalizePipeline(123)) - Pipeline Pipeline[ Id: 10b52dd5-d9c1-4ca6-8fc6-9e2fbb03936e, Nodes: ddbbae55-12b9-461a-b1dd-678d37e66059{ip: 192.168.30.10, host: pr-hdds-1569-s62bp-3040748787, networkLocation: /default-rack, certSerialId: null}, Type:RATIS, Factor:ONE, State:CLOSED] moved to CLOSED state
2019-09-25 05:41:25,982 [EventQueue-StaleNodeForStaleNodeHandler] INFO  pipeline.SCMPipelineManager (SCMPipelineManager.java:finalizeAndDestroyPipeline(317)) - destroying pipeline:Pipeline[ Id: 5c607d66-ab3b-4759-ac3f-823d1a6a2a48, Nodes: ddbbae55-12b9-461a-b1dd-678d37e66059{ip: 192.168.30.10, host: pr-hdds-1569-s62bp-3040748787, networkLocation: /default-rack, certSerialId: null}, Type:RATIS, Factor:ONE, State:OPEN]
2019-09-25 05:41:25,982 [EventQueue-StaleNodeForStaleNodeHandler] INFO  pipeline.PipelineStateManager (PipelineStateManager.java:finalizePipeline(123)) - Pipeline Pipeline[ Id: 5c607d66-ab3b-4759-ac3f-823d1a6a2a48, Nodes: ddbbae55-12b9-461a-b1dd-678d37e66059{ip: 192.168.30.10, host: pr-hdds-1569-s62bp-3040748787, networkLocation: /default-rack, certSerialId: null}, Type:RATIS, Factor:ONE, State:CLOSED] moved to CLOSED state
2019-09-25 05:41:25,982 [EventQueue-StaleNodeForStaleNodeHandler] INFO  pipeline.SCMPipelineManager (SCMPipelineManager.java:finalizeAndDestroyPipeline(317)) - destroying pipeline:Pipeline[ Id: f83f6952-bb01-41d8-a09f-19c7b6a0fd29, Nodes: ddbbae55-12b9-461a-b1dd-678d37e66059{ip: 192.168.30.10, host: pr-hdds-1569-s62bp-3040748787, networkLocation: /default-rack, certSerialId: null}, Type:RATIS, Factor:ONE, State:OPEN]
2019-09-25 05:41:25,983 [EventQueue-StaleNodeForStaleNodeHandler] INFO  pipeline.PipelineStateManager (PipelineStateManager.java:finalizePipeline(123)) - Pipeline Pipeline[ Id: f83f6952-bb01-41d8-a09f-19c7b6a0fd29, Nodes: ddbbae55-12b9-461a-b1dd-678d37e66059{ip: 192.168.30.10, host: pr-hdds-1569-s62bp-3040748787, networkLocation: /default-rack, certSerialId: null}, Type:RATIS, Factor:ONE, State:CLOSED] moved to CLOSED state
2019-09-25 05:41:25,983 [EventQueue-StaleNodeForStaleNodeHandler] INFO  pipeline.SCMPipelineManager (SCMPipelineManager.java:finalizeAndDestroyPipeline(317)) - destroying pipeline:Pipeline[ Id: 7f3eac04-73d6-4bf3-9ab8-642a6382e39a, Nodes: ddbbae55-12b9-461a-b1dd-678d37e66059{ip: 192.168.30.10, host: pr-hdds-1569-s62bp-3040748787, networkLocation: /default-rack, certSerialId: null}, Type:RATIS, Factor:ONE, State:OPEN]
2019-09-25 05:41:25,983 [EventQueue-StaleNodeForStaleNodeHandler] INFO  pipeline.PipelineStateManager (PipelineStateManager.java:finalizePipeline(123)) - Pipeline Pipeline[ Id: 7f3eac04-73d6-4bf3-9ab8-642a6382e39a, Nodes: ddbbae55-12b9-461a-b1dd-678d37e66059{ip: 192.168.30.10, host: pr-hdds-1569-s62bp-3040748787, networkLocation: /default-rack, certSerialId: null}, Type:RATIS, Factor:ONE, State:CLOSED] moved to CLOSED state
2019-09-25 05:41:25,983 [EventQueue-StaleNodeForStaleNodeHandler] INFO  pipeline.SCMPipelineManager (SCMPipelineManager.java:finalizeAndDestroyPipeline(317)) - destroying pipeline:Pipeline[ Id: 2ead3c25-b45d-41c5-a4ba-5e3170e5e5e5, Nodes: ddbbae55-12b9-461a-b1dd-678d37e66059{ip: 192.168.30.10, host: pr-hdds-1569-s62bp-3040748787, networkLocation: /default-rack, certSerialId: null}, Type:RATIS, Factor:ONE, State:OPEN]
2019-09-25 05:41:25,984 [EventQueue-StaleNodeForStaleNodeHandler] INFO  pipeline.PipelineStateManager (PipelineStateManager.java:finalizePipeline(123)) - Pipeline Pipeline[ Id: 2ead3c25-b45d-41c5-a4ba-5e3170e5e5e5, Nodes: ddbbae55-12b9-461a-b1dd-678d37e66059{ip: 192.168.30.10, host: pr-hdds-1569-s62bp-3040748787, networkLocation: /default-rack, certSerialId: null}, Type:RATIS, Factor:ONE, State:CLOSED] moved to CLOSED state
2019-09-25 05:41:25,984 [EventQueue-StaleNodeForStaleNodeHandler] INFO  pipeline.SCMPipelineManager (SCMPipelineManager.java:finalizeAndDestroyPipeline(317)) - destroying pipeline:Pipeline[ Id: 59037cf2-c007-4ed8-9c48-e8f4392bd136, Nodes: ddbbae55-12b9-461a-b1dd-678d37e66059{ip: 192.168.30.10, host: pr-hdds-1569-s62bp-3040748787, networkLocation: /default-rack, certSerialId: null}, Type:RATIS, Factor:ONE, State:OPEN]
2019-09-25 05:41:25,984 [EventQueue-StaleNodeForStaleNodeHandler] INFO  pipeline.PipelineStateManager (PipelineStateManager.java:finalizePipeline(123)) - Pipeline Pipeline[ Id: 59037cf2-c007-4ed8-9c48-e8f4392bd136, Nodes: ddbbae55-12b9-461a-b1dd-678d37e66059{ip: 192.168.30.10, host: pr-hdds-1569-s62bp-3040748787, networkLocation: /default-rack, certSerialId: null}, Type:RATIS, Factor:ONE, State:CLOSED] moved to CLOSED state
2019-09-25 05:41:26,126 [ForkJoinPool.commonPool-worker-1] INFO  ozoneimpl.OzoneContainer (OzoneContainer.java:stop(231)) - Attempting to stop container services.
2019-09-25 05:41:26,129 [ForkJoinPool.commonPool-worker-1] INFO  impl.RaftServerProxy (RaftServerProxy.java:lambda$close$4(314)) - fe7430cd-f76a-4ec3-9a68-9236192633d5: close
2019-09-25 05:41:26,129 [ForkJoinPool.commonPool-worker-1] INFO  impl.RaftServerImpl (RaftServerImpl.java:lambda$shutdown$3(251)) - fe7430cd-f76a-4ec3-9a68-9236192633d5@group-7246B55B8618: shutdown
2019-09-25 05:41:26,130 [ForkJoinPool.commonPool-worker-1] INFO  util.JmxRegister (JmxRegister.java:unregister(73)) - Successfully un-registered JMX Bean with object name Ratis:service=RaftServer,group=group-7246B55B8618,id=fe7430cd-f76a-4ec3-9a68-9236192633d5
2019-09-25 05:41:26,130 [ForkJoinPool.commonPool-worker-1] INFO  impl.RoleInfo (RoleInfo.java:shutdownLeaderState(104)) - fe7430cd-f76a-4ec3-9a68-9236192633d5: shutdown LeaderState
2019-09-25 05:41:26,130 [ForkJoinPool.commonPool-worker-1] INFO  impl.PendingRequests (PendingRequests.java:sendNotLeaderResponses(202)) - fe7430cd-f76a-4ec3-9a68-9236192633d5-PendingRequests: sendNotLeaderResponses
2019-09-25 05:41:26,131 [ForkJoinPool.commonPool-worker-1] INFO  impl.StateMachineUpdater (StateMachineUpdater.java:stopAndJoin(125)) - fe7430cd-f76a-4ec3-9a68-9236192633d5@group-7246B55B8618-StateMachineUpdater: set stopIndex = 0
2019-09-25 05:41:26,131 [ForkJoinPool.commonPool-worker-1] INFO  impl.RaftServerImpl (ServerState.java:close(385)) - fe7430cd-f76a-4ec3-9a68-9236192633d5@group-7246B55B8618: closes. applyIndex: 0
2019-09-25 05:41:26,132 [fe7430cd-f76a-4ec3-9a68-9236192633d5@group-7246B55B8618-SegmentedRaftLogWorker] INFO  segmented.SegmentedRaftLogWorker (SegmentedRaftLogWorker.java:run(313)) - fe7430cd-f76a-4ec3-9a68-9236192633d5@group-7246B55B8618-SegmentedRaftLogWorker was interrupted, exiting. There are 0 tasks remaining in the queue.
2019-09-25 05:41:26,132 [ForkJoinPool.commonPool-worker-1] INFO  segmented.SegmentedRaftLogWorker (SegmentedRaftLogWorker.java:close(228)) - fe7430cd-f76a-4ec3-9a68-9236192633d5@group-7246B55B8618-SegmentedRaftLogWorker close()
2019-09-25 05:41:26,132 [ForkJoinPool.commonPool-worker-1] INFO  impl.RaftServerImpl (RaftServerImpl.java:lambda$shutdown$3(251)) - fe7430cd-f76a-4ec3-9a68-9236192633d5@group-0936D7EEBBF4: shutdown
2019-09-25 05:41:26,133 [ForkJoinPool.commonPool-worker-1] INFO  util.JmxRegister (JmxRegister.java:unregister(73)) - Successfully un-registered JMX Bean with object name Ratis:service=RaftServer,group=group-0936D7EEBBF4,id=fe7430cd-f76a-4ec3-9a68-9236192633d5
2019-09-25 05:41:26,133 [ForkJoinPool.commonPool-worker-1] INFO  impl.RoleInfo (RoleInfo.java:shutdownLeaderState(104)) - fe7430cd-f76a-4ec3-9a68-9236192633d5: shutdown LeaderState
2019-09-25 05:41:26,133 [ForkJoinPool.commonPool-worker-1] INFO  impl.PendingRequests (PendingRequests.java:sendNotLeaderResponses(202)) - fe7430cd-f76a-4ec3-9a68-9236192633d5-PendingRequests: sendNotLeaderResponses
2019-09-25 05:41:26,134 [ForkJoinPool.commonPool-worker-1] INFO  impl.StateMachineUpdater (StateMachineUpdater.java:stopAndJoin(125)) - fe7430cd-f76a-4ec3-9a68-9236192633d5@group-0936D7EEBBF4-StateMachineUpdater: set stopIndex = 0
2019-09-25 05:41:26,134 [ForkJoinPool.commonPool-worker-1] INFO  impl.RaftServerImpl (ServerState.java:close(385)) - fe7430cd-f76a-4ec3-9a68-9236192633d5@group-0936D7EEBBF4: closes. applyIndex: 0
2019-09-25 05:41:26,135 [main] INFO  ozoneimpl.OzoneContainer (OzoneContainer.java:stop(231)) - Attempting to stop container services.
2019-09-25 05:41:26,135 [fe7430cd-f76a-4ec3-9a68-9236192633d5@group-0936D7EEBBF4-SegmentedRaftLogWorker] INFO  segmented.SegmentedRaftLogWorker (SegmentedRaftLogWorker.java:run(313)) - fe7430cd-f76a-4ec3-9a68-9236192633d5@group-0936D7EEBBF4-SegmentedRaftLogWorker was interrupted, exiting. There are 0 tasks remaining in the queue.
2019-09-25 05:41:26,136 [main] INFO  impl.RaftServerProxy (RaftServerProxy.java:lambda$close$4(314)) - ddbbae55-12b9-461a-b1dd-678d37e66059: close
2019-09-25 05:41:26,136 [ForkJoinPool.commonPool-worker-1] INFO  segmented.SegmentedRaftLogWorker (SegmentedRaftLogWorker.java:close(228)) - fe7430cd-f76a-4ec3-9a68-9236192633d5@group-0936D7EEBBF4-SegmentedRaftLogWorker close()
2019-09-25 05:41:26,136 [main] INFO  impl.RaftServerImpl (RaftServerImpl.java:lambda$shutdown$3(251)) - ddbbae55-12b9-461a-b1dd-678d37e66059@group-823D1A6A2A48: shutdown
2019-09-25 05:41:26,136 [ForkJoinPool.commonPool-worker-1] INFO  impl.RaftServerImpl (RaftServerImpl.java:lambda$shutdown$3(251)) - fe7430cd-f76a-4ec3-9a68-9236192633d5@group-5BA619D6BE51: shutdown
2019-09-25 05:41:26,137 [main] INFO  util.JmxRegister (JmxRegister.java:unregister(73)) - Successfully un-registered JMX Bean with object name Ratis:service=RaftServer,group=group-823D1A6A2A48,id=ddbbae55-12b9-461a-b1dd-678d37e66059
2019-09-25 05:41:26,137 [ForkJoinPool.commonPool-worker-1] INFO  util.JmxRegister (JmxRegister.java:unregister(73)) - Successfully un-registered JMX Bean with object name Ratis:service=RaftServer,group=group-5BA619D6BE51,id=fe7430cd-f76a-4ec3-9a68-9236192633d5
2019-09-25 05:41:26,138 [main] INFO  impl.RoleInfo (RoleInfo.java:shutdownLeaderState(104)) - ddbbae55-12b9-461a-b1dd-678d37e66059: shutdown LeaderState
2019-09-25 05:41:26,138 [ForkJoinPool.commonPool-worker-1] INFO  impl.RoleInfo (RoleInfo.java:shutdownLeaderState(104)) - fe7430cd-f76a-4ec3-9a68-9236192633d5: shutdown LeaderState
2019-09-25 05:41:26,139 [main] INFO  impl.PendingRequests (PendingRequests.java:sendNotLeaderResponses(202)) - ddbbae55-12b9-461a-b1dd-678d37e66059-PendingRequests: sendNotLeaderResponses
2019-09-25 05:41:26,139 [ForkJoinPool.commonPool-worker-1] INFO  impl.PendingRequests (PendingRequests.java:sendNotLeaderResponses(202)) - fe7430cd-f76a-4ec3-9a68-9236192633d5-PendingRequests: sendNotLeaderResponses
2019-09-25 05:41:26,139 [main] INFO  impl.StateMachineUpdater (StateMachineUpdater.java:stopAndJoin(125)) - ddbbae55-12b9-461a-b1dd-678d37e66059@group-823D1A6A2A48-StateMachineUpdater: set stopIndex = 0
2019-09-25 05:41:26,140 [ForkJoinPool.commonPool-worker-1] INFO  impl.StateMachineUpdater (StateMachineUpdater.java:stopAndJoin(125)) - fe7430cd-f76a-4ec3-9a68-9236192633d5@group-5BA619D6BE51-StateMachineUpdater: set stopIndex = 0
2019-09-25 05:41:26,140 [ForkJoinPool.commonPool-worker-1] INFO  impl.RaftServerImpl (ServerState.java:close(385)) - fe7430cd-f76a-4ec3-9a68-9236192633d5@group-5BA619D6BE51: closes. applyIndex: 0
2019-09-25 05:41:26,140 [main] INFO  impl.RaftServerImpl (ServerState.java:close(385)) - ddbbae55-12b9-461a-b1dd-678d37e66059@group-823D1A6A2A48: closes. applyIndex: 0
2019-09-25 05:41:26,141 [fe7430cd-f76a-4ec3-9a68-9236192633d5@group-5BA619D6BE51-SegmentedRaftLogWorker] INFO  segmented.SegmentedRaftLogWorker (SegmentedRaftLogWorker.java:run(313)) - fe7430cd-f76a-4ec3-9a68-9236192633d5@group-5BA619D6BE51-SegmentedRaftLogWorker was interrupted, exiting. There are 0 tasks remaining in the queue.
2019-09-25 05:41:26,141 [ddbbae55-12b9-461a-b1dd-678d37e66059@group-823D1A6A2A48-SegmentedRaftLogWorker] INFO  segmented.SegmentedRaftLogWorker (SegmentedRaftLogWorker.java:run(313)) - ddbbae55-12b9-461a-b1dd-678d37e66059@group-823D1A6A2A48-SegmentedRaftLogWorker was interrupted, exiting. There are 0 tasks remaining in the queue.
2019-09-25 05:41:26,142 [ForkJoinPool.commonPool-worker-1] INFO  segmented.SegmentedRaftLogWorker (SegmentedRaftLogWorker.java:close(228)) - fe7430cd-f76a-4ec3-9a68-9236192633d5@group-5BA619D6BE51-SegmentedRaftLogWorker close()
2019-09-25 05:41:26,142 [main] INFO  segmented.SegmentedRaftLogWorker (SegmentedRaftLogWorker.java:close(228)) - ddbbae55-12b9-461a-b1dd-678d37e66059@group-823D1A6A2A48-SegmentedRaftLogWorker close()
2019-09-25 05:41:26,142 [ForkJoinPool.commonPool-worker-1] INFO  impl.RaftServerImpl (RaftServerImpl.java:lambda$shutdown$3(251)) - fe7430cd-f76a-4ec3-9a68-9236192633d5@group-AC862C6DA28A: shutdown
2019-09-25 05:41:26,143 [main] INFO  impl.RaftServerImpl (RaftServerImpl.java:lambda$shutdown$3(251)) - ddbbae55-12b9-461a-b1dd-678d37e66059@group-19C7B6A0FD29: shutdown
2019-09-25 05:41:26,143 [ForkJoinPool.commonPool-worker-1] INFO  util.JmxRegister (JmxRegister.java:unregister(73)) - Successfully un-registered JMX Bean with object name Ratis:service=RaftServer,group=group-AC862C6DA28A,id=fe7430cd-f76a-4ec3-9a68-9236192633d5
2019-09-25 05:41:26,143 [main] INFO  util.JmxRegister (JmxRegister.java:unregister(73)) - Successfully un-registered JMX Bean with object name Ratis:service=RaftServer,group=group-19C7B6A0FD29,id=ddbbae55-12b9-461a-b1dd-678d37e66059
2019-09-25 05:41:26,144 [ForkJoinPool.commonPool-worker-1] INFO  impl.RoleInfo (RoleInfo.java:shutdownLeaderState(104)) - fe7430cd-f76a-4ec3-9a68-9236192633d5: shutdown LeaderState
2019-09-25 05:41:26,144 [main] INFO  impl.RoleInfo (RoleInfo.java:shutdownLeaderState(104)) - ddbbae55-12b9-461a-b1dd-678d37e66059: shutdown LeaderState
2019-09-25 05:41:26,144 [ForkJoinPool.commonPool-worker-1] INFO  impl.PendingRequests (PendingRequests.java:sendNotLeaderResponses(202)) - fe7430cd-f76a-4ec3-9a68-9236192633d5-PendingRequests: sendNotLeaderResponses
2019-09-25 05:41:26,145 [main] INFO  impl.PendingRequests (PendingRequests.java:sendNotLeaderResponses(202)) - ddbbae55-12b9-461a-b1dd-678d37e66059-PendingRequests: sendNotLeaderResponses
2019-09-25 05:41:26,145 [ForkJoinPool.commonPool-worker-1] INFO  impl.StateMachineUpdater (StateMachineUpdater.java:stopAndJoin(125)) - fe7430cd-f76a-4ec3-9a68-9236192633d5@group-AC862C6DA28A-StateMachineUpdater: set stopIndex = 0
2019-09-25 05:41:26,146 [main] INFO  impl.StateMachineUpdater (StateMachineUpdater.java:stopAndJoin(125)) - ddbbae55-12b9-461a-b1dd-678d37e66059@group-19C7B6A0FD29-StateMachineUpdater: set stopIndex = 0
2019-09-25 05:41:26,146 [main] INFO  impl.RaftServerImpl (ServerState.java:close(385)) - ddbbae55-12b9-461a-b1dd-678d37e66059@group-19C7B6A0FD29: closes. applyIndex: 0
2019-09-25 05:41:26,146 [ForkJoinPool.commonPool-worker-1] INFO  impl.RaftServerImpl (ServerState.java:close(385)) - fe7430cd-f76a-4ec3-9a68-9236192633d5@group-AC862C6DA28A: closes. applyIndex: 0
2019-09-25 05:41:26,147 [ddbbae55-12b9-461a-b1dd-678d37e66059@group-19C7B6A0FD29-SegmentedRaftLogWorker] INFO  segmented.SegmentedRaftLogWorker (SegmentedRaftLogWorker.java:run(313)) - ddbbae55-12b9-461a-b1dd-678d37e66059@group-19C7B6A0FD29-SegmentedRaftLogWorker was interrupted, exiting. There are 0 tasks remaining in the queue.
2019-09-25 05:41:26,147 [fe7430cd-f76a-4ec3-9a68-9236192633d5@group-AC862C6DA28A-SegmentedRaftLogWorker] INFO  segmented.SegmentedRaftLogWorker (SegmentedRaftLogWorker.java:run(313)) - fe7430cd-f76a-4ec3-9a68-9236192633d5@group-AC862C6DA28A-SegmentedRaftLogWorker was interrupted, exiting. There are 0 tasks remaining in the queue.
2019-09-25 05:41:26,147 [main] INFO  segmented.SegmentedRaftLogWorker (SegmentedRaftLogWorker.java:close(228)) - ddbbae55-12b9-461a-b1dd-678d37e66059@group-19C7B6A0FD29-SegmentedRaftLogWorker close()
2019-09-25 05:41:26,148 [ForkJoinPool.commonPool-worker-1] INFO  segmented.SegmentedRaftLogWorker (SegmentedRaftLogWorker.java:close(228)) - fe7430cd-f76a-4ec3-9a68-9236192633d5@group-AC862C6DA28A-SegmentedRaftLogWorker close()
2019-09-25 05:41:26,148 [main] INFO  impl.RaftServerImpl (RaftServerImpl.java:lambda$shutdown$3(251)) - ddbbae55-12b9-461a-b1dd-678d37e66059@group-642A6382E39A: shutdown
2019-09-25 05:41:26,148 [ForkJoinPool.commonPool-worker-1] INFO  impl.RaftServerImpl (RaftServerImpl.java:lambda$shutdown$3(251)) - fe7430cd-f76a-4ec3-9a68-9236192633d5@group-906593A9C66A: shutdown
2019-09-25 05:41:26,149 [main] INFO  util.JmxRegister (JmxRegister.java:unregister(73)) - Successfully un-registered JMX Bean with object name Ratis:service=RaftServer,group=group-642A6382E39A,id=ddbbae55-12b9-461a-b1dd-678d37e66059
2019-09-25 05:41:26,149 [main] INFO  impl.RoleInfo (RoleInfo.java:shutdownLeaderState(104)) - ddbbae55-12b9-461a-b1dd-678d37e66059: shutdown LeaderState
2019-09-25 05:41:26,149 [ForkJoinPool.commonPool-worker-1] INFO  util.JmxRegister (JmxRegister.java:unregister(73)) - Successfully un-registered JMX Bean with object name Ratis:service=RaftServer,group=group-906593A9C66A,id=fe7430cd-f76a-4ec3-9a68-9236192633d5
2019-09-25 05:41:26,150 [main] INFO  impl.PendingRequests (PendingRequests.java:sendNotLeaderResponses(202)) - ddbbae55-12b9-461a-b1dd-678d37e66059-PendingRequests: sendNotLeaderResponses
2019-09-25 05:41:26,150 [ForkJoinPool.commonPool-worker-1] INFO  impl.RoleInfo (RoleInfo.java:shutdownLeaderState(104)) - fe7430cd-f76a-4ec3-9a68-9236192633d5: shutdown LeaderState
2019-09-25 05:41:26,151 [main] INFO  impl.StateMachineUpdater (StateMachineUpdater.java:stopAndJoin(125)) - ddbbae55-12b9-461a-b1dd-678d37e66059@group-642A6382E39A-StateMachineUpdater: set stopIndex = 0
2019-09-25 05:41:26,151 [ForkJoinPool.commonPool-worker-1] INFO  impl.PendingRequests (PendingRequests.java:sendNotLeaderResponses(202)) - fe7430cd-f76a-4ec3-9a68-9236192633d5-PendingRequests: sendNotLeaderResponses
2019-09-25 05:41:26,151 [main] INFO  impl.RaftServerImpl (ServerState.java:close(385)) - ddbbae55-12b9-461a-b1dd-678d37e66059@group-642A6382E39A: closes. applyIndex: 0
2019-09-25 05:41:26,152 [ForkJoinPool.commonPool-worker-1] INFO  impl.StateMachineUpdater (StateMachineUpdater.java:stopAndJoin(125)) - fe7430cd-f76a-4ec3-9a68-9236192633d5@group-906593A9C66A-StateMachineUpdater: set stopIndex = 0
2019-09-25 05:41:26,152 [ddbbae55-12b9-461a-b1dd-678d37e66059@group-642A6382E39A-SegmentedRaftLogWorker] INFO  segmented.SegmentedRaftLogWorker (SegmentedRaftLogWorker.java:run(313)) - ddbbae55-12b9-461a-b1dd-678d37e66059@group-642A6382E39A-SegmentedRaftLogWorker was interrupted, exiting. There are 0 tasks remaining in the queue.
2019-09-25 05:41:26,152 [ForkJoinPool.commonPool-worker-1] INFO  impl.RaftServerImpl (ServerState.java:close(385)) - fe7430cd-f76a-4ec3-9a68-9236192633d5@group-906593A9C66A: closes. applyIndex: 0
2019-09-25 05:41:26,152 [main] INFO  segmented.SegmentedRaftLogWorker (SegmentedRaftLogWorker.java:close(228)) - ddbbae55-12b9-461a-b1dd-678d37e66059@group-642A6382E39A-SegmentedRaftLogWorker close()
2019-09-25 05:41:26,153 [fe7430cd-f76a-4ec3-9a68-9236192633d5@group-906593A9C66A-SegmentedRaftLogWorker] INFO  segmented.SegmentedRaftLogWorker (SegmentedRaftLogWorker.java:run(313)) - fe7430cd-f76a-4ec3-9a68-9236192633d5@group-906593A9C66A-SegmentedRaftLogWorker was interrupted, exiting. There are 0 tasks remaining in the queue.
2019-09-25 05:41:26,153 [main] INFO  impl.RaftServerImpl (RaftServerImpl.java:lambda$shutdown$3(251)) - ddbbae55-12b9-461a-b1dd-678d37e66059@group-9E2FBB03936E: shutdown
2019-09-25 05:41:26,153 [ForkJoinPool.commonPool-worker-1] INFO  segmented.SegmentedRaftLogWorker (SegmentedRaftLogWorker.java:close(228)) - fe7430cd-f76a-4ec3-9a68-9236192633d5@group-906593A9C66A-SegmentedRaftLogWorker close()
2019-09-25 05:41:26,154 [main] INFO  util.JmxRegister (JmxRegister.java:unregister(73)) - Successfully un-registered JMX Bean with object name Ratis:service=RaftServer,group=group-9E2FBB03936E,id=ddbbae55-12b9-461a-b1dd-678d37e66059
2019-09-25 05:41:26,154 [main] INFO  impl.RoleInfo (RoleInfo.java:shutdownLeaderState(104)) - ddbbae55-12b9-461a-b1dd-678d37e66059: shutdown LeaderState
2019-09-25 05:41:26,154 [ForkJoinPool.commonPool-worker-1] INFO  impl.RaftServerImpl (RaftServerImpl.java:lambda$shutdown$3(251)) - fe7430cd-f76a-4ec3-9a68-9236192633d5@group-2F5E2FD484F5: shutdown
2019-09-25 05:41:26,155 [main] INFO  impl.PendingRequests (PendingRequests.java:sendNotLeaderResponses(202)) - ddbbae55-12b9-461a-b1dd-678d37e66059-PendingRequests: sendNotLeaderResponses
2019-09-25 05:41:26,155 [ForkJoinPool.commonPool-worker-1] INFO  util.JmxRegister (JmxRegister.java:unregister(73)) - Successfully un-registered JMX Bean with object name Ratis:service=RaftServer,group=group-2F5E2FD484F5,id=fe7430cd-f76a-4ec3-9a68-9236192633d5
2019-09-25 05:41:26,155 [main] INFO  impl.StateMachineUpdater (StateMachineUpdater.java:stopAndJoin(125)) - ddbbae55-12b9-461a-b1dd-678d37e66059@group-9E2FBB03936E-StateMachineUpdater: set stopIndex = 0
2019-09-25 05:41:26,156 [ForkJoinPool.commonPool-worker-1] INFO  impl.RoleInfo (RoleInfo.java:shutdownLeaderState(104)) - fe7430cd-f76a-4ec3-9a68-9236192633d5: shutdown LeaderState
2019-09-25 05:41:26,156 [main] INFO  impl.RaftServerImpl (ServerState.java:close(385)) - ddbbae55-12b9-461a-b1dd-678d37e66059@group-9E2FBB03936E: closes. applyIndex: 0
2019-09-25 05:41:26,156 [ForkJoinPool.commonPool-worker-1] INFO  impl.PendingRequests (PendingRequests.java:sendNotLeaderResponses(202)) - fe7430cd-f76a-4ec3-9a68-9236192633d5-PendingRequests: sendNotLeaderResponses
2019-09-25 05:41:26,157 [ddbbae55-12b9-461a-b1dd-678d37e66059@group-9E2FBB03936E-SegmentedRaftLogWorker] INFO  segmented.SegmentedRaftLogWorker (SegmentedRaftLogWorker.java:run(313)) - ddbbae55-12b9-461a-b1dd-678d37e66059@group-9E2FBB03936E-SegmentedRaftLogWorker was interrupted, exiting. There are 0 tasks remaining in the queue.
2019-09-25 05:41:26,157 [ForkJoinPool.commonPool-worker-1] INFO  impl.StateMachineUpdater (StateMachineUpdater.java:stopAndJoin(125)) - fe7430cd-f76a-4ec3-9a68-9236192633d5@group-2F5E2FD484F5-StateMachineUpdater: set stopIndex = 0
2019-09-25 05:41:26,157 [main] INFO  segmented.SegmentedRaftLogWorker (SegmentedRaftLogWorker.java:close(228)) - ddbbae55-12b9-461a-b1dd-678d37e66059@group-9E2FBB03936E-SegmentedRaftLogWorker close()
2019-09-25 05:41:26,158 [ForkJoinPool.commonPool-worker-1] INFO  impl.RaftServerImpl (ServerState.java:close(385)) - fe7430cd-f76a-4ec3-9a68-9236192633d5@group-2F5E2FD484F5: closes. applyIndex: 0
2019-09-25 05:41:26,158 [main] INFO  impl.RaftServerImpl (RaftServerImpl.java:lambda$shutdown$3(251)) - ddbbae55-12b9-461a-b1dd-678d37e66059@group-5E3170E5E5E5: shutdown
2019-09-25 05:41:26,158 [fe7430cd-f76a-4ec3-9a68-9236192633d5@group-2F5E2FD484F5-SegmentedRaftLogWorker] INFO  segmented.SegmentedRaftLogWorker (SegmentedRaftLogWorker.java:run(313)) - fe7430cd-f76a-4ec3-9a68-9236192633d5@group-2F5E2FD484F5-SegmentedRaftLogWorker was interrupted, exiting. There are 0 tasks remaining in the queue.
2019-09-25 05:41:26,159 [main] INFO  util.JmxRegister (JmxRegister.java:unregister(73)) - Successfully un-registered JMX Bean with object name Ratis:service=RaftServer,group=group-5E3170E5E5E5,id=ddbbae55-12b9-461a-b1dd-678d37e66059
2019-09-25 05:41:26,159 [ForkJoinPool.commonPool-worker-1] INFO  segmented.SegmentedRaftLogWorker (SegmentedRaftLogWorker.java:close(228)) - fe7430cd-f76a-4ec3-9a68-9236192633d5@group-2F5E2FD484F5-SegmentedRaftLogWorker close()
2019-09-25 05:41:26,159 [main] INFO  impl.RoleInfo (RoleInfo.java:shutdownLeaderState(104)) - ddbbae55-12b9-461a-b1dd-678d37e66059: shutdown LeaderState
2019-09-25 05:41:26,160 [ForkJoinPool.commonPool-worker-1] INFO  server.GrpcService (GrpcService.java:closeImpl(164)) - fe7430cd-f76a-4ec3-9a68-9236192633d5: shutdown server with port 33443 now
2019-09-25 05:41:26,160 [main] INFO  impl.PendingRequests (PendingRequests.java:sendNotLeaderResponses(202)) - ddbbae55-12b9-461a-b1dd-678d37e66059-PendingRequests: sendNotLeaderResponses
2019-09-25 05:41:26,162 [ForkJoinPool.commonPool-worker-1] INFO  server.GrpcService (GrpcService.java:closeImpl(172)) - fe7430cd-f76a-4ec3-9a68-9236192633d5: shutdown server with port 33443 successfully
2019-09-25 05:41:26,162 [main] INFO  impl.StateMachineUpdater (StateMachineUpdater.java:stopAndJoin(125)) - ddbbae55-12b9-461a-b1dd-678d37e66059@group-5E3170E5E5E5-StateMachineUpdater: set stopIndex = 0
2019-09-25 05:41:26,163 [main] INFO  impl.RaftServerImpl (ServerState.java:close(385)) - ddbbae55-12b9-461a-b1dd-678d37e66059@group-5E3170E5E5E5: closes. applyIndex: 0
2019-09-25 05:41:26,163 [ddbbae55-12b9-461a-b1dd-678d37e66059@group-5E3170E5E5E5-SegmentedRaftLogWorker] INFO  segmented.SegmentedRaftLogWorker (SegmentedRaftLogWorker.java:run(313)) - ddbbae55-12b9-461a-b1dd-678d37e66059@group-5E3170E5E5E5-SegmentedRaftLogWorker was interrupted, exiting. There are 0 tasks remaining in the queue.
2019-09-25 05:41:26,164 [main] INFO  segmented.SegmentedRaftLogWorker (SegmentedRaftLogWorker.java:close(228)) - ddbbae55-12b9-461a-b1dd-678d37e66059@group-5E3170E5E5E5-SegmentedRaftLogWorker close()
2019-09-25 05:41:26,164 [main] INFO  impl.RaftServerImpl (RaftServerImpl.java:lambda$shutdown$3(251)) - ddbbae55-12b9-461a-b1dd-678d37e66059@group-E8F4392BD136: shutdown
2019-09-25 05:41:26,165 [refreshUsed-/workdir/hadoop-ozone/integration-test/target/test-dir/MiniOzoneClusterImpl-5f167f52-bad4-483d-8ef4-c1e76e705afb/datanode-0/data/containers] WARN  fs.CachingGetSpaceUsed (CachingGetSpaceUsed.java:run(183)) - Thread Interrupted waiting to refresh disk information: sleep interrupted
2019-09-25 05:41:26,165 [main] INFO  util.JmxRegister (JmxRegister.java:unregister(73)) - Successfully un-registered JMX Bean with object name Ratis:service=RaftServer,group=group-E8F4392BD136,id=ddbbae55-12b9-461a-b1dd-678d37e66059
2019-09-25 05:41:26,165 [main] INFO  impl.RoleInfo (RoleInfo.java:shutdownLeaderState(104)) - ddbbae55-12b9-461a-b1dd-678d37e66059: shutdown LeaderState
2019-09-25 05:41:26,166 [main] INFO  impl.PendingRequests (PendingRequests.java:sendNotLeaderResponses(202)) - ddbbae55-12b9-461a-b1dd-678d37e66059-PendingRequests: sendNotLeaderResponses
2019-09-25 05:41:26,170 [main] INFO  impl.StateMachineUpdater (StateMachineUpdater.java:stopAndJoin(125)) - ddbbae55-12b9-461a-b1dd-678d37e66059@group-E8F4392BD136-StateMachineUpdater: set stopIndex = 0
2019-09-25 05:41:26,170 [main] INFO  impl.RaftServerImpl (ServerState.java:close(385)) - ddbbae55-12b9-461a-b1dd-678d37e66059@group-E8F4392BD136: closes. applyIndex: 0
2019-09-25 05:41:26,171 [ddbbae55-12b9-461a-b1dd-678d37e66059@group-E8F4392BD136-SegmentedRaftLogWorker] INFO  segmented.SegmentedRaftLogWorker (SegmentedRaftLogWorker.java:run(313)) - ddbbae55-12b9-461a-b1dd-678d37e66059@group-E8F4392BD136-SegmentedRaftLogWorker was interrupted, exiting. There are 0 tasks remaining in the queue.
2019-09-25 05:41:26,172 [main] INFO  segmented.SegmentedRaftLogWorker (SegmentedRaftLogWorker.java:close(228)) - ddbbae55-12b9-461a-b1dd-678d37e66059@group-E8F4392BD136-SegmentedRaftLogWorker close()
2019-09-25 05:41:26,172 [main] INFO  server.GrpcService (GrpcService.java:closeImpl(164)) - ddbbae55-12b9-461a-b1dd-678d37e66059: shutdown server with port 43177 now
2019-09-25 05:41:26,174 [main] INFO  server.GrpcService (GrpcService.java:closeImpl(172)) - ddbbae55-12b9-461a-b1dd-678d37e66059: shutdown server with port 43177 successfully
2019-09-25 05:41:26,176 [refreshUsed-/workdir/hadoop-ozone/integration-test/target/test-dir/MiniOzoneClusterImpl-5f167f52-bad4-483d-8ef4-c1e76e705afb/datanode-6/data/containers] WARN  fs.CachingGetSpaceUsed (CachingGetSpaceUsed.java:run(183)) - Thread Interrupted waiting to refresh disk information: sleep interrupted
2019-09-25 05:41:26,198 [ForkJoinPool.commonPool-worker-1] INFO  utils.BackgroundService (BackgroundService.java:shutdown(148)) - Shutting down service BlockDeletingService
2019-09-25 05:41:26,202 [ForkJoinPool.commonPool-worker-1] INFO  statemachine.DatanodeStateMachine (DatanodeStateMachine.java:stopDaemon(395)) - Ozone container server stopped.
2019-09-25 05:41:26,207 [ForkJoinPool.commonPool-worker-1] INFO  handler.ContextHandler (ContextHandler.java:doStop(910)) - Stopped o.e.j.w.WebAppContext@5df778c3{/,null,UNAVAILABLE}{/hddsDatanode}
2019-09-25 05:41:26,207 [main] INFO  utils.BackgroundService (BackgroundService.java:shutdown(148)) - Shutting down service BlockDeletingService
2019-09-25 05:41:26,208 [ForkJoinPool.commonPool-worker-1] INFO  server.AbstractConnector (AbstractConnector.java:doStop(318)) - Stopped ServerConnector@895416d{HTTP/1.1,[http/1.1]}{0.0.0.0:0}
2019-09-25 05:41:26,212 [main] INFO  statemachine.DatanodeStateMachine (DatanodeStateMachine.java:stopDaemon(395)) - Ozone container server stopped.
2019-09-25 05:41:26,212 [ForkJoinPool.commonPool-worker-1] INFO  handler.ContextHandler (ContextHandler.java:doStop(910)) - Stopped o.e.j.s.ServletContextHandler@6403e24c{/static,jar:file:/home/user/.m2/repository/org/apache/hadoop/hadoop-hdds-container-service/0.5.0-SNAPSHOT/hadoop-hdds-container-service-0.5.0-SNAPSHOT.jar!/webapps/static,UNAVAILABLE}
2019-09-25 05:41:26,214 [ForkJoinPool.commonPool-worker-1] INFO  handler.ContextHandler (ContextHandler.java:doStop(910)) - Stopped o.e.j.s.ServletContextHandler@43045f9f{/logs,file:///workdir/hadoop-ozone/integration-test/target/log,UNAVAILABLE}
2019-09-25 05:41:26,214 [main] INFO  handler.ContextHandler (ContextHandler.java:doStop(910)) - Stopped o.e.j.w.WebAppContext@648d0e6d{/,null,UNAVAILABLE}{/hddsDatanode}
2019-09-25 05:41:26,215 [main] INFO  server.AbstractConnector (AbstractConnector.java:doStop(318)) - Stopped ServerConnector@79e66b2f{HTTP/1.1,[http/1.1]}{0.0.0.0:0}
2019-09-25 05:41:26,216 [main] INFO  handler.ContextHandler (ContextHandler.java:doStop(910)) - Stopped o.e.j.s.ServletContextHandler@4437ac07{/static,jar:file:/home/user/.m2/repository/org/apache/hadoop/hadoop-hdds-container-service/0.5.0-SNAPSHOT/hadoop-hdds-container-service-0.5.0-SNAPSHOT.jar!/webapps/static,UNAVAILABLE}
2019-09-25 05:41:26,216 [main] INFO  handler.ContextHandler (ContextHandler.java:doStop(910)) - Stopped o.e.j.s.ServletContextHandler@66b59b7d{/logs,file:///workdir/hadoop-ozone/integration-test/target/log,UNAVAILABLE}
2019-09-25 05:41:26,570 [Datanode State Machine Thread - 0] INFO  statemachine.DatanodeStateMachine (DatanodeStateMachine.java:lambda$startDaemon$0(350)) - Ozone container server started.
2019-09-25 05:41:30,589 [EventQueue-StaleNodeForStaleNodeHandler] INFO  node.StaleNodeHandler (StaleNodeHandler.java:onMessage(58)) - Datanode c1b8ccaf-89e0-45fc-9fa3-d1b440a7dff4{ip: 192.168.30.10, host: pr-hdds-1569-s62bp-3040748787, networkLocation: /default-rack, certSerialId: null} moved to stale state. Finalizing its pipelines [PipelineID=a32c26ad-aebe-41df-80c3-554534aa209e, PipelineID=2a01056b-a248-486a-9e26-1488a67b64ca, PipelineID=7ffc9591-e20b-48ea-9113-442e9f470d2c, PipelineID=dcf77a09-1b49-447b-9016-cd2f8ea70bf9, PipelineID=c3c723db-f144-4343-a879-ba68787e2a79, PipelineID=41c19b93-8fa4-48bf-a3ad-ac71e24596ff]
2019-09-25 05:41:30,589 [EventQueue-StaleNodeForStaleNodeHandler] INFO  pipeline.SCMPipelineManager (SCMPipelineManager.java:finalizeAndDestroyPipeline(317)) - destroying pipeline:Pipeline[ Id: a32c26ad-aebe-41df-80c3-554534aa209e, Nodes: c1b8ccaf-89e0-45fc-9fa3-d1b440a7dff4{ip: 192.168.30.10, host: pr-hdds-1569-s62bp-3040748787, networkLocation: /default-rack, certSerialId: null}, Type:RATIS, Factor:ONE, State:OPEN]
2019-09-25 05:41:30,589 [EventQueue-StaleNodeForStaleNodeHandler] INFO  pipeline.PipelineStateManager (PipelineStateManager.java:finalizePipeline(123)) - Pipeline Pipeline[ Id: a32c26ad-aebe-41df-80c3-554534aa209e, Nodes: c1b8ccaf-89e0-45fc-9fa3-d1b440a7dff4{ip: 192.168.30.10, host: pr-hdds-1569-s62bp-3040748787, networkLocation: /default-rack, certSerialId: null}, Type:RATIS, Factor:ONE, State:CLOSED] moved to CLOSED state
2019-09-25 05:41:30,590 [EventQueue-StaleNodeForStaleNodeHandler] INFO  pipeline.SCMPipelineManager (SCMPipelineManager.java:finalizeAndDestroyPipeline(317)) - destroying pipeline:Pipeline[ Id: 2a01056b-a248-486a-9e26-1488a67b64ca, Nodes: c1b8ccaf-89e0-45fc-9fa3-d1b440a7dff4{ip: 192.168.30.10, host: pr-hdds-1569-s62bp-3040748787, networkLocation: /default-rack, certSerialId: null}, Type:RATIS, Factor:ONE, State:OPEN]
2019-09-25 05:41:30,590 [EventQueue-StaleNodeForStaleNodeHandler] INFO  pipeline.PipelineStateManager (PipelineStateManager.java:finalizePipeline(123)) - Pipeline Pipeline[ Id: 2a01056b-a248-486a-9e26-1488a67b64ca, Nodes: c1b8ccaf-89e0-45fc-9fa3-d1b440a7dff4{ip: 192.168.30.10, host: pr-hdds-1569-s62bp-3040748787, networkLocation: /default-rack, certSerialId: null}, Type:RATIS, Factor:ONE, State:CLOSED] moved to CLOSED state
2019-09-25 05:41:30,590 [EventQueue-StaleNodeForStaleNodeHandler] INFO  pipeline.SCMPipelineManager (SCMPipelineManager.java:finalizeAndDestroyPipeline(317)) - destroying pipeline:Pipeline[ Id: 7ffc9591-e20b-48ea-9113-442e9f470d2c, Nodes: c1b8ccaf-89e0-45fc-9fa3-d1b440a7dff4{ip: 192.168.30.10, host: pr-hdds-1569-s62bp-3040748787, networkLocation: /default-rack, certSerialId: null}, Type:RATIS, Factor:ONE, State:OPEN]
2019-09-25 05:41:30,590 [EventQueue-StaleNodeForStaleNodeHandler] INFO  pipeline.PipelineStateManager (PipelineStateManager.java:finalizePipeline(123)) - Pipeline Pipeline[ Id: 7ffc9591-e20b-48ea-9113-442e9f470d2c, Nodes: c1b8ccaf-89e0-45fc-9fa3-d1b440a7dff4{ip: 192.168.30.10, host: pr-hdds-1569-s62bp-3040748787, networkLocation: /default-rack, certSerialId: null}, Type:RATIS, Factor:ONE, State:CLOSED] moved to CLOSED state
2019-09-25 05:41:30,591 [EventQueue-StaleNodeForStaleNodeHandler] INFO  pipeline.SCMPipelineManager (SCMPipelineManager.java:finalizeAndDestroyPipeline(317)) - destroying pipeline:Pipeline[ Id: dcf77a09-1b49-447b-9016-cd2f8ea70bf9, Nodes: c1b8ccaf-89e0-45fc-9fa3-d1b440a7dff4{ip: 192.168.30.10, host: pr-hdds-1569-s62bp-3040748787, networkLocation: /default-rack, certSerialId: null}, Type:RATIS, Factor:ONE, State:OPEN]
2019-09-25 05:41:30,591 [EventQueue-StaleNodeForStaleNodeHandler] INFO  pipeline.PipelineStateManager (PipelineStateManager.java:finalizePipeline(123)) - Pipeline Pipeline[ Id: dcf77a09-1b49-447b-9016-cd2f8ea70bf9, Nodes: c1b8ccaf-89e0-45fc-9fa3-d1b440a7dff4{ip: 192.168.30.10, host: pr-hdds-1569-s62bp-3040748787, networkLocation: /default-rack, certSerialId: null}, Type:RATIS, Factor:ONE, State:CLOSED] moved to CLOSED state
2019-09-25 05:41:30,591 [EventQueue-StaleNodeForStaleNodeHandler] INFO  pipeline.SCMPipelineManager (SCMPipelineManager.java:finalizeAndDestroyPipeline(317)) - destroying pipeline:Pipeline[ Id: c3c723db-f144-4343-a879-ba68787e2a79, Nodes: c1b8ccaf-89e0-45fc-9fa3-d1b440a7dff4{ip: 192.168.30.10, host: pr-hdds-1569-s62bp-3040748787, networkLocation: /default-rack, certSerialId: null}, Type:RATIS, Factor:ONE, State:OPEN]
2019-09-25 05:41:30,591 [EventQueue-StaleNodeForStaleNodeHandler] INFO  pipeline.PipelineStateManager (PipelineStateManager.java:finalizePipeline(123)) - Pipeline Pipeline[ Id: c3c723db-f144-4343-a879-ba68787e2a79, Nodes: c1b8ccaf-89e0-45fc-9fa3-d1b440a7dff4{ip: 192.168.30.10, host: pr-hdds-1569-s62bp-3040748787, networkLocation: /default-rack, certSerialId: null}, Type:RATIS, Factor:ONE, State:CLOSED] moved to CLOSED state
2019-09-25 05:41:30,592 [EventQueue-StaleNodeForStaleNodeHandler] INFO  pipeline.SCMPipelineManager (SCMPipelineManager.java:finalizeAndDestroyPipeline(317)) - destroying pipeline:Pipeline[ Id: 41c19b93-8fa4-48bf-a3ad-ac71e24596ff, Nodes: c1b8ccaf-89e0-45fc-9fa3-d1b440a7dff4{ip: 192.168.30.10, host: pr-hdds-1569-s62bp-3040748787, networkLocation: /default-rack, certSerialId: null}, Type:RATIS, Factor:ONE, State:OPEN]
2019-09-25 05:41:30,592 [EventQueue-StaleNodeForStaleNodeHandler] INFO  pipeline.PipelineStateManager (PipelineStateManager.java:finalizePipeline(123)) - Pipeline Pipeline[ Id: 41c19b93-8fa4-48bf-a3ad-ac71e24596ff, Nodes: c1b8ccaf-89e0-45fc-9fa3-d1b440a7dff4{ip: 192.168.30.10, host: pr-hdds-1569-s62bp-3040748787, networkLocation: /default-rack, certSerialId: null}, Type:RATIS, Factor:ONE, State:CLOSED] moved to CLOSED state
2019-09-25 05:41:31,216 [ForkJoinPool.commonPool-worker-1] INFO  ozoneimpl.OzoneContainer (OzoneContainer.java:stop(231)) - Attempting to stop container services.
2019-09-25 05:41:31,217 [ForkJoinPool.commonPool-worker-1] INFO  impl.RaftServerProxy (RaftServerProxy.java:lambda$close$4(314)) - c1b8ccaf-89e0-45fc-9fa3-d1b440a7dff4: close
2019-09-25 05:41:31,218 [ForkJoinPool.commonPool-worker-1] INFO  impl.RaftServerImpl (RaftServerImpl.java:lambda$shutdown$3(251)) - c1b8ccaf-89e0-45fc-9fa3-d1b440a7dff4@group-1488A67B64CA: shutdown
2019-09-25 05:41:31,218 [ForkJoinPool.commonPool-worker-1] INFO  util.JmxRegister (JmxRegister.java:unregister(73)) - Successfully un-registered JMX Bean with object name Ratis:service=RaftServer,group=group-1488A67B64CA,id=c1b8ccaf-89e0-45fc-9fa3-d1b440a7dff4
2019-09-25 05:41:31,218 [ForkJoinPool.commonPool-worker-1] INFO  impl.RoleInfo (RoleInfo.java:shutdownLeaderState(104)) - c1b8ccaf-89e0-45fc-9fa3-d1b440a7dff4: shutdown LeaderState
2019-09-25 05:41:31,218 [ForkJoinPool.commonPool-worker-1] INFO  impl.PendingRequests (PendingRequests.java:sendNotLeaderResponses(202)) - c1b8ccaf-89e0-45fc-9fa3-d1b440a7dff4-PendingRequests: sendNotLeaderResponses
2019-09-25 05:41:31,219 [ForkJoinPool.commonPool-worker-1] INFO  impl.StateMachineUpdater (StateMachineUpdater.java:stopAndJoin(125)) - c1b8ccaf-89e0-45fc-9fa3-d1b440a7dff4@group-1488A67B64CA-StateMachineUpdater: set stopIndex = 0
2019-09-25 05:41:31,219 [ForkJoinPool.commonPool-worker-1] INFO  impl.RaftServerImpl (ServerState.java:close(385)) - c1b8ccaf-89e0-45fc-9fa3-d1b440a7dff4@group-1488A67B64CA: closes. applyIndex: 0
2019-09-25 05:41:31,220 [c1b8ccaf-89e0-45fc-9fa3-d1b440a7dff4@group-1488A67B64CA-SegmentedRaftLogWorker] INFO  segmented.SegmentedRaftLogWorker (SegmentedRaftLogWorker.java:run(313)) - c1b8ccaf-89e0-45fc-9fa3-d1b440a7dff4@group-1488A67B64CA-SegmentedRaftLogWorker was interrupted, exiting. There are 0 tasks remaining in the queue.
2019-09-25 05:41:31,220 [ForkJoinPool.commonPool-worker-1] INFO  segmented.SegmentedRaftLogWorker (SegmentedRaftLogWorker.java:close(228)) - c1b8ccaf-89e0-45fc-9fa3-d1b440a7dff4@group-1488A67B64CA-SegmentedRaftLogWorker close()
2019-09-25 05:41:31,221 [ForkJoinPool.commonPool-worker-1] INFO  impl.RaftServerImpl (RaftServerImpl.java:lambda$shutdown$3(251)) - c1b8ccaf-89e0-45fc-9fa3-d1b440a7dff4@group-554534AA209E: shutdown
2019-09-25 05:41:31,222 [ForkJoinPool.commonPool-worker-1] INFO  util.JmxRegister (JmxRegister.java:unregister(73)) - Successfully un-registered JMX Bean with object name Ratis:service=RaftServer,group=group-554534AA209E,id=c1b8ccaf-89e0-45fc-9fa3-d1b440a7dff4
2019-09-25 05:41:31,222 [ForkJoinPool.commonPool-worker-1] INFO  impl.RoleInfo (RoleInfo.java:shutdownLeaderState(104)) - c1b8ccaf-89e0-45fc-9fa3-d1b440a7dff4: shutdown LeaderState
2019-09-25 05:41:31,223 [ForkJoinPool.commonPool-worker-1] INFO  impl.PendingRequests (PendingRequests.java:sendNotLeaderResponses(202)) - c1b8ccaf-89e0-45fc-9fa3-d1b440a7dff4-PendingRequests: sendNotLeaderResponses
2019-09-25 05:41:31,223 [ForkJoinPool.commonPool-worker-1] INFO  impl.StateMachineUpdater (StateMachineUpdater.java:stopAndJoin(125)) - c1b8ccaf-89e0-45fc-9fa3-d1b440a7dff4@group-554534AA209E-StateMachineUpdater: set stopIndex = 0
2019-09-25 05:41:31,223 [ForkJoinPool.commonPool-worker-1] INFO  impl.RaftServerImpl (ServerState.java:close(385)) - c1b8ccaf-89e0-45fc-9fa3-d1b440a7dff4@group-554534AA209E: closes. applyIndex: 0
2019-09-25 05:41:31,224 [c1b8ccaf-89e0-45fc-9fa3-d1b440a7dff4@group-554534AA209E-SegmentedRaftLogWorker] INFO  segmented.SegmentedRaftLogWorker (SegmentedRaftLogWorker.java:run(313)) - c1b8ccaf-89e0-45fc-9fa3-d1b440a7dff4@group-554534AA209E-SegmentedRaftLogWorker was interrupted, exiting. There are 0 tasks remaining in the queue.
2019-09-25 05:41:31,224 [ForkJoinPool.commonPool-worker-1] INFO  segmented.SegmentedRaftLogWorker (SegmentedRaftLogWorker.java:close(228)) - c1b8ccaf-89e0-45fc-9fa3-d1b440a7dff4@group-554534AA209E-SegmentedRaftLogWorker close()
2019-09-25 05:41:31,224 [ForkJoinPool.commonPool-worker-1] INFO  impl.RaftServerImpl (RaftServerImpl.java:lambda$shutdown$3(251)) - c1b8ccaf-89e0-45fc-9fa3-d1b440a7dff4@group-442E9F470D2C: shutdown
2019-09-25 05:41:31,224 [ForkJoinPool.commonPool-worker-1] INFO  util.JmxRegister (JmxRegister.java:unregister(73)) - Successfully un-registered JMX Bean with object name Ratis:service=RaftServer,group=group-442E9F470D2C,id=c1b8ccaf-89e0-45fc-9fa3-d1b440a7dff4
2019-09-25 05:41:31,225 [ForkJoinPool.commonPool-worker-1] INFO  impl.RoleInfo (RoleInfo.java:shutdownLeaderState(104)) - c1b8ccaf-89e0-45fc-9fa3-d1b440a7dff4: shutdown LeaderState
2019-09-25 05:41:31,225 [ForkJoinPool.commonPool-worker-1] INFO  impl.PendingRequests (PendingRequests.java:sendNotLeaderResponses(202)) - c1b8ccaf-89e0-45fc-9fa3-d1b440a7dff4-PendingRequests: sendNotLeaderResponses
2019-09-25 05:41:31,225 [ForkJoinPool.commonPool-worker-1] INFO  impl.StateMachineUpdater (StateMachineUpdater.java:stopAndJoin(125)) - c1b8ccaf-89e0-45fc-9fa3-d1b440a7dff4@group-442E9F470D2C-StateMachineUpdater: set stopIndex = 0
2019-09-25 05:41:31,226 [ForkJoinPool.commonPool-worker-1] INFO  impl.RaftServerImpl (ServerState.java:close(385)) - c1b8ccaf-89e0-45fc-9fa3-d1b440a7dff4@group-442E9F470D2C: closes. applyIndex: 0
2019-09-25 05:41:31,226 [c1b8ccaf-89e0-45fc-9fa3-d1b440a7dff4@group-442E9F470D2C-SegmentedRaftLogWorker] INFO  segmented.SegmentedRaftLogWorker (SegmentedRaftLogWorker.java:run(313)) - c1b8ccaf-89e0-45fc-9fa3-d1b440a7dff4@group-442E9F470D2C-SegmentedRaftLogWorker was interrupted, exiting. There are 0 tasks remaining in the queue.
2019-09-25 05:41:31,226 [ForkJoinPool.commonPool-worker-1] INFO  segmented.SegmentedRaftLogWorker (SegmentedRaftLogWorker.java:close(228)) - c1b8ccaf-89e0-45fc-9fa3-d1b440a7dff4@group-442E9F470D2C-SegmentedRaftLogWorker close()
2019-09-25 05:41:31,227 [ForkJoinPool.commonPool-worker-1] INFO  impl.RaftServerImpl (RaftServerImpl.java:lambda$shutdown$3(251)) - c1b8ccaf-89e0-45fc-9fa3-d1b440a7dff4@group-CD2F8EA70BF9: shutdown
2019-09-25 05:41:31,227 [ForkJoinPool.commonPool-worker-1] INFO  util.JmxRegister (JmxRegister.java:unregister(73)) - Successfully un-registered JMX Bean with object name Ratis:service=RaftServer,group=group-CD2F8EA70BF9,id=c1b8ccaf-89e0-45fc-9fa3-d1b440a7dff4
2019-09-25 05:41:31,227 [ForkJoinPool.commonPool-worker-1] INFO  impl.RoleInfo (RoleInfo.java:shutdownLeaderState(104)) - c1b8ccaf-89e0-45fc-9fa3-d1b440a7dff4: shutdown LeaderState
2019-09-25 05:41:31,227 [ForkJoinPool.commonPool-worker-1] INFO  impl.PendingRequests (PendingRequests.java:sendNotLeaderResponses(202)) - c1b8ccaf-89e0-45fc-9fa3-d1b440a7dff4-PendingRequests: sendNotLeaderResponses
2019-09-25 05:41:31,228 [ForkJoinPool.commonPool-worker-1] INFO  impl.StateMachineUpdater (StateMachineUpdater.java:stopAndJoin(125)) - c1b8ccaf-89e0-45fc-9fa3-d1b440a7dff4@group-CD2F8EA70BF9-StateMachineUpdater: set stopIndex = 0
2019-09-25 05:41:31,228 [ForkJoinPool.commonPool-worker-1] INFO  impl.RaftServerImpl (ServerState.java:close(385)) - c1b8ccaf-89e0-45fc-9fa3-d1b440a7dff4@group-CD2F8EA70BF9: closes. applyIndex: 0
2019-09-25 05:41:31,228 [c1b8ccaf-89e0-45fc-9fa3-d1b440a7dff4@group-CD2F8EA70BF9-SegmentedRaftLogWorker] INFO  segmented.SegmentedRaftLogWorker (SegmentedRaftLogWorker.java:run(313)) - c1b8ccaf-89e0-45fc-9fa3-d1b440a7dff4@group-CD2F8EA70BF9-SegmentedRaftLogWorker was interrupted, exiting. There are 0 tasks remaining in the queue.
2019-09-25 05:41:31,228 [ForkJoinPool.commonPool-worker-1] INFO  segmented.SegmentedRaftLogWorker (SegmentedRaftLogWorker.java:close(228)) - c1b8ccaf-89e0-45fc-9fa3-d1b440a7dff4@group-CD2F8EA70BF9-SegmentedRaftLogWorker close()
2019-09-25 05:41:31,229 [ForkJoinPool.commonPool-worker-1] INFO  impl.RaftServerImpl (RaftServerImpl.java:lambda$shutdown$3(251)) - c1b8ccaf-89e0-45fc-9fa3-d1b440a7dff4@group-BA68787E2A79: shutdown
2019-09-25 05:41:31,229 [ForkJoinPool.commonPool-worker-1] INFO  util.JmxRegister (JmxRegister.java:unregister(73)) - Successfully un-registered JMX Bean with object name Ratis:service=RaftServer,group=group-BA68787E2A79,id=c1b8ccaf-89e0-45fc-9fa3-d1b440a7dff4
2019-09-25 05:41:31,229 [ForkJoinPool.commonPool-worker-1] INFO  impl.RoleInfo (RoleInfo.java:shutdownLeaderState(104)) - c1b8ccaf-89e0-45fc-9fa3-d1b440a7dff4: shutdown LeaderState
2019-09-25 05:41:31,230 [ForkJoinPool.commonPool-worker-1] INFO  impl.PendingRequests (PendingRequests.java:sendNotLeaderResponses(202)) - c1b8ccaf-89e0-45fc-9fa3-d1b440a7dff4-PendingRequests: sendNotLeaderResponses
2019-09-25 05:41:31,230 [ForkJoinPool.commonPool-worker-1] INFO  impl.StateMachineUpdater (StateMachineUpdater.java:stopAndJoin(125)) - c1b8ccaf-89e0-45fc-9fa3-d1b440a7dff4@group-BA68787E2A79-StateMachineUpdater: set stopIndex = 0
2019-09-25 05:41:31,230 [ForkJoinPool.commonPool-worker-1] INFO  impl.RaftServerImpl (ServerState.java:close(385)) - c1b8ccaf-89e0-45fc-9fa3-d1b440a7dff4@group-BA68787E2A79: closes. applyIndex: 0
2019-09-25 05:41:31,231 [c1b8ccaf-89e0-45fc-9fa3-d1b440a7dff4@group-BA68787E2A79-SegmentedRaftLogWorker] INFO  segmented.SegmentedRaftLogWorker (SegmentedRaftLogWorker.java:run(313)) - c1b8ccaf-89e0-45fc-9fa3-d1b440a7dff4@group-BA68787E2A79-SegmentedRaftLogWorker was interrupted, exiting. There are 0 tasks remaining in the queue.
2019-09-25 05:41:31,231 [ForkJoinPool.commonPool-worker-1] INFO  segmented.SegmentedRaftLogWorker (SegmentedRaftLogWorker.java:close(228)) - c1b8ccaf-89e0-45fc-9fa3-d1b440a7dff4@group-BA68787E2A79-SegmentedRaftLogWorker close()
2019-09-25 05:41:31,231 [ForkJoinPool.commonPool-worker-1] INFO  impl.RaftServerImpl (RaftServerImpl.java:lambda$shutdown$3(251)) - c1b8ccaf-89e0-45fc-9fa3-d1b440a7dff4@group-AC71E24596FF: shutdown
2019-09-25 05:41:31,231 [ForkJoinPool.commonPool-worker-1] INFO  util.JmxRegister (JmxRegister.java:unregister(73)) - Successfully un-registered JMX Bean with object name Ratis:service=RaftServer,group=group-AC71E24596FF,id=c1b8ccaf-89e0-45fc-9fa3-d1b440a7dff4
2019-09-25 05:41:31,232 [ForkJoinPool.commonPool-worker-1] INFO  impl.RoleInfo (RoleInfo.java:shutdownLeaderState(104)) - c1b8ccaf-89e0-45fc-9fa3-d1b440a7dff4: shutdown LeaderState
2019-09-25 05:41:31,232 [ForkJoinPool.commonPool-worker-1] INFO  impl.PendingRequests (PendingRequests.java:sendNotLeaderResponses(202)) - c1b8ccaf-89e0-45fc-9fa3-d1b440a7dff4-PendingRequests: sendNotLeaderResponses
2019-09-25 05:41:31,232 [ForkJoinPool.commonPool-worker-1] INFO  impl.StateMachineUpdater (StateMachineUpdater.java:stopAndJoin(125)) - c1b8ccaf-89e0-45fc-9fa3-d1b440a7dff4@group-AC71E24596FF-StateMachineUpdater: set stopIndex = 0
2019-09-25 05:41:31,232 [ForkJoinPool.commonPool-worker-1] INFO  impl.RaftServerImpl (ServerState.java:close(385)) - c1b8ccaf-89e0-45fc-9fa3-d1b440a7dff4@group-AC71E24596FF: closes. applyIndex: 0
2019-09-25 05:41:31,233 [c1b8ccaf-89e0-45fc-9fa3-d1b440a7dff4@group-AC71E24596FF-SegmentedRaftLogWorker] INFO  segmented.SegmentedRaftLogWorker (SegmentedRaftLogWorker.java:run(313)) - c1b8ccaf-89e0-45fc-9fa3-d1b440a7dff4@group-AC71E24596FF-SegmentedRaftLogWorker was interrupted, exiting. There are 0 tasks remaining in the queue.
2019-09-25 05:41:31,233 [ForkJoinPool.commonPool-worker-1] INFO  segmented.SegmentedRaftLogWorker (SegmentedRaftLogWorker.java:close(228)) - c1b8ccaf-89e0-45fc-9fa3-d1b440a7dff4@group-AC71E24596FF-SegmentedRaftLogWorker close()
2019-09-25 05:41:31,233 [ForkJoinPool.commonPool-worker-1] INFO  server.GrpcService (GrpcService.java:closeImpl(164)) - c1b8ccaf-89e0-45fc-9fa3-d1b440a7dff4: shutdown server with port 35376 now
2019-09-25 05:41:31,235 [ForkJoinPool.commonPool-worker-1] INFO  server.GrpcService (GrpcService.java:closeImpl(172)) - c1b8ccaf-89e0-45fc-9fa3-d1b440a7dff4: shutdown server with port 35376 successfully
2019-09-25 05:41:31,238 [refreshUsed-/workdir/hadoop-ozone/integration-test/target/test-dir/MiniOzoneClusterImpl-5f167f52-bad4-483d-8ef4-c1e76e705afb/datanode-5/data/containers] WARN  fs.CachingGetSpaceUsed (CachingGetSpaceUsed.java:run(183)) - Thread Interrupted waiting to refresh disk information: sleep interrupted
2019-09-25 05:41:31,255 [ForkJoinPool.commonPool-worker-1] INFO  utils.BackgroundService (BackgroundService.java:shutdown(148)) - Shutting down service BlockDeletingService
2019-09-25 05:41:31,258 [ForkJoinPool.commonPool-worker-1] INFO  statemachine.DatanodeStateMachine (DatanodeStateMachine.java:stopDaemon(395)) - Ozone container server stopped.
2019-09-25 05:41:31,262 [ForkJoinPool.commonPool-worker-1] INFO  handler.ContextHandler (ContextHandler.java:doStop(910)) - Stopped o.e.j.w.WebAppContext@64d4f7c7{/,null,UNAVAILABLE}{/hddsDatanode}
2019-09-25 05:41:31,263 [ForkJoinPool.commonPool-worker-1] INFO  server.AbstractConnector (AbstractConnector.java:doStop(318)) - Stopped ServerConnector@54e02f6a{HTTP/1.1,[http/1.1]}{0.0.0.0:0}
2019-09-25 05:41:31,263 [ForkJoinPool.commonPool-worker-1] INFO  handler.ContextHandler (ContextHandler.java:doStop(910)) - Stopped o.e.j.s.ServletContextHandler@1352434e{/static,jar:file:/home/user/.m2/repository/org/apache/hadoop/hadoop-hdds-container-service/0.5.0-SNAPSHOT/hadoop-hdds-container-service-0.5.0-SNAPSHOT.jar!/webapps/static,UNAVAILABLE}
2019-09-25 05:41:31,264 [ForkJoinPool.commonPool-worker-1] INFO  handler.ContextHandler (ContextHandler.java:doStop(910)) - Stopped o.e.j.s.ServletContextHandler@12eedfee{/logs,file:///workdir/hadoop-ozone/integration-test/target/log,UNAVAILABLE}
2019-09-25 05:41:31,265 [main] INFO  ozone.MiniOzoneClusterImpl (MiniOzoneClusterImpl.java:stopSCM(392)) - Stopping the StorageContainerManager
2019-09-25 05:41:31,266 [main] INFO  server.StorageContainerManager (StorageContainerManager.java:stop(808)) - Stopping Replication Manager Service.
2019-09-25 05:41:31,266 [main] INFO  container.ReplicationManager (ReplicationManager.java:stop(204)) - Stopping Replication Monitor Thread.
2019-09-25 05:41:31,266 [main] INFO  server.StorageContainerManager (StorageContainerManager.java:stop(815)) - Stopping Lease Manager of the command watchers
2019-09-25 05:41:31,266 [main] INFO  server.StorageContainerManager (StorageContainerManager.java:stop(822)) - Stopping datanode service RPC server
2019-09-25 05:41:31,267 [main] INFO  server.SCMDatanodeProtocolServer (SCMDatanodeProtocolServer.java:stop(367)) - Stopping the RPC server for DataNodes
2019-09-25 05:41:31,267 [main] INFO  ipc.Server (Server.java:stop(3082)) - Stopping server on 40352
2019-09-25 05:41:31,269 [IPC Server listener on 40352] INFO  ipc.Server (Server.java:run(1185)) - Stopping IPC Server listener on 40352
2019-09-25 05:41:31,269 [IPC Server Responder] INFO  ipc.Server (Server.java:run(1319)) - Stopping IPC Server Responder
2019-09-25 05:41:31,290 [SCM Heartbeat Processing Thread - 0] WARN  node.NodeStateManager (NodeStateManager.java:scheduleNextHealthCheck(655)) - Current Thread is interrupted, shutting down HB processing thread for Node Manager.
2019-09-25 05:41:31,290 [main] INFO  server.StorageContainerManager (StorageContainerManager.java:stop(830)) - Stopping block service RPC server
2019-09-25 05:41:31,291 [main] INFO  server.SCMBlockProtocolServer (SCMBlockProtocolServer.java:stop(155)) - Stopping the RPC server for Block Protocol
2019-09-25 05:41:31,291 [main] INFO  ipc.Server (Server.java:stop(3082)) - Stopping server on 43757
2019-09-25 05:41:31,292 [main] INFO  server.StorageContainerManager (StorageContainerManager.java:stop(837)) - Stopping the StorageContainerLocationProtocol RPC server
2019-09-25 05:41:31,292 [main] INFO  server.SCMClientProtocolServer (SCMClientProtocolServer.java:stop(159)) - Stopping the RPC server for Client Protocol
2019-09-25 05:41:31,292 [IPC Server listener on 43757] INFO  ipc.Server (Server.java:run(1185)) - Stopping IPC Server listener on 43757
2019-09-25 05:41:31,293 [IPC Server Responder] INFO  ipc.Server (Server.java:run(1319)) - Stopping IPC Server Responder
2019-09-25 05:41:31,292 [main] INFO  ipc.Server (Server.java:stop(3082)) - Stopping server on 34173
2019-09-25 05:41:31,294 [main] INFO  server.StorageContainerManager (StorageContainerManager.java:stop(844)) - Stopping Storage Container Manager HTTP server.
2019-09-25 05:41:31,294 [IPC Server listener on 34173] INFO  ipc.Server (Server.java:run(1185)) - Stopping IPC Server listener on 34173
2019-09-25 05:41:31,295 [IPC Server Responder] INFO  ipc.Server (Server.java:run(1319)) - Stopping IPC Server Responder
2019-09-25 05:41:31,296 [main] INFO  handler.ContextHandler (ContextHandler.java:doStop(910)) - Stopped o.e.j.w.WebAppContext@6db66836{/,null,UNAVAILABLE}{/scm}
2019-09-25 05:41:31,297 [main] INFO  server.AbstractConnector (AbstractConnector.java:doStop(318)) - Stopped ServerConnector@1ee4730{HTTP/1.1,[http/1.1]}{0.0.0.0:0}
2019-09-25 05:41:31,297 [main] INFO  handler.ContextHandler (ContextHandler.java:doStop(910)) - Stopped o.e.j.s.ServletContextHandler@43b6123e{/static,file:///workdir/hadoop-ozone/integration-test/target/test-classes/webapps/static,UNAVAILABLE}
2019-09-25 05:41:31,298 [main] INFO  handler.ContextHandler (ContextHandler.java:doStop(910)) - Stopped o.e.j.s.ServletContextHandler@4fce136b{/logs,file:///workdir/hadoop-ozone/integration-test/target/log,UNAVAILABLE}
2019-09-25 05:41:31,299 [main] INFO  server.StorageContainerManager (StorageContainerManager.java:stop(855)) - Stopping Block Manager Service.
2019-09-25 05:41:31,299 [main] INFO  utils.BackgroundService (BackgroundService.java:shutdown(148)) - Shutting down service SCMBlockDeletingService
2019-09-25 05:41:31,300 [main] INFO  utils.BackgroundService (BackgroundService.java:shutdown(148)) - Shutting down service SCMBlockDeletingService
2019-09-25 05:41:31,300 [main] INFO  server.StorageContainerManager (StorageContainerManager.java:stop(877)) - Stopping SCM Event Queue.
2019-09-25 05:41:31,308 [main] INFO  impl.MetricsSystemImpl (MetricsSystemImpl.java:stop(210)) - Stopping XceiverClientMetrics metrics system...
2019-09-25 05:41:31,321 [prometheus] INFO  impl.MetricsSinkAdapter (MetricsSinkAdapter.java:publishMetricsFromQueue(141)) - prometheus thread interrupted.
2019-09-25 05:41:31,321 [main] INFO  impl.MetricsSystemImpl (MetricsSystemImpl.java:stop(216)) - XceiverClientMetrics metrics system stopped.
]]></system-out>
    <system-err><![CDATA[ERROR StatusLogger No Log4j 2 configuration file found. Using default configuration (logging only errors to the console), or user programmatically provided configurations. Set system property 'log4j2.debug' to show Log4j 2 internal initialization logging. See https://logging.apache.org/log4j/2.x/manual/configuration.html for instructions on how to configure Log4j 2
Exception in thread "b174d07b-8033-4c6a-8b88-597cc4628727@group-769AEFB406FD:LeaderElection42" java.lang.IllegalStateException: ILLEGAL TRANSITION: In b174d07b-8033-4c6a-8b88-597cc4628727@group-769AEFB406FD:LeaderElection42, RUNNING -> CLOSED
	at org.apache.ratis.util.Preconditions.assertTrue(Preconditions.java:63)
	at org.apache.ratis.util.LifeCycle$State.validate(LifeCycle.java:123)
	at org.apache.ratis.util.LifeCycle.transition(LifeCycle.java:143)
	at org.apache.ratis.server.impl.LeaderElection.run(LeaderElection.java:155)
	at java.lang.Thread.run(Thread.java:748)
]]></system-err>
  </testcase>
  <testcase name="testDatanodeFailureWithPreAllocation" classname="org.apache.hadoop.ozone.client.rpc.TestBlockOutputStreamWithFailures" time="224.726"/>
  <testcase name="testDatanodeFailureWithSingleNodeRatis" classname="org.apache.hadoop.ozone.client.rpc.TestBlockOutputStreamWithFailures" time="224.951"/>
  <testcase name="testWatchForCommitWithSingleNodeRatis" classname="org.apache.hadoop.ozone.client.rpc.TestBlockOutputStreamWithFailures" time="40.975"/>
  <testcase name="testWatchForCommitDatanodeFailure" classname="org.apache.hadoop.ozone.client.rpc.TestBlockOutputStreamWithFailures" time="28.157">
    <error message="Allocated 0 blocks. Requested 1 blocks" type="INTERNAL_ERROR org.apache.hadoop.ozone.om.exceptions.OMException">INTERNAL_ERROR org.apache.hadoop.ozone.om.exceptions.OMException: Allocated 0 blocks. Requested 1 blocks
	at org.apache.hadoop.ozone.om.protocolPB.OzoneManagerProtocolClientSideTranslatorPB.handleError(OzoneManagerProtocolClientSideTranslatorPB.java:732)
	at org.apache.hadoop.ozone.om.protocolPB.OzoneManagerProtocolClientSideTranslatorPB.openKey(OzoneManagerProtocolClientSideTranslatorPB.java:723)
	at sun.reflect.NativeMethodAccessorImpl.invoke0(Native Method)
	at sun.reflect.NativeMethodAccessorImpl.invoke(NativeMethodAccessorImpl.java:62)
	at sun.reflect.DelegatingMethodAccessorImpl.invoke(DelegatingMethodAccessorImpl.java:43)
	at java.lang.reflect.Method.invoke(Method.java:498)
	at org.apache.hadoop.hdds.tracing.TraceAllMethod.invoke(TraceAllMethod.java:66)
	at com.sun.proxy.$Proxy37.openKey(Unknown Source)
	at org.apache.hadoop.ozone.client.rpc.RpcClient.createKey(RpcClient.java:614)
	at org.apache.hadoop.ozone.client.OzoneBucket.createKey(OzoneBucket.java:325)
	at org.apache.hadoop.ozone.container.ContainerTestHelper.createKey(ContainerTestHelper.java:704)
	at org.apache.hadoop.ozone.client.rpc.TestBlockOutputStreamWithFailures.createKey(TestBlockOutputStreamWithFailures.java:1210)
	at org.apache.hadoop.ozone.client.rpc.TestBlockOutputStreamWithFailures.createKey(TestBlockOutputStreamWithFailures.java:1204)
	at org.apache.hadoop.ozone.client.rpc.TestBlockOutputStreamWithFailures.testWatchForCommitDatanodeFailure(TestBlockOutputStreamWithFailures.java:277)
	at sun.reflect.NativeMethodAccessorImpl.invoke0(Native Method)
	at sun.reflect.NativeMethodAccessorImpl.invoke(NativeMethodAccessorImpl.java:62)
	at sun.reflect.DelegatingMethodAccessorImpl.invoke(DelegatingMethodAccessorImpl.java:43)
	at java.lang.reflect.Method.invoke(Method.java:498)
	at org.junit.runners.model.FrameworkMethod$1.runReflectiveCall(FrameworkMethod.java:47)
	at org.junit.internal.runners.model.ReflectiveCallable.run(ReflectiveCallable.java:12)
	at org.junit.runners.model.FrameworkMethod.invokeExplosively(FrameworkMethod.java:44)
	at org.junit.internal.runners.statements.InvokeMethod.evaluate(InvokeMethod.java:17)
	at org.junit.internal.runners.statements.RunBefores.evaluate(RunBefores.java:26)
	at org.junit.internal.runners.statements.RunAfters.evaluate(RunAfters.java:27)
	at org.junit.runners.ParentRunner.runLeaf(ParentRunner.java:271)
	at org.junit.runners.BlockJUnit4ClassRunner.runChild(BlockJUnit4ClassRunner.java:70)
	at org.junit.runners.BlockJUnit4ClassRunner.runChild(BlockJUnit4ClassRunner.java:50)
	at org.junit.runners.ParentRunner$3.run(ParentRunner.java:238)
	at org.junit.runners.ParentRunner$1.schedule(ParentRunner.java:63)
	at org.junit.runners.ParentRunner.runChildren(ParentRunner.java:236)
	at org.junit.runners.ParentRunner.access$000(ParentRunner.java:53)
	at org.junit.runners.ParentRunner$2.evaluate(ParentRunner.java:229)
	at org.junit.runners.ParentRunner.run(ParentRunner.java:309)
	at org.apache.maven.surefire.junit4.JUnit4Provider.execute(JUnit4Provider.java:365)
	at org.apache.maven.surefire.junit4.JUnit4Provider.executeWithRerun(JUnit4Provider.java:273)
	at org.apache.maven.surefire.junit4.JUnit4Provider.executeTestSet(JUnit4Provider.java:238)
	at org.apache.maven.surefire.junit4.JUnit4Provider.invoke(JUnit4Provider.java:159)
	at org.apache.maven.surefire.booter.ForkedBooter.invokeProviderInSameClassLoader(ForkedBooter.java:384)
	at org.apache.maven.surefire.booter.ForkedBooter.runSuitesInProcess(ForkedBooter.java:345)
	at org.apache.maven.surefire.booter.ForkedBooter.execute(ForkedBooter.java:126)
	at org.apache.maven.surefire.booter.ForkedBooter.main(ForkedBooter.java:418)
</error>
    <system-out><![CDATA[2019-09-25 05:49:42,061 [main] WARN  server.ServerUtils (ServerUtils.java:getScmDbDir(145)) - ozone.scm.db.dirs is not configured. We recommend adding this setting. Falling back to ozone.metadata.dirs instead.
2019-09-25 05:49:42,101 [main] WARN  server.ServerUtils (ServerUtils.java:getScmDbDir(145)) - ozone.scm.db.dirs is not configured. We recommend adding this setting. Falling back to ozone.metadata.dirs instead.
2019-09-25 05:49:42,101 [main] WARN  server.ServerUtils (ServerUtils.java:getScmDbDir(145)) - ozone.scm.db.dirs is not configured. We recommend adding this setting. Falling back to ozone.metadata.dirs instead.
2019-09-25 05:49:42,102 [main] INFO  db.DBStoreBuilder (DBStoreBuilder.java:addTable(110)) - using custom profile for table: deletedBlocks
2019-09-25 05:49:42,102 [main] INFO  db.DBStoreBuilder (DBStoreBuilder.java:processTables(161)) - Using default column profile:DBProfile.DISK for Table:deletedBlocks
2019-09-25 05:49:42,102 [main] INFO  db.DBStoreBuilder (DBStoreBuilder.java:addTable(110)) - using custom profile for table: validCerts
2019-09-25 05:49:42,102 [main] INFO  db.DBStoreBuilder (DBStoreBuilder.java:processTables(161)) - Using default column profile:DBProfile.DISK for Table:validCerts
2019-09-25 05:49:42,103 [main] INFO  db.DBStoreBuilder (DBStoreBuilder.java:addTable(110)) - using custom profile for table: revokedCerts
2019-09-25 05:49:42,103 [main] INFO  db.DBStoreBuilder (DBStoreBuilder.java:processTables(161)) - Using default column profile:DBProfile.DISK for Table:revokedCerts
2019-09-25 05:49:42,103 [main] INFO  db.DBStoreBuilder (DBStoreBuilder.java:addTable(110)) - using custom profile for table: default
2019-09-25 05:49:42,103 [main] INFO  db.DBStoreBuilder (DBStoreBuilder.java:processTables(167)) - Using default column profile:DBProfile.DISK for Table:default
2019-09-25 05:49:42,103 [main] INFO  db.DBStoreBuilder (DBStoreBuilder.java:getDbProfile(198)) - Using default options. DBProfile.DISK
2019-09-25 05:49:42,274 [main] INFO  net.NodeSchemaLoader (NodeSchemaLoader.java:loadSchemaFromFile(125)) - Loading file from sun.misc.CompoundEnumeration@5d1bdd4a
2019-09-25 05:49:42,275 [main] INFO  net.NodeSchemaLoader (NodeSchemaLoader.java:loadSchema(171)) - Loading network topology layer schema file
2019-09-25 05:49:42,280 [main] INFO  node.SCMNodeManager (SCMNodeManager.java:<init>(114)) - Entering startup safe mode.
2019-09-25 05:49:42,281 [main] INFO  algorithms.ContainerPlacementPolicyFactory (ContainerPlacementPolicyFactory.java:getPolicy(59)) - Create container placement policy of type org.apache.hadoop.hdds.scm.container.placement.algorithms.SCMContainerPlacementRandom
2019-09-25 05:49:42,281 [main] WARN  server.ServerUtils (ServerUtils.java:getScmDbDir(145)) - ozone.scm.db.dirs is not configured. We recommend adding this setting. Falling back to ozone.metadata.dirs instead.
2019-09-25 05:49:42,326 [main] INFO  pipeline.SCMPipelineManager (SCMPipelineManager.java:initializePipelineState(132)) - No pipeline exists in current db
2019-09-25 05:49:42,326 [main] WARN  server.ServerUtils (ServerUtils.java:getScmDbDir(145)) - ozone.scm.db.dirs is not configured. We recommend adding this setting. Falling back to ozone.metadata.dirs instead.
2019-09-25 05:49:42,402 [main] WARN  events.EventQueue (EventQueue.java:fireEvent(183)) - No event handler registered for event TypedEvent{payloadType=SafeModeStatus, name='SafeModeStatus'}
2019-09-25 05:49:42,403 [main] INFO  ipc.CallQueueManager (CallQueueManager.java:<init>(84)) - Using callQueue: class java.util.concurrent.LinkedBlockingQueue, queueCapacity: 2000, scheduler: class org.apache.hadoop.ipc.DefaultRpcScheduler, ipcBackoff: false.
2019-09-25 05:49:42,404 [Socket Reader #1 for port 41745] INFO  ipc.Server (Server.java:run(1074)) - Starting Socket Reader #1 for port 41745
2019-09-25 05:49:42,407 [main] INFO  ipc.CallQueueManager (CallQueueManager.java:<init>(84)) - Using callQueue: class java.util.concurrent.LinkedBlockingQueue, queueCapacity: 2000, scheduler: class org.apache.hadoop.ipc.DefaultRpcScheduler, ipcBackoff: false.
2019-09-25 05:49:42,408 [Socket Reader #1 for port 35239] INFO  ipc.Server (Server.java:run(1074)) - Starting Socket Reader #1 for port 35239
2019-09-25 05:49:42,410 [main] INFO  ipc.CallQueueManager (CallQueueManager.java:<init>(84)) - Using callQueue: class java.util.concurrent.LinkedBlockingQueue, queueCapacity: 2000, scheduler: class org.apache.hadoop.ipc.DefaultRpcScheduler, ipcBackoff: false.
2019-09-25 05:49:42,411 [Socket Reader #1 for port 43527] INFO  ipc.Server (Server.java:run(1074)) - Starting Socket Reader #1 for port 43527
2019-09-25 05:49:42,413 [main] INFO  hdfs.DFSUtil (DFSUtil.java:httpServerTemplateForNNAndJN(1641)) - Starting Web-server for scm at: http://0.0.0.0:0
2019-09-25 05:49:42,415 [main] INFO  server.AuthenticationFilter (AuthenticationFilter.java:constructSecretProvider(240)) - Unable to initialize FileSignerSecretProvider, falling back to use random secrets.
2019-09-25 05:49:42,416 [main] WARN  http.HttpRequestLog (HttpRequestLog.java:getRequestLog(97)) - Jetty request log can only be enabled using Log4j
2019-09-25 05:49:42,418 [main] INFO  http.HttpServer2 (HttpServer2.java:addGlobalFilter(975)) - Added global filter 'safety' (class=org.apache.hadoop.http.HttpServer2$QuotingInputFilter)
2019-09-25 05:49:42,419 [main] INFO  http.HttpServer2 (HttpServer2.java:addFilter(948)) - Added filter static_user_filter (class=org.apache.hadoop.http.lib.StaticUserWebFilter$StaticUserFilter) to context scm
2019-09-25 05:49:42,419 [main] INFO  http.HttpServer2 (HttpServer2.java:addFilter(958)) - Added filter static_user_filter (class=org.apache.hadoop.http.lib.StaticUserWebFilter$StaticUserFilter) to context logs
2019-09-25 05:49:42,419 [main] INFO  http.HttpServer2 (HttpServer2.java:addFilter(958)) - Added filter static_user_filter (class=org.apache.hadoop.http.lib.StaticUserWebFilter$StaticUserFilter) to context static
2019-09-25 05:49:42,421 [main] INFO  server.StorageContainerManager (StorageContainerManager.java:start(770)) - StorageContainerLocationProtocol RPC server is listening at /0.0.0.0:43527
2019-09-25 05:49:42,424 [main] WARN  impl.MetricsConfig (MetricsConfig.java:loadFirst(134)) - Cannot locate configuration: tried hadoop-metrics2-storagecontainermanager.properties,hadoop-metrics2.properties
2019-09-25 05:49:42,425 [main] INFO  impl.MetricsSystemImpl (MetricsSystemImpl.java:startTimer(374)) - Scheduled Metric snapshot period at 10 second(s).
2019-09-25 05:49:42,426 [main] INFO  impl.MetricsSystemImpl (MetricsSystemImpl.java:start(191)) - StorageContainerManager metrics system started
2019-09-25 05:49:42,555 [main] WARN  impl.MetricsSystemImpl (MetricsSystemImpl.java:register(276)) - Sink prometheus already exists!
2019-09-25 05:49:42,664 [main] INFO  server.SCMClientProtocolServer (SCMClientProtocolServer.java:start(151)) - RPC server for Client  is listening at /0.0.0.0:43527
2019-09-25 05:49:42,664 [IPC Server Responder] INFO  ipc.Server (Server.java:run(1314)) - IPC Server Responder: starting
2019-09-25 05:49:42,664 [IPC Server listener on 43527] INFO  ipc.Server (Server.java:run(1153)) - IPC Server listener on 43527: starting
2019-09-25 05:49:42,669 [main] INFO  server.StorageContainerManager (StorageContainerManager.java:start(780)) - ScmBlockLocationProtocol RPC server is listening at /0.0.0.0:35239
2019-09-25 05:49:42,669 [main] INFO  server.SCMBlockProtocolServer (SCMBlockProtocolServer.java:start(146)) - RPC server for Block Protocol is listening at /0.0.0.0:35239
2019-09-25 05:49:42,669 [IPC Server Responder] INFO  ipc.Server (Server.java:run(1314)) - IPC Server Responder: starting
2019-09-25 05:49:42,669 [IPC Server listener on 35239] INFO  ipc.Server (Server.java:run(1153)) - IPC Server listener on 35239: starting
2019-09-25 05:49:42,674 [main] INFO  server.StorageContainerManager (StorageContainerManager.java:start(784)) - ScmDatanodeProtocl RPC server is listening at /0.0.0.0:41745
2019-09-25 05:49:42,674 [main] INFO  server.SCMDatanodeProtocolServer (SCMDatanodeProtocolServer.java:start(191)) - RPC server for DataNodes is listening at /0.0.0.0:41745
2019-09-25 05:49:42,674 [IPC Server Responder] INFO  ipc.Server (Server.java:run(1314)) - IPC Server Responder: starting
2019-09-25 05:49:42,674 [IPC Server listener on 41745] INFO  ipc.Server (Server.java:run(1153)) - IPC Server listener on 41745: starting
2019-09-25 05:49:42,679 [main] INFO  http.HttpServer2 (HttpServer2.java:bindListener(1191)) - Jetty bound to port 45507
2019-09-25 05:49:42,679 [main] INFO  server.Server (Server.java:doStart(351)) - jetty-9.3.25.v20180904, build timestamp: 2018-09-04T21:11:46Z, git hash: 3ce520221d0240229c862b122d2b06c12a625732
2019-09-25 05:49:42,681 [main] INFO  handler.ContextHandler (ContextHandler.java:doStart(781)) - Started o.e.j.s.ServletContextHandler@3bbf1c0d{/logs,file:///workdir/hadoop-ozone/integration-test/target/log,AVAILABLE}
2019-09-25 05:49:42,681 [main] INFO  handler.ContextHandler (ContextHandler.java:doStart(781)) - Started o.e.j.s.ServletContextHandler@216c22ce{/static,file:///workdir/hadoop-ozone/integration-test/target/test-classes/webapps/static,AVAILABLE}
2019-09-25 05:49:42,685 [main] INFO  handler.ContextHandler (ContextHandler.java:doStart(781)) - Started o.e.j.w.WebAppContext@7741ae1b{/,file:///workdir/hadoop-ozone/integration-test/target/test-classes/webapps/scm/,AVAILABLE}{/scm}
2019-09-25 05:49:42,685 [main] INFO  server.AbstractConnector (AbstractConnector.java:doStart(278)) - Started ServerConnector@50e5032c{HTTP/1.1,[http/1.1]}{0.0.0.0:45507}
2019-09-25 05:49:42,686 [main] INFO  server.Server (Server.java:doStart(419)) - Started @525524ms
2019-09-25 05:49:42,686 [main] WARN  impl.MetricsSystemImpl (MetricsSystemImpl.java:register(276)) - Sink prometheus already exists!
2019-09-25 05:49:42,687 [main] INFO  server.BaseHttpServer (BaseHttpServer.java:updateConnectorAddress(215)) - HTTP server of SCM is listening at http://0.0.0.0:45507
2019-09-25 05:49:42,687 [main] WARN  server.ServerUtils (ServerUtils.java:getDBPath(222)) - ozone.om.db.dirs is not configured. We recommend adding this setting. Falling back to ozone.metadata.dirs instead.
2019-09-25 05:49:42,689 [org.apache.hadoop.util.JvmPauseMonitor$Monitor@124eb83d] INFO  util.JvmPauseMonitor (JvmPauseMonitor.java:run(188)) - Starting JVM pause monitor
2019-09-25 05:49:42,702 [main] WARN  server.ServerUtils (ServerUtils.java:getDBPath(222)) - ozone.om.db.dirs is not configured. We recommend adding this setting. Falling back to ozone.metadata.dirs instead.
2019-09-25 05:49:42,702 [main] WARN  server.ServerUtils (ServerUtils.java:getDBPath(222)) - ozone.om.db.dirs is not configured. We recommend adding this setting. Falling back to ozone.metadata.dirs instead.
2019-09-25 05:49:42,702 [main] INFO  om.OzoneManager (OzoneManager.java:setOMNodeDetails(652)) - OM Service ID is not set. Setting it to the default ID: omServiceIdDefault
2019-09-25 05:49:42,702 [main] INFO  om.OzoneManager (OzoneManager.java:setOMNodeDetails(658)) - OM Node ID is not set. Setting it to the OmStorage's OmID: f8040cbb-d1eb-4b93-8b2e-326b6ea7f452
2019-09-25 05:49:42,703 [main] INFO  om.OzoneManager (OzoneManager.java:loadOMHAConfigs(609)) - Found matching OM address with OMServiceId: null, OMNodeId: null, RPC Address: localhost:0 and Ratis port: 9872
2019-09-25 05:49:42,709 [main] WARN  server.ServerUtils (ServerUtils.java:getDBPath(222)) - ozone.om.db.dirs is not configured. We recommend adding this setting. Falling back to ozone.metadata.dirs instead.
2019-09-25 05:49:42,709 [main] INFO  db.DBStoreBuilder (DBStoreBuilder.java:addTable(110)) - using custom profile for table: userTable
2019-09-25 05:49:42,709 [main] INFO  db.DBStoreBuilder (DBStoreBuilder.java:processTables(161)) - Using default column profile:DBProfile.DISK for Table:userTable
2019-09-25 05:49:42,710 [main] INFO  db.DBStoreBuilder (DBStoreBuilder.java:addTable(110)) - using custom profile for table: volumeTable
2019-09-25 05:49:42,710 [main] INFO  db.DBStoreBuilder (DBStoreBuilder.java:processTables(161)) - Using default column profile:DBProfile.DISK for Table:volumeTable
2019-09-25 05:49:42,710 [main] INFO  db.DBStoreBuilder (DBStoreBuilder.java:addTable(110)) - using custom profile for table: bucketTable
2019-09-25 05:49:42,710 [main] INFO  db.DBStoreBuilder (DBStoreBuilder.java:processTables(161)) - Using default column profile:DBProfile.DISK for Table:bucketTable
2019-09-25 05:49:42,710 [main] INFO  db.DBStoreBuilder (DBStoreBuilder.java:addTable(110)) - using custom profile for table: keyTable
2019-09-25 05:49:42,710 [main] INFO  db.DBStoreBuilder (DBStoreBuilder.java:processTables(161)) - Using default column profile:DBProfile.DISK for Table:keyTable
2019-09-25 05:49:42,711 [main] INFO  db.DBStoreBuilder (DBStoreBuilder.java:addTable(110)) - using custom profile for table: deletedTable
2019-09-25 05:49:42,711 [main] INFO  db.DBStoreBuilder (DBStoreBuilder.java:processTables(161)) - Using default column profile:DBProfile.DISK for Table:deletedTable
2019-09-25 05:49:42,711 [main] INFO  db.DBStoreBuilder (DBStoreBuilder.java:addTable(110)) - using custom profile for table: openKeyTable
2019-09-25 05:49:42,711 [main] INFO  db.DBStoreBuilder (DBStoreBuilder.java:processTables(161)) - Using default column profile:DBProfile.DISK for Table:openKeyTable
2019-09-25 05:49:42,711 [main] INFO  db.DBStoreBuilder (DBStoreBuilder.java:addTable(110)) - using custom profile for table: s3Table
2019-09-25 05:49:42,711 [main] INFO  db.DBStoreBuilder (DBStoreBuilder.java:processTables(161)) - Using default column profile:DBProfile.DISK for Table:s3Table
2019-09-25 05:49:42,712 [main] INFO  db.DBStoreBuilder (DBStoreBuilder.java:addTable(110)) - using custom profile for table: multipartInfoTable
2019-09-25 05:49:42,712 [main] INFO  db.DBStoreBuilder (DBStoreBuilder.java:processTables(161)) - Using default column profile:DBProfile.DISK for Table:multipartInfoTable
2019-09-25 05:49:42,712 [main] INFO  db.DBStoreBuilder (DBStoreBuilder.java:addTable(110)) - using custom profile for table: dTokenTable
2019-09-25 05:49:42,712 [main] INFO  db.DBStoreBuilder (DBStoreBuilder.java:processTables(161)) - Using default column profile:DBProfile.DISK for Table:dTokenTable
2019-09-25 05:49:42,712 [main] INFO  db.DBStoreBuilder (DBStoreBuilder.java:addTable(110)) - using custom profile for table: s3SecretTable
2019-09-25 05:49:42,712 [main] INFO  db.DBStoreBuilder (DBStoreBuilder.java:processTables(161)) - Using default column profile:DBProfile.DISK for Table:s3SecretTable
2019-09-25 05:49:42,713 [main] INFO  db.DBStoreBuilder (DBStoreBuilder.java:addTable(110)) - using custom profile for table: prefixTable
2019-09-25 05:49:42,713 [main] INFO  db.DBStoreBuilder (DBStoreBuilder.java:processTables(161)) - Using default column profile:DBProfile.DISK for Table:prefixTable
2019-09-25 05:49:42,713 [main] INFO  db.DBStoreBuilder (DBStoreBuilder.java:addTable(110)) - using custom profile for table: default
2019-09-25 05:49:42,713 [main] INFO  db.DBStoreBuilder (DBStoreBuilder.java:processTables(167)) - Using default column profile:DBProfile.DISK for Table:default
2019-09-25 05:49:42,713 [main] INFO  db.DBStoreBuilder (DBStoreBuilder.java:getDbProfile(198)) - Using default options. DBProfile.DISK
2019-09-25 05:49:43,268 [main] INFO  ipc.CallQueueManager (CallQueueManager.java:<init>(84)) - Using callQueue: class java.util.concurrent.LinkedBlockingQueue, queueCapacity: 2000, scheduler: class org.apache.hadoop.ipc.DefaultRpcScheduler, ipcBackoff: false.
2019-09-25 05:49:43,269 [Socket Reader #1 for port 39263] INFO  ipc.Server (Server.java:run(1074)) - Starting Socket Reader #1 for port 39263
2019-09-25 05:49:43,285 [main] INFO  om.OzoneManager (OzoneManager.java:start(1243)) - OzoneManager RPC server is listening at localhost/127.0.0.1:39263
2019-09-25 05:49:43,285 [main] INFO  impl.MetricsSystemImpl (MetricsSystemImpl.java:init(158)) - OzoneManager metrics system started (again)
2019-09-25 05:49:43,285 [IPC Server Responder] INFO  ipc.Server (Server.java:run(1314)) - IPC Server Responder: starting
2019-09-25 05:49:43,287 [IPC Server listener on 39263] INFO  ipc.Server (Server.java:run(1153)) - IPC Server listener on 39263: starting
2019-09-25 05:49:43,292 [main] INFO  hdfs.DFSUtil (DFSUtil.java:httpServerTemplateForNNAndJN(1641)) - Starting Web-server for ozoneManager at: http://0.0.0.0:0
2019-09-25 05:49:43,294 [main] INFO  server.AuthenticationFilter (AuthenticationFilter.java:constructSecretProvider(240)) - Unable to initialize FileSignerSecretProvider, falling back to use random secrets.
2019-09-25 05:49:43,294 [main] WARN  http.HttpRequestLog (HttpRequestLog.java:getRequestLog(97)) - Jetty request log can only be enabled using Log4j
2019-09-25 05:49:43,296 [main] INFO  http.HttpServer2 (HttpServer2.java:addGlobalFilter(975)) - Added global filter 'safety' (class=org.apache.hadoop.http.HttpServer2$QuotingInputFilter)
2019-09-25 05:49:43,296 [main] INFO  http.HttpServer2 (HttpServer2.java:addFilter(948)) - Added filter static_user_filter (class=org.apache.hadoop.http.lib.StaticUserWebFilter$StaticUserFilter) to context ozoneManager
2019-09-25 05:49:43,296 [main] INFO  http.HttpServer2 (HttpServer2.java:addFilter(958)) - Added filter static_user_filter (class=org.apache.hadoop.http.lib.StaticUserWebFilter$StaticUserFilter) to context logs
2019-09-25 05:49:43,296 [main] INFO  http.HttpServer2 (HttpServer2.java:addFilter(958)) - Added filter static_user_filter (class=org.apache.hadoop.http.lib.StaticUserWebFilter$StaticUserFilter) to context static
2019-09-25 05:49:43,297 [main] INFO  http.HttpServer2 (HttpServer2.java:bindListener(1191)) - Jetty bound to port 40938
2019-09-25 05:49:43,297 [main] INFO  server.Server (Server.java:doStart(351)) - jetty-9.3.25.v20180904, build timestamp: 2018-09-04T21:11:46Z, git hash: 3ce520221d0240229c862b122d2b06c12a625732
2019-09-25 05:49:43,298 [main] INFO  handler.ContextHandler (ContextHandler.java:doStart(781)) - Started o.e.j.s.ServletContextHandler@115c946b{/logs,file:///workdir/hadoop-ozone/integration-test/target/log,AVAILABLE}
2019-09-25 05:49:43,299 [main] INFO  handler.ContextHandler (ContextHandler.java:doStart(781)) - Started o.e.j.s.ServletContextHandler@54f6b629{/static,file:///workdir/hadoop-ozone/integration-test/target/test-classes/webapps/static,AVAILABLE}
2019-09-25 05:49:43,303 [main] INFO  handler.ContextHandler (ContextHandler.java:doStart(781)) - Started o.e.j.w.WebAppContext@d25e878{/,file:///workdir/hadoop-ozone/integration-test/target/test-classes/webapps/ozoneManager/,AVAILABLE}{/ozoneManager}
2019-09-25 05:49:43,303 [main] INFO  server.AbstractConnector (AbstractConnector.java:doStart(278)) - Started ServerConnector@47187f50{HTTP/1.1,[http/1.1]}{0.0.0.0:40938}
2019-09-25 05:49:43,305 [main] INFO  server.Server (Server.java:doStart(419)) - Started @526142ms
2019-09-25 05:49:43,305 [main] WARN  impl.MetricsSystemImpl (MetricsSystemImpl.java:register(276)) - Sink prometheus already exists!
2019-09-25 05:49:43,306 [main] INFO  server.BaseHttpServer (BaseHttpServer.java:updateConnectorAddress(215)) - HTTP server of OZONEMANAGER is listening at http://0.0.0.0:40938
2019-09-25 05:49:43,321 [main] INFO  impl.MetricsSystemImpl (MetricsSystemImpl.java:init(158)) - HddsDatanode metrics system started (again)
2019-09-25 05:49:43,328 [main] INFO  ozone.HddsDatanodeService (HddsDatanodeService.java:start(184)) - HddsDatanodeService host:pr-hdds-1569-s62bp-3040748787 ip:192.168.30.10
2019-09-25 05:49:43,336 [main] INFO  volume.HddsVolume (HddsVolume.java:<init>(176)) - Creating Volume: /workdir/hadoop-ozone/integration-test/target/test-dir/MiniOzoneClusterImpl-3371874c-cdf9-4999-a21e-92d2cda410bc/datanode-0/data/containers/hdds of  storage type : DISK and capacity : 1482555576320
2019-09-25 05:49:43,336 [main] INFO  volume.VolumeSet (VolumeSet.java:initializeVolumeSet(170)) - Added Volume : /workdir/hadoop-ozone/integration-test/target/test-dir/MiniOzoneClusterImpl-3371874c-cdf9-4999-a21e-92d2cda410bc/datanode-0/data/containers/hdds to VolumeSet
2019-09-25 05:49:43,336 [main] INFO  volume.ThrottledAsyncChecker (ThrottledAsyncChecker.java:schedule(139)) - Scheduling a check for org.apache.hadoop.ozone.container.common.volume.HddsVolume@56fda064
2019-09-25 05:49:43,337 [main] INFO  volume.HddsVolumeChecker (HddsVolumeChecker.java:checkAllVolumes(202)) - Scheduled health check for volume org.apache.hadoop.ozone.container.common.volume.HddsVolume@56fda064
2019-09-25 05:49:43,351 [main] INFO  impl.RaftServerProxy (ConfUtils.java:logGet(43)) - raft.rpc.type = GRPC (default)
2019-09-25 05:49:43,351 [main] INFO  grpc.GrpcFactory (GrpcFactory.java:checkPooledByteBufAllocatorUseCacheForAllThreads(45)) - PERFORMANCE WARNING: useCacheForAllThreads is true that may cause Netty to create a lot garbage objects and, as a result, trigger GC.
	It is recommended to disable useCacheForAllThreads by setting -Dorg.apache.ratis.thirdparty.io.netty.allocator.useCacheForAllThreads=false in command line.
2019-09-25 05:49:43,352 [main] INFO  grpc.GrpcConfigKeys$Server (ConfUtils.java:logGet(43)) - raft.grpc.server.port = 0 (default)
2019-09-25 05:49:43,352 [main] INFO  server.GrpcService (ConfUtils.java:logGet(43)) - raft.grpc.message.size.max = 33570816 (custom)
2019-09-25 05:49:43,352 [main] INFO  server.RaftServerConfigKeys (ConfUtils.java:logGet(43)) - raft.server.log.appender.buffer.byte-limit = 33554432 (custom)
2019-09-25 05:49:43,352 [main] INFO  server.GrpcService (ConfUtils.java:logGet(43)) - raft.grpc.flow.control.window = 1MB (=1048576) (default)
2019-09-25 05:49:43,352 [main] INFO  server.RaftServerConfigKeys (ConfUtils.java:logGet(43)) - raft.server.rpc.request.timeout = 3000ms (default)
2019-09-25 05:49:43,353 [main] INFO  server.RaftServerConfigKeys (ConfUtils.java:logGet(43)) - raft.server.storage.dir = [/workdir/hadoop-ozone/integration-test/target/test-dir/MiniOzoneClusterImpl-3371874c-cdf9-4999-a21e-92d2cda410bc/datanode-0/data/ratis] (custom)
2019-09-25 05:49:43,354 [main] INFO  hdfs.DFSUtil (DFSUtil.java:httpServerTemplateForNNAndJN(1641)) - Starting Web-server for hddsDatanode at: http://0.0.0.0:0
2019-09-25 05:49:43,355 [main] INFO  server.AuthenticationFilter (AuthenticationFilter.java:constructSecretProvider(240)) - Unable to initialize FileSignerSecretProvider, falling back to use random secrets.
2019-09-25 05:49:43,356 [main] WARN  http.HttpRequestLog (HttpRequestLog.java:getRequestLog(97)) - Jetty request log can only be enabled using Log4j
2019-09-25 05:49:43,357 [main] INFO  http.HttpServer2 (HttpServer2.java:addGlobalFilter(975)) - Added global filter 'safety' (class=org.apache.hadoop.http.HttpServer2$QuotingInputFilter)
2019-09-25 05:49:43,357 [main] INFO  http.HttpServer2 (HttpServer2.java:addFilter(948)) - Added filter static_user_filter (class=org.apache.hadoop.http.lib.StaticUserWebFilter$StaticUserFilter) to context hddsDatanode
2019-09-25 05:49:43,357 [main] INFO  http.HttpServer2 (HttpServer2.java:addFilter(958)) - Added filter static_user_filter (class=org.apache.hadoop.http.lib.StaticUserWebFilter$StaticUserFilter) to context logs
2019-09-25 05:49:43,358 [main] INFO  http.HttpServer2 (HttpServer2.java:addFilter(958)) - Added filter static_user_filter (class=org.apache.hadoop.http.lib.StaticUserWebFilter$StaticUserFilter) to context static
2019-09-25 05:49:43,358 [main] INFO  http.HttpServer2 (HttpServer2.java:bindListener(1191)) - Jetty bound to port 33505
2019-09-25 05:49:43,358 [main] INFO  server.Server (Server.java:doStart(351)) - jetty-9.3.25.v20180904, build timestamp: 2018-09-04T21:11:46Z, git hash: 3ce520221d0240229c862b122d2b06c12a625732
2019-09-25 05:49:43,360 [main] INFO  handler.ContextHandler (ContextHandler.java:doStart(781)) - Started o.e.j.s.ServletContextHandler@289f15e9{/logs,file:///workdir/hadoop-ozone/integration-test/target/log,AVAILABLE}
2019-09-25 05:49:43,360 [main] INFO  handler.ContextHandler (ContextHandler.java:doStart(781)) - Started o.e.j.s.ServletContextHandler@6af87130{/static,jar:file:/home/user/.m2/repository/org/apache/hadoop/hadoop-hdds-container-service/0.5.0-SNAPSHOT/hadoop-hdds-container-service-0.5.0-SNAPSHOT.jar!/webapps/static,AVAILABLE}
2019-09-25 05:49:43,387 [main] INFO  handler.ContextHandler (ContextHandler.java:doStart(781)) - Started o.e.j.w.WebAppContext@2c7c0e36{/,file:///tmp/jetty-0.0.0.0-33505-hddsDatanode-_-any-4085659770112111998.dir/webapp/,AVAILABLE}{/hddsDatanode}
2019-09-25 05:49:43,387 [main] INFO  server.AbstractConnector (AbstractConnector.java:doStart(278)) - Started ServerConnector@307cf964{HTTP/1.1,[http/1.1]}{0.0.0.0:33505}
2019-09-25 05:49:43,389 [main] INFO  server.Server (Server.java:doStart(419)) - Started @526227ms
2019-09-25 05:49:43,389 [main] WARN  impl.MetricsSystemImpl (MetricsSystemImpl.java:register(276)) - Sink prometheus already exists!
2019-09-25 05:49:43,390 [main] INFO  server.BaseHttpServer (BaseHttpServer.java:updateConnectorAddress(215)) - HTTP server of HDDSDATANODE is listening at http://0.0.0.0:33505
2019-09-25 05:49:43,390 [main] INFO  impl.MetricsSystemImpl (MetricsSystemImpl.java:init(158)) - HddsDatanode metrics system started (again)
2019-09-25 05:49:43,397 [org.apache.hadoop.util.JvmPauseMonitor$Monitor@3c783815] INFO  util.JvmPauseMonitor (JvmPauseMonitor.java:run(188)) - Starting JVM pause monitor
2019-09-25 05:49:43,398 [main] INFO  ozone.HddsDatanodeService (HddsDatanodeService.java:start(184)) - HddsDatanodeService host:pr-hdds-1569-s62bp-3040748787 ip:192.168.30.10
2019-09-25 05:49:43,400 [Datanode State Machine Thread - 0] INFO  datanode.InitDatanodeState (InitDatanodeState.java:persistContainerDatanodeDetails(140)) - DatanodeDetails is persisted to /workdir/hadoop-ozone/integration-test/target/test-dir/MiniOzoneClusterImpl-3371874c-cdf9-4999-a21e-92d2cda410bc/datanode-0/meta/datanode.id
2019-09-25 05:49:43,405 [main] INFO  volume.HddsVolume (HddsVolume.java:<init>(176)) - Creating Volume: /workdir/hadoop-ozone/integration-test/target/test-dir/MiniOzoneClusterImpl-3371874c-cdf9-4999-a21e-92d2cda410bc/datanode-1/data/containers/hdds of  storage type : DISK and capacity : 1482555576320
2019-09-25 05:49:43,405 [main] INFO  volume.VolumeSet (VolumeSet.java:initializeVolumeSet(170)) - Added Volume : /workdir/hadoop-ozone/integration-test/target/test-dir/MiniOzoneClusterImpl-3371874c-cdf9-4999-a21e-92d2cda410bc/datanode-1/data/containers/hdds to VolumeSet
2019-09-25 05:49:43,405 [main] INFO  volume.ThrottledAsyncChecker (ThrottledAsyncChecker.java:schedule(139)) - Scheduling a check for org.apache.hadoop.ozone.container.common.volume.HddsVolume@1ea930eb
2019-09-25 05:49:43,405 [main] INFO  volume.HddsVolumeChecker (HddsVolumeChecker.java:checkAllVolumes(202)) - Scheduled health check for volume org.apache.hadoop.ozone.container.common.volume.HddsVolume@1ea930eb
2019-09-25 05:49:43,420 [main] INFO  impl.RaftServerProxy (ConfUtils.java:logGet(43)) - raft.rpc.type = GRPC (default)
2019-09-25 05:49:43,420 [main] INFO  grpc.GrpcFactory (GrpcFactory.java:checkPooledByteBufAllocatorUseCacheForAllThreads(45)) - PERFORMANCE WARNING: useCacheForAllThreads is true that may cause Netty to create a lot garbage objects and, as a result, trigger GC.
	It is recommended to disable useCacheForAllThreads by setting -Dorg.apache.ratis.thirdparty.io.netty.allocator.useCacheForAllThreads=false in command line.
2019-09-25 05:49:43,420 [main] INFO  grpc.GrpcConfigKeys$Server (ConfUtils.java:logGet(43)) - raft.grpc.server.port = 0 (default)
2019-09-25 05:49:43,420 [main] INFO  server.GrpcService (ConfUtils.java:logGet(43)) - raft.grpc.message.size.max = 33570816 (custom)
2019-09-25 05:49:43,420 [main] INFO  server.RaftServerConfigKeys (ConfUtils.java:logGet(43)) - raft.server.log.appender.buffer.byte-limit = 33554432 (custom)
2019-09-25 05:49:43,421 [main] INFO  server.GrpcService (ConfUtils.java:logGet(43)) - raft.grpc.flow.control.window = 1MB (=1048576) (default)
2019-09-25 05:49:43,421 [main] INFO  server.RaftServerConfigKeys (ConfUtils.java:logGet(43)) - raft.server.rpc.request.timeout = 3000ms (default)
2019-09-25 05:49:43,421 [main] INFO  server.RaftServerConfigKeys (ConfUtils.java:logGet(43)) - raft.server.storage.dir = [/workdir/hadoop-ozone/integration-test/target/test-dir/MiniOzoneClusterImpl-3371874c-cdf9-4999-a21e-92d2cda410bc/datanode-1/data/ratis] (custom)
2019-09-25 05:49:43,422 [main] INFO  hdfs.DFSUtil (DFSUtil.java:httpServerTemplateForNNAndJN(1641)) - Starting Web-server for hddsDatanode at: http://0.0.0.0:0
2019-09-25 05:49:43,423 [main] INFO  server.AuthenticationFilter (AuthenticationFilter.java:constructSecretProvider(240)) - Unable to initialize FileSignerSecretProvider, falling back to use random secrets.
2019-09-25 05:49:43,424 [main] WARN  http.HttpRequestLog (HttpRequestLog.java:getRequestLog(97)) - Jetty request log can only be enabled using Log4j
2019-09-25 05:49:43,425 [main] INFO  http.HttpServer2 (HttpServer2.java:addGlobalFilter(975)) - Added global filter 'safety' (class=org.apache.hadoop.http.HttpServer2$QuotingInputFilter)
2019-09-25 05:49:43,425 [main] INFO  http.HttpServer2 (HttpServer2.java:addFilter(948)) - Added filter static_user_filter (class=org.apache.hadoop.http.lib.StaticUserWebFilter$StaticUserFilter) to context hddsDatanode
2019-09-25 05:49:43,425 [main] INFO  http.HttpServer2 (HttpServer2.java:addFilter(958)) - Added filter static_user_filter (class=org.apache.hadoop.http.lib.StaticUserWebFilter$StaticUserFilter) to context logs
2019-09-25 05:49:43,425 [main] INFO  http.HttpServer2 (HttpServer2.java:addFilter(958)) - Added filter static_user_filter (class=org.apache.hadoop.http.lib.StaticUserWebFilter$StaticUserFilter) to context static
2019-09-25 05:49:43,426 [main] INFO  http.HttpServer2 (HttpServer2.java:bindListener(1191)) - Jetty bound to port 40718
2019-09-25 05:49:43,426 [main] INFO  server.Server (Server.java:doStart(351)) - jetty-9.3.25.v20180904, build timestamp: 2018-09-04T21:11:46Z, git hash: 3ce520221d0240229c862b122d2b06c12a625732
2019-09-25 05:49:43,427 [main] INFO  handler.ContextHandler (ContextHandler.java:doStart(781)) - Started o.e.j.s.ServletContextHandler@621f23ac{/logs,file:///workdir/hadoop-ozone/integration-test/target/log,AVAILABLE}
2019-09-25 05:49:43,428 [main] INFO  handler.ContextHandler (ContextHandler.java:doStart(781)) - Started o.e.j.s.ServletContextHandler@51f68849{/static,jar:file:/home/user/.m2/repository/org/apache/hadoop/hadoop-hdds-container-service/0.5.0-SNAPSHOT/hadoop-hdds-container-service-0.5.0-SNAPSHOT.jar!/webapps/static,AVAILABLE}
2019-09-25 05:49:43,454 [main] INFO  handler.ContextHandler (ContextHandler.java:doStart(781)) - Started o.e.j.w.WebAppContext@781654f8{/,file:///tmp/jetty-0.0.0.0-40718-hddsDatanode-_-any-3557547275548411982.dir/webapp/,AVAILABLE}{/hddsDatanode}
2019-09-25 05:49:43,454 [main] INFO  server.AbstractConnector (AbstractConnector.java:doStart(278)) - Started ServerConnector@2abc55c4{HTTP/1.1,[http/1.1]}{0.0.0.0:40718}
2019-09-25 05:49:43,456 [main] INFO  server.Server (Server.java:doStart(419)) - Started @526294ms
2019-09-25 05:49:43,457 [main] WARN  impl.MetricsSystemImpl (MetricsSystemImpl.java:register(276)) - Sink prometheus already exists!
2019-09-25 05:49:43,457 [main] INFO  server.BaseHttpServer (BaseHttpServer.java:updateConnectorAddress(215)) - HTTP server of HDDSDATANODE is listening at http://0.0.0.0:40718
2019-09-25 05:49:43,457 [main] INFO  impl.MetricsSystemImpl (MetricsSystemImpl.java:init(158)) - HddsDatanode metrics system started (again)
2019-09-25 05:49:43,464 [org.apache.hadoop.util.JvmPauseMonitor$Monitor@76c5cf4d] INFO  util.JvmPauseMonitor (JvmPauseMonitor.java:run(188)) - Starting JVM pause monitor
2019-09-25 05:49:43,465 [main] INFO  ozone.HddsDatanodeService (HddsDatanodeService.java:start(184)) - HddsDatanodeService host:pr-hdds-1569-s62bp-3040748787 ip:192.168.30.10
2019-09-25 05:49:43,466 [Datanode State Machine Thread - 0] INFO  datanode.InitDatanodeState (InitDatanodeState.java:persistContainerDatanodeDetails(140)) - DatanodeDetails is persisted to /workdir/hadoop-ozone/integration-test/target/test-dir/MiniOzoneClusterImpl-3371874c-cdf9-4999-a21e-92d2cda410bc/datanode-1/meta/datanode.id
2019-09-25 05:49:43,472 [main] INFO  volume.HddsVolume (HddsVolume.java:<init>(176)) - Creating Volume: /workdir/hadoop-ozone/integration-test/target/test-dir/MiniOzoneClusterImpl-3371874c-cdf9-4999-a21e-92d2cda410bc/datanode-2/data/containers/hdds of  storage type : DISK and capacity : 1482555576320
2019-09-25 05:49:43,473 [main] INFO  volume.VolumeSet (VolumeSet.java:initializeVolumeSet(170)) - Added Volume : /workdir/hadoop-ozone/integration-test/target/test-dir/MiniOzoneClusterImpl-3371874c-cdf9-4999-a21e-92d2cda410bc/datanode-2/data/containers/hdds to VolumeSet
2019-09-25 05:49:43,473 [main] INFO  volume.ThrottledAsyncChecker (ThrottledAsyncChecker.java:schedule(139)) - Scheduling a check for org.apache.hadoop.ozone.container.common.volume.HddsVolume@42cf6349
2019-09-25 05:49:43,473 [main] INFO  volume.HddsVolumeChecker (HddsVolumeChecker.java:checkAllVolumes(202)) - Scheduled health check for volume org.apache.hadoop.ozone.container.common.volume.HddsVolume@42cf6349
2019-09-25 05:49:43,486 [main] INFO  impl.RaftServerProxy (ConfUtils.java:logGet(43)) - raft.rpc.type = GRPC (default)
2019-09-25 05:49:43,486 [main] INFO  grpc.GrpcFactory (GrpcFactory.java:checkPooledByteBufAllocatorUseCacheForAllThreads(45)) - PERFORMANCE WARNING: useCacheForAllThreads is true that may cause Netty to create a lot garbage objects and, as a result, trigger GC.
	It is recommended to disable useCacheForAllThreads by setting -Dorg.apache.ratis.thirdparty.io.netty.allocator.useCacheForAllThreads=false in command line.
2019-09-25 05:49:43,486 [main] INFO  grpc.GrpcConfigKeys$Server (ConfUtils.java:logGet(43)) - raft.grpc.server.port = 0 (default)
2019-09-25 05:49:43,486 [main] INFO  server.GrpcService (ConfUtils.java:logGet(43)) - raft.grpc.message.size.max = 33570816 (custom)
2019-09-25 05:49:43,487 [main] INFO  server.RaftServerConfigKeys (ConfUtils.java:logGet(43)) - raft.server.log.appender.buffer.byte-limit = 33554432 (custom)
2019-09-25 05:49:43,487 [main] INFO  server.GrpcService (ConfUtils.java:logGet(43)) - raft.grpc.flow.control.window = 1MB (=1048576) (default)
2019-09-25 05:49:43,487 [main] INFO  server.RaftServerConfigKeys (ConfUtils.java:logGet(43)) - raft.server.rpc.request.timeout = 3000ms (default)
2019-09-25 05:49:43,487 [main] INFO  server.RaftServerConfigKeys (ConfUtils.java:logGet(43)) - raft.server.storage.dir = [/workdir/hadoop-ozone/integration-test/target/test-dir/MiniOzoneClusterImpl-3371874c-cdf9-4999-a21e-92d2cda410bc/datanode-2/data/ratis] (custom)
2019-09-25 05:49:43,489 [main] INFO  hdfs.DFSUtil (DFSUtil.java:httpServerTemplateForNNAndJN(1641)) - Starting Web-server for hddsDatanode at: http://0.0.0.0:0
2019-09-25 05:49:43,490 [main] INFO  server.AuthenticationFilter (AuthenticationFilter.java:constructSecretProvider(240)) - Unable to initialize FileSignerSecretProvider, falling back to use random secrets.
2019-09-25 05:49:43,490 [main] WARN  http.HttpRequestLog (HttpRequestLog.java:getRequestLog(97)) - Jetty request log can only be enabled using Log4j
2019-09-25 05:49:43,491 [main] INFO  http.HttpServer2 (HttpServer2.java:addGlobalFilter(975)) - Added global filter 'safety' (class=org.apache.hadoop.http.HttpServer2$QuotingInputFilter)
2019-09-25 05:49:43,492 [main] INFO  http.HttpServer2 (HttpServer2.java:addFilter(948)) - Added filter static_user_filter (class=org.apache.hadoop.http.lib.StaticUserWebFilter$StaticUserFilter) to context hddsDatanode
2019-09-25 05:49:43,492 [main] INFO  http.HttpServer2 (HttpServer2.java:addFilter(958)) - Added filter static_user_filter (class=org.apache.hadoop.http.lib.StaticUserWebFilter$StaticUserFilter) to context static
2019-09-25 05:49:43,492 [main] INFO  http.HttpServer2 (HttpServer2.java:addFilter(958)) - Added filter static_user_filter (class=org.apache.hadoop.http.lib.StaticUserWebFilter$StaticUserFilter) to context logs
2019-09-25 05:49:43,493 [main] INFO  http.HttpServer2 (HttpServer2.java:bindListener(1191)) - Jetty bound to port 34891
2019-09-25 05:49:43,493 [main] INFO  server.Server (Server.java:doStart(351)) - jetty-9.3.25.v20180904, build timestamp: 2018-09-04T21:11:46Z, git hash: 3ce520221d0240229c862b122d2b06c12a625732
2019-09-25 05:49:43,494 [main] INFO  handler.ContextHandler (ContextHandler.java:doStart(781)) - Started o.e.j.s.ServletContextHandler@4c635edc{/logs,file:///workdir/hadoop-ozone/integration-test/target/log,AVAILABLE}
2019-09-25 05:49:43,495 [main] INFO  handler.ContextHandler (ContextHandler.java:doStart(781)) - Started o.e.j.s.ServletContextHandler@45bbc52f{/static,jar:file:/home/user/.m2/repository/org/apache/hadoop/hadoop-hdds-container-service/0.5.0-SNAPSHOT/hadoop-hdds-container-service-0.5.0-SNAPSHOT.jar!/webapps/static,AVAILABLE}
2019-09-25 05:49:43,521 [main] INFO  handler.ContextHandler (ContextHandler.java:doStart(781)) - Started o.e.j.w.WebAppContext@6b2aafbc{/,file:///tmp/jetty-0.0.0.0-34891-hddsDatanode-_-any-1211466877590296988.dir/webapp/,AVAILABLE}{/hddsDatanode}
2019-09-25 05:49:43,522 [main] INFO  server.AbstractConnector (AbstractConnector.java:doStart(278)) - Started ServerConnector@50cbcca7{HTTP/1.1,[http/1.1]}{0.0.0.0:34891}
2019-09-25 05:49:43,525 [main] INFO  server.Server (Server.java:doStart(419)) - Started @526359ms
2019-09-25 05:49:43,525 [main] WARN  impl.MetricsSystemImpl (MetricsSystemImpl.java:register(276)) - Sink prometheus already exists!
2019-09-25 05:49:43,525 [main] INFO  server.BaseHttpServer (BaseHttpServer.java:updateConnectorAddress(215)) - HTTP server of HDDSDATANODE is listening at http://0.0.0.0:34891
2019-09-25 05:49:43,526 [main] INFO  impl.MetricsSystemImpl (MetricsSystemImpl.java:init(158)) - HddsDatanode metrics system started (again)
2019-09-25 05:49:43,534 [org.apache.hadoop.util.JvmPauseMonitor$Monitor@11db5051] INFO  util.JvmPauseMonitor (JvmPauseMonitor.java:run(188)) - Starting JVM pause monitor
2019-09-25 05:49:43,534 [main] INFO  ozone.HddsDatanodeService (HddsDatanodeService.java:start(184)) - HddsDatanodeService host:pr-hdds-1569-s62bp-3040748787 ip:192.168.30.10
2019-09-25 05:49:43,535 [Datanode State Machine Thread - 0] INFO  datanode.InitDatanodeState (InitDatanodeState.java:persistContainerDatanodeDetails(140)) - DatanodeDetails is persisted to /workdir/hadoop-ozone/integration-test/target/test-dir/MiniOzoneClusterImpl-3371874c-cdf9-4999-a21e-92d2cda410bc/datanode-2/meta/datanode.id
2019-09-25 05:49:43,542 [main] INFO  volume.HddsVolume (HddsVolume.java:<init>(176)) - Creating Volume: /workdir/hadoop-ozone/integration-test/target/test-dir/MiniOzoneClusterImpl-3371874c-cdf9-4999-a21e-92d2cda410bc/datanode-3/data/containers/hdds of  storage type : DISK and capacity : 1482555576320
2019-09-25 05:49:43,542 [main] INFO  volume.VolumeSet (VolumeSet.java:initializeVolumeSet(170)) - Added Volume : /workdir/hadoop-ozone/integration-test/target/test-dir/MiniOzoneClusterImpl-3371874c-cdf9-4999-a21e-92d2cda410bc/datanode-3/data/containers/hdds to VolumeSet
2019-09-25 05:49:43,543 [main] INFO  volume.ThrottledAsyncChecker (ThrottledAsyncChecker.java:schedule(139)) - Scheduling a check for org.apache.hadoop.ozone.container.common.volume.HddsVolume@49754e74
2019-09-25 05:49:43,543 [main] INFO  volume.HddsVolumeChecker (HddsVolumeChecker.java:checkAllVolumes(202)) - Scheduled health check for volume org.apache.hadoop.ozone.container.common.volume.HddsVolume@49754e74
2019-09-25 05:49:43,557 [main] INFO  impl.RaftServerProxy (ConfUtils.java:logGet(43)) - raft.rpc.type = GRPC (default)
2019-09-25 05:49:43,557 [main] INFO  grpc.GrpcFactory (GrpcFactory.java:checkPooledByteBufAllocatorUseCacheForAllThreads(45)) - PERFORMANCE WARNING: useCacheForAllThreads is true that may cause Netty to create a lot garbage objects and, as a result, trigger GC.
	It is recommended to disable useCacheForAllThreads by setting -Dorg.apache.ratis.thirdparty.io.netty.allocator.useCacheForAllThreads=false in command line.
2019-09-25 05:49:43,557 [main] INFO  grpc.GrpcConfigKeys$Server (ConfUtils.java:logGet(43)) - raft.grpc.server.port = 0 (default)
2019-09-25 05:49:43,557 [main] INFO  server.GrpcService (ConfUtils.java:logGet(43)) - raft.grpc.message.size.max = 33570816 (custom)
2019-09-25 05:49:43,557 [main] INFO  server.RaftServerConfigKeys (ConfUtils.java:logGet(43)) - raft.server.log.appender.buffer.byte-limit = 33554432 (custom)
2019-09-25 05:49:43,558 [main] INFO  server.GrpcService (ConfUtils.java:logGet(43)) - raft.grpc.flow.control.window = 1MB (=1048576) (default)
2019-09-25 05:49:43,558 [main] INFO  server.RaftServerConfigKeys (ConfUtils.java:logGet(43)) - raft.server.rpc.request.timeout = 3000ms (default)
2019-09-25 05:49:43,558 [main] INFO  server.RaftServerConfigKeys (ConfUtils.java:logGet(43)) - raft.server.storage.dir = [/workdir/hadoop-ozone/integration-test/target/test-dir/MiniOzoneClusterImpl-3371874c-cdf9-4999-a21e-92d2cda410bc/datanode-3/data/ratis] (custom)
2019-09-25 05:49:43,559 [main] INFO  hdfs.DFSUtil (DFSUtil.java:httpServerTemplateForNNAndJN(1641)) - Starting Web-server for hddsDatanode at: http://0.0.0.0:0
2019-09-25 05:49:43,560 [main] INFO  server.AuthenticationFilter (AuthenticationFilter.java:constructSecretProvider(240)) - Unable to initialize FileSignerSecretProvider, falling back to use random secrets.
2019-09-25 05:49:43,561 [main] WARN  http.HttpRequestLog (HttpRequestLog.java:getRequestLog(97)) - Jetty request log can only be enabled using Log4j
2019-09-25 05:49:43,562 [main] INFO  http.HttpServer2 (HttpServer2.java:addGlobalFilter(975)) - Added global filter 'safety' (class=org.apache.hadoop.http.HttpServer2$QuotingInputFilter)
2019-09-25 05:49:43,562 [main] INFO  http.HttpServer2 (HttpServer2.java:addFilter(948)) - Added filter static_user_filter (class=org.apache.hadoop.http.lib.StaticUserWebFilter$StaticUserFilter) to context hddsDatanode
2019-09-25 05:49:43,563 [main] INFO  http.HttpServer2 (HttpServer2.java:addFilter(958)) - Added filter static_user_filter (class=org.apache.hadoop.http.lib.StaticUserWebFilter$StaticUserFilter) to context static
2019-09-25 05:49:43,563 [main] INFO  http.HttpServer2 (HttpServer2.java:addFilter(958)) - Added filter static_user_filter (class=org.apache.hadoop.http.lib.StaticUserWebFilter$StaticUserFilter) to context logs
2019-09-25 05:49:43,563 [main] INFO  http.HttpServer2 (HttpServer2.java:bindListener(1191)) - Jetty bound to port 45297
2019-09-25 05:49:43,563 [main] INFO  server.Server (Server.java:doStart(351)) - jetty-9.3.25.v20180904, build timestamp: 2018-09-04T21:11:46Z, git hash: 3ce520221d0240229c862b122d2b06c12a625732
2019-09-25 05:49:43,565 [main] INFO  handler.ContextHandler (ContextHandler.java:doStart(781)) - Started o.e.j.s.ServletContextHandler@5d2a86c0{/logs,file:///workdir/hadoop-ozone/integration-test/target/log,AVAILABLE}
2019-09-25 05:49:43,565 [main] INFO  handler.ContextHandler (ContextHandler.java:doStart(781)) - Started o.e.j.s.ServletContextHandler@65bd19bf{/static,jar:file:/home/user/.m2/repository/org/apache/hadoop/hadoop-hdds-container-service/0.5.0-SNAPSHOT/hadoop-hdds-container-service-0.5.0-SNAPSHOT.jar!/webapps/static,AVAILABLE}
2019-09-25 05:49:43,592 [main] INFO  handler.ContextHandler (ContextHandler.java:doStart(781)) - Started o.e.j.w.WebAppContext@1304e0d7{/,file:///tmp/jetty-0.0.0.0-45297-hddsDatanode-_-any-935709737759739764.dir/webapp/,AVAILABLE}{/hddsDatanode}
2019-09-25 05:49:43,592 [main] INFO  server.AbstractConnector (AbstractConnector.java:doStart(278)) - Started ServerConnector@6ddc67d0{HTTP/1.1,[http/1.1]}{0.0.0.0:45297}
2019-09-25 05:49:43,593 [main] INFO  server.Server (Server.java:doStart(419)) - Started @526430ms
2019-09-25 05:49:43,595 [main] WARN  impl.MetricsSystemImpl (MetricsSystemImpl.java:register(276)) - Sink prometheus already exists!
2019-09-25 05:49:43,596 [main] INFO  server.BaseHttpServer (BaseHttpServer.java:updateConnectorAddress(215)) - HTTP server of HDDSDATANODE is listening at http://0.0.0.0:45297
2019-09-25 05:49:43,597 [main] INFO  impl.MetricsSystemImpl (MetricsSystemImpl.java:init(158)) - HddsDatanode metrics system started (again)
2019-09-25 05:49:43,605 [org.apache.hadoop.util.JvmPauseMonitor$Monitor@277f5fc0] INFO  util.JvmPauseMonitor (JvmPauseMonitor.java:run(188)) - Starting JVM pause monitor
2019-09-25 05:49:43,606 [main] INFO  ozone.HddsDatanodeService (HddsDatanodeService.java:start(184)) - HddsDatanodeService host:pr-hdds-1569-s62bp-3040748787 ip:192.168.30.10
2019-09-25 05:49:43,606 [Datanode State Machine Thread - 0] INFO  datanode.InitDatanodeState (InitDatanodeState.java:persistContainerDatanodeDetails(140)) - DatanodeDetails is persisted to /workdir/hadoop-ozone/integration-test/target/test-dir/MiniOzoneClusterImpl-3371874c-cdf9-4999-a21e-92d2cda410bc/datanode-3/meta/datanode.id
2019-09-25 05:49:43,613 [main] INFO  volume.HddsVolume (HddsVolume.java:<init>(176)) - Creating Volume: /workdir/hadoop-ozone/integration-test/target/test-dir/MiniOzoneClusterImpl-3371874c-cdf9-4999-a21e-92d2cda410bc/datanode-4/data/containers/hdds of  storage type : DISK and capacity : 1482555576320
2019-09-25 05:49:43,613 [main] INFO  volume.VolumeSet (VolumeSet.java:initializeVolumeSet(170)) - Added Volume : /workdir/hadoop-ozone/integration-test/target/test-dir/MiniOzoneClusterImpl-3371874c-cdf9-4999-a21e-92d2cda410bc/datanode-4/data/containers/hdds to VolumeSet
2019-09-25 05:49:43,613 [main] INFO  volume.ThrottledAsyncChecker (ThrottledAsyncChecker.java:schedule(139)) - Scheduling a check for org.apache.hadoop.ozone.container.common.volume.HddsVolume@333398f
2019-09-25 05:49:43,614 [main] INFO  volume.HddsVolumeChecker (HddsVolumeChecker.java:checkAllVolumes(202)) - Scheduled health check for volume org.apache.hadoop.ozone.container.common.volume.HddsVolume@333398f
2019-09-25 05:49:43,629 [main] INFO  impl.RaftServerProxy (ConfUtils.java:logGet(43)) - raft.rpc.type = GRPC (default)
2019-09-25 05:49:43,629 [main] INFO  grpc.GrpcFactory (GrpcFactory.java:checkPooledByteBufAllocatorUseCacheForAllThreads(45)) - PERFORMANCE WARNING: useCacheForAllThreads is true that may cause Netty to create a lot garbage objects and, as a result, trigger GC.
	It is recommended to disable useCacheForAllThreads by setting -Dorg.apache.ratis.thirdparty.io.netty.allocator.useCacheForAllThreads=false in command line.
2019-09-25 05:49:43,629 [main] INFO  grpc.GrpcConfigKeys$Server (ConfUtils.java:logGet(43)) - raft.grpc.server.port = 0 (default)
2019-09-25 05:49:43,629 [main] INFO  server.GrpcService (ConfUtils.java:logGet(43)) - raft.grpc.message.size.max = 33570816 (custom)
2019-09-25 05:49:43,629 [main] INFO  server.RaftServerConfigKeys (ConfUtils.java:logGet(43)) - raft.server.log.appender.buffer.byte-limit = 33554432 (custom)
2019-09-25 05:49:43,630 [main] INFO  server.GrpcService (ConfUtils.java:logGet(43)) - raft.grpc.flow.control.window = 1MB (=1048576) (default)
2019-09-25 05:49:43,630 [main] INFO  server.RaftServerConfigKeys (ConfUtils.java:logGet(43)) - raft.server.rpc.request.timeout = 3000ms (default)
2019-09-25 05:49:43,630 [main] INFO  server.RaftServerConfigKeys (ConfUtils.java:logGet(43)) - raft.server.storage.dir = [/workdir/hadoop-ozone/integration-test/target/test-dir/MiniOzoneClusterImpl-3371874c-cdf9-4999-a21e-92d2cda410bc/datanode-4/data/ratis] (custom)
2019-09-25 05:49:43,631 [main] INFO  hdfs.DFSUtil (DFSUtil.java:httpServerTemplateForNNAndJN(1641)) - Starting Web-server for hddsDatanode at: http://0.0.0.0:0
2019-09-25 05:49:43,633 [main] INFO  server.AuthenticationFilter (AuthenticationFilter.java:constructSecretProvider(240)) - Unable to initialize FileSignerSecretProvider, falling back to use random secrets.
2019-09-25 05:49:43,633 [main] WARN  http.HttpRequestLog (HttpRequestLog.java:getRequestLog(97)) - Jetty request log can only be enabled using Log4j
2019-09-25 05:49:43,635 [main] INFO  http.HttpServer2 (HttpServer2.java:addGlobalFilter(975)) - Added global filter 'safety' (class=org.apache.hadoop.http.HttpServer2$QuotingInputFilter)
2019-09-25 05:49:43,636 [main] INFO  http.HttpServer2 (HttpServer2.java:addFilter(948)) - Added filter static_user_filter (class=org.apache.hadoop.http.lib.StaticUserWebFilter$StaticUserFilter) to context hddsDatanode
2019-09-25 05:49:43,636 [main] INFO  http.HttpServer2 (HttpServer2.java:addFilter(958)) - Added filter static_user_filter (class=org.apache.hadoop.http.lib.StaticUserWebFilter$StaticUserFilter) to context static
2019-09-25 05:49:43,636 [main] INFO  http.HttpServer2 (HttpServer2.java:addFilter(958)) - Added filter static_user_filter (class=org.apache.hadoop.http.lib.StaticUserWebFilter$StaticUserFilter) to context logs
2019-09-25 05:49:43,637 [main] INFO  http.HttpServer2 (HttpServer2.java:bindListener(1191)) - Jetty bound to port 33887
2019-09-25 05:49:43,638 [main] INFO  server.Server (Server.java:doStart(351)) - jetty-9.3.25.v20180904, build timestamp: 2018-09-04T21:11:46Z, git hash: 3ce520221d0240229c862b122d2b06c12a625732
2019-09-25 05:49:43,640 [main] INFO  handler.ContextHandler (ContextHandler.java:doStart(781)) - Started o.e.j.s.ServletContextHandler@c97721b{/logs,file:///workdir/hadoop-ozone/integration-test/target/log,AVAILABLE}
2019-09-25 05:49:43,640 [main] INFO  handler.ContextHandler (ContextHandler.java:doStart(781)) - Started o.e.j.s.ServletContextHandler@35fa450f{/static,jar:file:/home/user/.m2/repository/org/apache/hadoop/hadoop-hdds-container-service/0.5.0-SNAPSHOT/hadoop-hdds-container-service-0.5.0-SNAPSHOT.jar!/webapps/static,AVAILABLE}
2019-09-25 05:49:43,674 [main] INFO  handler.ContextHandler (ContextHandler.java:doStart(781)) - Started o.e.j.w.WebAppContext@4c7d7430{/,file:///tmp/jetty-0.0.0.0-33887-hddsDatanode-_-any-6840158949683057731.dir/webapp/,AVAILABLE}{/hddsDatanode}
2019-09-25 05:49:43,674 [main] INFO  server.AbstractConnector (AbstractConnector.java:doStart(278)) - Started ServerConnector@4ea1aa52{HTTP/1.1,[http/1.1]}{0.0.0.0:33887}
2019-09-25 05:49:43,677 [main] INFO  server.Server (Server.java:doStart(419)) - Started @526514ms
2019-09-25 05:49:43,677 [main] WARN  impl.MetricsSystemImpl (MetricsSystemImpl.java:register(276)) - Sink prometheus already exists!
2019-09-25 05:49:43,678 [main] INFO  server.BaseHttpServer (BaseHttpServer.java:updateConnectorAddress(215)) - HTTP server of HDDSDATANODE is listening at http://0.0.0.0:33887
2019-09-25 05:49:43,678 [main] INFO  impl.MetricsSystemImpl (MetricsSystemImpl.java:init(158)) - HddsDatanode metrics system started (again)
2019-09-25 05:49:43,687 [org.apache.hadoop.util.JvmPauseMonitor$Monitor@47732df5] INFO  util.JvmPauseMonitor (JvmPauseMonitor.java:run(188)) - Starting JVM pause monitor
2019-09-25 05:49:43,688 [main] INFO  ozone.HddsDatanodeService (HddsDatanodeService.java:start(184)) - HddsDatanodeService host:pr-hdds-1569-s62bp-3040748787 ip:192.168.30.10
2019-09-25 05:49:43,688 [Datanode State Machine Thread - 0] INFO  datanode.InitDatanodeState (InitDatanodeState.java:persistContainerDatanodeDetails(140)) - DatanodeDetails is persisted to /workdir/hadoop-ozone/integration-test/target/test-dir/MiniOzoneClusterImpl-3371874c-cdf9-4999-a21e-92d2cda410bc/datanode-4/meta/datanode.id
2019-09-25 05:49:43,696 [main] INFO  volume.HddsVolume (HddsVolume.java:<init>(176)) - Creating Volume: /workdir/hadoop-ozone/integration-test/target/test-dir/MiniOzoneClusterImpl-3371874c-cdf9-4999-a21e-92d2cda410bc/datanode-5/data/containers/hdds of  storage type : DISK and capacity : 1482555576320
2019-09-25 05:49:43,696 [main] INFO  volume.VolumeSet (VolumeSet.java:initializeVolumeSet(170)) - Added Volume : /workdir/hadoop-ozone/integration-test/target/test-dir/MiniOzoneClusterImpl-3371874c-cdf9-4999-a21e-92d2cda410bc/datanode-5/data/containers/hdds to VolumeSet
2019-09-25 05:49:43,696 [main] INFO  volume.ThrottledAsyncChecker (ThrottledAsyncChecker.java:schedule(139)) - Scheduling a check for org.apache.hadoop.ozone.container.common.volume.HddsVolume@3e6748ae
2019-09-25 05:49:43,697 [main] INFO  volume.HddsVolumeChecker (HddsVolumeChecker.java:checkAllVolumes(202)) - Scheduled health check for volume org.apache.hadoop.ozone.container.common.volume.HddsVolume@3e6748ae
2019-09-25 05:49:43,709 [main] INFO  impl.RaftServerProxy (ConfUtils.java:logGet(43)) - raft.rpc.type = GRPC (default)
2019-09-25 05:49:43,709 [main] INFO  grpc.GrpcFactory (GrpcFactory.java:checkPooledByteBufAllocatorUseCacheForAllThreads(45)) - PERFORMANCE WARNING: useCacheForAllThreads is true that may cause Netty to create a lot garbage objects and, as a result, trigger GC.
	It is recommended to disable useCacheForAllThreads by setting -Dorg.apache.ratis.thirdparty.io.netty.allocator.useCacheForAllThreads=false in command line.
2019-09-25 05:49:43,709 [main] INFO  grpc.GrpcConfigKeys$Server (ConfUtils.java:logGet(43)) - raft.grpc.server.port = 0 (default)
2019-09-25 05:49:43,709 [main] INFO  server.GrpcService (ConfUtils.java:logGet(43)) - raft.grpc.message.size.max = 33570816 (custom)
2019-09-25 05:49:43,709 [main] INFO  server.RaftServerConfigKeys (ConfUtils.java:logGet(43)) - raft.server.log.appender.buffer.byte-limit = 33554432 (custom)
2019-09-25 05:49:43,710 [main] INFO  server.GrpcService (ConfUtils.java:logGet(43)) - raft.grpc.flow.control.window = 1MB (=1048576) (default)
2019-09-25 05:49:43,710 [main] INFO  server.RaftServerConfigKeys (ConfUtils.java:logGet(43)) - raft.server.rpc.request.timeout = 3000ms (default)
2019-09-25 05:49:43,710 [main] INFO  server.RaftServerConfigKeys (ConfUtils.java:logGet(43)) - raft.server.storage.dir = [/workdir/hadoop-ozone/integration-test/target/test-dir/MiniOzoneClusterImpl-3371874c-cdf9-4999-a21e-92d2cda410bc/datanode-5/data/ratis] (custom)
2019-09-25 05:49:43,711 [main] INFO  hdfs.DFSUtil (DFSUtil.java:httpServerTemplateForNNAndJN(1641)) - Starting Web-server for hddsDatanode at: http://0.0.0.0:0
2019-09-25 05:49:43,712 [main] INFO  server.AuthenticationFilter (AuthenticationFilter.java:constructSecretProvider(240)) - Unable to initialize FileSignerSecretProvider, falling back to use random secrets.
2019-09-25 05:49:43,713 [main] WARN  http.HttpRequestLog (HttpRequestLog.java:getRequestLog(97)) - Jetty request log can only be enabled using Log4j
2019-09-25 05:49:43,714 [main] INFO  http.HttpServer2 (HttpServer2.java:addGlobalFilter(975)) - Added global filter 'safety' (class=org.apache.hadoop.http.HttpServer2$QuotingInputFilter)
2019-09-25 05:49:43,714 [main] INFO  http.HttpServer2 (HttpServer2.java:addFilter(948)) - Added filter static_user_filter (class=org.apache.hadoop.http.lib.StaticUserWebFilter$StaticUserFilter) to context hddsDatanode
2019-09-25 05:49:43,714 [main] INFO  http.HttpServer2 (HttpServer2.java:addFilter(958)) - Added filter static_user_filter (class=org.apache.hadoop.http.lib.StaticUserWebFilter$StaticUserFilter) to context static
2019-09-25 05:49:43,715 [main] INFO  http.HttpServer2 (HttpServer2.java:addFilter(958)) - Added filter static_user_filter (class=org.apache.hadoop.http.lib.StaticUserWebFilter$StaticUserFilter) to context logs
2019-09-25 05:49:43,715 [main] INFO  http.HttpServer2 (HttpServer2.java:bindListener(1191)) - Jetty bound to port 36003
2019-09-25 05:49:43,715 [main] INFO  server.Server (Server.java:doStart(351)) - jetty-9.3.25.v20180904, build timestamp: 2018-09-04T21:11:46Z, git hash: 3ce520221d0240229c862b122d2b06c12a625732
2019-09-25 05:49:43,716 [main] INFO  handler.ContextHandler (ContextHandler.java:doStart(781)) - Started o.e.j.s.ServletContextHandler@44fd7ba4{/logs,file:///workdir/hadoop-ozone/integration-test/target/log,AVAILABLE}
2019-09-25 05:49:43,717 [main] INFO  handler.ContextHandler (ContextHandler.java:doStart(781)) - Started o.e.j.s.ServletContextHandler@69d103f0{/static,jar:file:/home/user/.m2/repository/org/apache/hadoop/hadoop-hdds-container-service/0.5.0-SNAPSHOT/hadoop-hdds-container-service-0.5.0-SNAPSHOT.jar!/webapps/static,AVAILABLE}
2019-09-25 05:49:43,743 [main] INFO  handler.ContextHandler (ContextHandler.java:doStart(781)) - Started o.e.j.w.WebAppContext@409732fb{/,file:///tmp/jetty-0.0.0.0-36003-hddsDatanode-_-any-8677398990438444618.dir/webapp/,AVAILABLE}{/hddsDatanode}
2019-09-25 05:49:43,743 [main] INFO  server.AbstractConnector (AbstractConnector.java:doStart(278)) - Started ServerConnector@73d62b5{HTTP/1.1,[http/1.1]}{0.0.0.0:36003}
2019-09-25 05:49:43,746 [main] INFO  server.Server (Server.java:doStart(419)) - Started @526583ms
2019-09-25 05:49:43,746 [main] WARN  impl.MetricsSystemImpl (MetricsSystemImpl.java:register(276)) - Sink prometheus already exists!
2019-09-25 05:49:43,747 [main] INFO  server.BaseHttpServer (BaseHttpServer.java:updateConnectorAddress(215)) - HTTP server of HDDSDATANODE is listening at http://0.0.0.0:36003
2019-09-25 05:49:43,747 [main] INFO  impl.MetricsSystemImpl (MetricsSystemImpl.java:init(158)) - HddsDatanode metrics system started (again)
2019-09-25 05:49:43,756 [org.apache.hadoop.util.JvmPauseMonitor$Monitor@8fb1156] INFO  util.JvmPauseMonitor (JvmPauseMonitor.java:run(188)) - Starting JVM pause monitor
2019-09-25 05:49:43,757 [main] INFO  ozone.HddsDatanodeService (HddsDatanodeService.java:start(184)) - HddsDatanodeService host:pr-hdds-1569-s62bp-3040748787 ip:192.168.30.10
2019-09-25 05:49:43,757 [Datanode State Machine Thread - 0] INFO  datanode.InitDatanodeState (InitDatanodeState.java:persistContainerDatanodeDetails(140)) - DatanodeDetails is persisted to /workdir/hadoop-ozone/integration-test/target/test-dir/MiniOzoneClusterImpl-3371874c-cdf9-4999-a21e-92d2cda410bc/datanode-5/meta/datanode.id
2019-09-25 05:49:43,764 [main] INFO  volume.HddsVolume (HddsVolume.java:<init>(176)) - Creating Volume: /workdir/hadoop-ozone/integration-test/target/test-dir/MiniOzoneClusterImpl-3371874c-cdf9-4999-a21e-92d2cda410bc/datanode-6/data/containers/hdds of  storage type : DISK and capacity : 1482555576320
2019-09-25 05:49:43,773 [main] INFO  volume.VolumeSet (VolumeSet.java:initializeVolumeSet(170)) - Added Volume : /workdir/hadoop-ozone/integration-test/target/test-dir/MiniOzoneClusterImpl-3371874c-cdf9-4999-a21e-92d2cda410bc/datanode-6/data/containers/hdds to VolumeSet
2019-09-25 05:49:43,773 [main] INFO  volume.ThrottledAsyncChecker (ThrottledAsyncChecker.java:schedule(139)) - Scheduling a check for org.apache.hadoop.ozone.container.common.volume.HddsVolume@1c62c3fd
2019-09-25 05:49:43,774 [main] INFO  volume.HddsVolumeChecker (HddsVolumeChecker.java:checkAllVolumes(202)) - Scheduled health check for volume org.apache.hadoop.ozone.container.common.volume.HddsVolume@1c62c3fd
2019-09-25 05:49:43,788 [main] INFO  impl.RaftServerProxy (ConfUtils.java:logGet(43)) - raft.rpc.type = GRPC (default)
2019-09-25 05:49:43,789 [main] INFO  grpc.GrpcFactory (GrpcFactory.java:checkPooledByteBufAllocatorUseCacheForAllThreads(45)) - PERFORMANCE WARNING: useCacheForAllThreads is true that may cause Netty to create a lot garbage objects and, as a result, trigger GC.
	It is recommended to disable useCacheForAllThreads by setting -Dorg.apache.ratis.thirdparty.io.netty.allocator.useCacheForAllThreads=false in command line.
2019-09-25 05:49:43,789 [main] INFO  grpc.GrpcConfigKeys$Server (ConfUtils.java:logGet(43)) - raft.grpc.server.port = 0 (default)
2019-09-25 05:49:43,789 [main] INFO  server.GrpcService (ConfUtils.java:logGet(43)) - raft.grpc.message.size.max = 33570816 (custom)
2019-09-25 05:49:43,789 [main] INFO  server.RaftServerConfigKeys (ConfUtils.java:logGet(43)) - raft.server.log.appender.buffer.byte-limit = 33554432 (custom)
2019-09-25 05:49:43,789 [main] INFO  server.GrpcService (ConfUtils.java:logGet(43)) - raft.grpc.flow.control.window = 1MB (=1048576) (default)
2019-09-25 05:49:43,790 [main] INFO  server.RaftServerConfigKeys (ConfUtils.java:logGet(43)) - raft.server.rpc.request.timeout = 3000ms (default)
2019-09-25 05:49:43,790 [main] INFO  server.RaftServerConfigKeys (ConfUtils.java:logGet(43)) - raft.server.storage.dir = [/workdir/hadoop-ozone/integration-test/target/test-dir/MiniOzoneClusterImpl-3371874c-cdf9-4999-a21e-92d2cda410bc/datanode-6/data/ratis] (custom)
2019-09-25 05:49:43,791 [main] INFO  hdfs.DFSUtil (DFSUtil.java:httpServerTemplateForNNAndJN(1641)) - Starting Web-server for hddsDatanode at: http://0.0.0.0:0
2019-09-25 05:49:43,792 [main] INFO  server.AuthenticationFilter (AuthenticationFilter.java:constructSecretProvider(240)) - Unable to initialize FileSignerSecretProvider, falling back to use random secrets.
2019-09-25 05:49:43,793 [main] WARN  http.HttpRequestLog (HttpRequestLog.java:getRequestLog(97)) - Jetty request log can only be enabled using Log4j
2019-09-25 05:49:43,794 [main] INFO  http.HttpServer2 (HttpServer2.java:addGlobalFilter(975)) - Added global filter 'safety' (class=org.apache.hadoop.http.HttpServer2$QuotingInputFilter)
2019-09-25 05:49:43,794 [main] INFO  http.HttpServer2 (HttpServer2.java:addFilter(948)) - Added filter static_user_filter (class=org.apache.hadoop.http.lib.StaticUserWebFilter$StaticUserFilter) to context hddsDatanode
2019-09-25 05:49:43,795 [main] INFO  http.HttpServer2 (HttpServer2.java:addFilter(958)) - Added filter static_user_filter (class=org.apache.hadoop.http.lib.StaticUserWebFilter$StaticUserFilter) to context logs
2019-09-25 05:49:43,795 [main] INFO  http.HttpServer2 (HttpServer2.java:addFilter(958)) - Added filter static_user_filter (class=org.apache.hadoop.http.lib.StaticUserWebFilter$StaticUserFilter) to context static
2019-09-25 05:49:43,795 [main] INFO  http.HttpServer2 (HttpServer2.java:bindListener(1191)) - Jetty bound to port 42494
2019-09-25 05:49:43,795 [main] INFO  server.Server (Server.java:doStart(351)) - jetty-9.3.25.v20180904, build timestamp: 2018-09-04T21:11:46Z, git hash: 3ce520221d0240229c862b122d2b06c12a625732
2019-09-25 05:49:43,797 [main] INFO  handler.ContextHandler (ContextHandler.java:doStart(781)) - Started o.e.j.s.ServletContextHandler@1abcd059{/logs,file:///workdir/hadoop-ozone/integration-test/target/log,AVAILABLE}
2019-09-25 05:49:43,797 [main] INFO  handler.ContextHandler (ContextHandler.java:doStart(781)) - Started o.e.j.s.ServletContextHandler@3c33fcf8{/static,jar:file:/home/user/.m2/repository/org/apache/hadoop/hadoop-hdds-container-service/0.5.0-SNAPSHOT/hadoop-hdds-container-service-0.5.0-SNAPSHOT.jar!/webapps/static,AVAILABLE}
2019-09-25 05:49:43,825 [main] INFO  handler.ContextHandler (ContextHandler.java:doStart(781)) - Started o.e.j.w.WebAppContext@1a2773a8{/,file:///tmp/jetty-0.0.0.0-42494-hddsDatanode-_-any-6341706476009975163.dir/webapp/,AVAILABLE}{/hddsDatanode}
2019-09-25 05:49:43,825 [main] INFO  server.AbstractConnector (AbstractConnector.java:doStart(278)) - Started ServerConnector@78b0ec3a{HTTP/1.1,[http/1.1]}{0.0.0.0:42494}
2019-09-25 05:49:43,825 [main] INFO  server.Server (Server.java:doStart(419)) - Started @526663ms
2019-09-25 05:49:43,835 [main] WARN  impl.MetricsSystemImpl (MetricsSystemImpl.java:register(276)) - Sink prometheus already exists!
2019-09-25 05:49:43,835 [main] INFO  server.BaseHttpServer (BaseHttpServer.java:updateConnectorAddress(215)) - HTTP server of HDDSDATANODE is listening at http://0.0.0.0:42494
2019-09-25 05:49:43,836 [main] INFO  ozone.MiniOzoneClusterImpl (MiniOzoneClusterImpl.java:lambda$waitForClusterToBeReady$0(147)) - Waiting for cluster to be ready. Got 0 of 7 DN Heartbeats.
2019-09-25 05:49:43,837 [org.apache.hadoop.util.JvmPauseMonitor$Monitor@395c6047] INFO  util.JvmPauseMonitor (JvmPauseMonitor.java:run(188)) - Starting JVM pause monitor
2019-09-25 05:49:43,838 [Datanode State Machine Thread - 0] INFO  datanode.InitDatanodeState (InitDatanodeState.java:persistContainerDatanodeDetails(140)) - DatanodeDetails is persisted to /workdir/hadoop-ozone/integration-test/target/test-dir/MiniOzoneClusterImpl-3371874c-cdf9-4999-a21e-92d2cda410bc/datanode-6/meta/datanode.id
2019-09-25 05:49:44,836 [main] INFO  ozone.MiniOzoneClusterImpl (MiniOzoneClusterImpl.java:lambda$waitForClusterToBeReady$0(147)) - Waiting for cluster to be ready. Got 0 of 7 DN Heartbeats.
2019-09-25 05:49:45,420 [Datanode State Machine Thread - 0] INFO  ozoneimpl.OzoneContainer (OzoneContainer.java:start(217)) - Attempting to start container services.
2019-09-25 05:49:45,420 [Datanode State Machine Thread - 0] INFO  ozoneimpl.OzoneContainer (OzoneContainer.java:startContainerScrub(179)) - Background container scanner has been disabled.
2019-09-25 05:49:45,420 [Datanode State Machine Thread - 0] INFO  ratis.XceiverServerRatis (XceiverServerRatis.java:start(411)) - Starting XceiverServerRatis 01bb1e87-3b88-425d-af88-cd320b9a7275 at port 0
2019-09-25 05:49:45,425 [Datanode State Machine Thread - 0] INFO  impl.RaftServerProxy (RaftServerProxy.java:lambda$start$3(299)) - 01bb1e87-3b88-425d-af88-cd320b9a7275: start RPC server
2019-09-25 05:49:45,434 [Datanode State Machine Thread - 0] INFO  server.GrpcService (GrpcService.java:startImpl(158)) - 01bb1e87-3b88-425d-af88-cd320b9a7275: GrpcService started, listening on 0.0.0.0/0.0.0.0:41549
2019-09-25 05:49:45,434 [Datanode State Machine Thread - 0] INFO  ratis.XceiverServerRatis (XceiverServerRatis.java:start(421)) - XceiverServerRatis 01bb1e87-3b88-425d-af88-cd320b9a7275 is started using port 41549
2019-09-25 05:49:45,434 [Datanode State Machine Thread - 0] INFO  server.XceiverServerGrpc (XceiverServerGrpc.java:start(149)) - XceiverServerGrpc 01bb1e87-3b88-425d-af88-cd320b9a7275 is started using port 38384
2019-09-25 05:49:45,480 [Datanode State Machine Thread - 0] INFO  ozoneimpl.OzoneContainer (OzoneContainer.java:start(217)) - Attempting to start container services.
2019-09-25 05:49:45,480 [Datanode State Machine Thread - 0] INFO  ozoneimpl.OzoneContainer (OzoneContainer.java:startContainerScrub(179)) - Background container scanner has been disabled.
2019-09-25 05:49:45,480 [Datanode State Machine Thread - 0] INFO  ratis.XceiverServerRatis (XceiverServerRatis.java:start(411)) - Starting XceiverServerRatis 49db5453-e576-4a11-af8d-74d98f8d549c at port 0
2019-09-25 05:49:45,486 [Datanode State Machine Thread - 0] INFO  impl.RaftServerProxy (RaftServerProxy.java:lambda$start$3(299)) - 49db5453-e576-4a11-af8d-74d98f8d549c: start RPC server
2019-09-25 05:49:45,486 [Datanode State Machine Thread - 0] INFO  server.GrpcService (GrpcService.java:startImpl(158)) - 49db5453-e576-4a11-af8d-74d98f8d549c: GrpcService started, listening on 0.0.0.0/0.0.0.0:33957
2019-09-25 05:49:45,487 [Datanode State Machine Thread - 0] INFO  ratis.XceiverServerRatis (XceiverServerRatis.java:start(421)) - XceiverServerRatis 49db5453-e576-4a11-af8d-74d98f8d549c is started using port 33957
2019-09-25 05:49:45,487 [Datanode State Machine Thread - 0] INFO  server.XceiverServerGrpc (XceiverServerGrpc.java:start(149)) - XceiverServerGrpc 49db5453-e576-4a11-af8d-74d98f8d549c is started using port 34669
2019-09-25 05:49:45,547 [Datanode State Machine Thread - 0] INFO  ozoneimpl.OzoneContainer (OzoneContainer.java:start(217)) - Attempting to start container services.
2019-09-25 05:49:45,547 [Datanode State Machine Thread - 0] INFO  ozoneimpl.OzoneContainer (OzoneContainer.java:startContainerScrub(179)) - Background container scanner has been disabled.
2019-09-25 05:49:45,547 [Datanode State Machine Thread - 0] INFO  ratis.XceiverServerRatis (XceiverServerRatis.java:start(411)) - Starting XceiverServerRatis 41cc7451-3c22-4fa0-b0d4-151937985196 at port 0
2019-09-25 05:49:45,554 [Datanode State Machine Thread - 0] INFO  impl.RaftServerProxy (RaftServerProxy.java:lambda$start$3(299)) - 41cc7451-3c22-4fa0-b0d4-151937985196: start RPC server
2019-09-25 05:49:45,555 [Datanode State Machine Thread - 0] INFO  server.GrpcService (GrpcService.java:startImpl(158)) - 41cc7451-3c22-4fa0-b0d4-151937985196: GrpcService started, listening on 0.0.0.0/0.0.0.0:36622
2019-09-25 05:49:45,555 [Datanode State Machine Thread - 0] INFO  ratis.XceiverServerRatis (XceiverServerRatis.java:start(421)) - XceiverServerRatis 41cc7451-3c22-4fa0-b0d4-151937985196 is started using port 36622
2019-09-25 05:49:45,555 [Datanode State Machine Thread - 0] INFO  server.XceiverServerGrpc (XceiverServerGrpc.java:start(149)) - XceiverServerGrpc 41cc7451-3c22-4fa0-b0d4-151937985196 is started using port 41190
2019-09-25 05:49:45,619 [Datanode State Machine Thread - 0] INFO  ozoneimpl.OzoneContainer (OzoneContainer.java:start(217)) - Attempting to start container services.
2019-09-25 05:49:45,619 [Datanode State Machine Thread - 0] INFO  ozoneimpl.OzoneContainer (OzoneContainer.java:startContainerScrub(179)) - Background container scanner has been disabled.
2019-09-25 05:49:45,619 [Datanode State Machine Thread - 0] INFO  ratis.XceiverServerRatis (XceiverServerRatis.java:start(411)) - Starting XceiverServerRatis 44082f05-803b-4c97-a9e5-c320db8eea77 at port 0
2019-09-25 05:49:45,624 [Datanode State Machine Thread - 0] INFO  impl.RaftServerProxy (RaftServerProxy.java:lambda$start$3(299)) - 44082f05-803b-4c97-a9e5-c320db8eea77: start RPC server
2019-09-25 05:49:45,625 [Datanode State Machine Thread - 0] INFO  server.GrpcService (GrpcService.java:startImpl(158)) - 44082f05-803b-4c97-a9e5-c320db8eea77: GrpcService started, listening on 0.0.0.0/0.0.0.0:44033
2019-09-25 05:49:45,625 [Datanode State Machine Thread - 0] INFO  ratis.XceiverServerRatis (XceiverServerRatis.java:start(421)) - XceiverServerRatis 44082f05-803b-4c97-a9e5-c320db8eea77 is started using port 44033
2019-09-25 05:49:45,625 [Datanode State Machine Thread - 0] INFO  server.XceiverServerGrpc (XceiverServerGrpc.java:start(149)) - XceiverServerGrpc 44082f05-803b-4c97-a9e5-c320db8eea77 is started using port 37989
2019-09-25 05:49:45,707 [Datanode State Machine Thread - 0] INFO  ozoneimpl.OzoneContainer (OzoneContainer.java:start(217)) - Attempting to start container services.
2019-09-25 05:49:45,707 [Datanode State Machine Thread - 0] INFO  ozoneimpl.OzoneContainer (OzoneContainer.java:startContainerScrub(179)) - Background container scanner has been disabled.
2019-09-25 05:49:45,707 [Datanode State Machine Thread - 0] INFO  ratis.XceiverServerRatis (XceiverServerRatis.java:start(411)) - Starting XceiverServerRatis f67911da-22a7-4cad-9c8f-7bf30371d239 at port 0
2019-09-25 05:49:45,714 [Datanode State Machine Thread - 0] INFO  impl.RaftServerProxy (RaftServerProxy.java:lambda$start$3(299)) - f67911da-22a7-4cad-9c8f-7bf30371d239: start RPC server
2019-09-25 05:49:45,714 [Datanode State Machine Thread - 0] INFO  server.GrpcService (GrpcService.java:startImpl(158)) - f67911da-22a7-4cad-9c8f-7bf30371d239: GrpcService started, listening on 0.0.0.0/0.0.0.0:40319
2019-09-25 05:49:45,715 [Datanode State Machine Thread - 0] INFO  ratis.XceiverServerRatis (XceiverServerRatis.java:start(421)) - XceiverServerRatis f67911da-22a7-4cad-9c8f-7bf30371d239 is started using port 40319
2019-09-25 05:49:45,715 [Datanode State Machine Thread - 0] INFO  server.XceiverServerGrpc (XceiverServerGrpc.java:start(149)) - XceiverServerGrpc f67911da-22a7-4cad-9c8f-7bf30371d239 is started using port 37611
2019-09-25 05:49:45,770 [Datanode State Machine Thread - 0] INFO  ozoneimpl.OzoneContainer (OzoneContainer.java:start(217)) - Attempting to start container services.
2019-09-25 05:49:45,770 [Datanode State Machine Thread - 0] INFO  ozoneimpl.OzoneContainer (OzoneContainer.java:startContainerScrub(179)) - Background container scanner has been disabled.
2019-09-25 05:49:45,770 [Datanode State Machine Thread - 0] INFO  ratis.XceiverServerRatis (XceiverServerRatis.java:start(411)) - Starting XceiverServerRatis fc8c9bb1-dbbf-4b8a-ac9f-72a0e03a2e86 at port 0
2019-09-25 05:49:45,776 [Datanode State Machine Thread - 0] INFO  impl.RaftServerProxy (RaftServerProxy.java:lambda$start$3(299)) - fc8c9bb1-dbbf-4b8a-ac9f-72a0e03a2e86: start RPC server
2019-09-25 05:49:45,777 [Datanode State Machine Thread - 0] INFO  server.GrpcService (GrpcService.java:startImpl(158)) - fc8c9bb1-dbbf-4b8a-ac9f-72a0e03a2e86: GrpcService started, listening on 0.0.0.0/0.0.0.0:41113
2019-09-25 05:49:45,777 [Datanode State Machine Thread - 0] INFO  ratis.XceiverServerRatis (XceiverServerRatis.java:start(421)) - XceiverServerRatis fc8c9bb1-dbbf-4b8a-ac9f-72a0e03a2e86 is started using port 41113
2019-09-25 05:49:45,777 [Datanode State Machine Thread - 0] INFO  server.XceiverServerGrpc (XceiverServerGrpc.java:start(149)) - XceiverServerGrpc fc8c9bb1-dbbf-4b8a-ac9f-72a0e03a2e86 is started using port 34777
2019-09-25 05:49:45,838 [main] INFO  ozone.MiniOzoneClusterImpl (MiniOzoneClusterImpl.java:lambda$waitForClusterToBeReady$0(147)) - Waiting for cluster to be ready. Got 0 of 7 DN Heartbeats.
2019-09-25 05:49:45,851 [Datanode State Machine Thread - 0] INFO  ozoneimpl.OzoneContainer (OzoneContainer.java:start(217)) - Attempting to start container services.
2019-09-25 05:49:45,851 [Datanode State Machine Thread - 0] INFO  ozoneimpl.OzoneContainer (OzoneContainer.java:startContainerScrub(179)) - Background container scanner has been disabled.
2019-09-25 05:49:45,851 [Datanode State Machine Thread - 0] INFO  ratis.XceiverServerRatis (XceiverServerRatis.java:start(411)) - Starting XceiverServerRatis 99091fd2-8328-4de4-84f5-e3b7c3f0dc1c at port 0
2019-09-25 05:49:45,857 [Datanode State Machine Thread - 0] INFO  impl.RaftServerProxy (RaftServerProxy.java:lambda$start$3(299)) - 99091fd2-8328-4de4-84f5-e3b7c3f0dc1c: start RPC server
2019-09-25 05:49:45,861 [Datanode State Machine Thread - 0] INFO  server.GrpcService (GrpcService.java:startImpl(158)) - 99091fd2-8328-4de4-84f5-e3b7c3f0dc1c: GrpcService started, listening on 0.0.0.0/0.0.0.0:42474
2019-09-25 05:49:45,861 [Datanode State Machine Thread - 0] INFO  ratis.XceiverServerRatis (XceiverServerRatis.java:start(421)) - XceiverServerRatis 99091fd2-8328-4de4-84f5-e3b7c3f0dc1c is started using port 42474
2019-09-25 05:49:45,862 [Datanode State Machine Thread - 0] INFO  server.XceiverServerGrpc (XceiverServerGrpc.java:start(149)) - XceiverServerGrpc 99091fd2-8328-4de4-84f5-e3b7c3f0dc1c is started using port 41780
2019-09-25 05:49:46,838 [main] INFO  ozone.MiniOzoneClusterImpl (MiniOzoneClusterImpl.java:lambda$waitForClusterToBeReady$0(147)) - Waiting for cluster to be ready. Got 0 of 7 DN Heartbeats.
2019-09-25 05:49:47,404 [IPC Server handler 1 on 41745] INFO  net.NetworkTopology (NetworkTopologyImpl.java:add(111)) - Added a new node: /default-rack/01bb1e87-3b88-425d-af88-cd320b9a7275
2019-09-25 05:49:47,408 [IPC Server handler 1 on 41745] INFO  node.SCMNodeManager (SCMNodeManager.java:register(266)) - Registered Data node : 01bb1e87-3b88-425d-af88-cd320b9a7275{ip: 192.168.30.10, host: pr-hdds-1569-s62bp-3040748787, networkLocation: /default-rack, certSerialId: null}
2019-09-25 05:49:47,408 [EventQueue-NodeRegistrationContainerReportForDataNodeSafeModeRule] INFO  safemode.SCMSafeModeManager (DataNodeSafeModeRule.java:process(71)) - SCM in safe mode. 1 DataNodes registered, 1 required.
2019-09-25 05:49:47,412 [EventQueue-NodeRegistrationContainerReportForDataNodeSafeModeRule] INFO  safemode.SCMSafeModeManager (SCMSafeModeManager.java:validateSafeModeExitRules(177)) - ScmSafeModeManager, all rules are successfully validated
2019-09-25 05:49:47,412 [EventQueue-NodeRegistrationContainerReportForDataNodeSafeModeRule] INFO  safemode.SCMSafeModeManager (SCMSafeModeManager.java:exitSafeMode(193)) - SCM exiting safe mode.
2019-09-25 05:49:47,425 [grpc-default-executor-0] INFO  impl.RaftServerProxy (RaftServerProxy.java:addNew(89)) - 01bb1e87-3b88-425d-af88-cd320b9a7275: addNew group-13F729B425F9:[01bb1e87-3b88-425d-af88-cd320b9a7275:192.168.30.10:41549] returns group-13F729B425F9:java.util.concurrent.CompletableFuture@2a0d5135[Not completed]
2019-09-25 05:49:47,426 [pool-409-thread-1] INFO  impl.RaftServerImpl (RaftServerImpl.java:<init>(95)) - 01bb1e87-3b88-425d-af88-cd320b9a7275: new RaftServerImpl for group-13F729B425F9:[01bb1e87-3b88-425d-af88-cd320b9a7275:192.168.30.10:41549] with ContainerStateMachine:uninitialized
2019-09-25 05:49:47,426 [pool-409-thread-1] INFO  server.RaftServerConfigKeys (ConfUtils.java:logGet(43)) - raft.server.rpc.timeout.min = 5s (custom)
2019-09-25 05:49:47,426 [pool-409-thread-1] INFO  server.RaftServerConfigKeys (ConfUtils.java:logGet(43)) - raft.server.rpc.timeout.max = 5200ms (custom)
2019-09-25 05:49:47,426 [pool-409-thread-1] INFO  server.RaftServerConfigKeys (ConfUtils.java:logGet(43)) - raft.server.rpcslowness.timeout = 120s (custom)
2019-09-25 05:49:47,427 [pool-409-thread-1] INFO  server.RaftServerConfigKeys (ConfUtils.java:logGet(43)) - raft.server.sleep.deviation.threshold = 300 (default)
2019-09-25 05:49:47,427 [pool-409-thread-1] INFO  server.RaftServerConfigKeys (ConfUtils.java:logGet(43)) - raft.server.log.appender.install.snapshot.enabled = false (custom)
2019-09-25 05:49:47,427 [pool-409-thread-1] INFO  impl.RaftServerImpl (ServerState.java:<init>(103)) - 01bb1e87-3b88-425d-af88-cd320b9a7275@group-13F729B425F9: ConfigurationManager, init=-1: [01bb1e87-3b88-425d-af88-cd320b9a7275:192.168.30.10:41549], old=null, confs=<EMPTY_MAP>
2019-09-25 05:49:47,427 [pool-409-thread-1] INFO  server.RaftServerConfigKeys (ConfUtils.java:logGet(43)) - raft.server.storage.dir = [/workdir/hadoop-ozone/integration-test/target/test-dir/MiniOzoneClusterImpl-3371874c-cdf9-4999-a21e-92d2cda410bc/datanode-0/data/ratis] (custom)
2019-09-25 05:49:47,428 [pool-409-thread-1] INFO  storage.RaftStorageDirectory (RaftStorageDirectory.java:analyzeStorage(246)) - The storage directory /workdir/hadoop-ozone/integration-test/target/test-dir/MiniOzoneClusterImpl-3371874c-cdf9-4999-a21e-92d2cda410bc/datanode-0/data/ratis/dfd69769-e8e6-45ed-b5c1-13f729b425f9 does not exist. Creating ...
2019-09-25 05:49:47,455 [pool-409-thread-1] INFO  storage.RaftStorageDirectory (RaftStorageDirectory.java:tryLock(328)) - Lock on /workdir/hadoop-ozone/integration-test/target/test-dir/MiniOzoneClusterImpl-3371874c-cdf9-4999-a21e-92d2cda410bc/datanode-0/data/ratis/dfd69769-e8e6-45ed-b5c1-13f729b425f9/in_use.lock acquired by nodename 13539@pr-hdds-1569-s62bp-3040748787
2019-09-25 05:49:47,466 [IPC Server handler 3 on 41745] INFO  net.NetworkTopology (NetworkTopologyImpl.java:add(111)) - Added a new node: /default-rack/49db5453-e576-4a11-af8d-74d98f8d549c
2019-09-25 05:49:47,466 [IPC Server handler 3 on 41745] INFO  node.SCMNodeManager (SCMNodeManager.java:register(266)) - Registered Data node : 49db5453-e576-4a11-af8d-74d98f8d549c{ip: 192.168.30.10, host: pr-hdds-1569-s62bp-3040748787, networkLocation: /default-rack, certSerialId: null}
2019-09-25 05:49:47,468 [pool-409-thread-1] INFO  storage.RaftStorage (RaftStorage.java:format(72)) - Storage directory /workdir/hadoop-ozone/integration-test/target/test-dir/MiniOzoneClusterImpl-3371874c-cdf9-4999-a21e-92d2cda410bc/datanode-0/data/ratis/dfd69769-e8e6-45ed-b5c1-13f729b425f9 has been successfully formatted.
2019-09-25 05:49:47,468 [pool-409-thread-1] INFO  ratis.ContainerStateMachine (ContainerStateMachine.java:loadSnapshot(230)) - group-13F729B425F9: The snapshot info is null. Setting the last applied indexto:(t:0, i:~)
2019-09-25 05:49:47,468 [pool-409-thread-1] INFO  server.RaftServerConfigKeys (ConfUtils.java:logGet(43)) - raft.server.notification.no-leader.timeout = 120s (custom)
2019-09-25 05:49:47,468 [pool-409-thread-1] INFO  server.RaftServerConfigKeys (ConfUtils.java:logGet(43)) - raft.server.log.use.memory = false (default)
2019-09-25 05:49:47,468 [pool-409-thread-1] INFO  server.RaftServerConfigKeys (ConfUtils.java:logGet(43)) - raft.server.log.purge.gap = 1000000 (custom)
2019-09-25 05:49:47,468 [pool-409-thread-1] INFO  server.RaftServerConfigKeys (ConfUtils.java:logGet(43)) - raft.server.log.appender.buffer.byte-limit = 33554432 (custom)
2019-09-25 05:49:47,469 [pool-409-thread-1] INFO  server.RaftServerConfigKeys (ConfUtils.java:logGet(43)) - raft.server.log.segment.size.max = 1048576 (custom)
2019-09-25 05:49:47,469 [pool-409-thread-1] INFO  server.RaftServerConfigKeys (ConfUtils.java:logGet(43)) - raft.server.log.segment.cache.num.max = 2 (custom)
2019-09-25 05:49:47,469 [pool-409-thread-1] INFO  segmented.SegmentedRaftLogWorker (SegmentedRaftLogWorker.java:<init>(172)) - new 01bb1e87-3b88-425d-af88-cd320b9a7275@group-13F729B425F9-SegmentedRaftLogWorker for RaftStorage:Storage Directory /workdir/hadoop-ozone/integration-test/target/test-dir/MiniOzoneClusterImpl-3371874c-cdf9-4999-a21e-92d2cda410bc/datanode-0/data/ratis/dfd69769-e8e6-45ed-b5c1-13f729b425f9
2019-09-25 05:49:47,471 [pool-409-thread-1] INFO  server.RaftServerConfigKeys (ConfUtils.java:logGet(43)) - raft.server.log.queue.byte-limit = 2147483647 (custom)
2019-09-25 05:49:47,471 [pool-409-thread-1] INFO  server.RaftServerConfigKeys (ConfUtils.java:logGet(43)) - raft.server.log.queue.element-limit = 1024 (custom)
2019-09-25 05:49:47,471 [pool-409-thread-1] INFO  server.RaftServerConfigKeys (ConfUtils.java:logGet(43)) - raft.server.log.segment.size.max = 1048576 (custom)
2019-09-25 05:49:47,471 [pool-409-thread-1] INFO  server.RaftServerConfigKeys (ConfUtils.java:logGet(43)) - raft.server.log.preallocated.size = 16384 (custom)
2019-09-25 05:49:47,471 [pool-409-thread-1] INFO  server.RaftServerConfigKeys (ConfUtils.java:logGet(43)) - raft.server.log.write.buffer.size = 33554432 (custom)
2019-09-25 05:49:47,472 [pool-409-thread-1] INFO  server.RaftServerConfigKeys (ConfUtils.java:logGet(43)) - raft.server.log.force.sync.num = 128 (default)
2019-09-25 05:49:47,472 [pool-409-thread-1] INFO  server.RaftServerConfigKeys (ConfUtils.java:logGet(43)) - raft.server.log.statemachine.data.sync = true (default)
2019-09-25 05:49:47,472 [pool-409-thread-1] INFO  server.RaftServerConfigKeys (ConfUtils.java:logGet(43)) - raft.server.log.statemachine.data.sync.timeout = 10s (default)
2019-09-25 05:49:47,472 [pool-409-thread-1] INFO  server.RaftServerConfigKeys (ConfUtils.java:logGet(43)) - raft.server.log.statemachine.data.sync.timeout.retry = -1 (default)
2019-09-25 05:49:47,472 [pool-409-thread-1] INFO  server.RaftServerConfigKeys (ConfUtils.java:logGet(43)) - raft.server.log.statemachine.data.caching.enabled = true (custom)
2019-09-25 05:49:47,473 [pool-409-thread-1] INFO  segmented.SegmentedRaftLogWorker (SegmentedRaftLogWorker.java:lambda$new$0(132)) - 01bb1e87-3b88-425d-af88-cd320b9a7275@group-13F729B425F9-SegmentedRaftLogWorker: flushIndex: setUnconditionally 0 -> -1
2019-09-25 05:49:47,473 [pool-409-thread-1] INFO  server.RaftServerConfigKeys (ConfUtils.java:logGet(43)) - raft.server.snapshot.auto.trigger.enabled = true (custom)
2019-09-25 05:49:47,473 [pool-409-thread-1] INFO  server.RaftServerConfigKeys (ConfUtils.java:logGet(43)) - raft.server.snapshot.auto.trigger.threshold = 10000 (custom)
2019-09-25 05:49:47,473 [pool-409-thread-1] INFO  server.RaftServerConfigKeys (ConfUtils.java:logGet(43)) - raft.server.snapshot.retention.num.files = 5 (custom)
2019-09-25 05:49:47,473 [pool-409-thread-1] INFO  server.RaftServerConfigKeys (ConfUtils.java:logGet(43)) - raft.server.retrycache.expirytime = 600000ms (custom)
2019-09-25 05:49:47,475 [pool-409-thread-1] INFO  impl.RaftServerImpl (RaftServerImpl.java:start(185)) - 01bb1e87-3b88-425d-af88-cd320b9a7275@group-13F729B425F9: start as a follower, conf=-1: [01bb1e87-3b88-425d-af88-cd320b9a7275:192.168.30.10:41549], old=null
2019-09-25 05:49:47,475 [pool-409-thread-1] INFO  impl.RaftServerImpl (RaftServerImpl.java:setRole(174)) - 01bb1e87-3b88-425d-af88-cd320b9a7275@group-13F729B425F9: changes role from      null to FOLLOWER at term 0 for startAsFollower
2019-09-25 05:49:47,475 [pool-409-thread-1] INFO  impl.RoleInfo (RoleInfo.java:updateAndGet(143)) - 01bb1e87-3b88-425d-af88-cd320b9a7275: start FollowerState
2019-09-25 05:49:47,475 [pool-409-thread-1] INFO  util.JmxRegister (JmxRegister.java:tryRegister(44)) - Successfully registered JMX Bean with object name Ratis:service=RaftServer,group=group-13F729B425F9,id=01bb1e87-3b88-425d-af88-cd320b9a7275
2019-09-25 05:49:47,489 [RatisPipelineUtilsThread] INFO  pipeline.PipelineStateManager (PipelineStateManager.java:addPipeline(56)) - Created pipeline Pipeline[ Id: dfd69769-e8e6-45ed-b5c1-13f729b425f9, Nodes: 01bb1e87-3b88-425d-af88-cd320b9a7275{ip: 192.168.30.10, host: pr-hdds-1569-s62bp-3040748787, networkLocation: /default-rack, certSerialId: null}, Type:RATIS, Factor:ONE, State:OPEN]
2019-09-25 05:49:47,498 [grpc-default-executor-0] INFO  impl.RaftServerProxy (RaftServerProxy.java:addNew(89)) - 49db5453-e576-4a11-af8d-74d98f8d549c: addNew group-1934895278C2:[49db5453-e576-4a11-af8d-74d98f8d549c:192.168.30.10:33957] returns group-1934895278C2:java.util.concurrent.CompletableFuture@6fd34dc9[Not completed]
2019-09-25 05:49:47,498 [pool-419-thread-1] INFO  impl.RaftServerImpl (RaftServerImpl.java:<init>(95)) - 49db5453-e576-4a11-af8d-74d98f8d549c: new RaftServerImpl for group-1934895278C2:[49db5453-e576-4a11-af8d-74d98f8d549c:192.168.30.10:33957] with ContainerStateMachine:uninitialized
2019-09-25 05:49:47,499 [pool-419-thread-1] INFO  server.RaftServerConfigKeys (ConfUtils.java:logGet(43)) - raft.server.rpc.timeout.min = 5s (custom)
2019-09-25 05:49:47,499 [pool-419-thread-1] INFO  server.RaftServerConfigKeys (ConfUtils.java:logGet(43)) - raft.server.rpc.timeout.max = 5200ms (custom)
2019-09-25 05:49:47,499 [pool-419-thread-1] INFO  server.RaftServerConfigKeys (ConfUtils.java:logGet(43)) - raft.server.rpcslowness.timeout = 120s (custom)
2019-09-25 05:49:47,499 [pool-419-thread-1] INFO  server.RaftServerConfigKeys (ConfUtils.java:logGet(43)) - raft.server.sleep.deviation.threshold = 300 (default)
2019-09-25 05:49:47,499 [pool-419-thread-1] INFO  server.RaftServerConfigKeys (ConfUtils.java:logGet(43)) - raft.server.log.appender.install.snapshot.enabled = false (custom)
2019-09-25 05:49:47,499 [pool-419-thread-1] INFO  impl.RaftServerImpl (ServerState.java:<init>(103)) - 49db5453-e576-4a11-af8d-74d98f8d549c@group-1934895278C2: ConfigurationManager, init=-1: [49db5453-e576-4a11-af8d-74d98f8d549c:192.168.30.10:33957], old=null, confs=<EMPTY_MAP>
2019-09-25 05:49:47,499 [pool-419-thread-1] INFO  server.RaftServerConfigKeys (ConfUtils.java:logGet(43)) - raft.server.storage.dir = [/workdir/hadoop-ozone/integration-test/target/test-dir/MiniOzoneClusterImpl-3371874c-cdf9-4999-a21e-92d2cda410bc/datanode-1/data/ratis] (custom)
2019-09-25 05:49:47,500 [pool-419-thread-1] INFO  storage.RaftStorageDirectory (RaftStorageDirectory.java:analyzeStorage(246)) - The storage directory /workdir/hadoop-ozone/integration-test/target/test-dir/MiniOzoneClusterImpl-3371874c-cdf9-4999-a21e-92d2cda410bc/datanode-1/data/ratis/a7ca5641-2678-4269-895c-1934895278c2 does not exist. Creating ...
2019-09-25 05:49:47,513 [pool-419-thread-1] INFO  storage.RaftStorageDirectory (RaftStorageDirectory.java:tryLock(328)) - Lock on /workdir/hadoop-ozone/integration-test/target/test-dir/MiniOzoneClusterImpl-3371874c-cdf9-4999-a21e-92d2cda410bc/datanode-1/data/ratis/a7ca5641-2678-4269-895c-1934895278c2/in_use.lock acquired by nodename 13539@pr-hdds-1569-s62bp-3040748787
2019-09-25 05:49:47,525 [pool-419-thread-1] INFO  storage.RaftStorage (RaftStorage.java:format(72)) - Storage directory /workdir/hadoop-ozone/integration-test/target/test-dir/MiniOzoneClusterImpl-3371874c-cdf9-4999-a21e-92d2cda410bc/datanode-1/data/ratis/a7ca5641-2678-4269-895c-1934895278c2 has been successfully formatted.
2019-09-25 05:49:47,525 [pool-419-thread-1] INFO  ratis.ContainerStateMachine (ContainerStateMachine.java:loadSnapshot(230)) - group-1934895278C2: The snapshot info is null. Setting the last applied indexto:(t:0, i:~)
2019-09-25 05:49:47,525 [pool-419-thread-1] INFO  server.RaftServerConfigKeys (ConfUtils.java:logGet(43)) - raft.server.notification.no-leader.timeout = 120s (custom)
2019-09-25 05:49:47,526 [pool-419-thread-1] INFO  server.RaftServerConfigKeys (ConfUtils.java:logGet(43)) - raft.server.log.use.memory = false (default)
2019-09-25 05:49:47,526 [pool-419-thread-1] INFO  server.RaftServerConfigKeys (ConfUtils.java:logGet(43)) - raft.server.log.purge.gap = 1000000 (custom)
2019-09-25 05:49:47,526 [pool-419-thread-1] INFO  server.RaftServerConfigKeys (ConfUtils.java:logGet(43)) - raft.server.log.appender.buffer.byte-limit = 33554432 (custom)
2019-09-25 05:49:47,526 [pool-419-thread-1] INFO  server.RaftServerConfigKeys (ConfUtils.java:logGet(43)) - raft.server.log.segment.size.max = 1048576 (custom)
2019-09-25 05:49:47,526 [pool-419-thread-1] INFO  server.RaftServerConfigKeys (ConfUtils.java:logGet(43)) - raft.server.log.segment.cache.num.max = 2 (custom)
2019-09-25 05:49:47,526 [pool-419-thread-1] INFO  segmented.SegmentedRaftLogWorker (SegmentedRaftLogWorker.java:<init>(172)) - new 49db5453-e576-4a11-af8d-74d98f8d549c@group-1934895278C2-SegmentedRaftLogWorker for RaftStorage:Storage Directory /workdir/hadoop-ozone/integration-test/target/test-dir/MiniOzoneClusterImpl-3371874c-cdf9-4999-a21e-92d2cda410bc/datanode-1/data/ratis/a7ca5641-2678-4269-895c-1934895278c2
2019-09-25 05:49:47,528 [pool-419-thread-1] INFO  server.RaftServerConfigKeys (ConfUtils.java:logGet(43)) - raft.server.log.queue.byte-limit = 2147483647 (custom)
2019-09-25 05:49:47,528 [pool-419-thread-1] INFO  server.RaftServerConfigKeys (ConfUtils.java:logGet(43)) - raft.server.log.queue.element-limit = 1024 (custom)
2019-09-25 05:49:47,528 [pool-419-thread-1] INFO  server.RaftServerConfigKeys (ConfUtils.java:logGet(43)) - raft.server.log.segment.size.max = 1048576 (custom)
2019-09-25 05:49:47,528 [pool-419-thread-1] INFO  server.RaftServerConfigKeys (ConfUtils.java:logGet(43)) - raft.server.log.preallocated.size = 16384 (custom)
2019-09-25 05:49:47,528 [pool-419-thread-1] INFO  server.RaftServerConfigKeys (ConfUtils.java:logGet(43)) - raft.server.log.write.buffer.size = 33554432 (custom)
2019-09-25 05:49:47,528 [pool-419-thread-1] INFO  server.RaftServerConfigKeys (ConfUtils.java:logGet(43)) - raft.server.log.force.sync.num = 128 (default)
2019-09-25 05:49:47,529 [pool-419-thread-1] INFO  server.RaftServerConfigKeys (ConfUtils.java:logGet(43)) - raft.server.log.statemachine.data.sync = true (default)
2019-09-25 05:49:47,529 [pool-419-thread-1] INFO  server.RaftServerConfigKeys (ConfUtils.java:logGet(43)) - raft.server.log.statemachine.data.sync.timeout = 10s (default)
2019-09-25 05:49:47,529 [pool-419-thread-1] INFO  server.RaftServerConfigKeys (ConfUtils.java:logGet(43)) - raft.server.log.statemachine.data.sync.timeout.retry = -1 (default)
2019-09-25 05:49:47,529 [pool-419-thread-1] INFO  server.RaftServerConfigKeys (ConfUtils.java:logGet(43)) - raft.server.log.statemachine.data.caching.enabled = true (custom)
2019-09-25 05:49:47,529 [pool-419-thread-1] INFO  segmented.SegmentedRaftLogWorker (SegmentedRaftLogWorker.java:lambda$new$0(132)) - 49db5453-e576-4a11-af8d-74d98f8d549c@group-1934895278C2-SegmentedRaftLogWorker: flushIndex: setUnconditionally 0 -> -1
2019-09-25 05:49:47,530 [pool-419-thread-1] INFO  server.RaftServerConfigKeys (ConfUtils.java:logGet(43)) - raft.server.snapshot.auto.trigger.enabled = true (custom)
2019-09-25 05:49:47,530 [pool-419-thread-1] INFO  server.RaftServerConfigKeys (ConfUtils.java:logGet(43)) - raft.server.snapshot.auto.trigger.threshold = 10000 (custom)
2019-09-25 05:49:47,530 [pool-419-thread-1] INFO  server.RaftServerConfigKeys (ConfUtils.java:logGet(43)) - raft.server.snapshot.retention.num.files = 5 (custom)
2019-09-25 05:49:47,530 [pool-419-thread-1] INFO  server.RaftServerConfigKeys (ConfUtils.java:logGet(43)) - raft.server.retrycache.expirytime = 600000ms (custom)
2019-09-25 05:49:47,531 [pool-419-thread-1] INFO  impl.RaftServerImpl (RaftServerImpl.java:start(185)) - 49db5453-e576-4a11-af8d-74d98f8d549c@group-1934895278C2: start as a follower, conf=-1: [49db5453-e576-4a11-af8d-74d98f8d549c:192.168.30.10:33957], old=null
2019-09-25 05:49:47,531 [pool-419-thread-1] INFO  impl.RaftServerImpl (RaftServerImpl.java:setRole(174)) - 49db5453-e576-4a11-af8d-74d98f8d549c@group-1934895278C2: changes role from      null to FOLLOWER at term 0 for startAsFollower
2019-09-25 05:49:47,532 [pool-419-thread-1] INFO  impl.RoleInfo (RoleInfo.java:updateAndGet(143)) - 49db5453-e576-4a11-af8d-74d98f8d549c: start FollowerState
2019-09-25 05:49:47,532 [pool-419-thread-1] INFO  util.JmxRegister (JmxRegister.java:tryRegister(44)) - Successfully registered JMX Bean with object name Ratis:service=RaftServer,group=group-1934895278C2,id=49db5453-e576-4a11-af8d-74d98f8d549c
2019-09-25 05:49:47,534 [RatisPipelineUtilsThread] INFO  pipeline.PipelineStateManager (PipelineStateManager.java:addPipeline(56)) - Created pipeline Pipeline[ Id: a7ca5641-2678-4269-895c-1934895278c2, Nodes: 49db5453-e576-4a11-af8d-74d98f8d549c{ip: 192.168.30.10, host: pr-hdds-1569-s62bp-3040748787, networkLocation: /default-rack, certSerialId: null}, Type:RATIS, Factor:ONE, State:OPEN]
2019-09-25 05:49:47,534 [IPC Server handler 2 on 41745] INFO  net.NetworkTopology (NetworkTopologyImpl.java:add(111)) - Added a new node: /default-rack/41cc7451-3c22-4fa0-b0d4-151937985196
2019-09-25 05:49:47,534 [IPC Server handler 2 on 41745] INFO  node.SCMNodeManager (SCMNodeManager.java:register(266)) - Registered Data node : 41cc7451-3c22-4fa0-b0d4-151937985196{ip: 192.168.30.10, host: pr-hdds-1569-s62bp-3040748787, networkLocation: /default-rack, certSerialId: null}
2019-09-25 05:49:47,537 [grpc-default-executor-0] INFO  impl.RaftServerProxy (RaftServerProxy.java:addNew(89)) - 49db5453-e576-4a11-af8d-74d98f8d549c: addNew group-E1B022A355F6:[49db5453-e576-4a11-af8d-74d98f8d549c:192.168.30.10:33957] returns group-E1B022A355F6:java.util.concurrent.CompletableFuture@287d5cdd[Not completed]
2019-09-25 05:49:47,538 [pool-419-thread-1] INFO  impl.RaftServerImpl (RaftServerImpl.java:<init>(95)) - 49db5453-e576-4a11-af8d-74d98f8d549c: new RaftServerImpl for group-E1B022A355F6:[49db5453-e576-4a11-af8d-74d98f8d549c:192.168.30.10:33957] with ContainerStateMachine:uninitialized
2019-09-25 05:49:47,538 [pool-419-thread-1] INFO  server.RaftServerConfigKeys (ConfUtils.java:logGet(43)) - raft.server.rpc.timeout.min = 5s (custom)
2019-09-25 05:49:47,538 [pool-419-thread-1] INFO  server.RaftServerConfigKeys (ConfUtils.java:logGet(43)) - raft.server.rpc.timeout.max = 5200ms (custom)
2019-09-25 05:49:47,538 [pool-419-thread-1] INFO  server.RaftServerConfigKeys (ConfUtils.java:logGet(43)) - raft.server.rpcslowness.timeout = 120s (custom)
2019-09-25 05:49:47,538 [pool-419-thread-1] INFO  server.RaftServerConfigKeys (ConfUtils.java:logGet(43)) - raft.server.sleep.deviation.threshold = 300 (default)
2019-09-25 05:49:47,538 [pool-419-thread-1] INFO  server.RaftServerConfigKeys (ConfUtils.java:logGet(43)) - raft.server.log.appender.install.snapshot.enabled = false (custom)
2019-09-25 05:49:47,538 [pool-419-thread-1] INFO  impl.RaftServerImpl (ServerState.java:<init>(103)) - 49db5453-e576-4a11-af8d-74d98f8d549c@group-E1B022A355F6: ConfigurationManager, init=-1: [49db5453-e576-4a11-af8d-74d98f8d549c:192.168.30.10:33957], old=null, confs=<EMPTY_MAP>
2019-09-25 05:49:47,538 [pool-419-thread-1] INFO  server.RaftServerConfigKeys (ConfUtils.java:logGet(43)) - raft.server.storage.dir = [/workdir/hadoop-ozone/integration-test/target/test-dir/MiniOzoneClusterImpl-3371874c-cdf9-4999-a21e-92d2cda410bc/datanode-1/data/ratis] (custom)
2019-09-25 05:49:47,539 [pool-419-thread-1] INFO  storage.RaftStorageDirectory (RaftStorageDirectory.java:analyzeStorage(246)) - The storage directory /workdir/hadoop-ozone/integration-test/target/test-dir/MiniOzoneClusterImpl-3371874c-cdf9-4999-a21e-92d2cda410bc/datanode-1/data/ratis/a13cffe0-c6dc-43ca-9333-e1b022a355f6 does not exist. Creating ...
2019-09-25 05:49:47,551 [pool-419-thread-1] INFO  storage.RaftStorageDirectory (RaftStorageDirectory.java:tryLock(328)) - Lock on /workdir/hadoop-ozone/integration-test/target/test-dir/MiniOzoneClusterImpl-3371874c-cdf9-4999-a21e-92d2cda410bc/datanode-1/data/ratis/a13cffe0-c6dc-43ca-9333-e1b022a355f6/in_use.lock acquired by nodename 13539@pr-hdds-1569-s62bp-3040748787
2019-09-25 05:49:47,564 [pool-419-thread-1] INFO  storage.RaftStorage (RaftStorage.java:format(72)) - Storage directory /workdir/hadoop-ozone/integration-test/target/test-dir/MiniOzoneClusterImpl-3371874c-cdf9-4999-a21e-92d2cda410bc/datanode-1/data/ratis/a13cffe0-c6dc-43ca-9333-e1b022a355f6 has been successfully formatted.
2019-09-25 05:49:47,564 [pool-419-thread-1] INFO  ratis.ContainerStateMachine (ContainerStateMachine.java:loadSnapshot(230)) - group-E1B022A355F6: The snapshot info is null. Setting the last applied indexto:(t:0, i:~)
2019-09-25 05:49:47,564 [pool-419-thread-1] INFO  server.RaftServerConfigKeys (ConfUtils.java:logGet(43)) - raft.server.notification.no-leader.timeout = 120s (custom)
2019-09-25 05:49:47,564 [pool-419-thread-1] INFO  server.RaftServerConfigKeys (ConfUtils.java:logGet(43)) - raft.server.log.use.memory = false (default)
2019-09-25 05:49:47,564 [pool-419-thread-1] INFO  server.RaftServerConfigKeys (ConfUtils.java:logGet(43)) - raft.server.log.purge.gap = 1000000 (custom)
2019-09-25 05:49:47,564 [pool-419-thread-1] INFO  server.RaftServerConfigKeys (ConfUtils.java:logGet(43)) - raft.server.log.appender.buffer.byte-limit = 33554432 (custom)
2019-09-25 05:49:47,565 [pool-419-thread-1] INFO  server.RaftServerConfigKeys (ConfUtils.java:logGet(43)) - raft.server.log.segment.size.max = 1048576 (custom)
2019-09-25 05:49:47,565 [pool-419-thread-1] INFO  server.RaftServerConfigKeys (ConfUtils.java:logGet(43)) - raft.server.log.segment.cache.num.max = 2 (custom)
2019-09-25 05:49:47,565 [pool-419-thread-1] INFO  segmented.SegmentedRaftLogWorker (SegmentedRaftLogWorker.java:<init>(172)) - new 49db5453-e576-4a11-af8d-74d98f8d549c@group-E1B022A355F6-SegmentedRaftLogWorker for RaftStorage:Storage Directory /workdir/hadoop-ozone/integration-test/target/test-dir/MiniOzoneClusterImpl-3371874c-cdf9-4999-a21e-92d2cda410bc/datanode-1/data/ratis/a13cffe0-c6dc-43ca-9333-e1b022a355f6
2019-09-25 05:49:47,565 [pool-419-thread-1] INFO  server.RaftServerConfigKeys (ConfUtils.java:logGet(43)) - raft.server.log.queue.byte-limit = 2147483647 (custom)
2019-09-25 05:49:47,565 [pool-419-thread-1] INFO  server.RaftServerConfigKeys (ConfUtils.java:logGet(43)) - raft.server.log.queue.element-limit = 1024 (custom)
2019-09-25 05:49:47,565 [pool-419-thread-1] INFO  server.RaftServerConfigKeys (ConfUtils.java:logGet(43)) - raft.server.log.segment.size.max = 1048576 (custom)
2019-09-25 05:49:47,565 [pool-419-thread-1] INFO  server.RaftServerConfigKeys (ConfUtils.java:logGet(43)) - raft.server.log.preallocated.size = 16384 (custom)
2019-09-25 05:49:47,565 [pool-419-thread-1] INFO  server.RaftServerConfigKeys (ConfUtils.java:logGet(43)) - raft.server.log.write.buffer.size = 33554432 (custom)
2019-09-25 05:49:47,565 [pool-419-thread-1] INFO  server.RaftServerConfigKeys (ConfUtils.java:logGet(43)) - raft.server.log.force.sync.num = 128 (default)
2019-09-25 05:49:47,565 [pool-419-thread-1] INFO  server.RaftServerConfigKeys (ConfUtils.java:logGet(43)) - raft.server.log.statemachine.data.sync = true (default)
2019-09-25 05:49:47,566 [pool-419-thread-1] INFO  server.RaftServerConfigKeys (ConfUtils.java:logGet(43)) - raft.server.log.statemachine.data.sync.timeout = 10s (default)
2019-09-25 05:49:47,566 [pool-419-thread-1] INFO  server.RaftServerConfigKeys (ConfUtils.java:logGet(43)) - raft.server.log.statemachine.data.sync.timeout.retry = -1 (default)
2019-09-25 05:49:47,566 [pool-419-thread-1] INFO  server.RaftServerConfigKeys (ConfUtils.java:logGet(43)) - raft.server.log.statemachine.data.caching.enabled = true (custom)
2019-09-25 05:49:47,566 [pool-419-thread-1] INFO  segmented.SegmentedRaftLogWorker (SegmentedRaftLogWorker.java:lambda$new$0(132)) - 49db5453-e576-4a11-af8d-74d98f8d549c@group-E1B022A355F6-SegmentedRaftLogWorker: flushIndex: setUnconditionally 0 -> -1
2019-09-25 05:49:47,566 [pool-419-thread-1] INFO  server.RaftServerConfigKeys (ConfUtils.java:logGet(43)) - raft.server.snapshot.auto.trigger.enabled = true (custom)
2019-09-25 05:49:47,566 [pool-419-thread-1] INFO  server.RaftServerConfigKeys (ConfUtils.java:logGet(43)) - raft.server.snapshot.auto.trigger.threshold = 10000 (custom)
2019-09-25 05:49:47,566 [pool-419-thread-1] INFO  server.RaftServerConfigKeys (ConfUtils.java:logGet(43)) - raft.server.snapshot.retention.num.files = 5 (custom)
2019-09-25 05:49:47,566 [pool-419-thread-1] INFO  server.RaftServerConfigKeys (ConfUtils.java:logGet(43)) - raft.server.retrycache.expirytime = 600000ms (custom)
2019-09-25 05:49:47,568 [pool-419-thread-1] INFO  impl.RaftServerImpl (RaftServerImpl.java:start(185)) - 49db5453-e576-4a11-af8d-74d98f8d549c@group-E1B022A355F6: start as a follower, conf=-1: [49db5453-e576-4a11-af8d-74d98f8d549c:192.168.30.10:33957], old=null
2019-09-25 05:49:47,568 [pool-419-thread-1] INFO  impl.RaftServerImpl (RaftServerImpl.java:setRole(174)) - 49db5453-e576-4a11-af8d-74d98f8d549c@group-E1B022A355F6: changes role from      null to FOLLOWER at term 0 for startAsFollower
2019-09-25 05:49:47,568 [pool-419-thread-1] INFO  impl.RoleInfo (RoleInfo.java:updateAndGet(143)) - 49db5453-e576-4a11-af8d-74d98f8d549c: start FollowerState
2019-09-25 05:49:47,568 [pool-419-thread-1] INFO  util.JmxRegister (JmxRegister.java:tryRegister(44)) - Successfully registered JMX Bean with object name Ratis:service=RaftServer,group=group-E1B022A355F6,id=49db5453-e576-4a11-af8d-74d98f8d549c
2019-09-25 05:49:47,570 [RatisPipelineUtilsThread] INFO  pipeline.PipelineStateManager (PipelineStateManager.java:addPipeline(56)) - Created pipeline Pipeline[ Id: a13cffe0-c6dc-43ca-9333-e1b022a355f6, Nodes: 49db5453-e576-4a11-af8d-74d98f8d549c{ip: 192.168.30.10, host: pr-hdds-1569-s62bp-3040748787, networkLocation: /default-rack, certSerialId: null}, Type:RATIS, Factor:ONE, State:OPEN]
2019-09-25 05:49:47,573 [grpc-default-executor-0] INFO  impl.RaftServerProxy (RaftServerProxy.java:addNew(89)) - 49db5453-e576-4a11-af8d-74d98f8d549c: addNew group-1566A0D8F197:[49db5453-e576-4a11-af8d-74d98f8d549c:192.168.30.10:33957] returns group-1566A0D8F197:java.util.concurrent.CompletableFuture@5705415a[Not completed]
2019-09-25 05:49:47,574 [pool-419-thread-1] INFO  impl.RaftServerImpl (RaftServerImpl.java:<init>(95)) - 49db5453-e576-4a11-af8d-74d98f8d549c: new RaftServerImpl for group-1566A0D8F197:[49db5453-e576-4a11-af8d-74d98f8d549c:192.168.30.10:33957] with ContainerStateMachine:uninitialized
2019-09-25 05:49:47,574 [pool-419-thread-1] INFO  server.RaftServerConfigKeys (ConfUtils.java:logGet(43)) - raft.server.rpc.timeout.min = 5s (custom)
2019-09-25 05:49:47,574 [pool-419-thread-1] INFO  server.RaftServerConfigKeys (ConfUtils.java:logGet(43)) - raft.server.rpc.timeout.max = 5200ms (custom)
2019-09-25 05:49:47,574 [pool-419-thread-1] INFO  server.RaftServerConfigKeys (ConfUtils.java:logGet(43)) - raft.server.rpcslowness.timeout = 120s (custom)
2019-09-25 05:49:47,574 [pool-419-thread-1] INFO  server.RaftServerConfigKeys (ConfUtils.java:logGet(43)) - raft.server.sleep.deviation.threshold = 300 (default)
2019-09-25 05:49:47,574 [pool-419-thread-1] INFO  server.RaftServerConfigKeys (ConfUtils.java:logGet(43)) - raft.server.log.appender.install.snapshot.enabled = false (custom)
2019-09-25 05:49:47,574 [pool-419-thread-1] INFO  impl.RaftServerImpl (ServerState.java:<init>(103)) - 49db5453-e576-4a11-af8d-74d98f8d549c@group-1566A0D8F197: ConfigurationManager, init=-1: [49db5453-e576-4a11-af8d-74d98f8d549c:192.168.30.10:33957], old=null, confs=<EMPTY_MAP>
2019-09-25 05:49:47,574 [pool-419-thread-1] INFO  server.RaftServerConfigKeys (ConfUtils.java:logGet(43)) - raft.server.storage.dir = [/workdir/hadoop-ozone/integration-test/target/test-dir/MiniOzoneClusterImpl-3371874c-cdf9-4999-a21e-92d2cda410bc/datanode-1/data/ratis] (custom)
2019-09-25 05:49:47,575 [pool-419-thread-1] INFO  storage.RaftStorageDirectory (RaftStorageDirectory.java:analyzeStorage(246)) - The storage directory /workdir/hadoop-ozone/integration-test/target/test-dir/MiniOzoneClusterImpl-3371874c-cdf9-4999-a21e-92d2cda410bc/datanode-1/data/ratis/95365741-82df-4f85-b971-1566a0d8f197 does not exist. Creating ...
2019-09-25 05:49:47,587 [pool-419-thread-1] INFO  storage.RaftStorageDirectory (RaftStorageDirectory.java:tryLock(328)) - Lock on /workdir/hadoop-ozone/integration-test/target/test-dir/MiniOzoneClusterImpl-3371874c-cdf9-4999-a21e-92d2cda410bc/datanode-1/data/ratis/95365741-82df-4f85-b971-1566a0d8f197/in_use.lock acquired by nodename 13539@pr-hdds-1569-s62bp-3040748787
2019-09-25 05:49:47,600 [pool-419-thread-1] INFO  storage.RaftStorage (RaftStorage.java:format(72)) - Storage directory /workdir/hadoop-ozone/integration-test/target/test-dir/MiniOzoneClusterImpl-3371874c-cdf9-4999-a21e-92d2cda410bc/datanode-1/data/ratis/95365741-82df-4f85-b971-1566a0d8f197 has been successfully formatted.
2019-09-25 05:49:47,600 [pool-419-thread-1] INFO  ratis.ContainerStateMachine (ContainerStateMachine.java:loadSnapshot(230)) - group-1566A0D8F197: The snapshot info is null. Setting the last applied indexto:(t:0, i:~)
2019-09-25 05:49:47,600 [pool-419-thread-1] INFO  server.RaftServerConfigKeys (ConfUtils.java:logGet(43)) - raft.server.notification.no-leader.timeout = 120s (custom)
2019-09-25 05:49:47,600 [pool-419-thread-1] INFO  server.RaftServerConfigKeys (ConfUtils.java:logGet(43)) - raft.server.log.use.memory = false (default)
2019-09-25 05:49:47,600 [pool-419-thread-1] INFO  server.RaftServerConfigKeys (ConfUtils.java:logGet(43)) - raft.server.log.purge.gap = 1000000 (custom)
2019-09-25 05:49:47,600 [pool-419-thread-1] INFO  server.RaftServerConfigKeys (ConfUtils.java:logGet(43)) - raft.server.log.appender.buffer.byte-limit = 33554432 (custom)
2019-09-25 05:49:47,601 [pool-419-thread-1] INFO  server.RaftServerConfigKeys (ConfUtils.java:logGet(43)) - raft.server.log.segment.size.max = 1048576 (custom)
2019-09-25 05:49:47,601 [pool-419-thread-1] INFO  server.RaftServerConfigKeys (ConfUtils.java:logGet(43)) - raft.server.log.segment.cache.num.max = 2 (custom)
2019-09-25 05:49:47,601 [pool-419-thread-1] INFO  segmented.SegmentedRaftLogWorker (SegmentedRaftLogWorker.java:<init>(172)) - new 49db5453-e576-4a11-af8d-74d98f8d549c@group-1566A0D8F197-SegmentedRaftLogWorker for RaftStorage:Storage Directory /workdir/hadoop-ozone/integration-test/target/test-dir/MiniOzoneClusterImpl-3371874c-cdf9-4999-a21e-92d2cda410bc/datanode-1/data/ratis/95365741-82df-4f85-b971-1566a0d8f197
2019-09-25 05:49:47,601 [pool-419-thread-1] INFO  server.RaftServerConfigKeys (ConfUtils.java:logGet(43)) - raft.server.log.queue.byte-limit = 2147483647 (custom)
2019-09-25 05:49:47,601 [pool-419-thread-1] INFO  server.RaftServerConfigKeys (ConfUtils.java:logGet(43)) - raft.server.log.queue.element-limit = 1024 (custom)
2019-09-25 05:49:47,601 [pool-419-thread-1] INFO  server.RaftServerConfigKeys (ConfUtils.java:logGet(43)) - raft.server.log.segment.size.max = 1048576 (custom)
2019-09-25 05:49:47,601 [pool-419-thread-1] INFO  server.RaftServerConfigKeys (ConfUtils.java:logGet(43)) - raft.server.log.preallocated.size = 16384 (custom)
2019-09-25 05:49:47,601 [pool-419-thread-1] INFO  server.RaftServerConfigKeys (ConfUtils.java:logGet(43)) - raft.server.log.write.buffer.size = 33554432 (custom)
2019-09-25 05:49:47,601 [pool-419-thread-1] INFO  server.RaftServerConfigKeys (ConfUtils.java:logGet(43)) - raft.server.log.force.sync.num = 128 (default)
2019-09-25 05:49:47,601 [pool-419-thread-1] INFO  server.RaftServerConfigKeys (ConfUtils.java:logGet(43)) - raft.server.log.statemachine.data.sync = true (default)
2019-09-25 05:49:47,601 [pool-419-thread-1] INFO  server.RaftServerConfigKeys (ConfUtils.java:logGet(43)) - raft.server.log.statemachine.data.sync.timeout = 10s (default)
2019-09-25 05:49:47,602 [pool-419-thread-1] INFO  server.RaftServerConfigKeys (ConfUtils.java:logGet(43)) - raft.server.log.statemachine.data.sync.timeout.retry = -1 (default)
2019-09-25 05:49:47,602 [pool-419-thread-1] INFO  server.RaftServerConfigKeys (ConfUtils.java:logGet(43)) - raft.server.log.statemachine.data.caching.enabled = true (custom)
2019-09-25 05:49:47,602 [pool-419-thread-1] INFO  segmented.SegmentedRaftLogWorker (SegmentedRaftLogWorker.java:lambda$new$0(132)) - 49db5453-e576-4a11-af8d-74d98f8d549c@group-1566A0D8F197-SegmentedRaftLogWorker: flushIndex: setUnconditionally 0 -> -1
2019-09-25 05:49:47,602 [pool-419-thread-1] INFO  server.RaftServerConfigKeys (ConfUtils.java:logGet(43)) - raft.server.snapshot.auto.trigger.enabled = true (custom)
2019-09-25 05:49:47,602 [pool-419-thread-1] INFO  server.RaftServerConfigKeys (ConfUtils.java:logGet(43)) - raft.server.snapshot.auto.trigger.threshold = 10000 (custom)
2019-09-25 05:49:47,602 [pool-419-thread-1] INFO  server.RaftServerConfigKeys (ConfUtils.java:logGet(43)) - raft.server.snapshot.retention.num.files = 5 (custom)
2019-09-25 05:49:47,602 [pool-419-thread-1] INFO  server.RaftServerConfigKeys (ConfUtils.java:logGet(43)) - raft.server.retrycache.expirytime = 600000ms (custom)
2019-09-25 05:49:47,603 [pool-419-thread-1] INFO  impl.RaftServerImpl (RaftServerImpl.java:start(185)) - 49db5453-e576-4a11-af8d-74d98f8d549c@group-1566A0D8F197: start as a follower, conf=-1: [49db5453-e576-4a11-af8d-74d98f8d549c:192.168.30.10:33957], old=null
2019-09-25 05:49:47,604 [pool-419-thread-1] INFO  impl.RaftServerImpl (RaftServerImpl.java:setRole(174)) - 49db5453-e576-4a11-af8d-74d98f8d549c@group-1566A0D8F197: changes role from      null to FOLLOWER at term 0 for startAsFollower
2019-09-25 05:49:47,604 [pool-419-thread-1] INFO  impl.RoleInfo (RoleInfo.java:updateAndGet(143)) - 49db5453-e576-4a11-af8d-74d98f8d549c: start FollowerState
2019-09-25 05:49:47,604 [pool-419-thread-1] INFO  util.JmxRegister (JmxRegister.java:tryRegister(44)) - Successfully registered JMX Bean with object name Ratis:service=RaftServer,group=group-1566A0D8F197,id=49db5453-e576-4a11-af8d-74d98f8d549c
2019-09-25 05:49:47,606 [RatisPipelineUtilsThread] INFO  pipeline.PipelineStateManager (PipelineStateManager.java:addPipeline(56)) - Created pipeline Pipeline[ Id: 95365741-82df-4f85-b971-1566a0d8f197, Nodes: 49db5453-e576-4a11-af8d-74d98f8d549c{ip: 192.168.30.10, host: pr-hdds-1569-s62bp-3040748787, networkLocation: /default-rack, certSerialId: null}, Type:RATIS, Factor:ONE, State:OPEN]
2019-09-25 05:49:47,606 [IPC Server handler 0 on 41745] INFO  net.NetworkTopology (NetworkTopologyImpl.java:add(111)) - Added a new node: /default-rack/44082f05-803b-4c97-a9e5-c320db8eea77
2019-09-25 05:49:47,606 [IPC Server handler 0 on 41745] INFO  node.SCMNodeManager (SCMNodeManager.java:register(266)) - Registered Data node : 44082f05-803b-4c97-a9e5-c320db8eea77{ip: 192.168.30.10, host: pr-hdds-1569-s62bp-3040748787, networkLocation: /default-rack, certSerialId: null}
2019-09-25 05:49:47,613 [grpc-default-executor-0] INFO  impl.RaftServerProxy (RaftServerProxy.java:addNew(89)) - 44082f05-803b-4c97-a9e5-c320db8eea77: addNew group-805BD0E4E7A6:[44082f05-803b-4c97-a9e5-c320db8eea77:192.168.30.10:44033] returns group-805BD0E4E7A6:java.util.concurrent.CompletableFuture@4e5c77e8[Not completed]
2019-09-25 05:49:47,614 [pool-439-thread-1] INFO  impl.RaftServerImpl (RaftServerImpl.java:<init>(95)) - 44082f05-803b-4c97-a9e5-c320db8eea77: new RaftServerImpl for group-805BD0E4E7A6:[44082f05-803b-4c97-a9e5-c320db8eea77:192.168.30.10:44033] with ContainerStateMachine:uninitialized
2019-09-25 05:49:47,614 [pool-439-thread-1] INFO  server.RaftServerConfigKeys (ConfUtils.java:logGet(43)) - raft.server.rpc.timeout.min = 5s (custom)
2019-09-25 05:49:47,615 [pool-439-thread-1] INFO  server.RaftServerConfigKeys (ConfUtils.java:logGet(43)) - raft.server.rpc.timeout.max = 5200ms (custom)
2019-09-25 05:49:47,615 [pool-439-thread-1] INFO  server.RaftServerConfigKeys (ConfUtils.java:logGet(43)) - raft.server.rpcslowness.timeout = 120s (custom)
2019-09-25 05:49:47,615 [pool-439-thread-1] INFO  server.RaftServerConfigKeys (ConfUtils.java:logGet(43)) - raft.server.sleep.deviation.threshold = 300 (default)
2019-09-25 05:49:47,615 [pool-439-thread-1] INFO  server.RaftServerConfigKeys (ConfUtils.java:logGet(43)) - raft.server.log.appender.install.snapshot.enabled = false (custom)
2019-09-25 05:49:47,615 [pool-439-thread-1] INFO  impl.RaftServerImpl (ServerState.java:<init>(103)) - 44082f05-803b-4c97-a9e5-c320db8eea77@group-805BD0E4E7A6: ConfigurationManager, init=-1: [44082f05-803b-4c97-a9e5-c320db8eea77:192.168.30.10:44033], old=null, confs=<EMPTY_MAP>
2019-09-25 05:49:47,615 [pool-439-thread-1] INFO  server.RaftServerConfigKeys (ConfUtils.java:logGet(43)) - raft.server.storage.dir = [/workdir/hadoop-ozone/integration-test/target/test-dir/MiniOzoneClusterImpl-3371874c-cdf9-4999-a21e-92d2cda410bc/datanode-3/data/ratis] (custom)
2019-09-25 05:49:47,616 [pool-439-thread-1] INFO  storage.RaftStorageDirectory (RaftStorageDirectory.java:analyzeStorage(246)) - The storage directory /workdir/hadoop-ozone/integration-test/target/test-dir/MiniOzoneClusterImpl-3371874c-cdf9-4999-a21e-92d2cda410bc/datanode-3/data/ratis/96fbcfd2-546a-4d96-b11f-805bd0e4e7a6 does not exist. Creating ...
2019-09-25 05:49:47,628 [pool-439-thread-1] INFO  storage.RaftStorageDirectory (RaftStorageDirectory.java:tryLock(328)) - Lock on /workdir/hadoop-ozone/integration-test/target/test-dir/MiniOzoneClusterImpl-3371874c-cdf9-4999-a21e-92d2cda410bc/datanode-3/data/ratis/96fbcfd2-546a-4d96-b11f-805bd0e4e7a6/in_use.lock acquired by nodename 13539@pr-hdds-1569-s62bp-3040748787
2019-09-25 05:49:47,641 [pool-439-thread-1] INFO  storage.RaftStorage (RaftStorage.java:format(72)) - Storage directory /workdir/hadoop-ozone/integration-test/target/test-dir/MiniOzoneClusterImpl-3371874c-cdf9-4999-a21e-92d2cda410bc/datanode-3/data/ratis/96fbcfd2-546a-4d96-b11f-805bd0e4e7a6 has been successfully formatted.
2019-09-25 05:49:47,641 [pool-439-thread-1] INFO  ratis.ContainerStateMachine (ContainerStateMachine.java:loadSnapshot(230)) - group-805BD0E4E7A6: The snapshot info is null. Setting the last applied indexto:(t:0, i:~)
2019-09-25 05:49:47,642 [pool-439-thread-1] INFO  server.RaftServerConfigKeys (ConfUtils.java:logGet(43)) - raft.server.notification.no-leader.timeout = 120s (custom)
2019-09-25 05:49:47,642 [pool-439-thread-1] INFO  server.RaftServerConfigKeys (ConfUtils.java:logGet(43)) - raft.server.log.use.memory = false (default)
2019-09-25 05:49:47,642 [pool-439-thread-1] INFO  server.RaftServerConfigKeys (ConfUtils.java:logGet(43)) - raft.server.log.purge.gap = 1000000 (custom)
2019-09-25 05:49:47,642 [pool-439-thread-1] INFO  server.RaftServerConfigKeys (ConfUtils.java:logGet(43)) - raft.server.log.appender.buffer.byte-limit = 33554432 (custom)
2019-09-25 05:49:47,642 [pool-439-thread-1] INFO  server.RaftServerConfigKeys (ConfUtils.java:logGet(43)) - raft.server.log.segment.size.max = 1048576 (custom)
2019-09-25 05:49:47,642 [pool-439-thread-1] INFO  server.RaftServerConfigKeys (ConfUtils.java:logGet(43)) - raft.server.log.segment.cache.num.max = 2 (custom)
2019-09-25 05:49:47,642 [pool-439-thread-1] INFO  segmented.SegmentedRaftLogWorker (SegmentedRaftLogWorker.java:<init>(172)) - new 44082f05-803b-4c97-a9e5-c320db8eea77@group-805BD0E4E7A6-SegmentedRaftLogWorker for RaftStorage:Storage Directory /workdir/hadoop-ozone/integration-test/target/test-dir/MiniOzoneClusterImpl-3371874c-cdf9-4999-a21e-92d2cda410bc/datanode-3/data/ratis/96fbcfd2-546a-4d96-b11f-805bd0e4e7a6
2019-09-25 05:49:47,644 [pool-439-thread-1] INFO  server.RaftServerConfigKeys (ConfUtils.java:logGet(43)) - raft.server.log.queue.byte-limit = 2147483647 (custom)
2019-09-25 05:49:47,644 [pool-439-thread-1] INFO  server.RaftServerConfigKeys (ConfUtils.java:logGet(43)) - raft.server.log.queue.element-limit = 1024 (custom)
2019-09-25 05:49:47,644 [pool-439-thread-1] INFO  server.RaftServerConfigKeys (ConfUtils.java:logGet(43)) - raft.server.log.segment.size.max = 1048576 (custom)
2019-09-25 05:49:47,644 [pool-439-thread-1] INFO  server.RaftServerConfigKeys (ConfUtils.java:logGet(43)) - raft.server.log.preallocated.size = 16384 (custom)
2019-09-25 05:49:47,644 [pool-439-thread-1] INFO  server.RaftServerConfigKeys (ConfUtils.java:logGet(43)) - raft.server.log.write.buffer.size = 33554432 (custom)
2019-09-25 05:49:47,644 [pool-439-thread-1] INFO  server.RaftServerConfigKeys (ConfUtils.java:logGet(43)) - raft.server.log.force.sync.num = 128 (default)
2019-09-25 05:49:47,645 [pool-439-thread-1] INFO  server.RaftServerConfigKeys (ConfUtils.java:logGet(43)) - raft.server.log.statemachine.data.sync = true (default)
2019-09-25 05:49:47,645 [pool-439-thread-1] INFO  server.RaftServerConfigKeys (ConfUtils.java:logGet(43)) - raft.server.log.statemachine.data.sync.timeout = 10s (default)
2019-09-25 05:49:47,645 [pool-439-thread-1] INFO  server.RaftServerConfigKeys (ConfUtils.java:logGet(43)) - raft.server.log.statemachine.data.sync.timeout.retry = -1 (default)
2019-09-25 05:49:47,645 [pool-439-thread-1] INFO  server.RaftServerConfigKeys (ConfUtils.java:logGet(43)) - raft.server.log.statemachine.data.caching.enabled = true (custom)
2019-09-25 05:49:47,645 [pool-439-thread-1] INFO  segmented.SegmentedRaftLogWorker (SegmentedRaftLogWorker.java:lambda$new$0(132)) - 44082f05-803b-4c97-a9e5-c320db8eea77@group-805BD0E4E7A6-SegmentedRaftLogWorker: flushIndex: setUnconditionally 0 -> -1
2019-09-25 05:49:47,646 [pool-439-thread-1] INFO  server.RaftServerConfigKeys (ConfUtils.java:logGet(43)) - raft.server.snapshot.auto.trigger.enabled = true (custom)
2019-09-25 05:49:47,646 [pool-439-thread-1] INFO  server.RaftServerConfigKeys (ConfUtils.java:logGet(43)) - raft.server.snapshot.auto.trigger.threshold = 10000 (custom)
2019-09-25 05:49:47,646 [pool-439-thread-1] INFO  server.RaftServerConfigKeys (ConfUtils.java:logGet(43)) - raft.server.snapshot.retention.num.files = 5 (custom)
2019-09-25 05:49:47,646 [pool-439-thread-1] INFO  server.RaftServerConfigKeys (ConfUtils.java:logGet(43)) - raft.server.retrycache.expirytime = 600000ms (custom)
2019-09-25 05:49:47,648 [pool-439-thread-1] INFO  impl.RaftServerImpl (RaftServerImpl.java:start(185)) - 44082f05-803b-4c97-a9e5-c320db8eea77@group-805BD0E4E7A6: start as a follower, conf=-1: [44082f05-803b-4c97-a9e5-c320db8eea77:192.168.30.10:44033], old=null
2019-09-25 05:49:47,648 [pool-439-thread-1] INFO  impl.RaftServerImpl (RaftServerImpl.java:setRole(174)) - 44082f05-803b-4c97-a9e5-c320db8eea77@group-805BD0E4E7A6: changes role from      null to FOLLOWER at term 0 for startAsFollower
2019-09-25 05:49:47,648 [pool-439-thread-1] INFO  impl.RoleInfo (RoleInfo.java:updateAndGet(143)) - 44082f05-803b-4c97-a9e5-c320db8eea77: start FollowerState
2019-09-25 05:49:47,648 [pool-439-thread-1] INFO  util.JmxRegister (JmxRegister.java:tryRegister(44)) - Successfully registered JMX Bean with object name Ratis:service=RaftServer,group=group-805BD0E4E7A6,id=44082f05-803b-4c97-a9e5-c320db8eea77
2019-09-25 05:49:47,650 [RatisPipelineUtilsThread] INFO  pipeline.PipelineStateManager (PipelineStateManager.java:addPipeline(56)) - Created pipeline Pipeline[ Id: 96fbcfd2-546a-4d96-b11f-805bd0e4e7a6, Nodes: 44082f05-803b-4c97-a9e5-c320db8eea77{ip: 192.168.30.10, host: pr-hdds-1569-s62bp-3040748787, networkLocation: /default-rack, certSerialId: null}, Type:RATIS, Factor:ONE, State:OPEN]
2019-09-25 05:49:47,653 [grpc-default-executor-0] INFO  impl.RaftServerProxy (RaftServerProxy.java:addNew(89)) - 44082f05-803b-4c97-a9e5-c320db8eea77: addNew group-FDD26832ECBF:[44082f05-803b-4c97-a9e5-c320db8eea77:192.168.30.10:44033] returns group-FDD26832ECBF:java.util.concurrent.CompletableFuture@296bdffb[Not completed]
2019-09-25 05:49:47,654 [pool-439-thread-1] INFO  impl.RaftServerImpl (RaftServerImpl.java:<init>(95)) - 44082f05-803b-4c97-a9e5-c320db8eea77: new RaftServerImpl for group-FDD26832ECBF:[44082f05-803b-4c97-a9e5-c320db8eea77:192.168.30.10:44033] with ContainerStateMachine:uninitialized
2019-09-25 05:49:47,654 [pool-439-thread-1] INFO  server.RaftServerConfigKeys (ConfUtils.java:logGet(43)) - raft.server.rpc.timeout.min = 5s (custom)
2019-09-25 05:49:47,654 [pool-439-thread-1] INFO  server.RaftServerConfigKeys (ConfUtils.java:logGet(43)) - raft.server.rpc.timeout.max = 5200ms (custom)
2019-09-25 05:49:47,654 [pool-439-thread-1] INFO  server.RaftServerConfigKeys (ConfUtils.java:logGet(43)) - raft.server.rpcslowness.timeout = 120s (custom)
2019-09-25 05:49:47,654 [pool-439-thread-1] INFO  server.RaftServerConfigKeys (ConfUtils.java:logGet(43)) - raft.server.sleep.deviation.threshold = 300 (default)
2019-09-25 05:49:47,654 [pool-439-thread-1] INFO  server.RaftServerConfigKeys (ConfUtils.java:logGet(43)) - raft.server.log.appender.install.snapshot.enabled = false (custom)
2019-09-25 05:49:47,655 [pool-439-thread-1] INFO  impl.RaftServerImpl (ServerState.java:<init>(103)) - 44082f05-803b-4c97-a9e5-c320db8eea77@group-FDD26832ECBF: ConfigurationManager, init=-1: [44082f05-803b-4c97-a9e5-c320db8eea77:192.168.30.10:44033], old=null, confs=<EMPTY_MAP>
2019-09-25 05:49:47,655 [pool-439-thread-1] INFO  server.RaftServerConfigKeys (ConfUtils.java:logGet(43)) - raft.server.storage.dir = [/workdir/hadoop-ozone/integration-test/target/test-dir/MiniOzoneClusterImpl-3371874c-cdf9-4999-a21e-92d2cda410bc/datanode-3/data/ratis] (custom)
2019-09-25 05:49:47,655 [pool-439-thread-1] INFO  storage.RaftStorageDirectory (RaftStorageDirectory.java:analyzeStorage(246)) - The storage directory /workdir/hadoop-ozone/integration-test/target/test-dir/MiniOzoneClusterImpl-3371874c-cdf9-4999-a21e-92d2cda410bc/datanode-3/data/ratis/712c40d4-5749-484a-a0fa-fdd26832ecbf does not exist. Creating ...
2019-09-25 05:49:47,667 [pool-439-thread-1] INFO  storage.RaftStorageDirectory (RaftStorageDirectory.java:tryLock(328)) - Lock on /workdir/hadoop-ozone/integration-test/target/test-dir/MiniOzoneClusterImpl-3371874c-cdf9-4999-a21e-92d2cda410bc/datanode-3/data/ratis/712c40d4-5749-484a-a0fa-fdd26832ecbf/in_use.lock acquired by nodename 13539@pr-hdds-1569-s62bp-3040748787
2019-09-25 05:49:47,681 [pool-439-thread-1] INFO  storage.RaftStorage (RaftStorage.java:format(72)) - Storage directory /workdir/hadoop-ozone/integration-test/target/test-dir/MiniOzoneClusterImpl-3371874c-cdf9-4999-a21e-92d2cda410bc/datanode-3/data/ratis/712c40d4-5749-484a-a0fa-fdd26832ecbf has been successfully formatted.
2019-09-25 05:49:47,681 [pool-439-thread-1] INFO  ratis.ContainerStateMachine (ContainerStateMachine.java:loadSnapshot(230)) - group-FDD26832ECBF: The snapshot info is null. Setting the last applied indexto:(t:0, i:~)
2019-09-25 05:49:47,681 [pool-439-thread-1] INFO  server.RaftServerConfigKeys (ConfUtils.java:logGet(43)) - raft.server.notification.no-leader.timeout = 120s (custom)
2019-09-25 05:49:47,681 [pool-439-thread-1] INFO  server.RaftServerConfigKeys (ConfUtils.java:logGet(43)) - raft.server.log.use.memory = false (default)
2019-09-25 05:49:47,681 [pool-439-thread-1] INFO  server.RaftServerConfigKeys (ConfUtils.java:logGet(43)) - raft.server.log.purge.gap = 1000000 (custom)
2019-09-25 05:49:47,682 [pool-439-thread-1] INFO  server.RaftServerConfigKeys (ConfUtils.java:logGet(43)) - raft.server.log.appender.buffer.byte-limit = 33554432 (custom)
2019-09-25 05:49:47,682 [pool-439-thread-1] INFO  server.RaftServerConfigKeys (ConfUtils.java:logGet(43)) - raft.server.log.segment.size.max = 1048576 (custom)
2019-09-25 05:49:47,682 [pool-439-thread-1] INFO  server.RaftServerConfigKeys (ConfUtils.java:logGet(43)) - raft.server.log.segment.cache.num.max = 2 (custom)
2019-09-25 05:49:47,682 [pool-439-thread-1] INFO  segmented.SegmentedRaftLogWorker (SegmentedRaftLogWorker.java:<init>(172)) - new 44082f05-803b-4c97-a9e5-c320db8eea77@group-FDD26832ECBF-SegmentedRaftLogWorker for RaftStorage:Storage Directory /workdir/hadoop-ozone/integration-test/target/test-dir/MiniOzoneClusterImpl-3371874c-cdf9-4999-a21e-92d2cda410bc/datanode-3/data/ratis/712c40d4-5749-484a-a0fa-fdd26832ecbf
2019-09-25 05:49:47,682 [pool-439-thread-1] INFO  server.RaftServerConfigKeys (ConfUtils.java:logGet(43)) - raft.server.log.queue.byte-limit = 2147483647 (custom)
2019-09-25 05:49:47,682 [pool-439-thread-1] INFO  server.RaftServerConfigKeys (ConfUtils.java:logGet(43)) - raft.server.log.queue.element-limit = 1024 (custom)
2019-09-25 05:49:47,682 [pool-439-thread-1] INFO  server.RaftServerConfigKeys (ConfUtils.java:logGet(43)) - raft.server.log.segment.size.max = 1048576 (custom)
2019-09-25 05:49:47,682 [pool-439-thread-1] INFO  server.RaftServerConfigKeys (ConfUtils.java:logGet(43)) - raft.server.log.preallocated.size = 16384 (custom)
2019-09-25 05:49:47,683 [pool-439-thread-1] INFO  server.RaftServerConfigKeys (ConfUtils.java:logGet(43)) - raft.server.log.write.buffer.size = 33554432 (custom)
2019-09-25 05:49:47,683 [pool-439-thread-1] INFO  server.RaftServerConfigKeys (ConfUtils.java:logGet(43)) - raft.server.log.force.sync.num = 128 (default)
2019-09-25 05:49:47,683 [pool-439-thread-1] INFO  server.RaftServerConfigKeys (ConfUtils.java:logGet(43)) - raft.server.log.statemachine.data.sync = true (default)
2019-09-25 05:49:47,683 [pool-439-thread-1] INFO  server.RaftServerConfigKeys (ConfUtils.java:logGet(43)) - raft.server.log.statemachine.data.sync.timeout = 10s (default)
2019-09-25 05:49:47,683 [pool-439-thread-1] INFO  server.RaftServerConfigKeys (ConfUtils.java:logGet(43)) - raft.server.log.statemachine.data.sync.timeout.retry = -1 (default)
2019-09-25 05:49:47,683 [pool-439-thread-1] INFO  server.RaftServerConfigKeys (ConfUtils.java:logGet(43)) - raft.server.log.statemachine.data.caching.enabled = true (custom)
2019-09-25 05:49:47,684 [pool-439-thread-1] INFO  segmented.SegmentedRaftLogWorker (SegmentedRaftLogWorker.java:lambda$new$0(132)) - 44082f05-803b-4c97-a9e5-c320db8eea77@group-FDD26832ECBF-SegmentedRaftLogWorker: flushIndex: setUnconditionally 0 -> -1
2019-09-25 05:49:47,684 [pool-439-thread-1] INFO  server.RaftServerConfigKeys (ConfUtils.java:logGet(43)) - raft.server.snapshot.auto.trigger.enabled = true (custom)
2019-09-25 05:49:47,684 [pool-439-thread-1] INFO  server.RaftServerConfigKeys (ConfUtils.java:logGet(43)) - raft.server.snapshot.auto.trigger.threshold = 10000 (custom)
2019-09-25 05:49:47,684 [pool-439-thread-1] INFO  server.RaftServerConfigKeys (ConfUtils.java:logGet(43)) - raft.server.snapshot.retention.num.files = 5 (custom)
2019-09-25 05:49:47,684 [pool-439-thread-1] INFO  server.RaftServerConfigKeys (ConfUtils.java:logGet(43)) - raft.server.retrycache.expirytime = 600000ms (custom)
2019-09-25 05:49:47,686 [pool-439-thread-1] INFO  impl.RaftServerImpl (RaftServerImpl.java:start(185)) - 44082f05-803b-4c97-a9e5-c320db8eea77@group-FDD26832ECBF: start as a follower, conf=-1: [44082f05-803b-4c97-a9e5-c320db8eea77:192.168.30.10:44033], old=null
2019-09-25 05:49:47,686 [pool-439-thread-1] INFO  impl.RaftServerImpl (RaftServerImpl.java:setRole(174)) - 44082f05-803b-4c97-a9e5-c320db8eea77@group-FDD26832ECBF: changes role from      null to FOLLOWER at term 0 for startAsFollower
2019-09-25 05:49:47,686 [pool-439-thread-1] INFO  impl.RoleInfo (RoleInfo.java:updateAndGet(143)) - 44082f05-803b-4c97-a9e5-c320db8eea77: start FollowerState
2019-09-25 05:49:47,686 [pool-439-thread-1] INFO  util.JmxRegister (JmxRegister.java:tryRegister(44)) - Successfully registered JMX Bean with object name Ratis:service=RaftServer,group=group-FDD26832ECBF,id=44082f05-803b-4c97-a9e5-c320db8eea77
2019-09-25 05:49:47,688 [RatisPipelineUtilsThread] INFO  pipeline.PipelineStateManager (PipelineStateManager.java:addPipeline(56)) - Created pipeline Pipeline[ Id: 712c40d4-5749-484a-a0fa-fdd26832ecbf, Nodes: 44082f05-803b-4c97-a9e5-c320db8eea77{ip: 192.168.30.10, host: pr-hdds-1569-s62bp-3040748787, networkLocation: /default-rack, certSerialId: null}, Type:RATIS, Factor:ONE, State:OPEN]
2019-09-25 05:49:47,689 [IPC Server handler 5 on 41745] INFO  net.NetworkTopology (NetworkTopologyImpl.java:add(111)) - Added a new node: /default-rack/f67911da-22a7-4cad-9c8f-7bf30371d239
2019-09-25 05:49:47,689 [IPC Server handler 5 on 41745] INFO  node.SCMNodeManager (SCMNodeManager.java:register(266)) - Registered Data node : f67911da-22a7-4cad-9c8f-7bf30371d239{ip: 192.168.30.10, host: pr-hdds-1569-s62bp-3040748787, networkLocation: /default-rack, certSerialId: null}
2019-09-25 05:49:47,692 [grpc-default-executor-0] INFO  impl.RaftServerProxy (RaftServerProxy.java:addNew(89)) - 01bb1e87-3b88-425d-af88-cd320b9a7275: addNew group-EE137C920B54:[01bb1e87-3b88-425d-af88-cd320b9a7275:192.168.30.10:41549] returns group-EE137C920B54:java.util.concurrent.CompletableFuture@15884434[Not completed]
2019-09-25 05:49:47,693 [pool-409-thread-1] INFO  impl.RaftServerImpl (RaftServerImpl.java:<init>(95)) - 01bb1e87-3b88-425d-af88-cd320b9a7275: new RaftServerImpl for group-EE137C920B54:[01bb1e87-3b88-425d-af88-cd320b9a7275:192.168.30.10:41549] with ContainerStateMachine:uninitialized
2019-09-25 05:49:47,693 [pool-409-thread-1] INFO  server.RaftServerConfigKeys (ConfUtils.java:logGet(43)) - raft.server.rpc.timeout.min = 5s (custom)
2019-09-25 05:49:47,693 [pool-409-thread-1] INFO  server.RaftServerConfigKeys (ConfUtils.java:logGet(43)) - raft.server.rpc.timeout.max = 5200ms (custom)
2019-09-25 05:49:47,693 [pool-409-thread-1] INFO  server.RaftServerConfigKeys (ConfUtils.java:logGet(43)) - raft.server.rpcslowness.timeout = 120s (custom)
2019-09-25 05:49:47,693 [pool-409-thread-1] INFO  server.RaftServerConfigKeys (ConfUtils.java:logGet(43)) - raft.server.sleep.deviation.threshold = 300 (default)
2019-09-25 05:49:47,693 [pool-409-thread-1] INFO  server.RaftServerConfigKeys (ConfUtils.java:logGet(43)) - raft.server.log.appender.install.snapshot.enabled = false (custom)
2019-09-25 05:49:47,693 [pool-409-thread-1] INFO  impl.RaftServerImpl (ServerState.java:<init>(103)) - 01bb1e87-3b88-425d-af88-cd320b9a7275@group-EE137C920B54: ConfigurationManager, init=-1: [01bb1e87-3b88-425d-af88-cd320b9a7275:192.168.30.10:41549], old=null, confs=<EMPTY_MAP>
2019-09-25 05:49:47,694 [pool-409-thread-1] INFO  server.RaftServerConfigKeys (ConfUtils.java:logGet(43)) - raft.server.storage.dir = [/workdir/hadoop-ozone/integration-test/target/test-dir/MiniOzoneClusterImpl-3371874c-cdf9-4999-a21e-92d2cda410bc/datanode-0/data/ratis] (custom)
2019-09-25 05:49:47,694 [pool-409-thread-1] INFO  storage.RaftStorageDirectory (RaftStorageDirectory.java:analyzeStorage(246)) - The storage directory /workdir/hadoop-ozone/integration-test/target/test-dir/MiniOzoneClusterImpl-3371874c-cdf9-4999-a21e-92d2cda410bc/datanode-0/data/ratis/a40bb0cd-0e30-4e63-b85d-ee137c920b54 does not exist. Creating ...
2019-09-25 05:49:47,712 [pool-409-thread-1] INFO  storage.RaftStorageDirectory (RaftStorageDirectory.java:tryLock(328)) - Lock on /workdir/hadoop-ozone/integration-test/target/test-dir/MiniOzoneClusterImpl-3371874c-cdf9-4999-a21e-92d2cda410bc/datanode-0/data/ratis/a40bb0cd-0e30-4e63-b85d-ee137c920b54/in_use.lock acquired by nodename 13539@pr-hdds-1569-s62bp-3040748787
2019-09-25 05:49:47,725 [pool-409-thread-1] INFO  storage.RaftStorage (RaftStorage.java:format(72)) - Storage directory /workdir/hadoop-ozone/integration-test/target/test-dir/MiniOzoneClusterImpl-3371874c-cdf9-4999-a21e-92d2cda410bc/datanode-0/data/ratis/a40bb0cd-0e30-4e63-b85d-ee137c920b54 has been successfully formatted.
2019-09-25 05:49:47,725 [pool-409-thread-1] INFO  ratis.ContainerStateMachine (ContainerStateMachine.java:loadSnapshot(230)) - group-EE137C920B54: The snapshot info is null. Setting the last applied indexto:(t:0, i:~)
2019-09-25 05:49:47,726 [pool-409-thread-1] INFO  server.RaftServerConfigKeys (ConfUtils.java:logGet(43)) - raft.server.notification.no-leader.timeout = 120s (custom)
2019-09-25 05:49:47,726 [pool-409-thread-1] INFO  server.RaftServerConfigKeys (ConfUtils.java:logGet(43)) - raft.server.log.use.memory = false (default)
2019-09-25 05:49:47,726 [pool-409-thread-1] INFO  server.RaftServerConfigKeys (ConfUtils.java:logGet(43)) - raft.server.log.purge.gap = 1000000 (custom)
2019-09-25 05:49:47,726 [pool-409-thread-1] INFO  server.RaftServerConfigKeys (ConfUtils.java:logGet(43)) - raft.server.log.appender.buffer.byte-limit = 33554432 (custom)
2019-09-25 05:49:47,726 [pool-409-thread-1] INFO  server.RaftServerConfigKeys (ConfUtils.java:logGet(43)) - raft.server.log.segment.size.max = 1048576 (custom)
2019-09-25 05:49:47,726 [pool-409-thread-1] INFO  server.RaftServerConfigKeys (ConfUtils.java:logGet(43)) - raft.server.log.segment.cache.num.max = 2 (custom)
2019-09-25 05:49:47,726 [pool-409-thread-1] INFO  segmented.SegmentedRaftLogWorker (SegmentedRaftLogWorker.java:<init>(172)) - new 01bb1e87-3b88-425d-af88-cd320b9a7275@group-EE137C920B54-SegmentedRaftLogWorker for RaftStorage:Storage Directory /workdir/hadoop-ozone/integration-test/target/test-dir/MiniOzoneClusterImpl-3371874c-cdf9-4999-a21e-92d2cda410bc/datanode-0/data/ratis/a40bb0cd-0e30-4e63-b85d-ee137c920b54
2019-09-25 05:49:47,726 [pool-409-thread-1] INFO  server.RaftServerConfigKeys (ConfUtils.java:logGet(43)) - raft.server.log.queue.byte-limit = 2147483647 (custom)
2019-09-25 05:49:47,727 [pool-409-thread-1] INFO  server.RaftServerConfigKeys (ConfUtils.java:logGet(43)) - raft.server.log.queue.element-limit = 1024 (custom)
2019-09-25 05:49:47,727 [pool-409-thread-1] INFO  server.RaftServerConfigKeys (ConfUtils.java:logGet(43)) - raft.server.log.segment.size.max = 1048576 (custom)
2019-09-25 05:49:47,727 [pool-409-thread-1] INFO  server.RaftServerConfigKeys (ConfUtils.java:logGet(43)) - raft.server.log.preallocated.size = 16384 (custom)
2019-09-25 05:49:47,727 [pool-409-thread-1] INFO  server.RaftServerConfigKeys (ConfUtils.java:logGet(43)) - raft.server.log.write.buffer.size = 33554432 (custom)
2019-09-25 05:49:47,727 [pool-409-thread-1] INFO  server.RaftServerConfigKeys (ConfUtils.java:logGet(43)) - raft.server.log.force.sync.num = 128 (default)
2019-09-25 05:49:47,727 [pool-409-thread-1] INFO  server.RaftServerConfigKeys (ConfUtils.java:logGet(43)) - raft.server.log.statemachine.data.sync = true (default)
2019-09-25 05:49:47,727 [pool-409-thread-1] INFO  server.RaftServerConfigKeys (ConfUtils.java:logGet(43)) - raft.server.log.statemachine.data.sync.timeout = 10s (default)
2019-09-25 05:49:47,727 [pool-409-thread-1] INFO  server.RaftServerConfigKeys (ConfUtils.java:logGet(43)) - raft.server.log.statemachine.data.sync.timeout.retry = -1 (default)
2019-09-25 05:49:47,727 [pool-409-thread-1] INFO  server.RaftServerConfigKeys (ConfUtils.java:logGet(43)) - raft.server.log.statemachine.data.caching.enabled = true (custom)
2019-09-25 05:49:47,728 [pool-409-thread-1] INFO  segmented.SegmentedRaftLogWorker (SegmentedRaftLogWorker.java:lambda$new$0(132)) - 01bb1e87-3b88-425d-af88-cd320b9a7275@group-EE137C920B54-SegmentedRaftLogWorker: flushIndex: setUnconditionally 0 -> -1
2019-09-25 05:49:47,728 [pool-409-thread-1] INFO  server.RaftServerConfigKeys (ConfUtils.java:logGet(43)) - raft.server.snapshot.auto.trigger.enabled = true (custom)
2019-09-25 05:49:47,728 [pool-409-thread-1] INFO  server.RaftServerConfigKeys (ConfUtils.java:logGet(43)) - raft.server.snapshot.auto.trigger.threshold = 10000 (custom)
2019-09-25 05:49:47,728 [pool-409-thread-1] INFO  server.RaftServerConfigKeys (ConfUtils.java:logGet(43)) - raft.server.snapshot.retention.num.files = 5 (custom)
2019-09-25 05:49:47,728 [pool-409-thread-1] INFO  server.RaftServerConfigKeys (ConfUtils.java:logGet(43)) - raft.server.retrycache.expirytime = 600000ms (custom)
2019-09-25 05:49:47,730 [pool-409-thread-1] INFO  impl.RaftServerImpl (RaftServerImpl.java:start(185)) - 01bb1e87-3b88-425d-af88-cd320b9a7275@group-EE137C920B54: start as a follower, conf=-1: [01bb1e87-3b88-425d-af88-cd320b9a7275:192.168.30.10:41549], old=null
2019-09-25 05:49:47,730 [pool-409-thread-1] INFO  impl.RaftServerImpl (RaftServerImpl.java:setRole(174)) - 01bb1e87-3b88-425d-af88-cd320b9a7275@group-EE137C920B54: changes role from      null to FOLLOWER at term 0 for startAsFollower
2019-09-25 05:49:47,730 [pool-409-thread-1] INFO  impl.RoleInfo (RoleInfo.java:updateAndGet(143)) - 01bb1e87-3b88-425d-af88-cd320b9a7275: start FollowerState
2019-09-25 05:49:47,730 [pool-409-thread-1] INFO  util.JmxRegister (JmxRegister.java:tryRegister(44)) - Successfully registered JMX Bean with object name Ratis:service=RaftServer,group=group-EE137C920B54,id=01bb1e87-3b88-425d-af88-cd320b9a7275
2019-09-25 05:49:47,732 [RatisPipelineUtilsThread] INFO  pipeline.PipelineStateManager (PipelineStateManager.java:addPipeline(56)) - Created pipeline Pipeline[ Id: a40bb0cd-0e30-4e63-b85d-ee137c920b54, Nodes: 01bb1e87-3b88-425d-af88-cd320b9a7275{ip: 192.168.30.10, host: pr-hdds-1569-s62bp-3040748787, networkLocation: /default-rack, certSerialId: null}, Type:RATIS, Factor:ONE, State:OPEN]
2019-09-25 05:49:47,736 [grpc-default-executor-0] INFO  impl.RaftServerProxy (RaftServerProxy.java:addNew(89)) - 01bb1e87-3b88-425d-af88-cd320b9a7275: addNew group-03C285027148:[01bb1e87-3b88-425d-af88-cd320b9a7275:192.168.30.10:41549] returns group-03C285027148:java.util.concurrent.CompletableFuture@2686c60d[Not completed]
2019-09-25 05:49:47,737 [pool-409-thread-1] INFO  impl.RaftServerImpl (RaftServerImpl.java:<init>(95)) - 01bb1e87-3b88-425d-af88-cd320b9a7275: new RaftServerImpl for group-03C285027148:[01bb1e87-3b88-425d-af88-cd320b9a7275:192.168.30.10:41549] with ContainerStateMachine:uninitialized
2019-09-25 05:49:47,737 [pool-409-thread-1] INFO  server.RaftServerConfigKeys (ConfUtils.java:logGet(43)) - raft.server.rpc.timeout.min = 5s (custom)
2019-09-25 05:49:47,737 [pool-409-thread-1] INFO  server.RaftServerConfigKeys (ConfUtils.java:logGet(43)) - raft.server.rpc.timeout.max = 5200ms (custom)
2019-09-25 05:49:47,737 [pool-409-thread-1] INFO  server.RaftServerConfigKeys (ConfUtils.java:logGet(43)) - raft.server.rpcslowness.timeout = 120s (custom)
2019-09-25 05:49:47,737 [pool-409-thread-1] INFO  server.RaftServerConfigKeys (ConfUtils.java:logGet(43)) - raft.server.sleep.deviation.threshold = 300 (default)
2019-09-25 05:49:47,737 [pool-409-thread-1] INFO  server.RaftServerConfigKeys (ConfUtils.java:logGet(43)) - raft.server.log.appender.install.snapshot.enabled = false (custom)
2019-09-25 05:49:47,738 [pool-409-thread-1] INFO  impl.RaftServerImpl (ServerState.java:<init>(103)) - 01bb1e87-3b88-425d-af88-cd320b9a7275@group-03C285027148: ConfigurationManager, init=-1: [01bb1e87-3b88-425d-af88-cd320b9a7275:192.168.30.10:41549], old=null, confs=<EMPTY_MAP>
2019-09-25 05:49:47,738 [pool-409-thread-1] INFO  server.RaftServerConfigKeys (ConfUtils.java:logGet(43)) - raft.server.storage.dir = [/workdir/hadoop-ozone/integration-test/target/test-dir/MiniOzoneClusterImpl-3371874c-cdf9-4999-a21e-92d2cda410bc/datanode-0/data/ratis] (custom)
2019-09-25 05:49:47,738 [pool-409-thread-1] INFO  storage.RaftStorageDirectory (RaftStorageDirectory.java:analyzeStorage(246)) - The storage directory /workdir/hadoop-ozone/integration-test/target/test-dir/MiniOzoneClusterImpl-3371874c-cdf9-4999-a21e-92d2cda410bc/datanode-0/data/ratis/0609d346-5724-4f03-8969-03c285027148 does not exist. Creating ...
2019-09-25 05:49:47,751 [pool-409-thread-1] INFO  storage.RaftStorageDirectory (RaftStorageDirectory.java:tryLock(328)) - Lock on /workdir/hadoop-ozone/integration-test/target/test-dir/MiniOzoneClusterImpl-3371874c-cdf9-4999-a21e-92d2cda410bc/datanode-0/data/ratis/0609d346-5724-4f03-8969-03c285027148/in_use.lock acquired by nodename 13539@pr-hdds-1569-s62bp-3040748787
2019-09-25 05:49:47,756 [IPC Server handler 6 on 41745] INFO  net.NetworkTopology (NetworkTopologyImpl.java:add(111)) - Added a new node: /default-rack/fc8c9bb1-dbbf-4b8a-ac9f-72a0e03a2e86
2019-09-25 05:49:47,757 [IPC Server handler 6 on 41745] INFO  node.SCMNodeManager (SCMNodeManager.java:register(266)) - Registered Data node : fc8c9bb1-dbbf-4b8a-ac9f-72a0e03a2e86{ip: 192.168.30.10, host: pr-hdds-1569-s62bp-3040748787, networkLocation: /default-rack, certSerialId: null}
2019-09-25 05:49:47,763 [pool-409-thread-1] INFO  storage.RaftStorage (RaftStorage.java:format(72)) - Storage directory /workdir/hadoop-ozone/integration-test/target/test-dir/MiniOzoneClusterImpl-3371874c-cdf9-4999-a21e-92d2cda410bc/datanode-0/data/ratis/0609d346-5724-4f03-8969-03c285027148 has been successfully formatted.
2019-09-25 05:49:47,763 [pool-409-thread-1] INFO  ratis.ContainerStateMachine (ContainerStateMachine.java:loadSnapshot(230)) - group-03C285027148: The snapshot info is null. Setting the last applied indexto:(t:0, i:~)
2019-09-25 05:49:47,764 [pool-409-thread-1] INFO  server.RaftServerConfigKeys (ConfUtils.java:logGet(43)) - raft.server.notification.no-leader.timeout = 120s (custom)
2019-09-25 05:49:47,764 [pool-409-thread-1] INFO  server.RaftServerConfigKeys (ConfUtils.java:logGet(43)) - raft.server.log.use.memory = false (default)
2019-09-25 05:49:47,764 [pool-409-thread-1] INFO  server.RaftServerConfigKeys (ConfUtils.java:logGet(43)) - raft.server.log.purge.gap = 1000000 (custom)
2019-09-25 05:49:47,764 [pool-409-thread-1] INFO  server.RaftServerConfigKeys (ConfUtils.java:logGet(43)) - raft.server.log.appender.buffer.byte-limit = 33554432 (custom)
2019-09-25 05:49:47,764 [pool-409-thread-1] INFO  server.RaftServerConfigKeys (ConfUtils.java:logGet(43)) - raft.server.log.segment.size.max = 1048576 (custom)
2019-09-25 05:49:47,764 [pool-409-thread-1] INFO  server.RaftServerConfigKeys (ConfUtils.java:logGet(43)) - raft.server.log.segment.cache.num.max = 2 (custom)
2019-09-25 05:49:47,764 [pool-409-thread-1] INFO  segmented.SegmentedRaftLogWorker (SegmentedRaftLogWorker.java:<init>(172)) - new 01bb1e87-3b88-425d-af88-cd320b9a7275@group-03C285027148-SegmentedRaftLogWorker for RaftStorage:Storage Directory /workdir/hadoop-ozone/integration-test/target/test-dir/MiniOzoneClusterImpl-3371874c-cdf9-4999-a21e-92d2cda410bc/datanode-0/data/ratis/0609d346-5724-4f03-8969-03c285027148
2019-09-25 05:49:47,764 [pool-409-thread-1] INFO  server.RaftServerConfigKeys (ConfUtils.java:logGet(43)) - raft.server.log.queue.byte-limit = 2147483647 (custom)
2019-09-25 05:49:47,764 [pool-409-thread-1] INFO  server.RaftServerConfigKeys (ConfUtils.java:logGet(43)) - raft.server.log.queue.element-limit = 1024 (custom)
2019-09-25 05:49:47,764 [pool-409-thread-1] INFO  server.RaftServerConfigKeys (ConfUtils.java:logGet(43)) - raft.server.log.segment.size.max = 1048576 (custom)
2019-09-25 05:49:47,765 [pool-409-thread-1] INFO  server.RaftServerConfigKeys (ConfUtils.java:logGet(43)) - raft.server.log.preallocated.size = 16384 (custom)
2019-09-25 05:49:47,765 [pool-409-thread-1] INFO  server.RaftServerConfigKeys (ConfUtils.java:logGet(43)) - raft.server.log.write.buffer.size = 33554432 (custom)
2019-09-25 05:49:47,765 [pool-409-thread-1] INFO  server.RaftServerConfigKeys (ConfUtils.java:logGet(43)) - raft.server.log.force.sync.num = 128 (default)
2019-09-25 05:49:47,765 [pool-409-thread-1] INFO  server.RaftServerConfigKeys (ConfUtils.java:logGet(43)) - raft.server.log.statemachine.data.sync = true (default)
2019-09-25 05:49:47,765 [pool-409-thread-1] INFO  server.RaftServerConfigKeys (ConfUtils.java:logGet(43)) - raft.server.log.statemachine.data.sync.timeout = 10s (default)
2019-09-25 05:49:47,765 [pool-409-thread-1] INFO  server.RaftServerConfigKeys (ConfUtils.java:logGet(43)) - raft.server.log.statemachine.data.sync.timeout.retry = -1 (default)
2019-09-25 05:49:47,765 [pool-409-thread-1] INFO  server.RaftServerConfigKeys (ConfUtils.java:logGet(43)) - raft.server.log.statemachine.data.caching.enabled = true (custom)
2019-09-25 05:49:47,765 [pool-409-thread-1] INFO  segmented.SegmentedRaftLogWorker (SegmentedRaftLogWorker.java:lambda$new$0(132)) - 01bb1e87-3b88-425d-af88-cd320b9a7275@group-03C285027148-SegmentedRaftLogWorker: flushIndex: setUnconditionally 0 -> -1
2019-09-25 05:49:47,766 [pool-409-thread-1] INFO  server.RaftServerConfigKeys (ConfUtils.java:logGet(43)) - raft.server.snapshot.auto.trigger.enabled = true (custom)
2019-09-25 05:49:47,766 [pool-409-thread-1] INFO  server.RaftServerConfigKeys (ConfUtils.java:logGet(43)) - raft.server.snapshot.auto.trigger.threshold = 10000 (custom)
2019-09-25 05:49:47,766 [pool-409-thread-1] INFO  server.RaftServerConfigKeys (ConfUtils.java:logGet(43)) - raft.server.snapshot.retention.num.files = 5 (custom)
2019-09-25 05:49:47,766 [pool-409-thread-1] INFO  server.RaftServerConfigKeys (ConfUtils.java:logGet(43)) - raft.server.retrycache.expirytime = 600000ms (custom)
2019-09-25 05:49:47,767 [pool-409-thread-1] INFO  impl.RaftServerImpl (RaftServerImpl.java:start(185)) - 01bb1e87-3b88-425d-af88-cd320b9a7275@group-03C285027148: start as a follower, conf=-1: [01bb1e87-3b88-425d-af88-cd320b9a7275:192.168.30.10:41549], old=null
2019-09-25 05:49:47,767 [pool-409-thread-1] INFO  impl.RaftServerImpl (RaftServerImpl.java:setRole(174)) - 01bb1e87-3b88-425d-af88-cd320b9a7275@group-03C285027148: changes role from      null to FOLLOWER at term 0 for startAsFollower
2019-09-25 05:49:47,767 [pool-409-thread-1] INFO  impl.RoleInfo (RoleInfo.java:updateAndGet(143)) - 01bb1e87-3b88-425d-af88-cd320b9a7275: start FollowerState
2019-09-25 05:49:47,768 [pool-409-thread-1] INFO  util.JmxRegister (JmxRegister.java:tryRegister(44)) - Successfully registered JMX Bean with object name Ratis:service=RaftServer,group=group-03C285027148,id=01bb1e87-3b88-425d-af88-cd320b9a7275
2019-09-25 05:49:47,769 [RatisPipelineUtilsThread] INFO  pipeline.PipelineStateManager (PipelineStateManager.java:addPipeline(56)) - Created pipeline Pipeline[ Id: 0609d346-5724-4f03-8969-03c285027148, Nodes: 01bb1e87-3b88-425d-af88-cd320b9a7275{ip: 192.168.30.10, host: pr-hdds-1569-s62bp-3040748787, networkLocation: /default-rack, certSerialId: null}, Type:RATIS, Factor:ONE, State:OPEN]
2019-09-25 05:49:47,776 [grpc-default-executor-0] INFO  impl.RaftServerProxy (RaftServerProxy.java:addNew(89)) - 41cc7451-3c22-4fa0-b0d4-151937985196: addNew group-6D2AF0657334:[41cc7451-3c22-4fa0-b0d4-151937985196:192.168.30.10:36622] returns group-6D2AF0657334:java.util.concurrent.CompletableFuture@66ddff4[Not completed]
2019-09-25 05:49:47,777 [pool-429-thread-1] INFO  impl.RaftServerImpl (RaftServerImpl.java:<init>(95)) - 41cc7451-3c22-4fa0-b0d4-151937985196: new RaftServerImpl for group-6D2AF0657334:[41cc7451-3c22-4fa0-b0d4-151937985196:192.168.30.10:36622] with ContainerStateMachine:uninitialized
2019-09-25 05:49:47,777 [pool-429-thread-1] INFO  server.RaftServerConfigKeys (ConfUtils.java:logGet(43)) - raft.server.rpc.timeout.min = 5s (custom)
2019-09-25 05:49:47,777 [pool-429-thread-1] INFO  server.RaftServerConfigKeys (ConfUtils.java:logGet(43)) - raft.server.rpc.timeout.max = 5200ms (custom)
2019-09-25 05:49:47,777 [pool-429-thread-1] INFO  server.RaftServerConfigKeys (ConfUtils.java:logGet(43)) - raft.server.rpcslowness.timeout = 120s (custom)
2019-09-25 05:49:47,777 [pool-429-thread-1] INFO  server.RaftServerConfigKeys (ConfUtils.java:logGet(43)) - raft.server.sleep.deviation.threshold = 300 (default)
2019-09-25 05:49:47,777 [pool-429-thread-1] INFO  server.RaftServerConfigKeys (ConfUtils.java:logGet(43)) - raft.server.log.appender.install.snapshot.enabled = false (custom)
2019-09-25 05:49:47,778 [pool-429-thread-1] INFO  impl.RaftServerImpl (ServerState.java:<init>(103)) - 41cc7451-3c22-4fa0-b0d4-151937985196@group-6D2AF0657334: ConfigurationManager, init=-1: [41cc7451-3c22-4fa0-b0d4-151937985196:192.168.30.10:36622], old=null, confs=<EMPTY_MAP>
2019-09-25 05:49:47,778 [pool-429-thread-1] INFO  server.RaftServerConfigKeys (ConfUtils.java:logGet(43)) - raft.server.storage.dir = [/workdir/hadoop-ozone/integration-test/target/test-dir/MiniOzoneClusterImpl-3371874c-cdf9-4999-a21e-92d2cda410bc/datanode-2/data/ratis] (custom)
2019-09-25 05:49:47,778 [pool-429-thread-1] INFO  storage.RaftStorageDirectory (RaftStorageDirectory.java:analyzeStorage(246)) - The storage directory /workdir/hadoop-ozone/integration-test/target/test-dir/MiniOzoneClusterImpl-3371874c-cdf9-4999-a21e-92d2cda410bc/datanode-2/data/ratis/e7778371-f5bf-4928-aed2-6d2af0657334 does not exist. Creating ...
2019-09-25 05:49:47,791 [pool-429-thread-1] INFO  storage.RaftStorageDirectory (RaftStorageDirectory.java:tryLock(328)) - Lock on /workdir/hadoop-ozone/integration-test/target/test-dir/MiniOzoneClusterImpl-3371874c-cdf9-4999-a21e-92d2cda410bc/datanode-2/data/ratis/e7778371-f5bf-4928-aed2-6d2af0657334/in_use.lock acquired by nodename 13539@pr-hdds-1569-s62bp-3040748787
2019-09-25 05:49:47,804 [pool-429-thread-1] INFO  storage.RaftStorage (RaftStorage.java:format(72)) - Storage directory /workdir/hadoop-ozone/integration-test/target/test-dir/MiniOzoneClusterImpl-3371874c-cdf9-4999-a21e-92d2cda410bc/datanode-2/data/ratis/e7778371-f5bf-4928-aed2-6d2af0657334 has been successfully formatted.
2019-09-25 05:49:47,804 [pool-429-thread-1] INFO  ratis.ContainerStateMachine (ContainerStateMachine.java:loadSnapshot(230)) - group-6D2AF0657334: The snapshot info is null. Setting the last applied indexto:(t:0, i:~)
2019-09-25 05:49:47,804 [pool-429-thread-1] INFO  server.RaftServerConfigKeys (ConfUtils.java:logGet(43)) - raft.server.notification.no-leader.timeout = 120s (custom)
2019-09-25 05:49:47,804 [pool-429-thread-1] INFO  server.RaftServerConfigKeys (ConfUtils.java:logGet(43)) - raft.server.log.use.memory = false (default)
2019-09-25 05:49:47,804 [pool-429-thread-1] INFO  server.RaftServerConfigKeys (ConfUtils.java:logGet(43)) - raft.server.log.purge.gap = 1000000 (custom)
2019-09-25 05:49:47,804 [pool-429-thread-1] INFO  server.RaftServerConfigKeys (ConfUtils.java:logGet(43)) - raft.server.log.appender.buffer.byte-limit = 33554432 (custom)
2019-09-25 05:49:47,804 [pool-429-thread-1] INFO  server.RaftServerConfigKeys (ConfUtils.java:logGet(43)) - raft.server.log.segment.size.max = 1048576 (custom)
2019-09-25 05:49:47,804 [pool-429-thread-1] INFO  server.RaftServerConfigKeys (ConfUtils.java:logGet(43)) - raft.server.log.segment.cache.num.max = 2 (custom)
2019-09-25 05:49:47,804 [pool-429-thread-1] INFO  segmented.SegmentedRaftLogWorker (SegmentedRaftLogWorker.java:<init>(172)) - new 41cc7451-3c22-4fa0-b0d4-151937985196@group-6D2AF0657334-SegmentedRaftLogWorker for RaftStorage:Storage Directory /workdir/hadoop-ozone/integration-test/target/test-dir/MiniOzoneClusterImpl-3371874c-cdf9-4999-a21e-92d2cda410bc/datanode-2/data/ratis/e7778371-f5bf-4928-aed2-6d2af0657334
2019-09-25 05:49:47,806 [pool-429-thread-1] INFO  server.RaftServerConfigKeys (ConfUtils.java:logGet(43)) - raft.server.log.queue.byte-limit = 2147483647 (custom)
2019-09-25 05:49:47,806 [pool-429-thread-1] INFO  server.RaftServerConfigKeys (ConfUtils.java:logGet(43)) - raft.server.log.queue.element-limit = 1024 (custom)
2019-09-25 05:49:47,806 [pool-429-thread-1] INFO  server.RaftServerConfigKeys (ConfUtils.java:logGet(43)) - raft.server.log.segment.size.max = 1048576 (custom)
2019-09-25 05:49:47,806 [pool-429-thread-1] INFO  server.RaftServerConfigKeys (ConfUtils.java:logGet(43)) - raft.server.log.preallocated.size = 16384 (custom)
2019-09-25 05:49:47,806 [pool-429-thread-1] INFO  server.RaftServerConfigKeys (ConfUtils.java:logGet(43)) - raft.server.log.write.buffer.size = 33554432 (custom)
2019-09-25 05:49:47,806 [pool-429-thread-1] INFO  server.RaftServerConfigKeys (ConfUtils.java:logGet(43)) - raft.server.log.force.sync.num = 128 (default)
2019-09-25 05:49:47,806 [pool-429-thread-1] INFO  server.RaftServerConfigKeys (ConfUtils.java:logGet(43)) - raft.server.log.statemachine.data.sync = true (default)
2019-09-25 05:49:47,806 [pool-429-thread-1] INFO  server.RaftServerConfigKeys (ConfUtils.java:logGet(43)) - raft.server.log.statemachine.data.sync.timeout = 10s (default)
2019-09-25 05:49:47,806 [pool-429-thread-1] INFO  server.RaftServerConfigKeys (ConfUtils.java:logGet(43)) - raft.server.log.statemachine.data.sync.timeout.retry = -1 (default)
2019-09-25 05:49:47,806 [pool-429-thread-1] INFO  server.RaftServerConfigKeys (ConfUtils.java:logGet(43)) - raft.server.log.statemachine.data.caching.enabled = true (custom)
2019-09-25 05:49:47,807 [pool-429-thread-1] INFO  segmented.SegmentedRaftLogWorker (SegmentedRaftLogWorker.java:lambda$new$0(132)) - 41cc7451-3c22-4fa0-b0d4-151937985196@group-6D2AF0657334-SegmentedRaftLogWorker: flushIndex: setUnconditionally 0 -> -1
2019-09-25 05:49:47,807 [pool-429-thread-1] INFO  server.RaftServerConfigKeys (ConfUtils.java:logGet(43)) - raft.server.snapshot.auto.trigger.enabled = true (custom)
2019-09-25 05:49:47,807 [pool-429-thread-1] INFO  server.RaftServerConfigKeys (ConfUtils.java:logGet(43)) - raft.server.snapshot.auto.trigger.threshold = 10000 (custom)
2019-09-25 05:49:47,807 [pool-429-thread-1] INFO  server.RaftServerConfigKeys (ConfUtils.java:logGet(43)) - raft.server.snapshot.retention.num.files = 5 (custom)
2019-09-25 05:49:47,807 [pool-429-thread-1] INFO  server.RaftServerConfigKeys (ConfUtils.java:logGet(43)) - raft.server.retrycache.expirytime = 600000ms (custom)
2019-09-25 05:49:47,808 [pool-429-thread-1] INFO  impl.RaftServerImpl (RaftServerImpl.java:start(185)) - 41cc7451-3c22-4fa0-b0d4-151937985196@group-6D2AF0657334: start as a follower, conf=-1: [41cc7451-3c22-4fa0-b0d4-151937985196:192.168.30.10:36622], old=null
2019-09-25 05:49:47,808 [pool-429-thread-1] INFO  impl.RaftServerImpl (RaftServerImpl.java:setRole(174)) - 41cc7451-3c22-4fa0-b0d4-151937985196@group-6D2AF0657334: changes role from      null to FOLLOWER at term 0 for startAsFollower
2019-09-25 05:49:47,808 [pool-429-thread-1] INFO  impl.RoleInfo (RoleInfo.java:updateAndGet(143)) - 41cc7451-3c22-4fa0-b0d4-151937985196: start FollowerState
2019-09-25 05:49:47,809 [pool-429-thread-1] INFO  util.JmxRegister (JmxRegister.java:tryRegister(44)) - Successfully registered JMX Bean with object name Ratis:service=RaftServer,group=group-6D2AF0657334,id=41cc7451-3c22-4fa0-b0d4-151937985196
2019-09-25 05:49:47,810 [RatisPipelineUtilsThread] INFO  pipeline.PipelineStateManager (PipelineStateManager.java:addPipeline(56)) - Created pipeline Pipeline[ Id: e7778371-f5bf-4928-aed2-6d2af0657334, Nodes: 41cc7451-3c22-4fa0-b0d4-151937985196{ip: 192.168.30.10, host: pr-hdds-1569-s62bp-3040748787, networkLocation: /default-rack, certSerialId: null}, Type:RATIS, Factor:ONE, State:OPEN]
2019-09-25 05:49:47,813 [grpc-default-executor-0] INFO  impl.RaftServerProxy (RaftServerProxy.java:addNew(89)) - 49db5453-e576-4a11-af8d-74d98f8d549c: addNew group-820B50338978:[49db5453-e576-4a11-af8d-74d98f8d549c:192.168.30.10:33957] returns group-820B50338978:java.util.concurrent.CompletableFuture@252abbde[Not completed]
2019-09-25 05:49:47,814 [pool-419-thread-1] INFO  impl.RaftServerImpl (RaftServerImpl.java:<init>(95)) - 49db5453-e576-4a11-af8d-74d98f8d549c: new RaftServerImpl for group-820B50338978:[49db5453-e576-4a11-af8d-74d98f8d549c:192.168.30.10:33957] with ContainerStateMachine:uninitialized
2019-09-25 05:49:47,814 [pool-419-thread-1] INFO  server.RaftServerConfigKeys (ConfUtils.java:logGet(43)) - raft.server.rpc.timeout.min = 5s (custom)
2019-09-25 05:49:47,814 [pool-419-thread-1] INFO  server.RaftServerConfigKeys (ConfUtils.java:logGet(43)) - raft.server.rpc.timeout.max = 5200ms (custom)
2019-09-25 05:49:47,814 [pool-419-thread-1] INFO  server.RaftServerConfigKeys (ConfUtils.java:logGet(43)) - raft.server.rpcslowness.timeout = 120s (custom)
2019-09-25 05:49:47,814 [pool-419-thread-1] INFO  server.RaftServerConfigKeys (ConfUtils.java:logGet(43)) - raft.server.sleep.deviation.threshold = 300 (default)
2019-09-25 05:49:47,814 [pool-419-thread-1] INFO  server.RaftServerConfigKeys (ConfUtils.java:logGet(43)) - raft.server.log.appender.install.snapshot.enabled = false (custom)
2019-09-25 05:49:47,815 [pool-419-thread-1] INFO  impl.RaftServerImpl (ServerState.java:<init>(103)) - 49db5453-e576-4a11-af8d-74d98f8d549c@group-820B50338978: ConfigurationManager, init=-1: [49db5453-e576-4a11-af8d-74d98f8d549c:192.168.30.10:33957], old=null, confs=<EMPTY_MAP>
2019-09-25 05:49:47,815 [pool-419-thread-1] INFO  server.RaftServerConfigKeys (ConfUtils.java:logGet(43)) - raft.server.storage.dir = [/workdir/hadoop-ozone/integration-test/target/test-dir/MiniOzoneClusterImpl-3371874c-cdf9-4999-a21e-92d2cda410bc/datanode-1/data/ratis] (custom)
2019-09-25 05:49:47,815 [pool-419-thread-1] INFO  storage.RaftStorageDirectory (RaftStorageDirectory.java:analyzeStorage(246)) - The storage directory /workdir/hadoop-ozone/integration-test/target/test-dir/MiniOzoneClusterImpl-3371874c-cdf9-4999-a21e-92d2cda410bc/datanode-1/data/ratis/c7b53339-b885-4f48-a085-820b50338978 does not exist. Creating ...
2019-09-25 05:49:47,828 [pool-419-thread-1] INFO  storage.RaftStorageDirectory (RaftStorageDirectory.java:tryLock(328)) - Lock on /workdir/hadoop-ozone/integration-test/target/test-dir/MiniOzoneClusterImpl-3371874c-cdf9-4999-a21e-92d2cda410bc/datanode-1/data/ratis/c7b53339-b885-4f48-a085-820b50338978/in_use.lock acquired by nodename 13539@pr-hdds-1569-s62bp-3040748787
2019-09-25 05:49:47,838 [IPC Server handler 1 on 41745] INFO  net.NetworkTopology (NetworkTopologyImpl.java:add(111)) - Added a new node: /default-rack/99091fd2-8328-4de4-84f5-e3b7c3f0dc1c
2019-09-25 05:49:47,838 [IPC Server handler 1 on 41745] INFO  node.SCMNodeManager (SCMNodeManager.java:register(266)) - Registered Data node : 99091fd2-8328-4de4-84f5-e3b7c3f0dc1c{ip: 192.168.30.10, host: pr-hdds-1569-s62bp-3040748787, networkLocation: /default-rack, certSerialId: null}
2019-09-25 05:49:47,838 [main] INFO  ozone.MiniOzoneClusterImpl (MiniOzoneClusterImpl.java:lambda$waitForClusterToBeReady$0(147)) - Cluster is ready. Got 7 of 7 DN Heartbeats.
2019-09-25 05:49:47,840 [pool-419-thread-1] INFO  storage.RaftStorage (RaftStorage.java:format(72)) - Storage directory /workdir/hadoop-ozone/integration-test/target/test-dir/MiniOzoneClusterImpl-3371874c-cdf9-4999-a21e-92d2cda410bc/datanode-1/data/ratis/c7b53339-b885-4f48-a085-820b50338978 has been successfully formatted.
2019-09-25 05:49:47,841 [pool-419-thread-1] INFO  ratis.ContainerStateMachine (ContainerStateMachine.java:loadSnapshot(230)) - group-820B50338978: The snapshot info is null. Setting the last applied indexto:(t:0, i:~)
2019-09-25 05:49:47,841 [pool-419-thread-1] INFO  server.RaftServerConfigKeys (ConfUtils.java:logGet(43)) - raft.server.notification.no-leader.timeout = 120s (custom)
2019-09-25 05:49:47,841 [pool-419-thread-1] INFO  server.RaftServerConfigKeys (ConfUtils.java:logGet(43)) - raft.server.log.use.memory = false (default)
2019-09-25 05:49:47,841 [pool-419-thread-1] INFO  server.RaftServerConfigKeys (ConfUtils.java:logGet(43)) - raft.server.log.purge.gap = 1000000 (custom)
2019-09-25 05:49:47,841 [pool-419-thread-1] INFO  server.RaftServerConfigKeys (ConfUtils.java:logGet(43)) - raft.server.log.appender.buffer.byte-limit = 33554432 (custom)
2019-09-25 05:49:47,842 [pool-419-thread-1] INFO  server.RaftServerConfigKeys (ConfUtils.java:logGet(43)) - raft.server.log.segment.size.max = 1048576 (custom)
2019-09-25 05:49:47,842 [pool-419-thread-1] INFO  server.RaftServerConfigKeys (ConfUtils.java:logGet(43)) - raft.server.log.segment.cache.num.max = 2 (custom)
2019-09-25 05:49:47,842 [pool-419-thread-1] INFO  segmented.SegmentedRaftLogWorker (SegmentedRaftLogWorker.java:<init>(172)) - new 49db5453-e576-4a11-af8d-74d98f8d549c@group-820B50338978-SegmentedRaftLogWorker for RaftStorage:Storage Directory /workdir/hadoop-ozone/integration-test/target/test-dir/MiniOzoneClusterImpl-3371874c-cdf9-4999-a21e-92d2cda410bc/datanode-1/data/ratis/c7b53339-b885-4f48-a085-820b50338978
2019-09-25 05:49:47,850 [pool-419-thread-1] INFO  server.RaftServerConfigKeys (ConfUtils.java:logGet(43)) - raft.server.log.queue.byte-limit = 2147483647 (custom)
2019-09-25 05:49:47,850 [pool-419-thread-1] INFO  server.RaftServerConfigKeys (ConfUtils.java:logGet(43)) - raft.server.log.queue.element-limit = 1024 (custom)
2019-09-25 05:49:47,850 [pool-419-thread-1] INFO  server.RaftServerConfigKeys (ConfUtils.java:logGet(43)) - raft.server.log.segment.size.max = 1048576 (custom)
2019-09-25 05:49:47,850 [pool-419-thread-1] INFO  server.RaftServerConfigKeys (ConfUtils.java:logGet(43)) - raft.server.log.preallocated.size = 16384 (custom)
2019-09-25 05:49:47,850 [pool-419-thread-1] INFO  server.RaftServerConfigKeys (ConfUtils.java:logGet(43)) - raft.server.log.write.buffer.size = 33554432 (custom)
2019-09-25 05:49:47,850 [pool-419-thread-1] INFO  server.RaftServerConfigKeys (ConfUtils.java:logGet(43)) - raft.server.log.force.sync.num = 128 (default)
2019-09-25 05:49:47,850 [pool-419-thread-1] INFO  server.RaftServerConfigKeys (ConfUtils.java:logGet(43)) - raft.server.log.statemachine.data.sync = true (default)
2019-09-25 05:49:47,850 [pool-419-thread-1] INFO  server.RaftServerConfigKeys (ConfUtils.java:logGet(43)) - raft.server.log.statemachine.data.sync.timeout = 10s (default)
2019-09-25 05:49:47,850 [pool-419-thread-1] INFO  server.RaftServerConfigKeys (ConfUtils.java:logGet(43)) - raft.server.log.statemachine.data.sync.timeout.retry = -1 (default)
2019-09-25 05:49:47,851 [pool-419-thread-1] INFO  server.RaftServerConfigKeys (ConfUtils.java:logGet(43)) - raft.server.log.statemachine.data.caching.enabled = true (custom)
2019-09-25 05:49:47,851 [pool-419-thread-1] INFO  segmented.SegmentedRaftLogWorker (SegmentedRaftLogWorker.java:lambda$new$0(132)) - 49db5453-e576-4a11-af8d-74d98f8d549c@group-820B50338978-SegmentedRaftLogWorker: flushIndex: setUnconditionally 0 -> -1
2019-09-25 05:49:47,851 [pool-419-thread-1] INFO  server.RaftServerConfigKeys (ConfUtils.java:logGet(43)) - raft.server.snapshot.auto.trigger.enabled = true (custom)
2019-09-25 05:49:47,851 [pool-419-thread-1] INFO  server.RaftServerConfigKeys (ConfUtils.java:logGet(43)) - raft.server.snapshot.auto.trigger.threshold = 10000 (custom)
2019-09-25 05:49:47,851 [pool-419-thread-1] INFO  server.RaftServerConfigKeys (ConfUtils.java:logGet(43)) - raft.server.snapshot.retention.num.files = 5 (custom)
2019-09-25 05:49:47,851 [pool-419-thread-1] INFO  server.RaftServerConfigKeys (ConfUtils.java:logGet(43)) - raft.server.retrycache.expirytime = 600000ms (custom)
2019-09-25 05:49:47,874 [pool-419-thread-1] INFO  impl.RaftServerImpl (RaftServerImpl.java:start(185)) - 49db5453-e576-4a11-af8d-74d98f8d549c@group-820B50338978: start as a follower, conf=-1: [49db5453-e576-4a11-af8d-74d98f8d549c:192.168.30.10:33957], old=null
2019-09-25 05:49:47,874 [pool-419-thread-1] INFO  impl.RaftServerImpl (RaftServerImpl.java:setRole(174)) - 49db5453-e576-4a11-af8d-74d98f8d549c@group-820B50338978: changes role from      null to FOLLOWER at term 0 for startAsFollower
2019-09-25 05:49:47,874 [pool-419-thread-1] INFO  impl.RoleInfo (RoleInfo.java:updateAndGet(143)) - 49db5453-e576-4a11-af8d-74d98f8d549c: start FollowerState
2019-09-25 05:49:47,875 [pool-419-thread-1] INFO  util.JmxRegister (JmxRegister.java:tryRegister(44)) - Successfully registered JMX Bean with object name Ratis:service=RaftServer,group=group-820B50338978,id=49db5453-e576-4a11-af8d-74d98f8d549c
2019-09-25 05:49:47,876 [RatisPipelineUtilsThread] INFO  pipeline.PipelineStateManager (PipelineStateManager.java:addPipeline(56)) - Created pipeline Pipeline[ Id: c7b53339-b885-4f48-a085-820b50338978, Nodes: 49db5453-e576-4a11-af8d-74d98f8d549c{ip: 192.168.30.10, host: pr-hdds-1569-s62bp-3040748787, networkLocation: /default-rack, certSerialId: null}, Type:RATIS, Factor:ONE, State:OPEN]
2019-09-25 05:49:47,882 [grpc-default-executor-0] INFO  impl.RaftServerProxy (RaftServerProxy.java:addNew(89)) - 41cc7451-3c22-4fa0-b0d4-151937985196: addNew group-AA3D1D65EBE4:[41cc7451-3c22-4fa0-b0d4-151937985196:192.168.30.10:36622] returns group-AA3D1D65EBE4:java.util.concurrent.CompletableFuture@5bae28a1[Not completed]
2019-09-25 05:49:47,883 [main] INFO  rpc.RpcClient (RpcClient.java:createVolume(276)) - Creating Volume: testblockoutputstream, with jenkins1000 as owner.
2019-09-25 05:49:47,883 [pool-429-thread-1] INFO  impl.RaftServerImpl (RaftServerImpl.java:<init>(95)) - 41cc7451-3c22-4fa0-b0d4-151937985196: new RaftServerImpl for group-AA3D1D65EBE4:[41cc7451-3c22-4fa0-b0d4-151937985196:192.168.30.10:36622] with ContainerStateMachine:uninitialized
2019-09-25 05:49:47,883 [pool-429-thread-1] INFO  server.RaftServerConfigKeys (ConfUtils.java:logGet(43)) - raft.server.rpc.timeout.min = 5s (custom)
2019-09-25 05:49:47,883 [pool-429-thread-1] INFO  server.RaftServerConfigKeys (ConfUtils.java:logGet(43)) - raft.server.rpc.timeout.max = 5200ms (custom)
2019-09-25 05:49:47,884 [pool-429-thread-1] INFO  server.RaftServerConfigKeys (ConfUtils.java:logGet(43)) - raft.server.rpcslowness.timeout = 120s (custom)
2019-09-25 05:49:47,884 [pool-429-thread-1] INFO  server.RaftServerConfigKeys (ConfUtils.java:logGet(43)) - raft.server.sleep.deviation.threshold = 300 (default)
2019-09-25 05:49:47,884 [pool-429-thread-1] INFO  server.RaftServerConfigKeys (ConfUtils.java:logGet(43)) - raft.server.log.appender.install.snapshot.enabled = false (custom)
2019-09-25 05:49:47,884 [pool-429-thread-1] INFO  impl.RaftServerImpl (ServerState.java:<init>(103)) - 41cc7451-3c22-4fa0-b0d4-151937985196@group-AA3D1D65EBE4: ConfigurationManager, init=-1: [41cc7451-3c22-4fa0-b0d4-151937985196:192.168.30.10:36622], old=null, confs=<EMPTY_MAP>
2019-09-25 05:49:47,884 [pool-429-thread-1] INFO  server.RaftServerConfigKeys (ConfUtils.java:logGet(43)) - raft.server.storage.dir = [/workdir/hadoop-ozone/integration-test/target/test-dir/MiniOzoneClusterImpl-3371874c-cdf9-4999-a21e-92d2cda410bc/datanode-2/data/ratis] (custom)
2019-09-25 05:49:47,884 [pool-429-thread-1] INFO  storage.RaftStorageDirectory (RaftStorageDirectory.java:analyzeStorage(246)) - The storage directory /workdir/hadoop-ozone/integration-test/target/test-dir/MiniOzoneClusterImpl-3371874c-cdf9-4999-a21e-92d2cda410bc/datanode-2/data/ratis/c51b9cac-a659-4e26-a909-aa3d1d65ebe4 does not exist. Creating ...
2019-09-25 05:49:47,886 [IPC Server handler 2 on 39263] INFO  volume.OMVolumeCreateRequest (OMVolumeCreateRequest.java:validateAndUpdateCache(189)) - created volume:testblockoutputstream for user:jenkins1000
2019-09-25 05:49:47,903 [pool-429-thread-1] INFO  storage.RaftStorageDirectory (RaftStorageDirectory.java:tryLock(328)) - Lock on /workdir/hadoop-ozone/integration-test/target/test-dir/MiniOzoneClusterImpl-3371874c-cdf9-4999-a21e-92d2cda410bc/datanode-2/data/ratis/c51b9cac-a659-4e26-a909-aa3d1d65ebe4/in_use.lock acquired by nodename 13539@pr-hdds-1569-s62bp-3040748787
2019-09-25 05:49:47,903 [main] INFO  rpc.RpcClient (RpcClient.java:createBucket(415)) - Creating Bucket: testblockoutputstream/testblockoutputstream, with Versioning false and Storage Type set to DISK and Encryption set to false 
2019-09-25 05:49:47,916 [pool-429-thread-1] INFO  storage.RaftStorage (RaftStorage.java:format(72)) - Storage directory /workdir/hadoop-ozone/integration-test/target/test-dir/MiniOzoneClusterImpl-3371874c-cdf9-4999-a21e-92d2cda410bc/datanode-2/data/ratis/c51b9cac-a659-4e26-a909-aa3d1d65ebe4 has been successfully formatted.
2019-09-25 05:49:47,916 [pool-429-thread-1] INFO  ratis.ContainerStateMachine (ContainerStateMachine.java:loadSnapshot(230)) - group-AA3D1D65EBE4: The snapshot info is null. Setting the last applied indexto:(t:0, i:~)
2019-09-25 05:49:47,916 [pool-429-thread-1] INFO  server.RaftServerConfigKeys (ConfUtils.java:logGet(43)) - raft.server.notification.no-leader.timeout = 120s (custom)
2019-09-25 05:49:47,916 [pool-429-thread-1] INFO  server.RaftServerConfigKeys (ConfUtils.java:logGet(43)) - raft.server.log.use.memory = false (default)
2019-09-25 05:49:47,916 [pool-429-thread-1] INFO  server.RaftServerConfigKeys (ConfUtils.java:logGet(43)) - raft.server.log.purge.gap = 1000000 (custom)
2019-09-25 05:49:47,916 [pool-429-thread-1] INFO  server.RaftServerConfigKeys (ConfUtils.java:logGet(43)) - raft.server.log.appender.buffer.byte-limit = 33554432 (custom)
2019-09-25 05:49:47,916 [pool-429-thread-1] INFO  server.RaftServerConfigKeys (ConfUtils.java:logGet(43)) - raft.server.log.segment.size.max = 1048576 (custom)
2019-09-25 05:49:47,917 [pool-429-thread-1] INFO  server.RaftServerConfigKeys (ConfUtils.java:logGet(43)) - raft.server.log.segment.cache.num.max = 2 (custom)
2019-09-25 05:49:47,917 [pool-429-thread-1] INFO  segmented.SegmentedRaftLogWorker (SegmentedRaftLogWorker.java:<init>(172)) - new 41cc7451-3c22-4fa0-b0d4-151937985196@group-AA3D1D65EBE4-SegmentedRaftLogWorker for RaftStorage:Storage Directory /workdir/hadoop-ozone/integration-test/target/test-dir/MiniOzoneClusterImpl-3371874c-cdf9-4999-a21e-92d2cda410bc/datanode-2/data/ratis/c51b9cac-a659-4e26-a909-aa3d1d65ebe4
2019-09-25 05:49:47,917 [pool-429-thread-1] INFO  server.RaftServerConfigKeys (ConfUtils.java:logGet(43)) - raft.server.log.queue.byte-limit = 2147483647 (custom)
2019-09-25 05:49:47,917 [pool-429-thread-1] INFO  server.RaftServerConfigKeys (ConfUtils.java:logGet(43)) - raft.server.log.queue.element-limit = 1024 (custom)
2019-09-25 05:49:47,917 [pool-429-thread-1] INFO  server.RaftServerConfigKeys (ConfUtils.java:logGet(43)) - raft.server.log.segment.size.max = 1048576 (custom)
2019-09-25 05:49:47,917 [pool-429-thread-1] INFO  server.RaftServerConfigKeys (ConfUtils.java:logGet(43)) - raft.server.log.preallocated.size = 16384 (custom)
2019-09-25 05:49:47,917 [pool-429-thread-1] INFO  server.RaftServerConfigKeys (ConfUtils.java:logGet(43)) - raft.server.log.write.buffer.size = 33554432 (custom)
2019-09-25 05:49:47,917 [pool-429-thread-1] INFO  server.RaftServerConfigKeys (ConfUtils.java:logGet(43)) - raft.server.log.force.sync.num = 128 (default)
2019-09-25 05:49:47,917 [pool-429-thread-1] INFO  server.RaftServerConfigKeys (ConfUtils.java:logGet(43)) - raft.server.log.statemachine.data.sync = true (default)
2019-09-25 05:49:47,917 [pool-429-thread-1] INFO  server.RaftServerConfigKeys (ConfUtils.java:logGet(43)) - raft.server.log.statemachine.data.sync.timeout = 10s (default)
2019-09-25 05:49:47,918 [pool-429-thread-1] INFO  server.RaftServerConfigKeys (ConfUtils.java:logGet(43)) - raft.server.log.statemachine.data.sync.timeout.retry = -1 (default)
2019-09-25 05:49:47,918 [pool-429-thread-1] INFO  server.RaftServerConfigKeys (ConfUtils.java:logGet(43)) - raft.server.log.statemachine.data.caching.enabled = true (custom)
2019-09-25 05:49:47,918 [pool-429-thread-1] INFO  segmented.SegmentedRaftLogWorker (SegmentedRaftLogWorker.java:lambda$new$0(132)) - 41cc7451-3c22-4fa0-b0d4-151937985196@group-AA3D1D65EBE4-SegmentedRaftLogWorker: flushIndex: setUnconditionally 0 -> -1
2019-09-25 05:49:47,918 [pool-429-thread-1] INFO  server.RaftServerConfigKeys (ConfUtils.java:logGet(43)) - raft.server.snapshot.auto.trigger.enabled = true (custom)
2019-09-25 05:49:47,918 [pool-429-thread-1] INFO  server.RaftServerConfigKeys (ConfUtils.java:logGet(43)) - raft.server.snapshot.auto.trigger.threshold = 10000 (custom)
2019-09-25 05:49:47,918 [pool-429-thread-1] INFO  server.RaftServerConfigKeys (ConfUtils.java:logGet(43)) - raft.server.snapshot.retention.num.files = 5 (custom)
2019-09-25 05:49:47,918 [pool-429-thread-1] INFO  server.RaftServerConfigKeys (ConfUtils.java:logGet(43)) - raft.server.retrycache.expirytime = 600000ms (custom)
2019-09-25 05:49:47,919 [pool-429-thread-1] INFO  impl.RaftServerImpl (RaftServerImpl.java:start(185)) - 41cc7451-3c22-4fa0-b0d4-151937985196@group-AA3D1D65EBE4: start as a follower, conf=-1: [41cc7451-3c22-4fa0-b0d4-151937985196:192.168.30.10:36622], old=null
2019-09-25 05:49:47,920 [pool-429-thread-1] INFO  impl.RaftServerImpl (RaftServerImpl.java:setRole(174)) - 41cc7451-3c22-4fa0-b0d4-151937985196@group-AA3D1D65EBE4: changes role from      null to FOLLOWER at term 0 for startAsFollower
2019-09-25 05:49:47,920 [pool-429-thread-1] INFO  impl.RoleInfo (RoleInfo.java:updateAndGet(143)) - 41cc7451-3c22-4fa0-b0d4-151937985196: start FollowerState
2019-09-25 05:49:47,920 [pool-429-thread-1] INFO  util.JmxRegister (JmxRegister.java:tryRegister(44)) - Successfully registered JMX Bean with object name Ratis:service=RaftServer,group=group-AA3D1D65EBE4,id=41cc7451-3c22-4fa0-b0d4-151937985196
2019-09-25 05:49:47,921 [RatisPipelineUtilsThread] INFO  pipeline.PipelineStateManager (PipelineStateManager.java:addPipeline(56)) - Created pipeline Pipeline[ Id: c51b9cac-a659-4e26-a909-aa3d1d65ebe4, Nodes: 41cc7451-3c22-4fa0-b0d4-151937985196{ip: 192.168.30.10, host: pr-hdds-1569-s62bp-3040748787, networkLocation: /default-rack, certSerialId: null}, Type:RATIS, Factor:ONE, State:OPEN]
2019-09-25 05:49:47,925 [grpc-default-executor-0] INFO  impl.RaftServerProxy (RaftServerProxy.java:addNew(89)) - 41cc7451-3c22-4fa0-b0d4-151937985196: addNew group-1A7F78757E42:[41cc7451-3c22-4fa0-b0d4-151937985196:192.168.30.10:36622] returns group-1A7F78757E42:java.util.concurrent.CompletableFuture@63957eae[Not completed]
2019-09-25 05:49:47,926 [pool-429-thread-1] INFO  impl.RaftServerImpl (RaftServerImpl.java:<init>(95)) - 41cc7451-3c22-4fa0-b0d4-151937985196: new RaftServerImpl for group-1A7F78757E42:[41cc7451-3c22-4fa0-b0d4-151937985196:192.168.30.10:36622] with ContainerStateMachine:uninitialized
2019-09-25 05:49:47,926 [pool-429-thread-1] INFO  server.RaftServerConfigKeys (ConfUtils.java:logGet(43)) - raft.server.rpc.timeout.min = 5s (custom)
2019-09-25 05:49:47,926 [pool-429-thread-1] INFO  server.RaftServerConfigKeys (ConfUtils.java:logGet(43)) - raft.server.rpc.timeout.max = 5200ms (custom)
2019-09-25 05:49:47,926 [pool-429-thread-1] INFO  server.RaftServerConfigKeys (ConfUtils.java:logGet(43)) - raft.server.rpcslowness.timeout = 120s (custom)
2019-09-25 05:49:47,926 [pool-429-thread-1] INFO  server.RaftServerConfigKeys (ConfUtils.java:logGet(43)) - raft.server.sleep.deviation.threshold = 300 (default)
2019-09-25 05:49:47,926 [pool-429-thread-1] INFO  server.RaftServerConfigKeys (ConfUtils.java:logGet(43)) - raft.server.log.appender.install.snapshot.enabled = false (custom)
2019-09-25 05:49:47,926 [pool-429-thread-1] INFO  impl.RaftServerImpl (ServerState.java:<init>(103)) - 41cc7451-3c22-4fa0-b0d4-151937985196@group-1A7F78757E42: ConfigurationManager, init=-1: [41cc7451-3c22-4fa0-b0d4-151937985196:192.168.30.10:36622], old=null, confs=<EMPTY_MAP>
2019-09-25 05:49:47,926 [pool-429-thread-1] INFO  server.RaftServerConfigKeys (ConfUtils.java:logGet(43)) - raft.server.storage.dir = [/workdir/hadoop-ozone/integration-test/target/test-dir/MiniOzoneClusterImpl-3371874c-cdf9-4999-a21e-92d2cda410bc/datanode-2/data/ratis] (custom)
2019-09-25 05:49:47,927 [pool-429-thread-1] INFO  storage.RaftStorageDirectory (RaftStorageDirectory.java:analyzeStorage(246)) - The storage directory /workdir/hadoop-ozone/integration-test/target/test-dir/MiniOzoneClusterImpl-3371874c-cdf9-4999-a21e-92d2cda410bc/datanode-2/data/ratis/76081d0e-7966-4c3f-bd80-1a7f78757e42 does not exist. Creating ...
2019-09-25 05:49:47,939 [pool-429-thread-1] INFO  storage.RaftStorageDirectory (RaftStorageDirectory.java:tryLock(328)) - Lock on /workdir/hadoop-ozone/integration-test/target/test-dir/MiniOzoneClusterImpl-3371874c-cdf9-4999-a21e-92d2cda410bc/datanode-2/data/ratis/76081d0e-7966-4c3f-bd80-1a7f78757e42/in_use.lock acquired by nodename 13539@pr-hdds-1569-s62bp-3040748787
2019-09-25 05:49:47,952 [pool-429-thread-1] INFO  storage.RaftStorage (RaftStorage.java:format(72)) - Storage directory /workdir/hadoop-ozone/integration-test/target/test-dir/MiniOzoneClusterImpl-3371874c-cdf9-4999-a21e-92d2cda410bc/datanode-2/data/ratis/76081d0e-7966-4c3f-bd80-1a7f78757e42 has been successfully formatted.
2019-09-25 05:49:47,952 [pool-429-thread-1] INFO  ratis.ContainerStateMachine (ContainerStateMachine.java:loadSnapshot(230)) - group-1A7F78757E42: The snapshot info is null. Setting the last applied indexto:(t:0, i:~)
2019-09-25 05:49:47,952 [pool-429-thread-1] INFO  server.RaftServerConfigKeys (ConfUtils.java:logGet(43)) - raft.server.notification.no-leader.timeout = 120s (custom)
2019-09-25 05:49:47,952 [pool-429-thread-1] INFO  server.RaftServerConfigKeys (ConfUtils.java:logGet(43)) - raft.server.log.use.memory = false (default)
2019-09-25 05:49:47,952 [pool-429-thread-1] INFO  server.RaftServerConfigKeys (ConfUtils.java:logGet(43)) - raft.server.log.purge.gap = 1000000 (custom)
2019-09-25 05:49:47,952 [pool-429-thread-1] INFO  server.RaftServerConfigKeys (ConfUtils.java:logGet(43)) - raft.server.log.appender.buffer.byte-limit = 33554432 (custom)
2019-09-25 05:49:47,952 [pool-429-thread-1] INFO  server.RaftServerConfigKeys (ConfUtils.java:logGet(43)) - raft.server.log.segment.size.max = 1048576 (custom)
2019-09-25 05:49:47,952 [pool-429-thread-1] INFO  server.RaftServerConfigKeys (ConfUtils.java:logGet(43)) - raft.server.log.segment.cache.num.max = 2 (custom)
2019-09-25 05:49:47,952 [pool-429-thread-1] INFO  segmented.SegmentedRaftLogWorker (SegmentedRaftLogWorker.java:<init>(172)) - new 41cc7451-3c22-4fa0-b0d4-151937985196@group-1A7F78757E42-SegmentedRaftLogWorker for RaftStorage:Storage Directory /workdir/hadoop-ozone/integration-test/target/test-dir/MiniOzoneClusterImpl-3371874c-cdf9-4999-a21e-92d2cda410bc/datanode-2/data/ratis/76081d0e-7966-4c3f-bd80-1a7f78757e42
2019-09-25 05:49:47,952 [pool-429-thread-1] INFO  server.RaftServerConfigKeys (ConfUtils.java:logGet(43)) - raft.server.log.queue.byte-limit = 2147483647 (custom)
2019-09-25 05:49:47,952 [pool-429-thread-1] INFO  server.RaftServerConfigKeys (ConfUtils.java:logGet(43)) - raft.server.log.queue.element-limit = 1024 (custom)
2019-09-25 05:49:47,953 [pool-429-thread-1] INFO  server.RaftServerConfigKeys (ConfUtils.java:logGet(43)) - raft.server.log.segment.size.max = 1048576 (custom)
2019-09-25 05:49:47,953 [pool-429-thread-1] INFO  server.RaftServerConfigKeys (ConfUtils.java:logGet(43)) - raft.server.log.preallocated.size = 16384 (custom)
2019-09-25 05:49:47,953 [pool-429-thread-1] INFO  server.RaftServerConfigKeys (ConfUtils.java:logGet(43)) - raft.server.log.write.buffer.size = 33554432 (custom)
2019-09-25 05:49:47,953 [pool-429-thread-1] INFO  server.RaftServerConfigKeys (ConfUtils.java:logGet(43)) - raft.server.log.force.sync.num = 128 (default)
2019-09-25 05:49:47,953 [pool-429-thread-1] INFO  server.RaftServerConfigKeys (ConfUtils.java:logGet(43)) - raft.server.log.statemachine.data.sync = true (default)
2019-09-25 05:49:47,953 [pool-429-thread-1] INFO  server.RaftServerConfigKeys (ConfUtils.java:logGet(43)) - raft.server.log.statemachine.data.sync.timeout = 10s (default)
2019-09-25 05:49:47,953 [pool-429-thread-1] INFO  server.RaftServerConfigKeys (ConfUtils.java:logGet(43)) - raft.server.log.statemachine.data.sync.timeout.retry = -1 (default)
2019-09-25 05:49:47,953 [pool-429-thread-1] INFO  server.RaftServerConfigKeys (ConfUtils.java:logGet(43)) - raft.server.log.statemachine.data.caching.enabled = true (custom)
2019-09-25 05:49:47,953 [pool-429-thread-1] INFO  segmented.SegmentedRaftLogWorker (SegmentedRaftLogWorker.java:lambda$new$0(132)) - 41cc7451-3c22-4fa0-b0d4-151937985196@group-1A7F78757E42-SegmentedRaftLogWorker: flushIndex: setUnconditionally 0 -> -1
2019-09-25 05:49:47,954 [pool-429-thread-1] INFO  server.RaftServerConfigKeys (ConfUtils.java:logGet(43)) - raft.server.snapshot.auto.trigger.enabled = true (custom)
2019-09-25 05:49:47,954 [pool-429-thread-1] INFO  server.RaftServerConfigKeys (ConfUtils.java:logGet(43)) - raft.server.snapshot.auto.trigger.threshold = 10000 (custom)
2019-09-25 05:49:47,954 [pool-429-thread-1] INFO  server.RaftServerConfigKeys (ConfUtils.java:logGet(43)) - raft.server.snapshot.retention.num.files = 5 (custom)
2019-09-25 05:49:47,954 [pool-429-thread-1] INFO  server.RaftServerConfigKeys (ConfUtils.java:logGet(43)) - raft.server.retrycache.expirytime = 600000ms (custom)
2019-09-25 05:49:47,955 [pool-429-thread-1] INFO  impl.RaftServerImpl (RaftServerImpl.java:start(185)) - 41cc7451-3c22-4fa0-b0d4-151937985196@group-1A7F78757E42: start as a follower, conf=-1: [41cc7451-3c22-4fa0-b0d4-151937985196:192.168.30.10:36622], old=null
2019-09-25 05:49:47,955 [pool-429-thread-1] INFO  impl.RaftServerImpl (RaftServerImpl.java:setRole(174)) - 41cc7451-3c22-4fa0-b0d4-151937985196@group-1A7F78757E42: changes role from      null to FOLLOWER at term 0 for startAsFollower
2019-09-25 05:49:47,955 [pool-429-thread-1] INFO  impl.RoleInfo (RoleInfo.java:updateAndGet(143)) - 41cc7451-3c22-4fa0-b0d4-151937985196: start FollowerState
2019-09-25 05:49:47,956 [pool-429-thread-1] INFO  util.JmxRegister (JmxRegister.java:tryRegister(44)) - Successfully registered JMX Bean with object name Ratis:service=RaftServer,group=group-1A7F78757E42,id=41cc7451-3c22-4fa0-b0d4-151937985196
2019-09-25 05:49:47,957 [RatisPipelineUtilsThread] INFO  pipeline.PipelineStateManager (PipelineStateManager.java:addPipeline(56)) - Created pipeline Pipeline[ Id: 76081d0e-7966-4c3f-bd80-1a7f78757e42, Nodes: 41cc7451-3c22-4fa0-b0d4-151937985196{ip: 192.168.30.10, host: pr-hdds-1569-s62bp-3040748787, networkLocation: /default-rack, certSerialId: null}, Type:RATIS, Factor:ONE, State:OPEN]
2019-09-25 05:49:47,961 [grpc-default-executor-0] INFO  impl.RaftServerProxy (RaftServerProxy.java:addNew(89)) - 01bb1e87-3b88-425d-af88-cd320b9a7275: addNew group-189C2FE14ADA:[01bb1e87-3b88-425d-af88-cd320b9a7275:192.168.30.10:41549] returns group-189C2FE14ADA:java.util.concurrent.CompletableFuture@5c0faa07[Not completed]
2019-09-25 05:49:47,961 [pool-409-thread-1] INFO  impl.RaftServerImpl (RaftServerImpl.java:<init>(95)) - 01bb1e87-3b88-425d-af88-cd320b9a7275: new RaftServerImpl for group-189C2FE14ADA:[01bb1e87-3b88-425d-af88-cd320b9a7275:192.168.30.10:41549] with ContainerStateMachine:uninitialized
2019-09-25 05:49:47,961 [pool-409-thread-1] INFO  server.RaftServerConfigKeys (ConfUtils.java:logGet(43)) - raft.server.rpc.timeout.min = 5s (custom)
2019-09-25 05:49:47,961 [pool-409-thread-1] INFO  server.RaftServerConfigKeys (ConfUtils.java:logGet(43)) - raft.server.rpc.timeout.max = 5200ms (custom)
2019-09-25 05:49:47,961 [pool-409-thread-1] INFO  server.RaftServerConfigKeys (ConfUtils.java:logGet(43)) - raft.server.rpcslowness.timeout = 120s (custom)
2019-09-25 05:49:47,961 [pool-409-thread-1] INFO  server.RaftServerConfigKeys (ConfUtils.java:logGet(43)) - raft.server.sleep.deviation.threshold = 300 (default)
2019-09-25 05:49:47,961 [pool-409-thread-1] INFO  server.RaftServerConfigKeys (ConfUtils.java:logGet(43)) - raft.server.log.appender.install.snapshot.enabled = false (custom)
2019-09-25 05:49:47,962 [pool-409-thread-1] INFO  impl.RaftServerImpl (ServerState.java:<init>(103)) - 01bb1e87-3b88-425d-af88-cd320b9a7275@group-189C2FE14ADA: ConfigurationManager, init=-1: [01bb1e87-3b88-425d-af88-cd320b9a7275:192.168.30.10:41549], old=null, confs=<EMPTY_MAP>
2019-09-25 05:49:47,962 [pool-409-thread-1] INFO  server.RaftServerConfigKeys (ConfUtils.java:logGet(43)) - raft.server.storage.dir = [/workdir/hadoop-ozone/integration-test/target/test-dir/MiniOzoneClusterImpl-3371874c-cdf9-4999-a21e-92d2cda410bc/datanode-0/data/ratis] (custom)
2019-09-25 05:49:47,962 [pool-409-thread-1] INFO  storage.RaftStorageDirectory (RaftStorageDirectory.java:analyzeStorage(246)) - The storage directory /workdir/hadoop-ozone/integration-test/target/test-dir/MiniOzoneClusterImpl-3371874c-cdf9-4999-a21e-92d2cda410bc/datanode-0/data/ratis/c1e55468-d5e7-4edf-b136-189c2fe14ada does not exist. Creating ...
2019-09-25 05:49:47,971 [pool-409-thread-1] INFO  storage.RaftStorageDirectory (RaftStorageDirectory.java:tryLock(328)) - Lock on /workdir/hadoop-ozone/integration-test/target/test-dir/MiniOzoneClusterImpl-3371874c-cdf9-4999-a21e-92d2cda410bc/datanode-0/data/ratis/c1e55468-d5e7-4edf-b136-189c2fe14ada/in_use.lock acquired by nodename 13539@pr-hdds-1569-s62bp-3040748787
2019-09-25 05:49:47,993 [pool-409-thread-1] INFO  storage.RaftStorage (RaftStorage.java:format(72)) - Storage directory /workdir/hadoop-ozone/integration-test/target/test-dir/MiniOzoneClusterImpl-3371874c-cdf9-4999-a21e-92d2cda410bc/datanode-0/data/ratis/c1e55468-d5e7-4edf-b136-189c2fe14ada has been successfully formatted.
2019-09-25 05:49:47,993 [pool-409-thread-1] INFO  ratis.ContainerStateMachine (ContainerStateMachine.java:loadSnapshot(230)) - group-189C2FE14ADA: The snapshot info is null. Setting the last applied indexto:(t:0, i:~)
2019-09-25 05:49:47,993 [pool-409-thread-1] INFO  server.RaftServerConfigKeys (ConfUtils.java:logGet(43)) - raft.server.notification.no-leader.timeout = 120s (custom)
2019-09-25 05:49:47,993 [pool-409-thread-1] INFO  server.RaftServerConfigKeys (ConfUtils.java:logGet(43)) - raft.server.log.use.memory = false (default)
2019-09-25 05:49:47,993 [pool-409-thread-1] INFO  server.RaftServerConfigKeys (ConfUtils.java:logGet(43)) - raft.server.log.purge.gap = 1000000 (custom)
2019-09-25 05:49:47,993 [pool-409-thread-1] INFO  server.RaftServerConfigKeys (ConfUtils.java:logGet(43)) - raft.server.log.appender.buffer.byte-limit = 33554432 (custom)
2019-09-25 05:49:47,993 [pool-409-thread-1] INFO  server.RaftServerConfigKeys (ConfUtils.java:logGet(43)) - raft.server.log.segment.size.max = 1048576 (custom)
2019-09-25 05:49:47,993 [pool-409-thread-1] INFO  server.RaftServerConfigKeys (ConfUtils.java:logGet(43)) - raft.server.log.segment.cache.num.max = 2 (custom)
2019-09-25 05:49:47,993 [pool-409-thread-1] INFO  segmented.SegmentedRaftLogWorker (SegmentedRaftLogWorker.java:<init>(172)) - new 01bb1e87-3b88-425d-af88-cd320b9a7275@group-189C2FE14ADA-SegmentedRaftLogWorker for RaftStorage:Storage Directory /workdir/hadoop-ozone/integration-test/target/test-dir/MiniOzoneClusterImpl-3371874c-cdf9-4999-a21e-92d2cda410bc/datanode-0/data/ratis/c1e55468-d5e7-4edf-b136-189c2fe14ada
2019-09-25 05:49:47,993 [pool-409-thread-1] INFO  server.RaftServerConfigKeys (ConfUtils.java:logGet(43)) - raft.server.log.queue.byte-limit = 2147483647 (custom)
2019-09-25 05:49:47,994 [pool-409-thread-1] INFO  server.RaftServerConfigKeys (ConfUtils.java:logGet(43)) - raft.server.log.queue.element-limit = 1024 (custom)
2019-09-25 05:49:47,994 [pool-409-thread-1] INFO  server.RaftServerConfigKeys (ConfUtils.java:logGet(43)) - raft.server.log.segment.size.max = 1048576 (custom)
2019-09-25 05:49:47,994 [pool-409-thread-1] INFO  server.RaftServerConfigKeys (ConfUtils.java:logGet(43)) - raft.server.log.preallocated.size = 16384 (custom)
2019-09-25 05:49:47,994 [pool-409-thread-1] INFO  server.RaftServerConfigKeys (ConfUtils.java:logGet(43)) - raft.server.log.write.buffer.size = 33554432 (custom)
2019-09-25 05:49:47,994 [pool-409-thread-1] INFO  server.RaftServerConfigKeys (ConfUtils.java:logGet(43)) - raft.server.log.force.sync.num = 128 (default)
2019-09-25 05:49:47,994 [pool-409-thread-1] INFO  server.RaftServerConfigKeys (ConfUtils.java:logGet(43)) - raft.server.log.statemachine.data.sync = true (default)
2019-09-25 05:49:47,994 [pool-409-thread-1] INFO  server.RaftServerConfigKeys (ConfUtils.java:logGet(43)) - raft.server.log.statemachine.data.sync.timeout = 10s (default)
2019-09-25 05:49:47,994 [pool-409-thread-1] INFO  server.RaftServerConfigKeys (ConfUtils.java:logGet(43)) - raft.server.log.statemachine.data.sync.timeout.retry = -1 (default)
2019-09-25 05:49:47,994 [pool-409-thread-1] INFO  server.RaftServerConfigKeys (ConfUtils.java:logGet(43)) - raft.server.log.statemachine.data.caching.enabled = true (custom)
2019-09-25 05:49:47,995 [pool-409-thread-1] INFO  segmented.SegmentedRaftLogWorker (SegmentedRaftLogWorker.java:lambda$new$0(132)) - 01bb1e87-3b88-425d-af88-cd320b9a7275@group-189C2FE14ADA-SegmentedRaftLogWorker: flushIndex: setUnconditionally 0 -> -1
2019-09-25 05:49:47,995 [pool-409-thread-1] INFO  server.RaftServerConfigKeys (ConfUtils.java:logGet(43)) - raft.server.snapshot.auto.trigger.enabled = true (custom)
2019-09-25 05:49:47,995 [pool-409-thread-1] INFO  server.RaftServerConfigKeys (ConfUtils.java:logGet(43)) - raft.server.snapshot.auto.trigger.threshold = 10000 (custom)
2019-09-25 05:49:47,995 [pool-409-thread-1] INFO  server.RaftServerConfigKeys (ConfUtils.java:logGet(43)) - raft.server.snapshot.retention.num.files = 5 (custom)
2019-09-25 05:49:47,995 [pool-409-thread-1] INFO  server.RaftServerConfigKeys (ConfUtils.java:logGet(43)) - raft.server.retrycache.expirytime = 600000ms (custom)
2019-09-25 05:49:47,997 [pool-409-thread-1] INFO  impl.RaftServerImpl (RaftServerImpl.java:start(185)) - 01bb1e87-3b88-425d-af88-cd320b9a7275@group-189C2FE14ADA: start as a follower, conf=-1: [01bb1e87-3b88-425d-af88-cd320b9a7275:192.168.30.10:41549], old=null
2019-09-25 05:49:47,997 [pool-409-thread-1] INFO  impl.RaftServerImpl (RaftServerImpl.java:setRole(174)) - 01bb1e87-3b88-425d-af88-cd320b9a7275@group-189C2FE14ADA: changes role from      null to FOLLOWER at term 0 for startAsFollower
2019-09-25 05:49:47,997 [pool-409-thread-1] INFO  impl.RoleInfo (RoleInfo.java:updateAndGet(143)) - 01bb1e87-3b88-425d-af88-cd320b9a7275: start FollowerState
2019-09-25 05:49:47,997 [pool-409-thread-1] INFO  util.JmxRegister (JmxRegister.java:tryRegister(44)) - Successfully registered JMX Bean with object name Ratis:service=RaftServer,group=group-189C2FE14ADA,id=01bb1e87-3b88-425d-af88-cd320b9a7275
2019-09-25 05:49:47,999 [RatisPipelineUtilsThread] INFO  pipeline.PipelineStateManager (PipelineStateManager.java:addPipeline(56)) - Created pipeline Pipeline[ Id: c1e55468-d5e7-4edf-b136-189c2fe14ada, Nodes: 01bb1e87-3b88-425d-af88-cd320b9a7275{ip: 192.168.30.10, host: pr-hdds-1569-s62bp-3040748787, networkLocation: /default-rack, certSerialId: null}, Type:RATIS, Factor:ONE, State:OPEN]
2019-09-25 05:49:48,002 [grpc-default-executor-0] INFO  impl.RaftServerProxy (RaftServerProxy.java:addNew(89)) - 44082f05-803b-4c97-a9e5-c320db8eea77: addNew group-4C385BFE0084:[44082f05-803b-4c97-a9e5-c320db8eea77:192.168.30.10:44033] returns group-4C385BFE0084:java.util.concurrent.CompletableFuture@9b15757[Not completed]
2019-09-25 05:49:48,002 [pool-439-thread-1] INFO  impl.RaftServerImpl (RaftServerImpl.java:<init>(95)) - 44082f05-803b-4c97-a9e5-c320db8eea77: new RaftServerImpl for group-4C385BFE0084:[44082f05-803b-4c97-a9e5-c320db8eea77:192.168.30.10:44033] with ContainerStateMachine:uninitialized
2019-09-25 05:49:48,002 [pool-439-thread-1] INFO  server.RaftServerConfigKeys (ConfUtils.java:logGet(43)) - raft.server.rpc.timeout.min = 5s (custom)
2019-09-25 05:49:48,003 [pool-439-thread-1] INFO  server.RaftServerConfigKeys (ConfUtils.java:logGet(43)) - raft.server.rpc.timeout.max = 5200ms (custom)
2019-09-25 05:49:48,003 [pool-439-thread-1] INFO  server.RaftServerConfigKeys (ConfUtils.java:logGet(43)) - raft.server.rpcslowness.timeout = 120s (custom)
2019-09-25 05:49:48,003 [pool-439-thread-1] INFO  server.RaftServerConfigKeys (ConfUtils.java:logGet(43)) - raft.server.sleep.deviation.threshold = 300 (default)
2019-09-25 05:49:48,003 [pool-439-thread-1] INFO  server.RaftServerConfigKeys (ConfUtils.java:logGet(43)) - raft.server.log.appender.install.snapshot.enabled = false (custom)
2019-09-25 05:49:48,003 [pool-439-thread-1] INFO  impl.RaftServerImpl (ServerState.java:<init>(103)) - 44082f05-803b-4c97-a9e5-c320db8eea77@group-4C385BFE0084: ConfigurationManager, init=-1: [44082f05-803b-4c97-a9e5-c320db8eea77:192.168.30.10:44033], old=null, confs=<EMPTY_MAP>
2019-09-25 05:49:48,003 [pool-439-thread-1] INFO  server.RaftServerConfigKeys (ConfUtils.java:logGet(43)) - raft.server.storage.dir = [/workdir/hadoop-ozone/integration-test/target/test-dir/MiniOzoneClusterImpl-3371874c-cdf9-4999-a21e-92d2cda410bc/datanode-3/data/ratis] (custom)
2019-09-25 05:49:48,003 [pool-439-thread-1] INFO  storage.RaftStorageDirectory (RaftStorageDirectory.java:analyzeStorage(246)) - The storage directory /workdir/hadoop-ozone/integration-test/target/test-dir/MiniOzoneClusterImpl-3371874c-cdf9-4999-a21e-92d2cda410bc/datanode-3/data/ratis/c51d3dbb-e8b0-4a9c-b146-4c385bfe0084 does not exist. Creating ...
2019-09-25 05:49:48,016 [pool-439-thread-1] INFO  storage.RaftStorageDirectory (RaftStorageDirectory.java:tryLock(328)) - Lock on /workdir/hadoop-ozone/integration-test/target/test-dir/MiniOzoneClusterImpl-3371874c-cdf9-4999-a21e-92d2cda410bc/datanode-3/data/ratis/c51d3dbb-e8b0-4a9c-b146-4c385bfe0084/in_use.lock acquired by nodename 13539@pr-hdds-1569-s62bp-3040748787
2019-09-25 05:49:48,029 [pool-439-thread-1] INFO  storage.RaftStorage (RaftStorage.java:format(72)) - Storage directory /workdir/hadoop-ozone/integration-test/target/test-dir/MiniOzoneClusterImpl-3371874c-cdf9-4999-a21e-92d2cda410bc/datanode-3/data/ratis/c51d3dbb-e8b0-4a9c-b146-4c385bfe0084 has been successfully formatted.
2019-09-25 05:49:48,029 [pool-439-thread-1] INFO  ratis.ContainerStateMachine (ContainerStateMachine.java:loadSnapshot(230)) - group-4C385BFE0084: The snapshot info is null. Setting the last applied indexto:(t:0, i:~)
2019-09-25 05:49:48,029 [pool-439-thread-1] INFO  server.RaftServerConfigKeys (ConfUtils.java:logGet(43)) - raft.server.notification.no-leader.timeout = 120s (custom)
2019-09-25 05:49:48,029 [pool-439-thread-1] INFO  server.RaftServerConfigKeys (ConfUtils.java:logGet(43)) - raft.server.log.use.memory = false (default)
2019-09-25 05:49:48,029 [pool-439-thread-1] INFO  server.RaftServerConfigKeys (ConfUtils.java:logGet(43)) - raft.server.log.purge.gap = 1000000 (custom)
2019-09-25 05:49:48,029 [pool-439-thread-1] INFO  server.RaftServerConfigKeys (ConfUtils.java:logGet(43)) - raft.server.log.appender.buffer.byte-limit = 33554432 (custom)
2019-09-25 05:49:48,029 [pool-439-thread-1] INFO  server.RaftServerConfigKeys (ConfUtils.java:logGet(43)) - raft.server.log.segment.size.max = 1048576 (custom)
2019-09-25 05:49:48,030 [pool-439-thread-1] INFO  server.RaftServerConfigKeys (ConfUtils.java:logGet(43)) - raft.server.log.segment.cache.num.max = 2 (custom)
2019-09-25 05:49:48,030 [pool-439-thread-1] INFO  segmented.SegmentedRaftLogWorker (SegmentedRaftLogWorker.java:<init>(172)) - new 44082f05-803b-4c97-a9e5-c320db8eea77@group-4C385BFE0084-SegmentedRaftLogWorker for RaftStorage:Storage Directory /workdir/hadoop-ozone/integration-test/target/test-dir/MiniOzoneClusterImpl-3371874c-cdf9-4999-a21e-92d2cda410bc/datanode-3/data/ratis/c51d3dbb-e8b0-4a9c-b146-4c385bfe0084
2019-09-25 05:49:48,030 [pool-439-thread-1] INFO  server.RaftServerConfigKeys (ConfUtils.java:logGet(43)) - raft.server.log.queue.byte-limit = 2147483647 (custom)
2019-09-25 05:49:48,030 [pool-439-thread-1] INFO  server.RaftServerConfigKeys (ConfUtils.java:logGet(43)) - raft.server.log.queue.element-limit = 1024 (custom)
2019-09-25 05:49:48,030 [pool-439-thread-1] INFO  server.RaftServerConfigKeys (ConfUtils.java:logGet(43)) - raft.server.log.segment.size.max = 1048576 (custom)
2019-09-25 05:49:48,030 [pool-439-thread-1] INFO  server.RaftServerConfigKeys (ConfUtils.java:logGet(43)) - raft.server.log.preallocated.size = 16384 (custom)
2019-09-25 05:49:48,030 [pool-439-thread-1] INFO  server.RaftServerConfigKeys (ConfUtils.java:logGet(43)) - raft.server.log.write.buffer.size = 33554432 (custom)
2019-09-25 05:49:48,030 [pool-439-thread-1] INFO  server.RaftServerConfigKeys (ConfUtils.java:logGet(43)) - raft.server.log.force.sync.num = 128 (default)
2019-09-25 05:49:48,030 [pool-439-thread-1] INFO  server.RaftServerConfigKeys (ConfUtils.java:logGet(43)) - raft.server.log.statemachine.data.sync = true (default)
2019-09-25 05:49:48,031 [pool-439-thread-1] INFO  server.RaftServerConfigKeys (ConfUtils.java:logGet(43)) - raft.server.log.statemachine.data.sync.timeout = 10s (default)
2019-09-25 05:49:48,031 [pool-439-thread-1] INFO  server.RaftServerConfigKeys (ConfUtils.java:logGet(43)) - raft.server.log.statemachine.data.sync.timeout.retry = -1 (default)
2019-09-25 05:49:48,031 [pool-439-thread-1] INFO  server.RaftServerConfigKeys (ConfUtils.java:logGet(43)) - raft.server.log.statemachine.data.caching.enabled = true (custom)
2019-09-25 05:49:48,031 [pool-439-thread-1] INFO  segmented.SegmentedRaftLogWorker (SegmentedRaftLogWorker.java:lambda$new$0(132)) - 44082f05-803b-4c97-a9e5-c320db8eea77@group-4C385BFE0084-SegmentedRaftLogWorker: flushIndex: setUnconditionally 0 -> -1
2019-09-25 05:49:48,031 [pool-439-thread-1] INFO  server.RaftServerConfigKeys (ConfUtils.java:logGet(43)) - raft.server.snapshot.auto.trigger.enabled = true (custom)
2019-09-25 05:49:48,031 [pool-439-thread-1] INFO  server.RaftServerConfigKeys (ConfUtils.java:logGet(43)) - raft.server.snapshot.auto.trigger.threshold = 10000 (custom)
2019-09-25 05:49:48,032 [pool-439-thread-1] INFO  server.RaftServerConfigKeys (ConfUtils.java:logGet(43)) - raft.server.snapshot.retention.num.files = 5 (custom)
2019-09-25 05:49:48,032 [pool-439-thread-1] INFO  server.RaftServerConfigKeys (ConfUtils.java:logGet(43)) - raft.server.retrycache.expirytime = 600000ms (custom)
2019-09-25 05:49:48,033 [pool-439-thread-1] INFO  impl.RaftServerImpl (RaftServerImpl.java:start(185)) - 44082f05-803b-4c97-a9e5-c320db8eea77@group-4C385BFE0084: start as a follower, conf=-1: [44082f05-803b-4c97-a9e5-c320db8eea77:192.168.30.10:44033], old=null
2019-09-25 05:49:48,033 [pool-439-thread-1] INFO  impl.RaftServerImpl (RaftServerImpl.java:setRole(174)) - 44082f05-803b-4c97-a9e5-c320db8eea77@group-4C385BFE0084: changes role from      null to FOLLOWER at term 0 for startAsFollower
2019-09-25 05:49:48,033 [pool-439-thread-1] INFO  impl.RoleInfo (RoleInfo.java:updateAndGet(143)) - 44082f05-803b-4c97-a9e5-c320db8eea77: start FollowerState
2019-09-25 05:49:48,034 [pool-439-thread-1] INFO  util.JmxRegister (JmxRegister.java:tryRegister(44)) - Successfully registered JMX Bean with object name Ratis:service=RaftServer,group=group-4C385BFE0084,id=44082f05-803b-4c97-a9e5-c320db8eea77
2019-09-25 05:49:48,035 [RatisPipelineUtilsThread] INFO  pipeline.PipelineStateManager (PipelineStateManager.java:addPipeline(56)) - Created pipeline Pipeline[ Id: c51d3dbb-e8b0-4a9c-b146-4c385bfe0084, Nodes: 44082f05-803b-4c97-a9e5-c320db8eea77{ip: 192.168.30.10, host: pr-hdds-1569-s62bp-3040748787, networkLocation: /default-rack, certSerialId: null}, Type:RATIS, Factor:ONE, State:OPEN]
2019-09-25 05:49:48,039 [grpc-default-executor-0] INFO  impl.RaftServerProxy (RaftServerProxy.java:addNew(89)) - 44082f05-803b-4c97-a9e5-c320db8eea77: addNew group-A04D9CB9A66C:[44082f05-803b-4c97-a9e5-c320db8eea77:192.168.30.10:44033] returns group-A04D9CB9A66C:java.util.concurrent.CompletableFuture@2dfe392c[Not completed]
2019-09-25 05:49:48,039 [pool-439-thread-1] INFO  impl.RaftServerImpl (RaftServerImpl.java:<init>(95)) - 44082f05-803b-4c97-a9e5-c320db8eea77: new RaftServerImpl for group-A04D9CB9A66C:[44082f05-803b-4c97-a9e5-c320db8eea77:192.168.30.10:44033] with ContainerStateMachine:uninitialized
2019-09-25 05:49:48,039 [pool-439-thread-1] INFO  server.RaftServerConfigKeys (ConfUtils.java:logGet(43)) - raft.server.rpc.timeout.min = 5s (custom)
2019-09-25 05:49:48,040 [pool-439-thread-1] INFO  server.RaftServerConfigKeys (ConfUtils.java:logGet(43)) - raft.server.rpc.timeout.max = 5200ms (custom)
2019-09-25 05:49:48,040 [pool-439-thread-1] INFO  server.RaftServerConfigKeys (ConfUtils.java:logGet(43)) - raft.server.rpcslowness.timeout = 120s (custom)
2019-09-25 05:49:48,040 [pool-439-thread-1] INFO  server.RaftServerConfigKeys (ConfUtils.java:logGet(43)) - raft.server.sleep.deviation.threshold = 300 (default)
2019-09-25 05:49:48,040 [pool-439-thread-1] INFO  server.RaftServerConfigKeys (ConfUtils.java:logGet(43)) - raft.server.log.appender.install.snapshot.enabled = false (custom)
2019-09-25 05:49:48,040 [pool-439-thread-1] INFO  impl.RaftServerImpl (ServerState.java:<init>(103)) - 44082f05-803b-4c97-a9e5-c320db8eea77@group-A04D9CB9A66C: ConfigurationManager, init=-1: [44082f05-803b-4c97-a9e5-c320db8eea77:192.168.30.10:44033], old=null, confs=<EMPTY_MAP>
2019-09-25 05:49:48,040 [pool-439-thread-1] INFO  server.RaftServerConfigKeys (ConfUtils.java:logGet(43)) - raft.server.storage.dir = [/workdir/hadoop-ozone/integration-test/target/test-dir/MiniOzoneClusterImpl-3371874c-cdf9-4999-a21e-92d2cda410bc/datanode-3/data/ratis] (custom)
2019-09-25 05:49:48,040 [pool-439-thread-1] INFO  storage.RaftStorageDirectory (RaftStorageDirectory.java:analyzeStorage(246)) - The storage directory /workdir/hadoop-ozone/integration-test/target/test-dir/MiniOzoneClusterImpl-3371874c-cdf9-4999-a21e-92d2cda410bc/datanode-3/data/ratis/3cae3cd5-3a11-4aa4-850b-a04d9cb9a66c does not exist. Creating ...
2019-09-25 05:49:48,053 [pool-439-thread-1] INFO  storage.RaftStorageDirectory (RaftStorageDirectory.java:tryLock(328)) - Lock on /workdir/hadoop-ozone/integration-test/target/test-dir/MiniOzoneClusterImpl-3371874c-cdf9-4999-a21e-92d2cda410bc/datanode-3/data/ratis/3cae3cd5-3a11-4aa4-850b-a04d9cb9a66c/in_use.lock acquired by nodename 13539@pr-hdds-1569-s62bp-3040748787
2019-09-25 05:49:48,066 [pool-439-thread-1] INFO  storage.RaftStorage (RaftStorage.java:format(72)) - Storage directory /workdir/hadoop-ozone/integration-test/target/test-dir/MiniOzoneClusterImpl-3371874c-cdf9-4999-a21e-92d2cda410bc/datanode-3/data/ratis/3cae3cd5-3a11-4aa4-850b-a04d9cb9a66c has been successfully formatted.
2019-09-25 05:49:48,066 [pool-439-thread-1] INFO  ratis.ContainerStateMachine (ContainerStateMachine.java:loadSnapshot(230)) - group-A04D9CB9A66C: The snapshot info is null. Setting the last applied indexto:(t:0, i:~)
2019-09-25 05:49:48,066 [pool-439-thread-1] INFO  server.RaftServerConfigKeys (ConfUtils.java:logGet(43)) - raft.server.notification.no-leader.timeout = 120s (custom)
2019-09-25 05:49:48,066 [pool-439-thread-1] INFO  server.RaftServerConfigKeys (ConfUtils.java:logGet(43)) - raft.server.log.use.memory = false (default)
2019-09-25 05:49:48,066 [pool-439-thread-1] INFO  server.RaftServerConfigKeys (ConfUtils.java:logGet(43)) - raft.server.log.purge.gap = 1000000 (custom)
2019-09-25 05:49:48,066 [pool-439-thread-1] INFO  server.RaftServerConfigKeys (ConfUtils.java:logGet(43)) - raft.server.log.appender.buffer.byte-limit = 33554432 (custom)
2019-09-25 05:49:48,066 [pool-439-thread-1] INFO  server.RaftServerConfigKeys (ConfUtils.java:logGet(43)) - raft.server.log.segment.size.max = 1048576 (custom)
2019-09-25 05:49:48,066 [pool-439-thread-1] INFO  server.RaftServerConfigKeys (ConfUtils.java:logGet(43)) - raft.server.log.segment.cache.num.max = 2 (custom)
2019-09-25 05:49:48,067 [pool-439-thread-1] INFO  segmented.SegmentedRaftLogWorker (SegmentedRaftLogWorker.java:<init>(172)) - new 44082f05-803b-4c97-a9e5-c320db8eea77@group-A04D9CB9A66C-SegmentedRaftLogWorker for RaftStorage:Storage Directory /workdir/hadoop-ozone/integration-test/target/test-dir/MiniOzoneClusterImpl-3371874c-cdf9-4999-a21e-92d2cda410bc/datanode-3/data/ratis/3cae3cd5-3a11-4aa4-850b-a04d9cb9a66c
2019-09-25 05:49:48,067 [pool-439-thread-1] INFO  server.RaftServerConfigKeys (ConfUtils.java:logGet(43)) - raft.server.log.queue.byte-limit = 2147483647 (custom)
2019-09-25 05:49:48,067 [pool-439-thread-1] INFO  server.RaftServerConfigKeys (ConfUtils.java:logGet(43)) - raft.server.log.queue.element-limit = 1024 (custom)
2019-09-25 05:49:48,067 [pool-439-thread-1] INFO  server.RaftServerConfigKeys (ConfUtils.java:logGet(43)) - raft.server.log.segment.size.max = 1048576 (custom)
2019-09-25 05:49:48,067 [pool-439-thread-1] INFO  server.RaftServerConfigKeys (ConfUtils.java:logGet(43)) - raft.server.log.preallocated.size = 16384 (custom)
2019-09-25 05:49:48,067 [pool-439-thread-1] INFO  server.RaftServerConfigKeys (ConfUtils.java:logGet(43)) - raft.server.log.write.buffer.size = 33554432 (custom)
2019-09-25 05:49:48,067 [pool-439-thread-1] INFO  server.RaftServerConfigKeys (ConfUtils.java:logGet(43)) - raft.server.log.force.sync.num = 128 (default)
2019-09-25 05:49:48,067 [pool-439-thread-1] INFO  server.RaftServerConfigKeys (ConfUtils.java:logGet(43)) - raft.server.log.statemachine.data.sync = true (default)
2019-09-25 05:49:48,067 [pool-439-thread-1] INFO  server.RaftServerConfigKeys (ConfUtils.java:logGet(43)) - raft.server.log.statemachine.data.sync.timeout = 10s (default)
2019-09-25 05:49:48,068 [pool-439-thread-1] INFO  server.RaftServerConfigKeys (ConfUtils.java:logGet(43)) - raft.server.log.statemachine.data.sync.timeout.retry = -1 (default)
2019-09-25 05:49:48,068 [pool-439-thread-1] INFO  server.RaftServerConfigKeys (ConfUtils.java:logGet(43)) - raft.server.log.statemachine.data.caching.enabled = true (custom)
2019-09-25 05:49:48,068 [pool-439-thread-1] INFO  segmented.SegmentedRaftLogWorker (SegmentedRaftLogWorker.java:lambda$new$0(132)) - 44082f05-803b-4c97-a9e5-c320db8eea77@group-A04D9CB9A66C-SegmentedRaftLogWorker: flushIndex: setUnconditionally 0 -> -1
2019-09-25 05:49:48,068 [pool-439-thread-1] INFO  server.RaftServerConfigKeys (ConfUtils.java:logGet(43)) - raft.server.snapshot.auto.trigger.enabled = true (custom)
2019-09-25 05:49:48,068 [pool-439-thread-1] INFO  server.RaftServerConfigKeys (ConfUtils.java:logGet(43)) - raft.server.snapshot.auto.trigger.threshold = 10000 (custom)
2019-09-25 05:49:48,068 [pool-439-thread-1] INFO  server.RaftServerConfigKeys (ConfUtils.java:logGet(43)) - raft.server.snapshot.retention.num.files = 5 (custom)
2019-09-25 05:49:48,068 [pool-439-thread-1] INFO  server.RaftServerConfigKeys (ConfUtils.java:logGet(43)) - raft.server.retrycache.expirytime = 600000ms (custom)
2019-09-25 05:49:48,070 [pool-439-thread-1] INFO  impl.RaftServerImpl (RaftServerImpl.java:start(185)) - 44082f05-803b-4c97-a9e5-c320db8eea77@group-A04D9CB9A66C: start as a follower, conf=-1: [44082f05-803b-4c97-a9e5-c320db8eea77:192.168.30.10:44033], old=null
2019-09-25 05:49:48,070 [pool-439-thread-1] INFO  impl.RaftServerImpl (RaftServerImpl.java:setRole(174)) - 44082f05-803b-4c97-a9e5-c320db8eea77@group-A04D9CB9A66C: changes role from      null to FOLLOWER at term 0 for startAsFollower
2019-09-25 05:49:48,070 [pool-439-thread-1] INFO  impl.RoleInfo (RoleInfo.java:updateAndGet(143)) - 44082f05-803b-4c97-a9e5-c320db8eea77: start FollowerState
2019-09-25 05:49:48,070 [pool-439-thread-1] INFO  util.JmxRegister (JmxRegister.java:tryRegister(44)) - Successfully registered JMX Bean with object name Ratis:service=RaftServer,group=group-A04D9CB9A66C,id=44082f05-803b-4c97-a9e5-c320db8eea77
2019-09-25 05:49:48,072 [RatisPipelineUtilsThread] INFO  pipeline.PipelineStateManager (PipelineStateManager.java:addPipeline(56)) - Created pipeline Pipeline[ Id: 3cae3cd5-3a11-4aa4-850b-a04d9cb9a66c, Nodes: 44082f05-803b-4c97-a9e5-c320db8eea77{ip: 192.168.30.10, host: pr-hdds-1569-s62bp-3040748787, networkLocation: /default-rack, certSerialId: null}, Type:RATIS, Factor:ONE, State:OPEN]
2019-09-25 05:49:48,080 [grpc-default-executor-0] INFO  impl.RaftServerProxy (RaftServerProxy.java:addNew(89)) - fc8c9bb1-dbbf-4b8a-ac9f-72a0e03a2e86: addNew group-0A91AA816D52:[fc8c9bb1-dbbf-4b8a-ac9f-72a0e03a2e86:192.168.30.10:41113] returns group-0A91AA816D52:java.util.concurrent.CompletableFuture@2dcbda0b[Not completed]
2019-09-25 05:49:48,081 [pool-459-thread-1] INFO  impl.RaftServerImpl (RaftServerImpl.java:<init>(95)) - fc8c9bb1-dbbf-4b8a-ac9f-72a0e03a2e86: new RaftServerImpl for group-0A91AA816D52:[fc8c9bb1-dbbf-4b8a-ac9f-72a0e03a2e86:192.168.30.10:41113] with ContainerStateMachine:uninitialized
2019-09-25 05:49:48,081 [pool-459-thread-1] INFO  server.RaftServerConfigKeys (ConfUtils.java:logGet(43)) - raft.server.rpc.timeout.min = 5s (custom)
2019-09-25 05:49:48,081 [pool-459-thread-1] INFO  server.RaftServerConfigKeys (ConfUtils.java:logGet(43)) - raft.server.rpc.timeout.max = 5200ms (custom)
2019-09-25 05:49:48,081 [pool-459-thread-1] INFO  server.RaftServerConfigKeys (ConfUtils.java:logGet(43)) - raft.server.rpcslowness.timeout = 120s (custom)
2019-09-25 05:49:48,082 [pool-459-thread-1] INFO  server.RaftServerConfigKeys (ConfUtils.java:logGet(43)) - raft.server.sleep.deviation.threshold = 300 (default)
2019-09-25 05:49:48,082 [pool-459-thread-1] INFO  server.RaftServerConfigKeys (ConfUtils.java:logGet(43)) - raft.server.log.appender.install.snapshot.enabled = false (custom)
2019-09-25 05:49:48,082 [pool-459-thread-1] INFO  impl.RaftServerImpl (ServerState.java:<init>(103)) - fc8c9bb1-dbbf-4b8a-ac9f-72a0e03a2e86@group-0A91AA816D52: ConfigurationManager, init=-1: [fc8c9bb1-dbbf-4b8a-ac9f-72a0e03a2e86:192.168.30.10:41113], old=null, confs=<EMPTY_MAP>
2019-09-25 05:49:48,082 [pool-459-thread-1] INFO  server.RaftServerConfigKeys (ConfUtils.java:logGet(43)) - raft.server.storage.dir = [/workdir/hadoop-ozone/integration-test/target/test-dir/MiniOzoneClusterImpl-3371874c-cdf9-4999-a21e-92d2cda410bc/datanode-5/data/ratis] (custom)
2019-09-25 05:49:48,082 [pool-459-thread-1] INFO  storage.RaftStorageDirectory (RaftStorageDirectory.java:analyzeStorage(246)) - The storage directory /workdir/hadoop-ozone/integration-test/target/test-dir/MiniOzoneClusterImpl-3371874c-cdf9-4999-a21e-92d2cda410bc/datanode-5/data/ratis/05bc5d7f-161e-4027-86ba-0a91aa816d52 does not exist. Creating ...
2019-09-25 05:49:48,095 [pool-459-thread-1] INFO  storage.RaftStorageDirectory (RaftStorageDirectory.java:tryLock(328)) - Lock on /workdir/hadoop-ozone/integration-test/target/test-dir/MiniOzoneClusterImpl-3371874c-cdf9-4999-a21e-92d2cda410bc/datanode-5/data/ratis/05bc5d7f-161e-4027-86ba-0a91aa816d52/in_use.lock acquired by nodename 13539@pr-hdds-1569-s62bp-3040748787
2019-09-25 05:49:48,108 [pool-459-thread-1] INFO  storage.RaftStorage (RaftStorage.java:format(72)) - Storage directory /workdir/hadoop-ozone/integration-test/target/test-dir/MiniOzoneClusterImpl-3371874c-cdf9-4999-a21e-92d2cda410bc/datanode-5/data/ratis/05bc5d7f-161e-4027-86ba-0a91aa816d52 has been successfully formatted.
2019-09-25 05:49:48,108 [pool-459-thread-1] INFO  ratis.ContainerStateMachine (ContainerStateMachine.java:loadSnapshot(230)) - group-0A91AA816D52: The snapshot info is null. Setting the last applied indexto:(t:0, i:~)
2019-09-25 05:49:48,108 [pool-459-thread-1] INFO  server.RaftServerConfigKeys (ConfUtils.java:logGet(43)) - raft.server.notification.no-leader.timeout = 120s (custom)
2019-09-25 05:49:48,108 [pool-459-thread-1] INFO  server.RaftServerConfigKeys (ConfUtils.java:logGet(43)) - raft.server.log.use.memory = false (default)
2019-09-25 05:49:48,108 [pool-459-thread-1] INFO  server.RaftServerConfigKeys (ConfUtils.java:logGet(43)) - raft.server.log.purge.gap = 1000000 (custom)
2019-09-25 05:49:48,108 [pool-459-thread-1] INFO  server.RaftServerConfigKeys (ConfUtils.java:logGet(43)) - raft.server.log.appender.buffer.byte-limit = 33554432 (custom)
2019-09-25 05:49:48,109 [pool-459-thread-1] INFO  server.RaftServerConfigKeys (ConfUtils.java:logGet(43)) - raft.server.log.segment.size.max = 1048576 (custom)
2019-09-25 05:49:48,109 [pool-459-thread-1] INFO  server.RaftServerConfigKeys (ConfUtils.java:logGet(43)) - raft.server.log.segment.cache.num.max = 2 (custom)
2019-09-25 05:49:48,109 [pool-459-thread-1] INFO  segmented.SegmentedRaftLogWorker (SegmentedRaftLogWorker.java:<init>(172)) - new fc8c9bb1-dbbf-4b8a-ac9f-72a0e03a2e86@group-0A91AA816D52-SegmentedRaftLogWorker for RaftStorage:Storage Directory /workdir/hadoop-ozone/integration-test/target/test-dir/MiniOzoneClusterImpl-3371874c-cdf9-4999-a21e-92d2cda410bc/datanode-5/data/ratis/05bc5d7f-161e-4027-86ba-0a91aa816d52
2019-09-25 05:49:48,110 [pool-459-thread-1] INFO  server.RaftServerConfigKeys (ConfUtils.java:logGet(43)) - raft.server.log.queue.byte-limit = 2147483647 (custom)
2019-09-25 05:49:48,110 [pool-459-thread-1] INFO  server.RaftServerConfigKeys (ConfUtils.java:logGet(43)) - raft.server.log.queue.element-limit = 1024 (custom)
2019-09-25 05:49:48,110 [pool-459-thread-1] INFO  server.RaftServerConfigKeys (ConfUtils.java:logGet(43)) - raft.server.log.segment.size.max = 1048576 (custom)
2019-09-25 05:49:48,111 [pool-459-thread-1] INFO  server.RaftServerConfigKeys (ConfUtils.java:logGet(43)) - raft.server.log.preallocated.size = 16384 (custom)
2019-09-25 05:49:48,111 [pool-459-thread-1] INFO  server.RaftServerConfigKeys (ConfUtils.java:logGet(43)) - raft.server.log.write.buffer.size = 33554432 (custom)
2019-09-25 05:49:48,111 [pool-459-thread-1] INFO  server.RaftServerConfigKeys (ConfUtils.java:logGet(43)) - raft.server.log.force.sync.num = 128 (default)
2019-09-25 05:49:48,111 [pool-459-thread-1] INFO  server.RaftServerConfigKeys (ConfUtils.java:logGet(43)) - raft.server.log.statemachine.data.sync = true (default)
2019-09-25 05:49:48,111 [pool-459-thread-1] INFO  server.RaftServerConfigKeys (ConfUtils.java:logGet(43)) - raft.server.log.statemachine.data.sync.timeout = 10s (default)
2019-09-25 05:49:48,111 [pool-459-thread-1] INFO  server.RaftServerConfigKeys (ConfUtils.java:logGet(43)) - raft.server.log.statemachine.data.sync.timeout.retry = -1 (default)
2019-09-25 05:49:48,111 [pool-459-thread-1] INFO  server.RaftServerConfigKeys (ConfUtils.java:logGet(43)) - raft.server.log.statemachine.data.caching.enabled = true (custom)
2019-09-25 05:49:48,112 [pool-459-thread-1] INFO  segmented.SegmentedRaftLogWorker (SegmentedRaftLogWorker.java:lambda$new$0(132)) - fc8c9bb1-dbbf-4b8a-ac9f-72a0e03a2e86@group-0A91AA816D52-SegmentedRaftLogWorker: flushIndex: setUnconditionally 0 -> -1
2019-09-25 05:49:48,112 [pool-459-thread-1] INFO  server.RaftServerConfigKeys (ConfUtils.java:logGet(43)) - raft.server.snapshot.auto.trigger.enabled = true (custom)
2019-09-25 05:49:48,112 [pool-459-thread-1] INFO  server.RaftServerConfigKeys (ConfUtils.java:logGet(43)) - raft.server.snapshot.auto.trigger.threshold = 10000 (custom)
2019-09-25 05:49:48,112 [pool-459-thread-1] INFO  server.RaftServerConfigKeys (ConfUtils.java:logGet(43)) - raft.server.snapshot.retention.num.files = 5 (custom)
2019-09-25 05:49:48,112 [pool-459-thread-1] INFO  server.RaftServerConfigKeys (ConfUtils.java:logGet(43)) - raft.server.retrycache.expirytime = 600000ms (custom)
2019-09-25 05:49:48,114 [pool-459-thread-1] INFO  impl.RaftServerImpl (RaftServerImpl.java:start(185)) - fc8c9bb1-dbbf-4b8a-ac9f-72a0e03a2e86@group-0A91AA816D52: start as a follower, conf=-1: [fc8c9bb1-dbbf-4b8a-ac9f-72a0e03a2e86:192.168.30.10:41113], old=null
2019-09-25 05:49:48,114 [pool-459-thread-1] INFO  impl.RaftServerImpl (RaftServerImpl.java:setRole(174)) - fc8c9bb1-dbbf-4b8a-ac9f-72a0e03a2e86@group-0A91AA816D52: changes role from      null to FOLLOWER at term 0 for startAsFollower
2019-09-25 05:49:48,114 [pool-459-thread-1] INFO  impl.RoleInfo (RoleInfo.java:updateAndGet(143)) - fc8c9bb1-dbbf-4b8a-ac9f-72a0e03a2e86: start FollowerState
2019-09-25 05:49:48,114 [pool-459-thread-1] INFO  util.JmxRegister (JmxRegister.java:tryRegister(44)) - Successfully registered JMX Bean with object name Ratis:service=RaftServer,group=group-0A91AA816D52,id=fc8c9bb1-dbbf-4b8a-ac9f-72a0e03a2e86
2019-09-25 05:49:48,116 [RatisPipelineUtilsThread] INFO  pipeline.PipelineStateManager (PipelineStateManager.java:addPipeline(56)) - Created pipeline Pipeline[ Id: 05bc5d7f-161e-4027-86ba-0a91aa816d52, Nodes: fc8c9bb1-dbbf-4b8a-ac9f-72a0e03a2e86{ip: 192.168.30.10, host: pr-hdds-1569-s62bp-3040748787, networkLocation: /default-rack, certSerialId: null}, Type:RATIS, Factor:ONE, State:OPEN]
2019-09-25 05:49:48,119 [grpc-default-executor-0] INFO  impl.RaftServerProxy (RaftServerProxy.java:addNew(89)) - 41cc7451-3c22-4fa0-b0d4-151937985196: addNew group-768AAE0996C2:[41cc7451-3c22-4fa0-b0d4-151937985196:192.168.30.10:36622] returns group-768AAE0996C2:java.util.concurrent.CompletableFuture@5dbf96af[Not completed]
2019-09-25 05:49:48,120 [pool-429-thread-1] INFO  impl.RaftServerImpl (RaftServerImpl.java:<init>(95)) - 41cc7451-3c22-4fa0-b0d4-151937985196: new RaftServerImpl for group-768AAE0996C2:[41cc7451-3c22-4fa0-b0d4-151937985196:192.168.30.10:36622] with ContainerStateMachine:uninitialized
2019-09-25 05:49:48,120 [pool-429-thread-1] INFO  server.RaftServerConfigKeys (ConfUtils.java:logGet(43)) - raft.server.rpc.timeout.min = 5s (custom)
2019-09-25 05:49:48,120 [pool-429-thread-1] INFO  server.RaftServerConfigKeys (ConfUtils.java:logGet(43)) - raft.server.rpc.timeout.max = 5200ms (custom)
2019-09-25 05:49:48,120 [pool-429-thread-1] INFO  server.RaftServerConfigKeys (ConfUtils.java:logGet(43)) - raft.server.rpcslowness.timeout = 120s (custom)
2019-09-25 05:49:48,120 [pool-429-thread-1] INFO  server.RaftServerConfigKeys (ConfUtils.java:logGet(43)) - raft.server.sleep.deviation.threshold = 300 (default)
2019-09-25 05:49:48,120 [pool-429-thread-1] INFO  server.RaftServerConfigKeys (ConfUtils.java:logGet(43)) - raft.server.log.appender.install.snapshot.enabled = false (custom)
2019-09-25 05:49:48,121 [pool-429-thread-1] INFO  impl.RaftServerImpl (ServerState.java:<init>(103)) - 41cc7451-3c22-4fa0-b0d4-151937985196@group-768AAE0996C2: ConfigurationManager, init=-1: [41cc7451-3c22-4fa0-b0d4-151937985196:192.168.30.10:36622], old=null, confs=<EMPTY_MAP>
2019-09-25 05:49:48,121 [pool-429-thread-1] INFO  server.RaftServerConfigKeys (ConfUtils.java:logGet(43)) - raft.server.storage.dir = [/workdir/hadoop-ozone/integration-test/target/test-dir/MiniOzoneClusterImpl-3371874c-cdf9-4999-a21e-92d2cda410bc/datanode-2/data/ratis] (custom)
2019-09-25 05:49:48,121 [pool-429-thread-1] INFO  storage.RaftStorageDirectory (RaftStorageDirectory.java:analyzeStorage(246)) - The storage directory /workdir/hadoop-ozone/integration-test/target/test-dir/MiniOzoneClusterImpl-3371874c-cdf9-4999-a21e-92d2cda410bc/datanode-2/data/ratis/c869108f-8842-42d1-b1bf-768aae0996c2 does not exist. Creating ...
2019-09-25 05:49:48,134 [pool-429-thread-1] INFO  storage.RaftStorageDirectory (RaftStorageDirectory.java:tryLock(328)) - Lock on /workdir/hadoop-ozone/integration-test/target/test-dir/MiniOzoneClusterImpl-3371874c-cdf9-4999-a21e-92d2cda410bc/datanode-2/data/ratis/c869108f-8842-42d1-b1bf-768aae0996c2/in_use.lock acquired by nodename 13539@pr-hdds-1569-s62bp-3040748787
2019-09-25 05:49:48,146 [pool-429-thread-1] INFO  storage.RaftStorage (RaftStorage.java:format(72)) - Storage directory /workdir/hadoop-ozone/integration-test/target/test-dir/MiniOzoneClusterImpl-3371874c-cdf9-4999-a21e-92d2cda410bc/datanode-2/data/ratis/c869108f-8842-42d1-b1bf-768aae0996c2 has been successfully formatted.
2019-09-25 05:49:48,146 [pool-429-thread-1] INFO  ratis.ContainerStateMachine (ContainerStateMachine.java:loadSnapshot(230)) - group-768AAE0996C2: The snapshot info is null. Setting the last applied indexto:(t:0, i:~)
2019-09-25 05:49:48,146 [pool-429-thread-1] INFO  server.RaftServerConfigKeys (ConfUtils.java:logGet(43)) - raft.server.notification.no-leader.timeout = 120s (custom)
2019-09-25 05:49:48,147 [pool-429-thread-1] INFO  server.RaftServerConfigKeys (ConfUtils.java:logGet(43)) - raft.server.log.use.memory = false (default)
2019-09-25 05:49:48,147 [pool-429-thread-1] INFO  server.RaftServerConfigKeys (ConfUtils.java:logGet(43)) - raft.server.log.purge.gap = 1000000 (custom)
2019-09-25 05:49:48,147 [pool-429-thread-1] INFO  server.RaftServerConfigKeys (ConfUtils.java:logGet(43)) - raft.server.log.appender.buffer.byte-limit = 33554432 (custom)
2019-09-25 05:49:48,147 [pool-429-thread-1] INFO  server.RaftServerConfigKeys (ConfUtils.java:logGet(43)) - raft.server.log.segment.size.max = 1048576 (custom)
2019-09-25 05:49:48,147 [pool-429-thread-1] INFO  server.RaftServerConfigKeys (ConfUtils.java:logGet(43)) - raft.server.log.segment.cache.num.max = 2 (custom)
2019-09-25 05:49:48,147 [pool-429-thread-1] INFO  segmented.SegmentedRaftLogWorker (SegmentedRaftLogWorker.java:<init>(172)) - new 41cc7451-3c22-4fa0-b0d4-151937985196@group-768AAE0996C2-SegmentedRaftLogWorker for RaftStorage:Storage Directory /workdir/hadoop-ozone/integration-test/target/test-dir/MiniOzoneClusterImpl-3371874c-cdf9-4999-a21e-92d2cda410bc/datanode-2/data/ratis/c869108f-8842-42d1-b1bf-768aae0996c2
2019-09-25 05:49:48,147 [pool-429-thread-1] INFO  server.RaftServerConfigKeys (ConfUtils.java:logGet(43)) - raft.server.log.queue.byte-limit = 2147483647 (custom)
2019-09-25 05:49:48,147 [pool-429-thread-1] INFO  server.RaftServerConfigKeys (ConfUtils.java:logGet(43)) - raft.server.log.queue.element-limit = 1024 (custom)
2019-09-25 05:49:48,147 [pool-429-thread-1] INFO  server.RaftServerConfigKeys (ConfUtils.java:logGet(43)) - raft.server.log.segment.size.max = 1048576 (custom)
2019-09-25 05:49:48,148 [pool-429-thread-1] INFO  server.RaftServerConfigKeys (ConfUtils.java:logGet(43)) - raft.server.log.preallocated.size = 16384 (custom)
2019-09-25 05:49:48,148 [pool-429-thread-1] INFO  server.RaftServerConfigKeys (ConfUtils.java:logGet(43)) - raft.server.log.write.buffer.size = 33554432 (custom)
2019-09-25 05:49:48,148 [pool-429-thread-1] INFO  server.RaftServerConfigKeys (ConfUtils.java:logGet(43)) - raft.server.log.force.sync.num = 128 (default)
2019-09-25 05:49:48,148 [pool-429-thread-1] INFO  server.RaftServerConfigKeys (ConfUtils.java:logGet(43)) - raft.server.log.statemachine.data.sync = true (default)
2019-09-25 05:49:48,148 [pool-429-thread-1] INFO  server.RaftServerConfigKeys (ConfUtils.java:logGet(43)) - raft.server.log.statemachine.data.sync.timeout = 10s (default)
2019-09-25 05:49:48,148 [pool-429-thread-1] INFO  server.RaftServerConfigKeys (ConfUtils.java:logGet(43)) - raft.server.log.statemachine.data.sync.timeout.retry = -1 (default)
2019-09-25 05:49:48,148 [pool-429-thread-1] INFO  server.RaftServerConfigKeys (ConfUtils.java:logGet(43)) - raft.server.log.statemachine.data.caching.enabled = true (custom)
2019-09-25 05:49:48,148 [pool-429-thread-1] INFO  segmented.SegmentedRaftLogWorker (SegmentedRaftLogWorker.java:lambda$new$0(132)) - 41cc7451-3c22-4fa0-b0d4-151937985196@group-768AAE0996C2-SegmentedRaftLogWorker: flushIndex: setUnconditionally 0 -> -1
2019-09-25 05:49:48,149 [pool-429-thread-1] INFO  server.RaftServerConfigKeys (ConfUtils.java:logGet(43)) - raft.server.snapshot.auto.trigger.enabled = true (custom)
2019-09-25 05:49:48,149 [pool-429-thread-1] INFO  server.RaftServerConfigKeys (ConfUtils.java:logGet(43)) - raft.server.snapshot.auto.trigger.threshold = 10000 (custom)
2019-09-25 05:49:48,149 [pool-429-thread-1] INFO  server.RaftServerConfigKeys (ConfUtils.java:logGet(43)) - raft.server.snapshot.retention.num.files = 5 (custom)
2019-09-25 05:49:48,149 [pool-429-thread-1] INFO  server.RaftServerConfigKeys (ConfUtils.java:logGet(43)) - raft.server.retrycache.expirytime = 600000ms (custom)
2019-09-25 05:49:48,150 [pool-429-thread-1] INFO  impl.RaftServerImpl (RaftServerImpl.java:start(185)) - 41cc7451-3c22-4fa0-b0d4-151937985196@group-768AAE0996C2: start as a follower, conf=-1: [41cc7451-3c22-4fa0-b0d4-151937985196:192.168.30.10:36622], old=null
2019-09-25 05:49:48,151 [pool-429-thread-1] INFO  impl.RaftServerImpl (RaftServerImpl.java:setRole(174)) - 41cc7451-3c22-4fa0-b0d4-151937985196@group-768AAE0996C2: changes role from      null to FOLLOWER at term 0 for startAsFollower
2019-09-25 05:49:48,151 [pool-429-thread-1] INFO  impl.RoleInfo (RoleInfo.java:updateAndGet(143)) - 41cc7451-3c22-4fa0-b0d4-151937985196: start FollowerState
2019-09-25 05:49:48,151 [pool-429-thread-1] INFO  util.JmxRegister (JmxRegister.java:tryRegister(44)) - Successfully registered JMX Bean with object name Ratis:service=RaftServer,group=group-768AAE0996C2,id=41cc7451-3c22-4fa0-b0d4-151937985196
2019-09-25 05:49:48,153 [RatisPipelineUtilsThread] INFO  pipeline.PipelineStateManager (PipelineStateManager.java:addPipeline(56)) - Created pipeline Pipeline[ Id: c869108f-8842-42d1-b1bf-768aae0996c2, Nodes: 41cc7451-3c22-4fa0-b0d4-151937985196{ip: 192.168.30.10, host: pr-hdds-1569-s62bp-3040748787, networkLocation: /default-rack, certSerialId: null}, Type:RATIS, Factor:ONE, State:OPEN]
2019-09-25 05:49:48,160 [grpc-default-executor-0] INFO  impl.RaftServerProxy (RaftServerProxy.java:addNew(89)) - f67911da-22a7-4cad-9c8f-7bf30371d239: addNew group-E65BDBC429D3:[f67911da-22a7-4cad-9c8f-7bf30371d239:192.168.30.10:40319] returns group-E65BDBC429D3:java.util.concurrent.CompletableFuture@32de4cba[Not completed]
2019-09-25 05:49:48,161 [pool-449-thread-1] INFO  impl.RaftServerImpl (RaftServerImpl.java:<init>(95)) - f67911da-22a7-4cad-9c8f-7bf30371d239: new RaftServerImpl for group-E65BDBC429D3:[f67911da-22a7-4cad-9c8f-7bf30371d239:192.168.30.10:40319] with ContainerStateMachine:uninitialized
2019-09-25 05:49:48,161 [pool-449-thread-1] INFO  server.RaftServerConfigKeys (ConfUtils.java:logGet(43)) - raft.server.rpc.timeout.min = 5s (custom)
2019-09-25 05:49:48,161 [pool-449-thread-1] INFO  server.RaftServerConfigKeys (ConfUtils.java:logGet(43)) - raft.server.rpc.timeout.max = 5200ms (custom)
2019-09-25 05:49:48,161 [pool-449-thread-1] INFO  server.RaftServerConfigKeys (ConfUtils.java:logGet(43)) - raft.server.rpcslowness.timeout = 120s (custom)
2019-09-25 05:49:48,162 [pool-449-thread-1] INFO  server.RaftServerConfigKeys (ConfUtils.java:logGet(43)) - raft.server.sleep.deviation.threshold = 300 (default)
2019-09-25 05:49:48,162 [pool-449-thread-1] INFO  server.RaftServerConfigKeys (ConfUtils.java:logGet(43)) - raft.server.log.appender.install.snapshot.enabled = false (custom)
2019-09-25 05:49:48,162 [pool-449-thread-1] INFO  impl.RaftServerImpl (ServerState.java:<init>(103)) - f67911da-22a7-4cad-9c8f-7bf30371d239@group-E65BDBC429D3: ConfigurationManager, init=-1: [f67911da-22a7-4cad-9c8f-7bf30371d239:192.168.30.10:40319], old=null, confs=<EMPTY_MAP>
2019-09-25 05:49:48,162 [pool-449-thread-1] INFO  server.RaftServerConfigKeys (ConfUtils.java:logGet(43)) - raft.server.storage.dir = [/workdir/hadoop-ozone/integration-test/target/test-dir/MiniOzoneClusterImpl-3371874c-cdf9-4999-a21e-92d2cda410bc/datanode-4/data/ratis] (custom)
2019-09-25 05:49:48,162 [pool-449-thread-1] INFO  storage.RaftStorageDirectory (RaftStorageDirectory.java:analyzeStorage(246)) - The storage directory /workdir/hadoop-ozone/integration-test/target/test-dir/MiniOzoneClusterImpl-3371874c-cdf9-4999-a21e-92d2cda410bc/datanode-4/data/ratis/fee42824-e832-4965-ae8c-e65bdbc429d3 does not exist. Creating ...
2019-09-25 05:49:48,174 [pool-449-thread-1] INFO  storage.RaftStorageDirectory (RaftStorageDirectory.java:tryLock(328)) - Lock on /workdir/hadoop-ozone/integration-test/target/test-dir/MiniOzoneClusterImpl-3371874c-cdf9-4999-a21e-92d2cda410bc/datanode-4/data/ratis/fee42824-e832-4965-ae8c-e65bdbc429d3/in_use.lock acquired by nodename 13539@pr-hdds-1569-s62bp-3040748787
2019-09-25 05:49:48,187 [pool-449-thread-1] INFO  storage.RaftStorage (RaftStorage.java:format(72)) - Storage directory /workdir/hadoop-ozone/integration-test/target/test-dir/MiniOzoneClusterImpl-3371874c-cdf9-4999-a21e-92d2cda410bc/datanode-4/data/ratis/fee42824-e832-4965-ae8c-e65bdbc429d3 has been successfully formatted.
2019-09-25 05:49:48,187 [pool-449-thread-1] INFO  ratis.ContainerStateMachine (ContainerStateMachine.java:loadSnapshot(230)) - group-E65BDBC429D3: The snapshot info is null. Setting the last applied indexto:(t:0, i:~)
2019-09-25 05:49:48,187 [pool-449-thread-1] INFO  server.RaftServerConfigKeys (ConfUtils.java:logGet(43)) - raft.server.notification.no-leader.timeout = 120s (custom)
2019-09-25 05:49:48,187 [pool-449-thread-1] INFO  server.RaftServerConfigKeys (ConfUtils.java:logGet(43)) - raft.server.log.use.memory = false (default)
2019-09-25 05:49:48,188 [pool-449-thread-1] INFO  server.RaftServerConfigKeys (ConfUtils.java:logGet(43)) - raft.server.log.purge.gap = 1000000 (custom)
2019-09-25 05:49:48,188 [pool-449-thread-1] INFO  server.RaftServerConfigKeys (ConfUtils.java:logGet(43)) - raft.server.log.appender.buffer.byte-limit = 33554432 (custom)
2019-09-25 05:49:48,188 [pool-449-thread-1] INFO  server.RaftServerConfigKeys (ConfUtils.java:logGet(43)) - raft.server.log.segment.size.max = 1048576 (custom)
2019-09-25 05:49:48,188 [pool-449-thread-1] INFO  server.RaftServerConfigKeys (ConfUtils.java:logGet(43)) - raft.server.log.segment.cache.num.max = 2 (custom)
2019-09-25 05:49:48,188 [pool-449-thread-1] INFO  segmented.SegmentedRaftLogWorker (SegmentedRaftLogWorker.java:<init>(172)) - new f67911da-22a7-4cad-9c8f-7bf30371d239@group-E65BDBC429D3-SegmentedRaftLogWorker for RaftStorage:Storage Directory /workdir/hadoop-ozone/integration-test/target/test-dir/MiniOzoneClusterImpl-3371874c-cdf9-4999-a21e-92d2cda410bc/datanode-4/data/ratis/fee42824-e832-4965-ae8c-e65bdbc429d3
2019-09-25 05:49:48,190 [pool-449-thread-1] INFO  server.RaftServerConfigKeys (ConfUtils.java:logGet(43)) - raft.server.log.queue.byte-limit = 2147483647 (custom)
2019-09-25 05:49:48,190 [pool-449-thread-1] INFO  server.RaftServerConfigKeys (ConfUtils.java:logGet(43)) - raft.server.log.queue.element-limit = 1024 (custom)
2019-09-25 05:49:48,190 [pool-449-thread-1] INFO  server.RaftServerConfigKeys (ConfUtils.java:logGet(43)) - raft.server.log.segment.size.max = 1048576 (custom)
2019-09-25 05:49:48,190 [pool-449-thread-1] INFO  server.RaftServerConfigKeys (ConfUtils.java:logGet(43)) - raft.server.log.preallocated.size = 16384 (custom)
2019-09-25 05:49:48,190 [pool-449-thread-1] INFO  server.RaftServerConfigKeys (ConfUtils.java:logGet(43)) - raft.server.log.write.buffer.size = 33554432 (custom)
2019-09-25 05:49:48,190 [pool-449-thread-1] INFO  server.RaftServerConfigKeys (ConfUtils.java:logGet(43)) - raft.server.log.force.sync.num = 128 (default)
2019-09-25 05:49:48,190 [pool-449-thread-1] INFO  server.RaftServerConfigKeys (ConfUtils.java:logGet(43)) - raft.server.log.statemachine.data.sync = true (default)
2019-09-25 05:49:48,191 [pool-449-thread-1] INFO  server.RaftServerConfigKeys (ConfUtils.java:logGet(43)) - raft.server.log.statemachine.data.sync.timeout = 10s (default)
2019-09-25 05:49:48,191 [pool-449-thread-1] INFO  server.RaftServerConfigKeys (ConfUtils.java:logGet(43)) - raft.server.log.statemachine.data.sync.timeout.retry = -1 (default)
2019-09-25 05:49:48,191 [pool-449-thread-1] INFO  server.RaftServerConfigKeys (ConfUtils.java:logGet(43)) - raft.server.log.statemachine.data.caching.enabled = true (custom)
2019-09-25 05:49:48,191 [pool-449-thread-1] INFO  segmented.SegmentedRaftLogWorker (SegmentedRaftLogWorker.java:lambda$new$0(132)) - f67911da-22a7-4cad-9c8f-7bf30371d239@group-E65BDBC429D3-SegmentedRaftLogWorker: flushIndex: setUnconditionally 0 -> -1
2019-09-25 05:49:48,191 [pool-449-thread-1] INFO  server.RaftServerConfigKeys (ConfUtils.java:logGet(43)) - raft.server.snapshot.auto.trigger.enabled = true (custom)
2019-09-25 05:49:48,192 [pool-449-thread-1] INFO  server.RaftServerConfigKeys (ConfUtils.java:logGet(43)) - raft.server.snapshot.auto.trigger.threshold = 10000 (custom)
2019-09-25 05:49:48,192 [pool-449-thread-1] INFO  server.RaftServerConfigKeys (ConfUtils.java:logGet(43)) - raft.server.snapshot.retention.num.files = 5 (custom)
2019-09-25 05:49:48,192 [pool-449-thread-1] INFO  server.RaftServerConfigKeys (ConfUtils.java:logGet(43)) - raft.server.retrycache.expirytime = 600000ms (custom)
2019-09-25 05:49:48,193 [pool-449-thread-1] INFO  impl.RaftServerImpl (RaftServerImpl.java:start(185)) - f67911da-22a7-4cad-9c8f-7bf30371d239@group-E65BDBC429D3: start as a follower, conf=-1: [f67911da-22a7-4cad-9c8f-7bf30371d239:192.168.30.10:40319], old=null
2019-09-25 05:49:48,193 [pool-449-thread-1] INFO  impl.RaftServerImpl (RaftServerImpl.java:setRole(174)) - f67911da-22a7-4cad-9c8f-7bf30371d239@group-E65BDBC429D3: changes role from      null to FOLLOWER at term 0 for startAsFollower
2019-09-25 05:49:48,194 [pool-449-thread-1] INFO  impl.RoleInfo (RoleInfo.java:updateAndGet(143)) - f67911da-22a7-4cad-9c8f-7bf30371d239: start FollowerState
2019-09-25 05:49:48,194 [pool-449-thread-1] INFO  util.JmxRegister (JmxRegister.java:tryRegister(44)) - Successfully registered JMX Bean with object name Ratis:service=RaftServer,group=group-E65BDBC429D3,id=f67911da-22a7-4cad-9c8f-7bf30371d239
2019-09-25 05:49:48,195 [RatisPipelineUtilsThread] INFO  pipeline.PipelineStateManager (PipelineStateManager.java:addPipeline(56)) - Created pipeline Pipeline[ Id: fee42824-e832-4965-ae8c-e65bdbc429d3, Nodes: f67911da-22a7-4cad-9c8f-7bf30371d239{ip: 192.168.30.10, host: pr-hdds-1569-s62bp-3040748787, networkLocation: /default-rack, certSerialId: null}, Type:RATIS, Factor:ONE, State:OPEN]
2019-09-25 05:49:48,199 [grpc-default-executor-0] INFO  impl.RaftServerProxy (RaftServerProxy.java:addNew(89)) - f67911da-22a7-4cad-9c8f-7bf30371d239: addNew group-9A999EE53D78:[f67911da-22a7-4cad-9c8f-7bf30371d239:192.168.30.10:40319] returns group-9A999EE53D78:java.util.concurrent.CompletableFuture@45af4c22[Not completed]
2019-09-25 05:49:48,199 [pool-449-thread-1] INFO  impl.RaftServerImpl (RaftServerImpl.java:<init>(95)) - f67911da-22a7-4cad-9c8f-7bf30371d239: new RaftServerImpl for group-9A999EE53D78:[f67911da-22a7-4cad-9c8f-7bf30371d239:192.168.30.10:40319] with ContainerStateMachine:uninitialized
2019-09-25 05:49:48,199 [pool-449-thread-1] INFO  server.RaftServerConfigKeys (ConfUtils.java:logGet(43)) - raft.server.rpc.timeout.min = 5s (custom)
2019-09-25 05:49:48,200 [pool-449-thread-1] INFO  server.RaftServerConfigKeys (ConfUtils.java:logGet(43)) - raft.server.rpc.timeout.max = 5200ms (custom)
2019-09-25 05:49:48,200 [pool-449-thread-1] INFO  server.RaftServerConfigKeys (ConfUtils.java:logGet(43)) - raft.server.rpcslowness.timeout = 120s (custom)
2019-09-25 05:49:48,200 [pool-449-thread-1] INFO  server.RaftServerConfigKeys (ConfUtils.java:logGet(43)) - raft.server.sleep.deviation.threshold = 300 (default)
2019-09-25 05:49:48,200 [pool-449-thread-1] INFO  server.RaftServerConfigKeys (ConfUtils.java:logGet(43)) - raft.server.log.appender.install.snapshot.enabled = false (custom)
2019-09-25 05:49:48,200 [pool-449-thread-1] INFO  impl.RaftServerImpl (ServerState.java:<init>(103)) - f67911da-22a7-4cad-9c8f-7bf30371d239@group-9A999EE53D78: ConfigurationManager, init=-1: [f67911da-22a7-4cad-9c8f-7bf30371d239:192.168.30.10:40319], old=null, confs=<EMPTY_MAP>
2019-09-25 05:49:48,200 [pool-449-thread-1] INFO  server.RaftServerConfigKeys (ConfUtils.java:logGet(43)) - raft.server.storage.dir = [/workdir/hadoop-ozone/integration-test/target/test-dir/MiniOzoneClusterImpl-3371874c-cdf9-4999-a21e-92d2cda410bc/datanode-4/data/ratis] (custom)
2019-09-25 05:49:48,200 [pool-449-thread-1] INFO  storage.RaftStorageDirectory (RaftStorageDirectory.java:analyzeStorage(246)) - The storage directory /workdir/hadoop-ozone/integration-test/target/test-dir/MiniOzoneClusterImpl-3371874c-cdf9-4999-a21e-92d2cda410bc/datanode-4/data/ratis/20466694-c254-418b-bc64-9a999ee53d78 does not exist. Creating ...
2019-09-25 05:49:48,213 [pool-449-thread-1] INFO  storage.RaftStorageDirectory (RaftStorageDirectory.java:tryLock(328)) - Lock on /workdir/hadoop-ozone/integration-test/target/test-dir/MiniOzoneClusterImpl-3371874c-cdf9-4999-a21e-92d2cda410bc/datanode-4/data/ratis/20466694-c254-418b-bc64-9a999ee53d78/in_use.lock acquired by nodename 13539@pr-hdds-1569-s62bp-3040748787
2019-09-25 05:49:48,226 [pool-449-thread-1] INFO  storage.RaftStorage (RaftStorage.java:format(72)) - Storage directory /workdir/hadoop-ozone/integration-test/target/test-dir/MiniOzoneClusterImpl-3371874c-cdf9-4999-a21e-92d2cda410bc/datanode-4/data/ratis/20466694-c254-418b-bc64-9a999ee53d78 has been successfully formatted.
2019-09-25 05:49:48,226 [pool-449-thread-1] INFO  ratis.ContainerStateMachine (ContainerStateMachine.java:loadSnapshot(230)) - group-9A999EE53D78: The snapshot info is null. Setting the last applied indexto:(t:0, i:~)
2019-09-25 05:49:48,226 [pool-449-thread-1] INFO  server.RaftServerConfigKeys (ConfUtils.java:logGet(43)) - raft.server.notification.no-leader.timeout = 120s (custom)
2019-09-25 05:49:48,226 [pool-449-thread-1] INFO  server.RaftServerConfigKeys (ConfUtils.java:logGet(43)) - raft.server.log.use.memory = false (default)
2019-09-25 05:49:48,226 [pool-449-thread-1] INFO  server.RaftServerConfigKeys (ConfUtils.java:logGet(43)) - raft.server.log.purge.gap = 1000000 (custom)
2019-09-25 05:49:48,226 [pool-449-thread-1] INFO  server.RaftServerConfigKeys (ConfUtils.java:logGet(43)) - raft.server.log.appender.buffer.byte-limit = 33554432 (custom)
2019-09-25 05:49:48,227 [pool-449-thread-1] INFO  server.RaftServerConfigKeys (ConfUtils.java:logGet(43)) - raft.server.log.segment.size.max = 1048576 (custom)
2019-09-25 05:49:48,227 [pool-449-thread-1] INFO  server.RaftServerConfigKeys (ConfUtils.java:logGet(43)) - raft.server.log.segment.cache.num.max = 2 (custom)
2019-09-25 05:49:48,227 [pool-449-thread-1] INFO  segmented.SegmentedRaftLogWorker (SegmentedRaftLogWorker.java:<init>(172)) - new f67911da-22a7-4cad-9c8f-7bf30371d239@group-9A999EE53D78-SegmentedRaftLogWorker for RaftStorage:Storage Directory /workdir/hadoop-ozone/integration-test/target/test-dir/MiniOzoneClusterImpl-3371874c-cdf9-4999-a21e-92d2cda410bc/datanode-4/data/ratis/20466694-c254-418b-bc64-9a999ee53d78
2019-09-25 05:49:48,227 [pool-449-thread-1] INFO  server.RaftServerConfigKeys (ConfUtils.java:logGet(43)) - raft.server.log.queue.byte-limit = 2147483647 (custom)
2019-09-25 05:49:48,227 [pool-449-thread-1] INFO  server.RaftServerConfigKeys (ConfUtils.java:logGet(43)) - raft.server.log.queue.element-limit = 1024 (custom)
2019-09-25 05:49:48,227 [pool-449-thread-1] INFO  server.RaftServerConfigKeys (ConfUtils.java:logGet(43)) - raft.server.log.segment.size.max = 1048576 (custom)
2019-09-25 05:49:48,227 [pool-449-thread-1] INFO  server.RaftServerConfigKeys (ConfUtils.java:logGet(43)) - raft.server.log.preallocated.size = 16384 (custom)
2019-09-25 05:49:48,227 [pool-449-thread-1] INFO  server.RaftServerConfigKeys (ConfUtils.java:logGet(43)) - raft.server.log.write.buffer.size = 33554432 (custom)
2019-09-25 05:49:48,228 [pool-449-thread-1] INFO  server.RaftServerConfigKeys (ConfUtils.java:logGet(43)) - raft.server.log.force.sync.num = 128 (default)
2019-09-25 05:49:48,228 [pool-449-thread-1] INFO  server.RaftServerConfigKeys (ConfUtils.java:logGet(43)) - raft.server.log.statemachine.data.sync = true (default)
2019-09-25 05:49:48,228 [pool-449-thread-1] INFO  server.RaftServerConfigKeys (ConfUtils.java:logGet(43)) - raft.server.log.statemachine.data.sync.timeout = 10s (default)
2019-09-25 05:49:48,228 [pool-449-thread-1] INFO  server.RaftServerConfigKeys (ConfUtils.java:logGet(43)) - raft.server.log.statemachine.data.sync.timeout.retry = -1 (default)
2019-09-25 05:49:48,228 [pool-449-thread-1] INFO  server.RaftServerConfigKeys (ConfUtils.java:logGet(43)) - raft.server.log.statemachine.data.caching.enabled = true (custom)
2019-09-25 05:49:48,228 [pool-449-thread-1] INFO  segmented.SegmentedRaftLogWorker (SegmentedRaftLogWorker.java:lambda$new$0(132)) - f67911da-22a7-4cad-9c8f-7bf30371d239@group-9A999EE53D78-SegmentedRaftLogWorker: flushIndex: setUnconditionally 0 -> -1
2019-09-25 05:49:48,229 [pool-449-thread-1] INFO  server.RaftServerConfigKeys (ConfUtils.java:logGet(43)) - raft.server.snapshot.auto.trigger.enabled = true (custom)
2019-09-25 05:49:48,229 [pool-449-thread-1] INFO  server.RaftServerConfigKeys (ConfUtils.java:logGet(43)) - raft.server.snapshot.auto.trigger.threshold = 10000 (custom)
2019-09-25 05:49:48,229 [pool-449-thread-1] INFO  server.RaftServerConfigKeys (ConfUtils.java:logGet(43)) - raft.server.snapshot.retention.num.files = 5 (custom)
2019-09-25 05:49:48,229 [pool-449-thread-1] INFO  server.RaftServerConfigKeys (ConfUtils.java:logGet(43)) - raft.server.retrycache.expirytime = 600000ms (custom)
2019-09-25 05:49:48,230 [pool-449-thread-1] INFO  impl.RaftServerImpl (RaftServerImpl.java:start(185)) - f67911da-22a7-4cad-9c8f-7bf30371d239@group-9A999EE53D78: start as a follower, conf=-1: [f67911da-22a7-4cad-9c8f-7bf30371d239:192.168.30.10:40319], old=null
2019-09-25 05:49:48,231 [pool-449-thread-1] INFO  impl.RaftServerImpl (RaftServerImpl.java:setRole(174)) - f67911da-22a7-4cad-9c8f-7bf30371d239@group-9A999EE53D78: changes role from      null to FOLLOWER at term 0 for startAsFollower
2019-09-25 05:49:48,231 [pool-449-thread-1] INFO  impl.RoleInfo (RoleInfo.java:updateAndGet(143)) - f67911da-22a7-4cad-9c8f-7bf30371d239: start FollowerState
2019-09-25 05:49:48,231 [pool-449-thread-1] INFO  util.JmxRegister (JmxRegister.java:tryRegister(44)) - Successfully registered JMX Bean with object name Ratis:service=RaftServer,group=group-9A999EE53D78,id=f67911da-22a7-4cad-9c8f-7bf30371d239
2019-09-25 05:49:48,233 [RatisPipelineUtilsThread] INFO  pipeline.PipelineStateManager (PipelineStateManager.java:addPipeline(56)) - Created pipeline Pipeline[ Id: 20466694-c254-418b-bc64-9a999ee53d78, Nodes: f67911da-22a7-4cad-9c8f-7bf30371d239{ip: 192.168.30.10, host: pr-hdds-1569-s62bp-3040748787, networkLocation: /default-rack, certSerialId: null}, Type:RATIS, Factor:ONE, State:OPEN]
2019-09-25 05:49:48,236 [grpc-default-executor-0] INFO  impl.RaftServerProxy (RaftServerProxy.java:addNew(89)) - 41cc7451-3c22-4fa0-b0d4-151937985196: addNew group-BF570B9B47FB:[41cc7451-3c22-4fa0-b0d4-151937985196:192.168.30.10:36622] returns group-BF570B9B47FB:java.util.concurrent.CompletableFuture@64a8b9cc[Not completed]
2019-09-25 05:49:48,236 [pool-429-thread-1] INFO  impl.RaftServerImpl (RaftServerImpl.java:<init>(95)) - 41cc7451-3c22-4fa0-b0d4-151937985196: new RaftServerImpl for group-BF570B9B47FB:[41cc7451-3c22-4fa0-b0d4-151937985196:192.168.30.10:36622] with ContainerStateMachine:uninitialized
2019-09-25 05:49:48,236 [pool-429-thread-1] INFO  server.RaftServerConfigKeys (ConfUtils.java:logGet(43)) - raft.server.rpc.timeout.min = 5s (custom)
2019-09-25 05:49:48,236 [pool-429-thread-1] INFO  server.RaftServerConfigKeys (ConfUtils.java:logGet(43)) - raft.server.rpc.timeout.max = 5200ms (custom)
2019-09-25 05:49:48,236 [pool-429-thread-1] INFO  server.RaftServerConfigKeys (ConfUtils.java:logGet(43)) - raft.server.rpcslowness.timeout = 120s (custom)
2019-09-25 05:49:48,237 [pool-429-thread-1] INFO  server.RaftServerConfigKeys (ConfUtils.java:logGet(43)) - raft.server.sleep.deviation.threshold = 300 (default)
2019-09-25 05:49:48,237 [pool-429-thread-1] INFO  server.RaftServerConfigKeys (ConfUtils.java:logGet(43)) - raft.server.log.appender.install.snapshot.enabled = false (custom)
2019-09-25 05:49:48,237 [pool-429-thread-1] INFO  impl.RaftServerImpl (ServerState.java:<init>(103)) - 41cc7451-3c22-4fa0-b0d4-151937985196@group-BF570B9B47FB: ConfigurationManager, init=-1: [41cc7451-3c22-4fa0-b0d4-151937985196:192.168.30.10:36622], old=null, confs=<EMPTY_MAP>
2019-09-25 05:49:48,237 [pool-429-thread-1] INFO  server.RaftServerConfigKeys (ConfUtils.java:logGet(43)) - raft.server.storage.dir = [/workdir/hadoop-ozone/integration-test/target/test-dir/MiniOzoneClusterImpl-3371874c-cdf9-4999-a21e-92d2cda410bc/datanode-2/data/ratis] (custom)
2019-09-25 05:49:48,237 [pool-429-thread-1] INFO  storage.RaftStorageDirectory (RaftStorageDirectory.java:analyzeStorage(246)) - The storage directory /workdir/hadoop-ozone/integration-test/target/test-dir/MiniOzoneClusterImpl-3371874c-cdf9-4999-a21e-92d2cda410bc/datanode-2/data/ratis/95a17e90-eeaf-4270-acf3-bf570b9b47fb does not exist. Creating ...
2019-09-25 05:49:48,267 [pool-429-thread-1] INFO  storage.RaftStorageDirectory (RaftStorageDirectory.java:tryLock(328)) - Lock on /workdir/hadoop-ozone/integration-test/target/test-dir/MiniOzoneClusterImpl-3371874c-cdf9-4999-a21e-92d2cda410bc/datanode-2/data/ratis/95a17e90-eeaf-4270-acf3-bf570b9b47fb/in_use.lock acquired by nodename 13539@pr-hdds-1569-s62bp-3040748787
2019-09-25 05:49:48,280 [pool-429-thread-1] INFO  storage.RaftStorage (RaftStorage.java:format(72)) - Storage directory /workdir/hadoop-ozone/integration-test/target/test-dir/MiniOzoneClusterImpl-3371874c-cdf9-4999-a21e-92d2cda410bc/datanode-2/data/ratis/95a17e90-eeaf-4270-acf3-bf570b9b47fb has been successfully formatted.
2019-09-25 05:49:48,280 [pool-429-thread-1] INFO  ratis.ContainerStateMachine (ContainerStateMachine.java:loadSnapshot(230)) - group-BF570B9B47FB: The snapshot info is null. Setting the last applied indexto:(t:0, i:~)
2019-09-25 05:49:48,280 [pool-429-thread-1] INFO  server.RaftServerConfigKeys (ConfUtils.java:logGet(43)) - raft.server.notification.no-leader.timeout = 120s (custom)
2019-09-25 05:49:48,281 [pool-429-thread-1] INFO  server.RaftServerConfigKeys (ConfUtils.java:logGet(43)) - raft.server.log.use.memory = false (default)
2019-09-25 05:49:48,281 [pool-429-thread-1] INFO  server.RaftServerConfigKeys (ConfUtils.java:logGet(43)) - raft.server.log.purge.gap = 1000000 (custom)
2019-09-25 05:49:48,281 [pool-429-thread-1] INFO  server.RaftServerConfigKeys (ConfUtils.java:logGet(43)) - raft.server.log.appender.buffer.byte-limit = 33554432 (custom)
2019-09-25 05:49:48,281 [pool-429-thread-1] INFO  server.RaftServerConfigKeys (ConfUtils.java:logGet(43)) - raft.server.log.segment.size.max = 1048576 (custom)
2019-09-25 05:49:48,281 [pool-429-thread-1] INFO  server.RaftServerConfigKeys (ConfUtils.java:logGet(43)) - raft.server.log.segment.cache.num.max = 2 (custom)
2019-09-25 05:49:48,281 [pool-429-thread-1] INFO  segmented.SegmentedRaftLogWorker (SegmentedRaftLogWorker.java:<init>(172)) - new 41cc7451-3c22-4fa0-b0d4-151937985196@group-BF570B9B47FB-SegmentedRaftLogWorker for RaftStorage:Storage Directory /workdir/hadoop-ozone/integration-test/target/test-dir/MiniOzoneClusterImpl-3371874c-cdf9-4999-a21e-92d2cda410bc/datanode-2/data/ratis/95a17e90-eeaf-4270-acf3-bf570b9b47fb
2019-09-25 05:49:48,281 [pool-429-thread-1] INFO  server.RaftServerConfigKeys (ConfUtils.java:logGet(43)) - raft.server.log.queue.byte-limit = 2147483647 (custom)
2019-09-25 05:49:48,281 [pool-429-thread-1] INFO  server.RaftServerConfigKeys (ConfUtils.java:logGet(43)) - raft.server.log.queue.element-limit = 1024 (custom)
2019-09-25 05:49:48,282 [pool-429-thread-1] INFO  server.RaftServerConfigKeys (ConfUtils.java:logGet(43)) - raft.server.log.segment.size.max = 1048576 (custom)
2019-09-25 05:49:48,282 [pool-429-thread-1] INFO  server.RaftServerConfigKeys (ConfUtils.java:logGet(43)) - raft.server.log.preallocated.size = 16384 (custom)
2019-09-25 05:49:48,282 [pool-429-thread-1] INFO  server.RaftServerConfigKeys (ConfUtils.java:logGet(43)) - raft.server.log.write.buffer.size = 33554432 (custom)
2019-09-25 05:49:48,282 [pool-429-thread-1] INFO  server.RaftServerConfigKeys (ConfUtils.java:logGet(43)) - raft.server.log.force.sync.num = 128 (default)
2019-09-25 05:49:48,282 [pool-429-thread-1] INFO  server.RaftServerConfigKeys (ConfUtils.java:logGet(43)) - raft.server.log.statemachine.data.sync = true (default)
2019-09-25 05:49:48,282 [pool-429-thread-1] INFO  server.RaftServerConfigKeys (ConfUtils.java:logGet(43)) - raft.server.log.statemachine.data.sync.timeout = 10s (default)
2019-09-25 05:49:48,282 [pool-429-thread-1] INFO  server.RaftServerConfigKeys (ConfUtils.java:logGet(43)) - raft.server.log.statemachine.data.sync.timeout.retry = -1 (default)
2019-09-25 05:49:48,282 [pool-429-thread-1] INFO  server.RaftServerConfigKeys (ConfUtils.java:logGet(43)) - raft.server.log.statemachine.data.caching.enabled = true (custom)
2019-09-25 05:49:48,283 [pool-429-thread-1] INFO  segmented.SegmentedRaftLogWorker (SegmentedRaftLogWorker.java:lambda$new$0(132)) - 41cc7451-3c22-4fa0-b0d4-151937985196@group-BF570B9B47FB-SegmentedRaftLogWorker: flushIndex: setUnconditionally 0 -> -1
2019-09-25 05:49:48,283 [pool-429-thread-1] INFO  server.RaftServerConfigKeys (ConfUtils.java:logGet(43)) - raft.server.snapshot.auto.trigger.enabled = true (custom)
2019-09-25 05:49:48,283 [pool-429-thread-1] INFO  server.RaftServerConfigKeys (ConfUtils.java:logGet(43)) - raft.server.snapshot.auto.trigger.threshold = 10000 (custom)
2019-09-25 05:49:48,283 [pool-429-thread-1] INFO  server.RaftServerConfigKeys (ConfUtils.java:logGet(43)) - raft.server.snapshot.retention.num.files = 5 (custom)
2019-09-25 05:49:48,283 [pool-429-thread-1] INFO  server.RaftServerConfigKeys (ConfUtils.java:logGet(43)) - raft.server.retrycache.expirytime = 600000ms (custom)
2019-09-25 05:49:48,284 [pool-429-thread-1] INFO  impl.RaftServerImpl (RaftServerImpl.java:start(185)) - 41cc7451-3c22-4fa0-b0d4-151937985196@group-BF570B9B47FB: start as a follower, conf=-1: [41cc7451-3c22-4fa0-b0d4-151937985196:192.168.30.10:36622], old=null
2019-09-25 05:49:48,285 [pool-429-thread-1] INFO  impl.RaftServerImpl (RaftServerImpl.java:setRole(174)) - 41cc7451-3c22-4fa0-b0d4-151937985196@group-BF570B9B47FB: changes role from      null to FOLLOWER at term 0 for startAsFollower
2019-09-25 05:49:48,285 [pool-429-thread-1] INFO  impl.RoleInfo (RoleInfo.java:updateAndGet(143)) - 41cc7451-3c22-4fa0-b0d4-151937985196: start FollowerState
2019-09-25 05:49:48,285 [pool-429-thread-1] INFO  util.JmxRegister (JmxRegister.java:tryRegister(44)) - Successfully registered JMX Bean with object name Ratis:service=RaftServer,group=group-BF570B9B47FB,id=41cc7451-3c22-4fa0-b0d4-151937985196
2019-09-25 05:49:48,287 [RatisPipelineUtilsThread] INFO  pipeline.PipelineStateManager (PipelineStateManager.java:addPipeline(56)) - Created pipeline Pipeline[ Id: 95a17e90-eeaf-4270-acf3-bf570b9b47fb, Nodes: 41cc7451-3c22-4fa0-b0d4-151937985196{ip: 192.168.30.10, host: pr-hdds-1569-s62bp-3040748787, networkLocation: /default-rack, certSerialId: null}, Type:RATIS, Factor:ONE, State:OPEN]
2019-09-25 05:49:48,289 [grpc-default-executor-0] INFO  impl.RaftServerProxy (RaftServerProxy.java:addNew(89)) - 49db5453-e576-4a11-af8d-74d98f8d549c: addNew group-F265B14C1C61:[49db5453-e576-4a11-af8d-74d98f8d549c:192.168.30.10:33957] returns group-F265B14C1C61:java.util.concurrent.CompletableFuture@65e7026b[Not completed]
2019-09-25 05:49:48,290 [pool-419-thread-1] INFO  impl.RaftServerImpl (RaftServerImpl.java:<init>(95)) - 49db5453-e576-4a11-af8d-74d98f8d549c: new RaftServerImpl for group-F265B14C1C61:[49db5453-e576-4a11-af8d-74d98f8d549c:192.168.30.10:33957] with ContainerStateMachine:uninitialized
2019-09-25 05:49:48,290 [pool-419-thread-1] INFO  server.RaftServerConfigKeys (ConfUtils.java:logGet(43)) - raft.server.rpc.timeout.min = 5s (custom)
2019-09-25 05:49:48,290 [pool-419-thread-1] INFO  server.RaftServerConfigKeys (ConfUtils.java:logGet(43)) - raft.server.rpc.timeout.max = 5200ms (custom)
2019-09-25 05:49:48,291 [pool-419-thread-1] INFO  server.RaftServerConfigKeys (ConfUtils.java:logGet(43)) - raft.server.rpcslowness.timeout = 120s (custom)
2019-09-25 05:49:48,291 [pool-419-thread-1] INFO  server.RaftServerConfigKeys (ConfUtils.java:logGet(43)) - raft.server.sleep.deviation.threshold = 300 (default)
2019-09-25 05:49:48,291 [pool-419-thread-1] INFO  server.RaftServerConfigKeys (ConfUtils.java:logGet(43)) - raft.server.log.appender.install.snapshot.enabled = false (custom)
2019-09-25 05:49:48,291 [pool-419-thread-1] INFO  impl.RaftServerImpl (ServerState.java:<init>(103)) - 49db5453-e576-4a11-af8d-74d98f8d549c@group-F265B14C1C61: ConfigurationManager, init=-1: [49db5453-e576-4a11-af8d-74d98f8d549c:192.168.30.10:33957], old=null, confs=<EMPTY_MAP>
2019-09-25 05:49:48,291 [pool-419-thread-1] INFO  server.RaftServerConfigKeys (ConfUtils.java:logGet(43)) - raft.server.storage.dir = [/workdir/hadoop-ozone/integration-test/target/test-dir/MiniOzoneClusterImpl-3371874c-cdf9-4999-a21e-92d2cda410bc/datanode-1/data/ratis] (custom)
2019-09-25 05:49:48,291 [pool-419-thread-1] INFO  storage.RaftStorageDirectory (RaftStorageDirectory.java:analyzeStorage(246)) - The storage directory /workdir/hadoop-ozone/integration-test/target/test-dir/MiniOzoneClusterImpl-3371874c-cdf9-4999-a21e-92d2cda410bc/datanode-1/data/ratis/1bfd4703-d624-48e0-9a9a-f265b14c1c61 does not exist. Creating ...
2019-09-25 05:49:48,304 [pool-419-thread-1] INFO  storage.RaftStorageDirectory (RaftStorageDirectory.java:tryLock(328)) - Lock on /workdir/hadoop-ozone/integration-test/target/test-dir/MiniOzoneClusterImpl-3371874c-cdf9-4999-a21e-92d2cda410bc/datanode-1/data/ratis/1bfd4703-d624-48e0-9a9a-f265b14c1c61/in_use.lock acquired by nodename 13539@pr-hdds-1569-s62bp-3040748787
2019-09-25 05:49:48,316 [pool-419-thread-1] INFO  storage.RaftStorage (RaftStorage.java:format(72)) - Storage directory /workdir/hadoop-ozone/integration-test/target/test-dir/MiniOzoneClusterImpl-3371874c-cdf9-4999-a21e-92d2cda410bc/datanode-1/data/ratis/1bfd4703-d624-48e0-9a9a-f265b14c1c61 has been successfully formatted.
2019-09-25 05:49:48,317 [pool-419-thread-1] INFO  ratis.ContainerStateMachine (ContainerStateMachine.java:loadSnapshot(230)) - group-F265B14C1C61: The snapshot info is null. Setting the last applied indexto:(t:0, i:~)
2019-09-25 05:49:48,317 [pool-419-thread-1] INFO  server.RaftServerConfigKeys (ConfUtils.java:logGet(43)) - raft.server.notification.no-leader.timeout = 120s (custom)
2019-09-25 05:49:48,317 [pool-419-thread-1] INFO  server.RaftServerConfigKeys (ConfUtils.java:logGet(43)) - raft.server.log.use.memory = false (default)
2019-09-25 05:49:48,317 [pool-419-thread-1] INFO  server.RaftServerConfigKeys (ConfUtils.java:logGet(43)) - raft.server.log.purge.gap = 1000000 (custom)
2019-09-25 05:49:48,317 [pool-419-thread-1] INFO  server.RaftServerConfigKeys (ConfUtils.java:logGet(43)) - raft.server.log.appender.buffer.byte-limit = 33554432 (custom)
2019-09-25 05:49:48,317 [pool-419-thread-1] INFO  server.RaftServerConfigKeys (ConfUtils.java:logGet(43)) - raft.server.log.segment.size.max = 1048576 (custom)
2019-09-25 05:49:48,317 [pool-419-thread-1] INFO  server.RaftServerConfigKeys (ConfUtils.java:logGet(43)) - raft.server.log.segment.cache.num.max = 2 (custom)
2019-09-25 05:49:48,318 [pool-419-thread-1] INFO  segmented.SegmentedRaftLogWorker (SegmentedRaftLogWorker.java:<init>(172)) - new 49db5453-e576-4a11-af8d-74d98f8d549c@group-F265B14C1C61-SegmentedRaftLogWorker for RaftStorage:Storage Directory /workdir/hadoop-ozone/integration-test/target/test-dir/MiniOzoneClusterImpl-3371874c-cdf9-4999-a21e-92d2cda410bc/datanode-1/data/ratis/1bfd4703-d624-48e0-9a9a-f265b14c1c61
2019-09-25 05:49:48,318 [pool-419-thread-1] INFO  server.RaftServerConfigKeys (ConfUtils.java:logGet(43)) - raft.server.log.queue.byte-limit = 2147483647 (custom)
2019-09-25 05:49:48,318 [pool-419-thread-1] INFO  server.RaftServerConfigKeys (ConfUtils.java:logGet(43)) - raft.server.log.queue.element-limit = 1024 (custom)
2019-09-25 05:49:48,318 [pool-419-thread-1] INFO  server.RaftServerConfigKeys (ConfUtils.java:logGet(43)) - raft.server.log.segment.size.max = 1048576 (custom)
2019-09-25 05:49:48,318 [pool-419-thread-1] INFO  server.RaftServerConfigKeys (ConfUtils.java:logGet(43)) - raft.server.log.preallocated.size = 16384 (custom)
2019-09-25 05:49:48,318 [pool-419-thread-1] INFO  server.RaftServerConfigKeys (ConfUtils.java:logGet(43)) - raft.server.log.write.buffer.size = 33554432 (custom)
2019-09-25 05:49:48,318 [pool-419-thread-1] INFO  server.RaftServerConfigKeys (ConfUtils.java:logGet(43)) - raft.server.log.force.sync.num = 128 (default)
2019-09-25 05:49:48,318 [pool-419-thread-1] INFO  server.RaftServerConfigKeys (ConfUtils.java:logGet(43)) - raft.server.log.statemachine.data.sync = true (default)
2019-09-25 05:49:48,318 [pool-419-thread-1] INFO  server.RaftServerConfigKeys (ConfUtils.java:logGet(43)) - raft.server.log.statemachine.data.sync.timeout = 10s (default)
2019-09-25 05:49:48,319 [pool-419-thread-1] INFO  server.RaftServerConfigKeys (ConfUtils.java:logGet(43)) - raft.server.log.statemachine.data.sync.timeout.retry = -1 (default)
2019-09-25 05:49:48,319 [pool-419-thread-1] INFO  server.RaftServerConfigKeys (ConfUtils.java:logGet(43)) - raft.server.log.statemachine.data.caching.enabled = true (custom)
2019-09-25 05:49:48,319 [pool-419-thread-1] INFO  segmented.SegmentedRaftLogWorker (SegmentedRaftLogWorker.java:lambda$new$0(132)) - 49db5453-e576-4a11-af8d-74d98f8d549c@group-F265B14C1C61-SegmentedRaftLogWorker: flushIndex: setUnconditionally 0 -> -1
2019-09-25 05:49:48,319 [pool-419-thread-1] INFO  server.RaftServerConfigKeys (ConfUtils.java:logGet(43)) - raft.server.snapshot.auto.trigger.enabled = true (custom)
2019-09-25 05:49:48,319 [pool-419-thread-1] INFO  server.RaftServerConfigKeys (ConfUtils.java:logGet(43)) - raft.server.snapshot.auto.trigger.threshold = 10000 (custom)
2019-09-25 05:49:48,320 [pool-419-thread-1] INFO  server.RaftServerConfigKeys (ConfUtils.java:logGet(43)) - raft.server.snapshot.retention.num.files = 5 (custom)
2019-09-25 05:49:48,320 [pool-419-thread-1] INFO  server.RaftServerConfigKeys (ConfUtils.java:logGet(43)) - raft.server.retrycache.expirytime = 600000ms (custom)
2019-09-25 05:49:48,321 [pool-419-thread-1] INFO  impl.RaftServerImpl (RaftServerImpl.java:start(185)) - 49db5453-e576-4a11-af8d-74d98f8d549c@group-F265B14C1C61: start as a follower, conf=-1: [49db5453-e576-4a11-af8d-74d98f8d549c:192.168.30.10:33957], old=null
2019-09-25 05:49:48,321 [pool-419-thread-1] INFO  impl.RaftServerImpl (RaftServerImpl.java:setRole(174)) - 49db5453-e576-4a11-af8d-74d98f8d549c@group-F265B14C1C61: changes role from      null to FOLLOWER at term 0 for startAsFollower
2019-09-25 05:49:48,321 [pool-419-thread-1] INFO  impl.RoleInfo (RoleInfo.java:updateAndGet(143)) - 49db5453-e576-4a11-af8d-74d98f8d549c: start FollowerState
2019-09-25 05:49:48,322 [pool-419-thread-1] INFO  util.JmxRegister (JmxRegister.java:tryRegister(44)) - Successfully registered JMX Bean with object name Ratis:service=RaftServer,group=group-F265B14C1C61,id=49db5453-e576-4a11-af8d-74d98f8d549c
2019-09-25 05:49:48,323 [RatisPipelineUtilsThread] INFO  pipeline.PipelineStateManager (PipelineStateManager.java:addPipeline(56)) - Created pipeline Pipeline[ Id: 1bfd4703-d624-48e0-9a9a-f265b14c1c61, Nodes: 49db5453-e576-4a11-af8d-74d98f8d549c{ip: 192.168.30.10, host: pr-hdds-1569-s62bp-3040748787, networkLocation: /default-rack, certSerialId: null}, Type:RATIS, Factor:ONE, State:OPEN]
2019-09-25 05:49:48,327 [grpc-default-executor-0] INFO  impl.RaftServerProxy (RaftServerProxy.java:addNew(89)) - fc8c9bb1-dbbf-4b8a-ac9f-72a0e03a2e86: addNew group-36F12120368E:[fc8c9bb1-dbbf-4b8a-ac9f-72a0e03a2e86:192.168.30.10:41113] returns group-36F12120368E:java.util.concurrent.CompletableFuture@7c98b083[Not completed]
2019-09-25 05:49:48,327 [pool-459-thread-1] INFO  impl.RaftServerImpl (RaftServerImpl.java:<init>(95)) - fc8c9bb1-dbbf-4b8a-ac9f-72a0e03a2e86: new RaftServerImpl for group-36F12120368E:[fc8c9bb1-dbbf-4b8a-ac9f-72a0e03a2e86:192.168.30.10:41113] with ContainerStateMachine:uninitialized
2019-09-25 05:49:48,327 [pool-459-thread-1] INFO  server.RaftServerConfigKeys (ConfUtils.java:logGet(43)) - raft.server.rpc.timeout.min = 5s (custom)
2019-09-25 05:49:48,327 [pool-459-thread-1] INFO  server.RaftServerConfigKeys (ConfUtils.java:logGet(43)) - raft.server.rpc.timeout.max = 5200ms (custom)
2019-09-25 05:49:48,328 [pool-459-thread-1] INFO  server.RaftServerConfigKeys (ConfUtils.java:logGet(43)) - raft.server.rpcslowness.timeout = 120s (custom)
2019-09-25 05:49:48,328 [pool-459-thread-1] INFO  server.RaftServerConfigKeys (ConfUtils.java:logGet(43)) - raft.server.sleep.deviation.threshold = 300 (default)
2019-09-25 05:49:48,328 [pool-459-thread-1] INFO  server.RaftServerConfigKeys (ConfUtils.java:logGet(43)) - raft.server.log.appender.install.snapshot.enabled = false (custom)
2019-09-25 05:49:48,328 [pool-459-thread-1] INFO  impl.RaftServerImpl (ServerState.java:<init>(103)) - fc8c9bb1-dbbf-4b8a-ac9f-72a0e03a2e86@group-36F12120368E: ConfigurationManager, init=-1: [fc8c9bb1-dbbf-4b8a-ac9f-72a0e03a2e86:192.168.30.10:41113], old=null, confs=<EMPTY_MAP>
2019-09-25 05:49:48,328 [pool-459-thread-1] INFO  server.RaftServerConfigKeys (ConfUtils.java:logGet(43)) - raft.server.storage.dir = [/workdir/hadoop-ozone/integration-test/target/test-dir/MiniOzoneClusterImpl-3371874c-cdf9-4999-a21e-92d2cda410bc/datanode-5/data/ratis] (custom)
2019-09-25 05:49:48,328 [pool-459-thread-1] INFO  storage.RaftStorageDirectory (RaftStorageDirectory.java:analyzeStorage(246)) - The storage directory /workdir/hadoop-ozone/integration-test/target/test-dir/MiniOzoneClusterImpl-3371874c-cdf9-4999-a21e-92d2cda410bc/datanode-5/data/ratis/4b70160c-98cc-4be7-b735-36f12120368e does not exist. Creating ...
2019-09-25 05:49:48,341 [pool-459-thread-1] INFO  storage.RaftStorageDirectory (RaftStorageDirectory.java:tryLock(328)) - Lock on /workdir/hadoop-ozone/integration-test/target/test-dir/MiniOzoneClusterImpl-3371874c-cdf9-4999-a21e-92d2cda410bc/datanode-5/data/ratis/4b70160c-98cc-4be7-b735-36f12120368e/in_use.lock acquired by nodename 13539@pr-hdds-1569-s62bp-3040748787
2019-09-25 05:49:48,354 [pool-459-thread-1] INFO  storage.RaftStorage (RaftStorage.java:format(72)) - Storage directory /workdir/hadoop-ozone/integration-test/target/test-dir/MiniOzoneClusterImpl-3371874c-cdf9-4999-a21e-92d2cda410bc/datanode-5/data/ratis/4b70160c-98cc-4be7-b735-36f12120368e has been successfully formatted.
2019-09-25 05:49:48,354 [pool-459-thread-1] INFO  ratis.ContainerStateMachine (ContainerStateMachine.java:loadSnapshot(230)) - group-36F12120368E: The snapshot info is null. Setting the last applied indexto:(t:0, i:~)
2019-09-25 05:49:48,354 [pool-459-thread-1] INFO  server.RaftServerConfigKeys (ConfUtils.java:logGet(43)) - raft.server.notification.no-leader.timeout = 120s (custom)
2019-09-25 05:49:48,354 [pool-459-thread-1] INFO  server.RaftServerConfigKeys (ConfUtils.java:logGet(43)) - raft.server.log.use.memory = false (default)
2019-09-25 05:49:48,355 [pool-459-thread-1] INFO  server.RaftServerConfigKeys (ConfUtils.java:logGet(43)) - raft.server.log.purge.gap = 1000000 (custom)
2019-09-25 05:49:48,355 [pool-459-thread-1] INFO  server.RaftServerConfigKeys (ConfUtils.java:logGet(43)) - raft.server.log.appender.buffer.byte-limit = 33554432 (custom)
2019-09-25 05:49:48,355 [pool-459-thread-1] INFO  server.RaftServerConfigKeys (ConfUtils.java:logGet(43)) - raft.server.log.segment.size.max = 1048576 (custom)
2019-09-25 05:49:48,355 [pool-459-thread-1] INFO  server.RaftServerConfigKeys (ConfUtils.java:logGet(43)) - raft.server.log.segment.cache.num.max = 2 (custom)
2019-09-25 05:49:48,355 [pool-459-thread-1] INFO  segmented.SegmentedRaftLogWorker (SegmentedRaftLogWorker.java:<init>(172)) - new fc8c9bb1-dbbf-4b8a-ac9f-72a0e03a2e86@group-36F12120368E-SegmentedRaftLogWorker for RaftStorage:Storage Directory /workdir/hadoop-ozone/integration-test/target/test-dir/MiniOzoneClusterImpl-3371874c-cdf9-4999-a21e-92d2cda410bc/datanode-5/data/ratis/4b70160c-98cc-4be7-b735-36f12120368e
2019-09-25 05:49:48,355 [pool-459-thread-1] INFO  server.RaftServerConfigKeys (ConfUtils.java:logGet(43)) - raft.server.log.queue.byte-limit = 2147483647 (custom)
2019-09-25 05:49:48,355 [pool-459-thread-1] INFO  server.RaftServerConfigKeys (ConfUtils.java:logGet(43)) - raft.server.log.queue.element-limit = 1024 (custom)
2019-09-25 05:49:48,355 [pool-459-thread-1] INFO  server.RaftServerConfigKeys (ConfUtils.java:logGet(43)) - raft.server.log.segment.size.max = 1048576 (custom)
2019-09-25 05:49:48,355 [pool-459-thread-1] INFO  server.RaftServerConfigKeys (ConfUtils.java:logGet(43)) - raft.server.log.preallocated.size = 16384 (custom)
2019-09-25 05:49:48,356 [pool-459-thread-1] INFO  server.RaftServerConfigKeys (ConfUtils.java:logGet(43)) - raft.server.log.write.buffer.size = 33554432 (custom)
2019-09-25 05:49:48,356 [pool-459-thread-1] INFO  server.RaftServerConfigKeys (ConfUtils.java:logGet(43)) - raft.server.log.force.sync.num = 128 (default)
2019-09-25 05:49:48,356 [pool-459-thread-1] INFO  server.RaftServerConfigKeys (ConfUtils.java:logGet(43)) - raft.server.log.statemachine.data.sync = true (default)
2019-09-25 05:49:48,356 [pool-459-thread-1] INFO  server.RaftServerConfigKeys (ConfUtils.java:logGet(43)) - raft.server.log.statemachine.data.sync.timeout = 10s (default)
2019-09-25 05:49:48,356 [pool-459-thread-1] INFO  server.RaftServerConfigKeys (ConfUtils.java:logGet(43)) - raft.server.log.statemachine.data.sync.timeout.retry = -1 (default)
2019-09-25 05:49:48,356 [pool-459-thread-1] INFO  server.RaftServerConfigKeys (ConfUtils.java:logGet(43)) - raft.server.log.statemachine.data.caching.enabled = true (custom)
2019-09-25 05:49:48,356 [pool-459-thread-1] INFO  segmented.SegmentedRaftLogWorker (SegmentedRaftLogWorker.java:lambda$new$0(132)) - fc8c9bb1-dbbf-4b8a-ac9f-72a0e03a2e86@group-36F12120368E-SegmentedRaftLogWorker: flushIndex: setUnconditionally 0 -> -1
2019-09-25 05:49:48,357 [pool-459-thread-1] INFO  server.RaftServerConfigKeys (ConfUtils.java:logGet(43)) - raft.server.snapshot.auto.trigger.enabled = true (custom)
2019-09-25 05:49:48,357 [pool-459-thread-1] INFO  server.RaftServerConfigKeys (ConfUtils.java:logGet(43)) - raft.server.snapshot.auto.trigger.threshold = 10000 (custom)
2019-09-25 05:49:48,357 [pool-459-thread-1] INFO  server.RaftServerConfigKeys (ConfUtils.java:logGet(43)) - raft.server.snapshot.retention.num.files = 5 (custom)
2019-09-25 05:49:48,357 [pool-459-thread-1] INFO  server.RaftServerConfigKeys (ConfUtils.java:logGet(43)) - raft.server.retrycache.expirytime = 600000ms (custom)
2019-09-25 05:49:48,358 [pool-459-thread-1] INFO  impl.RaftServerImpl (RaftServerImpl.java:start(185)) - fc8c9bb1-dbbf-4b8a-ac9f-72a0e03a2e86@group-36F12120368E: start as a follower, conf=-1: [fc8c9bb1-dbbf-4b8a-ac9f-72a0e03a2e86:192.168.30.10:41113], old=null
2019-09-25 05:49:48,359 [pool-459-thread-1] INFO  impl.RaftServerImpl (RaftServerImpl.java:setRole(174)) - fc8c9bb1-dbbf-4b8a-ac9f-72a0e03a2e86@group-36F12120368E: changes role from      null to FOLLOWER at term 0 for startAsFollower
2019-09-25 05:49:48,359 [pool-459-thread-1] INFO  impl.RoleInfo (RoleInfo.java:updateAndGet(143)) - fc8c9bb1-dbbf-4b8a-ac9f-72a0e03a2e86: start FollowerState
2019-09-25 05:49:48,359 [pool-459-thread-1] INFO  util.JmxRegister (JmxRegister.java:tryRegister(44)) - Successfully registered JMX Bean with object name Ratis:service=RaftServer,group=group-36F12120368E,id=fc8c9bb1-dbbf-4b8a-ac9f-72a0e03a2e86
2019-09-25 05:49:48,361 [RatisPipelineUtilsThread] INFO  pipeline.PipelineStateManager (PipelineStateManager.java:addPipeline(56)) - Created pipeline Pipeline[ Id: 4b70160c-98cc-4be7-b735-36f12120368e, Nodes: fc8c9bb1-dbbf-4b8a-ac9f-72a0e03a2e86{ip: 192.168.30.10, host: pr-hdds-1569-s62bp-3040748787, networkLocation: /default-rack, certSerialId: null}, Type:RATIS, Factor:ONE, State:OPEN]
2019-09-25 05:49:48,364 [grpc-default-executor-0] INFO  impl.RaftServerProxy (RaftServerProxy.java:addNew(89)) - 41cc7451-3c22-4fa0-b0d4-151937985196: addNew group-367960E757E5:[41cc7451-3c22-4fa0-b0d4-151937985196:192.168.30.10:36622] returns group-367960E757E5:java.util.concurrent.CompletableFuture@4f936c92[Not completed]
2019-09-25 05:49:48,365 [pool-429-thread-1] INFO  impl.RaftServerImpl (RaftServerImpl.java:<init>(95)) - 41cc7451-3c22-4fa0-b0d4-151937985196: new RaftServerImpl for group-367960E757E5:[41cc7451-3c22-4fa0-b0d4-151937985196:192.168.30.10:36622] with ContainerStateMachine:uninitialized
2019-09-25 05:49:48,365 [pool-429-thread-1] INFO  server.RaftServerConfigKeys (ConfUtils.java:logGet(43)) - raft.server.rpc.timeout.min = 5s (custom)
2019-09-25 05:49:48,365 [pool-429-thread-1] INFO  server.RaftServerConfigKeys (ConfUtils.java:logGet(43)) - raft.server.rpc.timeout.max = 5200ms (custom)
2019-09-25 05:49:48,365 [pool-429-thread-1] INFO  server.RaftServerConfigKeys (ConfUtils.java:logGet(43)) - raft.server.rpcslowness.timeout = 120s (custom)
2019-09-25 05:49:48,365 [pool-429-thread-1] INFO  server.RaftServerConfigKeys (ConfUtils.java:logGet(43)) - raft.server.sleep.deviation.threshold = 300 (default)
2019-09-25 05:49:48,365 [pool-429-thread-1] INFO  server.RaftServerConfigKeys (ConfUtils.java:logGet(43)) - raft.server.log.appender.install.snapshot.enabled = false (custom)
2019-09-25 05:49:48,365 [pool-429-thread-1] INFO  impl.RaftServerImpl (ServerState.java:<init>(103)) - 41cc7451-3c22-4fa0-b0d4-151937985196@group-367960E757E5: ConfigurationManager, init=-1: [41cc7451-3c22-4fa0-b0d4-151937985196:192.168.30.10:36622], old=null, confs=<EMPTY_MAP>
2019-09-25 05:49:48,365 [pool-429-thread-1] INFO  server.RaftServerConfigKeys (ConfUtils.java:logGet(43)) - raft.server.storage.dir = [/workdir/hadoop-ozone/integration-test/target/test-dir/MiniOzoneClusterImpl-3371874c-cdf9-4999-a21e-92d2cda410bc/datanode-2/data/ratis] (custom)
2019-09-25 05:49:48,366 [pool-429-thread-1] INFO  storage.RaftStorageDirectory (RaftStorageDirectory.java:analyzeStorage(246)) - The storage directory /workdir/hadoop-ozone/integration-test/target/test-dir/MiniOzoneClusterImpl-3371874c-cdf9-4999-a21e-92d2cda410bc/datanode-2/data/ratis/3a3593ca-8ead-4c9e-8be6-367960e757e5 does not exist. Creating ...
2019-09-25 05:49:48,379 [pool-429-thread-1] INFO  storage.RaftStorageDirectory (RaftStorageDirectory.java:tryLock(328)) - Lock on /workdir/hadoop-ozone/integration-test/target/test-dir/MiniOzoneClusterImpl-3371874c-cdf9-4999-a21e-92d2cda410bc/datanode-2/data/ratis/3a3593ca-8ead-4c9e-8be6-367960e757e5/in_use.lock acquired by nodename 13539@pr-hdds-1569-s62bp-3040748787
2019-09-25 05:49:48,392 [pool-429-thread-1] INFO  storage.RaftStorage (RaftStorage.java:format(72)) - Storage directory /workdir/hadoop-ozone/integration-test/target/test-dir/MiniOzoneClusterImpl-3371874c-cdf9-4999-a21e-92d2cda410bc/datanode-2/data/ratis/3a3593ca-8ead-4c9e-8be6-367960e757e5 has been successfully formatted.
2019-09-25 05:49:48,392 [pool-429-thread-1] INFO  ratis.ContainerStateMachine (ContainerStateMachine.java:loadSnapshot(230)) - group-367960E757E5: The snapshot info is null. Setting the last applied indexto:(t:0, i:~)
2019-09-25 05:49:48,392 [pool-429-thread-1] INFO  server.RaftServerConfigKeys (ConfUtils.java:logGet(43)) - raft.server.notification.no-leader.timeout = 120s (custom)
2019-09-25 05:49:48,392 [pool-429-thread-1] INFO  server.RaftServerConfigKeys (ConfUtils.java:logGet(43)) - raft.server.log.use.memory = false (default)
2019-09-25 05:49:48,392 [pool-429-thread-1] INFO  server.RaftServerConfigKeys (ConfUtils.java:logGet(43)) - raft.server.log.purge.gap = 1000000 (custom)
2019-09-25 05:49:48,392 [pool-429-thread-1] INFO  server.RaftServerConfigKeys (ConfUtils.java:logGet(43)) - raft.server.log.appender.buffer.byte-limit = 33554432 (custom)
2019-09-25 05:49:48,392 [pool-429-thread-1] INFO  server.RaftServerConfigKeys (ConfUtils.java:logGet(43)) - raft.server.log.segment.size.max = 1048576 (custom)
2019-09-25 05:49:48,392 [pool-429-thread-1] INFO  server.RaftServerConfigKeys (ConfUtils.java:logGet(43)) - raft.server.log.segment.cache.num.max = 2 (custom)
2019-09-25 05:49:48,393 [pool-429-thread-1] INFO  segmented.SegmentedRaftLogWorker (SegmentedRaftLogWorker.java:<init>(172)) - new 41cc7451-3c22-4fa0-b0d4-151937985196@group-367960E757E5-SegmentedRaftLogWorker for RaftStorage:Storage Directory /workdir/hadoop-ozone/integration-test/target/test-dir/MiniOzoneClusterImpl-3371874c-cdf9-4999-a21e-92d2cda410bc/datanode-2/data/ratis/3a3593ca-8ead-4c9e-8be6-367960e757e5
2019-09-25 05:49:48,393 [pool-429-thread-1] INFO  server.RaftServerConfigKeys (ConfUtils.java:logGet(43)) - raft.server.log.queue.byte-limit = 2147483647 (custom)
2019-09-25 05:49:48,393 [pool-429-thread-1] INFO  server.RaftServerConfigKeys (ConfUtils.java:logGet(43)) - raft.server.log.queue.element-limit = 1024 (custom)
2019-09-25 05:49:48,393 [pool-429-thread-1] INFO  server.RaftServerConfigKeys (ConfUtils.java:logGet(43)) - raft.server.log.segment.size.max = 1048576 (custom)
2019-09-25 05:49:48,393 [pool-429-thread-1] INFO  server.RaftServerConfigKeys (ConfUtils.java:logGet(43)) - raft.server.log.preallocated.size = 16384 (custom)
2019-09-25 05:49:48,393 [pool-429-thread-1] INFO  server.RaftServerConfigKeys (ConfUtils.java:logGet(43)) - raft.server.log.write.buffer.size = 33554432 (custom)
2019-09-25 05:49:48,393 [pool-429-thread-1] INFO  server.RaftServerConfigKeys (ConfUtils.java:logGet(43)) - raft.server.log.force.sync.num = 128 (default)
2019-09-25 05:49:48,393 [pool-429-thread-1] INFO  server.RaftServerConfigKeys (ConfUtils.java:logGet(43)) - raft.server.log.statemachine.data.sync = true (default)
2019-09-25 05:49:48,393 [pool-429-thread-1] INFO  server.RaftServerConfigKeys (ConfUtils.java:logGet(43)) - raft.server.log.statemachine.data.sync.timeout = 10s (default)
2019-09-25 05:49:48,394 [pool-429-thread-1] INFO  server.RaftServerConfigKeys (ConfUtils.java:logGet(43)) - raft.server.log.statemachine.data.sync.timeout.retry = -1 (default)
2019-09-25 05:49:48,394 [pool-429-thread-1] INFO  server.RaftServerConfigKeys (ConfUtils.java:logGet(43)) - raft.server.log.statemachine.data.caching.enabled = true (custom)
2019-09-25 05:49:48,394 [pool-429-thread-1] INFO  segmented.SegmentedRaftLogWorker (SegmentedRaftLogWorker.java:lambda$new$0(132)) - 41cc7451-3c22-4fa0-b0d4-151937985196@group-367960E757E5-SegmentedRaftLogWorker: flushIndex: setUnconditionally 0 -> -1
2019-09-25 05:49:48,394 [pool-429-thread-1] INFO  server.RaftServerConfigKeys (ConfUtils.java:logGet(43)) - raft.server.snapshot.auto.trigger.enabled = true (custom)
2019-09-25 05:49:48,394 [pool-429-thread-1] INFO  server.RaftServerConfigKeys (ConfUtils.java:logGet(43)) - raft.server.snapshot.auto.trigger.threshold = 10000 (custom)
2019-09-25 05:49:48,395 [pool-429-thread-1] INFO  server.RaftServerConfigKeys (ConfUtils.java:logGet(43)) - raft.server.snapshot.retention.num.files = 5 (custom)
2019-09-25 05:49:48,395 [pool-429-thread-1] INFO  server.RaftServerConfigKeys (ConfUtils.java:logGet(43)) - raft.server.retrycache.expirytime = 600000ms (custom)
2019-09-25 05:49:48,396 [pool-429-thread-1] INFO  impl.RaftServerImpl (RaftServerImpl.java:start(185)) - 41cc7451-3c22-4fa0-b0d4-151937985196@group-367960E757E5: start as a follower, conf=-1: [41cc7451-3c22-4fa0-b0d4-151937985196:192.168.30.10:36622], old=null
2019-09-25 05:49:48,396 [pool-429-thread-1] INFO  impl.RaftServerImpl (RaftServerImpl.java:setRole(174)) - 41cc7451-3c22-4fa0-b0d4-151937985196@group-367960E757E5: changes role from      null to FOLLOWER at term 0 for startAsFollower
2019-09-25 05:49:48,396 [pool-429-thread-1] INFO  impl.RoleInfo (RoleInfo.java:updateAndGet(143)) - 41cc7451-3c22-4fa0-b0d4-151937985196: start FollowerState
2019-09-25 05:49:48,397 [pool-429-thread-1] INFO  util.JmxRegister (JmxRegister.java:tryRegister(44)) - Successfully registered JMX Bean with object name Ratis:service=RaftServer,group=group-367960E757E5,id=41cc7451-3c22-4fa0-b0d4-151937985196
2019-09-25 05:49:48,398 [RatisPipelineUtilsThread] INFO  pipeline.PipelineStateManager (PipelineStateManager.java:addPipeline(56)) - Created pipeline Pipeline[ Id: 3a3593ca-8ead-4c9e-8be6-367960e757e5, Nodes: 41cc7451-3c22-4fa0-b0d4-151937985196{ip: 192.168.30.10, host: pr-hdds-1569-s62bp-3040748787, networkLocation: /default-rack, certSerialId: null}, Type:RATIS, Factor:ONE, State:OPEN]
2019-09-25 05:49:48,399 [RatisPipelineUtilsThread] INFO  pipeline.PipelinePlacementPolicy (PipelinePlacementPolicy.java:meetCriteria(91)) - Pipeline Placement: Doesn't meet the criteria to be viable node： 41cc7451-3c22-4fa0-b0d4-151937985196 Heaviness: 6 limit: 5
2019-09-25 05:49:48,402 [grpc-default-executor-0] INFO  impl.RaftServerProxy (RaftServerProxy.java:addNew(89)) - 01bb1e87-3b88-425d-af88-cd320b9a7275: addNew group-454A52701B35:[01bb1e87-3b88-425d-af88-cd320b9a7275:192.168.30.10:41549] returns group-454A52701B35:java.util.concurrent.CompletableFuture@53edde43[Not completed]
2019-09-25 05:49:48,403 [pool-409-thread-1] INFO  impl.RaftServerImpl (RaftServerImpl.java:<init>(95)) - 01bb1e87-3b88-425d-af88-cd320b9a7275: new RaftServerImpl for group-454A52701B35:[01bb1e87-3b88-425d-af88-cd320b9a7275:192.168.30.10:41549] with ContainerStateMachine:uninitialized
2019-09-25 05:49:48,403 [pool-409-thread-1] INFO  server.RaftServerConfigKeys (ConfUtils.java:logGet(43)) - raft.server.rpc.timeout.min = 5s (custom)
2019-09-25 05:49:48,403 [pool-409-thread-1] INFO  server.RaftServerConfigKeys (ConfUtils.java:logGet(43)) - raft.server.rpc.timeout.max = 5200ms (custom)
2019-09-25 05:49:48,403 [pool-409-thread-1] INFO  server.RaftServerConfigKeys (ConfUtils.java:logGet(43)) - raft.server.rpcslowness.timeout = 120s (custom)
2019-09-25 05:49:48,403 [pool-409-thread-1] INFO  server.RaftServerConfigKeys (ConfUtils.java:logGet(43)) - raft.server.sleep.deviation.threshold = 300 (default)
2019-09-25 05:49:48,403 [pool-409-thread-1] INFO  server.RaftServerConfigKeys (ConfUtils.java:logGet(43)) - raft.server.log.appender.install.snapshot.enabled = false (custom)
2019-09-25 05:49:48,403 [pool-409-thread-1] INFO  impl.RaftServerImpl (ServerState.java:<init>(103)) - 01bb1e87-3b88-425d-af88-cd320b9a7275@group-454A52701B35: ConfigurationManager, init=-1: [01bb1e87-3b88-425d-af88-cd320b9a7275:192.168.30.10:41549], old=null, confs=<EMPTY_MAP>
2019-09-25 05:49:48,403 [pool-409-thread-1] INFO  server.RaftServerConfigKeys (ConfUtils.java:logGet(43)) - raft.server.storage.dir = [/workdir/hadoop-ozone/integration-test/target/test-dir/MiniOzoneClusterImpl-3371874c-cdf9-4999-a21e-92d2cda410bc/datanode-0/data/ratis] (custom)
2019-09-25 05:49:48,404 [pool-409-thread-1] INFO  storage.RaftStorageDirectory (RaftStorageDirectory.java:analyzeStorage(246)) - The storage directory /workdir/hadoop-ozone/integration-test/target/test-dir/MiniOzoneClusterImpl-3371874c-cdf9-4999-a21e-92d2cda410bc/datanode-0/data/ratis/ba4b4847-8477-41f6-ba88-454a52701b35 does not exist. Creating ...
2019-09-25 05:49:48,416 [pool-409-thread-1] INFO  storage.RaftStorageDirectory (RaftStorageDirectory.java:tryLock(328)) - Lock on /workdir/hadoop-ozone/integration-test/target/test-dir/MiniOzoneClusterImpl-3371874c-cdf9-4999-a21e-92d2cda410bc/datanode-0/data/ratis/ba4b4847-8477-41f6-ba88-454a52701b35/in_use.lock acquired by nodename 13539@pr-hdds-1569-s62bp-3040748787
2019-09-25 05:49:48,428 [pool-409-thread-1] INFO  storage.RaftStorage (RaftStorage.java:format(72)) - Storage directory /workdir/hadoop-ozone/integration-test/target/test-dir/MiniOzoneClusterImpl-3371874c-cdf9-4999-a21e-92d2cda410bc/datanode-0/data/ratis/ba4b4847-8477-41f6-ba88-454a52701b35 has been successfully formatted.
2019-09-25 05:49:48,429 [pool-409-thread-1] INFO  ratis.ContainerStateMachine (ContainerStateMachine.java:loadSnapshot(230)) - group-454A52701B35: The snapshot info is null. Setting the last applied indexto:(t:0, i:~)
2019-09-25 05:49:48,429 [pool-409-thread-1] INFO  server.RaftServerConfigKeys (ConfUtils.java:logGet(43)) - raft.server.notification.no-leader.timeout = 120s (custom)
2019-09-25 05:49:48,429 [pool-409-thread-1] INFO  server.RaftServerConfigKeys (ConfUtils.java:logGet(43)) - raft.server.log.use.memory = false (default)
2019-09-25 05:49:48,429 [pool-409-thread-1] INFO  server.RaftServerConfigKeys (ConfUtils.java:logGet(43)) - raft.server.log.purge.gap = 1000000 (custom)
2019-09-25 05:49:48,429 [pool-409-thread-1] INFO  server.RaftServerConfigKeys (ConfUtils.java:logGet(43)) - raft.server.log.appender.buffer.byte-limit = 33554432 (custom)
2019-09-25 05:49:48,429 [pool-409-thread-1] INFO  server.RaftServerConfigKeys (ConfUtils.java:logGet(43)) - raft.server.log.segment.size.max = 1048576 (custom)
2019-09-25 05:49:48,429 [pool-409-thread-1] INFO  server.RaftServerConfigKeys (ConfUtils.java:logGet(43)) - raft.server.log.segment.cache.num.max = 2 (custom)
2019-09-25 05:49:48,429 [pool-409-thread-1] INFO  segmented.SegmentedRaftLogWorker (SegmentedRaftLogWorker.java:<init>(172)) - new 01bb1e87-3b88-425d-af88-cd320b9a7275@group-454A52701B35-SegmentedRaftLogWorker for RaftStorage:Storage Directory /workdir/hadoop-ozone/integration-test/target/test-dir/MiniOzoneClusterImpl-3371874c-cdf9-4999-a21e-92d2cda410bc/datanode-0/data/ratis/ba4b4847-8477-41f6-ba88-454a52701b35
2019-09-25 05:49:48,430 [pool-409-thread-1] INFO  server.RaftServerConfigKeys (ConfUtils.java:logGet(43)) - raft.server.log.queue.byte-limit = 2147483647 (custom)
2019-09-25 05:49:48,430 [pool-409-thread-1] INFO  server.RaftServerConfigKeys (ConfUtils.java:logGet(43)) - raft.server.log.queue.element-limit = 1024 (custom)
2019-09-25 05:49:48,430 [pool-409-thread-1] INFO  server.RaftServerConfigKeys (ConfUtils.java:logGet(43)) - raft.server.log.segment.size.max = 1048576 (custom)
2019-09-25 05:49:48,430 [pool-409-thread-1] INFO  server.RaftServerConfigKeys (ConfUtils.java:logGet(43)) - raft.server.log.preallocated.size = 16384 (custom)
2019-09-25 05:49:48,430 [pool-409-thread-1] INFO  server.RaftServerConfigKeys (ConfUtils.java:logGet(43)) - raft.server.log.write.buffer.size = 33554432 (custom)
2019-09-25 05:49:48,430 [pool-409-thread-1] INFO  server.RaftServerConfigKeys (ConfUtils.java:logGet(43)) - raft.server.log.force.sync.num = 128 (default)
2019-09-25 05:49:48,430 [pool-409-thread-1] INFO  server.RaftServerConfigKeys (ConfUtils.java:logGet(43)) - raft.server.log.statemachine.data.sync = true (default)
2019-09-25 05:49:48,430 [pool-409-thread-1] INFO  server.RaftServerConfigKeys (ConfUtils.java:logGet(43)) - raft.server.log.statemachine.data.sync.timeout = 10s (default)
2019-09-25 05:49:48,430 [pool-409-thread-1] INFO  server.RaftServerConfigKeys (ConfUtils.java:logGet(43)) - raft.server.log.statemachine.data.sync.timeout.retry = -1 (default)
2019-09-25 05:49:48,431 [pool-409-thread-1] INFO  server.RaftServerConfigKeys (ConfUtils.java:logGet(43)) - raft.server.log.statemachine.data.caching.enabled = true (custom)
2019-09-25 05:49:48,431 [pool-409-thread-1] INFO  segmented.SegmentedRaftLogWorker (SegmentedRaftLogWorker.java:lambda$new$0(132)) - 01bb1e87-3b88-425d-af88-cd320b9a7275@group-454A52701B35-SegmentedRaftLogWorker: flushIndex: setUnconditionally 0 -> -1
2019-09-25 05:49:48,431 [pool-409-thread-1] INFO  server.RaftServerConfigKeys (ConfUtils.java:logGet(43)) - raft.server.snapshot.auto.trigger.enabled = true (custom)
2019-09-25 05:49:48,431 [pool-409-thread-1] INFO  server.RaftServerConfigKeys (ConfUtils.java:logGet(43)) - raft.server.snapshot.auto.trigger.threshold = 10000 (custom)
2019-09-25 05:49:48,431 [pool-409-thread-1] INFO  server.RaftServerConfigKeys (ConfUtils.java:logGet(43)) - raft.server.snapshot.retention.num.files = 5 (custom)
2019-09-25 05:49:48,431 [pool-409-thread-1] INFO  server.RaftServerConfigKeys (ConfUtils.java:logGet(43)) - raft.server.retrycache.expirytime = 600000ms (custom)
2019-09-25 05:49:48,433 [pool-409-thread-1] INFO  impl.RaftServerImpl (RaftServerImpl.java:start(185)) - 01bb1e87-3b88-425d-af88-cd320b9a7275@group-454A52701B35: start as a follower, conf=-1: [01bb1e87-3b88-425d-af88-cd320b9a7275:192.168.30.10:41549], old=null
2019-09-25 05:49:48,433 [pool-409-thread-1] INFO  impl.RaftServerImpl (RaftServerImpl.java:setRole(174)) - 01bb1e87-3b88-425d-af88-cd320b9a7275@group-454A52701B35: changes role from      null to FOLLOWER at term 0 for startAsFollower
2019-09-25 05:49:48,433 [pool-409-thread-1] INFO  impl.RoleInfo (RoleInfo.java:updateAndGet(143)) - 01bb1e87-3b88-425d-af88-cd320b9a7275: start FollowerState
2019-09-25 05:49:48,433 [pool-409-thread-1] INFO  util.JmxRegister (JmxRegister.java:tryRegister(44)) - Successfully registered JMX Bean with object name Ratis:service=RaftServer,group=group-454A52701B35,id=01bb1e87-3b88-425d-af88-cd320b9a7275
2019-09-25 05:49:48,435 [RatisPipelineUtilsThread] INFO  pipeline.PipelineStateManager (PipelineStateManager.java:addPipeline(56)) - Created pipeline Pipeline[ Id: ba4b4847-8477-41f6-ba88-454a52701b35, Nodes: 01bb1e87-3b88-425d-af88-cd320b9a7275{ip: 192.168.30.10, host: pr-hdds-1569-s62bp-3040748787, networkLocation: /default-rack, certSerialId: null}, Type:RATIS, Factor:ONE, State:OPEN]
2019-09-25 05:49:48,435 [RatisPipelineUtilsThread] INFO  pipeline.PipelinePlacementPolicy (PipelinePlacementPolicy.java:meetCriteria(91)) - Pipeline Placement: Doesn't meet the criteria to be viable node： 41cc7451-3c22-4fa0-b0d4-151937985196 Heaviness: 6 limit: 5
2019-09-25 05:49:48,439 [grpc-default-executor-0] INFO  impl.RaftServerProxy (RaftServerProxy.java:addNew(89)) - 01bb1e87-3b88-425d-af88-cd320b9a7275: addNew group-536D60464021:[01bb1e87-3b88-425d-af88-cd320b9a7275:192.168.30.10:41549] returns group-536D60464021:java.util.concurrent.CompletableFuture@43b790a6[Not completed]
2019-09-25 05:49:48,439 [pool-409-thread-1] INFO  impl.RaftServerImpl (RaftServerImpl.java:<init>(95)) - 01bb1e87-3b88-425d-af88-cd320b9a7275: new RaftServerImpl for group-536D60464021:[01bb1e87-3b88-425d-af88-cd320b9a7275:192.168.30.10:41549] with ContainerStateMachine:uninitialized
2019-09-25 05:49:48,439 [pool-409-thread-1] INFO  server.RaftServerConfigKeys (ConfUtils.java:logGet(43)) - raft.server.rpc.timeout.min = 5s (custom)
2019-09-25 05:49:48,439 [pool-409-thread-1] INFO  server.RaftServerConfigKeys (ConfUtils.java:logGet(43)) - raft.server.rpc.timeout.max = 5200ms (custom)
2019-09-25 05:49:48,439 [pool-409-thread-1] INFO  server.RaftServerConfigKeys (ConfUtils.java:logGet(43)) - raft.server.rpcslowness.timeout = 120s (custom)
2019-09-25 05:49:48,439 [pool-409-thread-1] INFO  server.RaftServerConfigKeys (ConfUtils.java:logGet(43)) - raft.server.sleep.deviation.threshold = 300 (default)
2019-09-25 05:49:48,440 [pool-409-thread-1] INFO  server.RaftServerConfigKeys (ConfUtils.java:logGet(43)) - raft.server.log.appender.install.snapshot.enabled = false (custom)
2019-09-25 05:49:48,440 [pool-409-thread-1] INFO  impl.RaftServerImpl (ServerState.java:<init>(103)) - 01bb1e87-3b88-425d-af88-cd320b9a7275@group-536D60464021: ConfigurationManager, init=-1: [01bb1e87-3b88-425d-af88-cd320b9a7275:192.168.30.10:41549], old=null, confs=<EMPTY_MAP>
2019-09-25 05:49:48,440 [pool-409-thread-1] INFO  server.RaftServerConfigKeys (ConfUtils.java:logGet(43)) - raft.server.storage.dir = [/workdir/hadoop-ozone/integration-test/target/test-dir/MiniOzoneClusterImpl-3371874c-cdf9-4999-a21e-92d2cda410bc/datanode-0/data/ratis] (custom)
2019-09-25 05:49:48,440 [pool-409-thread-1] INFO  storage.RaftStorageDirectory (RaftStorageDirectory.java:analyzeStorage(246)) - The storage directory /workdir/hadoop-ozone/integration-test/target/test-dir/MiniOzoneClusterImpl-3371874c-cdf9-4999-a21e-92d2cda410bc/datanode-0/data/ratis/e74b4508-25b6-4f5f-a206-536d60464021 does not exist. Creating ...
2019-09-25 05:49:48,453 [pool-409-thread-1] INFO  storage.RaftStorageDirectory (RaftStorageDirectory.java:tryLock(328)) - Lock on /workdir/hadoop-ozone/integration-test/target/test-dir/MiniOzoneClusterImpl-3371874c-cdf9-4999-a21e-92d2cda410bc/datanode-0/data/ratis/e74b4508-25b6-4f5f-a206-536d60464021/in_use.lock acquired by nodename 13539@pr-hdds-1569-s62bp-3040748787
2019-09-25 05:49:48,465 [pool-409-thread-1] INFO  storage.RaftStorage (RaftStorage.java:format(72)) - Storage directory /workdir/hadoop-ozone/integration-test/target/test-dir/MiniOzoneClusterImpl-3371874c-cdf9-4999-a21e-92d2cda410bc/datanode-0/data/ratis/e74b4508-25b6-4f5f-a206-536d60464021 has been successfully formatted.
2019-09-25 05:49:48,465 [pool-409-thread-1] INFO  ratis.ContainerStateMachine (ContainerStateMachine.java:loadSnapshot(230)) - group-536D60464021: The snapshot info is null. Setting the last applied indexto:(t:0, i:~)
2019-09-25 05:49:48,465 [pool-409-thread-1] INFO  server.RaftServerConfigKeys (ConfUtils.java:logGet(43)) - raft.server.notification.no-leader.timeout = 120s (custom)
2019-09-25 05:49:48,465 [pool-409-thread-1] INFO  server.RaftServerConfigKeys (ConfUtils.java:logGet(43)) - raft.server.log.use.memory = false (default)
2019-09-25 05:49:48,465 [pool-409-thread-1] INFO  server.RaftServerConfigKeys (ConfUtils.java:logGet(43)) - raft.server.log.purge.gap = 1000000 (custom)
2019-09-25 05:49:48,466 [pool-409-thread-1] INFO  server.RaftServerConfigKeys (ConfUtils.java:logGet(43)) - raft.server.log.appender.buffer.byte-limit = 33554432 (custom)
2019-09-25 05:49:48,466 [pool-409-thread-1] INFO  server.RaftServerConfigKeys (ConfUtils.java:logGet(43)) - raft.server.log.segment.size.max = 1048576 (custom)
2019-09-25 05:49:48,466 [pool-409-thread-1] INFO  server.RaftServerConfigKeys (ConfUtils.java:logGet(43)) - raft.server.log.segment.cache.num.max = 2 (custom)
2019-09-25 05:49:48,466 [pool-409-thread-1] INFO  segmented.SegmentedRaftLogWorker (SegmentedRaftLogWorker.java:<init>(172)) - new 01bb1e87-3b88-425d-af88-cd320b9a7275@group-536D60464021-SegmentedRaftLogWorker for RaftStorage:Storage Directory /workdir/hadoop-ozone/integration-test/target/test-dir/MiniOzoneClusterImpl-3371874c-cdf9-4999-a21e-92d2cda410bc/datanode-0/data/ratis/e74b4508-25b6-4f5f-a206-536d60464021
2019-09-25 05:49:48,466 [pool-409-thread-1] INFO  server.RaftServerConfigKeys (ConfUtils.java:logGet(43)) - raft.server.log.queue.byte-limit = 2147483647 (custom)
2019-09-25 05:49:48,466 [pool-409-thread-1] INFO  server.RaftServerConfigKeys (ConfUtils.java:logGet(43)) - raft.server.log.queue.element-limit = 1024 (custom)
2019-09-25 05:49:48,466 [pool-409-thread-1] INFO  server.RaftServerConfigKeys (ConfUtils.java:logGet(43)) - raft.server.log.segment.size.max = 1048576 (custom)
2019-09-25 05:49:48,466 [pool-409-thread-1] INFO  server.RaftServerConfigKeys (ConfUtils.java:logGet(43)) - raft.server.log.preallocated.size = 16384 (custom)
2019-09-25 05:49:48,466 [pool-409-thread-1] INFO  server.RaftServerConfigKeys (ConfUtils.java:logGet(43)) - raft.server.log.write.buffer.size = 33554432 (custom)
2019-09-25 05:49:48,467 [pool-409-thread-1] INFO  server.RaftServerConfigKeys (ConfUtils.java:logGet(43)) - raft.server.log.force.sync.num = 128 (default)
2019-09-25 05:49:48,467 [pool-409-thread-1] INFO  server.RaftServerConfigKeys (ConfUtils.java:logGet(43)) - raft.server.log.statemachine.data.sync = true (default)
2019-09-25 05:49:48,467 [pool-409-thread-1] INFO  server.RaftServerConfigKeys (ConfUtils.java:logGet(43)) - raft.server.log.statemachine.data.sync.timeout = 10s (default)
2019-09-25 05:49:48,467 [pool-409-thread-1] INFO  server.RaftServerConfigKeys (ConfUtils.java:logGet(43)) - raft.server.log.statemachine.data.sync.timeout.retry = -1 (default)
2019-09-25 05:49:48,467 [pool-409-thread-1] INFO  server.RaftServerConfigKeys (ConfUtils.java:logGet(43)) - raft.server.log.statemachine.data.caching.enabled = true (custom)
2019-09-25 05:49:48,467 [pool-409-thread-1] INFO  segmented.SegmentedRaftLogWorker (SegmentedRaftLogWorker.java:lambda$new$0(132)) - 01bb1e87-3b88-425d-af88-cd320b9a7275@group-536D60464021-SegmentedRaftLogWorker: flushIndex: setUnconditionally 0 -> -1
2019-09-25 05:49:48,468 [pool-409-thread-1] INFO  server.RaftServerConfigKeys (ConfUtils.java:logGet(43)) - raft.server.snapshot.auto.trigger.enabled = true (custom)
2019-09-25 05:49:48,468 [pool-409-thread-1] INFO  server.RaftServerConfigKeys (ConfUtils.java:logGet(43)) - raft.server.snapshot.auto.trigger.threshold = 10000 (custom)
2019-09-25 05:49:48,468 [pool-409-thread-1] INFO  server.RaftServerConfigKeys (ConfUtils.java:logGet(43)) - raft.server.snapshot.retention.num.files = 5 (custom)
2019-09-25 05:49:48,468 [pool-409-thread-1] INFO  server.RaftServerConfigKeys (ConfUtils.java:logGet(43)) - raft.server.retrycache.expirytime = 600000ms (custom)
2019-09-25 05:49:48,469 [pool-409-thread-1] INFO  impl.RaftServerImpl (RaftServerImpl.java:start(185)) - 01bb1e87-3b88-425d-af88-cd320b9a7275@group-536D60464021: start as a follower, conf=-1: [01bb1e87-3b88-425d-af88-cd320b9a7275:192.168.30.10:41549], old=null
2019-09-25 05:49:48,469 [pool-409-thread-1] INFO  impl.RaftServerImpl (RaftServerImpl.java:setRole(174)) - 01bb1e87-3b88-425d-af88-cd320b9a7275@group-536D60464021: changes role from      null to FOLLOWER at term 0 for startAsFollower
2019-09-25 05:49:48,469 [pool-409-thread-1] INFO  impl.RoleInfo (RoleInfo.java:updateAndGet(143)) - 01bb1e87-3b88-425d-af88-cd320b9a7275: start FollowerState
2019-09-25 05:49:48,470 [pool-409-thread-1] INFO  util.JmxRegister (JmxRegister.java:tryRegister(44)) - Successfully registered JMX Bean with object name Ratis:service=RaftServer,group=group-536D60464021,id=01bb1e87-3b88-425d-af88-cd320b9a7275
2019-09-25 05:49:48,472 [RatisPipelineUtilsThread] INFO  pipeline.PipelineStateManager (PipelineStateManager.java:addPipeline(56)) - Created pipeline Pipeline[ Id: e74b4508-25b6-4f5f-a206-536d60464021, Nodes: 01bb1e87-3b88-425d-af88-cd320b9a7275{ip: 192.168.30.10, host: pr-hdds-1569-s62bp-3040748787, networkLocation: /default-rack, certSerialId: null}, Type:RATIS, Factor:ONE, State:OPEN]
2019-09-25 05:49:48,472 [RatisPipelineUtilsThread] INFO  pipeline.PipelinePlacementPolicy (PipelinePlacementPolicy.java:meetCriteria(91)) - Pipeline Placement: Doesn't meet the criteria to be viable node： 01bb1e87-3b88-425d-af88-cd320b9a7275 Heaviness: 6 limit: 5
2019-09-25 05:49:48,472 [RatisPipelineUtilsThread] INFO  pipeline.PipelinePlacementPolicy (PipelinePlacementPolicy.java:meetCriteria(91)) - Pipeline Placement: Doesn't meet the criteria to be viable node： 41cc7451-3c22-4fa0-b0d4-151937985196 Heaviness: 6 limit: 5
2019-09-25 05:49:48,475 [grpc-default-executor-0] INFO  impl.RaftServerProxy (RaftServerProxy.java:addNew(89)) - 44082f05-803b-4c97-a9e5-c320db8eea77: addNew group-59F6536967B4:[44082f05-803b-4c97-a9e5-c320db8eea77:192.168.30.10:44033] returns group-59F6536967B4:java.util.concurrent.CompletableFuture@57cdd2d6[Not completed]
2019-09-25 05:49:48,476 [pool-439-thread-1] INFO  impl.RaftServerImpl (RaftServerImpl.java:<init>(95)) - 44082f05-803b-4c97-a9e5-c320db8eea77: new RaftServerImpl for group-59F6536967B4:[44082f05-803b-4c97-a9e5-c320db8eea77:192.168.30.10:44033] with ContainerStateMachine:uninitialized
2019-09-25 05:49:48,476 [pool-439-thread-1] INFO  server.RaftServerConfigKeys (ConfUtils.java:logGet(43)) - raft.server.rpc.timeout.min = 5s (custom)
2019-09-25 05:49:48,476 [pool-439-thread-1] INFO  server.RaftServerConfigKeys (ConfUtils.java:logGet(43)) - raft.server.rpc.timeout.max = 5200ms (custom)
2019-09-25 05:49:48,476 [pool-439-thread-1] INFO  server.RaftServerConfigKeys (ConfUtils.java:logGet(43)) - raft.server.rpcslowness.timeout = 120s (custom)
2019-09-25 05:49:48,476 [pool-439-thread-1] INFO  server.RaftServerConfigKeys (ConfUtils.java:logGet(43)) - raft.server.sleep.deviation.threshold = 300 (default)
2019-09-25 05:49:48,476 [pool-439-thread-1] INFO  server.RaftServerConfigKeys (ConfUtils.java:logGet(43)) - raft.server.log.appender.install.snapshot.enabled = false (custom)
2019-09-25 05:49:48,476 [pool-439-thread-1] INFO  impl.RaftServerImpl (ServerState.java:<init>(103)) - 44082f05-803b-4c97-a9e5-c320db8eea77@group-59F6536967B4: ConfigurationManager, init=-1: [44082f05-803b-4c97-a9e5-c320db8eea77:192.168.30.10:44033], old=null, confs=<EMPTY_MAP>
2019-09-25 05:49:48,477 [pool-439-thread-1] INFO  server.RaftServerConfigKeys (ConfUtils.java:logGet(43)) - raft.server.storage.dir = [/workdir/hadoop-ozone/integration-test/target/test-dir/MiniOzoneClusterImpl-3371874c-cdf9-4999-a21e-92d2cda410bc/datanode-3/data/ratis] (custom)
2019-09-25 05:49:48,477 [pool-439-thread-1] INFO  storage.RaftStorageDirectory (RaftStorageDirectory.java:analyzeStorage(246)) - The storage directory /workdir/hadoop-ozone/integration-test/target/test-dir/MiniOzoneClusterImpl-3371874c-cdf9-4999-a21e-92d2cda410bc/datanode-3/data/ratis/434b031a-e852-4639-889c-59f6536967b4 does not exist. Creating ...
2019-09-25 05:49:48,492 [pool-439-thread-1] INFO  storage.RaftStorageDirectory (RaftStorageDirectory.java:tryLock(328)) - Lock on /workdir/hadoop-ozone/integration-test/target/test-dir/MiniOzoneClusterImpl-3371874c-cdf9-4999-a21e-92d2cda410bc/datanode-3/data/ratis/434b031a-e852-4639-889c-59f6536967b4/in_use.lock acquired by nodename 13539@pr-hdds-1569-s62bp-3040748787
2019-09-25 05:49:48,505 [pool-439-thread-1] INFO  storage.RaftStorage (RaftStorage.java:format(72)) - Storage directory /workdir/hadoop-ozone/integration-test/target/test-dir/MiniOzoneClusterImpl-3371874c-cdf9-4999-a21e-92d2cda410bc/datanode-3/data/ratis/434b031a-e852-4639-889c-59f6536967b4 has been successfully formatted.
2019-09-25 05:49:48,505 [pool-439-thread-1] INFO  ratis.ContainerStateMachine (ContainerStateMachine.java:loadSnapshot(230)) - group-59F6536967B4: The snapshot info is null. Setting the last applied indexto:(t:0, i:~)
2019-09-25 05:49:48,506 [pool-439-thread-1] INFO  server.RaftServerConfigKeys (ConfUtils.java:logGet(43)) - raft.server.notification.no-leader.timeout = 120s (custom)
2019-09-25 05:49:48,506 [pool-439-thread-1] INFO  server.RaftServerConfigKeys (ConfUtils.java:logGet(43)) - raft.server.log.use.memory = false (default)
2019-09-25 05:49:48,506 [pool-439-thread-1] INFO  server.RaftServerConfigKeys (ConfUtils.java:logGet(43)) - raft.server.log.purge.gap = 1000000 (custom)
2019-09-25 05:49:48,506 [pool-439-thread-1] INFO  server.RaftServerConfigKeys (ConfUtils.java:logGet(43)) - raft.server.log.appender.buffer.byte-limit = 33554432 (custom)
2019-09-25 05:49:48,506 [pool-439-thread-1] INFO  server.RaftServerConfigKeys (ConfUtils.java:logGet(43)) - raft.server.log.segment.size.max = 1048576 (custom)
2019-09-25 05:49:48,506 [pool-439-thread-1] INFO  server.RaftServerConfigKeys (ConfUtils.java:logGet(43)) - raft.server.log.segment.cache.num.max = 2 (custom)
2019-09-25 05:49:48,506 [pool-439-thread-1] INFO  segmented.SegmentedRaftLogWorker (SegmentedRaftLogWorker.java:<init>(172)) - new 44082f05-803b-4c97-a9e5-c320db8eea77@group-59F6536967B4-SegmentedRaftLogWorker for RaftStorage:Storage Directory /workdir/hadoop-ozone/integration-test/target/test-dir/MiniOzoneClusterImpl-3371874c-cdf9-4999-a21e-92d2cda410bc/datanode-3/data/ratis/434b031a-e852-4639-889c-59f6536967b4
2019-09-25 05:49:48,506 [pool-439-thread-1] INFO  server.RaftServerConfigKeys (ConfUtils.java:logGet(43)) - raft.server.log.queue.byte-limit = 2147483647 (custom)
2019-09-25 05:49:48,507 [pool-439-thread-1] INFO  server.RaftServerConfigKeys (ConfUtils.java:logGet(43)) - raft.server.log.queue.element-limit = 1024 (custom)
2019-09-25 05:49:48,507 [pool-439-thread-1] INFO  server.RaftServerConfigKeys (ConfUtils.java:logGet(43)) - raft.server.log.segment.size.max = 1048576 (custom)
2019-09-25 05:49:48,507 [pool-439-thread-1] INFO  server.RaftServerConfigKeys (ConfUtils.java:logGet(43)) - raft.server.log.preallocated.size = 16384 (custom)
2019-09-25 05:49:48,507 [pool-439-thread-1] INFO  server.RaftServerConfigKeys (ConfUtils.java:logGet(43)) - raft.server.log.write.buffer.size = 33554432 (custom)
2019-09-25 05:49:48,507 [pool-439-thread-1] INFO  server.RaftServerConfigKeys (ConfUtils.java:logGet(43)) - raft.server.log.force.sync.num = 128 (default)
2019-09-25 05:49:48,507 [pool-439-thread-1] INFO  server.RaftServerConfigKeys (ConfUtils.java:logGet(43)) - raft.server.log.statemachine.data.sync = true (default)
2019-09-25 05:49:48,507 [pool-439-thread-1] INFO  server.RaftServerConfigKeys (ConfUtils.java:logGet(43)) - raft.server.log.statemachine.data.sync.timeout = 10s (default)
2019-09-25 05:49:48,507 [pool-439-thread-1] INFO  server.RaftServerConfigKeys (ConfUtils.java:logGet(43)) - raft.server.log.statemachine.data.sync.timeout.retry = -1 (default)
2019-09-25 05:49:48,507 [pool-439-thread-1] INFO  server.RaftServerConfigKeys (ConfUtils.java:logGet(43)) - raft.server.log.statemachine.data.caching.enabled = true (custom)
2019-09-25 05:49:48,508 [pool-439-thread-1] INFO  segmented.SegmentedRaftLogWorker (SegmentedRaftLogWorker.java:lambda$new$0(132)) - 44082f05-803b-4c97-a9e5-c320db8eea77@group-59F6536967B4-SegmentedRaftLogWorker: flushIndex: setUnconditionally 0 -> -1
2019-09-25 05:49:48,508 [pool-439-thread-1] INFO  server.RaftServerConfigKeys (ConfUtils.java:logGet(43)) - raft.server.snapshot.auto.trigger.enabled = true (custom)
2019-09-25 05:49:48,508 [pool-439-thread-1] INFO  server.RaftServerConfigKeys (ConfUtils.java:logGet(43)) - raft.server.snapshot.auto.trigger.threshold = 10000 (custom)
2019-09-25 05:49:48,508 [pool-439-thread-1] INFO  server.RaftServerConfigKeys (ConfUtils.java:logGet(43)) - raft.server.snapshot.retention.num.files = 5 (custom)
2019-09-25 05:49:48,508 [pool-439-thread-1] INFO  server.RaftServerConfigKeys (ConfUtils.java:logGet(43)) - raft.server.retrycache.expirytime = 600000ms (custom)
2019-09-25 05:49:48,510 [pool-439-thread-1] INFO  impl.RaftServerImpl (RaftServerImpl.java:start(185)) - 44082f05-803b-4c97-a9e5-c320db8eea77@group-59F6536967B4: start as a follower, conf=-1: [44082f05-803b-4c97-a9e5-c320db8eea77:192.168.30.10:44033], old=null
2019-09-25 05:49:48,510 [pool-439-thread-1] INFO  impl.RaftServerImpl (RaftServerImpl.java:setRole(174)) - 44082f05-803b-4c97-a9e5-c320db8eea77@group-59F6536967B4: changes role from      null to FOLLOWER at term 0 for startAsFollower
2019-09-25 05:49:48,510 [pool-439-thread-1] INFO  impl.RoleInfo (RoleInfo.java:updateAndGet(143)) - 44082f05-803b-4c97-a9e5-c320db8eea77: start FollowerState
2019-09-25 05:49:48,510 [pool-439-thread-1] INFO  util.JmxRegister (JmxRegister.java:tryRegister(44)) - Successfully registered JMX Bean with object name Ratis:service=RaftServer,group=group-59F6536967B4,id=44082f05-803b-4c97-a9e5-c320db8eea77
2019-09-25 05:49:48,512 [RatisPipelineUtilsThread] INFO  pipeline.PipelineStateManager (PipelineStateManager.java:addPipeline(56)) - Created pipeline Pipeline[ Id: 434b031a-e852-4639-889c-59f6536967b4, Nodes: 44082f05-803b-4c97-a9e5-c320db8eea77{ip: 192.168.30.10, host: pr-hdds-1569-s62bp-3040748787, networkLocation: /default-rack, certSerialId: null}, Type:RATIS, Factor:ONE, State:OPEN]
2019-09-25 05:49:48,512 [RatisPipelineUtilsThread] INFO  pipeline.PipelinePlacementPolicy (PipelinePlacementPolicy.java:meetCriteria(91)) - Pipeline Placement: Doesn't meet the criteria to be viable node： 01bb1e87-3b88-425d-af88-cd320b9a7275 Heaviness: 6 limit: 5
2019-09-25 05:49:48,512 [RatisPipelineUtilsThread] INFO  pipeline.PipelinePlacementPolicy (PipelinePlacementPolicy.java:meetCriteria(91)) - Pipeline Placement: Doesn't meet the criteria to be viable node： 41cc7451-3c22-4fa0-b0d4-151937985196 Heaviness: 6 limit: 5
2019-09-25 05:49:48,516 [grpc-default-executor-0] INFO  impl.RaftServerProxy (RaftServerProxy.java:addNew(89)) - 49db5453-e576-4a11-af8d-74d98f8d549c: addNew group-CC2817FB673C:[49db5453-e576-4a11-af8d-74d98f8d549c:192.168.30.10:33957] returns group-CC2817FB673C:java.util.concurrent.CompletableFuture@1beec24e[Not completed]
2019-09-25 05:49:48,517 [pool-419-thread-1] INFO  impl.RaftServerImpl (RaftServerImpl.java:<init>(95)) - 49db5453-e576-4a11-af8d-74d98f8d549c: new RaftServerImpl for group-CC2817FB673C:[49db5453-e576-4a11-af8d-74d98f8d549c:192.168.30.10:33957] with ContainerStateMachine:uninitialized
2019-09-25 05:49:48,517 [pool-419-thread-1] INFO  server.RaftServerConfigKeys (ConfUtils.java:logGet(43)) - raft.server.rpc.timeout.min = 5s (custom)
2019-09-25 05:49:48,517 [pool-419-thread-1] INFO  server.RaftServerConfigKeys (ConfUtils.java:logGet(43)) - raft.server.rpc.timeout.max = 5200ms (custom)
2019-09-25 05:49:48,517 [pool-419-thread-1] INFO  server.RaftServerConfigKeys (ConfUtils.java:logGet(43)) - raft.server.rpcslowness.timeout = 120s (custom)
2019-09-25 05:49:48,517 [pool-419-thread-1] INFO  server.RaftServerConfigKeys (ConfUtils.java:logGet(43)) - raft.server.sleep.deviation.threshold = 300 (default)
2019-09-25 05:49:48,517 [pool-419-thread-1] INFO  server.RaftServerConfigKeys (ConfUtils.java:logGet(43)) - raft.server.log.appender.install.snapshot.enabled = false (custom)
2019-09-25 05:49:48,517 [pool-419-thread-1] INFO  impl.RaftServerImpl (ServerState.java:<init>(103)) - 49db5453-e576-4a11-af8d-74d98f8d549c@group-CC2817FB673C: ConfigurationManager, init=-1: [49db5453-e576-4a11-af8d-74d98f8d549c:192.168.30.10:33957], old=null, confs=<EMPTY_MAP>
2019-09-25 05:49:48,518 [pool-419-thread-1] INFO  server.RaftServerConfigKeys (ConfUtils.java:logGet(43)) - raft.server.storage.dir = [/workdir/hadoop-ozone/integration-test/target/test-dir/MiniOzoneClusterImpl-3371874c-cdf9-4999-a21e-92d2cda410bc/datanode-1/data/ratis] (custom)
2019-09-25 05:49:48,518 [pool-419-thread-1] INFO  storage.RaftStorageDirectory (RaftStorageDirectory.java:analyzeStorage(246)) - The storage directory /workdir/hadoop-ozone/integration-test/target/test-dir/MiniOzoneClusterImpl-3371874c-cdf9-4999-a21e-92d2cda410bc/datanode-1/data/ratis/4ed3812f-7bb7-4c98-b3ae-cc2817fb673c does not exist. Creating ...
2019-09-25 05:49:48,531 [pool-419-thread-1] INFO  storage.RaftStorageDirectory (RaftStorageDirectory.java:tryLock(328)) - Lock on /workdir/hadoop-ozone/integration-test/target/test-dir/MiniOzoneClusterImpl-3371874c-cdf9-4999-a21e-92d2cda410bc/datanode-1/data/ratis/4ed3812f-7bb7-4c98-b3ae-cc2817fb673c/in_use.lock acquired by nodename 13539@pr-hdds-1569-s62bp-3040748787
2019-09-25 05:49:48,545 [pool-419-thread-1] INFO  storage.RaftStorage (RaftStorage.java:format(72)) - Storage directory /workdir/hadoop-ozone/integration-test/target/test-dir/MiniOzoneClusterImpl-3371874c-cdf9-4999-a21e-92d2cda410bc/datanode-1/data/ratis/4ed3812f-7bb7-4c98-b3ae-cc2817fb673c has been successfully formatted.
2019-09-25 05:49:48,545 [pool-419-thread-1] INFO  ratis.ContainerStateMachine (ContainerStateMachine.java:loadSnapshot(230)) - group-CC2817FB673C: The snapshot info is null. Setting the last applied indexto:(t:0, i:~)
2019-09-25 05:49:48,545 [pool-419-thread-1] INFO  server.RaftServerConfigKeys (ConfUtils.java:logGet(43)) - raft.server.notification.no-leader.timeout = 120s (custom)
2019-09-25 05:49:48,545 [pool-419-thread-1] INFO  server.RaftServerConfigKeys (ConfUtils.java:logGet(43)) - raft.server.log.use.memory = false (default)
2019-09-25 05:49:48,545 [pool-419-thread-1] INFO  server.RaftServerConfigKeys (ConfUtils.java:logGet(43)) - raft.server.log.purge.gap = 1000000 (custom)
2019-09-25 05:49:48,545 [pool-419-thread-1] INFO  server.RaftServerConfigKeys (ConfUtils.java:logGet(43)) - raft.server.log.appender.buffer.byte-limit = 33554432 (custom)
2019-09-25 05:49:48,546 [pool-419-thread-1] INFO  server.RaftServerConfigKeys (ConfUtils.java:logGet(43)) - raft.server.log.segment.size.max = 1048576 (custom)
2019-09-25 05:49:48,546 [pool-419-thread-1] INFO  server.RaftServerConfigKeys (ConfUtils.java:logGet(43)) - raft.server.log.segment.cache.num.max = 2 (custom)
2019-09-25 05:49:48,546 [pool-419-thread-1] INFO  segmented.SegmentedRaftLogWorker (SegmentedRaftLogWorker.java:<init>(172)) - new 49db5453-e576-4a11-af8d-74d98f8d549c@group-CC2817FB673C-SegmentedRaftLogWorker for RaftStorage:Storage Directory /workdir/hadoop-ozone/integration-test/target/test-dir/MiniOzoneClusterImpl-3371874c-cdf9-4999-a21e-92d2cda410bc/datanode-1/data/ratis/4ed3812f-7bb7-4c98-b3ae-cc2817fb673c
2019-09-25 05:49:48,546 [pool-419-thread-1] INFO  server.RaftServerConfigKeys (ConfUtils.java:logGet(43)) - raft.server.log.queue.byte-limit = 2147483647 (custom)
2019-09-25 05:49:48,546 [pool-419-thread-1] INFO  server.RaftServerConfigKeys (ConfUtils.java:logGet(43)) - raft.server.log.queue.element-limit = 1024 (custom)
2019-09-25 05:49:48,546 [pool-419-thread-1] INFO  server.RaftServerConfigKeys (ConfUtils.java:logGet(43)) - raft.server.log.segment.size.max = 1048576 (custom)
2019-09-25 05:49:48,546 [pool-419-thread-1] INFO  server.RaftServerConfigKeys (ConfUtils.java:logGet(43)) - raft.server.log.preallocated.size = 16384 (custom)
2019-09-25 05:49:48,546 [pool-419-thread-1] INFO  server.RaftServerConfigKeys (ConfUtils.java:logGet(43)) - raft.server.log.write.buffer.size = 33554432 (custom)
2019-09-25 05:49:48,547 [pool-419-thread-1] INFO  server.RaftServerConfigKeys (ConfUtils.java:logGet(43)) - raft.server.log.force.sync.num = 128 (default)
2019-09-25 05:49:48,547 [pool-419-thread-1] INFO  server.RaftServerConfigKeys (ConfUtils.java:logGet(43)) - raft.server.log.statemachine.data.sync = true (default)
2019-09-25 05:49:48,547 [pool-419-thread-1] INFO  server.RaftServerConfigKeys (ConfUtils.java:logGet(43)) - raft.server.log.statemachine.data.sync.timeout = 10s (default)
2019-09-25 05:49:48,547 [pool-419-thread-1] INFO  server.RaftServerConfigKeys (ConfUtils.java:logGet(43)) - raft.server.log.statemachine.data.sync.timeout.retry = -1 (default)
2019-09-25 05:49:48,547 [pool-419-thread-1] INFO  server.RaftServerConfigKeys (ConfUtils.java:logGet(43)) - raft.server.log.statemachine.data.caching.enabled = true (custom)
2019-09-25 05:49:48,547 [pool-419-thread-1] INFO  segmented.SegmentedRaftLogWorker (SegmentedRaftLogWorker.java:lambda$new$0(132)) - 49db5453-e576-4a11-af8d-74d98f8d549c@group-CC2817FB673C-SegmentedRaftLogWorker: flushIndex: setUnconditionally 0 -> -1
2019-09-25 05:49:48,548 [pool-419-thread-1] INFO  server.RaftServerConfigKeys (ConfUtils.java:logGet(43)) - raft.server.snapshot.auto.trigger.enabled = true (custom)
2019-09-25 05:49:48,548 [pool-419-thread-1] INFO  server.RaftServerConfigKeys (ConfUtils.java:logGet(43)) - raft.server.snapshot.auto.trigger.threshold = 10000 (custom)
2019-09-25 05:49:48,548 [pool-419-thread-1] INFO  server.RaftServerConfigKeys (ConfUtils.java:logGet(43)) - raft.server.snapshot.retention.num.files = 5 (custom)
2019-09-25 05:49:48,548 [pool-419-thread-1] INFO  server.RaftServerConfigKeys (ConfUtils.java:logGet(43)) - raft.server.retrycache.expirytime = 600000ms (custom)
2019-09-25 05:49:48,550 [pool-419-thread-1] INFO  impl.RaftServerImpl (RaftServerImpl.java:start(185)) - 49db5453-e576-4a11-af8d-74d98f8d549c@group-CC2817FB673C: start as a follower, conf=-1: [49db5453-e576-4a11-af8d-74d98f8d549c:192.168.30.10:33957], old=null
2019-09-25 05:49:48,550 [pool-419-thread-1] INFO  impl.RaftServerImpl (RaftServerImpl.java:setRole(174)) - 49db5453-e576-4a11-af8d-74d98f8d549c@group-CC2817FB673C: changes role from      null to FOLLOWER at term 0 for startAsFollower
2019-09-25 05:49:48,550 [pool-419-thread-1] INFO  impl.RoleInfo (RoleInfo.java:updateAndGet(143)) - 49db5453-e576-4a11-af8d-74d98f8d549c: start FollowerState
2019-09-25 05:49:48,550 [pool-419-thread-1] INFO  util.JmxRegister (JmxRegister.java:tryRegister(44)) - Successfully registered JMX Bean with object name Ratis:service=RaftServer,group=group-CC2817FB673C,id=49db5453-e576-4a11-af8d-74d98f8d549c
2019-09-25 05:49:48,552 [RatisPipelineUtilsThread] INFO  pipeline.PipelineStateManager (PipelineStateManager.java:addPipeline(56)) - Created pipeline Pipeline[ Id: 4ed3812f-7bb7-4c98-b3ae-cc2817fb673c, Nodes: 49db5453-e576-4a11-af8d-74d98f8d549c{ip: 192.168.30.10, host: pr-hdds-1569-s62bp-3040748787, networkLocation: /default-rack, certSerialId: null}, Type:RATIS, Factor:ONE, State:OPEN]
2019-09-25 05:49:48,553 [RatisPipelineUtilsThread] INFO  pipeline.PipelinePlacementPolicy (PipelinePlacementPolicy.java:meetCriteria(91)) - Pipeline Placement: Doesn't meet the criteria to be viable node： 49db5453-e576-4a11-af8d-74d98f8d549c Heaviness: 6 limit: 5
2019-09-25 05:49:48,553 [RatisPipelineUtilsThread] INFO  pipeline.PipelinePlacementPolicy (PipelinePlacementPolicy.java:meetCriteria(91)) - Pipeline Placement: Doesn't meet the criteria to be viable node： 01bb1e87-3b88-425d-af88-cd320b9a7275 Heaviness: 6 limit: 5
2019-09-25 05:49:48,553 [RatisPipelineUtilsThread] INFO  pipeline.PipelinePlacementPolicy (PipelinePlacementPolicy.java:meetCriteria(91)) - Pipeline Placement: Doesn't meet the criteria to be viable node： 41cc7451-3c22-4fa0-b0d4-151937985196 Heaviness: 6 limit: 5
2019-09-25 05:49:48,557 [grpc-default-executor-0] INFO  impl.RaftServerProxy (RaftServerProxy.java:addNew(89)) - f67911da-22a7-4cad-9c8f-7bf30371d239: addNew group-E07AB1B4E9FC:[f67911da-22a7-4cad-9c8f-7bf30371d239:192.168.30.10:40319] returns group-E07AB1B4E9FC:java.util.concurrent.CompletableFuture@3041505b[Not completed]
2019-09-25 05:49:48,558 [pool-449-thread-1] INFO  impl.RaftServerImpl (RaftServerImpl.java:<init>(95)) - f67911da-22a7-4cad-9c8f-7bf30371d239: new RaftServerImpl for group-E07AB1B4E9FC:[f67911da-22a7-4cad-9c8f-7bf30371d239:192.168.30.10:40319] with ContainerStateMachine:uninitialized
2019-09-25 05:49:48,558 [pool-449-thread-1] INFO  server.RaftServerConfigKeys (ConfUtils.java:logGet(43)) - raft.server.rpc.timeout.min = 5s (custom)
2019-09-25 05:49:48,558 [pool-449-thread-1] INFO  server.RaftServerConfigKeys (ConfUtils.java:logGet(43)) - raft.server.rpc.timeout.max = 5200ms (custom)
2019-09-25 05:49:48,558 [pool-449-thread-1] INFO  server.RaftServerConfigKeys (ConfUtils.java:logGet(43)) - raft.server.rpcslowness.timeout = 120s (custom)
2019-09-25 05:49:48,558 [pool-449-thread-1] INFO  server.RaftServerConfigKeys (ConfUtils.java:logGet(43)) - raft.server.sleep.deviation.threshold = 300 (default)
2019-09-25 05:49:48,558 [pool-449-thread-1] INFO  server.RaftServerConfigKeys (ConfUtils.java:logGet(43)) - raft.server.log.appender.install.snapshot.enabled = false (custom)
2019-09-25 05:49:48,558 [pool-449-thread-1] INFO  impl.RaftServerImpl (ServerState.java:<init>(103)) - f67911da-22a7-4cad-9c8f-7bf30371d239@group-E07AB1B4E9FC: ConfigurationManager, init=-1: [f67911da-22a7-4cad-9c8f-7bf30371d239:192.168.30.10:40319], old=null, confs=<EMPTY_MAP>
2019-09-25 05:49:48,558 [pool-449-thread-1] INFO  server.RaftServerConfigKeys (ConfUtils.java:logGet(43)) - raft.server.storage.dir = [/workdir/hadoop-ozone/integration-test/target/test-dir/MiniOzoneClusterImpl-3371874c-cdf9-4999-a21e-92d2cda410bc/datanode-4/data/ratis] (custom)
2019-09-25 05:49:48,559 [pool-449-thread-1] INFO  storage.RaftStorageDirectory (RaftStorageDirectory.java:analyzeStorage(246)) - The storage directory /workdir/hadoop-ozone/integration-test/target/test-dir/MiniOzoneClusterImpl-3371874c-cdf9-4999-a21e-92d2cda410bc/datanode-4/data/ratis/9c780d7d-d8dd-4dc8-b89d-e07ab1b4e9fc does not exist. Creating ...
2019-09-25 05:49:48,571 [pool-449-thread-1] INFO  storage.RaftStorageDirectory (RaftStorageDirectory.java:tryLock(328)) - Lock on /workdir/hadoop-ozone/integration-test/target/test-dir/MiniOzoneClusterImpl-3371874c-cdf9-4999-a21e-92d2cda410bc/datanode-4/data/ratis/9c780d7d-d8dd-4dc8-b89d-e07ab1b4e9fc/in_use.lock acquired by nodename 13539@pr-hdds-1569-s62bp-3040748787
2019-09-25 05:49:48,585 [pool-449-thread-1] INFO  storage.RaftStorage (RaftStorage.java:format(72)) - Storage directory /workdir/hadoop-ozone/integration-test/target/test-dir/MiniOzoneClusterImpl-3371874c-cdf9-4999-a21e-92d2cda410bc/datanode-4/data/ratis/9c780d7d-d8dd-4dc8-b89d-e07ab1b4e9fc has been successfully formatted.
2019-09-25 05:49:48,586 [pool-449-thread-1] INFO  ratis.ContainerStateMachine (ContainerStateMachine.java:loadSnapshot(230)) - group-E07AB1B4E9FC: The snapshot info is null. Setting the last applied indexto:(t:0, i:~)
2019-09-25 05:49:48,586 [pool-449-thread-1] INFO  server.RaftServerConfigKeys (ConfUtils.java:logGet(43)) - raft.server.notification.no-leader.timeout = 120s (custom)
2019-09-25 05:49:48,586 [pool-449-thread-1] INFO  server.RaftServerConfigKeys (ConfUtils.java:logGet(43)) - raft.server.log.use.memory = false (default)
2019-09-25 05:49:48,586 [pool-449-thread-1] INFO  server.RaftServerConfigKeys (ConfUtils.java:logGet(43)) - raft.server.log.purge.gap = 1000000 (custom)
2019-09-25 05:49:48,586 [pool-449-thread-1] INFO  server.RaftServerConfigKeys (ConfUtils.java:logGet(43)) - raft.server.log.appender.buffer.byte-limit = 33554432 (custom)
2019-09-25 05:49:48,586 [pool-449-thread-1] INFO  server.RaftServerConfigKeys (ConfUtils.java:logGet(43)) - raft.server.log.segment.size.max = 1048576 (custom)
2019-09-25 05:49:48,586 [pool-449-thread-1] INFO  server.RaftServerConfigKeys (ConfUtils.java:logGet(43)) - raft.server.log.segment.cache.num.max = 2 (custom)
2019-09-25 05:49:48,586 [pool-449-thread-1] INFO  segmented.SegmentedRaftLogWorker (SegmentedRaftLogWorker.java:<init>(172)) - new f67911da-22a7-4cad-9c8f-7bf30371d239@group-E07AB1B4E9FC-SegmentedRaftLogWorker for RaftStorage:Storage Directory /workdir/hadoop-ozone/integration-test/target/test-dir/MiniOzoneClusterImpl-3371874c-cdf9-4999-a21e-92d2cda410bc/datanode-4/data/ratis/9c780d7d-d8dd-4dc8-b89d-e07ab1b4e9fc
2019-09-25 05:49:48,586 [pool-449-thread-1] INFO  server.RaftServerConfigKeys (ConfUtils.java:logGet(43)) - raft.server.log.queue.byte-limit = 2147483647 (custom)
2019-09-25 05:49:48,587 [pool-449-thread-1] INFO  server.RaftServerConfigKeys (ConfUtils.java:logGet(43)) - raft.server.log.queue.element-limit = 1024 (custom)
2019-09-25 05:49:48,587 [pool-449-thread-1] INFO  server.RaftServerConfigKeys (ConfUtils.java:logGet(43)) - raft.server.log.segment.size.max = 1048576 (custom)
2019-09-25 05:49:48,587 [pool-449-thread-1] INFO  server.RaftServerConfigKeys (ConfUtils.java:logGet(43)) - raft.server.log.preallocated.size = 16384 (custom)
2019-09-25 05:49:48,587 [pool-449-thread-1] INFO  server.RaftServerConfigKeys (ConfUtils.java:logGet(43)) - raft.server.log.write.buffer.size = 33554432 (custom)
2019-09-25 05:49:48,587 [pool-449-thread-1] INFO  server.RaftServerConfigKeys (ConfUtils.java:logGet(43)) - raft.server.log.force.sync.num = 128 (default)
2019-09-25 05:49:48,587 [pool-449-thread-1] INFO  server.RaftServerConfigKeys (ConfUtils.java:logGet(43)) - raft.server.log.statemachine.data.sync = true (default)
2019-09-25 05:49:48,587 [pool-449-thread-1] INFO  server.RaftServerConfigKeys (ConfUtils.java:logGet(43)) - raft.server.log.statemachine.data.sync.timeout = 10s (default)
2019-09-25 05:49:48,587 [pool-449-thread-1] INFO  server.RaftServerConfigKeys (ConfUtils.java:logGet(43)) - raft.server.log.statemachine.data.sync.timeout.retry = -1 (default)
2019-09-25 05:49:48,587 [pool-449-thread-1] INFO  server.RaftServerConfigKeys (ConfUtils.java:logGet(43)) - raft.server.log.statemachine.data.caching.enabled = true (custom)
2019-09-25 05:49:48,588 [pool-449-thread-1] INFO  segmented.SegmentedRaftLogWorker (SegmentedRaftLogWorker.java:lambda$new$0(132)) - f67911da-22a7-4cad-9c8f-7bf30371d239@group-E07AB1B4E9FC-SegmentedRaftLogWorker: flushIndex: setUnconditionally 0 -> -1
2019-09-25 05:49:48,588 [pool-449-thread-1] INFO  server.RaftServerConfigKeys (ConfUtils.java:logGet(43)) - raft.server.snapshot.auto.trigger.enabled = true (custom)
2019-09-25 05:49:48,588 [pool-449-thread-1] INFO  server.RaftServerConfigKeys (ConfUtils.java:logGet(43)) - raft.server.snapshot.auto.trigger.threshold = 10000 (custom)
2019-09-25 05:49:48,588 [pool-449-thread-1] INFO  server.RaftServerConfigKeys (ConfUtils.java:logGet(43)) - raft.server.snapshot.retention.num.files = 5 (custom)
2019-09-25 05:49:48,588 [pool-449-thread-1] INFO  server.RaftServerConfigKeys (ConfUtils.java:logGet(43)) - raft.server.retrycache.expirytime = 600000ms (custom)
2019-09-25 05:49:48,589 [pool-449-thread-1] INFO  impl.RaftServerImpl (RaftServerImpl.java:start(185)) - f67911da-22a7-4cad-9c8f-7bf30371d239@group-E07AB1B4E9FC: start as a follower, conf=-1: [f67911da-22a7-4cad-9c8f-7bf30371d239:192.168.30.10:40319], old=null
2019-09-25 05:49:48,590 [pool-449-thread-1] INFO  impl.RaftServerImpl (RaftServerImpl.java:setRole(174)) - f67911da-22a7-4cad-9c8f-7bf30371d239@group-E07AB1B4E9FC: changes role from      null to FOLLOWER at term 0 for startAsFollower
2019-09-25 05:49:48,590 [pool-449-thread-1] INFO  impl.RoleInfo (RoleInfo.java:updateAndGet(143)) - f67911da-22a7-4cad-9c8f-7bf30371d239: start FollowerState
2019-09-25 05:49:48,590 [pool-449-thread-1] INFO  util.JmxRegister (JmxRegister.java:tryRegister(44)) - Successfully registered JMX Bean with object name Ratis:service=RaftServer,group=group-E07AB1B4E9FC,id=f67911da-22a7-4cad-9c8f-7bf30371d239
2019-09-25 05:49:48,592 [RatisPipelineUtilsThread] INFO  pipeline.PipelineStateManager (PipelineStateManager.java:addPipeline(56)) - Created pipeline Pipeline[ Id: 9c780d7d-d8dd-4dc8-b89d-e07ab1b4e9fc, Nodes: f67911da-22a7-4cad-9c8f-7bf30371d239{ip: 192.168.30.10, host: pr-hdds-1569-s62bp-3040748787, networkLocation: /default-rack, certSerialId: null}, Type:RATIS, Factor:ONE, State:OPEN]
2019-09-25 05:49:48,593 [RatisPipelineUtilsThread] INFO  pipeline.PipelinePlacementPolicy (PipelinePlacementPolicy.java:meetCriteria(91)) - Pipeline Placement: Doesn't meet the criteria to be viable node： 49db5453-e576-4a11-af8d-74d98f8d549c Heaviness: 6 limit: 5
2019-09-25 05:49:48,593 [RatisPipelineUtilsThread] INFO  pipeline.PipelinePlacementPolicy (PipelinePlacementPolicy.java:meetCriteria(91)) - Pipeline Placement: Doesn't meet the criteria to be viable node： 01bb1e87-3b88-425d-af88-cd320b9a7275 Heaviness: 6 limit: 5
2019-09-25 05:49:48,593 [RatisPipelineUtilsThread] INFO  pipeline.PipelinePlacementPolicy (PipelinePlacementPolicy.java:meetCriteria(91)) - Pipeline Placement: Doesn't meet the criteria to be viable node： 41cc7451-3c22-4fa0-b0d4-151937985196 Heaviness: 6 limit: 5
2019-09-25 05:49:48,597 [grpc-default-executor-0] INFO  impl.RaftServerProxy (RaftServerProxy.java:addNew(89)) - 44082f05-803b-4c97-a9e5-c320db8eea77: addNew group-25B1B080A31C:[44082f05-803b-4c97-a9e5-c320db8eea77:192.168.30.10:44033] returns group-25B1B080A31C:java.util.concurrent.CompletableFuture@236b6810[Not completed]
2019-09-25 05:49:48,597 [pool-439-thread-1] INFO  impl.RaftServerImpl (RaftServerImpl.java:<init>(95)) - 44082f05-803b-4c97-a9e5-c320db8eea77: new RaftServerImpl for group-25B1B080A31C:[44082f05-803b-4c97-a9e5-c320db8eea77:192.168.30.10:44033] with ContainerStateMachine:uninitialized
2019-09-25 05:49:48,598 [pool-439-thread-1] INFO  server.RaftServerConfigKeys (ConfUtils.java:logGet(43)) - raft.server.rpc.timeout.min = 5s (custom)
2019-09-25 05:49:48,598 [pool-439-thread-1] INFO  server.RaftServerConfigKeys (ConfUtils.java:logGet(43)) - raft.server.rpc.timeout.max = 5200ms (custom)
2019-09-25 05:49:48,598 [pool-439-thread-1] INFO  server.RaftServerConfigKeys (ConfUtils.java:logGet(43)) - raft.server.rpcslowness.timeout = 120s (custom)
2019-09-25 05:49:48,598 [pool-439-thread-1] INFO  server.RaftServerConfigKeys (ConfUtils.java:logGet(43)) - raft.server.sleep.deviation.threshold = 300 (default)
2019-09-25 05:49:48,598 [pool-439-thread-1] INFO  server.RaftServerConfigKeys (ConfUtils.java:logGet(43)) - raft.server.log.appender.install.snapshot.enabled = false (custom)
2019-09-25 05:49:48,598 [pool-439-thread-1] INFO  impl.RaftServerImpl (ServerState.java:<init>(103)) - 44082f05-803b-4c97-a9e5-c320db8eea77@group-25B1B080A31C: ConfigurationManager, init=-1: [44082f05-803b-4c97-a9e5-c320db8eea77:192.168.30.10:44033], old=null, confs=<EMPTY_MAP>
2019-09-25 05:49:48,598 [pool-439-thread-1] INFO  server.RaftServerConfigKeys (ConfUtils.java:logGet(43)) - raft.server.storage.dir = [/workdir/hadoop-ozone/integration-test/target/test-dir/MiniOzoneClusterImpl-3371874c-cdf9-4999-a21e-92d2cda410bc/datanode-3/data/ratis] (custom)
2019-09-25 05:49:48,598 [pool-439-thread-1] INFO  storage.RaftStorageDirectory (RaftStorageDirectory.java:analyzeStorage(246)) - The storage directory /workdir/hadoop-ozone/integration-test/target/test-dir/MiniOzoneClusterImpl-3371874c-cdf9-4999-a21e-92d2cda410bc/datanode-3/data/ratis/0384f504-0ab2-4280-89b9-25b1b080a31c does not exist. Creating ...
2019-09-25 05:49:48,602 [pool-439-thread-1] INFO  storage.RaftStorageDirectory (RaftStorageDirectory.java:tryLock(328)) - Lock on /workdir/hadoop-ozone/integration-test/target/test-dir/MiniOzoneClusterImpl-3371874c-cdf9-4999-a21e-92d2cda410bc/datanode-3/data/ratis/0384f504-0ab2-4280-89b9-25b1b080a31c/in_use.lock acquired by nodename 13539@pr-hdds-1569-s62bp-3040748787
2019-09-25 05:49:48,616 [pool-439-thread-1] INFO  storage.RaftStorage (RaftStorage.java:format(72)) - Storage directory /workdir/hadoop-ozone/integration-test/target/test-dir/MiniOzoneClusterImpl-3371874c-cdf9-4999-a21e-92d2cda410bc/datanode-3/data/ratis/0384f504-0ab2-4280-89b9-25b1b080a31c has been successfully formatted.
2019-09-25 05:49:48,616 [pool-439-thread-1] INFO  ratis.ContainerStateMachine (ContainerStateMachine.java:loadSnapshot(230)) - group-25B1B080A31C: The snapshot info is null. Setting the last applied indexto:(t:0, i:~)
2019-09-25 05:49:48,616 [pool-439-thread-1] INFO  server.RaftServerConfigKeys (ConfUtils.java:logGet(43)) - raft.server.notification.no-leader.timeout = 120s (custom)
2019-09-25 05:49:48,616 [pool-439-thread-1] INFO  server.RaftServerConfigKeys (ConfUtils.java:logGet(43)) - raft.server.log.use.memory = false (default)
2019-09-25 05:49:48,616 [pool-439-thread-1] INFO  server.RaftServerConfigKeys (ConfUtils.java:logGet(43)) - raft.server.log.purge.gap = 1000000 (custom)
2019-09-25 05:49:48,616 [pool-439-thread-1] INFO  server.RaftServerConfigKeys (ConfUtils.java:logGet(43)) - raft.server.log.appender.buffer.byte-limit = 33554432 (custom)
2019-09-25 05:49:48,616 [pool-439-thread-1] INFO  server.RaftServerConfigKeys (ConfUtils.java:logGet(43)) - raft.server.log.segment.size.max = 1048576 (custom)
2019-09-25 05:49:48,616 [pool-439-thread-1] INFO  server.RaftServerConfigKeys (ConfUtils.java:logGet(43)) - raft.server.log.segment.cache.num.max = 2 (custom)
2019-09-25 05:49:48,617 [pool-439-thread-1] INFO  segmented.SegmentedRaftLogWorker (SegmentedRaftLogWorker.java:<init>(172)) - new 44082f05-803b-4c97-a9e5-c320db8eea77@group-25B1B080A31C-SegmentedRaftLogWorker for RaftStorage:Storage Directory /workdir/hadoop-ozone/integration-test/target/test-dir/MiniOzoneClusterImpl-3371874c-cdf9-4999-a21e-92d2cda410bc/datanode-3/data/ratis/0384f504-0ab2-4280-89b9-25b1b080a31c
2019-09-25 05:49:48,617 [pool-439-thread-1] INFO  server.RaftServerConfigKeys (ConfUtils.java:logGet(43)) - raft.server.log.queue.byte-limit = 2147483647 (custom)
2019-09-25 05:49:48,617 [pool-439-thread-1] INFO  server.RaftServerConfigKeys (ConfUtils.java:logGet(43)) - raft.server.log.queue.element-limit = 1024 (custom)
2019-09-25 05:49:48,617 [pool-439-thread-1] INFO  server.RaftServerConfigKeys (ConfUtils.java:logGet(43)) - raft.server.log.segment.size.max = 1048576 (custom)
2019-09-25 05:49:48,617 [pool-439-thread-1] INFO  server.RaftServerConfigKeys (ConfUtils.java:logGet(43)) - raft.server.log.preallocated.size = 16384 (custom)
2019-09-25 05:49:48,617 [pool-439-thread-1] INFO  server.RaftServerConfigKeys (ConfUtils.java:logGet(43)) - raft.server.log.write.buffer.size = 33554432 (custom)
2019-09-25 05:49:48,617 [pool-439-thread-1] INFO  server.RaftServerConfigKeys (ConfUtils.java:logGet(43)) - raft.server.log.force.sync.num = 128 (default)
2019-09-25 05:49:48,617 [pool-439-thread-1] INFO  server.RaftServerConfigKeys (ConfUtils.java:logGet(43)) - raft.server.log.statemachine.data.sync = true (default)
2019-09-25 05:49:48,617 [pool-439-thread-1] INFO  server.RaftServerConfigKeys (ConfUtils.java:logGet(43)) - raft.server.log.statemachine.data.sync.timeout = 10s (default)
2019-09-25 05:49:48,618 [pool-439-thread-1] INFO  server.RaftServerConfigKeys (ConfUtils.java:logGet(43)) - raft.server.log.statemachine.data.sync.timeout.retry = -1 (default)
2019-09-25 05:49:48,618 [pool-439-thread-1] INFO  server.RaftServerConfigKeys (ConfUtils.java:logGet(43)) - raft.server.log.statemachine.data.caching.enabled = true (custom)
2019-09-25 05:49:48,618 [pool-439-thread-1] INFO  segmented.SegmentedRaftLogWorker (SegmentedRaftLogWorker.java:lambda$new$0(132)) - 44082f05-803b-4c97-a9e5-c320db8eea77@group-25B1B080A31C-SegmentedRaftLogWorker: flushIndex: setUnconditionally 0 -> -1
2019-09-25 05:49:48,618 [pool-439-thread-1] INFO  server.RaftServerConfigKeys (ConfUtils.java:logGet(43)) - raft.server.snapshot.auto.trigger.enabled = true (custom)
2019-09-25 05:49:48,618 [pool-439-thread-1] INFO  server.RaftServerConfigKeys (ConfUtils.java:logGet(43)) - raft.server.snapshot.auto.trigger.threshold = 10000 (custom)
2019-09-25 05:49:48,618 [pool-439-thread-1] INFO  server.RaftServerConfigKeys (ConfUtils.java:logGet(43)) - raft.server.snapshot.retention.num.files = 5 (custom)
2019-09-25 05:49:48,619 [pool-439-thread-1] INFO  server.RaftServerConfigKeys (ConfUtils.java:logGet(43)) - raft.server.retrycache.expirytime = 600000ms (custom)
2019-09-25 05:49:48,620 [pool-439-thread-1] INFO  impl.RaftServerImpl (RaftServerImpl.java:start(185)) - 44082f05-803b-4c97-a9e5-c320db8eea77@group-25B1B080A31C: start as a follower, conf=-1: [44082f05-803b-4c97-a9e5-c320db8eea77:192.168.30.10:44033], old=null
2019-09-25 05:49:48,620 [pool-439-thread-1] INFO  impl.RaftServerImpl (RaftServerImpl.java:setRole(174)) - 44082f05-803b-4c97-a9e5-c320db8eea77@group-25B1B080A31C: changes role from      null to FOLLOWER at term 0 for startAsFollower
2019-09-25 05:49:48,620 [pool-439-thread-1] INFO  impl.RoleInfo (RoleInfo.java:updateAndGet(143)) - 44082f05-803b-4c97-a9e5-c320db8eea77: start FollowerState
2019-09-25 05:49:48,621 [pool-439-thread-1] INFO  util.JmxRegister (JmxRegister.java:tryRegister(44)) - Successfully registered JMX Bean with object name Ratis:service=RaftServer,group=group-25B1B080A31C,id=44082f05-803b-4c97-a9e5-c320db8eea77
2019-09-25 05:49:48,622 [RatisPipelineUtilsThread] INFO  pipeline.PipelineStateManager (PipelineStateManager.java:addPipeline(56)) - Created pipeline Pipeline[ Id: 0384f504-0ab2-4280-89b9-25b1b080a31c, Nodes: 44082f05-803b-4c97-a9e5-c320db8eea77{ip: 192.168.30.10, host: pr-hdds-1569-s62bp-3040748787, networkLocation: /default-rack, certSerialId: null}, Type:RATIS, Factor:ONE, State:OPEN]
2019-09-25 05:49:48,623 [RatisPipelineUtilsThread] INFO  pipeline.PipelinePlacementPolicy (PipelinePlacementPolicy.java:meetCriteria(91)) - Pipeline Placement: Doesn't meet the criteria to be viable node： 49db5453-e576-4a11-af8d-74d98f8d549c Heaviness: 6 limit: 5
2019-09-25 05:49:48,623 [RatisPipelineUtilsThread] INFO  pipeline.PipelinePlacementPolicy (PipelinePlacementPolicy.java:meetCriteria(91)) - Pipeline Placement: Doesn't meet the criteria to be viable node： 01bb1e87-3b88-425d-af88-cd320b9a7275 Heaviness: 6 limit: 5
2019-09-25 05:49:48,623 [RatisPipelineUtilsThread] INFO  pipeline.PipelinePlacementPolicy (PipelinePlacementPolicy.java:meetCriteria(91)) - Pipeline Placement: Doesn't meet the criteria to be viable node： 41cc7451-3c22-4fa0-b0d4-151937985196 Heaviness: 6 limit: 5
2019-09-25 05:49:48,623 [RatisPipelineUtilsThread] INFO  pipeline.PipelinePlacementPolicy (PipelinePlacementPolicy.java:meetCriteria(91)) - Pipeline Placement: Doesn't meet the criteria to be viable node： 44082f05-803b-4c97-a9e5-c320db8eea77 Heaviness: 6 limit: 5
2019-09-25 05:49:48,626 [grpc-default-executor-0] INFO  impl.RaftServerProxy (RaftServerProxy.java:addNew(89)) - fc8c9bb1-dbbf-4b8a-ac9f-72a0e03a2e86: addNew group-1BCD0ECFDE70:[fc8c9bb1-dbbf-4b8a-ac9f-72a0e03a2e86:192.168.30.10:41113] returns group-1BCD0ECFDE70:java.util.concurrent.CompletableFuture@b65f4e6[Not completed]
2019-09-25 05:49:48,627 [pool-459-thread-1] INFO  impl.RaftServerImpl (RaftServerImpl.java:<init>(95)) - fc8c9bb1-dbbf-4b8a-ac9f-72a0e03a2e86: new RaftServerImpl for group-1BCD0ECFDE70:[fc8c9bb1-dbbf-4b8a-ac9f-72a0e03a2e86:192.168.30.10:41113] with ContainerStateMachine:uninitialized
2019-09-25 05:49:48,627 [pool-459-thread-1] INFO  server.RaftServerConfigKeys (ConfUtils.java:logGet(43)) - raft.server.rpc.timeout.min = 5s (custom)
2019-09-25 05:49:48,627 [pool-459-thread-1] INFO  server.RaftServerConfigKeys (ConfUtils.java:logGet(43)) - raft.server.rpc.timeout.max = 5200ms (custom)
2019-09-25 05:49:48,628 [pool-459-thread-1] INFO  server.RaftServerConfigKeys (ConfUtils.java:logGet(43)) - raft.server.rpcslowness.timeout = 120s (custom)
2019-09-25 05:49:48,628 [pool-459-thread-1] INFO  server.RaftServerConfigKeys (ConfUtils.java:logGet(43)) - raft.server.sleep.deviation.threshold = 300 (default)
2019-09-25 05:49:48,628 [pool-459-thread-1] INFO  server.RaftServerConfigKeys (ConfUtils.java:logGet(43)) - raft.server.log.appender.install.snapshot.enabled = false (custom)
2019-09-25 05:49:48,628 [pool-459-thread-1] INFO  impl.RaftServerImpl (ServerState.java:<init>(103)) - fc8c9bb1-dbbf-4b8a-ac9f-72a0e03a2e86@group-1BCD0ECFDE70: ConfigurationManager, init=-1: [fc8c9bb1-dbbf-4b8a-ac9f-72a0e03a2e86:192.168.30.10:41113], old=null, confs=<EMPTY_MAP>
2019-09-25 05:49:48,628 [pool-459-thread-1] INFO  server.RaftServerConfigKeys (ConfUtils.java:logGet(43)) - raft.server.storage.dir = [/workdir/hadoop-ozone/integration-test/target/test-dir/MiniOzoneClusterImpl-3371874c-cdf9-4999-a21e-92d2cda410bc/datanode-5/data/ratis] (custom)
2019-09-25 05:49:48,629 [pool-459-thread-1] INFO  storage.RaftStorageDirectory (RaftStorageDirectory.java:analyzeStorage(246)) - The storage directory /workdir/hadoop-ozone/integration-test/target/test-dir/MiniOzoneClusterImpl-3371874c-cdf9-4999-a21e-92d2cda410bc/datanode-5/data/ratis/455f489c-a909-40e0-b222-1bcd0ecfde70 does not exist. Creating ...
2019-09-25 05:49:48,641 [pool-459-thread-1] INFO  storage.RaftStorageDirectory (RaftStorageDirectory.java:tryLock(328)) - Lock on /workdir/hadoop-ozone/integration-test/target/test-dir/MiniOzoneClusterImpl-3371874c-cdf9-4999-a21e-92d2cda410bc/datanode-5/data/ratis/455f489c-a909-40e0-b222-1bcd0ecfde70/in_use.lock acquired by nodename 13539@pr-hdds-1569-s62bp-3040748787
2019-09-25 05:49:48,654 [pool-459-thread-1] INFO  storage.RaftStorage (RaftStorage.java:format(72)) - Storage directory /workdir/hadoop-ozone/integration-test/target/test-dir/MiniOzoneClusterImpl-3371874c-cdf9-4999-a21e-92d2cda410bc/datanode-5/data/ratis/455f489c-a909-40e0-b222-1bcd0ecfde70 has been successfully formatted.
2019-09-25 05:49:48,654 [pool-459-thread-1] INFO  ratis.ContainerStateMachine (ContainerStateMachine.java:loadSnapshot(230)) - group-1BCD0ECFDE70: The snapshot info is null. Setting the last applied indexto:(t:0, i:~)
2019-09-25 05:49:48,654 [pool-459-thread-1] INFO  server.RaftServerConfigKeys (ConfUtils.java:logGet(43)) - raft.server.notification.no-leader.timeout = 120s (custom)
2019-09-25 05:49:48,655 [pool-459-thread-1] INFO  server.RaftServerConfigKeys (ConfUtils.java:logGet(43)) - raft.server.log.use.memory = false (default)
2019-09-25 05:49:48,655 [pool-459-thread-1] INFO  server.RaftServerConfigKeys (ConfUtils.java:logGet(43)) - raft.server.log.purge.gap = 1000000 (custom)
2019-09-25 05:49:48,655 [pool-459-thread-1] INFO  server.RaftServerConfigKeys (ConfUtils.java:logGet(43)) - raft.server.log.appender.buffer.byte-limit = 33554432 (custom)
2019-09-25 05:49:48,655 [pool-459-thread-1] INFO  server.RaftServerConfigKeys (ConfUtils.java:logGet(43)) - raft.server.log.segment.size.max = 1048576 (custom)
2019-09-25 05:49:48,655 [pool-459-thread-1] INFO  server.RaftServerConfigKeys (ConfUtils.java:logGet(43)) - raft.server.log.segment.cache.num.max = 2 (custom)
2019-09-25 05:49:48,655 [pool-459-thread-1] INFO  segmented.SegmentedRaftLogWorker (SegmentedRaftLogWorker.java:<init>(172)) - new fc8c9bb1-dbbf-4b8a-ac9f-72a0e03a2e86@group-1BCD0ECFDE70-SegmentedRaftLogWorker for RaftStorage:Storage Directory /workdir/hadoop-ozone/integration-test/target/test-dir/MiniOzoneClusterImpl-3371874c-cdf9-4999-a21e-92d2cda410bc/datanode-5/data/ratis/455f489c-a909-40e0-b222-1bcd0ecfde70
2019-09-25 05:49:48,655 [pool-459-thread-1] INFO  server.RaftServerConfigKeys (ConfUtils.java:logGet(43)) - raft.server.log.queue.byte-limit = 2147483647 (custom)
2019-09-25 05:49:48,656 [pool-459-thread-1] INFO  server.RaftServerConfigKeys (ConfUtils.java:logGet(43)) - raft.server.log.queue.element-limit = 1024 (custom)
2019-09-25 05:49:48,656 [pool-459-thread-1] INFO  server.RaftServerConfigKeys (ConfUtils.java:logGet(43)) - raft.server.log.segment.size.max = 1048576 (custom)
2019-09-25 05:49:48,656 [pool-459-thread-1] INFO  server.RaftServerConfigKeys (ConfUtils.java:logGet(43)) - raft.server.log.preallocated.size = 16384 (custom)
2019-09-25 05:49:48,656 [pool-459-thread-1] INFO  server.RaftServerConfigKeys (ConfUtils.java:logGet(43)) - raft.server.log.write.buffer.size = 33554432 (custom)
2019-09-25 05:49:48,656 [pool-459-thread-1] INFO  server.RaftServerConfigKeys (ConfUtils.java:logGet(43)) - raft.server.log.force.sync.num = 128 (default)
2019-09-25 05:49:48,656 [pool-459-thread-1] INFO  server.RaftServerConfigKeys (ConfUtils.java:logGet(43)) - raft.server.log.statemachine.data.sync = true (default)
2019-09-25 05:49:48,656 [pool-459-thread-1] INFO  server.RaftServerConfigKeys (ConfUtils.java:logGet(43)) - raft.server.log.statemachine.data.sync.timeout = 10s (default)
2019-09-25 05:49:48,656 [pool-459-thread-1] INFO  server.RaftServerConfigKeys (ConfUtils.java:logGet(43)) - raft.server.log.statemachine.data.sync.timeout.retry = -1 (default)
2019-09-25 05:49:48,657 [pool-459-thread-1] INFO  server.RaftServerConfigKeys (ConfUtils.java:logGet(43)) - raft.server.log.statemachine.data.caching.enabled = true (custom)
2019-09-25 05:49:48,657 [pool-459-thread-1] INFO  segmented.SegmentedRaftLogWorker (SegmentedRaftLogWorker.java:lambda$new$0(132)) - fc8c9bb1-dbbf-4b8a-ac9f-72a0e03a2e86@group-1BCD0ECFDE70-SegmentedRaftLogWorker: flushIndex: setUnconditionally 0 -> -1
2019-09-25 05:49:48,657 [pool-459-thread-1] INFO  server.RaftServerConfigKeys (ConfUtils.java:logGet(43)) - raft.server.snapshot.auto.trigger.enabled = true (custom)
2019-09-25 05:49:48,657 [pool-459-thread-1] INFO  server.RaftServerConfigKeys (ConfUtils.java:logGet(43)) - raft.server.snapshot.auto.trigger.threshold = 10000 (custom)
2019-09-25 05:49:48,658 [pool-459-thread-1] INFO  server.RaftServerConfigKeys (ConfUtils.java:logGet(43)) - raft.server.snapshot.retention.num.files = 5 (custom)
2019-09-25 05:49:48,658 [pool-459-thread-1] INFO  server.RaftServerConfigKeys (ConfUtils.java:logGet(43)) - raft.server.retrycache.expirytime = 600000ms (custom)
2019-09-25 05:49:48,659 [pool-459-thread-1] INFO  impl.RaftServerImpl (RaftServerImpl.java:start(185)) - fc8c9bb1-dbbf-4b8a-ac9f-72a0e03a2e86@group-1BCD0ECFDE70: start as a follower, conf=-1: [fc8c9bb1-dbbf-4b8a-ac9f-72a0e03a2e86:192.168.30.10:41113], old=null
2019-09-25 05:49:48,659 [pool-459-thread-1] INFO  impl.RaftServerImpl (RaftServerImpl.java:setRole(174)) - fc8c9bb1-dbbf-4b8a-ac9f-72a0e03a2e86@group-1BCD0ECFDE70: changes role from      null to FOLLOWER at term 0 for startAsFollower
2019-09-25 05:49:48,660 [pool-459-thread-1] INFO  impl.RoleInfo (RoleInfo.java:updateAndGet(143)) - fc8c9bb1-dbbf-4b8a-ac9f-72a0e03a2e86: start FollowerState
2019-09-25 05:49:48,660 [pool-459-thread-1] INFO  util.JmxRegister (JmxRegister.java:tryRegister(44)) - Successfully registered JMX Bean with object name Ratis:service=RaftServer,group=group-1BCD0ECFDE70,id=fc8c9bb1-dbbf-4b8a-ac9f-72a0e03a2e86
2019-09-25 05:49:48,662 [RatisPipelineUtilsThread] INFO  pipeline.PipelineStateManager (PipelineStateManager.java:addPipeline(56)) - Created pipeline Pipeline[ Id: 455f489c-a909-40e0-b222-1bcd0ecfde70, Nodes: fc8c9bb1-dbbf-4b8a-ac9f-72a0e03a2e86{ip: 192.168.30.10, host: pr-hdds-1569-s62bp-3040748787, networkLocation: /default-rack, certSerialId: null}, Type:RATIS, Factor:ONE, State:OPEN]
2019-09-25 05:49:48,662 [RatisPipelineUtilsThread] INFO  pipeline.PipelinePlacementPolicy (PipelinePlacementPolicy.java:meetCriteria(91)) - Pipeline Placement: Doesn't meet the criteria to be viable node： 49db5453-e576-4a11-af8d-74d98f8d549c Heaviness: 6 limit: 5
2019-09-25 05:49:48,662 [RatisPipelineUtilsThread] INFO  pipeline.PipelinePlacementPolicy (PipelinePlacementPolicy.java:meetCriteria(91)) - Pipeline Placement: Doesn't meet the criteria to be viable node： 01bb1e87-3b88-425d-af88-cd320b9a7275 Heaviness: 6 limit: 5
2019-09-25 05:49:48,662 [RatisPipelineUtilsThread] INFO  pipeline.PipelinePlacementPolicy (PipelinePlacementPolicy.java:meetCriteria(91)) - Pipeline Placement: Doesn't meet the criteria to be viable node： 41cc7451-3c22-4fa0-b0d4-151937985196 Heaviness: 6 limit: 5
2019-09-25 05:49:48,662 [RatisPipelineUtilsThread] INFO  pipeline.PipelinePlacementPolicy (PipelinePlacementPolicy.java:meetCriteria(91)) - Pipeline Placement: Doesn't meet the criteria to be viable node： 44082f05-803b-4c97-a9e5-c320db8eea77 Heaviness: 6 limit: 5
2019-09-25 05:49:48,665 [grpc-default-executor-0] INFO  impl.RaftServerProxy (RaftServerProxy.java:addNew(89)) - f67911da-22a7-4cad-9c8f-7bf30371d239: addNew group-7696DA2110F9:[f67911da-22a7-4cad-9c8f-7bf30371d239:192.168.30.10:40319] returns group-7696DA2110F9:java.util.concurrent.CompletableFuture@6caa90e9[Not completed]
2019-09-25 05:49:48,666 [pool-449-thread-1] INFO  impl.RaftServerImpl (RaftServerImpl.java:<init>(95)) - f67911da-22a7-4cad-9c8f-7bf30371d239: new RaftServerImpl for group-7696DA2110F9:[f67911da-22a7-4cad-9c8f-7bf30371d239:192.168.30.10:40319] with ContainerStateMachine:uninitialized
2019-09-25 05:49:48,666 [pool-449-thread-1] INFO  server.RaftServerConfigKeys (ConfUtils.java:logGet(43)) - raft.server.rpc.timeout.min = 5s (custom)
2019-09-25 05:49:48,666 [pool-449-thread-1] INFO  server.RaftServerConfigKeys (ConfUtils.java:logGet(43)) - raft.server.rpc.timeout.max = 5200ms (custom)
2019-09-25 05:49:48,666 [pool-449-thread-1] INFO  server.RaftServerConfigKeys (ConfUtils.java:logGet(43)) - raft.server.rpcslowness.timeout = 120s (custom)
2019-09-25 05:49:48,666 [pool-449-thread-1] INFO  server.RaftServerConfigKeys (ConfUtils.java:logGet(43)) - raft.server.sleep.deviation.threshold = 300 (default)
2019-09-25 05:49:48,667 [pool-449-thread-1] INFO  server.RaftServerConfigKeys (ConfUtils.java:logGet(43)) - raft.server.log.appender.install.snapshot.enabled = false (custom)
2019-09-25 05:49:48,667 [pool-449-thread-1] INFO  impl.RaftServerImpl (ServerState.java:<init>(103)) - f67911da-22a7-4cad-9c8f-7bf30371d239@group-7696DA2110F9: ConfigurationManager, init=-1: [f67911da-22a7-4cad-9c8f-7bf30371d239:192.168.30.10:40319], old=null, confs=<EMPTY_MAP>
2019-09-25 05:49:48,667 [pool-449-thread-1] INFO  server.RaftServerConfigKeys (ConfUtils.java:logGet(43)) - raft.server.storage.dir = [/workdir/hadoop-ozone/integration-test/target/test-dir/MiniOzoneClusterImpl-3371874c-cdf9-4999-a21e-92d2cda410bc/datanode-4/data/ratis] (custom)
2019-09-25 05:49:48,667 [pool-449-thread-1] INFO  storage.RaftStorageDirectory (RaftStorageDirectory.java:analyzeStorage(246)) - The storage directory /workdir/hadoop-ozone/integration-test/target/test-dir/MiniOzoneClusterImpl-3371874c-cdf9-4999-a21e-92d2cda410bc/datanode-4/data/ratis/3427152e-6bbf-4186-945c-7696da2110f9 does not exist. Creating ...
2019-09-25 05:49:48,680 [pool-449-thread-1] INFO  storage.RaftStorageDirectory (RaftStorageDirectory.java:tryLock(328)) - Lock on /workdir/hadoop-ozone/integration-test/target/test-dir/MiniOzoneClusterImpl-3371874c-cdf9-4999-a21e-92d2cda410bc/datanode-4/data/ratis/3427152e-6bbf-4186-945c-7696da2110f9/in_use.lock acquired by nodename 13539@pr-hdds-1569-s62bp-3040748787
2019-09-25 05:49:48,692 [pool-449-thread-1] INFO  storage.RaftStorage (RaftStorage.java:format(72)) - Storage directory /workdir/hadoop-ozone/integration-test/target/test-dir/MiniOzoneClusterImpl-3371874c-cdf9-4999-a21e-92d2cda410bc/datanode-4/data/ratis/3427152e-6bbf-4186-945c-7696da2110f9 has been successfully formatted.
2019-09-25 05:49:48,693 [pool-449-thread-1] INFO  ratis.ContainerStateMachine (ContainerStateMachine.java:loadSnapshot(230)) - group-7696DA2110F9: The snapshot info is null. Setting the last applied indexto:(t:0, i:~)
2019-09-25 05:49:48,693 [pool-449-thread-1] INFO  server.RaftServerConfigKeys (ConfUtils.java:logGet(43)) - raft.server.notification.no-leader.timeout = 120s (custom)
2019-09-25 05:49:48,693 [pool-449-thread-1] INFO  server.RaftServerConfigKeys (ConfUtils.java:logGet(43)) - raft.server.log.use.memory = false (default)
2019-09-25 05:49:48,693 [pool-449-thread-1] INFO  server.RaftServerConfigKeys (ConfUtils.java:logGet(43)) - raft.server.log.purge.gap = 1000000 (custom)
2019-09-25 05:49:48,693 [pool-449-thread-1] INFO  server.RaftServerConfigKeys (ConfUtils.java:logGet(43)) - raft.server.log.appender.buffer.byte-limit = 33554432 (custom)
2019-09-25 05:49:48,693 [pool-449-thread-1] INFO  server.RaftServerConfigKeys (ConfUtils.java:logGet(43)) - raft.server.log.segment.size.max = 1048576 (custom)
2019-09-25 05:49:48,693 [pool-449-thread-1] INFO  server.RaftServerConfigKeys (ConfUtils.java:logGet(43)) - raft.server.log.segment.cache.num.max = 2 (custom)
2019-09-25 05:49:48,693 [pool-449-thread-1] INFO  segmented.SegmentedRaftLogWorker (SegmentedRaftLogWorker.java:<init>(172)) - new f67911da-22a7-4cad-9c8f-7bf30371d239@group-7696DA2110F9-SegmentedRaftLogWorker for RaftStorage:Storage Directory /workdir/hadoop-ozone/integration-test/target/test-dir/MiniOzoneClusterImpl-3371874c-cdf9-4999-a21e-92d2cda410bc/datanode-4/data/ratis/3427152e-6bbf-4186-945c-7696da2110f9
2019-09-25 05:49:48,694 [pool-449-thread-1] INFO  server.RaftServerConfigKeys (ConfUtils.java:logGet(43)) - raft.server.log.queue.byte-limit = 2147483647 (custom)
2019-09-25 05:49:48,694 [pool-449-thread-1] INFO  server.RaftServerConfigKeys (ConfUtils.java:logGet(43)) - raft.server.log.queue.element-limit = 1024 (custom)
2019-09-25 05:49:48,694 [pool-449-thread-1] INFO  server.RaftServerConfigKeys (ConfUtils.java:logGet(43)) - raft.server.log.segment.size.max = 1048576 (custom)
2019-09-25 05:49:48,694 [pool-449-thread-1] INFO  server.RaftServerConfigKeys (ConfUtils.java:logGet(43)) - raft.server.log.preallocated.size = 16384 (custom)
2019-09-25 05:49:48,694 [pool-449-thread-1] INFO  server.RaftServerConfigKeys (ConfUtils.java:logGet(43)) - raft.server.log.write.buffer.size = 33554432 (custom)
2019-09-25 05:49:48,694 [pool-449-thread-1] INFO  server.RaftServerConfigKeys (ConfUtils.java:logGet(43)) - raft.server.log.force.sync.num = 128 (default)
2019-09-25 05:49:48,694 [pool-449-thread-1] INFO  server.RaftServerConfigKeys (ConfUtils.java:logGet(43)) - raft.server.log.statemachine.data.sync = true (default)
2019-09-25 05:49:48,694 [pool-449-thread-1] INFO  server.RaftServerConfigKeys (ConfUtils.java:logGet(43)) - raft.server.log.statemachine.data.sync.timeout = 10s (default)
2019-09-25 05:49:48,695 [pool-449-thread-1] INFO  server.RaftServerConfigKeys (ConfUtils.java:logGet(43)) - raft.server.log.statemachine.data.sync.timeout.retry = -1 (default)
2019-09-25 05:49:48,695 [pool-449-thread-1] INFO  server.RaftServerConfigKeys (ConfUtils.java:logGet(43)) - raft.server.log.statemachine.data.caching.enabled = true (custom)
2019-09-25 05:49:48,695 [pool-449-thread-1] INFO  segmented.SegmentedRaftLogWorker (SegmentedRaftLogWorker.java:lambda$new$0(132)) - f67911da-22a7-4cad-9c8f-7bf30371d239@group-7696DA2110F9-SegmentedRaftLogWorker: flushIndex: setUnconditionally 0 -> -1
2019-09-25 05:49:48,695 [pool-449-thread-1] INFO  server.RaftServerConfigKeys (ConfUtils.java:logGet(43)) - raft.server.snapshot.auto.trigger.enabled = true (custom)
2019-09-25 05:49:48,695 [pool-449-thread-1] INFO  server.RaftServerConfigKeys (ConfUtils.java:logGet(43)) - raft.server.snapshot.auto.trigger.threshold = 10000 (custom)
2019-09-25 05:49:48,696 [pool-449-thread-1] INFO  server.RaftServerConfigKeys (ConfUtils.java:logGet(43)) - raft.server.snapshot.retention.num.files = 5 (custom)
2019-09-25 05:49:48,696 [pool-449-thread-1] INFO  server.RaftServerConfigKeys (ConfUtils.java:logGet(43)) - raft.server.retrycache.expirytime = 600000ms (custom)
2019-09-25 05:49:48,697 [pool-449-thread-1] INFO  impl.RaftServerImpl (RaftServerImpl.java:start(185)) - f67911da-22a7-4cad-9c8f-7bf30371d239@group-7696DA2110F9: start as a follower, conf=-1: [f67911da-22a7-4cad-9c8f-7bf30371d239:192.168.30.10:40319], old=null
2019-09-25 05:49:48,697 [pool-449-thread-1] INFO  impl.RaftServerImpl (RaftServerImpl.java:setRole(174)) - f67911da-22a7-4cad-9c8f-7bf30371d239@group-7696DA2110F9: changes role from      null to FOLLOWER at term 0 for startAsFollower
2019-09-25 05:49:48,697 [pool-449-thread-1] INFO  impl.RoleInfo (RoleInfo.java:updateAndGet(143)) - f67911da-22a7-4cad-9c8f-7bf30371d239: start FollowerState
2019-09-25 05:49:48,698 [pool-449-thread-1] INFO  util.JmxRegister (JmxRegister.java:tryRegister(44)) - Successfully registered JMX Bean with object name Ratis:service=RaftServer,group=group-7696DA2110F9,id=f67911da-22a7-4cad-9c8f-7bf30371d239
2019-09-25 05:49:48,699 [RatisPipelineUtilsThread] INFO  pipeline.PipelineStateManager (PipelineStateManager.java:addPipeline(56)) - Created pipeline Pipeline[ Id: 3427152e-6bbf-4186-945c-7696da2110f9, Nodes: f67911da-22a7-4cad-9c8f-7bf30371d239{ip: 192.168.30.10, host: pr-hdds-1569-s62bp-3040748787, networkLocation: /default-rack, certSerialId: null}, Type:RATIS, Factor:ONE, State:OPEN]
2019-09-25 05:49:48,699 [RatisPipelineUtilsThread] INFO  pipeline.PipelinePlacementPolicy (PipelinePlacementPolicy.java:meetCriteria(91)) - Pipeline Placement: Doesn't meet the criteria to be viable node： 49db5453-e576-4a11-af8d-74d98f8d549c Heaviness: 6 limit: 5
2019-09-25 05:49:48,700 [RatisPipelineUtilsThread] INFO  pipeline.PipelinePlacementPolicy (PipelinePlacementPolicy.java:meetCriteria(91)) - Pipeline Placement: Doesn't meet the criteria to be viable node： 01bb1e87-3b88-425d-af88-cd320b9a7275 Heaviness: 6 limit: 5
2019-09-25 05:49:48,700 [RatisPipelineUtilsThread] INFO  pipeline.PipelinePlacementPolicy (PipelinePlacementPolicy.java:meetCriteria(91)) - Pipeline Placement: Doesn't meet the criteria to be viable node： 41cc7451-3c22-4fa0-b0d4-151937985196 Heaviness: 6 limit: 5
2019-09-25 05:49:48,700 [RatisPipelineUtilsThread] INFO  pipeline.PipelinePlacementPolicy (PipelinePlacementPolicy.java:meetCriteria(91)) - Pipeline Placement: Doesn't meet the criteria to be viable node： 44082f05-803b-4c97-a9e5-c320db8eea77 Heaviness: 6 limit: 5
2019-09-25 05:49:48,703 [grpc-default-executor-0] INFO  impl.RaftServerProxy (RaftServerProxy.java:addNew(89)) - f67911da-22a7-4cad-9c8f-7bf30371d239: addNew group-332F75AE8AD0:[f67911da-22a7-4cad-9c8f-7bf30371d239:192.168.30.10:40319] returns group-332F75AE8AD0:java.util.concurrent.CompletableFuture@1c4cd1c4[Not completed]
2019-09-25 05:49:48,704 [pool-449-thread-1] INFO  impl.RaftServerImpl (RaftServerImpl.java:<init>(95)) - f67911da-22a7-4cad-9c8f-7bf30371d239: new RaftServerImpl for group-332F75AE8AD0:[f67911da-22a7-4cad-9c8f-7bf30371d239:192.168.30.10:40319] with ContainerStateMachine:uninitialized
2019-09-25 05:49:48,704 [pool-449-thread-1] INFO  server.RaftServerConfigKeys (ConfUtils.java:logGet(43)) - raft.server.rpc.timeout.min = 5s (custom)
2019-09-25 05:49:48,704 [pool-449-thread-1] INFO  server.RaftServerConfigKeys (ConfUtils.java:logGet(43)) - raft.server.rpc.timeout.max = 5200ms (custom)
2019-09-25 05:49:48,704 [pool-449-thread-1] INFO  server.RaftServerConfigKeys (ConfUtils.java:logGet(43)) - raft.server.rpcslowness.timeout = 120s (custom)
2019-09-25 05:49:48,704 [pool-449-thread-1] INFO  server.RaftServerConfigKeys (ConfUtils.java:logGet(43)) - raft.server.sleep.deviation.threshold = 300 (default)
2019-09-25 05:49:48,704 [pool-449-thread-1] INFO  server.RaftServerConfigKeys (ConfUtils.java:logGet(43)) - raft.server.log.appender.install.snapshot.enabled = false (custom)
2019-09-25 05:49:48,705 [pool-449-thread-1] INFO  impl.RaftServerImpl (ServerState.java:<init>(103)) - f67911da-22a7-4cad-9c8f-7bf30371d239@group-332F75AE8AD0: ConfigurationManager, init=-1: [f67911da-22a7-4cad-9c8f-7bf30371d239:192.168.30.10:40319], old=null, confs=<EMPTY_MAP>
2019-09-25 05:49:48,705 [pool-449-thread-1] INFO  server.RaftServerConfigKeys (ConfUtils.java:logGet(43)) - raft.server.storage.dir = [/workdir/hadoop-ozone/integration-test/target/test-dir/MiniOzoneClusterImpl-3371874c-cdf9-4999-a21e-92d2cda410bc/datanode-4/data/ratis] (custom)
2019-09-25 05:49:48,705 [pool-449-thread-1] INFO  storage.RaftStorageDirectory (RaftStorageDirectory.java:analyzeStorage(246)) - The storage directory /workdir/hadoop-ozone/integration-test/target/test-dir/MiniOzoneClusterImpl-3371874c-cdf9-4999-a21e-92d2cda410bc/datanode-4/data/ratis/54bb6a75-927d-4492-a008-332f75ae8ad0 does not exist. Creating ...
2019-09-25 05:49:48,717 [pool-449-thread-1] INFO  storage.RaftStorageDirectory (RaftStorageDirectory.java:tryLock(328)) - Lock on /workdir/hadoop-ozone/integration-test/target/test-dir/MiniOzoneClusterImpl-3371874c-cdf9-4999-a21e-92d2cda410bc/datanode-4/data/ratis/54bb6a75-927d-4492-a008-332f75ae8ad0/in_use.lock acquired by nodename 13539@pr-hdds-1569-s62bp-3040748787
2019-09-25 05:49:48,730 [pool-449-thread-1] INFO  storage.RaftStorage (RaftStorage.java:format(72)) - Storage directory /workdir/hadoop-ozone/integration-test/target/test-dir/MiniOzoneClusterImpl-3371874c-cdf9-4999-a21e-92d2cda410bc/datanode-4/data/ratis/54bb6a75-927d-4492-a008-332f75ae8ad0 has been successfully formatted.
2019-09-25 05:49:48,730 [pool-449-thread-1] INFO  ratis.ContainerStateMachine (ContainerStateMachine.java:loadSnapshot(230)) - group-332F75AE8AD0: The snapshot info is null. Setting the last applied indexto:(t:0, i:~)
2019-09-25 05:49:48,731 [pool-449-thread-1] INFO  server.RaftServerConfigKeys (ConfUtils.java:logGet(43)) - raft.server.notification.no-leader.timeout = 120s (custom)
2019-09-25 05:49:48,731 [pool-449-thread-1] INFO  server.RaftServerConfigKeys (ConfUtils.java:logGet(43)) - raft.server.log.use.memory = false (default)
2019-09-25 05:49:48,731 [pool-449-thread-1] INFO  server.RaftServerConfigKeys (ConfUtils.java:logGet(43)) - raft.server.log.purge.gap = 1000000 (custom)
2019-09-25 05:49:48,731 [pool-449-thread-1] INFO  server.RaftServerConfigKeys (ConfUtils.java:logGet(43)) - raft.server.log.appender.buffer.byte-limit = 33554432 (custom)
2019-09-25 05:49:48,731 [pool-449-thread-1] INFO  server.RaftServerConfigKeys (ConfUtils.java:logGet(43)) - raft.server.log.segment.size.max = 1048576 (custom)
2019-09-25 05:49:48,731 [pool-449-thread-1] INFO  server.RaftServerConfigKeys (ConfUtils.java:logGet(43)) - raft.server.log.segment.cache.num.max = 2 (custom)
2019-09-25 05:49:48,731 [pool-449-thread-1] INFO  segmented.SegmentedRaftLogWorker (SegmentedRaftLogWorker.java:<init>(172)) - new f67911da-22a7-4cad-9c8f-7bf30371d239@group-332F75AE8AD0-SegmentedRaftLogWorker for RaftStorage:Storage Directory /workdir/hadoop-ozone/integration-test/target/test-dir/MiniOzoneClusterImpl-3371874c-cdf9-4999-a21e-92d2cda410bc/datanode-4/data/ratis/54bb6a75-927d-4492-a008-332f75ae8ad0
2019-09-25 05:49:48,731 [pool-449-thread-1] INFO  server.RaftServerConfigKeys (ConfUtils.java:logGet(43)) - raft.server.log.queue.byte-limit = 2147483647 (custom)
2019-09-25 05:49:48,732 [pool-449-thread-1] INFO  server.RaftServerConfigKeys (ConfUtils.java:logGet(43)) - raft.server.log.queue.element-limit = 1024 (custom)
2019-09-25 05:49:48,732 [pool-449-thread-1] INFO  server.RaftServerConfigKeys (ConfUtils.java:logGet(43)) - raft.server.log.segment.size.max = 1048576 (custom)
2019-09-25 05:49:48,732 [pool-449-thread-1] INFO  server.RaftServerConfigKeys (ConfUtils.java:logGet(43)) - raft.server.log.preallocated.size = 16384 (custom)
2019-09-25 05:49:48,732 [pool-449-thread-1] INFO  server.RaftServerConfigKeys (ConfUtils.java:logGet(43)) - raft.server.log.write.buffer.size = 33554432 (custom)
2019-09-25 05:49:48,732 [pool-449-thread-1] INFO  server.RaftServerConfigKeys (ConfUtils.java:logGet(43)) - raft.server.log.force.sync.num = 128 (default)
2019-09-25 05:49:48,732 [pool-449-thread-1] INFO  server.RaftServerConfigKeys (ConfUtils.java:logGet(43)) - raft.server.log.statemachine.data.sync = true (default)
2019-09-25 05:49:48,732 [pool-449-thread-1] INFO  server.RaftServerConfigKeys (ConfUtils.java:logGet(43)) - raft.server.log.statemachine.data.sync.timeout = 10s (default)
2019-09-25 05:49:48,732 [pool-449-thread-1] INFO  server.RaftServerConfigKeys (ConfUtils.java:logGet(43)) - raft.server.log.statemachine.data.sync.timeout.retry = -1 (default)
2019-09-25 05:49:48,733 [pool-449-thread-1] INFO  server.RaftServerConfigKeys (ConfUtils.java:logGet(43)) - raft.server.log.statemachine.data.caching.enabled = true (custom)
2019-09-25 05:49:48,733 [pool-449-thread-1] INFO  segmented.SegmentedRaftLogWorker (SegmentedRaftLogWorker.java:lambda$new$0(132)) - f67911da-22a7-4cad-9c8f-7bf30371d239@group-332F75AE8AD0-SegmentedRaftLogWorker: flushIndex: setUnconditionally 0 -> -1
2019-09-25 05:49:48,733 [pool-449-thread-1] INFO  server.RaftServerConfigKeys (ConfUtils.java:logGet(43)) - raft.server.snapshot.auto.trigger.enabled = true (custom)
2019-09-25 05:49:48,733 [pool-449-thread-1] INFO  server.RaftServerConfigKeys (ConfUtils.java:logGet(43)) - raft.server.snapshot.auto.trigger.threshold = 10000 (custom)
2019-09-25 05:49:48,733 [pool-449-thread-1] INFO  server.RaftServerConfigKeys (ConfUtils.java:logGet(43)) - raft.server.snapshot.retention.num.files = 5 (custom)
2019-09-25 05:49:48,733 [pool-449-thread-1] INFO  server.RaftServerConfigKeys (ConfUtils.java:logGet(43)) - raft.server.retrycache.expirytime = 600000ms (custom)
2019-09-25 05:49:48,735 [pool-449-thread-1] INFO  impl.RaftServerImpl (RaftServerImpl.java:start(185)) - f67911da-22a7-4cad-9c8f-7bf30371d239@group-332F75AE8AD0: start as a follower, conf=-1: [f67911da-22a7-4cad-9c8f-7bf30371d239:192.168.30.10:40319], old=null
2019-09-25 05:49:48,735 [pool-449-thread-1] INFO  impl.RaftServerImpl (RaftServerImpl.java:setRole(174)) - f67911da-22a7-4cad-9c8f-7bf30371d239@group-332F75AE8AD0: changes role from      null to FOLLOWER at term 0 for startAsFollower
2019-09-25 05:49:48,735 [pool-449-thread-1] INFO  impl.RoleInfo (RoleInfo.java:updateAndGet(143)) - f67911da-22a7-4cad-9c8f-7bf30371d239: start FollowerState
2019-09-25 05:49:48,735 [pool-449-thread-1] INFO  util.JmxRegister (JmxRegister.java:tryRegister(44)) - Successfully registered JMX Bean with object name Ratis:service=RaftServer,group=group-332F75AE8AD0,id=f67911da-22a7-4cad-9c8f-7bf30371d239
2019-09-25 05:49:48,737 [RatisPipelineUtilsThread] INFO  pipeline.PipelineStateManager (PipelineStateManager.java:addPipeline(56)) - Created pipeline Pipeline[ Id: 54bb6a75-927d-4492-a008-332f75ae8ad0, Nodes: f67911da-22a7-4cad-9c8f-7bf30371d239{ip: 192.168.30.10, host: pr-hdds-1569-s62bp-3040748787, networkLocation: /default-rack, certSerialId: null}, Type:RATIS, Factor:ONE, State:OPEN]
2019-09-25 05:49:48,737 [RatisPipelineUtilsThread] INFO  pipeline.PipelinePlacementPolicy (PipelinePlacementPolicy.java:meetCriteria(91)) - Pipeline Placement: Doesn't meet the criteria to be viable node： 49db5453-e576-4a11-af8d-74d98f8d549c Heaviness: 6 limit: 5
2019-09-25 05:49:48,737 [RatisPipelineUtilsThread] INFO  pipeline.PipelinePlacementPolicy (PipelinePlacementPolicy.java:meetCriteria(91)) - Pipeline Placement: Doesn't meet the criteria to be viable node： 01bb1e87-3b88-425d-af88-cd320b9a7275 Heaviness: 6 limit: 5
2019-09-25 05:49:48,738 [RatisPipelineUtilsThread] INFO  pipeline.PipelinePlacementPolicy (PipelinePlacementPolicy.java:meetCriteria(91)) - Pipeline Placement: Doesn't meet the criteria to be viable node： 41cc7451-3c22-4fa0-b0d4-151937985196 Heaviness: 6 limit: 5
2019-09-25 05:49:48,738 [RatisPipelineUtilsThread] INFO  pipeline.PipelinePlacementPolicy (PipelinePlacementPolicy.java:meetCriteria(91)) - Pipeline Placement: Doesn't meet the criteria to be viable node： 44082f05-803b-4c97-a9e5-c320db8eea77 Heaviness: 6 limit: 5
2019-09-25 05:49:48,741 [grpc-default-executor-0] INFO  impl.RaftServerProxy (RaftServerProxy.java:addNew(89)) - fc8c9bb1-dbbf-4b8a-ac9f-72a0e03a2e86: addNew group-706262A22F1F:[fc8c9bb1-dbbf-4b8a-ac9f-72a0e03a2e86:192.168.30.10:41113] returns group-706262A22F1F:java.util.concurrent.CompletableFuture@7a72eb9f[Not completed]
2019-09-25 05:49:48,742 [pool-459-thread-1] INFO  impl.RaftServerImpl (RaftServerImpl.java:<init>(95)) - fc8c9bb1-dbbf-4b8a-ac9f-72a0e03a2e86: new RaftServerImpl for group-706262A22F1F:[fc8c9bb1-dbbf-4b8a-ac9f-72a0e03a2e86:192.168.30.10:41113] with ContainerStateMachine:uninitialized
2019-09-25 05:49:48,742 [pool-459-thread-1] INFO  server.RaftServerConfigKeys (ConfUtils.java:logGet(43)) - raft.server.rpc.timeout.min = 5s (custom)
2019-09-25 05:49:48,742 [pool-459-thread-1] INFO  server.RaftServerConfigKeys (ConfUtils.java:logGet(43)) - raft.server.rpc.timeout.max = 5200ms (custom)
2019-09-25 05:49:48,742 [pool-459-thread-1] INFO  server.RaftServerConfigKeys (ConfUtils.java:logGet(43)) - raft.server.rpcslowness.timeout = 120s (custom)
2019-09-25 05:49:48,742 [pool-459-thread-1] INFO  server.RaftServerConfigKeys (ConfUtils.java:logGet(43)) - raft.server.sleep.deviation.threshold = 300 (default)
2019-09-25 05:49:48,742 [pool-459-thread-1] INFO  server.RaftServerConfigKeys (ConfUtils.java:logGet(43)) - raft.server.log.appender.install.snapshot.enabled = false (custom)
2019-09-25 05:49:48,742 [pool-459-thread-1] INFO  impl.RaftServerImpl (ServerState.java:<init>(103)) - fc8c9bb1-dbbf-4b8a-ac9f-72a0e03a2e86@group-706262A22F1F: ConfigurationManager, init=-1: [fc8c9bb1-dbbf-4b8a-ac9f-72a0e03a2e86:192.168.30.10:41113], old=null, confs=<EMPTY_MAP>
2019-09-25 05:49:48,743 [pool-459-thread-1] INFO  server.RaftServerConfigKeys (ConfUtils.java:logGet(43)) - raft.server.storage.dir = [/workdir/hadoop-ozone/integration-test/target/test-dir/MiniOzoneClusterImpl-3371874c-cdf9-4999-a21e-92d2cda410bc/datanode-5/data/ratis] (custom)
2019-09-25 05:49:48,743 [pool-459-thread-1] INFO  storage.RaftStorageDirectory (RaftStorageDirectory.java:analyzeStorage(246)) - The storage directory /workdir/hadoop-ozone/integration-test/target/test-dir/MiniOzoneClusterImpl-3371874c-cdf9-4999-a21e-92d2cda410bc/datanode-5/data/ratis/fd595aea-9b78-452e-af67-706262a22f1f does not exist. Creating ...
2019-09-25 05:49:48,753 [pool-459-thread-1] INFO  storage.RaftStorageDirectory (RaftStorageDirectory.java:tryLock(328)) - Lock on /workdir/hadoop-ozone/integration-test/target/test-dir/MiniOzoneClusterImpl-3371874c-cdf9-4999-a21e-92d2cda410bc/datanode-5/data/ratis/fd595aea-9b78-452e-af67-706262a22f1f/in_use.lock acquired by nodename 13539@pr-hdds-1569-s62bp-3040748787
2019-09-25 05:49:48,776 [pool-459-thread-1] INFO  storage.RaftStorage (RaftStorage.java:format(72)) - Storage directory /workdir/hadoop-ozone/integration-test/target/test-dir/MiniOzoneClusterImpl-3371874c-cdf9-4999-a21e-92d2cda410bc/datanode-5/data/ratis/fd595aea-9b78-452e-af67-706262a22f1f has been successfully formatted.
2019-09-25 05:49:48,777 [pool-459-thread-1] INFO  ratis.ContainerStateMachine (ContainerStateMachine.java:loadSnapshot(230)) - group-706262A22F1F: The snapshot info is null. Setting the last applied indexto:(t:0, i:~)
2019-09-25 05:49:48,777 [pool-459-thread-1] INFO  server.RaftServerConfigKeys (ConfUtils.java:logGet(43)) - raft.server.notification.no-leader.timeout = 120s (custom)
2019-09-25 05:49:48,777 [pool-459-thread-1] INFO  server.RaftServerConfigKeys (ConfUtils.java:logGet(43)) - raft.server.log.use.memory = false (default)
2019-09-25 05:49:48,777 [pool-459-thread-1] INFO  server.RaftServerConfigKeys (ConfUtils.java:logGet(43)) - raft.server.log.purge.gap = 1000000 (custom)
2019-09-25 05:49:48,777 [pool-459-thread-1] INFO  server.RaftServerConfigKeys (ConfUtils.java:logGet(43)) - raft.server.log.appender.buffer.byte-limit = 33554432 (custom)
2019-09-25 05:49:48,777 [pool-459-thread-1] INFO  server.RaftServerConfigKeys (ConfUtils.java:logGet(43)) - raft.server.log.segment.size.max = 1048576 (custom)
2019-09-25 05:49:48,777 [pool-459-thread-1] INFO  server.RaftServerConfigKeys (ConfUtils.java:logGet(43)) - raft.server.log.segment.cache.num.max = 2 (custom)
2019-09-25 05:49:48,777 [pool-459-thread-1] INFO  segmented.SegmentedRaftLogWorker (SegmentedRaftLogWorker.java:<init>(172)) - new fc8c9bb1-dbbf-4b8a-ac9f-72a0e03a2e86@group-706262A22F1F-SegmentedRaftLogWorker for RaftStorage:Storage Directory /workdir/hadoop-ozone/integration-test/target/test-dir/MiniOzoneClusterImpl-3371874c-cdf9-4999-a21e-92d2cda410bc/datanode-5/data/ratis/fd595aea-9b78-452e-af67-706262a22f1f
2019-09-25 05:49:48,778 [pool-459-thread-1] INFO  server.RaftServerConfigKeys (ConfUtils.java:logGet(43)) - raft.server.log.queue.byte-limit = 2147483647 (custom)
2019-09-25 05:49:48,778 [pool-459-thread-1] INFO  server.RaftServerConfigKeys (ConfUtils.java:logGet(43)) - raft.server.log.queue.element-limit = 1024 (custom)
2019-09-25 05:49:48,778 [pool-459-thread-1] INFO  server.RaftServerConfigKeys (ConfUtils.java:logGet(43)) - raft.server.log.segment.size.max = 1048576 (custom)
2019-09-25 05:49:48,778 [pool-459-thread-1] INFO  server.RaftServerConfigKeys (ConfUtils.java:logGet(43)) - raft.server.log.preallocated.size = 16384 (custom)
2019-09-25 05:49:48,778 [pool-459-thread-1] INFO  server.RaftServerConfigKeys (ConfUtils.java:logGet(43)) - raft.server.log.write.buffer.size = 33554432 (custom)
2019-09-25 05:49:48,778 [pool-459-thread-1] INFO  server.RaftServerConfigKeys (ConfUtils.java:logGet(43)) - raft.server.log.force.sync.num = 128 (default)
2019-09-25 05:49:48,778 [pool-459-thread-1] INFO  server.RaftServerConfigKeys (ConfUtils.java:logGet(43)) - raft.server.log.statemachine.data.sync = true (default)
2019-09-25 05:49:48,779 [pool-459-thread-1] INFO  server.RaftServerConfigKeys (ConfUtils.java:logGet(43)) - raft.server.log.statemachine.data.sync.timeout = 10s (default)
2019-09-25 05:49:48,779 [pool-459-thread-1] INFO  server.RaftServerConfigKeys (ConfUtils.java:logGet(43)) - raft.server.log.statemachine.data.sync.timeout.retry = -1 (default)
2019-09-25 05:49:48,779 [pool-459-thread-1] INFO  server.RaftServerConfigKeys (ConfUtils.java:logGet(43)) - raft.server.log.statemachine.data.caching.enabled = true (custom)
2019-09-25 05:49:48,779 [pool-459-thread-1] INFO  segmented.SegmentedRaftLogWorker (SegmentedRaftLogWorker.java:lambda$new$0(132)) - fc8c9bb1-dbbf-4b8a-ac9f-72a0e03a2e86@group-706262A22F1F-SegmentedRaftLogWorker: flushIndex: setUnconditionally 0 -> -1
2019-09-25 05:49:48,779 [pool-459-thread-1] INFO  server.RaftServerConfigKeys (ConfUtils.java:logGet(43)) - raft.server.snapshot.auto.trigger.enabled = true (custom)
2019-09-25 05:49:48,780 [pool-459-thread-1] INFO  server.RaftServerConfigKeys (ConfUtils.java:logGet(43)) - raft.server.snapshot.auto.trigger.threshold = 10000 (custom)
2019-09-25 05:49:48,780 [pool-459-thread-1] INFO  server.RaftServerConfigKeys (ConfUtils.java:logGet(43)) - raft.server.snapshot.retention.num.files = 5 (custom)
2019-09-25 05:49:48,780 [pool-459-thread-1] INFO  server.RaftServerConfigKeys (ConfUtils.java:logGet(43)) - raft.server.retrycache.expirytime = 600000ms (custom)
2019-09-25 05:49:48,781 [pool-459-thread-1] INFO  impl.RaftServerImpl (RaftServerImpl.java:start(185)) - fc8c9bb1-dbbf-4b8a-ac9f-72a0e03a2e86@group-706262A22F1F: start as a follower, conf=-1: [fc8c9bb1-dbbf-4b8a-ac9f-72a0e03a2e86:192.168.30.10:41113], old=null
2019-09-25 05:49:48,782 [pool-459-thread-1] INFO  impl.RaftServerImpl (RaftServerImpl.java:setRole(174)) - fc8c9bb1-dbbf-4b8a-ac9f-72a0e03a2e86@group-706262A22F1F: changes role from      null to FOLLOWER at term 0 for startAsFollower
2019-09-25 05:49:48,782 [pool-459-thread-1] INFO  impl.RoleInfo (RoleInfo.java:updateAndGet(143)) - fc8c9bb1-dbbf-4b8a-ac9f-72a0e03a2e86: start FollowerState
2019-09-25 05:49:48,782 [pool-459-thread-1] INFO  util.JmxRegister (JmxRegister.java:tryRegister(44)) - Successfully registered JMX Bean with object name Ratis:service=RaftServer,group=group-706262A22F1F,id=fc8c9bb1-dbbf-4b8a-ac9f-72a0e03a2e86
2019-09-25 05:49:48,784 [RatisPipelineUtilsThread] INFO  pipeline.PipelineStateManager (PipelineStateManager.java:addPipeline(56)) - Created pipeline Pipeline[ Id: fd595aea-9b78-452e-af67-706262a22f1f, Nodes: fc8c9bb1-dbbf-4b8a-ac9f-72a0e03a2e86{ip: 192.168.30.10, host: pr-hdds-1569-s62bp-3040748787, networkLocation: /default-rack, certSerialId: null}, Type:RATIS, Factor:ONE, State:OPEN]
2019-09-25 05:49:48,784 [RatisPipelineUtilsThread] INFO  pipeline.PipelinePlacementPolicy (PipelinePlacementPolicy.java:meetCriteria(91)) - Pipeline Placement: Doesn't meet the criteria to be viable node： 49db5453-e576-4a11-af8d-74d98f8d549c Heaviness: 6 limit: 5
2019-09-25 05:49:48,784 [RatisPipelineUtilsThread] INFO  pipeline.PipelinePlacementPolicy (PipelinePlacementPolicy.java:meetCriteria(91)) - Pipeline Placement: Doesn't meet the criteria to be viable node： 01bb1e87-3b88-425d-af88-cd320b9a7275 Heaviness: 6 limit: 5
2019-09-25 05:49:48,784 [RatisPipelineUtilsThread] INFO  pipeline.PipelinePlacementPolicy (PipelinePlacementPolicy.java:meetCriteria(91)) - Pipeline Placement: Doesn't meet the criteria to be viable node： 41cc7451-3c22-4fa0-b0d4-151937985196 Heaviness: 6 limit: 5
2019-09-25 05:49:48,785 [RatisPipelineUtilsThread] INFO  pipeline.PipelinePlacementPolicy (PipelinePlacementPolicy.java:meetCriteria(91)) - Pipeline Placement: Doesn't meet the criteria to be viable node： 44082f05-803b-4c97-a9e5-c320db8eea77 Heaviness: 6 limit: 5
2019-09-25 05:49:48,788 [grpc-default-executor-0] INFO  impl.RaftServerProxy (RaftServerProxy.java:addNew(89)) - f67911da-22a7-4cad-9c8f-7bf30371d239: addNew group-02FA90CFDB48:[f67911da-22a7-4cad-9c8f-7bf30371d239:192.168.30.10:40319] returns group-02FA90CFDB48:java.util.concurrent.CompletableFuture@6e093049[Not completed]
2019-09-25 05:49:48,789 [pool-449-thread-1] INFO  impl.RaftServerImpl (RaftServerImpl.java:<init>(95)) - f67911da-22a7-4cad-9c8f-7bf30371d239: new RaftServerImpl for group-02FA90CFDB48:[f67911da-22a7-4cad-9c8f-7bf30371d239:192.168.30.10:40319] with ContainerStateMachine:uninitialized
2019-09-25 05:49:48,789 [pool-449-thread-1] INFO  server.RaftServerConfigKeys (ConfUtils.java:logGet(43)) - raft.server.rpc.timeout.min = 5s (custom)
2019-09-25 05:49:48,789 [pool-449-thread-1] INFO  server.RaftServerConfigKeys (ConfUtils.java:logGet(43)) - raft.server.rpc.timeout.max = 5200ms (custom)
2019-09-25 05:49:48,789 [pool-449-thread-1] INFO  server.RaftServerConfigKeys (ConfUtils.java:logGet(43)) - raft.server.rpcslowness.timeout = 120s (custom)
2019-09-25 05:49:48,789 [pool-449-thread-1] INFO  server.RaftServerConfigKeys (ConfUtils.java:logGet(43)) - raft.server.sleep.deviation.threshold = 300 (default)
2019-09-25 05:49:48,789 [pool-449-thread-1] INFO  server.RaftServerConfigKeys (ConfUtils.java:logGet(43)) - raft.server.log.appender.install.snapshot.enabled = false (custom)
2019-09-25 05:49:48,789 [pool-449-thread-1] INFO  impl.RaftServerImpl (ServerState.java:<init>(103)) - f67911da-22a7-4cad-9c8f-7bf30371d239@group-02FA90CFDB48: ConfigurationManager, init=-1: [f67911da-22a7-4cad-9c8f-7bf30371d239:192.168.30.10:40319], old=null, confs=<EMPTY_MAP>
2019-09-25 05:49:48,790 [pool-449-thread-1] INFO  server.RaftServerConfigKeys (ConfUtils.java:logGet(43)) - raft.server.storage.dir = [/workdir/hadoop-ozone/integration-test/target/test-dir/MiniOzoneClusterImpl-3371874c-cdf9-4999-a21e-92d2cda410bc/datanode-4/data/ratis] (custom)
2019-09-25 05:49:48,790 [pool-449-thread-1] INFO  storage.RaftStorageDirectory (RaftStorageDirectory.java:analyzeStorage(246)) - The storage directory /workdir/hadoop-ozone/integration-test/target/test-dir/MiniOzoneClusterImpl-3371874c-cdf9-4999-a21e-92d2cda410bc/datanode-4/data/ratis/d581bc29-443f-4dca-9d2c-02fa90cfdb48 does not exist. Creating ...
2019-09-25 05:49:48,802 [pool-449-thread-1] INFO  storage.RaftStorageDirectory (RaftStorageDirectory.java:tryLock(328)) - Lock on /workdir/hadoop-ozone/integration-test/target/test-dir/MiniOzoneClusterImpl-3371874c-cdf9-4999-a21e-92d2cda410bc/datanode-4/data/ratis/d581bc29-443f-4dca-9d2c-02fa90cfdb48/in_use.lock acquired by nodename 13539@pr-hdds-1569-s62bp-3040748787
2019-09-25 05:49:48,816 [pool-449-thread-1] INFO  storage.RaftStorage (RaftStorage.java:format(72)) - Storage directory /workdir/hadoop-ozone/integration-test/target/test-dir/MiniOzoneClusterImpl-3371874c-cdf9-4999-a21e-92d2cda410bc/datanode-4/data/ratis/d581bc29-443f-4dca-9d2c-02fa90cfdb48 has been successfully formatted.
2019-09-25 05:49:48,816 [pool-449-thread-1] INFO  ratis.ContainerStateMachine (ContainerStateMachine.java:loadSnapshot(230)) - group-02FA90CFDB48: The snapshot info is null. Setting the last applied indexto:(t:0, i:~)
2019-09-25 05:49:48,816 [pool-449-thread-1] INFO  server.RaftServerConfigKeys (ConfUtils.java:logGet(43)) - raft.server.notification.no-leader.timeout = 120s (custom)
2019-09-25 05:49:48,816 [pool-449-thread-1] INFO  server.RaftServerConfigKeys (ConfUtils.java:logGet(43)) - raft.server.log.use.memory = false (default)
2019-09-25 05:49:48,816 [pool-449-thread-1] INFO  server.RaftServerConfigKeys (ConfUtils.java:logGet(43)) - raft.server.log.purge.gap = 1000000 (custom)
2019-09-25 05:49:48,816 [pool-449-thread-1] INFO  server.RaftServerConfigKeys (ConfUtils.java:logGet(43)) - raft.server.log.appender.buffer.byte-limit = 33554432 (custom)
2019-09-25 05:49:48,817 [pool-449-thread-1] INFO  server.RaftServerConfigKeys (ConfUtils.java:logGet(43)) - raft.server.log.segment.size.max = 1048576 (custom)
2019-09-25 05:49:48,817 [pool-449-thread-1] INFO  server.RaftServerConfigKeys (ConfUtils.java:logGet(43)) - raft.server.log.segment.cache.num.max = 2 (custom)
2019-09-25 05:49:48,817 [pool-449-thread-1] INFO  segmented.SegmentedRaftLogWorker (SegmentedRaftLogWorker.java:<init>(172)) - new f67911da-22a7-4cad-9c8f-7bf30371d239@group-02FA90CFDB48-SegmentedRaftLogWorker for RaftStorage:Storage Directory /workdir/hadoop-ozone/integration-test/target/test-dir/MiniOzoneClusterImpl-3371874c-cdf9-4999-a21e-92d2cda410bc/datanode-4/data/ratis/d581bc29-443f-4dca-9d2c-02fa90cfdb48
2019-09-25 05:49:48,817 [pool-449-thread-1] INFO  server.RaftServerConfigKeys (ConfUtils.java:logGet(43)) - raft.server.log.queue.byte-limit = 2147483647 (custom)
2019-09-25 05:49:48,817 [pool-449-thread-1] INFO  server.RaftServerConfigKeys (ConfUtils.java:logGet(43)) - raft.server.log.queue.element-limit = 1024 (custom)
2019-09-25 05:49:48,817 [pool-449-thread-1] INFO  server.RaftServerConfigKeys (ConfUtils.java:logGet(43)) - raft.server.log.segment.size.max = 1048576 (custom)
2019-09-25 05:49:48,817 [pool-449-thread-1] INFO  server.RaftServerConfigKeys (ConfUtils.java:logGet(43)) - raft.server.log.preallocated.size = 16384 (custom)
2019-09-25 05:49:48,818 [pool-449-thread-1] INFO  server.RaftServerConfigKeys (ConfUtils.java:logGet(43)) - raft.server.log.write.buffer.size = 33554432 (custom)
2019-09-25 05:49:48,818 [pool-449-thread-1] INFO  server.RaftServerConfigKeys (ConfUtils.java:logGet(43)) - raft.server.log.force.sync.num = 128 (default)
2019-09-25 05:49:48,818 [pool-449-thread-1] INFO  server.RaftServerConfigKeys (ConfUtils.java:logGet(43)) - raft.server.log.statemachine.data.sync = true (default)
2019-09-25 05:49:48,818 [pool-449-thread-1] INFO  server.RaftServerConfigKeys (ConfUtils.java:logGet(43)) - raft.server.log.statemachine.data.sync.timeout = 10s (default)
2019-09-25 05:49:48,818 [pool-449-thread-1] INFO  server.RaftServerConfigKeys (ConfUtils.java:logGet(43)) - raft.server.log.statemachine.data.sync.timeout.retry = -1 (default)
2019-09-25 05:49:48,818 [pool-449-thread-1] INFO  server.RaftServerConfigKeys (ConfUtils.java:logGet(43)) - raft.server.log.statemachine.data.caching.enabled = true (custom)
2019-09-25 05:49:48,818 [pool-449-thread-1] INFO  segmented.SegmentedRaftLogWorker (SegmentedRaftLogWorker.java:lambda$new$0(132)) - f67911da-22a7-4cad-9c8f-7bf30371d239@group-02FA90CFDB48-SegmentedRaftLogWorker: flushIndex: setUnconditionally 0 -> -1
2019-09-25 05:49:48,819 [pool-449-thread-1] INFO  server.RaftServerConfigKeys (ConfUtils.java:logGet(43)) - raft.server.snapshot.auto.trigger.enabled = true (custom)
2019-09-25 05:49:48,819 [pool-449-thread-1] INFO  server.RaftServerConfigKeys (ConfUtils.java:logGet(43)) - raft.server.snapshot.auto.trigger.threshold = 10000 (custom)
2019-09-25 05:49:48,819 [pool-449-thread-1] INFO  server.RaftServerConfigKeys (ConfUtils.java:logGet(43)) - raft.server.snapshot.retention.num.files = 5 (custom)
2019-09-25 05:49:48,819 [pool-449-thread-1] INFO  server.RaftServerConfigKeys (ConfUtils.java:logGet(43)) - raft.server.retrycache.expirytime = 600000ms (custom)
2019-09-25 05:49:48,821 [pool-449-thread-1] INFO  impl.RaftServerImpl (RaftServerImpl.java:start(185)) - f67911da-22a7-4cad-9c8f-7bf30371d239@group-02FA90CFDB48: start as a follower, conf=-1: [f67911da-22a7-4cad-9c8f-7bf30371d239:192.168.30.10:40319], old=null
2019-09-25 05:49:48,821 [pool-449-thread-1] INFO  impl.RaftServerImpl (RaftServerImpl.java:setRole(174)) - f67911da-22a7-4cad-9c8f-7bf30371d239@group-02FA90CFDB48: changes role from      null to FOLLOWER at term 0 for startAsFollower
2019-09-25 05:49:48,821 [pool-449-thread-1] INFO  impl.RoleInfo (RoleInfo.java:updateAndGet(143)) - f67911da-22a7-4cad-9c8f-7bf30371d239: start FollowerState
2019-09-25 05:49:48,821 [pool-449-thread-1] INFO  util.JmxRegister (JmxRegister.java:tryRegister(44)) - Successfully registered JMX Bean with object name Ratis:service=RaftServer,group=group-02FA90CFDB48,id=f67911da-22a7-4cad-9c8f-7bf30371d239
2019-09-25 05:49:48,823 [RatisPipelineUtilsThread] INFO  pipeline.PipelineStateManager (PipelineStateManager.java:addPipeline(56)) - Created pipeline Pipeline[ Id: d581bc29-443f-4dca-9d2c-02fa90cfdb48, Nodes: f67911da-22a7-4cad-9c8f-7bf30371d239{ip: 192.168.30.10, host: pr-hdds-1569-s62bp-3040748787, networkLocation: /default-rack, certSerialId: null}, Type:RATIS, Factor:ONE, State:OPEN]
2019-09-25 05:49:48,823 [RatisPipelineUtilsThread] INFO  pipeline.PipelinePlacementPolicy (PipelinePlacementPolicy.java:meetCriteria(91)) - Pipeline Placement: Doesn't meet the criteria to be viable node： 49db5453-e576-4a11-af8d-74d98f8d549c Heaviness: 6 limit: 5
2019-09-25 05:49:48,824 [RatisPipelineUtilsThread] INFO  pipeline.PipelinePlacementPolicy (PipelinePlacementPolicy.java:meetCriteria(91)) - Pipeline Placement: Doesn't meet the criteria to be viable node： 01bb1e87-3b88-425d-af88-cd320b9a7275 Heaviness: 6 limit: 5
2019-09-25 05:49:48,824 [RatisPipelineUtilsThread] INFO  pipeline.PipelinePlacementPolicy (PipelinePlacementPolicy.java:meetCriteria(91)) - Pipeline Placement: Doesn't meet the criteria to be viable node： 41cc7451-3c22-4fa0-b0d4-151937985196 Heaviness: 6 limit: 5
2019-09-25 05:49:48,824 [RatisPipelineUtilsThread] INFO  pipeline.PipelinePlacementPolicy (PipelinePlacementPolicy.java:meetCriteria(91)) - Pipeline Placement: Doesn't meet the criteria to be viable node： 44082f05-803b-4c97-a9e5-c320db8eea77 Heaviness: 6 limit: 5
2019-09-25 05:49:48,825 [RatisPipelineUtilsThread] INFO  pipeline.PipelinePlacementPolicy (PipelinePlacementPolicy.java:meetCriteria(91)) - Pipeline Placement: Doesn't meet the criteria to be viable node： f67911da-22a7-4cad-9c8f-7bf30371d239 Heaviness: 6 limit: 5
2019-09-25 05:49:48,828 [grpc-default-executor-0] INFO  impl.RaftServerProxy (RaftServerProxy.java:addNew(89)) - fc8c9bb1-dbbf-4b8a-ac9f-72a0e03a2e86: addNew group-6E3A4AFEF583:[fc8c9bb1-dbbf-4b8a-ac9f-72a0e03a2e86:192.168.30.10:41113] returns group-6E3A4AFEF583:java.util.concurrent.CompletableFuture@7960d4f4[Not completed]
2019-09-25 05:49:48,828 [pool-459-thread-1] INFO  impl.RaftServerImpl (RaftServerImpl.java:<init>(95)) - fc8c9bb1-dbbf-4b8a-ac9f-72a0e03a2e86: new RaftServerImpl for group-6E3A4AFEF583:[fc8c9bb1-dbbf-4b8a-ac9f-72a0e03a2e86:192.168.30.10:41113] with ContainerStateMachine:uninitialized
2019-09-25 05:49:48,829 [pool-459-thread-1] INFO  server.RaftServerConfigKeys (ConfUtils.java:logGet(43)) - raft.server.rpc.timeout.min = 5s (custom)
2019-09-25 05:49:48,829 [pool-459-thread-1] INFO  server.RaftServerConfigKeys (ConfUtils.java:logGet(43)) - raft.server.rpc.timeout.max = 5200ms (custom)
2019-09-25 05:49:48,829 [pool-459-thread-1] INFO  server.RaftServerConfigKeys (ConfUtils.java:logGet(43)) - raft.server.rpcslowness.timeout = 120s (custom)
2019-09-25 05:49:48,829 [pool-459-thread-1] INFO  server.RaftServerConfigKeys (ConfUtils.java:logGet(43)) - raft.server.sleep.deviation.threshold = 300 (default)
2019-09-25 05:49:48,829 [pool-459-thread-1] INFO  server.RaftServerConfigKeys (ConfUtils.java:logGet(43)) - raft.server.log.appender.install.snapshot.enabled = false (custom)
2019-09-25 05:49:48,829 [pool-459-thread-1] INFO  impl.RaftServerImpl (ServerState.java:<init>(103)) - fc8c9bb1-dbbf-4b8a-ac9f-72a0e03a2e86@group-6E3A4AFEF583: ConfigurationManager, init=-1: [fc8c9bb1-dbbf-4b8a-ac9f-72a0e03a2e86:192.168.30.10:41113], old=null, confs=<EMPTY_MAP>
2019-09-25 05:49:48,829 [pool-459-thread-1] INFO  server.RaftServerConfigKeys (ConfUtils.java:logGet(43)) - raft.server.storage.dir = [/workdir/hadoop-ozone/integration-test/target/test-dir/MiniOzoneClusterImpl-3371874c-cdf9-4999-a21e-92d2cda410bc/datanode-5/data/ratis] (custom)
2019-09-25 05:49:48,830 [pool-459-thread-1] INFO  storage.RaftStorageDirectory (RaftStorageDirectory.java:analyzeStorage(246)) - The storage directory /workdir/hadoop-ozone/integration-test/target/test-dir/MiniOzoneClusterImpl-3371874c-cdf9-4999-a21e-92d2cda410bc/datanode-5/data/ratis/69a03dbb-5e07-4b3d-8099-6e3a4afef583 does not exist. Creating ...
2019-09-25 05:49:48,842 [pool-459-thread-1] INFO  storage.RaftStorageDirectory (RaftStorageDirectory.java:tryLock(328)) - Lock on /workdir/hadoop-ozone/integration-test/target/test-dir/MiniOzoneClusterImpl-3371874c-cdf9-4999-a21e-92d2cda410bc/datanode-5/data/ratis/69a03dbb-5e07-4b3d-8099-6e3a4afef583/in_use.lock acquired by nodename 13539@pr-hdds-1569-s62bp-3040748787
2019-09-25 05:49:48,855 [pool-459-thread-1] INFO  storage.RaftStorage (RaftStorage.java:format(72)) - Storage directory /workdir/hadoop-ozone/integration-test/target/test-dir/MiniOzoneClusterImpl-3371874c-cdf9-4999-a21e-92d2cda410bc/datanode-5/data/ratis/69a03dbb-5e07-4b3d-8099-6e3a4afef583 has been successfully formatted.
2019-09-25 05:49:48,855 [pool-459-thread-1] INFO  ratis.ContainerStateMachine (ContainerStateMachine.java:loadSnapshot(230)) - group-6E3A4AFEF583: The snapshot info is null. Setting the last applied indexto:(t:0, i:~)
2019-09-25 05:49:48,855 [pool-459-thread-1] INFO  server.RaftServerConfigKeys (ConfUtils.java:logGet(43)) - raft.server.notification.no-leader.timeout = 120s (custom)
2019-09-25 05:49:48,856 [pool-459-thread-1] INFO  server.RaftServerConfigKeys (ConfUtils.java:logGet(43)) - raft.server.log.use.memory = false (default)
2019-09-25 05:49:48,856 [pool-459-thread-1] INFO  server.RaftServerConfigKeys (ConfUtils.java:logGet(43)) - raft.server.log.purge.gap = 1000000 (custom)
2019-09-25 05:49:48,856 [pool-459-thread-1] INFO  server.RaftServerConfigKeys (ConfUtils.java:logGet(43)) - raft.server.log.appender.buffer.byte-limit = 33554432 (custom)
2019-09-25 05:49:48,856 [pool-459-thread-1] INFO  server.RaftServerConfigKeys (ConfUtils.java:logGet(43)) - raft.server.log.segment.size.max = 1048576 (custom)
2019-09-25 05:49:48,856 [pool-459-thread-1] INFO  server.RaftServerConfigKeys (ConfUtils.java:logGet(43)) - raft.server.log.segment.cache.num.max = 2 (custom)
2019-09-25 05:49:48,856 [pool-459-thread-1] INFO  segmented.SegmentedRaftLogWorker (SegmentedRaftLogWorker.java:<init>(172)) - new fc8c9bb1-dbbf-4b8a-ac9f-72a0e03a2e86@group-6E3A4AFEF583-SegmentedRaftLogWorker for RaftStorage:Storage Directory /workdir/hadoop-ozone/integration-test/target/test-dir/MiniOzoneClusterImpl-3371874c-cdf9-4999-a21e-92d2cda410bc/datanode-5/data/ratis/69a03dbb-5e07-4b3d-8099-6e3a4afef583
2019-09-25 05:49:48,856 [pool-459-thread-1] INFO  server.RaftServerConfigKeys (ConfUtils.java:logGet(43)) - raft.server.log.queue.byte-limit = 2147483647 (custom)
2019-09-25 05:49:48,856 [pool-459-thread-1] INFO  server.RaftServerConfigKeys (ConfUtils.java:logGet(43)) - raft.server.log.queue.element-limit = 1024 (custom)
2019-09-25 05:49:48,857 [pool-459-thread-1] INFO  server.RaftServerConfigKeys (ConfUtils.java:logGet(43)) - raft.server.log.segment.size.max = 1048576 (custom)
2019-09-25 05:49:48,857 [pool-459-thread-1] INFO  server.RaftServerConfigKeys (ConfUtils.java:logGet(43)) - raft.server.log.preallocated.size = 16384 (custom)
2019-09-25 05:49:48,857 [pool-459-thread-1] INFO  server.RaftServerConfigKeys (ConfUtils.java:logGet(43)) - raft.server.log.write.buffer.size = 33554432 (custom)
2019-09-25 05:49:48,857 [pool-459-thread-1] INFO  server.RaftServerConfigKeys (ConfUtils.java:logGet(43)) - raft.server.log.force.sync.num = 128 (default)
2019-09-25 05:49:48,857 [pool-459-thread-1] INFO  server.RaftServerConfigKeys (ConfUtils.java:logGet(43)) - raft.server.log.statemachine.data.sync = true (default)
2019-09-25 05:49:48,857 [pool-459-thread-1] INFO  server.RaftServerConfigKeys (ConfUtils.java:logGet(43)) - raft.server.log.statemachine.data.sync.timeout = 10s (default)
2019-09-25 05:49:48,857 [pool-459-thread-1] INFO  server.RaftServerConfigKeys (ConfUtils.java:logGet(43)) - raft.server.log.statemachine.data.sync.timeout.retry = -1 (default)
2019-09-25 05:49:48,857 [pool-459-thread-1] INFO  server.RaftServerConfigKeys (ConfUtils.java:logGet(43)) - raft.server.log.statemachine.data.caching.enabled = true (custom)
2019-09-25 05:49:48,858 [pool-459-thread-1] INFO  segmented.SegmentedRaftLogWorker (SegmentedRaftLogWorker.java:lambda$new$0(132)) - fc8c9bb1-dbbf-4b8a-ac9f-72a0e03a2e86@group-6E3A4AFEF583-SegmentedRaftLogWorker: flushIndex: setUnconditionally 0 -> -1
2019-09-25 05:49:48,858 [pool-459-thread-1] INFO  server.RaftServerConfigKeys (ConfUtils.java:logGet(43)) - raft.server.snapshot.auto.trigger.enabled = true (custom)
2019-09-25 05:49:48,858 [pool-459-thread-1] INFO  server.RaftServerConfigKeys (ConfUtils.java:logGet(43)) - raft.server.snapshot.auto.trigger.threshold = 10000 (custom)
2019-09-25 05:49:48,858 [pool-459-thread-1] INFO  server.RaftServerConfigKeys (ConfUtils.java:logGet(43)) - raft.server.snapshot.retention.num.files = 5 (custom)
2019-09-25 05:49:48,858 [pool-459-thread-1] INFO  server.RaftServerConfigKeys (ConfUtils.java:logGet(43)) - raft.server.retrycache.expirytime = 600000ms (custom)
2019-09-25 05:49:48,860 [pool-459-thread-1] INFO  impl.RaftServerImpl (RaftServerImpl.java:start(185)) - fc8c9bb1-dbbf-4b8a-ac9f-72a0e03a2e86@group-6E3A4AFEF583: start as a follower, conf=-1: [fc8c9bb1-dbbf-4b8a-ac9f-72a0e03a2e86:192.168.30.10:41113], old=null
2019-09-25 05:49:48,860 [pool-459-thread-1] INFO  impl.RaftServerImpl (RaftServerImpl.java:setRole(174)) - fc8c9bb1-dbbf-4b8a-ac9f-72a0e03a2e86@group-6E3A4AFEF583: changes role from      null to FOLLOWER at term 0 for startAsFollower
2019-09-25 05:49:48,860 [pool-459-thread-1] INFO  impl.RoleInfo (RoleInfo.java:updateAndGet(143)) - fc8c9bb1-dbbf-4b8a-ac9f-72a0e03a2e86: start FollowerState
2019-09-25 05:49:48,860 [pool-459-thread-1] INFO  util.JmxRegister (JmxRegister.java:tryRegister(44)) - Successfully registered JMX Bean with object name Ratis:service=RaftServer,group=group-6E3A4AFEF583,id=fc8c9bb1-dbbf-4b8a-ac9f-72a0e03a2e86
2019-09-25 05:49:48,862 [RatisPipelineUtilsThread] INFO  pipeline.PipelineStateManager (PipelineStateManager.java:addPipeline(56)) - Created pipeline Pipeline[ Id: 69a03dbb-5e07-4b3d-8099-6e3a4afef583, Nodes: fc8c9bb1-dbbf-4b8a-ac9f-72a0e03a2e86{ip: 192.168.30.10, host: pr-hdds-1569-s62bp-3040748787, networkLocation: /default-rack, certSerialId: null}, Type:RATIS, Factor:ONE, State:OPEN]
2019-09-25 05:49:48,862 [RatisPipelineUtilsThread] INFO  pipeline.PipelinePlacementPolicy (PipelinePlacementPolicy.java:meetCriteria(91)) - Pipeline Placement: Doesn't meet the criteria to be viable node： 49db5453-e576-4a11-af8d-74d98f8d549c Heaviness: 6 limit: 5
2019-09-25 05:49:48,862 [RatisPipelineUtilsThread] INFO  pipeline.PipelinePlacementPolicy (PipelinePlacementPolicy.java:meetCriteria(91)) - Pipeline Placement: Doesn't meet the criteria to be viable node： 01bb1e87-3b88-425d-af88-cd320b9a7275 Heaviness: 6 limit: 5
2019-09-25 05:49:48,862 [RatisPipelineUtilsThread] INFO  pipeline.PipelinePlacementPolicy (PipelinePlacementPolicy.java:meetCriteria(91)) - Pipeline Placement: Doesn't meet the criteria to be viable node： 41cc7451-3c22-4fa0-b0d4-151937985196 Heaviness: 6 limit: 5
2019-09-25 05:49:48,863 [RatisPipelineUtilsThread] INFO  pipeline.PipelinePlacementPolicy (PipelinePlacementPolicy.java:meetCriteria(91)) - Pipeline Placement: Doesn't meet the criteria to be viable node： 44082f05-803b-4c97-a9e5-c320db8eea77 Heaviness: 6 limit: 5
2019-09-25 05:49:48,863 [RatisPipelineUtilsThread] INFO  pipeline.PipelinePlacementPolicy (PipelinePlacementPolicy.java:meetCriteria(91)) - Pipeline Placement: Doesn't meet the criteria to be viable node： f67911da-22a7-4cad-9c8f-7bf30371d239 Heaviness: 6 limit: 5
2019-09-25 05:49:48,866 [grpc-default-executor-0] INFO  impl.RaftServerProxy (RaftServerProxy.java:addNew(89)) - fc8c9bb1-dbbf-4b8a-ac9f-72a0e03a2e86: addNew group-A961437975CB:[fc8c9bb1-dbbf-4b8a-ac9f-72a0e03a2e86:192.168.30.10:41113] returns group-A961437975CB:java.util.concurrent.CompletableFuture@42eedbfa[Not completed]
2019-09-25 05:49:48,866 [pool-459-thread-1] INFO  impl.RaftServerImpl (RaftServerImpl.java:<init>(95)) - fc8c9bb1-dbbf-4b8a-ac9f-72a0e03a2e86: new RaftServerImpl for group-A961437975CB:[fc8c9bb1-dbbf-4b8a-ac9f-72a0e03a2e86:192.168.30.10:41113] with ContainerStateMachine:uninitialized
2019-09-25 05:49:48,866 [pool-459-thread-1] INFO  server.RaftServerConfigKeys (ConfUtils.java:logGet(43)) - raft.server.rpc.timeout.min = 5s (custom)
2019-09-25 05:49:48,866 [pool-459-thread-1] INFO  server.RaftServerConfigKeys (ConfUtils.java:logGet(43)) - raft.server.rpc.timeout.max = 5200ms (custom)
2019-09-25 05:49:48,866 [pool-459-thread-1] INFO  server.RaftServerConfigKeys (ConfUtils.java:logGet(43)) - raft.server.rpcslowness.timeout = 120s (custom)
2019-09-25 05:49:48,867 [pool-459-thread-1] INFO  server.RaftServerConfigKeys (ConfUtils.java:logGet(43)) - raft.server.sleep.deviation.threshold = 300 (default)
2019-09-25 05:49:48,867 [pool-459-thread-1] INFO  server.RaftServerConfigKeys (ConfUtils.java:logGet(43)) - raft.server.log.appender.install.snapshot.enabled = false (custom)
2019-09-25 05:49:48,867 [pool-459-thread-1] INFO  impl.RaftServerImpl (ServerState.java:<init>(103)) - fc8c9bb1-dbbf-4b8a-ac9f-72a0e03a2e86@group-A961437975CB: ConfigurationManager, init=-1: [fc8c9bb1-dbbf-4b8a-ac9f-72a0e03a2e86:192.168.30.10:41113], old=null, confs=<EMPTY_MAP>
2019-09-25 05:49:48,867 [pool-459-thread-1] INFO  server.RaftServerConfigKeys (ConfUtils.java:logGet(43)) - raft.server.storage.dir = [/workdir/hadoop-ozone/integration-test/target/test-dir/MiniOzoneClusterImpl-3371874c-cdf9-4999-a21e-92d2cda410bc/datanode-5/data/ratis] (custom)
2019-09-25 05:49:48,867 [pool-459-thread-1] INFO  storage.RaftStorageDirectory (RaftStorageDirectory.java:analyzeStorage(246)) - The storage directory /workdir/hadoop-ozone/integration-test/target/test-dir/MiniOzoneClusterImpl-3371874c-cdf9-4999-a21e-92d2cda410bc/datanode-5/data/ratis/84b89ca1-f650-4564-a85b-a961437975cb does not exist. Creating ...
2019-09-25 05:49:48,880 [pool-459-thread-1] INFO  storage.RaftStorageDirectory (RaftStorageDirectory.java:tryLock(328)) - Lock on /workdir/hadoop-ozone/integration-test/target/test-dir/MiniOzoneClusterImpl-3371874c-cdf9-4999-a21e-92d2cda410bc/datanode-5/data/ratis/84b89ca1-f650-4564-a85b-a961437975cb/in_use.lock acquired by nodename 13539@pr-hdds-1569-s62bp-3040748787
2019-09-25 05:49:48,893 [pool-459-thread-1] INFO  storage.RaftStorage (RaftStorage.java:format(72)) - Storage directory /workdir/hadoop-ozone/integration-test/target/test-dir/MiniOzoneClusterImpl-3371874c-cdf9-4999-a21e-92d2cda410bc/datanode-5/data/ratis/84b89ca1-f650-4564-a85b-a961437975cb has been successfully formatted.
2019-09-25 05:49:48,893 [pool-459-thread-1] INFO  ratis.ContainerStateMachine (ContainerStateMachine.java:loadSnapshot(230)) - group-A961437975CB: The snapshot info is null. Setting the last applied indexto:(t:0, i:~)
2019-09-25 05:49:48,893 [pool-459-thread-1] INFO  server.RaftServerConfigKeys (ConfUtils.java:logGet(43)) - raft.server.notification.no-leader.timeout = 120s (custom)
2019-09-25 05:49:48,893 [pool-459-thread-1] INFO  server.RaftServerConfigKeys (ConfUtils.java:logGet(43)) - raft.server.log.use.memory = false (default)
2019-09-25 05:49:48,893 [pool-459-thread-1] INFO  server.RaftServerConfigKeys (ConfUtils.java:logGet(43)) - raft.server.log.purge.gap = 1000000 (custom)
2019-09-25 05:49:48,893 [pool-459-thread-1] INFO  server.RaftServerConfigKeys (ConfUtils.java:logGet(43)) - raft.server.log.appender.buffer.byte-limit = 33554432 (custom)
2019-09-25 05:49:48,893 [pool-459-thread-1] INFO  server.RaftServerConfigKeys (ConfUtils.java:logGet(43)) - raft.server.log.segment.size.max = 1048576 (custom)
2019-09-25 05:49:48,893 [pool-459-thread-1] INFO  server.RaftServerConfigKeys (ConfUtils.java:logGet(43)) - raft.server.log.segment.cache.num.max = 2 (custom)
2019-09-25 05:49:48,894 [pool-459-thread-1] INFO  segmented.SegmentedRaftLogWorker (SegmentedRaftLogWorker.java:<init>(172)) - new fc8c9bb1-dbbf-4b8a-ac9f-72a0e03a2e86@group-A961437975CB-SegmentedRaftLogWorker for RaftStorage:Storage Directory /workdir/hadoop-ozone/integration-test/target/test-dir/MiniOzoneClusterImpl-3371874c-cdf9-4999-a21e-92d2cda410bc/datanode-5/data/ratis/84b89ca1-f650-4564-a85b-a961437975cb
2019-09-25 05:49:48,894 [pool-459-thread-1] INFO  server.RaftServerConfigKeys (ConfUtils.java:logGet(43)) - raft.server.log.queue.byte-limit = 2147483647 (custom)
2019-09-25 05:49:48,894 [pool-459-thread-1] INFO  server.RaftServerConfigKeys (ConfUtils.java:logGet(43)) - raft.server.log.queue.element-limit = 1024 (custom)
2019-09-25 05:49:48,894 [pool-459-thread-1] INFO  server.RaftServerConfigKeys (ConfUtils.java:logGet(43)) - raft.server.log.segment.size.max = 1048576 (custom)
2019-09-25 05:49:48,894 [pool-459-thread-1] INFO  server.RaftServerConfigKeys (ConfUtils.java:logGet(43)) - raft.server.log.preallocated.size = 16384 (custom)
2019-09-25 05:49:48,894 [pool-459-thread-1] INFO  server.RaftServerConfigKeys (ConfUtils.java:logGet(43)) - raft.server.log.write.buffer.size = 33554432 (custom)
2019-09-25 05:49:48,894 [pool-459-thread-1] INFO  server.RaftServerConfigKeys (ConfUtils.java:logGet(43)) - raft.server.log.force.sync.num = 128 (default)
2019-09-25 05:49:48,894 [pool-459-thread-1] INFO  server.RaftServerConfigKeys (ConfUtils.java:logGet(43)) - raft.server.log.statemachine.data.sync = true (default)
2019-09-25 05:49:48,895 [pool-459-thread-1] INFO  server.RaftServerConfigKeys (ConfUtils.java:logGet(43)) - raft.server.log.statemachine.data.sync.timeout = 10s (default)
2019-09-25 05:49:48,895 [pool-459-thread-1] INFO  server.RaftServerConfigKeys (ConfUtils.java:logGet(43)) - raft.server.log.statemachine.data.sync.timeout.retry = -1 (default)
2019-09-25 05:49:48,895 [pool-459-thread-1] INFO  server.RaftServerConfigKeys (ConfUtils.java:logGet(43)) - raft.server.log.statemachine.data.caching.enabled = true (custom)
2019-09-25 05:49:48,895 [pool-459-thread-1] INFO  segmented.SegmentedRaftLogWorker (SegmentedRaftLogWorker.java:lambda$new$0(132)) - fc8c9bb1-dbbf-4b8a-ac9f-72a0e03a2e86@group-A961437975CB-SegmentedRaftLogWorker: flushIndex: setUnconditionally 0 -> -1
2019-09-25 05:49:48,895 [pool-459-thread-1] INFO  server.RaftServerConfigKeys (ConfUtils.java:logGet(43)) - raft.server.snapshot.auto.trigger.enabled = true (custom)
2019-09-25 05:49:48,895 [pool-459-thread-1] INFO  server.RaftServerConfigKeys (ConfUtils.java:logGet(43)) - raft.server.snapshot.auto.trigger.threshold = 10000 (custom)
2019-09-25 05:49:48,895 [pool-459-thread-1] INFO  server.RaftServerConfigKeys (ConfUtils.java:logGet(43)) - raft.server.snapshot.retention.num.files = 5 (custom)
2019-09-25 05:49:48,896 [pool-459-thread-1] INFO  server.RaftServerConfigKeys (ConfUtils.java:logGet(43)) - raft.server.retrycache.expirytime = 600000ms (custom)
2019-09-25 05:49:48,897 [pool-459-thread-1] INFO  impl.RaftServerImpl (RaftServerImpl.java:start(185)) - fc8c9bb1-dbbf-4b8a-ac9f-72a0e03a2e86@group-A961437975CB: start as a follower, conf=-1: [fc8c9bb1-dbbf-4b8a-ac9f-72a0e03a2e86:192.168.30.10:41113], old=null
2019-09-25 05:49:48,897 [pool-459-thread-1] INFO  impl.RaftServerImpl (RaftServerImpl.java:setRole(174)) - fc8c9bb1-dbbf-4b8a-ac9f-72a0e03a2e86@group-A961437975CB: changes role from      null to FOLLOWER at term 0 for startAsFollower
2019-09-25 05:49:48,897 [pool-459-thread-1] INFO  impl.RoleInfo (RoleInfo.java:updateAndGet(143)) - fc8c9bb1-dbbf-4b8a-ac9f-72a0e03a2e86: start FollowerState
2019-09-25 05:49:48,897 [pool-459-thread-1] INFO  util.JmxRegister (JmxRegister.java:tryRegister(44)) - Successfully registered JMX Bean with object name Ratis:service=RaftServer,group=group-A961437975CB,id=fc8c9bb1-dbbf-4b8a-ac9f-72a0e03a2e86
2019-09-25 05:49:48,899 [RatisPipelineUtilsThread] INFO  pipeline.PipelineStateManager (PipelineStateManager.java:addPipeline(56)) - Created pipeline Pipeline[ Id: 84b89ca1-f650-4564-a85b-a961437975cb, Nodes: fc8c9bb1-dbbf-4b8a-ac9f-72a0e03a2e86{ip: 192.168.30.10, host: pr-hdds-1569-s62bp-3040748787, networkLocation: /default-rack, certSerialId: null}, Type:RATIS, Factor:ONE, State:OPEN]
2019-09-25 05:49:48,899 [RatisPipelineUtilsThread] INFO  pipeline.PipelinePlacementPolicy (PipelinePlacementPolicy.java:meetCriteria(91)) - Pipeline Placement: Doesn't meet the criteria to be viable node： 49db5453-e576-4a11-af8d-74d98f8d549c Heaviness: 6 limit: 5
2019-09-25 05:49:48,899 [RatisPipelineUtilsThread] INFO  pipeline.PipelinePlacementPolicy (PipelinePlacementPolicy.java:meetCriteria(91)) - Pipeline Placement: Doesn't meet the criteria to be viable node： fc8c9bb1-dbbf-4b8a-ac9f-72a0e03a2e86 Heaviness: 6 limit: 5
2019-09-25 05:49:48,900 [RatisPipelineUtilsThread] INFO  pipeline.PipelinePlacementPolicy (PipelinePlacementPolicy.java:meetCriteria(91)) - Pipeline Placement: Doesn't meet the criteria to be viable node： 01bb1e87-3b88-425d-af88-cd320b9a7275 Heaviness: 6 limit: 5
2019-09-25 05:49:48,900 [RatisPipelineUtilsThread] INFO  pipeline.PipelinePlacementPolicy (PipelinePlacementPolicy.java:meetCriteria(91)) - Pipeline Placement: Doesn't meet the criteria to be viable node： 41cc7451-3c22-4fa0-b0d4-151937985196 Heaviness: 6 limit: 5
2019-09-25 05:49:48,900 [RatisPipelineUtilsThread] INFO  pipeline.PipelinePlacementPolicy (PipelinePlacementPolicy.java:meetCriteria(91)) - Pipeline Placement: Doesn't meet the criteria to be viable node： 44082f05-803b-4c97-a9e5-c320db8eea77 Heaviness: 6 limit: 5
2019-09-25 05:49:48,900 [RatisPipelineUtilsThread] INFO  pipeline.PipelinePlacementPolicy (PipelinePlacementPolicy.java:meetCriteria(91)) - Pipeline Placement: Doesn't meet the criteria to be viable node： f67911da-22a7-4cad-9c8f-7bf30371d239 Heaviness: 6 limit: 5
2019-09-25 05:49:48,908 [grpc-default-executor-0] INFO  impl.RaftServerProxy (RaftServerProxy.java:addNew(89)) - 99091fd2-8328-4de4-84f5-e3b7c3f0dc1c: addNew group-852E69800A7A:[99091fd2-8328-4de4-84f5-e3b7c3f0dc1c:192.168.30.10:42474] returns group-852E69800A7A:java.util.concurrent.CompletableFuture@4234c568[Not completed]
2019-09-25 05:49:48,909 [pool-469-thread-1] INFO  impl.RaftServerImpl (RaftServerImpl.java:<init>(95)) - 99091fd2-8328-4de4-84f5-e3b7c3f0dc1c: new RaftServerImpl for group-852E69800A7A:[99091fd2-8328-4de4-84f5-e3b7c3f0dc1c:192.168.30.10:42474] with ContainerStateMachine:uninitialized
2019-09-25 05:49:48,909 [pool-469-thread-1] INFO  server.RaftServerConfigKeys (ConfUtils.java:logGet(43)) - raft.server.rpc.timeout.min = 5s (custom)
2019-09-25 05:49:48,909 [pool-469-thread-1] INFO  server.RaftServerConfigKeys (ConfUtils.java:logGet(43)) - raft.server.rpc.timeout.max = 5200ms (custom)
2019-09-25 05:49:48,909 [pool-469-thread-1] INFO  server.RaftServerConfigKeys (ConfUtils.java:logGet(43)) - raft.server.rpcslowness.timeout = 120s (custom)
2019-09-25 05:49:48,909 [pool-469-thread-1] INFO  server.RaftServerConfigKeys (ConfUtils.java:logGet(43)) - raft.server.sleep.deviation.threshold = 300 (default)
2019-09-25 05:49:48,909 [pool-469-thread-1] INFO  server.RaftServerConfigKeys (ConfUtils.java:logGet(43)) - raft.server.log.appender.install.snapshot.enabled = false (custom)
2019-09-25 05:49:48,909 [pool-469-thread-1] INFO  impl.RaftServerImpl (ServerState.java:<init>(103)) - 99091fd2-8328-4de4-84f5-e3b7c3f0dc1c@group-852E69800A7A: ConfigurationManager, init=-1: [99091fd2-8328-4de4-84f5-e3b7c3f0dc1c:192.168.30.10:42474], old=null, confs=<EMPTY_MAP>
2019-09-25 05:49:48,909 [pool-469-thread-1] INFO  server.RaftServerConfigKeys (ConfUtils.java:logGet(43)) - raft.server.storage.dir = [/workdir/hadoop-ozone/integration-test/target/test-dir/MiniOzoneClusterImpl-3371874c-cdf9-4999-a21e-92d2cda410bc/datanode-6/data/ratis] (custom)
2019-09-25 05:49:48,910 [pool-469-thread-1] INFO  storage.RaftStorageDirectory (RaftStorageDirectory.java:analyzeStorage(246)) - The storage directory /workdir/hadoop-ozone/integration-test/target/test-dir/MiniOzoneClusterImpl-3371874c-cdf9-4999-a21e-92d2cda410bc/datanode-6/data/ratis/caa23e3f-4126-49b1-8f0b-852e69800a7a does not exist. Creating ...
2019-09-25 05:49:48,923 [pool-469-thread-1] INFO  storage.RaftStorageDirectory (RaftStorageDirectory.java:tryLock(328)) - Lock on /workdir/hadoop-ozone/integration-test/target/test-dir/MiniOzoneClusterImpl-3371874c-cdf9-4999-a21e-92d2cda410bc/datanode-6/data/ratis/caa23e3f-4126-49b1-8f0b-852e69800a7a/in_use.lock acquired by nodename 13539@pr-hdds-1569-s62bp-3040748787
2019-09-25 05:49:48,936 [pool-469-thread-1] INFO  storage.RaftStorage (RaftStorage.java:format(72)) - Storage directory /workdir/hadoop-ozone/integration-test/target/test-dir/MiniOzoneClusterImpl-3371874c-cdf9-4999-a21e-92d2cda410bc/datanode-6/data/ratis/caa23e3f-4126-49b1-8f0b-852e69800a7a has been successfully formatted.
2019-09-25 05:49:48,936 [pool-469-thread-1] INFO  ratis.ContainerStateMachine (ContainerStateMachine.java:loadSnapshot(230)) - group-852E69800A7A: The snapshot info is null. Setting the last applied indexto:(t:0, i:~)
2019-09-25 05:49:48,936 [pool-469-thread-1] INFO  server.RaftServerConfigKeys (ConfUtils.java:logGet(43)) - raft.server.notification.no-leader.timeout = 120s (custom)
2019-09-25 05:49:48,936 [pool-469-thread-1] INFO  server.RaftServerConfigKeys (ConfUtils.java:logGet(43)) - raft.server.log.use.memory = false (default)
2019-09-25 05:49:48,937 [pool-469-thread-1] INFO  server.RaftServerConfigKeys (ConfUtils.java:logGet(43)) - raft.server.log.purge.gap = 1000000 (custom)
2019-09-25 05:49:48,937 [pool-469-thread-1] INFO  server.RaftServerConfigKeys (ConfUtils.java:logGet(43)) - raft.server.log.appender.buffer.byte-limit = 33554432 (custom)
2019-09-25 05:49:48,937 [pool-469-thread-1] INFO  server.RaftServerConfigKeys (ConfUtils.java:logGet(43)) - raft.server.log.segment.size.max = 1048576 (custom)
2019-09-25 05:49:48,937 [pool-469-thread-1] INFO  server.RaftServerConfigKeys (ConfUtils.java:logGet(43)) - raft.server.log.segment.cache.num.max = 2 (custom)
2019-09-25 05:49:48,937 [pool-469-thread-1] INFO  segmented.SegmentedRaftLogWorker (SegmentedRaftLogWorker.java:<init>(172)) - new 99091fd2-8328-4de4-84f5-e3b7c3f0dc1c@group-852E69800A7A-SegmentedRaftLogWorker for RaftStorage:Storage Directory /workdir/hadoop-ozone/integration-test/target/test-dir/MiniOzoneClusterImpl-3371874c-cdf9-4999-a21e-92d2cda410bc/datanode-6/data/ratis/caa23e3f-4126-49b1-8f0b-852e69800a7a
2019-09-25 05:49:48,939 [pool-469-thread-1] INFO  server.RaftServerConfigKeys (ConfUtils.java:logGet(43)) - raft.server.log.queue.byte-limit = 2147483647 (custom)
2019-09-25 05:49:48,939 [pool-469-thread-1] INFO  server.RaftServerConfigKeys (ConfUtils.java:logGet(43)) - raft.server.log.queue.element-limit = 1024 (custom)
2019-09-25 05:49:48,939 [pool-469-thread-1] INFO  server.RaftServerConfigKeys (ConfUtils.java:logGet(43)) - raft.server.log.segment.size.max = 1048576 (custom)
2019-09-25 05:49:48,940 [pool-469-thread-1] INFO  server.RaftServerConfigKeys (ConfUtils.java:logGet(43)) - raft.server.log.preallocated.size = 16384 (custom)
2019-09-25 05:49:48,940 [pool-469-thread-1] INFO  server.RaftServerConfigKeys (ConfUtils.java:logGet(43)) - raft.server.log.write.buffer.size = 33554432 (custom)
2019-09-25 05:49:48,940 [pool-469-thread-1] INFO  server.RaftServerConfigKeys (ConfUtils.java:logGet(43)) - raft.server.log.force.sync.num = 128 (default)
2019-09-25 05:49:48,940 [pool-469-thread-1] INFO  server.RaftServerConfigKeys (ConfUtils.java:logGet(43)) - raft.server.log.statemachine.data.sync = true (default)
2019-09-25 05:49:48,940 [pool-469-thread-1] INFO  server.RaftServerConfigKeys (ConfUtils.java:logGet(43)) - raft.server.log.statemachine.data.sync.timeout = 10s (default)
2019-09-25 05:49:48,940 [pool-469-thread-1] INFO  server.RaftServerConfigKeys (ConfUtils.java:logGet(43)) - raft.server.log.statemachine.data.sync.timeout.retry = -1 (default)
2019-09-25 05:49:48,941 [pool-469-thread-1] INFO  server.RaftServerConfigKeys (ConfUtils.java:logGet(43)) - raft.server.log.statemachine.data.caching.enabled = true (custom)
2019-09-25 05:49:48,941 [pool-469-thread-1] INFO  segmented.SegmentedRaftLogWorker (SegmentedRaftLogWorker.java:lambda$new$0(132)) - 99091fd2-8328-4de4-84f5-e3b7c3f0dc1c@group-852E69800A7A-SegmentedRaftLogWorker: flushIndex: setUnconditionally 0 -> -1
2019-09-25 05:49:48,941 [pool-469-thread-1] INFO  server.RaftServerConfigKeys (ConfUtils.java:logGet(43)) - raft.server.snapshot.auto.trigger.enabled = true (custom)
2019-09-25 05:49:48,941 [pool-469-thread-1] INFO  server.RaftServerConfigKeys (ConfUtils.java:logGet(43)) - raft.server.snapshot.auto.trigger.threshold = 10000 (custom)
2019-09-25 05:49:48,942 [pool-469-thread-1] INFO  server.RaftServerConfigKeys (ConfUtils.java:logGet(43)) - raft.server.snapshot.retention.num.files = 5 (custom)
2019-09-25 05:49:48,942 [pool-469-thread-1] INFO  server.RaftServerConfigKeys (ConfUtils.java:logGet(43)) - raft.server.retrycache.expirytime = 600000ms (custom)
2019-09-25 05:49:48,943 [pool-469-thread-1] INFO  impl.RaftServerImpl (RaftServerImpl.java:start(185)) - 99091fd2-8328-4de4-84f5-e3b7c3f0dc1c@group-852E69800A7A: start as a follower, conf=-1: [99091fd2-8328-4de4-84f5-e3b7c3f0dc1c:192.168.30.10:42474], old=null
2019-09-25 05:49:48,943 [pool-469-thread-1] INFO  impl.RaftServerImpl (RaftServerImpl.java:setRole(174)) - 99091fd2-8328-4de4-84f5-e3b7c3f0dc1c@group-852E69800A7A: changes role from      null to FOLLOWER at term 0 for startAsFollower
2019-09-25 05:49:48,944 [pool-469-thread-1] INFO  impl.RoleInfo (RoleInfo.java:updateAndGet(143)) - 99091fd2-8328-4de4-84f5-e3b7c3f0dc1c: start FollowerState
2019-09-25 05:49:48,944 [pool-469-thread-1] INFO  util.JmxRegister (JmxRegister.java:tryRegister(44)) - Successfully registered JMX Bean with object name Ratis:service=RaftServer,group=group-852E69800A7A,id=99091fd2-8328-4de4-84f5-e3b7c3f0dc1c
2019-09-25 05:49:48,946 [RatisPipelineUtilsThread] INFO  pipeline.PipelineStateManager (PipelineStateManager.java:addPipeline(56)) - Created pipeline Pipeline[ Id: caa23e3f-4126-49b1-8f0b-852e69800a7a, Nodes: 99091fd2-8328-4de4-84f5-e3b7c3f0dc1c{ip: 192.168.30.10, host: pr-hdds-1569-s62bp-3040748787, networkLocation: /default-rack, certSerialId: null}, Type:RATIS, Factor:ONE, State:OPEN]
2019-09-25 05:49:48,946 [RatisPipelineUtilsThread] INFO  pipeline.PipelinePlacementPolicy (PipelinePlacementPolicy.java:meetCriteria(91)) - Pipeline Placement: Doesn't meet the criteria to be viable node： 49db5453-e576-4a11-af8d-74d98f8d549c Heaviness: 6 limit: 5
2019-09-25 05:49:48,946 [RatisPipelineUtilsThread] INFO  pipeline.PipelinePlacementPolicy (PipelinePlacementPolicy.java:meetCriteria(91)) - Pipeline Placement: Doesn't meet the criteria to be viable node： fc8c9bb1-dbbf-4b8a-ac9f-72a0e03a2e86 Heaviness: 6 limit: 5
2019-09-25 05:49:48,946 [RatisPipelineUtilsThread] INFO  pipeline.PipelinePlacementPolicy (PipelinePlacementPolicy.java:meetCriteria(91)) - Pipeline Placement: Doesn't meet the criteria to be viable node： 01bb1e87-3b88-425d-af88-cd320b9a7275 Heaviness: 6 limit: 5
2019-09-25 05:49:48,946 [RatisPipelineUtilsThread] INFO  pipeline.PipelinePlacementPolicy (PipelinePlacementPolicy.java:meetCriteria(91)) - Pipeline Placement: Doesn't meet the criteria to be viable node： 41cc7451-3c22-4fa0-b0d4-151937985196 Heaviness: 6 limit: 5
2019-09-25 05:49:48,946 [RatisPipelineUtilsThread] INFO  pipeline.PipelinePlacementPolicy (PipelinePlacementPolicy.java:meetCriteria(91)) - Pipeline Placement: Doesn't meet the criteria to be viable node： 44082f05-803b-4c97-a9e5-c320db8eea77 Heaviness: 6 limit: 5
2019-09-25 05:49:48,947 [RatisPipelineUtilsThread] INFO  pipeline.PipelinePlacementPolicy (PipelinePlacementPolicy.java:meetCriteria(91)) - Pipeline Placement: Doesn't meet the criteria to be viable node： f67911da-22a7-4cad-9c8f-7bf30371d239 Heaviness: 6 limit: 5
2019-09-25 05:49:48,949 [grpc-default-executor-0] INFO  impl.RaftServerProxy (RaftServerProxy.java:addNew(89)) - 99091fd2-8328-4de4-84f5-e3b7c3f0dc1c: addNew group-C8651E700010:[99091fd2-8328-4de4-84f5-e3b7c3f0dc1c:192.168.30.10:42474] returns group-C8651E700010:java.util.concurrent.CompletableFuture@728ee66d[Not completed]
2019-09-25 05:49:48,950 [pool-469-thread-1] INFO  impl.RaftServerImpl (RaftServerImpl.java:<init>(95)) - 99091fd2-8328-4de4-84f5-e3b7c3f0dc1c: new RaftServerImpl for group-C8651E700010:[99091fd2-8328-4de4-84f5-e3b7c3f0dc1c:192.168.30.10:42474] with ContainerStateMachine:uninitialized
2019-09-25 05:49:48,950 [pool-469-thread-1] INFO  server.RaftServerConfigKeys (ConfUtils.java:logGet(43)) - raft.server.rpc.timeout.min = 5s (custom)
2019-09-25 05:49:48,950 [pool-469-thread-1] INFO  server.RaftServerConfigKeys (ConfUtils.java:logGet(43)) - raft.server.rpc.timeout.max = 5200ms (custom)
2019-09-25 05:49:48,950 [pool-469-thread-1] INFO  server.RaftServerConfigKeys (ConfUtils.java:logGet(43)) - raft.server.rpcslowness.timeout = 120s (custom)
2019-09-25 05:49:48,951 [pool-469-thread-1] INFO  server.RaftServerConfigKeys (ConfUtils.java:logGet(43)) - raft.server.sleep.deviation.threshold = 300 (default)
2019-09-25 05:49:48,951 [pool-469-thread-1] INFO  server.RaftServerConfigKeys (ConfUtils.java:logGet(43)) - raft.server.log.appender.install.snapshot.enabled = false (custom)
2019-09-25 05:49:48,951 [pool-469-thread-1] INFO  impl.RaftServerImpl (ServerState.java:<init>(103)) - 99091fd2-8328-4de4-84f5-e3b7c3f0dc1c@group-C8651E700010: ConfigurationManager, init=-1: [99091fd2-8328-4de4-84f5-e3b7c3f0dc1c:192.168.30.10:42474], old=null, confs=<EMPTY_MAP>
2019-09-25 05:49:48,951 [pool-469-thread-1] INFO  server.RaftServerConfigKeys (ConfUtils.java:logGet(43)) - raft.server.storage.dir = [/workdir/hadoop-ozone/integration-test/target/test-dir/MiniOzoneClusterImpl-3371874c-cdf9-4999-a21e-92d2cda410bc/datanode-6/data/ratis] (custom)
2019-09-25 05:49:48,951 [pool-469-thread-1] INFO  storage.RaftStorageDirectory (RaftStorageDirectory.java:analyzeStorage(246)) - The storage directory /workdir/hadoop-ozone/integration-test/target/test-dir/MiniOzoneClusterImpl-3371874c-cdf9-4999-a21e-92d2cda410bc/datanode-6/data/ratis/90735160-7153-4f21-bcee-c8651e700010 does not exist. Creating ...
2019-09-25 05:49:48,964 [pool-469-thread-1] INFO  storage.RaftStorageDirectory (RaftStorageDirectory.java:tryLock(328)) - Lock on /workdir/hadoop-ozone/integration-test/target/test-dir/MiniOzoneClusterImpl-3371874c-cdf9-4999-a21e-92d2cda410bc/datanode-6/data/ratis/90735160-7153-4f21-bcee-c8651e700010/in_use.lock acquired by nodename 13539@pr-hdds-1569-s62bp-3040748787
2019-09-25 05:49:49,005 [pool-469-thread-1] INFO  storage.RaftStorage (RaftStorage.java:format(72)) - Storage directory /workdir/hadoop-ozone/integration-test/target/test-dir/MiniOzoneClusterImpl-3371874c-cdf9-4999-a21e-92d2cda410bc/datanode-6/data/ratis/90735160-7153-4f21-bcee-c8651e700010 has been successfully formatted.
2019-09-25 05:49:49,006 [pool-469-thread-1] INFO  ratis.ContainerStateMachine (ContainerStateMachine.java:loadSnapshot(230)) - group-C8651E700010: The snapshot info is null. Setting the last applied indexto:(t:0, i:~)
2019-09-25 05:49:49,006 [pool-469-thread-1] INFO  server.RaftServerConfigKeys (ConfUtils.java:logGet(43)) - raft.server.notification.no-leader.timeout = 120s (custom)
2019-09-25 05:49:49,006 [pool-469-thread-1] INFO  server.RaftServerConfigKeys (ConfUtils.java:logGet(43)) - raft.server.log.use.memory = false (default)
2019-09-25 05:49:49,006 [pool-469-thread-1] INFO  server.RaftServerConfigKeys (ConfUtils.java:logGet(43)) - raft.server.log.purge.gap = 1000000 (custom)
2019-09-25 05:49:49,006 [pool-469-thread-1] INFO  server.RaftServerConfigKeys (ConfUtils.java:logGet(43)) - raft.server.log.appender.buffer.byte-limit = 33554432 (custom)
2019-09-25 05:49:49,007 [pool-469-thread-1] INFO  server.RaftServerConfigKeys (ConfUtils.java:logGet(43)) - raft.server.log.segment.size.max = 1048576 (custom)
2019-09-25 05:49:49,007 [pool-469-thread-1] INFO  server.RaftServerConfigKeys (ConfUtils.java:logGet(43)) - raft.server.log.segment.cache.num.max = 2 (custom)
2019-09-25 05:49:49,007 [pool-469-thread-1] INFO  segmented.SegmentedRaftLogWorker (SegmentedRaftLogWorker.java:<init>(172)) - new 99091fd2-8328-4de4-84f5-e3b7c3f0dc1c@group-C8651E700010-SegmentedRaftLogWorker for RaftStorage:Storage Directory /workdir/hadoop-ozone/integration-test/target/test-dir/MiniOzoneClusterImpl-3371874c-cdf9-4999-a21e-92d2cda410bc/datanode-6/data/ratis/90735160-7153-4f21-bcee-c8651e700010
2019-09-25 05:49:49,007 [pool-469-thread-1] INFO  server.RaftServerConfigKeys (ConfUtils.java:logGet(43)) - raft.server.log.queue.byte-limit = 2147483647 (custom)
2019-09-25 05:49:49,007 [pool-469-thread-1] INFO  server.RaftServerConfigKeys (ConfUtils.java:logGet(43)) - raft.server.log.queue.element-limit = 1024 (custom)
2019-09-25 05:49:49,007 [pool-469-thread-1] INFO  server.RaftServerConfigKeys (ConfUtils.java:logGet(43)) - raft.server.log.segment.size.max = 1048576 (custom)
2019-09-25 05:49:49,007 [pool-469-thread-1] INFO  server.RaftServerConfigKeys (ConfUtils.java:logGet(43)) - raft.server.log.preallocated.size = 16384 (custom)
2019-09-25 05:49:49,007 [pool-469-thread-1] INFO  server.RaftServerConfigKeys (ConfUtils.java:logGet(43)) - raft.server.log.write.buffer.size = 33554432 (custom)
2019-09-25 05:49:49,008 [pool-469-thread-1] INFO  server.RaftServerConfigKeys (ConfUtils.java:logGet(43)) - raft.server.log.force.sync.num = 128 (default)
2019-09-25 05:49:49,008 [pool-469-thread-1] INFO  server.RaftServerConfigKeys (ConfUtils.java:logGet(43)) - raft.server.log.statemachine.data.sync = true (default)
2019-09-25 05:49:49,008 [pool-469-thread-1] INFO  server.RaftServerConfigKeys (ConfUtils.java:logGet(43)) - raft.server.log.statemachine.data.sync.timeout = 10s (default)
2019-09-25 05:49:49,008 [pool-469-thread-1] INFO  server.RaftServerConfigKeys (ConfUtils.java:logGet(43)) - raft.server.log.statemachine.data.sync.timeout.retry = -1 (default)
2019-09-25 05:49:49,008 [pool-469-thread-1] INFO  server.RaftServerConfigKeys (ConfUtils.java:logGet(43)) - raft.server.log.statemachine.data.caching.enabled = true (custom)
2019-09-25 05:49:49,008 [pool-469-thread-1] INFO  segmented.SegmentedRaftLogWorker (SegmentedRaftLogWorker.java:lambda$new$0(132)) - 99091fd2-8328-4de4-84f5-e3b7c3f0dc1c@group-C8651E700010-SegmentedRaftLogWorker: flushIndex: setUnconditionally 0 -> -1
2019-09-25 05:49:49,009 [pool-469-thread-1] INFO  server.RaftServerConfigKeys (ConfUtils.java:logGet(43)) - raft.server.snapshot.auto.trigger.enabled = true (custom)
2019-09-25 05:49:49,009 [pool-469-thread-1] INFO  server.RaftServerConfigKeys (ConfUtils.java:logGet(43)) - raft.server.snapshot.auto.trigger.threshold = 10000 (custom)
2019-09-25 05:49:49,009 [pool-469-thread-1] INFO  server.RaftServerConfigKeys (ConfUtils.java:logGet(43)) - raft.server.snapshot.retention.num.files = 5 (custom)
2019-09-25 05:49:49,009 [pool-469-thread-1] INFO  server.RaftServerConfigKeys (ConfUtils.java:logGet(43)) - raft.server.retrycache.expirytime = 600000ms (custom)
2019-09-25 05:49:49,011 [pool-469-thread-1] INFO  impl.RaftServerImpl (RaftServerImpl.java:start(185)) - 99091fd2-8328-4de4-84f5-e3b7c3f0dc1c@group-C8651E700010: start as a follower, conf=-1: [99091fd2-8328-4de4-84f5-e3b7c3f0dc1c:192.168.30.10:42474], old=null
2019-09-25 05:49:49,011 [pool-469-thread-1] INFO  impl.RaftServerImpl (RaftServerImpl.java:setRole(174)) - 99091fd2-8328-4de4-84f5-e3b7c3f0dc1c@group-C8651E700010: changes role from      null to FOLLOWER at term 0 for startAsFollower
2019-09-25 05:49:49,011 [pool-469-thread-1] INFO  impl.RoleInfo (RoleInfo.java:updateAndGet(143)) - 99091fd2-8328-4de4-84f5-e3b7c3f0dc1c: start FollowerState
2019-09-25 05:49:49,011 [pool-469-thread-1] INFO  util.JmxRegister (JmxRegister.java:tryRegister(44)) - Successfully registered JMX Bean with object name Ratis:service=RaftServer,group=group-C8651E700010,id=99091fd2-8328-4de4-84f5-e3b7c3f0dc1c
2019-09-25 05:49:49,013 [RatisPipelineUtilsThread] INFO  pipeline.PipelineStateManager (PipelineStateManager.java:addPipeline(56)) - Created pipeline Pipeline[ Id: 90735160-7153-4f21-bcee-c8651e700010, Nodes: 99091fd2-8328-4de4-84f5-e3b7c3f0dc1c{ip: 192.168.30.10, host: pr-hdds-1569-s62bp-3040748787, networkLocation: /default-rack, certSerialId: null}, Type:RATIS, Factor:ONE, State:OPEN]
2019-09-25 05:49:49,013 [RatisPipelineUtilsThread] INFO  pipeline.PipelinePlacementPolicy (PipelinePlacementPolicy.java:meetCriteria(91)) - Pipeline Placement: Doesn't meet the criteria to be viable node： 49db5453-e576-4a11-af8d-74d98f8d549c Heaviness: 6 limit: 5
2019-09-25 05:49:49,013 [RatisPipelineUtilsThread] INFO  pipeline.PipelinePlacementPolicy (PipelinePlacementPolicy.java:meetCriteria(91)) - Pipeline Placement: Doesn't meet the criteria to be viable node： fc8c9bb1-dbbf-4b8a-ac9f-72a0e03a2e86 Heaviness: 6 limit: 5
2019-09-25 05:49:49,013 [RatisPipelineUtilsThread] INFO  pipeline.PipelinePlacementPolicy (PipelinePlacementPolicy.java:meetCriteria(91)) - Pipeline Placement: Doesn't meet the criteria to be viable node： 01bb1e87-3b88-425d-af88-cd320b9a7275 Heaviness: 6 limit: 5
2019-09-25 05:49:49,013 [RatisPipelineUtilsThread] INFO  pipeline.PipelinePlacementPolicy (PipelinePlacementPolicy.java:meetCriteria(91)) - Pipeline Placement: Doesn't meet the criteria to be viable node： 41cc7451-3c22-4fa0-b0d4-151937985196 Heaviness: 6 limit: 5
2019-09-25 05:49:49,013 [RatisPipelineUtilsThread] INFO  pipeline.PipelinePlacementPolicy (PipelinePlacementPolicy.java:meetCriteria(91)) - Pipeline Placement: Doesn't meet the criteria to be viable node： 44082f05-803b-4c97-a9e5-c320db8eea77 Heaviness: 6 limit: 5
2019-09-25 05:49:49,014 [RatisPipelineUtilsThread] INFO  pipeline.PipelinePlacementPolicy (PipelinePlacementPolicy.java:meetCriteria(91)) - Pipeline Placement: Doesn't meet the criteria to be viable node： f67911da-22a7-4cad-9c8f-7bf30371d239 Heaviness: 6 limit: 5
2019-09-25 05:49:49,016 [grpc-default-executor-0] INFO  impl.RaftServerProxy (RaftServerProxy.java:addNew(89)) - 99091fd2-8328-4de4-84f5-e3b7c3f0dc1c: addNew group-D63EF6A7F363:[99091fd2-8328-4de4-84f5-e3b7c3f0dc1c:192.168.30.10:42474] returns group-D63EF6A7F363:java.util.concurrent.CompletableFuture@281dbba8[Not completed]
2019-09-25 05:49:49,017 [pool-469-thread-1] INFO  impl.RaftServerImpl (RaftServerImpl.java:<init>(95)) - 99091fd2-8328-4de4-84f5-e3b7c3f0dc1c: new RaftServerImpl for group-D63EF6A7F363:[99091fd2-8328-4de4-84f5-e3b7c3f0dc1c:192.168.30.10:42474] with ContainerStateMachine:uninitialized
2019-09-25 05:49:49,017 [pool-469-thread-1] INFO  server.RaftServerConfigKeys (ConfUtils.java:logGet(43)) - raft.server.rpc.timeout.min = 5s (custom)
2019-09-25 05:49:49,017 [pool-469-thread-1] INFO  server.RaftServerConfigKeys (ConfUtils.java:logGet(43)) - raft.server.rpc.timeout.max = 5200ms (custom)
2019-09-25 05:49:49,018 [pool-469-thread-1] INFO  server.RaftServerConfigKeys (ConfUtils.java:logGet(43)) - raft.server.rpcslowness.timeout = 120s (custom)
2019-09-25 05:49:49,018 [pool-469-thread-1] INFO  server.RaftServerConfigKeys (ConfUtils.java:logGet(43)) - raft.server.sleep.deviation.threshold = 300 (default)
2019-09-25 05:49:49,018 [pool-469-thread-1] INFO  server.RaftServerConfigKeys (ConfUtils.java:logGet(43)) - raft.server.log.appender.install.snapshot.enabled = false (custom)
2019-09-25 05:49:49,018 [pool-469-thread-1] INFO  impl.RaftServerImpl (ServerState.java:<init>(103)) - 99091fd2-8328-4de4-84f5-e3b7c3f0dc1c@group-D63EF6A7F363: ConfigurationManager, init=-1: [99091fd2-8328-4de4-84f5-e3b7c3f0dc1c:192.168.30.10:42474], old=null, confs=<EMPTY_MAP>
2019-09-25 05:49:49,018 [pool-469-thread-1] INFO  server.RaftServerConfigKeys (ConfUtils.java:logGet(43)) - raft.server.storage.dir = [/workdir/hadoop-ozone/integration-test/target/test-dir/MiniOzoneClusterImpl-3371874c-cdf9-4999-a21e-92d2cda410bc/datanode-6/data/ratis] (custom)
2019-09-25 05:49:49,018 [pool-469-thread-1] INFO  storage.RaftStorageDirectory (RaftStorageDirectory.java:analyzeStorage(246)) - The storage directory /workdir/hadoop-ozone/integration-test/target/test-dir/MiniOzoneClusterImpl-3371874c-cdf9-4999-a21e-92d2cda410bc/datanode-6/data/ratis/a3d5133a-fb2d-44b0-9e6d-d63ef6a7f363 does not exist. Creating ...
2019-09-25 05:49:49,032 [pool-469-thread-1] INFO  storage.RaftStorageDirectory (RaftStorageDirectory.java:tryLock(328)) - Lock on /workdir/hadoop-ozone/integration-test/target/test-dir/MiniOzoneClusterImpl-3371874c-cdf9-4999-a21e-92d2cda410bc/datanode-6/data/ratis/a3d5133a-fb2d-44b0-9e6d-d63ef6a7f363/in_use.lock acquired by nodename 13539@pr-hdds-1569-s62bp-3040748787
2019-09-25 05:49:49,045 [pool-469-thread-1] INFO  storage.RaftStorage (RaftStorage.java:format(72)) - Storage directory /workdir/hadoop-ozone/integration-test/target/test-dir/MiniOzoneClusterImpl-3371874c-cdf9-4999-a21e-92d2cda410bc/datanode-6/data/ratis/a3d5133a-fb2d-44b0-9e6d-d63ef6a7f363 has been successfully formatted.
2019-09-25 05:49:49,045 [pool-469-thread-1] INFO  ratis.ContainerStateMachine (ContainerStateMachine.java:loadSnapshot(230)) - group-D63EF6A7F363: The snapshot info is null. Setting the last applied indexto:(t:0, i:~)
2019-09-25 05:49:49,045 [pool-469-thread-1] INFO  server.RaftServerConfigKeys (ConfUtils.java:logGet(43)) - raft.server.notification.no-leader.timeout = 120s (custom)
2019-09-25 05:49:49,045 [pool-469-thread-1] INFO  server.RaftServerConfigKeys (ConfUtils.java:logGet(43)) - raft.server.log.use.memory = false (default)
2019-09-25 05:49:49,046 [pool-469-thread-1] INFO  server.RaftServerConfigKeys (ConfUtils.java:logGet(43)) - raft.server.log.purge.gap = 1000000 (custom)
2019-09-25 05:49:49,046 [pool-469-thread-1] INFO  server.RaftServerConfigKeys (ConfUtils.java:logGet(43)) - raft.server.log.appender.buffer.byte-limit = 33554432 (custom)
2019-09-25 05:49:49,046 [pool-469-thread-1] INFO  server.RaftServerConfigKeys (ConfUtils.java:logGet(43)) - raft.server.log.segment.size.max = 1048576 (custom)
2019-09-25 05:49:49,046 [pool-469-thread-1] INFO  server.RaftServerConfigKeys (ConfUtils.java:logGet(43)) - raft.server.log.segment.cache.num.max = 2 (custom)
2019-09-25 05:49:49,046 [pool-469-thread-1] INFO  segmented.SegmentedRaftLogWorker (SegmentedRaftLogWorker.java:<init>(172)) - new 99091fd2-8328-4de4-84f5-e3b7c3f0dc1c@group-D63EF6A7F363-SegmentedRaftLogWorker for RaftStorage:Storage Directory /workdir/hadoop-ozone/integration-test/target/test-dir/MiniOzoneClusterImpl-3371874c-cdf9-4999-a21e-92d2cda410bc/datanode-6/data/ratis/a3d5133a-fb2d-44b0-9e6d-d63ef6a7f363
2019-09-25 05:49:49,046 [pool-469-thread-1] INFO  server.RaftServerConfigKeys (ConfUtils.java:logGet(43)) - raft.server.log.queue.byte-limit = 2147483647 (custom)
2019-09-25 05:49:49,046 [pool-469-thread-1] INFO  server.RaftServerConfigKeys (ConfUtils.java:logGet(43)) - raft.server.log.queue.element-limit = 1024 (custom)
2019-09-25 05:49:49,046 [pool-469-thread-1] INFO  server.RaftServerConfigKeys (ConfUtils.java:logGet(43)) - raft.server.log.segment.size.max = 1048576 (custom)
2019-09-25 05:49:49,047 [pool-469-thread-1] INFO  server.RaftServerConfigKeys (ConfUtils.java:logGet(43)) - raft.server.log.preallocated.size = 16384 (custom)
2019-09-25 05:49:49,047 [pool-469-thread-1] INFO  server.RaftServerConfigKeys (ConfUtils.java:logGet(43)) - raft.server.log.write.buffer.size = 33554432 (custom)
2019-09-25 05:49:49,047 [pool-469-thread-1] INFO  server.RaftServerConfigKeys (ConfUtils.java:logGet(43)) - raft.server.log.force.sync.num = 128 (default)
2019-09-25 05:49:49,047 [pool-469-thread-1] INFO  server.RaftServerConfigKeys (ConfUtils.java:logGet(43)) - raft.server.log.statemachine.data.sync = true (default)
2019-09-25 05:49:49,047 [pool-469-thread-1] INFO  server.RaftServerConfigKeys (ConfUtils.java:logGet(43)) - raft.server.log.statemachine.data.sync.timeout = 10s (default)
2019-09-25 05:49:49,047 [pool-469-thread-1] INFO  server.RaftServerConfigKeys (ConfUtils.java:logGet(43)) - raft.server.log.statemachine.data.sync.timeout.retry = -1 (default)
2019-09-25 05:49:49,047 [pool-469-thread-1] INFO  server.RaftServerConfigKeys (ConfUtils.java:logGet(43)) - raft.server.log.statemachine.data.caching.enabled = true (custom)
2019-09-25 05:49:49,048 [pool-469-thread-1] INFO  segmented.SegmentedRaftLogWorker (SegmentedRaftLogWorker.java:lambda$new$0(132)) - 99091fd2-8328-4de4-84f5-e3b7c3f0dc1c@group-D63EF6A7F363-SegmentedRaftLogWorker: flushIndex: setUnconditionally 0 -> -1
2019-09-25 05:49:49,048 [pool-469-thread-1] INFO  server.RaftServerConfigKeys (ConfUtils.java:logGet(43)) - raft.server.snapshot.auto.trigger.enabled = true (custom)
2019-09-25 05:49:49,048 [pool-469-thread-1] INFO  server.RaftServerConfigKeys (ConfUtils.java:logGet(43)) - raft.server.snapshot.auto.trigger.threshold = 10000 (custom)
2019-09-25 05:49:49,048 [pool-469-thread-1] INFO  server.RaftServerConfigKeys (ConfUtils.java:logGet(43)) - raft.server.snapshot.retention.num.files = 5 (custom)
2019-09-25 05:49:49,048 [pool-469-thread-1] INFO  server.RaftServerConfigKeys (ConfUtils.java:logGet(43)) - raft.server.retrycache.expirytime = 600000ms (custom)
2019-09-25 05:49:49,050 [pool-469-thread-1] INFO  impl.RaftServerImpl (RaftServerImpl.java:start(185)) - 99091fd2-8328-4de4-84f5-e3b7c3f0dc1c@group-D63EF6A7F363: start as a follower, conf=-1: [99091fd2-8328-4de4-84f5-e3b7c3f0dc1c:192.168.30.10:42474], old=null
2019-09-25 05:49:49,050 [pool-469-thread-1] INFO  impl.RaftServerImpl (RaftServerImpl.java:setRole(174)) - 99091fd2-8328-4de4-84f5-e3b7c3f0dc1c@group-D63EF6A7F363: changes role from      null to FOLLOWER at term 0 for startAsFollower
2019-09-25 05:49:49,050 [pool-469-thread-1] INFO  impl.RoleInfo (RoleInfo.java:updateAndGet(143)) - 99091fd2-8328-4de4-84f5-e3b7c3f0dc1c: start FollowerState
2019-09-25 05:49:49,050 [pool-469-thread-1] INFO  util.JmxRegister (JmxRegister.java:tryRegister(44)) - Successfully registered JMX Bean with object name Ratis:service=RaftServer,group=group-D63EF6A7F363,id=99091fd2-8328-4de4-84f5-e3b7c3f0dc1c
2019-09-25 05:49:49,052 [RatisPipelineUtilsThread] INFO  pipeline.PipelineStateManager (PipelineStateManager.java:addPipeline(56)) - Created pipeline Pipeline[ Id: a3d5133a-fb2d-44b0-9e6d-d63ef6a7f363, Nodes: 99091fd2-8328-4de4-84f5-e3b7c3f0dc1c{ip: 192.168.30.10, host: pr-hdds-1569-s62bp-3040748787, networkLocation: /default-rack, certSerialId: null}, Type:RATIS, Factor:ONE, State:OPEN]
2019-09-25 05:49:49,052 [RatisPipelineUtilsThread] INFO  pipeline.PipelinePlacementPolicy (PipelinePlacementPolicy.java:meetCriteria(91)) - Pipeline Placement: Doesn't meet the criteria to be viable node： 49db5453-e576-4a11-af8d-74d98f8d549c Heaviness: 6 limit: 5
2019-09-25 05:49:49,052 [RatisPipelineUtilsThread] INFO  pipeline.PipelinePlacementPolicy (PipelinePlacementPolicy.java:meetCriteria(91)) - Pipeline Placement: Doesn't meet the criteria to be viable node： fc8c9bb1-dbbf-4b8a-ac9f-72a0e03a2e86 Heaviness: 6 limit: 5
2019-09-25 05:49:49,053 [RatisPipelineUtilsThread] INFO  pipeline.PipelinePlacementPolicy (PipelinePlacementPolicy.java:meetCriteria(91)) - Pipeline Placement: Doesn't meet the criteria to be viable node： 01bb1e87-3b88-425d-af88-cd320b9a7275 Heaviness: 6 limit: 5
2019-09-25 05:49:49,053 [RatisPipelineUtilsThread] INFO  pipeline.PipelinePlacementPolicy (PipelinePlacementPolicy.java:meetCriteria(91)) - Pipeline Placement: Doesn't meet the criteria to be viable node： 41cc7451-3c22-4fa0-b0d4-151937985196 Heaviness: 6 limit: 5
2019-09-25 05:49:49,053 [RatisPipelineUtilsThread] INFO  pipeline.PipelinePlacementPolicy (PipelinePlacementPolicy.java:meetCriteria(91)) - Pipeline Placement: Doesn't meet the criteria to be viable node： 44082f05-803b-4c97-a9e5-c320db8eea77 Heaviness: 6 limit: 5
2019-09-25 05:49:49,053 [RatisPipelineUtilsThread] INFO  pipeline.PipelinePlacementPolicy (PipelinePlacementPolicy.java:meetCriteria(91)) - Pipeline Placement: Doesn't meet the criteria to be viable node： f67911da-22a7-4cad-9c8f-7bf30371d239 Heaviness: 6 limit: 5
2019-09-25 05:49:49,056 [grpc-default-executor-0] INFO  impl.RaftServerProxy (RaftServerProxy.java:addNew(89)) - 99091fd2-8328-4de4-84f5-e3b7c3f0dc1c: addNew group-0F761C49026C:[99091fd2-8328-4de4-84f5-e3b7c3f0dc1c:192.168.30.10:42474] returns group-0F761C49026C:java.util.concurrent.CompletableFuture@545387b5[Not completed]
2019-09-25 05:49:49,057 [pool-469-thread-1] INFO  impl.RaftServerImpl (RaftServerImpl.java:<init>(95)) - 99091fd2-8328-4de4-84f5-e3b7c3f0dc1c: new RaftServerImpl for group-0F761C49026C:[99091fd2-8328-4de4-84f5-e3b7c3f0dc1c:192.168.30.10:42474] with ContainerStateMachine:uninitialized
2019-09-25 05:49:49,057 [pool-469-thread-1] INFO  server.RaftServerConfigKeys (ConfUtils.java:logGet(43)) - raft.server.rpc.timeout.min = 5s (custom)
2019-09-25 05:49:49,057 [pool-469-thread-1] INFO  server.RaftServerConfigKeys (ConfUtils.java:logGet(43)) - raft.server.rpc.timeout.max = 5200ms (custom)
2019-09-25 05:49:49,057 [pool-469-thread-1] INFO  server.RaftServerConfigKeys (ConfUtils.java:logGet(43)) - raft.server.rpcslowness.timeout = 120s (custom)
2019-09-25 05:49:49,057 [pool-469-thread-1] INFO  server.RaftServerConfigKeys (ConfUtils.java:logGet(43)) - raft.server.sleep.deviation.threshold = 300 (default)
2019-09-25 05:49:49,057 [pool-469-thread-1] INFO  server.RaftServerConfigKeys (ConfUtils.java:logGet(43)) - raft.server.log.appender.install.snapshot.enabled = false (custom)
2019-09-25 05:49:49,057 [pool-469-thread-1] INFO  impl.RaftServerImpl (ServerState.java:<init>(103)) - 99091fd2-8328-4de4-84f5-e3b7c3f0dc1c@group-0F761C49026C: ConfigurationManager, init=-1: [99091fd2-8328-4de4-84f5-e3b7c3f0dc1c:192.168.30.10:42474], old=null, confs=<EMPTY_MAP>
2019-09-25 05:49:49,058 [pool-469-thread-1] INFO  server.RaftServerConfigKeys (ConfUtils.java:logGet(43)) - raft.server.storage.dir = [/workdir/hadoop-ozone/integration-test/target/test-dir/MiniOzoneClusterImpl-3371874c-cdf9-4999-a21e-92d2cda410bc/datanode-6/data/ratis] (custom)
2019-09-25 05:49:49,058 [pool-469-thread-1] INFO  storage.RaftStorageDirectory (RaftStorageDirectory.java:analyzeStorage(246)) - The storage directory /workdir/hadoop-ozone/integration-test/target/test-dir/MiniOzoneClusterImpl-3371874c-cdf9-4999-a21e-92d2cda410bc/datanode-6/data/ratis/7a1893c8-e2ba-4624-8032-0f761c49026c does not exist. Creating ...
2019-09-25 05:49:49,071 [pool-469-thread-1] INFO  storage.RaftStorageDirectory (RaftStorageDirectory.java:tryLock(328)) - Lock on /workdir/hadoop-ozone/integration-test/target/test-dir/MiniOzoneClusterImpl-3371874c-cdf9-4999-a21e-92d2cda410bc/datanode-6/data/ratis/7a1893c8-e2ba-4624-8032-0f761c49026c/in_use.lock acquired by nodename 13539@pr-hdds-1569-s62bp-3040748787
2019-09-25 05:49:49,083 [pool-469-thread-1] INFO  storage.RaftStorage (RaftStorage.java:format(72)) - Storage directory /workdir/hadoop-ozone/integration-test/target/test-dir/MiniOzoneClusterImpl-3371874c-cdf9-4999-a21e-92d2cda410bc/datanode-6/data/ratis/7a1893c8-e2ba-4624-8032-0f761c49026c has been successfully formatted.
2019-09-25 05:49:49,084 [pool-469-thread-1] INFO  ratis.ContainerStateMachine (ContainerStateMachine.java:loadSnapshot(230)) - group-0F761C49026C: The snapshot info is null. Setting the last applied indexto:(t:0, i:~)
2019-09-25 05:49:49,084 [pool-469-thread-1] INFO  server.RaftServerConfigKeys (ConfUtils.java:logGet(43)) - raft.server.notification.no-leader.timeout = 120s (custom)
2019-09-25 05:49:49,084 [pool-469-thread-1] INFO  server.RaftServerConfigKeys (ConfUtils.java:logGet(43)) - raft.server.log.use.memory = false (default)
2019-09-25 05:49:49,084 [pool-469-thread-1] INFO  server.RaftServerConfigKeys (ConfUtils.java:logGet(43)) - raft.server.log.purge.gap = 1000000 (custom)
2019-09-25 05:49:49,084 [pool-469-thread-1] INFO  server.RaftServerConfigKeys (ConfUtils.java:logGet(43)) - raft.server.log.appender.buffer.byte-limit = 33554432 (custom)
2019-09-25 05:49:49,084 [pool-469-thread-1] INFO  server.RaftServerConfigKeys (ConfUtils.java:logGet(43)) - raft.server.log.segment.size.max = 1048576 (custom)
2019-09-25 05:49:49,084 [pool-469-thread-1] INFO  server.RaftServerConfigKeys (ConfUtils.java:logGet(43)) - raft.server.log.segment.cache.num.max = 2 (custom)
2019-09-25 05:49:49,084 [pool-469-thread-1] INFO  segmented.SegmentedRaftLogWorker (SegmentedRaftLogWorker.java:<init>(172)) - new 99091fd2-8328-4de4-84f5-e3b7c3f0dc1c@group-0F761C49026C-SegmentedRaftLogWorker for RaftStorage:Storage Directory /workdir/hadoop-ozone/integration-test/target/test-dir/MiniOzoneClusterImpl-3371874c-cdf9-4999-a21e-92d2cda410bc/datanode-6/data/ratis/7a1893c8-e2ba-4624-8032-0f761c49026c
2019-09-25 05:49:49,084 [pool-469-thread-1] INFO  server.RaftServerConfigKeys (ConfUtils.java:logGet(43)) - raft.server.log.queue.byte-limit = 2147483647 (custom)
2019-09-25 05:49:49,085 [pool-469-thread-1] INFO  server.RaftServerConfigKeys (ConfUtils.java:logGet(43)) - raft.server.log.queue.element-limit = 1024 (custom)
2019-09-25 05:49:49,085 [pool-469-thread-1] INFO  server.RaftServerConfigKeys (ConfUtils.java:logGet(43)) - raft.server.log.segment.size.max = 1048576 (custom)
2019-09-25 05:49:49,085 [pool-469-thread-1] INFO  server.RaftServerConfigKeys (ConfUtils.java:logGet(43)) - raft.server.log.preallocated.size = 16384 (custom)
2019-09-25 05:49:49,085 [pool-469-thread-1] INFO  server.RaftServerConfigKeys (ConfUtils.java:logGet(43)) - raft.server.log.write.buffer.size = 33554432 (custom)
2019-09-25 05:49:49,085 [pool-469-thread-1] INFO  server.RaftServerConfigKeys (ConfUtils.java:logGet(43)) - raft.server.log.force.sync.num = 128 (default)
2019-09-25 05:49:49,085 [pool-469-thread-1] INFO  server.RaftServerConfigKeys (ConfUtils.java:logGet(43)) - raft.server.log.statemachine.data.sync = true (default)
2019-09-25 05:49:49,085 [pool-469-thread-1] INFO  server.RaftServerConfigKeys (ConfUtils.java:logGet(43)) - raft.server.log.statemachine.data.sync.timeout = 10s (default)
2019-09-25 05:49:49,085 [pool-469-thread-1] INFO  server.RaftServerConfigKeys (ConfUtils.java:logGet(43)) - raft.server.log.statemachine.data.sync.timeout.retry = -1 (default)
2019-09-25 05:49:49,085 [pool-469-thread-1] INFO  server.RaftServerConfigKeys (ConfUtils.java:logGet(43)) - raft.server.log.statemachine.data.caching.enabled = true (custom)
2019-09-25 05:49:49,085 [pool-469-thread-1] INFO  segmented.SegmentedRaftLogWorker (SegmentedRaftLogWorker.java:lambda$new$0(132)) - 99091fd2-8328-4de4-84f5-e3b7c3f0dc1c@group-0F761C49026C-SegmentedRaftLogWorker: flushIndex: setUnconditionally 0 -> -1
2019-09-25 05:49:49,086 [pool-469-thread-1] INFO  server.RaftServerConfigKeys (ConfUtils.java:logGet(43)) - raft.server.snapshot.auto.trigger.enabled = true (custom)
2019-09-25 05:49:49,086 [pool-469-thread-1] INFO  server.RaftServerConfigKeys (ConfUtils.java:logGet(43)) - raft.server.snapshot.auto.trigger.threshold = 10000 (custom)
2019-09-25 05:49:49,086 [pool-469-thread-1] INFO  server.RaftServerConfigKeys (ConfUtils.java:logGet(43)) - raft.server.snapshot.retention.num.files = 5 (custom)
2019-09-25 05:49:49,086 [pool-469-thread-1] INFO  server.RaftServerConfigKeys (ConfUtils.java:logGet(43)) - raft.server.retrycache.expirytime = 600000ms (custom)
2019-09-25 05:49:49,087 [pool-469-thread-1] INFO  impl.RaftServerImpl (RaftServerImpl.java:start(185)) - 99091fd2-8328-4de4-84f5-e3b7c3f0dc1c@group-0F761C49026C: start as a follower, conf=-1: [99091fd2-8328-4de4-84f5-e3b7c3f0dc1c:192.168.30.10:42474], old=null
2019-09-25 05:49:49,087 [pool-469-thread-1] INFO  impl.RaftServerImpl (RaftServerImpl.java:setRole(174)) - 99091fd2-8328-4de4-84f5-e3b7c3f0dc1c@group-0F761C49026C: changes role from      null to FOLLOWER at term 0 for startAsFollower
2019-09-25 05:49:49,087 [pool-469-thread-1] INFO  impl.RoleInfo (RoleInfo.java:updateAndGet(143)) - 99091fd2-8328-4de4-84f5-e3b7c3f0dc1c: start FollowerState
2019-09-25 05:49:49,088 [pool-469-thread-1] INFO  util.JmxRegister (JmxRegister.java:tryRegister(44)) - Successfully registered JMX Bean with object name Ratis:service=RaftServer,group=group-0F761C49026C,id=99091fd2-8328-4de4-84f5-e3b7c3f0dc1c
2019-09-25 05:49:49,089 [RatisPipelineUtilsThread] INFO  pipeline.PipelineStateManager (PipelineStateManager.java:addPipeline(56)) - Created pipeline Pipeline[ Id: 7a1893c8-e2ba-4624-8032-0f761c49026c, Nodes: 99091fd2-8328-4de4-84f5-e3b7c3f0dc1c{ip: 192.168.30.10, host: pr-hdds-1569-s62bp-3040748787, networkLocation: /default-rack, certSerialId: null}, Type:RATIS, Factor:ONE, State:OPEN]
2019-09-25 05:49:49,089 [RatisPipelineUtilsThread] INFO  pipeline.PipelinePlacementPolicy (PipelinePlacementPolicy.java:meetCriteria(91)) - Pipeline Placement: Doesn't meet the criteria to be viable node： 49db5453-e576-4a11-af8d-74d98f8d549c Heaviness: 6 limit: 5
2019-09-25 05:49:49,090 [RatisPipelineUtilsThread] INFO  pipeline.PipelinePlacementPolicy (PipelinePlacementPolicy.java:meetCriteria(91)) - Pipeline Placement: Doesn't meet the criteria to be viable node： fc8c9bb1-dbbf-4b8a-ac9f-72a0e03a2e86 Heaviness: 6 limit: 5
2019-09-25 05:49:49,090 [RatisPipelineUtilsThread] INFO  pipeline.PipelinePlacementPolicy (PipelinePlacementPolicy.java:meetCriteria(91)) - Pipeline Placement: Doesn't meet the criteria to be viable node： 01bb1e87-3b88-425d-af88-cd320b9a7275 Heaviness: 6 limit: 5
2019-09-25 05:49:49,090 [RatisPipelineUtilsThread] INFO  pipeline.PipelinePlacementPolicy (PipelinePlacementPolicy.java:meetCriteria(91)) - Pipeline Placement: Doesn't meet the criteria to be viable node： 41cc7451-3c22-4fa0-b0d4-151937985196 Heaviness: 6 limit: 5
2019-09-25 05:49:49,090 [RatisPipelineUtilsThread] INFO  pipeline.PipelinePlacementPolicy (PipelinePlacementPolicy.java:meetCriteria(91)) - Pipeline Placement: Doesn't meet the criteria to be viable node： 44082f05-803b-4c97-a9e5-c320db8eea77 Heaviness: 6 limit: 5
2019-09-25 05:49:49,090 [RatisPipelineUtilsThread] INFO  pipeline.PipelinePlacementPolicy (PipelinePlacementPolicy.java:meetCriteria(91)) - Pipeline Placement: Doesn't meet the criteria to be viable node： f67911da-22a7-4cad-9c8f-7bf30371d239 Heaviness: 6 limit: 5
2019-09-25 05:49:49,093 [grpc-default-executor-0] INFO  impl.RaftServerProxy (RaftServerProxy.java:addNew(89)) - 99091fd2-8328-4de4-84f5-e3b7c3f0dc1c: addNew group-C889DD1DBBDE:[99091fd2-8328-4de4-84f5-e3b7c3f0dc1c:192.168.30.10:42474] returns group-C889DD1DBBDE:java.util.concurrent.CompletableFuture@6c0bf364[Not completed]
2019-09-25 05:49:49,094 [pool-469-thread-1] INFO  impl.RaftServerImpl (RaftServerImpl.java:<init>(95)) - 99091fd2-8328-4de4-84f5-e3b7c3f0dc1c: new RaftServerImpl for group-C889DD1DBBDE:[99091fd2-8328-4de4-84f5-e3b7c3f0dc1c:192.168.30.10:42474] with ContainerStateMachine:uninitialized
2019-09-25 05:49:49,094 [pool-469-thread-1] INFO  server.RaftServerConfigKeys (ConfUtils.java:logGet(43)) - raft.server.rpc.timeout.min = 5s (custom)
2019-09-25 05:49:49,094 [pool-469-thread-1] INFO  server.RaftServerConfigKeys (ConfUtils.java:logGet(43)) - raft.server.rpc.timeout.max = 5200ms (custom)
2019-09-25 05:49:49,094 [pool-469-thread-1] INFO  server.RaftServerConfigKeys (ConfUtils.java:logGet(43)) - raft.server.rpcslowness.timeout = 120s (custom)
2019-09-25 05:49:49,094 [pool-469-thread-1] INFO  server.RaftServerConfigKeys (ConfUtils.java:logGet(43)) - raft.server.sleep.deviation.threshold = 300 (default)
2019-09-25 05:49:49,094 [pool-469-thread-1] INFO  server.RaftServerConfigKeys (ConfUtils.java:logGet(43)) - raft.server.log.appender.install.snapshot.enabled = false (custom)
2019-09-25 05:49:49,094 [pool-469-thread-1] INFO  impl.RaftServerImpl (ServerState.java:<init>(103)) - 99091fd2-8328-4de4-84f5-e3b7c3f0dc1c@group-C889DD1DBBDE: ConfigurationManager, init=-1: [99091fd2-8328-4de4-84f5-e3b7c3f0dc1c:192.168.30.10:42474], old=null, confs=<EMPTY_MAP>
2019-09-25 05:49:49,094 [pool-469-thread-1] INFO  server.RaftServerConfigKeys (ConfUtils.java:logGet(43)) - raft.server.storage.dir = [/workdir/hadoop-ozone/integration-test/target/test-dir/MiniOzoneClusterImpl-3371874c-cdf9-4999-a21e-92d2cda410bc/datanode-6/data/ratis] (custom)
2019-09-25 05:49:49,095 [pool-469-thread-1] INFO  storage.RaftStorageDirectory (RaftStorageDirectory.java:analyzeStorage(246)) - The storage directory /workdir/hadoop-ozone/integration-test/target/test-dir/MiniOzoneClusterImpl-3371874c-cdf9-4999-a21e-92d2cda410bc/datanode-6/data/ratis/b52c5e1b-acbc-4bd1-8be0-c889dd1dbbde does not exist. Creating ...
2019-09-25 05:49:49,108 [pool-469-thread-1] INFO  storage.RaftStorageDirectory (RaftStorageDirectory.java:tryLock(328)) - Lock on /workdir/hadoop-ozone/integration-test/target/test-dir/MiniOzoneClusterImpl-3371874c-cdf9-4999-a21e-92d2cda410bc/datanode-6/data/ratis/b52c5e1b-acbc-4bd1-8be0-c889dd1dbbde/in_use.lock acquired by nodename 13539@pr-hdds-1569-s62bp-3040748787
2019-09-25 05:49:49,120 [pool-469-thread-1] INFO  storage.RaftStorage (RaftStorage.java:format(72)) - Storage directory /workdir/hadoop-ozone/integration-test/target/test-dir/MiniOzoneClusterImpl-3371874c-cdf9-4999-a21e-92d2cda410bc/datanode-6/data/ratis/b52c5e1b-acbc-4bd1-8be0-c889dd1dbbde has been successfully formatted.
2019-09-25 05:49:49,121 [pool-469-thread-1] INFO  ratis.ContainerStateMachine (ContainerStateMachine.java:loadSnapshot(230)) - group-C889DD1DBBDE: The snapshot info is null. Setting the last applied indexto:(t:0, i:~)
2019-09-25 05:49:49,121 [pool-469-thread-1] INFO  server.RaftServerConfigKeys (ConfUtils.java:logGet(43)) - raft.server.notification.no-leader.timeout = 120s (custom)
2019-09-25 05:49:49,121 [pool-469-thread-1] INFO  server.RaftServerConfigKeys (ConfUtils.java:logGet(43)) - raft.server.log.use.memory = false (default)
2019-09-25 05:49:49,121 [pool-469-thread-1] INFO  server.RaftServerConfigKeys (ConfUtils.java:logGet(43)) - raft.server.log.purge.gap = 1000000 (custom)
2019-09-25 05:49:49,121 [pool-469-thread-1] INFO  server.RaftServerConfigKeys (ConfUtils.java:logGet(43)) - raft.server.log.appender.buffer.byte-limit = 33554432 (custom)
2019-09-25 05:49:49,121 [pool-469-thread-1] INFO  server.RaftServerConfigKeys (ConfUtils.java:logGet(43)) - raft.server.log.segment.size.max = 1048576 (custom)
2019-09-25 05:49:49,121 [pool-469-thread-1] INFO  server.RaftServerConfigKeys (ConfUtils.java:logGet(43)) - raft.server.log.segment.cache.num.max = 2 (custom)
2019-09-25 05:49:49,121 [pool-469-thread-1] INFO  segmented.SegmentedRaftLogWorker (SegmentedRaftLogWorker.java:<init>(172)) - new 99091fd2-8328-4de4-84f5-e3b7c3f0dc1c@group-C889DD1DBBDE-SegmentedRaftLogWorker for RaftStorage:Storage Directory /workdir/hadoop-ozone/integration-test/target/test-dir/MiniOzoneClusterImpl-3371874c-cdf9-4999-a21e-92d2cda410bc/datanode-6/data/ratis/b52c5e1b-acbc-4bd1-8be0-c889dd1dbbde
2019-09-25 05:49:49,121 [pool-469-thread-1] INFO  server.RaftServerConfigKeys (ConfUtils.java:logGet(43)) - raft.server.log.queue.byte-limit = 2147483647 (custom)
2019-09-25 05:49:49,122 [pool-469-thread-1] INFO  server.RaftServerConfigKeys (ConfUtils.java:logGet(43)) - raft.server.log.queue.element-limit = 1024 (custom)
2019-09-25 05:49:49,122 [pool-469-thread-1] INFO  server.RaftServerConfigKeys (ConfUtils.java:logGet(43)) - raft.server.log.segment.size.max = 1048576 (custom)
2019-09-25 05:49:49,122 [pool-469-thread-1] INFO  server.RaftServerConfigKeys (ConfUtils.java:logGet(43)) - raft.server.log.preallocated.size = 16384 (custom)
2019-09-25 05:49:49,122 [pool-469-thread-1] INFO  server.RaftServerConfigKeys (ConfUtils.java:logGet(43)) - raft.server.log.write.buffer.size = 33554432 (custom)
2019-09-25 05:49:49,122 [pool-469-thread-1] INFO  server.RaftServerConfigKeys (ConfUtils.java:logGet(43)) - raft.server.log.force.sync.num = 128 (default)
2019-09-25 05:49:49,122 [pool-469-thread-1] INFO  server.RaftServerConfigKeys (ConfUtils.java:logGet(43)) - raft.server.log.statemachine.data.sync = true (default)
2019-09-25 05:49:49,122 [pool-469-thread-1] INFO  server.RaftServerConfigKeys (ConfUtils.java:logGet(43)) - raft.server.log.statemachine.data.sync.timeout = 10s (default)
2019-09-25 05:49:49,122 [pool-469-thread-1] INFO  server.RaftServerConfigKeys (ConfUtils.java:logGet(43)) - raft.server.log.statemachine.data.sync.timeout.retry = -1 (default)
2019-09-25 05:49:49,122 [pool-469-thread-1] INFO  server.RaftServerConfigKeys (ConfUtils.java:logGet(43)) - raft.server.log.statemachine.data.caching.enabled = true (custom)
2019-09-25 05:49:49,122 [pool-469-thread-1] INFO  segmented.SegmentedRaftLogWorker (SegmentedRaftLogWorker.java:lambda$new$0(132)) - 99091fd2-8328-4de4-84f5-e3b7c3f0dc1c@group-C889DD1DBBDE-SegmentedRaftLogWorker: flushIndex: setUnconditionally 0 -> -1
2019-09-25 05:49:49,123 [pool-469-thread-1] INFO  server.RaftServerConfigKeys (ConfUtils.java:logGet(43)) - raft.server.snapshot.auto.trigger.enabled = true (custom)
2019-09-25 05:49:49,123 [pool-469-thread-1] INFO  server.RaftServerConfigKeys (ConfUtils.java:logGet(43)) - raft.server.snapshot.auto.trigger.threshold = 10000 (custom)
2019-09-25 05:49:49,123 [pool-469-thread-1] INFO  server.RaftServerConfigKeys (ConfUtils.java:logGet(43)) - raft.server.snapshot.retention.num.files = 5 (custom)
2019-09-25 05:49:49,123 [pool-469-thread-1] INFO  server.RaftServerConfigKeys (ConfUtils.java:logGet(43)) - raft.server.retrycache.expirytime = 600000ms (custom)
2019-09-25 05:49:49,124 [pool-469-thread-1] INFO  impl.RaftServerImpl (RaftServerImpl.java:start(185)) - 99091fd2-8328-4de4-84f5-e3b7c3f0dc1c@group-C889DD1DBBDE: start as a follower, conf=-1: [99091fd2-8328-4de4-84f5-e3b7c3f0dc1c:192.168.30.10:42474], old=null
2019-09-25 05:49:49,124 [pool-469-thread-1] INFO  impl.RaftServerImpl (RaftServerImpl.java:setRole(174)) - 99091fd2-8328-4de4-84f5-e3b7c3f0dc1c@group-C889DD1DBBDE: changes role from      null to FOLLOWER at term 0 for startAsFollower
2019-09-25 05:49:49,124 [pool-469-thread-1] INFO  impl.RoleInfo (RoleInfo.java:updateAndGet(143)) - 99091fd2-8328-4de4-84f5-e3b7c3f0dc1c: start FollowerState
2019-09-25 05:49:49,124 [pool-469-thread-1] INFO  util.JmxRegister (JmxRegister.java:tryRegister(44)) - Successfully registered JMX Bean with object name Ratis:service=RaftServer,group=group-C889DD1DBBDE,id=99091fd2-8328-4de4-84f5-e3b7c3f0dc1c
2019-09-25 05:49:49,126 [RatisPipelineUtilsThread] INFO  pipeline.PipelineStateManager (PipelineStateManager.java:addPipeline(56)) - Created pipeline Pipeline[ Id: b52c5e1b-acbc-4bd1-8be0-c889dd1dbbde, Nodes: 99091fd2-8328-4de4-84f5-e3b7c3f0dc1c{ip: 192.168.30.10, host: pr-hdds-1569-s62bp-3040748787, networkLocation: /default-rack, certSerialId: null}, Type:RATIS, Factor:ONE, State:OPEN]
2019-09-25 05:49:49,126 [RatisPipelineUtilsThread] INFO  pipeline.PipelinePlacementPolicy (PipelinePlacementPolicy.java:meetCriteria(91)) - Pipeline Placement: Doesn't meet the criteria to be viable node： 49db5453-e576-4a11-af8d-74d98f8d549c Heaviness: 6 limit: 5
2019-09-25 05:49:49,127 [RatisPipelineUtilsThread] INFO  pipeline.PipelinePlacementPolicy (PipelinePlacementPolicy.java:meetCriteria(91)) - Pipeline Placement: Doesn't meet the criteria to be viable node： fc8c9bb1-dbbf-4b8a-ac9f-72a0e03a2e86 Heaviness: 6 limit: 5
2019-09-25 05:49:49,127 [RatisPipelineUtilsThread] INFO  pipeline.PipelinePlacementPolicy (PipelinePlacementPolicy.java:meetCriteria(91)) - Pipeline Placement: Doesn't meet the criteria to be viable node： 01bb1e87-3b88-425d-af88-cd320b9a7275 Heaviness: 6 limit: 5
2019-09-25 05:49:49,127 [RatisPipelineUtilsThread] INFO  pipeline.PipelinePlacementPolicy (PipelinePlacementPolicy.java:meetCriteria(91)) - Pipeline Placement: Doesn't meet the criteria to be viable node： 41cc7451-3c22-4fa0-b0d4-151937985196 Heaviness: 6 limit: 5
2019-09-25 05:49:49,127 [RatisPipelineUtilsThread] INFO  pipeline.PipelinePlacementPolicy (PipelinePlacementPolicy.java:meetCriteria(91)) - Pipeline Placement: Doesn't meet the criteria to be viable node： 44082f05-803b-4c97-a9e5-c320db8eea77 Heaviness: 6 limit: 5
2019-09-25 05:49:49,127 [RatisPipelineUtilsThread] INFO  pipeline.PipelinePlacementPolicy (PipelinePlacementPolicy.java:meetCriteria(91)) - Pipeline Placement: Doesn't meet the criteria to be viable node： f67911da-22a7-4cad-9c8f-7bf30371d239 Heaviness: 6 limit: 5
2019-09-25 05:49:49,130 [grpc-default-executor-0] INFO  impl.RaftServerProxy (RaftServerProxy.java:addNew(89)) - 99091fd2-8328-4de4-84f5-e3b7c3f0dc1c: addNew group-E5F5CCF87DCA:[99091fd2-8328-4de4-84f5-e3b7c3f0dc1c:192.168.30.10:42474] returns group-E5F5CCF87DCA:java.util.concurrent.CompletableFuture@2839cd61[Not completed]
2019-09-25 05:49:49,131 [pool-469-thread-1] INFO  impl.RaftServerImpl (RaftServerImpl.java:<init>(95)) - 99091fd2-8328-4de4-84f5-e3b7c3f0dc1c: new RaftServerImpl for group-E5F5CCF87DCA:[99091fd2-8328-4de4-84f5-e3b7c3f0dc1c:192.168.30.10:42474] with ContainerStateMachine:uninitialized
2019-09-25 05:49:49,131 [pool-469-thread-1] INFO  server.RaftServerConfigKeys (ConfUtils.java:logGet(43)) - raft.server.rpc.timeout.min = 5s (custom)
2019-09-25 05:49:49,131 [pool-469-thread-1] INFO  server.RaftServerConfigKeys (ConfUtils.java:logGet(43)) - raft.server.rpc.timeout.max = 5200ms (custom)
2019-09-25 05:49:49,131 [pool-469-thread-1] INFO  server.RaftServerConfigKeys (ConfUtils.java:logGet(43)) - raft.server.rpcslowness.timeout = 120s (custom)
2019-09-25 05:49:49,131 [pool-469-thread-1] INFO  server.RaftServerConfigKeys (ConfUtils.java:logGet(43)) - raft.server.sleep.deviation.threshold = 300 (default)
2019-09-25 05:49:49,131 [pool-469-thread-1] INFO  server.RaftServerConfigKeys (ConfUtils.java:logGet(43)) - raft.server.log.appender.install.snapshot.enabled = false (custom)
2019-09-25 05:49:49,131 [pool-469-thread-1] INFO  impl.RaftServerImpl (ServerState.java:<init>(103)) - 99091fd2-8328-4de4-84f5-e3b7c3f0dc1c@group-E5F5CCF87DCA: ConfigurationManager, init=-1: [99091fd2-8328-4de4-84f5-e3b7c3f0dc1c:192.168.30.10:42474], old=null, confs=<EMPTY_MAP>
2019-09-25 05:49:49,131 [pool-469-thread-1] INFO  server.RaftServerConfigKeys (ConfUtils.java:logGet(43)) - raft.server.storage.dir = [/workdir/hadoop-ozone/integration-test/target/test-dir/MiniOzoneClusterImpl-3371874c-cdf9-4999-a21e-92d2cda410bc/datanode-6/data/ratis] (custom)
2019-09-25 05:49:49,132 [pool-469-thread-1] INFO  storage.RaftStorageDirectory (RaftStorageDirectory.java:analyzeStorage(246)) - The storage directory /workdir/hadoop-ozone/integration-test/target/test-dir/MiniOzoneClusterImpl-3371874c-cdf9-4999-a21e-92d2cda410bc/datanode-6/data/ratis/c860bae0-3865-46a7-aed0-e5f5ccf87dca does not exist. Creating ...
2019-09-25 05:49:49,144 [pool-469-thread-1] INFO  storage.RaftStorageDirectory (RaftStorageDirectory.java:tryLock(328)) - Lock on /workdir/hadoop-ozone/integration-test/target/test-dir/MiniOzoneClusterImpl-3371874c-cdf9-4999-a21e-92d2cda410bc/datanode-6/data/ratis/c860bae0-3865-46a7-aed0-e5f5ccf87dca/in_use.lock acquired by nodename 13539@pr-hdds-1569-s62bp-3040748787
2019-09-25 05:49:49,156 [pool-469-thread-1] INFO  storage.RaftStorage (RaftStorage.java:format(72)) - Storage directory /workdir/hadoop-ozone/integration-test/target/test-dir/MiniOzoneClusterImpl-3371874c-cdf9-4999-a21e-92d2cda410bc/datanode-6/data/ratis/c860bae0-3865-46a7-aed0-e5f5ccf87dca has been successfully formatted.
2019-09-25 05:49:49,156 [pool-469-thread-1] INFO  ratis.ContainerStateMachine (ContainerStateMachine.java:loadSnapshot(230)) - group-E5F5CCF87DCA: The snapshot info is null. Setting the last applied indexto:(t:0, i:~)
2019-09-25 05:49:49,156 [pool-469-thread-1] INFO  server.RaftServerConfigKeys (ConfUtils.java:logGet(43)) - raft.server.notification.no-leader.timeout = 120s (custom)
2019-09-25 05:49:49,157 [pool-469-thread-1] INFO  server.RaftServerConfigKeys (ConfUtils.java:logGet(43)) - raft.server.log.use.memory = false (default)
2019-09-25 05:49:49,157 [pool-469-thread-1] INFO  server.RaftServerConfigKeys (ConfUtils.java:logGet(43)) - raft.server.log.purge.gap = 1000000 (custom)
2019-09-25 05:49:49,157 [pool-469-thread-1] INFO  server.RaftServerConfigKeys (ConfUtils.java:logGet(43)) - raft.server.log.appender.buffer.byte-limit = 33554432 (custom)
2019-09-25 05:49:49,157 [pool-469-thread-1] INFO  server.RaftServerConfigKeys (ConfUtils.java:logGet(43)) - raft.server.log.segment.size.max = 1048576 (custom)
2019-09-25 05:49:49,157 [pool-469-thread-1] INFO  server.RaftServerConfigKeys (ConfUtils.java:logGet(43)) - raft.server.log.segment.cache.num.max = 2 (custom)
2019-09-25 05:49:49,157 [pool-469-thread-1] INFO  segmented.SegmentedRaftLogWorker (SegmentedRaftLogWorker.java:<init>(172)) - new 99091fd2-8328-4de4-84f5-e3b7c3f0dc1c@group-E5F5CCF87DCA-SegmentedRaftLogWorker for RaftStorage:Storage Directory /workdir/hadoop-ozone/integration-test/target/test-dir/MiniOzoneClusterImpl-3371874c-cdf9-4999-a21e-92d2cda410bc/datanode-6/data/ratis/c860bae0-3865-46a7-aed0-e5f5ccf87dca
2019-09-25 05:49:49,157 [pool-469-thread-1] INFO  server.RaftServerConfigKeys (ConfUtils.java:logGet(43)) - raft.server.log.queue.byte-limit = 2147483647 (custom)
2019-09-25 05:49:49,157 [pool-469-thread-1] INFO  server.RaftServerConfigKeys (ConfUtils.java:logGet(43)) - raft.server.log.queue.element-limit = 1024 (custom)
2019-09-25 05:49:49,157 [pool-469-thread-1] INFO  server.RaftServerConfigKeys (ConfUtils.java:logGet(43)) - raft.server.log.segment.size.max = 1048576 (custom)
2019-09-25 05:49:49,157 [pool-469-thread-1] INFO  server.RaftServerConfigKeys (ConfUtils.java:logGet(43)) - raft.server.log.preallocated.size = 16384 (custom)
2019-09-25 05:49:49,157 [pool-469-thread-1] INFO  server.RaftServerConfigKeys (ConfUtils.java:logGet(43)) - raft.server.log.write.buffer.size = 33554432 (custom)
2019-09-25 05:49:49,157 [pool-469-thread-1] INFO  server.RaftServerConfigKeys (ConfUtils.java:logGet(43)) - raft.server.log.force.sync.num = 128 (default)
2019-09-25 05:49:49,158 [pool-469-thread-1] INFO  server.RaftServerConfigKeys (ConfUtils.java:logGet(43)) - raft.server.log.statemachine.data.sync = true (default)
2019-09-25 05:49:49,158 [pool-469-thread-1] INFO  server.RaftServerConfigKeys (ConfUtils.java:logGet(43)) - raft.server.log.statemachine.data.sync.timeout = 10s (default)
2019-09-25 05:49:49,158 [pool-469-thread-1] INFO  server.RaftServerConfigKeys (ConfUtils.java:logGet(43)) - raft.server.log.statemachine.data.sync.timeout.retry = -1 (default)
2019-09-25 05:49:49,158 [pool-469-thread-1] INFO  server.RaftServerConfigKeys (ConfUtils.java:logGet(43)) - raft.server.log.statemachine.data.caching.enabled = true (custom)
2019-09-25 05:49:49,158 [pool-469-thread-1] INFO  segmented.SegmentedRaftLogWorker (SegmentedRaftLogWorker.java:lambda$new$0(132)) - 99091fd2-8328-4de4-84f5-e3b7c3f0dc1c@group-E5F5CCF87DCA-SegmentedRaftLogWorker: flushIndex: setUnconditionally 0 -> -1
2019-09-25 05:49:49,158 [pool-469-thread-1] INFO  server.RaftServerConfigKeys (ConfUtils.java:logGet(43)) - raft.server.snapshot.auto.trigger.enabled = true (custom)
2019-09-25 05:49:49,158 [pool-469-thread-1] INFO  server.RaftServerConfigKeys (ConfUtils.java:logGet(43)) - raft.server.snapshot.auto.trigger.threshold = 10000 (custom)
2019-09-25 05:49:49,158 [pool-469-thread-1] INFO  server.RaftServerConfigKeys (ConfUtils.java:logGet(43)) - raft.server.snapshot.retention.num.files = 5 (custom)
2019-09-25 05:49:49,158 [pool-469-thread-1] INFO  server.RaftServerConfigKeys (ConfUtils.java:logGet(43)) - raft.server.retrycache.expirytime = 600000ms (custom)
2019-09-25 05:49:49,160 [pool-469-thread-1] INFO  impl.RaftServerImpl (RaftServerImpl.java:start(185)) - 99091fd2-8328-4de4-84f5-e3b7c3f0dc1c@group-E5F5CCF87DCA: start as a follower, conf=-1: [99091fd2-8328-4de4-84f5-e3b7c3f0dc1c:192.168.30.10:42474], old=null
2019-09-25 05:49:49,160 [pool-469-thread-1] INFO  impl.RaftServerImpl (RaftServerImpl.java:setRole(174)) - 99091fd2-8328-4de4-84f5-e3b7c3f0dc1c@group-E5F5CCF87DCA: changes role from      null to FOLLOWER at term 0 for startAsFollower
2019-09-25 05:49:49,160 [pool-469-thread-1] INFO  impl.RoleInfo (RoleInfo.java:updateAndGet(143)) - 99091fd2-8328-4de4-84f5-e3b7c3f0dc1c: start FollowerState
2019-09-25 05:49:49,160 [pool-469-thread-1] INFO  util.JmxRegister (JmxRegister.java:tryRegister(44)) - Successfully registered JMX Bean with object name Ratis:service=RaftServer,group=group-E5F5CCF87DCA,id=99091fd2-8328-4de4-84f5-e3b7c3f0dc1c
2019-09-25 05:49:49,161 [RatisPipelineUtilsThread] INFO  pipeline.PipelineStateManager (PipelineStateManager.java:addPipeline(56)) - Created pipeline Pipeline[ Id: c860bae0-3865-46a7-aed0-e5f5ccf87dca, Nodes: 99091fd2-8328-4de4-84f5-e3b7c3f0dc1c{ip: 192.168.30.10, host: pr-hdds-1569-s62bp-3040748787, networkLocation: /default-rack, certSerialId: null}, Type:RATIS, Factor:ONE, State:OPEN]
2019-09-25 05:49:49,162 [RatisPipelineUtilsThread] INFO  pipeline.PipelinePlacementPolicy (PipelinePlacementPolicy.java:meetCriteria(91)) - Pipeline Placement: Doesn't meet the criteria to be viable node： 99091fd2-8328-4de4-84f5-e3b7c3f0dc1c Heaviness: 6 limit: 5
2019-09-25 05:49:49,162 [RatisPipelineUtilsThread] INFO  pipeline.PipelinePlacementPolicy (PipelinePlacementPolicy.java:meetCriteria(91)) - Pipeline Placement: Doesn't meet the criteria to be viable node： 49db5453-e576-4a11-af8d-74d98f8d549c Heaviness: 6 limit: 5
2019-09-25 05:49:49,162 [RatisPipelineUtilsThread] INFO  pipeline.PipelinePlacementPolicy (PipelinePlacementPolicy.java:meetCriteria(91)) - Pipeline Placement: Doesn't meet the criteria to be viable node： fc8c9bb1-dbbf-4b8a-ac9f-72a0e03a2e86 Heaviness: 6 limit: 5
2019-09-25 05:49:49,162 [RatisPipelineUtilsThread] INFO  pipeline.PipelinePlacementPolicy (PipelinePlacementPolicy.java:meetCriteria(91)) - Pipeline Placement: Doesn't meet the criteria to be viable node： 01bb1e87-3b88-425d-af88-cd320b9a7275 Heaviness: 6 limit: 5
2019-09-25 05:49:49,162 [RatisPipelineUtilsThread] INFO  pipeline.PipelinePlacementPolicy (PipelinePlacementPolicy.java:meetCriteria(91)) - Pipeline Placement: Doesn't meet the criteria to be viable node： 41cc7451-3c22-4fa0-b0d4-151937985196 Heaviness: 6 limit: 5
2019-09-25 05:49:49,162 [RatisPipelineUtilsThread] INFO  pipeline.PipelinePlacementPolicy (PipelinePlacementPolicy.java:meetCriteria(91)) - Pipeline Placement: Doesn't meet the criteria to be viable node： 44082f05-803b-4c97-a9e5-c320db8eea77 Heaviness: 6 limit: 5
2019-09-25 05:49:49,162 [RatisPipelineUtilsThread] INFO  pipeline.PipelinePlacementPolicy (PipelinePlacementPolicy.java:meetCriteria(91)) - Pipeline Placement: Doesn't meet the criteria to be viable node： f67911da-22a7-4cad-9c8f-7bf30371d239 Heaviness: 6 limit: 5
2019-09-25 05:49:49,163 [RatisPipelineUtilsThread] ERROR pipeline.PipelinePlacementPolicy (PipelinePlacementPolicy.java:filterViableNodes(148)) - Unable to find enough nodes that meet the criteria that cannot engage in more than 5 pipelines. Nodes required: 1 Found: 0, healthy nodes count inNodeManager: 7.
2019-09-25 05:49:49,163 [RatisPipelineUtilsThread] ERROR pipeline.SCMPipelineManager (SCMPipelineManager.java:createPipeline(167)) - Pipeline creation failed due to exception: Unable to find enough nodes that meet the criteria that cannot engage in more than 5 pipelines. Nodes required: 1 Found: 0, healthy nodes count inNodeManager: 7.
2019-09-25 05:49:49,163 [RatisPipelineUtilsThread] INFO  pipeline.PipelinePlacementPolicy (PipelinePlacementPolicy.java:meetCriteria(91)) - Pipeline Placement: Doesn't meet the criteria to be viable node： 99091fd2-8328-4de4-84f5-e3b7c3f0dc1c Heaviness: 6 limit: 5
2019-09-25 05:49:49,163 [RatisPipelineUtilsThread] INFO  pipeline.PipelinePlacementPolicy (PipelinePlacementPolicy.java:meetCriteria(91)) - Pipeline Placement: Doesn't meet the criteria to be viable node： 49db5453-e576-4a11-af8d-74d98f8d549c Heaviness: 6 limit: 5
2019-09-25 05:49:49,163 [RatisPipelineUtilsThread] INFO  pipeline.PipelinePlacementPolicy (PipelinePlacementPolicy.java:meetCriteria(91)) - Pipeline Placement: Doesn't meet the criteria to be viable node： fc8c9bb1-dbbf-4b8a-ac9f-72a0e03a2e86 Heaviness: 6 limit: 5
2019-09-25 05:49:49,163 [RatisPipelineUtilsThread] INFO  pipeline.PipelinePlacementPolicy (PipelinePlacementPolicy.java:meetCriteria(91)) - Pipeline Placement: Doesn't meet the criteria to be viable node： 01bb1e87-3b88-425d-af88-cd320b9a7275 Heaviness: 6 limit: 5
2019-09-25 05:49:49,163 [RatisPipelineUtilsThread] INFO  pipeline.PipelinePlacementPolicy (PipelinePlacementPolicy.java:meetCriteria(91)) - Pipeline Placement: Doesn't meet the criteria to be viable node： 41cc7451-3c22-4fa0-b0d4-151937985196 Heaviness: 6 limit: 5
2019-09-25 05:49:49,163 [RatisPipelineUtilsThread] INFO  pipeline.PipelinePlacementPolicy (PipelinePlacementPolicy.java:meetCriteria(91)) - Pipeline Placement: Doesn't meet the criteria to be viable node： 44082f05-803b-4c97-a9e5-c320db8eea77 Heaviness: 6 limit: 5
2019-09-25 05:49:49,164 [RatisPipelineUtilsThread] INFO  pipeline.PipelinePlacementPolicy (PipelinePlacementPolicy.java:meetCriteria(91)) - Pipeline Placement: Doesn't meet the criteria to be viable node： f67911da-22a7-4cad-9c8f-7bf30371d239 Heaviness: 6 limit: 5
2019-09-25 05:49:49,164 [RatisPipelineUtilsThread] ERROR pipeline.PipelinePlacementPolicy (PipelinePlacementPolicy.java:filterViableNodes(148)) - Unable to find enough nodes that meet the criteria that cannot engage in more than 5 pipelines. Nodes required: 3 Found: 0, healthy nodes count inNodeManager: 7.
2019-09-25 05:49:49,164 [RatisPipelineUtilsThread] ERROR pipeline.SCMPipelineManager (SCMPipelineManager.java:createPipeline(167)) - Pipeline creation failed due to exception: Unable to find enough nodes that meet the criteria that cannot engage in more than 5 pipelines. Nodes required: 3 Found: 0, healthy nodes count inNodeManager: 7.
2019-09-25 05:49:49,164 [RatisPipelineUtilsThread] INFO  pipeline.PipelinePlacementPolicy (PipelinePlacementPolicy.java:meetCriteria(91)) - Pipeline Placement: Doesn't meet the criteria to be viable node： 99091fd2-8328-4de4-84f5-e3b7c3f0dc1c Heaviness: 6 limit: 5
2019-09-25 05:49:49,164 [RatisPipelineUtilsThread] INFO  pipeline.PipelinePlacementPolicy (PipelinePlacementPolicy.java:meetCriteria(91)) - Pipeline Placement: Doesn't meet the criteria to be viable node： 49db5453-e576-4a11-af8d-74d98f8d549c Heaviness: 6 limit: 5
2019-09-25 05:49:49,164 [RatisPipelineUtilsThread] INFO  pipeline.PipelinePlacementPolicy (PipelinePlacementPolicy.java:meetCriteria(91)) - Pipeline Placement: Doesn't meet the criteria to be viable node： fc8c9bb1-dbbf-4b8a-ac9f-72a0e03a2e86 Heaviness: 6 limit: 5
2019-09-25 05:49:49,164 [RatisPipelineUtilsThread] INFO  pipeline.PipelinePlacementPolicy (PipelinePlacementPolicy.java:meetCriteria(91)) - Pipeline Placement: Doesn't meet the criteria to be viable node： 01bb1e87-3b88-425d-af88-cd320b9a7275 Heaviness: 6 limit: 5
2019-09-25 05:49:49,164 [RatisPipelineUtilsThread] INFO  pipeline.PipelinePlacementPolicy (PipelinePlacementPolicy.java:meetCriteria(91)) - Pipeline Placement: Doesn't meet the criteria to be viable node： 41cc7451-3c22-4fa0-b0d4-151937985196 Heaviness: 6 limit: 5
2019-09-25 05:49:49,165 [RatisPipelineUtilsThread] INFO  pipeline.PipelinePlacementPolicy (PipelinePlacementPolicy.java:meetCriteria(91)) - Pipeline Placement: Doesn't meet the criteria to be viable node： 44082f05-803b-4c97-a9e5-c320db8eea77 Heaviness: 6 limit: 5
2019-09-25 05:49:49,165 [RatisPipelineUtilsThread] INFO  pipeline.PipelinePlacementPolicy (PipelinePlacementPolicy.java:meetCriteria(91)) - Pipeline Placement: Doesn't meet the criteria to be viable node： f67911da-22a7-4cad-9c8f-7bf30371d239 Heaviness: 6 limit: 5
2019-09-25 05:49:49,165 [RatisPipelineUtilsThread] ERROR pipeline.PipelinePlacementPolicy (PipelinePlacementPolicy.java:filterViableNodes(148)) - Unable to find enough nodes that meet the criteria that cannot engage in more than 5 pipelines. Nodes required: 1 Found: 0, healthy nodes count inNodeManager: 7.
2019-09-25 05:49:49,165 [RatisPipelineUtilsThread] ERROR pipeline.SCMPipelineManager (SCMPipelineManager.java:createPipeline(167)) - Pipeline creation failed due to exception: Unable to find enough nodes that meet the criteria that cannot engage in more than 5 pipelines. Nodes required: 1 Found: 0, healthy nodes count inNodeManager: 7.
2019-09-25 05:49:49,165 [RatisPipelineUtilsThread] INFO  pipeline.PipelinePlacementPolicy (PipelinePlacementPolicy.java:meetCriteria(91)) - Pipeline Placement: Doesn't meet the criteria to be viable node： 99091fd2-8328-4de4-84f5-e3b7c3f0dc1c Heaviness: 6 limit: 5
2019-09-25 05:49:49,165 [RatisPipelineUtilsThread] INFO  pipeline.PipelinePlacementPolicy (PipelinePlacementPolicy.java:meetCriteria(91)) - Pipeline Placement: Doesn't meet the criteria to be viable node： 49db5453-e576-4a11-af8d-74d98f8d549c Heaviness: 6 limit: 5
2019-09-25 05:49:49,165 [RatisPipelineUtilsThread] INFO  pipeline.PipelinePlacementPolicy (PipelinePlacementPolicy.java:meetCriteria(91)) - Pipeline Placement: Doesn't meet the criteria to be viable node： fc8c9bb1-dbbf-4b8a-ac9f-72a0e03a2e86 Heaviness: 6 limit: 5
2019-09-25 05:49:49,165 [RatisPipelineUtilsThread] INFO  pipeline.PipelinePlacementPolicy (PipelinePlacementPolicy.java:meetCriteria(91)) - Pipeline Placement: Doesn't meet the criteria to be viable node： 01bb1e87-3b88-425d-af88-cd320b9a7275 Heaviness: 6 limit: 5
2019-09-25 05:49:49,165 [RatisPipelineUtilsThread] INFO  pipeline.PipelinePlacementPolicy (PipelinePlacementPolicy.java:meetCriteria(91)) - Pipeline Placement: Doesn't meet the criteria to be viable node： 41cc7451-3c22-4fa0-b0d4-151937985196 Heaviness: 6 limit: 5
2019-09-25 05:49:49,166 [RatisPipelineUtilsThread] INFO  pipeline.PipelinePlacementPolicy (PipelinePlacementPolicy.java:meetCriteria(91)) - Pipeline Placement: Doesn't meet the criteria to be viable node： 44082f05-803b-4c97-a9e5-c320db8eea77 Heaviness: 6 limit: 5
2019-09-25 05:49:49,166 [RatisPipelineUtilsThread] INFO  pipeline.PipelinePlacementPolicy (PipelinePlacementPolicy.java:meetCriteria(91)) - Pipeline Placement: Doesn't meet the criteria to be viable node： f67911da-22a7-4cad-9c8f-7bf30371d239 Heaviness: 6 limit: 5
2019-09-25 05:49:49,166 [RatisPipelineUtilsThread] ERROR pipeline.PipelinePlacementPolicy (PipelinePlacementPolicy.java:filterViableNodes(148)) - Unable to find enough nodes that meet the criteria that cannot engage in more than 5 pipelines. Nodes required: 3 Found: 0, healthy nodes count inNodeManager: 7.
2019-09-25 05:49:49,166 [RatisPipelineUtilsThread] ERROR pipeline.SCMPipelineManager (SCMPipelineManager.java:createPipeline(167)) - Pipeline creation failed due to exception: Unable to find enough nodes that meet the criteria that cannot engage in more than 5 pipelines. Nodes required: 3 Found: 0, healthy nodes count inNodeManager: 7.
2019-09-25 05:49:49,166 [IPC Server handler 3 on 35239] INFO  pipeline.PipelinePlacementPolicy (PipelinePlacementPolicy.java:meetCriteria(91)) - Pipeline Placement: Doesn't meet the criteria to be viable node： 99091fd2-8328-4de4-84f5-e3b7c3f0dc1c Heaviness: 6 limit: 5
2019-09-25 05:49:49,166 [IPC Server handler 3 on 35239] INFO  pipeline.PipelinePlacementPolicy (PipelinePlacementPolicy.java:meetCriteria(91)) - Pipeline Placement: Doesn't meet the criteria to be viable node： 49db5453-e576-4a11-af8d-74d98f8d549c Heaviness: 6 limit: 5
2019-09-25 05:49:49,166 [IPC Server handler 3 on 35239] INFO  pipeline.PipelinePlacementPolicy (PipelinePlacementPolicy.java:meetCriteria(91)) - Pipeline Placement: Doesn't meet the criteria to be viable node： fc8c9bb1-dbbf-4b8a-ac9f-72a0e03a2e86 Heaviness: 6 limit: 5
2019-09-25 05:49:49,167 [IPC Server handler 3 on 35239] INFO  pipeline.PipelinePlacementPolicy (PipelinePlacementPolicy.java:meetCriteria(91)) - Pipeline Placement: Doesn't meet the criteria to be viable node： 01bb1e87-3b88-425d-af88-cd320b9a7275 Heaviness: 6 limit: 5
2019-09-25 05:49:49,167 [IPC Server handler 3 on 35239] INFO  pipeline.PipelinePlacementPolicy (PipelinePlacementPolicy.java:meetCriteria(91)) - Pipeline Placement: Doesn't meet the criteria to be viable node： 41cc7451-3c22-4fa0-b0d4-151937985196 Heaviness: 6 limit: 5
2019-09-25 05:49:49,167 [IPC Server handler 3 on 35239] INFO  pipeline.PipelinePlacementPolicy (PipelinePlacementPolicy.java:meetCriteria(91)) - Pipeline Placement: Doesn't meet the criteria to be viable node： 44082f05-803b-4c97-a9e5-c320db8eea77 Heaviness: 6 limit: 5
2019-09-25 05:49:49,167 [IPC Server handler 3 on 35239] INFO  pipeline.PipelinePlacementPolicy (PipelinePlacementPolicy.java:meetCriteria(91)) - Pipeline Placement: Doesn't meet the criteria to be viable node： f67911da-22a7-4cad-9c8f-7bf30371d239 Heaviness: 6 limit: 5
2019-09-25 05:49:49,167 [IPC Server handler 3 on 35239] ERROR pipeline.PipelinePlacementPolicy (PipelinePlacementPolicy.java:filterViableNodes(148)) - Unable to find enough nodes that meet the criteria that cannot engage in more than 5 pipelines. Nodes required: 3 Found: 0, healthy nodes count inNodeManager: 7.
2019-09-25 05:49:49,167 [IPC Server handler 3 on 35239] ERROR pipeline.SCMPipelineManager (SCMPipelineManager.java:createPipeline(167)) - Pipeline creation failed due to exception: Unable to find enough nodes that meet the criteria that cannot engage in more than 5 pipelines. Nodes required: 3 Found: 0, healthy nodes count inNodeManager: 7.
2019-09-25 05:49:49,167 [IPC Server handler 3 on 35239] WARN  block.BlockManagerImpl (BlockManagerImpl.java:allocateBlock(192)) - Pipeline creation failed for type:RATIS factor:THREE. Retrying get pipelines call once.
org.apache.hadoop.hdds.scm.exceptions.SCMException: Unable to find enough nodes that meet the criteria that cannot engage in more than 5 pipelines. Nodes required: 3 Found: 0, healthy nodes count inNodeManager: 7.
	at org.apache.hadoop.hdds.scm.pipeline.PipelinePlacementPolicy.filterViableNodes(PipelinePlacementPolicy.java:149)
	at org.apache.hadoop.hdds.scm.pipeline.PipelinePlacementPolicy.chooseDatanodes(PipelinePlacementPolicy.java:172)
	at org.apache.hadoop.hdds.scm.pipeline.RatisPipelineProvider.create(RatisPipelineProvider.java:93)
	at org.apache.hadoop.hdds.scm.pipeline.PipelineFactory.create(PipelineFactory.java:58)
	at org.apache.hadoop.hdds.scm.pipeline.SCMPipelineManager.createPipeline(SCMPipelineManager.java:155)
	at org.apache.hadoop.hdds.scm.block.BlockManagerImpl.allocateBlock(BlockManagerImpl.java:190)
	at org.apache.hadoop.hdds.scm.server.SCMBlockProtocolServer.allocateBlock(SCMBlockProtocolServer.java:182)
	at org.apache.hadoop.ozone.protocolPB.ScmBlockLocationProtocolServerSideTranslatorPB.allocateScmBlock(ScmBlockLocationProtocolServerSideTranslatorPB.java:183)
	at org.apache.hadoop.ozone.protocolPB.ScmBlockLocationProtocolServerSideTranslatorPB.processMessage(ScmBlockLocationProtocolServerSideTranslatorPB.java:141)
	at org.apache.hadoop.ozone.protocolPB.ScmBlockLocationProtocolServerSideTranslatorPB.send(ScmBlockLocationProtocolServerSideTranslatorPB.java:116)
	at org.apache.hadoop.hdds.protocol.proto.ScmBlockLocationProtocolProtos$ScmBlockLocationProtocolService$2.callBlockingMethod(ScmBlockLocationProtocolProtos.java:13157)
	at org.apache.hadoop.ipc.ProtobufRpcEngine$Server$ProtoBufRpcInvoker.call(ProtobufRpcEngine.java:524)
	at org.apache.hadoop.ipc.RPC$Server.call(RPC.java:1025)
	at org.apache.hadoop.ipc.Server$RpcCall.run(Server.java:876)
	at org.apache.hadoop.ipc.Server$RpcCall.run(Server.java:822)
	at java.security.AccessController.doPrivileged(Native Method)
	at javax.security.auth.Subject.doAs(Subject.java:422)
	at org.apache.hadoop.security.UserGroupInformation.doAs(UserGroupInformation.java:1730)
	at org.apache.hadoop.ipc.Server$Handler.run(Server.java:2682)
2019-09-25 05:49:49,168 [IPC Server handler 3 on 35239] INFO  block.BlockManagerImpl (BlockManagerImpl.java:allocateBlock(198)) - Could not find available pipeline of type:RATIS and factor:THREE even after retrying
2019-09-25 05:49:49,168 [IPC Server handler 3 on 35239] ERROR block.BlockManagerImpl (BlockManagerImpl.java:allocateBlock(222)) - Unable to allocate a block for the size: 800, type: RATIS, factor: THREE
2019-09-25 05:49:49,174 [main] INFO  ozone.MiniOzoneClusterImpl (MiniOzoneClusterImpl.java:shutdown(314)) - Shutting down the Mini Ozone Cluster
2019-09-25 05:49:49,174 [main] INFO  ozone.MiniOzoneClusterImpl (MiniOzoneClusterImpl.java:stop(330)) - Stopping the Mini Ozone Cluster
2019-09-25 05:49:49,174 [main] INFO  ozone.MiniOzoneClusterImpl (MiniOzoneClusterImpl.java:stopOM(400)) - Stopping the OzoneManager
2019-09-25 05:49:49,174 [main] INFO  ipc.Server (Server.java:stop(3082)) - Stopping server on 39263
2019-09-25 05:49:49,187 [IPC Server listener on 39263] INFO  ipc.Server (Server.java:run(1185)) - Stopping IPC Server listener on 39263
2019-09-25 05:49:49,208 [main] INFO  ratis.OzoneManagerDoubleBuffer (OzoneManagerDoubleBuffer.java:stop(248)) - Stopping OMDoubleBuffer flush thread
2019-09-25 05:49:49,208 [IPC Server Responder] INFO  ipc.Server (Server.java:run(1319)) - Stopping IPC Server Responder
2019-09-25 05:49:49,213 [OMDoubleBufferFlushThread] INFO  ratis.OzoneManagerDoubleBuffer (OzoneManagerDoubleBuffer.java:flushTransactions(191)) - OMDoubleBuffer flush thread OMDoubleBufferFlushThread is interrupted and will exit. OMDoubleBufferFlushThread
2019-09-25 05:49:49,217 [main] INFO  utils.BackgroundService (BackgroundService.java:shutdown(148)) - Shutting down service KeyDeletingService
2019-09-25 05:49:49,228 [main] INFO  handler.ContextHandler (ContextHandler.java:doStop(910)) - Stopped o.e.j.w.WebAppContext@d25e878{/,null,UNAVAILABLE}{/ozoneManager}
2019-09-25 05:49:49,228 [main] INFO  server.AbstractConnector (AbstractConnector.java:doStop(318)) - Stopped ServerConnector@47187f50{HTTP/1.1,[http/1.1]}{0.0.0.0:0}
2019-09-25 05:49:49,229 [main] INFO  handler.ContextHandler (ContextHandler.java:doStop(910)) - Stopped o.e.j.s.ServletContextHandler@54f6b629{/static,file:///workdir/hadoop-ozone/integration-test/target/test-classes/webapps/static,UNAVAILABLE}
2019-09-25 05:49:49,229 [main] INFO  handler.ContextHandler (ContextHandler.java:doStop(910)) - Stopped o.e.j.s.ServletContextHandler@115c946b{/logs,file:///workdir/hadoop-ozone/integration-test/target/log,UNAVAILABLE}
2019-09-25 05:49:49,231 [main] INFO  ozone.MiniOzoneClusterImpl (MiniOzoneClusterImpl.java:stopDatanodes(377)) - Stopping the HddsDatanodes
2019-09-25 05:49:49,465 [Datanode State Machine Thread - 0] INFO  statemachine.DatanodeStateMachine (DatanodeStateMachine.java:lambda$startDaemon$0(350)) - Ozone container server started.
2019-09-25 05:49:49,688 [Datanode State Machine Thread - 0] INFO  statemachine.DatanodeStateMachine (DatanodeStateMachine.java:lambda$startDaemon$0(350)) - Ozone container server started.
2019-09-25 05:49:50,414 [Thread-2651] INFO  container.ReplicationManager (ReplicationManager.java:start(163)) - Starting Replication Monitor Thread.
2019-09-25 05:49:50,419 [ReplicationMonitor] INFO  container.ReplicationManager (ReplicationManager.java:run(226)) - Replication Monitor Thread took 0 milliseconds for processing 0 containers.
2019-09-25 05:49:52,479 [Thread-2653] INFO  impl.FollowerState (FollowerState.java:run(106)) - 01bb1e87-3b88-425d-af88-cd320b9a7275:group-13F729B425F9 changes to CANDIDATE, lastRpcTime:5003, electionTimeout:5003ms
2019-09-25 05:49:52,479 [Thread-2653] INFO  impl.RoleInfo (RoleInfo.java:shutdownFollowerState(121)) - 01bb1e87-3b88-425d-af88-cd320b9a7275: shutdown FollowerState
2019-09-25 05:49:52,479 [Thread-2653] INFO  impl.RaftServerImpl (RaftServerImpl.java:setRole(174)) - 01bb1e87-3b88-425d-af88-cd320b9a7275@group-13F729B425F9: changes role from  FOLLOWER to CANDIDATE at term 0 for changeToCandidate
2019-09-25 05:49:52,479 [Thread-2653] INFO  impl.RoleInfo (RoleInfo.java:updateAndGet(143)) - 01bb1e87-3b88-425d-af88-cd320b9a7275: start LeaderElection
2019-09-25 05:49:52,498 [01bb1e87-3b88-425d-af88-cd320b9a7275@group-13F729B425F9:LeaderElection181] INFO  impl.LeaderElection (LeaderElection.java:askForVotes(182)) - 01bb1e87-3b88-425d-af88-cd320b9a7275@group-13F729B425F9:LeaderElection181: begin an election at term 1 for -1: [01bb1e87-3b88-425d-af88-cd320b9a7275:192.168.30.10:41549], old=null
2019-09-25 05:49:52,498 [01bb1e87-3b88-425d-af88-cd320b9a7275@group-13F729B425F9:LeaderElection181] INFO  impl.RoleInfo (RoleInfo.java:shutdownLeaderElection(134)) - 01bb1e87-3b88-425d-af88-cd320b9a7275: shutdown LeaderElection
2019-09-25 05:49:52,499 [01bb1e87-3b88-425d-af88-cd320b9a7275@group-13F729B425F9:LeaderElection181] INFO  impl.RaftServerImpl (RaftServerImpl.java:setRole(174)) - 01bb1e87-3b88-425d-af88-cd320b9a7275@group-13F729B425F9: changes role from CANDIDATE to LEADER at term 1 for changeToLeader
2019-09-25 05:49:52,499 [01bb1e87-3b88-425d-af88-cd320b9a7275@group-13F729B425F9:LeaderElection181] INFO  impl.RaftServerImpl (ServerState.java:setLeader(253)) - 01bb1e87-3b88-425d-af88-cd320b9a7275@group-13F729B425F9: change Leader from null to 01bb1e87-3b88-425d-af88-cd320b9a7275 at term 1 for becomeLeader, leader elected after 5030ms
2019-09-25 05:49:52,499 [01bb1e87-3b88-425d-af88-cd320b9a7275@group-13F729B425F9:LeaderElection181] INFO  server.RaftServerConfigKeys (ConfUtils.java:logGet(43)) - raft.server.staging.catchup.gap = 1000 (default)
2019-09-25 05:49:52,499 [01bb1e87-3b88-425d-af88-cd320b9a7275@group-13F729B425F9:LeaderElection181] INFO  server.RaftServerConfigKeys (ConfUtils.java:logGet(43)) - raft.server.rpc.sleep.time = 25ms (default)
2019-09-25 05:49:52,499 [01bb1e87-3b88-425d-af88-cd320b9a7275@group-13F729B425F9:LeaderElection181] INFO  server.RaftServerConfigKeys (ConfUtils.java:logGet(43)) - raft.server.write.element-limit = 4096 (default)
2019-09-25 05:49:52,499 [01bb1e87-3b88-425d-af88-cd320b9a7275@group-13F729B425F9:LeaderElection181] INFO  server.RaftServerConfigKeys (ConfUtils.java:logGet(43)) - raft.server.watch.timeout = 10s (default)
2019-09-25 05:49:52,499 [01bb1e87-3b88-425d-af88-cd320b9a7275@group-13F729B425F9:LeaderElection181] INFO  server.RaftServerConfigKeys (ConfUtils.java:logGet(43)) - raft.server.watch.timeout.denomination = 1s (default)
2019-09-25 05:49:52,500 [01bb1e87-3b88-425d-af88-cd320b9a7275@group-13F729B425F9:LeaderElection181] INFO  server.RaftServerConfigKeys (ConfUtils.java:logGet(43)) - raft.server.watch.element-limit = 65536 (default)
2019-09-25 05:49:52,502 [01bb1e87-3b88-425d-af88-cd320b9a7275@group-13F729B425F9:LeaderElection181] INFO  impl.RoleInfo (RoleInfo.java:updateAndGet(143)) - 01bb1e87-3b88-425d-af88-cd320b9a7275: start LeaderState
2019-09-25 05:49:52,502 [01bb1e87-3b88-425d-af88-cd320b9a7275@group-13F729B425F9:LeaderElection181] INFO  segmented.SegmentedRaftLogWorker (SegmentedRaftLogWorker.java:startLogSegment(380)) - 01bb1e87-3b88-425d-af88-cd320b9a7275@group-13F729B425F9-SegmentedRaftLogWorker: Starting segment from index:0
2019-09-25 05:49:52,503 [01bb1e87-3b88-425d-af88-cd320b9a7275@group-13F729B425F9:LeaderElection181] INFO  impl.RaftServerImpl (ServerState.java:setRaftConf(354)) - 01bb1e87-3b88-425d-af88-cd320b9a7275@group-13F729B425F9: set configuration 0: [01bb1e87-3b88-425d-af88-cd320b9a7275:192.168.30.10:41549], old=null at 0
2019-09-25 05:49:52,513 [EventQueue-StaleNodeForStaleNodeHandler] INFO  node.StaleNodeHandler (StaleNodeHandler.java:onMessage(58)) - Datanode 49db5453-e576-4a11-af8d-74d98f8d549c{ip: 192.168.30.10, host: pr-hdds-1569-s62bp-3040748787, networkLocation: /default-rack, certSerialId: null} moved to stale state. Finalizing its pipelines [PipelineID=a7ca5641-2678-4269-895c-1934895278c2, PipelineID=4ed3812f-7bb7-4c98-b3ae-cc2817fb673c, PipelineID=c7b53339-b885-4f48-a085-820b50338978, PipelineID=95365741-82df-4f85-b971-1566a0d8f197, PipelineID=1bfd4703-d624-48e0-9a9a-f265b14c1c61, PipelineID=a13cffe0-c6dc-43ca-9333-e1b022a355f6]
2019-09-25 05:49:52,513 [EventQueue-StaleNodeForStaleNodeHandler] INFO  pipeline.SCMPipelineManager (SCMPipelineManager.java:finalizeAndDestroyPipeline(317)) - destroying pipeline:Pipeline[ Id: a7ca5641-2678-4269-895c-1934895278c2, Nodes: 49db5453-e576-4a11-af8d-74d98f8d549c{ip: 192.168.30.10, host: pr-hdds-1569-s62bp-3040748787, networkLocation: /default-rack, certSerialId: null}, Type:RATIS, Factor:ONE, State:OPEN]
2019-09-25 05:49:52,513 [EventQueue-StaleNodeForStaleNodeHandler] INFO  pipeline.PipelineStateManager (PipelineStateManager.java:finalizePipeline(123)) - Pipeline Pipeline[ Id: a7ca5641-2678-4269-895c-1934895278c2, Nodes: 49db5453-e576-4a11-af8d-74d98f8d549c{ip: 192.168.30.10, host: pr-hdds-1569-s62bp-3040748787, networkLocation: /default-rack, certSerialId: null}, Type:RATIS, Factor:ONE, State:CLOSED] moved to CLOSED state
2019-09-25 05:49:52,514 [EventQueue-StaleNodeForStaleNodeHandler] INFO  pipeline.SCMPipelineManager (SCMPipelineManager.java:finalizeAndDestroyPipeline(317)) - destroying pipeline:Pipeline[ Id: 4ed3812f-7bb7-4c98-b3ae-cc2817fb673c, Nodes: 49db5453-e576-4a11-af8d-74d98f8d549c{ip: 192.168.30.10, host: pr-hdds-1569-s62bp-3040748787, networkLocation: /default-rack, certSerialId: null}, Type:RATIS, Factor:ONE, State:OPEN]
2019-09-25 05:49:52,514 [EventQueue-StaleNodeForStaleNodeHandler] INFO  pipeline.PipelineStateManager (PipelineStateManager.java:finalizePipeline(123)) - Pipeline Pipeline[ Id: 4ed3812f-7bb7-4c98-b3ae-cc2817fb673c, Nodes: 49db5453-e576-4a11-af8d-74d98f8d549c{ip: 192.168.30.10, host: pr-hdds-1569-s62bp-3040748787, networkLocation: /default-rack, certSerialId: null}, Type:RATIS, Factor:ONE, State:CLOSED] moved to CLOSED state
2019-09-25 05:49:52,514 [EventQueue-StaleNodeForStaleNodeHandler] INFO  pipeline.SCMPipelineManager (SCMPipelineManager.java:finalizeAndDestroyPipeline(317)) - destroying pipeline:Pipeline[ Id: c7b53339-b885-4f48-a085-820b50338978, Nodes: 49db5453-e576-4a11-af8d-74d98f8d549c{ip: 192.168.30.10, host: pr-hdds-1569-s62bp-3040748787, networkLocation: /default-rack, certSerialId: null}, Type:RATIS, Factor:ONE, State:OPEN]
2019-09-25 05:49:52,514 [EventQueue-StaleNodeForStaleNodeHandler] INFO  pipeline.PipelineStateManager (PipelineStateManager.java:finalizePipeline(123)) - Pipeline Pipeline[ Id: c7b53339-b885-4f48-a085-820b50338978, Nodes: 49db5453-e576-4a11-af8d-74d98f8d549c{ip: 192.168.30.10, host: pr-hdds-1569-s62bp-3040748787, networkLocation: /default-rack, certSerialId: null}, Type:RATIS, Factor:ONE, State:CLOSED] moved to CLOSED state
2019-09-25 05:49:52,514 [EventQueue-StaleNodeForStaleNodeHandler] INFO  pipeline.SCMPipelineManager (SCMPipelineManager.java:finalizeAndDestroyPipeline(317)) - destroying pipeline:Pipeline[ Id: 95365741-82df-4f85-b971-1566a0d8f197, Nodes: 49db5453-e576-4a11-af8d-74d98f8d549c{ip: 192.168.30.10, host: pr-hdds-1569-s62bp-3040748787, networkLocation: /default-rack, certSerialId: null}, Type:RATIS, Factor:ONE, State:OPEN]
2019-09-25 05:49:52,514 [EventQueue-StaleNodeForStaleNodeHandler] INFO  pipeline.PipelineStateManager (PipelineStateManager.java:finalizePipeline(123)) - Pipeline Pipeline[ Id: 95365741-82df-4f85-b971-1566a0d8f197, Nodes: 49db5453-e576-4a11-af8d-74d98f8d549c{ip: 192.168.30.10, host: pr-hdds-1569-s62bp-3040748787, networkLocation: /default-rack, certSerialId: null}, Type:RATIS, Factor:ONE, State:CLOSED] moved to CLOSED state
2019-09-25 05:49:52,515 [EventQueue-StaleNodeForStaleNodeHandler] INFO  pipeline.SCMPipelineManager (SCMPipelineManager.java:finalizeAndDestroyPipeline(317)) - destroying pipeline:Pipeline[ Id: 1bfd4703-d624-48e0-9a9a-f265b14c1c61, Nodes: 49db5453-e576-4a11-af8d-74d98f8d549c{ip: 192.168.30.10, host: pr-hdds-1569-s62bp-3040748787, networkLocation: /default-rack, certSerialId: null}, Type:RATIS, Factor:ONE, State:OPEN]
2019-09-25 05:49:52,515 [EventQueue-StaleNodeForStaleNodeHandler] INFO  pipeline.PipelineStateManager (PipelineStateManager.java:finalizePipeline(123)) - Pipeline Pipeline[ Id: 1bfd4703-d624-48e0-9a9a-f265b14c1c61, Nodes: 49db5453-e576-4a11-af8d-74d98f8d549c{ip: 192.168.30.10, host: pr-hdds-1569-s62bp-3040748787, networkLocation: /default-rack, certSerialId: null}, Type:RATIS, Factor:ONE, State:CLOSED] moved to CLOSED state
2019-09-25 05:49:52,515 [EventQueue-StaleNodeForStaleNodeHandler] INFO  pipeline.SCMPipelineManager (SCMPipelineManager.java:finalizeAndDestroyPipeline(317)) - destroying pipeline:Pipeline[ Id: a13cffe0-c6dc-43ca-9333-e1b022a355f6, Nodes: 49db5453-e576-4a11-af8d-74d98f8d549c{ip: 192.168.30.10, host: pr-hdds-1569-s62bp-3040748787, networkLocation: /default-rack, certSerialId: null}, Type:RATIS, Factor:ONE, State:OPEN]
2019-09-25 05:49:52,515 [EventQueue-StaleNodeForStaleNodeHandler] INFO  pipeline.PipelineStateManager (PipelineStateManager.java:finalizePipeline(123)) - Pipeline Pipeline[ Id: a13cffe0-c6dc-43ca-9333-e1b022a355f6, Nodes: 49db5453-e576-4a11-af8d-74d98f8d549c{ip: 192.168.30.10, host: pr-hdds-1569-s62bp-3040748787, networkLocation: /default-rack, certSerialId: null}, Type:RATIS, Factor:ONE, State:CLOSED] moved to CLOSED state
2019-09-25 05:49:52,545 [01bb1e87-3b88-425d-af88-cd320b9a7275@group-13F729B425F9-SegmentedRaftLogWorker] INFO  segmented.SegmentedRaftLogWorker (SegmentedRaftLogWorker.java:execute(569)) - 01bb1e87-3b88-425d-af88-cd320b9a7275@group-13F729B425F9-SegmentedRaftLogWorker: created new log segment /workdir/hadoop-ozone/integration-test/target/test-dir/MiniOzoneClusterImpl-3371874c-cdf9-4999-a21e-92d2cda410bc/datanode-0/data/ratis/dfd69769-e8e6-45ed-b5c1-13f729b425f9/current/log_inprogress_0
2019-09-25 05:49:52,575 [Thread-2659] INFO  impl.FollowerState (FollowerState.java:run(106)) - 49db5453-e576-4a11-af8d-74d98f8d549c:group-E1B022A355F6 changes to CANDIDATE, lastRpcTime:5007, electionTimeout:5007ms
2019-09-25 05:49:52,576 [Thread-2659] INFO  impl.RoleInfo (RoleInfo.java:shutdownFollowerState(121)) - 49db5453-e576-4a11-af8d-74d98f8d549c: shutdown FollowerState
2019-09-25 05:49:52,576 [Thread-2659] INFO  impl.RaftServerImpl (RaftServerImpl.java:setRole(174)) - 49db5453-e576-4a11-af8d-74d98f8d549c@group-E1B022A355F6: changes role from  FOLLOWER to CANDIDATE at term 0 for changeToCandidate
2019-09-25 05:49:52,576 [Thread-2659] INFO  impl.RoleInfo (RoleInfo.java:updateAndGet(143)) - 49db5453-e576-4a11-af8d-74d98f8d549c: start LeaderElection
2019-09-25 05:49:52,592 [49db5453-e576-4a11-af8d-74d98f8d549c@group-E1B022A355F6:LeaderElection182] INFO  impl.LeaderElection (LeaderElection.java:askForVotes(182)) - 49db5453-e576-4a11-af8d-74d98f8d549c@group-E1B022A355F6:LeaderElection182: begin an election at term 1 for -1: [49db5453-e576-4a11-af8d-74d98f8d549c:192.168.30.10:33957], old=null
2019-09-25 05:49:52,592 [49db5453-e576-4a11-af8d-74d98f8d549c@group-E1B022A355F6:LeaderElection182] INFO  impl.RoleInfo (RoleInfo.java:shutdownLeaderElection(134)) - 49db5453-e576-4a11-af8d-74d98f8d549c: shutdown LeaderElection
2019-09-25 05:49:52,592 [49db5453-e576-4a11-af8d-74d98f8d549c@group-E1B022A355F6:LeaderElection182] INFO  impl.RaftServerImpl (RaftServerImpl.java:setRole(174)) - 49db5453-e576-4a11-af8d-74d98f8d549c@group-E1B022A355F6: changes role from CANDIDATE to LEADER at term 1 for changeToLeader
2019-09-25 05:49:52,592 [49db5453-e576-4a11-af8d-74d98f8d549c@group-E1B022A355F6:LeaderElection182] INFO  impl.RaftServerImpl (ServerState.java:setLeader(253)) - 49db5453-e576-4a11-af8d-74d98f8d549c@group-E1B022A355F6: change Leader from null to 49db5453-e576-4a11-af8d-74d98f8d549c at term 1 for becomeLeader, leader elected after 5028ms
2019-09-25 05:49:52,593 [49db5453-e576-4a11-af8d-74d98f8d549c@group-E1B022A355F6:LeaderElection182] INFO  server.RaftServerConfigKeys (ConfUtils.java:logGet(43)) - raft.server.staging.catchup.gap = 1000 (default)
2019-09-25 05:49:52,593 [49db5453-e576-4a11-af8d-74d98f8d549c@group-E1B022A355F6:LeaderElection182] INFO  server.RaftServerConfigKeys (ConfUtils.java:logGet(43)) - raft.server.rpc.sleep.time = 25ms (default)
2019-09-25 05:49:52,593 [49db5453-e576-4a11-af8d-74d98f8d549c@group-E1B022A355F6:LeaderElection182] INFO  server.RaftServerConfigKeys (ConfUtils.java:logGet(43)) - raft.server.write.element-limit = 4096 (default)
2019-09-25 05:49:52,593 [49db5453-e576-4a11-af8d-74d98f8d549c@group-E1B022A355F6:LeaderElection182] INFO  server.RaftServerConfigKeys (ConfUtils.java:logGet(43)) - raft.server.watch.timeout = 10s (default)
2019-09-25 05:49:52,593 [49db5453-e576-4a11-af8d-74d98f8d549c@group-E1B022A355F6:LeaderElection182] INFO  server.RaftServerConfigKeys (ConfUtils.java:logGet(43)) - raft.server.watch.timeout.denomination = 1s (default)
2019-09-25 05:49:52,593 [49db5453-e576-4a11-af8d-74d98f8d549c@group-E1B022A355F6:LeaderElection182] INFO  server.RaftServerConfigKeys (ConfUtils.java:logGet(43)) - raft.server.watch.element-limit = 65536 (default)
2019-09-25 05:49:52,594 [49db5453-e576-4a11-af8d-74d98f8d549c@group-E1B022A355F6:LeaderElection182] INFO  impl.RoleInfo (RoleInfo.java:updateAndGet(143)) - 49db5453-e576-4a11-af8d-74d98f8d549c: start LeaderState
2019-09-25 05:49:52,594 [49db5453-e576-4a11-af8d-74d98f8d549c@group-E1B022A355F6:LeaderElection182] INFO  segmented.SegmentedRaftLogWorker (SegmentedRaftLogWorker.java:startLogSegment(380)) - 49db5453-e576-4a11-af8d-74d98f8d549c@group-E1B022A355F6-SegmentedRaftLogWorker: Starting segment from index:0
2019-09-25 05:49:52,595 [49db5453-e576-4a11-af8d-74d98f8d549c@group-E1B022A355F6:LeaderElection182] INFO  impl.RaftServerImpl (ServerState.java:setRaftConf(354)) - 49db5453-e576-4a11-af8d-74d98f8d549c@group-E1B022A355F6: set configuration 0: [49db5453-e576-4a11-af8d-74d98f8d549c:192.168.30.10:33957], old=null at 0
2019-09-25 05:49:52,656 [49db5453-e576-4a11-af8d-74d98f8d549c@group-E1B022A355F6-SegmentedRaftLogWorker] INFO  segmented.SegmentedRaftLogWorker (SegmentedRaftLogWorker.java:execute(569)) - 49db5453-e576-4a11-af8d-74d98f8d549c@group-E1B022A355F6-SegmentedRaftLogWorker: created new log segment /workdir/hadoop-ozone/integration-test/target/test-dir/MiniOzoneClusterImpl-3371874c-cdf9-4999-a21e-92d2cda410bc/datanode-1/data/ratis/a13cffe0-c6dc-43ca-9333-e1b022a355f6/current/log_inprogress_0
2019-09-25 05:49:52,657 [Thread-2656] INFO  impl.FollowerState (FollowerState.java:run(106)) - 49db5453-e576-4a11-af8d-74d98f8d549c:group-1934895278C2 changes to CANDIDATE, lastRpcTime:5125, electionTimeout:5125ms
2019-09-25 05:49:52,657 [Thread-2656] INFO  impl.RoleInfo (RoleInfo.java:shutdownFollowerState(121)) - 49db5453-e576-4a11-af8d-74d98f8d549c: shutdown FollowerState
2019-09-25 05:49:52,657 [Thread-2656] INFO  impl.RaftServerImpl (RaftServerImpl.java:setRole(174)) - 49db5453-e576-4a11-af8d-74d98f8d549c@group-1934895278C2: changes role from  FOLLOWER to CANDIDATE at term 0 for changeToCandidate
2019-09-25 05:49:52,657 [Thread-2656] INFO  impl.RoleInfo (RoleInfo.java:updateAndGet(143)) - 49db5453-e576-4a11-af8d-74d98f8d549c: start LeaderElection
2019-09-25 05:49:52,675 [49db5453-e576-4a11-af8d-74d98f8d549c@group-1934895278C2:LeaderElection183] INFO  impl.LeaderElection (LeaderElection.java:askForVotes(182)) - 49db5453-e576-4a11-af8d-74d98f8d549c@group-1934895278C2:LeaderElection183: begin an election at term 1 for -1: [49db5453-e576-4a11-af8d-74d98f8d549c:192.168.30.10:33957], old=null
2019-09-25 05:49:52,675 [49db5453-e576-4a11-af8d-74d98f8d549c@group-1934895278C2:LeaderElection183] INFO  impl.RoleInfo (RoleInfo.java:shutdownLeaderElection(134)) - 49db5453-e576-4a11-af8d-74d98f8d549c: shutdown LeaderElection
2019-09-25 05:49:52,675 [49db5453-e576-4a11-af8d-74d98f8d549c@group-1934895278C2:LeaderElection183] INFO  impl.RaftServerImpl (RaftServerImpl.java:setRole(174)) - 49db5453-e576-4a11-af8d-74d98f8d549c@group-1934895278C2: changes role from CANDIDATE to LEADER at term 1 for changeToLeader
2019-09-25 05:49:52,675 [49db5453-e576-4a11-af8d-74d98f8d549c@group-1934895278C2:LeaderElection183] INFO  impl.RaftServerImpl (ServerState.java:setLeader(253)) - 49db5453-e576-4a11-af8d-74d98f8d549c@group-1934895278C2: change Leader from null to 49db5453-e576-4a11-af8d-74d98f8d549c at term 1 for becomeLeader, leader elected after 5149ms
2019-09-25 05:49:52,675 [49db5453-e576-4a11-af8d-74d98f8d549c@group-1934895278C2:LeaderElection183] INFO  server.RaftServerConfigKeys (ConfUtils.java:logGet(43)) - raft.server.staging.catchup.gap = 1000 (default)
2019-09-25 05:49:52,675 [49db5453-e576-4a11-af8d-74d98f8d549c@group-1934895278C2:LeaderElection183] INFO  server.RaftServerConfigKeys (ConfUtils.java:logGet(43)) - raft.server.rpc.sleep.time = 25ms (default)
2019-09-25 05:49:52,676 [49db5453-e576-4a11-af8d-74d98f8d549c@group-1934895278C2:LeaderElection183] INFO  server.RaftServerConfigKeys (ConfUtils.java:logGet(43)) - raft.server.write.element-limit = 4096 (default)
2019-09-25 05:49:52,676 [49db5453-e576-4a11-af8d-74d98f8d549c@group-1934895278C2:LeaderElection183] INFO  server.RaftServerConfigKeys (ConfUtils.java:logGet(43)) - raft.server.watch.timeout = 10s (default)
2019-09-25 05:49:52,676 [49db5453-e576-4a11-af8d-74d98f8d549c@group-1934895278C2:LeaderElection183] INFO  server.RaftServerConfigKeys (ConfUtils.java:logGet(43)) - raft.server.watch.timeout.denomination = 1s (default)
2019-09-25 05:49:52,676 [49db5453-e576-4a11-af8d-74d98f8d549c@group-1934895278C2:LeaderElection183] INFO  server.RaftServerConfigKeys (ConfUtils.java:logGet(43)) - raft.server.watch.element-limit = 65536 (default)
2019-09-25 05:49:52,678 [49db5453-e576-4a11-af8d-74d98f8d549c@group-1934895278C2:LeaderElection183] INFO  impl.RoleInfo (RoleInfo.java:updateAndGet(143)) - 49db5453-e576-4a11-af8d-74d98f8d549c: start LeaderState
2019-09-25 05:49:52,678 [49db5453-e576-4a11-af8d-74d98f8d549c@group-1934895278C2:LeaderElection183] INFO  segmented.SegmentedRaftLogWorker (SegmentedRaftLogWorker.java:startLogSegment(380)) - 49db5453-e576-4a11-af8d-74d98f8d549c@group-1934895278C2-SegmentedRaftLogWorker: Starting segment from index:0
2019-09-25 05:49:52,679 [49db5453-e576-4a11-af8d-74d98f8d549c@group-1934895278C2:LeaderElection183] INFO  impl.RaftServerImpl (ServerState.java:setRaftConf(354)) - 49db5453-e576-4a11-af8d-74d98f8d549c@group-1934895278C2: set configuration 0: [49db5453-e576-4a11-af8d-74d98f8d549c:192.168.30.10:33957], old=null at 0
2019-09-25 05:49:52,710 [Thread-2662] INFO  impl.FollowerState (FollowerState.java:run(106)) - 49db5453-e576-4a11-af8d-74d98f8d549c:group-1566A0D8F197 changes to CANDIDATE, lastRpcTime:5106, electionTimeout:5106ms
2019-09-25 05:49:52,710 [Thread-2662] INFO  impl.RoleInfo (RoleInfo.java:shutdownFollowerState(121)) - 49db5453-e576-4a11-af8d-74d98f8d549c: shutdown FollowerState
2019-09-25 05:49:52,710 [Thread-2662] INFO  impl.RaftServerImpl (RaftServerImpl.java:setRole(174)) - 49db5453-e576-4a11-af8d-74d98f8d549c@group-1566A0D8F197: changes role from  FOLLOWER to CANDIDATE at term 0 for changeToCandidate
2019-09-25 05:49:52,711 [Thread-2662] INFO  impl.RoleInfo (RoleInfo.java:updateAndGet(143)) - 49db5453-e576-4a11-af8d-74d98f8d549c: start LeaderElection
2019-09-25 05:49:52,716 [EventQueue-StaleNodeForStaleNodeHandler] INFO  node.StaleNodeHandler (StaleNodeHandler.java:onMessage(58)) - Datanode f67911da-22a7-4cad-9c8f-7bf30371d239{ip: 192.168.30.10, host: pr-hdds-1569-s62bp-3040748787, networkLocation: /default-rack, certSerialId: null} moved to stale state. Finalizing its pipelines [PipelineID=3427152e-6bbf-4186-945c-7696da2110f9, PipelineID=fee42824-e832-4965-ae8c-e65bdbc429d3, PipelineID=54bb6a75-927d-4492-a008-332f75ae8ad0, PipelineID=d581bc29-443f-4dca-9d2c-02fa90cfdb48, PipelineID=20466694-c254-418b-bc64-9a999ee53d78, PipelineID=9c780d7d-d8dd-4dc8-b89d-e07ab1b4e9fc]
2019-09-25 05:49:52,716 [EventQueue-StaleNodeForStaleNodeHandler] INFO  pipeline.SCMPipelineManager (SCMPipelineManager.java:finalizeAndDestroyPipeline(317)) - destroying pipeline:Pipeline[ Id: 3427152e-6bbf-4186-945c-7696da2110f9, Nodes: f67911da-22a7-4cad-9c8f-7bf30371d239{ip: 192.168.30.10, host: pr-hdds-1569-s62bp-3040748787, networkLocation: /default-rack, certSerialId: null}, Type:RATIS, Factor:ONE, State:OPEN]
2019-09-25 05:49:52,716 [EventQueue-StaleNodeForStaleNodeHandler] INFO  pipeline.PipelineStateManager (PipelineStateManager.java:finalizePipeline(123)) - Pipeline Pipeline[ Id: 3427152e-6bbf-4186-945c-7696da2110f9, Nodes: f67911da-22a7-4cad-9c8f-7bf30371d239{ip: 192.168.30.10, host: pr-hdds-1569-s62bp-3040748787, networkLocation: /default-rack, certSerialId: null}, Type:RATIS, Factor:ONE, State:CLOSED] moved to CLOSED state
2019-09-25 05:49:52,716 [49db5453-e576-4a11-af8d-74d98f8d549c@group-1934895278C2-SegmentedRaftLogWorker] INFO  segmented.SegmentedRaftLogWorker (SegmentedRaftLogWorker.java:execute(569)) - 49db5453-e576-4a11-af8d-74d98f8d549c@group-1934895278C2-SegmentedRaftLogWorker: created new log segment /workdir/hadoop-ozone/integration-test/target/test-dir/MiniOzoneClusterImpl-3371874c-cdf9-4999-a21e-92d2cda410bc/datanode-1/data/ratis/a7ca5641-2678-4269-895c-1934895278c2/current/log_inprogress_0
2019-09-25 05:49:52,720 [EventQueue-StaleNodeForStaleNodeHandler] INFO  pipeline.SCMPipelineManager (SCMPipelineManager.java:finalizeAndDestroyPipeline(317)) - destroying pipeline:Pipeline[ Id: fee42824-e832-4965-ae8c-e65bdbc429d3, Nodes: f67911da-22a7-4cad-9c8f-7bf30371d239{ip: 192.168.30.10, host: pr-hdds-1569-s62bp-3040748787, networkLocation: /default-rack, certSerialId: null}, Type:RATIS, Factor:ONE, State:OPEN]
2019-09-25 05:49:52,720 [EventQueue-StaleNodeForStaleNodeHandler] INFO  pipeline.PipelineStateManager (PipelineStateManager.java:finalizePipeline(123)) - Pipeline Pipeline[ Id: fee42824-e832-4965-ae8c-e65bdbc429d3, Nodes: f67911da-22a7-4cad-9c8f-7bf30371d239{ip: 192.168.30.10, host: pr-hdds-1569-s62bp-3040748787, networkLocation: /default-rack, certSerialId: null}, Type:RATIS, Factor:ONE, State:CLOSED] moved to CLOSED state
2019-09-25 05:49:52,720 [EventQueue-StaleNodeForStaleNodeHandler] INFO  pipeline.SCMPipelineManager (SCMPipelineManager.java:finalizeAndDestroyPipeline(317)) - destroying pipeline:Pipeline[ Id: 54bb6a75-927d-4492-a008-332f75ae8ad0, Nodes: f67911da-22a7-4cad-9c8f-7bf30371d239{ip: 192.168.30.10, host: pr-hdds-1569-s62bp-3040748787, networkLocation: /default-rack, certSerialId: null}, Type:RATIS, Factor:ONE, State:OPEN]
2019-09-25 05:49:52,720 [EventQueue-StaleNodeForStaleNodeHandler] INFO  pipeline.PipelineStateManager (PipelineStateManager.java:finalizePipeline(123)) - Pipeline Pipeline[ Id: 54bb6a75-927d-4492-a008-332f75ae8ad0, Nodes: f67911da-22a7-4cad-9c8f-7bf30371d239{ip: 192.168.30.10, host: pr-hdds-1569-s62bp-3040748787, networkLocation: /default-rack, certSerialId: null}, Type:RATIS, Factor:ONE, State:CLOSED] moved to CLOSED state
2019-09-25 05:49:52,720 [EventQueue-StaleNodeForStaleNodeHandler] INFO  pipeline.SCMPipelineManager (SCMPipelineManager.java:finalizeAndDestroyPipeline(317)) - destroying pipeline:Pipeline[ Id: d581bc29-443f-4dca-9d2c-02fa90cfdb48, Nodes: f67911da-22a7-4cad-9c8f-7bf30371d239{ip: 192.168.30.10, host: pr-hdds-1569-s62bp-3040748787, networkLocation: /default-rack, certSerialId: null}, Type:RATIS, Factor:ONE, State:OPEN]
2019-09-25 05:49:52,720 [EventQueue-StaleNodeForStaleNodeHandler] INFO  pipeline.PipelineStateManager (PipelineStateManager.java:finalizePipeline(123)) - Pipeline Pipeline[ Id: d581bc29-443f-4dca-9d2c-02fa90cfdb48, Nodes: f67911da-22a7-4cad-9c8f-7bf30371d239{ip: 192.168.30.10, host: pr-hdds-1569-s62bp-3040748787, networkLocation: /default-rack, certSerialId: null}, Type:RATIS, Factor:ONE, State:CLOSED] moved to CLOSED state
2019-09-25 05:49:52,721 [EventQueue-StaleNodeForStaleNodeHandler] INFO  pipeline.SCMPipelineManager (SCMPipelineManager.java:finalizeAndDestroyPipeline(317)) - destroying pipeline:Pipeline[ Id: 20466694-c254-418b-bc64-9a999ee53d78, Nodes: f67911da-22a7-4cad-9c8f-7bf30371d239{ip: 192.168.30.10, host: pr-hdds-1569-s62bp-3040748787, networkLocation: /default-rack, certSerialId: null}, Type:RATIS, Factor:ONE, State:OPEN]
2019-09-25 05:49:52,721 [EventQueue-StaleNodeForStaleNodeHandler] INFO  pipeline.PipelineStateManager (PipelineStateManager.java:finalizePipeline(123)) - Pipeline Pipeline[ Id: 20466694-c254-418b-bc64-9a999ee53d78, Nodes: f67911da-22a7-4cad-9c8f-7bf30371d239{ip: 192.168.30.10, host: pr-hdds-1569-s62bp-3040748787, networkLocation: /default-rack, certSerialId: null}, Type:RATIS, Factor:ONE, State:CLOSED] moved to CLOSED state
2019-09-25 05:49:52,721 [EventQueue-StaleNodeForStaleNodeHandler] INFO  pipeline.SCMPipelineManager (SCMPipelineManager.java:finalizeAndDestroyPipeline(317)) - destroying pipeline:Pipeline[ Id: 9c780d7d-d8dd-4dc8-b89d-e07ab1b4e9fc, Nodes: f67911da-22a7-4cad-9c8f-7bf30371d239{ip: 192.168.30.10, host: pr-hdds-1569-s62bp-3040748787, networkLocation: /default-rack, certSerialId: null}, Type:RATIS, Factor:ONE, State:OPEN]
2019-09-25 05:49:52,721 [EventQueue-StaleNodeForStaleNodeHandler] INFO  pipeline.PipelineStateManager (PipelineStateManager.java:finalizePipeline(123)) - Pipeline Pipeline[ Id: 9c780d7d-d8dd-4dc8-b89d-e07ab1b4e9fc, Nodes: f67911da-22a7-4cad-9c8f-7bf30371d239{ip: 192.168.30.10, host: pr-hdds-1569-s62bp-3040748787, networkLocation: /default-rack, certSerialId: null}, Type:RATIS, Factor:ONE, State:CLOSED] moved to CLOSED state
2019-09-25 05:49:52,723 [Thread-2668] INFO  impl.FollowerState (FollowerState.java:run(106)) - 44082f05-803b-4c97-a9e5-c320db8eea77:group-FDD26832ECBF changes to CANDIDATE, lastRpcTime:5037, electionTimeout:5037ms
2019-09-25 05:49:52,724 [Thread-2668] INFO  impl.RoleInfo (RoleInfo.java:shutdownFollowerState(121)) - 44082f05-803b-4c97-a9e5-c320db8eea77: shutdown FollowerState
2019-09-25 05:49:52,724 [Thread-2668] INFO  impl.RaftServerImpl (RaftServerImpl.java:setRole(174)) - 44082f05-803b-4c97-a9e5-c320db8eea77@group-FDD26832ECBF: changes role from  FOLLOWER to CANDIDATE at term 0 for changeToCandidate
2019-09-25 05:49:52,724 [Thread-2668] INFO  impl.RoleInfo (RoleInfo.java:updateAndGet(143)) - 44082f05-803b-4c97-a9e5-c320db8eea77: start LeaderElection
2019-09-25 05:49:52,733 [44082f05-803b-4c97-a9e5-c320db8eea77@group-FDD26832ECBF:LeaderElection185] INFO  impl.LeaderElection (LeaderElection.java:askForVotes(182)) - 44082f05-803b-4c97-a9e5-c320db8eea77@group-FDD26832ECBF:LeaderElection185: begin an election at term 1 for -1: [44082f05-803b-4c97-a9e5-c320db8eea77:192.168.30.10:44033], old=null
2019-09-25 05:49:52,733 [49db5453-e576-4a11-af8d-74d98f8d549c@group-1566A0D8F197:LeaderElection184] INFO  impl.LeaderElection (LeaderElection.java:askForVotes(182)) - 49db5453-e576-4a11-af8d-74d98f8d549c@group-1566A0D8F197:LeaderElection184: begin an election at term 1 for -1: [49db5453-e576-4a11-af8d-74d98f8d549c:192.168.30.10:33957], old=null
2019-09-25 05:49:52,733 [44082f05-803b-4c97-a9e5-c320db8eea77@group-FDD26832ECBF:LeaderElection185] INFO  impl.RoleInfo (RoleInfo.java:shutdownLeaderElection(134)) - 44082f05-803b-4c97-a9e5-c320db8eea77: shutdown LeaderElection
2019-09-25 05:49:52,733 [49db5453-e576-4a11-af8d-74d98f8d549c@group-1566A0D8F197:LeaderElection184] INFO  impl.RoleInfo (RoleInfo.java:shutdownLeaderElection(134)) - 49db5453-e576-4a11-af8d-74d98f8d549c: shutdown LeaderElection
2019-09-25 05:49:52,733 [44082f05-803b-4c97-a9e5-c320db8eea77@group-FDD26832ECBF:LeaderElection185] INFO  impl.RaftServerImpl (RaftServerImpl.java:setRole(174)) - 44082f05-803b-4c97-a9e5-c320db8eea77@group-FDD26832ECBF: changes role from CANDIDATE to LEADER at term 1 for changeToLeader
2019-09-25 05:49:52,733 [44082f05-803b-4c97-a9e5-c320db8eea77@group-FDD26832ECBF:LeaderElection185] INFO  impl.RaftServerImpl (ServerState.java:setLeader(253)) - 44082f05-803b-4c97-a9e5-c320db8eea77@group-FDD26832ECBF: change Leader from null to 44082f05-803b-4c97-a9e5-c320db8eea77 at term 1 for becomeLeader, leader elected after 5051ms
2019-09-25 05:49:52,733 [49db5453-e576-4a11-af8d-74d98f8d549c@group-1566A0D8F197:LeaderElection184] INFO  impl.RaftServerImpl (RaftServerImpl.java:setRole(174)) - 49db5453-e576-4a11-af8d-74d98f8d549c@group-1566A0D8F197: changes role from CANDIDATE to LEADER at term 1 for changeToLeader
2019-09-25 05:49:52,733 [44082f05-803b-4c97-a9e5-c320db8eea77@group-FDD26832ECBF:LeaderElection185] INFO  server.RaftServerConfigKeys (ConfUtils.java:logGet(43)) - raft.server.staging.catchup.gap = 1000 (default)
2019-09-25 05:49:52,733 [49db5453-e576-4a11-af8d-74d98f8d549c@group-1566A0D8F197:LeaderElection184] INFO  impl.RaftServerImpl (ServerState.java:setLeader(253)) - 49db5453-e576-4a11-af8d-74d98f8d549c@group-1566A0D8F197: change Leader from null to 49db5453-e576-4a11-af8d-74d98f8d549c at term 1 for becomeLeader, leader elected after 5133ms
2019-09-25 05:49:52,733 [44082f05-803b-4c97-a9e5-c320db8eea77@group-FDD26832ECBF:LeaderElection185] INFO  server.RaftServerConfigKeys (ConfUtils.java:logGet(43)) - raft.server.rpc.sleep.time = 25ms (default)
2019-09-25 05:49:52,734 [49db5453-e576-4a11-af8d-74d98f8d549c@group-1566A0D8F197:LeaderElection184] INFO  server.RaftServerConfigKeys (ConfUtils.java:logGet(43)) - raft.server.staging.catchup.gap = 1000 (default)
2019-09-25 05:49:52,734 [44082f05-803b-4c97-a9e5-c320db8eea77@group-FDD26832ECBF:LeaderElection185] INFO  server.RaftServerConfigKeys (ConfUtils.java:logGet(43)) - raft.server.write.element-limit = 4096 (default)
2019-09-25 05:49:52,734 [49db5453-e576-4a11-af8d-74d98f8d549c@group-1566A0D8F197:LeaderElection184] INFO  server.RaftServerConfigKeys (ConfUtils.java:logGet(43)) - raft.server.rpc.sleep.time = 25ms (default)
2019-09-25 05:49:52,734 [44082f05-803b-4c97-a9e5-c320db8eea77@group-FDD26832ECBF:LeaderElection185] INFO  server.RaftServerConfigKeys (ConfUtils.java:logGet(43)) - raft.server.watch.timeout = 10s (default)
2019-09-25 05:49:52,734 [49db5453-e576-4a11-af8d-74d98f8d549c@group-1566A0D8F197:LeaderElection184] INFO  server.RaftServerConfigKeys (ConfUtils.java:logGet(43)) - raft.server.write.element-limit = 4096 (default)
2019-09-25 05:49:52,734 [44082f05-803b-4c97-a9e5-c320db8eea77@group-FDD26832ECBF:LeaderElection185] INFO  server.RaftServerConfigKeys (ConfUtils.java:logGet(43)) - raft.server.watch.timeout.denomination = 1s (default)
2019-09-25 05:49:52,734 [49db5453-e576-4a11-af8d-74d98f8d549c@group-1566A0D8F197:LeaderElection184] INFO  server.RaftServerConfigKeys (ConfUtils.java:logGet(43)) - raft.server.watch.timeout = 10s (default)
2019-09-25 05:49:52,734 [44082f05-803b-4c97-a9e5-c320db8eea77@group-FDD26832ECBF:LeaderElection185] INFO  server.RaftServerConfigKeys (ConfUtils.java:logGet(43)) - raft.server.watch.element-limit = 65536 (default)
2019-09-25 05:49:52,734 [49db5453-e576-4a11-af8d-74d98f8d549c@group-1566A0D8F197:LeaderElection184] INFO  server.RaftServerConfigKeys (ConfUtils.java:logGet(43)) - raft.server.watch.timeout.denomination = 1s (default)
2019-09-25 05:49:52,735 [49db5453-e576-4a11-af8d-74d98f8d549c@group-1566A0D8F197:LeaderElection184] INFO  server.RaftServerConfigKeys (ConfUtils.java:logGet(43)) - raft.server.watch.element-limit = 65536 (default)
2019-09-25 05:49:52,736 [44082f05-803b-4c97-a9e5-c320db8eea77@group-FDD26832ECBF:LeaderElection185] INFO  impl.RoleInfo (RoleInfo.java:updateAndGet(143)) - 44082f05-803b-4c97-a9e5-c320db8eea77: start LeaderState
2019-09-25 05:49:52,737 [44082f05-803b-4c97-a9e5-c320db8eea77@group-FDD26832ECBF:LeaderElection185] INFO  segmented.SegmentedRaftLogWorker (SegmentedRaftLogWorker.java:startLogSegment(380)) - 44082f05-803b-4c97-a9e5-c320db8eea77@group-FDD26832ECBF-SegmentedRaftLogWorker: Starting segment from index:0
2019-09-25 05:49:52,737 [49db5453-e576-4a11-af8d-74d98f8d549c@group-1566A0D8F197:LeaderElection184] INFO  impl.RoleInfo (RoleInfo.java:updateAndGet(143)) - 49db5453-e576-4a11-af8d-74d98f8d549c: start LeaderState
2019-09-25 05:49:52,737 [49db5453-e576-4a11-af8d-74d98f8d549c@group-1566A0D8F197:LeaderElection184] INFO  segmented.SegmentedRaftLogWorker (SegmentedRaftLogWorker.java:startLogSegment(380)) - 49db5453-e576-4a11-af8d-74d98f8d549c@group-1566A0D8F197-SegmentedRaftLogWorker: Starting segment from index:0
2019-09-25 05:49:52,737 [44082f05-803b-4c97-a9e5-c320db8eea77@group-FDD26832ECBF:LeaderElection185] INFO  impl.RaftServerImpl (ServerState.java:setRaftConf(354)) - 44082f05-803b-4c97-a9e5-c320db8eea77@group-FDD26832ECBF: set configuration 0: [44082f05-803b-4c97-a9e5-c320db8eea77:192.168.30.10:44033], old=null at 0
2019-09-25 05:49:52,737 [49db5453-e576-4a11-af8d-74d98f8d549c@group-1566A0D8F197:LeaderElection184] INFO  impl.RaftServerImpl (ServerState.java:setRaftConf(354)) - 49db5453-e576-4a11-af8d-74d98f8d549c@group-1566A0D8F197: set configuration 0: [49db5453-e576-4a11-af8d-74d98f8d549c:192.168.30.10:33957], old=null at 0
2019-09-25 05:49:52,775 [49db5453-e576-4a11-af8d-74d98f8d549c@group-1566A0D8F197-SegmentedRaftLogWorker] INFO  segmented.SegmentedRaftLogWorker (SegmentedRaftLogWorker.java:execute(569)) - 49db5453-e576-4a11-af8d-74d98f8d549c@group-1566A0D8F197-SegmentedRaftLogWorker: created new log segment /workdir/hadoop-ozone/integration-test/target/test-dir/MiniOzoneClusterImpl-3371874c-cdf9-4999-a21e-92d2cda410bc/datanode-1/data/ratis/95365741-82df-4f85-b971-1566a0d8f197/current/log_inprogress_0
2019-09-25 05:49:52,775 [44082f05-803b-4c97-a9e5-c320db8eea77@group-FDD26832ECBF-SegmentedRaftLogWorker] INFO  segmented.SegmentedRaftLogWorker (SegmentedRaftLogWorker.java:execute(569)) - 44082f05-803b-4c97-a9e5-c320db8eea77@group-FDD26832ECBF-SegmentedRaftLogWorker: created new log segment /workdir/hadoop-ozone/integration-test/target/test-dir/MiniOzoneClusterImpl-3371874c-cdf9-4999-a21e-92d2cda410bc/datanode-3/data/ratis/712c40d4-5749-484a-a0fa-fdd26832ecbf/current/log_inprogress_0
2019-09-25 05:49:52,782 [Thread-2665] INFO  impl.FollowerState (FollowerState.java:run(106)) - 44082f05-803b-4c97-a9e5-c320db8eea77:group-805BD0E4E7A6 changes to CANDIDATE, lastRpcTime:5134, electionTimeout:5134ms
2019-09-25 05:49:52,782 [Thread-2665] INFO  impl.RoleInfo (RoleInfo.java:shutdownFollowerState(121)) - 44082f05-803b-4c97-a9e5-c320db8eea77: shutdown FollowerState
2019-09-25 05:49:52,782 [Thread-2665] INFO  impl.RaftServerImpl (RaftServerImpl.java:setRole(174)) - 44082f05-803b-4c97-a9e5-c320db8eea77@group-805BD0E4E7A6: changes role from  FOLLOWER to CANDIDATE at term 0 for changeToCandidate
2019-09-25 05:49:52,783 [Thread-2665] INFO  impl.RoleInfo (RoleInfo.java:updateAndGet(143)) - 44082f05-803b-4c97-a9e5-c320db8eea77: start LeaderElection
2019-09-25 05:49:52,800 [44082f05-803b-4c97-a9e5-c320db8eea77@group-805BD0E4E7A6:LeaderElection186] INFO  impl.LeaderElection (LeaderElection.java:askForVotes(182)) - 44082f05-803b-4c97-a9e5-c320db8eea77@group-805BD0E4E7A6:LeaderElection186: begin an election at term 1 for -1: [44082f05-803b-4c97-a9e5-c320db8eea77:192.168.30.10:44033], old=null
2019-09-25 05:49:52,800 [44082f05-803b-4c97-a9e5-c320db8eea77@group-805BD0E4E7A6:LeaderElection186] INFO  impl.RoleInfo (RoleInfo.java:shutdownLeaderElection(134)) - 44082f05-803b-4c97-a9e5-c320db8eea77: shutdown LeaderElection
2019-09-25 05:49:52,800 [44082f05-803b-4c97-a9e5-c320db8eea77@group-805BD0E4E7A6:LeaderElection186] INFO  impl.RaftServerImpl (RaftServerImpl.java:setRole(174)) - 44082f05-803b-4c97-a9e5-c320db8eea77@group-805BD0E4E7A6: changes role from CANDIDATE to LEADER at term 1 for changeToLeader
2019-09-25 05:49:52,800 [44082f05-803b-4c97-a9e5-c320db8eea77@group-805BD0E4E7A6:LeaderElection186] INFO  impl.RaftServerImpl (ServerState.java:setLeader(253)) - 44082f05-803b-4c97-a9e5-c320db8eea77@group-805BD0E4E7A6: change Leader from null to 44082f05-803b-4c97-a9e5-c320db8eea77 at term 1 for becomeLeader, leader elected after 5158ms
2019-09-25 05:49:52,800 [44082f05-803b-4c97-a9e5-c320db8eea77@group-805BD0E4E7A6:LeaderElection186] INFO  server.RaftServerConfigKeys (ConfUtils.java:logGet(43)) - raft.server.staging.catchup.gap = 1000 (default)
2019-09-25 05:49:52,800 [44082f05-803b-4c97-a9e5-c320db8eea77@group-805BD0E4E7A6:LeaderElection186] INFO  server.RaftServerConfigKeys (ConfUtils.java:logGet(43)) - raft.server.rpc.sleep.time = 25ms (default)
2019-09-25 05:49:52,801 [44082f05-803b-4c97-a9e5-c320db8eea77@group-805BD0E4E7A6:LeaderElection186] INFO  server.RaftServerConfigKeys (ConfUtils.java:logGet(43)) - raft.server.write.element-limit = 4096 (default)
2019-09-25 05:49:52,801 [44082f05-803b-4c97-a9e5-c320db8eea77@group-805BD0E4E7A6:LeaderElection186] INFO  server.RaftServerConfigKeys (ConfUtils.java:logGet(43)) - raft.server.watch.timeout = 10s (default)
2019-09-25 05:49:52,801 [44082f05-803b-4c97-a9e5-c320db8eea77@group-805BD0E4E7A6:LeaderElection186] INFO  server.RaftServerConfigKeys (ConfUtils.java:logGet(43)) - raft.server.watch.timeout.denomination = 1s (default)
2019-09-25 05:49:52,801 [44082f05-803b-4c97-a9e5-c320db8eea77@group-805BD0E4E7A6:LeaderElection186] INFO  server.RaftServerConfigKeys (ConfUtils.java:logGet(43)) - raft.server.watch.element-limit = 65536 (default)
2019-09-25 05:49:52,802 [44082f05-803b-4c97-a9e5-c320db8eea77@group-805BD0E4E7A6:LeaderElection186] INFO  impl.RoleInfo (RoleInfo.java:updateAndGet(143)) - 44082f05-803b-4c97-a9e5-c320db8eea77: start LeaderState
2019-09-25 05:49:52,802 [44082f05-803b-4c97-a9e5-c320db8eea77@group-805BD0E4E7A6:LeaderElection186] INFO  segmented.SegmentedRaftLogWorker (SegmentedRaftLogWorker.java:startLogSegment(380)) - 44082f05-803b-4c97-a9e5-c320db8eea77@group-805BD0E4E7A6-SegmentedRaftLogWorker: Starting segment from index:0
2019-09-25 05:49:52,803 [44082f05-803b-4c97-a9e5-c320db8eea77@group-805BD0E4E7A6:LeaderElection186] INFO  impl.RaftServerImpl (ServerState.java:setRaftConf(354)) - 44082f05-803b-4c97-a9e5-c320db8eea77@group-805BD0E4E7A6: set configuration 0: [44082f05-803b-4c97-a9e5-c320db8eea77:192.168.30.10:44033], old=null at 0
2019-09-25 05:49:52,836 [Thread-2671] INFO  impl.FollowerState (FollowerState.java:run(106)) - 01bb1e87-3b88-425d-af88-cd320b9a7275:group-EE137C920B54 changes to CANDIDATE, lastRpcTime:5106, electionTimeout:5106ms
2019-09-25 05:49:52,837 [Thread-2671] INFO  impl.RoleInfo (RoleInfo.java:shutdownFollowerState(121)) - 01bb1e87-3b88-425d-af88-cd320b9a7275: shutdown FollowerState
2019-09-25 05:49:52,837 [Thread-2671] INFO  impl.RaftServerImpl (RaftServerImpl.java:setRole(174)) - 01bb1e87-3b88-425d-af88-cd320b9a7275@group-EE137C920B54: changes role from  FOLLOWER to CANDIDATE at term 0 for changeToCandidate
2019-09-25 05:49:52,837 [Thread-2671] INFO  impl.RoleInfo (RoleInfo.java:updateAndGet(143)) - 01bb1e87-3b88-425d-af88-cd320b9a7275: start LeaderElection
2019-09-25 05:49:52,841 [44082f05-803b-4c97-a9e5-c320db8eea77@group-805BD0E4E7A6-SegmentedRaftLogWorker] INFO  segmented.SegmentedRaftLogWorker (SegmentedRaftLogWorker.java:execute(569)) - 44082f05-803b-4c97-a9e5-c320db8eea77@group-805BD0E4E7A6-SegmentedRaftLogWorker: created new log segment /workdir/hadoop-ozone/integration-test/target/test-dir/MiniOzoneClusterImpl-3371874c-cdf9-4999-a21e-92d2cda410bc/datanode-3/data/ratis/96fbcfd2-546a-4d96-b11f-805bd0e4e7a6/current/log_inprogress_0
2019-09-25 05:49:52,854 [01bb1e87-3b88-425d-af88-cd320b9a7275@group-EE137C920B54:LeaderElection187] INFO  impl.LeaderElection (LeaderElection.java:askForVotes(182)) - 01bb1e87-3b88-425d-af88-cd320b9a7275@group-EE137C920B54:LeaderElection187: begin an election at term 1 for -1: [01bb1e87-3b88-425d-af88-cd320b9a7275:192.168.30.10:41549], old=null
2019-09-25 05:49:52,854 [01bb1e87-3b88-425d-af88-cd320b9a7275@group-EE137C920B54:LeaderElection187] INFO  impl.RoleInfo (RoleInfo.java:shutdownLeaderElection(134)) - 01bb1e87-3b88-425d-af88-cd320b9a7275: shutdown LeaderElection
2019-09-25 05:49:52,854 [01bb1e87-3b88-425d-af88-cd320b9a7275@group-EE137C920B54:LeaderElection187] INFO  impl.RaftServerImpl (RaftServerImpl.java:setRole(174)) - 01bb1e87-3b88-425d-af88-cd320b9a7275@group-EE137C920B54: changes role from CANDIDATE to LEADER at term 1 for changeToLeader
2019-09-25 05:49:52,854 [01bb1e87-3b88-425d-af88-cd320b9a7275@group-EE137C920B54:LeaderElection187] INFO  impl.RaftServerImpl (ServerState.java:setLeader(253)) - 01bb1e87-3b88-425d-af88-cd320b9a7275@group-EE137C920B54: change Leader from null to 01bb1e87-3b88-425d-af88-cd320b9a7275 at term 1 for becomeLeader, leader elected after 5128ms
2019-09-25 05:49:52,854 [01bb1e87-3b88-425d-af88-cd320b9a7275@group-EE137C920B54:LeaderElection187] INFO  server.RaftServerConfigKeys (ConfUtils.java:logGet(43)) - raft.server.staging.catchup.gap = 1000 (default)
2019-09-25 05:49:52,854 [01bb1e87-3b88-425d-af88-cd320b9a7275@group-EE137C920B54:LeaderElection187] INFO  server.RaftServerConfigKeys (ConfUtils.java:logGet(43)) - raft.server.rpc.sleep.time = 25ms (default)
2019-09-25 05:49:52,854 [01bb1e87-3b88-425d-af88-cd320b9a7275@group-EE137C920B54:LeaderElection187] INFO  server.RaftServerConfigKeys (ConfUtils.java:logGet(43)) - raft.server.write.element-limit = 4096 (default)
2019-09-25 05:49:52,854 [01bb1e87-3b88-425d-af88-cd320b9a7275@group-EE137C920B54:LeaderElection187] INFO  server.RaftServerConfigKeys (ConfUtils.java:logGet(43)) - raft.server.watch.timeout = 10s (default)
2019-09-25 05:49:52,855 [01bb1e87-3b88-425d-af88-cd320b9a7275@group-EE137C920B54:LeaderElection187] INFO  server.RaftServerConfigKeys (ConfUtils.java:logGet(43)) - raft.server.watch.timeout.denomination = 1s (default)
2019-09-25 05:49:52,855 [01bb1e87-3b88-425d-af88-cd320b9a7275@group-EE137C920B54:LeaderElection187] INFO  server.RaftServerConfigKeys (ConfUtils.java:logGet(43)) - raft.server.watch.element-limit = 65536 (default)
2019-09-25 05:49:52,856 [01bb1e87-3b88-425d-af88-cd320b9a7275@group-EE137C920B54:LeaderElection187] INFO  impl.RoleInfo (RoleInfo.java:updateAndGet(143)) - 01bb1e87-3b88-425d-af88-cd320b9a7275: start LeaderState
2019-09-25 05:49:52,856 [01bb1e87-3b88-425d-af88-cd320b9a7275@group-EE137C920B54:LeaderElection187] INFO  segmented.SegmentedRaftLogWorker (SegmentedRaftLogWorker.java:startLogSegment(380)) - 01bb1e87-3b88-425d-af88-cd320b9a7275@group-EE137C920B54-SegmentedRaftLogWorker: Starting segment from index:0
2019-09-25 05:49:52,856 [01bb1e87-3b88-425d-af88-cd320b9a7275@group-EE137C920B54:LeaderElection187] INFO  impl.RaftServerImpl (ServerState.java:setRaftConf(354)) - 01bb1e87-3b88-425d-af88-cd320b9a7275@group-EE137C920B54: set configuration 0: [01bb1e87-3b88-425d-af88-cd320b9a7275:192.168.30.10:41549], old=null at 0
2019-09-25 05:49:52,898 [01bb1e87-3b88-425d-af88-cd320b9a7275@group-EE137C920B54-SegmentedRaftLogWorker] INFO  segmented.SegmentedRaftLogWorker (SegmentedRaftLogWorker.java:execute(569)) - 01bb1e87-3b88-425d-af88-cd320b9a7275@group-EE137C920B54-SegmentedRaftLogWorker: created new log segment /workdir/hadoop-ozone/integration-test/target/test-dir/MiniOzoneClusterImpl-3371874c-cdf9-4999-a21e-92d2cda410bc/datanode-0/data/ratis/a40bb0cd-0e30-4e63-b85d-ee137c920b54/current/log_inprogress_0
2019-09-25 05:49:52,934 [Thread-2674] INFO  impl.FollowerState (FollowerState.java:run(106)) - 01bb1e87-3b88-425d-af88-cd320b9a7275:group-03C285027148 changes to CANDIDATE, lastRpcTime:5166, electionTimeout:5166ms
2019-09-25 05:49:52,934 [Thread-2674] INFO  impl.RoleInfo (RoleInfo.java:shutdownFollowerState(121)) - 01bb1e87-3b88-425d-af88-cd320b9a7275: shutdown FollowerState
2019-09-25 05:49:52,934 [Thread-2674] INFO  impl.RaftServerImpl (RaftServerImpl.java:setRole(174)) - 01bb1e87-3b88-425d-af88-cd320b9a7275@group-03C285027148: changes role from  FOLLOWER to CANDIDATE at term 0 for changeToCandidate
2019-09-25 05:49:52,934 [Thread-2674] INFO  impl.RoleInfo (RoleInfo.java:updateAndGet(143)) - 01bb1e87-3b88-425d-af88-cd320b9a7275: start LeaderElection
2019-09-25 05:49:52,940 [Thread-2677] INFO  impl.FollowerState (FollowerState.java:run(106)) - 41cc7451-3c22-4fa0-b0d4-151937985196:group-6D2AF0657334 changes to CANDIDATE, lastRpcTime:5131, electionTimeout:5131ms
2019-09-25 05:49:52,940 [Thread-2677] INFO  impl.RoleInfo (RoleInfo.java:shutdownFollowerState(121)) - 41cc7451-3c22-4fa0-b0d4-151937985196: shutdown FollowerState
2019-09-25 05:49:52,940 [Thread-2677] INFO  impl.RaftServerImpl (RaftServerImpl.java:setRole(174)) - 41cc7451-3c22-4fa0-b0d4-151937985196@group-6D2AF0657334: changes role from  FOLLOWER to CANDIDATE at term 0 for changeToCandidate
2019-09-25 05:49:52,940 [Thread-2677] INFO  impl.RoleInfo (RoleInfo.java:updateAndGet(143)) - 41cc7451-3c22-4fa0-b0d4-151937985196: start LeaderElection
2019-09-25 05:49:52,953 [01bb1e87-3b88-425d-af88-cd320b9a7275@group-03C285027148:LeaderElection188] INFO  impl.LeaderElection (LeaderElection.java:askForVotes(182)) - 01bb1e87-3b88-425d-af88-cd320b9a7275@group-03C285027148:LeaderElection188: begin an election at term 1 for -1: [01bb1e87-3b88-425d-af88-cd320b9a7275:192.168.30.10:41549], old=null
2019-09-25 05:49:52,953 [41cc7451-3c22-4fa0-b0d4-151937985196@group-6D2AF0657334:LeaderElection189] INFO  impl.LeaderElection (LeaderElection.java:askForVotes(182)) - 41cc7451-3c22-4fa0-b0d4-151937985196@group-6D2AF0657334:LeaderElection189: begin an election at term 1 for -1: [41cc7451-3c22-4fa0-b0d4-151937985196:192.168.30.10:36622], old=null
2019-09-25 05:49:52,953 [01bb1e87-3b88-425d-af88-cd320b9a7275@group-03C285027148:LeaderElection188] INFO  impl.RoleInfo (RoleInfo.java:shutdownLeaderElection(134)) - 01bb1e87-3b88-425d-af88-cd320b9a7275: shutdown LeaderElection
2019-09-25 05:49:52,953 [41cc7451-3c22-4fa0-b0d4-151937985196@group-6D2AF0657334:LeaderElection189] INFO  impl.RoleInfo (RoleInfo.java:shutdownLeaderElection(134)) - 41cc7451-3c22-4fa0-b0d4-151937985196: shutdown LeaderElection
2019-09-25 05:49:52,953 [01bb1e87-3b88-425d-af88-cd320b9a7275@group-03C285027148:LeaderElection188] INFO  impl.RaftServerImpl (RaftServerImpl.java:setRole(174)) - 01bb1e87-3b88-425d-af88-cd320b9a7275@group-03C285027148: changes role from CANDIDATE to LEADER at term 1 for changeToLeader
2019-09-25 05:49:52,953 [01bb1e87-3b88-425d-af88-cd320b9a7275@group-03C285027148:LeaderElection188] INFO  impl.RaftServerImpl (ServerState.java:setLeader(253)) - 01bb1e87-3b88-425d-af88-cd320b9a7275@group-03C285027148: change Leader from null to 01bb1e87-3b88-425d-af88-cd320b9a7275 at term 1 for becomeLeader, leader elected after 5189ms
2019-09-25 05:49:52,953 [41cc7451-3c22-4fa0-b0d4-151937985196@group-6D2AF0657334:LeaderElection189] INFO  impl.RaftServerImpl (RaftServerImpl.java:setRole(174)) - 41cc7451-3c22-4fa0-b0d4-151937985196@group-6D2AF0657334: changes role from CANDIDATE to LEADER at term 1 for changeToLeader
2019-09-25 05:49:52,953 [01bb1e87-3b88-425d-af88-cd320b9a7275@group-03C285027148:LeaderElection188] INFO  server.RaftServerConfigKeys (ConfUtils.java:logGet(43)) - raft.server.staging.catchup.gap = 1000 (default)
2019-09-25 05:49:52,953 [41cc7451-3c22-4fa0-b0d4-151937985196@group-6D2AF0657334:LeaderElection189] INFO  impl.RaftServerImpl (ServerState.java:setLeader(253)) - 41cc7451-3c22-4fa0-b0d4-151937985196@group-6D2AF0657334: change Leader from null to 41cc7451-3c22-4fa0-b0d4-151937985196 at term 1 for becomeLeader, leader elected after 5149ms
2019-09-25 05:49:52,953 [01bb1e87-3b88-425d-af88-cd320b9a7275@group-03C285027148:LeaderElection188] INFO  server.RaftServerConfigKeys (ConfUtils.java:logGet(43)) - raft.server.rpc.sleep.time = 25ms (default)
2019-09-25 05:49:52,954 [41cc7451-3c22-4fa0-b0d4-151937985196@group-6D2AF0657334:LeaderElection189] INFO  server.RaftServerConfigKeys (ConfUtils.java:logGet(43)) - raft.server.staging.catchup.gap = 1000 (default)
2019-09-25 05:49:52,954 [01bb1e87-3b88-425d-af88-cd320b9a7275@group-03C285027148:LeaderElection188] INFO  server.RaftServerConfigKeys (ConfUtils.java:logGet(43)) - raft.server.write.element-limit = 4096 (default)
2019-09-25 05:49:52,954 [41cc7451-3c22-4fa0-b0d4-151937985196@group-6D2AF0657334:LeaderElection189] INFO  server.RaftServerConfigKeys (ConfUtils.java:logGet(43)) - raft.server.rpc.sleep.time = 25ms (default)
2019-09-25 05:49:52,954 [01bb1e87-3b88-425d-af88-cd320b9a7275@group-03C285027148:LeaderElection188] INFO  server.RaftServerConfigKeys (ConfUtils.java:logGet(43)) - raft.server.watch.timeout = 10s (default)
2019-09-25 05:49:52,954 [41cc7451-3c22-4fa0-b0d4-151937985196@group-6D2AF0657334:LeaderElection189] INFO  server.RaftServerConfigKeys (ConfUtils.java:logGet(43)) - raft.server.write.element-limit = 4096 (default)
2019-09-25 05:49:52,954 [01bb1e87-3b88-425d-af88-cd320b9a7275@group-03C285027148:LeaderElection188] INFO  server.RaftServerConfigKeys (ConfUtils.java:logGet(43)) - raft.server.watch.timeout.denomination = 1s (default)
2019-09-25 05:49:52,954 [41cc7451-3c22-4fa0-b0d4-151937985196@group-6D2AF0657334:LeaderElection189] INFO  server.RaftServerConfigKeys (ConfUtils.java:logGet(43)) - raft.server.watch.timeout = 10s (default)
2019-09-25 05:49:52,954 [01bb1e87-3b88-425d-af88-cd320b9a7275@group-03C285027148:LeaderElection188] INFO  server.RaftServerConfigKeys (ConfUtils.java:logGet(43)) - raft.server.watch.element-limit = 65536 (default)
2019-09-25 05:49:52,955 [41cc7451-3c22-4fa0-b0d4-151937985196@group-6D2AF0657334:LeaderElection189] INFO  server.RaftServerConfigKeys (ConfUtils.java:logGet(43)) - raft.server.watch.timeout.denomination = 1s (default)
2019-09-25 05:49:52,955 [41cc7451-3c22-4fa0-b0d4-151937985196@group-6D2AF0657334:LeaderElection189] INFO  server.RaftServerConfigKeys (ConfUtils.java:logGet(43)) - raft.server.watch.element-limit = 65536 (default)
2019-09-25 05:49:52,957 [01bb1e87-3b88-425d-af88-cd320b9a7275@group-03C285027148:LeaderElection188] INFO  impl.RoleInfo (RoleInfo.java:updateAndGet(143)) - 01bb1e87-3b88-425d-af88-cd320b9a7275: start LeaderState
2019-09-25 05:49:52,957 [01bb1e87-3b88-425d-af88-cd320b9a7275@group-03C285027148:LeaderElection188] INFO  segmented.SegmentedRaftLogWorker (SegmentedRaftLogWorker.java:startLogSegment(380)) - 01bb1e87-3b88-425d-af88-cd320b9a7275@group-03C285027148-SegmentedRaftLogWorker: Starting segment from index:0
2019-09-25 05:49:52,958 [41cc7451-3c22-4fa0-b0d4-151937985196@group-6D2AF0657334:LeaderElection189] INFO  impl.RoleInfo (RoleInfo.java:updateAndGet(143)) - 41cc7451-3c22-4fa0-b0d4-151937985196: start LeaderState
2019-09-25 05:49:52,958 [01bb1e87-3b88-425d-af88-cd320b9a7275@group-03C285027148:LeaderElection188] INFO  impl.RaftServerImpl (ServerState.java:setRaftConf(354)) - 01bb1e87-3b88-425d-af88-cd320b9a7275@group-03C285027148: set configuration 0: [01bb1e87-3b88-425d-af88-cd320b9a7275:192.168.30.10:41549], old=null at 0
2019-09-25 05:49:52,958 [41cc7451-3c22-4fa0-b0d4-151937985196@group-6D2AF0657334:LeaderElection189] INFO  segmented.SegmentedRaftLogWorker (SegmentedRaftLogWorker.java:startLogSegment(380)) - 41cc7451-3c22-4fa0-b0d4-151937985196@group-6D2AF0657334-SegmentedRaftLogWorker: Starting segment from index:0
2019-09-25 05:49:52,958 [41cc7451-3c22-4fa0-b0d4-151937985196@group-6D2AF0657334:LeaderElection189] INFO  impl.RaftServerImpl (ServerState.java:setRaftConf(354)) - 41cc7451-3c22-4fa0-b0d4-151937985196@group-6D2AF0657334: set configuration 0: [41cc7451-3c22-4fa0-b0d4-151937985196:192.168.30.10:36622], old=null at 0
2019-09-25 05:49:52,996 [Thread-2688] INFO  impl.FollowerState (FollowerState.java:run(106)) - 41cc7451-3c22-4fa0-b0d4-151937985196:group-1A7F78757E42 changes to CANDIDATE, lastRpcTime:5040, electionTimeout:5040ms
2019-09-25 05:49:52,996 [Thread-2688] INFO  impl.RoleInfo (RoleInfo.java:shutdownFollowerState(121)) - 41cc7451-3c22-4fa0-b0d4-151937985196: shutdown FollowerState
2019-09-25 05:49:52,996 [Thread-2688] INFO  impl.RaftServerImpl (RaftServerImpl.java:setRole(174)) - 41cc7451-3c22-4fa0-b0d4-151937985196@group-1A7F78757E42: changes role from  FOLLOWER to CANDIDATE at term 0 for changeToCandidate
2019-09-25 05:49:52,996 [Thread-2688] INFO  impl.RoleInfo (RoleInfo.java:updateAndGet(143)) - 41cc7451-3c22-4fa0-b0d4-151937985196: start LeaderElection
2019-09-25 05:49:53,011 [41cc7451-3c22-4fa0-b0d4-151937985196@group-6D2AF0657334-SegmentedRaftLogWorker] INFO  segmented.SegmentedRaftLogWorker (SegmentedRaftLogWorker.java:execute(569)) - 41cc7451-3c22-4fa0-b0d4-151937985196@group-6D2AF0657334-SegmentedRaftLogWorker: created new log segment /workdir/hadoop-ozone/integration-test/target/test-dir/MiniOzoneClusterImpl-3371874c-cdf9-4999-a21e-92d2cda410bc/datanode-2/data/ratis/e7778371-f5bf-4928-aed2-6d2af0657334/current/log_inprogress_0
2019-09-25 05:49:53,011 [01bb1e87-3b88-425d-af88-cd320b9a7275@group-03C285027148-SegmentedRaftLogWorker] INFO  segmented.SegmentedRaftLogWorker (SegmentedRaftLogWorker.java:execute(569)) - 01bb1e87-3b88-425d-af88-cd320b9a7275@group-03C285027148-SegmentedRaftLogWorker: created new log segment /workdir/hadoop-ozone/integration-test/target/test-dir/MiniOzoneClusterImpl-3371874c-cdf9-4999-a21e-92d2cda410bc/datanode-0/data/ratis/0609d346-5724-4f03-8969-03c285027148/current/log_inprogress_0
2019-09-25 05:49:53,014 [41cc7451-3c22-4fa0-b0d4-151937985196@group-1A7F78757E42:LeaderElection190] INFO  impl.LeaderElection (LeaderElection.java:askForVotes(182)) - 41cc7451-3c22-4fa0-b0d4-151937985196@group-1A7F78757E42:LeaderElection190: begin an election at term 1 for -1: [41cc7451-3c22-4fa0-b0d4-151937985196:192.168.30.10:36622], old=null
2019-09-25 05:49:53,014 [41cc7451-3c22-4fa0-b0d4-151937985196@group-1A7F78757E42:LeaderElection190] INFO  impl.RoleInfo (RoleInfo.java:shutdownLeaderElection(134)) - 41cc7451-3c22-4fa0-b0d4-151937985196: shutdown LeaderElection
2019-09-25 05:49:53,014 [41cc7451-3c22-4fa0-b0d4-151937985196@group-1A7F78757E42:LeaderElection190] INFO  impl.RaftServerImpl (RaftServerImpl.java:setRole(174)) - 41cc7451-3c22-4fa0-b0d4-151937985196@group-1A7F78757E42: changes role from CANDIDATE to LEADER at term 1 for changeToLeader
2019-09-25 05:49:53,014 [41cc7451-3c22-4fa0-b0d4-151937985196@group-1A7F78757E42:LeaderElection190] INFO  impl.RaftServerImpl (ServerState.java:setLeader(253)) - 41cc7451-3c22-4fa0-b0d4-151937985196@group-1A7F78757E42: change Leader from null to 41cc7451-3c22-4fa0-b0d4-151937985196 at term 1 for becomeLeader, leader elected after 5062ms
2019-09-25 05:49:53,014 [41cc7451-3c22-4fa0-b0d4-151937985196@group-1A7F78757E42:LeaderElection190] INFO  server.RaftServerConfigKeys (ConfUtils.java:logGet(43)) - raft.server.staging.catchup.gap = 1000 (default)
2019-09-25 05:49:53,014 [41cc7451-3c22-4fa0-b0d4-151937985196@group-1A7F78757E42:LeaderElection190] INFO  server.RaftServerConfigKeys (ConfUtils.java:logGet(43)) - raft.server.rpc.sleep.time = 25ms (default)
2019-09-25 05:49:53,014 [41cc7451-3c22-4fa0-b0d4-151937985196@group-1A7F78757E42:LeaderElection190] INFO  server.RaftServerConfigKeys (ConfUtils.java:logGet(43)) - raft.server.write.element-limit = 4096 (default)
2019-09-25 05:49:53,015 [41cc7451-3c22-4fa0-b0d4-151937985196@group-1A7F78757E42:LeaderElection190] INFO  server.RaftServerConfigKeys (ConfUtils.java:logGet(43)) - raft.server.watch.timeout = 10s (default)
2019-09-25 05:49:53,015 [41cc7451-3c22-4fa0-b0d4-151937985196@group-1A7F78757E42:LeaderElection190] INFO  server.RaftServerConfigKeys (ConfUtils.java:logGet(43)) - raft.server.watch.timeout.denomination = 1s (default)
2019-09-25 05:49:53,015 [41cc7451-3c22-4fa0-b0d4-151937985196@group-1A7F78757E42:LeaderElection190] INFO  server.RaftServerConfigKeys (ConfUtils.java:logGet(43)) - raft.server.watch.element-limit = 65536 (default)
2019-09-25 05:49:53,017 [41cc7451-3c22-4fa0-b0d4-151937985196@group-1A7F78757E42:LeaderElection190] INFO  impl.RoleInfo (RoleInfo.java:updateAndGet(143)) - 41cc7451-3c22-4fa0-b0d4-151937985196: start LeaderState
2019-09-25 05:49:53,017 [41cc7451-3c22-4fa0-b0d4-151937985196@group-1A7F78757E42:LeaderElection190] INFO  segmented.SegmentedRaftLogWorker (SegmentedRaftLogWorker.java:startLogSegment(380)) - 41cc7451-3c22-4fa0-b0d4-151937985196@group-1A7F78757E42-SegmentedRaftLogWorker: Starting segment from index:0
2019-09-25 05:49:53,017 [41cc7451-3c22-4fa0-b0d4-151937985196@group-1A7F78757E42:LeaderElection190] INFO  impl.RaftServerImpl (ServerState.java:setRaftConf(354)) - 41cc7451-3c22-4fa0-b0d4-151937985196@group-1A7F78757E42: set configuration 0: [41cc7451-3c22-4fa0-b0d4-151937985196:192.168.30.10:36622], old=null at 0
2019-09-25 05:49:53,050 [Thread-2682] INFO  impl.FollowerState (FollowerState.java:run(106)) - 49db5453-e576-4a11-af8d-74d98f8d549c:group-820B50338978 changes to CANDIDATE, lastRpcTime:5175, electionTimeout:5175ms
2019-09-25 05:49:53,050 [Thread-2682] INFO  impl.RoleInfo (RoleInfo.java:shutdownFollowerState(121)) - 49db5453-e576-4a11-af8d-74d98f8d549c: shutdown FollowerState
2019-09-25 05:49:53,050 [Thread-2682] INFO  impl.RaftServerImpl (RaftServerImpl.java:setRole(174)) - 49db5453-e576-4a11-af8d-74d98f8d549c@group-820B50338978: changes role from  FOLLOWER to CANDIDATE at term 0 for changeToCandidate
2019-09-25 05:49:53,050 [Thread-2682] INFO  impl.RoleInfo (RoleInfo.java:updateAndGet(143)) - 49db5453-e576-4a11-af8d-74d98f8d549c: start LeaderElection
2019-09-25 05:49:53,085 [41cc7451-3c22-4fa0-b0d4-151937985196@group-1A7F78757E42-SegmentedRaftLogWorker] INFO  segmented.SegmentedRaftLogWorker (SegmentedRaftLogWorker.java:execute(569)) - 41cc7451-3c22-4fa0-b0d4-151937985196@group-1A7F78757E42-SegmentedRaftLogWorker: created new log segment /workdir/hadoop-ozone/integration-test/target/test-dir/MiniOzoneClusterImpl-3371874c-cdf9-4999-a21e-92d2cda410bc/datanode-2/data/ratis/76081d0e-7966-4c3f-bd80-1a7f78757e42/current/log_inprogress_0
2019-09-25 05:49:53,085 [49db5453-e576-4a11-af8d-74d98f8d549c@group-820B50338978:LeaderElection191] INFO  impl.LeaderElection (LeaderElection.java:askForVotes(182)) - 49db5453-e576-4a11-af8d-74d98f8d549c@group-820B50338978:LeaderElection191: begin an election at term 1 for -1: [49db5453-e576-4a11-af8d-74d98f8d549c:192.168.30.10:33957], old=null
2019-09-25 05:49:53,085 [49db5453-e576-4a11-af8d-74d98f8d549c@group-820B50338978:LeaderElection191] INFO  impl.RoleInfo (RoleInfo.java:shutdownLeaderElection(134)) - 49db5453-e576-4a11-af8d-74d98f8d549c: shutdown LeaderElection
2019-09-25 05:49:53,085 [49db5453-e576-4a11-af8d-74d98f8d549c@group-820B50338978:LeaderElection191] INFO  impl.RaftServerImpl (RaftServerImpl.java:setRole(174)) - 49db5453-e576-4a11-af8d-74d98f8d549c@group-820B50338978: changes role from CANDIDATE to LEADER at term 1 for changeToLeader
2019-09-25 05:49:53,086 [49db5453-e576-4a11-af8d-74d98f8d549c@group-820B50338978:LeaderElection191] INFO  impl.RaftServerImpl (ServerState.java:setLeader(253)) - 49db5453-e576-4a11-af8d-74d98f8d549c@group-820B50338978: change Leader from null to 49db5453-e576-4a11-af8d-74d98f8d549c at term 1 for becomeLeader, leader elected after 5244ms
2019-09-25 05:49:53,086 [49db5453-e576-4a11-af8d-74d98f8d549c@group-820B50338978:LeaderElection191] INFO  server.RaftServerConfigKeys (ConfUtils.java:logGet(43)) - raft.server.staging.catchup.gap = 1000 (default)
2019-09-25 05:49:53,086 [49db5453-e576-4a11-af8d-74d98f8d549c@group-820B50338978:LeaderElection191] INFO  server.RaftServerConfigKeys (ConfUtils.java:logGet(43)) - raft.server.rpc.sleep.time = 25ms (default)
2019-09-25 05:49:53,086 [49db5453-e576-4a11-af8d-74d98f8d549c@group-820B50338978:LeaderElection191] INFO  server.RaftServerConfigKeys (ConfUtils.java:logGet(43)) - raft.server.write.element-limit = 4096 (default)
2019-09-25 05:49:53,086 [49db5453-e576-4a11-af8d-74d98f8d549c@group-820B50338978:LeaderElection191] INFO  server.RaftServerConfigKeys (ConfUtils.java:logGet(43)) - raft.server.watch.timeout = 10s (default)
2019-09-25 05:49:53,086 [49db5453-e576-4a11-af8d-74d98f8d549c@group-820B50338978:LeaderElection191] INFO  server.RaftServerConfigKeys (ConfUtils.java:logGet(43)) - raft.server.watch.timeout.denomination = 1s (default)
2019-09-25 05:49:53,087 [49db5453-e576-4a11-af8d-74d98f8d549c@group-820B50338978:LeaderElection191] INFO  server.RaftServerConfigKeys (ConfUtils.java:logGet(43)) - raft.server.watch.element-limit = 65536 (default)
2019-09-25 05:49:53,088 [49db5453-e576-4a11-af8d-74d98f8d549c@group-820B50338978:LeaderElection191] INFO  impl.RoleInfo (RoleInfo.java:updateAndGet(143)) - 49db5453-e576-4a11-af8d-74d98f8d549c: start LeaderState
2019-09-25 05:49:53,089 [49db5453-e576-4a11-af8d-74d98f8d549c@group-820B50338978:LeaderElection191] INFO  segmented.SegmentedRaftLogWorker (SegmentedRaftLogWorker.java:startLogSegment(380)) - 49db5453-e576-4a11-af8d-74d98f8d549c@group-820B50338978-SegmentedRaftLogWorker: Starting segment from index:0
2019-09-25 05:49:53,089 [49db5453-e576-4a11-af8d-74d98f8d549c@group-820B50338978:LeaderElection191] INFO  impl.RaftServerImpl (ServerState.java:setRaftConf(354)) - 49db5453-e576-4a11-af8d-74d98f8d549c@group-820B50338978: set configuration 0: [49db5453-e576-4a11-af8d-74d98f8d549c:192.168.30.10:33957], old=null at 0
2019-09-25 05:49:53,100 [Thread-2685] INFO  impl.FollowerState (FollowerState.java:run(106)) - 41cc7451-3c22-4fa0-b0d4-151937985196:group-AA3D1D65EBE4 changes to CANDIDATE, lastRpcTime:5180, electionTimeout:5180ms
2019-09-25 05:49:53,100 [Thread-2685] INFO  impl.RoleInfo (RoleInfo.java:shutdownFollowerState(121)) - 41cc7451-3c22-4fa0-b0d4-151937985196: shutdown FollowerState
2019-09-25 05:49:53,100 [Thread-2685] INFO  impl.RaftServerImpl (RaftServerImpl.java:setRole(174)) - 41cc7451-3c22-4fa0-b0d4-151937985196@group-AA3D1D65EBE4: changes role from  FOLLOWER to CANDIDATE at term 0 for changeToCandidate
2019-09-25 05:49:53,100 [Thread-2685] INFO  impl.RoleInfo (RoleInfo.java:updateAndGet(143)) - 41cc7451-3c22-4fa0-b0d4-151937985196: start LeaderElection
2019-09-25 05:49:53,126 [Thread-2691] INFO  impl.FollowerState (FollowerState.java:run(106)) - 01bb1e87-3b88-425d-af88-cd320b9a7275:group-189C2FE14ADA changes to CANDIDATE, lastRpcTime:5129, electionTimeout:5127ms
2019-09-25 05:49:53,127 [Thread-2691] INFO  impl.RoleInfo (RoleInfo.java:shutdownFollowerState(121)) - 01bb1e87-3b88-425d-af88-cd320b9a7275: shutdown FollowerState
2019-09-25 05:49:53,127 [Thread-2691] INFO  impl.RaftServerImpl (RaftServerImpl.java:setRole(174)) - 01bb1e87-3b88-425d-af88-cd320b9a7275@group-189C2FE14ADA: changes role from  FOLLOWER to CANDIDATE at term 0 for changeToCandidate
2019-09-25 05:49:53,127 [Thread-2691] INFO  impl.RoleInfo (RoleInfo.java:updateAndGet(143)) - 01bb1e87-3b88-425d-af88-cd320b9a7275: start LeaderElection
2019-09-25 05:49:53,139 [49db5453-e576-4a11-af8d-74d98f8d549c@group-820B50338978-SegmentedRaftLogWorker] INFO  segmented.SegmentedRaftLogWorker (SegmentedRaftLogWorker.java:execute(569)) - 49db5453-e576-4a11-af8d-74d98f8d549c@group-820B50338978-SegmentedRaftLogWorker: created new log segment /workdir/hadoop-ozone/integration-test/target/test-dir/MiniOzoneClusterImpl-3371874c-cdf9-4999-a21e-92d2cda410bc/datanode-1/data/ratis/c7b53339-b885-4f48-a085-820b50338978/current/log_inprogress_0
2019-09-25 05:49:53,139 [41cc7451-3c22-4fa0-b0d4-151937985196@group-AA3D1D65EBE4:LeaderElection192] INFO  impl.LeaderElection (LeaderElection.java:askForVotes(182)) - 41cc7451-3c22-4fa0-b0d4-151937985196@group-AA3D1D65EBE4:LeaderElection192: begin an election at term 1 for -1: [41cc7451-3c22-4fa0-b0d4-151937985196:192.168.30.10:36622], old=null
2019-09-25 05:49:53,139 [01bb1e87-3b88-425d-af88-cd320b9a7275@group-189C2FE14ADA:LeaderElection193] INFO  impl.LeaderElection (LeaderElection.java:askForVotes(182)) - 01bb1e87-3b88-425d-af88-cd320b9a7275@group-189C2FE14ADA:LeaderElection193: begin an election at term 1 for -1: [01bb1e87-3b88-425d-af88-cd320b9a7275:192.168.30.10:41549], old=null
2019-09-25 05:49:53,140 [41cc7451-3c22-4fa0-b0d4-151937985196@group-AA3D1D65EBE4:LeaderElection192] INFO  impl.RoleInfo (RoleInfo.java:shutdownLeaderElection(134)) - 41cc7451-3c22-4fa0-b0d4-151937985196: shutdown LeaderElection
2019-09-25 05:49:53,140 [01bb1e87-3b88-425d-af88-cd320b9a7275@group-189C2FE14ADA:LeaderElection193] INFO  impl.RoleInfo (RoleInfo.java:shutdownLeaderElection(134)) - 01bb1e87-3b88-425d-af88-cd320b9a7275: shutdown LeaderElection
2019-09-25 05:49:53,140 [41cc7451-3c22-4fa0-b0d4-151937985196@group-AA3D1D65EBE4:LeaderElection192] INFO  impl.RaftServerImpl (RaftServerImpl.java:setRole(174)) - 41cc7451-3c22-4fa0-b0d4-151937985196@group-AA3D1D65EBE4: changes role from CANDIDATE to LEADER at term 1 for changeToLeader
2019-09-25 05:49:53,140 [01bb1e87-3b88-425d-af88-cd320b9a7275@group-189C2FE14ADA:LeaderElection193] INFO  impl.RaftServerImpl (RaftServerImpl.java:setRole(174)) - 01bb1e87-3b88-425d-af88-cd320b9a7275@group-189C2FE14ADA: changes role from CANDIDATE to LEADER at term 1 for changeToLeader
2019-09-25 05:49:53,140 [41cc7451-3c22-4fa0-b0d4-151937985196@group-AA3D1D65EBE4:LeaderElection192] INFO  impl.RaftServerImpl (ServerState.java:setLeader(253)) - 41cc7451-3c22-4fa0-b0d4-151937985196@group-AA3D1D65EBE4: change Leader from null to 41cc7451-3c22-4fa0-b0d4-151937985196 at term 1 for becomeLeader, leader elected after 5223ms
2019-09-25 05:49:53,140 [01bb1e87-3b88-425d-af88-cd320b9a7275@group-189C2FE14ADA:LeaderElection193] INFO  impl.RaftServerImpl (ServerState.java:setLeader(253)) - 01bb1e87-3b88-425d-af88-cd320b9a7275@group-189C2FE14ADA: change Leader from null to 01bb1e87-3b88-425d-af88-cd320b9a7275 at term 1 for becomeLeader, leader elected after 5147ms
2019-09-25 05:49:53,140 [41cc7451-3c22-4fa0-b0d4-151937985196@group-AA3D1D65EBE4:LeaderElection192] INFO  server.RaftServerConfigKeys (ConfUtils.java:logGet(43)) - raft.server.staging.catchup.gap = 1000 (default)
2019-09-25 05:49:53,140 [01bb1e87-3b88-425d-af88-cd320b9a7275@group-189C2FE14ADA:LeaderElection193] INFO  server.RaftServerConfigKeys (ConfUtils.java:logGet(43)) - raft.server.staging.catchup.gap = 1000 (default)
2019-09-25 05:49:53,140 [41cc7451-3c22-4fa0-b0d4-151937985196@group-AA3D1D65EBE4:LeaderElection192] INFO  server.RaftServerConfigKeys (ConfUtils.java:logGet(43)) - raft.server.rpc.sleep.time = 25ms (default)
2019-09-25 05:49:53,140 [01bb1e87-3b88-425d-af88-cd320b9a7275@group-189C2FE14ADA:LeaderElection193] INFO  server.RaftServerConfigKeys (ConfUtils.java:logGet(43)) - raft.server.rpc.sleep.time = 25ms (default)
2019-09-25 05:49:53,140 [41cc7451-3c22-4fa0-b0d4-151937985196@group-AA3D1D65EBE4:LeaderElection192] INFO  server.RaftServerConfigKeys (ConfUtils.java:logGet(43)) - raft.server.write.element-limit = 4096 (default)
2019-09-25 05:49:53,141 [01bb1e87-3b88-425d-af88-cd320b9a7275@group-189C2FE14ADA:LeaderElection193] INFO  server.RaftServerConfigKeys (ConfUtils.java:logGet(43)) - raft.server.write.element-limit = 4096 (default)
2019-09-25 05:49:53,141 [41cc7451-3c22-4fa0-b0d4-151937985196@group-AA3D1D65EBE4:LeaderElection192] INFO  server.RaftServerConfigKeys (ConfUtils.java:logGet(43)) - raft.server.watch.timeout = 10s (default)
2019-09-25 05:49:53,141 [01bb1e87-3b88-425d-af88-cd320b9a7275@group-189C2FE14ADA:LeaderElection193] INFO  server.RaftServerConfigKeys (ConfUtils.java:logGet(43)) - raft.server.watch.timeout = 10s (default)
2019-09-25 05:49:53,141 [01bb1e87-3b88-425d-af88-cd320b9a7275@group-189C2FE14ADA:LeaderElection193] INFO  server.RaftServerConfigKeys (ConfUtils.java:logGet(43)) - raft.server.watch.timeout.denomination = 1s (default)
2019-09-25 05:49:53,141 [41cc7451-3c22-4fa0-b0d4-151937985196@group-AA3D1D65EBE4:LeaderElection192] INFO  server.RaftServerConfigKeys (ConfUtils.java:logGet(43)) - raft.server.watch.timeout.denomination = 1s (default)
2019-09-25 05:49:53,141 [01bb1e87-3b88-425d-af88-cd320b9a7275@group-189C2FE14ADA:LeaderElection193] INFO  server.RaftServerConfigKeys (ConfUtils.java:logGet(43)) - raft.server.watch.element-limit = 65536 (default)
2019-09-25 05:49:53,141 [41cc7451-3c22-4fa0-b0d4-151937985196@group-AA3D1D65EBE4:LeaderElection192] INFO  server.RaftServerConfigKeys (ConfUtils.java:logGet(43)) - raft.server.watch.element-limit = 65536 (default)
2019-09-25 05:49:53,144 [01bb1e87-3b88-425d-af88-cd320b9a7275@group-189C2FE14ADA:LeaderElection193] INFO  impl.RoleInfo (RoleInfo.java:updateAndGet(143)) - 01bb1e87-3b88-425d-af88-cd320b9a7275: start LeaderState
2019-09-25 05:49:53,144 [41cc7451-3c22-4fa0-b0d4-151937985196@group-AA3D1D65EBE4:LeaderElection192] INFO  impl.RoleInfo (RoleInfo.java:updateAndGet(143)) - 41cc7451-3c22-4fa0-b0d4-151937985196: start LeaderState
2019-09-25 05:49:53,144 [01bb1e87-3b88-425d-af88-cd320b9a7275@group-189C2FE14ADA:LeaderElection193] INFO  segmented.SegmentedRaftLogWorker (SegmentedRaftLogWorker.java:startLogSegment(380)) - 01bb1e87-3b88-425d-af88-cd320b9a7275@group-189C2FE14ADA-SegmentedRaftLogWorker: Starting segment from index:0
2019-09-25 05:49:53,144 [41cc7451-3c22-4fa0-b0d4-151937985196@group-AA3D1D65EBE4:LeaderElection192] INFO  segmented.SegmentedRaftLogWorker (SegmentedRaftLogWorker.java:startLogSegment(380)) - 41cc7451-3c22-4fa0-b0d4-151937985196@group-AA3D1D65EBE4-SegmentedRaftLogWorker: Starting segment from index:0
2019-09-25 05:49:53,144 [01bb1e87-3b88-425d-af88-cd320b9a7275@group-189C2FE14ADA:LeaderElection193] INFO  impl.RaftServerImpl (ServerState.java:setRaftConf(354)) - 01bb1e87-3b88-425d-af88-cd320b9a7275@group-189C2FE14ADA: set configuration 0: [01bb1e87-3b88-425d-af88-cd320b9a7275:192.168.30.10:41549], old=null at 0
2019-09-25 05:49:53,144 [41cc7451-3c22-4fa0-b0d4-151937985196@group-AA3D1D65EBE4:LeaderElection192] INFO  impl.RaftServerImpl (ServerState.java:setRaftConf(354)) - 41cc7451-3c22-4fa0-b0d4-151937985196@group-AA3D1D65EBE4: set configuration 0: [41cc7451-3c22-4fa0-b0d4-151937985196:192.168.30.10:36622], old=null at 0
2019-09-25 05:49:53,159 [Thread-2697] INFO  impl.FollowerState (FollowerState.java:run(106)) - 44082f05-803b-4c97-a9e5-c320db8eea77:group-A04D9CB9A66C changes to CANDIDATE, lastRpcTime:5089, electionTimeout:5089ms
2019-09-25 05:49:53,160 [Thread-2697] INFO  impl.RoleInfo (RoleInfo.java:shutdownFollowerState(121)) - 44082f05-803b-4c97-a9e5-c320db8eea77: shutdown FollowerState
2019-09-25 05:49:53,160 [Thread-2697] INFO  impl.RaftServerImpl (RaftServerImpl.java:setRole(174)) - 44082f05-803b-4c97-a9e5-c320db8eea77@group-A04D9CB9A66C: changes role from  FOLLOWER to CANDIDATE at term 0 for changeToCandidate
2019-09-25 05:49:53,160 [Thread-2697] INFO  impl.RoleInfo (RoleInfo.java:updateAndGet(143)) - 44082f05-803b-4c97-a9e5-c320db8eea77: start LeaderElection
2019-09-25 05:49:53,177 [41cc7451-3c22-4fa0-b0d4-151937985196@group-AA3D1D65EBE4-SegmentedRaftLogWorker] INFO  segmented.SegmentedRaftLogWorker (SegmentedRaftLogWorker.java:execute(569)) - 41cc7451-3c22-4fa0-b0d4-151937985196@group-AA3D1D65EBE4-SegmentedRaftLogWorker: created new log segment /workdir/hadoop-ozone/integration-test/target/test-dir/MiniOzoneClusterImpl-3371874c-cdf9-4999-a21e-92d2cda410bc/datanode-2/data/ratis/c51b9cac-a659-4e26-a909-aa3d1d65ebe4/current/log_inprogress_0
2019-09-25 05:49:53,177 [01bb1e87-3b88-425d-af88-cd320b9a7275@group-189C2FE14ADA-SegmentedRaftLogWorker] INFO  segmented.SegmentedRaftLogWorker (SegmentedRaftLogWorker.java:execute(569)) - 01bb1e87-3b88-425d-af88-cd320b9a7275@group-189C2FE14ADA-SegmentedRaftLogWorker: created new log segment /workdir/hadoop-ozone/integration-test/target/test-dir/MiniOzoneClusterImpl-3371874c-cdf9-4999-a21e-92d2cda410bc/datanode-0/data/ratis/c1e55468-d5e7-4edf-b136-189c2fe14ada/current/log_inprogress_0
2019-09-25 05:49:53,178 [44082f05-803b-4c97-a9e5-c320db8eea77@group-A04D9CB9A66C:LeaderElection194] INFO  impl.LeaderElection (LeaderElection.java:askForVotes(182)) - 44082f05-803b-4c97-a9e5-c320db8eea77@group-A04D9CB9A66C:LeaderElection194: begin an election at term 1 for -1: [44082f05-803b-4c97-a9e5-c320db8eea77:192.168.30.10:44033], old=null
2019-09-25 05:49:53,178 [44082f05-803b-4c97-a9e5-c320db8eea77@group-A04D9CB9A66C:LeaderElection194] INFO  impl.RoleInfo (RoleInfo.java:shutdownLeaderElection(134)) - 44082f05-803b-4c97-a9e5-c320db8eea77: shutdown LeaderElection
2019-09-25 05:49:53,178 [44082f05-803b-4c97-a9e5-c320db8eea77@group-A04D9CB9A66C:LeaderElection194] INFO  impl.RaftServerImpl (RaftServerImpl.java:setRole(174)) - 44082f05-803b-4c97-a9e5-c320db8eea77@group-A04D9CB9A66C: changes role from CANDIDATE to LEADER at term 1 for changeToLeader
2019-09-25 05:49:53,178 [44082f05-803b-4c97-a9e5-c320db8eea77@group-A04D9CB9A66C:LeaderElection194] INFO  impl.RaftServerImpl (ServerState.java:setLeader(253)) - 44082f05-803b-4c97-a9e5-c320db8eea77@group-A04D9CB9A66C: change Leader from null to 44082f05-803b-4c97-a9e5-c320db8eea77 at term 1 for becomeLeader, leader elected after 5112ms
2019-09-25 05:49:53,178 [44082f05-803b-4c97-a9e5-c320db8eea77@group-A04D9CB9A66C:LeaderElection194] INFO  server.RaftServerConfigKeys (ConfUtils.java:logGet(43)) - raft.server.staging.catchup.gap = 1000 (default)
2019-09-25 05:49:53,178 [44082f05-803b-4c97-a9e5-c320db8eea77@group-A04D9CB9A66C:LeaderElection194] INFO  server.RaftServerConfigKeys (ConfUtils.java:logGet(43)) - raft.server.rpc.sleep.time = 25ms (default)
2019-09-25 05:49:53,178 [44082f05-803b-4c97-a9e5-c320db8eea77@group-A04D9CB9A66C:LeaderElection194] INFO  server.RaftServerConfigKeys (ConfUtils.java:logGet(43)) - raft.server.write.element-limit = 4096 (default)
2019-09-25 05:49:53,179 [44082f05-803b-4c97-a9e5-c320db8eea77@group-A04D9CB9A66C:LeaderElection194] INFO  server.RaftServerConfigKeys (ConfUtils.java:logGet(43)) - raft.server.watch.timeout = 10s (default)
2019-09-25 05:49:53,179 [44082f05-803b-4c97-a9e5-c320db8eea77@group-A04D9CB9A66C:LeaderElection194] INFO  server.RaftServerConfigKeys (ConfUtils.java:logGet(43)) - raft.server.watch.timeout.denomination = 1s (default)
2019-09-25 05:49:53,179 [44082f05-803b-4c97-a9e5-c320db8eea77@group-A04D9CB9A66C:LeaderElection194] INFO  server.RaftServerConfigKeys (ConfUtils.java:logGet(43)) - raft.server.watch.element-limit = 65536 (default)
2019-09-25 05:49:53,180 [44082f05-803b-4c97-a9e5-c320db8eea77@group-A04D9CB9A66C:LeaderElection194] INFO  impl.RoleInfo (RoleInfo.java:updateAndGet(143)) - 44082f05-803b-4c97-a9e5-c320db8eea77: start LeaderState
2019-09-25 05:49:53,180 [44082f05-803b-4c97-a9e5-c320db8eea77@group-A04D9CB9A66C:LeaderElection194] INFO  segmented.SegmentedRaftLogWorker (SegmentedRaftLogWorker.java:startLogSegment(380)) - 44082f05-803b-4c97-a9e5-c320db8eea77@group-A04D9CB9A66C-SegmentedRaftLogWorker: Starting segment from index:0
2019-09-25 05:49:53,180 [44082f05-803b-4c97-a9e5-c320db8eea77@group-A04D9CB9A66C:LeaderElection194] INFO  impl.RaftServerImpl (ServerState.java:setRaftConf(354)) - 44082f05-803b-4c97-a9e5-c320db8eea77@group-A04D9CB9A66C: set configuration 0: [44082f05-803b-4c97-a9e5-c320db8eea77:192.168.30.10:44033], old=null at 0
2019-09-25 05:49:53,185 [Thread-2694] INFO  impl.FollowerState (FollowerState.java:run(106)) - 44082f05-803b-4c97-a9e5-c320db8eea77:group-4C385BFE0084 changes to CANDIDATE, lastRpcTime:5151, electionTimeout:5151ms
2019-09-25 05:49:53,185 [Thread-2694] INFO  impl.RoleInfo (RoleInfo.java:shutdownFollowerState(121)) - 44082f05-803b-4c97-a9e5-c320db8eea77: shutdown FollowerState
2019-09-25 05:49:53,185 [Thread-2694] INFO  impl.RaftServerImpl (RaftServerImpl.java:setRole(174)) - 44082f05-803b-4c97-a9e5-c320db8eea77@group-4C385BFE0084: changes role from  FOLLOWER to CANDIDATE at term 0 for changeToCandidate
2019-09-25 05:49:53,185 [Thread-2694] INFO  impl.RoleInfo (RoleInfo.java:updateAndGet(143)) - 44082f05-803b-4c97-a9e5-c320db8eea77: start LeaderElection
2019-09-25 05:49:53,206 [Thread-2703] INFO  impl.FollowerState (FollowerState.java:run(106)) - 41cc7451-3c22-4fa0-b0d4-151937985196:group-768AAE0996C2 changes to CANDIDATE, lastRpcTime:5055, electionTimeout:5055ms
2019-09-25 05:49:53,206 [Thread-2703] INFO  impl.RoleInfo (RoleInfo.java:shutdownFollowerState(121)) - 41cc7451-3c22-4fa0-b0d4-151937985196: shutdown FollowerState
2019-09-25 05:49:53,206 [Thread-2703] INFO  impl.RaftServerImpl (RaftServerImpl.java:setRole(174)) - 41cc7451-3c22-4fa0-b0d4-151937985196@group-768AAE0996C2: changes role from  FOLLOWER to CANDIDATE at term 0 for changeToCandidate
2019-09-25 05:49:53,206 [Thread-2703] INFO  impl.RoleInfo (RoleInfo.java:updateAndGet(143)) - 41cc7451-3c22-4fa0-b0d4-151937985196: start LeaderElection
2019-09-25 05:49:53,210 [44082f05-803b-4c97-a9e5-c320db8eea77@group-A04D9CB9A66C-SegmentedRaftLogWorker] INFO  segmented.SegmentedRaftLogWorker (SegmentedRaftLogWorker.java:execute(569)) - 44082f05-803b-4c97-a9e5-c320db8eea77@group-A04D9CB9A66C-SegmentedRaftLogWorker: created new log segment /workdir/hadoop-ozone/integration-test/target/test-dir/MiniOzoneClusterImpl-3371874c-cdf9-4999-a21e-92d2cda410bc/datanode-3/data/ratis/3cae3cd5-3a11-4aa4-850b-a04d9cb9a66c/current/log_inprogress_0
2019-09-25 05:49:53,210 [44082f05-803b-4c97-a9e5-c320db8eea77@group-4C385BFE0084:LeaderElection195] INFO  impl.LeaderElection (LeaderElection.java:askForVotes(182)) - 44082f05-803b-4c97-a9e5-c320db8eea77@group-4C385BFE0084:LeaderElection195: begin an election at term 1 for -1: [44082f05-803b-4c97-a9e5-c320db8eea77:192.168.30.10:44033], old=null
2019-09-25 05:49:53,210 [44082f05-803b-4c97-a9e5-c320db8eea77@group-4C385BFE0084:LeaderElection195] INFO  impl.RoleInfo (RoleInfo.java:shutdownLeaderElection(134)) - 44082f05-803b-4c97-a9e5-c320db8eea77: shutdown LeaderElection
2019-09-25 05:49:53,211 [44082f05-803b-4c97-a9e5-c320db8eea77@group-4C385BFE0084:LeaderElection195] INFO  impl.RaftServerImpl (RaftServerImpl.java:setRole(174)) - 44082f05-803b-4c97-a9e5-c320db8eea77@group-4C385BFE0084: changes role from CANDIDATE to LEADER at term 1 for changeToLeader
2019-09-25 05:49:53,211 [44082f05-803b-4c97-a9e5-c320db8eea77@group-4C385BFE0084:LeaderElection195] INFO  impl.RaftServerImpl (ServerState.java:setLeader(253)) - 44082f05-803b-4c97-a9e5-c320db8eea77@group-4C385BFE0084: change Leader from null to 44082f05-803b-4c97-a9e5-c320db8eea77 at term 1 for becomeLeader, leader elected after 5181ms
2019-09-25 05:49:53,211 [44082f05-803b-4c97-a9e5-c320db8eea77@group-4C385BFE0084:LeaderElection195] INFO  server.RaftServerConfigKeys (ConfUtils.java:logGet(43)) - raft.server.staging.catchup.gap = 1000 (default)
2019-09-25 05:49:53,211 [44082f05-803b-4c97-a9e5-c320db8eea77@group-4C385BFE0084:LeaderElection195] INFO  server.RaftServerConfigKeys (ConfUtils.java:logGet(43)) - raft.server.rpc.sleep.time = 25ms (default)
2019-09-25 05:49:53,211 [44082f05-803b-4c97-a9e5-c320db8eea77@group-4C385BFE0084:LeaderElection195] INFO  server.RaftServerConfigKeys (ConfUtils.java:logGet(43)) - raft.server.write.element-limit = 4096 (default)
2019-09-25 05:49:53,212 [44082f05-803b-4c97-a9e5-c320db8eea77@group-4C385BFE0084:LeaderElection195] INFO  server.RaftServerConfigKeys (ConfUtils.java:logGet(43)) - raft.server.watch.timeout = 10s (default)
2019-09-25 05:49:53,212 [44082f05-803b-4c97-a9e5-c320db8eea77@group-4C385BFE0084:LeaderElection195] INFO  server.RaftServerConfigKeys (ConfUtils.java:logGet(43)) - raft.server.watch.timeout.denomination = 1s (default)
2019-09-25 05:49:53,212 [44082f05-803b-4c97-a9e5-c320db8eea77@group-4C385BFE0084:LeaderElection195] INFO  server.RaftServerConfigKeys (ConfUtils.java:logGet(43)) - raft.server.watch.element-limit = 65536 (default)
2019-09-25 05:49:53,214 [44082f05-803b-4c97-a9e5-c320db8eea77@group-4C385BFE0084:LeaderElection195] INFO  impl.RoleInfo (RoleInfo.java:updateAndGet(143)) - 44082f05-803b-4c97-a9e5-c320db8eea77: start LeaderState
2019-09-25 05:49:53,214 [44082f05-803b-4c97-a9e5-c320db8eea77@group-4C385BFE0084:LeaderElection195] INFO  segmented.SegmentedRaftLogWorker (SegmentedRaftLogWorker.java:startLogSegment(380)) - 44082f05-803b-4c97-a9e5-c320db8eea77@group-4C385BFE0084-SegmentedRaftLogWorker: Starting segment from index:0
2019-09-25 05:49:53,214 [41cc7451-3c22-4fa0-b0d4-151937985196@group-768AAE0996C2:LeaderElection196] INFO  impl.LeaderElection (LeaderElection.java:askForVotes(182)) - 41cc7451-3c22-4fa0-b0d4-151937985196@group-768AAE0996C2:LeaderElection196: begin an election at term 1 for -1: [41cc7451-3c22-4fa0-b0d4-151937985196:192.168.30.10:36622], old=null
2019-09-25 05:49:53,215 [41cc7451-3c22-4fa0-b0d4-151937985196@group-768AAE0996C2:LeaderElection196] INFO  impl.RoleInfo (RoleInfo.java:shutdownLeaderElection(134)) - 41cc7451-3c22-4fa0-b0d4-151937985196: shutdown LeaderElection
2019-09-25 05:49:53,215 [44082f05-803b-4c97-a9e5-c320db8eea77@group-4C385BFE0084:LeaderElection195] INFO  impl.RaftServerImpl (ServerState.java:setRaftConf(354)) - 44082f05-803b-4c97-a9e5-c320db8eea77@group-4C385BFE0084: set configuration 0: [44082f05-803b-4c97-a9e5-c320db8eea77:192.168.30.10:44033], old=null at 0
2019-09-25 05:49:53,215 [41cc7451-3c22-4fa0-b0d4-151937985196@group-768AAE0996C2:LeaderElection196] INFO  impl.RaftServerImpl (RaftServerImpl.java:setRole(174)) - 41cc7451-3c22-4fa0-b0d4-151937985196@group-768AAE0996C2: changes role from CANDIDATE to LEADER at term 1 for changeToLeader
2019-09-25 05:49:53,215 [41cc7451-3c22-4fa0-b0d4-151937985196@group-768AAE0996C2:LeaderElection196] INFO  impl.RaftServerImpl (ServerState.java:setLeader(253)) - 41cc7451-3c22-4fa0-b0d4-151937985196@group-768AAE0996C2: change Leader from null to 41cc7451-3c22-4fa0-b0d4-151937985196 at term 1 for becomeLeader, leader elected after 5068ms
2019-09-25 05:49:53,215 [41cc7451-3c22-4fa0-b0d4-151937985196@group-768AAE0996C2:LeaderElection196] INFO  server.RaftServerConfigKeys (ConfUtils.java:logGet(43)) - raft.server.staging.catchup.gap = 1000 (default)
2019-09-25 05:49:53,215 [41cc7451-3c22-4fa0-b0d4-151937985196@group-768AAE0996C2:LeaderElection196] INFO  server.RaftServerConfigKeys (ConfUtils.java:logGet(43)) - raft.server.rpc.sleep.time = 25ms (default)
2019-09-25 05:49:53,215 [41cc7451-3c22-4fa0-b0d4-151937985196@group-768AAE0996C2:LeaderElection196] INFO  server.RaftServerConfigKeys (ConfUtils.java:logGet(43)) - raft.server.write.element-limit = 4096 (default)
2019-09-25 05:49:53,215 [41cc7451-3c22-4fa0-b0d4-151937985196@group-768AAE0996C2:LeaderElection196] INFO  server.RaftServerConfigKeys (ConfUtils.java:logGet(43)) - raft.server.watch.timeout = 10s (default)
2019-09-25 05:49:53,216 [41cc7451-3c22-4fa0-b0d4-151937985196@group-768AAE0996C2:LeaderElection196] INFO  server.RaftServerConfigKeys (ConfUtils.java:logGet(43)) - raft.server.watch.timeout.denomination = 1s (default)
2019-09-25 05:49:53,216 [41cc7451-3c22-4fa0-b0d4-151937985196@group-768AAE0996C2:LeaderElection196] INFO  server.RaftServerConfigKeys (ConfUtils.java:logGet(43)) - raft.server.watch.element-limit = 65536 (default)
2019-09-25 05:49:53,217 [41cc7451-3c22-4fa0-b0d4-151937985196@group-768AAE0996C2:LeaderElection196] INFO  impl.RoleInfo (RoleInfo.java:updateAndGet(143)) - 41cc7451-3c22-4fa0-b0d4-151937985196: start LeaderState
2019-09-25 05:49:53,217 [41cc7451-3c22-4fa0-b0d4-151937985196@group-768AAE0996C2:LeaderElection196] INFO  segmented.SegmentedRaftLogWorker (SegmentedRaftLogWorker.java:startLogSegment(380)) - 41cc7451-3c22-4fa0-b0d4-151937985196@group-768AAE0996C2-SegmentedRaftLogWorker: Starting segment from index:0
2019-09-25 05:49:53,218 [41cc7451-3c22-4fa0-b0d4-151937985196@group-768AAE0996C2:LeaderElection196] INFO  impl.RaftServerImpl (ServerState.java:setRaftConf(354)) - 41cc7451-3c22-4fa0-b0d4-151937985196@group-768AAE0996C2: set configuration 0: [41cc7451-3c22-4fa0-b0d4-151937985196:192.168.30.10:36622], old=null at 0
2019-09-25 05:49:53,223 [Thread-2700] INFO  impl.FollowerState (FollowerState.java:run(106)) - fc8c9bb1-dbbf-4b8a-ac9f-72a0e03a2e86:group-0A91AA816D52 changes to CANDIDATE, lastRpcTime:5109, electionTimeout:5109ms
2019-09-25 05:49:53,223 [Thread-2700] INFO  impl.RoleInfo (RoleInfo.java:shutdownFollowerState(121)) - fc8c9bb1-dbbf-4b8a-ac9f-72a0e03a2e86: shutdown FollowerState
2019-09-25 05:49:53,223 [Thread-2700] INFO  impl.RaftServerImpl (RaftServerImpl.java:setRole(174)) - fc8c9bb1-dbbf-4b8a-ac9f-72a0e03a2e86@group-0A91AA816D52: changes role from  FOLLOWER to CANDIDATE at term 0 for changeToCandidate
2019-09-25 05:49:53,224 [Thread-2700] INFO  impl.RoleInfo (RoleInfo.java:updateAndGet(143)) - fc8c9bb1-dbbf-4b8a-ac9f-72a0e03a2e86: start LeaderElection
2019-09-25 05:49:53,241 [fc8c9bb1-dbbf-4b8a-ac9f-72a0e03a2e86@group-0A91AA816D52:LeaderElection197] INFO  impl.LeaderElection (LeaderElection.java:askForVotes(182)) - fc8c9bb1-dbbf-4b8a-ac9f-72a0e03a2e86@group-0A91AA816D52:LeaderElection197: begin an election at term 1 for -1: [fc8c9bb1-dbbf-4b8a-ac9f-72a0e03a2e86:192.168.30.10:41113], old=null
2019-09-25 05:49:53,241 [fc8c9bb1-dbbf-4b8a-ac9f-72a0e03a2e86@group-0A91AA816D52:LeaderElection197] INFO  impl.RoleInfo (RoleInfo.java:shutdownLeaderElection(134)) - fc8c9bb1-dbbf-4b8a-ac9f-72a0e03a2e86: shutdown LeaderElection
2019-09-25 05:49:53,241 [fc8c9bb1-dbbf-4b8a-ac9f-72a0e03a2e86@group-0A91AA816D52:LeaderElection197] INFO  impl.RaftServerImpl (RaftServerImpl.java:setRole(174)) - fc8c9bb1-dbbf-4b8a-ac9f-72a0e03a2e86@group-0A91AA816D52: changes role from CANDIDATE to LEADER at term 1 for changeToLeader
2019-09-25 05:49:53,241 [fc8c9bb1-dbbf-4b8a-ac9f-72a0e03a2e86@group-0A91AA816D52:LeaderElection197] INFO  impl.RaftServerImpl (ServerState.java:setLeader(253)) - fc8c9bb1-dbbf-4b8a-ac9f-72a0e03a2e86@group-0A91AA816D52: change Leader from null to fc8c9bb1-dbbf-4b8a-ac9f-72a0e03a2e86 at term 1 for becomeLeader, leader elected after 5132ms
2019-09-25 05:49:53,241 [fc8c9bb1-dbbf-4b8a-ac9f-72a0e03a2e86@group-0A91AA816D52:LeaderElection197] INFO  server.RaftServerConfigKeys (ConfUtils.java:logGet(43)) - raft.server.staging.catchup.gap = 1000 (default)
2019-09-25 05:49:53,241 [fc8c9bb1-dbbf-4b8a-ac9f-72a0e03a2e86@group-0A91AA816D52:LeaderElection197] INFO  server.RaftServerConfigKeys (ConfUtils.java:logGet(43)) - raft.server.rpc.sleep.time = 25ms (default)
2019-09-25 05:49:53,241 [fc8c9bb1-dbbf-4b8a-ac9f-72a0e03a2e86@group-0A91AA816D52:LeaderElection197] INFO  server.RaftServerConfigKeys (ConfUtils.java:logGet(43)) - raft.server.write.element-limit = 4096 (default)
2019-09-25 05:49:53,241 [fc8c9bb1-dbbf-4b8a-ac9f-72a0e03a2e86@group-0A91AA816D52:LeaderElection197] INFO  server.RaftServerConfigKeys (ConfUtils.java:logGet(43)) - raft.server.watch.timeout = 10s (default)
2019-09-25 05:49:53,242 [fc8c9bb1-dbbf-4b8a-ac9f-72a0e03a2e86@group-0A91AA816D52:LeaderElection197] INFO  server.RaftServerConfigKeys (ConfUtils.java:logGet(43)) - raft.server.watch.timeout.denomination = 1s (default)
2019-09-25 05:49:53,242 [fc8c9bb1-dbbf-4b8a-ac9f-72a0e03a2e86@group-0A91AA816D52:LeaderElection197] INFO  server.RaftServerConfigKeys (ConfUtils.java:logGet(43)) - raft.server.watch.element-limit = 65536 (default)
2019-09-25 05:49:53,243 [fc8c9bb1-dbbf-4b8a-ac9f-72a0e03a2e86@group-0A91AA816D52:LeaderElection197] INFO  impl.RoleInfo (RoleInfo.java:updateAndGet(143)) - fc8c9bb1-dbbf-4b8a-ac9f-72a0e03a2e86: start LeaderState
2019-09-25 05:49:53,243 [fc8c9bb1-dbbf-4b8a-ac9f-72a0e03a2e86@group-0A91AA816D52:LeaderElection197] INFO  segmented.SegmentedRaftLogWorker (SegmentedRaftLogWorker.java:startLogSegment(380)) - fc8c9bb1-dbbf-4b8a-ac9f-72a0e03a2e86@group-0A91AA816D52-SegmentedRaftLogWorker: Starting segment from index:0
2019-09-25 05:49:53,243 [fc8c9bb1-dbbf-4b8a-ac9f-72a0e03a2e86@group-0A91AA816D52:LeaderElection197] INFO  impl.RaftServerImpl (ServerState.java:setRaftConf(354)) - fc8c9bb1-dbbf-4b8a-ac9f-72a0e03a2e86@group-0A91AA816D52: set configuration 0: [fc8c9bb1-dbbf-4b8a-ac9f-72a0e03a2e86:192.168.30.10:41113], old=null at 0
2019-09-25 05:49:53,253 [Thread-2706] INFO  impl.FollowerState (FollowerState.java:run(106)) - f67911da-22a7-4cad-9c8f-7bf30371d239:group-E65BDBC429D3 changes to CANDIDATE, lastRpcTime:5059, electionTimeout:5059ms
2019-09-25 05:49:53,253 [Thread-2706] INFO  impl.RoleInfo (RoleInfo.java:shutdownFollowerState(121)) - f67911da-22a7-4cad-9c8f-7bf30371d239: shutdown FollowerState
2019-09-25 05:49:53,253 [Thread-2706] INFO  impl.RaftServerImpl (RaftServerImpl.java:setRole(174)) - f67911da-22a7-4cad-9c8f-7bf30371d239@group-E65BDBC429D3: changes role from  FOLLOWER to CANDIDATE at term 0 for changeToCandidate
2019-09-25 05:49:53,253 [Thread-2706] INFO  impl.RoleInfo (RoleInfo.java:updateAndGet(143)) - f67911da-22a7-4cad-9c8f-7bf30371d239: start LeaderElection
2019-09-25 05:49:53,275 [41cc7451-3c22-4fa0-b0d4-151937985196@group-768AAE0996C2-SegmentedRaftLogWorker] INFO  segmented.SegmentedRaftLogWorker (SegmentedRaftLogWorker.java:execute(569)) - 41cc7451-3c22-4fa0-b0d4-151937985196@group-768AAE0996C2-SegmentedRaftLogWorker: created new log segment /workdir/hadoop-ozone/integration-test/target/test-dir/MiniOzoneClusterImpl-3371874c-cdf9-4999-a21e-92d2cda410bc/datanode-2/data/ratis/c869108f-8842-42d1-b1bf-768aae0996c2/current/log_inprogress_0
2019-09-25 05:49:53,284 [fc8c9bb1-dbbf-4b8a-ac9f-72a0e03a2e86@group-0A91AA816D52-SegmentedRaftLogWorker] INFO  segmented.SegmentedRaftLogWorker (SegmentedRaftLogWorker.java:execute(569)) - fc8c9bb1-dbbf-4b8a-ac9f-72a0e03a2e86@group-0A91AA816D52-SegmentedRaftLogWorker: created new log segment /workdir/hadoop-ozone/integration-test/target/test-dir/MiniOzoneClusterImpl-3371874c-cdf9-4999-a21e-92d2cda410bc/datanode-5/data/ratis/05bc5d7f-161e-4027-86ba-0a91aa816d52/current/log_inprogress_0
2019-09-25 05:49:53,284 [44082f05-803b-4c97-a9e5-c320db8eea77@group-4C385BFE0084-SegmentedRaftLogWorker] INFO  segmented.SegmentedRaftLogWorker (SegmentedRaftLogWorker.java:execute(569)) - 44082f05-803b-4c97-a9e5-c320db8eea77@group-4C385BFE0084-SegmentedRaftLogWorker: created new log segment /workdir/hadoop-ozone/integration-test/target/test-dir/MiniOzoneClusterImpl-3371874c-cdf9-4999-a21e-92d2cda410bc/datanode-3/data/ratis/c51d3dbb-e8b0-4a9c-b146-4c385bfe0084/current/log_inprogress_0
2019-09-25 05:49:53,284 [f67911da-22a7-4cad-9c8f-7bf30371d239@group-E65BDBC429D3:LeaderElection198] INFO  impl.LeaderElection (LeaderElection.java:askForVotes(182)) - f67911da-22a7-4cad-9c8f-7bf30371d239@group-E65BDBC429D3:LeaderElection198: begin an election at term 1 for -1: [f67911da-22a7-4cad-9c8f-7bf30371d239:192.168.30.10:40319], old=null
2019-09-25 05:49:53,284 [f67911da-22a7-4cad-9c8f-7bf30371d239@group-E65BDBC429D3:LeaderElection198] INFO  impl.RoleInfo (RoleInfo.java:shutdownLeaderElection(134)) - f67911da-22a7-4cad-9c8f-7bf30371d239: shutdown LeaderElection
2019-09-25 05:49:53,284 [f67911da-22a7-4cad-9c8f-7bf30371d239@group-E65BDBC429D3:LeaderElection198] INFO  impl.RaftServerImpl (RaftServerImpl.java:setRole(174)) - f67911da-22a7-4cad-9c8f-7bf30371d239@group-E65BDBC429D3: changes role from CANDIDATE to LEADER at term 1 for changeToLeader
2019-09-25 05:49:53,284 [f67911da-22a7-4cad-9c8f-7bf30371d239@group-E65BDBC429D3:LeaderElection198] INFO  impl.RaftServerImpl (ServerState.java:setLeader(253)) - f67911da-22a7-4cad-9c8f-7bf30371d239@group-E65BDBC429D3: change Leader from null to f67911da-22a7-4cad-9c8f-7bf30371d239 at term 1 for becomeLeader, leader elected after 5097ms
2019-09-25 05:49:53,285 [f67911da-22a7-4cad-9c8f-7bf30371d239@group-E65BDBC429D3:LeaderElection198] INFO  server.RaftServerConfigKeys (ConfUtils.java:logGet(43)) - raft.server.staging.catchup.gap = 1000 (default)
2019-09-25 05:49:53,285 [f67911da-22a7-4cad-9c8f-7bf30371d239@group-E65BDBC429D3:LeaderElection198] INFO  server.RaftServerConfigKeys (ConfUtils.java:logGet(43)) - raft.server.rpc.sleep.time = 25ms (default)
2019-09-25 05:49:53,285 [f67911da-22a7-4cad-9c8f-7bf30371d239@group-E65BDBC429D3:LeaderElection198] INFO  server.RaftServerConfigKeys (ConfUtils.java:logGet(43)) - raft.server.write.element-limit = 4096 (default)
2019-09-25 05:49:53,285 [f67911da-22a7-4cad-9c8f-7bf30371d239@group-E65BDBC429D3:LeaderElection198] INFO  server.RaftServerConfigKeys (ConfUtils.java:logGet(43)) - raft.server.watch.timeout = 10s (default)
2019-09-25 05:49:53,285 [f67911da-22a7-4cad-9c8f-7bf30371d239@group-E65BDBC429D3:LeaderElection198] INFO  server.RaftServerConfigKeys (ConfUtils.java:logGet(43)) - raft.server.watch.timeout.denomination = 1s (default)
2019-09-25 05:49:53,285 [f67911da-22a7-4cad-9c8f-7bf30371d239@group-E65BDBC429D3:LeaderElection198] INFO  server.RaftServerConfigKeys (ConfUtils.java:logGet(43)) - raft.server.watch.element-limit = 65536 (default)
2019-09-25 05:49:53,286 [f67911da-22a7-4cad-9c8f-7bf30371d239@group-E65BDBC429D3:LeaderElection198] INFO  impl.RoleInfo (RoleInfo.java:updateAndGet(143)) - f67911da-22a7-4cad-9c8f-7bf30371d239: start LeaderState
2019-09-25 05:49:53,286 [f67911da-22a7-4cad-9c8f-7bf30371d239@group-E65BDBC429D3:LeaderElection198] INFO  segmented.SegmentedRaftLogWorker (SegmentedRaftLogWorker.java:startLogSegment(380)) - f67911da-22a7-4cad-9c8f-7bf30371d239@group-E65BDBC429D3-SegmentedRaftLogWorker: Starting segment from index:0
2019-09-25 05:49:53,287 [f67911da-22a7-4cad-9c8f-7bf30371d239@group-E65BDBC429D3:LeaderElection198] INFO  impl.RaftServerImpl (ServerState.java:setRaftConf(354)) - f67911da-22a7-4cad-9c8f-7bf30371d239@group-E65BDBC429D3: set configuration 0: [f67911da-22a7-4cad-9c8f-7bf30371d239:192.168.30.10:40319], old=null at 0
2019-09-25 05:49:53,323 [f67911da-22a7-4cad-9c8f-7bf30371d239@group-E65BDBC429D3-SegmentedRaftLogWorker] INFO  segmented.SegmentedRaftLogWorker (SegmentedRaftLogWorker.java:execute(569)) - f67911da-22a7-4cad-9c8f-7bf30371d239@group-E65BDBC429D3-SegmentedRaftLogWorker: created new log segment /workdir/hadoop-ozone/integration-test/target/test-dir/MiniOzoneClusterImpl-3371874c-cdf9-4999-a21e-92d2cda410bc/datanode-4/data/ratis/fee42824-e832-4965-ae8c-e65bdbc429d3/current/log_inprogress_0
2019-09-25 05:49:53,344 [Thread-2715] INFO  impl.FollowerState (FollowerState.java:run(106)) - 49db5453-e576-4a11-af8d-74d98f8d549c:group-F265B14C1C61 changes to CANDIDATE, lastRpcTime:5022, electionTimeout:5022ms
2019-09-25 05:49:53,344 [Thread-2715] INFO  impl.RoleInfo (RoleInfo.java:shutdownFollowerState(121)) - 49db5453-e576-4a11-af8d-74d98f8d549c: shutdown FollowerState
2019-09-25 05:49:53,344 [Thread-2715] INFO  impl.RaftServerImpl (RaftServerImpl.java:setRole(174)) - 49db5453-e576-4a11-af8d-74d98f8d549c@group-F265B14C1C61: changes role from  FOLLOWER to CANDIDATE at term 0 for changeToCandidate
2019-09-25 05:49:53,344 [Thread-2715] INFO  impl.RoleInfo (RoleInfo.java:updateAndGet(143)) - 49db5453-e576-4a11-af8d-74d98f8d549c: start LeaderElection
2019-09-25 05:49:53,356 [Thread-2712] INFO  impl.FollowerState (FollowerState.java:run(106)) - 41cc7451-3c22-4fa0-b0d4-151937985196:group-BF570B9B47FB changes to CANDIDATE, lastRpcTime:5071, electionTimeout:5071ms
2019-09-25 05:49:53,356 [Thread-2712] INFO  impl.RoleInfo (RoleInfo.java:shutdownFollowerState(121)) - 41cc7451-3c22-4fa0-b0d4-151937985196: shutdown FollowerState
2019-09-25 05:49:53,356 [Thread-2712] INFO  impl.RaftServerImpl (RaftServerImpl.java:setRole(174)) - 41cc7451-3c22-4fa0-b0d4-151937985196@group-BF570B9B47FB: changes role from  FOLLOWER to CANDIDATE at term 0 for changeToCandidate
2019-09-25 05:49:53,357 [Thread-2712] INFO  impl.RoleInfo (RoleInfo.java:updateAndGet(143)) - 41cc7451-3c22-4fa0-b0d4-151937985196: start LeaderElection
2019-09-25 05:49:53,369 [49db5453-e576-4a11-af8d-74d98f8d549c@group-F265B14C1C61:LeaderElection199] INFO  impl.LeaderElection (LeaderElection.java:askForVotes(182)) - 49db5453-e576-4a11-af8d-74d98f8d549c@group-F265B14C1C61:LeaderElection199: begin an election at term 1 for -1: [49db5453-e576-4a11-af8d-74d98f8d549c:192.168.30.10:33957], old=null
2019-09-25 05:49:53,369 [49db5453-e576-4a11-af8d-74d98f8d549c@group-F265B14C1C61:LeaderElection199] INFO  impl.RoleInfo (RoleInfo.java:shutdownLeaderElection(134)) - 49db5453-e576-4a11-af8d-74d98f8d549c: shutdown LeaderElection
2019-09-25 05:49:53,369 [49db5453-e576-4a11-af8d-74d98f8d549c@group-F265B14C1C61:LeaderElection199] INFO  impl.RaftServerImpl (RaftServerImpl.java:setRole(174)) - 49db5453-e576-4a11-af8d-74d98f8d549c@group-F265B14C1C61: changes role from CANDIDATE to LEADER at term 1 for changeToLeader
2019-09-25 05:49:53,369 [49db5453-e576-4a11-af8d-74d98f8d549c@group-F265B14C1C61:LeaderElection199] INFO  impl.RaftServerImpl (ServerState.java:setLeader(253)) - 49db5453-e576-4a11-af8d-74d98f8d549c@group-F265B14C1C61: change Leader from null to 49db5453-e576-4a11-af8d-74d98f8d549c at term 1 for becomeLeader, leader elected after 5052ms
2019-09-25 05:49:53,369 [49db5453-e576-4a11-af8d-74d98f8d549c@group-F265B14C1C61:LeaderElection199] INFO  server.RaftServerConfigKeys (ConfUtils.java:logGet(43)) - raft.server.staging.catchup.gap = 1000 (default)
2019-09-25 05:49:53,369 [49db5453-e576-4a11-af8d-74d98f8d549c@group-F265B14C1C61:LeaderElection199] INFO  server.RaftServerConfigKeys (ConfUtils.java:logGet(43)) - raft.server.rpc.sleep.time = 25ms (default)
2019-09-25 05:49:53,369 [49db5453-e576-4a11-af8d-74d98f8d549c@group-F265B14C1C61:LeaderElection199] INFO  server.RaftServerConfigKeys (ConfUtils.java:logGet(43)) - raft.server.write.element-limit = 4096 (default)
2019-09-25 05:49:53,370 [49db5453-e576-4a11-af8d-74d98f8d549c@group-F265B14C1C61:LeaderElection199] INFO  server.RaftServerConfigKeys (ConfUtils.java:logGet(43)) - raft.server.watch.timeout = 10s (default)
2019-09-25 05:49:53,370 [49db5453-e576-4a11-af8d-74d98f8d549c@group-F265B14C1C61:LeaderElection199] INFO  server.RaftServerConfigKeys (ConfUtils.java:logGet(43)) - raft.server.watch.timeout.denomination = 1s (default)
2019-09-25 05:49:53,370 [49db5453-e576-4a11-af8d-74d98f8d549c@group-F265B14C1C61:LeaderElection199] INFO  server.RaftServerConfigKeys (ConfUtils.java:logGet(43)) - raft.server.watch.element-limit = 65536 (default)
2019-09-25 05:49:53,371 [49db5453-e576-4a11-af8d-74d98f8d549c@group-F265B14C1C61:LeaderElection199] INFO  impl.RoleInfo (RoleInfo.java:updateAndGet(143)) - 49db5453-e576-4a11-af8d-74d98f8d549c: start LeaderState
2019-09-25 05:49:53,371 [49db5453-e576-4a11-af8d-74d98f8d549c@group-F265B14C1C61:LeaderElection199] INFO  segmented.SegmentedRaftLogWorker (SegmentedRaftLogWorker.java:startLogSegment(380)) - 49db5453-e576-4a11-af8d-74d98f8d549c@group-F265B14C1C61-SegmentedRaftLogWorker: Starting segment from index:0
2019-09-25 05:49:53,371 [49db5453-e576-4a11-af8d-74d98f8d549c@group-F265B14C1C61:LeaderElection199] INFO  impl.RaftServerImpl (ServerState.java:setRaftConf(354)) - 49db5453-e576-4a11-af8d-74d98f8d549c@group-F265B14C1C61: set configuration 0: [49db5453-e576-4a11-af8d-74d98f8d549c:192.168.30.10:33957], old=null at 0
2019-09-25 05:49:53,375 [41cc7451-3c22-4fa0-b0d4-151937985196@group-BF570B9B47FB:LeaderElection200] INFO  impl.LeaderElection (LeaderElection.java:askForVotes(182)) - 41cc7451-3c22-4fa0-b0d4-151937985196@group-BF570B9B47FB:LeaderElection200: begin an election at term 1 for -1: [41cc7451-3c22-4fa0-b0d4-151937985196:192.168.30.10:36622], old=null
2019-09-25 05:49:53,375 [41cc7451-3c22-4fa0-b0d4-151937985196@group-BF570B9B47FB:LeaderElection200] INFO  impl.RoleInfo (RoleInfo.java:shutdownLeaderElection(134)) - 41cc7451-3c22-4fa0-b0d4-151937985196: shutdown LeaderElection
2019-09-25 05:49:53,376 [41cc7451-3c22-4fa0-b0d4-151937985196@group-BF570B9B47FB:LeaderElection200] INFO  impl.RaftServerImpl (RaftServerImpl.java:setRole(174)) - 41cc7451-3c22-4fa0-b0d4-151937985196@group-BF570B9B47FB: changes role from CANDIDATE to LEADER at term 1 for changeToLeader
2019-09-25 05:49:53,376 [41cc7451-3c22-4fa0-b0d4-151937985196@group-BF570B9B47FB:LeaderElection200] INFO  impl.RaftServerImpl (ServerState.java:setLeader(253)) - 41cc7451-3c22-4fa0-b0d4-151937985196@group-BF570B9B47FB: change Leader from null to 41cc7451-3c22-4fa0-b0d4-151937985196 at term 1 for becomeLeader, leader elected after 5095ms
2019-09-25 05:49:53,376 [41cc7451-3c22-4fa0-b0d4-151937985196@group-BF570B9B47FB:LeaderElection200] INFO  server.RaftServerConfigKeys (ConfUtils.java:logGet(43)) - raft.server.staging.catchup.gap = 1000 (default)
2019-09-25 05:49:53,376 [41cc7451-3c22-4fa0-b0d4-151937985196@group-BF570B9B47FB:LeaderElection200] INFO  server.RaftServerConfigKeys (ConfUtils.java:logGet(43)) - raft.server.rpc.sleep.time = 25ms (default)
2019-09-25 05:49:53,376 [41cc7451-3c22-4fa0-b0d4-151937985196@group-BF570B9B47FB:LeaderElection200] INFO  server.RaftServerConfigKeys (ConfUtils.java:logGet(43)) - raft.server.write.element-limit = 4096 (default)
2019-09-25 05:49:53,376 [41cc7451-3c22-4fa0-b0d4-151937985196@group-BF570B9B47FB:LeaderElection200] INFO  server.RaftServerConfigKeys (ConfUtils.java:logGet(43)) - raft.server.watch.timeout = 10s (default)
2019-09-25 05:49:53,376 [41cc7451-3c22-4fa0-b0d4-151937985196@group-BF570B9B47FB:LeaderElection200] INFO  server.RaftServerConfigKeys (ConfUtils.java:logGet(43)) - raft.server.watch.timeout.denomination = 1s (default)
2019-09-25 05:49:53,376 [41cc7451-3c22-4fa0-b0d4-151937985196@group-BF570B9B47FB:LeaderElection200] INFO  server.RaftServerConfigKeys (ConfUtils.java:logGet(43)) - raft.server.watch.element-limit = 65536 (default)
2019-09-25 05:49:53,378 [41cc7451-3c22-4fa0-b0d4-151937985196@group-BF570B9B47FB:LeaderElection200] INFO  impl.RoleInfo (RoleInfo.java:updateAndGet(143)) - 41cc7451-3c22-4fa0-b0d4-151937985196: start LeaderState
2019-09-25 05:49:53,378 [41cc7451-3c22-4fa0-b0d4-151937985196@group-BF570B9B47FB:LeaderElection200] INFO  segmented.SegmentedRaftLogWorker (SegmentedRaftLogWorker.java:startLogSegment(380)) - 41cc7451-3c22-4fa0-b0d4-151937985196@group-BF570B9B47FB-SegmentedRaftLogWorker: Starting segment from index:0
2019-09-25 05:49:53,378 [41cc7451-3c22-4fa0-b0d4-151937985196@group-BF570B9B47FB:LeaderElection200] INFO  impl.RaftServerImpl (ServerState.java:setRaftConf(354)) - 41cc7451-3c22-4fa0-b0d4-151937985196@group-BF570B9B47FB: set configuration 0: [41cc7451-3c22-4fa0-b0d4-151937985196:192.168.30.10:36622], old=null at 0
2019-09-25 05:49:54,052 [Thread-2757] INFO  impl.FollowerState (FollowerState.java:run(106)) - fc8c9bb1-dbbf-4b8a-ac9f-72a0e03a2e86:group-6E3A4AFEF583 changes to CANDIDATE, lastRpcTime:5192, electionTimeout:5146ms
2019-09-25 05:49:54,059 [Thread-2742] WARN  util.JavaUtils (JavaUtils.java:sleep(250)) - Unexpected long sleep: sleep(5051ms) actually took 5396ms which is over the threshold 300ms
2019-09-25 05:49:54,059 [Thread-2757] INFO  impl.RoleInfo (RoleInfo.java:shutdownFollowerState(121)) - fc8c9bb1-dbbf-4b8a-ac9f-72a0e03a2e86: shutdown FollowerState
2019-09-25 05:49:54,059 [Thread-2754] INFO  impl.FollowerState (FollowerState.java:run(106)) - f67911da-22a7-4cad-9c8f-7bf30371d239:group-02FA90CFDB48 changes to CANDIDATE, lastRpcTime:5237, electionTimeout:5010ms
2019-09-25 05:49:54,059 [Thread-2733] WARN  util.JavaUtils (JavaUtils.java:sleep(250)) - Unexpected long sleep: sleep(5149ms) actually took 5506ms which is over the threshold 300ms
2019-09-25 05:49:54,059 [Thread-2763] INFO  impl.FollowerState (FollowerState.java:run(106)) - 99091fd2-8328-4de4-84f5-e3b7c3f0dc1c:group-852E69800A7A changes to CANDIDATE, lastRpcTime:5114, electionTimeout:5109ms
2019-09-25 05:49:54,058 [Thread-2745] INFO  impl.FollowerState (FollowerState.java:run(106)) - f67911da-22a7-4cad-9c8f-7bf30371d239:group-7696DA2110F9 changes to CANDIDATE, lastRpcTime:5361, electionTimeout:5164ms
2019-09-25 05:49:54,058 [Thread-2748] INFO  impl.FollowerState (FollowerState.java:run(106)) - f67911da-22a7-4cad-9c8f-7bf30371d239:group-332F75AE8AD0 changes to CANDIDATE, lastRpcTime:5323, electionTimeout:5151ms
2019-09-25 05:49:54,054 [Thread-2739] INFO  impl.FollowerState (FollowerState.java:run(106)) - 44082f05-803b-4c97-a9e5-c320db8eea77:group-25B1B080A31C changes to CANDIDATE, lastRpcTime:5433, electionTimeout:5165ms
2019-09-25 05:49:54,052 [Thread-2760] INFO  impl.FollowerState (FollowerState.java:run(106)) - fc8c9bb1-dbbf-4b8a-ac9f-72a0e03a2e86:group-A961437975CB changes to CANDIDATE, lastRpcTime:5154, electionTimeout:5081ms
2019-09-25 05:49:54,093 [Thread-2739] INFO  impl.RoleInfo (RoleInfo.java:shutdownFollowerState(121)) - 44082f05-803b-4c97-a9e5-c320db8eea77: shutdown FollowerState
2019-09-25 05:49:54,088 [Thread-2748] INFO  impl.RoleInfo (RoleInfo.java:shutdownFollowerState(121)) - f67911da-22a7-4cad-9c8f-7bf30371d239: shutdown FollowerState
2019-09-25 05:49:54,082 [Thread-2745] INFO  impl.RoleInfo (RoleInfo.java:shutdownFollowerState(121)) - f67911da-22a7-4cad-9c8f-7bf30371d239: shutdown FollowerState
2019-09-25 05:49:54,098 [Thread-2745] INFO  impl.RaftServerImpl (RaftServerImpl.java:setRole(174)) - f67911da-22a7-4cad-9c8f-7bf30371d239@group-7696DA2110F9: changes role from  FOLLOWER to CANDIDATE at term 0 for changeToCandidate
2019-09-25 05:49:54,077 [49db5453-e576-4a11-af8d-74d98f8d549c@group-F265B14C1C61-SegmentedRaftLogWorker] INFO  segmented.SegmentedRaftLogWorker (SegmentedRaftLogWorker.java:execute(569)) - 49db5453-e576-4a11-af8d-74d98f8d549c@group-F265B14C1C61-SegmentedRaftLogWorker: created new log segment /workdir/hadoop-ozone/integration-test/target/test-dir/MiniOzoneClusterImpl-3371874c-cdf9-4999-a21e-92d2cda410bc/datanode-1/data/ratis/1bfd4703-d624-48e0-9a9a-f265b14c1c61/current/log_inprogress_0
2019-09-25 05:49:54,077 [Thread-2763] INFO  impl.RoleInfo (RoleInfo.java:shutdownFollowerState(121)) - 99091fd2-8328-4de4-84f5-e3b7c3f0dc1c: shutdown FollowerState
2019-09-25 05:49:54,099 [Thread-2763] INFO  impl.RaftServerImpl (RaftServerImpl.java:setRole(174)) - 99091fd2-8328-4de4-84f5-e3b7c3f0dc1c@group-852E69800A7A: changes role from  FOLLOWER to CANDIDATE at term 0 for changeToCandidate
2019-09-25 05:49:54,065 [Thread-2754] INFO  impl.RoleInfo (RoleInfo.java:shutdownFollowerState(121)) - f67911da-22a7-4cad-9c8f-7bf30371d239: shutdown FollowerState
2019-09-25 05:49:54,099 [Thread-2754] INFO  impl.RaftServerImpl (RaftServerImpl.java:setRole(174)) - f67911da-22a7-4cad-9c8f-7bf30371d239@group-02FA90CFDB48: changes role from  FOLLOWER to CANDIDATE at term 0 for changeToCandidate
2019-09-25 05:49:54,065 [Thread-2721] WARN  util.JavaUtils (JavaUtils.java:sleep(250)) - Unexpected long sleep: sleep(5148ms) actually took 5664ms which is over the threshold 300ms
2019-09-25 05:49:54,099 [Thread-2754] INFO  impl.RoleInfo (RoleInfo.java:updateAndGet(143)) - f67911da-22a7-4cad-9c8f-7bf30371d239: start LeaderElection
2019-09-25 05:49:54,065 [Thread-2727] WARN  util.JavaUtils (JavaUtils.java:sleep(250)) - Unexpected long sleep: sleep(5097ms) actually took 5590ms which is over the threshold 300ms
2019-09-25 05:49:54,065 [Thread-2724] WARN  util.JavaUtils (JavaUtils.java:sleep(250)) - Unexpected long sleep: sleep(5159ms) actually took 5626ms which is over the threshold 300ms
2019-09-25 05:49:54,065 [Thread-2730] WARN  util.JavaUtils (JavaUtils.java:sleep(250)) - Unexpected long sleep: sleep(5108ms) actually took 5549ms which is over the threshold 300ms
2019-09-25 05:49:54,065 [Thread-2718] WARN  util.JavaUtils (JavaUtils.java:sleep(250)) - Unexpected long sleep: sleep(5068ms) actually took 5704ms which is over the threshold 300ms
2019-09-25 05:49:54,065 [Thread-2751] INFO  impl.FollowerState (FollowerState.java:run(106)) - fc8c9bb1-dbbf-4b8a-ac9f-72a0e03a2e86:group-706262A22F1F changes to CANDIDATE, lastRpcTime:5276, electionTimeout:5074ms
2019-09-25 05:49:54,065 [Thread-2736] WARN  util.JavaUtils (JavaUtils.java:sleep(250)) - Unexpected long sleep: sleep(5011ms) actually took 5469ms which is over the threshold 300ms
2019-09-25 05:49:54,065 [Thread-2709] WARN  util.JavaUtils (JavaUtils.java:sleep(250)) - Unexpected long sleep: sleep(5186ms) actually took 5832ms which is over the threshold 300ms
2019-09-25 05:49:54,059 [Thread-2757] INFO  impl.RaftServerImpl (RaftServerImpl.java:setRole(174)) - fc8c9bb1-dbbf-4b8a-ac9f-72a0e03a2e86@group-6E3A4AFEF583: changes role from  FOLLOWER to CANDIDATE at term 0 for changeToCandidate
2019-09-25 05:49:54,100 [Thread-2751] INFO  impl.RoleInfo (RoleInfo.java:shutdownFollowerState(121)) - fc8c9bb1-dbbf-4b8a-ac9f-72a0e03a2e86: shutdown FollowerState
2019-09-25 05:49:54,099 [Thread-2763] INFO  impl.RoleInfo (RoleInfo.java:updateAndGet(143)) - 99091fd2-8328-4de4-84f5-e3b7c3f0dc1c: start LeaderElection
2019-09-25 05:49:54,099 [Thread-2745] INFO  impl.RoleInfo (RoleInfo.java:updateAndGet(143)) - f67911da-22a7-4cad-9c8f-7bf30371d239: start LeaderElection
2019-09-25 05:49:54,098 [Thread-2748] INFO  impl.RaftServerImpl (RaftServerImpl.java:setRole(174)) - f67911da-22a7-4cad-9c8f-7bf30371d239@group-332F75AE8AD0: changes role from  FOLLOWER to CANDIDATE at term 0 for changeToCandidate
2019-09-25 05:49:54,098 [Thread-2739] INFO  impl.RaftServerImpl (RaftServerImpl.java:setRole(174)) - 44082f05-803b-4c97-a9e5-c320db8eea77@group-25B1B080A31C: changes role from  FOLLOWER to CANDIDATE at term 0 for changeToCandidate
2019-09-25 05:49:54,098 [Thread-2760] INFO  impl.RoleInfo (RoleInfo.java:shutdownFollowerState(121)) - fc8c9bb1-dbbf-4b8a-ac9f-72a0e03a2e86: shutdown FollowerState
2019-09-25 05:49:54,101 [Thread-2751] INFO  impl.RaftServerImpl (RaftServerImpl.java:setRole(174)) - fc8c9bb1-dbbf-4b8a-ac9f-72a0e03a2e86@group-706262A22F1F: changes role from  FOLLOWER to CANDIDATE at term 0 for changeToCandidate
2019-09-25 05:49:54,101 [Thread-2757] INFO  impl.RoleInfo (RoleInfo.java:updateAndGet(143)) - fc8c9bb1-dbbf-4b8a-ac9f-72a0e03a2e86: start LeaderElection
2019-09-25 05:49:54,101 [Thread-2760] INFO  impl.RaftServerImpl (RaftServerImpl.java:setRole(174)) - fc8c9bb1-dbbf-4b8a-ac9f-72a0e03a2e86@group-A961437975CB: changes role from  FOLLOWER to CANDIDATE at term 0 for changeToCandidate
2019-09-25 05:49:54,106 [Thread-2760] INFO  impl.RoleInfo (RoleInfo.java:updateAndGet(143)) - fc8c9bb1-dbbf-4b8a-ac9f-72a0e03a2e86: start LeaderElection
2019-09-25 05:49:54,109 [Thread-2751] INFO  impl.RoleInfo (RoleInfo.java:updateAndGet(143)) - fc8c9bb1-dbbf-4b8a-ac9f-72a0e03a2e86: start LeaderElection
2019-09-25 05:49:54,109 [Thread-2748] INFO  impl.RoleInfo (RoleInfo.java:updateAndGet(143)) - f67911da-22a7-4cad-9c8f-7bf30371d239: start LeaderElection
2019-09-25 05:49:54,109 [Thread-2739] INFO  impl.RoleInfo (RoleInfo.java:updateAndGet(143)) - 44082f05-803b-4c97-a9e5-c320db8eea77: start LeaderElection
2019-09-25 05:49:54,155 [f67911da-22a7-4cad-9c8f-7bf30371d239@group-02FA90CFDB48:LeaderElection203] INFO  impl.LeaderElection (LeaderElection.java:askForVotes(182)) - f67911da-22a7-4cad-9c8f-7bf30371d239@group-02FA90CFDB48:LeaderElection203: begin an election at term 1 for -1: [f67911da-22a7-4cad-9c8f-7bf30371d239:192.168.30.10:40319], old=null
2019-09-25 05:49:54,155 [f67911da-22a7-4cad-9c8f-7bf30371d239@group-02FA90CFDB48:LeaderElection203] INFO  impl.RoleInfo (RoleInfo.java:shutdownLeaderElection(134)) - f67911da-22a7-4cad-9c8f-7bf30371d239: shutdown LeaderElection
2019-09-25 05:49:54,155 [f67911da-22a7-4cad-9c8f-7bf30371d239@group-02FA90CFDB48:LeaderElection203] INFO  impl.RaftServerImpl (RaftServerImpl.java:setRole(174)) - f67911da-22a7-4cad-9c8f-7bf30371d239@group-02FA90CFDB48: changes role from CANDIDATE to LEADER at term 1 for changeToLeader
2019-09-25 05:49:54,155 [f67911da-22a7-4cad-9c8f-7bf30371d239@group-02FA90CFDB48:LeaderElection203] INFO  impl.RaftServerImpl (ServerState.java:setLeader(253)) - f67911da-22a7-4cad-9c8f-7bf30371d239@group-02FA90CFDB48: change Leader from null to f67911da-22a7-4cad-9c8f-7bf30371d239 at term 1 for becomeLeader, leader elected after 5339ms
2019-09-25 05:49:54,155 [f67911da-22a7-4cad-9c8f-7bf30371d239@group-02FA90CFDB48:LeaderElection203] INFO  server.RaftServerConfigKeys (ConfUtils.java:logGet(43)) - raft.server.staging.catchup.gap = 1000 (default)
2019-09-25 05:49:54,155 [f67911da-22a7-4cad-9c8f-7bf30371d239@group-02FA90CFDB48:LeaderElection203] INFO  server.RaftServerConfigKeys (ConfUtils.java:logGet(43)) - raft.server.rpc.sleep.time = 25ms (default)
2019-09-25 05:49:54,156 [f67911da-22a7-4cad-9c8f-7bf30371d239@group-02FA90CFDB48:LeaderElection203] INFO  server.RaftServerConfigKeys (ConfUtils.java:logGet(43)) - raft.server.write.element-limit = 4096 (default)
2019-09-25 05:49:54,156 [f67911da-22a7-4cad-9c8f-7bf30371d239@group-02FA90CFDB48:LeaderElection203] INFO  server.RaftServerConfigKeys (ConfUtils.java:logGet(43)) - raft.server.watch.timeout = 10s (default)
2019-09-25 05:49:54,156 [f67911da-22a7-4cad-9c8f-7bf30371d239@group-02FA90CFDB48:LeaderElection203] INFO  server.RaftServerConfigKeys (ConfUtils.java:logGet(43)) - raft.server.watch.timeout.denomination = 1s (default)
2019-09-25 05:49:54,156 [f67911da-22a7-4cad-9c8f-7bf30371d239@group-02FA90CFDB48:LeaderElection203] INFO  server.RaftServerConfigKeys (ConfUtils.java:logGet(43)) - raft.server.watch.element-limit = 65536 (default)
2019-09-25 05:49:54,159 [Thread-2772] INFO  impl.FollowerState (FollowerState.java:run(106)) - 99091fd2-8328-4de4-84f5-e3b7c3f0dc1c:group-0F761C49026C changes to CANDIDATE, lastRpcTime:5071, electionTimeout:5071ms
2019-09-25 05:49:54,159 [Thread-2772] INFO  impl.RoleInfo (RoleInfo.java:shutdownFollowerState(121)) - 99091fd2-8328-4de4-84f5-e3b7c3f0dc1c: shutdown FollowerState
2019-09-25 05:49:54,159 [Thread-2772] INFO  impl.RaftServerImpl (RaftServerImpl.java:setRole(174)) - 99091fd2-8328-4de4-84f5-e3b7c3f0dc1c@group-0F761C49026C: changes role from  FOLLOWER to CANDIDATE at term 0 for changeToCandidate
2019-09-25 05:49:54,163 [Thread-2772] INFO  impl.RoleInfo (RoleInfo.java:updateAndGet(143)) - 99091fd2-8328-4de4-84f5-e3b7c3f0dc1c: start LeaderElection
2019-09-25 05:49:54,164 [f67911da-22a7-4cad-9c8f-7bf30371d239@group-02FA90CFDB48:LeaderElection203] INFO  impl.RoleInfo (RoleInfo.java:updateAndGet(143)) - f67911da-22a7-4cad-9c8f-7bf30371d239: start LeaderState
2019-09-25 05:49:54,164 [f67911da-22a7-4cad-9c8f-7bf30371d239@group-02FA90CFDB48:LeaderElection203] INFO  segmented.SegmentedRaftLogWorker (SegmentedRaftLogWorker.java:startLogSegment(380)) - f67911da-22a7-4cad-9c8f-7bf30371d239@group-02FA90CFDB48-SegmentedRaftLogWorker: Starting segment from index:0
2019-09-25 05:49:54,165 [Thread-2769] INFO  impl.FollowerState (FollowerState.java:run(106)) - 99091fd2-8328-4de4-84f5-e3b7c3f0dc1c:group-D63EF6A7F363 changes to CANDIDATE, lastRpcTime:5115, electionTimeout:5115ms
2019-09-25 05:49:54,167 [Thread-2769] INFO  impl.RoleInfo (RoleInfo.java:shutdownFollowerState(121)) - 99091fd2-8328-4de4-84f5-e3b7c3f0dc1c: shutdown FollowerState
2019-09-25 05:49:54,168 [Thread-2769] INFO  impl.RaftServerImpl (RaftServerImpl.java:setRole(174)) - 99091fd2-8328-4de4-84f5-e3b7c3f0dc1c@group-D63EF6A7F363: changes role from  FOLLOWER to CANDIDATE at term 0 for changeToCandidate
2019-09-25 05:49:54,172 [Thread-2769] INFO  impl.RoleInfo (RoleInfo.java:updateAndGet(143)) - 99091fd2-8328-4de4-84f5-e3b7c3f0dc1c: start LeaderElection
2019-09-25 05:49:54,172 [f67911da-22a7-4cad-9c8f-7bf30371d239@group-02FA90CFDB48:LeaderElection203] INFO  impl.RaftServerImpl (ServerState.java:setRaftConf(354)) - f67911da-22a7-4cad-9c8f-7bf30371d239@group-02FA90CFDB48: set configuration 0: [f67911da-22a7-4cad-9c8f-7bf30371d239:192.168.30.10:40319], old=null at 0
2019-09-25 05:49:54,176 [Thread-2766] INFO  impl.FollowerState (FollowerState.java:run(106)) - 99091fd2-8328-4de4-84f5-e3b7c3f0dc1c:group-C8651E700010 changes to CANDIDATE, lastRpcTime:5165, electionTimeout:5165ms
2019-09-25 05:49:54,180 [Thread-2778] INFO  impl.FollowerState (FollowerState.java:run(106)) - 99091fd2-8328-4de4-84f5-e3b7c3f0dc1c:group-E5F5CCF87DCA changes to CANDIDATE, lastRpcTime:5020, electionTimeout:5020ms
2019-09-25 05:49:54,180 [99091fd2-8328-4de4-84f5-e3b7c3f0dc1c@group-852E69800A7A:LeaderElection202] INFO  impl.LeaderElection (LeaderElection.java:askForVotes(182)) - 99091fd2-8328-4de4-84f5-e3b7c3f0dc1c@group-852E69800A7A:LeaderElection202: begin an election at term 1 for -1: [99091fd2-8328-4de4-84f5-e3b7c3f0dc1c:192.168.30.10:42474], old=null
2019-09-25 05:49:54,180 [Thread-2766] INFO  impl.RoleInfo (RoleInfo.java:shutdownFollowerState(121)) - 99091fd2-8328-4de4-84f5-e3b7c3f0dc1c: shutdown FollowerState
2019-09-25 05:49:54,181 [99091fd2-8328-4de4-84f5-e3b7c3f0dc1c@group-852E69800A7A:LeaderElection202] INFO  impl.RoleInfo (RoleInfo.java:shutdownLeaderElection(134)) - 99091fd2-8328-4de4-84f5-e3b7c3f0dc1c: shutdown LeaderElection
2019-09-25 05:49:54,181 [Thread-2778] INFO  impl.RoleInfo (RoleInfo.java:shutdownFollowerState(121)) - 99091fd2-8328-4de4-84f5-e3b7c3f0dc1c: shutdown FollowerState
2019-09-25 05:49:54,180 [44082f05-803b-4c97-a9e5-c320db8eea77@group-25B1B080A31C:LeaderElection206] INFO  impl.LeaderElection (LeaderElection.java:askForVotes(182)) - 44082f05-803b-4c97-a9e5-c320db8eea77@group-25B1B080A31C:LeaderElection206: begin an election at term 1 for -1: [44082f05-803b-4c97-a9e5-c320db8eea77:192.168.30.10:44033], old=null
2019-09-25 05:49:54,181 [Thread-2778] INFO  impl.RaftServerImpl (RaftServerImpl.java:setRole(174)) - 99091fd2-8328-4de4-84f5-e3b7c3f0dc1c@group-E5F5CCF87DCA: changes role from  FOLLOWER to CANDIDATE at term 0 for changeToCandidate
2019-09-25 05:49:54,181 [99091fd2-8328-4de4-84f5-e3b7c3f0dc1c@group-852E69800A7A:LeaderElection202] INFO  impl.RaftServerImpl (RaftServerImpl.java:setRole(174)) - 99091fd2-8328-4de4-84f5-e3b7c3f0dc1c@group-852E69800A7A: changes role from CANDIDATE to LEADER at term 1 for changeToLeader
2019-09-25 05:49:54,181 [Thread-2766] INFO  impl.RaftServerImpl (RaftServerImpl.java:setRole(174)) - 99091fd2-8328-4de4-84f5-e3b7c3f0dc1c@group-C8651E700010: changes role from  FOLLOWER to CANDIDATE at term 0 for changeToCandidate
2019-09-25 05:49:54,181 [99091fd2-8328-4de4-84f5-e3b7c3f0dc1c@group-852E69800A7A:LeaderElection202] INFO  impl.RaftServerImpl (ServerState.java:setLeader(253)) - 99091fd2-8328-4de4-84f5-e3b7c3f0dc1c@group-852E69800A7A: change Leader from null to 99091fd2-8328-4de4-84f5-e3b7c3f0dc1c at term 1 for becomeLeader, leader elected after 5244ms
2019-09-25 05:49:54,181 [Thread-2778] INFO  impl.RoleInfo (RoleInfo.java:updateAndGet(143)) - 99091fd2-8328-4de4-84f5-e3b7c3f0dc1c: start LeaderElection
2019-09-25 05:49:54,181 [44082f05-803b-4c97-a9e5-c320db8eea77@group-25B1B080A31C:LeaderElection206] INFO  impl.RoleInfo (RoleInfo.java:shutdownLeaderElection(134)) - 44082f05-803b-4c97-a9e5-c320db8eea77: shutdown LeaderElection
2019-09-25 05:49:54,181 [99091fd2-8328-4de4-84f5-e3b7c3f0dc1c@group-852E69800A7A:LeaderElection202] INFO  server.RaftServerConfigKeys (ConfUtils.java:logGet(43)) - raft.server.staging.catchup.gap = 1000 (default)
2019-09-25 05:49:54,181 [Thread-2766] INFO  impl.RoleInfo (RoleInfo.java:updateAndGet(143)) - 99091fd2-8328-4de4-84f5-e3b7c3f0dc1c: start LeaderElection
2019-09-25 05:49:54,181 [99091fd2-8328-4de4-84f5-e3b7c3f0dc1c@group-852E69800A7A:LeaderElection202] INFO  server.RaftServerConfigKeys (ConfUtils.java:logGet(43)) - raft.server.rpc.sleep.time = 25ms (default)
2019-09-25 05:49:54,181 [44082f05-803b-4c97-a9e5-c320db8eea77@group-25B1B080A31C:LeaderElection206] INFO  impl.RaftServerImpl (RaftServerImpl.java:setRole(174)) - 44082f05-803b-4c97-a9e5-c320db8eea77@group-25B1B080A31C: changes role from CANDIDATE to LEADER at term 1 for changeToLeader
2019-09-25 05:49:54,182 [44082f05-803b-4c97-a9e5-c320db8eea77@group-25B1B080A31C:LeaderElection206] INFO  impl.RaftServerImpl (ServerState.java:setLeader(253)) - 44082f05-803b-4c97-a9e5-c320db8eea77@group-25B1B080A31C: change Leader from null to 44082f05-803b-4c97-a9e5-c320db8eea77 at term 1 for becomeLeader, leader elected after 5565ms
2019-09-25 05:49:54,182 [44082f05-803b-4c97-a9e5-c320db8eea77@group-25B1B080A31C:LeaderElection206] INFO  server.RaftServerConfigKeys (ConfUtils.java:logGet(43)) - raft.server.staging.catchup.gap = 1000 (default)
2019-09-25 05:49:54,182 [44082f05-803b-4c97-a9e5-c320db8eea77@group-25B1B080A31C:LeaderElection206] INFO  server.RaftServerConfigKeys (ConfUtils.java:logGet(43)) - raft.server.rpc.sleep.time = 25ms (default)
2019-09-25 05:49:54,183 [fc8c9bb1-dbbf-4b8a-ac9f-72a0e03a2e86@group-706262A22F1F:LeaderElection207] INFO  impl.LeaderElection (LeaderElection.java:askForVotes(182)) - fc8c9bb1-dbbf-4b8a-ac9f-72a0e03a2e86@group-706262A22F1F:LeaderElection207: begin an election at term 1 for -1: [fc8c9bb1-dbbf-4b8a-ac9f-72a0e03a2e86:192.168.30.10:41113], old=null
2019-09-25 05:49:54,183 [fc8c9bb1-dbbf-4b8a-ac9f-72a0e03a2e86@group-706262A22F1F:LeaderElection207] INFO  impl.RoleInfo (RoleInfo.java:shutdownLeaderElection(134)) - fc8c9bb1-dbbf-4b8a-ac9f-72a0e03a2e86: shutdown LeaderElection
2019-09-25 05:49:54,183 [fc8c9bb1-dbbf-4b8a-ac9f-72a0e03a2e86@group-706262A22F1F:LeaderElection207] INFO  impl.RaftServerImpl (RaftServerImpl.java:setRole(174)) - fc8c9bb1-dbbf-4b8a-ac9f-72a0e03a2e86@group-706262A22F1F: changes role from CANDIDATE to LEADER at term 1 for changeToLeader
2019-09-25 05:49:54,183 [fc8c9bb1-dbbf-4b8a-ac9f-72a0e03a2e86@group-706262A22F1F:LeaderElection207] INFO  impl.RaftServerImpl (ServerState.java:setLeader(253)) - fc8c9bb1-dbbf-4b8a-ac9f-72a0e03a2e86@group-706262A22F1F: change Leader from null to fc8c9bb1-dbbf-4b8a-ac9f-72a0e03a2e86 at term 1 for becomeLeader, leader elected after 5406ms
2019-09-25 05:49:54,183 [fc8c9bb1-dbbf-4b8a-ac9f-72a0e03a2e86@group-706262A22F1F:LeaderElection207] INFO  server.RaftServerConfigKeys (ConfUtils.java:logGet(43)) - raft.server.staging.catchup.gap = 1000 (default)
2019-09-25 05:49:54,183 [fc8c9bb1-dbbf-4b8a-ac9f-72a0e03a2e86@group-706262A22F1F:LeaderElection207] INFO  server.RaftServerConfigKeys (ConfUtils.java:logGet(43)) - raft.server.rpc.sleep.time = 25ms (default)
2019-09-25 05:49:54,190 [fc8c9bb1-dbbf-4b8a-ac9f-72a0e03a2e86@group-706262A22F1F:LeaderElection207] INFO  server.RaftServerConfigKeys (ConfUtils.java:logGet(43)) - raft.server.write.element-limit = 4096 (default)
2019-09-25 05:49:54,190 [99091fd2-8328-4de4-84f5-e3b7c3f0dc1c@group-852E69800A7A:LeaderElection202] INFO  server.RaftServerConfigKeys (ConfUtils.java:logGet(43)) - raft.server.write.element-limit = 4096 (default)
2019-09-25 05:49:54,190 [44082f05-803b-4c97-a9e5-c320db8eea77@group-25B1B080A31C:LeaderElection206] INFO  server.RaftServerConfigKeys (ConfUtils.java:logGet(43)) - raft.server.write.element-limit = 4096 (default)
2019-09-25 05:49:54,190 [99091fd2-8328-4de4-84f5-e3b7c3f0dc1c@group-852E69800A7A:LeaderElection202] INFO  server.RaftServerConfigKeys (ConfUtils.java:logGet(43)) - raft.server.watch.timeout = 10s (default)
2019-09-25 05:49:54,190 [fc8c9bb1-dbbf-4b8a-ac9f-72a0e03a2e86@group-706262A22F1F:LeaderElection207] INFO  server.RaftServerConfigKeys (ConfUtils.java:logGet(43)) - raft.server.watch.timeout = 10s (default)
2019-09-25 05:49:54,190 [99091fd2-8328-4de4-84f5-e3b7c3f0dc1c@group-852E69800A7A:LeaderElection202] INFO  server.RaftServerConfigKeys (ConfUtils.java:logGet(43)) - raft.server.watch.timeout.denomination = 1s (default)
2019-09-25 05:49:54,190 [44082f05-803b-4c97-a9e5-c320db8eea77@group-25B1B080A31C:LeaderElection206] INFO  server.RaftServerConfigKeys (ConfUtils.java:logGet(43)) - raft.server.watch.timeout = 10s (default)
2019-09-25 05:49:54,190 [99091fd2-8328-4de4-84f5-e3b7c3f0dc1c@group-852E69800A7A:LeaderElection202] INFO  server.RaftServerConfigKeys (ConfUtils.java:logGet(43)) - raft.server.watch.element-limit = 65536 (default)
2019-09-25 05:49:54,190 [fc8c9bb1-dbbf-4b8a-ac9f-72a0e03a2e86@group-706262A22F1F:LeaderElection207] INFO  server.RaftServerConfigKeys (ConfUtils.java:logGet(43)) - raft.server.watch.timeout.denomination = 1s (default)
2019-09-25 05:49:54,190 [44082f05-803b-4c97-a9e5-c320db8eea77@group-25B1B080A31C:LeaderElection206] INFO  server.RaftServerConfigKeys (ConfUtils.java:logGet(43)) - raft.server.watch.timeout.denomination = 1s (default)
2019-09-25 05:49:54,191 [fc8c9bb1-dbbf-4b8a-ac9f-72a0e03a2e86@group-706262A22F1F:LeaderElection207] INFO  server.RaftServerConfigKeys (ConfUtils.java:logGet(43)) - raft.server.watch.element-limit = 65536 (default)
2019-09-25 05:49:54,191 [44082f05-803b-4c97-a9e5-c320db8eea77@group-25B1B080A31C:LeaderElection206] INFO  server.RaftServerConfigKeys (ConfUtils.java:logGet(43)) - raft.server.watch.element-limit = 65536 (default)
2019-09-25 05:49:54,197 [f67911da-22a7-4cad-9c8f-7bf30371d239@group-332F75AE8AD0:LeaderElection205] INFO  impl.LeaderElection (LeaderElection.java:askForVotes(182)) - f67911da-22a7-4cad-9c8f-7bf30371d239@group-332F75AE8AD0:LeaderElection205: begin an election at term 1 for -1: [f67911da-22a7-4cad-9c8f-7bf30371d239:192.168.30.10:40319], old=null
2019-09-25 05:49:54,197 [fc8c9bb1-dbbf-4b8a-ac9f-72a0e03a2e86@group-6E3A4AFEF583:LeaderElection204] INFO  impl.LeaderElection (LeaderElection.java:askForVotes(182)) - fc8c9bb1-dbbf-4b8a-ac9f-72a0e03a2e86@group-6E3A4AFEF583:LeaderElection204: begin an election at term 1 for -1: [fc8c9bb1-dbbf-4b8a-ac9f-72a0e03a2e86:192.168.30.10:41113], old=null
2019-09-25 05:49:54,197 [fc8c9bb1-dbbf-4b8a-ac9f-72a0e03a2e86@group-A961437975CB:LeaderElection208] INFO  impl.LeaderElection (LeaderElection.java:askForVotes(182)) - fc8c9bb1-dbbf-4b8a-ac9f-72a0e03a2e86@group-A961437975CB:LeaderElection208: begin an election at term 1 for -1: [fc8c9bb1-dbbf-4b8a-ac9f-72a0e03a2e86:192.168.30.10:41113], old=null
2019-09-25 05:49:54,197 [fc8c9bb1-dbbf-4b8a-ac9f-72a0e03a2e86@group-6E3A4AFEF583:LeaderElection204] INFO  impl.RoleInfo (RoleInfo.java:shutdownLeaderElection(134)) - fc8c9bb1-dbbf-4b8a-ac9f-72a0e03a2e86: shutdown LeaderElection
2019-09-25 05:49:54,197 [f67911da-22a7-4cad-9c8f-7bf30371d239@group-7696DA2110F9:LeaderElection201] INFO  impl.LeaderElection (LeaderElection.java:askForVotes(182)) - f67911da-22a7-4cad-9c8f-7bf30371d239@group-7696DA2110F9:LeaderElection201: begin an election at term 1 for -1: [f67911da-22a7-4cad-9c8f-7bf30371d239:192.168.30.10:40319], old=null
2019-09-25 05:49:54,197 [f67911da-22a7-4cad-9c8f-7bf30371d239@group-332F75AE8AD0:LeaderElection205] INFO  impl.RoleInfo (RoleInfo.java:shutdownLeaderElection(134)) - f67911da-22a7-4cad-9c8f-7bf30371d239: shutdown LeaderElection
2019-09-25 05:49:54,198 [f67911da-22a7-4cad-9c8f-7bf30371d239@group-7696DA2110F9:LeaderElection201] INFO  impl.RoleInfo (RoleInfo.java:shutdownLeaderElection(134)) - f67911da-22a7-4cad-9c8f-7bf30371d239: shutdown LeaderElection
2019-09-25 05:49:54,198 [fc8c9bb1-dbbf-4b8a-ac9f-72a0e03a2e86@group-6E3A4AFEF583:LeaderElection204] INFO  impl.RaftServerImpl (RaftServerImpl.java:setRole(174)) - fc8c9bb1-dbbf-4b8a-ac9f-72a0e03a2e86@group-6E3A4AFEF583: changes role from CANDIDATE to LEADER at term 1 for changeToLeader
2019-09-25 05:49:54,197 [fc8c9bb1-dbbf-4b8a-ac9f-72a0e03a2e86@group-A961437975CB:LeaderElection208] INFO  impl.RoleInfo (RoleInfo.java:shutdownLeaderElection(134)) - fc8c9bb1-dbbf-4b8a-ac9f-72a0e03a2e86: shutdown LeaderElection
2019-09-25 05:49:54,198 [fc8c9bb1-dbbf-4b8a-ac9f-72a0e03a2e86@group-6E3A4AFEF583:LeaderElection204] INFO  impl.RaftServerImpl (ServerState.java:setLeader(253)) - fc8c9bb1-dbbf-4b8a-ac9f-72a0e03a2e86@group-6E3A4AFEF583: change Leader from null to fc8c9bb1-dbbf-4b8a-ac9f-72a0e03a2e86 at term 1 for becomeLeader, leader elected after 5342ms
2019-09-25 05:49:54,198 [f67911da-22a7-4cad-9c8f-7bf30371d239@group-7696DA2110F9:LeaderElection201] INFO  impl.RaftServerImpl (RaftServerImpl.java:setRole(174)) - f67911da-22a7-4cad-9c8f-7bf30371d239@group-7696DA2110F9: changes role from CANDIDATE to LEADER at term 1 for changeToLeader
2019-09-25 05:49:54,198 [f67911da-22a7-4cad-9c8f-7bf30371d239@group-332F75AE8AD0:LeaderElection205] INFO  impl.RaftServerImpl (RaftServerImpl.java:setRole(174)) - f67911da-22a7-4cad-9c8f-7bf30371d239@group-332F75AE8AD0: changes role from CANDIDATE to LEADER at term 1 for changeToLeader
2019-09-25 05:49:54,198 [f67911da-22a7-4cad-9c8f-7bf30371d239@group-332F75AE8AD0:LeaderElection205] INFO  impl.RaftServerImpl (ServerState.java:setLeader(253)) - f67911da-22a7-4cad-9c8f-7bf30371d239@group-332F75AE8AD0: change Leader from null to f67911da-22a7-4cad-9c8f-7bf30371d239 at term 1 for becomeLeader, leader elected after 5467ms
2019-09-25 05:49:54,198 [f67911da-22a7-4cad-9c8f-7bf30371d239@group-7696DA2110F9:LeaderElection201] INFO  impl.RaftServerImpl (ServerState.java:setLeader(253)) - f67911da-22a7-4cad-9c8f-7bf30371d239@group-7696DA2110F9: change Leader from null to f67911da-22a7-4cad-9c8f-7bf30371d239 at term 1 for becomeLeader, leader elected after 5505ms
2019-09-25 05:49:54,198 [fc8c9bb1-dbbf-4b8a-ac9f-72a0e03a2e86@group-6E3A4AFEF583:LeaderElection204] INFO  server.RaftServerConfigKeys (ConfUtils.java:logGet(43)) - raft.server.staging.catchup.gap = 1000 (default)
2019-09-25 05:49:54,198 [fc8c9bb1-dbbf-4b8a-ac9f-72a0e03a2e86@group-A961437975CB:LeaderElection208] INFO  impl.RaftServerImpl (RaftServerImpl.java:setRole(174)) - fc8c9bb1-dbbf-4b8a-ac9f-72a0e03a2e86@group-A961437975CB: changes role from CANDIDATE to LEADER at term 1 for changeToLeader
2019-09-25 05:49:54,199 [fc8c9bb1-dbbf-4b8a-ac9f-72a0e03a2e86@group-A961437975CB:LeaderElection208] INFO  impl.RaftServerImpl (ServerState.java:setLeader(253)) - fc8c9bb1-dbbf-4b8a-ac9f-72a0e03a2e86@group-A961437975CB: change Leader from null to fc8c9bb1-dbbf-4b8a-ac9f-72a0e03a2e86 at term 1 for becomeLeader, leader elected after 5305ms
2019-09-25 05:49:54,199 [fc8c9bb1-dbbf-4b8a-ac9f-72a0e03a2e86@group-6E3A4AFEF583:LeaderElection204] INFO  server.RaftServerConfigKeys (ConfUtils.java:logGet(43)) - raft.server.rpc.sleep.time = 25ms (default)
2019-09-25 05:49:54,199 [f67911da-22a7-4cad-9c8f-7bf30371d239@group-7696DA2110F9:LeaderElection201] INFO  server.RaftServerConfigKeys (ConfUtils.java:logGet(43)) - raft.server.staging.catchup.gap = 1000 (default)
2019-09-25 05:49:54,199 [f67911da-22a7-4cad-9c8f-7bf30371d239@group-332F75AE8AD0:LeaderElection205] INFO  server.RaftServerConfigKeys (ConfUtils.java:logGet(43)) - raft.server.staging.catchup.gap = 1000 (default)
2019-09-25 05:49:54,199 [f67911da-22a7-4cad-9c8f-7bf30371d239@group-7696DA2110F9:LeaderElection201] INFO  server.RaftServerConfigKeys (ConfUtils.java:logGet(43)) - raft.server.rpc.sleep.time = 25ms (default)
2019-09-25 05:49:54,199 [fc8c9bb1-dbbf-4b8a-ac9f-72a0e03a2e86@group-A961437975CB:LeaderElection208] INFO  server.RaftServerConfigKeys (ConfUtils.java:logGet(43)) - raft.server.staging.catchup.gap = 1000 (default)
2019-09-25 05:49:54,199 [f67911da-22a7-4cad-9c8f-7bf30371d239@group-332F75AE8AD0:LeaderElection205] INFO  server.RaftServerConfigKeys (ConfUtils.java:logGet(43)) - raft.server.rpc.sleep.time = 25ms (default)
2019-09-25 05:49:54,199 [fc8c9bb1-dbbf-4b8a-ac9f-72a0e03a2e86@group-A961437975CB:LeaderElection208] INFO  server.RaftServerConfigKeys (ConfUtils.java:logGet(43)) - raft.server.rpc.sleep.time = 25ms (default)
2019-09-25 05:49:54,203 [fc8c9bb1-dbbf-4b8a-ac9f-72a0e03a2e86@group-A961437975CB:LeaderElection208] INFO  server.RaftServerConfigKeys (ConfUtils.java:logGet(43)) - raft.server.write.element-limit = 4096 (default)
2019-09-25 05:49:54,203 [f67911da-22a7-4cad-9c8f-7bf30371d239@group-332F75AE8AD0:LeaderElection205] INFO  server.RaftServerConfigKeys (ConfUtils.java:logGet(43)) - raft.server.write.element-limit = 4096 (default)
2019-09-25 05:49:54,203 [fc8c9bb1-dbbf-4b8a-ac9f-72a0e03a2e86@group-A961437975CB:LeaderElection208] INFO  server.RaftServerConfigKeys (ConfUtils.java:logGet(43)) - raft.server.watch.timeout = 10s (default)
2019-09-25 05:49:54,203 [f67911da-22a7-4cad-9c8f-7bf30371d239@group-332F75AE8AD0:LeaderElection205] INFO  server.RaftServerConfigKeys (ConfUtils.java:logGet(43)) - raft.server.watch.timeout = 10s (default)
2019-09-25 05:49:54,203 [fc8c9bb1-dbbf-4b8a-ac9f-72a0e03a2e86@group-A961437975CB:LeaderElection208] INFO  server.RaftServerConfigKeys (ConfUtils.java:logGet(43)) - raft.server.watch.timeout.denomination = 1s (default)
2019-09-25 05:49:54,203 [f67911da-22a7-4cad-9c8f-7bf30371d239@group-332F75AE8AD0:LeaderElection205] INFO  server.RaftServerConfigKeys (ConfUtils.java:logGet(43)) - raft.server.watch.timeout.denomination = 1s (default)
2019-09-25 05:49:54,203 [fc8c9bb1-dbbf-4b8a-ac9f-72a0e03a2e86@group-A961437975CB:LeaderElection208] INFO  server.RaftServerConfigKeys (ConfUtils.java:logGet(43)) - raft.server.watch.element-limit = 65536 (default)
2019-09-25 05:49:54,203 [99091fd2-8328-4de4-84f5-e3b7c3f0dc1c@group-852E69800A7A:LeaderElection202] INFO  impl.RoleInfo (RoleInfo.java:updateAndGet(143)) - 99091fd2-8328-4de4-84f5-e3b7c3f0dc1c: start LeaderState
2019-09-25 05:49:54,203 [f67911da-22a7-4cad-9c8f-7bf30371d239@group-332F75AE8AD0:LeaderElection205] INFO  server.RaftServerConfigKeys (ConfUtils.java:logGet(43)) - raft.server.watch.element-limit = 65536 (default)
2019-09-25 05:49:54,204 [99091fd2-8328-4de4-84f5-e3b7c3f0dc1c@group-852E69800A7A:LeaderElection202] INFO  segmented.SegmentedRaftLogWorker (SegmentedRaftLogWorker.java:startLogSegment(380)) - 99091fd2-8328-4de4-84f5-e3b7c3f0dc1c@group-852E69800A7A-SegmentedRaftLogWorker: Starting segment from index:0
2019-09-25 05:49:54,208 [fc8c9bb1-dbbf-4b8a-ac9f-72a0e03a2e86@group-6E3A4AFEF583:LeaderElection204] INFO  server.RaftServerConfigKeys (ConfUtils.java:logGet(43)) - raft.server.write.element-limit = 4096 (default)
2019-09-25 05:49:54,208 [f67911da-22a7-4cad-9c8f-7bf30371d239@group-7696DA2110F9:LeaderElection201] INFO  server.RaftServerConfigKeys (ConfUtils.java:logGet(43)) - raft.server.write.element-limit = 4096 (default)
2019-09-25 05:49:54,208 [fc8c9bb1-dbbf-4b8a-ac9f-72a0e03a2e86@group-6E3A4AFEF583:LeaderElection204] INFO  server.RaftServerConfigKeys (ConfUtils.java:logGet(43)) - raft.server.watch.timeout = 10s (default)
2019-09-25 05:49:54,208 [f67911da-22a7-4cad-9c8f-7bf30371d239@group-7696DA2110F9:LeaderElection201] INFO  server.RaftServerConfigKeys (ConfUtils.java:logGet(43)) - raft.server.watch.timeout = 10s (default)
2019-09-25 05:49:54,208 [fc8c9bb1-dbbf-4b8a-ac9f-72a0e03a2e86@group-6E3A4AFEF583:LeaderElection204] INFO  server.RaftServerConfigKeys (ConfUtils.java:logGet(43)) - raft.server.watch.timeout.denomination = 1s (default)
2019-09-25 05:49:54,209 [44082f05-803b-4c97-a9e5-c320db8eea77@group-25B1B080A31C:LeaderElection206] INFO  impl.RoleInfo (RoleInfo.java:updateAndGet(143)) - 44082f05-803b-4c97-a9e5-c320db8eea77: start LeaderState
2019-09-25 05:49:54,209 [f67911da-22a7-4cad-9c8f-7bf30371d239@group-7696DA2110F9:LeaderElection201] INFO  server.RaftServerConfigKeys (ConfUtils.java:logGet(43)) - raft.server.watch.timeout.denomination = 1s (default)
2019-09-25 05:49:54,209 [44082f05-803b-4c97-a9e5-c320db8eea77@group-25B1B080A31C:LeaderElection206] INFO  segmented.SegmentedRaftLogWorker (SegmentedRaftLogWorker.java:startLogSegment(380)) - 44082f05-803b-4c97-a9e5-c320db8eea77@group-25B1B080A31C-SegmentedRaftLogWorker: Starting segment from index:0
2019-09-25 05:49:54,209 [fc8c9bb1-dbbf-4b8a-ac9f-72a0e03a2e86@group-6E3A4AFEF583:LeaderElection204] INFO  server.RaftServerConfigKeys (ConfUtils.java:logGet(43)) - raft.server.watch.element-limit = 65536 (default)
2019-09-25 05:49:54,209 [f67911da-22a7-4cad-9c8f-7bf30371d239@group-7696DA2110F9:LeaderElection201] INFO  server.RaftServerConfigKeys (ConfUtils.java:logGet(43)) - raft.server.watch.element-limit = 65536 (default)
2019-09-25 05:49:54,216 [99091fd2-8328-4de4-84f5-e3b7c3f0dc1c@group-0F761C49026C:LeaderElection209] INFO  impl.LeaderElection (LeaderElection.java:askForVotes(182)) - 99091fd2-8328-4de4-84f5-e3b7c3f0dc1c@group-0F761C49026C:LeaderElection209: begin an election at term 1 for -1: [99091fd2-8328-4de4-84f5-e3b7c3f0dc1c:192.168.30.10:42474], old=null
2019-09-25 05:49:54,216 [99091fd2-8328-4de4-84f5-e3b7c3f0dc1c@group-D63EF6A7F363:LeaderElection210] INFO  impl.LeaderElection (LeaderElection.java:askForVotes(182)) - 99091fd2-8328-4de4-84f5-e3b7c3f0dc1c@group-D63EF6A7F363:LeaderElection210: begin an election at term 1 for -1: [99091fd2-8328-4de4-84f5-e3b7c3f0dc1c:192.168.30.10:42474], old=null
2019-09-25 05:49:54,216 [99091fd2-8328-4de4-84f5-e3b7c3f0dc1c@group-0F761C49026C:LeaderElection209] INFO  impl.RoleInfo (RoleInfo.java:shutdownLeaderElection(134)) - 99091fd2-8328-4de4-84f5-e3b7c3f0dc1c: shutdown LeaderElection
2019-09-25 05:49:54,216 [99091fd2-8328-4de4-84f5-e3b7c3f0dc1c@group-D63EF6A7F363:LeaderElection210] INFO  impl.RoleInfo (RoleInfo.java:shutdownLeaderElection(134)) - 99091fd2-8328-4de4-84f5-e3b7c3f0dc1c: shutdown LeaderElection
2019-09-25 05:49:54,216 [99091fd2-8328-4de4-84f5-e3b7c3f0dc1c@group-0F761C49026C:LeaderElection209] INFO  impl.RaftServerImpl (RaftServerImpl.java:setRole(174)) - 99091fd2-8328-4de4-84f5-e3b7c3f0dc1c@group-0F761C49026C: changes role from CANDIDATE to LEADER at term 1 for changeToLeader
2019-09-25 05:49:54,216 [99091fd2-8328-4de4-84f5-e3b7c3f0dc1c@group-D63EF6A7F363:LeaderElection210] INFO  impl.RaftServerImpl (RaftServerImpl.java:setRole(174)) - 99091fd2-8328-4de4-84f5-e3b7c3f0dc1c@group-D63EF6A7F363: changes role from CANDIDATE to LEADER at term 1 for changeToLeader
2019-09-25 05:49:54,216 [99091fd2-8328-4de4-84f5-e3b7c3f0dc1c@group-0F761C49026C:LeaderElection209] INFO  impl.RaftServerImpl (ServerState.java:setLeader(253)) - 99091fd2-8328-4de4-84f5-e3b7c3f0dc1c@group-0F761C49026C: change Leader from null to 99091fd2-8328-4de4-84f5-e3b7c3f0dc1c at term 1 for becomeLeader, leader elected after 5132ms
2019-09-25 05:49:54,216 [99091fd2-8328-4de4-84f5-e3b7c3f0dc1c@group-D63EF6A7F363:LeaderElection210] INFO  impl.RaftServerImpl (ServerState.java:setLeader(253)) - 99091fd2-8328-4de4-84f5-e3b7c3f0dc1c@group-D63EF6A7F363: change Leader from null to 99091fd2-8328-4de4-84f5-e3b7c3f0dc1c at term 1 for becomeLeader, leader elected after 5171ms
2019-09-25 05:49:54,217 [99091fd2-8328-4de4-84f5-e3b7c3f0dc1c@group-0F761C49026C:LeaderElection209] INFO  server.RaftServerConfigKeys (ConfUtils.java:logGet(43)) - raft.server.staging.catchup.gap = 1000 (default)
2019-09-25 05:49:54,217 [99091fd2-8328-4de4-84f5-e3b7c3f0dc1c@group-D63EF6A7F363:LeaderElection210] INFO  server.RaftServerConfigKeys (ConfUtils.java:logGet(43)) - raft.server.staging.catchup.gap = 1000 (default)
2019-09-25 05:49:54,217 [99091fd2-8328-4de4-84f5-e3b7c3f0dc1c@group-0F761C49026C:LeaderElection209] INFO  server.RaftServerConfigKeys (ConfUtils.java:logGet(43)) - raft.server.rpc.sleep.time = 25ms (default)
2019-09-25 05:49:54,217 [99091fd2-8328-4de4-84f5-e3b7c3f0dc1c@group-D63EF6A7F363:LeaderElection210] INFO  server.RaftServerConfigKeys (ConfUtils.java:logGet(43)) - raft.server.rpc.sleep.time = 25ms (default)
2019-09-25 05:49:54,218 [fc8c9bb1-dbbf-4b8a-ac9f-72a0e03a2e86@group-706262A22F1F:LeaderElection207] INFO  impl.RoleInfo (RoleInfo.java:updateAndGet(143)) - fc8c9bb1-dbbf-4b8a-ac9f-72a0e03a2e86: start LeaderState
2019-09-25 05:49:54,218 [fc8c9bb1-dbbf-4b8a-ac9f-72a0e03a2e86@group-706262A22F1F:LeaderElection207] INFO  segmented.SegmentedRaftLogWorker (SegmentedRaftLogWorker.java:startLogSegment(380)) - fc8c9bb1-dbbf-4b8a-ac9f-72a0e03a2e86@group-706262A22F1F-SegmentedRaftLogWorker: Starting segment from index:0
2019-09-25 05:49:54,222 [99091fd2-8328-4de4-84f5-e3b7c3f0dc1c@group-D63EF6A7F363:LeaderElection210] INFO  server.RaftServerConfigKeys (ConfUtils.java:logGet(43)) - raft.server.write.element-limit = 4096 (default)
2019-09-25 05:49:54,222 [99091fd2-8328-4de4-84f5-e3b7c3f0dc1c@group-0F761C49026C:LeaderElection209] INFO  server.RaftServerConfigKeys (ConfUtils.java:logGet(43)) - raft.server.write.element-limit = 4096 (default)
2019-09-25 05:49:54,222 [99091fd2-8328-4de4-84f5-e3b7c3f0dc1c@group-D63EF6A7F363:LeaderElection210] INFO  server.RaftServerConfigKeys (ConfUtils.java:logGet(43)) - raft.server.watch.timeout = 10s (default)
2019-09-25 05:49:54,222 [99091fd2-8328-4de4-84f5-e3b7c3f0dc1c@group-0F761C49026C:LeaderElection209] INFO  server.RaftServerConfigKeys (ConfUtils.java:logGet(43)) - raft.server.watch.timeout = 10s (default)
2019-09-25 05:49:54,222 [99091fd2-8328-4de4-84f5-e3b7c3f0dc1c@group-D63EF6A7F363:LeaderElection210] INFO  server.RaftServerConfigKeys (ConfUtils.java:logGet(43)) - raft.server.watch.timeout.denomination = 1s (default)
2019-09-25 05:49:54,222 [99091fd2-8328-4de4-84f5-e3b7c3f0dc1c@group-0F761C49026C:LeaderElection209] INFO  server.RaftServerConfigKeys (ConfUtils.java:logGet(43)) - raft.server.watch.timeout.denomination = 1s (default)
2019-09-25 05:49:54,222 [99091fd2-8328-4de4-84f5-e3b7c3f0dc1c@group-D63EF6A7F363:LeaderElection210] INFO  server.RaftServerConfigKeys (ConfUtils.java:logGet(43)) - raft.server.watch.element-limit = 65536 (default)
2019-09-25 05:49:54,223 [fc8c9bb1-dbbf-4b8a-ac9f-72a0e03a2e86@group-6E3A4AFEF583:LeaderElection204] INFO  impl.RoleInfo (RoleInfo.java:updateAndGet(143)) - fc8c9bb1-dbbf-4b8a-ac9f-72a0e03a2e86: start LeaderState
2019-09-25 05:49:54,222 [99091fd2-8328-4de4-84f5-e3b7c3f0dc1c@group-0F761C49026C:LeaderElection209] INFO  server.RaftServerConfigKeys (ConfUtils.java:logGet(43)) - raft.server.watch.element-limit = 65536 (default)
2019-09-25 05:49:54,223 [fc8c9bb1-dbbf-4b8a-ac9f-72a0e03a2e86@group-6E3A4AFEF583:LeaderElection204] INFO  segmented.SegmentedRaftLogWorker (SegmentedRaftLogWorker.java:startLogSegment(380)) - fc8c9bb1-dbbf-4b8a-ac9f-72a0e03a2e86@group-6E3A4AFEF583-SegmentedRaftLogWorker: Starting segment from index:0
2019-09-25 05:49:54,227 [fc8c9bb1-dbbf-4b8a-ac9f-72a0e03a2e86@group-A961437975CB:LeaderElection208] INFO  impl.RoleInfo (RoleInfo.java:updateAndGet(143)) - fc8c9bb1-dbbf-4b8a-ac9f-72a0e03a2e86: start LeaderState
2019-09-25 05:49:54,227 [fc8c9bb1-dbbf-4b8a-ac9f-72a0e03a2e86@group-A961437975CB:LeaderElection208] INFO  segmented.SegmentedRaftLogWorker (SegmentedRaftLogWorker.java:startLogSegment(380)) - fc8c9bb1-dbbf-4b8a-ac9f-72a0e03a2e86@group-A961437975CB-SegmentedRaftLogWorker: Starting segment from index:0
2019-09-25 05:49:54,231 [99091fd2-8328-4de4-84f5-e3b7c3f0dc1c@group-852E69800A7A:LeaderElection202] INFO  impl.RaftServerImpl (ServerState.java:setRaftConf(354)) - 99091fd2-8328-4de4-84f5-e3b7c3f0dc1c@group-852E69800A7A: set configuration 0: [99091fd2-8328-4de4-84f5-e3b7c3f0dc1c:192.168.30.10:42474], old=null at 0
2019-09-25 05:49:54,231 [fc8c9bb1-dbbf-4b8a-ac9f-72a0e03a2e86@group-706262A22F1F:LeaderElection207] INFO  impl.RaftServerImpl (ServerState.java:setRaftConf(354)) - fc8c9bb1-dbbf-4b8a-ac9f-72a0e03a2e86@group-706262A22F1F: set configuration 0: [fc8c9bb1-dbbf-4b8a-ac9f-72a0e03a2e86:192.168.30.10:41113], old=null at 0
2019-09-25 05:49:54,232 [44082f05-803b-4c97-a9e5-c320db8eea77@group-25B1B080A31C:LeaderElection206] INFO  impl.RaftServerImpl (ServerState.java:setRaftConf(354)) - 44082f05-803b-4c97-a9e5-c320db8eea77@group-25B1B080A31C: set configuration 0: [44082f05-803b-4c97-a9e5-c320db8eea77:192.168.30.10:44033], old=null at 0
2019-09-25 05:49:54,232 [fc8c9bb1-dbbf-4b8a-ac9f-72a0e03a2e86@group-6E3A4AFEF583:LeaderElection204] INFO  impl.RaftServerImpl (ServerState.java:setRaftConf(354)) - fc8c9bb1-dbbf-4b8a-ac9f-72a0e03a2e86@group-6E3A4AFEF583: set configuration 0: [fc8c9bb1-dbbf-4b8a-ac9f-72a0e03a2e86:192.168.30.10:41113], old=null at 0
2019-09-25 05:49:54,232 [fc8c9bb1-dbbf-4b8a-ac9f-72a0e03a2e86@group-A961437975CB:LeaderElection208] INFO  impl.RaftServerImpl (ServerState.java:setRaftConf(354)) - fc8c9bb1-dbbf-4b8a-ac9f-72a0e03a2e86@group-A961437975CB: set configuration 0: [fc8c9bb1-dbbf-4b8a-ac9f-72a0e03a2e86:192.168.30.10:41113], old=null at 0
2019-09-25 05:49:54,390 [main] INFO  ozoneimpl.OzoneContainer (OzoneContainer.java:stop(231)) - Attempting to stop container services.
2019-09-25 05:49:54,391 [41cc7451-3c22-4fa0-b0d4-151937985196@group-BF570B9B47FB-SegmentedRaftLogWorker] INFO  segmented.SegmentedRaftLogWorker (SegmentedRaftLogWorker.java:execute(569)) - 41cc7451-3c22-4fa0-b0d4-151937985196@group-BF570B9B47FB-SegmentedRaftLogWorker: created new log segment /workdir/hadoop-ozone/integration-test/target/test-dir/MiniOzoneClusterImpl-3371874c-cdf9-4999-a21e-92d2cda410bc/datanode-2/data/ratis/95a17e90-eeaf-4270-acf3-bf570b9b47fb/current/log_inprogress_0
2019-09-25 05:49:54,391 [main] INFO  impl.RaftServerProxy (RaftServerProxy.java:lambda$close$4(314)) - f67911da-22a7-4cad-9c8f-7bf30371d239: close
2019-09-25 05:49:54,391 [99091fd2-8328-4de4-84f5-e3b7c3f0dc1c@group-C8651E700010:LeaderElection212] INFO  impl.LeaderElection (LeaderElection.java:askForVotes(182)) - 99091fd2-8328-4de4-84f5-e3b7c3f0dc1c@group-C8651E700010:LeaderElection212: begin an election at term 1 for -1: [99091fd2-8328-4de4-84f5-e3b7c3f0dc1c:192.168.30.10:42474], old=null
2019-09-25 05:49:54,391 [f67911da-22a7-4cad-9c8f-7bf30371d239@group-02FA90CFDB48-SegmentedRaftLogWorker] INFO  segmented.SegmentedRaftLogWorker (SegmentedRaftLogWorker.java:execute(569)) - f67911da-22a7-4cad-9c8f-7bf30371d239@group-02FA90CFDB48-SegmentedRaftLogWorker: created new log segment /workdir/hadoop-ozone/integration-test/target/test-dir/MiniOzoneClusterImpl-3371874c-cdf9-4999-a21e-92d2cda410bc/datanode-4/data/ratis/d581bc29-443f-4dca-9d2c-02fa90cfdb48/current/log_inprogress_0
2019-09-25 05:49:54,391 [99091fd2-8328-4de4-84f5-e3b7c3f0dc1c@group-E5F5CCF87DCA:LeaderElection211] INFO  impl.LeaderElection (LeaderElection.java:askForVotes(182)) - 99091fd2-8328-4de4-84f5-e3b7c3f0dc1c@group-E5F5CCF87DCA:LeaderElection211: begin an election at term 1 for -1: [99091fd2-8328-4de4-84f5-e3b7c3f0dc1c:192.168.30.10:42474], old=null
2019-09-25 05:49:54,391 [99091fd2-8328-4de4-84f5-e3b7c3f0dc1c@group-C8651E700010:LeaderElection212] INFO  impl.RoleInfo (RoleInfo.java:shutdownLeaderElection(134)) - 99091fd2-8328-4de4-84f5-e3b7c3f0dc1c: shutdown LeaderElection
2019-09-25 05:49:54,391 [main] INFO  impl.RaftServerImpl (RaftServerImpl.java:lambda$shutdown$3(251)) - f67911da-22a7-4cad-9c8f-7bf30371d239@group-E65BDBC429D3: shutdown
2019-09-25 05:49:54,392 [ForkJoinPool.commonPool-worker-0] INFO  ozoneimpl.OzoneContainer (OzoneContainer.java:stop(231)) - Attempting to stop container services.
2019-09-25 05:49:54,392 [99091fd2-8328-4de4-84f5-e3b7c3f0dc1c@group-C8651E700010:LeaderElection212] INFO  impl.RaftServerImpl (RaftServerImpl.java:setRole(174)) - 99091fd2-8328-4de4-84f5-e3b7c3f0dc1c@group-C8651E700010: changes role from CANDIDATE to LEADER at term 1 for changeToLeader
2019-09-25 05:49:54,392 [99091fd2-8328-4de4-84f5-e3b7c3f0dc1c@group-E5F5CCF87DCA:LeaderElection211] INFO  impl.RoleInfo (RoleInfo.java:shutdownLeaderElection(134)) - 99091fd2-8328-4de4-84f5-e3b7c3f0dc1c: shutdown LeaderElection
2019-09-25 05:49:54,392 [Thread-2775] INFO  impl.FollowerState (FollowerState.java:run(106)) - 99091fd2-8328-4de4-84f5-e3b7c3f0dc1c:group-C889DD1DBBDE changes to CANDIDATE, lastRpcTime:5267, electionTimeout:5180ms
2019-09-25 05:49:54,393 [99091fd2-8328-4de4-84f5-e3b7c3f0dc1c@group-E5F5CCF87DCA:LeaderElection211] INFO  impl.RaftServerImpl (RaftServerImpl.java:setRole(174)) - 99091fd2-8328-4de4-84f5-e3b7c3f0dc1c@group-E5F5CCF87DCA: changes role from CANDIDATE to LEADER at term 1 for changeToLeader
2019-09-25 05:49:54,393 [Thread-2775] INFO  impl.RoleInfo (RoleInfo.java:shutdownFollowerState(121)) - 99091fd2-8328-4de4-84f5-e3b7c3f0dc1c: shutdown FollowerState
2019-09-25 05:49:54,393 [99091fd2-8328-4de4-84f5-e3b7c3f0dc1c@group-C8651E700010:LeaderElection212] INFO  impl.RaftServerImpl (ServerState.java:setLeader(253)) - 99091fd2-8328-4de4-84f5-e3b7c3f0dc1c@group-C8651E700010: change Leader from null to 99091fd2-8328-4de4-84f5-e3b7c3f0dc1c at term 1 for becomeLeader, leader elected after 5386ms
2019-09-25 05:49:54,393 [ForkJoinPool.commonPool-worker-0] INFO  impl.RaftServerProxy (RaftServerProxy.java:lambda$close$4(314)) - 49db5453-e576-4a11-af8d-74d98f8d549c: close
2019-09-25 05:49:54,392 [main] INFO  util.JmxRegister (JmxRegister.java:unregister(73)) - Successfully un-registered JMX Bean with object name Ratis:service=RaftServer,group=group-E65BDBC429D3,id=f67911da-22a7-4cad-9c8f-7bf30371d239
2019-09-25 05:49:54,394 [main] INFO  impl.RoleInfo (RoleInfo.java:shutdownLeaderState(104)) - f67911da-22a7-4cad-9c8f-7bf30371d239: shutdown LeaderState
2019-09-25 05:49:54,394 [ForkJoinPool.commonPool-worker-0] INFO  impl.RaftServerImpl (RaftServerImpl.java:lambda$shutdown$3(251)) - 49db5453-e576-4a11-af8d-74d98f8d549c@group-820B50338978: shutdown
2019-09-25 05:49:54,394 [99091fd2-8328-4de4-84f5-e3b7c3f0dc1c@group-C8651E700010:LeaderElection212] INFO  server.RaftServerConfigKeys (ConfUtils.java:logGet(43)) - raft.server.staging.catchup.gap = 1000 (default)
2019-09-25 05:49:54,393 [Thread-2775] INFO  impl.RaftServerImpl (RaftServerImpl.java:setRole(174)) - 99091fd2-8328-4de4-84f5-e3b7c3f0dc1c@group-C889DD1DBBDE: changes role from  FOLLOWER to CANDIDATE at term 0 for changeToCandidate
2019-09-25 05:49:54,393 [f67911da-22a7-4cad-9c8f-7bf30371d239@group-7696DA2110F9:LeaderElection201] INFO  impl.RoleInfo (RoleInfo.java:updateAndGet(143)) - f67911da-22a7-4cad-9c8f-7bf30371d239: start LeaderState
2019-09-25 05:49:54,393 [99091fd2-8328-4de4-84f5-e3b7c3f0dc1c@group-E5F5CCF87DCA:LeaderElection211] INFO  impl.RaftServerImpl (ServerState.java:setLeader(253)) - 99091fd2-8328-4de4-84f5-e3b7c3f0dc1c@group-E5F5CCF87DCA: change Leader from null to 99091fd2-8328-4de4-84f5-e3b7c3f0dc1c at term 1 for becomeLeader, leader elected after 5236ms
2019-09-25 05:49:54,395 [Thread-2775] INFO  impl.RoleInfo (RoleInfo.java:updateAndGet(143)) - 99091fd2-8328-4de4-84f5-e3b7c3f0dc1c: start LeaderElection
2019-09-25 05:49:54,395 [99091fd2-8328-4de4-84f5-e3b7c3f0dc1c@group-D63EF6A7F363:LeaderElection210] INFO  impl.RoleInfo (RoleInfo.java:updateAndGet(143)) - 99091fd2-8328-4de4-84f5-e3b7c3f0dc1c: start LeaderState
2019-09-25 05:49:54,395 [99091fd2-8328-4de4-84f5-e3b7c3f0dc1c@group-C8651E700010:LeaderElection212] INFO  server.RaftServerConfigKeys (ConfUtils.java:logGet(43)) - raft.server.rpc.sleep.time = 25ms (default)
2019-09-25 05:49:54,395 [ForkJoinPool.commonPool-worker-0] INFO  util.JmxRegister (JmxRegister.java:unregister(73)) - Successfully un-registered JMX Bean with object name Ratis:service=RaftServer,group=group-820B50338978,id=49db5453-e576-4a11-af8d-74d98f8d549c
2019-09-25 05:49:54,396 [ForkJoinPool.commonPool-worker-0] INFO  impl.RoleInfo (RoleInfo.java:shutdownLeaderState(104)) - 49db5453-e576-4a11-af8d-74d98f8d549c: shutdown LeaderState
2019-09-25 05:49:54,394 [main] INFO  impl.PendingRequests (PendingRequests.java:sendNotLeaderResponses(202)) - f67911da-22a7-4cad-9c8f-7bf30371d239-PendingRequests: sendNotLeaderResponses
2019-09-25 05:49:54,397 [ForkJoinPool.commonPool-worker-0] INFO  impl.PendingRequests (PendingRequests.java:sendNotLeaderResponses(202)) - 49db5453-e576-4a11-af8d-74d98f8d549c-PendingRequests: sendNotLeaderResponses
2019-09-25 05:49:54,396 [99091fd2-8328-4de4-84f5-e3b7c3f0dc1c@group-C8651E700010:LeaderElection212] INFO  server.RaftServerConfigKeys (ConfUtils.java:logGet(43)) - raft.server.write.element-limit = 4096 (default)
2019-09-25 05:49:54,396 [99091fd2-8328-4de4-84f5-e3b7c3f0dc1c@group-D63EF6A7F363:LeaderElection210] INFO  segmented.SegmentedRaftLogWorker (SegmentedRaftLogWorker.java:startLogSegment(380)) - 99091fd2-8328-4de4-84f5-e3b7c3f0dc1c@group-D63EF6A7F363-SegmentedRaftLogWorker: Starting segment from index:0
2019-09-25 05:49:54,395 [f67911da-22a7-4cad-9c8f-7bf30371d239@group-7696DA2110F9:LeaderElection201] INFO  segmented.SegmentedRaftLogWorker (SegmentedRaftLogWorker.java:startLogSegment(380)) - f67911da-22a7-4cad-9c8f-7bf30371d239@group-7696DA2110F9-SegmentedRaftLogWorker: Starting segment from index:0
2019-09-25 05:49:54,395 [f67911da-22a7-4cad-9c8f-7bf30371d239@group-332F75AE8AD0:LeaderElection205] INFO  impl.RoleInfo (RoleInfo.java:updateAndGet(143)) - f67911da-22a7-4cad-9c8f-7bf30371d239: start LeaderState
2019-09-25 05:49:54,395 [99091fd2-8328-4de4-84f5-e3b7c3f0dc1c@group-0F761C49026C:LeaderElection209] INFO  impl.RoleInfo (RoleInfo.java:updateAndGet(143)) - 99091fd2-8328-4de4-84f5-e3b7c3f0dc1c: start LeaderState
2019-09-25 05:49:54,395 [99091fd2-8328-4de4-84f5-e3b7c3f0dc1c@group-E5F5CCF87DCA:LeaderElection211] INFO  server.RaftServerConfigKeys (ConfUtils.java:logGet(43)) - raft.server.staging.catchup.gap = 1000 (default)
2019-09-25 05:49:54,398 [99091fd2-8328-4de4-84f5-e3b7c3f0dc1c@group-0F761C49026C:LeaderElection209] INFO  segmented.SegmentedRaftLogWorker (SegmentedRaftLogWorker.java:startLogSegment(380)) - 99091fd2-8328-4de4-84f5-e3b7c3f0dc1c@group-0F761C49026C-SegmentedRaftLogWorker: Starting segment from index:0
2019-09-25 05:49:54,398 [f67911da-22a7-4cad-9c8f-7bf30371d239@group-332F75AE8AD0:LeaderElection205] INFO  segmented.SegmentedRaftLogWorker (SegmentedRaftLogWorker.java:startLogSegment(380)) - f67911da-22a7-4cad-9c8f-7bf30371d239@group-332F75AE8AD0-SegmentedRaftLogWorker: Starting segment from index:0
2019-09-25 05:49:54,398 [f67911da-22a7-4cad-9c8f-7bf30371d239@group-7696DA2110F9:LeaderElection201] INFO  impl.RaftServerImpl (ServerState.java:setRaftConf(354)) - f67911da-22a7-4cad-9c8f-7bf30371d239@group-7696DA2110F9: set configuration 0: [f67911da-22a7-4cad-9c8f-7bf30371d239:192.168.30.10:40319], old=null at 0
2019-09-25 05:49:54,398 [99091fd2-8328-4de4-84f5-e3b7c3f0dc1c@group-D63EF6A7F363:LeaderElection210] INFO  impl.RaftServerImpl (ServerState.java:setRaftConf(354)) - 99091fd2-8328-4de4-84f5-e3b7c3f0dc1c@group-D63EF6A7F363: set configuration 0: [99091fd2-8328-4de4-84f5-e3b7c3f0dc1c:192.168.30.10:42474], old=null at 0
2019-09-25 05:49:54,397 [99091fd2-8328-4de4-84f5-e3b7c3f0dc1c@group-C8651E700010:LeaderElection212] INFO  server.RaftServerConfigKeys (ConfUtils.java:logGet(43)) - raft.server.watch.timeout = 10s (default)
2019-09-25 05:49:54,397 [ForkJoinPool.commonPool-worker-0] INFO  impl.StateMachineUpdater (StateMachineUpdater.java:stopAndJoin(125)) - 49db5453-e576-4a11-af8d-74d98f8d549c@group-820B50338978-StateMachineUpdater: set stopIndex = 0
2019-09-25 05:49:54,397 [main] INFO  impl.StateMachineUpdater (StateMachineUpdater.java:stopAndJoin(125)) - f67911da-22a7-4cad-9c8f-7bf30371d239@group-E65BDBC429D3-StateMachineUpdater: set stopIndex = 0
2019-09-25 05:49:54,399 [ForkJoinPool.commonPool-worker-0] INFO  impl.RaftServerImpl (ServerState.java:close(385)) - 49db5453-e576-4a11-af8d-74d98f8d549c@group-820B50338978: closes. applyIndex: 0
2019-09-25 05:49:54,399 [99091fd2-8328-4de4-84f5-e3b7c3f0dc1c@group-C8651E700010:LeaderElection212] INFO  server.RaftServerConfigKeys (ConfUtils.java:logGet(43)) - raft.server.watch.timeout.denomination = 1s (default)
2019-09-25 05:49:54,399 [f67911da-22a7-4cad-9c8f-7bf30371d239@group-332F75AE8AD0:LeaderElection205] INFO  impl.RaftServerImpl (ServerState.java:setRaftConf(354)) - f67911da-22a7-4cad-9c8f-7bf30371d239@group-332F75AE8AD0: set configuration 0: [f67911da-22a7-4cad-9c8f-7bf30371d239:192.168.30.10:40319], old=null at 0
2019-09-25 05:49:54,399 [99091fd2-8328-4de4-84f5-e3b7c3f0dc1c@group-0F761C49026C:LeaderElection209] INFO  impl.RaftServerImpl (ServerState.java:setRaftConf(354)) - 99091fd2-8328-4de4-84f5-e3b7c3f0dc1c@group-0F761C49026C: set configuration 0: [99091fd2-8328-4de4-84f5-e3b7c3f0dc1c:192.168.30.10:42474], old=null at 0
2019-09-25 05:49:54,398 [99091fd2-8328-4de4-84f5-e3b7c3f0dc1c@group-E5F5CCF87DCA:LeaderElection211] INFO  server.RaftServerConfigKeys (ConfUtils.java:logGet(43)) - raft.server.rpc.sleep.time = 25ms (default)
2019-09-25 05:49:54,400 [99091fd2-8328-4de4-84f5-e3b7c3f0dc1c@group-C8651E700010:LeaderElection212] INFO  server.RaftServerConfigKeys (ConfUtils.java:logGet(43)) - raft.server.watch.element-limit = 65536 (default)
2019-09-25 05:49:54,400 [49db5453-e576-4a11-af8d-74d98f8d549c@group-820B50338978-SegmentedRaftLogWorker] INFO  segmented.SegmentedRaftLogWorker (SegmentedRaftLogWorker.java:run(313)) - 49db5453-e576-4a11-af8d-74d98f8d549c@group-820B50338978-SegmentedRaftLogWorker was interrupted, exiting. There are 0 tasks remaining in the queue.
2019-09-25 05:49:54,400 [main] INFO  impl.RaftServerImpl (ServerState.java:close(385)) - f67911da-22a7-4cad-9c8f-7bf30371d239@group-E65BDBC429D3: closes. applyIndex: 0
2019-09-25 05:49:54,449 [99091fd2-8328-4de4-84f5-e3b7c3f0dc1c@group-C889DD1DBBDE:LeaderElection213] INFO  impl.LeaderElection (LeaderElection.java:askForVotes(182)) - 99091fd2-8328-4de4-84f5-e3b7c3f0dc1c@group-C889DD1DBBDE:LeaderElection213: begin an election at term 1 for -1: [99091fd2-8328-4de4-84f5-e3b7c3f0dc1c:192.168.30.10:42474], old=null
2019-09-25 05:49:54,449 [44082f05-803b-4c97-a9e5-c320db8eea77@group-25B1B080A31C-SegmentedRaftLogWorker] INFO  segmented.SegmentedRaftLogWorker (SegmentedRaftLogWorker.java:execute(569)) - 44082f05-803b-4c97-a9e5-c320db8eea77@group-25B1B080A31C-SegmentedRaftLogWorker: created new log segment /workdir/hadoop-ozone/integration-test/target/test-dir/MiniOzoneClusterImpl-3371874c-cdf9-4999-a21e-92d2cda410bc/datanode-3/data/ratis/0384f504-0ab2-4280-89b9-25b1b080a31c/current/log_inprogress_0
2019-09-25 05:49:54,449 [fc8c9bb1-dbbf-4b8a-ac9f-72a0e03a2e86@group-706262A22F1F-SegmentedRaftLogWorker] INFO  segmented.SegmentedRaftLogWorker (SegmentedRaftLogWorker.java:execute(569)) - fc8c9bb1-dbbf-4b8a-ac9f-72a0e03a2e86@group-706262A22F1F-SegmentedRaftLogWorker: created new log segment /workdir/hadoop-ozone/integration-test/target/test-dir/MiniOzoneClusterImpl-3371874c-cdf9-4999-a21e-92d2cda410bc/datanode-5/data/ratis/fd595aea-9b78-452e-af67-706262a22f1f/current/log_inprogress_0
2019-09-25 05:49:54,449 [fc8c9bb1-dbbf-4b8a-ac9f-72a0e03a2e86@group-A961437975CB-SegmentedRaftLogWorker] INFO  segmented.SegmentedRaftLogWorker (SegmentedRaftLogWorker.java:execute(569)) - fc8c9bb1-dbbf-4b8a-ac9f-72a0e03a2e86@group-A961437975CB-SegmentedRaftLogWorker: created new log segment /workdir/hadoop-ozone/integration-test/target/test-dir/MiniOzoneClusterImpl-3371874c-cdf9-4999-a21e-92d2cda410bc/datanode-5/data/ratis/84b89ca1-f650-4564-a85b-a961437975cb/current/log_inprogress_0
2019-09-25 05:49:54,449 [99091fd2-8328-4de4-84f5-e3b7c3f0dc1c@group-852E69800A7A-SegmentedRaftLogWorker] INFO  segmented.SegmentedRaftLogWorker (SegmentedRaftLogWorker.java:execute(569)) - 99091fd2-8328-4de4-84f5-e3b7c3f0dc1c@group-852E69800A7A-SegmentedRaftLogWorker: created new log segment /workdir/hadoop-ozone/integration-test/target/test-dir/MiniOzoneClusterImpl-3371874c-cdf9-4999-a21e-92d2cda410bc/datanode-6/data/ratis/caa23e3f-4126-49b1-8f0b-852e69800a7a/current/log_inprogress_0
2019-09-25 05:49:54,449 [fc8c9bb1-dbbf-4b8a-ac9f-72a0e03a2e86@group-6E3A4AFEF583-SegmentedRaftLogWorker] INFO  segmented.SegmentedRaftLogWorker (SegmentedRaftLogWorker.java:execute(569)) - fc8c9bb1-dbbf-4b8a-ac9f-72a0e03a2e86@group-6E3A4AFEF583-SegmentedRaftLogWorker: created new log segment /workdir/hadoop-ozone/integration-test/target/test-dir/MiniOzoneClusterImpl-3371874c-cdf9-4999-a21e-92d2cda410bc/datanode-5/data/ratis/69a03dbb-5e07-4b3d-8099-6e3a4afef583/current/log_inprogress_0
2019-09-25 05:49:54,450 [99091fd2-8328-4de4-84f5-e3b7c3f0dc1c@group-C8651E700010:LeaderElection212] INFO  impl.RoleInfo (RoleInfo.java:updateAndGet(143)) - 99091fd2-8328-4de4-84f5-e3b7c3f0dc1c: start LeaderState
2019-09-25 05:49:54,448 [ForkJoinPool.commonPool-worker-0] INFO  segmented.SegmentedRaftLogWorker (SegmentedRaftLogWorker.java:close(228)) - 49db5453-e576-4a11-af8d-74d98f8d549c@group-820B50338978-SegmentedRaftLogWorker close()
2019-09-25 05:49:54,401 [99091fd2-8328-4de4-84f5-e3b7c3f0dc1c@group-E5F5CCF87DCA:LeaderElection211] INFO  server.RaftServerConfigKeys (ConfUtils.java:logGet(43)) - raft.server.write.element-limit = 4096 (default)
2019-09-25 05:49:54,458 [ForkJoinPool.commonPool-worker-0] INFO  impl.RaftServerImpl (RaftServerImpl.java:lambda$shutdown$3(251)) - 49db5453-e576-4a11-af8d-74d98f8d549c@group-1566A0D8F197: shutdown
2019-09-25 05:49:54,451 [99091fd2-8328-4de4-84f5-e3b7c3f0dc1c@group-C8651E700010:LeaderElection212] INFO  segmented.SegmentedRaftLogWorker (SegmentedRaftLogWorker.java:startLogSegment(380)) - 99091fd2-8328-4de4-84f5-e3b7c3f0dc1c@group-C8651E700010-SegmentedRaftLogWorker: Starting segment from index:0
2019-09-25 05:49:54,450 [f67911da-22a7-4cad-9c8f-7bf30371d239@group-E65BDBC429D3-SegmentedRaftLogWorker] INFO  segmented.SegmentedRaftLogWorker (SegmentedRaftLogWorker.java:run(313)) - f67911da-22a7-4cad-9c8f-7bf30371d239@group-E65BDBC429D3-SegmentedRaftLogWorker was interrupted, exiting. There are 0 tasks remaining in the queue.
2019-09-25 05:49:54,450 [99091fd2-8328-4de4-84f5-e3b7c3f0dc1c@group-C889DD1DBBDE:LeaderElection213] INFO  impl.RoleInfo (RoleInfo.java:shutdownLeaderElection(134)) - 99091fd2-8328-4de4-84f5-e3b7c3f0dc1c: shutdown LeaderElection
2019-09-25 05:49:54,462 [99091fd2-8328-4de4-84f5-e3b7c3f0dc1c@group-C8651E700010:LeaderElection212] INFO  impl.RaftServerImpl (ServerState.java:setRaftConf(354)) - 99091fd2-8328-4de4-84f5-e3b7c3f0dc1c@group-C8651E700010: set configuration 0: [99091fd2-8328-4de4-84f5-e3b7c3f0dc1c:192.168.30.10:42474], old=null at 0
2019-09-25 05:49:54,462 [main] INFO  segmented.SegmentedRaftLogWorker (SegmentedRaftLogWorker.java:close(228)) - f67911da-22a7-4cad-9c8f-7bf30371d239@group-E65BDBC429D3-SegmentedRaftLogWorker close()
2019-09-25 05:49:54,458 [ForkJoinPool.commonPool-worker-0] INFO  util.JmxRegister (JmxRegister.java:unregister(73)) - Successfully un-registered JMX Bean with object name Ratis:service=RaftServer,group=group-1566A0D8F197,id=49db5453-e576-4a11-af8d-74d98f8d549c
2019-09-25 05:49:54,458 [99091fd2-8328-4de4-84f5-e3b7c3f0dc1c@group-E5F5CCF87DCA:LeaderElection211] INFO  server.RaftServerConfigKeys (ConfUtils.java:logGet(43)) - raft.server.watch.timeout = 10s (default)
2019-09-25 05:49:54,498 [ForkJoinPool.commonPool-worker-0] INFO  impl.RoleInfo (RoleInfo.java:shutdownLeaderState(104)) - 49db5453-e576-4a11-af8d-74d98f8d549c: shutdown LeaderState
2019-09-25 05:49:54,498 [f67911da-22a7-4cad-9c8f-7bf30371d239@group-332F75AE8AD0-SegmentedRaftLogWorker] INFO  segmented.SegmentedRaftLogWorker (SegmentedRaftLogWorker.java:execute(569)) - f67911da-22a7-4cad-9c8f-7bf30371d239@group-332F75AE8AD0-SegmentedRaftLogWorker: created new log segment /workdir/hadoop-ozone/integration-test/target/test-dir/MiniOzoneClusterImpl-3371874c-cdf9-4999-a21e-92d2cda410bc/datanode-4/data/ratis/54bb6a75-927d-4492-a008-332f75ae8ad0/current/log_inprogress_0
2019-09-25 05:49:54,498 [99091fd2-8328-4de4-84f5-e3b7c3f0dc1c@group-D63EF6A7F363-SegmentedRaftLogWorker] INFO  segmented.SegmentedRaftLogWorker (SegmentedRaftLogWorker.java:execute(569)) - 99091fd2-8328-4de4-84f5-e3b7c3f0dc1c@group-D63EF6A7F363-SegmentedRaftLogWorker: created new log segment /workdir/hadoop-ozone/integration-test/target/test-dir/MiniOzoneClusterImpl-3371874c-cdf9-4999-a21e-92d2cda410bc/datanode-6/data/ratis/a3d5133a-fb2d-44b0-9e6d-d63ef6a7f363/current/log_inprogress_0
2019-09-25 05:49:54,498 [99091fd2-8328-4de4-84f5-e3b7c3f0dc1c@group-0F761C49026C-SegmentedRaftLogWorker] INFO  segmented.SegmentedRaftLogWorker (SegmentedRaftLogWorker.java:execute(569)) - 99091fd2-8328-4de4-84f5-e3b7c3f0dc1c@group-0F761C49026C-SegmentedRaftLogWorker: created new log segment /workdir/hadoop-ozone/integration-test/target/test-dir/MiniOzoneClusterImpl-3371874c-cdf9-4999-a21e-92d2cda410bc/datanode-6/data/ratis/7a1893c8-e2ba-4624-8032-0f761c49026c/current/log_inprogress_0
2019-09-25 05:49:54,498 [f67911da-22a7-4cad-9c8f-7bf30371d239@group-7696DA2110F9-SegmentedRaftLogWorker] INFO  segmented.SegmentedRaftLogWorker (SegmentedRaftLogWorker.java:execute(569)) - f67911da-22a7-4cad-9c8f-7bf30371d239@group-7696DA2110F9-SegmentedRaftLogWorker: created new log segment /workdir/hadoop-ozone/integration-test/target/test-dir/MiniOzoneClusterImpl-3371874c-cdf9-4999-a21e-92d2cda410bc/datanode-4/data/ratis/3427152e-6bbf-4186-945c-7696da2110f9/current/log_inprogress_0
2019-09-25 05:49:54,497 [main] INFO  impl.RaftServerImpl (RaftServerImpl.java:lambda$shutdown$3(251)) - f67911da-22a7-4cad-9c8f-7bf30371d239@group-7696DA2110F9: shutdown
2019-09-25 05:49:54,462 [99091fd2-8328-4de4-84f5-e3b7c3f0dc1c@group-C889DD1DBBDE:LeaderElection213] INFO  impl.RaftServerImpl (RaftServerImpl.java:setRole(174)) - 99091fd2-8328-4de4-84f5-e3b7c3f0dc1c@group-C889DD1DBBDE: changes role from CANDIDATE to LEADER at term 1 for changeToLeader
2019-09-25 05:49:54,500 [main] INFO  util.JmxRegister (JmxRegister.java:unregister(73)) - Successfully un-registered JMX Bean with object name Ratis:service=RaftServer,group=group-7696DA2110F9,id=f67911da-22a7-4cad-9c8f-7bf30371d239
2019-09-25 05:49:54,499 [ForkJoinPool.commonPool-worker-0] INFO  impl.PendingRequests (PendingRequests.java:sendNotLeaderResponses(202)) - 49db5453-e576-4a11-af8d-74d98f8d549c-PendingRequests: sendNotLeaderResponses
2019-09-25 05:49:54,498 [99091fd2-8328-4de4-84f5-e3b7c3f0dc1c@group-E5F5CCF87DCA:LeaderElection211] INFO  server.RaftServerConfigKeys (ConfUtils.java:logGet(43)) - raft.server.watch.timeout.denomination = 1s (default)
2019-09-25 05:49:54,501 [ForkJoinPool.commonPool-worker-0] INFO  impl.StateMachineUpdater (StateMachineUpdater.java:stopAndJoin(125)) - 49db5453-e576-4a11-af8d-74d98f8d549c@group-1566A0D8F197-StateMachineUpdater: set stopIndex = 0
2019-09-25 05:49:54,500 [main] INFO  impl.RoleInfo (RoleInfo.java:shutdownLeaderState(104)) - f67911da-22a7-4cad-9c8f-7bf30371d239: shutdown LeaderState
2019-09-25 05:49:54,500 [99091fd2-8328-4de4-84f5-e3b7c3f0dc1c@group-C889DD1DBBDE:LeaderElection213] INFO  impl.RaftServerImpl (ServerState.java:setLeader(253)) - 99091fd2-8328-4de4-84f5-e3b7c3f0dc1c@group-C889DD1DBBDE: change Leader from null to 99091fd2-8328-4de4-84f5-e3b7c3f0dc1c at term 1 for becomeLeader, leader elected after 5379ms
2019-09-25 05:49:54,501 [main] INFO  impl.PendingRequests (PendingRequests.java:sendNotLeaderResponses(202)) - f67911da-22a7-4cad-9c8f-7bf30371d239-PendingRequests: sendNotLeaderResponses
2019-09-25 05:49:54,501 [ForkJoinPool.commonPool-worker-0] INFO  impl.RaftServerImpl (ServerState.java:close(385)) - 49db5453-e576-4a11-af8d-74d98f8d549c@group-1566A0D8F197: closes. applyIndex: 0
2019-09-25 05:49:54,501 [99091fd2-8328-4de4-84f5-e3b7c3f0dc1c@group-E5F5CCF87DCA:LeaderElection211] INFO  server.RaftServerConfigKeys (ConfUtils.java:logGet(43)) - raft.server.watch.element-limit = 65536 (default)
2019-09-25 05:49:54,502 [49db5453-e576-4a11-af8d-74d98f8d549c@group-1566A0D8F197-SegmentedRaftLogWorker] INFO  segmented.SegmentedRaftLogWorker (SegmentedRaftLogWorker.java:run(313)) - 49db5453-e576-4a11-af8d-74d98f8d549c@group-1566A0D8F197-SegmentedRaftLogWorker was interrupted, exiting. There are 0 tasks remaining in the queue.
2019-09-25 05:49:54,502 [main] INFO  impl.StateMachineUpdater (StateMachineUpdater.java:stopAndJoin(125)) - f67911da-22a7-4cad-9c8f-7bf30371d239@group-7696DA2110F9-StateMachineUpdater: set stopIndex = -1
2019-09-25 05:49:54,502 [99091fd2-8328-4de4-84f5-e3b7c3f0dc1c@group-C889DD1DBBDE:LeaderElection213] INFO  server.RaftServerConfigKeys (ConfUtils.java:logGet(43)) - raft.server.staging.catchup.gap = 1000 (default)
2019-09-25 05:49:54,507 [main] INFO  impl.RaftServerImpl (ServerState.java:close(385)) - f67911da-22a7-4cad-9c8f-7bf30371d239@group-7696DA2110F9: closes. applyIndex: -1
2019-09-25 05:49:54,507 [99091fd2-8328-4de4-84f5-e3b7c3f0dc1c@group-C889DD1DBBDE:LeaderElection213] INFO  server.RaftServerConfigKeys (ConfUtils.java:logGet(43)) - raft.server.rpc.sleep.time = 25ms (default)
2019-09-25 05:49:54,507 [f67911da-22a7-4cad-9c8f-7bf30371d239@group-7696DA2110F9-SegmentedRaftLogWorker] INFO  segmented.SegmentedRaftLogWorker (SegmentedRaftLogWorker.java:run(313)) - f67911da-22a7-4cad-9c8f-7bf30371d239@group-7696DA2110F9-SegmentedRaftLogWorker was interrupted, exiting. There are 0 tasks remaining in the queue.
2019-09-25 05:49:54,507 [99091fd2-8328-4de4-84f5-e3b7c3f0dc1c@group-C889DD1DBBDE:LeaderElection213] INFO  server.RaftServerConfigKeys (ConfUtils.java:logGet(43)) - raft.server.write.element-limit = 4096 (default)
2019-09-25 05:49:54,511 [ForkJoinPool.commonPool-worker-0] INFO  segmented.SegmentedRaftLogWorker (SegmentedRaftLogWorker.java:close(228)) - 49db5453-e576-4a11-af8d-74d98f8d549c@group-1566A0D8F197-SegmentedRaftLogWorker close()
2019-09-25 05:49:54,511 [99091fd2-8328-4de4-84f5-e3b7c3f0dc1c@group-C8651E700010-SegmentedRaftLogWorker] INFO  segmented.SegmentedRaftLogWorker (SegmentedRaftLogWorker.java:execute(569)) - 99091fd2-8328-4de4-84f5-e3b7c3f0dc1c@group-C8651E700010-SegmentedRaftLogWorker: created new log segment /workdir/hadoop-ozone/integration-test/target/test-dir/MiniOzoneClusterImpl-3371874c-cdf9-4999-a21e-92d2cda410bc/datanode-6/data/ratis/90735160-7153-4f21-bcee-c8651e700010/current/log_inprogress_0
2019-09-25 05:49:54,518 [99091fd2-8328-4de4-84f5-e3b7c3f0dc1c@group-E5F5CCF87DCA:LeaderElection211] INFO  impl.RoleInfo (RoleInfo.java:updateAndGet(143)) - 99091fd2-8328-4de4-84f5-e3b7c3f0dc1c: start LeaderState
2019-09-25 05:49:54,511 [main] INFO  segmented.SegmentedRaftLogWorker (SegmentedRaftLogWorker.java:close(228)) - f67911da-22a7-4cad-9c8f-7bf30371d239@group-7696DA2110F9-SegmentedRaftLogWorker close()
2019-09-25 05:49:54,518 [99091fd2-8328-4de4-84f5-e3b7c3f0dc1c@group-E5F5CCF87DCA:LeaderElection211] INFO  segmented.SegmentedRaftLogWorker (SegmentedRaftLogWorker.java:startLogSegment(380)) - 99091fd2-8328-4de4-84f5-e3b7c3f0dc1c@group-E5F5CCF87DCA-SegmentedRaftLogWorker: Starting segment from index:0
2019-09-25 05:49:54,517 [ForkJoinPool.commonPool-worker-0] INFO  impl.RaftServerImpl (RaftServerImpl.java:lambda$shutdown$3(251)) - 49db5453-e576-4a11-af8d-74d98f8d549c@group-1934895278C2: shutdown
2019-09-25 05:49:54,512 [99091fd2-8328-4de4-84f5-e3b7c3f0dc1c@group-C889DD1DBBDE:LeaderElection213] INFO  server.RaftServerConfigKeys (ConfUtils.java:logGet(43)) - raft.server.watch.timeout = 10s (default)
2019-09-25 05:49:54,524 [99091fd2-8328-4de4-84f5-e3b7c3f0dc1c@group-E5F5CCF87DCA:LeaderElection211] INFO  impl.RaftServerImpl (ServerState.java:setRaftConf(354)) - 99091fd2-8328-4de4-84f5-e3b7c3f0dc1c@group-E5F5CCF87DCA: set configuration 0: [99091fd2-8328-4de4-84f5-e3b7c3f0dc1c:192.168.30.10:42474], old=null at 0
2019-09-25 05:49:54,524 [ForkJoinPool.commonPool-worker-0] INFO  util.JmxRegister (JmxRegister.java:unregister(73)) - Successfully un-registered JMX Bean with object name Ratis:service=RaftServer,group=group-1934895278C2,id=49db5453-e576-4a11-af8d-74d98f8d549c
2019-09-25 05:49:54,524 [ForkJoinPool.commonPool-worker-0] INFO  impl.RoleInfo (RoleInfo.java:shutdownLeaderState(104)) - 49db5453-e576-4a11-af8d-74d98f8d549c: shutdown LeaderState
2019-09-25 05:49:54,523 [main] INFO  impl.RaftServerImpl (RaftServerImpl.java:lambda$shutdown$3(251)) - f67911da-22a7-4cad-9c8f-7bf30371d239@group-332F75AE8AD0: shutdown
2019-09-25 05:49:54,525 [main] INFO  util.JmxRegister (JmxRegister.java:unregister(73)) - Successfully un-registered JMX Bean with object name Ratis:service=RaftServer,group=group-332F75AE8AD0,id=f67911da-22a7-4cad-9c8f-7bf30371d239
2019-09-25 05:49:54,525 [main] INFO  impl.RoleInfo (RoleInfo.java:shutdownLeaderState(104)) - f67911da-22a7-4cad-9c8f-7bf30371d239: shutdown LeaderState
2019-09-25 05:49:54,525 [ForkJoinPool.commonPool-worker-0] INFO  impl.PendingRequests (PendingRequests.java:sendNotLeaderResponses(202)) - 49db5453-e576-4a11-af8d-74d98f8d549c-PendingRequests: sendNotLeaderResponses
2019-09-25 05:49:54,524 [99091fd2-8328-4de4-84f5-e3b7c3f0dc1c@group-C889DD1DBBDE:LeaderElection213] INFO  server.RaftServerConfigKeys (ConfUtils.java:logGet(43)) - raft.server.watch.timeout.denomination = 1s (default)
2019-09-25 05:49:54,526 [ForkJoinPool.commonPool-worker-0] INFO  impl.StateMachineUpdater (StateMachineUpdater.java:stopAndJoin(125)) - 49db5453-e576-4a11-af8d-74d98f8d549c@group-1934895278C2-StateMachineUpdater: set stopIndex = 0
2019-09-25 05:49:54,526 [ForkJoinPool.commonPool-worker-0] INFO  impl.RaftServerImpl (ServerState.java:close(385)) - 49db5453-e576-4a11-af8d-74d98f8d549c@group-1934895278C2: closes. applyIndex: 0
2019-09-25 05:49:54,525 [main] INFO  impl.PendingRequests (PendingRequests.java:sendNotLeaderResponses(202)) - f67911da-22a7-4cad-9c8f-7bf30371d239-PendingRequests: sendNotLeaderResponses
2019-09-25 05:49:54,526 [49db5453-e576-4a11-af8d-74d98f8d549c@group-1934895278C2-SegmentedRaftLogWorker] INFO  segmented.SegmentedRaftLogWorker (SegmentedRaftLogWorker.java:run(313)) - 49db5453-e576-4a11-af8d-74d98f8d549c@group-1934895278C2-SegmentedRaftLogWorker was interrupted, exiting. There are 0 tasks remaining in the queue.
2019-09-25 05:49:54,526 [99091fd2-8328-4de4-84f5-e3b7c3f0dc1c@group-C889DD1DBBDE:LeaderElection213] INFO  server.RaftServerConfigKeys (ConfUtils.java:logGet(43)) - raft.server.watch.element-limit = 65536 (default)
2019-09-25 05:49:54,552 [ForkJoinPool.commonPool-worker-0] INFO  segmented.SegmentedRaftLogWorker (SegmentedRaftLogWorker.java:close(228)) - 49db5453-e576-4a11-af8d-74d98f8d549c@group-1934895278C2-SegmentedRaftLogWorker close()
2019-09-25 05:49:54,526 [main] INFO  impl.StateMachineUpdater (StateMachineUpdater.java:stopAndJoin(125)) - f67911da-22a7-4cad-9c8f-7bf30371d239@group-332F75AE8AD0-StateMachineUpdater: set stopIndex = 0
2019-09-25 05:49:54,561 [99091fd2-8328-4de4-84f5-e3b7c3f0dc1c@group-E5F5CCF87DCA-SegmentedRaftLogWorker] INFO  segmented.SegmentedRaftLogWorker (SegmentedRaftLogWorker.java:execute(569)) - 99091fd2-8328-4de4-84f5-e3b7c3f0dc1c@group-E5F5CCF87DCA-SegmentedRaftLogWorker: created new log segment /workdir/hadoop-ozone/integration-test/target/test-dir/MiniOzoneClusterImpl-3371874c-cdf9-4999-a21e-92d2cda410bc/datanode-6/data/ratis/c860bae0-3865-46a7-aed0-e5f5ccf87dca/current/log_inprogress_0
2019-09-25 05:49:54,560 [ForkJoinPool.commonPool-worker-0] INFO  impl.RaftServerImpl (RaftServerImpl.java:lambda$shutdown$3(251)) - 49db5453-e576-4a11-af8d-74d98f8d549c@group-CC2817FB673C: shutdown
2019-09-25 05:49:54,561 [main] INFO  impl.RaftServerImpl (ServerState.java:close(385)) - f67911da-22a7-4cad-9c8f-7bf30371d239@group-332F75AE8AD0: closes. applyIndex: 0
2019-09-25 05:49:54,561 [ForkJoinPool.commonPool-worker-0] INFO  util.JmxRegister (JmxRegister.java:unregister(73)) - Successfully un-registered JMX Bean with object name Ratis:service=RaftServer,group=group-CC2817FB673C,id=49db5453-e576-4a11-af8d-74d98f8d549c
2019-09-25 05:49:54,562 [f67911da-22a7-4cad-9c8f-7bf30371d239@group-332F75AE8AD0-SegmentedRaftLogWorker] INFO  segmented.SegmentedRaftLogWorker (SegmentedRaftLogWorker.java:run(313)) - f67911da-22a7-4cad-9c8f-7bf30371d239@group-332F75AE8AD0-SegmentedRaftLogWorker was interrupted, exiting. There are 0 tasks remaining in the queue.
2019-09-25 05:49:54,562 [99091fd2-8328-4de4-84f5-e3b7c3f0dc1c@group-C889DD1DBBDE:LeaderElection213] INFO  impl.RoleInfo (RoleInfo.java:updateAndGet(143)) - 99091fd2-8328-4de4-84f5-e3b7c3f0dc1c: start LeaderState
2019-09-25 05:49:54,566 [main] INFO  segmented.SegmentedRaftLogWorker (SegmentedRaftLogWorker.java:close(228)) - f67911da-22a7-4cad-9c8f-7bf30371d239@group-332F75AE8AD0-SegmentedRaftLogWorker close()
2019-09-25 05:49:54,562 [ForkJoinPool.commonPool-worker-0] INFO  impl.RoleInfo (RoleInfo.java:shutdownFollowerState(121)) - 49db5453-e576-4a11-af8d-74d98f8d549c: shutdown FollowerState
2019-09-25 05:49:54,572 [main] INFO  impl.RaftServerImpl (RaftServerImpl.java:lambda$shutdown$3(251)) - f67911da-22a7-4cad-9c8f-7bf30371d239@group-02FA90CFDB48: shutdown
2019-09-25 05:49:54,572 [main] INFO  util.JmxRegister (JmxRegister.java:unregister(73)) - Successfully un-registered JMX Bean with object name Ratis:service=RaftServer,group=group-02FA90CFDB48,id=f67911da-22a7-4cad-9c8f-7bf30371d239
2019-09-25 05:49:54,566 [99091fd2-8328-4de4-84f5-e3b7c3f0dc1c@group-C889DD1DBBDE:LeaderElection213] INFO  segmented.SegmentedRaftLogWorker (SegmentedRaftLogWorker.java:startLogSegment(380)) - 99091fd2-8328-4de4-84f5-e3b7c3f0dc1c@group-C889DD1DBBDE-SegmentedRaftLogWorker: Starting segment from index:0
2019-09-25 05:49:54,573 [main] INFO  impl.RoleInfo (RoleInfo.java:shutdownLeaderState(104)) - f67911da-22a7-4cad-9c8f-7bf30371d239: shutdown LeaderState
2019-09-25 05:49:54,572 [Thread-2733] INFO  impl.FollowerState (FollowerState.java:run(115)) - 49db5453-e576-4a11-af8d-74d98f8d549c: FollowerState was interrupted: java.lang.InterruptedException: sleep interrupted
2019-09-25 05:49:54,572 [ForkJoinPool.commonPool-worker-0] INFO  impl.StateMachineUpdater (StateMachineUpdater.java:stopAndJoin(125)) - 49db5453-e576-4a11-af8d-74d98f8d549c@group-CC2817FB673C-StateMachineUpdater: set stopIndex = -1
2019-09-25 05:49:54,574 [main] INFO  impl.PendingRequests (PendingRequests.java:sendNotLeaderResponses(202)) - f67911da-22a7-4cad-9c8f-7bf30371d239-PendingRequests: sendNotLeaderResponses
2019-09-25 05:49:54,573 [99091fd2-8328-4de4-84f5-e3b7c3f0dc1c@group-C889DD1DBBDE:LeaderElection213] INFO  impl.RaftServerImpl (ServerState.java:setRaftConf(354)) - 99091fd2-8328-4de4-84f5-e3b7c3f0dc1c@group-C889DD1DBBDE: set configuration 0: [99091fd2-8328-4de4-84f5-e3b7c3f0dc1c:192.168.30.10:42474], old=null at 0
2019-09-25 05:49:54,574 [main] INFO  impl.StateMachineUpdater (StateMachineUpdater.java:stopAndJoin(125)) - f67911da-22a7-4cad-9c8f-7bf30371d239@group-02FA90CFDB48-StateMachineUpdater: set stopIndex = 0
2019-09-25 05:49:54,575 [main] INFO  impl.RaftServerImpl (ServerState.java:close(385)) - f67911da-22a7-4cad-9c8f-7bf30371d239@group-02FA90CFDB48: closes. applyIndex: 0
2019-09-25 05:49:54,574 [ForkJoinPool.commonPool-worker-0] INFO  impl.RaftServerImpl (ServerState.java:close(385)) - 49db5453-e576-4a11-af8d-74d98f8d549c@group-CC2817FB673C: closes. applyIndex: -1
2019-09-25 05:49:54,575 [f67911da-22a7-4cad-9c8f-7bf30371d239@group-02FA90CFDB48-SegmentedRaftLogWorker] INFO  segmented.SegmentedRaftLogWorker (SegmentedRaftLogWorker.java:run(313)) - f67911da-22a7-4cad-9c8f-7bf30371d239@group-02FA90CFDB48-SegmentedRaftLogWorker was interrupted, exiting. There are 0 tasks remaining in the queue.
2019-09-25 05:49:54,576 [49db5453-e576-4a11-af8d-74d98f8d549c@group-CC2817FB673C-SegmentedRaftLogWorker] INFO  segmented.SegmentedRaftLogWorker (SegmentedRaftLogWorker.java:run(313)) - 49db5453-e576-4a11-af8d-74d98f8d549c@group-CC2817FB673C-SegmentedRaftLogWorker was interrupted, exiting. There are 0 tasks remaining in the queue.
2019-09-25 05:49:54,601 [main] INFO  segmented.SegmentedRaftLogWorker (SegmentedRaftLogWorker.java:close(228)) - f67911da-22a7-4cad-9c8f-7bf30371d239@group-02FA90CFDB48-SegmentedRaftLogWorker close()
2019-09-25 05:49:54,601 [ForkJoinPool.commonPool-worker-0] INFO  segmented.SegmentedRaftLogWorker (SegmentedRaftLogWorker.java:close(228)) - 49db5453-e576-4a11-af8d-74d98f8d549c@group-CC2817FB673C-SegmentedRaftLogWorker close()
2019-09-25 05:49:54,607 [main] INFO  impl.RaftServerImpl (RaftServerImpl.java:lambda$shutdown$3(251)) - f67911da-22a7-4cad-9c8f-7bf30371d239@group-9A999EE53D78: shutdown
2019-09-25 05:49:54,612 [ForkJoinPool.commonPool-worker-0] INFO  impl.RaftServerImpl (RaftServerImpl.java:lambda$shutdown$3(251)) - 49db5453-e576-4a11-af8d-74d98f8d549c@group-F265B14C1C61: shutdown
2019-09-25 05:49:54,612 [main] INFO  util.JmxRegister (JmxRegister.java:unregister(73)) - Successfully un-registered JMX Bean with object name Ratis:service=RaftServer,group=group-9A999EE53D78,id=f67911da-22a7-4cad-9c8f-7bf30371d239
2019-09-25 05:49:54,613 [ForkJoinPool.commonPool-worker-0] INFO  util.JmxRegister (JmxRegister.java:unregister(73)) - Successfully un-registered JMX Bean with object name Ratis:service=RaftServer,group=group-F265B14C1C61,id=49db5453-e576-4a11-af8d-74d98f8d549c
2019-09-25 05:49:54,613 [main] INFO  impl.RoleInfo (RoleInfo.java:shutdownFollowerState(121)) - f67911da-22a7-4cad-9c8f-7bf30371d239: shutdown FollowerState
2019-09-25 05:49:54,613 [ForkJoinPool.commonPool-worker-0] INFO  impl.RoleInfo (RoleInfo.java:shutdownLeaderState(104)) - 49db5453-e576-4a11-af8d-74d98f8d549c: shutdown LeaderState
2019-09-25 05:49:54,614 [Thread-2709] INFO  impl.FollowerState (FollowerState.java:run(115)) - f67911da-22a7-4cad-9c8f-7bf30371d239: FollowerState was interrupted: java.lang.InterruptedException: sleep interrupted
2019-09-25 05:49:54,614 [ForkJoinPool.commonPool-worker-0] INFO  impl.PendingRequests (PendingRequests.java:sendNotLeaderResponses(202)) - 49db5453-e576-4a11-af8d-74d98f8d549c-PendingRequests: sendNotLeaderResponses
2019-09-25 05:49:54,614 [main] INFO  impl.StateMachineUpdater (StateMachineUpdater.java:stopAndJoin(125)) - f67911da-22a7-4cad-9c8f-7bf30371d239@group-9A999EE53D78-StateMachineUpdater: set stopIndex = -1
2019-09-25 05:49:54,615 [main] INFO  impl.RaftServerImpl (ServerState.java:close(385)) - f67911da-22a7-4cad-9c8f-7bf30371d239@group-9A999EE53D78: closes. applyIndex: -1
2019-09-25 05:49:54,615 [ForkJoinPool.commonPool-worker-0] INFO  impl.StateMachineUpdater (StateMachineUpdater.java:stopAndJoin(125)) - 49db5453-e576-4a11-af8d-74d98f8d549c@group-F265B14C1C61-StateMachineUpdater: set stopIndex = 0
2019-09-25 05:49:54,615 [f67911da-22a7-4cad-9c8f-7bf30371d239@group-9A999EE53D78-SegmentedRaftLogWorker] INFO  segmented.SegmentedRaftLogWorker (SegmentedRaftLogWorker.java:run(313)) - f67911da-22a7-4cad-9c8f-7bf30371d239@group-9A999EE53D78-SegmentedRaftLogWorker was interrupted, exiting. There are 0 tasks remaining in the queue.
2019-09-25 05:49:54,616 [ForkJoinPool.commonPool-worker-0] INFO  impl.RaftServerImpl (ServerState.java:close(385)) - 49db5453-e576-4a11-af8d-74d98f8d549c@group-F265B14C1C61: closes. applyIndex: 0
2019-09-25 05:49:54,616 [99091fd2-8328-4de4-84f5-e3b7c3f0dc1c@group-C889DD1DBBDE-SegmentedRaftLogWorker] INFO  segmented.SegmentedRaftLogWorker (SegmentedRaftLogWorker.java:execute(569)) - 99091fd2-8328-4de4-84f5-e3b7c3f0dc1c@group-C889DD1DBBDE-SegmentedRaftLogWorker: created new log segment /workdir/hadoop-ozone/integration-test/target/test-dir/MiniOzoneClusterImpl-3371874c-cdf9-4999-a21e-92d2cda410bc/datanode-6/data/ratis/b52c5e1b-acbc-4bd1-8be0-c889dd1dbbde/current/log_inprogress_0
2019-09-25 05:49:54,616 [main] INFO  segmented.SegmentedRaftLogWorker (SegmentedRaftLogWorker.java:close(228)) - f67911da-22a7-4cad-9c8f-7bf30371d239@group-9A999EE53D78-SegmentedRaftLogWorker close()
2019-09-25 05:49:54,616 [49db5453-e576-4a11-af8d-74d98f8d549c@group-F265B14C1C61-SegmentedRaftLogWorker] INFO  segmented.SegmentedRaftLogWorker (SegmentedRaftLogWorker.java:run(313)) - 49db5453-e576-4a11-af8d-74d98f8d549c@group-F265B14C1C61-SegmentedRaftLogWorker was interrupted, exiting. There are 0 tasks remaining in the queue.
2019-09-25 05:49:54,621 [main] INFO  impl.RaftServerImpl (RaftServerImpl.java:lambda$shutdown$3(251)) - f67911da-22a7-4cad-9c8f-7bf30371d239@group-E07AB1B4E9FC: shutdown
2019-09-25 05:49:54,624 [ForkJoinPool.commonPool-worker-0] INFO  segmented.SegmentedRaftLogWorker (SegmentedRaftLogWorker.java:close(228)) - 49db5453-e576-4a11-af8d-74d98f8d549c@group-F265B14C1C61-SegmentedRaftLogWorker close()
2019-09-25 05:49:54,624 [main] INFO  util.JmxRegister (JmxRegister.java:unregister(73)) - Successfully un-registered JMX Bean with object name Ratis:service=RaftServer,group=group-E07AB1B4E9FC,id=f67911da-22a7-4cad-9c8f-7bf30371d239
2019-09-25 05:49:54,629 [main] INFO  impl.RoleInfo (RoleInfo.java:shutdownFollowerState(121)) - f67911da-22a7-4cad-9c8f-7bf30371d239: shutdown FollowerState
2019-09-25 05:49:54,629 [ForkJoinPool.commonPool-worker-0] INFO  impl.RaftServerImpl (RaftServerImpl.java:lambda$shutdown$3(251)) - 49db5453-e576-4a11-af8d-74d98f8d549c@group-E1B022A355F6: shutdown
2019-09-25 05:49:54,630 [Thread-2736] INFO  impl.FollowerState (FollowerState.java:run(115)) - f67911da-22a7-4cad-9c8f-7bf30371d239: FollowerState was interrupted: java.lang.InterruptedException: sleep interrupted
2019-09-25 05:49:54,630 [main] INFO  impl.StateMachineUpdater (StateMachineUpdater.java:stopAndJoin(125)) - f67911da-22a7-4cad-9c8f-7bf30371d239@group-E07AB1B4E9FC-StateMachineUpdater: set stopIndex = -1
2019-09-25 05:49:54,630 [ForkJoinPool.commonPool-worker-0] INFO  util.JmxRegister (JmxRegister.java:unregister(73)) - Successfully un-registered JMX Bean with object name Ratis:service=RaftServer,group=group-E1B022A355F6,id=49db5453-e576-4a11-af8d-74d98f8d549c
2019-09-25 05:49:54,630 [main] INFO  impl.RaftServerImpl (ServerState.java:close(385)) - f67911da-22a7-4cad-9c8f-7bf30371d239@group-E07AB1B4E9FC: closes. applyIndex: -1
2019-09-25 05:49:54,630 [ForkJoinPool.commonPool-worker-0] INFO  impl.RoleInfo (RoleInfo.java:shutdownLeaderState(104)) - 49db5453-e576-4a11-af8d-74d98f8d549c: shutdown LeaderState
2019-09-25 05:49:54,631 [f67911da-22a7-4cad-9c8f-7bf30371d239@group-E07AB1B4E9FC-SegmentedRaftLogWorker] INFO  segmented.SegmentedRaftLogWorker (SegmentedRaftLogWorker.java:run(313)) - f67911da-22a7-4cad-9c8f-7bf30371d239@group-E07AB1B4E9FC-SegmentedRaftLogWorker was interrupted, exiting. There are 0 tasks remaining in the queue.
2019-09-25 05:49:54,631 [ForkJoinPool.commonPool-worker-0] INFO  impl.PendingRequests (PendingRequests.java:sendNotLeaderResponses(202)) - 49db5453-e576-4a11-af8d-74d98f8d549c-PendingRequests: sendNotLeaderResponses
2019-09-25 05:49:54,631 [main] INFO  segmented.SegmentedRaftLogWorker (SegmentedRaftLogWorker.java:close(228)) - f67911da-22a7-4cad-9c8f-7bf30371d239@group-E07AB1B4E9FC-SegmentedRaftLogWorker close()
2019-09-25 05:49:54,631 [ForkJoinPool.commonPool-worker-0] INFO  impl.StateMachineUpdater (StateMachineUpdater.java:stopAndJoin(125)) - 49db5453-e576-4a11-af8d-74d98f8d549c@group-E1B022A355F6-StateMachineUpdater: set stopIndex = 0
2019-09-25 05:49:54,636 [ForkJoinPool.commonPool-worker-0] INFO  impl.RaftServerImpl (ServerState.java:close(385)) - 49db5453-e576-4a11-af8d-74d98f8d549c@group-E1B022A355F6: closes. applyIndex: 0
2019-09-25 05:49:54,636 [main] INFO  server.GrpcService (GrpcService.java:closeImpl(164)) - f67911da-22a7-4cad-9c8f-7bf30371d239: shutdown server with port 40319 now
2019-09-25 05:49:54,637 [49db5453-e576-4a11-af8d-74d98f8d549c@group-E1B022A355F6-SegmentedRaftLogWorker] INFO  segmented.SegmentedRaftLogWorker (SegmentedRaftLogWorker.java:run(313)) - 49db5453-e576-4a11-af8d-74d98f8d549c@group-E1B022A355F6-SegmentedRaftLogWorker was interrupted, exiting. There are 0 tasks remaining in the queue.
2019-09-25 05:49:54,648 [ForkJoinPool.commonPool-worker-0] INFO  segmented.SegmentedRaftLogWorker (SegmentedRaftLogWorker.java:close(228)) - 49db5453-e576-4a11-af8d-74d98f8d549c@group-E1B022A355F6-SegmentedRaftLogWorker close()
2019-09-25 05:49:54,648 [main] INFO  server.GrpcService (GrpcService.java:closeImpl(172)) - f67911da-22a7-4cad-9c8f-7bf30371d239: shutdown server with port 40319 successfully
2019-09-25 05:49:54,651 [ForkJoinPool.commonPool-worker-0] INFO  server.GrpcService (GrpcService.java:closeImpl(164)) - 49db5453-e576-4a11-af8d-74d98f8d549c: shutdown server with port 33957 now
2019-09-25 05:49:54,654 [ForkJoinPool.commonPool-worker-0] INFO  server.GrpcService (GrpcService.java:closeImpl(172)) - 49db5453-e576-4a11-af8d-74d98f8d549c: shutdown server with port 33957 successfully
2019-09-25 05:49:54,659 [refreshUsed-/workdir/hadoop-ozone/integration-test/target/test-dir/MiniOzoneClusterImpl-3371874c-cdf9-4999-a21e-92d2cda410bc/datanode-1/data/containers] WARN  fs.CachingGetSpaceUsed (CachingGetSpaceUsed.java:run(183)) - Thread Interrupted waiting to refresh disk information: sleep interrupted
2019-09-25 05:49:54,662 [refreshUsed-/workdir/hadoop-ozone/integration-test/target/test-dir/MiniOzoneClusterImpl-3371874c-cdf9-4999-a21e-92d2cda410bc/datanode-4/data/containers] WARN  fs.CachingGetSpaceUsed (CachingGetSpaceUsed.java:run(183)) - Thread Interrupted waiting to refresh disk information: sleep interrupted
2019-09-25 05:49:54,672 [main] INFO  utils.BackgroundService (BackgroundService.java:shutdown(148)) - Shutting down service BlockDeletingService
2019-09-25 05:49:54,672 [ForkJoinPool.commonPool-worker-0] INFO  utils.BackgroundService (BackgroundService.java:shutdown(148)) - Shutting down service BlockDeletingService
2019-09-25 05:49:54,683 [main] INFO  statemachine.DatanodeStateMachine (DatanodeStateMachine.java:stopDaemon(395)) - Ozone container server stopped.
2019-09-25 05:49:54,686 [ForkJoinPool.commonPool-worker-0] INFO  statemachine.DatanodeStateMachine (DatanodeStateMachine.java:stopDaemon(395)) - Ozone container server stopped.
2019-09-25 05:49:54,692 [main] INFO  handler.ContextHandler (ContextHandler.java:doStop(910)) - Stopped o.e.j.w.WebAppContext@4c7d7430{/,null,UNAVAILABLE}{/hddsDatanode}
2019-09-25 05:49:54,695 [ForkJoinPool.commonPool-worker-0] INFO  handler.ContextHandler (ContextHandler.java:doStop(910)) - Stopped o.e.j.w.WebAppContext@781654f8{/,null,UNAVAILABLE}{/hddsDatanode}
2019-09-25 05:49:54,695 [main] INFO  server.AbstractConnector (AbstractConnector.java:doStop(318)) - Stopped ServerConnector@4ea1aa52{HTTP/1.1,[http/1.1]}{0.0.0.0:0}
2019-09-25 05:49:54,695 [ForkJoinPool.commonPool-worker-0] INFO  server.AbstractConnector (AbstractConnector.java:doStop(318)) - Stopped ServerConnector@2abc55c4{HTTP/1.1,[http/1.1]}{0.0.0.0:0}
2019-09-25 05:49:54,696 [main] INFO  handler.ContextHandler (ContextHandler.java:doStop(910)) - Stopped o.e.j.s.ServletContextHandler@35fa450f{/static,jar:file:/home/user/.m2/repository/org/apache/hadoop/hadoop-hdds-container-service/0.5.0-SNAPSHOT/hadoop-hdds-container-service-0.5.0-SNAPSHOT.jar!/webapps/static,UNAVAILABLE}
2019-09-25 05:49:54,698 [ForkJoinPool.commonPool-worker-0] INFO  handler.ContextHandler (ContextHandler.java:doStop(910)) - Stopped o.e.j.s.ServletContextHandler@51f68849{/static,jar:file:/home/user/.m2/repository/org/apache/hadoop/hadoop-hdds-container-service/0.5.0-SNAPSHOT/hadoop-hdds-container-service-0.5.0-SNAPSHOT.jar!/webapps/static,UNAVAILABLE}
2019-09-25 05:49:54,699 [main] INFO  handler.ContextHandler (ContextHandler.java:doStop(910)) - Stopped o.e.j.s.ServletContextHandler@c97721b{/logs,file:///workdir/hadoop-ozone/integration-test/target/log,UNAVAILABLE}
2019-09-25 05:49:54,701 [ForkJoinPool.commonPool-worker-0] INFO  handler.ContextHandler (ContextHandler.java:doStop(910)) - Stopped o.e.j.s.ServletContextHandler@621f23ac{/logs,file:///workdir/hadoop-ozone/integration-test/target/log,UNAVAILABLE}
2019-09-25 05:49:55,060 [Datanode State Machine Thread - 0] INFO  statemachine.DatanodeStateMachine (DatanodeStateMachine.java:lambda$startDaemon$0(350)) - Ozone container server started.
2019-09-25 05:49:55,061 [Datanode State Machine Thread - 0] INFO  statemachine.DatanodeStateMachine (DatanodeStateMachine.java:lambda$startDaemon$0(350)) - Ozone container server started.
2019-09-25 05:49:59,091 [Thread-2742] INFO  impl.FollowerState (FollowerState.java:run(106)) - fc8c9bb1-dbbf-4b8a-ac9f-72a0e03a2e86:group-1BCD0ECFDE70 changes to CANDIDATE, lastRpcTime:10431, electionTimeout:5032ms
2019-09-25 05:49:59,091 [Thread-2742] INFO  impl.RoleInfo (RoleInfo.java:shutdownFollowerState(121)) - fc8c9bb1-dbbf-4b8a-ac9f-72a0e03a2e86: shutdown FollowerState
2019-09-25 05:49:59,092 [Thread-2742] INFO  impl.RaftServerImpl (RaftServerImpl.java:setRole(174)) - fc8c9bb1-dbbf-4b8a-ac9f-72a0e03a2e86@group-1BCD0ECFDE70: changes role from  FOLLOWER to CANDIDATE at term 0 for changeToCandidate
2019-09-25 05:49:59,092 [Thread-2742] INFO  impl.RoleInfo (RoleInfo.java:updateAndGet(143)) - fc8c9bb1-dbbf-4b8a-ac9f-72a0e03a2e86: start LeaderElection
2019-09-25 05:49:59,106 [EventQueue-StaleNodeForStaleNodeHandler] INFO  node.StaleNodeHandler (StaleNodeHandler.java:onMessage(58)) - Datanode 41cc7451-3c22-4fa0-b0d4-151937985196{ip: 192.168.30.10, host: pr-hdds-1569-s62bp-3040748787, networkLocation: /default-rack, certSerialId: null} moved to stale state. Finalizing its pipelines [PipelineID=3a3593ca-8ead-4c9e-8be6-367960e757e5, PipelineID=76081d0e-7966-4c3f-bd80-1a7f78757e42, PipelineID=e7778371-f5bf-4928-aed2-6d2af0657334, PipelineID=95a17e90-eeaf-4270-acf3-bf570b9b47fb, PipelineID=c869108f-8842-42d1-b1bf-768aae0996c2, PipelineID=c51b9cac-a659-4e26-a909-aa3d1d65ebe4]
2019-09-25 05:49:59,107 [EventQueue-StaleNodeForStaleNodeHandler] INFO  pipeline.SCMPipelineManager (SCMPipelineManager.java:finalizeAndDestroyPipeline(317)) - destroying pipeline:Pipeline[ Id: 3a3593ca-8ead-4c9e-8be6-367960e757e5, Nodes: 41cc7451-3c22-4fa0-b0d4-151937985196{ip: 192.168.30.10, host: pr-hdds-1569-s62bp-3040748787, networkLocation: /default-rack, certSerialId: null}, Type:RATIS, Factor:ONE, State:OPEN]
2019-09-25 05:49:59,107 [EventQueue-StaleNodeForStaleNodeHandler] INFO  pipeline.PipelineStateManager (PipelineStateManager.java:finalizePipeline(123)) - Pipeline Pipeline[ Id: 3a3593ca-8ead-4c9e-8be6-367960e757e5, Nodes: 41cc7451-3c22-4fa0-b0d4-151937985196{ip: 192.168.30.10, host: pr-hdds-1569-s62bp-3040748787, networkLocation: /default-rack, certSerialId: null}, Type:RATIS, Factor:ONE, State:CLOSED] moved to CLOSED state
2019-09-25 05:49:59,107 [EventQueue-StaleNodeForStaleNodeHandler] INFO  pipeline.SCMPipelineManager (SCMPipelineManager.java:finalizeAndDestroyPipeline(317)) - destroying pipeline:Pipeline[ Id: 76081d0e-7966-4c3f-bd80-1a7f78757e42, Nodes: 41cc7451-3c22-4fa0-b0d4-151937985196{ip: 192.168.30.10, host: pr-hdds-1569-s62bp-3040748787, networkLocation: /default-rack, certSerialId: null}, Type:RATIS, Factor:ONE, State:OPEN]
2019-09-25 05:49:59,107 [EventQueue-StaleNodeForStaleNodeHandler] INFO  pipeline.PipelineStateManager (PipelineStateManager.java:finalizePipeline(123)) - Pipeline Pipeline[ Id: 76081d0e-7966-4c3f-bd80-1a7f78757e42, Nodes: 41cc7451-3c22-4fa0-b0d4-151937985196{ip: 192.168.30.10, host: pr-hdds-1569-s62bp-3040748787, networkLocation: /default-rack, certSerialId: null}, Type:RATIS, Factor:ONE, State:CLOSED] moved to CLOSED state
2019-09-25 05:49:59,108 [EventQueue-StaleNodeForStaleNodeHandler] INFO  pipeline.SCMPipelineManager (SCMPipelineManager.java:finalizeAndDestroyPipeline(317)) - destroying pipeline:Pipeline[ Id: e7778371-f5bf-4928-aed2-6d2af0657334, Nodes: 41cc7451-3c22-4fa0-b0d4-151937985196{ip: 192.168.30.10, host: pr-hdds-1569-s62bp-3040748787, networkLocation: /default-rack, certSerialId: null}, Type:RATIS, Factor:ONE, State:OPEN]
2019-09-25 05:49:59,108 [EventQueue-StaleNodeForStaleNodeHandler] INFO  pipeline.PipelineStateManager (PipelineStateManager.java:finalizePipeline(123)) - Pipeline Pipeline[ Id: e7778371-f5bf-4928-aed2-6d2af0657334, Nodes: 41cc7451-3c22-4fa0-b0d4-151937985196{ip: 192.168.30.10, host: pr-hdds-1569-s62bp-3040748787, networkLocation: /default-rack, certSerialId: null}, Type:RATIS, Factor:ONE, State:CLOSED] moved to CLOSED state
2019-09-25 05:49:59,108 [EventQueue-StaleNodeForStaleNodeHandler] INFO  pipeline.SCMPipelineManager (SCMPipelineManager.java:finalizeAndDestroyPipeline(317)) - destroying pipeline:Pipeline[ Id: 95a17e90-eeaf-4270-acf3-bf570b9b47fb, Nodes: 41cc7451-3c22-4fa0-b0d4-151937985196{ip: 192.168.30.10, host: pr-hdds-1569-s62bp-3040748787, networkLocation: /default-rack, certSerialId: null}, Type:RATIS, Factor:ONE, State:OPEN]
2019-09-25 05:49:59,108 [EventQueue-StaleNodeForStaleNodeHandler] INFO  pipeline.PipelineStateManager (PipelineStateManager.java:finalizePipeline(123)) - Pipeline Pipeline[ Id: 95a17e90-eeaf-4270-acf3-bf570b9b47fb, Nodes: 41cc7451-3c22-4fa0-b0d4-151937985196{ip: 192.168.30.10, host: pr-hdds-1569-s62bp-3040748787, networkLocation: /default-rack, certSerialId: null}, Type:RATIS, Factor:ONE, State:CLOSED] moved to CLOSED state
2019-09-25 05:49:59,108 [EventQueue-StaleNodeForStaleNodeHandler] INFO  pipeline.SCMPipelineManager (SCMPipelineManager.java:finalizeAndDestroyPipeline(317)) - destroying pipeline:Pipeline[ Id: c869108f-8842-42d1-b1bf-768aae0996c2, Nodes: 41cc7451-3c22-4fa0-b0d4-151937985196{ip: 192.168.30.10, host: pr-hdds-1569-s62bp-3040748787, networkLocation: /default-rack, certSerialId: null}, Type:RATIS, Factor:ONE, State:OPEN]
2019-09-25 05:49:59,108 [EventQueue-StaleNodeForStaleNodeHandler] INFO  pipeline.PipelineStateManager (PipelineStateManager.java:finalizePipeline(123)) - Pipeline Pipeline[ Id: c869108f-8842-42d1-b1bf-768aae0996c2, Nodes: 41cc7451-3c22-4fa0-b0d4-151937985196{ip: 192.168.30.10, host: pr-hdds-1569-s62bp-3040748787, networkLocation: /default-rack, certSerialId: null}, Type:RATIS, Factor:ONE, State:CLOSED] moved to CLOSED state
2019-09-25 05:49:59,108 [EventQueue-StaleNodeForStaleNodeHandler] INFO  pipeline.SCMPipelineManager (SCMPipelineManager.java:finalizeAndDestroyPipeline(317)) - destroying pipeline:Pipeline[ Id: c51b9cac-a659-4e26-a909-aa3d1d65ebe4, Nodes: 41cc7451-3c22-4fa0-b0d4-151937985196{ip: 192.168.30.10, host: pr-hdds-1569-s62bp-3040748787, networkLocation: /default-rack, certSerialId: null}, Type:RATIS, Factor:ONE, State:OPEN]
2019-09-25 05:49:59,108 [EventQueue-StaleNodeForStaleNodeHandler] INFO  pipeline.PipelineStateManager (PipelineStateManager.java:finalizePipeline(123)) - Pipeline Pipeline[ Id: c51b9cac-a659-4e26-a909-aa3d1d65ebe4, Nodes: 41cc7451-3c22-4fa0-b0d4-151937985196{ip: 192.168.30.10, host: pr-hdds-1569-s62bp-3040748787, networkLocation: /default-rack, certSerialId: null}, Type:RATIS, Factor:ONE, State:CLOSED] moved to CLOSED state
2019-09-25 05:49:59,109 [EventQueue-StaleNodeForStaleNodeHandler] INFO  node.StaleNodeHandler (StaleNodeHandler.java:onMessage(58)) - Datanode 44082f05-803b-4c97-a9e5-c320db8eea77{ip: 192.168.30.10, host: pr-hdds-1569-s62bp-3040748787, networkLocation: /default-rack, certSerialId: null} moved to stale state. Finalizing its pipelines [PipelineID=96fbcfd2-546a-4d96-b11f-805bd0e4e7a6, PipelineID=0384f504-0ab2-4280-89b9-25b1b080a31c, PipelineID=3cae3cd5-3a11-4aa4-850b-a04d9cb9a66c, PipelineID=434b031a-e852-4639-889c-59f6536967b4, PipelineID=712c40d4-5749-484a-a0fa-fdd26832ecbf, PipelineID=c51d3dbb-e8b0-4a9c-b146-4c385bfe0084]
2019-09-25 05:49:59,109 [EventQueue-StaleNodeForStaleNodeHandler] INFO  pipeline.SCMPipelineManager (SCMPipelineManager.java:finalizeAndDestroyPipeline(317)) - destroying pipeline:Pipeline[ Id: 96fbcfd2-546a-4d96-b11f-805bd0e4e7a6, Nodes: 44082f05-803b-4c97-a9e5-c320db8eea77{ip: 192.168.30.10, host: pr-hdds-1569-s62bp-3040748787, networkLocation: /default-rack, certSerialId: null}, Type:RATIS, Factor:ONE, State:OPEN]
2019-09-25 05:49:59,109 [EventQueue-StaleNodeForStaleNodeHandler] INFO  pipeline.PipelineStateManager (PipelineStateManager.java:finalizePipeline(123)) - Pipeline Pipeline[ Id: 96fbcfd2-546a-4d96-b11f-805bd0e4e7a6, Nodes: 44082f05-803b-4c97-a9e5-c320db8eea77{ip: 192.168.30.10, host: pr-hdds-1569-s62bp-3040748787, networkLocation: /default-rack, certSerialId: null}, Type:RATIS, Factor:ONE, State:CLOSED] moved to CLOSED state
2019-09-25 05:49:59,109 [EventQueue-StaleNodeForStaleNodeHandler] INFO  pipeline.SCMPipelineManager (SCMPipelineManager.java:finalizeAndDestroyPipeline(317)) - destroying pipeline:Pipeline[ Id: 0384f504-0ab2-4280-89b9-25b1b080a31c, Nodes: 44082f05-803b-4c97-a9e5-c320db8eea77{ip: 192.168.30.10, host: pr-hdds-1569-s62bp-3040748787, networkLocation: /default-rack, certSerialId: null}, Type:RATIS, Factor:ONE, State:OPEN]
2019-09-25 05:49:59,109 [EventQueue-StaleNodeForStaleNodeHandler] INFO  pipeline.PipelineStateManager (PipelineStateManager.java:finalizePipeline(123)) - Pipeline Pipeline[ Id: 0384f504-0ab2-4280-89b9-25b1b080a31c, Nodes: 44082f05-803b-4c97-a9e5-c320db8eea77{ip: 192.168.30.10, host: pr-hdds-1569-s62bp-3040748787, networkLocation: /default-rack, certSerialId: null}, Type:RATIS, Factor:ONE, State:CLOSED] moved to CLOSED state
2019-09-25 05:49:59,109 [EventQueue-StaleNodeForStaleNodeHandler] INFO  pipeline.SCMPipelineManager (SCMPipelineManager.java:finalizeAndDestroyPipeline(317)) - destroying pipeline:Pipeline[ Id: 3cae3cd5-3a11-4aa4-850b-a04d9cb9a66c, Nodes: 44082f05-803b-4c97-a9e5-c320db8eea77{ip: 192.168.30.10, host: pr-hdds-1569-s62bp-3040748787, networkLocation: /default-rack, certSerialId: null}, Type:RATIS, Factor:ONE, State:OPEN]
2019-09-25 05:49:59,109 [EventQueue-StaleNodeForStaleNodeHandler] INFO  pipeline.PipelineStateManager (PipelineStateManager.java:finalizePipeline(123)) - Pipeline Pipeline[ Id: 3cae3cd5-3a11-4aa4-850b-a04d9cb9a66c, Nodes: 44082f05-803b-4c97-a9e5-c320db8eea77{ip: 192.168.30.10, host: pr-hdds-1569-s62bp-3040748787, networkLocation: /default-rack, certSerialId: null}, Type:RATIS, Factor:ONE, State:CLOSED] moved to CLOSED state
2019-09-25 05:49:59,109 [EventQueue-StaleNodeForStaleNodeHandler] INFO  pipeline.SCMPipelineManager (SCMPipelineManager.java:finalizeAndDestroyPipeline(317)) - destroying pipeline:Pipeline[ Id: 434b031a-e852-4639-889c-59f6536967b4, Nodes: 44082f05-803b-4c97-a9e5-c320db8eea77{ip: 192.168.30.10, host: pr-hdds-1569-s62bp-3040748787, networkLocation: /default-rack, certSerialId: null}, Type:RATIS, Factor:ONE, State:OPEN]
2019-09-25 05:49:59,109 [EventQueue-StaleNodeForStaleNodeHandler] INFO  pipeline.PipelineStateManager (PipelineStateManager.java:finalizePipeline(123)) - Pipeline Pipeline[ Id: 434b031a-e852-4639-889c-59f6536967b4, Nodes: 44082f05-803b-4c97-a9e5-c320db8eea77{ip: 192.168.30.10, host: pr-hdds-1569-s62bp-3040748787, networkLocation: /default-rack, certSerialId: null}, Type:RATIS, Factor:ONE, State:CLOSED] moved to CLOSED state
2019-09-25 05:49:59,110 [EventQueue-StaleNodeForStaleNodeHandler] INFO  pipeline.SCMPipelineManager (SCMPipelineManager.java:finalizeAndDestroyPipeline(317)) - destroying pipeline:Pipeline[ Id: 712c40d4-5749-484a-a0fa-fdd26832ecbf, Nodes: 44082f05-803b-4c97-a9e5-c320db8eea77{ip: 192.168.30.10, host: pr-hdds-1569-s62bp-3040748787, networkLocation: /default-rack, certSerialId: null}, Type:RATIS, Factor:ONE, State:OPEN]
2019-09-25 05:49:59,110 [EventQueue-StaleNodeForStaleNodeHandler] INFO  pipeline.PipelineStateManager (PipelineStateManager.java:finalizePipeline(123)) - Pipeline Pipeline[ Id: 712c40d4-5749-484a-a0fa-fdd26832ecbf, Nodes: 44082f05-803b-4c97-a9e5-c320db8eea77{ip: 192.168.30.10, host: pr-hdds-1569-s62bp-3040748787, networkLocation: /default-rack, certSerialId: null}, Type:RATIS, Factor:ONE, State:CLOSED] moved to CLOSED state
2019-09-25 05:49:59,110 [EventQueue-StaleNodeForStaleNodeHandler] INFO  pipeline.SCMPipelineManager (SCMPipelineManager.java:finalizeAndDestroyPipeline(317)) - destroying pipeline:Pipeline[ Id: c51d3dbb-e8b0-4a9c-b146-4c385bfe0084, Nodes: 44082f05-803b-4c97-a9e5-c320db8eea77{ip: 192.168.30.10, host: pr-hdds-1569-s62bp-3040748787, networkLocation: /default-rack, certSerialId: null}, Type:RATIS, Factor:ONE, State:OPEN]
2019-09-25 05:49:59,110 [EventQueue-StaleNodeForStaleNodeHandler] INFO  pipeline.PipelineStateManager (PipelineStateManager.java:finalizePipeline(123)) - Pipeline Pipeline[ Id: c51d3dbb-e8b0-4a9c-b146-4c385bfe0084, Nodes: 44082f05-803b-4c97-a9e5-c320db8eea77{ip: 192.168.30.10, host: pr-hdds-1569-s62bp-3040748787, networkLocation: /default-rack, certSerialId: null}, Type:RATIS, Factor:ONE, State:CLOSED] moved to CLOSED state
2019-09-25 05:49:59,111 [Thread-2724] INFO  impl.FollowerState (FollowerState.java:run(106)) - 01bb1e87-3b88-425d-af88-cd320b9a7275:group-454A52701B35 changes to CANDIDATE, lastRpcTime:10677, electionTimeout:5011ms
2019-09-25 05:49:59,115 [Thread-2724] INFO  impl.RoleInfo (RoleInfo.java:shutdownFollowerState(121)) - 01bb1e87-3b88-425d-af88-cd320b9a7275: shutdown FollowerState
2019-09-25 05:49:59,115 [Thread-2724] INFO  impl.RaftServerImpl (RaftServerImpl.java:setRole(174)) - 01bb1e87-3b88-425d-af88-cd320b9a7275@group-454A52701B35: changes role from  FOLLOWER to CANDIDATE at term 0 for changeToCandidate
2019-09-25 05:49:59,115 [Thread-2724] INFO  impl.RoleInfo (RoleInfo.java:updateAndGet(143)) - 01bb1e87-3b88-425d-af88-cd320b9a7275: start LeaderElection
2019-09-25 05:49:59,118 [fc8c9bb1-dbbf-4b8a-ac9f-72a0e03a2e86@group-1BCD0ECFDE70:LeaderElection214] INFO  impl.LeaderElection (LeaderElection.java:askForVotes(182)) - fc8c9bb1-dbbf-4b8a-ac9f-72a0e03a2e86@group-1BCD0ECFDE70:LeaderElection214: begin an election at term 1 for -1: [fc8c9bb1-dbbf-4b8a-ac9f-72a0e03a2e86:192.168.30.10:41113], old=null
2019-09-25 05:49:59,118 [fc8c9bb1-dbbf-4b8a-ac9f-72a0e03a2e86@group-1BCD0ECFDE70:LeaderElection214] INFO  impl.RoleInfo (RoleInfo.java:shutdownLeaderElection(134)) - fc8c9bb1-dbbf-4b8a-ac9f-72a0e03a2e86: shutdown LeaderElection
2019-09-25 05:49:59,118 [fc8c9bb1-dbbf-4b8a-ac9f-72a0e03a2e86@group-1BCD0ECFDE70:LeaderElection214] INFO  impl.RaftServerImpl (RaftServerImpl.java:setRole(174)) - fc8c9bb1-dbbf-4b8a-ac9f-72a0e03a2e86@group-1BCD0ECFDE70: changes role from CANDIDATE to LEADER at term 1 for changeToLeader
2019-09-25 05:49:59,119 [fc8c9bb1-dbbf-4b8a-ac9f-72a0e03a2e86@group-1BCD0ECFDE70:LeaderElection214] INFO  impl.RaftServerImpl (ServerState.java:setLeader(253)) - fc8c9bb1-dbbf-4b8a-ac9f-72a0e03a2e86@group-1BCD0ECFDE70: change Leader from null to fc8c9bb1-dbbf-4b8a-ac9f-72a0e03a2e86 at term 1 for becomeLeader, leader elected after 10464ms
2019-09-25 05:49:59,119 [fc8c9bb1-dbbf-4b8a-ac9f-72a0e03a2e86@group-1BCD0ECFDE70:LeaderElection214] INFO  server.RaftServerConfigKeys (ConfUtils.java:logGet(43)) - raft.server.staging.catchup.gap = 1000 (default)
2019-09-25 05:49:59,119 [fc8c9bb1-dbbf-4b8a-ac9f-72a0e03a2e86@group-1BCD0ECFDE70:LeaderElection214] INFO  server.RaftServerConfigKeys (ConfUtils.java:logGet(43)) - raft.server.rpc.sleep.time = 25ms (default)
2019-09-25 05:49:59,119 [fc8c9bb1-dbbf-4b8a-ac9f-72a0e03a2e86@group-1BCD0ECFDE70:LeaderElection214] INFO  server.RaftServerConfigKeys (ConfUtils.java:logGet(43)) - raft.server.write.element-limit = 4096 (default)
2019-09-25 05:49:59,119 [fc8c9bb1-dbbf-4b8a-ac9f-72a0e03a2e86@group-1BCD0ECFDE70:LeaderElection214] INFO  server.RaftServerConfigKeys (ConfUtils.java:logGet(43)) - raft.server.watch.timeout = 10s (default)
2019-09-25 05:49:59,119 [fc8c9bb1-dbbf-4b8a-ac9f-72a0e03a2e86@group-1BCD0ECFDE70:LeaderElection214] INFO  server.RaftServerConfigKeys (ConfUtils.java:logGet(43)) - raft.server.watch.timeout.denomination = 1s (default)
2019-09-25 05:49:59,119 [fc8c9bb1-dbbf-4b8a-ac9f-72a0e03a2e86@group-1BCD0ECFDE70:LeaderElection214] INFO  server.RaftServerConfigKeys (ConfUtils.java:logGet(43)) - raft.server.watch.element-limit = 65536 (default)
2019-09-25 05:49:59,120 [01bb1e87-3b88-425d-af88-cd320b9a7275@group-454A52701B35:LeaderElection215] INFO  impl.LeaderElection (LeaderElection.java:askForVotes(182)) - 01bb1e87-3b88-425d-af88-cd320b9a7275@group-454A52701B35:LeaderElection215: begin an election at term 1 for -1: [01bb1e87-3b88-425d-af88-cd320b9a7275:192.168.30.10:41549], old=null
2019-09-25 05:49:59,120 [01bb1e87-3b88-425d-af88-cd320b9a7275@group-454A52701B35:LeaderElection215] INFO  impl.RoleInfo (RoleInfo.java:shutdownLeaderElection(134)) - 01bb1e87-3b88-425d-af88-cd320b9a7275: shutdown LeaderElection
2019-09-25 05:49:59,120 [01bb1e87-3b88-425d-af88-cd320b9a7275@group-454A52701B35:LeaderElection215] INFO  impl.RaftServerImpl (RaftServerImpl.java:setRole(174)) - 01bb1e87-3b88-425d-af88-cd320b9a7275@group-454A52701B35: changes role from CANDIDATE to LEADER at term 1 for changeToLeader
2019-09-25 05:49:59,120 [01bb1e87-3b88-425d-af88-cd320b9a7275@group-454A52701B35:LeaderElection215] INFO  impl.RaftServerImpl (ServerState.java:setLeader(253)) - 01bb1e87-3b88-425d-af88-cd320b9a7275@group-454A52701B35: change Leader from null to 01bb1e87-3b88-425d-af88-cd320b9a7275 at term 1 for becomeLeader, leader elected after 10691ms
2019-09-25 05:49:59,120 [01bb1e87-3b88-425d-af88-cd320b9a7275@group-454A52701B35:LeaderElection215] INFO  server.RaftServerConfigKeys (ConfUtils.java:logGet(43)) - raft.server.staging.catchup.gap = 1000 (default)
2019-09-25 05:49:59,120 [01bb1e87-3b88-425d-af88-cd320b9a7275@group-454A52701B35:LeaderElection215] INFO  server.RaftServerConfigKeys (ConfUtils.java:logGet(43)) - raft.server.rpc.sleep.time = 25ms (default)
2019-09-25 05:49:59,121 [01bb1e87-3b88-425d-af88-cd320b9a7275@group-454A52701B35:LeaderElection215] INFO  server.RaftServerConfigKeys (ConfUtils.java:logGet(43)) - raft.server.write.element-limit = 4096 (default)
2019-09-25 05:49:59,121 [01bb1e87-3b88-425d-af88-cd320b9a7275@group-454A52701B35:LeaderElection215] INFO  server.RaftServerConfigKeys (ConfUtils.java:logGet(43)) - raft.server.watch.timeout = 10s (default)
2019-09-25 05:49:59,121 [01bb1e87-3b88-425d-af88-cd320b9a7275@group-454A52701B35:LeaderElection215] INFO  server.RaftServerConfigKeys (ConfUtils.java:logGet(43)) - raft.server.watch.timeout.denomination = 1s (default)
2019-09-25 05:49:59,121 [01bb1e87-3b88-425d-af88-cd320b9a7275@group-454A52701B35:LeaderElection215] INFO  server.RaftServerConfigKeys (ConfUtils.java:logGet(43)) - raft.server.watch.element-limit = 65536 (default)
2019-09-25 05:49:59,121 [fc8c9bb1-dbbf-4b8a-ac9f-72a0e03a2e86@group-1BCD0ECFDE70:LeaderElection214] INFO  impl.RoleInfo (RoleInfo.java:updateAndGet(143)) - fc8c9bb1-dbbf-4b8a-ac9f-72a0e03a2e86: start LeaderState
2019-09-25 05:49:59,122 [fc8c9bb1-dbbf-4b8a-ac9f-72a0e03a2e86@group-1BCD0ECFDE70:LeaderElection214] INFO  segmented.SegmentedRaftLogWorker (SegmentedRaftLogWorker.java:startLogSegment(380)) - fc8c9bb1-dbbf-4b8a-ac9f-72a0e03a2e86@group-1BCD0ECFDE70-SegmentedRaftLogWorker: Starting segment from index:0
2019-09-25 05:49:59,122 [01bb1e87-3b88-425d-af88-cd320b9a7275@group-454A52701B35:LeaderElection215] INFO  impl.RoleInfo (RoleInfo.java:updateAndGet(143)) - 01bb1e87-3b88-425d-af88-cd320b9a7275: start LeaderState
2019-09-25 05:49:59,122 [fc8c9bb1-dbbf-4b8a-ac9f-72a0e03a2e86@group-1BCD0ECFDE70:LeaderElection214] INFO  impl.RaftServerImpl (ServerState.java:setRaftConf(354)) - fc8c9bb1-dbbf-4b8a-ac9f-72a0e03a2e86@group-1BCD0ECFDE70: set configuration 0: [fc8c9bb1-dbbf-4b8a-ac9f-72a0e03a2e86:192.168.30.10:41113], old=null at 0
2019-09-25 05:49:59,122 [01bb1e87-3b88-425d-af88-cd320b9a7275@group-454A52701B35:LeaderElection215] INFO  segmented.SegmentedRaftLogWorker (SegmentedRaftLogWorker.java:startLogSegment(380)) - 01bb1e87-3b88-425d-af88-cd320b9a7275@group-454A52701B35-SegmentedRaftLogWorker: Starting segment from index:0
2019-09-25 05:49:59,123 [01bb1e87-3b88-425d-af88-cd320b9a7275@group-454A52701B35:LeaderElection215] INFO  impl.RaftServerImpl (ServerState.java:setRaftConf(354)) - 01bb1e87-3b88-425d-af88-cd320b9a7275@group-454A52701B35: set configuration 0: [01bb1e87-3b88-425d-af88-cd320b9a7275:192.168.30.10:41549], old=null at 0
2019-09-25 05:49:59,153 [Thread-2727] INFO  impl.FollowerState (FollowerState.java:run(106)) - 01bb1e87-3b88-425d-af88-cd320b9a7275:group-536D60464021 changes to CANDIDATE, lastRpcTime:10683, electionTimeout:5053ms
2019-09-25 05:49:59,153 [Thread-2727] INFO  impl.RoleInfo (RoleInfo.java:shutdownFollowerState(121)) - 01bb1e87-3b88-425d-af88-cd320b9a7275: shutdown FollowerState
2019-09-25 05:49:59,153 [Thread-2727] INFO  impl.RaftServerImpl (RaftServerImpl.java:setRole(174)) - 01bb1e87-3b88-425d-af88-cd320b9a7275@group-536D60464021: changes role from  FOLLOWER to CANDIDATE at term 0 for changeToCandidate
2019-09-25 05:49:59,153 [Thread-2727] INFO  impl.RoleInfo (RoleInfo.java:updateAndGet(143)) - 01bb1e87-3b88-425d-af88-cd320b9a7275: start LeaderElection
2019-09-25 05:49:59,156 [fc8c9bb1-dbbf-4b8a-ac9f-72a0e03a2e86@group-1BCD0ECFDE70-SegmentedRaftLogWorker] INFO  segmented.SegmentedRaftLogWorker (SegmentedRaftLogWorker.java:execute(569)) - fc8c9bb1-dbbf-4b8a-ac9f-72a0e03a2e86@group-1BCD0ECFDE70-SegmentedRaftLogWorker: created new log segment /workdir/hadoop-ozone/integration-test/target/test-dir/MiniOzoneClusterImpl-3371874c-cdf9-4999-a21e-92d2cda410bc/datanode-5/data/ratis/455f489c-a909-40e0-b222-1bcd0ecfde70/current/log_inprogress_0
2019-09-25 05:49:59,156 [01bb1e87-3b88-425d-af88-cd320b9a7275@group-454A52701B35-SegmentedRaftLogWorker] INFO  segmented.SegmentedRaftLogWorker (SegmentedRaftLogWorker.java:execute(569)) - 01bb1e87-3b88-425d-af88-cd320b9a7275@group-454A52701B35-SegmentedRaftLogWorker: created new log segment /workdir/hadoop-ozone/integration-test/target/test-dir/MiniOzoneClusterImpl-3371874c-cdf9-4999-a21e-92d2cda410bc/datanode-0/data/ratis/ba4b4847-8477-41f6-ba88-454a52701b35/current/log_inprogress_0
2019-09-25 05:49:59,168 [Thread-2721] INFO  impl.FollowerState (FollowerState.java:run(106)) - 41cc7451-3c22-4fa0-b0d4-151937985196:group-367960E757E5 changes to CANDIDATE, lastRpcTime:10771, electionTimeout:5069ms
2019-09-25 05:49:59,168 [Thread-2721] INFO  impl.RoleInfo (RoleInfo.java:shutdownFollowerState(121)) - 41cc7451-3c22-4fa0-b0d4-151937985196: shutdown FollowerState
2019-09-25 05:49:59,169 [Thread-2721] INFO  impl.RaftServerImpl (RaftServerImpl.java:setRole(174)) - 41cc7451-3c22-4fa0-b0d4-151937985196@group-367960E757E5: changes role from  FOLLOWER to CANDIDATE at term 0 for changeToCandidate
2019-09-25 05:49:59,169 [Thread-2721] INFO  impl.RoleInfo (RoleInfo.java:updateAndGet(143)) - 41cc7451-3c22-4fa0-b0d4-151937985196: start LeaderElection
2019-09-25 05:49:59,169 [01bb1e87-3b88-425d-af88-cd320b9a7275@group-536D60464021:LeaderElection216] INFO  impl.LeaderElection (LeaderElection.java:askForVotes(182)) - 01bb1e87-3b88-425d-af88-cd320b9a7275@group-536D60464021:LeaderElection216: begin an election at term 1 for -1: [01bb1e87-3b88-425d-af88-cd320b9a7275:192.168.30.10:41549], old=null
2019-09-25 05:49:59,169 [01bb1e87-3b88-425d-af88-cd320b9a7275@group-536D60464021:LeaderElection216] INFO  impl.RoleInfo (RoleInfo.java:shutdownLeaderElection(134)) - 01bb1e87-3b88-425d-af88-cd320b9a7275: shutdown LeaderElection
2019-09-25 05:49:59,169 [01bb1e87-3b88-425d-af88-cd320b9a7275@group-536D60464021:LeaderElection216] INFO  impl.RaftServerImpl (RaftServerImpl.java:setRole(174)) - 01bb1e87-3b88-425d-af88-cd320b9a7275@group-536D60464021: changes role from CANDIDATE to LEADER at term 1 for changeToLeader
2019-09-25 05:49:59,169 [01bb1e87-3b88-425d-af88-cd320b9a7275@group-536D60464021:LeaderElection216] INFO  impl.RaftServerImpl (ServerState.java:setLeader(253)) - 01bb1e87-3b88-425d-af88-cd320b9a7275@group-536D60464021: change Leader from null to 01bb1e87-3b88-425d-af88-cd320b9a7275 at term 1 for becomeLeader, leader elected after 10703ms
2019-09-25 05:49:59,169 [01bb1e87-3b88-425d-af88-cd320b9a7275@group-536D60464021:LeaderElection216] INFO  server.RaftServerConfigKeys (ConfUtils.java:logGet(43)) - raft.server.staging.catchup.gap = 1000 (default)
2019-09-25 05:49:59,169 [01bb1e87-3b88-425d-af88-cd320b9a7275@group-536D60464021:LeaderElection216] INFO  server.RaftServerConfigKeys (ConfUtils.java:logGet(43)) - raft.server.rpc.sleep.time = 25ms (default)
2019-09-25 05:49:59,170 [01bb1e87-3b88-425d-af88-cd320b9a7275@group-536D60464021:LeaderElection216] INFO  server.RaftServerConfigKeys (ConfUtils.java:logGet(43)) - raft.server.write.element-limit = 4096 (default)
2019-09-25 05:49:59,170 [01bb1e87-3b88-425d-af88-cd320b9a7275@group-536D60464021:LeaderElection216] INFO  server.RaftServerConfigKeys (ConfUtils.java:logGet(43)) - raft.server.watch.timeout = 10s (default)
2019-09-25 05:49:59,170 [01bb1e87-3b88-425d-af88-cd320b9a7275@group-536D60464021:LeaderElection216] INFO  server.RaftServerConfigKeys (ConfUtils.java:logGet(43)) - raft.server.watch.timeout.denomination = 1s (default)
2019-09-25 05:49:59,170 [01bb1e87-3b88-425d-af88-cd320b9a7275@group-536D60464021:LeaderElection216] INFO  server.RaftServerConfigKeys (ConfUtils.java:logGet(43)) - raft.server.watch.element-limit = 65536 (default)
2019-09-25 05:49:59,171 [01bb1e87-3b88-425d-af88-cd320b9a7275@group-536D60464021:LeaderElection216] INFO  impl.RoleInfo (RoleInfo.java:updateAndGet(143)) - 01bb1e87-3b88-425d-af88-cd320b9a7275: start LeaderState
2019-09-25 05:49:59,172 [01bb1e87-3b88-425d-af88-cd320b9a7275@group-536D60464021:LeaderElection216] INFO  segmented.SegmentedRaftLogWorker (SegmentedRaftLogWorker.java:startLogSegment(380)) - 01bb1e87-3b88-425d-af88-cd320b9a7275@group-536D60464021-SegmentedRaftLogWorker: Starting segment from index:0
2019-09-25 05:49:59,172 [01bb1e87-3b88-425d-af88-cd320b9a7275@group-536D60464021:LeaderElection216] INFO  impl.RaftServerImpl (ServerState.java:setRaftConf(354)) - 01bb1e87-3b88-425d-af88-cd320b9a7275@group-536D60464021: set configuration 0: [01bb1e87-3b88-425d-af88-cd320b9a7275:192.168.30.10:41549], old=null at 0
2019-09-25 05:49:59,172 [41cc7451-3c22-4fa0-b0d4-151937985196@group-367960E757E5:LeaderElection217] INFO  impl.LeaderElection (LeaderElection.java:askForVotes(182)) - 41cc7451-3c22-4fa0-b0d4-151937985196@group-367960E757E5:LeaderElection217: begin an election at term 1 for -1: [41cc7451-3c22-4fa0-b0d4-151937985196:192.168.30.10:36622], old=null
2019-09-25 05:49:59,173 [41cc7451-3c22-4fa0-b0d4-151937985196@group-367960E757E5:LeaderElection217] INFO  impl.RoleInfo (RoleInfo.java:shutdownLeaderElection(134)) - 41cc7451-3c22-4fa0-b0d4-151937985196: shutdown LeaderElection
2019-09-25 05:49:59,173 [41cc7451-3c22-4fa0-b0d4-151937985196@group-367960E757E5:LeaderElection217] INFO  impl.RaftServerImpl (RaftServerImpl.java:setRole(174)) - 41cc7451-3c22-4fa0-b0d4-151937985196@group-367960E757E5: changes role from CANDIDATE to LEADER at term 1 for changeToLeader
2019-09-25 05:49:59,173 [41cc7451-3c22-4fa0-b0d4-151937985196@group-367960E757E5:LeaderElection217] INFO  impl.RaftServerImpl (ServerState.java:setLeader(253)) - 41cc7451-3c22-4fa0-b0d4-151937985196@group-367960E757E5: change Leader from null to 41cc7451-3c22-4fa0-b0d4-151937985196 at term 1 for becomeLeader, leader elected after 10780ms
2019-09-25 05:49:59,173 [Thread-2718] INFO  impl.FollowerState (FollowerState.java:run(106)) - fc8c9bb1-dbbf-4b8a-ac9f-72a0e03a2e86:group-36F12120368E changes to CANDIDATE, lastRpcTime:10814, electionTimeout:5073ms
2019-09-25 05:49:59,173 [41cc7451-3c22-4fa0-b0d4-151937985196@group-367960E757E5:LeaderElection217] INFO  server.RaftServerConfigKeys (ConfUtils.java:logGet(43)) - raft.server.staging.catchup.gap = 1000 (default)
2019-09-25 05:49:59,173 [Thread-2718] INFO  impl.RoleInfo (RoleInfo.java:shutdownFollowerState(121)) - fc8c9bb1-dbbf-4b8a-ac9f-72a0e03a2e86: shutdown FollowerState
2019-09-25 05:49:59,173 [41cc7451-3c22-4fa0-b0d4-151937985196@group-367960E757E5:LeaderElection217] INFO  server.RaftServerConfigKeys (ConfUtils.java:logGet(43)) - raft.server.rpc.sleep.time = 25ms (default)
2019-09-25 05:49:59,173 [Thread-2718] INFO  impl.RaftServerImpl (RaftServerImpl.java:setRole(174)) - fc8c9bb1-dbbf-4b8a-ac9f-72a0e03a2e86@group-36F12120368E: changes role from  FOLLOWER to CANDIDATE at term 0 for changeToCandidate
2019-09-25 05:49:59,173 [41cc7451-3c22-4fa0-b0d4-151937985196@group-367960E757E5:LeaderElection217] INFO  server.RaftServerConfigKeys (ConfUtils.java:logGet(43)) - raft.server.write.element-limit = 4096 (default)
2019-09-25 05:49:59,174 [Thread-2718] INFO  impl.RoleInfo (RoleInfo.java:updateAndGet(143)) - fc8c9bb1-dbbf-4b8a-ac9f-72a0e03a2e86: start LeaderElection
2019-09-25 05:49:59,174 [41cc7451-3c22-4fa0-b0d4-151937985196@group-367960E757E5:LeaderElection217] INFO  server.RaftServerConfigKeys (ConfUtils.java:logGet(43)) - raft.server.watch.timeout = 10s (default)
2019-09-25 05:49:59,174 [41cc7451-3c22-4fa0-b0d4-151937985196@group-367960E757E5:LeaderElection217] INFO  server.RaftServerConfigKeys (ConfUtils.java:logGet(43)) - raft.server.watch.timeout.denomination = 1s (default)
2019-09-25 05:49:59,174 [41cc7451-3c22-4fa0-b0d4-151937985196@group-367960E757E5:LeaderElection217] INFO  server.RaftServerConfigKeys (ConfUtils.java:logGet(43)) - raft.server.watch.element-limit = 65536 (default)
2019-09-25 05:49:59,176 [41cc7451-3c22-4fa0-b0d4-151937985196@group-367960E757E5:LeaderElection217] INFO  impl.RoleInfo (RoleInfo.java:updateAndGet(143)) - 41cc7451-3c22-4fa0-b0d4-151937985196: start LeaderState
2019-09-25 05:49:59,176 [41cc7451-3c22-4fa0-b0d4-151937985196@group-367960E757E5:LeaderElection217] INFO  segmented.SegmentedRaftLogWorker (SegmentedRaftLogWorker.java:startLogSegment(380)) - 41cc7451-3c22-4fa0-b0d4-151937985196@group-367960E757E5-SegmentedRaftLogWorker: Starting segment from index:0
2019-09-25 05:49:59,177 [41cc7451-3c22-4fa0-b0d4-151937985196@group-367960E757E5:LeaderElection217] INFO  impl.RaftServerImpl (ServerState.java:setRaftConf(354)) - 41cc7451-3c22-4fa0-b0d4-151937985196@group-367960E757E5: set configuration 0: [41cc7451-3c22-4fa0-b0d4-151937985196:192.168.30.10:36622], old=null at 0
2019-09-25 05:49:59,177 [fc8c9bb1-dbbf-4b8a-ac9f-72a0e03a2e86@group-36F12120368E:LeaderElection218] INFO  impl.LeaderElection (LeaderElection.java:askForVotes(182)) - fc8c9bb1-dbbf-4b8a-ac9f-72a0e03a2e86@group-36F12120368E:LeaderElection218: begin an election at term 1 for -1: [fc8c9bb1-dbbf-4b8a-ac9f-72a0e03a2e86:192.168.30.10:41113], old=null
2019-09-25 05:49:59,178 [fc8c9bb1-dbbf-4b8a-ac9f-72a0e03a2e86@group-36F12120368E:LeaderElection218] INFO  impl.RoleInfo (RoleInfo.java:shutdownLeaderElection(134)) - fc8c9bb1-dbbf-4b8a-ac9f-72a0e03a2e86: shutdown LeaderElection
2019-09-25 05:49:59,178 [fc8c9bb1-dbbf-4b8a-ac9f-72a0e03a2e86@group-36F12120368E:LeaderElection218] INFO  impl.RaftServerImpl (RaftServerImpl.java:setRole(174)) - fc8c9bb1-dbbf-4b8a-ac9f-72a0e03a2e86@group-36F12120368E: changes role from CANDIDATE to LEADER at term 1 for changeToLeader
2019-09-25 05:49:59,178 [fc8c9bb1-dbbf-4b8a-ac9f-72a0e03a2e86@group-36F12120368E:LeaderElection218] INFO  impl.RaftServerImpl (ServerState.java:setLeader(253)) - fc8c9bb1-dbbf-4b8a-ac9f-72a0e03a2e86@group-36F12120368E: change Leader from null to fc8c9bb1-dbbf-4b8a-ac9f-72a0e03a2e86 at term 1 for becomeLeader, leader elected after 10823ms
2019-09-25 05:49:59,178 [fc8c9bb1-dbbf-4b8a-ac9f-72a0e03a2e86@group-36F12120368E:LeaderElection218] INFO  server.RaftServerConfigKeys (ConfUtils.java:logGet(43)) - raft.server.staging.catchup.gap = 1000 (default)
2019-09-25 05:49:59,178 [fc8c9bb1-dbbf-4b8a-ac9f-72a0e03a2e86@group-36F12120368E:LeaderElection218] INFO  server.RaftServerConfigKeys (ConfUtils.java:logGet(43)) - raft.server.rpc.sleep.time = 25ms (default)
2019-09-25 05:49:59,178 [fc8c9bb1-dbbf-4b8a-ac9f-72a0e03a2e86@group-36F12120368E:LeaderElection218] INFO  server.RaftServerConfigKeys (ConfUtils.java:logGet(43)) - raft.server.write.element-limit = 4096 (default)
2019-09-25 05:49:59,178 [fc8c9bb1-dbbf-4b8a-ac9f-72a0e03a2e86@group-36F12120368E:LeaderElection218] INFO  server.RaftServerConfigKeys (ConfUtils.java:logGet(43)) - raft.server.watch.timeout = 10s (default)
2019-09-25 05:49:59,178 [fc8c9bb1-dbbf-4b8a-ac9f-72a0e03a2e86@group-36F12120368E:LeaderElection218] INFO  server.RaftServerConfigKeys (ConfUtils.java:logGet(43)) - raft.server.watch.timeout.denomination = 1s (default)
2019-09-25 05:49:59,179 [fc8c9bb1-dbbf-4b8a-ac9f-72a0e03a2e86@group-36F12120368E:LeaderElection218] INFO  server.RaftServerConfigKeys (ConfUtils.java:logGet(43)) - raft.server.watch.element-limit = 65536 (default)
2019-09-25 05:49:59,180 [fc8c9bb1-dbbf-4b8a-ac9f-72a0e03a2e86@group-36F12120368E:LeaderElection218] INFO  impl.RoleInfo (RoleInfo.java:updateAndGet(143)) - fc8c9bb1-dbbf-4b8a-ac9f-72a0e03a2e86: start LeaderState
2019-09-25 05:49:59,180 [fc8c9bb1-dbbf-4b8a-ac9f-72a0e03a2e86@group-36F12120368E:LeaderElection218] INFO  segmented.SegmentedRaftLogWorker (SegmentedRaftLogWorker.java:startLogSegment(380)) - fc8c9bb1-dbbf-4b8a-ac9f-72a0e03a2e86@group-36F12120368E-SegmentedRaftLogWorker: Starting segment from index:0
2019-09-25 05:49:59,181 [fc8c9bb1-dbbf-4b8a-ac9f-72a0e03a2e86@group-36F12120368E:LeaderElection218] INFO  impl.RaftServerImpl (ServerState.java:setRaftConf(354)) - fc8c9bb1-dbbf-4b8a-ac9f-72a0e03a2e86@group-36F12120368E: set configuration 0: [fc8c9bb1-dbbf-4b8a-ac9f-72a0e03a2e86:192.168.30.10:41113], old=null at 0
2019-09-25 05:49:59,189 [01bb1e87-3b88-425d-af88-cd320b9a7275@group-536D60464021-SegmentedRaftLogWorker] INFO  segmented.SegmentedRaftLogWorker (SegmentedRaftLogWorker.java:execute(569)) - 01bb1e87-3b88-425d-af88-cd320b9a7275@group-536D60464021-SegmentedRaftLogWorker: created new log segment /workdir/hadoop-ozone/integration-test/target/test-dir/MiniOzoneClusterImpl-3371874c-cdf9-4999-a21e-92d2cda410bc/datanode-0/data/ratis/e74b4508-25b6-4f5f-a206-536d60464021/current/log_inprogress_0
2019-09-25 05:49:59,214 [fc8c9bb1-dbbf-4b8a-ac9f-72a0e03a2e86@group-36F12120368E-SegmentedRaftLogWorker] INFO  segmented.SegmentedRaftLogWorker (SegmentedRaftLogWorker.java:execute(569)) - fc8c9bb1-dbbf-4b8a-ac9f-72a0e03a2e86@group-36F12120368E-SegmentedRaftLogWorker: created new log segment /workdir/hadoop-ozone/integration-test/target/test-dir/MiniOzoneClusterImpl-3371874c-cdf9-4999-a21e-92d2cda410bc/datanode-5/data/ratis/4b70160c-98cc-4be7-b735-36f12120368e/current/log_inprogress_0
2019-09-25 05:49:59,217 [41cc7451-3c22-4fa0-b0d4-151937985196@group-367960E757E5-SegmentedRaftLogWorker] INFO  segmented.SegmentedRaftLogWorker (SegmentedRaftLogWorker.java:execute(569)) - 41cc7451-3c22-4fa0-b0d4-151937985196@group-367960E757E5-SegmentedRaftLogWorker: created new log segment /workdir/hadoop-ozone/integration-test/target/test-dir/MiniOzoneClusterImpl-3371874c-cdf9-4999-a21e-92d2cda410bc/datanode-2/data/ratis/3a3593ca-8ead-4c9e-8be6-367960e757e5/current/log_inprogress_0
2019-09-25 05:49:59,257 [Thread-2730] INFO  impl.FollowerState (FollowerState.java:run(106)) - 44082f05-803b-4c97-a9e5-c320db8eea77:group-59F6536967B4 changes to CANDIDATE, lastRpcTime:10746, electionTimeout:5157ms
2019-09-25 05:49:59,257 [Thread-2730] INFO  impl.RoleInfo (RoleInfo.java:shutdownFollowerState(121)) - 44082f05-803b-4c97-a9e5-c320db8eea77: shutdown FollowerState
2019-09-25 05:49:59,257 [Thread-2730] INFO  impl.RaftServerImpl (RaftServerImpl.java:setRole(174)) - 44082f05-803b-4c97-a9e5-c320db8eea77@group-59F6536967B4: changes role from  FOLLOWER to CANDIDATE at term 0 for changeToCandidate
2019-09-25 05:49:59,257 [Thread-2730] INFO  impl.RoleInfo (RoleInfo.java:updateAndGet(143)) - 44082f05-803b-4c97-a9e5-c320db8eea77: start LeaderElection
2019-09-25 05:49:59,269 [44082f05-803b-4c97-a9e5-c320db8eea77@group-59F6536967B4:LeaderElection219] INFO  impl.LeaderElection (LeaderElection.java:askForVotes(182)) - 44082f05-803b-4c97-a9e5-c320db8eea77@group-59F6536967B4:LeaderElection219: begin an election at term 1 for -1: [44082f05-803b-4c97-a9e5-c320db8eea77:192.168.30.10:44033], old=null
2019-09-25 05:49:59,270 [44082f05-803b-4c97-a9e5-c320db8eea77@group-59F6536967B4:LeaderElection219] INFO  impl.RoleInfo (RoleInfo.java:shutdownLeaderElection(134)) - 44082f05-803b-4c97-a9e5-c320db8eea77: shutdown LeaderElection
2019-09-25 05:49:59,270 [44082f05-803b-4c97-a9e5-c320db8eea77@group-59F6536967B4:LeaderElection219] INFO  impl.RaftServerImpl (RaftServerImpl.java:setRole(174)) - 44082f05-803b-4c97-a9e5-c320db8eea77@group-59F6536967B4: changes role from CANDIDATE to LEADER at term 1 for changeToLeader
2019-09-25 05:49:59,270 [44082f05-803b-4c97-a9e5-c320db8eea77@group-59F6536967B4:LeaderElection219] INFO  impl.RaftServerImpl (ServerState.java:setLeader(253)) - 44082f05-803b-4c97-a9e5-c320db8eea77@group-59F6536967B4: change Leader from null to 44082f05-803b-4c97-a9e5-c320db8eea77 at term 1 for becomeLeader, leader elected after 10764ms
2019-09-25 05:49:59,270 [44082f05-803b-4c97-a9e5-c320db8eea77@group-59F6536967B4:LeaderElection219] INFO  server.RaftServerConfigKeys (ConfUtils.java:logGet(43)) - raft.server.staging.catchup.gap = 1000 (default)
2019-09-25 05:49:59,270 [44082f05-803b-4c97-a9e5-c320db8eea77@group-59F6536967B4:LeaderElection219] INFO  server.RaftServerConfigKeys (ConfUtils.java:logGet(43)) - raft.server.rpc.sleep.time = 25ms (default)
2019-09-25 05:49:59,270 [44082f05-803b-4c97-a9e5-c320db8eea77@group-59F6536967B4:LeaderElection219] INFO  server.RaftServerConfigKeys (ConfUtils.java:logGet(43)) - raft.server.write.element-limit = 4096 (default)
2019-09-25 05:49:59,270 [44082f05-803b-4c97-a9e5-c320db8eea77@group-59F6536967B4:LeaderElection219] INFO  server.RaftServerConfigKeys (ConfUtils.java:logGet(43)) - raft.server.watch.timeout = 10s (default)
2019-09-25 05:49:59,270 [44082f05-803b-4c97-a9e5-c320db8eea77@group-59F6536967B4:LeaderElection219] INFO  server.RaftServerConfigKeys (ConfUtils.java:logGet(43)) - raft.server.watch.timeout.denomination = 1s (default)
2019-09-25 05:49:59,270 [44082f05-803b-4c97-a9e5-c320db8eea77@group-59F6536967B4:LeaderElection219] INFO  server.RaftServerConfigKeys (ConfUtils.java:logGet(43)) - raft.server.watch.element-limit = 65536 (default)
2019-09-25 05:49:59,271 [44082f05-803b-4c97-a9e5-c320db8eea77@group-59F6536967B4:LeaderElection219] INFO  impl.RoleInfo (RoleInfo.java:updateAndGet(143)) - 44082f05-803b-4c97-a9e5-c320db8eea77: start LeaderState
2019-09-25 05:49:59,272 [44082f05-803b-4c97-a9e5-c320db8eea77@group-59F6536967B4:LeaderElection219] INFO  segmented.SegmentedRaftLogWorker (SegmentedRaftLogWorker.java:startLogSegment(380)) - 44082f05-803b-4c97-a9e5-c320db8eea77@group-59F6536967B4-SegmentedRaftLogWorker: Starting segment from index:0
2019-09-25 05:49:59,272 [44082f05-803b-4c97-a9e5-c320db8eea77@group-59F6536967B4:LeaderElection219] INFO  impl.RaftServerImpl (ServerState.java:setRaftConf(354)) - 44082f05-803b-4c97-a9e5-c320db8eea77@group-59F6536967B4: set configuration 0: [44082f05-803b-4c97-a9e5-c320db8eea77:192.168.30.10:44033], old=null at 0
2019-09-25 05:49:59,300 [44082f05-803b-4c97-a9e5-c320db8eea77@group-59F6536967B4-SegmentedRaftLogWorker] INFO  segmented.SegmentedRaftLogWorker (SegmentedRaftLogWorker.java:execute(569)) - 44082f05-803b-4c97-a9e5-c320db8eea77@group-59F6536967B4-SegmentedRaftLogWorker: created new log segment /workdir/hadoop-ozone/integration-test/target/test-dir/MiniOzoneClusterImpl-3371874c-cdf9-4999-a21e-92d2cda410bc/datanode-3/data/ratis/434b031a-e852-4639-889c-59f6536967b4/current/log_inprogress_0
2019-09-25 05:49:59,703 [main] INFO  ozoneimpl.OzoneContainer (OzoneContainer.java:stop(231)) - Attempting to stop container services.
2019-09-25 05:49:59,703 [ForkJoinPool.commonPool-worker-0] INFO  ozoneimpl.OzoneContainer (OzoneContainer.java:stop(231)) - Attempting to stop container services.
2019-09-25 05:49:59,704 [main] INFO  impl.RaftServerProxy (RaftServerProxy.java:lambda$close$4(314)) - 44082f05-803b-4c97-a9e5-c320db8eea77: close
2019-09-25 05:49:59,704 [ForkJoinPool.commonPool-worker-0] INFO  impl.RaftServerProxy (RaftServerProxy.java:lambda$close$4(314)) - 41cc7451-3c22-4fa0-b0d4-151937985196: close
2019-09-25 05:49:59,704 [main] INFO  impl.RaftServerImpl (RaftServerImpl.java:lambda$shutdown$3(251)) - 44082f05-803b-4c97-a9e5-c320db8eea77@group-25B1B080A31C: shutdown
2019-09-25 05:49:59,704 [ForkJoinPool.commonPool-worker-0] INFO  impl.RaftServerImpl (RaftServerImpl.java:lambda$shutdown$3(251)) - 41cc7451-3c22-4fa0-b0d4-151937985196@group-1A7F78757E42: shutdown
2019-09-25 05:49:59,705 [main] INFO  util.JmxRegister (JmxRegister.java:unregister(73)) - Successfully un-registered JMX Bean with object name Ratis:service=RaftServer,group=group-25B1B080A31C,id=44082f05-803b-4c97-a9e5-c320db8eea77
2019-09-25 05:49:59,705 [main] INFO  impl.RoleInfo (RoleInfo.java:shutdownLeaderState(104)) - 44082f05-803b-4c97-a9e5-c320db8eea77: shutdown LeaderState
2019-09-25 05:49:59,705 [ForkJoinPool.commonPool-worker-0] INFO  util.JmxRegister (JmxRegister.java:unregister(73)) - Successfully un-registered JMX Bean with object name Ratis:service=RaftServer,group=group-1A7F78757E42,id=41cc7451-3c22-4fa0-b0d4-151937985196
2019-09-25 05:49:59,705 [main] INFO  impl.PendingRequests (PendingRequests.java:sendNotLeaderResponses(202)) - 44082f05-803b-4c97-a9e5-c320db8eea77-PendingRequests: sendNotLeaderResponses
2019-09-25 05:49:59,706 [ForkJoinPool.commonPool-worker-0] INFO  impl.RoleInfo (RoleInfo.java:shutdownLeaderState(104)) - 41cc7451-3c22-4fa0-b0d4-151937985196: shutdown LeaderState
2019-09-25 05:49:59,706 [main] INFO  impl.StateMachineUpdater (StateMachineUpdater.java:stopAndJoin(125)) - 44082f05-803b-4c97-a9e5-c320db8eea77@group-25B1B080A31C-StateMachineUpdater: set stopIndex = 0
2019-09-25 05:49:59,706 [ForkJoinPool.commonPool-worker-0] INFO  impl.PendingRequests (PendingRequests.java:sendNotLeaderResponses(202)) - 41cc7451-3c22-4fa0-b0d4-151937985196-PendingRequests: sendNotLeaderResponses
2019-09-25 05:49:59,710 [main] INFO  impl.RaftServerImpl (ServerState.java:close(385)) - 44082f05-803b-4c97-a9e5-c320db8eea77@group-25B1B080A31C: closes. applyIndex: 0
2019-09-25 05:49:59,711 [ForkJoinPool.commonPool-worker-0] INFO  impl.StateMachineUpdater (StateMachineUpdater.java:stopAndJoin(125)) - 41cc7451-3c22-4fa0-b0d4-151937985196@group-1A7F78757E42-StateMachineUpdater: set stopIndex = 0
2019-09-25 05:49:59,711 [44082f05-803b-4c97-a9e5-c320db8eea77@group-25B1B080A31C-SegmentedRaftLogWorker] INFO  segmented.SegmentedRaftLogWorker (SegmentedRaftLogWorker.java:run(313)) - 44082f05-803b-4c97-a9e5-c320db8eea77@group-25B1B080A31C-SegmentedRaftLogWorker was interrupted, exiting. There are 0 tasks remaining in the queue.
2019-09-25 05:49:59,711 [ForkJoinPool.commonPool-worker-0] INFO  impl.RaftServerImpl (ServerState.java:close(385)) - 41cc7451-3c22-4fa0-b0d4-151937985196@group-1A7F78757E42: closes. applyIndex: 0
2019-09-25 05:49:59,712 [main] INFO  segmented.SegmentedRaftLogWorker (SegmentedRaftLogWorker.java:close(228)) - 44082f05-803b-4c97-a9e5-c320db8eea77@group-25B1B080A31C-SegmentedRaftLogWorker close()
2019-09-25 05:49:59,712 [41cc7451-3c22-4fa0-b0d4-151937985196@group-1A7F78757E42-SegmentedRaftLogWorker] INFO  segmented.SegmentedRaftLogWorker (SegmentedRaftLogWorker.java:run(313)) - 41cc7451-3c22-4fa0-b0d4-151937985196@group-1A7F78757E42-SegmentedRaftLogWorker was interrupted, exiting. There are 0 tasks remaining in the queue.
2019-09-25 05:49:59,715 [main] INFO  impl.RaftServerImpl (RaftServerImpl.java:lambda$shutdown$3(251)) - 44082f05-803b-4c97-a9e5-c320db8eea77@group-805BD0E4E7A6: shutdown
2019-09-25 05:49:59,716 [ForkJoinPool.commonPool-worker-0] INFO  segmented.SegmentedRaftLogWorker (SegmentedRaftLogWorker.java:close(228)) - 41cc7451-3c22-4fa0-b0d4-151937985196@group-1A7F78757E42-SegmentedRaftLogWorker close()
2019-09-25 05:49:59,716 [main] INFO  util.JmxRegister (JmxRegister.java:unregister(73)) - Successfully un-registered JMX Bean with object name Ratis:service=RaftServer,group=group-805BD0E4E7A6,id=44082f05-803b-4c97-a9e5-c320db8eea77
2019-09-25 05:49:59,719 [ForkJoinPool.commonPool-worker-0] INFO  impl.RaftServerImpl (RaftServerImpl.java:lambda$shutdown$3(251)) - 41cc7451-3c22-4fa0-b0d4-151937985196@group-367960E757E5: shutdown
2019-09-25 05:49:59,720 [main] INFO  impl.RoleInfo (RoleInfo.java:shutdownLeaderState(104)) - 44082f05-803b-4c97-a9e5-c320db8eea77: shutdown LeaderState
2019-09-25 05:49:59,720 [ForkJoinPool.commonPool-worker-0] INFO  util.JmxRegister (JmxRegister.java:unregister(73)) - Successfully un-registered JMX Bean with object name Ratis:service=RaftServer,group=group-367960E757E5,id=41cc7451-3c22-4fa0-b0d4-151937985196
2019-09-25 05:49:59,721 [main] INFO  impl.PendingRequests (PendingRequests.java:sendNotLeaderResponses(202)) - 44082f05-803b-4c97-a9e5-c320db8eea77-PendingRequests: sendNotLeaderResponses
2019-09-25 05:49:59,721 [ForkJoinPool.commonPool-worker-0] INFO  impl.RoleInfo (RoleInfo.java:shutdownLeaderState(104)) - 41cc7451-3c22-4fa0-b0d4-151937985196: shutdown LeaderState
2019-09-25 05:49:59,721 [main] INFO  impl.StateMachineUpdater (StateMachineUpdater.java:stopAndJoin(125)) - 44082f05-803b-4c97-a9e5-c320db8eea77@group-805BD0E4E7A6-StateMachineUpdater: set stopIndex = 0
2019-09-25 05:49:59,721 [ForkJoinPool.commonPool-worker-0] INFO  impl.PendingRequests (PendingRequests.java:sendNotLeaderResponses(202)) - 41cc7451-3c22-4fa0-b0d4-151937985196-PendingRequests: sendNotLeaderResponses
2019-09-25 05:49:59,722 [main] INFO  impl.RaftServerImpl (ServerState.java:close(385)) - 44082f05-803b-4c97-a9e5-c320db8eea77@group-805BD0E4E7A6: closes. applyIndex: 0
2019-09-25 05:49:59,722 [ForkJoinPool.commonPool-worker-0] INFO  impl.StateMachineUpdater (StateMachineUpdater.java:stopAndJoin(125)) - 41cc7451-3c22-4fa0-b0d4-151937985196@group-367960E757E5-StateMachineUpdater: set stopIndex = 0
2019-09-25 05:49:59,723 [ForkJoinPool.commonPool-worker-0] INFO  impl.RaftServerImpl (ServerState.java:close(385)) - 41cc7451-3c22-4fa0-b0d4-151937985196@group-367960E757E5: closes. applyIndex: 0
2019-09-25 05:49:59,723 [44082f05-803b-4c97-a9e5-c320db8eea77@group-805BD0E4E7A6-SegmentedRaftLogWorker] INFO  segmented.SegmentedRaftLogWorker (SegmentedRaftLogWorker.java:run(313)) - 44082f05-803b-4c97-a9e5-c320db8eea77@group-805BD0E4E7A6-SegmentedRaftLogWorker was interrupted, exiting. There are 0 tasks remaining in the queue.
2019-09-25 05:49:59,723 [41cc7451-3c22-4fa0-b0d4-151937985196@group-367960E757E5-SegmentedRaftLogWorker] INFO  segmented.SegmentedRaftLogWorker (SegmentedRaftLogWorker.java:run(313)) - 41cc7451-3c22-4fa0-b0d4-151937985196@group-367960E757E5-SegmentedRaftLogWorker was interrupted, exiting. There are 0 tasks remaining in the queue.
2019-09-25 05:49:59,723 [main] INFO  segmented.SegmentedRaftLogWorker (SegmentedRaftLogWorker.java:close(228)) - 44082f05-803b-4c97-a9e5-c320db8eea77@group-805BD0E4E7A6-SegmentedRaftLogWorker close()
2019-09-25 05:49:59,726 [ForkJoinPool.commonPool-worker-0] INFO  segmented.SegmentedRaftLogWorker (SegmentedRaftLogWorker.java:close(228)) - 41cc7451-3c22-4fa0-b0d4-151937985196@group-367960E757E5-SegmentedRaftLogWorker close()
2019-09-25 05:49:59,729 [main] INFO  impl.RaftServerImpl (RaftServerImpl.java:lambda$shutdown$3(251)) - 44082f05-803b-4c97-a9e5-c320db8eea77@group-A04D9CB9A66C: shutdown
2019-09-25 05:49:59,732 [ForkJoinPool.commonPool-worker-0] INFO  impl.RaftServerImpl (RaftServerImpl.java:lambda$shutdown$3(251)) - 41cc7451-3c22-4fa0-b0d4-151937985196@group-6D2AF0657334: shutdown
2019-09-25 05:49:59,733 [main] INFO  util.JmxRegister (JmxRegister.java:unregister(73)) - Successfully un-registered JMX Bean with object name Ratis:service=RaftServer,group=group-A04D9CB9A66C,id=44082f05-803b-4c97-a9e5-c320db8eea77
2019-09-25 05:49:59,733 [ForkJoinPool.commonPool-worker-0] INFO  util.JmxRegister (JmxRegister.java:unregister(73)) - Successfully un-registered JMX Bean with object name Ratis:service=RaftServer,group=group-6D2AF0657334,id=41cc7451-3c22-4fa0-b0d4-151937985196
2019-09-25 05:49:59,734 [main] INFO  impl.RoleInfo (RoleInfo.java:shutdownLeaderState(104)) - 44082f05-803b-4c97-a9e5-c320db8eea77: shutdown LeaderState
2019-09-25 05:49:59,734 [ForkJoinPool.commonPool-worker-0] INFO  impl.RoleInfo (RoleInfo.java:shutdownLeaderState(104)) - 41cc7451-3c22-4fa0-b0d4-151937985196: shutdown LeaderState
2019-09-25 05:49:59,734 [main] INFO  impl.PendingRequests (PendingRequests.java:sendNotLeaderResponses(202)) - 44082f05-803b-4c97-a9e5-c320db8eea77-PendingRequests: sendNotLeaderResponses
2019-09-25 05:49:59,735 [ForkJoinPool.commonPool-worker-0] INFO  impl.PendingRequests (PendingRequests.java:sendNotLeaderResponses(202)) - 41cc7451-3c22-4fa0-b0d4-151937985196-PendingRequests: sendNotLeaderResponses
2019-09-25 05:49:59,735 [main] INFO  impl.StateMachineUpdater (StateMachineUpdater.java:stopAndJoin(125)) - 44082f05-803b-4c97-a9e5-c320db8eea77@group-A04D9CB9A66C-StateMachineUpdater: set stopIndex = 0
2019-09-25 05:49:59,736 [main] INFO  impl.RaftServerImpl (ServerState.java:close(385)) - 44082f05-803b-4c97-a9e5-c320db8eea77@group-A04D9CB9A66C: closes. applyIndex: 0
2019-09-25 05:49:59,735 [ForkJoinPool.commonPool-worker-0] INFO  impl.StateMachineUpdater (StateMachineUpdater.java:stopAndJoin(125)) - 41cc7451-3c22-4fa0-b0d4-151937985196@group-6D2AF0657334-StateMachineUpdater: set stopIndex = 0
2019-09-25 05:49:59,736 [ForkJoinPool.commonPool-worker-0] INFO  impl.RaftServerImpl (ServerState.java:close(385)) - 41cc7451-3c22-4fa0-b0d4-151937985196@group-6D2AF0657334: closes. applyIndex: 0
2019-09-25 05:49:59,736 [44082f05-803b-4c97-a9e5-c320db8eea77@group-A04D9CB9A66C-SegmentedRaftLogWorker] INFO  segmented.SegmentedRaftLogWorker (SegmentedRaftLogWorker.java:run(313)) - 44082f05-803b-4c97-a9e5-c320db8eea77@group-A04D9CB9A66C-SegmentedRaftLogWorker was interrupted, exiting. There are 0 tasks remaining in the queue.
2019-09-25 05:49:59,737 [41cc7451-3c22-4fa0-b0d4-151937985196@group-6D2AF0657334-SegmentedRaftLogWorker] INFO  segmented.SegmentedRaftLogWorker (SegmentedRaftLogWorker.java:run(313)) - 41cc7451-3c22-4fa0-b0d4-151937985196@group-6D2AF0657334-SegmentedRaftLogWorker was interrupted, exiting. There are 0 tasks remaining in the queue.
2019-09-25 05:49:59,737 [main] INFO  segmented.SegmentedRaftLogWorker (SegmentedRaftLogWorker.java:close(228)) - 44082f05-803b-4c97-a9e5-c320db8eea77@group-A04D9CB9A66C-SegmentedRaftLogWorker close()
2019-09-25 05:49:59,737 [ForkJoinPool.commonPool-worker-0] INFO  segmented.SegmentedRaftLogWorker (SegmentedRaftLogWorker.java:close(228)) - 41cc7451-3c22-4fa0-b0d4-151937985196@group-6D2AF0657334-SegmentedRaftLogWorker close()
2019-09-25 05:49:59,740 [main] INFO  impl.RaftServerImpl (RaftServerImpl.java:lambda$shutdown$3(251)) - 44082f05-803b-4c97-a9e5-c320db8eea77@group-59F6536967B4: shutdown
2019-09-25 05:49:59,744 [ForkJoinPool.commonPool-worker-0] INFO  impl.RaftServerImpl (RaftServerImpl.java:lambda$shutdown$3(251)) - 41cc7451-3c22-4fa0-b0d4-151937985196@group-BF570B9B47FB: shutdown
2019-09-25 05:49:59,744 [main] INFO  util.JmxRegister (JmxRegister.java:unregister(73)) - Successfully un-registered JMX Bean with object name Ratis:service=RaftServer,group=group-59F6536967B4,id=44082f05-803b-4c97-a9e5-c320db8eea77
2019-09-25 05:49:59,744 [ForkJoinPool.commonPool-worker-0] INFO  util.JmxRegister (JmxRegister.java:unregister(73)) - Successfully un-registered JMX Bean with object name Ratis:service=RaftServer,group=group-BF570B9B47FB,id=41cc7451-3c22-4fa0-b0d4-151937985196
2019-09-25 05:49:59,745 [main] INFO  impl.RoleInfo (RoleInfo.java:shutdownLeaderState(104)) - 44082f05-803b-4c97-a9e5-c320db8eea77: shutdown LeaderState
2019-09-25 05:49:59,745 [ForkJoinPool.commonPool-worker-0] INFO  impl.RoleInfo (RoleInfo.java:shutdownLeaderState(104)) - 41cc7451-3c22-4fa0-b0d4-151937985196: shutdown LeaderState
2019-09-25 05:49:59,746 [main] INFO  impl.PendingRequests (PendingRequests.java:sendNotLeaderResponses(202)) - 44082f05-803b-4c97-a9e5-c320db8eea77-PendingRequests: sendNotLeaderResponses
2019-09-25 05:49:59,746 [ForkJoinPool.commonPool-worker-0] INFO  impl.PendingRequests (PendingRequests.java:sendNotLeaderResponses(202)) - 41cc7451-3c22-4fa0-b0d4-151937985196-PendingRequests: sendNotLeaderResponses
2019-09-25 05:49:59,746 [main] INFO  impl.StateMachineUpdater (StateMachineUpdater.java:stopAndJoin(125)) - 44082f05-803b-4c97-a9e5-c320db8eea77@group-59F6536967B4-StateMachineUpdater: set stopIndex = 0
2019-09-25 05:49:59,746 [ForkJoinPool.commonPool-worker-0] INFO  impl.StateMachineUpdater (StateMachineUpdater.java:stopAndJoin(125)) - 41cc7451-3c22-4fa0-b0d4-151937985196@group-BF570B9B47FB-StateMachineUpdater: set stopIndex = 0
2019-09-25 05:49:59,747 [main] INFO  impl.RaftServerImpl (ServerState.java:close(385)) - 44082f05-803b-4c97-a9e5-c320db8eea77@group-59F6536967B4: closes. applyIndex: 0
2019-09-25 05:49:59,747 [ForkJoinPool.commonPool-worker-0] INFO  impl.RaftServerImpl (ServerState.java:close(385)) - 41cc7451-3c22-4fa0-b0d4-151937985196@group-BF570B9B47FB: closes. applyIndex: 0
2019-09-25 05:49:59,748 [44082f05-803b-4c97-a9e5-c320db8eea77@group-59F6536967B4-SegmentedRaftLogWorker] INFO  segmented.SegmentedRaftLogWorker (SegmentedRaftLogWorker.java:run(313)) - 44082f05-803b-4c97-a9e5-c320db8eea77@group-59F6536967B4-SegmentedRaftLogWorker was interrupted, exiting. There are 0 tasks remaining in the queue.
2019-09-25 05:49:59,748 [41cc7451-3c22-4fa0-b0d4-151937985196@group-BF570B9B47FB-SegmentedRaftLogWorker] INFO  segmented.SegmentedRaftLogWorker (SegmentedRaftLogWorker.java:run(313)) - 41cc7451-3c22-4fa0-b0d4-151937985196@group-BF570B9B47FB-SegmentedRaftLogWorker was interrupted, exiting. There are 0 tasks remaining in the queue.
2019-09-25 05:49:59,751 [main] INFO  segmented.SegmentedRaftLogWorker (SegmentedRaftLogWorker.java:close(228)) - 44082f05-803b-4c97-a9e5-c320db8eea77@group-59F6536967B4-SegmentedRaftLogWorker close()
2019-09-25 05:49:59,752 [ForkJoinPool.commonPool-worker-0] INFO  segmented.SegmentedRaftLogWorker (SegmentedRaftLogWorker.java:close(228)) - 41cc7451-3c22-4fa0-b0d4-151937985196@group-BF570B9B47FB-SegmentedRaftLogWorker close()
2019-09-25 05:49:59,755 [main] INFO  impl.RaftServerImpl (RaftServerImpl.java:lambda$shutdown$3(251)) - 44082f05-803b-4c97-a9e5-c320db8eea77@group-FDD26832ECBF: shutdown
2019-09-25 05:49:59,757 [ForkJoinPool.commonPool-worker-0] INFO  impl.RaftServerImpl (RaftServerImpl.java:lambda$shutdown$3(251)) - 41cc7451-3c22-4fa0-b0d4-151937985196@group-768AAE0996C2: shutdown
2019-09-25 05:49:59,758 [main] INFO  util.JmxRegister (JmxRegister.java:unregister(73)) - Successfully un-registered JMX Bean with object name Ratis:service=RaftServer,group=group-FDD26832ECBF,id=44082f05-803b-4c97-a9e5-c320db8eea77
2019-09-25 05:49:59,758 [ForkJoinPool.commonPool-worker-0] INFO  util.JmxRegister (JmxRegister.java:unregister(73)) - Successfully un-registered JMX Bean with object name Ratis:service=RaftServer,group=group-768AAE0996C2,id=41cc7451-3c22-4fa0-b0d4-151937985196
2019-09-25 05:49:59,759 [ForkJoinPool.commonPool-worker-0] INFO  impl.RoleInfo (RoleInfo.java:shutdownLeaderState(104)) - 41cc7451-3c22-4fa0-b0d4-151937985196: shutdown LeaderState
2019-09-25 05:49:59,759 [main] INFO  impl.RoleInfo (RoleInfo.java:shutdownLeaderState(104)) - 44082f05-803b-4c97-a9e5-c320db8eea77: shutdown LeaderState
2019-09-25 05:49:59,759 [ForkJoinPool.commonPool-worker-0] INFO  impl.PendingRequests (PendingRequests.java:sendNotLeaderResponses(202)) - 41cc7451-3c22-4fa0-b0d4-151937985196-PendingRequests: sendNotLeaderResponses
2019-09-25 05:49:59,759 [main] INFO  impl.PendingRequests (PendingRequests.java:sendNotLeaderResponses(202)) - 44082f05-803b-4c97-a9e5-c320db8eea77-PendingRequests: sendNotLeaderResponses
2019-09-25 05:49:59,760 [ForkJoinPool.commonPool-worker-0] INFO  impl.StateMachineUpdater (StateMachineUpdater.java:stopAndJoin(125)) - 41cc7451-3c22-4fa0-b0d4-151937985196@group-768AAE0996C2-StateMachineUpdater: set stopIndex = 0
2019-09-25 05:49:59,760 [ForkJoinPool.commonPool-worker-0] INFO  impl.RaftServerImpl (ServerState.java:close(385)) - 41cc7451-3c22-4fa0-b0d4-151937985196@group-768AAE0996C2: closes. applyIndex: 0
2019-09-25 05:49:59,760 [main] INFO  impl.StateMachineUpdater (StateMachineUpdater.java:stopAndJoin(125)) - 44082f05-803b-4c97-a9e5-c320db8eea77@group-FDD26832ECBF-StateMachineUpdater: set stopIndex = 0
2019-09-25 05:49:59,761 [main] INFO  impl.RaftServerImpl (ServerState.java:close(385)) - 44082f05-803b-4c97-a9e5-c320db8eea77@group-FDD26832ECBF: closes. applyIndex: 0
2019-09-25 05:49:59,761 [41cc7451-3c22-4fa0-b0d4-151937985196@group-768AAE0996C2-SegmentedRaftLogWorker] INFO  segmented.SegmentedRaftLogWorker (SegmentedRaftLogWorker.java:run(313)) - 41cc7451-3c22-4fa0-b0d4-151937985196@group-768AAE0996C2-SegmentedRaftLogWorker was interrupted, exiting. There are 0 tasks remaining in the queue.
2019-09-25 05:49:59,761 [44082f05-803b-4c97-a9e5-c320db8eea77@group-FDD26832ECBF-SegmentedRaftLogWorker] INFO  segmented.SegmentedRaftLogWorker (SegmentedRaftLogWorker.java:run(313)) - 44082f05-803b-4c97-a9e5-c320db8eea77@group-FDD26832ECBF-SegmentedRaftLogWorker was interrupted, exiting. There are 0 tasks remaining in the queue.
2019-09-25 05:49:59,762 [ForkJoinPool.commonPool-worker-0] INFO  segmented.SegmentedRaftLogWorker (SegmentedRaftLogWorker.java:close(228)) - 41cc7451-3c22-4fa0-b0d4-151937985196@group-768AAE0996C2-SegmentedRaftLogWorker close()
2019-09-25 05:49:59,762 [main] INFO  segmented.SegmentedRaftLogWorker (SegmentedRaftLogWorker.java:close(228)) - 44082f05-803b-4c97-a9e5-c320db8eea77@group-FDD26832ECBF-SegmentedRaftLogWorker close()
2019-09-25 05:49:59,764 [ForkJoinPool.commonPool-worker-0] INFO  impl.RaftServerImpl (RaftServerImpl.java:lambda$shutdown$3(251)) - 41cc7451-3c22-4fa0-b0d4-151937985196@group-AA3D1D65EBE4: shutdown
2019-09-25 05:49:59,768 [main] INFO  impl.RaftServerImpl (RaftServerImpl.java:lambda$shutdown$3(251)) - 44082f05-803b-4c97-a9e5-c320db8eea77@group-4C385BFE0084: shutdown
2019-09-25 05:49:59,768 [ForkJoinPool.commonPool-worker-0] INFO  util.JmxRegister (JmxRegister.java:unregister(73)) - Successfully un-registered JMX Bean with object name Ratis:service=RaftServer,group=group-AA3D1D65EBE4,id=41cc7451-3c22-4fa0-b0d4-151937985196
2019-09-25 05:49:59,768 [main] INFO  util.JmxRegister (JmxRegister.java:unregister(73)) - Successfully un-registered JMX Bean with object name Ratis:service=RaftServer,group=group-4C385BFE0084,id=44082f05-803b-4c97-a9e5-c320db8eea77
2019-09-25 05:49:59,768 [ForkJoinPool.commonPool-worker-0] INFO  impl.RoleInfo (RoleInfo.java:shutdownLeaderState(104)) - 41cc7451-3c22-4fa0-b0d4-151937985196: shutdown LeaderState
2019-09-25 05:49:59,769 [main] INFO  impl.RoleInfo (RoleInfo.java:shutdownLeaderState(104)) - 44082f05-803b-4c97-a9e5-c320db8eea77: shutdown LeaderState
2019-09-25 05:49:59,769 [ForkJoinPool.commonPool-worker-0] INFO  impl.PendingRequests (PendingRequests.java:sendNotLeaderResponses(202)) - 41cc7451-3c22-4fa0-b0d4-151937985196-PendingRequests: sendNotLeaderResponses
2019-09-25 05:49:59,769 [main] INFO  impl.PendingRequests (PendingRequests.java:sendNotLeaderResponses(202)) - 44082f05-803b-4c97-a9e5-c320db8eea77-PendingRequests: sendNotLeaderResponses
2019-09-25 05:49:59,770 [ForkJoinPool.commonPool-worker-0] INFO  impl.StateMachineUpdater (StateMachineUpdater.java:stopAndJoin(125)) - 41cc7451-3c22-4fa0-b0d4-151937985196@group-AA3D1D65EBE4-StateMachineUpdater: set stopIndex = 0
2019-09-25 05:49:59,770 [main] INFO  impl.StateMachineUpdater (StateMachineUpdater.java:stopAndJoin(125)) - 44082f05-803b-4c97-a9e5-c320db8eea77@group-4C385BFE0084-StateMachineUpdater: set stopIndex = 0
2019-09-25 05:49:59,770 [ForkJoinPool.commonPool-worker-0] INFO  impl.RaftServerImpl (ServerState.java:close(385)) - 41cc7451-3c22-4fa0-b0d4-151937985196@group-AA3D1D65EBE4: closes. applyIndex: 0
2019-09-25 05:49:59,771 [main] INFO  impl.RaftServerImpl (ServerState.java:close(385)) - 44082f05-803b-4c97-a9e5-c320db8eea77@group-4C385BFE0084: closes. applyIndex: 0
2019-09-25 05:49:59,771 [41cc7451-3c22-4fa0-b0d4-151937985196@group-AA3D1D65EBE4-SegmentedRaftLogWorker] INFO  segmented.SegmentedRaftLogWorker (SegmentedRaftLogWorker.java:run(313)) - 41cc7451-3c22-4fa0-b0d4-151937985196@group-AA3D1D65EBE4-SegmentedRaftLogWorker was interrupted, exiting. There are 0 tasks remaining in the queue.
2019-09-25 05:49:59,771 [ForkJoinPool.commonPool-worker-0] INFO  segmented.SegmentedRaftLogWorker (SegmentedRaftLogWorker.java:close(228)) - 41cc7451-3c22-4fa0-b0d4-151937985196@group-AA3D1D65EBE4-SegmentedRaftLogWorker close()
2019-09-25 05:49:59,771 [44082f05-803b-4c97-a9e5-c320db8eea77@group-4C385BFE0084-SegmentedRaftLogWorker] INFO  segmented.SegmentedRaftLogWorker (SegmentedRaftLogWorker.java:run(313)) - 44082f05-803b-4c97-a9e5-c320db8eea77@group-4C385BFE0084-SegmentedRaftLogWorker was interrupted, exiting. There are 0 tasks remaining in the queue.
2019-09-25 05:49:59,775 [ForkJoinPool.commonPool-worker-0] INFO  server.GrpcService (GrpcService.java:closeImpl(164)) - 41cc7451-3c22-4fa0-b0d4-151937985196: shutdown server with port 36622 now
2019-09-25 05:49:59,775 [main] INFO  segmented.SegmentedRaftLogWorker (SegmentedRaftLogWorker.java:close(228)) - 44082f05-803b-4c97-a9e5-c320db8eea77@group-4C385BFE0084-SegmentedRaftLogWorker close()
2019-09-25 05:49:59,778 [ForkJoinPool.commonPool-worker-0] INFO  server.GrpcService (GrpcService.java:closeImpl(172)) - 41cc7451-3c22-4fa0-b0d4-151937985196: shutdown server with port 36622 successfully
2019-09-25 05:49:59,781 [main] INFO  server.GrpcService (GrpcService.java:closeImpl(164)) - 44082f05-803b-4c97-a9e5-c320db8eea77: shutdown server with port 44033 now
2019-09-25 05:49:59,785 [main] INFO  server.GrpcService (GrpcService.java:closeImpl(172)) - 44082f05-803b-4c97-a9e5-c320db8eea77: shutdown server with port 44033 successfully
2019-09-25 05:49:59,786 [refreshUsed-/workdir/hadoop-ozone/integration-test/target/test-dir/MiniOzoneClusterImpl-3371874c-cdf9-4999-a21e-92d2cda410bc/datanode-2/data/containers] WARN  fs.CachingGetSpaceUsed (CachingGetSpaceUsed.java:run(183)) - Thread Interrupted waiting to refresh disk information: sleep interrupted
2019-09-25 05:49:59,788 [refreshUsed-/workdir/hadoop-ozone/integration-test/target/test-dir/MiniOzoneClusterImpl-3371874c-cdf9-4999-a21e-92d2cda410bc/datanode-3/data/containers] WARN  fs.CachingGetSpaceUsed (CachingGetSpaceUsed.java:run(183)) - Thread Interrupted waiting to refresh disk information: sleep interrupted
2019-09-25 05:49:59,803 [ForkJoinPool.commonPool-worker-0] INFO  utils.BackgroundService (BackgroundService.java:shutdown(148)) - Shutting down service BlockDeletingService
2019-09-25 05:49:59,811 [ForkJoinPool.commonPool-worker-0] INFO  statemachine.DatanodeStateMachine (DatanodeStateMachine.java:stopDaemon(395)) - Ozone container server stopped.
2019-09-25 05:49:59,813 [main] INFO  utils.BackgroundService (BackgroundService.java:shutdown(148)) - Shutting down service BlockDeletingService
2019-09-25 05:49:59,822 [ForkJoinPool.commonPool-worker-0] INFO  handler.ContextHandler (ContextHandler.java:doStop(910)) - Stopped o.e.j.w.WebAppContext@6b2aafbc{/,null,UNAVAILABLE}{/hddsDatanode}
2019-09-25 05:49:59,824 [main] INFO  statemachine.DatanodeStateMachine (DatanodeStateMachine.java:stopDaemon(395)) - Ozone container server stopped.
2019-09-25 05:49:59,825 [ForkJoinPool.commonPool-worker-0] INFO  server.AbstractConnector (AbstractConnector.java:doStop(318)) - Stopped ServerConnector@50cbcca7{HTTP/1.1,[http/1.1]}{0.0.0.0:0}
2019-09-25 05:49:59,827 [main] INFO  handler.ContextHandler (ContextHandler.java:doStop(910)) - Stopped o.e.j.w.WebAppContext@1304e0d7{/,null,UNAVAILABLE}{/hddsDatanode}
2019-09-25 05:49:59,827 [ForkJoinPool.commonPool-worker-0] INFO  handler.ContextHandler (ContextHandler.java:doStop(910)) - Stopped o.e.j.s.ServletContextHandler@45bbc52f{/static,jar:file:/home/user/.m2/repository/org/apache/hadoop/hadoop-hdds-container-service/0.5.0-SNAPSHOT/hadoop-hdds-container-service-0.5.0-SNAPSHOT.jar!/webapps/static,UNAVAILABLE}
2019-09-25 05:49:59,829 [main] INFO  server.AbstractConnector (AbstractConnector.java:doStop(318)) - Stopped ServerConnector@6ddc67d0{HTTP/1.1,[http/1.1]}{0.0.0.0:0}
2019-09-25 05:49:59,829 [ForkJoinPool.commonPool-worker-0] INFO  handler.ContextHandler (ContextHandler.java:doStop(910)) - Stopped o.e.j.s.ServletContextHandler@4c635edc{/logs,file:///workdir/hadoop-ozone/integration-test/target/log,UNAVAILABLE}
2019-09-25 05:49:59,830 [main] INFO  handler.ContextHandler (ContextHandler.java:doStop(910)) - Stopped o.e.j.s.ServletContextHandler@65bd19bf{/static,jar:file:/home/user/.m2/repository/org/apache/hadoop/hadoop-hdds-container-service/0.5.0-SNAPSHOT/hadoop-hdds-container-service-0.5.0-SNAPSHOT.jar!/webapps/static,UNAVAILABLE}
2019-09-25 05:49:59,831 [main] INFO  handler.ContextHandler (ContextHandler.java:doStop(910)) - Stopped o.e.j.s.ServletContextHandler@5d2a86c0{/logs,file:///workdir/hadoop-ozone/integration-test/target/log,UNAVAILABLE}
2019-09-25 05:50:00,053 [Datanode State Machine Thread - 0] INFO  statemachine.DatanodeStateMachine (DatanodeStateMachine.java:lambda$startDaemon$0(350)) - Ozone container server started.
2019-09-25 05:50:00,065 [Datanode State Machine Thread - 0] INFO  statemachine.DatanodeStateMachine (DatanodeStateMachine.java:lambda$startDaemon$0(350)) - Ozone container server started.
2019-09-25 05:50:04,118 [EventQueue-StaleNodeForStaleNodeHandler] INFO  node.StaleNodeHandler (StaleNodeHandler.java:onMessage(58)) - Datanode 99091fd2-8328-4de4-84f5-e3b7c3f0dc1c{ip: 192.168.30.10, host: pr-hdds-1569-s62bp-3040748787, networkLocation: /default-rack, certSerialId: null} moved to stale state. Finalizing its pipelines [PipelineID=b52c5e1b-acbc-4bd1-8be0-c889dd1dbbde, PipelineID=caa23e3f-4126-49b1-8f0b-852e69800a7a, PipelineID=a3d5133a-fb2d-44b0-9e6d-d63ef6a7f363, PipelineID=c860bae0-3865-46a7-aed0-e5f5ccf87dca, PipelineID=90735160-7153-4f21-bcee-c8651e700010, PipelineID=7a1893c8-e2ba-4624-8032-0f761c49026c]
2019-09-25 05:50:04,119 [EventQueue-StaleNodeForStaleNodeHandler] INFO  pipeline.SCMPipelineManager (SCMPipelineManager.java:finalizeAndDestroyPipeline(317)) - destroying pipeline:Pipeline[ Id: b52c5e1b-acbc-4bd1-8be0-c889dd1dbbde, Nodes: 99091fd2-8328-4de4-84f5-e3b7c3f0dc1c{ip: 192.168.30.10, host: pr-hdds-1569-s62bp-3040748787, networkLocation: /default-rack, certSerialId: null}, Type:RATIS, Factor:ONE, State:OPEN]
2019-09-25 05:50:04,119 [EventQueue-StaleNodeForStaleNodeHandler] INFO  pipeline.PipelineStateManager (PipelineStateManager.java:finalizePipeline(123)) - Pipeline Pipeline[ Id: b52c5e1b-acbc-4bd1-8be0-c889dd1dbbde, Nodes: 99091fd2-8328-4de4-84f5-e3b7c3f0dc1c{ip: 192.168.30.10, host: pr-hdds-1569-s62bp-3040748787, networkLocation: /default-rack, certSerialId: null}, Type:RATIS, Factor:ONE, State:CLOSED] moved to CLOSED state
2019-09-25 05:50:04,119 [EventQueue-StaleNodeForStaleNodeHandler] INFO  pipeline.SCMPipelineManager (SCMPipelineManager.java:finalizeAndDestroyPipeline(317)) - destroying pipeline:Pipeline[ Id: caa23e3f-4126-49b1-8f0b-852e69800a7a, Nodes: 99091fd2-8328-4de4-84f5-e3b7c3f0dc1c{ip: 192.168.30.10, host: pr-hdds-1569-s62bp-3040748787, networkLocation: /default-rack, certSerialId: null}, Type:RATIS, Factor:ONE, State:OPEN]
2019-09-25 05:50:04,119 [EventQueue-StaleNodeForStaleNodeHandler] INFO  pipeline.PipelineStateManager (PipelineStateManager.java:finalizePipeline(123)) - Pipeline Pipeline[ Id: caa23e3f-4126-49b1-8f0b-852e69800a7a, Nodes: 99091fd2-8328-4de4-84f5-e3b7c3f0dc1c{ip: 192.168.30.10, host: pr-hdds-1569-s62bp-3040748787, networkLocation: /default-rack, certSerialId: null}, Type:RATIS, Factor:ONE, State:CLOSED] moved to CLOSED state
2019-09-25 05:50:04,120 [EventQueue-StaleNodeForStaleNodeHandler] INFO  pipeline.SCMPipelineManager (SCMPipelineManager.java:finalizeAndDestroyPipeline(317)) - destroying pipeline:Pipeline[ Id: a3d5133a-fb2d-44b0-9e6d-d63ef6a7f363, Nodes: 99091fd2-8328-4de4-84f5-e3b7c3f0dc1c{ip: 192.168.30.10, host: pr-hdds-1569-s62bp-3040748787, networkLocation: /default-rack, certSerialId: null}, Type:RATIS, Factor:ONE, State:OPEN]
2019-09-25 05:50:04,120 [EventQueue-StaleNodeForStaleNodeHandler] INFO  pipeline.PipelineStateManager (PipelineStateManager.java:finalizePipeline(123)) - Pipeline Pipeline[ Id: a3d5133a-fb2d-44b0-9e6d-d63ef6a7f363, Nodes: 99091fd2-8328-4de4-84f5-e3b7c3f0dc1c{ip: 192.168.30.10, host: pr-hdds-1569-s62bp-3040748787, networkLocation: /default-rack, certSerialId: null}, Type:RATIS, Factor:ONE, State:CLOSED] moved to CLOSED state
2019-09-25 05:50:04,120 [EventQueue-StaleNodeForStaleNodeHandler] INFO  pipeline.SCMPipelineManager (SCMPipelineManager.java:finalizeAndDestroyPipeline(317)) - destroying pipeline:Pipeline[ Id: c860bae0-3865-46a7-aed0-e5f5ccf87dca, Nodes: 99091fd2-8328-4de4-84f5-e3b7c3f0dc1c{ip: 192.168.30.10, host: pr-hdds-1569-s62bp-3040748787, networkLocation: /default-rack, certSerialId: null}, Type:RATIS, Factor:ONE, State:OPEN]
2019-09-25 05:50:04,120 [EventQueue-StaleNodeForStaleNodeHandler] INFO  pipeline.PipelineStateManager (PipelineStateManager.java:finalizePipeline(123)) - Pipeline Pipeline[ Id: c860bae0-3865-46a7-aed0-e5f5ccf87dca, Nodes: 99091fd2-8328-4de4-84f5-e3b7c3f0dc1c{ip: 192.168.30.10, host: pr-hdds-1569-s62bp-3040748787, networkLocation: /default-rack, certSerialId: null}, Type:RATIS, Factor:ONE, State:CLOSED] moved to CLOSED state
2019-09-25 05:50:04,120 [EventQueue-StaleNodeForStaleNodeHandler] INFO  pipeline.SCMPipelineManager (SCMPipelineManager.java:finalizeAndDestroyPipeline(317)) - destroying pipeline:Pipeline[ Id: 90735160-7153-4f21-bcee-c8651e700010, Nodes: 99091fd2-8328-4de4-84f5-e3b7c3f0dc1c{ip: 192.168.30.10, host: pr-hdds-1569-s62bp-3040748787, networkLocation: /default-rack, certSerialId: null}, Type:RATIS, Factor:ONE, State:OPEN]
2019-09-25 05:50:04,120 [EventQueue-StaleNodeForStaleNodeHandler] INFO  pipeline.PipelineStateManager (PipelineStateManager.java:finalizePipeline(123)) - Pipeline Pipeline[ Id: 90735160-7153-4f21-bcee-c8651e700010, Nodes: 99091fd2-8328-4de4-84f5-e3b7c3f0dc1c{ip: 192.168.30.10, host: pr-hdds-1569-s62bp-3040748787, networkLocation: /default-rack, certSerialId: null}, Type:RATIS, Factor:ONE, State:CLOSED] moved to CLOSED state
2019-09-25 05:50:04,120 [EventQueue-StaleNodeForStaleNodeHandler] INFO  pipeline.SCMPipelineManager (SCMPipelineManager.java:finalizeAndDestroyPipeline(317)) - destroying pipeline:Pipeline[ Id: 7a1893c8-e2ba-4624-8032-0f761c49026c, Nodes: 99091fd2-8328-4de4-84f5-e3b7c3f0dc1c{ip: 192.168.30.10, host: pr-hdds-1569-s62bp-3040748787, networkLocation: /default-rack, certSerialId: null}, Type:RATIS, Factor:ONE, State:OPEN]
2019-09-25 05:50:04,120 [EventQueue-StaleNodeForStaleNodeHandler] INFO  pipeline.PipelineStateManager (PipelineStateManager.java:finalizePipeline(123)) - Pipeline Pipeline[ Id: 7a1893c8-e2ba-4624-8032-0f761c49026c, Nodes: 99091fd2-8328-4de4-84f5-e3b7c3f0dc1c{ip: 192.168.30.10, host: pr-hdds-1569-s62bp-3040748787, networkLocation: /default-rack, certSerialId: null}, Type:RATIS, Factor:ONE, State:CLOSED] moved to CLOSED state
2019-09-25 05:50:04,120 [EventQueue-StaleNodeForStaleNodeHandler] INFO  node.StaleNodeHandler (StaleNodeHandler.java:onMessage(58)) - Datanode 01bb1e87-3b88-425d-af88-cd320b9a7275{ip: 192.168.30.10, host: pr-hdds-1569-s62bp-3040748787, networkLocation: /default-rack, certSerialId: null} moved to stale state. Finalizing its pipelines [PipelineID=c1e55468-d5e7-4edf-b136-189c2fe14ada, PipelineID=e74b4508-25b6-4f5f-a206-536d60464021, PipelineID=0609d346-5724-4f03-8969-03c285027148, PipelineID=ba4b4847-8477-41f6-ba88-454a52701b35, PipelineID=a40bb0cd-0e30-4e63-b85d-ee137c920b54, PipelineID=dfd69769-e8e6-45ed-b5c1-13f729b425f9]
2019-09-25 05:50:04,120 [EventQueue-StaleNodeForStaleNodeHandler] INFO  pipeline.SCMPipelineManager (SCMPipelineManager.java:finalizeAndDestroyPipeline(317)) - destroying pipeline:Pipeline[ Id: c1e55468-d5e7-4edf-b136-189c2fe14ada, Nodes: 01bb1e87-3b88-425d-af88-cd320b9a7275{ip: 192.168.30.10, host: pr-hdds-1569-s62bp-3040748787, networkLocation: /default-rack, certSerialId: null}, Type:RATIS, Factor:ONE, State:OPEN]
2019-09-25 05:50:04,120 [EventQueue-StaleNodeForStaleNodeHandler] INFO  pipeline.PipelineStateManager (PipelineStateManager.java:finalizePipeline(123)) - Pipeline Pipeline[ Id: c1e55468-d5e7-4edf-b136-189c2fe14ada, Nodes: 01bb1e87-3b88-425d-af88-cd320b9a7275{ip: 192.168.30.10, host: pr-hdds-1569-s62bp-3040748787, networkLocation: /default-rack, certSerialId: null}, Type:RATIS, Factor:ONE, State:CLOSED] moved to CLOSED state
2019-09-25 05:50:04,121 [EventQueue-StaleNodeForStaleNodeHandler] INFO  pipeline.SCMPipelineManager (SCMPipelineManager.java:finalizeAndDestroyPipeline(317)) - destroying pipeline:Pipeline[ Id: e74b4508-25b6-4f5f-a206-536d60464021, Nodes: 01bb1e87-3b88-425d-af88-cd320b9a7275{ip: 192.168.30.10, host: pr-hdds-1569-s62bp-3040748787, networkLocation: /default-rack, certSerialId: null}, Type:RATIS, Factor:ONE, State:OPEN]
2019-09-25 05:50:04,121 [EventQueue-StaleNodeForStaleNodeHandler] INFO  pipeline.PipelineStateManager (PipelineStateManager.java:finalizePipeline(123)) - Pipeline Pipeline[ Id: e74b4508-25b6-4f5f-a206-536d60464021, Nodes: 01bb1e87-3b88-425d-af88-cd320b9a7275{ip: 192.168.30.10, host: pr-hdds-1569-s62bp-3040748787, networkLocation: /default-rack, certSerialId: null}, Type:RATIS, Factor:ONE, State:CLOSED] moved to CLOSED state
2019-09-25 05:50:04,121 [EventQueue-StaleNodeForStaleNodeHandler] INFO  pipeline.SCMPipelineManager (SCMPipelineManager.java:finalizeAndDestroyPipeline(317)) - destroying pipeline:Pipeline[ Id: 0609d346-5724-4f03-8969-03c285027148, Nodes: 01bb1e87-3b88-425d-af88-cd320b9a7275{ip: 192.168.30.10, host: pr-hdds-1569-s62bp-3040748787, networkLocation: /default-rack, certSerialId: null}, Type:RATIS, Factor:ONE, State:OPEN]
2019-09-25 05:50:04,121 [EventQueue-StaleNodeForStaleNodeHandler] INFO  pipeline.PipelineStateManager (PipelineStateManager.java:finalizePipeline(123)) - Pipeline Pipeline[ Id: 0609d346-5724-4f03-8969-03c285027148, Nodes: 01bb1e87-3b88-425d-af88-cd320b9a7275{ip: 192.168.30.10, host: pr-hdds-1569-s62bp-3040748787, networkLocation: /default-rack, certSerialId: null}, Type:RATIS, Factor:ONE, State:CLOSED] moved to CLOSED state
2019-09-25 05:50:04,121 [EventQueue-StaleNodeForStaleNodeHandler] INFO  pipeline.SCMPipelineManager (SCMPipelineManager.java:finalizeAndDestroyPipeline(317)) - destroying pipeline:Pipeline[ Id: ba4b4847-8477-41f6-ba88-454a52701b35, Nodes: 01bb1e87-3b88-425d-af88-cd320b9a7275{ip: 192.168.30.10, host: pr-hdds-1569-s62bp-3040748787, networkLocation: /default-rack, certSerialId: null}, Type:RATIS, Factor:ONE, State:OPEN]
2019-09-25 05:50:04,121 [EventQueue-StaleNodeForStaleNodeHandler] INFO  pipeline.PipelineStateManager (PipelineStateManager.java:finalizePipeline(123)) - Pipeline Pipeline[ Id: ba4b4847-8477-41f6-ba88-454a52701b35, Nodes: 01bb1e87-3b88-425d-af88-cd320b9a7275{ip: 192.168.30.10, host: pr-hdds-1569-s62bp-3040748787, networkLocation: /default-rack, certSerialId: null}, Type:RATIS, Factor:ONE, State:CLOSED] moved to CLOSED state
2019-09-25 05:50:04,121 [EventQueue-StaleNodeForStaleNodeHandler] INFO  pipeline.SCMPipelineManager (SCMPipelineManager.java:finalizeAndDestroyPipeline(317)) - destroying pipeline:Pipeline[ Id: a40bb0cd-0e30-4e63-b85d-ee137c920b54, Nodes: 01bb1e87-3b88-425d-af88-cd320b9a7275{ip: 192.168.30.10, host: pr-hdds-1569-s62bp-3040748787, networkLocation: /default-rack, certSerialId: null}, Type:RATIS, Factor:ONE, State:OPEN]
2019-09-25 05:50:04,121 [EventQueue-StaleNodeForStaleNodeHandler] INFO  pipeline.PipelineStateManager (PipelineStateManager.java:finalizePipeline(123)) - Pipeline Pipeline[ Id: a40bb0cd-0e30-4e63-b85d-ee137c920b54, Nodes: 01bb1e87-3b88-425d-af88-cd320b9a7275{ip: 192.168.30.10, host: pr-hdds-1569-s62bp-3040748787, networkLocation: /default-rack, certSerialId: null}, Type:RATIS, Factor:ONE, State:CLOSED] moved to CLOSED state
2019-09-25 05:50:04,121 [EventQueue-StaleNodeForStaleNodeHandler] INFO  pipeline.SCMPipelineManager (SCMPipelineManager.java:finalizeAndDestroyPipeline(317)) - destroying pipeline:Pipeline[ Id: dfd69769-e8e6-45ed-b5c1-13f729b425f9, Nodes: 01bb1e87-3b88-425d-af88-cd320b9a7275{ip: 192.168.30.10, host: pr-hdds-1569-s62bp-3040748787, networkLocation: /default-rack, certSerialId: null}, Type:RATIS, Factor:ONE, State:OPEN]
2019-09-25 05:50:04,121 [EventQueue-StaleNodeForStaleNodeHandler] INFO  pipeline.PipelineStateManager (PipelineStateManager.java:finalizePipeline(123)) - Pipeline Pipeline[ Id: dfd69769-e8e6-45ed-b5c1-13f729b425f9, Nodes: 01bb1e87-3b88-425d-af88-cd320b9a7275{ip: 192.168.30.10, host: pr-hdds-1569-s62bp-3040748787, networkLocation: /default-rack, certSerialId: null}, Type:RATIS, Factor:ONE, State:CLOSED] moved to CLOSED state
2019-09-25 05:50:04,832 [ForkJoinPool.commonPool-worker-0] INFO  ozoneimpl.OzoneContainer (OzoneContainer.java:stop(231)) - Attempting to stop container services.
2019-09-25 05:50:04,832 [main] INFO  ozoneimpl.OzoneContainer (OzoneContainer.java:stop(231)) - Attempting to stop container services.
2019-09-25 05:50:04,836 [ForkJoinPool.commonPool-worker-0] INFO  impl.RaftServerProxy (RaftServerProxy.java:lambda$close$4(314)) - 01bb1e87-3b88-425d-af88-cd320b9a7275: close
2019-09-25 05:50:04,837 [main] INFO  impl.RaftServerProxy (RaftServerProxy.java:lambda$close$4(314)) - 99091fd2-8328-4de4-84f5-e3b7c3f0dc1c: close
2019-09-25 05:50:04,838 [ForkJoinPool.commonPool-worker-0] INFO  impl.RaftServerImpl (RaftServerImpl.java:lambda$shutdown$3(251)) - 01bb1e87-3b88-425d-af88-cd320b9a7275@group-189C2FE14ADA: shutdown
2019-09-25 05:50:04,838 [main] INFO  impl.RaftServerImpl (RaftServerImpl.java:lambda$shutdown$3(251)) - 99091fd2-8328-4de4-84f5-e3b7c3f0dc1c@group-852E69800A7A: shutdown
2019-09-25 05:50:04,838 [ForkJoinPool.commonPool-worker-0] INFO  util.JmxRegister (JmxRegister.java:unregister(73)) - Successfully un-registered JMX Bean with object name Ratis:service=RaftServer,group=group-189C2FE14ADA,id=01bb1e87-3b88-425d-af88-cd320b9a7275
2019-09-25 05:50:04,838 [main] INFO  util.JmxRegister (JmxRegister.java:unregister(73)) - Successfully un-registered JMX Bean with object name Ratis:service=RaftServer,group=group-852E69800A7A,id=99091fd2-8328-4de4-84f5-e3b7c3f0dc1c
2019-09-25 05:50:04,839 [ForkJoinPool.commonPool-worker-0] INFO  impl.RoleInfo (RoleInfo.java:shutdownLeaderState(104)) - 01bb1e87-3b88-425d-af88-cd320b9a7275: shutdown LeaderState
2019-09-25 05:50:04,839 [main] INFO  impl.RoleInfo (RoleInfo.java:shutdownLeaderState(104)) - 99091fd2-8328-4de4-84f5-e3b7c3f0dc1c: shutdown LeaderState
2019-09-25 05:50:04,839 [ForkJoinPool.commonPool-worker-0] INFO  impl.PendingRequests (PendingRequests.java:sendNotLeaderResponses(202)) - 01bb1e87-3b88-425d-af88-cd320b9a7275-PendingRequests: sendNotLeaderResponses
2019-09-25 05:50:04,839 [main] INFO  impl.PendingRequests (PendingRequests.java:sendNotLeaderResponses(202)) - 99091fd2-8328-4de4-84f5-e3b7c3f0dc1c-PendingRequests: sendNotLeaderResponses
2019-09-25 05:50:04,840 [ForkJoinPool.commonPool-worker-0] INFO  impl.StateMachineUpdater (StateMachineUpdater.java:stopAndJoin(125)) - 01bb1e87-3b88-425d-af88-cd320b9a7275@group-189C2FE14ADA-StateMachineUpdater: set stopIndex = 0
2019-09-25 05:50:04,840 [main] INFO  impl.StateMachineUpdater (StateMachineUpdater.java:stopAndJoin(125)) - 99091fd2-8328-4de4-84f5-e3b7c3f0dc1c@group-852E69800A7A-StateMachineUpdater: set stopIndex = 0
2019-09-25 05:50:04,841 [ForkJoinPool.commonPool-worker-0] INFO  impl.RaftServerImpl (ServerState.java:close(385)) - 01bb1e87-3b88-425d-af88-cd320b9a7275@group-189C2FE14ADA: closes. applyIndex: 0
2019-09-25 05:50:04,841 [main] INFO  impl.RaftServerImpl (ServerState.java:close(385)) - 99091fd2-8328-4de4-84f5-e3b7c3f0dc1c@group-852E69800A7A: closes. applyIndex: 0
2019-09-25 05:50:04,841 [01bb1e87-3b88-425d-af88-cd320b9a7275@group-189C2FE14ADA-SegmentedRaftLogWorker] INFO  segmented.SegmentedRaftLogWorker (SegmentedRaftLogWorker.java:run(313)) - 01bb1e87-3b88-425d-af88-cd320b9a7275@group-189C2FE14ADA-SegmentedRaftLogWorker was interrupted, exiting. There are 0 tasks remaining in the queue.
2019-09-25 05:50:04,842 [99091fd2-8328-4de4-84f5-e3b7c3f0dc1c@group-852E69800A7A-SegmentedRaftLogWorker] INFO  segmented.SegmentedRaftLogWorker (SegmentedRaftLogWorker.java:run(313)) - 99091fd2-8328-4de4-84f5-e3b7c3f0dc1c@group-852E69800A7A-SegmentedRaftLogWorker was interrupted, exiting. There are 0 tasks remaining in the queue.
2019-09-25 05:50:04,842 [main] INFO  segmented.SegmentedRaftLogWorker (SegmentedRaftLogWorker.java:close(228)) - 99091fd2-8328-4de4-84f5-e3b7c3f0dc1c@group-852E69800A7A-SegmentedRaftLogWorker close()
2019-09-25 05:50:04,842 [ForkJoinPool.commonPool-worker-0] INFO  segmented.SegmentedRaftLogWorker (SegmentedRaftLogWorker.java:close(228)) - 01bb1e87-3b88-425d-af88-cd320b9a7275@group-189C2FE14ADA-SegmentedRaftLogWorker close()
2019-09-25 05:50:04,845 [main] INFO  impl.RaftServerImpl (RaftServerImpl.java:lambda$shutdown$3(251)) - 99091fd2-8328-4de4-84f5-e3b7c3f0dc1c@group-D63EF6A7F363: shutdown
2019-09-25 05:50:04,848 [ForkJoinPool.commonPool-worker-0] INFO  impl.RaftServerImpl (RaftServerImpl.java:lambda$shutdown$3(251)) - 01bb1e87-3b88-425d-af88-cd320b9a7275@group-536D60464021: shutdown
2019-09-25 05:50:04,848 [main] INFO  util.JmxRegister (JmxRegister.java:unregister(73)) - Successfully un-registered JMX Bean with object name Ratis:service=RaftServer,group=group-D63EF6A7F363,id=99091fd2-8328-4de4-84f5-e3b7c3f0dc1c
2019-09-25 05:50:04,848 [main] INFO  impl.RoleInfo (RoleInfo.java:shutdownLeaderState(104)) - 99091fd2-8328-4de4-84f5-e3b7c3f0dc1c: shutdown LeaderState
2019-09-25 05:50:04,848 [ForkJoinPool.commonPool-worker-0] INFO  util.JmxRegister (JmxRegister.java:unregister(73)) - Successfully un-registered JMX Bean with object name Ratis:service=RaftServer,group=group-536D60464021,id=01bb1e87-3b88-425d-af88-cd320b9a7275
2019-09-25 05:50:04,849 [main] INFO  impl.PendingRequests (PendingRequests.java:sendNotLeaderResponses(202)) - 99091fd2-8328-4de4-84f5-e3b7c3f0dc1c-PendingRequests: sendNotLeaderResponses
2019-09-25 05:50:04,849 [ForkJoinPool.commonPool-worker-0] INFO  impl.RoleInfo (RoleInfo.java:shutdownLeaderState(104)) - 01bb1e87-3b88-425d-af88-cd320b9a7275: shutdown LeaderState
2019-09-25 05:50:04,849 [main] INFO  impl.StateMachineUpdater (StateMachineUpdater.java:stopAndJoin(125)) - 99091fd2-8328-4de4-84f5-e3b7c3f0dc1c@group-D63EF6A7F363-StateMachineUpdater: set stopIndex = 0
2019-09-25 05:50:04,854 [main] INFO  impl.RaftServerImpl (ServerState.java:close(385)) - 99091fd2-8328-4de4-84f5-e3b7c3f0dc1c@group-D63EF6A7F363: closes. applyIndex: 0
2019-09-25 05:50:04,850 [ForkJoinPool.commonPool-worker-0] INFO  impl.PendingRequests (PendingRequests.java:sendNotLeaderResponses(202)) - 01bb1e87-3b88-425d-af88-cd320b9a7275-PendingRequests: sendNotLeaderResponses
2019-09-25 05:50:04,854 [99091fd2-8328-4de4-84f5-e3b7c3f0dc1c@group-D63EF6A7F363-SegmentedRaftLogWorker] INFO  segmented.SegmentedRaftLogWorker (SegmentedRaftLogWorker.java:run(313)) - 99091fd2-8328-4de4-84f5-e3b7c3f0dc1c@group-D63EF6A7F363-SegmentedRaftLogWorker was interrupted, exiting. There are 0 tasks remaining in the queue.
2019-09-25 05:50:04,854 [ForkJoinPool.commonPool-worker-0] INFO  impl.StateMachineUpdater (StateMachineUpdater.java:stopAndJoin(125)) - 01bb1e87-3b88-425d-af88-cd320b9a7275@group-536D60464021-StateMachineUpdater: set stopIndex = 0
2019-09-25 05:50:04,854 [main] INFO  segmented.SegmentedRaftLogWorker (SegmentedRaftLogWorker.java:close(228)) - 99091fd2-8328-4de4-84f5-e3b7c3f0dc1c@group-D63EF6A7F363-SegmentedRaftLogWorker close()
2019-09-25 05:50:04,855 [ForkJoinPool.commonPool-worker-0] INFO  impl.RaftServerImpl (ServerState.java:close(385)) - 01bb1e87-3b88-425d-af88-cd320b9a7275@group-536D60464021: closes. applyIndex: 0
2019-09-25 05:50:04,857 [main] INFO  impl.RaftServerImpl (RaftServerImpl.java:lambda$shutdown$3(251)) - 99091fd2-8328-4de4-84f5-e3b7c3f0dc1c@group-E5F5CCF87DCA: shutdown
2019-09-25 05:50:04,857 [01bb1e87-3b88-425d-af88-cd320b9a7275@group-536D60464021-SegmentedRaftLogWorker] INFO  segmented.SegmentedRaftLogWorker (SegmentedRaftLogWorker.java:run(313)) - 01bb1e87-3b88-425d-af88-cd320b9a7275@group-536D60464021-SegmentedRaftLogWorker was interrupted, exiting. There are 0 tasks remaining in the queue.
2019-09-25 05:50:04,858 [main] INFO  util.JmxRegister (JmxRegister.java:unregister(73)) - Successfully un-registered JMX Bean with object name Ratis:service=RaftServer,group=group-E5F5CCF87DCA,id=99091fd2-8328-4de4-84f5-e3b7c3f0dc1c
2019-09-25 05:50:04,863 [main] INFO  impl.RoleInfo (RoleInfo.java:shutdownLeaderState(104)) - 99091fd2-8328-4de4-84f5-e3b7c3f0dc1c: shutdown LeaderState
2019-09-25 05:50:04,861 [ForkJoinPool.commonPool-worker-0] INFO  segmented.SegmentedRaftLogWorker (SegmentedRaftLogWorker.java:close(228)) - 01bb1e87-3b88-425d-af88-cd320b9a7275@group-536D60464021-SegmentedRaftLogWorker close()
2019-09-25 05:50:04,866 [main] INFO  impl.PendingRequests (PendingRequests.java:sendNotLeaderResponses(202)) - 99091fd2-8328-4de4-84f5-e3b7c3f0dc1c-PendingRequests: sendNotLeaderResponses
2019-09-25 05:50:04,869 [ForkJoinPool.commonPool-worker-0] INFO  impl.RaftServerImpl (RaftServerImpl.java:lambda$shutdown$3(251)) - 01bb1e87-3b88-425d-af88-cd320b9a7275@group-03C285027148: shutdown
2019-09-25 05:50:04,869 [main] INFO  impl.StateMachineUpdater (StateMachineUpdater.java:stopAndJoin(125)) - 99091fd2-8328-4de4-84f5-e3b7c3f0dc1c@group-E5F5CCF87DCA-StateMachineUpdater: set stopIndex = 0
2019-09-25 05:50:04,869 [ForkJoinPool.commonPool-worker-0] INFO  util.JmxRegister (JmxRegister.java:unregister(73)) - Successfully un-registered JMX Bean with object name Ratis:service=RaftServer,group=group-03C285027148,id=01bb1e87-3b88-425d-af88-cd320b9a7275
2019-09-25 05:50:04,869 [main] INFO  impl.RaftServerImpl (ServerState.java:close(385)) - 99091fd2-8328-4de4-84f5-e3b7c3f0dc1c@group-E5F5CCF87DCA: closes. applyIndex: 0
2019-09-25 05:50:04,869 [ForkJoinPool.commonPool-worker-0] INFO  impl.RoleInfo (RoleInfo.java:shutdownLeaderState(104)) - 01bb1e87-3b88-425d-af88-cd320b9a7275: shutdown LeaderState
2019-09-25 05:50:04,870 [99091fd2-8328-4de4-84f5-e3b7c3f0dc1c@group-E5F5CCF87DCA-SegmentedRaftLogWorker] INFO  segmented.SegmentedRaftLogWorker (SegmentedRaftLogWorker.java:run(313)) - 99091fd2-8328-4de4-84f5-e3b7c3f0dc1c@group-E5F5CCF87DCA-SegmentedRaftLogWorker was interrupted, exiting. There are 0 tasks remaining in the queue.
2019-09-25 05:50:04,870 [ForkJoinPool.commonPool-worker-0] INFO  impl.PendingRequests (PendingRequests.java:sendNotLeaderResponses(202)) - 01bb1e87-3b88-425d-af88-cd320b9a7275-PendingRequests: sendNotLeaderResponses
2019-09-25 05:50:04,870 [main] INFO  segmented.SegmentedRaftLogWorker (SegmentedRaftLogWorker.java:close(228)) - 99091fd2-8328-4de4-84f5-e3b7c3f0dc1c@group-E5F5CCF87DCA-SegmentedRaftLogWorker close()
2019-09-25 05:50:04,870 [ForkJoinPool.commonPool-worker-0] INFO  impl.StateMachineUpdater (StateMachineUpdater.java:stopAndJoin(125)) - 01bb1e87-3b88-425d-af88-cd320b9a7275@group-03C285027148-StateMachineUpdater: set stopIndex = 0
2019-09-25 05:50:04,873 [ForkJoinPool.commonPool-worker-0] INFO  impl.RaftServerImpl (ServerState.java:close(385)) - 01bb1e87-3b88-425d-af88-cd320b9a7275@group-03C285027148: closes. applyIndex: 0
2019-09-25 05:50:04,873 [main] INFO  impl.RaftServerImpl (RaftServerImpl.java:lambda$shutdown$3(251)) - 99091fd2-8328-4de4-84f5-e3b7c3f0dc1c@group-C889DD1DBBDE: shutdown
2019-09-25 05:50:04,873 [01bb1e87-3b88-425d-af88-cd320b9a7275@group-03C285027148-SegmentedRaftLogWorker] INFO  segmented.SegmentedRaftLogWorker (SegmentedRaftLogWorker.java:run(313)) - 01bb1e87-3b88-425d-af88-cd320b9a7275@group-03C285027148-SegmentedRaftLogWorker was interrupted, exiting. There are 0 tasks remaining in the queue.
2019-09-25 05:50:04,873 [main] INFO  util.JmxRegister (JmxRegister.java:unregister(73)) - Successfully un-registered JMX Bean with object name Ratis:service=RaftServer,group=group-C889DD1DBBDE,id=99091fd2-8328-4de4-84f5-e3b7c3f0dc1c
2019-09-25 05:50:04,874 [ForkJoinPool.commonPool-worker-0] INFO  segmented.SegmentedRaftLogWorker (SegmentedRaftLogWorker.java:close(228)) - 01bb1e87-3b88-425d-af88-cd320b9a7275@group-03C285027148-SegmentedRaftLogWorker close()
2019-09-25 05:50:04,874 [main] INFO  impl.RoleInfo (RoleInfo.java:shutdownLeaderState(104)) - 99091fd2-8328-4de4-84f5-e3b7c3f0dc1c: shutdown LeaderState
2019-09-25 05:50:04,876 [ForkJoinPool.commonPool-worker-0] INFO  impl.RaftServerImpl (RaftServerImpl.java:lambda$shutdown$3(251)) - 01bb1e87-3b88-425d-af88-cd320b9a7275@group-454A52701B35: shutdown
2019-09-25 05:50:04,877 [main] INFO  impl.PendingRequests (PendingRequests.java:sendNotLeaderResponses(202)) - 99091fd2-8328-4de4-84f5-e3b7c3f0dc1c-PendingRequests: sendNotLeaderResponses
2019-09-25 05:50:04,877 [ForkJoinPool.commonPool-worker-0] INFO  util.JmxRegister (JmxRegister.java:unregister(73)) - Successfully un-registered JMX Bean with object name Ratis:service=RaftServer,group=group-454A52701B35,id=01bb1e87-3b88-425d-af88-cd320b9a7275
2019-09-25 05:50:04,877 [main] INFO  impl.StateMachineUpdater (StateMachineUpdater.java:stopAndJoin(125)) - 99091fd2-8328-4de4-84f5-e3b7c3f0dc1c@group-C889DD1DBBDE-StateMachineUpdater: set stopIndex = 0
2019-09-25 05:50:04,877 [main] INFO  impl.RaftServerImpl (ServerState.java:close(385)) - 99091fd2-8328-4de4-84f5-e3b7c3f0dc1c@group-C889DD1DBBDE: closes. applyIndex: 0
2019-09-25 05:50:04,877 [ForkJoinPool.commonPool-worker-0] INFO  impl.RoleInfo (RoleInfo.java:shutdownLeaderState(104)) - 01bb1e87-3b88-425d-af88-cd320b9a7275: shutdown LeaderState
2019-09-25 05:50:04,878 [99091fd2-8328-4de4-84f5-e3b7c3f0dc1c@group-C889DD1DBBDE-SegmentedRaftLogWorker] INFO  segmented.SegmentedRaftLogWorker (SegmentedRaftLogWorker.java:run(313)) - 99091fd2-8328-4de4-84f5-e3b7c3f0dc1c@group-C889DD1DBBDE-SegmentedRaftLogWorker was interrupted, exiting. There are 0 tasks remaining in the queue.
2019-09-25 05:50:04,878 [ForkJoinPool.commonPool-worker-0] INFO  impl.PendingRequests (PendingRequests.java:sendNotLeaderResponses(202)) - 01bb1e87-3b88-425d-af88-cd320b9a7275-PendingRequests: sendNotLeaderResponses
2019-09-25 05:50:04,878 [main] INFO  segmented.SegmentedRaftLogWorker (SegmentedRaftLogWorker.java:close(228)) - 99091fd2-8328-4de4-84f5-e3b7c3f0dc1c@group-C889DD1DBBDE-SegmentedRaftLogWorker close()
2019-09-25 05:50:04,878 [ForkJoinPool.commonPool-worker-0] INFO  impl.StateMachineUpdater (StateMachineUpdater.java:stopAndJoin(125)) - 01bb1e87-3b88-425d-af88-cd320b9a7275@group-454A52701B35-StateMachineUpdater: set stopIndex = 0
2019-09-25 05:50:04,881 [ForkJoinPool.commonPool-worker-0] INFO  impl.RaftServerImpl (ServerState.java:close(385)) - 01bb1e87-3b88-425d-af88-cd320b9a7275@group-454A52701B35: closes. applyIndex: 0
2019-09-25 05:50:04,881 [main] INFO  impl.RaftServerImpl (RaftServerImpl.java:lambda$shutdown$3(251)) - 99091fd2-8328-4de4-84f5-e3b7c3f0dc1c@group-C8651E700010: shutdown
2019-09-25 05:50:04,881 [01bb1e87-3b88-425d-af88-cd320b9a7275@group-454A52701B35-SegmentedRaftLogWorker] INFO  segmented.SegmentedRaftLogWorker (SegmentedRaftLogWorker.java:run(313)) - 01bb1e87-3b88-425d-af88-cd320b9a7275@group-454A52701B35-SegmentedRaftLogWorker was interrupted, exiting. There are 0 tasks remaining in the queue.
2019-09-25 05:50:04,881 [main] INFO  util.JmxRegister (JmxRegister.java:unregister(73)) - Successfully un-registered JMX Bean with object name Ratis:service=RaftServer,group=group-C8651E700010,id=99091fd2-8328-4de4-84f5-e3b7c3f0dc1c
2019-09-25 05:50:04,884 [ForkJoinPool.commonPool-worker-0] INFO  segmented.SegmentedRaftLogWorker (SegmentedRaftLogWorker.java:close(228)) - 01bb1e87-3b88-425d-af88-cd320b9a7275@group-454A52701B35-SegmentedRaftLogWorker close()
2019-09-25 05:50:04,884 [main] INFO  impl.RoleInfo (RoleInfo.java:shutdownLeaderState(104)) - 99091fd2-8328-4de4-84f5-e3b7c3f0dc1c: shutdown LeaderState
2019-09-25 05:50:04,901 [ForkJoinPool.commonPool-worker-0] INFO  impl.RaftServerImpl (RaftServerImpl.java:lambda$shutdown$3(251)) - 01bb1e87-3b88-425d-af88-cd320b9a7275@group-EE137C920B54: shutdown
2019-09-25 05:50:04,902 [main] INFO  impl.PendingRequests (PendingRequests.java:sendNotLeaderResponses(202)) - 99091fd2-8328-4de4-84f5-e3b7c3f0dc1c-PendingRequests: sendNotLeaderResponses
2019-09-25 05:50:04,902 [ForkJoinPool.commonPool-worker-0] INFO  util.JmxRegister (JmxRegister.java:unregister(73)) - Successfully un-registered JMX Bean with object name Ratis:service=RaftServer,group=group-EE137C920B54,id=01bb1e87-3b88-425d-af88-cd320b9a7275
2019-09-25 05:50:04,902 [main] INFO  impl.StateMachineUpdater (StateMachineUpdater.java:stopAndJoin(125)) - 99091fd2-8328-4de4-84f5-e3b7c3f0dc1c@group-C8651E700010-StateMachineUpdater: set stopIndex = 0
2019-09-25 05:50:04,903 [main] INFO  impl.RaftServerImpl (ServerState.java:close(385)) - 99091fd2-8328-4de4-84f5-e3b7c3f0dc1c@group-C8651E700010: closes. applyIndex: 0
2019-09-25 05:50:04,903 [ForkJoinPool.commonPool-worker-0] INFO  impl.RoleInfo (RoleInfo.java:shutdownLeaderState(104)) - 01bb1e87-3b88-425d-af88-cd320b9a7275: shutdown LeaderState
2019-09-25 05:50:04,903 [99091fd2-8328-4de4-84f5-e3b7c3f0dc1c@group-C8651E700010-SegmentedRaftLogWorker] INFO  segmented.SegmentedRaftLogWorker (SegmentedRaftLogWorker.java:run(313)) - 99091fd2-8328-4de4-84f5-e3b7c3f0dc1c@group-C8651E700010-SegmentedRaftLogWorker was interrupted, exiting. There are 0 tasks remaining in the queue.
2019-09-25 05:50:04,903 [ForkJoinPool.commonPool-worker-0] INFO  impl.PendingRequests (PendingRequests.java:sendNotLeaderResponses(202)) - 01bb1e87-3b88-425d-af88-cd320b9a7275-PendingRequests: sendNotLeaderResponses
2019-09-25 05:50:04,904 [main] INFO  segmented.SegmentedRaftLogWorker (SegmentedRaftLogWorker.java:close(228)) - 99091fd2-8328-4de4-84f5-e3b7c3f0dc1c@group-C8651E700010-SegmentedRaftLogWorker close()
2019-09-25 05:50:04,904 [ForkJoinPool.commonPool-worker-0] INFO  impl.StateMachineUpdater (StateMachineUpdater.java:stopAndJoin(125)) - 01bb1e87-3b88-425d-af88-cd320b9a7275@group-EE137C920B54-StateMachineUpdater: set stopIndex = 0
2019-09-25 05:50:04,904 [main] INFO  impl.RaftServerImpl (RaftServerImpl.java:lambda$shutdown$3(251)) - 99091fd2-8328-4de4-84f5-e3b7c3f0dc1c@group-0F761C49026C: shutdown
2019-09-25 05:50:04,904 [ForkJoinPool.commonPool-worker-0] INFO  impl.RaftServerImpl (ServerState.java:close(385)) - 01bb1e87-3b88-425d-af88-cd320b9a7275@group-EE137C920B54: closes. applyIndex: 0
2019-09-25 05:50:04,904 [main] INFO  util.JmxRegister (JmxRegister.java:unregister(73)) - Successfully un-registered JMX Bean with object name Ratis:service=RaftServer,group=group-0F761C49026C,id=99091fd2-8328-4de4-84f5-e3b7c3f0dc1c
2019-09-25 05:50:04,905 [01bb1e87-3b88-425d-af88-cd320b9a7275@group-EE137C920B54-SegmentedRaftLogWorker] INFO  segmented.SegmentedRaftLogWorker (SegmentedRaftLogWorker.java:run(313)) - 01bb1e87-3b88-425d-af88-cd320b9a7275@group-EE137C920B54-SegmentedRaftLogWorker was interrupted, exiting. There are 0 tasks remaining in the queue.
2019-09-25 05:50:04,905 [main] INFO  impl.RoleInfo (RoleInfo.java:shutdownLeaderState(104)) - 99091fd2-8328-4de4-84f5-e3b7c3f0dc1c: shutdown LeaderState
2019-09-25 05:50:04,905 [ForkJoinPool.commonPool-worker-0] INFO  segmented.SegmentedRaftLogWorker (SegmentedRaftLogWorker.java:close(228)) - 01bb1e87-3b88-425d-af88-cd320b9a7275@group-EE137C920B54-SegmentedRaftLogWorker close()
2019-09-25 05:50:04,905 [main] INFO  impl.PendingRequests (PendingRequests.java:sendNotLeaderResponses(202)) - 99091fd2-8328-4de4-84f5-e3b7c3f0dc1c-PendingRequests: sendNotLeaderResponses
2019-09-25 05:50:04,905 [ForkJoinPool.commonPool-worker-0] INFO  impl.RaftServerImpl (RaftServerImpl.java:lambda$shutdown$3(251)) - 01bb1e87-3b88-425d-af88-cd320b9a7275@group-13F729B425F9: shutdown
2019-09-25 05:50:04,905 [main] INFO  impl.StateMachineUpdater (StateMachineUpdater.java:stopAndJoin(125)) - 99091fd2-8328-4de4-84f5-e3b7c3f0dc1c@group-0F761C49026C-StateMachineUpdater: set stopIndex = 0
2019-09-25 05:50:04,906 [ForkJoinPool.commonPool-worker-0] INFO  util.JmxRegister (JmxRegister.java:unregister(73)) - Successfully un-registered JMX Bean with object name Ratis:service=RaftServer,group=group-13F729B425F9,id=01bb1e87-3b88-425d-af88-cd320b9a7275
2019-09-25 05:50:04,906 [main] INFO  impl.RaftServerImpl (ServerState.java:close(385)) - 99091fd2-8328-4de4-84f5-e3b7c3f0dc1c@group-0F761C49026C: closes. applyIndex: 0
2019-09-25 05:50:04,906 [ForkJoinPool.commonPool-worker-0] INFO  impl.RoleInfo (RoleInfo.java:shutdownLeaderState(104)) - 01bb1e87-3b88-425d-af88-cd320b9a7275: shutdown LeaderState
2019-09-25 05:50:04,906 [99091fd2-8328-4de4-84f5-e3b7c3f0dc1c@group-0F761C49026C-SegmentedRaftLogWorker] INFO  segmented.SegmentedRaftLogWorker (SegmentedRaftLogWorker.java:run(313)) - 99091fd2-8328-4de4-84f5-e3b7c3f0dc1c@group-0F761C49026C-SegmentedRaftLogWorker was interrupted, exiting. There are 0 tasks remaining in the queue.
2019-09-25 05:50:04,906 [ForkJoinPool.commonPool-worker-0] INFO  impl.PendingRequests (PendingRequests.java:sendNotLeaderResponses(202)) - 01bb1e87-3b88-425d-af88-cd320b9a7275-PendingRequests: sendNotLeaderResponses
2019-09-25 05:50:04,907 [main] INFO  segmented.SegmentedRaftLogWorker (SegmentedRaftLogWorker.java:close(228)) - 99091fd2-8328-4de4-84f5-e3b7c3f0dc1c@group-0F761C49026C-SegmentedRaftLogWorker close()
2019-09-25 05:50:04,907 [ForkJoinPool.commonPool-worker-0] INFO  impl.StateMachineUpdater (StateMachineUpdater.java:stopAndJoin(125)) - 01bb1e87-3b88-425d-af88-cd320b9a7275@group-13F729B425F9-StateMachineUpdater: set stopIndex = 0
2019-09-25 05:50:04,909 [main] INFO  server.GrpcService (GrpcService.java:closeImpl(164)) - 99091fd2-8328-4de4-84f5-e3b7c3f0dc1c: shutdown server with port 42474 now
2019-09-25 05:50:04,909 [ForkJoinPool.commonPool-worker-0] INFO  impl.RaftServerImpl (ServerState.java:close(385)) - 01bb1e87-3b88-425d-af88-cd320b9a7275@group-13F729B425F9: closes. applyIndex: 0
2019-09-25 05:50:04,910 [01bb1e87-3b88-425d-af88-cd320b9a7275@group-13F729B425F9-SegmentedRaftLogWorker] INFO  segmented.SegmentedRaftLogWorker (SegmentedRaftLogWorker.java:run(313)) - 01bb1e87-3b88-425d-af88-cd320b9a7275@group-13F729B425F9-SegmentedRaftLogWorker was interrupted, exiting. There are 0 tasks remaining in the queue.
2019-09-25 05:50:04,910 [ForkJoinPool.commonPool-worker-0] INFO  segmented.SegmentedRaftLogWorker (SegmentedRaftLogWorker.java:close(228)) - 01bb1e87-3b88-425d-af88-cd320b9a7275@group-13F729B425F9-SegmentedRaftLogWorker close()
2019-09-25 05:50:04,913 [ForkJoinPool.commonPool-worker-0] INFO  server.GrpcService (GrpcService.java:closeImpl(164)) - 01bb1e87-3b88-425d-af88-cd320b9a7275: shutdown server with port 41549 now
2019-09-25 05:50:04,913 [main] INFO  server.GrpcService (GrpcService.java:closeImpl(172)) - 99091fd2-8328-4de4-84f5-e3b7c3f0dc1c: shutdown server with port 42474 successfully
2019-09-25 05:50:04,916 [ForkJoinPool.commonPool-worker-0] INFO  server.GrpcService (GrpcService.java:closeImpl(172)) - 01bb1e87-3b88-425d-af88-cd320b9a7275: shutdown server with port 41549 successfully
2019-09-25 05:50:04,918 [refreshUsed-/workdir/hadoop-ozone/integration-test/target/test-dir/MiniOzoneClusterImpl-3371874c-cdf9-4999-a21e-92d2cda410bc/datanode-0/data/containers] WARN  fs.CachingGetSpaceUsed (CachingGetSpaceUsed.java:run(183)) - Thread Interrupted waiting to refresh disk information: sleep interrupted
2019-09-25 05:50:04,919 [refreshUsed-/workdir/hadoop-ozone/integration-test/target/test-dir/MiniOzoneClusterImpl-3371874c-cdf9-4999-a21e-92d2cda410bc/datanode-6/data/containers] WARN  fs.CachingGetSpaceUsed (CachingGetSpaceUsed.java:run(183)) - Thread Interrupted waiting to refresh disk information: sleep interrupted
2019-09-25 05:50:04,940 [ForkJoinPool.commonPool-worker-0] INFO  utils.BackgroundService (BackgroundService.java:shutdown(148)) - Shutting down service BlockDeletingService
2019-09-25 05:50:04,945 [ForkJoinPool.commonPool-worker-0] INFO  statemachine.DatanodeStateMachine (DatanodeStateMachine.java:stopDaemon(395)) - Ozone container server stopped.
2019-09-25 05:50:04,951 [ForkJoinPool.commonPool-worker-0] INFO  handler.ContextHandler (ContextHandler.java:doStop(910)) - Stopped o.e.j.w.WebAppContext@2c7c0e36{/,null,UNAVAILABLE}{/hddsDatanode}
2019-09-25 05:50:04,952 [main] INFO  utils.BackgroundService (BackgroundService.java:shutdown(148)) - Shutting down service BlockDeletingService
2019-09-25 05:50:04,952 [ForkJoinPool.commonPool-worker-0] INFO  server.AbstractConnector (AbstractConnector.java:doStop(318)) - Stopped ServerConnector@307cf964{HTTP/1.1,[http/1.1]}{0.0.0.0:0}
2019-09-25 05:50:04,957 [ForkJoinPool.commonPool-worker-0] INFO  handler.ContextHandler (ContextHandler.java:doStop(910)) - Stopped o.e.j.s.ServletContextHandler@6af87130{/static,jar:file:/home/user/.m2/repository/org/apache/hadoop/hadoop-hdds-container-service/0.5.0-SNAPSHOT/hadoop-hdds-container-service-0.5.0-SNAPSHOT.jar!/webapps/static,UNAVAILABLE}
2019-09-25 05:50:04,959 [main] INFO  statemachine.DatanodeStateMachine (DatanodeStateMachine.java:stopDaemon(395)) - Ozone container server stopped.
2019-09-25 05:50:04,959 [ForkJoinPool.commonPool-worker-0] INFO  handler.ContextHandler (ContextHandler.java:doStop(910)) - Stopped o.e.j.s.ServletContextHandler@289f15e9{/logs,file:///workdir/hadoop-ozone/integration-test/target/log,UNAVAILABLE}
2019-09-25 05:50:04,960 [main] INFO  handler.ContextHandler (ContextHandler.java:doStop(910)) - Stopped o.e.j.w.WebAppContext@1a2773a8{/,null,UNAVAILABLE}{/hddsDatanode}
2019-09-25 05:50:04,962 [main] INFO  server.AbstractConnector (AbstractConnector.java:doStop(318)) - Stopped ServerConnector@78b0ec3a{HTTP/1.1,[http/1.1]}{0.0.0.0:0}
2019-09-25 05:50:04,962 [main] INFO  handler.ContextHandler (ContextHandler.java:doStop(910)) - Stopped o.e.j.s.ServletContextHandler@3c33fcf8{/static,jar:file:/home/user/.m2/repository/org/apache/hadoop/hadoop-hdds-container-service/0.5.0-SNAPSHOT/hadoop-hdds-container-service-0.5.0-SNAPSHOT.jar!/webapps/static,UNAVAILABLE}
2019-09-25 05:50:04,963 [main] INFO  handler.ContextHandler (ContextHandler.java:doStop(910)) - Stopped o.e.j.s.ServletContextHandler@1abcd059{/logs,file:///workdir/hadoop-ozone/integration-test/target/log,UNAVAILABLE}
2019-09-25 05:50:05,056 [Datanode State Machine Thread - 0] INFO  statemachine.DatanodeStateMachine (DatanodeStateMachine.java:lambda$startDaemon$0(350)) - Ozone container server started.
2019-09-25 05:50:09,128 [EventQueue-StaleNodeForStaleNodeHandler] INFO  node.StaleNodeHandler (StaleNodeHandler.java:onMessage(58)) - Datanode fc8c9bb1-dbbf-4b8a-ac9f-72a0e03a2e86{ip: 192.168.30.10, host: pr-hdds-1569-s62bp-3040748787, networkLocation: /default-rack, certSerialId: null} moved to stale state. Finalizing its pipelines [PipelineID=05bc5d7f-161e-4027-86ba-0a91aa816d52, PipelineID=84b89ca1-f650-4564-a85b-a961437975cb, PipelineID=455f489c-a909-40e0-b222-1bcd0ecfde70, PipelineID=4b70160c-98cc-4be7-b735-36f12120368e, PipelineID=fd595aea-9b78-452e-af67-706262a22f1f, PipelineID=69a03dbb-5e07-4b3d-8099-6e3a4afef583]
2019-09-25 05:50:09,130 [EventQueue-StaleNodeForStaleNodeHandler] INFO  pipeline.SCMPipelineManager (SCMPipelineManager.java:finalizeAndDestroyPipeline(317)) - destroying pipeline:Pipeline[ Id: 05bc5d7f-161e-4027-86ba-0a91aa816d52, Nodes: fc8c9bb1-dbbf-4b8a-ac9f-72a0e03a2e86{ip: 192.168.30.10, host: pr-hdds-1569-s62bp-3040748787, networkLocation: /default-rack, certSerialId: null}, Type:RATIS, Factor:ONE, State:OPEN]
2019-09-25 05:50:09,130 [EventQueue-StaleNodeForStaleNodeHandler] INFO  pipeline.PipelineStateManager (PipelineStateManager.java:finalizePipeline(123)) - Pipeline Pipeline[ Id: 05bc5d7f-161e-4027-86ba-0a91aa816d52, Nodes: fc8c9bb1-dbbf-4b8a-ac9f-72a0e03a2e86{ip: 192.168.30.10, host: pr-hdds-1569-s62bp-3040748787, networkLocation: /default-rack, certSerialId: null}, Type:RATIS, Factor:ONE, State:CLOSED] moved to CLOSED state
2019-09-25 05:50:09,131 [EventQueue-StaleNodeForStaleNodeHandler] INFO  pipeline.SCMPipelineManager (SCMPipelineManager.java:finalizeAndDestroyPipeline(317)) - destroying pipeline:Pipeline[ Id: 84b89ca1-f650-4564-a85b-a961437975cb, Nodes: fc8c9bb1-dbbf-4b8a-ac9f-72a0e03a2e86{ip: 192.168.30.10, host: pr-hdds-1569-s62bp-3040748787, networkLocation: /default-rack, certSerialId: null}, Type:RATIS, Factor:ONE, State:OPEN]
2019-09-25 05:50:09,131 [EventQueue-StaleNodeForStaleNodeHandler] INFO  pipeline.PipelineStateManager (PipelineStateManager.java:finalizePipeline(123)) - Pipeline Pipeline[ Id: 84b89ca1-f650-4564-a85b-a961437975cb, Nodes: fc8c9bb1-dbbf-4b8a-ac9f-72a0e03a2e86{ip: 192.168.30.10, host: pr-hdds-1569-s62bp-3040748787, networkLocation: /default-rack, certSerialId: null}, Type:RATIS, Factor:ONE, State:CLOSED] moved to CLOSED state
2019-09-25 05:50:09,131 [EventQueue-StaleNodeForStaleNodeHandler] INFO  pipeline.SCMPipelineManager (SCMPipelineManager.java:finalizeAndDestroyPipeline(317)) - destroying pipeline:Pipeline[ Id: 455f489c-a909-40e0-b222-1bcd0ecfde70, Nodes: fc8c9bb1-dbbf-4b8a-ac9f-72a0e03a2e86{ip: 192.168.30.10, host: pr-hdds-1569-s62bp-3040748787, networkLocation: /default-rack, certSerialId: null}, Type:RATIS, Factor:ONE, State:OPEN]
2019-09-25 05:50:09,131 [EventQueue-StaleNodeForStaleNodeHandler] INFO  pipeline.PipelineStateManager (PipelineStateManager.java:finalizePipeline(123)) - Pipeline Pipeline[ Id: 455f489c-a909-40e0-b222-1bcd0ecfde70, Nodes: fc8c9bb1-dbbf-4b8a-ac9f-72a0e03a2e86{ip: 192.168.30.10, host: pr-hdds-1569-s62bp-3040748787, networkLocation: /default-rack, certSerialId: null}, Type:RATIS, Factor:ONE, State:CLOSED] moved to CLOSED state
2019-09-25 05:50:09,131 [EventQueue-StaleNodeForStaleNodeHandler] INFO  pipeline.SCMPipelineManager (SCMPipelineManager.java:finalizeAndDestroyPipeline(317)) - destroying pipeline:Pipeline[ Id: 4b70160c-98cc-4be7-b735-36f12120368e, Nodes: fc8c9bb1-dbbf-4b8a-ac9f-72a0e03a2e86{ip: 192.168.30.10, host: pr-hdds-1569-s62bp-3040748787, networkLocation: /default-rack, certSerialId: null}, Type:RATIS, Factor:ONE, State:OPEN]
2019-09-25 05:50:09,132 [EventQueue-StaleNodeForStaleNodeHandler] INFO  pipeline.PipelineStateManager (PipelineStateManager.java:finalizePipeline(123)) - Pipeline Pipeline[ Id: 4b70160c-98cc-4be7-b735-36f12120368e, Nodes: fc8c9bb1-dbbf-4b8a-ac9f-72a0e03a2e86{ip: 192.168.30.10, host: pr-hdds-1569-s62bp-3040748787, networkLocation: /default-rack, certSerialId: null}, Type:RATIS, Factor:ONE, State:CLOSED] moved to CLOSED state
2019-09-25 05:50:09,132 [EventQueue-StaleNodeForStaleNodeHandler] INFO  pipeline.SCMPipelineManager (SCMPipelineManager.java:finalizeAndDestroyPipeline(317)) - destroying pipeline:Pipeline[ Id: fd595aea-9b78-452e-af67-706262a22f1f, Nodes: fc8c9bb1-dbbf-4b8a-ac9f-72a0e03a2e86{ip: 192.168.30.10, host: pr-hdds-1569-s62bp-3040748787, networkLocation: /default-rack, certSerialId: null}, Type:RATIS, Factor:ONE, State:OPEN]
2019-09-25 05:50:09,132 [EventQueue-StaleNodeForStaleNodeHandler] INFO  pipeline.PipelineStateManager (PipelineStateManager.java:finalizePipeline(123)) - Pipeline Pipeline[ Id: fd595aea-9b78-452e-af67-706262a22f1f, Nodes: fc8c9bb1-dbbf-4b8a-ac9f-72a0e03a2e86{ip: 192.168.30.10, host: pr-hdds-1569-s62bp-3040748787, networkLocation: /default-rack, certSerialId: null}, Type:RATIS, Factor:ONE, State:CLOSED] moved to CLOSED state
2019-09-25 05:50:09,132 [EventQueue-StaleNodeForStaleNodeHandler] INFO  pipeline.SCMPipelineManager (SCMPipelineManager.java:finalizeAndDestroyPipeline(317)) - destroying pipeline:Pipeline[ Id: 69a03dbb-5e07-4b3d-8099-6e3a4afef583, Nodes: fc8c9bb1-dbbf-4b8a-ac9f-72a0e03a2e86{ip: 192.168.30.10, host: pr-hdds-1569-s62bp-3040748787, networkLocation: /default-rack, certSerialId: null}, Type:RATIS, Factor:ONE, State:OPEN]
2019-09-25 05:50:09,132 [EventQueue-StaleNodeForStaleNodeHandler] INFO  pipeline.PipelineStateManager (PipelineStateManager.java:finalizePipeline(123)) - Pipeline Pipeline[ Id: 69a03dbb-5e07-4b3d-8099-6e3a4afef583, Nodes: fc8c9bb1-dbbf-4b8a-ac9f-72a0e03a2e86{ip: 192.168.30.10, host: pr-hdds-1569-s62bp-3040748787, networkLocation: /default-rack, certSerialId: null}, Type:RATIS, Factor:ONE, State:CLOSED] moved to CLOSED state
2019-09-25 05:50:09,964 [ForkJoinPool.commonPool-worker-0] INFO  ozoneimpl.OzoneContainer (OzoneContainer.java:stop(231)) - Attempting to stop container services.
2019-09-25 05:50:09,972 [ForkJoinPool.commonPool-worker-0] INFO  impl.RaftServerProxy (RaftServerProxy.java:lambda$close$4(314)) - fc8c9bb1-dbbf-4b8a-ac9f-72a0e03a2e86: close
2019-09-25 05:50:09,973 [ForkJoinPool.commonPool-worker-0] INFO  impl.RaftServerImpl (RaftServerImpl.java:lambda$shutdown$3(251)) - fc8c9bb1-dbbf-4b8a-ac9f-72a0e03a2e86@group-A961437975CB: shutdown
2019-09-25 05:50:09,974 [ForkJoinPool.commonPool-worker-0] INFO  util.JmxRegister (JmxRegister.java:unregister(73)) - Successfully un-registered JMX Bean with object name Ratis:service=RaftServer,group=group-A961437975CB,id=fc8c9bb1-dbbf-4b8a-ac9f-72a0e03a2e86
2019-09-25 05:50:09,975 [ForkJoinPool.commonPool-worker-0] INFO  impl.RoleInfo (RoleInfo.java:shutdownLeaderState(104)) - fc8c9bb1-dbbf-4b8a-ac9f-72a0e03a2e86: shutdown LeaderState
2019-09-25 05:50:09,976 [ForkJoinPool.commonPool-worker-0] INFO  impl.PendingRequests (PendingRequests.java:sendNotLeaderResponses(202)) - fc8c9bb1-dbbf-4b8a-ac9f-72a0e03a2e86-PendingRequests: sendNotLeaderResponses
2019-09-25 05:50:09,977 [ForkJoinPool.commonPool-worker-0] INFO  impl.StateMachineUpdater (StateMachineUpdater.java:stopAndJoin(125)) - fc8c9bb1-dbbf-4b8a-ac9f-72a0e03a2e86@group-A961437975CB-StateMachineUpdater: set stopIndex = 0
2019-09-25 05:50:09,978 [ForkJoinPool.commonPool-worker-0] INFO  impl.RaftServerImpl (ServerState.java:close(385)) - fc8c9bb1-dbbf-4b8a-ac9f-72a0e03a2e86@group-A961437975CB: closes. applyIndex: 0
2019-09-25 05:50:09,979 [fc8c9bb1-dbbf-4b8a-ac9f-72a0e03a2e86@group-A961437975CB-SegmentedRaftLogWorker] INFO  segmented.SegmentedRaftLogWorker (SegmentedRaftLogWorker.java:run(313)) - fc8c9bb1-dbbf-4b8a-ac9f-72a0e03a2e86@group-A961437975CB-SegmentedRaftLogWorker was interrupted, exiting. There are 0 tasks remaining in the queue.
2019-09-25 05:50:09,980 [ForkJoinPool.commonPool-worker-0] INFO  segmented.SegmentedRaftLogWorker (SegmentedRaftLogWorker.java:close(228)) - fc8c9bb1-dbbf-4b8a-ac9f-72a0e03a2e86@group-A961437975CB-SegmentedRaftLogWorker close()
2019-09-25 05:50:09,981 [ForkJoinPool.commonPool-worker-0] INFO  impl.RaftServerImpl (RaftServerImpl.java:lambda$shutdown$3(251)) - fc8c9bb1-dbbf-4b8a-ac9f-72a0e03a2e86@group-0A91AA816D52: shutdown
2019-09-25 05:50:09,981 [ForkJoinPool.commonPool-worker-0] INFO  util.JmxRegister (JmxRegister.java:unregister(73)) - Successfully un-registered JMX Bean with object name Ratis:service=RaftServer,group=group-0A91AA816D52,id=fc8c9bb1-dbbf-4b8a-ac9f-72a0e03a2e86
2019-09-25 05:50:09,982 [ForkJoinPool.commonPool-worker-0] INFO  impl.RoleInfo (RoleInfo.java:shutdownLeaderState(104)) - fc8c9bb1-dbbf-4b8a-ac9f-72a0e03a2e86: shutdown LeaderState
2019-09-25 05:50:09,982 [ForkJoinPool.commonPool-worker-0] INFO  impl.PendingRequests (PendingRequests.java:sendNotLeaderResponses(202)) - fc8c9bb1-dbbf-4b8a-ac9f-72a0e03a2e86-PendingRequests: sendNotLeaderResponses
2019-09-25 05:50:09,982 [ForkJoinPool.commonPool-worker-0] INFO  impl.StateMachineUpdater (StateMachineUpdater.java:stopAndJoin(125)) - fc8c9bb1-dbbf-4b8a-ac9f-72a0e03a2e86@group-0A91AA816D52-StateMachineUpdater: set stopIndex = 0
2019-09-25 05:50:09,982 [ForkJoinPool.commonPool-worker-0] INFO  impl.RaftServerImpl (ServerState.java:close(385)) - fc8c9bb1-dbbf-4b8a-ac9f-72a0e03a2e86@group-0A91AA816D52: closes. applyIndex: 0
2019-09-25 05:50:09,983 [fc8c9bb1-dbbf-4b8a-ac9f-72a0e03a2e86@group-0A91AA816D52-SegmentedRaftLogWorker] INFO  segmented.SegmentedRaftLogWorker (SegmentedRaftLogWorker.java:run(313)) - fc8c9bb1-dbbf-4b8a-ac9f-72a0e03a2e86@group-0A91AA816D52-SegmentedRaftLogWorker was interrupted, exiting. There are 0 tasks remaining in the queue.
2019-09-25 05:50:09,983 [ForkJoinPool.commonPool-worker-0] INFO  segmented.SegmentedRaftLogWorker (SegmentedRaftLogWorker.java:close(228)) - fc8c9bb1-dbbf-4b8a-ac9f-72a0e03a2e86@group-0A91AA816D52-SegmentedRaftLogWorker close()
2019-09-25 05:50:09,983 [ForkJoinPool.commonPool-worker-0] INFO  impl.RaftServerImpl (RaftServerImpl.java:lambda$shutdown$3(251)) - fc8c9bb1-dbbf-4b8a-ac9f-72a0e03a2e86@group-1BCD0ECFDE70: shutdown
2019-09-25 05:50:09,984 [ForkJoinPool.commonPool-worker-0] INFO  util.JmxRegister (JmxRegister.java:unregister(73)) - Successfully un-registered JMX Bean with object name Ratis:service=RaftServer,group=group-1BCD0ECFDE70,id=fc8c9bb1-dbbf-4b8a-ac9f-72a0e03a2e86
2019-09-25 05:50:09,984 [ForkJoinPool.commonPool-worker-0] INFO  impl.RoleInfo (RoleInfo.java:shutdownLeaderState(104)) - fc8c9bb1-dbbf-4b8a-ac9f-72a0e03a2e86: shutdown LeaderState
2019-09-25 05:50:09,984 [ForkJoinPool.commonPool-worker-0] INFO  impl.PendingRequests (PendingRequests.java:sendNotLeaderResponses(202)) - fc8c9bb1-dbbf-4b8a-ac9f-72a0e03a2e86-PendingRequests: sendNotLeaderResponses
2019-09-25 05:50:09,984 [ForkJoinPool.commonPool-worker-0] INFO  impl.StateMachineUpdater (StateMachineUpdater.java:stopAndJoin(125)) - fc8c9bb1-dbbf-4b8a-ac9f-72a0e03a2e86@group-1BCD0ECFDE70-StateMachineUpdater: set stopIndex = 0
2019-09-25 05:50:09,985 [ForkJoinPool.commonPool-worker-0] INFO  impl.RaftServerImpl (ServerState.java:close(385)) - fc8c9bb1-dbbf-4b8a-ac9f-72a0e03a2e86@group-1BCD0ECFDE70: closes. applyIndex: 0
2019-09-25 05:50:09,985 [fc8c9bb1-dbbf-4b8a-ac9f-72a0e03a2e86@group-1BCD0ECFDE70-SegmentedRaftLogWorker] INFO  segmented.SegmentedRaftLogWorker (SegmentedRaftLogWorker.java:run(313)) - fc8c9bb1-dbbf-4b8a-ac9f-72a0e03a2e86@group-1BCD0ECFDE70-SegmentedRaftLogWorker was interrupted, exiting. There are 0 tasks remaining in the queue.
2019-09-25 05:50:09,988 [ForkJoinPool.commonPool-worker-0] INFO  segmented.SegmentedRaftLogWorker (SegmentedRaftLogWorker.java:close(228)) - fc8c9bb1-dbbf-4b8a-ac9f-72a0e03a2e86@group-1BCD0ECFDE70-SegmentedRaftLogWorker close()
2019-09-25 05:50:09,988 [ForkJoinPool.commonPool-worker-0] INFO  impl.RaftServerImpl (RaftServerImpl.java:lambda$shutdown$3(251)) - fc8c9bb1-dbbf-4b8a-ac9f-72a0e03a2e86@group-36F12120368E: shutdown
2019-09-25 05:50:09,988 [ForkJoinPool.commonPool-worker-0] INFO  util.JmxRegister (JmxRegister.java:unregister(73)) - Successfully un-registered JMX Bean with object name Ratis:service=RaftServer,group=group-36F12120368E,id=fc8c9bb1-dbbf-4b8a-ac9f-72a0e03a2e86
2019-09-25 05:50:09,989 [ForkJoinPool.commonPool-worker-0] INFO  impl.RoleInfo (RoleInfo.java:shutdownLeaderState(104)) - fc8c9bb1-dbbf-4b8a-ac9f-72a0e03a2e86: shutdown LeaderState
2019-09-25 05:50:09,989 [ForkJoinPool.commonPool-worker-0] INFO  impl.PendingRequests (PendingRequests.java:sendNotLeaderResponses(202)) - fc8c9bb1-dbbf-4b8a-ac9f-72a0e03a2e86-PendingRequests: sendNotLeaderResponses
2019-09-25 05:50:09,989 [ForkJoinPool.commonPool-worker-0] INFO  impl.StateMachineUpdater (StateMachineUpdater.java:stopAndJoin(125)) - fc8c9bb1-dbbf-4b8a-ac9f-72a0e03a2e86@group-36F12120368E-StateMachineUpdater: set stopIndex = 0
2019-09-25 05:50:09,989 [ForkJoinPool.commonPool-worker-0] INFO  impl.RaftServerImpl (ServerState.java:close(385)) - fc8c9bb1-dbbf-4b8a-ac9f-72a0e03a2e86@group-36F12120368E: closes. applyIndex: 0
2019-09-25 05:50:09,990 [fc8c9bb1-dbbf-4b8a-ac9f-72a0e03a2e86@group-36F12120368E-SegmentedRaftLogWorker] INFO  segmented.SegmentedRaftLogWorker (SegmentedRaftLogWorker.java:run(313)) - fc8c9bb1-dbbf-4b8a-ac9f-72a0e03a2e86@group-36F12120368E-SegmentedRaftLogWorker was interrupted, exiting. There are 0 tasks remaining in the queue.
2019-09-25 05:50:09,992 [ForkJoinPool.commonPool-worker-0] INFO  segmented.SegmentedRaftLogWorker (SegmentedRaftLogWorker.java:close(228)) - fc8c9bb1-dbbf-4b8a-ac9f-72a0e03a2e86@group-36F12120368E-SegmentedRaftLogWorker close()
2019-09-25 05:50:09,992 [ForkJoinPool.commonPool-worker-0] INFO  impl.RaftServerImpl (RaftServerImpl.java:lambda$shutdown$3(251)) - fc8c9bb1-dbbf-4b8a-ac9f-72a0e03a2e86@group-706262A22F1F: shutdown
2019-09-25 05:50:09,993 [ForkJoinPool.commonPool-worker-0] INFO  util.JmxRegister (JmxRegister.java:unregister(73)) - Successfully un-registered JMX Bean with object name Ratis:service=RaftServer,group=group-706262A22F1F,id=fc8c9bb1-dbbf-4b8a-ac9f-72a0e03a2e86
2019-09-25 05:50:09,993 [ForkJoinPool.commonPool-worker-0] INFO  impl.RoleInfo (RoleInfo.java:shutdownLeaderState(104)) - fc8c9bb1-dbbf-4b8a-ac9f-72a0e03a2e86: shutdown LeaderState
2019-09-25 05:50:09,993 [ForkJoinPool.commonPool-worker-0] INFO  impl.PendingRequests (PendingRequests.java:sendNotLeaderResponses(202)) - fc8c9bb1-dbbf-4b8a-ac9f-72a0e03a2e86-PendingRequests: sendNotLeaderResponses
2019-09-25 05:50:09,993 [ForkJoinPool.commonPool-worker-0] INFO  impl.StateMachineUpdater (StateMachineUpdater.java:stopAndJoin(125)) - fc8c9bb1-dbbf-4b8a-ac9f-72a0e03a2e86@group-706262A22F1F-StateMachineUpdater: set stopIndex = 0
2019-09-25 05:50:09,994 [ForkJoinPool.commonPool-worker-0] INFO  impl.RaftServerImpl (ServerState.java:close(385)) - fc8c9bb1-dbbf-4b8a-ac9f-72a0e03a2e86@group-706262A22F1F: closes. applyIndex: 0
2019-09-25 05:50:09,994 [fc8c9bb1-dbbf-4b8a-ac9f-72a0e03a2e86@group-706262A22F1F-SegmentedRaftLogWorker] INFO  segmented.SegmentedRaftLogWorker (SegmentedRaftLogWorker.java:run(313)) - fc8c9bb1-dbbf-4b8a-ac9f-72a0e03a2e86@group-706262A22F1F-SegmentedRaftLogWorker was interrupted, exiting. There are 0 tasks remaining in the queue.
2019-09-25 05:50:09,994 [ForkJoinPool.commonPool-worker-0] INFO  segmented.SegmentedRaftLogWorker (SegmentedRaftLogWorker.java:close(228)) - fc8c9bb1-dbbf-4b8a-ac9f-72a0e03a2e86@group-706262A22F1F-SegmentedRaftLogWorker close()
2019-09-25 05:50:09,994 [ForkJoinPool.commonPool-worker-0] INFO  impl.RaftServerImpl (RaftServerImpl.java:lambda$shutdown$3(251)) - fc8c9bb1-dbbf-4b8a-ac9f-72a0e03a2e86@group-6E3A4AFEF583: shutdown
2019-09-25 05:50:09,995 [ForkJoinPool.commonPool-worker-0] INFO  util.JmxRegister (JmxRegister.java:unregister(73)) - Successfully un-registered JMX Bean with object name Ratis:service=RaftServer,group=group-6E3A4AFEF583,id=fc8c9bb1-dbbf-4b8a-ac9f-72a0e03a2e86
2019-09-25 05:50:09,995 [ForkJoinPool.commonPool-worker-0] INFO  impl.RoleInfo (RoleInfo.java:shutdownLeaderState(104)) - fc8c9bb1-dbbf-4b8a-ac9f-72a0e03a2e86: shutdown LeaderState
2019-09-25 05:50:09,995 [ForkJoinPool.commonPool-worker-0] INFO  impl.PendingRequests (PendingRequests.java:sendNotLeaderResponses(202)) - fc8c9bb1-dbbf-4b8a-ac9f-72a0e03a2e86-PendingRequests: sendNotLeaderResponses
2019-09-25 05:50:09,995 [ForkJoinPool.commonPool-worker-0] INFO  impl.StateMachineUpdater (StateMachineUpdater.java:stopAndJoin(125)) - fc8c9bb1-dbbf-4b8a-ac9f-72a0e03a2e86@group-6E3A4AFEF583-StateMachineUpdater: set stopIndex = 0
2019-09-25 05:50:09,996 [ForkJoinPool.commonPool-worker-0] INFO  impl.RaftServerImpl (ServerState.java:close(385)) - fc8c9bb1-dbbf-4b8a-ac9f-72a0e03a2e86@group-6E3A4AFEF583: closes. applyIndex: 0
2019-09-25 05:50:09,996 [fc8c9bb1-dbbf-4b8a-ac9f-72a0e03a2e86@group-6E3A4AFEF583-SegmentedRaftLogWorker] INFO  segmented.SegmentedRaftLogWorker (SegmentedRaftLogWorker.java:run(313)) - fc8c9bb1-dbbf-4b8a-ac9f-72a0e03a2e86@group-6E3A4AFEF583-SegmentedRaftLogWorker was interrupted, exiting. There are 0 tasks remaining in the queue.
2019-09-25 05:50:09,996 [ForkJoinPool.commonPool-worker-0] INFO  segmented.SegmentedRaftLogWorker (SegmentedRaftLogWorker.java:close(228)) - fc8c9bb1-dbbf-4b8a-ac9f-72a0e03a2e86@group-6E3A4AFEF583-SegmentedRaftLogWorker close()
2019-09-25 05:50:09,997 [ForkJoinPool.commonPool-worker-0] INFO  server.GrpcService (GrpcService.java:closeImpl(164)) - fc8c9bb1-dbbf-4b8a-ac9f-72a0e03a2e86: shutdown server with port 41113 now
2019-09-25 05:50:10,000 [ForkJoinPool.commonPool-worker-0] INFO  server.GrpcService (GrpcService.java:closeImpl(172)) - fc8c9bb1-dbbf-4b8a-ac9f-72a0e03a2e86: shutdown server with port 41113 successfully
2019-09-25 05:50:10,002 [refreshUsed-/workdir/hadoop-ozone/integration-test/target/test-dir/MiniOzoneClusterImpl-3371874c-cdf9-4999-a21e-92d2cda410bc/datanode-5/data/containers] WARN  fs.CachingGetSpaceUsed (CachingGetSpaceUsed.java:run(183)) - Thread Interrupted waiting to refresh disk information: sleep interrupted
2019-09-25 05:50:10,019 [ForkJoinPool.commonPool-worker-0] INFO  utils.BackgroundService (BackgroundService.java:shutdown(148)) - Shutting down service BlockDeletingService
2019-09-25 05:50:10,025 [ForkJoinPool.commonPool-worker-0] INFO  statemachine.DatanodeStateMachine (DatanodeStateMachine.java:stopDaemon(395)) - Ozone container server stopped.
2019-09-25 05:50:10,033 [ForkJoinPool.commonPool-worker-0] INFO  handler.ContextHandler (ContextHandler.java:doStop(910)) - Stopped o.e.j.w.WebAppContext@409732fb{/,null,UNAVAILABLE}{/hddsDatanode}
2019-09-25 05:50:10,034 [ForkJoinPool.commonPool-worker-0] INFO  server.AbstractConnector (AbstractConnector.java:doStop(318)) - Stopped ServerConnector@73d62b5{HTTP/1.1,[http/1.1]}{0.0.0.0:0}
2019-09-25 05:50:10,036 [ForkJoinPool.commonPool-worker-0] INFO  handler.ContextHandler (ContextHandler.java:doStop(910)) - Stopped o.e.j.s.ServletContextHandler@69d103f0{/static,jar:file:/home/user/.m2/repository/org/apache/hadoop/hadoop-hdds-container-service/0.5.0-SNAPSHOT/hadoop-hdds-container-service-0.5.0-SNAPSHOT.jar!/webapps/static,UNAVAILABLE}
2019-09-25 05:50:10,038 [ForkJoinPool.commonPool-worker-0] INFO  handler.ContextHandler (ContextHandler.java:doStop(910)) - Stopped o.e.j.s.ServletContextHandler@44fd7ba4{/logs,file:///workdir/hadoop-ozone/integration-test/target/log,UNAVAILABLE}
2019-09-25 05:50:10,040 [main] INFO  ozone.MiniOzoneClusterImpl (MiniOzoneClusterImpl.java:stopSCM(392)) - Stopping the StorageContainerManager
2019-09-25 05:50:10,040 [main] INFO  server.StorageContainerManager (StorageContainerManager.java:stop(808)) - Stopping Replication Manager Service.
2019-09-25 05:50:10,040 [main] INFO  container.ReplicationManager (ReplicationManager.java:stop(204)) - Stopping Replication Monitor Thread.
2019-09-25 05:50:10,040 [main] INFO  server.StorageContainerManager (StorageContainerManager.java:stop(815)) - Stopping Lease Manager of the command watchers
2019-09-25 05:50:10,041 [main] INFO  server.StorageContainerManager (StorageContainerManager.java:stop(822)) - Stopping datanode service RPC server
2019-09-25 05:50:10,041 [main] INFO  server.SCMDatanodeProtocolServer (SCMDatanodeProtocolServer.java:stop(367)) - Stopping the RPC server for DataNodes
2019-09-25 05:50:10,041 [main] INFO  ipc.Server (Server.java:stop(3082)) - Stopping server on 41745
2019-09-25 05:50:10,044 [IPC Server listener on 41745] INFO  ipc.Server (Server.java:run(1185)) - Stopping IPC Server listener on 41745
2019-09-25 05:50:10,045 [IPC Server Responder] INFO  ipc.Server (Server.java:run(1319)) - Stopping IPC Server Responder
2019-09-25 05:50:10,129 [SCM Heartbeat Processing Thread - 0] WARN  node.NodeStateManager (NodeStateManager.java:scheduleNextHealthCheck(655)) - Current Thread is interrupted, shutting down HB processing thread for Node Manager.
2019-09-25 05:50:10,129 [main] INFO  server.StorageContainerManager (StorageContainerManager.java:stop(830)) - Stopping block service RPC server
2019-09-25 05:50:10,130 [main] INFO  server.SCMBlockProtocolServer (SCMBlockProtocolServer.java:stop(155)) - Stopping the RPC server for Block Protocol
2019-09-25 05:50:10,130 [main] INFO  ipc.Server (Server.java:stop(3082)) - Stopping server on 35239
2019-09-25 05:50:10,133 [IPC Server listener on 35239] INFO  ipc.Server (Server.java:run(1185)) - Stopping IPC Server listener on 35239
2019-09-25 05:50:10,133 [main] INFO  server.StorageContainerManager (StorageContainerManager.java:stop(837)) - Stopping the StorageContainerLocationProtocol RPC server
2019-09-25 05:50:10,134 [main] INFO  server.SCMClientProtocolServer (SCMClientProtocolServer.java:stop(159)) - Stopping the RPC server for Client Protocol
2019-09-25 05:50:10,134 [IPC Server Responder] INFO  ipc.Server (Server.java:run(1319)) - Stopping IPC Server Responder
2019-09-25 05:50:10,134 [main] INFO  ipc.Server (Server.java:stop(3082)) - Stopping server on 43527
2019-09-25 05:50:10,137 [main] INFO  server.StorageContainerManager (StorageContainerManager.java:stop(844)) - Stopping Storage Container Manager HTTP server.
2019-09-25 05:50:10,137 [IPC Server listener on 43527] INFO  ipc.Server (Server.java:run(1185)) - Stopping IPC Server listener on 43527
2019-09-25 05:50:10,137 [IPC Server Responder] INFO  ipc.Server (Server.java:run(1319)) - Stopping IPC Server Responder
2019-09-25 05:50:10,138 [main] INFO  handler.ContextHandler (ContextHandler.java:doStop(910)) - Stopped o.e.j.w.WebAppContext@7741ae1b{/,null,UNAVAILABLE}{/scm}
2019-09-25 05:50:10,139 [main] INFO  server.AbstractConnector (AbstractConnector.java:doStop(318)) - Stopped ServerConnector@50e5032c{HTTP/1.1,[http/1.1]}{0.0.0.0:0}
2019-09-25 05:50:10,139 [main] INFO  handler.ContextHandler (ContextHandler.java:doStop(910)) - Stopped o.e.j.s.ServletContextHandler@216c22ce{/static,file:///workdir/hadoop-ozone/integration-test/target/test-classes/webapps/static,UNAVAILABLE}
2019-09-25 05:50:10,139 [main] INFO  handler.ContextHandler (ContextHandler.java:doStop(910)) - Stopped o.e.j.s.ServletContextHandler@3bbf1c0d{/logs,file:///workdir/hadoop-ozone/integration-test/target/log,UNAVAILABLE}
2019-09-25 05:50:10,140 [main] INFO  server.StorageContainerManager (StorageContainerManager.java:stop(855)) - Stopping Block Manager Service.
2019-09-25 05:50:10,140 [main] INFO  utils.BackgroundService (BackgroundService.java:shutdown(148)) - Shutting down service SCMBlockDeletingService
2019-09-25 05:50:10,140 [main] INFO  utils.BackgroundService (BackgroundService.java:shutdown(148)) - Shutting down service SCMBlockDeletingService
2019-09-25 05:50:10,141 [main] INFO  server.StorageContainerManager (StorageContainerManager.java:stop(877)) - Stopping SCM Event Queue.
2019-09-25 05:50:10,146 [main] INFO  impl.MetricsSystemImpl (MetricsSystemImpl.java:stop(210)) - Stopping HddsDatanode metrics system...
2019-09-25 05:50:10,179 [main] INFO  impl.MetricsSystemImpl (MetricsSystemImpl.java:stop(216)) - HddsDatanode metrics system stopped.
]]></system-out>
  </testcase>
  <testcase name="testFailureWithPrimeSizedData" classname="org.apache.hadoop.ozone.client.rpc.TestBlockOutputStreamWithFailures" time="28.048">
    <error message="Allocated 0 blocks. Requested 1 blocks" type="INTERNAL_ERROR org.apache.hadoop.ozone.om.exceptions.OMException">INTERNAL_ERROR org.apache.hadoop.ozone.om.exceptions.OMException: Allocated 0 blocks. Requested 1 blocks
	at org.apache.hadoop.ozone.om.protocolPB.OzoneManagerProtocolClientSideTranslatorPB.handleError(OzoneManagerProtocolClientSideTranslatorPB.java:732)
	at org.apache.hadoop.ozone.om.protocolPB.OzoneManagerProtocolClientSideTranslatorPB.openKey(OzoneManagerProtocolClientSideTranslatorPB.java:723)
	at sun.reflect.NativeMethodAccessorImpl.invoke0(Native Method)
	at sun.reflect.NativeMethodAccessorImpl.invoke(NativeMethodAccessorImpl.java:62)
	at sun.reflect.DelegatingMethodAccessorImpl.invoke(DelegatingMethodAccessorImpl.java:43)
	at java.lang.reflect.Method.invoke(Method.java:498)
	at org.apache.hadoop.hdds.tracing.TraceAllMethod.invoke(TraceAllMethod.java:66)
	at com.sun.proxy.$Proxy37.openKey(Unknown Source)
	at org.apache.hadoop.ozone.client.rpc.RpcClient.createKey(RpcClient.java:614)
	at org.apache.hadoop.ozone.client.OzoneBucket.createKey(OzoneBucket.java:325)
	at org.apache.hadoop.ozone.container.ContainerTestHelper.createKey(ContainerTestHelper.java:704)
	at org.apache.hadoop.ozone.client.rpc.TestBlockOutputStreamWithFailures.createKey(TestBlockOutputStreamWithFailures.java:1210)
	at org.apache.hadoop.ozone.client.rpc.TestBlockOutputStreamWithFailures.createKey(TestBlockOutputStreamWithFailures.java:1204)
	at org.apache.hadoop.ozone.client.rpc.TestBlockOutputStreamWithFailures.testFailureWithPrimeSizedData(TestBlockOutputStreamWithFailures.java:558)
	at sun.reflect.NativeMethodAccessorImpl.invoke0(Native Method)
	at sun.reflect.NativeMethodAccessorImpl.invoke(NativeMethodAccessorImpl.java:62)
	at sun.reflect.DelegatingMethodAccessorImpl.invoke(DelegatingMethodAccessorImpl.java:43)
	at java.lang.reflect.Method.invoke(Method.java:498)
	at org.junit.runners.model.FrameworkMethod$1.runReflectiveCall(FrameworkMethod.java:47)
	at org.junit.internal.runners.model.ReflectiveCallable.run(ReflectiveCallable.java:12)
	at org.junit.runners.model.FrameworkMethod.invokeExplosively(FrameworkMethod.java:44)
	at org.junit.internal.runners.statements.InvokeMethod.evaluate(InvokeMethod.java:17)
	at org.junit.internal.runners.statements.RunBefores.evaluate(RunBefores.java:26)
	at org.junit.internal.runners.statements.RunAfters.evaluate(RunAfters.java:27)
	at org.junit.runners.ParentRunner.runLeaf(ParentRunner.java:271)
	at org.junit.runners.BlockJUnit4ClassRunner.runChild(BlockJUnit4ClassRunner.java:70)
	at org.junit.runners.BlockJUnit4ClassRunner.runChild(BlockJUnit4ClassRunner.java:50)
	at org.junit.runners.ParentRunner$3.run(ParentRunner.java:238)
	at org.junit.runners.ParentRunner$1.schedule(ParentRunner.java:63)
	at org.junit.runners.ParentRunner.runChildren(ParentRunner.java:236)
	at org.junit.runners.ParentRunner.access$000(ParentRunner.java:53)
	at org.junit.runners.ParentRunner$2.evaluate(ParentRunner.java:229)
	at org.junit.runners.ParentRunner.run(ParentRunner.java:309)
	at org.apache.maven.surefire.junit4.JUnit4Provider.execute(JUnit4Provider.java:365)
	at org.apache.maven.surefire.junit4.JUnit4Provider.executeWithRerun(JUnit4Provider.java:273)
	at org.apache.maven.surefire.junit4.JUnit4Provider.executeTestSet(JUnit4Provider.java:238)
	at org.apache.maven.surefire.junit4.JUnit4Provider.invoke(JUnit4Provider.java:159)
	at org.apache.maven.surefire.booter.ForkedBooter.invokeProviderInSameClassLoader(ForkedBooter.java:384)
	at org.apache.maven.surefire.booter.ForkedBooter.runSuitesInProcess(ForkedBooter.java:345)
	at org.apache.maven.surefire.booter.ForkedBooter.execute(ForkedBooter.java:126)
	at org.apache.maven.surefire.booter.ForkedBooter.main(ForkedBooter.java:418)
</error>
    <system-out><![CDATA[2019-09-25 05:50:10,218 [main] WARN  server.ServerUtils (ServerUtils.java:getScmDbDir(145)) - ozone.scm.db.dirs is not configured. We recommend adding this setting. Falling back to ozone.metadata.dirs instead.
2019-09-25 05:50:10,246 [main] WARN  server.ServerUtils (ServerUtils.java:getScmDbDir(145)) - ozone.scm.db.dirs is not configured. We recommend adding this setting. Falling back to ozone.metadata.dirs instead.
2019-09-25 05:50:10,246 [main] WARN  server.ServerUtils (ServerUtils.java:getScmDbDir(145)) - ozone.scm.db.dirs is not configured. We recommend adding this setting. Falling back to ozone.metadata.dirs instead.
2019-09-25 05:50:10,247 [main] INFO  db.DBStoreBuilder (DBStoreBuilder.java:addTable(110)) - using custom profile for table: deletedBlocks
2019-09-25 05:50:10,248 [main] INFO  db.DBStoreBuilder (DBStoreBuilder.java:processTables(161)) - Using default column profile:DBProfile.DISK for Table:deletedBlocks
2019-09-25 05:50:10,248 [main] INFO  db.DBStoreBuilder (DBStoreBuilder.java:addTable(110)) - using custom profile for table: validCerts
2019-09-25 05:50:10,248 [main] INFO  db.DBStoreBuilder (DBStoreBuilder.java:processTables(161)) - Using default column profile:DBProfile.DISK for Table:validCerts
2019-09-25 05:50:10,248 [main] INFO  db.DBStoreBuilder (DBStoreBuilder.java:addTable(110)) - using custom profile for table: revokedCerts
2019-09-25 05:50:10,249 [main] INFO  db.DBStoreBuilder (DBStoreBuilder.java:processTables(161)) - Using default column profile:DBProfile.DISK for Table:revokedCerts
2019-09-25 05:50:10,249 [main] INFO  db.DBStoreBuilder (DBStoreBuilder.java:addTable(110)) - using custom profile for table: default
2019-09-25 05:50:10,249 [main] INFO  db.DBStoreBuilder (DBStoreBuilder.java:processTables(167)) - Using default column profile:DBProfile.DISK for Table:default
2019-09-25 05:50:10,250 [main] INFO  db.DBStoreBuilder (DBStoreBuilder.java:getDbProfile(198)) - Using default options. DBProfile.DISK
2019-09-25 05:50:10,393 [main] INFO  net.NodeSchemaLoader (NodeSchemaLoader.java:loadSchemaFromFile(125)) - Loading file from sun.misc.CompoundEnumeration@177ede17
2019-09-25 05:50:10,393 [main] INFO  net.NodeSchemaLoader (NodeSchemaLoader.java:loadSchema(171)) - Loading network topology layer schema file
2019-09-25 05:50:10,398 [main] INFO  node.SCMNodeManager (SCMNodeManager.java:<init>(114)) - Entering startup safe mode.
2019-09-25 05:50:10,398 [main] INFO  algorithms.ContainerPlacementPolicyFactory (ContainerPlacementPolicyFactory.java:getPolicy(59)) - Create container placement policy of type org.apache.hadoop.hdds.scm.container.placement.algorithms.SCMContainerPlacementRandom
2019-09-25 05:50:10,399 [main] WARN  server.ServerUtils (ServerUtils.java:getScmDbDir(145)) - ozone.scm.db.dirs is not configured. We recommend adding this setting. Falling back to ozone.metadata.dirs instead.
2019-09-25 05:50:10,443 [main] INFO  pipeline.SCMPipelineManager (SCMPipelineManager.java:initializePipelineState(132)) - No pipeline exists in current db
2019-09-25 05:50:10,443 [main] WARN  server.ServerUtils (ServerUtils.java:getScmDbDir(145)) - ozone.scm.db.dirs is not configured. We recommend adding this setting. Falling back to ozone.metadata.dirs instead.
2019-09-25 05:50:10,492 [main] WARN  events.EventQueue (EventQueue.java:fireEvent(183)) - No event handler registered for event TypedEvent{payloadType=SafeModeStatus, name='SafeModeStatus'}
2019-09-25 05:50:10,493 [main] INFO  ipc.CallQueueManager (CallQueueManager.java:<init>(84)) - Using callQueue: class java.util.concurrent.LinkedBlockingQueue, queueCapacity: 2000, scheduler: class org.apache.hadoop.ipc.DefaultRpcScheduler, ipcBackoff: false.
2019-09-25 05:50:10,494 [Socket Reader #1 for port 35532] INFO  ipc.Server (Server.java:run(1074)) - Starting Socket Reader #1 for port 35532
2019-09-25 05:50:10,497 [main] INFO  ipc.CallQueueManager (CallQueueManager.java:<init>(84)) - Using callQueue: class java.util.concurrent.LinkedBlockingQueue, queueCapacity: 2000, scheduler: class org.apache.hadoop.ipc.DefaultRpcScheduler, ipcBackoff: false.
2019-09-25 05:50:10,498 [Socket Reader #1 for port 44037] INFO  ipc.Server (Server.java:run(1074)) - Starting Socket Reader #1 for port 44037
2019-09-25 05:50:10,499 [main] INFO  ipc.CallQueueManager (CallQueueManager.java:<init>(84)) - Using callQueue: class java.util.concurrent.LinkedBlockingQueue, queueCapacity: 2000, scheduler: class org.apache.hadoop.ipc.DefaultRpcScheduler, ipcBackoff: false.
2019-09-25 05:50:10,500 [Socket Reader #1 for port 36215] INFO  ipc.Server (Server.java:run(1074)) - Starting Socket Reader #1 for port 36215
2019-09-25 05:50:10,502 [main] INFO  hdfs.DFSUtil (DFSUtil.java:httpServerTemplateForNNAndJN(1641)) - Starting Web-server for scm at: http://0.0.0.0:0
2019-09-25 05:50:10,510 [main] INFO  server.AuthenticationFilter (AuthenticationFilter.java:constructSecretProvider(240)) - Unable to initialize FileSignerSecretProvider, falling back to use random secrets.
2019-09-25 05:50:10,510 [main] WARN  http.HttpRequestLog (HttpRequestLog.java:getRequestLog(97)) - Jetty request log can only be enabled using Log4j
2019-09-25 05:50:10,512 [main] INFO  http.HttpServer2 (HttpServer2.java:addGlobalFilter(975)) - Added global filter 'safety' (class=org.apache.hadoop.http.HttpServer2$QuotingInputFilter)
2019-09-25 05:50:10,513 [main] INFO  http.HttpServer2 (HttpServer2.java:addFilter(948)) - Added filter static_user_filter (class=org.apache.hadoop.http.lib.StaticUserWebFilter$StaticUserFilter) to context scm
2019-09-25 05:50:10,513 [main] INFO  http.HttpServer2 (HttpServer2.java:addFilter(958)) - Added filter static_user_filter (class=org.apache.hadoop.http.lib.StaticUserWebFilter$StaticUserFilter) to context logs
2019-09-25 05:50:10,513 [main] INFO  http.HttpServer2 (HttpServer2.java:addFilter(958)) - Added filter static_user_filter (class=org.apache.hadoop.http.lib.StaticUserWebFilter$StaticUserFilter) to context static
2019-09-25 05:50:10,515 [main] INFO  server.StorageContainerManager (StorageContainerManager.java:start(770)) - StorageContainerLocationProtocol RPC server is listening at /0.0.0.0:36215
2019-09-25 05:50:10,517 [main] WARN  impl.MetricsConfig (MetricsConfig.java:loadFirst(134)) - Cannot locate configuration: tried hadoop-metrics2-storagecontainermanager.properties,hadoop-metrics2.properties
2019-09-25 05:50:10,518 [main] INFO  impl.MetricsSystemImpl (MetricsSystemImpl.java:startTimer(374)) - Scheduled Metric snapshot period at 10 second(s).
2019-09-25 05:50:10,518 [main] INFO  impl.MetricsSystemImpl (MetricsSystemImpl.java:start(191)) - StorageContainerManager metrics system started
2019-09-25 05:50:10,681 [main] WARN  impl.MetricsSystemImpl (MetricsSystemImpl.java:register(276)) - Sink prometheus already exists!
2019-09-25 05:50:10,910 [main] INFO  server.SCMClientProtocolServer (SCMClientProtocolServer.java:start(151)) - RPC server for Client  is listening at /0.0.0.0:36215
2019-09-25 05:50:10,910 [IPC Server Responder] INFO  ipc.Server (Server.java:run(1314)) - IPC Server Responder: starting
2019-09-25 05:50:10,910 [IPC Server listener on 36215] INFO  ipc.Server (Server.java:run(1153)) - IPC Server listener on 36215: starting
2019-09-25 05:50:10,916 [main] INFO  server.StorageContainerManager (StorageContainerManager.java:start(780)) - ScmBlockLocationProtocol RPC server is listening at /0.0.0.0:44037
2019-09-25 05:50:10,916 [main] INFO  server.SCMBlockProtocolServer (SCMBlockProtocolServer.java:start(146)) - RPC server for Block Protocol is listening at /0.0.0.0:44037
2019-09-25 05:50:10,916 [IPC Server Responder] INFO  ipc.Server (Server.java:run(1314)) - IPC Server Responder: starting
2019-09-25 05:50:10,917 [IPC Server listener on 44037] INFO  ipc.Server (Server.java:run(1153)) - IPC Server listener on 44037: starting
2019-09-25 05:50:10,921 [main] INFO  server.StorageContainerManager (StorageContainerManager.java:start(784)) - ScmDatanodeProtocl RPC server is listening at /0.0.0.0:35532
2019-09-25 05:50:10,921 [main] INFO  server.SCMDatanodeProtocolServer (SCMDatanodeProtocolServer.java:start(191)) - RPC server for DataNodes is listening at /0.0.0.0:35532
2019-09-25 05:50:10,922 [IPC Server Responder] INFO  ipc.Server (Server.java:run(1314)) - IPC Server Responder: starting
2019-09-25 05:50:10,922 [IPC Server listener on 35532] INFO  ipc.Server (Server.java:run(1153)) - IPC Server listener on 35532: starting
2019-09-25 05:50:10,927 [main] INFO  http.HttpServer2 (HttpServer2.java:bindListener(1191)) - Jetty bound to port 40975
2019-09-25 05:50:10,927 [main] INFO  server.Server (Server.java:doStart(351)) - jetty-9.3.25.v20180904, build timestamp: 2018-09-04T21:11:46Z, git hash: 3ce520221d0240229c862b122d2b06c12a625732
2019-09-25 05:50:10,929 [main] INFO  handler.ContextHandler (ContextHandler.java:doStart(781)) - Started o.e.j.s.ServletContextHandler@113dcaf8{/logs,file:///workdir/hadoop-ozone/integration-test/target/log,AVAILABLE}
2019-09-25 05:50:10,929 [main] INFO  handler.ContextHandler (ContextHandler.java:doStart(781)) - Started o.e.j.s.ServletContextHandler@350ff014{/static,file:///workdir/hadoop-ozone/integration-test/target/test-classes/webapps/static,AVAILABLE}
2019-09-25 05:50:10,933 [main] INFO  handler.ContextHandler (ContextHandler.java:doStart(781)) - Started o.e.j.w.WebAppContext@3afca2c{/,file:///workdir/hadoop-ozone/integration-test/target/test-classes/webapps/scm/,AVAILABLE}{/scm}
2019-09-25 05:50:10,933 [main] INFO  server.AbstractConnector (AbstractConnector.java:doStart(278)) - Started ServerConnector@3855d9b2{HTTP/1.1,[http/1.1]}{0.0.0.0:40975}
2019-09-25 05:50:10,935 [main] INFO  server.Server (Server.java:doStart(419)) - Started @553772ms
2019-09-25 05:50:10,935 [main] WARN  impl.MetricsSystemImpl (MetricsSystemImpl.java:register(276)) - Sink prometheus already exists!
2019-09-25 05:50:10,936 [main] INFO  server.BaseHttpServer (BaseHttpServer.java:updateConnectorAddress(215)) - HTTP server of SCM is listening at http://0.0.0.0:40975
2019-09-25 05:50:10,937 [org.apache.hadoop.util.JvmPauseMonitor$Monitor@47a3d56a] INFO  util.JvmPauseMonitor (JvmPauseMonitor.java:run(188)) - Starting JVM pause monitor
2019-09-25 05:50:10,938 [main] WARN  server.ServerUtils (ServerUtils.java:getDBPath(222)) - ozone.om.db.dirs is not configured. We recommend adding this setting. Falling back to ozone.metadata.dirs instead.
2019-09-25 05:50:10,951 [main] WARN  server.ServerUtils (ServerUtils.java:getDBPath(222)) - ozone.om.db.dirs is not configured. We recommend adding this setting. Falling back to ozone.metadata.dirs instead.
2019-09-25 05:50:10,952 [main] WARN  server.ServerUtils (ServerUtils.java:getDBPath(222)) - ozone.om.db.dirs is not configured. We recommend adding this setting. Falling back to ozone.metadata.dirs instead.
2019-09-25 05:50:10,952 [main] INFO  om.OzoneManager (OzoneManager.java:setOMNodeDetails(652)) - OM Service ID is not set. Setting it to the default ID: omServiceIdDefault
2019-09-25 05:50:10,952 [main] INFO  om.OzoneManager (OzoneManager.java:setOMNodeDetails(658)) - OM Node ID is not set. Setting it to the OmStorage's OmID: 97654430-1f7e-4272-b076-2e0a3c8077db
2019-09-25 05:50:10,952 [main] INFO  om.OzoneManager (OzoneManager.java:loadOMHAConfigs(609)) - Found matching OM address with OMServiceId: null, OMNodeId: null, RPC Address: localhost:0 and Ratis port: 9872
2019-09-25 05:50:10,960 [main] WARN  server.ServerUtils (ServerUtils.java:getDBPath(222)) - ozone.om.db.dirs is not configured. We recommend adding this setting. Falling back to ozone.metadata.dirs instead.
2019-09-25 05:50:10,961 [main] INFO  db.DBStoreBuilder (DBStoreBuilder.java:addTable(110)) - using custom profile for table: userTable
2019-09-25 05:50:10,961 [main] INFO  db.DBStoreBuilder (DBStoreBuilder.java:processTables(161)) - Using default column profile:DBProfile.DISK for Table:userTable
2019-09-25 05:50:10,961 [main] INFO  db.DBStoreBuilder (DBStoreBuilder.java:addTable(110)) - using custom profile for table: volumeTable
2019-09-25 05:50:10,961 [main] INFO  db.DBStoreBuilder (DBStoreBuilder.java:processTables(161)) - Using default column profile:DBProfile.DISK for Table:volumeTable
2019-09-25 05:50:10,961 [main] INFO  db.DBStoreBuilder (DBStoreBuilder.java:addTable(110)) - using custom profile for table: bucketTable
2019-09-25 05:50:10,962 [main] INFO  db.DBStoreBuilder (DBStoreBuilder.java:processTables(161)) - Using default column profile:DBProfile.DISK for Table:bucketTable
2019-09-25 05:50:10,962 [main] INFO  db.DBStoreBuilder (DBStoreBuilder.java:addTable(110)) - using custom profile for table: keyTable
2019-09-25 05:50:10,962 [main] INFO  db.DBStoreBuilder (DBStoreBuilder.java:processTables(161)) - Using default column profile:DBProfile.DISK for Table:keyTable
2019-09-25 05:50:10,962 [main] INFO  db.DBStoreBuilder (DBStoreBuilder.java:addTable(110)) - using custom profile for table: deletedTable
2019-09-25 05:50:10,962 [main] INFO  db.DBStoreBuilder (DBStoreBuilder.java:processTables(161)) - Using default column profile:DBProfile.DISK for Table:deletedTable
2019-09-25 05:50:10,963 [main] INFO  db.DBStoreBuilder (DBStoreBuilder.java:addTable(110)) - using custom profile for table: openKeyTable
2019-09-25 05:50:10,963 [main] INFO  db.DBStoreBuilder (DBStoreBuilder.java:processTables(161)) - Using default column profile:DBProfile.DISK for Table:openKeyTable
2019-09-25 05:50:10,963 [main] INFO  db.DBStoreBuilder (DBStoreBuilder.java:addTable(110)) - using custom profile for table: s3Table
2019-09-25 05:50:10,963 [main] INFO  db.DBStoreBuilder (DBStoreBuilder.java:processTables(161)) - Using default column profile:DBProfile.DISK for Table:s3Table
2019-09-25 05:50:10,963 [main] INFO  db.DBStoreBuilder (DBStoreBuilder.java:addTable(110)) - using custom profile for table: multipartInfoTable
2019-09-25 05:50:10,963 [main] INFO  db.DBStoreBuilder (DBStoreBuilder.java:processTables(161)) - Using default column profile:DBProfile.DISK for Table:multipartInfoTable
2019-09-25 05:50:10,963 [main] INFO  db.DBStoreBuilder (DBStoreBuilder.java:addTable(110)) - using custom profile for table: dTokenTable
2019-09-25 05:50:10,964 [main] INFO  db.DBStoreBuilder (DBStoreBuilder.java:processTables(161)) - Using default column profile:DBProfile.DISK for Table:dTokenTable
2019-09-25 05:50:10,964 [main] INFO  db.DBStoreBuilder (DBStoreBuilder.java:addTable(110)) - using custom profile for table: s3SecretTable
2019-09-25 05:50:10,964 [main] INFO  db.DBStoreBuilder (DBStoreBuilder.java:processTables(161)) - Using default column profile:DBProfile.DISK for Table:s3SecretTable
2019-09-25 05:50:10,964 [main] INFO  db.DBStoreBuilder (DBStoreBuilder.java:addTable(110)) - using custom profile for table: prefixTable
2019-09-25 05:50:10,964 [main] INFO  db.DBStoreBuilder (DBStoreBuilder.java:processTables(161)) - Using default column profile:DBProfile.DISK for Table:prefixTable
2019-09-25 05:50:10,964 [main] INFO  db.DBStoreBuilder (DBStoreBuilder.java:addTable(110)) - using custom profile for table: default
2019-09-25 05:50:10,965 [main] INFO  db.DBStoreBuilder (DBStoreBuilder.java:processTables(167)) - Using default column profile:DBProfile.DISK for Table:default
2019-09-25 05:50:10,965 [main] INFO  db.DBStoreBuilder (DBStoreBuilder.java:getDbProfile(198)) - Using default options. DBProfile.DISK
2019-09-25 05:50:11,459 [main] INFO  ipc.CallQueueManager (CallQueueManager.java:<init>(84)) - Using callQueue: class java.util.concurrent.LinkedBlockingQueue, queueCapacity: 2000, scheduler: class org.apache.hadoop.ipc.DefaultRpcScheduler, ipcBackoff: false.
2019-09-25 05:50:11,460 [Socket Reader #1 for port 45220] INFO  ipc.Server (Server.java:run(1074)) - Starting Socket Reader #1 for port 45220
2019-09-25 05:50:11,486 [main] INFO  om.OzoneManager (OzoneManager.java:start(1243)) - OzoneManager RPC server is listening at localhost/127.0.0.1:45220
2019-09-25 05:50:11,486 [main] INFO  impl.MetricsSystemImpl (MetricsSystemImpl.java:init(158)) - OzoneManager metrics system started (again)
2019-09-25 05:50:11,487 [IPC Server Responder] INFO  ipc.Server (Server.java:run(1314)) - IPC Server Responder: starting
2019-09-25 05:50:11,487 [IPC Server listener on 45220] INFO  ipc.Server (Server.java:run(1153)) - IPC Server listener on 45220: starting
2019-09-25 05:50:11,502 [main] INFO  hdfs.DFSUtil (DFSUtil.java:httpServerTemplateForNNAndJN(1641)) - Starting Web-server for ozoneManager at: http://0.0.0.0:0
2019-09-25 05:50:11,504 [main] INFO  server.AuthenticationFilter (AuthenticationFilter.java:constructSecretProvider(240)) - Unable to initialize FileSignerSecretProvider, falling back to use random secrets.
2019-09-25 05:50:11,505 [main] WARN  http.HttpRequestLog (HttpRequestLog.java:getRequestLog(97)) - Jetty request log can only be enabled using Log4j
2019-09-25 05:50:11,507 [main] INFO  http.HttpServer2 (HttpServer2.java:addGlobalFilter(975)) - Added global filter 'safety' (class=org.apache.hadoop.http.HttpServer2$QuotingInputFilter)
2019-09-25 05:50:11,508 [main] INFO  http.HttpServer2 (HttpServer2.java:addFilter(948)) - Added filter static_user_filter (class=org.apache.hadoop.http.lib.StaticUserWebFilter$StaticUserFilter) to context ozoneManager
2019-09-25 05:50:11,508 [main] INFO  http.HttpServer2 (HttpServer2.java:addFilter(958)) - Added filter static_user_filter (class=org.apache.hadoop.http.lib.StaticUserWebFilter$StaticUserFilter) to context logs
2019-09-25 05:50:11,508 [main] INFO  http.HttpServer2 (HttpServer2.java:addFilter(958)) - Added filter static_user_filter (class=org.apache.hadoop.http.lib.StaticUserWebFilter$StaticUserFilter) to context static
2019-09-25 05:50:11,509 [main] INFO  http.HttpServer2 (HttpServer2.java:bindListener(1191)) - Jetty bound to port 40262
2019-09-25 05:50:11,510 [main] INFO  server.Server (Server.java:doStart(351)) - jetty-9.3.25.v20180904, build timestamp: 2018-09-04T21:11:46Z, git hash: 3ce520221d0240229c862b122d2b06c12a625732
2019-09-25 05:50:11,512 [main] INFO  handler.ContextHandler (ContextHandler.java:doStart(781)) - Started o.e.j.s.ServletContextHandler@53cddaf8{/logs,file:///workdir/hadoop-ozone/integration-test/target/log,AVAILABLE}
2019-09-25 05:50:11,512 [main] INFO  handler.ContextHandler (ContextHandler.java:doStart(781)) - Started o.e.j.s.ServletContextHandler@1ccc1026{/static,file:///workdir/hadoop-ozone/integration-test/target/test-classes/webapps/static,AVAILABLE}
2019-09-25 05:50:11,517 [main] INFO  handler.ContextHandler (ContextHandler.java:doStart(781)) - Started o.e.j.w.WebAppContext@41a16eb3{/,file:///workdir/hadoop-ozone/integration-test/target/test-classes/webapps/ozoneManager/,AVAILABLE}{/ozoneManager}
2019-09-25 05:50:11,518 [main] INFO  server.AbstractConnector (AbstractConnector.java:doStart(278)) - Started ServerConnector@677cb96e{HTTP/1.1,[http/1.1]}{0.0.0.0:40262}
2019-09-25 05:50:11,520 [main] INFO  server.Server (Server.java:doStart(419)) - Started @554358ms
2019-09-25 05:50:11,521 [main] WARN  impl.MetricsSystemImpl (MetricsSystemImpl.java:register(276)) - Sink prometheus already exists!
2019-09-25 05:50:11,521 [main] INFO  server.BaseHttpServer (BaseHttpServer.java:updateConnectorAddress(215)) - HTTP server of OZONEMANAGER is listening at http://0.0.0.0:40262
2019-09-25 05:50:11,542 [main] INFO  impl.MetricsSystemImpl (MetricsSystemImpl.java:init(158)) - HddsDatanode metrics system started (again)
2019-09-25 05:50:11,555 [main] INFO  ozone.HddsDatanodeService (HddsDatanodeService.java:start(184)) - HddsDatanodeService host:pr-hdds-1569-s62bp-3040748787 ip:192.168.30.10
2019-09-25 05:50:11,563 [main] INFO  volume.HddsVolume (HddsVolume.java:<init>(176)) - Creating Volume: /workdir/hadoop-ozone/integration-test/target/test-dir/MiniOzoneClusterImpl-2263fc46-0a90-446a-9f91-f67f9935a0e0/datanode-0/data/containers/hdds of  storage type : DISK and capacity : 1482555576320
2019-09-25 05:50:11,564 [main] INFO  volume.VolumeSet (VolumeSet.java:initializeVolumeSet(170)) - Added Volume : /workdir/hadoop-ozone/integration-test/target/test-dir/MiniOzoneClusterImpl-2263fc46-0a90-446a-9f91-f67f9935a0e0/datanode-0/data/containers/hdds to VolumeSet
2019-09-25 05:50:11,564 [main] INFO  volume.ThrottledAsyncChecker (ThrottledAsyncChecker.java:schedule(139)) - Scheduling a check for org.apache.hadoop.ozone.container.common.volume.HddsVolume@f2fb225
2019-09-25 05:50:11,565 [main] INFO  volume.HddsVolumeChecker (HddsVolumeChecker.java:checkAllVolumes(202)) - Scheduled health check for volume org.apache.hadoop.ozone.container.common.volume.HddsVolume@f2fb225
2019-09-25 05:50:11,583 [main] INFO  impl.RaftServerProxy (ConfUtils.java:logGet(43)) - raft.rpc.type = GRPC (default)
2019-09-25 05:50:11,583 [main] INFO  grpc.GrpcFactory (GrpcFactory.java:checkPooledByteBufAllocatorUseCacheForAllThreads(45)) - PERFORMANCE WARNING: useCacheForAllThreads is true that may cause Netty to create a lot garbage objects and, as a result, trigger GC.
	It is recommended to disable useCacheForAllThreads by setting -Dorg.apache.ratis.thirdparty.io.netty.allocator.useCacheForAllThreads=false in command line.
2019-09-25 05:50:11,583 [main] INFO  grpc.GrpcConfigKeys$Server (ConfUtils.java:logGet(43)) - raft.grpc.server.port = 0 (default)
2019-09-25 05:50:11,584 [main] INFO  server.GrpcService (ConfUtils.java:logGet(43)) - raft.grpc.message.size.max = 33570816 (custom)
2019-09-25 05:50:11,584 [main] INFO  server.RaftServerConfigKeys (ConfUtils.java:logGet(43)) - raft.server.log.appender.buffer.byte-limit = 33554432 (custom)
2019-09-25 05:50:11,584 [main] INFO  server.GrpcService (ConfUtils.java:logGet(43)) - raft.grpc.flow.control.window = 1MB (=1048576) (default)
2019-09-25 05:50:11,584 [main] INFO  server.RaftServerConfigKeys (ConfUtils.java:logGet(43)) - raft.server.rpc.request.timeout = 3000ms (default)
2019-09-25 05:50:11,585 [main] INFO  server.RaftServerConfigKeys (ConfUtils.java:logGet(43)) - raft.server.storage.dir = [/workdir/hadoop-ozone/integration-test/target/test-dir/MiniOzoneClusterImpl-2263fc46-0a90-446a-9f91-f67f9935a0e0/datanode-0/data/ratis] (custom)
2019-09-25 05:50:11,587 [main] INFO  hdfs.DFSUtil (DFSUtil.java:httpServerTemplateForNNAndJN(1641)) - Starting Web-server for hddsDatanode at: http://0.0.0.0:0
2019-09-25 05:50:11,588 [main] INFO  server.AuthenticationFilter (AuthenticationFilter.java:constructSecretProvider(240)) - Unable to initialize FileSignerSecretProvider, falling back to use random secrets.
2019-09-25 05:50:11,589 [main] WARN  http.HttpRequestLog (HttpRequestLog.java:getRequestLog(97)) - Jetty request log can only be enabled using Log4j
2019-09-25 05:50:11,590 [main] INFO  http.HttpServer2 (HttpServer2.java:addGlobalFilter(975)) - Added global filter 'safety' (class=org.apache.hadoop.http.HttpServer2$QuotingInputFilter)
2019-09-25 05:50:11,591 [main] INFO  http.HttpServer2 (HttpServer2.java:addFilter(948)) - Added filter static_user_filter (class=org.apache.hadoop.http.lib.StaticUserWebFilter$StaticUserFilter) to context hddsDatanode
2019-09-25 05:50:11,591 [main] INFO  http.HttpServer2 (HttpServer2.java:addFilter(958)) - Added filter static_user_filter (class=org.apache.hadoop.http.lib.StaticUserWebFilter$StaticUserFilter) to context logs
2019-09-25 05:50:11,591 [main] INFO  http.HttpServer2 (HttpServer2.java:addFilter(958)) - Added filter static_user_filter (class=org.apache.hadoop.http.lib.StaticUserWebFilter$StaticUserFilter) to context static
2019-09-25 05:50:11,592 [main] INFO  http.HttpServer2 (HttpServer2.java:bindListener(1191)) - Jetty bound to port 39652
2019-09-25 05:50:11,592 [main] INFO  server.Server (Server.java:doStart(351)) - jetty-9.3.25.v20180904, build timestamp: 2018-09-04T21:11:46Z, git hash: 3ce520221d0240229c862b122d2b06c12a625732
2019-09-25 05:50:11,594 [main] INFO  handler.ContextHandler (ContextHandler.java:doStart(781)) - Started o.e.j.s.ServletContextHandler@65d9e72a{/logs,file:///workdir/hadoop-ozone/integration-test/target/log,AVAILABLE}
2019-09-25 05:50:11,594 [main] INFO  handler.ContextHandler (ContextHandler.java:doStart(781)) - Started o.e.j.s.ServletContextHandler@e01a26b{/static,jar:file:/home/user/.m2/repository/org/apache/hadoop/hadoop-hdds-container-service/0.5.0-SNAPSHOT/hadoop-hdds-container-service-0.5.0-SNAPSHOT.jar!/webapps/static,AVAILABLE}
2019-09-25 05:50:11,625 [main] INFO  handler.ContextHandler (ContextHandler.java:doStart(781)) - Started o.e.j.w.WebAppContext@3bd08435{/,file:///tmp/jetty-0.0.0.0-39652-hddsDatanode-_-any-1006206716036911688.dir/webapp/,AVAILABLE}{/hddsDatanode}
2019-09-25 05:50:11,626 [main] INFO  server.AbstractConnector (AbstractConnector.java:doStart(278)) - Started ServerConnector@3e52ed5d{HTTP/1.1,[http/1.1]}{0.0.0.0:39652}
2019-09-25 05:50:11,628 [main] INFO  server.Server (Server.java:doStart(419)) - Started @554465ms
2019-09-25 05:50:11,628 [main] WARN  impl.MetricsSystemImpl (MetricsSystemImpl.java:register(276)) - Sink prometheus already exists!
2019-09-25 05:50:11,628 [main] INFO  server.BaseHttpServer (BaseHttpServer.java:updateConnectorAddress(215)) - HTTP server of HDDSDATANODE is listening at http://0.0.0.0:39652
2019-09-25 05:50:11,629 [main] INFO  impl.MetricsSystemImpl (MetricsSystemImpl.java:init(158)) - HddsDatanode metrics system started (again)
2019-09-25 05:50:11,638 [org.apache.hadoop.util.JvmPauseMonitor$Monitor@26bd05bf] INFO  util.JvmPauseMonitor (JvmPauseMonitor.java:run(188)) - Starting JVM pause monitor
2019-09-25 05:50:11,639 [main] INFO  ozone.HddsDatanodeService (HddsDatanodeService.java:start(184)) - HddsDatanodeService host:pr-hdds-1569-s62bp-3040748787 ip:192.168.30.10
2019-09-25 05:50:11,639 [Datanode State Machine Thread - 0] INFO  datanode.InitDatanodeState (InitDatanodeState.java:persistContainerDatanodeDetails(140)) - DatanodeDetails is persisted to /workdir/hadoop-ozone/integration-test/target/test-dir/MiniOzoneClusterImpl-2263fc46-0a90-446a-9f91-f67f9935a0e0/datanode-0/meta/datanode.id
2019-09-25 05:50:11,646 [main] INFO  volume.HddsVolume (HddsVolume.java:<init>(176)) - Creating Volume: /workdir/hadoop-ozone/integration-test/target/test-dir/MiniOzoneClusterImpl-2263fc46-0a90-446a-9f91-f67f9935a0e0/datanode-1/data/containers/hdds of  storage type : DISK and capacity : 1482555576320
2019-09-25 05:50:11,646 [main] INFO  volume.VolumeSet (VolumeSet.java:initializeVolumeSet(170)) - Added Volume : /workdir/hadoop-ozone/integration-test/target/test-dir/MiniOzoneClusterImpl-2263fc46-0a90-446a-9f91-f67f9935a0e0/datanode-1/data/containers/hdds to VolumeSet
2019-09-25 05:50:11,646 [main] INFO  volume.ThrottledAsyncChecker (ThrottledAsyncChecker.java:schedule(139)) - Scheduling a check for org.apache.hadoop.ozone.container.common.volume.HddsVolume@baa9ce4
2019-09-25 05:50:11,647 [main] INFO  volume.HddsVolumeChecker (HddsVolumeChecker.java:checkAllVolumes(202)) - Scheduled health check for volume org.apache.hadoop.ozone.container.common.volume.HddsVolume@baa9ce4
2019-09-25 05:50:11,661 [main] INFO  impl.RaftServerProxy (ConfUtils.java:logGet(43)) - raft.rpc.type = GRPC (default)
2019-09-25 05:50:11,662 [main] INFO  grpc.GrpcFactory (GrpcFactory.java:checkPooledByteBufAllocatorUseCacheForAllThreads(45)) - PERFORMANCE WARNING: useCacheForAllThreads is true that may cause Netty to create a lot garbage objects and, as a result, trigger GC.
	It is recommended to disable useCacheForAllThreads by setting -Dorg.apache.ratis.thirdparty.io.netty.allocator.useCacheForAllThreads=false in command line.
2019-09-25 05:50:11,662 [main] INFO  grpc.GrpcConfigKeys$Server (ConfUtils.java:logGet(43)) - raft.grpc.server.port = 0 (default)
2019-09-25 05:50:11,662 [main] INFO  server.GrpcService (ConfUtils.java:logGet(43)) - raft.grpc.message.size.max = 33570816 (custom)
2019-09-25 05:50:11,662 [main] INFO  server.RaftServerConfigKeys (ConfUtils.java:logGet(43)) - raft.server.log.appender.buffer.byte-limit = 33554432 (custom)
2019-09-25 05:50:11,662 [main] INFO  server.GrpcService (ConfUtils.java:logGet(43)) - raft.grpc.flow.control.window = 1MB (=1048576) (default)
2019-09-25 05:50:11,663 [main] INFO  server.RaftServerConfigKeys (ConfUtils.java:logGet(43)) - raft.server.rpc.request.timeout = 3000ms (default)
2019-09-25 05:50:11,663 [main] INFO  server.RaftServerConfigKeys (ConfUtils.java:logGet(43)) - raft.server.storage.dir = [/workdir/hadoop-ozone/integration-test/target/test-dir/MiniOzoneClusterImpl-2263fc46-0a90-446a-9f91-f67f9935a0e0/datanode-1/data/ratis] (custom)
2019-09-25 05:50:11,664 [main] INFO  hdfs.DFSUtil (DFSUtil.java:httpServerTemplateForNNAndJN(1641)) - Starting Web-server for hddsDatanode at: http://0.0.0.0:0
2019-09-25 05:50:11,665 [main] INFO  server.AuthenticationFilter (AuthenticationFilter.java:constructSecretProvider(240)) - Unable to initialize FileSignerSecretProvider, falling back to use random secrets.
2019-09-25 05:50:11,665 [main] WARN  http.HttpRequestLog (HttpRequestLog.java:getRequestLog(97)) - Jetty request log can only be enabled using Log4j
2019-09-25 05:50:11,667 [main] INFO  http.HttpServer2 (HttpServer2.java:addGlobalFilter(975)) - Added global filter 'safety' (class=org.apache.hadoop.http.HttpServer2$QuotingInputFilter)
2019-09-25 05:50:11,667 [main] INFO  http.HttpServer2 (HttpServer2.java:addFilter(948)) - Added filter static_user_filter (class=org.apache.hadoop.http.lib.StaticUserWebFilter$StaticUserFilter) to context hddsDatanode
2019-09-25 05:50:11,667 [main] INFO  http.HttpServer2 (HttpServer2.java:addFilter(958)) - Added filter static_user_filter (class=org.apache.hadoop.http.lib.StaticUserWebFilter$StaticUserFilter) to context logs
2019-09-25 05:50:11,667 [main] INFO  http.HttpServer2 (HttpServer2.java:addFilter(958)) - Added filter static_user_filter (class=org.apache.hadoop.http.lib.StaticUserWebFilter$StaticUserFilter) to context static
2019-09-25 05:50:11,668 [main] INFO  http.HttpServer2 (HttpServer2.java:bindListener(1191)) - Jetty bound to port 34329
2019-09-25 05:50:11,668 [main] INFO  server.Server (Server.java:doStart(351)) - jetty-9.3.25.v20180904, build timestamp: 2018-09-04T21:11:46Z, git hash: 3ce520221d0240229c862b122d2b06c12a625732
2019-09-25 05:50:11,669 [main] INFO  handler.ContextHandler (ContextHandler.java:doStart(781)) - Started o.e.j.s.ServletContextHandler@563317c1{/logs,file:///workdir/hadoop-ozone/integration-test/target/log,AVAILABLE}
2019-09-25 05:50:11,670 [main] INFO  handler.ContextHandler (ContextHandler.java:doStart(781)) - Started o.e.j.s.ServletContextHandler@6e0d16a4{/static,jar:file:/home/user/.m2/repository/org/apache/hadoop/hadoop-hdds-container-service/0.5.0-SNAPSHOT/hadoop-hdds-container-service-0.5.0-SNAPSHOT.jar!/webapps/static,AVAILABLE}
2019-09-25 05:50:11,697 [main] INFO  handler.ContextHandler (ContextHandler.java:doStart(781)) - Started o.e.j.w.WebAppContext@62735b13{/,file:///tmp/jetty-0.0.0.0-34329-hddsDatanode-_-any-4698859682631675701.dir/webapp/,AVAILABLE}{/hddsDatanode}
2019-09-25 05:50:11,697 [main] INFO  server.AbstractConnector (AbstractConnector.java:doStart(278)) - Started ServerConnector@7aae1170{HTTP/1.1,[http/1.1]}{0.0.0.0:34329}
2019-09-25 05:50:11,697 [main] INFO  server.Server (Server.java:doStart(419)) - Started @554535ms
2019-09-25 05:50:11,699 [main] WARN  impl.MetricsSystemImpl (MetricsSystemImpl.java:register(276)) - Sink prometheus already exists!
2019-09-25 05:50:11,700 [main] INFO  server.BaseHttpServer (BaseHttpServer.java:updateConnectorAddress(215)) - HTTP server of HDDSDATANODE is listening at http://0.0.0.0:34329
2019-09-25 05:50:11,700 [main] INFO  impl.MetricsSystemImpl (MetricsSystemImpl.java:init(158)) - HddsDatanode metrics system started (again)
2019-09-25 05:50:11,710 [org.apache.hadoop.util.JvmPauseMonitor$Monitor@288531e8] INFO  util.JvmPauseMonitor (JvmPauseMonitor.java:run(188)) - Starting JVM pause monitor
2019-09-25 05:50:11,711 [main] INFO  ozone.HddsDatanodeService (HddsDatanodeService.java:start(184)) - HddsDatanodeService host:pr-hdds-1569-s62bp-3040748787 ip:192.168.30.10
2019-09-25 05:50:11,711 [Datanode State Machine Thread - 0] INFO  datanode.InitDatanodeState (InitDatanodeState.java:persistContainerDatanodeDetails(140)) - DatanodeDetails is persisted to /workdir/hadoop-ozone/integration-test/target/test-dir/MiniOzoneClusterImpl-2263fc46-0a90-446a-9f91-f67f9935a0e0/datanode-1/meta/datanode.id
2019-09-25 05:50:11,718 [main] INFO  volume.HddsVolume (HddsVolume.java:<init>(176)) - Creating Volume: /workdir/hadoop-ozone/integration-test/target/test-dir/MiniOzoneClusterImpl-2263fc46-0a90-446a-9f91-f67f9935a0e0/datanode-2/data/containers/hdds of  storage type : DISK and capacity : 1482555576320
2019-09-25 05:50:11,719 [main] INFO  volume.VolumeSet (VolumeSet.java:initializeVolumeSet(170)) - Added Volume : /workdir/hadoop-ozone/integration-test/target/test-dir/MiniOzoneClusterImpl-2263fc46-0a90-446a-9f91-f67f9935a0e0/datanode-2/data/containers/hdds to VolumeSet
2019-09-25 05:50:11,719 [main] INFO  volume.ThrottledAsyncChecker (ThrottledAsyncChecker.java:schedule(139)) - Scheduling a check for org.apache.hadoop.ozone.container.common.volume.HddsVolume@7871d261
2019-09-25 05:50:11,719 [main] INFO  volume.HddsVolumeChecker (HddsVolumeChecker.java:checkAllVolumes(202)) - Scheduled health check for volume org.apache.hadoop.ozone.container.common.volume.HddsVolume@7871d261
2019-09-25 05:50:11,733 [main] INFO  impl.RaftServerProxy (ConfUtils.java:logGet(43)) - raft.rpc.type = GRPC (default)
2019-09-25 05:50:11,733 [main] INFO  grpc.GrpcFactory (GrpcFactory.java:checkPooledByteBufAllocatorUseCacheForAllThreads(45)) - PERFORMANCE WARNING: useCacheForAllThreads is true that may cause Netty to create a lot garbage objects and, as a result, trigger GC.
	It is recommended to disable useCacheForAllThreads by setting -Dorg.apache.ratis.thirdparty.io.netty.allocator.useCacheForAllThreads=false in command line.
2019-09-25 05:50:11,733 [main] INFO  grpc.GrpcConfigKeys$Server (ConfUtils.java:logGet(43)) - raft.grpc.server.port = 0 (default)
2019-09-25 05:50:11,733 [main] INFO  server.GrpcService (ConfUtils.java:logGet(43)) - raft.grpc.message.size.max = 33570816 (custom)
2019-09-25 05:50:11,734 [main] INFO  server.RaftServerConfigKeys (ConfUtils.java:logGet(43)) - raft.server.log.appender.buffer.byte-limit = 33554432 (custom)
2019-09-25 05:50:11,734 [main] INFO  server.GrpcService (ConfUtils.java:logGet(43)) - raft.grpc.flow.control.window = 1MB (=1048576) (default)
2019-09-25 05:50:11,734 [main] INFO  server.RaftServerConfigKeys (ConfUtils.java:logGet(43)) - raft.server.rpc.request.timeout = 3000ms (default)
2019-09-25 05:50:11,734 [main] INFO  server.RaftServerConfigKeys (ConfUtils.java:logGet(43)) - raft.server.storage.dir = [/workdir/hadoop-ozone/integration-test/target/test-dir/MiniOzoneClusterImpl-2263fc46-0a90-446a-9f91-f67f9935a0e0/datanode-2/data/ratis] (custom)
2019-09-25 05:50:11,735 [main] INFO  hdfs.DFSUtil (DFSUtil.java:httpServerTemplateForNNAndJN(1641)) - Starting Web-server for hddsDatanode at: http://0.0.0.0:0
2019-09-25 05:50:11,736 [main] INFO  server.AuthenticationFilter (AuthenticationFilter.java:constructSecretProvider(240)) - Unable to initialize FileSignerSecretProvider, falling back to use random secrets.
2019-09-25 05:50:11,737 [main] WARN  http.HttpRequestLog (HttpRequestLog.java:getRequestLog(97)) - Jetty request log can only be enabled using Log4j
2019-09-25 05:50:11,738 [main] INFO  http.HttpServer2 (HttpServer2.java:addGlobalFilter(975)) - Added global filter 'safety' (class=org.apache.hadoop.http.HttpServer2$QuotingInputFilter)
2019-09-25 05:50:11,738 [main] INFO  http.HttpServer2 (HttpServer2.java:addFilter(948)) - Added filter static_user_filter (class=org.apache.hadoop.http.lib.StaticUserWebFilter$StaticUserFilter) to context hddsDatanode
2019-09-25 05:50:11,739 [main] INFO  http.HttpServer2 (HttpServer2.java:addFilter(958)) - Added filter static_user_filter (class=org.apache.hadoop.http.lib.StaticUserWebFilter$StaticUserFilter) to context static
2019-09-25 05:50:11,739 [main] INFO  http.HttpServer2 (HttpServer2.java:addFilter(958)) - Added filter static_user_filter (class=org.apache.hadoop.http.lib.StaticUserWebFilter$StaticUserFilter) to context logs
2019-09-25 05:50:11,739 [main] INFO  http.HttpServer2 (HttpServer2.java:bindListener(1191)) - Jetty bound to port 40414
2019-09-25 05:50:11,740 [main] INFO  server.Server (Server.java:doStart(351)) - jetty-9.3.25.v20180904, build timestamp: 2018-09-04T21:11:46Z, git hash: 3ce520221d0240229c862b122d2b06c12a625732
2019-09-25 05:50:11,741 [main] INFO  handler.ContextHandler (ContextHandler.java:doStart(781)) - Started o.e.j.s.ServletContextHandler@91a2543{/logs,file:///workdir/hadoop-ozone/integration-test/target/log,AVAILABLE}
2019-09-25 05:50:11,741 [main] INFO  handler.ContextHandler (ContextHandler.java:doStart(781)) - Started o.e.j.s.ServletContextHandler@18c7f6b5{/static,jar:file:/home/user/.m2/repository/org/apache/hadoop/hadoop-hdds-container-service/0.5.0-SNAPSHOT/hadoop-hdds-container-service-0.5.0-SNAPSHOT.jar!/webapps/static,AVAILABLE}
2019-09-25 05:50:11,768 [main] INFO  handler.ContextHandler (ContextHandler.java:doStart(781)) - Started o.e.j.w.WebAppContext@78065fcd{/,file:///tmp/jetty-0.0.0.0-40414-hddsDatanode-_-any-7275358796731093770.dir/webapp/,AVAILABLE}{/hddsDatanode}
2019-09-25 05:50:11,769 [main] INFO  server.AbstractConnector (AbstractConnector.java:doStart(278)) - Started ServerConnector@3407aa4f{HTTP/1.1,[http/1.1]}{0.0.0.0:40414}
2019-09-25 05:50:11,769 [main] INFO  server.Server (Server.java:doStart(419)) - Started @554607ms
2019-09-25 05:50:11,772 [main] WARN  impl.MetricsSystemImpl (MetricsSystemImpl.java:register(276)) - Sink prometheus already exists!
2019-09-25 05:50:11,772 [main] INFO  server.BaseHttpServer (BaseHttpServer.java:updateConnectorAddress(215)) - HTTP server of HDDSDATANODE is listening at http://0.0.0.0:40414
2019-09-25 05:50:11,773 [main] INFO  impl.MetricsSystemImpl (MetricsSystemImpl.java:init(158)) - HddsDatanode metrics system started (again)
2019-09-25 05:50:11,783 [org.apache.hadoop.util.JvmPauseMonitor$Monitor@5dfb36c2] INFO  util.JvmPauseMonitor (JvmPauseMonitor.java:run(188)) - Starting JVM pause monitor
2019-09-25 05:50:11,784 [Datanode State Machine Thread - 0] INFO  datanode.InitDatanodeState (InitDatanodeState.java:persistContainerDatanodeDetails(140)) - DatanodeDetails is persisted to /workdir/hadoop-ozone/integration-test/target/test-dir/MiniOzoneClusterImpl-2263fc46-0a90-446a-9f91-f67f9935a0e0/datanode-2/meta/datanode.id
2019-09-25 05:50:11,785 [main] INFO  ozone.HddsDatanodeService (HddsDatanodeService.java:start(184)) - HddsDatanodeService host:pr-hdds-1569-s62bp-3040748787 ip:192.168.30.10
2019-09-25 05:50:11,792 [main] INFO  volume.HddsVolume (HddsVolume.java:<init>(176)) - Creating Volume: /workdir/hadoop-ozone/integration-test/target/test-dir/MiniOzoneClusterImpl-2263fc46-0a90-446a-9f91-f67f9935a0e0/datanode-3/data/containers/hdds of  storage type : DISK and capacity : 1482555576320
2019-09-25 05:50:11,792 [main] INFO  volume.VolumeSet (VolumeSet.java:initializeVolumeSet(170)) - Added Volume : /workdir/hadoop-ozone/integration-test/target/test-dir/MiniOzoneClusterImpl-2263fc46-0a90-446a-9f91-f67f9935a0e0/datanode-3/data/containers/hdds to VolumeSet
2019-09-25 05:50:11,793 [main] INFO  volume.ThrottledAsyncChecker (ThrottledAsyncChecker.java:schedule(139)) - Scheduling a check for org.apache.hadoop.ozone.container.common.volume.HddsVolume@29dcdd1c
2019-09-25 05:50:11,793 [main] INFO  volume.HddsVolumeChecker (HddsVolumeChecker.java:checkAllVolumes(202)) - Scheduled health check for volume org.apache.hadoop.ozone.container.common.volume.HddsVolume@29dcdd1c
2019-09-25 05:50:11,814 [main] INFO  impl.RaftServerProxy (ConfUtils.java:logGet(43)) - raft.rpc.type = GRPC (default)
2019-09-25 05:50:11,814 [main] INFO  grpc.GrpcFactory (GrpcFactory.java:checkPooledByteBufAllocatorUseCacheForAllThreads(45)) - PERFORMANCE WARNING: useCacheForAllThreads is true that may cause Netty to create a lot garbage objects and, as a result, trigger GC.
	It is recommended to disable useCacheForAllThreads by setting -Dorg.apache.ratis.thirdparty.io.netty.allocator.useCacheForAllThreads=false in command line.
2019-09-25 05:50:11,815 [main] INFO  grpc.GrpcConfigKeys$Server (ConfUtils.java:logGet(43)) - raft.grpc.server.port = 0 (default)
2019-09-25 05:50:11,815 [main] INFO  server.GrpcService (ConfUtils.java:logGet(43)) - raft.grpc.message.size.max = 33570816 (custom)
2019-09-25 05:50:11,815 [main] INFO  server.RaftServerConfigKeys (ConfUtils.java:logGet(43)) - raft.server.log.appender.buffer.byte-limit = 33554432 (custom)
2019-09-25 05:50:11,815 [main] INFO  server.GrpcService (ConfUtils.java:logGet(43)) - raft.grpc.flow.control.window = 1MB (=1048576) (default)
2019-09-25 05:50:11,815 [main] INFO  server.RaftServerConfigKeys (ConfUtils.java:logGet(43)) - raft.server.rpc.request.timeout = 3000ms (default)
2019-09-25 05:50:11,816 [main] INFO  server.RaftServerConfigKeys (ConfUtils.java:logGet(43)) - raft.server.storage.dir = [/workdir/hadoop-ozone/integration-test/target/test-dir/MiniOzoneClusterImpl-2263fc46-0a90-446a-9f91-f67f9935a0e0/datanode-3/data/ratis] (custom)
2019-09-25 05:50:11,817 [main] INFO  hdfs.DFSUtil (DFSUtil.java:httpServerTemplateForNNAndJN(1641)) - Starting Web-server for hddsDatanode at: http://0.0.0.0:0
2019-09-25 05:50:11,818 [main] INFO  server.AuthenticationFilter (AuthenticationFilter.java:constructSecretProvider(240)) - Unable to initialize FileSignerSecretProvider, falling back to use random secrets.
2019-09-25 05:50:11,818 [main] WARN  http.HttpRequestLog (HttpRequestLog.java:getRequestLog(97)) - Jetty request log can only be enabled using Log4j
2019-09-25 05:50:11,820 [main] INFO  http.HttpServer2 (HttpServer2.java:addGlobalFilter(975)) - Added global filter 'safety' (class=org.apache.hadoop.http.HttpServer2$QuotingInputFilter)
2019-09-25 05:50:11,820 [main] INFO  http.HttpServer2 (HttpServer2.java:addFilter(948)) - Added filter static_user_filter (class=org.apache.hadoop.http.lib.StaticUserWebFilter$StaticUserFilter) to context hddsDatanode
2019-09-25 05:50:11,820 [main] INFO  http.HttpServer2 (HttpServer2.java:addFilter(958)) - Added filter static_user_filter (class=org.apache.hadoop.http.lib.StaticUserWebFilter$StaticUserFilter) to context logs
2019-09-25 05:50:11,821 [main] INFO  http.HttpServer2 (HttpServer2.java:addFilter(958)) - Added filter static_user_filter (class=org.apache.hadoop.http.lib.StaticUserWebFilter$StaticUserFilter) to context static
2019-09-25 05:50:11,821 [main] INFO  http.HttpServer2 (HttpServer2.java:bindListener(1191)) - Jetty bound to port 42750
2019-09-25 05:50:11,821 [main] INFO  server.Server (Server.java:doStart(351)) - jetty-9.3.25.v20180904, build timestamp: 2018-09-04T21:11:46Z, git hash: 3ce520221d0240229c862b122d2b06c12a625732
2019-09-25 05:50:11,823 [main] INFO  handler.ContextHandler (ContextHandler.java:doStart(781)) - Started o.e.j.s.ServletContextHandler@4a660b34{/logs,file:///workdir/hadoop-ozone/integration-test/target/log,AVAILABLE}
2019-09-25 05:50:11,823 [main] INFO  handler.ContextHandler (ContextHandler.java:doStart(781)) - Started o.e.j.s.ServletContextHandler@2df3545d{/static,jar:file:/home/user/.m2/repository/org/apache/hadoop/hadoop-hdds-container-service/0.5.0-SNAPSHOT/hadoop-hdds-container-service-0.5.0-SNAPSHOT.jar!/webapps/static,AVAILABLE}
2019-09-25 05:50:11,851 [main] INFO  handler.ContextHandler (ContextHandler.java:doStart(781)) - Started o.e.j.w.WebAppContext@63485d7{/,file:///tmp/jetty-0.0.0.0-42750-hddsDatanode-_-any-5117680314988827637.dir/webapp/,AVAILABLE}{/hddsDatanode}
2019-09-25 05:50:11,851 [main] INFO  server.AbstractConnector (AbstractConnector.java:doStart(278)) - Started ServerConnector@23ea8830{HTTP/1.1,[http/1.1]}{0.0.0.0:42750}
2019-09-25 05:50:11,851 [main] INFO  server.Server (Server.java:doStart(419)) - Started @554689ms
2019-09-25 05:50:11,854 [main] WARN  impl.MetricsSystemImpl (MetricsSystemImpl.java:register(276)) - Sink prometheus already exists!
2019-09-25 05:50:11,854 [main] INFO  server.BaseHttpServer (BaseHttpServer.java:updateConnectorAddress(215)) - HTTP server of HDDSDATANODE is listening at http://0.0.0.0:42750
2019-09-25 05:50:11,855 [main] INFO  impl.MetricsSystemImpl (MetricsSystemImpl.java:init(158)) - HddsDatanode metrics system started (again)
2019-09-25 05:50:11,865 [org.apache.hadoop.util.JvmPauseMonitor$Monitor@ba9ef1a] INFO  util.JvmPauseMonitor (JvmPauseMonitor.java:run(188)) - Starting JVM pause monitor
2019-09-25 05:50:11,867 [main] INFO  ozone.HddsDatanodeService (HddsDatanodeService.java:start(184)) - HddsDatanodeService host:pr-hdds-1569-s62bp-3040748787 ip:192.168.30.10
2019-09-25 05:50:11,867 [Datanode State Machine Thread - 0] INFO  datanode.InitDatanodeState (InitDatanodeState.java:persistContainerDatanodeDetails(140)) - DatanodeDetails is persisted to /workdir/hadoop-ozone/integration-test/target/test-dir/MiniOzoneClusterImpl-2263fc46-0a90-446a-9f91-f67f9935a0e0/datanode-3/meta/datanode.id
2019-09-25 05:50:11,883 [main] INFO  volume.HddsVolume (HddsVolume.java:<init>(176)) - Creating Volume: /workdir/hadoop-ozone/integration-test/target/test-dir/MiniOzoneClusterImpl-2263fc46-0a90-446a-9f91-f67f9935a0e0/datanode-4/data/containers/hdds of  storage type : DISK and capacity : 1482555576320
2019-09-25 05:50:11,883 [main] INFO  volume.VolumeSet (VolumeSet.java:initializeVolumeSet(170)) - Added Volume : /workdir/hadoop-ozone/integration-test/target/test-dir/MiniOzoneClusterImpl-2263fc46-0a90-446a-9f91-f67f9935a0e0/datanode-4/data/containers/hdds to VolumeSet
2019-09-25 05:50:11,883 [main] INFO  volume.ThrottledAsyncChecker (ThrottledAsyncChecker.java:schedule(139)) - Scheduling a check for org.apache.hadoop.ozone.container.common.volume.HddsVolume@4e4f4092
2019-09-25 05:50:11,884 [main] INFO  volume.HddsVolumeChecker (HddsVolumeChecker.java:checkAllVolumes(202)) - Scheduled health check for volume org.apache.hadoop.ozone.container.common.volume.HddsVolume@4e4f4092
2019-09-25 05:50:11,899 [main] INFO  impl.RaftServerProxy (ConfUtils.java:logGet(43)) - raft.rpc.type = GRPC (default)
2019-09-25 05:50:11,899 [main] INFO  grpc.GrpcFactory (GrpcFactory.java:checkPooledByteBufAllocatorUseCacheForAllThreads(45)) - PERFORMANCE WARNING: useCacheForAllThreads is true that may cause Netty to create a lot garbage objects and, as a result, trigger GC.
	It is recommended to disable useCacheForAllThreads by setting -Dorg.apache.ratis.thirdparty.io.netty.allocator.useCacheForAllThreads=false in command line.
2019-09-25 05:50:11,899 [main] INFO  grpc.GrpcConfigKeys$Server (ConfUtils.java:logGet(43)) - raft.grpc.server.port = 0 (default)
2019-09-25 05:50:11,899 [main] INFO  server.GrpcService (ConfUtils.java:logGet(43)) - raft.grpc.message.size.max = 33570816 (custom)
2019-09-25 05:50:11,899 [main] INFO  server.RaftServerConfigKeys (ConfUtils.java:logGet(43)) - raft.server.log.appender.buffer.byte-limit = 33554432 (custom)
2019-09-25 05:50:11,900 [main] INFO  server.GrpcService (ConfUtils.java:logGet(43)) - raft.grpc.flow.control.window = 1MB (=1048576) (default)
2019-09-25 05:50:11,900 [main] INFO  server.RaftServerConfigKeys (ConfUtils.java:logGet(43)) - raft.server.rpc.request.timeout = 3000ms (default)
2019-09-25 05:50:11,900 [main] INFO  server.RaftServerConfigKeys (ConfUtils.java:logGet(43)) - raft.server.storage.dir = [/workdir/hadoop-ozone/integration-test/target/test-dir/MiniOzoneClusterImpl-2263fc46-0a90-446a-9f91-f67f9935a0e0/datanode-4/data/ratis] (custom)
2019-09-25 05:50:11,901 [main] INFO  hdfs.DFSUtil (DFSUtil.java:httpServerTemplateForNNAndJN(1641)) - Starting Web-server for hddsDatanode at: http://0.0.0.0:0
2019-09-25 05:50:11,902 [main] INFO  server.AuthenticationFilter (AuthenticationFilter.java:constructSecretProvider(240)) - Unable to initialize FileSignerSecretProvider, falling back to use random secrets.
2019-09-25 05:50:11,903 [main] WARN  http.HttpRequestLog (HttpRequestLog.java:getRequestLog(97)) - Jetty request log can only be enabled using Log4j
2019-09-25 05:50:11,904 [main] INFO  http.HttpServer2 (HttpServer2.java:addGlobalFilter(975)) - Added global filter 'safety' (class=org.apache.hadoop.http.HttpServer2$QuotingInputFilter)
2019-09-25 05:50:11,904 [main] INFO  http.HttpServer2 (HttpServer2.java:addFilter(948)) - Added filter static_user_filter (class=org.apache.hadoop.http.lib.StaticUserWebFilter$StaticUserFilter) to context hddsDatanode
2019-09-25 05:50:11,905 [main] INFO  http.HttpServer2 (HttpServer2.java:addFilter(958)) - Added filter static_user_filter (class=org.apache.hadoop.http.lib.StaticUserWebFilter$StaticUserFilter) to context static
2019-09-25 05:50:11,905 [main] INFO  http.HttpServer2 (HttpServer2.java:addFilter(958)) - Added filter static_user_filter (class=org.apache.hadoop.http.lib.StaticUserWebFilter$StaticUserFilter) to context logs
2019-09-25 05:50:11,905 [main] INFO  http.HttpServer2 (HttpServer2.java:bindListener(1191)) - Jetty bound to port 39482
2019-09-25 05:50:11,905 [main] INFO  server.Server (Server.java:doStart(351)) - jetty-9.3.25.v20180904, build timestamp: 2018-09-04T21:11:46Z, git hash: 3ce520221d0240229c862b122d2b06c12a625732
2019-09-25 05:50:11,907 [main] INFO  handler.ContextHandler (ContextHandler.java:doStart(781)) - Started o.e.j.s.ServletContextHandler@117b2cc6{/logs,file:///workdir/hadoop-ozone/integration-test/target/log,AVAILABLE}
2019-09-25 05:50:11,907 [main] INFO  handler.ContextHandler (ContextHandler.java:doStart(781)) - Started o.e.j.s.ServletContextHandler@49038f97{/static,jar:file:/home/user/.m2/repository/org/apache/hadoop/hadoop-hdds-container-service/0.5.0-SNAPSHOT/hadoop-hdds-container-service-0.5.0-SNAPSHOT.jar!/webapps/static,AVAILABLE}
2019-09-25 05:50:11,936 [main] INFO  handler.ContextHandler (ContextHandler.java:doStart(781)) - Started o.e.j.w.WebAppContext@35e2b89f{/,file:///tmp/jetty-0.0.0.0-39482-hddsDatanode-_-any-235252323510361017.dir/webapp/,AVAILABLE}{/hddsDatanode}
2019-09-25 05:50:11,937 [main] INFO  server.AbstractConnector (AbstractConnector.java:doStart(278)) - Started ServerConnector@7ad889be{HTTP/1.1,[http/1.1]}{0.0.0.0:39482}
2019-09-25 05:50:11,940 [main] INFO  server.Server (Server.java:doStart(419)) - Started @554777ms
2019-09-25 05:50:11,940 [main] WARN  impl.MetricsSystemImpl (MetricsSystemImpl.java:register(276)) - Sink prometheus already exists!
2019-09-25 05:50:11,941 [main] INFO  server.BaseHttpServer (BaseHttpServer.java:updateConnectorAddress(215)) - HTTP server of HDDSDATANODE is listening at http://0.0.0.0:39482
2019-09-25 05:50:11,942 [main] INFO  impl.MetricsSystemImpl (MetricsSystemImpl.java:init(158)) - HddsDatanode metrics system started (again)
2019-09-25 05:50:11,953 [org.apache.hadoop.util.JvmPauseMonitor$Monitor@48d17801] INFO  util.JvmPauseMonitor (JvmPauseMonitor.java:run(188)) - Starting JVM pause monitor
2019-09-25 05:50:11,954 [Datanode State Machine Thread - 0] INFO  datanode.InitDatanodeState (InitDatanodeState.java:persistContainerDatanodeDetails(140)) - DatanodeDetails is persisted to /workdir/hadoop-ozone/integration-test/target/test-dir/MiniOzoneClusterImpl-2263fc46-0a90-446a-9f91-f67f9935a0e0/datanode-4/meta/datanode.id
2019-09-25 05:50:11,954 [main] INFO  ozone.HddsDatanodeService (HddsDatanodeService.java:start(184)) - HddsDatanodeService host:pr-hdds-1569-s62bp-3040748787 ip:192.168.30.10
2019-09-25 05:50:11,962 [main] INFO  volume.HddsVolume (HddsVolume.java:<init>(176)) - Creating Volume: /workdir/hadoop-ozone/integration-test/target/test-dir/MiniOzoneClusterImpl-2263fc46-0a90-446a-9f91-f67f9935a0e0/datanode-5/data/containers/hdds of  storage type : DISK and capacity : 1482555576320
2019-09-25 05:50:11,962 [main] INFO  volume.VolumeSet (VolumeSet.java:initializeVolumeSet(170)) - Added Volume : /workdir/hadoop-ozone/integration-test/target/test-dir/MiniOzoneClusterImpl-2263fc46-0a90-446a-9f91-f67f9935a0e0/datanode-5/data/containers/hdds to VolumeSet
2019-09-25 05:50:11,963 [main] INFO  volume.ThrottledAsyncChecker (ThrottledAsyncChecker.java:schedule(139)) - Scheduling a check for org.apache.hadoop.ozone.container.common.volume.HddsVolume@1152900
2019-09-25 05:50:11,963 [main] INFO  volume.HddsVolumeChecker (HddsVolumeChecker.java:checkAllVolumes(202)) - Scheduled health check for volume org.apache.hadoop.ozone.container.common.volume.HddsVolume@1152900
2019-09-25 05:50:11,978 [main] INFO  impl.RaftServerProxy (ConfUtils.java:logGet(43)) - raft.rpc.type = GRPC (default)
2019-09-25 05:50:11,979 [main] INFO  grpc.GrpcFactory (GrpcFactory.java:checkPooledByteBufAllocatorUseCacheForAllThreads(45)) - PERFORMANCE WARNING: useCacheForAllThreads is true that may cause Netty to create a lot garbage objects and, as a result, trigger GC.
	It is recommended to disable useCacheForAllThreads by setting -Dorg.apache.ratis.thirdparty.io.netty.allocator.useCacheForAllThreads=false in command line.
2019-09-25 05:50:11,979 [main] INFO  grpc.GrpcConfigKeys$Server (ConfUtils.java:logGet(43)) - raft.grpc.server.port = 0 (default)
2019-09-25 05:50:11,979 [main] INFO  server.GrpcService (ConfUtils.java:logGet(43)) - raft.grpc.message.size.max = 33570816 (custom)
2019-09-25 05:50:11,979 [main] INFO  server.RaftServerConfigKeys (ConfUtils.java:logGet(43)) - raft.server.log.appender.buffer.byte-limit = 33554432 (custom)
2019-09-25 05:50:11,979 [main] INFO  server.GrpcService (ConfUtils.java:logGet(43)) - raft.grpc.flow.control.window = 1MB (=1048576) (default)
2019-09-25 05:50:11,980 [main] INFO  server.RaftServerConfigKeys (ConfUtils.java:logGet(43)) - raft.server.rpc.request.timeout = 3000ms (default)
2019-09-25 05:50:11,980 [main] INFO  server.RaftServerConfigKeys (ConfUtils.java:logGet(43)) - raft.server.storage.dir = [/workdir/hadoop-ozone/integration-test/target/test-dir/MiniOzoneClusterImpl-2263fc46-0a90-446a-9f91-f67f9935a0e0/datanode-5/data/ratis] (custom)
2019-09-25 05:50:11,981 [main] INFO  hdfs.DFSUtil (DFSUtil.java:httpServerTemplateForNNAndJN(1641)) - Starting Web-server for hddsDatanode at: http://0.0.0.0:0
2019-09-25 05:50:11,982 [main] INFO  server.AuthenticationFilter (AuthenticationFilter.java:constructSecretProvider(240)) - Unable to initialize FileSignerSecretProvider, falling back to use random secrets.
2019-09-25 05:50:11,982 [main] WARN  http.HttpRequestLog (HttpRequestLog.java:getRequestLog(97)) - Jetty request log can only be enabled using Log4j
2019-09-25 05:50:11,984 [main] INFO  http.HttpServer2 (HttpServer2.java:addGlobalFilter(975)) - Added global filter 'safety' (class=org.apache.hadoop.http.HttpServer2$QuotingInputFilter)
2019-09-25 05:50:11,984 [main] INFO  http.HttpServer2 (HttpServer2.java:addFilter(948)) - Added filter static_user_filter (class=org.apache.hadoop.http.lib.StaticUserWebFilter$StaticUserFilter) to context hddsDatanode
2019-09-25 05:50:11,984 [main] INFO  http.HttpServer2 (HttpServer2.java:addFilter(958)) - Added filter static_user_filter (class=org.apache.hadoop.http.lib.StaticUserWebFilter$StaticUserFilter) to context static
2019-09-25 05:50:11,984 [main] INFO  http.HttpServer2 (HttpServer2.java:addFilter(958)) - Added filter static_user_filter (class=org.apache.hadoop.http.lib.StaticUserWebFilter$StaticUserFilter) to context logs
2019-09-25 05:50:11,985 [main] INFO  http.HttpServer2 (HttpServer2.java:bindListener(1191)) - Jetty bound to port 45154
2019-09-25 05:50:11,985 [main] INFO  server.Server (Server.java:doStart(351)) - jetty-9.3.25.v20180904, build timestamp: 2018-09-04T21:11:46Z, git hash: 3ce520221d0240229c862b122d2b06c12a625732
2019-09-25 05:50:11,986 [main] INFO  handler.ContextHandler (ContextHandler.java:doStart(781)) - Started o.e.j.s.ServletContextHandler@426710f0{/logs,file:///workdir/hadoop-ozone/integration-test/target/log,AVAILABLE}
2019-09-25 05:50:11,986 [main] INFO  handler.ContextHandler (ContextHandler.java:doStart(781)) - Started o.e.j.s.ServletContextHandler@5e37fb82{/static,jar:file:/home/user/.m2/repository/org/apache/hadoop/hadoop-hdds-container-service/0.5.0-SNAPSHOT/hadoop-hdds-container-service-0.5.0-SNAPSHOT.jar!/webapps/static,AVAILABLE}
2019-09-25 05:50:12,013 [main] INFO  handler.ContextHandler (ContextHandler.java:doStart(781)) - Started o.e.j.w.WebAppContext@743bb39a{/,file:///tmp/jetty-0.0.0.0-45154-hddsDatanode-_-any-5114245075841647318.dir/webapp/,AVAILABLE}{/hddsDatanode}
2019-09-25 05:50:12,013 [main] INFO  server.AbstractConnector (AbstractConnector.java:doStart(278)) - Started ServerConnector@2de3b052{HTTP/1.1,[http/1.1]}{0.0.0.0:45154}
2019-09-25 05:50:12,015 [main] INFO  server.Server (Server.java:doStart(419)) - Started @554853ms
2019-09-25 05:50:12,016 [main] WARN  impl.MetricsSystemImpl (MetricsSystemImpl.java:register(276)) - Sink prometheus already exists!
2019-09-25 05:50:12,016 [main] INFO  server.BaseHttpServer (BaseHttpServer.java:updateConnectorAddress(215)) - HTTP server of HDDSDATANODE is listening at http://0.0.0.0:45154
2019-09-25 05:50:12,016 [main] INFO  impl.MetricsSystemImpl (MetricsSystemImpl.java:init(158)) - HddsDatanode metrics system started (again)
2019-09-25 05:50:12,028 [org.apache.hadoop.util.JvmPauseMonitor$Monitor@2a938707] INFO  util.JvmPauseMonitor (JvmPauseMonitor.java:run(188)) - Starting JVM pause monitor
2019-09-25 05:50:12,028 [main] INFO  ozone.HddsDatanodeService (HddsDatanodeService.java:start(184)) - HddsDatanodeService host:pr-hdds-1569-s62bp-3040748787 ip:192.168.30.10
2019-09-25 05:50:12,029 [Datanode State Machine Thread - 0] INFO  datanode.InitDatanodeState (InitDatanodeState.java:persistContainerDatanodeDetails(140)) - DatanodeDetails is persisted to /workdir/hadoop-ozone/integration-test/target/test-dir/MiniOzoneClusterImpl-2263fc46-0a90-446a-9f91-f67f9935a0e0/datanode-5/meta/datanode.id
2019-09-25 05:50:12,036 [main] INFO  volume.HddsVolume (HddsVolume.java:<init>(176)) - Creating Volume: /workdir/hadoop-ozone/integration-test/target/test-dir/MiniOzoneClusterImpl-2263fc46-0a90-446a-9f91-f67f9935a0e0/datanode-6/data/containers/hdds of  storage type : DISK and capacity : 1482555576320
2019-09-25 05:50:12,036 [main] INFO  volume.VolumeSet (VolumeSet.java:initializeVolumeSet(170)) - Added Volume : /workdir/hadoop-ozone/integration-test/target/test-dir/MiniOzoneClusterImpl-2263fc46-0a90-446a-9f91-f67f9935a0e0/datanode-6/data/containers/hdds to VolumeSet
2019-09-25 05:50:12,036 [main] INFO  volume.ThrottledAsyncChecker (ThrottledAsyncChecker.java:schedule(139)) - Scheduling a check for org.apache.hadoop.ozone.container.common.volume.HddsVolume@4adf3582
2019-09-25 05:50:12,037 [main] INFO  volume.HddsVolumeChecker (HddsVolumeChecker.java:checkAllVolumes(202)) - Scheduled health check for volume org.apache.hadoop.ozone.container.common.volume.HddsVolume@4adf3582
2019-09-25 05:50:12,053 [main] INFO  impl.RaftServerProxy (ConfUtils.java:logGet(43)) - raft.rpc.type = GRPC (default)
2019-09-25 05:50:12,053 [main] INFO  grpc.GrpcFactory (GrpcFactory.java:checkPooledByteBufAllocatorUseCacheForAllThreads(45)) - PERFORMANCE WARNING: useCacheForAllThreads is true that may cause Netty to create a lot garbage objects and, as a result, trigger GC.
	It is recommended to disable useCacheForAllThreads by setting -Dorg.apache.ratis.thirdparty.io.netty.allocator.useCacheForAllThreads=false in command line.
2019-09-25 05:50:12,053 [main] INFO  grpc.GrpcConfigKeys$Server (ConfUtils.java:logGet(43)) - raft.grpc.server.port = 0 (default)
2019-09-25 05:50:12,053 [main] INFO  server.GrpcService (ConfUtils.java:logGet(43)) - raft.grpc.message.size.max = 33570816 (custom)
2019-09-25 05:50:12,054 [main] INFO  server.RaftServerConfigKeys (ConfUtils.java:logGet(43)) - raft.server.log.appender.buffer.byte-limit = 33554432 (custom)
2019-09-25 05:50:12,054 [main] INFO  server.GrpcService (ConfUtils.java:logGet(43)) - raft.grpc.flow.control.window = 1MB (=1048576) (default)
2019-09-25 05:50:12,054 [main] INFO  server.RaftServerConfigKeys (ConfUtils.java:logGet(43)) - raft.server.rpc.request.timeout = 3000ms (default)
2019-09-25 05:50:12,054 [main] INFO  server.RaftServerConfigKeys (ConfUtils.java:logGet(43)) - raft.server.storage.dir = [/workdir/hadoop-ozone/integration-test/target/test-dir/MiniOzoneClusterImpl-2263fc46-0a90-446a-9f91-f67f9935a0e0/datanode-6/data/ratis] (custom)
2019-09-25 05:50:12,055 [main] INFO  hdfs.DFSUtil (DFSUtil.java:httpServerTemplateForNNAndJN(1641)) - Starting Web-server for hddsDatanode at: http://0.0.0.0:0
2019-09-25 05:50:12,057 [main] INFO  server.AuthenticationFilter (AuthenticationFilter.java:constructSecretProvider(240)) - Unable to initialize FileSignerSecretProvider, falling back to use random secrets.
2019-09-25 05:50:12,057 [main] WARN  http.HttpRequestLog (HttpRequestLog.java:getRequestLog(97)) - Jetty request log can only be enabled using Log4j
2019-09-25 05:50:12,058 [main] INFO  http.HttpServer2 (HttpServer2.java:addGlobalFilter(975)) - Added global filter 'safety' (class=org.apache.hadoop.http.HttpServer2$QuotingInputFilter)
2019-09-25 05:50:12,059 [main] INFO  http.HttpServer2 (HttpServer2.java:addFilter(948)) - Added filter static_user_filter (class=org.apache.hadoop.http.lib.StaticUserWebFilter$StaticUserFilter) to context hddsDatanode
2019-09-25 05:50:12,059 [main] INFO  http.HttpServer2 (HttpServer2.java:addFilter(958)) - Added filter static_user_filter (class=org.apache.hadoop.http.lib.StaticUserWebFilter$StaticUserFilter) to context static
2019-09-25 05:50:12,059 [main] INFO  http.HttpServer2 (HttpServer2.java:addFilter(958)) - Added filter static_user_filter (class=org.apache.hadoop.http.lib.StaticUserWebFilter$StaticUserFilter) to context logs
2019-09-25 05:50:12,060 [main] INFO  http.HttpServer2 (HttpServer2.java:bindListener(1191)) - Jetty bound to port 33803
2019-09-25 05:50:12,060 [main] INFO  server.Server (Server.java:doStart(351)) - jetty-9.3.25.v20180904, build timestamp: 2018-09-04T21:11:46Z, git hash: 3ce520221d0240229c862b122d2b06c12a625732
2019-09-25 05:50:12,061 [main] INFO  handler.ContextHandler (ContextHandler.java:doStart(781)) - Started o.e.j.s.ServletContextHandler@7c5f29c6{/logs,file:///workdir/hadoop-ozone/integration-test/target/log,AVAILABLE}
2019-09-25 05:50:12,061 [main] INFO  handler.ContextHandler (ContextHandler.java:doStart(781)) - Started o.e.j.s.ServletContextHandler@5280688{/static,jar:file:/home/user/.m2/repository/org/apache/hadoop/hadoop-hdds-container-service/0.5.0-SNAPSHOT/hadoop-hdds-container-service-0.5.0-SNAPSHOT.jar!/webapps/static,AVAILABLE}
2019-09-25 05:50:12,088 [main] INFO  handler.ContextHandler (ContextHandler.java:doStart(781)) - Started o.e.j.w.WebAppContext@5f61e002{/,file:///tmp/jetty-0.0.0.0-33803-hddsDatanode-_-any-2315361691708952137.dir/webapp/,AVAILABLE}{/hddsDatanode}
2019-09-25 05:50:12,088 [main] INFO  server.AbstractConnector (AbstractConnector.java:doStart(278)) - Started ServerConnector@334540a0{HTTP/1.1,[http/1.1]}{0.0.0.0:33803}
2019-09-25 05:50:12,091 [main] INFO  server.Server (Server.java:doStart(419)) - Started @554929ms
2019-09-25 05:50:12,092 [main] WARN  impl.MetricsSystemImpl (MetricsSystemImpl.java:register(276)) - Sink prometheus already exists!
2019-09-25 05:50:12,092 [main] INFO  server.BaseHttpServer (BaseHttpServer.java:updateConnectorAddress(215)) - HTTP server of HDDSDATANODE is listening at http://0.0.0.0:33803
2019-09-25 05:50:12,092 [main] INFO  ozone.MiniOzoneClusterImpl (MiniOzoneClusterImpl.java:lambda$waitForClusterToBeReady$0(147)) - Waiting for cluster to be ready. Got 0 of 7 DN Heartbeats.
2019-09-25 05:50:12,093 [org.apache.hadoop.util.JvmPauseMonitor$Monitor@1b8ed42a] INFO  util.JvmPauseMonitor (JvmPauseMonitor.java:run(188)) - Starting JVM pause monitor
2019-09-25 05:50:12,094 [Datanode State Machine Thread - 0] INFO  datanode.InitDatanodeState (InitDatanodeState.java:persistContainerDatanodeDetails(140)) - DatanodeDetails is persisted to /workdir/hadoop-ozone/integration-test/target/test-dir/MiniOzoneClusterImpl-2263fc46-0a90-446a-9f91-f67f9935a0e0/datanode-6/meta/datanode.id
2019-09-25 05:50:13,093 [main] INFO  ozone.MiniOzoneClusterImpl (MiniOzoneClusterImpl.java:lambda$waitForClusterToBeReady$0(147)) - Waiting for cluster to be ready. Got 0 of 7 DN Heartbeats.
2019-09-25 05:50:13,663 [Datanode State Machine Thread - 0] INFO  ozoneimpl.OzoneContainer (OzoneContainer.java:start(217)) - Attempting to start container services.
2019-09-25 05:50:13,663 [Datanode State Machine Thread - 0] INFO  ozoneimpl.OzoneContainer (OzoneContainer.java:startContainerScrub(179)) - Background container scanner has been disabled.
2019-09-25 05:50:13,664 [Datanode State Machine Thread - 0] INFO  ratis.XceiverServerRatis (XceiverServerRatis.java:start(411)) - Starting XceiverServerRatis 45ca45e9-b5b0-4fbb-a7fd-6b6ab106be2a at port 0
2019-09-25 05:50:13,669 [Datanode State Machine Thread - 0] INFO  impl.RaftServerProxy (RaftServerProxy.java:lambda$start$3(299)) - 45ca45e9-b5b0-4fbb-a7fd-6b6ab106be2a: start RPC server
2019-09-25 05:50:13,670 [Datanode State Machine Thread - 0] INFO  server.GrpcService (GrpcService.java:startImpl(158)) - 45ca45e9-b5b0-4fbb-a7fd-6b6ab106be2a: GrpcService started, listening on 0.0.0.0/0.0.0.0:45824
2019-09-25 05:50:13,670 [Datanode State Machine Thread - 0] INFO  ratis.XceiverServerRatis (XceiverServerRatis.java:start(421)) - XceiverServerRatis 45ca45e9-b5b0-4fbb-a7fd-6b6ab106be2a is started using port 45824
2019-09-25 05:50:13,671 [Datanode State Machine Thread - 0] INFO  server.XceiverServerGrpc (XceiverServerGrpc.java:start(149)) - XceiverServerGrpc 45ca45e9-b5b0-4fbb-a7fd-6b6ab106be2a is started using port 37991
2019-09-25 05:50:13,725 [Datanode State Machine Thread - 0] INFO  ozoneimpl.OzoneContainer (OzoneContainer.java:start(217)) - Attempting to start container services.
2019-09-25 05:50:13,726 [Datanode State Machine Thread - 0] INFO  ozoneimpl.OzoneContainer (OzoneContainer.java:startContainerScrub(179)) - Background container scanner has been disabled.
2019-09-25 05:50:13,726 [Datanode State Machine Thread - 0] INFO  ratis.XceiverServerRatis (XceiverServerRatis.java:start(411)) - Starting XceiverServerRatis 899bfb76-eea4-4ff6-823c-7995b606cb73 at port 0
2019-09-25 05:50:13,734 [Datanode State Machine Thread - 0] INFO  impl.RaftServerProxy (RaftServerProxy.java:lambda$start$3(299)) - 899bfb76-eea4-4ff6-823c-7995b606cb73: start RPC server
2019-09-25 05:50:13,734 [Datanode State Machine Thread - 0] INFO  server.GrpcService (GrpcService.java:startImpl(158)) - 899bfb76-eea4-4ff6-823c-7995b606cb73: GrpcService started, listening on 0.0.0.0/0.0.0.0:35182
2019-09-25 05:50:13,734 [Datanode State Machine Thread - 0] INFO  ratis.XceiverServerRatis (XceiverServerRatis.java:start(421)) - XceiverServerRatis 899bfb76-eea4-4ff6-823c-7995b606cb73 is started using port 35182
2019-09-25 05:50:13,735 [Datanode State Machine Thread - 0] INFO  server.XceiverServerGrpc (XceiverServerGrpc.java:start(149)) - XceiverServerGrpc 899bfb76-eea4-4ff6-823c-7995b606cb73 is started using port 39501
2019-09-25 05:50:13,796 [Datanode State Machine Thread - 0] INFO  ozoneimpl.OzoneContainer (OzoneContainer.java:start(217)) - Attempting to start container services.
2019-09-25 05:50:13,796 [Datanode State Machine Thread - 0] INFO  ozoneimpl.OzoneContainer (OzoneContainer.java:startContainerScrub(179)) - Background container scanner has been disabled.
2019-09-25 05:50:13,796 [Datanode State Machine Thread - 0] INFO  ratis.XceiverServerRatis (XceiverServerRatis.java:start(411)) - Starting XceiverServerRatis dc430975-089c-40cd-a0f1-208b2374b924 at port 0
2019-09-25 05:50:13,805 [Datanode State Machine Thread - 0] INFO  impl.RaftServerProxy (RaftServerProxy.java:lambda$start$3(299)) - dc430975-089c-40cd-a0f1-208b2374b924: start RPC server
2019-09-25 05:50:13,809 [Datanode State Machine Thread - 0] INFO  server.GrpcService (GrpcService.java:startImpl(158)) - dc430975-089c-40cd-a0f1-208b2374b924: GrpcService started, listening on 0.0.0.0/0.0.0.0:34467
2019-09-25 05:50:13,809 [Datanode State Machine Thread - 0] INFO  ratis.XceiverServerRatis (XceiverServerRatis.java:start(421)) - XceiverServerRatis dc430975-089c-40cd-a0f1-208b2374b924 is started using port 34467
2019-09-25 05:50:13,832 [Datanode State Machine Thread - 0] INFO  server.XceiverServerGrpc (XceiverServerGrpc.java:start(149)) - XceiverServerGrpc dc430975-089c-40cd-a0f1-208b2374b924 is started using port 44526
2019-09-25 05:50:13,879 [Datanode State Machine Thread - 0] INFO  ozoneimpl.OzoneContainer (OzoneContainer.java:start(217)) - Attempting to start container services.
2019-09-25 05:50:13,880 [Datanode State Machine Thread - 0] INFO  ozoneimpl.OzoneContainer (OzoneContainer.java:startContainerScrub(179)) - Background container scanner has been disabled.
2019-09-25 05:50:13,880 [Datanode State Machine Thread - 0] INFO  ratis.XceiverServerRatis (XceiverServerRatis.java:start(411)) - Starting XceiverServerRatis 30620aa2-f8b3-4a53-9c80-c9f165f833cf at port 0
2019-09-25 05:50:13,888 [Datanode State Machine Thread - 0] INFO  impl.RaftServerProxy (RaftServerProxy.java:lambda$start$3(299)) - 30620aa2-f8b3-4a53-9c80-c9f165f833cf: start RPC server
2019-09-25 05:50:13,892 [Datanode State Machine Thread - 0] INFO  server.GrpcService (GrpcService.java:startImpl(158)) - 30620aa2-f8b3-4a53-9c80-c9f165f833cf: GrpcService started, listening on 0.0.0.0/0.0.0.0:39633
2019-09-25 05:50:13,892 [Datanode State Machine Thread - 0] INFO  ratis.XceiverServerRatis (XceiverServerRatis.java:start(421)) - XceiverServerRatis 30620aa2-f8b3-4a53-9c80-c9f165f833cf is started using port 39633
2019-09-25 05:50:13,893 [Datanode State Machine Thread - 0] INFO  server.XceiverServerGrpc (XceiverServerGrpc.java:start(149)) - XceiverServerGrpc 30620aa2-f8b3-4a53-9c80-c9f165f833cf is started using port 36666
2019-09-25 05:50:13,957 [Datanode State Machine Thread - 0] INFO  ozoneimpl.OzoneContainer (OzoneContainer.java:start(217)) - Attempting to start container services.
2019-09-25 05:50:13,958 [Datanode State Machine Thread - 0] INFO  ozoneimpl.OzoneContainer (OzoneContainer.java:startContainerScrub(179)) - Background container scanner has been disabled.
2019-09-25 05:50:13,958 [Datanode State Machine Thread - 0] INFO  ratis.XceiverServerRatis (XceiverServerRatis.java:start(411)) - Starting XceiverServerRatis 11c09e37-7211-4e36-88ba-de9fcd604807 at port 0
2019-09-25 05:50:13,965 [Datanode State Machine Thread - 0] INFO  impl.RaftServerProxy (RaftServerProxy.java:lambda$start$3(299)) - 11c09e37-7211-4e36-88ba-de9fcd604807: start RPC server
2019-09-25 05:50:13,969 [Datanode State Machine Thread - 0] INFO  server.GrpcService (GrpcService.java:startImpl(158)) - 11c09e37-7211-4e36-88ba-de9fcd604807: GrpcService started, listening on 0.0.0.0/0.0.0.0:35566
2019-09-25 05:50:13,969 [Datanode State Machine Thread - 0] INFO  ratis.XceiverServerRatis (XceiverServerRatis.java:start(421)) - XceiverServerRatis 11c09e37-7211-4e36-88ba-de9fcd604807 is started using port 35566
2019-09-25 05:50:13,969 [Datanode State Machine Thread - 0] INFO  server.XceiverServerGrpc (XceiverServerGrpc.java:start(149)) - XceiverServerGrpc 11c09e37-7211-4e36-88ba-de9fcd604807 is started using port 44467
2019-09-25 05:50:14,043 [Datanode State Machine Thread - 0] INFO  ozoneimpl.OzoneContainer (OzoneContainer.java:start(217)) - Attempting to start container services.
2019-09-25 05:50:14,043 [Datanode State Machine Thread - 0] INFO  ozoneimpl.OzoneContainer (OzoneContainer.java:startContainerScrub(179)) - Background container scanner has been disabled.
2019-09-25 05:50:14,043 [Datanode State Machine Thread - 0] INFO  ratis.XceiverServerRatis (XceiverServerRatis.java:start(411)) - Starting XceiverServerRatis 74ee2b94-5a16-4fca-8dd4-c5490dc15294 at port 0
2019-09-25 05:50:14,049 [Datanode State Machine Thread - 0] INFO  impl.RaftServerProxy (RaftServerProxy.java:lambda$start$3(299)) - 74ee2b94-5a16-4fca-8dd4-c5490dc15294: start RPC server
2019-09-25 05:50:14,050 [Datanode State Machine Thread - 0] INFO  server.GrpcService (GrpcService.java:startImpl(158)) - 74ee2b94-5a16-4fca-8dd4-c5490dc15294: GrpcService started, listening on 0.0.0.0/0.0.0.0:39250
2019-09-25 05:50:14,050 [Datanode State Machine Thread - 0] INFO  ratis.XceiverServerRatis (XceiverServerRatis.java:start(421)) - XceiverServerRatis 74ee2b94-5a16-4fca-8dd4-c5490dc15294 is started using port 39250
2019-09-25 05:50:14,050 [Datanode State Machine Thread - 0] INFO  server.XceiverServerGrpc (XceiverServerGrpc.java:start(149)) - XceiverServerGrpc 74ee2b94-5a16-4fca-8dd4-c5490dc15294 is started using port 35285
2019-09-25 05:50:14,094 [main] INFO  ozone.MiniOzoneClusterImpl (MiniOzoneClusterImpl.java:lambda$waitForClusterToBeReady$0(147)) - Waiting for cluster to be ready. Got 0 of 7 DN Heartbeats.
2019-09-25 05:50:14,107 [Datanode State Machine Thread - 0] INFO  ozoneimpl.OzoneContainer (OzoneContainer.java:start(217)) - Attempting to start container services.
2019-09-25 05:50:14,107 [Datanode State Machine Thread - 0] INFO  ozoneimpl.OzoneContainer (OzoneContainer.java:startContainerScrub(179)) - Background container scanner has been disabled.
2019-09-25 05:50:14,107 [Datanode State Machine Thread - 0] INFO  ratis.XceiverServerRatis (XceiverServerRatis.java:start(411)) - Starting XceiverServerRatis dcab1bcb-c761-4b10-a04c-d2dcea4fab88 at port 0
2019-09-25 05:50:14,114 [Datanode State Machine Thread - 0] INFO  impl.RaftServerProxy (RaftServerProxy.java:lambda$start$3(299)) - dcab1bcb-c761-4b10-a04c-d2dcea4fab88: start RPC server
2019-09-25 05:50:14,115 [Datanode State Machine Thread - 0] INFO  server.GrpcService (GrpcService.java:startImpl(158)) - dcab1bcb-c761-4b10-a04c-d2dcea4fab88: GrpcService started, listening on 0.0.0.0/0.0.0.0:44857
2019-09-25 05:50:14,115 [Datanode State Machine Thread - 0] INFO  ratis.XceiverServerRatis (XceiverServerRatis.java:start(421)) - XceiverServerRatis dcab1bcb-c761-4b10-a04c-d2dcea4fab88 is started using port 44857
2019-09-25 05:50:14,131 [Datanode State Machine Thread - 0] INFO  server.XceiverServerGrpc (XceiverServerGrpc.java:start(149)) - XceiverServerGrpc dcab1bcb-c761-4b10-a04c-d2dcea4fab88 is started using port 34705
2019-09-25 05:50:15,094 [main] INFO  ozone.MiniOzoneClusterImpl (MiniOzoneClusterImpl.java:lambda$waitForClusterToBeReady$0(147)) - Waiting for cluster to be ready. Got 0 of 7 DN Heartbeats.
2019-09-25 05:50:15,646 [IPC Server handler 3 on 35532] INFO  net.NetworkTopology (NetworkTopologyImpl.java:add(111)) - Added a new node: /default-rack/45ca45e9-b5b0-4fbb-a7fd-6b6ab106be2a
2019-09-25 05:50:15,651 [IPC Server handler 3 on 35532] INFO  node.SCMNodeManager (SCMNodeManager.java:register(266)) - Registered Data node : 45ca45e9-b5b0-4fbb-a7fd-6b6ab106be2a{ip: 192.168.30.10, host: pr-hdds-1569-s62bp-3040748787, networkLocation: /default-rack, certSerialId: null}
2019-09-25 05:50:15,652 [EventQueue-NodeRegistrationContainerReportForDataNodeSafeModeRule] INFO  safemode.SCMSafeModeManager (DataNodeSafeModeRule.java:process(71)) - SCM in safe mode. 1 DataNodes registered, 1 required.
2019-09-25 05:50:15,655 [EventQueue-NodeRegistrationContainerReportForDataNodeSafeModeRule] INFO  safemode.SCMSafeModeManager (SCMSafeModeManager.java:validateSafeModeExitRules(177)) - ScmSafeModeManager, all rules are successfully validated
2019-09-25 05:50:15,656 [EventQueue-NodeRegistrationContainerReportForDataNodeSafeModeRule] INFO  safemode.SCMSafeModeManager (SCMSafeModeManager.java:exitSafeMode(193)) - SCM exiting safe mode.
2019-09-25 05:50:15,682 [grpc-default-executor-0] INFO  impl.RaftServerProxy (RaftServerProxy.java:addNew(89)) - 45ca45e9-b5b0-4fbb-a7fd-6b6ab106be2a: addNew group-EDE035F07AA5:[45ca45e9-b5b0-4fbb-a7fd-6b6ab106be2a:192.168.30.10:45824] returns group-EDE035F07AA5:java.util.concurrent.CompletableFuture@58275e66[Not completed]
2019-09-25 05:50:15,684 [pool-497-thread-1] INFO  impl.RaftServerImpl (RaftServerImpl.java:<init>(95)) - 45ca45e9-b5b0-4fbb-a7fd-6b6ab106be2a: new RaftServerImpl for group-EDE035F07AA5:[45ca45e9-b5b0-4fbb-a7fd-6b6ab106be2a:192.168.30.10:45824] with ContainerStateMachine:uninitialized
2019-09-25 05:50:15,684 [pool-497-thread-1] INFO  server.RaftServerConfigKeys (ConfUtils.java:logGet(43)) - raft.server.rpc.timeout.min = 5s (custom)
2019-09-25 05:50:15,684 [pool-497-thread-1] INFO  server.RaftServerConfigKeys (ConfUtils.java:logGet(43)) - raft.server.rpc.timeout.max = 5200ms (custom)
2019-09-25 05:50:15,684 [pool-497-thread-1] INFO  server.RaftServerConfigKeys (ConfUtils.java:logGet(43)) - raft.server.rpcslowness.timeout = 120s (custom)
2019-09-25 05:50:15,685 [pool-497-thread-1] INFO  server.RaftServerConfigKeys (ConfUtils.java:logGet(43)) - raft.server.sleep.deviation.threshold = 300 (default)
2019-09-25 05:50:15,685 [pool-497-thread-1] INFO  server.RaftServerConfigKeys (ConfUtils.java:logGet(43)) - raft.server.log.appender.install.snapshot.enabled = false (custom)
2019-09-25 05:50:15,685 [pool-497-thread-1] INFO  impl.RaftServerImpl (ServerState.java:<init>(103)) - 45ca45e9-b5b0-4fbb-a7fd-6b6ab106be2a@group-EDE035F07AA5: ConfigurationManager, init=-1: [45ca45e9-b5b0-4fbb-a7fd-6b6ab106be2a:192.168.30.10:45824], old=null, confs=<EMPTY_MAP>
2019-09-25 05:50:15,685 [pool-497-thread-1] INFO  server.RaftServerConfigKeys (ConfUtils.java:logGet(43)) - raft.server.storage.dir = [/workdir/hadoop-ozone/integration-test/target/test-dir/MiniOzoneClusterImpl-2263fc46-0a90-446a-9f91-f67f9935a0e0/datanode-0/data/ratis] (custom)
2019-09-25 05:50:15,686 [pool-497-thread-1] INFO  storage.RaftStorageDirectory (RaftStorageDirectory.java:analyzeStorage(246)) - The storage directory /workdir/hadoop-ozone/integration-test/target/test-dir/MiniOzoneClusterImpl-2263fc46-0a90-446a-9f91-f67f9935a0e0/datanode-0/data/ratis/6dd80674-353f-4a15-bfb7-ede035f07aa5 does not exist. Creating ...
2019-09-25 05:50:15,700 [pool-497-thread-1] INFO  storage.RaftStorageDirectory (RaftStorageDirectory.java:tryLock(328)) - Lock on /workdir/hadoop-ozone/integration-test/target/test-dir/MiniOzoneClusterImpl-2263fc46-0a90-446a-9f91-f67f9935a0e0/datanode-0/data/ratis/6dd80674-353f-4a15-bfb7-ede035f07aa5/in_use.lock acquired by nodename 13539@pr-hdds-1569-s62bp-3040748787
2019-09-25 05:50:15,710 [IPC Server handler 6 on 35532] INFO  net.NetworkTopology (NetworkTopologyImpl.java:add(111)) - Added a new node: /default-rack/899bfb76-eea4-4ff6-823c-7995b606cb73
2019-09-25 05:50:15,710 [IPC Server handler 6 on 35532] INFO  node.SCMNodeManager (SCMNodeManager.java:register(266)) - Registered Data node : 899bfb76-eea4-4ff6-823c-7995b606cb73{ip: 192.168.30.10, host: pr-hdds-1569-s62bp-3040748787, networkLocation: /default-rack, certSerialId: null}
2019-09-25 05:50:15,712 [pool-497-thread-1] INFO  storage.RaftStorage (RaftStorage.java:format(72)) - Storage directory /workdir/hadoop-ozone/integration-test/target/test-dir/MiniOzoneClusterImpl-2263fc46-0a90-446a-9f91-f67f9935a0e0/datanode-0/data/ratis/6dd80674-353f-4a15-bfb7-ede035f07aa5 has been successfully formatted.
2019-09-25 05:50:15,713 [pool-497-thread-1] INFO  ratis.ContainerStateMachine (ContainerStateMachine.java:loadSnapshot(230)) - group-EDE035F07AA5: The snapshot info is null. Setting the last applied indexto:(t:0, i:~)
2019-09-25 05:50:15,713 [pool-497-thread-1] INFO  server.RaftServerConfigKeys (ConfUtils.java:logGet(43)) - raft.server.notification.no-leader.timeout = 120s (custom)
2019-09-25 05:50:15,713 [pool-497-thread-1] INFO  server.RaftServerConfigKeys (ConfUtils.java:logGet(43)) - raft.server.log.use.memory = false (default)
2019-09-25 05:50:15,713 [pool-497-thread-1] INFO  server.RaftServerConfigKeys (ConfUtils.java:logGet(43)) - raft.server.log.purge.gap = 1000000 (custom)
2019-09-25 05:50:15,713 [pool-497-thread-1] INFO  server.RaftServerConfigKeys (ConfUtils.java:logGet(43)) - raft.server.log.appender.buffer.byte-limit = 33554432 (custom)
2019-09-25 05:50:15,714 [pool-497-thread-1] INFO  server.RaftServerConfigKeys (ConfUtils.java:logGet(43)) - raft.server.log.segment.size.max = 1048576 (custom)
2019-09-25 05:50:15,714 [pool-497-thread-1] INFO  server.RaftServerConfigKeys (ConfUtils.java:logGet(43)) - raft.server.log.segment.cache.num.max = 2 (custom)
2019-09-25 05:50:15,714 [pool-497-thread-1] INFO  segmented.SegmentedRaftLogWorker (SegmentedRaftLogWorker.java:<init>(172)) - new 45ca45e9-b5b0-4fbb-a7fd-6b6ab106be2a@group-EDE035F07AA5-SegmentedRaftLogWorker for RaftStorage:Storage Directory /workdir/hadoop-ozone/integration-test/target/test-dir/MiniOzoneClusterImpl-2263fc46-0a90-446a-9f91-f67f9935a0e0/datanode-0/data/ratis/6dd80674-353f-4a15-bfb7-ede035f07aa5
2019-09-25 05:50:15,717 [pool-497-thread-1] INFO  server.RaftServerConfigKeys (ConfUtils.java:logGet(43)) - raft.server.log.queue.byte-limit = 2147483647 (custom)
2019-09-25 05:50:15,717 [pool-497-thread-1] INFO  server.RaftServerConfigKeys (ConfUtils.java:logGet(43)) - raft.server.log.queue.element-limit = 1024 (custom)
2019-09-25 05:50:15,717 [pool-497-thread-1] INFO  server.RaftServerConfigKeys (ConfUtils.java:logGet(43)) - raft.server.log.segment.size.max = 1048576 (custom)
2019-09-25 05:50:15,717 [pool-497-thread-1] INFO  server.RaftServerConfigKeys (ConfUtils.java:logGet(43)) - raft.server.log.preallocated.size = 16384 (custom)
2019-09-25 05:50:15,717 [pool-497-thread-1] INFO  server.RaftServerConfigKeys (ConfUtils.java:logGet(43)) - raft.server.log.write.buffer.size = 33554432 (custom)
2019-09-25 05:50:15,717 [pool-497-thread-1] INFO  server.RaftServerConfigKeys (ConfUtils.java:logGet(43)) - raft.server.log.force.sync.num = 128 (default)
2019-09-25 05:50:15,718 [pool-497-thread-1] INFO  server.RaftServerConfigKeys (ConfUtils.java:logGet(43)) - raft.server.log.statemachine.data.sync = true (default)
2019-09-25 05:50:15,718 [pool-497-thread-1] INFO  server.RaftServerConfigKeys (ConfUtils.java:logGet(43)) - raft.server.log.statemachine.data.sync.timeout = 10s (default)
2019-09-25 05:50:15,718 [pool-497-thread-1] INFO  server.RaftServerConfigKeys (ConfUtils.java:logGet(43)) - raft.server.log.statemachine.data.sync.timeout.retry = -1 (default)
2019-09-25 05:50:15,718 [pool-497-thread-1] INFO  server.RaftServerConfigKeys (ConfUtils.java:logGet(43)) - raft.server.log.statemachine.data.caching.enabled = true (custom)
2019-09-25 05:50:15,719 [pool-497-thread-1] INFO  segmented.SegmentedRaftLogWorker (SegmentedRaftLogWorker.java:lambda$new$0(132)) - 45ca45e9-b5b0-4fbb-a7fd-6b6ab106be2a@group-EDE035F07AA5-SegmentedRaftLogWorker: flushIndex: setUnconditionally 0 -> -1
2019-09-25 05:50:15,719 [pool-497-thread-1] INFO  server.RaftServerConfigKeys (ConfUtils.java:logGet(43)) - raft.server.snapshot.auto.trigger.enabled = true (custom)
2019-09-25 05:50:15,719 [pool-497-thread-1] INFO  server.RaftServerConfigKeys (ConfUtils.java:logGet(43)) - raft.server.snapshot.auto.trigger.threshold = 10000 (custom)
2019-09-25 05:50:15,719 [pool-497-thread-1] INFO  server.RaftServerConfigKeys (ConfUtils.java:logGet(43)) - raft.server.snapshot.retention.num.files = 5 (custom)
2019-09-25 05:50:15,719 [pool-497-thread-1] INFO  server.RaftServerConfigKeys (ConfUtils.java:logGet(43)) - raft.server.retrycache.expirytime = 600000ms (custom)
2019-09-25 05:50:15,721 [pool-497-thread-1] INFO  impl.RaftServerImpl (RaftServerImpl.java:start(185)) - 45ca45e9-b5b0-4fbb-a7fd-6b6ab106be2a@group-EDE035F07AA5: start as a follower, conf=-1: [45ca45e9-b5b0-4fbb-a7fd-6b6ab106be2a:192.168.30.10:45824], old=null
2019-09-25 05:50:15,721 [pool-497-thread-1] INFO  impl.RaftServerImpl (RaftServerImpl.java:setRole(174)) - 45ca45e9-b5b0-4fbb-a7fd-6b6ab106be2a@group-EDE035F07AA5: changes role from      null to FOLLOWER at term 0 for startAsFollower
2019-09-25 05:50:15,721 [pool-497-thread-1] INFO  impl.RoleInfo (RoleInfo.java:updateAndGet(143)) - 45ca45e9-b5b0-4fbb-a7fd-6b6ab106be2a: start FollowerState
2019-09-25 05:50:15,722 [pool-497-thread-1] INFO  util.JmxRegister (JmxRegister.java:tryRegister(44)) - Successfully registered JMX Bean with object name Ratis:service=RaftServer,group=group-EDE035F07AA5,id=45ca45e9-b5b0-4fbb-a7fd-6b6ab106be2a
2019-09-25 05:50:15,725 [RatisPipelineUtilsThread] INFO  pipeline.PipelineStateManager (PipelineStateManager.java:addPipeline(56)) - Created pipeline Pipeline[ Id: 6dd80674-353f-4a15-bfb7-ede035f07aa5, Nodes: 45ca45e9-b5b0-4fbb-a7fd-6b6ab106be2a{ip: 192.168.30.10, host: pr-hdds-1569-s62bp-3040748787, networkLocation: /default-rack, certSerialId: null}, Type:RATIS, Factor:ONE, State:OPEN]
2019-09-25 05:50:15,728 [grpc-default-executor-0] INFO  impl.RaftServerProxy (RaftServerProxy.java:addNew(89)) - 45ca45e9-b5b0-4fbb-a7fd-6b6ab106be2a: addNew group-9EC905692F59:[45ca45e9-b5b0-4fbb-a7fd-6b6ab106be2a:192.168.30.10:45824] returns group-9EC905692F59:java.util.concurrent.CompletableFuture@4ffef2b2[Not completed]
2019-09-25 05:50:15,729 [pool-497-thread-1] INFO  impl.RaftServerImpl (RaftServerImpl.java:<init>(95)) - 45ca45e9-b5b0-4fbb-a7fd-6b6ab106be2a: new RaftServerImpl for group-9EC905692F59:[45ca45e9-b5b0-4fbb-a7fd-6b6ab106be2a:192.168.30.10:45824] with ContainerStateMachine:uninitialized
2019-09-25 05:50:15,729 [pool-497-thread-1] INFO  server.RaftServerConfigKeys (ConfUtils.java:logGet(43)) - raft.server.rpc.timeout.min = 5s (custom)
2019-09-25 05:50:15,729 [pool-497-thread-1] INFO  server.RaftServerConfigKeys (ConfUtils.java:logGet(43)) - raft.server.rpc.timeout.max = 5200ms (custom)
2019-09-25 05:50:15,729 [pool-497-thread-1] INFO  server.RaftServerConfigKeys (ConfUtils.java:logGet(43)) - raft.server.rpcslowness.timeout = 120s (custom)
2019-09-25 05:50:15,729 [pool-497-thread-1] INFO  server.RaftServerConfigKeys (ConfUtils.java:logGet(43)) - raft.server.sleep.deviation.threshold = 300 (default)
2019-09-25 05:50:15,729 [pool-497-thread-1] INFO  server.RaftServerConfigKeys (ConfUtils.java:logGet(43)) - raft.server.log.appender.install.snapshot.enabled = false (custom)
2019-09-25 05:50:15,729 [pool-497-thread-1] INFO  impl.RaftServerImpl (ServerState.java:<init>(103)) - 45ca45e9-b5b0-4fbb-a7fd-6b6ab106be2a@group-9EC905692F59: ConfigurationManager, init=-1: [45ca45e9-b5b0-4fbb-a7fd-6b6ab106be2a:192.168.30.10:45824], old=null, confs=<EMPTY_MAP>
2019-09-25 05:50:15,729 [pool-497-thread-1] INFO  server.RaftServerConfigKeys (ConfUtils.java:logGet(43)) - raft.server.storage.dir = [/workdir/hadoop-ozone/integration-test/target/test-dir/MiniOzoneClusterImpl-2263fc46-0a90-446a-9f91-f67f9935a0e0/datanode-0/data/ratis] (custom)
2019-09-25 05:50:15,730 [pool-497-thread-1] INFO  storage.RaftStorageDirectory (RaftStorageDirectory.java:analyzeStorage(246)) - The storage directory /workdir/hadoop-ozone/integration-test/target/test-dir/MiniOzoneClusterImpl-2263fc46-0a90-446a-9f91-f67f9935a0e0/datanode-0/data/ratis/df79da9e-74b3-439a-abe0-9ec905692f59 does not exist. Creating ...
2019-09-25 05:50:15,742 [pool-497-thread-1] INFO  storage.RaftStorageDirectory (RaftStorageDirectory.java:tryLock(328)) - Lock on /workdir/hadoop-ozone/integration-test/target/test-dir/MiniOzoneClusterImpl-2263fc46-0a90-446a-9f91-f67f9935a0e0/datanode-0/data/ratis/df79da9e-74b3-439a-abe0-9ec905692f59/in_use.lock acquired by nodename 13539@pr-hdds-1569-s62bp-3040748787
2019-09-25 05:50:15,755 [pool-497-thread-1] INFO  storage.RaftStorage (RaftStorage.java:format(72)) - Storage directory /workdir/hadoop-ozone/integration-test/target/test-dir/MiniOzoneClusterImpl-2263fc46-0a90-446a-9f91-f67f9935a0e0/datanode-0/data/ratis/df79da9e-74b3-439a-abe0-9ec905692f59 has been successfully formatted.
2019-09-25 05:50:15,755 [pool-497-thread-1] INFO  ratis.ContainerStateMachine (ContainerStateMachine.java:loadSnapshot(230)) - group-9EC905692F59: The snapshot info is null. Setting the last applied indexto:(t:0, i:~)
2019-09-25 05:50:15,755 [pool-497-thread-1] INFO  server.RaftServerConfigKeys (ConfUtils.java:logGet(43)) - raft.server.notification.no-leader.timeout = 120s (custom)
2019-09-25 05:50:15,755 [pool-497-thread-1] INFO  server.RaftServerConfigKeys (ConfUtils.java:logGet(43)) - raft.server.log.use.memory = false (default)
2019-09-25 05:50:15,755 [pool-497-thread-1] INFO  server.RaftServerConfigKeys (ConfUtils.java:logGet(43)) - raft.server.log.purge.gap = 1000000 (custom)
2019-09-25 05:50:15,755 [pool-497-thread-1] INFO  server.RaftServerConfigKeys (ConfUtils.java:logGet(43)) - raft.server.log.appender.buffer.byte-limit = 33554432 (custom)
2019-09-25 05:50:15,755 [pool-497-thread-1] INFO  server.RaftServerConfigKeys (ConfUtils.java:logGet(43)) - raft.server.log.segment.size.max = 1048576 (custom)
2019-09-25 05:50:15,756 [pool-497-thread-1] INFO  server.RaftServerConfigKeys (ConfUtils.java:logGet(43)) - raft.server.log.segment.cache.num.max = 2 (custom)
2019-09-25 05:50:15,756 [pool-497-thread-1] INFO  segmented.SegmentedRaftLogWorker (SegmentedRaftLogWorker.java:<init>(172)) - new 45ca45e9-b5b0-4fbb-a7fd-6b6ab106be2a@group-9EC905692F59-SegmentedRaftLogWorker for RaftStorage:Storage Directory /workdir/hadoop-ozone/integration-test/target/test-dir/MiniOzoneClusterImpl-2263fc46-0a90-446a-9f91-f67f9935a0e0/datanode-0/data/ratis/df79da9e-74b3-439a-abe0-9ec905692f59
2019-09-25 05:50:15,756 [pool-497-thread-1] INFO  server.RaftServerConfigKeys (ConfUtils.java:logGet(43)) - raft.server.log.queue.byte-limit = 2147483647 (custom)
2019-09-25 05:50:15,756 [pool-497-thread-1] INFO  server.RaftServerConfigKeys (ConfUtils.java:logGet(43)) - raft.server.log.queue.element-limit = 1024 (custom)
2019-09-25 05:50:15,756 [pool-497-thread-1] INFO  server.RaftServerConfigKeys (ConfUtils.java:logGet(43)) - raft.server.log.segment.size.max = 1048576 (custom)
2019-09-25 05:50:15,756 [pool-497-thread-1] INFO  server.RaftServerConfigKeys (ConfUtils.java:logGet(43)) - raft.server.log.preallocated.size = 16384 (custom)
2019-09-25 05:50:15,756 [pool-497-thread-1] INFO  server.RaftServerConfigKeys (ConfUtils.java:logGet(43)) - raft.server.log.write.buffer.size = 33554432 (custom)
2019-09-25 05:50:15,756 [pool-497-thread-1] INFO  server.RaftServerConfigKeys (ConfUtils.java:logGet(43)) - raft.server.log.force.sync.num = 128 (default)
2019-09-25 05:50:15,756 [pool-497-thread-1] INFO  server.RaftServerConfigKeys (ConfUtils.java:logGet(43)) - raft.server.log.statemachine.data.sync = true (default)
2019-09-25 05:50:15,757 [pool-497-thread-1] INFO  server.RaftServerConfigKeys (ConfUtils.java:logGet(43)) - raft.server.log.statemachine.data.sync.timeout = 10s (default)
2019-09-25 05:50:15,757 [pool-497-thread-1] INFO  server.RaftServerConfigKeys (ConfUtils.java:logGet(43)) - raft.server.log.statemachine.data.sync.timeout.retry = -1 (default)
2019-09-25 05:50:15,757 [pool-497-thread-1] INFO  server.RaftServerConfigKeys (ConfUtils.java:logGet(43)) - raft.server.log.statemachine.data.caching.enabled = true (custom)
2019-09-25 05:50:15,757 [pool-497-thread-1] INFO  segmented.SegmentedRaftLogWorker (SegmentedRaftLogWorker.java:lambda$new$0(132)) - 45ca45e9-b5b0-4fbb-a7fd-6b6ab106be2a@group-9EC905692F59-SegmentedRaftLogWorker: flushIndex: setUnconditionally 0 -> -1
2019-09-25 05:50:15,757 [pool-497-thread-1] INFO  server.RaftServerConfigKeys (ConfUtils.java:logGet(43)) - raft.server.snapshot.auto.trigger.enabled = true (custom)
2019-09-25 05:50:15,757 [pool-497-thread-1] INFO  server.RaftServerConfigKeys (ConfUtils.java:logGet(43)) - raft.server.snapshot.auto.trigger.threshold = 10000 (custom)
2019-09-25 05:50:15,757 [pool-497-thread-1] INFO  server.RaftServerConfigKeys (ConfUtils.java:logGet(43)) - raft.server.snapshot.retention.num.files = 5 (custom)
2019-09-25 05:50:15,758 [pool-497-thread-1] INFO  server.RaftServerConfigKeys (ConfUtils.java:logGet(43)) - raft.server.retrycache.expirytime = 600000ms (custom)
2019-09-25 05:50:15,759 [pool-497-thread-1] INFO  impl.RaftServerImpl (RaftServerImpl.java:start(185)) - 45ca45e9-b5b0-4fbb-a7fd-6b6ab106be2a@group-9EC905692F59: start as a follower, conf=-1: [45ca45e9-b5b0-4fbb-a7fd-6b6ab106be2a:192.168.30.10:45824], old=null
2019-09-25 05:50:15,759 [pool-497-thread-1] INFO  impl.RaftServerImpl (RaftServerImpl.java:setRole(174)) - 45ca45e9-b5b0-4fbb-a7fd-6b6ab106be2a@group-9EC905692F59: changes role from      null to FOLLOWER at term 0 for startAsFollower
2019-09-25 05:50:15,759 [pool-497-thread-1] INFO  impl.RoleInfo (RoleInfo.java:updateAndGet(143)) - 45ca45e9-b5b0-4fbb-a7fd-6b6ab106be2a: start FollowerState
2019-09-25 05:50:15,759 [pool-497-thread-1] INFO  util.JmxRegister (JmxRegister.java:tryRegister(44)) - Successfully registered JMX Bean with object name Ratis:service=RaftServer,group=group-9EC905692F59,id=45ca45e9-b5b0-4fbb-a7fd-6b6ab106be2a
2019-09-25 05:50:15,761 [RatisPipelineUtilsThread] INFO  pipeline.PipelineStateManager (PipelineStateManager.java:addPipeline(56)) - Created pipeline Pipeline[ Id: df79da9e-74b3-439a-abe0-9ec905692f59, Nodes: 45ca45e9-b5b0-4fbb-a7fd-6b6ab106be2a{ip: 192.168.30.10, host: pr-hdds-1569-s62bp-3040748787, networkLocation: /default-rack, certSerialId: null}, Type:RATIS, Factor:ONE, State:OPEN]
2019-09-25 05:50:15,765 [grpc-default-executor-0] INFO  impl.RaftServerProxy (RaftServerProxy.java:addNew(89)) - 45ca45e9-b5b0-4fbb-a7fd-6b6ab106be2a: addNew group-02A18CC1E77C:[45ca45e9-b5b0-4fbb-a7fd-6b6ab106be2a:192.168.30.10:45824] returns group-02A18CC1E77C:java.util.concurrent.CompletableFuture@75c5d83f[Not completed]
2019-09-25 05:50:15,766 [pool-497-thread-1] INFO  impl.RaftServerImpl (RaftServerImpl.java:<init>(95)) - 45ca45e9-b5b0-4fbb-a7fd-6b6ab106be2a: new RaftServerImpl for group-02A18CC1E77C:[45ca45e9-b5b0-4fbb-a7fd-6b6ab106be2a:192.168.30.10:45824] with ContainerStateMachine:uninitialized
2019-09-25 05:50:15,766 [pool-497-thread-1] INFO  server.RaftServerConfigKeys (ConfUtils.java:logGet(43)) - raft.server.rpc.timeout.min = 5s (custom)
2019-09-25 05:50:15,766 [pool-497-thread-1] INFO  server.RaftServerConfigKeys (ConfUtils.java:logGet(43)) - raft.server.rpc.timeout.max = 5200ms (custom)
2019-09-25 05:50:15,766 [pool-497-thread-1] INFO  server.RaftServerConfigKeys (ConfUtils.java:logGet(43)) - raft.server.rpcslowness.timeout = 120s (custom)
2019-09-25 05:50:15,766 [pool-497-thread-1] INFO  server.RaftServerConfigKeys (ConfUtils.java:logGet(43)) - raft.server.sleep.deviation.threshold = 300 (default)
2019-09-25 05:50:15,766 [pool-497-thread-1] INFO  server.RaftServerConfigKeys (ConfUtils.java:logGet(43)) - raft.server.log.appender.install.snapshot.enabled = false (custom)
2019-09-25 05:50:15,766 [pool-497-thread-1] INFO  impl.RaftServerImpl (ServerState.java:<init>(103)) - 45ca45e9-b5b0-4fbb-a7fd-6b6ab106be2a@group-02A18CC1E77C: ConfigurationManager, init=-1: [45ca45e9-b5b0-4fbb-a7fd-6b6ab106be2a:192.168.30.10:45824], old=null, confs=<EMPTY_MAP>
2019-09-25 05:50:15,766 [pool-497-thread-1] INFO  server.RaftServerConfigKeys (ConfUtils.java:logGet(43)) - raft.server.storage.dir = [/workdir/hadoop-ozone/integration-test/target/test-dir/MiniOzoneClusterImpl-2263fc46-0a90-446a-9f91-f67f9935a0e0/datanode-0/data/ratis] (custom)
2019-09-25 05:50:15,766 [pool-497-thread-1] INFO  storage.RaftStorageDirectory (RaftStorageDirectory.java:analyzeStorage(246)) - The storage directory /workdir/hadoop-ozone/integration-test/target/test-dir/MiniOzoneClusterImpl-2263fc46-0a90-446a-9f91-f67f9935a0e0/datanode-0/data/ratis/beed14fd-6244-4b5e-aa07-02a18cc1e77c does not exist. Creating ...
2019-09-25 05:50:15,779 [pool-497-thread-1] INFO  storage.RaftStorageDirectory (RaftStorageDirectory.java:tryLock(328)) - Lock on /workdir/hadoop-ozone/integration-test/target/test-dir/MiniOzoneClusterImpl-2263fc46-0a90-446a-9f91-f67f9935a0e0/datanode-0/data/ratis/beed14fd-6244-4b5e-aa07-02a18cc1e77c/in_use.lock acquired by nodename 13539@pr-hdds-1569-s62bp-3040748787
2019-09-25 05:50:15,783 [IPC Server handler 4 on 35532] INFO  net.NetworkTopology (NetworkTopologyImpl.java:add(111)) - Added a new node: /default-rack/dc430975-089c-40cd-a0f1-208b2374b924
2019-09-25 05:50:15,783 [IPC Server handler 4 on 35532] INFO  node.SCMNodeManager (SCMNodeManager.java:register(266)) - Registered Data node : dc430975-089c-40cd-a0f1-208b2374b924{ip: 192.168.30.10, host: pr-hdds-1569-s62bp-3040748787, networkLocation: /default-rack, certSerialId: null}
2019-09-25 05:50:15,792 [pool-497-thread-1] INFO  storage.RaftStorage (RaftStorage.java:format(72)) - Storage directory /workdir/hadoop-ozone/integration-test/target/test-dir/MiniOzoneClusterImpl-2263fc46-0a90-446a-9f91-f67f9935a0e0/datanode-0/data/ratis/beed14fd-6244-4b5e-aa07-02a18cc1e77c has been successfully formatted.
2019-09-25 05:50:15,792 [pool-497-thread-1] INFO  ratis.ContainerStateMachine (ContainerStateMachine.java:loadSnapshot(230)) - group-02A18CC1E77C: The snapshot info is null. Setting the last applied indexto:(t:0, i:~)
2019-09-25 05:50:15,792 [pool-497-thread-1] INFO  server.RaftServerConfigKeys (ConfUtils.java:logGet(43)) - raft.server.notification.no-leader.timeout = 120s (custom)
2019-09-25 05:50:15,792 [pool-497-thread-1] INFO  server.RaftServerConfigKeys (ConfUtils.java:logGet(43)) - raft.server.log.use.memory = false (default)
2019-09-25 05:50:15,792 [pool-497-thread-1] INFO  server.RaftServerConfigKeys (ConfUtils.java:logGet(43)) - raft.server.log.purge.gap = 1000000 (custom)
2019-09-25 05:50:15,792 [pool-497-thread-1] INFO  server.RaftServerConfigKeys (ConfUtils.java:logGet(43)) - raft.server.log.appender.buffer.byte-limit = 33554432 (custom)
2019-09-25 05:50:15,792 [pool-497-thread-1] INFO  server.RaftServerConfigKeys (ConfUtils.java:logGet(43)) - raft.server.log.segment.size.max = 1048576 (custom)
2019-09-25 05:50:15,792 [pool-497-thread-1] INFO  server.RaftServerConfigKeys (ConfUtils.java:logGet(43)) - raft.server.log.segment.cache.num.max = 2 (custom)
2019-09-25 05:50:15,793 [pool-497-thread-1] INFO  segmented.SegmentedRaftLogWorker (SegmentedRaftLogWorker.java:<init>(172)) - new 45ca45e9-b5b0-4fbb-a7fd-6b6ab106be2a@group-02A18CC1E77C-SegmentedRaftLogWorker for RaftStorage:Storage Directory /workdir/hadoop-ozone/integration-test/target/test-dir/MiniOzoneClusterImpl-2263fc46-0a90-446a-9f91-f67f9935a0e0/datanode-0/data/ratis/beed14fd-6244-4b5e-aa07-02a18cc1e77c
2019-09-25 05:50:15,793 [pool-497-thread-1] INFO  server.RaftServerConfigKeys (ConfUtils.java:logGet(43)) - raft.server.log.queue.byte-limit = 2147483647 (custom)
2019-09-25 05:50:15,793 [pool-497-thread-1] INFO  server.RaftServerConfigKeys (ConfUtils.java:logGet(43)) - raft.server.log.queue.element-limit = 1024 (custom)
2019-09-25 05:50:15,793 [pool-497-thread-1] INFO  server.RaftServerConfigKeys (ConfUtils.java:logGet(43)) - raft.server.log.segment.size.max = 1048576 (custom)
2019-09-25 05:50:15,793 [pool-497-thread-1] INFO  server.RaftServerConfigKeys (ConfUtils.java:logGet(43)) - raft.server.log.preallocated.size = 16384 (custom)
2019-09-25 05:50:15,793 [pool-497-thread-1] INFO  server.RaftServerConfigKeys (ConfUtils.java:logGet(43)) - raft.server.log.write.buffer.size = 33554432 (custom)
2019-09-25 05:50:15,793 [pool-497-thread-1] INFO  server.RaftServerConfigKeys (ConfUtils.java:logGet(43)) - raft.server.log.force.sync.num = 128 (default)
2019-09-25 05:50:15,793 [pool-497-thread-1] INFO  server.RaftServerConfigKeys (ConfUtils.java:logGet(43)) - raft.server.log.statemachine.data.sync = true (default)
2019-09-25 05:50:15,793 [pool-497-thread-1] INFO  server.RaftServerConfigKeys (ConfUtils.java:logGet(43)) - raft.server.log.statemachine.data.sync.timeout = 10s (default)
2019-09-25 05:50:15,793 [pool-497-thread-1] INFO  server.RaftServerConfigKeys (ConfUtils.java:logGet(43)) - raft.server.log.statemachine.data.sync.timeout.retry = -1 (default)
2019-09-25 05:50:15,793 [pool-497-thread-1] INFO  server.RaftServerConfigKeys (ConfUtils.java:logGet(43)) - raft.server.log.statemachine.data.caching.enabled = true (custom)
2019-09-25 05:50:15,794 [pool-497-thread-1] INFO  segmented.SegmentedRaftLogWorker (SegmentedRaftLogWorker.java:lambda$new$0(132)) - 45ca45e9-b5b0-4fbb-a7fd-6b6ab106be2a@group-02A18CC1E77C-SegmentedRaftLogWorker: flushIndex: setUnconditionally 0 -> -1
2019-09-25 05:50:15,794 [pool-497-thread-1] INFO  server.RaftServerConfigKeys (ConfUtils.java:logGet(43)) - raft.server.snapshot.auto.trigger.enabled = true (custom)
2019-09-25 05:50:15,794 [pool-497-thread-1] INFO  server.RaftServerConfigKeys (ConfUtils.java:logGet(43)) - raft.server.snapshot.auto.trigger.threshold = 10000 (custom)
2019-09-25 05:50:15,794 [pool-497-thread-1] INFO  server.RaftServerConfigKeys (ConfUtils.java:logGet(43)) - raft.server.snapshot.retention.num.files = 5 (custom)
2019-09-25 05:50:15,794 [pool-497-thread-1] INFO  server.RaftServerConfigKeys (ConfUtils.java:logGet(43)) - raft.server.retrycache.expirytime = 600000ms (custom)
2019-09-25 05:50:15,795 [pool-497-thread-1] INFO  impl.RaftServerImpl (RaftServerImpl.java:start(185)) - 45ca45e9-b5b0-4fbb-a7fd-6b6ab106be2a@group-02A18CC1E77C: start as a follower, conf=-1: [45ca45e9-b5b0-4fbb-a7fd-6b6ab106be2a:192.168.30.10:45824], old=null
2019-09-25 05:50:15,795 [pool-497-thread-1] INFO  impl.RaftServerImpl (RaftServerImpl.java:setRole(174)) - 45ca45e9-b5b0-4fbb-a7fd-6b6ab106be2a@group-02A18CC1E77C: changes role from      null to FOLLOWER at term 0 for startAsFollower
2019-09-25 05:50:15,795 [pool-497-thread-1] INFO  impl.RoleInfo (RoleInfo.java:updateAndGet(143)) - 45ca45e9-b5b0-4fbb-a7fd-6b6ab106be2a: start FollowerState
2019-09-25 05:50:15,795 [pool-497-thread-1] INFO  util.JmxRegister (JmxRegister.java:tryRegister(44)) - Successfully registered JMX Bean with object name Ratis:service=RaftServer,group=group-02A18CC1E77C,id=45ca45e9-b5b0-4fbb-a7fd-6b6ab106be2a
2019-09-25 05:50:15,797 [RatisPipelineUtilsThread] INFO  pipeline.PipelineStateManager (PipelineStateManager.java:addPipeline(56)) - Created pipeline Pipeline[ Id: beed14fd-6244-4b5e-aa07-02a18cc1e77c, Nodes: 45ca45e9-b5b0-4fbb-a7fd-6b6ab106be2a{ip: 192.168.30.10, host: pr-hdds-1569-s62bp-3040748787, networkLocation: /default-rack, certSerialId: null}, Type:RATIS, Factor:ONE, State:OPEN]
2019-09-25 05:50:15,806 [grpc-default-executor-0] INFO  impl.RaftServerProxy (RaftServerProxy.java:addNew(89)) - 899bfb76-eea4-4ff6-823c-7995b606cb73: addNew group-AE24C26F5B85:[899bfb76-eea4-4ff6-823c-7995b606cb73:192.168.30.10:35182] returns group-AE24C26F5B85:java.util.concurrent.CompletableFuture@61caf208[Not completed]
2019-09-25 05:50:15,807 [pool-507-thread-1] INFO  impl.RaftServerImpl (RaftServerImpl.java:<init>(95)) - 899bfb76-eea4-4ff6-823c-7995b606cb73: new RaftServerImpl for group-AE24C26F5B85:[899bfb76-eea4-4ff6-823c-7995b606cb73:192.168.30.10:35182] with ContainerStateMachine:uninitialized
2019-09-25 05:50:15,807 [pool-507-thread-1] INFO  server.RaftServerConfigKeys (ConfUtils.java:logGet(43)) - raft.server.rpc.timeout.min = 5s (custom)
2019-09-25 05:50:15,807 [pool-507-thread-1] INFO  server.RaftServerConfigKeys (ConfUtils.java:logGet(43)) - raft.server.rpc.timeout.max = 5200ms (custom)
2019-09-25 05:50:15,807 [pool-507-thread-1] INFO  server.RaftServerConfigKeys (ConfUtils.java:logGet(43)) - raft.server.rpcslowness.timeout = 120s (custom)
2019-09-25 05:50:15,807 [pool-507-thread-1] INFO  server.RaftServerConfigKeys (ConfUtils.java:logGet(43)) - raft.server.sleep.deviation.threshold = 300 (default)
2019-09-25 05:50:15,807 [pool-507-thread-1] INFO  server.RaftServerConfigKeys (ConfUtils.java:logGet(43)) - raft.server.log.appender.install.snapshot.enabled = false (custom)
2019-09-25 05:50:15,807 [pool-507-thread-1] INFO  impl.RaftServerImpl (ServerState.java:<init>(103)) - 899bfb76-eea4-4ff6-823c-7995b606cb73@group-AE24C26F5B85: ConfigurationManager, init=-1: [899bfb76-eea4-4ff6-823c-7995b606cb73:192.168.30.10:35182], old=null, confs=<EMPTY_MAP>
2019-09-25 05:50:15,807 [pool-507-thread-1] INFO  server.RaftServerConfigKeys (ConfUtils.java:logGet(43)) - raft.server.storage.dir = [/workdir/hadoop-ozone/integration-test/target/test-dir/MiniOzoneClusterImpl-2263fc46-0a90-446a-9f91-f67f9935a0e0/datanode-1/data/ratis] (custom)
2019-09-25 05:50:15,808 [pool-507-thread-1] INFO  storage.RaftStorageDirectory (RaftStorageDirectory.java:analyzeStorage(246)) - The storage directory /workdir/hadoop-ozone/integration-test/target/test-dir/MiniOzoneClusterImpl-2263fc46-0a90-446a-9f91-f67f9935a0e0/datanode-1/data/ratis/80a5fa95-7801-4f80-a1d7-ae24c26f5b85 does not exist. Creating ...
2019-09-25 05:50:15,820 [pool-507-thread-1] INFO  storage.RaftStorageDirectory (RaftStorageDirectory.java:tryLock(328)) - Lock on /workdir/hadoop-ozone/integration-test/target/test-dir/MiniOzoneClusterImpl-2263fc46-0a90-446a-9f91-f67f9935a0e0/datanode-1/data/ratis/80a5fa95-7801-4f80-a1d7-ae24c26f5b85/in_use.lock acquired by nodename 13539@pr-hdds-1569-s62bp-3040748787
2019-09-25 05:50:15,833 [pool-507-thread-1] INFO  storage.RaftStorage (RaftStorage.java:format(72)) - Storage directory /workdir/hadoop-ozone/integration-test/target/test-dir/MiniOzoneClusterImpl-2263fc46-0a90-446a-9f91-f67f9935a0e0/datanode-1/data/ratis/80a5fa95-7801-4f80-a1d7-ae24c26f5b85 has been successfully formatted.
2019-09-25 05:50:15,833 [pool-507-thread-1] INFO  ratis.ContainerStateMachine (ContainerStateMachine.java:loadSnapshot(230)) - group-AE24C26F5B85: The snapshot info is null. Setting the last applied indexto:(t:0, i:~)
2019-09-25 05:50:15,833 [pool-507-thread-1] INFO  server.RaftServerConfigKeys (ConfUtils.java:logGet(43)) - raft.server.notification.no-leader.timeout = 120s (custom)
2019-09-25 05:50:15,833 [pool-507-thread-1] INFO  server.RaftServerConfigKeys (ConfUtils.java:logGet(43)) - raft.server.log.use.memory = false (default)
2019-09-25 05:50:15,833 [pool-507-thread-1] INFO  server.RaftServerConfigKeys (ConfUtils.java:logGet(43)) - raft.server.log.purge.gap = 1000000 (custom)
2019-09-25 05:50:15,833 [pool-507-thread-1] INFO  server.RaftServerConfigKeys (ConfUtils.java:logGet(43)) - raft.server.log.appender.buffer.byte-limit = 33554432 (custom)
2019-09-25 05:50:15,833 [pool-507-thread-1] INFO  server.RaftServerConfigKeys (ConfUtils.java:logGet(43)) - raft.server.log.segment.size.max = 1048576 (custom)
2019-09-25 05:50:15,833 [pool-507-thread-1] INFO  server.RaftServerConfigKeys (ConfUtils.java:logGet(43)) - raft.server.log.segment.cache.num.max = 2 (custom)
2019-09-25 05:50:15,833 [pool-507-thread-1] INFO  segmented.SegmentedRaftLogWorker (SegmentedRaftLogWorker.java:<init>(172)) - new 899bfb76-eea4-4ff6-823c-7995b606cb73@group-AE24C26F5B85-SegmentedRaftLogWorker for RaftStorage:Storage Directory /workdir/hadoop-ozone/integration-test/target/test-dir/MiniOzoneClusterImpl-2263fc46-0a90-446a-9f91-f67f9935a0e0/datanode-1/data/ratis/80a5fa95-7801-4f80-a1d7-ae24c26f5b85
2019-09-25 05:50:15,834 [pool-507-thread-1] INFO  server.RaftServerConfigKeys (ConfUtils.java:logGet(43)) - raft.server.log.queue.byte-limit = 2147483647 (custom)
2019-09-25 05:50:15,834 [pool-507-thread-1] INFO  server.RaftServerConfigKeys (ConfUtils.java:logGet(43)) - raft.server.log.queue.element-limit = 1024 (custom)
2019-09-25 05:50:15,834 [pool-507-thread-1] INFO  server.RaftServerConfigKeys (ConfUtils.java:logGet(43)) - raft.server.log.segment.size.max = 1048576 (custom)
2019-09-25 05:50:15,835 [pool-507-thread-1] INFO  server.RaftServerConfigKeys (ConfUtils.java:logGet(43)) - raft.server.log.preallocated.size = 16384 (custom)
2019-09-25 05:50:15,835 [pool-507-thread-1] INFO  server.RaftServerConfigKeys (ConfUtils.java:logGet(43)) - raft.server.log.write.buffer.size = 33554432 (custom)
2019-09-25 05:50:15,835 [pool-507-thread-1] INFO  server.RaftServerConfigKeys (ConfUtils.java:logGet(43)) - raft.server.log.force.sync.num = 128 (default)
2019-09-25 05:50:15,835 [pool-507-thread-1] INFO  server.RaftServerConfigKeys (ConfUtils.java:logGet(43)) - raft.server.log.statemachine.data.sync = true (default)
2019-09-25 05:50:15,835 [pool-507-thread-1] INFO  server.RaftServerConfigKeys (ConfUtils.java:logGet(43)) - raft.server.log.statemachine.data.sync.timeout = 10s (default)
2019-09-25 05:50:15,835 [pool-507-thread-1] INFO  server.RaftServerConfigKeys (ConfUtils.java:logGet(43)) - raft.server.log.statemachine.data.sync.timeout.retry = -1 (default)
2019-09-25 05:50:15,835 [pool-507-thread-1] INFO  server.RaftServerConfigKeys (ConfUtils.java:logGet(43)) - raft.server.log.statemachine.data.caching.enabled = true (custom)
2019-09-25 05:50:15,835 [pool-507-thread-1] INFO  segmented.SegmentedRaftLogWorker (SegmentedRaftLogWorker.java:lambda$new$0(132)) - 899bfb76-eea4-4ff6-823c-7995b606cb73@group-AE24C26F5B85-SegmentedRaftLogWorker: flushIndex: setUnconditionally 0 -> -1
2019-09-25 05:50:15,835 [pool-507-thread-1] INFO  server.RaftServerConfigKeys (ConfUtils.java:logGet(43)) - raft.server.snapshot.auto.trigger.enabled = true (custom)
2019-09-25 05:50:15,835 [pool-507-thread-1] INFO  server.RaftServerConfigKeys (ConfUtils.java:logGet(43)) - raft.server.snapshot.auto.trigger.threshold = 10000 (custom)
2019-09-25 05:50:15,836 [pool-507-thread-1] INFO  server.RaftServerConfigKeys (ConfUtils.java:logGet(43)) - raft.server.snapshot.retention.num.files = 5 (custom)
2019-09-25 05:50:15,836 [pool-507-thread-1] INFO  server.RaftServerConfigKeys (ConfUtils.java:logGet(43)) - raft.server.retrycache.expirytime = 600000ms (custom)
2019-09-25 05:50:15,836 [pool-507-thread-1] INFO  impl.RaftServerImpl (RaftServerImpl.java:start(185)) - 899bfb76-eea4-4ff6-823c-7995b606cb73@group-AE24C26F5B85: start as a follower, conf=-1: [899bfb76-eea4-4ff6-823c-7995b606cb73:192.168.30.10:35182], old=null
2019-09-25 05:50:15,837 [pool-507-thread-1] INFO  impl.RaftServerImpl (RaftServerImpl.java:setRole(174)) - 899bfb76-eea4-4ff6-823c-7995b606cb73@group-AE24C26F5B85: changes role from      null to FOLLOWER at term 0 for startAsFollower
2019-09-25 05:50:15,837 [pool-507-thread-1] INFO  impl.RoleInfo (RoleInfo.java:updateAndGet(143)) - 899bfb76-eea4-4ff6-823c-7995b606cb73: start FollowerState
2019-09-25 05:50:15,837 [pool-507-thread-1] INFO  util.JmxRegister (JmxRegister.java:tryRegister(44)) - Successfully registered JMX Bean with object name Ratis:service=RaftServer,group=group-AE24C26F5B85,id=899bfb76-eea4-4ff6-823c-7995b606cb73
2019-09-25 05:50:15,838 [RatisPipelineUtilsThread] INFO  pipeline.PipelineStateManager (PipelineStateManager.java:addPipeline(56)) - Created pipeline Pipeline[ Id: 80a5fa95-7801-4f80-a1d7-ae24c26f5b85, Nodes: 899bfb76-eea4-4ff6-823c-7995b606cb73{ip: 192.168.30.10, host: pr-hdds-1569-s62bp-3040748787, networkLocation: /default-rack, certSerialId: null}, Type:RATIS, Factor:ONE, State:OPEN]
2019-09-25 05:50:15,842 [grpc-default-executor-0] INFO  impl.RaftServerProxy (RaftServerProxy.java:addNew(89)) - 45ca45e9-b5b0-4fbb-a7fd-6b6ab106be2a: addNew group-51FB44FFC1FD:[45ca45e9-b5b0-4fbb-a7fd-6b6ab106be2a:192.168.30.10:45824] returns group-51FB44FFC1FD:java.util.concurrent.CompletableFuture@6a2809f6[Not completed]
2019-09-25 05:50:15,842 [pool-497-thread-1] INFO  impl.RaftServerImpl (RaftServerImpl.java:<init>(95)) - 45ca45e9-b5b0-4fbb-a7fd-6b6ab106be2a: new RaftServerImpl for group-51FB44FFC1FD:[45ca45e9-b5b0-4fbb-a7fd-6b6ab106be2a:192.168.30.10:45824] with ContainerStateMachine:uninitialized
2019-09-25 05:50:15,842 [pool-497-thread-1] INFO  server.RaftServerConfigKeys (ConfUtils.java:logGet(43)) - raft.server.rpc.timeout.min = 5s (custom)
2019-09-25 05:50:15,842 [pool-497-thread-1] INFO  server.RaftServerConfigKeys (ConfUtils.java:logGet(43)) - raft.server.rpc.timeout.max = 5200ms (custom)
2019-09-25 05:50:15,842 [pool-497-thread-1] INFO  server.RaftServerConfigKeys (ConfUtils.java:logGet(43)) - raft.server.rpcslowness.timeout = 120s (custom)
2019-09-25 05:50:15,842 [pool-497-thread-1] INFO  server.RaftServerConfigKeys (ConfUtils.java:logGet(43)) - raft.server.sleep.deviation.threshold = 300 (default)
2019-09-25 05:50:15,842 [pool-497-thread-1] INFO  server.RaftServerConfigKeys (ConfUtils.java:logGet(43)) - raft.server.log.appender.install.snapshot.enabled = false (custom)
2019-09-25 05:50:15,842 [pool-497-thread-1] INFO  impl.RaftServerImpl (ServerState.java:<init>(103)) - 45ca45e9-b5b0-4fbb-a7fd-6b6ab106be2a@group-51FB44FFC1FD: ConfigurationManager, init=-1: [45ca45e9-b5b0-4fbb-a7fd-6b6ab106be2a:192.168.30.10:45824], old=null, confs=<EMPTY_MAP>
2019-09-25 05:50:15,843 [pool-497-thread-1] INFO  server.RaftServerConfigKeys (ConfUtils.java:logGet(43)) - raft.server.storage.dir = [/workdir/hadoop-ozone/integration-test/target/test-dir/MiniOzoneClusterImpl-2263fc46-0a90-446a-9f91-f67f9935a0e0/datanode-0/data/ratis] (custom)
2019-09-25 05:50:15,843 [pool-497-thread-1] INFO  storage.RaftStorageDirectory (RaftStorageDirectory.java:analyzeStorage(246)) - The storage directory /workdir/hadoop-ozone/integration-test/target/test-dir/MiniOzoneClusterImpl-2263fc46-0a90-446a-9f91-f67f9935a0e0/datanode-0/data/ratis/c034f88a-0aa8-4fdb-9b0c-51fb44ffc1fd does not exist. Creating ...
2019-09-25 05:50:15,855 [pool-497-thread-1] INFO  storage.RaftStorageDirectory (RaftStorageDirectory.java:tryLock(328)) - Lock on /workdir/hadoop-ozone/integration-test/target/test-dir/MiniOzoneClusterImpl-2263fc46-0a90-446a-9f91-f67f9935a0e0/datanode-0/data/ratis/c034f88a-0aa8-4fdb-9b0c-51fb44ffc1fd/in_use.lock acquired by nodename 13539@pr-hdds-1569-s62bp-3040748787
2019-09-25 05:50:15,858 [pool-497-thread-1] INFO  storage.RaftStorage (RaftStorage.java:format(72)) - Storage directory /workdir/hadoop-ozone/integration-test/target/test-dir/MiniOzoneClusterImpl-2263fc46-0a90-446a-9f91-f67f9935a0e0/datanode-0/data/ratis/c034f88a-0aa8-4fdb-9b0c-51fb44ffc1fd has been successfully formatted.
2019-09-25 05:50:15,858 [pool-497-thread-1] INFO  ratis.ContainerStateMachine (ContainerStateMachine.java:loadSnapshot(230)) - group-51FB44FFC1FD: The snapshot info is null. Setting the last applied indexto:(t:0, i:~)
2019-09-25 05:50:15,858 [pool-497-thread-1] INFO  server.RaftServerConfigKeys (ConfUtils.java:logGet(43)) - raft.server.notification.no-leader.timeout = 120s (custom)
2019-09-25 05:50:15,858 [pool-497-thread-1] INFO  server.RaftServerConfigKeys (ConfUtils.java:logGet(43)) - raft.server.log.use.memory = false (default)
2019-09-25 05:50:15,858 [pool-497-thread-1] INFO  server.RaftServerConfigKeys (ConfUtils.java:logGet(43)) - raft.server.log.purge.gap = 1000000 (custom)
2019-09-25 05:50:15,858 [pool-497-thread-1] INFO  server.RaftServerConfigKeys (ConfUtils.java:logGet(43)) - raft.server.log.appender.buffer.byte-limit = 33554432 (custom)
2019-09-25 05:50:15,858 [pool-497-thread-1] INFO  server.RaftServerConfigKeys (ConfUtils.java:logGet(43)) - raft.server.log.segment.size.max = 1048576 (custom)
2019-09-25 05:50:15,858 [pool-497-thread-1] INFO  server.RaftServerConfigKeys (ConfUtils.java:logGet(43)) - raft.server.log.segment.cache.num.max = 2 (custom)
2019-09-25 05:50:15,858 [pool-497-thread-1] INFO  segmented.SegmentedRaftLogWorker (SegmentedRaftLogWorker.java:<init>(172)) - new 45ca45e9-b5b0-4fbb-a7fd-6b6ab106be2a@group-51FB44FFC1FD-SegmentedRaftLogWorker for RaftStorage:Storage Directory /workdir/hadoop-ozone/integration-test/target/test-dir/MiniOzoneClusterImpl-2263fc46-0a90-446a-9f91-f67f9935a0e0/datanode-0/data/ratis/c034f88a-0aa8-4fdb-9b0c-51fb44ffc1fd
2019-09-25 05:50:15,858 [pool-497-thread-1] INFO  server.RaftServerConfigKeys (ConfUtils.java:logGet(43)) - raft.server.log.queue.byte-limit = 2147483647 (custom)
2019-09-25 05:50:15,858 [pool-497-thread-1] INFO  server.RaftServerConfigKeys (ConfUtils.java:logGet(43)) - raft.server.log.queue.element-limit = 1024 (custom)
2019-09-25 05:50:15,859 [pool-497-thread-1] INFO  server.RaftServerConfigKeys (ConfUtils.java:logGet(43)) - raft.server.log.segment.size.max = 1048576 (custom)
2019-09-25 05:50:15,859 [pool-497-thread-1] INFO  server.RaftServerConfigKeys (ConfUtils.java:logGet(43)) - raft.server.log.preallocated.size = 16384 (custom)
2019-09-25 05:50:15,859 [pool-497-thread-1] INFO  server.RaftServerConfigKeys (ConfUtils.java:logGet(43)) - raft.server.log.write.buffer.size = 33554432 (custom)
2019-09-25 05:50:15,859 [pool-497-thread-1] INFO  server.RaftServerConfigKeys (ConfUtils.java:logGet(43)) - raft.server.log.force.sync.num = 128 (default)
2019-09-25 05:50:15,859 [pool-497-thread-1] INFO  server.RaftServerConfigKeys (ConfUtils.java:logGet(43)) - raft.server.log.statemachine.data.sync = true (default)
2019-09-25 05:50:15,859 [pool-497-thread-1] INFO  server.RaftServerConfigKeys (ConfUtils.java:logGet(43)) - raft.server.log.statemachine.data.sync.timeout = 10s (default)
2019-09-25 05:50:15,859 [pool-497-thread-1] INFO  server.RaftServerConfigKeys (ConfUtils.java:logGet(43)) - raft.server.log.statemachine.data.sync.timeout.retry = -1 (default)
2019-09-25 05:50:15,859 [pool-497-thread-1] INFO  server.RaftServerConfigKeys (ConfUtils.java:logGet(43)) - raft.server.log.statemachine.data.caching.enabled = true (custom)
2019-09-25 05:50:15,859 [pool-497-thread-1] INFO  segmented.SegmentedRaftLogWorker (SegmentedRaftLogWorker.java:lambda$new$0(132)) - 45ca45e9-b5b0-4fbb-a7fd-6b6ab106be2a@group-51FB44FFC1FD-SegmentedRaftLogWorker: flushIndex: setUnconditionally 0 -> -1
2019-09-25 05:50:15,859 [pool-497-thread-1] INFO  server.RaftServerConfigKeys (ConfUtils.java:logGet(43)) - raft.server.snapshot.auto.trigger.enabled = true (custom)
2019-09-25 05:50:15,859 [pool-497-thread-1] INFO  server.RaftServerConfigKeys (ConfUtils.java:logGet(43)) - raft.server.snapshot.auto.trigger.threshold = 10000 (custom)
2019-09-25 05:50:15,860 [pool-497-thread-1] INFO  server.RaftServerConfigKeys (ConfUtils.java:logGet(43)) - raft.server.snapshot.retention.num.files = 5 (custom)
2019-09-25 05:50:15,860 [pool-497-thread-1] INFO  server.RaftServerConfigKeys (ConfUtils.java:logGet(43)) - raft.server.retrycache.expirytime = 600000ms (custom)
2019-09-25 05:50:15,860 [pool-497-thread-1] INFO  impl.RaftServerImpl (RaftServerImpl.java:start(185)) - 45ca45e9-b5b0-4fbb-a7fd-6b6ab106be2a@group-51FB44FFC1FD: start as a follower, conf=-1: [45ca45e9-b5b0-4fbb-a7fd-6b6ab106be2a:192.168.30.10:45824], old=null
2019-09-25 05:50:15,861 [pool-497-thread-1] INFO  impl.RaftServerImpl (RaftServerImpl.java:setRole(174)) - 45ca45e9-b5b0-4fbb-a7fd-6b6ab106be2a@group-51FB44FFC1FD: changes role from      null to FOLLOWER at term 0 for startAsFollower
2019-09-25 05:50:15,861 [pool-497-thread-1] INFO  impl.RoleInfo (RoleInfo.java:updateAndGet(143)) - 45ca45e9-b5b0-4fbb-a7fd-6b6ab106be2a: start FollowerState
2019-09-25 05:50:15,861 [pool-497-thread-1] INFO  util.JmxRegister (JmxRegister.java:tryRegister(44)) - Successfully registered JMX Bean with object name Ratis:service=RaftServer,group=group-51FB44FFC1FD,id=45ca45e9-b5b0-4fbb-a7fd-6b6ab106be2a
2019-09-25 05:50:15,862 [RatisPipelineUtilsThread] INFO  pipeline.PipelineStateManager (PipelineStateManager.java:addPipeline(56)) - Created pipeline Pipeline[ Id: c034f88a-0aa8-4fdb-9b0c-51fb44ffc1fd, Nodes: 45ca45e9-b5b0-4fbb-a7fd-6b6ab106be2a{ip: 192.168.30.10, host: pr-hdds-1569-s62bp-3040748787, networkLocation: /default-rack, certSerialId: null}, Type:RATIS, Factor:ONE, State:OPEN]
2019-09-25 05:50:15,865 [grpc-default-executor-0] INFO  impl.RaftServerProxy (RaftServerProxy.java:addNew(89)) - 45ca45e9-b5b0-4fbb-a7fd-6b6ab106be2a: addNew group-840BBCD9EFB6:[45ca45e9-b5b0-4fbb-a7fd-6b6ab106be2a:192.168.30.10:45824] returns group-840BBCD9EFB6:java.util.concurrent.CompletableFuture@2c911053[Not completed]
2019-09-25 05:50:15,866 [pool-497-thread-1] INFO  impl.RaftServerImpl (RaftServerImpl.java:<init>(95)) - 45ca45e9-b5b0-4fbb-a7fd-6b6ab106be2a: new RaftServerImpl for group-840BBCD9EFB6:[45ca45e9-b5b0-4fbb-a7fd-6b6ab106be2a:192.168.30.10:45824] with ContainerStateMachine:uninitialized
2019-09-25 05:50:15,866 [pool-497-thread-1] INFO  server.RaftServerConfigKeys (ConfUtils.java:logGet(43)) - raft.server.rpc.timeout.min = 5s (custom)
2019-09-25 05:50:15,866 [pool-497-thread-1] INFO  server.RaftServerConfigKeys (ConfUtils.java:logGet(43)) - raft.server.rpc.timeout.max = 5200ms (custom)
2019-09-25 05:50:15,866 [pool-497-thread-1] INFO  server.RaftServerConfigKeys (ConfUtils.java:logGet(43)) - raft.server.rpcslowness.timeout = 120s (custom)
2019-09-25 05:50:15,866 [pool-497-thread-1] INFO  server.RaftServerConfigKeys (ConfUtils.java:logGet(43)) - raft.server.sleep.deviation.threshold = 300 (default)
2019-09-25 05:50:15,866 [pool-497-thread-1] INFO  server.RaftServerConfigKeys (ConfUtils.java:logGet(43)) - raft.server.log.appender.install.snapshot.enabled = false (custom)
2019-09-25 05:50:15,866 [pool-497-thread-1] INFO  impl.RaftServerImpl (ServerState.java:<init>(103)) - 45ca45e9-b5b0-4fbb-a7fd-6b6ab106be2a@group-840BBCD9EFB6: ConfigurationManager, init=-1: [45ca45e9-b5b0-4fbb-a7fd-6b6ab106be2a:192.168.30.10:45824], old=null, confs=<EMPTY_MAP>
2019-09-25 05:50:15,866 [IPC Server handler 5 on 35532] INFO  net.NetworkTopology (NetworkTopologyImpl.java:add(111)) - Added a new node: /default-rack/30620aa2-f8b3-4a53-9c80-c9f165f833cf
2019-09-25 05:50:15,866 [pool-497-thread-1] INFO  server.RaftServerConfigKeys (ConfUtils.java:logGet(43)) - raft.server.storage.dir = [/workdir/hadoop-ozone/integration-test/target/test-dir/MiniOzoneClusterImpl-2263fc46-0a90-446a-9f91-f67f9935a0e0/datanode-0/data/ratis] (custom)
2019-09-25 05:50:15,866 [IPC Server handler 5 on 35532] INFO  node.SCMNodeManager (SCMNodeManager.java:register(266)) - Registered Data node : 30620aa2-f8b3-4a53-9c80-c9f165f833cf{ip: 192.168.30.10, host: pr-hdds-1569-s62bp-3040748787, networkLocation: /default-rack, certSerialId: null}
2019-09-25 05:50:15,867 [pool-497-thread-1] INFO  storage.RaftStorageDirectory (RaftStorageDirectory.java:analyzeStorage(246)) - The storage directory /workdir/hadoop-ozone/integration-test/target/test-dir/MiniOzoneClusterImpl-2263fc46-0a90-446a-9f91-f67f9935a0e0/datanode-0/data/ratis/e0e277e1-a4f7-43a4-a045-840bbcd9efb6 does not exist. Creating ...
2019-09-25 05:50:15,879 [pool-497-thread-1] INFO  storage.RaftStorageDirectory (RaftStorageDirectory.java:tryLock(328)) - Lock on /workdir/hadoop-ozone/integration-test/target/test-dir/MiniOzoneClusterImpl-2263fc46-0a90-446a-9f91-f67f9935a0e0/datanode-0/data/ratis/e0e277e1-a4f7-43a4-a045-840bbcd9efb6/in_use.lock acquired by nodename 13539@pr-hdds-1569-s62bp-3040748787
2019-09-25 05:50:15,881 [pool-497-thread-1] INFO  storage.RaftStorage (RaftStorage.java:format(72)) - Storage directory /workdir/hadoop-ozone/integration-test/target/test-dir/MiniOzoneClusterImpl-2263fc46-0a90-446a-9f91-f67f9935a0e0/datanode-0/data/ratis/e0e277e1-a4f7-43a4-a045-840bbcd9efb6 has been successfully formatted.
2019-09-25 05:50:15,881 [pool-497-thread-1] INFO  ratis.ContainerStateMachine (ContainerStateMachine.java:loadSnapshot(230)) - group-840BBCD9EFB6: The snapshot info is null. Setting the last applied indexto:(t:0, i:~)
2019-09-25 05:50:15,881 [pool-497-thread-1] INFO  server.RaftServerConfigKeys (ConfUtils.java:logGet(43)) - raft.server.notification.no-leader.timeout = 120s (custom)
2019-09-25 05:50:15,881 [pool-497-thread-1] INFO  server.RaftServerConfigKeys (ConfUtils.java:logGet(43)) - raft.server.log.use.memory = false (default)
2019-09-25 05:50:15,881 [pool-497-thread-1] INFO  server.RaftServerConfigKeys (ConfUtils.java:logGet(43)) - raft.server.log.purge.gap = 1000000 (custom)
2019-09-25 05:50:15,882 [pool-497-thread-1] INFO  server.RaftServerConfigKeys (ConfUtils.java:logGet(43)) - raft.server.log.appender.buffer.byte-limit = 33554432 (custom)
2019-09-25 05:50:15,882 [pool-497-thread-1] INFO  server.RaftServerConfigKeys (ConfUtils.java:logGet(43)) - raft.server.log.segment.size.max = 1048576 (custom)
2019-09-25 05:50:15,882 [pool-497-thread-1] INFO  server.RaftServerConfigKeys (ConfUtils.java:logGet(43)) - raft.server.log.segment.cache.num.max = 2 (custom)
2019-09-25 05:50:15,882 [pool-497-thread-1] INFO  segmented.SegmentedRaftLogWorker (SegmentedRaftLogWorker.java:<init>(172)) - new 45ca45e9-b5b0-4fbb-a7fd-6b6ab106be2a@group-840BBCD9EFB6-SegmentedRaftLogWorker for RaftStorage:Storage Directory /workdir/hadoop-ozone/integration-test/target/test-dir/MiniOzoneClusterImpl-2263fc46-0a90-446a-9f91-f67f9935a0e0/datanode-0/data/ratis/e0e277e1-a4f7-43a4-a045-840bbcd9efb6
2019-09-25 05:50:15,882 [pool-497-thread-1] INFO  server.RaftServerConfigKeys (ConfUtils.java:logGet(43)) - raft.server.log.queue.byte-limit = 2147483647 (custom)
2019-09-25 05:50:15,882 [pool-497-thread-1] INFO  server.RaftServerConfigKeys (ConfUtils.java:logGet(43)) - raft.server.log.queue.element-limit = 1024 (custom)
2019-09-25 05:50:15,882 [pool-497-thread-1] INFO  server.RaftServerConfigKeys (ConfUtils.java:logGet(43)) - raft.server.log.segment.size.max = 1048576 (custom)
2019-09-25 05:50:15,882 [pool-497-thread-1] INFO  server.RaftServerConfigKeys (ConfUtils.java:logGet(43)) - raft.server.log.preallocated.size = 16384 (custom)
2019-09-25 05:50:15,882 [pool-497-thread-1] INFO  server.RaftServerConfigKeys (ConfUtils.java:logGet(43)) - raft.server.log.write.buffer.size = 33554432 (custom)
2019-09-25 05:50:15,882 [pool-497-thread-1] INFO  server.RaftServerConfigKeys (ConfUtils.java:logGet(43)) - raft.server.log.force.sync.num = 128 (default)
2019-09-25 05:50:15,882 [pool-497-thread-1] INFO  server.RaftServerConfigKeys (ConfUtils.java:logGet(43)) - raft.server.log.statemachine.data.sync = true (default)
2019-09-25 05:50:15,882 [pool-497-thread-1] INFO  server.RaftServerConfigKeys (ConfUtils.java:logGet(43)) - raft.server.log.statemachine.data.sync.timeout = 10s (default)
2019-09-25 05:50:15,882 [pool-497-thread-1] INFO  server.RaftServerConfigKeys (ConfUtils.java:logGet(43)) - raft.server.log.statemachine.data.sync.timeout.retry = -1 (default)
2019-09-25 05:50:15,883 [pool-497-thread-1] INFO  server.RaftServerConfigKeys (ConfUtils.java:logGet(43)) - raft.server.log.statemachine.data.caching.enabled = true (custom)
2019-09-25 05:50:15,883 [pool-497-thread-1] INFO  segmented.SegmentedRaftLogWorker (SegmentedRaftLogWorker.java:lambda$new$0(132)) - 45ca45e9-b5b0-4fbb-a7fd-6b6ab106be2a@group-840BBCD9EFB6-SegmentedRaftLogWorker: flushIndex: setUnconditionally 0 -> -1
2019-09-25 05:50:15,883 [pool-497-thread-1] INFO  server.RaftServerConfigKeys (ConfUtils.java:logGet(43)) - raft.server.snapshot.auto.trigger.enabled = true (custom)
2019-09-25 05:50:15,883 [pool-497-thread-1] INFO  server.RaftServerConfigKeys (ConfUtils.java:logGet(43)) - raft.server.snapshot.auto.trigger.threshold = 10000 (custom)
2019-09-25 05:50:15,883 [pool-497-thread-1] INFO  server.RaftServerConfigKeys (ConfUtils.java:logGet(43)) - raft.server.snapshot.retention.num.files = 5 (custom)
2019-09-25 05:50:15,883 [pool-497-thread-1] INFO  server.RaftServerConfigKeys (ConfUtils.java:logGet(43)) - raft.server.retrycache.expirytime = 600000ms (custom)
2019-09-25 05:50:15,884 [pool-497-thread-1] INFO  impl.RaftServerImpl (RaftServerImpl.java:start(185)) - 45ca45e9-b5b0-4fbb-a7fd-6b6ab106be2a@group-840BBCD9EFB6: start as a follower, conf=-1: [45ca45e9-b5b0-4fbb-a7fd-6b6ab106be2a:192.168.30.10:45824], old=null
2019-09-25 05:50:15,884 [pool-497-thread-1] INFO  impl.RaftServerImpl (RaftServerImpl.java:setRole(174)) - 45ca45e9-b5b0-4fbb-a7fd-6b6ab106be2a@group-840BBCD9EFB6: changes role from      null to FOLLOWER at term 0 for startAsFollower
2019-09-25 05:50:15,884 [pool-497-thread-1] INFO  impl.RoleInfo (RoleInfo.java:updateAndGet(143)) - 45ca45e9-b5b0-4fbb-a7fd-6b6ab106be2a: start FollowerState
2019-09-25 05:50:15,884 [pool-497-thread-1] INFO  util.JmxRegister (JmxRegister.java:tryRegister(44)) - Successfully registered JMX Bean with object name Ratis:service=RaftServer,group=group-840BBCD9EFB6,id=45ca45e9-b5b0-4fbb-a7fd-6b6ab106be2a
2019-09-25 05:50:15,886 [RatisPipelineUtilsThread] INFO  pipeline.PipelineStateManager (PipelineStateManager.java:addPipeline(56)) - Created pipeline Pipeline[ Id: e0e277e1-a4f7-43a4-a045-840bbcd9efb6, Nodes: 45ca45e9-b5b0-4fbb-a7fd-6b6ab106be2a{ip: 192.168.30.10, host: pr-hdds-1569-s62bp-3040748787, networkLocation: /default-rack, certSerialId: null}, Type:RATIS, Factor:ONE, State:OPEN]
2019-09-25 05:50:15,888 [grpc-default-executor-0] INFO  impl.RaftServerProxy (RaftServerProxy.java:addNew(89)) - 899bfb76-eea4-4ff6-823c-7995b606cb73: addNew group-637E481DFCF9:[899bfb76-eea4-4ff6-823c-7995b606cb73:192.168.30.10:35182] returns group-637E481DFCF9:java.util.concurrent.CompletableFuture@128c2212[Not completed]
2019-09-25 05:50:15,889 [pool-507-thread-1] INFO  impl.RaftServerImpl (RaftServerImpl.java:<init>(95)) - 899bfb76-eea4-4ff6-823c-7995b606cb73: new RaftServerImpl for group-637E481DFCF9:[899bfb76-eea4-4ff6-823c-7995b606cb73:192.168.30.10:35182] with ContainerStateMachine:uninitialized
2019-09-25 05:50:15,889 [pool-507-thread-1] INFO  server.RaftServerConfigKeys (ConfUtils.java:logGet(43)) - raft.server.rpc.timeout.min = 5s (custom)
2019-09-25 05:50:15,889 [pool-507-thread-1] INFO  server.RaftServerConfigKeys (ConfUtils.java:logGet(43)) - raft.server.rpc.timeout.max = 5200ms (custom)
2019-09-25 05:50:15,889 [pool-507-thread-1] INFO  server.RaftServerConfigKeys (ConfUtils.java:logGet(43)) - raft.server.rpcslowness.timeout = 120s (custom)
2019-09-25 05:50:15,889 [pool-507-thread-1] INFO  server.RaftServerConfigKeys (ConfUtils.java:logGet(43)) - raft.server.sleep.deviation.threshold = 300 (default)
2019-09-25 05:50:15,889 [pool-507-thread-1] INFO  server.RaftServerConfigKeys (ConfUtils.java:logGet(43)) - raft.server.log.appender.install.snapshot.enabled = false (custom)
2019-09-25 05:50:15,889 [pool-507-thread-1] INFO  impl.RaftServerImpl (ServerState.java:<init>(103)) - 899bfb76-eea4-4ff6-823c-7995b606cb73@group-637E481DFCF9: ConfigurationManager, init=-1: [899bfb76-eea4-4ff6-823c-7995b606cb73:192.168.30.10:35182], old=null, confs=<EMPTY_MAP>
2019-09-25 05:50:15,889 [pool-507-thread-1] INFO  server.RaftServerConfigKeys (ConfUtils.java:logGet(43)) - raft.server.storage.dir = [/workdir/hadoop-ozone/integration-test/target/test-dir/MiniOzoneClusterImpl-2263fc46-0a90-446a-9f91-f67f9935a0e0/datanode-1/data/ratis] (custom)
2019-09-25 05:50:15,889 [pool-507-thread-1] INFO  storage.RaftStorageDirectory (RaftStorageDirectory.java:analyzeStorage(246)) - The storage directory /workdir/hadoop-ozone/integration-test/target/test-dir/MiniOzoneClusterImpl-2263fc46-0a90-446a-9f91-f67f9935a0e0/datanode-1/data/ratis/9b977954-749f-4a05-9f1d-637e481dfcf9 does not exist. Creating ...
2019-09-25 05:50:15,902 [pool-507-thread-1] INFO  storage.RaftStorageDirectory (RaftStorageDirectory.java:tryLock(328)) - Lock on /workdir/hadoop-ozone/integration-test/target/test-dir/MiniOzoneClusterImpl-2263fc46-0a90-446a-9f91-f67f9935a0e0/datanode-1/data/ratis/9b977954-749f-4a05-9f1d-637e481dfcf9/in_use.lock acquired by nodename 13539@pr-hdds-1569-s62bp-3040748787
2019-09-25 05:50:15,904 [pool-507-thread-1] INFO  storage.RaftStorage (RaftStorage.java:format(72)) - Storage directory /workdir/hadoop-ozone/integration-test/target/test-dir/MiniOzoneClusterImpl-2263fc46-0a90-446a-9f91-f67f9935a0e0/datanode-1/data/ratis/9b977954-749f-4a05-9f1d-637e481dfcf9 has been successfully formatted.
2019-09-25 05:50:15,904 [pool-507-thread-1] INFO  ratis.ContainerStateMachine (ContainerStateMachine.java:loadSnapshot(230)) - group-637E481DFCF9: The snapshot info is null. Setting the last applied indexto:(t:0, i:~)
2019-09-25 05:50:15,904 [pool-507-thread-1] INFO  server.RaftServerConfigKeys (ConfUtils.java:logGet(43)) - raft.server.notification.no-leader.timeout = 120s (custom)
2019-09-25 05:50:15,904 [pool-507-thread-1] INFO  server.RaftServerConfigKeys (ConfUtils.java:logGet(43)) - raft.server.log.use.memory = false (default)
2019-09-25 05:50:15,905 [pool-507-thread-1] INFO  server.RaftServerConfigKeys (ConfUtils.java:logGet(43)) - raft.server.log.purge.gap = 1000000 (custom)
2019-09-25 05:50:15,905 [pool-507-thread-1] INFO  server.RaftServerConfigKeys (ConfUtils.java:logGet(43)) - raft.server.log.appender.buffer.byte-limit = 33554432 (custom)
2019-09-25 05:50:15,905 [pool-507-thread-1] INFO  server.RaftServerConfigKeys (ConfUtils.java:logGet(43)) - raft.server.log.segment.size.max = 1048576 (custom)
2019-09-25 05:50:15,905 [pool-507-thread-1] INFO  server.RaftServerConfigKeys (ConfUtils.java:logGet(43)) - raft.server.log.segment.cache.num.max = 2 (custom)
2019-09-25 05:50:15,905 [pool-507-thread-1] INFO  segmented.SegmentedRaftLogWorker (SegmentedRaftLogWorker.java:<init>(172)) - new 899bfb76-eea4-4ff6-823c-7995b606cb73@group-637E481DFCF9-SegmentedRaftLogWorker for RaftStorage:Storage Directory /workdir/hadoop-ozone/integration-test/target/test-dir/MiniOzoneClusterImpl-2263fc46-0a90-446a-9f91-f67f9935a0e0/datanode-1/data/ratis/9b977954-749f-4a05-9f1d-637e481dfcf9
2019-09-25 05:50:15,905 [pool-507-thread-1] INFO  server.RaftServerConfigKeys (ConfUtils.java:logGet(43)) - raft.server.log.queue.byte-limit = 2147483647 (custom)
2019-09-25 05:50:15,905 [pool-507-thread-1] INFO  server.RaftServerConfigKeys (ConfUtils.java:logGet(43)) - raft.server.log.queue.element-limit = 1024 (custom)
2019-09-25 05:50:15,905 [pool-507-thread-1] INFO  server.RaftServerConfigKeys (ConfUtils.java:logGet(43)) - raft.server.log.segment.size.max = 1048576 (custom)
2019-09-25 05:50:15,905 [pool-507-thread-1] INFO  server.RaftServerConfigKeys (ConfUtils.java:logGet(43)) - raft.server.log.preallocated.size = 16384 (custom)
2019-09-25 05:50:15,905 [pool-507-thread-1] INFO  server.RaftServerConfigKeys (ConfUtils.java:logGet(43)) - raft.server.log.write.buffer.size = 33554432 (custom)
2019-09-25 05:50:15,905 [pool-507-thread-1] INFO  server.RaftServerConfigKeys (ConfUtils.java:logGet(43)) - raft.server.log.force.sync.num = 128 (default)
2019-09-25 05:50:15,905 [pool-507-thread-1] INFO  server.RaftServerConfigKeys (ConfUtils.java:logGet(43)) - raft.server.log.statemachine.data.sync = true (default)
2019-09-25 05:50:15,905 [pool-507-thread-1] INFO  server.RaftServerConfigKeys (ConfUtils.java:logGet(43)) - raft.server.log.statemachine.data.sync.timeout = 10s (default)
2019-09-25 05:50:15,906 [pool-507-thread-1] INFO  server.RaftServerConfigKeys (ConfUtils.java:logGet(43)) - raft.server.log.statemachine.data.sync.timeout.retry = -1 (default)
2019-09-25 05:50:15,906 [pool-507-thread-1] INFO  server.RaftServerConfigKeys (ConfUtils.java:logGet(43)) - raft.server.log.statemachine.data.caching.enabled = true (custom)
2019-09-25 05:50:15,906 [pool-507-thread-1] INFO  segmented.SegmentedRaftLogWorker (SegmentedRaftLogWorker.java:lambda$new$0(132)) - 899bfb76-eea4-4ff6-823c-7995b606cb73@group-637E481DFCF9-SegmentedRaftLogWorker: flushIndex: setUnconditionally 0 -> -1
2019-09-25 05:50:15,906 [pool-507-thread-1] INFO  server.RaftServerConfigKeys (ConfUtils.java:logGet(43)) - raft.server.snapshot.auto.trigger.enabled = true (custom)
2019-09-25 05:50:15,906 [pool-507-thread-1] INFO  server.RaftServerConfigKeys (ConfUtils.java:logGet(43)) - raft.server.snapshot.auto.trigger.threshold = 10000 (custom)
2019-09-25 05:50:15,906 [pool-507-thread-1] INFO  server.RaftServerConfigKeys (ConfUtils.java:logGet(43)) - raft.server.snapshot.retention.num.files = 5 (custom)
2019-09-25 05:50:15,906 [pool-507-thread-1] INFO  server.RaftServerConfigKeys (ConfUtils.java:logGet(43)) - raft.server.retrycache.expirytime = 600000ms (custom)
2019-09-25 05:50:15,907 [pool-507-thread-1] INFO  impl.RaftServerImpl (RaftServerImpl.java:start(185)) - 899bfb76-eea4-4ff6-823c-7995b606cb73@group-637E481DFCF9: start as a follower, conf=-1: [899bfb76-eea4-4ff6-823c-7995b606cb73:192.168.30.10:35182], old=null
2019-09-25 05:50:15,907 [pool-507-thread-1] INFO  impl.RaftServerImpl (RaftServerImpl.java:setRole(174)) - 899bfb76-eea4-4ff6-823c-7995b606cb73@group-637E481DFCF9: changes role from      null to FOLLOWER at term 0 for startAsFollower
2019-09-25 05:50:15,907 [pool-507-thread-1] INFO  impl.RoleInfo (RoleInfo.java:updateAndGet(143)) - 899bfb76-eea4-4ff6-823c-7995b606cb73: start FollowerState
2019-09-25 05:50:15,907 [pool-507-thread-1] INFO  util.JmxRegister (JmxRegister.java:tryRegister(44)) - Successfully registered JMX Bean with object name Ratis:service=RaftServer,group=group-637E481DFCF9,id=899bfb76-eea4-4ff6-823c-7995b606cb73
2019-09-25 05:50:15,909 [RatisPipelineUtilsThread] INFO  pipeline.PipelineStateManager (PipelineStateManager.java:addPipeline(56)) - Created pipeline Pipeline[ Id: 9b977954-749f-4a05-9f1d-637e481dfcf9, Nodes: 899bfb76-eea4-4ff6-823c-7995b606cb73{ip: 192.168.30.10, host: pr-hdds-1569-s62bp-3040748787, networkLocation: /default-rack, certSerialId: null}, Type:RATIS, Factor:ONE, State:OPEN]
2019-09-25 05:50:15,911 [grpc-default-executor-0] INFO  impl.RaftServerProxy (RaftServerProxy.java:addNew(89)) - 45ca45e9-b5b0-4fbb-a7fd-6b6ab106be2a: addNew group-506F9A5138D9:[45ca45e9-b5b0-4fbb-a7fd-6b6ab106be2a:192.168.30.10:45824] returns group-506F9A5138D9:java.util.concurrent.CompletableFuture@436e4c1e[Not completed]
2019-09-25 05:50:15,911 [pool-497-thread-1] INFO  impl.RaftServerImpl (RaftServerImpl.java:<init>(95)) - 45ca45e9-b5b0-4fbb-a7fd-6b6ab106be2a: new RaftServerImpl for group-506F9A5138D9:[45ca45e9-b5b0-4fbb-a7fd-6b6ab106be2a:192.168.30.10:45824] with ContainerStateMachine:uninitialized
2019-09-25 05:50:15,912 [pool-497-thread-1] INFO  server.RaftServerConfigKeys (ConfUtils.java:logGet(43)) - raft.server.rpc.timeout.min = 5s (custom)
2019-09-25 05:50:15,912 [pool-497-thread-1] INFO  server.RaftServerConfigKeys (ConfUtils.java:logGet(43)) - raft.server.rpc.timeout.max = 5200ms (custom)
2019-09-25 05:50:15,912 [pool-497-thread-1] INFO  server.RaftServerConfigKeys (ConfUtils.java:logGet(43)) - raft.server.rpcslowness.timeout = 120s (custom)
2019-09-25 05:50:15,912 [pool-497-thread-1] INFO  server.RaftServerConfigKeys (ConfUtils.java:logGet(43)) - raft.server.sleep.deviation.threshold = 300 (default)
2019-09-25 05:50:15,912 [pool-497-thread-1] INFO  server.RaftServerConfigKeys (ConfUtils.java:logGet(43)) - raft.server.log.appender.install.snapshot.enabled = false (custom)
2019-09-25 05:50:15,912 [pool-497-thread-1] INFO  impl.RaftServerImpl (ServerState.java:<init>(103)) - 45ca45e9-b5b0-4fbb-a7fd-6b6ab106be2a@group-506F9A5138D9: ConfigurationManager, init=-1: [45ca45e9-b5b0-4fbb-a7fd-6b6ab106be2a:192.168.30.10:45824], old=null, confs=<EMPTY_MAP>
2019-09-25 05:50:15,912 [pool-497-thread-1] INFO  server.RaftServerConfigKeys (ConfUtils.java:logGet(43)) - raft.server.storage.dir = [/workdir/hadoop-ozone/integration-test/target/test-dir/MiniOzoneClusterImpl-2263fc46-0a90-446a-9f91-f67f9935a0e0/datanode-0/data/ratis] (custom)
2019-09-25 05:50:15,912 [pool-497-thread-1] INFO  storage.RaftStorageDirectory (RaftStorageDirectory.java:analyzeStorage(246)) - The storage directory /workdir/hadoop-ozone/integration-test/target/test-dir/MiniOzoneClusterImpl-2263fc46-0a90-446a-9f91-f67f9935a0e0/datanode-0/data/ratis/5118547c-d71d-4556-a6b5-506f9a5138d9 does not exist. Creating ...
2019-09-25 05:50:15,915 [pool-497-thread-1] INFO  storage.RaftStorageDirectory (RaftStorageDirectory.java:tryLock(328)) - Lock on /workdir/hadoop-ozone/integration-test/target/test-dir/MiniOzoneClusterImpl-2263fc46-0a90-446a-9f91-f67f9935a0e0/datanode-0/data/ratis/5118547c-d71d-4556-a6b5-506f9a5138d9/in_use.lock acquired by nodename 13539@pr-hdds-1569-s62bp-3040748787
2019-09-25 05:50:15,917 [pool-497-thread-1] INFO  storage.RaftStorage (RaftStorage.java:format(72)) - Storage directory /workdir/hadoop-ozone/integration-test/target/test-dir/MiniOzoneClusterImpl-2263fc46-0a90-446a-9f91-f67f9935a0e0/datanode-0/data/ratis/5118547c-d71d-4556-a6b5-506f9a5138d9 has been successfully formatted.
2019-09-25 05:50:15,917 [pool-497-thread-1] INFO  ratis.ContainerStateMachine (ContainerStateMachine.java:loadSnapshot(230)) - group-506F9A5138D9: The snapshot info is null. Setting the last applied indexto:(t:0, i:~)
2019-09-25 05:50:15,917 [pool-497-thread-1] INFO  server.RaftServerConfigKeys (ConfUtils.java:logGet(43)) - raft.server.notification.no-leader.timeout = 120s (custom)
2019-09-25 05:50:15,917 [pool-497-thread-1] INFO  server.RaftServerConfigKeys (ConfUtils.java:logGet(43)) - raft.server.log.use.memory = false (default)
2019-09-25 05:50:15,918 [pool-497-thread-1] INFO  server.RaftServerConfigKeys (ConfUtils.java:logGet(43)) - raft.server.log.purge.gap = 1000000 (custom)
2019-09-25 05:50:15,918 [pool-497-thread-1] INFO  server.RaftServerConfigKeys (ConfUtils.java:logGet(43)) - raft.server.log.appender.buffer.byte-limit = 33554432 (custom)
2019-09-25 05:50:15,918 [pool-497-thread-1] INFO  server.RaftServerConfigKeys (ConfUtils.java:logGet(43)) - raft.server.log.segment.size.max = 1048576 (custom)
2019-09-25 05:50:15,918 [pool-497-thread-1] INFO  server.RaftServerConfigKeys (ConfUtils.java:logGet(43)) - raft.server.log.segment.cache.num.max = 2 (custom)
2019-09-25 05:50:15,918 [pool-497-thread-1] INFO  segmented.SegmentedRaftLogWorker (SegmentedRaftLogWorker.java:<init>(172)) - new 45ca45e9-b5b0-4fbb-a7fd-6b6ab106be2a@group-506F9A5138D9-SegmentedRaftLogWorker for RaftStorage:Storage Directory /workdir/hadoop-ozone/integration-test/target/test-dir/MiniOzoneClusterImpl-2263fc46-0a90-446a-9f91-f67f9935a0e0/datanode-0/data/ratis/5118547c-d71d-4556-a6b5-506f9a5138d9
2019-09-25 05:50:15,918 [pool-497-thread-1] INFO  server.RaftServerConfigKeys (ConfUtils.java:logGet(43)) - raft.server.log.queue.byte-limit = 2147483647 (custom)
2019-09-25 05:50:15,918 [pool-497-thread-1] INFO  server.RaftServerConfigKeys (ConfUtils.java:logGet(43)) - raft.server.log.queue.element-limit = 1024 (custom)
2019-09-25 05:50:15,918 [pool-497-thread-1] INFO  server.RaftServerConfigKeys (ConfUtils.java:logGet(43)) - raft.server.log.segment.size.max = 1048576 (custom)
2019-09-25 05:50:15,918 [pool-497-thread-1] INFO  server.RaftServerConfigKeys (ConfUtils.java:logGet(43)) - raft.server.log.preallocated.size = 16384 (custom)
2019-09-25 05:50:15,918 [pool-497-thread-1] INFO  server.RaftServerConfigKeys (ConfUtils.java:logGet(43)) - raft.server.log.write.buffer.size = 33554432 (custom)
2019-09-25 05:50:15,918 [pool-497-thread-1] INFO  server.RaftServerConfigKeys (ConfUtils.java:logGet(43)) - raft.server.log.force.sync.num = 128 (default)
2019-09-25 05:50:15,918 [pool-497-thread-1] INFO  server.RaftServerConfigKeys (ConfUtils.java:logGet(43)) - raft.server.log.statemachine.data.sync = true (default)
2019-09-25 05:50:15,918 [pool-497-thread-1] INFO  server.RaftServerConfigKeys (ConfUtils.java:logGet(43)) - raft.server.log.statemachine.data.sync.timeout = 10s (default)
2019-09-25 05:50:15,918 [pool-497-thread-1] INFO  server.RaftServerConfigKeys (ConfUtils.java:logGet(43)) - raft.server.log.statemachine.data.sync.timeout.retry = -1 (default)
2019-09-25 05:50:15,919 [pool-497-thread-1] INFO  server.RaftServerConfigKeys (ConfUtils.java:logGet(43)) - raft.server.log.statemachine.data.caching.enabled = true (custom)
2019-09-25 05:50:15,919 [pool-497-thread-1] INFO  segmented.SegmentedRaftLogWorker (SegmentedRaftLogWorker.java:lambda$new$0(132)) - 45ca45e9-b5b0-4fbb-a7fd-6b6ab106be2a@group-506F9A5138D9-SegmentedRaftLogWorker: flushIndex: setUnconditionally 0 -> -1
2019-09-25 05:50:15,919 [pool-497-thread-1] INFO  server.RaftServerConfigKeys (ConfUtils.java:logGet(43)) - raft.server.snapshot.auto.trigger.enabled = true (custom)
2019-09-25 05:50:15,919 [pool-497-thread-1] INFO  server.RaftServerConfigKeys (ConfUtils.java:logGet(43)) - raft.server.snapshot.auto.trigger.threshold = 10000 (custom)
2019-09-25 05:50:15,919 [pool-497-thread-1] INFO  server.RaftServerConfigKeys (ConfUtils.java:logGet(43)) - raft.server.snapshot.retention.num.files = 5 (custom)
2019-09-25 05:50:15,919 [pool-497-thread-1] INFO  server.RaftServerConfigKeys (ConfUtils.java:logGet(43)) - raft.server.retrycache.expirytime = 600000ms (custom)
2019-09-25 05:50:15,920 [pool-497-thread-1] INFO  impl.RaftServerImpl (RaftServerImpl.java:start(185)) - 45ca45e9-b5b0-4fbb-a7fd-6b6ab106be2a@group-506F9A5138D9: start as a follower, conf=-1: [45ca45e9-b5b0-4fbb-a7fd-6b6ab106be2a:192.168.30.10:45824], old=null
2019-09-25 05:50:15,920 [pool-497-thread-1] INFO  impl.RaftServerImpl (RaftServerImpl.java:setRole(174)) - 45ca45e9-b5b0-4fbb-a7fd-6b6ab106be2a@group-506F9A5138D9: changes role from      null to FOLLOWER at term 0 for startAsFollower
2019-09-25 05:50:15,920 [pool-497-thread-1] INFO  impl.RoleInfo (RoleInfo.java:updateAndGet(143)) - 45ca45e9-b5b0-4fbb-a7fd-6b6ab106be2a: start FollowerState
2019-09-25 05:50:15,920 [pool-497-thread-1] INFO  util.JmxRegister (JmxRegister.java:tryRegister(44)) - Successfully registered JMX Bean with object name Ratis:service=RaftServer,group=group-506F9A5138D9,id=45ca45e9-b5b0-4fbb-a7fd-6b6ab106be2a
2019-09-25 05:50:15,922 [RatisPipelineUtilsThread] INFO  pipeline.PipelineStateManager (PipelineStateManager.java:addPipeline(56)) - Created pipeline Pipeline[ Id: 5118547c-d71d-4556-a6b5-506f9a5138d9, Nodes: 45ca45e9-b5b0-4fbb-a7fd-6b6ab106be2a{ip: 192.168.30.10, host: pr-hdds-1569-s62bp-3040748787, networkLocation: /default-rack, certSerialId: null}, Type:RATIS, Factor:ONE, State:OPEN]
2019-09-25 05:50:15,922 [RatisPipelineUtilsThread] INFO  pipeline.PipelinePlacementPolicy (PipelinePlacementPolicy.java:meetCriteria(91)) - Pipeline Placement: Doesn't meet the criteria to be viable node： 45ca45e9-b5b0-4fbb-a7fd-6b6ab106be2a Heaviness: 6 limit: 5
2019-09-25 05:50:15,939 [grpc-default-executor-0] INFO  impl.RaftServerProxy (RaftServerProxy.java:addNew(89)) - dc430975-089c-40cd-a0f1-208b2374b924: addNew group-8F461A4BD315:[dc430975-089c-40cd-a0f1-208b2374b924:192.168.30.10:34467] returns group-8F461A4BD315:java.util.concurrent.CompletableFuture@2e8407ad[Not completed]
2019-09-25 05:50:15,940 [pool-517-thread-1] INFO  impl.RaftServerImpl (RaftServerImpl.java:<init>(95)) - dc430975-089c-40cd-a0f1-208b2374b924: new RaftServerImpl for group-8F461A4BD315:[dc430975-089c-40cd-a0f1-208b2374b924:192.168.30.10:34467] with ContainerStateMachine:uninitialized
2019-09-25 05:50:15,940 [pool-517-thread-1] INFO  server.RaftServerConfigKeys (ConfUtils.java:logGet(43)) - raft.server.rpc.timeout.min = 5s (custom)
2019-09-25 05:50:15,940 [pool-517-thread-1] INFO  server.RaftServerConfigKeys (ConfUtils.java:logGet(43)) - raft.server.rpc.timeout.max = 5200ms (custom)
2019-09-25 05:50:15,940 [pool-517-thread-1] INFO  server.RaftServerConfigKeys (ConfUtils.java:logGet(43)) - raft.server.rpcslowness.timeout = 120s (custom)
2019-09-25 05:50:15,940 [pool-517-thread-1] INFO  server.RaftServerConfigKeys (ConfUtils.java:logGet(43)) - raft.server.sleep.deviation.threshold = 300 (default)
2019-09-25 05:50:15,940 [pool-517-thread-1] INFO  server.RaftServerConfigKeys (ConfUtils.java:logGet(43)) - raft.server.log.appender.install.snapshot.enabled = false (custom)
2019-09-25 05:50:15,940 [pool-517-thread-1] INFO  impl.RaftServerImpl (ServerState.java:<init>(103)) - dc430975-089c-40cd-a0f1-208b2374b924@group-8F461A4BD315: ConfigurationManager, init=-1: [dc430975-089c-40cd-a0f1-208b2374b924:192.168.30.10:34467], old=null, confs=<EMPTY_MAP>
2019-09-25 05:50:15,940 [pool-517-thread-1] INFO  server.RaftServerConfigKeys (ConfUtils.java:logGet(43)) - raft.server.storage.dir = [/workdir/hadoop-ozone/integration-test/target/test-dir/MiniOzoneClusterImpl-2263fc46-0a90-446a-9f91-f67f9935a0e0/datanode-2/data/ratis] (custom)
2019-09-25 05:50:15,940 [pool-517-thread-1] INFO  storage.RaftStorageDirectory (RaftStorageDirectory.java:analyzeStorage(246)) - The storage directory /workdir/hadoop-ozone/integration-test/target/test-dir/MiniOzoneClusterImpl-2263fc46-0a90-446a-9f91-f67f9935a0e0/datanode-2/data/ratis/0171a3c6-a57c-492b-8f00-8f461a4bd315 does not exist. Creating ...
2019-09-25 05:50:15,945 [pool-517-thread-1] INFO  storage.RaftStorageDirectory (RaftStorageDirectory.java:tryLock(328)) - Lock on /workdir/hadoop-ozone/integration-test/target/test-dir/MiniOzoneClusterImpl-2263fc46-0a90-446a-9f91-f67f9935a0e0/datanode-2/data/ratis/0171a3c6-a57c-492b-8f00-8f461a4bd315/in_use.lock acquired by nodename 13539@pr-hdds-1569-s62bp-3040748787
2019-09-25 05:50:15,949 [pool-517-thread-1] INFO  storage.RaftStorage (RaftStorage.java:format(72)) - Storage directory /workdir/hadoop-ozone/integration-test/target/test-dir/MiniOzoneClusterImpl-2263fc46-0a90-446a-9f91-f67f9935a0e0/datanode-2/data/ratis/0171a3c6-a57c-492b-8f00-8f461a4bd315 has been successfully formatted.
2019-09-25 05:50:15,949 [pool-517-thread-1] INFO  ratis.ContainerStateMachine (ContainerStateMachine.java:loadSnapshot(230)) - group-8F461A4BD315: The snapshot info is null. Setting the last applied indexto:(t:0, i:~)
2019-09-25 05:50:15,949 [pool-517-thread-1] INFO  server.RaftServerConfigKeys (ConfUtils.java:logGet(43)) - raft.server.notification.no-leader.timeout = 120s (custom)
2019-09-25 05:50:15,949 [pool-517-thread-1] INFO  server.RaftServerConfigKeys (ConfUtils.java:logGet(43)) - raft.server.log.use.memory = false (default)
2019-09-25 05:50:15,949 [pool-517-thread-1] INFO  server.RaftServerConfigKeys (ConfUtils.java:logGet(43)) - raft.server.log.purge.gap = 1000000 (custom)
2019-09-25 05:50:15,950 [pool-517-thread-1] INFO  server.RaftServerConfigKeys (ConfUtils.java:logGet(43)) - raft.server.log.appender.buffer.byte-limit = 33554432 (custom)
2019-09-25 05:50:15,950 [pool-517-thread-1] INFO  server.RaftServerConfigKeys (ConfUtils.java:logGet(43)) - raft.server.log.segment.size.max = 1048576 (custom)
2019-09-25 05:50:15,950 [pool-517-thread-1] INFO  server.RaftServerConfigKeys (ConfUtils.java:logGet(43)) - raft.server.log.segment.cache.num.max = 2 (custom)
2019-09-25 05:50:15,950 [pool-517-thread-1] INFO  segmented.SegmentedRaftLogWorker (SegmentedRaftLogWorker.java:<init>(172)) - new dc430975-089c-40cd-a0f1-208b2374b924@group-8F461A4BD315-SegmentedRaftLogWorker for RaftStorage:Storage Directory /workdir/hadoop-ozone/integration-test/target/test-dir/MiniOzoneClusterImpl-2263fc46-0a90-446a-9f91-f67f9935a0e0/datanode-2/data/ratis/0171a3c6-a57c-492b-8f00-8f461a4bd315
2019-09-25 05:50:15,951 [pool-517-thread-1] INFO  server.RaftServerConfigKeys (ConfUtils.java:logGet(43)) - raft.server.log.queue.byte-limit = 2147483647 (custom)
2019-09-25 05:50:15,951 [pool-517-thread-1] INFO  server.RaftServerConfigKeys (ConfUtils.java:logGet(43)) - raft.server.log.queue.element-limit = 1024 (custom)
2019-09-25 05:50:15,951 [pool-517-thread-1] INFO  server.RaftServerConfigKeys (ConfUtils.java:logGet(43)) - raft.server.log.segment.size.max = 1048576 (custom)
2019-09-25 05:50:15,951 [pool-517-thread-1] INFO  server.RaftServerConfigKeys (ConfUtils.java:logGet(43)) - raft.server.log.preallocated.size = 16384 (custom)
2019-09-25 05:50:15,951 [pool-517-thread-1] INFO  server.RaftServerConfigKeys (ConfUtils.java:logGet(43)) - raft.server.log.write.buffer.size = 33554432 (custom)
2019-09-25 05:50:15,951 [pool-517-thread-1] INFO  server.RaftServerConfigKeys (ConfUtils.java:logGet(43)) - raft.server.log.force.sync.num = 128 (default)
2019-09-25 05:50:15,951 [pool-517-thread-1] INFO  server.RaftServerConfigKeys (ConfUtils.java:logGet(43)) - raft.server.log.statemachine.data.sync = true (default)
2019-09-25 05:50:15,951 [pool-517-thread-1] INFO  server.RaftServerConfigKeys (ConfUtils.java:logGet(43)) - raft.server.log.statemachine.data.sync.timeout = 10s (default)
2019-09-25 05:50:15,951 [pool-517-thread-1] INFO  server.RaftServerConfigKeys (ConfUtils.java:logGet(43)) - raft.server.log.statemachine.data.sync.timeout.retry = -1 (default)
2019-09-25 05:50:15,951 [pool-517-thread-1] INFO  server.RaftServerConfigKeys (ConfUtils.java:logGet(43)) - raft.server.log.statemachine.data.caching.enabled = true (custom)
2019-09-25 05:50:15,952 [pool-517-thread-1] INFO  segmented.SegmentedRaftLogWorker (SegmentedRaftLogWorker.java:lambda$new$0(132)) - dc430975-089c-40cd-a0f1-208b2374b924@group-8F461A4BD315-SegmentedRaftLogWorker: flushIndex: setUnconditionally 0 -> -1
2019-09-25 05:50:15,952 [pool-517-thread-1] INFO  server.RaftServerConfigKeys (ConfUtils.java:logGet(43)) - raft.server.snapshot.auto.trigger.enabled = true (custom)
2019-09-25 05:50:15,952 [pool-517-thread-1] INFO  server.RaftServerConfigKeys (ConfUtils.java:logGet(43)) - raft.server.snapshot.auto.trigger.threshold = 10000 (custom)
2019-09-25 05:50:15,952 [pool-517-thread-1] INFO  server.RaftServerConfigKeys (ConfUtils.java:logGet(43)) - raft.server.snapshot.retention.num.files = 5 (custom)
2019-09-25 05:50:15,952 [pool-517-thread-1] INFO  server.RaftServerConfigKeys (ConfUtils.java:logGet(43)) - raft.server.retrycache.expirytime = 600000ms (custom)
2019-09-25 05:50:15,953 [pool-517-thread-1] INFO  impl.RaftServerImpl (RaftServerImpl.java:start(185)) - dc430975-089c-40cd-a0f1-208b2374b924@group-8F461A4BD315: start as a follower, conf=-1: [dc430975-089c-40cd-a0f1-208b2374b924:192.168.30.10:34467], old=null
2019-09-25 05:50:15,953 [pool-517-thread-1] INFO  impl.RaftServerImpl (RaftServerImpl.java:setRole(174)) - dc430975-089c-40cd-a0f1-208b2374b924@group-8F461A4BD315: changes role from      null to FOLLOWER at term 0 for startAsFollower
2019-09-25 05:50:15,953 [pool-517-thread-1] INFO  impl.RoleInfo (RoleInfo.java:updateAndGet(143)) - dc430975-089c-40cd-a0f1-208b2374b924: start FollowerState
2019-09-25 05:50:15,953 [pool-517-thread-1] INFO  util.JmxRegister (JmxRegister.java:tryRegister(44)) - Successfully registered JMX Bean with object name Ratis:service=RaftServer,group=group-8F461A4BD315,id=dc430975-089c-40cd-a0f1-208b2374b924
2019-09-25 05:50:15,955 [IPC Server handler 1 on 35532] INFO  net.NetworkTopology (NetworkTopologyImpl.java:add(111)) - Added a new node: /default-rack/11c09e37-7211-4e36-88ba-de9fcd604807
2019-09-25 05:50:15,955 [RatisPipelineUtilsThread] INFO  pipeline.PipelineStateManager (PipelineStateManager.java:addPipeline(56)) - Created pipeline Pipeline[ Id: 0171a3c6-a57c-492b-8f00-8f461a4bd315, Nodes: dc430975-089c-40cd-a0f1-208b2374b924{ip: 192.168.30.10, host: pr-hdds-1569-s62bp-3040748787, networkLocation: /default-rack, certSerialId: null}, Type:RATIS, Factor:ONE, State:OPEN]
2019-09-25 05:50:15,955 [IPC Server handler 1 on 35532] INFO  node.SCMNodeManager (SCMNodeManager.java:register(266)) - Registered Data node : 11c09e37-7211-4e36-88ba-de9fcd604807{ip: 192.168.30.10, host: pr-hdds-1569-s62bp-3040748787, networkLocation: /default-rack, certSerialId: null}
2019-09-25 05:50:15,955 [RatisPipelineUtilsThread] INFO  pipeline.PipelinePlacementPolicy (PipelinePlacementPolicy.java:meetCriteria(91)) - Pipeline Placement: Doesn't meet the criteria to be viable node： 45ca45e9-b5b0-4fbb-a7fd-6b6ab106be2a Heaviness: 6 limit: 5
2019-09-25 05:50:15,958 [grpc-default-executor-0] INFO  impl.RaftServerProxy (RaftServerProxy.java:addNew(89)) - 899bfb76-eea4-4ff6-823c-7995b606cb73: addNew group-72CC30F29FD5:[899bfb76-eea4-4ff6-823c-7995b606cb73:192.168.30.10:35182] returns group-72CC30F29FD5:java.util.concurrent.CompletableFuture@7bfe2679[Not completed]
2019-09-25 05:50:15,959 [pool-507-thread-1] INFO  impl.RaftServerImpl (RaftServerImpl.java:<init>(95)) - 899bfb76-eea4-4ff6-823c-7995b606cb73: new RaftServerImpl for group-72CC30F29FD5:[899bfb76-eea4-4ff6-823c-7995b606cb73:192.168.30.10:35182] with ContainerStateMachine:uninitialized
2019-09-25 05:50:15,959 [pool-507-thread-1] INFO  server.RaftServerConfigKeys (ConfUtils.java:logGet(43)) - raft.server.rpc.timeout.min = 5s (custom)
2019-09-25 05:50:15,959 [pool-507-thread-1] INFO  server.RaftServerConfigKeys (ConfUtils.java:logGet(43)) - raft.server.rpc.timeout.max = 5200ms (custom)
2019-09-25 05:50:15,959 [pool-507-thread-1] INFO  server.RaftServerConfigKeys (ConfUtils.java:logGet(43)) - raft.server.rpcslowness.timeout = 120s (custom)
2019-09-25 05:50:15,959 [pool-507-thread-1] INFO  server.RaftServerConfigKeys (ConfUtils.java:logGet(43)) - raft.server.sleep.deviation.threshold = 300 (default)
2019-09-25 05:50:15,959 [pool-507-thread-1] INFO  server.RaftServerConfigKeys (ConfUtils.java:logGet(43)) - raft.server.log.appender.install.snapshot.enabled = false (custom)
2019-09-25 05:50:15,959 [pool-507-thread-1] INFO  impl.RaftServerImpl (ServerState.java:<init>(103)) - 899bfb76-eea4-4ff6-823c-7995b606cb73@group-72CC30F29FD5: ConfigurationManager, init=-1: [899bfb76-eea4-4ff6-823c-7995b606cb73:192.168.30.10:35182], old=null, confs=<EMPTY_MAP>
2019-09-25 05:50:15,959 [pool-507-thread-1] INFO  server.RaftServerConfigKeys (ConfUtils.java:logGet(43)) - raft.server.storage.dir = [/workdir/hadoop-ozone/integration-test/target/test-dir/MiniOzoneClusterImpl-2263fc46-0a90-446a-9f91-f67f9935a0e0/datanode-1/data/ratis] (custom)
2019-09-25 05:50:15,959 [pool-507-thread-1] INFO  storage.RaftStorageDirectory (RaftStorageDirectory.java:analyzeStorage(246)) - The storage directory /workdir/hadoop-ozone/integration-test/target/test-dir/MiniOzoneClusterImpl-2263fc46-0a90-446a-9f91-f67f9935a0e0/datanode-1/data/ratis/76e3d52c-d477-4da2-ab37-72cc30f29fd5 does not exist. Creating ...
2019-09-25 05:50:15,962 [pool-507-thread-1] INFO  storage.RaftStorageDirectory (RaftStorageDirectory.java:tryLock(328)) - Lock on /workdir/hadoop-ozone/integration-test/target/test-dir/MiniOzoneClusterImpl-2263fc46-0a90-446a-9f91-f67f9935a0e0/datanode-1/data/ratis/76e3d52c-d477-4da2-ab37-72cc30f29fd5/in_use.lock acquired by nodename 13539@pr-hdds-1569-s62bp-3040748787
2019-09-25 05:50:15,965 [pool-507-thread-1] INFO  storage.RaftStorage (RaftStorage.java:format(72)) - Storage directory /workdir/hadoop-ozone/integration-test/target/test-dir/MiniOzoneClusterImpl-2263fc46-0a90-446a-9f91-f67f9935a0e0/datanode-1/data/ratis/76e3d52c-d477-4da2-ab37-72cc30f29fd5 has been successfully formatted.
2019-09-25 05:50:15,965 [pool-507-thread-1] INFO  ratis.ContainerStateMachine (ContainerStateMachine.java:loadSnapshot(230)) - group-72CC30F29FD5: The snapshot info is null. Setting the last applied indexto:(t:0, i:~)
2019-09-25 05:50:15,965 [pool-507-thread-1] INFO  server.RaftServerConfigKeys (ConfUtils.java:logGet(43)) - raft.server.notification.no-leader.timeout = 120s (custom)
2019-09-25 05:50:15,965 [pool-507-thread-1] INFO  server.RaftServerConfigKeys (ConfUtils.java:logGet(43)) - raft.server.log.use.memory = false (default)
2019-09-25 05:50:15,965 [pool-507-thread-1] INFO  server.RaftServerConfigKeys (ConfUtils.java:logGet(43)) - raft.server.log.purge.gap = 1000000 (custom)
2019-09-25 05:50:15,965 [pool-507-thread-1] INFO  server.RaftServerConfigKeys (ConfUtils.java:logGet(43)) - raft.server.log.appender.buffer.byte-limit = 33554432 (custom)
2019-09-25 05:50:15,965 [pool-507-thread-1] INFO  server.RaftServerConfigKeys (ConfUtils.java:logGet(43)) - raft.server.log.segment.size.max = 1048576 (custom)
2019-09-25 05:50:15,965 [pool-507-thread-1] INFO  server.RaftServerConfigKeys (ConfUtils.java:logGet(43)) - raft.server.log.segment.cache.num.max = 2 (custom)
2019-09-25 05:50:15,965 [pool-507-thread-1] INFO  segmented.SegmentedRaftLogWorker (SegmentedRaftLogWorker.java:<init>(172)) - new 899bfb76-eea4-4ff6-823c-7995b606cb73@group-72CC30F29FD5-SegmentedRaftLogWorker for RaftStorage:Storage Directory /workdir/hadoop-ozone/integration-test/target/test-dir/MiniOzoneClusterImpl-2263fc46-0a90-446a-9f91-f67f9935a0e0/datanode-1/data/ratis/76e3d52c-d477-4da2-ab37-72cc30f29fd5
2019-09-25 05:50:15,965 [pool-507-thread-1] INFO  server.RaftServerConfigKeys (ConfUtils.java:logGet(43)) - raft.server.log.queue.byte-limit = 2147483647 (custom)
2019-09-25 05:50:15,965 [pool-507-thread-1] INFO  server.RaftServerConfigKeys (ConfUtils.java:logGet(43)) - raft.server.log.queue.element-limit = 1024 (custom)
2019-09-25 05:50:15,965 [pool-507-thread-1] INFO  server.RaftServerConfigKeys (ConfUtils.java:logGet(43)) - raft.server.log.segment.size.max = 1048576 (custom)
2019-09-25 05:50:15,965 [pool-507-thread-1] INFO  server.RaftServerConfigKeys (ConfUtils.java:logGet(43)) - raft.server.log.preallocated.size = 16384 (custom)
2019-09-25 05:50:15,966 [pool-507-thread-1] INFO  server.RaftServerConfigKeys (ConfUtils.java:logGet(43)) - raft.server.log.write.buffer.size = 33554432 (custom)
2019-09-25 05:50:15,966 [pool-507-thread-1] INFO  server.RaftServerConfigKeys (ConfUtils.java:logGet(43)) - raft.server.log.force.sync.num = 128 (default)
2019-09-25 05:50:15,966 [pool-507-thread-1] INFO  server.RaftServerConfigKeys (ConfUtils.java:logGet(43)) - raft.server.log.statemachine.data.sync = true (default)
2019-09-25 05:50:15,966 [pool-507-thread-1] INFO  server.RaftServerConfigKeys (ConfUtils.java:logGet(43)) - raft.server.log.statemachine.data.sync.timeout = 10s (default)
2019-09-25 05:50:15,966 [pool-507-thread-1] INFO  server.RaftServerConfigKeys (ConfUtils.java:logGet(43)) - raft.server.log.statemachine.data.sync.timeout.retry = -1 (default)
2019-09-25 05:50:15,966 [pool-507-thread-1] INFO  server.RaftServerConfigKeys (ConfUtils.java:logGet(43)) - raft.server.log.statemachine.data.caching.enabled = true (custom)
2019-09-25 05:50:15,966 [pool-507-thread-1] INFO  segmented.SegmentedRaftLogWorker (SegmentedRaftLogWorker.java:lambda$new$0(132)) - 899bfb76-eea4-4ff6-823c-7995b606cb73@group-72CC30F29FD5-SegmentedRaftLogWorker: flushIndex: setUnconditionally 0 -> -1
2019-09-25 05:50:15,966 [pool-507-thread-1] INFO  server.RaftServerConfigKeys (ConfUtils.java:logGet(43)) - raft.server.snapshot.auto.trigger.enabled = true (custom)
2019-09-25 05:50:15,966 [pool-507-thread-1] INFO  server.RaftServerConfigKeys (ConfUtils.java:logGet(43)) - raft.server.snapshot.auto.trigger.threshold = 10000 (custom)
2019-09-25 05:50:15,966 [pool-507-thread-1] INFO  server.RaftServerConfigKeys (ConfUtils.java:logGet(43)) - raft.server.snapshot.retention.num.files = 5 (custom)
2019-09-25 05:50:15,967 [pool-507-thread-1] INFO  server.RaftServerConfigKeys (ConfUtils.java:logGet(43)) - raft.server.retrycache.expirytime = 600000ms (custom)
2019-09-25 05:50:15,967 [pool-507-thread-1] INFO  impl.RaftServerImpl (RaftServerImpl.java:start(185)) - 899bfb76-eea4-4ff6-823c-7995b606cb73@group-72CC30F29FD5: start as a follower, conf=-1: [899bfb76-eea4-4ff6-823c-7995b606cb73:192.168.30.10:35182], old=null
2019-09-25 05:50:15,967 [pool-507-thread-1] INFO  impl.RaftServerImpl (RaftServerImpl.java:setRole(174)) - 899bfb76-eea4-4ff6-823c-7995b606cb73@group-72CC30F29FD5: changes role from      null to FOLLOWER at term 0 for startAsFollower
2019-09-25 05:50:15,968 [pool-507-thread-1] INFO  impl.RoleInfo (RoleInfo.java:updateAndGet(143)) - 899bfb76-eea4-4ff6-823c-7995b606cb73: start FollowerState
2019-09-25 05:50:15,968 [pool-507-thread-1] INFO  util.JmxRegister (JmxRegister.java:tryRegister(44)) - Successfully registered JMX Bean with object name Ratis:service=RaftServer,group=group-72CC30F29FD5,id=899bfb76-eea4-4ff6-823c-7995b606cb73
2019-09-25 05:50:15,969 [RatisPipelineUtilsThread] INFO  pipeline.PipelineStateManager (PipelineStateManager.java:addPipeline(56)) - Created pipeline Pipeline[ Id: 76e3d52c-d477-4da2-ab37-72cc30f29fd5, Nodes: 899bfb76-eea4-4ff6-823c-7995b606cb73{ip: 192.168.30.10, host: pr-hdds-1569-s62bp-3040748787, networkLocation: /default-rack, certSerialId: null}, Type:RATIS, Factor:ONE, State:OPEN]
2019-09-25 05:50:15,969 [RatisPipelineUtilsThread] INFO  pipeline.PipelinePlacementPolicy (PipelinePlacementPolicy.java:meetCriteria(91)) - Pipeline Placement: Doesn't meet the criteria to be viable node： 45ca45e9-b5b0-4fbb-a7fd-6b6ab106be2a Heaviness: 6 limit: 5
2019-09-25 05:50:15,972 [grpc-default-executor-0] INFO  impl.RaftServerProxy (RaftServerProxy.java:addNew(89)) - 30620aa2-f8b3-4a53-9c80-c9f165f833cf: addNew group-BEB3042C6EFE:[30620aa2-f8b3-4a53-9c80-c9f165f833cf:192.168.30.10:39633] returns group-BEB3042C6EFE:java.util.concurrent.CompletableFuture@5917001c[Not completed]
2019-09-25 05:50:15,973 [pool-527-thread-1] INFO  impl.RaftServerImpl (RaftServerImpl.java:<init>(95)) - 30620aa2-f8b3-4a53-9c80-c9f165f833cf: new RaftServerImpl for group-BEB3042C6EFE:[30620aa2-f8b3-4a53-9c80-c9f165f833cf:192.168.30.10:39633] with ContainerStateMachine:uninitialized
2019-09-25 05:50:15,973 [pool-527-thread-1] INFO  server.RaftServerConfigKeys (ConfUtils.java:logGet(43)) - raft.server.rpc.timeout.min = 5s (custom)
2019-09-25 05:50:15,973 [pool-527-thread-1] INFO  server.RaftServerConfigKeys (ConfUtils.java:logGet(43)) - raft.server.rpc.timeout.max = 5200ms (custom)
2019-09-25 05:50:15,973 [pool-527-thread-1] INFO  server.RaftServerConfigKeys (ConfUtils.java:logGet(43)) - raft.server.rpcslowness.timeout = 120s (custom)
2019-09-25 05:50:15,973 [pool-527-thread-1] INFO  server.RaftServerConfigKeys (ConfUtils.java:logGet(43)) - raft.server.sleep.deviation.threshold = 300 (default)
2019-09-25 05:50:15,973 [pool-527-thread-1] INFO  server.RaftServerConfigKeys (ConfUtils.java:logGet(43)) - raft.server.log.appender.install.snapshot.enabled = false (custom)
2019-09-25 05:50:15,973 [pool-527-thread-1] INFO  impl.RaftServerImpl (ServerState.java:<init>(103)) - 30620aa2-f8b3-4a53-9c80-c9f165f833cf@group-BEB3042C6EFE: ConfigurationManager, init=-1: [30620aa2-f8b3-4a53-9c80-c9f165f833cf:192.168.30.10:39633], old=null, confs=<EMPTY_MAP>
2019-09-25 05:50:15,973 [pool-527-thread-1] INFO  server.RaftServerConfigKeys (ConfUtils.java:logGet(43)) - raft.server.storage.dir = [/workdir/hadoop-ozone/integration-test/target/test-dir/MiniOzoneClusterImpl-2263fc46-0a90-446a-9f91-f67f9935a0e0/datanode-3/data/ratis] (custom)
2019-09-25 05:50:15,973 [pool-527-thread-1] INFO  storage.RaftStorageDirectory (RaftStorageDirectory.java:analyzeStorage(246)) - The storage directory /workdir/hadoop-ozone/integration-test/target/test-dir/MiniOzoneClusterImpl-2263fc46-0a90-446a-9f91-f67f9935a0e0/datanode-3/data/ratis/bf22ea4f-7dc1-477a-8db0-beb3042c6efe does not exist. Creating ...
2019-09-25 05:50:15,986 [pool-527-thread-1] INFO  storage.RaftStorageDirectory (RaftStorageDirectory.java:tryLock(328)) - Lock on /workdir/hadoop-ozone/integration-test/target/test-dir/MiniOzoneClusterImpl-2263fc46-0a90-446a-9f91-f67f9935a0e0/datanode-3/data/ratis/bf22ea4f-7dc1-477a-8db0-beb3042c6efe/in_use.lock acquired by nodename 13539@pr-hdds-1569-s62bp-3040748787
2019-09-25 05:50:15,988 [pool-527-thread-1] INFO  storage.RaftStorage (RaftStorage.java:format(72)) - Storage directory /workdir/hadoop-ozone/integration-test/target/test-dir/MiniOzoneClusterImpl-2263fc46-0a90-446a-9f91-f67f9935a0e0/datanode-3/data/ratis/bf22ea4f-7dc1-477a-8db0-beb3042c6efe has been successfully formatted.
2019-09-25 05:50:15,988 [pool-527-thread-1] INFO  ratis.ContainerStateMachine (ContainerStateMachine.java:loadSnapshot(230)) - group-BEB3042C6EFE: The snapshot info is null. Setting the last applied indexto:(t:0, i:~)
2019-09-25 05:50:15,988 [pool-527-thread-1] INFO  server.RaftServerConfigKeys (ConfUtils.java:logGet(43)) - raft.server.notification.no-leader.timeout = 120s (custom)
2019-09-25 05:50:15,988 [pool-527-thread-1] INFO  server.RaftServerConfigKeys (ConfUtils.java:logGet(43)) - raft.server.log.use.memory = false (default)
2019-09-25 05:50:15,989 [pool-527-thread-1] INFO  server.RaftServerConfigKeys (ConfUtils.java:logGet(43)) - raft.server.log.purge.gap = 1000000 (custom)
2019-09-25 05:50:15,989 [pool-527-thread-1] INFO  server.RaftServerConfigKeys (ConfUtils.java:logGet(43)) - raft.server.log.appender.buffer.byte-limit = 33554432 (custom)
2019-09-25 05:50:15,989 [pool-527-thread-1] INFO  server.RaftServerConfigKeys (ConfUtils.java:logGet(43)) - raft.server.log.segment.size.max = 1048576 (custom)
2019-09-25 05:50:15,989 [pool-527-thread-1] INFO  server.RaftServerConfigKeys (ConfUtils.java:logGet(43)) - raft.server.log.segment.cache.num.max = 2 (custom)
2019-09-25 05:50:15,989 [pool-527-thread-1] INFO  segmented.SegmentedRaftLogWorker (SegmentedRaftLogWorker.java:<init>(172)) - new 30620aa2-f8b3-4a53-9c80-c9f165f833cf@group-BEB3042C6EFE-SegmentedRaftLogWorker for RaftStorage:Storage Directory /workdir/hadoop-ozone/integration-test/target/test-dir/MiniOzoneClusterImpl-2263fc46-0a90-446a-9f91-f67f9935a0e0/datanode-3/data/ratis/bf22ea4f-7dc1-477a-8db0-beb3042c6efe
2019-09-25 05:50:15,990 [pool-527-thread-1] INFO  server.RaftServerConfigKeys (ConfUtils.java:logGet(43)) - raft.server.log.queue.byte-limit = 2147483647 (custom)
2019-09-25 05:50:15,990 [pool-527-thread-1] INFO  server.RaftServerConfigKeys (ConfUtils.java:logGet(43)) - raft.server.log.queue.element-limit = 1024 (custom)
2019-09-25 05:50:15,990 [pool-527-thread-1] INFO  server.RaftServerConfigKeys (ConfUtils.java:logGet(43)) - raft.server.log.segment.size.max = 1048576 (custom)
2019-09-25 05:50:15,990 [pool-527-thread-1] INFO  server.RaftServerConfigKeys (ConfUtils.java:logGet(43)) - raft.server.log.preallocated.size = 16384 (custom)
2019-09-25 05:50:15,990 [pool-527-thread-1] INFO  server.RaftServerConfigKeys (ConfUtils.java:logGet(43)) - raft.server.log.write.buffer.size = 33554432 (custom)
2019-09-25 05:50:15,990 [pool-527-thread-1] INFO  server.RaftServerConfigKeys (ConfUtils.java:logGet(43)) - raft.server.log.force.sync.num = 128 (default)
2019-09-25 05:50:15,990 [pool-527-thread-1] INFO  server.RaftServerConfigKeys (ConfUtils.java:logGet(43)) - raft.server.log.statemachine.data.sync = true (default)
2019-09-25 05:50:15,990 [pool-527-thread-1] INFO  server.RaftServerConfigKeys (ConfUtils.java:logGet(43)) - raft.server.log.statemachine.data.sync.timeout = 10s (default)
2019-09-25 05:50:15,990 [pool-527-thread-1] INFO  server.RaftServerConfigKeys (ConfUtils.java:logGet(43)) - raft.server.log.statemachine.data.sync.timeout.retry = -1 (default)
2019-09-25 05:50:15,990 [pool-527-thread-1] INFO  server.RaftServerConfigKeys (ConfUtils.java:logGet(43)) - raft.server.log.statemachine.data.caching.enabled = true (custom)
2019-09-25 05:50:15,991 [pool-527-thread-1] INFO  segmented.SegmentedRaftLogWorker (SegmentedRaftLogWorker.java:lambda$new$0(132)) - 30620aa2-f8b3-4a53-9c80-c9f165f833cf@group-BEB3042C6EFE-SegmentedRaftLogWorker: flushIndex: setUnconditionally 0 -> -1
2019-09-25 05:50:15,991 [pool-527-thread-1] INFO  server.RaftServerConfigKeys (ConfUtils.java:logGet(43)) - raft.server.snapshot.auto.trigger.enabled = true (custom)
2019-09-25 05:50:15,991 [pool-527-thread-1] INFO  server.RaftServerConfigKeys (ConfUtils.java:logGet(43)) - raft.server.snapshot.auto.trigger.threshold = 10000 (custom)
2019-09-25 05:50:15,991 [pool-527-thread-1] INFO  server.RaftServerConfigKeys (ConfUtils.java:logGet(43)) - raft.server.snapshot.retention.num.files = 5 (custom)
2019-09-25 05:50:15,991 [pool-527-thread-1] INFO  server.RaftServerConfigKeys (ConfUtils.java:logGet(43)) - raft.server.retrycache.expirytime = 600000ms (custom)
2019-09-25 05:50:15,992 [pool-527-thread-1] INFO  impl.RaftServerImpl (RaftServerImpl.java:start(185)) - 30620aa2-f8b3-4a53-9c80-c9f165f833cf@group-BEB3042C6EFE: start as a follower, conf=-1: [30620aa2-f8b3-4a53-9c80-c9f165f833cf:192.168.30.10:39633], old=null
2019-09-25 05:50:15,992 [pool-527-thread-1] INFO  impl.RaftServerImpl (RaftServerImpl.java:setRole(174)) - 30620aa2-f8b3-4a53-9c80-c9f165f833cf@group-BEB3042C6EFE: changes role from      null to FOLLOWER at term 0 for startAsFollower
2019-09-25 05:50:15,992 [pool-527-thread-1] INFO  impl.RoleInfo (RoleInfo.java:updateAndGet(143)) - 30620aa2-f8b3-4a53-9c80-c9f165f833cf: start FollowerState
2019-09-25 05:50:15,992 [pool-527-thread-1] INFO  util.JmxRegister (JmxRegister.java:tryRegister(44)) - Successfully registered JMX Bean with object name Ratis:service=RaftServer,group=group-BEB3042C6EFE,id=30620aa2-f8b3-4a53-9c80-c9f165f833cf
2019-09-25 05:50:15,994 [RatisPipelineUtilsThread] INFO  pipeline.PipelineStateManager (PipelineStateManager.java:addPipeline(56)) - Created pipeline Pipeline[ Id: bf22ea4f-7dc1-477a-8db0-beb3042c6efe, Nodes: 30620aa2-f8b3-4a53-9c80-c9f165f833cf{ip: 192.168.30.10, host: pr-hdds-1569-s62bp-3040748787, networkLocation: /default-rack, certSerialId: null}, Type:RATIS, Factor:ONE, State:OPEN]
2019-09-25 05:50:15,994 [RatisPipelineUtilsThread] INFO  pipeline.PipelinePlacementPolicy (PipelinePlacementPolicy.java:meetCriteria(91)) - Pipeline Placement: Doesn't meet the criteria to be viable node： 45ca45e9-b5b0-4fbb-a7fd-6b6ab106be2a Heaviness: 6 limit: 5
2019-09-25 05:50:15,997 [grpc-default-executor-0] INFO  impl.RaftServerProxy (RaftServerProxy.java:addNew(89)) - 899bfb76-eea4-4ff6-823c-7995b606cb73: addNew group-0AC985B28A72:[899bfb76-eea4-4ff6-823c-7995b606cb73:192.168.30.10:35182] returns group-0AC985B28A72:java.util.concurrent.CompletableFuture@3b73a306[Not completed]
2019-09-25 05:50:15,997 [pool-507-thread-1] INFO  impl.RaftServerImpl (RaftServerImpl.java:<init>(95)) - 899bfb76-eea4-4ff6-823c-7995b606cb73: new RaftServerImpl for group-0AC985B28A72:[899bfb76-eea4-4ff6-823c-7995b606cb73:192.168.30.10:35182] with ContainerStateMachine:uninitialized
2019-09-25 05:50:15,997 [pool-507-thread-1] INFO  server.RaftServerConfigKeys (ConfUtils.java:logGet(43)) - raft.server.rpc.timeout.min = 5s (custom)
2019-09-25 05:50:15,997 [pool-507-thread-1] INFO  server.RaftServerConfigKeys (ConfUtils.java:logGet(43)) - raft.server.rpc.timeout.max = 5200ms (custom)
2019-09-25 05:50:15,997 [pool-507-thread-1] INFO  server.RaftServerConfigKeys (ConfUtils.java:logGet(43)) - raft.server.rpcslowness.timeout = 120s (custom)
2019-09-25 05:50:15,998 [pool-507-thread-1] INFO  server.RaftServerConfigKeys (ConfUtils.java:logGet(43)) - raft.server.sleep.deviation.threshold = 300 (default)
2019-09-25 05:50:15,998 [pool-507-thread-1] INFO  server.RaftServerConfigKeys (ConfUtils.java:logGet(43)) - raft.server.log.appender.install.snapshot.enabled = false (custom)
2019-09-25 05:50:15,998 [pool-507-thread-1] INFO  impl.RaftServerImpl (ServerState.java:<init>(103)) - 899bfb76-eea4-4ff6-823c-7995b606cb73@group-0AC985B28A72: ConfigurationManager, init=-1: [899bfb76-eea4-4ff6-823c-7995b606cb73:192.168.30.10:35182], old=null, confs=<EMPTY_MAP>
2019-09-25 05:50:15,998 [pool-507-thread-1] INFO  server.RaftServerConfigKeys (ConfUtils.java:logGet(43)) - raft.server.storage.dir = [/workdir/hadoop-ozone/integration-test/target/test-dir/MiniOzoneClusterImpl-2263fc46-0a90-446a-9f91-f67f9935a0e0/datanode-1/data/ratis] (custom)
2019-09-25 05:50:15,998 [pool-507-thread-1] INFO  storage.RaftStorageDirectory (RaftStorageDirectory.java:analyzeStorage(246)) - The storage directory /workdir/hadoop-ozone/integration-test/target/test-dir/MiniOzoneClusterImpl-2263fc46-0a90-446a-9f91-f67f9935a0e0/datanode-1/data/ratis/490c52a8-e655-4186-a7b4-0ac985b28a72 does not exist. Creating ...
2019-09-25 05:50:16,013 [pool-507-thread-1] INFO  storage.RaftStorageDirectory (RaftStorageDirectory.java:tryLock(328)) - Lock on /workdir/hadoop-ozone/integration-test/target/test-dir/MiniOzoneClusterImpl-2263fc46-0a90-446a-9f91-f67f9935a0e0/datanode-1/data/ratis/490c52a8-e655-4186-a7b4-0ac985b28a72/in_use.lock acquired by nodename 13539@pr-hdds-1569-s62bp-3040748787
2019-09-25 05:50:16,026 [pool-507-thread-1] INFO  storage.RaftStorage (RaftStorage.java:format(72)) - Storage directory /workdir/hadoop-ozone/integration-test/target/test-dir/MiniOzoneClusterImpl-2263fc46-0a90-446a-9f91-f67f9935a0e0/datanode-1/data/ratis/490c52a8-e655-4186-a7b4-0ac985b28a72 has been successfully formatted.
2019-09-25 05:50:16,026 [pool-507-thread-1] INFO  ratis.ContainerStateMachine (ContainerStateMachine.java:loadSnapshot(230)) - group-0AC985B28A72: The snapshot info is null. Setting the last applied indexto:(t:0, i:~)
2019-09-25 05:50:16,026 [pool-507-thread-1] INFO  server.RaftServerConfigKeys (ConfUtils.java:logGet(43)) - raft.server.notification.no-leader.timeout = 120s (custom)
2019-09-25 05:50:16,026 [pool-507-thread-1] INFO  server.RaftServerConfigKeys (ConfUtils.java:logGet(43)) - raft.server.log.use.memory = false (default)
2019-09-25 05:50:16,026 [pool-507-thread-1] INFO  server.RaftServerConfigKeys (ConfUtils.java:logGet(43)) - raft.server.log.purge.gap = 1000000 (custom)
2019-09-25 05:50:16,026 [pool-507-thread-1] INFO  server.RaftServerConfigKeys (ConfUtils.java:logGet(43)) - raft.server.log.appender.buffer.byte-limit = 33554432 (custom)
2019-09-25 05:50:16,026 [pool-507-thread-1] INFO  server.RaftServerConfigKeys (ConfUtils.java:logGet(43)) - raft.server.log.segment.size.max = 1048576 (custom)
2019-09-25 05:50:16,027 [pool-507-thread-1] INFO  server.RaftServerConfigKeys (ConfUtils.java:logGet(43)) - raft.server.log.segment.cache.num.max = 2 (custom)
2019-09-25 05:50:16,027 [pool-507-thread-1] INFO  segmented.SegmentedRaftLogWorker (SegmentedRaftLogWorker.java:<init>(172)) - new 899bfb76-eea4-4ff6-823c-7995b606cb73@group-0AC985B28A72-SegmentedRaftLogWorker for RaftStorage:Storage Directory /workdir/hadoop-ozone/integration-test/target/test-dir/MiniOzoneClusterImpl-2263fc46-0a90-446a-9f91-f67f9935a0e0/datanode-1/data/ratis/490c52a8-e655-4186-a7b4-0ac985b28a72
2019-09-25 05:50:16,027 [pool-507-thread-1] INFO  server.RaftServerConfigKeys (ConfUtils.java:logGet(43)) - raft.server.log.queue.byte-limit = 2147483647 (custom)
2019-09-25 05:50:16,027 [pool-507-thread-1] INFO  server.RaftServerConfigKeys (ConfUtils.java:logGet(43)) - raft.server.log.queue.element-limit = 1024 (custom)
2019-09-25 05:50:16,027 [pool-507-thread-1] INFO  server.RaftServerConfigKeys (ConfUtils.java:logGet(43)) - raft.server.log.segment.size.max = 1048576 (custom)
2019-09-25 05:50:16,027 [pool-507-thread-1] INFO  server.RaftServerConfigKeys (ConfUtils.java:logGet(43)) - raft.server.log.preallocated.size = 16384 (custom)
2019-09-25 05:50:16,027 [pool-507-thread-1] INFO  server.RaftServerConfigKeys (ConfUtils.java:logGet(43)) - raft.server.log.write.buffer.size = 33554432 (custom)
2019-09-25 05:50:16,027 [pool-507-thread-1] INFO  server.RaftServerConfigKeys (ConfUtils.java:logGet(43)) - raft.server.log.force.sync.num = 128 (default)
2019-09-25 05:50:16,027 [pool-507-thread-1] INFO  server.RaftServerConfigKeys (ConfUtils.java:logGet(43)) - raft.server.log.statemachine.data.sync = true (default)
2019-09-25 05:50:16,027 [pool-507-thread-1] INFO  server.RaftServerConfigKeys (ConfUtils.java:logGet(43)) - raft.server.log.statemachine.data.sync.timeout = 10s (default)
2019-09-25 05:50:16,027 [pool-507-thread-1] INFO  server.RaftServerConfigKeys (ConfUtils.java:logGet(43)) - raft.server.log.statemachine.data.sync.timeout.retry = -1 (default)
2019-09-25 05:50:16,027 [pool-507-thread-1] INFO  server.RaftServerConfigKeys (ConfUtils.java:logGet(43)) - raft.server.log.statemachine.data.caching.enabled = true (custom)
2019-09-25 05:50:16,028 [pool-507-thread-1] INFO  segmented.SegmentedRaftLogWorker (SegmentedRaftLogWorker.java:lambda$new$0(132)) - 899bfb76-eea4-4ff6-823c-7995b606cb73@group-0AC985B28A72-SegmentedRaftLogWorker: flushIndex: setUnconditionally 0 -> -1
2019-09-25 05:50:16,028 [pool-507-thread-1] INFO  server.RaftServerConfigKeys (ConfUtils.java:logGet(43)) - raft.server.snapshot.auto.trigger.enabled = true (custom)
2019-09-25 05:50:16,028 [pool-507-thread-1] INFO  server.RaftServerConfigKeys (ConfUtils.java:logGet(43)) - raft.server.snapshot.auto.trigger.threshold = 10000 (custom)
2019-09-25 05:50:16,028 [pool-507-thread-1] INFO  server.RaftServerConfigKeys (ConfUtils.java:logGet(43)) - raft.server.snapshot.retention.num.files = 5 (custom)
2019-09-25 05:50:16,028 [pool-507-thread-1] INFO  server.RaftServerConfigKeys (ConfUtils.java:logGet(43)) - raft.server.retrycache.expirytime = 600000ms (custom)
2019-09-25 05:50:16,029 [pool-507-thread-1] INFO  impl.RaftServerImpl (RaftServerImpl.java:start(185)) - 899bfb76-eea4-4ff6-823c-7995b606cb73@group-0AC985B28A72: start as a follower, conf=-1: [899bfb76-eea4-4ff6-823c-7995b606cb73:192.168.30.10:35182], old=null
2019-09-25 05:50:16,029 [pool-507-thread-1] INFO  impl.RaftServerImpl (RaftServerImpl.java:setRole(174)) - 899bfb76-eea4-4ff6-823c-7995b606cb73@group-0AC985B28A72: changes role from      null to FOLLOWER at term 0 for startAsFollower
2019-09-25 05:50:16,029 [pool-507-thread-1] INFO  impl.RoleInfo (RoleInfo.java:updateAndGet(143)) - 899bfb76-eea4-4ff6-823c-7995b606cb73: start FollowerState
2019-09-25 05:50:16,029 [IPC Server handler 2 on 35532] INFO  net.NetworkTopology (NetworkTopologyImpl.java:add(111)) - Added a new node: /default-rack/74ee2b94-5a16-4fca-8dd4-c5490dc15294
2019-09-25 05:50:16,029 [pool-507-thread-1] INFO  util.JmxRegister (JmxRegister.java:tryRegister(44)) - Successfully registered JMX Bean with object name Ratis:service=RaftServer,group=group-0AC985B28A72,id=899bfb76-eea4-4ff6-823c-7995b606cb73
2019-09-25 05:50:16,029 [IPC Server handler 2 on 35532] INFO  node.SCMNodeManager (SCMNodeManager.java:register(266)) - Registered Data node : 74ee2b94-5a16-4fca-8dd4-c5490dc15294{ip: 192.168.30.10, host: pr-hdds-1569-s62bp-3040748787, networkLocation: /default-rack, certSerialId: null}
2019-09-25 05:50:16,031 [RatisPipelineUtilsThread] INFO  pipeline.PipelineStateManager (PipelineStateManager.java:addPipeline(56)) - Created pipeline Pipeline[ Id: 490c52a8-e655-4186-a7b4-0ac985b28a72, Nodes: 899bfb76-eea4-4ff6-823c-7995b606cb73{ip: 192.168.30.10, host: pr-hdds-1569-s62bp-3040748787, networkLocation: /default-rack, certSerialId: null}, Type:RATIS, Factor:ONE, State:OPEN]
2019-09-25 05:50:16,031 [RatisPipelineUtilsThread] INFO  pipeline.PipelinePlacementPolicy (PipelinePlacementPolicy.java:meetCriteria(91)) - Pipeline Placement: Doesn't meet the criteria to be viable node： 45ca45e9-b5b0-4fbb-a7fd-6b6ab106be2a Heaviness: 6 limit: 5
2019-09-25 05:50:16,034 [grpc-default-executor-0] INFO  impl.RaftServerProxy (RaftServerProxy.java:addNew(89)) - dc430975-089c-40cd-a0f1-208b2374b924: addNew group-39F2D504FA8F:[dc430975-089c-40cd-a0f1-208b2374b924:192.168.30.10:34467] returns group-39F2D504FA8F:java.util.concurrent.CompletableFuture@202564a[Not completed]
2019-09-25 05:50:16,034 [pool-517-thread-1] INFO  impl.RaftServerImpl (RaftServerImpl.java:<init>(95)) - dc430975-089c-40cd-a0f1-208b2374b924: new RaftServerImpl for group-39F2D504FA8F:[dc430975-089c-40cd-a0f1-208b2374b924:192.168.30.10:34467] with ContainerStateMachine:uninitialized
2019-09-25 05:50:16,034 [pool-517-thread-1] INFO  server.RaftServerConfigKeys (ConfUtils.java:logGet(43)) - raft.server.rpc.timeout.min = 5s (custom)
2019-09-25 05:50:16,035 [pool-517-thread-1] INFO  server.RaftServerConfigKeys (ConfUtils.java:logGet(43)) - raft.server.rpc.timeout.max = 5200ms (custom)
2019-09-25 05:50:16,035 [pool-517-thread-1] INFO  server.RaftServerConfigKeys (ConfUtils.java:logGet(43)) - raft.server.rpcslowness.timeout = 120s (custom)
2019-09-25 05:50:16,035 [pool-517-thread-1] INFO  server.RaftServerConfigKeys (ConfUtils.java:logGet(43)) - raft.server.sleep.deviation.threshold = 300 (default)
2019-09-25 05:50:16,035 [pool-517-thread-1] INFO  server.RaftServerConfigKeys (ConfUtils.java:logGet(43)) - raft.server.log.appender.install.snapshot.enabled = false (custom)
2019-09-25 05:50:16,035 [pool-517-thread-1] INFO  impl.RaftServerImpl (ServerState.java:<init>(103)) - dc430975-089c-40cd-a0f1-208b2374b924@group-39F2D504FA8F: ConfigurationManager, init=-1: [dc430975-089c-40cd-a0f1-208b2374b924:192.168.30.10:34467], old=null, confs=<EMPTY_MAP>
2019-09-25 05:50:16,035 [pool-517-thread-1] INFO  server.RaftServerConfigKeys (ConfUtils.java:logGet(43)) - raft.server.storage.dir = [/workdir/hadoop-ozone/integration-test/target/test-dir/MiniOzoneClusterImpl-2263fc46-0a90-446a-9f91-f67f9935a0e0/datanode-2/data/ratis] (custom)
2019-09-25 05:50:16,035 [pool-517-thread-1] INFO  storage.RaftStorageDirectory (RaftStorageDirectory.java:analyzeStorage(246)) - The storage directory /workdir/hadoop-ozone/integration-test/target/test-dir/MiniOzoneClusterImpl-2263fc46-0a90-446a-9f91-f67f9935a0e0/datanode-2/data/ratis/f5c0a52e-ac13-40e8-8231-39f2d504fa8f does not exist. Creating ...
2019-09-25 05:50:16,048 [pool-517-thread-1] INFO  storage.RaftStorageDirectory (RaftStorageDirectory.java:tryLock(328)) - Lock on /workdir/hadoop-ozone/integration-test/target/test-dir/MiniOzoneClusterImpl-2263fc46-0a90-446a-9f91-f67f9935a0e0/datanode-2/data/ratis/f5c0a52e-ac13-40e8-8231-39f2d504fa8f/in_use.lock acquired by nodename 13539@pr-hdds-1569-s62bp-3040748787
2019-09-25 05:50:16,050 [pool-517-thread-1] INFO  storage.RaftStorage (RaftStorage.java:format(72)) - Storage directory /workdir/hadoop-ozone/integration-test/target/test-dir/MiniOzoneClusterImpl-2263fc46-0a90-446a-9f91-f67f9935a0e0/datanode-2/data/ratis/f5c0a52e-ac13-40e8-8231-39f2d504fa8f has been successfully formatted.
2019-09-25 05:50:16,050 [pool-517-thread-1] INFO  ratis.ContainerStateMachine (ContainerStateMachine.java:loadSnapshot(230)) - group-39F2D504FA8F: The snapshot info is null. Setting the last applied indexto:(t:0, i:~)
2019-09-25 05:50:16,050 [pool-517-thread-1] INFO  server.RaftServerConfigKeys (ConfUtils.java:logGet(43)) - raft.server.notification.no-leader.timeout = 120s (custom)
2019-09-25 05:50:16,051 [pool-517-thread-1] INFO  server.RaftServerConfigKeys (ConfUtils.java:logGet(43)) - raft.server.log.use.memory = false (default)
2019-09-25 05:50:16,051 [pool-517-thread-1] INFO  server.RaftServerConfigKeys (ConfUtils.java:logGet(43)) - raft.server.log.purge.gap = 1000000 (custom)
2019-09-25 05:50:16,051 [pool-517-thread-1] INFO  server.RaftServerConfigKeys (ConfUtils.java:logGet(43)) - raft.server.log.appender.buffer.byte-limit = 33554432 (custom)
2019-09-25 05:50:16,051 [pool-517-thread-1] INFO  server.RaftServerConfigKeys (ConfUtils.java:logGet(43)) - raft.server.log.segment.size.max = 1048576 (custom)
2019-09-25 05:50:16,051 [pool-517-thread-1] INFO  server.RaftServerConfigKeys (ConfUtils.java:logGet(43)) - raft.server.log.segment.cache.num.max = 2 (custom)
2019-09-25 05:50:16,051 [pool-517-thread-1] INFO  segmented.SegmentedRaftLogWorker (SegmentedRaftLogWorker.java:<init>(172)) - new dc430975-089c-40cd-a0f1-208b2374b924@group-39F2D504FA8F-SegmentedRaftLogWorker for RaftStorage:Storage Directory /workdir/hadoop-ozone/integration-test/target/test-dir/MiniOzoneClusterImpl-2263fc46-0a90-446a-9f91-f67f9935a0e0/datanode-2/data/ratis/f5c0a52e-ac13-40e8-8231-39f2d504fa8f
2019-09-25 05:50:16,051 [pool-517-thread-1] INFO  server.RaftServerConfigKeys (ConfUtils.java:logGet(43)) - raft.server.log.queue.byte-limit = 2147483647 (custom)
2019-09-25 05:50:16,051 [pool-517-thread-1] INFO  server.RaftServerConfigKeys (ConfUtils.java:logGet(43)) - raft.server.log.queue.element-limit = 1024 (custom)
2019-09-25 05:50:16,051 [pool-517-thread-1] INFO  server.RaftServerConfigKeys (ConfUtils.java:logGet(43)) - raft.server.log.segment.size.max = 1048576 (custom)
2019-09-25 05:50:16,051 [pool-517-thread-1] INFO  server.RaftServerConfigKeys (ConfUtils.java:logGet(43)) - raft.server.log.preallocated.size = 16384 (custom)
2019-09-25 05:50:16,051 [pool-517-thread-1] INFO  server.RaftServerConfigKeys (ConfUtils.java:logGet(43)) - raft.server.log.write.buffer.size = 33554432 (custom)
2019-09-25 05:50:16,051 [pool-517-thread-1] INFO  server.RaftServerConfigKeys (ConfUtils.java:logGet(43)) - raft.server.log.force.sync.num = 128 (default)
2019-09-25 05:50:16,051 [pool-517-thread-1] INFO  server.RaftServerConfigKeys (ConfUtils.java:logGet(43)) - raft.server.log.statemachine.data.sync = true (default)
2019-09-25 05:50:16,052 [pool-517-thread-1] INFO  server.RaftServerConfigKeys (ConfUtils.java:logGet(43)) - raft.server.log.statemachine.data.sync.timeout = 10s (default)
2019-09-25 05:50:16,052 [pool-517-thread-1] INFO  server.RaftServerConfigKeys (ConfUtils.java:logGet(43)) - raft.server.log.statemachine.data.sync.timeout.retry = -1 (default)
2019-09-25 05:50:16,052 [pool-517-thread-1] INFO  server.RaftServerConfigKeys (ConfUtils.java:logGet(43)) - raft.server.log.statemachine.data.caching.enabled = true (custom)
2019-09-25 05:50:16,052 [pool-517-thread-1] INFO  segmented.SegmentedRaftLogWorker (SegmentedRaftLogWorker.java:lambda$new$0(132)) - dc430975-089c-40cd-a0f1-208b2374b924@group-39F2D504FA8F-SegmentedRaftLogWorker: flushIndex: setUnconditionally 0 -> -1
2019-09-25 05:50:16,052 [pool-517-thread-1] INFO  server.RaftServerConfigKeys (ConfUtils.java:logGet(43)) - raft.server.snapshot.auto.trigger.enabled = true (custom)
2019-09-25 05:50:16,052 [pool-517-thread-1] INFO  server.RaftServerConfigKeys (ConfUtils.java:logGet(43)) - raft.server.snapshot.auto.trigger.threshold = 10000 (custom)
2019-09-25 05:50:16,052 [pool-517-thread-1] INFO  server.RaftServerConfigKeys (ConfUtils.java:logGet(43)) - raft.server.snapshot.retention.num.files = 5 (custom)
2019-09-25 05:50:16,052 [pool-517-thread-1] INFO  server.RaftServerConfigKeys (ConfUtils.java:logGet(43)) - raft.server.retrycache.expirytime = 600000ms (custom)
2019-09-25 05:50:16,053 [pool-517-thread-1] INFO  impl.RaftServerImpl (RaftServerImpl.java:start(185)) - dc430975-089c-40cd-a0f1-208b2374b924@group-39F2D504FA8F: start as a follower, conf=-1: [dc430975-089c-40cd-a0f1-208b2374b924:192.168.30.10:34467], old=null
2019-09-25 05:50:16,053 [pool-517-thread-1] INFO  impl.RaftServerImpl (RaftServerImpl.java:setRole(174)) - dc430975-089c-40cd-a0f1-208b2374b924@group-39F2D504FA8F: changes role from      null to FOLLOWER at term 0 for startAsFollower
2019-09-25 05:50:16,053 [pool-517-thread-1] INFO  impl.RoleInfo (RoleInfo.java:updateAndGet(143)) - dc430975-089c-40cd-a0f1-208b2374b924: start FollowerState
2019-09-25 05:50:16,054 [pool-517-thread-1] INFO  util.JmxRegister (JmxRegister.java:tryRegister(44)) - Successfully registered JMX Bean with object name Ratis:service=RaftServer,group=group-39F2D504FA8F,id=dc430975-089c-40cd-a0f1-208b2374b924
2019-09-25 05:50:16,055 [RatisPipelineUtilsThread] INFO  pipeline.PipelineStateManager (PipelineStateManager.java:addPipeline(56)) - Created pipeline Pipeline[ Id: f5c0a52e-ac13-40e8-8231-39f2d504fa8f, Nodes: dc430975-089c-40cd-a0f1-208b2374b924{ip: 192.168.30.10, host: pr-hdds-1569-s62bp-3040748787, networkLocation: /default-rack, certSerialId: null}, Type:RATIS, Factor:ONE, State:OPEN]
2019-09-25 05:50:16,055 [RatisPipelineUtilsThread] INFO  pipeline.PipelinePlacementPolicy (PipelinePlacementPolicy.java:meetCriteria(91)) - Pipeline Placement: Doesn't meet the criteria to be viable node： 45ca45e9-b5b0-4fbb-a7fd-6b6ab106be2a Heaviness: 6 limit: 5
2019-09-25 05:50:16,058 [grpc-default-executor-0] INFO  impl.RaftServerProxy (RaftServerProxy.java:addNew(89)) - 899bfb76-eea4-4ff6-823c-7995b606cb73: addNew group-8E707E947E9C:[899bfb76-eea4-4ff6-823c-7995b606cb73:192.168.30.10:35182] returns group-8E707E947E9C:java.util.concurrent.CompletableFuture@7688d15e[Not completed]
2019-09-25 05:50:16,058 [pool-507-thread-1] INFO  impl.RaftServerImpl (RaftServerImpl.java:<init>(95)) - 899bfb76-eea4-4ff6-823c-7995b606cb73: new RaftServerImpl for group-8E707E947E9C:[899bfb76-eea4-4ff6-823c-7995b606cb73:192.168.30.10:35182] with ContainerStateMachine:uninitialized
2019-09-25 05:50:16,058 [pool-507-thread-1] INFO  server.RaftServerConfigKeys (ConfUtils.java:logGet(43)) - raft.server.rpc.timeout.min = 5s (custom)
2019-09-25 05:50:16,058 [pool-507-thread-1] INFO  server.RaftServerConfigKeys (ConfUtils.java:logGet(43)) - raft.server.rpc.timeout.max = 5200ms (custom)
2019-09-25 05:50:16,058 [pool-507-thread-1] INFO  server.RaftServerConfigKeys (ConfUtils.java:logGet(43)) - raft.server.rpcslowness.timeout = 120s (custom)
2019-09-25 05:50:16,058 [pool-507-thread-1] INFO  server.RaftServerConfigKeys (ConfUtils.java:logGet(43)) - raft.server.sleep.deviation.threshold = 300 (default)
2019-09-25 05:50:16,058 [pool-507-thread-1] INFO  server.RaftServerConfigKeys (ConfUtils.java:logGet(43)) - raft.server.log.appender.install.snapshot.enabled = false (custom)
2019-09-25 05:50:16,058 [pool-507-thread-1] INFO  impl.RaftServerImpl (ServerState.java:<init>(103)) - 899bfb76-eea4-4ff6-823c-7995b606cb73@group-8E707E947E9C: ConfigurationManager, init=-1: [899bfb76-eea4-4ff6-823c-7995b606cb73:192.168.30.10:35182], old=null, confs=<EMPTY_MAP>
2019-09-25 05:50:16,059 [pool-507-thread-1] INFO  server.RaftServerConfigKeys (ConfUtils.java:logGet(43)) - raft.server.storage.dir = [/workdir/hadoop-ozone/integration-test/target/test-dir/MiniOzoneClusterImpl-2263fc46-0a90-446a-9f91-f67f9935a0e0/datanode-1/data/ratis] (custom)
2019-09-25 05:50:16,059 [pool-507-thread-1] INFO  storage.RaftStorageDirectory (RaftStorageDirectory.java:analyzeStorage(246)) - The storage directory /workdir/hadoop-ozone/integration-test/target/test-dir/MiniOzoneClusterImpl-2263fc46-0a90-446a-9f91-f67f9935a0e0/datanode-1/data/ratis/49eaa0e8-bbf9-4c19-9e7d-8e707e947e9c does not exist. Creating ...
2019-09-25 05:50:16,071 [pool-507-thread-1] INFO  storage.RaftStorageDirectory (RaftStorageDirectory.java:tryLock(328)) - Lock on /workdir/hadoop-ozone/integration-test/target/test-dir/MiniOzoneClusterImpl-2263fc46-0a90-446a-9f91-f67f9935a0e0/datanode-1/data/ratis/49eaa0e8-bbf9-4c19-9e7d-8e707e947e9c/in_use.lock acquired by nodename 13539@pr-hdds-1569-s62bp-3040748787
2019-09-25 05:50:16,073 [pool-507-thread-1] INFO  storage.RaftStorage (RaftStorage.java:format(72)) - Storage directory /workdir/hadoop-ozone/integration-test/target/test-dir/MiniOzoneClusterImpl-2263fc46-0a90-446a-9f91-f67f9935a0e0/datanode-1/data/ratis/49eaa0e8-bbf9-4c19-9e7d-8e707e947e9c has been successfully formatted.
2019-09-25 05:50:16,074 [pool-507-thread-1] INFO  ratis.ContainerStateMachine (ContainerStateMachine.java:loadSnapshot(230)) - group-8E707E947E9C: The snapshot info is null. Setting the last applied indexto:(t:0, i:~)
2019-09-25 05:50:16,074 [pool-507-thread-1] INFO  server.RaftServerConfigKeys (ConfUtils.java:logGet(43)) - raft.server.notification.no-leader.timeout = 120s (custom)
2019-09-25 05:50:16,074 [pool-507-thread-1] INFO  server.RaftServerConfigKeys (ConfUtils.java:logGet(43)) - raft.server.log.use.memory = false (default)
2019-09-25 05:50:16,074 [pool-507-thread-1] INFO  server.RaftServerConfigKeys (ConfUtils.java:logGet(43)) - raft.server.log.purge.gap = 1000000 (custom)
2019-09-25 05:50:16,074 [pool-507-thread-1] INFO  server.RaftServerConfigKeys (ConfUtils.java:logGet(43)) - raft.server.log.appender.buffer.byte-limit = 33554432 (custom)
2019-09-25 05:50:16,074 [pool-507-thread-1] INFO  server.RaftServerConfigKeys (ConfUtils.java:logGet(43)) - raft.server.log.segment.size.max = 1048576 (custom)
2019-09-25 05:50:16,074 [pool-507-thread-1] INFO  server.RaftServerConfigKeys (ConfUtils.java:logGet(43)) - raft.server.log.segment.cache.num.max = 2 (custom)
2019-09-25 05:50:16,074 [pool-507-thread-1] INFO  segmented.SegmentedRaftLogWorker (SegmentedRaftLogWorker.java:<init>(172)) - new 899bfb76-eea4-4ff6-823c-7995b606cb73@group-8E707E947E9C-SegmentedRaftLogWorker for RaftStorage:Storage Directory /workdir/hadoop-ozone/integration-test/target/test-dir/MiniOzoneClusterImpl-2263fc46-0a90-446a-9f91-f67f9935a0e0/datanode-1/data/ratis/49eaa0e8-bbf9-4c19-9e7d-8e707e947e9c
2019-09-25 05:50:16,074 [pool-507-thread-1] INFO  server.RaftServerConfigKeys (ConfUtils.java:logGet(43)) - raft.server.log.queue.byte-limit = 2147483647 (custom)
2019-09-25 05:50:16,074 [pool-507-thread-1] INFO  server.RaftServerConfigKeys (ConfUtils.java:logGet(43)) - raft.server.log.queue.element-limit = 1024 (custom)
2019-09-25 05:50:16,074 [pool-507-thread-1] INFO  server.RaftServerConfigKeys (ConfUtils.java:logGet(43)) - raft.server.log.segment.size.max = 1048576 (custom)
2019-09-25 05:50:16,074 [pool-507-thread-1] INFO  server.RaftServerConfigKeys (ConfUtils.java:logGet(43)) - raft.server.log.preallocated.size = 16384 (custom)
2019-09-25 05:50:16,075 [pool-507-thread-1] INFO  server.RaftServerConfigKeys (ConfUtils.java:logGet(43)) - raft.server.log.write.buffer.size = 33554432 (custom)
2019-09-25 05:50:16,075 [pool-507-thread-1] INFO  server.RaftServerConfigKeys (ConfUtils.java:logGet(43)) - raft.server.log.force.sync.num = 128 (default)
2019-09-25 05:50:16,075 [pool-507-thread-1] INFO  server.RaftServerConfigKeys (ConfUtils.java:logGet(43)) - raft.server.log.statemachine.data.sync = true (default)
2019-09-25 05:50:16,075 [pool-507-thread-1] INFO  server.RaftServerConfigKeys (ConfUtils.java:logGet(43)) - raft.server.log.statemachine.data.sync.timeout = 10s (default)
2019-09-25 05:50:16,075 [pool-507-thread-1] INFO  server.RaftServerConfigKeys (ConfUtils.java:logGet(43)) - raft.server.log.statemachine.data.sync.timeout.retry = -1 (default)
2019-09-25 05:50:16,075 [pool-507-thread-1] INFO  server.RaftServerConfigKeys (ConfUtils.java:logGet(43)) - raft.server.log.statemachine.data.caching.enabled = true (custom)
2019-09-25 05:50:16,075 [pool-507-thread-1] INFO  segmented.SegmentedRaftLogWorker (SegmentedRaftLogWorker.java:lambda$new$0(132)) - 899bfb76-eea4-4ff6-823c-7995b606cb73@group-8E707E947E9C-SegmentedRaftLogWorker: flushIndex: setUnconditionally 0 -> -1
2019-09-25 05:50:16,075 [pool-507-thread-1] INFO  server.RaftServerConfigKeys (ConfUtils.java:logGet(43)) - raft.server.snapshot.auto.trigger.enabled = true (custom)
2019-09-25 05:50:16,075 [pool-507-thread-1] INFO  server.RaftServerConfigKeys (ConfUtils.java:logGet(43)) - raft.server.snapshot.auto.trigger.threshold = 10000 (custom)
2019-09-25 05:50:16,075 [pool-507-thread-1] INFO  server.RaftServerConfigKeys (ConfUtils.java:logGet(43)) - raft.server.snapshot.retention.num.files = 5 (custom)
2019-09-25 05:50:16,075 [pool-507-thread-1] INFO  server.RaftServerConfigKeys (ConfUtils.java:logGet(43)) - raft.server.retrycache.expirytime = 600000ms (custom)
2019-09-25 05:50:16,076 [pool-507-thread-1] INFO  impl.RaftServerImpl (RaftServerImpl.java:start(185)) - 899bfb76-eea4-4ff6-823c-7995b606cb73@group-8E707E947E9C: start as a follower, conf=-1: [899bfb76-eea4-4ff6-823c-7995b606cb73:192.168.30.10:35182], old=null
2019-09-25 05:50:16,076 [pool-507-thread-1] INFO  impl.RaftServerImpl (RaftServerImpl.java:setRole(174)) - 899bfb76-eea4-4ff6-823c-7995b606cb73@group-8E707E947E9C: changes role from      null to FOLLOWER at term 0 for startAsFollower
2019-09-25 05:50:16,076 [pool-507-thread-1] INFO  impl.RoleInfo (RoleInfo.java:updateAndGet(143)) - 899bfb76-eea4-4ff6-823c-7995b606cb73: start FollowerState
2019-09-25 05:50:16,077 [pool-507-thread-1] INFO  util.JmxRegister (JmxRegister.java:tryRegister(44)) - Successfully registered JMX Bean with object name Ratis:service=RaftServer,group=group-8E707E947E9C,id=899bfb76-eea4-4ff6-823c-7995b606cb73
2019-09-25 05:50:16,078 [RatisPipelineUtilsThread] INFO  pipeline.PipelineStateManager (PipelineStateManager.java:addPipeline(56)) - Created pipeline Pipeline[ Id: 49eaa0e8-bbf9-4c19-9e7d-8e707e947e9c, Nodes: 899bfb76-eea4-4ff6-823c-7995b606cb73{ip: 192.168.30.10, host: pr-hdds-1569-s62bp-3040748787, networkLocation: /default-rack, certSerialId: null}, Type:RATIS, Factor:ONE, State:OPEN]
2019-09-25 05:50:16,078 [RatisPipelineUtilsThread] INFO  pipeline.PipelinePlacementPolicy (PipelinePlacementPolicy.java:meetCriteria(91)) - Pipeline Placement: Doesn't meet the criteria to be viable node： 45ca45e9-b5b0-4fbb-a7fd-6b6ab106be2a Heaviness: 6 limit: 5
2019-09-25 05:50:16,081 [grpc-default-executor-0] INFO  impl.RaftServerProxy (RaftServerProxy.java:addNew(89)) - 899bfb76-eea4-4ff6-823c-7995b606cb73: addNew group-C3F531FD4549:[899bfb76-eea4-4ff6-823c-7995b606cb73:192.168.30.10:35182] returns group-C3F531FD4549:java.util.concurrent.CompletableFuture@207488ec[Not completed]
2019-09-25 05:50:16,081 [pool-507-thread-1] INFO  impl.RaftServerImpl (RaftServerImpl.java:<init>(95)) - 899bfb76-eea4-4ff6-823c-7995b606cb73: new RaftServerImpl for group-C3F531FD4549:[899bfb76-eea4-4ff6-823c-7995b606cb73:192.168.30.10:35182] with ContainerStateMachine:uninitialized
2019-09-25 05:50:16,081 [pool-507-thread-1] INFO  server.RaftServerConfigKeys (ConfUtils.java:logGet(43)) - raft.server.rpc.timeout.min = 5s (custom)
2019-09-25 05:50:16,081 [pool-507-thread-1] INFO  server.RaftServerConfigKeys (ConfUtils.java:logGet(43)) - raft.server.rpc.timeout.max = 5200ms (custom)
2019-09-25 05:50:16,081 [pool-507-thread-1] INFO  server.RaftServerConfigKeys (ConfUtils.java:logGet(43)) - raft.server.rpcslowness.timeout = 120s (custom)
2019-09-25 05:50:16,081 [pool-507-thread-1] INFO  server.RaftServerConfigKeys (ConfUtils.java:logGet(43)) - raft.server.sleep.deviation.threshold = 300 (default)
2019-09-25 05:50:16,081 [pool-507-thread-1] INFO  server.RaftServerConfigKeys (ConfUtils.java:logGet(43)) - raft.server.log.appender.install.snapshot.enabled = false (custom)
2019-09-25 05:50:16,082 [pool-507-thread-1] INFO  impl.RaftServerImpl (ServerState.java:<init>(103)) - 899bfb76-eea4-4ff6-823c-7995b606cb73@group-C3F531FD4549: ConfigurationManager, init=-1: [899bfb76-eea4-4ff6-823c-7995b606cb73:192.168.30.10:35182], old=null, confs=<EMPTY_MAP>
2019-09-25 05:50:16,082 [pool-507-thread-1] INFO  server.RaftServerConfigKeys (ConfUtils.java:logGet(43)) - raft.server.storage.dir = [/workdir/hadoop-ozone/integration-test/target/test-dir/MiniOzoneClusterImpl-2263fc46-0a90-446a-9f91-f67f9935a0e0/datanode-1/data/ratis] (custom)
2019-09-25 05:50:16,082 [pool-507-thread-1] INFO  storage.RaftStorageDirectory (RaftStorageDirectory.java:analyzeStorage(246)) - The storage directory /workdir/hadoop-ozone/integration-test/target/test-dir/MiniOzoneClusterImpl-2263fc46-0a90-446a-9f91-f67f9935a0e0/datanode-1/data/ratis/fda12076-183f-4b8c-9200-c3f531fd4549 does not exist. Creating ...
2019-09-25 05:50:16,095 [main] INFO  ozone.MiniOzoneClusterImpl (MiniOzoneClusterImpl.java:lambda$waitForClusterToBeReady$0(147)) - Waiting for cluster to be ready. Got 6 of 7 DN Heartbeats.
2019-09-25 05:50:16,095 [pool-507-thread-1] INFO  storage.RaftStorageDirectory (RaftStorageDirectory.java:tryLock(328)) - Lock on /workdir/hadoop-ozone/integration-test/target/test-dir/MiniOzoneClusterImpl-2263fc46-0a90-446a-9f91-f67f9935a0e0/datanode-1/data/ratis/fda12076-183f-4b8c-9200-c3f531fd4549/in_use.lock acquired by nodename 13539@pr-hdds-1569-s62bp-3040748787
2019-09-25 05:50:16,096 [IPC Server handler 3 on 35532] INFO  net.NetworkTopology (NetworkTopologyImpl.java:add(111)) - Added a new node: /default-rack/dcab1bcb-c761-4b10-a04c-d2dcea4fab88
2019-09-25 05:50:16,096 [IPC Server handler 3 on 35532] INFO  node.SCMNodeManager (SCMNodeManager.java:register(266)) - Registered Data node : dcab1bcb-c761-4b10-a04c-d2dcea4fab88{ip: 192.168.30.10, host: pr-hdds-1569-s62bp-3040748787, networkLocation: /default-rack, certSerialId: null}
2019-09-25 05:50:16,108 [pool-507-thread-1] INFO  storage.RaftStorage (RaftStorage.java:format(72)) - Storage directory /workdir/hadoop-ozone/integration-test/target/test-dir/MiniOzoneClusterImpl-2263fc46-0a90-446a-9f91-f67f9935a0e0/datanode-1/data/ratis/fda12076-183f-4b8c-9200-c3f531fd4549 has been successfully formatted.
2019-09-25 05:50:16,108 [pool-507-thread-1] INFO  ratis.ContainerStateMachine (ContainerStateMachine.java:loadSnapshot(230)) - group-C3F531FD4549: The snapshot info is null. Setting the last applied indexto:(t:0, i:~)
2019-09-25 05:50:16,109 [pool-507-thread-1] INFO  server.RaftServerConfigKeys (ConfUtils.java:logGet(43)) - raft.server.notification.no-leader.timeout = 120s (custom)
2019-09-25 05:50:16,109 [pool-507-thread-1] INFO  server.RaftServerConfigKeys (ConfUtils.java:logGet(43)) - raft.server.log.use.memory = false (default)
2019-09-25 05:50:16,109 [pool-507-thread-1] INFO  server.RaftServerConfigKeys (ConfUtils.java:logGet(43)) - raft.server.log.purge.gap = 1000000 (custom)
2019-09-25 05:50:16,109 [pool-507-thread-1] INFO  server.RaftServerConfigKeys (ConfUtils.java:logGet(43)) - raft.server.log.appender.buffer.byte-limit = 33554432 (custom)
2019-09-25 05:50:16,109 [pool-507-thread-1] INFO  server.RaftServerConfigKeys (ConfUtils.java:logGet(43)) - raft.server.log.segment.size.max = 1048576 (custom)
2019-09-25 05:50:16,109 [pool-507-thread-1] INFO  server.RaftServerConfigKeys (ConfUtils.java:logGet(43)) - raft.server.log.segment.cache.num.max = 2 (custom)
2019-09-25 05:50:16,109 [pool-507-thread-1] INFO  segmented.SegmentedRaftLogWorker (SegmentedRaftLogWorker.java:<init>(172)) - new 899bfb76-eea4-4ff6-823c-7995b606cb73@group-C3F531FD4549-SegmentedRaftLogWorker for RaftStorage:Storage Directory /workdir/hadoop-ozone/integration-test/target/test-dir/MiniOzoneClusterImpl-2263fc46-0a90-446a-9f91-f67f9935a0e0/datanode-1/data/ratis/fda12076-183f-4b8c-9200-c3f531fd4549
2019-09-25 05:50:16,109 [pool-507-thread-1] INFO  server.RaftServerConfigKeys (ConfUtils.java:logGet(43)) - raft.server.log.queue.byte-limit = 2147483647 (custom)
2019-09-25 05:50:16,109 [pool-507-thread-1] INFO  server.RaftServerConfigKeys (ConfUtils.java:logGet(43)) - raft.server.log.queue.element-limit = 1024 (custom)
2019-09-25 05:50:16,109 [pool-507-thread-1] INFO  server.RaftServerConfigKeys (ConfUtils.java:logGet(43)) - raft.server.log.segment.size.max = 1048576 (custom)
2019-09-25 05:50:16,109 [pool-507-thread-1] INFO  server.RaftServerConfigKeys (ConfUtils.java:logGet(43)) - raft.server.log.preallocated.size = 16384 (custom)
2019-09-25 05:50:16,109 [pool-507-thread-1] INFO  server.RaftServerConfigKeys (ConfUtils.java:logGet(43)) - raft.server.log.write.buffer.size = 33554432 (custom)
2019-09-25 05:50:16,110 [pool-507-thread-1] INFO  server.RaftServerConfigKeys (ConfUtils.java:logGet(43)) - raft.server.log.force.sync.num = 128 (default)
2019-09-25 05:50:16,110 [pool-507-thread-1] INFO  server.RaftServerConfigKeys (ConfUtils.java:logGet(43)) - raft.server.log.statemachine.data.sync = true (default)
2019-09-25 05:50:16,110 [pool-507-thread-1] INFO  server.RaftServerConfigKeys (ConfUtils.java:logGet(43)) - raft.server.log.statemachine.data.sync.timeout = 10s (default)
2019-09-25 05:50:16,110 [pool-507-thread-1] INFO  server.RaftServerConfigKeys (ConfUtils.java:logGet(43)) - raft.server.log.statemachine.data.sync.timeout.retry = -1 (default)
2019-09-25 05:50:16,110 [pool-507-thread-1] INFO  server.RaftServerConfigKeys (ConfUtils.java:logGet(43)) - raft.server.log.statemachine.data.caching.enabled = true (custom)
2019-09-25 05:50:16,110 [pool-507-thread-1] INFO  segmented.SegmentedRaftLogWorker (SegmentedRaftLogWorker.java:lambda$new$0(132)) - 899bfb76-eea4-4ff6-823c-7995b606cb73@group-C3F531FD4549-SegmentedRaftLogWorker: flushIndex: setUnconditionally 0 -> -1
2019-09-25 05:50:16,110 [pool-507-thread-1] INFO  server.RaftServerConfigKeys (ConfUtils.java:logGet(43)) - raft.server.snapshot.auto.trigger.enabled = true (custom)
2019-09-25 05:50:16,111 [pool-507-thread-1] INFO  server.RaftServerConfigKeys (ConfUtils.java:logGet(43)) - raft.server.snapshot.auto.trigger.threshold = 10000 (custom)
2019-09-25 05:50:16,111 [pool-507-thread-1] INFO  server.RaftServerConfigKeys (ConfUtils.java:logGet(43)) - raft.server.snapshot.retention.num.files = 5 (custom)
2019-09-25 05:50:16,111 [pool-507-thread-1] INFO  server.RaftServerConfigKeys (ConfUtils.java:logGet(43)) - raft.server.retrycache.expirytime = 600000ms (custom)
2019-09-25 05:50:16,112 [pool-507-thread-1] INFO  impl.RaftServerImpl (RaftServerImpl.java:start(185)) - 899bfb76-eea4-4ff6-823c-7995b606cb73@group-C3F531FD4549: start as a follower, conf=-1: [899bfb76-eea4-4ff6-823c-7995b606cb73:192.168.30.10:35182], old=null
2019-09-25 05:50:16,112 [pool-507-thread-1] INFO  impl.RaftServerImpl (RaftServerImpl.java:setRole(174)) - 899bfb76-eea4-4ff6-823c-7995b606cb73@group-C3F531FD4549: changes role from      null to FOLLOWER at term 0 for startAsFollower
2019-09-25 05:50:16,112 [pool-507-thread-1] INFO  impl.RoleInfo (RoleInfo.java:updateAndGet(143)) - 899bfb76-eea4-4ff6-823c-7995b606cb73: start FollowerState
2019-09-25 05:50:16,112 [pool-507-thread-1] INFO  util.JmxRegister (JmxRegister.java:tryRegister(44)) - Successfully registered JMX Bean with object name Ratis:service=RaftServer,group=group-C3F531FD4549,id=899bfb76-eea4-4ff6-823c-7995b606cb73
2019-09-25 05:50:16,114 [RatisPipelineUtilsThread] INFO  pipeline.PipelineStateManager (PipelineStateManager.java:addPipeline(56)) - Created pipeline Pipeline[ Id: fda12076-183f-4b8c-9200-c3f531fd4549, Nodes: 899bfb76-eea4-4ff6-823c-7995b606cb73{ip: 192.168.30.10, host: pr-hdds-1569-s62bp-3040748787, networkLocation: /default-rack, certSerialId: null}, Type:RATIS, Factor:ONE, State:OPEN]
2019-09-25 05:50:16,114 [RatisPipelineUtilsThread] INFO  pipeline.PipelinePlacementPolicy (PipelinePlacementPolicy.java:meetCriteria(91)) - Pipeline Placement: Doesn't meet the criteria to be viable node： 45ca45e9-b5b0-4fbb-a7fd-6b6ab106be2a Heaviness: 6 limit: 5
2019-09-25 05:50:16,115 [RatisPipelineUtilsThread] INFO  pipeline.PipelinePlacementPolicy (PipelinePlacementPolicy.java:meetCriteria(91)) - Pipeline Placement: Doesn't meet the criteria to be viable node： 899bfb76-eea4-4ff6-823c-7995b606cb73 Heaviness: 6 limit: 5
2019-09-25 05:50:16,119 [grpc-default-executor-0] INFO  impl.RaftServerProxy (RaftServerProxy.java:addNew(89)) - 30620aa2-f8b3-4a53-9c80-c9f165f833cf: addNew group-107C703F676D:[30620aa2-f8b3-4a53-9c80-c9f165f833cf:192.168.30.10:39633] returns group-107C703F676D:java.util.concurrent.CompletableFuture@69e4c44f[Not completed]
2019-09-25 05:50:16,119 [pool-527-thread-1] INFO  impl.RaftServerImpl (RaftServerImpl.java:<init>(95)) - 30620aa2-f8b3-4a53-9c80-c9f165f833cf: new RaftServerImpl for group-107C703F676D:[30620aa2-f8b3-4a53-9c80-c9f165f833cf:192.168.30.10:39633] with ContainerStateMachine:uninitialized
2019-09-25 05:50:16,119 [pool-527-thread-1] INFO  server.RaftServerConfigKeys (ConfUtils.java:logGet(43)) - raft.server.rpc.timeout.min = 5s (custom)
2019-09-25 05:50:16,119 [pool-527-thread-1] INFO  server.RaftServerConfigKeys (ConfUtils.java:logGet(43)) - raft.server.rpc.timeout.max = 5200ms (custom)
2019-09-25 05:50:16,119 [pool-527-thread-1] INFO  server.RaftServerConfigKeys (ConfUtils.java:logGet(43)) - raft.server.rpcslowness.timeout = 120s (custom)
2019-09-25 05:50:16,119 [pool-527-thread-1] INFO  server.RaftServerConfigKeys (ConfUtils.java:logGet(43)) - raft.server.sleep.deviation.threshold = 300 (default)
2019-09-25 05:50:16,119 [pool-527-thread-1] INFO  server.RaftServerConfigKeys (ConfUtils.java:logGet(43)) - raft.server.log.appender.install.snapshot.enabled = false (custom)
2019-09-25 05:50:16,119 [pool-527-thread-1] INFO  impl.RaftServerImpl (ServerState.java:<init>(103)) - 30620aa2-f8b3-4a53-9c80-c9f165f833cf@group-107C703F676D: ConfigurationManager, init=-1: [30620aa2-f8b3-4a53-9c80-c9f165f833cf:192.168.30.10:39633], old=null, confs=<EMPTY_MAP>
2019-09-25 05:50:16,119 [pool-527-thread-1] INFO  server.RaftServerConfigKeys (ConfUtils.java:logGet(43)) - raft.server.storage.dir = [/workdir/hadoop-ozone/integration-test/target/test-dir/MiniOzoneClusterImpl-2263fc46-0a90-446a-9f91-f67f9935a0e0/datanode-3/data/ratis] (custom)
2019-09-25 05:50:16,120 [pool-527-thread-1] INFO  storage.RaftStorageDirectory (RaftStorageDirectory.java:analyzeStorage(246)) - The storage directory /workdir/hadoop-ozone/integration-test/target/test-dir/MiniOzoneClusterImpl-2263fc46-0a90-446a-9f91-f67f9935a0e0/datanode-3/data/ratis/f0d6df5e-d48e-4441-95f8-107c703f676d does not exist. Creating ...
2019-09-25 05:50:16,132 [pool-527-thread-1] INFO  storage.RaftStorageDirectory (RaftStorageDirectory.java:tryLock(328)) - Lock on /workdir/hadoop-ozone/integration-test/target/test-dir/MiniOzoneClusterImpl-2263fc46-0a90-446a-9f91-f67f9935a0e0/datanode-3/data/ratis/f0d6df5e-d48e-4441-95f8-107c703f676d/in_use.lock acquired by nodename 13539@pr-hdds-1569-s62bp-3040748787
2019-09-25 05:50:16,145 [pool-527-thread-1] INFO  storage.RaftStorage (RaftStorage.java:format(72)) - Storage directory /workdir/hadoop-ozone/integration-test/target/test-dir/MiniOzoneClusterImpl-2263fc46-0a90-446a-9f91-f67f9935a0e0/datanode-3/data/ratis/f0d6df5e-d48e-4441-95f8-107c703f676d has been successfully formatted.
2019-09-25 05:50:16,145 [pool-527-thread-1] INFO  ratis.ContainerStateMachine (ContainerStateMachine.java:loadSnapshot(230)) - group-107C703F676D: The snapshot info is null. Setting the last applied indexto:(t:0, i:~)
2019-09-25 05:50:16,145 [pool-527-thread-1] INFO  server.RaftServerConfigKeys (ConfUtils.java:logGet(43)) - raft.server.notification.no-leader.timeout = 120s (custom)
2019-09-25 05:50:16,145 [pool-527-thread-1] INFO  server.RaftServerConfigKeys (ConfUtils.java:logGet(43)) - raft.server.log.use.memory = false (default)
2019-09-25 05:50:16,145 [pool-527-thread-1] INFO  server.RaftServerConfigKeys (ConfUtils.java:logGet(43)) - raft.server.log.purge.gap = 1000000 (custom)
2019-09-25 05:50:16,145 [pool-527-thread-1] INFO  server.RaftServerConfigKeys (ConfUtils.java:logGet(43)) - raft.server.log.appender.buffer.byte-limit = 33554432 (custom)
2019-09-25 05:50:16,145 [pool-527-thread-1] INFO  server.RaftServerConfigKeys (ConfUtils.java:logGet(43)) - raft.server.log.segment.size.max = 1048576 (custom)
2019-09-25 05:50:16,145 [pool-527-thread-1] INFO  server.RaftServerConfigKeys (ConfUtils.java:logGet(43)) - raft.server.log.segment.cache.num.max = 2 (custom)
2019-09-25 05:50:16,145 [pool-527-thread-1] INFO  segmented.SegmentedRaftLogWorker (SegmentedRaftLogWorker.java:<init>(172)) - new 30620aa2-f8b3-4a53-9c80-c9f165f833cf@group-107C703F676D-SegmentedRaftLogWorker for RaftStorage:Storage Directory /workdir/hadoop-ozone/integration-test/target/test-dir/MiniOzoneClusterImpl-2263fc46-0a90-446a-9f91-f67f9935a0e0/datanode-3/data/ratis/f0d6df5e-d48e-4441-95f8-107c703f676d
2019-09-25 05:50:16,146 [pool-527-thread-1] INFO  server.RaftServerConfigKeys (ConfUtils.java:logGet(43)) - raft.server.log.queue.byte-limit = 2147483647 (custom)
2019-09-25 05:50:16,146 [pool-527-thread-1] INFO  server.RaftServerConfigKeys (ConfUtils.java:logGet(43)) - raft.server.log.queue.element-limit = 1024 (custom)
2019-09-25 05:50:16,146 [pool-527-thread-1] INFO  server.RaftServerConfigKeys (ConfUtils.java:logGet(43)) - raft.server.log.segment.size.max = 1048576 (custom)
2019-09-25 05:50:16,146 [pool-527-thread-1] INFO  server.RaftServerConfigKeys (ConfUtils.java:logGet(43)) - raft.server.log.preallocated.size = 16384 (custom)
2019-09-25 05:50:16,146 [pool-527-thread-1] INFO  server.RaftServerConfigKeys (ConfUtils.java:logGet(43)) - raft.server.log.write.buffer.size = 33554432 (custom)
2019-09-25 05:50:16,146 [pool-527-thread-1] INFO  server.RaftServerConfigKeys (ConfUtils.java:logGet(43)) - raft.server.log.force.sync.num = 128 (default)
2019-09-25 05:50:16,146 [pool-527-thread-1] INFO  server.RaftServerConfigKeys (ConfUtils.java:logGet(43)) - raft.server.log.statemachine.data.sync = true (default)
2019-09-25 05:50:16,146 [pool-527-thread-1] INFO  server.RaftServerConfigKeys (ConfUtils.java:logGet(43)) - raft.server.log.statemachine.data.sync.timeout = 10s (default)
2019-09-25 05:50:16,146 [pool-527-thread-1] INFO  server.RaftServerConfigKeys (ConfUtils.java:logGet(43)) - raft.server.log.statemachine.data.sync.timeout.retry = -1 (default)
2019-09-25 05:50:16,146 [pool-527-thread-1] INFO  server.RaftServerConfigKeys (ConfUtils.java:logGet(43)) - raft.server.log.statemachine.data.caching.enabled = true (custom)
2019-09-25 05:50:16,147 [pool-527-thread-1] INFO  segmented.SegmentedRaftLogWorker (SegmentedRaftLogWorker.java:lambda$new$0(132)) - 30620aa2-f8b3-4a53-9c80-c9f165f833cf@group-107C703F676D-SegmentedRaftLogWorker: flushIndex: setUnconditionally 0 -> -1
2019-09-25 05:50:16,147 [pool-527-thread-1] INFO  server.RaftServerConfigKeys (ConfUtils.java:logGet(43)) - raft.server.snapshot.auto.trigger.enabled = true (custom)
2019-09-25 05:50:16,147 [pool-527-thread-1] INFO  server.RaftServerConfigKeys (ConfUtils.java:logGet(43)) - raft.server.snapshot.auto.trigger.threshold = 10000 (custom)
2019-09-25 05:50:16,147 [pool-527-thread-1] INFO  server.RaftServerConfigKeys (ConfUtils.java:logGet(43)) - raft.server.snapshot.retention.num.files = 5 (custom)
2019-09-25 05:50:16,147 [pool-527-thread-1] INFO  server.RaftServerConfigKeys (ConfUtils.java:logGet(43)) - raft.server.retrycache.expirytime = 600000ms (custom)
2019-09-25 05:50:16,148 [pool-527-thread-1] INFO  impl.RaftServerImpl (RaftServerImpl.java:start(185)) - 30620aa2-f8b3-4a53-9c80-c9f165f833cf@group-107C703F676D: start as a follower, conf=-1: [30620aa2-f8b3-4a53-9c80-c9f165f833cf:192.168.30.10:39633], old=null
2019-09-25 05:50:16,148 [pool-527-thread-1] INFO  impl.RaftServerImpl (RaftServerImpl.java:setRole(174)) - 30620aa2-f8b3-4a53-9c80-c9f165f833cf@group-107C703F676D: changes role from      null to FOLLOWER at term 0 for startAsFollower
2019-09-25 05:50:16,148 [pool-527-thread-1] INFO  impl.RoleInfo (RoleInfo.java:updateAndGet(143)) - 30620aa2-f8b3-4a53-9c80-c9f165f833cf: start FollowerState
2019-09-25 05:50:16,148 [pool-527-thread-1] INFO  util.JmxRegister (JmxRegister.java:tryRegister(44)) - Successfully registered JMX Bean with object name Ratis:service=RaftServer,group=group-107C703F676D,id=30620aa2-f8b3-4a53-9c80-c9f165f833cf
2019-09-25 05:50:16,150 [RatisPipelineUtilsThread] INFO  pipeline.PipelineStateManager (PipelineStateManager.java:addPipeline(56)) - Created pipeline Pipeline[ Id: f0d6df5e-d48e-4441-95f8-107c703f676d, Nodes: 30620aa2-f8b3-4a53-9c80-c9f165f833cf{ip: 192.168.30.10, host: pr-hdds-1569-s62bp-3040748787, networkLocation: /default-rack, certSerialId: null}, Type:RATIS, Factor:ONE, State:OPEN]
2019-09-25 05:50:16,150 [RatisPipelineUtilsThread] INFO  pipeline.PipelinePlacementPolicy (PipelinePlacementPolicy.java:meetCriteria(91)) - Pipeline Placement: Doesn't meet the criteria to be viable node： 45ca45e9-b5b0-4fbb-a7fd-6b6ab106be2a Heaviness: 6 limit: 5
2019-09-25 05:50:16,150 [RatisPipelineUtilsThread] INFO  pipeline.PipelinePlacementPolicy (PipelinePlacementPolicy.java:meetCriteria(91)) - Pipeline Placement: Doesn't meet the criteria to be viable node： 899bfb76-eea4-4ff6-823c-7995b606cb73 Heaviness: 6 limit: 5
2019-09-25 05:50:16,153 [grpc-default-executor-0] INFO  impl.RaftServerProxy (RaftServerProxy.java:addNew(89)) - 30620aa2-f8b3-4a53-9c80-c9f165f833cf: addNew group-51B2B28BABAE:[30620aa2-f8b3-4a53-9c80-c9f165f833cf:192.168.30.10:39633] returns group-51B2B28BABAE:java.util.concurrent.CompletableFuture@7c537439[Not completed]
2019-09-25 05:50:16,154 [pool-527-thread-1] INFO  impl.RaftServerImpl (RaftServerImpl.java:<init>(95)) - 30620aa2-f8b3-4a53-9c80-c9f165f833cf: new RaftServerImpl for group-51B2B28BABAE:[30620aa2-f8b3-4a53-9c80-c9f165f833cf:192.168.30.10:39633] with ContainerStateMachine:uninitialized
2019-09-25 05:50:16,154 [pool-527-thread-1] INFO  server.RaftServerConfigKeys (ConfUtils.java:logGet(43)) - raft.server.rpc.timeout.min = 5s (custom)
2019-09-25 05:50:16,154 [pool-527-thread-1] INFO  server.RaftServerConfigKeys (ConfUtils.java:logGet(43)) - raft.server.rpc.timeout.max = 5200ms (custom)
2019-09-25 05:50:16,154 [pool-527-thread-1] INFO  server.RaftServerConfigKeys (ConfUtils.java:logGet(43)) - raft.server.rpcslowness.timeout = 120s (custom)
2019-09-25 05:50:16,154 [pool-527-thread-1] INFO  server.RaftServerConfigKeys (ConfUtils.java:logGet(43)) - raft.server.sleep.deviation.threshold = 300 (default)
2019-09-25 05:50:16,154 [pool-527-thread-1] INFO  server.RaftServerConfigKeys (ConfUtils.java:logGet(43)) - raft.server.log.appender.install.snapshot.enabled = false (custom)
2019-09-25 05:50:16,154 [pool-527-thread-1] INFO  impl.RaftServerImpl (ServerState.java:<init>(103)) - 30620aa2-f8b3-4a53-9c80-c9f165f833cf@group-51B2B28BABAE: ConfigurationManager, init=-1: [30620aa2-f8b3-4a53-9c80-c9f165f833cf:192.168.30.10:39633], old=null, confs=<EMPTY_MAP>
2019-09-25 05:50:16,154 [pool-527-thread-1] INFO  server.RaftServerConfigKeys (ConfUtils.java:logGet(43)) - raft.server.storage.dir = [/workdir/hadoop-ozone/integration-test/target/test-dir/MiniOzoneClusterImpl-2263fc46-0a90-446a-9f91-f67f9935a0e0/datanode-3/data/ratis] (custom)
2019-09-25 05:50:16,155 [pool-527-thread-1] INFO  storage.RaftStorageDirectory (RaftStorageDirectory.java:analyzeStorage(246)) - The storage directory /workdir/hadoop-ozone/integration-test/target/test-dir/MiniOzoneClusterImpl-2263fc46-0a90-446a-9f91-f67f9935a0e0/datanode-3/data/ratis/79c9e767-fce3-4030-b1b5-51b2b28babae does not exist. Creating ...
2019-09-25 05:50:16,167 [pool-527-thread-1] INFO  storage.RaftStorageDirectory (RaftStorageDirectory.java:tryLock(328)) - Lock on /workdir/hadoop-ozone/integration-test/target/test-dir/MiniOzoneClusterImpl-2263fc46-0a90-446a-9f91-f67f9935a0e0/datanode-3/data/ratis/79c9e767-fce3-4030-b1b5-51b2b28babae/in_use.lock acquired by nodename 13539@pr-hdds-1569-s62bp-3040748787
2019-09-25 05:50:16,169 [pool-527-thread-1] INFO  storage.RaftStorage (RaftStorage.java:format(72)) - Storage directory /workdir/hadoop-ozone/integration-test/target/test-dir/MiniOzoneClusterImpl-2263fc46-0a90-446a-9f91-f67f9935a0e0/datanode-3/data/ratis/79c9e767-fce3-4030-b1b5-51b2b28babae has been successfully formatted.
2019-09-25 05:50:16,170 [pool-527-thread-1] INFO  ratis.ContainerStateMachine (ContainerStateMachine.java:loadSnapshot(230)) - group-51B2B28BABAE: The snapshot info is null. Setting the last applied indexto:(t:0, i:~)
2019-09-25 05:50:16,170 [pool-527-thread-1] INFO  server.RaftServerConfigKeys (ConfUtils.java:logGet(43)) - raft.server.notification.no-leader.timeout = 120s (custom)
2019-09-25 05:50:16,170 [pool-527-thread-1] INFO  server.RaftServerConfigKeys (ConfUtils.java:logGet(43)) - raft.server.log.use.memory = false (default)
2019-09-25 05:50:16,170 [pool-527-thread-1] INFO  server.RaftServerConfigKeys (ConfUtils.java:logGet(43)) - raft.server.log.purge.gap = 1000000 (custom)
2019-09-25 05:50:16,170 [pool-527-thread-1] INFO  server.RaftServerConfigKeys (ConfUtils.java:logGet(43)) - raft.server.log.appender.buffer.byte-limit = 33554432 (custom)
2019-09-25 05:50:16,170 [pool-527-thread-1] INFO  server.RaftServerConfigKeys (ConfUtils.java:logGet(43)) - raft.server.log.segment.size.max = 1048576 (custom)
2019-09-25 05:50:16,170 [pool-527-thread-1] INFO  server.RaftServerConfigKeys (ConfUtils.java:logGet(43)) - raft.server.log.segment.cache.num.max = 2 (custom)
2019-09-25 05:50:16,170 [pool-527-thread-1] INFO  segmented.SegmentedRaftLogWorker (SegmentedRaftLogWorker.java:<init>(172)) - new 30620aa2-f8b3-4a53-9c80-c9f165f833cf@group-51B2B28BABAE-SegmentedRaftLogWorker for RaftStorage:Storage Directory /workdir/hadoop-ozone/integration-test/target/test-dir/MiniOzoneClusterImpl-2263fc46-0a90-446a-9f91-f67f9935a0e0/datanode-3/data/ratis/79c9e767-fce3-4030-b1b5-51b2b28babae
2019-09-25 05:50:16,170 [pool-527-thread-1] INFO  server.RaftServerConfigKeys (ConfUtils.java:logGet(43)) - raft.server.log.queue.byte-limit = 2147483647 (custom)
2019-09-25 05:50:16,170 [pool-527-thread-1] INFO  server.RaftServerConfigKeys (ConfUtils.java:logGet(43)) - raft.server.log.queue.element-limit = 1024 (custom)
2019-09-25 05:50:16,170 [pool-527-thread-1] INFO  server.RaftServerConfigKeys (ConfUtils.java:logGet(43)) - raft.server.log.segment.size.max = 1048576 (custom)
2019-09-25 05:50:16,171 [pool-527-thread-1] INFO  server.RaftServerConfigKeys (ConfUtils.java:logGet(43)) - raft.server.log.preallocated.size = 16384 (custom)
2019-09-25 05:50:16,171 [pool-527-thread-1] INFO  server.RaftServerConfigKeys (ConfUtils.java:logGet(43)) - raft.server.log.write.buffer.size = 33554432 (custom)
2019-09-25 05:50:16,171 [pool-527-thread-1] INFO  server.RaftServerConfigKeys (ConfUtils.java:logGet(43)) - raft.server.log.force.sync.num = 128 (default)
2019-09-25 05:50:16,171 [pool-527-thread-1] INFO  server.RaftServerConfigKeys (ConfUtils.java:logGet(43)) - raft.server.log.statemachine.data.sync = true (default)
2019-09-25 05:50:16,171 [pool-527-thread-1] INFO  server.RaftServerConfigKeys (ConfUtils.java:logGet(43)) - raft.server.log.statemachine.data.sync.timeout = 10s (default)
2019-09-25 05:50:16,171 [pool-527-thread-1] INFO  server.RaftServerConfigKeys (ConfUtils.java:logGet(43)) - raft.server.log.statemachine.data.sync.timeout.retry = -1 (default)
2019-09-25 05:50:16,171 [pool-527-thread-1] INFO  server.RaftServerConfigKeys (ConfUtils.java:logGet(43)) - raft.server.log.statemachine.data.caching.enabled = true (custom)
2019-09-25 05:50:16,171 [pool-527-thread-1] INFO  segmented.SegmentedRaftLogWorker (SegmentedRaftLogWorker.java:lambda$new$0(132)) - 30620aa2-f8b3-4a53-9c80-c9f165f833cf@group-51B2B28BABAE-SegmentedRaftLogWorker: flushIndex: setUnconditionally 0 -> -1
2019-09-25 05:50:16,172 [pool-527-thread-1] INFO  server.RaftServerConfigKeys (ConfUtils.java:logGet(43)) - raft.server.snapshot.auto.trigger.enabled = true (custom)
2019-09-25 05:50:16,172 [pool-527-thread-1] INFO  server.RaftServerConfigKeys (ConfUtils.java:logGet(43)) - raft.server.snapshot.auto.trigger.threshold = 10000 (custom)
2019-09-25 05:50:16,172 [pool-527-thread-1] INFO  server.RaftServerConfigKeys (ConfUtils.java:logGet(43)) - raft.server.snapshot.retention.num.files = 5 (custom)
2019-09-25 05:50:16,172 [pool-527-thread-1] INFO  server.RaftServerConfigKeys (ConfUtils.java:logGet(43)) - raft.server.retrycache.expirytime = 600000ms (custom)
2019-09-25 05:50:16,173 [pool-527-thread-1] INFO  impl.RaftServerImpl (RaftServerImpl.java:start(185)) - 30620aa2-f8b3-4a53-9c80-c9f165f833cf@group-51B2B28BABAE: start as a follower, conf=-1: [30620aa2-f8b3-4a53-9c80-c9f165f833cf:192.168.30.10:39633], old=null
2019-09-25 05:50:16,173 [pool-527-thread-1] INFO  impl.RaftServerImpl (RaftServerImpl.java:setRole(174)) - 30620aa2-f8b3-4a53-9c80-c9f165f833cf@group-51B2B28BABAE: changes role from      null to FOLLOWER at term 0 for startAsFollower
2019-09-25 05:50:16,173 [pool-527-thread-1] INFO  impl.RoleInfo (RoleInfo.java:updateAndGet(143)) - 30620aa2-f8b3-4a53-9c80-c9f165f833cf: start FollowerState
2019-09-25 05:50:16,173 [pool-527-thread-1] INFO  util.JmxRegister (JmxRegister.java:tryRegister(44)) - Successfully registered JMX Bean with object name Ratis:service=RaftServer,group=group-51B2B28BABAE,id=30620aa2-f8b3-4a53-9c80-c9f165f833cf
2019-09-25 05:50:16,174 [RatisPipelineUtilsThread] INFO  pipeline.PipelineStateManager (PipelineStateManager.java:addPipeline(56)) - Created pipeline Pipeline[ Id: 79c9e767-fce3-4030-b1b5-51b2b28babae, Nodes: 30620aa2-f8b3-4a53-9c80-c9f165f833cf{ip: 192.168.30.10, host: pr-hdds-1569-s62bp-3040748787, networkLocation: /default-rack, certSerialId: null}, Type:RATIS, Factor:ONE, State:OPEN]
2019-09-25 05:50:16,175 [RatisPipelineUtilsThread] INFO  pipeline.PipelinePlacementPolicy (PipelinePlacementPolicy.java:meetCriteria(91)) - Pipeline Placement: Doesn't meet the criteria to be viable node： 45ca45e9-b5b0-4fbb-a7fd-6b6ab106be2a Heaviness: 6 limit: 5
2019-09-25 05:50:16,175 [RatisPipelineUtilsThread] INFO  pipeline.PipelinePlacementPolicy (PipelinePlacementPolicy.java:meetCriteria(91)) - Pipeline Placement: Doesn't meet the criteria to be viable node： 899bfb76-eea4-4ff6-823c-7995b606cb73 Heaviness: 6 limit: 5
2019-09-25 05:50:16,178 [grpc-default-executor-0] INFO  impl.RaftServerProxy (RaftServerProxy.java:addNew(89)) - dc430975-089c-40cd-a0f1-208b2374b924: addNew group-E99BBE6B0C19:[dc430975-089c-40cd-a0f1-208b2374b924:192.168.30.10:34467] returns group-E99BBE6B0C19:java.util.concurrent.CompletableFuture@5d029927[Not completed]
2019-09-25 05:50:16,178 [pool-517-thread-1] INFO  impl.RaftServerImpl (RaftServerImpl.java:<init>(95)) - dc430975-089c-40cd-a0f1-208b2374b924: new RaftServerImpl for group-E99BBE6B0C19:[dc430975-089c-40cd-a0f1-208b2374b924:192.168.30.10:34467] with ContainerStateMachine:uninitialized
2019-09-25 05:50:16,178 [pool-517-thread-1] INFO  server.RaftServerConfigKeys (ConfUtils.java:logGet(43)) - raft.server.rpc.timeout.min = 5s (custom)
2019-09-25 05:50:16,179 [pool-517-thread-1] INFO  server.RaftServerConfigKeys (ConfUtils.java:logGet(43)) - raft.server.rpc.timeout.max = 5200ms (custom)
2019-09-25 05:50:16,179 [pool-517-thread-1] INFO  server.RaftServerConfigKeys (ConfUtils.java:logGet(43)) - raft.server.rpcslowness.timeout = 120s (custom)
2019-09-25 05:50:16,179 [pool-517-thread-1] INFO  server.RaftServerConfigKeys (ConfUtils.java:logGet(43)) - raft.server.sleep.deviation.threshold = 300 (default)
2019-09-25 05:50:16,179 [pool-517-thread-1] INFO  server.RaftServerConfigKeys (ConfUtils.java:logGet(43)) - raft.server.log.appender.install.snapshot.enabled = false (custom)
2019-09-25 05:50:16,179 [pool-517-thread-1] INFO  impl.RaftServerImpl (ServerState.java:<init>(103)) - dc430975-089c-40cd-a0f1-208b2374b924@group-E99BBE6B0C19: ConfigurationManager, init=-1: [dc430975-089c-40cd-a0f1-208b2374b924:192.168.30.10:34467], old=null, confs=<EMPTY_MAP>
2019-09-25 05:50:16,179 [pool-517-thread-1] INFO  server.RaftServerConfigKeys (ConfUtils.java:logGet(43)) - raft.server.storage.dir = [/workdir/hadoop-ozone/integration-test/target/test-dir/MiniOzoneClusterImpl-2263fc46-0a90-446a-9f91-f67f9935a0e0/datanode-2/data/ratis] (custom)
2019-09-25 05:50:16,179 [pool-517-thread-1] INFO  storage.RaftStorageDirectory (RaftStorageDirectory.java:analyzeStorage(246)) - The storage directory /workdir/hadoop-ozone/integration-test/target/test-dir/MiniOzoneClusterImpl-2263fc46-0a90-446a-9f91-f67f9935a0e0/datanode-2/data/ratis/0b54cff6-abfe-4563-9cae-e99bbe6b0c19 does not exist. Creating ...
2019-09-25 05:50:16,192 [pool-517-thread-1] INFO  storage.RaftStorageDirectory (RaftStorageDirectory.java:tryLock(328)) - Lock on /workdir/hadoop-ozone/integration-test/target/test-dir/MiniOzoneClusterImpl-2263fc46-0a90-446a-9f91-f67f9935a0e0/datanode-2/data/ratis/0b54cff6-abfe-4563-9cae-e99bbe6b0c19/in_use.lock acquired by nodename 13539@pr-hdds-1569-s62bp-3040748787
2019-09-25 05:50:16,205 [pool-517-thread-1] INFO  storage.RaftStorage (RaftStorage.java:format(72)) - Storage directory /workdir/hadoop-ozone/integration-test/target/test-dir/MiniOzoneClusterImpl-2263fc46-0a90-446a-9f91-f67f9935a0e0/datanode-2/data/ratis/0b54cff6-abfe-4563-9cae-e99bbe6b0c19 has been successfully formatted.
2019-09-25 05:50:16,205 [pool-517-thread-1] INFO  ratis.ContainerStateMachine (ContainerStateMachine.java:loadSnapshot(230)) - group-E99BBE6B0C19: The snapshot info is null. Setting the last applied indexto:(t:0, i:~)
2019-09-25 05:50:16,205 [pool-517-thread-1] INFO  server.RaftServerConfigKeys (ConfUtils.java:logGet(43)) - raft.server.notification.no-leader.timeout = 120s (custom)
2019-09-25 05:50:16,205 [pool-517-thread-1] INFO  server.RaftServerConfigKeys (ConfUtils.java:logGet(43)) - raft.server.log.use.memory = false (default)
2019-09-25 05:50:16,205 [pool-517-thread-1] INFO  server.RaftServerConfigKeys (ConfUtils.java:logGet(43)) - raft.server.log.purge.gap = 1000000 (custom)
2019-09-25 05:50:16,205 [pool-517-thread-1] INFO  server.RaftServerConfigKeys (ConfUtils.java:logGet(43)) - raft.server.log.appender.buffer.byte-limit = 33554432 (custom)
2019-09-25 05:50:16,205 [pool-517-thread-1] INFO  server.RaftServerConfigKeys (ConfUtils.java:logGet(43)) - raft.server.log.segment.size.max = 1048576 (custom)
2019-09-25 05:50:16,205 [pool-517-thread-1] INFO  server.RaftServerConfigKeys (ConfUtils.java:logGet(43)) - raft.server.log.segment.cache.num.max = 2 (custom)
2019-09-25 05:50:16,205 [pool-517-thread-1] INFO  segmented.SegmentedRaftLogWorker (SegmentedRaftLogWorker.java:<init>(172)) - new dc430975-089c-40cd-a0f1-208b2374b924@group-E99BBE6B0C19-SegmentedRaftLogWorker for RaftStorage:Storage Directory /workdir/hadoop-ozone/integration-test/target/test-dir/MiniOzoneClusterImpl-2263fc46-0a90-446a-9f91-f67f9935a0e0/datanode-2/data/ratis/0b54cff6-abfe-4563-9cae-e99bbe6b0c19
2019-09-25 05:50:16,205 [pool-517-thread-1] INFO  server.RaftServerConfigKeys (ConfUtils.java:logGet(43)) - raft.server.log.queue.byte-limit = 2147483647 (custom)
2019-09-25 05:50:16,205 [pool-517-thread-1] INFO  server.RaftServerConfigKeys (ConfUtils.java:logGet(43)) - raft.server.log.queue.element-limit = 1024 (custom)
2019-09-25 05:50:16,206 [pool-517-thread-1] INFO  server.RaftServerConfigKeys (ConfUtils.java:logGet(43)) - raft.server.log.segment.size.max = 1048576 (custom)
2019-09-25 05:50:16,206 [pool-517-thread-1] INFO  server.RaftServerConfigKeys (ConfUtils.java:logGet(43)) - raft.server.log.preallocated.size = 16384 (custom)
2019-09-25 05:50:16,206 [pool-517-thread-1] INFO  server.RaftServerConfigKeys (ConfUtils.java:logGet(43)) - raft.server.log.write.buffer.size = 33554432 (custom)
2019-09-25 05:50:16,206 [pool-517-thread-1] INFO  server.RaftServerConfigKeys (ConfUtils.java:logGet(43)) - raft.server.log.force.sync.num = 128 (default)
2019-09-25 05:50:16,206 [pool-517-thread-1] INFO  server.RaftServerConfigKeys (ConfUtils.java:logGet(43)) - raft.server.log.statemachine.data.sync = true (default)
2019-09-25 05:50:16,206 [pool-517-thread-1] INFO  server.RaftServerConfigKeys (ConfUtils.java:logGet(43)) - raft.server.log.statemachine.data.sync.timeout = 10s (default)
2019-09-25 05:50:16,206 [pool-517-thread-1] INFO  server.RaftServerConfigKeys (ConfUtils.java:logGet(43)) - raft.server.log.statemachine.data.sync.timeout.retry = -1 (default)
2019-09-25 05:50:16,206 [pool-517-thread-1] INFO  server.RaftServerConfigKeys (ConfUtils.java:logGet(43)) - raft.server.log.statemachine.data.caching.enabled = true (custom)
2019-09-25 05:50:16,206 [pool-517-thread-1] INFO  segmented.SegmentedRaftLogWorker (SegmentedRaftLogWorker.java:lambda$new$0(132)) - dc430975-089c-40cd-a0f1-208b2374b924@group-E99BBE6B0C19-SegmentedRaftLogWorker: flushIndex: setUnconditionally 0 -> -1
2019-09-25 05:50:16,207 [pool-517-thread-1] INFO  server.RaftServerConfigKeys (ConfUtils.java:logGet(43)) - raft.server.snapshot.auto.trigger.enabled = true (custom)
2019-09-25 05:50:16,207 [pool-517-thread-1] INFO  server.RaftServerConfigKeys (ConfUtils.java:logGet(43)) - raft.server.snapshot.auto.trigger.threshold = 10000 (custom)
2019-09-25 05:50:16,207 [pool-517-thread-1] INFO  server.RaftServerConfigKeys (ConfUtils.java:logGet(43)) - raft.server.snapshot.retention.num.files = 5 (custom)
2019-09-25 05:50:16,207 [pool-517-thread-1] INFO  server.RaftServerConfigKeys (ConfUtils.java:logGet(43)) - raft.server.retrycache.expirytime = 600000ms (custom)
2019-09-25 05:50:16,208 [pool-517-thread-1] INFO  impl.RaftServerImpl (RaftServerImpl.java:start(185)) - dc430975-089c-40cd-a0f1-208b2374b924@group-E99BBE6B0C19: start as a follower, conf=-1: [dc430975-089c-40cd-a0f1-208b2374b924:192.168.30.10:34467], old=null
2019-09-25 05:50:16,208 [pool-517-thread-1] INFO  impl.RaftServerImpl (RaftServerImpl.java:setRole(174)) - dc430975-089c-40cd-a0f1-208b2374b924@group-E99BBE6B0C19: changes role from      null to FOLLOWER at term 0 for startAsFollower
2019-09-25 05:50:16,208 [pool-517-thread-1] INFO  impl.RoleInfo (RoleInfo.java:updateAndGet(143)) - dc430975-089c-40cd-a0f1-208b2374b924: start FollowerState
2019-09-25 05:50:16,208 [pool-517-thread-1] INFO  util.JmxRegister (JmxRegister.java:tryRegister(44)) - Successfully registered JMX Bean with object name Ratis:service=RaftServer,group=group-E99BBE6B0C19,id=dc430975-089c-40cd-a0f1-208b2374b924
2019-09-25 05:50:16,210 [RatisPipelineUtilsThread] INFO  pipeline.PipelineStateManager (PipelineStateManager.java:addPipeline(56)) - Created pipeline Pipeline[ Id: 0b54cff6-abfe-4563-9cae-e99bbe6b0c19, Nodes: dc430975-089c-40cd-a0f1-208b2374b924{ip: 192.168.30.10, host: pr-hdds-1569-s62bp-3040748787, networkLocation: /default-rack, certSerialId: null}, Type:RATIS, Factor:ONE, State:OPEN]
2019-09-25 05:50:16,210 [RatisPipelineUtilsThread] INFO  pipeline.PipelinePlacementPolicy (PipelinePlacementPolicy.java:meetCriteria(91)) - Pipeline Placement: Doesn't meet the criteria to be viable node： 45ca45e9-b5b0-4fbb-a7fd-6b6ab106be2a Heaviness: 6 limit: 5
2019-09-25 05:50:16,210 [RatisPipelineUtilsThread] INFO  pipeline.PipelinePlacementPolicy (PipelinePlacementPolicy.java:meetCriteria(91)) - Pipeline Placement: Doesn't meet the criteria to be viable node： 899bfb76-eea4-4ff6-823c-7995b606cb73 Heaviness: 6 limit: 5
2019-09-25 05:50:16,213 [grpc-default-executor-0] INFO  impl.RaftServerProxy (RaftServerProxy.java:addNew(89)) - dc430975-089c-40cd-a0f1-208b2374b924: addNew group-FC42EF922B8D:[dc430975-089c-40cd-a0f1-208b2374b924:192.168.30.10:34467] returns group-FC42EF922B8D:java.util.concurrent.CompletableFuture@672f911c[Not completed]
2019-09-25 05:50:16,213 [pool-517-thread-1] INFO  impl.RaftServerImpl (RaftServerImpl.java:<init>(95)) - dc430975-089c-40cd-a0f1-208b2374b924: new RaftServerImpl for group-FC42EF922B8D:[dc430975-089c-40cd-a0f1-208b2374b924:192.168.30.10:34467] with ContainerStateMachine:uninitialized
2019-09-25 05:50:16,213 [pool-517-thread-1] INFO  server.RaftServerConfigKeys (ConfUtils.java:logGet(43)) - raft.server.rpc.timeout.min = 5s (custom)
2019-09-25 05:50:16,213 [pool-517-thread-1] INFO  server.RaftServerConfigKeys (ConfUtils.java:logGet(43)) - raft.server.rpc.timeout.max = 5200ms (custom)
2019-09-25 05:50:16,213 [pool-517-thread-1] INFO  server.RaftServerConfigKeys (ConfUtils.java:logGet(43)) - raft.server.rpcslowness.timeout = 120s (custom)
2019-09-25 05:50:16,213 [pool-517-thread-1] INFO  server.RaftServerConfigKeys (ConfUtils.java:logGet(43)) - raft.server.sleep.deviation.threshold = 300 (default)
2019-09-25 05:50:16,214 [pool-517-thread-1] INFO  server.RaftServerConfigKeys (ConfUtils.java:logGet(43)) - raft.server.log.appender.install.snapshot.enabled = false (custom)
2019-09-25 05:50:16,214 [pool-517-thread-1] INFO  impl.RaftServerImpl (ServerState.java:<init>(103)) - dc430975-089c-40cd-a0f1-208b2374b924@group-FC42EF922B8D: ConfigurationManager, init=-1: [dc430975-089c-40cd-a0f1-208b2374b924:192.168.30.10:34467], old=null, confs=<EMPTY_MAP>
2019-09-25 05:50:16,214 [pool-517-thread-1] INFO  server.RaftServerConfigKeys (ConfUtils.java:logGet(43)) - raft.server.storage.dir = [/workdir/hadoop-ozone/integration-test/target/test-dir/MiniOzoneClusterImpl-2263fc46-0a90-446a-9f91-f67f9935a0e0/datanode-2/data/ratis] (custom)
2019-09-25 05:50:16,214 [pool-517-thread-1] INFO  storage.RaftStorageDirectory (RaftStorageDirectory.java:analyzeStorage(246)) - The storage directory /workdir/hadoop-ozone/integration-test/target/test-dir/MiniOzoneClusterImpl-2263fc46-0a90-446a-9f91-f67f9935a0e0/datanode-2/data/ratis/9f87ccfc-aafd-4254-98a1-fc42ef922b8d does not exist. Creating ...
2019-09-25 05:50:16,226 [pool-517-thread-1] INFO  storage.RaftStorageDirectory (RaftStorageDirectory.java:tryLock(328)) - Lock on /workdir/hadoop-ozone/integration-test/target/test-dir/MiniOzoneClusterImpl-2263fc46-0a90-446a-9f91-f67f9935a0e0/datanode-2/data/ratis/9f87ccfc-aafd-4254-98a1-fc42ef922b8d/in_use.lock acquired by nodename 13539@pr-hdds-1569-s62bp-3040748787
2019-09-25 05:50:16,228 [pool-517-thread-1] INFO  storage.RaftStorage (RaftStorage.java:format(72)) - Storage directory /workdir/hadoop-ozone/integration-test/target/test-dir/MiniOzoneClusterImpl-2263fc46-0a90-446a-9f91-f67f9935a0e0/datanode-2/data/ratis/9f87ccfc-aafd-4254-98a1-fc42ef922b8d has been successfully formatted.
2019-09-25 05:50:16,228 [pool-517-thread-1] INFO  ratis.ContainerStateMachine (ContainerStateMachine.java:loadSnapshot(230)) - group-FC42EF922B8D: The snapshot info is null. Setting the last applied indexto:(t:0, i:~)
2019-09-25 05:50:16,228 [pool-517-thread-1] INFO  server.RaftServerConfigKeys (ConfUtils.java:logGet(43)) - raft.server.notification.no-leader.timeout = 120s (custom)
2019-09-25 05:50:16,228 [pool-517-thread-1] INFO  server.RaftServerConfigKeys (ConfUtils.java:logGet(43)) - raft.server.log.use.memory = false (default)
2019-09-25 05:50:16,228 [pool-517-thread-1] INFO  server.RaftServerConfigKeys (ConfUtils.java:logGet(43)) - raft.server.log.purge.gap = 1000000 (custom)
2019-09-25 05:50:16,229 [pool-517-thread-1] INFO  server.RaftServerConfigKeys (ConfUtils.java:logGet(43)) - raft.server.log.appender.buffer.byte-limit = 33554432 (custom)
2019-09-25 05:50:16,229 [pool-517-thread-1] INFO  server.RaftServerConfigKeys (ConfUtils.java:logGet(43)) - raft.server.log.segment.size.max = 1048576 (custom)
2019-09-25 05:50:16,229 [pool-517-thread-1] INFO  server.RaftServerConfigKeys (ConfUtils.java:logGet(43)) - raft.server.log.segment.cache.num.max = 2 (custom)
2019-09-25 05:50:16,229 [pool-517-thread-1] INFO  segmented.SegmentedRaftLogWorker (SegmentedRaftLogWorker.java:<init>(172)) - new dc430975-089c-40cd-a0f1-208b2374b924@group-FC42EF922B8D-SegmentedRaftLogWorker for RaftStorage:Storage Directory /workdir/hadoop-ozone/integration-test/target/test-dir/MiniOzoneClusterImpl-2263fc46-0a90-446a-9f91-f67f9935a0e0/datanode-2/data/ratis/9f87ccfc-aafd-4254-98a1-fc42ef922b8d
2019-09-25 05:50:16,229 [pool-517-thread-1] INFO  server.RaftServerConfigKeys (ConfUtils.java:logGet(43)) - raft.server.log.queue.byte-limit = 2147483647 (custom)
2019-09-25 05:50:16,229 [pool-517-thread-1] INFO  server.RaftServerConfigKeys (ConfUtils.java:logGet(43)) - raft.server.log.queue.element-limit = 1024 (custom)
2019-09-25 05:50:16,229 [pool-517-thread-1] INFO  server.RaftServerConfigKeys (ConfUtils.java:logGet(43)) - raft.server.log.segment.size.max = 1048576 (custom)
2019-09-25 05:50:16,229 [pool-517-thread-1] INFO  server.RaftServerConfigKeys (ConfUtils.java:logGet(43)) - raft.server.log.preallocated.size = 16384 (custom)
2019-09-25 05:50:16,229 [pool-517-thread-1] INFO  server.RaftServerConfigKeys (ConfUtils.java:logGet(43)) - raft.server.log.write.buffer.size = 33554432 (custom)
2019-09-25 05:50:16,229 [pool-517-thread-1] INFO  server.RaftServerConfigKeys (ConfUtils.java:logGet(43)) - raft.server.log.force.sync.num = 128 (default)
2019-09-25 05:50:16,229 [pool-517-thread-1] INFO  server.RaftServerConfigKeys (ConfUtils.java:logGet(43)) - raft.server.log.statemachine.data.sync = true (default)
2019-09-25 05:50:16,229 [pool-517-thread-1] INFO  server.RaftServerConfigKeys (ConfUtils.java:logGet(43)) - raft.server.log.statemachine.data.sync.timeout = 10s (default)
2019-09-25 05:50:16,229 [pool-517-thread-1] INFO  server.RaftServerConfigKeys (ConfUtils.java:logGet(43)) - raft.server.log.statemachine.data.sync.timeout.retry = -1 (default)
2019-09-25 05:50:16,230 [pool-517-thread-1] INFO  server.RaftServerConfigKeys (ConfUtils.java:logGet(43)) - raft.server.log.statemachine.data.caching.enabled = true (custom)
2019-09-25 05:50:16,230 [pool-517-thread-1] INFO  segmented.SegmentedRaftLogWorker (SegmentedRaftLogWorker.java:lambda$new$0(132)) - dc430975-089c-40cd-a0f1-208b2374b924@group-FC42EF922B8D-SegmentedRaftLogWorker: flushIndex: setUnconditionally 0 -> -1
2019-09-25 05:50:16,230 [pool-517-thread-1] INFO  server.RaftServerConfigKeys (ConfUtils.java:logGet(43)) - raft.server.snapshot.auto.trigger.enabled = true (custom)
2019-09-25 05:50:16,230 [pool-517-thread-1] INFO  server.RaftServerConfigKeys (ConfUtils.java:logGet(43)) - raft.server.snapshot.auto.trigger.threshold = 10000 (custom)
2019-09-25 05:50:16,230 [pool-517-thread-1] INFO  server.RaftServerConfigKeys (ConfUtils.java:logGet(43)) - raft.server.snapshot.retention.num.files = 5 (custom)
2019-09-25 05:50:16,230 [pool-517-thread-1] INFO  server.RaftServerConfigKeys (ConfUtils.java:logGet(43)) - raft.server.retrycache.expirytime = 600000ms (custom)
2019-09-25 05:50:16,231 [pool-517-thread-1] INFO  impl.RaftServerImpl (RaftServerImpl.java:start(185)) - dc430975-089c-40cd-a0f1-208b2374b924@group-FC42EF922B8D: start as a follower, conf=-1: [dc430975-089c-40cd-a0f1-208b2374b924:192.168.30.10:34467], old=null
2019-09-25 05:50:16,231 [pool-517-thread-1] INFO  impl.RaftServerImpl (RaftServerImpl.java:setRole(174)) - dc430975-089c-40cd-a0f1-208b2374b924@group-FC42EF922B8D: changes role from      null to FOLLOWER at term 0 for startAsFollower
2019-09-25 05:50:16,231 [pool-517-thread-1] INFO  impl.RoleInfo (RoleInfo.java:updateAndGet(143)) - dc430975-089c-40cd-a0f1-208b2374b924: start FollowerState
2019-09-25 05:50:16,231 [pool-517-thread-1] INFO  util.JmxRegister (JmxRegister.java:tryRegister(44)) - Successfully registered JMX Bean with object name Ratis:service=RaftServer,group=group-FC42EF922B8D,id=dc430975-089c-40cd-a0f1-208b2374b924
2019-09-25 05:50:16,233 [RatisPipelineUtilsThread] INFO  pipeline.PipelineStateManager (PipelineStateManager.java:addPipeline(56)) - Created pipeline Pipeline[ Id: 9f87ccfc-aafd-4254-98a1-fc42ef922b8d, Nodes: dc430975-089c-40cd-a0f1-208b2374b924{ip: 192.168.30.10, host: pr-hdds-1569-s62bp-3040748787, networkLocation: /default-rack, certSerialId: null}, Type:RATIS, Factor:ONE, State:OPEN]
2019-09-25 05:50:16,233 [RatisPipelineUtilsThread] INFO  pipeline.PipelinePlacementPolicy (PipelinePlacementPolicy.java:meetCriteria(91)) - Pipeline Placement: Doesn't meet the criteria to be viable node： 45ca45e9-b5b0-4fbb-a7fd-6b6ab106be2a Heaviness: 6 limit: 5
2019-09-25 05:50:16,233 [RatisPipelineUtilsThread] INFO  pipeline.PipelinePlacementPolicy (PipelinePlacementPolicy.java:meetCriteria(91)) - Pipeline Placement: Doesn't meet the criteria to be viable node： 899bfb76-eea4-4ff6-823c-7995b606cb73 Heaviness: 6 limit: 5
2019-09-25 05:50:16,236 [grpc-default-executor-0] INFO  impl.RaftServerProxy (RaftServerProxy.java:addNew(89)) - dc430975-089c-40cd-a0f1-208b2374b924: addNew group-828FA2595733:[dc430975-089c-40cd-a0f1-208b2374b924:192.168.30.10:34467] returns group-828FA2595733:java.util.concurrent.CompletableFuture@6367bc6f[Not completed]
2019-09-25 05:50:16,236 [pool-517-thread-1] INFO  impl.RaftServerImpl (RaftServerImpl.java:<init>(95)) - dc430975-089c-40cd-a0f1-208b2374b924: new RaftServerImpl for group-828FA2595733:[dc430975-089c-40cd-a0f1-208b2374b924:192.168.30.10:34467] with ContainerStateMachine:uninitialized
2019-09-25 05:50:16,236 [pool-517-thread-1] INFO  server.RaftServerConfigKeys (ConfUtils.java:logGet(43)) - raft.server.rpc.timeout.min = 5s (custom)
2019-09-25 05:50:16,236 [pool-517-thread-1] INFO  server.RaftServerConfigKeys (ConfUtils.java:logGet(43)) - raft.server.rpc.timeout.max = 5200ms (custom)
2019-09-25 05:50:16,236 [pool-517-thread-1] INFO  server.RaftServerConfigKeys (ConfUtils.java:logGet(43)) - raft.server.rpcslowness.timeout = 120s (custom)
2019-09-25 05:50:16,236 [pool-517-thread-1] INFO  server.RaftServerConfigKeys (ConfUtils.java:logGet(43)) - raft.server.sleep.deviation.threshold = 300 (default)
2019-09-25 05:50:16,236 [pool-517-thread-1] INFO  server.RaftServerConfigKeys (ConfUtils.java:logGet(43)) - raft.server.log.appender.install.snapshot.enabled = false (custom)
2019-09-25 05:50:16,236 [pool-517-thread-1] INFO  impl.RaftServerImpl (ServerState.java:<init>(103)) - dc430975-089c-40cd-a0f1-208b2374b924@group-828FA2595733: ConfigurationManager, init=-1: [dc430975-089c-40cd-a0f1-208b2374b924:192.168.30.10:34467], old=null, confs=<EMPTY_MAP>
2019-09-25 05:50:16,237 [pool-517-thread-1] INFO  server.RaftServerConfigKeys (ConfUtils.java:logGet(43)) - raft.server.storage.dir = [/workdir/hadoop-ozone/integration-test/target/test-dir/MiniOzoneClusterImpl-2263fc46-0a90-446a-9f91-f67f9935a0e0/datanode-2/data/ratis] (custom)
2019-09-25 05:50:16,237 [pool-517-thread-1] INFO  storage.RaftStorageDirectory (RaftStorageDirectory.java:analyzeStorage(246)) - The storage directory /workdir/hadoop-ozone/integration-test/target/test-dir/MiniOzoneClusterImpl-2263fc46-0a90-446a-9f91-f67f9935a0e0/datanode-2/data/ratis/8976ea94-cfe6-4afb-a176-828fa2595733 does not exist. Creating ...
2019-09-25 05:50:16,272 [pool-517-thread-1] INFO  storage.RaftStorageDirectory (RaftStorageDirectory.java:tryLock(328)) - Lock on /workdir/hadoop-ozone/integration-test/target/test-dir/MiniOzoneClusterImpl-2263fc46-0a90-446a-9f91-f67f9935a0e0/datanode-2/data/ratis/8976ea94-cfe6-4afb-a176-828fa2595733/in_use.lock acquired by nodename 13539@pr-hdds-1569-s62bp-3040748787
2019-09-25 05:50:16,288 [pool-517-thread-1] INFO  storage.RaftStorage (RaftStorage.java:format(72)) - Storage directory /workdir/hadoop-ozone/integration-test/target/test-dir/MiniOzoneClusterImpl-2263fc46-0a90-446a-9f91-f67f9935a0e0/datanode-2/data/ratis/8976ea94-cfe6-4afb-a176-828fa2595733 has been successfully formatted.
2019-09-25 05:50:16,289 [pool-517-thread-1] INFO  ratis.ContainerStateMachine (ContainerStateMachine.java:loadSnapshot(230)) - group-828FA2595733: The snapshot info is null. Setting the last applied indexto:(t:0, i:~)
2019-09-25 05:50:16,289 [pool-517-thread-1] INFO  server.RaftServerConfigKeys (ConfUtils.java:logGet(43)) - raft.server.notification.no-leader.timeout = 120s (custom)
2019-09-25 05:50:16,289 [pool-517-thread-1] INFO  server.RaftServerConfigKeys (ConfUtils.java:logGet(43)) - raft.server.log.use.memory = false (default)
2019-09-25 05:50:16,289 [pool-517-thread-1] INFO  server.RaftServerConfigKeys (ConfUtils.java:logGet(43)) - raft.server.log.purge.gap = 1000000 (custom)
2019-09-25 05:50:16,289 [pool-517-thread-1] INFO  server.RaftServerConfigKeys (ConfUtils.java:logGet(43)) - raft.server.log.appender.buffer.byte-limit = 33554432 (custom)
2019-09-25 05:50:16,289 [pool-517-thread-1] INFO  server.RaftServerConfigKeys (ConfUtils.java:logGet(43)) - raft.server.log.segment.size.max = 1048576 (custom)
2019-09-25 05:50:16,289 [pool-517-thread-1] INFO  server.RaftServerConfigKeys (ConfUtils.java:logGet(43)) - raft.server.log.segment.cache.num.max = 2 (custom)
2019-09-25 05:50:16,290 [pool-517-thread-1] INFO  segmented.SegmentedRaftLogWorker (SegmentedRaftLogWorker.java:<init>(172)) - new dc430975-089c-40cd-a0f1-208b2374b924@group-828FA2595733-SegmentedRaftLogWorker for RaftStorage:Storage Directory /workdir/hadoop-ozone/integration-test/target/test-dir/MiniOzoneClusterImpl-2263fc46-0a90-446a-9f91-f67f9935a0e0/datanode-2/data/ratis/8976ea94-cfe6-4afb-a176-828fa2595733
2019-09-25 05:50:16,290 [pool-517-thread-1] INFO  server.RaftServerConfigKeys (ConfUtils.java:logGet(43)) - raft.server.log.queue.byte-limit = 2147483647 (custom)
2019-09-25 05:50:16,290 [pool-517-thread-1] INFO  server.RaftServerConfigKeys (ConfUtils.java:logGet(43)) - raft.server.log.queue.element-limit = 1024 (custom)
2019-09-25 05:50:16,290 [pool-517-thread-1] INFO  server.RaftServerConfigKeys (ConfUtils.java:logGet(43)) - raft.server.log.segment.size.max = 1048576 (custom)
2019-09-25 05:50:16,290 [pool-517-thread-1] INFO  server.RaftServerConfigKeys (ConfUtils.java:logGet(43)) - raft.server.log.preallocated.size = 16384 (custom)
2019-09-25 05:50:16,290 [pool-517-thread-1] INFO  server.RaftServerConfigKeys (ConfUtils.java:logGet(43)) - raft.server.log.write.buffer.size = 33554432 (custom)
2019-09-25 05:50:16,290 [pool-517-thread-1] INFO  server.RaftServerConfigKeys (ConfUtils.java:logGet(43)) - raft.server.log.force.sync.num = 128 (default)
2019-09-25 05:50:16,290 [pool-517-thread-1] INFO  server.RaftServerConfigKeys (ConfUtils.java:logGet(43)) - raft.server.log.statemachine.data.sync = true (default)
2019-09-25 05:50:16,291 [pool-517-thread-1] INFO  server.RaftServerConfigKeys (ConfUtils.java:logGet(43)) - raft.server.log.statemachine.data.sync.timeout = 10s (default)
2019-09-25 05:50:16,291 [pool-517-thread-1] INFO  server.RaftServerConfigKeys (ConfUtils.java:logGet(43)) - raft.server.log.statemachine.data.sync.timeout.retry = -1 (default)
2019-09-25 05:50:16,291 [pool-517-thread-1] INFO  server.RaftServerConfigKeys (ConfUtils.java:logGet(43)) - raft.server.log.statemachine.data.caching.enabled = true (custom)
2019-09-25 05:50:16,291 [pool-517-thread-1] INFO  segmented.SegmentedRaftLogWorker (SegmentedRaftLogWorker.java:lambda$new$0(132)) - dc430975-089c-40cd-a0f1-208b2374b924@group-828FA2595733-SegmentedRaftLogWorker: flushIndex: setUnconditionally 0 -> -1
2019-09-25 05:50:16,291 [pool-517-thread-1] INFO  server.RaftServerConfigKeys (ConfUtils.java:logGet(43)) - raft.server.snapshot.auto.trigger.enabled = true (custom)
2019-09-25 05:50:16,291 [pool-517-thread-1] INFO  server.RaftServerConfigKeys (ConfUtils.java:logGet(43)) - raft.server.snapshot.auto.trigger.threshold = 10000 (custom)
2019-09-25 05:50:16,291 [pool-517-thread-1] INFO  server.RaftServerConfigKeys (ConfUtils.java:logGet(43)) - raft.server.snapshot.retention.num.files = 5 (custom)
2019-09-25 05:50:16,292 [pool-517-thread-1] INFO  server.RaftServerConfigKeys (ConfUtils.java:logGet(43)) - raft.server.retrycache.expirytime = 600000ms (custom)
2019-09-25 05:50:16,293 [pool-517-thread-1] INFO  impl.RaftServerImpl (RaftServerImpl.java:start(185)) - dc430975-089c-40cd-a0f1-208b2374b924@group-828FA2595733: start as a follower, conf=-1: [dc430975-089c-40cd-a0f1-208b2374b924:192.168.30.10:34467], old=null
2019-09-25 05:50:16,293 [pool-517-thread-1] INFO  impl.RaftServerImpl (RaftServerImpl.java:setRole(174)) - dc430975-089c-40cd-a0f1-208b2374b924@group-828FA2595733: changes role from      null to FOLLOWER at term 0 for startAsFollower
2019-09-25 05:50:16,293 [pool-517-thread-1] INFO  impl.RoleInfo (RoleInfo.java:updateAndGet(143)) - dc430975-089c-40cd-a0f1-208b2374b924: start FollowerState
2019-09-25 05:50:16,293 [pool-517-thread-1] INFO  util.JmxRegister (JmxRegister.java:tryRegister(44)) - Successfully registered JMX Bean with object name Ratis:service=RaftServer,group=group-828FA2595733,id=dc430975-089c-40cd-a0f1-208b2374b924
2019-09-25 05:50:16,294 [RatisPipelineUtilsThread] INFO  pipeline.PipelineStateManager (PipelineStateManager.java:addPipeline(56)) - Created pipeline Pipeline[ Id: 8976ea94-cfe6-4afb-a176-828fa2595733, Nodes: dc430975-089c-40cd-a0f1-208b2374b924{ip: 192.168.30.10, host: pr-hdds-1569-s62bp-3040748787, networkLocation: /default-rack, certSerialId: null}, Type:RATIS, Factor:ONE, State:OPEN]
2019-09-25 05:50:16,294 [RatisPipelineUtilsThread] INFO  pipeline.PipelinePlacementPolicy (PipelinePlacementPolicy.java:meetCriteria(91)) - Pipeline Placement: Doesn't meet the criteria to be viable node： 45ca45e9-b5b0-4fbb-a7fd-6b6ab106be2a Heaviness: 6 limit: 5
2019-09-25 05:50:16,295 [RatisPipelineUtilsThread] INFO  pipeline.PipelinePlacementPolicy (PipelinePlacementPolicy.java:meetCriteria(91)) - Pipeline Placement: Doesn't meet the criteria to be viable node： 899bfb76-eea4-4ff6-823c-7995b606cb73 Heaviness: 6 limit: 5
2019-09-25 05:50:16,304 [grpc-default-executor-0] INFO  impl.RaftServerProxy (RaftServerProxy.java:addNew(89)) - 74ee2b94-5a16-4fca-8dd4-c5490dc15294: addNew group-2E46E4035930:[74ee2b94-5a16-4fca-8dd4-c5490dc15294:192.168.30.10:39250] returns group-2E46E4035930:java.util.concurrent.CompletableFuture@2a371f66[Not completed]
2019-09-25 05:50:16,304 [pool-547-thread-1] INFO  impl.RaftServerImpl (RaftServerImpl.java:<init>(95)) - 74ee2b94-5a16-4fca-8dd4-c5490dc15294: new RaftServerImpl for group-2E46E4035930:[74ee2b94-5a16-4fca-8dd4-c5490dc15294:192.168.30.10:39250] with ContainerStateMachine:uninitialized
2019-09-25 05:50:16,304 [pool-547-thread-1] INFO  server.RaftServerConfigKeys (ConfUtils.java:logGet(43)) - raft.server.rpc.timeout.min = 5s (custom)
2019-09-25 05:50:16,304 [pool-547-thread-1] INFO  server.RaftServerConfigKeys (ConfUtils.java:logGet(43)) - raft.server.rpc.timeout.max = 5200ms (custom)
2019-09-25 05:50:16,305 [pool-547-thread-1] INFO  server.RaftServerConfigKeys (ConfUtils.java:logGet(43)) - raft.server.rpcslowness.timeout = 120s (custom)
2019-09-25 05:50:16,305 [pool-547-thread-1] INFO  server.RaftServerConfigKeys (ConfUtils.java:logGet(43)) - raft.server.sleep.deviation.threshold = 300 (default)
2019-09-25 05:50:16,305 [pool-547-thread-1] INFO  server.RaftServerConfigKeys (ConfUtils.java:logGet(43)) - raft.server.log.appender.install.snapshot.enabled = false (custom)
2019-09-25 05:50:16,305 [pool-547-thread-1] INFO  impl.RaftServerImpl (ServerState.java:<init>(103)) - 74ee2b94-5a16-4fca-8dd4-c5490dc15294@group-2E46E4035930: ConfigurationManager, init=-1: [74ee2b94-5a16-4fca-8dd4-c5490dc15294:192.168.30.10:39250], old=null, confs=<EMPTY_MAP>
2019-09-25 05:50:16,305 [pool-547-thread-1] INFO  server.RaftServerConfigKeys (ConfUtils.java:logGet(43)) - raft.server.storage.dir = [/workdir/hadoop-ozone/integration-test/target/test-dir/MiniOzoneClusterImpl-2263fc46-0a90-446a-9f91-f67f9935a0e0/datanode-5/data/ratis] (custom)
2019-09-25 05:50:16,305 [pool-547-thread-1] INFO  storage.RaftStorageDirectory (RaftStorageDirectory.java:analyzeStorage(246)) - The storage directory /workdir/hadoop-ozone/integration-test/target/test-dir/MiniOzoneClusterImpl-2263fc46-0a90-446a-9f91-f67f9935a0e0/datanode-5/data/ratis/c757fa24-681b-42ae-910f-2e46e4035930 does not exist. Creating ...
2019-09-25 05:50:16,318 [pool-547-thread-1] INFO  storage.RaftStorageDirectory (RaftStorageDirectory.java:tryLock(328)) - Lock on /workdir/hadoop-ozone/integration-test/target/test-dir/MiniOzoneClusterImpl-2263fc46-0a90-446a-9f91-f67f9935a0e0/datanode-5/data/ratis/c757fa24-681b-42ae-910f-2e46e4035930/in_use.lock acquired by nodename 13539@pr-hdds-1569-s62bp-3040748787
2019-09-25 05:50:16,330 [pool-547-thread-1] INFO  storage.RaftStorage (RaftStorage.java:format(72)) - Storage directory /workdir/hadoop-ozone/integration-test/target/test-dir/MiniOzoneClusterImpl-2263fc46-0a90-446a-9f91-f67f9935a0e0/datanode-5/data/ratis/c757fa24-681b-42ae-910f-2e46e4035930 has been successfully formatted.
2019-09-25 05:50:16,330 [pool-547-thread-1] INFO  ratis.ContainerStateMachine (ContainerStateMachine.java:loadSnapshot(230)) - group-2E46E4035930: The snapshot info is null. Setting the last applied indexto:(t:0, i:~)
2019-09-25 05:50:16,330 [pool-547-thread-1] INFO  server.RaftServerConfigKeys (ConfUtils.java:logGet(43)) - raft.server.notification.no-leader.timeout = 120s (custom)
2019-09-25 05:50:16,330 [pool-547-thread-1] INFO  server.RaftServerConfigKeys (ConfUtils.java:logGet(43)) - raft.server.log.use.memory = false (default)
2019-09-25 05:50:16,331 [pool-547-thread-1] INFO  server.RaftServerConfigKeys (ConfUtils.java:logGet(43)) - raft.server.log.purge.gap = 1000000 (custom)
2019-09-25 05:50:16,331 [pool-547-thread-1] INFO  server.RaftServerConfigKeys (ConfUtils.java:logGet(43)) - raft.server.log.appender.buffer.byte-limit = 33554432 (custom)
2019-09-25 05:50:16,331 [pool-547-thread-1] INFO  server.RaftServerConfigKeys (ConfUtils.java:logGet(43)) - raft.server.log.segment.size.max = 1048576 (custom)
2019-09-25 05:50:16,331 [pool-547-thread-1] INFO  server.RaftServerConfigKeys (ConfUtils.java:logGet(43)) - raft.server.log.segment.cache.num.max = 2 (custom)
2019-09-25 05:50:16,331 [pool-547-thread-1] INFO  segmented.SegmentedRaftLogWorker (SegmentedRaftLogWorker.java:<init>(172)) - new 74ee2b94-5a16-4fca-8dd4-c5490dc15294@group-2E46E4035930-SegmentedRaftLogWorker for RaftStorage:Storage Directory /workdir/hadoop-ozone/integration-test/target/test-dir/MiniOzoneClusterImpl-2263fc46-0a90-446a-9f91-f67f9935a0e0/datanode-5/data/ratis/c757fa24-681b-42ae-910f-2e46e4035930
2019-09-25 05:50:16,332 [pool-547-thread-1] INFO  server.RaftServerConfigKeys (ConfUtils.java:logGet(43)) - raft.server.log.queue.byte-limit = 2147483647 (custom)
2019-09-25 05:50:16,332 [pool-547-thread-1] INFO  server.RaftServerConfigKeys (ConfUtils.java:logGet(43)) - raft.server.log.queue.element-limit = 1024 (custom)
2019-09-25 05:50:16,332 [pool-547-thread-1] INFO  server.RaftServerConfigKeys (ConfUtils.java:logGet(43)) - raft.server.log.segment.size.max = 1048576 (custom)
2019-09-25 05:50:16,332 [pool-547-thread-1] INFO  server.RaftServerConfigKeys (ConfUtils.java:logGet(43)) - raft.server.log.preallocated.size = 16384 (custom)
2019-09-25 05:50:16,332 [pool-547-thread-1] INFO  server.RaftServerConfigKeys (ConfUtils.java:logGet(43)) - raft.server.log.write.buffer.size = 33554432 (custom)
2019-09-25 05:50:16,332 [pool-547-thread-1] INFO  server.RaftServerConfigKeys (ConfUtils.java:logGet(43)) - raft.server.log.force.sync.num = 128 (default)
2019-09-25 05:50:16,332 [pool-547-thread-1] INFO  server.RaftServerConfigKeys (ConfUtils.java:logGet(43)) - raft.server.log.statemachine.data.sync = true (default)
2019-09-25 05:50:16,333 [pool-547-thread-1] INFO  server.RaftServerConfigKeys (ConfUtils.java:logGet(43)) - raft.server.log.statemachine.data.sync.timeout = 10s (default)
2019-09-25 05:50:16,333 [pool-547-thread-1] INFO  server.RaftServerConfigKeys (ConfUtils.java:logGet(43)) - raft.server.log.statemachine.data.sync.timeout.retry = -1 (default)
2019-09-25 05:50:16,333 [pool-547-thread-1] INFO  server.RaftServerConfigKeys (ConfUtils.java:logGet(43)) - raft.server.log.statemachine.data.caching.enabled = true (custom)
2019-09-25 05:50:16,333 [pool-547-thread-1] INFO  segmented.SegmentedRaftLogWorker (SegmentedRaftLogWorker.java:lambda$new$0(132)) - 74ee2b94-5a16-4fca-8dd4-c5490dc15294@group-2E46E4035930-SegmentedRaftLogWorker: flushIndex: setUnconditionally 0 -> -1
2019-09-25 05:50:16,333 [pool-547-thread-1] INFO  server.RaftServerConfigKeys (ConfUtils.java:logGet(43)) - raft.server.snapshot.auto.trigger.enabled = true (custom)
2019-09-25 05:50:16,333 [pool-547-thread-1] INFO  server.RaftServerConfigKeys (ConfUtils.java:logGet(43)) - raft.server.snapshot.auto.trigger.threshold = 10000 (custom)
2019-09-25 05:50:16,333 [pool-547-thread-1] INFO  server.RaftServerConfigKeys (ConfUtils.java:logGet(43)) - raft.server.snapshot.retention.num.files = 5 (custom)
2019-09-25 05:50:16,333 [pool-547-thread-1] INFO  server.RaftServerConfigKeys (ConfUtils.java:logGet(43)) - raft.server.retrycache.expirytime = 600000ms (custom)
2019-09-25 05:50:16,334 [pool-547-thread-1] INFO  impl.RaftServerImpl (RaftServerImpl.java:start(185)) - 74ee2b94-5a16-4fca-8dd4-c5490dc15294@group-2E46E4035930: start as a follower, conf=-1: [74ee2b94-5a16-4fca-8dd4-c5490dc15294:192.168.30.10:39250], old=null
2019-09-25 05:50:16,335 [pool-547-thread-1] INFO  impl.RaftServerImpl (RaftServerImpl.java:setRole(174)) - 74ee2b94-5a16-4fca-8dd4-c5490dc15294@group-2E46E4035930: changes role from      null to FOLLOWER at term 0 for startAsFollower
2019-09-25 05:50:16,335 [pool-547-thread-1] INFO  impl.RoleInfo (RoleInfo.java:updateAndGet(143)) - 74ee2b94-5a16-4fca-8dd4-c5490dc15294: start FollowerState
2019-09-25 05:50:16,335 [pool-547-thread-1] INFO  util.JmxRegister (JmxRegister.java:tryRegister(44)) - Successfully registered JMX Bean with object name Ratis:service=RaftServer,group=group-2E46E4035930,id=74ee2b94-5a16-4fca-8dd4-c5490dc15294
2019-09-25 05:50:16,336 [RatisPipelineUtilsThread] INFO  pipeline.PipelineStateManager (PipelineStateManager.java:addPipeline(56)) - Created pipeline Pipeline[ Id: c757fa24-681b-42ae-910f-2e46e4035930, Nodes: 74ee2b94-5a16-4fca-8dd4-c5490dc15294{ip: 192.168.30.10, host: pr-hdds-1569-s62bp-3040748787, networkLocation: /default-rack, certSerialId: null}, Type:RATIS, Factor:ONE, State:OPEN]
2019-09-25 05:50:16,336 [RatisPipelineUtilsThread] INFO  pipeline.PipelinePlacementPolicy (PipelinePlacementPolicy.java:meetCriteria(91)) - Pipeline Placement: Doesn't meet the criteria to be viable node： 45ca45e9-b5b0-4fbb-a7fd-6b6ab106be2a Heaviness: 6 limit: 5
2019-09-25 05:50:16,337 [RatisPipelineUtilsThread] INFO  pipeline.PipelinePlacementPolicy (PipelinePlacementPolicy.java:meetCriteria(91)) - Pipeline Placement: Doesn't meet the criteria to be viable node： 899bfb76-eea4-4ff6-823c-7995b606cb73 Heaviness: 6 limit: 5
2019-09-25 05:50:16,340 [grpc-default-executor-0] INFO  impl.RaftServerProxy (RaftServerProxy.java:addNew(89)) - dc430975-089c-40cd-a0f1-208b2374b924: addNew group-8F934DC354E7:[dc430975-089c-40cd-a0f1-208b2374b924:192.168.30.10:34467] returns group-8F934DC354E7:java.util.concurrent.CompletableFuture@7bd8a76d[Not completed]
2019-09-25 05:50:16,340 [pool-517-thread-1] INFO  impl.RaftServerImpl (RaftServerImpl.java:<init>(95)) - dc430975-089c-40cd-a0f1-208b2374b924: new RaftServerImpl for group-8F934DC354E7:[dc430975-089c-40cd-a0f1-208b2374b924:192.168.30.10:34467] with ContainerStateMachine:uninitialized
2019-09-25 05:50:16,340 [pool-517-thread-1] INFO  server.RaftServerConfigKeys (ConfUtils.java:logGet(43)) - raft.server.rpc.timeout.min = 5s (custom)
2019-09-25 05:50:16,340 [pool-517-thread-1] INFO  server.RaftServerConfigKeys (ConfUtils.java:logGet(43)) - raft.server.rpc.timeout.max = 5200ms (custom)
2019-09-25 05:50:16,340 [pool-517-thread-1] INFO  server.RaftServerConfigKeys (ConfUtils.java:logGet(43)) - raft.server.rpcslowness.timeout = 120s (custom)
2019-09-25 05:50:16,340 [pool-517-thread-1] INFO  server.RaftServerConfigKeys (ConfUtils.java:logGet(43)) - raft.server.sleep.deviation.threshold = 300 (default)
2019-09-25 05:50:16,340 [pool-517-thread-1] INFO  server.RaftServerConfigKeys (ConfUtils.java:logGet(43)) - raft.server.log.appender.install.snapshot.enabled = false (custom)
2019-09-25 05:50:16,340 [pool-517-thread-1] INFO  impl.RaftServerImpl (ServerState.java:<init>(103)) - dc430975-089c-40cd-a0f1-208b2374b924@group-8F934DC354E7: ConfigurationManager, init=-1: [dc430975-089c-40cd-a0f1-208b2374b924:192.168.30.10:34467], old=null, confs=<EMPTY_MAP>
2019-09-25 05:50:16,341 [pool-517-thread-1] INFO  server.RaftServerConfigKeys (ConfUtils.java:logGet(43)) - raft.server.storage.dir = [/workdir/hadoop-ozone/integration-test/target/test-dir/MiniOzoneClusterImpl-2263fc46-0a90-446a-9f91-f67f9935a0e0/datanode-2/data/ratis] (custom)
2019-09-25 05:50:16,341 [pool-517-thread-1] INFO  storage.RaftStorageDirectory (RaftStorageDirectory.java:analyzeStorage(246)) - The storage directory /workdir/hadoop-ozone/integration-test/target/test-dir/MiniOzoneClusterImpl-2263fc46-0a90-446a-9f91-f67f9935a0e0/datanode-2/data/ratis/d02050f9-667b-4158-a358-8f934dc354e7 does not exist. Creating ...
2019-09-25 05:50:16,354 [pool-517-thread-1] INFO  storage.RaftStorageDirectory (RaftStorageDirectory.java:tryLock(328)) - Lock on /workdir/hadoop-ozone/integration-test/target/test-dir/MiniOzoneClusterImpl-2263fc46-0a90-446a-9f91-f67f9935a0e0/datanode-2/data/ratis/d02050f9-667b-4158-a358-8f934dc354e7/in_use.lock acquired by nodename 13539@pr-hdds-1569-s62bp-3040748787
2019-09-25 05:50:16,367 [pool-517-thread-1] INFO  storage.RaftStorage (RaftStorage.java:format(72)) - Storage directory /workdir/hadoop-ozone/integration-test/target/test-dir/MiniOzoneClusterImpl-2263fc46-0a90-446a-9f91-f67f9935a0e0/datanode-2/data/ratis/d02050f9-667b-4158-a358-8f934dc354e7 has been successfully formatted.
2019-09-25 05:50:16,367 [pool-517-thread-1] INFO  ratis.ContainerStateMachine (ContainerStateMachine.java:loadSnapshot(230)) - group-8F934DC354E7: The snapshot info is null. Setting the last applied indexto:(t:0, i:~)
2019-09-25 05:50:16,367 [pool-517-thread-1] INFO  server.RaftServerConfigKeys (ConfUtils.java:logGet(43)) - raft.server.notification.no-leader.timeout = 120s (custom)
2019-09-25 05:50:16,367 [pool-517-thread-1] INFO  server.RaftServerConfigKeys (ConfUtils.java:logGet(43)) - raft.server.log.use.memory = false (default)
2019-09-25 05:50:16,367 [pool-517-thread-1] INFO  server.RaftServerConfigKeys (ConfUtils.java:logGet(43)) - raft.server.log.purge.gap = 1000000 (custom)
2019-09-25 05:50:16,367 [pool-517-thread-1] INFO  server.RaftServerConfigKeys (ConfUtils.java:logGet(43)) - raft.server.log.appender.buffer.byte-limit = 33554432 (custom)
2019-09-25 05:50:16,368 [pool-517-thread-1] INFO  server.RaftServerConfigKeys (ConfUtils.java:logGet(43)) - raft.server.log.segment.size.max = 1048576 (custom)
2019-09-25 05:50:16,368 [pool-517-thread-1] INFO  server.RaftServerConfigKeys (ConfUtils.java:logGet(43)) - raft.server.log.segment.cache.num.max = 2 (custom)
2019-09-25 05:50:16,368 [pool-517-thread-1] INFO  segmented.SegmentedRaftLogWorker (SegmentedRaftLogWorker.java:<init>(172)) - new dc430975-089c-40cd-a0f1-208b2374b924@group-8F934DC354E7-SegmentedRaftLogWorker for RaftStorage:Storage Directory /workdir/hadoop-ozone/integration-test/target/test-dir/MiniOzoneClusterImpl-2263fc46-0a90-446a-9f91-f67f9935a0e0/datanode-2/data/ratis/d02050f9-667b-4158-a358-8f934dc354e7
2019-09-25 05:50:16,368 [pool-517-thread-1] INFO  server.RaftServerConfigKeys (ConfUtils.java:logGet(43)) - raft.server.log.queue.byte-limit = 2147483647 (custom)
2019-09-25 05:50:16,368 [pool-517-thread-1] INFO  server.RaftServerConfigKeys (ConfUtils.java:logGet(43)) - raft.server.log.queue.element-limit = 1024 (custom)
2019-09-25 05:50:16,368 [pool-517-thread-1] INFO  server.RaftServerConfigKeys (ConfUtils.java:logGet(43)) - raft.server.log.segment.size.max = 1048576 (custom)
2019-09-25 05:50:16,368 [pool-517-thread-1] INFO  server.RaftServerConfigKeys (ConfUtils.java:logGet(43)) - raft.server.log.preallocated.size = 16384 (custom)
2019-09-25 05:50:16,368 [pool-517-thread-1] INFO  server.RaftServerConfigKeys (ConfUtils.java:logGet(43)) - raft.server.log.write.buffer.size = 33554432 (custom)
2019-09-25 05:50:16,368 [pool-517-thread-1] INFO  server.RaftServerConfigKeys (ConfUtils.java:logGet(43)) - raft.server.log.force.sync.num = 128 (default)
2019-09-25 05:50:16,368 [pool-517-thread-1] INFO  server.RaftServerConfigKeys (ConfUtils.java:logGet(43)) - raft.server.log.statemachine.data.sync = true (default)
2019-09-25 05:50:16,368 [pool-517-thread-1] INFO  server.RaftServerConfigKeys (ConfUtils.java:logGet(43)) - raft.server.log.statemachine.data.sync.timeout = 10s (default)
2019-09-25 05:50:16,369 [pool-517-thread-1] INFO  server.RaftServerConfigKeys (ConfUtils.java:logGet(43)) - raft.server.log.statemachine.data.sync.timeout.retry = -1 (default)
2019-09-25 05:50:16,369 [pool-517-thread-1] INFO  server.RaftServerConfigKeys (ConfUtils.java:logGet(43)) - raft.server.log.statemachine.data.caching.enabled = true (custom)
2019-09-25 05:50:16,369 [pool-517-thread-1] INFO  segmented.SegmentedRaftLogWorker (SegmentedRaftLogWorker.java:lambda$new$0(132)) - dc430975-089c-40cd-a0f1-208b2374b924@group-8F934DC354E7-SegmentedRaftLogWorker: flushIndex: setUnconditionally 0 -> -1
2019-09-25 05:50:16,369 [pool-517-thread-1] INFO  server.RaftServerConfigKeys (ConfUtils.java:logGet(43)) - raft.server.snapshot.auto.trigger.enabled = true (custom)
2019-09-25 05:50:16,369 [pool-517-thread-1] INFO  server.RaftServerConfigKeys (ConfUtils.java:logGet(43)) - raft.server.snapshot.auto.trigger.threshold = 10000 (custom)
2019-09-25 05:50:16,369 [pool-517-thread-1] INFO  server.RaftServerConfigKeys (ConfUtils.java:logGet(43)) - raft.server.snapshot.retention.num.files = 5 (custom)
2019-09-25 05:50:16,369 [pool-517-thread-1] INFO  server.RaftServerConfigKeys (ConfUtils.java:logGet(43)) - raft.server.retrycache.expirytime = 600000ms (custom)
2019-09-25 05:50:16,370 [pool-517-thread-1] INFO  impl.RaftServerImpl (RaftServerImpl.java:start(185)) - dc430975-089c-40cd-a0f1-208b2374b924@group-8F934DC354E7: start as a follower, conf=-1: [dc430975-089c-40cd-a0f1-208b2374b924:192.168.30.10:34467], old=null
2019-09-25 05:50:16,370 [pool-517-thread-1] INFO  impl.RaftServerImpl (RaftServerImpl.java:setRole(174)) - dc430975-089c-40cd-a0f1-208b2374b924@group-8F934DC354E7: changes role from      null to FOLLOWER at term 0 for startAsFollower
2019-09-25 05:50:16,371 [pool-517-thread-1] INFO  impl.RoleInfo (RoleInfo.java:updateAndGet(143)) - dc430975-089c-40cd-a0f1-208b2374b924: start FollowerState
2019-09-25 05:50:16,371 [pool-517-thread-1] INFO  util.JmxRegister (JmxRegister.java:tryRegister(44)) - Successfully registered JMX Bean with object name Ratis:service=RaftServer,group=group-8F934DC354E7,id=dc430975-089c-40cd-a0f1-208b2374b924
2019-09-25 05:50:16,372 [RatisPipelineUtilsThread] INFO  pipeline.PipelineStateManager (PipelineStateManager.java:addPipeline(56)) - Created pipeline Pipeline[ Id: d02050f9-667b-4158-a358-8f934dc354e7, Nodes: dc430975-089c-40cd-a0f1-208b2374b924{ip: 192.168.30.10, host: pr-hdds-1569-s62bp-3040748787, networkLocation: /default-rack, certSerialId: null}, Type:RATIS, Factor:ONE, State:OPEN]
2019-09-25 05:50:16,372 [RatisPipelineUtilsThread] INFO  pipeline.PipelinePlacementPolicy (PipelinePlacementPolicy.java:meetCriteria(91)) - Pipeline Placement: Doesn't meet the criteria to be viable node： 45ca45e9-b5b0-4fbb-a7fd-6b6ab106be2a Heaviness: 6 limit: 5
2019-09-25 05:50:16,372 [RatisPipelineUtilsThread] INFO  pipeline.PipelinePlacementPolicy (PipelinePlacementPolicy.java:meetCriteria(91)) - Pipeline Placement: Doesn't meet the criteria to be viable node： 899bfb76-eea4-4ff6-823c-7995b606cb73 Heaviness: 6 limit: 5
2019-09-25 05:50:16,373 [RatisPipelineUtilsThread] INFO  pipeline.PipelinePlacementPolicy (PipelinePlacementPolicy.java:meetCriteria(91)) - Pipeline Placement: Doesn't meet the criteria to be viable node： dc430975-089c-40cd-a0f1-208b2374b924 Heaviness: 6 limit: 5
2019-09-25 05:50:16,376 [grpc-default-executor-0] INFO  impl.RaftServerProxy (RaftServerProxy.java:addNew(89)) - 30620aa2-f8b3-4a53-9c80-c9f165f833cf: addNew group-0D990AF1D4C9:[30620aa2-f8b3-4a53-9c80-c9f165f833cf:192.168.30.10:39633] returns group-0D990AF1D4C9:java.util.concurrent.CompletableFuture@1bf4cb0a[Not completed]
2019-09-25 05:50:16,376 [pool-527-thread-1] INFO  impl.RaftServerImpl (RaftServerImpl.java:<init>(95)) - 30620aa2-f8b3-4a53-9c80-c9f165f833cf: new RaftServerImpl for group-0D990AF1D4C9:[30620aa2-f8b3-4a53-9c80-c9f165f833cf:192.168.30.10:39633] with ContainerStateMachine:uninitialized
2019-09-25 05:50:16,376 [pool-527-thread-1] INFO  server.RaftServerConfigKeys (ConfUtils.java:logGet(43)) - raft.server.rpc.timeout.min = 5s (custom)
2019-09-25 05:50:16,376 [pool-527-thread-1] INFO  server.RaftServerConfigKeys (ConfUtils.java:logGet(43)) - raft.server.rpc.timeout.max = 5200ms (custom)
2019-09-25 05:50:16,376 [pool-527-thread-1] INFO  server.RaftServerConfigKeys (ConfUtils.java:logGet(43)) - raft.server.rpcslowness.timeout = 120s (custom)
2019-09-25 05:50:16,376 [pool-527-thread-1] INFO  server.RaftServerConfigKeys (ConfUtils.java:logGet(43)) - raft.server.sleep.deviation.threshold = 300 (default)
2019-09-25 05:50:16,376 [pool-527-thread-1] INFO  server.RaftServerConfigKeys (ConfUtils.java:logGet(43)) - raft.server.log.appender.install.snapshot.enabled = false (custom)
2019-09-25 05:50:16,377 [pool-527-thread-1] INFO  impl.RaftServerImpl (ServerState.java:<init>(103)) - 30620aa2-f8b3-4a53-9c80-c9f165f833cf@group-0D990AF1D4C9: ConfigurationManager, init=-1: [30620aa2-f8b3-4a53-9c80-c9f165f833cf:192.168.30.10:39633], old=null, confs=<EMPTY_MAP>
2019-09-25 05:50:16,377 [pool-527-thread-1] INFO  server.RaftServerConfigKeys (ConfUtils.java:logGet(43)) - raft.server.storage.dir = [/workdir/hadoop-ozone/integration-test/target/test-dir/MiniOzoneClusterImpl-2263fc46-0a90-446a-9f91-f67f9935a0e0/datanode-3/data/ratis] (custom)
2019-09-25 05:50:16,377 [pool-527-thread-1] INFO  storage.RaftStorageDirectory (RaftStorageDirectory.java:analyzeStorage(246)) - The storage directory /workdir/hadoop-ozone/integration-test/target/test-dir/MiniOzoneClusterImpl-2263fc46-0a90-446a-9f91-f67f9935a0e0/datanode-3/data/ratis/91fb5dec-a99b-43ed-bd6b-0d990af1d4c9 does not exist. Creating ...
2019-09-25 05:50:16,389 [pool-527-thread-1] INFO  storage.RaftStorageDirectory (RaftStorageDirectory.java:tryLock(328)) - Lock on /workdir/hadoop-ozone/integration-test/target/test-dir/MiniOzoneClusterImpl-2263fc46-0a90-446a-9f91-f67f9935a0e0/datanode-3/data/ratis/91fb5dec-a99b-43ed-bd6b-0d990af1d4c9/in_use.lock acquired by nodename 13539@pr-hdds-1569-s62bp-3040748787
2019-09-25 05:50:16,392 [pool-527-thread-1] INFO  storage.RaftStorage (RaftStorage.java:format(72)) - Storage directory /workdir/hadoop-ozone/integration-test/target/test-dir/MiniOzoneClusterImpl-2263fc46-0a90-446a-9f91-f67f9935a0e0/datanode-3/data/ratis/91fb5dec-a99b-43ed-bd6b-0d990af1d4c9 has been successfully formatted.
2019-09-25 05:50:16,392 [pool-527-thread-1] INFO  ratis.ContainerStateMachine (ContainerStateMachine.java:loadSnapshot(230)) - group-0D990AF1D4C9: The snapshot info is null. Setting the last applied indexto:(t:0, i:~)
2019-09-25 05:50:16,392 [pool-527-thread-1] INFO  server.RaftServerConfigKeys (ConfUtils.java:logGet(43)) - raft.server.notification.no-leader.timeout = 120s (custom)
2019-09-25 05:50:16,392 [pool-527-thread-1] INFO  server.RaftServerConfigKeys (ConfUtils.java:logGet(43)) - raft.server.log.use.memory = false (default)
2019-09-25 05:50:16,392 [pool-527-thread-1] INFO  server.RaftServerConfigKeys (ConfUtils.java:logGet(43)) - raft.server.log.purge.gap = 1000000 (custom)
2019-09-25 05:50:16,392 [pool-527-thread-1] INFO  server.RaftServerConfigKeys (ConfUtils.java:logGet(43)) - raft.server.log.appender.buffer.byte-limit = 33554432 (custom)
2019-09-25 05:50:16,392 [pool-527-thread-1] INFO  server.RaftServerConfigKeys (ConfUtils.java:logGet(43)) - raft.server.log.segment.size.max = 1048576 (custom)
2019-09-25 05:50:16,393 [pool-527-thread-1] INFO  server.RaftServerConfigKeys (ConfUtils.java:logGet(43)) - raft.server.log.segment.cache.num.max = 2 (custom)
2019-09-25 05:50:16,393 [pool-527-thread-1] INFO  segmented.SegmentedRaftLogWorker (SegmentedRaftLogWorker.java:<init>(172)) - new 30620aa2-f8b3-4a53-9c80-c9f165f833cf@group-0D990AF1D4C9-SegmentedRaftLogWorker for RaftStorage:Storage Directory /workdir/hadoop-ozone/integration-test/target/test-dir/MiniOzoneClusterImpl-2263fc46-0a90-446a-9f91-f67f9935a0e0/datanode-3/data/ratis/91fb5dec-a99b-43ed-bd6b-0d990af1d4c9
2019-09-25 05:50:16,393 [pool-527-thread-1] INFO  server.RaftServerConfigKeys (ConfUtils.java:logGet(43)) - raft.server.log.queue.byte-limit = 2147483647 (custom)
2019-09-25 05:50:16,393 [pool-527-thread-1] INFO  server.RaftServerConfigKeys (ConfUtils.java:logGet(43)) - raft.server.log.queue.element-limit = 1024 (custom)
2019-09-25 05:50:16,393 [pool-527-thread-1] INFO  server.RaftServerConfigKeys (ConfUtils.java:logGet(43)) - raft.server.log.segment.size.max = 1048576 (custom)
2019-09-25 05:50:16,393 [pool-527-thread-1] INFO  server.RaftServerConfigKeys (ConfUtils.java:logGet(43)) - raft.server.log.preallocated.size = 16384 (custom)
2019-09-25 05:50:16,393 [pool-527-thread-1] INFO  server.RaftServerConfigKeys (ConfUtils.java:logGet(43)) - raft.server.log.write.buffer.size = 33554432 (custom)
2019-09-25 05:50:16,393 [pool-527-thread-1] INFO  server.RaftServerConfigKeys (ConfUtils.java:logGet(43)) - raft.server.log.force.sync.num = 128 (default)
2019-09-25 05:50:16,393 [pool-527-thread-1] INFO  server.RaftServerConfigKeys (ConfUtils.java:logGet(43)) - raft.server.log.statemachine.data.sync = true (default)
2019-09-25 05:50:16,393 [pool-527-thread-1] INFO  server.RaftServerConfigKeys (ConfUtils.java:logGet(43)) - raft.server.log.statemachine.data.sync.timeout = 10s (default)
2019-09-25 05:50:16,393 [pool-527-thread-1] INFO  server.RaftServerConfigKeys (ConfUtils.java:logGet(43)) - raft.server.log.statemachine.data.sync.timeout.retry = -1 (default)
2019-09-25 05:50:16,394 [pool-527-thread-1] INFO  server.RaftServerConfigKeys (ConfUtils.java:logGet(43)) - raft.server.log.statemachine.data.caching.enabled = true (custom)
2019-09-25 05:50:16,394 [pool-527-thread-1] INFO  segmented.SegmentedRaftLogWorker (SegmentedRaftLogWorker.java:lambda$new$0(132)) - 30620aa2-f8b3-4a53-9c80-c9f165f833cf@group-0D990AF1D4C9-SegmentedRaftLogWorker: flushIndex: setUnconditionally 0 -> -1
2019-09-25 05:50:16,394 [pool-527-thread-1] INFO  server.RaftServerConfigKeys (ConfUtils.java:logGet(43)) - raft.server.snapshot.auto.trigger.enabled = true (custom)
2019-09-25 05:50:16,394 [pool-527-thread-1] INFO  server.RaftServerConfigKeys (ConfUtils.java:logGet(43)) - raft.server.snapshot.auto.trigger.threshold = 10000 (custom)
2019-09-25 05:50:16,394 [pool-527-thread-1] INFO  server.RaftServerConfigKeys (ConfUtils.java:logGet(43)) - raft.server.snapshot.retention.num.files = 5 (custom)
2019-09-25 05:50:16,394 [pool-527-thread-1] INFO  server.RaftServerConfigKeys (ConfUtils.java:logGet(43)) - raft.server.retrycache.expirytime = 600000ms (custom)
2019-09-25 05:50:16,395 [pool-527-thread-1] INFO  impl.RaftServerImpl (RaftServerImpl.java:start(185)) - 30620aa2-f8b3-4a53-9c80-c9f165f833cf@group-0D990AF1D4C9: start as a follower, conf=-1: [30620aa2-f8b3-4a53-9c80-c9f165f833cf:192.168.30.10:39633], old=null
2019-09-25 05:50:16,395 [pool-527-thread-1] INFO  impl.RaftServerImpl (RaftServerImpl.java:setRole(174)) - 30620aa2-f8b3-4a53-9c80-c9f165f833cf@group-0D990AF1D4C9: changes role from      null to FOLLOWER at term 0 for startAsFollower
2019-09-25 05:50:16,395 [pool-527-thread-1] INFO  impl.RoleInfo (RoleInfo.java:updateAndGet(143)) - 30620aa2-f8b3-4a53-9c80-c9f165f833cf: start FollowerState
2019-09-25 05:50:16,395 [pool-527-thread-1] INFO  util.JmxRegister (JmxRegister.java:tryRegister(44)) - Successfully registered JMX Bean with object name Ratis:service=RaftServer,group=group-0D990AF1D4C9,id=30620aa2-f8b3-4a53-9c80-c9f165f833cf
2019-09-25 05:50:16,397 [RatisPipelineUtilsThread] INFO  pipeline.PipelineStateManager (PipelineStateManager.java:addPipeline(56)) - Created pipeline Pipeline[ Id: 91fb5dec-a99b-43ed-bd6b-0d990af1d4c9, Nodes: 30620aa2-f8b3-4a53-9c80-c9f165f833cf{ip: 192.168.30.10, host: pr-hdds-1569-s62bp-3040748787, networkLocation: /default-rack, certSerialId: null}, Type:RATIS, Factor:ONE, State:OPEN]
2019-09-25 05:50:16,397 [RatisPipelineUtilsThread] INFO  pipeline.PipelinePlacementPolicy (PipelinePlacementPolicy.java:meetCriteria(91)) - Pipeline Placement: Doesn't meet the criteria to be viable node： 45ca45e9-b5b0-4fbb-a7fd-6b6ab106be2a Heaviness: 6 limit: 5
2019-09-25 05:50:16,397 [RatisPipelineUtilsThread] INFO  pipeline.PipelinePlacementPolicy (PipelinePlacementPolicy.java:meetCriteria(91)) - Pipeline Placement: Doesn't meet the criteria to be viable node： 899bfb76-eea4-4ff6-823c-7995b606cb73 Heaviness: 6 limit: 5
2019-09-25 05:50:16,397 [RatisPipelineUtilsThread] INFO  pipeline.PipelinePlacementPolicy (PipelinePlacementPolicy.java:meetCriteria(91)) - Pipeline Placement: Doesn't meet the criteria to be viable node： dc430975-089c-40cd-a0f1-208b2374b924 Heaviness: 6 limit: 5
2019-09-25 05:50:16,404 [grpc-default-executor-0] INFO  impl.RaftServerProxy (RaftServerProxy.java:addNew(89)) - 11c09e37-7211-4e36-88ba-de9fcd604807: addNew group-73B23F2587F1:[11c09e37-7211-4e36-88ba-de9fcd604807:192.168.30.10:35566] returns group-73B23F2587F1:java.util.concurrent.CompletableFuture@6337a06b[Not completed]
2019-09-25 05:50:16,405 [pool-537-thread-1] INFO  impl.RaftServerImpl (RaftServerImpl.java:<init>(95)) - 11c09e37-7211-4e36-88ba-de9fcd604807: new RaftServerImpl for group-73B23F2587F1:[11c09e37-7211-4e36-88ba-de9fcd604807:192.168.30.10:35566] with ContainerStateMachine:uninitialized
2019-09-25 05:50:16,405 [pool-537-thread-1] INFO  server.RaftServerConfigKeys (ConfUtils.java:logGet(43)) - raft.server.rpc.timeout.min = 5s (custom)
2019-09-25 05:50:16,405 [pool-537-thread-1] INFO  server.RaftServerConfigKeys (ConfUtils.java:logGet(43)) - raft.server.rpc.timeout.max = 5200ms (custom)
2019-09-25 05:50:16,405 [pool-537-thread-1] INFO  server.RaftServerConfigKeys (ConfUtils.java:logGet(43)) - raft.server.rpcslowness.timeout = 120s (custom)
2019-09-25 05:50:16,405 [pool-537-thread-1] INFO  server.RaftServerConfigKeys (ConfUtils.java:logGet(43)) - raft.server.sleep.deviation.threshold = 300 (default)
2019-09-25 05:50:16,405 [pool-537-thread-1] INFO  server.RaftServerConfigKeys (ConfUtils.java:logGet(43)) - raft.server.log.appender.install.snapshot.enabled = false (custom)
2019-09-25 05:50:16,405 [pool-537-thread-1] INFO  impl.RaftServerImpl (ServerState.java:<init>(103)) - 11c09e37-7211-4e36-88ba-de9fcd604807@group-73B23F2587F1: ConfigurationManager, init=-1: [11c09e37-7211-4e36-88ba-de9fcd604807:192.168.30.10:35566], old=null, confs=<EMPTY_MAP>
2019-09-25 05:50:16,405 [pool-537-thread-1] INFO  server.RaftServerConfigKeys (ConfUtils.java:logGet(43)) - raft.server.storage.dir = [/workdir/hadoop-ozone/integration-test/target/test-dir/MiniOzoneClusterImpl-2263fc46-0a90-446a-9f91-f67f9935a0e0/datanode-4/data/ratis] (custom)
2019-09-25 05:50:16,406 [pool-537-thread-1] INFO  storage.RaftStorageDirectory (RaftStorageDirectory.java:analyzeStorage(246)) - The storage directory /workdir/hadoop-ozone/integration-test/target/test-dir/MiniOzoneClusterImpl-2263fc46-0a90-446a-9f91-f67f9935a0e0/datanode-4/data/ratis/4ae5ab31-0940-49c0-abe9-73b23f2587f1 does not exist. Creating ...
2019-09-25 05:50:16,418 [pool-537-thread-1] INFO  storage.RaftStorageDirectory (RaftStorageDirectory.java:tryLock(328)) - Lock on /workdir/hadoop-ozone/integration-test/target/test-dir/MiniOzoneClusterImpl-2263fc46-0a90-446a-9f91-f67f9935a0e0/datanode-4/data/ratis/4ae5ab31-0940-49c0-abe9-73b23f2587f1/in_use.lock acquired by nodename 13539@pr-hdds-1569-s62bp-3040748787
2019-09-25 05:50:16,431 [pool-537-thread-1] INFO  storage.RaftStorage (RaftStorage.java:format(72)) - Storage directory /workdir/hadoop-ozone/integration-test/target/test-dir/MiniOzoneClusterImpl-2263fc46-0a90-446a-9f91-f67f9935a0e0/datanode-4/data/ratis/4ae5ab31-0940-49c0-abe9-73b23f2587f1 has been successfully formatted.
2019-09-25 05:50:16,431 [pool-537-thread-1] INFO  ratis.ContainerStateMachine (ContainerStateMachine.java:loadSnapshot(230)) - group-73B23F2587F1: The snapshot info is null. Setting the last applied indexto:(t:0, i:~)
2019-09-25 05:50:16,431 [pool-537-thread-1] INFO  server.RaftServerConfigKeys (ConfUtils.java:logGet(43)) - raft.server.notification.no-leader.timeout = 120s (custom)
2019-09-25 05:50:16,431 [pool-537-thread-1] INFO  server.RaftServerConfigKeys (ConfUtils.java:logGet(43)) - raft.server.log.use.memory = false (default)
2019-09-25 05:50:16,431 [pool-537-thread-1] INFO  server.RaftServerConfigKeys (ConfUtils.java:logGet(43)) - raft.server.log.purge.gap = 1000000 (custom)
2019-09-25 05:50:16,431 [pool-537-thread-1] INFO  server.RaftServerConfigKeys (ConfUtils.java:logGet(43)) - raft.server.log.appender.buffer.byte-limit = 33554432 (custom)
2019-09-25 05:50:16,432 [pool-537-thread-1] INFO  server.RaftServerConfigKeys (ConfUtils.java:logGet(43)) - raft.server.log.segment.size.max = 1048576 (custom)
2019-09-25 05:50:16,432 [pool-537-thread-1] INFO  server.RaftServerConfigKeys (ConfUtils.java:logGet(43)) - raft.server.log.segment.cache.num.max = 2 (custom)
2019-09-25 05:50:16,432 [pool-537-thread-1] INFO  segmented.SegmentedRaftLogWorker (SegmentedRaftLogWorker.java:<init>(172)) - new 11c09e37-7211-4e36-88ba-de9fcd604807@group-73B23F2587F1-SegmentedRaftLogWorker for RaftStorage:Storage Directory /workdir/hadoop-ozone/integration-test/target/test-dir/MiniOzoneClusterImpl-2263fc46-0a90-446a-9f91-f67f9935a0e0/datanode-4/data/ratis/4ae5ab31-0940-49c0-abe9-73b23f2587f1
2019-09-25 05:50:16,433 [pool-537-thread-1] INFO  server.RaftServerConfigKeys (ConfUtils.java:logGet(43)) - raft.server.log.queue.byte-limit = 2147483647 (custom)
2019-09-25 05:50:16,433 [pool-537-thread-1] INFO  server.RaftServerConfigKeys (ConfUtils.java:logGet(43)) - raft.server.log.queue.element-limit = 1024 (custom)
2019-09-25 05:50:16,433 [pool-537-thread-1] INFO  server.RaftServerConfigKeys (ConfUtils.java:logGet(43)) - raft.server.log.segment.size.max = 1048576 (custom)
2019-09-25 05:50:16,433 [pool-537-thread-1] INFO  server.RaftServerConfigKeys (ConfUtils.java:logGet(43)) - raft.server.log.preallocated.size = 16384 (custom)
2019-09-25 05:50:16,433 [pool-537-thread-1] INFO  server.RaftServerConfigKeys (ConfUtils.java:logGet(43)) - raft.server.log.write.buffer.size = 33554432 (custom)
2019-09-25 05:50:16,433 [pool-537-thread-1] INFO  server.RaftServerConfigKeys (ConfUtils.java:logGet(43)) - raft.server.log.force.sync.num = 128 (default)
2019-09-25 05:50:16,433 [pool-537-thread-1] INFO  server.RaftServerConfigKeys (ConfUtils.java:logGet(43)) - raft.server.log.statemachine.data.sync = true (default)
2019-09-25 05:50:16,433 [pool-537-thread-1] INFO  server.RaftServerConfigKeys (ConfUtils.java:logGet(43)) - raft.server.log.statemachine.data.sync.timeout = 10s (default)
2019-09-25 05:50:16,433 [pool-537-thread-1] INFO  server.RaftServerConfigKeys (ConfUtils.java:logGet(43)) - raft.server.log.statemachine.data.sync.timeout.retry = -1 (default)
2019-09-25 05:50:16,433 [pool-537-thread-1] INFO  server.RaftServerConfigKeys (ConfUtils.java:logGet(43)) - raft.server.log.statemachine.data.caching.enabled = true (custom)
2019-09-25 05:50:16,433 [pool-537-thread-1] INFO  segmented.SegmentedRaftLogWorker (SegmentedRaftLogWorker.java:lambda$new$0(132)) - 11c09e37-7211-4e36-88ba-de9fcd604807@group-73B23F2587F1-SegmentedRaftLogWorker: flushIndex: setUnconditionally 0 -> -1
2019-09-25 05:50:16,434 [pool-537-thread-1] INFO  server.RaftServerConfigKeys (ConfUtils.java:logGet(43)) - raft.server.snapshot.auto.trigger.enabled = true (custom)
2019-09-25 05:50:16,434 [pool-537-thread-1] INFO  server.RaftServerConfigKeys (ConfUtils.java:logGet(43)) - raft.server.snapshot.auto.trigger.threshold = 10000 (custom)
2019-09-25 05:50:16,434 [pool-537-thread-1] INFO  server.RaftServerConfigKeys (ConfUtils.java:logGet(43)) - raft.server.snapshot.retention.num.files = 5 (custom)
2019-09-25 05:50:16,434 [pool-537-thread-1] INFO  server.RaftServerConfigKeys (ConfUtils.java:logGet(43)) - raft.server.retrycache.expirytime = 600000ms (custom)
2019-09-25 05:50:16,435 [pool-537-thread-1] INFO  impl.RaftServerImpl (RaftServerImpl.java:start(185)) - 11c09e37-7211-4e36-88ba-de9fcd604807@group-73B23F2587F1: start as a follower, conf=-1: [11c09e37-7211-4e36-88ba-de9fcd604807:192.168.30.10:35566], old=null
2019-09-25 05:50:16,435 [pool-537-thread-1] INFO  impl.RaftServerImpl (RaftServerImpl.java:setRole(174)) - 11c09e37-7211-4e36-88ba-de9fcd604807@group-73B23F2587F1: changes role from      null to FOLLOWER at term 0 for startAsFollower
2019-09-25 05:50:16,435 [pool-537-thread-1] INFO  impl.RoleInfo (RoleInfo.java:updateAndGet(143)) - 11c09e37-7211-4e36-88ba-de9fcd604807: start FollowerState
2019-09-25 05:50:16,435 [pool-537-thread-1] INFO  util.JmxRegister (JmxRegister.java:tryRegister(44)) - Successfully registered JMX Bean with object name Ratis:service=RaftServer,group=group-73B23F2587F1,id=11c09e37-7211-4e36-88ba-de9fcd604807
2019-09-25 05:50:16,436 [RatisPipelineUtilsThread] INFO  pipeline.PipelineStateManager (PipelineStateManager.java:addPipeline(56)) - Created pipeline Pipeline[ Id: 4ae5ab31-0940-49c0-abe9-73b23f2587f1, Nodes: 11c09e37-7211-4e36-88ba-de9fcd604807{ip: 192.168.30.10, host: pr-hdds-1569-s62bp-3040748787, networkLocation: /default-rack, certSerialId: null}, Type:RATIS, Factor:ONE, State:OPEN]
2019-09-25 05:50:16,437 [RatisPipelineUtilsThread] INFO  pipeline.PipelinePlacementPolicy (PipelinePlacementPolicy.java:meetCriteria(91)) - Pipeline Placement: Doesn't meet the criteria to be viable node： 45ca45e9-b5b0-4fbb-a7fd-6b6ab106be2a Heaviness: 6 limit: 5
2019-09-25 05:50:16,437 [RatisPipelineUtilsThread] INFO  pipeline.PipelinePlacementPolicy (PipelinePlacementPolicy.java:meetCriteria(91)) - Pipeline Placement: Doesn't meet the criteria to be viable node： 899bfb76-eea4-4ff6-823c-7995b606cb73 Heaviness: 6 limit: 5
2019-09-25 05:50:16,437 [RatisPipelineUtilsThread] INFO  pipeline.PipelinePlacementPolicy (PipelinePlacementPolicy.java:meetCriteria(91)) - Pipeline Placement: Doesn't meet the criteria to be viable node： dc430975-089c-40cd-a0f1-208b2374b924 Heaviness: 6 limit: 5
2019-09-25 05:50:16,440 [grpc-default-executor-0] INFO  impl.RaftServerProxy (RaftServerProxy.java:addNew(89)) - 30620aa2-f8b3-4a53-9c80-c9f165f833cf: addNew group-10C4D5A607A6:[30620aa2-f8b3-4a53-9c80-c9f165f833cf:192.168.30.10:39633] returns group-10C4D5A607A6:java.util.concurrent.CompletableFuture@4074573e[Not completed]
2019-09-25 05:50:16,440 [pool-527-thread-1] INFO  impl.RaftServerImpl (RaftServerImpl.java:<init>(95)) - 30620aa2-f8b3-4a53-9c80-c9f165f833cf: new RaftServerImpl for group-10C4D5A607A6:[30620aa2-f8b3-4a53-9c80-c9f165f833cf:192.168.30.10:39633] with ContainerStateMachine:uninitialized
2019-09-25 05:50:16,440 [pool-527-thread-1] INFO  server.RaftServerConfigKeys (ConfUtils.java:logGet(43)) - raft.server.rpc.timeout.min = 5s (custom)
2019-09-25 05:50:16,440 [pool-527-thread-1] INFO  server.RaftServerConfigKeys (ConfUtils.java:logGet(43)) - raft.server.rpc.timeout.max = 5200ms (custom)
2019-09-25 05:50:16,440 [pool-527-thread-1] INFO  server.RaftServerConfigKeys (ConfUtils.java:logGet(43)) - raft.server.rpcslowness.timeout = 120s (custom)
2019-09-25 05:50:16,440 [pool-527-thread-1] INFO  server.RaftServerConfigKeys (ConfUtils.java:logGet(43)) - raft.server.sleep.deviation.threshold = 300 (default)
2019-09-25 05:50:16,440 [pool-527-thread-1] INFO  server.RaftServerConfigKeys (ConfUtils.java:logGet(43)) - raft.server.log.appender.install.snapshot.enabled = false (custom)
2019-09-25 05:50:16,440 [pool-527-thread-1] INFO  impl.RaftServerImpl (ServerState.java:<init>(103)) - 30620aa2-f8b3-4a53-9c80-c9f165f833cf@group-10C4D5A607A6: ConfigurationManager, init=-1: [30620aa2-f8b3-4a53-9c80-c9f165f833cf:192.168.30.10:39633], old=null, confs=<EMPTY_MAP>
2019-09-25 05:50:16,441 [pool-527-thread-1] INFO  server.RaftServerConfigKeys (ConfUtils.java:logGet(43)) - raft.server.storage.dir = [/workdir/hadoop-ozone/integration-test/target/test-dir/MiniOzoneClusterImpl-2263fc46-0a90-446a-9f91-f67f9935a0e0/datanode-3/data/ratis] (custom)
2019-09-25 05:50:16,441 [pool-527-thread-1] INFO  storage.RaftStorageDirectory (RaftStorageDirectory.java:analyzeStorage(246)) - The storage directory /workdir/hadoop-ozone/integration-test/target/test-dir/MiniOzoneClusterImpl-2263fc46-0a90-446a-9f91-f67f9935a0e0/datanode-3/data/ratis/6f925b2d-703f-47f5-84bb-10c4d5a607a6 does not exist. Creating ...
2019-09-25 05:50:16,453 [pool-527-thread-1] INFO  storage.RaftStorageDirectory (RaftStorageDirectory.java:tryLock(328)) - Lock on /workdir/hadoop-ozone/integration-test/target/test-dir/MiniOzoneClusterImpl-2263fc46-0a90-446a-9f91-f67f9935a0e0/datanode-3/data/ratis/6f925b2d-703f-47f5-84bb-10c4d5a607a6/in_use.lock acquired by nodename 13539@pr-hdds-1569-s62bp-3040748787
2019-09-25 05:50:16,456 [pool-527-thread-1] INFO  storage.RaftStorage (RaftStorage.java:format(72)) - Storage directory /workdir/hadoop-ozone/integration-test/target/test-dir/MiniOzoneClusterImpl-2263fc46-0a90-446a-9f91-f67f9935a0e0/datanode-3/data/ratis/6f925b2d-703f-47f5-84bb-10c4d5a607a6 has been successfully formatted.
2019-09-25 05:50:16,456 [pool-527-thread-1] INFO  ratis.ContainerStateMachine (ContainerStateMachine.java:loadSnapshot(230)) - group-10C4D5A607A6: The snapshot info is null. Setting the last applied indexto:(t:0, i:~)
2019-09-25 05:50:16,456 [pool-527-thread-1] INFO  server.RaftServerConfigKeys (ConfUtils.java:logGet(43)) - raft.server.notification.no-leader.timeout = 120s (custom)
2019-09-25 05:50:16,456 [pool-527-thread-1] INFO  server.RaftServerConfigKeys (ConfUtils.java:logGet(43)) - raft.server.log.use.memory = false (default)
2019-09-25 05:50:16,456 [pool-527-thread-1] INFO  server.RaftServerConfigKeys (ConfUtils.java:logGet(43)) - raft.server.log.purge.gap = 1000000 (custom)
2019-09-25 05:50:16,456 [pool-527-thread-1] INFO  server.RaftServerConfigKeys (ConfUtils.java:logGet(43)) - raft.server.log.appender.buffer.byte-limit = 33554432 (custom)
2019-09-25 05:50:16,456 [pool-527-thread-1] INFO  server.RaftServerConfigKeys (ConfUtils.java:logGet(43)) - raft.server.log.segment.size.max = 1048576 (custom)
2019-09-25 05:50:16,456 [pool-527-thread-1] INFO  server.RaftServerConfigKeys (ConfUtils.java:logGet(43)) - raft.server.log.segment.cache.num.max = 2 (custom)
2019-09-25 05:50:16,456 [pool-527-thread-1] INFO  segmented.SegmentedRaftLogWorker (SegmentedRaftLogWorker.java:<init>(172)) - new 30620aa2-f8b3-4a53-9c80-c9f165f833cf@group-10C4D5A607A6-SegmentedRaftLogWorker for RaftStorage:Storage Directory /workdir/hadoop-ozone/integration-test/target/test-dir/MiniOzoneClusterImpl-2263fc46-0a90-446a-9f91-f67f9935a0e0/datanode-3/data/ratis/6f925b2d-703f-47f5-84bb-10c4d5a607a6
2019-09-25 05:50:16,456 [pool-527-thread-1] INFO  server.RaftServerConfigKeys (ConfUtils.java:logGet(43)) - raft.server.log.queue.byte-limit = 2147483647 (custom)
2019-09-25 05:50:16,456 [pool-527-thread-1] INFO  server.RaftServerConfigKeys (ConfUtils.java:logGet(43)) - raft.server.log.queue.element-limit = 1024 (custom)
2019-09-25 05:50:16,457 [pool-527-thread-1] INFO  server.RaftServerConfigKeys (ConfUtils.java:logGet(43)) - raft.server.log.segment.size.max = 1048576 (custom)
2019-09-25 05:50:16,457 [pool-527-thread-1] INFO  server.RaftServerConfigKeys (ConfUtils.java:logGet(43)) - raft.server.log.preallocated.size = 16384 (custom)
2019-09-25 05:50:16,457 [pool-527-thread-1] INFO  server.RaftServerConfigKeys (ConfUtils.java:logGet(43)) - raft.server.log.write.buffer.size = 33554432 (custom)
2019-09-25 05:50:16,457 [pool-527-thread-1] INFO  server.RaftServerConfigKeys (ConfUtils.java:logGet(43)) - raft.server.log.force.sync.num = 128 (default)
2019-09-25 05:50:16,457 [pool-527-thread-1] INFO  server.RaftServerConfigKeys (ConfUtils.java:logGet(43)) - raft.server.log.statemachine.data.sync = true (default)
2019-09-25 05:50:16,457 [pool-527-thread-1] INFO  server.RaftServerConfigKeys (ConfUtils.java:logGet(43)) - raft.server.log.statemachine.data.sync.timeout = 10s (default)
2019-09-25 05:50:16,457 [pool-527-thread-1] INFO  server.RaftServerConfigKeys (ConfUtils.java:logGet(43)) - raft.server.log.statemachine.data.sync.timeout.retry = -1 (default)
2019-09-25 05:50:16,457 [pool-527-thread-1] INFO  server.RaftServerConfigKeys (ConfUtils.java:logGet(43)) - raft.server.log.statemachine.data.caching.enabled = true (custom)
2019-09-25 05:50:16,457 [pool-527-thread-1] INFO  segmented.SegmentedRaftLogWorker (SegmentedRaftLogWorker.java:lambda$new$0(132)) - 30620aa2-f8b3-4a53-9c80-c9f165f833cf@group-10C4D5A607A6-SegmentedRaftLogWorker: flushIndex: setUnconditionally 0 -> -1
2019-09-25 05:50:16,458 [pool-527-thread-1] INFO  server.RaftServerConfigKeys (ConfUtils.java:logGet(43)) - raft.server.snapshot.auto.trigger.enabled = true (custom)
2019-09-25 05:50:16,458 [pool-527-thread-1] INFO  server.RaftServerConfigKeys (ConfUtils.java:logGet(43)) - raft.server.snapshot.auto.trigger.threshold = 10000 (custom)
2019-09-25 05:50:16,458 [pool-527-thread-1] INFO  server.RaftServerConfigKeys (ConfUtils.java:logGet(43)) - raft.server.snapshot.retention.num.files = 5 (custom)
2019-09-25 05:50:16,458 [pool-527-thread-1] INFO  server.RaftServerConfigKeys (ConfUtils.java:logGet(43)) - raft.server.retrycache.expirytime = 600000ms (custom)
2019-09-25 05:50:16,459 [pool-527-thread-1] INFO  impl.RaftServerImpl (RaftServerImpl.java:start(185)) - 30620aa2-f8b3-4a53-9c80-c9f165f833cf@group-10C4D5A607A6: start as a follower, conf=-1: [30620aa2-f8b3-4a53-9c80-c9f165f833cf:192.168.30.10:39633], old=null
2019-09-25 05:50:16,459 [pool-527-thread-1] INFO  impl.RaftServerImpl (RaftServerImpl.java:setRole(174)) - 30620aa2-f8b3-4a53-9c80-c9f165f833cf@group-10C4D5A607A6: changes role from      null to FOLLOWER at term 0 for startAsFollower
2019-09-25 05:50:16,459 [pool-527-thread-1] INFO  impl.RoleInfo (RoleInfo.java:updateAndGet(143)) - 30620aa2-f8b3-4a53-9c80-c9f165f833cf: start FollowerState
2019-09-25 05:50:16,459 [pool-527-thread-1] INFO  util.JmxRegister (JmxRegister.java:tryRegister(44)) - Successfully registered JMX Bean with object name Ratis:service=RaftServer,group=group-10C4D5A607A6,id=30620aa2-f8b3-4a53-9c80-c9f165f833cf
2019-09-25 05:50:16,460 [RatisPipelineUtilsThread] INFO  pipeline.PipelineStateManager (PipelineStateManager.java:addPipeline(56)) - Created pipeline Pipeline[ Id: 6f925b2d-703f-47f5-84bb-10c4d5a607a6, Nodes: 30620aa2-f8b3-4a53-9c80-c9f165f833cf{ip: 192.168.30.10, host: pr-hdds-1569-s62bp-3040748787, networkLocation: /default-rack, certSerialId: null}, Type:RATIS, Factor:ONE, State:OPEN]
2019-09-25 05:50:16,460 [RatisPipelineUtilsThread] INFO  pipeline.PipelinePlacementPolicy (PipelinePlacementPolicy.java:meetCriteria(91)) - Pipeline Placement: Doesn't meet the criteria to be viable node： 45ca45e9-b5b0-4fbb-a7fd-6b6ab106be2a Heaviness: 6 limit: 5
2019-09-25 05:50:16,461 [RatisPipelineUtilsThread] INFO  pipeline.PipelinePlacementPolicy (PipelinePlacementPolicy.java:meetCriteria(91)) - Pipeline Placement: Doesn't meet the criteria to be viable node： 899bfb76-eea4-4ff6-823c-7995b606cb73 Heaviness: 6 limit: 5
2019-09-25 05:50:16,461 [RatisPipelineUtilsThread] INFO  pipeline.PipelinePlacementPolicy (PipelinePlacementPolicy.java:meetCriteria(91)) - Pipeline Placement: Doesn't meet the criteria to be viable node： dc430975-089c-40cd-a0f1-208b2374b924 Heaviness: 6 limit: 5
2019-09-25 05:50:16,464 [grpc-default-executor-0] INFO  impl.RaftServerProxy (RaftServerProxy.java:addNew(89)) - 11c09e37-7211-4e36-88ba-de9fcd604807: addNew group-AF0E050FB82F:[11c09e37-7211-4e36-88ba-de9fcd604807:192.168.30.10:35566] returns group-AF0E050FB82F:java.util.concurrent.CompletableFuture@57a60418[Not completed]
2019-09-25 05:50:16,464 [pool-537-thread-1] INFO  impl.RaftServerImpl (RaftServerImpl.java:<init>(95)) - 11c09e37-7211-4e36-88ba-de9fcd604807: new RaftServerImpl for group-AF0E050FB82F:[11c09e37-7211-4e36-88ba-de9fcd604807:192.168.30.10:35566] with ContainerStateMachine:uninitialized
2019-09-25 05:50:16,464 [pool-537-thread-1] INFO  server.RaftServerConfigKeys (ConfUtils.java:logGet(43)) - raft.server.rpc.timeout.min = 5s (custom)
2019-09-25 05:50:16,464 [pool-537-thread-1] INFO  server.RaftServerConfigKeys (ConfUtils.java:logGet(43)) - raft.server.rpc.timeout.max = 5200ms (custom)
2019-09-25 05:50:16,464 [pool-537-thread-1] INFO  server.RaftServerConfigKeys (ConfUtils.java:logGet(43)) - raft.server.rpcslowness.timeout = 120s (custom)
2019-09-25 05:50:16,464 [pool-537-thread-1] INFO  server.RaftServerConfigKeys (ConfUtils.java:logGet(43)) - raft.server.sleep.deviation.threshold = 300 (default)
2019-09-25 05:50:16,464 [pool-537-thread-1] INFO  server.RaftServerConfigKeys (ConfUtils.java:logGet(43)) - raft.server.log.appender.install.snapshot.enabled = false (custom)
2019-09-25 05:50:16,464 [pool-537-thread-1] INFO  impl.RaftServerImpl (ServerState.java:<init>(103)) - 11c09e37-7211-4e36-88ba-de9fcd604807@group-AF0E050FB82F: ConfigurationManager, init=-1: [11c09e37-7211-4e36-88ba-de9fcd604807:192.168.30.10:35566], old=null, confs=<EMPTY_MAP>
2019-09-25 05:50:16,464 [pool-537-thread-1] INFO  server.RaftServerConfigKeys (ConfUtils.java:logGet(43)) - raft.server.storage.dir = [/workdir/hadoop-ozone/integration-test/target/test-dir/MiniOzoneClusterImpl-2263fc46-0a90-446a-9f91-f67f9935a0e0/datanode-4/data/ratis] (custom)
2019-09-25 05:50:16,464 [pool-537-thread-1] INFO  storage.RaftStorageDirectory (RaftStorageDirectory.java:analyzeStorage(246)) - The storage directory /workdir/hadoop-ozone/integration-test/target/test-dir/MiniOzoneClusterImpl-2263fc46-0a90-446a-9f91-f67f9935a0e0/datanode-4/data/ratis/a3e1ff12-7c65-4dba-841c-af0e050fb82f does not exist. Creating ...
2019-09-25 05:50:16,477 [pool-537-thread-1] INFO  storage.RaftStorageDirectory (RaftStorageDirectory.java:tryLock(328)) - Lock on /workdir/hadoop-ozone/integration-test/target/test-dir/MiniOzoneClusterImpl-2263fc46-0a90-446a-9f91-f67f9935a0e0/datanode-4/data/ratis/a3e1ff12-7c65-4dba-841c-af0e050fb82f/in_use.lock acquired by nodename 13539@pr-hdds-1569-s62bp-3040748787
2019-09-25 05:50:16,479 [pool-537-thread-1] INFO  storage.RaftStorage (RaftStorage.java:format(72)) - Storage directory /workdir/hadoop-ozone/integration-test/target/test-dir/MiniOzoneClusterImpl-2263fc46-0a90-446a-9f91-f67f9935a0e0/datanode-4/data/ratis/a3e1ff12-7c65-4dba-841c-af0e050fb82f has been successfully formatted.
2019-09-25 05:50:16,479 [pool-537-thread-1] INFO  ratis.ContainerStateMachine (ContainerStateMachine.java:loadSnapshot(230)) - group-AF0E050FB82F: The snapshot info is null. Setting the last applied indexto:(t:0, i:~)
2019-09-25 05:50:16,479 [pool-537-thread-1] INFO  server.RaftServerConfigKeys (ConfUtils.java:logGet(43)) - raft.server.notification.no-leader.timeout = 120s (custom)
2019-09-25 05:50:16,479 [pool-537-thread-1] INFO  server.RaftServerConfigKeys (ConfUtils.java:logGet(43)) - raft.server.log.use.memory = false (default)
2019-09-25 05:50:16,479 [pool-537-thread-1] INFO  server.RaftServerConfigKeys (ConfUtils.java:logGet(43)) - raft.server.log.purge.gap = 1000000 (custom)
2019-09-25 05:50:16,479 [pool-537-thread-1] INFO  server.RaftServerConfigKeys (ConfUtils.java:logGet(43)) - raft.server.log.appender.buffer.byte-limit = 33554432 (custom)
2019-09-25 05:50:16,480 [pool-537-thread-1] INFO  server.RaftServerConfigKeys (ConfUtils.java:logGet(43)) - raft.server.log.segment.size.max = 1048576 (custom)
2019-09-25 05:50:16,480 [pool-537-thread-1] INFO  server.RaftServerConfigKeys (ConfUtils.java:logGet(43)) - raft.server.log.segment.cache.num.max = 2 (custom)
2019-09-25 05:50:16,480 [pool-537-thread-1] INFO  segmented.SegmentedRaftLogWorker (SegmentedRaftLogWorker.java:<init>(172)) - new 11c09e37-7211-4e36-88ba-de9fcd604807@group-AF0E050FB82F-SegmentedRaftLogWorker for RaftStorage:Storage Directory /workdir/hadoop-ozone/integration-test/target/test-dir/MiniOzoneClusterImpl-2263fc46-0a90-446a-9f91-f67f9935a0e0/datanode-4/data/ratis/a3e1ff12-7c65-4dba-841c-af0e050fb82f
2019-09-25 05:50:16,480 [pool-537-thread-1] INFO  server.RaftServerConfigKeys (ConfUtils.java:logGet(43)) - raft.server.log.queue.byte-limit = 2147483647 (custom)
2019-09-25 05:50:16,480 [pool-537-thread-1] INFO  server.RaftServerConfigKeys (ConfUtils.java:logGet(43)) - raft.server.log.queue.element-limit = 1024 (custom)
2019-09-25 05:50:16,480 [pool-537-thread-1] INFO  server.RaftServerConfigKeys (ConfUtils.java:logGet(43)) - raft.server.log.segment.size.max = 1048576 (custom)
2019-09-25 05:50:16,480 [pool-537-thread-1] INFO  server.RaftServerConfigKeys (ConfUtils.java:logGet(43)) - raft.server.log.preallocated.size = 16384 (custom)
2019-09-25 05:50:16,480 [pool-537-thread-1] INFO  server.RaftServerConfigKeys (ConfUtils.java:logGet(43)) - raft.server.log.write.buffer.size = 33554432 (custom)
2019-09-25 05:50:16,480 [pool-537-thread-1] INFO  server.RaftServerConfigKeys (ConfUtils.java:logGet(43)) - raft.server.log.force.sync.num = 128 (default)
2019-09-25 05:50:16,480 [pool-537-thread-1] INFO  server.RaftServerConfigKeys (ConfUtils.java:logGet(43)) - raft.server.log.statemachine.data.sync = true (default)
2019-09-25 05:50:16,480 [pool-537-thread-1] INFO  server.RaftServerConfigKeys (ConfUtils.java:logGet(43)) - raft.server.log.statemachine.data.sync.timeout = 10s (default)
2019-09-25 05:50:16,480 [pool-537-thread-1] INFO  server.RaftServerConfigKeys (ConfUtils.java:logGet(43)) - raft.server.log.statemachine.data.sync.timeout.retry = -1 (default)
2019-09-25 05:50:16,480 [pool-537-thread-1] INFO  server.RaftServerConfigKeys (ConfUtils.java:logGet(43)) - raft.server.log.statemachine.data.caching.enabled = true (custom)
2019-09-25 05:50:16,481 [pool-537-thread-1] INFO  segmented.SegmentedRaftLogWorker (SegmentedRaftLogWorker.java:lambda$new$0(132)) - 11c09e37-7211-4e36-88ba-de9fcd604807@group-AF0E050FB82F-SegmentedRaftLogWorker: flushIndex: setUnconditionally 0 -> -1
2019-09-25 05:50:16,481 [pool-537-thread-1] INFO  server.RaftServerConfigKeys (ConfUtils.java:logGet(43)) - raft.server.snapshot.auto.trigger.enabled = true (custom)
2019-09-25 05:50:16,481 [pool-537-thread-1] INFO  server.RaftServerConfigKeys (ConfUtils.java:logGet(43)) - raft.server.snapshot.auto.trigger.threshold = 10000 (custom)
2019-09-25 05:50:16,481 [pool-537-thread-1] INFO  server.RaftServerConfigKeys (ConfUtils.java:logGet(43)) - raft.server.snapshot.retention.num.files = 5 (custom)
2019-09-25 05:50:16,481 [pool-537-thread-1] INFO  server.RaftServerConfigKeys (ConfUtils.java:logGet(43)) - raft.server.retrycache.expirytime = 600000ms (custom)
2019-09-25 05:50:16,482 [pool-537-thread-1] INFO  impl.RaftServerImpl (RaftServerImpl.java:start(185)) - 11c09e37-7211-4e36-88ba-de9fcd604807@group-AF0E050FB82F: start as a follower, conf=-1: [11c09e37-7211-4e36-88ba-de9fcd604807:192.168.30.10:35566], old=null
2019-09-25 05:50:16,482 [pool-537-thread-1] INFO  impl.RaftServerImpl (RaftServerImpl.java:setRole(174)) - 11c09e37-7211-4e36-88ba-de9fcd604807@group-AF0E050FB82F: changes role from      null to FOLLOWER at term 0 for startAsFollower
2019-09-25 05:50:16,482 [pool-537-thread-1] INFO  impl.RoleInfo (RoleInfo.java:updateAndGet(143)) - 11c09e37-7211-4e36-88ba-de9fcd604807: start FollowerState
2019-09-25 05:50:16,482 [pool-537-thread-1] INFO  util.JmxRegister (JmxRegister.java:tryRegister(44)) - Successfully registered JMX Bean with object name Ratis:service=RaftServer,group=group-AF0E050FB82F,id=11c09e37-7211-4e36-88ba-de9fcd604807
2019-09-25 05:50:16,484 [RatisPipelineUtilsThread] INFO  pipeline.PipelineStateManager (PipelineStateManager.java:addPipeline(56)) - Created pipeline Pipeline[ Id: a3e1ff12-7c65-4dba-841c-af0e050fb82f, Nodes: 11c09e37-7211-4e36-88ba-de9fcd604807{ip: 192.168.30.10, host: pr-hdds-1569-s62bp-3040748787, networkLocation: /default-rack, certSerialId: null}, Type:RATIS, Factor:ONE, State:OPEN]
2019-09-25 05:50:16,484 [RatisPipelineUtilsThread] INFO  pipeline.PipelinePlacementPolicy (PipelinePlacementPolicy.java:meetCriteria(91)) - Pipeline Placement: Doesn't meet the criteria to be viable node： 45ca45e9-b5b0-4fbb-a7fd-6b6ab106be2a Heaviness: 6 limit: 5
2019-09-25 05:50:16,484 [RatisPipelineUtilsThread] INFO  pipeline.PipelinePlacementPolicy (PipelinePlacementPolicy.java:meetCriteria(91)) - Pipeline Placement: Doesn't meet the criteria to be viable node： 899bfb76-eea4-4ff6-823c-7995b606cb73 Heaviness: 6 limit: 5
2019-09-25 05:50:16,484 [RatisPipelineUtilsThread] INFO  pipeline.PipelinePlacementPolicy (PipelinePlacementPolicy.java:meetCriteria(91)) - Pipeline Placement: Doesn't meet the criteria to be viable node： dc430975-089c-40cd-a0f1-208b2374b924 Heaviness: 6 limit: 5
2019-09-25 05:50:16,487 [grpc-default-executor-0] INFO  impl.RaftServerProxy (RaftServerProxy.java:addNew(89)) - 30620aa2-f8b3-4a53-9c80-c9f165f833cf: addNew group-3981AD1E9731:[30620aa2-f8b3-4a53-9c80-c9f165f833cf:192.168.30.10:39633] returns group-3981AD1E9731:java.util.concurrent.CompletableFuture@5f997234[Not completed]
2019-09-25 05:50:16,487 [pool-527-thread-1] INFO  impl.RaftServerImpl (RaftServerImpl.java:<init>(95)) - 30620aa2-f8b3-4a53-9c80-c9f165f833cf: new RaftServerImpl for group-3981AD1E9731:[30620aa2-f8b3-4a53-9c80-c9f165f833cf:192.168.30.10:39633] with ContainerStateMachine:uninitialized
2019-09-25 05:50:16,487 [pool-527-thread-1] INFO  server.RaftServerConfigKeys (ConfUtils.java:logGet(43)) - raft.server.rpc.timeout.min = 5s (custom)
2019-09-25 05:50:16,487 [pool-527-thread-1] INFO  server.RaftServerConfigKeys (ConfUtils.java:logGet(43)) - raft.server.rpc.timeout.max = 5200ms (custom)
2019-09-25 05:50:16,487 [pool-527-thread-1] INFO  server.RaftServerConfigKeys (ConfUtils.java:logGet(43)) - raft.server.rpcslowness.timeout = 120s (custom)
2019-09-25 05:50:16,487 [pool-527-thread-1] INFO  server.RaftServerConfigKeys (ConfUtils.java:logGet(43)) - raft.server.sleep.deviation.threshold = 300 (default)
2019-09-25 05:50:16,487 [pool-527-thread-1] INFO  server.RaftServerConfigKeys (ConfUtils.java:logGet(43)) - raft.server.log.appender.install.snapshot.enabled = false (custom)
2019-09-25 05:50:16,488 [pool-527-thread-1] INFO  impl.RaftServerImpl (ServerState.java:<init>(103)) - 30620aa2-f8b3-4a53-9c80-c9f165f833cf@group-3981AD1E9731: ConfigurationManager, init=-1: [30620aa2-f8b3-4a53-9c80-c9f165f833cf:192.168.30.10:39633], old=null, confs=<EMPTY_MAP>
2019-09-25 05:50:16,488 [pool-527-thread-1] INFO  server.RaftServerConfigKeys (ConfUtils.java:logGet(43)) - raft.server.storage.dir = [/workdir/hadoop-ozone/integration-test/target/test-dir/MiniOzoneClusterImpl-2263fc46-0a90-446a-9f91-f67f9935a0e0/datanode-3/data/ratis] (custom)
2019-09-25 05:50:16,488 [pool-527-thread-1] INFO  storage.RaftStorageDirectory (RaftStorageDirectory.java:analyzeStorage(246)) - The storage directory /workdir/hadoop-ozone/integration-test/target/test-dir/MiniOzoneClusterImpl-2263fc46-0a90-446a-9f91-f67f9935a0e0/datanode-3/data/ratis/b5dffa9e-a267-4b40-af90-3981ad1e9731 does not exist. Creating ...
2019-09-25 05:50:16,514 [pool-527-thread-1] INFO  storage.RaftStorageDirectory (RaftStorageDirectory.java:tryLock(328)) - Lock on /workdir/hadoop-ozone/integration-test/target/test-dir/MiniOzoneClusterImpl-2263fc46-0a90-446a-9f91-f67f9935a0e0/datanode-3/data/ratis/b5dffa9e-a267-4b40-af90-3981ad1e9731/in_use.lock acquired by nodename 13539@pr-hdds-1569-s62bp-3040748787
2019-09-25 05:50:16,516 [pool-527-thread-1] INFO  storage.RaftStorage (RaftStorage.java:format(72)) - Storage directory /workdir/hadoop-ozone/integration-test/target/test-dir/MiniOzoneClusterImpl-2263fc46-0a90-446a-9f91-f67f9935a0e0/datanode-3/data/ratis/b5dffa9e-a267-4b40-af90-3981ad1e9731 has been successfully formatted.
2019-09-25 05:50:16,517 [pool-527-thread-1] INFO  ratis.ContainerStateMachine (ContainerStateMachine.java:loadSnapshot(230)) - group-3981AD1E9731: The snapshot info is null. Setting the last applied indexto:(t:0, i:~)
2019-09-25 05:50:16,517 [pool-527-thread-1] INFO  server.RaftServerConfigKeys (ConfUtils.java:logGet(43)) - raft.server.notification.no-leader.timeout = 120s (custom)
2019-09-25 05:50:16,517 [pool-527-thread-1] INFO  server.RaftServerConfigKeys (ConfUtils.java:logGet(43)) - raft.server.log.use.memory = false (default)
2019-09-25 05:50:16,517 [pool-527-thread-1] INFO  server.RaftServerConfigKeys (ConfUtils.java:logGet(43)) - raft.server.log.purge.gap = 1000000 (custom)
2019-09-25 05:50:16,517 [pool-527-thread-1] INFO  server.RaftServerConfigKeys (ConfUtils.java:logGet(43)) - raft.server.log.appender.buffer.byte-limit = 33554432 (custom)
2019-09-25 05:50:16,517 [pool-527-thread-1] INFO  server.RaftServerConfigKeys (ConfUtils.java:logGet(43)) - raft.server.log.segment.size.max = 1048576 (custom)
2019-09-25 05:50:16,517 [pool-527-thread-1] INFO  server.RaftServerConfigKeys (ConfUtils.java:logGet(43)) - raft.server.log.segment.cache.num.max = 2 (custom)
2019-09-25 05:50:16,517 [pool-527-thread-1] INFO  segmented.SegmentedRaftLogWorker (SegmentedRaftLogWorker.java:<init>(172)) - new 30620aa2-f8b3-4a53-9c80-c9f165f833cf@group-3981AD1E9731-SegmentedRaftLogWorker for RaftStorage:Storage Directory /workdir/hadoop-ozone/integration-test/target/test-dir/MiniOzoneClusterImpl-2263fc46-0a90-446a-9f91-f67f9935a0e0/datanode-3/data/ratis/b5dffa9e-a267-4b40-af90-3981ad1e9731
2019-09-25 05:50:16,517 [pool-527-thread-1] INFO  server.RaftServerConfigKeys (ConfUtils.java:logGet(43)) - raft.server.log.queue.byte-limit = 2147483647 (custom)
2019-09-25 05:50:16,517 [pool-527-thread-1] INFO  server.RaftServerConfigKeys (ConfUtils.java:logGet(43)) - raft.server.log.queue.element-limit = 1024 (custom)
2019-09-25 05:50:16,517 [pool-527-thread-1] INFO  server.RaftServerConfigKeys (ConfUtils.java:logGet(43)) - raft.server.log.segment.size.max = 1048576 (custom)
2019-09-25 05:50:16,517 [pool-527-thread-1] INFO  server.RaftServerConfigKeys (ConfUtils.java:logGet(43)) - raft.server.log.preallocated.size = 16384 (custom)
2019-09-25 05:50:16,518 [pool-527-thread-1] INFO  server.RaftServerConfigKeys (ConfUtils.java:logGet(43)) - raft.server.log.write.buffer.size = 33554432 (custom)
2019-09-25 05:50:16,518 [pool-527-thread-1] INFO  server.RaftServerConfigKeys (ConfUtils.java:logGet(43)) - raft.server.log.force.sync.num = 128 (default)
2019-09-25 05:50:16,518 [pool-527-thread-1] INFO  server.RaftServerConfigKeys (ConfUtils.java:logGet(43)) - raft.server.log.statemachine.data.sync = true (default)
2019-09-25 05:50:16,518 [pool-527-thread-1] INFO  server.RaftServerConfigKeys (ConfUtils.java:logGet(43)) - raft.server.log.statemachine.data.sync.timeout = 10s (default)
2019-09-25 05:50:16,518 [pool-527-thread-1] INFO  server.RaftServerConfigKeys (ConfUtils.java:logGet(43)) - raft.server.log.statemachine.data.sync.timeout.retry = -1 (default)
2019-09-25 05:50:16,518 [pool-527-thread-1] INFO  server.RaftServerConfigKeys (ConfUtils.java:logGet(43)) - raft.server.log.statemachine.data.caching.enabled = true (custom)
2019-09-25 05:50:16,518 [pool-527-thread-1] INFO  segmented.SegmentedRaftLogWorker (SegmentedRaftLogWorker.java:lambda$new$0(132)) - 30620aa2-f8b3-4a53-9c80-c9f165f833cf@group-3981AD1E9731-SegmentedRaftLogWorker: flushIndex: setUnconditionally 0 -> -1
2019-09-25 05:50:16,518 [pool-527-thread-1] INFO  server.RaftServerConfigKeys (ConfUtils.java:logGet(43)) - raft.server.snapshot.auto.trigger.enabled = true (custom)
2019-09-25 05:50:16,518 [pool-527-thread-1] INFO  server.RaftServerConfigKeys (ConfUtils.java:logGet(43)) - raft.server.snapshot.auto.trigger.threshold = 10000 (custom)
2019-09-25 05:50:16,519 [pool-527-thread-1] INFO  server.RaftServerConfigKeys (ConfUtils.java:logGet(43)) - raft.server.snapshot.retention.num.files = 5 (custom)
2019-09-25 05:50:16,519 [pool-527-thread-1] INFO  server.RaftServerConfigKeys (ConfUtils.java:logGet(43)) - raft.server.retrycache.expirytime = 600000ms (custom)
2019-09-25 05:50:16,519 [pool-527-thread-1] INFO  impl.RaftServerImpl (RaftServerImpl.java:start(185)) - 30620aa2-f8b3-4a53-9c80-c9f165f833cf@group-3981AD1E9731: start as a follower, conf=-1: [30620aa2-f8b3-4a53-9c80-c9f165f833cf:192.168.30.10:39633], old=null
2019-09-25 05:50:16,520 [pool-527-thread-1] INFO  impl.RaftServerImpl (RaftServerImpl.java:setRole(174)) - 30620aa2-f8b3-4a53-9c80-c9f165f833cf@group-3981AD1E9731: changes role from      null to FOLLOWER at term 0 for startAsFollower
2019-09-25 05:50:16,520 [pool-527-thread-1] INFO  impl.RoleInfo (RoleInfo.java:updateAndGet(143)) - 30620aa2-f8b3-4a53-9c80-c9f165f833cf: start FollowerState
2019-09-25 05:50:16,520 [pool-527-thread-1] INFO  util.JmxRegister (JmxRegister.java:tryRegister(44)) - Successfully registered JMX Bean with object name Ratis:service=RaftServer,group=group-3981AD1E9731,id=30620aa2-f8b3-4a53-9c80-c9f165f833cf
2019-09-25 05:50:16,521 [RatisPipelineUtilsThread] INFO  pipeline.PipelineStateManager (PipelineStateManager.java:addPipeline(56)) - Created pipeline Pipeline[ Id: b5dffa9e-a267-4b40-af90-3981ad1e9731, Nodes: 30620aa2-f8b3-4a53-9c80-c9f165f833cf{ip: 192.168.30.10, host: pr-hdds-1569-s62bp-3040748787, networkLocation: /default-rack, certSerialId: null}, Type:RATIS, Factor:ONE, State:OPEN]
2019-09-25 05:50:16,521 [RatisPipelineUtilsThread] INFO  pipeline.PipelinePlacementPolicy (PipelinePlacementPolicy.java:meetCriteria(91)) - Pipeline Placement: Doesn't meet the criteria to be viable node： 45ca45e9-b5b0-4fbb-a7fd-6b6ab106be2a Heaviness: 6 limit: 5
2019-09-25 05:50:16,521 [RatisPipelineUtilsThread] INFO  pipeline.PipelinePlacementPolicy (PipelinePlacementPolicy.java:meetCriteria(91)) - Pipeline Placement: Doesn't meet the criteria to be viable node： 899bfb76-eea4-4ff6-823c-7995b606cb73 Heaviness: 6 limit: 5
2019-09-25 05:50:16,522 [RatisPipelineUtilsThread] INFO  pipeline.PipelinePlacementPolicy (PipelinePlacementPolicy.java:meetCriteria(91)) - Pipeline Placement: Doesn't meet the criteria to be viable node： 30620aa2-f8b3-4a53-9c80-c9f165f833cf Heaviness: 6 limit: 5
2019-09-25 05:50:16,522 [RatisPipelineUtilsThread] INFO  pipeline.PipelinePlacementPolicy (PipelinePlacementPolicy.java:meetCriteria(91)) - Pipeline Placement: Doesn't meet the criteria to be viable node： dc430975-089c-40cd-a0f1-208b2374b924 Heaviness: 6 limit: 5
2019-09-25 05:50:16,525 [grpc-default-executor-0] INFO  impl.RaftServerProxy (RaftServerProxy.java:addNew(89)) - 74ee2b94-5a16-4fca-8dd4-c5490dc15294: addNew group-806C2C630DD8:[74ee2b94-5a16-4fca-8dd4-c5490dc15294:192.168.30.10:39250] returns group-806C2C630DD8:java.util.concurrent.CompletableFuture@5796e5fe[Not completed]
2019-09-25 05:50:16,525 [pool-547-thread-1] INFO  impl.RaftServerImpl (RaftServerImpl.java:<init>(95)) - 74ee2b94-5a16-4fca-8dd4-c5490dc15294: new RaftServerImpl for group-806C2C630DD8:[74ee2b94-5a16-4fca-8dd4-c5490dc15294:192.168.30.10:39250] with ContainerStateMachine:uninitialized
2019-09-25 05:50:16,525 [pool-547-thread-1] INFO  server.RaftServerConfigKeys (ConfUtils.java:logGet(43)) - raft.server.rpc.timeout.min = 5s (custom)
2019-09-25 05:50:16,525 [pool-547-thread-1] INFO  server.RaftServerConfigKeys (ConfUtils.java:logGet(43)) - raft.server.rpc.timeout.max = 5200ms (custom)
2019-09-25 05:50:16,525 [pool-547-thread-1] INFO  server.RaftServerConfigKeys (ConfUtils.java:logGet(43)) - raft.server.rpcslowness.timeout = 120s (custom)
2019-09-25 05:50:16,525 [pool-547-thread-1] INFO  server.RaftServerConfigKeys (ConfUtils.java:logGet(43)) - raft.server.sleep.deviation.threshold = 300 (default)
2019-09-25 05:50:16,525 [pool-547-thread-1] INFO  server.RaftServerConfigKeys (ConfUtils.java:logGet(43)) - raft.server.log.appender.install.snapshot.enabled = false (custom)
2019-09-25 05:50:16,525 [pool-547-thread-1] INFO  impl.RaftServerImpl (ServerState.java:<init>(103)) - 74ee2b94-5a16-4fca-8dd4-c5490dc15294@group-806C2C630DD8: ConfigurationManager, init=-1: [74ee2b94-5a16-4fca-8dd4-c5490dc15294:192.168.30.10:39250], old=null, confs=<EMPTY_MAP>
2019-09-25 05:50:16,526 [pool-547-thread-1] INFO  server.RaftServerConfigKeys (ConfUtils.java:logGet(43)) - raft.server.storage.dir = [/workdir/hadoop-ozone/integration-test/target/test-dir/MiniOzoneClusterImpl-2263fc46-0a90-446a-9f91-f67f9935a0e0/datanode-5/data/ratis] (custom)
2019-09-25 05:50:16,526 [pool-547-thread-1] INFO  storage.RaftStorageDirectory (RaftStorageDirectory.java:analyzeStorage(246)) - The storage directory /workdir/hadoop-ozone/integration-test/target/test-dir/MiniOzoneClusterImpl-2263fc46-0a90-446a-9f91-f67f9935a0e0/datanode-5/data/ratis/89ab5e7e-357c-4f91-9b3f-806c2c630dd8 does not exist. Creating ...
2019-09-25 05:50:16,539 [pool-547-thread-1] INFO  storage.RaftStorageDirectory (RaftStorageDirectory.java:tryLock(328)) - Lock on /workdir/hadoop-ozone/integration-test/target/test-dir/MiniOzoneClusterImpl-2263fc46-0a90-446a-9f91-f67f9935a0e0/datanode-5/data/ratis/89ab5e7e-357c-4f91-9b3f-806c2c630dd8/in_use.lock acquired by nodename 13539@pr-hdds-1569-s62bp-3040748787
2019-09-25 05:50:16,552 [pool-547-thread-1] INFO  storage.RaftStorage (RaftStorage.java:format(72)) - Storage directory /workdir/hadoop-ozone/integration-test/target/test-dir/MiniOzoneClusterImpl-2263fc46-0a90-446a-9f91-f67f9935a0e0/datanode-5/data/ratis/89ab5e7e-357c-4f91-9b3f-806c2c630dd8 has been successfully formatted.
2019-09-25 05:50:16,552 [pool-547-thread-1] INFO  ratis.ContainerStateMachine (ContainerStateMachine.java:loadSnapshot(230)) - group-806C2C630DD8: The snapshot info is null. Setting the last applied indexto:(t:0, i:~)
2019-09-25 05:50:16,552 [pool-547-thread-1] INFO  server.RaftServerConfigKeys (ConfUtils.java:logGet(43)) - raft.server.notification.no-leader.timeout = 120s (custom)
2019-09-25 05:50:16,552 [pool-547-thread-1] INFO  server.RaftServerConfigKeys (ConfUtils.java:logGet(43)) - raft.server.log.use.memory = false (default)
2019-09-25 05:50:16,552 [pool-547-thread-1] INFO  server.RaftServerConfigKeys (ConfUtils.java:logGet(43)) - raft.server.log.purge.gap = 1000000 (custom)
2019-09-25 05:50:16,552 [pool-547-thread-1] INFO  server.RaftServerConfigKeys (ConfUtils.java:logGet(43)) - raft.server.log.appender.buffer.byte-limit = 33554432 (custom)
2019-09-25 05:50:16,552 [pool-547-thread-1] INFO  server.RaftServerConfigKeys (ConfUtils.java:logGet(43)) - raft.server.log.segment.size.max = 1048576 (custom)
2019-09-25 05:50:16,552 [pool-547-thread-1] INFO  server.RaftServerConfigKeys (ConfUtils.java:logGet(43)) - raft.server.log.segment.cache.num.max = 2 (custom)
2019-09-25 05:50:16,552 [pool-547-thread-1] INFO  segmented.SegmentedRaftLogWorker (SegmentedRaftLogWorker.java:<init>(172)) - new 74ee2b94-5a16-4fca-8dd4-c5490dc15294@group-806C2C630DD8-SegmentedRaftLogWorker for RaftStorage:Storage Directory /workdir/hadoop-ozone/integration-test/target/test-dir/MiniOzoneClusterImpl-2263fc46-0a90-446a-9f91-f67f9935a0e0/datanode-5/data/ratis/89ab5e7e-357c-4f91-9b3f-806c2c630dd8
2019-09-25 05:50:16,552 [pool-547-thread-1] INFO  server.RaftServerConfigKeys (ConfUtils.java:logGet(43)) - raft.server.log.queue.byte-limit = 2147483647 (custom)
2019-09-25 05:50:16,552 [pool-547-thread-1] INFO  server.RaftServerConfigKeys (ConfUtils.java:logGet(43)) - raft.server.log.queue.element-limit = 1024 (custom)
2019-09-25 05:50:16,552 [pool-547-thread-1] INFO  server.RaftServerConfigKeys (ConfUtils.java:logGet(43)) - raft.server.log.segment.size.max = 1048576 (custom)
2019-09-25 05:50:16,553 [pool-547-thread-1] INFO  server.RaftServerConfigKeys (ConfUtils.java:logGet(43)) - raft.server.log.preallocated.size = 16384 (custom)
2019-09-25 05:50:16,553 [pool-547-thread-1] INFO  server.RaftServerConfigKeys (ConfUtils.java:logGet(43)) - raft.server.log.write.buffer.size = 33554432 (custom)
2019-09-25 05:50:16,553 [pool-547-thread-1] INFO  server.RaftServerConfigKeys (ConfUtils.java:logGet(43)) - raft.server.log.force.sync.num = 128 (default)
2019-09-25 05:50:16,553 [pool-547-thread-1] INFO  server.RaftServerConfigKeys (ConfUtils.java:logGet(43)) - raft.server.log.statemachine.data.sync = true (default)
2019-09-25 05:50:16,553 [pool-547-thread-1] INFO  server.RaftServerConfigKeys (ConfUtils.java:logGet(43)) - raft.server.log.statemachine.data.sync.timeout = 10s (default)
2019-09-25 05:50:16,553 [pool-547-thread-1] INFO  server.RaftServerConfigKeys (ConfUtils.java:logGet(43)) - raft.server.log.statemachine.data.sync.timeout.retry = -1 (default)
2019-09-25 05:50:16,553 [pool-547-thread-1] INFO  server.RaftServerConfigKeys (ConfUtils.java:logGet(43)) - raft.server.log.statemachine.data.caching.enabled = true (custom)
2019-09-25 05:50:16,553 [pool-547-thread-1] INFO  segmented.SegmentedRaftLogWorker (SegmentedRaftLogWorker.java:lambda$new$0(132)) - 74ee2b94-5a16-4fca-8dd4-c5490dc15294@group-806C2C630DD8-SegmentedRaftLogWorker: flushIndex: setUnconditionally 0 -> -1
2019-09-25 05:50:16,553 [pool-547-thread-1] INFO  server.RaftServerConfigKeys (ConfUtils.java:logGet(43)) - raft.server.snapshot.auto.trigger.enabled = true (custom)
2019-09-25 05:50:16,553 [pool-547-thread-1] INFO  server.RaftServerConfigKeys (ConfUtils.java:logGet(43)) - raft.server.snapshot.auto.trigger.threshold = 10000 (custom)
2019-09-25 05:50:16,553 [pool-547-thread-1] INFO  server.RaftServerConfigKeys (ConfUtils.java:logGet(43)) - raft.server.snapshot.retention.num.files = 5 (custom)
2019-09-25 05:50:16,554 [pool-547-thread-1] INFO  server.RaftServerConfigKeys (ConfUtils.java:logGet(43)) - raft.server.retrycache.expirytime = 600000ms (custom)
2019-09-25 05:50:16,554 [pool-547-thread-1] INFO  impl.RaftServerImpl (RaftServerImpl.java:start(185)) - 74ee2b94-5a16-4fca-8dd4-c5490dc15294@group-806C2C630DD8: start as a follower, conf=-1: [74ee2b94-5a16-4fca-8dd4-c5490dc15294:192.168.30.10:39250], old=null
2019-09-25 05:50:16,555 [pool-547-thread-1] INFO  impl.RaftServerImpl (RaftServerImpl.java:setRole(174)) - 74ee2b94-5a16-4fca-8dd4-c5490dc15294@group-806C2C630DD8: changes role from      null to FOLLOWER at term 0 for startAsFollower
2019-09-25 05:50:16,555 [pool-547-thread-1] INFO  impl.RoleInfo (RoleInfo.java:updateAndGet(143)) - 74ee2b94-5a16-4fca-8dd4-c5490dc15294: start FollowerState
2019-09-25 05:50:16,555 [pool-547-thread-1] INFO  util.JmxRegister (JmxRegister.java:tryRegister(44)) - Successfully registered JMX Bean with object name Ratis:service=RaftServer,group=group-806C2C630DD8,id=74ee2b94-5a16-4fca-8dd4-c5490dc15294
2019-09-25 05:50:16,556 [RatisPipelineUtilsThread] INFO  pipeline.PipelineStateManager (PipelineStateManager.java:addPipeline(56)) - Created pipeline Pipeline[ Id: 89ab5e7e-357c-4f91-9b3f-806c2c630dd8, Nodes: 74ee2b94-5a16-4fca-8dd4-c5490dc15294{ip: 192.168.30.10, host: pr-hdds-1569-s62bp-3040748787, networkLocation: /default-rack, certSerialId: null}, Type:RATIS, Factor:ONE, State:OPEN]
2019-09-25 05:50:16,556 [RatisPipelineUtilsThread] INFO  pipeline.PipelinePlacementPolicy (PipelinePlacementPolicy.java:meetCriteria(91)) - Pipeline Placement: Doesn't meet the criteria to be viable node： 45ca45e9-b5b0-4fbb-a7fd-6b6ab106be2a Heaviness: 6 limit: 5
2019-09-25 05:50:16,556 [RatisPipelineUtilsThread] INFO  pipeline.PipelinePlacementPolicy (PipelinePlacementPolicy.java:meetCriteria(91)) - Pipeline Placement: Doesn't meet the criteria to be viable node： 899bfb76-eea4-4ff6-823c-7995b606cb73 Heaviness: 6 limit: 5
2019-09-25 05:50:16,557 [RatisPipelineUtilsThread] INFO  pipeline.PipelinePlacementPolicy (PipelinePlacementPolicy.java:meetCriteria(91)) - Pipeline Placement: Doesn't meet the criteria to be viable node： 30620aa2-f8b3-4a53-9c80-c9f165f833cf Heaviness: 6 limit: 5
2019-09-25 05:50:16,557 [RatisPipelineUtilsThread] INFO  pipeline.PipelinePlacementPolicy (PipelinePlacementPolicy.java:meetCriteria(91)) - Pipeline Placement: Doesn't meet the criteria to be viable node： dc430975-089c-40cd-a0f1-208b2374b924 Heaviness: 6 limit: 5
2019-09-25 05:50:16,560 [grpc-default-executor-0] INFO  impl.RaftServerProxy (RaftServerProxy.java:addNew(89)) - 74ee2b94-5a16-4fca-8dd4-c5490dc15294: addNew group-90B9F264C6D8:[74ee2b94-5a16-4fca-8dd4-c5490dc15294:192.168.30.10:39250] returns group-90B9F264C6D8:java.util.concurrent.CompletableFuture@4e49a77c[Not completed]
2019-09-25 05:50:16,560 [pool-547-thread-1] INFO  impl.RaftServerImpl (RaftServerImpl.java:<init>(95)) - 74ee2b94-5a16-4fca-8dd4-c5490dc15294: new RaftServerImpl for group-90B9F264C6D8:[74ee2b94-5a16-4fca-8dd4-c5490dc15294:192.168.30.10:39250] with ContainerStateMachine:uninitialized
2019-09-25 05:50:16,560 [pool-547-thread-1] INFO  server.RaftServerConfigKeys (ConfUtils.java:logGet(43)) - raft.server.rpc.timeout.min = 5s (custom)
2019-09-25 05:50:16,560 [pool-547-thread-1] INFO  server.RaftServerConfigKeys (ConfUtils.java:logGet(43)) - raft.server.rpc.timeout.max = 5200ms (custom)
2019-09-25 05:50:16,560 [pool-547-thread-1] INFO  server.RaftServerConfigKeys (ConfUtils.java:logGet(43)) - raft.server.rpcslowness.timeout = 120s (custom)
2019-09-25 05:50:16,560 [pool-547-thread-1] INFO  server.RaftServerConfigKeys (ConfUtils.java:logGet(43)) - raft.server.sleep.deviation.threshold = 300 (default)
2019-09-25 05:50:16,560 [pool-547-thread-1] INFO  server.RaftServerConfigKeys (ConfUtils.java:logGet(43)) - raft.server.log.appender.install.snapshot.enabled = false (custom)
2019-09-25 05:50:16,560 [pool-547-thread-1] INFO  impl.RaftServerImpl (ServerState.java:<init>(103)) - 74ee2b94-5a16-4fca-8dd4-c5490dc15294@group-90B9F264C6D8: ConfigurationManager, init=-1: [74ee2b94-5a16-4fca-8dd4-c5490dc15294:192.168.30.10:39250], old=null, confs=<EMPTY_MAP>
2019-09-25 05:50:16,560 [pool-547-thread-1] INFO  server.RaftServerConfigKeys (ConfUtils.java:logGet(43)) - raft.server.storage.dir = [/workdir/hadoop-ozone/integration-test/target/test-dir/MiniOzoneClusterImpl-2263fc46-0a90-446a-9f91-f67f9935a0e0/datanode-5/data/ratis] (custom)
2019-09-25 05:50:16,561 [pool-547-thread-1] INFO  storage.RaftStorageDirectory (RaftStorageDirectory.java:analyzeStorage(246)) - The storage directory /workdir/hadoop-ozone/integration-test/target/test-dir/MiniOzoneClusterImpl-2263fc46-0a90-446a-9f91-f67f9935a0e0/datanode-5/data/ratis/b92822aa-e4c2-4435-b9d0-90b9f264c6d8 does not exist. Creating ...
2019-09-25 05:50:16,573 [pool-547-thread-1] INFO  storage.RaftStorageDirectory (RaftStorageDirectory.java:tryLock(328)) - Lock on /workdir/hadoop-ozone/integration-test/target/test-dir/MiniOzoneClusterImpl-2263fc46-0a90-446a-9f91-f67f9935a0e0/datanode-5/data/ratis/b92822aa-e4c2-4435-b9d0-90b9f264c6d8/in_use.lock acquired by nodename 13539@pr-hdds-1569-s62bp-3040748787
2019-09-25 05:50:16,586 [pool-547-thread-1] INFO  storage.RaftStorage (RaftStorage.java:format(72)) - Storage directory /workdir/hadoop-ozone/integration-test/target/test-dir/MiniOzoneClusterImpl-2263fc46-0a90-446a-9f91-f67f9935a0e0/datanode-5/data/ratis/b92822aa-e4c2-4435-b9d0-90b9f264c6d8 has been successfully formatted.
2019-09-25 05:50:16,586 [pool-547-thread-1] INFO  ratis.ContainerStateMachine (ContainerStateMachine.java:loadSnapshot(230)) - group-90B9F264C6D8: The snapshot info is null. Setting the last applied indexto:(t:0, i:~)
2019-09-25 05:50:16,586 [pool-547-thread-1] INFO  server.RaftServerConfigKeys (ConfUtils.java:logGet(43)) - raft.server.notification.no-leader.timeout = 120s (custom)
2019-09-25 05:50:16,586 [pool-547-thread-1] INFO  server.RaftServerConfigKeys (ConfUtils.java:logGet(43)) - raft.server.log.use.memory = false (default)
2019-09-25 05:50:16,586 [pool-547-thread-1] INFO  server.RaftServerConfigKeys (ConfUtils.java:logGet(43)) - raft.server.log.purge.gap = 1000000 (custom)
2019-09-25 05:50:16,587 [pool-547-thread-1] INFO  server.RaftServerConfigKeys (ConfUtils.java:logGet(43)) - raft.server.log.appender.buffer.byte-limit = 33554432 (custom)
2019-09-25 05:50:16,587 [pool-547-thread-1] INFO  server.RaftServerConfigKeys (ConfUtils.java:logGet(43)) - raft.server.log.segment.size.max = 1048576 (custom)
2019-09-25 05:50:16,587 [pool-547-thread-1] INFO  server.RaftServerConfigKeys (ConfUtils.java:logGet(43)) - raft.server.log.segment.cache.num.max = 2 (custom)
2019-09-25 05:50:16,587 [pool-547-thread-1] INFO  segmented.SegmentedRaftLogWorker (SegmentedRaftLogWorker.java:<init>(172)) - new 74ee2b94-5a16-4fca-8dd4-c5490dc15294@group-90B9F264C6D8-SegmentedRaftLogWorker for RaftStorage:Storage Directory /workdir/hadoop-ozone/integration-test/target/test-dir/MiniOzoneClusterImpl-2263fc46-0a90-446a-9f91-f67f9935a0e0/datanode-5/data/ratis/b92822aa-e4c2-4435-b9d0-90b9f264c6d8
2019-09-25 05:50:16,587 [pool-547-thread-1] INFO  server.RaftServerConfigKeys (ConfUtils.java:logGet(43)) - raft.server.log.queue.byte-limit = 2147483647 (custom)
2019-09-25 05:50:16,587 [pool-547-thread-1] INFO  server.RaftServerConfigKeys (ConfUtils.java:logGet(43)) - raft.server.log.queue.element-limit = 1024 (custom)
2019-09-25 05:50:16,587 [pool-547-thread-1] INFO  server.RaftServerConfigKeys (ConfUtils.java:logGet(43)) - raft.server.log.segment.size.max = 1048576 (custom)
2019-09-25 05:50:16,587 [pool-547-thread-1] INFO  server.RaftServerConfigKeys (ConfUtils.java:logGet(43)) - raft.server.log.preallocated.size = 16384 (custom)
2019-09-25 05:50:16,587 [pool-547-thread-1] INFO  server.RaftServerConfigKeys (ConfUtils.java:logGet(43)) - raft.server.log.write.buffer.size = 33554432 (custom)
2019-09-25 05:50:16,587 [pool-547-thread-1] INFO  server.RaftServerConfigKeys (ConfUtils.java:logGet(43)) - raft.server.log.force.sync.num = 128 (default)
2019-09-25 05:50:16,587 [pool-547-thread-1] INFO  server.RaftServerConfigKeys (ConfUtils.java:logGet(43)) - raft.server.log.statemachine.data.sync = true (default)
2019-09-25 05:50:16,587 [pool-547-thread-1] INFO  server.RaftServerConfigKeys (ConfUtils.java:logGet(43)) - raft.server.log.statemachine.data.sync.timeout = 10s (default)
2019-09-25 05:50:16,587 [pool-547-thread-1] INFO  server.RaftServerConfigKeys (ConfUtils.java:logGet(43)) - raft.server.log.statemachine.data.sync.timeout.retry = -1 (default)
2019-09-25 05:50:16,588 [pool-547-thread-1] INFO  server.RaftServerConfigKeys (ConfUtils.java:logGet(43)) - raft.server.log.statemachine.data.caching.enabled = true (custom)
2019-09-25 05:50:16,588 [pool-547-thread-1] INFO  segmented.SegmentedRaftLogWorker (SegmentedRaftLogWorker.java:lambda$new$0(132)) - 74ee2b94-5a16-4fca-8dd4-c5490dc15294@group-90B9F264C6D8-SegmentedRaftLogWorker: flushIndex: setUnconditionally 0 -> -1
2019-09-25 05:50:16,588 [pool-547-thread-1] INFO  server.RaftServerConfigKeys (ConfUtils.java:logGet(43)) - raft.server.snapshot.auto.trigger.enabled = true (custom)
2019-09-25 05:50:16,588 [pool-547-thread-1] INFO  server.RaftServerConfigKeys (ConfUtils.java:logGet(43)) - raft.server.snapshot.auto.trigger.threshold = 10000 (custom)
2019-09-25 05:50:16,588 [pool-547-thread-1] INFO  server.RaftServerConfigKeys (ConfUtils.java:logGet(43)) - raft.server.snapshot.retention.num.files = 5 (custom)
2019-09-25 05:50:16,588 [pool-547-thread-1] INFO  server.RaftServerConfigKeys (ConfUtils.java:logGet(43)) - raft.server.retrycache.expirytime = 600000ms (custom)
2019-09-25 05:50:16,589 [pool-547-thread-1] INFO  impl.RaftServerImpl (RaftServerImpl.java:start(185)) - 74ee2b94-5a16-4fca-8dd4-c5490dc15294@group-90B9F264C6D8: start as a follower, conf=-1: [74ee2b94-5a16-4fca-8dd4-c5490dc15294:192.168.30.10:39250], old=null
2019-09-25 05:50:16,589 [pool-547-thread-1] INFO  impl.RaftServerImpl (RaftServerImpl.java:setRole(174)) - 74ee2b94-5a16-4fca-8dd4-c5490dc15294@group-90B9F264C6D8: changes role from      null to FOLLOWER at term 0 for startAsFollower
2019-09-25 05:50:16,589 [pool-547-thread-1] INFO  impl.RoleInfo (RoleInfo.java:updateAndGet(143)) - 74ee2b94-5a16-4fca-8dd4-c5490dc15294: start FollowerState
2019-09-25 05:50:16,589 [pool-547-thread-1] INFO  util.JmxRegister (JmxRegister.java:tryRegister(44)) - Successfully registered JMX Bean with object name Ratis:service=RaftServer,group=group-90B9F264C6D8,id=74ee2b94-5a16-4fca-8dd4-c5490dc15294
2019-09-25 05:50:16,591 [RatisPipelineUtilsThread] INFO  pipeline.PipelineStateManager (PipelineStateManager.java:addPipeline(56)) - Created pipeline Pipeline[ Id: b92822aa-e4c2-4435-b9d0-90b9f264c6d8, Nodes: 74ee2b94-5a16-4fca-8dd4-c5490dc15294{ip: 192.168.30.10, host: pr-hdds-1569-s62bp-3040748787, networkLocation: /default-rack, certSerialId: null}, Type:RATIS, Factor:ONE, State:OPEN]
2019-09-25 05:50:16,591 [RatisPipelineUtilsThread] INFO  pipeline.PipelinePlacementPolicy (PipelinePlacementPolicy.java:meetCriteria(91)) - Pipeline Placement: Doesn't meet the criteria to be viable node： 45ca45e9-b5b0-4fbb-a7fd-6b6ab106be2a Heaviness: 6 limit: 5
2019-09-25 05:50:16,591 [RatisPipelineUtilsThread] INFO  pipeline.PipelinePlacementPolicy (PipelinePlacementPolicy.java:meetCriteria(91)) - Pipeline Placement: Doesn't meet the criteria to be viable node： 899bfb76-eea4-4ff6-823c-7995b606cb73 Heaviness: 6 limit: 5
2019-09-25 05:50:16,591 [RatisPipelineUtilsThread] INFO  pipeline.PipelinePlacementPolicy (PipelinePlacementPolicy.java:meetCriteria(91)) - Pipeline Placement: Doesn't meet the criteria to be viable node： 30620aa2-f8b3-4a53-9c80-c9f165f833cf Heaviness: 6 limit: 5
2019-09-25 05:50:16,591 [RatisPipelineUtilsThread] INFO  pipeline.PipelinePlacementPolicy (PipelinePlacementPolicy.java:meetCriteria(91)) - Pipeline Placement: Doesn't meet the criteria to be viable node： dc430975-089c-40cd-a0f1-208b2374b924 Heaviness: 6 limit: 5
2019-09-25 05:50:16,594 [grpc-default-executor-0] INFO  impl.RaftServerProxy (RaftServerProxy.java:addNew(89)) - 11c09e37-7211-4e36-88ba-de9fcd604807: addNew group-D7512375A8FD:[11c09e37-7211-4e36-88ba-de9fcd604807:192.168.30.10:35566] returns group-D7512375A8FD:java.util.concurrent.CompletableFuture@236325d4[Not completed]
2019-09-25 05:50:16,594 [pool-537-thread-1] INFO  impl.RaftServerImpl (RaftServerImpl.java:<init>(95)) - 11c09e37-7211-4e36-88ba-de9fcd604807: new RaftServerImpl for group-D7512375A8FD:[11c09e37-7211-4e36-88ba-de9fcd604807:192.168.30.10:35566] with ContainerStateMachine:uninitialized
2019-09-25 05:50:16,595 [pool-537-thread-1] INFO  server.RaftServerConfigKeys (ConfUtils.java:logGet(43)) - raft.server.rpc.timeout.min = 5s (custom)
2019-09-25 05:50:16,595 [pool-537-thread-1] INFO  server.RaftServerConfigKeys (ConfUtils.java:logGet(43)) - raft.server.rpc.timeout.max = 5200ms (custom)
2019-09-25 05:50:16,595 [pool-537-thread-1] INFO  server.RaftServerConfigKeys (ConfUtils.java:logGet(43)) - raft.server.rpcslowness.timeout = 120s (custom)
2019-09-25 05:50:16,595 [pool-537-thread-1] INFO  server.RaftServerConfigKeys (ConfUtils.java:logGet(43)) - raft.server.sleep.deviation.threshold = 300 (default)
2019-09-25 05:50:16,595 [pool-537-thread-1] INFO  server.RaftServerConfigKeys (ConfUtils.java:logGet(43)) - raft.server.log.appender.install.snapshot.enabled = false (custom)
2019-09-25 05:50:16,595 [pool-537-thread-1] INFO  impl.RaftServerImpl (ServerState.java:<init>(103)) - 11c09e37-7211-4e36-88ba-de9fcd604807@group-D7512375A8FD: ConfigurationManager, init=-1: [11c09e37-7211-4e36-88ba-de9fcd604807:192.168.30.10:35566], old=null, confs=<EMPTY_MAP>
2019-09-25 05:50:16,595 [pool-537-thread-1] INFO  server.RaftServerConfigKeys (ConfUtils.java:logGet(43)) - raft.server.storage.dir = [/workdir/hadoop-ozone/integration-test/target/test-dir/MiniOzoneClusterImpl-2263fc46-0a90-446a-9f91-f67f9935a0e0/datanode-4/data/ratis] (custom)
2019-09-25 05:50:16,595 [pool-537-thread-1] INFO  storage.RaftStorageDirectory (RaftStorageDirectory.java:analyzeStorage(246)) - The storage directory /workdir/hadoop-ozone/integration-test/target/test-dir/MiniOzoneClusterImpl-2263fc46-0a90-446a-9f91-f67f9935a0e0/datanode-4/data/ratis/6ed61b0b-4fb3-4836-84e7-d7512375a8fd does not exist. Creating ...
2019-09-25 05:50:16,608 [pool-537-thread-1] INFO  storage.RaftStorageDirectory (RaftStorageDirectory.java:tryLock(328)) - Lock on /workdir/hadoop-ozone/integration-test/target/test-dir/MiniOzoneClusterImpl-2263fc46-0a90-446a-9f91-f67f9935a0e0/datanode-4/data/ratis/6ed61b0b-4fb3-4836-84e7-d7512375a8fd/in_use.lock acquired by nodename 13539@pr-hdds-1569-s62bp-3040748787
2019-09-25 05:50:16,621 [pool-537-thread-1] INFO  storage.RaftStorage (RaftStorage.java:format(72)) - Storage directory /workdir/hadoop-ozone/integration-test/target/test-dir/MiniOzoneClusterImpl-2263fc46-0a90-446a-9f91-f67f9935a0e0/datanode-4/data/ratis/6ed61b0b-4fb3-4836-84e7-d7512375a8fd has been successfully formatted.
2019-09-25 05:50:16,621 [pool-537-thread-1] INFO  ratis.ContainerStateMachine (ContainerStateMachine.java:loadSnapshot(230)) - group-D7512375A8FD: The snapshot info is null. Setting the last applied indexto:(t:0, i:~)
2019-09-25 05:50:16,621 [pool-537-thread-1] INFO  server.RaftServerConfigKeys (ConfUtils.java:logGet(43)) - raft.server.notification.no-leader.timeout = 120s (custom)
2019-09-25 05:50:16,622 [pool-537-thread-1] INFO  server.RaftServerConfigKeys (ConfUtils.java:logGet(43)) - raft.server.log.use.memory = false (default)
2019-09-25 05:50:16,622 [pool-537-thread-1] INFO  server.RaftServerConfigKeys (ConfUtils.java:logGet(43)) - raft.server.log.purge.gap = 1000000 (custom)
2019-09-25 05:50:16,622 [pool-537-thread-1] INFO  server.RaftServerConfigKeys (ConfUtils.java:logGet(43)) - raft.server.log.appender.buffer.byte-limit = 33554432 (custom)
2019-09-25 05:50:16,622 [pool-537-thread-1] INFO  server.RaftServerConfigKeys (ConfUtils.java:logGet(43)) - raft.server.log.segment.size.max = 1048576 (custom)
2019-09-25 05:50:16,622 [pool-537-thread-1] INFO  server.RaftServerConfigKeys (ConfUtils.java:logGet(43)) - raft.server.log.segment.cache.num.max = 2 (custom)
2019-09-25 05:50:16,622 [pool-537-thread-1] INFO  segmented.SegmentedRaftLogWorker (SegmentedRaftLogWorker.java:<init>(172)) - new 11c09e37-7211-4e36-88ba-de9fcd604807@group-D7512375A8FD-SegmentedRaftLogWorker for RaftStorage:Storage Directory /workdir/hadoop-ozone/integration-test/target/test-dir/MiniOzoneClusterImpl-2263fc46-0a90-446a-9f91-f67f9935a0e0/datanode-4/data/ratis/6ed61b0b-4fb3-4836-84e7-d7512375a8fd
2019-09-25 05:50:16,622 [pool-537-thread-1] INFO  server.RaftServerConfigKeys (ConfUtils.java:logGet(43)) - raft.server.log.queue.byte-limit = 2147483647 (custom)
2019-09-25 05:50:16,622 [pool-537-thread-1] INFO  server.RaftServerConfigKeys (ConfUtils.java:logGet(43)) - raft.server.log.queue.element-limit = 1024 (custom)
2019-09-25 05:50:16,622 [pool-537-thread-1] INFO  server.RaftServerConfigKeys (ConfUtils.java:logGet(43)) - raft.server.log.segment.size.max = 1048576 (custom)
2019-09-25 05:50:16,622 [pool-537-thread-1] INFO  server.RaftServerConfigKeys (ConfUtils.java:logGet(43)) - raft.server.log.preallocated.size = 16384 (custom)
2019-09-25 05:50:16,622 [pool-537-thread-1] INFO  server.RaftServerConfigKeys (ConfUtils.java:logGet(43)) - raft.server.log.write.buffer.size = 33554432 (custom)
2019-09-25 05:50:16,623 [pool-537-thread-1] INFO  server.RaftServerConfigKeys (ConfUtils.java:logGet(43)) - raft.server.log.force.sync.num = 128 (default)
2019-09-25 05:50:16,623 [pool-537-thread-1] INFO  server.RaftServerConfigKeys (ConfUtils.java:logGet(43)) - raft.server.log.statemachine.data.sync = true (default)
2019-09-25 05:50:16,623 [pool-537-thread-1] INFO  server.RaftServerConfigKeys (ConfUtils.java:logGet(43)) - raft.server.log.statemachine.data.sync.timeout = 10s (default)
2019-09-25 05:50:16,623 [pool-537-thread-1] INFO  server.RaftServerConfigKeys (ConfUtils.java:logGet(43)) - raft.server.log.statemachine.data.sync.timeout.retry = -1 (default)
2019-09-25 05:50:16,623 [pool-537-thread-1] INFO  server.RaftServerConfigKeys (ConfUtils.java:logGet(43)) - raft.server.log.statemachine.data.caching.enabled = true (custom)
2019-09-25 05:50:16,623 [pool-537-thread-1] INFO  segmented.SegmentedRaftLogWorker (SegmentedRaftLogWorker.java:lambda$new$0(132)) - 11c09e37-7211-4e36-88ba-de9fcd604807@group-D7512375A8FD-SegmentedRaftLogWorker: flushIndex: setUnconditionally 0 -> -1
2019-09-25 05:50:16,623 [pool-537-thread-1] INFO  server.RaftServerConfigKeys (ConfUtils.java:logGet(43)) - raft.server.snapshot.auto.trigger.enabled = true (custom)
2019-09-25 05:50:16,624 [pool-537-thread-1] INFO  server.RaftServerConfigKeys (ConfUtils.java:logGet(43)) - raft.server.snapshot.auto.trigger.threshold = 10000 (custom)
2019-09-25 05:50:16,624 [pool-537-thread-1] INFO  server.RaftServerConfigKeys (ConfUtils.java:logGet(43)) - raft.server.snapshot.retention.num.files = 5 (custom)
2019-09-25 05:50:16,624 [pool-537-thread-1] INFO  server.RaftServerConfigKeys (ConfUtils.java:logGet(43)) - raft.server.retrycache.expirytime = 600000ms (custom)
2019-09-25 05:50:16,625 [pool-537-thread-1] INFO  impl.RaftServerImpl (RaftServerImpl.java:start(185)) - 11c09e37-7211-4e36-88ba-de9fcd604807@group-D7512375A8FD: start as a follower, conf=-1: [11c09e37-7211-4e36-88ba-de9fcd604807:192.168.30.10:35566], old=null
2019-09-25 05:50:16,626 [pool-537-thread-1] INFO  impl.RaftServerImpl (RaftServerImpl.java:setRole(174)) - 11c09e37-7211-4e36-88ba-de9fcd604807@group-D7512375A8FD: changes role from      null to FOLLOWER at term 0 for startAsFollower
2019-09-25 05:50:16,626 [pool-537-thread-1] INFO  impl.RoleInfo (RoleInfo.java:updateAndGet(143)) - 11c09e37-7211-4e36-88ba-de9fcd604807: start FollowerState
2019-09-25 05:50:16,626 [pool-537-thread-1] INFO  util.JmxRegister (JmxRegister.java:tryRegister(44)) - Successfully registered JMX Bean with object name Ratis:service=RaftServer,group=group-D7512375A8FD,id=11c09e37-7211-4e36-88ba-de9fcd604807
2019-09-25 05:50:16,629 [RatisPipelineUtilsThread] INFO  pipeline.PipelineStateManager (PipelineStateManager.java:addPipeline(56)) - Created pipeline Pipeline[ Id: 6ed61b0b-4fb3-4836-84e7-d7512375a8fd, Nodes: 11c09e37-7211-4e36-88ba-de9fcd604807{ip: 192.168.30.10, host: pr-hdds-1569-s62bp-3040748787, networkLocation: /default-rack, certSerialId: null}, Type:RATIS, Factor:ONE, State:OPEN]
2019-09-25 05:50:16,630 [RatisPipelineUtilsThread] INFO  pipeline.PipelinePlacementPolicy (PipelinePlacementPolicy.java:meetCriteria(91)) - Pipeline Placement: Doesn't meet the criteria to be viable node： 45ca45e9-b5b0-4fbb-a7fd-6b6ab106be2a Heaviness: 6 limit: 5
2019-09-25 05:50:16,630 [RatisPipelineUtilsThread] INFO  pipeline.PipelinePlacementPolicy (PipelinePlacementPolicy.java:meetCriteria(91)) - Pipeline Placement: Doesn't meet the criteria to be viable node： 899bfb76-eea4-4ff6-823c-7995b606cb73 Heaviness: 6 limit: 5
2019-09-25 05:50:16,630 [RatisPipelineUtilsThread] INFO  pipeline.PipelinePlacementPolicy (PipelinePlacementPolicy.java:meetCriteria(91)) - Pipeline Placement: Doesn't meet the criteria to be viable node： 30620aa2-f8b3-4a53-9c80-c9f165f833cf Heaviness: 6 limit: 5
2019-09-25 05:50:16,630 [RatisPipelineUtilsThread] INFO  pipeline.PipelinePlacementPolicy (PipelinePlacementPolicy.java:meetCriteria(91)) - Pipeline Placement: Doesn't meet the criteria to be viable node： dc430975-089c-40cd-a0f1-208b2374b924 Heaviness: 6 limit: 5
2019-09-25 05:50:16,635 [grpc-default-executor-0] INFO  impl.RaftServerProxy (RaftServerProxy.java:addNew(89)) - 11c09e37-7211-4e36-88ba-de9fcd604807: addNew group-47E5E7116F09:[11c09e37-7211-4e36-88ba-de9fcd604807:192.168.30.10:35566] returns group-47E5E7116F09:java.util.concurrent.CompletableFuture@51001beb[Not completed]
2019-09-25 05:50:16,635 [pool-537-thread-1] INFO  impl.RaftServerImpl (RaftServerImpl.java:<init>(95)) - 11c09e37-7211-4e36-88ba-de9fcd604807: new RaftServerImpl for group-47E5E7116F09:[11c09e37-7211-4e36-88ba-de9fcd604807:192.168.30.10:35566] with ContainerStateMachine:uninitialized
2019-09-25 05:50:16,635 [pool-537-thread-1] INFO  server.RaftServerConfigKeys (ConfUtils.java:logGet(43)) - raft.server.rpc.timeout.min = 5s (custom)
2019-09-25 05:50:16,635 [pool-537-thread-1] INFO  server.RaftServerConfigKeys (ConfUtils.java:logGet(43)) - raft.server.rpc.timeout.max = 5200ms (custom)
2019-09-25 05:50:16,636 [pool-537-thread-1] INFO  server.RaftServerConfigKeys (ConfUtils.java:logGet(43)) - raft.server.rpcslowness.timeout = 120s (custom)
2019-09-25 05:50:16,636 [pool-537-thread-1] INFO  server.RaftServerConfigKeys (ConfUtils.java:logGet(43)) - raft.server.sleep.deviation.threshold = 300 (default)
2019-09-25 05:50:16,636 [pool-537-thread-1] INFO  server.RaftServerConfigKeys (ConfUtils.java:logGet(43)) - raft.server.log.appender.install.snapshot.enabled = false (custom)
2019-09-25 05:50:16,636 [pool-537-thread-1] INFO  impl.RaftServerImpl (ServerState.java:<init>(103)) - 11c09e37-7211-4e36-88ba-de9fcd604807@group-47E5E7116F09: ConfigurationManager, init=-1: [11c09e37-7211-4e36-88ba-de9fcd604807:192.168.30.10:35566], old=null, confs=<EMPTY_MAP>
2019-09-25 05:50:16,636 [pool-537-thread-1] INFO  server.RaftServerConfigKeys (ConfUtils.java:logGet(43)) - raft.server.storage.dir = [/workdir/hadoop-ozone/integration-test/target/test-dir/MiniOzoneClusterImpl-2263fc46-0a90-446a-9f91-f67f9935a0e0/datanode-4/data/ratis] (custom)
2019-09-25 05:50:16,636 [pool-537-thread-1] INFO  storage.RaftStorageDirectory (RaftStorageDirectory.java:analyzeStorage(246)) - The storage directory /workdir/hadoop-ozone/integration-test/target/test-dir/MiniOzoneClusterImpl-2263fc46-0a90-446a-9f91-f67f9935a0e0/datanode-4/data/ratis/f6c6f9f2-0f64-4f83-adaf-47e5e7116f09 does not exist. Creating ...
2019-09-25 05:50:16,649 [pool-537-thread-1] INFO  storage.RaftStorageDirectory (RaftStorageDirectory.java:tryLock(328)) - Lock on /workdir/hadoop-ozone/integration-test/target/test-dir/MiniOzoneClusterImpl-2263fc46-0a90-446a-9f91-f67f9935a0e0/datanode-4/data/ratis/f6c6f9f2-0f64-4f83-adaf-47e5e7116f09/in_use.lock acquired by nodename 13539@pr-hdds-1569-s62bp-3040748787
2019-09-25 05:50:16,651 [pool-537-thread-1] INFO  storage.RaftStorage (RaftStorage.java:format(72)) - Storage directory /workdir/hadoop-ozone/integration-test/target/test-dir/MiniOzoneClusterImpl-2263fc46-0a90-446a-9f91-f67f9935a0e0/datanode-4/data/ratis/f6c6f9f2-0f64-4f83-adaf-47e5e7116f09 has been successfully formatted.
2019-09-25 05:50:16,651 [pool-537-thread-1] INFO  ratis.ContainerStateMachine (ContainerStateMachine.java:loadSnapshot(230)) - group-47E5E7116F09: The snapshot info is null. Setting the last applied indexto:(t:0, i:~)
2019-09-25 05:50:16,651 [pool-537-thread-1] INFO  server.RaftServerConfigKeys (ConfUtils.java:logGet(43)) - raft.server.notification.no-leader.timeout = 120s (custom)
2019-09-25 05:50:16,651 [pool-537-thread-1] INFO  server.RaftServerConfigKeys (ConfUtils.java:logGet(43)) - raft.server.log.use.memory = false (default)
2019-09-25 05:50:16,652 [pool-537-thread-1] INFO  server.RaftServerConfigKeys (ConfUtils.java:logGet(43)) - raft.server.log.purge.gap = 1000000 (custom)
2019-09-25 05:50:16,652 [pool-537-thread-1] INFO  server.RaftServerConfigKeys (ConfUtils.java:logGet(43)) - raft.server.log.appender.buffer.byte-limit = 33554432 (custom)
2019-09-25 05:50:16,652 [pool-537-thread-1] INFO  server.RaftServerConfigKeys (ConfUtils.java:logGet(43)) - raft.server.log.segment.size.max = 1048576 (custom)
2019-09-25 05:50:16,652 [pool-537-thread-1] INFO  server.RaftServerConfigKeys (ConfUtils.java:logGet(43)) - raft.server.log.segment.cache.num.max = 2 (custom)
2019-09-25 05:50:16,652 [pool-537-thread-1] INFO  segmented.SegmentedRaftLogWorker (SegmentedRaftLogWorker.java:<init>(172)) - new 11c09e37-7211-4e36-88ba-de9fcd604807@group-47E5E7116F09-SegmentedRaftLogWorker for RaftStorage:Storage Directory /workdir/hadoop-ozone/integration-test/target/test-dir/MiniOzoneClusterImpl-2263fc46-0a90-446a-9f91-f67f9935a0e0/datanode-4/data/ratis/f6c6f9f2-0f64-4f83-adaf-47e5e7116f09
2019-09-25 05:50:16,652 [pool-537-thread-1] INFO  server.RaftServerConfigKeys (ConfUtils.java:logGet(43)) - raft.server.log.queue.byte-limit = 2147483647 (custom)
2019-09-25 05:50:16,652 [pool-537-thread-1] INFO  server.RaftServerConfigKeys (ConfUtils.java:logGet(43)) - raft.server.log.queue.element-limit = 1024 (custom)
2019-09-25 05:50:16,652 [pool-537-thread-1] INFO  server.RaftServerConfigKeys (ConfUtils.java:logGet(43)) - raft.server.log.segment.size.max = 1048576 (custom)
2019-09-25 05:50:16,652 [pool-537-thread-1] INFO  server.RaftServerConfigKeys (ConfUtils.java:logGet(43)) - raft.server.log.preallocated.size = 16384 (custom)
2019-09-25 05:50:16,652 [pool-537-thread-1] INFO  server.RaftServerConfigKeys (ConfUtils.java:logGet(43)) - raft.server.log.write.buffer.size = 33554432 (custom)
2019-09-25 05:50:16,652 [pool-537-thread-1] INFO  server.RaftServerConfigKeys (ConfUtils.java:logGet(43)) - raft.server.log.force.sync.num = 128 (default)
2019-09-25 05:50:16,652 [pool-537-thread-1] INFO  server.RaftServerConfigKeys (ConfUtils.java:logGet(43)) - raft.server.log.statemachine.data.sync = true (default)
2019-09-25 05:50:16,652 [pool-537-thread-1] INFO  server.RaftServerConfigKeys (ConfUtils.java:logGet(43)) - raft.server.log.statemachine.data.sync.timeout = 10s (default)
2019-09-25 05:50:16,653 [pool-537-thread-1] INFO  server.RaftServerConfigKeys (ConfUtils.java:logGet(43)) - raft.server.log.statemachine.data.sync.timeout.retry = -1 (default)
2019-09-25 05:50:16,653 [pool-537-thread-1] INFO  server.RaftServerConfigKeys (ConfUtils.java:logGet(43)) - raft.server.log.statemachine.data.caching.enabled = true (custom)
2019-09-25 05:50:16,653 [pool-537-thread-1] INFO  segmented.SegmentedRaftLogWorker (SegmentedRaftLogWorker.java:lambda$new$0(132)) - 11c09e37-7211-4e36-88ba-de9fcd604807@group-47E5E7116F09-SegmentedRaftLogWorker: flushIndex: setUnconditionally 0 -> -1
2019-09-25 05:50:16,653 [pool-537-thread-1] INFO  server.RaftServerConfigKeys (ConfUtils.java:logGet(43)) - raft.server.snapshot.auto.trigger.enabled = true (custom)
2019-09-25 05:50:16,653 [pool-537-thread-1] INFO  server.RaftServerConfigKeys (ConfUtils.java:logGet(43)) - raft.server.snapshot.auto.trigger.threshold = 10000 (custom)
2019-09-25 05:50:16,653 [pool-537-thread-1] INFO  server.RaftServerConfigKeys (ConfUtils.java:logGet(43)) - raft.server.snapshot.retention.num.files = 5 (custom)
2019-09-25 05:50:16,653 [pool-537-thread-1] INFO  server.RaftServerConfigKeys (ConfUtils.java:logGet(43)) - raft.server.retrycache.expirytime = 600000ms (custom)
2019-09-25 05:50:16,654 [pool-537-thread-1] INFO  impl.RaftServerImpl (RaftServerImpl.java:start(185)) - 11c09e37-7211-4e36-88ba-de9fcd604807@group-47E5E7116F09: start as a follower, conf=-1: [11c09e37-7211-4e36-88ba-de9fcd604807:192.168.30.10:35566], old=null
2019-09-25 05:50:16,654 [pool-537-thread-1] INFO  impl.RaftServerImpl (RaftServerImpl.java:setRole(174)) - 11c09e37-7211-4e36-88ba-de9fcd604807@group-47E5E7116F09: changes role from      null to FOLLOWER at term 0 for startAsFollower
2019-09-25 05:50:16,654 [pool-537-thread-1] INFO  impl.RoleInfo (RoleInfo.java:updateAndGet(143)) - 11c09e37-7211-4e36-88ba-de9fcd604807: start FollowerState
2019-09-25 05:50:16,654 [pool-537-thread-1] INFO  util.JmxRegister (JmxRegister.java:tryRegister(44)) - Successfully registered JMX Bean with object name Ratis:service=RaftServer,group=group-47E5E7116F09,id=11c09e37-7211-4e36-88ba-de9fcd604807
2019-09-25 05:50:16,656 [RatisPipelineUtilsThread] INFO  pipeline.PipelineStateManager (PipelineStateManager.java:addPipeline(56)) - Created pipeline Pipeline[ Id: f6c6f9f2-0f64-4f83-adaf-47e5e7116f09, Nodes: 11c09e37-7211-4e36-88ba-de9fcd604807{ip: 192.168.30.10, host: pr-hdds-1569-s62bp-3040748787, networkLocation: /default-rack, certSerialId: null}, Type:RATIS, Factor:ONE, State:OPEN]
2019-09-25 05:50:16,656 [RatisPipelineUtilsThread] INFO  pipeline.PipelinePlacementPolicy (PipelinePlacementPolicy.java:meetCriteria(91)) - Pipeline Placement: Doesn't meet the criteria to be viable node： 45ca45e9-b5b0-4fbb-a7fd-6b6ab106be2a Heaviness: 6 limit: 5
2019-09-25 05:50:16,656 [RatisPipelineUtilsThread] INFO  pipeline.PipelinePlacementPolicy (PipelinePlacementPolicy.java:meetCriteria(91)) - Pipeline Placement: Doesn't meet the criteria to be viable node： 899bfb76-eea4-4ff6-823c-7995b606cb73 Heaviness: 6 limit: 5
2019-09-25 05:50:16,656 [RatisPipelineUtilsThread] INFO  pipeline.PipelinePlacementPolicy (PipelinePlacementPolicy.java:meetCriteria(91)) - Pipeline Placement: Doesn't meet the criteria to be viable node： 30620aa2-f8b3-4a53-9c80-c9f165f833cf Heaviness: 6 limit: 5
2019-09-25 05:50:16,656 [RatisPipelineUtilsThread] INFO  pipeline.PipelinePlacementPolicy (PipelinePlacementPolicy.java:meetCriteria(91)) - Pipeline Placement: Doesn't meet the criteria to be viable node： dc430975-089c-40cd-a0f1-208b2374b924 Heaviness: 6 limit: 5
2019-09-25 05:50:16,659 [grpc-default-executor-0] INFO  impl.RaftServerProxy (RaftServerProxy.java:addNew(89)) - 11c09e37-7211-4e36-88ba-de9fcd604807: addNew group-57EE923BAF4D:[11c09e37-7211-4e36-88ba-de9fcd604807:192.168.30.10:35566] returns group-57EE923BAF4D:java.util.concurrent.CompletableFuture@7c50b0d7[Not completed]
2019-09-25 05:50:16,659 [pool-537-thread-1] INFO  impl.RaftServerImpl (RaftServerImpl.java:<init>(95)) - 11c09e37-7211-4e36-88ba-de9fcd604807: new RaftServerImpl for group-57EE923BAF4D:[11c09e37-7211-4e36-88ba-de9fcd604807:192.168.30.10:35566] with ContainerStateMachine:uninitialized
2019-09-25 05:50:16,659 [pool-537-thread-1] INFO  server.RaftServerConfigKeys (ConfUtils.java:logGet(43)) - raft.server.rpc.timeout.min = 5s (custom)
2019-09-25 05:50:16,659 [pool-537-thread-1] INFO  server.RaftServerConfigKeys (ConfUtils.java:logGet(43)) - raft.server.rpc.timeout.max = 5200ms (custom)
2019-09-25 05:50:16,659 [pool-537-thread-1] INFO  server.RaftServerConfigKeys (ConfUtils.java:logGet(43)) - raft.server.rpcslowness.timeout = 120s (custom)
2019-09-25 05:50:16,659 [pool-537-thread-1] INFO  server.RaftServerConfigKeys (ConfUtils.java:logGet(43)) - raft.server.sleep.deviation.threshold = 300 (default)
2019-09-25 05:50:16,659 [pool-537-thread-1] INFO  server.RaftServerConfigKeys (ConfUtils.java:logGet(43)) - raft.server.log.appender.install.snapshot.enabled = false (custom)
2019-09-25 05:50:16,659 [pool-537-thread-1] INFO  impl.RaftServerImpl (ServerState.java:<init>(103)) - 11c09e37-7211-4e36-88ba-de9fcd604807@group-57EE923BAF4D: ConfigurationManager, init=-1: [11c09e37-7211-4e36-88ba-de9fcd604807:192.168.30.10:35566], old=null, confs=<EMPTY_MAP>
2019-09-25 05:50:16,659 [pool-537-thread-1] INFO  server.RaftServerConfigKeys (ConfUtils.java:logGet(43)) - raft.server.storage.dir = [/workdir/hadoop-ozone/integration-test/target/test-dir/MiniOzoneClusterImpl-2263fc46-0a90-446a-9f91-f67f9935a0e0/datanode-4/data/ratis] (custom)
2019-09-25 05:50:16,660 [pool-537-thread-1] INFO  storage.RaftStorageDirectory (RaftStorageDirectory.java:analyzeStorage(246)) - The storage directory /workdir/hadoop-ozone/integration-test/target/test-dir/MiniOzoneClusterImpl-2263fc46-0a90-446a-9f91-f67f9935a0e0/datanode-4/data/ratis/e3e27a4f-48b1-430b-ba3c-57ee923baf4d does not exist. Creating ...
2019-09-25 05:50:16,672 [pool-537-thread-1] INFO  storage.RaftStorageDirectory (RaftStorageDirectory.java:tryLock(328)) - Lock on /workdir/hadoop-ozone/integration-test/target/test-dir/MiniOzoneClusterImpl-2263fc46-0a90-446a-9f91-f67f9935a0e0/datanode-4/data/ratis/e3e27a4f-48b1-430b-ba3c-57ee923baf4d/in_use.lock acquired by nodename 13539@pr-hdds-1569-s62bp-3040748787
2019-09-25 05:50:16,684 [pool-537-thread-1] INFO  storage.RaftStorage (RaftStorage.java:format(72)) - Storage directory /workdir/hadoop-ozone/integration-test/target/test-dir/MiniOzoneClusterImpl-2263fc46-0a90-446a-9f91-f67f9935a0e0/datanode-4/data/ratis/e3e27a4f-48b1-430b-ba3c-57ee923baf4d has been successfully formatted.
2019-09-25 05:50:16,685 [pool-537-thread-1] INFO  ratis.ContainerStateMachine (ContainerStateMachine.java:loadSnapshot(230)) - group-57EE923BAF4D: The snapshot info is null. Setting the last applied indexto:(t:0, i:~)
2019-09-25 05:50:16,685 [pool-537-thread-1] INFO  server.RaftServerConfigKeys (ConfUtils.java:logGet(43)) - raft.server.notification.no-leader.timeout = 120s (custom)
2019-09-25 05:50:16,685 [pool-537-thread-1] INFO  server.RaftServerConfigKeys (ConfUtils.java:logGet(43)) - raft.server.log.use.memory = false (default)
2019-09-25 05:50:16,685 [pool-537-thread-1] INFO  server.RaftServerConfigKeys (ConfUtils.java:logGet(43)) - raft.server.log.purge.gap = 1000000 (custom)
2019-09-25 05:50:16,685 [pool-537-thread-1] INFO  server.RaftServerConfigKeys (ConfUtils.java:logGet(43)) - raft.server.log.appender.buffer.byte-limit = 33554432 (custom)
2019-09-25 05:50:16,685 [pool-537-thread-1] INFO  server.RaftServerConfigKeys (ConfUtils.java:logGet(43)) - raft.server.log.segment.size.max = 1048576 (custom)
2019-09-25 05:50:16,685 [pool-537-thread-1] INFO  server.RaftServerConfigKeys (ConfUtils.java:logGet(43)) - raft.server.log.segment.cache.num.max = 2 (custom)
2019-09-25 05:50:16,685 [pool-537-thread-1] INFO  segmented.SegmentedRaftLogWorker (SegmentedRaftLogWorker.java:<init>(172)) - new 11c09e37-7211-4e36-88ba-de9fcd604807@group-57EE923BAF4D-SegmentedRaftLogWorker for RaftStorage:Storage Directory /workdir/hadoop-ozone/integration-test/target/test-dir/MiniOzoneClusterImpl-2263fc46-0a90-446a-9f91-f67f9935a0e0/datanode-4/data/ratis/e3e27a4f-48b1-430b-ba3c-57ee923baf4d
2019-09-25 05:50:16,686 [pool-537-thread-1] INFO  server.RaftServerConfigKeys (ConfUtils.java:logGet(43)) - raft.server.log.queue.byte-limit = 2147483647 (custom)
2019-09-25 05:50:16,686 [pool-537-thread-1] INFO  server.RaftServerConfigKeys (ConfUtils.java:logGet(43)) - raft.server.log.queue.element-limit = 1024 (custom)
2019-09-25 05:50:16,686 [pool-537-thread-1] INFO  server.RaftServerConfigKeys (ConfUtils.java:logGet(43)) - raft.server.log.segment.size.max = 1048576 (custom)
2019-09-25 05:50:16,686 [pool-537-thread-1] INFO  server.RaftServerConfigKeys (ConfUtils.java:logGet(43)) - raft.server.log.preallocated.size = 16384 (custom)
2019-09-25 05:50:16,686 [pool-537-thread-1] INFO  server.RaftServerConfigKeys (ConfUtils.java:logGet(43)) - raft.server.log.write.buffer.size = 33554432 (custom)
2019-09-25 05:50:16,686 [pool-537-thread-1] INFO  server.RaftServerConfigKeys (ConfUtils.java:logGet(43)) - raft.server.log.force.sync.num = 128 (default)
2019-09-25 05:50:16,686 [pool-537-thread-1] INFO  server.RaftServerConfigKeys (ConfUtils.java:logGet(43)) - raft.server.log.statemachine.data.sync = true (default)
2019-09-25 05:50:16,686 [pool-537-thread-1] INFO  server.RaftServerConfigKeys (ConfUtils.java:logGet(43)) - raft.server.log.statemachine.data.sync.timeout = 10s (default)
2019-09-25 05:50:16,686 [pool-537-thread-1] INFO  server.RaftServerConfigKeys (ConfUtils.java:logGet(43)) - raft.server.log.statemachine.data.sync.timeout.retry = -1 (default)
2019-09-25 05:50:16,686 [pool-537-thread-1] INFO  server.RaftServerConfigKeys (ConfUtils.java:logGet(43)) - raft.server.log.statemachine.data.caching.enabled = true (custom)
2019-09-25 05:50:16,687 [pool-537-thread-1] INFO  segmented.SegmentedRaftLogWorker (SegmentedRaftLogWorker.java:lambda$new$0(132)) - 11c09e37-7211-4e36-88ba-de9fcd604807@group-57EE923BAF4D-SegmentedRaftLogWorker: flushIndex: setUnconditionally 0 -> -1
2019-09-25 05:50:16,687 [pool-537-thread-1] INFO  server.RaftServerConfigKeys (ConfUtils.java:logGet(43)) - raft.server.snapshot.auto.trigger.enabled = true (custom)
2019-09-25 05:50:16,687 [pool-537-thread-1] INFO  server.RaftServerConfigKeys (ConfUtils.java:logGet(43)) - raft.server.snapshot.auto.trigger.threshold = 10000 (custom)
2019-09-25 05:50:16,687 [pool-537-thread-1] INFO  server.RaftServerConfigKeys (ConfUtils.java:logGet(43)) - raft.server.snapshot.retention.num.files = 5 (custom)
2019-09-25 05:50:16,687 [pool-537-thread-1] INFO  server.RaftServerConfigKeys (ConfUtils.java:logGet(43)) - raft.server.retrycache.expirytime = 600000ms (custom)
2019-09-25 05:50:16,689 [pool-537-thread-1] INFO  impl.RaftServerImpl (RaftServerImpl.java:start(185)) - 11c09e37-7211-4e36-88ba-de9fcd604807@group-57EE923BAF4D: start as a follower, conf=-1: [11c09e37-7211-4e36-88ba-de9fcd604807:192.168.30.10:35566], old=null
2019-09-25 05:50:16,689 [pool-537-thread-1] INFO  impl.RaftServerImpl (RaftServerImpl.java:setRole(174)) - 11c09e37-7211-4e36-88ba-de9fcd604807@group-57EE923BAF4D: changes role from      null to FOLLOWER at term 0 for startAsFollower
2019-09-25 05:50:16,690 [pool-537-thread-1] INFO  impl.RoleInfo (RoleInfo.java:updateAndGet(143)) - 11c09e37-7211-4e36-88ba-de9fcd604807: start FollowerState
2019-09-25 05:50:16,690 [pool-537-thread-1] INFO  util.JmxRegister (JmxRegister.java:tryRegister(44)) - Successfully registered JMX Bean with object name Ratis:service=RaftServer,group=group-57EE923BAF4D,id=11c09e37-7211-4e36-88ba-de9fcd604807
2019-09-25 05:50:16,691 [RatisPipelineUtilsThread] INFO  pipeline.PipelineStateManager (PipelineStateManager.java:addPipeline(56)) - Created pipeline Pipeline[ Id: e3e27a4f-48b1-430b-ba3c-57ee923baf4d, Nodes: 11c09e37-7211-4e36-88ba-de9fcd604807{ip: 192.168.30.10, host: pr-hdds-1569-s62bp-3040748787, networkLocation: /default-rack, certSerialId: null}, Type:RATIS, Factor:ONE, State:OPEN]
2019-09-25 05:50:16,691 [RatisPipelineUtilsThread] INFO  pipeline.PipelinePlacementPolicy (PipelinePlacementPolicy.java:meetCriteria(91)) - Pipeline Placement: Doesn't meet the criteria to be viable node： 45ca45e9-b5b0-4fbb-a7fd-6b6ab106be2a Heaviness: 6 limit: 5
2019-09-25 05:50:16,692 [RatisPipelineUtilsThread] INFO  pipeline.PipelinePlacementPolicy (PipelinePlacementPolicy.java:meetCriteria(91)) - Pipeline Placement: Doesn't meet the criteria to be viable node： 899bfb76-eea4-4ff6-823c-7995b606cb73 Heaviness: 6 limit: 5
2019-09-25 05:50:16,692 [RatisPipelineUtilsThread] INFO  pipeline.PipelinePlacementPolicy (PipelinePlacementPolicy.java:meetCriteria(91)) - Pipeline Placement: Doesn't meet the criteria to be viable node： 30620aa2-f8b3-4a53-9c80-c9f165f833cf Heaviness: 6 limit: 5
2019-09-25 05:50:16,692 [RatisPipelineUtilsThread] INFO  pipeline.PipelinePlacementPolicy (PipelinePlacementPolicy.java:meetCriteria(91)) - Pipeline Placement: Doesn't meet the criteria to be viable node： dc430975-089c-40cd-a0f1-208b2374b924 Heaviness: 6 limit: 5
2019-09-25 05:50:16,694 [grpc-default-executor-0] INFO  impl.RaftServerProxy (RaftServerProxy.java:addNew(89)) - 11c09e37-7211-4e36-88ba-de9fcd604807: addNew group-14FF7CCB5A5D:[11c09e37-7211-4e36-88ba-de9fcd604807:192.168.30.10:35566] returns group-14FF7CCB5A5D:java.util.concurrent.CompletableFuture@76d03654[Not completed]
2019-09-25 05:50:16,695 [pool-537-thread-1] INFO  impl.RaftServerImpl (RaftServerImpl.java:<init>(95)) - 11c09e37-7211-4e36-88ba-de9fcd604807: new RaftServerImpl for group-14FF7CCB5A5D:[11c09e37-7211-4e36-88ba-de9fcd604807:192.168.30.10:35566] with ContainerStateMachine:uninitialized
2019-09-25 05:50:16,695 [pool-537-thread-1] INFO  server.RaftServerConfigKeys (ConfUtils.java:logGet(43)) - raft.server.rpc.timeout.min = 5s (custom)
2019-09-25 05:50:16,695 [pool-537-thread-1] INFO  server.RaftServerConfigKeys (ConfUtils.java:logGet(43)) - raft.server.rpc.timeout.max = 5200ms (custom)
2019-09-25 05:50:16,696 [pool-537-thread-1] INFO  server.RaftServerConfigKeys (ConfUtils.java:logGet(43)) - raft.server.rpcslowness.timeout = 120s (custom)
2019-09-25 05:50:16,696 [pool-537-thread-1] INFO  server.RaftServerConfigKeys (ConfUtils.java:logGet(43)) - raft.server.sleep.deviation.threshold = 300 (default)
2019-09-25 05:50:16,696 [pool-537-thread-1] INFO  server.RaftServerConfigKeys (ConfUtils.java:logGet(43)) - raft.server.log.appender.install.snapshot.enabled = false (custom)
2019-09-25 05:50:16,696 [pool-537-thread-1] INFO  impl.RaftServerImpl (ServerState.java:<init>(103)) - 11c09e37-7211-4e36-88ba-de9fcd604807@group-14FF7CCB5A5D: ConfigurationManager, init=-1: [11c09e37-7211-4e36-88ba-de9fcd604807:192.168.30.10:35566], old=null, confs=<EMPTY_MAP>
2019-09-25 05:50:16,696 [pool-537-thread-1] INFO  server.RaftServerConfigKeys (ConfUtils.java:logGet(43)) - raft.server.storage.dir = [/workdir/hadoop-ozone/integration-test/target/test-dir/MiniOzoneClusterImpl-2263fc46-0a90-446a-9f91-f67f9935a0e0/datanode-4/data/ratis] (custom)
2019-09-25 05:50:16,696 [pool-537-thread-1] INFO  storage.RaftStorageDirectory (RaftStorageDirectory.java:analyzeStorage(246)) - The storage directory /workdir/hadoop-ozone/integration-test/target/test-dir/MiniOzoneClusterImpl-2263fc46-0a90-446a-9f91-f67f9935a0e0/datanode-4/data/ratis/1abef765-3007-43df-9717-14ff7ccb5a5d does not exist. Creating ...
2019-09-25 05:50:16,709 [pool-537-thread-1] INFO  storage.RaftStorageDirectory (RaftStorageDirectory.java:tryLock(328)) - Lock on /workdir/hadoop-ozone/integration-test/target/test-dir/MiniOzoneClusterImpl-2263fc46-0a90-446a-9f91-f67f9935a0e0/datanode-4/data/ratis/1abef765-3007-43df-9717-14ff7ccb5a5d/in_use.lock acquired by nodename 13539@pr-hdds-1569-s62bp-3040748787
2019-09-25 05:50:16,722 [pool-537-thread-1] INFO  storage.RaftStorage (RaftStorage.java:format(72)) - Storage directory /workdir/hadoop-ozone/integration-test/target/test-dir/MiniOzoneClusterImpl-2263fc46-0a90-446a-9f91-f67f9935a0e0/datanode-4/data/ratis/1abef765-3007-43df-9717-14ff7ccb5a5d has been successfully formatted.
2019-09-25 05:50:16,722 [pool-537-thread-1] INFO  ratis.ContainerStateMachine (ContainerStateMachine.java:loadSnapshot(230)) - group-14FF7CCB5A5D: The snapshot info is null. Setting the last applied indexto:(t:0, i:~)
2019-09-25 05:50:16,722 [pool-537-thread-1] INFO  server.RaftServerConfigKeys (ConfUtils.java:logGet(43)) - raft.server.notification.no-leader.timeout = 120s (custom)
2019-09-25 05:50:16,722 [pool-537-thread-1] INFO  server.RaftServerConfigKeys (ConfUtils.java:logGet(43)) - raft.server.log.use.memory = false (default)
2019-09-25 05:50:16,723 [pool-537-thread-1] INFO  server.RaftServerConfigKeys (ConfUtils.java:logGet(43)) - raft.server.log.purge.gap = 1000000 (custom)
2019-09-25 05:50:16,723 [pool-537-thread-1] INFO  server.RaftServerConfigKeys (ConfUtils.java:logGet(43)) - raft.server.log.appender.buffer.byte-limit = 33554432 (custom)
2019-09-25 05:50:16,723 [pool-537-thread-1] INFO  server.RaftServerConfigKeys (ConfUtils.java:logGet(43)) - raft.server.log.segment.size.max = 1048576 (custom)
2019-09-25 05:50:16,723 [pool-537-thread-1] INFO  server.RaftServerConfigKeys (ConfUtils.java:logGet(43)) - raft.server.log.segment.cache.num.max = 2 (custom)
2019-09-25 05:50:16,723 [pool-537-thread-1] INFO  segmented.SegmentedRaftLogWorker (SegmentedRaftLogWorker.java:<init>(172)) - new 11c09e37-7211-4e36-88ba-de9fcd604807@group-14FF7CCB5A5D-SegmentedRaftLogWorker for RaftStorage:Storage Directory /workdir/hadoop-ozone/integration-test/target/test-dir/MiniOzoneClusterImpl-2263fc46-0a90-446a-9f91-f67f9935a0e0/datanode-4/data/ratis/1abef765-3007-43df-9717-14ff7ccb5a5d
2019-09-25 05:50:16,723 [pool-537-thread-1] INFO  server.RaftServerConfigKeys (ConfUtils.java:logGet(43)) - raft.server.log.queue.byte-limit = 2147483647 (custom)
2019-09-25 05:50:16,723 [pool-537-thread-1] INFO  server.RaftServerConfigKeys (ConfUtils.java:logGet(43)) - raft.server.log.queue.element-limit = 1024 (custom)
2019-09-25 05:50:16,723 [pool-537-thread-1] INFO  server.RaftServerConfigKeys (ConfUtils.java:logGet(43)) - raft.server.log.segment.size.max = 1048576 (custom)
2019-09-25 05:50:16,724 [pool-537-thread-1] INFO  server.RaftServerConfigKeys (ConfUtils.java:logGet(43)) - raft.server.log.preallocated.size = 16384 (custom)
2019-09-25 05:50:16,724 [pool-537-thread-1] INFO  server.RaftServerConfigKeys (ConfUtils.java:logGet(43)) - raft.server.log.write.buffer.size = 33554432 (custom)
2019-09-25 05:50:16,724 [pool-537-thread-1] INFO  server.RaftServerConfigKeys (ConfUtils.java:logGet(43)) - raft.server.log.force.sync.num = 128 (default)
2019-09-25 05:50:16,724 [pool-537-thread-1] INFO  server.RaftServerConfigKeys (ConfUtils.java:logGet(43)) - raft.server.log.statemachine.data.sync = true (default)
2019-09-25 05:50:16,724 [pool-537-thread-1] INFO  server.RaftServerConfigKeys (ConfUtils.java:logGet(43)) - raft.server.log.statemachine.data.sync.timeout = 10s (default)
2019-09-25 05:50:16,724 [pool-537-thread-1] INFO  server.RaftServerConfigKeys (ConfUtils.java:logGet(43)) - raft.server.log.statemachine.data.sync.timeout.retry = -1 (default)
2019-09-25 05:50:16,724 [pool-537-thread-1] INFO  server.RaftServerConfigKeys (ConfUtils.java:logGet(43)) - raft.server.log.statemachine.data.caching.enabled = true (custom)
2019-09-25 05:50:16,725 [pool-537-thread-1] INFO  segmented.SegmentedRaftLogWorker (SegmentedRaftLogWorker.java:lambda$new$0(132)) - 11c09e37-7211-4e36-88ba-de9fcd604807@group-14FF7CCB5A5D-SegmentedRaftLogWorker: flushIndex: setUnconditionally 0 -> -1
2019-09-25 05:50:16,725 [pool-537-thread-1] INFO  server.RaftServerConfigKeys (ConfUtils.java:logGet(43)) - raft.server.snapshot.auto.trigger.enabled = true (custom)
2019-09-25 05:50:16,725 [pool-537-thread-1] INFO  server.RaftServerConfigKeys (ConfUtils.java:logGet(43)) - raft.server.snapshot.auto.trigger.threshold = 10000 (custom)
2019-09-25 05:50:16,725 [pool-537-thread-1] INFO  server.RaftServerConfigKeys (ConfUtils.java:logGet(43)) - raft.server.snapshot.retention.num.files = 5 (custom)
2019-09-25 05:50:16,725 [pool-537-thread-1] INFO  server.RaftServerConfigKeys (ConfUtils.java:logGet(43)) - raft.server.retrycache.expirytime = 600000ms (custom)
2019-09-25 05:50:16,727 [pool-537-thread-1] INFO  impl.RaftServerImpl (RaftServerImpl.java:start(185)) - 11c09e37-7211-4e36-88ba-de9fcd604807@group-14FF7CCB5A5D: start as a follower, conf=-1: [11c09e37-7211-4e36-88ba-de9fcd604807:192.168.30.10:35566], old=null
2019-09-25 05:50:16,727 [pool-537-thread-1] INFO  impl.RaftServerImpl (RaftServerImpl.java:setRole(174)) - 11c09e37-7211-4e36-88ba-de9fcd604807@group-14FF7CCB5A5D: changes role from      null to FOLLOWER at term 0 for startAsFollower
2019-09-25 05:50:16,727 [pool-537-thread-1] INFO  impl.RoleInfo (RoleInfo.java:updateAndGet(143)) - 11c09e37-7211-4e36-88ba-de9fcd604807: start FollowerState
2019-09-25 05:50:16,728 [pool-537-thread-1] INFO  util.JmxRegister (JmxRegister.java:tryRegister(44)) - Successfully registered JMX Bean with object name Ratis:service=RaftServer,group=group-14FF7CCB5A5D,id=11c09e37-7211-4e36-88ba-de9fcd604807
2019-09-25 05:50:16,729 [RatisPipelineUtilsThread] INFO  pipeline.PipelineStateManager (PipelineStateManager.java:addPipeline(56)) - Created pipeline Pipeline[ Id: 1abef765-3007-43df-9717-14ff7ccb5a5d, Nodes: 11c09e37-7211-4e36-88ba-de9fcd604807{ip: 192.168.30.10, host: pr-hdds-1569-s62bp-3040748787, networkLocation: /default-rack, certSerialId: null}, Type:RATIS, Factor:ONE, State:OPEN]
2019-09-25 05:50:16,729 [RatisPipelineUtilsThread] INFO  pipeline.PipelinePlacementPolicy (PipelinePlacementPolicy.java:meetCriteria(91)) - Pipeline Placement: Doesn't meet the criteria to be viable node： 11c09e37-7211-4e36-88ba-de9fcd604807 Heaviness: 6 limit: 5
2019-09-25 05:50:16,730 [RatisPipelineUtilsThread] INFO  pipeline.PipelinePlacementPolicy (PipelinePlacementPolicy.java:meetCriteria(91)) - Pipeline Placement: Doesn't meet the criteria to be viable node： 45ca45e9-b5b0-4fbb-a7fd-6b6ab106be2a Heaviness: 6 limit: 5
2019-09-25 05:50:16,730 [RatisPipelineUtilsThread] INFO  pipeline.PipelinePlacementPolicy (PipelinePlacementPolicy.java:meetCriteria(91)) - Pipeline Placement: Doesn't meet the criteria to be viable node： 899bfb76-eea4-4ff6-823c-7995b606cb73 Heaviness: 6 limit: 5
2019-09-25 05:50:16,730 [RatisPipelineUtilsThread] INFO  pipeline.PipelinePlacementPolicy (PipelinePlacementPolicy.java:meetCriteria(91)) - Pipeline Placement: Doesn't meet the criteria to be viable node： 30620aa2-f8b3-4a53-9c80-c9f165f833cf Heaviness: 6 limit: 5
2019-09-25 05:50:16,730 [RatisPipelineUtilsThread] INFO  pipeline.PipelinePlacementPolicy (PipelinePlacementPolicy.java:meetCriteria(91)) - Pipeline Placement: Doesn't meet the criteria to be viable node： dc430975-089c-40cd-a0f1-208b2374b924 Heaviness: 6 limit: 5
2019-09-25 05:50:16,733 [grpc-default-executor-0] INFO  impl.RaftServerProxy (RaftServerProxy.java:addNew(89)) - 74ee2b94-5a16-4fca-8dd4-c5490dc15294: addNew group-B43BCF422993:[74ee2b94-5a16-4fca-8dd4-c5490dc15294:192.168.30.10:39250] returns group-B43BCF422993:java.util.concurrent.CompletableFuture@72272212[Not completed]
2019-09-25 05:50:16,734 [pool-547-thread-1] INFO  impl.RaftServerImpl (RaftServerImpl.java:<init>(95)) - 74ee2b94-5a16-4fca-8dd4-c5490dc15294: new RaftServerImpl for group-B43BCF422993:[74ee2b94-5a16-4fca-8dd4-c5490dc15294:192.168.30.10:39250] with ContainerStateMachine:uninitialized
2019-09-25 05:50:16,734 [pool-547-thread-1] INFO  server.RaftServerConfigKeys (ConfUtils.java:logGet(43)) - raft.server.rpc.timeout.min = 5s (custom)
2019-09-25 05:50:16,734 [pool-547-thread-1] INFO  server.RaftServerConfigKeys (ConfUtils.java:logGet(43)) - raft.server.rpc.timeout.max = 5200ms (custom)
2019-09-25 05:50:16,734 [pool-547-thread-1] INFO  server.RaftServerConfigKeys (ConfUtils.java:logGet(43)) - raft.server.rpcslowness.timeout = 120s (custom)
2019-09-25 05:50:16,734 [pool-547-thread-1] INFO  server.RaftServerConfigKeys (ConfUtils.java:logGet(43)) - raft.server.sleep.deviation.threshold = 300 (default)
2019-09-25 05:50:16,735 [pool-547-thread-1] INFO  server.RaftServerConfigKeys (ConfUtils.java:logGet(43)) - raft.server.log.appender.install.snapshot.enabled = false (custom)
2019-09-25 05:50:16,735 [pool-547-thread-1] INFO  impl.RaftServerImpl (ServerState.java:<init>(103)) - 74ee2b94-5a16-4fca-8dd4-c5490dc15294@group-B43BCF422993: ConfigurationManager, init=-1: [74ee2b94-5a16-4fca-8dd4-c5490dc15294:192.168.30.10:39250], old=null, confs=<EMPTY_MAP>
2019-09-25 05:50:16,735 [pool-547-thread-1] INFO  server.RaftServerConfigKeys (ConfUtils.java:logGet(43)) - raft.server.storage.dir = [/workdir/hadoop-ozone/integration-test/target/test-dir/MiniOzoneClusterImpl-2263fc46-0a90-446a-9f91-f67f9935a0e0/datanode-5/data/ratis] (custom)
2019-09-25 05:50:16,735 [pool-547-thread-1] INFO  storage.RaftStorageDirectory (RaftStorageDirectory.java:analyzeStorage(246)) - The storage directory /workdir/hadoop-ozone/integration-test/target/test-dir/MiniOzoneClusterImpl-2263fc46-0a90-446a-9f91-f67f9935a0e0/datanode-5/data/ratis/58a93f2e-e9c9-4274-ac04-b43bcf422993 does not exist. Creating ...
2019-09-25 05:50:16,768 [pool-547-thread-1] INFO  storage.RaftStorageDirectory (RaftStorageDirectory.java:tryLock(328)) - Lock on /workdir/hadoop-ozone/integration-test/target/test-dir/MiniOzoneClusterImpl-2263fc46-0a90-446a-9f91-f67f9935a0e0/datanode-5/data/ratis/58a93f2e-e9c9-4274-ac04-b43bcf422993/in_use.lock acquired by nodename 13539@pr-hdds-1569-s62bp-3040748787
2019-09-25 05:50:16,781 [pool-547-thread-1] INFO  storage.RaftStorage (RaftStorage.java:format(72)) - Storage directory /workdir/hadoop-ozone/integration-test/target/test-dir/MiniOzoneClusterImpl-2263fc46-0a90-446a-9f91-f67f9935a0e0/datanode-5/data/ratis/58a93f2e-e9c9-4274-ac04-b43bcf422993 has been successfully formatted.
2019-09-25 05:50:16,781 [pool-547-thread-1] INFO  ratis.ContainerStateMachine (ContainerStateMachine.java:loadSnapshot(230)) - group-B43BCF422993: The snapshot info is null. Setting the last applied indexto:(t:0, i:~)
2019-09-25 05:50:16,781 [pool-547-thread-1] INFO  server.RaftServerConfigKeys (ConfUtils.java:logGet(43)) - raft.server.notification.no-leader.timeout = 120s (custom)
2019-09-25 05:50:16,781 [pool-547-thread-1] INFO  server.RaftServerConfigKeys (ConfUtils.java:logGet(43)) - raft.server.log.use.memory = false (default)
2019-09-25 05:50:16,781 [pool-547-thread-1] INFO  server.RaftServerConfigKeys (ConfUtils.java:logGet(43)) - raft.server.log.purge.gap = 1000000 (custom)
2019-09-25 05:50:16,781 [pool-547-thread-1] INFO  server.RaftServerConfigKeys (ConfUtils.java:logGet(43)) - raft.server.log.appender.buffer.byte-limit = 33554432 (custom)
2019-09-25 05:50:16,781 [pool-547-thread-1] INFO  server.RaftServerConfigKeys (ConfUtils.java:logGet(43)) - raft.server.log.segment.size.max = 1048576 (custom)
2019-09-25 05:50:16,782 [pool-547-thread-1] INFO  server.RaftServerConfigKeys (ConfUtils.java:logGet(43)) - raft.server.log.segment.cache.num.max = 2 (custom)
2019-09-25 05:50:16,782 [pool-547-thread-1] INFO  segmented.SegmentedRaftLogWorker (SegmentedRaftLogWorker.java:<init>(172)) - new 74ee2b94-5a16-4fca-8dd4-c5490dc15294@group-B43BCF422993-SegmentedRaftLogWorker for RaftStorage:Storage Directory /workdir/hadoop-ozone/integration-test/target/test-dir/MiniOzoneClusterImpl-2263fc46-0a90-446a-9f91-f67f9935a0e0/datanode-5/data/ratis/58a93f2e-e9c9-4274-ac04-b43bcf422993
2019-09-25 05:50:16,782 [pool-547-thread-1] INFO  server.RaftServerConfigKeys (ConfUtils.java:logGet(43)) - raft.server.log.queue.byte-limit = 2147483647 (custom)
2019-09-25 05:50:16,782 [pool-547-thread-1] INFO  server.RaftServerConfigKeys (ConfUtils.java:logGet(43)) - raft.server.log.queue.element-limit = 1024 (custom)
2019-09-25 05:50:16,782 [pool-547-thread-1] INFO  server.RaftServerConfigKeys (ConfUtils.java:logGet(43)) - raft.server.log.segment.size.max = 1048576 (custom)
2019-09-25 05:50:16,782 [pool-547-thread-1] INFO  server.RaftServerConfigKeys (ConfUtils.java:logGet(43)) - raft.server.log.preallocated.size = 16384 (custom)
2019-09-25 05:50:16,782 [pool-547-thread-1] INFO  server.RaftServerConfigKeys (ConfUtils.java:logGet(43)) - raft.server.log.write.buffer.size = 33554432 (custom)
2019-09-25 05:50:16,782 [pool-547-thread-1] INFO  server.RaftServerConfigKeys (ConfUtils.java:logGet(43)) - raft.server.log.force.sync.num = 128 (default)
2019-09-25 05:50:16,782 [pool-547-thread-1] INFO  server.RaftServerConfigKeys (ConfUtils.java:logGet(43)) - raft.server.log.statemachine.data.sync = true (default)
2019-09-25 05:50:16,783 [pool-547-thread-1] INFO  server.RaftServerConfigKeys (ConfUtils.java:logGet(43)) - raft.server.log.statemachine.data.sync.timeout = 10s (default)
2019-09-25 05:50:16,783 [pool-547-thread-1] INFO  server.RaftServerConfigKeys (ConfUtils.java:logGet(43)) - raft.server.log.statemachine.data.sync.timeout.retry = -1 (default)
2019-09-25 05:50:16,783 [pool-547-thread-1] INFO  server.RaftServerConfigKeys (ConfUtils.java:logGet(43)) - raft.server.log.statemachine.data.caching.enabled = true (custom)
2019-09-25 05:50:16,783 [pool-547-thread-1] INFO  segmented.SegmentedRaftLogWorker (SegmentedRaftLogWorker.java:lambda$new$0(132)) - 74ee2b94-5a16-4fca-8dd4-c5490dc15294@group-B43BCF422993-SegmentedRaftLogWorker: flushIndex: setUnconditionally 0 -> -1
2019-09-25 05:50:16,783 [pool-547-thread-1] INFO  server.RaftServerConfigKeys (ConfUtils.java:logGet(43)) - raft.server.snapshot.auto.trigger.enabled = true (custom)
2019-09-25 05:50:16,784 [pool-547-thread-1] INFO  server.RaftServerConfigKeys (ConfUtils.java:logGet(43)) - raft.server.snapshot.auto.trigger.threshold = 10000 (custom)
2019-09-25 05:50:16,784 [pool-547-thread-1] INFO  server.RaftServerConfigKeys (ConfUtils.java:logGet(43)) - raft.server.snapshot.retention.num.files = 5 (custom)
2019-09-25 05:50:16,784 [pool-547-thread-1] INFO  server.RaftServerConfigKeys (ConfUtils.java:logGet(43)) - raft.server.retrycache.expirytime = 600000ms (custom)
2019-09-25 05:50:16,785 [pool-547-thread-1] INFO  impl.RaftServerImpl (RaftServerImpl.java:start(185)) - 74ee2b94-5a16-4fca-8dd4-c5490dc15294@group-B43BCF422993: start as a follower, conf=-1: [74ee2b94-5a16-4fca-8dd4-c5490dc15294:192.168.30.10:39250], old=null
2019-09-25 05:50:16,785 [pool-547-thread-1] INFO  impl.RaftServerImpl (RaftServerImpl.java:setRole(174)) - 74ee2b94-5a16-4fca-8dd4-c5490dc15294@group-B43BCF422993: changes role from      null to FOLLOWER at term 0 for startAsFollower
2019-09-25 05:50:16,785 [pool-547-thread-1] INFO  impl.RoleInfo (RoleInfo.java:updateAndGet(143)) - 74ee2b94-5a16-4fca-8dd4-c5490dc15294: start FollowerState
2019-09-25 05:50:16,786 [pool-547-thread-1] INFO  util.JmxRegister (JmxRegister.java:tryRegister(44)) - Successfully registered JMX Bean with object name Ratis:service=RaftServer,group=group-B43BCF422993,id=74ee2b94-5a16-4fca-8dd4-c5490dc15294
2019-09-25 05:50:16,787 [RatisPipelineUtilsThread] INFO  pipeline.PipelineStateManager (PipelineStateManager.java:addPipeline(56)) - Created pipeline Pipeline[ Id: 58a93f2e-e9c9-4274-ac04-b43bcf422993, Nodes: 74ee2b94-5a16-4fca-8dd4-c5490dc15294{ip: 192.168.30.10, host: pr-hdds-1569-s62bp-3040748787, networkLocation: /default-rack, certSerialId: null}, Type:RATIS, Factor:ONE, State:OPEN]
2019-09-25 05:50:16,788 [RatisPipelineUtilsThread] INFO  pipeline.PipelinePlacementPolicy (PipelinePlacementPolicy.java:meetCriteria(91)) - Pipeline Placement: Doesn't meet the criteria to be viable node： 11c09e37-7211-4e36-88ba-de9fcd604807 Heaviness: 6 limit: 5
2019-09-25 05:50:16,788 [RatisPipelineUtilsThread] INFO  pipeline.PipelinePlacementPolicy (PipelinePlacementPolicy.java:meetCriteria(91)) - Pipeline Placement: Doesn't meet the criteria to be viable node： 45ca45e9-b5b0-4fbb-a7fd-6b6ab106be2a Heaviness: 6 limit: 5
2019-09-25 05:50:16,788 [RatisPipelineUtilsThread] INFO  pipeline.PipelinePlacementPolicy (PipelinePlacementPolicy.java:meetCriteria(91)) - Pipeline Placement: Doesn't meet the criteria to be viable node： 899bfb76-eea4-4ff6-823c-7995b606cb73 Heaviness: 6 limit: 5
2019-09-25 05:50:16,789 [RatisPipelineUtilsThread] INFO  pipeline.PipelinePlacementPolicy (PipelinePlacementPolicy.java:meetCriteria(91)) - Pipeline Placement: Doesn't meet the criteria to be viable node： 30620aa2-f8b3-4a53-9c80-c9f165f833cf Heaviness: 6 limit: 5
2019-09-25 05:50:16,789 [RatisPipelineUtilsThread] INFO  pipeline.PipelinePlacementPolicy (PipelinePlacementPolicy.java:meetCriteria(91)) - Pipeline Placement: Doesn't meet the criteria to be viable node： dc430975-089c-40cd-a0f1-208b2374b924 Heaviness: 6 limit: 5
2019-09-25 05:50:16,792 [grpc-default-executor-0] INFO  impl.RaftServerProxy (RaftServerProxy.java:addNew(89)) - 74ee2b94-5a16-4fca-8dd4-c5490dc15294: addNew group-D1324C182D4F:[74ee2b94-5a16-4fca-8dd4-c5490dc15294:192.168.30.10:39250] returns group-D1324C182D4F:java.util.concurrent.CompletableFuture@574ef40e[Not completed]
2019-09-25 05:50:16,793 [pool-547-thread-1] INFO  impl.RaftServerImpl (RaftServerImpl.java:<init>(95)) - 74ee2b94-5a16-4fca-8dd4-c5490dc15294: new RaftServerImpl for group-D1324C182D4F:[74ee2b94-5a16-4fca-8dd4-c5490dc15294:192.168.30.10:39250] with ContainerStateMachine:uninitialized
2019-09-25 05:50:16,793 [pool-547-thread-1] INFO  server.RaftServerConfigKeys (ConfUtils.java:logGet(43)) - raft.server.rpc.timeout.min = 5s (custom)
2019-09-25 05:50:16,793 [pool-547-thread-1] INFO  server.RaftServerConfigKeys (ConfUtils.java:logGet(43)) - raft.server.rpc.timeout.max = 5200ms (custom)
2019-09-25 05:50:16,793 [pool-547-thread-1] INFO  server.RaftServerConfigKeys (ConfUtils.java:logGet(43)) - raft.server.rpcslowness.timeout = 120s (custom)
2019-09-25 05:50:16,793 [pool-547-thread-1] INFO  server.RaftServerConfigKeys (ConfUtils.java:logGet(43)) - raft.server.sleep.deviation.threshold = 300 (default)
2019-09-25 05:50:16,793 [pool-547-thread-1] INFO  server.RaftServerConfigKeys (ConfUtils.java:logGet(43)) - raft.server.log.appender.install.snapshot.enabled = false (custom)
2019-09-25 05:50:16,793 [pool-547-thread-1] INFO  impl.RaftServerImpl (ServerState.java:<init>(103)) - 74ee2b94-5a16-4fca-8dd4-c5490dc15294@group-D1324C182D4F: ConfigurationManager, init=-1: [74ee2b94-5a16-4fca-8dd4-c5490dc15294:192.168.30.10:39250], old=null, confs=<EMPTY_MAP>
2019-09-25 05:50:16,793 [pool-547-thread-1] INFO  server.RaftServerConfigKeys (ConfUtils.java:logGet(43)) - raft.server.storage.dir = [/workdir/hadoop-ozone/integration-test/target/test-dir/MiniOzoneClusterImpl-2263fc46-0a90-446a-9f91-f67f9935a0e0/datanode-5/data/ratis] (custom)
2019-09-25 05:50:16,794 [pool-547-thread-1] INFO  storage.RaftStorageDirectory (RaftStorageDirectory.java:analyzeStorage(246)) - The storage directory /workdir/hadoop-ozone/integration-test/target/test-dir/MiniOzoneClusterImpl-2263fc46-0a90-446a-9f91-f67f9935a0e0/datanode-5/data/ratis/e6832fc2-db84-40a8-86eb-d1324c182d4f does not exist. Creating ...
2019-09-25 05:50:16,806 [pool-547-thread-1] INFO  storage.RaftStorageDirectory (RaftStorageDirectory.java:tryLock(328)) - Lock on /workdir/hadoop-ozone/integration-test/target/test-dir/MiniOzoneClusterImpl-2263fc46-0a90-446a-9f91-f67f9935a0e0/datanode-5/data/ratis/e6832fc2-db84-40a8-86eb-d1324c182d4f/in_use.lock acquired by nodename 13539@pr-hdds-1569-s62bp-3040748787
2019-09-25 05:50:16,819 [pool-547-thread-1] INFO  storage.RaftStorage (RaftStorage.java:format(72)) - Storage directory /workdir/hadoop-ozone/integration-test/target/test-dir/MiniOzoneClusterImpl-2263fc46-0a90-446a-9f91-f67f9935a0e0/datanode-5/data/ratis/e6832fc2-db84-40a8-86eb-d1324c182d4f has been successfully formatted.
2019-09-25 05:50:16,820 [pool-547-thread-1] INFO  ratis.ContainerStateMachine (ContainerStateMachine.java:loadSnapshot(230)) - group-D1324C182D4F: The snapshot info is null. Setting the last applied indexto:(t:0, i:~)
2019-09-25 05:50:16,820 [pool-547-thread-1] INFO  server.RaftServerConfigKeys (ConfUtils.java:logGet(43)) - raft.server.notification.no-leader.timeout = 120s (custom)
2019-09-25 05:50:16,820 [pool-547-thread-1] INFO  server.RaftServerConfigKeys (ConfUtils.java:logGet(43)) - raft.server.log.use.memory = false (default)
2019-09-25 05:50:16,820 [pool-547-thread-1] INFO  server.RaftServerConfigKeys (ConfUtils.java:logGet(43)) - raft.server.log.purge.gap = 1000000 (custom)
2019-09-25 05:50:16,820 [pool-547-thread-1] INFO  server.RaftServerConfigKeys (ConfUtils.java:logGet(43)) - raft.server.log.appender.buffer.byte-limit = 33554432 (custom)
2019-09-25 05:50:16,820 [pool-547-thread-1] INFO  server.RaftServerConfigKeys (ConfUtils.java:logGet(43)) - raft.server.log.segment.size.max = 1048576 (custom)
2019-09-25 05:50:16,820 [pool-547-thread-1] INFO  server.RaftServerConfigKeys (ConfUtils.java:logGet(43)) - raft.server.log.segment.cache.num.max = 2 (custom)
2019-09-25 05:50:16,820 [pool-547-thread-1] INFO  segmented.SegmentedRaftLogWorker (SegmentedRaftLogWorker.java:<init>(172)) - new 74ee2b94-5a16-4fca-8dd4-c5490dc15294@group-D1324C182D4F-SegmentedRaftLogWorker for RaftStorage:Storage Directory /workdir/hadoop-ozone/integration-test/target/test-dir/MiniOzoneClusterImpl-2263fc46-0a90-446a-9f91-f67f9935a0e0/datanode-5/data/ratis/e6832fc2-db84-40a8-86eb-d1324c182d4f
2019-09-25 05:50:16,821 [pool-547-thread-1] INFO  server.RaftServerConfigKeys (ConfUtils.java:logGet(43)) - raft.server.log.queue.byte-limit = 2147483647 (custom)
2019-09-25 05:50:16,821 [pool-547-thread-1] INFO  server.RaftServerConfigKeys (ConfUtils.java:logGet(43)) - raft.server.log.queue.element-limit = 1024 (custom)
2019-09-25 05:50:16,821 [pool-547-thread-1] INFO  server.RaftServerConfigKeys (ConfUtils.java:logGet(43)) - raft.server.log.segment.size.max = 1048576 (custom)
2019-09-25 05:50:16,821 [pool-547-thread-1] INFO  server.RaftServerConfigKeys (ConfUtils.java:logGet(43)) - raft.server.log.preallocated.size = 16384 (custom)
2019-09-25 05:50:16,821 [pool-547-thread-1] INFO  server.RaftServerConfigKeys (ConfUtils.java:logGet(43)) - raft.server.log.write.buffer.size = 33554432 (custom)
2019-09-25 05:50:16,821 [pool-547-thread-1] INFO  server.RaftServerConfigKeys (ConfUtils.java:logGet(43)) - raft.server.log.force.sync.num = 128 (default)
2019-09-25 05:50:16,821 [pool-547-thread-1] INFO  server.RaftServerConfigKeys (ConfUtils.java:logGet(43)) - raft.server.log.statemachine.data.sync = true (default)
2019-09-25 05:50:16,821 [pool-547-thread-1] INFO  server.RaftServerConfigKeys (ConfUtils.java:logGet(43)) - raft.server.log.statemachine.data.sync.timeout = 10s (default)
2019-09-25 05:50:16,821 [pool-547-thread-1] INFO  server.RaftServerConfigKeys (ConfUtils.java:logGet(43)) - raft.server.log.statemachine.data.sync.timeout.retry = -1 (default)
2019-09-25 05:50:16,821 [pool-547-thread-1] INFO  server.RaftServerConfigKeys (ConfUtils.java:logGet(43)) - raft.server.log.statemachine.data.caching.enabled = true (custom)
2019-09-25 05:50:16,822 [pool-547-thread-1] INFO  segmented.SegmentedRaftLogWorker (SegmentedRaftLogWorker.java:lambda$new$0(132)) - 74ee2b94-5a16-4fca-8dd4-c5490dc15294@group-D1324C182D4F-SegmentedRaftLogWorker: flushIndex: setUnconditionally 0 -> -1
2019-09-25 05:50:16,822 [pool-547-thread-1] INFO  server.RaftServerConfigKeys (ConfUtils.java:logGet(43)) - raft.server.snapshot.auto.trigger.enabled = true (custom)
2019-09-25 05:50:16,822 [pool-547-thread-1] INFO  server.RaftServerConfigKeys (ConfUtils.java:logGet(43)) - raft.server.snapshot.auto.trigger.threshold = 10000 (custom)
2019-09-25 05:50:16,822 [pool-547-thread-1] INFO  server.RaftServerConfigKeys (ConfUtils.java:logGet(43)) - raft.server.snapshot.retention.num.files = 5 (custom)
2019-09-25 05:50:16,822 [pool-547-thread-1] INFO  server.RaftServerConfigKeys (ConfUtils.java:logGet(43)) - raft.server.retrycache.expirytime = 600000ms (custom)
2019-09-25 05:50:16,823 [pool-547-thread-1] INFO  impl.RaftServerImpl (RaftServerImpl.java:start(185)) - 74ee2b94-5a16-4fca-8dd4-c5490dc15294@group-D1324C182D4F: start as a follower, conf=-1: [74ee2b94-5a16-4fca-8dd4-c5490dc15294:192.168.30.10:39250], old=null
2019-09-25 05:50:16,824 [pool-547-thread-1] INFO  impl.RaftServerImpl (RaftServerImpl.java:setRole(174)) - 74ee2b94-5a16-4fca-8dd4-c5490dc15294@group-D1324C182D4F: changes role from      null to FOLLOWER at term 0 for startAsFollower
2019-09-25 05:50:16,824 [pool-547-thread-1] INFO  impl.RoleInfo (RoleInfo.java:updateAndGet(143)) - 74ee2b94-5a16-4fca-8dd4-c5490dc15294: start FollowerState
2019-09-25 05:50:16,824 [pool-547-thread-1] INFO  util.JmxRegister (JmxRegister.java:tryRegister(44)) - Successfully registered JMX Bean with object name Ratis:service=RaftServer,group=group-D1324C182D4F,id=74ee2b94-5a16-4fca-8dd4-c5490dc15294
2019-09-25 05:50:16,825 [RatisPipelineUtilsThread] INFO  pipeline.PipelineStateManager (PipelineStateManager.java:addPipeline(56)) - Created pipeline Pipeline[ Id: e6832fc2-db84-40a8-86eb-d1324c182d4f, Nodes: 74ee2b94-5a16-4fca-8dd4-c5490dc15294{ip: 192.168.30.10, host: pr-hdds-1569-s62bp-3040748787, networkLocation: /default-rack, certSerialId: null}, Type:RATIS, Factor:ONE, State:OPEN]
2019-09-25 05:50:16,826 [RatisPipelineUtilsThread] INFO  pipeline.PipelinePlacementPolicy (PipelinePlacementPolicy.java:meetCriteria(91)) - Pipeline Placement: Doesn't meet the criteria to be viable node： 11c09e37-7211-4e36-88ba-de9fcd604807 Heaviness: 6 limit: 5
2019-09-25 05:50:16,826 [RatisPipelineUtilsThread] INFO  pipeline.PipelinePlacementPolicy (PipelinePlacementPolicy.java:meetCriteria(91)) - Pipeline Placement: Doesn't meet the criteria to be viable node： 45ca45e9-b5b0-4fbb-a7fd-6b6ab106be2a Heaviness: 6 limit: 5
2019-09-25 05:50:16,826 [RatisPipelineUtilsThread] INFO  pipeline.PipelinePlacementPolicy (PipelinePlacementPolicy.java:meetCriteria(91)) - Pipeline Placement: Doesn't meet the criteria to be viable node： 899bfb76-eea4-4ff6-823c-7995b606cb73 Heaviness: 6 limit: 5
2019-09-25 05:50:16,826 [RatisPipelineUtilsThread] INFO  pipeline.PipelinePlacementPolicy (PipelinePlacementPolicy.java:meetCriteria(91)) - Pipeline Placement: Doesn't meet the criteria to be viable node： 30620aa2-f8b3-4a53-9c80-c9f165f833cf Heaviness: 6 limit: 5
2019-09-25 05:50:16,827 [RatisPipelineUtilsThread] INFO  pipeline.PipelinePlacementPolicy (PipelinePlacementPolicy.java:meetCriteria(91)) - Pipeline Placement: Doesn't meet the criteria to be viable node： dc430975-089c-40cd-a0f1-208b2374b924 Heaviness: 6 limit: 5
2019-09-25 05:50:16,830 [grpc-default-executor-0] INFO  impl.RaftServerProxy (RaftServerProxy.java:addNew(89)) - 74ee2b94-5a16-4fca-8dd4-c5490dc15294: addNew group-7D88AA163EC6:[74ee2b94-5a16-4fca-8dd4-c5490dc15294:192.168.30.10:39250] returns group-7D88AA163EC6:java.util.concurrent.CompletableFuture@509b801a[Not completed]
2019-09-25 05:50:16,830 [pool-547-thread-1] INFO  impl.RaftServerImpl (RaftServerImpl.java:<init>(95)) - 74ee2b94-5a16-4fca-8dd4-c5490dc15294: new RaftServerImpl for group-7D88AA163EC6:[74ee2b94-5a16-4fca-8dd4-c5490dc15294:192.168.30.10:39250] with ContainerStateMachine:uninitialized
2019-09-25 05:50:16,830 [pool-547-thread-1] INFO  server.RaftServerConfigKeys (ConfUtils.java:logGet(43)) - raft.server.rpc.timeout.min = 5s (custom)
2019-09-25 05:50:16,830 [pool-547-thread-1] INFO  server.RaftServerConfigKeys (ConfUtils.java:logGet(43)) - raft.server.rpc.timeout.max = 5200ms (custom)
2019-09-25 05:50:16,830 [pool-547-thread-1] INFO  server.RaftServerConfigKeys (ConfUtils.java:logGet(43)) - raft.server.rpcslowness.timeout = 120s (custom)
2019-09-25 05:50:16,830 [pool-547-thread-1] INFO  server.RaftServerConfigKeys (ConfUtils.java:logGet(43)) - raft.server.sleep.deviation.threshold = 300 (default)
2019-09-25 05:50:16,831 [pool-547-thread-1] INFO  server.RaftServerConfigKeys (ConfUtils.java:logGet(43)) - raft.server.log.appender.install.snapshot.enabled = false (custom)
2019-09-25 05:50:16,831 [pool-547-thread-1] INFO  impl.RaftServerImpl (ServerState.java:<init>(103)) - 74ee2b94-5a16-4fca-8dd4-c5490dc15294@group-7D88AA163EC6: ConfigurationManager, init=-1: [74ee2b94-5a16-4fca-8dd4-c5490dc15294:192.168.30.10:39250], old=null, confs=<EMPTY_MAP>
2019-09-25 05:50:16,831 [pool-547-thread-1] INFO  server.RaftServerConfigKeys (ConfUtils.java:logGet(43)) - raft.server.storage.dir = [/workdir/hadoop-ozone/integration-test/target/test-dir/MiniOzoneClusterImpl-2263fc46-0a90-446a-9f91-f67f9935a0e0/datanode-5/data/ratis] (custom)
2019-09-25 05:50:16,831 [pool-547-thread-1] INFO  storage.RaftStorageDirectory (RaftStorageDirectory.java:analyzeStorage(246)) - The storage directory /workdir/hadoop-ozone/integration-test/target/test-dir/MiniOzoneClusterImpl-2263fc46-0a90-446a-9f91-f67f9935a0e0/datanode-5/data/ratis/7310cc5b-8e9c-44dd-b6aa-7d88aa163ec6 does not exist. Creating ...
2019-09-25 05:50:16,844 [pool-547-thread-1] INFO  storage.RaftStorageDirectory (RaftStorageDirectory.java:tryLock(328)) - Lock on /workdir/hadoop-ozone/integration-test/target/test-dir/MiniOzoneClusterImpl-2263fc46-0a90-446a-9f91-f67f9935a0e0/datanode-5/data/ratis/7310cc5b-8e9c-44dd-b6aa-7d88aa163ec6/in_use.lock acquired by nodename 13539@pr-hdds-1569-s62bp-3040748787
2019-09-25 05:50:16,856 [pool-547-thread-1] INFO  storage.RaftStorage (RaftStorage.java:format(72)) - Storage directory /workdir/hadoop-ozone/integration-test/target/test-dir/MiniOzoneClusterImpl-2263fc46-0a90-446a-9f91-f67f9935a0e0/datanode-5/data/ratis/7310cc5b-8e9c-44dd-b6aa-7d88aa163ec6 has been successfully formatted.
2019-09-25 05:50:16,857 [pool-547-thread-1] INFO  ratis.ContainerStateMachine (ContainerStateMachine.java:loadSnapshot(230)) - group-7D88AA163EC6: The snapshot info is null. Setting the last applied indexto:(t:0, i:~)
2019-09-25 05:50:16,857 [pool-547-thread-1] INFO  server.RaftServerConfigKeys (ConfUtils.java:logGet(43)) - raft.server.notification.no-leader.timeout = 120s (custom)
2019-09-25 05:50:16,857 [pool-547-thread-1] INFO  server.RaftServerConfigKeys (ConfUtils.java:logGet(43)) - raft.server.log.use.memory = false (default)
2019-09-25 05:50:16,857 [pool-547-thread-1] INFO  server.RaftServerConfigKeys (ConfUtils.java:logGet(43)) - raft.server.log.purge.gap = 1000000 (custom)
2019-09-25 05:50:16,857 [pool-547-thread-1] INFO  server.RaftServerConfigKeys (ConfUtils.java:logGet(43)) - raft.server.log.appender.buffer.byte-limit = 33554432 (custom)
2019-09-25 05:50:16,857 [pool-547-thread-1] INFO  server.RaftServerConfigKeys (ConfUtils.java:logGet(43)) - raft.server.log.segment.size.max = 1048576 (custom)
2019-09-25 05:50:16,857 [pool-547-thread-1] INFO  server.RaftServerConfigKeys (ConfUtils.java:logGet(43)) - raft.server.log.segment.cache.num.max = 2 (custom)
2019-09-25 05:50:16,857 [pool-547-thread-1] INFO  segmented.SegmentedRaftLogWorker (SegmentedRaftLogWorker.java:<init>(172)) - new 74ee2b94-5a16-4fca-8dd4-c5490dc15294@group-7D88AA163EC6-SegmentedRaftLogWorker for RaftStorage:Storage Directory /workdir/hadoop-ozone/integration-test/target/test-dir/MiniOzoneClusterImpl-2263fc46-0a90-446a-9f91-f67f9935a0e0/datanode-5/data/ratis/7310cc5b-8e9c-44dd-b6aa-7d88aa163ec6
2019-09-25 05:50:16,857 [pool-547-thread-1] INFO  server.RaftServerConfigKeys (ConfUtils.java:logGet(43)) - raft.server.log.queue.byte-limit = 2147483647 (custom)
2019-09-25 05:50:16,858 [pool-547-thread-1] INFO  server.RaftServerConfigKeys (ConfUtils.java:logGet(43)) - raft.server.log.queue.element-limit = 1024 (custom)
2019-09-25 05:50:16,858 [pool-547-thread-1] INFO  server.RaftServerConfigKeys (ConfUtils.java:logGet(43)) - raft.server.log.segment.size.max = 1048576 (custom)
2019-09-25 05:50:16,858 [pool-547-thread-1] INFO  server.RaftServerConfigKeys (ConfUtils.java:logGet(43)) - raft.server.log.preallocated.size = 16384 (custom)
2019-09-25 05:50:16,858 [pool-547-thread-1] INFO  server.RaftServerConfigKeys (ConfUtils.java:logGet(43)) - raft.server.log.write.buffer.size = 33554432 (custom)
2019-09-25 05:50:16,858 [pool-547-thread-1] INFO  server.RaftServerConfigKeys (ConfUtils.java:logGet(43)) - raft.server.log.force.sync.num = 128 (default)
2019-09-25 05:50:16,858 [pool-547-thread-1] INFO  server.RaftServerConfigKeys (ConfUtils.java:logGet(43)) - raft.server.log.statemachine.data.sync = true (default)
2019-09-25 05:50:16,858 [pool-547-thread-1] INFO  server.RaftServerConfigKeys (ConfUtils.java:logGet(43)) - raft.server.log.statemachine.data.sync.timeout = 10s (default)
2019-09-25 05:50:16,858 [pool-547-thread-1] INFO  server.RaftServerConfigKeys (ConfUtils.java:logGet(43)) - raft.server.log.statemachine.data.sync.timeout.retry = -1 (default)
2019-09-25 05:50:16,858 [pool-547-thread-1] INFO  server.RaftServerConfigKeys (ConfUtils.java:logGet(43)) - raft.server.log.statemachine.data.caching.enabled = true (custom)
2019-09-25 05:50:16,859 [pool-547-thread-1] INFO  segmented.SegmentedRaftLogWorker (SegmentedRaftLogWorker.java:lambda$new$0(132)) - 74ee2b94-5a16-4fca-8dd4-c5490dc15294@group-7D88AA163EC6-SegmentedRaftLogWorker: flushIndex: setUnconditionally 0 -> -1
2019-09-25 05:50:16,859 [pool-547-thread-1] INFO  server.RaftServerConfigKeys (ConfUtils.java:logGet(43)) - raft.server.snapshot.auto.trigger.enabled = true (custom)
2019-09-25 05:50:16,859 [pool-547-thread-1] INFO  server.RaftServerConfigKeys (ConfUtils.java:logGet(43)) - raft.server.snapshot.auto.trigger.threshold = 10000 (custom)
2019-09-25 05:50:16,859 [pool-547-thread-1] INFO  server.RaftServerConfigKeys (ConfUtils.java:logGet(43)) - raft.server.snapshot.retention.num.files = 5 (custom)
2019-09-25 05:50:16,859 [pool-547-thread-1] INFO  server.RaftServerConfigKeys (ConfUtils.java:logGet(43)) - raft.server.retrycache.expirytime = 600000ms (custom)
2019-09-25 05:50:16,860 [pool-547-thread-1] INFO  impl.RaftServerImpl (RaftServerImpl.java:start(185)) - 74ee2b94-5a16-4fca-8dd4-c5490dc15294@group-7D88AA163EC6: start as a follower, conf=-1: [74ee2b94-5a16-4fca-8dd4-c5490dc15294:192.168.30.10:39250], old=null
2019-09-25 05:50:16,860 [pool-547-thread-1] INFO  impl.RaftServerImpl (RaftServerImpl.java:setRole(174)) - 74ee2b94-5a16-4fca-8dd4-c5490dc15294@group-7D88AA163EC6: changes role from      null to FOLLOWER at term 0 for startAsFollower
2019-09-25 05:50:16,860 [pool-547-thread-1] INFO  impl.RoleInfo (RoleInfo.java:updateAndGet(143)) - 74ee2b94-5a16-4fca-8dd4-c5490dc15294: start FollowerState
2019-09-25 05:50:16,861 [pool-547-thread-1] INFO  util.JmxRegister (JmxRegister.java:tryRegister(44)) - Successfully registered JMX Bean with object name Ratis:service=RaftServer,group=group-7D88AA163EC6,id=74ee2b94-5a16-4fca-8dd4-c5490dc15294
2019-09-25 05:50:16,862 [RatisPipelineUtilsThread] INFO  pipeline.PipelineStateManager (PipelineStateManager.java:addPipeline(56)) - Created pipeline Pipeline[ Id: 7310cc5b-8e9c-44dd-b6aa-7d88aa163ec6, Nodes: 74ee2b94-5a16-4fca-8dd4-c5490dc15294{ip: 192.168.30.10, host: pr-hdds-1569-s62bp-3040748787, networkLocation: /default-rack, certSerialId: null}, Type:RATIS, Factor:ONE, State:OPEN]
2019-09-25 05:50:16,863 [RatisPipelineUtilsThread] INFO  pipeline.PipelinePlacementPolicy (PipelinePlacementPolicy.java:meetCriteria(91)) - Pipeline Placement: Doesn't meet the criteria to be viable node： 11c09e37-7211-4e36-88ba-de9fcd604807 Heaviness: 6 limit: 5
2019-09-25 05:50:16,863 [RatisPipelineUtilsThread] INFO  pipeline.PipelinePlacementPolicy (PipelinePlacementPolicy.java:meetCriteria(91)) - Pipeline Placement: Doesn't meet the criteria to be viable node： 45ca45e9-b5b0-4fbb-a7fd-6b6ab106be2a Heaviness: 6 limit: 5
2019-09-25 05:50:16,863 [RatisPipelineUtilsThread] INFO  pipeline.PipelinePlacementPolicy (PipelinePlacementPolicy.java:meetCriteria(91)) - Pipeline Placement: Doesn't meet the criteria to be viable node： 899bfb76-eea4-4ff6-823c-7995b606cb73 Heaviness: 6 limit: 5
2019-09-25 05:50:16,863 [RatisPipelineUtilsThread] INFO  pipeline.PipelinePlacementPolicy (PipelinePlacementPolicy.java:meetCriteria(91)) - Pipeline Placement: Doesn't meet the criteria to be viable node： 30620aa2-f8b3-4a53-9c80-c9f165f833cf Heaviness: 6 limit: 5
2019-09-25 05:50:16,864 [RatisPipelineUtilsThread] INFO  pipeline.PipelinePlacementPolicy (PipelinePlacementPolicy.java:meetCriteria(91)) - Pipeline Placement: Doesn't meet the criteria to be viable node： dc430975-089c-40cd-a0f1-208b2374b924 Heaviness: 6 limit: 5
2019-09-25 05:50:16,864 [RatisPipelineUtilsThread] INFO  pipeline.PipelinePlacementPolicy (PipelinePlacementPolicy.java:meetCriteria(91)) - Pipeline Placement: Doesn't meet the criteria to be viable node： 74ee2b94-5a16-4fca-8dd4-c5490dc15294 Heaviness: 6 limit: 5
2019-09-25 05:50:16,872 [grpc-default-executor-0] INFO  impl.RaftServerProxy (RaftServerProxy.java:addNew(89)) - dcab1bcb-c761-4b10-a04c-d2dcea4fab88: addNew group-C5E80939C16D:[dcab1bcb-c761-4b10-a04c-d2dcea4fab88:192.168.30.10:44857] returns group-C5E80939C16D:java.util.concurrent.CompletableFuture@2ba2c291[Not completed]
2019-09-25 05:50:16,872 [pool-557-thread-1] INFO  impl.RaftServerImpl (RaftServerImpl.java:<init>(95)) - dcab1bcb-c761-4b10-a04c-d2dcea4fab88: new RaftServerImpl for group-C5E80939C16D:[dcab1bcb-c761-4b10-a04c-d2dcea4fab88:192.168.30.10:44857] with ContainerStateMachine:uninitialized
2019-09-25 05:50:16,873 [pool-557-thread-1] INFO  server.RaftServerConfigKeys (ConfUtils.java:logGet(43)) - raft.server.rpc.timeout.min = 5s (custom)
2019-09-25 05:50:16,873 [pool-557-thread-1] INFO  server.RaftServerConfigKeys (ConfUtils.java:logGet(43)) - raft.server.rpc.timeout.max = 5200ms (custom)
2019-09-25 05:50:16,873 [pool-557-thread-1] INFO  server.RaftServerConfigKeys (ConfUtils.java:logGet(43)) - raft.server.rpcslowness.timeout = 120s (custom)
2019-09-25 05:50:16,873 [pool-557-thread-1] INFO  server.RaftServerConfigKeys (ConfUtils.java:logGet(43)) - raft.server.sleep.deviation.threshold = 300 (default)
2019-09-25 05:50:16,873 [pool-557-thread-1] INFO  server.RaftServerConfigKeys (ConfUtils.java:logGet(43)) - raft.server.log.appender.install.snapshot.enabled = false (custom)
2019-09-25 05:50:16,873 [pool-557-thread-1] INFO  impl.RaftServerImpl (ServerState.java:<init>(103)) - dcab1bcb-c761-4b10-a04c-d2dcea4fab88@group-C5E80939C16D: ConfigurationManager, init=-1: [dcab1bcb-c761-4b10-a04c-d2dcea4fab88:192.168.30.10:44857], old=null, confs=<EMPTY_MAP>
2019-09-25 05:50:16,873 [pool-557-thread-1] INFO  server.RaftServerConfigKeys (ConfUtils.java:logGet(43)) - raft.server.storage.dir = [/workdir/hadoop-ozone/integration-test/target/test-dir/MiniOzoneClusterImpl-2263fc46-0a90-446a-9f91-f67f9935a0e0/datanode-6/data/ratis] (custom)
2019-09-25 05:50:16,873 [pool-557-thread-1] INFO  storage.RaftStorageDirectory (RaftStorageDirectory.java:analyzeStorage(246)) - The storage directory /workdir/hadoop-ozone/integration-test/target/test-dir/MiniOzoneClusterImpl-2263fc46-0a90-446a-9f91-f67f9935a0e0/datanode-6/data/ratis/5ddac73a-6507-4049-8e66-c5e80939c16d does not exist. Creating ...
2019-09-25 05:50:16,886 [pool-557-thread-1] INFO  storage.RaftStorageDirectory (RaftStorageDirectory.java:tryLock(328)) - Lock on /workdir/hadoop-ozone/integration-test/target/test-dir/MiniOzoneClusterImpl-2263fc46-0a90-446a-9f91-f67f9935a0e0/datanode-6/data/ratis/5ddac73a-6507-4049-8e66-c5e80939c16d/in_use.lock acquired by nodename 13539@pr-hdds-1569-s62bp-3040748787
2019-09-25 05:50:16,899 [pool-557-thread-1] INFO  storage.RaftStorage (RaftStorage.java:format(72)) - Storage directory /workdir/hadoop-ozone/integration-test/target/test-dir/MiniOzoneClusterImpl-2263fc46-0a90-446a-9f91-f67f9935a0e0/datanode-6/data/ratis/5ddac73a-6507-4049-8e66-c5e80939c16d has been successfully formatted.
2019-09-25 05:50:16,899 [pool-557-thread-1] INFO  ratis.ContainerStateMachine (ContainerStateMachine.java:loadSnapshot(230)) - group-C5E80939C16D: The snapshot info is null. Setting the last applied indexto:(t:0, i:~)
2019-09-25 05:50:16,899 [pool-557-thread-1] INFO  server.RaftServerConfigKeys (ConfUtils.java:logGet(43)) - raft.server.notification.no-leader.timeout = 120s (custom)
2019-09-25 05:50:16,899 [pool-557-thread-1] INFO  server.RaftServerConfigKeys (ConfUtils.java:logGet(43)) - raft.server.log.use.memory = false (default)
2019-09-25 05:50:16,899 [pool-557-thread-1] INFO  server.RaftServerConfigKeys (ConfUtils.java:logGet(43)) - raft.server.log.purge.gap = 1000000 (custom)
2019-09-25 05:50:16,899 [pool-557-thread-1] INFO  server.RaftServerConfigKeys (ConfUtils.java:logGet(43)) - raft.server.log.appender.buffer.byte-limit = 33554432 (custom)
2019-09-25 05:50:16,900 [pool-557-thread-1] INFO  server.RaftServerConfigKeys (ConfUtils.java:logGet(43)) - raft.server.log.segment.size.max = 1048576 (custom)
2019-09-25 05:50:16,900 [pool-557-thread-1] INFO  server.RaftServerConfigKeys (ConfUtils.java:logGet(43)) - raft.server.log.segment.cache.num.max = 2 (custom)
2019-09-25 05:50:16,900 [pool-557-thread-1] INFO  segmented.SegmentedRaftLogWorker (SegmentedRaftLogWorker.java:<init>(172)) - new dcab1bcb-c761-4b10-a04c-d2dcea4fab88@group-C5E80939C16D-SegmentedRaftLogWorker for RaftStorage:Storage Directory /workdir/hadoop-ozone/integration-test/target/test-dir/MiniOzoneClusterImpl-2263fc46-0a90-446a-9f91-f67f9935a0e0/datanode-6/data/ratis/5ddac73a-6507-4049-8e66-c5e80939c16d
2019-09-25 05:50:16,901 [pool-557-thread-1] INFO  server.RaftServerConfigKeys (ConfUtils.java:logGet(43)) - raft.server.log.queue.byte-limit = 2147483647 (custom)
2019-09-25 05:50:16,901 [pool-557-thread-1] INFO  server.RaftServerConfigKeys (ConfUtils.java:logGet(43)) - raft.server.log.queue.element-limit = 1024 (custom)
2019-09-25 05:50:16,901 [pool-557-thread-1] INFO  server.RaftServerConfigKeys (ConfUtils.java:logGet(43)) - raft.server.log.segment.size.max = 1048576 (custom)
2019-09-25 05:50:16,901 [pool-557-thread-1] INFO  server.RaftServerConfigKeys (ConfUtils.java:logGet(43)) - raft.server.log.preallocated.size = 16384 (custom)
2019-09-25 05:50:16,901 [pool-557-thread-1] INFO  server.RaftServerConfigKeys (ConfUtils.java:logGet(43)) - raft.server.log.write.buffer.size = 33554432 (custom)
2019-09-25 05:50:16,901 [pool-557-thread-1] INFO  server.RaftServerConfigKeys (ConfUtils.java:logGet(43)) - raft.server.log.force.sync.num = 128 (default)
2019-09-25 05:50:16,901 [pool-557-thread-1] INFO  server.RaftServerConfigKeys (ConfUtils.java:logGet(43)) - raft.server.log.statemachine.data.sync = true (default)
2019-09-25 05:50:16,902 [pool-557-thread-1] INFO  server.RaftServerConfigKeys (ConfUtils.java:logGet(43)) - raft.server.log.statemachine.data.sync.timeout = 10s (default)
2019-09-25 05:50:16,902 [pool-557-thread-1] INFO  server.RaftServerConfigKeys (ConfUtils.java:logGet(43)) - raft.server.log.statemachine.data.sync.timeout.retry = -1 (default)
2019-09-25 05:50:16,902 [pool-557-thread-1] INFO  server.RaftServerConfigKeys (ConfUtils.java:logGet(43)) - raft.server.log.statemachine.data.caching.enabled = true (custom)
2019-09-25 05:50:16,902 [pool-557-thread-1] INFO  segmented.SegmentedRaftLogWorker (SegmentedRaftLogWorker.java:lambda$new$0(132)) - dcab1bcb-c761-4b10-a04c-d2dcea4fab88@group-C5E80939C16D-SegmentedRaftLogWorker: flushIndex: setUnconditionally 0 -> -1
2019-09-25 05:50:16,902 [pool-557-thread-1] INFO  server.RaftServerConfigKeys (ConfUtils.java:logGet(43)) - raft.server.snapshot.auto.trigger.enabled = true (custom)
2019-09-25 05:50:16,902 [pool-557-thread-1] INFO  server.RaftServerConfigKeys (ConfUtils.java:logGet(43)) - raft.server.snapshot.auto.trigger.threshold = 10000 (custom)
2019-09-25 05:50:16,902 [pool-557-thread-1] INFO  server.RaftServerConfigKeys (ConfUtils.java:logGet(43)) - raft.server.snapshot.retention.num.files = 5 (custom)
2019-09-25 05:50:16,902 [pool-557-thread-1] INFO  server.RaftServerConfigKeys (ConfUtils.java:logGet(43)) - raft.server.retrycache.expirytime = 600000ms (custom)
2019-09-25 05:50:16,903 [pool-557-thread-1] INFO  impl.RaftServerImpl (RaftServerImpl.java:start(185)) - dcab1bcb-c761-4b10-a04c-d2dcea4fab88@group-C5E80939C16D: start as a follower, conf=-1: [dcab1bcb-c761-4b10-a04c-d2dcea4fab88:192.168.30.10:44857], old=null
2019-09-25 05:50:16,904 [pool-557-thread-1] INFO  impl.RaftServerImpl (RaftServerImpl.java:setRole(174)) - dcab1bcb-c761-4b10-a04c-d2dcea4fab88@group-C5E80939C16D: changes role from      null to FOLLOWER at term 0 for startAsFollower
2019-09-25 05:50:16,904 [pool-557-thread-1] INFO  impl.RoleInfo (RoleInfo.java:updateAndGet(143)) - dcab1bcb-c761-4b10-a04c-d2dcea4fab88: start FollowerState
2019-09-25 05:50:16,904 [pool-557-thread-1] INFO  util.JmxRegister (JmxRegister.java:tryRegister(44)) - Successfully registered JMX Bean with object name Ratis:service=RaftServer,group=group-C5E80939C16D,id=dcab1bcb-c761-4b10-a04c-d2dcea4fab88
2019-09-25 05:50:16,905 [RatisPipelineUtilsThread] INFO  pipeline.PipelineStateManager (PipelineStateManager.java:addPipeline(56)) - Created pipeline Pipeline[ Id: 5ddac73a-6507-4049-8e66-c5e80939c16d, Nodes: dcab1bcb-c761-4b10-a04c-d2dcea4fab88{ip: 192.168.30.10, host: pr-hdds-1569-s62bp-3040748787, networkLocation: /default-rack, certSerialId: null}, Type:RATIS, Factor:ONE, State:OPEN]
2019-09-25 05:50:16,906 [RatisPipelineUtilsThread] INFO  pipeline.PipelinePlacementPolicy (PipelinePlacementPolicy.java:meetCriteria(91)) - Pipeline Placement: Doesn't meet the criteria to be viable node： 11c09e37-7211-4e36-88ba-de9fcd604807 Heaviness: 6 limit: 5
2019-09-25 05:50:16,906 [RatisPipelineUtilsThread] INFO  pipeline.PipelinePlacementPolicy (PipelinePlacementPolicy.java:meetCriteria(91)) - Pipeline Placement: Doesn't meet the criteria to be viable node： 45ca45e9-b5b0-4fbb-a7fd-6b6ab106be2a Heaviness: 6 limit: 5
2019-09-25 05:50:16,906 [RatisPipelineUtilsThread] INFO  pipeline.PipelinePlacementPolicy (PipelinePlacementPolicy.java:meetCriteria(91)) - Pipeline Placement: Doesn't meet the criteria to be viable node： 899bfb76-eea4-4ff6-823c-7995b606cb73 Heaviness: 6 limit: 5
2019-09-25 05:50:16,906 [RatisPipelineUtilsThread] INFO  pipeline.PipelinePlacementPolicy (PipelinePlacementPolicy.java:meetCriteria(91)) - Pipeline Placement: Doesn't meet the criteria to be viable node： 30620aa2-f8b3-4a53-9c80-c9f165f833cf Heaviness: 6 limit: 5
2019-09-25 05:50:16,906 [RatisPipelineUtilsThread] INFO  pipeline.PipelinePlacementPolicy (PipelinePlacementPolicy.java:meetCriteria(91)) - Pipeline Placement: Doesn't meet the criteria to be viable node： dc430975-089c-40cd-a0f1-208b2374b924 Heaviness: 6 limit: 5
2019-09-25 05:50:16,906 [RatisPipelineUtilsThread] INFO  pipeline.PipelinePlacementPolicy (PipelinePlacementPolicy.java:meetCriteria(91)) - Pipeline Placement: Doesn't meet the criteria to be viable node： 74ee2b94-5a16-4fca-8dd4-c5490dc15294 Heaviness: 6 limit: 5
2019-09-25 05:50:16,910 [grpc-default-executor-0] INFO  impl.RaftServerProxy (RaftServerProxy.java:addNew(89)) - dcab1bcb-c761-4b10-a04c-d2dcea4fab88: addNew group-149078620245:[dcab1bcb-c761-4b10-a04c-d2dcea4fab88:192.168.30.10:44857] returns group-149078620245:java.util.concurrent.CompletableFuture@7dae92f0[Not completed]
2019-09-25 05:50:16,910 [pool-557-thread-1] INFO  impl.RaftServerImpl (RaftServerImpl.java:<init>(95)) - dcab1bcb-c761-4b10-a04c-d2dcea4fab88: new RaftServerImpl for group-149078620245:[dcab1bcb-c761-4b10-a04c-d2dcea4fab88:192.168.30.10:44857] with ContainerStateMachine:uninitialized
2019-09-25 05:50:16,910 [pool-557-thread-1] INFO  server.RaftServerConfigKeys (ConfUtils.java:logGet(43)) - raft.server.rpc.timeout.min = 5s (custom)
2019-09-25 05:50:16,910 [pool-557-thread-1] INFO  server.RaftServerConfigKeys (ConfUtils.java:logGet(43)) - raft.server.rpc.timeout.max = 5200ms (custom)
2019-09-25 05:50:16,910 [pool-557-thread-1] INFO  server.RaftServerConfigKeys (ConfUtils.java:logGet(43)) - raft.server.rpcslowness.timeout = 120s (custom)
2019-09-25 05:50:16,910 [pool-557-thread-1] INFO  server.RaftServerConfigKeys (ConfUtils.java:logGet(43)) - raft.server.sleep.deviation.threshold = 300 (default)
2019-09-25 05:50:16,910 [pool-557-thread-1] INFO  server.RaftServerConfigKeys (ConfUtils.java:logGet(43)) - raft.server.log.appender.install.snapshot.enabled = false (custom)
2019-09-25 05:50:16,910 [pool-557-thread-1] INFO  impl.RaftServerImpl (ServerState.java:<init>(103)) - dcab1bcb-c761-4b10-a04c-d2dcea4fab88@group-149078620245: ConfigurationManager, init=-1: [dcab1bcb-c761-4b10-a04c-d2dcea4fab88:192.168.30.10:44857], old=null, confs=<EMPTY_MAP>
2019-09-25 05:50:16,911 [pool-557-thread-1] INFO  server.RaftServerConfigKeys (ConfUtils.java:logGet(43)) - raft.server.storage.dir = [/workdir/hadoop-ozone/integration-test/target/test-dir/MiniOzoneClusterImpl-2263fc46-0a90-446a-9f91-f67f9935a0e0/datanode-6/data/ratis] (custom)
2019-09-25 05:50:16,911 [pool-557-thread-1] INFO  storage.RaftStorageDirectory (RaftStorageDirectory.java:analyzeStorage(246)) - The storage directory /workdir/hadoop-ozone/integration-test/target/test-dir/MiniOzoneClusterImpl-2263fc46-0a90-446a-9f91-f67f9935a0e0/datanode-6/data/ratis/c86dcded-9c79-483f-b247-149078620245 does not exist. Creating ...
2019-09-25 05:50:16,924 [pool-557-thread-1] INFO  storage.RaftStorageDirectory (RaftStorageDirectory.java:tryLock(328)) - Lock on /workdir/hadoop-ozone/integration-test/target/test-dir/MiniOzoneClusterImpl-2263fc46-0a90-446a-9f91-f67f9935a0e0/datanode-6/data/ratis/c86dcded-9c79-483f-b247-149078620245/in_use.lock acquired by nodename 13539@pr-hdds-1569-s62bp-3040748787
2019-09-25 05:50:16,937 [pool-557-thread-1] INFO  storage.RaftStorage (RaftStorage.java:format(72)) - Storage directory /workdir/hadoop-ozone/integration-test/target/test-dir/MiniOzoneClusterImpl-2263fc46-0a90-446a-9f91-f67f9935a0e0/datanode-6/data/ratis/c86dcded-9c79-483f-b247-149078620245 has been successfully formatted.
2019-09-25 05:50:16,937 [pool-557-thread-1] INFO  ratis.ContainerStateMachine (ContainerStateMachine.java:loadSnapshot(230)) - group-149078620245: The snapshot info is null. Setting the last applied indexto:(t:0, i:~)
2019-09-25 05:50:16,938 [pool-557-thread-1] INFO  server.RaftServerConfigKeys (ConfUtils.java:logGet(43)) - raft.server.notification.no-leader.timeout = 120s (custom)
2019-09-25 05:50:16,938 [pool-557-thread-1] INFO  server.RaftServerConfigKeys (ConfUtils.java:logGet(43)) - raft.server.log.use.memory = false (default)
2019-09-25 05:50:16,938 [pool-557-thread-1] INFO  server.RaftServerConfigKeys (ConfUtils.java:logGet(43)) - raft.server.log.purge.gap = 1000000 (custom)
2019-09-25 05:50:16,938 [pool-557-thread-1] INFO  server.RaftServerConfigKeys (ConfUtils.java:logGet(43)) - raft.server.log.appender.buffer.byte-limit = 33554432 (custom)
2019-09-25 05:50:16,938 [pool-557-thread-1] INFO  server.RaftServerConfigKeys (ConfUtils.java:logGet(43)) - raft.server.log.segment.size.max = 1048576 (custom)
2019-09-25 05:50:16,938 [pool-557-thread-1] INFO  server.RaftServerConfigKeys (ConfUtils.java:logGet(43)) - raft.server.log.segment.cache.num.max = 2 (custom)
2019-09-25 05:50:16,938 [pool-557-thread-1] INFO  segmented.SegmentedRaftLogWorker (SegmentedRaftLogWorker.java:<init>(172)) - new dcab1bcb-c761-4b10-a04c-d2dcea4fab88@group-149078620245-SegmentedRaftLogWorker for RaftStorage:Storage Directory /workdir/hadoop-ozone/integration-test/target/test-dir/MiniOzoneClusterImpl-2263fc46-0a90-446a-9f91-f67f9935a0e0/datanode-6/data/ratis/c86dcded-9c79-483f-b247-149078620245
2019-09-25 05:50:16,938 [pool-557-thread-1] INFO  server.RaftServerConfigKeys (ConfUtils.java:logGet(43)) - raft.server.log.queue.byte-limit = 2147483647 (custom)
2019-09-25 05:50:16,939 [pool-557-thread-1] INFO  server.RaftServerConfigKeys (ConfUtils.java:logGet(43)) - raft.server.log.queue.element-limit = 1024 (custom)
2019-09-25 05:50:16,939 [pool-557-thread-1] INFO  server.RaftServerConfigKeys (ConfUtils.java:logGet(43)) - raft.server.log.segment.size.max = 1048576 (custom)
2019-09-25 05:50:16,939 [pool-557-thread-1] INFO  server.RaftServerConfigKeys (ConfUtils.java:logGet(43)) - raft.server.log.preallocated.size = 16384 (custom)
2019-09-25 05:50:16,939 [pool-557-thread-1] INFO  server.RaftServerConfigKeys (ConfUtils.java:logGet(43)) - raft.server.log.write.buffer.size = 33554432 (custom)
2019-09-25 05:50:16,939 [pool-557-thread-1] INFO  server.RaftServerConfigKeys (ConfUtils.java:logGet(43)) - raft.server.log.force.sync.num = 128 (default)
2019-09-25 05:50:16,939 [pool-557-thread-1] INFO  server.RaftServerConfigKeys (ConfUtils.java:logGet(43)) - raft.server.log.statemachine.data.sync = true (default)
2019-09-25 05:50:16,939 [pool-557-thread-1] INFO  server.RaftServerConfigKeys (ConfUtils.java:logGet(43)) - raft.server.log.statemachine.data.sync.timeout = 10s (default)
2019-09-25 05:50:16,940 [pool-557-thread-1] INFO  server.RaftServerConfigKeys (ConfUtils.java:logGet(43)) - raft.server.log.statemachine.data.sync.timeout.retry = -1 (default)
2019-09-25 05:50:16,940 [pool-557-thread-1] INFO  server.RaftServerConfigKeys (ConfUtils.java:logGet(43)) - raft.server.log.statemachine.data.caching.enabled = true (custom)
2019-09-25 05:50:16,940 [pool-557-thread-1] INFO  segmented.SegmentedRaftLogWorker (SegmentedRaftLogWorker.java:lambda$new$0(132)) - dcab1bcb-c761-4b10-a04c-d2dcea4fab88@group-149078620245-SegmentedRaftLogWorker: flushIndex: setUnconditionally 0 -> -1
2019-09-25 05:50:16,940 [pool-557-thread-1] INFO  server.RaftServerConfigKeys (ConfUtils.java:logGet(43)) - raft.server.snapshot.auto.trigger.enabled = true (custom)
2019-09-25 05:50:16,941 [pool-557-thread-1] INFO  server.RaftServerConfigKeys (ConfUtils.java:logGet(43)) - raft.server.snapshot.auto.trigger.threshold = 10000 (custom)
2019-09-25 05:50:16,941 [pool-557-thread-1] INFO  server.RaftServerConfigKeys (ConfUtils.java:logGet(43)) - raft.server.snapshot.retention.num.files = 5 (custom)
2019-09-25 05:50:16,941 [pool-557-thread-1] INFO  server.RaftServerConfigKeys (ConfUtils.java:logGet(43)) - raft.server.retrycache.expirytime = 600000ms (custom)
2019-09-25 05:50:16,942 [pool-557-thread-1] INFO  impl.RaftServerImpl (RaftServerImpl.java:start(185)) - dcab1bcb-c761-4b10-a04c-d2dcea4fab88@group-149078620245: start as a follower, conf=-1: [dcab1bcb-c761-4b10-a04c-d2dcea4fab88:192.168.30.10:44857], old=null
2019-09-25 05:50:16,943 [pool-557-thread-1] INFO  impl.RaftServerImpl (RaftServerImpl.java:setRole(174)) - dcab1bcb-c761-4b10-a04c-d2dcea4fab88@group-149078620245: changes role from      null to FOLLOWER at term 0 for startAsFollower
2019-09-25 05:50:16,943 [pool-557-thread-1] INFO  impl.RoleInfo (RoleInfo.java:updateAndGet(143)) - dcab1bcb-c761-4b10-a04c-d2dcea4fab88: start FollowerState
2019-09-25 05:50:16,943 [pool-557-thread-1] INFO  util.JmxRegister (JmxRegister.java:tryRegister(44)) - Successfully registered JMX Bean with object name Ratis:service=RaftServer,group=group-149078620245,id=dcab1bcb-c761-4b10-a04c-d2dcea4fab88
2019-09-25 05:50:16,944 [RatisPipelineUtilsThread] INFO  pipeline.PipelineStateManager (PipelineStateManager.java:addPipeline(56)) - Created pipeline Pipeline[ Id: c86dcded-9c79-483f-b247-149078620245, Nodes: dcab1bcb-c761-4b10-a04c-d2dcea4fab88{ip: 192.168.30.10, host: pr-hdds-1569-s62bp-3040748787, networkLocation: /default-rack, certSerialId: null}, Type:RATIS, Factor:ONE, State:OPEN]
2019-09-25 05:50:16,945 [RatisPipelineUtilsThread] INFO  pipeline.PipelinePlacementPolicy (PipelinePlacementPolicy.java:meetCriteria(91)) - Pipeline Placement: Doesn't meet the criteria to be viable node： 11c09e37-7211-4e36-88ba-de9fcd604807 Heaviness: 6 limit: 5
2019-09-25 05:50:16,945 [RatisPipelineUtilsThread] INFO  pipeline.PipelinePlacementPolicy (PipelinePlacementPolicy.java:meetCriteria(91)) - Pipeline Placement: Doesn't meet the criteria to be viable node： 45ca45e9-b5b0-4fbb-a7fd-6b6ab106be2a Heaviness: 6 limit: 5
2019-09-25 05:50:16,945 [RatisPipelineUtilsThread] INFO  pipeline.PipelinePlacementPolicy (PipelinePlacementPolicy.java:meetCriteria(91)) - Pipeline Placement: Doesn't meet the criteria to be viable node： 899bfb76-eea4-4ff6-823c-7995b606cb73 Heaviness: 6 limit: 5
2019-09-25 05:50:16,945 [RatisPipelineUtilsThread] INFO  pipeline.PipelinePlacementPolicy (PipelinePlacementPolicy.java:meetCriteria(91)) - Pipeline Placement: Doesn't meet the criteria to be viable node： 30620aa2-f8b3-4a53-9c80-c9f165f833cf Heaviness: 6 limit: 5
2019-09-25 05:50:16,945 [RatisPipelineUtilsThread] INFO  pipeline.PipelinePlacementPolicy (PipelinePlacementPolicy.java:meetCriteria(91)) - Pipeline Placement: Doesn't meet the criteria to be viable node： dc430975-089c-40cd-a0f1-208b2374b924 Heaviness: 6 limit: 5
2019-09-25 05:50:16,946 [RatisPipelineUtilsThread] INFO  pipeline.PipelinePlacementPolicy (PipelinePlacementPolicy.java:meetCriteria(91)) - Pipeline Placement: Doesn't meet the criteria to be viable node： 74ee2b94-5a16-4fca-8dd4-c5490dc15294 Heaviness: 6 limit: 5
2019-09-25 05:50:16,949 [grpc-default-executor-0] INFO  impl.RaftServerProxy (RaftServerProxy.java:addNew(89)) - dcab1bcb-c761-4b10-a04c-d2dcea4fab88: addNew group-52B1D41F7C8E:[dcab1bcb-c761-4b10-a04c-d2dcea4fab88:192.168.30.10:44857] returns group-52B1D41F7C8E:java.util.concurrent.CompletableFuture@495ff013[Not completed]
2019-09-25 05:50:16,949 [pool-557-thread-1] INFO  impl.RaftServerImpl (RaftServerImpl.java:<init>(95)) - dcab1bcb-c761-4b10-a04c-d2dcea4fab88: new RaftServerImpl for group-52B1D41F7C8E:[dcab1bcb-c761-4b10-a04c-d2dcea4fab88:192.168.30.10:44857] with ContainerStateMachine:uninitialized
2019-09-25 05:50:16,949 [pool-557-thread-1] INFO  server.RaftServerConfigKeys (ConfUtils.java:logGet(43)) - raft.server.rpc.timeout.min = 5s (custom)
2019-09-25 05:50:16,949 [pool-557-thread-1] INFO  server.RaftServerConfigKeys (ConfUtils.java:logGet(43)) - raft.server.rpc.timeout.max = 5200ms (custom)
2019-09-25 05:50:16,949 [pool-557-thread-1] INFO  server.RaftServerConfigKeys (ConfUtils.java:logGet(43)) - raft.server.rpcslowness.timeout = 120s (custom)
2019-09-25 05:50:16,950 [pool-557-thread-1] INFO  server.RaftServerConfigKeys (ConfUtils.java:logGet(43)) - raft.server.sleep.deviation.threshold = 300 (default)
2019-09-25 05:50:16,950 [pool-557-thread-1] INFO  server.RaftServerConfigKeys (ConfUtils.java:logGet(43)) - raft.server.log.appender.install.snapshot.enabled = false (custom)
2019-09-25 05:50:16,950 [pool-557-thread-1] INFO  impl.RaftServerImpl (ServerState.java:<init>(103)) - dcab1bcb-c761-4b10-a04c-d2dcea4fab88@group-52B1D41F7C8E: ConfigurationManager, init=-1: [dcab1bcb-c761-4b10-a04c-d2dcea4fab88:192.168.30.10:44857], old=null, confs=<EMPTY_MAP>
2019-09-25 05:50:16,950 [pool-557-thread-1] INFO  server.RaftServerConfigKeys (ConfUtils.java:logGet(43)) - raft.server.storage.dir = [/workdir/hadoop-ozone/integration-test/target/test-dir/MiniOzoneClusterImpl-2263fc46-0a90-446a-9f91-f67f9935a0e0/datanode-6/data/ratis] (custom)
2019-09-25 05:50:16,950 [pool-557-thread-1] INFO  storage.RaftStorageDirectory (RaftStorageDirectory.java:analyzeStorage(246)) - The storage directory /workdir/hadoop-ozone/integration-test/target/test-dir/MiniOzoneClusterImpl-2263fc46-0a90-446a-9f91-f67f9935a0e0/datanode-6/data/ratis/1771b18d-6519-48c2-b2ea-52b1d41f7c8e does not exist. Creating ...
2019-09-25 05:50:16,963 [pool-557-thread-1] INFO  storage.RaftStorageDirectory (RaftStorageDirectory.java:tryLock(328)) - Lock on /workdir/hadoop-ozone/integration-test/target/test-dir/MiniOzoneClusterImpl-2263fc46-0a90-446a-9f91-f67f9935a0e0/datanode-6/data/ratis/1771b18d-6519-48c2-b2ea-52b1d41f7c8e/in_use.lock acquired by nodename 13539@pr-hdds-1569-s62bp-3040748787
2019-09-25 05:50:16,976 [pool-557-thread-1] INFO  storage.RaftStorage (RaftStorage.java:format(72)) - Storage directory /workdir/hadoop-ozone/integration-test/target/test-dir/MiniOzoneClusterImpl-2263fc46-0a90-446a-9f91-f67f9935a0e0/datanode-6/data/ratis/1771b18d-6519-48c2-b2ea-52b1d41f7c8e has been successfully formatted.
2019-09-25 05:50:16,976 [pool-557-thread-1] INFO  ratis.ContainerStateMachine (ContainerStateMachine.java:loadSnapshot(230)) - group-52B1D41F7C8E: The snapshot info is null. Setting the last applied indexto:(t:0, i:~)
2019-09-25 05:50:16,976 [pool-557-thread-1] INFO  server.RaftServerConfigKeys (ConfUtils.java:logGet(43)) - raft.server.notification.no-leader.timeout = 120s (custom)
2019-09-25 05:50:16,976 [pool-557-thread-1] INFO  server.RaftServerConfigKeys (ConfUtils.java:logGet(43)) - raft.server.log.use.memory = false (default)
2019-09-25 05:50:16,976 [pool-557-thread-1] INFO  server.RaftServerConfigKeys (ConfUtils.java:logGet(43)) - raft.server.log.purge.gap = 1000000 (custom)
2019-09-25 05:50:16,976 [pool-557-thread-1] INFO  server.RaftServerConfigKeys (ConfUtils.java:logGet(43)) - raft.server.log.appender.buffer.byte-limit = 33554432 (custom)
2019-09-25 05:50:16,976 [pool-557-thread-1] INFO  server.RaftServerConfigKeys (ConfUtils.java:logGet(43)) - raft.server.log.segment.size.max = 1048576 (custom)
2019-09-25 05:50:16,976 [pool-557-thread-1] INFO  server.RaftServerConfigKeys (ConfUtils.java:logGet(43)) - raft.server.log.segment.cache.num.max = 2 (custom)
2019-09-25 05:50:16,977 [pool-557-thread-1] INFO  segmented.SegmentedRaftLogWorker (SegmentedRaftLogWorker.java:<init>(172)) - new dcab1bcb-c761-4b10-a04c-d2dcea4fab88@group-52B1D41F7C8E-SegmentedRaftLogWorker for RaftStorage:Storage Directory /workdir/hadoop-ozone/integration-test/target/test-dir/MiniOzoneClusterImpl-2263fc46-0a90-446a-9f91-f67f9935a0e0/datanode-6/data/ratis/1771b18d-6519-48c2-b2ea-52b1d41f7c8e
2019-09-25 05:50:16,977 [pool-557-thread-1] INFO  server.RaftServerConfigKeys (ConfUtils.java:logGet(43)) - raft.server.log.queue.byte-limit = 2147483647 (custom)
2019-09-25 05:50:16,977 [pool-557-thread-1] INFO  server.RaftServerConfigKeys (ConfUtils.java:logGet(43)) - raft.server.log.queue.element-limit = 1024 (custom)
2019-09-25 05:50:16,977 [pool-557-thread-1] INFO  server.RaftServerConfigKeys (ConfUtils.java:logGet(43)) - raft.server.log.segment.size.max = 1048576 (custom)
2019-09-25 05:50:16,977 [pool-557-thread-1] INFO  server.RaftServerConfigKeys (ConfUtils.java:logGet(43)) - raft.server.log.preallocated.size = 16384 (custom)
2019-09-25 05:50:16,977 [pool-557-thread-1] INFO  server.RaftServerConfigKeys (ConfUtils.java:logGet(43)) - raft.server.log.write.buffer.size = 33554432 (custom)
2019-09-25 05:50:16,977 [pool-557-thread-1] INFO  server.RaftServerConfigKeys (ConfUtils.java:logGet(43)) - raft.server.log.force.sync.num = 128 (default)
2019-09-25 05:50:16,977 [pool-557-thread-1] INFO  server.RaftServerConfigKeys (ConfUtils.java:logGet(43)) - raft.server.log.statemachine.data.sync = true (default)
2019-09-25 05:50:16,977 [pool-557-thread-1] INFO  server.RaftServerConfigKeys (ConfUtils.java:logGet(43)) - raft.server.log.statemachine.data.sync.timeout = 10s (default)
2019-09-25 05:50:16,978 [pool-557-thread-1] INFO  server.RaftServerConfigKeys (ConfUtils.java:logGet(43)) - raft.server.log.statemachine.data.sync.timeout.retry = -1 (default)
2019-09-25 05:50:16,978 [pool-557-thread-1] INFO  server.RaftServerConfigKeys (ConfUtils.java:logGet(43)) - raft.server.log.statemachine.data.caching.enabled = true (custom)
2019-09-25 05:50:16,978 [pool-557-thread-1] INFO  segmented.SegmentedRaftLogWorker (SegmentedRaftLogWorker.java:lambda$new$0(132)) - dcab1bcb-c761-4b10-a04c-d2dcea4fab88@group-52B1D41F7C8E-SegmentedRaftLogWorker: flushIndex: setUnconditionally 0 -> -1
2019-09-25 05:50:16,978 [pool-557-thread-1] INFO  server.RaftServerConfigKeys (ConfUtils.java:logGet(43)) - raft.server.snapshot.auto.trigger.enabled = true (custom)
2019-09-25 05:50:16,978 [pool-557-thread-1] INFO  server.RaftServerConfigKeys (ConfUtils.java:logGet(43)) - raft.server.snapshot.auto.trigger.threshold = 10000 (custom)
2019-09-25 05:50:16,978 [pool-557-thread-1] INFO  server.RaftServerConfigKeys (ConfUtils.java:logGet(43)) - raft.server.snapshot.retention.num.files = 5 (custom)
2019-09-25 05:50:16,979 [pool-557-thread-1] INFO  server.RaftServerConfigKeys (ConfUtils.java:logGet(43)) - raft.server.retrycache.expirytime = 600000ms (custom)
2019-09-25 05:50:16,980 [pool-557-thread-1] INFO  impl.RaftServerImpl (RaftServerImpl.java:start(185)) - dcab1bcb-c761-4b10-a04c-d2dcea4fab88@group-52B1D41F7C8E: start as a follower, conf=-1: [dcab1bcb-c761-4b10-a04c-d2dcea4fab88:192.168.30.10:44857], old=null
2019-09-25 05:50:16,980 [pool-557-thread-1] INFO  impl.RaftServerImpl (RaftServerImpl.java:setRole(174)) - dcab1bcb-c761-4b10-a04c-d2dcea4fab88@group-52B1D41F7C8E: changes role from      null to FOLLOWER at term 0 for startAsFollower
2019-09-25 05:50:16,980 [pool-557-thread-1] INFO  impl.RoleInfo (RoleInfo.java:updateAndGet(143)) - dcab1bcb-c761-4b10-a04c-d2dcea4fab88: start FollowerState
2019-09-25 05:50:16,980 [pool-557-thread-1] INFO  util.JmxRegister (JmxRegister.java:tryRegister(44)) - Successfully registered JMX Bean with object name Ratis:service=RaftServer,group=group-52B1D41F7C8E,id=dcab1bcb-c761-4b10-a04c-d2dcea4fab88
2019-09-25 05:50:16,982 [RatisPipelineUtilsThread] INFO  pipeline.PipelineStateManager (PipelineStateManager.java:addPipeline(56)) - Created pipeline Pipeline[ Id: 1771b18d-6519-48c2-b2ea-52b1d41f7c8e, Nodes: dcab1bcb-c761-4b10-a04c-d2dcea4fab88{ip: 192.168.30.10, host: pr-hdds-1569-s62bp-3040748787, networkLocation: /default-rack, certSerialId: null}, Type:RATIS, Factor:ONE, State:OPEN]
2019-09-25 05:50:16,982 [RatisPipelineUtilsThread] INFO  pipeline.PipelinePlacementPolicy (PipelinePlacementPolicy.java:meetCriteria(91)) - Pipeline Placement: Doesn't meet the criteria to be viable node： 11c09e37-7211-4e36-88ba-de9fcd604807 Heaviness: 6 limit: 5
2019-09-25 05:50:16,982 [RatisPipelineUtilsThread] INFO  pipeline.PipelinePlacementPolicy (PipelinePlacementPolicy.java:meetCriteria(91)) - Pipeline Placement: Doesn't meet the criteria to be viable node： 45ca45e9-b5b0-4fbb-a7fd-6b6ab106be2a Heaviness: 6 limit: 5
2019-09-25 05:50:16,982 [RatisPipelineUtilsThread] INFO  pipeline.PipelinePlacementPolicy (PipelinePlacementPolicy.java:meetCriteria(91)) - Pipeline Placement: Doesn't meet the criteria to be viable node： 899bfb76-eea4-4ff6-823c-7995b606cb73 Heaviness: 6 limit: 5
2019-09-25 05:50:16,983 [RatisPipelineUtilsThread] INFO  pipeline.PipelinePlacementPolicy (PipelinePlacementPolicy.java:meetCriteria(91)) - Pipeline Placement: Doesn't meet the criteria to be viable node： 30620aa2-f8b3-4a53-9c80-c9f165f833cf Heaviness: 6 limit: 5
2019-09-25 05:50:16,983 [RatisPipelineUtilsThread] INFO  pipeline.PipelinePlacementPolicy (PipelinePlacementPolicy.java:meetCriteria(91)) - Pipeline Placement: Doesn't meet the criteria to be viable node： dc430975-089c-40cd-a0f1-208b2374b924 Heaviness: 6 limit: 5
2019-09-25 05:50:16,983 [RatisPipelineUtilsThread] INFO  pipeline.PipelinePlacementPolicy (PipelinePlacementPolicy.java:meetCriteria(91)) - Pipeline Placement: Doesn't meet the criteria to be viable node： 74ee2b94-5a16-4fca-8dd4-c5490dc15294 Heaviness: 6 limit: 5
2019-09-25 05:50:16,986 [grpc-default-executor-0] INFO  impl.RaftServerProxy (RaftServerProxy.java:addNew(89)) - dcab1bcb-c761-4b10-a04c-d2dcea4fab88: addNew group-3735EAB74F06:[dcab1bcb-c761-4b10-a04c-d2dcea4fab88:192.168.30.10:44857] returns group-3735EAB74F06:java.util.concurrent.CompletableFuture@4f30fec1[Not completed]
2019-09-25 05:50:16,986 [pool-557-thread-1] INFO  impl.RaftServerImpl (RaftServerImpl.java:<init>(95)) - dcab1bcb-c761-4b10-a04c-d2dcea4fab88: new RaftServerImpl for group-3735EAB74F06:[dcab1bcb-c761-4b10-a04c-d2dcea4fab88:192.168.30.10:44857] with ContainerStateMachine:uninitialized
2019-09-25 05:50:16,987 [pool-557-thread-1] INFO  server.RaftServerConfigKeys (ConfUtils.java:logGet(43)) - raft.server.rpc.timeout.min = 5s (custom)
2019-09-25 05:50:16,987 [pool-557-thread-1] INFO  server.RaftServerConfigKeys (ConfUtils.java:logGet(43)) - raft.server.rpc.timeout.max = 5200ms (custom)
2019-09-25 05:50:16,987 [pool-557-thread-1] INFO  server.RaftServerConfigKeys (ConfUtils.java:logGet(43)) - raft.server.rpcslowness.timeout = 120s (custom)
2019-09-25 05:50:16,987 [pool-557-thread-1] INFO  server.RaftServerConfigKeys (ConfUtils.java:logGet(43)) - raft.server.sleep.deviation.threshold = 300 (default)
2019-09-25 05:50:16,987 [pool-557-thread-1] INFO  server.RaftServerConfigKeys (ConfUtils.java:logGet(43)) - raft.server.log.appender.install.snapshot.enabled = false (custom)
2019-09-25 05:50:16,987 [pool-557-thread-1] INFO  impl.RaftServerImpl (ServerState.java:<init>(103)) - dcab1bcb-c761-4b10-a04c-d2dcea4fab88@group-3735EAB74F06: ConfigurationManager, init=-1: [dcab1bcb-c761-4b10-a04c-d2dcea4fab88:192.168.30.10:44857], old=null, confs=<EMPTY_MAP>
2019-09-25 05:50:16,987 [pool-557-thread-1] INFO  server.RaftServerConfigKeys (ConfUtils.java:logGet(43)) - raft.server.storage.dir = [/workdir/hadoop-ozone/integration-test/target/test-dir/MiniOzoneClusterImpl-2263fc46-0a90-446a-9f91-f67f9935a0e0/datanode-6/data/ratis] (custom)
2019-09-25 05:50:16,987 [pool-557-thread-1] INFO  storage.RaftStorageDirectory (RaftStorageDirectory.java:analyzeStorage(246)) - The storage directory /workdir/hadoop-ozone/integration-test/target/test-dir/MiniOzoneClusterImpl-2263fc46-0a90-446a-9f91-f67f9935a0e0/datanode-6/data/ratis/86623d12-8a3c-426b-8660-3735eab74f06 does not exist. Creating ...
2019-09-25 05:50:16,997 [pool-557-thread-1] INFO  storage.RaftStorageDirectory (RaftStorageDirectory.java:tryLock(328)) - Lock on /workdir/hadoop-ozone/integration-test/target/test-dir/MiniOzoneClusterImpl-2263fc46-0a90-446a-9f91-f67f9935a0e0/datanode-6/data/ratis/86623d12-8a3c-426b-8660-3735eab74f06/in_use.lock acquired by nodename 13539@pr-hdds-1569-s62bp-3040748787
2019-09-25 05:50:17,004 [pool-557-thread-1] INFO  storage.RaftStorage (RaftStorage.java:format(72)) - Storage directory /workdir/hadoop-ozone/integration-test/target/test-dir/MiniOzoneClusterImpl-2263fc46-0a90-446a-9f91-f67f9935a0e0/datanode-6/data/ratis/86623d12-8a3c-426b-8660-3735eab74f06 has been successfully formatted.
2019-09-25 05:50:17,004 [pool-557-thread-1] INFO  ratis.ContainerStateMachine (ContainerStateMachine.java:loadSnapshot(230)) - group-3735EAB74F06: The snapshot info is null. Setting the last applied indexto:(t:0, i:~)
2019-09-25 05:50:17,005 [pool-557-thread-1] INFO  server.RaftServerConfigKeys (ConfUtils.java:logGet(43)) - raft.server.notification.no-leader.timeout = 120s (custom)
2019-09-25 05:50:17,005 [pool-557-thread-1] INFO  server.RaftServerConfigKeys (ConfUtils.java:logGet(43)) - raft.server.log.use.memory = false (default)
2019-09-25 05:50:17,005 [pool-557-thread-1] INFO  server.RaftServerConfigKeys (ConfUtils.java:logGet(43)) - raft.server.log.purge.gap = 1000000 (custom)
2019-09-25 05:50:17,005 [pool-557-thread-1] INFO  server.RaftServerConfigKeys (ConfUtils.java:logGet(43)) - raft.server.log.appender.buffer.byte-limit = 33554432 (custom)
2019-09-25 05:50:17,005 [pool-557-thread-1] INFO  server.RaftServerConfigKeys (ConfUtils.java:logGet(43)) - raft.server.log.segment.size.max = 1048576 (custom)
2019-09-25 05:50:17,005 [pool-557-thread-1] INFO  server.RaftServerConfigKeys (ConfUtils.java:logGet(43)) - raft.server.log.segment.cache.num.max = 2 (custom)
2019-09-25 05:50:17,005 [pool-557-thread-1] INFO  segmented.SegmentedRaftLogWorker (SegmentedRaftLogWorker.java:<init>(172)) - new dcab1bcb-c761-4b10-a04c-d2dcea4fab88@group-3735EAB74F06-SegmentedRaftLogWorker for RaftStorage:Storage Directory /workdir/hadoop-ozone/integration-test/target/test-dir/MiniOzoneClusterImpl-2263fc46-0a90-446a-9f91-f67f9935a0e0/datanode-6/data/ratis/86623d12-8a3c-426b-8660-3735eab74f06
2019-09-25 05:50:17,005 [pool-557-thread-1] INFO  server.RaftServerConfigKeys (ConfUtils.java:logGet(43)) - raft.server.log.queue.byte-limit = 2147483647 (custom)
2019-09-25 05:50:17,005 [pool-557-thread-1] INFO  server.RaftServerConfigKeys (ConfUtils.java:logGet(43)) - raft.server.log.queue.element-limit = 1024 (custom)
2019-09-25 05:50:17,006 [pool-557-thread-1] INFO  server.RaftServerConfigKeys (ConfUtils.java:logGet(43)) - raft.server.log.segment.size.max = 1048576 (custom)
2019-09-25 05:50:17,006 [pool-557-thread-1] INFO  server.RaftServerConfigKeys (ConfUtils.java:logGet(43)) - raft.server.log.preallocated.size = 16384 (custom)
2019-09-25 05:50:17,006 [pool-557-thread-1] INFO  server.RaftServerConfigKeys (ConfUtils.java:logGet(43)) - raft.server.log.write.buffer.size = 33554432 (custom)
2019-09-25 05:50:17,006 [pool-557-thread-1] INFO  server.RaftServerConfigKeys (ConfUtils.java:logGet(43)) - raft.server.log.force.sync.num = 128 (default)
2019-09-25 05:50:17,006 [pool-557-thread-1] INFO  server.RaftServerConfigKeys (ConfUtils.java:logGet(43)) - raft.server.log.statemachine.data.sync = true (default)
2019-09-25 05:50:17,006 [pool-557-thread-1] INFO  server.RaftServerConfigKeys (ConfUtils.java:logGet(43)) - raft.server.log.statemachine.data.sync.timeout = 10s (default)
2019-09-25 05:50:17,006 [pool-557-thread-1] INFO  server.RaftServerConfigKeys (ConfUtils.java:logGet(43)) - raft.server.log.statemachine.data.sync.timeout.retry = -1 (default)
2019-09-25 05:50:17,006 [pool-557-thread-1] INFO  server.RaftServerConfigKeys (ConfUtils.java:logGet(43)) - raft.server.log.statemachine.data.caching.enabled = true (custom)
2019-09-25 05:50:17,006 [pool-557-thread-1] INFO  segmented.SegmentedRaftLogWorker (SegmentedRaftLogWorker.java:lambda$new$0(132)) - dcab1bcb-c761-4b10-a04c-d2dcea4fab88@group-3735EAB74F06-SegmentedRaftLogWorker: flushIndex: setUnconditionally 0 -> -1
2019-09-25 05:50:17,007 [pool-557-thread-1] INFO  server.RaftServerConfigKeys (ConfUtils.java:logGet(43)) - raft.server.snapshot.auto.trigger.enabled = true (custom)
2019-09-25 05:50:17,007 [pool-557-thread-1] INFO  server.RaftServerConfigKeys (ConfUtils.java:logGet(43)) - raft.server.snapshot.auto.trigger.threshold = 10000 (custom)
2019-09-25 05:50:17,007 [pool-557-thread-1] INFO  server.RaftServerConfigKeys (ConfUtils.java:logGet(43)) - raft.server.snapshot.retention.num.files = 5 (custom)
2019-09-25 05:50:17,007 [pool-557-thread-1] INFO  server.RaftServerConfigKeys (ConfUtils.java:logGet(43)) - raft.server.retrycache.expirytime = 600000ms (custom)
2019-09-25 05:50:17,008 [pool-557-thread-1] INFO  impl.RaftServerImpl (RaftServerImpl.java:start(185)) - dcab1bcb-c761-4b10-a04c-d2dcea4fab88@group-3735EAB74F06: start as a follower, conf=-1: [dcab1bcb-c761-4b10-a04c-d2dcea4fab88:192.168.30.10:44857], old=null
2019-09-25 05:50:17,008 [pool-557-thread-1] INFO  impl.RaftServerImpl (RaftServerImpl.java:setRole(174)) - dcab1bcb-c761-4b10-a04c-d2dcea4fab88@group-3735EAB74F06: changes role from      null to FOLLOWER at term 0 for startAsFollower
2019-09-25 05:50:17,008 [pool-557-thread-1] INFO  impl.RoleInfo (RoleInfo.java:updateAndGet(143)) - dcab1bcb-c761-4b10-a04c-d2dcea4fab88: start FollowerState
2019-09-25 05:50:17,009 [pool-557-thread-1] INFO  util.JmxRegister (JmxRegister.java:tryRegister(44)) - Successfully registered JMX Bean with object name Ratis:service=RaftServer,group=group-3735EAB74F06,id=dcab1bcb-c761-4b10-a04c-d2dcea4fab88
2019-09-25 05:50:17,010 [RatisPipelineUtilsThread] INFO  pipeline.PipelineStateManager (PipelineStateManager.java:addPipeline(56)) - Created pipeline Pipeline[ Id: 86623d12-8a3c-426b-8660-3735eab74f06, Nodes: dcab1bcb-c761-4b10-a04c-d2dcea4fab88{ip: 192.168.30.10, host: pr-hdds-1569-s62bp-3040748787, networkLocation: /default-rack, certSerialId: null}, Type:RATIS, Factor:ONE, State:OPEN]
2019-09-25 05:50:17,010 [RatisPipelineUtilsThread] INFO  pipeline.PipelinePlacementPolicy (PipelinePlacementPolicy.java:meetCriteria(91)) - Pipeline Placement: Doesn't meet the criteria to be viable node： 11c09e37-7211-4e36-88ba-de9fcd604807 Heaviness: 6 limit: 5
2019-09-25 05:50:17,010 [RatisPipelineUtilsThread] INFO  pipeline.PipelinePlacementPolicy (PipelinePlacementPolicy.java:meetCriteria(91)) - Pipeline Placement: Doesn't meet the criteria to be viable node： 45ca45e9-b5b0-4fbb-a7fd-6b6ab106be2a Heaviness: 6 limit: 5
2019-09-25 05:50:17,011 [RatisPipelineUtilsThread] INFO  pipeline.PipelinePlacementPolicy (PipelinePlacementPolicy.java:meetCriteria(91)) - Pipeline Placement: Doesn't meet the criteria to be viable node： 899bfb76-eea4-4ff6-823c-7995b606cb73 Heaviness: 6 limit: 5
2019-09-25 05:50:17,011 [RatisPipelineUtilsThread] INFO  pipeline.PipelinePlacementPolicy (PipelinePlacementPolicy.java:meetCriteria(91)) - Pipeline Placement: Doesn't meet the criteria to be viable node： 30620aa2-f8b3-4a53-9c80-c9f165f833cf Heaviness: 6 limit: 5
2019-09-25 05:50:17,011 [RatisPipelineUtilsThread] INFO  pipeline.PipelinePlacementPolicy (PipelinePlacementPolicy.java:meetCriteria(91)) - Pipeline Placement: Doesn't meet the criteria to be viable node： dc430975-089c-40cd-a0f1-208b2374b924 Heaviness: 6 limit: 5
2019-09-25 05:50:17,011 [RatisPipelineUtilsThread] INFO  pipeline.PipelinePlacementPolicy (PipelinePlacementPolicy.java:meetCriteria(91)) - Pipeline Placement: Doesn't meet the criteria to be viable node： 74ee2b94-5a16-4fca-8dd4-c5490dc15294 Heaviness: 6 limit: 5
2019-09-25 05:50:17,014 [grpc-default-executor-0] INFO  impl.RaftServerProxy (RaftServerProxy.java:addNew(89)) - dcab1bcb-c761-4b10-a04c-d2dcea4fab88: addNew group-F603F25A30DA:[dcab1bcb-c761-4b10-a04c-d2dcea4fab88:192.168.30.10:44857] returns group-F603F25A30DA:java.util.concurrent.CompletableFuture@2dcb8768[Not completed]
2019-09-25 05:50:17,014 [pool-557-thread-1] INFO  impl.RaftServerImpl (RaftServerImpl.java:<init>(95)) - dcab1bcb-c761-4b10-a04c-d2dcea4fab88: new RaftServerImpl for group-F603F25A30DA:[dcab1bcb-c761-4b10-a04c-d2dcea4fab88:192.168.30.10:44857] with ContainerStateMachine:uninitialized
2019-09-25 05:50:17,015 [pool-557-thread-1] INFO  server.RaftServerConfigKeys (ConfUtils.java:logGet(43)) - raft.server.rpc.timeout.min = 5s (custom)
2019-09-25 05:50:17,015 [pool-557-thread-1] INFO  server.RaftServerConfigKeys (ConfUtils.java:logGet(43)) - raft.server.rpc.timeout.max = 5200ms (custom)
2019-09-25 05:50:17,015 [pool-557-thread-1] INFO  server.RaftServerConfigKeys (ConfUtils.java:logGet(43)) - raft.server.rpcslowness.timeout = 120s (custom)
2019-09-25 05:50:17,015 [pool-557-thread-1] INFO  server.RaftServerConfigKeys (ConfUtils.java:logGet(43)) - raft.server.sleep.deviation.threshold = 300 (default)
2019-09-25 05:50:17,015 [pool-557-thread-1] INFO  server.RaftServerConfigKeys (ConfUtils.java:logGet(43)) - raft.server.log.appender.install.snapshot.enabled = false (custom)
2019-09-25 05:50:17,015 [pool-557-thread-1] INFO  impl.RaftServerImpl (ServerState.java:<init>(103)) - dcab1bcb-c761-4b10-a04c-d2dcea4fab88@group-F603F25A30DA: ConfigurationManager, init=-1: [dcab1bcb-c761-4b10-a04c-d2dcea4fab88:192.168.30.10:44857], old=null, confs=<EMPTY_MAP>
2019-09-25 05:50:17,015 [pool-557-thread-1] INFO  server.RaftServerConfigKeys (ConfUtils.java:logGet(43)) - raft.server.storage.dir = [/workdir/hadoop-ozone/integration-test/target/test-dir/MiniOzoneClusterImpl-2263fc46-0a90-446a-9f91-f67f9935a0e0/datanode-6/data/ratis] (custom)
2019-09-25 05:50:17,015 [pool-557-thread-1] INFO  storage.RaftStorageDirectory (RaftStorageDirectory.java:analyzeStorage(246)) - The storage directory /workdir/hadoop-ozone/integration-test/target/test-dir/MiniOzoneClusterImpl-2263fc46-0a90-446a-9f91-f67f9935a0e0/datanode-6/data/ratis/a4e72224-b10d-4110-bc01-f603f25a30da does not exist. Creating ...
2019-09-25 05:50:17,028 [pool-557-thread-1] INFO  storage.RaftStorageDirectory (RaftStorageDirectory.java:tryLock(328)) - Lock on /workdir/hadoop-ozone/integration-test/target/test-dir/MiniOzoneClusterImpl-2263fc46-0a90-446a-9f91-f67f9935a0e0/datanode-6/data/ratis/a4e72224-b10d-4110-bc01-f603f25a30da/in_use.lock acquired by nodename 13539@pr-hdds-1569-s62bp-3040748787
2019-09-25 05:50:17,041 [pool-557-thread-1] INFO  storage.RaftStorage (RaftStorage.java:format(72)) - Storage directory /workdir/hadoop-ozone/integration-test/target/test-dir/MiniOzoneClusterImpl-2263fc46-0a90-446a-9f91-f67f9935a0e0/datanode-6/data/ratis/a4e72224-b10d-4110-bc01-f603f25a30da has been successfully formatted.
2019-09-25 05:50:17,041 [pool-557-thread-1] INFO  ratis.ContainerStateMachine (ContainerStateMachine.java:loadSnapshot(230)) - group-F603F25A30DA: The snapshot info is null. Setting the last applied indexto:(t:0, i:~)
2019-09-25 05:50:17,042 [pool-557-thread-1] INFO  server.RaftServerConfigKeys (ConfUtils.java:logGet(43)) - raft.server.notification.no-leader.timeout = 120s (custom)
2019-09-25 05:50:17,042 [pool-557-thread-1] INFO  server.RaftServerConfigKeys (ConfUtils.java:logGet(43)) - raft.server.log.use.memory = false (default)
2019-09-25 05:50:17,042 [pool-557-thread-1] INFO  server.RaftServerConfigKeys (ConfUtils.java:logGet(43)) - raft.server.log.purge.gap = 1000000 (custom)
2019-09-25 05:50:17,042 [pool-557-thread-1] INFO  server.RaftServerConfigKeys (ConfUtils.java:logGet(43)) - raft.server.log.appender.buffer.byte-limit = 33554432 (custom)
2019-09-25 05:50:17,042 [pool-557-thread-1] INFO  server.RaftServerConfigKeys (ConfUtils.java:logGet(43)) - raft.server.log.segment.size.max = 1048576 (custom)
2019-09-25 05:50:17,042 [pool-557-thread-1] INFO  server.RaftServerConfigKeys (ConfUtils.java:logGet(43)) - raft.server.log.segment.cache.num.max = 2 (custom)
2019-09-25 05:50:17,042 [pool-557-thread-1] INFO  segmented.SegmentedRaftLogWorker (SegmentedRaftLogWorker.java:<init>(172)) - new dcab1bcb-c761-4b10-a04c-d2dcea4fab88@group-F603F25A30DA-SegmentedRaftLogWorker for RaftStorage:Storage Directory /workdir/hadoop-ozone/integration-test/target/test-dir/MiniOzoneClusterImpl-2263fc46-0a90-446a-9f91-f67f9935a0e0/datanode-6/data/ratis/a4e72224-b10d-4110-bc01-f603f25a30da
2019-09-25 05:50:17,042 [pool-557-thread-1] INFO  server.RaftServerConfigKeys (ConfUtils.java:logGet(43)) - raft.server.log.queue.byte-limit = 2147483647 (custom)
2019-09-25 05:50:17,043 [pool-557-thread-1] INFO  server.RaftServerConfigKeys (ConfUtils.java:logGet(43)) - raft.server.log.queue.element-limit = 1024 (custom)
2019-09-25 05:50:17,043 [pool-557-thread-1] INFO  server.RaftServerConfigKeys (ConfUtils.java:logGet(43)) - raft.server.log.segment.size.max = 1048576 (custom)
2019-09-25 05:50:17,043 [pool-557-thread-1] INFO  server.RaftServerConfigKeys (ConfUtils.java:logGet(43)) - raft.server.log.preallocated.size = 16384 (custom)
2019-09-25 05:50:17,043 [pool-557-thread-1] INFO  server.RaftServerConfigKeys (ConfUtils.java:logGet(43)) - raft.server.log.write.buffer.size = 33554432 (custom)
2019-09-25 05:50:17,043 [pool-557-thread-1] INFO  server.RaftServerConfigKeys (ConfUtils.java:logGet(43)) - raft.server.log.force.sync.num = 128 (default)
2019-09-25 05:50:17,043 [pool-557-thread-1] INFO  server.RaftServerConfigKeys (ConfUtils.java:logGet(43)) - raft.server.log.statemachine.data.sync = true (default)
2019-09-25 05:50:17,043 [pool-557-thread-1] INFO  server.RaftServerConfigKeys (ConfUtils.java:logGet(43)) - raft.server.log.statemachine.data.sync.timeout = 10s (default)
2019-09-25 05:50:17,043 [pool-557-thread-1] INFO  server.RaftServerConfigKeys (ConfUtils.java:logGet(43)) - raft.server.log.statemachine.data.sync.timeout.retry = -1 (default)
2019-09-25 05:50:17,043 [pool-557-thread-1] INFO  server.RaftServerConfigKeys (ConfUtils.java:logGet(43)) - raft.server.log.statemachine.data.caching.enabled = true (custom)
2019-09-25 05:50:17,044 [pool-557-thread-1] INFO  segmented.SegmentedRaftLogWorker (SegmentedRaftLogWorker.java:lambda$new$0(132)) - dcab1bcb-c761-4b10-a04c-d2dcea4fab88@group-F603F25A30DA-SegmentedRaftLogWorker: flushIndex: setUnconditionally 0 -> -1
2019-09-25 05:50:17,044 [pool-557-thread-1] INFO  server.RaftServerConfigKeys (ConfUtils.java:logGet(43)) - raft.server.snapshot.auto.trigger.enabled = true (custom)
2019-09-25 05:50:17,044 [pool-557-thread-1] INFO  server.RaftServerConfigKeys (ConfUtils.java:logGet(43)) - raft.server.snapshot.auto.trigger.threshold = 10000 (custom)
2019-09-25 05:50:17,044 [pool-557-thread-1] INFO  server.RaftServerConfigKeys (ConfUtils.java:logGet(43)) - raft.server.snapshot.retention.num.files = 5 (custom)
2019-09-25 05:50:17,044 [pool-557-thread-1] INFO  server.RaftServerConfigKeys (ConfUtils.java:logGet(43)) - raft.server.retrycache.expirytime = 600000ms (custom)
2019-09-25 05:50:17,045 [pool-557-thread-1] INFO  impl.RaftServerImpl (RaftServerImpl.java:start(185)) - dcab1bcb-c761-4b10-a04c-d2dcea4fab88@group-F603F25A30DA: start as a follower, conf=-1: [dcab1bcb-c761-4b10-a04c-d2dcea4fab88:192.168.30.10:44857], old=null
2019-09-25 05:50:17,045 [pool-557-thread-1] INFO  impl.RaftServerImpl (RaftServerImpl.java:setRole(174)) - dcab1bcb-c761-4b10-a04c-d2dcea4fab88@group-F603F25A30DA: changes role from      null to FOLLOWER at term 0 for startAsFollower
2019-09-25 05:50:17,045 [pool-557-thread-1] INFO  impl.RoleInfo (RoleInfo.java:updateAndGet(143)) - dcab1bcb-c761-4b10-a04c-d2dcea4fab88: start FollowerState
2019-09-25 05:50:17,046 [pool-557-thread-1] INFO  util.JmxRegister (JmxRegister.java:tryRegister(44)) - Successfully registered JMX Bean with object name Ratis:service=RaftServer,group=group-F603F25A30DA,id=dcab1bcb-c761-4b10-a04c-d2dcea4fab88
2019-09-25 05:50:17,047 [RatisPipelineUtilsThread] INFO  pipeline.PipelineStateManager (PipelineStateManager.java:addPipeline(56)) - Created pipeline Pipeline[ Id: a4e72224-b10d-4110-bc01-f603f25a30da, Nodes: dcab1bcb-c761-4b10-a04c-d2dcea4fab88{ip: 192.168.30.10, host: pr-hdds-1569-s62bp-3040748787, networkLocation: /default-rack, certSerialId: null}, Type:RATIS, Factor:ONE, State:OPEN]
2019-09-25 05:50:17,047 [RatisPipelineUtilsThread] INFO  pipeline.PipelinePlacementPolicy (PipelinePlacementPolicy.java:meetCriteria(91)) - Pipeline Placement: Doesn't meet the criteria to be viable node： 11c09e37-7211-4e36-88ba-de9fcd604807 Heaviness: 6 limit: 5
2019-09-25 05:50:17,048 [RatisPipelineUtilsThread] INFO  pipeline.PipelinePlacementPolicy (PipelinePlacementPolicy.java:meetCriteria(91)) - Pipeline Placement: Doesn't meet the criteria to be viable node： 45ca45e9-b5b0-4fbb-a7fd-6b6ab106be2a Heaviness: 6 limit: 5
2019-09-25 05:50:17,048 [RatisPipelineUtilsThread] INFO  pipeline.PipelinePlacementPolicy (PipelinePlacementPolicy.java:meetCriteria(91)) - Pipeline Placement: Doesn't meet the criteria to be viable node： 899bfb76-eea4-4ff6-823c-7995b606cb73 Heaviness: 6 limit: 5
2019-09-25 05:50:17,048 [RatisPipelineUtilsThread] INFO  pipeline.PipelinePlacementPolicy (PipelinePlacementPolicy.java:meetCriteria(91)) - Pipeline Placement: Doesn't meet the criteria to be viable node： 30620aa2-f8b3-4a53-9c80-c9f165f833cf Heaviness: 6 limit: 5
2019-09-25 05:50:17,048 [RatisPipelineUtilsThread] INFO  pipeline.PipelinePlacementPolicy (PipelinePlacementPolicy.java:meetCriteria(91)) - Pipeline Placement: Doesn't meet the criteria to be viable node： dc430975-089c-40cd-a0f1-208b2374b924 Heaviness: 6 limit: 5
2019-09-25 05:50:17,049 [RatisPipelineUtilsThread] INFO  pipeline.PipelinePlacementPolicy (PipelinePlacementPolicy.java:meetCriteria(91)) - Pipeline Placement: Doesn't meet the criteria to be viable node： 74ee2b94-5a16-4fca-8dd4-c5490dc15294 Heaviness: 6 limit: 5
2019-09-25 05:50:17,052 [grpc-default-executor-0] INFO  impl.RaftServerProxy (RaftServerProxy.java:addNew(89)) - dcab1bcb-c761-4b10-a04c-d2dcea4fab88: addNew group-6B56182867DA:[dcab1bcb-c761-4b10-a04c-d2dcea4fab88:192.168.30.10:44857] returns group-6B56182867DA:java.util.concurrent.CompletableFuture@25ea15fc[Not completed]
2019-09-25 05:50:17,052 [pool-557-thread-1] INFO  impl.RaftServerImpl (RaftServerImpl.java:<init>(95)) - dcab1bcb-c761-4b10-a04c-d2dcea4fab88: new RaftServerImpl for group-6B56182867DA:[dcab1bcb-c761-4b10-a04c-d2dcea4fab88:192.168.30.10:44857] with ContainerStateMachine:uninitialized
2019-09-25 05:50:17,052 [pool-557-thread-1] INFO  server.RaftServerConfigKeys (ConfUtils.java:logGet(43)) - raft.server.rpc.timeout.min = 5s (custom)
2019-09-25 05:50:17,052 [pool-557-thread-1] INFO  server.RaftServerConfigKeys (ConfUtils.java:logGet(43)) - raft.server.rpc.timeout.max = 5200ms (custom)
2019-09-25 05:50:17,052 [pool-557-thread-1] INFO  server.RaftServerConfigKeys (ConfUtils.java:logGet(43)) - raft.server.rpcslowness.timeout = 120s (custom)
2019-09-25 05:50:17,052 [pool-557-thread-1] INFO  server.RaftServerConfigKeys (ConfUtils.java:logGet(43)) - raft.server.sleep.deviation.threshold = 300 (default)
2019-09-25 05:50:17,053 [pool-557-thread-1] INFO  server.RaftServerConfigKeys (ConfUtils.java:logGet(43)) - raft.server.log.appender.install.snapshot.enabled = false (custom)
2019-09-25 05:50:17,053 [pool-557-thread-1] INFO  impl.RaftServerImpl (ServerState.java:<init>(103)) - dcab1bcb-c761-4b10-a04c-d2dcea4fab88@group-6B56182867DA: ConfigurationManager, init=-1: [dcab1bcb-c761-4b10-a04c-d2dcea4fab88:192.168.30.10:44857], old=null, confs=<EMPTY_MAP>
2019-09-25 05:50:17,053 [pool-557-thread-1] INFO  server.RaftServerConfigKeys (ConfUtils.java:logGet(43)) - raft.server.storage.dir = [/workdir/hadoop-ozone/integration-test/target/test-dir/MiniOzoneClusterImpl-2263fc46-0a90-446a-9f91-f67f9935a0e0/datanode-6/data/ratis] (custom)
2019-09-25 05:50:17,053 [pool-557-thread-1] INFO  storage.RaftStorageDirectory (RaftStorageDirectory.java:analyzeStorage(246)) - The storage directory /workdir/hadoop-ozone/integration-test/target/test-dir/MiniOzoneClusterImpl-2263fc46-0a90-446a-9f91-f67f9935a0e0/datanode-6/data/ratis/c65a9719-7a6b-47b4-9699-6b56182867da does not exist. Creating ...
2019-09-25 05:50:17,066 [pool-557-thread-1] INFO  storage.RaftStorageDirectory (RaftStorageDirectory.java:tryLock(328)) - Lock on /workdir/hadoop-ozone/integration-test/target/test-dir/MiniOzoneClusterImpl-2263fc46-0a90-446a-9f91-f67f9935a0e0/datanode-6/data/ratis/c65a9719-7a6b-47b4-9699-6b56182867da/in_use.lock acquired by nodename 13539@pr-hdds-1569-s62bp-3040748787
2019-09-25 05:50:17,079 [pool-557-thread-1] INFO  storage.RaftStorage (RaftStorage.java:format(72)) - Storage directory /workdir/hadoop-ozone/integration-test/target/test-dir/MiniOzoneClusterImpl-2263fc46-0a90-446a-9f91-f67f9935a0e0/datanode-6/data/ratis/c65a9719-7a6b-47b4-9699-6b56182867da has been successfully formatted.
2019-09-25 05:50:17,079 [pool-557-thread-1] INFO  ratis.ContainerStateMachine (ContainerStateMachine.java:loadSnapshot(230)) - group-6B56182867DA: The snapshot info is null. Setting the last applied indexto:(t:0, i:~)
2019-09-25 05:50:17,079 [pool-557-thread-1] INFO  server.RaftServerConfigKeys (ConfUtils.java:logGet(43)) - raft.server.notification.no-leader.timeout = 120s (custom)
2019-09-25 05:50:17,079 [pool-557-thread-1] INFO  server.RaftServerConfigKeys (ConfUtils.java:logGet(43)) - raft.server.log.use.memory = false (default)
2019-09-25 05:50:17,079 [pool-557-thread-1] INFO  server.RaftServerConfigKeys (ConfUtils.java:logGet(43)) - raft.server.log.purge.gap = 1000000 (custom)
2019-09-25 05:50:17,079 [pool-557-thread-1] INFO  server.RaftServerConfigKeys (ConfUtils.java:logGet(43)) - raft.server.log.appender.buffer.byte-limit = 33554432 (custom)
2019-09-25 05:50:17,080 [pool-557-thread-1] INFO  server.RaftServerConfigKeys (ConfUtils.java:logGet(43)) - raft.server.log.segment.size.max = 1048576 (custom)
2019-09-25 05:50:17,080 [pool-557-thread-1] INFO  server.RaftServerConfigKeys (ConfUtils.java:logGet(43)) - raft.server.log.segment.cache.num.max = 2 (custom)
2019-09-25 05:50:17,080 [pool-557-thread-1] INFO  segmented.SegmentedRaftLogWorker (SegmentedRaftLogWorker.java:<init>(172)) - new dcab1bcb-c761-4b10-a04c-d2dcea4fab88@group-6B56182867DA-SegmentedRaftLogWorker for RaftStorage:Storage Directory /workdir/hadoop-ozone/integration-test/target/test-dir/MiniOzoneClusterImpl-2263fc46-0a90-446a-9f91-f67f9935a0e0/datanode-6/data/ratis/c65a9719-7a6b-47b4-9699-6b56182867da
2019-09-25 05:50:17,080 [pool-557-thread-1] INFO  server.RaftServerConfigKeys (ConfUtils.java:logGet(43)) - raft.server.log.queue.byte-limit = 2147483647 (custom)
2019-09-25 05:50:17,080 [pool-557-thread-1] INFO  server.RaftServerConfigKeys (ConfUtils.java:logGet(43)) - raft.server.log.queue.element-limit = 1024 (custom)
2019-09-25 05:50:17,080 [pool-557-thread-1] INFO  server.RaftServerConfigKeys (ConfUtils.java:logGet(43)) - raft.server.log.segment.size.max = 1048576 (custom)
2019-09-25 05:50:17,080 [pool-557-thread-1] INFO  server.RaftServerConfigKeys (ConfUtils.java:logGet(43)) - raft.server.log.preallocated.size = 16384 (custom)
2019-09-25 05:50:17,080 [pool-557-thread-1] INFO  server.RaftServerConfigKeys (ConfUtils.java:logGet(43)) - raft.server.log.write.buffer.size = 33554432 (custom)
2019-09-25 05:50:17,081 [pool-557-thread-1] INFO  server.RaftServerConfigKeys (ConfUtils.java:logGet(43)) - raft.server.log.force.sync.num = 128 (default)
2019-09-25 05:50:17,081 [pool-557-thread-1] INFO  server.RaftServerConfigKeys (ConfUtils.java:logGet(43)) - raft.server.log.statemachine.data.sync = true (default)
2019-09-25 05:50:17,081 [pool-557-thread-1] INFO  server.RaftServerConfigKeys (ConfUtils.java:logGet(43)) - raft.server.log.statemachine.data.sync.timeout = 10s (default)
2019-09-25 05:50:17,081 [pool-557-thread-1] INFO  server.RaftServerConfigKeys (ConfUtils.java:logGet(43)) - raft.server.log.statemachine.data.sync.timeout.retry = -1 (default)
2019-09-25 05:50:17,081 [pool-557-thread-1] INFO  server.RaftServerConfigKeys (ConfUtils.java:logGet(43)) - raft.server.log.statemachine.data.caching.enabled = true (custom)
2019-09-25 05:50:17,081 [pool-557-thread-1] INFO  segmented.SegmentedRaftLogWorker (SegmentedRaftLogWorker.java:lambda$new$0(132)) - dcab1bcb-c761-4b10-a04c-d2dcea4fab88@group-6B56182867DA-SegmentedRaftLogWorker: flushIndex: setUnconditionally 0 -> -1
2019-09-25 05:50:17,082 [pool-557-thread-1] INFO  server.RaftServerConfigKeys (ConfUtils.java:logGet(43)) - raft.server.snapshot.auto.trigger.enabled = true (custom)
2019-09-25 05:50:17,082 [pool-557-thread-1] INFO  server.RaftServerConfigKeys (ConfUtils.java:logGet(43)) - raft.server.snapshot.auto.trigger.threshold = 10000 (custom)
2019-09-25 05:50:17,082 [pool-557-thread-1] INFO  server.RaftServerConfigKeys (ConfUtils.java:logGet(43)) - raft.server.snapshot.retention.num.files = 5 (custom)
2019-09-25 05:50:17,082 [pool-557-thread-1] INFO  server.RaftServerConfigKeys (ConfUtils.java:logGet(43)) - raft.server.retrycache.expirytime = 600000ms (custom)
2019-09-25 05:50:17,083 [pool-557-thread-1] INFO  impl.RaftServerImpl (RaftServerImpl.java:start(185)) - dcab1bcb-c761-4b10-a04c-d2dcea4fab88@group-6B56182867DA: start as a follower, conf=-1: [dcab1bcb-c761-4b10-a04c-d2dcea4fab88:192.168.30.10:44857], old=null
2019-09-25 05:50:17,083 [pool-557-thread-1] INFO  impl.RaftServerImpl (RaftServerImpl.java:setRole(174)) - dcab1bcb-c761-4b10-a04c-d2dcea4fab88@group-6B56182867DA: changes role from      null to FOLLOWER at term 0 for startAsFollower
2019-09-25 05:50:17,083 [pool-557-thread-1] INFO  impl.RoleInfo (RoleInfo.java:updateAndGet(143)) - dcab1bcb-c761-4b10-a04c-d2dcea4fab88: start FollowerState
2019-09-25 05:50:17,084 [pool-557-thread-1] INFO  util.JmxRegister (JmxRegister.java:tryRegister(44)) - Successfully registered JMX Bean with object name Ratis:service=RaftServer,group=group-6B56182867DA,id=dcab1bcb-c761-4b10-a04c-d2dcea4fab88
2019-09-25 05:50:17,085 [RatisPipelineUtilsThread] INFO  pipeline.PipelineStateManager (PipelineStateManager.java:addPipeline(56)) - Created pipeline Pipeline[ Id: c65a9719-7a6b-47b4-9699-6b56182867da, Nodes: dcab1bcb-c761-4b10-a04c-d2dcea4fab88{ip: 192.168.30.10, host: pr-hdds-1569-s62bp-3040748787, networkLocation: /default-rack, certSerialId: null}, Type:RATIS, Factor:ONE, State:OPEN]
2019-09-25 05:50:17,085 [RatisPipelineUtilsThread] INFO  pipeline.PipelinePlacementPolicy (PipelinePlacementPolicy.java:meetCriteria(91)) - Pipeline Placement: Doesn't meet the criteria to be viable node： 11c09e37-7211-4e36-88ba-de9fcd604807 Heaviness: 6 limit: 5
2019-09-25 05:50:17,086 [RatisPipelineUtilsThread] INFO  pipeline.PipelinePlacementPolicy (PipelinePlacementPolicy.java:meetCriteria(91)) - Pipeline Placement: Doesn't meet the criteria to be viable node： 45ca45e9-b5b0-4fbb-a7fd-6b6ab106be2a Heaviness: 6 limit: 5
2019-09-25 05:50:17,086 [RatisPipelineUtilsThread] INFO  pipeline.PipelinePlacementPolicy (PipelinePlacementPolicy.java:meetCriteria(91)) - Pipeline Placement: Doesn't meet the criteria to be viable node： 899bfb76-eea4-4ff6-823c-7995b606cb73 Heaviness: 6 limit: 5
2019-09-25 05:50:17,086 [RatisPipelineUtilsThread] INFO  pipeline.PipelinePlacementPolicy (PipelinePlacementPolicy.java:meetCriteria(91)) - Pipeline Placement: Doesn't meet the criteria to be viable node： 30620aa2-f8b3-4a53-9c80-c9f165f833cf Heaviness: 6 limit: 5
2019-09-25 05:50:17,086 [RatisPipelineUtilsThread] INFO  pipeline.PipelinePlacementPolicy (PipelinePlacementPolicy.java:meetCriteria(91)) - Pipeline Placement: Doesn't meet the criteria to be viable node： dcab1bcb-c761-4b10-a04c-d2dcea4fab88 Heaviness: 6 limit: 5
2019-09-25 05:50:17,086 [RatisPipelineUtilsThread] INFO  pipeline.PipelinePlacementPolicy (PipelinePlacementPolicy.java:meetCriteria(91)) - Pipeline Placement: Doesn't meet the criteria to be viable node： dc430975-089c-40cd-a0f1-208b2374b924 Heaviness: 6 limit: 5
2019-09-25 05:50:17,086 [RatisPipelineUtilsThread] INFO  pipeline.PipelinePlacementPolicy (PipelinePlacementPolicy.java:meetCriteria(91)) - Pipeline Placement: Doesn't meet the criteria to be viable node： 74ee2b94-5a16-4fca-8dd4-c5490dc15294 Heaviness: 6 limit: 5
2019-09-25 05:50:17,087 [RatisPipelineUtilsThread] ERROR pipeline.PipelinePlacementPolicy (PipelinePlacementPolicy.java:filterViableNodes(148)) - Unable to find enough nodes that meet the criteria that cannot engage in more than 5 pipelines. Nodes required: 1 Found: 0, healthy nodes count inNodeManager: 7.
2019-09-25 05:50:17,087 [RatisPipelineUtilsThread] ERROR pipeline.SCMPipelineManager (SCMPipelineManager.java:createPipeline(167)) - Pipeline creation failed due to exception: Unable to find enough nodes that meet the criteria that cannot engage in more than 5 pipelines. Nodes required: 1 Found: 0, healthy nodes count inNodeManager: 7.
2019-09-25 05:50:17,087 [RatisPipelineUtilsThread] INFO  pipeline.PipelinePlacementPolicy (PipelinePlacementPolicy.java:meetCriteria(91)) - Pipeline Placement: Doesn't meet the criteria to be viable node： 11c09e37-7211-4e36-88ba-de9fcd604807 Heaviness: 6 limit: 5
2019-09-25 05:50:17,087 [RatisPipelineUtilsThread] INFO  pipeline.PipelinePlacementPolicy (PipelinePlacementPolicy.java:meetCriteria(91)) - Pipeline Placement: Doesn't meet the criteria to be viable node： 45ca45e9-b5b0-4fbb-a7fd-6b6ab106be2a Heaviness: 6 limit: 5
2019-09-25 05:50:17,087 [RatisPipelineUtilsThread] INFO  pipeline.PipelinePlacementPolicy (PipelinePlacementPolicy.java:meetCriteria(91)) - Pipeline Placement: Doesn't meet the criteria to be viable node： 899bfb76-eea4-4ff6-823c-7995b606cb73 Heaviness: 6 limit: 5
2019-09-25 05:50:17,087 [RatisPipelineUtilsThread] INFO  pipeline.PipelinePlacementPolicy (PipelinePlacementPolicy.java:meetCriteria(91)) - Pipeline Placement: Doesn't meet the criteria to be viable node： 30620aa2-f8b3-4a53-9c80-c9f165f833cf Heaviness: 6 limit: 5
2019-09-25 05:50:17,088 [RatisPipelineUtilsThread] INFO  pipeline.PipelinePlacementPolicy (PipelinePlacementPolicy.java:meetCriteria(91)) - Pipeline Placement: Doesn't meet the criteria to be viable node： dcab1bcb-c761-4b10-a04c-d2dcea4fab88 Heaviness: 6 limit: 5
2019-09-25 05:50:17,088 [RatisPipelineUtilsThread] INFO  pipeline.PipelinePlacementPolicy (PipelinePlacementPolicy.java:meetCriteria(91)) - Pipeline Placement: Doesn't meet the criteria to be viable node： dc430975-089c-40cd-a0f1-208b2374b924 Heaviness: 6 limit: 5
2019-09-25 05:50:17,088 [RatisPipelineUtilsThread] INFO  pipeline.PipelinePlacementPolicy (PipelinePlacementPolicy.java:meetCriteria(91)) - Pipeline Placement: Doesn't meet the criteria to be viable node： 74ee2b94-5a16-4fca-8dd4-c5490dc15294 Heaviness: 6 limit: 5
2019-09-25 05:50:17,088 [RatisPipelineUtilsThread] ERROR pipeline.PipelinePlacementPolicy (PipelinePlacementPolicy.java:filterViableNodes(148)) - Unable to find enough nodes that meet the criteria that cannot engage in more than 5 pipelines. Nodes required: 3 Found: 0, healthy nodes count inNodeManager: 7.
2019-09-25 05:50:17,088 [RatisPipelineUtilsThread] ERROR pipeline.SCMPipelineManager (SCMPipelineManager.java:createPipeline(167)) - Pipeline creation failed due to exception: Unable to find enough nodes that meet the criteria that cannot engage in more than 5 pipelines. Nodes required: 3 Found: 0, healthy nodes count inNodeManager: 7.
2019-09-25 05:50:17,088 [RatisPipelineUtilsThread] INFO  pipeline.PipelinePlacementPolicy (PipelinePlacementPolicy.java:meetCriteria(91)) - Pipeline Placement: Doesn't meet the criteria to be viable node： 11c09e37-7211-4e36-88ba-de9fcd604807 Heaviness: 6 limit: 5
2019-09-25 05:50:17,089 [RatisPipelineUtilsThread] INFO  pipeline.PipelinePlacementPolicy (PipelinePlacementPolicy.java:meetCriteria(91)) - Pipeline Placement: Doesn't meet the criteria to be viable node： 45ca45e9-b5b0-4fbb-a7fd-6b6ab106be2a Heaviness: 6 limit: 5
2019-09-25 05:50:17,089 [RatisPipelineUtilsThread] INFO  pipeline.PipelinePlacementPolicy (PipelinePlacementPolicy.java:meetCriteria(91)) - Pipeline Placement: Doesn't meet the criteria to be viable node： 899bfb76-eea4-4ff6-823c-7995b606cb73 Heaviness: 6 limit: 5
2019-09-25 05:50:17,089 [RatisPipelineUtilsThread] INFO  pipeline.PipelinePlacementPolicy (PipelinePlacementPolicy.java:meetCriteria(91)) - Pipeline Placement: Doesn't meet the criteria to be viable node： 30620aa2-f8b3-4a53-9c80-c9f165f833cf Heaviness: 6 limit: 5
2019-09-25 05:50:17,089 [RatisPipelineUtilsThread] INFO  pipeline.PipelinePlacementPolicy (PipelinePlacementPolicy.java:meetCriteria(91)) - Pipeline Placement: Doesn't meet the criteria to be viable node： dcab1bcb-c761-4b10-a04c-d2dcea4fab88 Heaviness: 6 limit: 5
2019-09-25 05:50:17,089 [RatisPipelineUtilsThread] INFO  pipeline.PipelinePlacementPolicy (PipelinePlacementPolicy.java:meetCriteria(91)) - Pipeline Placement: Doesn't meet the criteria to be viable node： dc430975-089c-40cd-a0f1-208b2374b924 Heaviness: 6 limit: 5
2019-09-25 05:50:17,089 [RatisPipelineUtilsThread] INFO  pipeline.PipelinePlacementPolicy (PipelinePlacementPolicy.java:meetCriteria(91)) - Pipeline Placement: Doesn't meet the criteria to be viable node： 74ee2b94-5a16-4fca-8dd4-c5490dc15294 Heaviness: 6 limit: 5
2019-09-25 05:50:17,089 [RatisPipelineUtilsThread] ERROR pipeline.PipelinePlacementPolicy (PipelinePlacementPolicy.java:filterViableNodes(148)) - Unable to find enough nodes that meet the criteria that cannot engage in more than 5 pipelines. Nodes required: 1 Found: 0, healthy nodes count inNodeManager: 7.
2019-09-25 05:50:17,090 [RatisPipelineUtilsThread] ERROR pipeline.SCMPipelineManager (SCMPipelineManager.java:createPipeline(167)) - Pipeline creation failed due to exception: Unable to find enough nodes that meet the criteria that cannot engage in more than 5 pipelines. Nodes required: 1 Found: 0, healthy nodes count inNodeManager: 7.
2019-09-25 05:50:17,090 [RatisPipelineUtilsThread] INFO  pipeline.PipelinePlacementPolicy (PipelinePlacementPolicy.java:meetCriteria(91)) - Pipeline Placement: Doesn't meet the criteria to be viable node： 11c09e37-7211-4e36-88ba-de9fcd604807 Heaviness: 6 limit: 5
2019-09-25 05:50:17,090 [RatisPipelineUtilsThread] INFO  pipeline.PipelinePlacementPolicy (PipelinePlacementPolicy.java:meetCriteria(91)) - Pipeline Placement: Doesn't meet the criteria to be viable node： 45ca45e9-b5b0-4fbb-a7fd-6b6ab106be2a Heaviness: 6 limit: 5
2019-09-25 05:50:17,090 [RatisPipelineUtilsThread] INFO  pipeline.PipelinePlacementPolicy (PipelinePlacementPolicy.java:meetCriteria(91)) - Pipeline Placement: Doesn't meet the criteria to be viable node： 899bfb76-eea4-4ff6-823c-7995b606cb73 Heaviness: 6 limit: 5
2019-09-25 05:50:17,090 [RatisPipelineUtilsThread] INFO  pipeline.PipelinePlacementPolicy (PipelinePlacementPolicy.java:meetCriteria(91)) - Pipeline Placement: Doesn't meet the criteria to be viable node： 30620aa2-f8b3-4a53-9c80-c9f165f833cf Heaviness: 6 limit: 5
2019-09-25 05:50:17,090 [RatisPipelineUtilsThread] INFO  pipeline.PipelinePlacementPolicy (PipelinePlacementPolicy.java:meetCriteria(91)) - Pipeline Placement: Doesn't meet the criteria to be viable node： dcab1bcb-c761-4b10-a04c-d2dcea4fab88 Heaviness: 6 limit: 5
2019-09-25 05:50:17,090 [RatisPipelineUtilsThread] INFO  pipeline.PipelinePlacementPolicy (PipelinePlacementPolicy.java:meetCriteria(91)) - Pipeline Placement: Doesn't meet the criteria to be viable node： dc430975-089c-40cd-a0f1-208b2374b924 Heaviness: 6 limit: 5
2019-09-25 05:50:17,091 [RatisPipelineUtilsThread] INFO  pipeline.PipelinePlacementPolicy (PipelinePlacementPolicy.java:meetCriteria(91)) - Pipeline Placement: Doesn't meet the criteria to be viable node： 74ee2b94-5a16-4fca-8dd4-c5490dc15294 Heaviness: 6 limit: 5
2019-09-25 05:50:17,091 [RatisPipelineUtilsThread] ERROR pipeline.PipelinePlacementPolicy (PipelinePlacementPolicy.java:filterViableNodes(148)) - Unable to find enough nodes that meet the criteria that cannot engage in more than 5 pipelines. Nodes required: 3 Found: 0, healthy nodes count inNodeManager: 7.
2019-09-25 05:50:17,091 [RatisPipelineUtilsThread] ERROR pipeline.SCMPipelineManager (SCMPipelineManager.java:createPipeline(167)) - Pipeline creation failed due to exception: Unable to find enough nodes that meet the criteria that cannot engage in more than 5 pipelines. Nodes required: 3 Found: 0, healthy nodes count inNodeManager: 7.
2019-09-25 05:50:17,095 [main] INFO  ozone.MiniOzoneClusterImpl (MiniOzoneClusterImpl.java:lambda$waitForClusterToBeReady$0(147)) - Cluster is ready. Got 7 of 7 DN Heartbeats.
2019-09-25 05:50:17,138 [main] INFO  rpc.RpcClient (RpcClient.java:createVolume(276)) - Creating Volume: testblockoutputstream, with jenkins1000 as owner.
2019-09-25 05:50:17,142 [IPC Server handler 2 on 45220] INFO  volume.OMVolumeCreateRequest (OMVolumeCreateRequest.java:validateAndUpdateCache(189)) - created volume:testblockoutputstream for user:jenkins1000
2019-09-25 05:50:17,161 [main] INFO  rpc.RpcClient (RpcClient.java:createBucket(415)) - Creating Bucket: testblockoutputstream/testblockoutputstream, with Versioning false and Storage Type set to DISK and Encryption set to false 
2019-09-25 05:50:17,172 [IPC Server handler 1 on 44037] INFO  pipeline.PipelinePlacementPolicy (PipelinePlacementPolicy.java:meetCriteria(91)) - Pipeline Placement: Doesn't meet the criteria to be viable node： 11c09e37-7211-4e36-88ba-de9fcd604807 Heaviness: 6 limit: 5
2019-09-25 05:50:17,173 [IPC Server handler 1 on 44037] INFO  pipeline.PipelinePlacementPolicy (PipelinePlacementPolicy.java:meetCriteria(91)) - Pipeline Placement: Doesn't meet the criteria to be viable node： 45ca45e9-b5b0-4fbb-a7fd-6b6ab106be2a Heaviness: 6 limit: 5
2019-09-25 05:50:17,173 [IPC Server handler 1 on 44037] INFO  pipeline.PipelinePlacementPolicy (PipelinePlacementPolicy.java:meetCriteria(91)) - Pipeline Placement: Doesn't meet the criteria to be viable node： 899bfb76-eea4-4ff6-823c-7995b606cb73 Heaviness: 6 limit: 5
2019-09-25 05:50:17,173 [IPC Server handler 1 on 44037] INFO  pipeline.PipelinePlacementPolicy (PipelinePlacementPolicy.java:meetCriteria(91)) - Pipeline Placement: Doesn't meet the criteria to be viable node： 30620aa2-f8b3-4a53-9c80-c9f165f833cf Heaviness: 6 limit: 5
2019-09-25 05:50:17,173 [IPC Server handler 1 on 44037] INFO  pipeline.PipelinePlacementPolicy (PipelinePlacementPolicy.java:meetCriteria(91)) - Pipeline Placement: Doesn't meet the criteria to be viable node： dcab1bcb-c761-4b10-a04c-d2dcea4fab88 Heaviness: 6 limit: 5
2019-09-25 05:50:17,173 [IPC Server handler 1 on 44037] INFO  pipeline.PipelinePlacementPolicy (PipelinePlacementPolicy.java:meetCriteria(91)) - Pipeline Placement: Doesn't meet the criteria to be viable node： dc430975-089c-40cd-a0f1-208b2374b924 Heaviness: 6 limit: 5
2019-09-25 05:50:17,173 [IPC Server handler 1 on 44037] INFO  pipeline.PipelinePlacementPolicy (PipelinePlacementPolicy.java:meetCriteria(91)) - Pipeline Placement: Doesn't meet the criteria to be viable node： 74ee2b94-5a16-4fca-8dd4-c5490dc15294 Heaviness: 6 limit: 5
2019-09-25 05:50:17,174 [IPC Server handler 1 on 44037] ERROR pipeline.PipelinePlacementPolicy (PipelinePlacementPolicy.java:filterViableNodes(148)) - Unable to find enough nodes that meet the criteria that cannot engage in more than 5 pipelines. Nodes required: 3 Found: 0, healthy nodes count inNodeManager: 7.
2019-09-25 05:50:17,174 [IPC Server handler 1 on 44037] ERROR pipeline.SCMPipelineManager (SCMPipelineManager.java:createPipeline(167)) - Pipeline creation failed due to exception: Unable to find enough nodes that meet the criteria that cannot engage in more than 5 pipelines. Nodes required: 3 Found: 0, healthy nodes count inNodeManager: 7.
2019-09-25 05:50:17,174 [IPC Server handler 1 on 44037] WARN  block.BlockManagerImpl (BlockManagerImpl.java:allocateBlock(192)) - Pipeline creation failed for type:RATIS factor:THREE. Retrying get pipelines call once.
org.apache.hadoop.hdds.scm.exceptions.SCMException: Unable to find enough nodes that meet the criteria that cannot engage in more than 5 pipelines. Nodes required: 3 Found: 0, healthy nodes count inNodeManager: 7.
	at org.apache.hadoop.hdds.scm.pipeline.PipelinePlacementPolicy.filterViableNodes(PipelinePlacementPolicy.java:149)
	at org.apache.hadoop.hdds.scm.pipeline.PipelinePlacementPolicy.chooseDatanodes(PipelinePlacementPolicy.java:172)
	at org.apache.hadoop.hdds.scm.pipeline.RatisPipelineProvider.create(RatisPipelineProvider.java:93)
	at org.apache.hadoop.hdds.scm.pipeline.PipelineFactory.create(PipelineFactory.java:58)
	at org.apache.hadoop.hdds.scm.pipeline.SCMPipelineManager.createPipeline(SCMPipelineManager.java:155)
	at org.apache.hadoop.hdds.scm.block.BlockManagerImpl.allocateBlock(BlockManagerImpl.java:190)
	at org.apache.hadoop.hdds.scm.server.SCMBlockProtocolServer.allocateBlock(SCMBlockProtocolServer.java:182)
	at org.apache.hadoop.ozone.protocolPB.ScmBlockLocationProtocolServerSideTranslatorPB.allocateScmBlock(ScmBlockLocationProtocolServerSideTranslatorPB.java:183)
	at org.apache.hadoop.ozone.protocolPB.ScmBlockLocationProtocolServerSideTranslatorPB.processMessage(ScmBlockLocationProtocolServerSideTranslatorPB.java:141)
	at org.apache.hadoop.ozone.protocolPB.ScmBlockLocationProtocolServerSideTranslatorPB.send(ScmBlockLocationProtocolServerSideTranslatorPB.java:116)
	at org.apache.hadoop.hdds.protocol.proto.ScmBlockLocationProtocolProtos$ScmBlockLocationProtocolService$2.callBlockingMethod(ScmBlockLocationProtocolProtos.java:13157)
	at org.apache.hadoop.ipc.ProtobufRpcEngine$Server$ProtoBufRpcInvoker.call(ProtobufRpcEngine.java:524)
	at org.apache.hadoop.ipc.RPC$Server.call(RPC.java:1025)
	at org.apache.hadoop.ipc.Server$RpcCall.run(Server.java:876)
	at org.apache.hadoop.ipc.Server$RpcCall.run(Server.java:822)
	at java.security.AccessController.doPrivileged(Native Method)
	at javax.security.auth.Subject.doAs(Subject.java:422)
	at org.apache.hadoop.security.UserGroupInformation.doAs(UserGroupInformation.java:1730)
	at org.apache.hadoop.ipc.Server$Handler.run(Server.java:2682)
2019-09-25 05:50:17,174 [IPC Server handler 1 on 44037] INFO  block.BlockManagerImpl (BlockManagerImpl.java:allocateBlock(198)) - Could not find available pipeline of type:RATIS and factor:THREE even after retrying
2019-09-25 05:50:17,175 [IPC Server handler 1 on 44037] ERROR block.BlockManagerImpl (BlockManagerImpl.java:allocateBlock(222)) - Unable to allocate a block for the size: 800, type: RATIS, factor: THREE
2019-09-25 05:50:17,176 [main] INFO  ozone.MiniOzoneClusterImpl (MiniOzoneClusterImpl.java:shutdown(314)) - Shutting down the Mini Ozone Cluster
2019-09-25 05:50:17,176 [main] INFO  ozone.MiniOzoneClusterImpl (MiniOzoneClusterImpl.java:stop(330)) - Stopping the Mini Ozone Cluster
2019-09-25 05:50:17,176 [main] INFO  ozone.MiniOzoneClusterImpl (MiniOzoneClusterImpl.java:stopOM(400)) - Stopping the OzoneManager
2019-09-25 05:50:17,176 [main] INFO  ipc.Server (Server.java:stop(3082)) - Stopping server on 45220
2019-09-25 05:50:17,189 [IPC Server listener on 45220] INFO  ipc.Server (Server.java:run(1185)) - Stopping IPC Server listener on 45220
2019-09-25 05:50:17,217 [main] INFO  ratis.OzoneManagerDoubleBuffer (OzoneManagerDoubleBuffer.java:stop(248)) - Stopping OMDoubleBuffer flush thread
2019-09-25 05:50:17,217 [IPC Server Responder] INFO  ipc.Server (Server.java:run(1319)) - Stopping IPC Server Responder
2019-09-25 05:50:17,243 [OMDoubleBufferFlushThread] INFO  ratis.OzoneManagerDoubleBuffer (OzoneManagerDoubleBuffer.java:flushTransactions(191)) - OMDoubleBuffer flush thread OMDoubleBufferFlushThread is interrupted and will exit. OMDoubleBufferFlushThread
2019-09-25 05:50:17,255 [main] INFO  utils.BackgroundService (BackgroundService.java:shutdown(148)) - Shutting down service KeyDeletingService
2019-09-25 05:50:17,278 [main] INFO  handler.ContextHandler (ContextHandler.java:doStop(910)) - Stopped o.e.j.w.WebAppContext@41a16eb3{/,null,UNAVAILABLE}{/ozoneManager}
2019-09-25 05:50:17,278 [main] INFO  server.AbstractConnector (AbstractConnector.java:doStop(318)) - Stopped ServerConnector@677cb96e{HTTP/1.1,[http/1.1]}{0.0.0.0:0}
2019-09-25 05:50:17,279 [main] INFO  handler.ContextHandler (ContextHandler.java:doStop(910)) - Stopped o.e.j.s.ServletContextHandler@1ccc1026{/static,file:///workdir/hadoop-ozone/integration-test/target/test-classes/webapps/static,UNAVAILABLE}
2019-09-25 05:50:17,279 [main] INFO  handler.ContextHandler (ContextHandler.java:doStop(910)) - Stopped o.e.j.s.ServletContextHandler@53cddaf8{/logs,file:///workdir/hadoop-ozone/integration-test/target/log,UNAVAILABLE}
2019-09-25 05:50:17,281 [main] INFO  ozone.MiniOzoneClusterImpl (MiniOzoneClusterImpl.java:stopDatanodes(377)) - Stopping the HddsDatanodes
2019-09-25 05:50:17,709 [Datanode State Machine Thread - 0] INFO  statemachine.DatanodeStateMachine (DatanodeStateMachine.java:lambda$startDaemon$0(350)) - Ozone container server started.
2019-09-25 05:50:17,954 [Datanode State Machine Thread - 0] INFO  statemachine.DatanodeStateMachine (DatanodeStateMachine.java:lambda$startDaemon$0(350)) - Ozone container server started.
2019-09-25 05:50:18,657 [Thread-3091] INFO  container.ReplicationManager (ReplicationManager.java:start(163)) - Starting Replication Monitor Thread.
2019-09-25 05:50:18,663 [ReplicationMonitor] INFO  container.ReplicationManager (ReplicationManager.java:run(226)) - Replication Monitor Thread took 0 milliseconds for processing 0 containers.
2019-09-25 05:50:20,718 [EventQueue-StaleNodeForStaleNodeHandler] INFO  node.StaleNodeHandler (StaleNodeHandler.java:onMessage(58)) - Datanode 899bfb76-eea4-4ff6-823c-7995b606cb73{ip: 192.168.30.10, host: pr-hdds-1569-s62bp-3040748787, networkLocation: /default-rack, certSerialId: null} moved to stale state. Finalizing its pipelines [PipelineID=fda12076-183f-4b8c-9200-c3f531fd4549, PipelineID=76e3d52c-d477-4da2-ab37-72cc30f29fd5, PipelineID=49eaa0e8-bbf9-4c19-9e7d-8e707e947e9c, PipelineID=80a5fa95-7801-4f80-a1d7-ae24c26f5b85, PipelineID=490c52a8-e655-4186-a7b4-0ac985b28a72, PipelineID=9b977954-749f-4a05-9f1d-637e481dfcf9]
2019-09-25 05:50:20,718 [EventQueue-StaleNodeForStaleNodeHandler] INFO  pipeline.SCMPipelineManager (SCMPipelineManager.java:finalizeAndDestroyPipeline(317)) - destroying pipeline:Pipeline[ Id: fda12076-183f-4b8c-9200-c3f531fd4549, Nodes: 899bfb76-eea4-4ff6-823c-7995b606cb73{ip: 192.168.30.10, host: pr-hdds-1569-s62bp-3040748787, networkLocation: /default-rack, certSerialId: null}, Type:RATIS, Factor:ONE, State:OPEN]
2019-09-25 05:50:20,719 [EventQueue-StaleNodeForStaleNodeHandler] INFO  pipeline.PipelineStateManager (PipelineStateManager.java:finalizePipeline(123)) - Pipeline Pipeline[ Id: fda12076-183f-4b8c-9200-c3f531fd4549, Nodes: 899bfb76-eea4-4ff6-823c-7995b606cb73{ip: 192.168.30.10, host: pr-hdds-1569-s62bp-3040748787, networkLocation: /default-rack, certSerialId: null}, Type:RATIS, Factor:ONE, State:CLOSED] moved to CLOSED state
2019-09-25 05:50:20,719 [EventQueue-StaleNodeForStaleNodeHandler] INFO  pipeline.SCMPipelineManager (SCMPipelineManager.java:finalizeAndDestroyPipeline(317)) - destroying pipeline:Pipeline[ Id: 76e3d52c-d477-4da2-ab37-72cc30f29fd5, Nodes: 899bfb76-eea4-4ff6-823c-7995b606cb73{ip: 192.168.30.10, host: pr-hdds-1569-s62bp-3040748787, networkLocation: /default-rack, certSerialId: null}, Type:RATIS, Factor:ONE, State:OPEN]
2019-09-25 05:50:20,719 [EventQueue-StaleNodeForStaleNodeHandler] INFO  pipeline.PipelineStateManager (PipelineStateManager.java:finalizePipeline(123)) - Pipeline Pipeline[ Id: 76e3d52c-d477-4da2-ab37-72cc30f29fd5, Nodes: 899bfb76-eea4-4ff6-823c-7995b606cb73{ip: 192.168.30.10, host: pr-hdds-1569-s62bp-3040748787, networkLocation: /default-rack, certSerialId: null}, Type:RATIS, Factor:ONE, State:CLOSED] moved to CLOSED state
2019-09-25 05:50:20,719 [EventQueue-StaleNodeForStaleNodeHandler] INFO  pipeline.SCMPipelineManager (SCMPipelineManager.java:finalizeAndDestroyPipeline(317)) - destroying pipeline:Pipeline[ Id: 49eaa0e8-bbf9-4c19-9e7d-8e707e947e9c, Nodes: 899bfb76-eea4-4ff6-823c-7995b606cb73{ip: 192.168.30.10, host: pr-hdds-1569-s62bp-3040748787, networkLocation: /default-rack, certSerialId: null}, Type:RATIS, Factor:ONE, State:OPEN]
2019-09-25 05:50:20,719 [EventQueue-StaleNodeForStaleNodeHandler] INFO  pipeline.PipelineStateManager (PipelineStateManager.java:finalizePipeline(123)) - Pipeline Pipeline[ Id: 49eaa0e8-bbf9-4c19-9e7d-8e707e947e9c, Nodes: 899bfb76-eea4-4ff6-823c-7995b606cb73{ip: 192.168.30.10, host: pr-hdds-1569-s62bp-3040748787, networkLocation: /default-rack, certSerialId: null}, Type:RATIS, Factor:ONE, State:CLOSED] moved to CLOSED state
2019-09-25 05:50:20,719 [EventQueue-StaleNodeForStaleNodeHandler] INFO  pipeline.SCMPipelineManager (SCMPipelineManager.java:finalizeAndDestroyPipeline(317)) - destroying pipeline:Pipeline[ Id: 80a5fa95-7801-4f80-a1d7-ae24c26f5b85, Nodes: 899bfb76-eea4-4ff6-823c-7995b606cb73{ip: 192.168.30.10, host: pr-hdds-1569-s62bp-3040748787, networkLocation: /default-rack, certSerialId: null}, Type:RATIS, Factor:ONE, State:OPEN]
2019-09-25 05:50:20,719 [EventQueue-StaleNodeForStaleNodeHandler] INFO  pipeline.PipelineStateManager (PipelineStateManager.java:finalizePipeline(123)) - Pipeline Pipeline[ Id: 80a5fa95-7801-4f80-a1d7-ae24c26f5b85, Nodes: 899bfb76-eea4-4ff6-823c-7995b606cb73{ip: 192.168.30.10, host: pr-hdds-1569-s62bp-3040748787, networkLocation: /default-rack, certSerialId: null}, Type:RATIS, Factor:ONE, State:CLOSED] moved to CLOSED state
2019-09-25 05:50:20,719 [EventQueue-StaleNodeForStaleNodeHandler] INFO  pipeline.SCMPipelineManager (SCMPipelineManager.java:finalizeAndDestroyPipeline(317)) - destroying pipeline:Pipeline[ Id: 490c52a8-e655-4186-a7b4-0ac985b28a72, Nodes: 899bfb76-eea4-4ff6-823c-7995b606cb73{ip: 192.168.30.10, host: pr-hdds-1569-s62bp-3040748787, networkLocation: /default-rack, certSerialId: null}, Type:RATIS, Factor:ONE, State:OPEN]
2019-09-25 05:50:20,720 [EventQueue-StaleNodeForStaleNodeHandler] INFO  pipeline.PipelineStateManager (PipelineStateManager.java:finalizePipeline(123)) - Pipeline Pipeline[ Id: 490c52a8-e655-4186-a7b4-0ac985b28a72, Nodes: 899bfb76-eea4-4ff6-823c-7995b606cb73{ip: 192.168.30.10, host: pr-hdds-1569-s62bp-3040748787, networkLocation: /default-rack, certSerialId: null}, Type:RATIS, Factor:ONE, State:CLOSED] moved to CLOSED state
2019-09-25 05:50:20,720 [EventQueue-StaleNodeForStaleNodeHandler] INFO  pipeline.SCMPipelineManager (SCMPipelineManager.java:finalizeAndDestroyPipeline(317)) - destroying pipeline:Pipeline[ Id: 9b977954-749f-4a05-9f1d-637e481dfcf9, Nodes: 899bfb76-eea4-4ff6-823c-7995b606cb73{ip: 192.168.30.10, host: pr-hdds-1569-s62bp-3040748787, networkLocation: /default-rack, certSerialId: null}, Type:RATIS, Factor:ONE, State:OPEN]
2019-09-25 05:50:20,720 [EventQueue-StaleNodeForStaleNodeHandler] INFO  pipeline.PipelineStateManager (PipelineStateManager.java:finalizePipeline(123)) - Pipeline Pipeline[ Id: 9b977954-749f-4a05-9f1d-637e481dfcf9, Nodes: 899bfb76-eea4-4ff6-823c-7995b606cb73{ip: 192.168.30.10, host: pr-hdds-1569-s62bp-3040748787, networkLocation: /default-rack, certSerialId: null}, Type:RATIS, Factor:ONE, State:CLOSED] moved to CLOSED state
2019-09-25 05:50:20,883 [Thread-3093] INFO  impl.FollowerState (FollowerState.java:run(106)) - 45ca45e9-b5b0-4fbb-a7fd-6b6ab106be2a:group-EDE035F07AA5 changes to CANDIDATE, lastRpcTime:5161, electionTimeout:5161ms
2019-09-25 05:50:20,887 [Thread-3093] INFO  impl.RoleInfo (RoleInfo.java:shutdownFollowerState(121)) - 45ca45e9-b5b0-4fbb-a7fd-6b6ab106be2a: shutdown FollowerState
2019-09-25 05:50:20,887 [Thread-3093] INFO  impl.RaftServerImpl (RaftServerImpl.java:setRole(174)) - 45ca45e9-b5b0-4fbb-a7fd-6b6ab106be2a@group-EDE035F07AA5: changes role from  FOLLOWER to CANDIDATE at term 0 for changeToCandidate
2019-09-25 05:50:20,888 [Thread-3093] INFO  impl.RoleInfo (RoleInfo.java:updateAndGet(143)) - 45ca45e9-b5b0-4fbb-a7fd-6b6ab106be2a: start LeaderElection
2019-09-25 05:50:20,893 [Thread-3102] INFO  impl.FollowerState (FollowerState.java:run(106)) - 899bfb76-eea4-4ff6-823c-7995b606cb73:group-AE24C26F5B85 changes to CANDIDATE, lastRpcTime:5056, electionTimeout:5056ms
2019-09-25 05:50:20,893 [Thread-3102] INFO  impl.RoleInfo (RoleInfo.java:shutdownFollowerState(121)) - 899bfb76-eea4-4ff6-823c-7995b606cb73: shutdown FollowerState
2019-09-25 05:50:20,893 [Thread-3102] INFO  impl.RaftServerImpl (RaftServerImpl.java:setRole(174)) - 899bfb76-eea4-4ff6-823c-7995b606cb73@group-AE24C26F5B85: changes role from  FOLLOWER to CANDIDATE at term 0 for changeToCandidate
2019-09-25 05:50:20,893 [Thread-3102] INFO  impl.RoleInfo (RoleInfo.java:updateAndGet(143)) - 899bfb76-eea4-4ff6-823c-7995b606cb73: start LeaderElection
2019-09-25 05:50:20,896 [Thread-3108] INFO  impl.FollowerState (FollowerState.java:run(106)) - 45ca45e9-b5b0-4fbb-a7fd-6b6ab106be2a:group-840BBCD9EFB6 changes to CANDIDATE, lastRpcTime:5011, electionTimeout:5010ms
2019-09-25 05:50:20,896 [Thread-3108] INFO  impl.RoleInfo (RoleInfo.java:shutdownFollowerState(121)) - 45ca45e9-b5b0-4fbb-a7fd-6b6ab106be2a: shutdown FollowerState
2019-09-25 05:50:20,896 [Thread-3108] INFO  impl.RaftServerImpl (RaftServerImpl.java:setRole(174)) - 45ca45e9-b5b0-4fbb-a7fd-6b6ab106be2a@group-840BBCD9EFB6: changes role from  FOLLOWER to CANDIDATE at term 0 for changeToCandidate
2019-09-25 05:50:20,896 [Thread-3108] INFO  impl.RoleInfo (RoleInfo.java:updateAndGet(143)) - 45ca45e9-b5b0-4fbb-a7fd-6b6ab106be2a: start LeaderElection
2019-09-25 05:50:20,899 [Thread-3096] INFO  impl.FollowerState (FollowerState.java:run(106)) - 45ca45e9-b5b0-4fbb-a7fd-6b6ab106be2a:group-9EC905692F59 changes to CANDIDATE, lastRpcTime:5139, electionTimeout:5138ms
2019-09-25 05:50:20,899 [Thread-3096] INFO  impl.RoleInfo (RoleInfo.java:shutdownFollowerState(121)) - 45ca45e9-b5b0-4fbb-a7fd-6b6ab106be2a: shutdown FollowerState
2019-09-25 05:50:20,899 [Thread-3096] INFO  impl.RaftServerImpl (RaftServerImpl.java:setRole(174)) - 45ca45e9-b5b0-4fbb-a7fd-6b6ab106be2a@group-9EC905692F59: changes role from  FOLLOWER to CANDIDATE at term 0 for changeToCandidate
2019-09-25 05:50:20,899 [Thread-3096] INFO  impl.RoleInfo (RoleInfo.java:updateAndGet(143)) - 45ca45e9-b5b0-4fbb-a7fd-6b6ab106be2a: start LeaderElection
2019-09-25 05:50:20,904 [45ca45e9-b5b0-4fbb-a7fd-6b6ab106be2a@group-EDE035F07AA5:LeaderElection220] INFO  impl.LeaderElection (LeaderElection.java:askForVotes(182)) - 45ca45e9-b5b0-4fbb-a7fd-6b6ab106be2a@group-EDE035F07AA5:LeaderElection220: begin an election at term 1 for -1: [45ca45e9-b5b0-4fbb-a7fd-6b6ab106be2a:192.168.30.10:45824], old=null
2019-09-25 05:50:20,905 [45ca45e9-b5b0-4fbb-a7fd-6b6ab106be2a@group-840BBCD9EFB6:LeaderElection222] INFO  impl.LeaderElection (LeaderElection.java:askForVotes(182)) - 45ca45e9-b5b0-4fbb-a7fd-6b6ab106be2a@group-840BBCD9EFB6:LeaderElection222: begin an election at term 1 for -1: [45ca45e9-b5b0-4fbb-a7fd-6b6ab106be2a:192.168.30.10:45824], old=null
2019-09-25 05:50:20,905 [45ca45e9-b5b0-4fbb-a7fd-6b6ab106be2a@group-EDE035F07AA5:LeaderElection220] INFO  impl.RoleInfo (RoleInfo.java:shutdownLeaderElection(134)) - 45ca45e9-b5b0-4fbb-a7fd-6b6ab106be2a: shutdown LeaderElection
2019-09-25 05:50:20,905 [899bfb76-eea4-4ff6-823c-7995b606cb73@group-AE24C26F5B85:LeaderElection221] INFO  impl.LeaderElection (LeaderElection.java:askForVotes(182)) - 899bfb76-eea4-4ff6-823c-7995b606cb73@group-AE24C26F5B85:LeaderElection221: begin an election at term 1 for -1: [899bfb76-eea4-4ff6-823c-7995b606cb73:192.168.30.10:35182], old=null
2019-09-25 05:50:20,905 [45ca45e9-b5b0-4fbb-a7fd-6b6ab106be2a@group-EDE035F07AA5:LeaderElection220] INFO  impl.RaftServerImpl (RaftServerImpl.java:setRole(174)) - 45ca45e9-b5b0-4fbb-a7fd-6b6ab106be2a@group-EDE035F07AA5: changes role from CANDIDATE to LEADER at term 1 for changeToLeader
2019-09-25 05:50:20,905 [45ca45e9-b5b0-4fbb-a7fd-6b6ab106be2a@group-EDE035F07AA5:LeaderElection220] INFO  impl.RaftServerImpl (ServerState.java:setLeader(253)) - 45ca45e9-b5b0-4fbb-a7fd-6b6ab106be2a@group-EDE035F07AA5: change Leader from null to 45ca45e9-b5b0-4fbb-a7fd-6b6ab106be2a at term 1 for becomeLeader, leader elected after 5192ms
2019-09-25 05:50:20,905 [45ca45e9-b5b0-4fbb-a7fd-6b6ab106be2a@group-840BBCD9EFB6:LeaderElection222] INFO  impl.RoleInfo (RoleInfo.java:shutdownLeaderElection(134)) - 45ca45e9-b5b0-4fbb-a7fd-6b6ab106be2a: shutdown LeaderElection
2019-09-25 05:50:20,905 [45ca45e9-b5b0-4fbb-a7fd-6b6ab106be2a@group-EDE035F07AA5:LeaderElection220] INFO  server.RaftServerConfigKeys (ConfUtils.java:logGet(43)) - raft.server.staging.catchup.gap = 1000 (default)
2019-09-25 05:50:20,905 [899bfb76-eea4-4ff6-823c-7995b606cb73@group-AE24C26F5B85:LeaderElection221] INFO  impl.RoleInfo (RoleInfo.java:shutdownLeaderElection(134)) - 899bfb76-eea4-4ff6-823c-7995b606cb73: shutdown LeaderElection
2019-09-25 05:50:20,905 [45ca45e9-b5b0-4fbb-a7fd-6b6ab106be2a@group-EDE035F07AA5:LeaderElection220] INFO  server.RaftServerConfigKeys (ConfUtils.java:logGet(43)) - raft.server.rpc.sleep.time = 25ms (default)
2019-09-25 05:50:20,905 [45ca45e9-b5b0-4fbb-a7fd-6b6ab106be2a@group-9EC905692F59:LeaderElection223] INFO  impl.LeaderElection (LeaderElection.java:askForVotes(182)) - 45ca45e9-b5b0-4fbb-a7fd-6b6ab106be2a@group-9EC905692F59:LeaderElection223: begin an election at term 1 for -1: [45ca45e9-b5b0-4fbb-a7fd-6b6ab106be2a:192.168.30.10:45824], old=null
2019-09-25 05:50:20,905 [45ca45e9-b5b0-4fbb-a7fd-6b6ab106be2a@group-840BBCD9EFB6:LeaderElection222] INFO  impl.RaftServerImpl (RaftServerImpl.java:setRole(174)) - 45ca45e9-b5b0-4fbb-a7fd-6b6ab106be2a@group-840BBCD9EFB6: changes role from CANDIDATE to LEADER at term 1 for changeToLeader
2019-09-25 05:50:20,906 [45ca45e9-b5b0-4fbb-a7fd-6b6ab106be2a@group-9EC905692F59:LeaderElection223] INFO  impl.RoleInfo (RoleInfo.java:shutdownLeaderElection(134)) - 45ca45e9-b5b0-4fbb-a7fd-6b6ab106be2a: shutdown LeaderElection
2019-09-25 05:50:20,905 [45ca45e9-b5b0-4fbb-a7fd-6b6ab106be2a@group-EDE035F07AA5:LeaderElection220] INFO  server.RaftServerConfigKeys (ConfUtils.java:logGet(43)) - raft.server.write.element-limit = 4096 (default)
2019-09-25 05:50:20,905 [899bfb76-eea4-4ff6-823c-7995b606cb73@group-AE24C26F5B85:LeaderElection221] INFO  impl.RaftServerImpl (RaftServerImpl.java:setRole(174)) - 899bfb76-eea4-4ff6-823c-7995b606cb73@group-AE24C26F5B85: changes role from CANDIDATE to LEADER at term 1 for changeToLeader
2019-09-25 05:50:20,906 [45ca45e9-b5b0-4fbb-a7fd-6b6ab106be2a@group-EDE035F07AA5:LeaderElection220] INFO  server.RaftServerConfigKeys (ConfUtils.java:logGet(43)) - raft.server.watch.timeout = 10s (default)
2019-09-25 05:50:20,906 [45ca45e9-b5b0-4fbb-a7fd-6b6ab106be2a@group-9EC905692F59:LeaderElection223] INFO  impl.RaftServerImpl (RaftServerImpl.java:setRole(174)) - 45ca45e9-b5b0-4fbb-a7fd-6b6ab106be2a@group-9EC905692F59: changes role from CANDIDATE to LEADER at term 1 for changeToLeader
2019-09-25 05:50:20,906 [45ca45e9-b5b0-4fbb-a7fd-6b6ab106be2a@group-840BBCD9EFB6:LeaderElection222] INFO  impl.RaftServerImpl (ServerState.java:setLeader(253)) - 45ca45e9-b5b0-4fbb-a7fd-6b6ab106be2a@group-840BBCD9EFB6: change Leader from null to 45ca45e9-b5b0-4fbb-a7fd-6b6ab106be2a at term 1 for becomeLeader, leader elected after 5024ms
2019-09-25 05:50:20,906 [45ca45e9-b5b0-4fbb-a7fd-6b6ab106be2a@group-9EC905692F59:LeaderElection223] INFO  impl.RaftServerImpl (ServerState.java:setLeader(253)) - 45ca45e9-b5b0-4fbb-a7fd-6b6ab106be2a@group-9EC905692F59: change Leader from null to 45ca45e9-b5b0-4fbb-a7fd-6b6ab106be2a at term 1 for becomeLeader, leader elected after 5150ms
2019-09-25 05:50:20,906 [45ca45e9-b5b0-4fbb-a7fd-6b6ab106be2a@group-EDE035F07AA5:LeaderElection220] INFO  server.RaftServerConfigKeys (ConfUtils.java:logGet(43)) - raft.server.watch.timeout.denomination = 1s (default)
2019-09-25 05:50:20,906 [899bfb76-eea4-4ff6-823c-7995b606cb73@group-AE24C26F5B85:LeaderElection221] INFO  impl.RaftServerImpl (ServerState.java:setLeader(253)) - 899bfb76-eea4-4ff6-823c-7995b606cb73@group-AE24C26F5B85: change Leader from null to 899bfb76-eea4-4ff6-823c-7995b606cb73 at term 1 for becomeLeader, leader elected after 5072ms
2019-09-25 05:50:20,906 [45ca45e9-b5b0-4fbb-a7fd-6b6ab106be2a@group-EDE035F07AA5:LeaderElection220] INFO  server.RaftServerConfigKeys (ConfUtils.java:logGet(43)) - raft.server.watch.element-limit = 65536 (default)
2019-09-25 05:50:20,906 [45ca45e9-b5b0-4fbb-a7fd-6b6ab106be2a@group-9EC905692F59:LeaderElection223] INFO  server.RaftServerConfigKeys (ConfUtils.java:logGet(43)) - raft.server.staging.catchup.gap = 1000 (default)
2019-09-25 05:50:20,906 [45ca45e9-b5b0-4fbb-a7fd-6b6ab106be2a@group-840BBCD9EFB6:LeaderElection222] INFO  server.RaftServerConfigKeys (ConfUtils.java:logGet(43)) - raft.server.staging.catchup.gap = 1000 (default)
2019-09-25 05:50:20,906 [45ca45e9-b5b0-4fbb-a7fd-6b6ab106be2a@group-840BBCD9EFB6:LeaderElection222] INFO  server.RaftServerConfigKeys (ConfUtils.java:logGet(43)) - raft.server.rpc.sleep.time = 25ms (default)
2019-09-25 05:50:20,906 [45ca45e9-b5b0-4fbb-a7fd-6b6ab106be2a@group-9EC905692F59:LeaderElection223] INFO  server.RaftServerConfigKeys (ConfUtils.java:logGet(43)) - raft.server.rpc.sleep.time = 25ms (default)
2019-09-25 05:50:20,906 [899bfb76-eea4-4ff6-823c-7995b606cb73@group-AE24C26F5B85:LeaderElection221] INFO  server.RaftServerConfigKeys (ConfUtils.java:logGet(43)) - raft.server.staging.catchup.gap = 1000 (default)
2019-09-25 05:50:20,907 [45ca45e9-b5b0-4fbb-a7fd-6b6ab106be2a@group-840BBCD9EFB6:LeaderElection222] INFO  server.RaftServerConfigKeys (ConfUtils.java:logGet(43)) - raft.server.write.element-limit = 4096 (default)
2019-09-25 05:50:20,907 [45ca45e9-b5b0-4fbb-a7fd-6b6ab106be2a@group-9EC905692F59:LeaderElection223] INFO  server.RaftServerConfigKeys (ConfUtils.java:logGet(43)) - raft.server.write.element-limit = 4096 (default)
2019-09-25 05:50:20,907 [899bfb76-eea4-4ff6-823c-7995b606cb73@group-AE24C26F5B85:LeaderElection221] INFO  server.RaftServerConfigKeys (ConfUtils.java:logGet(43)) - raft.server.rpc.sleep.time = 25ms (default)
2019-09-25 05:50:20,907 [45ca45e9-b5b0-4fbb-a7fd-6b6ab106be2a@group-9EC905692F59:LeaderElection223] INFO  server.RaftServerConfigKeys (ConfUtils.java:logGet(43)) - raft.server.watch.timeout = 10s (default)
2019-09-25 05:50:20,907 [45ca45e9-b5b0-4fbb-a7fd-6b6ab106be2a@group-840BBCD9EFB6:LeaderElection222] INFO  server.RaftServerConfigKeys (ConfUtils.java:logGet(43)) - raft.server.watch.timeout = 10s (default)
2019-09-25 05:50:20,907 [45ca45e9-b5b0-4fbb-a7fd-6b6ab106be2a@group-EDE035F07AA5:LeaderElection220] INFO  impl.RoleInfo (RoleInfo.java:updateAndGet(143)) - 45ca45e9-b5b0-4fbb-a7fd-6b6ab106be2a: start LeaderState
2019-09-25 05:50:20,907 [45ca45e9-b5b0-4fbb-a7fd-6b6ab106be2a@group-9EC905692F59:LeaderElection223] INFO  server.RaftServerConfigKeys (ConfUtils.java:logGet(43)) - raft.server.watch.timeout.denomination = 1s (default)
2019-09-25 05:50:20,907 [899bfb76-eea4-4ff6-823c-7995b606cb73@group-AE24C26F5B85:LeaderElection221] INFO  server.RaftServerConfigKeys (ConfUtils.java:logGet(43)) - raft.server.write.element-limit = 4096 (default)
2019-09-25 05:50:20,908 [45ca45e9-b5b0-4fbb-a7fd-6b6ab106be2a@group-9EC905692F59:LeaderElection223] INFO  server.RaftServerConfigKeys (ConfUtils.java:logGet(43)) - raft.server.watch.element-limit = 65536 (default)
2019-09-25 05:50:20,908 [45ca45e9-b5b0-4fbb-a7fd-6b6ab106be2a@group-EDE035F07AA5:LeaderElection220] INFO  segmented.SegmentedRaftLogWorker (SegmentedRaftLogWorker.java:startLogSegment(380)) - 45ca45e9-b5b0-4fbb-a7fd-6b6ab106be2a@group-EDE035F07AA5-SegmentedRaftLogWorker: Starting segment from index:0
2019-09-25 05:50:20,907 [45ca45e9-b5b0-4fbb-a7fd-6b6ab106be2a@group-840BBCD9EFB6:LeaderElection222] INFO  server.RaftServerConfigKeys (ConfUtils.java:logGet(43)) - raft.server.watch.timeout.denomination = 1s (default)
2019-09-25 05:50:20,908 [899bfb76-eea4-4ff6-823c-7995b606cb73@group-AE24C26F5B85:LeaderElection221] INFO  server.RaftServerConfigKeys (ConfUtils.java:logGet(43)) - raft.server.watch.timeout = 10s (default)
2019-09-25 05:50:20,908 [45ca45e9-b5b0-4fbb-a7fd-6b6ab106be2a@group-840BBCD9EFB6:LeaderElection222] INFO  server.RaftServerConfigKeys (ConfUtils.java:logGet(43)) - raft.server.watch.element-limit = 65536 (default)
2019-09-25 05:50:20,908 [899bfb76-eea4-4ff6-823c-7995b606cb73@group-AE24C26F5B85:LeaderElection221] INFO  server.RaftServerConfigKeys (ConfUtils.java:logGet(43)) - raft.server.watch.timeout.denomination = 1s (default)
2019-09-25 05:50:20,908 [899bfb76-eea4-4ff6-823c-7995b606cb73@group-AE24C26F5B85:LeaderElection221] INFO  server.RaftServerConfigKeys (ConfUtils.java:logGet(43)) - raft.server.watch.element-limit = 65536 (default)
2019-09-25 05:50:20,908 [45ca45e9-b5b0-4fbb-a7fd-6b6ab106be2a@group-EDE035F07AA5:LeaderElection220] INFO  impl.RaftServerImpl (ServerState.java:setRaftConf(354)) - 45ca45e9-b5b0-4fbb-a7fd-6b6ab106be2a@group-EDE035F07AA5: set configuration 0: [45ca45e9-b5b0-4fbb-a7fd-6b6ab106be2a:192.168.30.10:45824], old=null at 0
2019-09-25 05:50:20,910 [45ca45e9-b5b0-4fbb-a7fd-6b6ab106be2a@group-9EC905692F59:LeaderElection223] INFO  impl.RoleInfo (RoleInfo.java:updateAndGet(143)) - 45ca45e9-b5b0-4fbb-a7fd-6b6ab106be2a: start LeaderState
2019-09-25 05:50:20,910 [45ca45e9-b5b0-4fbb-a7fd-6b6ab106be2a@group-9EC905692F59:LeaderElection223] INFO  segmented.SegmentedRaftLogWorker (SegmentedRaftLogWorker.java:startLogSegment(380)) - 45ca45e9-b5b0-4fbb-a7fd-6b6ab106be2a@group-9EC905692F59-SegmentedRaftLogWorker: Starting segment from index:0
2019-09-25 05:50:20,911 [45ca45e9-b5b0-4fbb-a7fd-6b6ab106be2a@group-9EC905692F59:LeaderElection223] INFO  impl.RaftServerImpl (ServerState.java:setRaftConf(354)) - 45ca45e9-b5b0-4fbb-a7fd-6b6ab106be2a@group-9EC905692F59: set configuration 0: [45ca45e9-b5b0-4fbb-a7fd-6b6ab106be2a:192.168.30.10:45824], old=null at 0
2019-09-25 05:50:20,911 [45ca45e9-b5b0-4fbb-a7fd-6b6ab106be2a@group-840BBCD9EFB6:LeaderElection222] INFO  impl.RoleInfo (RoleInfo.java:updateAndGet(143)) - 45ca45e9-b5b0-4fbb-a7fd-6b6ab106be2a: start LeaderState
2019-09-25 05:50:20,911 [45ca45e9-b5b0-4fbb-a7fd-6b6ab106be2a@group-840BBCD9EFB6:LeaderElection222] INFO  segmented.SegmentedRaftLogWorker (SegmentedRaftLogWorker.java:startLogSegment(380)) - 45ca45e9-b5b0-4fbb-a7fd-6b6ab106be2a@group-840BBCD9EFB6-SegmentedRaftLogWorker: Starting segment from index:0
2019-09-25 05:50:20,911 [899bfb76-eea4-4ff6-823c-7995b606cb73@group-AE24C26F5B85:LeaderElection221] INFO  impl.RoleInfo (RoleInfo.java:updateAndGet(143)) - 899bfb76-eea4-4ff6-823c-7995b606cb73: start LeaderState
2019-09-25 05:50:20,911 [45ca45e9-b5b0-4fbb-a7fd-6b6ab106be2a@group-840BBCD9EFB6:LeaderElection222] INFO  impl.RaftServerImpl (ServerState.java:setRaftConf(354)) - 45ca45e9-b5b0-4fbb-a7fd-6b6ab106be2a@group-840BBCD9EFB6: set configuration 0: [45ca45e9-b5b0-4fbb-a7fd-6b6ab106be2a:192.168.30.10:45824], old=null at 0
2019-09-25 05:50:20,911 [899bfb76-eea4-4ff6-823c-7995b606cb73@group-AE24C26F5B85:LeaderElection221] INFO  segmented.SegmentedRaftLogWorker (SegmentedRaftLogWorker.java:startLogSegment(380)) - 899bfb76-eea4-4ff6-823c-7995b606cb73@group-AE24C26F5B85-SegmentedRaftLogWorker: Starting segment from index:0
2019-09-25 05:50:20,912 [899bfb76-eea4-4ff6-823c-7995b606cb73@group-AE24C26F5B85:LeaderElection221] INFO  impl.RaftServerImpl (ServerState.java:setRaftConf(354)) - 899bfb76-eea4-4ff6-823c-7995b606cb73@group-AE24C26F5B85: set configuration 0: [899bfb76-eea4-4ff6-823c-7995b606cb73:192.168.30.10:35182], old=null at 0
2019-09-25 05:50:20,935 [Thread-3105] INFO  impl.FollowerState (FollowerState.java:run(106)) - 45ca45e9-b5b0-4fbb-a7fd-6b6ab106be2a:group-51FB44FFC1FD changes to CANDIDATE, lastRpcTime:5074, electionTimeout:5074ms
2019-09-25 05:50:20,935 [Thread-3105] INFO  impl.RoleInfo (RoleInfo.java:shutdownFollowerState(121)) - 45ca45e9-b5b0-4fbb-a7fd-6b6ab106be2a: shutdown FollowerState
2019-09-25 05:50:20,935 [Thread-3105] INFO  impl.RaftServerImpl (RaftServerImpl.java:setRole(174)) - 45ca45e9-b5b0-4fbb-a7fd-6b6ab106be2a@group-51FB44FFC1FD: changes role from  FOLLOWER to CANDIDATE at term 0 for changeToCandidate
2019-09-25 05:50:20,935 [Thread-3105] INFO  impl.RoleInfo (RoleInfo.java:updateAndGet(143)) - 45ca45e9-b5b0-4fbb-a7fd-6b6ab106be2a: start LeaderElection
2019-09-25 05:50:20,952 [Thread-3111] INFO  impl.FollowerState (FollowerState.java:run(106)) - 899bfb76-eea4-4ff6-823c-7995b606cb73:group-637E481DFCF9 changes to CANDIDATE, lastRpcTime:5044, electionTimeout:5032ms
2019-09-25 05:50:20,952 [Thread-3111] INFO  impl.RoleInfo (RoleInfo.java:shutdownFollowerState(121)) - 899bfb76-eea4-4ff6-823c-7995b606cb73: shutdown FollowerState
2019-09-25 05:50:20,952 [Thread-3111] INFO  impl.RaftServerImpl (RaftServerImpl.java:setRole(174)) - 899bfb76-eea4-4ff6-823c-7995b606cb73@group-637E481DFCF9: changes role from  FOLLOWER to CANDIDATE at term 0 for changeToCandidate
2019-09-25 05:50:20,953 [Thread-3111] INFO  impl.RoleInfo (RoleInfo.java:updateAndGet(143)) - 899bfb76-eea4-4ff6-823c-7995b606cb73: start LeaderElection
2019-09-25 05:50:20,955 [Thread-3099] INFO  impl.FollowerState (FollowerState.java:run(106)) - 45ca45e9-b5b0-4fbb-a7fd-6b6ab106be2a:group-02A18CC1E77C changes to CANDIDATE, lastRpcTime:5159, electionTimeout:5158ms
2019-09-25 05:50:20,955 [Thread-3099] INFO  impl.RoleInfo (RoleInfo.java:shutdownFollowerState(121)) - 45ca45e9-b5b0-4fbb-a7fd-6b6ab106be2a: shutdown FollowerState
2019-09-25 05:50:20,955 [Thread-3099] INFO  impl.RaftServerImpl (RaftServerImpl.java:setRole(174)) - 45ca45e9-b5b0-4fbb-a7fd-6b6ab106be2a@group-02A18CC1E77C: changes role from  FOLLOWER to CANDIDATE at term 0 for changeToCandidate
2019-09-25 05:50:20,956 [Thread-3099] INFO  impl.RoleInfo (RoleInfo.java:updateAndGet(143)) - 45ca45e9-b5b0-4fbb-a7fd-6b6ab106be2a: start LeaderElection
2019-09-25 05:50:20,977 [899bfb76-eea4-4ff6-823c-7995b606cb73@group-AE24C26F5B85-SegmentedRaftLogWorker] INFO  segmented.SegmentedRaftLogWorker (SegmentedRaftLogWorker.java:execute(569)) - 899bfb76-eea4-4ff6-823c-7995b606cb73@group-AE24C26F5B85-SegmentedRaftLogWorker: created new log segment /workdir/hadoop-ozone/integration-test/target/test-dir/MiniOzoneClusterImpl-2263fc46-0a90-446a-9f91-f67f9935a0e0/datanode-1/data/ratis/80a5fa95-7801-4f80-a1d7-ae24c26f5b85/current/log_inprogress_0
2019-09-25 05:50:20,977 [45ca45e9-b5b0-4fbb-a7fd-6b6ab106be2a@group-9EC905692F59-SegmentedRaftLogWorker] INFO  segmented.SegmentedRaftLogWorker (SegmentedRaftLogWorker.java:execute(569)) - 45ca45e9-b5b0-4fbb-a7fd-6b6ab106be2a@group-9EC905692F59-SegmentedRaftLogWorker: created new log segment /workdir/hadoop-ozone/integration-test/target/test-dir/MiniOzoneClusterImpl-2263fc46-0a90-446a-9f91-f67f9935a0e0/datanode-0/data/ratis/df79da9e-74b3-439a-abe0-9ec905692f59/current/log_inprogress_0
2019-09-25 05:50:20,977 [45ca45e9-b5b0-4fbb-a7fd-6b6ab106be2a@group-51FB44FFC1FD:LeaderElection224] INFO  impl.LeaderElection (LeaderElection.java:askForVotes(182)) - 45ca45e9-b5b0-4fbb-a7fd-6b6ab106be2a@group-51FB44FFC1FD:LeaderElection224: begin an election at term 1 for -1: [45ca45e9-b5b0-4fbb-a7fd-6b6ab106be2a:192.168.30.10:45824], old=null
2019-09-25 05:50:20,977 [45ca45e9-b5b0-4fbb-a7fd-6b6ab106be2a@group-02A18CC1E77C:LeaderElection226] INFO  impl.LeaderElection (LeaderElection.java:askForVotes(182)) - 45ca45e9-b5b0-4fbb-a7fd-6b6ab106be2a@group-02A18CC1E77C:LeaderElection226: begin an election at term 1 for -1: [45ca45e9-b5b0-4fbb-a7fd-6b6ab106be2a:192.168.30.10:45824], old=null
2019-09-25 05:50:20,977 [899bfb76-eea4-4ff6-823c-7995b606cb73@group-637E481DFCF9:LeaderElection225] INFO  impl.LeaderElection (LeaderElection.java:askForVotes(182)) - 899bfb76-eea4-4ff6-823c-7995b606cb73@group-637E481DFCF9:LeaderElection225: begin an election at term 1 for -1: [899bfb76-eea4-4ff6-823c-7995b606cb73:192.168.30.10:35182], old=null
2019-09-25 05:50:20,977 [45ca45e9-b5b0-4fbb-a7fd-6b6ab106be2a@group-840BBCD9EFB6-SegmentedRaftLogWorker] INFO  segmented.SegmentedRaftLogWorker (SegmentedRaftLogWorker.java:execute(569)) - 45ca45e9-b5b0-4fbb-a7fd-6b6ab106be2a@group-840BBCD9EFB6-SegmentedRaftLogWorker: created new log segment /workdir/hadoop-ozone/integration-test/target/test-dir/MiniOzoneClusterImpl-2263fc46-0a90-446a-9f91-f67f9935a0e0/datanode-0/data/ratis/e0e277e1-a4f7-43a4-a045-840bbcd9efb6/current/log_inprogress_0
2019-09-25 05:50:20,977 [45ca45e9-b5b0-4fbb-a7fd-6b6ab106be2a@group-EDE035F07AA5-SegmentedRaftLogWorker] INFO  segmented.SegmentedRaftLogWorker (SegmentedRaftLogWorker.java:execute(569)) - 45ca45e9-b5b0-4fbb-a7fd-6b6ab106be2a@group-EDE035F07AA5-SegmentedRaftLogWorker: created new log segment /workdir/hadoop-ozone/integration-test/target/test-dir/MiniOzoneClusterImpl-2263fc46-0a90-446a-9f91-f67f9935a0e0/datanode-0/data/ratis/6dd80674-353f-4a15-bfb7-ede035f07aa5/current/log_inprogress_0
2019-09-25 05:50:20,978 [899bfb76-eea4-4ff6-823c-7995b606cb73@group-637E481DFCF9:LeaderElection225] INFO  impl.RoleInfo (RoleInfo.java:shutdownLeaderElection(134)) - 899bfb76-eea4-4ff6-823c-7995b606cb73: shutdown LeaderElection
2019-09-25 05:50:20,978 [899bfb76-eea4-4ff6-823c-7995b606cb73@group-637E481DFCF9:LeaderElection225] INFO  impl.RaftServerImpl (RaftServerImpl.java:setRole(174)) - 899bfb76-eea4-4ff6-823c-7995b606cb73@group-637E481DFCF9: changes role from CANDIDATE to LEADER at term 1 for changeToLeader
2019-09-25 05:50:20,978 [45ca45e9-b5b0-4fbb-a7fd-6b6ab106be2a@group-02A18CC1E77C:LeaderElection226] INFO  impl.RoleInfo (RoleInfo.java:shutdownLeaderElection(134)) - 45ca45e9-b5b0-4fbb-a7fd-6b6ab106be2a: shutdown LeaderElection
2019-09-25 05:50:20,978 [45ca45e9-b5b0-4fbb-a7fd-6b6ab106be2a@group-51FB44FFC1FD:LeaderElection224] INFO  impl.RoleInfo (RoleInfo.java:shutdownLeaderElection(134)) - 45ca45e9-b5b0-4fbb-a7fd-6b6ab106be2a: shutdown LeaderElection
2019-09-25 05:50:20,978 [45ca45e9-b5b0-4fbb-a7fd-6b6ab106be2a@group-02A18CC1E77C:LeaderElection226] INFO  impl.RaftServerImpl (RaftServerImpl.java:setRole(174)) - 45ca45e9-b5b0-4fbb-a7fd-6b6ab106be2a@group-02A18CC1E77C: changes role from CANDIDATE to LEADER at term 1 for changeToLeader
2019-09-25 05:50:20,978 [899bfb76-eea4-4ff6-823c-7995b606cb73@group-637E481DFCF9:LeaderElection225] INFO  impl.RaftServerImpl (ServerState.java:setLeader(253)) - 899bfb76-eea4-4ff6-823c-7995b606cb73@group-637E481DFCF9: change Leader from null to 899bfb76-eea4-4ff6-823c-7995b606cb73 at term 1 for becomeLeader, leader elected after 5073ms
2019-09-25 05:50:20,978 [45ca45e9-b5b0-4fbb-a7fd-6b6ab106be2a@group-02A18CC1E77C:LeaderElection226] INFO  impl.RaftServerImpl (ServerState.java:setLeader(253)) - 45ca45e9-b5b0-4fbb-a7fd-6b6ab106be2a@group-02A18CC1E77C: change Leader from null to 45ca45e9-b5b0-4fbb-a7fd-6b6ab106be2a at term 1 for becomeLeader, leader elected after 5186ms
2019-09-25 05:50:20,978 [45ca45e9-b5b0-4fbb-a7fd-6b6ab106be2a@group-51FB44FFC1FD:LeaderElection224] INFO  impl.RaftServerImpl (RaftServerImpl.java:setRole(174)) - 45ca45e9-b5b0-4fbb-a7fd-6b6ab106be2a@group-51FB44FFC1FD: changes role from CANDIDATE to LEADER at term 1 for changeToLeader
2019-09-25 05:50:20,978 [45ca45e9-b5b0-4fbb-a7fd-6b6ab106be2a@group-02A18CC1E77C:LeaderElection226] INFO  server.RaftServerConfigKeys (ConfUtils.java:logGet(43)) - raft.server.staging.catchup.gap = 1000 (default)
2019-09-25 05:50:20,978 [899bfb76-eea4-4ff6-823c-7995b606cb73@group-637E481DFCF9:LeaderElection225] INFO  server.RaftServerConfigKeys (ConfUtils.java:logGet(43)) - raft.server.staging.catchup.gap = 1000 (default)
2019-09-25 05:50:20,978 [45ca45e9-b5b0-4fbb-a7fd-6b6ab106be2a@group-02A18CC1E77C:LeaderElection226] INFO  server.RaftServerConfigKeys (ConfUtils.java:logGet(43)) - raft.server.rpc.sleep.time = 25ms (default)
2019-09-25 05:50:20,978 [45ca45e9-b5b0-4fbb-a7fd-6b6ab106be2a@group-51FB44FFC1FD:LeaderElection224] INFO  impl.RaftServerImpl (ServerState.java:setLeader(253)) - 45ca45e9-b5b0-4fbb-a7fd-6b6ab106be2a@group-51FB44FFC1FD: change Leader from null to 45ca45e9-b5b0-4fbb-a7fd-6b6ab106be2a at term 1 for becomeLeader, leader elected after 5120ms
2019-09-25 05:50:20,979 [45ca45e9-b5b0-4fbb-a7fd-6b6ab106be2a@group-02A18CC1E77C:LeaderElection226] INFO  server.RaftServerConfigKeys (ConfUtils.java:logGet(43)) - raft.server.write.element-limit = 4096 (default)
2019-09-25 05:50:20,979 [899bfb76-eea4-4ff6-823c-7995b606cb73@group-637E481DFCF9:LeaderElection225] INFO  server.RaftServerConfigKeys (ConfUtils.java:logGet(43)) - raft.server.rpc.sleep.time = 25ms (default)
2019-09-25 05:50:20,979 [45ca45e9-b5b0-4fbb-a7fd-6b6ab106be2a@group-02A18CC1E77C:LeaderElection226] INFO  server.RaftServerConfigKeys (ConfUtils.java:logGet(43)) - raft.server.watch.timeout = 10s (default)
2019-09-25 05:50:20,979 [45ca45e9-b5b0-4fbb-a7fd-6b6ab106be2a@group-51FB44FFC1FD:LeaderElection224] INFO  server.RaftServerConfigKeys (ConfUtils.java:logGet(43)) - raft.server.staging.catchup.gap = 1000 (default)
2019-09-25 05:50:20,979 [45ca45e9-b5b0-4fbb-a7fd-6b6ab106be2a@group-02A18CC1E77C:LeaderElection226] INFO  server.RaftServerConfigKeys (ConfUtils.java:logGet(43)) - raft.server.watch.timeout.denomination = 1s (default)
2019-09-25 05:50:20,979 [899bfb76-eea4-4ff6-823c-7995b606cb73@group-637E481DFCF9:LeaderElection225] INFO  server.RaftServerConfigKeys (ConfUtils.java:logGet(43)) - raft.server.write.element-limit = 4096 (default)
2019-09-25 05:50:20,979 [45ca45e9-b5b0-4fbb-a7fd-6b6ab106be2a@group-02A18CC1E77C:LeaderElection226] INFO  server.RaftServerConfigKeys (ConfUtils.java:logGet(43)) - raft.server.watch.element-limit = 65536 (default)
2019-09-25 05:50:20,979 [45ca45e9-b5b0-4fbb-a7fd-6b6ab106be2a@group-51FB44FFC1FD:LeaderElection224] INFO  server.RaftServerConfigKeys (ConfUtils.java:logGet(43)) - raft.server.rpc.sleep.time = 25ms (default)
2019-09-25 05:50:20,979 [899bfb76-eea4-4ff6-823c-7995b606cb73@group-637E481DFCF9:LeaderElection225] INFO  server.RaftServerConfigKeys (ConfUtils.java:logGet(43)) - raft.server.watch.timeout = 10s (default)
2019-09-25 05:50:20,979 [45ca45e9-b5b0-4fbb-a7fd-6b6ab106be2a@group-51FB44FFC1FD:LeaderElection224] INFO  server.RaftServerConfigKeys (ConfUtils.java:logGet(43)) - raft.server.write.element-limit = 4096 (default)
2019-09-25 05:50:20,980 [899bfb76-eea4-4ff6-823c-7995b606cb73@group-637E481DFCF9:LeaderElection225] INFO  server.RaftServerConfigKeys (ConfUtils.java:logGet(43)) - raft.server.watch.timeout.denomination = 1s (default)
2019-09-25 05:50:20,980 [45ca45e9-b5b0-4fbb-a7fd-6b6ab106be2a@group-51FB44FFC1FD:LeaderElection224] INFO  server.RaftServerConfigKeys (ConfUtils.java:logGet(43)) - raft.server.watch.timeout = 10s (default)
2019-09-25 05:50:20,980 [899bfb76-eea4-4ff6-823c-7995b606cb73@group-637E481DFCF9:LeaderElection225] INFO  server.RaftServerConfigKeys (ConfUtils.java:logGet(43)) - raft.server.watch.element-limit = 65536 (default)
2019-09-25 05:50:20,980 [45ca45e9-b5b0-4fbb-a7fd-6b6ab106be2a@group-51FB44FFC1FD:LeaderElection224] INFO  server.RaftServerConfigKeys (ConfUtils.java:logGet(43)) - raft.server.watch.timeout.denomination = 1s (default)
2019-09-25 05:50:20,980 [45ca45e9-b5b0-4fbb-a7fd-6b6ab106be2a@group-51FB44FFC1FD:LeaderElection224] INFO  server.RaftServerConfigKeys (ConfUtils.java:logGet(43)) - raft.server.watch.element-limit = 65536 (default)
2019-09-25 05:50:20,981 [45ca45e9-b5b0-4fbb-a7fd-6b6ab106be2a@group-02A18CC1E77C:LeaderElection226] INFO  impl.RoleInfo (RoleInfo.java:updateAndGet(143)) - 45ca45e9-b5b0-4fbb-a7fd-6b6ab106be2a: start LeaderState
2019-09-25 05:50:20,981 [45ca45e9-b5b0-4fbb-a7fd-6b6ab106be2a@group-02A18CC1E77C:LeaderElection226] INFO  segmented.SegmentedRaftLogWorker (SegmentedRaftLogWorker.java:startLogSegment(380)) - 45ca45e9-b5b0-4fbb-a7fd-6b6ab106be2a@group-02A18CC1E77C-SegmentedRaftLogWorker: Starting segment from index:0
2019-09-25 05:50:20,981 [45ca45e9-b5b0-4fbb-a7fd-6b6ab106be2a@group-02A18CC1E77C:LeaderElection226] INFO  impl.RaftServerImpl (ServerState.java:setRaftConf(354)) - 45ca45e9-b5b0-4fbb-a7fd-6b6ab106be2a@group-02A18CC1E77C: set configuration 0: [45ca45e9-b5b0-4fbb-a7fd-6b6ab106be2a:192.168.30.10:45824], old=null at 0
2019-09-25 05:50:20,981 [899bfb76-eea4-4ff6-823c-7995b606cb73@group-637E481DFCF9:LeaderElection225] INFO  impl.RoleInfo (RoleInfo.java:updateAndGet(143)) - 899bfb76-eea4-4ff6-823c-7995b606cb73: start LeaderState
2019-09-25 05:50:20,982 [45ca45e9-b5b0-4fbb-a7fd-6b6ab106be2a@group-51FB44FFC1FD:LeaderElection224] INFO  impl.RoleInfo (RoleInfo.java:updateAndGet(143)) - 45ca45e9-b5b0-4fbb-a7fd-6b6ab106be2a: start LeaderState
2019-09-25 05:50:20,982 [899bfb76-eea4-4ff6-823c-7995b606cb73@group-637E481DFCF9:LeaderElection225] INFO  segmented.SegmentedRaftLogWorker (SegmentedRaftLogWorker.java:startLogSegment(380)) - 899bfb76-eea4-4ff6-823c-7995b606cb73@group-637E481DFCF9-SegmentedRaftLogWorker: Starting segment from index:0
2019-09-25 05:50:20,982 [45ca45e9-b5b0-4fbb-a7fd-6b6ab106be2a@group-51FB44FFC1FD:LeaderElection224] INFO  segmented.SegmentedRaftLogWorker (SegmentedRaftLogWorker.java:startLogSegment(380)) - 45ca45e9-b5b0-4fbb-a7fd-6b6ab106be2a@group-51FB44FFC1FD-SegmentedRaftLogWorker: Starting segment from index:0
2019-09-25 05:50:20,982 [899bfb76-eea4-4ff6-823c-7995b606cb73@group-637E481DFCF9:LeaderElection225] INFO  impl.RaftServerImpl (ServerState.java:setRaftConf(354)) - 899bfb76-eea4-4ff6-823c-7995b606cb73@group-637E481DFCF9: set configuration 0: [899bfb76-eea4-4ff6-823c-7995b606cb73:192.168.30.10:35182], old=null at 0
2019-09-25 05:50:20,982 [45ca45e9-b5b0-4fbb-a7fd-6b6ab106be2a@group-51FB44FFC1FD:LeaderElection224] INFO  impl.RaftServerImpl (ServerState.java:setRaftConf(354)) - 45ca45e9-b5b0-4fbb-a7fd-6b6ab106be2a@group-51FB44FFC1FD: set configuration 0: [45ca45e9-b5b0-4fbb-a7fd-6b6ab106be2a:192.168.30.10:45824], old=null at 0
2019-09-25 05:50:21,018 [EventQueue-StaleNodeForStaleNodeHandler] INFO  node.StaleNodeHandler (StaleNodeHandler.java:onMessage(58)) - Datanode 11c09e37-7211-4e36-88ba-de9fcd604807{ip: 192.168.30.10, host: pr-hdds-1569-s62bp-3040748787, networkLocation: /default-rack, certSerialId: null} moved to stale state. Finalizing its pipelines [PipelineID=f6c6f9f2-0f64-4f83-adaf-47e5e7116f09, PipelineID=e3e27a4f-48b1-430b-ba3c-57ee923baf4d, PipelineID=6ed61b0b-4fb3-4836-84e7-d7512375a8fd, PipelineID=4ae5ab31-0940-49c0-abe9-73b23f2587f1, PipelineID=1abef765-3007-43df-9717-14ff7ccb5a5d, PipelineID=a3e1ff12-7c65-4dba-841c-af0e050fb82f]
2019-09-25 05:50:21,019 [EventQueue-StaleNodeForStaleNodeHandler] INFO  pipeline.SCMPipelineManager (SCMPipelineManager.java:finalizeAndDestroyPipeline(317)) - destroying pipeline:Pipeline[ Id: f6c6f9f2-0f64-4f83-adaf-47e5e7116f09, Nodes: 11c09e37-7211-4e36-88ba-de9fcd604807{ip: 192.168.30.10, host: pr-hdds-1569-s62bp-3040748787, networkLocation: /default-rack, certSerialId: null}, Type:RATIS, Factor:ONE, State:OPEN]
2019-09-25 05:50:21,019 [EventQueue-StaleNodeForStaleNodeHandler] INFO  pipeline.PipelineStateManager (PipelineStateManager.java:finalizePipeline(123)) - Pipeline Pipeline[ Id: f6c6f9f2-0f64-4f83-adaf-47e5e7116f09, Nodes: 11c09e37-7211-4e36-88ba-de9fcd604807{ip: 192.168.30.10, host: pr-hdds-1569-s62bp-3040748787, networkLocation: /default-rack, certSerialId: null}, Type:RATIS, Factor:ONE, State:CLOSED] moved to CLOSED state
2019-09-25 05:50:21,019 [EventQueue-StaleNodeForStaleNodeHandler] INFO  pipeline.SCMPipelineManager (SCMPipelineManager.java:finalizeAndDestroyPipeline(317)) - destroying pipeline:Pipeline[ Id: e3e27a4f-48b1-430b-ba3c-57ee923baf4d, Nodes: 11c09e37-7211-4e36-88ba-de9fcd604807{ip: 192.168.30.10, host: pr-hdds-1569-s62bp-3040748787, networkLocation: /default-rack, certSerialId: null}, Type:RATIS, Factor:ONE, State:OPEN]
2019-09-25 05:50:21,019 [EventQueue-StaleNodeForStaleNodeHandler] INFO  pipeline.PipelineStateManager (PipelineStateManager.java:finalizePipeline(123)) - Pipeline Pipeline[ Id: e3e27a4f-48b1-430b-ba3c-57ee923baf4d, Nodes: 11c09e37-7211-4e36-88ba-de9fcd604807{ip: 192.168.30.10, host: pr-hdds-1569-s62bp-3040748787, networkLocation: /default-rack, certSerialId: null}, Type:RATIS, Factor:ONE, State:CLOSED] moved to CLOSED state
2019-09-25 05:50:21,019 [EventQueue-StaleNodeForStaleNodeHandler] INFO  pipeline.SCMPipelineManager (SCMPipelineManager.java:finalizeAndDestroyPipeline(317)) - destroying pipeline:Pipeline[ Id: 6ed61b0b-4fb3-4836-84e7-d7512375a8fd, Nodes: 11c09e37-7211-4e36-88ba-de9fcd604807{ip: 192.168.30.10, host: pr-hdds-1569-s62bp-3040748787, networkLocation: /default-rack, certSerialId: null}, Type:RATIS, Factor:ONE, State:OPEN]
2019-09-25 05:50:21,019 [EventQueue-StaleNodeForStaleNodeHandler] INFO  pipeline.PipelineStateManager (PipelineStateManager.java:finalizePipeline(123)) - Pipeline Pipeline[ Id: 6ed61b0b-4fb3-4836-84e7-d7512375a8fd, Nodes: 11c09e37-7211-4e36-88ba-de9fcd604807{ip: 192.168.30.10, host: pr-hdds-1569-s62bp-3040748787, networkLocation: /default-rack, certSerialId: null}, Type:RATIS, Factor:ONE, State:CLOSED] moved to CLOSED state
2019-09-25 05:50:21,019 [EventQueue-StaleNodeForStaleNodeHandler] INFO  pipeline.SCMPipelineManager (SCMPipelineManager.java:finalizeAndDestroyPipeline(317)) - destroying pipeline:Pipeline[ Id: 4ae5ab31-0940-49c0-abe9-73b23f2587f1, Nodes: 11c09e37-7211-4e36-88ba-de9fcd604807{ip: 192.168.30.10, host: pr-hdds-1569-s62bp-3040748787, networkLocation: /default-rack, certSerialId: null}, Type:RATIS, Factor:ONE, State:OPEN]
2019-09-25 05:50:21,020 [EventQueue-StaleNodeForStaleNodeHandler] INFO  pipeline.PipelineStateManager (PipelineStateManager.java:finalizePipeline(123)) - Pipeline Pipeline[ Id: 4ae5ab31-0940-49c0-abe9-73b23f2587f1, Nodes: 11c09e37-7211-4e36-88ba-de9fcd604807{ip: 192.168.30.10, host: pr-hdds-1569-s62bp-3040748787, networkLocation: /default-rack, certSerialId: null}, Type:RATIS, Factor:ONE, State:CLOSED] moved to CLOSED state
2019-09-25 05:50:21,020 [EventQueue-StaleNodeForStaleNodeHandler] INFO  pipeline.SCMPipelineManager (SCMPipelineManager.java:finalizeAndDestroyPipeline(317)) - destroying pipeline:Pipeline[ Id: 1abef765-3007-43df-9717-14ff7ccb5a5d, Nodes: 11c09e37-7211-4e36-88ba-de9fcd604807{ip: 192.168.30.10, host: pr-hdds-1569-s62bp-3040748787, networkLocation: /default-rack, certSerialId: null}, Type:RATIS, Factor:ONE, State:OPEN]
2019-09-25 05:50:21,020 [EventQueue-StaleNodeForStaleNodeHandler] INFO  pipeline.PipelineStateManager (PipelineStateManager.java:finalizePipeline(123)) - Pipeline Pipeline[ Id: 1abef765-3007-43df-9717-14ff7ccb5a5d, Nodes: 11c09e37-7211-4e36-88ba-de9fcd604807{ip: 192.168.30.10, host: pr-hdds-1569-s62bp-3040748787, networkLocation: /default-rack, certSerialId: null}, Type:RATIS, Factor:ONE, State:CLOSED] moved to CLOSED state
2019-09-25 05:50:21,020 [EventQueue-StaleNodeForStaleNodeHandler] INFO  pipeline.SCMPipelineManager (SCMPipelineManager.java:finalizeAndDestroyPipeline(317)) - destroying pipeline:Pipeline[ Id: a3e1ff12-7c65-4dba-841c-af0e050fb82f, Nodes: 11c09e37-7211-4e36-88ba-de9fcd604807{ip: 192.168.30.10, host: pr-hdds-1569-s62bp-3040748787, networkLocation: /default-rack, certSerialId: null}, Type:RATIS, Factor:ONE, State:OPEN]
2019-09-25 05:50:21,020 [EventQueue-StaleNodeForStaleNodeHandler] INFO  pipeline.PipelineStateManager (PipelineStateManager.java:finalizePipeline(123)) - Pipeline Pipeline[ Id: a3e1ff12-7c65-4dba-841c-af0e050fb82f, Nodes: 11c09e37-7211-4e36-88ba-de9fcd604807{ip: 192.168.30.10, host: pr-hdds-1569-s62bp-3040748787, networkLocation: /default-rack, certSerialId: null}, Type:RATIS, Factor:ONE, State:CLOSED] moved to CLOSED state
2019-09-25 05:50:21,023 [45ca45e9-b5b0-4fbb-a7fd-6b6ab106be2a@group-51FB44FFC1FD-SegmentedRaftLogWorker] INFO  segmented.SegmentedRaftLogWorker (SegmentedRaftLogWorker.java:execute(569)) - 45ca45e9-b5b0-4fbb-a7fd-6b6ab106be2a@group-51FB44FFC1FD-SegmentedRaftLogWorker: created new log segment /workdir/hadoop-ozone/integration-test/target/test-dir/MiniOzoneClusterImpl-2263fc46-0a90-446a-9f91-f67f9935a0e0/datanode-0/data/ratis/c034f88a-0aa8-4fdb-9b0c-51fb44ffc1fd/current/log_inprogress_0
2019-09-25 05:50:21,023 [45ca45e9-b5b0-4fbb-a7fd-6b6ab106be2a@group-02A18CC1E77C-SegmentedRaftLogWorker] INFO  segmented.SegmentedRaftLogWorker (SegmentedRaftLogWorker.java:execute(569)) - 45ca45e9-b5b0-4fbb-a7fd-6b6ab106be2a@group-02A18CC1E77C-SegmentedRaftLogWorker: created new log segment /workdir/hadoop-ozone/integration-test/target/test-dir/MiniOzoneClusterImpl-2263fc46-0a90-446a-9f91-f67f9935a0e0/datanode-0/data/ratis/beed14fd-6244-4b5e-aa07-02a18cc1e77c/current/log_inprogress_0
2019-09-25 05:50:21,023 [899bfb76-eea4-4ff6-823c-7995b606cb73@group-637E481DFCF9-SegmentedRaftLogWorker] INFO  segmented.SegmentedRaftLogWorker (SegmentedRaftLogWorker.java:execute(569)) - 899bfb76-eea4-4ff6-823c-7995b606cb73@group-637E481DFCF9-SegmentedRaftLogWorker: created new log segment /workdir/hadoop-ozone/integration-test/target/test-dir/MiniOzoneClusterImpl-2263fc46-0a90-446a-9f91-f67f9935a0e0/datanode-1/data/ratis/9b977954-749f-4a05-9f1d-637e481dfcf9/current/log_inprogress_0
2019-09-25 05:50:21,048 [Thread-3117] INFO  impl.FollowerState (FollowerState.java:run(106)) - dc430975-089c-40cd-a0f1-208b2374b924:group-8F461A4BD315 changes to CANDIDATE, lastRpcTime:5095, electionTimeout:5095ms
2019-09-25 05:50:21,049 [Thread-3117] INFO  impl.RoleInfo (RoleInfo.java:shutdownFollowerState(121)) - dc430975-089c-40cd-a0f1-208b2374b924: shutdown FollowerState
2019-09-25 05:50:21,049 [Thread-3117] INFO  impl.RaftServerImpl (RaftServerImpl.java:setRole(174)) - dc430975-089c-40cd-a0f1-208b2374b924@group-8F461A4BD315: changes role from  FOLLOWER to CANDIDATE at term 0 for changeToCandidate
2019-09-25 05:50:21,049 [Thread-3117] INFO  impl.RoleInfo (RoleInfo.java:updateAndGet(143)) - dc430975-089c-40cd-a0f1-208b2374b924: start LeaderElection
2019-09-25 05:50:21,064 [dc430975-089c-40cd-a0f1-208b2374b924@group-8F461A4BD315:LeaderElection227] INFO  impl.LeaderElection (LeaderElection.java:askForVotes(182)) - dc430975-089c-40cd-a0f1-208b2374b924@group-8F461A4BD315:LeaderElection227: begin an election at term 1 for -1: [dc430975-089c-40cd-a0f1-208b2374b924:192.168.30.10:34467], old=null
2019-09-25 05:50:21,064 [dc430975-089c-40cd-a0f1-208b2374b924@group-8F461A4BD315:LeaderElection227] INFO  impl.RoleInfo (RoleInfo.java:shutdownLeaderElection(134)) - dc430975-089c-40cd-a0f1-208b2374b924: shutdown LeaderElection
2019-09-25 05:50:21,064 [dc430975-089c-40cd-a0f1-208b2374b924@group-8F461A4BD315:LeaderElection227] INFO  impl.RaftServerImpl (RaftServerImpl.java:setRole(174)) - dc430975-089c-40cd-a0f1-208b2374b924@group-8F461A4BD315: changes role from CANDIDATE to LEADER at term 1 for changeToLeader
2019-09-25 05:50:21,064 [dc430975-089c-40cd-a0f1-208b2374b924@group-8F461A4BD315:LeaderElection227] INFO  impl.RaftServerImpl (ServerState.java:setLeader(253)) - dc430975-089c-40cd-a0f1-208b2374b924@group-8F461A4BD315: change Leader from null to dc430975-089c-40cd-a0f1-208b2374b924 at term 1 for becomeLeader, leader elected after 5114ms
2019-09-25 05:50:21,064 [dc430975-089c-40cd-a0f1-208b2374b924@group-8F461A4BD315:LeaderElection227] INFO  server.RaftServerConfigKeys (ConfUtils.java:logGet(43)) - raft.server.staging.catchup.gap = 1000 (default)
2019-09-25 05:50:21,064 [dc430975-089c-40cd-a0f1-208b2374b924@group-8F461A4BD315:LeaderElection227] INFO  server.RaftServerConfigKeys (ConfUtils.java:logGet(43)) - raft.server.rpc.sleep.time = 25ms (default)
2019-09-25 05:50:21,064 [dc430975-089c-40cd-a0f1-208b2374b924@group-8F461A4BD315:LeaderElection227] INFO  server.RaftServerConfigKeys (ConfUtils.java:logGet(43)) - raft.server.write.element-limit = 4096 (default)
2019-09-25 05:50:21,064 [dc430975-089c-40cd-a0f1-208b2374b924@group-8F461A4BD315:LeaderElection227] INFO  server.RaftServerConfigKeys (ConfUtils.java:logGet(43)) - raft.server.watch.timeout = 10s (default)
2019-09-25 05:50:21,064 [dc430975-089c-40cd-a0f1-208b2374b924@group-8F461A4BD315:LeaderElection227] INFO  server.RaftServerConfigKeys (ConfUtils.java:logGet(43)) - raft.server.watch.timeout.denomination = 1s (default)
2019-09-25 05:50:21,065 [dc430975-089c-40cd-a0f1-208b2374b924@group-8F461A4BD315:LeaderElection227] INFO  server.RaftServerConfigKeys (ConfUtils.java:logGet(43)) - raft.server.watch.element-limit = 65536 (default)
2019-09-25 05:50:21,066 [dc430975-089c-40cd-a0f1-208b2374b924@group-8F461A4BD315:LeaderElection227] INFO  impl.RoleInfo (RoleInfo.java:updateAndGet(143)) - dc430975-089c-40cd-a0f1-208b2374b924: start LeaderState
2019-09-25 05:50:21,066 [dc430975-089c-40cd-a0f1-208b2374b924@group-8F461A4BD315:LeaderElection227] INFO  segmented.SegmentedRaftLogWorker (SegmentedRaftLogWorker.java:startLogSegment(380)) - dc430975-089c-40cd-a0f1-208b2374b924@group-8F461A4BD315-SegmentedRaftLogWorker: Starting segment from index:0
2019-09-25 05:50:21,066 [dc430975-089c-40cd-a0f1-208b2374b924@group-8F461A4BD315:LeaderElection227] INFO  impl.RaftServerImpl (ServerState.java:setRaftConf(354)) - dc430975-089c-40cd-a0f1-208b2374b924@group-8F461A4BD315: set configuration 0: [dc430975-089c-40cd-a0f1-208b2374b924:192.168.30.10:34467], old=null at 0
2019-09-25 05:50:21,072 [Thread-3120] INFO  impl.FollowerState (FollowerState.java:run(106)) - 899bfb76-eea4-4ff6-823c-7995b606cb73:group-72CC30F29FD5 changes to CANDIDATE, lastRpcTime:5104, electionTimeout:5104ms
2019-09-25 05:50:21,072 [Thread-3120] INFO  impl.RoleInfo (RoleInfo.java:shutdownFollowerState(121)) - 899bfb76-eea4-4ff6-823c-7995b606cb73: shutdown FollowerState
2019-09-25 05:50:21,072 [Thread-3120] INFO  impl.RaftServerImpl (RaftServerImpl.java:setRole(174)) - 899bfb76-eea4-4ff6-823c-7995b606cb73@group-72CC30F29FD5: changes role from  FOLLOWER to CANDIDATE at term 0 for changeToCandidate
2019-09-25 05:50:21,072 [Thread-3120] INFO  impl.RoleInfo (RoleInfo.java:updateAndGet(143)) - 899bfb76-eea4-4ff6-823c-7995b606cb73: start LeaderElection
2019-09-25 05:50:21,107 [dc430975-089c-40cd-a0f1-208b2374b924@group-8F461A4BD315-SegmentedRaftLogWorker] INFO  segmented.SegmentedRaftLogWorker (SegmentedRaftLogWorker.java:execute(569)) - dc430975-089c-40cd-a0f1-208b2374b924@group-8F461A4BD315-SegmentedRaftLogWorker: created new log segment /workdir/hadoop-ozone/integration-test/target/test-dir/MiniOzoneClusterImpl-2263fc46-0a90-446a-9f91-f67f9935a0e0/datanode-2/data/ratis/0171a3c6-a57c-492b-8f00-8f461a4bd315/current/log_inprogress_0
2019-09-25 05:50:21,107 [899bfb76-eea4-4ff6-823c-7995b606cb73@group-72CC30F29FD5:LeaderElection228] INFO  impl.LeaderElection (LeaderElection.java:askForVotes(182)) - 899bfb76-eea4-4ff6-823c-7995b606cb73@group-72CC30F29FD5:LeaderElection228: begin an election at term 1 for -1: [899bfb76-eea4-4ff6-823c-7995b606cb73:192.168.30.10:35182], old=null
2019-09-25 05:50:21,107 [899bfb76-eea4-4ff6-823c-7995b606cb73@group-72CC30F29FD5:LeaderElection228] INFO  impl.RoleInfo (RoleInfo.java:shutdownLeaderElection(134)) - 899bfb76-eea4-4ff6-823c-7995b606cb73: shutdown LeaderElection
2019-09-25 05:50:21,107 [899bfb76-eea4-4ff6-823c-7995b606cb73@group-72CC30F29FD5:LeaderElection228] INFO  impl.RaftServerImpl (RaftServerImpl.java:setRole(174)) - 899bfb76-eea4-4ff6-823c-7995b606cb73@group-72CC30F29FD5: changes role from CANDIDATE to LEADER at term 1 for changeToLeader
2019-09-25 05:50:21,107 [899bfb76-eea4-4ff6-823c-7995b606cb73@group-72CC30F29FD5:LeaderElection228] INFO  impl.RaftServerImpl (ServerState.java:setLeader(253)) - 899bfb76-eea4-4ff6-823c-7995b606cb73@group-72CC30F29FD5: change Leader from null to 899bfb76-eea4-4ff6-823c-7995b606cb73 at term 1 for becomeLeader, leader elected after 5142ms
2019-09-25 05:50:21,107 [899bfb76-eea4-4ff6-823c-7995b606cb73@group-72CC30F29FD5:LeaderElection228] INFO  server.RaftServerConfigKeys (ConfUtils.java:logGet(43)) - raft.server.staging.catchup.gap = 1000 (default)
2019-09-25 05:50:21,108 [899bfb76-eea4-4ff6-823c-7995b606cb73@group-72CC30F29FD5:LeaderElection228] INFO  server.RaftServerConfigKeys (ConfUtils.java:logGet(43)) - raft.server.rpc.sleep.time = 25ms (default)
2019-09-25 05:50:21,108 [899bfb76-eea4-4ff6-823c-7995b606cb73@group-72CC30F29FD5:LeaderElection228] INFO  server.RaftServerConfigKeys (ConfUtils.java:logGet(43)) - raft.server.write.element-limit = 4096 (default)
2019-09-25 05:50:21,108 [899bfb76-eea4-4ff6-823c-7995b606cb73@group-72CC30F29FD5:LeaderElection228] INFO  server.RaftServerConfigKeys (ConfUtils.java:logGet(43)) - raft.server.watch.timeout = 10s (default)
2019-09-25 05:50:21,108 [899bfb76-eea4-4ff6-823c-7995b606cb73@group-72CC30F29FD5:LeaderElection228] INFO  server.RaftServerConfigKeys (ConfUtils.java:logGet(43)) - raft.server.watch.timeout.denomination = 1s (default)
2019-09-25 05:50:21,108 [899bfb76-eea4-4ff6-823c-7995b606cb73@group-72CC30F29FD5:LeaderElection228] INFO  server.RaftServerConfigKeys (ConfUtils.java:logGet(43)) - raft.server.watch.element-limit = 65536 (default)
2019-09-25 05:50:21,109 [899bfb76-eea4-4ff6-823c-7995b606cb73@group-72CC30F29FD5:LeaderElection228] INFO  impl.RoleInfo (RoleInfo.java:updateAndGet(143)) - 899bfb76-eea4-4ff6-823c-7995b606cb73: start LeaderState
2019-09-25 05:50:21,109 [899bfb76-eea4-4ff6-823c-7995b606cb73@group-72CC30F29FD5:LeaderElection228] INFO  segmented.SegmentedRaftLogWorker (SegmentedRaftLogWorker.java:startLogSegment(380)) - 899bfb76-eea4-4ff6-823c-7995b606cb73@group-72CC30F29FD5-SegmentedRaftLogWorker: Starting segment from index:0
2019-09-25 05:50:21,109 [899bfb76-eea4-4ff6-823c-7995b606cb73@group-72CC30F29FD5:LeaderElection228] INFO  impl.RaftServerImpl (ServerState.java:setRaftConf(354)) - 899bfb76-eea4-4ff6-823c-7995b606cb73@group-72CC30F29FD5: set configuration 0: [899bfb76-eea4-4ff6-823c-7995b606cb73:192.168.30.10:35182], old=null at 0
2019-09-25 05:50:21,117 [Thread-3114] INFO  impl.FollowerState (FollowerState.java:run(106)) - 45ca45e9-b5b0-4fbb-a7fd-6b6ab106be2a:group-506F9A5138D9 changes to CANDIDATE, lastRpcTime:5196, electionTimeout:5196ms
2019-09-25 05:50:21,117 [Thread-3114] INFO  impl.RoleInfo (RoleInfo.java:shutdownFollowerState(121)) - 45ca45e9-b5b0-4fbb-a7fd-6b6ab106be2a: shutdown FollowerState
2019-09-25 05:50:21,117 [Thread-3114] INFO  impl.RaftServerImpl (RaftServerImpl.java:setRole(174)) - 45ca45e9-b5b0-4fbb-a7fd-6b6ab106be2a@group-506F9A5138D9: changes role from  FOLLOWER to CANDIDATE at term 0 for changeToCandidate
2019-09-25 05:50:21,117 [Thread-3114] INFO  impl.RoleInfo (RoleInfo.java:updateAndGet(143)) - 45ca45e9-b5b0-4fbb-a7fd-6b6ab106be2a: start LeaderElection
2019-09-25 05:50:21,135 [Thread-3123] INFO  impl.FollowerState (FollowerState.java:run(106)) - 30620aa2-f8b3-4a53-9c80-c9f165f833cf:group-BEB3042C6EFE changes to CANDIDATE, lastRpcTime:5143, electionTimeout:5138ms
2019-09-25 05:50:21,135 [Thread-3123] INFO  impl.RoleInfo (RoleInfo.java:shutdownFollowerState(121)) - 30620aa2-f8b3-4a53-9c80-c9f165f833cf: shutdown FollowerState
2019-09-25 05:50:21,136 [Thread-3123] INFO  impl.RaftServerImpl (RaftServerImpl.java:setRole(174)) - 30620aa2-f8b3-4a53-9c80-c9f165f833cf@group-BEB3042C6EFE: changes role from  FOLLOWER to CANDIDATE at term 0 for changeToCandidate
2019-09-25 05:50:21,136 [Thread-3123] INFO  impl.RoleInfo (RoleInfo.java:updateAndGet(143)) - 30620aa2-f8b3-4a53-9c80-c9f165f833cf: start LeaderElection
2019-09-25 05:50:21,149 [899bfb76-eea4-4ff6-823c-7995b606cb73@group-72CC30F29FD5-SegmentedRaftLogWorker] INFO  segmented.SegmentedRaftLogWorker (SegmentedRaftLogWorker.java:execute(569)) - 899bfb76-eea4-4ff6-823c-7995b606cb73@group-72CC30F29FD5-SegmentedRaftLogWorker: created new log segment /workdir/hadoop-ozone/integration-test/target/test-dir/MiniOzoneClusterImpl-2263fc46-0a90-446a-9f91-f67f9935a0e0/datanode-1/data/ratis/76e3d52c-d477-4da2-ab37-72cc30f29fd5/current/log_inprogress_0
2019-09-25 05:50:21,149 [30620aa2-f8b3-4a53-9c80-c9f165f833cf@group-BEB3042C6EFE:LeaderElection230] INFO  impl.LeaderElection (LeaderElection.java:askForVotes(182)) - 30620aa2-f8b3-4a53-9c80-c9f165f833cf@group-BEB3042C6EFE:LeaderElection230: begin an election at term 1 for -1: [30620aa2-f8b3-4a53-9c80-c9f165f833cf:192.168.30.10:39633], old=null
2019-09-25 05:50:21,149 [45ca45e9-b5b0-4fbb-a7fd-6b6ab106be2a@group-506F9A5138D9:LeaderElection229] INFO  impl.LeaderElection (LeaderElection.java:askForVotes(182)) - 45ca45e9-b5b0-4fbb-a7fd-6b6ab106be2a@group-506F9A5138D9:LeaderElection229: begin an election at term 1 for -1: [45ca45e9-b5b0-4fbb-a7fd-6b6ab106be2a:192.168.30.10:45824], old=null
2019-09-25 05:50:21,149 [30620aa2-f8b3-4a53-9c80-c9f165f833cf@group-BEB3042C6EFE:LeaderElection230] INFO  impl.RoleInfo (RoleInfo.java:shutdownLeaderElection(134)) - 30620aa2-f8b3-4a53-9c80-c9f165f833cf: shutdown LeaderElection
2019-09-25 05:50:21,149 [45ca45e9-b5b0-4fbb-a7fd-6b6ab106be2a@group-506F9A5138D9:LeaderElection229] INFO  impl.RoleInfo (RoleInfo.java:shutdownLeaderElection(134)) - 45ca45e9-b5b0-4fbb-a7fd-6b6ab106be2a: shutdown LeaderElection
2019-09-25 05:50:21,149 [30620aa2-f8b3-4a53-9c80-c9f165f833cf@group-BEB3042C6EFE:LeaderElection230] INFO  impl.RaftServerImpl (RaftServerImpl.java:setRole(174)) - 30620aa2-f8b3-4a53-9c80-c9f165f833cf@group-BEB3042C6EFE: changes role from CANDIDATE to LEADER at term 1 for changeToLeader
2019-09-25 05:50:21,149 [45ca45e9-b5b0-4fbb-a7fd-6b6ab106be2a@group-506F9A5138D9:LeaderElection229] INFO  impl.RaftServerImpl (RaftServerImpl.java:setRole(174)) - 45ca45e9-b5b0-4fbb-a7fd-6b6ab106be2a@group-506F9A5138D9: changes role from CANDIDATE to LEADER at term 1 for changeToLeader
2019-09-25 05:50:21,149 [30620aa2-f8b3-4a53-9c80-c9f165f833cf@group-BEB3042C6EFE:LeaderElection230] INFO  impl.RaftServerImpl (ServerState.java:setLeader(253)) - 30620aa2-f8b3-4a53-9c80-c9f165f833cf@group-BEB3042C6EFE: change Leader from null to 30620aa2-f8b3-4a53-9c80-c9f165f833cf at term 1 for becomeLeader, leader elected after 5161ms
2019-09-25 05:50:21,150 [45ca45e9-b5b0-4fbb-a7fd-6b6ab106be2a@group-506F9A5138D9:LeaderElection229] INFO  impl.RaftServerImpl (ServerState.java:setLeader(253)) - 45ca45e9-b5b0-4fbb-a7fd-6b6ab106be2a@group-506F9A5138D9: change Leader from null to 45ca45e9-b5b0-4fbb-a7fd-6b6ab106be2a at term 1 for becomeLeader, leader elected after 5232ms
2019-09-25 05:50:21,150 [30620aa2-f8b3-4a53-9c80-c9f165f833cf@group-BEB3042C6EFE:LeaderElection230] INFO  server.RaftServerConfigKeys (ConfUtils.java:logGet(43)) - raft.server.staging.catchup.gap = 1000 (default)
2019-09-25 05:50:21,150 [45ca45e9-b5b0-4fbb-a7fd-6b6ab106be2a@group-506F9A5138D9:LeaderElection229] INFO  server.RaftServerConfigKeys (ConfUtils.java:logGet(43)) - raft.server.staging.catchup.gap = 1000 (default)
2019-09-25 05:50:21,150 [30620aa2-f8b3-4a53-9c80-c9f165f833cf@group-BEB3042C6EFE:LeaderElection230] INFO  server.RaftServerConfigKeys (ConfUtils.java:logGet(43)) - raft.server.rpc.sleep.time = 25ms (default)
2019-09-25 05:50:21,150 [45ca45e9-b5b0-4fbb-a7fd-6b6ab106be2a@group-506F9A5138D9:LeaderElection229] INFO  server.RaftServerConfigKeys (ConfUtils.java:logGet(43)) - raft.server.rpc.sleep.time = 25ms (default)
2019-09-25 05:50:21,150 [30620aa2-f8b3-4a53-9c80-c9f165f833cf@group-BEB3042C6EFE:LeaderElection230] INFO  server.RaftServerConfigKeys (ConfUtils.java:logGet(43)) - raft.server.write.element-limit = 4096 (default)
2019-09-25 05:50:21,150 [45ca45e9-b5b0-4fbb-a7fd-6b6ab106be2a@group-506F9A5138D9:LeaderElection229] INFO  server.RaftServerConfigKeys (ConfUtils.java:logGet(43)) - raft.server.write.element-limit = 4096 (default)
2019-09-25 05:50:21,150 [30620aa2-f8b3-4a53-9c80-c9f165f833cf@group-BEB3042C6EFE:LeaderElection230] INFO  server.RaftServerConfigKeys (ConfUtils.java:logGet(43)) - raft.server.watch.timeout = 10s (default)
2019-09-25 05:50:21,151 [45ca45e9-b5b0-4fbb-a7fd-6b6ab106be2a@group-506F9A5138D9:LeaderElection229] INFO  server.RaftServerConfigKeys (ConfUtils.java:logGet(43)) - raft.server.watch.timeout = 10s (default)
2019-09-25 05:50:21,151 [30620aa2-f8b3-4a53-9c80-c9f165f833cf@group-BEB3042C6EFE:LeaderElection230] INFO  server.RaftServerConfigKeys (ConfUtils.java:logGet(43)) - raft.server.watch.timeout.denomination = 1s (default)
2019-09-25 05:50:21,151 [45ca45e9-b5b0-4fbb-a7fd-6b6ab106be2a@group-506F9A5138D9:LeaderElection229] INFO  server.RaftServerConfigKeys (ConfUtils.java:logGet(43)) - raft.server.watch.timeout.denomination = 1s (default)
2019-09-25 05:50:21,151 [30620aa2-f8b3-4a53-9c80-c9f165f833cf@group-BEB3042C6EFE:LeaderElection230] INFO  server.RaftServerConfigKeys (ConfUtils.java:logGet(43)) - raft.server.watch.element-limit = 65536 (default)
2019-09-25 05:50:21,151 [45ca45e9-b5b0-4fbb-a7fd-6b6ab106be2a@group-506F9A5138D9:LeaderElection229] INFO  server.RaftServerConfigKeys (ConfUtils.java:logGet(43)) - raft.server.watch.element-limit = 65536 (default)
2019-09-25 05:50:21,154 [30620aa2-f8b3-4a53-9c80-c9f165f833cf@group-BEB3042C6EFE:LeaderElection230] INFO  impl.RoleInfo (RoleInfo.java:updateAndGet(143)) - 30620aa2-f8b3-4a53-9c80-c9f165f833cf: start LeaderState
2019-09-25 05:50:21,154 [45ca45e9-b5b0-4fbb-a7fd-6b6ab106be2a@group-506F9A5138D9:LeaderElection229] INFO  impl.RoleInfo (RoleInfo.java:updateAndGet(143)) - 45ca45e9-b5b0-4fbb-a7fd-6b6ab106be2a: start LeaderState
2019-09-25 05:50:21,154 [30620aa2-f8b3-4a53-9c80-c9f165f833cf@group-BEB3042C6EFE:LeaderElection230] INFO  segmented.SegmentedRaftLogWorker (SegmentedRaftLogWorker.java:startLogSegment(380)) - 30620aa2-f8b3-4a53-9c80-c9f165f833cf@group-BEB3042C6EFE-SegmentedRaftLogWorker: Starting segment from index:0
2019-09-25 05:50:21,154 [45ca45e9-b5b0-4fbb-a7fd-6b6ab106be2a@group-506F9A5138D9:LeaderElection229] INFO  segmented.SegmentedRaftLogWorker (SegmentedRaftLogWorker.java:startLogSegment(380)) - 45ca45e9-b5b0-4fbb-a7fd-6b6ab106be2a@group-506F9A5138D9-SegmentedRaftLogWorker: Starting segment from index:0
2019-09-25 05:50:21,155 [30620aa2-f8b3-4a53-9c80-c9f165f833cf@group-BEB3042C6EFE:LeaderElection230] INFO  impl.RaftServerImpl (ServerState.java:setRaftConf(354)) - 30620aa2-f8b3-4a53-9c80-c9f165f833cf@group-BEB3042C6EFE: set configuration 0: [30620aa2-f8b3-4a53-9c80-c9f165f833cf:192.168.30.10:39633], old=null at 0
2019-09-25 05:50:21,155 [45ca45e9-b5b0-4fbb-a7fd-6b6ab106be2a@group-506F9A5138D9:LeaderElection229] INFO  impl.RaftServerImpl (ServerState.java:setRaftConf(354)) - 45ca45e9-b5b0-4fbb-a7fd-6b6ab106be2a@group-506F9A5138D9: set configuration 0: [45ca45e9-b5b0-4fbb-a7fd-6b6ab106be2a:192.168.30.10:45824], old=null at 0
2019-09-25 05:50:21,162 [Thread-3126] INFO  impl.FollowerState (FollowerState.java:run(106)) - 899bfb76-eea4-4ff6-823c-7995b606cb73:group-0AC985B28A72 changes to CANDIDATE, lastRpcTime:5132, electionTimeout:5132ms
2019-09-25 05:50:21,162 [Thread-3126] INFO  impl.RoleInfo (RoleInfo.java:shutdownFollowerState(121)) - 899bfb76-eea4-4ff6-823c-7995b606cb73: shutdown FollowerState
2019-09-25 05:50:21,162 [Thread-3126] INFO  impl.RaftServerImpl (RaftServerImpl.java:setRole(174)) - 899bfb76-eea4-4ff6-823c-7995b606cb73@group-0AC985B28A72: changes role from  FOLLOWER to CANDIDATE at term 0 for changeToCandidate
2019-09-25 05:50:21,162 [Thread-3126] INFO  impl.RoleInfo (RoleInfo.java:updateAndGet(143)) - 899bfb76-eea4-4ff6-823c-7995b606cb73: start LeaderElection
2019-09-25 05:50:21,204 [30620aa2-f8b3-4a53-9c80-c9f165f833cf@group-BEB3042C6EFE-SegmentedRaftLogWorker] INFO  segmented.SegmentedRaftLogWorker (SegmentedRaftLogWorker.java:execute(569)) - 30620aa2-f8b3-4a53-9c80-c9f165f833cf@group-BEB3042C6EFE-SegmentedRaftLogWorker: created new log segment /workdir/hadoop-ozone/integration-test/target/test-dir/MiniOzoneClusterImpl-2263fc46-0a90-446a-9f91-f67f9935a0e0/datanode-3/data/ratis/bf22ea4f-7dc1-477a-8db0-beb3042c6efe/current/log_inprogress_0
2019-09-25 05:50:21,204 [899bfb76-eea4-4ff6-823c-7995b606cb73@group-0AC985B28A72:LeaderElection231] INFO  impl.LeaderElection (LeaderElection.java:askForVotes(182)) - 899bfb76-eea4-4ff6-823c-7995b606cb73@group-0AC985B28A72:LeaderElection231: begin an election at term 1 for -1: [899bfb76-eea4-4ff6-823c-7995b606cb73:192.168.30.10:35182], old=null
2019-09-25 05:50:21,204 [45ca45e9-b5b0-4fbb-a7fd-6b6ab106be2a@group-506F9A5138D9-SegmentedRaftLogWorker] INFO  segmented.SegmentedRaftLogWorker (SegmentedRaftLogWorker.java:execute(569)) - 45ca45e9-b5b0-4fbb-a7fd-6b6ab106be2a@group-506F9A5138D9-SegmentedRaftLogWorker: created new log segment /workdir/hadoop-ozone/integration-test/target/test-dir/MiniOzoneClusterImpl-2263fc46-0a90-446a-9f91-f67f9935a0e0/datanode-0/data/ratis/5118547c-d71d-4556-a6b5-506f9a5138d9/current/log_inprogress_0
2019-09-25 05:50:21,204 [899bfb76-eea4-4ff6-823c-7995b606cb73@group-0AC985B28A72:LeaderElection231] INFO  impl.RoleInfo (RoleInfo.java:shutdownLeaderElection(134)) - 899bfb76-eea4-4ff6-823c-7995b606cb73: shutdown LeaderElection
2019-09-25 05:50:21,205 [899bfb76-eea4-4ff6-823c-7995b606cb73@group-0AC985B28A72:LeaderElection231] INFO  impl.RaftServerImpl (RaftServerImpl.java:setRole(174)) - 899bfb76-eea4-4ff6-823c-7995b606cb73@group-0AC985B28A72: changes role from CANDIDATE to LEADER at term 1 for changeToLeader
2019-09-25 05:50:21,205 [899bfb76-eea4-4ff6-823c-7995b606cb73@group-0AC985B28A72:LeaderElection231] INFO  impl.RaftServerImpl (ServerState.java:setLeader(253)) - 899bfb76-eea4-4ff6-823c-7995b606cb73@group-0AC985B28A72: change Leader from null to 899bfb76-eea4-4ff6-823c-7995b606cb73 at term 1 for becomeLeader, leader elected after 5178ms
2019-09-25 05:50:21,205 [899bfb76-eea4-4ff6-823c-7995b606cb73@group-0AC985B28A72:LeaderElection231] INFO  server.RaftServerConfigKeys (ConfUtils.java:logGet(43)) - raft.server.staging.catchup.gap = 1000 (default)
2019-09-25 05:50:21,205 [899bfb76-eea4-4ff6-823c-7995b606cb73@group-0AC985B28A72:LeaderElection231] INFO  server.RaftServerConfigKeys (ConfUtils.java:logGet(43)) - raft.server.rpc.sleep.time = 25ms (default)
2019-09-25 05:50:21,205 [899bfb76-eea4-4ff6-823c-7995b606cb73@group-0AC985B28A72:LeaderElection231] INFO  server.RaftServerConfigKeys (ConfUtils.java:logGet(43)) - raft.server.write.element-limit = 4096 (default)
2019-09-25 05:50:21,205 [899bfb76-eea4-4ff6-823c-7995b606cb73@group-0AC985B28A72:LeaderElection231] INFO  server.RaftServerConfigKeys (ConfUtils.java:logGet(43)) - raft.server.watch.timeout = 10s (default)
2019-09-25 05:50:21,205 [899bfb76-eea4-4ff6-823c-7995b606cb73@group-0AC985B28A72:LeaderElection231] INFO  server.RaftServerConfigKeys (ConfUtils.java:logGet(43)) - raft.server.watch.timeout.denomination = 1s (default)
2019-09-25 05:50:21,205 [899bfb76-eea4-4ff6-823c-7995b606cb73@group-0AC985B28A72:LeaderElection231] INFO  server.RaftServerConfigKeys (ConfUtils.java:logGet(43)) - raft.server.watch.element-limit = 65536 (default)
2019-09-25 05:50:21,207 [899bfb76-eea4-4ff6-823c-7995b606cb73@group-0AC985B28A72:LeaderElection231] INFO  impl.RoleInfo (RoleInfo.java:updateAndGet(143)) - 899bfb76-eea4-4ff6-823c-7995b606cb73: start LeaderState
2019-09-25 05:50:21,207 [899bfb76-eea4-4ff6-823c-7995b606cb73@group-0AC985B28A72:LeaderElection231] INFO  segmented.SegmentedRaftLogWorker (SegmentedRaftLogWorker.java:startLogSegment(380)) - 899bfb76-eea4-4ff6-823c-7995b606cb73@group-0AC985B28A72-SegmentedRaftLogWorker: Starting segment from index:0
2019-09-25 05:50:21,208 [899bfb76-eea4-4ff6-823c-7995b606cb73@group-0AC985B28A72:LeaderElection231] INFO  impl.RaftServerImpl (ServerState.java:setRaftConf(354)) - 899bfb76-eea4-4ff6-823c-7995b606cb73@group-0AC985B28A72: set configuration 0: [899bfb76-eea4-4ff6-823c-7995b606cb73:192.168.30.10:35182], old=null at 0
2019-09-25 05:50:21,219 [Thread-3132] INFO  impl.FollowerState (FollowerState.java:run(106)) - 899bfb76-eea4-4ff6-823c-7995b606cb73:group-8E707E947E9C changes to CANDIDATE, lastRpcTime:5142, electionTimeout:5142ms
2019-09-25 05:50:21,219 [Thread-3132] INFO  impl.RoleInfo (RoleInfo.java:shutdownFollowerState(121)) - 899bfb76-eea4-4ff6-823c-7995b606cb73: shutdown FollowerState
2019-09-25 05:50:21,219 [Thread-3132] INFO  impl.RaftServerImpl (RaftServerImpl.java:setRole(174)) - 899bfb76-eea4-4ff6-823c-7995b606cb73@group-8E707E947E9C: changes role from  FOLLOWER to CANDIDATE at term 0 for changeToCandidate
2019-09-25 05:50:21,219 [Thread-3132] INFO  impl.RoleInfo (RoleInfo.java:updateAndGet(143)) - 899bfb76-eea4-4ff6-823c-7995b606cb73: start LeaderElection
2019-09-25 05:50:21,242 [Thread-3147] INFO  impl.FollowerState (FollowerState.java:run(106)) - dc430975-089c-40cd-a0f1-208b2374b924:group-FC42EF922B8D changes to CANDIDATE, lastRpcTime:5010, electionTimeout:5009ms
2019-09-25 05:50:21,242 [Thread-3147] INFO  impl.RoleInfo (RoleInfo.java:shutdownFollowerState(121)) - dc430975-089c-40cd-a0f1-208b2374b924: shutdown FollowerState
2019-09-25 05:50:21,242 [Thread-3147] INFO  impl.RaftServerImpl (RaftServerImpl.java:setRole(174)) - dc430975-089c-40cd-a0f1-208b2374b924@group-FC42EF922B8D: changes role from  FOLLOWER to CANDIDATE at term 0 for changeToCandidate
2019-09-25 05:50:21,242 [Thread-3138] INFO  impl.FollowerState (FollowerState.java:run(106)) - 30620aa2-f8b3-4a53-9c80-c9f165f833cf:group-107C703F676D changes to CANDIDATE, lastRpcTime:5094, electionTimeout:5081ms
2019-09-25 05:50:21,243 [Thread-3147] INFO  impl.RoleInfo (RoleInfo.java:updateAndGet(143)) - dc430975-089c-40cd-a0f1-208b2374b924: start LeaderElection
2019-09-25 05:50:21,243 [Thread-3138] INFO  impl.RoleInfo (RoleInfo.java:shutdownFollowerState(121)) - 30620aa2-f8b3-4a53-9c80-c9f165f833cf: shutdown FollowerState
2019-09-25 05:50:21,243 [Thread-3138] INFO  impl.RaftServerImpl (RaftServerImpl.java:setRole(174)) - 30620aa2-f8b3-4a53-9c80-c9f165f833cf@group-107C703F676D: changes role from  FOLLOWER to CANDIDATE at term 0 for changeToCandidate
2019-09-25 05:50:21,243 [Thread-3138] INFO  impl.RoleInfo (RoleInfo.java:updateAndGet(143)) - 30620aa2-f8b3-4a53-9c80-c9f165f833cf: start LeaderElection
2019-09-25 05:50:21,250 [Thread-3135] INFO  impl.FollowerState (FollowerState.java:run(106)) - 899bfb76-eea4-4ff6-823c-7995b606cb73:group-C3F531FD4549 changes to CANDIDATE, lastRpcTime:5137, electionTimeout:5135ms
2019-09-25 05:50:21,250 [Thread-3135] INFO  impl.RoleInfo (RoleInfo.java:shutdownFollowerState(121)) - 899bfb76-eea4-4ff6-823c-7995b606cb73: shutdown FollowerState
2019-09-25 05:50:21,250 [Thread-3135] INFO  impl.RaftServerImpl (RaftServerImpl.java:setRole(174)) - 899bfb76-eea4-4ff6-823c-7995b606cb73@group-C3F531FD4549: changes role from  FOLLOWER to CANDIDATE at term 0 for changeToCandidate
2019-09-25 05:50:21,250 [Thread-3135] INFO  impl.RoleInfo (RoleInfo.java:updateAndGet(143)) - 899bfb76-eea4-4ff6-823c-7995b606cb73: start LeaderElection
2019-09-25 05:50:21,253 [Thread-3141] INFO  impl.FollowerState (FollowerState.java:run(106)) - 30620aa2-f8b3-4a53-9c80-c9f165f833cf:group-51B2B28BABAE changes to CANDIDATE, lastRpcTime:5080, electionTimeout:5079ms
2019-09-25 05:50:21,253 [Thread-3129] INFO  impl.FollowerState (FollowerState.java:run(106)) - dc430975-089c-40cd-a0f1-208b2374b924:group-39F2D504FA8F changes to CANDIDATE, lastRpcTime:5199, electionTimeout:5198ms
2019-09-25 05:50:21,253 [Thread-3141] INFO  impl.RoleInfo (RoleInfo.java:shutdownFollowerState(121)) - 30620aa2-f8b3-4a53-9c80-c9f165f833cf: shutdown FollowerState
2019-09-25 05:50:21,254 [Thread-3129] INFO  impl.RoleInfo (RoleInfo.java:shutdownFollowerState(121)) - dc430975-089c-40cd-a0f1-208b2374b924: shutdown FollowerState
2019-09-25 05:50:21,254 [Thread-3141] INFO  impl.RaftServerImpl (RaftServerImpl.java:setRole(174)) - 30620aa2-f8b3-4a53-9c80-c9f165f833cf@group-51B2B28BABAE: changes role from  FOLLOWER to CANDIDATE at term 0 for changeToCandidate
2019-09-25 05:50:21,254 [Thread-3129] INFO  impl.RaftServerImpl (RaftServerImpl.java:setRole(174)) - dc430975-089c-40cd-a0f1-208b2374b924@group-39F2D504FA8F: changes role from  FOLLOWER to CANDIDATE at term 0 for changeToCandidate
2019-09-25 05:50:21,254 [Thread-3141] INFO  impl.RoleInfo (RoleInfo.java:updateAndGet(143)) - 30620aa2-f8b3-4a53-9c80-c9f165f833cf: start LeaderElection
2019-09-25 05:50:21,254 [Thread-3129] INFO  impl.RoleInfo (RoleInfo.java:updateAndGet(143)) - dc430975-089c-40cd-a0f1-208b2374b924: start LeaderElection
2019-09-25 05:50:21,257 [899bfb76-eea4-4ff6-823c-7995b606cb73@group-0AC985B28A72-SegmentedRaftLogWorker] INFO  segmented.SegmentedRaftLogWorker (SegmentedRaftLogWorker.java:execute(569)) - 899bfb76-eea4-4ff6-823c-7995b606cb73@group-0AC985B28A72-SegmentedRaftLogWorker: created new log segment /workdir/hadoop-ozone/integration-test/target/test-dir/MiniOzoneClusterImpl-2263fc46-0a90-446a-9f91-f67f9935a0e0/datanode-1/data/ratis/490c52a8-e655-4186-a7b4-0ac985b28a72/current/log_inprogress_0
2019-09-25 05:50:21,260 [899bfb76-eea4-4ff6-823c-7995b606cb73@group-8E707E947E9C:LeaderElection232] INFO  impl.LeaderElection (LeaderElection.java:askForVotes(182)) - 899bfb76-eea4-4ff6-823c-7995b606cb73@group-8E707E947E9C:LeaderElection232: begin an election at term 1 for -1: [899bfb76-eea4-4ff6-823c-7995b606cb73:192.168.30.10:35182], old=null
2019-09-25 05:50:21,260 [899bfb76-eea4-4ff6-823c-7995b606cb73@group-8E707E947E9C:LeaderElection232] INFO  impl.RoleInfo (RoleInfo.java:shutdownLeaderElection(134)) - 899bfb76-eea4-4ff6-823c-7995b606cb73: shutdown LeaderElection
2019-09-25 05:50:21,260 [899bfb76-eea4-4ff6-823c-7995b606cb73@group-8E707E947E9C:LeaderElection232] INFO  impl.RaftServerImpl (RaftServerImpl.java:setRole(174)) - 899bfb76-eea4-4ff6-823c-7995b606cb73@group-8E707E947E9C: changes role from CANDIDATE to LEADER at term 1 for changeToLeader
2019-09-25 05:50:21,260 [899bfb76-eea4-4ff6-823c-7995b606cb73@group-8E707E947E9C:LeaderElection232] INFO  impl.RaftServerImpl (ServerState.java:setLeader(253)) - 899bfb76-eea4-4ff6-823c-7995b606cb73@group-8E707E947E9C: change Leader from null to 899bfb76-eea4-4ff6-823c-7995b606cb73 at term 1 for becomeLeader, leader elected after 5186ms
2019-09-25 05:50:21,260 [899bfb76-eea4-4ff6-823c-7995b606cb73@group-8E707E947E9C:LeaderElection232] INFO  server.RaftServerConfigKeys (ConfUtils.java:logGet(43)) - raft.server.staging.catchup.gap = 1000 (default)
2019-09-25 05:50:21,260 [899bfb76-eea4-4ff6-823c-7995b606cb73@group-8E707E947E9C:LeaderElection232] INFO  server.RaftServerConfigKeys (ConfUtils.java:logGet(43)) - raft.server.rpc.sleep.time = 25ms (default)
2019-09-25 05:50:21,261 [899bfb76-eea4-4ff6-823c-7995b606cb73@group-8E707E947E9C:LeaderElection232] INFO  server.RaftServerConfigKeys (ConfUtils.java:logGet(43)) - raft.server.write.element-limit = 4096 (default)
2019-09-25 05:50:21,261 [899bfb76-eea4-4ff6-823c-7995b606cb73@group-8E707E947E9C:LeaderElection232] INFO  server.RaftServerConfigKeys (ConfUtils.java:logGet(43)) - raft.server.watch.timeout = 10s (default)
2019-09-25 05:50:21,261 [899bfb76-eea4-4ff6-823c-7995b606cb73@group-8E707E947E9C:LeaderElection232] INFO  server.RaftServerConfigKeys (ConfUtils.java:logGet(43)) - raft.server.watch.timeout.denomination = 1s (default)
2019-09-25 05:50:21,261 [899bfb76-eea4-4ff6-823c-7995b606cb73@group-8E707E947E9C:LeaderElection232] INFO  server.RaftServerConfigKeys (ConfUtils.java:logGet(43)) - raft.server.watch.element-limit = 65536 (default)
2019-09-25 05:50:21,262 [899bfb76-eea4-4ff6-823c-7995b606cb73@group-8E707E947E9C:LeaderElection232] INFO  impl.RoleInfo (RoleInfo.java:updateAndGet(143)) - 899bfb76-eea4-4ff6-823c-7995b606cb73: start LeaderState
2019-09-25 05:50:21,263 [899bfb76-eea4-4ff6-823c-7995b606cb73@group-8E707E947E9C:LeaderElection232] INFO  segmented.SegmentedRaftLogWorker (SegmentedRaftLogWorker.java:startLogSegment(380)) - 899bfb76-eea4-4ff6-823c-7995b606cb73@group-8E707E947E9C-SegmentedRaftLogWorker: Starting segment from index:0
2019-09-25 05:50:21,263 [899bfb76-eea4-4ff6-823c-7995b606cb73@group-8E707E947E9C:LeaderElection232] INFO  impl.RaftServerImpl (ServerState.java:setRaftConf(354)) - 899bfb76-eea4-4ff6-823c-7995b606cb73@group-8E707E947E9C: set configuration 0: [899bfb76-eea4-4ff6-823c-7995b606cb73:192.168.30.10:35182], old=null at 0
2019-09-25 05:50:21,273 [dc430975-089c-40cd-a0f1-208b2374b924@group-39F2D504FA8F:LeaderElection237] INFO  impl.LeaderElection (LeaderElection.java:askForVotes(182)) - dc430975-089c-40cd-a0f1-208b2374b924@group-39F2D504FA8F:LeaderElection237: begin an election at term 1 for -1: [dc430975-089c-40cd-a0f1-208b2374b924:192.168.30.10:34467], old=null
2019-09-25 05:50:21,273 [30620aa2-f8b3-4a53-9c80-c9f165f833cf@group-107C703F676D:LeaderElection234] INFO  impl.LeaderElection (LeaderElection.java:askForVotes(182)) - 30620aa2-f8b3-4a53-9c80-c9f165f833cf@group-107C703F676D:LeaderElection234: begin an election at term 1 for -1: [30620aa2-f8b3-4a53-9c80-c9f165f833cf:192.168.30.10:39633], old=null
2019-09-25 05:50:21,273 [dc430975-089c-40cd-a0f1-208b2374b924@group-39F2D504FA8F:LeaderElection237] INFO  impl.RoleInfo (RoleInfo.java:shutdownLeaderElection(134)) - dc430975-089c-40cd-a0f1-208b2374b924: shutdown LeaderElection
2019-09-25 05:50:21,273 [30620aa2-f8b3-4a53-9c80-c9f165f833cf@group-51B2B28BABAE:LeaderElection236] INFO  impl.LeaderElection (LeaderElection.java:askForVotes(182)) - 30620aa2-f8b3-4a53-9c80-c9f165f833cf@group-51B2B28BABAE:LeaderElection236: begin an election at term 1 for -1: [30620aa2-f8b3-4a53-9c80-c9f165f833cf:192.168.30.10:39633], old=null
2019-09-25 05:50:21,273 [dc430975-089c-40cd-a0f1-208b2374b924@group-FC42EF922B8D:LeaderElection233] INFO  impl.LeaderElection (LeaderElection.java:askForVotes(182)) - dc430975-089c-40cd-a0f1-208b2374b924@group-FC42EF922B8D:LeaderElection233: begin an election at term 1 for -1: [dc430975-089c-40cd-a0f1-208b2374b924:192.168.30.10:34467], old=null
2019-09-25 05:50:21,273 [899bfb76-eea4-4ff6-823c-7995b606cb73@group-C3F531FD4549:LeaderElection235] INFO  impl.LeaderElection (LeaderElection.java:askForVotes(182)) - 899bfb76-eea4-4ff6-823c-7995b606cb73@group-C3F531FD4549:LeaderElection235: begin an election at term 1 for -1: [899bfb76-eea4-4ff6-823c-7995b606cb73:192.168.30.10:35182], old=null
2019-09-25 05:50:21,273 [dc430975-089c-40cd-a0f1-208b2374b924@group-FC42EF922B8D:LeaderElection233] INFO  impl.RoleInfo (RoleInfo.java:shutdownLeaderElection(134)) - dc430975-089c-40cd-a0f1-208b2374b924: shutdown LeaderElection
2019-09-25 05:50:21,273 [30620aa2-f8b3-4a53-9c80-c9f165f833cf@group-51B2B28BABAE:LeaderElection236] INFO  impl.RoleInfo (RoleInfo.java:shutdownLeaderElection(134)) - 30620aa2-f8b3-4a53-9c80-c9f165f833cf: shutdown LeaderElection
2019-09-25 05:50:21,273 [dc430975-089c-40cd-a0f1-208b2374b924@group-39F2D504FA8F:LeaderElection237] INFO  impl.RaftServerImpl (RaftServerImpl.java:setRole(174)) - dc430975-089c-40cd-a0f1-208b2374b924@group-39F2D504FA8F: changes role from CANDIDATE to LEADER at term 1 for changeToLeader
2019-09-25 05:50:21,274 [dc430975-089c-40cd-a0f1-208b2374b924@group-39F2D504FA8F:LeaderElection237] INFO  impl.RaftServerImpl (ServerState.java:setLeader(253)) - dc430975-089c-40cd-a0f1-208b2374b924@group-39F2D504FA8F: change Leader from null to dc430975-089c-40cd-a0f1-208b2374b924 at term 1 for becomeLeader, leader elected after 5223ms
2019-09-25 05:50:21,273 [30620aa2-f8b3-4a53-9c80-c9f165f833cf@group-107C703F676D:LeaderElection234] INFO  impl.RoleInfo (RoleInfo.java:shutdownLeaderElection(134)) - 30620aa2-f8b3-4a53-9c80-c9f165f833cf: shutdown LeaderElection
2019-09-25 05:50:21,274 [dc430975-089c-40cd-a0f1-208b2374b924@group-39F2D504FA8F:LeaderElection237] INFO  server.RaftServerConfigKeys (ConfUtils.java:logGet(43)) - raft.server.staging.catchup.gap = 1000 (default)
2019-09-25 05:50:21,274 [dc430975-089c-40cd-a0f1-208b2374b924@group-39F2D504FA8F:LeaderElection237] INFO  server.RaftServerConfigKeys (ConfUtils.java:logGet(43)) - raft.server.rpc.sleep.time = 25ms (default)
2019-09-25 05:50:21,274 [30620aa2-f8b3-4a53-9c80-c9f165f833cf@group-51B2B28BABAE:LeaderElection236] INFO  impl.RaftServerImpl (RaftServerImpl.java:setRole(174)) - 30620aa2-f8b3-4a53-9c80-c9f165f833cf@group-51B2B28BABAE: changes role from CANDIDATE to LEADER at term 1 for changeToLeader
2019-09-25 05:50:21,274 [dc430975-089c-40cd-a0f1-208b2374b924@group-FC42EF922B8D:LeaderElection233] INFO  impl.RaftServerImpl (RaftServerImpl.java:setRole(174)) - dc430975-089c-40cd-a0f1-208b2374b924@group-FC42EF922B8D: changes role from CANDIDATE to LEADER at term 1 for changeToLeader
2019-09-25 05:50:21,273 [899bfb76-eea4-4ff6-823c-7995b606cb73@group-C3F531FD4549:LeaderElection235] INFO  impl.RoleInfo (RoleInfo.java:shutdownLeaderElection(134)) - 899bfb76-eea4-4ff6-823c-7995b606cb73: shutdown LeaderElection
2019-09-25 05:50:21,274 [dc430975-089c-40cd-a0f1-208b2374b924@group-FC42EF922B8D:LeaderElection233] INFO  impl.RaftServerImpl (ServerState.java:setLeader(253)) - dc430975-089c-40cd-a0f1-208b2374b924@group-FC42EF922B8D: change Leader from null to dc430975-089c-40cd-a0f1-208b2374b924 at term 1 for becomeLeader, leader elected after 5046ms
2019-09-25 05:50:21,274 [30620aa2-f8b3-4a53-9c80-c9f165f833cf@group-51B2B28BABAE:LeaderElection236] INFO  impl.RaftServerImpl (ServerState.java:setLeader(253)) - 30620aa2-f8b3-4a53-9c80-c9f165f833cf@group-51B2B28BABAE: change Leader from null to 30620aa2-f8b3-4a53-9c80-c9f165f833cf at term 1 for becomeLeader, leader elected after 5104ms
2019-09-25 05:50:21,274 [dc430975-089c-40cd-a0f1-208b2374b924@group-39F2D504FA8F:LeaderElection237] INFO  server.RaftServerConfigKeys (ConfUtils.java:logGet(43)) - raft.server.write.element-limit = 4096 (default)
2019-09-25 05:50:21,274 [30620aa2-f8b3-4a53-9c80-c9f165f833cf@group-107C703F676D:LeaderElection234] INFO  impl.RaftServerImpl (RaftServerImpl.java:setRole(174)) - 30620aa2-f8b3-4a53-9c80-c9f165f833cf@group-107C703F676D: changes role from CANDIDATE to LEADER at term 1 for changeToLeader
2019-09-25 05:50:21,275 [dc430975-089c-40cd-a0f1-208b2374b924@group-39F2D504FA8F:LeaderElection237] INFO  server.RaftServerConfigKeys (ConfUtils.java:logGet(43)) - raft.server.watch.timeout = 10s (default)
2019-09-25 05:50:21,275 [30620aa2-f8b3-4a53-9c80-c9f165f833cf@group-51B2B28BABAE:LeaderElection236] INFO  server.RaftServerConfigKeys (ConfUtils.java:logGet(43)) - raft.server.staging.catchup.gap = 1000 (default)
2019-09-25 05:50:21,275 [dc430975-089c-40cd-a0f1-208b2374b924@group-FC42EF922B8D:LeaderElection233] INFO  server.RaftServerConfigKeys (ConfUtils.java:logGet(43)) - raft.server.staging.catchup.gap = 1000 (default)
2019-09-25 05:50:21,275 [dc430975-089c-40cd-a0f1-208b2374b924@group-FC42EF922B8D:LeaderElection233] INFO  server.RaftServerConfigKeys (ConfUtils.java:logGet(43)) - raft.server.rpc.sleep.time = 25ms (default)
2019-09-25 05:50:21,274 [899bfb76-eea4-4ff6-823c-7995b606cb73@group-C3F531FD4549:LeaderElection235] INFO  impl.RaftServerImpl (RaftServerImpl.java:setRole(174)) - 899bfb76-eea4-4ff6-823c-7995b606cb73@group-C3F531FD4549: changes role from CANDIDATE to LEADER at term 1 for changeToLeader
2019-09-25 05:50:21,275 [899bfb76-eea4-4ff6-823c-7995b606cb73@group-C3F531FD4549:LeaderElection235] INFO  impl.RaftServerImpl (ServerState.java:setLeader(253)) - 899bfb76-eea4-4ff6-823c-7995b606cb73@group-C3F531FD4549: change Leader from null to 899bfb76-eea4-4ff6-823c-7995b606cb73 at term 1 for becomeLeader, leader elected after 5166ms
2019-09-25 05:50:21,275 [dc430975-089c-40cd-a0f1-208b2374b924@group-FC42EF922B8D:LeaderElection233] INFO  server.RaftServerConfigKeys (ConfUtils.java:logGet(43)) - raft.server.write.element-limit = 4096 (default)
2019-09-25 05:50:21,275 [30620aa2-f8b3-4a53-9c80-c9f165f833cf@group-51B2B28BABAE:LeaderElection236] INFO  server.RaftServerConfigKeys (ConfUtils.java:logGet(43)) - raft.server.rpc.sleep.time = 25ms (default)
2019-09-25 05:50:21,275 [dc430975-089c-40cd-a0f1-208b2374b924@group-39F2D504FA8F:LeaderElection237] INFO  server.RaftServerConfigKeys (ConfUtils.java:logGet(43)) - raft.server.watch.timeout.denomination = 1s (default)
2019-09-25 05:50:21,275 [30620aa2-f8b3-4a53-9c80-c9f165f833cf@group-107C703F676D:LeaderElection234] INFO  impl.RaftServerImpl (ServerState.java:setLeader(253)) - 30620aa2-f8b3-4a53-9c80-c9f165f833cf@group-107C703F676D: change Leader from null to 30620aa2-f8b3-4a53-9c80-c9f165f833cf at term 1 for becomeLeader, leader elected after 5129ms
2019-09-25 05:50:21,276 [dc430975-089c-40cd-a0f1-208b2374b924@group-39F2D504FA8F:LeaderElection237] INFO  server.RaftServerConfigKeys (ConfUtils.java:logGet(43)) - raft.server.watch.element-limit = 65536 (default)
2019-09-25 05:50:21,276 [30620aa2-f8b3-4a53-9c80-c9f165f833cf@group-51B2B28BABAE:LeaderElection236] INFO  server.RaftServerConfigKeys (ConfUtils.java:logGet(43)) - raft.server.write.element-limit = 4096 (default)
2019-09-25 05:50:21,276 [dc430975-089c-40cd-a0f1-208b2374b924@group-FC42EF922B8D:LeaderElection233] INFO  server.RaftServerConfigKeys (ConfUtils.java:logGet(43)) - raft.server.watch.timeout = 10s (default)
2019-09-25 05:50:21,275 [899bfb76-eea4-4ff6-823c-7995b606cb73@group-C3F531FD4549:LeaderElection235] INFO  server.RaftServerConfigKeys (ConfUtils.java:logGet(43)) - raft.server.staging.catchup.gap = 1000 (default)
2019-09-25 05:50:21,276 [dc430975-089c-40cd-a0f1-208b2374b924@group-FC42EF922B8D:LeaderElection233] INFO  server.RaftServerConfigKeys (ConfUtils.java:logGet(43)) - raft.server.watch.timeout.denomination = 1s (default)
2019-09-25 05:50:21,276 [30620aa2-f8b3-4a53-9c80-c9f165f833cf@group-51B2B28BABAE:LeaderElection236] INFO  server.RaftServerConfigKeys (ConfUtils.java:logGet(43)) - raft.server.watch.timeout = 10s (default)
2019-09-25 05:50:21,276 [30620aa2-f8b3-4a53-9c80-c9f165f833cf@group-107C703F676D:LeaderElection234] INFO  server.RaftServerConfigKeys (ConfUtils.java:logGet(43)) - raft.server.staging.catchup.gap = 1000 (default)
2019-09-25 05:50:21,277 [30620aa2-f8b3-4a53-9c80-c9f165f833cf@group-51B2B28BABAE:LeaderElection236] INFO  server.RaftServerConfigKeys (ConfUtils.java:logGet(43)) - raft.server.watch.timeout.denomination = 1s (default)
2019-09-25 05:50:21,277 [30620aa2-f8b3-4a53-9c80-c9f165f833cf@group-51B2B28BABAE:LeaderElection236] INFO  server.RaftServerConfigKeys (ConfUtils.java:logGet(43)) - raft.server.watch.element-limit = 65536 (default)
2019-09-25 05:50:21,276 [dc430975-089c-40cd-a0f1-208b2374b924@group-FC42EF922B8D:LeaderElection233] INFO  server.RaftServerConfigKeys (ConfUtils.java:logGet(43)) - raft.server.watch.element-limit = 65536 (default)
2019-09-25 05:50:21,276 [899bfb76-eea4-4ff6-823c-7995b606cb73@group-C3F531FD4549:LeaderElection235] INFO  server.RaftServerConfigKeys (ConfUtils.java:logGet(43)) - raft.server.rpc.sleep.time = 25ms (default)
2019-09-25 05:50:21,277 [30620aa2-f8b3-4a53-9c80-c9f165f833cf@group-107C703F676D:LeaderElection234] INFO  server.RaftServerConfigKeys (ConfUtils.java:logGet(43)) - raft.server.rpc.sleep.time = 25ms (default)
2019-09-25 05:50:21,277 [899bfb76-eea4-4ff6-823c-7995b606cb73@group-C3F531FD4549:LeaderElection235] INFO  server.RaftServerConfigKeys (ConfUtils.java:logGet(43)) - raft.server.write.element-limit = 4096 (default)
2019-09-25 05:50:21,277 [899bfb76-eea4-4ff6-823c-7995b606cb73@group-C3F531FD4549:LeaderElection235] INFO  server.RaftServerConfigKeys (ConfUtils.java:logGet(43)) - raft.server.watch.timeout = 10s (default)
2019-09-25 05:50:21,277 [30620aa2-f8b3-4a53-9c80-c9f165f833cf@group-107C703F676D:LeaderElection234] INFO  server.RaftServerConfigKeys (ConfUtils.java:logGet(43)) - raft.server.write.element-limit = 4096 (default)
2019-09-25 05:50:21,277 [899bfb76-eea4-4ff6-823c-7995b606cb73@group-C3F531FD4549:LeaderElection235] INFO  server.RaftServerConfigKeys (ConfUtils.java:logGet(43)) - raft.server.watch.timeout.denomination = 1s (default)
2019-09-25 05:50:21,277 [30620aa2-f8b3-4a53-9c80-c9f165f833cf@group-107C703F676D:LeaderElection234] INFO  server.RaftServerConfigKeys (ConfUtils.java:logGet(43)) - raft.server.watch.timeout = 10s (default)
2019-09-25 05:50:21,277 [899bfb76-eea4-4ff6-823c-7995b606cb73@group-C3F531FD4549:LeaderElection235] INFO  server.RaftServerConfigKeys (ConfUtils.java:logGet(43)) - raft.server.watch.element-limit = 65536 (default)
2019-09-25 05:50:21,277 [30620aa2-f8b3-4a53-9c80-c9f165f833cf@group-107C703F676D:LeaderElection234] INFO  server.RaftServerConfigKeys (ConfUtils.java:logGet(43)) - raft.server.watch.timeout.denomination = 1s (default)
2019-09-25 05:50:21,278 [dc430975-089c-40cd-a0f1-208b2374b924@group-39F2D504FA8F:LeaderElection237] INFO  impl.RoleInfo (RoleInfo.java:updateAndGet(143)) - dc430975-089c-40cd-a0f1-208b2374b924: start LeaderState
2019-09-25 05:50:21,278 [30620aa2-f8b3-4a53-9c80-c9f165f833cf@group-107C703F676D:LeaderElection234] INFO  server.RaftServerConfigKeys (ConfUtils.java:logGet(43)) - raft.server.watch.element-limit = 65536 (default)
2019-09-25 05:50:21,278 [dc430975-089c-40cd-a0f1-208b2374b924@group-39F2D504FA8F:LeaderElection237] INFO  segmented.SegmentedRaftLogWorker (SegmentedRaftLogWorker.java:startLogSegment(380)) - dc430975-089c-40cd-a0f1-208b2374b924@group-39F2D504FA8F-SegmentedRaftLogWorker: Starting segment from index:0
2019-09-25 05:50:21,278 [dc430975-089c-40cd-a0f1-208b2374b924@group-39F2D504FA8F:LeaderElection237] INFO  impl.RaftServerImpl (ServerState.java:setRaftConf(354)) - dc430975-089c-40cd-a0f1-208b2374b924@group-39F2D504FA8F: set configuration 0: [dc430975-089c-40cd-a0f1-208b2374b924:192.168.30.10:34467], old=null at 0
2019-09-25 05:50:21,281 [30620aa2-f8b3-4a53-9c80-c9f165f833cf@group-51B2B28BABAE:LeaderElection236] INFO  impl.RoleInfo (RoleInfo.java:updateAndGet(143)) - 30620aa2-f8b3-4a53-9c80-c9f165f833cf: start LeaderState
2019-09-25 05:50:21,281 [30620aa2-f8b3-4a53-9c80-c9f165f833cf@group-51B2B28BABAE:LeaderElection236] INFO  segmented.SegmentedRaftLogWorker (SegmentedRaftLogWorker.java:startLogSegment(380)) - 30620aa2-f8b3-4a53-9c80-c9f165f833cf@group-51B2B28BABAE-SegmentedRaftLogWorker: Starting segment from index:0
2019-09-25 05:50:21,281 [dc430975-089c-40cd-a0f1-208b2374b924@group-FC42EF922B8D:LeaderElection233] INFO  impl.RoleInfo (RoleInfo.java:updateAndGet(143)) - dc430975-089c-40cd-a0f1-208b2374b924: start LeaderState
2019-09-25 05:50:21,281 [899bfb76-eea4-4ff6-823c-7995b606cb73@group-C3F531FD4549:LeaderElection235] INFO  impl.RoleInfo (RoleInfo.java:updateAndGet(143)) - 899bfb76-eea4-4ff6-823c-7995b606cb73: start LeaderState
2019-09-25 05:50:21,282 [30620aa2-f8b3-4a53-9c80-c9f165f833cf@group-107C703F676D:LeaderElection234] INFO  impl.RoleInfo (RoleInfo.java:updateAndGet(143)) - 30620aa2-f8b3-4a53-9c80-c9f165f833cf: start LeaderState
2019-09-25 05:50:21,281 [dc430975-089c-40cd-a0f1-208b2374b924@group-FC42EF922B8D:LeaderElection233] INFO  segmented.SegmentedRaftLogWorker (SegmentedRaftLogWorker.java:startLogSegment(380)) - dc430975-089c-40cd-a0f1-208b2374b924@group-FC42EF922B8D-SegmentedRaftLogWorker: Starting segment from index:0
2019-09-25 05:50:21,281 [30620aa2-f8b3-4a53-9c80-c9f165f833cf@group-51B2B28BABAE:LeaderElection236] INFO  impl.RaftServerImpl (ServerState.java:setRaftConf(354)) - 30620aa2-f8b3-4a53-9c80-c9f165f833cf@group-51B2B28BABAE: set configuration 0: [30620aa2-f8b3-4a53-9c80-c9f165f833cf:192.168.30.10:39633], old=null at 0
2019-09-25 05:50:21,282 [30620aa2-f8b3-4a53-9c80-c9f165f833cf@group-107C703F676D:LeaderElection234] INFO  segmented.SegmentedRaftLogWorker (SegmentedRaftLogWorker.java:startLogSegment(380)) - 30620aa2-f8b3-4a53-9c80-c9f165f833cf@group-107C703F676D-SegmentedRaftLogWorker: Starting segment from index:0
2019-09-25 05:50:21,282 [899bfb76-eea4-4ff6-823c-7995b606cb73@group-C3F531FD4549:LeaderElection235] INFO  segmented.SegmentedRaftLogWorker (SegmentedRaftLogWorker.java:startLogSegment(380)) - 899bfb76-eea4-4ff6-823c-7995b606cb73@group-C3F531FD4549-SegmentedRaftLogWorker: Starting segment from index:0
2019-09-25 05:50:21,282 [dc430975-089c-40cd-a0f1-208b2374b924@group-FC42EF922B8D:LeaderElection233] INFO  impl.RaftServerImpl (ServerState.java:setRaftConf(354)) - dc430975-089c-40cd-a0f1-208b2374b924@group-FC42EF922B8D: set configuration 0: [dc430975-089c-40cd-a0f1-208b2374b924:192.168.30.10:34467], old=null at 0
2019-09-25 05:50:21,282 [30620aa2-f8b3-4a53-9c80-c9f165f833cf@group-107C703F676D:LeaderElection234] INFO  impl.RaftServerImpl (ServerState.java:setRaftConf(354)) - 30620aa2-f8b3-4a53-9c80-c9f165f833cf@group-107C703F676D: set configuration 0: [30620aa2-f8b3-4a53-9c80-c9f165f833cf:192.168.30.10:39633], old=null at 0
2019-09-25 05:50:21,282 [899bfb76-eea4-4ff6-823c-7995b606cb73@group-C3F531FD4549:LeaderElection235] INFO  impl.RaftServerImpl (ServerState.java:setRaftConf(354)) - 899bfb76-eea4-4ff6-823c-7995b606cb73@group-C3F531FD4549: set configuration 0: [899bfb76-eea4-4ff6-823c-7995b606cb73:192.168.30.10:35182], old=null at 0
2019-09-25 05:50:21,312 [899bfb76-eea4-4ff6-823c-7995b606cb73@group-8E707E947E9C-SegmentedRaftLogWorker] INFO  segmented.SegmentedRaftLogWorker (SegmentedRaftLogWorker.java:execute(569)) - 899bfb76-eea4-4ff6-823c-7995b606cb73@group-8E707E947E9C-SegmentedRaftLogWorker: created new log segment /workdir/hadoop-ozone/integration-test/target/test-dir/MiniOzoneClusterImpl-2263fc46-0a90-446a-9f91-f67f9935a0e0/datanode-1/data/ratis/49eaa0e8-bbf9-4c19-9e7d-8e707e947e9c/current/log_inprogress_0
2019-09-25 05:50:21,325 [30620aa2-f8b3-4a53-9c80-c9f165f833cf@group-51B2B28BABAE-SegmentedRaftLogWorker] INFO  segmented.SegmentedRaftLogWorker (SegmentedRaftLogWorker.java:execute(569)) - 30620aa2-f8b3-4a53-9c80-c9f165f833cf@group-51B2B28BABAE-SegmentedRaftLogWorker: created new log segment /workdir/hadoop-ozone/integration-test/target/test-dir/MiniOzoneClusterImpl-2263fc46-0a90-446a-9f91-f67f9935a0e0/datanode-3/data/ratis/79c9e767-fce3-4030-b1b5-51b2b28babae/current/log_inprogress_0
2019-09-25 05:50:21,325 [dc430975-089c-40cd-a0f1-208b2374b924@group-39F2D504FA8F-SegmentedRaftLogWorker] INFO  segmented.SegmentedRaftLogWorker (SegmentedRaftLogWorker.java:execute(569)) - dc430975-089c-40cd-a0f1-208b2374b924@group-39F2D504FA8F-SegmentedRaftLogWorker: created new log segment /workdir/hadoop-ozone/integration-test/target/test-dir/MiniOzoneClusterImpl-2263fc46-0a90-446a-9f91-f67f9935a0e0/datanode-2/data/ratis/f5c0a52e-ac13-40e8-8231-39f2d504fa8f/current/log_inprogress_0
2019-09-25 05:50:21,325 [dc430975-089c-40cd-a0f1-208b2374b924@group-FC42EF922B8D-SegmentedRaftLogWorker] INFO  segmented.SegmentedRaftLogWorker (SegmentedRaftLogWorker.java:execute(569)) - dc430975-089c-40cd-a0f1-208b2374b924@group-FC42EF922B8D-SegmentedRaftLogWorker: created new log segment /workdir/hadoop-ozone/integration-test/target/test-dir/MiniOzoneClusterImpl-2263fc46-0a90-446a-9f91-f67f9935a0e0/datanode-2/data/ratis/9f87ccfc-aafd-4254-98a1-fc42ef922b8d/current/log_inprogress_0
2019-09-25 05:50:21,325 [899bfb76-eea4-4ff6-823c-7995b606cb73@group-C3F531FD4549-SegmentedRaftLogWorker] INFO  segmented.SegmentedRaftLogWorker (SegmentedRaftLogWorker.java:execute(569)) - 899bfb76-eea4-4ff6-823c-7995b606cb73@group-C3F531FD4549-SegmentedRaftLogWorker: created new log segment /workdir/hadoop-ozone/integration-test/target/test-dir/MiniOzoneClusterImpl-2263fc46-0a90-446a-9f91-f67f9935a0e0/datanode-1/data/ratis/fda12076-183f-4b8c-9200-c3f531fd4549/current/log_inprogress_0
2019-09-25 05:50:21,325 [30620aa2-f8b3-4a53-9c80-c9f165f833cf@group-107C703F676D-SegmentedRaftLogWorker] INFO  segmented.SegmentedRaftLogWorker (SegmentedRaftLogWorker.java:execute(569)) - 30620aa2-f8b3-4a53-9c80-c9f165f833cf@group-107C703F676D-SegmentedRaftLogWorker: created new log segment /workdir/hadoop-ozone/integration-test/target/test-dir/MiniOzoneClusterImpl-2263fc46-0a90-446a-9f91-f67f9935a0e0/datanode-3/data/ratis/f0d6df5e-d48e-4441-95f8-107c703f676d/current/log_inprogress_0
2019-09-25 05:50:21,327 [Thread-3144] INFO  impl.FollowerState (FollowerState.java:run(106)) - dc430975-089c-40cd-a0f1-208b2374b924:group-E99BBE6B0C19 changes to CANDIDATE, lastRpcTime:5119, electionTimeout:5119ms
2019-09-25 05:50:21,328 [Thread-3144] INFO  impl.RoleInfo (RoleInfo.java:shutdownFollowerState(121)) - dc430975-089c-40cd-a0f1-208b2374b924: shutdown FollowerState
2019-09-25 05:50:21,328 [Thread-3144] INFO  impl.RaftServerImpl (RaftServerImpl.java:setRole(174)) - dc430975-089c-40cd-a0f1-208b2374b924@group-E99BBE6B0C19: changes role from  FOLLOWER to CANDIDATE at term 0 for changeToCandidate
2019-09-25 05:50:21,328 [Thread-3144] INFO  impl.RoleInfo (RoleInfo.java:updateAndGet(143)) - dc430975-089c-40cd-a0f1-208b2374b924: start LeaderElection
2019-09-25 05:50:21,337 [Thread-3150] INFO  impl.FollowerState (FollowerState.java:run(106)) - dc430975-089c-40cd-a0f1-208b2374b924:group-828FA2595733 changes to CANDIDATE, lastRpcTime:5044, electionTimeout:5044ms
2019-09-25 05:50:21,337 [Thread-3150] INFO  impl.RoleInfo (RoleInfo.java:shutdownFollowerState(121)) - dc430975-089c-40cd-a0f1-208b2374b924: shutdown FollowerState
2019-09-25 05:50:21,337 [Thread-3150] INFO  impl.RaftServerImpl (RaftServerImpl.java:setRole(174)) - dc430975-089c-40cd-a0f1-208b2374b924@group-828FA2595733: changes role from  FOLLOWER to CANDIDATE at term 0 for changeToCandidate
2019-09-25 05:50:21,337 [Thread-3150] INFO  impl.RoleInfo (RoleInfo.java:updateAndGet(143)) - dc430975-089c-40cd-a0f1-208b2374b924: start LeaderElection
2019-09-25 05:50:21,356 [dc430975-089c-40cd-a0f1-208b2374b924@group-E99BBE6B0C19:LeaderElection238] INFO  impl.LeaderElection (LeaderElection.java:askForVotes(182)) - dc430975-089c-40cd-a0f1-208b2374b924@group-E99BBE6B0C19:LeaderElection238: begin an election at term 1 for -1: [dc430975-089c-40cd-a0f1-208b2374b924:192.168.30.10:34467], old=null
2019-09-25 05:50:21,357 [dc430975-089c-40cd-a0f1-208b2374b924@group-E99BBE6B0C19:LeaderElection238] INFO  impl.RoleInfo (RoleInfo.java:shutdownLeaderElection(134)) - dc430975-089c-40cd-a0f1-208b2374b924: shutdown LeaderElection
2019-09-25 05:50:21,357 [dc430975-089c-40cd-a0f1-208b2374b924@group-E99BBE6B0C19:LeaderElection238] INFO  impl.RaftServerImpl (RaftServerImpl.java:setRole(174)) - dc430975-089c-40cd-a0f1-208b2374b924@group-E99BBE6B0C19: changes role from CANDIDATE to LEADER at term 1 for changeToLeader
2019-09-25 05:50:21,357 [dc430975-089c-40cd-a0f1-208b2374b924@group-E99BBE6B0C19:LeaderElection238] INFO  impl.RaftServerImpl (ServerState.java:setLeader(253)) - dc430975-089c-40cd-a0f1-208b2374b924@group-E99BBE6B0C19: change Leader from null to dc430975-089c-40cd-a0f1-208b2374b924 at term 1 for becomeLeader, leader elected after 5151ms
2019-09-25 05:50:21,357 [dc430975-089c-40cd-a0f1-208b2374b924@group-E99BBE6B0C19:LeaderElection238] INFO  server.RaftServerConfigKeys (ConfUtils.java:logGet(43)) - raft.server.staging.catchup.gap = 1000 (default)
2019-09-25 05:50:21,357 [dc430975-089c-40cd-a0f1-208b2374b924@group-E99BBE6B0C19:LeaderElection238] INFO  server.RaftServerConfigKeys (ConfUtils.java:logGet(43)) - raft.server.rpc.sleep.time = 25ms (default)
2019-09-25 05:50:21,357 [dc430975-089c-40cd-a0f1-208b2374b924@group-E99BBE6B0C19:LeaderElection238] INFO  server.RaftServerConfigKeys (ConfUtils.java:logGet(43)) - raft.server.write.element-limit = 4096 (default)
2019-09-25 05:50:21,357 [dc430975-089c-40cd-a0f1-208b2374b924@group-E99BBE6B0C19:LeaderElection238] INFO  server.RaftServerConfigKeys (ConfUtils.java:logGet(43)) - raft.server.watch.timeout = 10s (default)
2019-09-25 05:50:21,357 [dc430975-089c-40cd-a0f1-208b2374b924@group-E99BBE6B0C19:LeaderElection238] INFO  server.RaftServerConfigKeys (ConfUtils.java:logGet(43)) - raft.server.watch.timeout.denomination = 1s (default)
2019-09-25 05:50:21,357 [dc430975-089c-40cd-a0f1-208b2374b924@group-E99BBE6B0C19:LeaderElection238] INFO  server.RaftServerConfigKeys (ConfUtils.java:logGet(43)) - raft.server.watch.element-limit = 65536 (default)
2019-09-25 05:50:21,358 [dc430975-089c-40cd-a0f1-208b2374b924@group-E99BBE6B0C19:LeaderElection238] INFO  impl.RoleInfo (RoleInfo.java:updateAndGet(143)) - dc430975-089c-40cd-a0f1-208b2374b924: start LeaderState
2019-09-25 05:50:21,358 [dc430975-089c-40cd-a0f1-208b2374b924@group-E99BBE6B0C19:LeaderElection238] INFO  segmented.SegmentedRaftLogWorker (SegmentedRaftLogWorker.java:startLogSegment(380)) - dc430975-089c-40cd-a0f1-208b2374b924@group-E99BBE6B0C19-SegmentedRaftLogWorker: Starting segment from index:0
2019-09-25 05:50:21,359 [dc430975-089c-40cd-a0f1-208b2374b924@group-828FA2595733:LeaderElection239] INFO  impl.LeaderElection (LeaderElection.java:askForVotes(182)) - dc430975-089c-40cd-a0f1-208b2374b924@group-828FA2595733:LeaderElection239: begin an election at term 1 for -1: [dc430975-089c-40cd-a0f1-208b2374b924:192.168.30.10:34467], old=null
2019-09-25 05:50:21,359 [dc430975-089c-40cd-a0f1-208b2374b924@group-E99BBE6B0C19:LeaderElection238] INFO  impl.RaftServerImpl (ServerState.java:setRaftConf(354)) - dc430975-089c-40cd-a0f1-208b2374b924@group-E99BBE6B0C19: set configuration 0: [dc430975-089c-40cd-a0f1-208b2374b924:192.168.30.10:34467], old=null at 0
2019-09-25 05:50:21,359 [dc430975-089c-40cd-a0f1-208b2374b924@group-828FA2595733:LeaderElection239] INFO  impl.RoleInfo (RoleInfo.java:shutdownLeaderElection(134)) - dc430975-089c-40cd-a0f1-208b2374b924: shutdown LeaderElection
2019-09-25 05:50:21,359 [dc430975-089c-40cd-a0f1-208b2374b924@group-828FA2595733:LeaderElection239] INFO  impl.RaftServerImpl (RaftServerImpl.java:setRole(174)) - dc430975-089c-40cd-a0f1-208b2374b924@group-828FA2595733: changes role from CANDIDATE to LEADER at term 1 for changeToLeader
2019-09-25 05:50:21,359 [dc430975-089c-40cd-a0f1-208b2374b924@group-828FA2595733:LeaderElection239] INFO  impl.RaftServerImpl (ServerState.java:setLeader(253)) - dc430975-089c-40cd-a0f1-208b2374b924@group-828FA2595733: change Leader from null to dc430975-089c-40cd-a0f1-208b2374b924 at term 1 for becomeLeader, leader elected after 5070ms
2019-09-25 05:50:21,360 [dc430975-089c-40cd-a0f1-208b2374b924@group-828FA2595733:LeaderElection239] INFO  server.RaftServerConfigKeys (ConfUtils.java:logGet(43)) - raft.server.staging.catchup.gap = 1000 (default)
2019-09-25 05:50:21,360 [dc430975-089c-40cd-a0f1-208b2374b924@group-828FA2595733:LeaderElection239] INFO  server.RaftServerConfigKeys (ConfUtils.java:logGet(43)) - raft.server.rpc.sleep.time = 25ms (default)
2019-09-25 05:50:21,360 [dc430975-089c-40cd-a0f1-208b2374b924@group-828FA2595733:LeaderElection239] INFO  server.RaftServerConfigKeys (ConfUtils.java:logGet(43)) - raft.server.write.element-limit = 4096 (default)
2019-09-25 05:50:21,360 [dc430975-089c-40cd-a0f1-208b2374b924@group-828FA2595733:LeaderElection239] INFO  server.RaftServerConfigKeys (ConfUtils.java:logGet(43)) - raft.server.watch.timeout = 10s (default)
2019-09-25 05:50:21,360 [dc430975-089c-40cd-a0f1-208b2374b924@group-828FA2595733:LeaderElection239] INFO  server.RaftServerConfigKeys (ConfUtils.java:logGet(43)) - raft.server.watch.timeout.denomination = 1s (default)
2019-09-25 05:50:21,360 [dc430975-089c-40cd-a0f1-208b2374b924@group-828FA2595733:LeaderElection239] INFO  server.RaftServerConfigKeys (ConfUtils.java:logGet(43)) - raft.server.watch.element-limit = 65536 (default)
2019-09-25 05:50:21,363 [dc430975-089c-40cd-a0f1-208b2374b924@group-828FA2595733:LeaderElection239] INFO  impl.RoleInfo (RoleInfo.java:updateAndGet(143)) - dc430975-089c-40cd-a0f1-208b2374b924: start LeaderState
2019-09-25 05:50:21,363 [dc430975-089c-40cd-a0f1-208b2374b924@group-828FA2595733:LeaderElection239] INFO  segmented.SegmentedRaftLogWorker (SegmentedRaftLogWorker.java:startLogSegment(380)) - dc430975-089c-40cd-a0f1-208b2374b924@group-828FA2595733-SegmentedRaftLogWorker: Starting segment from index:0
2019-09-25 05:50:21,363 [dc430975-089c-40cd-a0f1-208b2374b924@group-828FA2595733:LeaderElection239] INFO  impl.RaftServerImpl (ServerState.java:setRaftConf(354)) - dc430975-089c-40cd-a0f1-208b2374b924@group-828FA2595733: set configuration 0: [dc430975-089c-40cd-a0f1-208b2374b924:192.168.30.10:34467], old=null at 0
2019-09-25 05:50:21,402 [dc430975-089c-40cd-a0f1-208b2374b924@group-828FA2595733-SegmentedRaftLogWorker] INFO  segmented.SegmentedRaftLogWorker (SegmentedRaftLogWorker.java:execute(569)) - dc430975-089c-40cd-a0f1-208b2374b924@group-828FA2595733-SegmentedRaftLogWorker: created new log segment /workdir/hadoop-ozone/integration-test/target/test-dir/MiniOzoneClusterImpl-2263fc46-0a90-446a-9f91-f67f9935a0e0/datanode-2/data/ratis/8976ea94-cfe6-4afb-a176-828fa2595733/current/log_inprogress_0
2019-09-25 05:50:21,402 [dc430975-089c-40cd-a0f1-208b2374b924@group-E99BBE6B0C19-SegmentedRaftLogWorker] INFO  segmented.SegmentedRaftLogWorker (SegmentedRaftLogWorker.java:execute(569)) - dc430975-089c-40cd-a0f1-208b2374b924@group-E99BBE6B0C19-SegmentedRaftLogWorker: created new log segment /workdir/hadoop-ozone/integration-test/target/test-dir/MiniOzoneClusterImpl-2263fc46-0a90-446a-9f91-f67f9935a0e0/datanode-2/data/ratis/0b54cff6-abfe-4563-9cae-e99bbe6b0c19/current/log_inprogress_0
2019-09-25 05:50:21,412 [Thread-3159] INFO  impl.FollowerState (FollowerState.java:run(106)) - 30620aa2-f8b3-4a53-9c80-c9f165f833cf:group-0D990AF1D4C9 changes to CANDIDATE, lastRpcTime:5016, electionTimeout:5016ms
2019-09-25 05:50:21,412 [Thread-3159] INFO  impl.RoleInfo (RoleInfo.java:shutdownFollowerState(121)) - 30620aa2-f8b3-4a53-9c80-c9f165f833cf: shutdown FollowerState
2019-09-25 05:50:21,412 [Thread-3159] INFO  impl.RaftServerImpl (RaftServerImpl.java:setRole(174)) - 30620aa2-f8b3-4a53-9c80-c9f165f833cf@group-0D990AF1D4C9: changes role from  FOLLOWER to CANDIDATE at term 0 for changeToCandidate
2019-09-25 05:50:21,412 [Thread-3159] INFO  impl.RoleInfo (RoleInfo.java:updateAndGet(143)) - 30620aa2-f8b3-4a53-9c80-c9f165f833cf: start LeaderElection
2019-09-25 05:50:21,426 [30620aa2-f8b3-4a53-9c80-c9f165f833cf@group-0D990AF1D4C9:LeaderElection240] INFO  impl.LeaderElection (LeaderElection.java:askForVotes(182)) - 30620aa2-f8b3-4a53-9c80-c9f165f833cf@group-0D990AF1D4C9:LeaderElection240: begin an election at term 1 for -1: [30620aa2-f8b3-4a53-9c80-c9f165f833cf:192.168.30.10:39633], old=null
2019-09-25 05:50:21,426 [30620aa2-f8b3-4a53-9c80-c9f165f833cf@group-0D990AF1D4C9:LeaderElection240] INFO  impl.RoleInfo (RoleInfo.java:shutdownLeaderElection(134)) - 30620aa2-f8b3-4a53-9c80-c9f165f833cf: shutdown LeaderElection
2019-09-25 05:50:21,426 [30620aa2-f8b3-4a53-9c80-c9f165f833cf@group-0D990AF1D4C9:LeaderElection240] INFO  impl.RaftServerImpl (RaftServerImpl.java:setRole(174)) - 30620aa2-f8b3-4a53-9c80-c9f165f833cf@group-0D990AF1D4C9: changes role from CANDIDATE to LEADER at term 1 for changeToLeader
2019-09-25 05:50:21,426 [30620aa2-f8b3-4a53-9c80-c9f165f833cf@group-0D990AF1D4C9:LeaderElection240] INFO  impl.RaftServerImpl (ServerState.java:setLeader(253)) - 30620aa2-f8b3-4a53-9c80-c9f165f833cf@group-0D990AF1D4C9: change Leader from null to 30620aa2-f8b3-4a53-9c80-c9f165f833cf at term 1 for becomeLeader, leader elected after 5033ms
2019-09-25 05:50:21,426 [30620aa2-f8b3-4a53-9c80-c9f165f833cf@group-0D990AF1D4C9:LeaderElection240] INFO  server.RaftServerConfigKeys (ConfUtils.java:logGet(43)) - raft.server.staging.catchup.gap = 1000 (default)
2019-09-25 05:50:21,426 [30620aa2-f8b3-4a53-9c80-c9f165f833cf@group-0D990AF1D4C9:LeaderElection240] INFO  server.RaftServerConfigKeys (ConfUtils.java:logGet(43)) - raft.server.rpc.sleep.time = 25ms (default)
2019-09-25 05:50:21,426 [30620aa2-f8b3-4a53-9c80-c9f165f833cf@group-0D990AF1D4C9:LeaderElection240] INFO  server.RaftServerConfigKeys (ConfUtils.java:logGet(43)) - raft.server.write.element-limit = 4096 (default)
2019-09-25 05:50:21,427 [30620aa2-f8b3-4a53-9c80-c9f165f833cf@group-0D990AF1D4C9:LeaderElection240] INFO  server.RaftServerConfigKeys (ConfUtils.java:logGet(43)) - raft.server.watch.timeout = 10s (default)
2019-09-25 05:50:21,427 [30620aa2-f8b3-4a53-9c80-c9f165f833cf@group-0D990AF1D4C9:LeaderElection240] INFO  server.RaftServerConfigKeys (ConfUtils.java:logGet(43)) - raft.server.watch.timeout.denomination = 1s (default)
2019-09-25 05:50:21,427 [30620aa2-f8b3-4a53-9c80-c9f165f833cf@group-0D990AF1D4C9:LeaderElection240] INFO  server.RaftServerConfigKeys (ConfUtils.java:logGet(43)) - raft.server.watch.element-limit = 65536 (default)
2019-09-25 05:50:21,429 [30620aa2-f8b3-4a53-9c80-c9f165f833cf@group-0D990AF1D4C9:LeaderElection240] INFO  impl.RoleInfo (RoleInfo.java:updateAndGet(143)) - 30620aa2-f8b3-4a53-9c80-c9f165f833cf: start LeaderState
2019-09-25 05:50:21,429 [30620aa2-f8b3-4a53-9c80-c9f165f833cf@group-0D990AF1D4C9:LeaderElection240] INFO  segmented.SegmentedRaftLogWorker (SegmentedRaftLogWorker.java:startLogSegment(380)) - 30620aa2-f8b3-4a53-9c80-c9f165f833cf@group-0D990AF1D4C9-SegmentedRaftLogWorker: Starting segment from index:0
2019-09-25 05:50:21,429 [30620aa2-f8b3-4a53-9c80-c9f165f833cf@group-0D990AF1D4C9:LeaderElection240] INFO  impl.RaftServerImpl (ServerState.java:setRaftConf(354)) - 30620aa2-f8b3-4a53-9c80-c9f165f833cf@group-0D990AF1D4C9: set configuration 0: [30620aa2-f8b3-4a53-9c80-c9f165f833cf:192.168.30.10:39633], old=null at 0
2019-09-25 05:50:21,447 [Thread-3162] INFO  impl.FollowerState (FollowerState.java:run(106)) - 11c09e37-7211-4e36-88ba-de9fcd604807:group-73B23F2587F1 changes to CANDIDATE, lastRpcTime:5012, electionTimeout:5012ms
2019-09-25 05:50:21,448 [Thread-3162] INFO  impl.RoleInfo (RoleInfo.java:shutdownFollowerState(121)) - 11c09e37-7211-4e36-88ba-de9fcd604807: shutdown FollowerState
2019-09-25 05:50:21,448 [Thread-3162] INFO  impl.RaftServerImpl (RaftServerImpl.java:setRole(174)) - 11c09e37-7211-4e36-88ba-de9fcd604807@group-73B23F2587F1: changes role from  FOLLOWER to CANDIDATE at term 0 for changeToCandidate
2019-09-25 05:50:21,448 [Thread-3162] INFO  impl.RoleInfo (RoleInfo.java:updateAndGet(143)) - 11c09e37-7211-4e36-88ba-de9fcd604807: start LeaderElection
2019-09-25 05:50:21,462 [30620aa2-f8b3-4a53-9c80-c9f165f833cf@group-0D990AF1D4C9-SegmentedRaftLogWorker] INFO  segmented.SegmentedRaftLogWorker (SegmentedRaftLogWorker.java:execute(569)) - 30620aa2-f8b3-4a53-9c80-c9f165f833cf@group-0D990AF1D4C9-SegmentedRaftLogWorker: created new log segment /workdir/hadoop-ozone/integration-test/target/test-dir/MiniOzoneClusterImpl-2263fc46-0a90-446a-9f91-f67f9935a0e0/datanode-3/data/ratis/91fb5dec-a99b-43ed-bd6b-0d990af1d4c9/current/log_inprogress_0
2019-09-25 05:50:21,462 [11c09e37-7211-4e36-88ba-de9fcd604807@group-73B23F2587F1:LeaderElection241] INFO  impl.LeaderElection (LeaderElection.java:askForVotes(182)) - 11c09e37-7211-4e36-88ba-de9fcd604807@group-73B23F2587F1:LeaderElection241: begin an election at term 1 for -1: [11c09e37-7211-4e36-88ba-de9fcd604807:192.168.30.10:35566], old=null
2019-09-25 05:50:21,462 [11c09e37-7211-4e36-88ba-de9fcd604807@group-73B23F2587F1:LeaderElection241] INFO  impl.RoleInfo (RoleInfo.java:shutdownLeaderElection(134)) - 11c09e37-7211-4e36-88ba-de9fcd604807: shutdown LeaderElection
2019-09-25 05:50:21,462 [11c09e37-7211-4e36-88ba-de9fcd604807@group-73B23F2587F1:LeaderElection241] INFO  impl.RaftServerImpl (RaftServerImpl.java:setRole(174)) - 11c09e37-7211-4e36-88ba-de9fcd604807@group-73B23F2587F1: changes role from CANDIDATE to LEADER at term 1 for changeToLeader
2019-09-25 05:50:21,462 [11c09e37-7211-4e36-88ba-de9fcd604807@group-73B23F2587F1:LeaderElection241] INFO  impl.RaftServerImpl (ServerState.java:setLeader(253)) - 11c09e37-7211-4e36-88ba-de9fcd604807@group-73B23F2587F1: change Leader from null to 11c09e37-7211-4e36-88ba-de9fcd604807 at term 1 for becomeLeader, leader elected after 5031ms
2019-09-25 05:50:21,463 [11c09e37-7211-4e36-88ba-de9fcd604807@group-73B23F2587F1:LeaderElection241] INFO  server.RaftServerConfigKeys (ConfUtils.java:logGet(43)) - raft.server.staging.catchup.gap = 1000 (default)
2019-09-25 05:50:21,463 [11c09e37-7211-4e36-88ba-de9fcd604807@group-73B23F2587F1:LeaderElection241] INFO  server.RaftServerConfigKeys (ConfUtils.java:logGet(43)) - raft.server.rpc.sleep.time = 25ms (default)
2019-09-25 05:50:21,463 [11c09e37-7211-4e36-88ba-de9fcd604807@group-73B23F2587F1:LeaderElection241] INFO  server.RaftServerConfigKeys (ConfUtils.java:logGet(43)) - raft.server.write.element-limit = 4096 (default)
2019-09-25 05:50:21,463 [11c09e37-7211-4e36-88ba-de9fcd604807@group-73B23F2587F1:LeaderElection241] INFO  server.RaftServerConfigKeys (ConfUtils.java:logGet(43)) - raft.server.watch.timeout = 10s (default)
2019-09-25 05:50:21,463 [11c09e37-7211-4e36-88ba-de9fcd604807@group-73B23F2587F1:LeaderElection241] INFO  server.RaftServerConfigKeys (ConfUtils.java:logGet(43)) - raft.server.watch.timeout.denomination = 1s (default)
2019-09-25 05:50:21,463 [11c09e37-7211-4e36-88ba-de9fcd604807@group-73B23F2587F1:LeaderElection241] INFO  server.RaftServerConfigKeys (ConfUtils.java:logGet(43)) - raft.server.watch.element-limit = 65536 (default)
2019-09-25 05:50:21,464 [Thread-3153] INFO  impl.FollowerState (FollowerState.java:run(106)) - 74ee2b94-5a16-4fca-8dd4-c5490dc15294:group-2E46E4035930 changes to CANDIDATE, lastRpcTime:5129, electionTimeout:5129ms
2019-09-25 05:50:21,464 [Thread-3153] INFO  impl.RoleInfo (RoleInfo.java:shutdownFollowerState(121)) - 74ee2b94-5a16-4fca-8dd4-c5490dc15294: shutdown FollowerState
2019-09-25 05:50:21,464 [Thread-3153] INFO  impl.RaftServerImpl (RaftServerImpl.java:setRole(174)) - 74ee2b94-5a16-4fca-8dd4-c5490dc15294@group-2E46E4035930: changes role from  FOLLOWER to CANDIDATE at term 0 for changeToCandidate
2019-09-25 05:50:21,465 [Thread-3153] INFO  impl.RoleInfo (RoleInfo.java:updateAndGet(143)) - 74ee2b94-5a16-4fca-8dd4-c5490dc15294: start LeaderElection
2019-09-25 05:50:21,465 [11c09e37-7211-4e36-88ba-de9fcd604807@group-73B23F2587F1:LeaderElection241] INFO  impl.RoleInfo (RoleInfo.java:updateAndGet(143)) - 11c09e37-7211-4e36-88ba-de9fcd604807: start LeaderState
2019-09-25 05:50:21,466 [11c09e37-7211-4e36-88ba-de9fcd604807@group-73B23F2587F1:LeaderElection241] INFO  segmented.SegmentedRaftLogWorker (SegmentedRaftLogWorker.java:startLogSegment(380)) - 11c09e37-7211-4e36-88ba-de9fcd604807@group-73B23F2587F1-SegmentedRaftLogWorker: Starting segment from index:0
2019-09-25 05:50:21,466 [11c09e37-7211-4e36-88ba-de9fcd604807@group-73B23F2587F1:LeaderElection241] INFO  impl.RaftServerImpl (ServerState.java:setRaftConf(354)) - 11c09e37-7211-4e36-88ba-de9fcd604807@group-73B23F2587F1: set configuration 0: [11c09e37-7211-4e36-88ba-de9fcd604807:192.168.30.10:35566], old=null at 0
2019-09-25 05:50:21,478 [74ee2b94-5a16-4fca-8dd4-c5490dc15294@group-2E46E4035930:LeaderElection242] INFO  impl.LeaderElection (LeaderElection.java:askForVotes(182)) - 74ee2b94-5a16-4fca-8dd4-c5490dc15294@group-2E46E4035930:LeaderElection242: begin an election at term 1 for -1: [74ee2b94-5a16-4fca-8dd4-c5490dc15294:192.168.30.10:39250], old=null
2019-09-25 05:50:21,479 [74ee2b94-5a16-4fca-8dd4-c5490dc15294@group-2E46E4035930:LeaderElection242] INFO  impl.RoleInfo (RoleInfo.java:shutdownLeaderElection(134)) - 74ee2b94-5a16-4fca-8dd4-c5490dc15294: shutdown LeaderElection
2019-09-25 05:50:21,479 [74ee2b94-5a16-4fca-8dd4-c5490dc15294@group-2E46E4035930:LeaderElection242] INFO  impl.RaftServerImpl (RaftServerImpl.java:setRole(174)) - 74ee2b94-5a16-4fca-8dd4-c5490dc15294@group-2E46E4035930: changes role from CANDIDATE to LEADER at term 1 for changeToLeader
2019-09-25 05:50:21,479 [74ee2b94-5a16-4fca-8dd4-c5490dc15294@group-2E46E4035930:LeaderElection242] INFO  impl.RaftServerImpl (ServerState.java:setLeader(253)) - 74ee2b94-5a16-4fca-8dd4-c5490dc15294@group-2E46E4035930: change Leader from null to 74ee2b94-5a16-4fca-8dd4-c5490dc15294 at term 1 for becomeLeader, leader elected after 5148ms
2019-09-25 05:50:21,479 [74ee2b94-5a16-4fca-8dd4-c5490dc15294@group-2E46E4035930:LeaderElection242] INFO  server.RaftServerConfigKeys (ConfUtils.java:logGet(43)) - raft.server.staging.catchup.gap = 1000 (default)
2019-09-25 05:50:21,479 [74ee2b94-5a16-4fca-8dd4-c5490dc15294@group-2E46E4035930:LeaderElection242] INFO  server.RaftServerConfigKeys (ConfUtils.java:logGet(43)) - raft.server.rpc.sleep.time = 25ms (default)
2019-09-25 05:50:21,479 [74ee2b94-5a16-4fca-8dd4-c5490dc15294@group-2E46E4035930:LeaderElection242] INFO  server.RaftServerConfigKeys (ConfUtils.java:logGet(43)) - raft.server.write.element-limit = 4096 (default)
2019-09-25 05:50:21,479 [74ee2b94-5a16-4fca-8dd4-c5490dc15294@group-2E46E4035930:LeaderElection242] INFO  server.RaftServerConfigKeys (ConfUtils.java:logGet(43)) - raft.server.watch.timeout = 10s (default)
2019-09-25 05:50:21,480 [74ee2b94-5a16-4fca-8dd4-c5490dc15294@group-2E46E4035930:LeaderElection242] INFO  server.RaftServerConfigKeys (ConfUtils.java:logGet(43)) - raft.server.watch.timeout.denomination = 1s (default)
2019-09-25 05:50:21,480 [74ee2b94-5a16-4fca-8dd4-c5490dc15294@group-2E46E4035930:LeaderElection242] INFO  server.RaftServerConfigKeys (ConfUtils.java:logGet(43)) - raft.server.watch.element-limit = 65536 (default)
2019-09-25 05:50:21,482 [74ee2b94-5a16-4fca-8dd4-c5490dc15294@group-2E46E4035930:LeaderElection242] INFO  impl.RoleInfo (RoleInfo.java:updateAndGet(143)) - 74ee2b94-5a16-4fca-8dd4-c5490dc15294: start LeaderState
2019-09-25 05:50:21,482 [74ee2b94-5a16-4fca-8dd4-c5490dc15294@group-2E46E4035930:LeaderElection242] INFO  segmented.SegmentedRaftLogWorker (SegmentedRaftLogWorker.java:startLogSegment(380)) - 74ee2b94-5a16-4fca-8dd4-c5490dc15294@group-2E46E4035930-SegmentedRaftLogWorker: Starting segment from index:0
2019-09-25 05:50:21,483 [74ee2b94-5a16-4fca-8dd4-c5490dc15294@group-2E46E4035930:LeaderElection242] INFO  impl.RaftServerImpl (ServerState.java:setRaftConf(354)) - 74ee2b94-5a16-4fca-8dd4-c5490dc15294@group-2E46E4035930: set configuration 0: [74ee2b94-5a16-4fca-8dd4-c5490dc15294:192.168.30.10:39250], old=null at 0
2019-09-25 05:50:22,113 [Thread-3204] INFO  impl.FollowerState (FollowerState.java:run(106)) - dcab1bcb-c761-4b10-a04c-d2dcea4fab88:group-149078620245 changes to CANDIDATE, lastRpcTime:5163, electionTimeout:5072ms
2019-09-25 05:50:22,113 [Thread-3192] INFO  impl.FollowerState (FollowerState.java:run(106)) - 74ee2b94-5a16-4fca-8dd4-c5490dc15294:group-B43BCF422993 changes to CANDIDATE, lastRpcTime:5327, electionTimeout:5182ms
2019-09-25 05:50:22,113 [Thread-3180] WARN  util.JavaUtils (JavaUtils.java:sleep(250)) - Unexpected long sleep: sleep(5157ms) actually took 5487ms which is over the threshold 300ms
2019-09-25 05:50:22,110 [Thread-3195] INFO  impl.FollowerState (FollowerState.java:run(106)) - 74ee2b94-5a16-4fca-8dd4-c5490dc15294:group-D1324C182D4F changes to CANDIDATE, lastRpcTime:5286, electionTimeout:5050ms
2019-09-25 05:50:22,106 [Thread-3201] INFO  impl.FollowerState (FollowerState.java:run(106)) - dcab1bcb-c761-4b10-a04c-d2dcea4fab88:group-C5E80939C16D changes to CANDIDATE, lastRpcTime:5202, electionTimeout:5098ms
2019-09-25 05:50:22,106 [Thread-3210] INFO  impl.FollowerState (FollowerState.java:run(106)) - dcab1bcb-c761-4b10-a04c-d2dcea4fab88:group-3735EAB74F06 changes to CANDIDATE, lastRpcTime:5097, electionTimeout:5036ms
2019-09-25 05:50:22,146 [Thread-3210] INFO  impl.RoleInfo (RoleInfo.java:shutdownFollowerState(121)) - dcab1bcb-c761-4b10-a04c-d2dcea4fab88: shutdown FollowerState
2019-09-25 05:50:22,106 [Thread-3207] INFO  impl.FollowerState (FollowerState.java:run(106)) - dcab1bcb-c761-4b10-a04c-d2dcea4fab88:group-52B1D41F7C8E changes to CANDIDATE, lastRpcTime:5125, electionTimeout:5079ms
2019-09-25 05:50:22,106 [Thread-3198] INFO  impl.FollowerState (FollowerState.java:run(106)) - 74ee2b94-5a16-4fca-8dd4-c5490dc15294:group-7D88AA163EC6 changes to CANDIDATE, lastRpcTime:5245, electionTimeout:5198ms
2019-09-25 05:50:22,105 [Thread-3216] INFO  impl.FollowerState (FollowerState.java:run(106)) - dcab1bcb-c761-4b10-a04c-d2dcea4fab88:group-6B56182867DA changes to CANDIDATE, lastRpcTime:5021, electionTimeout:5011ms
2019-09-25 05:50:22,158 [Thread-3198] INFO  impl.RoleInfo (RoleInfo.java:shutdownFollowerState(121)) - 74ee2b94-5a16-4fca-8dd4-c5490dc15294: shutdown FollowerState
2019-09-25 05:50:22,152 [Thread-3207] INFO  impl.RoleInfo (RoleInfo.java:shutdownFollowerState(121)) - dcab1bcb-c761-4b10-a04c-d2dcea4fab88: shutdown FollowerState
2019-09-25 05:50:22,164 [Thread-3207] INFO  impl.RaftServerImpl (RaftServerImpl.java:setRole(174)) - dcab1bcb-c761-4b10-a04c-d2dcea4fab88@group-52B1D41F7C8E: changes role from  FOLLOWER to CANDIDATE at term 0 for changeToCandidate
2019-09-25 05:50:22,146 [Thread-3210] INFO  impl.RaftServerImpl (RaftServerImpl.java:setRole(174)) - dcab1bcb-c761-4b10-a04c-d2dcea4fab88@group-3735EAB74F06: changes role from  FOLLOWER to CANDIDATE at term 0 for changeToCandidate
2019-09-25 05:50:22,140 [Thread-3201] INFO  impl.RoleInfo (RoleInfo.java:shutdownFollowerState(121)) - dcab1bcb-c761-4b10-a04c-d2dcea4fab88: shutdown FollowerState
2019-09-25 05:50:22,134 [Thread-3195] INFO  impl.RoleInfo (RoleInfo.java:shutdownFollowerState(121)) - 74ee2b94-5a16-4fca-8dd4-c5490dc15294: shutdown FollowerState
2019-09-25 05:50:22,164 [Thread-3195] INFO  impl.RaftServerImpl (RaftServerImpl.java:setRole(174)) - 74ee2b94-5a16-4fca-8dd4-c5490dc15294@group-D1324C182D4F: changes role from  FOLLOWER to CANDIDATE at term 0 for changeToCandidate
2019-09-25 05:50:22,133 [11c09e37-7211-4e36-88ba-de9fcd604807@group-73B23F2587F1-SegmentedRaftLogWorker] INFO  segmented.SegmentedRaftLogWorker (SegmentedRaftLogWorker.java:execute(569)) - 11c09e37-7211-4e36-88ba-de9fcd604807@group-73B23F2587F1-SegmentedRaftLogWorker: created new log segment /workdir/hadoop-ozone/integration-test/target/test-dir/MiniOzoneClusterImpl-2263fc46-0a90-446a-9f91-f67f9935a0e0/datanode-4/data/ratis/4ae5ab31-0940-49c0-abe9-73b23f2587f1/current/log_inprogress_0
2019-09-25 05:50:22,128 [Thread-3192] INFO  impl.RoleInfo (RoleInfo.java:shutdownFollowerState(121)) - 74ee2b94-5a16-4fca-8dd4-c5490dc15294: shutdown FollowerState
2019-09-25 05:50:22,121 [Thread-3204] INFO  impl.RoleInfo (RoleInfo.java:shutdownFollowerState(121)) - dcab1bcb-c761-4b10-a04c-d2dcea4fab88: shutdown FollowerState
2019-09-25 05:50:22,121 [Thread-3186] WARN  util.JavaUtils (JavaUtils.java:sleep(250)) - Unexpected long sleep: sleep(5008ms) actually took 5425ms which is over the threshold 300ms
2019-09-25 05:50:22,121 [Thread-3174] WARN  util.JavaUtils (JavaUtils.java:sleep(250)) - Unexpected long sleep: sleep(5048ms) actually took 5562ms which is over the threshold 300ms
2019-09-25 05:50:22,121 [Thread-3177] WARN  util.JavaUtils (JavaUtils.java:sleep(250)) - Unexpected long sleep: sleep(5174ms) actually took 5524ms which is over the threshold 300ms
2019-09-25 05:50:22,121 [Thread-3171] WARN  util.JavaUtils (JavaUtils.java:sleep(250)) - Unexpected long sleep: sleep(5034ms) actually took 5599ms which is over the threshold 300ms
2019-09-25 05:50:22,121 [Thread-3168] WARN  util.JavaUtils (JavaUtils.java:sleep(250)) - Unexpected long sleep: sleep(5119ms) actually took 5635ms which is over the threshold 300ms
2019-09-25 05:50:22,121 [Thread-3189] WARN  util.JavaUtils (JavaUtils.java:sleep(250)) - Unexpected long sleep: sleep(5044ms) actually took 5385ms which is over the threshold 300ms
2019-09-25 05:50:22,121 [Thread-3183] WARN  util.JavaUtils (JavaUtils.java:sleep(250)) - Unexpected long sleep: sleep(5068ms) actually took 5459ms which is over the threshold 300ms
2019-09-25 05:50:22,121 [Thread-3165] WARN  util.JavaUtils (JavaUtils.java:sleep(250)) - Unexpected long sleep: sleep(5140ms) actually took 5658ms which is over the threshold 300ms
2019-09-25 05:50:22,121 [Thread-3156] WARN  util.JavaUtils (JavaUtils.java:sleep(250)) - Unexpected long sleep: sleep(5176ms) actually took 5748ms which is over the threshold 300ms
2019-09-25 05:50:22,165 [Thread-3204] INFO  impl.RaftServerImpl (RaftServerImpl.java:setRole(174)) - dcab1bcb-c761-4b10-a04c-d2dcea4fab88@group-149078620245: changes role from  FOLLOWER to CANDIDATE at term 0 for changeToCandidate
2019-09-25 05:50:22,165 [Thread-3192] INFO  impl.RaftServerImpl (RaftServerImpl.java:setRole(174)) - 74ee2b94-5a16-4fca-8dd4-c5490dc15294@group-B43BCF422993: changes role from  FOLLOWER to CANDIDATE at term 0 for changeToCandidate
2019-09-25 05:50:22,164 [Thread-3195] INFO  impl.RoleInfo (RoleInfo.java:updateAndGet(143)) - 74ee2b94-5a16-4fca-8dd4-c5490dc15294: start LeaderElection
2019-09-25 05:50:22,164 [Thread-3201] INFO  impl.RaftServerImpl (RaftServerImpl.java:setRole(174)) - dcab1bcb-c761-4b10-a04c-d2dcea4fab88@group-C5E80939C16D: changes role from  FOLLOWER to CANDIDATE at term 0 for changeToCandidate
2019-09-25 05:50:22,164 [Thread-3210] INFO  impl.RoleInfo (RoleInfo.java:updateAndGet(143)) - dcab1bcb-c761-4b10-a04c-d2dcea4fab88: start LeaderElection
2019-09-25 05:50:22,164 [Thread-3207] INFO  impl.RoleInfo (RoleInfo.java:updateAndGet(143)) - dcab1bcb-c761-4b10-a04c-d2dcea4fab88: start LeaderElection
2019-09-25 05:50:22,164 [Thread-3198] INFO  impl.RaftServerImpl (RaftServerImpl.java:setRole(174)) - 74ee2b94-5a16-4fca-8dd4-c5490dc15294@group-7D88AA163EC6: changes role from  FOLLOWER to CANDIDATE at term 0 for changeToCandidate
2019-09-25 05:50:22,164 [Thread-3216] INFO  impl.RoleInfo (RoleInfo.java:shutdownFollowerState(121)) - dcab1bcb-c761-4b10-a04c-d2dcea4fab88: shutdown FollowerState
2019-09-25 05:50:22,167 [Thread-3216] INFO  impl.RaftServerImpl (RaftServerImpl.java:setRole(174)) - dcab1bcb-c761-4b10-a04c-d2dcea4fab88@group-6B56182867DA: changes role from  FOLLOWER to CANDIDATE at term 0 for changeToCandidate
2019-09-25 05:50:22,167 [Thread-3192] INFO  impl.RoleInfo (RoleInfo.java:updateAndGet(143)) - 74ee2b94-5a16-4fca-8dd4-c5490dc15294: start LeaderElection
2019-09-25 05:50:22,166 [Thread-3204] INFO  impl.RoleInfo (RoleInfo.java:updateAndGet(143)) - dcab1bcb-c761-4b10-a04c-d2dcea4fab88: start LeaderElection
2019-09-25 05:50:22,180 [Thread-3216] INFO  impl.RoleInfo (RoleInfo.java:updateAndGet(143)) - dcab1bcb-c761-4b10-a04c-d2dcea4fab88: start LeaderElection
2019-09-25 05:50:22,181 [Thread-3198] INFO  impl.RoleInfo (RoleInfo.java:updateAndGet(143)) - 74ee2b94-5a16-4fca-8dd4-c5490dc15294: start LeaderElection
2019-09-25 05:50:22,199 [Thread-3201] INFO  impl.RoleInfo (RoleInfo.java:updateAndGet(143)) - dcab1bcb-c761-4b10-a04c-d2dcea4fab88: start LeaderElection
2019-09-25 05:50:22,232 [dcab1bcb-c761-4b10-a04c-d2dcea4fab88@group-6B56182867DA:LeaderElection250] INFO  impl.LeaderElection (LeaderElection.java:askForVotes(182)) - dcab1bcb-c761-4b10-a04c-d2dcea4fab88@group-6B56182867DA:LeaderElection250: begin an election at term 1 for -1: [dcab1bcb-c761-4b10-a04c-d2dcea4fab88:192.168.30.10:44857], old=null
2019-09-25 05:50:22,232 [74ee2b94-5a16-4fca-8dd4-c5490dc15294@group-D1324C182D4F:LeaderElection245] INFO  impl.LeaderElection (LeaderElection.java:askForVotes(182)) - 74ee2b94-5a16-4fca-8dd4-c5490dc15294@group-D1324C182D4F:LeaderElection245: begin an election at term 1 for -1: [74ee2b94-5a16-4fca-8dd4-c5490dc15294:192.168.30.10:39250], old=null
2019-09-25 05:50:22,232 [dcab1bcb-c761-4b10-a04c-d2dcea4fab88@group-52B1D41F7C8E:LeaderElection243] INFO  impl.LeaderElection (LeaderElection.java:askForVotes(182)) - dcab1bcb-c761-4b10-a04c-d2dcea4fab88@group-52B1D41F7C8E:LeaderElection243: begin an election at term 1 for -1: [dcab1bcb-c761-4b10-a04c-d2dcea4fab88:192.168.30.10:44857], old=null
2019-09-25 05:50:22,232 [dcab1bcb-c761-4b10-a04c-d2dcea4fab88@group-52B1D41F7C8E:LeaderElection243] INFO  impl.RoleInfo (RoleInfo.java:shutdownLeaderElection(134)) - dcab1bcb-c761-4b10-a04c-d2dcea4fab88: shutdown LeaderElection
2019-09-25 05:50:22,232 [dcab1bcb-c761-4b10-a04c-d2dcea4fab88@group-149078620245:LeaderElection246] INFO  impl.LeaderElection (LeaderElection.java:askForVotes(182)) - dcab1bcb-c761-4b10-a04c-d2dcea4fab88@group-149078620245:LeaderElection246: begin an election at term 1 for -1: [dcab1bcb-c761-4b10-a04c-d2dcea4fab88:192.168.30.10:44857], old=null
2019-09-25 05:50:22,233 [dcab1bcb-c761-4b10-a04c-d2dcea4fab88@group-52B1D41F7C8E:LeaderElection243] INFO  impl.RaftServerImpl (RaftServerImpl.java:setRole(174)) - dcab1bcb-c761-4b10-a04c-d2dcea4fab88@group-52B1D41F7C8E: changes role from CANDIDATE to LEADER at term 1 for changeToLeader
2019-09-25 05:50:22,233 [dcab1bcb-c761-4b10-a04c-d2dcea4fab88@group-52B1D41F7C8E:LeaderElection243] INFO  impl.RaftServerImpl (ServerState.java:setLeader(253)) - dcab1bcb-c761-4b10-a04c-d2dcea4fab88@group-52B1D41F7C8E: change Leader from null to dcab1bcb-c761-4b10-a04c-d2dcea4fab88 at term 1 for becomeLeader, leader elected after 5256ms
2019-09-25 05:50:22,232 [74ee2b94-5a16-4fca-8dd4-c5490dc15294@group-D1324C182D4F:LeaderElection245] INFO  impl.RoleInfo (RoleInfo.java:shutdownLeaderElection(134)) - 74ee2b94-5a16-4fca-8dd4-c5490dc15294: shutdown LeaderElection
2019-09-25 05:50:22,233 [74ee2b94-5a16-4fca-8dd4-c5490dc15294@group-D1324C182D4F:LeaderElection245] INFO  impl.RaftServerImpl (RaftServerImpl.java:setRole(174)) - 74ee2b94-5a16-4fca-8dd4-c5490dc15294@group-D1324C182D4F: changes role from CANDIDATE to LEADER at term 1 for changeToLeader
2019-09-25 05:50:22,232 [dcab1bcb-c761-4b10-a04c-d2dcea4fab88@group-6B56182867DA:LeaderElection250] INFO  impl.RoleInfo (RoleInfo.java:shutdownLeaderElection(134)) - dcab1bcb-c761-4b10-a04c-d2dcea4fab88: shutdown LeaderElection
2019-09-25 05:50:22,233 [74ee2b94-5a16-4fca-8dd4-c5490dc15294@group-D1324C182D4F:LeaderElection245] INFO  impl.RaftServerImpl (ServerState.java:setLeader(253)) - 74ee2b94-5a16-4fca-8dd4-c5490dc15294@group-D1324C182D4F: change Leader from null to 74ee2b94-5a16-4fca-8dd4-c5490dc15294 at term 1 for becomeLeader, leader elected after 5413ms
2019-09-25 05:50:22,233 [dcab1bcb-c761-4b10-a04c-d2dcea4fab88@group-52B1D41F7C8E:LeaderElection243] INFO  server.RaftServerConfigKeys (ConfUtils.java:logGet(43)) - raft.server.staging.catchup.gap = 1000 (default)
2019-09-25 05:50:22,233 [dcab1bcb-c761-4b10-a04c-d2dcea4fab88@group-149078620245:LeaderElection246] INFO  impl.RoleInfo (RoleInfo.java:shutdownLeaderElection(134)) - dcab1bcb-c761-4b10-a04c-d2dcea4fab88: shutdown LeaderElection
2019-09-25 05:50:22,233 [dcab1bcb-c761-4b10-a04c-d2dcea4fab88@group-52B1D41F7C8E:LeaderElection243] INFO  server.RaftServerConfigKeys (ConfUtils.java:logGet(43)) - raft.server.rpc.sleep.time = 25ms (default)
2019-09-25 05:50:22,233 [74ee2b94-5a16-4fca-8dd4-c5490dc15294@group-D1324C182D4F:LeaderElection245] INFO  server.RaftServerConfigKeys (ConfUtils.java:logGet(43)) - raft.server.staging.catchup.gap = 1000 (default)
2019-09-25 05:50:22,234 [74ee2b94-5a16-4fca-8dd4-c5490dc15294@group-D1324C182D4F:LeaderElection245] INFO  server.RaftServerConfigKeys (ConfUtils.java:logGet(43)) - raft.server.rpc.sleep.time = 25ms (default)
2019-09-25 05:50:22,233 [dcab1bcb-c761-4b10-a04c-d2dcea4fab88@group-6B56182867DA:LeaderElection250] INFO  impl.RaftServerImpl (RaftServerImpl.java:setRole(174)) - dcab1bcb-c761-4b10-a04c-d2dcea4fab88@group-6B56182867DA: changes role from CANDIDATE to LEADER at term 1 for changeToLeader
2019-09-25 05:50:22,234 [74ee2b94-5a16-4fca-8dd4-c5490dc15294@group-D1324C182D4F:LeaderElection245] INFO  server.RaftServerConfigKeys (ConfUtils.java:logGet(43)) - raft.server.write.element-limit = 4096 (default)
2019-09-25 05:50:22,234 [dcab1bcb-c761-4b10-a04c-d2dcea4fab88@group-52B1D41F7C8E:LeaderElection243] INFO  server.RaftServerConfigKeys (ConfUtils.java:logGet(43)) - raft.server.write.element-limit = 4096 (default)
2019-09-25 05:50:22,234 [dcab1bcb-c761-4b10-a04c-d2dcea4fab88@group-149078620245:LeaderElection246] INFO  impl.RaftServerImpl (RaftServerImpl.java:setRole(174)) - dcab1bcb-c761-4b10-a04c-d2dcea4fab88@group-149078620245: changes role from CANDIDATE to LEADER at term 1 for changeToLeader
2019-09-25 05:50:22,234 [dcab1bcb-c761-4b10-a04c-d2dcea4fab88@group-52B1D41F7C8E:LeaderElection243] INFO  server.RaftServerConfigKeys (ConfUtils.java:logGet(43)) - raft.server.watch.timeout = 10s (default)
2019-09-25 05:50:22,234 [dcab1bcb-c761-4b10-a04c-d2dcea4fab88@group-52B1D41F7C8E:LeaderElection243] INFO  server.RaftServerConfigKeys (ConfUtils.java:logGet(43)) - raft.server.watch.timeout.denomination = 1s (default)
2019-09-25 05:50:22,234 [74ee2b94-5a16-4fca-8dd4-c5490dc15294@group-D1324C182D4F:LeaderElection245] INFO  server.RaftServerConfigKeys (ConfUtils.java:logGet(43)) - raft.server.watch.timeout = 10s (default)
2019-09-25 05:50:22,234 [dcab1bcb-c761-4b10-a04c-d2dcea4fab88@group-6B56182867DA:LeaderElection250] INFO  impl.RaftServerImpl (ServerState.java:setLeader(253)) - dcab1bcb-c761-4b10-a04c-d2dcea4fab88@group-6B56182867DA: change Leader from null to dcab1bcb-c761-4b10-a04c-d2dcea4fab88 at term 1 for becomeLeader, leader elected after 5154ms
2019-09-25 05:50:22,235 [74ee2b94-5a16-4fca-8dd4-c5490dc15294@group-D1324C182D4F:LeaderElection245] INFO  server.RaftServerConfigKeys (ConfUtils.java:logGet(43)) - raft.server.watch.timeout.denomination = 1s (default)
2019-09-25 05:50:22,235 [dcab1bcb-c761-4b10-a04c-d2dcea4fab88@group-52B1D41F7C8E:LeaderElection243] INFO  server.RaftServerConfigKeys (ConfUtils.java:logGet(43)) - raft.server.watch.element-limit = 65536 (default)
2019-09-25 05:50:22,234 [dcab1bcb-c761-4b10-a04c-d2dcea4fab88@group-149078620245:LeaderElection246] INFO  impl.RaftServerImpl (ServerState.java:setLeader(253)) - dcab1bcb-c761-4b10-a04c-d2dcea4fab88@group-149078620245: change Leader from null to dcab1bcb-c761-4b10-a04c-d2dcea4fab88 at term 1 for becomeLeader, leader elected after 5296ms
2019-09-25 05:50:22,235 [74ee2b94-5a16-4fca-8dd4-c5490dc15294@group-D1324C182D4F:LeaderElection245] INFO  server.RaftServerConfigKeys (ConfUtils.java:logGet(43)) - raft.server.watch.element-limit = 65536 (default)
2019-09-25 05:50:22,235 [dcab1bcb-c761-4b10-a04c-d2dcea4fab88@group-6B56182867DA:LeaderElection250] INFO  server.RaftServerConfigKeys (ConfUtils.java:logGet(43)) - raft.server.staging.catchup.gap = 1000 (default)
2019-09-25 05:50:22,235 [dcab1bcb-c761-4b10-a04c-d2dcea4fab88@group-149078620245:LeaderElection246] INFO  server.RaftServerConfigKeys (ConfUtils.java:logGet(43)) - raft.server.staging.catchup.gap = 1000 (default)
2019-09-25 05:50:22,235 [dcab1bcb-c761-4b10-a04c-d2dcea4fab88@group-6B56182867DA:LeaderElection250] INFO  server.RaftServerConfigKeys (ConfUtils.java:logGet(43)) - raft.server.rpc.sleep.time = 25ms (default)
2019-09-25 05:50:22,236 [dcab1bcb-c761-4b10-a04c-d2dcea4fab88@group-149078620245:LeaderElection246] INFO  server.RaftServerConfigKeys (ConfUtils.java:logGet(43)) - raft.server.rpc.sleep.time = 25ms (default)
2019-09-25 05:50:22,236 [dcab1bcb-c761-4b10-a04c-d2dcea4fab88@group-6B56182867DA:LeaderElection250] INFO  server.RaftServerConfigKeys (ConfUtils.java:logGet(43)) - raft.server.write.element-limit = 4096 (default)
2019-09-25 05:50:22,236 [dcab1bcb-c761-4b10-a04c-d2dcea4fab88@group-149078620245:LeaderElection246] INFO  server.RaftServerConfigKeys (ConfUtils.java:logGet(43)) - raft.server.write.element-limit = 4096 (default)
2019-09-25 05:50:22,236 [Thread-3213] INFO  impl.FollowerState (FollowerState.java:run(106)) - dcab1bcb-c761-4b10-a04c-d2dcea4fab88:group-F603F25A30DA changes to CANDIDATE, lastRpcTime:5190, electionTimeout:5190ms
2019-09-25 05:50:22,236 [dcab1bcb-c761-4b10-a04c-d2dcea4fab88@group-6B56182867DA:LeaderElection250] INFO  server.RaftServerConfigKeys (ConfUtils.java:logGet(43)) - raft.server.watch.timeout = 10s (default)
2019-09-25 05:50:22,237 [Thread-3213] INFO  impl.RoleInfo (RoleInfo.java:shutdownFollowerState(121)) - dcab1bcb-c761-4b10-a04c-d2dcea4fab88: shutdown FollowerState
2019-09-25 05:50:22,237 [Thread-3213] INFO  impl.RaftServerImpl (RaftServerImpl.java:setRole(174)) - dcab1bcb-c761-4b10-a04c-d2dcea4fab88@group-F603F25A30DA: changes role from  FOLLOWER to CANDIDATE at term 0 for changeToCandidate
2019-09-25 05:50:22,236 [dcab1bcb-c761-4b10-a04c-d2dcea4fab88@group-149078620245:LeaderElection246] INFO  server.RaftServerConfigKeys (ConfUtils.java:logGet(43)) - raft.server.watch.timeout = 10s (default)
2019-09-25 05:50:22,237 [dcab1bcb-c761-4b10-a04c-d2dcea4fab88@group-6B56182867DA:LeaderElection250] INFO  server.RaftServerConfigKeys (ConfUtils.java:logGet(43)) - raft.server.watch.timeout.denomination = 1s (default)
2019-09-25 05:50:22,238 [dcab1bcb-c761-4b10-a04c-d2dcea4fab88@group-149078620245:LeaderElection246] INFO  server.RaftServerConfigKeys (ConfUtils.java:logGet(43)) - raft.server.watch.timeout.denomination = 1s (default)
2019-09-25 05:50:22,238 [dcab1bcb-c761-4b10-a04c-d2dcea4fab88@group-6B56182867DA:LeaderElection250] INFO  server.RaftServerConfigKeys (ConfUtils.java:logGet(43)) - raft.server.watch.element-limit = 65536 (default)
2019-09-25 05:50:22,238 [dcab1bcb-c761-4b10-a04c-d2dcea4fab88@group-149078620245:LeaderElection246] INFO  server.RaftServerConfigKeys (ConfUtils.java:logGet(43)) - raft.server.watch.element-limit = 65536 (default)
2019-09-25 05:50:22,246 [dcab1bcb-c761-4b10-a04c-d2dcea4fab88@group-52B1D41F7C8E:LeaderElection243] INFO  impl.RoleInfo (RoleInfo.java:updateAndGet(143)) - dcab1bcb-c761-4b10-a04c-d2dcea4fab88: start LeaderState
2019-09-25 05:50:22,246 [dcab1bcb-c761-4b10-a04c-d2dcea4fab88@group-52B1D41F7C8E:LeaderElection243] INFO  segmented.SegmentedRaftLogWorker (SegmentedRaftLogWorker.java:startLogSegment(380)) - dcab1bcb-c761-4b10-a04c-d2dcea4fab88@group-52B1D41F7C8E-SegmentedRaftLogWorker: Starting segment from index:0
2019-09-25 05:50:22,250 [Thread-3213] INFO  impl.RoleInfo (RoleInfo.java:updateAndGet(143)) - dcab1bcb-c761-4b10-a04c-d2dcea4fab88: start LeaderElection
2019-09-25 05:50:22,251 [74ee2b94-5a16-4fca-8dd4-c5490dc15294@group-7D88AA163EC6:LeaderElection249] INFO  impl.LeaderElection (LeaderElection.java:askForVotes(182)) - 74ee2b94-5a16-4fca-8dd4-c5490dc15294@group-7D88AA163EC6:LeaderElection249: begin an election at term 1 for -1: [74ee2b94-5a16-4fca-8dd4-c5490dc15294:192.168.30.10:39250], old=null
2019-09-25 05:50:22,251 [dcab1bcb-c761-4b10-a04c-d2dcea4fab88@group-C5E80939C16D:LeaderElection248] INFO  impl.LeaderElection (LeaderElection.java:askForVotes(182)) - dcab1bcb-c761-4b10-a04c-d2dcea4fab88@group-C5E80939C16D:LeaderElection248: begin an election at term 1 for -1: [dcab1bcb-c761-4b10-a04c-d2dcea4fab88:192.168.30.10:44857], old=null
2019-09-25 05:50:22,251 [74ee2b94-5a16-4fca-8dd4-c5490dc15294@group-7D88AA163EC6:LeaderElection249] INFO  impl.RoleInfo (RoleInfo.java:shutdownLeaderElection(134)) - 74ee2b94-5a16-4fca-8dd4-c5490dc15294: shutdown LeaderElection
2019-09-25 05:50:22,251 [dcab1bcb-c761-4b10-a04c-d2dcea4fab88@group-C5E80939C16D:LeaderElection248] INFO  impl.RoleInfo (RoleInfo.java:shutdownLeaderElection(134)) - dcab1bcb-c761-4b10-a04c-d2dcea4fab88: shutdown LeaderElection
2019-09-25 05:50:22,251 [74ee2b94-5a16-4fca-8dd4-c5490dc15294@group-7D88AA163EC6:LeaderElection249] INFO  impl.RaftServerImpl (RaftServerImpl.java:setRole(174)) - 74ee2b94-5a16-4fca-8dd4-c5490dc15294@group-7D88AA163EC6: changes role from CANDIDATE to LEADER at term 1 for changeToLeader
2019-09-25 05:50:22,251 [dcab1bcb-c761-4b10-a04c-d2dcea4fab88@group-C5E80939C16D:LeaderElection248] INFO  impl.RaftServerImpl (RaftServerImpl.java:setRole(174)) - dcab1bcb-c761-4b10-a04c-d2dcea4fab88@group-C5E80939C16D: changes role from CANDIDATE to LEADER at term 1 for changeToLeader
2019-09-25 05:50:22,251 [74ee2b94-5a16-4fca-8dd4-c5490dc15294@group-D1324C182D4F:LeaderElection245] INFO  impl.RoleInfo (RoleInfo.java:updateAndGet(143)) - 74ee2b94-5a16-4fca-8dd4-c5490dc15294: start LeaderState
2019-09-25 05:50:22,251 [74ee2b94-5a16-4fca-8dd4-c5490dc15294@group-7D88AA163EC6:LeaderElection249] INFO  impl.RaftServerImpl (ServerState.java:setLeader(253)) - 74ee2b94-5a16-4fca-8dd4-c5490dc15294@group-7D88AA163EC6: change Leader from null to 74ee2b94-5a16-4fca-8dd4-c5490dc15294 at term 1 for becomeLeader, leader elected after 5394ms
2019-09-25 05:50:22,251 [74ee2b94-5a16-4fca-8dd4-c5490dc15294@group-D1324C182D4F:LeaderElection245] INFO  segmented.SegmentedRaftLogWorker (SegmentedRaftLogWorker.java:startLogSegment(380)) - 74ee2b94-5a16-4fca-8dd4-c5490dc15294@group-D1324C182D4F-SegmentedRaftLogWorker: Starting segment from index:0
2019-09-25 05:50:22,251 [dcab1bcb-c761-4b10-a04c-d2dcea4fab88@group-C5E80939C16D:LeaderElection248] INFO  impl.RaftServerImpl (ServerState.java:setLeader(253)) - dcab1bcb-c761-4b10-a04c-d2dcea4fab88@group-C5E80939C16D: change Leader from null to dcab1bcb-c761-4b10-a04c-d2dcea4fab88 at term 1 for becomeLeader, leader elected after 5352ms
2019-09-25 05:50:22,251 [74ee2b94-5a16-4fca-8dd4-c5490dc15294@group-7D88AA163EC6:LeaderElection249] INFO  server.RaftServerConfigKeys (ConfUtils.java:logGet(43)) - raft.server.staging.catchup.gap = 1000 (default)
2019-09-25 05:50:22,252 [dcab1bcb-c761-4b10-a04c-d2dcea4fab88@group-C5E80939C16D:LeaderElection248] INFO  server.RaftServerConfigKeys (ConfUtils.java:logGet(43)) - raft.server.staging.catchup.gap = 1000 (default)
2019-09-25 05:50:22,252 [74ee2b94-5a16-4fca-8dd4-c5490dc15294@group-7D88AA163EC6:LeaderElection249] INFO  server.RaftServerConfigKeys (ConfUtils.java:logGet(43)) - raft.server.rpc.sleep.time = 25ms (default)
2019-09-25 05:50:22,252 [dcab1bcb-c761-4b10-a04c-d2dcea4fab88@group-C5E80939C16D:LeaderElection248] INFO  server.RaftServerConfigKeys (ConfUtils.java:logGet(43)) - raft.server.rpc.sleep.time = 25ms (default)
2019-09-25 05:50:22,253 [74ee2b94-5a16-4fca-8dd4-c5490dc15294@group-B43BCF422993:LeaderElection247] INFO  impl.LeaderElection (LeaderElection.java:askForVotes(182)) - 74ee2b94-5a16-4fca-8dd4-c5490dc15294@group-B43BCF422993:LeaderElection247: begin an election at term 1 for -1: [74ee2b94-5a16-4fca-8dd4-c5490dc15294:192.168.30.10:39250], old=null
2019-09-25 05:50:22,253 [74ee2b94-5a16-4fca-8dd4-c5490dc15294@group-B43BCF422993:LeaderElection247] INFO  impl.RoleInfo (RoleInfo.java:shutdownLeaderElection(134)) - 74ee2b94-5a16-4fca-8dd4-c5490dc15294: shutdown LeaderElection
2019-09-25 05:50:22,253 [74ee2b94-5a16-4fca-8dd4-c5490dc15294@group-B43BCF422993:LeaderElection247] INFO  impl.RaftServerImpl (RaftServerImpl.java:setRole(174)) - 74ee2b94-5a16-4fca-8dd4-c5490dc15294@group-B43BCF422993: changes role from CANDIDATE to LEADER at term 1 for changeToLeader
2019-09-25 05:50:22,253 [74ee2b94-5a16-4fca-8dd4-c5490dc15294@group-B43BCF422993:LeaderElection247] INFO  impl.RaftServerImpl (ServerState.java:setLeader(253)) - 74ee2b94-5a16-4fca-8dd4-c5490dc15294@group-B43BCF422993: change Leader from null to 74ee2b94-5a16-4fca-8dd4-c5490dc15294 at term 1 for becomeLeader, leader elected after 5472ms
2019-09-25 05:50:22,253 [74ee2b94-5a16-4fca-8dd4-c5490dc15294@group-B43BCF422993:LeaderElection247] INFO  server.RaftServerConfigKeys (ConfUtils.java:logGet(43)) - raft.server.staging.catchup.gap = 1000 (default)
2019-09-25 05:50:22,253 [74ee2b94-5a16-4fca-8dd4-c5490dc15294@group-B43BCF422993:LeaderElection247] INFO  server.RaftServerConfigKeys (ConfUtils.java:logGet(43)) - raft.server.rpc.sleep.time = 25ms (default)
2019-09-25 05:50:22,256 [74ee2b94-5a16-4fca-8dd4-c5490dc15294@group-B43BCF422993:LeaderElection247] INFO  server.RaftServerConfigKeys (ConfUtils.java:logGet(43)) - raft.server.write.element-limit = 4096 (default)
2019-09-25 05:50:22,256 [74ee2b94-5a16-4fca-8dd4-c5490dc15294@group-7D88AA163EC6:LeaderElection249] INFO  server.RaftServerConfigKeys (ConfUtils.java:logGet(43)) - raft.server.write.element-limit = 4096 (default)
2019-09-25 05:50:22,256 [dcab1bcb-c761-4b10-a04c-d2dcea4fab88@group-C5E80939C16D:LeaderElection248] INFO  server.RaftServerConfigKeys (ConfUtils.java:logGet(43)) - raft.server.write.element-limit = 4096 (default)
2019-09-25 05:50:22,257 [74ee2b94-5a16-4fca-8dd4-c5490dc15294@group-7D88AA163EC6:LeaderElection249] INFO  server.RaftServerConfigKeys (ConfUtils.java:logGet(43)) - raft.server.watch.timeout = 10s (default)
2019-09-25 05:50:22,257 [74ee2b94-5a16-4fca-8dd4-c5490dc15294@group-7D88AA163EC6:LeaderElection249] INFO  server.RaftServerConfigKeys (ConfUtils.java:logGet(43)) - raft.server.watch.timeout.denomination = 1s (default)
2019-09-25 05:50:22,256 [74ee2b94-5a16-4fca-8dd4-c5490dc15294@group-B43BCF422993:LeaderElection247] INFO  server.RaftServerConfigKeys (ConfUtils.java:logGet(43)) - raft.server.watch.timeout = 10s (default)
2019-09-25 05:50:22,257 [74ee2b94-5a16-4fca-8dd4-c5490dc15294@group-7D88AA163EC6:LeaderElection249] INFO  server.RaftServerConfigKeys (ConfUtils.java:logGet(43)) - raft.server.watch.element-limit = 65536 (default)
2019-09-25 05:50:22,257 [dcab1bcb-c761-4b10-a04c-d2dcea4fab88@group-C5E80939C16D:LeaderElection248] INFO  server.RaftServerConfigKeys (ConfUtils.java:logGet(43)) - raft.server.watch.timeout = 10s (default)
2019-09-25 05:50:22,257 [dcab1bcb-c761-4b10-a04c-d2dcea4fab88@group-149078620245:LeaderElection246] INFO  impl.RoleInfo (RoleInfo.java:updateAndGet(143)) - dcab1bcb-c761-4b10-a04c-d2dcea4fab88: start LeaderState
2019-09-25 05:50:22,257 [74ee2b94-5a16-4fca-8dd4-c5490dc15294@group-B43BCF422993:LeaderElection247] INFO  server.RaftServerConfigKeys (ConfUtils.java:logGet(43)) - raft.server.watch.timeout.denomination = 1s (default)
2019-09-25 05:50:22,257 [dcab1bcb-c761-4b10-a04c-d2dcea4fab88@group-C5E80939C16D:LeaderElection248] INFO  server.RaftServerConfigKeys (ConfUtils.java:logGet(43)) - raft.server.watch.timeout.denomination = 1s (default)
2019-09-25 05:50:22,257 [dcab1bcb-c761-4b10-a04c-d2dcea4fab88@group-6B56182867DA:LeaderElection250] INFO  impl.RoleInfo (RoleInfo.java:updateAndGet(143)) - dcab1bcb-c761-4b10-a04c-d2dcea4fab88: start LeaderState
2019-09-25 05:50:22,258 [dcab1bcb-c761-4b10-a04c-d2dcea4fab88@group-C5E80939C16D:LeaderElection248] INFO  server.RaftServerConfigKeys (ConfUtils.java:logGet(43)) - raft.server.watch.element-limit = 65536 (default)
2019-09-25 05:50:22,258 [74ee2b94-5a16-4fca-8dd4-c5490dc15294@group-B43BCF422993:LeaderElection247] INFO  server.RaftServerConfigKeys (ConfUtils.java:logGet(43)) - raft.server.watch.element-limit = 65536 (default)
2019-09-25 05:50:22,258 [dcab1bcb-c761-4b10-a04c-d2dcea4fab88@group-149078620245:LeaderElection246] INFO  segmented.SegmentedRaftLogWorker (SegmentedRaftLogWorker.java:startLogSegment(380)) - dcab1bcb-c761-4b10-a04c-d2dcea4fab88@group-149078620245-SegmentedRaftLogWorker: Starting segment from index:0
2019-09-25 05:50:22,258 [dcab1bcb-c761-4b10-a04c-d2dcea4fab88@group-6B56182867DA:LeaderElection250] INFO  segmented.SegmentedRaftLogWorker (SegmentedRaftLogWorker.java:startLogSegment(380)) - dcab1bcb-c761-4b10-a04c-d2dcea4fab88@group-6B56182867DA-SegmentedRaftLogWorker: Starting segment from index:0
2019-09-25 05:50:22,263 [dcab1bcb-c761-4b10-a04c-d2dcea4fab88@group-52B1D41F7C8E:LeaderElection243] INFO  impl.RaftServerImpl (ServerState.java:setRaftConf(354)) - dcab1bcb-c761-4b10-a04c-d2dcea4fab88@group-52B1D41F7C8E: set configuration 0: [dcab1bcb-c761-4b10-a04c-d2dcea4fab88:192.168.30.10:44857], old=null at 0
2019-09-25 05:50:22,269 [dcab1bcb-c761-4b10-a04c-d2dcea4fab88@group-3735EAB74F06:LeaderElection244] INFO  impl.LeaderElection (LeaderElection.java:askForVotes(182)) - dcab1bcb-c761-4b10-a04c-d2dcea4fab88@group-3735EAB74F06:LeaderElection244: begin an election at term 1 for -1: [dcab1bcb-c761-4b10-a04c-d2dcea4fab88:192.168.30.10:44857], old=null
2019-09-25 05:50:22,269 [dcab1bcb-c761-4b10-a04c-d2dcea4fab88@group-3735EAB74F06:LeaderElection244] INFO  impl.RoleInfo (RoleInfo.java:shutdownLeaderElection(134)) - dcab1bcb-c761-4b10-a04c-d2dcea4fab88: shutdown LeaderElection
2019-09-25 05:50:22,269 [dcab1bcb-c761-4b10-a04c-d2dcea4fab88@group-3735EAB74F06:LeaderElection244] INFO  impl.RaftServerImpl (RaftServerImpl.java:setRole(174)) - dcab1bcb-c761-4b10-a04c-d2dcea4fab88@group-3735EAB74F06: changes role from CANDIDATE to LEADER at term 1 for changeToLeader
2019-09-25 05:50:22,269 [dcab1bcb-c761-4b10-a04c-d2dcea4fab88@group-3735EAB74F06:LeaderElection244] INFO  impl.RaftServerImpl (ServerState.java:setLeader(253)) - dcab1bcb-c761-4b10-a04c-d2dcea4fab88@group-3735EAB74F06: change Leader from null to dcab1bcb-c761-4b10-a04c-d2dcea4fab88 at term 1 for becomeLeader, leader elected after 5264ms
2019-09-25 05:50:22,269 [dcab1bcb-c761-4b10-a04c-d2dcea4fab88@group-3735EAB74F06:LeaderElection244] INFO  server.RaftServerConfigKeys (ConfUtils.java:logGet(43)) - raft.server.staging.catchup.gap = 1000 (default)
2019-09-25 05:50:22,269 [dcab1bcb-c761-4b10-a04c-d2dcea4fab88@group-3735EAB74F06:LeaderElection244] INFO  server.RaftServerConfigKeys (ConfUtils.java:logGet(43)) - raft.server.rpc.sleep.time = 25ms (default)
2019-09-25 05:50:22,275 [dcab1bcb-c761-4b10-a04c-d2dcea4fab88@group-3735EAB74F06:LeaderElection244] INFO  server.RaftServerConfigKeys (ConfUtils.java:logGet(43)) - raft.server.write.element-limit = 4096 (default)
2019-09-25 05:50:22,276 [dcab1bcb-c761-4b10-a04c-d2dcea4fab88@group-3735EAB74F06:LeaderElection244] INFO  server.RaftServerConfigKeys (ConfUtils.java:logGet(43)) - raft.server.watch.timeout = 10s (default)
2019-09-25 05:50:22,276 [dcab1bcb-c761-4b10-a04c-d2dcea4fab88@group-3735EAB74F06:LeaderElection244] INFO  server.RaftServerConfigKeys (ConfUtils.java:logGet(43)) - raft.server.watch.timeout.denomination = 1s (default)
2019-09-25 05:50:22,276 [dcab1bcb-c761-4b10-a04c-d2dcea4fab88@group-3735EAB74F06:LeaderElection244] INFO  server.RaftServerConfigKeys (ConfUtils.java:logGet(43)) - raft.server.watch.element-limit = 65536 (default)
2019-09-25 05:50:22,276 [74ee2b94-5a16-4fca-8dd4-c5490dc15294@group-B43BCF422993:LeaderElection247] INFO  impl.RoleInfo (RoleInfo.java:updateAndGet(143)) - 74ee2b94-5a16-4fca-8dd4-c5490dc15294: start LeaderState
2019-09-25 05:50:22,276 [74ee2b94-5a16-4fca-8dd4-c5490dc15294@group-B43BCF422993:LeaderElection247] INFO  segmented.SegmentedRaftLogWorker (SegmentedRaftLogWorker.java:startLogSegment(380)) - 74ee2b94-5a16-4fca-8dd4-c5490dc15294@group-B43BCF422993-SegmentedRaftLogWorker: Starting segment from index:0
2019-09-25 05:50:22,291 [main] INFO  ozoneimpl.OzoneContainer (OzoneContainer.java:stop(231)) - Attempting to stop container services.
2019-09-25 05:50:22,338 [dcab1bcb-c761-4b10-a04c-d2dcea4fab88@group-6B56182867DA:LeaderElection250] INFO  impl.RaftServerImpl (ServerState.java:setRaftConf(354)) - dcab1bcb-c761-4b10-a04c-d2dcea4fab88@group-6B56182867DA: set configuration 0: [dcab1bcb-c761-4b10-a04c-d2dcea4fab88:192.168.30.10:44857], old=null at 0
2019-09-25 05:50:22,338 [dcab1bcb-c761-4b10-a04c-d2dcea4fab88@group-149078620245:LeaderElection246] INFO  impl.RaftServerImpl (ServerState.java:setRaftConf(354)) - dcab1bcb-c761-4b10-a04c-d2dcea4fab88@group-149078620245: set configuration 0: [dcab1bcb-c761-4b10-a04c-d2dcea4fab88:192.168.30.10:44857], old=null at 0
2019-09-25 05:50:22,405 [74ee2b94-5a16-4fca-8dd4-c5490dc15294@group-D1324C182D4F:LeaderElection245] INFO  impl.RaftServerImpl (ServerState.java:setRaftConf(354)) - 74ee2b94-5a16-4fca-8dd4-c5490dc15294@group-D1324C182D4F: set configuration 0: [74ee2b94-5a16-4fca-8dd4-c5490dc15294:192.168.30.10:39250], old=null at 0
2019-09-25 05:50:22,474 [main] INFO  impl.RaftServerProxy (RaftServerProxy.java:lambda$close$4(314)) - 11c09e37-7211-4e36-88ba-de9fcd604807: close
2019-09-25 05:50:22,475 [74ee2b94-5a16-4fca-8dd4-c5490dc15294@group-B43BCF422993:LeaderElection247] INFO  impl.RaftServerImpl (ServerState.java:setRaftConf(354)) - 74ee2b94-5a16-4fca-8dd4-c5490dc15294@group-B43BCF422993: set configuration 0: [74ee2b94-5a16-4fca-8dd4-c5490dc15294:192.168.30.10:39250], old=null at 0
2019-09-25 05:50:22,475 [main] INFO  impl.RaftServerImpl (RaftServerImpl.java:lambda$shutdown$3(251)) - 11c09e37-7211-4e36-88ba-de9fcd604807@group-D7512375A8FD: shutdown
2019-09-25 05:50:22,478 [ForkJoinPool.commonPool-worker-1] INFO  ozoneimpl.OzoneContainer (OzoneContainer.java:stop(231)) - Attempting to stop container services.
2019-09-25 05:50:22,478 [main] INFO  util.JmxRegister (JmxRegister.java:unregister(73)) - Successfully un-registered JMX Bean with object name Ratis:service=RaftServer,group=group-D7512375A8FD,id=11c09e37-7211-4e36-88ba-de9fcd604807
2019-09-25 05:50:22,478 [ForkJoinPool.commonPool-worker-1] INFO  impl.RaftServerProxy (RaftServerProxy.java:lambda$close$4(314)) - 899bfb76-eea4-4ff6-823c-7995b606cb73: close
2019-09-25 05:50:22,479 [main] INFO  impl.RoleInfo (RoleInfo.java:shutdownFollowerState(121)) - 11c09e37-7211-4e36-88ba-de9fcd604807: shutdown FollowerState
2019-09-25 05:50:22,479 [ForkJoinPool.commonPool-worker-1] INFO  impl.RaftServerImpl (RaftServerImpl.java:lambda$shutdown$3(251)) - 899bfb76-eea4-4ff6-823c-7995b606cb73@group-C3F531FD4549: shutdown
2019-09-25 05:50:22,479 [Thread-3180] INFO  impl.FollowerState (FollowerState.java:run(115)) - 11c09e37-7211-4e36-88ba-de9fcd604807: FollowerState was interrupted: java.lang.InterruptedException: sleep interrupted
2019-09-25 05:50:22,480 [ForkJoinPool.commonPool-worker-1] INFO  util.JmxRegister (JmxRegister.java:unregister(73)) - Successfully un-registered JMX Bean with object name Ratis:service=RaftServer,group=group-C3F531FD4549,id=899bfb76-eea4-4ff6-823c-7995b606cb73
2019-09-25 05:50:22,479 [main] INFO  impl.StateMachineUpdater (StateMachineUpdater.java:stopAndJoin(125)) - 11c09e37-7211-4e36-88ba-de9fcd604807@group-D7512375A8FD-StateMachineUpdater: set stopIndex = -1
2019-09-25 05:50:22,480 [ForkJoinPool.commonPool-worker-1] INFO  impl.RoleInfo (RoleInfo.java:shutdownLeaderState(104)) - 899bfb76-eea4-4ff6-823c-7995b606cb73: shutdown LeaderState
2019-09-25 05:50:22,480 [main] INFO  impl.RaftServerImpl (ServerState.java:close(385)) - 11c09e37-7211-4e36-88ba-de9fcd604807@group-D7512375A8FD: closes. applyIndex: -1
2019-09-25 05:50:22,480 [ForkJoinPool.commonPool-worker-1] INFO  impl.PendingRequests (PendingRequests.java:sendNotLeaderResponses(202)) - 899bfb76-eea4-4ff6-823c-7995b606cb73-PendingRequests: sendNotLeaderResponses
2019-09-25 05:50:22,481 [11c09e37-7211-4e36-88ba-de9fcd604807@group-D7512375A8FD-SegmentedRaftLogWorker] INFO  segmented.SegmentedRaftLogWorker (SegmentedRaftLogWorker.java:run(313)) - 11c09e37-7211-4e36-88ba-de9fcd604807@group-D7512375A8FD-SegmentedRaftLogWorker was interrupted, exiting. There are 0 tasks remaining in the queue.
2019-09-25 05:50:22,481 [ForkJoinPool.commonPool-worker-1] INFO  impl.StateMachineUpdater (StateMachineUpdater.java:stopAndJoin(125)) - 899bfb76-eea4-4ff6-823c-7995b606cb73@group-C3F531FD4549-StateMachineUpdater: set stopIndex = 0
2019-09-25 05:50:22,481 [main] INFO  segmented.SegmentedRaftLogWorker (SegmentedRaftLogWorker.java:close(228)) - 11c09e37-7211-4e36-88ba-de9fcd604807@group-D7512375A8FD-SegmentedRaftLogWorker close()
2019-09-25 05:50:22,481 [ForkJoinPool.commonPool-worker-1] INFO  impl.RaftServerImpl (ServerState.java:close(385)) - 899bfb76-eea4-4ff6-823c-7995b606cb73@group-C3F531FD4549: closes. applyIndex: 0
2019-09-25 05:50:22,515 [dcab1bcb-c761-4b10-a04c-d2dcea4fab88@group-F603F25A30DA:LeaderElection251] INFO  impl.LeaderElection (LeaderElection.java:askForVotes(182)) - dcab1bcb-c761-4b10-a04c-d2dcea4fab88@group-F603F25A30DA:LeaderElection251: begin an election at term 1 for -1: [dcab1bcb-c761-4b10-a04c-d2dcea4fab88:192.168.30.10:44857], old=null
2019-09-25 05:50:22,514 [dcab1bcb-c761-4b10-a04c-d2dcea4fab88@group-149078620245-SegmentedRaftLogWorker] INFO  segmented.SegmentedRaftLogWorker (SegmentedRaftLogWorker.java:execute(569)) - dcab1bcb-c761-4b10-a04c-d2dcea4fab88@group-149078620245-SegmentedRaftLogWorker: created new log segment /workdir/hadoop-ozone/integration-test/target/test-dir/MiniOzoneClusterImpl-2263fc46-0a90-446a-9f91-f67f9935a0e0/datanode-6/data/ratis/c86dcded-9c79-483f-b247-149078620245/current/log_inprogress_0
2019-09-25 05:50:22,514 [74ee2b94-5a16-4fca-8dd4-c5490dc15294@group-2E46E4035930-SegmentedRaftLogWorker] INFO  segmented.SegmentedRaftLogWorker (SegmentedRaftLogWorker.java:execute(569)) - 74ee2b94-5a16-4fca-8dd4-c5490dc15294@group-2E46E4035930-SegmentedRaftLogWorker: created new log segment /workdir/hadoop-ozone/integration-test/target/test-dir/MiniOzoneClusterImpl-2263fc46-0a90-446a-9f91-f67f9935a0e0/datanode-5/data/ratis/c757fa24-681b-42ae-910f-2e46e4035930/current/log_inprogress_0
2019-09-25 05:50:22,514 [dcab1bcb-c761-4b10-a04c-d2dcea4fab88@group-52B1D41F7C8E-SegmentedRaftLogWorker] INFO  segmented.SegmentedRaftLogWorker (SegmentedRaftLogWorker.java:execute(569)) - dcab1bcb-c761-4b10-a04c-d2dcea4fab88@group-52B1D41F7C8E-SegmentedRaftLogWorker: created new log segment /workdir/hadoop-ozone/integration-test/target/test-dir/MiniOzoneClusterImpl-2263fc46-0a90-446a-9f91-f67f9935a0e0/datanode-6/data/ratis/1771b18d-6519-48c2-b2ea-52b1d41f7c8e/current/log_inprogress_0
2019-09-25 05:50:22,514 [dcab1bcb-c761-4b10-a04c-d2dcea4fab88@group-6B56182867DA-SegmentedRaftLogWorker] INFO  segmented.SegmentedRaftLogWorker (SegmentedRaftLogWorker.java:execute(569)) - dcab1bcb-c761-4b10-a04c-d2dcea4fab88@group-6B56182867DA-SegmentedRaftLogWorker: created new log segment /workdir/hadoop-ozone/integration-test/target/test-dir/MiniOzoneClusterImpl-2263fc46-0a90-446a-9f91-f67f9935a0e0/datanode-6/data/ratis/c65a9719-7a6b-47b4-9699-6b56182867da/current/log_inprogress_0
2019-09-25 05:50:22,514 [74ee2b94-5a16-4fca-8dd4-c5490dc15294@group-D1324C182D4F-SegmentedRaftLogWorker] INFO  segmented.SegmentedRaftLogWorker (SegmentedRaftLogWorker.java:execute(569)) - 74ee2b94-5a16-4fca-8dd4-c5490dc15294@group-D1324C182D4F-SegmentedRaftLogWorker: created new log segment /workdir/hadoop-ozone/integration-test/target/test-dir/MiniOzoneClusterImpl-2263fc46-0a90-446a-9f91-f67f9935a0e0/datanode-5/data/ratis/e6832fc2-db84-40a8-86eb-d1324c182d4f/current/log_inprogress_0
2019-09-25 05:50:22,514 [main] INFO  impl.RaftServerImpl (RaftServerImpl.java:lambda$shutdown$3(251)) - 11c09e37-7211-4e36-88ba-de9fcd604807@group-47E5E7116F09: shutdown
2019-09-25 05:50:22,516 [dcab1bcb-c761-4b10-a04c-d2dcea4fab88@group-3735EAB74F06:LeaderElection244] INFO  impl.RoleInfo (RoleInfo.java:updateAndGet(143)) - dcab1bcb-c761-4b10-a04c-d2dcea4fab88: start LeaderState
2019-09-25 05:50:22,515 [74ee2b94-5a16-4fca-8dd4-c5490dc15294@group-7D88AA163EC6:LeaderElection249] INFO  impl.RoleInfo (RoleInfo.java:updateAndGet(143)) - 74ee2b94-5a16-4fca-8dd4-c5490dc15294: start LeaderState
2019-09-25 05:50:22,515 [dcab1bcb-c761-4b10-a04c-d2dcea4fab88@group-C5E80939C16D:LeaderElection248] INFO  impl.RoleInfo (RoleInfo.java:updateAndGet(143)) - dcab1bcb-c761-4b10-a04c-d2dcea4fab88: start LeaderState
2019-09-25 05:50:22,515 [dcab1bcb-c761-4b10-a04c-d2dcea4fab88@group-F603F25A30DA:LeaderElection251] INFO  impl.RoleInfo (RoleInfo.java:shutdownLeaderElection(134)) - dcab1bcb-c761-4b10-a04c-d2dcea4fab88: shutdown LeaderElection
2019-09-25 05:50:22,515 [899bfb76-eea4-4ff6-823c-7995b606cb73@group-C3F531FD4549-SegmentedRaftLogWorker] INFO  segmented.SegmentedRaftLogWorker (SegmentedRaftLogWorker.java:run(313)) - 899bfb76-eea4-4ff6-823c-7995b606cb73@group-C3F531FD4549-SegmentedRaftLogWorker was interrupted, exiting. There are 0 tasks remaining in the queue.
2019-09-25 05:50:22,517 [dcab1bcb-c761-4b10-a04c-d2dcea4fab88@group-F603F25A30DA:LeaderElection251] INFO  impl.RaftServerImpl (RaftServerImpl.java:setRole(174)) - dcab1bcb-c761-4b10-a04c-d2dcea4fab88@group-F603F25A30DA: changes role from CANDIDATE to LEADER at term 1 for changeToLeader
2019-09-25 05:50:22,517 [dcab1bcb-c761-4b10-a04c-d2dcea4fab88@group-C5E80939C16D:LeaderElection248] INFO  segmented.SegmentedRaftLogWorker (SegmentedRaftLogWorker.java:startLogSegment(380)) - dcab1bcb-c761-4b10-a04c-d2dcea4fab88@group-C5E80939C16D-SegmentedRaftLogWorker: Starting segment from index:0
2019-09-25 05:50:22,517 [74ee2b94-5a16-4fca-8dd4-c5490dc15294@group-7D88AA163EC6:LeaderElection249] INFO  segmented.SegmentedRaftLogWorker (SegmentedRaftLogWorker.java:startLogSegment(380)) - 74ee2b94-5a16-4fca-8dd4-c5490dc15294@group-7D88AA163EC6-SegmentedRaftLogWorker: Starting segment from index:0
2019-09-25 05:50:22,517 [dcab1bcb-c761-4b10-a04c-d2dcea4fab88@group-3735EAB74F06:LeaderElection244] INFO  segmented.SegmentedRaftLogWorker (SegmentedRaftLogWorker.java:startLogSegment(380)) - dcab1bcb-c761-4b10-a04c-d2dcea4fab88@group-3735EAB74F06-SegmentedRaftLogWorker: Starting segment from index:0
2019-09-25 05:50:22,517 [main] INFO  util.JmxRegister (JmxRegister.java:unregister(73)) - Successfully un-registered JMX Bean with object name Ratis:service=RaftServer,group=group-47E5E7116F09,id=11c09e37-7211-4e36-88ba-de9fcd604807
2019-09-25 05:50:22,522 [dcab1bcb-c761-4b10-a04c-d2dcea4fab88@group-3735EAB74F06:LeaderElection244] INFO  impl.RaftServerImpl (ServerState.java:setRaftConf(354)) - dcab1bcb-c761-4b10-a04c-d2dcea4fab88@group-3735EAB74F06: set configuration 0: [dcab1bcb-c761-4b10-a04c-d2dcea4fab88:192.168.30.10:44857], old=null at 0
2019-09-25 05:50:22,521 [74ee2b94-5a16-4fca-8dd4-c5490dc15294@group-7D88AA163EC6:LeaderElection249] INFO  impl.RaftServerImpl (ServerState.java:setRaftConf(354)) - 74ee2b94-5a16-4fca-8dd4-c5490dc15294@group-7D88AA163EC6: set configuration 0: [74ee2b94-5a16-4fca-8dd4-c5490dc15294:192.168.30.10:39250], old=null at 0
2019-09-25 05:50:22,521 [dcab1bcb-c761-4b10-a04c-d2dcea4fab88@group-C5E80939C16D:LeaderElection248] INFO  impl.RaftServerImpl (ServerState.java:setRaftConf(354)) - dcab1bcb-c761-4b10-a04c-d2dcea4fab88@group-C5E80939C16D: set configuration 0: [dcab1bcb-c761-4b10-a04c-d2dcea4fab88:192.168.30.10:44857], old=null at 0
2019-09-25 05:50:22,521 [dcab1bcb-c761-4b10-a04c-d2dcea4fab88@group-F603F25A30DA:LeaderElection251] INFO  impl.RaftServerImpl (ServerState.java:setLeader(253)) - dcab1bcb-c761-4b10-a04c-d2dcea4fab88@group-F603F25A30DA: change Leader from null to dcab1bcb-c761-4b10-a04c-d2dcea4fab88 at term 1 for becomeLeader, leader elected after 5479ms
2019-09-25 05:50:22,521 [ForkJoinPool.commonPool-worker-1] INFO  segmented.SegmentedRaftLogWorker (SegmentedRaftLogWorker.java:close(228)) - 899bfb76-eea4-4ff6-823c-7995b606cb73@group-C3F531FD4549-SegmentedRaftLogWorker close()
2019-09-25 05:50:22,523 [dcab1bcb-c761-4b10-a04c-d2dcea4fab88@group-F603F25A30DA:LeaderElection251] INFO  server.RaftServerConfigKeys (ConfUtils.java:logGet(43)) - raft.server.staging.catchup.gap = 1000 (default)
2019-09-25 05:50:22,522 [main] INFO  impl.RoleInfo (RoleInfo.java:shutdownFollowerState(121)) - 11c09e37-7211-4e36-88ba-de9fcd604807: shutdown FollowerState
2019-09-25 05:50:22,565 [dcab1bcb-c761-4b10-a04c-d2dcea4fab88@group-F603F25A30DA:LeaderElection251] INFO  server.RaftServerConfigKeys (ConfUtils.java:logGet(43)) - raft.server.rpc.sleep.time = 25ms (default)
2019-09-25 05:50:22,564 [74ee2b94-5a16-4fca-8dd4-c5490dc15294@group-B43BCF422993-SegmentedRaftLogWorker] INFO  segmented.SegmentedRaftLogWorker (SegmentedRaftLogWorker.java:execute(569)) - 74ee2b94-5a16-4fca-8dd4-c5490dc15294@group-B43BCF422993-SegmentedRaftLogWorker: created new log segment /workdir/hadoop-ozone/integration-test/target/test-dir/MiniOzoneClusterImpl-2263fc46-0a90-446a-9f91-f67f9935a0e0/datanode-5/data/ratis/58a93f2e-e9c9-4274-ac04-b43bcf422993/current/log_inprogress_0
2019-09-25 05:50:22,566 [dcab1bcb-c761-4b10-a04c-d2dcea4fab88@group-F603F25A30DA:LeaderElection251] INFO  server.RaftServerConfigKeys (ConfUtils.java:logGet(43)) - raft.server.write.element-limit = 4096 (default)
2019-09-25 05:50:22,564 [ForkJoinPool.commonPool-worker-1] INFO  impl.RaftServerImpl (RaftServerImpl.java:lambda$shutdown$3(251)) - 899bfb76-eea4-4ff6-823c-7995b606cb73@group-72CC30F29FD5: shutdown
2019-09-25 05:50:22,567 [dcab1bcb-c761-4b10-a04c-d2dcea4fab88@group-F603F25A30DA:LeaderElection251] INFO  server.RaftServerConfigKeys (ConfUtils.java:logGet(43)) - raft.server.watch.timeout = 10s (default)
2019-09-25 05:50:22,567 [dcab1bcb-c761-4b10-a04c-d2dcea4fab88@group-F603F25A30DA:LeaderElection251] INFO  server.RaftServerConfigKeys (ConfUtils.java:logGet(43)) - raft.server.watch.timeout.denomination = 1s (default)
2019-09-25 05:50:22,566 [Thread-3183] INFO  impl.FollowerState (FollowerState.java:run(115)) - 11c09e37-7211-4e36-88ba-de9fcd604807: FollowerState was interrupted: java.lang.InterruptedException: sleep interrupted
2019-09-25 05:50:22,566 [main] INFO  impl.StateMachineUpdater (StateMachineUpdater.java:stopAndJoin(125)) - 11c09e37-7211-4e36-88ba-de9fcd604807@group-47E5E7116F09-StateMachineUpdater: set stopIndex = -1
2019-09-25 05:50:22,568 [main] INFO  impl.RaftServerImpl (ServerState.java:close(385)) - 11c09e37-7211-4e36-88ba-de9fcd604807@group-47E5E7116F09: closes. applyIndex: -1
2019-09-25 05:50:22,567 [dcab1bcb-c761-4b10-a04c-d2dcea4fab88@group-F603F25A30DA:LeaderElection251] INFO  server.RaftServerConfigKeys (ConfUtils.java:logGet(43)) - raft.server.watch.element-limit = 65536 (default)
2019-09-25 05:50:22,567 [ForkJoinPool.commonPool-worker-1] INFO  util.JmxRegister (JmxRegister.java:unregister(73)) - Successfully un-registered JMX Bean with object name Ratis:service=RaftServer,group=group-72CC30F29FD5,id=899bfb76-eea4-4ff6-823c-7995b606cb73
2019-09-25 05:50:22,569 [ForkJoinPool.commonPool-worker-1] INFO  impl.RoleInfo (RoleInfo.java:shutdownLeaderState(104)) - 899bfb76-eea4-4ff6-823c-7995b606cb73: shutdown LeaderState
2019-09-25 05:50:22,569 [11c09e37-7211-4e36-88ba-de9fcd604807@group-47E5E7116F09-SegmentedRaftLogWorker] INFO  segmented.SegmentedRaftLogWorker (SegmentedRaftLogWorker.java:run(313)) - 11c09e37-7211-4e36-88ba-de9fcd604807@group-47E5E7116F09-SegmentedRaftLogWorker was interrupted, exiting. There are 0 tasks remaining in the queue.
2019-09-25 05:50:22,569 [ForkJoinPool.commonPool-worker-1] INFO  impl.PendingRequests (PendingRequests.java:sendNotLeaderResponses(202)) - 899bfb76-eea4-4ff6-823c-7995b606cb73-PendingRequests: sendNotLeaderResponses
2019-09-25 05:50:22,570 [main] INFO  segmented.SegmentedRaftLogWorker (SegmentedRaftLogWorker.java:close(228)) - 11c09e37-7211-4e36-88ba-de9fcd604807@group-47E5E7116F09-SegmentedRaftLogWorker close()
2019-09-25 05:50:22,570 [ForkJoinPool.commonPool-worker-1] INFO  impl.StateMachineUpdater (StateMachineUpdater.java:stopAndJoin(125)) - 899bfb76-eea4-4ff6-823c-7995b606cb73@group-72CC30F29FD5-StateMachineUpdater: set stopIndex = 0
2019-09-25 05:50:22,579 [dcab1bcb-c761-4b10-a04c-d2dcea4fab88@group-C5E80939C16D-SegmentedRaftLogWorker] INFO  segmented.SegmentedRaftLogWorker (SegmentedRaftLogWorker.java:execute(569)) - dcab1bcb-c761-4b10-a04c-d2dcea4fab88@group-C5E80939C16D-SegmentedRaftLogWorker: created new log segment /workdir/hadoop-ozone/integration-test/target/test-dir/MiniOzoneClusterImpl-2263fc46-0a90-446a-9f91-f67f9935a0e0/datanode-6/data/ratis/5ddac73a-6507-4049-8e66-c5e80939c16d/current/log_inprogress_0
2019-09-25 05:50:22,579 [74ee2b94-5a16-4fca-8dd4-c5490dc15294@group-7D88AA163EC6-SegmentedRaftLogWorker] INFO  segmented.SegmentedRaftLogWorker (SegmentedRaftLogWorker.java:execute(569)) - 74ee2b94-5a16-4fca-8dd4-c5490dc15294@group-7D88AA163EC6-SegmentedRaftLogWorker: created new log segment /workdir/hadoop-ozone/integration-test/target/test-dir/MiniOzoneClusterImpl-2263fc46-0a90-446a-9f91-f67f9935a0e0/datanode-5/data/ratis/7310cc5b-8e9c-44dd-b6aa-7d88aa163ec6/current/log_inprogress_0
2019-09-25 05:50:22,579 [main] INFO  impl.RaftServerImpl (RaftServerImpl.java:lambda$shutdown$3(251)) - 11c09e37-7211-4e36-88ba-de9fcd604807@group-57EE923BAF4D: shutdown
2019-09-25 05:50:22,579 [dcab1bcb-c761-4b10-a04c-d2dcea4fab88@group-F603F25A30DA:LeaderElection251] INFO  impl.RoleInfo (RoleInfo.java:updateAndGet(143)) - dcab1bcb-c761-4b10-a04c-d2dcea4fab88: start LeaderState
2019-09-25 05:50:22,579 [dcab1bcb-c761-4b10-a04c-d2dcea4fab88@group-3735EAB74F06-SegmentedRaftLogWorker] INFO  segmented.SegmentedRaftLogWorker (SegmentedRaftLogWorker.java:execute(569)) - dcab1bcb-c761-4b10-a04c-d2dcea4fab88@group-3735EAB74F06-SegmentedRaftLogWorker: created new log segment /workdir/hadoop-ozone/integration-test/target/test-dir/MiniOzoneClusterImpl-2263fc46-0a90-446a-9f91-f67f9935a0e0/datanode-6/data/ratis/86623d12-8a3c-426b-8660-3735eab74f06/current/log_inprogress_0
2019-09-25 05:50:22,579 [ForkJoinPool.commonPool-worker-1] INFO  impl.RaftServerImpl (ServerState.java:close(385)) - 899bfb76-eea4-4ff6-823c-7995b606cb73@group-72CC30F29FD5: closes. applyIndex: 0
2019-09-25 05:50:22,580 [dcab1bcb-c761-4b10-a04c-d2dcea4fab88@group-F603F25A30DA:LeaderElection251] INFO  segmented.SegmentedRaftLogWorker (SegmentedRaftLogWorker.java:startLogSegment(380)) - dcab1bcb-c761-4b10-a04c-d2dcea4fab88@group-F603F25A30DA-SegmentedRaftLogWorker: Starting segment from index:0
2019-09-25 05:50:22,580 [main] INFO  util.JmxRegister (JmxRegister.java:unregister(73)) - Successfully un-registered JMX Bean with object name Ratis:service=RaftServer,group=group-57EE923BAF4D,id=11c09e37-7211-4e36-88ba-de9fcd604807
2019-09-25 05:50:22,581 [dcab1bcb-c761-4b10-a04c-d2dcea4fab88@group-F603F25A30DA:LeaderElection251] INFO  impl.RaftServerImpl (ServerState.java:setRaftConf(354)) - dcab1bcb-c761-4b10-a04c-d2dcea4fab88@group-F603F25A30DA: set configuration 0: [dcab1bcb-c761-4b10-a04c-d2dcea4fab88:192.168.30.10:44857], old=null at 0
2019-09-25 05:50:22,580 [899bfb76-eea4-4ff6-823c-7995b606cb73@group-72CC30F29FD5-SegmentedRaftLogWorker] INFO  segmented.SegmentedRaftLogWorker (SegmentedRaftLogWorker.java:run(313)) - 899bfb76-eea4-4ff6-823c-7995b606cb73@group-72CC30F29FD5-SegmentedRaftLogWorker was interrupted, exiting. There are 0 tasks remaining in the queue.
2019-09-25 05:50:22,581 [main] INFO  impl.RoleInfo (RoleInfo.java:shutdownFollowerState(121)) - 11c09e37-7211-4e36-88ba-de9fcd604807: shutdown FollowerState
2019-09-25 05:50:22,621 [main] INFO  impl.StateMachineUpdater (StateMachineUpdater.java:stopAndJoin(125)) - 11c09e37-7211-4e36-88ba-de9fcd604807@group-57EE923BAF4D-StateMachineUpdater: set stopIndex = -1
2019-09-25 05:50:22,621 [main] INFO  impl.RaftServerImpl (ServerState.java:close(385)) - 11c09e37-7211-4e36-88ba-de9fcd604807@group-57EE923BAF4D: closes. applyIndex: -1
2019-09-25 05:50:22,619 [ForkJoinPool.commonPool-worker-1] INFO  segmented.SegmentedRaftLogWorker (SegmentedRaftLogWorker.java:close(228)) - 899bfb76-eea4-4ff6-823c-7995b606cb73@group-72CC30F29FD5-SegmentedRaftLogWorker close()
2019-09-25 05:50:22,622 [11c09e37-7211-4e36-88ba-de9fcd604807@group-57EE923BAF4D-SegmentedRaftLogWorker] INFO  segmented.SegmentedRaftLogWorker (SegmentedRaftLogWorker.java:run(313)) - 11c09e37-7211-4e36-88ba-de9fcd604807@group-57EE923BAF4D-SegmentedRaftLogWorker was interrupted, exiting. There are 0 tasks remaining in the queue.
2019-09-25 05:50:22,621 [Thread-3186] INFO  impl.FollowerState (FollowerState.java:run(115)) - 11c09e37-7211-4e36-88ba-de9fcd604807: FollowerState was interrupted: java.lang.InterruptedException: sleep interrupted
2019-09-25 05:50:22,631 [main] INFO  segmented.SegmentedRaftLogWorker (SegmentedRaftLogWorker.java:close(228)) - 11c09e37-7211-4e36-88ba-de9fcd604807@group-57EE923BAF4D-SegmentedRaftLogWorker close()
2019-09-25 05:50:22,631 [ForkJoinPool.commonPool-worker-1] INFO  impl.RaftServerImpl (RaftServerImpl.java:lambda$shutdown$3(251)) - 899bfb76-eea4-4ff6-823c-7995b606cb73@group-8E707E947E9C: shutdown
2019-09-25 05:50:22,638 [main] INFO  impl.RaftServerImpl (RaftServerImpl.java:lambda$shutdown$3(251)) - 11c09e37-7211-4e36-88ba-de9fcd604807@group-73B23F2587F1: shutdown
2019-09-25 05:50:22,639 [dcab1bcb-c761-4b10-a04c-d2dcea4fab88@group-F603F25A30DA-SegmentedRaftLogWorker] INFO  segmented.SegmentedRaftLogWorker (SegmentedRaftLogWorker.java:execute(569)) - dcab1bcb-c761-4b10-a04c-d2dcea4fab88@group-F603F25A30DA-SegmentedRaftLogWorker: created new log segment /workdir/hadoop-ozone/integration-test/target/test-dir/MiniOzoneClusterImpl-2263fc46-0a90-446a-9f91-f67f9935a0e0/datanode-6/data/ratis/a4e72224-b10d-4110-bc01-f603f25a30da/current/log_inprogress_0
2019-09-25 05:50:22,638 [ForkJoinPool.commonPool-worker-1] INFO  util.JmxRegister (JmxRegister.java:unregister(73)) - Successfully un-registered JMX Bean with object name Ratis:service=RaftServer,group=group-8E707E947E9C,id=899bfb76-eea4-4ff6-823c-7995b606cb73
2019-09-25 05:50:22,639 [main] INFO  util.JmxRegister (JmxRegister.java:unregister(73)) - Successfully un-registered JMX Bean with object name Ratis:service=RaftServer,group=group-73B23F2587F1,id=11c09e37-7211-4e36-88ba-de9fcd604807
2019-09-25 05:50:22,639 [ForkJoinPool.commonPool-worker-1] INFO  impl.RoleInfo (RoleInfo.java:shutdownLeaderState(104)) - 899bfb76-eea4-4ff6-823c-7995b606cb73: shutdown LeaderState
2019-09-25 05:50:22,640 [main] INFO  impl.RoleInfo (RoleInfo.java:shutdownLeaderState(104)) - 11c09e37-7211-4e36-88ba-de9fcd604807: shutdown LeaderState
2019-09-25 05:50:22,640 [ForkJoinPool.commonPool-worker-1] INFO  impl.PendingRequests (PendingRequests.java:sendNotLeaderResponses(202)) - 899bfb76-eea4-4ff6-823c-7995b606cb73-PendingRequests: sendNotLeaderResponses
2019-09-25 05:50:22,640 [main] INFO  impl.PendingRequests (PendingRequests.java:sendNotLeaderResponses(202)) - 11c09e37-7211-4e36-88ba-de9fcd604807-PendingRequests: sendNotLeaderResponses
2019-09-25 05:50:22,641 [ForkJoinPool.commonPool-worker-1] INFO  impl.StateMachineUpdater (StateMachineUpdater.java:stopAndJoin(125)) - 899bfb76-eea4-4ff6-823c-7995b606cb73@group-8E707E947E9C-StateMachineUpdater: set stopIndex = 0
2019-09-25 05:50:22,641 [main] INFO  impl.StateMachineUpdater (StateMachineUpdater.java:stopAndJoin(125)) - 11c09e37-7211-4e36-88ba-de9fcd604807@group-73B23F2587F1-StateMachineUpdater: set stopIndex = 0
2019-09-25 05:50:22,642 [main] INFO  impl.RaftServerImpl (ServerState.java:close(385)) - 11c09e37-7211-4e36-88ba-de9fcd604807@group-73B23F2587F1: closes. applyIndex: 0
2019-09-25 05:50:22,642 [ForkJoinPool.commonPool-worker-1] INFO  impl.RaftServerImpl (ServerState.java:close(385)) - 899bfb76-eea4-4ff6-823c-7995b606cb73@group-8E707E947E9C: closes. applyIndex: 0
2019-09-25 05:50:22,642 [11c09e37-7211-4e36-88ba-de9fcd604807@group-73B23F2587F1-SegmentedRaftLogWorker] INFO  segmented.SegmentedRaftLogWorker (SegmentedRaftLogWorker.java:run(313)) - 11c09e37-7211-4e36-88ba-de9fcd604807@group-73B23F2587F1-SegmentedRaftLogWorker was interrupted, exiting. There are 0 tasks remaining in the queue.
2019-09-25 05:50:22,643 [899bfb76-eea4-4ff6-823c-7995b606cb73@group-8E707E947E9C-SegmentedRaftLogWorker] INFO  segmented.SegmentedRaftLogWorker (SegmentedRaftLogWorker.java:run(313)) - 899bfb76-eea4-4ff6-823c-7995b606cb73@group-8E707E947E9C-SegmentedRaftLogWorker was interrupted, exiting. There are 0 tasks remaining in the queue.
2019-09-25 05:50:22,655 [ForkJoinPool.commonPool-worker-1] INFO  segmented.SegmentedRaftLogWorker (SegmentedRaftLogWorker.java:close(228)) - 899bfb76-eea4-4ff6-823c-7995b606cb73@group-8E707E947E9C-SegmentedRaftLogWorker close()
2019-09-25 05:50:22,655 [main] INFO  segmented.SegmentedRaftLogWorker (SegmentedRaftLogWorker.java:close(228)) - 11c09e37-7211-4e36-88ba-de9fcd604807@group-73B23F2587F1-SegmentedRaftLogWorker close()
2019-09-25 05:50:22,667 [ForkJoinPool.commonPool-worker-1] INFO  impl.RaftServerImpl (RaftServerImpl.java:lambda$shutdown$3(251)) - 899bfb76-eea4-4ff6-823c-7995b606cb73@group-AE24C26F5B85: shutdown
2019-09-25 05:50:22,674 [main] INFO  impl.RaftServerImpl (RaftServerImpl.java:lambda$shutdown$3(251)) - 11c09e37-7211-4e36-88ba-de9fcd604807@group-14FF7CCB5A5D: shutdown
2019-09-25 05:50:22,675 [main] INFO  util.JmxRegister (JmxRegister.java:unregister(73)) - Successfully un-registered JMX Bean with object name Ratis:service=RaftServer,group=group-14FF7CCB5A5D,id=11c09e37-7211-4e36-88ba-de9fcd604807
2019-09-25 05:50:22,675 [main] INFO  impl.RoleInfo (RoleInfo.java:shutdownFollowerState(121)) - 11c09e37-7211-4e36-88ba-de9fcd604807: shutdown FollowerState
2019-09-25 05:50:22,674 [ForkJoinPool.commonPool-worker-1] INFO  util.JmxRegister (JmxRegister.java:unregister(73)) - Successfully un-registered JMX Bean with object name Ratis:service=RaftServer,group=group-AE24C26F5B85,id=899bfb76-eea4-4ff6-823c-7995b606cb73
2019-09-25 05:50:22,676 [Thread-3189] INFO  impl.FollowerState (FollowerState.java:run(115)) - 11c09e37-7211-4e36-88ba-de9fcd604807: FollowerState was interrupted: java.lang.InterruptedException: sleep interrupted
2019-09-25 05:50:22,675 [main] INFO  impl.StateMachineUpdater (StateMachineUpdater.java:stopAndJoin(125)) - 11c09e37-7211-4e36-88ba-de9fcd604807@group-14FF7CCB5A5D-StateMachineUpdater: set stopIndex = -1
2019-09-25 05:50:22,676 [ForkJoinPool.commonPool-worker-1] INFO  impl.RoleInfo (RoleInfo.java:shutdownLeaderState(104)) - 899bfb76-eea4-4ff6-823c-7995b606cb73: shutdown LeaderState
2019-09-25 05:50:22,676 [main] INFO  impl.RaftServerImpl (ServerState.java:close(385)) - 11c09e37-7211-4e36-88ba-de9fcd604807@group-14FF7CCB5A5D: closes. applyIndex: -1
2019-09-25 05:50:22,676 [ForkJoinPool.commonPool-worker-1] INFO  impl.PendingRequests (PendingRequests.java:sendNotLeaderResponses(202)) - 899bfb76-eea4-4ff6-823c-7995b606cb73-PendingRequests: sendNotLeaderResponses
2019-09-25 05:50:22,677 [11c09e37-7211-4e36-88ba-de9fcd604807@group-14FF7CCB5A5D-SegmentedRaftLogWorker] INFO  segmented.SegmentedRaftLogWorker (SegmentedRaftLogWorker.java:run(313)) - 11c09e37-7211-4e36-88ba-de9fcd604807@group-14FF7CCB5A5D-SegmentedRaftLogWorker was interrupted, exiting. There are 0 tasks remaining in the queue.
2019-09-25 05:50:22,677 [ForkJoinPool.commonPool-worker-1] INFO  impl.StateMachineUpdater (StateMachineUpdater.java:stopAndJoin(125)) - 899bfb76-eea4-4ff6-823c-7995b606cb73@group-AE24C26F5B85-StateMachineUpdater: set stopIndex = 0
2019-09-25 05:50:22,677 [main] INFO  segmented.SegmentedRaftLogWorker (SegmentedRaftLogWorker.java:close(228)) - 11c09e37-7211-4e36-88ba-de9fcd604807@group-14FF7CCB5A5D-SegmentedRaftLogWorker close()
2019-09-25 05:50:22,677 [ForkJoinPool.commonPool-worker-1] INFO  impl.RaftServerImpl (ServerState.java:close(385)) - 899bfb76-eea4-4ff6-823c-7995b606cb73@group-AE24C26F5B85: closes. applyIndex: 0
2019-09-25 05:50:22,684 [main] INFO  impl.RaftServerImpl (RaftServerImpl.java:lambda$shutdown$3(251)) - 11c09e37-7211-4e36-88ba-de9fcd604807@group-AF0E050FB82F: shutdown
2019-09-25 05:50:22,684 [899bfb76-eea4-4ff6-823c-7995b606cb73@group-AE24C26F5B85-SegmentedRaftLogWorker] INFO  segmented.SegmentedRaftLogWorker (SegmentedRaftLogWorker.java:run(313)) - 899bfb76-eea4-4ff6-823c-7995b606cb73@group-AE24C26F5B85-SegmentedRaftLogWorker was interrupted, exiting. There are 0 tasks remaining in the queue.
2019-09-25 05:50:22,684 [main] INFO  util.JmxRegister (JmxRegister.java:unregister(73)) - Successfully un-registered JMX Bean with object name Ratis:service=RaftServer,group=group-AF0E050FB82F,id=11c09e37-7211-4e36-88ba-de9fcd604807
2019-09-25 05:50:22,688 [ForkJoinPool.commonPool-worker-1] INFO  segmented.SegmentedRaftLogWorker (SegmentedRaftLogWorker.java:close(228)) - 899bfb76-eea4-4ff6-823c-7995b606cb73@group-AE24C26F5B85-SegmentedRaftLogWorker close()
2019-09-25 05:50:22,688 [main] INFO  impl.RoleInfo (RoleInfo.java:shutdownFollowerState(121)) - 11c09e37-7211-4e36-88ba-de9fcd604807: shutdown FollowerState
2019-09-25 05:50:22,694 [ForkJoinPool.commonPool-worker-1] INFO  impl.RaftServerImpl (RaftServerImpl.java:lambda$shutdown$3(251)) - 899bfb76-eea4-4ff6-823c-7995b606cb73@group-0AC985B28A72: shutdown
2019-09-25 05:50:22,694 [Thread-3168] INFO  impl.FollowerState (FollowerState.java:run(115)) - 11c09e37-7211-4e36-88ba-de9fcd604807: FollowerState was interrupted: java.lang.InterruptedException: sleep interrupted
2019-09-25 05:50:22,694 [main] INFO  impl.StateMachineUpdater (StateMachineUpdater.java:stopAndJoin(125)) - 11c09e37-7211-4e36-88ba-de9fcd604807@group-AF0E050FB82F-StateMachineUpdater: set stopIndex = -1
2019-09-25 05:50:22,695 [main] INFO  impl.RaftServerImpl (ServerState.java:close(385)) - 11c09e37-7211-4e36-88ba-de9fcd604807@group-AF0E050FB82F: closes. applyIndex: -1
2019-09-25 05:50:22,694 [ForkJoinPool.commonPool-worker-1] INFO  util.JmxRegister (JmxRegister.java:unregister(73)) - Successfully un-registered JMX Bean with object name Ratis:service=RaftServer,group=group-0AC985B28A72,id=899bfb76-eea4-4ff6-823c-7995b606cb73
2019-09-25 05:50:22,695 [11c09e37-7211-4e36-88ba-de9fcd604807@group-AF0E050FB82F-SegmentedRaftLogWorker] INFO  segmented.SegmentedRaftLogWorker (SegmentedRaftLogWorker.java:run(313)) - 11c09e37-7211-4e36-88ba-de9fcd604807@group-AF0E050FB82F-SegmentedRaftLogWorker was interrupted, exiting. There are 0 tasks remaining in the queue.
2019-09-25 05:50:22,695 [ForkJoinPool.commonPool-worker-1] INFO  impl.RoleInfo (RoleInfo.java:shutdownLeaderState(104)) - 899bfb76-eea4-4ff6-823c-7995b606cb73: shutdown LeaderState
2019-09-25 05:50:22,695 [main] INFO  segmented.SegmentedRaftLogWorker (SegmentedRaftLogWorker.java:close(228)) - 11c09e37-7211-4e36-88ba-de9fcd604807@group-AF0E050FB82F-SegmentedRaftLogWorker close()
2019-09-25 05:50:22,696 [ForkJoinPool.commonPool-worker-1] INFO  impl.PendingRequests (PendingRequests.java:sendNotLeaderResponses(202)) - 899bfb76-eea4-4ff6-823c-7995b606cb73-PendingRequests: sendNotLeaderResponses
2019-09-25 05:50:22,701 [main] INFO  server.GrpcService (GrpcService.java:closeImpl(164)) - 11c09e37-7211-4e36-88ba-de9fcd604807: shutdown server with port 35566 now
2019-09-25 05:50:22,702 [ForkJoinPool.commonPool-worker-1] INFO  impl.StateMachineUpdater (StateMachineUpdater.java:stopAndJoin(125)) - 899bfb76-eea4-4ff6-823c-7995b606cb73@group-0AC985B28A72-StateMachineUpdater: set stopIndex = 0
2019-09-25 05:50:22,705 [ForkJoinPool.commonPool-worker-1] INFO  impl.RaftServerImpl (ServerState.java:close(385)) - 899bfb76-eea4-4ff6-823c-7995b606cb73@group-0AC985B28A72: closes. applyIndex: 0
2019-09-25 05:50:22,705 [main] INFO  server.GrpcService (GrpcService.java:closeImpl(172)) - 11c09e37-7211-4e36-88ba-de9fcd604807: shutdown server with port 35566 successfully
2019-09-25 05:50:22,706 [899bfb76-eea4-4ff6-823c-7995b606cb73@group-0AC985B28A72-SegmentedRaftLogWorker] INFO  segmented.SegmentedRaftLogWorker (SegmentedRaftLogWorker.java:run(313)) - 899bfb76-eea4-4ff6-823c-7995b606cb73@group-0AC985B28A72-SegmentedRaftLogWorker was interrupted, exiting. There are 0 tasks remaining in the queue.
2019-09-25 05:50:22,709 [ForkJoinPool.commonPool-worker-1] INFO  segmented.SegmentedRaftLogWorker (SegmentedRaftLogWorker.java:close(228)) - 899bfb76-eea4-4ff6-823c-7995b606cb73@group-0AC985B28A72-SegmentedRaftLogWorker close()
2019-09-25 05:50:22,714 [ForkJoinPool.commonPool-worker-1] INFO  impl.RaftServerImpl (RaftServerImpl.java:lambda$shutdown$3(251)) - 899bfb76-eea4-4ff6-823c-7995b606cb73@group-637E481DFCF9: shutdown
2019-09-25 05:50:22,714 [ForkJoinPool.commonPool-worker-1] INFO  util.JmxRegister (JmxRegister.java:unregister(73)) - Successfully un-registered JMX Bean with object name Ratis:service=RaftServer,group=group-637E481DFCF9,id=899bfb76-eea4-4ff6-823c-7995b606cb73
2019-09-25 05:50:22,715 [ForkJoinPool.commonPool-worker-1] INFO  impl.RoleInfo (RoleInfo.java:shutdownLeaderState(104)) - 899bfb76-eea4-4ff6-823c-7995b606cb73: shutdown LeaderState
2019-09-25 05:50:22,715 [refreshUsed-/workdir/hadoop-ozone/integration-test/target/test-dir/MiniOzoneClusterImpl-2263fc46-0a90-446a-9f91-f67f9935a0e0/datanode-4/data/containers] WARN  fs.CachingGetSpaceUsed (CachingGetSpaceUsed.java:run(183)) - Thread Interrupted waiting to refresh disk information: sleep interrupted
2019-09-25 05:50:22,715 [ForkJoinPool.commonPool-worker-1] INFO  impl.PendingRequests (PendingRequests.java:sendNotLeaderResponses(202)) - 899bfb76-eea4-4ff6-823c-7995b606cb73-PendingRequests: sendNotLeaderResponses
2019-09-25 05:50:22,716 [ForkJoinPool.commonPool-worker-1] INFO  impl.StateMachineUpdater (StateMachineUpdater.java:stopAndJoin(125)) - 899bfb76-eea4-4ff6-823c-7995b606cb73@group-637E481DFCF9-StateMachineUpdater: set stopIndex = 0
2019-09-25 05:50:22,716 [ForkJoinPool.commonPool-worker-1] INFO  impl.RaftServerImpl (ServerState.java:close(385)) - 899bfb76-eea4-4ff6-823c-7995b606cb73@group-637E481DFCF9: closes. applyIndex: 0
2019-09-25 05:50:22,717 [899bfb76-eea4-4ff6-823c-7995b606cb73@group-637E481DFCF9-SegmentedRaftLogWorker] INFO  segmented.SegmentedRaftLogWorker (SegmentedRaftLogWorker.java:run(313)) - 899bfb76-eea4-4ff6-823c-7995b606cb73@group-637E481DFCF9-SegmentedRaftLogWorker was interrupted, exiting. There are 0 tasks remaining in the queue.
2019-09-25 05:50:22,719 [ForkJoinPool.commonPool-worker-1] INFO  segmented.SegmentedRaftLogWorker (SegmentedRaftLogWorker.java:close(228)) - 899bfb76-eea4-4ff6-823c-7995b606cb73@group-637E481DFCF9-SegmentedRaftLogWorker close()
2019-09-25 05:50:22,725 [ForkJoinPool.commonPool-worker-1] INFO  server.GrpcService (GrpcService.java:closeImpl(164)) - 899bfb76-eea4-4ff6-823c-7995b606cb73: shutdown server with port 35182 now
2019-09-25 05:50:22,728 [ForkJoinPool.commonPool-worker-1] INFO  server.GrpcService (GrpcService.java:closeImpl(172)) - 899bfb76-eea4-4ff6-823c-7995b606cb73: shutdown server with port 35182 successfully
2019-09-25 05:50:22,731 [refreshUsed-/workdir/hadoop-ozone/integration-test/target/test-dir/MiniOzoneClusterImpl-2263fc46-0a90-446a-9f91-f67f9935a0e0/datanode-1/data/containers] WARN  fs.CachingGetSpaceUsed (CachingGetSpaceUsed.java:run(183)) - Thread Interrupted waiting to refresh disk information: sleep interrupted
2019-09-25 05:50:22,748 [main] INFO  utils.BackgroundService (BackgroundService.java:shutdown(148)) - Shutting down service BlockDeletingService
2019-09-25 05:50:22,756 [main] INFO  statemachine.DatanodeStateMachine (DatanodeStateMachine.java:stopDaemon(395)) - Ozone container server stopped.
2019-09-25 05:50:22,757 [main] INFO  handler.ContextHandler (ContextHandler.java:doStop(910)) - Stopped o.e.j.w.WebAppContext@35e2b89f{/,null,UNAVAILABLE}{/hddsDatanode}
2019-09-25 05:50:22,758 [main] INFO  server.AbstractConnector (AbstractConnector.java:doStop(318)) - Stopped ServerConnector@7ad889be{HTTP/1.1,[http/1.1]}{0.0.0.0:0}
2019-09-25 05:50:22,758 [main] INFO  handler.ContextHandler (ContextHandler.java:doStop(910)) - Stopped o.e.j.s.ServletContextHandler@49038f97{/static,jar:file:/home/user/.m2/repository/org/apache/hadoop/hadoop-hdds-container-service/0.5.0-SNAPSHOT/hadoop-hdds-container-service-0.5.0-SNAPSHOT.jar!/webapps/static,UNAVAILABLE}
2019-09-25 05:50:22,759 [main] INFO  handler.ContextHandler (ContextHandler.java:doStop(910)) - Stopped o.e.j.s.ServletContextHandler@117b2cc6{/logs,file:///workdir/hadoop-ozone/integration-test/target/log,UNAVAILABLE}
2019-09-25 05:50:22,761 [ForkJoinPool.commonPool-worker-1] INFO  utils.BackgroundService (BackgroundService.java:shutdown(148)) - Shutting down service BlockDeletingService
2019-09-25 05:50:22,768 [ForkJoinPool.commonPool-worker-1] INFO  statemachine.DatanodeStateMachine (DatanodeStateMachine.java:stopDaemon(395)) - Ozone container server stopped.
2019-09-25 05:50:22,776 [ForkJoinPool.commonPool-worker-1] INFO  handler.ContextHandler (ContextHandler.java:doStop(910)) - Stopped o.e.j.w.WebAppContext@62735b13{/,null,UNAVAILABLE}{/hddsDatanode}
2019-09-25 05:50:22,777 [ForkJoinPool.commonPool-worker-1] INFO  server.AbstractConnector (AbstractConnector.java:doStop(318)) - Stopped ServerConnector@7aae1170{HTTP/1.1,[http/1.1]}{0.0.0.0:0}
2019-09-25 05:50:22,779 [ForkJoinPool.commonPool-worker-1] INFO  handler.ContextHandler (ContextHandler.java:doStop(910)) - Stopped o.e.j.s.ServletContextHandler@6e0d16a4{/static,jar:file:/home/user/.m2/repository/org/apache/hadoop/hadoop-hdds-container-service/0.5.0-SNAPSHOT/hadoop-hdds-container-service-0.5.0-SNAPSHOT.jar!/webapps/static,UNAVAILABLE}
2019-09-25 05:50:22,782 [ForkJoinPool.commonPool-worker-1] INFO  handler.ContextHandler (ContextHandler.java:doStop(910)) - Stopped o.e.j.s.ServletContextHandler@563317c1{/logs,file:///workdir/hadoop-ozone/integration-test/target/log,UNAVAILABLE}
2019-09-25 05:50:23,111 [Datanode State Machine Thread - 0] INFO  statemachine.DatanodeStateMachine (DatanodeStateMachine.java:lambda$startDaemon$0(350)) - Ozone container server started.
2019-09-25 05:50:23,113 [Datanode State Machine Thread - 0] INFO  statemachine.DatanodeStateMachine (DatanodeStateMachine.java:lambda$startDaemon$0(350)) - Ozone container server started.
2019-09-25 05:50:27,127 [EventQueue-StaleNodeForStaleNodeHandler] INFO  node.StaleNodeHandler (StaleNodeHandler.java:onMessage(58)) - Datanode 30620aa2-f8b3-4a53-9c80-c9f165f833cf{ip: 192.168.30.10, host: pr-hdds-1569-s62bp-3040748787, networkLocation: /default-rack, certSerialId: null} moved to stale state. Finalizing its pipelines [PipelineID=f0d6df5e-d48e-4441-95f8-107c703f676d, PipelineID=bf22ea4f-7dc1-477a-8db0-beb3042c6efe, PipelineID=b5dffa9e-a267-4b40-af90-3981ad1e9731, PipelineID=6f925b2d-703f-47f5-84bb-10c4d5a607a6, PipelineID=91fb5dec-a99b-43ed-bd6b-0d990af1d4c9, PipelineID=79c9e767-fce3-4030-b1b5-51b2b28babae]
2019-09-25 05:50:27,128 [EventQueue-StaleNodeForStaleNodeHandler] INFO  pipeline.SCMPipelineManager (SCMPipelineManager.java:finalizeAndDestroyPipeline(317)) - destroying pipeline:Pipeline[ Id: f0d6df5e-d48e-4441-95f8-107c703f676d, Nodes: 30620aa2-f8b3-4a53-9c80-c9f165f833cf{ip: 192.168.30.10, host: pr-hdds-1569-s62bp-3040748787, networkLocation: /default-rack, certSerialId: null}, Type:RATIS, Factor:ONE, State:OPEN]
2019-09-25 05:50:27,128 [EventQueue-StaleNodeForStaleNodeHandler] INFO  pipeline.PipelineStateManager (PipelineStateManager.java:finalizePipeline(123)) - Pipeline Pipeline[ Id: f0d6df5e-d48e-4441-95f8-107c703f676d, Nodes: 30620aa2-f8b3-4a53-9c80-c9f165f833cf{ip: 192.168.30.10, host: pr-hdds-1569-s62bp-3040748787, networkLocation: /default-rack, certSerialId: null}, Type:RATIS, Factor:ONE, State:CLOSED] moved to CLOSED state
2019-09-25 05:50:27,128 [EventQueue-StaleNodeForStaleNodeHandler] INFO  pipeline.SCMPipelineManager (SCMPipelineManager.java:finalizeAndDestroyPipeline(317)) - destroying pipeline:Pipeline[ Id: bf22ea4f-7dc1-477a-8db0-beb3042c6efe, Nodes: 30620aa2-f8b3-4a53-9c80-c9f165f833cf{ip: 192.168.30.10, host: pr-hdds-1569-s62bp-3040748787, networkLocation: /default-rack, certSerialId: null}, Type:RATIS, Factor:ONE, State:OPEN]
2019-09-25 05:50:27,128 [EventQueue-StaleNodeForStaleNodeHandler] INFO  pipeline.PipelineStateManager (PipelineStateManager.java:finalizePipeline(123)) - Pipeline Pipeline[ Id: bf22ea4f-7dc1-477a-8db0-beb3042c6efe, Nodes: 30620aa2-f8b3-4a53-9c80-c9f165f833cf{ip: 192.168.30.10, host: pr-hdds-1569-s62bp-3040748787, networkLocation: /default-rack, certSerialId: null}, Type:RATIS, Factor:ONE, State:CLOSED] moved to CLOSED state
2019-09-25 05:50:27,129 [EventQueue-StaleNodeForStaleNodeHandler] INFO  pipeline.SCMPipelineManager (SCMPipelineManager.java:finalizeAndDestroyPipeline(317)) - destroying pipeline:Pipeline[ Id: b5dffa9e-a267-4b40-af90-3981ad1e9731, Nodes: 30620aa2-f8b3-4a53-9c80-c9f165f833cf{ip: 192.168.30.10, host: pr-hdds-1569-s62bp-3040748787, networkLocation: /default-rack, certSerialId: null}, Type:RATIS, Factor:ONE, State:OPEN]
2019-09-25 05:50:27,129 [EventQueue-StaleNodeForStaleNodeHandler] INFO  pipeline.PipelineStateManager (PipelineStateManager.java:finalizePipeline(123)) - Pipeline Pipeline[ Id: b5dffa9e-a267-4b40-af90-3981ad1e9731, Nodes: 30620aa2-f8b3-4a53-9c80-c9f165f833cf{ip: 192.168.30.10, host: pr-hdds-1569-s62bp-3040748787, networkLocation: /default-rack, certSerialId: null}, Type:RATIS, Factor:ONE, State:CLOSED] moved to CLOSED state
2019-09-25 05:50:27,129 [EventQueue-StaleNodeForStaleNodeHandler] INFO  pipeline.SCMPipelineManager (SCMPipelineManager.java:finalizeAndDestroyPipeline(317)) - destroying pipeline:Pipeline[ Id: 6f925b2d-703f-47f5-84bb-10c4d5a607a6, Nodes: 30620aa2-f8b3-4a53-9c80-c9f165f833cf{ip: 192.168.30.10, host: pr-hdds-1569-s62bp-3040748787, networkLocation: /default-rack, certSerialId: null}, Type:RATIS, Factor:ONE, State:OPEN]
2019-09-25 05:50:27,129 [EventQueue-StaleNodeForStaleNodeHandler] INFO  pipeline.PipelineStateManager (PipelineStateManager.java:finalizePipeline(123)) - Pipeline Pipeline[ Id: 6f925b2d-703f-47f5-84bb-10c4d5a607a6, Nodes: 30620aa2-f8b3-4a53-9c80-c9f165f833cf{ip: 192.168.30.10, host: pr-hdds-1569-s62bp-3040748787, networkLocation: /default-rack, certSerialId: null}, Type:RATIS, Factor:ONE, State:CLOSED] moved to CLOSED state
2019-09-25 05:50:27,129 [EventQueue-StaleNodeForStaleNodeHandler] INFO  pipeline.SCMPipelineManager (SCMPipelineManager.java:finalizeAndDestroyPipeline(317)) - destroying pipeline:Pipeline[ Id: 91fb5dec-a99b-43ed-bd6b-0d990af1d4c9, Nodes: 30620aa2-f8b3-4a53-9c80-c9f165f833cf{ip: 192.168.30.10, host: pr-hdds-1569-s62bp-3040748787, networkLocation: /default-rack, certSerialId: null}, Type:RATIS, Factor:ONE, State:OPEN]
2019-09-25 05:50:27,130 [EventQueue-StaleNodeForStaleNodeHandler] INFO  pipeline.PipelineStateManager (PipelineStateManager.java:finalizePipeline(123)) - Pipeline Pipeline[ Id: 91fb5dec-a99b-43ed-bd6b-0d990af1d4c9, Nodes: 30620aa2-f8b3-4a53-9c80-c9f165f833cf{ip: 192.168.30.10, host: pr-hdds-1569-s62bp-3040748787, networkLocation: /default-rack, certSerialId: null}, Type:RATIS, Factor:ONE, State:CLOSED] moved to CLOSED state
2019-09-25 05:50:27,130 [EventQueue-StaleNodeForStaleNodeHandler] INFO  pipeline.SCMPipelineManager (SCMPipelineManager.java:finalizeAndDestroyPipeline(317)) - destroying pipeline:Pipeline[ Id: 79c9e767-fce3-4030-b1b5-51b2b28babae, Nodes: 30620aa2-f8b3-4a53-9c80-c9f165f833cf{ip: 192.168.30.10, host: pr-hdds-1569-s62bp-3040748787, networkLocation: /default-rack, certSerialId: null}, Type:RATIS, Factor:ONE, State:OPEN]
2019-09-25 05:50:27,130 [EventQueue-StaleNodeForStaleNodeHandler] INFO  pipeline.PipelineStateManager (PipelineStateManager.java:finalizePipeline(123)) - Pipeline Pipeline[ Id: 79c9e767-fce3-4030-b1b5-51b2b28babae, Nodes: 30620aa2-f8b3-4a53-9c80-c9f165f833cf{ip: 192.168.30.10, host: pr-hdds-1569-s62bp-3040748787, networkLocation: /default-rack, certSerialId: null}, Type:RATIS, Factor:ONE, State:CLOSED] moved to CLOSED state
2019-09-25 05:50:27,177 [Thread-3177] INFO  impl.FollowerState (FollowerState.java:run(106)) - 74ee2b94-5a16-4fca-8dd4-c5490dc15294:group-90B9F264C6D8 changes to CANDIDATE, lastRpcTime:10588, electionTimeout:5012ms
2019-09-25 05:50:27,182 [Thread-3177] INFO  impl.RoleInfo (RoleInfo.java:shutdownFollowerState(121)) - 74ee2b94-5a16-4fca-8dd4-c5490dc15294: shutdown FollowerState
2019-09-25 05:50:27,182 [Thread-3177] INFO  impl.RaftServerImpl (RaftServerImpl.java:setRole(174)) - 74ee2b94-5a16-4fca-8dd4-c5490dc15294@group-90B9F264C6D8: changes role from  FOLLOWER to CANDIDATE at term 0 for changeToCandidate
2019-09-25 05:50:27,183 [Thread-3177] INFO  impl.RoleInfo (RoleInfo.java:updateAndGet(143)) - 74ee2b94-5a16-4fca-8dd4-c5490dc15294: start LeaderElection
2019-09-25 05:50:27,198 [74ee2b94-5a16-4fca-8dd4-c5490dc15294@group-90B9F264C6D8:LeaderElection252] INFO  impl.LeaderElection (LeaderElection.java:askForVotes(182)) - 74ee2b94-5a16-4fca-8dd4-c5490dc15294@group-90B9F264C6D8:LeaderElection252: begin an election at term 1 for -1: [74ee2b94-5a16-4fca-8dd4-c5490dc15294:192.168.30.10:39250], old=null
2019-09-25 05:50:27,198 [74ee2b94-5a16-4fca-8dd4-c5490dc15294@group-90B9F264C6D8:LeaderElection252] INFO  impl.RoleInfo (RoleInfo.java:shutdownLeaderElection(134)) - 74ee2b94-5a16-4fca-8dd4-c5490dc15294: shutdown LeaderElection
2019-09-25 05:50:27,198 [74ee2b94-5a16-4fca-8dd4-c5490dc15294@group-90B9F264C6D8:LeaderElection252] INFO  impl.RaftServerImpl (RaftServerImpl.java:setRole(174)) - 74ee2b94-5a16-4fca-8dd4-c5490dc15294@group-90B9F264C6D8: changes role from CANDIDATE to LEADER at term 1 for changeToLeader
2019-09-25 05:50:27,198 [74ee2b94-5a16-4fca-8dd4-c5490dc15294@group-90B9F264C6D8:LeaderElection252] INFO  impl.RaftServerImpl (ServerState.java:setLeader(253)) - 74ee2b94-5a16-4fca-8dd4-c5490dc15294@group-90B9F264C6D8: change Leader from null to 74ee2b94-5a16-4fca-8dd4-c5490dc15294 at term 1 for becomeLeader, leader elected after 10612ms
2019-09-25 05:50:27,199 [74ee2b94-5a16-4fca-8dd4-c5490dc15294@group-90B9F264C6D8:LeaderElection252] INFO  server.RaftServerConfigKeys (ConfUtils.java:logGet(43)) - raft.server.staging.catchup.gap = 1000 (default)
2019-09-25 05:50:27,199 [74ee2b94-5a16-4fca-8dd4-c5490dc15294@group-90B9F264C6D8:LeaderElection252] INFO  server.RaftServerConfigKeys (ConfUtils.java:logGet(43)) - raft.server.rpc.sleep.time = 25ms (default)
2019-09-25 05:50:27,199 [74ee2b94-5a16-4fca-8dd4-c5490dc15294@group-90B9F264C6D8:LeaderElection252] INFO  server.RaftServerConfigKeys (ConfUtils.java:logGet(43)) - raft.server.write.element-limit = 4096 (default)
2019-09-25 05:50:27,199 [74ee2b94-5a16-4fca-8dd4-c5490dc15294@group-90B9F264C6D8:LeaderElection252] INFO  server.RaftServerConfigKeys (ConfUtils.java:logGet(43)) - raft.server.watch.timeout = 10s (default)
2019-09-25 05:50:27,199 [74ee2b94-5a16-4fca-8dd4-c5490dc15294@group-90B9F264C6D8:LeaderElection252] INFO  server.RaftServerConfigKeys (ConfUtils.java:logGet(43)) - raft.server.watch.timeout.denomination = 1s (default)
2019-09-25 05:50:27,199 [74ee2b94-5a16-4fca-8dd4-c5490dc15294@group-90B9F264C6D8:LeaderElection252] INFO  server.RaftServerConfigKeys (ConfUtils.java:logGet(43)) - raft.server.watch.element-limit = 65536 (default)
2019-09-25 05:50:27,202 [74ee2b94-5a16-4fca-8dd4-c5490dc15294@group-90B9F264C6D8:LeaderElection252] INFO  impl.RoleInfo (RoleInfo.java:updateAndGet(143)) - 74ee2b94-5a16-4fca-8dd4-c5490dc15294: start LeaderState
2019-09-25 05:50:27,202 [74ee2b94-5a16-4fca-8dd4-c5490dc15294@group-90B9F264C6D8:LeaderElection252] INFO  segmented.SegmentedRaftLogWorker (SegmentedRaftLogWorker.java:startLogSegment(380)) - 74ee2b94-5a16-4fca-8dd4-c5490dc15294@group-90B9F264C6D8-SegmentedRaftLogWorker: Starting segment from index:0
2019-09-25 05:50:27,202 [74ee2b94-5a16-4fca-8dd4-c5490dc15294@group-90B9F264C6D8:LeaderElection252] INFO  impl.RaftServerImpl (ServerState.java:setRaftConf(354)) - 74ee2b94-5a16-4fca-8dd4-c5490dc15294@group-90B9F264C6D8: set configuration 0: [74ee2b94-5a16-4fca-8dd4-c5490dc15294:192.168.30.10:39250], old=null at 0
2019-09-25 05:50:27,208 [Thread-3165] INFO  impl.FollowerState (FollowerState.java:run(106)) - 30620aa2-f8b3-4a53-9c80-c9f165f833cf:group-10C4D5A607A6 changes to CANDIDATE, lastRpcTime:10749, electionTimeout:5042ms
2019-09-25 05:50:27,208 [Thread-3165] INFO  impl.RoleInfo (RoleInfo.java:shutdownFollowerState(121)) - 30620aa2-f8b3-4a53-9c80-c9f165f833cf: shutdown FollowerState
2019-09-25 05:50:27,208 [Thread-3165] INFO  impl.RaftServerImpl (RaftServerImpl.java:setRole(174)) - 30620aa2-f8b3-4a53-9c80-c9f165f833cf@group-10C4D5A607A6: changes role from  FOLLOWER to CANDIDATE at term 0 for changeToCandidate
2019-09-25 05:50:27,209 [Thread-3165] INFO  impl.RoleInfo (RoleInfo.java:updateAndGet(143)) - 30620aa2-f8b3-4a53-9c80-c9f165f833cf: start LeaderElection
2019-09-25 05:50:27,222 [30620aa2-f8b3-4a53-9c80-c9f165f833cf@group-10C4D5A607A6:LeaderElection253] INFO  impl.LeaderElection (LeaderElection.java:askForVotes(182)) - 30620aa2-f8b3-4a53-9c80-c9f165f833cf@group-10C4D5A607A6:LeaderElection253: begin an election at term 1 for -1: [30620aa2-f8b3-4a53-9c80-c9f165f833cf:192.168.30.10:39633], old=null
2019-09-25 05:50:27,222 [30620aa2-f8b3-4a53-9c80-c9f165f833cf@group-10C4D5A607A6:LeaderElection253] INFO  impl.RoleInfo (RoleInfo.java:shutdownLeaderElection(134)) - 30620aa2-f8b3-4a53-9c80-c9f165f833cf: shutdown LeaderElection
2019-09-25 05:50:27,222 [30620aa2-f8b3-4a53-9c80-c9f165f833cf@group-10C4D5A607A6:LeaderElection253] INFO  impl.RaftServerImpl (RaftServerImpl.java:setRole(174)) - 30620aa2-f8b3-4a53-9c80-c9f165f833cf@group-10C4D5A607A6: changes role from CANDIDATE to LEADER at term 1 for changeToLeader
2019-09-25 05:50:27,223 [30620aa2-f8b3-4a53-9c80-c9f165f833cf@group-10C4D5A607A6:LeaderElection253] INFO  impl.RaftServerImpl (ServerState.java:setLeader(253)) - 30620aa2-f8b3-4a53-9c80-c9f165f833cf@group-10C4D5A607A6: change Leader from null to 30620aa2-f8b3-4a53-9c80-c9f165f833cf at term 1 for becomeLeader, leader elected after 10766ms
2019-09-25 05:50:27,223 [30620aa2-f8b3-4a53-9c80-c9f165f833cf@group-10C4D5A607A6:LeaderElection253] INFO  server.RaftServerConfigKeys (ConfUtils.java:logGet(43)) - raft.server.staging.catchup.gap = 1000 (default)
2019-09-25 05:50:27,223 [30620aa2-f8b3-4a53-9c80-c9f165f833cf@group-10C4D5A607A6:LeaderElection253] INFO  server.RaftServerConfigKeys (ConfUtils.java:logGet(43)) - raft.server.rpc.sleep.time = 25ms (default)
2019-09-25 05:50:27,223 [30620aa2-f8b3-4a53-9c80-c9f165f833cf@group-10C4D5A607A6:LeaderElection253] INFO  server.RaftServerConfigKeys (ConfUtils.java:logGet(43)) - raft.server.write.element-limit = 4096 (default)
2019-09-25 05:50:27,223 [30620aa2-f8b3-4a53-9c80-c9f165f833cf@group-10C4D5A607A6:LeaderElection253] INFO  server.RaftServerConfigKeys (ConfUtils.java:logGet(43)) - raft.server.watch.timeout = 10s (default)
2019-09-25 05:50:27,223 [30620aa2-f8b3-4a53-9c80-c9f165f833cf@group-10C4D5A607A6:LeaderElection253] INFO  server.RaftServerConfigKeys (ConfUtils.java:logGet(43)) - raft.server.watch.timeout.denomination = 1s (default)
2019-09-25 05:50:27,224 [30620aa2-f8b3-4a53-9c80-c9f165f833cf@group-10C4D5A607A6:LeaderElection253] INFO  server.RaftServerConfigKeys (ConfUtils.java:logGet(43)) - raft.server.watch.element-limit = 65536 (default)
2019-09-25 05:50:27,225 [30620aa2-f8b3-4a53-9c80-c9f165f833cf@group-10C4D5A607A6:LeaderElection253] INFO  impl.RoleInfo (RoleInfo.java:updateAndGet(143)) - 30620aa2-f8b3-4a53-9c80-c9f165f833cf: start LeaderState
2019-09-25 05:50:27,226 [30620aa2-f8b3-4a53-9c80-c9f165f833cf@group-10C4D5A607A6:LeaderElection253] INFO  segmented.SegmentedRaftLogWorker (SegmentedRaftLogWorker.java:startLogSegment(380)) - 30620aa2-f8b3-4a53-9c80-c9f165f833cf@group-10C4D5A607A6-SegmentedRaftLogWorker: Starting segment from index:0
2019-09-25 05:50:27,226 [30620aa2-f8b3-4a53-9c80-c9f165f833cf@group-10C4D5A607A6:LeaderElection253] INFO  impl.RaftServerImpl (ServerState.java:setRaftConf(354)) - 30620aa2-f8b3-4a53-9c80-c9f165f833cf@group-10C4D5A607A6: set configuration 0: [30620aa2-f8b3-4a53-9c80-c9f165f833cf:192.168.30.10:39633], old=null at 0
2019-09-25 05:50:27,227 [EventQueue-StaleNodeForStaleNodeHandler] INFO  node.StaleNodeHandler (StaleNodeHandler.java:onMessage(58)) - Datanode dc430975-089c-40cd-a0f1-208b2374b924{ip: 192.168.30.10, host: pr-hdds-1569-s62bp-3040748787, networkLocation: /default-rack, certSerialId: null} moved to stale state. Finalizing its pipelines [PipelineID=d02050f9-667b-4158-a358-8f934dc354e7, PipelineID=0171a3c6-a57c-492b-8f00-8f461a4bd315, PipelineID=0b54cff6-abfe-4563-9cae-e99bbe6b0c19, PipelineID=8976ea94-cfe6-4afb-a176-828fa2595733, PipelineID=f5c0a52e-ac13-40e8-8231-39f2d504fa8f, PipelineID=9f87ccfc-aafd-4254-98a1-fc42ef922b8d]
2019-09-25 05:50:27,228 [EventQueue-StaleNodeForStaleNodeHandler] INFO  pipeline.SCMPipelineManager (SCMPipelineManager.java:finalizeAndDestroyPipeline(317)) - destroying pipeline:Pipeline[ Id: d02050f9-667b-4158-a358-8f934dc354e7, Nodes: dc430975-089c-40cd-a0f1-208b2374b924{ip: 192.168.30.10, host: pr-hdds-1569-s62bp-3040748787, networkLocation: /default-rack, certSerialId: null}, Type:RATIS, Factor:ONE, State:OPEN]
2019-09-25 05:50:27,228 [EventQueue-StaleNodeForStaleNodeHandler] INFO  pipeline.PipelineStateManager (PipelineStateManager.java:finalizePipeline(123)) - Pipeline Pipeline[ Id: d02050f9-667b-4158-a358-8f934dc354e7, Nodes: dc430975-089c-40cd-a0f1-208b2374b924{ip: 192.168.30.10, host: pr-hdds-1569-s62bp-3040748787, networkLocation: /default-rack, certSerialId: null}, Type:RATIS, Factor:ONE, State:CLOSED] moved to CLOSED state
2019-09-25 05:50:27,228 [EventQueue-StaleNodeForStaleNodeHandler] INFO  pipeline.SCMPipelineManager (SCMPipelineManager.java:finalizeAndDestroyPipeline(317)) - destroying pipeline:Pipeline[ Id: 0171a3c6-a57c-492b-8f00-8f461a4bd315, Nodes: dc430975-089c-40cd-a0f1-208b2374b924{ip: 192.168.30.10, host: pr-hdds-1569-s62bp-3040748787, networkLocation: /default-rack, certSerialId: null}, Type:RATIS, Factor:ONE, State:OPEN]
2019-09-25 05:50:27,228 [EventQueue-StaleNodeForStaleNodeHandler] INFO  pipeline.PipelineStateManager (PipelineStateManager.java:finalizePipeline(123)) - Pipeline Pipeline[ Id: 0171a3c6-a57c-492b-8f00-8f461a4bd315, Nodes: dc430975-089c-40cd-a0f1-208b2374b924{ip: 192.168.30.10, host: pr-hdds-1569-s62bp-3040748787, networkLocation: /default-rack, certSerialId: null}, Type:RATIS, Factor:ONE, State:CLOSED] moved to CLOSED state
2019-09-25 05:50:27,228 [EventQueue-StaleNodeForStaleNodeHandler] INFO  pipeline.SCMPipelineManager (SCMPipelineManager.java:finalizeAndDestroyPipeline(317)) - destroying pipeline:Pipeline[ Id: 0b54cff6-abfe-4563-9cae-e99bbe6b0c19, Nodes: dc430975-089c-40cd-a0f1-208b2374b924{ip: 192.168.30.10, host: pr-hdds-1569-s62bp-3040748787, networkLocation: /default-rack, certSerialId: null}, Type:RATIS, Factor:ONE, State:OPEN]
2019-09-25 05:50:27,229 [EventQueue-StaleNodeForStaleNodeHandler] INFO  pipeline.PipelineStateManager (PipelineStateManager.java:finalizePipeline(123)) - Pipeline Pipeline[ Id: 0b54cff6-abfe-4563-9cae-e99bbe6b0c19, Nodes: dc430975-089c-40cd-a0f1-208b2374b924{ip: 192.168.30.10, host: pr-hdds-1569-s62bp-3040748787, networkLocation: /default-rack, certSerialId: null}, Type:RATIS, Factor:ONE, State:CLOSED] moved to CLOSED state
2019-09-25 05:50:27,229 [EventQueue-StaleNodeForStaleNodeHandler] INFO  pipeline.SCMPipelineManager (SCMPipelineManager.java:finalizeAndDestroyPipeline(317)) - destroying pipeline:Pipeline[ Id: 8976ea94-cfe6-4afb-a176-828fa2595733, Nodes: dc430975-089c-40cd-a0f1-208b2374b924{ip: 192.168.30.10, host: pr-hdds-1569-s62bp-3040748787, networkLocation: /default-rack, certSerialId: null}, Type:RATIS, Factor:ONE, State:OPEN]
2019-09-25 05:50:27,229 [EventQueue-StaleNodeForStaleNodeHandler] INFO  pipeline.PipelineStateManager (PipelineStateManager.java:finalizePipeline(123)) - Pipeline Pipeline[ Id: 8976ea94-cfe6-4afb-a176-828fa2595733, Nodes: dc430975-089c-40cd-a0f1-208b2374b924{ip: 192.168.30.10, host: pr-hdds-1569-s62bp-3040748787, networkLocation: /default-rack, certSerialId: null}, Type:RATIS, Factor:ONE, State:CLOSED] moved to CLOSED state
2019-09-25 05:50:27,229 [EventQueue-StaleNodeForStaleNodeHandler] INFO  pipeline.SCMPipelineManager (SCMPipelineManager.java:finalizeAndDestroyPipeline(317)) - destroying pipeline:Pipeline[ Id: f5c0a52e-ac13-40e8-8231-39f2d504fa8f, Nodes: dc430975-089c-40cd-a0f1-208b2374b924{ip: 192.168.30.10, host: pr-hdds-1569-s62bp-3040748787, networkLocation: /default-rack, certSerialId: null}, Type:RATIS, Factor:ONE, State:OPEN]
2019-09-25 05:50:27,229 [EventQueue-StaleNodeForStaleNodeHandler] INFO  pipeline.PipelineStateManager (PipelineStateManager.java:finalizePipeline(123)) - Pipeline Pipeline[ Id: f5c0a52e-ac13-40e8-8231-39f2d504fa8f, Nodes: dc430975-089c-40cd-a0f1-208b2374b924{ip: 192.168.30.10, host: pr-hdds-1569-s62bp-3040748787, networkLocation: /default-rack, certSerialId: null}, Type:RATIS, Factor:ONE, State:CLOSED] moved to CLOSED state
2019-09-25 05:50:27,230 [EventQueue-StaleNodeForStaleNodeHandler] INFO  pipeline.SCMPipelineManager (SCMPipelineManager.java:finalizeAndDestroyPipeline(317)) - destroying pipeline:Pipeline[ Id: 9f87ccfc-aafd-4254-98a1-fc42ef922b8d, Nodes: dc430975-089c-40cd-a0f1-208b2374b924{ip: 192.168.30.10, host: pr-hdds-1569-s62bp-3040748787, networkLocation: /default-rack, certSerialId: null}, Type:RATIS, Factor:ONE, State:OPEN]
2019-09-25 05:50:27,230 [EventQueue-StaleNodeForStaleNodeHandler] INFO  pipeline.PipelineStateManager (PipelineStateManager.java:finalizePipeline(123)) - Pipeline Pipeline[ Id: 9f87ccfc-aafd-4254-98a1-fc42ef922b8d, Nodes: dc430975-089c-40cd-a0f1-208b2374b924{ip: 192.168.30.10, host: pr-hdds-1569-s62bp-3040748787, networkLocation: /default-rack, certSerialId: null}, Type:RATIS, Factor:ONE, State:CLOSED] moved to CLOSED state
2019-09-25 05:50:27,249 [Thread-3156] INFO  impl.FollowerState (FollowerState.java:run(106)) - dc430975-089c-40cd-a0f1-208b2374b924:group-8F934DC354E7 changes to CANDIDATE, lastRpcTime:10878, electionTimeout:5083ms
2019-09-25 05:50:27,268 [Thread-3174] INFO  impl.FollowerState (FollowerState.java:run(106)) - 74ee2b94-5a16-4fca-8dd4-c5490dc15294:group-806C2C630DD8 changes to CANDIDATE, lastRpcTime:10713, electionTimeout:5101ms
2019-09-25 05:50:27,268 [Thread-3156] INFO  impl.RoleInfo (RoleInfo.java:shutdownFollowerState(121)) - dc430975-089c-40cd-a0f1-208b2374b924: shutdown FollowerState
2019-09-25 05:50:27,268 [74ee2b94-5a16-4fca-8dd4-c5490dc15294@group-90B9F264C6D8-SegmentedRaftLogWorker] INFO  segmented.SegmentedRaftLogWorker (SegmentedRaftLogWorker.java:execute(569)) - 74ee2b94-5a16-4fca-8dd4-c5490dc15294@group-90B9F264C6D8-SegmentedRaftLogWorker: created new log segment /workdir/hadoop-ozone/integration-test/target/test-dir/MiniOzoneClusterImpl-2263fc46-0a90-446a-9f91-f67f9935a0e0/datanode-5/data/ratis/b92822aa-e4c2-4435-b9d0-90b9f264c6d8/current/log_inprogress_0
2019-09-25 05:50:27,268 [Thread-3174] INFO  impl.RoleInfo (RoleInfo.java:shutdownFollowerState(121)) - 74ee2b94-5a16-4fca-8dd4-c5490dc15294: shutdown FollowerState
2019-09-25 05:50:27,268 [Thread-3156] INFO  impl.RaftServerImpl (RaftServerImpl.java:setRole(174)) - dc430975-089c-40cd-a0f1-208b2374b924@group-8F934DC354E7: changes role from  FOLLOWER to CANDIDATE at term 0 for changeToCandidate
2019-09-25 05:50:27,268 [Thread-3174] INFO  impl.RaftServerImpl (RaftServerImpl.java:setRole(174)) - 74ee2b94-5a16-4fca-8dd4-c5490dc15294@group-806C2C630DD8: changes role from  FOLLOWER to CANDIDATE at term 0 for changeToCandidate
2019-09-25 05:50:27,268 [Thread-3156] INFO  impl.RoleInfo (RoleInfo.java:updateAndGet(143)) - dc430975-089c-40cd-a0f1-208b2374b924: start LeaderElection
2019-09-25 05:50:27,269 [Thread-3174] INFO  impl.RoleInfo (RoleInfo.java:updateAndGet(143)) - 74ee2b94-5a16-4fca-8dd4-c5490dc15294: start LeaderElection
2019-09-25 05:50:27,281 [30620aa2-f8b3-4a53-9c80-c9f165f833cf@group-10C4D5A607A6-SegmentedRaftLogWorker] INFO  segmented.SegmentedRaftLogWorker (SegmentedRaftLogWorker.java:execute(569)) - 30620aa2-f8b3-4a53-9c80-c9f165f833cf@group-10C4D5A607A6-SegmentedRaftLogWorker: created new log segment /workdir/hadoop-ozone/integration-test/target/test-dir/MiniOzoneClusterImpl-2263fc46-0a90-446a-9f91-f67f9935a0e0/datanode-3/data/ratis/6f925b2d-703f-47f5-84bb-10c4d5a607a6/current/log_inprogress_0
2019-09-25 05:50:27,281 [dc430975-089c-40cd-a0f1-208b2374b924@group-8F934DC354E7:LeaderElection254] INFO  impl.LeaderElection (LeaderElection.java:askForVotes(182)) - dc430975-089c-40cd-a0f1-208b2374b924@group-8F934DC354E7:LeaderElection254: begin an election at term 1 for -1: [dc430975-089c-40cd-a0f1-208b2374b924:192.168.30.10:34467], old=null
2019-09-25 05:50:27,281 [74ee2b94-5a16-4fca-8dd4-c5490dc15294@group-806C2C630DD8:LeaderElection255] INFO  impl.LeaderElection (LeaderElection.java:askForVotes(182)) - 74ee2b94-5a16-4fca-8dd4-c5490dc15294@group-806C2C630DD8:LeaderElection255: begin an election at term 1 for -1: [74ee2b94-5a16-4fca-8dd4-c5490dc15294:192.168.30.10:39250], old=null
2019-09-25 05:50:27,282 [dc430975-089c-40cd-a0f1-208b2374b924@group-8F934DC354E7:LeaderElection254] INFO  impl.RoleInfo (RoleInfo.java:shutdownLeaderElection(134)) - dc430975-089c-40cd-a0f1-208b2374b924: shutdown LeaderElection
2019-09-25 05:50:27,282 [74ee2b94-5a16-4fca-8dd4-c5490dc15294@group-806C2C630DD8:LeaderElection255] INFO  impl.RoleInfo (RoleInfo.java:shutdownLeaderElection(134)) - 74ee2b94-5a16-4fca-8dd4-c5490dc15294: shutdown LeaderElection
2019-09-25 05:50:27,282 [dc430975-089c-40cd-a0f1-208b2374b924@group-8F934DC354E7:LeaderElection254] INFO  impl.RaftServerImpl (RaftServerImpl.java:setRole(174)) - dc430975-089c-40cd-a0f1-208b2374b924@group-8F934DC354E7: changes role from CANDIDATE to LEADER at term 1 for changeToLeader
2019-09-25 05:50:27,282 [74ee2b94-5a16-4fca-8dd4-c5490dc15294@group-806C2C630DD8:LeaderElection255] INFO  impl.RaftServerImpl (RaftServerImpl.java:setRole(174)) - 74ee2b94-5a16-4fca-8dd4-c5490dc15294@group-806C2C630DD8: changes role from CANDIDATE to LEADER at term 1 for changeToLeader
2019-09-25 05:50:27,282 [dc430975-089c-40cd-a0f1-208b2374b924@group-8F934DC354E7:LeaderElection254] INFO  impl.RaftServerImpl (ServerState.java:setLeader(253)) - dc430975-089c-40cd-a0f1-208b2374b924@group-8F934DC354E7: change Leader from null to dc430975-089c-40cd-a0f1-208b2374b924 at term 1 for becomeLeader, leader elected after 10914ms
2019-09-25 05:50:27,282 [74ee2b94-5a16-4fca-8dd4-c5490dc15294@group-806C2C630DD8:LeaderElection255] INFO  impl.RaftServerImpl (ServerState.java:setLeader(253)) - 74ee2b94-5a16-4fca-8dd4-c5490dc15294@group-806C2C630DD8: change Leader from null to 74ee2b94-5a16-4fca-8dd4-c5490dc15294 at term 1 for becomeLeader, leader elected after 10730ms
2019-09-25 05:50:27,282 [dc430975-089c-40cd-a0f1-208b2374b924@group-8F934DC354E7:LeaderElection254] INFO  server.RaftServerConfigKeys (ConfUtils.java:logGet(43)) - raft.server.staging.catchup.gap = 1000 (default)
2019-09-25 05:50:27,282 [74ee2b94-5a16-4fca-8dd4-c5490dc15294@group-806C2C630DD8:LeaderElection255] INFO  server.RaftServerConfigKeys (ConfUtils.java:logGet(43)) - raft.server.staging.catchup.gap = 1000 (default)
2019-09-25 05:50:27,283 [dc430975-089c-40cd-a0f1-208b2374b924@group-8F934DC354E7:LeaderElection254] INFO  server.RaftServerConfigKeys (ConfUtils.java:logGet(43)) - raft.server.rpc.sleep.time = 25ms (default)
2019-09-25 05:50:27,283 [74ee2b94-5a16-4fca-8dd4-c5490dc15294@group-806C2C630DD8:LeaderElection255] INFO  server.RaftServerConfigKeys (ConfUtils.java:logGet(43)) - raft.server.rpc.sleep.time = 25ms (default)
2019-09-25 05:50:27,283 [dc430975-089c-40cd-a0f1-208b2374b924@group-8F934DC354E7:LeaderElection254] INFO  server.RaftServerConfigKeys (ConfUtils.java:logGet(43)) - raft.server.write.element-limit = 4096 (default)
2019-09-25 05:50:27,283 [74ee2b94-5a16-4fca-8dd4-c5490dc15294@group-806C2C630DD8:LeaderElection255] INFO  server.RaftServerConfigKeys (ConfUtils.java:logGet(43)) - raft.server.write.element-limit = 4096 (default)
2019-09-25 05:50:27,283 [dc430975-089c-40cd-a0f1-208b2374b924@group-8F934DC354E7:LeaderElection254] INFO  server.RaftServerConfigKeys (ConfUtils.java:logGet(43)) - raft.server.watch.timeout = 10s (default)
2019-09-25 05:50:27,283 [74ee2b94-5a16-4fca-8dd4-c5490dc15294@group-806C2C630DD8:LeaderElection255] INFO  server.RaftServerConfigKeys (ConfUtils.java:logGet(43)) - raft.server.watch.timeout = 10s (default)
2019-09-25 05:50:27,283 [dc430975-089c-40cd-a0f1-208b2374b924@group-8F934DC354E7:LeaderElection254] INFO  server.RaftServerConfigKeys (ConfUtils.java:logGet(43)) - raft.server.watch.timeout.denomination = 1s (default)
2019-09-25 05:50:27,284 [74ee2b94-5a16-4fca-8dd4-c5490dc15294@group-806C2C630DD8:LeaderElection255] INFO  server.RaftServerConfigKeys (ConfUtils.java:logGet(43)) - raft.server.watch.timeout.denomination = 1s (default)
2019-09-25 05:50:27,284 [dc430975-089c-40cd-a0f1-208b2374b924@group-8F934DC354E7:LeaderElection254] INFO  server.RaftServerConfigKeys (ConfUtils.java:logGet(43)) - raft.server.watch.element-limit = 65536 (default)
2019-09-25 05:50:27,284 [74ee2b94-5a16-4fca-8dd4-c5490dc15294@group-806C2C630DD8:LeaderElection255] INFO  server.RaftServerConfigKeys (ConfUtils.java:logGet(43)) - raft.server.watch.element-limit = 65536 (default)
2019-09-25 05:50:27,287 [dc430975-089c-40cd-a0f1-208b2374b924@group-8F934DC354E7:LeaderElection254] INFO  impl.RoleInfo (RoleInfo.java:updateAndGet(143)) - dc430975-089c-40cd-a0f1-208b2374b924: start LeaderState
2019-09-25 05:50:27,287 [74ee2b94-5a16-4fca-8dd4-c5490dc15294@group-806C2C630DD8:LeaderElection255] INFO  impl.RoleInfo (RoleInfo.java:updateAndGet(143)) - 74ee2b94-5a16-4fca-8dd4-c5490dc15294: start LeaderState
2019-09-25 05:50:27,287 [dc430975-089c-40cd-a0f1-208b2374b924@group-8F934DC354E7:LeaderElection254] INFO  segmented.SegmentedRaftLogWorker (SegmentedRaftLogWorker.java:startLogSegment(380)) - dc430975-089c-40cd-a0f1-208b2374b924@group-8F934DC354E7-SegmentedRaftLogWorker: Starting segment from index:0
2019-09-25 05:50:27,288 [74ee2b94-5a16-4fca-8dd4-c5490dc15294@group-806C2C630DD8:LeaderElection255] INFO  segmented.SegmentedRaftLogWorker (SegmentedRaftLogWorker.java:startLogSegment(380)) - 74ee2b94-5a16-4fca-8dd4-c5490dc15294@group-806C2C630DD8-SegmentedRaftLogWorker: Starting segment from index:0
2019-09-25 05:50:27,288 [dc430975-089c-40cd-a0f1-208b2374b924@group-8F934DC354E7:LeaderElection254] INFO  impl.RaftServerImpl (ServerState.java:setRaftConf(354)) - dc430975-089c-40cd-a0f1-208b2374b924@group-8F934DC354E7: set configuration 0: [dc430975-089c-40cd-a0f1-208b2374b924:192.168.30.10:34467], old=null at 0
2019-09-25 05:50:27,288 [74ee2b94-5a16-4fca-8dd4-c5490dc15294@group-806C2C630DD8:LeaderElection255] INFO  impl.RaftServerImpl (ServerState.java:setRaftConf(354)) - 74ee2b94-5a16-4fca-8dd4-c5490dc15294@group-806C2C630DD8: set configuration 0: [74ee2b94-5a16-4fca-8dd4-c5490dc15294:192.168.30.10:39250], old=null at 0
2019-09-25 05:50:27,315 [Thread-3171] INFO  impl.FollowerState (FollowerState.java:run(106)) - 30620aa2-f8b3-4a53-9c80-c9f165f833cf:group-3981AD1E9731 changes to CANDIDATE, lastRpcTime:10794, electionTimeout:5149ms
2019-09-25 05:50:27,315 [Thread-3171] INFO  impl.RoleInfo (RoleInfo.java:shutdownFollowerState(121)) - 30620aa2-f8b3-4a53-9c80-c9f165f833cf: shutdown FollowerState
2019-09-25 05:50:27,315 [Thread-3171] INFO  impl.RaftServerImpl (RaftServerImpl.java:setRole(174)) - 30620aa2-f8b3-4a53-9c80-c9f165f833cf@group-3981AD1E9731: changes role from  FOLLOWER to CANDIDATE at term 0 for changeToCandidate
2019-09-25 05:50:27,315 [Thread-3171] INFO  impl.RoleInfo (RoleInfo.java:updateAndGet(143)) - 30620aa2-f8b3-4a53-9c80-c9f165f833cf: start LeaderElection
2019-09-25 05:50:27,320 [74ee2b94-5a16-4fca-8dd4-c5490dc15294@group-806C2C630DD8-SegmentedRaftLogWorker] INFO  segmented.SegmentedRaftLogWorker (SegmentedRaftLogWorker.java:execute(569)) - 74ee2b94-5a16-4fca-8dd4-c5490dc15294@group-806C2C630DD8-SegmentedRaftLogWorker: created new log segment /workdir/hadoop-ozone/integration-test/target/test-dir/MiniOzoneClusterImpl-2263fc46-0a90-446a-9f91-f67f9935a0e0/datanode-5/data/ratis/89ab5e7e-357c-4f91-9b3f-806c2c630dd8/current/log_inprogress_0
2019-09-25 05:50:27,320 [30620aa2-f8b3-4a53-9c80-c9f165f833cf@group-3981AD1E9731:LeaderElection256] INFO  impl.LeaderElection (LeaderElection.java:askForVotes(182)) - 30620aa2-f8b3-4a53-9c80-c9f165f833cf@group-3981AD1E9731:LeaderElection256: begin an election at term 1 for -1: [30620aa2-f8b3-4a53-9c80-c9f165f833cf:192.168.30.10:39633], old=null
2019-09-25 05:50:27,320 [30620aa2-f8b3-4a53-9c80-c9f165f833cf@group-3981AD1E9731:LeaderElection256] INFO  impl.RoleInfo (RoleInfo.java:shutdownLeaderElection(134)) - 30620aa2-f8b3-4a53-9c80-c9f165f833cf: shutdown LeaderElection
2019-09-25 05:50:27,320 [30620aa2-f8b3-4a53-9c80-c9f165f833cf@group-3981AD1E9731:LeaderElection256] INFO  impl.RaftServerImpl (RaftServerImpl.java:setRole(174)) - 30620aa2-f8b3-4a53-9c80-c9f165f833cf@group-3981AD1E9731: changes role from CANDIDATE to LEADER at term 1 for changeToLeader
2019-09-25 05:50:27,321 [30620aa2-f8b3-4a53-9c80-c9f165f833cf@group-3981AD1E9731:LeaderElection256] INFO  impl.RaftServerImpl (ServerState.java:setLeader(253)) - 30620aa2-f8b3-4a53-9c80-c9f165f833cf@group-3981AD1E9731: change Leader from null to 30620aa2-f8b3-4a53-9c80-c9f165f833cf at term 1 for becomeLeader, leader elected after 10803ms
2019-09-25 05:50:27,321 [30620aa2-f8b3-4a53-9c80-c9f165f833cf@group-3981AD1E9731:LeaderElection256] INFO  server.RaftServerConfigKeys (ConfUtils.java:logGet(43)) - raft.server.staging.catchup.gap = 1000 (default)
2019-09-25 05:50:27,321 [30620aa2-f8b3-4a53-9c80-c9f165f833cf@group-3981AD1E9731:LeaderElection256] INFO  server.RaftServerConfigKeys (ConfUtils.java:logGet(43)) - raft.server.rpc.sleep.time = 25ms (default)
2019-09-25 05:50:27,321 [30620aa2-f8b3-4a53-9c80-c9f165f833cf@group-3981AD1E9731:LeaderElection256] INFO  server.RaftServerConfigKeys (ConfUtils.java:logGet(43)) - raft.server.write.element-limit = 4096 (default)
2019-09-25 05:50:27,321 [30620aa2-f8b3-4a53-9c80-c9f165f833cf@group-3981AD1E9731:LeaderElection256] INFO  server.RaftServerConfigKeys (ConfUtils.java:logGet(43)) - raft.server.watch.timeout = 10s (default)
2019-09-25 05:50:27,321 [30620aa2-f8b3-4a53-9c80-c9f165f833cf@group-3981AD1E9731:LeaderElection256] INFO  server.RaftServerConfigKeys (ConfUtils.java:logGet(43)) - raft.server.watch.timeout.denomination = 1s (default)
2019-09-25 05:50:27,321 [30620aa2-f8b3-4a53-9c80-c9f165f833cf@group-3981AD1E9731:LeaderElection256] INFO  server.RaftServerConfigKeys (ConfUtils.java:logGet(43)) - raft.server.watch.element-limit = 65536 (default)
2019-09-25 05:50:27,321 [dc430975-089c-40cd-a0f1-208b2374b924@group-8F934DC354E7-SegmentedRaftLogWorker] INFO  segmented.SegmentedRaftLogWorker (SegmentedRaftLogWorker.java:execute(569)) - dc430975-089c-40cd-a0f1-208b2374b924@group-8F934DC354E7-SegmentedRaftLogWorker: created new log segment /workdir/hadoop-ozone/integration-test/target/test-dir/MiniOzoneClusterImpl-2263fc46-0a90-446a-9f91-f67f9935a0e0/datanode-2/data/ratis/d02050f9-667b-4158-a358-8f934dc354e7/current/log_inprogress_0
2019-09-25 05:50:27,323 [30620aa2-f8b3-4a53-9c80-c9f165f833cf@group-3981AD1E9731:LeaderElection256] INFO  impl.RoleInfo (RoleInfo.java:updateAndGet(143)) - 30620aa2-f8b3-4a53-9c80-c9f165f833cf: start LeaderState
2019-09-25 05:50:27,323 [30620aa2-f8b3-4a53-9c80-c9f165f833cf@group-3981AD1E9731:LeaderElection256] INFO  segmented.SegmentedRaftLogWorker (SegmentedRaftLogWorker.java:startLogSegment(380)) - 30620aa2-f8b3-4a53-9c80-c9f165f833cf@group-3981AD1E9731-SegmentedRaftLogWorker: Starting segment from index:0
2019-09-25 05:50:27,324 [30620aa2-f8b3-4a53-9c80-c9f165f833cf@group-3981AD1E9731:LeaderElection256] INFO  impl.RaftServerImpl (ServerState.java:setRaftConf(354)) - 30620aa2-f8b3-4a53-9c80-c9f165f833cf@group-3981AD1E9731: set configuration 0: [30620aa2-f8b3-4a53-9c80-c9f165f833cf:192.168.30.10:39633], old=null at 0
2019-09-25 05:50:27,352 [30620aa2-f8b3-4a53-9c80-c9f165f833cf@group-3981AD1E9731-SegmentedRaftLogWorker] INFO  segmented.SegmentedRaftLogWorker (SegmentedRaftLogWorker.java:execute(569)) - 30620aa2-f8b3-4a53-9c80-c9f165f833cf@group-3981AD1E9731-SegmentedRaftLogWorker: created new log segment /workdir/hadoop-ozone/integration-test/target/test-dir/MiniOzoneClusterImpl-2263fc46-0a90-446a-9f91-f67f9935a0e0/datanode-3/data/ratis/b5dffa9e-a267-4b40-af90-3981ad1e9731/current/log_inprogress_0
2019-09-25 05:50:27,761 [main] INFO  ozoneimpl.OzoneContainer (OzoneContainer.java:stop(231)) - Attempting to stop container services.
2019-09-25 05:50:27,761 [main] INFO  impl.RaftServerProxy (RaftServerProxy.java:lambda$close$4(314)) - 30620aa2-f8b3-4a53-9c80-c9f165f833cf: close
2019-09-25 05:50:27,766 [main] INFO  impl.RaftServerImpl (RaftServerImpl.java:lambda$shutdown$3(251)) - 30620aa2-f8b3-4a53-9c80-c9f165f833cf@group-BEB3042C6EFE: shutdown
2019-09-25 05:50:27,766 [main] INFO  util.JmxRegister (JmxRegister.java:unregister(73)) - Successfully un-registered JMX Bean with object name Ratis:service=RaftServer,group=group-BEB3042C6EFE,id=30620aa2-f8b3-4a53-9c80-c9f165f833cf
2019-09-25 05:50:27,767 [main] INFO  impl.RoleInfo (RoleInfo.java:shutdownLeaderState(104)) - 30620aa2-f8b3-4a53-9c80-c9f165f833cf: shutdown LeaderState
2019-09-25 05:50:27,767 [main] INFO  impl.PendingRequests (PendingRequests.java:sendNotLeaderResponses(202)) - 30620aa2-f8b3-4a53-9c80-c9f165f833cf-PendingRequests: sendNotLeaderResponses
2019-09-25 05:50:27,768 [main] INFO  impl.StateMachineUpdater (StateMachineUpdater.java:stopAndJoin(125)) - 30620aa2-f8b3-4a53-9c80-c9f165f833cf@group-BEB3042C6EFE-StateMachineUpdater: set stopIndex = 0
2019-09-25 05:50:27,768 [main] INFO  impl.RaftServerImpl (ServerState.java:close(385)) - 30620aa2-f8b3-4a53-9c80-c9f165f833cf@group-BEB3042C6EFE: closes. applyIndex: 0
2019-09-25 05:50:27,769 [30620aa2-f8b3-4a53-9c80-c9f165f833cf@group-BEB3042C6EFE-SegmentedRaftLogWorker] INFO  segmented.SegmentedRaftLogWorker (SegmentedRaftLogWorker.java:run(313)) - 30620aa2-f8b3-4a53-9c80-c9f165f833cf@group-BEB3042C6EFE-SegmentedRaftLogWorker was interrupted, exiting. There are 0 tasks remaining in the queue.
2019-09-25 05:50:27,791 [main] INFO  segmented.SegmentedRaftLogWorker (SegmentedRaftLogWorker.java:close(228)) - 30620aa2-f8b3-4a53-9c80-c9f165f833cf@group-BEB3042C6EFE-SegmentedRaftLogWorker close()
2019-09-25 05:50:27,791 [ForkJoinPool.commonPool-worker-1] INFO  ozoneimpl.OzoneContainer (OzoneContainer.java:stop(231)) - Attempting to stop container services.
2019-09-25 05:50:27,795 [main] INFO  impl.RaftServerImpl (RaftServerImpl.java:lambda$shutdown$3(251)) - 30620aa2-f8b3-4a53-9c80-c9f165f833cf@group-107C703F676D: shutdown
2019-09-25 05:50:27,796 [ForkJoinPool.commonPool-worker-1] INFO  impl.RaftServerProxy (RaftServerProxy.java:lambda$close$4(314)) - dc430975-089c-40cd-a0f1-208b2374b924: close
2019-09-25 05:50:27,797 [main] INFO  util.JmxRegister (JmxRegister.java:unregister(73)) - Successfully un-registered JMX Bean with object name Ratis:service=RaftServer,group=group-107C703F676D,id=30620aa2-f8b3-4a53-9c80-c9f165f833cf
2019-09-25 05:50:27,800 [main] INFO  impl.RoleInfo (RoleInfo.java:shutdownLeaderState(104)) - 30620aa2-f8b3-4a53-9c80-c9f165f833cf: shutdown LeaderState
2019-09-25 05:50:27,800 [ForkJoinPool.commonPool-worker-1] INFO  impl.RaftServerImpl (RaftServerImpl.java:lambda$shutdown$3(251)) - dc430975-089c-40cd-a0f1-208b2374b924@group-8F934DC354E7: shutdown
2019-09-25 05:50:27,801 [main] INFO  impl.PendingRequests (PendingRequests.java:sendNotLeaderResponses(202)) - 30620aa2-f8b3-4a53-9c80-c9f165f833cf-PendingRequests: sendNotLeaderResponses
2019-09-25 05:50:27,801 [ForkJoinPool.commonPool-worker-1] INFO  util.JmxRegister (JmxRegister.java:unregister(73)) - Successfully un-registered JMX Bean with object name Ratis:service=RaftServer,group=group-8F934DC354E7,id=dc430975-089c-40cd-a0f1-208b2374b924
2019-09-25 05:50:27,802 [main] INFO  impl.StateMachineUpdater (StateMachineUpdater.java:stopAndJoin(125)) - 30620aa2-f8b3-4a53-9c80-c9f165f833cf@group-107C703F676D-StateMachineUpdater: set stopIndex = 0
2019-09-25 05:50:27,802 [main] INFO  impl.RaftServerImpl (ServerState.java:close(385)) - 30620aa2-f8b3-4a53-9c80-c9f165f833cf@group-107C703F676D: closes. applyIndex: 0
2019-09-25 05:50:27,802 [ForkJoinPool.commonPool-worker-1] INFO  impl.RoleInfo (RoleInfo.java:shutdownLeaderState(104)) - dc430975-089c-40cd-a0f1-208b2374b924: shutdown LeaderState
2019-09-25 05:50:27,803 [30620aa2-f8b3-4a53-9c80-c9f165f833cf@group-107C703F676D-SegmentedRaftLogWorker] INFO  segmented.SegmentedRaftLogWorker (SegmentedRaftLogWorker.java:run(313)) - 30620aa2-f8b3-4a53-9c80-c9f165f833cf@group-107C703F676D-SegmentedRaftLogWorker was interrupted, exiting. There are 0 tasks remaining in the queue.
2019-09-25 05:50:27,803 [ForkJoinPool.commonPool-worker-1] INFO  impl.PendingRequests (PendingRequests.java:sendNotLeaderResponses(202)) - dc430975-089c-40cd-a0f1-208b2374b924-PendingRequests: sendNotLeaderResponses
2019-09-25 05:50:27,803 [main] INFO  segmented.SegmentedRaftLogWorker (SegmentedRaftLogWorker.java:close(228)) - 30620aa2-f8b3-4a53-9c80-c9f165f833cf@group-107C703F676D-SegmentedRaftLogWorker close()
2019-09-25 05:50:27,804 [ForkJoinPool.commonPool-worker-1] INFO  impl.StateMachineUpdater (StateMachineUpdater.java:stopAndJoin(125)) - dc430975-089c-40cd-a0f1-208b2374b924@group-8F934DC354E7-StateMachineUpdater: set stopIndex = 0
2019-09-25 05:50:27,807 [ForkJoinPool.commonPool-worker-1] INFO  impl.RaftServerImpl (ServerState.java:close(385)) - dc430975-089c-40cd-a0f1-208b2374b924@group-8F934DC354E7: closes. applyIndex: 0
2019-09-25 05:50:27,807 [main] INFO  impl.RaftServerImpl (RaftServerImpl.java:lambda$shutdown$3(251)) - 30620aa2-f8b3-4a53-9c80-c9f165f833cf@group-3981AD1E9731: shutdown
2019-09-25 05:50:27,808 [main] INFO  util.JmxRegister (JmxRegister.java:unregister(73)) - Successfully un-registered JMX Bean with object name Ratis:service=RaftServer,group=group-3981AD1E9731,id=30620aa2-f8b3-4a53-9c80-c9f165f833cf
2019-09-25 05:50:27,808 [main] INFO  impl.RoleInfo (RoleInfo.java:shutdownLeaderState(104)) - 30620aa2-f8b3-4a53-9c80-c9f165f833cf: shutdown LeaderState
2019-09-25 05:50:27,808 [dc430975-089c-40cd-a0f1-208b2374b924@group-8F934DC354E7-SegmentedRaftLogWorker] INFO  segmented.SegmentedRaftLogWorker (SegmentedRaftLogWorker.java:run(313)) - dc430975-089c-40cd-a0f1-208b2374b924@group-8F934DC354E7-SegmentedRaftLogWorker was interrupted, exiting. There are 0 tasks remaining in the queue.
2019-09-25 05:50:27,809 [main] INFO  impl.PendingRequests (PendingRequests.java:sendNotLeaderResponses(202)) - 30620aa2-f8b3-4a53-9c80-c9f165f833cf-PendingRequests: sendNotLeaderResponses
2019-09-25 05:50:27,809 [ForkJoinPool.commonPool-worker-1] INFO  segmented.SegmentedRaftLogWorker (SegmentedRaftLogWorker.java:close(228)) - dc430975-089c-40cd-a0f1-208b2374b924@group-8F934DC354E7-SegmentedRaftLogWorker close()
2019-09-25 05:50:27,810 [main] INFO  impl.StateMachineUpdater (StateMachineUpdater.java:stopAndJoin(125)) - 30620aa2-f8b3-4a53-9c80-c9f165f833cf@group-3981AD1E9731-StateMachineUpdater: set stopIndex = 0
2019-09-25 05:50:27,813 [main] INFO  impl.RaftServerImpl (ServerState.java:close(385)) - 30620aa2-f8b3-4a53-9c80-c9f165f833cf@group-3981AD1E9731: closes. applyIndex: 0
2019-09-25 05:50:27,813 [ForkJoinPool.commonPool-worker-1] INFO  impl.RaftServerImpl (RaftServerImpl.java:lambda$shutdown$3(251)) - dc430975-089c-40cd-a0f1-208b2374b924@group-8F461A4BD315: shutdown
2019-09-25 05:50:27,814 [ForkJoinPool.commonPool-worker-1] INFO  util.JmxRegister (JmxRegister.java:unregister(73)) - Successfully un-registered JMX Bean with object name Ratis:service=RaftServer,group=group-8F461A4BD315,id=dc430975-089c-40cd-a0f1-208b2374b924
2019-09-25 05:50:27,814 [30620aa2-f8b3-4a53-9c80-c9f165f833cf@group-3981AD1E9731-SegmentedRaftLogWorker] INFO  segmented.SegmentedRaftLogWorker (SegmentedRaftLogWorker.java:run(313)) - 30620aa2-f8b3-4a53-9c80-c9f165f833cf@group-3981AD1E9731-SegmentedRaftLogWorker was interrupted, exiting. There are 0 tasks remaining in the queue.
2019-09-25 05:50:27,814 [ForkJoinPool.commonPool-worker-1] INFO  impl.RoleInfo (RoleInfo.java:shutdownLeaderState(104)) - dc430975-089c-40cd-a0f1-208b2374b924: shutdown LeaderState
2019-09-25 05:50:27,815 [main] INFO  segmented.SegmentedRaftLogWorker (SegmentedRaftLogWorker.java:close(228)) - 30620aa2-f8b3-4a53-9c80-c9f165f833cf@group-3981AD1E9731-SegmentedRaftLogWorker close()
2019-09-25 05:50:27,815 [ForkJoinPool.commonPool-worker-1] INFO  impl.PendingRequests (PendingRequests.java:sendNotLeaderResponses(202)) - dc430975-089c-40cd-a0f1-208b2374b924-PendingRequests: sendNotLeaderResponses
2019-09-25 05:50:27,818 [main] INFO  impl.RaftServerImpl (RaftServerImpl.java:lambda$shutdown$3(251)) - 30620aa2-f8b3-4a53-9c80-c9f165f833cf@group-10C4D5A607A6: shutdown
2019-09-25 05:50:27,818 [ForkJoinPool.commonPool-worker-1] INFO  impl.StateMachineUpdater (StateMachineUpdater.java:stopAndJoin(125)) - dc430975-089c-40cd-a0f1-208b2374b924@group-8F461A4BD315-StateMachineUpdater: set stopIndex = 0
2019-09-25 05:50:27,819 [ForkJoinPool.commonPool-worker-1] INFO  impl.RaftServerImpl (ServerState.java:close(385)) - dc430975-089c-40cd-a0f1-208b2374b924@group-8F461A4BD315: closes. applyIndex: 0
2019-09-25 05:50:27,819 [main] INFO  util.JmxRegister (JmxRegister.java:unregister(73)) - Successfully un-registered JMX Bean with object name Ratis:service=RaftServer,group=group-10C4D5A607A6,id=30620aa2-f8b3-4a53-9c80-c9f165f833cf
2019-09-25 05:50:27,820 [main] INFO  impl.RoleInfo (RoleInfo.java:shutdownLeaderState(104)) - 30620aa2-f8b3-4a53-9c80-c9f165f833cf: shutdown LeaderState
2019-09-25 05:50:27,820 [dc430975-089c-40cd-a0f1-208b2374b924@group-8F461A4BD315-SegmentedRaftLogWorker] INFO  segmented.SegmentedRaftLogWorker (SegmentedRaftLogWorker.java:run(313)) - dc430975-089c-40cd-a0f1-208b2374b924@group-8F461A4BD315-SegmentedRaftLogWorker was interrupted, exiting. There are 0 tasks remaining in the queue.
2019-09-25 05:50:27,820 [main] INFO  impl.PendingRequests (PendingRequests.java:sendNotLeaderResponses(202)) - 30620aa2-f8b3-4a53-9c80-c9f165f833cf-PendingRequests: sendNotLeaderResponses
2019-09-25 05:50:27,820 [ForkJoinPool.commonPool-worker-1] INFO  segmented.SegmentedRaftLogWorker (SegmentedRaftLogWorker.java:close(228)) - dc430975-089c-40cd-a0f1-208b2374b924@group-8F461A4BD315-SegmentedRaftLogWorker close()
2019-09-25 05:50:27,821 [main] INFO  impl.StateMachineUpdater (StateMachineUpdater.java:stopAndJoin(125)) - 30620aa2-f8b3-4a53-9c80-c9f165f833cf@group-10C4D5A607A6-StateMachineUpdater: set stopIndex = 0
2019-09-25 05:50:27,824 [main] INFO  impl.RaftServerImpl (ServerState.java:close(385)) - 30620aa2-f8b3-4a53-9c80-c9f165f833cf@group-10C4D5A607A6: closes. applyIndex: 0
2019-09-25 05:50:27,824 [ForkJoinPool.commonPool-worker-1] INFO  impl.RaftServerImpl (RaftServerImpl.java:lambda$shutdown$3(251)) - dc430975-089c-40cd-a0f1-208b2374b924@group-E99BBE6B0C19: shutdown
2019-09-25 05:50:27,825 [30620aa2-f8b3-4a53-9c80-c9f165f833cf@group-10C4D5A607A6-SegmentedRaftLogWorker] INFO  segmented.SegmentedRaftLogWorker (SegmentedRaftLogWorker.java:run(313)) - 30620aa2-f8b3-4a53-9c80-c9f165f833cf@group-10C4D5A607A6-SegmentedRaftLogWorker was interrupted, exiting. There are 0 tasks remaining in the queue.
2019-09-25 05:50:27,825 [ForkJoinPool.commonPool-worker-1] INFO  util.JmxRegister (JmxRegister.java:unregister(73)) - Successfully un-registered JMX Bean with object name Ratis:service=RaftServer,group=group-E99BBE6B0C19,id=dc430975-089c-40cd-a0f1-208b2374b924
2019-09-25 05:50:27,825 [main] INFO  segmented.SegmentedRaftLogWorker (SegmentedRaftLogWorker.java:close(228)) - 30620aa2-f8b3-4a53-9c80-c9f165f833cf@group-10C4D5A607A6-SegmentedRaftLogWorker close()
2019-09-25 05:50:27,826 [ForkJoinPool.commonPool-worker-1] INFO  impl.RoleInfo (RoleInfo.java:shutdownLeaderState(104)) - dc430975-089c-40cd-a0f1-208b2374b924: shutdown LeaderState
2019-09-25 05:50:27,829 [main] INFO  impl.RaftServerImpl (RaftServerImpl.java:lambda$shutdown$3(251)) - 30620aa2-f8b3-4a53-9c80-c9f165f833cf@group-0D990AF1D4C9: shutdown
2019-09-25 05:50:27,829 [ForkJoinPool.commonPool-worker-1] INFO  impl.PendingRequests (PendingRequests.java:sendNotLeaderResponses(202)) - dc430975-089c-40cd-a0f1-208b2374b924-PendingRequests: sendNotLeaderResponses
2019-09-25 05:50:27,830 [main] INFO  util.JmxRegister (JmxRegister.java:unregister(73)) - Successfully un-registered JMX Bean with object name Ratis:service=RaftServer,group=group-0D990AF1D4C9,id=30620aa2-f8b3-4a53-9c80-c9f165f833cf
2019-09-25 05:50:27,830 [ForkJoinPool.commonPool-worker-1] INFO  impl.StateMachineUpdater (StateMachineUpdater.java:stopAndJoin(125)) - dc430975-089c-40cd-a0f1-208b2374b924@group-E99BBE6B0C19-StateMachineUpdater: set stopIndex = 0
2019-09-25 05:50:27,831 [main] INFO  impl.RoleInfo (RoleInfo.java:shutdownLeaderState(104)) - 30620aa2-f8b3-4a53-9c80-c9f165f833cf: shutdown LeaderState
2019-09-25 05:50:27,831 [ForkJoinPool.commonPool-worker-1] INFO  impl.RaftServerImpl (ServerState.java:close(385)) - dc430975-089c-40cd-a0f1-208b2374b924@group-E99BBE6B0C19: closes. applyIndex: 0
2019-09-25 05:50:27,831 [main] INFO  impl.PendingRequests (PendingRequests.java:sendNotLeaderResponses(202)) - 30620aa2-f8b3-4a53-9c80-c9f165f833cf-PendingRequests: sendNotLeaderResponses
2019-09-25 05:50:27,832 [dc430975-089c-40cd-a0f1-208b2374b924@group-E99BBE6B0C19-SegmentedRaftLogWorker] INFO  segmented.SegmentedRaftLogWorker (SegmentedRaftLogWorker.java:run(313)) - dc430975-089c-40cd-a0f1-208b2374b924@group-E99BBE6B0C19-SegmentedRaftLogWorker was interrupted, exiting. There are 0 tasks remaining in the queue.
2019-09-25 05:50:27,832 [main] INFO  impl.StateMachineUpdater (StateMachineUpdater.java:stopAndJoin(125)) - 30620aa2-f8b3-4a53-9c80-c9f165f833cf@group-0D990AF1D4C9-StateMachineUpdater: set stopIndex = 0
2019-09-25 05:50:27,833 [main] INFO  impl.RaftServerImpl (ServerState.java:close(385)) - 30620aa2-f8b3-4a53-9c80-c9f165f833cf@group-0D990AF1D4C9: closes. applyIndex: 0
2019-09-25 05:50:27,832 [ForkJoinPool.commonPool-worker-1] INFO  segmented.SegmentedRaftLogWorker (SegmentedRaftLogWorker.java:close(228)) - dc430975-089c-40cd-a0f1-208b2374b924@group-E99BBE6B0C19-SegmentedRaftLogWorker close()
2019-09-25 05:50:27,833 [30620aa2-f8b3-4a53-9c80-c9f165f833cf@group-0D990AF1D4C9-SegmentedRaftLogWorker] INFO  segmented.SegmentedRaftLogWorker (SegmentedRaftLogWorker.java:run(313)) - 30620aa2-f8b3-4a53-9c80-c9f165f833cf@group-0D990AF1D4C9-SegmentedRaftLogWorker was interrupted, exiting. There are 0 tasks remaining in the queue.
2019-09-25 05:50:27,836 [ForkJoinPool.commonPool-worker-1] INFO  impl.RaftServerImpl (RaftServerImpl.java:lambda$shutdown$3(251)) - dc430975-089c-40cd-a0f1-208b2374b924@group-828FA2595733: shutdown
2019-09-25 05:50:27,837 [main] INFO  segmented.SegmentedRaftLogWorker (SegmentedRaftLogWorker.java:close(228)) - 30620aa2-f8b3-4a53-9c80-c9f165f833cf@group-0D990AF1D4C9-SegmentedRaftLogWorker close()
2019-09-25 05:50:27,837 [ForkJoinPool.commonPool-worker-1] INFO  util.JmxRegister (JmxRegister.java:unregister(73)) - Successfully un-registered JMX Bean with object name Ratis:service=RaftServer,group=group-828FA2595733,id=dc430975-089c-40cd-a0f1-208b2374b924
2019-09-25 05:50:27,849 [main] INFO  impl.RaftServerImpl (RaftServerImpl.java:lambda$shutdown$3(251)) - 30620aa2-f8b3-4a53-9c80-c9f165f833cf@group-51B2B28BABAE: shutdown
2019-09-25 05:50:27,849 [main] INFO  util.JmxRegister (JmxRegister.java:unregister(73)) - Successfully un-registered JMX Bean with object name Ratis:service=RaftServer,group=group-51B2B28BABAE,id=30620aa2-f8b3-4a53-9c80-c9f165f833cf
2019-09-25 05:50:27,850 [main] INFO  impl.RoleInfo (RoleInfo.java:shutdownLeaderState(104)) - 30620aa2-f8b3-4a53-9c80-c9f165f833cf: shutdown LeaderState
2019-09-25 05:50:27,849 [ForkJoinPool.commonPool-worker-1] INFO  impl.RoleInfo (RoleInfo.java:shutdownLeaderState(104)) - dc430975-089c-40cd-a0f1-208b2374b924: shutdown LeaderState
2019-09-25 05:50:27,850 [main] INFO  impl.PendingRequests (PendingRequests.java:sendNotLeaderResponses(202)) - 30620aa2-f8b3-4a53-9c80-c9f165f833cf-PendingRequests: sendNotLeaderResponses
2019-09-25 05:50:27,851 [ForkJoinPool.commonPool-worker-1] INFO  impl.PendingRequests (PendingRequests.java:sendNotLeaderResponses(202)) - dc430975-089c-40cd-a0f1-208b2374b924-PendingRequests: sendNotLeaderResponses
2019-09-25 05:50:27,851 [main] INFO  impl.StateMachineUpdater (StateMachineUpdater.java:stopAndJoin(125)) - 30620aa2-f8b3-4a53-9c80-c9f165f833cf@group-51B2B28BABAE-StateMachineUpdater: set stopIndex = 0
2019-09-25 05:50:27,852 [main] INFO  impl.RaftServerImpl (ServerState.java:close(385)) - 30620aa2-f8b3-4a53-9c80-c9f165f833cf@group-51B2B28BABAE: closes. applyIndex: 0
2019-09-25 05:50:27,851 [ForkJoinPool.commonPool-worker-1] INFO  impl.StateMachineUpdater (StateMachineUpdater.java:stopAndJoin(125)) - dc430975-089c-40cd-a0f1-208b2374b924@group-828FA2595733-StateMachineUpdater: set stopIndex = 0
2019-09-25 05:50:27,852 [30620aa2-f8b3-4a53-9c80-c9f165f833cf@group-51B2B28BABAE-SegmentedRaftLogWorker] INFO  segmented.SegmentedRaftLogWorker (SegmentedRaftLogWorker.java:run(313)) - 30620aa2-f8b3-4a53-9c80-c9f165f833cf@group-51B2B28BABAE-SegmentedRaftLogWorker was interrupted, exiting. There are 0 tasks remaining in the queue.
2019-09-25 05:50:27,853 [ForkJoinPool.commonPool-worker-1] INFO  impl.RaftServerImpl (ServerState.java:close(385)) - dc430975-089c-40cd-a0f1-208b2374b924@group-828FA2595733: closes. applyIndex: 0
2019-09-25 05:50:27,853 [main] INFO  segmented.SegmentedRaftLogWorker (SegmentedRaftLogWorker.java:close(228)) - 30620aa2-f8b3-4a53-9c80-c9f165f833cf@group-51B2B28BABAE-SegmentedRaftLogWorker close()
2019-09-25 05:50:27,853 [dc430975-089c-40cd-a0f1-208b2374b924@group-828FA2595733-SegmentedRaftLogWorker] INFO  segmented.SegmentedRaftLogWorker (SegmentedRaftLogWorker.java:run(313)) - dc430975-089c-40cd-a0f1-208b2374b924@group-828FA2595733-SegmentedRaftLogWorker was interrupted, exiting. There are 0 tasks remaining in the queue.
2019-09-25 05:50:27,853 [main] INFO  server.GrpcService (GrpcService.java:closeImpl(164)) - 30620aa2-f8b3-4a53-9c80-c9f165f833cf: shutdown server with port 39633 now
2019-09-25 05:50:27,854 [ForkJoinPool.commonPool-worker-1] INFO  segmented.SegmentedRaftLogWorker (SegmentedRaftLogWorker.java:close(228)) - dc430975-089c-40cd-a0f1-208b2374b924@group-828FA2595733-SegmentedRaftLogWorker close()
2019-09-25 05:50:27,858 [main] INFO  server.GrpcService (GrpcService.java:closeImpl(172)) - 30620aa2-f8b3-4a53-9c80-c9f165f833cf: shutdown server with port 39633 successfully
2019-09-25 05:50:27,858 [ForkJoinPool.commonPool-worker-1] INFO  impl.RaftServerImpl (RaftServerImpl.java:lambda$shutdown$3(251)) - dc430975-089c-40cd-a0f1-208b2374b924@group-39F2D504FA8F: shutdown
2019-09-25 05:50:27,859 [ForkJoinPool.commonPool-worker-1] INFO  util.JmxRegister (JmxRegister.java:unregister(73)) - Successfully un-registered JMX Bean with object name Ratis:service=RaftServer,group=group-39F2D504FA8F,id=dc430975-089c-40cd-a0f1-208b2374b924
2019-09-25 05:50:27,860 [ForkJoinPool.commonPool-worker-1] INFO  impl.RoleInfo (RoleInfo.java:shutdownLeaderState(104)) - dc430975-089c-40cd-a0f1-208b2374b924: shutdown LeaderState
2019-09-25 05:50:27,860 [ForkJoinPool.commonPool-worker-1] INFO  impl.PendingRequests (PendingRequests.java:sendNotLeaderResponses(202)) - dc430975-089c-40cd-a0f1-208b2374b924-PendingRequests: sendNotLeaderResponses
2019-09-25 05:50:27,860 [ForkJoinPool.commonPool-worker-1] INFO  impl.StateMachineUpdater (StateMachineUpdater.java:stopAndJoin(125)) - dc430975-089c-40cd-a0f1-208b2374b924@group-39F2D504FA8F-StateMachineUpdater: set stopIndex = 0
2019-09-25 05:50:27,861 [ForkJoinPool.commonPool-worker-1] INFO  impl.RaftServerImpl (ServerState.java:close(385)) - dc430975-089c-40cd-a0f1-208b2374b924@group-39F2D504FA8F: closes. applyIndex: 0
2019-09-25 05:50:27,860 [refreshUsed-/workdir/hadoop-ozone/integration-test/target/test-dir/MiniOzoneClusterImpl-2263fc46-0a90-446a-9f91-f67f9935a0e0/datanode-3/data/containers] WARN  fs.CachingGetSpaceUsed (CachingGetSpaceUsed.java:run(183)) - Thread Interrupted waiting to refresh disk information: sleep interrupted
2019-09-25 05:50:27,861 [dc430975-089c-40cd-a0f1-208b2374b924@group-39F2D504FA8F-SegmentedRaftLogWorker] INFO  segmented.SegmentedRaftLogWorker (SegmentedRaftLogWorker.java:run(313)) - dc430975-089c-40cd-a0f1-208b2374b924@group-39F2D504FA8F-SegmentedRaftLogWorker was interrupted, exiting. There are 0 tasks remaining in the queue.
2019-09-25 05:50:27,862 [ForkJoinPool.commonPool-worker-1] INFO  segmented.SegmentedRaftLogWorker (SegmentedRaftLogWorker.java:close(228)) - dc430975-089c-40cd-a0f1-208b2374b924@group-39F2D504FA8F-SegmentedRaftLogWorker close()
2019-09-25 05:50:27,862 [ForkJoinPool.commonPool-worker-1] INFO  impl.RaftServerImpl (RaftServerImpl.java:lambda$shutdown$3(251)) - dc430975-089c-40cd-a0f1-208b2374b924@group-FC42EF922B8D: shutdown
2019-09-25 05:50:27,862 [ForkJoinPool.commonPool-worker-1] INFO  util.JmxRegister (JmxRegister.java:unregister(73)) - Successfully un-registered JMX Bean with object name Ratis:service=RaftServer,group=group-FC42EF922B8D,id=dc430975-089c-40cd-a0f1-208b2374b924
2019-09-25 05:50:27,863 [ForkJoinPool.commonPool-worker-1] INFO  impl.RoleInfo (RoleInfo.java:shutdownLeaderState(104)) - dc430975-089c-40cd-a0f1-208b2374b924: shutdown LeaderState
2019-09-25 05:50:27,863 [ForkJoinPool.commonPool-worker-1] INFO  impl.PendingRequests (PendingRequests.java:sendNotLeaderResponses(202)) - dc430975-089c-40cd-a0f1-208b2374b924-PendingRequests: sendNotLeaderResponses
2019-09-25 05:50:27,864 [ForkJoinPool.commonPool-worker-1] INFO  impl.StateMachineUpdater (StateMachineUpdater.java:stopAndJoin(125)) - dc430975-089c-40cd-a0f1-208b2374b924@group-FC42EF922B8D-StateMachineUpdater: set stopIndex = 0
2019-09-25 05:50:27,864 [ForkJoinPool.commonPool-worker-1] INFO  impl.RaftServerImpl (ServerState.java:close(385)) - dc430975-089c-40cd-a0f1-208b2374b924@group-FC42EF922B8D: closes. applyIndex: 0
2019-09-25 05:50:27,865 [dc430975-089c-40cd-a0f1-208b2374b924@group-FC42EF922B8D-SegmentedRaftLogWorker] INFO  segmented.SegmentedRaftLogWorker (SegmentedRaftLogWorker.java:run(313)) - dc430975-089c-40cd-a0f1-208b2374b924@group-FC42EF922B8D-SegmentedRaftLogWorker was interrupted, exiting. There are 0 tasks remaining in the queue.
2019-09-25 05:50:27,865 [ForkJoinPool.commonPool-worker-1] INFO  segmented.SegmentedRaftLogWorker (SegmentedRaftLogWorker.java:close(228)) - dc430975-089c-40cd-a0f1-208b2374b924@group-FC42EF922B8D-SegmentedRaftLogWorker close()
2019-09-25 05:50:27,865 [ForkJoinPool.commonPool-worker-1] INFO  server.GrpcService (GrpcService.java:closeImpl(164)) - dc430975-089c-40cd-a0f1-208b2374b924: shutdown server with port 34467 now
2019-09-25 05:50:27,869 [ForkJoinPool.commonPool-worker-1] INFO  server.GrpcService (GrpcService.java:closeImpl(172)) - dc430975-089c-40cd-a0f1-208b2374b924: shutdown server with port 34467 successfully
2019-09-25 05:50:27,872 [refreshUsed-/workdir/hadoop-ozone/integration-test/target/test-dir/MiniOzoneClusterImpl-2263fc46-0a90-446a-9f91-f67f9935a0e0/datanode-2/data/containers] WARN  fs.CachingGetSpaceUsed (CachingGetSpaceUsed.java:run(183)) - Thread Interrupted waiting to refresh disk information: sleep interrupted
2019-09-25 05:50:27,881 [main] INFO  utils.BackgroundService (BackgroundService.java:shutdown(148)) - Shutting down service BlockDeletingService
2019-09-25 05:50:27,887 [main] INFO  statemachine.DatanodeStateMachine (DatanodeStateMachine.java:stopDaemon(395)) - Ozone container server stopped.
2019-09-25 05:50:27,889 [main] INFO  handler.ContextHandler (ContextHandler.java:doStop(910)) - Stopped o.e.j.w.WebAppContext@63485d7{/,null,UNAVAILABLE}{/hddsDatanode}
2019-09-25 05:50:27,890 [main] INFO  server.AbstractConnector (AbstractConnector.java:doStop(318)) - Stopped ServerConnector@23ea8830{HTTP/1.1,[http/1.1]}{0.0.0.0:0}
2019-09-25 05:50:27,890 [main] INFO  handler.ContextHandler (ContextHandler.java:doStop(910)) - Stopped o.e.j.s.ServletContextHandler@2df3545d{/static,jar:file:/home/user/.m2/repository/org/apache/hadoop/hadoop-hdds-container-service/0.5.0-SNAPSHOT/hadoop-hdds-container-service-0.5.0-SNAPSHOT.jar!/webapps/static,UNAVAILABLE}
2019-09-25 05:50:27,891 [main] INFO  handler.ContextHandler (ContextHandler.java:doStop(910)) - Stopped o.e.j.s.ServletContextHandler@4a660b34{/logs,file:///workdir/hadoop-ozone/integration-test/target/log,UNAVAILABLE}
2019-09-25 05:50:27,894 [ForkJoinPool.commonPool-worker-1] INFO  utils.BackgroundService (BackgroundService.java:shutdown(148)) - Shutting down service BlockDeletingService
2019-09-25 05:50:27,912 [ForkJoinPool.commonPool-worker-1] INFO  statemachine.DatanodeStateMachine (DatanodeStateMachine.java:stopDaemon(395)) - Ozone container server stopped.
2019-09-25 05:50:27,935 [ForkJoinPool.commonPool-worker-1] INFO  handler.ContextHandler (ContextHandler.java:doStop(910)) - Stopped o.e.j.w.WebAppContext@78065fcd{/,null,UNAVAILABLE}{/hddsDatanode}
2019-09-25 05:50:27,935 [ForkJoinPool.commonPool-worker-1] INFO  server.AbstractConnector (AbstractConnector.java:doStop(318)) - Stopped ServerConnector@3407aa4f{HTTP/1.1,[http/1.1]}{0.0.0.0:0}
2019-09-25 05:50:27,939 [ForkJoinPool.commonPool-worker-1] INFO  handler.ContextHandler (ContextHandler.java:doStop(910)) - Stopped o.e.j.s.ServletContextHandler@18c7f6b5{/static,jar:file:/home/user/.m2/repository/org/apache/hadoop/hadoop-hdds-container-service/0.5.0-SNAPSHOT/hadoop-hdds-container-service-0.5.0-SNAPSHOT.jar!/webapps/static,UNAVAILABLE}
2019-09-25 05:50:27,942 [ForkJoinPool.commonPool-worker-1] INFO  handler.ContextHandler (ContextHandler.java:doStop(910)) - Stopped o.e.j.s.ServletContextHandler@91a2543{/logs,file:///workdir/hadoop-ozone/integration-test/target/log,UNAVAILABLE}
2019-09-25 05:50:28,106 [Datanode State Machine Thread - 0] INFO  statemachine.DatanodeStateMachine (DatanodeStateMachine.java:lambda$startDaemon$0(350)) - Ozone container server started.
2019-09-25 05:50:28,117 [Datanode State Machine Thread - 0] INFO  statemachine.DatanodeStateMachine (DatanodeStateMachine.java:lambda$startDaemon$0(350)) - Ozone container server started.
2019-09-25 05:50:32,141 [EventQueue-StaleNodeForStaleNodeHandler] INFO  node.StaleNodeHandler (StaleNodeHandler.java:onMessage(58)) - Datanode 45ca45e9-b5b0-4fbb-a7fd-6b6ab106be2a{ip: 192.168.30.10, host: pr-hdds-1569-s62bp-3040748787, networkLocation: /default-rack, certSerialId: null} moved to stale state. Finalizing its pipelines [PipelineID=beed14fd-6244-4b5e-aa07-02a18cc1e77c, PipelineID=e0e277e1-a4f7-43a4-a045-840bbcd9efb6, PipelineID=6dd80674-353f-4a15-bfb7-ede035f07aa5, PipelineID=df79da9e-74b3-439a-abe0-9ec905692f59, PipelineID=c034f88a-0aa8-4fdb-9b0c-51fb44ffc1fd, PipelineID=5118547c-d71d-4556-a6b5-506f9a5138d9]
2019-09-25 05:50:32,141 [EventQueue-StaleNodeForStaleNodeHandler] INFO  pipeline.SCMPipelineManager (SCMPipelineManager.java:finalizeAndDestroyPipeline(317)) - destroying pipeline:Pipeline[ Id: beed14fd-6244-4b5e-aa07-02a18cc1e77c, Nodes: 45ca45e9-b5b0-4fbb-a7fd-6b6ab106be2a{ip: 192.168.30.10, host: pr-hdds-1569-s62bp-3040748787, networkLocation: /default-rack, certSerialId: null}, Type:RATIS, Factor:ONE, State:OPEN]
2019-09-25 05:50:32,141 [EventQueue-StaleNodeForStaleNodeHandler] INFO  pipeline.PipelineStateManager (PipelineStateManager.java:finalizePipeline(123)) - Pipeline Pipeline[ Id: beed14fd-6244-4b5e-aa07-02a18cc1e77c, Nodes: 45ca45e9-b5b0-4fbb-a7fd-6b6ab106be2a{ip: 192.168.30.10, host: pr-hdds-1569-s62bp-3040748787, networkLocation: /default-rack, certSerialId: null}, Type:RATIS, Factor:ONE, State:CLOSED] moved to CLOSED state
2019-09-25 05:50:32,142 [EventQueue-StaleNodeForStaleNodeHandler] INFO  pipeline.SCMPipelineManager (SCMPipelineManager.java:finalizeAndDestroyPipeline(317)) - destroying pipeline:Pipeline[ Id: e0e277e1-a4f7-43a4-a045-840bbcd9efb6, Nodes: 45ca45e9-b5b0-4fbb-a7fd-6b6ab106be2a{ip: 192.168.30.10, host: pr-hdds-1569-s62bp-3040748787, networkLocation: /default-rack, certSerialId: null}, Type:RATIS, Factor:ONE, State:OPEN]
2019-09-25 05:50:32,142 [EventQueue-StaleNodeForStaleNodeHandler] INFO  pipeline.PipelineStateManager (PipelineStateManager.java:finalizePipeline(123)) - Pipeline Pipeline[ Id: e0e277e1-a4f7-43a4-a045-840bbcd9efb6, Nodes: 45ca45e9-b5b0-4fbb-a7fd-6b6ab106be2a{ip: 192.168.30.10, host: pr-hdds-1569-s62bp-3040748787, networkLocation: /default-rack, certSerialId: null}, Type:RATIS, Factor:ONE, State:CLOSED] moved to CLOSED state
2019-09-25 05:50:32,142 [EventQueue-StaleNodeForStaleNodeHandler] INFO  pipeline.SCMPipelineManager (SCMPipelineManager.java:finalizeAndDestroyPipeline(317)) - destroying pipeline:Pipeline[ Id: 6dd80674-353f-4a15-bfb7-ede035f07aa5, Nodes: 45ca45e9-b5b0-4fbb-a7fd-6b6ab106be2a{ip: 192.168.30.10, host: pr-hdds-1569-s62bp-3040748787, networkLocation: /default-rack, certSerialId: null}, Type:RATIS, Factor:ONE, State:OPEN]
2019-09-25 05:50:32,142 [EventQueue-StaleNodeForStaleNodeHandler] INFO  pipeline.PipelineStateManager (PipelineStateManager.java:finalizePipeline(123)) - Pipeline Pipeline[ Id: 6dd80674-353f-4a15-bfb7-ede035f07aa5, Nodes: 45ca45e9-b5b0-4fbb-a7fd-6b6ab106be2a{ip: 192.168.30.10, host: pr-hdds-1569-s62bp-3040748787, networkLocation: /default-rack, certSerialId: null}, Type:RATIS, Factor:ONE, State:CLOSED] moved to CLOSED state
2019-09-25 05:50:32,142 [EventQueue-StaleNodeForStaleNodeHandler] INFO  pipeline.SCMPipelineManager (SCMPipelineManager.java:finalizeAndDestroyPipeline(317)) - destroying pipeline:Pipeline[ Id: df79da9e-74b3-439a-abe0-9ec905692f59, Nodes: 45ca45e9-b5b0-4fbb-a7fd-6b6ab106be2a{ip: 192.168.30.10, host: pr-hdds-1569-s62bp-3040748787, networkLocation: /default-rack, certSerialId: null}, Type:RATIS, Factor:ONE, State:OPEN]
2019-09-25 05:50:32,142 [EventQueue-StaleNodeForStaleNodeHandler] INFO  pipeline.PipelineStateManager (PipelineStateManager.java:finalizePipeline(123)) - Pipeline Pipeline[ Id: df79da9e-74b3-439a-abe0-9ec905692f59, Nodes: 45ca45e9-b5b0-4fbb-a7fd-6b6ab106be2a{ip: 192.168.30.10, host: pr-hdds-1569-s62bp-3040748787, networkLocation: /default-rack, certSerialId: null}, Type:RATIS, Factor:ONE, State:CLOSED] moved to CLOSED state
2019-09-25 05:50:32,143 [EventQueue-StaleNodeForStaleNodeHandler] INFO  pipeline.SCMPipelineManager (SCMPipelineManager.java:finalizeAndDestroyPipeline(317)) - destroying pipeline:Pipeline[ Id: c034f88a-0aa8-4fdb-9b0c-51fb44ffc1fd, Nodes: 45ca45e9-b5b0-4fbb-a7fd-6b6ab106be2a{ip: 192.168.30.10, host: pr-hdds-1569-s62bp-3040748787, networkLocation: /default-rack, certSerialId: null}, Type:RATIS, Factor:ONE, State:OPEN]
2019-09-25 05:50:32,143 [EventQueue-StaleNodeForStaleNodeHandler] INFO  pipeline.PipelineStateManager (PipelineStateManager.java:finalizePipeline(123)) - Pipeline Pipeline[ Id: c034f88a-0aa8-4fdb-9b0c-51fb44ffc1fd, Nodes: 45ca45e9-b5b0-4fbb-a7fd-6b6ab106be2a{ip: 192.168.30.10, host: pr-hdds-1569-s62bp-3040748787, networkLocation: /default-rack, certSerialId: null}, Type:RATIS, Factor:ONE, State:CLOSED] moved to CLOSED state
2019-09-25 05:50:32,143 [EventQueue-StaleNodeForStaleNodeHandler] INFO  pipeline.SCMPipelineManager (SCMPipelineManager.java:finalizeAndDestroyPipeline(317)) - destroying pipeline:Pipeline[ Id: 5118547c-d71d-4556-a6b5-506f9a5138d9, Nodes: 45ca45e9-b5b0-4fbb-a7fd-6b6ab106be2a{ip: 192.168.30.10, host: pr-hdds-1569-s62bp-3040748787, networkLocation: /default-rack, certSerialId: null}, Type:RATIS, Factor:ONE, State:OPEN]
2019-09-25 05:50:32,143 [EventQueue-StaleNodeForStaleNodeHandler] INFO  pipeline.PipelineStateManager (PipelineStateManager.java:finalizePipeline(123)) - Pipeline Pipeline[ Id: 5118547c-d71d-4556-a6b5-506f9a5138d9, Nodes: 45ca45e9-b5b0-4fbb-a7fd-6b6ab106be2a{ip: 192.168.30.10, host: pr-hdds-1569-s62bp-3040748787, networkLocation: /default-rack, certSerialId: null}, Type:RATIS, Factor:ONE, State:CLOSED] moved to CLOSED state
2019-09-25 05:50:32,143 [EventQueue-StaleNodeForStaleNodeHandler] INFO  node.StaleNodeHandler (StaleNodeHandler.java:onMessage(58)) - Datanode dcab1bcb-c761-4b10-a04c-d2dcea4fab88{ip: 192.168.30.10, host: pr-hdds-1569-s62bp-3040748787, networkLocation: /default-rack, certSerialId: null} moved to stale state. Finalizing its pipelines [PipelineID=c65a9719-7a6b-47b4-9699-6b56182867da, PipelineID=86623d12-8a3c-426b-8660-3735eab74f06, PipelineID=5ddac73a-6507-4049-8e66-c5e80939c16d, PipelineID=c86dcded-9c79-483f-b247-149078620245, PipelineID=a4e72224-b10d-4110-bc01-f603f25a30da, PipelineID=1771b18d-6519-48c2-b2ea-52b1d41f7c8e]
2019-09-25 05:50:32,143 [EventQueue-StaleNodeForStaleNodeHandler] INFO  pipeline.SCMPipelineManager (SCMPipelineManager.java:finalizeAndDestroyPipeline(317)) - destroying pipeline:Pipeline[ Id: c65a9719-7a6b-47b4-9699-6b56182867da, Nodes: dcab1bcb-c761-4b10-a04c-d2dcea4fab88{ip: 192.168.30.10, host: pr-hdds-1569-s62bp-3040748787, networkLocation: /default-rack, certSerialId: null}, Type:RATIS, Factor:ONE, State:OPEN]
2019-09-25 05:50:32,144 [EventQueue-StaleNodeForStaleNodeHandler] INFO  pipeline.PipelineStateManager (PipelineStateManager.java:finalizePipeline(123)) - Pipeline Pipeline[ Id: c65a9719-7a6b-47b4-9699-6b56182867da, Nodes: dcab1bcb-c761-4b10-a04c-d2dcea4fab88{ip: 192.168.30.10, host: pr-hdds-1569-s62bp-3040748787, networkLocation: /default-rack, certSerialId: null}, Type:RATIS, Factor:ONE, State:CLOSED] moved to CLOSED state
2019-09-25 05:50:32,144 [EventQueue-StaleNodeForStaleNodeHandler] INFO  pipeline.SCMPipelineManager (SCMPipelineManager.java:finalizeAndDestroyPipeline(317)) - destroying pipeline:Pipeline[ Id: 86623d12-8a3c-426b-8660-3735eab74f06, Nodes: dcab1bcb-c761-4b10-a04c-d2dcea4fab88{ip: 192.168.30.10, host: pr-hdds-1569-s62bp-3040748787, networkLocation: /default-rack, certSerialId: null}, Type:RATIS, Factor:ONE, State:OPEN]
2019-09-25 05:50:32,144 [EventQueue-StaleNodeForStaleNodeHandler] INFO  pipeline.PipelineStateManager (PipelineStateManager.java:finalizePipeline(123)) - Pipeline Pipeline[ Id: 86623d12-8a3c-426b-8660-3735eab74f06, Nodes: dcab1bcb-c761-4b10-a04c-d2dcea4fab88{ip: 192.168.30.10, host: pr-hdds-1569-s62bp-3040748787, networkLocation: /default-rack, certSerialId: null}, Type:RATIS, Factor:ONE, State:CLOSED] moved to CLOSED state
2019-09-25 05:50:32,144 [EventQueue-StaleNodeForStaleNodeHandler] INFO  pipeline.SCMPipelineManager (SCMPipelineManager.java:finalizeAndDestroyPipeline(317)) - destroying pipeline:Pipeline[ Id: 5ddac73a-6507-4049-8e66-c5e80939c16d, Nodes: dcab1bcb-c761-4b10-a04c-d2dcea4fab88{ip: 192.168.30.10, host: pr-hdds-1569-s62bp-3040748787, networkLocation: /default-rack, certSerialId: null}, Type:RATIS, Factor:ONE, State:OPEN]
2019-09-25 05:50:32,144 [EventQueue-StaleNodeForStaleNodeHandler] INFO  pipeline.PipelineStateManager (PipelineStateManager.java:finalizePipeline(123)) - Pipeline Pipeline[ Id: 5ddac73a-6507-4049-8e66-c5e80939c16d, Nodes: dcab1bcb-c761-4b10-a04c-d2dcea4fab88{ip: 192.168.30.10, host: pr-hdds-1569-s62bp-3040748787, networkLocation: /default-rack, certSerialId: null}, Type:RATIS, Factor:ONE, State:CLOSED] moved to CLOSED state
2019-09-25 05:50:32,144 [EventQueue-StaleNodeForStaleNodeHandler] INFO  pipeline.SCMPipelineManager (SCMPipelineManager.java:finalizeAndDestroyPipeline(317)) - destroying pipeline:Pipeline[ Id: c86dcded-9c79-483f-b247-149078620245, Nodes: dcab1bcb-c761-4b10-a04c-d2dcea4fab88{ip: 192.168.30.10, host: pr-hdds-1569-s62bp-3040748787, networkLocation: /default-rack, certSerialId: null}, Type:RATIS, Factor:ONE, State:OPEN]
2019-09-25 05:50:32,145 [EventQueue-StaleNodeForStaleNodeHandler] INFO  pipeline.PipelineStateManager (PipelineStateManager.java:finalizePipeline(123)) - Pipeline Pipeline[ Id: c86dcded-9c79-483f-b247-149078620245, Nodes: dcab1bcb-c761-4b10-a04c-d2dcea4fab88{ip: 192.168.30.10, host: pr-hdds-1569-s62bp-3040748787, networkLocation: /default-rack, certSerialId: null}, Type:RATIS, Factor:ONE, State:CLOSED] moved to CLOSED state
2019-09-25 05:50:32,145 [EventQueue-StaleNodeForStaleNodeHandler] INFO  pipeline.SCMPipelineManager (SCMPipelineManager.java:finalizeAndDestroyPipeline(317)) - destroying pipeline:Pipeline[ Id: a4e72224-b10d-4110-bc01-f603f25a30da, Nodes: dcab1bcb-c761-4b10-a04c-d2dcea4fab88{ip: 192.168.30.10, host: pr-hdds-1569-s62bp-3040748787, networkLocation: /default-rack, certSerialId: null}, Type:RATIS, Factor:ONE, State:OPEN]
2019-09-25 05:50:32,145 [EventQueue-StaleNodeForStaleNodeHandler] INFO  pipeline.PipelineStateManager (PipelineStateManager.java:finalizePipeline(123)) - Pipeline Pipeline[ Id: a4e72224-b10d-4110-bc01-f603f25a30da, Nodes: dcab1bcb-c761-4b10-a04c-d2dcea4fab88{ip: 192.168.30.10, host: pr-hdds-1569-s62bp-3040748787, networkLocation: /default-rack, certSerialId: null}, Type:RATIS, Factor:ONE, State:CLOSED] moved to CLOSED state
2019-09-25 05:50:32,145 [EventQueue-StaleNodeForStaleNodeHandler] INFO  pipeline.SCMPipelineManager (SCMPipelineManager.java:finalizeAndDestroyPipeline(317)) - destroying pipeline:Pipeline[ Id: 1771b18d-6519-48c2-b2ea-52b1d41f7c8e, Nodes: dcab1bcb-c761-4b10-a04c-d2dcea4fab88{ip: 192.168.30.10, host: pr-hdds-1569-s62bp-3040748787, networkLocation: /default-rack, certSerialId: null}, Type:RATIS, Factor:ONE, State:OPEN]
2019-09-25 05:50:32,145 [EventQueue-StaleNodeForStaleNodeHandler] INFO  pipeline.PipelineStateManager (PipelineStateManager.java:finalizePipeline(123)) - Pipeline Pipeline[ Id: 1771b18d-6519-48c2-b2ea-52b1d41f7c8e, Nodes: dcab1bcb-c761-4b10-a04c-d2dcea4fab88{ip: 192.168.30.10, host: pr-hdds-1569-s62bp-3040748787, networkLocation: /default-rack, certSerialId: null}, Type:RATIS, Factor:ONE, State:CLOSED] moved to CLOSED state
2019-09-25 05:50:32,892 [main] INFO  ozoneimpl.OzoneContainer (OzoneContainer.java:stop(231)) - Attempting to stop container services.
2019-09-25 05:50:32,896 [main] INFO  impl.RaftServerProxy (RaftServerProxy.java:lambda$close$4(314)) - dcab1bcb-c761-4b10-a04c-d2dcea4fab88: close
2019-09-25 05:50:32,897 [main] INFO  impl.RaftServerImpl (RaftServerImpl.java:lambda$shutdown$3(251)) - dcab1bcb-c761-4b10-a04c-d2dcea4fab88@group-C5E80939C16D: shutdown
2019-09-25 05:50:32,897 [main] INFO  util.JmxRegister (JmxRegister.java:unregister(73)) - Successfully un-registered JMX Bean with object name Ratis:service=RaftServer,group=group-C5E80939C16D,id=dcab1bcb-c761-4b10-a04c-d2dcea4fab88
2019-09-25 05:50:32,898 [main] INFO  impl.RoleInfo (RoleInfo.java:shutdownLeaderState(104)) - dcab1bcb-c761-4b10-a04c-d2dcea4fab88: shutdown LeaderState
2019-09-25 05:50:32,898 [main] INFO  impl.PendingRequests (PendingRequests.java:sendNotLeaderResponses(202)) - dcab1bcb-c761-4b10-a04c-d2dcea4fab88-PendingRequests: sendNotLeaderResponses
2019-09-25 05:50:32,899 [main] INFO  impl.StateMachineUpdater (StateMachineUpdater.java:stopAndJoin(125)) - dcab1bcb-c761-4b10-a04c-d2dcea4fab88@group-C5E80939C16D-StateMachineUpdater: set stopIndex = 0
2019-09-25 05:50:32,899 [main] INFO  impl.RaftServerImpl (ServerState.java:close(385)) - dcab1bcb-c761-4b10-a04c-d2dcea4fab88@group-C5E80939C16D: closes. applyIndex: 0
2019-09-25 05:50:32,900 [dcab1bcb-c761-4b10-a04c-d2dcea4fab88@group-C5E80939C16D-SegmentedRaftLogWorker] INFO  segmented.SegmentedRaftLogWorker (SegmentedRaftLogWorker.java:run(313)) - dcab1bcb-c761-4b10-a04c-d2dcea4fab88@group-C5E80939C16D-SegmentedRaftLogWorker was interrupted, exiting. There are 0 tasks remaining in the queue.
2019-09-25 05:50:32,900 [main] INFO  segmented.SegmentedRaftLogWorker (SegmentedRaftLogWorker.java:close(228)) - dcab1bcb-c761-4b10-a04c-d2dcea4fab88@group-C5E80939C16D-SegmentedRaftLogWorker close()
2019-09-25 05:50:32,901 [main] INFO  impl.RaftServerImpl (RaftServerImpl.java:lambda$shutdown$3(251)) - dcab1bcb-c761-4b10-a04c-d2dcea4fab88@group-149078620245: shutdown
2019-09-25 05:50:32,901 [main] INFO  util.JmxRegister (JmxRegister.java:unregister(73)) - Successfully un-registered JMX Bean with object name Ratis:service=RaftServer,group=group-149078620245,id=dcab1bcb-c761-4b10-a04c-d2dcea4fab88
2019-09-25 05:50:32,902 [main] INFO  impl.RoleInfo (RoleInfo.java:shutdownLeaderState(104)) - dcab1bcb-c761-4b10-a04c-d2dcea4fab88: shutdown LeaderState
2019-09-25 05:50:32,902 [main] INFO  impl.PendingRequests (PendingRequests.java:sendNotLeaderResponses(202)) - dcab1bcb-c761-4b10-a04c-d2dcea4fab88-PendingRequests: sendNotLeaderResponses
2019-09-25 05:50:32,903 [main] INFO  impl.StateMachineUpdater (StateMachineUpdater.java:stopAndJoin(125)) - dcab1bcb-c761-4b10-a04c-d2dcea4fab88@group-149078620245-StateMachineUpdater: set stopIndex = 0
2019-09-25 05:50:32,903 [main] INFO  impl.RaftServerImpl (ServerState.java:close(385)) - dcab1bcb-c761-4b10-a04c-d2dcea4fab88@group-149078620245: closes. applyIndex: 0
2019-09-25 05:50:32,904 [dcab1bcb-c761-4b10-a04c-d2dcea4fab88@group-149078620245-SegmentedRaftLogWorker] INFO  segmented.SegmentedRaftLogWorker (SegmentedRaftLogWorker.java:run(313)) - dcab1bcb-c761-4b10-a04c-d2dcea4fab88@group-149078620245-SegmentedRaftLogWorker was interrupted, exiting. There are 0 tasks remaining in the queue.
2019-09-25 05:50:32,904 [main] INFO  segmented.SegmentedRaftLogWorker (SegmentedRaftLogWorker.java:close(228)) - dcab1bcb-c761-4b10-a04c-d2dcea4fab88@group-149078620245-SegmentedRaftLogWorker close()
2019-09-25 05:50:32,904 [main] INFO  impl.RaftServerImpl (RaftServerImpl.java:lambda$shutdown$3(251)) - dcab1bcb-c761-4b10-a04c-d2dcea4fab88@group-6B56182867DA: shutdown
2019-09-25 05:50:32,905 [main] INFO  util.JmxRegister (JmxRegister.java:unregister(73)) - Successfully un-registered JMX Bean with object name Ratis:service=RaftServer,group=group-6B56182867DA,id=dcab1bcb-c761-4b10-a04c-d2dcea4fab88
2019-09-25 05:50:32,905 [main] INFO  impl.RoleInfo (RoleInfo.java:shutdownLeaderState(104)) - dcab1bcb-c761-4b10-a04c-d2dcea4fab88: shutdown LeaderState
2019-09-25 05:50:32,906 [main] INFO  impl.PendingRequests (PendingRequests.java:sendNotLeaderResponses(202)) - dcab1bcb-c761-4b10-a04c-d2dcea4fab88-PendingRequests: sendNotLeaderResponses
2019-09-25 05:50:32,906 [main] INFO  impl.StateMachineUpdater (StateMachineUpdater.java:stopAndJoin(125)) - dcab1bcb-c761-4b10-a04c-d2dcea4fab88@group-6B56182867DA-StateMachineUpdater: set stopIndex = 0
2019-09-25 05:50:32,907 [main] INFO  impl.RaftServerImpl (ServerState.java:close(385)) - dcab1bcb-c761-4b10-a04c-d2dcea4fab88@group-6B56182867DA: closes. applyIndex: 0
2019-09-25 05:50:32,907 [dcab1bcb-c761-4b10-a04c-d2dcea4fab88@group-6B56182867DA-SegmentedRaftLogWorker] INFO  segmented.SegmentedRaftLogWorker (SegmentedRaftLogWorker.java:run(313)) - dcab1bcb-c761-4b10-a04c-d2dcea4fab88@group-6B56182867DA-SegmentedRaftLogWorker was interrupted, exiting. There are 0 tasks remaining in the queue.
2019-09-25 05:50:32,907 [main] INFO  segmented.SegmentedRaftLogWorker (SegmentedRaftLogWorker.java:close(228)) - dcab1bcb-c761-4b10-a04c-d2dcea4fab88@group-6B56182867DA-SegmentedRaftLogWorker close()
2019-09-25 05:50:32,908 [main] INFO  impl.RaftServerImpl (RaftServerImpl.java:lambda$shutdown$3(251)) - dcab1bcb-c761-4b10-a04c-d2dcea4fab88@group-3735EAB74F06: shutdown
2019-09-25 05:50:32,908 [main] INFO  util.JmxRegister (JmxRegister.java:unregister(73)) - Successfully un-registered JMX Bean with object name Ratis:service=RaftServer,group=group-3735EAB74F06,id=dcab1bcb-c761-4b10-a04c-d2dcea4fab88
2019-09-25 05:50:32,909 [main] INFO  impl.RoleInfo (RoleInfo.java:shutdownLeaderState(104)) - dcab1bcb-c761-4b10-a04c-d2dcea4fab88: shutdown LeaderState
2019-09-25 05:50:32,909 [main] INFO  impl.PendingRequests (PendingRequests.java:sendNotLeaderResponses(202)) - dcab1bcb-c761-4b10-a04c-d2dcea4fab88-PendingRequests: sendNotLeaderResponses
2019-09-25 05:50:32,909 [main] INFO  impl.StateMachineUpdater (StateMachineUpdater.java:stopAndJoin(125)) - dcab1bcb-c761-4b10-a04c-d2dcea4fab88@group-3735EAB74F06-StateMachineUpdater: set stopIndex = 0
2019-09-25 05:50:32,910 [main] INFO  impl.RaftServerImpl (ServerState.java:close(385)) - dcab1bcb-c761-4b10-a04c-d2dcea4fab88@group-3735EAB74F06: closes. applyIndex: 0
2019-09-25 05:50:32,910 [dcab1bcb-c761-4b10-a04c-d2dcea4fab88@group-3735EAB74F06-SegmentedRaftLogWorker] INFO  segmented.SegmentedRaftLogWorker (SegmentedRaftLogWorker.java:run(313)) - dcab1bcb-c761-4b10-a04c-d2dcea4fab88@group-3735EAB74F06-SegmentedRaftLogWorker was interrupted, exiting. There are 0 tasks remaining in the queue.
2019-09-25 05:50:32,911 [main] INFO  segmented.SegmentedRaftLogWorker (SegmentedRaftLogWorker.java:close(228)) - dcab1bcb-c761-4b10-a04c-d2dcea4fab88@group-3735EAB74F06-SegmentedRaftLogWorker close()
2019-09-25 05:50:32,911 [main] INFO  impl.RaftServerImpl (RaftServerImpl.java:lambda$shutdown$3(251)) - dcab1bcb-c761-4b10-a04c-d2dcea4fab88@group-F603F25A30DA: shutdown
2019-09-25 05:50:32,912 [main] INFO  util.JmxRegister (JmxRegister.java:unregister(73)) - Successfully un-registered JMX Bean with object name Ratis:service=RaftServer,group=group-F603F25A30DA,id=dcab1bcb-c761-4b10-a04c-d2dcea4fab88
2019-09-25 05:50:32,912 [main] INFO  impl.RoleInfo (RoleInfo.java:shutdownLeaderState(104)) - dcab1bcb-c761-4b10-a04c-d2dcea4fab88: shutdown LeaderState
2019-09-25 05:50:32,912 [main] INFO  impl.PendingRequests (PendingRequests.java:sendNotLeaderResponses(202)) - dcab1bcb-c761-4b10-a04c-d2dcea4fab88-PendingRequests: sendNotLeaderResponses
2019-09-25 05:50:32,913 [main] INFO  impl.StateMachineUpdater (StateMachineUpdater.java:stopAndJoin(125)) - dcab1bcb-c761-4b10-a04c-d2dcea4fab88@group-F603F25A30DA-StateMachineUpdater: set stopIndex = 0
2019-09-25 05:50:32,913 [main] INFO  impl.RaftServerImpl (ServerState.java:close(385)) - dcab1bcb-c761-4b10-a04c-d2dcea4fab88@group-F603F25A30DA: closes. applyIndex: 0
2019-09-25 05:50:32,914 [dcab1bcb-c761-4b10-a04c-d2dcea4fab88@group-F603F25A30DA-SegmentedRaftLogWorker] INFO  segmented.SegmentedRaftLogWorker (SegmentedRaftLogWorker.java:run(313)) - dcab1bcb-c761-4b10-a04c-d2dcea4fab88@group-F603F25A30DA-SegmentedRaftLogWorker was interrupted, exiting. There are 0 tasks remaining in the queue.
2019-09-25 05:50:32,914 [main] INFO  segmented.SegmentedRaftLogWorker (SegmentedRaftLogWorker.java:close(228)) - dcab1bcb-c761-4b10-a04c-d2dcea4fab88@group-F603F25A30DA-SegmentedRaftLogWorker close()
2019-09-25 05:50:32,914 [main] INFO  impl.RaftServerImpl (RaftServerImpl.java:lambda$shutdown$3(251)) - dcab1bcb-c761-4b10-a04c-d2dcea4fab88@group-52B1D41F7C8E: shutdown
2019-09-25 05:50:32,915 [main] INFO  util.JmxRegister (JmxRegister.java:unregister(73)) - Successfully un-registered JMX Bean with object name Ratis:service=RaftServer,group=group-52B1D41F7C8E,id=dcab1bcb-c761-4b10-a04c-d2dcea4fab88
2019-09-25 05:50:32,915 [main] INFO  impl.RoleInfo (RoleInfo.java:shutdownLeaderState(104)) - dcab1bcb-c761-4b10-a04c-d2dcea4fab88: shutdown LeaderState
2019-09-25 05:50:32,916 [main] INFO  impl.PendingRequests (PendingRequests.java:sendNotLeaderResponses(202)) - dcab1bcb-c761-4b10-a04c-d2dcea4fab88-PendingRequests: sendNotLeaderResponses
2019-09-25 05:50:32,916 [main] INFO  impl.StateMachineUpdater (StateMachineUpdater.java:stopAndJoin(125)) - dcab1bcb-c761-4b10-a04c-d2dcea4fab88@group-52B1D41F7C8E-StateMachineUpdater: set stopIndex = 0
2019-09-25 05:50:32,917 [main] INFO  impl.RaftServerImpl (ServerState.java:close(385)) - dcab1bcb-c761-4b10-a04c-d2dcea4fab88@group-52B1D41F7C8E: closes. applyIndex: 0
2019-09-25 05:50:32,917 [dcab1bcb-c761-4b10-a04c-d2dcea4fab88@group-52B1D41F7C8E-SegmentedRaftLogWorker] INFO  segmented.SegmentedRaftLogWorker (SegmentedRaftLogWorker.java:run(313)) - dcab1bcb-c761-4b10-a04c-d2dcea4fab88@group-52B1D41F7C8E-SegmentedRaftLogWorker was interrupted, exiting. There are 0 tasks remaining in the queue.
2019-09-25 05:50:32,918 [main] INFO  segmented.SegmentedRaftLogWorker (SegmentedRaftLogWorker.java:close(228)) - dcab1bcb-c761-4b10-a04c-d2dcea4fab88@group-52B1D41F7C8E-SegmentedRaftLogWorker close()
2019-09-25 05:50:32,918 [main] INFO  server.GrpcService (GrpcService.java:closeImpl(164)) - dcab1bcb-c761-4b10-a04c-d2dcea4fab88: shutdown server with port 44857 now
2019-09-25 05:50:32,939 [main] INFO  server.GrpcService (GrpcService.java:closeImpl(172)) - dcab1bcb-c761-4b10-a04c-d2dcea4fab88: shutdown server with port 44857 successfully
2019-09-25 05:50:32,942 [refreshUsed-/workdir/hadoop-ozone/integration-test/target/test-dir/MiniOzoneClusterImpl-2263fc46-0a90-446a-9f91-f67f9935a0e0/datanode-6/data/containers] WARN  fs.CachingGetSpaceUsed (CachingGetSpaceUsed.java:run(183)) - Thread Interrupted waiting to refresh disk information: sleep interrupted
2019-09-25 05:50:32,944 [ForkJoinPool.commonPool-worker-1] INFO  ozoneimpl.OzoneContainer (OzoneContainer.java:stop(231)) - Attempting to stop container services.
2019-09-25 05:50:32,944 [ForkJoinPool.commonPool-worker-1] INFO  impl.RaftServerProxy (RaftServerProxy.java:lambda$close$4(314)) - 45ca45e9-b5b0-4fbb-a7fd-6b6ab106be2a: close
2019-09-25 05:50:32,944 [ForkJoinPool.commonPool-worker-1] INFO  impl.RaftServerImpl (RaftServerImpl.java:lambda$shutdown$3(251)) - 45ca45e9-b5b0-4fbb-a7fd-6b6ab106be2a@group-EDE035F07AA5: shutdown
2019-09-25 05:50:32,945 [ForkJoinPool.commonPool-worker-1] INFO  util.JmxRegister (JmxRegister.java:unregister(73)) - Successfully un-registered JMX Bean with object name Ratis:service=RaftServer,group=group-EDE035F07AA5,id=45ca45e9-b5b0-4fbb-a7fd-6b6ab106be2a
2019-09-25 05:50:32,945 [ForkJoinPool.commonPool-worker-1] INFO  impl.RoleInfo (RoleInfo.java:shutdownLeaderState(104)) - 45ca45e9-b5b0-4fbb-a7fd-6b6ab106be2a: shutdown LeaderState
2019-09-25 05:50:32,945 [ForkJoinPool.commonPool-worker-1] INFO  impl.PendingRequests (PendingRequests.java:sendNotLeaderResponses(202)) - 45ca45e9-b5b0-4fbb-a7fd-6b6ab106be2a-PendingRequests: sendNotLeaderResponses
2019-09-25 05:50:32,946 [ForkJoinPool.commonPool-worker-1] INFO  impl.StateMachineUpdater (StateMachineUpdater.java:stopAndJoin(125)) - 45ca45e9-b5b0-4fbb-a7fd-6b6ab106be2a@group-EDE035F07AA5-StateMachineUpdater: set stopIndex = 0
2019-09-25 05:50:32,946 [ForkJoinPool.commonPool-worker-1] INFO  impl.RaftServerImpl (ServerState.java:close(385)) - 45ca45e9-b5b0-4fbb-a7fd-6b6ab106be2a@group-EDE035F07AA5: closes. applyIndex: 0
2019-09-25 05:50:32,948 [45ca45e9-b5b0-4fbb-a7fd-6b6ab106be2a@group-EDE035F07AA5-SegmentedRaftLogWorker] INFO  segmented.SegmentedRaftLogWorker (SegmentedRaftLogWorker.java:run(313)) - 45ca45e9-b5b0-4fbb-a7fd-6b6ab106be2a@group-EDE035F07AA5-SegmentedRaftLogWorker was interrupted, exiting. There are 0 tasks remaining in the queue.
2019-09-25 05:50:32,948 [ForkJoinPool.commonPool-worker-1] INFO  segmented.SegmentedRaftLogWorker (SegmentedRaftLogWorker.java:close(228)) - 45ca45e9-b5b0-4fbb-a7fd-6b6ab106be2a@group-EDE035F07AA5-SegmentedRaftLogWorker close()
2019-09-25 05:50:32,948 [ForkJoinPool.commonPool-worker-1] INFO  impl.RaftServerImpl (RaftServerImpl.java:lambda$shutdown$3(251)) - 45ca45e9-b5b0-4fbb-a7fd-6b6ab106be2a@group-9EC905692F59: shutdown
2019-09-25 05:50:32,949 [ForkJoinPool.commonPool-worker-1] INFO  util.JmxRegister (JmxRegister.java:unregister(73)) - Successfully un-registered JMX Bean with object name Ratis:service=RaftServer,group=group-9EC905692F59,id=45ca45e9-b5b0-4fbb-a7fd-6b6ab106be2a
2019-09-25 05:50:32,949 [ForkJoinPool.commonPool-worker-1] INFO  impl.RoleInfo (RoleInfo.java:shutdownLeaderState(104)) - 45ca45e9-b5b0-4fbb-a7fd-6b6ab106be2a: shutdown LeaderState
2019-09-25 05:50:32,949 [ForkJoinPool.commonPool-worker-1] INFO  impl.PendingRequests (PendingRequests.java:sendNotLeaderResponses(202)) - 45ca45e9-b5b0-4fbb-a7fd-6b6ab106be2a-PendingRequests: sendNotLeaderResponses
2019-09-25 05:50:32,950 [ForkJoinPool.commonPool-worker-1] INFO  impl.StateMachineUpdater (StateMachineUpdater.java:stopAndJoin(125)) - 45ca45e9-b5b0-4fbb-a7fd-6b6ab106be2a@group-9EC905692F59-StateMachineUpdater: set stopIndex = 0
2019-09-25 05:50:32,950 [ForkJoinPool.commonPool-worker-1] INFO  impl.RaftServerImpl (ServerState.java:close(385)) - 45ca45e9-b5b0-4fbb-a7fd-6b6ab106be2a@group-9EC905692F59: closes. applyIndex: 0
2019-09-25 05:50:32,951 [45ca45e9-b5b0-4fbb-a7fd-6b6ab106be2a@group-9EC905692F59-SegmentedRaftLogWorker] INFO  segmented.SegmentedRaftLogWorker (SegmentedRaftLogWorker.java:run(313)) - 45ca45e9-b5b0-4fbb-a7fd-6b6ab106be2a@group-9EC905692F59-SegmentedRaftLogWorker was interrupted, exiting. There are 0 tasks remaining in the queue.
2019-09-25 05:50:32,951 [ForkJoinPool.commonPool-worker-1] INFO  segmented.SegmentedRaftLogWorker (SegmentedRaftLogWorker.java:close(228)) - 45ca45e9-b5b0-4fbb-a7fd-6b6ab106be2a@group-9EC905692F59-SegmentedRaftLogWorker close()
2019-09-25 05:50:32,951 [ForkJoinPool.commonPool-worker-1] INFO  impl.RaftServerImpl (RaftServerImpl.java:lambda$shutdown$3(251)) - 45ca45e9-b5b0-4fbb-a7fd-6b6ab106be2a@group-02A18CC1E77C: shutdown
2019-09-25 05:50:32,952 [ForkJoinPool.commonPool-worker-1] INFO  util.JmxRegister (JmxRegister.java:unregister(73)) - Successfully un-registered JMX Bean with object name Ratis:service=RaftServer,group=group-02A18CC1E77C,id=45ca45e9-b5b0-4fbb-a7fd-6b6ab106be2a
2019-09-25 05:50:32,952 [ForkJoinPool.commonPool-worker-1] INFO  impl.RoleInfo (RoleInfo.java:shutdownLeaderState(104)) - 45ca45e9-b5b0-4fbb-a7fd-6b6ab106be2a: shutdown LeaderState
2019-09-25 05:50:32,952 [ForkJoinPool.commonPool-worker-1] INFO  impl.PendingRequests (PendingRequests.java:sendNotLeaderResponses(202)) - 45ca45e9-b5b0-4fbb-a7fd-6b6ab106be2a-PendingRequests: sendNotLeaderResponses
2019-09-25 05:50:32,952 [ForkJoinPool.commonPool-worker-1] INFO  impl.StateMachineUpdater (StateMachineUpdater.java:stopAndJoin(125)) - 45ca45e9-b5b0-4fbb-a7fd-6b6ab106be2a@group-02A18CC1E77C-StateMachineUpdater: set stopIndex = 0
2019-09-25 05:50:32,953 [ForkJoinPool.commonPool-worker-1] INFO  impl.RaftServerImpl (ServerState.java:close(385)) - 45ca45e9-b5b0-4fbb-a7fd-6b6ab106be2a@group-02A18CC1E77C: closes. applyIndex: 0
2019-09-25 05:50:32,953 [45ca45e9-b5b0-4fbb-a7fd-6b6ab106be2a@group-02A18CC1E77C-SegmentedRaftLogWorker] INFO  segmented.SegmentedRaftLogWorker (SegmentedRaftLogWorker.java:run(313)) - 45ca45e9-b5b0-4fbb-a7fd-6b6ab106be2a@group-02A18CC1E77C-SegmentedRaftLogWorker was interrupted, exiting. There are 0 tasks remaining in the queue.
2019-09-25 05:50:32,954 [ForkJoinPool.commonPool-worker-1] INFO  segmented.SegmentedRaftLogWorker (SegmentedRaftLogWorker.java:close(228)) - 45ca45e9-b5b0-4fbb-a7fd-6b6ab106be2a@group-02A18CC1E77C-SegmentedRaftLogWorker close()
2019-09-25 05:50:32,954 [ForkJoinPool.commonPool-worker-1] INFO  impl.RaftServerImpl (RaftServerImpl.java:lambda$shutdown$3(251)) - 45ca45e9-b5b0-4fbb-a7fd-6b6ab106be2a@group-840BBCD9EFB6: shutdown
2019-09-25 05:50:32,954 [ForkJoinPool.commonPool-worker-1] INFO  util.JmxRegister (JmxRegister.java:unregister(73)) - Successfully un-registered JMX Bean with object name Ratis:service=RaftServer,group=group-840BBCD9EFB6,id=45ca45e9-b5b0-4fbb-a7fd-6b6ab106be2a
2019-09-25 05:50:32,954 [ForkJoinPool.commonPool-worker-1] INFO  impl.RoleInfo (RoleInfo.java:shutdownLeaderState(104)) - 45ca45e9-b5b0-4fbb-a7fd-6b6ab106be2a: shutdown LeaderState
2019-09-25 05:50:32,955 [ForkJoinPool.commonPool-worker-1] INFO  impl.PendingRequests (PendingRequests.java:sendNotLeaderResponses(202)) - 45ca45e9-b5b0-4fbb-a7fd-6b6ab106be2a-PendingRequests: sendNotLeaderResponses
2019-09-25 05:50:32,955 [ForkJoinPool.commonPool-worker-1] INFO  impl.StateMachineUpdater (StateMachineUpdater.java:stopAndJoin(125)) - 45ca45e9-b5b0-4fbb-a7fd-6b6ab106be2a@group-840BBCD9EFB6-StateMachineUpdater: set stopIndex = 0
2019-09-25 05:50:32,955 [ForkJoinPool.commonPool-worker-1] INFO  impl.RaftServerImpl (ServerState.java:close(385)) - 45ca45e9-b5b0-4fbb-a7fd-6b6ab106be2a@group-840BBCD9EFB6: closes. applyIndex: 0
2019-09-25 05:50:32,956 [45ca45e9-b5b0-4fbb-a7fd-6b6ab106be2a@group-840BBCD9EFB6-SegmentedRaftLogWorker] INFO  segmented.SegmentedRaftLogWorker (SegmentedRaftLogWorker.java:run(313)) - 45ca45e9-b5b0-4fbb-a7fd-6b6ab106be2a@group-840BBCD9EFB6-SegmentedRaftLogWorker was interrupted, exiting. There are 0 tasks remaining in the queue.
2019-09-25 05:50:32,956 [ForkJoinPool.commonPool-worker-1] INFO  segmented.SegmentedRaftLogWorker (SegmentedRaftLogWorker.java:close(228)) - 45ca45e9-b5b0-4fbb-a7fd-6b6ab106be2a@group-840BBCD9EFB6-SegmentedRaftLogWorker close()
2019-09-25 05:50:32,956 [ForkJoinPool.commonPool-worker-1] INFO  impl.RaftServerImpl (RaftServerImpl.java:lambda$shutdown$3(251)) - 45ca45e9-b5b0-4fbb-a7fd-6b6ab106be2a@group-51FB44FFC1FD: shutdown
2019-09-25 05:50:32,957 [ForkJoinPool.commonPool-worker-1] INFO  util.JmxRegister (JmxRegister.java:unregister(73)) - Successfully un-registered JMX Bean with object name Ratis:service=RaftServer,group=group-51FB44FFC1FD,id=45ca45e9-b5b0-4fbb-a7fd-6b6ab106be2a
2019-09-25 05:50:32,957 [ForkJoinPool.commonPool-worker-1] INFO  impl.RoleInfo (RoleInfo.java:shutdownLeaderState(104)) - 45ca45e9-b5b0-4fbb-a7fd-6b6ab106be2a: shutdown LeaderState
2019-09-25 05:50:32,957 [ForkJoinPool.commonPool-worker-1] INFO  impl.PendingRequests (PendingRequests.java:sendNotLeaderResponses(202)) - 45ca45e9-b5b0-4fbb-a7fd-6b6ab106be2a-PendingRequests: sendNotLeaderResponses
2019-09-25 05:50:32,958 [ForkJoinPool.commonPool-worker-1] INFO  impl.StateMachineUpdater (StateMachineUpdater.java:stopAndJoin(125)) - 45ca45e9-b5b0-4fbb-a7fd-6b6ab106be2a@group-51FB44FFC1FD-StateMachineUpdater: set stopIndex = 0
2019-09-25 05:50:32,958 [ForkJoinPool.commonPool-worker-1] INFO  impl.RaftServerImpl (ServerState.java:close(385)) - 45ca45e9-b5b0-4fbb-a7fd-6b6ab106be2a@group-51FB44FFC1FD: closes. applyIndex: 0
2019-09-25 05:50:32,958 [45ca45e9-b5b0-4fbb-a7fd-6b6ab106be2a@group-51FB44FFC1FD-SegmentedRaftLogWorker] INFO  segmented.SegmentedRaftLogWorker (SegmentedRaftLogWorker.java:run(313)) - 45ca45e9-b5b0-4fbb-a7fd-6b6ab106be2a@group-51FB44FFC1FD-SegmentedRaftLogWorker was interrupted, exiting. There are 0 tasks remaining in the queue.
2019-09-25 05:50:32,959 [ForkJoinPool.commonPool-worker-1] INFO  segmented.SegmentedRaftLogWorker (SegmentedRaftLogWorker.java:close(228)) - 45ca45e9-b5b0-4fbb-a7fd-6b6ab106be2a@group-51FB44FFC1FD-SegmentedRaftLogWorker close()
2019-09-25 05:50:32,959 [ForkJoinPool.commonPool-worker-1] INFO  impl.RaftServerImpl (RaftServerImpl.java:lambda$shutdown$3(251)) - 45ca45e9-b5b0-4fbb-a7fd-6b6ab106be2a@group-506F9A5138D9: shutdown
2019-09-25 05:50:32,959 [ForkJoinPool.commonPool-worker-1] INFO  util.JmxRegister (JmxRegister.java:unregister(73)) - Successfully un-registered JMX Bean with object name Ratis:service=RaftServer,group=group-506F9A5138D9,id=45ca45e9-b5b0-4fbb-a7fd-6b6ab106be2a
2019-09-25 05:50:32,960 [ForkJoinPool.commonPool-worker-1] INFO  impl.RoleInfo (RoleInfo.java:shutdownLeaderState(104)) - 45ca45e9-b5b0-4fbb-a7fd-6b6ab106be2a: shutdown LeaderState
2019-09-25 05:50:32,960 [ForkJoinPool.commonPool-worker-1] INFO  impl.PendingRequests (PendingRequests.java:sendNotLeaderResponses(202)) - 45ca45e9-b5b0-4fbb-a7fd-6b6ab106be2a-PendingRequests: sendNotLeaderResponses
2019-09-25 05:50:32,960 [ForkJoinPool.commonPool-worker-1] INFO  impl.StateMachineUpdater (StateMachineUpdater.java:stopAndJoin(125)) - 45ca45e9-b5b0-4fbb-a7fd-6b6ab106be2a@group-506F9A5138D9-StateMachineUpdater: set stopIndex = 0
2019-09-25 05:50:32,961 [ForkJoinPool.commonPool-worker-1] INFO  impl.RaftServerImpl (ServerState.java:close(385)) - 45ca45e9-b5b0-4fbb-a7fd-6b6ab106be2a@group-506F9A5138D9: closes. applyIndex: 0
2019-09-25 05:50:32,961 [45ca45e9-b5b0-4fbb-a7fd-6b6ab106be2a@group-506F9A5138D9-SegmentedRaftLogWorker] INFO  segmented.SegmentedRaftLogWorker (SegmentedRaftLogWorker.java:run(313)) - 45ca45e9-b5b0-4fbb-a7fd-6b6ab106be2a@group-506F9A5138D9-SegmentedRaftLogWorker was interrupted, exiting. There are 0 tasks remaining in the queue.
2019-09-25 05:50:32,961 [ForkJoinPool.commonPool-worker-1] INFO  segmented.SegmentedRaftLogWorker (SegmentedRaftLogWorker.java:close(228)) - 45ca45e9-b5b0-4fbb-a7fd-6b6ab106be2a@group-506F9A5138D9-SegmentedRaftLogWorker close()
2019-09-25 05:50:32,962 [ForkJoinPool.commonPool-worker-1] INFO  server.GrpcService (GrpcService.java:closeImpl(164)) - 45ca45e9-b5b0-4fbb-a7fd-6b6ab106be2a: shutdown server with port 45824 now
2019-09-25 05:50:32,962 [main] INFO  utils.BackgroundService (BackgroundService.java:shutdown(148)) - Shutting down service BlockDeletingService
2019-09-25 05:50:32,962 [ForkJoinPool.commonPool-worker-1] INFO  server.GrpcService (GrpcService.java:closeImpl(172)) - 45ca45e9-b5b0-4fbb-a7fd-6b6ab106be2a: shutdown server with port 45824 successfully
2019-09-25 05:50:32,968 [main] INFO  statemachine.DatanodeStateMachine (DatanodeStateMachine.java:stopDaemon(395)) - Ozone container server stopped.
2019-09-25 05:50:32,978 [main] INFO  handler.ContextHandler (ContextHandler.java:doStop(910)) - Stopped o.e.j.w.WebAppContext@5f61e002{/,null,UNAVAILABLE}{/hddsDatanode}
2019-09-25 05:50:32,979 [main] INFO  server.AbstractConnector (AbstractConnector.java:doStop(318)) - Stopped ServerConnector@334540a0{HTTP/1.1,[http/1.1]}{0.0.0.0:0}
2019-09-25 05:50:32,980 [main] INFO  handler.ContextHandler (ContextHandler.java:doStop(910)) - Stopped o.e.j.s.ServletContextHandler@5280688{/static,jar:file:/home/user/.m2/repository/org/apache/hadoop/hadoop-hdds-container-service/0.5.0-SNAPSHOT/hadoop-hdds-container-service-0.5.0-SNAPSHOT.jar!/webapps/static,UNAVAILABLE}
2019-09-25 05:50:32,980 [main] INFO  handler.ContextHandler (ContextHandler.java:doStop(910)) - Stopped o.e.j.s.ServletContextHandler@7c5f29c6{/logs,file:///workdir/hadoop-ozone/integration-test/target/log,UNAVAILABLE}
2019-09-25 05:50:32,983 [refreshUsed-/workdir/hadoop-ozone/integration-test/target/test-dir/MiniOzoneClusterImpl-2263fc46-0a90-446a-9f91-f67f9935a0e0/datanode-0/data/containers] WARN  fs.CachingGetSpaceUsed (CachingGetSpaceUsed.java:run(183)) - Thread Interrupted waiting to refresh disk information: sleep interrupted
2019-09-25 05:50:32,999 [ForkJoinPool.commonPool-worker-1] INFO  utils.BackgroundService (BackgroundService.java:shutdown(148)) - Shutting down service BlockDeletingService
2019-09-25 05:50:33,015 [ForkJoinPool.commonPool-worker-1] INFO  statemachine.DatanodeStateMachine (DatanodeStateMachine.java:stopDaemon(395)) - Ozone container server stopped.
2019-09-25 05:50:33,018 [ForkJoinPool.commonPool-worker-1] INFO  handler.ContextHandler (ContextHandler.java:doStop(910)) - Stopped o.e.j.w.WebAppContext@3bd08435{/,null,UNAVAILABLE}{/hddsDatanode}
2019-09-25 05:50:33,019 [ForkJoinPool.commonPool-worker-1] INFO  server.AbstractConnector (AbstractConnector.java:doStop(318)) - Stopped ServerConnector@3e52ed5d{HTTP/1.1,[http/1.1]}{0.0.0.0:0}
2019-09-25 05:50:33,025 [ForkJoinPool.commonPool-worker-1] INFO  handler.ContextHandler (ContextHandler.java:doStop(910)) - Stopped o.e.j.s.ServletContextHandler@e01a26b{/static,jar:file:/home/user/.m2/repository/org/apache/hadoop/hadoop-hdds-container-service/0.5.0-SNAPSHOT/hadoop-hdds-container-service-0.5.0-SNAPSHOT.jar!/webapps/static,UNAVAILABLE}
2019-09-25 05:50:33,027 [ForkJoinPool.commonPool-worker-1] INFO  handler.ContextHandler (ContextHandler.java:doStop(910)) - Stopped o.e.j.s.ServletContextHandler@65d9e72a{/logs,file:///workdir/hadoop-ozone/integration-test/target/log,UNAVAILABLE}
2019-09-25 05:50:33,105 [Datanode State Machine Thread - 0] INFO  statemachine.DatanodeStateMachine (DatanodeStateMachine.java:lambda$startDaemon$0(350)) - Ozone container server started.
2019-09-25 05:50:37,147 [EventQueue-StaleNodeForStaleNodeHandler] INFO  node.StaleNodeHandler (StaleNodeHandler.java:onMessage(58)) - Datanode 74ee2b94-5a16-4fca-8dd4-c5490dc15294{ip: 192.168.30.10, host: pr-hdds-1569-s62bp-3040748787, networkLocation: /default-rack, certSerialId: null} moved to stale state. Finalizing its pipelines [PipelineID=89ab5e7e-357c-4f91-9b3f-806c2c630dd8, PipelineID=b92822aa-e4c2-4435-b9d0-90b9f264c6d8, PipelineID=e6832fc2-db84-40a8-86eb-d1324c182d4f, PipelineID=58a93f2e-e9c9-4274-ac04-b43bcf422993, PipelineID=7310cc5b-8e9c-44dd-b6aa-7d88aa163ec6, PipelineID=c757fa24-681b-42ae-910f-2e46e4035930]
2019-09-25 05:50:37,147 [EventQueue-StaleNodeForStaleNodeHandler] INFO  pipeline.SCMPipelineManager (SCMPipelineManager.java:finalizeAndDestroyPipeline(317)) - destroying pipeline:Pipeline[ Id: 89ab5e7e-357c-4f91-9b3f-806c2c630dd8, Nodes: 74ee2b94-5a16-4fca-8dd4-c5490dc15294{ip: 192.168.30.10, host: pr-hdds-1569-s62bp-3040748787, networkLocation: /default-rack, certSerialId: null}, Type:RATIS, Factor:ONE, State:OPEN]
2019-09-25 05:50:37,148 [EventQueue-StaleNodeForStaleNodeHandler] INFO  pipeline.PipelineStateManager (PipelineStateManager.java:finalizePipeline(123)) - Pipeline Pipeline[ Id: 89ab5e7e-357c-4f91-9b3f-806c2c630dd8, Nodes: 74ee2b94-5a16-4fca-8dd4-c5490dc15294{ip: 192.168.30.10, host: pr-hdds-1569-s62bp-3040748787, networkLocation: /default-rack, certSerialId: null}, Type:RATIS, Factor:ONE, State:CLOSED] moved to CLOSED state
2019-09-25 05:50:37,148 [EventQueue-StaleNodeForStaleNodeHandler] INFO  pipeline.SCMPipelineManager (SCMPipelineManager.java:finalizeAndDestroyPipeline(317)) - destroying pipeline:Pipeline[ Id: b92822aa-e4c2-4435-b9d0-90b9f264c6d8, Nodes: 74ee2b94-5a16-4fca-8dd4-c5490dc15294{ip: 192.168.30.10, host: pr-hdds-1569-s62bp-3040748787, networkLocation: /default-rack, certSerialId: null}, Type:RATIS, Factor:ONE, State:OPEN]
2019-09-25 05:50:37,148 [EventQueue-StaleNodeForStaleNodeHandler] INFO  pipeline.PipelineStateManager (PipelineStateManager.java:finalizePipeline(123)) - Pipeline Pipeline[ Id: b92822aa-e4c2-4435-b9d0-90b9f264c6d8, Nodes: 74ee2b94-5a16-4fca-8dd4-c5490dc15294{ip: 192.168.30.10, host: pr-hdds-1569-s62bp-3040748787, networkLocation: /default-rack, certSerialId: null}, Type:RATIS, Factor:ONE, State:CLOSED] moved to CLOSED state
2019-09-25 05:50:37,149 [EventQueue-StaleNodeForStaleNodeHandler] INFO  pipeline.SCMPipelineManager (SCMPipelineManager.java:finalizeAndDestroyPipeline(317)) - destroying pipeline:Pipeline[ Id: e6832fc2-db84-40a8-86eb-d1324c182d4f, Nodes: 74ee2b94-5a16-4fca-8dd4-c5490dc15294{ip: 192.168.30.10, host: pr-hdds-1569-s62bp-3040748787, networkLocation: /default-rack, certSerialId: null}, Type:RATIS, Factor:ONE, State:OPEN]
2019-09-25 05:50:37,149 [EventQueue-StaleNodeForStaleNodeHandler] INFO  pipeline.PipelineStateManager (PipelineStateManager.java:finalizePipeline(123)) - Pipeline Pipeline[ Id: e6832fc2-db84-40a8-86eb-d1324c182d4f, Nodes: 74ee2b94-5a16-4fca-8dd4-c5490dc15294{ip: 192.168.30.10, host: pr-hdds-1569-s62bp-3040748787, networkLocation: /default-rack, certSerialId: null}, Type:RATIS, Factor:ONE, State:CLOSED] moved to CLOSED state
2019-09-25 05:50:37,149 [EventQueue-StaleNodeForStaleNodeHandler] INFO  pipeline.SCMPipelineManager (SCMPipelineManager.java:finalizeAndDestroyPipeline(317)) - destroying pipeline:Pipeline[ Id: 58a93f2e-e9c9-4274-ac04-b43bcf422993, Nodes: 74ee2b94-5a16-4fca-8dd4-c5490dc15294{ip: 192.168.30.10, host: pr-hdds-1569-s62bp-3040748787, networkLocation: /default-rack, certSerialId: null}, Type:RATIS, Factor:ONE, State:OPEN]
2019-09-25 05:50:37,149 [EventQueue-StaleNodeForStaleNodeHandler] INFO  pipeline.PipelineStateManager (PipelineStateManager.java:finalizePipeline(123)) - Pipeline Pipeline[ Id: 58a93f2e-e9c9-4274-ac04-b43bcf422993, Nodes: 74ee2b94-5a16-4fca-8dd4-c5490dc15294{ip: 192.168.30.10, host: pr-hdds-1569-s62bp-3040748787, networkLocation: /default-rack, certSerialId: null}, Type:RATIS, Factor:ONE, State:CLOSED] moved to CLOSED state
2019-09-25 05:50:37,149 [EventQueue-StaleNodeForStaleNodeHandler] INFO  pipeline.SCMPipelineManager (SCMPipelineManager.java:finalizeAndDestroyPipeline(317)) - destroying pipeline:Pipeline[ Id: 7310cc5b-8e9c-44dd-b6aa-7d88aa163ec6, Nodes: 74ee2b94-5a16-4fca-8dd4-c5490dc15294{ip: 192.168.30.10, host: pr-hdds-1569-s62bp-3040748787, networkLocation: /default-rack, certSerialId: null}, Type:RATIS, Factor:ONE, State:OPEN]
2019-09-25 05:50:37,149 [EventQueue-StaleNodeForStaleNodeHandler] INFO  pipeline.PipelineStateManager (PipelineStateManager.java:finalizePipeline(123)) - Pipeline Pipeline[ Id: 7310cc5b-8e9c-44dd-b6aa-7d88aa163ec6, Nodes: 74ee2b94-5a16-4fca-8dd4-c5490dc15294{ip: 192.168.30.10, host: pr-hdds-1569-s62bp-3040748787, networkLocation: /default-rack, certSerialId: null}, Type:RATIS, Factor:ONE, State:CLOSED] moved to CLOSED state
2019-09-25 05:50:37,150 [EventQueue-StaleNodeForStaleNodeHandler] INFO  pipeline.SCMPipelineManager (SCMPipelineManager.java:finalizeAndDestroyPipeline(317)) - destroying pipeline:Pipeline[ Id: c757fa24-681b-42ae-910f-2e46e4035930, Nodes: 74ee2b94-5a16-4fca-8dd4-c5490dc15294{ip: 192.168.30.10, host: pr-hdds-1569-s62bp-3040748787, networkLocation: /default-rack, certSerialId: null}, Type:RATIS, Factor:ONE, State:OPEN]
2019-09-25 05:50:37,150 [EventQueue-StaleNodeForStaleNodeHandler] INFO  pipeline.PipelineStateManager (PipelineStateManager.java:finalizePipeline(123)) - Pipeline Pipeline[ Id: c757fa24-681b-42ae-910f-2e46e4035930, Nodes: 74ee2b94-5a16-4fca-8dd4-c5490dc15294{ip: 192.168.30.10, host: pr-hdds-1569-s62bp-3040748787, networkLocation: /default-rack, certSerialId: null}, Type:RATIS, Factor:ONE, State:CLOSED] moved to CLOSED state
2019-09-25 05:50:37,985 [main] INFO  ozoneimpl.OzoneContainer (OzoneContainer.java:stop(231)) - Attempting to stop container services.
2019-09-25 05:50:37,989 [main] INFO  impl.RaftServerProxy (RaftServerProxy.java:lambda$close$4(314)) - 74ee2b94-5a16-4fca-8dd4-c5490dc15294: close
2019-09-25 05:50:37,990 [main] INFO  impl.RaftServerImpl (RaftServerImpl.java:lambda$shutdown$3(251)) - 74ee2b94-5a16-4fca-8dd4-c5490dc15294@group-B43BCF422993: shutdown
2019-09-25 05:50:37,990 [ForkJoinPool.commonPool-worker-0] INFO  impl.RaftServerImpl (RaftServerImpl.java:lambda$shutdown$3(251)) - 74ee2b94-5a16-4fca-8dd4-c5490dc15294@group-7D88AA163EC6: shutdown
2019-09-25 05:50:37,991 [main] INFO  util.JmxRegister (JmxRegister.java:unregister(73)) - Successfully un-registered JMX Bean with object name Ratis:service=RaftServer,group=group-B43BCF422993,id=74ee2b94-5a16-4fca-8dd4-c5490dc15294
2019-09-25 05:50:37,991 [ForkJoinPool.commonPool-worker-0] INFO  util.JmxRegister (JmxRegister.java:unregister(73)) - Successfully un-registered JMX Bean with object name Ratis:service=RaftServer,group=group-7D88AA163EC6,id=74ee2b94-5a16-4fca-8dd4-c5490dc15294
2019-09-25 05:50:37,991 [main] INFO  impl.RoleInfo (RoleInfo.java:shutdownLeaderState(104)) - 74ee2b94-5a16-4fca-8dd4-c5490dc15294: shutdown LeaderState
2019-09-25 05:50:37,992 [ForkJoinPool.commonPool-worker-0] INFO  impl.RoleInfo (RoleInfo.java:shutdownLeaderState(104)) - 74ee2b94-5a16-4fca-8dd4-c5490dc15294: shutdown LeaderState
2019-09-25 05:50:37,992 [main] INFO  impl.PendingRequests (PendingRequests.java:sendNotLeaderResponses(202)) - 74ee2b94-5a16-4fca-8dd4-c5490dc15294-PendingRequests: sendNotLeaderResponses
2019-09-25 05:50:37,992 [ForkJoinPool.commonPool-worker-0] INFO  impl.PendingRequests (PendingRequests.java:sendNotLeaderResponses(202)) - 74ee2b94-5a16-4fca-8dd4-c5490dc15294-PendingRequests: sendNotLeaderResponses
2019-09-25 05:50:37,993 [main] INFO  impl.StateMachineUpdater (StateMachineUpdater.java:stopAndJoin(125)) - 74ee2b94-5a16-4fca-8dd4-c5490dc15294@group-B43BCF422993-StateMachineUpdater: set stopIndex = 0
2019-09-25 05:50:37,993 [main] INFO  impl.RaftServerImpl (ServerState.java:close(385)) - 74ee2b94-5a16-4fca-8dd4-c5490dc15294@group-B43BCF422993: closes. applyIndex: 0
2019-09-25 05:50:37,993 [ForkJoinPool.commonPool-worker-0] INFO  impl.StateMachineUpdater (StateMachineUpdater.java:stopAndJoin(125)) - 74ee2b94-5a16-4fca-8dd4-c5490dc15294@group-7D88AA163EC6-StateMachineUpdater: set stopIndex = 0
2019-09-25 05:50:37,994 [74ee2b94-5a16-4fca-8dd4-c5490dc15294@group-B43BCF422993-SegmentedRaftLogWorker] INFO  segmented.SegmentedRaftLogWorker (SegmentedRaftLogWorker.java:run(313)) - 74ee2b94-5a16-4fca-8dd4-c5490dc15294@group-B43BCF422993-SegmentedRaftLogWorker was interrupted, exiting. There are 0 tasks remaining in the queue.
2019-09-25 05:50:37,994 [ForkJoinPool.commonPool-worker-0] INFO  impl.RaftServerImpl (ServerState.java:close(385)) - 74ee2b94-5a16-4fca-8dd4-c5490dc15294@group-7D88AA163EC6: closes. applyIndex: 0
2019-09-25 05:50:37,994 [main] INFO  segmented.SegmentedRaftLogWorker (SegmentedRaftLogWorker.java:close(228)) - 74ee2b94-5a16-4fca-8dd4-c5490dc15294@group-B43BCF422993-SegmentedRaftLogWorker close()
2019-09-25 05:50:37,994 [74ee2b94-5a16-4fca-8dd4-c5490dc15294@group-7D88AA163EC6-SegmentedRaftLogWorker] INFO  segmented.SegmentedRaftLogWorker (SegmentedRaftLogWorker.java:run(313)) - 74ee2b94-5a16-4fca-8dd4-c5490dc15294@group-7D88AA163EC6-SegmentedRaftLogWorker was interrupted, exiting. There are 0 tasks remaining in the queue.
2019-09-25 05:50:37,995 [main] INFO  impl.RaftServerImpl (RaftServerImpl.java:lambda$shutdown$3(251)) - 74ee2b94-5a16-4fca-8dd4-c5490dc15294@group-806C2C630DD8: shutdown
2019-09-25 05:50:37,995 [main] INFO  util.JmxRegister (JmxRegister.java:unregister(73)) - Successfully un-registered JMX Bean with object name Ratis:service=RaftServer,group=group-806C2C630DD8,id=74ee2b94-5a16-4fca-8dd4-c5490dc15294
2019-09-25 05:50:37,996 [main] INFO  impl.RoleInfo (RoleInfo.java:shutdownLeaderState(104)) - 74ee2b94-5a16-4fca-8dd4-c5490dc15294: shutdown LeaderState
2019-09-25 05:50:37,996 [main] INFO  impl.PendingRequests (PendingRequests.java:sendNotLeaderResponses(202)) - 74ee2b94-5a16-4fca-8dd4-c5490dc15294-PendingRequests: sendNotLeaderResponses
2019-09-25 05:50:37,997 [main] INFO  impl.StateMachineUpdater (StateMachineUpdater.java:stopAndJoin(125)) - 74ee2b94-5a16-4fca-8dd4-c5490dc15294@group-806C2C630DD8-StateMachineUpdater: set stopIndex = 0
2019-09-25 05:50:37,997 [main] INFO  impl.RaftServerImpl (ServerState.java:close(385)) - 74ee2b94-5a16-4fca-8dd4-c5490dc15294@group-806C2C630DD8: closes. applyIndex: 0
2019-09-25 05:50:37,998 [74ee2b94-5a16-4fca-8dd4-c5490dc15294@group-806C2C630DD8-SegmentedRaftLogWorker] INFO  segmented.SegmentedRaftLogWorker (SegmentedRaftLogWorker.java:run(313)) - 74ee2b94-5a16-4fca-8dd4-c5490dc15294@group-806C2C630DD8-SegmentedRaftLogWorker was interrupted, exiting. There are 0 tasks remaining in the queue.
2019-09-25 05:50:38,006 [main] INFO  segmented.SegmentedRaftLogWorker (SegmentedRaftLogWorker.java:close(228)) - 74ee2b94-5a16-4fca-8dd4-c5490dc15294@group-806C2C630DD8-SegmentedRaftLogWorker close()
2019-09-25 05:50:38,007 [main] INFO  impl.RaftServerImpl (RaftServerImpl.java:lambda$shutdown$3(251)) - 74ee2b94-5a16-4fca-8dd4-c5490dc15294@group-90B9F264C6D8: shutdown
2019-09-25 05:50:38,006 [ForkJoinPool.commonPool-worker-0] INFO  segmented.SegmentedRaftLogWorker (SegmentedRaftLogWorker.java:close(228)) - 74ee2b94-5a16-4fca-8dd4-c5490dc15294@group-7D88AA163EC6-SegmentedRaftLogWorker close()
2019-09-25 05:50:38,007 [main] INFO  util.JmxRegister (JmxRegister.java:unregister(73)) - Successfully un-registered JMX Bean with object name Ratis:service=RaftServer,group=group-90B9F264C6D8,id=74ee2b94-5a16-4fca-8dd4-c5490dc15294
2019-09-25 05:50:38,008 [ForkJoinPool.commonPool-worker-0] INFO  impl.RaftServerImpl (RaftServerImpl.java:lambda$shutdown$3(251)) - 74ee2b94-5a16-4fca-8dd4-c5490dc15294@group-2E46E4035930: shutdown
2019-09-25 05:50:38,008 [main] INFO  impl.RoleInfo (RoleInfo.java:shutdownLeaderState(104)) - 74ee2b94-5a16-4fca-8dd4-c5490dc15294: shutdown LeaderState
2019-09-25 05:50:38,008 [ForkJoinPool.commonPool-worker-0] INFO  util.JmxRegister (JmxRegister.java:unregister(73)) - Successfully un-registered JMX Bean with object name Ratis:service=RaftServer,group=group-2E46E4035930,id=74ee2b94-5a16-4fca-8dd4-c5490dc15294
2019-09-25 05:50:38,008 [main] INFO  impl.PendingRequests (PendingRequests.java:sendNotLeaderResponses(202)) - 74ee2b94-5a16-4fca-8dd4-c5490dc15294-PendingRequests: sendNotLeaderResponses
2019-09-25 05:50:38,009 [ForkJoinPool.commonPool-worker-0] INFO  impl.RoleInfo (RoleInfo.java:shutdownLeaderState(104)) - 74ee2b94-5a16-4fca-8dd4-c5490dc15294: shutdown LeaderState
2019-09-25 05:50:38,009 [main] INFO  impl.StateMachineUpdater (StateMachineUpdater.java:stopAndJoin(125)) - 74ee2b94-5a16-4fca-8dd4-c5490dc15294@group-90B9F264C6D8-StateMachineUpdater: set stopIndex = 0
2019-09-25 05:50:38,010 [main] INFO  impl.RaftServerImpl (ServerState.java:close(385)) - 74ee2b94-5a16-4fca-8dd4-c5490dc15294@group-90B9F264C6D8: closes. applyIndex: 0
2019-09-25 05:50:38,009 [ForkJoinPool.commonPool-worker-0] INFO  impl.PendingRequests (PendingRequests.java:sendNotLeaderResponses(202)) - 74ee2b94-5a16-4fca-8dd4-c5490dc15294-PendingRequests: sendNotLeaderResponses
2019-09-25 05:50:38,010 [74ee2b94-5a16-4fca-8dd4-c5490dc15294@group-90B9F264C6D8-SegmentedRaftLogWorker] INFO  segmented.SegmentedRaftLogWorker (SegmentedRaftLogWorker.java:run(313)) - 74ee2b94-5a16-4fca-8dd4-c5490dc15294@group-90B9F264C6D8-SegmentedRaftLogWorker was interrupted, exiting. There are 0 tasks remaining in the queue.
2019-09-25 05:50:38,010 [ForkJoinPool.commonPool-worker-0] INFO  impl.StateMachineUpdater (StateMachineUpdater.java:stopAndJoin(125)) - 74ee2b94-5a16-4fca-8dd4-c5490dc15294@group-2E46E4035930-StateMachineUpdater: set stopIndex = 0
2019-09-25 05:50:38,011 [main] INFO  segmented.SegmentedRaftLogWorker (SegmentedRaftLogWorker.java:close(228)) - 74ee2b94-5a16-4fca-8dd4-c5490dc15294@group-90B9F264C6D8-SegmentedRaftLogWorker close()
2019-09-25 05:50:38,011 [ForkJoinPool.commonPool-worker-0] INFO  impl.RaftServerImpl (ServerState.java:close(385)) - 74ee2b94-5a16-4fca-8dd4-c5490dc15294@group-2E46E4035930: closes. applyIndex: 0
2019-09-25 05:50:38,011 [main] INFO  impl.RaftServerImpl (RaftServerImpl.java:lambda$shutdown$3(251)) - 74ee2b94-5a16-4fca-8dd4-c5490dc15294@group-D1324C182D4F: shutdown
2019-09-25 05:50:38,011 [74ee2b94-5a16-4fca-8dd4-c5490dc15294@group-2E46E4035930-SegmentedRaftLogWorker] INFO  segmented.SegmentedRaftLogWorker (SegmentedRaftLogWorker.java:run(313)) - 74ee2b94-5a16-4fca-8dd4-c5490dc15294@group-2E46E4035930-SegmentedRaftLogWorker was interrupted, exiting. There are 0 tasks remaining in the queue.
2019-09-25 05:50:38,012 [main] INFO  util.JmxRegister (JmxRegister.java:unregister(73)) - Successfully un-registered JMX Bean with object name Ratis:service=RaftServer,group=group-D1324C182D4F,id=74ee2b94-5a16-4fca-8dd4-c5490dc15294
2019-09-25 05:50:38,012 [ForkJoinPool.commonPool-worker-0] INFO  segmented.SegmentedRaftLogWorker (SegmentedRaftLogWorker.java:close(228)) - 74ee2b94-5a16-4fca-8dd4-c5490dc15294@group-2E46E4035930-SegmentedRaftLogWorker close()
2019-09-25 05:50:38,012 [main] INFO  impl.RoleInfo (RoleInfo.java:shutdownLeaderState(104)) - 74ee2b94-5a16-4fca-8dd4-c5490dc15294: shutdown LeaderState
2019-09-25 05:50:38,013 [main] INFO  impl.PendingRequests (PendingRequests.java:sendNotLeaderResponses(202)) - 74ee2b94-5a16-4fca-8dd4-c5490dc15294-PendingRequests: sendNotLeaderResponses
2019-09-25 05:50:38,013 [main] INFO  impl.StateMachineUpdater (StateMachineUpdater.java:stopAndJoin(125)) - 74ee2b94-5a16-4fca-8dd4-c5490dc15294@group-D1324C182D4F-StateMachineUpdater: set stopIndex = 0
2019-09-25 05:50:38,014 [main] INFO  impl.RaftServerImpl (ServerState.java:close(385)) - 74ee2b94-5a16-4fca-8dd4-c5490dc15294@group-D1324C182D4F: closes. applyIndex: 0
2019-09-25 05:50:38,014 [74ee2b94-5a16-4fca-8dd4-c5490dc15294@group-D1324C182D4F-SegmentedRaftLogWorker] INFO  segmented.SegmentedRaftLogWorker (SegmentedRaftLogWorker.java:run(313)) - 74ee2b94-5a16-4fca-8dd4-c5490dc15294@group-D1324C182D4F-SegmentedRaftLogWorker was interrupted, exiting. There are 0 tasks remaining in the queue.
2019-09-25 05:50:38,014 [main] INFO  segmented.SegmentedRaftLogWorker (SegmentedRaftLogWorker.java:close(228)) - 74ee2b94-5a16-4fca-8dd4-c5490dc15294@group-D1324C182D4F-SegmentedRaftLogWorker close()
2019-09-25 05:50:38,015 [main] INFO  server.GrpcService (GrpcService.java:closeImpl(164)) - 74ee2b94-5a16-4fca-8dd4-c5490dc15294: shutdown server with port 39250 now
2019-09-25 05:50:38,015 [main] INFO  server.GrpcService (GrpcService.java:closeImpl(172)) - 74ee2b94-5a16-4fca-8dd4-c5490dc15294: shutdown server with port 39250 successfully
2019-09-25 05:50:38,021 [refreshUsed-/workdir/hadoop-ozone/integration-test/target/test-dir/MiniOzoneClusterImpl-2263fc46-0a90-446a-9f91-f67f9935a0e0/datanode-5/data/containers] WARN  fs.CachingGetSpaceUsed (CachingGetSpaceUsed.java:run(183)) - Thread Interrupted waiting to refresh disk information: sleep interrupted
2019-09-25 05:50:38,036 [main] INFO  utils.BackgroundService (BackgroundService.java:shutdown(148)) - Shutting down service BlockDeletingService
2019-09-25 05:50:38,037 [main] INFO  statemachine.DatanodeStateMachine (DatanodeStateMachine.java:stopDaemon(395)) - Ozone container server stopped.
2019-09-25 05:50:38,074 [main] INFO  handler.ContextHandler (ContextHandler.java:doStop(910)) - Stopped o.e.j.w.WebAppContext@743bb39a{/,null,UNAVAILABLE}{/hddsDatanode}
2019-09-25 05:50:38,075 [main] INFO  server.AbstractConnector (AbstractConnector.java:doStop(318)) - Stopped ServerConnector@2de3b052{HTTP/1.1,[http/1.1]}{0.0.0.0:0}
2019-09-25 05:50:38,075 [main] INFO  handler.ContextHandler (ContextHandler.java:doStop(910)) - Stopped o.e.j.s.ServletContextHandler@5e37fb82{/static,jar:file:/home/user/.m2/repository/org/apache/hadoop/hadoop-hdds-container-service/0.5.0-SNAPSHOT/hadoop-hdds-container-service-0.5.0-SNAPSHOT.jar!/webapps/static,UNAVAILABLE}
2019-09-25 05:50:38,076 [main] INFO  handler.ContextHandler (ContextHandler.java:doStop(910)) - Stopped o.e.j.s.ServletContextHandler@426710f0{/logs,file:///workdir/hadoop-ozone/integration-test/target/log,UNAVAILABLE}
2019-09-25 05:50:38,077 [main] INFO  ozone.MiniOzoneClusterImpl (MiniOzoneClusterImpl.java:stopSCM(392)) - Stopping the StorageContainerManager
2019-09-25 05:50:38,077 [main] INFO  server.StorageContainerManager (StorageContainerManager.java:stop(808)) - Stopping Replication Manager Service.
2019-09-25 05:50:38,077 [main] INFO  container.ReplicationManager (ReplicationManager.java:stop(204)) - Stopping Replication Monitor Thread.
2019-09-25 05:50:38,078 [main] INFO  server.StorageContainerManager (StorageContainerManager.java:stop(815)) - Stopping Lease Manager of the command watchers
2019-09-25 05:50:38,078 [main] INFO  server.StorageContainerManager (StorageContainerManager.java:stop(822)) - Stopping datanode service RPC server
2019-09-25 05:50:38,078 [main] INFO  server.SCMDatanodeProtocolServer (SCMDatanodeProtocolServer.java:stop(367)) - Stopping the RPC server for DataNodes
2019-09-25 05:50:38,078 [main] INFO  ipc.Server (Server.java:stop(3082)) - Stopping server on 35532
2019-09-25 05:50:38,084 [IPC Server listener on 35532] INFO  ipc.Server (Server.java:run(1185)) - Stopping IPC Server listener on 35532
2019-09-25 05:50:38,085 [IPC Server Responder] INFO  ipc.Server (Server.java:run(1319)) - Stopping IPC Server Responder
2019-09-25 05:50:38,148 [SCM Heartbeat Processing Thread - 0] WARN  node.NodeStateManager (NodeStateManager.java:scheduleNextHealthCheck(655)) - Current Thread is interrupted, shutting down HB processing thread for Node Manager.
2019-09-25 05:50:38,148 [main] INFO  server.StorageContainerManager (StorageContainerManager.java:stop(830)) - Stopping block service RPC server
2019-09-25 05:50:38,149 [main] INFO  server.SCMBlockProtocolServer (SCMBlockProtocolServer.java:stop(155)) - Stopping the RPC server for Block Protocol
2019-09-25 05:50:38,149 [main] INFO  ipc.Server (Server.java:stop(3082)) - Stopping server on 44037
2019-09-25 05:50:38,155 [IPC Server listener on 44037] INFO  ipc.Server (Server.java:run(1185)) - Stopping IPC Server listener on 44037
2019-09-25 05:50:38,155 [IPC Server Responder] INFO  ipc.Server (Server.java:run(1319)) - Stopping IPC Server Responder
2019-09-25 05:50:38,155 [main] INFO  server.StorageContainerManager (StorageContainerManager.java:stop(837)) - Stopping the StorageContainerLocationProtocol RPC server
2019-09-25 05:50:38,158 [main] INFO  server.SCMClientProtocolServer (SCMClientProtocolServer.java:stop(159)) - Stopping the RPC server for Client Protocol
2019-09-25 05:50:38,158 [main] INFO  ipc.Server (Server.java:stop(3082)) - Stopping server on 36215
2019-09-25 05:50:38,161 [IPC Server listener on 36215] INFO  ipc.Server (Server.java:run(1185)) - Stopping IPC Server listener on 36215
2019-09-25 05:50:38,169 [main] INFO  server.StorageContainerManager (StorageContainerManager.java:stop(844)) - Stopping Storage Container Manager HTTP server.
2019-09-25 05:50:38,172 [IPC Server Responder] INFO  ipc.Server (Server.java:run(1319)) - Stopping IPC Server Responder
2019-09-25 05:50:38,173 [main] INFO  handler.ContextHandler (ContextHandler.java:doStop(910)) - Stopped o.e.j.w.WebAppContext@3afca2c{/,null,UNAVAILABLE}{/scm}
2019-09-25 05:50:38,174 [main] INFO  server.AbstractConnector (AbstractConnector.java:doStop(318)) - Stopped ServerConnector@3855d9b2{HTTP/1.1,[http/1.1]}{0.0.0.0:0}
2019-09-25 05:50:38,174 [main] INFO  handler.ContextHandler (ContextHandler.java:doStop(910)) - Stopped o.e.j.s.ServletContextHandler@350ff014{/static,file:///workdir/hadoop-ozone/integration-test/target/test-classes/webapps/static,UNAVAILABLE}
2019-09-25 05:50:38,175 [main] INFO  handler.ContextHandler (ContextHandler.java:doStop(910)) - Stopped o.e.j.s.ServletContextHandler@113dcaf8{/logs,file:///workdir/hadoop-ozone/integration-test/target/log,UNAVAILABLE}
2019-09-25 05:50:38,175 [main] INFO  server.StorageContainerManager (StorageContainerManager.java:stop(855)) - Stopping Block Manager Service.
2019-09-25 05:50:38,176 [main] INFO  utils.BackgroundService (BackgroundService.java:shutdown(148)) - Shutting down service SCMBlockDeletingService
2019-09-25 05:50:38,176 [main] INFO  utils.BackgroundService (BackgroundService.java:shutdown(148)) - Shutting down service SCMBlockDeletingService
2019-09-25 05:50:38,176 [main] INFO  server.StorageContainerManager (StorageContainerManager.java:stop(877)) - Stopping SCM Event Queue.
2019-09-25 05:50:38,180 [main] INFO  impl.MetricsSystemImpl (MetricsSystemImpl.java:stop(210)) - Stopping HddsDatanode metrics system...
2019-09-25 05:50:38,228 [main] INFO  impl.MetricsSystemImpl (MetricsSystemImpl.java:stop(216)) - HddsDatanode metrics system stopped.
]]></system-out>
    <system-err><![CDATA[Sep 25, 2019 5:50:15 AM org.apache.ratis.thirdparty.io.grpc.internal.ManagedChannelOrphanWrapper$ManagedChannelReference cleanQueue
SEVERE: *~*~*~ Channel ManagedChannelImpl{logId=2717, target=192.168.30.10:45081} was not shutdown properly!!! ~*~*~*
    Make sure to call shutdown()/shutdownNow() and wait until awaitTermination() returns true.
java.lang.RuntimeException: ManagedChannel allocation site
	at org.apache.ratis.thirdparty.io.grpc.internal.ManagedChannelOrphanWrapper$ManagedChannelReference.<init>(ManagedChannelOrphanWrapper.java:103)
	at org.apache.ratis.thirdparty.io.grpc.internal.ManagedChannelOrphanWrapper.<init>(ManagedChannelOrphanWrapper.java:53)
	at org.apache.ratis.thirdparty.io.grpc.internal.ManagedChannelOrphanWrapper.<init>(ManagedChannelOrphanWrapper.java:44)
	at org.apache.ratis.thirdparty.io.grpc.internal.AbstractManagedChannelImplBuilder.build(AbstractManagedChannelImplBuilder.java:411)
	at org.apache.ratis.grpc.client.GrpcClientProtocolClient.<init>(GrpcClientProtocolClient.java:127)
	at org.apache.ratis.grpc.client.GrpcClientRpc.lambda$new$0(GrpcClientRpc.java:55)
	at org.apache.ratis.util.PeerProxyMap$PeerAndProxy.lambda$getProxy$0(PeerProxyMap.java:61)
	at org.apache.ratis.util.LifeCycle.startAndTransition(LifeCycle.java:202)
	at org.apache.ratis.util.PeerProxyMap$PeerAndProxy.getProxy(PeerProxyMap.java:60)
	at org.apache.ratis.util.PeerProxyMap.getProxy(PeerProxyMap.java:108)
	at org.apache.ratis.grpc.client.GrpcClientRpc.sendRequestAsync(GrpcClientRpc.java:66)
	at org.apache.ratis.client.impl.OrderedAsync.sendRequest(OrderedAsync.java:208)
	at org.apache.ratis.client.impl.OrderedAsync.sendRequestWithRetry(OrderedAsync.java:169)
	at org.apache.ratis.util.SlidingWindow$Client.sendOrDelayRequest(SlidingWindow.java:278)
	at org.apache.ratis.util.SlidingWindow$Client.retry(SlidingWindow.java:294)
	at org.apache.ratis.client.impl.OrderedAsync.lambda$scheduleWithTimeout$7(OrderedAsync.java:195)
	at org.apache.ratis.util.TimeoutScheduler.lambda$onTimeout$0(TimeoutScheduler.java:113)
	at org.apache.ratis.util.TimeoutScheduler.lambda$onTimeout$1(TimeoutScheduler.java:133)
	at org.apache.ratis.util.LogUtils.runAndLog(LogUtils.java:50)
	at org.apache.ratis.util.LogUtils$1.run(LogUtils.java:91)
	at java.util.concurrent.Executors$RunnableAdapter.call(Executors.java:511)
	at java.util.concurrent.FutureTask.run(FutureTask.java:266)
	at java.util.concurrent.ScheduledThreadPoolExecutor$ScheduledFutureTask.access$201(ScheduledThreadPoolExecutor.java:180)
	at java.util.concurrent.ScheduledThreadPoolExecutor$ScheduledFutureTask.run(ScheduledThreadPoolExecutor.java:293)
	at java.util.concurrent.ThreadPoolExecutor.runWorker(ThreadPoolExecutor.java:1149)
	at java.util.concurrent.ThreadPoolExecutor$Worker.run(ThreadPoolExecutor.java:624)
	at java.lang.Thread.run(Thread.java:748)

Sep 25, 2019 5:50:15 AM org.apache.ratis.thirdparty.io.grpc.internal.ManagedChannelOrphanWrapper$ManagedChannelReference cleanQueue
SEVERE: *~*~*~ Channel ManagedChannelImpl{logId=2727, target=192.168.30.10:35340} was not shutdown properly!!! ~*~*~*
    Make sure to call shutdown()/shutdownNow() and wait until awaitTermination() returns true.
java.lang.RuntimeException: ManagedChannel allocation site
	at org.apache.ratis.thirdparty.io.grpc.internal.ManagedChannelOrphanWrapper$ManagedChannelReference.<init>(ManagedChannelOrphanWrapper.java:103)
	at org.apache.ratis.thirdparty.io.grpc.internal.ManagedChannelOrphanWrapper.<init>(ManagedChannelOrphanWrapper.java:53)
	at org.apache.ratis.thirdparty.io.grpc.internal.ManagedChannelOrphanWrapper.<init>(ManagedChannelOrphanWrapper.java:44)
	at org.apache.ratis.thirdparty.io.grpc.internal.AbstractManagedChannelImplBuilder.build(AbstractManagedChannelImplBuilder.java:411)
	at org.apache.hadoop.hdds.scm.XceiverClientGrpc.connectToDatanode(XceiverClientGrpc.java:181)
	at org.apache.hadoop.hdds.scm.XceiverClientGrpc.reconnect(XceiverClientGrpc.java:429)
	at org.apache.hadoop.hdds.scm.XceiverClientGrpc.sendCommandAsync(XceiverClientGrpc.java:378)
	at org.apache.hadoop.hdds.scm.XceiverClientGrpc.sendCommandWithRetry(XceiverClientGrpc.java:291)
	at org.apache.hadoop.hdds.scm.XceiverClientGrpc.sendCommandWithTraceIDAndRetry(XceiverClientGrpc.java:257)
	at org.apache.hadoop.hdds.scm.XceiverClientGrpc.sendCommand(XceiverClientGrpc.java:240)
	at org.apache.hadoop.hdds.scm.storage.ContainerProtocolCalls.getBlock(ContainerProtocolCalls.java:118)
	at org.apache.hadoop.hdds.scm.storage.BlockInputStream.getChunkInfos(BlockInputStream.java:167)
	at org.apache.hadoop.hdds.scm.storage.BlockInputStream.initialize(BlockInputStream.java:118)
	at org.apache.hadoop.hdds.scm.storage.BlockInputStream.read(BlockInputStream.java:222)
	at org.apache.hadoop.ozone.client.io.KeyInputStream.read(KeyInputStream.java:171)
	at org.apache.hadoop.ozone.client.io.OzoneInputStream.read(OzoneInputStream.java:47)
	at java.io.InputStream.read(InputStream.java:101)
	at org.apache.hadoop.ozone.container.ContainerTestHelper.validateData(ContainerTestHelper.java:714)
	at org.apache.hadoop.ozone.client.rpc.TestBlockOutputStreamWithFailures.validateData(TestBlockOutputStreamWithFailures.java:1216)
	at org.apache.hadoop.ozone.client.rpc.TestBlockOutputStreamWithFailures.testWatchForCommitWithSingleNodeRatis(TestBlockOutputStreamWithFailures.java:918)
	at sun.reflect.NativeMethodAccessorImpl.invoke0(Native Method)
	at sun.reflect.NativeMethodAccessorImpl.invoke(NativeMethodAccessorImpl.java:62)
	at sun.reflect.DelegatingMethodAccessorImpl.invoke(DelegatingMethodAccessorImpl.java:43)
	at java.lang.reflect.Method.invoke(Method.java:498)
	at org.junit.runners.model.FrameworkMethod$1.runReflectiveCall(FrameworkMethod.java:47)
	at org.junit.internal.runners.model.ReflectiveCallable.run(ReflectiveCallable.java:12)
	at org.junit.runners.model.FrameworkMethod.invokeExplosively(FrameworkMethod.java:44)
	at org.junit.internal.runners.statements.InvokeMethod.evaluate(InvokeMethod.java:17)
	at org.junit.internal.runners.statements.RunBefores.evaluate(RunBefores.java:26)
	at org.junit.internal.runners.statements.RunAfters.evaluate(RunAfters.java:27)
	at org.junit.runners.ParentRunner.runLeaf(ParentRunner.java:271)
	at org.junit.runners.BlockJUnit4ClassRunner.runChild(BlockJUnit4ClassRunner.java:70)
	at org.junit.runners.BlockJUnit4ClassRunner.runChild(BlockJUnit4ClassRunner.java:50)
	at org.junit.runners.ParentRunner$3.run(ParentRunner.java:238)
	at org.junit.runners.ParentRunner$1.schedule(ParentRunner.java:63)
	at org.junit.runners.ParentRunner.runChildren(ParentRunner.java:236)
	at org.junit.runners.ParentRunner.access$000(ParentRunner.java:53)
	at org.junit.runners.ParentRunner$2.evaluate(ParentRunner.java:229)
	at org.junit.runners.ParentRunner.run(ParentRunner.java:309)
	at org.apache.maven.surefire.junit4.JUnit4Provider.execute(JUnit4Provider.java:365)
	at org.apache.maven.surefire.junit4.JUnit4Provider.executeWithRerun(JUnit4Provider.java:273)
	at org.apache.maven.surefire.junit4.JUnit4Provider.executeTestSet(JUnit4Provider.java:238)
	at org.apache.maven.surefire.junit4.JUnit4Provider.invoke(JUnit4Provider.java:159)
	at org.apache.maven.surefire.booter.ForkedBooter.invokeProviderInSameClassLoader(ForkedBooter.java:384)
	at org.apache.maven.surefire.booter.ForkedBooter.runSuitesInProcess(ForkedBooter.java:345)
	at org.apache.maven.surefire.booter.ForkedBooter.execute(ForkedBooter.java:126)
	at org.apache.maven.surefire.booter.ForkedBooter.main(ForkedBooter.java:418)

Sep 25, 2019 5:50:15 AM org.apache.ratis.thirdparty.io.grpc.internal.ManagedChannelOrphanWrapper$ManagedChannelReference cleanQueue
SEVERE: *~*~*~ Channel ManagedChannelImpl{logId=2722, target=192.168.30.10:43831} was not shutdown properly!!! ~*~*~*
    Make sure to call shutdown()/shutdownNow() and wait until awaitTermination() returns true.
java.lang.RuntimeException: ManagedChannel allocation site
	at org.apache.ratis.thirdparty.io.grpc.internal.ManagedChannelOrphanWrapper$ManagedChannelReference.<init>(ManagedChannelOrphanWrapper.java:103)
	at org.apache.ratis.thirdparty.io.grpc.internal.ManagedChannelOrphanWrapper.<init>(ManagedChannelOrphanWrapper.java:53)
	at org.apache.ratis.thirdparty.io.grpc.internal.ManagedChannelOrphanWrapper.<init>(ManagedChannelOrphanWrapper.java:44)
	at org.apache.ratis.thirdparty.io.grpc.internal.AbstractManagedChannelImplBuilder.build(AbstractManagedChannelImplBuilder.java:411)
	at org.apache.ratis.grpc.client.GrpcClientProtocolClient.<init>(GrpcClientProtocolClient.java:127)
	at org.apache.ratis.grpc.client.GrpcClientRpc.lambda$new$0(GrpcClientRpc.java:55)
	at org.apache.ratis.util.PeerProxyMap$PeerAndProxy.lambda$getProxy$0(PeerProxyMap.java:61)
	at org.apache.ratis.util.LifeCycle.startAndTransition(LifeCycle.java:202)
	at org.apache.ratis.util.PeerProxyMap$PeerAndProxy.getProxy(PeerProxyMap.java:60)
	at org.apache.ratis.util.PeerProxyMap.getProxy(PeerProxyMap.java:108)
	at org.apache.ratis.grpc.client.GrpcClientRpc.sendRequestAsync(GrpcClientRpc.java:66)
	at org.apache.ratis.client.impl.OrderedAsync.sendRequest(OrderedAsync.java:208)
	at org.apache.ratis.client.impl.OrderedAsync.sendRequestWithRetry(OrderedAsync.java:169)
	at org.apache.ratis.util.SlidingWindow$Client.sendOrDelayRequest(SlidingWindow.java:278)
	at org.apache.ratis.util.SlidingWindow$Client.submitNewRequest(SlidingWindow.java:257)
	at org.apache.ratis.client.impl.OrderedAsync.send(OrderedAsync.java:155)
	at org.apache.ratis.client.impl.RaftClientImpl.sendAsync(RaftClientImpl.java:144)
	at org.apache.ratis.client.impl.RaftClientImpl.sendAsync(RaftClientImpl.java:124)
	at org.apache.hadoop.hdds.scm.XceiverClientRatis.sendRequestAsync(XceiverClientRatis.java:234)
	at org.apache.hadoop.hdds.scm.XceiverClientRatis.sendCommandAsync(XceiverClientRatis.java:332)
	at org.apache.hadoop.hdds.scm.storage.ContainerProtocolCalls.writeChunkAsync(ContainerProtocolCalls.java:310)
	at org.apache.hadoop.hdds.scm.storage.BlockOutputStream.writeChunkToContainer(BlockOutputStream.java:601)
	at org.apache.hadoop.hdds.scm.storage.BlockOutputStream.writeChunk(BlockOutputStream.java:459)
	at org.apache.hadoop.hdds.scm.storage.BlockOutputStream.writeOnRetry(BlockOutputStream.java:285)
	at org.apache.hadoop.ozone.client.io.BlockOutputStreamEntry.writeOnRetry(BlockOutputStreamEntry.java:200)
	at org.apache.hadoop.ozone.client.io.KeyOutputStream.handleWrite(KeyOutputStream.java:206)
	at org.apache.hadoop.ozone.client.io.KeyOutputStream.handleRetry(KeyOutputStream.java:375)
	at org.apache.hadoop.ozone.client.io.KeyOutputStream.handleException(KeyOutputStream.java:324)
	at org.apache.hadoop.ozone.client.io.KeyOutputStream.handleFlushOrClose(KeyOutputStream.java:449)
	at org.apache.hadoop.ozone.client.io.KeyOutputStream.handleWrite(KeyOutputStream.java:232)
	at org.apache.hadoop.ozone.client.io.KeyOutputStream.write(KeyOutputStream.java:190)
	at org.apache.hadoop.ozone.client.io.OzoneOutputStream.write(OzoneOutputStream.java:49)
	at java.io.OutputStream.write(OutputStream.java:75)
	at org.apache.hadoop.ozone.client.rpc.TestBlockOutputStreamWithFailures.testWatchForCommitWithSingleNodeRatis(TestBlockOutputStreamWithFailures.java:885)
	at sun.reflect.NativeMethodAccessorImpl.invoke0(Native Method)
	at sun.reflect.NativeMethodAccessorImpl.invoke(NativeMethodAccessorImpl.java:62)
	at sun.reflect.DelegatingMethodAccessorImpl.invoke(DelegatingMethodAccessorImpl.java:43)
	at java.lang.reflect.Method.invoke(Method.java:498)
	at org.junit.runners.model.FrameworkMethod$1.runReflectiveCall(FrameworkMethod.java:47)
	at org.junit.internal.runners.model.ReflectiveCallable.run(ReflectiveCallable.java:12)
	at org.junit.runners.model.FrameworkMethod.invokeExplosively(FrameworkMethod.java:44)
	at org.junit.internal.runners.statements.InvokeMethod.evaluate(InvokeMethod.java:17)
	at org.junit.internal.runners.statements.RunBefores.evaluate(RunBefores.java:26)
	at org.junit.internal.runners.statements.RunAfters.evaluate(RunAfters.java:27)
	at org.junit.runners.ParentRunner.runLeaf(ParentRunner.java:271)
	at org.junit.runners.BlockJUnit4ClassRunner.runChild(BlockJUnit4ClassRunner.java:70)
	at org.junit.runners.BlockJUnit4ClassRunner.runChild(BlockJUnit4ClassRunner.java:50)
	at org.junit.runners.ParentRunner$3.run(ParentRunner.java:238)
	at org.junit.runners.ParentRunner$1.schedule(ParentRunner.java:63)
	at org.junit.runners.ParentRunner.runChildren(ParentRunner.java:236)
	at org.junit.runners.ParentRunner.access$000(ParentRunner.java:53)
	at org.junit.runners.ParentRunner$2.evaluate(ParentRunner.java:229)
	at org.junit.runners.ParentRunner.run(ParentRunner.java:309)
	at org.apache.maven.surefire.junit4.JUnit4Provider.execute(JUnit4Provider.java:365)
	at org.apache.maven.surefire.junit4.JUnit4Provider.executeWithRerun(JUnit4Provider.java:273)
	at org.apache.maven.surefire.junit4.JUnit4Provider.executeTestSet(JUnit4Provider.java:238)
	at org.apache.maven.surefire.junit4.JUnit4Provider.invoke(JUnit4Provider.java:159)
	at org.apache.maven.surefire.booter.ForkedBooter.invokeProviderInSameClassLoader(ForkedBooter.java:384)
	at org.apache.maven.surefire.booter.ForkedBooter.runSuitesInProcess(ForkedBooter.java:345)
	at org.apache.maven.surefire.booter.ForkedBooter.execute(ForkedBooter.java:126)
	at org.apache.maven.surefire.booter.ForkedBooter.main(ForkedBooter.java:418)

Sep 25, 2019 5:50:15 AM org.apache.ratis.thirdparty.io.grpc.internal.ManagedChannelOrphanWrapper$ManagedChannelReference cleanQueue
SEVERE: *~*~*~ Channel ManagedChannelImpl{logId=2732, target=192.168.30.10:37353} was not shutdown properly!!! ~*~*~*
    Make sure to call shutdown()/shutdownNow() and wait until awaitTermination() returns true.
java.lang.RuntimeException: ManagedChannel allocation site
	at org.apache.ratis.thirdparty.io.grpc.internal.ManagedChannelOrphanWrapper$ManagedChannelReference.<init>(ManagedChannelOrphanWrapper.java:103)
	at org.apache.ratis.thirdparty.io.grpc.internal.ManagedChannelOrphanWrapper.<init>(ManagedChannelOrphanWrapper.java:53)
	at org.apache.ratis.thirdparty.io.grpc.internal.ManagedChannelOrphanWrapper.<init>(ManagedChannelOrphanWrapper.java:44)
	at org.apache.ratis.thirdparty.io.grpc.internal.AbstractManagedChannelImplBuilder.build(AbstractManagedChannelImplBuilder.java:411)
	at org.apache.hadoop.hdds.scm.XceiverClientGrpc.connectToDatanode(XceiverClientGrpc.java:181)
	at org.apache.hadoop.hdds.scm.XceiverClientGrpc.reconnect(XceiverClientGrpc.java:429)
	at org.apache.hadoop.hdds.scm.XceiverClientGrpc.sendCommandAsync(XceiverClientGrpc.java:378)
	at org.apache.hadoop.hdds.scm.XceiverClientGrpc.sendCommandWithRetry(XceiverClientGrpc.java:291)
	at org.apache.hadoop.hdds.scm.XceiverClientGrpc.sendCommandWithTraceIDAndRetry(XceiverClientGrpc.java:257)
	at org.apache.hadoop.hdds.scm.XceiverClientGrpc.sendCommand(XceiverClientGrpc.java:240)
	at org.apache.hadoop.hdds.scm.storage.ContainerProtocolCalls.getBlock(ContainerProtocolCalls.java:118)
	at org.apache.hadoop.hdds.scm.storage.BlockInputStream.getChunkInfos(BlockInputStream.java:167)
	at org.apache.hadoop.hdds.scm.storage.BlockInputStream.initialize(BlockInputStream.java:118)
	at org.apache.hadoop.hdds.scm.storage.BlockInputStream.read(BlockInputStream.java:222)
	at org.apache.hadoop.ozone.client.io.KeyInputStream.read(KeyInputStream.java:171)
	at org.apache.hadoop.ozone.client.io.OzoneInputStream.read(OzoneInputStream.java:47)
	at java.io.InputStream.read(InputStream.java:101)
	at org.apache.hadoop.ozone.container.ContainerTestHelper.validateData(ContainerTestHelper.java:714)
	at org.apache.hadoop.ozone.client.rpc.TestBlockOutputStreamWithFailures.validateData(TestBlockOutputStreamWithFailures.java:1216)
	at org.apache.hadoop.ozone.client.rpc.TestBlockOutputStreamWithFailures.testWatchForCommitWithSingleNodeRatis(TestBlockOutputStreamWithFailures.java:918)
	at sun.reflect.NativeMethodAccessorImpl.invoke0(Native Method)
	at sun.reflect.NativeMethodAccessorImpl.invoke(NativeMethodAccessorImpl.java:62)
	at sun.reflect.DelegatingMethodAccessorImpl.invoke(DelegatingMethodAccessorImpl.java:43)
	at java.lang.reflect.Method.invoke(Method.java:498)
	at org.junit.runners.model.FrameworkMethod$1.runReflectiveCall(FrameworkMethod.java:47)
	at org.junit.internal.runners.model.ReflectiveCallable.run(ReflectiveCallable.java:12)
	at org.junit.runners.model.FrameworkMethod.invokeExplosively(FrameworkMethod.java:44)
	at org.junit.internal.runners.statements.InvokeMethod.evaluate(InvokeMethod.java:17)
	at org.junit.internal.runners.statements.RunBefores.evaluate(RunBefores.java:26)
	at org.junit.internal.runners.statements.RunAfters.evaluate(RunAfters.java:27)
	at org.junit.runners.ParentRunner.runLeaf(ParentRunner.java:271)
	at org.junit.runners.BlockJUnit4ClassRunner.runChild(BlockJUnit4ClassRunner.java:70)
	at org.junit.runners.BlockJUnit4ClassRunner.runChild(BlockJUnit4ClassRunner.java:50)
	at org.junit.runners.ParentRunner$3.run(ParentRunner.java:238)
	at org.junit.runners.ParentRunner$1.schedule(ParentRunner.java:63)
	at org.junit.runners.ParentRunner.runChildren(ParentRunner.java:236)
	at org.junit.runners.ParentRunner.access$000(ParentRunner.java:53)
	at org.junit.runners.ParentRunner$2.evaluate(ParentRunner.java:229)
	at org.junit.runners.ParentRunner.run(ParentRunner.java:309)
	at org.apache.maven.surefire.junit4.JUnit4Provider.execute(JUnit4Provider.java:365)
	at org.apache.maven.surefire.junit4.JUnit4Provider.executeWithRerun(JUnit4Provider.java:273)
	at org.apache.maven.surefire.junit4.JUnit4Provider.executeTestSet(JUnit4Provider.java:238)
	at org.apache.maven.surefire.junit4.JUnit4Provider.invoke(JUnit4Provider.java:159)
	at org.apache.maven.surefire.booter.ForkedBooter.invokeProviderInSameClassLoader(ForkedBooter.java:384)
	at org.apache.maven.surefire.booter.ForkedBooter.runSuitesInProcess(ForkedBooter.java:345)
	at org.apache.maven.surefire.booter.ForkedBooter.execute(ForkedBooter.java:126)
	at org.apache.maven.surefire.booter.ForkedBooter.main(ForkedBooter.java:418)

]]></system-err>
  </testcase>
  <testcase name="testWatchForCommitWithCloseContainerException" classname="org.apache.hadoop.ozone.client.rpc.TestBlockOutputStreamWithFailures" time="28.337">
    <error message="Allocated 0 blocks. Requested 1 blocks" type="INTERNAL_ERROR org.apache.hadoop.ozone.om.exceptions.OMException">INTERNAL_ERROR org.apache.hadoop.ozone.om.exceptions.OMException: Allocated 0 blocks. Requested 1 blocks
	at org.apache.hadoop.ozone.om.protocolPB.OzoneManagerProtocolClientSideTranslatorPB.handleError(OzoneManagerProtocolClientSideTranslatorPB.java:732)
	at org.apache.hadoop.ozone.om.protocolPB.OzoneManagerProtocolClientSideTranslatorPB.openKey(OzoneManagerProtocolClientSideTranslatorPB.java:723)
	at sun.reflect.NativeMethodAccessorImpl.invoke0(Native Method)
	at sun.reflect.NativeMethodAccessorImpl.invoke(NativeMethodAccessorImpl.java:62)
	at sun.reflect.DelegatingMethodAccessorImpl.invoke(DelegatingMethodAccessorImpl.java:43)
	at java.lang.reflect.Method.invoke(Method.java:498)
	at org.apache.hadoop.hdds.tracing.TraceAllMethod.invoke(TraceAllMethod.java:66)
	at com.sun.proxy.$Proxy37.openKey(Unknown Source)
	at org.apache.hadoop.ozone.client.rpc.RpcClient.createKey(RpcClient.java:614)
	at org.apache.hadoop.ozone.client.OzoneBucket.createKey(OzoneBucket.java:325)
	at org.apache.hadoop.ozone.container.ContainerTestHelper.createKey(ContainerTestHelper.java:704)
	at org.apache.hadoop.ozone.client.rpc.TestBlockOutputStreamWithFailures.createKey(TestBlockOutputStreamWithFailures.java:1210)
	at org.apache.hadoop.ozone.client.rpc.TestBlockOutputStreamWithFailures.createKey(TestBlockOutputStreamWithFailures.java:1204)
	at org.apache.hadoop.ozone.client.rpc.TestBlockOutputStreamWithFailures.testWatchForCommitWithCloseContainerException(TestBlockOutputStreamWithFailures.java:137)
	at sun.reflect.NativeMethodAccessorImpl.invoke0(Native Method)
	at sun.reflect.NativeMethodAccessorImpl.invoke(NativeMethodAccessorImpl.java:62)
	at sun.reflect.DelegatingMethodAccessorImpl.invoke(DelegatingMethodAccessorImpl.java:43)
	at java.lang.reflect.Method.invoke(Method.java:498)
	at org.junit.runners.model.FrameworkMethod$1.runReflectiveCall(FrameworkMethod.java:47)
	at org.junit.internal.runners.model.ReflectiveCallable.run(ReflectiveCallable.java:12)
	at org.junit.runners.model.FrameworkMethod.invokeExplosively(FrameworkMethod.java:44)
	at org.junit.internal.runners.statements.InvokeMethod.evaluate(InvokeMethod.java:17)
	at org.junit.internal.runners.statements.RunBefores.evaluate(RunBefores.java:26)
	at org.junit.internal.runners.statements.RunAfters.evaluate(RunAfters.java:27)
	at org.junit.runners.ParentRunner.runLeaf(ParentRunner.java:271)
	at org.junit.runners.BlockJUnit4ClassRunner.runChild(BlockJUnit4ClassRunner.java:70)
	at org.junit.runners.BlockJUnit4ClassRunner.runChild(BlockJUnit4ClassRunner.java:50)
	at org.junit.runners.ParentRunner$3.run(ParentRunner.java:238)
	at org.junit.runners.ParentRunner$1.schedule(ParentRunner.java:63)
	at org.junit.runners.ParentRunner.runChildren(ParentRunner.java:236)
	at org.junit.runners.ParentRunner.access$000(ParentRunner.java:53)
	at org.junit.runners.ParentRunner$2.evaluate(ParentRunner.java:229)
	at org.junit.runners.ParentRunner.run(ParentRunner.java:309)
	at org.apache.maven.surefire.junit4.JUnit4Provider.execute(JUnit4Provider.java:365)
	at org.apache.maven.surefire.junit4.JUnit4Provider.executeWithRerun(JUnit4Provider.java:273)
	at org.apache.maven.surefire.junit4.JUnit4Provider.executeTestSet(JUnit4Provider.java:238)
	at org.apache.maven.surefire.junit4.JUnit4Provider.invoke(JUnit4Provider.java:159)
	at org.apache.maven.surefire.booter.ForkedBooter.invokeProviderInSameClassLoader(ForkedBooter.java:384)
	at org.apache.maven.surefire.booter.ForkedBooter.runSuitesInProcess(ForkedBooter.java:345)
	at org.apache.maven.surefire.booter.ForkedBooter.execute(ForkedBooter.java:126)
	at org.apache.maven.surefire.booter.ForkedBooter.main(ForkedBooter.java:418)
</error>
    <system-out><![CDATA[2019-09-25 05:50:38,267 [main] WARN  server.ServerUtils (ServerUtils.java:getScmDbDir(145)) - ozone.scm.db.dirs is not configured. We recommend adding this setting. Falling back to ozone.metadata.dirs instead.
2019-09-25 05:50:38,308 [main] WARN  server.ServerUtils (ServerUtils.java:getScmDbDir(145)) - ozone.scm.db.dirs is not configured. We recommend adding this setting. Falling back to ozone.metadata.dirs instead.
2019-09-25 05:50:38,308 [main] WARN  server.ServerUtils (ServerUtils.java:getScmDbDir(145)) - ozone.scm.db.dirs is not configured. We recommend adding this setting. Falling back to ozone.metadata.dirs instead.
2019-09-25 05:50:38,309 [main] INFO  db.DBStoreBuilder (DBStoreBuilder.java:addTable(110)) - using custom profile for table: deletedBlocks
2019-09-25 05:50:38,309 [main] INFO  db.DBStoreBuilder (DBStoreBuilder.java:processTables(161)) - Using default column profile:DBProfile.DISK for Table:deletedBlocks
2019-09-25 05:50:38,310 [main] INFO  db.DBStoreBuilder (DBStoreBuilder.java:addTable(110)) - using custom profile for table: validCerts
2019-09-25 05:50:38,310 [main] INFO  db.DBStoreBuilder (DBStoreBuilder.java:processTables(161)) - Using default column profile:DBProfile.DISK for Table:validCerts
2019-09-25 05:50:38,310 [main] INFO  db.DBStoreBuilder (DBStoreBuilder.java:addTable(110)) - using custom profile for table: revokedCerts
2019-09-25 05:50:38,310 [main] INFO  db.DBStoreBuilder (DBStoreBuilder.java:processTables(161)) - Using default column profile:DBProfile.DISK for Table:revokedCerts
2019-09-25 05:50:38,311 [main] INFO  db.DBStoreBuilder (DBStoreBuilder.java:addTable(110)) - using custom profile for table: default
2019-09-25 05:50:38,311 [main] INFO  db.DBStoreBuilder (DBStoreBuilder.java:processTables(167)) - Using default column profile:DBProfile.DISK for Table:default
2019-09-25 05:50:38,311 [main] INFO  db.DBStoreBuilder (DBStoreBuilder.java:getDbProfile(198)) - Using default options. DBProfile.DISK
2019-09-25 05:50:38,471 [main] INFO  net.NodeSchemaLoader (NodeSchemaLoader.java:loadSchemaFromFile(125)) - Loading file from sun.misc.CompoundEnumeration@3e2d44f3
2019-09-25 05:50:38,471 [main] INFO  net.NodeSchemaLoader (NodeSchemaLoader.java:loadSchema(171)) - Loading network topology layer schema file
2019-09-25 05:50:38,477 [main] INFO  node.SCMNodeManager (SCMNodeManager.java:<init>(114)) - Entering startup safe mode.
2019-09-25 05:50:38,477 [main] INFO  algorithms.ContainerPlacementPolicyFactory (ContainerPlacementPolicyFactory.java:getPolicy(59)) - Create container placement policy of type org.apache.hadoop.hdds.scm.container.placement.algorithms.SCMContainerPlacementRandom
2019-09-25 05:50:38,478 [main] WARN  server.ServerUtils (ServerUtils.java:getScmDbDir(145)) - ozone.scm.db.dirs is not configured. We recommend adding this setting. Falling back to ozone.metadata.dirs instead.
2019-09-25 05:50:38,527 [main] INFO  pipeline.SCMPipelineManager (SCMPipelineManager.java:initializePipelineState(132)) - No pipeline exists in current db
2019-09-25 05:50:38,527 [main] WARN  server.ServerUtils (ServerUtils.java:getScmDbDir(145)) - ozone.scm.db.dirs is not configured. We recommend adding this setting. Falling back to ozone.metadata.dirs instead.
2019-09-25 05:50:38,587 [main] WARN  events.EventQueue (EventQueue.java:fireEvent(183)) - No event handler registered for event TypedEvent{payloadType=SafeModeStatus, name='SafeModeStatus'}
2019-09-25 05:50:38,588 [main] INFO  ipc.CallQueueManager (CallQueueManager.java:<init>(84)) - Using callQueue: class java.util.concurrent.LinkedBlockingQueue, queueCapacity: 2000, scheduler: class org.apache.hadoop.ipc.DefaultRpcScheduler, ipcBackoff: false.
2019-09-25 05:50:38,589 [Socket Reader #1 for port 39817] INFO  ipc.Server (Server.java:run(1074)) - Starting Socket Reader #1 for port 39817
2019-09-25 05:50:38,593 [main] INFO  ipc.CallQueueManager (CallQueueManager.java:<init>(84)) - Using callQueue: class java.util.concurrent.LinkedBlockingQueue, queueCapacity: 2000, scheduler: class org.apache.hadoop.ipc.DefaultRpcScheduler, ipcBackoff: false.
2019-09-25 05:50:38,594 [Socket Reader #1 for port 33170] INFO  ipc.Server (Server.java:run(1074)) - Starting Socket Reader #1 for port 33170
2019-09-25 05:50:38,597 [main] INFO  ipc.CallQueueManager (CallQueueManager.java:<init>(84)) - Using callQueue: class java.util.concurrent.LinkedBlockingQueue, queueCapacity: 2000, scheduler: class org.apache.hadoop.ipc.DefaultRpcScheduler, ipcBackoff: false.
2019-09-25 05:50:38,598 [Socket Reader #1 for port 41133] INFO  ipc.Server (Server.java:run(1074)) - Starting Socket Reader #1 for port 41133
2019-09-25 05:50:38,602 [main] INFO  hdfs.DFSUtil (DFSUtil.java:httpServerTemplateForNNAndJN(1641)) - Starting Web-server for scm at: http://0.0.0.0:0
2019-09-25 05:50:38,605 [main] INFO  server.AuthenticationFilter (AuthenticationFilter.java:constructSecretProvider(240)) - Unable to initialize FileSignerSecretProvider, falling back to use random secrets.
2019-09-25 05:50:38,605 [main] WARN  http.HttpRequestLog (HttpRequestLog.java:getRequestLog(97)) - Jetty request log can only be enabled using Log4j
2019-09-25 05:50:38,608 [main] INFO  http.HttpServer2 (HttpServer2.java:addGlobalFilter(975)) - Added global filter 'safety' (class=org.apache.hadoop.http.HttpServer2$QuotingInputFilter)
2019-09-25 05:50:38,609 [main] INFO  http.HttpServer2 (HttpServer2.java:addFilter(948)) - Added filter static_user_filter (class=org.apache.hadoop.http.lib.StaticUserWebFilter$StaticUserFilter) to context scm
2019-09-25 05:50:38,609 [main] INFO  http.HttpServer2 (HttpServer2.java:addFilter(958)) - Added filter static_user_filter (class=org.apache.hadoop.http.lib.StaticUserWebFilter$StaticUserFilter) to context logs
2019-09-25 05:50:38,609 [main] INFO  http.HttpServer2 (HttpServer2.java:addFilter(958)) - Added filter static_user_filter (class=org.apache.hadoop.http.lib.StaticUserWebFilter$StaticUserFilter) to context static
2019-09-25 05:50:38,611 [main] INFO  server.StorageContainerManager (StorageContainerManager.java:start(770)) - StorageContainerLocationProtocol RPC server is listening at /0.0.0.0:41133
2019-09-25 05:50:38,613 [main] WARN  impl.MetricsConfig (MetricsConfig.java:loadFirst(134)) - Cannot locate configuration: tried hadoop-metrics2-storagecontainermanager.properties,hadoop-metrics2.properties
2019-09-25 05:50:38,614 [main] INFO  impl.MetricsSystemImpl (MetricsSystemImpl.java:startTimer(374)) - Scheduled Metric snapshot period at 10 second(s).
2019-09-25 05:50:38,614 [main] INFO  impl.MetricsSystemImpl (MetricsSystemImpl.java:start(191)) - StorageContainerManager metrics system started
2019-09-25 05:50:38,933 [main] WARN  impl.MetricsSystemImpl (MetricsSystemImpl.java:register(276)) - Sink prometheus already exists!
2019-09-25 05:50:39,300 [main] INFO  server.SCMClientProtocolServer (SCMClientProtocolServer.java:start(151)) - RPC server for Client  is listening at /0.0.0.0:41133
2019-09-25 05:50:39,301 [IPC Server listener on 41133] INFO  ipc.Server (Server.java:run(1153)) - IPC Server listener on 41133: starting
2019-09-25 05:50:39,301 [IPC Server Responder] INFO  ipc.Server (Server.java:run(1314)) - IPC Server Responder: starting
2019-09-25 05:50:39,308 [main] INFO  server.StorageContainerManager (StorageContainerManager.java:start(780)) - ScmBlockLocationProtocol RPC server is listening at /0.0.0.0:33170
2019-09-25 05:50:39,308 [main] INFO  server.SCMBlockProtocolServer (SCMBlockProtocolServer.java:start(146)) - RPC server for Block Protocol is listening at /0.0.0.0:33170
2019-09-25 05:50:39,309 [IPC Server Responder] INFO  ipc.Server (Server.java:run(1314)) - IPC Server Responder: starting
2019-09-25 05:50:39,309 [IPC Server listener on 33170] INFO  ipc.Server (Server.java:run(1153)) - IPC Server listener on 33170: starting
2019-09-25 05:50:39,316 [main] INFO  server.StorageContainerManager (StorageContainerManager.java:start(784)) - ScmDatanodeProtocl RPC server is listening at /0.0.0.0:39817
2019-09-25 05:50:39,316 [main] INFO  server.SCMDatanodeProtocolServer (SCMDatanodeProtocolServer.java:start(191)) - RPC server for DataNodes is listening at /0.0.0.0:39817
2019-09-25 05:50:39,316 [IPC Server Responder] INFO  ipc.Server (Server.java:run(1314)) - IPC Server Responder: starting
2019-09-25 05:50:39,316 [IPC Server listener on 39817] INFO  ipc.Server (Server.java:run(1153)) - IPC Server listener on 39817: starting
2019-09-25 05:50:39,323 [main] INFO  http.HttpServer2 (HttpServer2.java:bindListener(1191)) - Jetty bound to port 39867
2019-09-25 05:50:39,324 [main] INFO  server.Server (Server.java:doStart(351)) - jetty-9.3.25.v20180904, build timestamp: 2018-09-04T21:11:46Z, git hash: 3ce520221d0240229c862b122d2b06c12a625732
2019-09-25 05:50:39,325 [main] INFO  handler.ContextHandler (ContextHandler.java:doStart(781)) - Started o.e.j.s.ServletContextHandler@63f2e0b{/logs,file:///workdir/hadoop-ozone/integration-test/target/log,AVAILABLE}
2019-09-25 05:50:39,326 [main] INFO  handler.ContextHandler (ContextHandler.java:doStart(781)) - Started o.e.j.s.ServletContextHandler@fabef2e{/static,file:///workdir/hadoop-ozone/integration-test/target/test-classes/webapps/static,AVAILABLE}
2019-09-25 05:50:39,331 [main] INFO  handler.ContextHandler (ContextHandler.java:doStart(781)) - Started o.e.j.w.WebAppContext@56c42964{/,file:///workdir/hadoop-ozone/integration-test/target/test-classes/webapps/scm/,AVAILABLE}{/scm}
2019-09-25 05:50:39,332 [main] INFO  server.AbstractConnector (AbstractConnector.java:doStart(278)) - Started ServerConnector@211a9647{HTTP/1.1,[http/1.1]}{0.0.0.0:39867}
2019-09-25 05:50:39,333 [main] INFO  server.Server (Server.java:doStart(419)) - Started @582171ms
2019-09-25 05:50:39,334 [main] WARN  impl.MetricsSystemImpl (MetricsSystemImpl.java:register(276)) - Sink prometheus already exists!
2019-09-25 05:50:39,335 [main] INFO  server.BaseHttpServer (BaseHttpServer.java:updateConnectorAddress(215)) - HTTP server of SCM is listening at http://0.0.0.0:39867
2019-09-25 05:50:39,335 [main] WARN  server.ServerUtils (ServerUtils.java:getDBPath(222)) - ozone.om.db.dirs is not configured. We recommend adding this setting. Falling back to ozone.metadata.dirs instead.
2019-09-25 05:50:39,337 [org.apache.hadoop.util.JvmPauseMonitor$Monitor@322b09da] INFO  util.JvmPauseMonitor (JvmPauseMonitor.java:run(188)) - Starting JVM pause monitor
2019-09-25 05:50:39,363 [main] WARN  server.ServerUtils (ServerUtils.java:getDBPath(222)) - ozone.om.db.dirs is not configured. We recommend adding this setting. Falling back to ozone.metadata.dirs instead.
2019-09-25 05:50:39,363 [main] WARN  server.ServerUtils (ServerUtils.java:getDBPath(222)) - ozone.om.db.dirs is not configured. We recommend adding this setting. Falling back to ozone.metadata.dirs instead.
2019-09-25 05:50:39,364 [main] INFO  om.OzoneManager (OzoneManager.java:setOMNodeDetails(652)) - OM Service ID is not set. Setting it to the default ID: omServiceIdDefault
2019-09-25 05:50:39,364 [main] INFO  om.OzoneManager (OzoneManager.java:setOMNodeDetails(658)) - OM Node ID is not set. Setting it to the OmStorage's OmID: 64477f93-17b4-49e6-9807-e6ecf08e8e0e
2019-09-25 05:50:39,364 [main] INFO  om.OzoneManager (OzoneManager.java:loadOMHAConfigs(609)) - Found matching OM address with OMServiceId: null, OMNodeId: null, RPC Address: localhost:0 and Ratis port: 9872
2019-09-25 05:50:39,374 [main] WARN  server.ServerUtils (ServerUtils.java:getDBPath(222)) - ozone.om.db.dirs is not configured. We recommend adding this setting. Falling back to ozone.metadata.dirs instead.
2019-09-25 05:50:39,375 [main] INFO  db.DBStoreBuilder (DBStoreBuilder.java:addTable(110)) - using custom profile for table: userTable
2019-09-25 05:50:39,375 [main] INFO  db.DBStoreBuilder (DBStoreBuilder.java:processTables(161)) - Using default column profile:DBProfile.DISK for Table:userTable
2019-09-25 05:50:39,375 [main] INFO  db.DBStoreBuilder (DBStoreBuilder.java:addTable(110)) - using custom profile for table: volumeTable
2019-09-25 05:50:39,375 [main] INFO  db.DBStoreBuilder (DBStoreBuilder.java:processTables(161)) - Using default column profile:DBProfile.DISK for Table:volumeTable
2019-09-25 05:50:39,376 [main] INFO  db.DBStoreBuilder (DBStoreBuilder.java:addTable(110)) - using custom profile for table: bucketTable
2019-09-25 05:50:39,376 [main] INFO  db.DBStoreBuilder (DBStoreBuilder.java:processTables(161)) - Using default column profile:DBProfile.DISK for Table:bucketTable
2019-09-25 05:50:39,376 [main] INFO  db.DBStoreBuilder (DBStoreBuilder.java:addTable(110)) - using custom profile for table: keyTable
2019-09-25 05:50:39,376 [main] INFO  db.DBStoreBuilder (DBStoreBuilder.java:processTables(161)) - Using default column profile:DBProfile.DISK for Table:keyTable
2019-09-25 05:50:39,377 [main] INFO  db.DBStoreBuilder (DBStoreBuilder.java:addTable(110)) - using custom profile for table: deletedTable
2019-09-25 05:50:39,377 [main] INFO  db.DBStoreBuilder (DBStoreBuilder.java:processTables(161)) - Using default column profile:DBProfile.DISK for Table:deletedTable
2019-09-25 05:50:39,377 [main] INFO  db.DBStoreBuilder (DBStoreBuilder.java:addTable(110)) - using custom profile for table: openKeyTable
2019-09-25 05:50:39,377 [main] INFO  db.DBStoreBuilder (DBStoreBuilder.java:processTables(161)) - Using default column profile:DBProfile.DISK for Table:openKeyTable
2019-09-25 05:50:39,378 [main] INFO  db.DBStoreBuilder (DBStoreBuilder.java:addTable(110)) - using custom profile for table: s3Table
2019-09-25 05:50:39,378 [main] INFO  db.DBStoreBuilder (DBStoreBuilder.java:processTables(161)) - Using default column profile:DBProfile.DISK for Table:s3Table
2019-09-25 05:50:39,378 [main] INFO  db.DBStoreBuilder (DBStoreBuilder.java:addTable(110)) - using custom profile for table: multipartInfoTable
2019-09-25 05:50:39,379 [main] INFO  db.DBStoreBuilder (DBStoreBuilder.java:processTables(161)) - Using default column profile:DBProfile.DISK for Table:multipartInfoTable
2019-09-25 05:50:39,379 [main] INFO  db.DBStoreBuilder (DBStoreBuilder.java:addTable(110)) - using custom profile for table: dTokenTable
2019-09-25 05:50:39,379 [main] INFO  db.DBStoreBuilder (DBStoreBuilder.java:processTables(161)) - Using default column profile:DBProfile.DISK for Table:dTokenTable
2019-09-25 05:50:39,379 [main] INFO  db.DBStoreBuilder (DBStoreBuilder.java:addTable(110)) - using custom profile for table: s3SecretTable
2019-09-25 05:50:39,380 [main] INFO  db.DBStoreBuilder (DBStoreBuilder.java:processTables(161)) - Using default column profile:DBProfile.DISK for Table:s3SecretTable
2019-09-25 05:50:39,380 [main] INFO  db.DBStoreBuilder (DBStoreBuilder.java:addTable(110)) - using custom profile for table: prefixTable
2019-09-25 05:50:39,380 [main] INFO  db.DBStoreBuilder (DBStoreBuilder.java:processTables(161)) - Using default column profile:DBProfile.DISK for Table:prefixTable
2019-09-25 05:50:39,380 [main] INFO  db.DBStoreBuilder (DBStoreBuilder.java:addTable(110)) - using custom profile for table: default
2019-09-25 05:50:39,381 [main] INFO  db.DBStoreBuilder (DBStoreBuilder.java:processTables(167)) - Using default column profile:DBProfile.DISK for Table:default
2019-09-25 05:50:39,381 [main] INFO  db.DBStoreBuilder (DBStoreBuilder.java:getDbProfile(198)) - Using default options. DBProfile.DISK
2019-09-25 05:50:39,823 [main] INFO  ipc.CallQueueManager (CallQueueManager.java:<init>(84)) - Using callQueue: class java.util.concurrent.LinkedBlockingQueue, queueCapacity: 2000, scheduler: class org.apache.hadoop.ipc.DefaultRpcScheduler, ipcBackoff: false.
2019-09-25 05:50:39,824 [Socket Reader #1 for port 32809] INFO  ipc.Server (Server.java:run(1074)) - Starting Socket Reader #1 for port 32809
2019-09-25 05:50:39,840 [main] INFO  om.OzoneManager (OzoneManager.java:start(1243)) - OzoneManager RPC server is listening at localhost/127.0.0.1:32809
2019-09-25 05:50:39,840 [main] INFO  impl.MetricsSystemImpl (MetricsSystemImpl.java:init(158)) - OzoneManager metrics system started (again)
2019-09-25 05:50:39,841 [IPC Server Responder] INFO  ipc.Server (Server.java:run(1314)) - IPC Server Responder: starting
2019-09-25 05:50:39,841 [IPC Server listener on 32809] INFO  ipc.Server (Server.java:run(1153)) - IPC Server listener on 32809: starting
2019-09-25 05:50:39,851 [main] INFO  hdfs.DFSUtil (DFSUtil.java:httpServerTemplateForNNAndJN(1641)) - Starting Web-server for ozoneManager at: http://0.0.0.0:0
2019-09-25 05:50:39,854 [main] INFO  server.AuthenticationFilter (AuthenticationFilter.java:constructSecretProvider(240)) - Unable to initialize FileSignerSecretProvider, falling back to use random secrets.
2019-09-25 05:50:39,854 [main] WARN  http.HttpRequestLog (HttpRequestLog.java:getRequestLog(97)) - Jetty request log can only be enabled using Log4j
2019-09-25 05:50:39,857 [main] INFO  http.HttpServer2 (HttpServer2.java:addGlobalFilter(975)) - Added global filter 'safety' (class=org.apache.hadoop.http.HttpServer2$QuotingInputFilter)
2019-09-25 05:50:39,858 [main] INFO  http.HttpServer2 (HttpServer2.java:addFilter(948)) - Added filter static_user_filter (class=org.apache.hadoop.http.lib.StaticUserWebFilter$StaticUserFilter) to context ozoneManager
2019-09-25 05:50:39,858 [main] INFO  http.HttpServer2 (HttpServer2.java:addFilter(958)) - Added filter static_user_filter (class=org.apache.hadoop.http.lib.StaticUserWebFilter$StaticUserFilter) to context logs
2019-09-25 05:50:39,858 [main] INFO  http.HttpServer2 (HttpServer2.java:addFilter(958)) - Added filter static_user_filter (class=org.apache.hadoop.http.lib.StaticUserWebFilter$StaticUserFilter) to context static
2019-09-25 05:50:39,859 [main] INFO  http.HttpServer2 (HttpServer2.java:bindListener(1191)) - Jetty bound to port 46166
2019-09-25 05:50:39,859 [main] INFO  server.Server (Server.java:doStart(351)) - jetty-9.3.25.v20180904, build timestamp: 2018-09-04T21:11:46Z, git hash: 3ce520221d0240229c862b122d2b06c12a625732
2019-09-25 05:50:39,861 [main] INFO  handler.ContextHandler (ContextHandler.java:doStart(781)) - Started o.e.j.s.ServletContextHandler@59b447a4{/logs,file:///workdir/hadoop-ozone/integration-test/target/log,AVAILABLE}
2019-09-25 05:50:39,862 [main] INFO  handler.ContextHandler (ContextHandler.java:doStart(781)) - Started o.e.j.s.ServletContextHandler@579846cc{/static,file:///workdir/hadoop-ozone/integration-test/target/test-classes/webapps/static,AVAILABLE}
2019-09-25 05:50:39,868 [main] INFO  handler.ContextHandler (ContextHandler.java:doStart(781)) - Started o.e.j.w.WebAppContext@752973de{/,file:///workdir/hadoop-ozone/integration-test/target/test-classes/webapps/ozoneManager/,AVAILABLE}{/ozoneManager}
2019-09-25 05:50:39,868 [main] INFO  server.AbstractConnector (AbstractConnector.java:doStart(278)) - Started ServerConnector@52a67293{HTTP/1.1,[http/1.1]}{0.0.0.0:46166}
2019-09-25 05:50:39,871 [main] INFO  server.Server (Server.java:doStart(419)) - Started @582709ms
2019-09-25 05:50:39,871 [main] WARN  impl.MetricsSystemImpl (MetricsSystemImpl.java:register(276)) - Sink prometheus already exists!
2019-09-25 05:50:39,873 [main] INFO  server.BaseHttpServer (BaseHttpServer.java:updateConnectorAddress(215)) - HTTP server of OZONEMANAGER is listening at http://0.0.0.0:46166
2019-09-25 05:50:39,892 [main] INFO  impl.MetricsSystemImpl (MetricsSystemImpl.java:init(158)) - HddsDatanode metrics system started (again)
2019-09-25 05:50:39,910 [main] INFO  ozone.HddsDatanodeService (HddsDatanodeService.java:start(184)) - HddsDatanodeService host:pr-hdds-1569-s62bp-3040748787 ip:192.168.30.10
2019-09-25 05:50:39,920 [main] INFO  volume.HddsVolume (HddsVolume.java:<init>(176)) - Creating Volume: /workdir/hadoop-ozone/integration-test/target/test-dir/MiniOzoneClusterImpl-28dc08f8-08b8-4dfd-b771-8384b6a2d499/datanode-0/data/containers/hdds of  storage type : DISK and capacity : 1482555576320
2019-09-25 05:50:39,920 [main] INFO  volume.VolumeSet (VolumeSet.java:initializeVolumeSet(170)) - Added Volume : /workdir/hadoop-ozone/integration-test/target/test-dir/MiniOzoneClusterImpl-28dc08f8-08b8-4dfd-b771-8384b6a2d499/datanode-0/data/containers/hdds to VolumeSet
2019-09-25 05:50:39,920 [main] INFO  volume.ThrottledAsyncChecker (ThrottledAsyncChecker.java:schedule(139)) - Scheduling a check for org.apache.hadoop.ozone.container.common.volume.HddsVolume@3095d401
2019-09-25 05:50:39,921 [main] INFO  volume.HddsVolumeChecker (HddsVolumeChecker.java:checkAllVolumes(202)) - Scheduled health check for volume org.apache.hadoop.ozone.container.common.volume.HddsVolume@3095d401
2019-09-25 05:50:39,936 [main] INFO  impl.RaftServerProxy (ConfUtils.java:logGet(43)) - raft.rpc.type = GRPC (default)
2019-09-25 05:50:39,937 [main] INFO  grpc.GrpcFactory (GrpcFactory.java:checkPooledByteBufAllocatorUseCacheForAllThreads(45)) - PERFORMANCE WARNING: useCacheForAllThreads is true that may cause Netty to create a lot garbage objects and, as a result, trigger GC.
	It is recommended to disable useCacheForAllThreads by setting -Dorg.apache.ratis.thirdparty.io.netty.allocator.useCacheForAllThreads=false in command line.
2019-09-25 05:50:39,937 [main] INFO  grpc.GrpcConfigKeys$Server (ConfUtils.java:logGet(43)) - raft.grpc.server.port = 0 (default)
2019-09-25 05:50:39,937 [main] INFO  server.GrpcService (ConfUtils.java:logGet(43)) - raft.grpc.message.size.max = 33570816 (custom)
2019-09-25 05:50:39,937 [main] INFO  server.RaftServerConfigKeys (ConfUtils.java:logGet(43)) - raft.server.log.appender.buffer.byte-limit = 33554432 (custom)
2019-09-25 05:50:39,938 [main] INFO  server.GrpcService (ConfUtils.java:logGet(43)) - raft.grpc.flow.control.window = 1MB (=1048576) (default)
2019-09-25 05:50:39,938 [main] INFO  server.RaftServerConfigKeys (ConfUtils.java:logGet(43)) - raft.server.rpc.request.timeout = 3000ms (default)
2019-09-25 05:50:39,938 [main] INFO  server.RaftServerConfigKeys (ConfUtils.java:logGet(43)) - raft.server.storage.dir = [/workdir/hadoop-ozone/integration-test/target/test-dir/MiniOzoneClusterImpl-28dc08f8-08b8-4dfd-b771-8384b6a2d499/datanode-0/data/ratis] (custom)
2019-09-25 05:50:39,939 [main] INFO  hdfs.DFSUtil (DFSUtil.java:httpServerTemplateForNNAndJN(1641)) - Starting Web-server for hddsDatanode at: http://0.0.0.0:0
2019-09-25 05:50:39,941 [main] INFO  server.AuthenticationFilter (AuthenticationFilter.java:constructSecretProvider(240)) - Unable to initialize FileSignerSecretProvider, falling back to use random secrets.
2019-09-25 05:50:39,941 [main] WARN  http.HttpRequestLog (HttpRequestLog.java:getRequestLog(97)) - Jetty request log can only be enabled using Log4j
2019-09-25 05:50:39,942 [main] INFO  http.HttpServer2 (HttpServer2.java:addGlobalFilter(975)) - Added global filter 'safety' (class=org.apache.hadoop.http.HttpServer2$QuotingInputFilter)
2019-09-25 05:50:39,943 [main] INFO  http.HttpServer2 (HttpServer2.java:addFilter(948)) - Added filter static_user_filter (class=org.apache.hadoop.http.lib.StaticUserWebFilter$StaticUserFilter) to context hddsDatanode
2019-09-25 05:50:39,943 [main] INFO  http.HttpServer2 (HttpServer2.java:addFilter(958)) - Added filter static_user_filter (class=org.apache.hadoop.http.lib.StaticUserWebFilter$StaticUserFilter) to context logs
2019-09-25 05:50:39,943 [main] INFO  http.HttpServer2 (HttpServer2.java:addFilter(958)) - Added filter static_user_filter (class=org.apache.hadoop.http.lib.StaticUserWebFilter$StaticUserFilter) to context static
2019-09-25 05:50:39,944 [main] INFO  http.HttpServer2 (HttpServer2.java:bindListener(1191)) - Jetty bound to port 36166
2019-09-25 05:50:39,944 [main] INFO  server.Server (Server.java:doStart(351)) - jetty-9.3.25.v20180904, build timestamp: 2018-09-04T21:11:46Z, git hash: 3ce520221d0240229c862b122d2b06c12a625732
2019-09-25 05:50:39,945 [main] INFO  handler.ContextHandler (ContextHandler.java:doStart(781)) - Started o.e.j.s.ServletContextHandler@67a8bcbb{/logs,file:///workdir/hadoop-ozone/integration-test/target/log,AVAILABLE}
2019-09-25 05:50:39,946 [main] INFO  handler.ContextHandler (ContextHandler.java:doStart(781)) - Started o.e.j.s.ServletContextHandler@26ffd2c0{/static,jar:file:/home/user/.m2/repository/org/apache/hadoop/hadoop-hdds-container-service/0.5.0-SNAPSHOT/hadoop-hdds-container-service-0.5.0-SNAPSHOT.jar!/webapps/static,AVAILABLE}
2019-09-25 05:50:39,973 [main] INFO  handler.ContextHandler (ContextHandler.java:doStart(781)) - Started o.e.j.w.WebAppContext@3335afcf{/,file:///tmp/jetty-0.0.0.0-36166-hddsDatanode-_-any-2820276006988386096.dir/webapp/,AVAILABLE}{/hddsDatanode}
2019-09-25 05:50:39,974 [main] INFO  server.AbstractConnector (AbstractConnector.java:doStart(278)) - Started ServerConnector@699e0bf0{HTTP/1.1,[http/1.1]}{0.0.0.0:36166}
2019-09-25 05:50:39,976 [main] INFO  server.Server (Server.java:doStart(419)) - Started @582814ms
2019-09-25 05:50:39,976 [main] WARN  impl.MetricsSystemImpl (MetricsSystemImpl.java:register(276)) - Sink prometheus already exists!
2019-09-25 05:50:39,977 [main] INFO  server.BaseHttpServer (BaseHttpServer.java:updateConnectorAddress(215)) - HTTP server of HDDSDATANODE is listening at http://0.0.0.0:36166
2019-09-25 05:50:39,977 [main] INFO  impl.MetricsSystemImpl (MetricsSystemImpl.java:init(158)) - HddsDatanode metrics system started (again)
2019-09-25 05:50:39,991 [org.apache.hadoop.util.JvmPauseMonitor$Monitor@54ee4da2] INFO  util.JvmPauseMonitor (JvmPauseMonitor.java:run(188)) - Starting JVM pause monitor
2019-09-25 05:50:39,992 [main] INFO  ozone.HddsDatanodeService (HddsDatanodeService.java:start(184)) - HddsDatanodeService host:pr-hdds-1569-s62bp-3040748787 ip:192.168.30.10
2019-09-25 05:50:39,992 [Datanode State Machine Thread - 0] INFO  datanode.InitDatanodeState (InitDatanodeState.java:persistContainerDatanodeDetails(140)) - DatanodeDetails is persisted to /workdir/hadoop-ozone/integration-test/target/test-dir/MiniOzoneClusterImpl-28dc08f8-08b8-4dfd-b771-8384b6a2d499/datanode-0/meta/datanode.id
2019-09-25 05:50:39,999 [main] INFO  volume.HddsVolume (HddsVolume.java:<init>(176)) - Creating Volume: /workdir/hadoop-ozone/integration-test/target/test-dir/MiniOzoneClusterImpl-28dc08f8-08b8-4dfd-b771-8384b6a2d499/datanode-1/data/containers/hdds of  storage type : DISK and capacity : 1482555576320
2019-09-25 05:50:40,000 [main] INFO  volume.VolumeSet (VolumeSet.java:initializeVolumeSet(170)) - Added Volume : /workdir/hadoop-ozone/integration-test/target/test-dir/MiniOzoneClusterImpl-28dc08f8-08b8-4dfd-b771-8384b6a2d499/datanode-1/data/containers/hdds to VolumeSet
2019-09-25 05:50:40,000 [main] INFO  volume.ThrottledAsyncChecker (ThrottledAsyncChecker.java:schedule(139)) - Scheduling a check for org.apache.hadoop.ozone.container.common.volume.HddsVolume@2d24cdd9
2019-09-25 05:50:40,000 [main] INFO  volume.HddsVolumeChecker (HddsVolumeChecker.java:checkAllVolumes(202)) - Scheduled health check for volume org.apache.hadoop.ozone.container.common.volume.HddsVolume@2d24cdd9
2019-09-25 05:50:40,018 [main] INFO  impl.RaftServerProxy (ConfUtils.java:logGet(43)) - raft.rpc.type = GRPC (default)
2019-09-25 05:50:40,018 [main] INFO  grpc.GrpcFactory (GrpcFactory.java:checkPooledByteBufAllocatorUseCacheForAllThreads(45)) - PERFORMANCE WARNING: useCacheForAllThreads is true that may cause Netty to create a lot garbage objects and, as a result, trigger GC.
	It is recommended to disable useCacheForAllThreads by setting -Dorg.apache.ratis.thirdparty.io.netty.allocator.useCacheForAllThreads=false in command line.
2019-09-25 05:50:40,018 [main] INFO  grpc.GrpcConfigKeys$Server (ConfUtils.java:logGet(43)) - raft.grpc.server.port = 0 (default)
2019-09-25 05:50:40,018 [main] INFO  server.GrpcService (ConfUtils.java:logGet(43)) - raft.grpc.message.size.max = 33570816 (custom)
2019-09-25 05:50:40,019 [main] INFO  server.RaftServerConfigKeys (ConfUtils.java:logGet(43)) - raft.server.log.appender.buffer.byte-limit = 33554432 (custom)
2019-09-25 05:50:40,019 [main] INFO  server.GrpcService (ConfUtils.java:logGet(43)) - raft.grpc.flow.control.window = 1MB (=1048576) (default)
2019-09-25 05:50:40,019 [main] INFO  server.RaftServerConfigKeys (ConfUtils.java:logGet(43)) - raft.server.rpc.request.timeout = 3000ms (default)
2019-09-25 05:50:40,019 [main] INFO  server.RaftServerConfigKeys (ConfUtils.java:logGet(43)) - raft.server.storage.dir = [/workdir/hadoop-ozone/integration-test/target/test-dir/MiniOzoneClusterImpl-28dc08f8-08b8-4dfd-b771-8384b6a2d499/datanode-1/data/ratis] (custom)
2019-09-25 05:50:40,020 [main] INFO  hdfs.DFSUtil (DFSUtil.java:httpServerTemplateForNNAndJN(1641)) - Starting Web-server for hddsDatanode at: http://0.0.0.0:0
2019-09-25 05:50:40,021 [main] INFO  server.AuthenticationFilter (AuthenticationFilter.java:constructSecretProvider(240)) - Unable to initialize FileSignerSecretProvider, falling back to use random secrets.
2019-09-25 05:50:40,022 [main] WARN  http.HttpRequestLog (HttpRequestLog.java:getRequestLog(97)) - Jetty request log can only be enabled using Log4j
2019-09-25 05:50:40,023 [main] INFO  http.HttpServer2 (HttpServer2.java:addGlobalFilter(975)) - Added global filter 'safety' (class=org.apache.hadoop.http.HttpServer2$QuotingInputFilter)
2019-09-25 05:50:40,023 [main] INFO  http.HttpServer2 (HttpServer2.java:addFilter(948)) - Added filter static_user_filter (class=org.apache.hadoop.http.lib.StaticUserWebFilter$StaticUserFilter) to context hddsDatanode
2019-09-25 05:50:40,023 [main] INFO  http.HttpServer2 (HttpServer2.java:addFilter(958)) - Added filter static_user_filter (class=org.apache.hadoop.http.lib.StaticUserWebFilter$StaticUserFilter) to context static
2019-09-25 05:50:40,023 [main] INFO  http.HttpServer2 (HttpServer2.java:addFilter(958)) - Added filter static_user_filter (class=org.apache.hadoop.http.lib.StaticUserWebFilter$StaticUserFilter) to context logs
2019-09-25 05:50:40,024 [main] INFO  http.HttpServer2 (HttpServer2.java:bindListener(1191)) - Jetty bound to port 38036
2019-09-25 05:50:40,024 [main] INFO  server.Server (Server.java:doStart(351)) - jetty-9.3.25.v20180904, build timestamp: 2018-09-04T21:11:46Z, git hash: 3ce520221d0240229c862b122d2b06c12a625732
2019-09-25 05:50:40,026 [main] INFO  handler.ContextHandler (ContextHandler.java:doStart(781)) - Started o.e.j.s.ServletContextHandler@6eed46e9{/logs,file:///workdir/hadoop-ozone/integration-test/target/log,AVAILABLE}
2019-09-25 05:50:40,026 [main] INFO  handler.ContextHandler (ContextHandler.java:doStart(781)) - Started o.e.j.s.ServletContextHandler@6ad6ae45{/static,jar:file:/home/user/.m2/repository/org/apache/hadoop/hadoop-hdds-container-service/0.5.0-SNAPSHOT/hadoop-hdds-container-service-0.5.0-SNAPSHOT.jar!/webapps/static,AVAILABLE}
2019-09-25 05:50:40,052 [main] INFO  handler.ContextHandler (ContextHandler.java:doStart(781)) - Started o.e.j.w.WebAppContext@5e3d2765{/,file:///tmp/jetty-0.0.0.0-38036-hddsDatanode-_-any-7465960244683192835.dir/webapp/,AVAILABLE}{/hddsDatanode}
2019-09-25 05:50:40,053 [main] INFO  server.AbstractConnector (AbstractConnector.java:doStart(278)) - Started ServerConnector@7910f355{HTTP/1.1,[http/1.1]}{0.0.0.0:38036}
2019-09-25 05:50:40,053 [main] INFO  server.Server (Server.java:doStart(419)) - Started @582890ms
2019-09-25 05:50:40,056 [main] WARN  impl.MetricsSystemImpl (MetricsSystemImpl.java:register(276)) - Sink prometheus already exists!
2019-09-25 05:50:40,056 [main] INFO  server.BaseHttpServer (BaseHttpServer.java:updateConnectorAddress(215)) - HTTP server of HDDSDATANODE is listening at http://0.0.0.0:38036
2019-09-25 05:50:40,057 [main] INFO  impl.MetricsSystemImpl (MetricsSystemImpl.java:init(158)) - HddsDatanode metrics system started (again)
2019-09-25 05:50:40,070 [org.apache.hadoop.util.JvmPauseMonitor$Monitor@3b5d4964] INFO  util.JvmPauseMonitor (JvmPauseMonitor.java:run(188)) - Starting JVM pause monitor
2019-09-25 05:50:40,071 [main] INFO  ozone.HddsDatanodeService (HddsDatanodeService.java:start(184)) - HddsDatanodeService host:pr-hdds-1569-s62bp-3040748787 ip:192.168.30.10
2019-09-25 05:50:40,072 [Datanode State Machine Thread - 0] INFO  datanode.InitDatanodeState (InitDatanodeState.java:persistContainerDatanodeDetails(140)) - DatanodeDetails is persisted to /workdir/hadoop-ozone/integration-test/target/test-dir/MiniOzoneClusterImpl-28dc08f8-08b8-4dfd-b771-8384b6a2d499/datanode-1/meta/datanode.id
2019-09-25 05:50:40,080 [main] INFO  volume.HddsVolume (HddsVolume.java:<init>(176)) - Creating Volume: /workdir/hadoop-ozone/integration-test/target/test-dir/MiniOzoneClusterImpl-28dc08f8-08b8-4dfd-b771-8384b6a2d499/datanode-2/data/containers/hdds of  storage type : DISK and capacity : 1482555576320
2019-09-25 05:50:40,080 [main] INFO  volume.VolumeSet (VolumeSet.java:initializeVolumeSet(170)) - Added Volume : /workdir/hadoop-ozone/integration-test/target/test-dir/MiniOzoneClusterImpl-28dc08f8-08b8-4dfd-b771-8384b6a2d499/datanode-2/data/containers/hdds to VolumeSet
2019-09-25 05:50:40,080 [main] INFO  volume.ThrottledAsyncChecker (ThrottledAsyncChecker.java:schedule(139)) - Scheduling a check for org.apache.hadoop.ozone.container.common.volume.HddsVolume@58b97c15
2019-09-25 05:50:40,080 [main] INFO  volume.HddsVolumeChecker (HddsVolumeChecker.java:checkAllVolumes(202)) - Scheduled health check for volume org.apache.hadoop.ozone.container.common.volume.HddsVolume@58b97c15
2019-09-25 05:50:40,095 [main] INFO  impl.RaftServerProxy (ConfUtils.java:logGet(43)) - raft.rpc.type = GRPC (default)
2019-09-25 05:50:40,095 [main] INFO  grpc.GrpcFactory (GrpcFactory.java:checkPooledByteBufAllocatorUseCacheForAllThreads(45)) - PERFORMANCE WARNING: useCacheForAllThreads is true that may cause Netty to create a lot garbage objects and, as a result, trigger GC.
	It is recommended to disable useCacheForAllThreads by setting -Dorg.apache.ratis.thirdparty.io.netty.allocator.useCacheForAllThreads=false in command line.
2019-09-25 05:50:40,096 [main] INFO  grpc.GrpcConfigKeys$Server (ConfUtils.java:logGet(43)) - raft.grpc.server.port = 0 (default)
2019-09-25 05:50:40,096 [main] INFO  server.GrpcService (ConfUtils.java:logGet(43)) - raft.grpc.message.size.max = 33570816 (custom)
2019-09-25 05:50:40,096 [main] INFO  server.RaftServerConfigKeys (ConfUtils.java:logGet(43)) - raft.server.log.appender.buffer.byte-limit = 33554432 (custom)
2019-09-25 05:50:40,096 [main] INFO  server.GrpcService (ConfUtils.java:logGet(43)) - raft.grpc.flow.control.window = 1MB (=1048576) (default)
2019-09-25 05:50:40,096 [main] INFO  server.RaftServerConfigKeys (ConfUtils.java:logGet(43)) - raft.server.rpc.request.timeout = 3000ms (default)
2019-09-25 05:50:40,097 [main] INFO  server.RaftServerConfigKeys (ConfUtils.java:logGet(43)) - raft.server.storage.dir = [/workdir/hadoop-ozone/integration-test/target/test-dir/MiniOzoneClusterImpl-28dc08f8-08b8-4dfd-b771-8384b6a2d499/datanode-2/data/ratis] (custom)
2019-09-25 05:50:40,098 [main] INFO  hdfs.DFSUtil (DFSUtil.java:httpServerTemplateForNNAndJN(1641)) - Starting Web-server for hddsDatanode at: http://0.0.0.0:0
2019-09-25 05:50:40,098 [main] INFO  server.AuthenticationFilter (AuthenticationFilter.java:constructSecretProvider(240)) - Unable to initialize FileSignerSecretProvider, falling back to use random secrets.
2019-09-25 05:50:40,099 [main] WARN  http.HttpRequestLog (HttpRequestLog.java:getRequestLog(97)) - Jetty request log can only be enabled using Log4j
2019-09-25 05:50:40,100 [main] INFO  http.HttpServer2 (HttpServer2.java:addGlobalFilter(975)) - Added global filter 'safety' (class=org.apache.hadoop.http.HttpServer2$QuotingInputFilter)
2019-09-25 05:50:40,100 [main] INFO  http.HttpServer2 (HttpServer2.java:addFilter(948)) - Added filter static_user_filter (class=org.apache.hadoop.http.lib.StaticUserWebFilter$StaticUserFilter) to context hddsDatanode
2019-09-25 05:50:40,100 [main] INFO  http.HttpServer2 (HttpServer2.java:addFilter(958)) - Added filter static_user_filter (class=org.apache.hadoop.http.lib.StaticUserWebFilter$StaticUserFilter) to context logs
2019-09-25 05:50:40,100 [main] INFO  http.HttpServer2 (HttpServer2.java:addFilter(958)) - Added filter static_user_filter (class=org.apache.hadoop.http.lib.StaticUserWebFilter$StaticUserFilter) to context static
2019-09-25 05:50:40,101 [main] INFO  http.HttpServer2 (HttpServer2.java:bindListener(1191)) - Jetty bound to port 46740
2019-09-25 05:50:40,101 [main] INFO  server.Server (Server.java:doStart(351)) - jetty-9.3.25.v20180904, build timestamp: 2018-09-04T21:11:46Z, git hash: 3ce520221d0240229c862b122d2b06c12a625732
2019-09-25 05:50:40,102 [main] INFO  handler.ContextHandler (ContextHandler.java:doStart(781)) - Started o.e.j.s.ServletContextHandler@674184d{/logs,file:///workdir/hadoop-ozone/integration-test/target/log,AVAILABLE}
2019-09-25 05:50:40,103 [main] INFO  handler.ContextHandler (ContextHandler.java:doStart(781)) - Started o.e.j.s.ServletContextHandler@5835e24a{/static,jar:file:/home/user/.m2/repository/org/apache/hadoop/hadoop-hdds-container-service/0.5.0-SNAPSHOT/hadoop-hdds-container-service-0.5.0-SNAPSHOT.jar!/webapps/static,AVAILABLE}
2019-09-25 05:50:40,129 [main] INFO  handler.ContextHandler (ContextHandler.java:doStart(781)) - Started o.e.j.w.WebAppContext@4f8659d0{/,file:///tmp/jetty-0.0.0.0-46740-hddsDatanode-_-any-2451395132563670770.dir/webapp/,AVAILABLE}{/hddsDatanode}
2019-09-25 05:50:40,129 [main] INFO  server.AbstractConnector (AbstractConnector.java:doStart(278)) - Started ServerConnector@278fe428{HTTP/1.1,[http/1.1]}{0.0.0.0:46740}
2019-09-25 05:50:40,132 [main] INFO  server.Server (Server.java:doStart(419)) - Started @582969ms
2019-09-25 05:50:40,132 [main] WARN  impl.MetricsSystemImpl (MetricsSystemImpl.java:register(276)) - Sink prometheus already exists!
2019-09-25 05:50:40,132 [main] INFO  server.BaseHttpServer (BaseHttpServer.java:updateConnectorAddress(215)) - HTTP server of HDDSDATANODE is listening at http://0.0.0.0:46740
2019-09-25 05:50:40,133 [main] INFO  impl.MetricsSystemImpl (MetricsSystemImpl.java:init(158)) - HddsDatanode metrics system started (again)
2019-09-25 05:50:40,147 [org.apache.hadoop.util.JvmPauseMonitor$Monitor@a38df95] INFO  util.JvmPauseMonitor (JvmPauseMonitor.java:run(188)) - Starting JVM pause monitor
2019-09-25 05:50:40,147 [main] INFO  ozone.HddsDatanodeService (HddsDatanodeService.java:start(184)) - HddsDatanodeService host:pr-hdds-1569-s62bp-3040748787 ip:192.168.30.10
2019-09-25 05:50:40,148 [Datanode State Machine Thread - 0] INFO  datanode.InitDatanodeState (InitDatanodeState.java:persistContainerDatanodeDetails(140)) - DatanodeDetails is persisted to /workdir/hadoop-ozone/integration-test/target/test-dir/MiniOzoneClusterImpl-28dc08f8-08b8-4dfd-b771-8384b6a2d499/datanode-2/meta/datanode.id
2019-09-25 05:50:40,156 [main] INFO  volume.HddsVolume (HddsVolume.java:<init>(176)) - Creating Volume: /workdir/hadoop-ozone/integration-test/target/test-dir/MiniOzoneClusterImpl-28dc08f8-08b8-4dfd-b771-8384b6a2d499/datanode-3/data/containers/hdds of  storage type : DISK and capacity : 1482555576320
2019-09-25 05:50:40,156 [main] INFO  volume.VolumeSet (VolumeSet.java:initializeVolumeSet(170)) - Added Volume : /workdir/hadoop-ozone/integration-test/target/test-dir/MiniOzoneClusterImpl-28dc08f8-08b8-4dfd-b771-8384b6a2d499/datanode-3/data/containers/hdds to VolumeSet
2019-09-25 05:50:40,157 [main] INFO  volume.ThrottledAsyncChecker (ThrottledAsyncChecker.java:schedule(139)) - Scheduling a check for org.apache.hadoop.ozone.container.common.volume.HddsVolume@2ad2b274
2019-09-25 05:50:40,157 [main] INFO  volume.HddsVolumeChecker (HddsVolumeChecker.java:checkAllVolumes(202)) - Scheduled health check for volume org.apache.hadoop.ozone.container.common.volume.HddsVolume@2ad2b274
2019-09-25 05:50:40,180 [main] INFO  impl.RaftServerProxy (ConfUtils.java:logGet(43)) - raft.rpc.type = GRPC (default)
2019-09-25 05:50:40,180 [main] INFO  grpc.GrpcFactory (GrpcFactory.java:checkPooledByteBufAllocatorUseCacheForAllThreads(45)) - PERFORMANCE WARNING: useCacheForAllThreads is true that may cause Netty to create a lot garbage objects and, as a result, trigger GC.
	It is recommended to disable useCacheForAllThreads by setting -Dorg.apache.ratis.thirdparty.io.netty.allocator.useCacheForAllThreads=false in command line.
2019-09-25 05:50:40,180 [main] INFO  grpc.GrpcConfigKeys$Server (ConfUtils.java:logGet(43)) - raft.grpc.server.port = 0 (default)
2019-09-25 05:50:40,180 [main] INFO  server.GrpcService (ConfUtils.java:logGet(43)) - raft.grpc.message.size.max = 33570816 (custom)
2019-09-25 05:50:40,181 [main] INFO  server.RaftServerConfigKeys (ConfUtils.java:logGet(43)) - raft.server.log.appender.buffer.byte-limit = 33554432 (custom)
2019-09-25 05:50:40,181 [main] INFO  server.GrpcService (ConfUtils.java:logGet(43)) - raft.grpc.flow.control.window = 1MB (=1048576) (default)
2019-09-25 05:50:40,181 [main] INFO  server.RaftServerConfigKeys (ConfUtils.java:logGet(43)) - raft.server.rpc.request.timeout = 3000ms (default)
2019-09-25 05:50:40,182 [main] INFO  server.RaftServerConfigKeys (ConfUtils.java:logGet(43)) - raft.server.storage.dir = [/workdir/hadoop-ozone/integration-test/target/test-dir/MiniOzoneClusterImpl-28dc08f8-08b8-4dfd-b771-8384b6a2d499/datanode-3/data/ratis] (custom)
2019-09-25 05:50:40,183 [main] INFO  hdfs.DFSUtil (DFSUtil.java:httpServerTemplateForNNAndJN(1641)) - Starting Web-server for hddsDatanode at: http://0.0.0.0:0
2019-09-25 05:50:40,186 [main] INFO  server.AuthenticationFilter (AuthenticationFilter.java:constructSecretProvider(240)) - Unable to initialize FileSignerSecretProvider, falling back to use random secrets.
2019-09-25 05:50:40,186 [main] WARN  http.HttpRequestLog (HttpRequestLog.java:getRequestLog(97)) - Jetty request log can only be enabled using Log4j
2019-09-25 05:50:40,188 [main] INFO  http.HttpServer2 (HttpServer2.java:addGlobalFilter(975)) - Added global filter 'safety' (class=org.apache.hadoop.http.HttpServer2$QuotingInputFilter)
2019-09-25 05:50:40,189 [main] INFO  http.HttpServer2 (HttpServer2.java:addFilter(948)) - Added filter static_user_filter (class=org.apache.hadoop.http.lib.StaticUserWebFilter$StaticUserFilter) to context hddsDatanode
2019-09-25 05:50:40,189 [main] INFO  http.HttpServer2 (HttpServer2.java:addFilter(958)) - Added filter static_user_filter (class=org.apache.hadoop.http.lib.StaticUserWebFilter$StaticUserFilter) to context logs
2019-09-25 05:50:40,190 [main] INFO  http.HttpServer2 (HttpServer2.java:addFilter(958)) - Added filter static_user_filter (class=org.apache.hadoop.http.lib.StaticUserWebFilter$StaticUserFilter) to context static
2019-09-25 05:50:40,191 [main] INFO  http.HttpServer2 (HttpServer2.java:bindListener(1191)) - Jetty bound to port 34429
2019-09-25 05:50:40,191 [main] INFO  server.Server (Server.java:doStart(351)) - jetty-9.3.25.v20180904, build timestamp: 2018-09-04T21:11:46Z, git hash: 3ce520221d0240229c862b122d2b06c12a625732
2019-09-25 05:50:40,193 [main] INFO  handler.ContextHandler (ContextHandler.java:doStart(781)) - Started o.e.j.s.ServletContextHandler@84f51d9{/logs,file:///workdir/hadoop-ozone/integration-test/target/log,AVAILABLE}
2019-09-25 05:50:40,194 [main] INFO  handler.ContextHandler (ContextHandler.java:doStart(781)) - Started o.e.j.s.ServletContextHandler@8383a14{/static,jar:file:/home/user/.m2/repository/org/apache/hadoop/hadoop-hdds-container-service/0.5.0-SNAPSHOT/hadoop-hdds-container-service-0.5.0-SNAPSHOT.jar!/webapps/static,AVAILABLE}
2019-09-25 05:50:40,236 [main] INFO  handler.ContextHandler (ContextHandler.java:doStart(781)) - Started o.e.j.w.WebAppContext@5ef2cbe6{/,file:///tmp/jetty-0.0.0.0-34429-hddsDatanode-_-any-5457351294499864719.dir/webapp/,AVAILABLE}{/hddsDatanode}
2019-09-25 05:50:40,237 [main] INFO  server.AbstractConnector (AbstractConnector.java:doStart(278)) - Started ServerConnector@266da047{HTTP/1.1,[http/1.1]}{0.0.0.0:34429}
2019-09-25 05:50:40,237 [main] INFO  server.Server (Server.java:doStart(419)) - Started @583075ms
2019-09-25 05:50:40,241 [main] WARN  impl.MetricsSystemImpl (MetricsSystemImpl.java:register(276)) - Sink prometheus already exists!
2019-09-25 05:50:40,242 [main] INFO  server.BaseHttpServer (BaseHttpServer.java:updateConnectorAddress(215)) - HTTP server of HDDSDATANODE is listening at http://0.0.0.0:34429
2019-09-25 05:50:40,242 [main] INFO  impl.MetricsSystemImpl (MetricsSystemImpl.java:init(158)) - HddsDatanode metrics system started (again)
2019-09-25 05:50:40,262 [org.apache.hadoop.util.JvmPauseMonitor$Monitor@15f862d8] INFO  util.JvmPauseMonitor (JvmPauseMonitor.java:run(188)) - Starting JVM pause monitor
2019-09-25 05:50:40,263 [main] INFO  ozone.HddsDatanodeService (HddsDatanodeService.java:start(184)) - HddsDatanodeService host:pr-hdds-1569-s62bp-3040748787 ip:192.168.30.10
2019-09-25 05:50:40,264 [Datanode State Machine Thread - 0] INFO  datanode.InitDatanodeState (InitDatanodeState.java:persistContainerDatanodeDetails(140)) - DatanodeDetails is persisted to /workdir/hadoop-ozone/integration-test/target/test-dir/MiniOzoneClusterImpl-28dc08f8-08b8-4dfd-b771-8384b6a2d499/datanode-3/meta/datanode.id
2019-09-25 05:50:40,272 [main] INFO  volume.HddsVolume (HddsVolume.java:<init>(176)) - Creating Volume: /workdir/hadoop-ozone/integration-test/target/test-dir/MiniOzoneClusterImpl-28dc08f8-08b8-4dfd-b771-8384b6a2d499/datanode-4/data/containers/hdds of  storage type : DISK and capacity : 1482555576320
2019-09-25 05:50:40,273 [main] INFO  volume.VolumeSet (VolumeSet.java:initializeVolumeSet(170)) - Added Volume : /workdir/hadoop-ozone/integration-test/target/test-dir/MiniOzoneClusterImpl-28dc08f8-08b8-4dfd-b771-8384b6a2d499/datanode-4/data/containers/hdds to VolumeSet
2019-09-25 05:50:40,273 [main] INFO  volume.ThrottledAsyncChecker (ThrottledAsyncChecker.java:schedule(139)) - Scheduling a check for org.apache.hadoop.ozone.container.common.volume.HddsVolume@74d22ddd
2019-09-25 05:50:40,273 [main] INFO  volume.HddsVolumeChecker (HddsVolumeChecker.java:checkAllVolumes(202)) - Scheduled health check for volume org.apache.hadoop.ozone.container.common.volume.HddsVolume@74d22ddd
2019-09-25 05:50:40,291 [main] INFO  impl.RaftServerProxy (ConfUtils.java:logGet(43)) - raft.rpc.type = GRPC (default)
2019-09-25 05:50:40,292 [main] INFO  grpc.GrpcFactory (GrpcFactory.java:checkPooledByteBufAllocatorUseCacheForAllThreads(45)) - PERFORMANCE WARNING: useCacheForAllThreads is true that may cause Netty to create a lot garbage objects and, as a result, trigger GC.
	It is recommended to disable useCacheForAllThreads by setting -Dorg.apache.ratis.thirdparty.io.netty.allocator.useCacheForAllThreads=false in command line.
2019-09-25 05:50:40,292 [main] INFO  grpc.GrpcConfigKeys$Server (ConfUtils.java:logGet(43)) - raft.grpc.server.port = 0 (default)
2019-09-25 05:50:40,292 [main] INFO  server.GrpcService (ConfUtils.java:logGet(43)) - raft.grpc.message.size.max = 33570816 (custom)
2019-09-25 05:50:40,293 [main] INFO  server.RaftServerConfigKeys (ConfUtils.java:logGet(43)) - raft.server.log.appender.buffer.byte-limit = 33554432 (custom)
2019-09-25 05:50:40,293 [main] INFO  server.GrpcService (ConfUtils.java:logGet(43)) - raft.grpc.flow.control.window = 1MB (=1048576) (default)
2019-09-25 05:50:40,293 [main] INFO  server.RaftServerConfigKeys (ConfUtils.java:logGet(43)) - raft.server.rpc.request.timeout = 3000ms (default)
2019-09-25 05:50:40,294 [main] INFO  server.RaftServerConfigKeys (ConfUtils.java:logGet(43)) - raft.server.storage.dir = [/workdir/hadoop-ozone/integration-test/target/test-dir/MiniOzoneClusterImpl-28dc08f8-08b8-4dfd-b771-8384b6a2d499/datanode-4/data/ratis] (custom)
2019-09-25 05:50:40,296 [main] INFO  hdfs.DFSUtil (DFSUtil.java:httpServerTemplateForNNAndJN(1641)) - Starting Web-server for hddsDatanode at: http://0.0.0.0:0
2019-09-25 05:50:40,297 [main] INFO  server.AuthenticationFilter (AuthenticationFilter.java:constructSecretProvider(240)) - Unable to initialize FileSignerSecretProvider, falling back to use random secrets.
2019-09-25 05:50:40,298 [main] WARN  http.HttpRequestLog (HttpRequestLog.java:getRequestLog(97)) - Jetty request log can only be enabled using Log4j
2019-09-25 05:50:40,300 [main] INFO  http.HttpServer2 (HttpServer2.java:addGlobalFilter(975)) - Added global filter 'safety' (class=org.apache.hadoop.http.HttpServer2$QuotingInputFilter)
2019-09-25 05:50:40,300 [main] INFO  http.HttpServer2 (HttpServer2.java:addFilter(948)) - Added filter static_user_filter (class=org.apache.hadoop.http.lib.StaticUserWebFilter$StaticUserFilter) to context hddsDatanode
2019-09-25 05:50:40,301 [main] INFO  http.HttpServer2 (HttpServer2.java:addFilter(958)) - Added filter static_user_filter (class=org.apache.hadoop.http.lib.StaticUserWebFilter$StaticUserFilter) to context logs
2019-09-25 05:50:40,301 [main] INFO  http.HttpServer2 (HttpServer2.java:addFilter(958)) - Added filter static_user_filter (class=org.apache.hadoop.http.lib.StaticUserWebFilter$StaticUserFilter) to context static
2019-09-25 05:50:40,302 [main] INFO  http.HttpServer2 (HttpServer2.java:bindListener(1191)) - Jetty bound to port 46460
2019-09-25 05:50:40,302 [main] INFO  server.Server (Server.java:doStart(351)) - jetty-9.3.25.v20180904, build timestamp: 2018-09-04T21:11:46Z, git hash: 3ce520221d0240229c862b122d2b06c12a625732
2019-09-25 05:50:40,304 [main] INFO  handler.ContextHandler (ContextHandler.java:doStart(781)) - Started o.e.j.s.ServletContextHandler@7a2a7492{/logs,file:///workdir/hadoop-ozone/integration-test/target/log,AVAILABLE}
2019-09-25 05:50:40,305 [main] INFO  handler.ContextHandler (ContextHandler.java:doStart(781)) - Started o.e.j.s.ServletContextHandler@138a85d3{/static,jar:file:/home/user/.m2/repository/org/apache/hadoop/hadoop-hdds-container-service/0.5.0-SNAPSHOT/hadoop-hdds-container-service-0.5.0-SNAPSHOT.jar!/webapps/static,AVAILABLE}
2019-09-25 05:50:40,343 [main] INFO  handler.ContextHandler (ContextHandler.java:doStart(781)) - Started o.e.j.w.WebAppContext@1a4083f6{/,file:///tmp/jetty-0.0.0.0-46460-hddsDatanode-_-any-4925839479600195632.dir/webapp/,AVAILABLE}{/hddsDatanode}
2019-09-25 05:50:40,343 [main] INFO  server.AbstractConnector (AbstractConnector.java:doStart(278)) - Started ServerConnector@23f5008a{HTTP/1.1,[http/1.1]}{0.0.0.0:46460}
2019-09-25 05:50:40,345 [main] INFO  server.Server (Server.java:doStart(419)) - Started @583183ms
2019-09-25 05:50:40,346 [main] WARN  impl.MetricsSystemImpl (MetricsSystemImpl.java:register(276)) - Sink prometheus already exists!
2019-09-25 05:50:40,364 [main] INFO  server.BaseHttpServer (BaseHttpServer.java:updateConnectorAddress(215)) - HTTP server of HDDSDATANODE is listening at http://0.0.0.0:46460
2019-09-25 05:50:40,365 [main] INFO  impl.MetricsSystemImpl (MetricsSystemImpl.java:init(158)) - HddsDatanode metrics system started (again)
2019-09-25 05:50:40,390 [org.apache.hadoop.util.JvmPauseMonitor$Monitor@71e93c4a] INFO  util.JvmPauseMonitor (JvmPauseMonitor.java:run(188)) - Starting JVM pause monitor
2019-09-25 05:50:40,391 [main] INFO  ozone.HddsDatanodeService (HddsDatanodeService.java:start(184)) - HddsDatanodeService host:pr-hdds-1569-s62bp-3040748787 ip:192.168.30.10
2019-09-25 05:50:40,392 [Datanode State Machine Thread - 0] INFO  datanode.InitDatanodeState (InitDatanodeState.java:persistContainerDatanodeDetails(140)) - DatanodeDetails is persisted to /workdir/hadoop-ozone/integration-test/target/test-dir/MiniOzoneClusterImpl-28dc08f8-08b8-4dfd-b771-8384b6a2d499/datanode-4/meta/datanode.id
2019-09-25 05:50:40,401 [main] INFO  volume.HddsVolume (HddsVolume.java:<init>(176)) - Creating Volume: /workdir/hadoop-ozone/integration-test/target/test-dir/MiniOzoneClusterImpl-28dc08f8-08b8-4dfd-b771-8384b6a2d499/datanode-5/data/containers/hdds of  storage type : DISK and capacity : 1482555576320
2019-09-25 05:50:40,402 [main] INFO  volume.VolumeSet (VolumeSet.java:initializeVolumeSet(170)) - Added Volume : /workdir/hadoop-ozone/integration-test/target/test-dir/MiniOzoneClusterImpl-28dc08f8-08b8-4dfd-b771-8384b6a2d499/datanode-5/data/containers/hdds to VolumeSet
2019-09-25 05:50:40,402 [main] INFO  volume.ThrottledAsyncChecker (ThrottledAsyncChecker.java:schedule(139)) - Scheduling a check for org.apache.hadoop.ozone.container.common.volume.HddsVolume@2cea921a
2019-09-25 05:50:40,403 [main] INFO  volume.HddsVolumeChecker (HddsVolumeChecker.java:checkAllVolumes(202)) - Scheduled health check for volume org.apache.hadoop.ozone.container.common.volume.HddsVolume@2cea921a
2019-09-25 05:50:40,418 [main] INFO  impl.RaftServerProxy (ConfUtils.java:logGet(43)) - raft.rpc.type = GRPC (default)
2019-09-25 05:50:40,419 [main] INFO  grpc.GrpcFactory (GrpcFactory.java:checkPooledByteBufAllocatorUseCacheForAllThreads(45)) - PERFORMANCE WARNING: useCacheForAllThreads is true that may cause Netty to create a lot garbage objects and, as a result, trigger GC.
	It is recommended to disable useCacheForAllThreads by setting -Dorg.apache.ratis.thirdparty.io.netty.allocator.useCacheForAllThreads=false in command line.
2019-09-25 05:50:40,419 [main] INFO  grpc.GrpcConfigKeys$Server (ConfUtils.java:logGet(43)) - raft.grpc.server.port = 0 (default)
2019-09-25 05:50:40,419 [main] INFO  server.GrpcService (ConfUtils.java:logGet(43)) - raft.grpc.message.size.max = 33570816 (custom)
2019-09-25 05:50:40,419 [main] INFO  server.RaftServerConfigKeys (ConfUtils.java:logGet(43)) - raft.server.log.appender.buffer.byte-limit = 33554432 (custom)
2019-09-25 05:50:40,420 [main] INFO  server.GrpcService (ConfUtils.java:logGet(43)) - raft.grpc.flow.control.window = 1MB (=1048576) (default)
2019-09-25 05:50:40,420 [main] INFO  server.RaftServerConfigKeys (ConfUtils.java:logGet(43)) - raft.server.rpc.request.timeout = 3000ms (default)
2019-09-25 05:50:40,420 [main] INFO  server.RaftServerConfigKeys (ConfUtils.java:logGet(43)) - raft.server.storage.dir = [/workdir/hadoop-ozone/integration-test/target/test-dir/MiniOzoneClusterImpl-28dc08f8-08b8-4dfd-b771-8384b6a2d499/datanode-5/data/ratis] (custom)
2019-09-25 05:50:40,422 [main] INFO  hdfs.DFSUtil (DFSUtil.java:httpServerTemplateForNNAndJN(1641)) - Starting Web-server for hddsDatanode at: http://0.0.0.0:0
2019-09-25 05:50:40,423 [main] INFO  server.AuthenticationFilter (AuthenticationFilter.java:constructSecretProvider(240)) - Unable to initialize FileSignerSecretProvider, falling back to use random secrets.
2019-09-25 05:50:40,424 [main] WARN  http.HttpRequestLog (HttpRequestLog.java:getRequestLog(97)) - Jetty request log can only be enabled using Log4j
2019-09-25 05:50:40,425 [main] INFO  http.HttpServer2 (HttpServer2.java:addGlobalFilter(975)) - Added global filter 'safety' (class=org.apache.hadoop.http.HttpServer2$QuotingInputFilter)
2019-09-25 05:50:40,425 [main] INFO  http.HttpServer2 (HttpServer2.java:addFilter(948)) - Added filter static_user_filter (class=org.apache.hadoop.http.lib.StaticUserWebFilter$StaticUserFilter) to context hddsDatanode
2019-09-25 05:50:40,426 [main] INFO  http.HttpServer2 (HttpServer2.java:addFilter(958)) - Added filter static_user_filter (class=org.apache.hadoop.http.lib.StaticUserWebFilter$StaticUserFilter) to context static
2019-09-25 05:50:40,426 [main] INFO  http.HttpServer2 (HttpServer2.java:addFilter(958)) - Added filter static_user_filter (class=org.apache.hadoop.http.lib.StaticUserWebFilter$StaticUserFilter) to context logs
2019-09-25 05:50:40,427 [main] INFO  http.HttpServer2 (HttpServer2.java:bindListener(1191)) - Jetty bound to port 40883
2019-09-25 05:50:40,427 [main] INFO  server.Server (Server.java:doStart(351)) - jetty-9.3.25.v20180904, build timestamp: 2018-09-04T21:11:46Z, git hash: 3ce520221d0240229c862b122d2b06c12a625732
2019-09-25 05:50:40,428 [main] INFO  handler.ContextHandler (ContextHandler.java:doStart(781)) - Started o.e.j.s.ServletContextHandler@7de5871d{/logs,file:///workdir/hadoop-ozone/integration-test/target/log,AVAILABLE}
2019-09-25 05:50:40,429 [main] INFO  handler.ContextHandler (ContextHandler.java:doStart(781)) - Started o.e.j.s.ServletContextHandler@4948daec{/static,jar:file:/home/user/.m2/repository/org/apache/hadoop/hadoop-hdds-container-service/0.5.0-SNAPSHOT/hadoop-hdds-container-service-0.5.0-SNAPSHOT.jar!/webapps/static,AVAILABLE}
2019-09-25 05:50:40,459 [main] INFO  handler.ContextHandler (ContextHandler.java:doStart(781)) - Started o.e.j.w.WebAppContext@8bc0696{/,file:///tmp/jetty-0.0.0.0-40883-hddsDatanode-_-any-3485939456052082604.dir/webapp/,AVAILABLE}{/hddsDatanode}
2019-09-25 05:50:40,459 [main] INFO  server.AbstractConnector (AbstractConnector.java:doStart(278)) - Started ServerConnector@473847fb{HTTP/1.1,[http/1.1]}{0.0.0.0:40883}
2019-09-25 05:50:40,462 [main] INFO  server.Server (Server.java:doStart(419)) - Started @583299ms
2019-09-25 05:50:40,462 [main] WARN  impl.MetricsSystemImpl (MetricsSystemImpl.java:register(276)) - Sink prometheus already exists!
2019-09-25 05:50:40,463 [main] INFO  server.BaseHttpServer (BaseHttpServer.java:updateConnectorAddress(215)) - HTTP server of HDDSDATANODE is listening at http://0.0.0.0:40883
2019-09-25 05:50:40,463 [main] INFO  impl.MetricsSystemImpl (MetricsSystemImpl.java:init(158)) - HddsDatanode metrics system started (again)
2019-09-25 05:50:40,481 [org.apache.hadoop.util.JvmPauseMonitor$Monitor@22132c4b] INFO  util.JvmPauseMonitor (JvmPauseMonitor.java:run(188)) - Starting JVM pause monitor
2019-09-25 05:50:40,482 [main] INFO  ozone.HddsDatanodeService (HddsDatanodeService.java:start(184)) - HddsDatanodeService host:pr-hdds-1569-s62bp-3040748787 ip:192.168.30.10
2019-09-25 05:50:40,482 [Datanode State Machine Thread - 0] INFO  datanode.InitDatanodeState (InitDatanodeState.java:persistContainerDatanodeDetails(140)) - DatanodeDetails is persisted to /workdir/hadoop-ozone/integration-test/target/test-dir/MiniOzoneClusterImpl-28dc08f8-08b8-4dfd-b771-8384b6a2d499/datanode-5/meta/datanode.id
2019-09-25 05:50:40,491 [main] INFO  volume.HddsVolume (HddsVolume.java:<init>(176)) - Creating Volume: /workdir/hadoop-ozone/integration-test/target/test-dir/MiniOzoneClusterImpl-28dc08f8-08b8-4dfd-b771-8384b6a2d499/datanode-6/data/containers/hdds of  storage type : DISK and capacity : 1482555576320
2019-09-25 05:50:40,491 [main] INFO  volume.VolumeSet (VolumeSet.java:initializeVolumeSet(170)) - Added Volume : /workdir/hadoop-ozone/integration-test/target/test-dir/MiniOzoneClusterImpl-28dc08f8-08b8-4dfd-b771-8384b6a2d499/datanode-6/data/containers/hdds to VolumeSet
2019-09-25 05:50:40,491 [main] INFO  volume.ThrottledAsyncChecker (ThrottledAsyncChecker.java:schedule(139)) - Scheduling a check for org.apache.hadoop.ozone.container.common.volume.HddsVolume@56d822dc
2019-09-25 05:50:40,492 [main] INFO  volume.HddsVolumeChecker (HddsVolumeChecker.java:checkAllVolumes(202)) - Scheduled health check for volume org.apache.hadoop.ozone.container.common.volume.HddsVolume@56d822dc
2019-09-25 05:50:40,508 [main] INFO  impl.RaftServerProxy (ConfUtils.java:logGet(43)) - raft.rpc.type = GRPC (default)
2019-09-25 05:50:40,508 [main] INFO  grpc.GrpcFactory (GrpcFactory.java:checkPooledByteBufAllocatorUseCacheForAllThreads(45)) - PERFORMANCE WARNING: useCacheForAllThreads is true that may cause Netty to create a lot garbage objects and, as a result, trigger GC.
	It is recommended to disable useCacheForAllThreads by setting -Dorg.apache.ratis.thirdparty.io.netty.allocator.useCacheForAllThreads=false in command line.
2019-09-25 05:50:40,508 [main] INFO  grpc.GrpcConfigKeys$Server (ConfUtils.java:logGet(43)) - raft.grpc.server.port = 0 (default)
2019-09-25 05:50:40,508 [main] INFO  server.GrpcService (ConfUtils.java:logGet(43)) - raft.grpc.message.size.max = 33570816 (custom)
2019-09-25 05:50:40,508 [main] INFO  server.RaftServerConfigKeys (ConfUtils.java:logGet(43)) - raft.server.log.appender.buffer.byte-limit = 33554432 (custom)
2019-09-25 05:50:40,509 [main] INFO  server.GrpcService (ConfUtils.java:logGet(43)) - raft.grpc.flow.control.window = 1MB (=1048576) (default)
2019-09-25 05:50:40,509 [main] INFO  server.RaftServerConfigKeys (ConfUtils.java:logGet(43)) - raft.server.rpc.request.timeout = 3000ms (default)
2019-09-25 05:50:40,509 [main] INFO  server.RaftServerConfigKeys (ConfUtils.java:logGet(43)) - raft.server.storage.dir = [/workdir/hadoop-ozone/integration-test/target/test-dir/MiniOzoneClusterImpl-28dc08f8-08b8-4dfd-b771-8384b6a2d499/datanode-6/data/ratis] (custom)
2019-09-25 05:50:40,510 [main] INFO  hdfs.DFSUtil (DFSUtil.java:httpServerTemplateForNNAndJN(1641)) - Starting Web-server for hddsDatanode at: http://0.0.0.0:0
2019-09-25 05:50:40,511 [main] INFO  server.AuthenticationFilter (AuthenticationFilter.java:constructSecretProvider(240)) - Unable to initialize FileSignerSecretProvider, falling back to use random secrets.
2019-09-25 05:50:40,512 [main] WARN  http.HttpRequestLog (HttpRequestLog.java:getRequestLog(97)) - Jetty request log can only be enabled using Log4j
2019-09-25 05:50:40,513 [main] INFO  http.HttpServer2 (HttpServer2.java:addGlobalFilter(975)) - Added global filter 'safety' (class=org.apache.hadoop.http.HttpServer2$QuotingInputFilter)
2019-09-25 05:50:40,513 [main] INFO  http.HttpServer2 (HttpServer2.java:addFilter(948)) - Added filter static_user_filter (class=org.apache.hadoop.http.lib.StaticUserWebFilter$StaticUserFilter) to context hddsDatanode
2019-09-25 05:50:40,513 [main] INFO  http.HttpServer2 (HttpServer2.java:addFilter(958)) - Added filter static_user_filter (class=org.apache.hadoop.http.lib.StaticUserWebFilter$StaticUserFilter) to context logs
2019-09-25 05:50:40,513 [main] INFO  http.HttpServer2 (HttpServer2.java:addFilter(958)) - Added filter static_user_filter (class=org.apache.hadoop.http.lib.StaticUserWebFilter$StaticUserFilter) to context static
2019-09-25 05:50:40,514 [main] INFO  http.HttpServer2 (HttpServer2.java:bindListener(1191)) - Jetty bound to port 39471
2019-09-25 05:50:40,514 [main] INFO  server.Server (Server.java:doStart(351)) - jetty-9.3.25.v20180904, build timestamp: 2018-09-04T21:11:46Z, git hash: 3ce520221d0240229c862b122d2b06c12a625732
2019-09-25 05:50:40,516 [main] INFO  handler.ContextHandler (ContextHandler.java:doStart(781)) - Started o.e.j.s.ServletContextHandler@b5de9ac{/logs,file:///workdir/hadoop-ozone/integration-test/target/log,AVAILABLE}
2019-09-25 05:50:40,516 [main] INFO  handler.ContextHandler (ContextHandler.java:doStart(781)) - Started o.e.j.s.ServletContextHandler@57bdceaa{/static,jar:file:/home/user/.m2/repository/org/apache/hadoop/hadoop-hdds-container-service/0.5.0-SNAPSHOT/hadoop-hdds-container-service-0.5.0-SNAPSHOT.jar!/webapps/static,AVAILABLE}
2019-09-25 05:50:40,543 [main] INFO  handler.ContextHandler (ContextHandler.java:doStart(781)) - Started o.e.j.w.WebAppContext@1d1c37d5{/,file:///tmp/jetty-0.0.0.0-39471-hddsDatanode-_-any-1272233239064234488.dir/webapp/,AVAILABLE}{/hddsDatanode}
2019-09-25 05:50:40,543 [main] INFO  server.AbstractConnector (AbstractConnector.java:doStart(278)) - Started ServerConnector@63553e9f{HTTP/1.1,[http/1.1]}{0.0.0.0:39471}
2019-09-25 05:50:40,543 [main] INFO  server.Server (Server.java:doStart(419)) - Started @583381ms
2019-09-25 05:50:40,546 [main] WARN  impl.MetricsSystemImpl (MetricsSystemImpl.java:register(276)) - Sink prometheus already exists!
2019-09-25 05:50:40,546 [main] INFO  server.BaseHttpServer (BaseHttpServer.java:updateConnectorAddress(215)) - HTTP server of HDDSDATANODE is listening at http://0.0.0.0:39471
2019-09-25 05:50:40,547 [main] INFO  ozone.MiniOzoneClusterImpl (MiniOzoneClusterImpl.java:lambda$waitForClusterToBeReady$0(147)) - Waiting for cluster to be ready. Got 0 of 7 DN Heartbeats.
2019-09-25 05:50:40,548 [org.apache.hadoop.util.JvmPauseMonitor$Monitor@51a45f51] INFO  util.JvmPauseMonitor (JvmPauseMonitor.java:run(188)) - Starting JVM pause monitor
2019-09-25 05:50:40,549 [Datanode State Machine Thread - 0] INFO  datanode.InitDatanodeState (InitDatanodeState.java:persistContainerDatanodeDetails(140)) - DatanodeDetails is persisted to /workdir/hadoop-ozone/integration-test/target/test-dir/MiniOzoneClusterImpl-28dc08f8-08b8-4dfd-b771-8384b6a2d499/datanode-6/meta/datanode.id
2019-09-25 05:50:41,547 [main] INFO  ozone.MiniOzoneClusterImpl (MiniOzoneClusterImpl.java:lambda$waitForClusterToBeReady$0(147)) - Waiting for cluster to be ready. Got 0 of 7 DN Heartbeats.
2019-09-25 05:50:42,015 [Datanode State Machine Thread - 0] INFO  ozoneimpl.OzoneContainer (OzoneContainer.java:start(217)) - Attempting to start container services.
2019-09-25 05:50:42,016 [Datanode State Machine Thread - 0] INFO  ozoneimpl.OzoneContainer (OzoneContainer.java:startContainerScrub(179)) - Background container scanner has been disabled.
2019-09-25 05:50:42,016 [Datanode State Machine Thread - 0] INFO  ratis.XceiverServerRatis (XceiverServerRatis.java:start(411)) - Starting XceiverServerRatis 49655598-56f4-41c4-a924-b5d2880a3f2f at port 0
2019-09-25 05:50:42,024 [Datanode State Machine Thread - 0] INFO  impl.RaftServerProxy (RaftServerProxy.java:lambda$start$3(299)) - 49655598-56f4-41c4-a924-b5d2880a3f2f: start RPC server
2019-09-25 05:50:42,026 [Datanode State Machine Thread - 0] INFO  server.GrpcService (GrpcService.java:startImpl(158)) - 49655598-56f4-41c4-a924-b5d2880a3f2f: GrpcService started, listening on 0.0.0.0/0.0.0.0:40919
2019-09-25 05:50:42,026 [Datanode State Machine Thread - 0] INFO  ratis.XceiverServerRatis (XceiverServerRatis.java:start(421)) - XceiverServerRatis 49655598-56f4-41c4-a924-b5d2880a3f2f is started using port 40919
2019-09-25 05:50:42,027 [Datanode State Machine Thread - 0] INFO  server.XceiverServerGrpc (XceiverServerGrpc.java:start(149)) - XceiverServerGrpc 49655598-56f4-41c4-a924-b5d2880a3f2f is started using port 45056
2019-09-25 05:50:42,099 [Datanode State Machine Thread - 0] INFO  ozoneimpl.OzoneContainer (OzoneContainer.java:start(217)) - Attempting to start container services.
2019-09-25 05:50:42,099 [Datanode State Machine Thread - 0] INFO  ozoneimpl.OzoneContainer (OzoneContainer.java:startContainerScrub(179)) - Background container scanner has been disabled.
2019-09-25 05:50:42,099 [Datanode State Machine Thread - 0] INFO  ratis.XceiverServerRatis (XceiverServerRatis.java:start(411)) - Starting XceiverServerRatis 60b026ab-fadd-426f-9b92-f2e4bcc7c7ff at port 0
2019-09-25 05:50:42,107 [Datanode State Machine Thread - 0] INFO  impl.RaftServerProxy (RaftServerProxy.java:lambda$start$3(299)) - 60b026ab-fadd-426f-9b92-f2e4bcc7c7ff: start RPC server
2019-09-25 05:50:42,108 [Datanode State Machine Thread - 0] INFO  server.GrpcService (GrpcService.java:startImpl(158)) - 60b026ab-fadd-426f-9b92-f2e4bcc7c7ff: GrpcService started, listening on 0.0.0.0/0.0.0.0:33176
2019-09-25 05:50:42,108 [Datanode State Machine Thread - 0] INFO  ratis.XceiverServerRatis (XceiverServerRatis.java:start(421)) - XceiverServerRatis 60b026ab-fadd-426f-9b92-f2e4bcc7c7ff is started using port 33176
2019-09-25 05:50:42,112 [Datanode State Machine Thread - 0] INFO  server.XceiverServerGrpc (XceiverServerGrpc.java:start(149)) - XceiverServerGrpc 60b026ab-fadd-426f-9b92-f2e4bcc7c7ff is started using port 41948
2019-09-25 05:50:42,161 [Datanode State Machine Thread - 0] INFO  ozoneimpl.OzoneContainer (OzoneContainer.java:start(217)) - Attempting to start container services.
2019-09-25 05:50:42,161 [Datanode State Machine Thread - 0] INFO  ozoneimpl.OzoneContainer (OzoneContainer.java:startContainerScrub(179)) - Background container scanner has been disabled.
2019-09-25 05:50:42,162 [Datanode State Machine Thread - 0] INFO  ratis.XceiverServerRatis (XceiverServerRatis.java:start(411)) - Starting XceiverServerRatis 998f0c91-f727-4973-bd37-e1a81f390f6c at port 0
2019-09-25 05:50:42,170 [Datanode State Machine Thread - 0] INFO  impl.RaftServerProxy (RaftServerProxy.java:lambda$start$3(299)) - 998f0c91-f727-4973-bd37-e1a81f390f6c: start RPC server
2019-09-25 05:50:42,171 [Datanode State Machine Thread - 0] INFO  server.GrpcService (GrpcService.java:startImpl(158)) - 998f0c91-f727-4973-bd37-e1a81f390f6c: GrpcService started, listening on 0.0.0.0/0.0.0.0:43497
2019-09-25 05:50:42,171 [Datanode State Machine Thread - 0] INFO  ratis.XceiverServerRatis (XceiverServerRatis.java:start(421)) - XceiverServerRatis 998f0c91-f727-4973-bd37-e1a81f390f6c is started using port 43497
2019-09-25 05:50:42,171 [Datanode State Machine Thread - 0] INFO  server.XceiverServerGrpc (XceiverServerGrpc.java:start(149)) - XceiverServerGrpc 998f0c91-f727-4973-bd37-e1a81f390f6c is started using port 36130
2019-09-25 05:50:42,276 [Datanode State Machine Thread - 0] INFO  ozoneimpl.OzoneContainer (OzoneContainer.java:start(217)) - Attempting to start container services.
2019-09-25 05:50:42,276 [Datanode State Machine Thread - 0] INFO  ozoneimpl.OzoneContainer (OzoneContainer.java:startContainerScrub(179)) - Background container scanner has been disabled.
2019-09-25 05:50:42,276 [Datanode State Machine Thread - 0] INFO  ratis.XceiverServerRatis (XceiverServerRatis.java:start(411)) - Starting XceiverServerRatis ddf6e088-733e-4b9a-8ca4-5a6f511d9b5a at port 0
2019-09-25 05:50:42,284 [Datanode State Machine Thread - 0] INFO  impl.RaftServerProxy (RaftServerProxy.java:lambda$start$3(299)) - ddf6e088-733e-4b9a-8ca4-5a6f511d9b5a: start RPC server
2019-09-25 05:50:42,284 [Datanode State Machine Thread - 0] INFO  server.GrpcService (GrpcService.java:startImpl(158)) - ddf6e088-733e-4b9a-8ca4-5a6f511d9b5a: GrpcService started, listening on 0.0.0.0/0.0.0.0:39166
2019-09-25 05:50:42,285 [Datanode State Machine Thread - 0] INFO  ratis.XceiverServerRatis (XceiverServerRatis.java:start(421)) - XceiverServerRatis ddf6e088-733e-4b9a-8ca4-5a6f511d9b5a is started using port 39166
2019-09-25 05:50:42,285 [Datanode State Machine Thread - 0] INFO  server.XceiverServerGrpc (XceiverServerGrpc.java:start(149)) - XceiverServerGrpc ddf6e088-733e-4b9a-8ca4-5a6f511d9b5a is started using port 36078
2019-09-25 05:50:42,416 [Datanode State Machine Thread - 0] INFO  ozoneimpl.OzoneContainer (OzoneContainer.java:start(217)) - Attempting to start container services.
2019-09-25 05:50:42,416 [Datanode State Machine Thread - 0] INFO  ozoneimpl.OzoneContainer (OzoneContainer.java:startContainerScrub(179)) - Background container scanner has been disabled.
2019-09-25 05:50:42,416 [Datanode State Machine Thread - 0] INFO  ratis.XceiverServerRatis (XceiverServerRatis.java:start(411)) - Starting XceiverServerRatis 048cd757-ac0b-449d-96b7-2f2a98d02798 at port 0
2019-09-25 05:50:42,424 [Datanode State Machine Thread - 0] INFO  impl.RaftServerProxy (RaftServerProxy.java:lambda$start$3(299)) - 048cd757-ac0b-449d-96b7-2f2a98d02798: start RPC server
2019-09-25 05:50:42,425 [Datanode State Machine Thread - 0] INFO  server.GrpcService (GrpcService.java:startImpl(158)) - 048cd757-ac0b-449d-96b7-2f2a98d02798: GrpcService started, listening on 0.0.0.0/0.0.0.0:45339
2019-09-25 05:50:42,425 [Datanode State Machine Thread - 0] INFO  ratis.XceiverServerRatis (XceiverServerRatis.java:start(421)) - XceiverServerRatis 048cd757-ac0b-449d-96b7-2f2a98d02798 is started using port 45339
2019-09-25 05:50:42,425 [Datanode State Machine Thread - 0] INFO  server.XceiverServerGrpc (XceiverServerGrpc.java:start(149)) - XceiverServerGrpc 048cd757-ac0b-449d-96b7-2f2a98d02798 is started using port 35474
2019-09-25 05:50:42,496 [Datanode State Machine Thread - 0] INFO  ozoneimpl.OzoneContainer (OzoneContainer.java:start(217)) - Attempting to start container services.
2019-09-25 05:50:42,497 [Datanode State Machine Thread - 0] INFO  ozoneimpl.OzoneContainer (OzoneContainer.java:startContainerScrub(179)) - Background container scanner has been disabled.
2019-09-25 05:50:42,497 [Datanode State Machine Thread - 0] INFO  ratis.XceiverServerRatis (XceiverServerRatis.java:start(411)) - Starting XceiverServerRatis 8aaa6fc6-f7fb-4882-accc-fabfb9faa78a at port 0
2019-09-25 05:50:42,504 [Datanode State Machine Thread - 0] INFO  impl.RaftServerProxy (RaftServerProxy.java:lambda$start$3(299)) - 8aaa6fc6-f7fb-4882-accc-fabfb9faa78a: start RPC server
2019-09-25 05:50:42,509 [Datanode State Machine Thread - 0] INFO  server.GrpcService (GrpcService.java:startImpl(158)) - 8aaa6fc6-f7fb-4882-accc-fabfb9faa78a: GrpcService started, listening on 0.0.0.0/0.0.0.0:36169
2019-09-25 05:50:42,509 [Datanode State Machine Thread - 0] INFO  ratis.XceiverServerRatis (XceiverServerRatis.java:start(421)) - XceiverServerRatis 8aaa6fc6-f7fb-4882-accc-fabfb9faa78a is started using port 36169
2019-09-25 05:50:42,510 [Datanode State Machine Thread - 0] INFO  server.XceiverServerGrpc (XceiverServerGrpc.java:start(149)) - XceiverServerGrpc 8aaa6fc6-f7fb-4882-accc-fabfb9faa78a is started using port 43876
2019-09-25 05:50:42,548 [main] INFO  ozone.MiniOzoneClusterImpl (MiniOzoneClusterImpl.java:lambda$waitForClusterToBeReady$0(147)) - Waiting for cluster to be ready. Got 0 of 7 DN Heartbeats.
2019-09-25 05:50:42,575 [Datanode State Machine Thread - 0] INFO  ozoneimpl.OzoneContainer (OzoneContainer.java:start(217)) - Attempting to start container services.
2019-09-25 05:50:42,575 [Datanode State Machine Thread - 0] INFO  ozoneimpl.OzoneContainer (OzoneContainer.java:startContainerScrub(179)) - Background container scanner has been disabled.
2019-09-25 05:50:42,575 [Datanode State Machine Thread - 0] INFO  ratis.XceiverServerRatis (XceiverServerRatis.java:start(411)) - Starting XceiverServerRatis 91378772-90ea-4250-835f-6b2053232693 at port 0
2019-09-25 05:50:42,583 [Datanode State Machine Thread - 0] INFO  impl.RaftServerProxy (RaftServerProxy.java:lambda$start$3(299)) - 91378772-90ea-4250-835f-6b2053232693: start RPC server
2019-09-25 05:50:42,584 [Datanode State Machine Thread - 0] INFO  server.GrpcService (GrpcService.java:startImpl(158)) - 91378772-90ea-4250-835f-6b2053232693: GrpcService started, listening on 0.0.0.0/0.0.0.0:42685
2019-09-25 05:50:42,584 [Datanode State Machine Thread - 0] INFO  ratis.XceiverServerRatis (XceiverServerRatis.java:start(421)) - XceiverServerRatis 91378772-90ea-4250-835f-6b2053232693 is started using port 42685
2019-09-25 05:50:42,585 [Datanode State Machine Thread - 0] INFO  server.XceiverServerGrpc (XceiverServerGrpc.java:start(149)) - XceiverServerGrpc 91378772-90ea-4250-835f-6b2053232693 is started using port 35136
2019-09-25 05:50:43,548 [main] INFO  ozone.MiniOzoneClusterImpl (MiniOzoneClusterImpl.java:lambda$waitForClusterToBeReady$0(147)) - Waiting for cluster to be ready. Got 0 of 7 DN Heartbeats.
2019-09-25 05:50:43,999 [IPC Server handler 3 on 39817] INFO  net.NetworkTopology (NetworkTopologyImpl.java:add(111)) - Added a new node: /default-rack/49655598-56f4-41c4-a924-b5d2880a3f2f
2019-09-25 05:50:44,004 [IPC Server handler 3 on 39817] INFO  node.SCMNodeManager (SCMNodeManager.java:register(266)) - Registered Data node : 49655598-56f4-41c4-a924-b5d2880a3f2f{ip: 192.168.30.10, host: pr-hdds-1569-s62bp-3040748787, networkLocation: /default-rack, certSerialId: null}
2019-09-25 05:50:44,005 [EventQueue-NodeRegistrationContainerReportForDataNodeSafeModeRule] INFO  safemode.SCMSafeModeManager (DataNodeSafeModeRule.java:process(71)) - SCM in safe mode. 1 DataNodes registered, 1 required.
2019-09-25 05:50:44,009 [EventQueue-NodeRegistrationContainerReportForContainerSafeModeRule] INFO  safemode.SCMSafeModeManager (SCMSafeModeManager.java:validateSafeModeExitRules(177)) - ScmSafeModeManager, all rules are successfully validated
2019-09-25 05:50:44,009 [EventQueue-NodeRegistrationContainerReportForContainerSafeModeRule] INFO  safemode.SCMSafeModeManager (SCMSafeModeManager.java:exitSafeMode(193)) - SCM exiting safe mode.
2019-09-25 05:50:44,019 [grpc-default-executor-0] INFO  impl.RaftServerProxy (RaftServerProxy.java:addNew(89)) - 49655598-56f4-41c4-a924-b5d2880a3f2f: addNew group-879A36D65B4E:[49655598-56f4-41c4-a924-b5d2880a3f2f:192.168.30.10:40919] returns group-879A36D65B4E:java.util.concurrent.CompletableFuture@12332d45[Not completed]
2019-09-25 05:50:44,020 [pool-585-thread-1] INFO  impl.RaftServerImpl (RaftServerImpl.java:<init>(95)) - 49655598-56f4-41c4-a924-b5d2880a3f2f: new RaftServerImpl for group-879A36D65B4E:[49655598-56f4-41c4-a924-b5d2880a3f2f:192.168.30.10:40919] with ContainerStateMachine:uninitialized
2019-09-25 05:50:44,020 [pool-585-thread-1] INFO  server.RaftServerConfigKeys (ConfUtils.java:logGet(43)) - raft.server.rpc.timeout.min = 5s (custom)
2019-09-25 05:50:44,021 [pool-585-thread-1] INFO  server.RaftServerConfigKeys (ConfUtils.java:logGet(43)) - raft.server.rpc.timeout.max = 5200ms (custom)
2019-09-25 05:50:44,021 [pool-585-thread-1] INFO  server.RaftServerConfigKeys (ConfUtils.java:logGet(43)) - raft.server.rpcslowness.timeout = 120s (custom)
2019-09-25 05:50:44,021 [pool-585-thread-1] INFO  server.RaftServerConfigKeys (ConfUtils.java:logGet(43)) - raft.server.sleep.deviation.threshold = 300 (default)
2019-09-25 05:50:44,021 [pool-585-thread-1] INFO  server.RaftServerConfigKeys (ConfUtils.java:logGet(43)) - raft.server.log.appender.install.snapshot.enabled = false (custom)
2019-09-25 05:50:44,021 [pool-585-thread-1] INFO  impl.RaftServerImpl (ServerState.java:<init>(103)) - 49655598-56f4-41c4-a924-b5d2880a3f2f@group-879A36D65B4E: ConfigurationManager, init=-1: [49655598-56f4-41c4-a924-b5d2880a3f2f:192.168.30.10:40919], old=null, confs=<EMPTY_MAP>
2019-09-25 05:50:44,021 [pool-585-thread-1] INFO  server.RaftServerConfigKeys (ConfUtils.java:logGet(43)) - raft.server.storage.dir = [/workdir/hadoop-ozone/integration-test/target/test-dir/MiniOzoneClusterImpl-28dc08f8-08b8-4dfd-b771-8384b6a2d499/datanode-0/data/ratis] (custom)
2019-09-25 05:50:44,022 [pool-585-thread-1] INFO  storage.RaftStorageDirectory (RaftStorageDirectory.java:analyzeStorage(246)) - The storage directory /workdir/hadoop-ozone/integration-test/target/test-dir/MiniOzoneClusterImpl-28dc08f8-08b8-4dfd-b771-8384b6a2d499/datanode-0/data/ratis/a157503b-b7a8-462a-b33c-879a36d65b4e does not exist. Creating ...
2019-09-25 05:50:44,035 [pool-585-thread-1] INFO  storage.RaftStorageDirectory (RaftStorageDirectory.java:tryLock(328)) - Lock on /workdir/hadoop-ozone/integration-test/target/test-dir/MiniOzoneClusterImpl-28dc08f8-08b8-4dfd-b771-8384b6a2d499/datanode-0/data/ratis/a157503b-b7a8-462a-b33c-879a36d65b4e/in_use.lock acquired by nodename 13539@pr-hdds-1569-s62bp-3040748787
2019-09-25 05:50:44,058 [pool-585-thread-1] INFO  storage.RaftStorage (RaftStorage.java:format(72)) - Storage directory /workdir/hadoop-ozone/integration-test/target/test-dir/MiniOzoneClusterImpl-28dc08f8-08b8-4dfd-b771-8384b6a2d499/datanode-0/data/ratis/a157503b-b7a8-462a-b33c-879a36d65b4e has been successfully formatted.
2019-09-25 05:50:44,059 [pool-585-thread-1] INFO  ratis.ContainerStateMachine (ContainerStateMachine.java:loadSnapshot(230)) - group-879A36D65B4E: The snapshot info is null. Setting the last applied indexto:(t:0, i:~)
2019-09-25 05:50:44,059 [pool-585-thread-1] INFO  server.RaftServerConfigKeys (ConfUtils.java:logGet(43)) - raft.server.notification.no-leader.timeout = 120s (custom)
2019-09-25 05:50:44,059 [pool-585-thread-1] INFO  server.RaftServerConfigKeys (ConfUtils.java:logGet(43)) - raft.server.log.use.memory = false (default)
2019-09-25 05:50:44,059 [pool-585-thread-1] INFO  server.RaftServerConfigKeys (ConfUtils.java:logGet(43)) - raft.server.log.purge.gap = 1000000 (custom)
2019-09-25 05:50:44,060 [pool-585-thread-1] INFO  server.RaftServerConfigKeys (ConfUtils.java:logGet(43)) - raft.server.log.appender.buffer.byte-limit = 33554432 (custom)
2019-09-25 05:50:44,060 [pool-585-thread-1] INFO  server.RaftServerConfigKeys (ConfUtils.java:logGet(43)) - raft.server.log.segment.size.max = 1048576 (custom)
2019-09-25 05:50:44,060 [pool-585-thread-1] INFO  server.RaftServerConfigKeys (ConfUtils.java:logGet(43)) - raft.server.log.segment.cache.num.max = 2 (custom)
2019-09-25 05:50:44,060 [pool-585-thread-1] INFO  segmented.SegmentedRaftLogWorker (SegmentedRaftLogWorker.java:<init>(172)) - new 49655598-56f4-41c4-a924-b5d2880a3f2f@group-879A36D65B4E-SegmentedRaftLogWorker for RaftStorage:Storage Directory /workdir/hadoop-ozone/integration-test/target/test-dir/MiniOzoneClusterImpl-28dc08f8-08b8-4dfd-b771-8384b6a2d499/datanode-0/data/ratis/a157503b-b7a8-462a-b33c-879a36d65b4e
2019-09-25 05:50:44,062 [pool-585-thread-1] INFO  server.RaftServerConfigKeys (ConfUtils.java:logGet(43)) - raft.server.log.queue.byte-limit = 2147483647 (custom)
2019-09-25 05:50:44,062 [pool-585-thread-1] INFO  server.RaftServerConfigKeys (ConfUtils.java:logGet(43)) - raft.server.log.queue.element-limit = 1024 (custom)
2019-09-25 05:50:44,062 [pool-585-thread-1] INFO  server.RaftServerConfigKeys (ConfUtils.java:logGet(43)) - raft.server.log.segment.size.max = 1048576 (custom)
2019-09-25 05:50:44,063 [pool-585-thread-1] INFO  server.RaftServerConfigKeys (ConfUtils.java:logGet(43)) - raft.server.log.preallocated.size = 16384 (custom)
2019-09-25 05:50:44,063 [pool-585-thread-1] INFO  server.RaftServerConfigKeys (ConfUtils.java:logGet(43)) - raft.server.log.write.buffer.size = 33554432 (custom)
2019-09-25 05:50:44,063 [pool-585-thread-1] INFO  server.RaftServerConfigKeys (ConfUtils.java:logGet(43)) - raft.server.log.force.sync.num = 128 (default)
2019-09-25 05:50:44,063 [pool-585-thread-1] INFO  server.RaftServerConfigKeys (ConfUtils.java:logGet(43)) - raft.server.log.statemachine.data.sync = true (default)
2019-09-25 05:50:44,063 [pool-585-thread-1] INFO  server.RaftServerConfigKeys (ConfUtils.java:logGet(43)) - raft.server.log.statemachine.data.sync.timeout = 10s (default)
2019-09-25 05:50:44,063 [pool-585-thread-1] INFO  server.RaftServerConfigKeys (ConfUtils.java:logGet(43)) - raft.server.log.statemachine.data.sync.timeout.retry = -1 (default)
2019-09-25 05:50:44,064 [pool-585-thread-1] INFO  server.RaftServerConfigKeys (ConfUtils.java:logGet(43)) - raft.server.log.statemachine.data.caching.enabled = true (custom)
2019-09-25 05:50:44,064 [pool-585-thread-1] INFO  segmented.SegmentedRaftLogWorker (SegmentedRaftLogWorker.java:lambda$new$0(132)) - 49655598-56f4-41c4-a924-b5d2880a3f2f@group-879A36D65B4E-SegmentedRaftLogWorker: flushIndex: setUnconditionally 0 -> -1
2019-09-25 05:50:44,064 [pool-585-thread-1] INFO  server.RaftServerConfigKeys (ConfUtils.java:logGet(43)) - raft.server.snapshot.auto.trigger.enabled = true (custom)
2019-09-25 05:50:44,065 [pool-585-thread-1] INFO  server.RaftServerConfigKeys (ConfUtils.java:logGet(43)) - raft.server.snapshot.auto.trigger.threshold = 10000 (custom)
2019-09-25 05:50:44,065 [pool-585-thread-1] INFO  server.RaftServerConfigKeys (ConfUtils.java:logGet(43)) - raft.server.snapshot.retention.num.files = 5 (custom)
2019-09-25 05:50:44,065 [pool-585-thread-1] INFO  server.RaftServerConfigKeys (ConfUtils.java:logGet(43)) - raft.server.retrycache.expirytime = 600000ms (custom)
2019-09-25 05:50:44,067 [pool-585-thread-1] INFO  impl.RaftServerImpl (RaftServerImpl.java:start(185)) - 49655598-56f4-41c4-a924-b5d2880a3f2f@group-879A36D65B4E: start as a follower, conf=-1: [49655598-56f4-41c4-a924-b5d2880a3f2f:192.168.30.10:40919], old=null
2019-09-25 05:50:44,067 [pool-585-thread-1] INFO  impl.RaftServerImpl (RaftServerImpl.java:setRole(174)) - 49655598-56f4-41c4-a924-b5d2880a3f2f@group-879A36D65B4E: changes role from      null to FOLLOWER at term 0 for startAsFollower
2019-09-25 05:50:44,067 [pool-585-thread-1] INFO  impl.RoleInfo (RoleInfo.java:updateAndGet(143)) - 49655598-56f4-41c4-a924-b5d2880a3f2f: start FollowerState
2019-09-25 05:50:44,068 [pool-585-thread-1] INFO  util.JmxRegister (JmxRegister.java:tryRegister(44)) - Successfully registered JMX Bean with object name Ratis:service=RaftServer,group=group-879A36D65B4E,id=49655598-56f4-41c4-a924-b5d2880a3f2f
2019-09-25 05:50:44,070 [RatisPipelineUtilsThread] INFO  pipeline.PipelineStateManager (PipelineStateManager.java:addPipeline(56)) - Created pipeline Pipeline[ Id: a157503b-b7a8-462a-b33c-879a36d65b4e, Nodes: 49655598-56f4-41c4-a924-b5d2880a3f2f{ip: 192.168.30.10, host: pr-hdds-1569-s62bp-3040748787, networkLocation: /default-rack, certSerialId: null}, Type:RATIS, Factor:ONE, State:OPEN]
2019-09-25 05:50:44,071 [IPC Server handler 4 on 39817] INFO  net.NetworkTopology (NetworkTopologyImpl.java:add(111)) - Added a new node: /default-rack/60b026ab-fadd-426f-9b92-f2e4bcc7c7ff
2019-09-25 05:50:44,072 [IPC Server handler 4 on 39817] INFO  node.SCMNodeManager (SCMNodeManager.java:register(266)) - Registered Data node : 60b026ab-fadd-426f-9b92-f2e4bcc7c7ff{ip: 192.168.30.10, host: pr-hdds-1569-s62bp-3040748787, networkLocation: /default-rack, certSerialId: null}
2019-09-25 05:50:44,074 [grpc-default-executor-0] INFO  impl.RaftServerProxy (RaftServerProxy.java:addNew(89)) - 49655598-56f4-41c4-a924-b5d2880a3f2f: addNew group-169E900C0B66:[49655598-56f4-41c4-a924-b5d2880a3f2f:192.168.30.10:40919] returns group-169E900C0B66:java.util.concurrent.CompletableFuture@1a5988c[Not completed]
2019-09-25 05:50:44,075 [pool-585-thread-1] INFO  impl.RaftServerImpl (RaftServerImpl.java:<init>(95)) - 49655598-56f4-41c4-a924-b5d2880a3f2f: new RaftServerImpl for group-169E900C0B66:[49655598-56f4-41c4-a924-b5d2880a3f2f:192.168.30.10:40919] with ContainerStateMachine:uninitialized
2019-09-25 05:50:44,075 [pool-585-thread-1] INFO  server.RaftServerConfigKeys (ConfUtils.java:logGet(43)) - raft.server.rpc.timeout.min = 5s (custom)
2019-09-25 05:50:44,075 [pool-585-thread-1] INFO  server.RaftServerConfigKeys (ConfUtils.java:logGet(43)) - raft.server.rpc.timeout.max = 5200ms (custom)
2019-09-25 05:50:44,075 [pool-585-thread-1] INFO  server.RaftServerConfigKeys (ConfUtils.java:logGet(43)) - raft.server.rpcslowness.timeout = 120s (custom)
2019-09-25 05:50:44,075 [pool-585-thread-1] INFO  server.RaftServerConfigKeys (ConfUtils.java:logGet(43)) - raft.server.sleep.deviation.threshold = 300 (default)
2019-09-25 05:50:44,075 [pool-585-thread-1] INFO  server.RaftServerConfigKeys (ConfUtils.java:logGet(43)) - raft.server.log.appender.install.snapshot.enabled = false (custom)
2019-09-25 05:50:44,075 [pool-585-thread-1] INFO  impl.RaftServerImpl (ServerState.java:<init>(103)) - 49655598-56f4-41c4-a924-b5d2880a3f2f@group-169E900C0B66: ConfigurationManager, init=-1: [49655598-56f4-41c4-a924-b5d2880a3f2f:192.168.30.10:40919], old=null, confs=<EMPTY_MAP>
2019-09-25 05:50:44,076 [pool-585-thread-1] INFO  server.RaftServerConfigKeys (ConfUtils.java:logGet(43)) - raft.server.storage.dir = [/workdir/hadoop-ozone/integration-test/target/test-dir/MiniOzoneClusterImpl-28dc08f8-08b8-4dfd-b771-8384b6a2d499/datanode-0/data/ratis] (custom)
2019-09-25 05:50:44,076 [pool-585-thread-1] INFO  storage.RaftStorageDirectory (RaftStorageDirectory.java:analyzeStorage(246)) - The storage directory /workdir/hadoop-ozone/integration-test/target/test-dir/MiniOzoneClusterImpl-28dc08f8-08b8-4dfd-b771-8384b6a2d499/datanode-0/data/ratis/832c8fca-d212-4076-ba20-169e900c0b66 does not exist. Creating ...
2019-09-25 05:50:44,089 [pool-585-thread-1] INFO  storage.RaftStorageDirectory (RaftStorageDirectory.java:tryLock(328)) - Lock on /workdir/hadoop-ozone/integration-test/target/test-dir/MiniOzoneClusterImpl-28dc08f8-08b8-4dfd-b771-8384b6a2d499/datanode-0/data/ratis/832c8fca-d212-4076-ba20-169e900c0b66/in_use.lock acquired by nodename 13539@pr-hdds-1569-s62bp-3040748787
2019-09-25 05:50:44,102 [pool-585-thread-1] INFO  storage.RaftStorage (RaftStorage.java:format(72)) - Storage directory /workdir/hadoop-ozone/integration-test/target/test-dir/MiniOzoneClusterImpl-28dc08f8-08b8-4dfd-b771-8384b6a2d499/datanode-0/data/ratis/832c8fca-d212-4076-ba20-169e900c0b66 has been successfully formatted.
2019-09-25 05:50:44,102 [pool-585-thread-1] INFO  ratis.ContainerStateMachine (ContainerStateMachine.java:loadSnapshot(230)) - group-169E900C0B66: The snapshot info is null. Setting the last applied indexto:(t:0, i:~)
2019-09-25 05:50:44,102 [pool-585-thread-1] INFO  server.RaftServerConfigKeys (ConfUtils.java:logGet(43)) - raft.server.notification.no-leader.timeout = 120s (custom)
2019-09-25 05:50:44,102 [pool-585-thread-1] INFO  server.RaftServerConfigKeys (ConfUtils.java:logGet(43)) - raft.server.log.use.memory = false (default)
2019-09-25 05:50:44,102 [pool-585-thread-1] INFO  server.RaftServerConfigKeys (ConfUtils.java:logGet(43)) - raft.server.log.purge.gap = 1000000 (custom)
2019-09-25 05:50:44,103 [pool-585-thread-1] INFO  server.RaftServerConfigKeys (ConfUtils.java:logGet(43)) - raft.server.log.appender.buffer.byte-limit = 33554432 (custom)
2019-09-25 05:50:44,103 [pool-585-thread-1] INFO  server.RaftServerConfigKeys (ConfUtils.java:logGet(43)) - raft.server.log.segment.size.max = 1048576 (custom)
2019-09-25 05:50:44,103 [pool-585-thread-1] INFO  server.RaftServerConfigKeys (ConfUtils.java:logGet(43)) - raft.server.log.segment.cache.num.max = 2 (custom)
2019-09-25 05:50:44,103 [pool-585-thread-1] INFO  segmented.SegmentedRaftLogWorker (SegmentedRaftLogWorker.java:<init>(172)) - new 49655598-56f4-41c4-a924-b5d2880a3f2f@group-169E900C0B66-SegmentedRaftLogWorker for RaftStorage:Storage Directory /workdir/hadoop-ozone/integration-test/target/test-dir/MiniOzoneClusterImpl-28dc08f8-08b8-4dfd-b771-8384b6a2d499/datanode-0/data/ratis/832c8fca-d212-4076-ba20-169e900c0b66
2019-09-25 05:50:44,103 [pool-585-thread-1] INFO  server.RaftServerConfigKeys (ConfUtils.java:logGet(43)) - raft.server.log.queue.byte-limit = 2147483647 (custom)
2019-09-25 05:50:44,103 [pool-585-thread-1] INFO  server.RaftServerConfigKeys (ConfUtils.java:logGet(43)) - raft.server.log.queue.element-limit = 1024 (custom)
2019-09-25 05:50:44,103 [pool-585-thread-1] INFO  server.RaftServerConfigKeys (ConfUtils.java:logGet(43)) - raft.server.log.segment.size.max = 1048576 (custom)
2019-09-25 05:50:44,104 [pool-585-thread-1] INFO  server.RaftServerConfigKeys (ConfUtils.java:logGet(43)) - raft.server.log.preallocated.size = 16384 (custom)
2019-09-25 05:50:44,104 [pool-585-thread-1] INFO  server.RaftServerConfigKeys (ConfUtils.java:logGet(43)) - raft.server.log.write.buffer.size = 33554432 (custom)
2019-09-25 05:50:44,104 [pool-585-thread-1] INFO  server.RaftServerConfigKeys (ConfUtils.java:logGet(43)) - raft.server.log.force.sync.num = 128 (default)
2019-09-25 05:50:44,104 [pool-585-thread-1] INFO  server.RaftServerConfigKeys (ConfUtils.java:logGet(43)) - raft.server.log.statemachine.data.sync = true (default)
2019-09-25 05:50:44,104 [pool-585-thread-1] INFO  server.RaftServerConfigKeys (ConfUtils.java:logGet(43)) - raft.server.log.statemachine.data.sync.timeout = 10s (default)
2019-09-25 05:50:44,104 [pool-585-thread-1] INFO  server.RaftServerConfigKeys (ConfUtils.java:logGet(43)) - raft.server.log.statemachine.data.sync.timeout.retry = -1 (default)
2019-09-25 05:50:44,104 [pool-585-thread-1] INFO  server.RaftServerConfigKeys (ConfUtils.java:logGet(43)) - raft.server.log.statemachine.data.caching.enabled = true (custom)
2019-09-25 05:50:44,105 [pool-585-thread-1] INFO  segmented.SegmentedRaftLogWorker (SegmentedRaftLogWorker.java:lambda$new$0(132)) - 49655598-56f4-41c4-a924-b5d2880a3f2f@group-169E900C0B66-SegmentedRaftLogWorker: flushIndex: setUnconditionally 0 -> -1
2019-09-25 05:50:44,105 [pool-585-thread-1] INFO  server.RaftServerConfigKeys (ConfUtils.java:logGet(43)) - raft.server.snapshot.auto.trigger.enabled = true (custom)
2019-09-25 05:50:44,105 [pool-585-thread-1] INFO  server.RaftServerConfigKeys (ConfUtils.java:logGet(43)) - raft.server.snapshot.auto.trigger.threshold = 10000 (custom)
2019-09-25 05:50:44,105 [pool-585-thread-1] INFO  server.RaftServerConfigKeys (ConfUtils.java:logGet(43)) - raft.server.snapshot.retention.num.files = 5 (custom)
2019-09-25 05:50:44,105 [pool-585-thread-1] INFO  server.RaftServerConfigKeys (ConfUtils.java:logGet(43)) - raft.server.retrycache.expirytime = 600000ms (custom)
2019-09-25 05:50:44,107 [pool-585-thread-1] INFO  impl.RaftServerImpl (RaftServerImpl.java:start(185)) - 49655598-56f4-41c4-a924-b5d2880a3f2f@group-169E900C0B66: start as a follower, conf=-1: [49655598-56f4-41c4-a924-b5d2880a3f2f:192.168.30.10:40919], old=null
2019-09-25 05:50:44,107 [pool-585-thread-1] INFO  impl.RaftServerImpl (RaftServerImpl.java:setRole(174)) - 49655598-56f4-41c4-a924-b5d2880a3f2f@group-169E900C0B66: changes role from      null to FOLLOWER at term 0 for startAsFollower
2019-09-25 05:50:44,107 [pool-585-thread-1] INFO  impl.RoleInfo (RoleInfo.java:updateAndGet(143)) - 49655598-56f4-41c4-a924-b5d2880a3f2f: start FollowerState
2019-09-25 05:50:44,108 [pool-585-thread-1] INFO  util.JmxRegister (JmxRegister.java:tryRegister(44)) - Successfully registered JMX Bean with object name Ratis:service=RaftServer,group=group-169E900C0B66,id=49655598-56f4-41c4-a924-b5d2880a3f2f
2019-09-25 05:50:44,109 [RatisPipelineUtilsThread] INFO  pipeline.PipelineStateManager (PipelineStateManager.java:addPipeline(56)) - Created pipeline Pipeline[ Id: 832c8fca-d212-4076-ba20-169e900c0b66, Nodes: 49655598-56f4-41c4-a924-b5d2880a3f2f{ip: 192.168.30.10, host: pr-hdds-1569-s62bp-3040748787, networkLocation: /default-rack, certSerialId: null}, Type:RATIS, Factor:ONE, State:OPEN]
2019-09-25 05:50:44,119 [grpc-default-executor-0] INFO  impl.RaftServerProxy (RaftServerProxy.java:addNew(89)) - 60b026ab-fadd-426f-9b92-f2e4bcc7c7ff: addNew group-7DB0868986C1:[60b026ab-fadd-426f-9b92-f2e4bcc7c7ff:192.168.30.10:33176] returns group-7DB0868986C1:java.util.concurrent.CompletableFuture@6f3afbe7[Not completed]
2019-09-25 05:50:44,121 [pool-595-thread-1] INFO  impl.RaftServerImpl (RaftServerImpl.java:<init>(95)) - 60b026ab-fadd-426f-9b92-f2e4bcc7c7ff: new RaftServerImpl for group-7DB0868986C1:[60b026ab-fadd-426f-9b92-f2e4bcc7c7ff:192.168.30.10:33176] with ContainerStateMachine:uninitialized
2019-09-25 05:50:44,121 [pool-595-thread-1] INFO  server.RaftServerConfigKeys (ConfUtils.java:logGet(43)) - raft.server.rpc.timeout.min = 5s (custom)
2019-09-25 05:50:44,121 [pool-595-thread-1] INFO  server.RaftServerConfigKeys (ConfUtils.java:logGet(43)) - raft.server.rpc.timeout.max = 5200ms (custom)
2019-09-25 05:50:44,122 [pool-595-thread-1] INFO  server.RaftServerConfigKeys (ConfUtils.java:logGet(43)) - raft.server.rpcslowness.timeout = 120s (custom)
2019-09-25 05:50:44,122 [pool-595-thread-1] INFO  server.RaftServerConfigKeys (ConfUtils.java:logGet(43)) - raft.server.sleep.deviation.threshold = 300 (default)
2019-09-25 05:50:44,122 [pool-595-thread-1] INFO  server.RaftServerConfigKeys (ConfUtils.java:logGet(43)) - raft.server.log.appender.install.snapshot.enabled = false (custom)
2019-09-25 05:50:44,122 [pool-595-thread-1] INFO  impl.RaftServerImpl (ServerState.java:<init>(103)) - 60b026ab-fadd-426f-9b92-f2e4bcc7c7ff@group-7DB0868986C1: ConfigurationManager, init=-1: [60b026ab-fadd-426f-9b92-f2e4bcc7c7ff:192.168.30.10:33176], old=null, confs=<EMPTY_MAP>
2019-09-25 05:50:44,122 [pool-595-thread-1] INFO  server.RaftServerConfigKeys (ConfUtils.java:logGet(43)) - raft.server.storage.dir = [/workdir/hadoop-ozone/integration-test/target/test-dir/MiniOzoneClusterImpl-28dc08f8-08b8-4dfd-b771-8384b6a2d499/datanode-1/data/ratis] (custom)
2019-09-25 05:50:44,122 [pool-595-thread-1] INFO  storage.RaftStorageDirectory (RaftStorageDirectory.java:analyzeStorage(246)) - The storage directory /workdir/hadoop-ozone/integration-test/target/test-dir/MiniOzoneClusterImpl-28dc08f8-08b8-4dfd-b771-8384b6a2d499/datanode-1/data/ratis/4c9e02ab-d576-46d0-9667-7db0868986c1 does not exist. Creating ...
2019-09-25 05:50:44,147 [pool-595-thread-1] INFO  storage.RaftStorageDirectory (RaftStorageDirectory.java:tryLock(328)) - Lock on /workdir/hadoop-ozone/integration-test/target/test-dir/MiniOzoneClusterImpl-28dc08f8-08b8-4dfd-b771-8384b6a2d499/datanode-1/data/ratis/4c9e02ab-d576-46d0-9667-7db0868986c1/in_use.lock acquired by nodename 13539@pr-hdds-1569-s62bp-3040748787
2019-09-25 05:50:44,148 [IPC Server handler 6 on 39817] INFO  net.NetworkTopology (NetworkTopologyImpl.java:add(111)) - Added a new node: /default-rack/998f0c91-f727-4973-bd37-e1a81f390f6c
2019-09-25 05:50:44,148 [IPC Server handler 6 on 39817] INFO  node.SCMNodeManager (SCMNodeManager.java:register(266)) - Registered Data node : 998f0c91-f727-4973-bd37-e1a81f390f6c{ip: 192.168.30.10, host: pr-hdds-1569-s62bp-3040748787, networkLocation: /default-rack, certSerialId: null}
2019-09-25 05:50:44,160 [pool-595-thread-1] INFO  storage.RaftStorage (RaftStorage.java:format(72)) - Storage directory /workdir/hadoop-ozone/integration-test/target/test-dir/MiniOzoneClusterImpl-28dc08f8-08b8-4dfd-b771-8384b6a2d499/datanode-1/data/ratis/4c9e02ab-d576-46d0-9667-7db0868986c1 has been successfully formatted.
2019-09-25 05:50:44,160 [pool-595-thread-1] INFO  ratis.ContainerStateMachine (ContainerStateMachine.java:loadSnapshot(230)) - group-7DB0868986C1: The snapshot info is null. Setting the last applied indexto:(t:0, i:~)
2019-09-25 05:50:44,160 [pool-595-thread-1] INFO  server.RaftServerConfigKeys (ConfUtils.java:logGet(43)) - raft.server.notification.no-leader.timeout = 120s (custom)
2019-09-25 05:50:44,160 [pool-595-thread-1] INFO  server.RaftServerConfigKeys (ConfUtils.java:logGet(43)) - raft.server.log.use.memory = false (default)
2019-09-25 05:50:44,160 [pool-595-thread-1] INFO  server.RaftServerConfigKeys (ConfUtils.java:logGet(43)) - raft.server.log.purge.gap = 1000000 (custom)
2019-09-25 05:50:44,160 [pool-595-thread-1] INFO  server.RaftServerConfigKeys (ConfUtils.java:logGet(43)) - raft.server.log.appender.buffer.byte-limit = 33554432 (custom)
2019-09-25 05:50:44,161 [pool-595-thread-1] INFO  server.RaftServerConfigKeys (ConfUtils.java:logGet(43)) - raft.server.log.segment.size.max = 1048576 (custom)
2019-09-25 05:50:44,161 [pool-595-thread-1] INFO  server.RaftServerConfigKeys (ConfUtils.java:logGet(43)) - raft.server.log.segment.cache.num.max = 2 (custom)
2019-09-25 05:50:44,161 [pool-595-thread-1] INFO  segmented.SegmentedRaftLogWorker (SegmentedRaftLogWorker.java:<init>(172)) - new 60b026ab-fadd-426f-9b92-f2e4bcc7c7ff@group-7DB0868986C1-SegmentedRaftLogWorker for RaftStorage:Storage Directory /workdir/hadoop-ozone/integration-test/target/test-dir/MiniOzoneClusterImpl-28dc08f8-08b8-4dfd-b771-8384b6a2d499/datanode-1/data/ratis/4c9e02ab-d576-46d0-9667-7db0868986c1
2019-09-25 05:50:44,162 [pool-595-thread-1] INFO  server.RaftServerConfigKeys (ConfUtils.java:logGet(43)) - raft.server.log.queue.byte-limit = 2147483647 (custom)
2019-09-25 05:50:44,163 [pool-595-thread-1] INFO  server.RaftServerConfigKeys (ConfUtils.java:logGet(43)) - raft.server.log.queue.element-limit = 1024 (custom)
2019-09-25 05:50:44,163 [pool-595-thread-1] INFO  server.RaftServerConfigKeys (ConfUtils.java:logGet(43)) - raft.server.log.segment.size.max = 1048576 (custom)
2019-09-25 05:50:44,163 [pool-595-thread-1] INFO  server.RaftServerConfigKeys (ConfUtils.java:logGet(43)) - raft.server.log.preallocated.size = 16384 (custom)
2019-09-25 05:50:44,163 [pool-595-thread-1] INFO  server.RaftServerConfigKeys (ConfUtils.java:logGet(43)) - raft.server.log.write.buffer.size = 33554432 (custom)
2019-09-25 05:50:44,163 [pool-595-thread-1] INFO  server.RaftServerConfigKeys (ConfUtils.java:logGet(43)) - raft.server.log.force.sync.num = 128 (default)
2019-09-25 05:50:44,163 [pool-595-thread-1] INFO  server.RaftServerConfigKeys (ConfUtils.java:logGet(43)) - raft.server.log.statemachine.data.sync = true (default)
2019-09-25 05:50:44,163 [pool-595-thread-1] INFO  server.RaftServerConfigKeys (ConfUtils.java:logGet(43)) - raft.server.log.statemachine.data.sync.timeout = 10s (default)
2019-09-25 05:50:44,164 [pool-595-thread-1] INFO  server.RaftServerConfigKeys (ConfUtils.java:logGet(43)) - raft.server.log.statemachine.data.sync.timeout.retry = -1 (default)
2019-09-25 05:50:44,164 [pool-595-thread-1] INFO  server.RaftServerConfigKeys (ConfUtils.java:logGet(43)) - raft.server.log.statemachine.data.caching.enabled = true (custom)
2019-09-25 05:50:44,164 [pool-595-thread-1] INFO  segmented.SegmentedRaftLogWorker (SegmentedRaftLogWorker.java:lambda$new$0(132)) - 60b026ab-fadd-426f-9b92-f2e4bcc7c7ff@group-7DB0868986C1-SegmentedRaftLogWorker: flushIndex: setUnconditionally 0 -> -1
2019-09-25 05:50:44,164 [pool-595-thread-1] INFO  server.RaftServerConfigKeys (ConfUtils.java:logGet(43)) - raft.server.snapshot.auto.trigger.enabled = true (custom)
2019-09-25 05:50:44,165 [pool-595-thread-1] INFO  server.RaftServerConfigKeys (ConfUtils.java:logGet(43)) - raft.server.snapshot.auto.trigger.threshold = 10000 (custom)
2019-09-25 05:50:44,165 [pool-595-thread-1] INFO  server.RaftServerConfigKeys (ConfUtils.java:logGet(43)) - raft.server.snapshot.retention.num.files = 5 (custom)
2019-09-25 05:50:44,165 [pool-595-thread-1] INFO  server.RaftServerConfigKeys (ConfUtils.java:logGet(43)) - raft.server.retrycache.expirytime = 600000ms (custom)
2019-09-25 05:50:44,166 [pool-595-thread-1] INFO  impl.RaftServerImpl (RaftServerImpl.java:start(185)) - 60b026ab-fadd-426f-9b92-f2e4bcc7c7ff@group-7DB0868986C1: start as a follower, conf=-1: [60b026ab-fadd-426f-9b92-f2e4bcc7c7ff:192.168.30.10:33176], old=null
2019-09-25 05:50:44,166 [pool-595-thread-1] INFO  impl.RaftServerImpl (RaftServerImpl.java:setRole(174)) - 60b026ab-fadd-426f-9b92-f2e4bcc7c7ff@group-7DB0868986C1: changes role from      null to FOLLOWER at term 0 for startAsFollower
2019-09-25 05:50:44,167 [pool-595-thread-1] INFO  impl.RoleInfo (RoleInfo.java:updateAndGet(143)) - 60b026ab-fadd-426f-9b92-f2e4bcc7c7ff: start FollowerState
2019-09-25 05:50:44,167 [pool-595-thread-1] INFO  util.JmxRegister (JmxRegister.java:tryRegister(44)) - Successfully registered JMX Bean with object name Ratis:service=RaftServer,group=group-7DB0868986C1,id=60b026ab-fadd-426f-9b92-f2e4bcc7c7ff
2019-09-25 05:50:44,169 [RatisPipelineUtilsThread] INFO  pipeline.PipelineStateManager (PipelineStateManager.java:addPipeline(56)) - Created pipeline Pipeline[ Id: 4c9e02ab-d576-46d0-9667-7db0868986c1, Nodes: 60b026ab-fadd-426f-9b92-f2e4bcc7c7ff{ip: 192.168.30.10, host: pr-hdds-1569-s62bp-3040748787, networkLocation: /default-rack, certSerialId: null}, Type:RATIS, Factor:ONE, State:OPEN]
2019-09-25 05:50:44,179 [grpc-default-executor-0] INFO  impl.RaftServerProxy (RaftServerProxy.java:addNew(89)) - 998f0c91-f727-4973-bd37-e1a81f390f6c: addNew group-4237F2B8CFE5:[998f0c91-f727-4973-bd37-e1a81f390f6c:192.168.30.10:43497] returns group-4237F2B8CFE5:java.util.concurrent.CompletableFuture@5bc07c0a[Not completed]
2019-09-25 05:50:44,180 [pool-605-thread-1] INFO  impl.RaftServerImpl (RaftServerImpl.java:<init>(95)) - 998f0c91-f727-4973-bd37-e1a81f390f6c: new RaftServerImpl for group-4237F2B8CFE5:[998f0c91-f727-4973-bd37-e1a81f390f6c:192.168.30.10:43497] with ContainerStateMachine:uninitialized
2019-09-25 05:50:44,180 [pool-605-thread-1] INFO  server.RaftServerConfigKeys (ConfUtils.java:logGet(43)) - raft.server.rpc.timeout.min = 5s (custom)
2019-09-25 05:50:44,180 [pool-605-thread-1] INFO  server.RaftServerConfigKeys (ConfUtils.java:logGet(43)) - raft.server.rpc.timeout.max = 5200ms (custom)
2019-09-25 05:50:44,180 [pool-605-thread-1] INFO  server.RaftServerConfigKeys (ConfUtils.java:logGet(43)) - raft.server.rpcslowness.timeout = 120s (custom)
2019-09-25 05:50:44,180 [pool-605-thread-1] INFO  server.RaftServerConfigKeys (ConfUtils.java:logGet(43)) - raft.server.sleep.deviation.threshold = 300 (default)
2019-09-25 05:50:44,180 [pool-605-thread-1] INFO  server.RaftServerConfigKeys (ConfUtils.java:logGet(43)) - raft.server.log.appender.install.snapshot.enabled = false (custom)
2019-09-25 05:50:44,180 [pool-605-thread-1] INFO  impl.RaftServerImpl (ServerState.java:<init>(103)) - 998f0c91-f727-4973-bd37-e1a81f390f6c@group-4237F2B8CFE5: ConfigurationManager, init=-1: [998f0c91-f727-4973-bd37-e1a81f390f6c:192.168.30.10:43497], old=null, confs=<EMPTY_MAP>
2019-09-25 05:50:44,181 [pool-605-thread-1] INFO  server.RaftServerConfigKeys (ConfUtils.java:logGet(43)) - raft.server.storage.dir = [/workdir/hadoop-ozone/integration-test/target/test-dir/MiniOzoneClusterImpl-28dc08f8-08b8-4dfd-b771-8384b6a2d499/datanode-2/data/ratis] (custom)
2019-09-25 05:50:44,181 [pool-605-thread-1] INFO  storage.RaftStorageDirectory (RaftStorageDirectory.java:analyzeStorage(246)) - The storage directory /workdir/hadoop-ozone/integration-test/target/test-dir/MiniOzoneClusterImpl-28dc08f8-08b8-4dfd-b771-8384b6a2d499/datanode-2/data/ratis/822a3908-b024-467e-a156-4237f2b8cfe5 does not exist. Creating ...
2019-09-25 05:50:44,194 [pool-605-thread-1] INFO  storage.RaftStorageDirectory (RaftStorageDirectory.java:tryLock(328)) - Lock on /workdir/hadoop-ozone/integration-test/target/test-dir/MiniOzoneClusterImpl-28dc08f8-08b8-4dfd-b771-8384b6a2d499/datanode-2/data/ratis/822a3908-b024-467e-a156-4237f2b8cfe5/in_use.lock acquired by nodename 13539@pr-hdds-1569-s62bp-3040748787
2019-09-25 05:50:44,207 [pool-605-thread-1] INFO  storage.RaftStorage (RaftStorage.java:format(72)) - Storage directory /workdir/hadoop-ozone/integration-test/target/test-dir/MiniOzoneClusterImpl-28dc08f8-08b8-4dfd-b771-8384b6a2d499/datanode-2/data/ratis/822a3908-b024-467e-a156-4237f2b8cfe5 has been successfully formatted.
2019-09-25 05:50:44,207 [pool-605-thread-1] INFO  ratis.ContainerStateMachine (ContainerStateMachine.java:loadSnapshot(230)) - group-4237F2B8CFE5: The snapshot info is null. Setting the last applied indexto:(t:0, i:~)
2019-09-25 05:50:44,207 [pool-605-thread-1] INFO  server.RaftServerConfigKeys (ConfUtils.java:logGet(43)) - raft.server.notification.no-leader.timeout = 120s (custom)
2019-09-25 05:50:44,207 [pool-605-thread-1] INFO  server.RaftServerConfigKeys (ConfUtils.java:logGet(43)) - raft.server.log.use.memory = false (default)
2019-09-25 05:50:44,207 [pool-605-thread-1] INFO  server.RaftServerConfigKeys (ConfUtils.java:logGet(43)) - raft.server.log.purge.gap = 1000000 (custom)
2019-09-25 05:50:44,208 [pool-605-thread-1] INFO  server.RaftServerConfigKeys (ConfUtils.java:logGet(43)) - raft.server.log.appender.buffer.byte-limit = 33554432 (custom)
2019-09-25 05:50:44,208 [pool-605-thread-1] INFO  server.RaftServerConfigKeys (ConfUtils.java:logGet(43)) - raft.server.log.segment.size.max = 1048576 (custom)
2019-09-25 05:50:44,208 [pool-605-thread-1] INFO  server.RaftServerConfigKeys (ConfUtils.java:logGet(43)) - raft.server.log.segment.cache.num.max = 2 (custom)
2019-09-25 05:50:44,208 [pool-605-thread-1] INFO  segmented.SegmentedRaftLogWorker (SegmentedRaftLogWorker.java:<init>(172)) - new 998f0c91-f727-4973-bd37-e1a81f390f6c@group-4237F2B8CFE5-SegmentedRaftLogWorker for RaftStorage:Storage Directory /workdir/hadoop-ozone/integration-test/target/test-dir/MiniOzoneClusterImpl-28dc08f8-08b8-4dfd-b771-8384b6a2d499/datanode-2/data/ratis/822a3908-b024-467e-a156-4237f2b8cfe5
2019-09-25 05:50:44,209 [pool-605-thread-1] INFO  server.RaftServerConfigKeys (ConfUtils.java:logGet(43)) - raft.server.log.queue.byte-limit = 2147483647 (custom)
2019-09-25 05:50:44,210 [pool-605-thread-1] INFO  server.RaftServerConfigKeys (ConfUtils.java:logGet(43)) - raft.server.log.queue.element-limit = 1024 (custom)
2019-09-25 05:50:44,210 [pool-605-thread-1] INFO  server.RaftServerConfigKeys (ConfUtils.java:logGet(43)) - raft.server.log.segment.size.max = 1048576 (custom)
2019-09-25 05:50:44,210 [pool-605-thread-1] INFO  server.RaftServerConfigKeys (ConfUtils.java:logGet(43)) - raft.server.log.preallocated.size = 16384 (custom)
2019-09-25 05:50:44,210 [pool-605-thread-1] INFO  server.RaftServerConfigKeys (ConfUtils.java:logGet(43)) - raft.server.log.write.buffer.size = 33554432 (custom)
2019-09-25 05:50:44,210 [pool-605-thread-1] INFO  server.RaftServerConfigKeys (ConfUtils.java:logGet(43)) - raft.server.log.force.sync.num = 128 (default)
2019-09-25 05:50:44,210 [pool-605-thread-1] INFO  server.RaftServerConfigKeys (ConfUtils.java:logGet(43)) - raft.server.log.statemachine.data.sync = true (default)
2019-09-25 05:50:44,210 [pool-605-thread-1] INFO  server.RaftServerConfigKeys (ConfUtils.java:logGet(43)) - raft.server.log.statemachine.data.sync.timeout = 10s (default)
2019-09-25 05:50:44,210 [pool-605-thread-1] INFO  server.RaftServerConfigKeys (ConfUtils.java:logGet(43)) - raft.server.log.statemachine.data.sync.timeout.retry = -1 (default)
2019-09-25 05:50:44,211 [pool-605-thread-1] INFO  server.RaftServerConfigKeys (ConfUtils.java:logGet(43)) - raft.server.log.statemachine.data.caching.enabled = true (custom)
2019-09-25 05:50:44,211 [pool-605-thread-1] INFO  segmented.SegmentedRaftLogWorker (SegmentedRaftLogWorker.java:lambda$new$0(132)) - 998f0c91-f727-4973-bd37-e1a81f390f6c@group-4237F2B8CFE5-SegmentedRaftLogWorker: flushIndex: setUnconditionally 0 -> -1
2019-09-25 05:50:44,211 [pool-605-thread-1] INFO  server.RaftServerConfigKeys (ConfUtils.java:logGet(43)) - raft.server.snapshot.auto.trigger.enabled = true (custom)
2019-09-25 05:50:44,211 [pool-605-thread-1] INFO  server.RaftServerConfigKeys (ConfUtils.java:logGet(43)) - raft.server.snapshot.auto.trigger.threshold = 10000 (custom)
2019-09-25 05:50:44,212 [pool-605-thread-1] INFO  server.RaftServerConfigKeys (ConfUtils.java:logGet(43)) - raft.server.snapshot.retention.num.files = 5 (custom)
2019-09-25 05:50:44,212 [pool-605-thread-1] INFO  server.RaftServerConfigKeys (ConfUtils.java:logGet(43)) - raft.server.retrycache.expirytime = 600000ms (custom)
2019-09-25 05:50:44,213 [pool-605-thread-1] INFO  impl.RaftServerImpl (RaftServerImpl.java:start(185)) - 998f0c91-f727-4973-bd37-e1a81f390f6c@group-4237F2B8CFE5: start as a follower, conf=-1: [998f0c91-f727-4973-bd37-e1a81f390f6c:192.168.30.10:43497], old=null
2019-09-25 05:50:44,213 [pool-605-thread-1] INFO  impl.RaftServerImpl (RaftServerImpl.java:setRole(174)) - 998f0c91-f727-4973-bd37-e1a81f390f6c@group-4237F2B8CFE5: changes role from      null to FOLLOWER at term 0 for startAsFollower
2019-09-25 05:50:44,214 [pool-605-thread-1] INFO  impl.RoleInfo (RoleInfo.java:updateAndGet(143)) - 998f0c91-f727-4973-bd37-e1a81f390f6c: start FollowerState
2019-09-25 05:50:44,214 [pool-605-thread-1] INFO  util.JmxRegister (JmxRegister.java:tryRegister(44)) - Successfully registered JMX Bean with object name Ratis:service=RaftServer,group=group-4237F2B8CFE5,id=998f0c91-f727-4973-bd37-e1a81f390f6c
2019-09-25 05:50:44,216 [RatisPipelineUtilsThread] INFO  pipeline.PipelineStateManager (PipelineStateManager.java:addPipeline(56)) - Created pipeline Pipeline[ Id: 822a3908-b024-467e-a156-4237f2b8cfe5, Nodes: 998f0c91-f727-4973-bd37-e1a81f390f6c{ip: 192.168.30.10, host: pr-hdds-1569-s62bp-3040748787, networkLocation: /default-rack, certSerialId: null}, Type:RATIS, Factor:ONE, State:OPEN]
2019-09-25 05:50:44,219 [grpc-default-executor-0] INFO  impl.RaftServerProxy (RaftServerProxy.java:addNew(89)) - 49655598-56f4-41c4-a924-b5d2880a3f2f: addNew group-0C1D776059CF:[49655598-56f4-41c4-a924-b5d2880a3f2f:192.168.30.10:40919] returns group-0C1D776059CF:java.util.concurrent.CompletableFuture@12610f9e[Not completed]
2019-09-25 05:50:44,220 [pool-585-thread-1] INFO  impl.RaftServerImpl (RaftServerImpl.java:<init>(95)) - 49655598-56f4-41c4-a924-b5d2880a3f2f: new RaftServerImpl for group-0C1D776059CF:[49655598-56f4-41c4-a924-b5d2880a3f2f:192.168.30.10:40919] with ContainerStateMachine:uninitialized
2019-09-25 05:50:44,220 [pool-585-thread-1] INFO  server.RaftServerConfigKeys (ConfUtils.java:logGet(43)) - raft.server.rpc.timeout.min = 5s (custom)
2019-09-25 05:50:44,220 [pool-585-thread-1] INFO  server.RaftServerConfigKeys (ConfUtils.java:logGet(43)) - raft.server.rpc.timeout.max = 5200ms (custom)
2019-09-25 05:50:44,220 [pool-585-thread-1] INFO  server.RaftServerConfigKeys (ConfUtils.java:logGet(43)) - raft.server.rpcslowness.timeout = 120s (custom)
2019-09-25 05:50:44,220 [pool-585-thread-1] INFO  server.RaftServerConfigKeys (ConfUtils.java:logGet(43)) - raft.server.sleep.deviation.threshold = 300 (default)
2019-09-25 05:50:44,220 [pool-585-thread-1] INFO  server.RaftServerConfigKeys (ConfUtils.java:logGet(43)) - raft.server.log.appender.install.snapshot.enabled = false (custom)
2019-09-25 05:50:44,220 [pool-585-thread-1] INFO  impl.RaftServerImpl (ServerState.java:<init>(103)) - 49655598-56f4-41c4-a924-b5d2880a3f2f@group-0C1D776059CF: ConfigurationManager, init=-1: [49655598-56f4-41c4-a924-b5d2880a3f2f:192.168.30.10:40919], old=null, confs=<EMPTY_MAP>
2019-09-25 05:50:44,221 [pool-585-thread-1] INFO  server.RaftServerConfigKeys (ConfUtils.java:logGet(43)) - raft.server.storage.dir = [/workdir/hadoop-ozone/integration-test/target/test-dir/MiniOzoneClusterImpl-28dc08f8-08b8-4dfd-b771-8384b6a2d499/datanode-0/data/ratis] (custom)
2019-09-25 05:50:44,221 [pool-585-thread-1] INFO  storage.RaftStorageDirectory (RaftStorageDirectory.java:analyzeStorage(246)) - The storage directory /workdir/hadoop-ozone/integration-test/target/test-dir/MiniOzoneClusterImpl-28dc08f8-08b8-4dfd-b771-8384b6a2d499/datanode-0/data/ratis/e1d30923-ff89-4c81-bfc7-0c1d776059cf does not exist. Creating ...
2019-09-25 05:50:44,234 [pool-585-thread-1] INFO  storage.RaftStorageDirectory (RaftStorageDirectory.java:tryLock(328)) - Lock on /workdir/hadoop-ozone/integration-test/target/test-dir/MiniOzoneClusterImpl-28dc08f8-08b8-4dfd-b771-8384b6a2d499/datanode-0/data/ratis/e1d30923-ff89-4c81-bfc7-0c1d776059cf/in_use.lock acquired by nodename 13539@pr-hdds-1569-s62bp-3040748787
2019-09-25 05:50:44,255 [pool-585-thread-1] INFO  storage.RaftStorage (RaftStorage.java:format(72)) - Storage directory /workdir/hadoop-ozone/integration-test/target/test-dir/MiniOzoneClusterImpl-28dc08f8-08b8-4dfd-b771-8384b6a2d499/datanode-0/data/ratis/e1d30923-ff89-4c81-bfc7-0c1d776059cf has been successfully formatted.
2019-09-25 05:50:44,255 [pool-585-thread-1] INFO  ratis.ContainerStateMachine (ContainerStateMachine.java:loadSnapshot(230)) - group-0C1D776059CF: The snapshot info is null. Setting the last applied indexto:(t:0, i:~)
2019-09-25 05:50:44,255 [pool-585-thread-1] INFO  server.RaftServerConfigKeys (ConfUtils.java:logGet(43)) - raft.server.notification.no-leader.timeout = 120s (custom)
2019-09-25 05:50:44,255 [pool-585-thread-1] INFO  server.RaftServerConfigKeys (ConfUtils.java:logGet(43)) - raft.server.log.use.memory = false (default)
2019-09-25 05:50:44,255 [pool-585-thread-1] INFO  server.RaftServerConfigKeys (ConfUtils.java:logGet(43)) - raft.server.log.purge.gap = 1000000 (custom)
2019-09-25 05:50:44,255 [pool-585-thread-1] INFO  server.RaftServerConfigKeys (ConfUtils.java:logGet(43)) - raft.server.log.appender.buffer.byte-limit = 33554432 (custom)
2019-09-25 05:50:44,256 [pool-585-thread-1] INFO  server.RaftServerConfigKeys (ConfUtils.java:logGet(43)) - raft.server.log.segment.size.max = 1048576 (custom)
2019-09-25 05:50:44,256 [pool-585-thread-1] INFO  server.RaftServerConfigKeys (ConfUtils.java:logGet(43)) - raft.server.log.segment.cache.num.max = 2 (custom)
2019-09-25 05:50:44,256 [pool-585-thread-1] INFO  segmented.SegmentedRaftLogWorker (SegmentedRaftLogWorker.java:<init>(172)) - new 49655598-56f4-41c4-a924-b5d2880a3f2f@group-0C1D776059CF-SegmentedRaftLogWorker for RaftStorage:Storage Directory /workdir/hadoop-ozone/integration-test/target/test-dir/MiniOzoneClusterImpl-28dc08f8-08b8-4dfd-b771-8384b6a2d499/datanode-0/data/ratis/e1d30923-ff89-4c81-bfc7-0c1d776059cf
2019-09-25 05:50:44,256 [pool-585-thread-1] INFO  server.RaftServerConfigKeys (ConfUtils.java:logGet(43)) - raft.server.log.queue.byte-limit = 2147483647 (custom)
2019-09-25 05:50:44,256 [pool-585-thread-1] INFO  server.RaftServerConfigKeys (ConfUtils.java:logGet(43)) - raft.server.log.queue.element-limit = 1024 (custom)
2019-09-25 05:50:44,256 [pool-585-thread-1] INFO  server.RaftServerConfigKeys (ConfUtils.java:logGet(43)) - raft.server.log.segment.size.max = 1048576 (custom)
2019-09-25 05:50:44,256 [pool-585-thread-1] INFO  server.RaftServerConfigKeys (ConfUtils.java:logGet(43)) - raft.server.log.preallocated.size = 16384 (custom)
2019-09-25 05:50:44,256 [pool-585-thread-1] INFO  server.RaftServerConfigKeys (ConfUtils.java:logGet(43)) - raft.server.log.write.buffer.size = 33554432 (custom)
2019-09-25 05:50:44,257 [pool-585-thread-1] INFO  server.RaftServerConfigKeys (ConfUtils.java:logGet(43)) - raft.server.log.force.sync.num = 128 (default)
2019-09-25 05:50:44,257 [pool-585-thread-1] INFO  server.RaftServerConfigKeys (ConfUtils.java:logGet(43)) - raft.server.log.statemachine.data.sync = true (default)
2019-09-25 05:50:44,257 [pool-585-thread-1] INFO  server.RaftServerConfigKeys (ConfUtils.java:logGet(43)) - raft.server.log.statemachine.data.sync.timeout = 10s (default)
2019-09-25 05:50:44,257 [pool-585-thread-1] INFO  server.RaftServerConfigKeys (ConfUtils.java:logGet(43)) - raft.server.log.statemachine.data.sync.timeout.retry = -1 (default)
2019-09-25 05:50:44,257 [pool-585-thread-1] INFO  server.RaftServerConfigKeys (ConfUtils.java:logGet(43)) - raft.server.log.statemachine.data.caching.enabled = true (custom)
2019-09-25 05:50:44,257 [pool-585-thread-1] INFO  segmented.SegmentedRaftLogWorker (SegmentedRaftLogWorker.java:lambda$new$0(132)) - 49655598-56f4-41c4-a924-b5d2880a3f2f@group-0C1D776059CF-SegmentedRaftLogWorker: flushIndex: setUnconditionally 0 -> -1
2019-09-25 05:50:44,258 [pool-585-thread-1] INFO  server.RaftServerConfigKeys (ConfUtils.java:logGet(43)) - raft.server.snapshot.auto.trigger.enabled = true (custom)
2019-09-25 05:50:44,258 [pool-585-thread-1] INFO  server.RaftServerConfigKeys (ConfUtils.java:logGet(43)) - raft.server.snapshot.auto.trigger.threshold = 10000 (custom)
2019-09-25 05:50:44,258 [pool-585-thread-1] INFO  server.RaftServerConfigKeys (ConfUtils.java:logGet(43)) - raft.server.snapshot.retention.num.files = 5 (custom)
2019-09-25 05:50:44,258 [pool-585-thread-1] INFO  server.RaftServerConfigKeys (ConfUtils.java:logGet(43)) - raft.server.retrycache.expirytime = 600000ms (custom)
2019-09-25 05:50:44,259 [pool-585-thread-1] INFO  impl.RaftServerImpl (RaftServerImpl.java:start(185)) - 49655598-56f4-41c4-a924-b5d2880a3f2f@group-0C1D776059CF: start as a follower, conf=-1: [49655598-56f4-41c4-a924-b5d2880a3f2f:192.168.30.10:40919], old=null
2019-09-25 05:50:44,260 [pool-585-thread-1] INFO  impl.RaftServerImpl (RaftServerImpl.java:setRole(174)) - 49655598-56f4-41c4-a924-b5d2880a3f2f@group-0C1D776059CF: changes role from      null to FOLLOWER at term 0 for startAsFollower
2019-09-25 05:50:44,260 [pool-585-thread-1] INFO  impl.RoleInfo (RoleInfo.java:updateAndGet(143)) - 49655598-56f4-41c4-a924-b5d2880a3f2f: start FollowerState
2019-09-25 05:50:44,260 [pool-585-thread-1] INFO  util.JmxRegister (JmxRegister.java:tryRegister(44)) - Successfully registered JMX Bean with object name Ratis:service=RaftServer,group=group-0C1D776059CF,id=49655598-56f4-41c4-a924-b5d2880a3f2f
2019-09-25 05:50:44,262 [RatisPipelineUtilsThread] INFO  pipeline.PipelineStateManager (PipelineStateManager.java:addPipeline(56)) - Created pipeline Pipeline[ Id: e1d30923-ff89-4c81-bfc7-0c1d776059cf, Nodes: 49655598-56f4-41c4-a924-b5d2880a3f2f{ip: 192.168.30.10, host: pr-hdds-1569-s62bp-3040748787, networkLocation: /default-rack, certSerialId: null}, Type:RATIS, Factor:ONE, State:OPEN]
2019-09-25 05:50:44,264 [IPC Server handler 5 on 39817] INFO  net.NetworkTopology (NetworkTopologyImpl.java:add(111)) - Added a new node: /default-rack/ddf6e088-733e-4b9a-8ca4-5a6f511d9b5a
2019-09-25 05:50:44,264 [IPC Server handler 5 on 39817] INFO  node.SCMNodeManager (SCMNodeManager.java:register(266)) - Registered Data node : ddf6e088-733e-4b9a-8ca4-5a6f511d9b5a{ip: 192.168.30.10, host: pr-hdds-1569-s62bp-3040748787, networkLocation: /default-rack, certSerialId: null}
2019-09-25 05:50:44,265 [grpc-default-executor-0] INFO  impl.RaftServerProxy (RaftServerProxy.java:addNew(89)) - 49655598-56f4-41c4-a924-b5d2880a3f2f: addNew group-04046C77D158:[49655598-56f4-41c4-a924-b5d2880a3f2f:192.168.30.10:40919] returns group-04046C77D158:java.util.concurrent.CompletableFuture@5934f270[Not completed]
2019-09-25 05:50:44,266 [pool-585-thread-1] INFO  impl.RaftServerImpl (RaftServerImpl.java:<init>(95)) - 49655598-56f4-41c4-a924-b5d2880a3f2f: new RaftServerImpl for group-04046C77D158:[49655598-56f4-41c4-a924-b5d2880a3f2f:192.168.30.10:40919] with ContainerStateMachine:uninitialized
2019-09-25 05:50:44,266 [pool-585-thread-1] INFO  server.RaftServerConfigKeys (ConfUtils.java:logGet(43)) - raft.server.rpc.timeout.min = 5s (custom)
2019-09-25 05:50:44,266 [pool-585-thread-1] INFO  server.RaftServerConfigKeys (ConfUtils.java:logGet(43)) - raft.server.rpc.timeout.max = 5200ms (custom)
2019-09-25 05:50:44,266 [pool-585-thread-1] INFO  server.RaftServerConfigKeys (ConfUtils.java:logGet(43)) - raft.server.rpcslowness.timeout = 120s (custom)
2019-09-25 05:50:44,266 [pool-585-thread-1] INFO  server.RaftServerConfigKeys (ConfUtils.java:logGet(43)) - raft.server.sleep.deviation.threshold = 300 (default)
2019-09-25 05:50:44,267 [pool-585-thread-1] INFO  server.RaftServerConfigKeys (ConfUtils.java:logGet(43)) - raft.server.log.appender.install.snapshot.enabled = false (custom)
2019-09-25 05:50:44,267 [pool-585-thread-1] INFO  impl.RaftServerImpl (ServerState.java:<init>(103)) - 49655598-56f4-41c4-a924-b5d2880a3f2f@group-04046C77D158: ConfigurationManager, init=-1: [49655598-56f4-41c4-a924-b5d2880a3f2f:192.168.30.10:40919], old=null, confs=<EMPTY_MAP>
2019-09-25 05:50:44,267 [pool-585-thread-1] INFO  server.RaftServerConfigKeys (ConfUtils.java:logGet(43)) - raft.server.storage.dir = [/workdir/hadoop-ozone/integration-test/target/test-dir/MiniOzoneClusterImpl-28dc08f8-08b8-4dfd-b771-8384b6a2d499/datanode-0/data/ratis] (custom)
2019-09-25 05:50:44,267 [pool-585-thread-1] INFO  storage.RaftStorageDirectory (RaftStorageDirectory.java:analyzeStorage(246)) - The storage directory /workdir/hadoop-ozone/integration-test/target/test-dir/MiniOzoneClusterImpl-28dc08f8-08b8-4dfd-b771-8384b6a2d499/datanode-0/data/ratis/f9a82604-df27-405c-8b98-04046c77d158 does not exist. Creating ...
2019-09-25 05:50:44,280 [pool-585-thread-1] INFO  storage.RaftStorageDirectory (RaftStorageDirectory.java:tryLock(328)) - Lock on /workdir/hadoop-ozone/integration-test/target/test-dir/MiniOzoneClusterImpl-28dc08f8-08b8-4dfd-b771-8384b6a2d499/datanode-0/data/ratis/f9a82604-df27-405c-8b98-04046c77d158/in_use.lock acquired by nodename 13539@pr-hdds-1569-s62bp-3040748787
2019-09-25 05:50:44,283 [pool-585-thread-1] INFO  storage.RaftStorage (RaftStorage.java:format(72)) - Storage directory /workdir/hadoop-ozone/integration-test/target/test-dir/MiniOzoneClusterImpl-28dc08f8-08b8-4dfd-b771-8384b6a2d499/datanode-0/data/ratis/f9a82604-df27-405c-8b98-04046c77d158 has been successfully formatted.
2019-09-25 05:50:44,283 [pool-585-thread-1] INFO  ratis.ContainerStateMachine (ContainerStateMachine.java:loadSnapshot(230)) - group-04046C77D158: The snapshot info is null. Setting the last applied indexto:(t:0, i:~)
2019-09-25 05:50:44,283 [pool-585-thread-1] INFO  server.RaftServerConfigKeys (ConfUtils.java:logGet(43)) - raft.server.notification.no-leader.timeout = 120s (custom)
2019-09-25 05:50:44,284 [pool-585-thread-1] INFO  server.RaftServerConfigKeys (ConfUtils.java:logGet(43)) - raft.server.log.use.memory = false (default)
2019-09-25 05:50:44,284 [pool-585-thread-1] INFO  server.RaftServerConfigKeys (ConfUtils.java:logGet(43)) - raft.server.log.purge.gap = 1000000 (custom)
2019-09-25 05:50:44,284 [pool-585-thread-1] INFO  server.RaftServerConfigKeys (ConfUtils.java:logGet(43)) - raft.server.log.appender.buffer.byte-limit = 33554432 (custom)
2019-09-25 05:50:44,284 [pool-585-thread-1] INFO  server.RaftServerConfigKeys (ConfUtils.java:logGet(43)) - raft.server.log.segment.size.max = 1048576 (custom)
2019-09-25 05:50:44,284 [pool-585-thread-1] INFO  server.RaftServerConfigKeys (ConfUtils.java:logGet(43)) - raft.server.log.segment.cache.num.max = 2 (custom)
2019-09-25 05:50:44,284 [pool-585-thread-1] INFO  segmented.SegmentedRaftLogWorker (SegmentedRaftLogWorker.java:<init>(172)) - new 49655598-56f4-41c4-a924-b5d2880a3f2f@group-04046C77D158-SegmentedRaftLogWorker for RaftStorage:Storage Directory /workdir/hadoop-ozone/integration-test/target/test-dir/MiniOzoneClusterImpl-28dc08f8-08b8-4dfd-b771-8384b6a2d499/datanode-0/data/ratis/f9a82604-df27-405c-8b98-04046c77d158
2019-09-25 05:50:44,284 [pool-585-thread-1] INFO  server.RaftServerConfigKeys (ConfUtils.java:logGet(43)) - raft.server.log.queue.byte-limit = 2147483647 (custom)
2019-09-25 05:50:44,284 [pool-585-thread-1] INFO  server.RaftServerConfigKeys (ConfUtils.java:logGet(43)) - raft.server.log.queue.element-limit = 1024 (custom)
2019-09-25 05:50:44,285 [pool-585-thread-1] INFO  server.RaftServerConfigKeys (ConfUtils.java:logGet(43)) - raft.server.log.segment.size.max = 1048576 (custom)
2019-09-25 05:50:44,285 [pool-585-thread-1] INFO  server.RaftServerConfigKeys (ConfUtils.java:logGet(43)) - raft.server.log.preallocated.size = 16384 (custom)
2019-09-25 05:50:44,285 [pool-585-thread-1] INFO  server.RaftServerConfigKeys (ConfUtils.java:logGet(43)) - raft.server.log.write.buffer.size = 33554432 (custom)
2019-09-25 05:50:44,285 [pool-585-thread-1] INFO  server.RaftServerConfigKeys (ConfUtils.java:logGet(43)) - raft.server.log.force.sync.num = 128 (default)
2019-09-25 05:50:44,285 [pool-585-thread-1] INFO  server.RaftServerConfigKeys (ConfUtils.java:logGet(43)) - raft.server.log.statemachine.data.sync = true (default)
2019-09-25 05:50:44,285 [pool-585-thread-1] INFO  server.RaftServerConfigKeys (ConfUtils.java:logGet(43)) - raft.server.log.statemachine.data.sync.timeout = 10s (default)
2019-09-25 05:50:44,285 [pool-585-thread-1] INFO  server.RaftServerConfigKeys (ConfUtils.java:logGet(43)) - raft.server.log.statemachine.data.sync.timeout.retry = -1 (default)
2019-09-25 05:50:44,285 [pool-585-thread-1] INFO  server.RaftServerConfigKeys (ConfUtils.java:logGet(43)) - raft.server.log.statemachine.data.caching.enabled = true (custom)
2019-09-25 05:50:44,286 [pool-585-thread-1] INFO  segmented.SegmentedRaftLogWorker (SegmentedRaftLogWorker.java:lambda$new$0(132)) - 49655598-56f4-41c4-a924-b5d2880a3f2f@group-04046C77D158-SegmentedRaftLogWorker: flushIndex: setUnconditionally 0 -> -1
2019-09-25 05:50:44,286 [pool-585-thread-1] INFO  server.RaftServerConfigKeys (ConfUtils.java:logGet(43)) - raft.server.snapshot.auto.trigger.enabled = true (custom)
2019-09-25 05:50:44,286 [pool-585-thread-1] INFO  server.RaftServerConfigKeys (ConfUtils.java:logGet(43)) - raft.server.snapshot.auto.trigger.threshold = 10000 (custom)
2019-09-25 05:50:44,286 [pool-585-thread-1] INFO  server.RaftServerConfigKeys (ConfUtils.java:logGet(43)) - raft.server.snapshot.retention.num.files = 5 (custom)
2019-09-25 05:50:44,286 [pool-585-thread-1] INFO  server.RaftServerConfigKeys (ConfUtils.java:logGet(43)) - raft.server.retrycache.expirytime = 600000ms (custom)
2019-09-25 05:50:44,288 [pool-585-thread-1] INFO  impl.RaftServerImpl (RaftServerImpl.java:start(185)) - 49655598-56f4-41c4-a924-b5d2880a3f2f@group-04046C77D158: start as a follower, conf=-1: [49655598-56f4-41c4-a924-b5d2880a3f2f:192.168.30.10:40919], old=null
2019-09-25 05:50:44,288 [pool-585-thread-1] INFO  impl.RaftServerImpl (RaftServerImpl.java:setRole(174)) - 49655598-56f4-41c4-a924-b5d2880a3f2f@group-04046C77D158: changes role from      null to FOLLOWER at term 0 for startAsFollower
2019-09-25 05:50:44,288 [pool-585-thread-1] INFO  impl.RoleInfo (RoleInfo.java:updateAndGet(143)) - 49655598-56f4-41c4-a924-b5d2880a3f2f: start FollowerState
2019-09-25 05:50:44,288 [pool-585-thread-1] INFO  util.JmxRegister (JmxRegister.java:tryRegister(44)) - Successfully registered JMX Bean with object name Ratis:service=RaftServer,group=group-04046C77D158,id=49655598-56f4-41c4-a924-b5d2880a3f2f
2019-09-25 05:50:44,290 [RatisPipelineUtilsThread] INFO  pipeline.PipelineStateManager (PipelineStateManager.java:addPipeline(56)) - Created pipeline Pipeline[ Id: f9a82604-df27-405c-8b98-04046c77d158, Nodes: 49655598-56f4-41c4-a924-b5d2880a3f2f{ip: 192.168.30.10, host: pr-hdds-1569-s62bp-3040748787, networkLocation: /default-rack, certSerialId: null}, Type:RATIS, Factor:ONE, State:OPEN]
2019-09-25 05:50:44,293 [grpc-default-executor-0] INFO  impl.RaftServerProxy (RaftServerProxy.java:addNew(89)) - 60b026ab-fadd-426f-9b92-f2e4bcc7c7ff: addNew group-5246A83D7EA3:[60b026ab-fadd-426f-9b92-f2e4bcc7c7ff:192.168.30.10:33176] returns group-5246A83D7EA3:java.util.concurrent.CompletableFuture@4a2d6795[Not completed]
2019-09-25 05:50:44,294 [pool-595-thread-1] INFO  impl.RaftServerImpl (RaftServerImpl.java:<init>(95)) - 60b026ab-fadd-426f-9b92-f2e4bcc7c7ff: new RaftServerImpl for group-5246A83D7EA3:[60b026ab-fadd-426f-9b92-f2e4bcc7c7ff:192.168.30.10:33176] with ContainerStateMachine:uninitialized
2019-09-25 05:50:44,294 [pool-595-thread-1] INFO  server.RaftServerConfigKeys (ConfUtils.java:logGet(43)) - raft.server.rpc.timeout.min = 5s (custom)
2019-09-25 05:50:44,294 [pool-595-thread-1] INFO  server.RaftServerConfigKeys (ConfUtils.java:logGet(43)) - raft.server.rpc.timeout.max = 5200ms (custom)
2019-09-25 05:50:44,294 [pool-595-thread-1] INFO  server.RaftServerConfigKeys (ConfUtils.java:logGet(43)) - raft.server.rpcslowness.timeout = 120s (custom)
2019-09-25 05:50:44,294 [pool-595-thread-1] INFO  server.RaftServerConfigKeys (ConfUtils.java:logGet(43)) - raft.server.sleep.deviation.threshold = 300 (default)
2019-09-25 05:50:44,295 [pool-595-thread-1] INFO  server.RaftServerConfigKeys (ConfUtils.java:logGet(43)) - raft.server.log.appender.install.snapshot.enabled = false (custom)
2019-09-25 05:50:44,295 [pool-595-thread-1] INFO  impl.RaftServerImpl (ServerState.java:<init>(103)) - 60b026ab-fadd-426f-9b92-f2e4bcc7c7ff@group-5246A83D7EA3: ConfigurationManager, init=-1: [60b026ab-fadd-426f-9b92-f2e4bcc7c7ff:192.168.30.10:33176], old=null, confs=<EMPTY_MAP>
2019-09-25 05:50:44,295 [pool-595-thread-1] INFO  server.RaftServerConfigKeys (ConfUtils.java:logGet(43)) - raft.server.storage.dir = [/workdir/hadoop-ozone/integration-test/target/test-dir/MiniOzoneClusterImpl-28dc08f8-08b8-4dfd-b771-8384b6a2d499/datanode-1/data/ratis] (custom)
2019-09-25 05:50:44,295 [pool-595-thread-1] INFO  storage.RaftStorageDirectory (RaftStorageDirectory.java:analyzeStorage(246)) - The storage directory /workdir/hadoop-ozone/integration-test/target/test-dir/MiniOzoneClusterImpl-28dc08f8-08b8-4dfd-b771-8384b6a2d499/datanode-1/data/ratis/cc98cd80-5a7e-4326-9a14-5246a83d7ea3 does not exist. Creating ...
2019-09-25 05:50:44,299 [pool-595-thread-1] INFO  storage.RaftStorageDirectory (RaftStorageDirectory.java:tryLock(328)) - Lock on /workdir/hadoop-ozone/integration-test/target/test-dir/MiniOzoneClusterImpl-28dc08f8-08b8-4dfd-b771-8384b6a2d499/datanode-1/data/ratis/cc98cd80-5a7e-4326-9a14-5246a83d7ea3/in_use.lock acquired by nodename 13539@pr-hdds-1569-s62bp-3040748787
2019-09-25 05:50:44,334 [pool-595-thread-1] INFO  storage.RaftStorage (RaftStorage.java:format(72)) - Storage directory /workdir/hadoop-ozone/integration-test/target/test-dir/MiniOzoneClusterImpl-28dc08f8-08b8-4dfd-b771-8384b6a2d499/datanode-1/data/ratis/cc98cd80-5a7e-4326-9a14-5246a83d7ea3 has been successfully formatted.
2019-09-25 05:50:44,334 [pool-595-thread-1] INFO  ratis.ContainerStateMachine (ContainerStateMachine.java:loadSnapshot(230)) - group-5246A83D7EA3: The snapshot info is null. Setting the last applied indexto:(t:0, i:~)
2019-09-25 05:50:44,334 [pool-595-thread-1] INFO  server.RaftServerConfigKeys (ConfUtils.java:logGet(43)) - raft.server.notification.no-leader.timeout = 120s (custom)
2019-09-25 05:50:44,334 [pool-595-thread-1] INFO  server.RaftServerConfigKeys (ConfUtils.java:logGet(43)) - raft.server.log.use.memory = false (default)
2019-09-25 05:50:44,335 [pool-595-thread-1] INFO  server.RaftServerConfigKeys (ConfUtils.java:logGet(43)) - raft.server.log.purge.gap = 1000000 (custom)
2019-09-25 05:50:44,335 [pool-595-thread-1] INFO  server.RaftServerConfigKeys (ConfUtils.java:logGet(43)) - raft.server.log.appender.buffer.byte-limit = 33554432 (custom)
2019-09-25 05:50:44,335 [pool-595-thread-1] INFO  server.RaftServerConfigKeys (ConfUtils.java:logGet(43)) - raft.server.log.segment.size.max = 1048576 (custom)
2019-09-25 05:50:44,335 [pool-595-thread-1] INFO  server.RaftServerConfigKeys (ConfUtils.java:logGet(43)) - raft.server.log.segment.cache.num.max = 2 (custom)
2019-09-25 05:50:44,335 [pool-595-thread-1] INFO  segmented.SegmentedRaftLogWorker (SegmentedRaftLogWorker.java:<init>(172)) - new 60b026ab-fadd-426f-9b92-f2e4bcc7c7ff@group-5246A83D7EA3-SegmentedRaftLogWorker for RaftStorage:Storage Directory /workdir/hadoop-ozone/integration-test/target/test-dir/MiniOzoneClusterImpl-28dc08f8-08b8-4dfd-b771-8384b6a2d499/datanode-1/data/ratis/cc98cd80-5a7e-4326-9a14-5246a83d7ea3
2019-09-25 05:50:44,335 [pool-595-thread-1] INFO  server.RaftServerConfigKeys (ConfUtils.java:logGet(43)) - raft.server.log.queue.byte-limit = 2147483647 (custom)
2019-09-25 05:50:44,336 [pool-595-thread-1] INFO  server.RaftServerConfigKeys (ConfUtils.java:logGet(43)) - raft.server.log.queue.element-limit = 1024 (custom)
2019-09-25 05:50:44,336 [pool-595-thread-1] INFO  server.RaftServerConfigKeys (ConfUtils.java:logGet(43)) - raft.server.log.segment.size.max = 1048576 (custom)
2019-09-25 05:50:44,336 [pool-595-thread-1] INFO  server.RaftServerConfigKeys (ConfUtils.java:logGet(43)) - raft.server.log.preallocated.size = 16384 (custom)
2019-09-25 05:50:44,336 [pool-595-thread-1] INFO  server.RaftServerConfigKeys (ConfUtils.java:logGet(43)) - raft.server.log.write.buffer.size = 33554432 (custom)
2019-09-25 05:50:44,336 [pool-595-thread-1] INFO  server.RaftServerConfigKeys (ConfUtils.java:logGet(43)) - raft.server.log.force.sync.num = 128 (default)
2019-09-25 05:50:44,336 [pool-595-thread-1] INFO  server.RaftServerConfigKeys (ConfUtils.java:logGet(43)) - raft.server.log.statemachine.data.sync = true (default)
2019-09-25 05:50:44,336 [pool-595-thread-1] INFO  server.RaftServerConfigKeys (ConfUtils.java:logGet(43)) - raft.server.log.statemachine.data.sync.timeout = 10s (default)
2019-09-25 05:50:44,337 [pool-595-thread-1] INFO  server.RaftServerConfigKeys (ConfUtils.java:logGet(43)) - raft.server.log.statemachine.data.sync.timeout.retry = -1 (default)
2019-09-25 05:50:44,337 [pool-595-thread-1] INFO  server.RaftServerConfigKeys (ConfUtils.java:logGet(43)) - raft.server.log.statemachine.data.caching.enabled = true (custom)
2019-09-25 05:50:44,337 [pool-595-thread-1] INFO  segmented.SegmentedRaftLogWorker (SegmentedRaftLogWorker.java:lambda$new$0(132)) - 60b026ab-fadd-426f-9b92-f2e4bcc7c7ff@group-5246A83D7EA3-SegmentedRaftLogWorker: flushIndex: setUnconditionally 0 -> -1
2019-09-25 05:50:44,337 [pool-595-thread-1] INFO  server.RaftServerConfigKeys (ConfUtils.java:logGet(43)) - raft.server.snapshot.auto.trigger.enabled = true (custom)
2019-09-25 05:50:44,338 [pool-595-thread-1] INFO  server.RaftServerConfigKeys (ConfUtils.java:logGet(43)) - raft.server.snapshot.auto.trigger.threshold = 10000 (custom)
2019-09-25 05:50:44,338 [pool-595-thread-1] INFO  server.RaftServerConfigKeys (ConfUtils.java:logGet(43)) - raft.server.snapshot.retention.num.files = 5 (custom)
2019-09-25 05:50:44,338 [pool-595-thread-1] INFO  server.RaftServerConfigKeys (ConfUtils.java:logGet(43)) - raft.server.retrycache.expirytime = 600000ms (custom)
2019-09-25 05:50:44,340 [pool-595-thread-1] INFO  impl.RaftServerImpl (RaftServerImpl.java:start(185)) - 60b026ab-fadd-426f-9b92-f2e4bcc7c7ff@group-5246A83D7EA3: start as a follower, conf=-1: [60b026ab-fadd-426f-9b92-f2e4bcc7c7ff:192.168.30.10:33176], old=null
2019-09-25 05:50:44,340 [pool-595-thread-1] INFO  impl.RaftServerImpl (RaftServerImpl.java:setRole(174)) - 60b026ab-fadd-426f-9b92-f2e4bcc7c7ff@group-5246A83D7EA3: changes role from      null to FOLLOWER at term 0 for startAsFollower
2019-09-25 05:50:44,340 [pool-595-thread-1] INFO  impl.RoleInfo (RoleInfo.java:updateAndGet(143)) - 60b026ab-fadd-426f-9b92-f2e4bcc7c7ff: start FollowerState
2019-09-25 05:50:44,340 [pool-595-thread-1] INFO  util.JmxRegister (JmxRegister.java:tryRegister(44)) - Successfully registered JMX Bean with object name Ratis:service=RaftServer,group=group-5246A83D7EA3,id=60b026ab-fadd-426f-9b92-f2e4bcc7c7ff
2019-09-25 05:50:44,342 [RatisPipelineUtilsThread] INFO  pipeline.PipelineStateManager (PipelineStateManager.java:addPipeline(56)) - Created pipeline Pipeline[ Id: cc98cd80-5a7e-4326-9a14-5246a83d7ea3, Nodes: 60b026ab-fadd-426f-9b92-f2e4bcc7c7ff{ip: 192.168.30.10, host: pr-hdds-1569-s62bp-3040748787, networkLocation: /default-rack, certSerialId: null}, Type:RATIS, Factor:ONE, State:OPEN]
2019-09-25 05:50:44,346 [grpc-default-executor-0] INFO  impl.RaftServerProxy (RaftServerProxy.java:addNew(89)) - 49655598-56f4-41c4-a924-b5d2880a3f2f: addNew group-13E8E4AE7C93:[49655598-56f4-41c4-a924-b5d2880a3f2f:192.168.30.10:40919] returns group-13E8E4AE7C93:java.util.concurrent.CompletableFuture@52ad07b5[Not completed]
2019-09-25 05:50:44,346 [pool-585-thread-1] INFO  impl.RaftServerImpl (RaftServerImpl.java:<init>(95)) - 49655598-56f4-41c4-a924-b5d2880a3f2f: new RaftServerImpl for group-13E8E4AE7C93:[49655598-56f4-41c4-a924-b5d2880a3f2f:192.168.30.10:40919] with ContainerStateMachine:uninitialized
2019-09-25 05:50:44,346 [pool-585-thread-1] INFO  server.RaftServerConfigKeys (ConfUtils.java:logGet(43)) - raft.server.rpc.timeout.min = 5s (custom)
2019-09-25 05:50:44,346 [pool-585-thread-1] INFO  server.RaftServerConfigKeys (ConfUtils.java:logGet(43)) - raft.server.rpc.timeout.max = 5200ms (custom)
2019-09-25 05:50:44,347 [pool-585-thread-1] INFO  server.RaftServerConfigKeys (ConfUtils.java:logGet(43)) - raft.server.rpcslowness.timeout = 120s (custom)
2019-09-25 05:50:44,347 [pool-585-thread-1] INFO  server.RaftServerConfigKeys (ConfUtils.java:logGet(43)) - raft.server.sleep.deviation.threshold = 300 (default)
2019-09-25 05:50:44,347 [pool-585-thread-1] INFO  server.RaftServerConfigKeys (ConfUtils.java:logGet(43)) - raft.server.log.appender.install.snapshot.enabled = false (custom)
2019-09-25 05:50:44,347 [pool-585-thread-1] INFO  impl.RaftServerImpl (ServerState.java:<init>(103)) - 49655598-56f4-41c4-a924-b5d2880a3f2f@group-13E8E4AE7C93: ConfigurationManager, init=-1: [49655598-56f4-41c4-a924-b5d2880a3f2f:192.168.30.10:40919], old=null, confs=<EMPTY_MAP>
2019-09-25 05:50:44,347 [pool-585-thread-1] INFO  server.RaftServerConfigKeys (ConfUtils.java:logGet(43)) - raft.server.storage.dir = [/workdir/hadoop-ozone/integration-test/target/test-dir/MiniOzoneClusterImpl-28dc08f8-08b8-4dfd-b771-8384b6a2d499/datanode-0/data/ratis] (custom)
2019-09-25 05:50:44,347 [pool-585-thread-1] INFO  storage.RaftStorageDirectory (RaftStorageDirectory.java:analyzeStorage(246)) - The storage directory /workdir/hadoop-ozone/integration-test/target/test-dir/MiniOzoneClusterImpl-28dc08f8-08b8-4dfd-b771-8384b6a2d499/datanode-0/data/ratis/81f8d1bd-ed4f-44b4-bb59-13e8e4ae7c93 does not exist. Creating ...
2019-09-25 05:50:44,369 [pool-585-thread-1] INFO  storage.RaftStorageDirectory (RaftStorageDirectory.java:tryLock(328)) - Lock on /workdir/hadoop-ozone/integration-test/target/test-dir/MiniOzoneClusterImpl-28dc08f8-08b8-4dfd-b771-8384b6a2d499/datanode-0/data/ratis/81f8d1bd-ed4f-44b4-bb59-13e8e4ae7c93/in_use.lock acquired by nodename 13539@pr-hdds-1569-s62bp-3040748787
2019-09-25 05:50:44,384 [pool-585-thread-1] INFO  storage.RaftStorage (RaftStorage.java:format(72)) - Storage directory /workdir/hadoop-ozone/integration-test/target/test-dir/MiniOzoneClusterImpl-28dc08f8-08b8-4dfd-b771-8384b6a2d499/datanode-0/data/ratis/81f8d1bd-ed4f-44b4-bb59-13e8e4ae7c93 has been successfully formatted.
2019-09-25 05:50:44,384 [pool-585-thread-1] INFO  ratis.ContainerStateMachine (ContainerStateMachine.java:loadSnapshot(230)) - group-13E8E4AE7C93: The snapshot info is null. Setting the last applied indexto:(t:0, i:~)
2019-09-25 05:50:44,384 [pool-585-thread-1] INFO  server.RaftServerConfigKeys (ConfUtils.java:logGet(43)) - raft.server.notification.no-leader.timeout = 120s (custom)
2019-09-25 05:50:44,385 [pool-585-thread-1] INFO  server.RaftServerConfigKeys (ConfUtils.java:logGet(43)) - raft.server.log.use.memory = false (default)
2019-09-25 05:50:44,385 [pool-585-thread-1] INFO  server.RaftServerConfigKeys (ConfUtils.java:logGet(43)) - raft.server.log.purge.gap = 1000000 (custom)
2019-09-25 05:50:44,385 [pool-585-thread-1] INFO  server.RaftServerConfigKeys (ConfUtils.java:logGet(43)) - raft.server.log.appender.buffer.byte-limit = 33554432 (custom)
2019-09-25 05:50:44,385 [pool-585-thread-1] INFO  server.RaftServerConfigKeys (ConfUtils.java:logGet(43)) - raft.server.log.segment.size.max = 1048576 (custom)
2019-09-25 05:50:44,385 [pool-585-thread-1] INFO  server.RaftServerConfigKeys (ConfUtils.java:logGet(43)) - raft.server.log.segment.cache.num.max = 2 (custom)
2019-09-25 05:50:44,385 [pool-585-thread-1] INFO  segmented.SegmentedRaftLogWorker (SegmentedRaftLogWorker.java:<init>(172)) - new 49655598-56f4-41c4-a924-b5d2880a3f2f@group-13E8E4AE7C93-SegmentedRaftLogWorker for RaftStorage:Storage Directory /workdir/hadoop-ozone/integration-test/target/test-dir/MiniOzoneClusterImpl-28dc08f8-08b8-4dfd-b771-8384b6a2d499/datanode-0/data/ratis/81f8d1bd-ed4f-44b4-bb59-13e8e4ae7c93
2019-09-25 05:50:44,385 [pool-585-thread-1] INFO  server.RaftServerConfigKeys (ConfUtils.java:logGet(43)) - raft.server.log.queue.byte-limit = 2147483647 (custom)
2019-09-25 05:50:44,385 [pool-585-thread-1] INFO  server.RaftServerConfigKeys (ConfUtils.java:logGet(43)) - raft.server.log.queue.element-limit = 1024 (custom)
2019-09-25 05:50:44,386 [pool-585-thread-1] INFO  server.RaftServerConfigKeys (ConfUtils.java:logGet(43)) - raft.server.log.segment.size.max = 1048576 (custom)
2019-09-25 05:50:44,386 [pool-585-thread-1] INFO  server.RaftServerConfigKeys (ConfUtils.java:logGet(43)) - raft.server.log.preallocated.size = 16384 (custom)
2019-09-25 05:50:44,386 [pool-585-thread-1] INFO  server.RaftServerConfigKeys (ConfUtils.java:logGet(43)) - raft.server.log.write.buffer.size = 33554432 (custom)
2019-09-25 05:50:44,386 [pool-585-thread-1] INFO  server.RaftServerConfigKeys (ConfUtils.java:logGet(43)) - raft.server.log.force.sync.num = 128 (default)
2019-09-25 05:50:44,386 [pool-585-thread-1] INFO  server.RaftServerConfigKeys (ConfUtils.java:logGet(43)) - raft.server.log.statemachine.data.sync = true (default)
2019-09-25 05:50:44,386 [pool-585-thread-1] INFO  server.RaftServerConfigKeys (ConfUtils.java:logGet(43)) - raft.server.log.statemachine.data.sync.timeout = 10s (default)
2019-09-25 05:50:44,386 [pool-585-thread-1] INFO  server.RaftServerConfigKeys (ConfUtils.java:logGet(43)) - raft.server.log.statemachine.data.sync.timeout.retry = -1 (default)
2019-09-25 05:50:44,386 [pool-585-thread-1] INFO  server.RaftServerConfigKeys (ConfUtils.java:logGet(43)) - raft.server.log.statemachine.data.caching.enabled = true (custom)
2019-09-25 05:50:44,387 [pool-585-thread-1] INFO  segmented.SegmentedRaftLogWorker (SegmentedRaftLogWorker.java:lambda$new$0(132)) - 49655598-56f4-41c4-a924-b5d2880a3f2f@group-13E8E4AE7C93-SegmentedRaftLogWorker: flushIndex: setUnconditionally 0 -> -1
2019-09-25 05:50:44,387 [pool-585-thread-1] INFO  server.RaftServerConfigKeys (ConfUtils.java:logGet(43)) - raft.server.snapshot.auto.trigger.enabled = true (custom)
2019-09-25 05:50:44,387 [pool-585-thread-1] INFO  server.RaftServerConfigKeys (ConfUtils.java:logGet(43)) - raft.server.snapshot.auto.trigger.threshold = 10000 (custom)
2019-09-25 05:50:44,387 [pool-585-thread-1] INFO  server.RaftServerConfigKeys (ConfUtils.java:logGet(43)) - raft.server.snapshot.retention.num.files = 5 (custom)
2019-09-25 05:50:44,387 [pool-585-thread-1] INFO  server.RaftServerConfigKeys (ConfUtils.java:logGet(43)) - raft.server.retrycache.expirytime = 600000ms (custom)
2019-09-25 05:50:44,389 [pool-585-thread-1] INFO  impl.RaftServerImpl (RaftServerImpl.java:start(185)) - 49655598-56f4-41c4-a924-b5d2880a3f2f@group-13E8E4AE7C93: start as a follower, conf=-1: [49655598-56f4-41c4-a924-b5d2880a3f2f:192.168.30.10:40919], old=null
2019-09-25 05:50:44,389 [pool-585-thread-1] INFO  impl.RaftServerImpl (RaftServerImpl.java:setRole(174)) - 49655598-56f4-41c4-a924-b5d2880a3f2f@group-13E8E4AE7C93: changes role from      null to FOLLOWER at term 0 for startAsFollower
2019-09-25 05:50:44,389 [pool-585-thread-1] INFO  impl.RoleInfo (RoleInfo.java:updateAndGet(143)) - 49655598-56f4-41c4-a924-b5d2880a3f2f: start FollowerState
2019-09-25 05:50:44,390 [pool-585-thread-1] INFO  util.JmxRegister (JmxRegister.java:tryRegister(44)) - Successfully registered JMX Bean with object name Ratis:service=RaftServer,group=group-13E8E4AE7C93,id=49655598-56f4-41c4-a924-b5d2880a3f2f
2019-09-25 05:50:44,391 [IPC Server handler 0 on 39817] INFO  net.NetworkTopology (NetworkTopologyImpl.java:add(111)) - Added a new node: /default-rack/048cd757-ac0b-449d-96b7-2f2a98d02798
2019-09-25 05:50:44,391 [IPC Server handler 0 on 39817] INFO  node.SCMNodeManager (SCMNodeManager.java:register(266)) - Registered Data node : 048cd757-ac0b-449d-96b7-2f2a98d02798{ip: 192.168.30.10, host: pr-hdds-1569-s62bp-3040748787, networkLocation: /default-rack, certSerialId: null}
2019-09-25 05:50:44,392 [RatisPipelineUtilsThread] INFO  pipeline.PipelineStateManager (PipelineStateManager.java:addPipeline(56)) - Created pipeline Pipeline[ Id: 81f8d1bd-ed4f-44b4-bb59-13e8e4ae7c93, Nodes: 49655598-56f4-41c4-a924-b5d2880a3f2f{ip: 192.168.30.10, host: pr-hdds-1569-s62bp-3040748787, networkLocation: /default-rack, certSerialId: null}, Type:RATIS, Factor:ONE, State:OPEN]
2019-09-25 05:50:44,395 [grpc-default-executor-0] INFO  impl.RaftServerProxy (RaftServerProxy.java:addNew(89)) - 60b026ab-fadd-426f-9b92-f2e4bcc7c7ff: addNew group-70878F7EE4D7:[60b026ab-fadd-426f-9b92-f2e4bcc7c7ff:192.168.30.10:33176] returns group-70878F7EE4D7:java.util.concurrent.CompletableFuture@77cc8b93[Not completed]
2019-09-25 05:50:44,396 [pool-595-thread-1] INFO  impl.RaftServerImpl (RaftServerImpl.java:<init>(95)) - 60b026ab-fadd-426f-9b92-f2e4bcc7c7ff: new RaftServerImpl for group-70878F7EE4D7:[60b026ab-fadd-426f-9b92-f2e4bcc7c7ff:192.168.30.10:33176] with ContainerStateMachine:uninitialized
2019-09-25 05:50:44,396 [pool-595-thread-1] INFO  server.RaftServerConfigKeys (ConfUtils.java:logGet(43)) - raft.server.rpc.timeout.min = 5s (custom)
2019-09-25 05:50:44,396 [pool-595-thread-1] INFO  server.RaftServerConfigKeys (ConfUtils.java:logGet(43)) - raft.server.rpc.timeout.max = 5200ms (custom)
2019-09-25 05:50:44,396 [pool-595-thread-1] INFO  server.RaftServerConfigKeys (ConfUtils.java:logGet(43)) - raft.server.rpcslowness.timeout = 120s (custom)
2019-09-25 05:50:44,396 [pool-595-thread-1] INFO  server.RaftServerConfigKeys (ConfUtils.java:logGet(43)) - raft.server.sleep.deviation.threshold = 300 (default)
2019-09-25 05:50:44,396 [pool-595-thread-1] INFO  server.RaftServerConfigKeys (ConfUtils.java:logGet(43)) - raft.server.log.appender.install.snapshot.enabled = false (custom)
2019-09-25 05:50:44,396 [pool-595-thread-1] INFO  impl.RaftServerImpl (ServerState.java:<init>(103)) - 60b026ab-fadd-426f-9b92-f2e4bcc7c7ff@group-70878F7EE4D7: ConfigurationManager, init=-1: [60b026ab-fadd-426f-9b92-f2e4bcc7c7ff:192.168.30.10:33176], old=null, confs=<EMPTY_MAP>
2019-09-25 05:50:44,396 [pool-595-thread-1] INFO  server.RaftServerConfigKeys (ConfUtils.java:logGet(43)) - raft.server.storage.dir = [/workdir/hadoop-ozone/integration-test/target/test-dir/MiniOzoneClusterImpl-28dc08f8-08b8-4dfd-b771-8384b6a2d499/datanode-1/data/ratis] (custom)
2019-09-25 05:50:44,397 [pool-595-thread-1] INFO  storage.RaftStorageDirectory (RaftStorageDirectory.java:analyzeStorage(246)) - The storage directory /workdir/hadoop-ozone/integration-test/target/test-dir/MiniOzoneClusterImpl-28dc08f8-08b8-4dfd-b771-8384b6a2d499/datanode-1/data/ratis/cb9bfc39-ac57-4cef-9e43-70878f7ee4d7 does not exist. Creating ...
2019-09-25 05:50:44,411 [pool-595-thread-1] INFO  storage.RaftStorageDirectory (RaftStorageDirectory.java:tryLock(328)) - Lock on /workdir/hadoop-ozone/integration-test/target/test-dir/MiniOzoneClusterImpl-28dc08f8-08b8-4dfd-b771-8384b6a2d499/datanode-1/data/ratis/cb9bfc39-ac57-4cef-9e43-70878f7ee4d7/in_use.lock acquired by nodename 13539@pr-hdds-1569-s62bp-3040748787
2019-09-25 05:50:44,437 [pool-595-thread-1] INFO  storage.RaftStorage (RaftStorage.java:format(72)) - Storage directory /workdir/hadoop-ozone/integration-test/target/test-dir/MiniOzoneClusterImpl-28dc08f8-08b8-4dfd-b771-8384b6a2d499/datanode-1/data/ratis/cb9bfc39-ac57-4cef-9e43-70878f7ee4d7 has been successfully formatted.
2019-09-25 05:50:44,437 [pool-595-thread-1] INFO  ratis.ContainerStateMachine (ContainerStateMachine.java:loadSnapshot(230)) - group-70878F7EE4D7: The snapshot info is null. Setting the last applied indexto:(t:0, i:~)
2019-09-25 05:50:44,437 [pool-595-thread-1] INFO  server.RaftServerConfigKeys (ConfUtils.java:logGet(43)) - raft.server.notification.no-leader.timeout = 120s (custom)
2019-09-25 05:50:44,437 [pool-595-thread-1] INFO  server.RaftServerConfigKeys (ConfUtils.java:logGet(43)) - raft.server.log.use.memory = false (default)
2019-09-25 05:50:44,437 [pool-595-thread-1] INFO  server.RaftServerConfigKeys (ConfUtils.java:logGet(43)) - raft.server.log.purge.gap = 1000000 (custom)
2019-09-25 05:50:44,438 [pool-595-thread-1] INFO  server.RaftServerConfigKeys (ConfUtils.java:logGet(43)) - raft.server.log.appender.buffer.byte-limit = 33554432 (custom)
2019-09-25 05:50:44,438 [pool-595-thread-1] INFO  server.RaftServerConfigKeys (ConfUtils.java:logGet(43)) - raft.server.log.segment.size.max = 1048576 (custom)
2019-09-25 05:50:44,438 [pool-595-thread-1] INFO  server.RaftServerConfigKeys (ConfUtils.java:logGet(43)) - raft.server.log.segment.cache.num.max = 2 (custom)
2019-09-25 05:50:44,438 [pool-595-thread-1] INFO  segmented.SegmentedRaftLogWorker (SegmentedRaftLogWorker.java:<init>(172)) - new 60b026ab-fadd-426f-9b92-f2e4bcc7c7ff@group-70878F7EE4D7-SegmentedRaftLogWorker for RaftStorage:Storage Directory /workdir/hadoop-ozone/integration-test/target/test-dir/MiniOzoneClusterImpl-28dc08f8-08b8-4dfd-b771-8384b6a2d499/datanode-1/data/ratis/cb9bfc39-ac57-4cef-9e43-70878f7ee4d7
2019-09-25 05:50:44,438 [pool-595-thread-1] INFO  server.RaftServerConfigKeys (ConfUtils.java:logGet(43)) - raft.server.log.queue.byte-limit = 2147483647 (custom)
2019-09-25 05:50:44,438 [pool-595-thread-1] INFO  server.RaftServerConfigKeys (ConfUtils.java:logGet(43)) - raft.server.log.queue.element-limit = 1024 (custom)
2019-09-25 05:50:44,438 [pool-595-thread-1] INFO  server.RaftServerConfigKeys (ConfUtils.java:logGet(43)) - raft.server.log.segment.size.max = 1048576 (custom)
2019-09-25 05:50:44,439 [pool-595-thread-1] INFO  server.RaftServerConfigKeys (ConfUtils.java:logGet(43)) - raft.server.log.preallocated.size = 16384 (custom)
2019-09-25 05:50:44,439 [pool-595-thread-1] INFO  server.RaftServerConfigKeys (ConfUtils.java:logGet(43)) - raft.server.log.write.buffer.size = 33554432 (custom)
2019-09-25 05:50:44,439 [pool-595-thread-1] INFO  server.RaftServerConfigKeys (ConfUtils.java:logGet(43)) - raft.server.log.force.sync.num = 128 (default)
2019-09-25 05:50:44,439 [pool-595-thread-1] INFO  server.RaftServerConfigKeys (ConfUtils.java:logGet(43)) - raft.server.log.statemachine.data.sync = true (default)
2019-09-25 05:50:44,439 [pool-595-thread-1] INFO  server.RaftServerConfigKeys (ConfUtils.java:logGet(43)) - raft.server.log.statemachine.data.sync.timeout = 10s (default)
2019-09-25 05:50:44,439 [pool-595-thread-1] INFO  server.RaftServerConfigKeys (ConfUtils.java:logGet(43)) - raft.server.log.statemachine.data.sync.timeout.retry = -1 (default)
2019-09-25 05:50:44,440 [pool-595-thread-1] INFO  server.RaftServerConfigKeys (ConfUtils.java:logGet(43)) - raft.server.log.statemachine.data.caching.enabled = true (custom)
2019-09-25 05:50:44,440 [pool-595-thread-1] INFO  segmented.SegmentedRaftLogWorker (SegmentedRaftLogWorker.java:lambda$new$0(132)) - 60b026ab-fadd-426f-9b92-f2e4bcc7c7ff@group-70878F7EE4D7-SegmentedRaftLogWorker: flushIndex: setUnconditionally 0 -> -1
2019-09-25 05:50:44,440 [pool-595-thread-1] INFO  server.RaftServerConfigKeys (ConfUtils.java:logGet(43)) - raft.server.snapshot.auto.trigger.enabled = true (custom)
2019-09-25 05:50:44,440 [pool-595-thread-1] INFO  server.RaftServerConfigKeys (ConfUtils.java:logGet(43)) - raft.server.snapshot.auto.trigger.threshold = 10000 (custom)
2019-09-25 05:50:44,441 [pool-595-thread-1] INFO  server.RaftServerConfigKeys (ConfUtils.java:logGet(43)) - raft.server.snapshot.retention.num.files = 5 (custom)
2019-09-25 05:50:44,441 [pool-595-thread-1] INFO  server.RaftServerConfigKeys (ConfUtils.java:logGet(43)) - raft.server.retrycache.expirytime = 600000ms (custom)
2019-09-25 05:50:44,442 [pool-595-thread-1] INFO  impl.RaftServerImpl (RaftServerImpl.java:start(185)) - 60b026ab-fadd-426f-9b92-f2e4bcc7c7ff@group-70878F7EE4D7: start as a follower, conf=-1: [60b026ab-fadd-426f-9b92-f2e4bcc7c7ff:192.168.30.10:33176], old=null
2019-09-25 05:50:44,443 [pool-595-thread-1] INFO  impl.RaftServerImpl (RaftServerImpl.java:setRole(174)) - 60b026ab-fadd-426f-9b92-f2e4bcc7c7ff@group-70878F7EE4D7: changes role from      null to FOLLOWER at term 0 for startAsFollower
2019-09-25 05:50:44,443 [pool-595-thread-1] INFO  impl.RoleInfo (RoleInfo.java:updateAndGet(143)) - 60b026ab-fadd-426f-9b92-f2e4bcc7c7ff: start FollowerState
2019-09-25 05:50:44,443 [pool-595-thread-1] INFO  util.JmxRegister (JmxRegister.java:tryRegister(44)) - Successfully registered JMX Bean with object name Ratis:service=RaftServer,group=group-70878F7EE4D7,id=60b026ab-fadd-426f-9b92-f2e4bcc7c7ff
2019-09-25 05:50:44,445 [RatisPipelineUtilsThread] INFO  pipeline.PipelineStateManager (PipelineStateManager.java:addPipeline(56)) - Created pipeline Pipeline[ Id: cb9bfc39-ac57-4cef-9e43-70878f7ee4d7, Nodes: 60b026ab-fadd-426f-9b92-f2e4bcc7c7ff{ip: 192.168.30.10, host: pr-hdds-1569-s62bp-3040748787, networkLocation: /default-rack, certSerialId: null}, Type:RATIS, Factor:ONE, State:OPEN]
2019-09-25 05:50:44,449 [grpc-default-executor-0] INFO  impl.RaftServerProxy (RaftServerProxy.java:addNew(89)) - 60b026ab-fadd-426f-9b92-f2e4bcc7c7ff: addNew group-B51FFE235BED:[60b026ab-fadd-426f-9b92-f2e4bcc7c7ff:192.168.30.10:33176] returns group-B51FFE235BED:java.util.concurrent.CompletableFuture@472177e7[Not completed]
2019-09-25 05:50:44,449 [pool-595-thread-1] INFO  impl.RaftServerImpl (RaftServerImpl.java:<init>(95)) - 60b026ab-fadd-426f-9b92-f2e4bcc7c7ff: new RaftServerImpl for group-B51FFE235BED:[60b026ab-fadd-426f-9b92-f2e4bcc7c7ff:192.168.30.10:33176] with ContainerStateMachine:uninitialized
2019-09-25 05:50:44,450 [pool-595-thread-1] INFO  server.RaftServerConfigKeys (ConfUtils.java:logGet(43)) - raft.server.rpc.timeout.min = 5s (custom)
2019-09-25 05:50:44,450 [pool-595-thread-1] INFO  server.RaftServerConfigKeys (ConfUtils.java:logGet(43)) - raft.server.rpc.timeout.max = 5200ms (custom)
2019-09-25 05:50:44,450 [pool-595-thread-1] INFO  server.RaftServerConfigKeys (ConfUtils.java:logGet(43)) - raft.server.rpcslowness.timeout = 120s (custom)
2019-09-25 05:50:44,450 [pool-595-thread-1] INFO  server.RaftServerConfigKeys (ConfUtils.java:logGet(43)) - raft.server.sleep.deviation.threshold = 300 (default)
2019-09-25 05:50:44,450 [pool-595-thread-1] INFO  server.RaftServerConfigKeys (ConfUtils.java:logGet(43)) - raft.server.log.appender.install.snapshot.enabled = false (custom)
2019-09-25 05:50:44,450 [pool-595-thread-1] INFO  impl.RaftServerImpl (ServerState.java:<init>(103)) - 60b026ab-fadd-426f-9b92-f2e4bcc7c7ff@group-B51FFE235BED: ConfigurationManager, init=-1: [60b026ab-fadd-426f-9b92-f2e4bcc7c7ff:192.168.30.10:33176], old=null, confs=<EMPTY_MAP>
2019-09-25 05:50:44,450 [pool-595-thread-1] INFO  server.RaftServerConfigKeys (ConfUtils.java:logGet(43)) - raft.server.storage.dir = [/workdir/hadoop-ozone/integration-test/target/test-dir/MiniOzoneClusterImpl-28dc08f8-08b8-4dfd-b771-8384b6a2d499/datanode-1/data/ratis] (custom)
2019-09-25 05:50:44,451 [pool-595-thread-1] INFO  storage.RaftStorageDirectory (RaftStorageDirectory.java:analyzeStorage(246)) - The storage directory /workdir/hadoop-ozone/integration-test/target/test-dir/MiniOzoneClusterImpl-28dc08f8-08b8-4dfd-b771-8384b6a2d499/datanode-1/data/ratis/f66a0408-900d-4670-bba7-b51ffe235bed does not exist. Creating ...
2019-09-25 05:50:44,463 [pool-595-thread-1] INFO  storage.RaftStorageDirectory (RaftStorageDirectory.java:tryLock(328)) - Lock on /workdir/hadoop-ozone/integration-test/target/test-dir/MiniOzoneClusterImpl-28dc08f8-08b8-4dfd-b771-8384b6a2d499/datanode-1/data/ratis/f66a0408-900d-4670-bba7-b51ffe235bed/in_use.lock acquired by nodename 13539@pr-hdds-1569-s62bp-3040748787
2019-09-25 05:50:44,476 [pool-595-thread-1] INFO  storage.RaftStorage (RaftStorage.java:format(72)) - Storage directory /workdir/hadoop-ozone/integration-test/target/test-dir/MiniOzoneClusterImpl-28dc08f8-08b8-4dfd-b771-8384b6a2d499/datanode-1/data/ratis/f66a0408-900d-4670-bba7-b51ffe235bed has been successfully formatted.
2019-09-25 05:50:44,476 [pool-595-thread-1] INFO  ratis.ContainerStateMachine (ContainerStateMachine.java:loadSnapshot(230)) - group-B51FFE235BED: The snapshot info is null. Setting the last applied indexto:(t:0, i:~)
2019-09-25 05:50:44,476 [pool-595-thread-1] INFO  server.RaftServerConfigKeys (ConfUtils.java:logGet(43)) - raft.server.notification.no-leader.timeout = 120s (custom)
2019-09-25 05:50:44,476 [pool-595-thread-1] INFO  server.RaftServerConfigKeys (ConfUtils.java:logGet(43)) - raft.server.log.use.memory = false (default)
2019-09-25 05:50:44,476 [pool-595-thread-1] INFO  server.RaftServerConfigKeys (ConfUtils.java:logGet(43)) - raft.server.log.purge.gap = 1000000 (custom)
2019-09-25 05:50:44,477 [pool-595-thread-1] INFO  server.RaftServerConfigKeys (ConfUtils.java:logGet(43)) - raft.server.log.appender.buffer.byte-limit = 33554432 (custom)
2019-09-25 05:50:44,477 [pool-595-thread-1] INFO  server.RaftServerConfigKeys (ConfUtils.java:logGet(43)) - raft.server.log.segment.size.max = 1048576 (custom)
2019-09-25 05:50:44,477 [pool-595-thread-1] INFO  server.RaftServerConfigKeys (ConfUtils.java:logGet(43)) - raft.server.log.segment.cache.num.max = 2 (custom)
2019-09-25 05:50:44,477 [pool-595-thread-1] INFO  segmented.SegmentedRaftLogWorker (SegmentedRaftLogWorker.java:<init>(172)) - new 60b026ab-fadd-426f-9b92-f2e4bcc7c7ff@group-B51FFE235BED-SegmentedRaftLogWorker for RaftStorage:Storage Directory /workdir/hadoop-ozone/integration-test/target/test-dir/MiniOzoneClusterImpl-28dc08f8-08b8-4dfd-b771-8384b6a2d499/datanode-1/data/ratis/f66a0408-900d-4670-bba7-b51ffe235bed
2019-09-25 05:50:44,477 [pool-595-thread-1] INFO  server.RaftServerConfigKeys (ConfUtils.java:logGet(43)) - raft.server.log.queue.byte-limit = 2147483647 (custom)
2019-09-25 05:50:44,477 [pool-595-thread-1] INFO  server.RaftServerConfigKeys (ConfUtils.java:logGet(43)) - raft.server.log.queue.element-limit = 1024 (custom)
2019-09-25 05:50:44,477 [pool-595-thread-1] INFO  server.RaftServerConfigKeys (ConfUtils.java:logGet(43)) - raft.server.log.segment.size.max = 1048576 (custom)
2019-09-25 05:50:44,478 [pool-595-thread-1] INFO  server.RaftServerConfigKeys (ConfUtils.java:logGet(43)) - raft.server.log.preallocated.size = 16384 (custom)
2019-09-25 05:50:44,478 [pool-595-thread-1] INFO  server.RaftServerConfigKeys (ConfUtils.java:logGet(43)) - raft.server.log.write.buffer.size = 33554432 (custom)
2019-09-25 05:50:44,478 [pool-595-thread-1] INFO  server.RaftServerConfigKeys (ConfUtils.java:logGet(43)) - raft.server.log.force.sync.num = 128 (default)
2019-09-25 05:50:44,478 [pool-595-thread-1] INFO  server.RaftServerConfigKeys (ConfUtils.java:logGet(43)) - raft.server.log.statemachine.data.sync = true (default)
2019-09-25 05:50:44,478 [pool-595-thread-1] INFO  server.RaftServerConfigKeys (ConfUtils.java:logGet(43)) - raft.server.log.statemachine.data.sync.timeout = 10s (default)
2019-09-25 05:50:44,478 [pool-595-thread-1] INFO  server.RaftServerConfigKeys (ConfUtils.java:logGet(43)) - raft.server.log.statemachine.data.sync.timeout.retry = -1 (default)
2019-09-25 05:50:44,478 [pool-595-thread-1] INFO  server.RaftServerConfigKeys (ConfUtils.java:logGet(43)) - raft.server.log.statemachine.data.caching.enabled = true (custom)
2019-09-25 05:50:44,479 [pool-595-thread-1] INFO  segmented.SegmentedRaftLogWorker (SegmentedRaftLogWorker.java:lambda$new$0(132)) - 60b026ab-fadd-426f-9b92-f2e4bcc7c7ff@group-B51FFE235BED-SegmentedRaftLogWorker: flushIndex: setUnconditionally 0 -> -1
2019-09-25 05:50:44,479 [pool-595-thread-1] INFO  server.RaftServerConfigKeys (ConfUtils.java:logGet(43)) - raft.server.snapshot.auto.trigger.enabled = true (custom)
2019-09-25 05:50:44,479 [pool-595-thread-1] INFO  server.RaftServerConfigKeys (ConfUtils.java:logGet(43)) - raft.server.snapshot.auto.trigger.threshold = 10000 (custom)
2019-09-25 05:50:44,479 [pool-595-thread-1] INFO  server.RaftServerConfigKeys (ConfUtils.java:logGet(43)) - raft.server.snapshot.retention.num.files = 5 (custom)
2019-09-25 05:50:44,479 [pool-595-thread-1] INFO  server.RaftServerConfigKeys (ConfUtils.java:logGet(43)) - raft.server.retrycache.expirytime = 600000ms (custom)
2019-09-25 05:50:44,481 [pool-595-thread-1] INFO  impl.RaftServerImpl (RaftServerImpl.java:start(185)) - 60b026ab-fadd-426f-9b92-f2e4bcc7c7ff@group-B51FFE235BED: start as a follower, conf=-1: [60b026ab-fadd-426f-9b92-f2e4bcc7c7ff:192.168.30.10:33176], old=null
2019-09-25 05:50:44,481 [pool-595-thread-1] INFO  impl.RaftServerImpl (RaftServerImpl.java:setRole(174)) - 60b026ab-fadd-426f-9b92-f2e4bcc7c7ff@group-B51FFE235BED: changes role from      null to FOLLOWER at term 0 for startAsFollower
2019-09-25 05:50:44,481 [pool-595-thread-1] INFO  impl.RoleInfo (RoleInfo.java:updateAndGet(143)) - 60b026ab-fadd-426f-9b92-f2e4bcc7c7ff: start FollowerState
2019-09-25 05:50:44,482 [pool-595-thread-1] INFO  util.JmxRegister (JmxRegister.java:tryRegister(44)) - Successfully registered JMX Bean with object name Ratis:service=RaftServer,group=group-B51FFE235BED,id=60b026ab-fadd-426f-9b92-f2e4bcc7c7ff
2019-09-25 05:50:44,484 [RatisPipelineUtilsThread] INFO  pipeline.PipelineStateManager (PipelineStateManager.java:addPipeline(56)) - Created pipeline Pipeline[ Id: f66a0408-900d-4670-bba7-b51ffe235bed, Nodes: 60b026ab-fadd-426f-9b92-f2e4bcc7c7ff{ip: 192.168.30.10, host: pr-hdds-1569-s62bp-3040748787, networkLocation: /default-rack, certSerialId: null}, Type:RATIS, Factor:ONE, State:OPEN]
2019-09-25 05:50:44,485 [IPC Server handler 2 on 39817] INFO  net.NetworkTopology (NetworkTopologyImpl.java:add(111)) - Added a new node: /default-rack/8aaa6fc6-f7fb-4882-accc-fabfb9faa78a
2019-09-25 05:50:44,485 [IPC Server handler 2 on 39817] INFO  node.SCMNodeManager (SCMNodeManager.java:register(266)) - Registered Data node : 8aaa6fc6-f7fb-4882-accc-fabfb9faa78a{ip: 192.168.30.10, host: pr-hdds-1569-s62bp-3040748787, networkLocation: /default-rack, certSerialId: null}
2019-09-25 05:50:44,487 [grpc-default-executor-0] INFO  impl.RaftServerProxy (RaftServerProxy.java:addNew(89)) - 49655598-56f4-41c4-a924-b5d2880a3f2f: addNew group-F222B3313DD0:[49655598-56f4-41c4-a924-b5d2880a3f2f:192.168.30.10:40919] returns group-F222B3313DD0:java.util.concurrent.CompletableFuture@60120908[Not completed]
2019-09-25 05:50:44,488 [pool-585-thread-1] INFO  impl.RaftServerImpl (RaftServerImpl.java:<init>(95)) - 49655598-56f4-41c4-a924-b5d2880a3f2f: new RaftServerImpl for group-F222B3313DD0:[49655598-56f4-41c4-a924-b5d2880a3f2f:192.168.30.10:40919] with ContainerStateMachine:uninitialized
2019-09-25 05:50:44,488 [pool-585-thread-1] INFO  server.RaftServerConfigKeys (ConfUtils.java:logGet(43)) - raft.server.rpc.timeout.min = 5s (custom)
2019-09-25 05:50:44,488 [pool-585-thread-1] INFO  server.RaftServerConfigKeys (ConfUtils.java:logGet(43)) - raft.server.rpc.timeout.max = 5200ms (custom)
2019-09-25 05:50:44,488 [pool-585-thread-1] INFO  server.RaftServerConfigKeys (ConfUtils.java:logGet(43)) - raft.server.rpcslowness.timeout = 120s (custom)
2019-09-25 05:50:44,488 [pool-585-thread-1] INFO  server.RaftServerConfigKeys (ConfUtils.java:logGet(43)) - raft.server.sleep.deviation.threshold = 300 (default)
2019-09-25 05:50:44,488 [pool-585-thread-1] INFO  server.RaftServerConfigKeys (ConfUtils.java:logGet(43)) - raft.server.log.appender.install.snapshot.enabled = false (custom)
2019-09-25 05:50:44,488 [pool-585-thread-1] INFO  impl.RaftServerImpl (ServerState.java:<init>(103)) - 49655598-56f4-41c4-a924-b5d2880a3f2f@group-F222B3313DD0: ConfigurationManager, init=-1: [49655598-56f4-41c4-a924-b5d2880a3f2f:192.168.30.10:40919], old=null, confs=<EMPTY_MAP>
2019-09-25 05:50:44,488 [pool-585-thread-1] INFO  server.RaftServerConfigKeys (ConfUtils.java:logGet(43)) - raft.server.storage.dir = [/workdir/hadoop-ozone/integration-test/target/test-dir/MiniOzoneClusterImpl-28dc08f8-08b8-4dfd-b771-8384b6a2d499/datanode-0/data/ratis] (custom)
2019-09-25 05:50:44,489 [pool-585-thread-1] INFO  storage.RaftStorageDirectory (RaftStorageDirectory.java:analyzeStorage(246)) - The storage directory /workdir/hadoop-ozone/integration-test/target/test-dir/MiniOzoneClusterImpl-28dc08f8-08b8-4dfd-b771-8384b6a2d499/datanode-0/data/ratis/c407f1e2-bc58-4b77-bf72-f222b3313dd0 does not exist. Creating ...
2019-09-25 05:50:44,501 [pool-585-thread-1] INFO  storage.RaftStorageDirectory (RaftStorageDirectory.java:tryLock(328)) - Lock on /workdir/hadoop-ozone/integration-test/target/test-dir/MiniOzoneClusterImpl-28dc08f8-08b8-4dfd-b771-8384b6a2d499/datanode-0/data/ratis/c407f1e2-bc58-4b77-bf72-f222b3313dd0/in_use.lock acquired by nodename 13539@pr-hdds-1569-s62bp-3040748787
2019-09-25 05:50:44,514 [pool-585-thread-1] INFO  storage.RaftStorage (RaftStorage.java:format(72)) - Storage directory /workdir/hadoop-ozone/integration-test/target/test-dir/MiniOzoneClusterImpl-28dc08f8-08b8-4dfd-b771-8384b6a2d499/datanode-0/data/ratis/c407f1e2-bc58-4b77-bf72-f222b3313dd0 has been successfully formatted.
2019-09-25 05:50:44,514 [pool-585-thread-1] INFO  ratis.ContainerStateMachine (ContainerStateMachine.java:loadSnapshot(230)) - group-F222B3313DD0: The snapshot info is null. Setting the last applied indexto:(t:0, i:~)
2019-09-25 05:50:44,514 [pool-585-thread-1] INFO  server.RaftServerConfigKeys (ConfUtils.java:logGet(43)) - raft.server.notification.no-leader.timeout = 120s (custom)
2019-09-25 05:50:44,514 [pool-585-thread-1] INFO  server.RaftServerConfigKeys (ConfUtils.java:logGet(43)) - raft.server.log.use.memory = false (default)
2019-09-25 05:50:44,515 [pool-585-thread-1] INFO  server.RaftServerConfigKeys (ConfUtils.java:logGet(43)) - raft.server.log.purge.gap = 1000000 (custom)
2019-09-25 05:50:44,515 [pool-585-thread-1] INFO  server.RaftServerConfigKeys (ConfUtils.java:logGet(43)) - raft.server.log.appender.buffer.byte-limit = 33554432 (custom)
2019-09-25 05:50:44,515 [pool-585-thread-1] INFO  server.RaftServerConfigKeys (ConfUtils.java:logGet(43)) - raft.server.log.segment.size.max = 1048576 (custom)
2019-09-25 05:50:44,515 [pool-585-thread-1] INFO  server.RaftServerConfigKeys (ConfUtils.java:logGet(43)) - raft.server.log.segment.cache.num.max = 2 (custom)
2019-09-25 05:50:44,515 [pool-585-thread-1] INFO  segmented.SegmentedRaftLogWorker (SegmentedRaftLogWorker.java:<init>(172)) - new 49655598-56f4-41c4-a924-b5d2880a3f2f@group-F222B3313DD0-SegmentedRaftLogWorker for RaftStorage:Storage Directory /workdir/hadoop-ozone/integration-test/target/test-dir/MiniOzoneClusterImpl-28dc08f8-08b8-4dfd-b771-8384b6a2d499/datanode-0/data/ratis/c407f1e2-bc58-4b77-bf72-f222b3313dd0
2019-09-25 05:50:44,515 [pool-585-thread-1] INFO  server.RaftServerConfigKeys (ConfUtils.java:logGet(43)) - raft.server.log.queue.byte-limit = 2147483647 (custom)
2019-09-25 05:50:44,515 [pool-585-thread-1] INFO  server.RaftServerConfigKeys (ConfUtils.java:logGet(43)) - raft.server.log.queue.element-limit = 1024 (custom)
2019-09-25 05:50:44,516 [pool-585-thread-1] INFO  server.RaftServerConfigKeys (ConfUtils.java:logGet(43)) - raft.server.log.segment.size.max = 1048576 (custom)
2019-09-25 05:50:44,516 [pool-585-thread-1] INFO  server.RaftServerConfigKeys (ConfUtils.java:logGet(43)) - raft.server.log.preallocated.size = 16384 (custom)
2019-09-25 05:50:44,516 [pool-585-thread-1] INFO  server.RaftServerConfigKeys (ConfUtils.java:logGet(43)) - raft.server.log.write.buffer.size = 33554432 (custom)
2019-09-25 05:50:44,516 [pool-585-thread-1] INFO  server.RaftServerConfigKeys (ConfUtils.java:logGet(43)) - raft.server.log.force.sync.num = 128 (default)
2019-09-25 05:50:44,516 [pool-585-thread-1] INFO  server.RaftServerConfigKeys (ConfUtils.java:logGet(43)) - raft.server.log.statemachine.data.sync = true (default)
2019-09-25 05:50:44,516 [pool-585-thread-1] INFO  server.RaftServerConfigKeys (ConfUtils.java:logGet(43)) - raft.server.log.statemachine.data.sync.timeout = 10s (default)
2019-09-25 05:50:44,516 [pool-585-thread-1] INFO  server.RaftServerConfigKeys (ConfUtils.java:logGet(43)) - raft.server.log.statemachine.data.sync.timeout.retry = -1 (default)
2019-09-25 05:50:44,517 [pool-585-thread-1] INFO  server.RaftServerConfigKeys (ConfUtils.java:logGet(43)) - raft.server.log.statemachine.data.caching.enabled = true (custom)
2019-09-25 05:50:44,517 [pool-585-thread-1] INFO  segmented.SegmentedRaftLogWorker (SegmentedRaftLogWorker.java:lambda$new$0(132)) - 49655598-56f4-41c4-a924-b5d2880a3f2f@group-F222B3313DD0-SegmentedRaftLogWorker: flushIndex: setUnconditionally 0 -> -1
2019-09-25 05:50:44,517 [pool-585-thread-1] INFO  server.RaftServerConfigKeys (ConfUtils.java:logGet(43)) - raft.server.snapshot.auto.trigger.enabled = true (custom)
2019-09-25 05:50:44,517 [pool-585-thread-1] INFO  server.RaftServerConfigKeys (ConfUtils.java:logGet(43)) - raft.server.snapshot.auto.trigger.threshold = 10000 (custom)
2019-09-25 05:50:44,517 [pool-585-thread-1] INFO  server.RaftServerConfigKeys (ConfUtils.java:logGet(43)) - raft.server.snapshot.retention.num.files = 5 (custom)
2019-09-25 05:50:44,518 [pool-585-thread-1] INFO  server.RaftServerConfigKeys (ConfUtils.java:logGet(43)) - raft.server.retrycache.expirytime = 600000ms (custom)
2019-09-25 05:50:44,519 [pool-585-thread-1] INFO  impl.RaftServerImpl (RaftServerImpl.java:start(185)) - 49655598-56f4-41c4-a924-b5d2880a3f2f@group-F222B3313DD0: start as a follower, conf=-1: [49655598-56f4-41c4-a924-b5d2880a3f2f:192.168.30.10:40919], old=null
2019-09-25 05:50:44,519 [pool-585-thread-1] INFO  impl.RaftServerImpl (RaftServerImpl.java:setRole(174)) - 49655598-56f4-41c4-a924-b5d2880a3f2f@group-F222B3313DD0: changes role from      null to FOLLOWER at term 0 for startAsFollower
2019-09-25 05:50:44,519 [pool-585-thread-1] INFO  impl.RoleInfo (RoleInfo.java:updateAndGet(143)) - 49655598-56f4-41c4-a924-b5d2880a3f2f: start FollowerState
2019-09-25 05:50:44,520 [pool-585-thread-1] INFO  util.JmxRegister (JmxRegister.java:tryRegister(44)) - Successfully registered JMX Bean with object name Ratis:service=RaftServer,group=group-F222B3313DD0,id=49655598-56f4-41c4-a924-b5d2880a3f2f
2019-09-25 05:50:44,522 [RatisPipelineUtilsThread] INFO  pipeline.PipelineStateManager (PipelineStateManager.java:addPipeline(56)) - Created pipeline Pipeline[ Id: c407f1e2-bc58-4b77-bf72-f222b3313dd0, Nodes: 49655598-56f4-41c4-a924-b5d2880a3f2f{ip: 192.168.30.10, host: pr-hdds-1569-s62bp-3040748787, networkLocation: /default-rack, certSerialId: null}, Type:RATIS, Factor:ONE, State:OPEN]
2019-09-25 05:50:44,522 [RatisPipelineUtilsThread] INFO  pipeline.PipelinePlacementPolicy (PipelinePlacementPolicy.java:meetCriteria(91)) - Pipeline Placement: Doesn't meet the criteria to be viable node： 49655598-56f4-41c4-a924-b5d2880a3f2f Heaviness: 6 limit: 5
2019-09-25 05:50:44,525 [grpc-default-executor-0] INFO  impl.RaftServerProxy (RaftServerProxy.java:addNew(89)) - 998f0c91-f727-4973-bd37-e1a81f390f6c: addNew group-52AB6426FEED:[998f0c91-f727-4973-bd37-e1a81f390f6c:192.168.30.10:43497] returns group-52AB6426FEED:java.util.concurrent.CompletableFuture@bd6ca29[Not completed]
2019-09-25 05:50:44,526 [pool-605-thread-1] INFO  impl.RaftServerImpl (RaftServerImpl.java:<init>(95)) - 998f0c91-f727-4973-bd37-e1a81f390f6c: new RaftServerImpl for group-52AB6426FEED:[998f0c91-f727-4973-bd37-e1a81f390f6c:192.168.30.10:43497] with ContainerStateMachine:uninitialized
2019-09-25 05:50:44,526 [pool-605-thread-1] INFO  server.RaftServerConfigKeys (ConfUtils.java:logGet(43)) - raft.server.rpc.timeout.min = 5s (custom)
2019-09-25 05:50:44,526 [pool-605-thread-1] INFO  server.RaftServerConfigKeys (ConfUtils.java:logGet(43)) - raft.server.rpc.timeout.max = 5200ms (custom)
2019-09-25 05:50:44,526 [pool-605-thread-1] INFO  server.RaftServerConfigKeys (ConfUtils.java:logGet(43)) - raft.server.rpcslowness.timeout = 120s (custom)
2019-09-25 05:50:44,526 [pool-605-thread-1] INFO  server.RaftServerConfigKeys (ConfUtils.java:logGet(43)) - raft.server.sleep.deviation.threshold = 300 (default)
2019-09-25 05:50:44,527 [pool-605-thread-1] INFO  server.RaftServerConfigKeys (ConfUtils.java:logGet(43)) - raft.server.log.appender.install.snapshot.enabled = false (custom)
2019-09-25 05:50:44,527 [pool-605-thread-1] INFO  impl.RaftServerImpl (ServerState.java:<init>(103)) - 998f0c91-f727-4973-bd37-e1a81f390f6c@group-52AB6426FEED: ConfigurationManager, init=-1: [998f0c91-f727-4973-bd37-e1a81f390f6c:192.168.30.10:43497], old=null, confs=<EMPTY_MAP>
2019-09-25 05:50:44,527 [pool-605-thread-1] INFO  server.RaftServerConfigKeys (ConfUtils.java:logGet(43)) - raft.server.storage.dir = [/workdir/hadoop-ozone/integration-test/target/test-dir/MiniOzoneClusterImpl-28dc08f8-08b8-4dfd-b771-8384b6a2d499/datanode-2/data/ratis] (custom)
2019-09-25 05:50:44,527 [pool-605-thread-1] INFO  storage.RaftStorageDirectory (RaftStorageDirectory.java:analyzeStorage(246)) - The storage directory /workdir/hadoop-ozone/integration-test/target/test-dir/MiniOzoneClusterImpl-28dc08f8-08b8-4dfd-b771-8384b6a2d499/datanode-2/data/ratis/47a3a4bc-06d7-4ce6-a84c-52ab6426feed does not exist. Creating ...
2019-09-25 05:50:44,540 [pool-605-thread-1] INFO  storage.RaftStorageDirectory (RaftStorageDirectory.java:tryLock(328)) - Lock on /workdir/hadoop-ozone/integration-test/target/test-dir/MiniOzoneClusterImpl-28dc08f8-08b8-4dfd-b771-8384b6a2d499/datanode-2/data/ratis/47a3a4bc-06d7-4ce6-a84c-52ab6426feed/in_use.lock acquired by nodename 13539@pr-hdds-1569-s62bp-3040748787
2019-09-25 05:50:44,549 [main] INFO  ozone.MiniOzoneClusterImpl (MiniOzoneClusterImpl.java:lambda$waitForClusterToBeReady$0(147)) - Waiting for cluster to be ready. Got 6 of 7 DN Heartbeats.
2019-09-25 05:50:44,550 [IPC Server handler 3 on 39817] INFO  net.NetworkTopology (NetworkTopologyImpl.java:add(111)) - Added a new node: /default-rack/91378772-90ea-4250-835f-6b2053232693
2019-09-25 05:50:44,551 [IPC Server handler 3 on 39817] INFO  node.SCMNodeManager (SCMNodeManager.java:register(266)) - Registered Data node : 91378772-90ea-4250-835f-6b2053232693{ip: 192.168.30.10, host: pr-hdds-1569-s62bp-3040748787, networkLocation: /default-rack, certSerialId: null}
2019-09-25 05:50:44,552 [pool-605-thread-1] INFO  storage.RaftStorage (RaftStorage.java:format(72)) - Storage directory /workdir/hadoop-ozone/integration-test/target/test-dir/MiniOzoneClusterImpl-28dc08f8-08b8-4dfd-b771-8384b6a2d499/datanode-2/data/ratis/47a3a4bc-06d7-4ce6-a84c-52ab6426feed has been successfully formatted.
2019-09-25 05:50:44,552 [pool-605-thread-1] INFO  ratis.ContainerStateMachine (ContainerStateMachine.java:loadSnapshot(230)) - group-52AB6426FEED: The snapshot info is null. Setting the last applied indexto:(t:0, i:~)
2019-09-25 05:50:44,553 [pool-605-thread-1] INFO  server.RaftServerConfigKeys (ConfUtils.java:logGet(43)) - raft.server.notification.no-leader.timeout = 120s (custom)
2019-09-25 05:50:44,553 [pool-605-thread-1] INFO  server.RaftServerConfigKeys (ConfUtils.java:logGet(43)) - raft.server.log.use.memory = false (default)
2019-09-25 05:50:44,553 [pool-605-thread-1] INFO  server.RaftServerConfigKeys (ConfUtils.java:logGet(43)) - raft.server.log.purge.gap = 1000000 (custom)
2019-09-25 05:50:44,553 [pool-605-thread-1] INFO  server.RaftServerConfigKeys (ConfUtils.java:logGet(43)) - raft.server.log.appender.buffer.byte-limit = 33554432 (custom)
2019-09-25 05:50:44,553 [pool-605-thread-1] INFO  server.RaftServerConfigKeys (ConfUtils.java:logGet(43)) - raft.server.log.segment.size.max = 1048576 (custom)
2019-09-25 05:50:44,553 [pool-605-thread-1] INFO  server.RaftServerConfigKeys (ConfUtils.java:logGet(43)) - raft.server.log.segment.cache.num.max = 2 (custom)
2019-09-25 05:50:44,553 [pool-605-thread-1] INFO  segmented.SegmentedRaftLogWorker (SegmentedRaftLogWorker.java:<init>(172)) - new 998f0c91-f727-4973-bd37-e1a81f390f6c@group-52AB6426FEED-SegmentedRaftLogWorker for RaftStorage:Storage Directory /workdir/hadoop-ozone/integration-test/target/test-dir/MiniOzoneClusterImpl-28dc08f8-08b8-4dfd-b771-8384b6a2d499/datanode-2/data/ratis/47a3a4bc-06d7-4ce6-a84c-52ab6426feed
2019-09-25 05:50:44,553 [pool-605-thread-1] INFO  server.RaftServerConfigKeys (ConfUtils.java:logGet(43)) - raft.server.log.queue.byte-limit = 2147483647 (custom)
2019-09-25 05:50:44,554 [pool-605-thread-1] INFO  server.RaftServerConfigKeys (ConfUtils.java:logGet(43)) - raft.server.log.queue.element-limit = 1024 (custom)
2019-09-25 05:50:44,554 [pool-605-thread-1] INFO  server.RaftServerConfigKeys (ConfUtils.java:logGet(43)) - raft.server.log.segment.size.max = 1048576 (custom)
2019-09-25 05:50:44,554 [pool-605-thread-1] INFO  server.RaftServerConfigKeys (ConfUtils.java:logGet(43)) - raft.server.log.preallocated.size = 16384 (custom)
2019-09-25 05:50:44,554 [pool-605-thread-1] INFO  server.RaftServerConfigKeys (ConfUtils.java:logGet(43)) - raft.server.log.write.buffer.size = 33554432 (custom)
2019-09-25 05:50:44,554 [pool-605-thread-1] INFO  server.RaftServerConfigKeys (ConfUtils.java:logGet(43)) - raft.server.log.force.sync.num = 128 (default)
2019-09-25 05:50:44,554 [pool-605-thread-1] INFO  server.RaftServerConfigKeys (ConfUtils.java:logGet(43)) - raft.server.log.statemachine.data.sync = true (default)
2019-09-25 05:50:44,554 [pool-605-thread-1] INFO  server.RaftServerConfigKeys (ConfUtils.java:logGet(43)) - raft.server.log.statemachine.data.sync.timeout = 10s (default)
2019-09-25 05:50:44,555 [pool-605-thread-1] INFO  server.RaftServerConfigKeys (ConfUtils.java:logGet(43)) - raft.server.log.statemachine.data.sync.timeout.retry = -1 (default)
2019-09-25 05:50:44,555 [pool-605-thread-1] INFO  server.RaftServerConfigKeys (ConfUtils.java:logGet(43)) - raft.server.log.statemachine.data.caching.enabled = true (custom)
2019-09-25 05:50:44,555 [pool-605-thread-1] INFO  segmented.SegmentedRaftLogWorker (SegmentedRaftLogWorker.java:lambda$new$0(132)) - 998f0c91-f727-4973-bd37-e1a81f390f6c@group-52AB6426FEED-SegmentedRaftLogWorker: flushIndex: setUnconditionally 0 -> -1
2019-09-25 05:50:44,555 [pool-605-thread-1] INFO  server.RaftServerConfigKeys (ConfUtils.java:logGet(43)) - raft.server.snapshot.auto.trigger.enabled = true (custom)
2019-09-25 05:50:44,555 [pool-605-thread-1] INFO  server.RaftServerConfigKeys (ConfUtils.java:logGet(43)) - raft.server.snapshot.auto.trigger.threshold = 10000 (custom)
2019-09-25 05:50:44,556 [pool-605-thread-1] INFO  server.RaftServerConfigKeys (ConfUtils.java:logGet(43)) - raft.server.snapshot.retention.num.files = 5 (custom)
2019-09-25 05:50:44,556 [pool-605-thread-1] INFO  server.RaftServerConfigKeys (ConfUtils.java:logGet(43)) - raft.server.retrycache.expirytime = 600000ms (custom)
2019-09-25 05:50:44,557 [pool-605-thread-1] INFO  impl.RaftServerImpl (RaftServerImpl.java:start(185)) - 998f0c91-f727-4973-bd37-e1a81f390f6c@group-52AB6426FEED: start as a follower, conf=-1: [998f0c91-f727-4973-bd37-e1a81f390f6c:192.168.30.10:43497], old=null
2019-09-25 05:50:44,557 [pool-605-thread-1] INFO  impl.RaftServerImpl (RaftServerImpl.java:setRole(174)) - 998f0c91-f727-4973-bd37-e1a81f390f6c@group-52AB6426FEED: changes role from      null to FOLLOWER at term 0 for startAsFollower
2019-09-25 05:50:44,557 [pool-605-thread-1] INFO  impl.RoleInfo (RoleInfo.java:updateAndGet(143)) - 998f0c91-f727-4973-bd37-e1a81f390f6c: start FollowerState
2019-09-25 05:50:44,558 [pool-605-thread-1] INFO  util.JmxRegister (JmxRegister.java:tryRegister(44)) - Successfully registered JMX Bean with object name Ratis:service=RaftServer,group=group-52AB6426FEED,id=998f0c91-f727-4973-bd37-e1a81f390f6c
2019-09-25 05:50:44,560 [RatisPipelineUtilsThread] INFO  pipeline.PipelineStateManager (PipelineStateManager.java:addPipeline(56)) - Created pipeline Pipeline[ Id: 47a3a4bc-06d7-4ce6-a84c-52ab6426feed, Nodes: 998f0c91-f727-4973-bd37-e1a81f390f6c{ip: 192.168.30.10, host: pr-hdds-1569-s62bp-3040748787, networkLocation: /default-rack, certSerialId: null}, Type:RATIS, Factor:ONE, State:OPEN]
2019-09-25 05:50:44,560 [RatisPipelineUtilsThread] INFO  pipeline.PipelinePlacementPolicy (PipelinePlacementPolicy.java:meetCriteria(91)) - Pipeline Placement: Doesn't meet the criteria to be viable node： 49655598-56f4-41c4-a924-b5d2880a3f2f Heaviness: 6 limit: 5
2019-09-25 05:50:44,570 [grpc-default-executor-0] INFO  impl.RaftServerProxy (RaftServerProxy.java:addNew(89)) - ddf6e088-733e-4b9a-8ca4-5a6f511d9b5a: addNew group-30D16DE0CE22:[ddf6e088-733e-4b9a-8ca4-5a6f511d9b5a:192.168.30.10:39166] returns group-30D16DE0CE22:java.util.concurrent.CompletableFuture@634d3053[Not completed]
2019-09-25 05:50:44,571 [pool-615-thread-1] INFO  impl.RaftServerImpl (RaftServerImpl.java:<init>(95)) - ddf6e088-733e-4b9a-8ca4-5a6f511d9b5a: new RaftServerImpl for group-30D16DE0CE22:[ddf6e088-733e-4b9a-8ca4-5a6f511d9b5a:192.168.30.10:39166] with ContainerStateMachine:uninitialized
2019-09-25 05:50:44,571 [pool-615-thread-1] INFO  server.RaftServerConfigKeys (ConfUtils.java:logGet(43)) - raft.server.rpc.timeout.min = 5s (custom)
2019-09-25 05:50:44,571 [pool-615-thread-1] INFO  server.RaftServerConfigKeys (ConfUtils.java:logGet(43)) - raft.server.rpc.timeout.max = 5200ms (custom)
2019-09-25 05:50:44,571 [pool-615-thread-1] INFO  server.RaftServerConfigKeys (ConfUtils.java:logGet(43)) - raft.server.rpcslowness.timeout = 120s (custom)
2019-09-25 05:50:44,571 [pool-615-thread-1] INFO  server.RaftServerConfigKeys (ConfUtils.java:logGet(43)) - raft.server.sleep.deviation.threshold = 300 (default)
2019-09-25 05:50:44,571 [pool-615-thread-1] INFO  server.RaftServerConfigKeys (ConfUtils.java:logGet(43)) - raft.server.log.appender.install.snapshot.enabled = false (custom)
2019-09-25 05:50:44,572 [pool-615-thread-1] INFO  impl.RaftServerImpl (ServerState.java:<init>(103)) - ddf6e088-733e-4b9a-8ca4-5a6f511d9b5a@group-30D16DE0CE22: ConfigurationManager, init=-1: [ddf6e088-733e-4b9a-8ca4-5a6f511d9b5a:192.168.30.10:39166], old=null, confs=<EMPTY_MAP>
2019-09-25 05:50:44,572 [pool-615-thread-1] INFO  server.RaftServerConfigKeys (ConfUtils.java:logGet(43)) - raft.server.storage.dir = [/workdir/hadoop-ozone/integration-test/target/test-dir/MiniOzoneClusterImpl-28dc08f8-08b8-4dfd-b771-8384b6a2d499/datanode-3/data/ratis] (custom)
2019-09-25 05:50:44,572 [pool-615-thread-1] INFO  storage.RaftStorageDirectory (RaftStorageDirectory.java:analyzeStorage(246)) - The storage directory /workdir/hadoop-ozone/integration-test/target/test-dir/MiniOzoneClusterImpl-28dc08f8-08b8-4dfd-b771-8384b6a2d499/datanode-3/data/ratis/d1ec6a9c-b8bf-4b82-bb23-30d16de0ce22 does not exist. Creating ...
2019-09-25 05:50:44,585 [pool-615-thread-1] INFO  storage.RaftStorageDirectory (RaftStorageDirectory.java:tryLock(328)) - Lock on /workdir/hadoop-ozone/integration-test/target/test-dir/MiniOzoneClusterImpl-28dc08f8-08b8-4dfd-b771-8384b6a2d499/datanode-3/data/ratis/d1ec6a9c-b8bf-4b82-bb23-30d16de0ce22/in_use.lock acquired by nodename 13539@pr-hdds-1569-s62bp-3040748787
2019-09-25 05:50:44,616 [pool-615-thread-1] INFO  storage.RaftStorage (RaftStorage.java:format(72)) - Storage directory /workdir/hadoop-ozone/integration-test/target/test-dir/MiniOzoneClusterImpl-28dc08f8-08b8-4dfd-b771-8384b6a2d499/datanode-3/data/ratis/d1ec6a9c-b8bf-4b82-bb23-30d16de0ce22 has been successfully formatted.
2019-09-25 05:50:44,617 [pool-615-thread-1] INFO  ratis.ContainerStateMachine (ContainerStateMachine.java:loadSnapshot(230)) - group-30D16DE0CE22: The snapshot info is null. Setting the last applied indexto:(t:0, i:~)
2019-09-25 05:50:44,617 [pool-615-thread-1] INFO  server.RaftServerConfigKeys (ConfUtils.java:logGet(43)) - raft.server.notification.no-leader.timeout = 120s (custom)
2019-09-25 05:50:44,617 [pool-615-thread-1] INFO  server.RaftServerConfigKeys (ConfUtils.java:logGet(43)) - raft.server.log.use.memory = false (default)
2019-09-25 05:50:44,617 [pool-615-thread-1] INFO  server.RaftServerConfigKeys (ConfUtils.java:logGet(43)) - raft.server.log.purge.gap = 1000000 (custom)
2019-09-25 05:50:44,617 [pool-615-thread-1] INFO  server.RaftServerConfigKeys (ConfUtils.java:logGet(43)) - raft.server.log.appender.buffer.byte-limit = 33554432 (custom)
2019-09-25 05:50:44,617 [pool-615-thread-1] INFO  server.RaftServerConfigKeys (ConfUtils.java:logGet(43)) - raft.server.log.segment.size.max = 1048576 (custom)
2019-09-25 05:50:44,617 [pool-615-thread-1] INFO  server.RaftServerConfigKeys (ConfUtils.java:logGet(43)) - raft.server.log.segment.cache.num.max = 2 (custom)
2019-09-25 05:50:44,618 [pool-615-thread-1] INFO  segmented.SegmentedRaftLogWorker (SegmentedRaftLogWorker.java:<init>(172)) - new ddf6e088-733e-4b9a-8ca4-5a6f511d9b5a@group-30D16DE0CE22-SegmentedRaftLogWorker for RaftStorage:Storage Directory /workdir/hadoop-ozone/integration-test/target/test-dir/MiniOzoneClusterImpl-28dc08f8-08b8-4dfd-b771-8384b6a2d499/datanode-3/data/ratis/d1ec6a9c-b8bf-4b82-bb23-30d16de0ce22
2019-09-25 05:50:44,619 [pool-615-thread-1] INFO  server.RaftServerConfigKeys (ConfUtils.java:logGet(43)) - raft.server.log.queue.byte-limit = 2147483647 (custom)
2019-09-25 05:50:44,619 [pool-615-thread-1] INFO  server.RaftServerConfigKeys (ConfUtils.java:logGet(43)) - raft.server.log.queue.element-limit = 1024 (custom)
2019-09-25 05:50:44,620 [pool-615-thread-1] INFO  server.RaftServerConfigKeys (ConfUtils.java:logGet(43)) - raft.server.log.segment.size.max = 1048576 (custom)
2019-09-25 05:50:44,620 [pool-615-thread-1] INFO  server.RaftServerConfigKeys (ConfUtils.java:logGet(43)) - raft.server.log.preallocated.size = 16384 (custom)
2019-09-25 05:50:44,620 [pool-615-thread-1] INFO  server.RaftServerConfigKeys (ConfUtils.java:logGet(43)) - raft.server.log.write.buffer.size = 33554432 (custom)
2019-09-25 05:50:44,620 [pool-615-thread-1] INFO  server.RaftServerConfigKeys (ConfUtils.java:logGet(43)) - raft.server.log.force.sync.num = 128 (default)
2019-09-25 05:50:44,620 [pool-615-thread-1] INFO  server.RaftServerConfigKeys (ConfUtils.java:logGet(43)) - raft.server.log.statemachine.data.sync = true (default)
2019-09-25 05:50:44,620 [pool-615-thread-1] INFO  server.RaftServerConfigKeys (ConfUtils.java:logGet(43)) - raft.server.log.statemachine.data.sync.timeout = 10s (default)
2019-09-25 05:50:44,620 [pool-615-thread-1] INFO  server.RaftServerConfigKeys (ConfUtils.java:logGet(43)) - raft.server.log.statemachine.data.sync.timeout.retry = -1 (default)
2019-09-25 05:50:44,621 [pool-615-thread-1] INFO  server.RaftServerConfigKeys (ConfUtils.java:logGet(43)) - raft.server.log.statemachine.data.caching.enabled = true (custom)
2019-09-25 05:50:44,621 [pool-615-thread-1] INFO  segmented.SegmentedRaftLogWorker (SegmentedRaftLogWorker.java:lambda$new$0(132)) - ddf6e088-733e-4b9a-8ca4-5a6f511d9b5a@group-30D16DE0CE22-SegmentedRaftLogWorker: flushIndex: setUnconditionally 0 -> -1
2019-09-25 05:50:44,621 [pool-615-thread-1] INFO  server.RaftServerConfigKeys (ConfUtils.java:logGet(43)) - raft.server.snapshot.auto.trigger.enabled = true (custom)
2019-09-25 05:50:44,622 [pool-615-thread-1] INFO  server.RaftServerConfigKeys (ConfUtils.java:logGet(43)) - raft.server.snapshot.auto.trigger.threshold = 10000 (custom)
2019-09-25 05:50:44,622 [pool-615-thread-1] INFO  server.RaftServerConfigKeys (ConfUtils.java:logGet(43)) - raft.server.snapshot.retention.num.files = 5 (custom)
2019-09-25 05:50:44,622 [pool-615-thread-1] INFO  server.RaftServerConfigKeys (ConfUtils.java:logGet(43)) - raft.server.retrycache.expirytime = 600000ms (custom)
2019-09-25 05:50:44,623 [pool-615-thread-1] INFO  impl.RaftServerImpl (RaftServerImpl.java:start(185)) - ddf6e088-733e-4b9a-8ca4-5a6f511d9b5a@group-30D16DE0CE22: start as a follower, conf=-1: [ddf6e088-733e-4b9a-8ca4-5a6f511d9b5a:192.168.30.10:39166], old=null
2019-09-25 05:50:44,623 [pool-615-thread-1] INFO  impl.RaftServerImpl (RaftServerImpl.java:setRole(174)) - ddf6e088-733e-4b9a-8ca4-5a6f511d9b5a@group-30D16DE0CE22: changes role from      null to FOLLOWER at term 0 for startAsFollower
2019-09-25 05:50:44,624 [pool-615-thread-1] INFO  impl.RoleInfo (RoleInfo.java:updateAndGet(143)) - ddf6e088-733e-4b9a-8ca4-5a6f511d9b5a: start FollowerState
2019-09-25 05:50:44,624 [pool-615-thread-1] INFO  util.JmxRegister (JmxRegister.java:tryRegister(44)) - Successfully registered JMX Bean with object name Ratis:service=RaftServer,group=group-30D16DE0CE22,id=ddf6e088-733e-4b9a-8ca4-5a6f511d9b5a
2019-09-25 05:50:44,626 [RatisPipelineUtilsThread] INFO  pipeline.PipelineStateManager (PipelineStateManager.java:addPipeline(56)) - Created pipeline Pipeline[ Id: d1ec6a9c-b8bf-4b82-bb23-30d16de0ce22, Nodes: ddf6e088-733e-4b9a-8ca4-5a6f511d9b5a{ip: 192.168.30.10, host: pr-hdds-1569-s62bp-3040748787, networkLocation: /default-rack, certSerialId: null}, Type:RATIS, Factor:ONE, State:OPEN]
2019-09-25 05:50:44,626 [RatisPipelineUtilsThread] INFO  pipeline.PipelinePlacementPolicy (PipelinePlacementPolicy.java:meetCriteria(91)) - Pipeline Placement: Doesn't meet the criteria to be viable node： 49655598-56f4-41c4-a924-b5d2880a3f2f Heaviness: 6 limit: 5
2019-09-25 05:50:44,631 [grpc-default-executor-0] INFO  impl.RaftServerProxy (RaftServerProxy.java:addNew(89)) - 60b026ab-fadd-426f-9b92-f2e4bcc7c7ff: addNew group-C155A47F2BC2:[60b026ab-fadd-426f-9b92-f2e4bcc7c7ff:192.168.30.10:33176] returns group-C155A47F2BC2:java.util.concurrent.CompletableFuture@53aa3363[Not completed]
2019-09-25 05:50:44,632 [pool-595-thread-1] INFO  impl.RaftServerImpl (RaftServerImpl.java:<init>(95)) - 60b026ab-fadd-426f-9b92-f2e4bcc7c7ff: new RaftServerImpl for group-C155A47F2BC2:[60b026ab-fadd-426f-9b92-f2e4bcc7c7ff:192.168.30.10:33176] with ContainerStateMachine:uninitialized
2019-09-25 05:50:44,632 [pool-595-thread-1] INFO  server.RaftServerConfigKeys (ConfUtils.java:logGet(43)) - raft.server.rpc.timeout.min = 5s (custom)
2019-09-25 05:50:44,632 [pool-595-thread-1] INFO  server.RaftServerConfigKeys (ConfUtils.java:logGet(43)) - raft.server.rpc.timeout.max = 5200ms (custom)
2019-09-25 05:50:44,632 [pool-595-thread-1] INFO  server.RaftServerConfigKeys (ConfUtils.java:logGet(43)) - raft.server.rpcslowness.timeout = 120s (custom)
2019-09-25 05:50:44,632 [pool-595-thread-1] INFO  server.RaftServerConfigKeys (ConfUtils.java:logGet(43)) - raft.server.sleep.deviation.threshold = 300 (default)
2019-09-25 05:50:44,632 [pool-595-thread-1] INFO  server.RaftServerConfigKeys (ConfUtils.java:logGet(43)) - raft.server.log.appender.install.snapshot.enabled = false (custom)
2019-09-25 05:50:44,633 [pool-595-thread-1] INFO  impl.RaftServerImpl (ServerState.java:<init>(103)) - 60b026ab-fadd-426f-9b92-f2e4bcc7c7ff@group-C155A47F2BC2: ConfigurationManager, init=-1: [60b026ab-fadd-426f-9b92-f2e4bcc7c7ff:192.168.30.10:33176], old=null, confs=<EMPTY_MAP>
2019-09-25 05:50:44,633 [pool-595-thread-1] INFO  server.RaftServerConfigKeys (ConfUtils.java:logGet(43)) - raft.server.storage.dir = [/workdir/hadoop-ozone/integration-test/target/test-dir/MiniOzoneClusterImpl-28dc08f8-08b8-4dfd-b771-8384b6a2d499/datanode-1/data/ratis] (custom)
2019-09-25 05:50:44,633 [pool-595-thread-1] INFO  storage.RaftStorageDirectory (RaftStorageDirectory.java:analyzeStorage(246)) - The storage directory /workdir/hadoop-ozone/integration-test/target/test-dir/MiniOzoneClusterImpl-28dc08f8-08b8-4dfd-b771-8384b6a2d499/datanode-1/data/ratis/7d81a92d-0e47-47dd-80bf-c155a47f2bc2 does not exist. Creating ...
2019-09-25 05:50:44,655 [pool-595-thread-1] INFO  storage.RaftStorageDirectory (RaftStorageDirectory.java:tryLock(328)) - Lock on /workdir/hadoop-ozone/integration-test/target/test-dir/MiniOzoneClusterImpl-28dc08f8-08b8-4dfd-b771-8384b6a2d499/datanode-1/data/ratis/7d81a92d-0e47-47dd-80bf-c155a47f2bc2/in_use.lock acquired by nodename 13539@pr-hdds-1569-s62bp-3040748787
2019-09-25 05:50:44,668 [pool-595-thread-1] INFO  storage.RaftStorage (RaftStorage.java:format(72)) - Storage directory /workdir/hadoop-ozone/integration-test/target/test-dir/MiniOzoneClusterImpl-28dc08f8-08b8-4dfd-b771-8384b6a2d499/datanode-1/data/ratis/7d81a92d-0e47-47dd-80bf-c155a47f2bc2 has been successfully formatted.
2019-09-25 05:50:44,668 [pool-595-thread-1] INFO  ratis.ContainerStateMachine (ContainerStateMachine.java:loadSnapshot(230)) - group-C155A47F2BC2: The snapshot info is null. Setting the last applied indexto:(t:0, i:~)
2019-09-25 05:50:44,669 [pool-595-thread-1] INFO  server.RaftServerConfigKeys (ConfUtils.java:logGet(43)) - raft.server.notification.no-leader.timeout = 120s (custom)
2019-09-25 05:50:44,669 [pool-595-thread-1] INFO  server.RaftServerConfigKeys (ConfUtils.java:logGet(43)) - raft.server.log.use.memory = false (default)
2019-09-25 05:50:44,669 [pool-595-thread-1] INFO  server.RaftServerConfigKeys (ConfUtils.java:logGet(43)) - raft.server.log.purge.gap = 1000000 (custom)
2019-09-25 05:50:44,669 [pool-595-thread-1] INFO  server.RaftServerConfigKeys (ConfUtils.java:logGet(43)) - raft.server.log.appender.buffer.byte-limit = 33554432 (custom)
2019-09-25 05:50:44,669 [pool-595-thread-1] INFO  server.RaftServerConfigKeys (ConfUtils.java:logGet(43)) - raft.server.log.segment.size.max = 1048576 (custom)
2019-09-25 05:50:44,669 [pool-595-thread-1] INFO  server.RaftServerConfigKeys (ConfUtils.java:logGet(43)) - raft.server.log.segment.cache.num.max = 2 (custom)
2019-09-25 05:50:44,669 [pool-595-thread-1] INFO  segmented.SegmentedRaftLogWorker (SegmentedRaftLogWorker.java:<init>(172)) - new 60b026ab-fadd-426f-9b92-f2e4bcc7c7ff@group-C155A47F2BC2-SegmentedRaftLogWorker for RaftStorage:Storage Directory /workdir/hadoop-ozone/integration-test/target/test-dir/MiniOzoneClusterImpl-28dc08f8-08b8-4dfd-b771-8384b6a2d499/datanode-1/data/ratis/7d81a92d-0e47-47dd-80bf-c155a47f2bc2
2019-09-25 05:50:44,669 [pool-595-thread-1] INFO  server.RaftServerConfigKeys (ConfUtils.java:logGet(43)) - raft.server.log.queue.byte-limit = 2147483647 (custom)
2019-09-25 05:50:44,670 [pool-595-thread-1] INFO  server.RaftServerConfigKeys (ConfUtils.java:logGet(43)) - raft.server.log.queue.element-limit = 1024 (custom)
2019-09-25 05:50:44,670 [pool-595-thread-1] INFO  server.RaftServerConfigKeys (ConfUtils.java:logGet(43)) - raft.server.log.segment.size.max = 1048576 (custom)
2019-09-25 05:50:44,670 [pool-595-thread-1] INFO  server.RaftServerConfigKeys (ConfUtils.java:logGet(43)) - raft.server.log.preallocated.size = 16384 (custom)
2019-09-25 05:50:44,670 [pool-595-thread-1] INFO  server.RaftServerConfigKeys (ConfUtils.java:logGet(43)) - raft.server.log.write.buffer.size = 33554432 (custom)
2019-09-25 05:50:44,670 [pool-595-thread-1] INFO  server.RaftServerConfigKeys (ConfUtils.java:logGet(43)) - raft.server.log.force.sync.num = 128 (default)
2019-09-25 05:50:44,670 [pool-595-thread-1] INFO  server.RaftServerConfigKeys (ConfUtils.java:logGet(43)) - raft.server.log.statemachine.data.sync = true (default)
2019-09-25 05:50:44,670 [pool-595-thread-1] INFO  server.RaftServerConfigKeys (ConfUtils.java:logGet(43)) - raft.server.log.statemachine.data.sync.timeout = 10s (default)
2019-09-25 05:50:44,670 [pool-595-thread-1] INFO  server.RaftServerConfigKeys (ConfUtils.java:logGet(43)) - raft.server.log.statemachine.data.sync.timeout.retry = -1 (default)
2019-09-25 05:50:44,670 [pool-595-thread-1] INFO  server.RaftServerConfigKeys (ConfUtils.java:logGet(43)) - raft.server.log.statemachine.data.caching.enabled = true (custom)
2019-09-25 05:50:44,671 [pool-595-thread-1] INFO  segmented.SegmentedRaftLogWorker (SegmentedRaftLogWorker.java:lambda$new$0(132)) - 60b026ab-fadd-426f-9b92-f2e4bcc7c7ff@group-C155A47F2BC2-SegmentedRaftLogWorker: flushIndex: setUnconditionally 0 -> -1
2019-09-25 05:50:44,672 [pool-595-thread-1] INFO  server.RaftServerConfigKeys (ConfUtils.java:logGet(43)) - raft.server.snapshot.auto.trigger.enabled = true (custom)
2019-09-25 05:50:44,672 [pool-595-thread-1] INFO  server.RaftServerConfigKeys (ConfUtils.java:logGet(43)) - raft.server.snapshot.auto.trigger.threshold = 10000 (custom)
2019-09-25 05:50:44,672 [pool-595-thread-1] INFO  server.RaftServerConfigKeys (ConfUtils.java:logGet(43)) - raft.server.snapshot.retention.num.files = 5 (custom)
2019-09-25 05:50:44,672 [pool-595-thread-1] INFO  server.RaftServerConfigKeys (ConfUtils.java:logGet(43)) - raft.server.retrycache.expirytime = 600000ms (custom)
2019-09-25 05:50:44,673 [pool-595-thread-1] INFO  impl.RaftServerImpl (RaftServerImpl.java:start(185)) - 60b026ab-fadd-426f-9b92-f2e4bcc7c7ff@group-C155A47F2BC2: start as a follower, conf=-1: [60b026ab-fadd-426f-9b92-f2e4bcc7c7ff:192.168.30.10:33176], old=null
2019-09-25 05:50:44,674 [pool-595-thread-1] INFO  impl.RaftServerImpl (RaftServerImpl.java:setRole(174)) - 60b026ab-fadd-426f-9b92-f2e4bcc7c7ff@group-C155A47F2BC2: changes role from      null to FOLLOWER at term 0 for startAsFollower
2019-09-25 05:50:44,674 [pool-595-thread-1] INFO  impl.RoleInfo (RoleInfo.java:updateAndGet(143)) - 60b026ab-fadd-426f-9b92-f2e4bcc7c7ff: start FollowerState
2019-09-25 05:50:44,674 [pool-595-thread-1] INFO  util.JmxRegister (JmxRegister.java:tryRegister(44)) - Successfully registered JMX Bean with object name Ratis:service=RaftServer,group=group-C155A47F2BC2,id=60b026ab-fadd-426f-9b92-f2e4bcc7c7ff
2019-09-25 05:50:44,676 [RatisPipelineUtilsThread] INFO  pipeline.PipelineStateManager (PipelineStateManager.java:addPipeline(56)) - Created pipeline Pipeline[ Id: 7d81a92d-0e47-47dd-80bf-c155a47f2bc2, Nodes: 60b026ab-fadd-426f-9b92-f2e4bcc7c7ff{ip: 192.168.30.10, host: pr-hdds-1569-s62bp-3040748787, networkLocation: /default-rack, certSerialId: null}, Type:RATIS, Factor:ONE, State:OPEN]
2019-09-25 05:50:44,676 [RatisPipelineUtilsThread] INFO  pipeline.PipelinePlacementPolicy (PipelinePlacementPolicy.java:meetCriteria(91)) - Pipeline Placement: Doesn't meet the criteria to be viable node： 49655598-56f4-41c4-a924-b5d2880a3f2f Heaviness: 6 limit: 5
2019-09-25 05:50:44,680 [grpc-default-executor-0] INFO  impl.RaftServerProxy (RaftServerProxy.java:addNew(89)) - 60b026ab-fadd-426f-9b92-f2e4bcc7c7ff: addNew group-612AAEF22497:[60b026ab-fadd-426f-9b92-f2e4bcc7c7ff:192.168.30.10:33176] returns group-612AAEF22497:java.util.concurrent.CompletableFuture@7456095c[Not completed]
2019-09-25 05:50:44,681 [pool-595-thread-1] INFO  impl.RaftServerImpl (RaftServerImpl.java:<init>(95)) - 60b026ab-fadd-426f-9b92-f2e4bcc7c7ff: new RaftServerImpl for group-612AAEF22497:[60b026ab-fadd-426f-9b92-f2e4bcc7c7ff:192.168.30.10:33176] with ContainerStateMachine:uninitialized
2019-09-25 05:50:44,681 [pool-595-thread-1] INFO  server.RaftServerConfigKeys (ConfUtils.java:logGet(43)) - raft.server.rpc.timeout.min = 5s (custom)
2019-09-25 05:50:44,681 [pool-595-thread-1] INFO  server.RaftServerConfigKeys (ConfUtils.java:logGet(43)) - raft.server.rpc.timeout.max = 5200ms (custom)
2019-09-25 05:50:44,681 [pool-595-thread-1] INFO  server.RaftServerConfigKeys (ConfUtils.java:logGet(43)) - raft.server.rpcslowness.timeout = 120s (custom)
2019-09-25 05:50:44,681 [pool-595-thread-1] INFO  server.RaftServerConfigKeys (ConfUtils.java:logGet(43)) - raft.server.sleep.deviation.threshold = 300 (default)
2019-09-25 05:50:44,681 [pool-595-thread-1] INFO  server.RaftServerConfigKeys (ConfUtils.java:logGet(43)) - raft.server.log.appender.install.snapshot.enabled = false (custom)
2019-09-25 05:50:44,681 [pool-595-thread-1] INFO  impl.RaftServerImpl (ServerState.java:<init>(103)) - 60b026ab-fadd-426f-9b92-f2e4bcc7c7ff@group-612AAEF22497: ConfigurationManager, init=-1: [60b026ab-fadd-426f-9b92-f2e4bcc7c7ff:192.168.30.10:33176], old=null, confs=<EMPTY_MAP>
2019-09-25 05:50:44,682 [pool-595-thread-1] INFO  server.RaftServerConfigKeys (ConfUtils.java:logGet(43)) - raft.server.storage.dir = [/workdir/hadoop-ozone/integration-test/target/test-dir/MiniOzoneClusterImpl-28dc08f8-08b8-4dfd-b771-8384b6a2d499/datanode-1/data/ratis] (custom)
2019-09-25 05:50:44,682 [pool-595-thread-1] INFO  storage.RaftStorageDirectory (RaftStorageDirectory.java:analyzeStorage(246)) - The storage directory /workdir/hadoop-ozone/integration-test/target/test-dir/MiniOzoneClusterImpl-28dc08f8-08b8-4dfd-b771-8384b6a2d499/datanode-1/data/ratis/c42bd5f5-a393-4af2-a0a8-612aaef22497 does not exist. Creating ...
2019-09-25 05:50:44,696 [pool-595-thread-1] INFO  storage.RaftStorageDirectory (RaftStorageDirectory.java:tryLock(328)) - Lock on /workdir/hadoop-ozone/integration-test/target/test-dir/MiniOzoneClusterImpl-28dc08f8-08b8-4dfd-b771-8384b6a2d499/datanode-1/data/ratis/c42bd5f5-a393-4af2-a0a8-612aaef22497/in_use.lock acquired by nodename 13539@pr-hdds-1569-s62bp-3040748787
2019-09-25 05:50:44,709 [pool-595-thread-1] INFO  storage.RaftStorage (RaftStorage.java:format(72)) - Storage directory /workdir/hadoop-ozone/integration-test/target/test-dir/MiniOzoneClusterImpl-28dc08f8-08b8-4dfd-b771-8384b6a2d499/datanode-1/data/ratis/c42bd5f5-a393-4af2-a0a8-612aaef22497 has been successfully formatted.
2019-09-25 05:50:44,709 [pool-595-thread-1] INFO  ratis.ContainerStateMachine (ContainerStateMachine.java:loadSnapshot(230)) - group-612AAEF22497: The snapshot info is null. Setting the last applied indexto:(t:0, i:~)
2019-09-25 05:50:44,709 [pool-595-thread-1] INFO  server.RaftServerConfigKeys (ConfUtils.java:logGet(43)) - raft.server.notification.no-leader.timeout = 120s (custom)
2019-09-25 05:50:44,709 [pool-595-thread-1] INFO  server.RaftServerConfigKeys (ConfUtils.java:logGet(43)) - raft.server.log.use.memory = false (default)
2019-09-25 05:50:44,709 [pool-595-thread-1] INFO  server.RaftServerConfigKeys (ConfUtils.java:logGet(43)) - raft.server.log.purge.gap = 1000000 (custom)
2019-09-25 05:50:44,709 [pool-595-thread-1] INFO  server.RaftServerConfigKeys (ConfUtils.java:logGet(43)) - raft.server.log.appender.buffer.byte-limit = 33554432 (custom)
2019-09-25 05:50:44,709 [pool-595-thread-1] INFO  server.RaftServerConfigKeys (ConfUtils.java:logGet(43)) - raft.server.log.segment.size.max = 1048576 (custom)
2019-09-25 05:50:44,710 [pool-595-thread-1] INFO  server.RaftServerConfigKeys (ConfUtils.java:logGet(43)) - raft.server.log.segment.cache.num.max = 2 (custom)
2019-09-25 05:50:44,710 [pool-595-thread-1] INFO  segmented.SegmentedRaftLogWorker (SegmentedRaftLogWorker.java:<init>(172)) - new 60b026ab-fadd-426f-9b92-f2e4bcc7c7ff@group-612AAEF22497-SegmentedRaftLogWorker for RaftStorage:Storage Directory /workdir/hadoop-ozone/integration-test/target/test-dir/MiniOzoneClusterImpl-28dc08f8-08b8-4dfd-b771-8384b6a2d499/datanode-1/data/ratis/c42bd5f5-a393-4af2-a0a8-612aaef22497
2019-09-25 05:50:44,710 [pool-595-thread-1] INFO  server.RaftServerConfigKeys (ConfUtils.java:logGet(43)) - raft.server.log.queue.byte-limit = 2147483647 (custom)
2019-09-25 05:50:44,710 [pool-595-thread-1] INFO  server.RaftServerConfigKeys (ConfUtils.java:logGet(43)) - raft.server.log.queue.element-limit = 1024 (custom)
2019-09-25 05:50:44,710 [pool-595-thread-1] INFO  server.RaftServerConfigKeys (ConfUtils.java:logGet(43)) - raft.server.log.segment.size.max = 1048576 (custom)
2019-09-25 05:50:44,710 [pool-595-thread-1] INFO  server.RaftServerConfigKeys (ConfUtils.java:logGet(43)) - raft.server.log.preallocated.size = 16384 (custom)
2019-09-25 05:50:44,710 [pool-595-thread-1] INFO  server.RaftServerConfigKeys (ConfUtils.java:logGet(43)) - raft.server.log.write.buffer.size = 33554432 (custom)
2019-09-25 05:50:44,710 [pool-595-thread-1] INFO  server.RaftServerConfigKeys (ConfUtils.java:logGet(43)) - raft.server.log.force.sync.num = 128 (default)
2019-09-25 05:50:44,711 [pool-595-thread-1] INFO  server.RaftServerConfigKeys (ConfUtils.java:logGet(43)) - raft.server.log.statemachine.data.sync = true (default)
2019-09-25 05:50:44,711 [pool-595-thread-1] INFO  server.RaftServerConfigKeys (ConfUtils.java:logGet(43)) - raft.server.log.statemachine.data.sync.timeout = 10s (default)
2019-09-25 05:50:44,711 [pool-595-thread-1] INFO  server.RaftServerConfigKeys (ConfUtils.java:logGet(43)) - raft.server.log.statemachine.data.sync.timeout.retry = -1 (default)
2019-09-25 05:50:44,711 [pool-595-thread-1] INFO  server.RaftServerConfigKeys (ConfUtils.java:logGet(43)) - raft.server.log.statemachine.data.caching.enabled = true (custom)
2019-09-25 05:50:44,711 [pool-595-thread-1] INFO  segmented.SegmentedRaftLogWorker (SegmentedRaftLogWorker.java:lambda$new$0(132)) - 60b026ab-fadd-426f-9b92-f2e4bcc7c7ff@group-612AAEF22497-SegmentedRaftLogWorker: flushIndex: setUnconditionally 0 -> -1
2019-09-25 05:50:44,711 [pool-595-thread-1] INFO  server.RaftServerConfigKeys (ConfUtils.java:logGet(43)) - raft.server.snapshot.auto.trigger.enabled = true (custom)
2019-09-25 05:50:44,712 [pool-595-thread-1] INFO  server.RaftServerConfigKeys (ConfUtils.java:logGet(43)) - raft.server.snapshot.auto.trigger.threshold = 10000 (custom)
2019-09-25 05:50:44,712 [pool-595-thread-1] INFO  server.RaftServerConfigKeys (ConfUtils.java:logGet(43)) - raft.server.snapshot.retention.num.files = 5 (custom)
2019-09-25 05:50:44,712 [pool-595-thread-1] INFO  server.RaftServerConfigKeys (ConfUtils.java:logGet(43)) - raft.server.retrycache.expirytime = 600000ms (custom)
2019-09-25 05:50:44,713 [pool-595-thread-1] INFO  impl.RaftServerImpl (RaftServerImpl.java:start(185)) - 60b026ab-fadd-426f-9b92-f2e4bcc7c7ff@group-612AAEF22497: start as a follower, conf=-1: [60b026ab-fadd-426f-9b92-f2e4bcc7c7ff:192.168.30.10:33176], old=null
2019-09-25 05:50:44,713 [pool-595-thread-1] INFO  impl.RaftServerImpl (RaftServerImpl.java:setRole(174)) - 60b026ab-fadd-426f-9b92-f2e4bcc7c7ff@group-612AAEF22497: changes role from      null to FOLLOWER at term 0 for startAsFollower
2019-09-25 05:50:44,713 [pool-595-thread-1] INFO  impl.RoleInfo (RoleInfo.java:updateAndGet(143)) - 60b026ab-fadd-426f-9b92-f2e4bcc7c7ff: start FollowerState
2019-09-25 05:50:44,714 [pool-595-thread-1] INFO  util.JmxRegister (JmxRegister.java:tryRegister(44)) - Successfully registered JMX Bean with object name Ratis:service=RaftServer,group=group-612AAEF22497,id=60b026ab-fadd-426f-9b92-f2e4bcc7c7ff
2019-09-25 05:50:44,715 [RatisPipelineUtilsThread] INFO  pipeline.PipelineStateManager (PipelineStateManager.java:addPipeline(56)) - Created pipeline Pipeline[ Id: c42bd5f5-a393-4af2-a0a8-612aaef22497, Nodes: 60b026ab-fadd-426f-9b92-f2e4bcc7c7ff{ip: 192.168.30.10, host: pr-hdds-1569-s62bp-3040748787, networkLocation: /default-rack, certSerialId: null}, Type:RATIS, Factor:ONE, State:OPEN]
2019-09-25 05:50:44,716 [RatisPipelineUtilsThread] INFO  pipeline.PipelinePlacementPolicy (PipelinePlacementPolicy.java:meetCriteria(91)) - Pipeline Placement: Doesn't meet the criteria to be viable node： 60b026ab-fadd-426f-9b92-f2e4bcc7c7ff Heaviness: 6 limit: 5
2019-09-25 05:50:44,716 [RatisPipelineUtilsThread] INFO  pipeline.PipelinePlacementPolicy (PipelinePlacementPolicy.java:meetCriteria(91)) - Pipeline Placement: Doesn't meet the criteria to be viable node： 49655598-56f4-41c4-a924-b5d2880a3f2f Heaviness: 6 limit: 5
2019-09-25 05:50:44,719 [grpc-default-executor-0] INFO  impl.RaftServerProxy (RaftServerProxy.java:addNew(89)) - 998f0c91-f727-4973-bd37-e1a81f390f6c: addNew group-28F89C1EC694:[998f0c91-f727-4973-bd37-e1a81f390f6c:192.168.30.10:43497] returns group-28F89C1EC694:java.util.concurrent.CompletableFuture@11b995df[Not completed]
2019-09-25 05:50:44,720 [pool-605-thread-1] INFO  impl.RaftServerImpl (RaftServerImpl.java:<init>(95)) - 998f0c91-f727-4973-bd37-e1a81f390f6c: new RaftServerImpl for group-28F89C1EC694:[998f0c91-f727-4973-bd37-e1a81f390f6c:192.168.30.10:43497] with ContainerStateMachine:uninitialized
2019-09-25 05:50:44,720 [pool-605-thread-1] INFO  server.RaftServerConfigKeys (ConfUtils.java:logGet(43)) - raft.server.rpc.timeout.min = 5s (custom)
2019-09-25 05:50:44,720 [pool-605-thread-1] INFO  server.RaftServerConfigKeys (ConfUtils.java:logGet(43)) - raft.server.rpc.timeout.max = 5200ms (custom)
2019-09-25 05:50:44,720 [pool-605-thread-1] INFO  server.RaftServerConfigKeys (ConfUtils.java:logGet(43)) - raft.server.rpcslowness.timeout = 120s (custom)
2019-09-25 05:50:44,720 [pool-605-thread-1] INFO  server.RaftServerConfigKeys (ConfUtils.java:logGet(43)) - raft.server.sleep.deviation.threshold = 300 (default)
2019-09-25 05:50:44,720 [pool-605-thread-1] INFO  server.RaftServerConfigKeys (ConfUtils.java:logGet(43)) - raft.server.log.appender.install.snapshot.enabled = false (custom)
2019-09-25 05:50:44,720 [pool-605-thread-1] INFO  impl.RaftServerImpl (ServerState.java:<init>(103)) - 998f0c91-f727-4973-bd37-e1a81f390f6c@group-28F89C1EC694: ConfigurationManager, init=-1: [998f0c91-f727-4973-bd37-e1a81f390f6c:192.168.30.10:43497], old=null, confs=<EMPTY_MAP>
2019-09-25 05:50:44,720 [pool-605-thread-1] INFO  server.RaftServerConfigKeys (ConfUtils.java:logGet(43)) - raft.server.storage.dir = [/workdir/hadoop-ozone/integration-test/target/test-dir/MiniOzoneClusterImpl-28dc08f8-08b8-4dfd-b771-8384b6a2d499/datanode-2/data/ratis] (custom)
2019-09-25 05:50:44,721 [pool-605-thread-1] INFO  storage.RaftStorageDirectory (RaftStorageDirectory.java:analyzeStorage(246)) - The storage directory /workdir/hadoop-ozone/integration-test/target/test-dir/MiniOzoneClusterImpl-28dc08f8-08b8-4dfd-b771-8384b6a2d499/datanode-2/data/ratis/d16c77a8-b59c-483b-aedf-28f89c1ec694 does not exist. Creating ...
2019-09-25 05:50:44,733 [pool-605-thread-1] INFO  storage.RaftStorageDirectory (RaftStorageDirectory.java:tryLock(328)) - Lock on /workdir/hadoop-ozone/integration-test/target/test-dir/MiniOzoneClusterImpl-28dc08f8-08b8-4dfd-b771-8384b6a2d499/datanode-2/data/ratis/d16c77a8-b59c-483b-aedf-28f89c1ec694/in_use.lock acquired by nodename 13539@pr-hdds-1569-s62bp-3040748787
2019-09-25 05:50:44,746 [pool-605-thread-1] INFO  storage.RaftStorage (RaftStorage.java:format(72)) - Storage directory /workdir/hadoop-ozone/integration-test/target/test-dir/MiniOzoneClusterImpl-28dc08f8-08b8-4dfd-b771-8384b6a2d499/datanode-2/data/ratis/d16c77a8-b59c-483b-aedf-28f89c1ec694 has been successfully formatted.
2019-09-25 05:50:44,746 [pool-605-thread-1] INFO  ratis.ContainerStateMachine (ContainerStateMachine.java:loadSnapshot(230)) - group-28F89C1EC694: The snapshot info is null. Setting the last applied indexto:(t:0, i:~)
2019-09-25 05:50:44,747 [pool-605-thread-1] INFO  server.RaftServerConfigKeys (ConfUtils.java:logGet(43)) - raft.server.notification.no-leader.timeout = 120s (custom)
2019-09-25 05:50:44,747 [pool-605-thread-1] INFO  server.RaftServerConfigKeys (ConfUtils.java:logGet(43)) - raft.server.log.use.memory = false (default)
2019-09-25 05:50:44,747 [pool-605-thread-1] INFO  server.RaftServerConfigKeys (ConfUtils.java:logGet(43)) - raft.server.log.purge.gap = 1000000 (custom)
2019-09-25 05:50:44,747 [pool-605-thread-1] INFO  server.RaftServerConfigKeys (ConfUtils.java:logGet(43)) - raft.server.log.appender.buffer.byte-limit = 33554432 (custom)
2019-09-25 05:50:44,747 [pool-605-thread-1] INFO  server.RaftServerConfigKeys (ConfUtils.java:logGet(43)) - raft.server.log.segment.size.max = 1048576 (custom)
2019-09-25 05:50:44,747 [pool-605-thread-1] INFO  server.RaftServerConfigKeys (ConfUtils.java:logGet(43)) - raft.server.log.segment.cache.num.max = 2 (custom)
2019-09-25 05:50:44,747 [pool-605-thread-1] INFO  segmented.SegmentedRaftLogWorker (SegmentedRaftLogWorker.java:<init>(172)) - new 998f0c91-f727-4973-bd37-e1a81f390f6c@group-28F89C1EC694-SegmentedRaftLogWorker for RaftStorage:Storage Directory /workdir/hadoop-ozone/integration-test/target/test-dir/MiniOzoneClusterImpl-28dc08f8-08b8-4dfd-b771-8384b6a2d499/datanode-2/data/ratis/d16c77a8-b59c-483b-aedf-28f89c1ec694
2019-09-25 05:50:44,748 [pool-605-thread-1] INFO  server.RaftServerConfigKeys (ConfUtils.java:logGet(43)) - raft.server.log.queue.byte-limit = 2147483647 (custom)
2019-09-25 05:50:44,748 [pool-605-thread-1] INFO  server.RaftServerConfigKeys (ConfUtils.java:logGet(43)) - raft.server.log.queue.element-limit = 1024 (custom)
2019-09-25 05:50:44,748 [pool-605-thread-1] INFO  server.RaftServerConfigKeys (ConfUtils.java:logGet(43)) - raft.server.log.segment.size.max = 1048576 (custom)
2019-09-25 05:50:44,748 [pool-605-thread-1] INFO  server.RaftServerConfigKeys (ConfUtils.java:logGet(43)) - raft.server.log.preallocated.size = 16384 (custom)
2019-09-25 05:50:44,748 [pool-605-thread-1] INFO  server.RaftServerConfigKeys (ConfUtils.java:logGet(43)) - raft.server.log.write.buffer.size = 33554432 (custom)
2019-09-25 05:50:44,748 [pool-605-thread-1] INFO  server.RaftServerConfigKeys (ConfUtils.java:logGet(43)) - raft.server.log.force.sync.num = 128 (default)
2019-09-25 05:50:44,748 [pool-605-thread-1] INFO  server.RaftServerConfigKeys (ConfUtils.java:logGet(43)) - raft.server.log.statemachine.data.sync = true (default)
2019-09-25 05:50:44,749 [pool-605-thread-1] INFO  server.RaftServerConfigKeys (ConfUtils.java:logGet(43)) - raft.server.log.statemachine.data.sync.timeout = 10s (default)
2019-09-25 05:50:44,749 [pool-605-thread-1] INFO  server.RaftServerConfigKeys (ConfUtils.java:logGet(43)) - raft.server.log.statemachine.data.sync.timeout.retry = -1 (default)
2019-09-25 05:50:44,749 [pool-605-thread-1] INFO  server.RaftServerConfigKeys (ConfUtils.java:logGet(43)) - raft.server.log.statemachine.data.caching.enabled = true (custom)
2019-09-25 05:50:44,749 [pool-605-thread-1] INFO  segmented.SegmentedRaftLogWorker (SegmentedRaftLogWorker.java:lambda$new$0(132)) - 998f0c91-f727-4973-bd37-e1a81f390f6c@group-28F89C1EC694-SegmentedRaftLogWorker: flushIndex: setUnconditionally 0 -> -1
2019-09-25 05:50:44,749 [pool-605-thread-1] INFO  server.RaftServerConfigKeys (ConfUtils.java:logGet(43)) - raft.server.snapshot.auto.trigger.enabled = true (custom)
2019-09-25 05:50:44,750 [pool-605-thread-1] INFO  server.RaftServerConfigKeys (ConfUtils.java:logGet(43)) - raft.server.snapshot.auto.trigger.threshold = 10000 (custom)
2019-09-25 05:50:44,750 [pool-605-thread-1] INFO  server.RaftServerConfigKeys (ConfUtils.java:logGet(43)) - raft.server.snapshot.retention.num.files = 5 (custom)
2019-09-25 05:50:44,750 [pool-605-thread-1] INFO  server.RaftServerConfigKeys (ConfUtils.java:logGet(43)) - raft.server.retrycache.expirytime = 600000ms (custom)
2019-09-25 05:50:44,751 [pool-605-thread-1] INFO  impl.RaftServerImpl (RaftServerImpl.java:start(185)) - 998f0c91-f727-4973-bd37-e1a81f390f6c@group-28F89C1EC694: start as a follower, conf=-1: [998f0c91-f727-4973-bd37-e1a81f390f6c:192.168.30.10:43497], old=null
2019-09-25 05:50:44,751 [pool-605-thread-1] INFO  impl.RaftServerImpl (RaftServerImpl.java:setRole(174)) - 998f0c91-f727-4973-bd37-e1a81f390f6c@group-28F89C1EC694: changes role from      null to FOLLOWER at term 0 for startAsFollower
2019-09-25 05:50:44,751 [pool-605-thread-1] INFO  impl.RoleInfo (RoleInfo.java:updateAndGet(143)) - 998f0c91-f727-4973-bd37-e1a81f390f6c: start FollowerState
2019-09-25 05:50:44,752 [pool-605-thread-1] INFO  util.JmxRegister (JmxRegister.java:tryRegister(44)) - Successfully registered JMX Bean with object name Ratis:service=RaftServer,group=group-28F89C1EC694,id=998f0c91-f727-4973-bd37-e1a81f390f6c
2019-09-25 05:50:44,753 [RatisPipelineUtilsThread] INFO  pipeline.PipelineStateManager (PipelineStateManager.java:addPipeline(56)) - Created pipeline Pipeline[ Id: d16c77a8-b59c-483b-aedf-28f89c1ec694, Nodes: 998f0c91-f727-4973-bd37-e1a81f390f6c{ip: 192.168.30.10, host: pr-hdds-1569-s62bp-3040748787, networkLocation: /default-rack, certSerialId: null}, Type:RATIS, Factor:ONE, State:OPEN]
2019-09-25 05:50:44,753 [RatisPipelineUtilsThread] INFO  pipeline.PipelinePlacementPolicy (PipelinePlacementPolicy.java:meetCriteria(91)) - Pipeline Placement: Doesn't meet the criteria to be viable node： 60b026ab-fadd-426f-9b92-f2e4bcc7c7ff Heaviness: 6 limit: 5
2019-09-25 05:50:44,754 [RatisPipelineUtilsThread] INFO  pipeline.PipelinePlacementPolicy (PipelinePlacementPolicy.java:meetCriteria(91)) - Pipeline Placement: Doesn't meet the criteria to be viable node： 49655598-56f4-41c4-a924-b5d2880a3f2f Heaviness: 6 limit: 5
2019-09-25 05:50:44,757 [grpc-default-executor-0] INFO  impl.RaftServerProxy (RaftServerProxy.java:addNew(89)) - 998f0c91-f727-4973-bd37-e1a81f390f6c: addNew group-117D7D3FA75D:[998f0c91-f727-4973-bd37-e1a81f390f6c:192.168.30.10:43497] returns group-117D7D3FA75D:java.util.concurrent.CompletableFuture@309cade9[Not completed]
2019-09-25 05:50:44,758 [pool-605-thread-1] INFO  impl.RaftServerImpl (RaftServerImpl.java:<init>(95)) - 998f0c91-f727-4973-bd37-e1a81f390f6c: new RaftServerImpl for group-117D7D3FA75D:[998f0c91-f727-4973-bd37-e1a81f390f6c:192.168.30.10:43497] with ContainerStateMachine:uninitialized
2019-09-25 05:50:44,758 [pool-605-thread-1] INFO  server.RaftServerConfigKeys (ConfUtils.java:logGet(43)) - raft.server.rpc.timeout.min = 5s (custom)
2019-09-25 05:50:44,758 [pool-605-thread-1] INFO  server.RaftServerConfigKeys (ConfUtils.java:logGet(43)) - raft.server.rpc.timeout.max = 5200ms (custom)
2019-09-25 05:50:44,758 [pool-605-thread-1] INFO  server.RaftServerConfigKeys (ConfUtils.java:logGet(43)) - raft.server.rpcslowness.timeout = 120s (custom)
2019-09-25 05:50:44,758 [pool-605-thread-1] INFO  server.RaftServerConfigKeys (ConfUtils.java:logGet(43)) - raft.server.sleep.deviation.threshold = 300 (default)
2019-09-25 05:50:44,758 [pool-605-thread-1] INFO  server.RaftServerConfigKeys (ConfUtils.java:logGet(43)) - raft.server.log.appender.install.snapshot.enabled = false (custom)
2019-09-25 05:50:44,758 [pool-605-thread-1] INFO  impl.RaftServerImpl (ServerState.java:<init>(103)) - 998f0c91-f727-4973-bd37-e1a81f390f6c@group-117D7D3FA75D: ConfigurationManager, init=-1: [998f0c91-f727-4973-bd37-e1a81f390f6c:192.168.30.10:43497], old=null, confs=<EMPTY_MAP>
2019-09-25 05:50:44,758 [pool-605-thread-1] INFO  server.RaftServerConfigKeys (ConfUtils.java:logGet(43)) - raft.server.storage.dir = [/workdir/hadoop-ozone/integration-test/target/test-dir/MiniOzoneClusterImpl-28dc08f8-08b8-4dfd-b771-8384b6a2d499/datanode-2/data/ratis] (custom)
2019-09-25 05:50:44,759 [pool-605-thread-1] INFO  storage.RaftStorageDirectory (RaftStorageDirectory.java:analyzeStorage(246)) - The storage directory /workdir/hadoop-ozone/integration-test/target/test-dir/MiniOzoneClusterImpl-28dc08f8-08b8-4dfd-b771-8384b6a2d499/datanode-2/data/ratis/9cb7ba39-61d5-4f81-a70a-117d7d3fa75d does not exist. Creating ...
2019-09-25 05:50:44,773 [pool-605-thread-1] INFO  storage.RaftStorageDirectory (RaftStorageDirectory.java:tryLock(328)) - Lock on /workdir/hadoop-ozone/integration-test/target/test-dir/MiniOzoneClusterImpl-28dc08f8-08b8-4dfd-b771-8384b6a2d499/datanode-2/data/ratis/9cb7ba39-61d5-4f81-a70a-117d7d3fa75d/in_use.lock acquired by nodename 13539@pr-hdds-1569-s62bp-3040748787
2019-09-25 05:50:44,786 [pool-605-thread-1] INFO  storage.RaftStorage (RaftStorage.java:format(72)) - Storage directory /workdir/hadoop-ozone/integration-test/target/test-dir/MiniOzoneClusterImpl-28dc08f8-08b8-4dfd-b771-8384b6a2d499/datanode-2/data/ratis/9cb7ba39-61d5-4f81-a70a-117d7d3fa75d has been successfully formatted.
2019-09-25 05:50:44,786 [pool-605-thread-1] INFO  ratis.ContainerStateMachine (ContainerStateMachine.java:loadSnapshot(230)) - group-117D7D3FA75D: The snapshot info is null. Setting the last applied indexto:(t:0, i:~)
2019-09-25 05:50:44,786 [pool-605-thread-1] INFO  server.RaftServerConfigKeys (ConfUtils.java:logGet(43)) - raft.server.notification.no-leader.timeout = 120s (custom)
2019-09-25 05:50:44,786 [pool-605-thread-1] INFO  server.RaftServerConfigKeys (ConfUtils.java:logGet(43)) - raft.server.log.use.memory = false (default)
2019-09-25 05:50:44,786 [pool-605-thread-1] INFO  server.RaftServerConfigKeys (ConfUtils.java:logGet(43)) - raft.server.log.purge.gap = 1000000 (custom)
2019-09-25 05:50:44,786 [pool-605-thread-1] INFO  server.RaftServerConfigKeys (ConfUtils.java:logGet(43)) - raft.server.log.appender.buffer.byte-limit = 33554432 (custom)
2019-09-25 05:50:44,787 [pool-605-thread-1] INFO  server.RaftServerConfigKeys (ConfUtils.java:logGet(43)) - raft.server.log.segment.size.max = 1048576 (custom)
2019-09-25 05:50:44,787 [pool-605-thread-1] INFO  server.RaftServerConfigKeys (ConfUtils.java:logGet(43)) - raft.server.log.segment.cache.num.max = 2 (custom)
2019-09-25 05:50:44,787 [pool-605-thread-1] INFO  segmented.SegmentedRaftLogWorker (SegmentedRaftLogWorker.java:<init>(172)) - new 998f0c91-f727-4973-bd37-e1a81f390f6c@group-117D7D3FA75D-SegmentedRaftLogWorker for RaftStorage:Storage Directory /workdir/hadoop-ozone/integration-test/target/test-dir/MiniOzoneClusterImpl-28dc08f8-08b8-4dfd-b771-8384b6a2d499/datanode-2/data/ratis/9cb7ba39-61d5-4f81-a70a-117d7d3fa75d
2019-09-25 05:50:44,787 [pool-605-thread-1] INFO  server.RaftServerConfigKeys (ConfUtils.java:logGet(43)) - raft.server.log.queue.byte-limit = 2147483647 (custom)
2019-09-25 05:50:44,787 [pool-605-thread-1] INFO  server.RaftServerConfigKeys (ConfUtils.java:logGet(43)) - raft.server.log.queue.element-limit = 1024 (custom)
2019-09-25 05:50:44,787 [pool-605-thread-1] INFO  server.RaftServerConfigKeys (ConfUtils.java:logGet(43)) - raft.server.log.segment.size.max = 1048576 (custom)
2019-09-25 05:50:44,787 [pool-605-thread-1] INFO  server.RaftServerConfigKeys (ConfUtils.java:logGet(43)) - raft.server.log.preallocated.size = 16384 (custom)
2019-09-25 05:50:44,787 [pool-605-thread-1] INFO  server.RaftServerConfigKeys (ConfUtils.java:logGet(43)) - raft.server.log.write.buffer.size = 33554432 (custom)
2019-09-25 05:50:44,788 [pool-605-thread-1] INFO  server.RaftServerConfigKeys (ConfUtils.java:logGet(43)) - raft.server.log.force.sync.num = 128 (default)
2019-09-25 05:50:44,788 [pool-605-thread-1] INFO  server.RaftServerConfigKeys (ConfUtils.java:logGet(43)) - raft.server.log.statemachine.data.sync = true (default)
2019-09-25 05:50:44,788 [pool-605-thread-1] INFO  server.RaftServerConfigKeys (ConfUtils.java:logGet(43)) - raft.server.log.statemachine.data.sync.timeout = 10s (default)
2019-09-25 05:50:44,788 [pool-605-thread-1] INFO  server.RaftServerConfigKeys (ConfUtils.java:logGet(43)) - raft.server.log.statemachine.data.sync.timeout.retry = -1 (default)
2019-09-25 05:50:44,788 [pool-605-thread-1] INFO  server.RaftServerConfigKeys (ConfUtils.java:logGet(43)) - raft.server.log.statemachine.data.caching.enabled = true (custom)
2019-09-25 05:50:44,788 [pool-605-thread-1] INFO  segmented.SegmentedRaftLogWorker (SegmentedRaftLogWorker.java:lambda$new$0(132)) - 998f0c91-f727-4973-bd37-e1a81f390f6c@group-117D7D3FA75D-SegmentedRaftLogWorker: flushIndex: setUnconditionally 0 -> -1
2019-09-25 05:50:44,789 [pool-605-thread-1] INFO  server.RaftServerConfigKeys (ConfUtils.java:logGet(43)) - raft.server.snapshot.auto.trigger.enabled = true (custom)
2019-09-25 05:50:44,789 [pool-605-thread-1] INFO  server.RaftServerConfigKeys (ConfUtils.java:logGet(43)) - raft.server.snapshot.auto.trigger.threshold = 10000 (custom)
2019-09-25 05:50:44,789 [pool-605-thread-1] INFO  server.RaftServerConfigKeys (ConfUtils.java:logGet(43)) - raft.server.snapshot.retention.num.files = 5 (custom)
2019-09-25 05:50:44,789 [pool-605-thread-1] INFO  server.RaftServerConfigKeys (ConfUtils.java:logGet(43)) - raft.server.retrycache.expirytime = 600000ms (custom)
2019-09-25 05:50:44,791 [pool-605-thread-1] INFO  impl.RaftServerImpl (RaftServerImpl.java:start(185)) - 998f0c91-f727-4973-bd37-e1a81f390f6c@group-117D7D3FA75D: start as a follower, conf=-1: [998f0c91-f727-4973-bd37-e1a81f390f6c:192.168.30.10:43497], old=null
2019-09-25 05:50:44,791 [pool-605-thread-1] INFO  impl.RaftServerImpl (RaftServerImpl.java:setRole(174)) - 998f0c91-f727-4973-bd37-e1a81f390f6c@group-117D7D3FA75D: changes role from      null to FOLLOWER at term 0 for startAsFollower
2019-09-25 05:50:44,791 [pool-605-thread-1] INFO  impl.RoleInfo (RoleInfo.java:updateAndGet(143)) - 998f0c91-f727-4973-bd37-e1a81f390f6c: start FollowerState
2019-09-25 05:50:44,791 [pool-605-thread-1] INFO  util.JmxRegister (JmxRegister.java:tryRegister(44)) - Successfully registered JMX Bean with object name Ratis:service=RaftServer,group=group-117D7D3FA75D,id=998f0c91-f727-4973-bd37-e1a81f390f6c
2019-09-25 05:50:44,793 [RatisPipelineUtilsThread] INFO  pipeline.PipelineStateManager (PipelineStateManager.java:addPipeline(56)) - Created pipeline Pipeline[ Id: 9cb7ba39-61d5-4f81-a70a-117d7d3fa75d, Nodes: 998f0c91-f727-4973-bd37-e1a81f390f6c{ip: 192.168.30.10, host: pr-hdds-1569-s62bp-3040748787, networkLocation: /default-rack, certSerialId: null}, Type:RATIS, Factor:ONE, State:OPEN]
2019-09-25 05:50:44,793 [RatisPipelineUtilsThread] INFO  pipeline.PipelinePlacementPolicy (PipelinePlacementPolicy.java:meetCriteria(91)) - Pipeline Placement: Doesn't meet the criteria to be viable node： 60b026ab-fadd-426f-9b92-f2e4bcc7c7ff Heaviness: 6 limit: 5
2019-09-25 05:50:44,793 [RatisPipelineUtilsThread] INFO  pipeline.PipelinePlacementPolicy (PipelinePlacementPolicy.java:meetCriteria(91)) - Pipeline Placement: Doesn't meet the criteria to be viable node： 49655598-56f4-41c4-a924-b5d2880a3f2f Heaviness: 6 limit: 5
2019-09-25 05:50:44,797 [grpc-default-executor-0] INFO  impl.RaftServerProxy (RaftServerProxy.java:addNew(89)) - 998f0c91-f727-4973-bd37-e1a81f390f6c: addNew group-CB67D72194FA:[998f0c91-f727-4973-bd37-e1a81f390f6c:192.168.30.10:43497] returns group-CB67D72194FA:java.util.concurrent.CompletableFuture@2a7407e4[Not completed]
2019-09-25 05:50:44,797 [pool-605-thread-1] INFO  impl.RaftServerImpl (RaftServerImpl.java:<init>(95)) - 998f0c91-f727-4973-bd37-e1a81f390f6c: new RaftServerImpl for group-CB67D72194FA:[998f0c91-f727-4973-bd37-e1a81f390f6c:192.168.30.10:43497] with ContainerStateMachine:uninitialized
2019-09-25 05:50:44,797 [pool-605-thread-1] INFO  server.RaftServerConfigKeys (ConfUtils.java:logGet(43)) - raft.server.rpc.timeout.min = 5s (custom)
2019-09-25 05:50:44,797 [pool-605-thread-1] INFO  server.RaftServerConfigKeys (ConfUtils.java:logGet(43)) - raft.server.rpc.timeout.max = 5200ms (custom)
2019-09-25 05:50:44,797 [pool-605-thread-1] INFO  server.RaftServerConfigKeys (ConfUtils.java:logGet(43)) - raft.server.rpcslowness.timeout = 120s (custom)
2019-09-25 05:50:44,798 [pool-605-thread-1] INFO  server.RaftServerConfigKeys (ConfUtils.java:logGet(43)) - raft.server.sleep.deviation.threshold = 300 (default)
2019-09-25 05:50:44,798 [pool-605-thread-1] INFO  server.RaftServerConfigKeys (ConfUtils.java:logGet(43)) - raft.server.log.appender.install.snapshot.enabled = false (custom)
2019-09-25 05:50:44,798 [pool-605-thread-1] INFO  impl.RaftServerImpl (ServerState.java:<init>(103)) - 998f0c91-f727-4973-bd37-e1a81f390f6c@group-CB67D72194FA: ConfigurationManager, init=-1: [998f0c91-f727-4973-bd37-e1a81f390f6c:192.168.30.10:43497], old=null, confs=<EMPTY_MAP>
2019-09-25 05:50:44,798 [pool-605-thread-1] INFO  server.RaftServerConfigKeys (ConfUtils.java:logGet(43)) - raft.server.storage.dir = [/workdir/hadoop-ozone/integration-test/target/test-dir/MiniOzoneClusterImpl-28dc08f8-08b8-4dfd-b771-8384b6a2d499/datanode-2/data/ratis] (custom)
2019-09-25 05:50:44,798 [pool-605-thread-1] INFO  storage.RaftStorageDirectory (RaftStorageDirectory.java:analyzeStorage(246)) - The storage directory /workdir/hadoop-ozone/integration-test/target/test-dir/MiniOzoneClusterImpl-28dc08f8-08b8-4dfd-b771-8384b6a2d499/datanode-2/data/ratis/770e5f14-4df2-42b3-9108-cb67d72194fa does not exist. Creating ...
2019-09-25 05:50:44,802 [pool-605-thread-1] INFO  storage.RaftStorageDirectory (RaftStorageDirectory.java:tryLock(328)) - Lock on /workdir/hadoop-ozone/integration-test/target/test-dir/MiniOzoneClusterImpl-28dc08f8-08b8-4dfd-b771-8384b6a2d499/datanode-2/data/ratis/770e5f14-4df2-42b3-9108-cb67d72194fa/in_use.lock acquired by nodename 13539@pr-hdds-1569-s62bp-3040748787
2019-09-25 05:50:44,806 [pool-605-thread-1] INFO  storage.RaftStorage (RaftStorage.java:format(72)) - Storage directory /workdir/hadoop-ozone/integration-test/target/test-dir/MiniOzoneClusterImpl-28dc08f8-08b8-4dfd-b771-8384b6a2d499/datanode-2/data/ratis/770e5f14-4df2-42b3-9108-cb67d72194fa has been successfully formatted.
2019-09-25 05:50:44,806 [pool-605-thread-1] INFO  ratis.ContainerStateMachine (ContainerStateMachine.java:loadSnapshot(230)) - group-CB67D72194FA: The snapshot info is null. Setting the last applied indexto:(t:0, i:~)
2019-09-25 05:50:44,806 [pool-605-thread-1] INFO  server.RaftServerConfigKeys (ConfUtils.java:logGet(43)) - raft.server.notification.no-leader.timeout = 120s (custom)
2019-09-25 05:50:44,806 [pool-605-thread-1] INFO  server.RaftServerConfigKeys (ConfUtils.java:logGet(43)) - raft.server.log.use.memory = false (default)
2019-09-25 05:50:44,806 [pool-605-thread-1] INFO  server.RaftServerConfigKeys (ConfUtils.java:logGet(43)) - raft.server.log.purge.gap = 1000000 (custom)
2019-09-25 05:50:44,806 [pool-605-thread-1] INFO  server.RaftServerConfigKeys (ConfUtils.java:logGet(43)) - raft.server.log.appender.buffer.byte-limit = 33554432 (custom)
2019-09-25 05:50:44,807 [pool-605-thread-1] INFO  server.RaftServerConfigKeys (ConfUtils.java:logGet(43)) - raft.server.log.segment.size.max = 1048576 (custom)
2019-09-25 05:50:44,807 [pool-605-thread-1] INFO  server.RaftServerConfigKeys (ConfUtils.java:logGet(43)) - raft.server.log.segment.cache.num.max = 2 (custom)
2019-09-25 05:50:44,807 [pool-605-thread-1] INFO  segmented.SegmentedRaftLogWorker (SegmentedRaftLogWorker.java:<init>(172)) - new 998f0c91-f727-4973-bd37-e1a81f390f6c@group-CB67D72194FA-SegmentedRaftLogWorker for RaftStorage:Storage Directory /workdir/hadoop-ozone/integration-test/target/test-dir/MiniOzoneClusterImpl-28dc08f8-08b8-4dfd-b771-8384b6a2d499/datanode-2/data/ratis/770e5f14-4df2-42b3-9108-cb67d72194fa
2019-09-25 05:50:44,807 [pool-605-thread-1] INFO  server.RaftServerConfigKeys (ConfUtils.java:logGet(43)) - raft.server.log.queue.byte-limit = 2147483647 (custom)
2019-09-25 05:50:44,807 [pool-605-thread-1] INFO  server.RaftServerConfigKeys (ConfUtils.java:logGet(43)) - raft.server.log.queue.element-limit = 1024 (custom)
2019-09-25 05:50:44,807 [pool-605-thread-1] INFO  server.RaftServerConfigKeys (ConfUtils.java:logGet(43)) - raft.server.log.segment.size.max = 1048576 (custom)
2019-09-25 05:50:44,807 [pool-605-thread-1] INFO  server.RaftServerConfigKeys (ConfUtils.java:logGet(43)) - raft.server.log.preallocated.size = 16384 (custom)
2019-09-25 05:50:44,808 [pool-605-thread-1] INFO  server.RaftServerConfigKeys (ConfUtils.java:logGet(43)) - raft.server.log.write.buffer.size = 33554432 (custom)
2019-09-25 05:50:44,808 [pool-605-thread-1] INFO  server.RaftServerConfigKeys (ConfUtils.java:logGet(43)) - raft.server.log.force.sync.num = 128 (default)
2019-09-25 05:50:44,808 [pool-605-thread-1] INFO  server.RaftServerConfigKeys (ConfUtils.java:logGet(43)) - raft.server.log.statemachine.data.sync = true (default)
2019-09-25 05:50:44,808 [pool-605-thread-1] INFO  server.RaftServerConfigKeys (ConfUtils.java:logGet(43)) - raft.server.log.statemachine.data.sync.timeout = 10s (default)
2019-09-25 05:50:44,808 [pool-605-thread-1] INFO  server.RaftServerConfigKeys (ConfUtils.java:logGet(43)) - raft.server.log.statemachine.data.sync.timeout.retry = -1 (default)
2019-09-25 05:50:44,808 [pool-605-thread-1] INFO  server.RaftServerConfigKeys (ConfUtils.java:logGet(43)) - raft.server.log.statemachine.data.caching.enabled = true (custom)
2019-09-25 05:50:44,808 [pool-605-thread-1] INFO  segmented.SegmentedRaftLogWorker (SegmentedRaftLogWorker.java:lambda$new$0(132)) - 998f0c91-f727-4973-bd37-e1a81f390f6c@group-CB67D72194FA-SegmentedRaftLogWorker: flushIndex: setUnconditionally 0 -> -1
2019-09-25 05:50:44,809 [pool-605-thread-1] INFO  server.RaftServerConfigKeys (ConfUtils.java:logGet(43)) - raft.server.snapshot.auto.trigger.enabled = true (custom)
2019-09-25 05:50:44,809 [pool-605-thread-1] INFO  server.RaftServerConfigKeys (ConfUtils.java:logGet(43)) - raft.server.snapshot.auto.trigger.threshold = 10000 (custom)
2019-09-25 05:50:44,809 [pool-605-thread-1] INFO  server.RaftServerConfigKeys (ConfUtils.java:logGet(43)) - raft.server.snapshot.retention.num.files = 5 (custom)
2019-09-25 05:50:44,809 [pool-605-thread-1] INFO  server.RaftServerConfigKeys (ConfUtils.java:logGet(43)) - raft.server.retrycache.expirytime = 600000ms (custom)
2019-09-25 05:50:44,811 [pool-605-thread-1] INFO  impl.RaftServerImpl (RaftServerImpl.java:start(185)) - 998f0c91-f727-4973-bd37-e1a81f390f6c@group-CB67D72194FA: start as a follower, conf=-1: [998f0c91-f727-4973-bd37-e1a81f390f6c:192.168.30.10:43497], old=null
2019-09-25 05:50:44,811 [pool-605-thread-1] INFO  impl.RaftServerImpl (RaftServerImpl.java:setRole(174)) - 998f0c91-f727-4973-bd37-e1a81f390f6c@group-CB67D72194FA: changes role from      null to FOLLOWER at term 0 for startAsFollower
2019-09-25 05:50:44,811 [pool-605-thread-1] INFO  impl.RoleInfo (RoleInfo.java:updateAndGet(143)) - 998f0c91-f727-4973-bd37-e1a81f390f6c: start FollowerState
2019-09-25 05:50:44,811 [pool-605-thread-1] INFO  util.JmxRegister (JmxRegister.java:tryRegister(44)) - Successfully registered JMX Bean with object name Ratis:service=RaftServer,group=group-CB67D72194FA,id=998f0c91-f727-4973-bd37-e1a81f390f6c
2019-09-25 05:50:44,813 [RatisPipelineUtilsThread] INFO  pipeline.PipelineStateManager (PipelineStateManager.java:addPipeline(56)) - Created pipeline Pipeline[ Id: 770e5f14-4df2-42b3-9108-cb67d72194fa, Nodes: 998f0c91-f727-4973-bd37-e1a81f390f6c{ip: 192.168.30.10, host: pr-hdds-1569-s62bp-3040748787, networkLocation: /default-rack, certSerialId: null}, Type:RATIS, Factor:ONE, State:OPEN]
2019-09-25 05:50:44,813 [RatisPipelineUtilsThread] INFO  pipeline.PipelinePlacementPolicy (PipelinePlacementPolicy.java:meetCriteria(91)) - Pipeline Placement: Doesn't meet the criteria to be viable node： 60b026ab-fadd-426f-9b92-f2e4bcc7c7ff Heaviness: 6 limit: 5
2019-09-25 05:50:44,813 [RatisPipelineUtilsThread] INFO  pipeline.PipelinePlacementPolicy (PipelinePlacementPolicy.java:meetCriteria(91)) - Pipeline Placement: Doesn't meet the criteria to be viable node： 49655598-56f4-41c4-a924-b5d2880a3f2f Heaviness: 6 limit: 5
2019-09-25 05:50:44,823 [grpc-default-executor-0] INFO  impl.RaftServerProxy (RaftServerProxy.java:addNew(89)) - 8aaa6fc6-f7fb-4882-accc-fabfb9faa78a: addNew group-00E720E9D129:[8aaa6fc6-f7fb-4882-accc-fabfb9faa78a:192.168.30.10:36169] returns group-00E720E9D129:java.util.concurrent.CompletableFuture@2dd1426a[Not completed]
2019-09-25 05:50:44,824 [pool-635-thread-1] INFO  impl.RaftServerImpl (RaftServerImpl.java:<init>(95)) - 8aaa6fc6-f7fb-4882-accc-fabfb9faa78a: new RaftServerImpl for group-00E720E9D129:[8aaa6fc6-f7fb-4882-accc-fabfb9faa78a:192.168.30.10:36169] with ContainerStateMachine:uninitialized
2019-09-25 05:50:44,824 [pool-635-thread-1] INFO  server.RaftServerConfigKeys (ConfUtils.java:logGet(43)) - raft.server.rpc.timeout.min = 5s (custom)
2019-09-25 05:50:44,824 [pool-635-thread-1] INFO  server.RaftServerConfigKeys (ConfUtils.java:logGet(43)) - raft.server.rpc.timeout.max = 5200ms (custom)
2019-09-25 05:50:44,824 [pool-635-thread-1] INFO  server.RaftServerConfigKeys (ConfUtils.java:logGet(43)) - raft.server.rpcslowness.timeout = 120s (custom)
2019-09-25 05:50:44,824 [pool-635-thread-1] INFO  server.RaftServerConfigKeys (ConfUtils.java:logGet(43)) - raft.server.sleep.deviation.threshold = 300 (default)
2019-09-25 05:50:44,825 [pool-635-thread-1] INFO  server.RaftServerConfigKeys (ConfUtils.java:logGet(43)) - raft.server.log.appender.install.snapshot.enabled = false (custom)
2019-09-25 05:50:44,825 [pool-635-thread-1] INFO  impl.RaftServerImpl (ServerState.java:<init>(103)) - 8aaa6fc6-f7fb-4882-accc-fabfb9faa78a@group-00E720E9D129: ConfigurationManager, init=-1: [8aaa6fc6-f7fb-4882-accc-fabfb9faa78a:192.168.30.10:36169], old=null, confs=<EMPTY_MAP>
2019-09-25 05:50:44,825 [pool-635-thread-1] INFO  server.RaftServerConfigKeys (ConfUtils.java:logGet(43)) - raft.server.storage.dir = [/workdir/hadoop-ozone/integration-test/target/test-dir/MiniOzoneClusterImpl-28dc08f8-08b8-4dfd-b771-8384b6a2d499/datanode-5/data/ratis] (custom)
2019-09-25 05:50:44,825 [pool-635-thread-1] INFO  storage.RaftStorageDirectory (RaftStorageDirectory.java:analyzeStorage(246)) - The storage directory /workdir/hadoop-ozone/integration-test/target/test-dir/MiniOzoneClusterImpl-28dc08f8-08b8-4dfd-b771-8384b6a2d499/datanode-5/data/ratis/bf4117e8-ac17-4b26-b027-00e720e9d129 does not exist. Creating ...
2019-09-25 05:50:44,829 [pool-635-thread-1] INFO  storage.RaftStorageDirectory (RaftStorageDirectory.java:tryLock(328)) - Lock on /workdir/hadoop-ozone/integration-test/target/test-dir/MiniOzoneClusterImpl-28dc08f8-08b8-4dfd-b771-8384b6a2d499/datanode-5/data/ratis/bf4117e8-ac17-4b26-b027-00e720e9d129/in_use.lock acquired by nodename 13539@pr-hdds-1569-s62bp-3040748787
2019-09-25 05:50:44,832 [pool-635-thread-1] INFO  storage.RaftStorage (RaftStorage.java:format(72)) - Storage directory /workdir/hadoop-ozone/integration-test/target/test-dir/MiniOzoneClusterImpl-28dc08f8-08b8-4dfd-b771-8384b6a2d499/datanode-5/data/ratis/bf4117e8-ac17-4b26-b027-00e720e9d129 has been successfully formatted.
2019-09-25 05:50:44,832 [pool-635-thread-1] INFO  ratis.ContainerStateMachine (ContainerStateMachine.java:loadSnapshot(230)) - group-00E720E9D129: The snapshot info is null. Setting the last applied indexto:(t:0, i:~)
2019-09-25 05:50:44,832 [pool-635-thread-1] INFO  server.RaftServerConfigKeys (ConfUtils.java:logGet(43)) - raft.server.notification.no-leader.timeout = 120s (custom)
2019-09-25 05:50:44,833 [pool-635-thread-1] INFO  server.RaftServerConfigKeys (ConfUtils.java:logGet(43)) - raft.server.log.use.memory = false (default)
2019-09-25 05:50:44,833 [pool-635-thread-1] INFO  server.RaftServerConfigKeys (ConfUtils.java:logGet(43)) - raft.server.log.purge.gap = 1000000 (custom)
2019-09-25 05:50:44,833 [pool-635-thread-1] INFO  server.RaftServerConfigKeys (ConfUtils.java:logGet(43)) - raft.server.log.appender.buffer.byte-limit = 33554432 (custom)
2019-09-25 05:50:44,833 [pool-635-thread-1] INFO  server.RaftServerConfigKeys (ConfUtils.java:logGet(43)) - raft.server.log.segment.size.max = 1048576 (custom)
2019-09-25 05:50:44,833 [pool-635-thread-1] INFO  server.RaftServerConfigKeys (ConfUtils.java:logGet(43)) - raft.server.log.segment.cache.num.max = 2 (custom)
2019-09-25 05:50:44,833 [pool-635-thread-1] INFO  segmented.SegmentedRaftLogWorker (SegmentedRaftLogWorker.java:<init>(172)) - new 8aaa6fc6-f7fb-4882-accc-fabfb9faa78a@group-00E720E9D129-SegmentedRaftLogWorker for RaftStorage:Storage Directory /workdir/hadoop-ozone/integration-test/target/test-dir/MiniOzoneClusterImpl-28dc08f8-08b8-4dfd-b771-8384b6a2d499/datanode-5/data/ratis/bf4117e8-ac17-4b26-b027-00e720e9d129
2019-09-25 05:50:44,834 [pool-635-thread-1] INFO  server.RaftServerConfigKeys (ConfUtils.java:logGet(43)) - raft.server.log.queue.byte-limit = 2147483647 (custom)
2019-09-25 05:50:44,835 [pool-635-thread-1] INFO  server.RaftServerConfigKeys (ConfUtils.java:logGet(43)) - raft.server.log.queue.element-limit = 1024 (custom)
2019-09-25 05:50:44,835 [pool-635-thread-1] INFO  server.RaftServerConfigKeys (ConfUtils.java:logGet(43)) - raft.server.log.segment.size.max = 1048576 (custom)
2019-09-25 05:50:44,835 [pool-635-thread-1] INFO  server.RaftServerConfigKeys (ConfUtils.java:logGet(43)) - raft.server.log.preallocated.size = 16384 (custom)
2019-09-25 05:50:44,835 [pool-635-thread-1] INFO  server.RaftServerConfigKeys (ConfUtils.java:logGet(43)) - raft.server.log.write.buffer.size = 33554432 (custom)
2019-09-25 05:50:44,835 [pool-635-thread-1] INFO  server.RaftServerConfigKeys (ConfUtils.java:logGet(43)) - raft.server.log.force.sync.num = 128 (default)
2019-09-25 05:50:44,835 [pool-635-thread-1] INFO  server.RaftServerConfigKeys (ConfUtils.java:logGet(43)) - raft.server.log.statemachine.data.sync = true (default)
2019-09-25 05:50:44,835 [pool-635-thread-1] INFO  server.RaftServerConfigKeys (ConfUtils.java:logGet(43)) - raft.server.log.statemachine.data.sync.timeout = 10s (default)
2019-09-25 05:50:44,835 [pool-635-thread-1] INFO  server.RaftServerConfigKeys (ConfUtils.java:logGet(43)) - raft.server.log.statemachine.data.sync.timeout.retry = -1 (default)
2019-09-25 05:50:44,836 [pool-635-thread-1] INFO  server.RaftServerConfigKeys (ConfUtils.java:logGet(43)) - raft.server.log.statemachine.data.caching.enabled = true (custom)
2019-09-25 05:50:44,836 [pool-635-thread-1] INFO  segmented.SegmentedRaftLogWorker (SegmentedRaftLogWorker.java:lambda$new$0(132)) - 8aaa6fc6-f7fb-4882-accc-fabfb9faa78a@group-00E720E9D129-SegmentedRaftLogWorker: flushIndex: setUnconditionally 0 -> -1
2019-09-25 05:50:44,836 [pool-635-thread-1] INFO  server.RaftServerConfigKeys (ConfUtils.java:logGet(43)) - raft.server.snapshot.auto.trigger.enabled = true (custom)
2019-09-25 05:50:44,836 [pool-635-thread-1] INFO  server.RaftServerConfigKeys (ConfUtils.java:logGet(43)) - raft.server.snapshot.auto.trigger.threshold = 10000 (custom)
2019-09-25 05:50:44,836 [pool-635-thread-1] INFO  server.RaftServerConfigKeys (ConfUtils.java:logGet(43)) - raft.server.snapshot.retention.num.files = 5 (custom)
2019-09-25 05:50:44,837 [pool-635-thread-1] INFO  server.RaftServerConfigKeys (ConfUtils.java:logGet(43)) - raft.server.retrycache.expirytime = 600000ms (custom)
2019-09-25 05:50:44,838 [pool-635-thread-1] INFO  impl.RaftServerImpl (RaftServerImpl.java:start(185)) - 8aaa6fc6-f7fb-4882-accc-fabfb9faa78a@group-00E720E9D129: start as a follower, conf=-1: [8aaa6fc6-f7fb-4882-accc-fabfb9faa78a:192.168.30.10:36169], old=null
2019-09-25 05:50:44,838 [pool-635-thread-1] INFO  impl.RaftServerImpl (RaftServerImpl.java:setRole(174)) - 8aaa6fc6-f7fb-4882-accc-fabfb9faa78a@group-00E720E9D129: changes role from      null to FOLLOWER at term 0 for startAsFollower
2019-09-25 05:50:44,838 [pool-635-thread-1] INFO  impl.RoleInfo (RoleInfo.java:updateAndGet(143)) - 8aaa6fc6-f7fb-4882-accc-fabfb9faa78a: start FollowerState
2019-09-25 05:50:44,838 [pool-635-thread-1] INFO  util.JmxRegister (JmxRegister.java:tryRegister(44)) - Successfully registered JMX Bean with object name Ratis:service=RaftServer,group=group-00E720E9D129,id=8aaa6fc6-f7fb-4882-accc-fabfb9faa78a
2019-09-25 05:50:44,840 [RatisPipelineUtilsThread] INFO  pipeline.PipelineStateManager (PipelineStateManager.java:addPipeline(56)) - Created pipeline Pipeline[ Id: bf4117e8-ac17-4b26-b027-00e720e9d129, Nodes: 8aaa6fc6-f7fb-4882-accc-fabfb9faa78a{ip: 192.168.30.10, host: pr-hdds-1569-s62bp-3040748787, networkLocation: /default-rack, certSerialId: null}, Type:RATIS, Factor:ONE, State:OPEN]
2019-09-25 05:50:44,840 [RatisPipelineUtilsThread] INFO  pipeline.PipelinePlacementPolicy (PipelinePlacementPolicy.java:meetCriteria(91)) - Pipeline Placement: Doesn't meet the criteria to be viable node： 60b026ab-fadd-426f-9b92-f2e4bcc7c7ff Heaviness: 6 limit: 5
2019-09-25 05:50:44,840 [RatisPipelineUtilsThread] INFO  pipeline.PipelinePlacementPolicy (PipelinePlacementPolicy.java:meetCriteria(91)) - Pipeline Placement: Doesn't meet the criteria to be viable node： 49655598-56f4-41c4-a924-b5d2880a3f2f Heaviness: 6 limit: 5
2019-09-25 05:50:44,849 [grpc-default-executor-0] INFO  impl.RaftServerProxy (RaftServerProxy.java:addNew(89)) - 048cd757-ac0b-449d-96b7-2f2a98d02798: addNew group-1F39003FF79B:[048cd757-ac0b-449d-96b7-2f2a98d02798:192.168.30.10:45339] returns group-1F39003FF79B:java.util.concurrent.CompletableFuture@429f672f[Not completed]
2019-09-25 05:50:44,849 [pool-625-thread-1] INFO  impl.RaftServerImpl (RaftServerImpl.java:<init>(95)) - 048cd757-ac0b-449d-96b7-2f2a98d02798: new RaftServerImpl for group-1F39003FF79B:[048cd757-ac0b-449d-96b7-2f2a98d02798:192.168.30.10:45339] with ContainerStateMachine:uninitialized
2019-09-25 05:50:44,850 [pool-625-thread-1] INFO  server.RaftServerConfigKeys (ConfUtils.java:logGet(43)) - raft.server.rpc.timeout.min = 5s (custom)
2019-09-25 05:50:44,850 [pool-625-thread-1] INFO  server.RaftServerConfigKeys (ConfUtils.java:logGet(43)) - raft.server.rpc.timeout.max = 5200ms (custom)
2019-09-25 05:50:44,850 [pool-625-thread-1] INFO  server.RaftServerConfigKeys (ConfUtils.java:logGet(43)) - raft.server.rpcslowness.timeout = 120s (custom)
2019-09-25 05:50:44,850 [pool-625-thread-1] INFO  server.RaftServerConfigKeys (ConfUtils.java:logGet(43)) - raft.server.sleep.deviation.threshold = 300 (default)
2019-09-25 05:50:44,850 [pool-625-thread-1] INFO  server.RaftServerConfigKeys (ConfUtils.java:logGet(43)) - raft.server.log.appender.install.snapshot.enabled = false (custom)
2019-09-25 05:50:44,850 [pool-625-thread-1] INFO  impl.RaftServerImpl (ServerState.java:<init>(103)) - 048cd757-ac0b-449d-96b7-2f2a98d02798@group-1F39003FF79B: ConfigurationManager, init=-1: [048cd757-ac0b-449d-96b7-2f2a98d02798:192.168.30.10:45339], old=null, confs=<EMPTY_MAP>
2019-09-25 05:50:44,850 [pool-625-thread-1] INFO  server.RaftServerConfigKeys (ConfUtils.java:logGet(43)) - raft.server.storage.dir = [/workdir/hadoop-ozone/integration-test/target/test-dir/MiniOzoneClusterImpl-28dc08f8-08b8-4dfd-b771-8384b6a2d499/datanode-4/data/ratis] (custom)
2019-09-25 05:50:44,851 [pool-625-thread-1] INFO  storage.RaftStorageDirectory (RaftStorageDirectory.java:analyzeStorage(246)) - The storage directory /workdir/hadoop-ozone/integration-test/target/test-dir/MiniOzoneClusterImpl-28dc08f8-08b8-4dfd-b771-8384b6a2d499/datanode-4/data/ratis/47263ee2-83cc-492c-88b9-1f39003ff79b does not exist. Creating ...
2019-09-25 05:50:44,862 [pool-625-thread-1] INFO  storage.RaftStorageDirectory (RaftStorageDirectory.java:tryLock(328)) - Lock on /workdir/hadoop-ozone/integration-test/target/test-dir/MiniOzoneClusterImpl-28dc08f8-08b8-4dfd-b771-8384b6a2d499/datanode-4/data/ratis/47263ee2-83cc-492c-88b9-1f39003ff79b/in_use.lock acquired by nodename 13539@pr-hdds-1569-s62bp-3040748787
2019-09-25 05:50:44,897 [pool-625-thread-1] INFO  storage.RaftStorage (RaftStorage.java:format(72)) - Storage directory /workdir/hadoop-ozone/integration-test/target/test-dir/MiniOzoneClusterImpl-28dc08f8-08b8-4dfd-b771-8384b6a2d499/datanode-4/data/ratis/47263ee2-83cc-492c-88b9-1f39003ff79b has been successfully formatted.
2019-09-25 05:50:44,897 [pool-625-thread-1] INFO  ratis.ContainerStateMachine (ContainerStateMachine.java:loadSnapshot(230)) - group-1F39003FF79B: The snapshot info is null. Setting the last applied indexto:(t:0, i:~)
2019-09-25 05:50:44,897 [pool-625-thread-1] INFO  server.RaftServerConfigKeys (ConfUtils.java:logGet(43)) - raft.server.notification.no-leader.timeout = 120s (custom)
2019-09-25 05:50:44,897 [pool-625-thread-1] INFO  server.RaftServerConfigKeys (ConfUtils.java:logGet(43)) - raft.server.log.use.memory = false (default)
2019-09-25 05:50:44,898 [pool-625-thread-1] INFO  server.RaftServerConfigKeys (ConfUtils.java:logGet(43)) - raft.server.log.purge.gap = 1000000 (custom)
2019-09-25 05:50:44,898 [pool-625-thread-1] INFO  server.RaftServerConfigKeys (ConfUtils.java:logGet(43)) - raft.server.log.appender.buffer.byte-limit = 33554432 (custom)
2019-09-25 05:50:44,898 [pool-625-thread-1] INFO  server.RaftServerConfigKeys (ConfUtils.java:logGet(43)) - raft.server.log.segment.size.max = 1048576 (custom)
2019-09-25 05:50:44,898 [pool-625-thread-1] INFO  server.RaftServerConfigKeys (ConfUtils.java:logGet(43)) - raft.server.log.segment.cache.num.max = 2 (custom)
2019-09-25 05:50:44,898 [pool-625-thread-1] INFO  segmented.SegmentedRaftLogWorker (SegmentedRaftLogWorker.java:<init>(172)) - new 048cd757-ac0b-449d-96b7-2f2a98d02798@group-1F39003FF79B-SegmentedRaftLogWorker for RaftStorage:Storage Directory /workdir/hadoop-ozone/integration-test/target/test-dir/MiniOzoneClusterImpl-28dc08f8-08b8-4dfd-b771-8384b6a2d499/datanode-4/data/ratis/47263ee2-83cc-492c-88b9-1f39003ff79b
2019-09-25 05:50:44,900 [pool-625-thread-1] INFO  server.RaftServerConfigKeys (ConfUtils.java:logGet(43)) - raft.server.log.queue.byte-limit = 2147483647 (custom)
2019-09-25 05:50:44,900 [pool-625-thread-1] INFO  server.RaftServerConfigKeys (ConfUtils.java:logGet(43)) - raft.server.log.queue.element-limit = 1024 (custom)
2019-09-25 05:50:44,900 [pool-625-thread-1] INFO  server.RaftServerConfigKeys (ConfUtils.java:logGet(43)) - raft.server.log.segment.size.max = 1048576 (custom)
2019-09-25 05:50:44,900 [pool-625-thread-1] INFO  server.RaftServerConfigKeys (ConfUtils.java:logGet(43)) - raft.server.log.preallocated.size = 16384 (custom)
2019-09-25 05:50:44,900 [pool-625-thread-1] INFO  server.RaftServerConfigKeys (ConfUtils.java:logGet(43)) - raft.server.log.write.buffer.size = 33554432 (custom)
2019-09-25 05:50:44,901 [pool-625-thread-1] INFO  server.RaftServerConfigKeys (ConfUtils.java:logGet(43)) - raft.server.log.force.sync.num = 128 (default)
2019-09-25 05:50:44,901 [pool-625-thread-1] INFO  server.RaftServerConfigKeys (ConfUtils.java:logGet(43)) - raft.server.log.statemachine.data.sync = true (default)
2019-09-25 05:50:44,901 [pool-625-thread-1] INFO  server.RaftServerConfigKeys (ConfUtils.java:logGet(43)) - raft.server.log.statemachine.data.sync.timeout = 10s (default)
2019-09-25 05:50:44,901 [pool-625-thread-1] INFO  server.RaftServerConfigKeys (ConfUtils.java:logGet(43)) - raft.server.log.statemachine.data.sync.timeout.retry = -1 (default)
2019-09-25 05:50:44,901 [pool-625-thread-1] INFO  server.RaftServerConfigKeys (ConfUtils.java:logGet(43)) - raft.server.log.statemachine.data.caching.enabled = true (custom)
2019-09-25 05:50:44,902 [pool-625-thread-1] INFO  segmented.SegmentedRaftLogWorker (SegmentedRaftLogWorker.java:lambda$new$0(132)) - 048cd757-ac0b-449d-96b7-2f2a98d02798@group-1F39003FF79B-SegmentedRaftLogWorker: flushIndex: setUnconditionally 0 -> -1
2019-09-25 05:50:44,902 [pool-625-thread-1] INFO  server.RaftServerConfigKeys (ConfUtils.java:logGet(43)) - raft.server.snapshot.auto.trigger.enabled = true (custom)
2019-09-25 05:50:44,902 [pool-625-thread-1] INFO  server.RaftServerConfigKeys (ConfUtils.java:logGet(43)) - raft.server.snapshot.auto.trigger.threshold = 10000 (custom)
2019-09-25 05:50:44,902 [pool-625-thread-1] INFO  server.RaftServerConfigKeys (ConfUtils.java:logGet(43)) - raft.server.snapshot.retention.num.files = 5 (custom)
2019-09-25 05:50:44,902 [pool-625-thread-1] INFO  server.RaftServerConfigKeys (ConfUtils.java:logGet(43)) - raft.server.retrycache.expirytime = 600000ms (custom)
2019-09-25 05:50:44,904 [pool-625-thread-1] INFO  impl.RaftServerImpl (RaftServerImpl.java:start(185)) - 048cd757-ac0b-449d-96b7-2f2a98d02798@group-1F39003FF79B: start as a follower, conf=-1: [048cd757-ac0b-449d-96b7-2f2a98d02798:192.168.30.10:45339], old=null
2019-09-25 05:50:44,904 [pool-625-thread-1] INFO  impl.RaftServerImpl (RaftServerImpl.java:setRole(174)) - 048cd757-ac0b-449d-96b7-2f2a98d02798@group-1F39003FF79B: changes role from      null to FOLLOWER at term 0 for startAsFollower
2019-09-25 05:50:44,904 [pool-625-thread-1] INFO  impl.RoleInfo (RoleInfo.java:updateAndGet(143)) - 048cd757-ac0b-449d-96b7-2f2a98d02798: start FollowerState
2019-09-25 05:50:44,905 [pool-625-thread-1] INFO  util.JmxRegister (JmxRegister.java:tryRegister(44)) - Successfully registered JMX Bean with object name Ratis:service=RaftServer,group=group-1F39003FF79B,id=048cd757-ac0b-449d-96b7-2f2a98d02798
2019-09-25 05:50:44,907 [RatisPipelineUtilsThread] INFO  pipeline.PipelineStateManager (PipelineStateManager.java:addPipeline(56)) - Created pipeline Pipeline[ Id: 47263ee2-83cc-492c-88b9-1f39003ff79b, Nodes: 048cd757-ac0b-449d-96b7-2f2a98d02798{ip: 192.168.30.10, host: pr-hdds-1569-s62bp-3040748787, networkLocation: /default-rack, certSerialId: null}, Type:RATIS, Factor:ONE, State:OPEN]
2019-09-25 05:50:44,907 [RatisPipelineUtilsThread] INFO  pipeline.PipelinePlacementPolicy (PipelinePlacementPolicy.java:meetCriteria(91)) - Pipeline Placement: Doesn't meet the criteria to be viable node： 60b026ab-fadd-426f-9b92-f2e4bcc7c7ff Heaviness: 6 limit: 5
2019-09-25 05:50:44,907 [RatisPipelineUtilsThread] INFO  pipeline.PipelinePlacementPolicy (PipelinePlacementPolicy.java:meetCriteria(91)) - Pipeline Placement: Doesn't meet the criteria to be viable node： 49655598-56f4-41c4-a924-b5d2880a3f2f Heaviness: 6 limit: 5
2019-09-25 05:50:44,911 [grpc-default-executor-0] INFO  impl.RaftServerProxy (RaftServerProxy.java:addNew(89)) - 998f0c91-f727-4973-bd37-e1a81f390f6c: addNew group-414A8ACFA8E4:[998f0c91-f727-4973-bd37-e1a81f390f6c:192.168.30.10:43497] returns group-414A8ACFA8E4:java.util.concurrent.CompletableFuture@4314581b[Not completed]
2019-09-25 05:50:44,911 [pool-605-thread-1] INFO  impl.RaftServerImpl (RaftServerImpl.java:<init>(95)) - 998f0c91-f727-4973-bd37-e1a81f390f6c: new RaftServerImpl for group-414A8ACFA8E4:[998f0c91-f727-4973-bd37-e1a81f390f6c:192.168.30.10:43497] with ContainerStateMachine:uninitialized
2019-09-25 05:50:44,911 [pool-605-thread-1] INFO  server.RaftServerConfigKeys (ConfUtils.java:logGet(43)) - raft.server.rpc.timeout.min = 5s (custom)
2019-09-25 05:50:44,912 [pool-605-thread-1] INFO  server.RaftServerConfigKeys (ConfUtils.java:logGet(43)) - raft.server.rpc.timeout.max = 5200ms (custom)
2019-09-25 05:50:44,912 [pool-605-thread-1] INFO  server.RaftServerConfigKeys (ConfUtils.java:logGet(43)) - raft.server.rpcslowness.timeout = 120s (custom)
2019-09-25 05:50:44,912 [pool-605-thread-1] INFO  server.RaftServerConfigKeys (ConfUtils.java:logGet(43)) - raft.server.sleep.deviation.threshold = 300 (default)
2019-09-25 05:50:44,912 [pool-605-thread-1] INFO  server.RaftServerConfigKeys (ConfUtils.java:logGet(43)) - raft.server.log.appender.install.snapshot.enabled = false (custom)
2019-09-25 05:50:44,912 [pool-605-thread-1] INFO  impl.RaftServerImpl (ServerState.java:<init>(103)) - 998f0c91-f727-4973-bd37-e1a81f390f6c@group-414A8ACFA8E4: ConfigurationManager, init=-1: [998f0c91-f727-4973-bd37-e1a81f390f6c:192.168.30.10:43497], old=null, confs=<EMPTY_MAP>
2019-09-25 05:50:44,912 [pool-605-thread-1] INFO  server.RaftServerConfigKeys (ConfUtils.java:logGet(43)) - raft.server.storage.dir = [/workdir/hadoop-ozone/integration-test/target/test-dir/MiniOzoneClusterImpl-28dc08f8-08b8-4dfd-b771-8384b6a2d499/datanode-2/data/ratis] (custom)
2019-09-25 05:50:44,913 [pool-605-thread-1] INFO  storage.RaftStorageDirectory (RaftStorageDirectory.java:analyzeStorage(246)) - The storage directory /workdir/hadoop-ozone/integration-test/target/test-dir/MiniOzoneClusterImpl-28dc08f8-08b8-4dfd-b771-8384b6a2d499/datanode-2/data/ratis/cd536b42-ec38-4334-a00c-414a8acfa8e4 does not exist. Creating ...
2019-09-25 05:50:44,938 [pool-605-thread-1] INFO  storage.RaftStorageDirectory (RaftStorageDirectory.java:tryLock(328)) - Lock on /workdir/hadoop-ozone/integration-test/target/test-dir/MiniOzoneClusterImpl-28dc08f8-08b8-4dfd-b771-8384b6a2d499/datanode-2/data/ratis/cd536b42-ec38-4334-a00c-414a8acfa8e4/in_use.lock acquired by nodename 13539@pr-hdds-1569-s62bp-3040748787
2019-09-25 05:50:44,952 [pool-605-thread-1] INFO  storage.RaftStorage (RaftStorage.java:format(72)) - Storage directory /workdir/hadoop-ozone/integration-test/target/test-dir/MiniOzoneClusterImpl-28dc08f8-08b8-4dfd-b771-8384b6a2d499/datanode-2/data/ratis/cd536b42-ec38-4334-a00c-414a8acfa8e4 has been successfully formatted.
2019-09-25 05:50:44,953 [pool-605-thread-1] INFO  ratis.ContainerStateMachine (ContainerStateMachine.java:loadSnapshot(230)) - group-414A8ACFA8E4: The snapshot info is null. Setting the last applied indexto:(t:0, i:~)
2019-09-25 05:50:44,953 [pool-605-thread-1] INFO  server.RaftServerConfigKeys (ConfUtils.java:logGet(43)) - raft.server.notification.no-leader.timeout = 120s (custom)
2019-09-25 05:50:44,953 [pool-605-thread-1] INFO  server.RaftServerConfigKeys (ConfUtils.java:logGet(43)) - raft.server.log.use.memory = false (default)
2019-09-25 05:50:44,953 [pool-605-thread-1] INFO  server.RaftServerConfigKeys (ConfUtils.java:logGet(43)) - raft.server.log.purge.gap = 1000000 (custom)
2019-09-25 05:50:44,953 [pool-605-thread-1] INFO  server.RaftServerConfigKeys (ConfUtils.java:logGet(43)) - raft.server.log.appender.buffer.byte-limit = 33554432 (custom)
2019-09-25 05:50:44,953 [pool-605-thread-1] INFO  server.RaftServerConfigKeys (ConfUtils.java:logGet(43)) - raft.server.log.segment.size.max = 1048576 (custom)
2019-09-25 05:50:44,954 [pool-605-thread-1] INFO  server.RaftServerConfigKeys (ConfUtils.java:logGet(43)) - raft.server.log.segment.cache.num.max = 2 (custom)
2019-09-25 05:50:44,954 [pool-605-thread-1] INFO  segmented.SegmentedRaftLogWorker (SegmentedRaftLogWorker.java:<init>(172)) - new 998f0c91-f727-4973-bd37-e1a81f390f6c@group-414A8ACFA8E4-SegmentedRaftLogWorker for RaftStorage:Storage Directory /workdir/hadoop-ozone/integration-test/target/test-dir/MiniOzoneClusterImpl-28dc08f8-08b8-4dfd-b771-8384b6a2d499/datanode-2/data/ratis/cd536b42-ec38-4334-a00c-414a8acfa8e4
2019-09-25 05:50:44,954 [pool-605-thread-1] INFO  server.RaftServerConfigKeys (ConfUtils.java:logGet(43)) - raft.server.log.queue.byte-limit = 2147483647 (custom)
2019-09-25 05:50:44,954 [pool-605-thread-1] INFO  server.RaftServerConfigKeys (ConfUtils.java:logGet(43)) - raft.server.log.queue.element-limit = 1024 (custom)
2019-09-25 05:50:44,954 [pool-605-thread-1] INFO  server.RaftServerConfigKeys (ConfUtils.java:logGet(43)) - raft.server.log.segment.size.max = 1048576 (custom)
2019-09-25 05:50:44,954 [pool-605-thread-1] INFO  server.RaftServerConfigKeys (ConfUtils.java:logGet(43)) - raft.server.log.preallocated.size = 16384 (custom)
2019-09-25 05:50:44,955 [pool-605-thread-1] INFO  server.RaftServerConfigKeys (ConfUtils.java:logGet(43)) - raft.server.log.write.buffer.size = 33554432 (custom)
2019-09-25 05:50:44,955 [pool-605-thread-1] INFO  server.RaftServerConfigKeys (ConfUtils.java:logGet(43)) - raft.server.log.force.sync.num = 128 (default)
2019-09-25 05:50:44,955 [pool-605-thread-1] INFO  server.RaftServerConfigKeys (ConfUtils.java:logGet(43)) - raft.server.log.statemachine.data.sync = true (default)
2019-09-25 05:50:44,955 [pool-605-thread-1] INFO  server.RaftServerConfigKeys (ConfUtils.java:logGet(43)) - raft.server.log.statemachine.data.sync.timeout = 10s (default)
2019-09-25 05:50:44,955 [pool-605-thread-1] INFO  server.RaftServerConfigKeys (ConfUtils.java:logGet(43)) - raft.server.log.statemachine.data.sync.timeout.retry = -1 (default)
2019-09-25 05:50:44,955 [pool-605-thread-1] INFO  server.RaftServerConfigKeys (ConfUtils.java:logGet(43)) - raft.server.log.statemachine.data.caching.enabled = true (custom)
2019-09-25 05:50:44,956 [pool-605-thread-1] INFO  segmented.SegmentedRaftLogWorker (SegmentedRaftLogWorker.java:lambda$new$0(132)) - 998f0c91-f727-4973-bd37-e1a81f390f6c@group-414A8ACFA8E4-SegmentedRaftLogWorker: flushIndex: setUnconditionally 0 -> -1
2019-09-25 05:50:44,956 [pool-605-thread-1] INFO  server.RaftServerConfigKeys (ConfUtils.java:logGet(43)) - raft.server.snapshot.auto.trigger.enabled = true (custom)
2019-09-25 05:50:44,956 [pool-605-thread-1] INFO  server.RaftServerConfigKeys (ConfUtils.java:logGet(43)) - raft.server.snapshot.auto.trigger.threshold = 10000 (custom)
2019-09-25 05:50:44,956 [pool-605-thread-1] INFO  server.RaftServerConfigKeys (ConfUtils.java:logGet(43)) - raft.server.snapshot.retention.num.files = 5 (custom)
2019-09-25 05:50:44,957 [pool-605-thread-1] INFO  server.RaftServerConfigKeys (ConfUtils.java:logGet(43)) - raft.server.retrycache.expirytime = 600000ms (custom)
2019-09-25 05:50:44,958 [pool-605-thread-1] INFO  impl.RaftServerImpl (RaftServerImpl.java:start(185)) - 998f0c91-f727-4973-bd37-e1a81f390f6c@group-414A8ACFA8E4: start as a follower, conf=-1: [998f0c91-f727-4973-bd37-e1a81f390f6c:192.168.30.10:43497], old=null
2019-09-25 05:50:44,958 [pool-605-thread-1] INFO  impl.RaftServerImpl (RaftServerImpl.java:setRole(174)) - 998f0c91-f727-4973-bd37-e1a81f390f6c@group-414A8ACFA8E4: changes role from      null to FOLLOWER at term 0 for startAsFollower
2019-09-25 05:50:44,959 [pool-605-thread-1] INFO  impl.RoleInfo (RoleInfo.java:updateAndGet(143)) - 998f0c91-f727-4973-bd37-e1a81f390f6c: start FollowerState
2019-09-25 05:50:44,959 [pool-605-thread-1] INFO  util.JmxRegister (JmxRegister.java:tryRegister(44)) - Successfully registered JMX Bean with object name Ratis:service=RaftServer,group=group-414A8ACFA8E4,id=998f0c91-f727-4973-bd37-e1a81f390f6c
2019-09-25 05:50:44,961 [RatisPipelineUtilsThread] INFO  pipeline.PipelineStateManager (PipelineStateManager.java:addPipeline(56)) - Created pipeline Pipeline[ Id: cd536b42-ec38-4334-a00c-414a8acfa8e4, Nodes: 998f0c91-f727-4973-bd37-e1a81f390f6c{ip: 192.168.30.10, host: pr-hdds-1569-s62bp-3040748787, networkLocation: /default-rack, certSerialId: null}, Type:RATIS, Factor:ONE, State:OPEN]
2019-09-25 05:50:44,961 [RatisPipelineUtilsThread] INFO  pipeline.PipelinePlacementPolicy (PipelinePlacementPolicy.java:meetCriteria(91)) - Pipeline Placement: Doesn't meet the criteria to be viable node： 998f0c91-f727-4973-bd37-e1a81f390f6c Heaviness: 6 limit: 5
2019-09-25 05:50:44,961 [RatisPipelineUtilsThread] INFO  pipeline.PipelinePlacementPolicy (PipelinePlacementPolicy.java:meetCriteria(91)) - Pipeline Placement: Doesn't meet the criteria to be viable node： 60b026ab-fadd-426f-9b92-f2e4bcc7c7ff Heaviness: 6 limit: 5
2019-09-25 05:50:44,962 [RatisPipelineUtilsThread] INFO  pipeline.PipelinePlacementPolicy (PipelinePlacementPolicy.java:meetCriteria(91)) - Pipeline Placement: Doesn't meet the criteria to be viable node： 49655598-56f4-41c4-a924-b5d2880a3f2f Heaviness: 6 limit: 5
2019-09-25 05:50:44,971 [grpc-default-executor-0] INFO  impl.RaftServerProxy (RaftServerProxy.java:addNew(89)) - 91378772-90ea-4250-835f-6b2053232693: addNew group-F9B06EAB103E:[91378772-90ea-4250-835f-6b2053232693:192.168.30.10:42685] returns group-F9B06EAB103E:java.util.concurrent.CompletableFuture@71e773bb[Not completed]
2019-09-25 05:50:44,971 [pool-645-thread-1] INFO  impl.RaftServerImpl (RaftServerImpl.java:<init>(95)) - 91378772-90ea-4250-835f-6b2053232693: new RaftServerImpl for group-F9B06EAB103E:[91378772-90ea-4250-835f-6b2053232693:192.168.30.10:42685] with ContainerStateMachine:uninitialized
2019-09-25 05:50:44,972 [pool-645-thread-1] INFO  server.RaftServerConfigKeys (ConfUtils.java:logGet(43)) - raft.server.rpc.timeout.min = 5s (custom)
2019-09-25 05:50:44,972 [pool-645-thread-1] INFO  server.RaftServerConfigKeys (ConfUtils.java:logGet(43)) - raft.server.rpc.timeout.max = 5200ms (custom)
2019-09-25 05:50:44,972 [pool-645-thread-1] INFO  server.RaftServerConfigKeys (ConfUtils.java:logGet(43)) - raft.server.rpcslowness.timeout = 120s (custom)
2019-09-25 05:50:44,972 [pool-645-thread-1] INFO  server.RaftServerConfigKeys (ConfUtils.java:logGet(43)) - raft.server.sleep.deviation.threshold = 300 (default)
2019-09-25 05:50:44,972 [pool-645-thread-1] INFO  server.RaftServerConfigKeys (ConfUtils.java:logGet(43)) - raft.server.log.appender.install.snapshot.enabled = false (custom)
2019-09-25 05:50:44,972 [pool-645-thread-1] INFO  impl.RaftServerImpl (ServerState.java:<init>(103)) - 91378772-90ea-4250-835f-6b2053232693@group-F9B06EAB103E: ConfigurationManager, init=-1: [91378772-90ea-4250-835f-6b2053232693:192.168.30.10:42685], old=null, confs=<EMPTY_MAP>
2019-09-25 05:50:44,972 [pool-645-thread-1] INFO  server.RaftServerConfigKeys (ConfUtils.java:logGet(43)) - raft.server.storage.dir = [/workdir/hadoop-ozone/integration-test/target/test-dir/MiniOzoneClusterImpl-28dc08f8-08b8-4dfd-b771-8384b6a2d499/datanode-6/data/ratis] (custom)
2019-09-25 05:50:44,973 [pool-645-thread-1] INFO  storage.RaftStorageDirectory (RaftStorageDirectory.java:analyzeStorage(246)) - The storage directory /workdir/hadoop-ozone/integration-test/target/test-dir/MiniOzoneClusterImpl-28dc08f8-08b8-4dfd-b771-8384b6a2d499/datanode-6/data/ratis/c709a180-7a14-4b70-bfbd-f9b06eab103e does not exist. Creating ...
2019-09-25 05:50:44,986 [pool-645-thread-1] INFO  storage.RaftStorageDirectory (RaftStorageDirectory.java:tryLock(328)) - Lock on /workdir/hadoop-ozone/integration-test/target/test-dir/MiniOzoneClusterImpl-28dc08f8-08b8-4dfd-b771-8384b6a2d499/datanode-6/data/ratis/c709a180-7a14-4b70-bfbd-f9b06eab103e/in_use.lock acquired by nodename 13539@pr-hdds-1569-s62bp-3040748787
2019-09-25 05:50:44,999 [pool-645-thread-1] INFO  storage.RaftStorage (RaftStorage.java:format(72)) - Storage directory /workdir/hadoop-ozone/integration-test/target/test-dir/MiniOzoneClusterImpl-28dc08f8-08b8-4dfd-b771-8384b6a2d499/datanode-6/data/ratis/c709a180-7a14-4b70-bfbd-f9b06eab103e has been successfully formatted.
2019-09-25 05:50:44,999 [pool-645-thread-1] INFO  ratis.ContainerStateMachine (ContainerStateMachine.java:loadSnapshot(230)) - group-F9B06EAB103E: The snapshot info is null. Setting the last applied indexto:(t:0, i:~)
2019-09-25 05:50:44,999 [pool-645-thread-1] INFO  server.RaftServerConfigKeys (ConfUtils.java:logGet(43)) - raft.server.notification.no-leader.timeout = 120s (custom)
2019-09-25 05:50:44,999 [pool-645-thread-1] INFO  server.RaftServerConfigKeys (ConfUtils.java:logGet(43)) - raft.server.log.use.memory = false (default)
2019-09-25 05:50:44,999 [pool-645-thread-1] INFO  server.RaftServerConfigKeys (ConfUtils.java:logGet(43)) - raft.server.log.purge.gap = 1000000 (custom)
2019-09-25 05:50:44,999 [pool-645-thread-1] INFO  server.RaftServerConfigKeys (ConfUtils.java:logGet(43)) - raft.server.log.appender.buffer.byte-limit = 33554432 (custom)
2019-09-25 05:50:44,999 [pool-645-thread-1] INFO  server.RaftServerConfigKeys (ConfUtils.java:logGet(43)) - raft.server.log.segment.size.max = 1048576 (custom)
2019-09-25 05:50:45,000 [pool-645-thread-1] INFO  server.RaftServerConfigKeys (ConfUtils.java:logGet(43)) - raft.server.log.segment.cache.num.max = 2 (custom)
2019-09-25 05:50:45,000 [pool-645-thread-1] INFO  segmented.SegmentedRaftLogWorker (SegmentedRaftLogWorker.java:<init>(172)) - new 91378772-90ea-4250-835f-6b2053232693@group-F9B06EAB103E-SegmentedRaftLogWorker for RaftStorage:Storage Directory /workdir/hadoop-ozone/integration-test/target/test-dir/MiniOzoneClusterImpl-28dc08f8-08b8-4dfd-b771-8384b6a2d499/datanode-6/data/ratis/c709a180-7a14-4b70-bfbd-f9b06eab103e
2019-09-25 05:50:45,001 [pool-645-thread-1] INFO  server.RaftServerConfigKeys (ConfUtils.java:logGet(43)) - raft.server.log.queue.byte-limit = 2147483647 (custom)
2019-09-25 05:50:45,001 [pool-645-thread-1] INFO  server.RaftServerConfigKeys (ConfUtils.java:logGet(43)) - raft.server.log.queue.element-limit = 1024 (custom)
2019-09-25 05:50:45,001 [pool-645-thread-1] INFO  server.RaftServerConfigKeys (ConfUtils.java:logGet(43)) - raft.server.log.segment.size.max = 1048576 (custom)
2019-09-25 05:50:45,002 [pool-645-thread-1] INFO  server.RaftServerConfigKeys (ConfUtils.java:logGet(43)) - raft.server.log.preallocated.size = 16384 (custom)
2019-09-25 05:50:45,002 [pool-645-thread-1] INFO  server.RaftServerConfigKeys (ConfUtils.java:logGet(43)) - raft.server.log.write.buffer.size = 33554432 (custom)
2019-09-25 05:50:45,002 [pool-645-thread-1] INFO  server.RaftServerConfigKeys (ConfUtils.java:logGet(43)) - raft.server.log.force.sync.num = 128 (default)
2019-09-25 05:50:45,002 [pool-645-thread-1] INFO  server.RaftServerConfigKeys (ConfUtils.java:logGet(43)) - raft.server.log.statemachine.data.sync = true (default)
2019-09-25 05:50:45,002 [pool-645-thread-1] INFO  server.RaftServerConfigKeys (ConfUtils.java:logGet(43)) - raft.server.log.statemachine.data.sync.timeout = 10s (default)
2019-09-25 05:50:45,002 [pool-645-thread-1] INFO  server.RaftServerConfigKeys (ConfUtils.java:logGet(43)) - raft.server.log.statemachine.data.sync.timeout.retry = -1 (default)
2019-09-25 05:50:45,002 [pool-645-thread-1] INFO  server.RaftServerConfigKeys (ConfUtils.java:logGet(43)) - raft.server.log.statemachine.data.caching.enabled = true (custom)
2019-09-25 05:50:45,003 [pool-645-thread-1] INFO  segmented.SegmentedRaftLogWorker (SegmentedRaftLogWorker.java:lambda$new$0(132)) - 91378772-90ea-4250-835f-6b2053232693@group-F9B06EAB103E-SegmentedRaftLogWorker: flushIndex: setUnconditionally 0 -> -1
2019-09-25 05:50:45,003 [pool-645-thread-1] INFO  server.RaftServerConfigKeys (ConfUtils.java:logGet(43)) - raft.server.snapshot.auto.trigger.enabled = true (custom)
2019-09-25 05:50:45,003 [pool-645-thread-1] INFO  server.RaftServerConfigKeys (ConfUtils.java:logGet(43)) - raft.server.snapshot.auto.trigger.threshold = 10000 (custom)
2019-09-25 05:50:45,003 [pool-645-thread-1] INFO  server.RaftServerConfigKeys (ConfUtils.java:logGet(43)) - raft.server.snapshot.retention.num.files = 5 (custom)
2019-09-25 05:50:45,003 [pool-645-thread-1] INFO  server.RaftServerConfigKeys (ConfUtils.java:logGet(43)) - raft.server.retrycache.expirytime = 600000ms (custom)
2019-09-25 05:50:45,005 [pool-645-thread-1] INFO  impl.RaftServerImpl (RaftServerImpl.java:start(185)) - 91378772-90ea-4250-835f-6b2053232693@group-F9B06EAB103E: start as a follower, conf=-1: [91378772-90ea-4250-835f-6b2053232693:192.168.30.10:42685], old=null
2019-09-25 05:50:45,005 [pool-645-thread-1] INFO  impl.RaftServerImpl (RaftServerImpl.java:setRole(174)) - 91378772-90ea-4250-835f-6b2053232693@group-F9B06EAB103E: changes role from      null to FOLLOWER at term 0 for startAsFollower
2019-09-25 05:50:45,005 [pool-645-thread-1] INFO  impl.RoleInfo (RoleInfo.java:updateAndGet(143)) - 91378772-90ea-4250-835f-6b2053232693: start FollowerState
2019-09-25 05:50:45,005 [pool-645-thread-1] INFO  util.JmxRegister (JmxRegister.java:tryRegister(44)) - Successfully registered JMX Bean with object name Ratis:service=RaftServer,group=group-F9B06EAB103E,id=91378772-90ea-4250-835f-6b2053232693
2019-09-25 05:50:45,007 [RatisPipelineUtilsThread] INFO  pipeline.PipelineStateManager (PipelineStateManager.java:addPipeline(56)) - Created pipeline Pipeline[ Id: c709a180-7a14-4b70-bfbd-f9b06eab103e, Nodes: 91378772-90ea-4250-835f-6b2053232693{ip: 192.168.30.10, host: pr-hdds-1569-s62bp-3040748787, networkLocation: /default-rack, certSerialId: null}, Type:RATIS, Factor:ONE, State:OPEN]
2019-09-25 05:50:45,007 [RatisPipelineUtilsThread] INFO  pipeline.PipelinePlacementPolicy (PipelinePlacementPolicy.java:meetCriteria(91)) - Pipeline Placement: Doesn't meet the criteria to be viable node： 998f0c91-f727-4973-bd37-e1a81f390f6c Heaviness: 6 limit: 5
2019-09-25 05:50:45,008 [RatisPipelineUtilsThread] INFO  pipeline.PipelinePlacementPolicy (PipelinePlacementPolicy.java:meetCriteria(91)) - Pipeline Placement: Doesn't meet the criteria to be viable node： 60b026ab-fadd-426f-9b92-f2e4bcc7c7ff Heaviness: 6 limit: 5
2019-09-25 05:50:45,008 [RatisPipelineUtilsThread] INFO  pipeline.PipelinePlacementPolicy (PipelinePlacementPolicy.java:meetCriteria(91)) - Pipeline Placement: Doesn't meet the criteria to be viable node： 49655598-56f4-41c4-a924-b5d2880a3f2f Heaviness: 6 limit: 5
2019-09-25 05:50:45,011 [grpc-default-executor-0] INFO  impl.RaftServerProxy (RaftServerProxy.java:addNew(89)) - 048cd757-ac0b-449d-96b7-2f2a98d02798: addNew group-553EB506E1C2:[048cd757-ac0b-449d-96b7-2f2a98d02798:192.168.30.10:45339] returns group-553EB506E1C2:java.util.concurrent.CompletableFuture@3e37a86d[Not completed]
2019-09-25 05:50:45,012 [pool-625-thread-1] INFO  impl.RaftServerImpl (RaftServerImpl.java:<init>(95)) - 048cd757-ac0b-449d-96b7-2f2a98d02798: new RaftServerImpl for group-553EB506E1C2:[048cd757-ac0b-449d-96b7-2f2a98d02798:192.168.30.10:45339] with ContainerStateMachine:uninitialized
2019-09-25 05:50:45,012 [pool-625-thread-1] INFO  server.RaftServerConfigKeys (ConfUtils.java:logGet(43)) - raft.server.rpc.timeout.min = 5s (custom)
2019-09-25 05:50:45,012 [pool-625-thread-1] INFO  server.RaftServerConfigKeys (ConfUtils.java:logGet(43)) - raft.server.rpc.timeout.max = 5200ms (custom)
2019-09-25 05:50:45,012 [pool-625-thread-1] INFO  server.RaftServerConfigKeys (ConfUtils.java:logGet(43)) - raft.server.rpcslowness.timeout = 120s (custom)
2019-09-25 05:50:45,013 [pool-625-thread-1] INFO  server.RaftServerConfigKeys (ConfUtils.java:logGet(43)) - raft.server.sleep.deviation.threshold = 300 (default)
2019-09-25 05:50:45,013 [pool-625-thread-1] INFO  server.RaftServerConfigKeys (ConfUtils.java:logGet(43)) - raft.server.log.appender.install.snapshot.enabled = false (custom)
2019-09-25 05:50:45,013 [pool-625-thread-1] INFO  impl.RaftServerImpl (ServerState.java:<init>(103)) - 048cd757-ac0b-449d-96b7-2f2a98d02798@group-553EB506E1C2: ConfigurationManager, init=-1: [048cd757-ac0b-449d-96b7-2f2a98d02798:192.168.30.10:45339], old=null, confs=<EMPTY_MAP>
2019-09-25 05:50:45,013 [pool-625-thread-1] INFO  server.RaftServerConfigKeys (ConfUtils.java:logGet(43)) - raft.server.storage.dir = [/workdir/hadoop-ozone/integration-test/target/test-dir/MiniOzoneClusterImpl-28dc08f8-08b8-4dfd-b771-8384b6a2d499/datanode-4/data/ratis] (custom)
2019-09-25 05:50:45,013 [pool-625-thread-1] INFO  storage.RaftStorageDirectory (RaftStorageDirectory.java:analyzeStorage(246)) - The storage directory /workdir/hadoop-ozone/integration-test/target/test-dir/MiniOzoneClusterImpl-28dc08f8-08b8-4dfd-b771-8384b6a2d499/datanode-4/data/ratis/09608d18-1e4a-4c2e-8873-553eb506e1c2 does not exist. Creating ...
2019-09-25 05:50:45,028 [pool-625-thread-1] INFO  storage.RaftStorageDirectory (RaftStorageDirectory.java:tryLock(328)) - Lock on /workdir/hadoop-ozone/integration-test/target/test-dir/MiniOzoneClusterImpl-28dc08f8-08b8-4dfd-b771-8384b6a2d499/datanode-4/data/ratis/09608d18-1e4a-4c2e-8873-553eb506e1c2/in_use.lock acquired by nodename 13539@pr-hdds-1569-s62bp-3040748787
2019-09-25 05:50:45,084 [pool-625-thread-1] INFO  storage.RaftStorage (RaftStorage.java:format(72)) - Storage directory /workdir/hadoop-ozone/integration-test/target/test-dir/MiniOzoneClusterImpl-28dc08f8-08b8-4dfd-b771-8384b6a2d499/datanode-4/data/ratis/09608d18-1e4a-4c2e-8873-553eb506e1c2 has been successfully formatted.
2019-09-25 05:50:45,085 [pool-625-thread-1] INFO  ratis.ContainerStateMachine (ContainerStateMachine.java:loadSnapshot(230)) - group-553EB506E1C2: The snapshot info is null. Setting the last applied indexto:(t:0, i:~)
2019-09-25 05:50:45,085 [pool-625-thread-1] INFO  server.RaftServerConfigKeys (ConfUtils.java:logGet(43)) - raft.server.notification.no-leader.timeout = 120s (custom)
2019-09-25 05:50:45,085 [pool-625-thread-1] INFO  server.RaftServerConfigKeys (ConfUtils.java:logGet(43)) - raft.server.log.use.memory = false (default)
2019-09-25 05:50:45,085 [pool-625-thread-1] INFO  server.RaftServerConfigKeys (ConfUtils.java:logGet(43)) - raft.server.log.purge.gap = 1000000 (custom)
2019-09-25 05:50:45,085 [pool-625-thread-1] INFO  server.RaftServerConfigKeys (ConfUtils.java:logGet(43)) - raft.server.log.appender.buffer.byte-limit = 33554432 (custom)
2019-09-25 05:50:45,085 [pool-625-thread-1] INFO  server.RaftServerConfigKeys (ConfUtils.java:logGet(43)) - raft.server.log.segment.size.max = 1048576 (custom)
2019-09-25 05:50:45,086 [pool-625-thread-1] INFO  server.RaftServerConfigKeys (ConfUtils.java:logGet(43)) - raft.server.log.segment.cache.num.max = 2 (custom)
2019-09-25 05:50:45,086 [pool-625-thread-1] INFO  segmented.SegmentedRaftLogWorker (SegmentedRaftLogWorker.java:<init>(172)) - new 048cd757-ac0b-449d-96b7-2f2a98d02798@group-553EB506E1C2-SegmentedRaftLogWorker for RaftStorage:Storage Directory /workdir/hadoop-ozone/integration-test/target/test-dir/MiniOzoneClusterImpl-28dc08f8-08b8-4dfd-b771-8384b6a2d499/datanode-4/data/ratis/09608d18-1e4a-4c2e-8873-553eb506e1c2
2019-09-25 05:50:45,086 [pool-625-thread-1] INFO  server.RaftServerConfigKeys (ConfUtils.java:logGet(43)) - raft.server.log.queue.byte-limit = 2147483647 (custom)
2019-09-25 05:50:45,086 [pool-625-thread-1] INFO  server.RaftServerConfigKeys (ConfUtils.java:logGet(43)) - raft.server.log.queue.element-limit = 1024 (custom)
2019-09-25 05:50:45,086 [pool-625-thread-1] INFO  server.RaftServerConfigKeys (ConfUtils.java:logGet(43)) - raft.server.log.segment.size.max = 1048576 (custom)
2019-09-25 05:50:45,086 [pool-625-thread-1] INFO  server.RaftServerConfigKeys (ConfUtils.java:logGet(43)) - raft.server.log.preallocated.size = 16384 (custom)
2019-09-25 05:50:45,087 [pool-625-thread-1] INFO  server.RaftServerConfigKeys (ConfUtils.java:logGet(43)) - raft.server.log.write.buffer.size = 33554432 (custom)
2019-09-25 05:50:45,087 [pool-625-thread-1] INFO  server.RaftServerConfigKeys (ConfUtils.java:logGet(43)) - raft.server.log.force.sync.num = 128 (default)
2019-09-25 05:50:45,087 [pool-625-thread-1] INFO  server.RaftServerConfigKeys (ConfUtils.java:logGet(43)) - raft.server.log.statemachine.data.sync = true (default)
2019-09-25 05:50:45,087 [pool-625-thread-1] INFO  server.RaftServerConfigKeys (ConfUtils.java:logGet(43)) - raft.server.log.statemachine.data.sync.timeout = 10s (default)
2019-09-25 05:50:45,087 [pool-625-thread-1] INFO  server.RaftServerConfigKeys (ConfUtils.java:logGet(43)) - raft.server.log.statemachine.data.sync.timeout.retry = -1 (default)
2019-09-25 05:50:45,087 [pool-625-thread-1] INFO  server.RaftServerConfigKeys (ConfUtils.java:logGet(43)) - raft.server.log.statemachine.data.caching.enabled = true (custom)
2019-09-25 05:50:45,087 [pool-625-thread-1] INFO  segmented.SegmentedRaftLogWorker (SegmentedRaftLogWorker.java:lambda$new$0(132)) - 048cd757-ac0b-449d-96b7-2f2a98d02798@group-553EB506E1C2-SegmentedRaftLogWorker: flushIndex: setUnconditionally 0 -> -1
2019-09-25 05:50:45,088 [pool-625-thread-1] INFO  server.RaftServerConfigKeys (ConfUtils.java:logGet(43)) - raft.server.snapshot.auto.trigger.enabled = true (custom)
2019-09-25 05:50:45,088 [pool-625-thread-1] INFO  server.RaftServerConfigKeys (ConfUtils.java:logGet(43)) - raft.server.snapshot.auto.trigger.threshold = 10000 (custom)
2019-09-25 05:50:45,088 [pool-625-thread-1] INFO  server.RaftServerConfigKeys (ConfUtils.java:logGet(43)) - raft.server.snapshot.retention.num.files = 5 (custom)
2019-09-25 05:50:45,088 [pool-625-thread-1] INFO  server.RaftServerConfigKeys (ConfUtils.java:logGet(43)) - raft.server.retrycache.expirytime = 600000ms (custom)
2019-09-25 05:50:45,090 [pool-625-thread-1] INFO  impl.RaftServerImpl (RaftServerImpl.java:start(185)) - 048cd757-ac0b-449d-96b7-2f2a98d02798@group-553EB506E1C2: start as a follower, conf=-1: [048cd757-ac0b-449d-96b7-2f2a98d02798:192.168.30.10:45339], old=null
2019-09-25 05:50:45,090 [pool-625-thread-1] INFO  impl.RaftServerImpl (RaftServerImpl.java:setRole(174)) - 048cd757-ac0b-449d-96b7-2f2a98d02798@group-553EB506E1C2: changes role from      null to FOLLOWER at term 0 for startAsFollower
2019-09-25 05:50:45,090 [pool-625-thread-1] INFO  impl.RoleInfo (RoleInfo.java:updateAndGet(143)) - 048cd757-ac0b-449d-96b7-2f2a98d02798: start FollowerState
2019-09-25 05:50:45,091 [pool-625-thread-1] INFO  util.JmxRegister (JmxRegister.java:tryRegister(44)) - Successfully registered JMX Bean with object name Ratis:service=RaftServer,group=group-553EB506E1C2,id=048cd757-ac0b-449d-96b7-2f2a98d02798
2019-09-25 05:50:45,092 [RatisPipelineUtilsThread] INFO  pipeline.PipelineStateManager (PipelineStateManager.java:addPipeline(56)) - Created pipeline Pipeline[ Id: 09608d18-1e4a-4c2e-8873-553eb506e1c2, Nodes: 048cd757-ac0b-449d-96b7-2f2a98d02798{ip: 192.168.30.10, host: pr-hdds-1569-s62bp-3040748787, networkLocation: /default-rack, certSerialId: null}, Type:RATIS, Factor:ONE, State:OPEN]
2019-09-25 05:50:45,093 [RatisPipelineUtilsThread] INFO  pipeline.PipelinePlacementPolicy (PipelinePlacementPolicy.java:meetCriteria(91)) - Pipeline Placement: Doesn't meet the criteria to be viable node： 998f0c91-f727-4973-bd37-e1a81f390f6c Heaviness: 6 limit: 5
2019-09-25 05:50:45,093 [RatisPipelineUtilsThread] INFO  pipeline.PipelinePlacementPolicy (PipelinePlacementPolicy.java:meetCriteria(91)) - Pipeline Placement: Doesn't meet the criteria to be viable node： 60b026ab-fadd-426f-9b92-f2e4bcc7c7ff Heaviness: 6 limit: 5
2019-09-25 05:50:45,093 [RatisPipelineUtilsThread] INFO  pipeline.PipelinePlacementPolicy (PipelinePlacementPolicy.java:meetCriteria(91)) - Pipeline Placement: Doesn't meet the criteria to be viable node： 49655598-56f4-41c4-a924-b5d2880a3f2f Heaviness: 6 limit: 5
2019-09-25 05:50:45,096 [grpc-default-executor-0] INFO  impl.RaftServerProxy (RaftServerProxy.java:addNew(89)) - ddf6e088-733e-4b9a-8ca4-5a6f511d9b5a: addNew group-0A0E24924ED4:[ddf6e088-733e-4b9a-8ca4-5a6f511d9b5a:192.168.30.10:39166] returns group-0A0E24924ED4:java.util.concurrent.CompletableFuture@1e08b780[Not completed]
2019-09-25 05:50:45,097 [pool-615-thread-1] INFO  impl.RaftServerImpl (RaftServerImpl.java:<init>(95)) - ddf6e088-733e-4b9a-8ca4-5a6f511d9b5a: new RaftServerImpl for group-0A0E24924ED4:[ddf6e088-733e-4b9a-8ca4-5a6f511d9b5a:192.168.30.10:39166] with ContainerStateMachine:uninitialized
2019-09-25 05:50:45,097 [pool-615-thread-1] INFO  server.RaftServerConfigKeys (ConfUtils.java:logGet(43)) - raft.server.rpc.timeout.min = 5s (custom)
2019-09-25 05:50:45,097 [pool-615-thread-1] INFO  server.RaftServerConfigKeys (ConfUtils.java:logGet(43)) - raft.server.rpc.timeout.max = 5200ms (custom)
2019-09-25 05:50:45,098 [pool-615-thread-1] INFO  server.RaftServerConfigKeys (ConfUtils.java:logGet(43)) - raft.server.rpcslowness.timeout = 120s (custom)
2019-09-25 05:50:45,098 [pool-615-thread-1] INFO  server.RaftServerConfigKeys (ConfUtils.java:logGet(43)) - raft.server.sleep.deviation.threshold = 300 (default)
2019-09-25 05:50:45,098 [pool-615-thread-1] INFO  server.RaftServerConfigKeys (ConfUtils.java:logGet(43)) - raft.server.log.appender.install.snapshot.enabled = false (custom)
2019-09-25 05:50:45,098 [pool-615-thread-1] INFO  impl.RaftServerImpl (ServerState.java:<init>(103)) - ddf6e088-733e-4b9a-8ca4-5a6f511d9b5a@group-0A0E24924ED4: ConfigurationManager, init=-1: [ddf6e088-733e-4b9a-8ca4-5a6f511d9b5a:192.168.30.10:39166], old=null, confs=<EMPTY_MAP>
2019-09-25 05:50:45,098 [pool-615-thread-1] INFO  server.RaftServerConfigKeys (ConfUtils.java:logGet(43)) - raft.server.storage.dir = [/workdir/hadoop-ozone/integration-test/target/test-dir/MiniOzoneClusterImpl-28dc08f8-08b8-4dfd-b771-8384b6a2d499/datanode-3/data/ratis] (custom)
2019-09-25 05:50:45,098 [pool-615-thread-1] INFO  storage.RaftStorageDirectory (RaftStorageDirectory.java:analyzeStorage(246)) - The storage directory /workdir/hadoop-ozone/integration-test/target/test-dir/MiniOzoneClusterImpl-28dc08f8-08b8-4dfd-b771-8384b6a2d499/datanode-3/data/ratis/efda8ff7-44a6-4b66-a588-0a0e24924ed4 does not exist. Creating ...
2019-09-25 05:50:45,104 [pool-615-thread-1] INFO  storage.RaftStorageDirectory (RaftStorageDirectory.java:tryLock(328)) - Lock on /workdir/hadoop-ozone/integration-test/target/test-dir/MiniOzoneClusterImpl-28dc08f8-08b8-4dfd-b771-8384b6a2d499/datanode-3/data/ratis/efda8ff7-44a6-4b66-a588-0a0e24924ed4/in_use.lock acquired by nodename 13539@pr-hdds-1569-s62bp-3040748787
2019-09-25 05:50:45,125 [pool-615-thread-1] INFO  storage.RaftStorage (RaftStorage.java:format(72)) - Storage directory /workdir/hadoop-ozone/integration-test/target/test-dir/MiniOzoneClusterImpl-28dc08f8-08b8-4dfd-b771-8384b6a2d499/datanode-3/data/ratis/efda8ff7-44a6-4b66-a588-0a0e24924ed4 has been successfully formatted.
2019-09-25 05:50:45,125 [pool-615-thread-1] INFO  ratis.ContainerStateMachine (ContainerStateMachine.java:loadSnapshot(230)) - group-0A0E24924ED4: The snapshot info is null. Setting the last applied indexto:(t:0, i:~)
2019-09-25 05:50:45,125 [pool-615-thread-1] INFO  server.RaftServerConfigKeys (ConfUtils.java:logGet(43)) - raft.server.notification.no-leader.timeout = 120s (custom)
2019-09-25 05:50:45,125 [pool-615-thread-1] INFO  server.RaftServerConfigKeys (ConfUtils.java:logGet(43)) - raft.server.log.use.memory = false (default)
2019-09-25 05:50:45,125 [pool-615-thread-1] INFO  server.RaftServerConfigKeys (ConfUtils.java:logGet(43)) - raft.server.log.purge.gap = 1000000 (custom)
2019-09-25 05:50:45,126 [pool-615-thread-1] INFO  server.RaftServerConfigKeys (ConfUtils.java:logGet(43)) - raft.server.log.appender.buffer.byte-limit = 33554432 (custom)
2019-09-25 05:50:45,126 [pool-615-thread-1] INFO  server.RaftServerConfigKeys (ConfUtils.java:logGet(43)) - raft.server.log.segment.size.max = 1048576 (custom)
2019-09-25 05:50:45,126 [pool-615-thread-1] INFO  server.RaftServerConfigKeys (ConfUtils.java:logGet(43)) - raft.server.log.segment.cache.num.max = 2 (custom)
2019-09-25 05:50:45,126 [pool-615-thread-1] INFO  segmented.SegmentedRaftLogWorker (SegmentedRaftLogWorker.java:<init>(172)) - new ddf6e088-733e-4b9a-8ca4-5a6f511d9b5a@group-0A0E24924ED4-SegmentedRaftLogWorker for RaftStorage:Storage Directory /workdir/hadoop-ozone/integration-test/target/test-dir/MiniOzoneClusterImpl-28dc08f8-08b8-4dfd-b771-8384b6a2d499/datanode-3/data/ratis/efda8ff7-44a6-4b66-a588-0a0e24924ed4
2019-09-25 05:50:45,126 [pool-615-thread-1] INFO  server.RaftServerConfigKeys (ConfUtils.java:logGet(43)) - raft.server.log.queue.byte-limit = 2147483647 (custom)
2019-09-25 05:50:45,126 [pool-615-thread-1] INFO  server.RaftServerConfigKeys (ConfUtils.java:logGet(43)) - raft.server.log.queue.element-limit = 1024 (custom)
2019-09-25 05:50:45,126 [pool-615-thread-1] INFO  server.RaftServerConfigKeys (ConfUtils.java:logGet(43)) - raft.server.log.segment.size.max = 1048576 (custom)
2019-09-25 05:50:45,127 [pool-615-thread-1] INFO  server.RaftServerConfigKeys (ConfUtils.java:logGet(43)) - raft.server.log.preallocated.size = 16384 (custom)
2019-09-25 05:50:45,127 [pool-615-thread-1] INFO  server.RaftServerConfigKeys (ConfUtils.java:logGet(43)) - raft.server.log.write.buffer.size = 33554432 (custom)
2019-09-25 05:50:45,127 [pool-615-thread-1] INFO  server.RaftServerConfigKeys (ConfUtils.java:logGet(43)) - raft.server.log.force.sync.num = 128 (default)
2019-09-25 05:50:45,127 [pool-615-thread-1] INFO  server.RaftServerConfigKeys (ConfUtils.java:logGet(43)) - raft.server.log.statemachine.data.sync = true (default)
2019-09-25 05:50:45,127 [pool-615-thread-1] INFO  server.RaftServerConfigKeys (ConfUtils.java:logGet(43)) - raft.server.log.statemachine.data.sync.timeout = 10s (default)
2019-09-25 05:50:45,127 [pool-615-thread-1] INFO  server.RaftServerConfigKeys (ConfUtils.java:logGet(43)) - raft.server.log.statemachine.data.sync.timeout.retry = -1 (default)
2019-09-25 05:50:45,127 [pool-615-thread-1] INFO  server.RaftServerConfigKeys (ConfUtils.java:logGet(43)) - raft.server.log.statemachine.data.caching.enabled = true (custom)
2019-09-25 05:50:45,128 [pool-615-thread-1] INFO  segmented.SegmentedRaftLogWorker (SegmentedRaftLogWorker.java:lambda$new$0(132)) - ddf6e088-733e-4b9a-8ca4-5a6f511d9b5a@group-0A0E24924ED4-SegmentedRaftLogWorker: flushIndex: setUnconditionally 0 -> -1
2019-09-25 05:50:45,128 [pool-615-thread-1] INFO  server.RaftServerConfigKeys (ConfUtils.java:logGet(43)) - raft.server.snapshot.auto.trigger.enabled = true (custom)
2019-09-25 05:50:45,128 [pool-615-thread-1] INFO  server.RaftServerConfigKeys (ConfUtils.java:logGet(43)) - raft.server.snapshot.auto.trigger.threshold = 10000 (custom)
2019-09-25 05:50:45,128 [pool-615-thread-1] INFO  server.RaftServerConfigKeys (ConfUtils.java:logGet(43)) - raft.server.snapshot.retention.num.files = 5 (custom)
2019-09-25 05:50:45,129 [pool-615-thread-1] INFO  server.RaftServerConfigKeys (ConfUtils.java:logGet(43)) - raft.server.retrycache.expirytime = 600000ms (custom)
2019-09-25 05:50:45,130 [pool-615-thread-1] INFO  impl.RaftServerImpl (RaftServerImpl.java:start(185)) - ddf6e088-733e-4b9a-8ca4-5a6f511d9b5a@group-0A0E24924ED4: start as a follower, conf=-1: [ddf6e088-733e-4b9a-8ca4-5a6f511d9b5a:192.168.30.10:39166], old=null
2019-09-25 05:50:45,130 [pool-615-thread-1] INFO  impl.RaftServerImpl (RaftServerImpl.java:setRole(174)) - ddf6e088-733e-4b9a-8ca4-5a6f511d9b5a@group-0A0E24924ED4: changes role from      null to FOLLOWER at term 0 for startAsFollower
2019-09-25 05:50:45,130 [pool-615-thread-1] INFO  impl.RoleInfo (RoleInfo.java:updateAndGet(143)) - ddf6e088-733e-4b9a-8ca4-5a6f511d9b5a: start FollowerState
2019-09-25 05:50:45,131 [pool-615-thread-1] INFO  util.JmxRegister (JmxRegister.java:tryRegister(44)) - Successfully registered JMX Bean with object name Ratis:service=RaftServer,group=group-0A0E24924ED4,id=ddf6e088-733e-4b9a-8ca4-5a6f511d9b5a
2019-09-25 05:50:45,133 [RatisPipelineUtilsThread] INFO  pipeline.PipelineStateManager (PipelineStateManager.java:addPipeline(56)) - Created pipeline Pipeline[ Id: efda8ff7-44a6-4b66-a588-0a0e24924ed4, Nodes: ddf6e088-733e-4b9a-8ca4-5a6f511d9b5a{ip: 192.168.30.10, host: pr-hdds-1569-s62bp-3040748787, networkLocation: /default-rack, certSerialId: null}, Type:RATIS, Factor:ONE, State:OPEN]
2019-09-25 05:50:45,133 [RatisPipelineUtilsThread] INFO  pipeline.PipelinePlacementPolicy (PipelinePlacementPolicy.java:meetCriteria(91)) - Pipeline Placement: Doesn't meet the criteria to be viable node： 998f0c91-f727-4973-bd37-e1a81f390f6c Heaviness: 6 limit: 5
2019-09-25 05:50:45,133 [RatisPipelineUtilsThread] INFO  pipeline.PipelinePlacementPolicy (PipelinePlacementPolicy.java:meetCriteria(91)) - Pipeline Placement: Doesn't meet the criteria to be viable node： 60b026ab-fadd-426f-9b92-f2e4bcc7c7ff Heaviness: 6 limit: 5
2019-09-25 05:50:45,133 [RatisPipelineUtilsThread] INFO  pipeline.PipelinePlacementPolicy (PipelinePlacementPolicy.java:meetCriteria(91)) - Pipeline Placement: Doesn't meet the criteria to be viable node： 49655598-56f4-41c4-a924-b5d2880a3f2f Heaviness: 6 limit: 5
2019-09-25 05:50:45,137 [grpc-default-executor-0] INFO  impl.RaftServerProxy (RaftServerProxy.java:addNew(89)) - ddf6e088-733e-4b9a-8ca4-5a6f511d9b5a: addNew group-F41F05FBB1D3:[ddf6e088-733e-4b9a-8ca4-5a6f511d9b5a:192.168.30.10:39166] returns group-F41F05FBB1D3:java.util.concurrent.CompletableFuture@1ce450cb[Not completed]
2019-09-25 05:50:45,137 [pool-615-thread-1] INFO  impl.RaftServerImpl (RaftServerImpl.java:<init>(95)) - ddf6e088-733e-4b9a-8ca4-5a6f511d9b5a: new RaftServerImpl for group-F41F05FBB1D3:[ddf6e088-733e-4b9a-8ca4-5a6f511d9b5a:192.168.30.10:39166] with ContainerStateMachine:uninitialized
2019-09-25 05:50:45,137 [pool-615-thread-1] INFO  server.RaftServerConfigKeys (ConfUtils.java:logGet(43)) - raft.server.rpc.timeout.min = 5s (custom)
2019-09-25 05:50:45,137 [pool-615-thread-1] INFO  server.RaftServerConfigKeys (ConfUtils.java:logGet(43)) - raft.server.rpc.timeout.max = 5200ms (custom)
2019-09-25 05:50:45,137 [pool-615-thread-1] INFO  server.RaftServerConfigKeys (ConfUtils.java:logGet(43)) - raft.server.rpcslowness.timeout = 120s (custom)
2019-09-25 05:50:45,138 [pool-615-thread-1] INFO  server.RaftServerConfigKeys (ConfUtils.java:logGet(43)) - raft.server.sleep.deviation.threshold = 300 (default)
2019-09-25 05:50:45,138 [pool-615-thread-1] INFO  server.RaftServerConfigKeys (ConfUtils.java:logGet(43)) - raft.server.log.appender.install.snapshot.enabled = false (custom)
2019-09-25 05:50:45,138 [pool-615-thread-1] INFO  impl.RaftServerImpl (ServerState.java:<init>(103)) - ddf6e088-733e-4b9a-8ca4-5a6f511d9b5a@group-F41F05FBB1D3: ConfigurationManager, init=-1: [ddf6e088-733e-4b9a-8ca4-5a6f511d9b5a:192.168.30.10:39166], old=null, confs=<EMPTY_MAP>
2019-09-25 05:50:45,138 [pool-615-thread-1] INFO  server.RaftServerConfigKeys (ConfUtils.java:logGet(43)) - raft.server.storage.dir = [/workdir/hadoop-ozone/integration-test/target/test-dir/MiniOzoneClusterImpl-28dc08f8-08b8-4dfd-b771-8384b6a2d499/datanode-3/data/ratis] (custom)
2019-09-25 05:50:45,138 [pool-615-thread-1] INFO  storage.RaftStorageDirectory (RaftStorageDirectory.java:analyzeStorage(246)) - The storage directory /workdir/hadoop-ozone/integration-test/target/test-dir/MiniOzoneClusterImpl-28dc08f8-08b8-4dfd-b771-8384b6a2d499/datanode-3/data/ratis/4c353d6f-1579-4603-9eaa-f41f05fbb1d3 does not exist. Creating ...
2019-09-25 05:50:45,143 [pool-615-thread-1] INFO  storage.RaftStorageDirectory (RaftStorageDirectory.java:tryLock(328)) - Lock on /workdir/hadoop-ozone/integration-test/target/test-dir/MiniOzoneClusterImpl-28dc08f8-08b8-4dfd-b771-8384b6a2d499/datanode-3/data/ratis/4c353d6f-1579-4603-9eaa-f41f05fbb1d3/in_use.lock acquired by nodename 13539@pr-hdds-1569-s62bp-3040748787
2019-09-25 05:50:45,151 [pool-615-thread-1] INFO  storage.RaftStorage (RaftStorage.java:format(72)) - Storage directory /workdir/hadoop-ozone/integration-test/target/test-dir/MiniOzoneClusterImpl-28dc08f8-08b8-4dfd-b771-8384b6a2d499/datanode-3/data/ratis/4c353d6f-1579-4603-9eaa-f41f05fbb1d3 has been successfully formatted.
2019-09-25 05:50:45,151 [pool-615-thread-1] INFO  ratis.ContainerStateMachine (ContainerStateMachine.java:loadSnapshot(230)) - group-F41F05FBB1D3: The snapshot info is null. Setting the last applied indexto:(t:0, i:~)
2019-09-25 05:50:45,151 [pool-615-thread-1] INFO  server.RaftServerConfigKeys (ConfUtils.java:logGet(43)) - raft.server.notification.no-leader.timeout = 120s (custom)
2019-09-25 05:50:45,152 [pool-615-thread-1] INFO  server.RaftServerConfigKeys (ConfUtils.java:logGet(43)) - raft.server.log.use.memory = false (default)
2019-09-25 05:50:45,152 [pool-615-thread-1] INFO  server.RaftServerConfigKeys (ConfUtils.java:logGet(43)) - raft.server.log.purge.gap = 1000000 (custom)
2019-09-25 05:50:45,152 [pool-615-thread-1] INFO  server.RaftServerConfigKeys (ConfUtils.java:logGet(43)) - raft.server.log.appender.buffer.byte-limit = 33554432 (custom)
2019-09-25 05:50:45,152 [pool-615-thread-1] INFO  server.RaftServerConfigKeys (ConfUtils.java:logGet(43)) - raft.server.log.segment.size.max = 1048576 (custom)
2019-09-25 05:50:45,152 [pool-615-thread-1] INFO  server.RaftServerConfigKeys (ConfUtils.java:logGet(43)) - raft.server.log.segment.cache.num.max = 2 (custom)
2019-09-25 05:50:45,152 [pool-615-thread-1] INFO  segmented.SegmentedRaftLogWorker (SegmentedRaftLogWorker.java:<init>(172)) - new ddf6e088-733e-4b9a-8ca4-5a6f511d9b5a@group-F41F05FBB1D3-SegmentedRaftLogWorker for RaftStorage:Storage Directory /workdir/hadoop-ozone/integration-test/target/test-dir/MiniOzoneClusterImpl-28dc08f8-08b8-4dfd-b771-8384b6a2d499/datanode-3/data/ratis/4c353d6f-1579-4603-9eaa-f41f05fbb1d3
2019-09-25 05:50:45,152 [pool-615-thread-1] INFO  server.RaftServerConfigKeys (ConfUtils.java:logGet(43)) - raft.server.log.queue.byte-limit = 2147483647 (custom)
2019-09-25 05:50:45,153 [pool-615-thread-1] INFO  server.RaftServerConfigKeys (ConfUtils.java:logGet(43)) - raft.server.log.queue.element-limit = 1024 (custom)
2019-09-25 05:50:45,153 [pool-615-thread-1] INFO  server.RaftServerConfigKeys (ConfUtils.java:logGet(43)) - raft.server.log.segment.size.max = 1048576 (custom)
2019-09-25 05:50:45,153 [pool-615-thread-1] INFO  server.RaftServerConfigKeys (ConfUtils.java:logGet(43)) - raft.server.log.preallocated.size = 16384 (custom)
2019-09-25 05:50:45,153 [pool-615-thread-1] INFO  server.RaftServerConfigKeys (ConfUtils.java:logGet(43)) - raft.server.log.write.buffer.size = 33554432 (custom)
2019-09-25 05:50:45,153 [pool-615-thread-1] INFO  server.RaftServerConfigKeys (ConfUtils.java:logGet(43)) - raft.server.log.force.sync.num = 128 (default)
2019-09-25 05:50:45,153 [pool-615-thread-1] INFO  server.RaftServerConfigKeys (ConfUtils.java:logGet(43)) - raft.server.log.statemachine.data.sync = true (default)
2019-09-25 05:50:45,153 [pool-615-thread-1] INFO  server.RaftServerConfigKeys (ConfUtils.java:logGet(43)) - raft.server.log.statemachine.data.sync.timeout = 10s (default)
2019-09-25 05:50:45,153 [pool-615-thread-1] INFO  server.RaftServerConfigKeys (ConfUtils.java:logGet(43)) - raft.server.log.statemachine.data.sync.timeout.retry = -1 (default)
2019-09-25 05:50:45,154 [pool-615-thread-1] INFO  server.RaftServerConfigKeys (ConfUtils.java:logGet(43)) - raft.server.log.statemachine.data.caching.enabled = true (custom)
2019-09-25 05:50:45,154 [pool-615-thread-1] INFO  segmented.SegmentedRaftLogWorker (SegmentedRaftLogWorker.java:lambda$new$0(132)) - ddf6e088-733e-4b9a-8ca4-5a6f511d9b5a@group-F41F05FBB1D3-SegmentedRaftLogWorker: flushIndex: setUnconditionally 0 -> -1
2019-09-25 05:50:45,154 [pool-615-thread-1] INFO  server.RaftServerConfigKeys (ConfUtils.java:logGet(43)) - raft.server.snapshot.auto.trigger.enabled = true (custom)
2019-09-25 05:50:45,154 [pool-615-thread-1] INFO  server.RaftServerConfigKeys (ConfUtils.java:logGet(43)) - raft.server.snapshot.auto.trigger.threshold = 10000 (custom)
2019-09-25 05:50:45,154 [pool-615-thread-1] INFO  server.RaftServerConfigKeys (ConfUtils.java:logGet(43)) - raft.server.snapshot.retention.num.files = 5 (custom)
2019-09-25 05:50:45,155 [pool-615-thread-1] INFO  server.RaftServerConfigKeys (ConfUtils.java:logGet(43)) - raft.server.retrycache.expirytime = 600000ms (custom)
2019-09-25 05:50:45,156 [pool-615-thread-1] INFO  impl.RaftServerImpl (RaftServerImpl.java:start(185)) - ddf6e088-733e-4b9a-8ca4-5a6f511d9b5a@group-F41F05FBB1D3: start as a follower, conf=-1: [ddf6e088-733e-4b9a-8ca4-5a6f511d9b5a:192.168.30.10:39166], old=null
2019-09-25 05:50:45,156 [pool-615-thread-1] INFO  impl.RaftServerImpl (RaftServerImpl.java:setRole(174)) - ddf6e088-733e-4b9a-8ca4-5a6f511d9b5a@group-F41F05FBB1D3: changes role from      null to FOLLOWER at term 0 for startAsFollower
2019-09-25 05:50:45,156 [pool-615-thread-1] INFO  impl.RoleInfo (RoleInfo.java:updateAndGet(143)) - ddf6e088-733e-4b9a-8ca4-5a6f511d9b5a: start FollowerState
2019-09-25 05:50:45,157 [pool-615-thread-1] INFO  util.JmxRegister (JmxRegister.java:tryRegister(44)) - Successfully registered JMX Bean with object name Ratis:service=RaftServer,group=group-F41F05FBB1D3,id=ddf6e088-733e-4b9a-8ca4-5a6f511d9b5a
2019-09-25 05:50:45,158 [RatisPipelineUtilsThread] INFO  pipeline.PipelineStateManager (PipelineStateManager.java:addPipeline(56)) - Created pipeline Pipeline[ Id: 4c353d6f-1579-4603-9eaa-f41f05fbb1d3, Nodes: ddf6e088-733e-4b9a-8ca4-5a6f511d9b5a{ip: 192.168.30.10, host: pr-hdds-1569-s62bp-3040748787, networkLocation: /default-rack, certSerialId: null}, Type:RATIS, Factor:ONE, State:OPEN]
2019-09-25 05:50:45,159 [RatisPipelineUtilsThread] INFO  pipeline.PipelinePlacementPolicy (PipelinePlacementPolicy.java:meetCriteria(91)) - Pipeline Placement: Doesn't meet the criteria to be viable node： 998f0c91-f727-4973-bd37-e1a81f390f6c Heaviness: 6 limit: 5
2019-09-25 05:50:45,159 [RatisPipelineUtilsThread] INFO  pipeline.PipelinePlacementPolicy (PipelinePlacementPolicy.java:meetCriteria(91)) - Pipeline Placement: Doesn't meet the criteria to be viable node： 60b026ab-fadd-426f-9b92-f2e4bcc7c7ff Heaviness: 6 limit: 5
2019-09-25 05:50:45,159 [RatisPipelineUtilsThread] INFO  pipeline.PipelinePlacementPolicy (PipelinePlacementPolicy.java:meetCriteria(91)) - Pipeline Placement: Doesn't meet the criteria to be viable node： 49655598-56f4-41c4-a924-b5d2880a3f2f Heaviness: 6 limit: 5
2019-09-25 05:50:45,162 [grpc-default-executor-0] INFO  impl.RaftServerProxy (RaftServerProxy.java:addNew(89)) - ddf6e088-733e-4b9a-8ca4-5a6f511d9b5a: addNew group-EB4AFF479D1F:[ddf6e088-733e-4b9a-8ca4-5a6f511d9b5a:192.168.30.10:39166] returns group-EB4AFF479D1F:java.util.concurrent.CompletableFuture@50444dd6[Not completed]
2019-09-25 05:50:45,163 [pool-615-thread-1] INFO  impl.RaftServerImpl (RaftServerImpl.java:<init>(95)) - ddf6e088-733e-4b9a-8ca4-5a6f511d9b5a: new RaftServerImpl for group-EB4AFF479D1F:[ddf6e088-733e-4b9a-8ca4-5a6f511d9b5a:192.168.30.10:39166] with ContainerStateMachine:uninitialized
2019-09-25 05:50:45,163 [pool-615-thread-1] INFO  server.RaftServerConfigKeys (ConfUtils.java:logGet(43)) - raft.server.rpc.timeout.min = 5s (custom)
2019-09-25 05:50:45,163 [pool-615-thread-1] INFO  server.RaftServerConfigKeys (ConfUtils.java:logGet(43)) - raft.server.rpc.timeout.max = 5200ms (custom)
2019-09-25 05:50:45,163 [pool-615-thread-1] INFO  server.RaftServerConfigKeys (ConfUtils.java:logGet(43)) - raft.server.rpcslowness.timeout = 120s (custom)
2019-09-25 05:50:45,163 [pool-615-thread-1] INFO  server.RaftServerConfigKeys (ConfUtils.java:logGet(43)) - raft.server.sleep.deviation.threshold = 300 (default)
2019-09-25 05:50:45,164 [pool-615-thread-1] INFO  server.RaftServerConfigKeys (ConfUtils.java:logGet(43)) - raft.server.log.appender.install.snapshot.enabled = false (custom)
2019-09-25 05:50:45,164 [pool-615-thread-1] INFO  impl.RaftServerImpl (ServerState.java:<init>(103)) - ddf6e088-733e-4b9a-8ca4-5a6f511d9b5a@group-EB4AFF479D1F: ConfigurationManager, init=-1: [ddf6e088-733e-4b9a-8ca4-5a6f511d9b5a:192.168.30.10:39166], old=null, confs=<EMPTY_MAP>
2019-09-25 05:50:45,164 [pool-615-thread-1] INFO  server.RaftServerConfigKeys (ConfUtils.java:logGet(43)) - raft.server.storage.dir = [/workdir/hadoop-ozone/integration-test/target/test-dir/MiniOzoneClusterImpl-28dc08f8-08b8-4dfd-b771-8384b6a2d499/datanode-3/data/ratis] (custom)
2019-09-25 05:50:45,164 [pool-615-thread-1] INFO  storage.RaftStorageDirectory (RaftStorageDirectory.java:analyzeStorage(246)) - The storage directory /workdir/hadoop-ozone/integration-test/target/test-dir/MiniOzoneClusterImpl-28dc08f8-08b8-4dfd-b771-8384b6a2d499/datanode-3/data/ratis/c2f88d95-8dd5-4634-aaf3-eb4aff479d1f does not exist. Creating ...
2019-09-25 05:50:45,169 [pool-615-thread-1] INFO  storage.RaftStorageDirectory (RaftStorageDirectory.java:tryLock(328)) - Lock on /workdir/hadoop-ozone/integration-test/target/test-dir/MiniOzoneClusterImpl-28dc08f8-08b8-4dfd-b771-8384b6a2d499/datanode-3/data/ratis/c2f88d95-8dd5-4634-aaf3-eb4aff479d1f/in_use.lock acquired by nodename 13539@pr-hdds-1569-s62bp-3040748787
2019-09-25 05:50:45,183 [pool-615-thread-1] INFO  storage.RaftStorage (RaftStorage.java:format(72)) - Storage directory /workdir/hadoop-ozone/integration-test/target/test-dir/MiniOzoneClusterImpl-28dc08f8-08b8-4dfd-b771-8384b6a2d499/datanode-3/data/ratis/c2f88d95-8dd5-4634-aaf3-eb4aff479d1f has been successfully formatted.
2019-09-25 05:50:45,183 [pool-615-thread-1] INFO  ratis.ContainerStateMachine (ContainerStateMachine.java:loadSnapshot(230)) - group-EB4AFF479D1F: The snapshot info is null. Setting the last applied indexto:(t:0, i:~)
2019-09-25 05:50:45,184 [pool-615-thread-1] INFO  server.RaftServerConfigKeys (ConfUtils.java:logGet(43)) - raft.server.notification.no-leader.timeout = 120s (custom)
2019-09-25 05:50:45,184 [pool-615-thread-1] INFO  server.RaftServerConfigKeys (ConfUtils.java:logGet(43)) - raft.server.log.use.memory = false (default)
2019-09-25 05:50:45,184 [pool-615-thread-1] INFO  server.RaftServerConfigKeys (ConfUtils.java:logGet(43)) - raft.server.log.purge.gap = 1000000 (custom)
2019-09-25 05:50:45,184 [pool-615-thread-1] INFO  server.RaftServerConfigKeys (ConfUtils.java:logGet(43)) - raft.server.log.appender.buffer.byte-limit = 33554432 (custom)
2019-09-25 05:50:45,184 [pool-615-thread-1] INFO  server.RaftServerConfigKeys (ConfUtils.java:logGet(43)) - raft.server.log.segment.size.max = 1048576 (custom)
2019-09-25 05:50:45,184 [pool-615-thread-1] INFO  server.RaftServerConfigKeys (ConfUtils.java:logGet(43)) - raft.server.log.segment.cache.num.max = 2 (custom)
2019-09-25 05:50:45,184 [pool-615-thread-1] INFO  segmented.SegmentedRaftLogWorker (SegmentedRaftLogWorker.java:<init>(172)) - new ddf6e088-733e-4b9a-8ca4-5a6f511d9b5a@group-EB4AFF479D1F-SegmentedRaftLogWorker for RaftStorage:Storage Directory /workdir/hadoop-ozone/integration-test/target/test-dir/MiniOzoneClusterImpl-28dc08f8-08b8-4dfd-b771-8384b6a2d499/datanode-3/data/ratis/c2f88d95-8dd5-4634-aaf3-eb4aff479d1f
2019-09-25 05:50:45,185 [pool-615-thread-1] INFO  server.RaftServerConfigKeys (ConfUtils.java:logGet(43)) - raft.server.log.queue.byte-limit = 2147483647 (custom)
2019-09-25 05:50:45,185 [pool-615-thread-1] INFO  server.RaftServerConfigKeys (ConfUtils.java:logGet(43)) - raft.server.log.queue.element-limit = 1024 (custom)
2019-09-25 05:50:45,185 [pool-615-thread-1] INFO  server.RaftServerConfigKeys (ConfUtils.java:logGet(43)) - raft.server.log.segment.size.max = 1048576 (custom)
2019-09-25 05:50:45,185 [pool-615-thread-1] INFO  server.RaftServerConfigKeys (ConfUtils.java:logGet(43)) - raft.server.log.preallocated.size = 16384 (custom)
2019-09-25 05:50:45,185 [pool-615-thread-1] INFO  server.RaftServerConfigKeys (ConfUtils.java:logGet(43)) - raft.server.log.write.buffer.size = 33554432 (custom)
2019-09-25 05:50:45,185 [pool-615-thread-1] INFO  server.RaftServerConfigKeys (ConfUtils.java:logGet(43)) - raft.server.log.force.sync.num = 128 (default)
2019-09-25 05:50:45,185 [pool-615-thread-1] INFO  server.RaftServerConfigKeys (ConfUtils.java:logGet(43)) - raft.server.log.statemachine.data.sync = true (default)
2019-09-25 05:50:45,185 [pool-615-thread-1] INFO  server.RaftServerConfigKeys (ConfUtils.java:logGet(43)) - raft.server.log.statemachine.data.sync.timeout = 10s (default)
2019-09-25 05:50:45,186 [pool-615-thread-1] INFO  server.RaftServerConfigKeys (ConfUtils.java:logGet(43)) - raft.server.log.statemachine.data.sync.timeout.retry = -1 (default)
2019-09-25 05:50:45,186 [pool-615-thread-1] INFO  server.RaftServerConfigKeys (ConfUtils.java:logGet(43)) - raft.server.log.statemachine.data.caching.enabled = true (custom)
2019-09-25 05:50:45,186 [pool-615-thread-1] INFO  segmented.SegmentedRaftLogWorker (SegmentedRaftLogWorker.java:lambda$new$0(132)) - ddf6e088-733e-4b9a-8ca4-5a6f511d9b5a@group-EB4AFF479D1F-SegmentedRaftLogWorker: flushIndex: setUnconditionally 0 -> -1
2019-09-25 05:50:45,186 [pool-615-thread-1] INFO  server.RaftServerConfigKeys (ConfUtils.java:logGet(43)) - raft.server.snapshot.auto.trigger.enabled = true (custom)
2019-09-25 05:50:45,186 [pool-615-thread-1] INFO  server.RaftServerConfigKeys (ConfUtils.java:logGet(43)) - raft.server.snapshot.auto.trigger.threshold = 10000 (custom)
2019-09-25 05:50:45,187 [pool-615-thread-1] INFO  server.RaftServerConfigKeys (ConfUtils.java:logGet(43)) - raft.server.snapshot.retention.num.files = 5 (custom)
2019-09-25 05:50:45,187 [pool-615-thread-1] INFO  server.RaftServerConfigKeys (ConfUtils.java:logGet(43)) - raft.server.retrycache.expirytime = 600000ms (custom)
2019-09-25 05:50:45,188 [pool-615-thread-1] INFO  impl.RaftServerImpl (RaftServerImpl.java:start(185)) - ddf6e088-733e-4b9a-8ca4-5a6f511d9b5a@group-EB4AFF479D1F: start as a follower, conf=-1: [ddf6e088-733e-4b9a-8ca4-5a6f511d9b5a:192.168.30.10:39166], old=null
2019-09-25 05:50:45,188 [pool-615-thread-1] INFO  impl.RaftServerImpl (RaftServerImpl.java:setRole(174)) - ddf6e088-733e-4b9a-8ca4-5a6f511d9b5a@group-EB4AFF479D1F: changes role from      null to FOLLOWER at term 0 for startAsFollower
2019-09-25 05:50:45,188 [pool-615-thread-1] INFO  impl.RoleInfo (RoleInfo.java:updateAndGet(143)) - ddf6e088-733e-4b9a-8ca4-5a6f511d9b5a: start FollowerState
2019-09-25 05:50:45,189 [pool-615-thread-1] INFO  util.JmxRegister (JmxRegister.java:tryRegister(44)) - Successfully registered JMX Bean with object name Ratis:service=RaftServer,group=group-EB4AFF479D1F,id=ddf6e088-733e-4b9a-8ca4-5a6f511d9b5a
2019-09-25 05:50:45,191 [RatisPipelineUtilsThread] INFO  pipeline.PipelineStateManager (PipelineStateManager.java:addPipeline(56)) - Created pipeline Pipeline[ Id: c2f88d95-8dd5-4634-aaf3-eb4aff479d1f, Nodes: ddf6e088-733e-4b9a-8ca4-5a6f511d9b5a{ip: 192.168.30.10, host: pr-hdds-1569-s62bp-3040748787, networkLocation: /default-rack, certSerialId: null}, Type:RATIS, Factor:ONE, State:OPEN]
2019-09-25 05:50:45,191 [RatisPipelineUtilsThread] INFO  pipeline.PipelinePlacementPolicy (PipelinePlacementPolicy.java:meetCriteria(91)) - Pipeline Placement: Doesn't meet the criteria to be viable node： 998f0c91-f727-4973-bd37-e1a81f390f6c Heaviness: 6 limit: 5
2019-09-25 05:50:45,191 [RatisPipelineUtilsThread] INFO  pipeline.PipelinePlacementPolicy (PipelinePlacementPolicy.java:meetCriteria(91)) - Pipeline Placement: Doesn't meet the criteria to be viable node： 60b026ab-fadd-426f-9b92-f2e4bcc7c7ff Heaviness: 6 limit: 5
2019-09-25 05:50:45,191 [RatisPipelineUtilsThread] INFO  pipeline.PipelinePlacementPolicy (PipelinePlacementPolicy.java:meetCriteria(91)) - Pipeline Placement: Doesn't meet the criteria to be viable node： 49655598-56f4-41c4-a924-b5d2880a3f2f Heaviness: 6 limit: 5
2019-09-25 05:50:45,195 [grpc-default-executor-0] INFO  impl.RaftServerProxy (RaftServerProxy.java:addNew(89)) - ddf6e088-733e-4b9a-8ca4-5a6f511d9b5a: addNew group-248717DE33E2:[ddf6e088-733e-4b9a-8ca4-5a6f511d9b5a:192.168.30.10:39166] returns group-248717DE33E2:java.util.concurrent.CompletableFuture@6eb75fd3[Not completed]
2019-09-25 05:50:45,195 [pool-615-thread-1] INFO  impl.RaftServerImpl (RaftServerImpl.java:<init>(95)) - ddf6e088-733e-4b9a-8ca4-5a6f511d9b5a: new RaftServerImpl for group-248717DE33E2:[ddf6e088-733e-4b9a-8ca4-5a6f511d9b5a:192.168.30.10:39166] with ContainerStateMachine:uninitialized
2019-09-25 05:50:45,196 [pool-615-thread-1] INFO  server.RaftServerConfigKeys (ConfUtils.java:logGet(43)) - raft.server.rpc.timeout.min = 5s (custom)
2019-09-25 05:50:45,196 [pool-615-thread-1] INFO  server.RaftServerConfigKeys (ConfUtils.java:logGet(43)) - raft.server.rpc.timeout.max = 5200ms (custom)
2019-09-25 05:50:45,196 [pool-615-thread-1] INFO  server.RaftServerConfigKeys (ConfUtils.java:logGet(43)) - raft.server.rpcslowness.timeout = 120s (custom)
2019-09-25 05:50:45,196 [pool-615-thread-1] INFO  server.RaftServerConfigKeys (ConfUtils.java:logGet(43)) - raft.server.sleep.deviation.threshold = 300 (default)
2019-09-25 05:50:45,196 [pool-615-thread-1] INFO  server.RaftServerConfigKeys (ConfUtils.java:logGet(43)) - raft.server.log.appender.install.snapshot.enabled = false (custom)
2019-09-25 05:50:45,196 [pool-615-thread-1] INFO  impl.RaftServerImpl (ServerState.java:<init>(103)) - ddf6e088-733e-4b9a-8ca4-5a6f511d9b5a@group-248717DE33E2: ConfigurationManager, init=-1: [ddf6e088-733e-4b9a-8ca4-5a6f511d9b5a:192.168.30.10:39166], old=null, confs=<EMPTY_MAP>
2019-09-25 05:50:45,196 [pool-615-thread-1] INFO  server.RaftServerConfigKeys (ConfUtils.java:logGet(43)) - raft.server.storage.dir = [/workdir/hadoop-ozone/integration-test/target/test-dir/MiniOzoneClusterImpl-28dc08f8-08b8-4dfd-b771-8384b6a2d499/datanode-3/data/ratis] (custom)
2019-09-25 05:50:45,197 [pool-615-thread-1] INFO  storage.RaftStorageDirectory (RaftStorageDirectory.java:analyzeStorage(246)) - The storage directory /workdir/hadoop-ozone/integration-test/target/test-dir/MiniOzoneClusterImpl-28dc08f8-08b8-4dfd-b771-8384b6a2d499/datanode-3/data/ratis/eec99201-f6ac-458d-b2c4-248717de33e2 does not exist. Creating ...
2019-09-25 05:50:45,204 [pool-615-thread-1] INFO  storage.RaftStorageDirectory (RaftStorageDirectory.java:tryLock(328)) - Lock on /workdir/hadoop-ozone/integration-test/target/test-dir/MiniOzoneClusterImpl-28dc08f8-08b8-4dfd-b771-8384b6a2d499/datanode-3/data/ratis/eec99201-f6ac-458d-b2c4-248717de33e2/in_use.lock acquired by nodename 13539@pr-hdds-1569-s62bp-3040748787
2019-09-25 05:50:45,213 [pool-615-thread-1] INFO  storage.RaftStorage (RaftStorage.java:format(72)) - Storage directory /workdir/hadoop-ozone/integration-test/target/test-dir/MiniOzoneClusterImpl-28dc08f8-08b8-4dfd-b771-8384b6a2d499/datanode-3/data/ratis/eec99201-f6ac-458d-b2c4-248717de33e2 has been successfully formatted.
2019-09-25 05:50:45,213 [pool-615-thread-1] INFO  ratis.ContainerStateMachine (ContainerStateMachine.java:loadSnapshot(230)) - group-248717DE33E2: The snapshot info is null. Setting the last applied indexto:(t:0, i:~)
2019-09-25 05:50:45,214 [pool-615-thread-1] INFO  server.RaftServerConfigKeys (ConfUtils.java:logGet(43)) - raft.server.notification.no-leader.timeout = 120s (custom)
2019-09-25 05:50:45,214 [pool-615-thread-1] INFO  server.RaftServerConfigKeys (ConfUtils.java:logGet(43)) - raft.server.log.use.memory = false (default)
2019-09-25 05:50:45,214 [pool-615-thread-1] INFO  server.RaftServerConfigKeys (ConfUtils.java:logGet(43)) - raft.server.log.purge.gap = 1000000 (custom)
2019-09-25 05:50:45,214 [pool-615-thread-1] INFO  server.RaftServerConfigKeys (ConfUtils.java:logGet(43)) - raft.server.log.appender.buffer.byte-limit = 33554432 (custom)
2019-09-25 05:50:45,214 [pool-615-thread-1] INFO  server.RaftServerConfigKeys (ConfUtils.java:logGet(43)) - raft.server.log.segment.size.max = 1048576 (custom)
2019-09-25 05:50:45,214 [pool-615-thread-1] INFO  server.RaftServerConfigKeys (ConfUtils.java:logGet(43)) - raft.server.log.segment.cache.num.max = 2 (custom)
2019-09-25 05:50:45,214 [pool-615-thread-1] INFO  segmented.SegmentedRaftLogWorker (SegmentedRaftLogWorker.java:<init>(172)) - new ddf6e088-733e-4b9a-8ca4-5a6f511d9b5a@group-248717DE33E2-SegmentedRaftLogWorker for RaftStorage:Storage Directory /workdir/hadoop-ozone/integration-test/target/test-dir/MiniOzoneClusterImpl-28dc08f8-08b8-4dfd-b771-8384b6a2d499/datanode-3/data/ratis/eec99201-f6ac-458d-b2c4-248717de33e2
2019-09-25 05:50:45,215 [pool-615-thread-1] INFO  server.RaftServerConfigKeys (ConfUtils.java:logGet(43)) - raft.server.log.queue.byte-limit = 2147483647 (custom)
2019-09-25 05:50:45,215 [pool-615-thread-1] INFO  server.RaftServerConfigKeys (ConfUtils.java:logGet(43)) - raft.server.log.queue.element-limit = 1024 (custom)
2019-09-25 05:50:45,215 [pool-615-thread-1] INFO  server.RaftServerConfigKeys (ConfUtils.java:logGet(43)) - raft.server.log.segment.size.max = 1048576 (custom)
2019-09-25 05:50:45,215 [pool-615-thread-1] INFO  server.RaftServerConfigKeys (ConfUtils.java:logGet(43)) - raft.server.log.preallocated.size = 16384 (custom)
2019-09-25 05:50:45,215 [pool-615-thread-1] INFO  server.RaftServerConfigKeys (ConfUtils.java:logGet(43)) - raft.server.log.write.buffer.size = 33554432 (custom)
2019-09-25 05:50:45,215 [pool-615-thread-1] INFO  server.RaftServerConfigKeys (ConfUtils.java:logGet(43)) - raft.server.log.force.sync.num = 128 (default)
2019-09-25 05:50:45,215 [pool-615-thread-1] INFO  server.RaftServerConfigKeys (ConfUtils.java:logGet(43)) - raft.server.log.statemachine.data.sync = true (default)
2019-09-25 05:50:45,216 [pool-615-thread-1] INFO  server.RaftServerConfigKeys (ConfUtils.java:logGet(43)) - raft.server.log.statemachine.data.sync.timeout = 10s (default)
2019-09-25 05:50:45,216 [pool-615-thread-1] INFO  server.RaftServerConfigKeys (ConfUtils.java:logGet(43)) - raft.server.log.statemachine.data.sync.timeout.retry = -1 (default)
2019-09-25 05:50:45,216 [pool-615-thread-1] INFO  server.RaftServerConfigKeys (ConfUtils.java:logGet(43)) - raft.server.log.statemachine.data.caching.enabled = true (custom)
2019-09-25 05:50:45,216 [pool-615-thread-1] INFO  segmented.SegmentedRaftLogWorker (SegmentedRaftLogWorker.java:lambda$new$0(132)) - ddf6e088-733e-4b9a-8ca4-5a6f511d9b5a@group-248717DE33E2-SegmentedRaftLogWorker: flushIndex: setUnconditionally 0 -> -1
2019-09-25 05:50:45,216 [pool-615-thread-1] INFO  server.RaftServerConfigKeys (ConfUtils.java:logGet(43)) - raft.server.snapshot.auto.trigger.enabled = true (custom)
2019-09-25 05:50:45,217 [pool-615-thread-1] INFO  server.RaftServerConfigKeys (ConfUtils.java:logGet(43)) - raft.server.snapshot.auto.trigger.threshold = 10000 (custom)
2019-09-25 05:50:45,217 [pool-615-thread-1] INFO  server.RaftServerConfigKeys (ConfUtils.java:logGet(43)) - raft.server.snapshot.retention.num.files = 5 (custom)
2019-09-25 05:50:45,217 [pool-615-thread-1] INFO  server.RaftServerConfigKeys (ConfUtils.java:logGet(43)) - raft.server.retrycache.expirytime = 600000ms (custom)
2019-09-25 05:50:45,218 [pool-615-thread-1] INFO  impl.RaftServerImpl (RaftServerImpl.java:start(185)) - ddf6e088-733e-4b9a-8ca4-5a6f511d9b5a@group-248717DE33E2: start as a follower, conf=-1: [ddf6e088-733e-4b9a-8ca4-5a6f511d9b5a:192.168.30.10:39166], old=null
2019-09-25 05:50:45,219 [pool-615-thread-1] INFO  impl.RaftServerImpl (RaftServerImpl.java:setRole(174)) - ddf6e088-733e-4b9a-8ca4-5a6f511d9b5a@group-248717DE33E2: changes role from      null to FOLLOWER at term 0 for startAsFollower
2019-09-25 05:50:45,219 [pool-615-thread-1] INFO  impl.RoleInfo (RoleInfo.java:updateAndGet(143)) - ddf6e088-733e-4b9a-8ca4-5a6f511d9b5a: start FollowerState
2019-09-25 05:50:45,219 [pool-615-thread-1] INFO  util.JmxRegister (JmxRegister.java:tryRegister(44)) - Successfully registered JMX Bean with object name Ratis:service=RaftServer,group=group-248717DE33E2,id=ddf6e088-733e-4b9a-8ca4-5a6f511d9b5a
2019-09-25 05:50:45,221 [RatisPipelineUtilsThread] INFO  pipeline.PipelineStateManager (PipelineStateManager.java:addPipeline(56)) - Created pipeline Pipeline[ Id: eec99201-f6ac-458d-b2c4-248717de33e2, Nodes: ddf6e088-733e-4b9a-8ca4-5a6f511d9b5a{ip: 192.168.30.10, host: pr-hdds-1569-s62bp-3040748787, networkLocation: /default-rack, certSerialId: null}, Type:RATIS, Factor:ONE, State:OPEN]
2019-09-25 05:50:45,221 [RatisPipelineUtilsThread] INFO  pipeline.PipelinePlacementPolicy (PipelinePlacementPolicy.java:meetCriteria(91)) - Pipeline Placement: Doesn't meet the criteria to be viable node： 998f0c91-f727-4973-bd37-e1a81f390f6c Heaviness: 6 limit: 5
2019-09-25 05:50:45,221 [RatisPipelineUtilsThread] INFO  pipeline.PipelinePlacementPolicy (PipelinePlacementPolicy.java:meetCriteria(91)) - Pipeline Placement: Doesn't meet the criteria to be viable node： 60b026ab-fadd-426f-9b92-f2e4bcc7c7ff Heaviness: 6 limit: 5
2019-09-25 05:50:45,221 [RatisPipelineUtilsThread] INFO  pipeline.PipelinePlacementPolicy (PipelinePlacementPolicy.java:meetCriteria(91)) - Pipeline Placement: Doesn't meet the criteria to be viable node： 49655598-56f4-41c4-a924-b5d2880a3f2f Heaviness: 6 limit: 5
2019-09-25 05:50:45,225 [grpc-default-executor-0] INFO  impl.RaftServerProxy (RaftServerProxy.java:addNew(89)) - 8aaa6fc6-f7fb-4882-accc-fabfb9faa78a: addNew group-958B1382B3AC:[8aaa6fc6-f7fb-4882-accc-fabfb9faa78a:192.168.30.10:36169] returns group-958B1382B3AC:java.util.concurrent.CompletableFuture@4de93a23[Not completed]
2019-09-25 05:50:45,225 [pool-635-thread-1] INFO  impl.RaftServerImpl (RaftServerImpl.java:<init>(95)) - 8aaa6fc6-f7fb-4882-accc-fabfb9faa78a: new RaftServerImpl for group-958B1382B3AC:[8aaa6fc6-f7fb-4882-accc-fabfb9faa78a:192.168.30.10:36169] with ContainerStateMachine:uninitialized
2019-09-25 05:50:45,225 [pool-635-thread-1] INFO  server.RaftServerConfigKeys (ConfUtils.java:logGet(43)) - raft.server.rpc.timeout.min = 5s (custom)
2019-09-25 05:50:45,226 [pool-635-thread-1] INFO  server.RaftServerConfigKeys (ConfUtils.java:logGet(43)) - raft.server.rpc.timeout.max = 5200ms (custom)
2019-09-25 05:50:45,226 [pool-635-thread-1] INFO  server.RaftServerConfigKeys (ConfUtils.java:logGet(43)) - raft.server.rpcslowness.timeout = 120s (custom)
2019-09-25 05:50:45,226 [pool-635-thread-1] INFO  server.RaftServerConfigKeys (ConfUtils.java:logGet(43)) - raft.server.sleep.deviation.threshold = 300 (default)
2019-09-25 05:50:45,226 [pool-635-thread-1] INFO  server.RaftServerConfigKeys (ConfUtils.java:logGet(43)) - raft.server.log.appender.install.snapshot.enabled = false (custom)
2019-09-25 05:50:45,226 [pool-635-thread-1] INFO  impl.RaftServerImpl (ServerState.java:<init>(103)) - 8aaa6fc6-f7fb-4882-accc-fabfb9faa78a@group-958B1382B3AC: ConfigurationManager, init=-1: [8aaa6fc6-f7fb-4882-accc-fabfb9faa78a:192.168.30.10:36169], old=null, confs=<EMPTY_MAP>
2019-09-25 05:50:45,226 [pool-635-thread-1] INFO  server.RaftServerConfigKeys (ConfUtils.java:logGet(43)) - raft.server.storage.dir = [/workdir/hadoop-ozone/integration-test/target/test-dir/MiniOzoneClusterImpl-28dc08f8-08b8-4dfd-b771-8384b6a2d499/datanode-5/data/ratis] (custom)
2019-09-25 05:50:45,227 [pool-635-thread-1] INFO  storage.RaftStorageDirectory (RaftStorageDirectory.java:analyzeStorage(246)) - The storage directory /workdir/hadoop-ozone/integration-test/target/test-dir/MiniOzoneClusterImpl-28dc08f8-08b8-4dfd-b771-8384b6a2d499/datanode-5/data/ratis/33b4aeb9-7ad4-4e0e-bff1-958b1382b3ac does not exist. Creating ...
2019-09-25 05:50:45,247 [pool-635-thread-1] INFO  storage.RaftStorageDirectory (RaftStorageDirectory.java:tryLock(328)) - Lock on /workdir/hadoop-ozone/integration-test/target/test-dir/MiniOzoneClusterImpl-28dc08f8-08b8-4dfd-b771-8384b6a2d499/datanode-5/data/ratis/33b4aeb9-7ad4-4e0e-bff1-958b1382b3ac/in_use.lock acquired by nodename 13539@pr-hdds-1569-s62bp-3040748787
2019-09-25 05:50:45,258 [pool-635-thread-1] INFO  storage.RaftStorage (RaftStorage.java:format(72)) - Storage directory /workdir/hadoop-ozone/integration-test/target/test-dir/MiniOzoneClusterImpl-28dc08f8-08b8-4dfd-b771-8384b6a2d499/datanode-5/data/ratis/33b4aeb9-7ad4-4e0e-bff1-958b1382b3ac has been successfully formatted.
2019-09-25 05:50:45,258 [pool-635-thread-1] INFO  ratis.ContainerStateMachine (ContainerStateMachine.java:loadSnapshot(230)) - group-958B1382B3AC: The snapshot info is null. Setting the last applied indexto:(t:0, i:~)
2019-09-25 05:50:45,258 [pool-635-thread-1] INFO  server.RaftServerConfigKeys (ConfUtils.java:logGet(43)) - raft.server.notification.no-leader.timeout = 120s (custom)
2019-09-25 05:50:45,258 [pool-635-thread-1] INFO  server.RaftServerConfigKeys (ConfUtils.java:logGet(43)) - raft.server.log.use.memory = false (default)
2019-09-25 05:50:45,258 [pool-635-thread-1] INFO  server.RaftServerConfigKeys (ConfUtils.java:logGet(43)) - raft.server.log.purge.gap = 1000000 (custom)
2019-09-25 05:50:45,259 [pool-635-thread-1] INFO  server.RaftServerConfigKeys (ConfUtils.java:logGet(43)) - raft.server.log.appender.buffer.byte-limit = 33554432 (custom)
2019-09-25 05:50:45,259 [pool-635-thread-1] INFO  server.RaftServerConfigKeys (ConfUtils.java:logGet(43)) - raft.server.log.segment.size.max = 1048576 (custom)
2019-09-25 05:50:45,259 [pool-635-thread-1] INFO  server.RaftServerConfigKeys (ConfUtils.java:logGet(43)) - raft.server.log.segment.cache.num.max = 2 (custom)
2019-09-25 05:50:45,259 [pool-635-thread-1] INFO  segmented.SegmentedRaftLogWorker (SegmentedRaftLogWorker.java:<init>(172)) - new 8aaa6fc6-f7fb-4882-accc-fabfb9faa78a@group-958B1382B3AC-SegmentedRaftLogWorker for RaftStorage:Storage Directory /workdir/hadoop-ozone/integration-test/target/test-dir/MiniOzoneClusterImpl-28dc08f8-08b8-4dfd-b771-8384b6a2d499/datanode-5/data/ratis/33b4aeb9-7ad4-4e0e-bff1-958b1382b3ac
2019-09-25 05:50:45,259 [pool-635-thread-1] INFO  server.RaftServerConfigKeys (ConfUtils.java:logGet(43)) - raft.server.log.queue.byte-limit = 2147483647 (custom)
2019-09-25 05:50:45,259 [pool-635-thread-1] INFO  server.RaftServerConfigKeys (ConfUtils.java:logGet(43)) - raft.server.log.queue.element-limit = 1024 (custom)
2019-09-25 05:50:45,259 [pool-635-thread-1] INFO  server.RaftServerConfigKeys (ConfUtils.java:logGet(43)) - raft.server.log.segment.size.max = 1048576 (custom)
2019-09-25 05:50:45,260 [pool-635-thread-1] INFO  server.RaftServerConfigKeys (ConfUtils.java:logGet(43)) - raft.server.log.preallocated.size = 16384 (custom)
2019-09-25 05:50:45,260 [pool-635-thread-1] INFO  server.RaftServerConfigKeys (ConfUtils.java:logGet(43)) - raft.server.log.write.buffer.size = 33554432 (custom)
2019-09-25 05:50:45,260 [pool-635-thread-1] INFO  server.RaftServerConfigKeys (ConfUtils.java:logGet(43)) - raft.server.log.force.sync.num = 128 (default)
2019-09-25 05:50:45,260 [pool-635-thread-1] INFO  server.RaftServerConfigKeys (ConfUtils.java:logGet(43)) - raft.server.log.statemachine.data.sync = true (default)
2019-09-25 05:50:45,260 [pool-635-thread-1] INFO  server.RaftServerConfigKeys (ConfUtils.java:logGet(43)) - raft.server.log.statemachine.data.sync.timeout = 10s (default)
2019-09-25 05:50:45,260 [pool-635-thread-1] INFO  server.RaftServerConfigKeys (ConfUtils.java:logGet(43)) - raft.server.log.statemachine.data.sync.timeout.retry = -1 (default)
2019-09-25 05:50:45,260 [pool-635-thread-1] INFO  server.RaftServerConfigKeys (ConfUtils.java:logGet(43)) - raft.server.log.statemachine.data.caching.enabled = true (custom)
2019-09-25 05:50:45,261 [pool-635-thread-1] INFO  segmented.SegmentedRaftLogWorker (SegmentedRaftLogWorker.java:lambda$new$0(132)) - 8aaa6fc6-f7fb-4882-accc-fabfb9faa78a@group-958B1382B3AC-SegmentedRaftLogWorker: flushIndex: setUnconditionally 0 -> -1
2019-09-25 05:50:45,261 [pool-635-thread-1] INFO  server.RaftServerConfigKeys (ConfUtils.java:logGet(43)) - raft.server.snapshot.auto.trigger.enabled = true (custom)
2019-09-25 05:50:45,261 [pool-635-thread-1] INFO  server.RaftServerConfigKeys (ConfUtils.java:logGet(43)) - raft.server.snapshot.auto.trigger.threshold = 10000 (custom)
2019-09-25 05:50:45,261 [pool-635-thread-1] INFO  server.RaftServerConfigKeys (ConfUtils.java:logGet(43)) - raft.server.snapshot.retention.num.files = 5 (custom)
2019-09-25 05:50:45,262 [pool-635-thread-1] INFO  server.RaftServerConfigKeys (ConfUtils.java:logGet(43)) - raft.server.retrycache.expirytime = 600000ms (custom)
2019-09-25 05:50:45,263 [pool-635-thread-1] INFO  impl.RaftServerImpl (RaftServerImpl.java:start(185)) - 8aaa6fc6-f7fb-4882-accc-fabfb9faa78a@group-958B1382B3AC: start as a follower, conf=-1: [8aaa6fc6-f7fb-4882-accc-fabfb9faa78a:192.168.30.10:36169], old=null
2019-09-25 05:50:45,263 [pool-635-thread-1] INFO  impl.RaftServerImpl (RaftServerImpl.java:setRole(174)) - 8aaa6fc6-f7fb-4882-accc-fabfb9faa78a@group-958B1382B3AC: changes role from      null to FOLLOWER at term 0 for startAsFollower
2019-09-25 05:50:45,263 [pool-635-thread-1] INFO  impl.RoleInfo (RoleInfo.java:updateAndGet(143)) - 8aaa6fc6-f7fb-4882-accc-fabfb9faa78a: start FollowerState
2019-09-25 05:50:45,264 [pool-635-thread-1] INFO  util.JmxRegister (JmxRegister.java:tryRegister(44)) - Successfully registered JMX Bean with object name Ratis:service=RaftServer,group=group-958B1382B3AC,id=8aaa6fc6-f7fb-4882-accc-fabfb9faa78a
2019-09-25 05:50:45,266 [RatisPipelineUtilsThread] INFO  pipeline.PipelineStateManager (PipelineStateManager.java:addPipeline(56)) - Created pipeline Pipeline[ Id: 33b4aeb9-7ad4-4e0e-bff1-958b1382b3ac, Nodes: 8aaa6fc6-f7fb-4882-accc-fabfb9faa78a{ip: 192.168.30.10, host: pr-hdds-1569-s62bp-3040748787, networkLocation: /default-rack, certSerialId: null}, Type:RATIS, Factor:ONE, State:OPEN]
2019-09-25 05:50:45,266 [RatisPipelineUtilsThread] INFO  pipeline.PipelinePlacementPolicy (PipelinePlacementPolicy.java:meetCriteria(91)) - Pipeline Placement: Doesn't meet the criteria to be viable node： 998f0c91-f727-4973-bd37-e1a81f390f6c Heaviness: 6 limit: 5
2019-09-25 05:50:45,266 [RatisPipelineUtilsThread] INFO  pipeline.PipelinePlacementPolicy (PipelinePlacementPolicy.java:meetCriteria(91)) - Pipeline Placement: Doesn't meet the criteria to be viable node： 60b026ab-fadd-426f-9b92-f2e4bcc7c7ff Heaviness: 6 limit: 5
2019-09-25 05:50:45,266 [RatisPipelineUtilsThread] INFO  pipeline.PipelinePlacementPolicy (PipelinePlacementPolicy.java:meetCriteria(91)) - Pipeline Placement: Doesn't meet the criteria to be viable node： 49655598-56f4-41c4-a924-b5d2880a3f2f Heaviness: 6 limit: 5
2019-09-25 05:50:45,270 [grpc-default-executor-0] INFO  impl.RaftServerProxy (RaftServerProxy.java:addNew(89)) - 048cd757-ac0b-449d-96b7-2f2a98d02798: addNew group-AA7868D57751:[048cd757-ac0b-449d-96b7-2f2a98d02798:192.168.30.10:45339] returns group-AA7868D57751:java.util.concurrent.CompletableFuture@106ef1ce[Not completed]
2019-09-25 05:50:45,271 [pool-625-thread-1] INFO  impl.RaftServerImpl (RaftServerImpl.java:<init>(95)) - 048cd757-ac0b-449d-96b7-2f2a98d02798: new RaftServerImpl for group-AA7868D57751:[048cd757-ac0b-449d-96b7-2f2a98d02798:192.168.30.10:45339] with ContainerStateMachine:uninitialized
2019-09-25 05:50:45,271 [pool-625-thread-1] INFO  server.RaftServerConfigKeys (ConfUtils.java:logGet(43)) - raft.server.rpc.timeout.min = 5s (custom)
2019-09-25 05:50:45,271 [pool-625-thread-1] INFO  server.RaftServerConfigKeys (ConfUtils.java:logGet(43)) - raft.server.rpc.timeout.max = 5200ms (custom)
2019-09-25 05:50:45,271 [pool-625-thread-1] INFO  server.RaftServerConfigKeys (ConfUtils.java:logGet(43)) - raft.server.rpcslowness.timeout = 120s (custom)
2019-09-25 05:50:45,271 [pool-625-thread-1] INFO  server.RaftServerConfigKeys (ConfUtils.java:logGet(43)) - raft.server.sleep.deviation.threshold = 300 (default)
2019-09-25 05:50:45,272 [pool-625-thread-1] INFO  server.RaftServerConfigKeys (ConfUtils.java:logGet(43)) - raft.server.log.appender.install.snapshot.enabled = false (custom)
2019-09-25 05:50:45,272 [pool-625-thread-1] INFO  impl.RaftServerImpl (ServerState.java:<init>(103)) - 048cd757-ac0b-449d-96b7-2f2a98d02798@group-AA7868D57751: ConfigurationManager, init=-1: [048cd757-ac0b-449d-96b7-2f2a98d02798:192.168.30.10:45339], old=null, confs=<EMPTY_MAP>
2019-09-25 05:50:45,272 [pool-625-thread-1] INFO  server.RaftServerConfigKeys (ConfUtils.java:logGet(43)) - raft.server.storage.dir = [/workdir/hadoop-ozone/integration-test/target/test-dir/MiniOzoneClusterImpl-28dc08f8-08b8-4dfd-b771-8384b6a2d499/datanode-4/data/ratis] (custom)
2019-09-25 05:50:45,272 [pool-625-thread-1] INFO  storage.RaftStorageDirectory (RaftStorageDirectory.java:analyzeStorage(246)) - The storage directory /workdir/hadoop-ozone/integration-test/target/test-dir/MiniOzoneClusterImpl-28dc08f8-08b8-4dfd-b771-8384b6a2d499/datanode-4/data/ratis/67195f36-19ef-4fb7-947e-aa7868d57751 does not exist. Creating ...
2019-09-25 05:50:45,305 [pool-625-thread-1] INFO  storage.RaftStorageDirectory (RaftStorageDirectory.java:tryLock(328)) - Lock on /workdir/hadoop-ozone/integration-test/target/test-dir/MiniOzoneClusterImpl-28dc08f8-08b8-4dfd-b771-8384b6a2d499/datanode-4/data/ratis/67195f36-19ef-4fb7-947e-aa7868d57751/in_use.lock acquired by nodename 13539@pr-hdds-1569-s62bp-3040748787
2019-09-25 05:50:45,317 [pool-625-thread-1] INFO  storage.RaftStorage (RaftStorage.java:format(72)) - Storage directory /workdir/hadoop-ozone/integration-test/target/test-dir/MiniOzoneClusterImpl-28dc08f8-08b8-4dfd-b771-8384b6a2d499/datanode-4/data/ratis/67195f36-19ef-4fb7-947e-aa7868d57751 has been successfully formatted.
2019-09-25 05:50:45,317 [pool-625-thread-1] INFO  ratis.ContainerStateMachine (ContainerStateMachine.java:loadSnapshot(230)) - group-AA7868D57751: The snapshot info is null. Setting the last applied indexto:(t:0, i:~)
2019-09-25 05:50:45,317 [pool-625-thread-1] INFO  server.RaftServerConfigKeys (ConfUtils.java:logGet(43)) - raft.server.notification.no-leader.timeout = 120s (custom)
2019-09-25 05:50:45,317 [pool-625-thread-1] INFO  server.RaftServerConfigKeys (ConfUtils.java:logGet(43)) - raft.server.log.use.memory = false (default)
2019-09-25 05:50:45,317 [pool-625-thread-1] INFO  server.RaftServerConfigKeys (ConfUtils.java:logGet(43)) - raft.server.log.purge.gap = 1000000 (custom)
2019-09-25 05:50:45,317 [pool-625-thread-1] INFO  server.RaftServerConfigKeys (ConfUtils.java:logGet(43)) - raft.server.log.appender.buffer.byte-limit = 33554432 (custom)
2019-09-25 05:50:45,317 [pool-625-thread-1] INFO  server.RaftServerConfigKeys (ConfUtils.java:logGet(43)) - raft.server.log.segment.size.max = 1048576 (custom)
2019-09-25 05:50:45,318 [pool-625-thread-1] INFO  server.RaftServerConfigKeys (ConfUtils.java:logGet(43)) - raft.server.log.segment.cache.num.max = 2 (custom)
2019-09-25 05:50:45,318 [pool-625-thread-1] INFO  segmented.SegmentedRaftLogWorker (SegmentedRaftLogWorker.java:<init>(172)) - new 048cd757-ac0b-449d-96b7-2f2a98d02798@group-AA7868D57751-SegmentedRaftLogWorker for RaftStorage:Storage Directory /workdir/hadoop-ozone/integration-test/target/test-dir/MiniOzoneClusterImpl-28dc08f8-08b8-4dfd-b771-8384b6a2d499/datanode-4/data/ratis/67195f36-19ef-4fb7-947e-aa7868d57751
2019-09-25 05:50:45,318 [pool-625-thread-1] INFO  server.RaftServerConfigKeys (ConfUtils.java:logGet(43)) - raft.server.log.queue.byte-limit = 2147483647 (custom)
2019-09-25 05:50:45,318 [pool-625-thread-1] INFO  server.RaftServerConfigKeys (ConfUtils.java:logGet(43)) - raft.server.log.queue.element-limit = 1024 (custom)
2019-09-25 05:50:45,318 [pool-625-thread-1] INFO  server.RaftServerConfigKeys (ConfUtils.java:logGet(43)) - raft.server.log.segment.size.max = 1048576 (custom)
2019-09-25 05:50:45,318 [pool-625-thread-1] INFO  server.RaftServerConfigKeys (ConfUtils.java:logGet(43)) - raft.server.log.preallocated.size = 16384 (custom)
2019-09-25 05:50:45,318 [pool-625-thread-1] INFO  server.RaftServerConfigKeys (ConfUtils.java:logGet(43)) - raft.server.log.write.buffer.size = 33554432 (custom)
2019-09-25 05:50:45,318 [pool-625-thread-1] INFO  server.RaftServerConfigKeys (ConfUtils.java:logGet(43)) - raft.server.log.force.sync.num = 128 (default)
2019-09-25 05:50:45,318 [pool-625-thread-1] INFO  server.RaftServerConfigKeys (ConfUtils.java:logGet(43)) - raft.server.log.statemachine.data.sync = true (default)
2019-09-25 05:50:45,318 [pool-625-thread-1] INFO  server.RaftServerConfigKeys (ConfUtils.java:logGet(43)) - raft.server.log.statemachine.data.sync.timeout = 10s (default)
2019-09-25 05:50:45,318 [pool-625-thread-1] INFO  server.RaftServerConfigKeys (ConfUtils.java:logGet(43)) - raft.server.log.statemachine.data.sync.timeout.retry = -1 (default)
2019-09-25 05:50:45,319 [pool-625-thread-1] INFO  server.RaftServerConfigKeys (ConfUtils.java:logGet(43)) - raft.server.log.statemachine.data.caching.enabled = true (custom)
2019-09-25 05:50:45,319 [pool-625-thread-1] INFO  segmented.SegmentedRaftLogWorker (SegmentedRaftLogWorker.java:lambda$new$0(132)) - 048cd757-ac0b-449d-96b7-2f2a98d02798@group-AA7868D57751-SegmentedRaftLogWorker: flushIndex: setUnconditionally 0 -> -1
2019-09-25 05:50:45,319 [pool-625-thread-1] INFO  server.RaftServerConfigKeys (ConfUtils.java:logGet(43)) - raft.server.snapshot.auto.trigger.enabled = true (custom)
2019-09-25 05:50:45,319 [pool-625-thread-1] INFO  server.RaftServerConfigKeys (ConfUtils.java:logGet(43)) - raft.server.snapshot.auto.trigger.threshold = 10000 (custom)
2019-09-25 05:50:45,319 [pool-625-thread-1] INFO  server.RaftServerConfigKeys (ConfUtils.java:logGet(43)) - raft.server.snapshot.retention.num.files = 5 (custom)
2019-09-25 05:50:45,319 [pool-625-thread-1] INFO  server.RaftServerConfigKeys (ConfUtils.java:logGet(43)) - raft.server.retrycache.expirytime = 600000ms (custom)
2019-09-25 05:50:45,320 [pool-625-thread-1] INFO  impl.RaftServerImpl (RaftServerImpl.java:start(185)) - 048cd757-ac0b-449d-96b7-2f2a98d02798@group-AA7868D57751: start as a follower, conf=-1: [048cd757-ac0b-449d-96b7-2f2a98d02798:192.168.30.10:45339], old=null
2019-09-25 05:50:45,321 [pool-625-thread-1] INFO  impl.RaftServerImpl (RaftServerImpl.java:setRole(174)) - 048cd757-ac0b-449d-96b7-2f2a98d02798@group-AA7868D57751: changes role from      null to FOLLOWER at term 0 for startAsFollower
2019-09-25 05:50:45,321 [pool-625-thread-1] INFO  impl.RoleInfo (RoleInfo.java:updateAndGet(143)) - 048cd757-ac0b-449d-96b7-2f2a98d02798: start FollowerState
2019-09-25 05:50:45,321 [pool-625-thread-1] INFO  util.JmxRegister (JmxRegister.java:tryRegister(44)) - Successfully registered JMX Bean with object name Ratis:service=RaftServer,group=group-AA7868D57751,id=048cd757-ac0b-449d-96b7-2f2a98d02798
2019-09-25 05:50:45,323 [RatisPipelineUtilsThread] INFO  pipeline.PipelineStateManager (PipelineStateManager.java:addPipeline(56)) - Created pipeline Pipeline[ Id: 67195f36-19ef-4fb7-947e-aa7868d57751, Nodes: 048cd757-ac0b-449d-96b7-2f2a98d02798{ip: 192.168.30.10, host: pr-hdds-1569-s62bp-3040748787, networkLocation: /default-rack, certSerialId: null}, Type:RATIS, Factor:ONE, State:OPEN]
2019-09-25 05:50:45,323 [RatisPipelineUtilsThread] INFO  pipeline.PipelinePlacementPolicy (PipelinePlacementPolicy.java:meetCriteria(91)) - Pipeline Placement: Doesn't meet the criteria to be viable node： 998f0c91-f727-4973-bd37-e1a81f390f6c Heaviness: 6 limit: 5
2019-09-25 05:50:45,323 [RatisPipelineUtilsThread] INFO  pipeline.PipelinePlacementPolicy (PipelinePlacementPolicy.java:meetCriteria(91)) - Pipeline Placement: Doesn't meet the criteria to be viable node： 60b026ab-fadd-426f-9b92-f2e4bcc7c7ff Heaviness: 6 limit: 5
2019-09-25 05:50:45,323 [RatisPipelineUtilsThread] INFO  pipeline.PipelinePlacementPolicy (PipelinePlacementPolicy.java:meetCriteria(91)) - Pipeline Placement: Doesn't meet the criteria to be viable node： 49655598-56f4-41c4-a924-b5d2880a3f2f Heaviness: 6 limit: 5
2019-09-25 05:50:45,327 [grpc-default-executor-0] INFO  impl.RaftServerProxy (RaftServerProxy.java:addNew(89)) - ddf6e088-733e-4b9a-8ca4-5a6f511d9b5a: addNew group-41C79CA68D85:[ddf6e088-733e-4b9a-8ca4-5a6f511d9b5a:192.168.30.10:39166] returns group-41C79CA68D85:java.util.concurrent.CompletableFuture@24040121[Not completed]
2019-09-25 05:50:45,327 [pool-615-thread-1] INFO  impl.RaftServerImpl (RaftServerImpl.java:<init>(95)) - ddf6e088-733e-4b9a-8ca4-5a6f511d9b5a: new RaftServerImpl for group-41C79CA68D85:[ddf6e088-733e-4b9a-8ca4-5a6f511d9b5a:192.168.30.10:39166] with ContainerStateMachine:uninitialized
2019-09-25 05:50:45,328 [pool-615-thread-1] INFO  server.RaftServerConfigKeys (ConfUtils.java:logGet(43)) - raft.server.rpc.timeout.min = 5s (custom)
2019-09-25 05:50:45,328 [pool-615-thread-1] INFO  server.RaftServerConfigKeys (ConfUtils.java:logGet(43)) - raft.server.rpc.timeout.max = 5200ms (custom)
2019-09-25 05:50:45,328 [pool-615-thread-1] INFO  server.RaftServerConfigKeys (ConfUtils.java:logGet(43)) - raft.server.rpcslowness.timeout = 120s (custom)
2019-09-25 05:50:45,328 [pool-615-thread-1] INFO  server.RaftServerConfigKeys (ConfUtils.java:logGet(43)) - raft.server.sleep.deviation.threshold = 300 (default)
2019-09-25 05:50:45,328 [pool-615-thread-1] INFO  server.RaftServerConfigKeys (ConfUtils.java:logGet(43)) - raft.server.log.appender.install.snapshot.enabled = false (custom)
2019-09-25 05:50:45,328 [pool-615-thread-1] INFO  impl.RaftServerImpl (ServerState.java:<init>(103)) - ddf6e088-733e-4b9a-8ca4-5a6f511d9b5a@group-41C79CA68D85: ConfigurationManager, init=-1: [ddf6e088-733e-4b9a-8ca4-5a6f511d9b5a:192.168.30.10:39166], old=null, confs=<EMPTY_MAP>
2019-09-25 05:50:45,328 [pool-615-thread-1] INFO  server.RaftServerConfigKeys (ConfUtils.java:logGet(43)) - raft.server.storage.dir = [/workdir/hadoop-ozone/integration-test/target/test-dir/MiniOzoneClusterImpl-28dc08f8-08b8-4dfd-b771-8384b6a2d499/datanode-3/data/ratis] (custom)
2019-09-25 05:50:45,329 [pool-615-thread-1] INFO  storage.RaftStorageDirectory (RaftStorageDirectory.java:analyzeStorage(246)) - The storage directory /workdir/hadoop-ozone/integration-test/target/test-dir/MiniOzoneClusterImpl-28dc08f8-08b8-4dfd-b771-8384b6a2d499/datanode-3/data/ratis/071f53ec-1ff0-468b-b7e6-41c79ca68d85 does not exist. Creating ...
2019-09-25 05:50:45,337 [pool-615-thread-1] INFO  storage.RaftStorageDirectory (RaftStorageDirectory.java:tryLock(328)) - Lock on /workdir/hadoop-ozone/integration-test/target/test-dir/MiniOzoneClusterImpl-28dc08f8-08b8-4dfd-b771-8384b6a2d499/datanode-3/data/ratis/071f53ec-1ff0-468b-b7e6-41c79ca68d85/in_use.lock acquired by nodename 13539@pr-hdds-1569-s62bp-3040748787
2019-09-25 05:50:45,358 [pool-615-thread-1] INFO  storage.RaftStorage (RaftStorage.java:format(72)) - Storage directory /workdir/hadoop-ozone/integration-test/target/test-dir/MiniOzoneClusterImpl-28dc08f8-08b8-4dfd-b771-8384b6a2d499/datanode-3/data/ratis/071f53ec-1ff0-468b-b7e6-41c79ca68d85 has been successfully formatted.
2019-09-25 05:50:45,358 [pool-615-thread-1] INFO  ratis.ContainerStateMachine (ContainerStateMachine.java:loadSnapshot(230)) - group-41C79CA68D85: The snapshot info is null. Setting the last applied indexto:(t:0, i:~)
2019-09-25 05:50:45,358 [pool-615-thread-1] INFO  server.RaftServerConfigKeys (ConfUtils.java:logGet(43)) - raft.server.notification.no-leader.timeout = 120s (custom)
2019-09-25 05:50:45,358 [pool-615-thread-1] INFO  server.RaftServerConfigKeys (ConfUtils.java:logGet(43)) - raft.server.log.use.memory = false (default)
2019-09-25 05:50:45,359 [pool-615-thread-1] INFO  server.RaftServerConfigKeys (ConfUtils.java:logGet(43)) - raft.server.log.purge.gap = 1000000 (custom)
2019-09-25 05:50:45,359 [pool-615-thread-1] INFO  server.RaftServerConfigKeys (ConfUtils.java:logGet(43)) - raft.server.log.appender.buffer.byte-limit = 33554432 (custom)
2019-09-25 05:50:45,359 [pool-615-thread-1] INFO  server.RaftServerConfigKeys (ConfUtils.java:logGet(43)) - raft.server.log.segment.size.max = 1048576 (custom)
2019-09-25 05:50:45,359 [pool-615-thread-1] INFO  server.RaftServerConfigKeys (ConfUtils.java:logGet(43)) - raft.server.log.segment.cache.num.max = 2 (custom)
2019-09-25 05:50:45,359 [pool-615-thread-1] INFO  segmented.SegmentedRaftLogWorker (SegmentedRaftLogWorker.java:<init>(172)) - new ddf6e088-733e-4b9a-8ca4-5a6f511d9b5a@group-41C79CA68D85-SegmentedRaftLogWorker for RaftStorage:Storage Directory /workdir/hadoop-ozone/integration-test/target/test-dir/MiniOzoneClusterImpl-28dc08f8-08b8-4dfd-b771-8384b6a2d499/datanode-3/data/ratis/071f53ec-1ff0-468b-b7e6-41c79ca68d85
2019-09-25 05:50:45,359 [pool-615-thread-1] INFO  server.RaftServerConfigKeys (ConfUtils.java:logGet(43)) - raft.server.log.queue.byte-limit = 2147483647 (custom)
2019-09-25 05:50:45,359 [pool-615-thread-1] INFO  server.RaftServerConfigKeys (ConfUtils.java:logGet(43)) - raft.server.log.queue.element-limit = 1024 (custom)
2019-09-25 05:50:45,360 [pool-615-thread-1] INFO  server.RaftServerConfigKeys (ConfUtils.java:logGet(43)) - raft.server.log.segment.size.max = 1048576 (custom)
2019-09-25 05:50:45,360 [pool-615-thread-1] INFO  server.RaftServerConfigKeys (ConfUtils.java:logGet(43)) - raft.server.log.preallocated.size = 16384 (custom)
2019-09-25 05:50:45,360 [pool-615-thread-1] INFO  server.RaftServerConfigKeys (ConfUtils.java:logGet(43)) - raft.server.log.write.buffer.size = 33554432 (custom)
2019-09-25 05:50:45,360 [pool-615-thread-1] INFO  server.RaftServerConfigKeys (ConfUtils.java:logGet(43)) - raft.server.log.force.sync.num = 128 (default)
2019-09-25 05:50:45,360 [pool-615-thread-1] INFO  server.RaftServerConfigKeys (ConfUtils.java:logGet(43)) - raft.server.log.statemachine.data.sync = true (default)
2019-09-25 05:50:45,360 [pool-615-thread-1] INFO  server.RaftServerConfigKeys (ConfUtils.java:logGet(43)) - raft.server.log.statemachine.data.sync.timeout = 10s (default)
2019-09-25 05:50:45,360 [pool-615-thread-1] INFO  server.RaftServerConfigKeys (ConfUtils.java:logGet(43)) - raft.server.log.statemachine.data.sync.timeout.retry = -1 (default)
2019-09-25 05:50:45,361 [pool-615-thread-1] INFO  server.RaftServerConfigKeys (ConfUtils.java:logGet(43)) - raft.server.log.statemachine.data.caching.enabled = true (custom)
2019-09-25 05:50:45,361 [pool-615-thread-1] INFO  segmented.SegmentedRaftLogWorker (SegmentedRaftLogWorker.java:lambda$new$0(132)) - ddf6e088-733e-4b9a-8ca4-5a6f511d9b5a@group-41C79CA68D85-SegmentedRaftLogWorker: flushIndex: setUnconditionally 0 -> -1
2019-09-25 05:50:45,361 [pool-615-thread-1] INFO  server.RaftServerConfigKeys (ConfUtils.java:logGet(43)) - raft.server.snapshot.auto.trigger.enabled = true (custom)
2019-09-25 05:50:45,361 [pool-615-thread-1] INFO  server.RaftServerConfigKeys (ConfUtils.java:logGet(43)) - raft.server.snapshot.auto.trigger.threshold = 10000 (custom)
2019-09-25 05:50:45,361 [pool-615-thread-1] INFO  server.RaftServerConfigKeys (ConfUtils.java:logGet(43)) - raft.server.snapshot.retention.num.files = 5 (custom)
2019-09-25 05:50:45,362 [pool-615-thread-1] INFO  server.RaftServerConfigKeys (ConfUtils.java:logGet(43)) - raft.server.retrycache.expirytime = 600000ms (custom)
2019-09-25 05:50:45,363 [pool-615-thread-1] INFO  impl.RaftServerImpl (RaftServerImpl.java:start(185)) - ddf6e088-733e-4b9a-8ca4-5a6f511d9b5a@group-41C79CA68D85: start as a follower, conf=-1: [ddf6e088-733e-4b9a-8ca4-5a6f511d9b5a:192.168.30.10:39166], old=null
2019-09-25 05:50:45,363 [pool-615-thread-1] INFO  impl.RaftServerImpl (RaftServerImpl.java:setRole(174)) - ddf6e088-733e-4b9a-8ca4-5a6f511d9b5a@group-41C79CA68D85: changes role from      null to FOLLOWER at term 0 for startAsFollower
2019-09-25 05:50:45,364 [pool-615-thread-1] INFO  impl.RoleInfo (RoleInfo.java:updateAndGet(143)) - ddf6e088-733e-4b9a-8ca4-5a6f511d9b5a: start FollowerState
2019-09-25 05:50:45,364 [pool-615-thread-1] INFO  util.JmxRegister (JmxRegister.java:tryRegister(44)) - Successfully registered JMX Bean with object name Ratis:service=RaftServer,group=group-41C79CA68D85,id=ddf6e088-733e-4b9a-8ca4-5a6f511d9b5a
2019-09-25 05:50:45,366 [RatisPipelineUtilsThread] INFO  pipeline.PipelineStateManager (PipelineStateManager.java:addPipeline(56)) - Created pipeline Pipeline[ Id: 071f53ec-1ff0-468b-b7e6-41c79ca68d85, Nodes: ddf6e088-733e-4b9a-8ca4-5a6f511d9b5a{ip: 192.168.30.10, host: pr-hdds-1569-s62bp-3040748787, networkLocation: /default-rack, certSerialId: null}, Type:RATIS, Factor:ONE, State:OPEN]
2019-09-25 05:50:45,366 [RatisPipelineUtilsThread] INFO  pipeline.PipelinePlacementPolicy (PipelinePlacementPolicy.java:meetCriteria(91)) - Pipeline Placement: Doesn't meet the criteria to be viable node： 998f0c91-f727-4973-bd37-e1a81f390f6c Heaviness: 6 limit: 5
2019-09-25 05:50:45,366 [RatisPipelineUtilsThread] INFO  pipeline.PipelinePlacementPolicy (PipelinePlacementPolicy.java:meetCriteria(91)) - Pipeline Placement: Doesn't meet the criteria to be viable node： ddf6e088-733e-4b9a-8ca4-5a6f511d9b5a Heaviness: 6 limit: 5
2019-09-25 05:50:45,366 [RatisPipelineUtilsThread] INFO  pipeline.PipelinePlacementPolicy (PipelinePlacementPolicy.java:meetCriteria(91)) - Pipeline Placement: Doesn't meet the criteria to be viable node： 60b026ab-fadd-426f-9b92-f2e4bcc7c7ff Heaviness: 6 limit: 5
2019-09-25 05:50:45,367 [RatisPipelineUtilsThread] INFO  pipeline.PipelinePlacementPolicy (PipelinePlacementPolicy.java:meetCriteria(91)) - Pipeline Placement: Doesn't meet the criteria to be viable node： 49655598-56f4-41c4-a924-b5d2880a3f2f Heaviness: 6 limit: 5
2019-09-25 05:50:45,370 [grpc-default-executor-0] INFO  impl.RaftServerProxy (RaftServerProxy.java:addNew(89)) - 048cd757-ac0b-449d-96b7-2f2a98d02798: addNew group-4927BAA1705F:[048cd757-ac0b-449d-96b7-2f2a98d02798:192.168.30.10:45339] returns group-4927BAA1705F:java.util.concurrent.CompletableFuture@1c95650f[Not completed]
2019-09-25 05:50:45,371 [pool-625-thread-1] INFO  impl.RaftServerImpl (RaftServerImpl.java:<init>(95)) - 048cd757-ac0b-449d-96b7-2f2a98d02798: new RaftServerImpl for group-4927BAA1705F:[048cd757-ac0b-449d-96b7-2f2a98d02798:192.168.30.10:45339] with ContainerStateMachine:uninitialized
2019-09-25 05:50:45,371 [pool-625-thread-1] INFO  server.RaftServerConfigKeys (ConfUtils.java:logGet(43)) - raft.server.rpc.timeout.min = 5s (custom)
2019-09-25 05:50:45,371 [pool-625-thread-1] INFO  server.RaftServerConfigKeys (ConfUtils.java:logGet(43)) - raft.server.rpc.timeout.max = 5200ms (custom)
2019-09-25 05:50:45,371 [pool-625-thread-1] INFO  server.RaftServerConfigKeys (ConfUtils.java:logGet(43)) - raft.server.rpcslowness.timeout = 120s (custom)
2019-09-25 05:50:45,371 [pool-625-thread-1] INFO  server.RaftServerConfigKeys (ConfUtils.java:logGet(43)) - raft.server.sleep.deviation.threshold = 300 (default)
2019-09-25 05:50:45,371 [pool-625-thread-1] INFO  server.RaftServerConfigKeys (ConfUtils.java:logGet(43)) - raft.server.log.appender.install.snapshot.enabled = false (custom)
2019-09-25 05:50:45,371 [pool-625-thread-1] INFO  impl.RaftServerImpl (ServerState.java:<init>(103)) - 048cd757-ac0b-449d-96b7-2f2a98d02798@group-4927BAA1705F: ConfigurationManager, init=-1: [048cd757-ac0b-449d-96b7-2f2a98d02798:192.168.30.10:45339], old=null, confs=<EMPTY_MAP>
2019-09-25 05:50:45,372 [pool-625-thread-1] INFO  server.RaftServerConfigKeys (ConfUtils.java:logGet(43)) - raft.server.storage.dir = [/workdir/hadoop-ozone/integration-test/target/test-dir/MiniOzoneClusterImpl-28dc08f8-08b8-4dfd-b771-8384b6a2d499/datanode-4/data/ratis] (custom)
2019-09-25 05:50:45,372 [pool-625-thread-1] INFO  storage.RaftStorageDirectory (RaftStorageDirectory.java:analyzeStorage(246)) - The storage directory /workdir/hadoop-ozone/integration-test/target/test-dir/MiniOzoneClusterImpl-28dc08f8-08b8-4dfd-b771-8384b6a2d499/datanode-4/data/ratis/f82d9dc8-66ab-4b89-ab0d-4927baa1705f does not exist. Creating ...
2019-09-25 05:50:45,397 [pool-625-thread-1] INFO  storage.RaftStorageDirectory (RaftStorageDirectory.java:tryLock(328)) - Lock on /workdir/hadoop-ozone/integration-test/target/test-dir/MiniOzoneClusterImpl-28dc08f8-08b8-4dfd-b771-8384b6a2d499/datanode-4/data/ratis/f82d9dc8-66ab-4b89-ab0d-4927baa1705f/in_use.lock acquired by nodename 13539@pr-hdds-1569-s62bp-3040748787
2019-09-25 05:50:45,423 [pool-625-thread-1] INFO  storage.RaftStorage (RaftStorage.java:format(72)) - Storage directory /workdir/hadoop-ozone/integration-test/target/test-dir/MiniOzoneClusterImpl-28dc08f8-08b8-4dfd-b771-8384b6a2d499/datanode-4/data/ratis/f82d9dc8-66ab-4b89-ab0d-4927baa1705f has been successfully formatted.
2019-09-25 05:50:45,423 [pool-625-thread-1] INFO  ratis.ContainerStateMachine (ContainerStateMachine.java:loadSnapshot(230)) - group-4927BAA1705F: The snapshot info is null. Setting the last applied indexto:(t:0, i:~)
2019-09-25 05:50:45,424 [pool-625-thread-1] INFO  server.RaftServerConfigKeys (ConfUtils.java:logGet(43)) - raft.server.notification.no-leader.timeout = 120s (custom)
2019-09-25 05:50:45,424 [pool-625-thread-1] INFO  server.RaftServerConfigKeys (ConfUtils.java:logGet(43)) - raft.server.log.use.memory = false (default)
2019-09-25 05:50:45,424 [pool-625-thread-1] INFO  server.RaftServerConfigKeys (ConfUtils.java:logGet(43)) - raft.server.log.purge.gap = 1000000 (custom)
2019-09-25 05:50:45,424 [pool-625-thread-1] INFO  server.RaftServerConfigKeys (ConfUtils.java:logGet(43)) - raft.server.log.appender.buffer.byte-limit = 33554432 (custom)
2019-09-25 05:50:45,424 [pool-625-thread-1] INFO  server.RaftServerConfigKeys (ConfUtils.java:logGet(43)) - raft.server.log.segment.size.max = 1048576 (custom)
2019-09-25 05:50:45,424 [pool-625-thread-1] INFO  server.RaftServerConfigKeys (ConfUtils.java:logGet(43)) - raft.server.log.segment.cache.num.max = 2 (custom)
2019-09-25 05:50:45,425 [pool-625-thread-1] INFO  segmented.SegmentedRaftLogWorker (SegmentedRaftLogWorker.java:<init>(172)) - new 048cd757-ac0b-449d-96b7-2f2a98d02798@group-4927BAA1705F-SegmentedRaftLogWorker for RaftStorage:Storage Directory /workdir/hadoop-ozone/integration-test/target/test-dir/MiniOzoneClusterImpl-28dc08f8-08b8-4dfd-b771-8384b6a2d499/datanode-4/data/ratis/f82d9dc8-66ab-4b89-ab0d-4927baa1705f
2019-09-25 05:50:45,425 [pool-625-thread-1] INFO  server.RaftServerConfigKeys (ConfUtils.java:logGet(43)) - raft.server.log.queue.byte-limit = 2147483647 (custom)
2019-09-25 05:50:45,425 [pool-625-thread-1] INFO  server.RaftServerConfigKeys (ConfUtils.java:logGet(43)) - raft.server.log.queue.element-limit = 1024 (custom)
2019-09-25 05:50:45,425 [pool-625-thread-1] INFO  server.RaftServerConfigKeys (ConfUtils.java:logGet(43)) - raft.server.log.segment.size.max = 1048576 (custom)
2019-09-25 05:50:45,425 [pool-625-thread-1] INFO  server.RaftServerConfigKeys (ConfUtils.java:logGet(43)) - raft.server.log.preallocated.size = 16384 (custom)
2019-09-25 05:50:45,425 [pool-625-thread-1] INFO  server.RaftServerConfigKeys (ConfUtils.java:logGet(43)) - raft.server.log.write.buffer.size = 33554432 (custom)
2019-09-25 05:50:45,426 [pool-625-thread-1] INFO  server.RaftServerConfigKeys (ConfUtils.java:logGet(43)) - raft.server.log.force.sync.num = 128 (default)
2019-09-25 05:50:45,426 [pool-625-thread-1] INFO  server.RaftServerConfigKeys (ConfUtils.java:logGet(43)) - raft.server.log.statemachine.data.sync = true (default)
2019-09-25 05:50:45,426 [pool-625-thread-1] INFO  server.RaftServerConfigKeys (ConfUtils.java:logGet(43)) - raft.server.log.statemachine.data.sync.timeout = 10s (default)
2019-09-25 05:50:45,426 [pool-625-thread-1] INFO  server.RaftServerConfigKeys (ConfUtils.java:logGet(43)) - raft.server.log.statemachine.data.sync.timeout.retry = -1 (default)
2019-09-25 05:50:45,426 [pool-625-thread-1] INFO  server.RaftServerConfigKeys (ConfUtils.java:logGet(43)) - raft.server.log.statemachine.data.caching.enabled = true (custom)
2019-09-25 05:50:45,426 [pool-625-thread-1] INFO  segmented.SegmentedRaftLogWorker (SegmentedRaftLogWorker.java:lambda$new$0(132)) - 048cd757-ac0b-449d-96b7-2f2a98d02798@group-4927BAA1705F-SegmentedRaftLogWorker: flushIndex: setUnconditionally 0 -> -1
2019-09-25 05:50:45,427 [pool-625-thread-1] INFO  server.RaftServerConfigKeys (ConfUtils.java:logGet(43)) - raft.server.snapshot.auto.trigger.enabled = true (custom)
2019-09-25 05:50:45,427 [pool-625-thread-1] INFO  server.RaftServerConfigKeys (ConfUtils.java:logGet(43)) - raft.server.snapshot.auto.trigger.threshold = 10000 (custom)
2019-09-25 05:50:45,427 [pool-625-thread-1] INFO  server.RaftServerConfigKeys (ConfUtils.java:logGet(43)) - raft.server.snapshot.retention.num.files = 5 (custom)
2019-09-25 05:50:45,427 [pool-625-thread-1] INFO  server.RaftServerConfigKeys (ConfUtils.java:logGet(43)) - raft.server.retrycache.expirytime = 600000ms (custom)
2019-09-25 05:50:45,429 [pool-625-thread-1] INFO  impl.RaftServerImpl (RaftServerImpl.java:start(185)) - 048cd757-ac0b-449d-96b7-2f2a98d02798@group-4927BAA1705F: start as a follower, conf=-1: [048cd757-ac0b-449d-96b7-2f2a98d02798:192.168.30.10:45339], old=null
2019-09-25 05:50:45,429 [pool-625-thread-1] INFO  impl.RaftServerImpl (RaftServerImpl.java:setRole(174)) - 048cd757-ac0b-449d-96b7-2f2a98d02798@group-4927BAA1705F: changes role from      null to FOLLOWER at term 0 for startAsFollower
2019-09-25 05:50:45,429 [pool-625-thread-1] INFO  impl.RoleInfo (RoleInfo.java:updateAndGet(143)) - 048cd757-ac0b-449d-96b7-2f2a98d02798: start FollowerState
2019-09-25 05:50:45,430 [pool-625-thread-1] INFO  util.JmxRegister (JmxRegister.java:tryRegister(44)) - Successfully registered JMX Bean with object name Ratis:service=RaftServer,group=group-4927BAA1705F,id=048cd757-ac0b-449d-96b7-2f2a98d02798
2019-09-25 05:50:45,432 [RatisPipelineUtilsThread] INFO  pipeline.PipelineStateManager (PipelineStateManager.java:addPipeline(56)) - Created pipeline Pipeline[ Id: f82d9dc8-66ab-4b89-ab0d-4927baa1705f, Nodes: 048cd757-ac0b-449d-96b7-2f2a98d02798{ip: 192.168.30.10, host: pr-hdds-1569-s62bp-3040748787, networkLocation: /default-rack, certSerialId: null}, Type:RATIS, Factor:ONE, State:OPEN]
2019-09-25 05:50:45,432 [RatisPipelineUtilsThread] INFO  pipeline.PipelinePlacementPolicy (PipelinePlacementPolicy.java:meetCriteria(91)) - Pipeline Placement: Doesn't meet the criteria to be viable node： 998f0c91-f727-4973-bd37-e1a81f390f6c Heaviness: 6 limit: 5
2019-09-25 05:50:45,432 [RatisPipelineUtilsThread] INFO  pipeline.PipelinePlacementPolicy (PipelinePlacementPolicy.java:meetCriteria(91)) - Pipeline Placement: Doesn't meet the criteria to be viable node： ddf6e088-733e-4b9a-8ca4-5a6f511d9b5a Heaviness: 6 limit: 5
2019-09-25 05:50:45,433 [RatisPipelineUtilsThread] INFO  pipeline.PipelinePlacementPolicy (PipelinePlacementPolicy.java:meetCriteria(91)) - Pipeline Placement: Doesn't meet the criteria to be viable node： 60b026ab-fadd-426f-9b92-f2e4bcc7c7ff Heaviness: 6 limit: 5
2019-09-25 05:50:45,433 [RatisPipelineUtilsThread] INFO  pipeline.PipelinePlacementPolicy (PipelinePlacementPolicy.java:meetCriteria(91)) - Pipeline Placement: Doesn't meet the criteria to be viable node： 49655598-56f4-41c4-a924-b5d2880a3f2f Heaviness: 6 limit: 5
2019-09-25 05:50:45,436 [grpc-default-executor-0] INFO  impl.RaftServerProxy (RaftServerProxy.java:addNew(89)) - 048cd757-ac0b-449d-96b7-2f2a98d02798: addNew group-7D63AEAAFE26:[048cd757-ac0b-449d-96b7-2f2a98d02798:192.168.30.10:45339] returns group-7D63AEAAFE26:java.util.concurrent.CompletableFuture@783d1b33[Not completed]
2019-09-25 05:50:45,437 [pool-625-thread-1] INFO  impl.RaftServerImpl (RaftServerImpl.java:<init>(95)) - 048cd757-ac0b-449d-96b7-2f2a98d02798: new RaftServerImpl for group-7D63AEAAFE26:[048cd757-ac0b-449d-96b7-2f2a98d02798:192.168.30.10:45339] with ContainerStateMachine:uninitialized
2019-09-25 05:50:45,437 [pool-625-thread-1] INFO  server.RaftServerConfigKeys (ConfUtils.java:logGet(43)) - raft.server.rpc.timeout.min = 5s (custom)
2019-09-25 05:50:45,437 [pool-625-thread-1] INFO  server.RaftServerConfigKeys (ConfUtils.java:logGet(43)) - raft.server.rpc.timeout.max = 5200ms (custom)
2019-09-25 05:50:45,437 [pool-625-thread-1] INFO  server.RaftServerConfigKeys (ConfUtils.java:logGet(43)) - raft.server.rpcslowness.timeout = 120s (custom)
2019-09-25 05:50:45,437 [pool-625-thread-1] INFO  server.RaftServerConfigKeys (ConfUtils.java:logGet(43)) - raft.server.sleep.deviation.threshold = 300 (default)
2019-09-25 05:50:45,437 [pool-625-thread-1] INFO  server.RaftServerConfigKeys (ConfUtils.java:logGet(43)) - raft.server.log.appender.install.snapshot.enabled = false (custom)
2019-09-25 05:50:45,438 [pool-625-thread-1] INFO  impl.RaftServerImpl (ServerState.java:<init>(103)) - 048cd757-ac0b-449d-96b7-2f2a98d02798@group-7D63AEAAFE26: ConfigurationManager, init=-1: [048cd757-ac0b-449d-96b7-2f2a98d02798:192.168.30.10:45339], old=null, confs=<EMPTY_MAP>
2019-09-25 05:50:45,438 [pool-625-thread-1] INFO  server.RaftServerConfigKeys (ConfUtils.java:logGet(43)) - raft.server.storage.dir = [/workdir/hadoop-ozone/integration-test/target/test-dir/MiniOzoneClusterImpl-28dc08f8-08b8-4dfd-b771-8384b6a2d499/datanode-4/data/ratis] (custom)
2019-09-25 05:50:45,438 [pool-625-thread-1] INFO  storage.RaftStorageDirectory (RaftStorageDirectory.java:analyzeStorage(246)) - The storage directory /workdir/hadoop-ozone/integration-test/target/test-dir/MiniOzoneClusterImpl-28dc08f8-08b8-4dfd-b771-8384b6a2d499/datanode-4/data/ratis/f6e4b822-efba-4838-bef5-7d63aeaafe26 does not exist. Creating ...
2019-09-25 05:50:45,463 [pool-625-thread-1] INFO  storage.RaftStorageDirectory (RaftStorageDirectory.java:tryLock(328)) - Lock on /workdir/hadoop-ozone/integration-test/target/test-dir/MiniOzoneClusterImpl-28dc08f8-08b8-4dfd-b771-8384b6a2d499/datanode-4/data/ratis/f6e4b822-efba-4838-bef5-7d63aeaafe26/in_use.lock acquired by nodename 13539@pr-hdds-1569-s62bp-3040748787
2019-09-25 05:50:45,476 [pool-625-thread-1] INFO  storage.RaftStorage (RaftStorage.java:format(72)) - Storage directory /workdir/hadoop-ozone/integration-test/target/test-dir/MiniOzoneClusterImpl-28dc08f8-08b8-4dfd-b771-8384b6a2d499/datanode-4/data/ratis/f6e4b822-efba-4838-bef5-7d63aeaafe26 has been successfully formatted.
2019-09-25 05:50:45,477 [pool-625-thread-1] INFO  ratis.ContainerStateMachine (ContainerStateMachine.java:loadSnapshot(230)) - group-7D63AEAAFE26: The snapshot info is null. Setting the last applied indexto:(t:0, i:~)
2019-09-25 05:50:45,477 [pool-625-thread-1] INFO  server.RaftServerConfigKeys (ConfUtils.java:logGet(43)) - raft.server.notification.no-leader.timeout = 120s (custom)
2019-09-25 05:50:45,477 [pool-625-thread-1] INFO  server.RaftServerConfigKeys (ConfUtils.java:logGet(43)) - raft.server.log.use.memory = false (default)
2019-09-25 05:50:45,477 [pool-625-thread-1] INFO  server.RaftServerConfigKeys (ConfUtils.java:logGet(43)) - raft.server.log.purge.gap = 1000000 (custom)
2019-09-25 05:50:45,477 [pool-625-thread-1] INFO  server.RaftServerConfigKeys (ConfUtils.java:logGet(43)) - raft.server.log.appender.buffer.byte-limit = 33554432 (custom)
2019-09-25 05:50:45,477 [pool-625-thread-1] INFO  server.RaftServerConfigKeys (ConfUtils.java:logGet(43)) - raft.server.log.segment.size.max = 1048576 (custom)
2019-09-25 05:50:45,478 [pool-625-thread-1] INFO  server.RaftServerConfigKeys (ConfUtils.java:logGet(43)) - raft.server.log.segment.cache.num.max = 2 (custom)
2019-09-25 05:50:45,478 [pool-625-thread-1] INFO  segmented.SegmentedRaftLogWorker (SegmentedRaftLogWorker.java:<init>(172)) - new 048cd757-ac0b-449d-96b7-2f2a98d02798@group-7D63AEAAFE26-SegmentedRaftLogWorker for RaftStorage:Storage Directory /workdir/hadoop-ozone/integration-test/target/test-dir/MiniOzoneClusterImpl-28dc08f8-08b8-4dfd-b771-8384b6a2d499/datanode-4/data/ratis/f6e4b822-efba-4838-bef5-7d63aeaafe26
2019-09-25 05:50:45,478 [pool-625-thread-1] INFO  server.RaftServerConfigKeys (ConfUtils.java:logGet(43)) - raft.server.log.queue.byte-limit = 2147483647 (custom)
2019-09-25 05:50:45,478 [pool-625-thread-1] INFO  server.RaftServerConfigKeys (ConfUtils.java:logGet(43)) - raft.server.log.queue.element-limit = 1024 (custom)
2019-09-25 05:50:45,478 [pool-625-thread-1] INFO  server.RaftServerConfigKeys (ConfUtils.java:logGet(43)) - raft.server.log.segment.size.max = 1048576 (custom)
2019-09-25 05:50:45,478 [pool-625-thread-1] INFO  server.RaftServerConfigKeys (ConfUtils.java:logGet(43)) - raft.server.log.preallocated.size = 16384 (custom)
2019-09-25 05:50:45,478 [pool-625-thread-1] INFO  server.RaftServerConfigKeys (ConfUtils.java:logGet(43)) - raft.server.log.write.buffer.size = 33554432 (custom)
2019-09-25 05:50:45,478 [pool-625-thread-1] INFO  server.RaftServerConfigKeys (ConfUtils.java:logGet(43)) - raft.server.log.force.sync.num = 128 (default)
2019-09-25 05:50:45,479 [pool-625-thread-1] INFO  server.RaftServerConfigKeys (ConfUtils.java:logGet(43)) - raft.server.log.statemachine.data.sync = true (default)
2019-09-25 05:50:45,479 [pool-625-thread-1] INFO  server.RaftServerConfigKeys (ConfUtils.java:logGet(43)) - raft.server.log.statemachine.data.sync.timeout = 10s (default)
2019-09-25 05:50:45,479 [pool-625-thread-1] INFO  server.RaftServerConfigKeys (ConfUtils.java:logGet(43)) - raft.server.log.statemachine.data.sync.timeout.retry = -1 (default)
2019-09-25 05:50:45,479 [pool-625-thread-1] INFO  server.RaftServerConfigKeys (ConfUtils.java:logGet(43)) - raft.server.log.statemachine.data.caching.enabled = true (custom)
2019-09-25 05:50:45,479 [pool-625-thread-1] INFO  segmented.SegmentedRaftLogWorker (SegmentedRaftLogWorker.java:lambda$new$0(132)) - 048cd757-ac0b-449d-96b7-2f2a98d02798@group-7D63AEAAFE26-SegmentedRaftLogWorker: flushIndex: setUnconditionally 0 -> -1
2019-09-25 05:50:45,480 [pool-625-thread-1] INFO  server.RaftServerConfigKeys (ConfUtils.java:logGet(43)) - raft.server.snapshot.auto.trigger.enabled = true (custom)
2019-09-25 05:50:45,480 [pool-625-thread-1] INFO  server.RaftServerConfigKeys (ConfUtils.java:logGet(43)) - raft.server.snapshot.auto.trigger.threshold = 10000 (custom)
2019-09-25 05:50:45,480 [pool-625-thread-1] INFO  server.RaftServerConfigKeys (ConfUtils.java:logGet(43)) - raft.server.snapshot.retention.num.files = 5 (custom)
2019-09-25 05:50:45,480 [pool-625-thread-1] INFO  server.RaftServerConfigKeys (ConfUtils.java:logGet(43)) - raft.server.retrycache.expirytime = 600000ms (custom)
2019-09-25 05:50:45,482 [pool-625-thread-1] INFO  impl.RaftServerImpl (RaftServerImpl.java:start(185)) - 048cd757-ac0b-449d-96b7-2f2a98d02798@group-7D63AEAAFE26: start as a follower, conf=-1: [048cd757-ac0b-449d-96b7-2f2a98d02798:192.168.30.10:45339], old=null
2019-09-25 05:50:45,482 [pool-625-thread-1] INFO  impl.RaftServerImpl (RaftServerImpl.java:setRole(174)) - 048cd757-ac0b-449d-96b7-2f2a98d02798@group-7D63AEAAFE26: changes role from      null to FOLLOWER at term 0 for startAsFollower
2019-09-25 05:50:45,482 [pool-625-thread-1] INFO  impl.RoleInfo (RoleInfo.java:updateAndGet(143)) - 048cd757-ac0b-449d-96b7-2f2a98d02798: start FollowerState
2019-09-25 05:50:45,482 [pool-625-thread-1] INFO  util.JmxRegister (JmxRegister.java:tryRegister(44)) - Successfully registered JMX Bean with object name Ratis:service=RaftServer,group=group-7D63AEAAFE26,id=048cd757-ac0b-449d-96b7-2f2a98d02798
2019-09-25 05:50:45,484 [RatisPipelineUtilsThread] INFO  pipeline.PipelineStateManager (PipelineStateManager.java:addPipeline(56)) - Created pipeline Pipeline[ Id: f6e4b822-efba-4838-bef5-7d63aeaafe26, Nodes: 048cd757-ac0b-449d-96b7-2f2a98d02798{ip: 192.168.30.10, host: pr-hdds-1569-s62bp-3040748787, networkLocation: /default-rack, certSerialId: null}, Type:RATIS, Factor:ONE, State:OPEN]
2019-09-25 05:50:45,484 [RatisPipelineUtilsThread] INFO  pipeline.PipelinePlacementPolicy (PipelinePlacementPolicy.java:meetCriteria(91)) - Pipeline Placement: Doesn't meet the criteria to be viable node： 998f0c91-f727-4973-bd37-e1a81f390f6c Heaviness: 6 limit: 5
2019-09-25 05:50:45,484 [RatisPipelineUtilsThread] INFO  pipeline.PipelinePlacementPolicy (PipelinePlacementPolicy.java:meetCriteria(91)) - Pipeline Placement: Doesn't meet the criteria to be viable node： ddf6e088-733e-4b9a-8ca4-5a6f511d9b5a Heaviness: 6 limit: 5
2019-09-25 05:50:45,485 [RatisPipelineUtilsThread] INFO  pipeline.PipelinePlacementPolicy (PipelinePlacementPolicy.java:meetCriteria(91)) - Pipeline Placement: Doesn't meet the criteria to be viable node： 60b026ab-fadd-426f-9b92-f2e4bcc7c7ff Heaviness: 6 limit: 5
2019-09-25 05:50:45,485 [RatisPipelineUtilsThread] INFO  pipeline.PipelinePlacementPolicy (PipelinePlacementPolicy.java:meetCriteria(91)) - Pipeline Placement: Doesn't meet the criteria to be viable node： 49655598-56f4-41c4-a924-b5d2880a3f2f Heaviness: 6 limit: 5
2019-09-25 05:50:45,488 [grpc-default-executor-0] INFO  impl.RaftServerProxy (RaftServerProxy.java:addNew(89)) - 048cd757-ac0b-449d-96b7-2f2a98d02798: addNew group-ECB7489E8BE9:[048cd757-ac0b-449d-96b7-2f2a98d02798:192.168.30.10:45339] returns group-ECB7489E8BE9:java.util.concurrent.CompletableFuture@2497f66c[Not completed]
2019-09-25 05:50:45,489 [pool-625-thread-1] INFO  impl.RaftServerImpl (RaftServerImpl.java:<init>(95)) - 048cd757-ac0b-449d-96b7-2f2a98d02798: new RaftServerImpl for group-ECB7489E8BE9:[048cd757-ac0b-449d-96b7-2f2a98d02798:192.168.30.10:45339] with ContainerStateMachine:uninitialized
2019-09-25 05:50:45,489 [pool-625-thread-1] INFO  server.RaftServerConfigKeys (ConfUtils.java:logGet(43)) - raft.server.rpc.timeout.min = 5s (custom)
2019-09-25 05:50:45,489 [pool-625-thread-1] INFO  server.RaftServerConfigKeys (ConfUtils.java:logGet(43)) - raft.server.rpc.timeout.max = 5200ms (custom)
2019-09-25 05:50:45,489 [pool-625-thread-1] INFO  server.RaftServerConfigKeys (ConfUtils.java:logGet(43)) - raft.server.rpcslowness.timeout = 120s (custom)
2019-09-25 05:50:45,489 [pool-625-thread-1] INFO  server.RaftServerConfigKeys (ConfUtils.java:logGet(43)) - raft.server.sleep.deviation.threshold = 300 (default)
2019-09-25 05:50:45,490 [pool-625-thread-1] INFO  server.RaftServerConfigKeys (ConfUtils.java:logGet(43)) - raft.server.log.appender.install.snapshot.enabled = false (custom)
2019-09-25 05:50:45,490 [pool-625-thread-1] INFO  impl.RaftServerImpl (ServerState.java:<init>(103)) - 048cd757-ac0b-449d-96b7-2f2a98d02798@group-ECB7489E8BE9: ConfigurationManager, init=-1: [048cd757-ac0b-449d-96b7-2f2a98d02798:192.168.30.10:45339], old=null, confs=<EMPTY_MAP>
2019-09-25 05:50:45,490 [pool-625-thread-1] INFO  server.RaftServerConfigKeys (ConfUtils.java:logGet(43)) - raft.server.storage.dir = [/workdir/hadoop-ozone/integration-test/target/test-dir/MiniOzoneClusterImpl-28dc08f8-08b8-4dfd-b771-8384b6a2d499/datanode-4/data/ratis] (custom)
2019-09-25 05:50:45,490 [pool-625-thread-1] INFO  storage.RaftStorageDirectory (RaftStorageDirectory.java:analyzeStorage(246)) - The storage directory /workdir/hadoop-ozone/integration-test/target/test-dir/MiniOzoneClusterImpl-28dc08f8-08b8-4dfd-b771-8384b6a2d499/datanode-4/data/ratis/cce13e83-304c-4e35-8de3-ecb7489e8be9 does not exist. Creating ...
2019-09-25 05:50:45,505 [pool-625-thread-1] INFO  storage.RaftStorageDirectory (RaftStorageDirectory.java:tryLock(328)) - Lock on /workdir/hadoop-ozone/integration-test/target/test-dir/MiniOzoneClusterImpl-28dc08f8-08b8-4dfd-b771-8384b6a2d499/datanode-4/data/ratis/cce13e83-304c-4e35-8de3-ecb7489e8be9/in_use.lock acquired by nodename 13539@pr-hdds-1569-s62bp-3040748787
2019-09-25 05:50:45,518 [pool-625-thread-1] INFO  storage.RaftStorage (RaftStorage.java:format(72)) - Storage directory /workdir/hadoop-ozone/integration-test/target/test-dir/MiniOzoneClusterImpl-28dc08f8-08b8-4dfd-b771-8384b6a2d499/datanode-4/data/ratis/cce13e83-304c-4e35-8de3-ecb7489e8be9 has been successfully formatted.
2019-09-25 05:50:45,518 [pool-625-thread-1] INFO  ratis.ContainerStateMachine (ContainerStateMachine.java:loadSnapshot(230)) - group-ECB7489E8BE9: The snapshot info is null. Setting the last applied indexto:(t:0, i:~)
2019-09-25 05:50:45,518 [pool-625-thread-1] INFO  server.RaftServerConfigKeys (ConfUtils.java:logGet(43)) - raft.server.notification.no-leader.timeout = 120s (custom)
2019-09-25 05:50:45,518 [pool-625-thread-1] INFO  server.RaftServerConfigKeys (ConfUtils.java:logGet(43)) - raft.server.log.use.memory = false (default)
2019-09-25 05:50:45,519 [pool-625-thread-1] INFO  server.RaftServerConfigKeys (ConfUtils.java:logGet(43)) - raft.server.log.purge.gap = 1000000 (custom)
2019-09-25 05:50:45,519 [pool-625-thread-1] INFO  server.RaftServerConfigKeys (ConfUtils.java:logGet(43)) - raft.server.log.appender.buffer.byte-limit = 33554432 (custom)
2019-09-25 05:50:45,519 [pool-625-thread-1] INFO  server.RaftServerConfigKeys (ConfUtils.java:logGet(43)) - raft.server.log.segment.size.max = 1048576 (custom)
2019-09-25 05:50:45,519 [pool-625-thread-1] INFO  server.RaftServerConfigKeys (ConfUtils.java:logGet(43)) - raft.server.log.segment.cache.num.max = 2 (custom)
2019-09-25 05:50:45,519 [pool-625-thread-1] INFO  segmented.SegmentedRaftLogWorker (SegmentedRaftLogWorker.java:<init>(172)) - new 048cd757-ac0b-449d-96b7-2f2a98d02798@group-ECB7489E8BE9-SegmentedRaftLogWorker for RaftStorage:Storage Directory /workdir/hadoop-ozone/integration-test/target/test-dir/MiniOzoneClusterImpl-28dc08f8-08b8-4dfd-b771-8384b6a2d499/datanode-4/data/ratis/cce13e83-304c-4e35-8de3-ecb7489e8be9
2019-09-25 05:50:45,519 [pool-625-thread-1] INFO  server.RaftServerConfigKeys (ConfUtils.java:logGet(43)) - raft.server.log.queue.byte-limit = 2147483647 (custom)
2019-09-25 05:50:45,519 [pool-625-thread-1] INFO  server.RaftServerConfigKeys (ConfUtils.java:logGet(43)) - raft.server.log.queue.element-limit = 1024 (custom)
2019-09-25 05:50:45,520 [pool-625-thread-1] INFO  server.RaftServerConfigKeys (ConfUtils.java:logGet(43)) - raft.server.log.segment.size.max = 1048576 (custom)
2019-09-25 05:50:45,520 [pool-625-thread-1] INFO  server.RaftServerConfigKeys (ConfUtils.java:logGet(43)) - raft.server.log.preallocated.size = 16384 (custom)
2019-09-25 05:50:45,520 [pool-625-thread-1] INFO  server.RaftServerConfigKeys (ConfUtils.java:logGet(43)) - raft.server.log.write.buffer.size = 33554432 (custom)
2019-09-25 05:50:45,520 [pool-625-thread-1] INFO  server.RaftServerConfigKeys (ConfUtils.java:logGet(43)) - raft.server.log.force.sync.num = 128 (default)
2019-09-25 05:50:45,520 [pool-625-thread-1] INFO  server.RaftServerConfigKeys (ConfUtils.java:logGet(43)) - raft.server.log.statemachine.data.sync = true (default)
2019-09-25 05:50:45,520 [pool-625-thread-1] INFO  server.RaftServerConfigKeys (ConfUtils.java:logGet(43)) - raft.server.log.statemachine.data.sync.timeout = 10s (default)
2019-09-25 05:50:45,520 [pool-625-thread-1] INFO  server.RaftServerConfigKeys (ConfUtils.java:logGet(43)) - raft.server.log.statemachine.data.sync.timeout.retry = -1 (default)
2019-09-25 05:50:45,520 [pool-625-thread-1] INFO  server.RaftServerConfigKeys (ConfUtils.java:logGet(43)) - raft.server.log.statemachine.data.caching.enabled = true (custom)
2019-09-25 05:50:45,521 [pool-625-thread-1] INFO  segmented.SegmentedRaftLogWorker (SegmentedRaftLogWorker.java:lambda$new$0(132)) - 048cd757-ac0b-449d-96b7-2f2a98d02798@group-ECB7489E8BE9-SegmentedRaftLogWorker: flushIndex: setUnconditionally 0 -> -1
2019-09-25 05:50:45,521 [pool-625-thread-1] INFO  server.RaftServerConfigKeys (ConfUtils.java:logGet(43)) - raft.server.snapshot.auto.trigger.enabled = true (custom)
2019-09-25 05:50:45,521 [pool-625-thread-1] INFO  server.RaftServerConfigKeys (ConfUtils.java:logGet(43)) - raft.server.snapshot.auto.trigger.threshold = 10000 (custom)
2019-09-25 05:50:45,521 [pool-625-thread-1] INFO  server.RaftServerConfigKeys (ConfUtils.java:logGet(43)) - raft.server.snapshot.retention.num.files = 5 (custom)
2019-09-25 05:50:45,522 [pool-625-thread-1] INFO  server.RaftServerConfigKeys (ConfUtils.java:logGet(43)) - raft.server.retrycache.expirytime = 600000ms (custom)
2019-09-25 05:50:45,523 [pool-625-thread-1] INFO  impl.RaftServerImpl (RaftServerImpl.java:start(185)) - 048cd757-ac0b-449d-96b7-2f2a98d02798@group-ECB7489E8BE9: start as a follower, conf=-1: [048cd757-ac0b-449d-96b7-2f2a98d02798:192.168.30.10:45339], old=null
2019-09-25 05:50:45,523 [pool-625-thread-1] INFO  impl.RaftServerImpl (RaftServerImpl.java:setRole(174)) - 048cd757-ac0b-449d-96b7-2f2a98d02798@group-ECB7489E8BE9: changes role from      null to FOLLOWER at term 0 for startAsFollower
2019-09-25 05:50:45,523 [pool-625-thread-1] INFO  impl.RoleInfo (RoleInfo.java:updateAndGet(143)) - 048cd757-ac0b-449d-96b7-2f2a98d02798: start FollowerState
2019-09-25 05:50:45,524 [pool-625-thread-1] INFO  util.JmxRegister (JmxRegister.java:tryRegister(44)) - Successfully registered JMX Bean with object name Ratis:service=RaftServer,group=group-ECB7489E8BE9,id=048cd757-ac0b-449d-96b7-2f2a98d02798
2019-09-25 05:50:45,525 [RatisPipelineUtilsThread] INFO  pipeline.PipelineStateManager (PipelineStateManager.java:addPipeline(56)) - Created pipeline Pipeline[ Id: cce13e83-304c-4e35-8de3-ecb7489e8be9, Nodes: 048cd757-ac0b-449d-96b7-2f2a98d02798{ip: 192.168.30.10, host: pr-hdds-1569-s62bp-3040748787, networkLocation: /default-rack, certSerialId: null}, Type:RATIS, Factor:ONE, State:OPEN]
2019-09-25 05:50:45,526 [RatisPipelineUtilsThread] INFO  pipeline.PipelinePlacementPolicy (PipelinePlacementPolicy.java:meetCriteria(91)) - Pipeline Placement: Doesn't meet the criteria to be viable node： 998f0c91-f727-4973-bd37-e1a81f390f6c Heaviness: 6 limit: 5
2019-09-25 05:50:45,526 [RatisPipelineUtilsThread] INFO  pipeline.PipelinePlacementPolicy (PipelinePlacementPolicy.java:meetCriteria(91)) - Pipeline Placement: Doesn't meet the criteria to be viable node： ddf6e088-733e-4b9a-8ca4-5a6f511d9b5a Heaviness: 6 limit: 5
2019-09-25 05:50:45,526 [RatisPipelineUtilsThread] INFO  pipeline.PipelinePlacementPolicy (PipelinePlacementPolicy.java:meetCriteria(91)) - Pipeline Placement: Doesn't meet the criteria to be viable node： 60b026ab-fadd-426f-9b92-f2e4bcc7c7ff Heaviness: 6 limit: 5
2019-09-25 05:50:45,526 [RatisPipelineUtilsThread] INFO  pipeline.PipelinePlacementPolicy (PipelinePlacementPolicy.java:meetCriteria(91)) - Pipeline Placement: Doesn't meet the criteria to be viable node： 048cd757-ac0b-449d-96b7-2f2a98d02798 Heaviness: 6 limit: 5
2019-09-25 05:50:45,526 [RatisPipelineUtilsThread] INFO  pipeline.PipelinePlacementPolicy (PipelinePlacementPolicy.java:meetCriteria(91)) - Pipeline Placement: Doesn't meet the criteria to be viable node： 49655598-56f4-41c4-a924-b5d2880a3f2f Heaviness: 6 limit: 5
2019-09-25 05:50:45,529 [grpc-default-executor-0] INFO  impl.RaftServerProxy (RaftServerProxy.java:addNew(89)) - 91378772-90ea-4250-835f-6b2053232693: addNew group-B9146DAC014A:[91378772-90ea-4250-835f-6b2053232693:192.168.30.10:42685] returns group-B9146DAC014A:java.util.concurrent.CompletableFuture@688fc2b4[Not completed]
2019-09-25 05:50:45,530 [pool-645-thread-1] INFO  impl.RaftServerImpl (RaftServerImpl.java:<init>(95)) - 91378772-90ea-4250-835f-6b2053232693: new RaftServerImpl for group-B9146DAC014A:[91378772-90ea-4250-835f-6b2053232693:192.168.30.10:42685] with ContainerStateMachine:uninitialized
2019-09-25 05:50:45,530 [pool-645-thread-1] INFO  server.RaftServerConfigKeys (ConfUtils.java:logGet(43)) - raft.server.rpc.timeout.min = 5s (custom)
2019-09-25 05:50:45,530 [pool-645-thread-1] INFO  server.RaftServerConfigKeys (ConfUtils.java:logGet(43)) - raft.server.rpc.timeout.max = 5200ms (custom)
2019-09-25 05:50:45,531 [pool-645-thread-1] INFO  server.RaftServerConfigKeys (ConfUtils.java:logGet(43)) - raft.server.rpcslowness.timeout = 120s (custom)
2019-09-25 05:50:45,531 [pool-645-thread-1] INFO  server.RaftServerConfigKeys (ConfUtils.java:logGet(43)) - raft.server.sleep.deviation.threshold = 300 (default)
2019-09-25 05:50:45,531 [pool-645-thread-1] INFO  server.RaftServerConfigKeys (ConfUtils.java:logGet(43)) - raft.server.log.appender.install.snapshot.enabled = false (custom)
2019-09-25 05:50:45,531 [pool-645-thread-1] INFO  impl.RaftServerImpl (ServerState.java:<init>(103)) - 91378772-90ea-4250-835f-6b2053232693@group-B9146DAC014A: ConfigurationManager, init=-1: [91378772-90ea-4250-835f-6b2053232693:192.168.30.10:42685], old=null, confs=<EMPTY_MAP>
2019-09-25 05:50:45,531 [pool-645-thread-1] INFO  server.RaftServerConfigKeys (ConfUtils.java:logGet(43)) - raft.server.storage.dir = [/workdir/hadoop-ozone/integration-test/target/test-dir/MiniOzoneClusterImpl-28dc08f8-08b8-4dfd-b771-8384b6a2d499/datanode-6/data/ratis] (custom)
2019-09-25 05:50:45,532 [pool-645-thread-1] INFO  storage.RaftStorageDirectory (RaftStorageDirectory.java:analyzeStorage(246)) - The storage directory /workdir/hadoop-ozone/integration-test/target/test-dir/MiniOzoneClusterImpl-28dc08f8-08b8-4dfd-b771-8384b6a2d499/datanode-6/data/ratis/1b9a4d9a-dd28-4f69-9565-b9146dac014a does not exist. Creating ...
2019-09-25 05:50:45,544 [pool-645-thread-1] INFO  storage.RaftStorageDirectory (RaftStorageDirectory.java:tryLock(328)) - Lock on /workdir/hadoop-ozone/integration-test/target/test-dir/MiniOzoneClusterImpl-28dc08f8-08b8-4dfd-b771-8384b6a2d499/datanode-6/data/ratis/1b9a4d9a-dd28-4f69-9565-b9146dac014a/in_use.lock acquired by nodename 13539@pr-hdds-1569-s62bp-3040748787
2019-09-25 05:50:45,549 [main] INFO  ozone.MiniOzoneClusterImpl (MiniOzoneClusterImpl.java:lambda$waitForClusterToBeReady$0(147)) - Cluster is ready. Got 7 of 7 DN Heartbeats.
2019-09-25 05:50:45,564 [pool-645-thread-1] INFO  storage.RaftStorage (RaftStorage.java:format(72)) - Storage directory /workdir/hadoop-ozone/integration-test/target/test-dir/MiniOzoneClusterImpl-28dc08f8-08b8-4dfd-b771-8384b6a2d499/datanode-6/data/ratis/1b9a4d9a-dd28-4f69-9565-b9146dac014a has been successfully formatted.
2019-09-25 05:50:45,564 [pool-645-thread-1] INFO  ratis.ContainerStateMachine (ContainerStateMachine.java:loadSnapshot(230)) - group-B9146DAC014A: The snapshot info is null. Setting the last applied indexto:(t:0, i:~)
2019-09-25 05:50:45,565 [pool-645-thread-1] INFO  server.RaftServerConfigKeys (ConfUtils.java:logGet(43)) - raft.server.notification.no-leader.timeout = 120s (custom)
2019-09-25 05:50:45,565 [pool-645-thread-1] INFO  server.RaftServerConfigKeys (ConfUtils.java:logGet(43)) - raft.server.log.use.memory = false (default)
2019-09-25 05:50:45,565 [pool-645-thread-1] INFO  server.RaftServerConfigKeys (ConfUtils.java:logGet(43)) - raft.server.log.purge.gap = 1000000 (custom)
2019-09-25 05:50:45,565 [pool-645-thread-1] INFO  server.RaftServerConfigKeys (ConfUtils.java:logGet(43)) - raft.server.log.appender.buffer.byte-limit = 33554432 (custom)
2019-09-25 05:50:45,565 [pool-645-thread-1] INFO  server.RaftServerConfigKeys (ConfUtils.java:logGet(43)) - raft.server.log.segment.size.max = 1048576 (custom)
2019-09-25 05:50:45,565 [pool-645-thread-1] INFO  server.RaftServerConfigKeys (ConfUtils.java:logGet(43)) - raft.server.log.segment.cache.num.max = 2 (custom)
2019-09-25 05:50:45,565 [pool-645-thread-1] INFO  segmented.SegmentedRaftLogWorker (SegmentedRaftLogWorker.java:<init>(172)) - new 91378772-90ea-4250-835f-6b2053232693@group-B9146DAC014A-SegmentedRaftLogWorker for RaftStorage:Storage Directory /workdir/hadoop-ozone/integration-test/target/test-dir/MiniOzoneClusterImpl-28dc08f8-08b8-4dfd-b771-8384b6a2d499/datanode-6/data/ratis/1b9a4d9a-dd28-4f69-9565-b9146dac014a
2019-09-25 05:50:45,565 [pool-645-thread-1] INFO  server.RaftServerConfigKeys (ConfUtils.java:logGet(43)) - raft.server.log.queue.byte-limit = 2147483647 (custom)
2019-09-25 05:50:45,566 [pool-645-thread-1] INFO  server.RaftServerConfigKeys (ConfUtils.java:logGet(43)) - raft.server.log.queue.element-limit = 1024 (custom)
2019-09-25 05:50:45,566 [pool-645-thread-1] INFO  server.RaftServerConfigKeys (ConfUtils.java:logGet(43)) - raft.server.log.segment.size.max = 1048576 (custom)
2019-09-25 05:50:45,566 [pool-645-thread-1] INFO  server.RaftServerConfigKeys (ConfUtils.java:logGet(43)) - raft.server.log.preallocated.size = 16384 (custom)
2019-09-25 05:50:45,566 [pool-645-thread-1] INFO  server.RaftServerConfigKeys (ConfUtils.java:logGet(43)) - raft.server.log.write.buffer.size = 33554432 (custom)
2019-09-25 05:50:45,566 [pool-645-thread-1] INFO  server.RaftServerConfigKeys (ConfUtils.java:logGet(43)) - raft.server.log.force.sync.num = 128 (default)
2019-09-25 05:50:45,570 [pool-645-thread-1] INFO  server.RaftServerConfigKeys (ConfUtils.java:logGet(43)) - raft.server.log.statemachine.data.sync = true (default)
2019-09-25 05:50:45,571 [pool-645-thread-1] INFO  server.RaftServerConfigKeys (ConfUtils.java:logGet(43)) - raft.server.log.statemachine.data.sync.timeout = 10s (default)
2019-09-25 05:50:45,571 [pool-645-thread-1] INFO  server.RaftServerConfigKeys (ConfUtils.java:logGet(43)) - raft.server.log.statemachine.data.sync.timeout.retry = -1 (default)
2019-09-25 05:50:45,571 [pool-645-thread-1] INFO  server.RaftServerConfigKeys (ConfUtils.java:logGet(43)) - raft.server.log.statemachine.data.caching.enabled = true (custom)
2019-09-25 05:50:45,597 [pool-645-thread-1] INFO  segmented.SegmentedRaftLogWorker (SegmentedRaftLogWorker.java:lambda$new$0(132)) - 91378772-90ea-4250-835f-6b2053232693@group-B9146DAC014A-SegmentedRaftLogWorker: flushIndex: setUnconditionally 0 -> -1
2019-09-25 05:50:45,598 [pool-645-thread-1] INFO  server.RaftServerConfigKeys (ConfUtils.java:logGet(43)) - raft.server.snapshot.auto.trigger.enabled = true (custom)
2019-09-25 05:50:45,598 [pool-645-thread-1] INFO  server.RaftServerConfigKeys (ConfUtils.java:logGet(43)) - raft.server.snapshot.auto.trigger.threshold = 10000 (custom)
2019-09-25 05:50:45,598 [pool-645-thread-1] INFO  server.RaftServerConfigKeys (ConfUtils.java:logGet(43)) - raft.server.snapshot.retention.num.files = 5 (custom)
2019-09-25 05:50:45,598 [pool-645-thread-1] INFO  server.RaftServerConfigKeys (ConfUtils.java:logGet(43)) - raft.server.retrycache.expirytime = 600000ms (custom)
2019-09-25 05:50:45,599 [pool-645-thread-1] INFO  impl.RaftServerImpl (RaftServerImpl.java:start(185)) - 91378772-90ea-4250-835f-6b2053232693@group-B9146DAC014A: start as a follower, conf=-1: [91378772-90ea-4250-835f-6b2053232693:192.168.30.10:42685], old=null
2019-09-25 05:50:45,599 [pool-645-thread-1] INFO  impl.RaftServerImpl (RaftServerImpl.java:setRole(174)) - 91378772-90ea-4250-835f-6b2053232693@group-B9146DAC014A: changes role from      null to FOLLOWER at term 0 for startAsFollower
2019-09-25 05:50:45,600 [pool-645-thread-1] INFO  impl.RoleInfo (RoleInfo.java:updateAndGet(143)) - 91378772-90ea-4250-835f-6b2053232693: start FollowerState
2019-09-25 05:50:45,600 [pool-645-thread-1] INFO  util.JmxRegister (JmxRegister.java:tryRegister(44)) - Successfully registered JMX Bean with object name Ratis:service=RaftServer,group=group-B9146DAC014A,id=91378772-90ea-4250-835f-6b2053232693
2019-09-25 05:50:45,606 [RatisPipelineUtilsThread] INFO  pipeline.PipelineStateManager (PipelineStateManager.java:addPipeline(56)) - Created pipeline Pipeline[ Id: 1b9a4d9a-dd28-4f69-9565-b9146dac014a, Nodes: 91378772-90ea-4250-835f-6b2053232693{ip: 192.168.30.10, host: pr-hdds-1569-s62bp-3040748787, networkLocation: /default-rack, certSerialId: null}, Type:RATIS, Factor:ONE, State:OPEN]
2019-09-25 05:50:45,606 [RatisPipelineUtilsThread] INFO  pipeline.PipelinePlacementPolicy (PipelinePlacementPolicy.java:meetCriteria(91)) - Pipeline Placement: Doesn't meet the criteria to be viable node： 998f0c91-f727-4973-bd37-e1a81f390f6c Heaviness: 6 limit: 5
2019-09-25 05:50:45,606 [main] INFO  rpc.RpcClient (RpcClient.java:createVolume(276)) - Creating Volume: testblockoutputstream, with jenkins1000 as owner.
2019-09-25 05:50:45,606 [RatisPipelineUtilsThread] INFO  pipeline.PipelinePlacementPolicy (PipelinePlacementPolicy.java:meetCriteria(91)) - Pipeline Placement: Doesn't meet the criteria to be viable node： ddf6e088-733e-4b9a-8ca4-5a6f511d9b5a Heaviness: 6 limit: 5
2019-09-25 05:50:45,607 [RatisPipelineUtilsThread] INFO  pipeline.PipelinePlacementPolicy (PipelinePlacementPolicy.java:meetCriteria(91)) - Pipeline Placement: Doesn't meet the criteria to be viable node： 60b026ab-fadd-426f-9b92-f2e4bcc7c7ff Heaviness: 6 limit: 5
2019-09-25 05:50:45,607 [RatisPipelineUtilsThread] INFO  pipeline.PipelinePlacementPolicy (PipelinePlacementPolicy.java:meetCriteria(91)) - Pipeline Placement: Doesn't meet the criteria to be viable node： 048cd757-ac0b-449d-96b7-2f2a98d02798 Heaviness: 6 limit: 5
2019-09-25 05:50:45,607 [RatisPipelineUtilsThread] INFO  pipeline.PipelinePlacementPolicy (PipelinePlacementPolicy.java:meetCriteria(91)) - Pipeline Placement: Doesn't meet the criteria to be viable node： 49655598-56f4-41c4-a924-b5d2880a3f2f Heaviness: 6 limit: 5
2019-09-25 05:50:45,609 [IPC Server handler 1 on 32809] INFO  volume.OMVolumeCreateRequest (OMVolumeCreateRequest.java:validateAndUpdateCache(189)) - created volume:testblockoutputstream for user:jenkins1000
2019-09-25 05:50:45,618 [grpc-default-executor-0] INFO  impl.RaftServerProxy (RaftServerProxy.java:addNew(89)) - 91378772-90ea-4250-835f-6b2053232693: addNew group-300FF847675C:[91378772-90ea-4250-835f-6b2053232693:192.168.30.10:42685] returns group-300FF847675C:java.util.concurrent.CompletableFuture@a746e47[Not completed]
2019-09-25 05:50:45,619 [pool-645-thread-1] INFO  impl.RaftServerImpl (RaftServerImpl.java:<init>(95)) - 91378772-90ea-4250-835f-6b2053232693: new RaftServerImpl for group-300FF847675C:[91378772-90ea-4250-835f-6b2053232693:192.168.30.10:42685] with ContainerStateMachine:uninitialized
2019-09-25 05:50:45,619 [pool-645-thread-1] INFO  server.RaftServerConfigKeys (ConfUtils.java:logGet(43)) - raft.server.rpc.timeout.min = 5s (custom)
2019-09-25 05:50:45,619 [pool-645-thread-1] INFO  server.RaftServerConfigKeys (ConfUtils.java:logGet(43)) - raft.server.rpc.timeout.max = 5200ms (custom)
2019-09-25 05:50:45,619 [pool-645-thread-1] INFO  server.RaftServerConfigKeys (ConfUtils.java:logGet(43)) - raft.server.rpcslowness.timeout = 120s (custom)
2019-09-25 05:50:45,620 [pool-645-thread-1] INFO  server.RaftServerConfigKeys (ConfUtils.java:logGet(43)) - raft.server.sleep.deviation.threshold = 300 (default)
2019-09-25 05:50:45,631 [pool-645-thread-1] INFO  server.RaftServerConfigKeys (ConfUtils.java:logGet(43)) - raft.server.log.appender.install.snapshot.enabled = false (custom)
2019-09-25 05:50:45,631 [pool-645-thread-1] INFO  impl.RaftServerImpl (ServerState.java:<init>(103)) - 91378772-90ea-4250-835f-6b2053232693@group-300FF847675C: ConfigurationManager, init=-1: [91378772-90ea-4250-835f-6b2053232693:192.168.30.10:42685], old=null, confs=<EMPTY_MAP>
2019-09-25 05:50:45,631 [pool-645-thread-1] INFO  server.RaftServerConfigKeys (ConfUtils.java:logGet(43)) - raft.server.storage.dir = [/workdir/hadoop-ozone/integration-test/target/test-dir/MiniOzoneClusterImpl-28dc08f8-08b8-4dfd-b771-8384b6a2d499/datanode-6/data/ratis] (custom)
2019-09-25 05:50:45,632 [main] INFO  rpc.RpcClient (RpcClient.java:createBucket(415)) - Creating Bucket: testblockoutputstream/testblockoutputstream, with Versioning false and Storage Type set to DISK and Encryption set to false 
2019-09-25 05:50:45,632 [pool-645-thread-1] INFO  storage.RaftStorageDirectory (RaftStorageDirectory.java:analyzeStorage(246)) - The storage directory /workdir/hadoop-ozone/integration-test/target/test-dir/MiniOzoneClusterImpl-28dc08f8-08b8-4dfd-b771-8384b6a2d499/datanode-6/data/ratis/7235882f-132e-4c09-a0d9-300ff847675c does not exist. Creating ...
2019-09-25 05:50:45,657 [pool-645-thread-1] INFO  storage.RaftStorageDirectory (RaftStorageDirectory.java:tryLock(328)) - Lock on /workdir/hadoop-ozone/integration-test/target/test-dir/MiniOzoneClusterImpl-28dc08f8-08b8-4dfd-b771-8384b6a2d499/datanode-6/data/ratis/7235882f-132e-4c09-a0d9-300ff847675c/in_use.lock acquired by nodename 13539@pr-hdds-1569-s62bp-3040748787
2019-09-25 05:50:45,678 [pool-645-thread-1] INFO  storage.RaftStorage (RaftStorage.java:format(72)) - Storage directory /workdir/hadoop-ozone/integration-test/target/test-dir/MiniOzoneClusterImpl-28dc08f8-08b8-4dfd-b771-8384b6a2d499/datanode-6/data/ratis/7235882f-132e-4c09-a0d9-300ff847675c has been successfully formatted.
2019-09-25 05:50:45,678 [pool-645-thread-1] INFO  ratis.ContainerStateMachine (ContainerStateMachine.java:loadSnapshot(230)) - group-300FF847675C: The snapshot info is null. Setting the last applied indexto:(t:0, i:~)
2019-09-25 05:50:45,679 [pool-645-thread-1] INFO  server.RaftServerConfigKeys (ConfUtils.java:logGet(43)) - raft.server.notification.no-leader.timeout = 120s (custom)
2019-09-25 05:50:45,679 [pool-645-thread-1] INFO  server.RaftServerConfigKeys (ConfUtils.java:logGet(43)) - raft.server.log.use.memory = false (default)
2019-09-25 05:50:45,679 [pool-645-thread-1] INFO  server.RaftServerConfigKeys (ConfUtils.java:logGet(43)) - raft.server.log.purge.gap = 1000000 (custom)
2019-09-25 05:50:45,679 [pool-645-thread-1] INFO  server.RaftServerConfigKeys (ConfUtils.java:logGet(43)) - raft.server.log.appender.buffer.byte-limit = 33554432 (custom)
2019-09-25 05:50:45,679 [pool-645-thread-1] INFO  server.RaftServerConfigKeys (ConfUtils.java:logGet(43)) - raft.server.log.segment.size.max = 1048576 (custom)
2019-09-25 05:50:45,679 [pool-645-thread-1] INFO  server.RaftServerConfigKeys (ConfUtils.java:logGet(43)) - raft.server.log.segment.cache.num.max = 2 (custom)
2019-09-25 05:50:45,679 [pool-645-thread-1] INFO  segmented.SegmentedRaftLogWorker (SegmentedRaftLogWorker.java:<init>(172)) - new 91378772-90ea-4250-835f-6b2053232693@group-300FF847675C-SegmentedRaftLogWorker for RaftStorage:Storage Directory /workdir/hadoop-ozone/integration-test/target/test-dir/MiniOzoneClusterImpl-28dc08f8-08b8-4dfd-b771-8384b6a2d499/datanode-6/data/ratis/7235882f-132e-4c09-a0d9-300ff847675c
2019-09-25 05:50:45,679 [pool-645-thread-1] INFO  server.RaftServerConfigKeys (ConfUtils.java:logGet(43)) - raft.server.log.queue.byte-limit = 2147483647 (custom)
2019-09-25 05:50:45,680 [pool-645-thread-1] INFO  server.RaftServerConfigKeys (ConfUtils.java:logGet(43)) - raft.server.log.queue.element-limit = 1024 (custom)
2019-09-25 05:50:45,680 [pool-645-thread-1] INFO  server.RaftServerConfigKeys (ConfUtils.java:logGet(43)) - raft.server.log.segment.size.max = 1048576 (custom)
2019-09-25 05:50:45,680 [pool-645-thread-1] INFO  server.RaftServerConfigKeys (ConfUtils.java:logGet(43)) - raft.server.log.preallocated.size = 16384 (custom)
2019-09-25 05:50:45,680 [pool-645-thread-1] INFO  server.RaftServerConfigKeys (ConfUtils.java:logGet(43)) - raft.server.log.write.buffer.size = 33554432 (custom)
2019-09-25 05:50:45,680 [pool-645-thread-1] INFO  server.RaftServerConfigKeys (ConfUtils.java:logGet(43)) - raft.server.log.force.sync.num = 128 (default)
2019-09-25 05:50:45,680 [pool-645-thread-1] INFO  server.RaftServerConfigKeys (ConfUtils.java:logGet(43)) - raft.server.log.statemachine.data.sync = true (default)
2019-09-25 05:50:45,680 [pool-645-thread-1] INFO  server.RaftServerConfigKeys (ConfUtils.java:logGet(43)) - raft.server.log.statemachine.data.sync.timeout = 10s (default)
2019-09-25 05:50:45,680 [pool-645-thread-1] INFO  server.RaftServerConfigKeys (ConfUtils.java:logGet(43)) - raft.server.log.statemachine.data.sync.timeout.retry = -1 (default)
2019-09-25 05:50:45,680 [pool-645-thread-1] INFO  server.RaftServerConfigKeys (ConfUtils.java:logGet(43)) - raft.server.log.statemachine.data.caching.enabled = true (custom)
2019-09-25 05:50:45,681 [pool-645-thread-1] INFO  segmented.SegmentedRaftLogWorker (SegmentedRaftLogWorker.java:lambda$new$0(132)) - 91378772-90ea-4250-835f-6b2053232693@group-300FF847675C-SegmentedRaftLogWorker: flushIndex: setUnconditionally 0 -> -1
2019-09-25 05:50:45,681 [pool-645-thread-1] INFO  server.RaftServerConfigKeys (ConfUtils.java:logGet(43)) - raft.server.snapshot.auto.trigger.enabled = true (custom)
2019-09-25 05:50:45,681 [pool-645-thread-1] INFO  server.RaftServerConfigKeys (ConfUtils.java:logGet(43)) - raft.server.snapshot.auto.trigger.threshold = 10000 (custom)
2019-09-25 05:50:45,681 [pool-645-thread-1] INFO  server.RaftServerConfigKeys (ConfUtils.java:logGet(43)) - raft.server.snapshot.retention.num.files = 5 (custom)
2019-09-25 05:50:45,681 [pool-645-thread-1] INFO  server.RaftServerConfigKeys (ConfUtils.java:logGet(43)) - raft.server.retrycache.expirytime = 600000ms (custom)
2019-09-25 05:50:45,683 [pool-645-thread-1] INFO  impl.RaftServerImpl (RaftServerImpl.java:start(185)) - 91378772-90ea-4250-835f-6b2053232693@group-300FF847675C: start as a follower, conf=-1: [91378772-90ea-4250-835f-6b2053232693:192.168.30.10:42685], old=null
2019-09-25 05:50:45,683 [pool-645-thread-1] INFO  impl.RaftServerImpl (RaftServerImpl.java:setRole(174)) - 91378772-90ea-4250-835f-6b2053232693@group-300FF847675C: changes role from      null to FOLLOWER at term 0 for startAsFollower
2019-09-25 05:50:45,683 [pool-645-thread-1] INFO  impl.RoleInfo (RoleInfo.java:updateAndGet(143)) - 91378772-90ea-4250-835f-6b2053232693: start FollowerState
2019-09-25 05:50:45,683 [pool-645-thread-1] INFO  util.JmxRegister (JmxRegister.java:tryRegister(44)) - Successfully registered JMX Bean with object name Ratis:service=RaftServer,group=group-300FF847675C,id=91378772-90ea-4250-835f-6b2053232693
2019-09-25 05:50:45,685 [RatisPipelineUtilsThread] INFO  pipeline.PipelineStateManager (PipelineStateManager.java:addPipeline(56)) - Created pipeline Pipeline[ Id: 7235882f-132e-4c09-a0d9-300ff847675c, Nodes: 91378772-90ea-4250-835f-6b2053232693{ip: 192.168.30.10, host: pr-hdds-1569-s62bp-3040748787, networkLocation: /default-rack, certSerialId: null}, Type:RATIS, Factor:ONE, State:OPEN]
2019-09-25 05:50:45,685 [RatisPipelineUtilsThread] INFO  pipeline.PipelinePlacementPolicy (PipelinePlacementPolicy.java:meetCriteria(91)) - Pipeline Placement: Doesn't meet the criteria to be viable node： 998f0c91-f727-4973-bd37-e1a81f390f6c Heaviness: 6 limit: 5
2019-09-25 05:50:45,686 [RatisPipelineUtilsThread] INFO  pipeline.PipelinePlacementPolicy (PipelinePlacementPolicy.java:meetCriteria(91)) - Pipeline Placement: Doesn't meet the criteria to be viable node： ddf6e088-733e-4b9a-8ca4-5a6f511d9b5a Heaviness: 6 limit: 5
2019-09-25 05:50:45,686 [RatisPipelineUtilsThread] INFO  pipeline.PipelinePlacementPolicy (PipelinePlacementPolicy.java:meetCriteria(91)) - Pipeline Placement: Doesn't meet the criteria to be viable node： 60b026ab-fadd-426f-9b92-f2e4bcc7c7ff Heaviness: 6 limit: 5
2019-09-25 05:50:45,686 [RatisPipelineUtilsThread] INFO  pipeline.PipelinePlacementPolicy (PipelinePlacementPolicy.java:meetCriteria(91)) - Pipeline Placement: Doesn't meet the criteria to be viable node： 048cd757-ac0b-449d-96b7-2f2a98d02798 Heaviness: 6 limit: 5
2019-09-25 05:50:45,686 [RatisPipelineUtilsThread] INFO  pipeline.PipelinePlacementPolicy (PipelinePlacementPolicy.java:meetCriteria(91)) - Pipeline Placement: Doesn't meet the criteria to be viable node： 49655598-56f4-41c4-a924-b5d2880a3f2f Heaviness: 6 limit: 5
2019-09-25 05:50:45,690 [grpc-default-executor-0] INFO  impl.RaftServerProxy (RaftServerProxy.java:addNew(89)) - 8aaa6fc6-f7fb-4882-accc-fabfb9faa78a: addNew group-9628E8C39647:[8aaa6fc6-f7fb-4882-accc-fabfb9faa78a:192.168.30.10:36169] returns group-9628E8C39647:java.util.concurrent.CompletableFuture@39765bd9[Not completed]
2019-09-25 05:50:45,690 [pool-635-thread-1] INFO  impl.RaftServerImpl (RaftServerImpl.java:<init>(95)) - 8aaa6fc6-f7fb-4882-accc-fabfb9faa78a: new RaftServerImpl for group-9628E8C39647:[8aaa6fc6-f7fb-4882-accc-fabfb9faa78a:192.168.30.10:36169] with ContainerStateMachine:uninitialized
2019-09-25 05:50:45,690 [pool-635-thread-1] INFO  server.RaftServerConfigKeys (ConfUtils.java:logGet(43)) - raft.server.rpc.timeout.min = 5s (custom)
2019-09-25 05:50:45,690 [pool-635-thread-1] INFO  server.RaftServerConfigKeys (ConfUtils.java:logGet(43)) - raft.server.rpc.timeout.max = 5200ms (custom)
2019-09-25 05:50:45,690 [pool-635-thread-1] INFO  server.RaftServerConfigKeys (ConfUtils.java:logGet(43)) - raft.server.rpcslowness.timeout = 120s (custom)
2019-09-25 05:50:45,690 [pool-635-thread-1] INFO  server.RaftServerConfigKeys (ConfUtils.java:logGet(43)) - raft.server.sleep.deviation.threshold = 300 (default)
2019-09-25 05:50:45,690 [pool-635-thread-1] INFO  server.RaftServerConfigKeys (ConfUtils.java:logGet(43)) - raft.server.log.appender.install.snapshot.enabled = false (custom)
2019-09-25 05:50:45,691 [pool-635-thread-1] INFO  impl.RaftServerImpl (ServerState.java:<init>(103)) - 8aaa6fc6-f7fb-4882-accc-fabfb9faa78a@group-9628E8C39647: ConfigurationManager, init=-1: [8aaa6fc6-f7fb-4882-accc-fabfb9faa78a:192.168.30.10:36169], old=null, confs=<EMPTY_MAP>
2019-09-25 05:50:45,691 [pool-635-thread-1] INFO  server.RaftServerConfigKeys (ConfUtils.java:logGet(43)) - raft.server.storage.dir = [/workdir/hadoop-ozone/integration-test/target/test-dir/MiniOzoneClusterImpl-28dc08f8-08b8-4dfd-b771-8384b6a2d499/datanode-5/data/ratis] (custom)
2019-09-25 05:50:45,691 [pool-635-thread-1] INFO  storage.RaftStorageDirectory (RaftStorageDirectory.java:analyzeStorage(246)) - The storage directory /workdir/hadoop-ozone/integration-test/target/test-dir/MiniOzoneClusterImpl-28dc08f8-08b8-4dfd-b771-8384b6a2d499/datanode-5/data/ratis/203dc8bb-49bc-4dc3-960b-9628e8c39647 does not exist. Creating ...
2019-09-25 05:50:45,705 [pool-635-thread-1] INFO  storage.RaftStorageDirectory (RaftStorageDirectory.java:tryLock(328)) - Lock on /workdir/hadoop-ozone/integration-test/target/test-dir/MiniOzoneClusterImpl-28dc08f8-08b8-4dfd-b771-8384b6a2d499/datanode-5/data/ratis/203dc8bb-49bc-4dc3-960b-9628e8c39647/in_use.lock acquired by nodename 13539@pr-hdds-1569-s62bp-3040748787
2019-09-25 05:50:45,718 [pool-635-thread-1] INFO  storage.RaftStorage (RaftStorage.java:format(72)) - Storage directory /workdir/hadoop-ozone/integration-test/target/test-dir/MiniOzoneClusterImpl-28dc08f8-08b8-4dfd-b771-8384b6a2d499/datanode-5/data/ratis/203dc8bb-49bc-4dc3-960b-9628e8c39647 has been successfully formatted.
2019-09-25 05:50:45,718 [pool-635-thread-1] INFO  ratis.ContainerStateMachine (ContainerStateMachine.java:loadSnapshot(230)) - group-9628E8C39647: The snapshot info is null. Setting the last applied indexto:(t:0, i:~)
2019-09-25 05:50:45,718 [pool-635-thread-1] INFO  server.RaftServerConfigKeys (ConfUtils.java:logGet(43)) - raft.server.notification.no-leader.timeout = 120s (custom)
2019-09-25 05:50:45,718 [pool-635-thread-1] INFO  server.RaftServerConfigKeys (ConfUtils.java:logGet(43)) - raft.server.log.use.memory = false (default)
2019-09-25 05:50:45,718 [pool-635-thread-1] INFO  server.RaftServerConfigKeys (ConfUtils.java:logGet(43)) - raft.server.log.purge.gap = 1000000 (custom)
2019-09-25 05:50:45,718 [pool-635-thread-1] INFO  server.RaftServerConfigKeys (ConfUtils.java:logGet(43)) - raft.server.log.appender.buffer.byte-limit = 33554432 (custom)
2019-09-25 05:50:45,719 [pool-635-thread-1] INFO  server.RaftServerConfigKeys (ConfUtils.java:logGet(43)) - raft.server.log.segment.size.max = 1048576 (custom)
2019-09-25 05:50:45,719 [pool-635-thread-1] INFO  server.RaftServerConfigKeys (ConfUtils.java:logGet(43)) - raft.server.log.segment.cache.num.max = 2 (custom)
2019-09-25 05:50:45,719 [pool-635-thread-1] INFO  segmented.SegmentedRaftLogWorker (SegmentedRaftLogWorker.java:<init>(172)) - new 8aaa6fc6-f7fb-4882-accc-fabfb9faa78a@group-9628E8C39647-SegmentedRaftLogWorker for RaftStorage:Storage Directory /workdir/hadoop-ozone/integration-test/target/test-dir/MiniOzoneClusterImpl-28dc08f8-08b8-4dfd-b771-8384b6a2d499/datanode-5/data/ratis/203dc8bb-49bc-4dc3-960b-9628e8c39647
2019-09-25 05:50:45,719 [pool-635-thread-1] INFO  server.RaftServerConfigKeys (ConfUtils.java:logGet(43)) - raft.server.log.queue.byte-limit = 2147483647 (custom)
2019-09-25 05:50:45,719 [pool-635-thread-1] INFO  server.RaftServerConfigKeys (ConfUtils.java:logGet(43)) - raft.server.log.queue.element-limit = 1024 (custom)
2019-09-25 05:50:45,719 [pool-635-thread-1] INFO  server.RaftServerConfigKeys (ConfUtils.java:logGet(43)) - raft.server.log.segment.size.max = 1048576 (custom)
2019-09-25 05:50:45,719 [pool-635-thread-1] INFO  server.RaftServerConfigKeys (ConfUtils.java:logGet(43)) - raft.server.log.preallocated.size = 16384 (custom)
2019-09-25 05:50:45,719 [pool-635-thread-1] INFO  server.RaftServerConfigKeys (ConfUtils.java:logGet(43)) - raft.server.log.write.buffer.size = 33554432 (custom)
2019-09-25 05:50:45,719 [pool-635-thread-1] INFO  server.RaftServerConfigKeys (ConfUtils.java:logGet(43)) - raft.server.log.force.sync.num = 128 (default)
2019-09-25 05:50:45,719 [pool-635-thread-1] INFO  server.RaftServerConfigKeys (ConfUtils.java:logGet(43)) - raft.server.log.statemachine.data.sync = true (default)
2019-09-25 05:50:45,719 [pool-635-thread-1] INFO  server.RaftServerConfigKeys (ConfUtils.java:logGet(43)) - raft.server.log.statemachine.data.sync.timeout = 10s (default)
2019-09-25 05:50:45,720 [pool-635-thread-1] INFO  server.RaftServerConfigKeys (ConfUtils.java:logGet(43)) - raft.server.log.statemachine.data.sync.timeout.retry = -1 (default)
2019-09-25 05:50:45,720 [pool-635-thread-1] INFO  server.RaftServerConfigKeys (ConfUtils.java:logGet(43)) - raft.server.log.statemachine.data.caching.enabled = true (custom)
2019-09-25 05:50:45,720 [pool-635-thread-1] INFO  segmented.SegmentedRaftLogWorker (SegmentedRaftLogWorker.java:lambda$new$0(132)) - 8aaa6fc6-f7fb-4882-accc-fabfb9faa78a@group-9628E8C39647-SegmentedRaftLogWorker: flushIndex: setUnconditionally 0 -> -1
2019-09-25 05:50:45,720 [pool-635-thread-1] INFO  server.RaftServerConfigKeys (ConfUtils.java:logGet(43)) - raft.server.snapshot.auto.trigger.enabled = true (custom)
2019-09-25 05:50:45,720 [pool-635-thread-1] INFO  server.RaftServerConfigKeys (ConfUtils.java:logGet(43)) - raft.server.snapshot.auto.trigger.threshold = 10000 (custom)
2019-09-25 05:50:45,720 [pool-635-thread-1] INFO  server.RaftServerConfigKeys (ConfUtils.java:logGet(43)) - raft.server.snapshot.retention.num.files = 5 (custom)
2019-09-25 05:50:45,720 [pool-635-thread-1] INFO  server.RaftServerConfigKeys (ConfUtils.java:logGet(43)) - raft.server.retrycache.expirytime = 600000ms (custom)
2019-09-25 05:50:45,722 [pool-635-thread-1] INFO  impl.RaftServerImpl (RaftServerImpl.java:start(185)) - 8aaa6fc6-f7fb-4882-accc-fabfb9faa78a@group-9628E8C39647: start as a follower, conf=-1: [8aaa6fc6-f7fb-4882-accc-fabfb9faa78a:192.168.30.10:36169], old=null
2019-09-25 05:50:45,722 [pool-635-thread-1] INFO  impl.RaftServerImpl (RaftServerImpl.java:setRole(174)) - 8aaa6fc6-f7fb-4882-accc-fabfb9faa78a@group-9628E8C39647: changes role from      null to FOLLOWER at term 0 for startAsFollower
2019-09-25 05:50:45,722 [pool-635-thread-1] INFO  impl.RoleInfo (RoleInfo.java:updateAndGet(143)) - 8aaa6fc6-f7fb-4882-accc-fabfb9faa78a: start FollowerState
2019-09-25 05:50:45,722 [pool-635-thread-1] INFO  util.JmxRegister (JmxRegister.java:tryRegister(44)) - Successfully registered JMX Bean with object name Ratis:service=RaftServer,group=group-9628E8C39647,id=8aaa6fc6-f7fb-4882-accc-fabfb9faa78a
2019-09-25 05:50:45,723 [RatisPipelineUtilsThread] INFO  pipeline.PipelineStateManager (PipelineStateManager.java:addPipeline(56)) - Created pipeline Pipeline[ Id: 203dc8bb-49bc-4dc3-960b-9628e8c39647, Nodes: 8aaa6fc6-f7fb-4882-accc-fabfb9faa78a{ip: 192.168.30.10, host: pr-hdds-1569-s62bp-3040748787, networkLocation: /default-rack, certSerialId: null}, Type:RATIS, Factor:ONE, State:OPEN]
2019-09-25 05:50:45,724 [RatisPipelineUtilsThread] INFO  pipeline.PipelinePlacementPolicy (PipelinePlacementPolicy.java:meetCriteria(91)) - Pipeline Placement: Doesn't meet the criteria to be viable node： 998f0c91-f727-4973-bd37-e1a81f390f6c Heaviness: 6 limit: 5
2019-09-25 05:50:45,724 [RatisPipelineUtilsThread] INFO  pipeline.PipelinePlacementPolicy (PipelinePlacementPolicy.java:meetCriteria(91)) - Pipeline Placement: Doesn't meet the criteria to be viable node： ddf6e088-733e-4b9a-8ca4-5a6f511d9b5a Heaviness: 6 limit: 5
2019-09-25 05:50:45,724 [RatisPipelineUtilsThread] INFO  pipeline.PipelinePlacementPolicy (PipelinePlacementPolicy.java:meetCriteria(91)) - Pipeline Placement: Doesn't meet the criteria to be viable node： 60b026ab-fadd-426f-9b92-f2e4bcc7c7ff Heaviness: 6 limit: 5
2019-09-25 05:50:45,724 [RatisPipelineUtilsThread] INFO  pipeline.PipelinePlacementPolicy (PipelinePlacementPolicy.java:meetCriteria(91)) - Pipeline Placement: Doesn't meet the criteria to be viable node： 048cd757-ac0b-449d-96b7-2f2a98d02798 Heaviness: 6 limit: 5
2019-09-25 05:50:45,724 [RatisPipelineUtilsThread] INFO  pipeline.PipelinePlacementPolicy (PipelinePlacementPolicy.java:meetCriteria(91)) - Pipeline Placement: Doesn't meet the criteria to be viable node： 49655598-56f4-41c4-a924-b5d2880a3f2f Heaviness: 6 limit: 5
2019-09-25 05:50:45,727 [grpc-default-executor-0] INFO  impl.RaftServerProxy (RaftServerProxy.java:addNew(89)) - 91378772-90ea-4250-835f-6b2053232693: addNew group-82254B342138:[91378772-90ea-4250-835f-6b2053232693:192.168.30.10:42685] returns group-82254B342138:java.util.concurrent.CompletableFuture@5fa943cc[Not completed]
2019-09-25 05:50:45,727 [pool-645-thread-1] INFO  impl.RaftServerImpl (RaftServerImpl.java:<init>(95)) - 91378772-90ea-4250-835f-6b2053232693: new RaftServerImpl for group-82254B342138:[91378772-90ea-4250-835f-6b2053232693:192.168.30.10:42685] with ContainerStateMachine:uninitialized
2019-09-25 05:50:45,728 [pool-645-thread-1] INFO  server.RaftServerConfigKeys (ConfUtils.java:logGet(43)) - raft.server.rpc.timeout.min = 5s (custom)
2019-09-25 05:50:45,728 [pool-645-thread-1] INFO  server.RaftServerConfigKeys (ConfUtils.java:logGet(43)) - raft.server.rpc.timeout.max = 5200ms (custom)
2019-09-25 05:50:45,728 [pool-645-thread-1] INFO  server.RaftServerConfigKeys (ConfUtils.java:logGet(43)) - raft.server.rpcslowness.timeout = 120s (custom)
2019-09-25 05:50:45,728 [pool-645-thread-1] INFO  server.RaftServerConfigKeys (ConfUtils.java:logGet(43)) - raft.server.sleep.deviation.threshold = 300 (default)
2019-09-25 05:50:45,728 [pool-645-thread-1] INFO  server.RaftServerConfigKeys (ConfUtils.java:logGet(43)) - raft.server.log.appender.install.snapshot.enabled = false (custom)
2019-09-25 05:50:45,728 [pool-645-thread-1] INFO  impl.RaftServerImpl (ServerState.java:<init>(103)) - 91378772-90ea-4250-835f-6b2053232693@group-82254B342138: ConfigurationManager, init=-1: [91378772-90ea-4250-835f-6b2053232693:192.168.30.10:42685], old=null, confs=<EMPTY_MAP>
2019-09-25 05:50:45,728 [pool-645-thread-1] INFO  server.RaftServerConfigKeys (ConfUtils.java:logGet(43)) - raft.server.storage.dir = [/workdir/hadoop-ozone/integration-test/target/test-dir/MiniOzoneClusterImpl-28dc08f8-08b8-4dfd-b771-8384b6a2d499/datanode-6/data/ratis] (custom)
2019-09-25 05:50:45,728 [pool-645-thread-1] INFO  storage.RaftStorageDirectory (RaftStorageDirectory.java:analyzeStorage(246)) - The storage directory /workdir/hadoop-ozone/integration-test/target/test-dir/MiniOzoneClusterImpl-28dc08f8-08b8-4dfd-b771-8384b6a2d499/datanode-6/data/ratis/797e09e0-0cc2-4b67-aa91-82254b342138 does not exist. Creating ...
2019-09-25 05:50:45,743 [pool-645-thread-1] INFO  storage.RaftStorageDirectory (RaftStorageDirectory.java:tryLock(328)) - Lock on /workdir/hadoop-ozone/integration-test/target/test-dir/MiniOzoneClusterImpl-28dc08f8-08b8-4dfd-b771-8384b6a2d499/datanode-6/data/ratis/797e09e0-0cc2-4b67-aa91-82254b342138/in_use.lock acquired by nodename 13539@pr-hdds-1569-s62bp-3040748787
2019-09-25 05:50:45,756 [pool-645-thread-1] INFO  storage.RaftStorage (RaftStorage.java:format(72)) - Storage directory /workdir/hadoop-ozone/integration-test/target/test-dir/MiniOzoneClusterImpl-28dc08f8-08b8-4dfd-b771-8384b6a2d499/datanode-6/data/ratis/797e09e0-0cc2-4b67-aa91-82254b342138 has been successfully formatted.
2019-09-25 05:50:45,756 [pool-645-thread-1] INFO  ratis.ContainerStateMachine (ContainerStateMachine.java:loadSnapshot(230)) - group-82254B342138: The snapshot info is null. Setting the last applied indexto:(t:0, i:~)
2019-09-25 05:50:45,756 [pool-645-thread-1] INFO  server.RaftServerConfigKeys (ConfUtils.java:logGet(43)) - raft.server.notification.no-leader.timeout = 120s (custom)
2019-09-25 05:50:45,756 [pool-645-thread-1] INFO  server.RaftServerConfigKeys (ConfUtils.java:logGet(43)) - raft.server.log.use.memory = false (default)
2019-09-25 05:50:45,756 [pool-645-thread-1] INFO  server.RaftServerConfigKeys (ConfUtils.java:logGet(43)) - raft.server.log.purge.gap = 1000000 (custom)
2019-09-25 05:50:45,756 [pool-645-thread-1] INFO  server.RaftServerConfigKeys (ConfUtils.java:logGet(43)) - raft.server.log.appender.buffer.byte-limit = 33554432 (custom)
2019-09-25 05:50:45,756 [pool-645-thread-1] INFO  server.RaftServerConfigKeys (ConfUtils.java:logGet(43)) - raft.server.log.segment.size.max = 1048576 (custom)
2019-09-25 05:50:45,756 [pool-645-thread-1] INFO  server.RaftServerConfigKeys (ConfUtils.java:logGet(43)) - raft.server.log.segment.cache.num.max = 2 (custom)
2019-09-25 05:50:45,757 [pool-645-thread-1] INFO  segmented.SegmentedRaftLogWorker (SegmentedRaftLogWorker.java:<init>(172)) - new 91378772-90ea-4250-835f-6b2053232693@group-82254B342138-SegmentedRaftLogWorker for RaftStorage:Storage Directory /workdir/hadoop-ozone/integration-test/target/test-dir/MiniOzoneClusterImpl-28dc08f8-08b8-4dfd-b771-8384b6a2d499/datanode-6/data/ratis/797e09e0-0cc2-4b67-aa91-82254b342138
2019-09-25 05:50:45,757 [pool-645-thread-1] INFO  server.RaftServerConfigKeys (ConfUtils.java:logGet(43)) - raft.server.log.queue.byte-limit = 2147483647 (custom)
2019-09-25 05:50:45,757 [pool-645-thread-1] INFO  server.RaftServerConfigKeys (ConfUtils.java:logGet(43)) - raft.server.log.queue.element-limit = 1024 (custom)
2019-09-25 05:50:45,757 [pool-645-thread-1] INFO  server.RaftServerConfigKeys (ConfUtils.java:logGet(43)) - raft.server.log.segment.size.max = 1048576 (custom)
2019-09-25 05:50:45,757 [pool-645-thread-1] INFO  server.RaftServerConfigKeys (ConfUtils.java:logGet(43)) - raft.server.log.preallocated.size = 16384 (custom)
2019-09-25 05:50:45,757 [pool-645-thread-1] INFO  server.RaftServerConfigKeys (ConfUtils.java:logGet(43)) - raft.server.log.write.buffer.size = 33554432 (custom)
2019-09-25 05:50:45,757 [pool-645-thread-1] INFO  server.RaftServerConfigKeys (ConfUtils.java:logGet(43)) - raft.server.log.force.sync.num = 128 (default)
2019-09-25 05:50:45,757 [pool-645-thread-1] INFO  server.RaftServerConfigKeys (ConfUtils.java:logGet(43)) - raft.server.log.statemachine.data.sync = true (default)
2019-09-25 05:50:45,757 [pool-645-thread-1] INFO  server.RaftServerConfigKeys (ConfUtils.java:logGet(43)) - raft.server.log.statemachine.data.sync.timeout = 10s (default)
2019-09-25 05:50:45,757 [pool-645-thread-1] INFO  server.RaftServerConfigKeys (ConfUtils.java:logGet(43)) - raft.server.log.statemachine.data.sync.timeout.retry = -1 (default)
2019-09-25 05:50:45,758 [pool-645-thread-1] INFO  server.RaftServerConfigKeys (ConfUtils.java:logGet(43)) - raft.server.log.statemachine.data.caching.enabled = true (custom)
2019-09-25 05:50:45,758 [pool-645-thread-1] INFO  segmented.SegmentedRaftLogWorker (SegmentedRaftLogWorker.java:lambda$new$0(132)) - 91378772-90ea-4250-835f-6b2053232693@group-82254B342138-SegmentedRaftLogWorker: flushIndex: setUnconditionally 0 -> -1
2019-09-25 05:50:45,758 [pool-645-thread-1] INFO  server.RaftServerConfigKeys (ConfUtils.java:logGet(43)) - raft.server.snapshot.auto.trigger.enabled = true (custom)
2019-09-25 05:50:45,758 [pool-645-thread-1] INFO  server.RaftServerConfigKeys (ConfUtils.java:logGet(43)) - raft.server.snapshot.auto.trigger.threshold = 10000 (custom)
2019-09-25 05:50:45,758 [pool-645-thread-1] INFO  server.RaftServerConfigKeys (ConfUtils.java:logGet(43)) - raft.server.snapshot.retention.num.files = 5 (custom)
2019-09-25 05:50:45,758 [pool-645-thread-1] INFO  server.RaftServerConfigKeys (ConfUtils.java:logGet(43)) - raft.server.retrycache.expirytime = 600000ms (custom)
2019-09-25 05:50:45,760 [pool-645-thread-1] INFO  impl.RaftServerImpl (RaftServerImpl.java:start(185)) - 91378772-90ea-4250-835f-6b2053232693@group-82254B342138: start as a follower, conf=-1: [91378772-90ea-4250-835f-6b2053232693:192.168.30.10:42685], old=null
2019-09-25 05:50:45,760 [pool-645-thread-1] INFO  impl.RaftServerImpl (RaftServerImpl.java:setRole(174)) - 91378772-90ea-4250-835f-6b2053232693@group-82254B342138: changes role from      null to FOLLOWER at term 0 for startAsFollower
2019-09-25 05:50:45,760 [pool-645-thread-1] INFO  impl.RoleInfo (RoleInfo.java:updateAndGet(143)) - 91378772-90ea-4250-835f-6b2053232693: start FollowerState
2019-09-25 05:50:45,760 [pool-645-thread-1] INFO  util.JmxRegister (JmxRegister.java:tryRegister(44)) - Successfully registered JMX Bean with object name Ratis:service=RaftServer,group=group-82254B342138,id=91378772-90ea-4250-835f-6b2053232693
2019-09-25 05:50:45,763 [RatisPipelineUtilsThread] INFO  pipeline.PipelineStateManager (PipelineStateManager.java:addPipeline(56)) - Created pipeline Pipeline[ Id: 797e09e0-0cc2-4b67-aa91-82254b342138, Nodes: 91378772-90ea-4250-835f-6b2053232693{ip: 192.168.30.10, host: pr-hdds-1569-s62bp-3040748787, networkLocation: /default-rack, certSerialId: null}, Type:RATIS, Factor:ONE, State:OPEN]
2019-09-25 05:50:45,763 [RatisPipelineUtilsThread] INFO  pipeline.PipelinePlacementPolicy (PipelinePlacementPolicy.java:meetCriteria(91)) - Pipeline Placement: Doesn't meet the criteria to be viable node： 998f0c91-f727-4973-bd37-e1a81f390f6c Heaviness: 6 limit: 5
2019-09-25 05:50:45,763 [RatisPipelineUtilsThread] INFO  pipeline.PipelinePlacementPolicy (PipelinePlacementPolicy.java:meetCriteria(91)) - Pipeline Placement: Doesn't meet the criteria to be viable node： ddf6e088-733e-4b9a-8ca4-5a6f511d9b5a Heaviness: 6 limit: 5
2019-09-25 05:50:45,763 [RatisPipelineUtilsThread] INFO  pipeline.PipelinePlacementPolicy (PipelinePlacementPolicy.java:meetCriteria(91)) - Pipeline Placement: Doesn't meet the criteria to be viable node： 60b026ab-fadd-426f-9b92-f2e4bcc7c7ff Heaviness: 6 limit: 5
2019-09-25 05:50:45,763 [RatisPipelineUtilsThread] INFO  pipeline.PipelinePlacementPolicy (PipelinePlacementPolicy.java:meetCriteria(91)) - Pipeline Placement: Doesn't meet the criteria to be viable node： 048cd757-ac0b-449d-96b7-2f2a98d02798 Heaviness: 6 limit: 5
2019-09-25 05:50:45,764 [RatisPipelineUtilsThread] INFO  pipeline.PipelinePlacementPolicy (PipelinePlacementPolicy.java:meetCriteria(91)) - Pipeline Placement: Doesn't meet the criteria to be viable node： 49655598-56f4-41c4-a924-b5d2880a3f2f Heaviness: 6 limit: 5
2019-09-25 05:50:45,767 [grpc-default-executor-0] INFO  impl.RaftServerProxy (RaftServerProxy.java:addNew(89)) - 8aaa6fc6-f7fb-4882-accc-fabfb9faa78a: addNew group-C2148799C3BD:[8aaa6fc6-f7fb-4882-accc-fabfb9faa78a:192.168.30.10:36169] returns group-C2148799C3BD:java.util.concurrent.CompletableFuture@2ebd8c16[Not completed]
2019-09-25 05:50:45,768 [pool-635-thread-1] INFO  impl.RaftServerImpl (RaftServerImpl.java:<init>(95)) - 8aaa6fc6-f7fb-4882-accc-fabfb9faa78a: new RaftServerImpl for group-C2148799C3BD:[8aaa6fc6-f7fb-4882-accc-fabfb9faa78a:192.168.30.10:36169] with ContainerStateMachine:uninitialized
2019-09-25 05:50:45,768 [pool-635-thread-1] INFO  server.RaftServerConfigKeys (ConfUtils.java:logGet(43)) - raft.server.rpc.timeout.min = 5s (custom)
2019-09-25 05:50:45,768 [pool-635-thread-1] INFO  server.RaftServerConfigKeys (ConfUtils.java:logGet(43)) - raft.server.rpc.timeout.max = 5200ms (custom)
2019-09-25 05:50:45,768 [pool-635-thread-1] INFO  server.RaftServerConfigKeys (ConfUtils.java:logGet(43)) - raft.server.rpcslowness.timeout = 120s (custom)
2019-09-25 05:50:45,768 [pool-635-thread-1] INFO  server.RaftServerConfigKeys (ConfUtils.java:logGet(43)) - raft.server.sleep.deviation.threshold = 300 (default)
2019-09-25 05:50:45,768 [pool-635-thread-1] INFO  server.RaftServerConfigKeys (ConfUtils.java:logGet(43)) - raft.server.log.appender.install.snapshot.enabled = false (custom)
2019-09-25 05:50:45,769 [pool-635-thread-1] INFO  impl.RaftServerImpl (ServerState.java:<init>(103)) - 8aaa6fc6-f7fb-4882-accc-fabfb9faa78a@group-C2148799C3BD: ConfigurationManager, init=-1: [8aaa6fc6-f7fb-4882-accc-fabfb9faa78a:192.168.30.10:36169], old=null, confs=<EMPTY_MAP>
2019-09-25 05:50:45,769 [pool-635-thread-1] INFO  server.RaftServerConfigKeys (ConfUtils.java:logGet(43)) - raft.server.storage.dir = [/workdir/hadoop-ozone/integration-test/target/test-dir/MiniOzoneClusterImpl-28dc08f8-08b8-4dfd-b771-8384b6a2d499/datanode-5/data/ratis] (custom)
2019-09-25 05:50:45,769 [pool-635-thread-1] INFO  storage.RaftStorageDirectory (RaftStorageDirectory.java:analyzeStorage(246)) - The storage directory /workdir/hadoop-ozone/integration-test/target/test-dir/MiniOzoneClusterImpl-28dc08f8-08b8-4dfd-b771-8384b6a2d499/datanode-5/data/ratis/051efcef-1bb0-4e46-9434-c2148799c3bd does not exist. Creating ...
2019-09-25 05:50:45,783 [pool-635-thread-1] INFO  storage.RaftStorageDirectory (RaftStorageDirectory.java:tryLock(328)) - Lock on /workdir/hadoop-ozone/integration-test/target/test-dir/MiniOzoneClusterImpl-28dc08f8-08b8-4dfd-b771-8384b6a2d499/datanode-5/data/ratis/051efcef-1bb0-4e46-9434-c2148799c3bd/in_use.lock acquired by nodename 13539@pr-hdds-1569-s62bp-3040748787
2019-09-25 05:50:45,796 [pool-635-thread-1] INFO  storage.RaftStorage (RaftStorage.java:format(72)) - Storage directory /workdir/hadoop-ozone/integration-test/target/test-dir/MiniOzoneClusterImpl-28dc08f8-08b8-4dfd-b771-8384b6a2d499/datanode-5/data/ratis/051efcef-1bb0-4e46-9434-c2148799c3bd has been successfully formatted.
2019-09-25 05:50:45,796 [pool-635-thread-1] INFO  ratis.ContainerStateMachine (ContainerStateMachine.java:loadSnapshot(230)) - group-C2148799C3BD: The snapshot info is null. Setting the last applied indexto:(t:0, i:~)
2019-09-25 05:50:45,796 [pool-635-thread-1] INFO  server.RaftServerConfigKeys (ConfUtils.java:logGet(43)) - raft.server.notification.no-leader.timeout = 120s (custom)
2019-09-25 05:50:45,796 [pool-635-thread-1] INFO  server.RaftServerConfigKeys (ConfUtils.java:logGet(43)) - raft.server.log.use.memory = false (default)
2019-09-25 05:50:45,796 [pool-635-thread-1] INFO  server.RaftServerConfigKeys (ConfUtils.java:logGet(43)) - raft.server.log.purge.gap = 1000000 (custom)
2019-09-25 05:50:45,796 [pool-635-thread-1] INFO  server.RaftServerConfigKeys (ConfUtils.java:logGet(43)) - raft.server.log.appender.buffer.byte-limit = 33554432 (custom)
2019-09-25 05:50:45,796 [pool-635-thread-1] INFO  server.RaftServerConfigKeys (ConfUtils.java:logGet(43)) - raft.server.log.segment.size.max = 1048576 (custom)
2019-09-25 05:50:45,796 [pool-635-thread-1] INFO  server.RaftServerConfigKeys (ConfUtils.java:logGet(43)) - raft.server.log.segment.cache.num.max = 2 (custom)
2019-09-25 05:50:45,796 [pool-635-thread-1] INFO  segmented.SegmentedRaftLogWorker (SegmentedRaftLogWorker.java:<init>(172)) - new 8aaa6fc6-f7fb-4882-accc-fabfb9faa78a@group-C2148799C3BD-SegmentedRaftLogWorker for RaftStorage:Storage Directory /workdir/hadoop-ozone/integration-test/target/test-dir/MiniOzoneClusterImpl-28dc08f8-08b8-4dfd-b771-8384b6a2d499/datanode-5/data/ratis/051efcef-1bb0-4e46-9434-c2148799c3bd
2019-09-25 05:50:45,797 [pool-635-thread-1] INFO  server.RaftServerConfigKeys (ConfUtils.java:logGet(43)) - raft.server.log.queue.byte-limit = 2147483647 (custom)
2019-09-25 05:50:45,797 [pool-635-thread-1] INFO  server.RaftServerConfigKeys (ConfUtils.java:logGet(43)) - raft.server.log.queue.element-limit = 1024 (custom)
2019-09-25 05:50:45,797 [pool-635-thread-1] INFO  server.RaftServerConfigKeys (ConfUtils.java:logGet(43)) - raft.server.log.segment.size.max = 1048576 (custom)
2019-09-25 05:50:45,797 [pool-635-thread-1] INFO  server.RaftServerConfigKeys (ConfUtils.java:logGet(43)) - raft.server.log.preallocated.size = 16384 (custom)
2019-09-25 05:50:45,797 [pool-635-thread-1] INFO  server.RaftServerConfigKeys (ConfUtils.java:logGet(43)) - raft.server.log.write.buffer.size = 33554432 (custom)
2019-09-25 05:50:45,797 [pool-635-thread-1] INFO  server.RaftServerConfigKeys (ConfUtils.java:logGet(43)) - raft.server.log.force.sync.num = 128 (default)
2019-09-25 05:50:45,797 [pool-635-thread-1] INFO  server.RaftServerConfigKeys (ConfUtils.java:logGet(43)) - raft.server.log.statemachine.data.sync = true (default)
2019-09-25 05:50:45,797 [pool-635-thread-1] INFO  server.RaftServerConfigKeys (ConfUtils.java:logGet(43)) - raft.server.log.statemachine.data.sync.timeout = 10s (default)
2019-09-25 05:50:45,797 [pool-635-thread-1] INFO  server.RaftServerConfigKeys (ConfUtils.java:logGet(43)) - raft.server.log.statemachine.data.sync.timeout.retry = -1 (default)
2019-09-25 05:50:45,797 [pool-635-thread-1] INFO  server.RaftServerConfigKeys (ConfUtils.java:logGet(43)) - raft.server.log.statemachine.data.caching.enabled = true (custom)
2019-09-25 05:50:45,798 [pool-635-thread-1] INFO  segmented.SegmentedRaftLogWorker (SegmentedRaftLogWorker.java:lambda$new$0(132)) - 8aaa6fc6-f7fb-4882-accc-fabfb9faa78a@group-C2148799C3BD-SegmentedRaftLogWorker: flushIndex: setUnconditionally 0 -> -1
2019-09-25 05:50:45,798 [pool-635-thread-1] INFO  server.RaftServerConfigKeys (ConfUtils.java:logGet(43)) - raft.server.snapshot.auto.trigger.enabled = true (custom)
2019-09-25 05:50:45,798 [pool-635-thread-1] INFO  server.RaftServerConfigKeys (ConfUtils.java:logGet(43)) - raft.server.snapshot.auto.trigger.threshold = 10000 (custom)
2019-09-25 05:50:45,798 [pool-635-thread-1] INFO  server.RaftServerConfigKeys (ConfUtils.java:logGet(43)) - raft.server.snapshot.retention.num.files = 5 (custom)
2019-09-25 05:50:45,798 [pool-635-thread-1] INFO  server.RaftServerConfigKeys (ConfUtils.java:logGet(43)) - raft.server.retrycache.expirytime = 600000ms (custom)
2019-09-25 05:50:45,799 [pool-635-thread-1] INFO  impl.RaftServerImpl (RaftServerImpl.java:start(185)) - 8aaa6fc6-f7fb-4882-accc-fabfb9faa78a@group-C2148799C3BD: start as a follower, conf=-1: [8aaa6fc6-f7fb-4882-accc-fabfb9faa78a:192.168.30.10:36169], old=null
2019-09-25 05:50:45,800 [pool-635-thread-1] INFO  impl.RaftServerImpl (RaftServerImpl.java:setRole(174)) - 8aaa6fc6-f7fb-4882-accc-fabfb9faa78a@group-C2148799C3BD: changes role from      null to FOLLOWER at term 0 for startAsFollower
2019-09-25 05:50:45,800 [pool-635-thread-1] INFO  impl.RoleInfo (RoleInfo.java:updateAndGet(143)) - 8aaa6fc6-f7fb-4882-accc-fabfb9faa78a: start FollowerState
2019-09-25 05:50:45,800 [pool-635-thread-1] INFO  util.JmxRegister (JmxRegister.java:tryRegister(44)) - Successfully registered JMX Bean with object name Ratis:service=RaftServer,group=group-C2148799C3BD,id=8aaa6fc6-f7fb-4882-accc-fabfb9faa78a
2019-09-25 05:50:45,802 [RatisPipelineUtilsThread] INFO  pipeline.PipelineStateManager (PipelineStateManager.java:addPipeline(56)) - Created pipeline Pipeline[ Id: 051efcef-1bb0-4e46-9434-c2148799c3bd, Nodes: 8aaa6fc6-f7fb-4882-accc-fabfb9faa78a{ip: 192.168.30.10, host: pr-hdds-1569-s62bp-3040748787, networkLocation: /default-rack, certSerialId: null}, Type:RATIS, Factor:ONE, State:OPEN]
2019-09-25 05:50:45,802 [RatisPipelineUtilsThread] INFO  pipeline.PipelinePlacementPolicy (PipelinePlacementPolicy.java:meetCriteria(91)) - Pipeline Placement: Doesn't meet the criteria to be viable node： 998f0c91-f727-4973-bd37-e1a81f390f6c Heaviness: 6 limit: 5
2019-09-25 05:50:45,802 [RatisPipelineUtilsThread] INFO  pipeline.PipelinePlacementPolicy (PipelinePlacementPolicy.java:meetCriteria(91)) - Pipeline Placement: Doesn't meet the criteria to be viable node： ddf6e088-733e-4b9a-8ca4-5a6f511d9b5a Heaviness: 6 limit: 5
2019-09-25 05:50:45,803 [RatisPipelineUtilsThread] INFO  pipeline.PipelinePlacementPolicy (PipelinePlacementPolicy.java:meetCriteria(91)) - Pipeline Placement: Doesn't meet the criteria to be viable node： 60b026ab-fadd-426f-9b92-f2e4bcc7c7ff Heaviness: 6 limit: 5
2019-09-25 05:50:45,803 [RatisPipelineUtilsThread] INFO  pipeline.PipelinePlacementPolicy (PipelinePlacementPolicy.java:meetCriteria(91)) - Pipeline Placement: Doesn't meet the criteria to be viable node： 048cd757-ac0b-449d-96b7-2f2a98d02798 Heaviness: 6 limit: 5
2019-09-25 05:50:45,803 [RatisPipelineUtilsThread] INFO  pipeline.PipelinePlacementPolicy (PipelinePlacementPolicy.java:meetCriteria(91)) - Pipeline Placement: Doesn't meet the criteria to be viable node： 49655598-56f4-41c4-a924-b5d2880a3f2f Heaviness: 6 limit: 5
2019-09-25 05:50:45,806 [grpc-default-executor-0] INFO  impl.RaftServerProxy (RaftServerProxy.java:addNew(89)) - 8aaa6fc6-f7fb-4882-accc-fabfb9faa78a: addNew group-C64B9CF95A05:[8aaa6fc6-f7fb-4882-accc-fabfb9faa78a:192.168.30.10:36169] returns group-C64B9CF95A05:java.util.concurrent.CompletableFuture@7db78b54[Not completed]
2019-09-25 05:50:45,807 [pool-635-thread-1] INFO  impl.RaftServerImpl (RaftServerImpl.java:<init>(95)) - 8aaa6fc6-f7fb-4882-accc-fabfb9faa78a: new RaftServerImpl for group-C64B9CF95A05:[8aaa6fc6-f7fb-4882-accc-fabfb9faa78a:192.168.30.10:36169] with ContainerStateMachine:uninitialized
2019-09-25 05:50:45,807 [pool-635-thread-1] INFO  server.RaftServerConfigKeys (ConfUtils.java:logGet(43)) - raft.server.rpc.timeout.min = 5s (custom)
2019-09-25 05:50:45,807 [pool-635-thread-1] INFO  server.RaftServerConfigKeys (ConfUtils.java:logGet(43)) - raft.server.rpc.timeout.max = 5200ms (custom)
2019-09-25 05:50:45,808 [pool-635-thread-1] INFO  server.RaftServerConfigKeys (ConfUtils.java:logGet(43)) - raft.server.rpcslowness.timeout = 120s (custom)
2019-09-25 05:50:45,808 [pool-635-thread-1] INFO  server.RaftServerConfigKeys (ConfUtils.java:logGet(43)) - raft.server.sleep.deviation.threshold = 300 (default)
2019-09-25 05:50:45,808 [pool-635-thread-1] INFO  server.RaftServerConfigKeys (ConfUtils.java:logGet(43)) - raft.server.log.appender.install.snapshot.enabled = false (custom)
2019-09-25 05:50:45,808 [pool-635-thread-1] INFO  impl.RaftServerImpl (ServerState.java:<init>(103)) - 8aaa6fc6-f7fb-4882-accc-fabfb9faa78a@group-C64B9CF95A05: ConfigurationManager, init=-1: [8aaa6fc6-f7fb-4882-accc-fabfb9faa78a:192.168.30.10:36169], old=null, confs=<EMPTY_MAP>
2019-09-25 05:50:45,808 [pool-635-thread-1] INFO  server.RaftServerConfigKeys (ConfUtils.java:logGet(43)) - raft.server.storage.dir = [/workdir/hadoop-ozone/integration-test/target/test-dir/MiniOzoneClusterImpl-28dc08f8-08b8-4dfd-b771-8384b6a2d499/datanode-5/data/ratis] (custom)
2019-09-25 05:50:45,808 [pool-635-thread-1] INFO  storage.RaftStorageDirectory (RaftStorageDirectory.java:analyzeStorage(246)) - The storage directory /workdir/hadoop-ozone/integration-test/target/test-dir/MiniOzoneClusterImpl-28dc08f8-08b8-4dfd-b771-8384b6a2d499/datanode-5/data/ratis/d968ea7a-fd1e-4fe5-942f-c64b9cf95a05 does not exist. Creating ...
2019-09-25 05:50:45,823 [pool-635-thread-1] INFO  storage.RaftStorageDirectory (RaftStorageDirectory.java:tryLock(328)) - Lock on /workdir/hadoop-ozone/integration-test/target/test-dir/MiniOzoneClusterImpl-28dc08f8-08b8-4dfd-b771-8384b6a2d499/datanode-5/data/ratis/d968ea7a-fd1e-4fe5-942f-c64b9cf95a05/in_use.lock acquired by nodename 13539@pr-hdds-1569-s62bp-3040748787
2019-09-25 05:50:45,836 [pool-635-thread-1] INFO  storage.RaftStorage (RaftStorage.java:format(72)) - Storage directory /workdir/hadoop-ozone/integration-test/target/test-dir/MiniOzoneClusterImpl-28dc08f8-08b8-4dfd-b771-8384b6a2d499/datanode-5/data/ratis/d968ea7a-fd1e-4fe5-942f-c64b9cf95a05 has been successfully formatted.
2019-09-25 05:50:45,836 [pool-635-thread-1] INFO  ratis.ContainerStateMachine (ContainerStateMachine.java:loadSnapshot(230)) - group-C64B9CF95A05: The snapshot info is null. Setting the last applied indexto:(t:0, i:~)
2019-09-25 05:50:45,836 [pool-635-thread-1] INFO  server.RaftServerConfigKeys (ConfUtils.java:logGet(43)) - raft.server.notification.no-leader.timeout = 120s (custom)
2019-09-25 05:50:45,836 [pool-635-thread-1] INFO  server.RaftServerConfigKeys (ConfUtils.java:logGet(43)) - raft.server.log.use.memory = false (default)
2019-09-25 05:50:45,836 [pool-635-thread-1] INFO  server.RaftServerConfigKeys (ConfUtils.java:logGet(43)) - raft.server.log.purge.gap = 1000000 (custom)
2019-09-25 05:50:45,837 [pool-635-thread-1] INFO  server.RaftServerConfigKeys (ConfUtils.java:logGet(43)) - raft.server.log.appender.buffer.byte-limit = 33554432 (custom)
2019-09-25 05:50:45,837 [pool-635-thread-1] INFO  server.RaftServerConfigKeys (ConfUtils.java:logGet(43)) - raft.server.log.segment.size.max = 1048576 (custom)
2019-09-25 05:50:45,837 [pool-635-thread-1] INFO  server.RaftServerConfigKeys (ConfUtils.java:logGet(43)) - raft.server.log.segment.cache.num.max = 2 (custom)
2019-09-25 05:50:45,837 [pool-635-thread-1] INFO  segmented.SegmentedRaftLogWorker (SegmentedRaftLogWorker.java:<init>(172)) - new 8aaa6fc6-f7fb-4882-accc-fabfb9faa78a@group-C64B9CF95A05-SegmentedRaftLogWorker for RaftStorage:Storage Directory /workdir/hadoop-ozone/integration-test/target/test-dir/MiniOzoneClusterImpl-28dc08f8-08b8-4dfd-b771-8384b6a2d499/datanode-5/data/ratis/d968ea7a-fd1e-4fe5-942f-c64b9cf95a05
2019-09-25 05:50:45,837 [pool-635-thread-1] INFO  server.RaftServerConfigKeys (ConfUtils.java:logGet(43)) - raft.server.log.queue.byte-limit = 2147483647 (custom)
2019-09-25 05:50:45,837 [pool-635-thread-1] INFO  server.RaftServerConfigKeys (ConfUtils.java:logGet(43)) - raft.server.log.queue.element-limit = 1024 (custom)
2019-09-25 05:50:45,837 [pool-635-thread-1] INFO  server.RaftServerConfigKeys (ConfUtils.java:logGet(43)) - raft.server.log.segment.size.max = 1048576 (custom)
2019-09-25 05:50:45,837 [pool-635-thread-1] INFO  server.RaftServerConfigKeys (ConfUtils.java:logGet(43)) - raft.server.log.preallocated.size = 16384 (custom)
2019-09-25 05:50:45,838 [pool-635-thread-1] INFO  server.RaftServerConfigKeys (ConfUtils.java:logGet(43)) - raft.server.log.write.buffer.size = 33554432 (custom)
2019-09-25 05:50:45,838 [pool-635-thread-1] INFO  server.RaftServerConfigKeys (ConfUtils.java:logGet(43)) - raft.server.log.force.sync.num = 128 (default)
2019-09-25 05:50:45,838 [pool-635-thread-1] INFO  server.RaftServerConfigKeys (ConfUtils.java:logGet(43)) - raft.server.log.statemachine.data.sync = true (default)
2019-09-25 05:50:45,838 [pool-635-thread-1] INFO  server.RaftServerConfigKeys (ConfUtils.java:logGet(43)) - raft.server.log.statemachine.data.sync.timeout = 10s (default)
2019-09-25 05:50:45,838 [pool-635-thread-1] INFO  server.RaftServerConfigKeys (ConfUtils.java:logGet(43)) - raft.server.log.statemachine.data.sync.timeout.retry = -1 (default)
2019-09-25 05:50:45,838 [pool-635-thread-1] INFO  server.RaftServerConfigKeys (ConfUtils.java:logGet(43)) - raft.server.log.statemachine.data.caching.enabled = true (custom)
2019-09-25 05:50:45,839 [pool-635-thread-1] INFO  segmented.SegmentedRaftLogWorker (SegmentedRaftLogWorker.java:lambda$new$0(132)) - 8aaa6fc6-f7fb-4882-accc-fabfb9faa78a@group-C64B9CF95A05-SegmentedRaftLogWorker: flushIndex: setUnconditionally 0 -> -1
2019-09-25 05:50:45,839 [pool-635-thread-1] INFO  server.RaftServerConfigKeys (ConfUtils.java:logGet(43)) - raft.server.snapshot.auto.trigger.enabled = true (custom)
2019-09-25 05:50:45,839 [pool-635-thread-1] INFO  server.RaftServerConfigKeys (ConfUtils.java:logGet(43)) - raft.server.snapshot.auto.trigger.threshold = 10000 (custom)
2019-09-25 05:50:45,839 [pool-635-thread-1] INFO  server.RaftServerConfigKeys (ConfUtils.java:logGet(43)) - raft.server.snapshot.retention.num.files = 5 (custom)
2019-09-25 05:50:45,839 [pool-635-thread-1] INFO  server.RaftServerConfigKeys (ConfUtils.java:logGet(43)) - raft.server.retrycache.expirytime = 600000ms (custom)
2019-09-25 05:50:45,841 [pool-635-thread-1] INFO  impl.RaftServerImpl (RaftServerImpl.java:start(185)) - 8aaa6fc6-f7fb-4882-accc-fabfb9faa78a@group-C64B9CF95A05: start as a follower, conf=-1: [8aaa6fc6-f7fb-4882-accc-fabfb9faa78a:192.168.30.10:36169], old=null
2019-09-25 05:50:45,841 [pool-635-thread-1] INFO  impl.RaftServerImpl (RaftServerImpl.java:setRole(174)) - 8aaa6fc6-f7fb-4882-accc-fabfb9faa78a@group-C64B9CF95A05: changes role from      null to FOLLOWER at term 0 for startAsFollower
2019-09-25 05:50:45,841 [pool-635-thread-1] INFO  impl.RoleInfo (RoleInfo.java:updateAndGet(143)) - 8aaa6fc6-f7fb-4882-accc-fabfb9faa78a: start FollowerState
2019-09-25 05:50:45,842 [pool-635-thread-1] INFO  util.JmxRegister (JmxRegister.java:tryRegister(44)) - Successfully registered JMX Bean with object name Ratis:service=RaftServer,group=group-C64B9CF95A05,id=8aaa6fc6-f7fb-4882-accc-fabfb9faa78a
2019-09-25 05:50:45,844 [RatisPipelineUtilsThread] INFO  pipeline.PipelineStateManager (PipelineStateManager.java:addPipeline(56)) - Created pipeline Pipeline[ Id: d968ea7a-fd1e-4fe5-942f-c64b9cf95a05, Nodes: 8aaa6fc6-f7fb-4882-accc-fabfb9faa78a{ip: 192.168.30.10, host: pr-hdds-1569-s62bp-3040748787, networkLocation: /default-rack, certSerialId: null}, Type:RATIS, Factor:ONE, State:OPEN]
2019-09-25 05:50:45,844 [RatisPipelineUtilsThread] INFO  pipeline.PipelinePlacementPolicy (PipelinePlacementPolicy.java:meetCriteria(91)) - Pipeline Placement: Doesn't meet the criteria to be viable node： 998f0c91-f727-4973-bd37-e1a81f390f6c Heaviness: 6 limit: 5
2019-09-25 05:50:45,844 [RatisPipelineUtilsThread] INFO  pipeline.PipelinePlacementPolicy (PipelinePlacementPolicy.java:meetCriteria(91)) - Pipeline Placement: Doesn't meet the criteria to be viable node： ddf6e088-733e-4b9a-8ca4-5a6f511d9b5a Heaviness: 6 limit: 5
2019-09-25 05:50:45,844 [RatisPipelineUtilsThread] INFO  pipeline.PipelinePlacementPolicy (PipelinePlacementPolicy.java:meetCriteria(91)) - Pipeline Placement: Doesn't meet the criteria to be viable node： 60b026ab-fadd-426f-9b92-f2e4bcc7c7ff Heaviness: 6 limit: 5
2019-09-25 05:50:45,845 [RatisPipelineUtilsThread] INFO  pipeline.PipelinePlacementPolicy (PipelinePlacementPolicy.java:meetCriteria(91)) - Pipeline Placement: Doesn't meet the criteria to be viable node： 048cd757-ac0b-449d-96b7-2f2a98d02798 Heaviness: 6 limit: 5
2019-09-25 05:50:45,845 [RatisPipelineUtilsThread] INFO  pipeline.PipelinePlacementPolicy (PipelinePlacementPolicy.java:meetCriteria(91)) - Pipeline Placement: Doesn't meet the criteria to be viable node： 49655598-56f4-41c4-a924-b5d2880a3f2f Heaviness: 6 limit: 5
2019-09-25 05:50:45,848 [grpc-default-executor-0] INFO  impl.RaftServerProxy (RaftServerProxy.java:addNew(89)) - 8aaa6fc6-f7fb-4882-accc-fabfb9faa78a: addNew group-D60BCFE4D8FD:[8aaa6fc6-f7fb-4882-accc-fabfb9faa78a:192.168.30.10:36169] returns group-D60BCFE4D8FD:java.util.concurrent.CompletableFuture@6ff9ba40[Not completed]
2019-09-25 05:50:45,849 [pool-635-thread-1] INFO  impl.RaftServerImpl (RaftServerImpl.java:<init>(95)) - 8aaa6fc6-f7fb-4882-accc-fabfb9faa78a: new RaftServerImpl for group-D60BCFE4D8FD:[8aaa6fc6-f7fb-4882-accc-fabfb9faa78a:192.168.30.10:36169] with ContainerStateMachine:uninitialized
2019-09-25 05:50:45,849 [pool-635-thread-1] INFO  server.RaftServerConfigKeys (ConfUtils.java:logGet(43)) - raft.server.rpc.timeout.min = 5s (custom)
2019-09-25 05:50:45,849 [pool-635-thread-1] INFO  server.RaftServerConfigKeys (ConfUtils.java:logGet(43)) - raft.server.rpc.timeout.max = 5200ms (custom)
2019-09-25 05:50:45,849 [pool-635-thread-1] INFO  server.RaftServerConfigKeys (ConfUtils.java:logGet(43)) - raft.server.rpcslowness.timeout = 120s (custom)
2019-09-25 05:50:45,849 [pool-635-thread-1] INFO  server.RaftServerConfigKeys (ConfUtils.java:logGet(43)) - raft.server.sleep.deviation.threshold = 300 (default)
2019-09-25 05:50:45,849 [pool-635-thread-1] INFO  server.RaftServerConfigKeys (ConfUtils.java:logGet(43)) - raft.server.log.appender.install.snapshot.enabled = false (custom)
2019-09-25 05:50:45,849 [pool-635-thread-1] INFO  impl.RaftServerImpl (ServerState.java:<init>(103)) - 8aaa6fc6-f7fb-4882-accc-fabfb9faa78a@group-D60BCFE4D8FD: ConfigurationManager, init=-1: [8aaa6fc6-f7fb-4882-accc-fabfb9faa78a:192.168.30.10:36169], old=null, confs=<EMPTY_MAP>
2019-09-25 05:50:45,850 [pool-635-thread-1] INFO  server.RaftServerConfigKeys (ConfUtils.java:logGet(43)) - raft.server.storage.dir = [/workdir/hadoop-ozone/integration-test/target/test-dir/MiniOzoneClusterImpl-28dc08f8-08b8-4dfd-b771-8384b6a2d499/datanode-5/data/ratis] (custom)
2019-09-25 05:50:45,850 [pool-635-thread-1] INFO  storage.RaftStorageDirectory (RaftStorageDirectory.java:analyzeStorage(246)) - The storage directory /workdir/hadoop-ozone/integration-test/target/test-dir/MiniOzoneClusterImpl-28dc08f8-08b8-4dfd-b771-8384b6a2d499/datanode-5/data/ratis/78b3c483-fd45-46b7-b11e-d60bcfe4d8fd does not exist. Creating ...
2019-09-25 05:50:45,868 [pool-635-thread-1] INFO  storage.RaftStorageDirectory (RaftStorageDirectory.java:tryLock(328)) - Lock on /workdir/hadoop-ozone/integration-test/target/test-dir/MiniOzoneClusterImpl-28dc08f8-08b8-4dfd-b771-8384b6a2d499/datanode-5/data/ratis/78b3c483-fd45-46b7-b11e-d60bcfe4d8fd/in_use.lock acquired by nodename 13539@pr-hdds-1569-s62bp-3040748787
2019-09-25 05:50:45,893 [pool-635-thread-1] INFO  storage.RaftStorage (RaftStorage.java:format(72)) - Storage directory /workdir/hadoop-ozone/integration-test/target/test-dir/MiniOzoneClusterImpl-28dc08f8-08b8-4dfd-b771-8384b6a2d499/datanode-5/data/ratis/78b3c483-fd45-46b7-b11e-d60bcfe4d8fd has been successfully formatted.
2019-09-25 05:50:45,893 [pool-635-thread-1] INFO  ratis.ContainerStateMachine (ContainerStateMachine.java:loadSnapshot(230)) - group-D60BCFE4D8FD: The snapshot info is null. Setting the last applied indexto:(t:0, i:~)
2019-09-25 05:50:45,893 [pool-635-thread-1] INFO  server.RaftServerConfigKeys (ConfUtils.java:logGet(43)) - raft.server.notification.no-leader.timeout = 120s (custom)
2019-09-25 05:50:45,894 [pool-635-thread-1] INFO  server.RaftServerConfigKeys (ConfUtils.java:logGet(43)) - raft.server.log.use.memory = false (default)
2019-09-25 05:50:45,894 [pool-635-thread-1] INFO  server.RaftServerConfigKeys (ConfUtils.java:logGet(43)) - raft.server.log.purge.gap = 1000000 (custom)
2019-09-25 05:50:45,894 [pool-635-thread-1] INFO  server.RaftServerConfigKeys (ConfUtils.java:logGet(43)) - raft.server.log.appender.buffer.byte-limit = 33554432 (custom)
2019-09-25 05:50:45,894 [pool-635-thread-1] INFO  server.RaftServerConfigKeys (ConfUtils.java:logGet(43)) - raft.server.log.segment.size.max = 1048576 (custom)
2019-09-25 05:50:45,894 [pool-635-thread-1] INFO  server.RaftServerConfigKeys (ConfUtils.java:logGet(43)) - raft.server.log.segment.cache.num.max = 2 (custom)
2019-09-25 05:50:45,894 [pool-635-thread-1] INFO  segmented.SegmentedRaftLogWorker (SegmentedRaftLogWorker.java:<init>(172)) - new 8aaa6fc6-f7fb-4882-accc-fabfb9faa78a@group-D60BCFE4D8FD-SegmentedRaftLogWorker for RaftStorage:Storage Directory /workdir/hadoop-ozone/integration-test/target/test-dir/MiniOzoneClusterImpl-28dc08f8-08b8-4dfd-b771-8384b6a2d499/datanode-5/data/ratis/78b3c483-fd45-46b7-b11e-d60bcfe4d8fd
2019-09-25 05:50:45,895 [pool-635-thread-1] INFO  server.RaftServerConfigKeys (ConfUtils.java:logGet(43)) - raft.server.log.queue.byte-limit = 2147483647 (custom)
2019-09-25 05:50:45,895 [pool-635-thread-1] INFO  server.RaftServerConfigKeys (ConfUtils.java:logGet(43)) - raft.server.log.queue.element-limit = 1024 (custom)
2019-09-25 05:50:45,895 [pool-635-thread-1] INFO  server.RaftServerConfigKeys (ConfUtils.java:logGet(43)) - raft.server.log.segment.size.max = 1048576 (custom)
2019-09-25 05:50:45,895 [pool-635-thread-1] INFO  server.RaftServerConfigKeys (ConfUtils.java:logGet(43)) - raft.server.log.preallocated.size = 16384 (custom)
2019-09-25 05:50:45,895 [pool-635-thread-1] INFO  server.RaftServerConfigKeys (ConfUtils.java:logGet(43)) - raft.server.log.write.buffer.size = 33554432 (custom)
2019-09-25 05:50:45,895 [pool-635-thread-1] INFO  server.RaftServerConfigKeys (ConfUtils.java:logGet(43)) - raft.server.log.force.sync.num = 128 (default)
2019-09-25 05:50:45,896 [pool-635-thread-1] INFO  server.RaftServerConfigKeys (ConfUtils.java:logGet(43)) - raft.server.log.statemachine.data.sync = true (default)
2019-09-25 05:50:45,896 [pool-635-thread-1] INFO  server.RaftServerConfigKeys (ConfUtils.java:logGet(43)) - raft.server.log.statemachine.data.sync.timeout = 10s (default)
2019-09-25 05:50:45,896 [pool-635-thread-1] INFO  server.RaftServerConfigKeys (ConfUtils.java:logGet(43)) - raft.server.log.statemachine.data.sync.timeout.retry = -1 (default)
2019-09-25 05:50:45,896 [pool-635-thread-1] INFO  server.RaftServerConfigKeys (ConfUtils.java:logGet(43)) - raft.server.log.statemachine.data.caching.enabled = true (custom)
2019-09-25 05:50:45,896 [pool-635-thread-1] INFO  segmented.SegmentedRaftLogWorker (SegmentedRaftLogWorker.java:lambda$new$0(132)) - 8aaa6fc6-f7fb-4882-accc-fabfb9faa78a@group-D60BCFE4D8FD-SegmentedRaftLogWorker: flushIndex: setUnconditionally 0 -> -1
2019-09-25 05:50:45,897 [pool-635-thread-1] INFO  server.RaftServerConfigKeys (ConfUtils.java:logGet(43)) - raft.server.snapshot.auto.trigger.enabled = true (custom)
2019-09-25 05:50:45,897 [pool-635-thread-1] INFO  server.RaftServerConfigKeys (ConfUtils.java:logGet(43)) - raft.server.snapshot.auto.trigger.threshold = 10000 (custom)
2019-09-25 05:50:45,897 [pool-635-thread-1] INFO  server.RaftServerConfigKeys (ConfUtils.java:logGet(43)) - raft.server.snapshot.retention.num.files = 5 (custom)
2019-09-25 05:50:45,897 [pool-635-thread-1] INFO  server.RaftServerConfigKeys (ConfUtils.java:logGet(43)) - raft.server.retrycache.expirytime = 600000ms (custom)
2019-09-25 05:50:45,899 [pool-635-thread-1] INFO  impl.RaftServerImpl (RaftServerImpl.java:start(185)) - 8aaa6fc6-f7fb-4882-accc-fabfb9faa78a@group-D60BCFE4D8FD: start as a follower, conf=-1: [8aaa6fc6-f7fb-4882-accc-fabfb9faa78a:192.168.30.10:36169], old=null
2019-09-25 05:50:45,900 [pool-635-thread-1] INFO  impl.RaftServerImpl (RaftServerImpl.java:setRole(174)) - 8aaa6fc6-f7fb-4882-accc-fabfb9faa78a@group-D60BCFE4D8FD: changes role from      null to FOLLOWER at term 0 for startAsFollower
2019-09-25 05:50:45,900 [pool-635-thread-1] INFO  impl.RoleInfo (RoleInfo.java:updateAndGet(143)) - 8aaa6fc6-f7fb-4882-accc-fabfb9faa78a: start FollowerState
2019-09-25 05:50:45,900 [pool-635-thread-1] INFO  util.JmxRegister (JmxRegister.java:tryRegister(44)) - Successfully registered JMX Bean with object name Ratis:service=RaftServer,group=group-D60BCFE4D8FD,id=8aaa6fc6-f7fb-4882-accc-fabfb9faa78a
2019-09-25 05:50:45,902 [RatisPipelineUtilsThread] INFO  pipeline.PipelineStateManager (PipelineStateManager.java:addPipeline(56)) - Created pipeline Pipeline[ Id: 78b3c483-fd45-46b7-b11e-d60bcfe4d8fd, Nodes: 8aaa6fc6-f7fb-4882-accc-fabfb9faa78a{ip: 192.168.30.10, host: pr-hdds-1569-s62bp-3040748787, networkLocation: /default-rack, certSerialId: null}, Type:RATIS, Factor:ONE, State:OPEN]
2019-09-25 05:50:45,902 [RatisPipelineUtilsThread] INFO  pipeline.PipelinePlacementPolicy (PipelinePlacementPolicy.java:meetCriteria(91)) - Pipeline Placement: Doesn't meet the criteria to be viable node： 998f0c91-f727-4973-bd37-e1a81f390f6c Heaviness: 6 limit: 5
2019-09-25 05:50:45,902 [RatisPipelineUtilsThread] INFO  pipeline.PipelinePlacementPolicy (PipelinePlacementPolicy.java:meetCriteria(91)) - Pipeline Placement: Doesn't meet the criteria to be viable node： ddf6e088-733e-4b9a-8ca4-5a6f511d9b5a Heaviness: 6 limit: 5
2019-09-25 05:50:45,903 [RatisPipelineUtilsThread] INFO  pipeline.PipelinePlacementPolicy (PipelinePlacementPolicy.java:meetCriteria(91)) - Pipeline Placement: Doesn't meet the criteria to be viable node： 8aaa6fc6-f7fb-4882-accc-fabfb9faa78a Heaviness: 6 limit: 5
2019-09-25 05:50:45,903 [RatisPipelineUtilsThread] INFO  pipeline.PipelinePlacementPolicy (PipelinePlacementPolicy.java:meetCriteria(91)) - Pipeline Placement: Doesn't meet the criteria to be viable node： 60b026ab-fadd-426f-9b92-f2e4bcc7c7ff Heaviness: 6 limit: 5
2019-09-25 05:50:45,903 [RatisPipelineUtilsThread] INFO  pipeline.PipelinePlacementPolicy (PipelinePlacementPolicy.java:meetCriteria(91)) - Pipeline Placement: Doesn't meet the criteria to be viable node： 048cd757-ac0b-449d-96b7-2f2a98d02798 Heaviness: 6 limit: 5
2019-09-25 05:50:45,903 [RatisPipelineUtilsThread] INFO  pipeline.PipelinePlacementPolicy (PipelinePlacementPolicy.java:meetCriteria(91)) - Pipeline Placement: Doesn't meet the criteria to be viable node： 49655598-56f4-41c4-a924-b5d2880a3f2f Heaviness: 6 limit: 5
2019-09-25 05:50:45,906 [grpc-default-executor-0] INFO  impl.RaftServerProxy (RaftServerProxy.java:addNew(89)) - 91378772-90ea-4250-835f-6b2053232693: addNew group-49B8CF3CA0B7:[91378772-90ea-4250-835f-6b2053232693:192.168.30.10:42685] returns group-49B8CF3CA0B7:java.util.concurrent.CompletableFuture@6e953ed4[Not completed]
2019-09-25 05:50:45,907 [pool-645-thread-1] INFO  impl.RaftServerImpl (RaftServerImpl.java:<init>(95)) - 91378772-90ea-4250-835f-6b2053232693: new RaftServerImpl for group-49B8CF3CA0B7:[91378772-90ea-4250-835f-6b2053232693:192.168.30.10:42685] with ContainerStateMachine:uninitialized
2019-09-25 05:50:45,907 [pool-645-thread-1] INFO  server.RaftServerConfigKeys (ConfUtils.java:logGet(43)) - raft.server.rpc.timeout.min = 5s (custom)
2019-09-25 05:50:45,908 [pool-645-thread-1] INFO  server.RaftServerConfigKeys (ConfUtils.java:logGet(43)) - raft.server.rpc.timeout.max = 5200ms (custom)
2019-09-25 05:50:45,908 [pool-645-thread-1] INFO  server.RaftServerConfigKeys (ConfUtils.java:logGet(43)) - raft.server.rpcslowness.timeout = 120s (custom)
2019-09-25 05:50:45,908 [pool-645-thread-1] INFO  server.RaftServerConfigKeys (ConfUtils.java:logGet(43)) - raft.server.sleep.deviation.threshold = 300 (default)
2019-09-25 05:50:45,908 [pool-645-thread-1] INFO  server.RaftServerConfigKeys (ConfUtils.java:logGet(43)) - raft.server.log.appender.install.snapshot.enabled = false (custom)
2019-09-25 05:50:45,908 [pool-645-thread-1] INFO  impl.RaftServerImpl (ServerState.java:<init>(103)) - 91378772-90ea-4250-835f-6b2053232693@group-49B8CF3CA0B7: ConfigurationManager, init=-1: [91378772-90ea-4250-835f-6b2053232693:192.168.30.10:42685], old=null, confs=<EMPTY_MAP>
2019-09-25 05:50:45,908 [pool-645-thread-1] INFO  server.RaftServerConfigKeys (ConfUtils.java:logGet(43)) - raft.server.storage.dir = [/workdir/hadoop-ozone/integration-test/target/test-dir/MiniOzoneClusterImpl-28dc08f8-08b8-4dfd-b771-8384b6a2d499/datanode-6/data/ratis] (custom)
2019-09-25 05:50:45,909 [pool-645-thread-1] INFO  storage.RaftStorageDirectory (RaftStorageDirectory.java:analyzeStorage(246)) - The storage directory /workdir/hadoop-ozone/integration-test/target/test-dir/MiniOzoneClusterImpl-28dc08f8-08b8-4dfd-b771-8384b6a2d499/datanode-6/data/ratis/41a105a5-f370-44f7-acf7-49b8cf3ca0b7 does not exist. Creating ...
2019-09-25 05:50:45,929 [pool-645-thread-1] INFO  storage.RaftStorageDirectory (RaftStorageDirectory.java:tryLock(328)) - Lock on /workdir/hadoop-ozone/integration-test/target/test-dir/MiniOzoneClusterImpl-28dc08f8-08b8-4dfd-b771-8384b6a2d499/datanode-6/data/ratis/41a105a5-f370-44f7-acf7-49b8cf3ca0b7/in_use.lock acquired by nodename 13539@pr-hdds-1569-s62bp-3040748787
2019-09-25 05:50:45,951 [pool-645-thread-1] INFO  storage.RaftStorage (RaftStorage.java:format(72)) - Storage directory /workdir/hadoop-ozone/integration-test/target/test-dir/MiniOzoneClusterImpl-28dc08f8-08b8-4dfd-b771-8384b6a2d499/datanode-6/data/ratis/41a105a5-f370-44f7-acf7-49b8cf3ca0b7 has been successfully formatted.
2019-09-25 05:50:45,951 [pool-645-thread-1] INFO  ratis.ContainerStateMachine (ContainerStateMachine.java:loadSnapshot(230)) - group-49B8CF3CA0B7: The snapshot info is null. Setting the last applied indexto:(t:0, i:~)
2019-09-25 05:50:45,952 [pool-645-thread-1] INFO  server.RaftServerConfigKeys (ConfUtils.java:logGet(43)) - raft.server.notification.no-leader.timeout = 120s (custom)
2019-09-25 05:50:45,952 [pool-645-thread-1] INFO  server.RaftServerConfigKeys (ConfUtils.java:logGet(43)) - raft.server.log.use.memory = false (default)
2019-09-25 05:50:45,952 [pool-645-thread-1] INFO  server.RaftServerConfigKeys (ConfUtils.java:logGet(43)) - raft.server.log.purge.gap = 1000000 (custom)
2019-09-25 05:50:45,952 [pool-645-thread-1] INFO  server.RaftServerConfigKeys (ConfUtils.java:logGet(43)) - raft.server.log.appender.buffer.byte-limit = 33554432 (custom)
2019-09-25 05:50:45,952 [pool-645-thread-1] INFO  server.RaftServerConfigKeys (ConfUtils.java:logGet(43)) - raft.server.log.segment.size.max = 1048576 (custom)
2019-09-25 05:50:45,953 [pool-645-thread-1] INFO  server.RaftServerConfigKeys (ConfUtils.java:logGet(43)) - raft.server.log.segment.cache.num.max = 2 (custom)
2019-09-25 05:50:45,953 [pool-645-thread-1] INFO  segmented.SegmentedRaftLogWorker (SegmentedRaftLogWorker.java:<init>(172)) - new 91378772-90ea-4250-835f-6b2053232693@group-49B8CF3CA0B7-SegmentedRaftLogWorker for RaftStorage:Storage Directory /workdir/hadoop-ozone/integration-test/target/test-dir/MiniOzoneClusterImpl-28dc08f8-08b8-4dfd-b771-8384b6a2d499/datanode-6/data/ratis/41a105a5-f370-44f7-acf7-49b8cf3ca0b7
2019-09-25 05:50:45,953 [pool-645-thread-1] INFO  server.RaftServerConfigKeys (ConfUtils.java:logGet(43)) - raft.server.log.queue.byte-limit = 2147483647 (custom)
2019-09-25 05:50:45,953 [pool-645-thread-1] INFO  server.RaftServerConfigKeys (ConfUtils.java:logGet(43)) - raft.server.log.queue.element-limit = 1024 (custom)
2019-09-25 05:50:45,953 [pool-645-thread-1] INFO  server.RaftServerConfigKeys (ConfUtils.java:logGet(43)) - raft.server.log.segment.size.max = 1048576 (custom)
2019-09-25 05:50:45,953 [pool-645-thread-1] INFO  server.RaftServerConfigKeys (ConfUtils.java:logGet(43)) - raft.server.log.preallocated.size = 16384 (custom)
2019-09-25 05:50:45,954 [pool-645-thread-1] INFO  server.RaftServerConfigKeys (ConfUtils.java:logGet(43)) - raft.server.log.write.buffer.size = 33554432 (custom)
2019-09-25 05:50:45,954 [pool-645-thread-1] INFO  server.RaftServerConfigKeys (ConfUtils.java:logGet(43)) - raft.server.log.force.sync.num = 128 (default)
2019-09-25 05:50:45,954 [pool-645-thread-1] INFO  server.RaftServerConfigKeys (ConfUtils.java:logGet(43)) - raft.server.log.statemachine.data.sync = true (default)
2019-09-25 05:50:45,954 [pool-645-thread-1] INFO  server.RaftServerConfigKeys (ConfUtils.java:logGet(43)) - raft.server.log.statemachine.data.sync.timeout = 10s (default)
2019-09-25 05:50:45,954 [pool-645-thread-1] INFO  server.RaftServerConfigKeys (ConfUtils.java:logGet(43)) - raft.server.log.statemachine.data.sync.timeout.retry = -1 (default)
2019-09-25 05:50:45,954 [pool-645-thread-1] INFO  server.RaftServerConfigKeys (ConfUtils.java:logGet(43)) - raft.server.log.statemachine.data.caching.enabled = true (custom)
2019-09-25 05:50:45,955 [pool-645-thread-1] INFO  segmented.SegmentedRaftLogWorker (SegmentedRaftLogWorker.java:lambda$new$0(132)) - 91378772-90ea-4250-835f-6b2053232693@group-49B8CF3CA0B7-SegmentedRaftLogWorker: flushIndex: setUnconditionally 0 -> -1
2019-09-25 05:50:45,955 [pool-645-thread-1] INFO  server.RaftServerConfigKeys (ConfUtils.java:logGet(43)) - raft.server.snapshot.auto.trigger.enabled = true (custom)
2019-09-25 05:50:45,955 [pool-645-thread-1] INFO  server.RaftServerConfigKeys (ConfUtils.java:logGet(43)) - raft.server.snapshot.auto.trigger.threshold = 10000 (custom)
2019-09-25 05:50:45,956 [pool-645-thread-1] INFO  server.RaftServerConfigKeys (ConfUtils.java:logGet(43)) - raft.server.snapshot.retention.num.files = 5 (custom)
2019-09-25 05:50:45,956 [pool-645-thread-1] INFO  server.RaftServerConfigKeys (ConfUtils.java:logGet(43)) - raft.server.retrycache.expirytime = 600000ms (custom)
2019-09-25 05:50:45,958 [pool-645-thread-1] INFO  impl.RaftServerImpl (RaftServerImpl.java:start(185)) - 91378772-90ea-4250-835f-6b2053232693@group-49B8CF3CA0B7: start as a follower, conf=-1: [91378772-90ea-4250-835f-6b2053232693:192.168.30.10:42685], old=null
2019-09-25 05:50:45,958 [pool-645-thread-1] INFO  impl.RaftServerImpl (RaftServerImpl.java:setRole(174)) - 91378772-90ea-4250-835f-6b2053232693@group-49B8CF3CA0B7: changes role from      null to FOLLOWER at term 0 for startAsFollower
2019-09-25 05:50:45,958 [pool-645-thread-1] INFO  impl.RoleInfo (RoleInfo.java:updateAndGet(143)) - 91378772-90ea-4250-835f-6b2053232693: start FollowerState
2019-09-25 05:50:45,959 [pool-645-thread-1] INFO  util.JmxRegister (JmxRegister.java:tryRegister(44)) - Successfully registered JMX Bean with object name Ratis:service=RaftServer,group=group-49B8CF3CA0B7,id=91378772-90ea-4250-835f-6b2053232693
2019-09-25 05:50:45,960 [RatisPipelineUtilsThread] INFO  pipeline.PipelineStateManager (PipelineStateManager.java:addPipeline(56)) - Created pipeline Pipeline[ Id: 41a105a5-f370-44f7-acf7-49b8cf3ca0b7, Nodes: 91378772-90ea-4250-835f-6b2053232693{ip: 192.168.30.10, host: pr-hdds-1569-s62bp-3040748787, networkLocation: /default-rack, certSerialId: null}, Type:RATIS, Factor:ONE, State:OPEN]
2019-09-25 05:50:45,961 [RatisPipelineUtilsThread] INFO  pipeline.PipelinePlacementPolicy (PipelinePlacementPolicy.java:meetCriteria(91)) - Pipeline Placement: Doesn't meet the criteria to be viable node： 998f0c91-f727-4973-bd37-e1a81f390f6c Heaviness: 6 limit: 5
2019-09-25 05:50:45,961 [RatisPipelineUtilsThread] INFO  pipeline.PipelinePlacementPolicy (PipelinePlacementPolicy.java:meetCriteria(91)) - Pipeline Placement: Doesn't meet the criteria to be viable node： ddf6e088-733e-4b9a-8ca4-5a6f511d9b5a Heaviness: 6 limit: 5
2019-09-25 05:50:45,961 [RatisPipelineUtilsThread] INFO  pipeline.PipelinePlacementPolicy (PipelinePlacementPolicy.java:meetCriteria(91)) - Pipeline Placement: Doesn't meet the criteria to be viable node： 8aaa6fc6-f7fb-4882-accc-fabfb9faa78a Heaviness: 6 limit: 5
2019-09-25 05:50:45,961 [RatisPipelineUtilsThread] INFO  pipeline.PipelinePlacementPolicy (PipelinePlacementPolicy.java:meetCriteria(91)) - Pipeline Placement: Doesn't meet the criteria to be viable node： 60b026ab-fadd-426f-9b92-f2e4bcc7c7ff Heaviness: 6 limit: 5
2019-09-25 05:50:45,961 [RatisPipelineUtilsThread] INFO  pipeline.PipelinePlacementPolicy (PipelinePlacementPolicy.java:meetCriteria(91)) - Pipeline Placement: Doesn't meet the criteria to be viable node： 048cd757-ac0b-449d-96b7-2f2a98d02798 Heaviness: 6 limit: 5
2019-09-25 05:50:45,962 [RatisPipelineUtilsThread] INFO  pipeline.PipelinePlacementPolicy (PipelinePlacementPolicy.java:meetCriteria(91)) - Pipeline Placement: Doesn't meet the criteria to be viable node： 49655598-56f4-41c4-a924-b5d2880a3f2f Heaviness: 6 limit: 5
2019-09-25 05:50:45,965 [grpc-default-executor-0] INFO  impl.RaftServerProxy (RaftServerProxy.java:addNew(89)) - 91378772-90ea-4250-835f-6b2053232693: addNew group-85A820F1931C:[91378772-90ea-4250-835f-6b2053232693:192.168.30.10:42685] returns group-85A820F1931C:java.util.concurrent.CompletableFuture@53935277[Not completed]
2019-09-25 05:50:45,966 [pool-645-thread-1] INFO  impl.RaftServerImpl (RaftServerImpl.java:<init>(95)) - 91378772-90ea-4250-835f-6b2053232693: new RaftServerImpl for group-85A820F1931C:[91378772-90ea-4250-835f-6b2053232693:192.168.30.10:42685] with ContainerStateMachine:uninitialized
2019-09-25 05:50:45,966 [pool-645-thread-1] INFO  server.RaftServerConfigKeys (ConfUtils.java:logGet(43)) - raft.server.rpc.timeout.min = 5s (custom)
2019-09-25 05:50:45,966 [pool-645-thread-1] INFO  server.RaftServerConfigKeys (ConfUtils.java:logGet(43)) - raft.server.rpc.timeout.max = 5200ms (custom)
2019-09-25 05:50:45,966 [pool-645-thread-1] INFO  server.RaftServerConfigKeys (ConfUtils.java:logGet(43)) - raft.server.rpcslowness.timeout = 120s (custom)
2019-09-25 05:50:45,966 [pool-645-thread-1] INFO  server.RaftServerConfigKeys (ConfUtils.java:logGet(43)) - raft.server.sleep.deviation.threshold = 300 (default)
2019-09-25 05:50:45,967 [pool-645-thread-1] INFO  server.RaftServerConfigKeys (ConfUtils.java:logGet(43)) - raft.server.log.appender.install.snapshot.enabled = false (custom)
2019-09-25 05:50:45,967 [pool-645-thread-1] INFO  impl.RaftServerImpl (ServerState.java:<init>(103)) - 91378772-90ea-4250-835f-6b2053232693@group-85A820F1931C: ConfigurationManager, init=-1: [91378772-90ea-4250-835f-6b2053232693:192.168.30.10:42685], old=null, confs=<EMPTY_MAP>
2019-09-25 05:50:45,967 [pool-645-thread-1] INFO  server.RaftServerConfigKeys (ConfUtils.java:logGet(43)) - raft.server.storage.dir = [/workdir/hadoop-ozone/integration-test/target/test-dir/MiniOzoneClusterImpl-28dc08f8-08b8-4dfd-b771-8384b6a2d499/datanode-6/data/ratis] (custom)
2019-09-25 05:50:45,967 [pool-645-thread-1] INFO  storage.RaftStorageDirectory (RaftStorageDirectory.java:analyzeStorage(246)) - The storage directory /workdir/hadoop-ozone/integration-test/target/test-dir/MiniOzoneClusterImpl-28dc08f8-08b8-4dfd-b771-8384b6a2d499/datanode-6/data/ratis/38b74a07-735e-4bea-b28a-85a820f1931c does not exist. Creating ...
2019-09-25 05:50:45,981 [pool-645-thread-1] INFO  storage.RaftStorageDirectory (RaftStorageDirectory.java:tryLock(328)) - Lock on /workdir/hadoop-ozone/integration-test/target/test-dir/MiniOzoneClusterImpl-28dc08f8-08b8-4dfd-b771-8384b6a2d499/datanode-6/data/ratis/38b74a07-735e-4bea-b28a-85a820f1931c/in_use.lock acquired by nodename 13539@pr-hdds-1569-s62bp-3040748787
2019-09-25 05:50:46,006 [pool-645-thread-1] INFO  storage.RaftStorage (RaftStorage.java:format(72)) - Storage directory /workdir/hadoop-ozone/integration-test/target/test-dir/MiniOzoneClusterImpl-28dc08f8-08b8-4dfd-b771-8384b6a2d499/datanode-6/data/ratis/38b74a07-735e-4bea-b28a-85a820f1931c has been successfully formatted.
2019-09-25 05:50:46,006 [pool-645-thread-1] INFO  ratis.ContainerStateMachine (ContainerStateMachine.java:loadSnapshot(230)) - group-85A820F1931C: The snapshot info is null. Setting the last applied indexto:(t:0, i:~)
2019-09-25 05:50:46,007 [pool-645-thread-1] INFO  server.RaftServerConfigKeys (ConfUtils.java:logGet(43)) - raft.server.notification.no-leader.timeout = 120s (custom)
2019-09-25 05:50:46,007 [pool-645-thread-1] INFO  server.RaftServerConfigKeys (ConfUtils.java:logGet(43)) - raft.server.log.use.memory = false (default)
2019-09-25 05:50:46,007 [pool-645-thread-1] INFO  server.RaftServerConfigKeys (ConfUtils.java:logGet(43)) - raft.server.log.purge.gap = 1000000 (custom)
2019-09-25 05:50:46,007 [pool-645-thread-1] INFO  server.RaftServerConfigKeys (ConfUtils.java:logGet(43)) - raft.server.log.appender.buffer.byte-limit = 33554432 (custom)
2019-09-25 05:50:46,007 [pool-645-thread-1] INFO  server.RaftServerConfigKeys (ConfUtils.java:logGet(43)) - raft.server.log.segment.size.max = 1048576 (custom)
2019-09-25 05:50:46,007 [pool-645-thread-1] INFO  server.RaftServerConfigKeys (ConfUtils.java:logGet(43)) - raft.server.log.segment.cache.num.max = 2 (custom)
2019-09-25 05:50:46,008 [pool-645-thread-1] INFO  segmented.SegmentedRaftLogWorker (SegmentedRaftLogWorker.java:<init>(172)) - new 91378772-90ea-4250-835f-6b2053232693@group-85A820F1931C-SegmentedRaftLogWorker for RaftStorage:Storage Directory /workdir/hadoop-ozone/integration-test/target/test-dir/MiniOzoneClusterImpl-28dc08f8-08b8-4dfd-b771-8384b6a2d499/datanode-6/data/ratis/38b74a07-735e-4bea-b28a-85a820f1931c
2019-09-25 05:50:46,008 [pool-645-thread-1] INFO  server.RaftServerConfigKeys (ConfUtils.java:logGet(43)) - raft.server.log.queue.byte-limit = 2147483647 (custom)
2019-09-25 05:50:46,008 [pool-645-thread-1] INFO  server.RaftServerConfigKeys (ConfUtils.java:logGet(43)) - raft.server.log.queue.element-limit = 1024 (custom)
2019-09-25 05:50:46,008 [pool-645-thread-1] INFO  server.RaftServerConfigKeys (ConfUtils.java:logGet(43)) - raft.server.log.segment.size.max = 1048576 (custom)
2019-09-25 05:50:46,008 [pool-645-thread-1] INFO  server.RaftServerConfigKeys (ConfUtils.java:logGet(43)) - raft.server.log.preallocated.size = 16384 (custom)
2019-09-25 05:50:46,008 [pool-645-thread-1] INFO  server.RaftServerConfigKeys (ConfUtils.java:logGet(43)) - raft.server.log.write.buffer.size = 33554432 (custom)
2019-09-25 05:50:46,008 [pool-645-thread-1] INFO  server.RaftServerConfigKeys (ConfUtils.java:logGet(43)) - raft.server.log.force.sync.num = 128 (default)
2019-09-25 05:50:46,009 [pool-645-thread-1] INFO  server.RaftServerConfigKeys (ConfUtils.java:logGet(43)) - raft.server.log.statemachine.data.sync = true (default)
2019-09-25 05:50:46,009 [pool-645-thread-1] INFO  server.RaftServerConfigKeys (ConfUtils.java:logGet(43)) - raft.server.log.statemachine.data.sync.timeout = 10s (default)
2019-09-25 05:50:46,009 [pool-645-thread-1] INFO  server.RaftServerConfigKeys (ConfUtils.java:logGet(43)) - raft.server.log.statemachine.data.sync.timeout.retry = -1 (default)
2019-09-25 05:50:46,009 [pool-645-thread-1] INFO  server.RaftServerConfigKeys (ConfUtils.java:logGet(43)) - raft.server.log.statemachine.data.caching.enabled = true (custom)
2019-09-25 05:50:46,009 [pool-645-thread-1] INFO  segmented.SegmentedRaftLogWorker (SegmentedRaftLogWorker.java:lambda$new$0(132)) - 91378772-90ea-4250-835f-6b2053232693@group-85A820F1931C-SegmentedRaftLogWorker: flushIndex: setUnconditionally 0 -> -1
2019-09-25 05:50:46,010 [pool-645-thread-1] INFO  server.RaftServerConfigKeys (ConfUtils.java:logGet(43)) - raft.server.snapshot.auto.trigger.enabled = true (custom)
2019-09-25 05:50:46,010 [pool-645-thread-1] INFO  server.RaftServerConfigKeys (ConfUtils.java:logGet(43)) - raft.server.snapshot.auto.trigger.threshold = 10000 (custom)
2019-09-25 05:50:46,010 [pool-645-thread-1] INFO  server.RaftServerConfigKeys (ConfUtils.java:logGet(43)) - raft.server.snapshot.retention.num.files = 5 (custom)
2019-09-25 05:50:46,010 [pool-645-thread-1] INFO  server.RaftServerConfigKeys (ConfUtils.java:logGet(43)) - raft.server.retrycache.expirytime = 600000ms (custom)
2019-09-25 05:50:46,012 [pool-645-thread-1] INFO  impl.RaftServerImpl (RaftServerImpl.java:start(185)) - 91378772-90ea-4250-835f-6b2053232693@group-85A820F1931C: start as a follower, conf=-1: [91378772-90ea-4250-835f-6b2053232693:192.168.30.10:42685], old=null
2019-09-25 05:50:46,012 [pool-645-thread-1] INFO  impl.RaftServerImpl (RaftServerImpl.java:setRole(174)) - 91378772-90ea-4250-835f-6b2053232693@group-85A820F1931C: changes role from      null to FOLLOWER at term 0 for startAsFollower
2019-09-25 05:50:46,012 [pool-645-thread-1] INFO  impl.RoleInfo (RoleInfo.java:updateAndGet(143)) - 91378772-90ea-4250-835f-6b2053232693: start FollowerState
2019-09-25 05:50:46,012 [pool-645-thread-1] INFO  util.JmxRegister (JmxRegister.java:tryRegister(44)) - Successfully registered JMX Bean with object name Ratis:service=RaftServer,group=group-85A820F1931C,id=91378772-90ea-4250-835f-6b2053232693
2019-09-25 05:50:46,015 [RatisPipelineUtilsThread] INFO  pipeline.PipelineStateManager (PipelineStateManager.java:addPipeline(56)) - Created pipeline Pipeline[ Id: 38b74a07-735e-4bea-b28a-85a820f1931c, Nodes: 91378772-90ea-4250-835f-6b2053232693{ip: 192.168.30.10, host: pr-hdds-1569-s62bp-3040748787, networkLocation: /default-rack, certSerialId: null}, Type:RATIS, Factor:ONE, State:OPEN]
2019-09-25 05:50:46,015 [RatisPipelineUtilsThread] INFO  pipeline.PipelinePlacementPolicy (PipelinePlacementPolicy.java:meetCriteria(91)) - Pipeline Placement: Doesn't meet the criteria to be viable node： 998f0c91-f727-4973-bd37-e1a81f390f6c Heaviness: 6 limit: 5
2019-09-25 05:50:46,015 [RatisPipelineUtilsThread] INFO  pipeline.PipelinePlacementPolicy (PipelinePlacementPolicy.java:meetCriteria(91)) - Pipeline Placement: Doesn't meet the criteria to be viable node： 91378772-90ea-4250-835f-6b2053232693 Heaviness: 6 limit: 5
2019-09-25 05:50:46,015 [RatisPipelineUtilsThread] INFO  pipeline.PipelinePlacementPolicy (PipelinePlacementPolicy.java:meetCriteria(91)) - Pipeline Placement: Doesn't meet the criteria to be viable node： ddf6e088-733e-4b9a-8ca4-5a6f511d9b5a Heaviness: 6 limit: 5
2019-09-25 05:50:46,016 [RatisPipelineUtilsThread] INFO  pipeline.PipelinePlacementPolicy (PipelinePlacementPolicy.java:meetCriteria(91)) - Pipeline Placement: Doesn't meet the criteria to be viable node： 8aaa6fc6-f7fb-4882-accc-fabfb9faa78a Heaviness: 6 limit: 5
2019-09-25 05:50:46,016 [RatisPipelineUtilsThread] INFO  pipeline.PipelinePlacementPolicy (PipelinePlacementPolicy.java:meetCriteria(91)) - Pipeline Placement: Doesn't meet the criteria to be viable node： 60b026ab-fadd-426f-9b92-f2e4bcc7c7ff Heaviness: 6 limit: 5
2019-09-25 05:50:46,016 [RatisPipelineUtilsThread] INFO  pipeline.PipelinePlacementPolicy (PipelinePlacementPolicy.java:meetCriteria(91)) - Pipeline Placement: Doesn't meet the criteria to be viable node： 048cd757-ac0b-449d-96b7-2f2a98d02798 Heaviness: 6 limit: 5
2019-09-25 05:50:46,016 [RatisPipelineUtilsThread] INFO  pipeline.PipelinePlacementPolicy (PipelinePlacementPolicy.java:meetCriteria(91)) - Pipeline Placement: Doesn't meet the criteria to be viable node： 49655598-56f4-41c4-a924-b5d2880a3f2f Heaviness: 6 limit: 5
2019-09-25 05:50:46,016 [RatisPipelineUtilsThread] ERROR pipeline.PipelinePlacementPolicy (PipelinePlacementPolicy.java:filterViableNodes(148)) - Unable to find enough nodes that meet the criteria that cannot engage in more than 5 pipelines. Nodes required: 1 Found: 0, healthy nodes count inNodeManager: 7.
2019-09-25 05:50:46,016 [RatisPipelineUtilsThread] ERROR pipeline.SCMPipelineManager (SCMPipelineManager.java:createPipeline(167)) - Pipeline creation failed due to exception: Unable to find enough nodes that meet the criteria that cannot engage in more than 5 pipelines. Nodes required: 1 Found: 0, healthy nodes count inNodeManager: 7.
2019-09-25 05:50:46,017 [RatisPipelineUtilsThread] INFO  pipeline.PipelinePlacementPolicy (PipelinePlacementPolicy.java:meetCriteria(91)) - Pipeline Placement: Doesn't meet the criteria to be viable node： 998f0c91-f727-4973-bd37-e1a81f390f6c Heaviness: 6 limit: 5
2019-09-25 05:50:46,017 [RatisPipelineUtilsThread] INFO  pipeline.PipelinePlacementPolicy (PipelinePlacementPolicy.java:meetCriteria(91)) - Pipeline Placement: Doesn't meet the criteria to be viable node： 91378772-90ea-4250-835f-6b2053232693 Heaviness: 6 limit: 5
2019-09-25 05:50:46,017 [RatisPipelineUtilsThread] INFO  pipeline.PipelinePlacementPolicy (PipelinePlacementPolicy.java:meetCriteria(91)) - Pipeline Placement: Doesn't meet the criteria to be viable node： ddf6e088-733e-4b9a-8ca4-5a6f511d9b5a Heaviness: 6 limit: 5
2019-09-25 05:50:46,017 [RatisPipelineUtilsThread] INFO  pipeline.PipelinePlacementPolicy (PipelinePlacementPolicy.java:meetCriteria(91)) - Pipeline Placement: Doesn't meet the criteria to be viable node： 8aaa6fc6-f7fb-4882-accc-fabfb9faa78a Heaviness: 6 limit: 5
2019-09-25 05:50:46,017 [RatisPipelineUtilsThread] INFO  pipeline.PipelinePlacementPolicy (PipelinePlacementPolicy.java:meetCriteria(91)) - Pipeline Placement: Doesn't meet the criteria to be viable node： 60b026ab-fadd-426f-9b92-f2e4bcc7c7ff Heaviness: 6 limit: 5
2019-09-25 05:50:46,017 [RatisPipelineUtilsThread] INFO  pipeline.PipelinePlacementPolicy (PipelinePlacementPolicy.java:meetCriteria(91)) - Pipeline Placement: Doesn't meet the criteria to be viable node： 048cd757-ac0b-449d-96b7-2f2a98d02798 Heaviness: 6 limit: 5
2019-09-25 05:50:46,018 [RatisPipelineUtilsThread] INFO  pipeline.PipelinePlacementPolicy (PipelinePlacementPolicy.java:meetCriteria(91)) - Pipeline Placement: Doesn't meet the criteria to be viable node： 49655598-56f4-41c4-a924-b5d2880a3f2f Heaviness: 6 limit: 5
2019-09-25 05:50:46,018 [RatisPipelineUtilsThread] ERROR pipeline.PipelinePlacementPolicy (PipelinePlacementPolicy.java:filterViableNodes(148)) - Unable to find enough nodes that meet the criteria that cannot engage in more than 5 pipelines. Nodes required: 3 Found: 0, healthy nodes count inNodeManager: 7.
2019-09-25 05:50:46,018 [RatisPipelineUtilsThread] ERROR pipeline.SCMPipelineManager (SCMPipelineManager.java:createPipeline(167)) - Pipeline creation failed due to exception: Unable to find enough nodes that meet the criteria that cannot engage in more than 5 pipelines. Nodes required: 3 Found: 0, healthy nodes count inNodeManager: 7.
2019-09-25 05:50:46,018 [RatisPipelineUtilsThread] INFO  pipeline.PipelinePlacementPolicy (PipelinePlacementPolicy.java:meetCriteria(91)) - Pipeline Placement: Doesn't meet the criteria to be viable node： 998f0c91-f727-4973-bd37-e1a81f390f6c Heaviness: 6 limit: 5
2019-09-25 05:50:46,019 [RatisPipelineUtilsThread] INFO  pipeline.PipelinePlacementPolicy (PipelinePlacementPolicy.java:meetCriteria(91)) - Pipeline Placement: Doesn't meet the criteria to be viable node： 91378772-90ea-4250-835f-6b2053232693 Heaviness: 6 limit: 5
2019-09-25 05:50:46,019 [RatisPipelineUtilsThread] INFO  pipeline.PipelinePlacementPolicy (PipelinePlacementPolicy.java:meetCriteria(91)) - Pipeline Placement: Doesn't meet the criteria to be viable node： ddf6e088-733e-4b9a-8ca4-5a6f511d9b5a Heaviness: 6 limit: 5
2019-09-25 05:50:46,019 [RatisPipelineUtilsThread] INFO  pipeline.PipelinePlacementPolicy (PipelinePlacementPolicy.java:meetCriteria(91)) - Pipeline Placement: Doesn't meet the criteria to be viable node： 8aaa6fc6-f7fb-4882-accc-fabfb9faa78a Heaviness: 6 limit: 5
2019-09-25 05:50:46,019 [RatisPipelineUtilsThread] INFO  pipeline.PipelinePlacementPolicy (PipelinePlacementPolicy.java:meetCriteria(91)) - Pipeline Placement: Doesn't meet the criteria to be viable node： 60b026ab-fadd-426f-9b92-f2e4bcc7c7ff Heaviness: 6 limit: 5
2019-09-25 05:50:46,019 [RatisPipelineUtilsThread] INFO  pipeline.PipelinePlacementPolicy (PipelinePlacementPolicy.java:meetCriteria(91)) - Pipeline Placement: Doesn't meet the criteria to be viable node： 048cd757-ac0b-449d-96b7-2f2a98d02798 Heaviness: 6 limit: 5
2019-09-25 05:50:46,019 [RatisPipelineUtilsThread] INFO  pipeline.PipelinePlacementPolicy (PipelinePlacementPolicy.java:meetCriteria(91)) - Pipeline Placement: Doesn't meet the criteria to be viable node： 49655598-56f4-41c4-a924-b5d2880a3f2f Heaviness: 6 limit: 5
2019-09-25 05:50:46,020 [RatisPipelineUtilsThread] ERROR pipeline.PipelinePlacementPolicy (PipelinePlacementPolicy.java:filterViableNodes(148)) - Unable to find enough nodes that meet the criteria that cannot engage in more than 5 pipelines. Nodes required: 1 Found: 0, healthy nodes count inNodeManager: 7.
2019-09-25 05:50:46,020 [RatisPipelineUtilsThread] ERROR pipeline.SCMPipelineManager (SCMPipelineManager.java:createPipeline(167)) - Pipeline creation failed due to exception: Unable to find enough nodes that meet the criteria that cannot engage in more than 5 pipelines. Nodes required: 1 Found: 0, healthy nodes count inNodeManager: 7.
2019-09-25 05:50:46,020 [RatisPipelineUtilsThread] INFO  pipeline.PipelinePlacementPolicy (PipelinePlacementPolicy.java:meetCriteria(91)) - Pipeline Placement: Doesn't meet the criteria to be viable node： 998f0c91-f727-4973-bd37-e1a81f390f6c Heaviness: 6 limit: 5
2019-09-25 05:50:46,020 [RatisPipelineUtilsThread] INFO  pipeline.PipelinePlacementPolicy (PipelinePlacementPolicy.java:meetCriteria(91)) - Pipeline Placement: Doesn't meet the criteria to be viable node： 91378772-90ea-4250-835f-6b2053232693 Heaviness: 6 limit: 5
2019-09-25 05:50:46,020 [RatisPipelineUtilsThread] INFO  pipeline.PipelinePlacementPolicy (PipelinePlacementPolicy.java:meetCriteria(91)) - Pipeline Placement: Doesn't meet the criteria to be viable node： ddf6e088-733e-4b9a-8ca4-5a6f511d9b5a Heaviness: 6 limit: 5
2019-09-25 05:50:46,021 [RatisPipelineUtilsThread] INFO  pipeline.PipelinePlacementPolicy (PipelinePlacementPolicy.java:meetCriteria(91)) - Pipeline Placement: Doesn't meet the criteria to be viable node： 8aaa6fc6-f7fb-4882-accc-fabfb9faa78a Heaviness: 6 limit: 5
2019-09-25 05:50:46,021 [RatisPipelineUtilsThread] INFO  pipeline.PipelinePlacementPolicy (PipelinePlacementPolicy.java:meetCriteria(91)) - Pipeline Placement: Doesn't meet the criteria to be viable node： 60b026ab-fadd-426f-9b92-f2e4bcc7c7ff Heaviness: 6 limit: 5
2019-09-25 05:50:46,021 [RatisPipelineUtilsThread] INFO  pipeline.PipelinePlacementPolicy (PipelinePlacementPolicy.java:meetCriteria(91)) - Pipeline Placement: Doesn't meet the criteria to be viable node： 048cd757-ac0b-449d-96b7-2f2a98d02798 Heaviness: 6 limit: 5
2019-09-25 05:50:46,021 [RatisPipelineUtilsThread] INFO  pipeline.PipelinePlacementPolicy (PipelinePlacementPolicy.java:meetCriteria(91)) - Pipeline Placement: Doesn't meet the criteria to be viable node： 49655598-56f4-41c4-a924-b5d2880a3f2f Heaviness: 6 limit: 5
2019-09-25 05:50:46,021 [RatisPipelineUtilsThread] ERROR pipeline.PipelinePlacementPolicy (PipelinePlacementPolicy.java:filterViableNodes(148)) - Unable to find enough nodes that meet the criteria that cannot engage in more than 5 pipelines. Nodes required: 3 Found: 0, healthy nodes count inNodeManager: 7.
2019-09-25 05:50:46,021 [RatisPipelineUtilsThread] ERROR pipeline.SCMPipelineManager (SCMPipelineManager.java:createPipeline(167)) - Pipeline creation failed due to exception: Unable to find enough nodes that meet the criteria that cannot engage in more than 5 pipelines. Nodes required: 3 Found: 0, healthy nodes count inNodeManager: 7.
2019-09-25 05:50:46,022 [IPC Server handler 1 on 33170] INFO  pipeline.PipelinePlacementPolicy (PipelinePlacementPolicy.java:meetCriteria(91)) - Pipeline Placement: Doesn't meet the criteria to be viable node： 998f0c91-f727-4973-bd37-e1a81f390f6c Heaviness: 6 limit: 5
2019-09-25 05:50:46,022 [IPC Server handler 1 on 33170] INFO  pipeline.PipelinePlacementPolicy (PipelinePlacementPolicy.java:meetCriteria(91)) - Pipeline Placement: Doesn't meet the criteria to be viable node： 91378772-90ea-4250-835f-6b2053232693 Heaviness: 6 limit: 5
2019-09-25 05:50:46,022 [IPC Server handler 1 on 33170] INFO  pipeline.PipelinePlacementPolicy (PipelinePlacementPolicy.java:meetCriteria(91)) - Pipeline Placement: Doesn't meet the criteria to be viable node： ddf6e088-733e-4b9a-8ca4-5a6f511d9b5a Heaviness: 6 limit: 5
2019-09-25 05:50:46,022 [IPC Server handler 1 on 33170] INFO  pipeline.PipelinePlacementPolicy (PipelinePlacementPolicy.java:meetCriteria(91)) - Pipeline Placement: Doesn't meet the criteria to be viable node： 8aaa6fc6-f7fb-4882-accc-fabfb9faa78a Heaviness: 6 limit: 5
2019-09-25 05:50:46,023 [IPC Server handler 1 on 33170] INFO  pipeline.PipelinePlacementPolicy (PipelinePlacementPolicy.java:meetCriteria(91)) - Pipeline Placement: Doesn't meet the criteria to be viable node： 60b026ab-fadd-426f-9b92-f2e4bcc7c7ff Heaviness: 6 limit: 5
2019-09-25 05:50:46,023 [IPC Server handler 1 on 33170] INFO  pipeline.PipelinePlacementPolicy (PipelinePlacementPolicy.java:meetCriteria(91)) - Pipeline Placement: Doesn't meet the criteria to be viable node： 048cd757-ac0b-449d-96b7-2f2a98d02798 Heaviness: 6 limit: 5
2019-09-25 05:50:46,023 [IPC Server handler 1 on 33170] INFO  pipeline.PipelinePlacementPolicy (PipelinePlacementPolicy.java:meetCriteria(91)) - Pipeline Placement: Doesn't meet the criteria to be viable node： 49655598-56f4-41c4-a924-b5d2880a3f2f Heaviness: 6 limit: 5
2019-09-25 05:50:46,023 [IPC Server handler 1 on 33170] ERROR pipeline.PipelinePlacementPolicy (PipelinePlacementPolicy.java:filterViableNodes(148)) - Unable to find enough nodes that meet the criteria that cannot engage in more than 5 pipelines. Nodes required: 3 Found: 0, healthy nodes count inNodeManager: 7.
2019-09-25 05:50:46,023 [IPC Server handler 1 on 33170] ERROR pipeline.SCMPipelineManager (SCMPipelineManager.java:createPipeline(167)) - Pipeline creation failed due to exception: Unable to find enough nodes that meet the criteria that cannot engage in more than 5 pipelines. Nodes required: 3 Found: 0, healthy nodes count inNodeManager: 7.
2019-09-25 05:50:46,024 [IPC Server handler 1 on 33170] WARN  block.BlockManagerImpl (BlockManagerImpl.java:allocateBlock(192)) - Pipeline creation failed for type:RATIS factor:THREE. Retrying get pipelines call once.
org.apache.hadoop.hdds.scm.exceptions.SCMException: Unable to find enough nodes that meet the criteria that cannot engage in more than 5 pipelines. Nodes required: 3 Found: 0, healthy nodes count inNodeManager: 7.
	at org.apache.hadoop.hdds.scm.pipeline.PipelinePlacementPolicy.filterViableNodes(PipelinePlacementPolicy.java:149)
	at org.apache.hadoop.hdds.scm.pipeline.PipelinePlacementPolicy.chooseDatanodes(PipelinePlacementPolicy.java:172)
	at org.apache.hadoop.hdds.scm.pipeline.RatisPipelineProvider.create(RatisPipelineProvider.java:93)
	at org.apache.hadoop.hdds.scm.pipeline.PipelineFactory.create(PipelineFactory.java:58)
	at org.apache.hadoop.hdds.scm.pipeline.SCMPipelineManager.createPipeline(SCMPipelineManager.java:155)
	at org.apache.hadoop.hdds.scm.block.BlockManagerImpl.allocateBlock(BlockManagerImpl.java:190)
	at org.apache.hadoop.hdds.scm.server.SCMBlockProtocolServer.allocateBlock(SCMBlockProtocolServer.java:182)
	at org.apache.hadoop.ozone.protocolPB.ScmBlockLocationProtocolServerSideTranslatorPB.allocateScmBlock(ScmBlockLocationProtocolServerSideTranslatorPB.java:183)
	at org.apache.hadoop.ozone.protocolPB.ScmBlockLocationProtocolServerSideTranslatorPB.processMessage(ScmBlockLocationProtocolServerSideTranslatorPB.java:141)
	at org.apache.hadoop.ozone.protocolPB.ScmBlockLocationProtocolServerSideTranslatorPB.send(ScmBlockLocationProtocolServerSideTranslatorPB.java:116)
	at org.apache.hadoop.hdds.protocol.proto.ScmBlockLocationProtocolProtos$ScmBlockLocationProtocolService$2.callBlockingMethod(ScmBlockLocationProtocolProtos.java:13157)
	at org.apache.hadoop.ipc.ProtobufRpcEngine$Server$ProtoBufRpcInvoker.call(ProtobufRpcEngine.java:524)
	at org.apache.hadoop.ipc.RPC$Server.call(RPC.java:1025)
	at org.apache.hadoop.ipc.Server$RpcCall.run(Server.java:876)
	at org.apache.hadoop.ipc.Server$RpcCall.run(Server.java:822)
	at java.security.AccessController.doPrivileged(Native Method)
	at javax.security.auth.Subject.doAs(Subject.java:422)
	at org.apache.hadoop.security.UserGroupInformation.doAs(UserGroupInformation.java:1730)
	at org.apache.hadoop.ipc.Server$Handler.run(Server.java:2682)
2019-09-25 05:50:46,024 [IPC Server handler 1 on 33170] INFO  block.BlockManagerImpl (BlockManagerImpl.java:allocateBlock(198)) - Could not find available pipeline of type:RATIS and factor:THREE even after retrying
2019-09-25 05:50:46,024 [IPC Server handler 1 on 33170] ERROR block.BlockManagerImpl (BlockManagerImpl.java:allocateBlock(222)) - Unable to allocate a block for the size: 800, type: RATIS, factor: THREE
2019-09-25 05:50:46,033 [main] INFO  ozone.MiniOzoneClusterImpl (MiniOzoneClusterImpl.java:shutdown(314)) - Shutting down the Mini Ozone Cluster
2019-09-25 05:50:46,033 [main] INFO  ozone.MiniOzoneClusterImpl (MiniOzoneClusterImpl.java:stop(330)) - Stopping the Mini Ozone Cluster
2019-09-25 05:50:46,033 [main] INFO  ozone.MiniOzoneClusterImpl (MiniOzoneClusterImpl.java:stopOM(400)) - Stopping the OzoneManager
2019-09-25 05:50:46,033 [main] INFO  ipc.Server (Server.java:stop(3082)) - Stopping server on 32809
2019-09-25 05:50:46,057 [IPC Server listener on 32809] INFO  ipc.Server (Server.java:run(1185)) - Stopping IPC Server listener on 32809
2019-09-25 05:50:46,064 [main] INFO  ratis.OzoneManagerDoubleBuffer (OzoneManagerDoubleBuffer.java:stop(248)) - Stopping OMDoubleBuffer flush thread
2019-09-25 05:50:46,068 [IPC Server Responder] INFO  ipc.Server (Server.java:run(1319)) - Stopping IPC Server Responder
2019-09-25 05:50:46,082 [OMDoubleBufferFlushThread] INFO  ratis.OzoneManagerDoubleBuffer (OzoneManagerDoubleBuffer.java:flushTransactions(191)) - OMDoubleBuffer flush thread OMDoubleBufferFlushThread is interrupted and will exit. OMDoubleBufferFlushThread
2019-09-25 05:50:46,086 [main] INFO  utils.BackgroundService (BackgroundService.java:shutdown(148)) - Shutting down service KeyDeletingService
2019-09-25 05:50:46,122 [main] INFO  handler.ContextHandler (ContextHandler.java:doStop(910)) - Stopped o.e.j.w.WebAppContext@752973de{/,null,UNAVAILABLE}{/ozoneManager}
2019-09-25 05:50:46,123 [main] INFO  server.AbstractConnector (AbstractConnector.java:doStop(318)) - Stopped ServerConnector@52a67293{HTTP/1.1,[http/1.1]}{0.0.0.0:0}
2019-09-25 05:50:46,123 [main] INFO  handler.ContextHandler (ContextHandler.java:doStop(910)) - Stopped o.e.j.s.ServletContextHandler@579846cc{/static,file:///workdir/hadoop-ozone/integration-test/target/test-classes/webapps/static,UNAVAILABLE}
2019-09-25 05:50:46,123 [main] INFO  handler.ContextHandler (ContextHandler.java:doStop(910)) - Stopped o.e.j.s.ServletContextHandler@59b447a4{/logs,file:///workdir/hadoop-ozone/integration-test/target/log,UNAVAILABLE}
2019-09-25 05:50:46,126 [main] INFO  ozone.MiniOzoneClusterImpl (MiniOzoneClusterImpl.java:stopDatanodes(377)) - Stopping the HddsDatanodes
2019-09-25 05:50:46,390 [Datanode State Machine Thread - 0] INFO  statemachine.DatanodeStateMachine (DatanodeStateMachine.java:lambda$startDaemon$0(350)) - Ozone container server started.
2019-09-25 05:50:47,011 [Thread-3527] INFO  container.ReplicationManager (ReplicationManager.java:start(163)) - Starting Replication Monitor Thread.
2019-09-25 05:50:47,018 [ReplicationMonitor] INFO  container.ReplicationManager (ReplicationManager.java:run(226)) - Replication Monitor Thread took 0 milliseconds for processing 0 containers.
2019-09-25 05:50:47,073 [Datanode State Machine Thread - 0] INFO  statemachine.DatanodeStateMachine (DatanodeStateMachine.java:lambda$startDaemon$0(350)) - Ozone container server started.
2019-09-25 05:50:49,082 [Thread-3529] INFO  impl.FollowerState (FollowerState.java:run(106)) - 49655598-56f4-41c4-a924-b5d2880a3f2f:group-879A36D65B4E changes to CANDIDATE, lastRpcTime:5014, electionTimeout:5014ms
2019-09-25 05:50:49,082 [Thread-3529] INFO  impl.RoleInfo (RoleInfo.java:shutdownFollowerState(121)) - 49655598-56f4-41c4-a924-b5d2880a3f2f: shutdown FollowerState
2019-09-25 05:50:49,082 [Thread-3529] INFO  impl.RaftServerImpl (RaftServerImpl.java:setRole(174)) - 49655598-56f4-41c4-a924-b5d2880a3f2f@group-879A36D65B4E: changes role from  FOLLOWER to CANDIDATE at term 0 for changeToCandidate
2019-09-25 05:50:49,082 [Thread-3529] INFO  impl.RoleInfo (RoleInfo.java:updateAndGet(143)) - 49655598-56f4-41c4-a924-b5d2880a3f2f: start LeaderElection
2019-09-25 05:50:49,133 [49655598-56f4-41c4-a924-b5d2880a3f2f@group-879A36D65B4E:LeaderElection257] INFO  impl.LeaderElection (LeaderElection.java:askForVotes(182)) - 49655598-56f4-41c4-a924-b5d2880a3f2f@group-879A36D65B4E:LeaderElection257: begin an election at term 1 for -1: [49655598-56f4-41c4-a924-b5d2880a3f2f:192.168.30.10:40919], old=null
2019-09-25 05:50:49,134 [49655598-56f4-41c4-a924-b5d2880a3f2f@group-879A36D65B4E:LeaderElection257] INFO  impl.RoleInfo (RoleInfo.java:shutdownLeaderElection(134)) - 49655598-56f4-41c4-a924-b5d2880a3f2f: shutdown LeaderElection
2019-09-25 05:50:49,134 [49655598-56f4-41c4-a924-b5d2880a3f2f@group-879A36D65B4E:LeaderElection257] INFO  impl.RaftServerImpl (RaftServerImpl.java:setRole(174)) - 49655598-56f4-41c4-a924-b5d2880a3f2f@group-879A36D65B4E: changes role from CANDIDATE to LEADER at term 1 for changeToLeader
2019-09-25 05:50:49,134 [49655598-56f4-41c4-a924-b5d2880a3f2f@group-879A36D65B4E:LeaderElection257] INFO  impl.RaftServerImpl (ServerState.java:setLeader(253)) - 49655598-56f4-41c4-a924-b5d2880a3f2f@group-879A36D65B4E: change Leader from null to 49655598-56f4-41c4-a924-b5d2880a3f2f at term 1 for becomeLeader, leader elected after 5074ms
2019-09-25 05:50:49,134 [49655598-56f4-41c4-a924-b5d2880a3f2f@group-879A36D65B4E:LeaderElection257] INFO  server.RaftServerConfigKeys (ConfUtils.java:logGet(43)) - raft.server.staging.catchup.gap = 1000 (default)
2019-09-25 05:50:49,134 [49655598-56f4-41c4-a924-b5d2880a3f2f@group-879A36D65B4E:LeaderElection257] INFO  server.RaftServerConfigKeys (ConfUtils.java:logGet(43)) - raft.server.rpc.sleep.time = 25ms (default)
2019-09-25 05:50:49,134 [49655598-56f4-41c4-a924-b5d2880a3f2f@group-879A36D65B4E:LeaderElection257] INFO  server.RaftServerConfigKeys (ConfUtils.java:logGet(43)) - raft.server.write.element-limit = 4096 (default)
2019-09-25 05:50:49,134 [49655598-56f4-41c4-a924-b5d2880a3f2f@group-879A36D65B4E:LeaderElection257] INFO  server.RaftServerConfigKeys (ConfUtils.java:logGet(43)) - raft.server.watch.timeout = 10s (default)
2019-09-25 05:50:49,135 [49655598-56f4-41c4-a924-b5d2880a3f2f@group-879A36D65B4E:LeaderElection257] INFO  server.RaftServerConfigKeys (ConfUtils.java:logGet(43)) - raft.server.watch.timeout.denomination = 1s (default)
2019-09-25 05:50:49,135 [49655598-56f4-41c4-a924-b5d2880a3f2f@group-879A36D65B4E:LeaderElection257] INFO  server.RaftServerConfigKeys (ConfUtils.java:logGet(43)) - raft.server.watch.element-limit = 65536 (default)
2019-09-25 05:50:49,136 [49655598-56f4-41c4-a924-b5d2880a3f2f@group-879A36D65B4E:LeaderElection257] INFO  impl.RoleInfo (RoleInfo.java:updateAndGet(143)) - 49655598-56f4-41c4-a924-b5d2880a3f2f: start LeaderState
2019-09-25 05:50:49,136 [49655598-56f4-41c4-a924-b5d2880a3f2f@group-879A36D65B4E:LeaderElection257] INFO  segmented.SegmentedRaftLogWorker (SegmentedRaftLogWorker.java:startLogSegment(380)) - 49655598-56f4-41c4-a924-b5d2880a3f2f@group-879A36D65B4E-SegmentedRaftLogWorker: Starting segment from index:0
2019-09-25 05:50:49,137 [49655598-56f4-41c4-a924-b5d2880a3f2f@group-879A36D65B4E:LeaderElection257] INFO  impl.RaftServerImpl (ServerState.java:setRaftConf(354)) - 49655598-56f4-41c4-a924-b5d2880a3f2f@group-879A36D65B4E: set configuration 0: [49655598-56f4-41c4-a924-b5d2880a3f2f:192.168.30.10:40919], old=null at 0
2019-09-25 05:50:49,175 [49655598-56f4-41c4-a924-b5d2880a3f2f@group-879A36D65B4E-SegmentedRaftLogWorker] INFO  segmented.SegmentedRaftLogWorker (SegmentedRaftLogWorker.java:execute(569)) - 49655598-56f4-41c4-a924-b5d2880a3f2f@group-879A36D65B4E-SegmentedRaftLogWorker: created new log segment /workdir/hadoop-ozone/integration-test/target/test-dir/MiniOzoneClusterImpl-28dc08f8-08b8-4dfd-b771-8384b6a2d499/datanode-0/data/ratis/a157503b-b7a8-462a-b33c-879a36d65b4e/current/log_inprogress_0
2019-09-25 05:50:49,179 [Thread-3532] INFO  impl.FollowerState (FollowerState.java:run(106)) - 49655598-56f4-41c4-a924-b5d2880a3f2f:group-169E900C0B66 changes to CANDIDATE, lastRpcTime:5071, electionTimeout:5071ms
2019-09-25 05:50:49,179 [Thread-3532] INFO  impl.RoleInfo (RoleInfo.java:shutdownFollowerState(121)) - 49655598-56f4-41c4-a924-b5d2880a3f2f: shutdown FollowerState
2019-09-25 05:50:49,179 [Thread-3532] INFO  impl.RaftServerImpl (RaftServerImpl.java:setRole(174)) - 49655598-56f4-41c4-a924-b5d2880a3f2f@group-169E900C0B66: changes role from  FOLLOWER to CANDIDATE at term 0 for changeToCandidate
2019-09-25 05:50:49,179 [Thread-3532] INFO  impl.RoleInfo (RoleInfo.java:updateAndGet(143)) - 49655598-56f4-41c4-a924-b5d2880a3f2f: start LeaderElection
2019-09-25 05:50:49,187 [Thread-3535] INFO  impl.FollowerState (FollowerState.java:run(106)) - 60b026ab-fadd-426f-9b92-f2e4bcc7c7ff:group-7DB0868986C1 changes to CANDIDATE, lastRpcTime:5020, electionTimeout:5020ms
2019-09-25 05:50:49,187 [Thread-3535] INFO  impl.RoleInfo (RoleInfo.java:shutdownFollowerState(121)) - 60b026ab-fadd-426f-9b92-f2e4bcc7c7ff: shutdown FollowerState
2019-09-25 05:50:49,187 [Thread-3535] INFO  impl.RaftServerImpl (RaftServerImpl.java:setRole(174)) - 60b026ab-fadd-426f-9b92-f2e4bcc7c7ff@group-7DB0868986C1: changes role from  FOLLOWER to CANDIDATE at term 0 for changeToCandidate
2019-09-25 05:50:49,188 [Thread-3535] INFO  impl.RoleInfo (RoleInfo.java:updateAndGet(143)) - 60b026ab-fadd-426f-9b92-f2e4bcc7c7ff: start LeaderElection
2019-09-25 05:50:49,192 [49655598-56f4-41c4-a924-b5d2880a3f2f@group-169E900C0B66:LeaderElection258] INFO  impl.LeaderElection (LeaderElection.java:askForVotes(182)) - 49655598-56f4-41c4-a924-b5d2880a3f2f@group-169E900C0B66:LeaderElection258: begin an election at term 1 for -1: [49655598-56f4-41c4-a924-b5d2880a3f2f:192.168.30.10:40919], old=null
2019-09-25 05:50:49,192 [49655598-56f4-41c4-a924-b5d2880a3f2f@group-169E900C0B66:LeaderElection258] INFO  impl.RoleInfo (RoleInfo.java:shutdownLeaderElection(134)) - 49655598-56f4-41c4-a924-b5d2880a3f2f: shutdown LeaderElection
2019-09-25 05:50:49,192 [49655598-56f4-41c4-a924-b5d2880a3f2f@group-169E900C0B66:LeaderElection258] INFO  impl.RaftServerImpl (RaftServerImpl.java:setRole(174)) - 49655598-56f4-41c4-a924-b5d2880a3f2f@group-169E900C0B66: changes role from CANDIDATE to LEADER at term 1 for changeToLeader
2019-09-25 05:50:49,192 [49655598-56f4-41c4-a924-b5d2880a3f2f@group-169E900C0B66:LeaderElection258] INFO  impl.RaftServerImpl (ServerState.java:setLeader(253)) - 49655598-56f4-41c4-a924-b5d2880a3f2f@group-169E900C0B66: change Leader from null to 49655598-56f4-41c4-a924-b5d2880a3f2f at term 1 for becomeLeader, leader elected after 5089ms
2019-09-25 05:50:49,192 [49655598-56f4-41c4-a924-b5d2880a3f2f@group-169E900C0B66:LeaderElection258] INFO  server.RaftServerConfigKeys (ConfUtils.java:logGet(43)) - raft.server.staging.catchup.gap = 1000 (default)
2019-09-25 05:50:49,192 [49655598-56f4-41c4-a924-b5d2880a3f2f@group-169E900C0B66:LeaderElection258] INFO  server.RaftServerConfigKeys (ConfUtils.java:logGet(43)) - raft.server.rpc.sleep.time = 25ms (default)
2019-09-25 05:50:49,192 [49655598-56f4-41c4-a924-b5d2880a3f2f@group-169E900C0B66:LeaderElection258] INFO  server.RaftServerConfigKeys (ConfUtils.java:logGet(43)) - raft.server.write.element-limit = 4096 (default)
2019-09-25 05:50:49,193 [49655598-56f4-41c4-a924-b5d2880a3f2f@group-169E900C0B66:LeaderElection258] INFO  server.RaftServerConfigKeys (ConfUtils.java:logGet(43)) - raft.server.watch.timeout = 10s (default)
2019-09-25 05:50:49,193 [49655598-56f4-41c4-a924-b5d2880a3f2f@group-169E900C0B66:LeaderElection258] INFO  server.RaftServerConfigKeys (ConfUtils.java:logGet(43)) - raft.server.watch.timeout.denomination = 1s (default)
2019-09-25 05:50:49,193 [49655598-56f4-41c4-a924-b5d2880a3f2f@group-169E900C0B66:LeaderElection258] INFO  server.RaftServerConfigKeys (ConfUtils.java:logGet(43)) - raft.server.watch.element-limit = 65536 (default)
2019-09-25 05:50:49,194 [49655598-56f4-41c4-a924-b5d2880a3f2f@group-169E900C0B66:LeaderElection258] INFO  impl.RoleInfo (RoleInfo.java:updateAndGet(143)) - 49655598-56f4-41c4-a924-b5d2880a3f2f: start LeaderState
2019-09-25 05:50:49,194 [49655598-56f4-41c4-a924-b5d2880a3f2f@group-169E900C0B66:LeaderElection258] INFO  segmented.SegmentedRaftLogWorker (SegmentedRaftLogWorker.java:startLogSegment(380)) - 49655598-56f4-41c4-a924-b5d2880a3f2f@group-169E900C0B66-SegmentedRaftLogWorker: Starting segment from index:0
2019-09-25 05:50:49,195 [49655598-56f4-41c4-a924-b5d2880a3f2f@group-169E900C0B66:LeaderElection258] INFO  impl.RaftServerImpl (ServerState.java:setRaftConf(354)) - 49655598-56f4-41c4-a924-b5d2880a3f2f@group-169E900C0B66: set configuration 0: [49655598-56f4-41c4-a924-b5d2880a3f2f:192.168.30.10:40919], old=null at 0
2019-09-25 05:50:49,201 [60b026ab-fadd-426f-9b92-f2e4bcc7c7ff@group-7DB0868986C1:LeaderElection259] INFO  impl.LeaderElection (LeaderElection.java:askForVotes(182)) - 60b026ab-fadd-426f-9b92-f2e4bcc7c7ff@group-7DB0868986C1:LeaderElection259: begin an election at term 1 for -1: [60b026ab-fadd-426f-9b92-f2e4bcc7c7ff:192.168.30.10:33176], old=null
2019-09-25 05:50:49,201 [60b026ab-fadd-426f-9b92-f2e4bcc7c7ff@group-7DB0868986C1:LeaderElection259] INFO  impl.RoleInfo (RoleInfo.java:shutdownLeaderElection(134)) - 60b026ab-fadd-426f-9b92-f2e4bcc7c7ff: shutdown LeaderElection
2019-09-25 05:50:49,201 [60b026ab-fadd-426f-9b92-f2e4bcc7c7ff@group-7DB0868986C1:LeaderElection259] INFO  impl.RaftServerImpl (RaftServerImpl.java:setRole(174)) - 60b026ab-fadd-426f-9b92-f2e4bcc7c7ff@group-7DB0868986C1: changes role from CANDIDATE to LEADER at term 1 for changeToLeader
2019-09-25 05:50:49,202 [60b026ab-fadd-426f-9b92-f2e4bcc7c7ff@group-7DB0868986C1:LeaderElection259] INFO  impl.RaftServerImpl (ServerState.java:setLeader(253)) - 60b026ab-fadd-426f-9b92-f2e4bcc7c7ff@group-7DB0868986C1: change Leader from null to 60b026ab-fadd-426f-9b92-f2e4bcc7c7ff at term 1 for becomeLeader, leader elected after 5041ms
2019-09-25 05:50:49,202 [60b026ab-fadd-426f-9b92-f2e4bcc7c7ff@group-7DB0868986C1:LeaderElection259] INFO  server.RaftServerConfigKeys (ConfUtils.java:logGet(43)) - raft.server.staging.catchup.gap = 1000 (default)
2019-09-25 05:50:49,202 [60b026ab-fadd-426f-9b92-f2e4bcc7c7ff@group-7DB0868986C1:LeaderElection259] INFO  server.RaftServerConfigKeys (ConfUtils.java:logGet(43)) - raft.server.rpc.sleep.time = 25ms (default)
2019-09-25 05:50:49,202 [60b026ab-fadd-426f-9b92-f2e4bcc7c7ff@group-7DB0868986C1:LeaderElection259] INFO  server.RaftServerConfigKeys (ConfUtils.java:logGet(43)) - raft.server.write.element-limit = 4096 (default)
2019-09-25 05:50:49,202 [60b026ab-fadd-426f-9b92-f2e4bcc7c7ff@group-7DB0868986C1:LeaderElection259] INFO  server.RaftServerConfigKeys (ConfUtils.java:logGet(43)) - raft.server.watch.timeout = 10s (default)
2019-09-25 05:50:49,202 [60b026ab-fadd-426f-9b92-f2e4bcc7c7ff@group-7DB0868986C1:LeaderElection259] INFO  server.RaftServerConfigKeys (ConfUtils.java:logGet(43)) - raft.server.watch.timeout.denomination = 1s (default)
2019-09-25 05:50:49,202 [60b026ab-fadd-426f-9b92-f2e4bcc7c7ff@group-7DB0868986C1:LeaderElection259] INFO  server.RaftServerConfigKeys (ConfUtils.java:logGet(43)) - raft.server.watch.element-limit = 65536 (default)
2019-09-25 05:50:49,205 [60b026ab-fadd-426f-9b92-f2e4bcc7c7ff@group-7DB0868986C1:LeaderElection259] INFO  impl.RoleInfo (RoleInfo.java:updateAndGet(143)) - 60b026ab-fadd-426f-9b92-f2e4bcc7c7ff: start LeaderState
2019-09-25 05:50:49,205 [60b026ab-fadd-426f-9b92-f2e4bcc7c7ff@group-7DB0868986C1:LeaderElection259] INFO  segmented.SegmentedRaftLogWorker (SegmentedRaftLogWorker.java:startLogSegment(380)) - 60b026ab-fadd-426f-9b92-f2e4bcc7c7ff@group-7DB0868986C1-SegmentedRaftLogWorker: Starting segment from index:0
2019-09-25 05:50:49,205 [60b026ab-fadd-426f-9b92-f2e4bcc7c7ff@group-7DB0868986C1:LeaderElection259] INFO  impl.RaftServerImpl (ServerState.java:setRaftConf(354)) - 60b026ab-fadd-426f-9b92-f2e4bcc7c7ff@group-7DB0868986C1: set configuration 0: [60b026ab-fadd-426f-9b92-f2e4bcc7c7ff:192.168.30.10:33176], old=null at 0
2019-09-25 05:50:49,236 [49655598-56f4-41c4-a924-b5d2880a3f2f@group-169E900C0B66-SegmentedRaftLogWorker] INFO  segmented.SegmentedRaftLogWorker (SegmentedRaftLogWorker.java:execute(569)) - 49655598-56f4-41c4-a924-b5d2880a3f2f@group-169E900C0B66-SegmentedRaftLogWorker: created new log segment /workdir/hadoop-ozone/integration-test/target/test-dir/MiniOzoneClusterImpl-28dc08f8-08b8-4dfd-b771-8384b6a2d499/datanode-0/data/ratis/832c8fca-d212-4076-ba20-169e900c0b66/current/log_inprogress_0
2019-09-25 05:50:49,261 [60b026ab-fadd-426f-9b92-f2e4bcc7c7ff@group-7DB0868986C1-SegmentedRaftLogWorker] INFO  segmented.SegmentedRaftLogWorker (SegmentedRaftLogWorker.java:execute(569)) - 60b026ab-fadd-426f-9b92-f2e4bcc7c7ff@group-7DB0868986C1-SegmentedRaftLogWorker: created new log segment /workdir/hadoop-ozone/integration-test/target/test-dir/MiniOzoneClusterImpl-28dc08f8-08b8-4dfd-b771-8384b6a2d499/datanode-1/data/ratis/4c9e02ab-d576-46d0-9667-7db0868986c1/current/log_inprogress_0
2019-09-25 05:50:49,344 [Thread-3538] INFO  impl.FollowerState (FollowerState.java:run(106)) - 998f0c91-f727-4973-bd37-e1a81f390f6c:group-4237F2B8CFE5 changes to CANDIDATE, lastRpcTime:5130, electionTimeout:5130ms
2019-09-25 05:50:49,344 [Thread-3538] INFO  impl.RoleInfo (RoleInfo.java:shutdownFollowerState(121)) - 998f0c91-f727-4973-bd37-e1a81f390f6c: shutdown FollowerState
2019-09-25 05:50:49,345 [Thread-3538] INFO  impl.RaftServerImpl (RaftServerImpl.java:setRole(174)) - 998f0c91-f727-4973-bd37-e1a81f390f6c@group-4237F2B8CFE5: changes role from  FOLLOWER to CANDIDATE at term 0 for changeToCandidate
2019-09-25 05:50:49,345 [Thread-3538] INFO  impl.RoleInfo (RoleInfo.java:updateAndGet(143)) - 998f0c91-f727-4973-bd37-e1a81f390f6c: start LeaderElection
2019-09-25 05:50:49,356 [Thread-3544] INFO  impl.FollowerState (FollowerState.java:run(106)) - 49655598-56f4-41c4-a924-b5d2880a3f2f:group-04046C77D158 changes to CANDIDATE, lastRpcTime:5068, electionTimeout:5068ms
2019-09-25 05:50:49,357 [Thread-3544] INFO  impl.RoleInfo (RoleInfo.java:shutdownFollowerState(121)) - 49655598-56f4-41c4-a924-b5d2880a3f2f: shutdown FollowerState
2019-09-25 05:50:49,357 [Thread-3544] INFO  impl.RaftServerImpl (RaftServerImpl.java:setRole(174)) - 49655598-56f4-41c4-a924-b5d2880a3f2f@group-04046C77D158: changes role from  FOLLOWER to CANDIDATE at term 0 for changeToCandidate
2019-09-25 05:50:49,357 [Thread-3544] INFO  impl.RoleInfo (RoleInfo.java:updateAndGet(143)) - 49655598-56f4-41c4-a924-b5d2880a3f2f: start LeaderElection
2019-09-25 05:50:49,378 [49655598-56f4-41c4-a924-b5d2880a3f2f@group-04046C77D158:LeaderElection261] INFO  impl.LeaderElection (LeaderElection.java:askForVotes(182)) - 49655598-56f4-41c4-a924-b5d2880a3f2f@group-04046C77D158:LeaderElection261: begin an election at term 1 for -1: [49655598-56f4-41c4-a924-b5d2880a3f2f:192.168.30.10:40919], old=null
2019-09-25 05:50:49,378 [998f0c91-f727-4973-bd37-e1a81f390f6c@group-4237F2B8CFE5:LeaderElection260] INFO  impl.LeaderElection (LeaderElection.java:askForVotes(182)) - 998f0c91-f727-4973-bd37-e1a81f390f6c@group-4237F2B8CFE5:LeaderElection260: begin an election at term 1 for -1: [998f0c91-f727-4973-bd37-e1a81f390f6c:192.168.30.10:43497], old=null
2019-09-25 05:50:49,378 [49655598-56f4-41c4-a924-b5d2880a3f2f@group-04046C77D158:LeaderElection261] INFO  impl.RoleInfo (RoleInfo.java:shutdownLeaderElection(134)) - 49655598-56f4-41c4-a924-b5d2880a3f2f: shutdown LeaderElection
2019-09-25 05:50:49,378 [998f0c91-f727-4973-bd37-e1a81f390f6c@group-4237F2B8CFE5:LeaderElection260] INFO  impl.RoleInfo (RoleInfo.java:shutdownLeaderElection(134)) - 998f0c91-f727-4973-bd37-e1a81f390f6c: shutdown LeaderElection
2019-09-25 05:50:49,378 [49655598-56f4-41c4-a924-b5d2880a3f2f@group-04046C77D158:LeaderElection261] INFO  impl.RaftServerImpl (RaftServerImpl.java:setRole(174)) - 49655598-56f4-41c4-a924-b5d2880a3f2f@group-04046C77D158: changes role from CANDIDATE to LEADER at term 1 for changeToLeader
2019-09-25 05:50:49,378 [998f0c91-f727-4973-bd37-e1a81f390f6c@group-4237F2B8CFE5:LeaderElection260] INFO  impl.RaftServerImpl (RaftServerImpl.java:setRole(174)) - 998f0c91-f727-4973-bd37-e1a81f390f6c@group-4237F2B8CFE5: changes role from CANDIDATE to LEADER at term 1 for changeToLeader
2019-09-25 05:50:49,378 [49655598-56f4-41c4-a924-b5d2880a3f2f@group-04046C77D158:LeaderElection261] INFO  impl.RaftServerImpl (ServerState.java:setLeader(253)) - 49655598-56f4-41c4-a924-b5d2880a3f2f@group-04046C77D158: change Leader from null to 49655598-56f4-41c4-a924-b5d2880a3f2f at term 1 for becomeLeader, leader elected after 5095ms
2019-09-25 05:50:49,379 [998f0c91-f727-4973-bd37-e1a81f390f6c@group-4237F2B8CFE5:LeaderElection260] INFO  impl.RaftServerImpl (ServerState.java:setLeader(253)) - 998f0c91-f727-4973-bd37-e1a81f390f6c@group-4237F2B8CFE5: change Leader from null to 998f0c91-f727-4973-bd37-e1a81f390f6c at term 1 for becomeLeader, leader elected after 5171ms
2019-09-25 05:50:49,379 [49655598-56f4-41c4-a924-b5d2880a3f2f@group-04046C77D158:LeaderElection261] INFO  server.RaftServerConfigKeys (ConfUtils.java:logGet(43)) - raft.server.staging.catchup.gap = 1000 (default)
2019-09-25 05:50:49,379 [998f0c91-f727-4973-bd37-e1a81f390f6c@group-4237F2B8CFE5:LeaderElection260] INFO  server.RaftServerConfigKeys (ConfUtils.java:logGet(43)) - raft.server.staging.catchup.gap = 1000 (default)
2019-09-25 05:50:49,379 [49655598-56f4-41c4-a924-b5d2880a3f2f@group-04046C77D158:LeaderElection261] INFO  server.RaftServerConfigKeys (ConfUtils.java:logGet(43)) - raft.server.rpc.sleep.time = 25ms (default)
2019-09-25 05:50:49,379 [998f0c91-f727-4973-bd37-e1a81f390f6c@group-4237F2B8CFE5:LeaderElection260] INFO  server.RaftServerConfigKeys (ConfUtils.java:logGet(43)) - raft.server.rpc.sleep.time = 25ms (default)
2019-09-25 05:50:49,379 [49655598-56f4-41c4-a924-b5d2880a3f2f@group-04046C77D158:LeaderElection261] INFO  server.RaftServerConfigKeys (ConfUtils.java:logGet(43)) - raft.server.write.element-limit = 4096 (default)
2019-09-25 05:50:49,379 [998f0c91-f727-4973-bd37-e1a81f390f6c@group-4237F2B8CFE5:LeaderElection260] INFO  server.RaftServerConfigKeys (ConfUtils.java:logGet(43)) - raft.server.write.element-limit = 4096 (default)
2019-09-25 05:50:49,379 [49655598-56f4-41c4-a924-b5d2880a3f2f@group-04046C77D158:LeaderElection261] INFO  server.RaftServerConfigKeys (ConfUtils.java:logGet(43)) - raft.server.watch.timeout = 10s (default)
2019-09-25 05:50:49,379 [998f0c91-f727-4973-bd37-e1a81f390f6c@group-4237F2B8CFE5:LeaderElection260] INFO  server.RaftServerConfigKeys (ConfUtils.java:logGet(43)) - raft.server.watch.timeout = 10s (default)
2019-09-25 05:50:49,379 [49655598-56f4-41c4-a924-b5d2880a3f2f@group-04046C77D158:LeaderElection261] INFO  server.RaftServerConfigKeys (ConfUtils.java:logGet(43)) - raft.server.watch.timeout.denomination = 1s (default)
2019-09-25 05:50:49,380 [998f0c91-f727-4973-bd37-e1a81f390f6c@group-4237F2B8CFE5:LeaderElection260] INFO  server.RaftServerConfigKeys (ConfUtils.java:logGet(43)) - raft.server.watch.timeout.denomination = 1s (default)
2019-09-25 05:50:49,380 [49655598-56f4-41c4-a924-b5d2880a3f2f@group-04046C77D158:LeaderElection261] INFO  server.RaftServerConfigKeys (ConfUtils.java:logGet(43)) - raft.server.watch.element-limit = 65536 (default)
2019-09-25 05:50:49,380 [998f0c91-f727-4973-bd37-e1a81f390f6c@group-4237F2B8CFE5:LeaderElection260] INFO  server.RaftServerConfigKeys (ConfUtils.java:logGet(43)) - raft.server.watch.element-limit = 65536 (default)
2019-09-25 05:50:49,382 [49655598-56f4-41c4-a924-b5d2880a3f2f@group-04046C77D158:LeaderElection261] INFO  impl.RoleInfo (RoleInfo.java:updateAndGet(143)) - 49655598-56f4-41c4-a924-b5d2880a3f2f: start LeaderState
2019-09-25 05:50:49,382 [998f0c91-f727-4973-bd37-e1a81f390f6c@group-4237F2B8CFE5:LeaderElection260] INFO  impl.RoleInfo (RoleInfo.java:updateAndGet(143)) - 998f0c91-f727-4973-bd37-e1a81f390f6c: start LeaderState
2019-09-25 05:50:49,382 [49655598-56f4-41c4-a924-b5d2880a3f2f@group-04046C77D158:LeaderElection261] INFO  segmented.SegmentedRaftLogWorker (SegmentedRaftLogWorker.java:startLogSegment(380)) - 49655598-56f4-41c4-a924-b5d2880a3f2f@group-04046C77D158-SegmentedRaftLogWorker: Starting segment from index:0
2019-09-25 05:50:49,382 [998f0c91-f727-4973-bd37-e1a81f390f6c@group-4237F2B8CFE5:LeaderElection260] INFO  segmented.SegmentedRaftLogWorker (SegmentedRaftLogWorker.java:startLogSegment(380)) - 998f0c91-f727-4973-bd37-e1a81f390f6c@group-4237F2B8CFE5-SegmentedRaftLogWorker: Starting segment from index:0
2019-09-25 05:50:49,383 [49655598-56f4-41c4-a924-b5d2880a3f2f@group-04046C77D158:LeaderElection261] INFO  impl.RaftServerImpl (ServerState.java:setRaftConf(354)) - 49655598-56f4-41c4-a924-b5d2880a3f2f@group-04046C77D158: set configuration 0: [49655598-56f4-41c4-a924-b5d2880a3f2f:192.168.30.10:40919], old=null at 0
2019-09-25 05:50:49,383 [998f0c91-f727-4973-bd37-e1a81f390f6c@group-4237F2B8CFE5:LeaderElection260] INFO  impl.RaftServerImpl (ServerState.java:setRaftConf(354)) - 998f0c91-f727-4973-bd37-e1a81f390f6c@group-4237F2B8CFE5: set configuration 0: [998f0c91-f727-4973-bd37-e1a81f390f6c:192.168.30.10:43497], old=null at 0
2019-09-25 05:50:49,388 [Thread-3541] INFO  impl.FollowerState (FollowerState.java:run(106)) - 49655598-56f4-41c4-a924-b5d2880a3f2f:group-0C1D776059CF changes to CANDIDATE, lastRpcTime:5128, electionTimeout:5128ms
2019-09-25 05:50:49,388 [Thread-3541] INFO  impl.RoleInfo (RoleInfo.java:shutdownFollowerState(121)) - 49655598-56f4-41c4-a924-b5d2880a3f2f: shutdown FollowerState
2019-09-25 05:50:49,389 [Thread-3541] INFO  impl.RaftServerImpl (RaftServerImpl.java:setRole(174)) - 49655598-56f4-41c4-a924-b5d2880a3f2f@group-0C1D776059CF: changes role from  FOLLOWER to CANDIDATE at term 0 for changeToCandidate
2019-09-25 05:50:49,389 [Thread-3541] INFO  impl.RoleInfo (RoleInfo.java:updateAndGet(143)) - 49655598-56f4-41c4-a924-b5d2880a3f2f: start LeaderElection
2019-09-25 05:50:49,425 [EventQueue-StaleNodeForStaleNodeHandler] INFO  node.StaleNodeHandler (StaleNodeHandler.java:onMessage(58)) - Datanode 048cd757-ac0b-449d-96b7-2f2a98d02798{ip: 192.168.30.10, host: pr-hdds-1569-s62bp-3040748787, networkLocation: /default-rack, certSerialId: null} moved to stale state. Finalizing its pipelines [PipelineID=47263ee2-83cc-492c-88b9-1f39003ff79b, PipelineID=f82d9dc8-66ab-4b89-ab0d-4927baa1705f, PipelineID=09608d18-1e4a-4c2e-8873-553eb506e1c2, PipelineID=67195f36-19ef-4fb7-947e-aa7868d57751, PipelineID=cce13e83-304c-4e35-8de3-ecb7489e8be9, PipelineID=f6e4b822-efba-4838-bef5-7d63aeaafe26]
2019-09-25 05:50:49,425 [EventQueue-StaleNodeForStaleNodeHandler] INFO  pipeline.SCMPipelineManager (SCMPipelineManager.java:finalizeAndDestroyPipeline(317)) - destroying pipeline:Pipeline[ Id: 47263ee2-83cc-492c-88b9-1f39003ff79b, Nodes: 048cd757-ac0b-449d-96b7-2f2a98d02798{ip: 192.168.30.10, host: pr-hdds-1569-s62bp-3040748787, networkLocation: /default-rack, certSerialId: null}, Type:RATIS, Factor:ONE, State:OPEN]
2019-09-25 05:50:49,425 [EventQueue-StaleNodeForStaleNodeHandler] INFO  pipeline.PipelineStateManager (PipelineStateManager.java:finalizePipeline(123)) - Pipeline Pipeline[ Id: 47263ee2-83cc-492c-88b9-1f39003ff79b, Nodes: 048cd757-ac0b-449d-96b7-2f2a98d02798{ip: 192.168.30.10, host: pr-hdds-1569-s62bp-3040748787, networkLocation: /default-rack, certSerialId: null}, Type:RATIS, Factor:ONE, State:CLOSED] moved to CLOSED state
2019-09-25 05:50:49,425 [EventQueue-StaleNodeForStaleNodeHandler] INFO  pipeline.SCMPipelineManager (SCMPipelineManager.java:finalizeAndDestroyPipeline(317)) - destroying pipeline:Pipeline[ Id: f82d9dc8-66ab-4b89-ab0d-4927baa1705f, Nodes: 048cd757-ac0b-449d-96b7-2f2a98d02798{ip: 192.168.30.10, host: pr-hdds-1569-s62bp-3040748787, networkLocation: /default-rack, certSerialId: null}, Type:RATIS, Factor:ONE, State:OPEN]
2019-09-25 05:50:49,426 [EventQueue-StaleNodeForStaleNodeHandler] INFO  pipeline.PipelineStateManager (PipelineStateManager.java:finalizePipeline(123)) - Pipeline Pipeline[ Id: f82d9dc8-66ab-4b89-ab0d-4927baa1705f, Nodes: 048cd757-ac0b-449d-96b7-2f2a98d02798{ip: 192.168.30.10, host: pr-hdds-1569-s62bp-3040748787, networkLocation: /default-rack, certSerialId: null}, Type:RATIS, Factor:ONE, State:CLOSED] moved to CLOSED state
2019-09-25 05:50:49,426 [EventQueue-StaleNodeForStaleNodeHandler] INFO  pipeline.SCMPipelineManager (SCMPipelineManager.java:finalizeAndDestroyPipeline(317)) - destroying pipeline:Pipeline[ Id: 09608d18-1e4a-4c2e-8873-553eb506e1c2, Nodes: 048cd757-ac0b-449d-96b7-2f2a98d02798{ip: 192.168.30.10, host: pr-hdds-1569-s62bp-3040748787, networkLocation: /default-rack, certSerialId: null}, Type:RATIS, Factor:ONE, State:OPEN]
2019-09-25 05:50:49,426 [EventQueue-StaleNodeForStaleNodeHandler] INFO  pipeline.PipelineStateManager (PipelineStateManager.java:finalizePipeline(123)) - Pipeline Pipeline[ Id: 09608d18-1e4a-4c2e-8873-553eb506e1c2, Nodes: 048cd757-ac0b-449d-96b7-2f2a98d02798{ip: 192.168.30.10, host: pr-hdds-1569-s62bp-3040748787, networkLocation: /default-rack, certSerialId: null}, Type:RATIS, Factor:ONE, State:CLOSED] moved to CLOSED state
2019-09-25 05:50:49,426 [EventQueue-StaleNodeForStaleNodeHandler] INFO  pipeline.SCMPipelineManager (SCMPipelineManager.java:finalizeAndDestroyPipeline(317)) - destroying pipeline:Pipeline[ Id: 67195f36-19ef-4fb7-947e-aa7868d57751, Nodes: 048cd757-ac0b-449d-96b7-2f2a98d02798{ip: 192.168.30.10, host: pr-hdds-1569-s62bp-3040748787, networkLocation: /default-rack, certSerialId: null}, Type:RATIS, Factor:ONE, State:OPEN]
2019-09-25 05:50:49,426 [EventQueue-StaleNodeForStaleNodeHandler] INFO  pipeline.PipelineStateManager (PipelineStateManager.java:finalizePipeline(123)) - Pipeline Pipeline[ Id: 67195f36-19ef-4fb7-947e-aa7868d57751, Nodes: 048cd757-ac0b-449d-96b7-2f2a98d02798{ip: 192.168.30.10, host: pr-hdds-1569-s62bp-3040748787, networkLocation: /default-rack, certSerialId: null}, Type:RATIS, Factor:ONE, State:CLOSED] moved to CLOSED state
2019-09-25 05:50:49,426 [EventQueue-StaleNodeForStaleNodeHandler] INFO  pipeline.SCMPipelineManager (SCMPipelineManager.java:finalizeAndDestroyPipeline(317)) - destroying pipeline:Pipeline[ Id: cce13e83-304c-4e35-8de3-ecb7489e8be9, Nodes: 048cd757-ac0b-449d-96b7-2f2a98d02798{ip: 192.168.30.10, host: pr-hdds-1569-s62bp-3040748787, networkLocation: /default-rack, certSerialId: null}, Type:RATIS, Factor:ONE, State:OPEN]
2019-09-25 05:50:49,426 [EventQueue-StaleNodeForStaleNodeHandler] INFO  pipeline.PipelineStateManager (PipelineStateManager.java:finalizePipeline(123)) - Pipeline Pipeline[ Id: cce13e83-304c-4e35-8de3-ecb7489e8be9, Nodes: 048cd757-ac0b-449d-96b7-2f2a98d02798{ip: 192.168.30.10, host: pr-hdds-1569-s62bp-3040748787, networkLocation: /default-rack, certSerialId: null}, Type:RATIS, Factor:ONE, State:CLOSED] moved to CLOSED state
2019-09-25 05:50:49,427 [EventQueue-StaleNodeForStaleNodeHandler] INFO  pipeline.SCMPipelineManager (SCMPipelineManager.java:finalizeAndDestroyPipeline(317)) - destroying pipeline:Pipeline[ Id: f6e4b822-efba-4838-bef5-7d63aeaafe26, Nodes: 048cd757-ac0b-449d-96b7-2f2a98d02798{ip: 192.168.30.10, host: pr-hdds-1569-s62bp-3040748787, networkLocation: /default-rack, certSerialId: null}, Type:RATIS, Factor:ONE, State:OPEN]
2019-09-25 05:50:49,427 [EventQueue-StaleNodeForStaleNodeHandler] INFO  pipeline.PipelineStateManager (PipelineStateManager.java:finalizePipeline(123)) - Pipeline Pipeline[ Id: f6e4b822-efba-4838-bef5-7d63aeaafe26, Nodes: 048cd757-ac0b-449d-96b7-2f2a98d02798{ip: 192.168.30.10, host: pr-hdds-1569-s62bp-3040748787, networkLocation: /default-rack, certSerialId: null}, Type:RATIS, Factor:ONE, State:CLOSED] moved to CLOSED state
2019-09-25 05:50:49,435 [49655598-56f4-41c4-a924-b5d2880a3f2f@group-04046C77D158-SegmentedRaftLogWorker] INFO  segmented.SegmentedRaftLogWorker (SegmentedRaftLogWorker.java:execute(569)) - 49655598-56f4-41c4-a924-b5d2880a3f2f@group-04046C77D158-SegmentedRaftLogWorker: created new log segment /workdir/hadoop-ozone/integration-test/target/test-dir/MiniOzoneClusterImpl-28dc08f8-08b8-4dfd-b771-8384b6a2d499/datanode-0/data/ratis/f9a82604-df27-405c-8b98-04046c77d158/current/log_inprogress_0
2019-09-25 05:50:49,435 [998f0c91-f727-4973-bd37-e1a81f390f6c@group-4237F2B8CFE5-SegmentedRaftLogWorker] INFO  segmented.SegmentedRaftLogWorker (SegmentedRaftLogWorker.java:execute(569)) - 998f0c91-f727-4973-bd37-e1a81f390f6c@group-4237F2B8CFE5-SegmentedRaftLogWorker: created new log segment /workdir/hadoop-ozone/integration-test/target/test-dir/MiniOzoneClusterImpl-28dc08f8-08b8-4dfd-b771-8384b6a2d499/datanode-2/data/ratis/822a3908-b024-467e-a156-4237f2b8cfe5/current/log_inprogress_0
2019-09-25 05:50:49,439 [49655598-56f4-41c4-a924-b5d2880a3f2f@group-0C1D776059CF:LeaderElection262] INFO  impl.LeaderElection (LeaderElection.java:askForVotes(182)) - 49655598-56f4-41c4-a924-b5d2880a3f2f@group-0C1D776059CF:LeaderElection262: begin an election at term 1 for -1: [49655598-56f4-41c4-a924-b5d2880a3f2f:192.168.30.10:40919], old=null
2019-09-25 05:50:49,439 [49655598-56f4-41c4-a924-b5d2880a3f2f@group-0C1D776059CF:LeaderElection262] INFO  impl.RoleInfo (RoleInfo.java:shutdownLeaderElection(134)) - 49655598-56f4-41c4-a924-b5d2880a3f2f: shutdown LeaderElection
2019-09-25 05:50:49,440 [49655598-56f4-41c4-a924-b5d2880a3f2f@group-0C1D776059CF:LeaderElection262] INFO  impl.RaftServerImpl (RaftServerImpl.java:setRole(174)) - 49655598-56f4-41c4-a924-b5d2880a3f2f@group-0C1D776059CF: changes role from CANDIDATE to LEADER at term 1 for changeToLeader
2019-09-25 05:50:49,440 [49655598-56f4-41c4-a924-b5d2880a3f2f@group-0C1D776059CF:LeaderElection262] INFO  impl.RaftServerImpl (ServerState.java:setLeader(253)) - 49655598-56f4-41c4-a924-b5d2880a3f2f@group-0C1D776059CF: change Leader from null to 49655598-56f4-41c4-a924-b5d2880a3f2f at term 1 for becomeLeader, leader elected after 5184ms
2019-09-25 05:50:49,440 [49655598-56f4-41c4-a924-b5d2880a3f2f@group-0C1D776059CF:LeaderElection262] INFO  server.RaftServerConfigKeys (ConfUtils.java:logGet(43)) - raft.server.staging.catchup.gap = 1000 (default)
2019-09-25 05:50:49,440 [49655598-56f4-41c4-a924-b5d2880a3f2f@group-0C1D776059CF:LeaderElection262] INFO  server.RaftServerConfigKeys (ConfUtils.java:logGet(43)) - raft.server.rpc.sleep.time = 25ms (default)
2019-09-25 05:50:49,440 [49655598-56f4-41c4-a924-b5d2880a3f2f@group-0C1D776059CF:LeaderElection262] INFO  server.RaftServerConfigKeys (ConfUtils.java:logGet(43)) - raft.server.write.element-limit = 4096 (default)
2019-09-25 05:50:49,440 [49655598-56f4-41c4-a924-b5d2880a3f2f@group-0C1D776059CF:LeaderElection262] INFO  server.RaftServerConfigKeys (ConfUtils.java:logGet(43)) - raft.server.watch.timeout = 10s (default)
2019-09-25 05:50:49,440 [49655598-56f4-41c4-a924-b5d2880a3f2f@group-0C1D776059CF:LeaderElection262] INFO  server.RaftServerConfigKeys (ConfUtils.java:logGet(43)) - raft.server.watch.timeout.denomination = 1s (default)
2019-09-25 05:50:49,440 [49655598-56f4-41c4-a924-b5d2880a3f2f@group-0C1D776059CF:LeaderElection262] INFO  server.RaftServerConfigKeys (ConfUtils.java:logGet(43)) - raft.server.watch.element-limit = 65536 (default)
2019-09-25 05:50:49,442 [49655598-56f4-41c4-a924-b5d2880a3f2f@group-0C1D776059CF:LeaderElection262] INFO  impl.RoleInfo (RoleInfo.java:updateAndGet(143)) - 49655598-56f4-41c4-a924-b5d2880a3f2f: start LeaderState
2019-09-25 05:50:49,442 [49655598-56f4-41c4-a924-b5d2880a3f2f@group-0C1D776059CF:LeaderElection262] INFO  segmented.SegmentedRaftLogWorker (SegmentedRaftLogWorker.java:startLogSegment(380)) - 49655598-56f4-41c4-a924-b5d2880a3f2f@group-0C1D776059CF-SegmentedRaftLogWorker: Starting segment from index:0
2019-09-25 05:50:49,443 [49655598-56f4-41c4-a924-b5d2880a3f2f@group-0C1D776059CF:LeaderElection262] INFO  impl.RaftServerImpl (ServerState.java:setRaftConf(354)) - 49655598-56f4-41c4-a924-b5d2880a3f2f@group-0C1D776059CF: set configuration 0: [49655598-56f4-41c4-a924-b5d2880a3f2f:192.168.30.10:40919], old=null at 0
2019-09-25 05:50:49,454 [Thread-3550] INFO  impl.FollowerState (FollowerState.java:run(106)) - 49655598-56f4-41c4-a924-b5d2880a3f2f:group-13E8E4AE7C93 changes to CANDIDATE, lastRpcTime:5064, electionTimeout:5064ms
2019-09-25 05:50:49,454 [Thread-3550] INFO  impl.RoleInfo (RoleInfo.java:shutdownFollowerState(121)) - 49655598-56f4-41c4-a924-b5d2880a3f2f: shutdown FollowerState
2019-09-25 05:50:49,454 [Thread-3550] INFO  impl.RaftServerImpl (RaftServerImpl.java:setRole(174)) - 49655598-56f4-41c4-a924-b5d2880a3f2f@group-13E8E4AE7C93: changes role from  FOLLOWER to CANDIDATE at term 0 for changeToCandidate
2019-09-25 05:50:49,454 [Thread-3550] INFO  impl.RoleInfo (RoleInfo.java:updateAndGet(143)) - 49655598-56f4-41c4-a924-b5d2880a3f2f: start LeaderElection
2019-09-25 05:50:49,471 [Thread-3547] INFO  impl.FollowerState (FollowerState.java:run(106)) - 60b026ab-fadd-426f-9b92-f2e4bcc7c7ff:group-5246A83D7EA3 changes to CANDIDATE, lastRpcTime:5131, electionTimeout:5128ms
2019-09-25 05:50:49,471 [Thread-3553] INFO  impl.FollowerState (FollowerState.java:run(106)) - 60b026ab-fadd-426f-9b92-f2e4bcc7c7ff:group-70878F7EE4D7 changes to CANDIDATE, lastRpcTime:5028, electionTimeout:5020ms
2019-09-25 05:50:49,471 [Thread-3547] INFO  impl.RoleInfo (RoleInfo.java:shutdownFollowerState(121)) - 60b026ab-fadd-426f-9b92-f2e4bcc7c7ff: shutdown FollowerState
2019-09-25 05:50:49,471 [Thread-3553] INFO  impl.RoleInfo (RoleInfo.java:shutdownFollowerState(121)) - 60b026ab-fadd-426f-9b92-f2e4bcc7c7ff: shutdown FollowerState
2019-09-25 05:50:49,471 [Thread-3547] INFO  impl.RaftServerImpl (RaftServerImpl.java:setRole(174)) - 60b026ab-fadd-426f-9b92-f2e4bcc7c7ff@group-5246A83D7EA3: changes role from  FOLLOWER to CANDIDATE at term 0 for changeToCandidate
2019-09-25 05:50:49,472 [Thread-3553] INFO  impl.RaftServerImpl (RaftServerImpl.java:setRole(174)) - 60b026ab-fadd-426f-9b92-f2e4bcc7c7ff@group-70878F7EE4D7: changes role from  FOLLOWER to CANDIDATE at term 0 for changeToCandidate
2019-09-25 05:50:49,472 [Thread-3547] INFO  impl.RoleInfo (RoleInfo.java:updateAndGet(143)) - 60b026ab-fadd-426f-9b92-f2e4bcc7c7ff: start LeaderElection
2019-09-25 05:50:49,472 [Thread-3553] INFO  impl.RoleInfo (RoleInfo.java:updateAndGet(143)) - 60b026ab-fadd-426f-9b92-f2e4bcc7c7ff: start LeaderElection
2019-09-25 05:50:49,482 [49655598-56f4-41c4-a924-b5d2880a3f2f@group-0C1D776059CF-SegmentedRaftLogWorker] INFO  segmented.SegmentedRaftLogWorker (SegmentedRaftLogWorker.java:execute(569)) - 49655598-56f4-41c4-a924-b5d2880a3f2f@group-0C1D776059CF-SegmentedRaftLogWorker: created new log segment /workdir/hadoop-ozone/integration-test/target/test-dir/MiniOzoneClusterImpl-28dc08f8-08b8-4dfd-b771-8384b6a2d499/datanode-0/data/ratis/e1d30923-ff89-4c81-bfc7-0c1d776059cf/current/log_inprogress_0
2019-09-25 05:50:49,482 [60b026ab-fadd-426f-9b92-f2e4bcc7c7ff@group-5246A83D7EA3:LeaderElection264] INFO  impl.LeaderElection (LeaderElection.java:askForVotes(182)) - 60b026ab-fadd-426f-9b92-f2e4bcc7c7ff@group-5246A83D7EA3:LeaderElection264: begin an election at term 1 for -1: [60b026ab-fadd-426f-9b92-f2e4bcc7c7ff:192.168.30.10:33176], old=null
2019-09-25 05:50:49,482 [49655598-56f4-41c4-a924-b5d2880a3f2f@group-13E8E4AE7C93:LeaderElection263] INFO  impl.LeaderElection (LeaderElection.java:askForVotes(182)) - 49655598-56f4-41c4-a924-b5d2880a3f2f@group-13E8E4AE7C93:LeaderElection263: begin an election at term 1 for -1: [49655598-56f4-41c4-a924-b5d2880a3f2f:192.168.30.10:40919], old=null
2019-09-25 05:50:49,482 [60b026ab-fadd-426f-9b92-f2e4bcc7c7ff@group-70878F7EE4D7:LeaderElection265] INFO  impl.LeaderElection (LeaderElection.java:askForVotes(182)) - 60b026ab-fadd-426f-9b92-f2e4bcc7c7ff@group-70878F7EE4D7:LeaderElection265: begin an election at term 1 for -1: [60b026ab-fadd-426f-9b92-f2e4bcc7c7ff:192.168.30.10:33176], old=null
2019-09-25 05:50:49,482 [49655598-56f4-41c4-a924-b5d2880a3f2f@group-13E8E4AE7C93:LeaderElection263] INFO  impl.RoleInfo (RoleInfo.java:shutdownLeaderElection(134)) - 49655598-56f4-41c4-a924-b5d2880a3f2f: shutdown LeaderElection
2019-09-25 05:50:49,482 [60b026ab-fadd-426f-9b92-f2e4bcc7c7ff@group-5246A83D7EA3:LeaderElection264] INFO  impl.RoleInfo (RoleInfo.java:shutdownLeaderElection(134)) - 60b026ab-fadd-426f-9b92-f2e4bcc7c7ff: shutdown LeaderElection
2019-09-25 05:50:49,482 [49655598-56f4-41c4-a924-b5d2880a3f2f@group-13E8E4AE7C93:LeaderElection263] INFO  impl.RaftServerImpl (RaftServerImpl.java:setRole(174)) - 49655598-56f4-41c4-a924-b5d2880a3f2f@group-13E8E4AE7C93: changes role from CANDIDATE to LEADER at term 1 for changeToLeader
2019-09-25 05:50:49,482 [60b026ab-fadd-426f-9b92-f2e4bcc7c7ff@group-70878F7EE4D7:LeaderElection265] INFO  impl.RoleInfo (RoleInfo.java:shutdownLeaderElection(134)) - 60b026ab-fadd-426f-9b92-f2e4bcc7c7ff: shutdown LeaderElection
2019-09-25 05:50:49,482 [49655598-56f4-41c4-a924-b5d2880a3f2f@group-13E8E4AE7C93:LeaderElection263] INFO  impl.RaftServerImpl (ServerState.java:setLeader(253)) - 49655598-56f4-41c4-a924-b5d2880a3f2f@group-13E8E4AE7C93: change Leader from null to 49655598-56f4-41c4-a924-b5d2880a3f2f at term 1 for becomeLeader, leader elected after 5098ms
2019-09-25 05:50:49,482 [60b026ab-fadd-426f-9b92-f2e4bcc7c7ff@group-5246A83D7EA3:LeaderElection264] INFO  impl.RaftServerImpl (RaftServerImpl.java:setRole(174)) - 60b026ab-fadd-426f-9b92-f2e4bcc7c7ff@group-5246A83D7EA3: changes role from CANDIDATE to LEADER at term 1 for changeToLeader
2019-09-25 05:50:49,483 [49655598-56f4-41c4-a924-b5d2880a3f2f@group-13E8E4AE7C93:LeaderElection263] INFO  server.RaftServerConfigKeys (ConfUtils.java:logGet(43)) - raft.server.staging.catchup.gap = 1000 (default)
2019-09-25 05:50:49,483 [60b026ab-fadd-426f-9b92-f2e4bcc7c7ff@group-70878F7EE4D7:LeaderElection265] INFO  impl.RaftServerImpl (RaftServerImpl.java:setRole(174)) - 60b026ab-fadd-426f-9b92-f2e4bcc7c7ff@group-70878F7EE4D7: changes role from CANDIDATE to LEADER at term 1 for changeToLeader
2019-09-25 05:50:49,483 [49655598-56f4-41c4-a924-b5d2880a3f2f@group-13E8E4AE7C93:LeaderElection263] INFO  server.RaftServerConfigKeys (ConfUtils.java:logGet(43)) - raft.server.rpc.sleep.time = 25ms (default)
2019-09-25 05:50:49,483 [60b026ab-fadd-426f-9b92-f2e4bcc7c7ff@group-5246A83D7EA3:LeaderElection264] INFO  impl.RaftServerImpl (ServerState.java:setLeader(253)) - 60b026ab-fadd-426f-9b92-f2e4bcc7c7ff@group-5246A83D7EA3: change Leader from null to 60b026ab-fadd-426f-9b92-f2e4bcc7c7ff at term 1 for becomeLeader, leader elected after 5148ms
2019-09-25 05:50:49,483 [49655598-56f4-41c4-a924-b5d2880a3f2f@group-13E8E4AE7C93:LeaderElection263] INFO  server.RaftServerConfigKeys (ConfUtils.java:logGet(43)) - raft.server.write.element-limit = 4096 (default)
2019-09-25 05:50:49,483 [60b026ab-fadd-426f-9b92-f2e4bcc7c7ff@group-70878F7EE4D7:LeaderElection265] INFO  impl.RaftServerImpl (ServerState.java:setLeader(253)) - 60b026ab-fadd-426f-9b92-f2e4bcc7c7ff@group-70878F7EE4D7: change Leader from null to 60b026ab-fadd-426f-9b92-f2e4bcc7c7ff at term 1 for becomeLeader, leader elected after 5045ms
2019-09-25 05:50:49,483 [49655598-56f4-41c4-a924-b5d2880a3f2f@group-13E8E4AE7C93:LeaderElection263] INFO  server.RaftServerConfigKeys (ConfUtils.java:logGet(43)) - raft.server.watch.timeout = 10s (default)
2019-09-25 05:50:49,483 [60b026ab-fadd-426f-9b92-f2e4bcc7c7ff@group-5246A83D7EA3:LeaderElection264] INFO  server.RaftServerConfigKeys (ConfUtils.java:logGet(43)) - raft.server.staging.catchup.gap = 1000 (default)
2019-09-25 05:50:49,483 [49655598-56f4-41c4-a924-b5d2880a3f2f@group-13E8E4AE7C93:LeaderElection263] INFO  server.RaftServerConfigKeys (ConfUtils.java:logGet(43)) - raft.server.watch.timeout.denomination = 1s (default)
2019-09-25 05:50:49,483 [60b026ab-fadd-426f-9b92-f2e4bcc7c7ff@group-70878F7EE4D7:LeaderElection265] INFO  server.RaftServerConfigKeys (ConfUtils.java:logGet(43)) - raft.server.staging.catchup.gap = 1000 (default)
2019-09-25 05:50:49,484 [49655598-56f4-41c4-a924-b5d2880a3f2f@group-13E8E4AE7C93:LeaderElection263] INFO  server.RaftServerConfigKeys (ConfUtils.java:logGet(43)) - raft.server.watch.element-limit = 65536 (default)
2019-09-25 05:50:49,483 [60b026ab-fadd-426f-9b92-f2e4bcc7c7ff@group-5246A83D7EA3:LeaderElection264] INFO  server.RaftServerConfigKeys (ConfUtils.java:logGet(43)) - raft.server.rpc.sleep.time = 25ms (default)
2019-09-25 05:50:49,484 [60b026ab-fadd-426f-9b92-f2e4bcc7c7ff@group-70878F7EE4D7:LeaderElection265] INFO  server.RaftServerConfigKeys (ConfUtils.java:logGet(43)) - raft.server.rpc.sleep.time = 25ms (default)
2019-09-25 05:50:49,484 [60b026ab-fadd-426f-9b92-f2e4bcc7c7ff@group-5246A83D7EA3:LeaderElection264] INFO  server.RaftServerConfigKeys (ConfUtils.java:logGet(43)) - raft.server.write.element-limit = 4096 (default)
2019-09-25 05:50:49,484 [60b026ab-fadd-426f-9b92-f2e4bcc7c7ff@group-70878F7EE4D7:LeaderElection265] INFO  server.RaftServerConfigKeys (ConfUtils.java:logGet(43)) - raft.server.write.element-limit = 4096 (default)
2019-09-25 05:50:49,484 [60b026ab-fadd-426f-9b92-f2e4bcc7c7ff@group-5246A83D7EA3:LeaderElection264] INFO  server.RaftServerConfigKeys (ConfUtils.java:logGet(43)) - raft.server.watch.timeout = 10s (default)
2019-09-25 05:50:49,484 [60b026ab-fadd-426f-9b92-f2e4bcc7c7ff@group-70878F7EE4D7:LeaderElection265] INFO  server.RaftServerConfigKeys (ConfUtils.java:logGet(43)) - raft.server.watch.timeout = 10s (default)
2019-09-25 05:50:49,484 [60b026ab-fadd-426f-9b92-f2e4bcc7c7ff@group-5246A83D7EA3:LeaderElection264] INFO  server.RaftServerConfigKeys (ConfUtils.java:logGet(43)) - raft.server.watch.timeout.denomination = 1s (default)
2019-09-25 05:50:49,484 [60b026ab-fadd-426f-9b92-f2e4bcc7c7ff@group-70878F7EE4D7:LeaderElection265] INFO  server.RaftServerConfigKeys (ConfUtils.java:logGet(43)) - raft.server.watch.timeout.denomination = 1s (default)
2019-09-25 05:50:49,484 [60b026ab-fadd-426f-9b92-f2e4bcc7c7ff@group-5246A83D7EA3:LeaderElection264] INFO  server.RaftServerConfigKeys (ConfUtils.java:logGet(43)) - raft.server.watch.element-limit = 65536 (default)
2019-09-25 05:50:49,484 [60b026ab-fadd-426f-9b92-f2e4bcc7c7ff@group-70878F7EE4D7:LeaderElection265] INFO  server.RaftServerConfigKeys (ConfUtils.java:logGet(43)) - raft.server.watch.element-limit = 65536 (default)
2019-09-25 05:50:49,485 [49655598-56f4-41c4-a924-b5d2880a3f2f@group-13E8E4AE7C93:LeaderElection263] INFO  impl.RoleInfo (RoleInfo.java:updateAndGet(143)) - 49655598-56f4-41c4-a924-b5d2880a3f2f: start LeaderState
2019-09-25 05:50:49,485 [49655598-56f4-41c4-a924-b5d2880a3f2f@group-13E8E4AE7C93:LeaderElection263] INFO  segmented.SegmentedRaftLogWorker (SegmentedRaftLogWorker.java:startLogSegment(380)) - 49655598-56f4-41c4-a924-b5d2880a3f2f@group-13E8E4AE7C93-SegmentedRaftLogWorker: Starting segment from index:0
2019-09-25 05:50:49,486 [49655598-56f4-41c4-a924-b5d2880a3f2f@group-13E8E4AE7C93:LeaderElection263] INFO  impl.RaftServerImpl (ServerState.java:setRaftConf(354)) - 49655598-56f4-41c4-a924-b5d2880a3f2f@group-13E8E4AE7C93: set configuration 0: [49655598-56f4-41c4-a924-b5d2880a3f2f:192.168.30.10:40919], old=null at 0
2019-09-25 05:50:49,487 [60b026ab-fadd-426f-9b92-f2e4bcc7c7ff@group-5246A83D7EA3:LeaderElection264] INFO  impl.RoleInfo (RoleInfo.java:updateAndGet(143)) - 60b026ab-fadd-426f-9b92-f2e4bcc7c7ff: start LeaderState
2019-09-25 05:50:49,487 [60b026ab-fadd-426f-9b92-f2e4bcc7c7ff@group-5246A83D7EA3:LeaderElection264] INFO  segmented.SegmentedRaftLogWorker (SegmentedRaftLogWorker.java:startLogSegment(380)) - 60b026ab-fadd-426f-9b92-f2e4bcc7c7ff@group-5246A83D7EA3-SegmentedRaftLogWorker: Starting segment from index:0
2019-09-25 05:50:49,487 [60b026ab-fadd-426f-9b92-f2e4bcc7c7ff@group-70878F7EE4D7:LeaderElection265] INFO  impl.RoleInfo (RoleInfo.java:updateAndGet(143)) - 60b026ab-fadd-426f-9b92-f2e4bcc7c7ff: start LeaderState
2019-09-25 05:50:49,487 [60b026ab-fadd-426f-9b92-f2e4bcc7c7ff@group-70878F7EE4D7:LeaderElection265] INFO  segmented.SegmentedRaftLogWorker (SegmentedRaftLogWorker.java:startLogSegment(380)) - 60b026ab-fadd-426f-9b92-f2e4bcc7c7ff@group-70878F7EE4D7-SegmentedRaftLogWorker: Starting segment from index:0
2019-09-25 05:50:49,487 [60b026ab-fadd-426f-9b92-f2e4bcc7c7ff@group-5246A83D7EA3:LeaderElection264] INFO  impl.RaftServerImpl (ServerState.java:setRaftConf(354)) - 60b026ab-fadd-426f-9b92-f2e4bcc7c7ff@group-5246A83D7EA3: set configuration 0: [60b026ab-fadd-426f-9b92-f2e4bcc7c7ff:192.168.30.10:33176], old=null at 0
2019-09-25 05:50:49,488 [60b026ab-fadd-426f-9b92-f2e4bcc7c7ff@group-70878F7EE4D7:LeaderElection265] INFO  impl.RaftServerImpl (ServerState.java:setRaftConf(354)) - 60b026ab-fadd-426f-9b92-f2e4bcc7c7ff@group-70878F7EE4D7: set configuration 0: [60b026ab-fadd-426f-9b92-f2e4bcc7c7ff:192.168.30.10:33176], old=null at 0
2019-09-25 05:50:49,539 [60b026ab-fadd-426f-9b92-f2e4bcc7c7ff@group-5246A83D7EA3-SegmentedRaftLogWorker] INFO  segmented.SegmentedRaftLogWorker (SegmentedRaftLogWorker.java:execute(569)) - 60b026ab-fadd-426f-9b92-f2e4bcc7c7ff@group-5246A83D7EA3-SegmentedRaftLogWorker: created new log segment /workdir/hadoop-ozone/integration-test/target/test-dir/MiniOzoneClusterImpl-28dc08f8-08b8-4dfd-b771-8384b6a2d499/datanode-1/data/ratis/cc98cd80-5a7e-4326-9a14-5246a83d7ea3/current/log_inprogress_0
2019-09-25 05:50:49,540 [49655598-56f4-41c4-a924-b5d2880a3f2f@group-13E8E4AE7C93-SegmentedRaftLogWorker] INFO  segmented.SegmentedRaftLogWorker (SegmentedRaftLogWorker.java:execute(569)) - 49655598-56f4-41c4-a924-b5d2880a3f2f@group-13E8E4AE7C93-SegmentedRaftLogWorker: created new log segment /workdir/hadoop-ozone/integration-test/target/test-dir/MiniOzoneClusterImpl-28dc08f8-08b8-4dfd-b771-8384b6a2d499/datanode-0/data/ratis/81f8d1bd-ed4f-44b4-bb59-13e8e4ae7c93/current/log_inprogress_0
2019-09-25 05:50:49,540 [60b026ab-fadd-426f-9b92-f2e4bcc7c7ff@group-70878F7EE4D7-SegmentedRaftLogWorker] INFO  segmented.SegmentedRaftLogWorker (SegmentedRaftLogWorker.java:execute(569)) - 60b026ab-fadd-426f-9b92-f2e4bcc7c7ff@group-70878F7EE4D7-SegmentedRaftLogWorker: created new log segment /workdir/hadoop-ozone/integration-test/target/test-dir/MiniOzoneClusterImpl-28dc08f8-08b8-4dfd-b771-8384b6a2d499/datanode-1/data/ratis/cb9bfc39-ac57-4cef-9e43-70878f7ee4d7/current/log_inprogress_0
2019-09-25 05:50:49,619 [Thread-3562] INFO  impl.FollowerState (FollowerState.java:run(106)) - 998f0c91-f727-4973-bd37-e1a81f390f6c:group-52AB6426FEED changes to CANDIDATE, lastRpcTime:5061, electionTimeout:5061ms
2019-09-25 05:50:49,619 [Thread-3562] INFO  impl.RoleInfo (RoleInfo.java:shutdownFollowerState(121)) - 998f0c91-f727-4973-bd37-e1a81f390f6c: shutdown FollowerState
2019-09-25 05:50:49,619 [Thread-3562] INFO  impl.RaftServerImpl (RaftServerImpl.java:setRole(174)) - 998f0c91-f727-4973-bd37-e1a81f390f6c@group-52AB6426FEED: changes role from  FOLLOWER to CANDIDATE at term 0 for changeToCandidate
2019-09-25 05:50:49,620 [Thread-3562] INFO  impl.RoleInfo (RoleInfo.java:updateAndGet(143)) - 998f0c91-f727-4973-bd37-e1a81f390f6c: start LeaderElection
2019-09-25 05:50:49,650 [Thread-3556] INFO  impl.FollowerState (FollowerState.java:run(106)) - 60b026ab-fadd-426f-9b92-f2e4bcc7c7ff:group-B51FFE235BED changes to CANDIDATE, lastRpcTime:5168, electionTimeout:5168ms
2019-09-25 05:50:49,650 [Thread-3556] INFO  impl.RoleInfo (RoleInfo.java:shutdownFollowerState(121)) - 60b026ab-fadd-426f-9b92-f2e4bcc7c7ff: shutdown FollowerState
2019-09-25 05:50:49,650 [Thread-3556] INFO  impl.RaftServerImpl (RaftServerImpl.java:setRole(174)) - 60b026ab-fadd-426f-9b92-f2e4bcc7c7ff@group-B51FFE235BED: changes role from  FOLLOWER to CANDIDATE at term 0 for changeToCandidate
2019-09-25 05:50:49,650 [Thread-3556] INFO  impl.RoleInfo (RoleInfo.java:updateAndGet(143)) - 60b026ab-fadd-426f-9b92-f2e4bcc7c7ff: start LeaderElection
2019-09-25 05:50:49,656 [998f0c91-f727-4973-bd37-e1a81f390f6c@group-52AB6426FEED:LeaderElection266] INFO  impl.LeaderElection (LeaderElection.java:askForVotes(182)) - 998f0c91-f727-4973-bd37-e1a81f390f6c@group-52AB6426FEED:LeaderElection266: begin an election at term 1 for -1: [998f0c91-f727-4973-bd37-e1a81f390f6c:192.168.30.10:43497], old=null
2019-09-25 05:50:49,656 [998f0c91-f727-4973-bd37-e1a81f390f6c@group-52AB6426FEED:LeaderElection266] INFO  impl.RoleInfo (RoleInfo.java:shutdownLeaderElection(134)) - 998f0c91-f727-4973-bd37-e1a81f390f6c: shutdown LeaderElection
2019-09-25 05:50:49,656 [998f0c91-f727-4973-bd37-e1a81f390f6c@group-52AB6426FEED:LeaderElection266] INFO  impl.RaftServerImpl (RaftServerImpl.java:setRole(174)) - 998f0c91-f727-4973-bd37-e1a81f390f6c@group-52AB6426FEED: changes role from CANDIDATE to LEADER at term 1 for changeToLeader
2019-09-25 05:50:49,656 [998f0c91-f727-4973-bd37-e1a81f390f6c@group-52AB6426FEED:LeaderElection266] INFO  impl.RaftServerImpl (ServerState.java:setLeader(253)) - 998f0c91-f727-4973-bd37-e1a81f390f6c@group-52AB6426FEED: change Leader from null to 998f0c91-f727-4973-bd37-e1a81f390f6c at term 1 for becomeLeader, leader elected after 5103ms
2019-09-25 05:50:49,657 [998f0c91-f727-4973-bd37-e1a81f390f6c@group-52AB6426FEED:LeaderElection266] INFO  server.RaftServerConfigKeys (ConfUtils.java:logGet(43)) - raft.server.staging.catchup.gap = 1000 (default)
2019-09-25 05:50:49,657 [998f0c91-f727-4973-bd37-e1a81f390f6c@group-52AB6426FEED:LeaderElection266] INFO  server.RaftServerConfigKeys (ConfUtils.java:logGet(43)) - raft.server.rpc.sleep.time = 25ms (default)
2019-09-25 05:50:49,657 [998f0c91-f727-4973-bd37-e1a81f390f6c@group-52AB6426FEED:LeaderElection266] INFO  server.RaftServerConfigKeys (ConfUtils.java:logGet(43)) - raft.server.write.element-limit = 4096 (default)
2019-09-25 05:50:49,657 [998f0c91-f727-4973-bd37-e1a81f390f6c@group-52AB6426FEED:LeaderElection266] INFO  server.RaftServerConfigKeys (ConfUtils.java:logGet(43)) - raft.server.watch.timeout = 10s (default)
2019-09-25 05:50:49,657 [998f0c91-f727-4973-bd37-e1a81f390f6c@group-52AB6426FEED:LeaderElection266] INFO  server.RaftServerConfigKeys (ConfUtils.java:logGet(43)) - raft.server.watch.timeout.denomination = 1s (default)
2019-09-25 05:50:49,657 [998f0c91-f727-4973-bd37-e1a81f390f6c@group-52AB6426FEED:LeaderElection266] INFO  server.RaftServerConfigKeys (ConfUtils.java:logGet(43)) - raft.server.watch.element-limit = 65536 (default)
2019-09-25 05:50:49,660 [998f0c91-f727-4973-bd37-e1a81f390f6c@group-52AB6426FEED:LeaderElection266] INFO  impl.RoleInfo (RoleInfo.java:updateAndGet(143)) - 998f0c91-f727-4973-bd37-e1a81f390f6c: start LeaderState
2019-09-25 05:50:49,660 [998f0c91-f727-4973-bd37-e1a81f390f6c@group-52AB6426FEED:LeaderElection266] INFO  segmented.SegmentedRaftLogWorker (SegmentedRaftLogWorker.java:startLogSegment(380)) - 998f0c91-f727-4973-bd37-e1a81f390f6c@group-52AB6426FEED-SegmentedRaftLogWorker: Starting segment from index:0
2019-09-25 05:50:49,660 [998f0c91-f727-4973-bd37-e1a81f390f6c@group-52AB6426FEED:LeaderElection266] INFO  impl.RaftServerImpl (ServerState.java:setRaftConf(354)) - 998f0c91-f727-4973-bd37-e1a81f390f6c@group-52AB6426FEED: set configuration 0: [998f0c91-f727-4973-bd37-e1a81f390f6c:192.168.30.10:43497], old=null at 0
2019-09-25 05:50:49,666 [60b026ab-fadd-426f-9b92-f2e4bcc7c7ff@group-B51FFE235BED:LeaderElection267] INFO  impl.LeaderElection (LeaderElection.java:askForVotes(182)) - 60b026ab-fadd-426f-9b92-f2e4bcc7c7ff@group-B51FFE235BED:LeaderElection267: begin an election at term 1 for -1: [60b026ab-fadd-426f-9b92-f2e4bcc7c7ff:192.168.30.10:33176], old=null
2019-09-25 05:50:49,666 [60b026ab-fadd-426f-9b92-f2e4bcc7c7ff@group-B51FFE235BED:LeaderElection267] INFO  impl.RoleInfo (RoleInfo.java:shutdownLeaderElection(134)) - 60b026ab-fadd-426f-9b92-f2e4bcc7c7ff: shutdown LeaderElection
2019-09-25 05:50:49,666 [60b026ab-fadd-426f-9b92-f2e4bcc7c7ff@group-B51FFE235BED:LeaderElection267] INFO  impl.RaftServerImpl (RaftServerImpl.java:setRole(174)) - 60b026ab-fadd-426f-9b92-f2e4bcc7c7ff@group-B51FFE235BED: changes role from CANDIDATE to LEADER at term 1 for changeToLeader
2019-09-25 05:50:49,666 [60b026ab-fadd-426f-9b92-f2e4bcc7c7ff@group-B51FFE235BED:LeaderElection267] INFO  impl.RaftServerImpl (ServerState.java:setLeader(253)) - 60b026ab-fadd-426f-9b92-f2e4bcc7c7ff@group-B51FFE235BED: change Leader from null to 60b026ab-fadd-426f-9b92-f2e4bcc7c7ff at term 1 for becomeLeader, leader elected after 5190ms
2019-09-25 05:50:49,667 [60b026ab-fadd-426f-9b92-f2e4bcc7c7ff@group-B51FFE235BED:LeaderElection267] INFO  server.RaftServerConfigKeys (ConfUtils.java:logGet(43)) - raft.server.staging.catchup.gap = 1000 (default)
2019-09-25 05:50:49,667 [60b026ab-fadd-426f-9b92-f2e4bcc7c7ff@group-B51FFE235BED:LeaderElection267] INFO  server.RaftServerConfigKeys (ConfUtils.java:logGet(43)) - raft.server.rpc.sleep.time = 25ms (default)
2019-09-25 05:50:49,667 [60b026ab-fadd-426f-9b92-f2e4bcc7c7ff@group-B51FFE235BED:LeaderElection267] INFO  server.RaftServerConfigKeys (ConfUtils.java:logGet(43)) - raft.server.write.element-limit = 4096 (default)
2019-09-25 05:50:49,667 [60b026ab-fadd-426f-9b92-f2e4bcc7c7ff@group-B51FFE235BED:LeaderElection267] INFO  server.RaftServerConfigKeys (ConfUtils.java:logGet(43)) - raft.server.watch.timeout = 10s (default)
2019-09-25 05:50:49,667 [60b026ab-fadd-426f-9b92-f2e4bcc7c7ff@group-B51FFE235BED:LeaderElection267] INFO  server.RaftServerConfigKeys (ConfUtils.java:logGet(43)) - raft.server.watch.timeout.denomination = 1s (default)
2019-09-25 05:50:49,667 [60b026ab-fadd-426f-9b92-f2e4bcc7c7ff@group-B51FFE235BED:LeaderElection267] INFO  server.RaftServerConfigKeys (ConfUtils.java:logGet(43)) - raft.server.watch.element-limit = 65536 (default)
2019-09-25 05:50:49,669 [60b026ab-fadd-426f-9b92-f2e4bcc7c7ff@group-B51FFE235BED:LeaderElection267] INFO  impl.RoleInfo (RoleInfo.java:updateAndGet(143)) - 60b026ab-fadd-426f-9b92-f2e4bcc7c7ff: start LeaderState
2019-09-25 05:50:49,669 [60b026ab-fadd-426f-9b92-f2e4bcc7c7ff@group-B51FFE235BED:LeaderElection267] INFO  segmented.SegmentedRaftLogWorker (SegmentedRaftLogWorker.java:startLogSegment(380)) - 60b026ab-fadd-426f-9b92-f2e4bcc7c7ff@group-B51FFE235BED-SegmentedRaftLogWorker: Starting segment from index:0
2019-09-25 05:50:49,669 [60b026ab-fadd-426f-9b92-f2e4bcc7c7ff@group-B51FFE235BED:LeaderElection267] INFO  impl.RaftServerImpl (ServerState.java:setRaftConf(354)) - 60b026ab-fadd-426f-9b92-f2e4bcc7c7ff@group-B51FFE235BED: set configuration 0: [60b026ab-fadd-426f-9b92-f2e4bcc7c7ff:192.168.30.10:33176], old=null at 0
2019-09-25 05:50:49,694 [Thread-3559] INFO  impl.FollowerState (FollowerState.java:run(106)) - 49655598-56f4-41c4-a924-b5d2880a3f2f:group-F222B3313DD0 changes to CANDIDATE, lastRpcTime:5174, electionTimeout:5174ms
2019-09-25 05:50:49,694 [Thread-3559] INFO  impl.RoleInfo (RoleInfo.java:shutdownFollowerState(121)) - 49655598-56f4-41c4-a924-b5d2880a3f2f: shutdown FollowerState
2019-09-25 05:50:49,694 [Thread-3559] INFO  impl.RaftServerImpl (RaftServerImpl.java:setRole(174)) - 49655598-56f4-41c4-a924-b5d2880a3f2f@group-F222B3313DD0: changes role from  FOLLOWER to CANDIDATE at term 0 for changeToCandidate
2019-09-25 05:50:49,694 [Thread-3559] INFO  impl.RoleInfo (RoleInfo.java:updateAndGet(143)) - 49655598-56f4-41c4-a924-b5d2880a3f2f: start LeaderElection
2019-09-25 05:50:49,710 [998f0c91-f727-4973-bd37-e1a81f390f6c@group-52AB6426FEED-SegmentedRaftLogWorker] INFO  segmented.SegmentedRaftLogWorker (SegmentedRaftLogWorker.java:execute(569)) - 998f0c91-f727-4973-bd37-e1a81f390f6c@group-52AB6426FEED-SegmentedRaftLogWorker: created new log segment /workdir/hadoop-ozone/integration-test/target/test-dir/MiniOzoneClusterImpl-28dc08f8-08b8-4dfd-b771-8384b6a2d499/datanode-2/data/ratis/47a3a4bc-06d7-4ce6-a84c-52ab6426feed/current/log_inprogress_0
2019-09-25 05:50:49,714 [Thread-3571] INFO  impl.FollowerState (FollowerState.java:run(106)) - 60b026ab-fadd-426f-9b92-f2e4bcc7c7ff:group-612AAEF22497 changes to CANDIDATE, lastRpcTime:5000, electionTimeout:5000ms
2019-09-25 05:50:49,714 [Thread-3571] INFO  impl.RoleInfo (RoleInfo.java:shutdownFollowerState(121)) - 60b026ab-fadd-426f-9b92-f2e4bcc7c7ff: shutdown FollowerState
2019-09-25 05:50:49,714 [Thread-3571] INFO  impl.RaftServerImpl (RaftServerImpl.java:setRole(174)) - 60b026ab-fadd-426f-9b92-f2e4bcc7c7ff@group-612AAEF22497: changes role from  FOLLOWER to CANDIDATE at term 0 for changeToCandidate
2019-09-25 05:50:49,714 [Thread-3571] INFO  impl.RoleInfo (RoleInfo.java:updateAndGet(143)) - 60b026ab-fadd-426f-9b92-f2e4bcc7c7ff: start LeaderElection
2019-09-25 05:50:49,724 [60b026ab-fadd-426f-9b92-f2e4bcc7c7ff@group-B51FFE235BED-SegmentedRaftLogWorker] INFO  segmented.SegmentedRaftLogWorker (SegmentedRaftLogWorker.java:execute(569)) - 60b026ab-fadd-426f-9b92-f2e4bcc7c7ff@group-B51FFE235BED-SegmentedRaftLogWorker: created new log segment /workdir/hadoop-ozone/integration-test/target/test-dir/MiniOzoneClusterImpl-28dc08f8-08b8-4dfd-b771-8384b6a2d499/datanode-1/data/ratis/f66a0408-900d-4670-bba7-b51ffe235bed/current/log_inprogress_0
2019-09-25 05:50:49,738 [49655598-56f4-41c4-a924-b5d2880a3f2f@group-F222B3313DD0:LeaderElection268] INFO  impl.LeaderElection (LeaderElection.java:askForVotes(182)) - 49655598-56f4-41c4-a924-b5d2880a3f2f@group-F222B3313DD0:LeaderElection268: begin an election at term 1 for -1: [49655598-56f4-41c4-a924-b5d2880a3f2f:192.168.30.10:40919], old=null
2019-09-25 05:50:49,738 [60b026ab-fadd-426f-9b92-f2e4bcc7c7ff@group-612AAEF22497:LeaderElection269] INFO  impl.LeaderElection (LeaderElection.java:askForVotes(182)) - 60b026ab-fadd-426f-9b92-f2e4bcc7c7ff@group-612AAEF22497:LeaderElection269: begin an election at term 1 for -1: [60b026ab-fadd-426f-9b92-f2e4bcc7c7ff:192.168.30.10:33176], old=null
2019-09-25 05:50:49,738 [49655598-56f4-41c4-a924-b5d2880a3f2f@group-F222B3313DD0:LeaderElection268] INFO  impl.RoleInfo (RoleInfo.java:shutdownLeaderElection(134)) - 49655598-56f4-41c4-a924-b5d2880a3f2f: shutdown LeaderElection
2019-09-25 05:50:49,738 [60b026ab-fadd-426f-9b92-f2e4bcc7c7ff@group-612AAEF22497:LeaderElection269] INFO  impl.RoleInfo (RoleInfo.java:shutdownLeaderElection(134)) - 60b026ab-fadd-426f-9b92-f2e4bcc7c7ff: shutdown LeaderElection
2019-09-25 05:50:49,738 [49655598-56f4-41c4-a924-b5d2880a3f2f@group-F222B3313DD0:LeaderElection268] INFO  impl.RaftServerImpl (RaftServerImpl.java:setRole(174)) - 49655598-56f4-41c4-a924-b5d2880a3f2f@group-F222B3313DD0: changes role from CANDIDATE to LEADER at term 1 for changeToLeader
2019-09-25 05:50:49,738 [60b026ab-fadd-426f-9b92-f2e4bcc7c7ff@group-612AAEF22497:LeaderElection269] INFO  impl.RaftServerImpl (RaftServerImpl.java:setRole(174)) - 60b026ab-fadd-426f-9b92-f2e4bcc7c7ff@group-612AAEF22497: changes role from CANDIDATE to LEADER at term 1 for changeToLeader
2019-09-25 05:50:49,739 [49655598-56f4-41c4-a924-b5d2880a3f2f@group-F222B3313DD0:LeaderElection268] INFO  impl.RaftServerImpl (ServerState.java:setLeader(253)) - 49655598-56f4-41c4-a924-b5d2880a3f2f@group-F222B3313DD0: change Leader from null to 49655598-56f4-41c4-a924-b5d2880a3f2f at term 1 for becomeLeader, leader elected after 5224ms
2019-09-25 05:50:49,739 [60b026ab-fadd-426f-9b92-f2e4bcc7c7ff@group-612AAEF22497:LeaderElection269] INFO  impl.RaftServerImpl (ServerState.java:setLeader(253)) - 60b026ab-fadd-426f-9b92-f2e4bcc7c7ff@group-612AAEF22497: change Leader from null to 60b026ab-fadd-426f-9b92-f2e4bcc7c7ff at term 1 for becomeLeader, leader elected after 5029ms
2019-09-25 05:50:49,739 [49655598-56f4-41c4-a924-b5d2880a3f2f@group-F222B3313DD0:LeaderElection268] INFO  server.RaftServerConfigKeys (ConfUtils.java:logGet(43)) - raft.server.staging.catchup.gap = 1000 (default)
2019-09-25 05:50:49,739 [60b026ab-fadd-426f-9b92-f2e4bcc7c7ff@group-612AAEF22497:LeaderElection269] INFO  server.RaftServerConfigKeys (ConfUtils.java:logGet(43)) - raft.server.staging.catchup.gap = 1000 (default)
2019-09-25 05:50:49,739 [49655598-56f4-41c4-a924-b5d2880a3f2f@group-F222B3313DD0:LeaderElection268] INFO  server.RaftServerConfigKeys (ConfUtils.java:logGet(43)) - raft.server.rpc.sleep.time = 25ms (default)
2019-09-25 05:50:49,739 [60b026ab-fadd-426f-9b92-f2e4bcc7c7ff@group-612AAEF22497:LeaderElection269] INFO  server.RaftServerConfigKeys (ConfUtils.java:logGet(43)) - raft.server.rpc.sleep.time = 25ms (default)
2019-09-25 05:50:49,739 [49655598-56f4-41c4-a924-b5d2880a3f2f@group-F222B3313DD0:LeaderElection268] INFO  server.RaftServerConfigKeys (ConfUtils.java:logGet(43)) - raft.server.write.element-limit = 4096 (default)
2019-09-25 05:50:49,739 [60b026ab-fadd-426f-9b92-f2e4bcc7c7ff@group-612AAEF22497:LeaderElection269] INFO  server.RaftServerConfigKeys (ConfUtils.java:logGet(43)) - raft.server.write.element-limit = 4096 (default)
2019-09-25 05:50:49,739 [49655598-56f4-41c4-a924-b5d2880a3f2f@group-F222B3313DD0:LeaderElection268] INFO  server.RaftServerConfigKeys (ConfUtils.java:logGet(43)) - raft.server.watch.timeout = 10s (default)
2019-09-25 05:50:49,739 [60b026ab-fadd-426f-9b92-f2e4bcc7c7ff@group-612AAEF22497:LeaderElection269] INFO  server.RaftServerConfigKeys (ConfUtils.java:logGet(43)) - raft.server.watch.timeout = 10s (default)
2019-09-25 05:50:49,739 [49655598-56f4-41c4-a924-b5d2880a3f2f@group-F222B3313DD0:LeaderElection268] INFO  server.RaftServerConfigKeys (ConfUtils.java:logGet(43)) - raft.server.watch.timeout.denomination = 1s (default)
2019-09-25 05:50:49,740 [60b026ab-fadd-426f-9b92-f2e4bcc7c7ff@group-612AAEF22497:LeaderElection269] INFO  server.RaftServerConfigKeys (ConfUtils.java:logGet(43)) - raft.server.watch.timeout.denomination = 1s (default)
2019-09-25 05:50:49,740 [49655598-56f4-41c4-a924-b5d2880a3f2f@group-F222B3313DD0:LeaderElection268] INFO  server.RaftServerConfigKeys (ConfUtils.java:logGet(43)) - raft.server.watch.element-limit = 65536 (default)
2019-09-25 05:50:49,740 [60b026ab-fadd-426f-9b92-f2e4bcc7c7ff@group-612AAEF22497:LeaderElection269] INFO  server.RaftServerConfigKeys (ConfUtils.java:logGet(43)) - raft.server.watch.element-limit = 65536 (default)
2019-09-25 05:50:49,741 [Thread-3568] INFO  impl.FollowerState (FollowerState.java:run(106)) - 60b026ab-fadd-426f-9b92-f2e4bcc7c7ff:group-C155A47F2BC2 changes to CANDIDATE, lastRpcTime:5067, electionTimeout:5067ms
2019-09-25 05:50:49,741 [Thread-3568] INFO  impl.RoleInfo (RoleInfo.java:shutdownFollowerState(121)) - 60b026ab-fadd-426f-9b92-f2e4bcc7c7ff: shutdown FollowerState
2019-09-25 05:50:49,741 [Thread-3568] INFO  impl.RaftServerImpl (RaftServerImpl.java:setRole(174)) - 60b026ab-fadd-426f-9b92-f2e4bcc7c7ff@group-C155A47F2BC2: changes role from  FOLLOWER to CANDIDATE at term 0 for changeToCandidate
2019-09-25 05:50:49,741 [49655598-56f4-41c4-a924-b5d2880a3f2f@group-F222B3313DD0:LeaderElection268] INFO  impl.RoleInfo (RoleInfo.java:updateAndGet(143)) - 49655598-56f4-41c4-a924-b5d2880a3f2f: start LeaderState
2019-09-25 05:50:49,741 [Thread-3568] INFO  impl.RoleInfo (RoleInfo.java:updateAndGet(143)) - 60b026ab-fadd-426f-9b92-f2e4bcc7c7ff: start LeaderElection
2019-09-25 05:50:49,741 [49655598-56f4-41c4-a924-b5d2880a3f2f@group-F222B3313DD0:LeaderElection268] INFO  segmented.SegmentedRaftLogWorker (SegmentedRaftLogWorker.java:startLogSegment(380)) - 49655598-56f4-41c4-a924-b5d2880a3f2f@group-F222B3313DD0-SegmentedRaftLogWorker: Starting segment from index:0
2019-09-25 05:50:49,741 [60b026ab-fadd-426f-9b92-f2e4bcc7c7ff@group-612AAEF22497:LeaderElection269] INFO  impl.RoleInfo (RoleInfo.java:updateAndGet(143)) - 60b026ab-fadd-426f-9b92-f2e4bcc7c7ff: start LeaderState
2019-09-25 05:50:49,742 [60b026ab-fadd-426f-9b92-f2e4bcc7c7ff@group-612AAEF22497:LeaderElection269] INFO  segmented.SegmentedRaftLogWorker (SegmentedRaftLogWorker.java:startLogSegment(380)) - 60b026ab-fadd-426f-9b92-f2e4bcc7c7ff@group-612AAEF22497-SegmentedRaftLogWorker: Starting segment from index:0
2019-09-25 05:50:49,746 [49655598-56f4-41c4-a924-b5d2880a3f2f@group-F222B3313DD0:LeaderElection268] INFO  impl.RaftServerImpl (ServerState.java:setRaftConf(354)) - 49655598-56f4-41c4-a924-b5d2880a3f2f@group-F222B3313DD0: set configuration 0: [49655598-56f4-41c4-a924-b5d2880a3f2f:192.168.30.10:40919], old=null at 0
2019-09-25 05:50:49,746 [60b026ab-fadd-426f-9b92-f2e4bcc7c7ff@group-612AAEF22497:LeaderElection269] INFO  impl.RaftServerImpl (ServerState.java:setRaftConf(354)) - 60b026ab-fadd-426f-9b92-f2e4bcc7c7ff@group-612AAEF22497: set configuration 0: [60b026ab-fadd-426f-9b92-f2e4bcc7c7ff:192.168.30.10:33176], old=null at 0
2019-09-25 05:50:49,757 [60b026ab-fadd-426f-9b92-f2e4bcc7c7ff@group-C155A47F2BC2:LeaderElection270] INFO  impl.LeaderElection (LeaderElection.java:askForVotes(182)) - 60b026ab-fadd-426f-9b92-f2e4bcc7c7ff@group-C155A47F2BC2:LeaderElection270: begin an election at term 1 for -1: [60b026ab-fadd-426f-9b92-f2e4bcc7c7ff:192.168.30.10:33176], old=null
2019-09-25 05:50:49,757 [60b026ab-fadd-426f-9b92-f2e4bcc7c7ff@group-C155A47F2BC2:LeaderElection270] INFO  impl.RoleInfo (RoleInfo.java:shutdownLeaderElection(134)) - 60b026ab-fadd-426f-9b92-f2e4bcc7c7ff: shutdown LeaderElection
2019-09-25 05:50:49,757 [60b026ab-fadd-426f-9b92-f2e4bcc7c7ff@group-C155A47F2BC2:LeaderElection270] INFO  impl.RaftServerImpl (RaftServerImpl.java:setRole(174)) - 60b026ab-fadd-426f-9b92-f2e4bcc7c7ff@group-C155A47F2BC2: changes role from CANDIDATE to LEADER at term 1 for changeToLeader
2019-09-25 05:50:49,758 [60b026ab-fadd-426f-9b92-f2e4bcc7c7ff@group-C155A47F2BC2:LeaderElection270] INFO  impl.RaftServerImpl (ServerState.java:setLeader(253)) - 60b026ab-fadd-426f-9b92-f2e4bcc7c7ff@group-C155A47F2BC2: change Leader from null to 60b026ab-fadd-426f-9b92-f2e4bcc7c7ff at term 1 for becomeLeader, leader elected after 5089ms
2019-09-25 05:50:49,758 [60b026ab-fadd-426f-9b92-f2e4bcc7c7ff@group-C155A47F2BC2:LeaderElection270] INFO  server.RaftServerConfigKeys (ConfUtils.java:logGet(43)) - raft.server.staging.catchup.gap = 1000 (default)
2019-09-25 05:50:49,758 [60b026ab-fadd-426f-9b92-f2e4bcc7c7ff@group-C155A47F2BC2:LeaderElection270] INFO  server.RaftServerConfigKeys (ConfUtils.java:logGet(43)) - raft.server.rpc.sleep.time = 25ms (default)
2019-09-25 05:50:49,758 [60b026ab-fadd-426f-9b92-f2e4bcc7c7ff@group-C155A47F2BC2:LeaderElection270] INFO  server.RaftServerConfigKeys (ConfUtils.java:logGet(43)) - raft.server.write.element-limit = 4096 (default)
2019-09-25 05:50:49,758 [60b026ab-fadd-426f-9b92-f2e4bcc7c7ff@group-C155A47F2BC2:LeaderElection270] INFO  server.RaftServerConfigKeys (ConfUtils.java:logGet(43)) - raft.server.watch.timeout = 10s (default)
2019-09-25 05:50:49,758 [60b026ab-fadd-426f-9b92-f2e4bcc7c7ff@group-C155A47F2BC2:LeaderElection270] INFO  server.RaftServerConfigKeys (ConfUtils.java:logGet(43)) - raft.server.watch.timeout.denomination = 1s (default)
2019-09-25 05:50:49,758 [60b026ab-fadd-426f-9b92-f2e4bcc7c7ff@group-C155A47F2BC2:LeaderElection270] INFO  server.RaftServerConfigKeys (ConfUtils.java:logGet(43)) - raft.server.watch.element-limit = 65536 (default)
2019-09-25 05:50:49,760 [60b026ab-fadd-426f-9b92-f2e4bcc7c7ff@group-C155A47F2BC2:LeaderElection270] INFO  impl.RoleInfo (RoleInfo.java:updateAndGet(143)) - 60b026ab-fadd-426f-9b92-f2e4bcc7c7ff: start LeaderState
2019-09-25 05:50:49,760 [60b026ab-fadd-426f-9b92-f2e4bcc7c7ff@group-C155A47F2BC2:LeaderElection270] INFO  segmented.SegmentedRaftLogWorker (SegmentedRaftLogWorker.java:startLogSegment(380)) - 60b026ab-fadd-426f-9b92-f2e4bcc7c7ff@group-C155A47F2BC2-SegmentedRaftLogWorker: Starting segment from index:0
2019-09-25 05:50:49,760 [60b026ab-fadd-426f-9b92-f2e4bcc7c7ff@group-C155A47F2BC2:LeaderElection270] INFO  impl.RaftServerImpl (ServerState.java:setRaftConf(354)) - 60b026ab-fadd-426f-9b92-f2e4bcc7c7ff@group-C155A47F2BC2: set configuration 0: [60b026ab-fadd-426f-9b92-f2e4bcc7c7ff:192.168.30.10:33176], old=null at 0
2019-09-25 05:50:49,773 [Thread-3565] INFO  impl.FollowerState (FollowerState.java:run(106)) - ddf6e088-733e-4b9a-8ca4-5a6f511d9b5a:group-30D16DE0CE22 changes to CANDIDATE, lastRpcTime:5149, electionTimeout:5149ms
2019-09-25 05:50:49,773 [Thread-3565] INFO  impl.RoleInfo (RoleInfo.java:shutdownFollowerState(121)) - ddf6e088-733e-4b9a-8ca4-5a6f511d9b5a: shutdown FollowerState
2019-09-25 05:50:49,773 [Thread-3565] INFO  impl.RaftServerImpl (RaftServerImpl.java:setRole(174)) - ddf6e088-733e-4b9a-8ca4-5a6f511d9b5a@group-30D16DE0CE22: changes role from  FOLLOWER to CANDIDATE at term 0 for changeToCandidate
2019-09-25 05:50:49,773 [Thread-3565] INFO  impl.RoleInfo (RoleInfo.java:updateAndGet(143)) - ddf6e088-733e-4b9a-8ca4-5a6f511d9b5a: start LeaderElection
2019-09-25 05:50:49,795 [Thread-3574] INFO  impl.FollowerState (FollowerState.java:run(106)) - 998f0c91-f727-4973-bd37-e1a81f390f6c:group-28F89C1EC694 changes to CANDIDATE, lastRpcTime:5043, electionTimeout:5043ms
2019-09-25 05:50:49,795 [Thread-3574] INFO  impl.RoleInfo (RoleInfo.java:shutdownFollowerState(121)) - 998f0c91-f727-4973-bd37-e1a81f390f6c: shutdown FollowerState
2019-09-25 05:50:49,795 [Thread-3574] INFO  impl.RaftServerImpl (RaftServerImpl.java:setRole(174)) - 998f0c91-f727-4973-bd37-e1a81f390f6c@group-28F89C1EC694: changes role from  FOLLOWER to CANDIDATE at term 0 for changeToCandidate
2019-09-25 05:50:49,795 [Thread-3574] INFO  impl.RoleInfo (RoleInfo.java:updateAndGet(143)) - 998f0c91-f727-4973-bd37-e1a81f390f6c: start LeaderElection
2019-09-25 05:50:49,799 [60b026ab-fadd-426f-9b92-f2e4bcc7c7ff@group-C155A47F2BC2-SegmentedRaftLogWorker] INFO  segmented.SegmentedRaftLogWorker (SegmentedRaftLogWorker.java:execute(569)) - 60b026ab-fadd-426f-9b92-f2e4bcc7c7ff@group-C155A47F2BC2-SegmentedRaftLogWorker: created new log segment /workdir/hadoop-ozone/integration-test/target/test-dir/MiniOzoneClusterImpl-28dc08f8-08b8-4dfd-b771-8384b6a2d499/datanode-1/data/ratis/7d81a92d-0e47-47dd-80bf-c155a47f2bc2/current/log_inprogress_0
2019-09-25 05:50:49,799 [ddf6e088-733e-4b9a-8ca4-5a6f511d9b5a@group-30D16DE0CE22:LeaderElection271] INFO  impl.LeaderElection (LeaderElection.java:askForVotes(182)) - ddf6e088-733e-4b9a-8ca4-5a6f511d9b5a@group-30D16DE0CE22:LeaderElection271: begin an election at term 1 for -1: [ddf6e088-733e-4b9a-8ca4-5a6f511d9b5a:192.168.30.10:39166], old=null
2019-09-25 05:50:49,799 [60b026ab-fadd-426f-9b92-f2e4bcc7c7ff@group-612AAEF22497-SegmentedRaftLogWorker] INFO  segmented.SegmentedRaftLogWorker (SegmentedRaftLogWorker.java:execute(569)) - 60b026ab-fadd-426f-9b92-f2e4bcc7c7ff@group-612AAEF22497-SegmentedRaftLogWorker: created new log segment /workdir/hadoop-ozone/integration-test/target/test-dir/MiniOzoneClusterImpl-28dc08f8-08b8-4dfd-b771-8384b6a2d499/datanode-1/data/ratis/c42bd5f5-a393-4af2-a0a8-612aaef22497/current/log_inprogress_0
2019-09-25 05:50:49,799 [49655598-56f4-41c4-a924-b5d2880a3f2f@group-F222B3313DD0-SegmentedRaftLogWorker] INFO  segmented.SegmentedRaftLogWorker (SegmentedRaftLogWorker.java:execute(569)) - 49655598-56f4-41c4-a924-b5d2880a3f2f@group-F222B3313DD0-SegmentedRaftLogWorker: created new log segment /workdir/hadoop-ozone/integration-test/target/test-dir/MiniOzoneClusterImpl-28dc08f8-08b8-4dfd-b771-8384b6a2d499/datanode-0/data/ratis/c407f1e2-bc58-4b77-bf72-f222b3313dd0/current/log_inprogress_0
2019-09-25 05:50:49,800 [ddf6e088-733e-4b9a-8ca4-5a6f511d9b5a@group-30D16DE0CE22:LeaderElection271] INFO  impl.RoleInfo (RoleInfo.java:shutdownLeaderElection(134)) - ddf6e088-733e-4b9a-8ca4-5a6f511d9b5a: shutdown LeaderElection
2019-09-25 05:50:49,800 [ddf6e088-733e-4b9a-8ca4-5a6f511d9b5a@group-30D16DE0CE22:LeaderElection271] INFO  impl.RaftServerImpl (RaftServerImpl.java:setRole(174)) - ddf6e088-733e-4b9a-8ca4-5a6f511d9b5a@group-30D16DE0CE22: changes role from CANDIDATE to LEADER at term 1 for changeToLeader
2019-09-25 05:50:49,800 [ddf6e088-733e-4b9a-8ca4-5a6f511d9b5a@group-30D16DE0CE22:LeaderElection271] INFO  impl.RaftServerImpl (ServerState.java:setLeader(253)) - ddf6e088-733e-4b9a-8ca4-5a6f511d9b5a@group-30D16DE0CE22: change Leader from null to ddf6e088-733e-4b9a-8ca4-5a6f511d9b5a at term 1 for becomeLeader, leader elected after 5183ms
2019-09-25 05:50:49,800 [ddf6e088-733e-4b9a-8ca4-5a6f511d9b5a@group-30D16DE0CE22:LeaderElection271] INFO  server.RaftServerConfigKeys (ConfUtils.java:logGet(43)) - raft.server.staging.catchup.gap = 1000 (default)
2019-09-25 05:50:49,800 [ddf6e088-733e-4b9a-8ca4-5a6f511d9b5a@group-30D16DE0CE22:LeaderElection271] INFO  server.RaftServerConfigKeys (ConfUtils.java:logGet(43)) - raft.server.rpc.sleep.time = 25ms (default)
2019-09-25 05:50:49,801 [ddf6e088-733e-4b9a-8ca4-5a6f511d9b5a@group-30D16DE0CE22:LeaderElection271] INFO  server.RaftServerConfigKeys (ConfUtils.java:logGet(43)) - raft.server.write.element-limit = 4096 (default)
2019-09-25 05:50:49,801 [ddf6e088-733e-4b9a-8ca4-5a6f511d9b5a@group-30D16DE0CE22:LeaderElection271] INFO  server.RaftServerConfigKeys (ConfUtils.java:logGet(43)) - raft.server.watch.timeout = 10s (default)
2019-09-25 05:50:49,801 [ddf6e088-733e-4b9a-8ca4-5a6f511d9b5a@group-30D16DE0CE22:LeaderElection271] INFO  server.RaftServerConfigKeys (ConfUtils.java:logGet(43)) - raft.server.watch.timeout.denomination = 1s (default)
2019-09-25 05:50:49,801 [ddf6e088-733e-4b9a-8ca4-5a6f511d9b5a@group-30D16DE0CE22:LeaderElection271] INFO  server.RaftServerConfigKeys (ConfUtils.java:logGet(43)) - raft.server.watch.element-limit = 65536 (default)
2019-09-25 05:50:49,802 [ddf6e088-733e-4b9a-8ca4-5a6f511d9b5a@group-30D16DE0CE22:LeaderElection271] INFO  impl.RoleInfo (RoleInfo.java:updateAndGet(143)) - ddf6e088-733e-4b9a-8ca4-5a6f511d9b5a: start LeaderState
2019-09-25 05:50:49,803 [ddf6e088-733e-4b9a-8ca4-5a6f511d9b5a@group-30D16DE0CE22:LeaderElection271] INFO  segmented.SegmentedRaftLogWorker (SegmentedRaftLogWorker.java:startLogSegment(380)) - ddf6e088-733e-4b9a-8ca4-5a6f511d9b5a@group-30D16DE0CE22-SegmentedRaftLogWorker: Starting segment from index:0
2019-09-25 05:50:49,803 [ddf6e088-733e-4b9a-8ca4-5a6f511d9b5a@group-30D16DE0CE22:LeaderElection271] INFO  impl.RaftServerImpl (ServerState.java:setRaftConf(354)) - ddf6e088-733e-4b9a-8ca4-5a6f511d9b5a@group-30D16DE0CE22: set configuration 0: [ddf6e088-733e-4b9a-8ca4-5a6f511d9b5a:192.168.30.10:39166], old=null at 0
2019-09-25 05:50:49,813 [998f0c91-f727-4973-bd37-e1a81f390f6c@group-28F89C1EC694:LeaderElection272] INFO  impl.LeaderElection (LeaderElection.java:askForVotes(182)) - 998f0c91-f727-4973-bd37-e1a81f390f6c@group-28F89C1EC694:LeaderElection272: begin an election at term 1 for -1: [998f0c91-f727-4973-bd37-e1a81f390f6c:192.168.30.10:43497], old=null
2019-09-25 05:50:49,813 [998f0c91-f727-4973-bd37-e1a81f390f6c@group-28F89C1EC694:LeaderElection272] INFO  impl.RoleInfo (RoleInfo.java:shutdownLeaderElection(134)) - 998f0c91-f727-4973-bd37-e1a81f390f6c: shutdown LeaderElection
2019-09-25 05:50:49,813 [998f0c91-f727-4973-bd37-e1a81f390f6c@group-28F89C1EC694:LeaderElection272] INFO  impl.RaftServerImpl (RaftServerImpl.java:setRole(174)) - 998f0c91-f727-4973-bd37-e1a81f390f6c@group-28F89C1EC694: changes role from CANDIDATE to LEADER at term 1 for changeToLeader
2019-09-25 05:50:49,813 [998f0c91-f727-4973-bd37-e1a81f390f6c@group-28F89C1EC694:LeaderElection272] INFO  impl.RaftServerImpl (ServerState.java:setLeader(253)) - 998f0c91-f727-4973-bd37-e1a81f390f6c@group-28F89C1EC694: change Leader from null to 998f0c91-f727-4973-bd37-e1a81f390f6c at term 1 for becomeLeader, leader elected after 5066ms
2019-09-25 05:50:49,813 [998f0c91-f727-4973-bd37-e1a81f390f6c@group-28F89C1EC694:LeaderElection272] INFO  server.RaftServerConfigKeys (ConfUtils.java:logGet(43)) - raft.server.staging.catchup.gap = 1000 (default)
2019-09-25 05:50:49,813 [998f0c91-f727-4973-bd37-e1a81f390f6c@group-28F89C1EC694:LeaderElection272] INFO  server.RaftServerConfigKeys (ConfUtils.java:logGet(43)) - raft.server.rpc.sleep.time = 25ms (default)
2019-09-25 05:50:49,813 [998f0c91-f727-4973-bd37-e1a81f390f6c@group-28F89C1EC694:LeaderElection272] INFO  server.RaftServerConfigKeys (ConfUtils.java:logGet(43)) - raft.server.write.element-limit = 4096 (default)
2019-09-25 05:50:49,813 [998f0c91-f727-4973-bd37-e1a81f390f6c@group-28F89C1EC694:LeaderElection272] INFO  server.RaftServerConfigKeys (ConfUtils.java:logGet(43)) - raft.server.watch.timeout = 10s (default)
2019-09-25 05:50:49,813 [998f0c91-f727-4973-bd37-e1a81f390f6c@group-28F89C1EC694:LeaderElection272] INFO  server.RaftServerConfigKeys (ConfUtils.java:logGet(43)) - raft.server.watch.timeout.denomination = 1s (default)
2019-09-25 05:50:49,813 [998f0c91-f727-4973-bd37-e1a81f390f6c@group-28F89C1EC694:LeaderElection272] INFO  server.RaftServerConfigKeys (ConfUtils.java:logGet(43)) - raft.server.watch.element-limit = 65536 (default)
2019-09-25 05:50:49,815 [998f0c91-f727-4973-bd37-e1a81f390f6c@group-28F89C1EC694:LeaderElection272] INFO  impl.RoleInfo (RoleInfo.java:updateAndGet(143)) - 998f0c91-f727-4973-bd37-e1a81f390f6c: start LeaderState
2019-09-25 05:50:49,815 [998f0c91-f727-4973-bd37-e1a81f390f6c@group-28F89C1EC694:LeaderElection272] INFO  segmented.SegmentedRaftLogWorker (SegmentedRaftLogWorker.java:startLogSegment(380)) - 998f0c91-f727-4973-bd37-e1a81f390f6c@group-28F89C1EC694-SegmentedRaftLogWorker: Starting segment from index:0
2019-09-25 05:50:49,815 [998f0c91-f727-4973-bd37-e1a81f390f6c@group-28F89C1EC694:LeaderElection272] INFO  impl.RaftServerImpl (ServerState.java:setRaftConf(354)) - 998f0c91-f727-4973-bd37-e1a81f390f6c@group-28F89C1EC694: set configuration 0: [998f0c91-f727-4973-bd37-e1a81f390f6c:192.168.30.10:43497], old=null at 0
2019-09-25 05:50:49,820 [Thread-3577] INFO  impl.FollowerState (FollowerState.java:run(106)) - 998f0c91-f727-4973-bd37-e1a81f390f6c:group-117D7D3FA75D changes to CANDIDATE, lastRpcTime:5028, electionTimeout:5028ms
2019-09-25 05:50:49,820 [Thread-3577] INFO  impl.RoleInfo (RoleInfo.java:shutdownFollowerState(121)) - 998f0c91-f727-4973-bd37-e1a81f390f6c: shutdown FollowerState
2019-09-25 05:50:49,820 [Thread-3577] INFO  impl.RaftServerImpl (RaftServerImpl.java:setRole(174)) - 998f0c91-f727-4973-bd37-e1a81f390f6c@group-117D7D3FA75D: changes role from  FOLLOWER to CANDIDATE at term 0 for changeToCandidate
2019-09-25 05:50:49,820 [Thread-3577] INFO  impl.RoleInfo (RoleInfo.java:updateAndGet(143)) - 998f0c91-f727-4973-bd37-e1a81f390f6c: start LeaderElection
2019-09-25 05:50:49,851 [998f0c91-f727-4973-bd37-e1a81f390f6c@group-28F89C1EC694-SegmentedRaftLogWorker] INFO  segmented.SegmentedRaftLogWorker (SegmentedRaftLogWorker.java:execute(569)) - 998f0c91-f727-4973-bd37-e1a81f390f6c@group-28F89C1EC694-SegmentedRaftLogWorker: created new log segment /workdir/hadoop-ozone/integration-test/target/test-dir/MiniOzoneClusterImpl-28dc08f8-08b8-4dfd-b771-8384b6a2d499/datanode-2/data/ratis/d16c77a8-b59c-483b-aedf-28f89c1ec694/current/log_inprogress_0
2019-09-25 05:50:49,851 [ddf6e088-733e-4b9a-8ca4-5a6f511d9b5a@group-30D16DE0CE22-SegmentedRaftLogWorker] INFO  segmented.SegmentedRaftLogWorker (SegmentedRaftLogWorker.java:execute(569)) - ddf6e088-733e-4b9a-8ca4-5a6f511d9b5a@group-30D16DE0CE22-SegmentedRaftLogWorker: created new log segment /workdir/hadoop-ozone/integration-test/target/test-dir/MiniOzoneClusterImpl-28dc08f8-08b8-4dfd-b771-8384b6a2d499/datanode-3/data/ratis/d1ec6a9c-b8bf-4b82-bb23-30d16de0ce22/current/log_inprogress_0
2019-09-25 05:50:49,855 [998f0c91-f727-4973-bd37-e1a81f390f6c@group-117D7D3FA75D:LeaderElection273] INFO  impl.LeaderElection (LeaderElection.java:askForVotes(182)) - 998f0c91-f727-4973-bd37-e1a81f390f6c@group-117D7D3FA75D:LeaderElection273: begin an election at term 1 for -1: [998f0c91-f727-4973-bd37-e1a81f390f6c:192.168.30.10:43497], old=null
2019-09-25 05:50:49,855 [998f0c91-f727-4973-bd37-e1a81f390f6c@group-117D7D3FA75D:LeaderElection273] INFO  impl.RoleInfo (RoleInfo.java:shutdownLeaderElection(134)) - 998f0c91-f727-4973-bd37-e1a81f390f6c: shutdown LeaderElection
2019-09-25 05:50:49,855 [998f0c91-f727-4973-bd37-e1a81f390f6c@group-117D7D3FA75D:LeaderElection273] INFO  impl.RaftServerImpl (RaftServerImpl.java:setRole(174)) - 998f0c91-f727-4973-bd37-e1a81f390f6c@group-117D7D3FA75D: changes role from CANDIDATE to LEADER at term 1 for changeToLeader
2019-09-25 05:50:49,855 [998f0c91-f727-4973-bd37-e1a81f390f6c@group-117D7D3FA75D:LeaderElection273] INFO  impl.RaftServerImpl (ServerState.java:setLeader(253)) - 998f0c91-f727-4973-bd37-e1a81f390f6c@group-117D7D3FA75D: change Leader from null to 998f0c91-f727-4973-bd37-e1a81f390f6c at term 1 for becomeLeader, leader elected after 5068ms
2019-09-25 05:50:49,855 [998f0c91-f727-4973-bd37-e1a81f390f6c@group-117D7D3FA75D:LeaderElection273] INFO  server.RaftServerConfigKeys (ConfUtils.java:logGet(43)) - raft.server.staging.catchup.gap = 1000 (default)
2019-09-25 05:50:49,855 [998f0c91-f727-4973-bd37-e1a81f390f6c@group-117D7D3FA75D:LeaderElection273] INFO  server.RaftServerConfigKeys (ConfUtils.java:logGet(43)) - raft.server.rpc.sleep.time = 25ms (default)
2019-09-25 05:50:49,855 [998f0c91-f727-4973-bd37-e1a81f390f6c@group-117D7D3FA75D:LeaderElection273] INFO  server.RaftServerConfigKeys (ConfUtils.java:logGet(43)) - raft.server.write.element-limit = 4096 (default)
2019-09-25 05:50:49,856 [998f0c91-f727-4973-bd37-e1a81f390f6c@group-117D7D3FA75D:LeaderElection273] INFO  server.RaftServerConfigKeys (ConfUtils.java:logGet(43)) - raft.server.watch.timeout = 10s (default)
2019-09-25 05:50:49,856 [998f0c91-f727-4973-bd37-e1a81f390f6c@group-117D7D3FA75D:LeaderElection273] INFO  server.RaftServerConfigKeys (ConfUtils.java:logGet(43)) - raft.server.watch.timeout.denomination = 1s (default)
2019-09-25 05:50:49,856 [998f0c91-f727-4973-bd37-e1a81f390f6c@group-117D7D3FA75D:LeaderElection273] INFO  server.RaftServerConfigKeys (ConfUtils.java:logGet(43)) - raft.server.watch.element-limit = 65536 (default)
2019-09-25 05:50:49,857 [998f0c91-f727-4973-bd37-e1a81f390f6c@group-117D7D3FA75D:LeaderElection273] INFO  impl.RoleInfo (RoleInfo.java:updateAndGet(143)) - 998f0c91-f727-4973-bd37-e1a81f390f6c: start LeaderState
2019-09-25 05:50:49,857 [998f0c91-f727-4973-bd37-e1a81f390f6c@group-117D7D3FA75D:LeaderElection273] INFO  segmented.SegmentedRaftLogWorker (SegmentedRaftLogWorker.java:startLogSegment(380)) - 998f0c91-f727-4973-bd37-e1a81f390f6c@group-117D7D3FA75D-SegmentedRaftLogWorker: Starting segment from index:0
2019-09-25 05:50:49,858 [998f0c91-f727-4973-bd37-e1a81f390f6c@group-117D7D3FA75D:LeaderElection273] INFO  impl.RaftServerImpl (ServerState.java:setRaftConf(354)) - 998f0c91-f727-4973-bd37-e1a81f390f6c@group-117D7D3FA75D: set configuration 0: [998f0c91-f727-4973-bd37-e1a81f390f6c:192.168.30.10:43497], old=null at 0
2019-09-25 05:50:49,885 [998f0c91-f727-4973-bd37-e1a81f390f6c@group-117D7D3FA75D-SegmentedRaftLogWorker] INFO  segmented.SegmentedRaftLogWorker (SegmentedRaftLogWorker.java:execute(569)) - 998f0c91-f727-4973-bd37-e1a81f390f6c@group-117D7D3FA75D-SegmentedRaftLogWorker: created new log segment /workdir/hadoop-ozone/integration-test/target/test-dir/MiniOzoneClusterImpl-28dc08f8-08b8-4dfd-b771-8384b6a2d499/datanode-2/data/ratis/9cb7ba39-61d5-4f81-a70a-117d7d3fa75d/current/log_inprogress_0
2019-09-25 05:50:49,954 [Thread-3580] INFO  impl.FollowerState (FollowerState.java:run(106)) - 998f0c91-f727-4973-bd37-e1a81f390f6c:group-CB67D72194FA changes to CANDIDATE, lastRpcTime:5143, electionTimeout:5143ms
2019-09-25 05:50:49,955 [Thread-3580] INFO  impl.RoleInfo (RoleInfo.java:shutdownFollowerState(121)) - 998f0c91-f727-4973-bd37-e1a81f390f6c: shutdown FollowerState
2019-09-25 05:50:49,955 [Thread-3580] INFO  impl.RaftServerImpl (RaftServerImpl.java:setRole(174)) - 998f0c91-f727-4973-bd37-e1a81f390f6c@group-CB67D72194FA: changes role from  FOLLOWER to CANDIDATE at term 0 for changeToCandidate
2019-09-25 05:50:49,955 [Thread-3580] INFO  impl.RoleInfo (RoleInfo.java:updateAndGet(143)) - 998f0c91-f727-4973-bd37-e1a81f390f6c: start LeaderElection
2019-09-25 05:50:49,974 [998f0c91-f727-4973-bd37-e1a81f390f6c@group-CB67D72194FA:LeaderElection274] INFO  impl.LeaderElection (LeaderElection.java:askForVotes(182)) - 998f0c91-f727-4973-bd37-e1a81f390f6c@group-CB67D72194FA:LeaderElection274: begin an election at term 1 for -1: [998f0c91-f727-4973-bd37-e1a81f390f6c:192.168.30.10:43497], old=null
2019-09-25 05:50:49,974 [998f0c91-f727-4973-bd37-e1a81f390f6c@group-CB67D72194FA:LeaderElection274] INFO  impl.RoleInfo (RoleInfo.java:shutdownLeaderElection(134)) - 998f0c91-f727-4973-bd37-e1a81f390f6c: shutdown LeaderElection
2019-09-25 05:50:49,975 [998f0c91-f727-4973-bd37-e1a81f390f6c@group-CB67D72194FA:LeaderElection274] INFO  impl.RaftServerImpl (RaftServerImpl.java:setRole(174)) - 998f0c91-f727-4973-bd37-e1a81f390f6c@group-CB67D72194FA: changes role from CANDIDATE to LEADER at term 1 for changeToLeader
2019-09-25 05:50:49,975 [998f0c91-f727-4973-bd37-e1a81f390f6c@group-CB67D72194FA:LeaderElection274] INFO  impl.RaftServerImpl (ServerState.java:setLeader(253)) - 998f0c91-f727-4973-bd37-e1a81f390f6c@group-CB67D72194FA: change Leader from null to 998f0c91-f727-4973-bd37-e1a81f390f6c at term 1 for becomeLeader, leader elected after 5168ms
2019-09-25 05:50:49,975 [998f0c91-f727-4973-bd37-e1a81f390f6c@group-CB67D72194FA:LeaderElection274] INFO  server.RaftServerConfigKeys (ConfUtils.java:logGet(43)) - raft.server.staging.catchup.gap = 1000 (default)
2019-09-25 05:50:49,975 [998f0c91-f727-4973-bd37-e1a81f390f6c@group-CB67D72194FA:LeaderElection274] INFO  server.RaftServerConfigKeys (ConfUtils.java:logGet(43)) - raft.server.rpc.sleep.time = 25ms (default)
2019-09-25 05:50:49,975 [998f0c91-f727-4973-bd37-e1a81f390f6c@group-CB67D72194FA:LeaderElection274] INFO  server.RaftServerConfigKeys (ConfUtils.java:logGet(43)) - raft.server.write.element-limit = 4096 (default)
2019-09-25 05:50:49,975 [998f0c91-f727-4973-bd37-e1a81f390f6c@group-CB67D72194FA:LeaderElection274] INFO  server.RaftServerConfigKeys (ConfUtils.java:logGet(43)) - raft.server.watch.timeout = 10s (default)
2019-09-25 05:50:49,975 [998f0c91-f727-4973-bd37-e1a81f390f6c@group-CB67D72194FA:LeaderElection274] INFO  server.RaftServerConfigKeys (ConfUtils.java:logGet(43)) - raft.server.watch.timeout.denomination = 1s (default)
2019-09-25 05:50:49,976 [998f0c91-f727-4973-bd37-e1a81f390f6c@group-CB67D72194FA:LeaderElection274] INFO  server.RaftServerConfigKeys (ConfUtils.java:logGet(43)) - raft.server.watch.element-limit = 65536 (default)
2019-09-25 05:50:49,976 [Thread-3586] INFO  impl.FollowerState (FollowerState.java:run(106)) - 048cd757-ac0b-449d-96b7-2f2a98d02798:group-1F39003FF79B changes to CANDIDATE, lastRpcTime:5071, electionTimeout:5071ms
2019-09-25 05:50:49,976 [Thread-3586] INFO  impl.RoleInfo (RoleInfo.java:shutdownFollowerState(121)) - 048cd757-ac0b-449d-96b7-2f2a98d02798: shutdown FollowerState
2019-09-25 05:50:49,976 [Thread-3586] INFO  impl.RaftServerImpl (RaftServerImpl.java:setRole(174)) - 048cd757-ac0b-449d-96b7-2f2a98d02798@group-1F39003FF79B: changes role from  FOLLOWER to CANDIDATE at term 0 for changeToCandidate
2019-09-25 05:50:49,976 [Thread-3586] INFO  impl.RoleInfo (RoleInfo.java:updateAndGet(143)) - 048cd757-ac0b-449d-96b7-2f2a98d02798: start LeaderElection
2019-09-25 05:50:49,983 [998f0c91-f727-4973-bd37-e1a81f390f6c@group-CB67D72194FA:LeaderElection274] INFO  impl.RoleInfo (RoleInfo.java:updateAndGet(143)) - 998f0c91-f727-4973-bd37-e1a81f390f6c: start LeaderState
2019-09-25 05:50:49,983 [998f0c91-f727-4973-bd37-e1a81f390f6c@group-CB67D72194FA:LeaderElection274] INFO  segmented.SegmentedRaftLogWorker (SegmentedRaftLogWorker.java:startLogSegment(380)) - 998f0c91-f727-4973-bd37-e1a81f390f6c@group-CB67D72194FA-SegmentedRaftLogWorker: Starting segment from index:0
2019-09-25 05:50:49,984 [998f0c91-f727-4973-bd37-e1a81f390f6c@group-CB67D72194FA:LeaderElection274] INFO  impl.RaftServerImpl (ServerState.java:setRaftConf(354)) - 998f0c91-f727-4973-bd37-e1a81f390f6c@group-CB67D72194FA: set configuration 0: [998f0c91-f727-4973-bd37-e1a81f390f6c:192.168.30.10:43497], old=null at 0
2019-09-25 05:50:49,988 [048cd757-ac0b-449d-96b7-2f2a98d02798@group-1F39003FF79B:LeaderElection275] INFO  impl.LeaderElection (LeaderElection.java:askForVotes(182)) - 048cd757-ac0b-449d-96b7-2f2a98d02798@group-1F39003FF79B:LeaderElection275: begin an election at term 1 for -1: [048cd757-ac0b-449d-96b7-2f2a98d02798:192.168.30.10:45339], old=null
2019-09-25 05:50:49,988 [048cd757-ac0b-449d-96b7-2f2a98d02798@group-1F39003FF79B:LeaderElection275] INFO  impl.RoleInfo (RoleInfo.java:shutdownLeaderElection(134)) - 048cd757-ac0b-449d-96b7-2f2a98d02798: shutdown LeaderElection
2019-09-25 05:50:49,989 [048cd757-ac0b-449d-96b7-2f2a98d02798@group-1F39003FF79B:LeaderElection275] INFO  impl.RaftServerImpl (RaftServerImpl.java:setRole(174)) - 048cd757-ac0b-449d-96b7-2f2a98d02798@group-1F39003FF79B: changes role from CANDIDATE to LEADER at term 1 for changeToLeader
2019-09-25 05:50:49,989 [048cd757-ac0b-449d-96b7-2f2a98d02798@group-1F39003FF79B:LeaderElection275] INFO  impl.RaftServerImpl (ServerState.java:setLeader(253)) - 048cd757-ac0b-449d-96b7-2f2a98d02798@group-1F39003FF79B: change Leader from null to 048cd757-ac0b-449d-96b7-2f2a98d02798 at term 1 for becomeLeader, leader elected after 5091ms
2019-09-25 05:50:49,989 [048cd757-ac0b-449d-96b7-2f2a98d02798@group-1F39003FF79B:LeaderElection275] INFO  server.RaftServerConfigKeys (ConfUtils.java:logGet(43)) - raft.server.staging.catchup.gap = 1000 (default)
2019-09-25 05:50:49,989 [048cd757-ac0b-449d-96b7-2f2a98d02798@group-1F39003FF79B:LeaderElection275] INFO  server.RaftServerConfigKeys (ConfUtils.java:logGet(43)) - raft.server.rpc.sleep.time = 25ms (default)
2019-09-25 05:50:49,989 [048cd757-ac0b-449d-96b7-2f2a98d02798@group-1F39003FF79B:LeaderElection275] INFO  server.RaftServerConfigKeys (ConfUtils.java:logGet(43)) - raft.server.write.element-limit = 4096 (default)
2019-09-25 05:50:49,989 [048cd757-ac0b-449d-96b7-2f2a98d02798@group-1F39003FF79B:LeaderElection275] INFO  server.RaftServerConfigKeys (ConfUtils.java:logGet(43)) - raft.server.watch.timeout = 10s (default)
2019-09-25 05:50:49,989 [048cd757-ac0b-449d-96b7-2f2a98d02798@group-1F39003FF79B:LeaderElection275] INFO  server.RaftServerConfigKeys (ConfUtils.java:logGet(43)) - raft.server.watch.timeout.denomination = 1s (default)
2019-09-25 05:50:49,989 [048cd757-ac0b-449d-96b7-2f2a98d02798@group-1F39003FF79B:LeaderElection275] INFO  server.RaftServerConfigKeys (ConfUtils.java:logGet(43)) - raft.server.watch.element-limit = 65536 (default)
2019-09-25 05:50:49,991 [048cd757-ac0b-449d-96b7-2f2a98d02798@group-1F39003FF79B:LeaderElection275] INFO  impl.RoleInfo (RoleInfo.java:updateAndGet(143)) - 048cd757-ac0b-449d-96b7-2f2a98d02798: start LeaderState
2019-09-25 05:50:49,991 [048cd757-ac0b-449d-96b7-2f2a98d02798@group-1F39003FF79B:LeaderElection275] INFO  segmented.SegmentedRaftLogWorker (SegmentedRaftLogWorker.java:startLogSegment(380)) - 048cd757-ac0b-449d-96b7-2f2a98d02798@group-1F39003FF79B-SegmentedRaftLogWorker: Starting segment from index:0
2019-09-25 05:50:49,992 [048cd757-ac0b-449d-96b7-2f2a98d02798@group-1F39003FF79B:LeaderElection275] INFO  impl.RaftServerImpl (ServerState.java:setRaftConf(354)) - 048cd757-ac0b-449d-96b7-2f2a98d02798@group-1F39003FF79B: set configuration 0: [048cd757-ac0b-449d-96b7-2f2a98d02798:192.168.30.10:45339], old=null at 0
2019-09-25 05:50:50,023 [Thread-3589] INFO  impl.FollowerState (FollowerState.java:run(106)) - 998f0c91-f727-4973-bd37-e1a81f390f6c:group-414A8ACFA8E4 changes to CANDIDATE, lastRpcTime:5064, electionTimeout:5064ms
2019-09-25 05:50:50,023 [Thread-3589] INFO  impl.RoleInfo (RoleInfo.java:shutdownFollowerState(121)) - 998f0c91-f727-4973-bd37-e1a81f390f6c: shutdown FollowerState
2019-09-25 05:50:50,024 [Thread-3589] INFO  impl.RaftServerImpl (RaftServerImpl.java:setRole(174)) - 998f0c91-f727-4973-bd37-e1a81f390f6c@group-414A8ACFA8E4: changes role from  FOLLOWER to CANDIDATE at term 0 for changeToCandidate
2019-09-25 05:50:50,024 [Thread-3589] INFO  impl.RoleInfo (RoleInfo.java:updateAndGet(143)) - 998f0c91-f727-4973-bd37-e1a81f390f6c: start LeaderElection
2019-09-25 05:50:50,055 [Thread-3583] INFO  impl.FollowerState (FollowerState.java:run(106)) - 8aaa6fc6-f7fb-4882-accc-fabfb9faa78a:group-00E720E9D129 changes to CANDIDATE, lastRpcTime:5216, electionTimeout:5195ms
2019-09-25 05:50:50,055 [998f0c91-f727-4973-bd37-e1a81f390f6c@group-CB67D72194FA-SegmentedRaftLogWorker] INFO  segmented.SegmentedRaftLogWorker (SegmentedRaftLogWorker.java:execute(569)) - 998f0c91-f727-4973-bd37-e1a81f390f6c@group-CB67D72194FA-SegmentedRaftLogWorker: created new log segment /workdir/hadoop-ozone/integration-test/target/test-dir/MiniOzoneClusterImpl-28dc08f8-08b8-4dfd-b771-8384b6a2d499/datanode-2/data/ratis/770e5f14-4df2-42b3-9108-cb67d72194fa/current/log_inprogress_0
2019-09-25 05:50:50,055 [Thread-3583] INFO  impl.RoleInfo (RoleInfo.java:shutdownFollowerState(121)) - 8aaa6fc6-f7fb-4882-accc-fabfb9faa78a: shutdown FollowerState
2019-09-25 05:50:50,055 [Thread-3583] INFO  impl.RaftServerImpl (RaftServerImpl.java:setRole(174)) - 8aaa6fc6-f7fb-4882-accc-fabfb9faa78a@group-00E720E9D129: changes role from  FOLLOWER to CANDIDATE at term 0 for changeToCandidate
2019-09-25 05:50:50,055 [Thread-3583] INFO  impl.RoleInfo (RoleInfo.java:updateAndGet(143)) - 8aaa6fc6-f7fb-4882-accc-fabfb9faa78a: start LeaderElection
2019-09-25 05:50:50,068 [048cd757-ac0b-449d-96b7-2f2a98d02798@group-1F39003FF79B-SegmentedRaftLogWorker] INFO  segmented.SegmentedRaftLogWorker (SegmentedRaftLogWorker.java:execute(569)) - 048cd757-ac0b-449d-96b7-2f2a98d02798@group-1F39003FF79B-SegmentedRaftLogWorker: created new log segment /workdir/hadoop-ozone/integration-test/target/test-dir/MiniOzoneClusterImpl-28dc08f8-08b8-4dfd-b771-8384b6a2d499/datanode-4/data/ratis/47263ee2-83cc-492c-88b9-1f39003ff79b/current/log_inprogress_0
2019-09-25 05:50:50,068 [8aaa6fc6-f7fb-4882-accc-fabfb9faa78a@group-00E720E9D129:LeaderElection277] INFO  impl.LeaderElection (LeaderElection.java:askForVotes(182)) - 8aaa6fc6-f7fb-4882-accc-fabfb9faa78a@group-00E720E9D129:LeaderElection277: begin an election at term 1 for -1: [8aaa6fc6-f7fb-4882-accc-fabfb9faa78a:192.168.30.10:36169], old=null
2019-09-25 05:50:50,068 [998f0c91-f727-4973-bd37-e1a81f390f6c@group-414A8ACFA8E4:LeaderElection276] INFO  impl.LeaderElection (LeaderElection.java:askForVotes(182)) - 998f0c91-f727-4973-bd37-e1a81f390f6c@group-414A8ACFA8E4:LeaderElection276: begin an election at term 1 for -1: [998f0c91-f727-4973-bd37-e1a81f390f6c:192.168.30.10:43497], old=null
2019-09-25 05:50:50,068 [8aaa6fc6-f7fb-4882-accc-fabfb9faa78a@group-00E720E9D129:LeaderElection277] INFO  impl.RoleInfo (RoleInfo.java:shutdownLeaderElection(134)) - 8aaa6fc6-f7fb-4882-accc-fabfb9faa78a: shutdown LeaderElection
2019-09-25 05:50:50,068 [998f0c91-f727-4973-bd37-e1a81f390f6c@group-414A8ACFA8E4:LeaderElection276] INFO  impl.RoleInfo (RoleInfo.java:shutdownLeaderElection(134)) - 998f0c91-f727-4973-bd37-e1a81f390f6c: shutdown LeaderElection
2019-09-25 05:50:50,068 [8aaa6fc6-f7fb-4882-accc-fabfb9faa78a@group-00E720E9D129:LeaderElection277] INFO  impl.RaftServerImpl (RaftServerImpl.java:setRole(174)) - 8aaa6fc6-f7fb-4882-accc-fabfb9faa78a@group-00E720E9D129: changes role from CANDIDATE to LEADER at term 1 for changeToLeader
2019-09-25 05:50:50,069 [998f0c91-f727-4973-bd37-e1a81f390f6c@group-414A8ACFA8E4:LeaderElection276] INFO  impl.RaftServerImpl (RaftServerImpl.java:setRole(174)) - 998f0c91-f727-4973-bd37-e1a81f390f6c@group-414A8ACFA8E4: changes role from CANDIDATE to LEADER at term 1 for changeToLeader
2019-09-25 05:50:50,069 [8aaa6fc6-f7fb-4882-accc-fabfb9faa78a@group-00E720E9D129:LeaderElection277] INFO  impl.RaftServerImpl (ServerState.java:setLeader(253)) - 8aaa6fc6-f7fb-4882-accc-fabfb9faa78a@group-00E720E9D129: change Leader from null to 8aaa6fc6-f7fb-4882-accc-fabfb9faa78a at term 1 for becomeLeader, leader elected after 5236ms
2019-09-25 05:50:50,069 [998f0c91-f727-4973-bd37-e1a81f390f6c@group-414A8ACFA8E4:LeaderElection276] INFO  impl.RaftServerImpl (ServerState.java:setLeader(253)) - 998f0c91-f727-4973-bd37-e1a81f390f6c@group-414A8ACFA8E4: change Leader from null to 998f0c91-f727-4973-bd37-e1a81f390f6c at term 1 for becomeLeader, leader elected after 5115ms
2019-09-25 05:50:50,069 [8aaa6fc6-f7fb-4882-accc-fabfb9faa78a@group-00E720E9D129:LeaderElection277] INFO  server.RaftServerConfigKeys (ConfUtils.java:logGet(43)) - raft.server.staging.catchup.gap = 1000 (default)
2019-09-25 05:50:50,069 [998f0c91-f727-4973-bd37-e1a81f390f6c@group-414A8ACFA8E4:LeaderElection276] INFO  server.RaftServerConfigKeys (ConfUtils.java:logGet(43)) - raft.server.staging.catchup.gap = 1000 (default)
2019-09-25 05:50:50,069 [8aaa6fc6-f7fb-4882-accc-fabfb9faa78a@group-00E720E9D129:LeaderElection277] INFO  server.RaftServerConfigKeys (ConfUtils.java:logGet(43)) - raft.server.rpc.sleep.time = 25ms (default)
2019-09-25 05:50:50,069 [998f0c91-f727-4973-bd37-e1a81f390f6c@group-414A8ACFA8E4:LeaderElection276] INFO  server.RaftServerConfigKeys (ConfUtils.java:logGet(43)) - raft.server.rpc.sleep.time = 25ms (default)
2019-09-25 05:50:50,069 [8aaa6fc6-f7fb-4882-accc-fabfb9faa78a@group-00E720E9D129:LeaderElection277] INFO  server.RaftServerConfigKeys (ConfUtils.java:logGet(43)) - raft.server.write.element-limit = 4096 (default)
2019-09-25 05:50:50,069 [998f0c91-f727-4973-bd37-e1a81f390f6c@group-414A8ACFA8E4:LeaderElection276] INFO  server.RaftServerConfigKeys (ConfUtils.java:logGet(43)) - raft.server.write.element-limit = 4096 (default)
2019-09-25 05:50:50,069 [8aaa6fc6-f7fb-4882-accc-fabfb9faa78a@group-00E720E9D129:LeaderElection277] INFO  server.RaftServerConfigKeys (ConfUtils.java:logGet(43)) - raft.server.watch.timeout = 10s (default)
2019-09-25 05:50:50,069 [998f0c91-f727-4973-bd37-e1a81f390f6c@group-414A8ACFA8E4:LeaderElection276] INFO  server.RaftServerConfigKeys (ConfUtils.java:logGet(43)) - raft.server.watch.timeout = 10s (default)
2019-09-25 05:50:50,070 [8aaa6fc6-f7fb-4882-accc-fabfb9faa78a@group-00E720E9D129:LeaderElection277] INFO  server.RaftServerConfigKeys (ConfUtils.java:logGet(43)) - raft.server.watch.timeout.denomination = 1s (default)
2019-09-25 05:50:50,070 [998f0c91-f727-4973-bd37-e1a81f390f6c@group-414A8ACFA8E4:LeaderElection276] INFO  server.RaftServerConfigKeys (ConfUtils.java:logGet(43)) - raft.server.watch.timeout.denomination = 1s (default)
2019-09-25 05:50:50,070 [8aaa6fc6-f7fb-4882-accc-fabfb9faa78a@group-00E720E9D129:LeaderElection277] INFO  server.RaftServerConfigKeys (ConfUtils.java:logGet(43)) - raft.server.watch.element-limit = 65536 (default)
2019-09-25 05:50:50,070 [998f0c91-f727-4973-bd37-e1a81f390f6c@group-414A8ACFA8E4:LeaderElection276] INFO  server.RaftServerConfigKeys (ConfUtils.java:logGet(43)) - raft.server.watch.element-limit = 65536 (default)
2019-09-25 05:50:50,072 [8aaa6fc6-f7fb-4882-accc-fabfb9faa78a@group-00E720E9D129:LeaderElection277] INFO  impl.RoleInfo (RoleInfo.java:updateAndGet(143)) - 8aaa6fc6-f7fb-4882-accc-fabfb9faa78a: start LeaderState
2019-09-25 05:50:50,072 [8aaa6fc6-f7fb-4882-accc-fabfb9faa78a@group-00E720E9D129:LeaderElection277] INFO  segmented.SegmentedRaftLogWorker (SegmentedRaftLogWorker.java:startLogSegment(380)) - 8aaa6fc6-f7fb-4882-accc-fabfb9faa78a@group-00E720E9D129-SegmentedRaftLogWorker: Starting segment from index:0
2019-09-25 05:50:50,072 [998f0c91-f727-4973-bd37-e1a81f390f6c@group-414A8ACFA8E4:LeaderElection276] INFO  impl.RoleInfo (RoleInfo.java:updateAndGet(143)) - 998f0c91-f727-4973-bd37-e1a81f390f6c: start LeaderState
2019-09-25 05:50:50,073 [998f0c91-f727-4973-bd37-e1a81f390f6c@group-414A8ACFA8E4:LeaderElection276] INFO  segmented.SegmentedRaftLogWorker (SegmentedRaftLogWorker.java:startLogSegment(380)) - 998f0c91-f727-4973-bd37-e1a81f390f6c@group-414A8ACFA8E4-SegmentedRaftLogWorker: Starting segment from index:0
2019-09-25 05:50:50,073 [8aaa6fc6-f7fb-4882-accc-fabfb9faa78a@group-00E720E9D129:LeaderElection277] INFO  impl.RaftServerImpl (ServerState.java:setRaftConf(354)) - 8aaa6fc6-f7fb-4882-accc-fabfb9faa78a@group-00E720E9D129: set configuration 0: [8aaa6fc6-f7fb-4882-accc-fabfb9faa78a:192.168.30.10:36169], old=null at 0
2019-09-25 05:50:50,073 [998f0c91-f727-4973-bd37-e1a81f390f6c@group-414A8ACFA8E4:LeaderElection276] INFO  impl.RaftServerImpl (ServerState.java:setRaftConf(354)) - 998f0c91-f727-4973-bd37-e1a81f390f6c@group-414A8ACFA8E4: set configuration 0: [998f0c91-f727-4973-bd37-e1a81f390f6c:192.168.30.10:43497], old=null at 0
2019-09-25 05:50:50,120 [998f0c91-f727-4973-bd37-e1a81f390f6c@group-414A8ACFA8E4-SegmentedRaftLogWorker] INFO  segmented.SegmentedRaftLogWorker (SegmentedRaftLogWorker.java:execute(569)) - 998f0c91-f727-4973-bd37-e1a81f390f6c@group-414A8ACFA8E4-SegmentedRaftLogWorker: created new log segment /workdir/hadoop-ozone/integration-test/target/test-dir/MiniOzoneClusterImpl-28dc08f8-08b8-4dfd-b771-8384b6a2d499/datanode-2/data/ratis/cd536b42-ec38-4334-a00c-414a8acfa8e4/current/log_inprogress_0
2019-09-25 05:50:50,120 [8aaa6fc6-f7fb-4882-accc-fabfb9faa78a@group-00E720E9D129-SegmentedRaftLogWorker] INFO  segmented.SegmentedRaftLogWorker (SegmentedRaftLogWorker.java:execute(569)) - 8aaa6fc6-f7fb-4882-accc-fabfb9faa78a@group-00E720E9D129-SegmentedRaftLogWorker: created new log segment /workdir/hadoop-ozone/integration-test/target/test-dir/MiniOzoneClusterImpl-28dc08f8-08b8-4dfd-b771-8384b6a2d499/datanode-5/data/ratis/bf4117e8-ac17-4b26-b027-00e720e9d129/current/log_inprogress_0
2019-09-25 05:50:50,158 [Thread-3601] INFO  impl.FollowerState (FollowerState.java:run(106)) - ddf6e088-733e-4b9a-8ca4-5a6f511d9b5a:group-F41F05FBB1D3 changes to CANDIDATE, lastRpcTime:5001, electionTimeout:5001ms
2019-09-25 05:50:50,158 [Thread-3601] INFO  impl.RoleInfo (RoleInfo.java:shutdownFollowerState(121)) - ddf6e088-733e-4b9a-8ca4-5a6f511d9b5a: shutdown FollowerState
2019-09-25 05:50:50,158 [Thread-3601] INFO  impl.RaftServerImpl (RaftServerImpl.java:setRole(174)) - ddf6e088-733e-4b9a-8ca4-5a6f511d9b5a@group-F41F05FBB1D3: changes role from  FOLLOWER to CANDIDATE at term 0 for changeToCandidate
2019-09-25 05:50:50,158 [Thread-3601] INFO  impl.RoleInfo (RoleInfo.java:updateAndGet(143)) - ddf6e088-733e-4b9a-8ca4-5a6f511d9b5a: start LeaderElection
2019-09-25 05:50:50,172 [ddf6e088-733e-4b9a-8ca4-5a6f511d9b5a@group-F41F05FBB1D3:LeaderElection278] INFO  impl.LeaderElection (LeaderElection.java:askForVotes(182)) - ddf6e088-733e-4b9a-8ca4-5a6f511d9b5a@group-F41F05FBB1D3:LeaderElection278: begin an election at term 1 for -1: [ddf6e088-733e-4b9a-8ca4-5a6f511d9b5a:192.168.30.10:39166], old=null
2019-09-25 05:50:50,173 [ddf6e088-733e-4b9a-8ca4-5a6f511d9b5a@group-F41F05FBB1D3:LeaderElection278] INFO  impl.RoleInfo (RoleInfo.java:shutdownLeaderElection(134)) - ddf6e088-733e-4b9a-8ca4-5a6f511d9b5a: shutdown LeaderElection
2019-09-25 05:50:50,173 [ddf6e088-733e-4b9a-8ca4-5a6f511d9b5a@group-F41F05FBB1D3:LeaderElection278] INFO  impl.RaftServerImpl (RaftServerImpl.java:setRole(174)) - ddf6e088-733e-4b9a-8ca4-5a6f511d9b5a@group-F41F05FBB1D3: changes role from CANDIDATE to LEADER at term 1 for changeToLeader
2019-09-25 05:50:50,173 [ddf6e088-733e-4b9a-8ca4-5a6f511d9b5a@group-F41F05FBB1D3:LeaderElection278] INFO  impl.RaftServerImpl (ServerState.java:setLeader(253)) - ddf6e088-733e-4b9a-8ca4-5a6f511d9b5a@group-F41F05FBB1D3: change Leader from null to ddf6e088-733e-4b9a-8ca4-5a6f511d9b5a at term 1 for becomeLeader, leader elected after 5021ms
2019-09-25 05:50:50,173 [ddf6e088-733e-4b9a-8ca4-5a6f511d9b5a@group-F41F05FBB1D3:LeaderElection278] INFO  server.RaftServerConfigKeys (ConfUtils.java:logGet(43)) - raft.server.staging.catchup.gap = 1000 (default)
2019-09-25 05:50:50,173 [ddf6e088-733e-4b9a-8ca4-5a6f511d9b5a@group-F41F05FBB1D3:LeaderElection278] INFO  server.RaftServerConfigKeys (ConfUtils.java:logGet(43)) - raft.server.rpc.sleep.time = 25ms (default)
2019-09-25 05:50:50,173 [ddf6e088-733e-4b9a-8ca4-5a6f511d9b5a@group-F41F05FBB1D3:LeaderElection278] INFO  server.RaftServerConfigKeys (ConfUtils.java:logGet(43)) - raft.server.write.element-limit = 4096 (default)
2019-09-25 05:50:50,173 [ddf6e088-733e-4b9a-8ca4-5a6f511d9b5a@group-F41F05FBB1D3:LeaderElection278] INFO  server.RaftServerConfigKeys (ConfUtils.java:logGet(43)) - raft.server.watch.timeout = 10s (default)
2019-09-25 05:50:50,173 [ddf6e088-733e-4b9a-8ca4-5a6f511d9b5a@group-F41F05FBB1D3:LeaderElection278] INFO  server.RaftServerConfigKeys (ConfUtils.java:logGet(43)) - raft.server.watch.timeout.denomination = 1s (default)
2019-09-25 05:50:50,173 [ddf6e088-733e-4b9a-8ca4-5a6f511d9b5a@group-F41F05FBB1D3:LeaderElection278] INFO  server.RaftServerConfigKeys (ConfUtils.java:logGet(43)) - raft.server.watch.element-limit = 65536 (default)
2019-09-25 05:50:50,175 [Thread-3592] INFO  impl.FollowerState (FollowerState.java:run(106)) - 91378772-90ea-4250-835f-6b2053232693:group-F9B06EAB103E changes to CANDIDATE, lastRpcTime:5169, electionTimeout:5169ms
2019-09-25 05:50:50,175 [ddf6e088-733e-4b9a-8ca4-5a6f511d9b5a@group-F41F05FBB1D3:LeaderElection278] INFO  impl.RoleInfo (RoleInfo.java:updateAndGet(143)) - ddf6e088-733e-4b9a-8ca4-5a6f511d9b5a: start LeaderState
2019-09-25 05:50:50,175 [Thread-3592] INFO  impl.RoleInfo (RoleInfo.java:shutdownFollowerState(121)) - 91378772-90ea-4250-835f-6b2053232693: shutdown FollowerState
2019-09-25 05:50:50,175 [Thread-3592] INFO  impl.RaftServerImpl (RaftServerImpl.java:setRole(174)) - 91378772-90ea-4250-835f-6b2053232693@group-F9B06EAB103E: changes role from  FOLLOWER to CANDIDATE at term 0 for changeToCandidate
2019-09-25 05:50:50,175 [ddf6e088-733e-4b9a-8ca4-5a6f511d9b5a@group-F41F05FBB1D3:LeaderElection278] INFO  segmented.SegmentedRaftLogWorker (SegmentedRaftLogWorker.java:startLogSegment(380)) - ddf6e088-733e-4b9a-8ca4-5a6f511d9b5a@group-F41F05FBB1D3-SegmentedRaftLogWorker: Starting segment from index:0
2019-09-25 05:50:50,175 [Thread-3592] INFO  impl.RoleInfo (RoleInfo.java:updateAndGet(143)) - 91378772-90ea-4250-835f-6b2053232693: start LeaderElection
2019-09-25 05:50:50,175 [ddf6e088-733e-4b9a-8ca4-5a6f511d9b5a@group-F41F05FBB1D3:LeaderElection278] INFO  impl.RaftServerImpl (ServerState.java:setRaftConf(354)) - ddf6e088-733e-4b9a-8ca4-5a6f511d9b5a@group-F41F05FBB1D3: set configuration 0: [ddf6e088-733e-4b9a-8ca4-5a6f511d9b5a:192.168.30.10:39166], old=null at 0
2019-09-25 05:50:50,176 [Thread-3598] INFO  impl.FollowerState (FollowerState.java:run(106)) - ddf6e088-733e-4b9a-8ca4-5a6f511d9b5a:group-0A0E24924ED4 changes to CANDIDATE, lastRpcTime:5045, electionTimeout:5045ms
2019-09-25 05:50:50,176 [Thread-3598] INFO  impl.RoleInfo (RoleInfo.java:shutdownFollowerState(121)) - ddf6e088-733e-4b9a-8ca4-5a6f511d9b5a: shutdown FollowerState
2019-09-25 05:50:50,176 [Thread-3598] INFO  impl.RaftServerImpl (RaftServerImpl.java:setRole(174)) - ddf6e088-733e-4b9a-8ca4-5a6f511d9b5a@group-0A0E24924ED4: changes role from  FOLLOWER to CANDIDATE at term 0 for changeToCandidate
2019-09-25 05:50:50,176 [Thread-3598] INFO  impl.RoleInfo (RoleInfo.java:updateAndGet(143)) - ddf6e088-733e-4b9a-8ca4-5a6f511d9b5a: start LeaderElection
2019-09-25 05:50:50,190 [ddf6e088-733e-4b9a-8ca4-5a6f511d9b5a@group-0A0E24924ED4:LeaderElection280] INFO  impl.LeaderElection (LeaderElection.java:askForVotes(182)) - ddf6e088-733e-4b9a-8ca4-5a6f511d9b5a@group-0A0E24924ED4:LeaderElection280: begin an election at term 1 for -1: [ddf6e088-733e-4b9a-8ca4-5a6f511d9b5a:192.168.30.10:39166], old=null
2019-09-25 05:50:50,190 [ddf6e088-733e-4b9a-8ca4-5a6f511d9b5a@group-0A0E24924ED4:LeaderElection280] INFO  impl.RoleInfo (RoleInfo.java:shutdownLeaderElection(134)) - ddf6e088-733e-4b9a-8ca4-5a6f511d9b5a: shutdown LeaderElection
2019-09-25 05:50:50,190 [91378772-90ea-4250-835f-6b2053232693@group-F9B06EAB103E:LeaderElection279] INFO  impl.LeaderElection (LeaderElection.java:askForVotes(182)) - 91378772-90ea-4250-835f-6b2053232693@group-F9B06EAB103E:LeaderElection279: begin an election at term 1 for -1: [91378772-90ea-4250-835f-6b2053232693:192.168.30.10:42685], old=null
2019-09-25 05:50:50,190 [ddf6e088-733e-4b9a-8ca4-5a6f511d9b5a@group-0A0E24924ED4:LeaderElection280] INFO  impl.RaftServerImpl (RaftServerImpl.java:setRole(174)) - ddf6e088-733e-4b9a-8ca4-5a6f511d9b5a@group-0A0E24924ED4: changes role from CANDIDATE to LEADER at term 1 for changeToLeader
2019-09-25 05:50:50,190 [91378772-90ea-4250-835f-6b2053232693@group-F9B06EAB103E:LeaderElection279] INFO  impl.RoleInfo (RoleInfo.java:shutdownLeaderElection(134)) - 91378772-90ea-4250-835f-6b2053232693: shutdown LeaderElection
2019-09-25 05:50:50,190 [ddf6e088-733e-4b9a-8ca4-5a6f511d9b5a@group-0A0E24924ED4:LeaderElection280] INFO  impl.RaftServerImpl (ServerState.java:setLeader(253)) - ddf6e088-733e-4b9a-8ca4-5a6f511d9b5a@group-0A0E24924ED4: change Leader from null to ddf6e088-733e-4b9a-8ca4-5a6f511d9b5a at term 1 for becomeLeader, leader elected after 5064ms
2019-09-25 05:50:50,190 [91378772-90ea-4250-835f-6b2053232693@group-F9B06EAB103E:LeaderElection279] INFO  impl.RaftServerImpl (RaftServerImpl.java:setRole(174)) - 91378772-90ea-4250-835f-6b2053232693@group-F9B06EAB103E: changes role from CANDIDATE to LEADER at term 1 for changeToLeader
2019-09-25 05:50:50,190 [ddf6e088-733e-4b9a-8ca4-5a6f511d9b5a@group-0A0E24924ED4:LeaderElection280] INFO  server.RaftServerConfigKeys (ConfUtils.java:logGet(43)) - raft.server.staging.catchup.gap = 1000 (default)
2019-09-25 05:50:50,190 [91378772-90ea-4250-835f-6b2053232693@group-F9B06EAB103E:LeaderElection279] INFO  impl.RaftServerImpl (ServerState.java:setLeader(253)) - 91378772-90ea-4250-835f-6b2053232693@group-F9B06EAB103E: change Leader from null to 91378772-90ea-4250-835f-6b2053232693 at term 1 for becomeLeader, leader elected after 5191ms
2019-09-25 05:50:50,190 [ddf6e088-733e-4b9a-8ca4-5a6f511d9b5a@group-0A0E24924ED4:LeaderElection280] INFO  server.RaftServerConfigKeys (ConfUtils.java:logGet(43)) - raft.server.rpc.sleep.time = 25ms (default)
2019-09-25 05:50:50,190 [91378772-90ea-4250-835f-6b2053232693@group-F9B06EAB103E:LeaderElection279] INFO  server.RaftServerConfigKeys (ConfUtils.java:logGet(43)) - raft.server.staging.catchup.gap = 1000 (default)
2019-09-25 05:50:50,191 [ddf6e088-733e-4b9a-8ca4-5a6f511d9b5a@group-0A0E24924ED4:LeaderElection280] INFO  server.RaftServerConfigKeys (ConfUtils.java:logGet(43)) - raft.server.write.element-limit = 4096 (default)
2019-09-25 05:50:50,191 [91378772-90ea-4250-835f-6b2053232693@group-F9B06EAB103E:LeaderElection279] INFO  server.RaftServerConfigKeys (ConfUtils.java:logGet(43)) - raft.server.rpc.sleep.time = 25ms (default)
2019-09-25 05:50:50,191 [ddf6e088-733e-4b9a-8ca4-5a6f511d9b5a@group-0A0E24924ED4:LeaderElection280] INFO  server.RaftServerConfigKeys (ConfUtils.java:logGet(43)) - raft.server.watch.timeout = 10s (default)
2019-09-25 05:50:50,191 [91378772-90ea-4250-835f-6b2053232693@group-F9B06EAB103E:LeaderElection279] INFO  server.RaftServerConfigKeys (ConfUtils.java:logGet(43)) - raft.server.write.element-limit = 4096 (default)
2019-09-25 05:50:50,191 [ddf6e088-733e-4b9a-8ca4-5a6f511d9b5a@group-0A0E24924ED4:LeaderElection280] INFO  server.RaftServerConfigKeys (ConfUtils.java:logGet(43)) - raft.server.watch.timeout.denomination = 1s (default)
2019-09-25 05:50:50,191 [91378772-90ea-4250-835f-6b2053232693@group-F9B06EAB103E:LeaderElection279] INFO  server.RaftServerConfigKeys (ConfUtils.java:logGet(43)) - raft.server.watch.timeout = 10s (default)
2019-09-25 05:50:50,191 [ddf6e088-733e-4b9a-8ca4-5a6f511d9b5a@group-0A0E24924ED4:LeaderElection280] INFO  server.RaftServerConfigKeys (ConfUtils.java:logGet(43)) - raft.server.watch.element-limit = 65536 (default)
2019-09-25 05:50:50,191 [91378772-90ea-4250-835f-6b2053232693@group-F9B06EAB103E:LeaderElection279] INFO  server.RaftServerConfigKeys (ConfUtils.java:logGet(43)) - raft.server.watch.timeout.denomination = 1s (default)
2019-09-25 05:50:50,191 [91378772-90ea-4250-835f-6b2053232693@group-F9B06EAB103E:LeaderElection279] INFO  server.RaftServerConfigKeys (ConfUtils.java:logGet(43)) - raft.server.watch.element-limit = 65536 (default)
2019-09-25 05:50:50,193 [ddf6e088-733e-4b9a-8ca4-5a6f511d9b5a@group-0A0E24924ED4:LeaderElection280] INFO  impl.RoleInfo (RoleInfo.java:updateAndGet(143)) - ddf6e088-733e-4b9a-8ca4-5a6f511d9b5a: start LeaderState
2019-09-25 05:50:50,194 [ddf6e088-733e-4b9a-8ca4-5a6f511d9b5a@group-0A0E24924ED4:LeaderElection280] INFO  segmented.SegmentedRaftLogWorker (SegmentedRaftLogWorker.java:startLogSegment(380)) - ddf6e088-733e-4b9a-8ca4-5a6f511d9b5a@group-0A0E24924ED4-SegmentedRaftLogWorker: Starting segment from index:0
2019-09-25 05:50:50,194 [91378772-90ea-4250-835f-6b2053232693@group-F9B06EAB103E:LeaderElection279] INFO  impl.RoleInfo (RoleInfo.java:updateAndGet(143)) - 91378772-90ea-4250-835f-6b2053232693: start LeaderState
2019-09-25 05:50:50,194 [ddf6e088-733e-4b9a-8ca4-5a6f511d9b5a@group-0A0E24924ED4:LeaderElection280] INFO  impl.RaftServerImpl (ServerState.java:setRaftConf(354)) - ddf6e088-733e-4b9a-8ca4-5a6f511d9b5a@group-0A0E24924ED4: set configuration 0: [ddf6e088-733e-4b9a-8ca4-5a6f511d9b5a:192.168.30.10:39166], old=null at 0
2019-09-25 05:50:50,194 [91378772-90ea-4250-835f-6b2053232693@group-F9B06EAB103E:LeaderElection279] INFO  segmented.SegmentedRaftLogWorker (SegmentedRaftLogWorker.java:startLogSegment(380)) - 91378772-90ea-4250-835f-6b2053232693@group-F9B06EAB103E-SegmentedRaftLogWorker: Starting segment from index:0
2019-09-25 05:50:50,194 [91378772-90ea-4250-835f-6b2053232693@group-F9B06EAB103E:LeaderElection279] INFO  impl.RaftServerImpl (ServerState.java:setRaftConf(354)) - 91378772-90ea-4250-835f-6b2053232693@group-F9B06EAB103E: set configuration 0: [91378772-90ea-4250-835f-6b2053232693:192.168.30.10:42685], old=null at 0
2019-09-25 05:50:50,214 [ddf6e088-733e-4b9a-8ca4-5a6f511d9b5a@group-F41F05FBB1D3-SegmentedRaftLogWorker] INFO  segmented.SegmentedRaftLogWorker (SegmentedRaftLogWorker.java:execute(569)) - ddf6e088-733e-4b9a-8ca4-5a6f511d9b5a@group-F41F05FBB1D3-SegmentedRaftLogWorker: created new log segment /workdir/hadoop-ozone/integration-test/target/test-dir/MiniOzoneClusterImpl-28dc08f8-08b8-4dfd-b771-8384b6a2d499/datanode-3/data/ratis/4c353d6f-1579-4603-9eaa-f41f05fbb1d3/current/log_inprogress_0
2019-09-25 05:50:50,226 [Thread-3595] INFO  impl.FollowerState (FollowerState.java:run(106)) - 048cd757-ac0b-449d-96b7-2f2a98d02798:group-553EB506E1C2 changes to CANDIDATE, lastRpcTime:5135, electionTimeout:5135ms
2019-09-25 05:50:50,226 [Thread-3595] INFO  impl.RoleInfo (RoleInfo.java:shutdownFollowerState(121)) - 048cd757-ac0b-449d-96b7-2f2a98d02798: shutdown FollowerState
2019-09-25 05:50:50,226 [Thread-3595] INFO  impl.RaftServerImpl (RaftServerImpl.java:setRole(174)) - 048cd757-ac0b-449d-96b7-2f2a98d02798@group-553EB506E1C2: changes role from  FOLLOWER to CANDIDATE at term 0 for changeToCandidate
2019-09-25 05:50:50,226 [Thread-3595] INFO  impl.RoleInfo (RoleInfo.java:updateAndGet(143)) - 048cd757-ac0b-449d-96b7-2f2a98d02798: start LeaderElection
2019-09-25 05:50:50,228 [91378772-90ea-4250-835f-6b2053232693@group-F9B06EAB103E-SegmentedRaftLogWorker] INFO  segmented.SegmentedRaftLogWorker (SegmentedRaftLogWorker.java:execute(569)) - 91378772-90ea-4250-835f-6b2053232693@group-F9B06EAB103E-SegmentedRaftLogWorker: created new log segment /workdir/hadoop-ozone/integration-test/target/test-dir/MiniOzoneClusterImpl-28dc08f8-08b8-4dfd-b771-8384b6a2d499/datanode-6/data/ratis/c709a180-7a14-4b70-bfbd-f9b06eab103e/current/log_inprogress_0
2019-09-25 05:50:50,230 [ddf6e088-733e-4b9a-8ca4-5a6f511d9b5a@group-0A0E24924ED4-SegmentedRaftLogWorker] INFO  segmented.SegmentedRaftLogWorker (SegmentedRaftLogWorker.java:execute(569)) - ddf6e088-733e-4b9a-8ca4-5a6f511d9b5a@group-0A0E24924ED4-SegmentedRaftLogWorker: created new log segment /workdir/hadoop-ozone/integration-test/target/test-dir/MiniOzoneClusterImpl-28dc08f8-08b8-4dfd-b771-8384b6a2d499/datanode-3/data/ratis/efda8ff7-44a6-4b66-a588-0a0e24924ed4/current/log_inprogress_0
2019-09-25 05:50:50,230 [048cd757-ac0b-449d-96b7-2f2a98d02798@group-553EB506E1C2:LeaderElection281] INFO  impl.LeaderElection (LeaderElection.java:askForVotes(182)) - 048cd757-ac0b-449d-96b7-2f2a98d02798@group-553EB506E1C2:LeaderElection281: begin an election at term 1 for -1: [048cd757-ac0b-449d-96b7-2f2a98d02798:192.168.30.10:45339], old=null
2019-09-25 05:50:50,231 [048cd757-ac0b-449d-96b7-2f2a98d02798@group-553EB506E1C2:LeaderElection281] INFO  impl.RoleInfo (RoleInfo.java:shutdownLeaderElection(134)) - 048cd757-ac0b-449d-96b7-2f2a98d02798: shutdown LeaderElection
2019-09-25 05:50:50,231 [048cd757-ac0b-449d-96b7-2f2a98d02798@group-553EB506E1C2:LeaderElection281] INFO  impl.RaftServerImpl (RaftServerImpl.java:setRole(174)) - 048cd757-ac0b-449d-96b7-2f2a98d02798@group-553EB506E1C2: changes role from CANDIDATE to LEADER at term 1 for changeToLeader
2019-09-25 05:50:50,231 [048cd757-ac0b-449d-96b7-2f2a98d02798@group-553EB506E1C2:LeaderElection281] INFO  impl.RaftServerImpl (ServerState.java:setLeader(253)) - 048cd757-ac0b-449d-96b7-2f2a98d02798@group-553EB506E1C2: change Leader from null to 048cd757-ac0b-449d-96b7-2f2a98d02798 at term 1 for becomeLeader, leader elected after 5146ms
2019-09-25 05:50:50,231 [048cd757-ac0b-449d-96b7-2f2a98d02798@group-553EB506E1C2:LeaderElection281] INFO  server.RaftServerConfigKeys (ConfUtils.java:logGet(43)) - raft.server.staging.catchup.gap = 1000 (default)
2019-09-25 05:50:50,231 [048cd757-ac0b-449d-96b7-2f2a98d02798@group-553EB506E1C2:LeaderElection281] INFO  server.RaftServerConfigKeys (ConfUtils.java:logGet(43)) - raft.server.rpc.sleep.time = 25ms (default)
2019-09-25 05:50:50,231 [Thread-3607] INFO  impl.FollowerState (FollowerState.java:run(106)) - ddf6e088-733e-4b9a-8ca4-5a6f511d9b5a:group-248717DE33E2 changes to CANDIDATE, lastRpcTime:5012, electionTimeout:5012ms
2019-09-25 05:50:50,231 [048cd757-ac0b-449d-96b7-2f2a98d02798@group-553EB506E1C2:LeaderElection281] INFO  server.RaftServerConfigKeys (ConfUtils.java:logGet(43)) - raft.server.write.element-limit = 4096 (default)
2019-09-25 05:50:50,231 [Thread-3607] INFO  impl.RoleInfo (RoleInfo.java:shutdownFollowerState(121)) - ddf6e088-733e-4b9a-8ca4-5a6f511d9b5a: shutdown FollowerState
2019-09-25 05:50:50,231 [048cd757-ac0b-449d-96b7-2f2a98d02798@group-553EB506E1C2:LeaderElection281] INFO  server.RaftServerConfigKeys (ConfUtils.java:logGet(43)) - raft.server.watch.timeout = 10s (default)
2019-09-25 05:50:50,232 [Thread-3607] INFO  impl.RaftServerImpl (RaftServerImpl.java:setRole(174)) - ddf6e088-733e-4b9a-8ca4-5a6f511d9b5a@group-248717DE33E2: changes role from  FOLLOWER to CANDIDATE at term 0 for changeToCandidate
2019-09-25 05:50:50,232 [048cd757-ac0b-449d-96b7-2f2a98d02798@group-553EB506E1C2:LeaderElection281] INFO  server.RaftServerConfigKeys (ConfUtils.java:logGet(43)) - raft.server.watch.timeout.denomination = 1s (default)
2019-09-25 05:50:50,232 [Thread-3607] INFO  impl.RoleInfo (RoleInfo.java:updateAndGet(143)) - ddf6e088-733e-4b9a-8ca4-5a6f511d9b5a: start LeaderElection
2019-09-25 05:50:50,232 [048cd757-ac0b-449d-96b7-2f2a98d02798@group-553EB506E1C2:LeaderElection281] INFO  server.RaftServerConfigKeys (ConfUtils.java:logGet(43)) - raft.server.watch.element-limit = 65536 (default)
2019-09-25 05:50:50,233 [048cd757-ac0b-449d-96b7-2f2a98d02798@group-553EB506E1C2:LeaderElection281] INFO  impl.RoleInfo (RoleInfo.java:updateAndGet(143)) - 048cd757-ac0b-449d-96b7-2f2a98d02798: start LeaderState
2019-09-25 05:50:50,233 [048cd757-ac0b-449d-96b7-2f2a98d02798@group-553EB506E1C2:LeaderElection281] INFO  segmented.SegmentedRaftLogWorker (SegmentedRaftLogWorker.java:startLogSegment(380)) - 048cd757-ac0b-449d-96b7-2f2a98d02798@group-553EB506E1C2-SegmentedRaftLogWorker: Starting segment from index:0
2019-09-25 05:50:50,234 [048cd757-ac0b-449d-96b7-2f2a98d02798@group-553EB506E1C2:LeaderElection281] INFO  impl.RaftServerImpl (ServerState.java:setRaftConf(354)) - 048cd757-ac0b-449d-96b7-2f2a98d02798@group-553EB506E1C2: set configuration 0: [048cd757-ac0b-449d-96b7-2f2a98d02798:192.168.30.10:45339], old=null at 0
2019-09-25 05:50:50,789 [Thread-3622] INFO  impl.FollowerState (FollowerState.java:run(106)) - 048cd757-ac0b-449d-96b7-2f2a98d02798:group-7D63AEAAFE26 changes to CANDIDATE, lastRpcTime:5306, electionTimeout:5159ms
2019-09-25 05:50:50,805 [Thread-3610] WARN  util.JavaUtils (JavaUtils.java:sleep(250)) - Unexpected long sleep: sleep(5075ms) actually took 5531ms which is over the threshold 300ms
2019-09-25 05:50:50,805 [Thread-3604] WARN  util.JavaUtils (JavaUtils.java:sleep(250)) - Unexpected long sleep: sleep(5112ms) actually took 5608ms which is over the threshold 300ms
2019-09-25 05:50:50,805 [Thread-3613] WARN  util.JavaUtils (JavaUtils.java:sleep(250)) - Unexpected long sleep: sleep(5082ms) actually took 5473ms which is over the threshold 300ms
2019-09-25 05:50:50,805 [Thread-3616] WARN  util.JavaUtils (JavaUtils.java:sleep(250)) - Unexpected long sleep: sleep(5066ms) actually took 5429ms which is over the threshold 300ms
2019-09-25 05:50:50,798 [ddf6e088-733e-4b9a-8ca4-5a6f511d9b5a@group-248717DE33E2:LeaderElection282] INFO  impl.LeaderElection (LeaderElection.java:askForVotes(182)) - ddf6e088-733e-4b9a-8ca4-5a6f511d9b5a@group-248717DE33E2:LeaderElection282: begin an election at term 1 for -1: [ddf6e088-733e-4b9a-8ca4-5a6f511d9b5a:192.168.30.10:39166], old=null
2019-09-25 05:50:50,790 [Thread-3619] INFO  impl.FollowerState (FollowerState.java:run(106)) - 048cd757-ac0b-449d-96b7-2f2a98d02798:group-4927BAA1705F changes to CANDIDATE, lastRpcTime:5360, electionTimeout:5132ms
2019-09-25 05:50:50,790 [Thread-3625] INFO  impl.FollowerState (FollowerState.java:run(106)) - 048cd757-ac0b-449d-96b7-2f2a98d02798:group-ECB7489E8BE9 changes to CANDIDATE, lastRpcTime:5266, electionTimeout:5077ms
2019-09-25 05:50:50,789 [Thread-3630] INFO  impl.FollowerState (FollowerState.java:run(106)) - 91378772-90ea-4250-835f-6b2053232693:group-B9146DAC014A changes to CANDIDATE, lastRpcTime:5189, electionTimeout:5025ms
2019-09-25 05:50:50,815 [Thread-3625] INFO  impl.RoleInfo (RoleInfo.java:shutdownFollowerState(121)) - 048cd757-ac0b-449d-96b7-2f2a98d02798: shutdown FollowerState
2019-09-25 05:50:50,810 [Thread-3619] INFO  impl.RoleInfo (RoleInfo.java:shutdownFollowerState(121)) - 048cd757-ac0b-449d-96b7-2f2a98d02798: shutdown FollowerState
2019-09-25 05:50:50,805 [ddf6e088-733e-4b9a-8ca4-5a6f511d9b5a@group-248717DE33E2:LeaderElection282] INFO  impl.RoleInfo (RoleInfo.java:shutdownLeaderElection(134)) - ddf6e088-733e-4b9a-8ca4-5a6f511d9b5a: shutdown LeaderElection
2019-09-25 05:50:50,805 [Thread-3622] INFO  impl.RoleInfo (RoleInfo.java:shutdownFollowerState(121)) - 048cd757-ac0b-449d-96b7-2f2a98d02798: shutdown FollowerState
2019-09-25 05:50:50,819 [ddf6e088-733e-4b9a-8ca4-5a6f511d9b5a@group-248717DE33E2:LeaderElection282] INFO  impl.RaftServerImpl (RaftServerImpl.java:setRole(174)) - ddf6e088-733e-4b9a-8ca4-5a6f511d9b5a@group-248717DE33E2: changes role from CANDIDATE to LEADER at term 1 for changeToLeader
2019-09-25 05:50:50,819 [Thread-3619] INFO  impl.RaftServerImpl (RaftServerImpl.java:setRole(174)) - 048cd757-ac0b-449d-96b7-2f2a98d02798@group-4927BAA1705F: changes role from  FOLLOWER to CANDIDATE at term 0 for changeToCandidate
2019-09-25 05:50:50,819 [Thread-3625] INFO  impl.RaftServerImpl (RaftServerImpl.java:setRole(174)) - 048cd757-ac0b-449d-96b7-2f2a98d02798@group-ECB7489E8BE9: changes role from  FOLLOWER to CANDIDATE at term 0 for changeToCandidate
2019-09-25 05:50:50,819 [Thread-3630] INFO  impl.RoleInfo (RoleInfo.java:shutdownFollowerState(121)) - 91378772-90ea-4250-835f-6b2053232693: shutdown FollowerState
2019-09-25 05:50:50,820 [Thread-3625] INFO  impl.RoleInfo (RoleInfo.java:updateAndGet(143)) - 048cd757-ac0b-449d-96b7-2f2a98d02798: start LeaderElection
2019-09-25 05:50:50,820 [Thread-3619] INFO  impl.RoleInfo (RoleInfo.java:updateAndGet(143)) - 048cd757-ac0b-449d-96b7-2f2a98d02798: start LeaderElection
2019-09-25 05:50:50,819 [ddf6e088-733e-4b9a-8ca4-5a6f511d9b5a@group-248717DE33E2:LeaderElection282] INFO  impl.RaftServerImpl (ServerState.java:setLeader(253)) - ddf6e088-733e-4b9a-8ca4-5a6f511d9b5a@group-248717DE33E2: change Leader from null to ddf6e088-733e-4b9a-8ca4-5a6f511d9b5a at term 1 for becomeLeader, leader elected after 5605ms
2019-09-25 05:50:50,819 [Thread-3622] INFO  impl.RaftServerImpl (RaftServerImpl.java:setRole(174)) - 048cd757-ac0b-449d-96b7-2f2a98d02798@group-7D63AEAAFE26: changes role from  FOLLOWER to CANDIDATE at term 0 for changeToCandidate
2019-09-25 05:50:50,820 [Thread-3630] INFO  impl.RaftServerImpl (RaftServerImpl.java:setRole(174)) - 91378772-90ea-4250-835f-6b2053232693@group-B9146DAC014A: changes role from  FOLLOWER to CANDIDATE at term 0 for changeToCandidate
2019-09-25 05:50:50,827 [ddf6e088-733e-4b9a-8ca4-5a6f511d9b5a@group-248717DE33E2:LeaderElection282] INFO  server.RaftServerConfigKeys (ConfUtils.java:logGet(43)) - raft.server.staging.catchup.gap = 1000 (default)
2019-09-25 05:50:50,827 [Thread-3630] INFO  impl.RoleInfo (RoleInfo.java:updateAndGet(143)) - 91378772-90ea-4250-835f-6b2053232693: start LeaderElection
2019-09-25 05:50:50,827 [Thread-3622] INFO  impl.RoleInfo (RoleInfo.java:updateAndGet(143)) - 048cd757-ac0b-449d-96b7-2f2a98d02798: start LeaderElection
2019-09-25 05:50:50,827 [ddf6e088-733e-4b9a-8ca4-5a6f511d9b5a@group-248717DE33E2:LeaderElection282] INFO  server.RaftServerConfigKeys (ConfUtils.java:logGet(43)) - raft.server.rpc.sleep.time = 25ms (default)
2019-09-25 05:50:50,832 [Thread-3642] INFO  impl.FollowerState (FollowerState.java:run(106)) - 8aaa6fc6-f7fb-4882-accc-fabfb9faa78a:group-C2148799C3BD changes to CANDIDATE, lastRpcTime:5032, electionTimeout:5032ms
2019-09-25 05:50:50,835 [Thread-3642] INFO  impl.RoleInfo (RoleInfo.java:shutdownFollowerState(121)) - 8aaa6fc6-f7fb-4882-accc-fabfb9faa78a: shutdown FollowerState
2019-09-25 05:50:50,835 [Thread-3642] INFO  impl.RaftServerImpl (RaftServerImpl.java:setRole(174)) - 8aaa6fc6-f7fb-4882-accc-fabfb9faa78a@group-C2148799C3BD: changes role from  FOLLOWER to CANDIDATE at term 0 for changeToCandidate
2019-09-25 05:50:50,835 [Thread-3633] INFO  impl.FollowerState (FollowerState.java:run(106)) - 91378772-90ea-4250-835f-6b2053232693:group-300FF847675C changes to CANDIDATE, lastRpcTime:5152, electionTimeout:5152ms
2019-09-25 05:50:50,843 [Thread-3633] INFO  impl.RoleInfo (RoleInfo.java:shutdownFollowerState(121)) - 91378772-90ea-4250-835f-6b2053232693: shutdown FollowerState
2019-09-25 05:50:50,844 [Thread-3642] INFO  impl.RoleInfo (RoleInfo.java:updateAndGet(143)) - 8aaa6fc6-f7fb-4882-accc-fabfb9faa78a: start LeaderElection
2019-09-25 05:50:50,844 [ddf6e088-733e-4b9a-8ca4-5a6f511d9b5a@group-248717DE33E2:LeaderElection282] INFO  server.RaftServerConfigKeys (ConfUtils.java:logGet(43)) - raft.server.write.element-limit = 4096 (default)
2019-09-25 05:50:50,844 [Thread-3633] INFO  impl.RaftServerImpl (RaftServerImpl.java:setRole(174)) - 91378772-90ea-4250-835f-6b2053232693@group-300FF847675C: changes role from  FOLLOWER to CANDIDATE at term 0 for changeToCandidate
2019-09-25 05:50:50,844 [ddf6e088-733e-4b9a-8ca4-5a6f511d9b5a@group-248717DE33E2:LeaderElection282] INFO  server.RaftServerConfigKeys (ConfUtils.java:logGet(43)) - raft.server.watch.timeout = 10s (default)
2019-09-25 05:50:50,844 [ddf6e088-733e-4b9a-8ca4-5a6f511d9b5a@group-248717DE33E2:LeaderElection282] INFO  server.RaftServerConfigKeys (ConfUtils.java:logGet(43)) - raft.server.watch.timeout.denomination = 1s (default)
2019-09-25 05:50:50,844 [ddf6e088-733e-4b9a-8ca4-5a6f511d9b5a@group-248717DE33E2:LeaderElection282] INFO  server.RaftServerConfigKeys (ConfUtils.java:logGet(43)) - raft.server.watch.element-limit = 65536 (default)
2019-09-25 05:50:50,866 [Thread-3633] INFO  impl.RoleInfo (RoleInfo.java:updateAndGet(143)) - 91378772-90ea-4250-835f-6b2053232693: start LeaderElection
2019-09-25 05:50:50,867 [ddf6e088-733e-4b9a-8ca4-5a6f511d9b5a@group-248717DE33E2:LeaderElection282] INFO  impl.RoleInfo (RoleInfo.java:updateAndGet(143)) - ddf6e088-733e-4b9a-8ca4-5a6f511d9b5a: start LeaderState
2019-09-25 05:50:50,867 [ddf6e088-733e-4b9a-8ca4-5a6f511d9b5a@group-248717DE33E2:LeaderElection282] INFO  segmented.SegmentedRaftLogWorker (SegmentedRaftLogWorker.java:startLogSegment(380)) - ddf6e088-733e-4b9a-8ca4-5a6f511d9b5a@group-248717DE33E2-SegmentedRaftLogWorker: Starting segment from index:0
2019-09-25 05:50:50,879 [048cd757-ac0b-449d-96b7-2f2a98d02798@group-ECB7489E8BE9:LeaderElection284] INFO  impl.LeaderElection (LeaderElection.java:askForVotes(182)) - 048cd757-ac0b-449d-96b7-2f2a98d02798@group-ECB7489E8BE9:LeaderElection284: begin an election at term 1 for -1: [048cd757-ac0b-449d-96b7-2f2a98d02798:192.168.30.10:45339], old=null
2019-09-25 05:50:50,879 [048cd757-ac0b-449d-96b7-2f2a98d02798@group-ECB7489E8BE9:LeaderElection284] INFO  impl.RoleInfo (RoleInfo.java:shutdownLeaderElection(134)) - 048cd757-ac0b-449d-96b7-2f2a98d02798: shutdown LeaderElection
2019-09-25 05:50:50,880 [048cd757-ac0b-449d-96b7-2f2a98d02798@group-ECB7489E8BE9:LeaderElection284] INFO  impl.RaftServerImpl (RaftServerImpl.java:setRole(174)) - 048cd757-ac0b-449d-96b7-2f2a98d02798@group-ECB7489E8BE9: changes role from CANDIDATE to LEADER at term 1 for changeToLeader
2019-09-25 05:50:50,880 [048cd757-ac0b-449d-96b7-2f2a98d02798@group-ECB7489E8BE9:LeaderElection284] INFO  impl.RaftServerImpl (ServerState.java:setLeader(253)) - 048cd757-ac0b-449d-96b7-2f2a98d02798@group-ECB7489E8BE9: change Leader from null to 048cd757-ac0b-449d-96b7-2f2a98d02798 at term 1 for becomeLeader, leader elected after 5361ms
2019-09-25 05:50:50,880 [048cd757-ac0b-449d-96b7-2f2a98d02798@group-ECB7489E8BE9:LeaderElection284] INFO  server.RaftServerConfigKeys (ConfUtils.java:logGet(43)) - raft.server.staging.catchup.gap = 1000 (default)
2019-09-25 05:50:50,880 [048cd757-ac0b-449d-96b7-2f2a98d02798@group-ECB7489E8BE9:LeaderElection284] INFO  server.RaftServerConfigKeys (ConfUtils.java:logGet(43)) - raft.server.rpc.sleep.time = 25ms (default)
2019-09-25 05:50:50,892 [Thread-3639] INFO  impl.FollowerState (FollowerState.java:run(106)) - 91378772-90ea-4250-835f-6b2053232693:group-82254B342138 changes to CANDIDATE, lastRpcTime:5131, electionTimeout:5131ms
2019-09-25 05:50:50,892 [048cd757-ac0b-449d-96b7-2f2a98d02798@group-ECB7489E8BE9:LeaderElection284] INFO  server.RaftServerConfigKeys (ConfUtils.java:logGet(43)) - raft.server.write.element-limit = 4096 (default)
2019-09-25 05:50:50,892 [Thread-3639] INFO  impl.RoleInfo (RoleInfo.java:shutdownFollowerState(121)) - 91378772-90ea-4250-835f-6b2053232693: shutdown FollowerState
2019-09-25 05:50:50,892 [ddf6e088-733e-4b9a-8ca4-5a6f511d9b5a@group-248717DE33E2:LeaderElection282] INFO  impl.RaftServerImpl (ServerState.java:setRaftConf(354)) - ddf6e088-733e-4b9a-8ca4-5a6f511d9b5a@group-248717DE33E2: set configuration 0: [ddf6e088-733e-4b9a-8ca4-5a6f511d9b5a:192.168.30.10:39166], old=null at 0
2019-09-25 05:50:50,892 [Thread-3639] INFO  impl.RaftServerImpl (RaftServerImpl.java:setRole(174)) - 91378772-90ea-4250-835f-6b2053232693@group-82254B342138: changes role from  FOLLOWER to CANDIDATE at term 0 for changeToCandidate
2019-09-25 05:50:50,892 [048cd757-ac0b-449d-96b7-2f2a98d02798@group-ECB7489E8BE9:LeaderElection284] INFO  server.RaftServerConfigKeys (ConfUtils.java:logGet(43)) - raft.server.watch.timeout = 10s (default)
2019-09-25 05:50:50,892 [Thread-3639] INFO  impl.RoleInfo (RoleInfo.java:updateAndGet(143)) - 91378772-90ea-4250-835f-6b2053232693: start LeaderElection
2019-09-25 05:50:50,892 [048cd757-ac0b-449d-96b7-2f2a98d02798@group-ECB7489E8BE9:LeaderElection284] INFO  server.RaftServerConfigKeys (ConfUtils.java:logGet(43)) - raft.server.watch.timeout.denomination = 1s (default)
2019-09-25 05:50:50,892 [048cd757-ac0b-449d-96b7-2f2a98d02798@group-ECB7489E8BE9:LeaderElection284] INFO  server.RaftServerConfigKeys (ConfUtils.java:logGet(43)) - raft.server.watch.element-limit = 65536 (default)
2019-09-25 05:50:50,896 [048cd757-ac0b-449d-96b7-2f2a98d02798@group-4927BAA1705F:LeaderElection283] INFO  impl.LeaderElection (LeaderElection.java:askForVotes(182)) - 048cd757-ac0b-449d-96b7-2f2a98d02798@group-4927BAA1705F:LeaderElection283: begin an election at term 1 for -1: [048cd757-ac0b-449d-96b7-2f2a98d02798:192.168.30.10:45339], old=null
2019-09-25 05:50:50,896 [048cd757-ac0b-449d-96b7-2f2a98d02798@group-7D63AEAAFE26:LeaderElection285] INFO  impl.LeaderElection (LeaderElection.java:askForVotes(182)) - 048cd757-ac0b-449d-96b7-2f2a98d02798@group-7D63AEAAFE26:LeaderElection285: begin an election at term 1 for -1: [048cd757-ac0b-449d-96b7-2f2a98d02798:192.168.30.10:45339], old=null
2019-09-25 05:50:50,896 [048cd757-ac0b-449d-96b7-2f2a98d02798@group-4927BAA1705F:LeaderElection283] INFO  impl.RoleInfo (RoleInfo.java:shutdownLeaderElection(134)) - 048cd757-ac0b-449d-96b7-2f2a98d02798: shutdown LeaderElection
2019-09-25 05:50:50,896 [048cd757-ac0b-449d-96b7-2f2a98d02798@group-7D63AEAAFE26:LeaderElection285] INFO  impl.RoleInfo (RoleInfo.java:shutdownLeaderElection(134)) - 048cd757-ac0b-449d-96b7-2f2a98d02798: shutdown LeaderElection
2019-09-25 05:50:50,896 [048cd757-ac0b-449d-96b7-2f2a98d02798@group-4927BAA1705F:LeaderElection283] INFO  impl.RaftServerImpl (RaftServerImpl.java:setRole(174)) - 048cd757-ac0b-449d-96b7-2f2a98d02798@group-4927BAA1705F: changes role from CANDIDATE to LEADER at term 1 for changeToLeader
2019-09-25 05:50:50,896 [048cd757-ac0b-449d-96b7-2f2a98d02798@group-7D63AEAAFE26:LeaderElection285] INFO  impl.RaftServerImpl (RaftServerImpl.java:setRole(174)) - 048cd757-ac0b-449d-96b7-2f2a98d02798@group-7D63AEAAFE26: changes role from CANDIDATE to LEADER at term 1 for changeToLeader
2019-09-25 05:50:50,896 [048cd757-ac0b-449d-96b7-2f2a98d02798@group-4927BAA1705F:LeaderElection283] INFO  impl.RaftServerImpl (ServerState.java:setLeader(253)) - 048cd757-ac0b-449d-96b7-2f2a98d02798@group-4927BAA1705F: change Leader from null to 048cd757-ac0b-449d-96b7-2f2a98d02798 at term 1 for becomeLeader, leader elected after 5472ms
2019-09-25 05:50:50,896 [048cd757-ac0b-449d-96b7-2f2a98d02798@group-7D63AEAAFE26:LeaderElection285] INFO  impl.RaftServerImpl (ServerState.java:setLeader(253)) - 048cd757-ac0b-449d-96b7-2f2a98d02798@group-7D63AEAAFE26: change Leader from null to 048cd757-ac0b-449d-96b7-2f2a98d02798 at term 1 for becomeLeader, leader elected after 5419ms
2019-09-25 05:50:50,896 [048cd757-ac0b-449d-96b7-2f2a98d02798@group-4927BAA1705F:LeaderElection283] INFO  server.RaftServerConfigKeys (ConfUtils.java:logGet(43)) - raft.server.staging.catchup.gap = 1000 (default)
2019-09-25 05:50:50,896 [048cd757-ac0b-449d-96b7-2f2a98d02798@group-7D63AEAAFE26:LeaderElection285] INFO  server.RaftServerConfigKeys (ConfUtils.java:logGet(43)) - raft.server.staging.catchup.gap = 1000 (default)
2019-09-25 05:50:50,896 [048cd757-ac0b-449d-96b7-2f2a98d02798@group-4927BAA1705F:LeaderElection283] INFO  server.RaftServerConfigKeys (ConfUtils.java:logGet(43)) - raft.server.rpc.sleep.time = 25ms (default)
2019-09-25 05:50:50,897 [048cd757-ac0b-449d-96b7-2f2a98d02798@group-7D63AEAAFE26:LeaderElection285] INFO  server.RaftServerConfigKeys (ConfUtils.java:logGet(43)) - raft.server.rpc.sleep.time = 25ms (default)
2019-09-25 05:50:50,902 [048cd757-ac0b-449d-96b7-2f2a98d02798@group-4927BAA1705F:LeaderElection283] INFO  server.RaftServerConfigKeys (ConfUtils.java:logGet(43)) - raft.server.write.element-limit = 4096 (default)
2019-09-25 05:50:50,902 [048cd757-ac0b-449d-96b7-2f2a98d02798@group-7D63AEAAFE26:LeaderElection285] INFO  server.RaftServerConfigKeys (ConfUtils.java:logGet(43)) - raft.server.write.element-limit = 4096 (default)
2019-09-25 05:50:50,902 [048cd757-ac0b-449d-96b7-2f2a98d02798@group-4927BAA1705F:LeaderElection283] INFO  server.RaftServerConfigKeys (ConfUtils.java:logGet(43)) - raft.server.watch.timeout = 10s (default)
2019-09-25 05:50:50,902 [048cd757-ac0b-449d-96b7-2f2a98d02798@group-7D63AEAAFE26:LeaderElection285] INFO  server.RaftServerConfigKeys (ConfUtils.java:logGet(43)) - raft.server.watch.timeout = 10s (default)
2019-09-25 05:50:50,902 [048cd757-ac0b-449d-96b7-2f2a98d02798@group-4927BAA1705F:LeaderElection283] INFO  server.RaftServerConfigKeys (ConfUtils.java:logGet(43)) - raft.server.watch.timeout.denomination = 1s (default)
2019-09-25 05:50:50,902 [048cd757-ac0b-449d-96b7-2f2a98d02798@group-7D63AEAAFE26:LeaderElection285] INFO  server.RaftServerConfigKeys (ConfUtils.java:logGet(43)) - raft.server.watch.timeout.denomination = 1s (default)
2019-09-25 05:50:50,902 [048cd757-ac0b-449d-96b7-2f2a98d02798@group-4927BAA1705F:LeaderElection283] INFO  server.RaftServerConfigKeys (ConfUtils.java:logGet(43)) - raft.server.watch.element-limit = 65536 (default)
2019-09-25 05:50:50,902 [048cd757-ac0b-449d-96b7-2f2a98d02798@group-7D63AEAAFE26:LeaderElection285] INFO  server.RaftServerConfigKeys (ConfUtils.java:logGet(43)) - raft.server.watch.element-limit = 65536 (default)
2019-09-25 05:50:50,908 [048cd757-ac0b-449d-96b7-2f2a98d02798@group-ECB7489E8BE9:LeaderElection284] INFO  impl.RoleInfo (RoleInfo.java:updateAndGet(143)) - 048cd757-ac0b-449d-96b7-2f2a98d02798: start LeaderState
2019-09-25 05:50:50,908 [048cd757-ac0b-449d-96b7-2f2a98d02798@group-ECB7489E8BE9:LeaderElection284] INFO  segmented.SegmentedRaftLogWorker (SegmentedRaftLogWorker.java:startLogSegment(380)) - 048cd757-ac0b-449d-96b7-2f2a98d02798@group-ECB7489E8BE9-SegmentedRaftLogWorker: Starting segment from index:0
2019-09-25 05:50:50,915 [Thread-3636] INFO  impl.FollowerState (FollowerState.java:run(106)) - 8aaa6fc6-f7fb-4882-accc-fabfb9faa78a:group-9628E8C39647 changes to CANDIDATE, lastRpcTime:5193, electionTimeout:5193ms
2019-09-25 05:50:50,916 [Thread-3636] INFO  impl.RoleInfo (RoleInfo.java:shutdownFollowerState(121)) - 8aaa6fc6-f7fb-4882-accc-fabfb9faa78a: shutdown FollowerState
2019-09-25 05:50:50,916 [91378772-90ea-4250-835f-6b2053232693@group-300FF847675C:LeaderElection288] INFO  impl.LeaderElection (LeaderElection.java:askForVotes(182)) - 91378772-90ea-4250-835f-6b2053232693@group-300FF847675C:LeaderElection288: begin an election at term 1 for -1: [91378772-90ea-4250-835f-6b2053232693:192.168.30.10:42685], old=null
2019-09-25 05:50:50,916 [048cd757-ac0b-449d-96b7-2f2a98d02798@group-7D63AEAAFE26:LeaderElection285] INFO  impl.RoleInfo (RoleInfo.java:updateAndGet(143)) - 048cd757-ac0b-449d-96b7-2f2a98d02798: start LeaderState
2019-09-25 05:50:50,916 [Thread-3636] INFO  impl.RaftServerImpl (RaftServerImpl.java:setRole(174)) - 8aaa6fc6-f7fb-4882-accc-fabfb9faa78a@group-9628E8C39647: changes role from  FOLLOWER to CANDIDATE at term 0 for changeToCandidate
2019-09-25 05:50:50,916 [91378772-90ea-4250-835f-6b2053232693@group-300FF847675C:LeaderElection288] INFO  impl.RoleInfo (RoleInfo.java:shutdownLeaderElection(134)) - 91378772-90ea-4250-835f-6b2053232693: shutdown LeaderElection
2019-09-25 05:50:50,916 [048cd757-ac0b-449d-96b7-2f2a98d02798@group-7D63AEAAFE26:LeaderElection285] INFO  segmented.SegmentedRaftLogWorker (SegmentedRaftLogWorker.java:startLogSegment(380)) - 048cd757-ac0b-449d-96b7-2f2a98d02798@group-7D63AEAAFE26-SegmentedRaftLogWorker: Starting segment from index:0
2019-09-25 05:50:50,916 [91378772-90ea-4250-835f-6b2053232693@group-300FF847675C:LeaderElection288] INFO  impl.RaftServerImpl (RaftServerImpl.java:setRole(174)) - 91378772-90ea-4250-835f-6b2053232693@group-300FF847675C: changes role from CANDIDATE to LEADER at term 1 for changeToLeader
2019-09-25 05:50:50,916 [048cd757-ac0b-449d-96b7-2f2a98d02798@group-4927BAA1705F:LeaderElection283] INFO  impl.RoleInfo (RoleInfo.java:updateAndGet(143)) - 048cd757-ac0b-449d-96b7-2f2a98d02798: start LeaderState
2019-09-25 05:50:50,916 [91378772-90ea-4250-835f-6b2053232693@group-300FF847675C:LeaderElection288] INFO  impl.RaftServerImpl (ServerState.java:setLeader(253)) - 91378772-90ea-4250-835f-6b2053232693@group-300FF847675C: change Leader from null to 91378772-90ea-4250-835f-6b2053232693 at term 1 for becomeLeader, leader elected after 5237ms
2019-09-25 05:50:50,916 [048cd757-ac0b-449d-96b7-2f2a98d02798@group-4927BAA1705F:LeaderElection283] INFO  segmented.SegmentedRaftLogWorker (SegmentedRaftLogWorker.java:startLogSegment(380)) - 048cd757-ac0b-449d-96b7-2f2a98d02798@group-4927BAA1705F-SegmentedRaftLogWorker: Starting segment from index:0
2019-09-25 05:50:50,916 [91378772-90ea-4250-835f-6b2053232693@group-300FF847675C:LeaderElection288] INFO  server.RaftServerConfigKeys (ConfUtils.java:logGet(43)) - raft.server.staging.catchup.gap = 1000 (default)
2019-09-25 05:50:50,917 [91378772-90ea-4250-835f-6b2053232693@group-300FF847675C:LeaderElection288] INFO  server.RaftServerConfigKeys (ConfUtils.java:logGet(43)) - raft.server.rpc.sleep.time = 25ms (default)
2019-09-25 05:50:50,918 [8aaa6fc6-f7fb-4882-accc-fabfb9faa78a@group-C2148799C3BD:LeaderElection287] INFO  impl.LeaderElection (LeaderElection.java:askForVotes(182)) - 8aaa6fc6-f7fb-4882-accc-fabfb9faa78a@group-C2148799C3BD:LeaderElection287: begin an election at term 1 for -1: [8aaa6fc6-f7fb-4882-accc-fabfb9faa78a:192.168.30.10:36169], old=null
2019-09-25 05:50:50,918 [91378772-90ea-4250-835f-6b2053232693@group-B9146DAC014A:LeaderElection286] INFO  impl.LeaderElection (LeaderElection.java:askForVotes(182)) - 91378772-90ea-4250-835f-6b2053232693@group-B9146DAC014A:LeaderElection286: begin an election at term 1 for -1: [91378772-90ea-4250-835f-6b2053232693:192.168.30.10:42685], old=null
2019-09-25 05:50:50,918 [8aaa6fc6-f7fb-4882-accc-fabfb9faa78a@group-C2148799C3BD:LeaderElection287] INFO  impl.RoleInfo (RoleInfo.java:shutdownLeaderElection(134)) - 8aaa6fc6-f7fb-4882-accc-fabfb9faa78a: shutdown LeaderElection
2019-09-25 05:50:50,918 [91378772-90ea-4250-835f-6b2053232693@group-B9146DAC014A:LeaderElection286] INFO  impl.RoleInfo (RoleInfo.java:shutdownLeaderElection(134)) - 91378772-90ea-4250-835f-6b2053232693: shutdown LeaderElection
2019-09-25 05:50:50,918 [8aaa6fc6-f7fb-4882-accc-fabfb9faa78a@group-C2148799C3BD:LeaderElection287] INFO  impl.RaftServerImpl (RaftServerImpl.java:setRole(174)) - 8aaa6fc6-f7fb-4882-accc-fabfb9faa78a@group-C2148799C3BD: changes role from CANDIDATE to LEADER at term 1 for changeToLeader
2019-09-25 05:50:50,919 [91378772-90ea-4250-835f-6b2053232693@group-B9146DAC014A:LeaderElection286] INFO  impl.RaftServerImpl (RaftServerImpl.java:setRole(174)) - 91378772-90ea-4250-835f-6b2053232693@group-B9146DAC014A: changes role from CANDIDATE to LEADER at term 1 for changeToLeader
2019-09-25 05:50:50,919 [8aaa6fc6-f7fb-4882-accc-fabfb9faa78a@group-C2148799C3BD:LeaderElection287] INFO  impl.RaftServerImpl (ServerState.java:setLeader(253)) - 8aaa6fc6-f7fb-4882-accc-fabfb9faa78a@group-C2148799C3BD: change Leader from null to 8aaa6fc6-f7fb-4882-accc-fabfb9faa78a at term 1 for becomeLeader, leader elected after 5122ms
2019-09-25 05:50:50,919 [91378772-90ea-4250-835f-6b2053232693@group-B9146DAC014A:LeaderElection286] INFO  impl.RaftServerImpl (ServerState.java:setLeader(253)) - 91378772-90ea-4250-835f-6b2053232693@group-B9146DAC014A: change Leader from null to 91378772-90ea-4250-835f-6b2053232693 at term 1 for becomeLeader, leader elected after 5354ms
2019-09-25 05:50:50,919 [8aaa6fc6-f7fb-4882-accc-fabfb9faa78a@group-C2148799C3BD:LeaderElection287] INFO  server.RaftServerConfigKeys (ConfUtils.java:logGet(43)) - raft.server.staging.catchup.gap = 1000 (default)
2019-09-25 05:50:50,919 [91378772-90ea-4250-835f-6b2053232693@group-B9146DAC014A:LeaderElection286] INFO  server.RaftServerConfigKeys (ConfUtils.java:logGet(43)) - raft.server.staging.catchup.gap = 1000 (default)
2019-09-25 05:50:50,919 [8aaa6fc6-f7fb-4882-accc-fabfb9faa78a@group-C2148799C3BD:LeaderElection287] INFO  server.RaftServerConfigKeys (ConfUtils.java:logGet(43)) - raft.server.rpc.sleep.time = 25ms (default)
2019-09-25 05:50:50,919 [91378772-90ea-4250-835f-6b2053232693@group-B9146DAC014A:LeaderElection286] INFO  server.RaftServerConfigKeys (ConfUtils.java:logGet(43)) - raft.server.rpc.sleep.time = 25ms (default)
2019-09-25 05:50:50,926 [91378772-90ea-4250-835f-6b2053232693@group-B9146DAC014A:LeaderElection286] INFO  server.RaftServerConfigKeys (ConfUtils.java:logGet(43)) - raft.server.write.element-limit = 4096 (default)
2019-09-25 05:50:50,926 [Thread-3636] INFO  impl.RoleInfo (RoleInfo.java:updateAndGet(143)) - 8aaa6fc6-f7fb-4882-accc-fabfb9faa78a: start LeaderElection
2019-09-25 05:50:50,926 [048cd757-ac0b-449d-96b7-2f2a98d02798@group-ECB7489E8BE9:LeaderElection284] INFO  impl.RaftServerImpl (ServerState.java:setRaftConf(354)) - 048cd757-ac0b-449d-96b7-2f2a98d02798@group-ECB7489E8BE9: set configuration 0: [048cd757-ac0b-449d-96b7-2f2a98d02798:192.168.30.10:45339], old=null at 0
2019-09-25 05:50:50,926 [91378772-90ea-4250-835f-6b2053232693@group-300FF847675C:LeaderElection288] INFO  server.RaftServerConfigKeys (ConfUtils.java:logGet(43)) - raft.server.write.element-limit = 4096 (default)
2019-09-25 05:50:50,926 [8aaa6fc6-f7fb-4882-accc-fabfb9faa78a@group-C2148799C3BD:LeaderElection287] INFO  server.RaftServerConfigKeys (ConfUtils.java:logGet(43)) - raft.server.write.element-limit = 4096 (default)
2019-09-25 05:50:50,926 [91378772-90ea-4250-835f-6b2053232693@group-300FF847675C:LeaderElection288] INFO  server.RaftServerConfigKeys (ConfUtils.java:logGet(43)) - raft.server.watch.timeout = 10s (default)
2019-09-25 05:50:50,926 [91378772-90ea-4250-835f-6b2053232693@group-B9146DAC014A:LeaderElection286] INFO  server.RaftServerConfigKeys (ConfUtils.java:logGet(43)) - raft.server.watch.timeout = 10s (default)
2019-09-25 05:50:50,926 [91378772-90ea-4250-835f-6b2053232693@group-300FF847675C:LeaderElection288] INFO  server.RaftServerConfigKeys (ConfUtils.java:logGet(43)) - raft.server.watch.timeout.denomination = 1s (default)
2019-09-25 05:50:50,926 [8aaa6fc6-f7fb-4882-accc-fabfb9faa78a@group-C2148799C3BD:LeaderElection287] INFO  server.RaftServerConfigKeys (ConfUtils.java:logGet(43)) - raft.server.watch.timeout = 10s (default)
2019-09-25 05:50:50,927 [91378772-90ea-4250-835f-6b2053232693@group-300FF847675C:LeaderElection288] INFO  server.RaftServerConfigKeys (ConfUtils.java:logGet(43)) - raft.server.watch.element-limit = 65536 (default)
2019-09-25 05:50:50,927 [91378772-90ea-4250-835f-6b2053232693@group-B9146DAC014A:LeaderElection286] INFO  server.RaftServerConfigKeys (ConfUtils.java:logGet(43)) - raft.server.watch.timeout.denomination = 1s (default)
2019-09-25 05:50:50,927 [8aaa6fc6-f7fb-4882-accc-fabfb9faa78a@group-C2148799C3BD:LeaderElection287] INFO  server.RaftServerConfigKeys (ConfUtils.java:logGet(43)) - raft.server.watch.timeout.denomination = 1s (default)
2019-09-25 05:50:50,927 [91378772-90ea-4250-835f-6b2053232693@group-B9146DAC014A:LeaderElection286] INFO  server.RaftServerConfigKeys (ConfUtils.java:logGet(43)) - raft.server.watch.element-limit = 65536 (default)
2019-09-25 05:50:50,927 [8aaa6fc6-f7fb-4882-accc-fabfb9faa78a@group-C2148799C3BD:LeaderElection287] INFO  server.RaftServerConfigKeys (ConfUtils.java:logGet(43)) - raft.server.watch.element-limit = 65536 (default)
2019-09-25 05:50:50,931 [048cd757-ac0b-449d-96b7-2f2a98d02798@group-7D63AEAAFE26:LeaderElection285] INFO  impl.RaftServerImpl (ServerState.java:setRaftConf(354)) - 048cd757-ac0b-449d-96b7-2f2a98d02798@group-7D63AEAAFE26: set configuration 0: [048cd757-ac0b-449d-96b7-2f2a98d02798:192.168.30.10:45339], old=null at 0
2019-09-25 05:50:50,937 [Thread-3645] INFO  impl.FollowerState (FollowerState.java:run(106)) - 8aaa6fc6-f7fb-4882-accc-fabfb9faa78a:group-C64B9CF95A05 changes to CANDIDATE, lastRpcTime:5095, electionTimeout:5095ms
2019-09-25 05:50:50,941 [Thread-3645] INFO  impl.RoleInfo (RoleInfo.java:shutdownFollowerState(121)) - 8aaa6fc6-f7fb-4882-accc-fabfb9faa78a: shutdown FollowerState
2019-09-25 05:50:50,941 [Thread-3645] INFO  impl.RaftServerImpl (RaftServerImpl.java:setRole(174)) - 8aaa6fc6-f7fb-4882-accc-fabfb9faa78a@group-C64B9CF95A05: changes role from  FOLLOWER to CANDIDATE at term 0 for changeToCandidate
2019-09-25 05:50:50,944 [048cd757-ac0b-449d-96b7-2f2a98d02798@group-4927BAA1705F:LeaderElection283] INFO  impl.RaftServerImpl (ServerState.java:setRaftConf(354)) - 048cd757-ac0b-449d-96b7-2f2a98d02798@group-4927BAA1705F: set configuration 0: [048cd757-ac0b-449d-96b7-2f2a98d02798:192.168.30.10:45339], old=null at 0
2019-09-25 05:50:50,945 [Thread-3645] INFO  impl.RoleInfo (RoleInfo.java:updateAndGet(143)) - 8aaa6fc6-f7fb-4882-accc-fabfb9faa78a: start LeaderElection
2019-09-25 05:50:51,011 [Thread-3651] INFO  impl.FollowerState (FollowerState.java:run(106)) - 91378772-90ea-4250-835f-6b2053232693:group-49B8CF3CA0B7 changes to CANDIDATE, lastRpcTime:5052, electionTimeout:5047ms
2019-09-25 05:50:51,072 [Thread-3648] INFO  impl.FollowerState (FollowerState.java:run(106)) - 8aaa6fc6-f7fb-4882-accc-fabfb9faa78a:group-D60BCFE4D8FD changes to CANDIDATE, lastRpcTime:5171, electionTimeout:5111ms
2019-09-25 05:50:51,071 [048cd757-ac0b-449d-96b7-2f2a98d02798@group-ECB7489E8BE9-SegmentedRaftLogWorker] INFO  segmented.SegmentedRaftLogWorker (SegmentedRaftLogWorker.java:execute(569)) - 048cd757-ac0b-449d-96b7-2f2a98d02798@group-ECB7489E8BE9-SegmentedRaftLogWorker: created new log segment /workdir/hadoop-ozone/integration-test/target/test-dir/MiniOzoneClusterImpl-28dc08f8-08b8-4dfd-b771-8384b6a2d499/datanode-4/data/ratis/cce13e83-304c-4e35-8de3-ecb7489e8be9/current/log_inprogress_0
2019-09-25 05:50:51,071 [048cd757-ac0b-449d-96b7-2f2a98d02798@group-7D63AEAAFE26-SegmentedRaftLogWorker] INFO  segmented.SegmentedRaftLogWorker (SegmentedRaftLogWorker.java:execute(569)) - 048cd757-ac0b-449d-96b7-2f2a98d02798@group-7D63AEAAFE26-SegmentedRaftLogWorker: created new log segment /workdir/hadoop-ozone/integration-test/target/test-dir/MiniOzoneClusterImpl-28dc08f8-08b8-4dfd-b771-8384b6a2d499/datanode-4/data/ratis/f6e4b822-efba-4838-bef5-7d63aeaafe26/current/log_inprogress_0
2019-09-25 05:50:51,072 [Thread-3651] INFO  impl.RoleInfo (RoleInfo.java:shutdownFollowerState(121)) - 91378772-90ea-4250-835f-6b2053232693: shutdown FollowerState
2019-09-25 05:50:51,052 [8aaa6fc6-f7fb-4882-accc-fabfb9faa78a@group-9628E8C39647:LeaderElection290] INFO  impl.LeaderElection (LeaderElection.java:askForVotes(182)) - 8aaa6fc6-f7fb-4882-accc-fabfb9faa78a@group-9628E8C39647:LeaderElection290: begin an election at term 1 for -1: [8aaa6fc6-f7fb-4882-accc-fabfb9faa78a:192.168.30.10:36169], old=null
2019-09-25 05:50:51,052 [91378772-90ea-4250-835f-6b2053232693@group-82254B342138:LeaderElection289] INFO  impl.LeaderElection (LeaderElection.java:askForVotes(182)) - 91378772-90ea-4250-835f-6b2053232693@group-82254B342138:LeaderElection289: begin an election at term 1 for -1: [91378772-90ea-4250-835f-6b2053232693:192.168.30.10:42685], old=null
2019-09-25 05:50:51,052 [Thread-3654] INFO  impl.FollowerState (FollowerState.java:run(106)) - 91378772-90ea-4250-835f-6b2053232693:group-85A820F1931C changes to CANDIDATE, lastRpcTime:5039, electionTimeout:5039ms
2019-09-25 05:50:51,023 [048cd757-ac0b-449d-96b7-2f2a98d02798@group-4927BAA1705F-SegmentedRaftLogWorker] INFO  segmented.SegmentedRaftLogWorker (SegmentedRaftLogWorker.java:execute(569)) - 048cd757-ac0b-449d-96b7-2f2a98d02798@group-4927BAA1705F-SegmentedRaftLogWorker: created new log segment /workdir/hadoop-ozone/integration-test/target/test-dir/MiniOzoneClusterImpl-28dc08f8-08b8-4dfd-b771-8384b6a2d499/datanode-4/data/ratis/f82d9dc8-66ab-4b89-ab0d-4927baa1705f/current/log_inprogress_0
2019-09-25 05:50:51,073 [Thread-3654] INFO  impl.RoleInfo (RoleInfo.java:shutdownFollowerState(121)) - 91378772-90ea-4250-835f-6b2053232693: shutdown FollowerState
2019-09-25 05:50:51,072 [91378772-90ea-4250-835f-6b2053232693@group-82254B342138:LeaderElection289] INFO  impl.RoleInfo (RoleInfo.java:shutdownLeaderElection(134)) - 91378772-90ea-4250-835f-6b2053232693: shutdown LeaderElection
2019-09-25 05:50:51,072 [8aaa6fc6-f7fb-4882-accc-fabfb9faa78a@group-9628E8C39647:LeaderElection290] INFO  impl.RoleInfo (RoleInfo.java:shutdownLeaderElection(134)) - 8aaa6fc6-f7fb-4882-accc-fabfb9faa78a: shutdown LeaderElection
2019-09-25 05:50:51,073 [8aaa6fc6-f7fb-4882-accc-fabfb9faa78a@group-9628E8C39647:LeaderElection290] INFO  impl.RaftServerImpl (RaftServerImpl.java:setRole(174)) - 8aaa6fc6-f7fb-4882-accc-fabfb9faa78a@group-9628E8C39647: changes role from CANDIDATE to LEADER at term 1 for changeToLeader
2019-09-25 05:50:51,072 [Thread-3651] INFO  impl.RaftServerImpl (RaftServerImpl.java:setRole(174)) - 91378772-90ea-4250-835f-6b2053232693@group-49B8CF3CA0B7: changes role from  FOLLOWER to CANDIDATE at term 0 for changeToCandidate
2019-09-25 05:50:51,072 [ddf6e088-733e-4b9a-8ca4-5a6f511d9b5a@group-248717DE33E2-SegmentedRaftLogWorker] INFO  segmented.SegmentedRaftLogWorker (SegmentedRaftLogWorker.java:execute(569)) - ddf6e088-733e-4b9a-8ca4-5a6f511d9b5a@group-248717DE33E2-SegmentedRaftLogWorker: created new log segment /workdir/hadoop-ozone/integration-test/target/test-dir/MiniOzoneClusterImpl-28dc08f8-08b8-4dfd-b771-8384b6a2d499/datanode-3/data/ratis/eec99201-f6ac-458d-b2c4-248717de33e2/current/log_inprogress_0
2019-09-25 05:50:51,072 [048cd757-ac0b-449d-96b7-2f2a98d02798@group-553EB506E1C2-SegmentedRaftLogWorker] INFO  segmented.SegmentedRaftLogWorker (SegmentedRaftLogWorker.java:execute(569)) - 048cd757-ac0b-449d-96b7-2f2a98d02798@group-553EB506E1C2-SegmentedRaftLogWorker: created new log segment /workdir/hadoop-ozone/integration-test/target/test-dir/MiniOzoneClusterImpl-28dc08f8-08b8-4dfd-b771-8384b6a2d499/datanode-4/data/ratis/09608d18-1e4a-4c2e-8873-553eb506e1c2/current/log_inprogress_0
2019-09-25 05:50:51,072 [Thread-3648] INFO  impl.RoleInfo (RoleInfo.java:shutdownFollowerState(121)) - 8aaa6fc6-f7fb-4882-accc-fabfb9faa78a: shutdown FollowerState
2019-09-25 05:50:51,073 [Thread-3651] INFO  impl.RoleInfo (RoleInfo.java:updateAndGet(143)) - 91378772-90ea-4250-835f-6b2053232693: start LeaderElection
2019-09-25 05:50:51,073 [8aaa6fc6-f7fb-4882-accc-fabfb9faa78a@group-9628E8C39647:LeaderElection290] INFO  impl.RaftServerImpl (ServerState.java:setLeader(253)) - 8aaa6fc6-f7fb-4882-accc-fabfb9faa78a@group-9628E8C39647: change Leader from null to 8aaa6fc6-f7fb-4882-accc-fabfb9faa78a at term 1 for becomeLeader, leader elected after 5354ms
2019-09-25 05:50:51,073 [91378772-90ea-4250-835f-6b2053232693@group-82254B342138:LeaderElection289] INFO  impl.RaftServerImpl (RaftServerImpl.java:setRole(174)) - 91378772-90ea-4250-835f-6b2053232693@group-82254B342138: changes role from CANDIDATE to LEADER at term 1 for changeToLeader
2019-09-25 05:50:51,073 [Thread-3654] INFO  impl.RaftServerImpl (RaftServerImpl.java:setRole(174)) - 91378772-90ea-4250-835f-6b2053232693@group-85A820F1931C: changes role from  FOLLOWER to CANDIDATE at term 0 for changeToCandidate
2019-09-25 05:50:51,074 [91378772-90ea-4250-835f-6b2053232693@group-82254B342138:LeaderElection289] INFO  impl.RaftServerImpl (ServerState.java:setLeader(253)) - 91378772-90ea-4250-835f-6b2053232693@group-82254B342138: change Leader from null to 91378772-90ea-4250-835f-6b2053232693 at term 1 for becomeLeader, leader elected after 5317ms
2019-09-25 05:50:51,074 [8aaa6fc6-f7fb-4882-accc-fabfb9faa78a@group-9628E8C39647:LeaderElection290] INFO  server.RaftServerConfigKeys (ConfUtils.java:logGet(43)) - raft.server.staging.catchup.gap = 1000 (default)
2019-09-25 05:50:51,074 [8aaa6fc6-f7fb-4882-accc-fabfb9faa78a@group-9628E8C39647:LeaderElection290] INFO  server.RaftServerConfigKeys (ConfUtils.java:logGet(43)) - raft.server.rpc.sleep.time = 25ms (default)
2019-09-25 05:50:51,073 [Thread-3648] INFO  impl.RaftServerImpl (RaftServerImpl.java:setRole(174)) - 8aaa6fc6-f7fb-4882-accc-fabfb9faa78a@group-D60BCFE4D8FD: changes role from  FOLLOWER to CANDIDATE at term 0 for changeToCandidate
2019-09-25 05:50:51,074 [8aaa6fc6-f7fb-4882-accc-fabfb9faa78a@group-9628E8C39647:LeaderElection290] INFO  server.RaftServerConfigKeys (ConfUtils.java:logGet(43)) - raft.server.write.element-limit = 4096 (default)
2019-09-25 05:50:51,074 [91378772-90ea-4250-835f-6b2053232693@group-82254B342138:LeaderElection289] INFO  server.RaftServerConfigKeys (ConfUtils.java:logGet(43)) - raft.server.staging.catchup.gap = 1000 (default)
2019-09-25 05:50:51,074 [91378772-90ea-4250-835f-6b2053232693@group-82254B342138:LeaderElection289] INFO  server.RaftServerConfigKeys (ConfUtils.java:logGet(43)) - raft.server.rpc.sleep.time = 25ms (default)
2019-09-25 05:50:51,074 [Thread-3654] INFO  impl.RoleInfo (RoleInfo.java:updateAndGet(143)) - 91378772-90ea-4250-835f-6b2053232693: start LeaderElection
2019-09-25 05:50:51,074 [8aaa6fc6-f7fb-4882-accc-fabfb9faa78a@group-C2148799C3BD:LeaderElection287] INFO  impl.RoleInfo (RoleInfo.java:updateAndGet(143)) - 8aaa6fc6-f7fb-4882-accc-fabfb9faa78a: start LeaderState
2019-09-25 05:50:51,075 [91378772-90ea-4250-835f-6b2053232693@group-B9146DAC014A:LeaderElection286] INFO  impl.RoleInfo (RoleInfo.java:updateAndGet(143)) - 91378772-90ea-4250-835f-6b2053232693: start LeaderState
2019-09-25 05:50:51,075 [91378772-90ea-4250-835f-6b2053232693@group-300FF847675C:LeaderElection288] INFO  impl.RoleInfo (RoleInfo.java:updateAndGet(143)) - 91378772-90ea-4250-835f-6b2053232693: start LeaderState
2019-09-25 05:50:51,075 [91378772-90ea-4250-835f-6b2053232693@group-82254B342138:LeaderElection289] INFO  server.RaftServerConfigKeys (ConfUtils.java:logGet(43)) - raft.server.write.element-limit = 4096 (default)
2019-09-25 05:50:51,074 [8aaa6fc6-f7fb-4882-accc-fabfb9faa78a@group-9628E8C39647:LeaderElection290] INFO  server.RaftServerConfigKeys (ConfUtils.java:logGet(43)) - raft.server.watch.timeout = 10s (default)
2019-09-25 05:50:51,075 [8aaa6fc6-f7fb-4882-accc-fabfb9faa78a@group-9628E8C39647:LeaderElection290] INFO  server.RaftServerConfigKeys (ConfUtils.java:logGet(43)) - raft.server.watch.timeout.denomination = 1s (default)
2019-09-25 05:50:51,074 [Thread-3648] INFO  impl.RoleInfo (RoleInfo.java:updateAndGet(143)) - 8aaa6fc6-f7fb-4882-accc-fabfb9faa78a: start LeaderElection
2019-09-25 05:50:51,076 [8aaa6fc6-f7fb-4882-accc-fabfb9faa78a@group-9628E8C39647:LeaderElection290] INFO  server.RaftServerConfigKeys (ConfUtils.java:logGet(43)) - raft.server.watch.element-limit = 65536 (default)
2019-09-25 05:50:51,075 [91378772-90ea-4250-835f-6b2053232693@group-82254B342138:LeaderElection289] INFO  server.RaftServerConfigKeys (ConfUtils.java:logGet(43)) - raft.server.watch.timeout = 10s (default)
2019-09-25 05:50:51,075 [91378772-90ea-4250-835f-6b2053232693@group-300FF847675C:LeaderElection288] INFO  segmented.SegmentedRaftLogWorker (SegmentedRaftLogWorker.java:startLogSegment(380)) - 91378772-90ea-4250-835f-6b2053232693@group-300FF847675C-SegmentedRaftLogWorker: Starting segment from index:0
2019-09-25 05:50:51,075 [91378772-90ea-4250-835f-6b2053232693@group-B9146DAC014A:LeaderElection286] INFO  segmented.SegmentedRaftLogWorker (SegmentedRaftLogWorker.java:startLogSegment(380)) - 91378772-90ea-4250-835f-6b2053232693@group-B9146DAC014A-SegmentedRaftLogWorker: Starting segment from index:0
2019-09-25 05:50:51,075 [8aaa6fc6-f7fb-4882-accc-fabfb9faa78a@group-C2148799C3BD:LeaderElection287] INFO  segmented.SegmentedRaftLogWorker (SegmentedRaftLogWorker.java:startLogSegment(380)) - 8aaa6fc6-f7fb-4882-accc-fabfb9faa78a@group-C2148799C3BD-SegmentedRaftLogWorker: Starting segment from index:0
2019-09-25 05:50:51,076 [91378772-90ea-4250-835f-6b2053232693@group-82254B342138:LeaderElection289] INFO  server.RaftServerConfigKeys (ConfUtils.java:logGet(43)) - raft.server.watch.timeout.denomination = 1s (default)
2019-09-25 05:50:51,077 [91378772-90ea-4250-835f-6b2053232693@group-82254B342138:LeaderElection289] INFO  server.RaftServerConfigKeys (ConfUtils.java:logGet(43)) - raft.server.watch.element-limit = 65536 (default)
2019-09-25 05:50:51,077 [91378772-90ea-4250-835f-6b2053232693@group-300FF847675C:LeaderElection288] INFO  impl.RaftServerImpl (ServerState.java:setRaftConf(354)) - 91378772-90ea-4250-835f-6b2053232693@group-300FF847675C: set configuration 0: [91378772-90ea-4250-835f-6b2053232693:192.168.30.10:42685], old=null at 0
2019-09-25 05:50:51,077 [8aaa6fc6-f7fb-4882-accc-fabfb9faa78a@group-C2148799C3BD:LeaderElection287] INFO  impl.RaftServerImpl (ServerState.java:setRaftConf(354)) - 8aaa6fc6-f7fb-4882-accc-fabfb9faa78a@group-C2148799C3BD: set configuration 0: [8aaa6fc6-f7fb-4882-accc-fabfb9faa78a:192.168.30.10:36169], old=null at 0
2019-09-25 05:50:51,077 [8aaa6fc6-f7fb-4882-accc-fabfb9faa78a@group-9628E8C39647:LeaderElection290] INFO  impl.RoleInfo (RoleInfo.java:updateAndGet(143)) - 8aaa6fc6-f7fb-4882-accc-fabfb9faa78a: start LeaderState
2019-09-25 05:50:51,077 [91378772-90ea-4250-835f-6b2053232693@group-B9146DAC014A:LeaderElection286] INFO  impl.RaftServerImpl (ServerState.java:setRaftConf(354)) - 91378772-90ea-4250-835f-6b2053232693@group-B9146DAC014A: set configuration 0: [91378772-90ea-4250-835f-6b2053232693:192.168.30.10:42685], old=null at 0
2019-09-25 05:50:51,077 [8aaa6fc6-f7fb-4882-accc-fabfb9faa78a@group-9628E8C39647:LeaderElection290] INFO  segmented.SegmentedRaftLogWorker (SegmentedRaftLogWorker.java:startLogSegment(380)) - 8aaa6fc6-f7fb-4882-accc-fabfb9faa78a@group-9628E8C39647-SegmentedRaftLogWorker: Starting segment from index:0
2019-09-25 05:50:51,077 [8aaa6fc6-f7fb-4882-accc-fabfb9faa78a@group-9628E8C39647:LeaderElection290] INFO  impl.RaftServerImpl (ServerState.java:setRaftConf(354)) - 8aaa6fc6-f7fb-4882-accc-fabfb9faa78a@group-9628E8C39647: set configuration 0: [8aaa6fc6-f7fb-4882-accc-fabfb9faa78a:192.168.30.10:36169], old=null at 0
2019-09-25 05:50:51,078 [91378772-90ea-4250-835f-6b2053232693@group-82254B342138:LeaderElection289] INFO  impl.RoleInfo (RoleInfo.java:updateAndGet(143)) - 91378772-90ea-4250-835f-6b2053232693: start LeaderState
2019-09-25 05:50:51,078 [91378772-90ea-4250-835f-6b2053232693@group-82254B342138:LeaderElection289] INFO  segmented.SegmentedRaftLogWorker (SegmentedRaftLogWorker.java:startLogSegment(380)) - 91378772-90ea-4250-835f-6b2053232693@group-82254B342138-SegmentedRaftLogWorker: Starting segment from index:0
2019-09-25 05:50:51,078 [91378772-90ea-4250-835f-6b2053232693@group-82254B342138:LeaderElection289] INFO  impl.RaftServerImpl (ServerState.java:setRaftConf(354)) - 91378772-90ea-4250-835f-6b2053232693@group-82254B342138: set configuration 0: [91378772-90ea-4250-835f-6b2053232693:192.168.30.10:42685], old=null at 0
2019-09-25 05:50:51,087 [91378772-90ea-4250-835f-6b2053232693@group-49B8CF3CA0B7:LeaderElection292] INFO  impl.LeaderElection (LeaderElection.java:askForVotes(182)) - 91378772-90ea-4250-835f-6b2053232693@group-49B8CF3CA0B7:LeaderElection292: begin an election at term 1 for -1: [91378772-90ea-4250-835f-6b2053232693:192.168.30.10:42685], old=null
2019-09-25 05:50:51,087 [8aaa6fc6-f7fb-4882-accc-fabfb9faa78a@group-C64B9CF95A05:LeaderElection291] INFO  impl.LeaderElection (LeaderElection.java:askForVotes(182)) - 8aaa6fc6-f7fb-4882-accc-fabfb9faa78a@group-C64B9CF95A05:LeaderElection291: begin an election at term 1 for -1: [8aaa6fc6-f7fb-4882-accc-fabfb9faa78a:192.168.30.10:36169], old=null
2019-09-25 05:50:51,087 [91378772-90ea-4250-835f-6b2053232693@group-85A820F1931C:LeaderElection293] INFO  impl.LeaderElection (LeaderElection.java:askForVotes(182)) - 91378772-90ea-4250-835f-6b2053232693@group-85A820F1931C:LeaderElection293: begin an election at term 1 for -1: [91378772-90ea-4250-835f-6b2053232693:192.168.30.10:42685], old=null
2019-09-25 05:50:51,087 [91378772-90ea-4250-835f-6b2053232693@group-85A820F1931C:LeaderElection293] INFO  impl.RoleInfo (RoleInfo.java:shutdownLeaderElection(134)) - 91378772-90ea-4250-835f-6b2053232693: shutdown LeaderElection
2019-09-25 05:50:51,087 [8aaa6fc6-f7fb-4882-accc-fabfb9faa78a@group-D60BCFE4D8FD:LeaderElection294] INFO  impl.LeaderElection (LeaderElection.java:askForVotes(182)) - 8aaa6fc6-f7fb-4882-accc-fabfb9faa78a@group-D60BCFE4D8FD:LeaderElection294: begin an election at term 1 for -1: [8aaa6fc6-f7fb-4882-accc-fabfb9faa78a:192.168.30.10:36169], old=null
2019-09-25 05:50:51,087 [91378772-90ea-4250-835f-6b2053232693@group-85A820F1931C:LeaderElection293] INFO  impl.RaftServerImpl (RaftServerImpl.java:setRole(174)) - 91378772-90ea-4250-835f-6b2053232693@group-85A820F1931C: changes role from CANDIDATE to LEADER at term 1 for changeToLeader
2019-09-25 05:50:51,087 [8aaa6fc6-f7fb-4882-accc-fabfb9faa78a@group-C64B9CF95A05:LeaderElection291] INFO  impl.RoleInfo (RoleInfo.java:shutdownLeaderElection(134)) - 8aaa6fc6-f7fb-4882-accc-fabfb9faa78a: shutdown LeaderElection
2019-09-25 05:50:51,087 [91378772-90ea-4250-835f-6b2053232693@group-49B8CF3CA0B7:LeaderElection292] INFO  impl.RoleInfo (RoleInfo.java:shutdownLeaderElection(134)) - 91378772-90ea-4250-835f-6b2053232693: shutdown LeaderElection
2019-09-25 05:50:51,087 [8aaa6fc6-f7fb-4882-accc-fabfb9faa78a@group-C64B9CF95A05:LeaderElection291] INFO  impl.RaftServerImpl (RaftServerImpl.java:setRole(174)) - 8aaa6fc6-f7fb-4882-accc-fabfb9faa78a@group-C64B9CF95A05: changes role from CANDIDATE to LEADER at term 1 for changeToLeader
2019-09-25 05:50:51,087 [91378772-90ea-4250-835f-6b2053232693@group-85A820F1931C:LeaderElection293] INFO  impl.RaftServerImpl (ServerState.java:setLeader(253)) - 91378772-90ea-4250-835f-6b2053232693@group-85A820F1931C: change Leader from null to 91378772-90ea-4250-835f-6b2053232693 at term 1 for becomeLeader, leader elected after 5080ms
2019-09-25 05:50:51,087 [8aaa6fc6-f7fb-4882-accc-fabfb9faa78a@group-D60BCFE4D8FD:LeaderElection294] INFO  impl.RoleInfo (RoleInfo.java:shutdownLeaderElection(134)) - 8aaa6fc6-f7fb-4882-accc-fabfb9faa78a: shutdown LeaderElection
2019-09-25 05:50:51,088 [91378772-90ea-4250-835f-6b2053232693@group-85A820F1931C:LeaderElection293] INFO  server.RaftServerConfigKeys (ConfUtils.java:logGet(43)) - raft.server.staging.catchup.gap = 1000 (default)
2019-09-25 05:50:51,087 [8aaa6fc6-f7fb-4882-accc-fabfb9faa78a@group-C64B9CF95A05:LeaderElection291] INFO  impl.RaftServerImpl (ServerState.java:setLeader(253)) - 8aaa6fc6-f7fb-4882-accc-fabfb9faa78a@group-C64B9CF95A05: change Leader from null to 8aaa6fc6-f7fb-4882-accc-fabfb9faa78a at term 1 for becomeLeader, leader elected after 5251ms
2019-09-25 05:50:51,087 [91378772-90ea-4250-835f-6b2053232693@group-49B8CF3CA0B7:LeaderElection292] INFO  impl.RaftServerImpl (RaftServerImpl.java:setRole(174)) - 91378772-90ea-4250-835f-6b2053232693@group-49B8CF3CA0B7: changes role from CANDIDATE to LEADER at term 1 for changeToLeader
2019-09-25 05:50:51,088 [8aaa6fc6-f7fb-4882-accc-fabfb9faa78a@group-C64B9CF95A05:LeaderElection291] INFO  server.RaftServerConfigKeys (ConfUtils.java:logGet(43)) - raft.server.staging.catchup.gap = 1000 (default)
2019-09-25 05:50:51,088 [91378772-90ea-4250-835f-6b2053232693@group-85A820F1931C:LeaderElection293] INFO  server.RaftServerConfigKeys (ConfUtils.java:logGet(43)) - raft.server.rpc.sleep.time = 25ms (default)
2019-09-25 05:50:51,088 [8aaa6fc6-f7fb-4882-accc-fabfb9faa78a@group-D60BCFE4D8FD:LeaderElection294] INFO  impl.RaftServerImpl (RaftServerImpl.java:setRole(174)) - 8aaa6fc6-f7fb-4882-accc-fabfb9faa78a@group-D60BCFE4D8FD: changes role from CANDIDATE to LEADER at term 1 for changeToLeader
2019-09-25 05:50:51,088 [91378772-90ea-4250-835f-6b2053232693@group-85A820F1931C:LeaderElection293] INFO  server.RaftServerConfigKeys (ConfUtils.java:logGet(43)) - raft.server.write.element-limit = 4096 (default)
2019-09-25 05:50:51,088 [8aaa6fc6-f7fb-4882-accc-fabfb9faa78a@group-C64B9CF95A05:LeaderElection291] INFO  server.RaftServerConfigKeys (ConfUtils.java:logGet(43)) - raft.server.rpc.sleep.time = 25ms (default)
2019-09-25 05:50:51,088 [91378772-90ea-4250-835f-6b2053232693@group-49B8CF3CA0B7:LeaderElection292] INFO  impl.RaftServerImpl (ServerState.java:setLeader(253)) - 91378772-90ea-4250-835f-6b2053232693@group-49B8CF3CA0B7: change Leader from null to 91378772-90ea-4250-835f-6b2053232693 at term 1 for becomeLeader, leader elected after 5136ms
2019-09-25 05:50:51,088 [8aaa6fc6-f7fb-4882-accc-fabfb9faa78a@group-C64B9CF95A05:LeaderElection291] INFO  server.RaftServerConfigKeys (ConfUtils.java:logGet(43)) - raft.server.write.element-limit = 4096 (default)
2019-09-25 05:50:51,088 [91378772-90ea-4250-835f-6b2053232693@group-85A820F1931C:LeaderElection293] INFO  server.RaftServerConfigKeys (ConfUtils.java:logGet(43)) - raft.server.watch.timeout = 10s (default)
2019-09-25 05:50:51,088 [8aaa6fc6-f7fb-4882-accc-fabfb9faa78a@group-D60BCFE4D8FD:LeaderElection294] INFO  impl.RaftServerImpl (ServerState.java:setLeader(253)) - 8aaa6fc6-f7fb-4882-accc-fabfb9faa78a@group-D60BCFE4D8FD: change Leader from null to 8aaa6fc6-f7fb-4882-accc-fabfb9faa78a at term 1 for becomeLeader, leader elected after 5194ms
2019-09-25 05:50:51,089 [91378772-90ea-4250-835f-6b2053232693@group-85A820F1931C:LeaderElection293] INFO  server.RaftServerConfigKeys (ConfUtils.java:logGet(43)) - raft.server.watch.timeout.denomination = 1s (default)
2019-09-25 05:50:51,089 [8aaa6fc6-f7fb-4882-accc-fabfb9faa78a@group-C64B9CF95A05:LeaderElection291] INFO  server.RaftServerConfigKeys (ConfUtils.java:logGet(43)) - raft.server.watch.timeout = 10s (default)
2019-09-25 05:50:51,088 [91378772-90ea-4250-835f-6b2053232693@group-49B8CF3CA0B7:LeaderElection292] INFO  server.RaftServerConfigKeys (ConfUtils.java:logGet(43)) - raft.server.staging.catchup.gap = 1000 (default)
2019-09-25 05:50:51,089 [8aaa6fc6-f7fb-4882-accc-fabfb9faa78a@group-C64B9CF95A05:LeaderElection291] INFO  server.RaftServerConfigKeys (ConfUtils.java:logGet(43)) - raft.server.watch.timeout.denomination = 1s (default)
2019-09-25 05:50:51,089 [91378772-90ea-4250-835f-6b2053232693@group-85A820F1931C:LeaderElection293] INFO  server.RaftServerConfigKeys (ConfUtils.java:logGet(43)) - raft.server.watch.element-limit = 65536 (default)
2019-09-25 05:50:51,089 [8aaa6fc6-f7fb-4882-accc-fabfb9faa78a@group-D60BCFE4D8FD:LeaderElection294] INFO  server.RaftServerConfigKeys (ConfUtils.java:logGet(43)) - raft.server.staging.catchup.gap = 1000 (default)
2019-09-25 05:50:51,089 [8aaa6fc6-f7fb-4882-accc-fabfb9faa78a@group-C64B9CF95A05:LeaderElection291] INFO  server.RaftServerConfigKeys (ConfUtils.java:logGet(43)) - raft.server.watch.element-limit = 65536 (default)
2019-09-25 05:50:51,089 [91378772-90ea-4250-835f-6b2053232693@group-49B8CF3CA0B7:LeaderElection292] INFO  server.RaftServerConfigKeys (ConfUtils.java:logGet(43)) - raft.server.rpc.sleep.time = 25ms (default)
2019-09-25 05:50:51,089 [8aaa6fc6-f7fb-4882-accc-fabfb9faa78a@group-D60BCFE4D8FD:LeaderElection294] INFO  server.RaftServerConfigKeys (ConfUtils.java:logGet(43)) - raft.server.rpc.sleep.time = 25ms (default)
2019-09-25 05:50:51,090 [91378772-90ea-4250-835f-6b2053232693@group-49B8CF3CA0B7:LeaderElection292] INFO  server.RaftServerConfigKeys (ConfUtils.java:logGet(43)) - raft.server.write.element-limit = 4096 (default)
2019-09-25 05:50:51,090 [91378772-90ea-4250-835f-6b2053232693@group-49B8CF3CA0B7:LeaderElection292] INFO  server.RaftServerConfigKeys (ConfUtils.java:logGet(43)) - raft.server.watch.timeout = 10s (default)
2019-09-25 05:50:51,090 [8aaa6fc6-f7fb-4882-accc-fabfb9faa78a@group-D60BCFE4D8FD:LeaderElection294] INFO  server.RaftServerConfigKeys (ConfUtils.java:logGet(43)) - raft.server.write.element-limit = 4096 (default)
2019-09-25 05:50:51,090 [91378772-90ea-4250-835f-6b2053232693@group-49B8CF3CA0B7:LeaderElection292] INFO  server.RaftServerConfigKeys (ConfUtils.java:logGet(43)) - raft.server.watch.timeout.denomination = 1s (default)
2019-09-25 05:50:51,090 [8aaa6fc6-f7fb-4882-accc-fabfb9faa78a@group-D60BCFE4D8FD:LeaderElection294] INFO  server.RaftServerConfigKeys (ConfUtils.java:logGet(43)) - raft.server.watch.timeout = 10s (default)
2019-09-25 05:50:51,090 [91378772-90ea-4250-835f-6b2053232693@group-49B8CF3CA0B7:LeaderElection292] INFO  server.RaftServerConfigKeys (ConfUtils.java:logGet(43)) - raft.server.watch.element-limit = 65536 (default)
2019-09-25 05:50:51,090 [8aaa6fc6-f7fb-4882-accc-fabfb9faa78a@group-D60BCFE4D8FD:LeaderElection294] INFO  server.RaftServerConfigKeys (ConfUtils.java:logGet(43)) - raft.server.watch.timeout.denomination = 1s (default)
2019-09-25 05:50:51,090 [8aaa6fc6-f7fb-4882-accc-fabfb9faa78a@group-D60BCFE4D8FD:LeaderElection294] INFO  server.RaftServerConfigKeys (ConfUtils.java:logGet(43)) - raft.server.watch.element-limit = 65536 (default)
2019-09-25 05:50:51,091 [91378772-90ea-4250-835f-6b2053232693@group-85A820F1931C:LeaderElection293] INFO  impl.RoleInfo (RoleInfo.java:updateAndGet(143)) - 91378772-90ea-4250-835f-6b2053232693: start LeaderState
2019-09-25 05:50:51,092 [91378772-90ea-4250-835f-6b2053232693@group-85A820F1931C:LeaderElection293] INFO  segmented.SegmentedRaftLogWorker (SegmentedRaftLogWorker.java:startLogSegment(380)) - 91378772-90ea-4250-835f-6b2053232693@group-85A820F1931C-SegmentedRaftLogWorker: Starting segment from index:0
2019-09-25 05:50:51,092 [91378772-90ea-4250-835f-6b2053232693@group-85A820F1931C:LeaderElection293] INFO  impl.RaftServerImpl (ServerState.java:setRaftConf(354)) - 91378772-90ea-4250-835f-6b2053232693@group-85A820F1931C: set configuration 0: [91378772-90ea-4250-835f-6b2053232693:192.168.30.10:42685], old=null at 0
2019-09-25 05:50:51,092 [8aaa6fc6-f7fb-4882-accc-fabfb9faa78a@group-C64B9CF95A05:LeaderElection291] INFO  impl.RoleInfo (RoleInfo.java:updateAndGet(143)) - 8aaa6fc6-f7fb-4882-accc-fabfb9faa78a: start LeaderState
2019-09-25 05:50:51,092 [8aaa6fc6-f7fb-4882-accc-fabfb9faa78a@group-C64B9CF95A05:LeaderElection291] INFO  segmented.SegmentedRaftLogWorker (SegmentedRaftLogWorker.java:startLogSegment(380)) - 8aaa6fc6-f7fb-4882-accc-fabfb9faa78a@group-C64B9CF95A05-SegmentedRaftLogWorker: Starting segment from index:0
2019-09-25 05:50:51,093 [8aaa6fc6-f7fb-4882-accc-fabfb9faa78a@group-C64B9CF95A05:LeaderElection291] INFO  impl.RaftServerImpl (ServerState.java:setRaftConf(354)) - 8aaa6fc6-f7fb-4882-accc-fabfb9faa78a@group-C64B9CF95A05: set configuration 0: [8aaa6fc6-f7fb-4882-accc-fabfb9faa78a:192.168.30.10:36169], old=null at 0
2019-09-25 05:50:51,093 [91378772-90ea-4250-835f-6b2053232693@group-49B8CF3CA0B7:LeaderElection292] INFO  impl.RoleInfo (RoleInfo.java:updateAndGet(143)) - 91378772-90ea-4250-835f-6b2053232693: start LeaderState
2019-09-25 05:50:51,093 [8aaa6fc6-f7fb-4882-accc-fabfb9faa78a@group-D60BCFE4D8FD:LeaderElection294] INFO  impl.RoleInfo (RoleInfo.java:updateAndGet(143)) - 8aaa6fc6-f7fb-4882-accc-fabfb9faa78a: start LeaderState
2019-09-25 05:50:51,093 [91378772-90ea-4250-835f-6b2053232693@group-49B8CF3CA0B7:LeaderElection292] INFO  segmented.SegmentedRaftLogWorker (SegmentedRaftLogWorker.java:startLogSegment(380)) - 91378772-90ea-4250-835f-6b2053232693@group-49B8CF3CA0B7-SegmentedRaftLogWorker: Starting segment from index:0
2019-09-25 05:50:51,093 [8aaa6fc6-f7fb-4882-accc-fabfb9faa78a@group-D60BCFE4D8FD:LeaderElection294] INFO  segmented.SegmentedRaftLogWorker (SegmentedRaftLogWorker.java:startLogSegment(380)) - 8aaa6fc6-f7fb-4882-accc-fabfb9faa78a@group-D60BCFE4D8FD-SegmentedRaftLogWorker: Starting segment from index:0
2019-09-25 05:50:51,093 [91378772-90ea-4250-835f-6b2053232693@group-49B8CF3CA0B7:LeaderElection292] INFO  impl.RaftServerImpl (ServerState.java:setRaftConf(354)) - 91378772-90ea-4250-835f-6b2053232693@group-49B8CF3CA0B7: set configuration 0: [91378772-90ea-4250-835f-6b2053232693:192.168.30.10:42685], old=null at 0
2019-09-25 05:50:51,093 [8aaa6fc6-f7fb-4882-accc-fabfb9faa78a@group-D60BCFE4D8FD:LeaderElection294] INFO  impl.RaftServerImpl (ServerState.java:setRaftConf(354)) - 8aaa6fc6-f7fb-4882-accc-fabfb9faa78a@group-D60BCFE4D8FD: set configuration 0: [8aaa6fc6-f7fb-4882-accc-fabfb9faa78a:192.168.30.10:36169], old=null at 0
2019-09-25 05:50:51,121 [91378772-90ea-4250-835f-6b2053232693@group-300FF847675C-SegmentedRaftLogWorker] INFO  segmented.SegmentedRaftLogWorker (SegmentedRaftLogWorker.java:execute(569)) - 91378772-90ea-4250-835f-6b2053232693@group-300FF847675C-SegmentedRaftLogWorker: created new log segment /workdir/hadoop-ozone/integration-test/target/test-dir/MiniOzoneClusterImpl-28dc08f8-08b8-4dfd-b771-8384b6a2d499/datanode-6/data/ratis/7235882f-132e-4c09-a0d9-300ff847675c/current/log_inprogress_0
2019-09-25 05:50:51,121 [91378772-90ea-4250-835f-6b2053232693@group-B9146DAC014A-SegmentedRaftLogWorker] INFO  segmented.SegmentedRaftLogWorker (SegmentedRaftLogWorker.java:execute(569)) - 91378772-90ea-4250-835f-6b2053232693@group-B9146DAC014A-SegmentedRaftLogWorker: created new log segment /workdir/hadoop-ozone/integration-test/target/test-dir/MiniOzoneClusterImpl-28dc08f8-08b8-4dfd-b771-8384b6a2d499/datanode-6/data/ratis/1b9a4d9a-dd28-4f69-9565-b9146dac014a/current/log_inprogress_0
2019-09-25 05:50:51,121 [8aaa6fc6-f7fb-4882-accc-fabfb9faa78a@group-9628E8C39647-SegmentedRaftLogWorker] INFO  segmented.SegmentedRaftLogWorker (SegmentedRaftLogWorker.java:execute(569)) - 8aaa6fc6-f7fb-4882-accc-fabfb9faa78a@group-9628E8C39647-SegmentedRaftLogWorker: created new log segment /workdir/hadoop-ozone/integration-test/target/test-dir/MiniOzoneClusterImpl-28dc08f8-08b8-4dfd-b771-8384b6a2d499/datanode-5/data/ratis/203dc8bb-49bc-4dc3-960b-9628e8c39647/current/log_inprogress_0
2019-09-25 05:50:51,123 [91378772-90ea-4250-835f-6b2053232693@group-82254B342138-SegmentedRaftLogWorker] INFO  segmented.SegmentedRaftLogWorker (SegmentedRaftLogWorker.java:execute(569)) - 91378772-90ea-4250-835f-6b2053232693@group-82254B342138-SegmentedRaftLogWorker: created new log segment /workdir/hadoop-ozone/integration-test/target/test-dir/MiniOzoneClusterImpl-28dc08f8-08b8-4dfd-b771-8384b6a2d499/datanode-6/data/ratis/797e09e0-0cc2-4b67-aa91-82254b342138/current/log_inprogress_0
2019-09-25 05:50:51,125 [91378772-90ea-4250-835f-6b2053232693@group-85A820F1931C-SegmentedRaftLogWorker] INFO  segmented.SegmentedRaftLogWorker (SegmentedRaftLogWorker.java:execute(569)) - 91378772-90ea-4250-835f-6b2053232693@group-85A820F1931C-SegmentedRaftLogWorker: created new log segment /workdir/hadoop-ozone/integration-test/target/test-dir/MiniOzoneClusterImpl-28dc08f8-08b8-4dfd-b771-8384b6a2d499/datanode-6/data/ratis/38b74a07-735e-4bea-b28a-85a820f1931c/current/log_inprogress_0
2019-09-25 05:50:51,125 [8aaa6fc6-f7fb-4882-accc-fabfb9faa78a@group-C64B9CF95A05-SegmentedRaftLogWorker] INFO  segmented.SegmentedRaftLogWorker (SegmentedRaftLogWorker.java:execute(569)) - 8aaa6fc6-f7fb-4882-accc-fabfb9faa78a@group-C64B9CF95A05-SegmentedRaftLogWorker: created new log segment /workdir/hadoop-ozone/integration-test/target/test-dir/MiniOzoneClusterImpl-28dc08f8-08b8-4dfd-b771-8384b6a2d499/datanode-5/data/ratis/d968ea7a-fd1e-4fe5-942f-c64b9cf95a05/current/log_inprogress_0
2019-09-25 05:50:51,127 [main] INFO  ozoneimpl.OzoneContainer (OzoneContainer.java:stop(231)) - Attempting to stop container services.
2019-09-25 05:50:51,127 [main] INFO  impl.RaftServerProxy (RaftServerProxy.java:lambda$close$4(314)) - 048cd757-ac0b-449d-96b7-2f2a98d02798: close
2019-09-25 05:50:51,127 [ForkJoinPool.commonPool-worker-1] INFO  ozoneimpl.OzoneContainer (OzoneContainer.java:stop(231)) - Attempting to stop container services.
2019-09-25 05:50:51,127 [main] INFO  impl.RaftServerImpl (RaftServerImpl.java:lambda$shutdown$3(251)) - 048cd757-ac0b-449d-96b7-2f2a98d02798@group-553EB506E1C2: shutdown
2019-09-25 05:50:51,127 [ForkJoinPool.commonPool-worker-1] INFO  impl.RaftServerProxy (RaftServerProxy.java:lambda$close$4(314)) - 60b026ab-fadd-426f-9b92-f2e4bcc7c7ff: close
2019-09-25 05:50:51,128 [main] INFO  util.JmxRegister (JmxRegister.java:unregister(73)) - Successfully un-registered JMX Bean with object name Ratis:service=RaftServer,group=group-553EB506E1C2,id=048cd757-ac0b-449d-96b7-2f2a98d02798
2019-09-25 05:50:51,128 [ForkJoinPool.commonPool-worker-1] INFO  impl.RaftServerImpl (RaftServerImpl.java:lambda$shutdown$3(251)) - 60b026ab-fadd-426f-9b92-f2e4bcc7c7ff@group-70878F7EE4D7: shutdown
2019-09-25 05:50:51,128 [main] INFO  impl.RoleInfo (RoleInfo.java:shutdownLeaderState(104)) - 048cd757-ac0b-449d-96b7-2f2a98d02798: shutdown LeaderState
2019-09-25 05:50:51,128 [ForkJoinPool.commonPool-worker-1] INFO  util.JmxRegister (JmxRegister.java:unregister(73)) - Successfully un-registered JMX Bean with object name Ratis:service=RaftServer,group=group-70878F7EE4D7,id=60b026ab-fadd-426f-9b92-f2e4bcc7c7ff
2019-09-25 05:50:51,129 [main] INFO  impl.PendingRequests (PendingRequests.java:sendNotLeaderResponses(202)) - 048cd757-ac0b-449d-96b7-2f2a98d02798-PendingRequests: sendNotLeaderResponses
2019-09-25 05:50:51,129 [ForkJoinPool.commonPool-worker-1] INFO  impl.RoleInfo (RoleInfo.java:shutdownLeaderState(104)) - 60b026ab-fadd-426f-9b92-f2e4bcc7c7ff: shutdown LeaderState
2019-09-25 05:50:51,129 [main] INFO  impl.StateMachineUpdater (StateMachineUpdater.java:stopAndJoin(125)) - 048cd757-ac0b-449d-96b7-2f2a98d02798@group-553EB506E1C2-StateMachineUpdater: set stopIndex = 0
2019-09-25 05:50:51,129 [ForkJoinPool.commonPool-worker-1] INFO  impl.PendingRequests (PendingRequests.java:sendNotLeaderResponses(202)) - 60b026ab-fadd-426f-9b92-f2e4bcc7c7ff-PendingRequests: sendNotLeaderResponses
2019-09-25 05:50:51,130 [main] INFO  impl.RaftServerImpl (ServerState.java:close(385)) - 048cd757-ac0b-449d-96b7-2f2a98d02798@group-553EB506E1C2: closes. applyIndex: 0
2019-09-25 05:50:51,130 [ForkJoinPool.commonPool-worker-1] INFO  impl.StateMachineUpdater (StateMachineUpdater.java:stopAndJoin(125)) - 60b026ab-fadd-426f-9b92-f2e4bcc7c7ff@group-70878F7EE4D7-StateMachineUpdater: set stopIndex = 0
2019-09-25 05:50:51,130 [048cd757-ac0b-449d-96b7-2f2a98d02798@group-553EB506E1C2-SegmentedRaftLogWorker] INFO  segmented.SegmentedRaftLogWorker (SegmentedRaftLogWorker.java:run(313)) - 048cd757-ac0b-449d-96b7-2f2a98d02798@group-553EB506E1C2-SegmentedRaftLogWorker was interrupted, exiting. There are 0 tasks remaining in the queue.
2019-09-25 05:50:51,130 [ForkJoinPool.commonPool-worker-1] INFO  impl.RaftServerImpl (ServerState.java:close(385)) - 60b026ab-fadd-426f-9b92-f2e4bcc7c7ff@group-70878F7EE4D7: closes. applyIndex: 0
2019-09-25 05:50:51,140 [main] INFO  segmented.SegmentedRaftLogWorker (SegmentedRaftLogWorker.java:close(228)) - 048cd757-ac0b-449d-96b7-2f2a98d02798@group-553EB506E1C2-SegmentedRaftLogWorker close()
2019-09-25 05:50:51,140 [8aaa6fc6-f7fb-4882-accc-fabfb9faa78a@group-C2148799C3BD-SegmentedRaftLogWorker] INFO  segmented.SegmentedRaftLogWorker (SegmentedRaftLogWorker.java:execute(569)) - 8aaa6fc6-f7fb-4882-accc-fabfb9faa78a@group-C2148799C3BD-SegmentedRaftLogWorker: created new log segment /workdir/hadoop-ozone/integration-test/target/test-dir/MiniOzoneClusterImpl-28dc08f8-08b8-4dfd-b771-8384b6a2d499/datanode-5/data/ratis/051efcef-1bb0-4e46-9434-c2148799c3bd/current/log_inprogress_0
2019-09-25 05:50:51,143 [main] INFO  impl.RaftServerImpl (RaftServerImpl.java:lambda$shutdown$3(251)) - 048cd757-ac0b-449d-96b7-2f2a98d02798@group-AA7868D57751: shutdown
2019-09-25 05:50:51,140 [60b026ab-fadd-426f-9b92-f2e4bcc7c7ff@group-70878F7EE4D7-SegmentedRaftLogWorker] INFO  segmented.SegmentedRaftLogWorker (SegmentedRaftLogWorker.java:run(313)) - 60b026ab-fadd-426f-9b92-f2e4bcc7c7ff@group-70878F7EE4D7-SegmentedRaftLogWorker was interrupted, exiting. There are 0 tasks remaining in the queue.
2019-09-25 05:50:51,144 [main] INFO  util.JmxRegister (JmxRegister.java:unregister(73)) - Successfully un-registered JMX Bean with object name Ratis:service=RaftServer,group=group-AA7868D57751,id=048cd757-ac0b-449d-96b7-2f2a98d02798
2019-09-25 05:50:51,146 [main] INFO  impl.RoleInfo (RoleInfo.java:shutdownFollowerState(121)) - 048cd757-ac0b-449d-96b7-2f2a98d02798: shutdown FollowerState
2019-09-25 05:50:51,146 [ForkJoinPool.commonPool-worker-1] INFO  segmented.SegmentedRaftLogWorker (SegmentedRaftLogWorker.java:close(228)) - 60b026ab-fadd-426f-9b92-f2e4bcc7c7ff@group-70878F7EE4D7-SegmentedRaftLogWorker close()
2019-09-25 05:50:51,147 [Thread-3613] INFO  impl.FollowerState (FollowerState.java:run(115)) - 048cd757-ac0b-449d-96b7-2f2a98d02798: FollowerState was interrupted: java.lang.InterruptedException: sleep interrupted
2019-09-25 05:50:51,146 [main] INFO  impl.StateMachineUpdater (StateMachineUpdater.java:stopAndJoin(125)) - 048cd757-ac0b-449d-96b7-2f2a98d02798@group-AA7868D57751-StateMachineUpdater: set stopIndex = -1
2019-09-25 05:50:51,150 [ForkJoinPool.commonPool-worker-1] INFO  impl.RaftServerImpl (RaftServerImpl.java:lambda$shutdown$3(251)) - 60b026ab-fadd-426f-9b92-f2e4bcc7c7ff@group-C155A47F2BC2: shutdown
2019-09-25 05:50:51,151 [main] INFO  impl.RaftServerImpl (ServerState.java:close(385)) - 048cd757-ac0b-449d-96b7-2f2a98d02798@group-AA7868D57751: closes. applyIndex: -1
2019-09-25 05:50:51,151 [ForkJoinPool.commonPool-worker-1] INFO  util.JmxRegister (JmxRegister.java:unregister(73)) - Successfully un-registered JMX Bean with object name Ratis:service=RaftServer,group=group-C155A47F2BC2,id=60b026ab-fadd-426f-9b92-f2e4bcc7c7ff
2019-09-25 05:50:51,151 [048cd757-ac0b-449d-96b7-2f2a98d02798@group-AA7868D57751-SegmentedRaftLogWorker] INFO  segmented.SegmentedRaftLogWorker (SegmentedRaftLogWorker.java:run(313)) - 048cd757-ac0b-449d-96b7-2f2a98d02798@group-AA7868D57751-SegmentedRaftLogWorker was interrupted, exiting. There are 0 tasks remaining in the queue.
2019-09-25 05:50:51,151 [ForkJoinPool.commonPool-worker-1] INFO  impl.RoleInfo (RoleInfo.java:shutdownLeaderState(104)) - 60b026ab-fadd-426f-9b92-f2e4bcc7c7ff: shutdown LeaderState
2019-09-25 05:50:51,151 [main] INFO  segmented.SegmentedRaftLogWorker (SegmentedRaftLogWorker.java:close(228)) - 048cd757-ac0b-449d-96b7-2f2a98d02798@group-AA7868D57751-SegmentedRaftLogWorker close()
2019-09-25 05:50:51,152 [ForkJoinPool.commonPool-worker-1] INFO  impl.PendingRequests (PendingRequests.java:sendNotLeaderResponses(202)) - 60b026ab-fadd-426f-9b92-f2e4bcc7c7ff-PendingRequests: sendNotLeaderResponses
2019-09-25 05:50:51,155 [8aaa6fc6-f7fb-4882-accc-fabfb9faa78a@group-D60BCFE4D8FD-SegmentedRaftLogWorker] INFO  segmented.SegmentedRaftLogWorker (SegmentedRaftLogWorker.java:execute(569)) - 8aaa6fc6-f7fb-4882-accc-fabfb9faa78a@group-D60BCFE4D8FD-SegmentedRaftLogWorker: created new log segment /workdir/hadoop-ozone/integration-test/target/test-dir/MiniOzoneClusterImpl-28dc08f8-08b8-4dfd-b771-8384b6a2d499/datanode-5/data/ratis/78b3c483-fd45-46b7-b11e-d60bcfe4d8fd/current/log_inprogress_0
2019-09-25 05:50:51,155 [91378772-90ea-4250-835f-6b2053232693@group-49B8CF3CA0B7-SegmentedRaftLogWorker] INFO  segmented.SegmentedRaftLogWorker (SegmentedRaftLogWorker.java:execute(569)) - 91378772-90ea-4250-835f-6b2053232693@group-49B8CF3CA0B7-SegmentedRaftLogWorker: created new log segment /workdir/hadoop-ozone/integration-test/target/test-dir/MiniOzoneClusterImpl-28dc08f8-08b8-4dfd-b771-8384b6a2d499/datanode-6/data/ratis/41a105a5-f370-44f7-acf7-49b8cf3ca0b7/current/log_inprogress_0
2019-09-25 05:50:51,155 [main] INFO  impl.RaftServerImpl (RaftServerImpl.java:lambda$shutdown$3(251)) - 048cd757-ac0b-449d-96b7-2f2a98d02798@group-1F39003FF79B: shutdown
2019-09-25 05:50:51,155 [ForkJoinPool.commonPool-worker-1] INFO  impl.StateMachineUpdater (StateMachineUpdater.java:stopAndJoin(125)) - 60b026ab-fadd-426f-9b92-f2e4bcc7c7ff@group-C155A47F2BC2-StateMachineUpdater: set stopIndex = 0
2019-09-25 05:50:51,156 [main] INFO  util.JmxRegister (JmxRegister.java:unregister(73)) - Successfully un-registered JMX Bean with object name Ratis:service=RaftServer,group=group-1F39003FF79B,id=048cd757-ac0b-449d-96b7-2f2a98d02798
2019-09-25 05:50:51,156 [ForkJoinPool.commonPool-worker-1] INFO  impl.RaftServerImpl (ServerState.java:close(385)) - 60b026ab-fadd-426f-9b92-f2e4bcc7c7ff@group-C155A47F2BC2: closes. applyIndex: 0
2019-09-25 05:50:51,156 [main] INFO  impl.RoleInfo (RoleInfo.java:shutdownLeaderState(104)) - 048cd757-ac0b-449d-96b7-2f2a98d02798: shutdown LeaderState
2019-09-25 05:50:51,156 [60b026ab-fadd-426f-9b92-f2e4bcc7c7ff@group-C155A47F2BC2-SegmentedRaftLogWorker] INFO  segmented.SegmentedRaftLogWorker (SegmentedRaftLogWorker.java:run(313)) - 60b026ab-fadd-426f-9b92-f2e4bcc7c7ff@group-C155A47F2BC2-SegmentedRaftLogWorker was interrupted, exiting. There are 0 tasks remaining in the queue.
2019-09-25 05:50:51,156 [main] INFO  impl.PendingRequests (PendingRequests.java:sendNotLeaderResponses(202)) - 048cd757-ac0b-449d-96b7-2f2a98d02798-PendingRequests: sendNotLeaderResponses
2019-09-25 05:50:51,160 [ForkJoinPool.commonPool-worker-1] INFO  segmented.SegmentedRaftLogWorker (SegmentedRaftLogWorker.java:close(228)) - 60b026ab-fadd-426f-9b92-f2e4bcc7c7ff@group-C155A47F2BC2-SegmentedRaftLogWorker close()
2019-09-25 05:50:51,160 [main] INFO  impl.StateMachineUpdater (StateMachineUpdater.java:stopAndJoin(125)) - 048cd757-ac0b-449d-96b7-2f2a98d02798@group-1F39003FF79B-StateMachineUpdater: set stopIndex = 0
2019-09-25 05:50:51,163 [ForkJoinPool.commonPool-worker-1] INFO  impl.RaftServerImpl (RaftServerImpl.java:lambda$shutdown$3(251)) - 60b026ab-fadd-426f-9b92-f2e4bcc7c7ff@group-612AAEF22497: shutdown
2019-09-25 05:50:51,164 [main] INFO  impl.RaftServerImpl (ServerState.java:close(385)) - 048cd757-ac0b-449d-96b7-2f2a98d02798@group-1F39003FF79B: closes. applyIndex: 0
2019-09-25 05:50:51,164 [ForkJoinPool.commonPool-worker-1] INFO  util.JmxRegister (JmxRegister.java:unregister(73)) - Successfully un-registered JMX Bean with object name Ratis:service=RaftServer,group=group-612AAEF22497,id=60b026ab-fadd-426f-9b92-f2e4bcc7c7ff
2019-09-25 05:50:51,164 [048cd757-ac0b-449d-96b7-2f2a98d02798@group-1F39003FF79B-SegmentedRaftLogWorker] INFO  segmented.SegmentedRaftLogWorker (SegmentedRaftLogWorker.java:run(313)) - 048cd757-ac0b-449d-96b7-2f2a98d02798@group-1F39003FF79B-SegmentedRaftLogWorker was interrupted, exiting. There are 0 tasks remaining in the queue.
2019-09-25 05:50:51,164 [ForkJoinPool.commonPool-worker-1] INFO  impl.RoleInfo (RoleInfo.java:shutdownLeaderState(104)) - 60b026ab-fadd-426f-9b92-f2e4bcc7c7ff: shutdown LeaderState
2019-09-25 05:50:51,167 [main] INFO  segmented.SegmentedRaftLogWorker (SegmentedRaftLogWorker.java:close(228)) - 048cd757-ac0b-449d-96b7-2f2a98d02798@group-1F39003FF79B-SegmentedRaftLogWorker close()
2019-09-25 05:50:51,167 [ForkJoinPool.commonPool-worker-1] INFO  impl.PendingRequests (PendingRequests.java:sendNotLeaderResponses(202)) - 60b026ab-fadd-426f-9b92-f2e4bcc7c7ff-PendingRequests: sendNotLeaderResponses
2019-09-25 05:50:51,171 [main] INFO  impl.RaftServerImpl (RaftServerImpl.java:lambda$shutdown$3(251)) - 048cd757-ac0b-449d-96b7-2f2a98d02798@group-4927BAA1705F: shutdown
2019-09-25 05:50:51,171 [main] INFO  util.JmxRegister (JmxRegister.java:unregister(73)) - Successfully un-registered JMX Bean with object name Ratis:service=RaftServer,group=group-4927BAA1705F,id=048cd757-ac0b-449d-96b7-2f2a98d02798
2019-09-25 05:50:51,171 [ForkJoinPool.commonPool-worker-1] INFO  impl.StateMachineUpdater (StateMachineUpdater.java:stopAndJoin(125)) - 60b026ab-fadd-426f-9b92-f2e4bcc7c7ff@group-612AAEF22497-StateMachineUpdater: set stopIndex = 0
2019-09-25 05:50:51,172 [EventQueue-StaleNodeForStaleNodeHandler] INFO  node.StaleNodeHandler (StaleNodeHandler.java:onMessage(58)) - Datanode 60b026ab-fadd-426f-9b92-f2e4bcc7c7ff{ip: 192.168.30.10, host: pr-hdds-1569-s62bp-3040748787, networkLocation: /default-rack, certSerialId: null} moved to stale state. Finalizing its pipelines [PipelineID=7d81a92d-0e47-47dd-80bf-c155a47f2bc2, PipelineID=cb9bfc39-ac57-4cef-9e43-70878f7ee4d7, PipelineID=c42bd5f5-a393-4af2-a0a8-612aaef22497, PipelineID=f66a0408-900d-4670-bba7-b51ffe235bed, PipelineID=4c9e02ab-d576-46d0-9667-7db0868986c1, PipelineID=cc98cd80-5a7e-4326-9a14-5246a83d7ea3]
2019-09-25 05:50:51,172 [main] INFO  impl.RoleInfo (RoleInfo.java:shutdownLeaderState(104)) - 048cd757-ac0b-449d-96b7-2f2a98d02798: shutdown LeaderState
2019-09-25 05:50:51,172 [EventQueue-StaleNodeForStaleNodeHandler] INFO  pipeline.SCMPipelineManager (SCMPipelineManager.java:finalizeAndDestroyPipeline(317)) - destroying pipeline:Pipeline[ Id: 7d81a92d-0e47-47dd-80bf-c155a47f2bc2, Nodes: 60b026ab-fadd-426f-9b92-f2e4bcc7c7ff{ip: 192.168.30.10, host: pr-hdds-1569-s62bp-3040748787, networkLocation: /default-rack, certSerialId: null}, Type:RATIS, Factor:ONE, State:OPEN]
2019-09-25 05:50:51,172 [ForkJoinPool.commonPool-worker-1] INFO  impl.RaftServerImpl (ServerState.java:close(385)) - 60b026ab-fadd-426f-9b92-f2e4bcc7c7ff@group-612AAEF22497: closes. applyIndex: 0
2019-09-25 05:50:51,175 [EventQueue-StaleNodeForStaleNodeHandler] INFO  pipeline.PipelineStateManager (PipelineStateManager.java:finalizePipeline(123)) - Pipeline Pipeline[ Id: 7d81a92d-0e47-47dd-80bf-c155a47f2bc2, Nodes: 60b026ab-fadd-426f-9b92-f2e4bcc7c7ff{ip: 192.168.30.10, host: pr-hdds-1569-s62bp-3040748787, networkLocation: /default-rack, certSerialId: null}, Type:RATIS, Factor:ONE, State:CLOSED] moved to CLOSED state
2019-09-25 05:50:51,172 [main] INFO  impl.PendingRequests (PendingRequests.java:sendNotLeaderResponses(202)) - 048cd757-ac0b-449d-96b7-2f2a98d02798-PendingRequests: sendNotLeaderResponses
2019-09-25 05:50:51,176 [EventQueue-StaleNodeForStaleNodeHandler] INFO  pipeline.SCMPipelineManager (SCMPipelineManager.java:finalizeAndDestroyPipeline(317)) - destroying pipeline:Pipeline[ Id: cb9bfc39-ac57-4cef-9e43-70878f7ee4d7, Nodes: 60b026ab-fadd-426f-9b92-f2e4bcc7c7ff{ip: 192.168.30.10, host: pr-hdds-1569-s62bp-3040748787, networkLocation: /default-rack, certSerialId: null}, Type:RATIS, Factor:ONE, State:OPEN]
2019-09-25 05:50:51,175 [60b026ab-fadd-426f-9b92-f2e4bcc7c7ff@group-612AAEF22497-SegmentedRaftLogWorker] INFO  segmented.SegmentedRaftLogWorker (SegmentedRaftLogWorker.java:run(313)) - 60b026ab-fadd-426f-9b92-f2e4bcc7c7ff@group-612AAEF22497-SegmentedRaftLogWorker was interrupted, exiting. There are 0 tasks remaining in the queue.
2019-09-25 05:50:51,176 [EventQueue-StaleNodeForStaleNodeHandler] INFO  pipeline.PipelineStateManager (PipelineStateManager.java:finalizePipeline(123)) - Pipeline Pipeline[ Id: cb9bfc39-ac57-4cef-9e43-70878f7ee4d7, Nodes: 60b026ab-fadd-426f-9b92-f2e4bcc7c7ff{ip: 192.168.30.10, host: pr-hdds-1569-s62bp-3040748787, networkLocation: /default-rack, certSerialId: null}, Type:RATIS, Factor:ONE, State:CLOSED] moved to CLOSED state
2019-09-25 05:50:51,176 [main] INFO  impl.StateMachineUpdater (StateMachineUpdater.java:stopAndJoin(125)) - 048cd757-ac0b-449d-96b7-2f2a98d02798@group-4927BAA1705F-StateMachineUpdater: set stopIndex = 0
2019-09-25 05:50:51,179 [EventQueue-StaleNodeForStaleNodeHandler] INFO  pipeline.SCMPipelineManager (SCMPipelineManager.java:finalizeAndDestroyPipeline(317)) - destroying pipeline:Pipeline[ Id: c42bd5f5-a393-4af2-a0a8-612aaef22497, Nodes: 60b026ab-fadd-426f-9b92-f2e4bcc7c7ff{ip: 192.168.30.10, host: pr-hdds-1569-s62bp-3040748787, networkLocation: /default-rack, certSerialId: null}, Type:RATIS, Factor:ONE, State:OPEN]
2019-09-25 05:50:51,179 [ForkJoinPool.commonPool-worker-1] INFO  segmented.SegmentedRaftLogWorker (SegmentedRaftLogWorker.java:close(228)) - 60b026ab-fadd-426f-9b92-f2e4bcc7c7ff@group-612AAEF22497-SegmentedRaftLogWorker close()
2019-09-25 05:50:51,179 [EventQueue-StaleNodeForStaleNodeHandler] INFO  pipeline.PipelineStateManager (PipelineStateManager.java:finalizePipeline(123)) - Pipeline Pipeline[ Id: c42bd5f5-a393-4af2-a0a8-612aaef22497, Nodes: 60b026ab-fadd-426f-9b92-f2e4bcc7c7ff{ip: 192.168.30.10, host: pr-hdds-1569-s62bp-3040748787, networkLocation: /default-rack, certSerialId: null}, Type:RATIS, Factor:ONE, State:CLOSED] moved to CLOSED state
2019-09-25 05:50:51,179 [main] INFO  impl.RaftServerImpl (ServerState.java:close(385)) - 048cd757-ac0b-449d-96b7-2f2a98d02798@group-4927BAA1705F: closes. applyIndex: 0
2019-09-25 05:50:51,181 [EventQueue-StaleNodeForStaleNodeHandler] INFO  pipeline.SCMPipelineManager (SCMPipelineManager.java:finalizeAndDestroyPipeline(317)) - destroying pipeline:Pipeline[ Id: f66a0408-900d-4670-bba7-b51ffe235bed, Nodes: 60b026ab-fadd-426f-9b92-f2e4bcc7c7ff{ip: 192.168.30.10, host: pr-hdds-1569-s62bp-3040748787, networkLocation: /default-rack, certSerialId: null}, Type:RATIS, Factor:ONE, State:OPEN]
2019-09-25 05:50:51,181 [ForkJoinPool.commonPool-worker-1] INFO  impl.RaftServerImpl (RaftServerImpl.java:lambda$shutdown$3(251)) - 60b026ab-fadd-426f-9b92-f2e4bcc7c7ff@group-B51FFE235BED: shutdown
2019-09-25 05:50:51,182 [EventQueue-StaleNodeForStaleNodeHandler] INFO  pipeline.PipelineStateManager (PipelineStateManager.java:finalizePipeline(123)) - Pipeline Pipeline[ Id: f66a0408-900d-4670-bba7-b51ffe235bed, Nodes: 60b026ab-fadd-426f-9b92-f2e4bcc7c7ff{ip: 192.168.30.10, host: pr-hdds-1569-s62bp-3040748787, networkLocation: /default-rack, certSerialId: null}, Type:RATIS, Factor:ONE, State:CLOSED] moved to CLOSED state
2019-09-25 05:50:51,182 [048cd757-ac0b-449d-96b7-2f2a98d02798@group-4927BAA1705F-SegmentedRaftLogWorker] INFO  segmented.SegmentedRaftLogWorker (SegmentedRaftLogWorker.java:run(313)) - 048cd757-ac0b-449d-96b7-2f2a98d02798@group-4927BAA1705F-SegmentedRaftLogWorker was interrupted, exiting. There are 0 tasks remaining in the queue.
2019-09-25 05:50:51,182 [EventQueue-StaleNodeForStaleNodeHandler] INFO  pipeline.SCMPipelineManager (SCMPipelineManager.java:finalizeAndDestroyPipeline(317)) - destroying pipeline:Pipeline[ Id: 4c9e02ab-d576-46d0-9667-7db0868986c1, Nodes: 60b026ab-fadd-426f-9b92-f2e4bcc7c7ff{ip: 192.168.30.10, host: pr-hdds-1569-s62bp-3040748787, networkLocation: /default-rack, certSerialId: null}, Type:RATIS, Factor:ONE, State:OPEN]
2019-09-25 05:50:51,182 [ForkJoinPool.commonPool-worker-1] INFO  util.JmxRegister (JmxRegister.java:unregister(73)) - Successfully un-registered JMX Bean with object name Ratis:service=RaftServer,group=group-B51FFE235BED,id=60b026ab-fadd-426f-9b92-f2e4bcc7c7ff
2019-09-25 05:50:51,185 [EventQueue-StaleNodeForStaleNodeHandler] INFO  pipeline.PipelineStateManager (PipelineStateManager.java:finalizePipeline(123)) - Pipeline Pipeline[ Id: 4c9e02ab-d576-46d0-9667-7db0868986c1, Nodes: 60b026ab-fadd-426f-9b92-f2e4bcc7c7ff{ip: 192.168.30.10, host: pr-hdds-1569-s62bp-3040748787, networkLocation: /default-rack, certSerialId: null}, Type:RATIS, Factor:ONE, State:CLOSED] moved to CLOSED state
2019-09-25 05:50:51,185 [main] INFO  segmented.SegmentedRaftLogWorker (SegmentedRaftLogWorker.java:close(228)) - 048cd757-ac0b-449d-96b7-2f2a98d02798@group-4927BAA1705F-SegmentedRaftLogWorker close()
2019-09-25 05:50:51,185 [EventQueue-StaleNodeForStaleNodeHandler] INFO  pipeline.SCMPipelineManager (SCMPipelineManager.java:finalizeAndDestroyPipeline(317)) - destroying pipeline:Pipeline[ Id: cc98cd80-5a7e-4326-9a14-5246a83d7ea3, Nodes: 60b026ab-fadd-426f-9b92-f2e4bcc7c7ff{ip: 192.168.30.10, host: pr-hdds-1569-s62bp-3040748787, networkLocation: /default-rack, certSerialId: null}, Type:RATIS, Factor:ONE, State:OPEN]
2019-09-25 05:50:51,185 [ForkJoinPool.commonPool-worker-1] INFO  impl.RoleInfo (RoleInfo.java:shutdownLeaderState(104)) - 60b026ab-fadd-426f-9b92-f2e4bcc7c7ff: shutdown LeaderState
2019-09-25 05:50:51,188 [EventQueue-StaleNodeForStaleNodeHandler] INFO  pipeline.PipelineStateManager (PipelineStateManager.java:finalizePipeline(123)) - Pipeline Pipeline[ Id: cc98cd80-5a7e-4326-9a14-5246a83d7ea3, Nodes: 60b026ab-fadd-426f-9b92-f2e4bcc7c7ff{ip: 192.168.30.10, host: pr-hdds-1569-s62bp-3040748787, networkLocation: /default-rack, certSerialId: null}, Type:RATIS, Factor:ONE, State:CLOSED] moved to CLOSED state
2019-09-25 05:50:51,187 [main] INFO  impl.RaftServerImpl (RaftServerImpl.java:lambda$shutdown$3(251)) - 048cd757-ac0b-449d-96b7-2f2a98d02798@group-ECB7489E8BE9: shutdown
2019-09-25 05:50:51,188 [ForkJoinPool.commonPool-worker-1] INFO  impl.PendingRequests (PendingRequests.java:sendNotLeaderResponses(202)) - 60b026ab-fadd-426f-9b92-f2e4bcc7c7ff-PendingRequests: sendNotLeaderResponses
2019-09-25 05:50:51,188 [main] INFO  util.JmxRegister (JmxRegister.java:unregister(73)) - Successfully un-registered JMX Bean with object name Ratis:service=RaftServer,group=group-ECB7489E8BE9,id=048cd757-ac0b-449d-96b7-2f2a98d02798
2019-09-25 05:50:51,188 [ForkJoinPool.commonPool-worker-1] INFO  impl.StateMachineUpdater (StateMachineUpdater.java:stopAndJoin(125)) - 60b026ab-fadd-426f-9b92-f2e4bcc7c7ff@group-B51FFE235BED-StateMachineUpdater: set stopIndex = 0
2019-09-25 05:50:51,188 [main] INFO  impl.RoleInfo (RoleInfo.java:shutdownLeaderState(104)) - 048cd757-ac0b-449d-96b7-2f2a98d02798: shutdown LeaderState
2019-09-25 05:50:51,189 [ForkJoinPool.commonPool-worker-1] INFO  impl.RaftServerImpl (ServerState.java:close(385)) - 60b026ab-fadd-426f-9b92-f2e4bcc7c7ff@group-B51FFE235BED: closes. applyIndex: 0
2019-09-25 05:50:51,189 [main] INFO  impl.PendingRequests (PendingRequests.java:sendNotLeaderResponses(202)) - 048cd757-ac0b-449d-96b7-2f2a98d02798-PendingRequests: sendNotLeaderResponses
2019-09-25 05:50:51,189 [60b026ab-fadd-426f-9b92-f2e4bcc7c7ff@group-B51FFE235BED-SegmentedRaftLogWorker] INFO  segmented.SegmentedRaftLogWorker (SegmentedRaftLogWorker.java:run(313)) - 60b026ab-fadd-426f-9b92-f2e4bcc7c7ff@group-B51FFE235BED-SegmentedRaftLogWorker was interrupted, exiting. There are 0 tasks remaining in the queue.
2019-09-25 05:50:51,189 [main] INFO  impl.StateMachineUpdater (StateMachineUpdater.java:stopAndJoin(125)) - 048cd757-ac0b-449d-96b7-2f2a98d02798@group-ECB7489E8BE9-StateMachineUpdater: set stopIndex = 0
2019-09-25 05:50:51,192 [ForkJoinPool.commonPool-worker-1] INFO  segmented.SegmentedRaftLogWorker (SegmentedRaftLogWorker.java:close(228)) - 60b026ab-fadd-426f-9b92-f2e4bcc7c7ff@group-B51FFE235BED-SegmentedRaftLogWorker close()
2019-09-25 05:50:51,192 [main] INFO  impl.RaftServerImpl (ServerState.java:close(385)) - 048cd757-ac0b-449d-96b7-2f2a98d02798@group-ECB7489E8BE9: closes. applyIndex: 0
2019-09-25 05:50:51,194 [ForkJoinPool.commonPool-worker-1] INFO  impl.RaftServerImpl (RaftServerImpl.java:lambda$shutdown$3(251)) - 60b026ab-fadd-426f-9b92-f2e4bcc7c7ff@group-7DB0868986C1: shutdown
2019-09-25 05:50:51,195 [048cd757-ac0b-449d-96b7-2f2a98d02798@group-ECB7489E8BE9-SegmentedRaftLogWorker] INFO  segmented.SegmentedRaftLogWorker (SegmentedRaftLogWorker.java:run(313)) - 048cd757-ac0b-449d-96b7-2f2a98d02798@group-ECB7489E8BE9-SegmentedRaftLogWorker was interrupted, exiting. There are 0 tasks remaining in the queue.
2019-09-25 05:50:51,195 [ForkJoinPool.commonPool-worker-1] INFO  util.JmxRegister (JmxRegister.java:unregister(73)) - Successfully un-registered JMX Bean with object name Ratis:service=RaftServer,group=group-7DB0868986C1,id=60b026ab-fadd-426f-9b92-f2e4bcc7c7ff
2019-09-25 05:50:51,197 [main] INFO  segmented.SegmentedRaftLogWorker (SegmentedRaftLogWorker.java:close(228)) - 048cd757-ac0b-449d-96b7-2f2a98d02798@group-ECB7489E8BE9-SegmentedRaftLogWorker close()
2019-09-25 05:50:51,197 [ForkJoinPool.commonPool-worker-1] INFO  impl.RoleInfo (RoleInfo.java:shutdownLeaderState(104)) - 60b026ab-fadd-426f-9b92-f2e4bcc7c7ff: shutdown LeaderState
2019-09-25 05:50:51,200 [main] INFO  impl.RaftServerImpl (RaftServerImpl.java:lambda$shutdown$3(251)) - 048cd757-ac0b-449d-96b7-2f2a98d02798@group-7D63AEAAFE26: shutdown
2019-09-25 05:50:51,200 [ForkJoinPool.commonPool-worker-1] INFO  impl.PendingRequests (PendingRequests.java:sendNotLeaderResponses(202)) - 60b026ab-fadd-426f-9b92-f2e4bcc7c7ff-PendingRequests: sendNotLeaderResponses
2019-09-25 05:50:51,200 [main] INFO  util.JmxRegister (JmxRegister.java:unregister(73)) - Successfully un-registered JMX Bean with object name Ratis:service=RaftServer,group=group-7D63AEAAFE26,id=048cd757-ac0b-449d-96b7-2f2a98d02798
2019-09-25 05:50:51,200 [ForkJoinPool.commonPool-worker-1] INFO  impl.StateMachineUpdater (StateMachineUpdater.java:stopAndJoin(125)) - 60b026ab-fadd-426f-9b92-f2e4bcc7c7ff@group-7DB0868986C1-StateMachineUpdater: set stopIndex = 0
2019-09-25 05:50:51,200 [main] INFO  impl.RoleInfo (RoleInfo.java:shutdownLeaderState(104)) - 048cd757-ac0b-449d-96b7-2f2a98d02798: shutdown LeaderState
2019-09-25 05:50:51,201 [ForkJoinPool.commonPool-worker-1] INFO  impl.RaftServerImpl (ServerState.java:close(385)) - 60b026ab-fadd-426f-9b92-f2e4bcc7c7ff@group-7DB0868986C1: closes. applyIndex: 0
2019-09-25 05:50:51,201 [main] INFO  impl.PendingRequests (PendingRequests.java:sendNotLeaderResponses(202)) - 048cd757-ac0b-449d-96b7-2f2a98d02798-PendingRequests: sendNotLeaderResponses
2019-09-25 05:50:51,201 [60b026ab-fadd-426f-9b92-f2e4bcc7c7ff@group-7DB0868986C1-SegmentedRaftLogWorker] INFO  segmented.SegmentedRaftLogWorker (SegmentedRaftLogWorker.java:run(313)) - 60b026ab-fadd-426f-9b92-f2e4bcc7c7ff@group-7DB0868986C1-SegmentedRaftLogWorker was interrupted, exiting. There are 0 tasks remaining in the queue.
2019-09-25 05:50:51,201 [main] INFO  impl.StateMachineUpdater (StateMachineUpdater.java:stopAndJoin(125)) - 048cd757-ac0b-449d-96b7-2f2a98d02798@group-7D63AEAAFE26-StateMachineUpdater: set stopIndex = 0
2019-09-25 05:50:51,203 [ForkJoinPool.commonPool-worker-1] INFO  segmented.SegmentedRaftLogWorker (SegmentedRaftLogWorker.java:close(228)) - 60b026ab-fadd-426f-9b92-f2e4bcc7c7ff@group-7DB0868986C1-SegmentedRaftLogWorker close()
2019-09-25 05:50:51,204 [main] INFO  impl.RaftServerImpl (ServerState.java:close(385)) - 048cd757-ac0b-449d-96b7-2f2a98d02798@group-7D63AEAAFE26: closes. applyIndex: 0
2019-09-25 05:50:51,206 [ForkJoinPool.commonPool-worker-1] INFO  impl.RaftServerImpl (RaftServerImpl.java:lambda$shutdown$3(251)) - 60b026ab-fadd-426f-9b92-f2e4bcc7c7ff@group-5246A83D7EA3: shutdown
2019-09-25 05:50:51,206 [048cd757-ac0b-449d-96b7-2f2a98d02798@group-7D63AEAAFE26-SegmentedRaftLogWorker] INFO  segmented.SegmentedRaftLogWorker (SegmentedRaftLogWorker.java:run(313)) - 048cd757-ac0b-449d-96b7-2f2a98d02798@group-7D63AEAAFE26-SegmentedRaftLogWorker was interrupted, exiting. There are 0 tasks remaining in the queue.
2019-09-25 05:50:51,207 [ForkJoinPool.commonPool-worker-1] INFO  util.JmxRegister (JmxRegister.java:unregister(73)) - Successfully un-registered JMX Bean with object name Ratis:service=RaftServer,group=group-5246A83D7EA3,id=60b026ab-fadd-426f-9b92-f2e4bcc7c7ff
2019-09-25 05:50:51,217 [main] INFO  segmented.SegmentedRaftLogWorker (SegmentedRaftLogWorker.java:close(228)) - 048cd757-ac0b-449d-96b7-2f2a98d02798@group-7D63AEAAFE26-SegmentedRaftLogWorker close()
2019-09-25 05:50:51,217 [ForkJoinPool.commonPool-worker-1] INFO  impl.RoleInfo (RoleInfo.java:shutdownLeaderState(104)) - 60b026ab-fadd-426f-9b92-f2e4bcc7c7ff: shutdown LeaderState
2019-09-25 05:50:51,218 [main] INFO  server.GrpcService (GrpcService.java:closeImpl(164)) - 048cd757-ac0b-449d-96b7-2f2a98d02798: shutdown server with port 45339 now
2019-09-25 05:50:51,218 [ForkJoinPool.commonPool-worker-1] INFO  impl.PendingRequests (PendingRequests.java:sendNotLeaderResponses(202)) - 60b026ab-fadd-426f-9b92-f2e4bcc7c7ff-PendingRequests: sendNotLeaderResponses
2019-09-25 05:50:51,221 [main] INFO  server.GrpcService (GrpcService.java:closeImpl(172)) - 048cd757-ac0b-449d-96b7-2f2a98d02798: shutdown server with port 45339 successfully
2019-09-25 05:50:51,223 [ForkJoinPool.commonPool-worker-1] INFO  impl.StateMachineUpdater (StateMachineUpdater.java:stopAndJoin(125)) - 60b026ab-fadd-426f-9b92-f2e4bcc7c7ff@group-5246A83D7EA3-StateMachineUpdater: set stopIndex = 0
2019-09-25 05:50:51,224 [ForkJoinPool.commonPool-worker-1] INFO  impl.RaftServerImpl (ServerState.java:close(385)) - 60b026ab-fadd-426f-9b92-f2e4bcc7c7ff@group-5246A83D7EA3: closes. applyIndex: 0
2019-09-25 05:50:51,224 [60b026ab-fadd-426f-9b92-f2e4bcc7c7ff@group-5246A83D7EA3-SegmentedRaftLogWorker] INFO  segmented.SegmentedRaftLogWorker (SegmentedRaftLogWorker.java:run(313)) - 60b026ab-fadd-426f-9b92-f2e4bcc7c7ff@group-5246A83D7EA3-SegmentedRaftLogWorker was interrupted, exiting. There are 0 tasks remaining in the queue.
2019-09-25 05:50:51,224 [ForkJoinPool.commonPool-worker-1] INFO  segmented.SegmentedRaftLogWorker (SegmentedRaftLogWorker.java:close(228)) - 60b026ab-fadd-426f-9b92-f2e4bcc7c7ff@group-5246A83D7EA3-SegmentedRaftLogWorker close()
2019-09-25 05:50:51,224 [ForkJoinPool.commonPool-worker-1] INFO  server.GrpcService (GrpcService.java:closeImpl(164)) - 60b026ab-fadd-426f-9b92-f2e4bcc7c7ff: shutdown server with port 33176 now
2019-09-25 05:50:51,227 [ForkJoinPool.commonPool-worker-1] INFO  server.GrpcService (GrpcService.java:closeImpl(172)) - 60b026ab-fadd-426f-9b92-f2e4bcc7c7ff: shutdown server with port 33176 successfully
2019-09-25 05:50:51,228 [refreshUsed-/workdir/hadoop-ozone/integration-test/target/test-dir/MiniOzoneClusterImpl-28dc08f8-08b8-4dfd-b771-8384b6a2d499/datanode-1/data/containers] WARN  fs.CachingGetSpaceUsed (CachingGetSpaceUsed.java:run(183)) - Thread Interrupted waiting to refresh disk information: sleep interrupted
2019-09-25 05:50:51,232 [refreshUsed-/workdir/hadoop-ozone/integration-test/target/test-dir/MiniOzoneClusterImpl-28dc08f8-08b8-4dfd-b771-8384b6a2d499/datanode-4/data/containers] WARN  fs.CachingGetSpaceUsed (CachingGetSpaceUsed.java:run(183)) - Thread Interrupted waiting to refresh disk information: sleep interrupted
2019-09-25 05:50:51,241 [main] INFO  utils.BackgroundService (BackgroundService.java:shutdown(148)) - Shutting down service BlockDeletingService
2019-09-25 05:50:51,249 [main] INFO  statemachine.DatanodeStateMachine (DatanodeStateMachine.java:stopDaemon(395)) - Ozone container server stopped.
2019-09-25 05:50:51,250 [main] INFO  handler.ContextHandler (ContextHandler.java:doStop(910)) - Stopped o.e.j.w.WebAppContext@1a4083f6{/,null,UNAVAILABLE}{/hddsDatanode}
2019-09-25 05:50:51,250 [main] INFO  server.AbstractConnector (AbstractConnector.java:doStop(318)) - Stopped ServerConnector@23f5008a{HTTP/1.1,[http/1.1]}{0.0.0.0:0}
2019-09-25 05:50:51,250 [main] INFO  handler.ContextHandler (ContextHandler.java:doStop(910)) - Stopped o.e.j.s.ServletContextHandler@138a85d3{/static,jar:file:/home/user/.m2/repository/org/apache/hadoop/hadoop-hdds-container-service/0.5.0-SNAPSHOT/hadoop-hdds-container-service-0.5.0-SNAPSHOT.jar!/webapps/static,UNAVAILABLE}
2019-09-25 05:50:51,251 [main] INFO  handler.ContextHandler (ContextHandler.java:doStop(910)) - Stopped o.e.j.s.ServletContextHandler@7a2a7492{/logs,file:///workdir/hadoop-ozone/integration-test/target/log,UNAVAILABLE}
2019-09-25 05:50:51,252 [ForkJoinPool.commonPool-worker-1] INFO  utils.BackgroundService (BackgroundService.java:shutdown(148)) - Shutting down service BlockDeletingService
2019-09-25 05:50:51,259 [ForkJoinPool.commonPool-worker-1] INFO  statemachine.DatanodeStateMachine (DatanodeStateMachine.java:stopDaemon(395)) - Ozone container server stopped.
2019-09-25 05:50:51,266 [ForkJoinPool.commonPool-worker-1] INFO  handler.ContextHandler (ContextHandler.java:doStop(910)) - Stopped o.e.j.w.WebAppContext@5e3d2765{/,null,UNAVAILABLE}{/hddsDatanode}
2019-09-25 05:50:51,266 [ForkJoinPool.commonPool-worker-1] INFO  server.AbstractConnector (AbstractConnector.java:doStop(318)) - Stopped ServerConnector@7910f355{HTTP/1.1,[http/1.1]}{0.0.0.0:0}
2019-09-25 05:50:51,268 [ForkJoinPool.commonPool-worker-1] INFO  handler.ContextHandler (ContextHandler.java:doStop(910)) - Stopped o.e.j.s.ServletContextHandler@6ad6ae45{/static,jar:file:/home/user/.m2/repository/org/apache/hadoop/hadoop-hdds-container-service/0.5.0-SNAPSHOT/hadoop-hdds-container-service-0.5.0-SNAPSHOT.jar!/webapps/static,UNAVAILABLE}
2019-09-25 05:50:51,271 [ForkJoinPool.commonPool-worker-1] INFO  handler.ContextHandler (ContextHandler.java:doStop(910)) - Stopped o.e.j.s.ServletContextHandler@6eed46e9{/logs,file:///workdir/hadoop-ozone/integration-test/target/log,UNAVAILABLE}
2019-09-25 05:50:51,798 [Datanode State Machine Thread - 0] INFO  statemachine.DatanodeStateMachine (DatanodeStateMachine.java:lambda$startDaemon$0(350)) - Ozone container server started.
2019-09-25 05:50:52,150 [Datanode State Machine Thread - 0] INFO  statemachine.DatanodeStateMachine (DatanodeStateMachine.java:lambda$startDaemon$0(350)) - Ozone container server started.
2019-09-25 05:50:55,843 [Thread-3604] INFO  impl.FollowerState (FollowerState.java:run(106)) - ddf6e088-733e-4b9a-8ca4-5a6f511d9b5a:group-EB4AFF479D1F changes to CANDIDATE, lastRpcTime:10654, electionTimeout:5038ms
2019-09-25 05:50:55,843 [Thread-3604] INFO  impl.RoleInfo (RoleInfo.java:shutdownFollowerState(121)) - ddf6e088-733e-4b9a-8ca4-5a6f511d9b5a: shutdown FollowerState
2019-09-25 05:50:55,843 [Thread-3604] INFO  impl.RaftServerImpl (RaftServerImpl.java:setRole(174)) - ddf6e088-733e-4b9a-8ca4-5a6f511d9b5a@group-EB4AFF479D1F: changes role from  FOLLOWER to CANDIDATE at term 0 for changeToCandidate
2019-09-25 05:50:55,843 [Thread-3604] INFO  impl.RoleInfo (RoleInfo.java:updateAndGet(143)) - ddf6e088-733e-4b9a-8ca4-5a6f511d9b5a: start LeaderElection
2019-09-25 05:50:55,866 [ddf6e088-733e-4b9a-8ca4-5a6f511d9b5a@group-EB4AFF479D1F:LeaderElection295] INFO  impl.LeaderElection (LeaderElection.java:askForVotes(182)) - ddf6e088-733e-4b9a-8ca4-5a6f511d9b5a@group-EB4AFF479D1F:LeaderElection295: begin an election at term 1 for -1: [ddf6e088-733e-4b9a-8ca4-5a6f511d9b5a:192.168.30.10:39166], old=null
2019-09-25 05:50:55,866 [ddf6e088-733e-4b9a-8ca4-5a6f511d9b5a@group-EB4AFF479D1F:LeaderElection295] INFO  impl.RoleInfo (RoleInfo.java:shutdownLeaderElection(134)) - ddf6e088-733e-4b9a-8ca4-5a6f511d9b5a: shutdown LeaderElection
2019-09-25 05:50:55,866 [ddf6e088-733e-4b9a-8ca4-5a6f511d9b5a@group-EB4AFF479D1F:LeaderElection295] INFO  impl.RaftServerImpl (RaftServerImpl.java:setRole(174)) - ddf6e088-733e-4b9a-8ca4-5a6f511d9b5a@group-EB4AFF479D1F: changes role from CANDIDATE to LEADER at term 1 for changeToLeader
2019-09-25 05:50:55,866 [ddf6e088-733e-4b9a-8ca4-5a6f511d9b5a@group-EB4AFF479D1F:LeaderElection295] INFO  impl.RaftServerImpl (ServerState.java:setLeader(253)) - ddf6e088-733e-4b9a-8ca4-5a6f511d9b5a@group-EB4AFF479D1F: change Leader from null to ddf6e088-733e-4b9a-8ca4-5a6f511d9b5a at term 1 for becomeLeader, leader elected after 10682ms
2019-09-25 05:50:55,866 [ddf6e088-733e-4b9a-8ca4-5a6f511d9b5a@group-EB4AFF479D1F:LeaderElection295] INFO  server.RaftServerConfigKeys (ConfUtils.java:logGet(43)) - raft.server.staging.catchup.gap = 1000 (default)
2019-09-25 05:50:55,867 [ddf6e088-733e-4b9a-8ca4-5a6f511d9b5a@group-EB4AFF479D1F:LeaderElection295] INFO  server.RaftServerConfigKeys (ConfUtils.java:logGet(43)) - raft.server.rpc.sleep.time = 25ms (default)
2019-09-25 05:50:55,867 [ddf6e088-733e-4b9a-8ca4-5a6f511d9b5a@group-EB4AFF479D1F:LeaderElection295] INFO  server.RaftServerConfigKeys (ConfUtils.java:logGet(43)) - raft.server.write.element-limit = 4096 (default)
2019-09-25 05:50:55,867 [ddf6e088-733e-4b9a-8ca4-5a6f511d9b5a@group-EB4AFF479D1F:LeaderElection295] INFO  server.RaftServerConfigKeys (ConfUtils.java:logGet(43)) - raft.server.watch.timeout = 10s (default)
2019-09-25 05:50:55,867 [ddf6e088-733e-4b9a-8ca4-5a6f511d9b5a@group-EB4AFF479D1F:LeaderElection295] INFO  server.RaftServerConfigKeys (ConfUtils.java:logGet(43)) - raft.server.watch.timeout.denomination = 1s (default)
2019-09-25 05:50:55,867 [ddf6e088-733e-4b9a-8ca4-5a6f511d9b5a@group-EB4AFF479D1F:LeaderElection295] INFO  server.RaftServerConfigKeys (ConfUtils.java:logGet(43)) - raft.server.watch.element-limit = 65536 (default)
2019-09-25 05:50:55,869 [ddf6e088-733e-4b9a-8ca4-5a6f511d9b5a@group-EB4AFF479D1F:LeaderElection295] INFO  impl.RoleInfo (RoleInfo.java:updateAndGet(143)) - ddf6e088-733e-4b9a-8ca4-5a6f511d9b5a: start LeaderState
2019-09-25 05:50:55,870 [ddf6e088-733e-4b9a-8ca4-5a6f511d9b5a@group-EB4AFF479D1F:LeaderElection295] INFO  segmented.SegmentedRaftLogWorker (SegmentedRaftLogWorker.java:startLogSegment(380)) - ddf6e088-733e-4b9a-8ca4-5a6f511d9b5a@group-EB4AFF479D1F-SegmentedRaftLogWorker: Starting segment from index:0
2019-09-25 05:50:55,870 [ddf6e088-733e-4b9a-8ca4-5a6f511d9b5a@group-EB4AFF479D1F:LeaderElection295] INFO  impl.RaftServerImpl (ServerState.java:setRaftConf(354)) - ddf6e088-733e-4b9a-8ca4-5a6f511d9b5a@group-EB4AFF479D1F: set configuration 0: [ddf6e088-733e-4b9a-8ca4-5a6f511d9b5a:192.168.30.10:39166], old=null at 0
2019-09-25 05:50:55,877 [EventQueue-StaleNodeForStaleNodeHandler] INFO  node.StaleNodeHandler (StaleNodeHandler.java:onMessage(58)) - Datanode ddf6e088-733e-4b9a-8ca4-5a6f511d9b5a{ip: 192.168.30.10, host: pr-hdds-1569-s62bp-3040748787, networkLocation: /default-rack, certSerialId: null} moved to stale state. Finalizing its pipelines [PipelineID=eec99201-f6ac-458d-b2c4-248717de33e2, PipelineID=071f53ec-1ff0-468b-b7e6-41c79ca68d85, PipelineID=d1ec6a9c-b8bf-4b82-bb23-30d16de0ce22, PipelineID=efda8ff7-44a6-4b66-a588-0a0e24924ed4, PipelineID=4c353d6f-1579-4603-9eaa-f41f05fbb1d3, PipelineID=c2f88d95-8dd5-4634-aaf3-eb4aff479d1f]
2019-09-25 05:50:55,877 [EventQueue-StaleNodeForStaleNodeHandler] INFO  pipeline.SCMPipelineManager (SCMPipelineManager.java:finalizeAndDestroyPipeline(317)) - destroying pipeline:Pipeline[ Id: eec99201-f6ac-458d-b2c4-248717de33e2, Nodes: ddf6e088-733e-4b9a-8ca4-5a6f511d9b5a{ip: 192.168.30.10, host: pr-hdds-1569-s62bp-3040748787, networkLocation: /default-rack, certSerialId: null}, Type:RATIS, Factor:ONE, State:OPEN]
2019-09-25 05:50:55,877 [EventQueue-StaleNodeForStaleNodeHandler] INFO  pipeline.PipelineStateManager (PipelineStateManager.java:finalizePipeline(123)) - Pipeline Pipeline[ Id: eec99201-f6ac-458d-b2c4-248717de33e2, Nodes: ddf6e088-733e-4b9a-8ca4-5a6f511d9b5a{ip: 192.168.30.10, host: pr-hdds-1569-s62bp-3040748787, networkLocation: /default-rack, certSerialId: null}, Type:RATIS, Factor:ONE, State:CLOSED] moved to CLOSED state
2019-09-25 05:50:55,878 [EventQueue-StaleNodeForStaleNodeHandler] INFO  pipeline.SCMPipelineManager (SCMPipelineManager.java:finalizeAndDestroyPipeline(317)) - destroying pipeline:Pipeline[ Id: 071f53ec-1ff0-468b-b7e6-41c79ca68d85, Nodes: ddf6e088-733e-4b9a-8ca4-5a6f511d9b5a{ip: 192.168.30.10, host: pr-hdds-1569-s62bp-3040748787, networkLocation: /default-rack, certSerialId: null}, Type:RATIS, Factor:ONE, State:OPEN]
2019-09-25 05:50:55,878 [EventQueue-StaleNodeForStaleNodeHandler] INFO  pipeline.PipelineStateManager (PipelineStateManager.java:finalizePipeline(123)) - Pipeline Pipeline[ Id: 071f53ec-1ff0-468b-b7e6-41c79ca68d85, Nodes: ddf6e088-733e-4b9a-8ca4-5a6f511d9b5a{ip: 192.168.30.10, host: pr-hdds-1569-s62bp-3040748787, networkLocation: /default-rack, certSerialId: null}, Type:RATIS, Factor:ONE, State:CLOSED] moved to CLOSED state
2019-09-25 05:50:55,878 [EventQueue-StaleNodeForStaleNodeHandler] INFO  pipeline.SCMPipelineManager (SCMPipelineManager.java:finalizeAndDestroyPipeline(317)) - destroying pipeline:Pipeline[ Id: d1ec6a9c-b8bf-4b82-bb23-30d16de0ce22, Nodes: ddf6e088-733e-4b9a-8ca4-5a6f511d9b5a{ip: 192.168.30.10, host: pr-hdds-1569-s62bp-3040748787, networkLocation: /default-rack, certSerialId: null}, Type:RATIS, Factor:ONE, State:OPEN]
2019-09-25 05:50:55,878 [EventQueue-StaleNodeForStaleNodeHandler] INFO  pipeline.PipelineStateManager (PipelineStateManager.java:finalizePipeline(123)) - Pipeline Pipeline[ Id: d1ec6a9c-b8bf-4b82-bb23-30d16de0ce22, Nodes: ddf6e088-733e-4b9a-8ca4-5a6f511d9b5a{ip: 192.168.30.10, host: pr-hdds-1569-s62bp-3040748787, networkLocation: /default-rack, certSerialId: null}, Type:RATIS, Factor:ONE, State:CLOSED] moved to CLOSED state
2019-09-25 05:50:55,878 [EventQueue-StaleNodeForStaleNodeHandler] INFO  pipeline.SCMPipelineManager (SCMPipelineManager.java:finalizeAndDestroyPipeline(317)) - destroying pipeline:Pipeline[ Id: efda8ff7-44a6-4b66-a588-0a0e24924ed4, Nodes: ddf6e088-733e-4b9a-8ca4-5a6f511d9b5a{ip: 192.168.30.10, host: pr-hdds-1569-s62bp-3040748787, networkLocation: /default-rack, certSerialId: null}, Type:RATIS, Factor:ONE, State:OPEN]
2019-09-25 05:50:55,878 [EventQueue-StaleNodeForStaleNodeHandler] INFO  pipeline.PipelineStateManager (PipelineStateManager.java:finalizePipeline(123)) - Pipeline Pipeline[ Id: efda8ff7-44a6-4b66-a588-0a0e24924ed4, Nodes: ddf6e088-733e-4b9a-8ca4-5a6f511d9b5a{ip: 192.168.30.10, host: pr-hdds-1569-s62bp-3040748787, networkLocation: /default-rack, certSerialId: null}, Type:RATIS, Factor:ONE, State:CLOSED] moved to CLOSED state
2019-09-25 05:50:55,879 [EventQueue-StaleNodeForStaleNodeHandler] INFO  pipeline.SCMPipelineManager (SCMPipelineManager.java:finalizeAndDestroyPipeline(317)) - destroying pipeline:Pipeline[ Id: 4c353d6f-1579-4603-9eaa-f41f05fbb1d3, Nodes: ddf6e088-733e-4b9a-8ca4-5a6f511d9b5a{ip: 192.168.30.10, host: pr-hdds-1569-s62bp-3040748787, networkLocation: /default-rack, certSerialId: null}, Type:RATIS, Factor:ONE, State:OPEN]
2019-09-25 05:50:55,879 [EventQueue-StaleNodeForStaleNodeHandler] INFO  pipeline.PipelineStateManager (PipelineStateManager.java:finalizePipeline(123)) - Pipeline Pipeline[ Id: 4c353d6f-1579-4603-9eaa-f41f05fbb1d3, Nodes: ddf6e088-733e-4b9a-8ca4-5a6f511d9b5a{ip: 192.168.30.10, host: pr-hdds-1569-s62bp-3040748787, networkLocation: /default-rack, certSerialId: null}, Type:RATIS, Factor:ONE, State:CLOSED] moved to CLOSED state
2019-09-25 05:50:55,879 [EventQueue-StaleNodeForStaleNodeHandler] INFO  pipeline.SCMPipelineManager (SCMPipelineManager.java:finalizeAndDestroyPipeline(317)) - destroying pipeline:Pipeline[ Id: c2f88d95-8dd5-4634-aaf3-eb4aff479d1f, Nodes: ddf6e088-733e-4b9a-8ca4-5a6f511d9b5a{ip: 192.168.30.10, host: pr-hdds-1569-s62bp-3040748787, networkLocation: /default-rack, certSerialId: null}, Type:RATIS, Factor:ONE, State:OPEN]
2019-09-25 05:50:55,879 [EventQueue-StaleNodeForStaleNodeHandler] INFO  pipeline.PipelineStateManager (PipelineStateManager.java:finalizePipeline(123)) - Pipeline Pipeline[ Id: c2f88d95-8dd5-4634-aaf3-eb4aff479d1f, Nodes: ddf6e088-733e-4b9a-8ca4-5a6f511d9b5a{ip: 192.168.30.10, host: pr-hdds-1569-s62bp-3040748787, networkLocation: /default-rack, certSerialId: null}, Type:RATIS, Factor:ONE, State:CLOSED] moved to CLOSED state
2019-09-25 05:50:55,891 [Thread-3616] INFO  impl.FollowerState (FollowerState.java:run(106)) - ddf6e088-733e-4b9a-8ca4-5a6f511d9b5a:group-41C79CA68D85 changes to CANDIDATE, lastRpcTime:10527, electionTimeout:5086ms
2019-09-25 05:50:55,915 [Thread-3616] INFO  impl.RoleInfo (RoleInfo.java:shutdownFollowerState(121)) - ddf6e088-733e-4b9a-8ca4-5a6f511d9b5a: shutdown FollowerState
2019-09-25 05:50:55,915 [Thread-3616] INFO  impl.RaftServerImpl (RaftServerImpl.java:setRole(174)) - ddf6e088-733e-4b9a-8ca4-5a6f511d9b5a@group-41C79CA68D85: changes role from  FOLLOWER to CANDIDATE at term 0 for changeToCandidate
2019-09-25 05:50:55,915 [Thread-3616] INFO  impl.RoleInfo (RoleInfo.java:updateAndGet(143)) - ddf6e088-733e-4b9a-8ca4-5a6f511d9b5a: start LeaderElection
2019-09-25 05:50:55,928 [ddf6e088-733e-4b9a-8ca4-5a6f511d9b5a@group-EB4AFF479D1F-SegmentedRaftLogWorker] INFO  segmented.SegmentedRaftLogWorker (SegmentedRaftLogWorker.java:execute(569)) - ddf6e088-733e-4b9a-8ca4-5a6f511d9b5a@group-EB4AFF479D1F-SegmentedRaftLogWorker: created new log segment /workdir/hadoop-ozone/integration-test/target/test-dir/MiniOzoneClusterImpl-28dc08f8-08b8-4dfd-b771-8384b6a2d499/datanode-3/data/ratis/c2f88d95-8dd5-4634-aaf3-eb4aff479d1f/current/log_inprogress_0
2019-09-25 05:50:55,928 [ddf6e088-733e-4b9a-8ca4-5a6f511d9b5a@group-41C79CA68D85:LeaderElection296] INFO  impl.LeaderElection (LeaderElection.java:askForVotes(182)) - ddf6e088-733e-4b9a-8ca4-5a6f511d9b5a@group-41C79CA68D85:LeaderElection296: begin an election at term 1 for -1: [ddf6e088-733e-4b9a-8ca4-5a6f511d9b5a:192.168.30.10:39166], old=null
2019-09-25 05:50:55,928 [ddf6e088-733e-4b9a-8ca4-5a6f511d9b5a@group-41C79CA68D85:LeaderElection296] INFO  impl.RoleInfo (RoleInfo.java:shutdownLeaderElection(134)) - ddf6e088-733e-4b9a-8ca4-5a6f511d9b5a: shutdown LeaderElection
2019-09-25 05:50:55,928 [ddf6e088-733e-4b9a-8ca4-5a6f511d9b5a@group-41C79CA68D85:LeaderElection296] INFO  impl.RaftServerImpl (RaftServerImpl.java:setRole(174)) - ddf6e088-733e-4b9a-8ca4-5a6f511d9b5a@group-41C79CA68D85: changes role from CANDIDATE to LEADER at term 1 for changeToLeader
2019-09-25 05:50:55,928 [ddf6e088-733e-4b9a-8ca4-5a6f511d9b5a@group-41C79CA68D85:LeaderElection296] INFO  impl.RaftServerImpl (ServerState.java:setLeader(253)) - ddf6e088-733e-4b9a-8ca4-5a6f511d9b5a@group-41C79CA68D85: change Leader from null to ddf6e088-733e-4b9a-8ca4-5a6f511d9b5a at term 1 for becomeLeader, leader elected after 10569ms
2019-09-25 05:50:55,928 [ddf6e088-733e-4b9a-8ca4-5a6f511d9b5a@group-41C79CA68D85:LeaderElection296] INFO  server.RaftServerConfigKeys (ConfUtils.java:logGet(43)) - raft.server.staging.catchup.gap = 1000 (default)
2019-09-25 05:50:55,929 [ddf6e088-733e-4b9a-8ca4-5a6f511d9b5a@group-41C79CA68D85:LeaderElection296] INFO  server.RaftServerConfigKeys (ConfUtils.java:logGet(43)) - raft.server.rpc.sleep.time = 25ms (default)
2019-09-25 05:50:55,929 [ddf6e088-733e-4b9a-8ca4-5a6f511d9b5a@group-41C79CA68D85:LeaderElection296] INFO  server.RaftServerConfigKeys (ConfUtils.java:logGet(43)) - raft.server.write.element-limit = 4096 (default)
2019-09-25 05:50:55,929 [ddf6e088-733e-4b9a-8ca4-5a6f511d9b5a@group-41C79CA68D85:LeaderElection296] INFO  server.RaftServerConfigKeys (ConfUtils.java:logGet(43)) - raft.server.watch.timeout = 10s (default)
2019-09-25 05:50:55,929 [ddf6e088-733e-4b9a-8ca4-5a6f511d9b5a@group-41C79CA68D85:LeaderElection296] INFO  server.RaftServerConfigKeys (ConfUtils.java:logGet(43)) - raft.server.watch.timeout.denomination = 1s (default)
2019-09-25 05:50:55,929 [ddf6e088-733e-4b9a-8ca4-5a6f511d9b5a@group-41C79CA68D85:LeaderElection296] INFO  server.RaftServerConfigKeys (ConfUtils.java:logGet(43)) - raft.server.watch.element-limit = 65536 (default)
2019-09-25 05:50:55,931 [ddf6e088-733e-4b9a-8ca4-5a6f511d9b5a@group-41C79CA68D85:LeaderElection296] INFO  impl.RoleInfo (RoleInfo.java:updateAndGet(143)) - ddf6e088-733e-4b9a-8ca4-5a6f511d9b5a: start LeaderState
2019-09-25 05:50:55,931 [ddf6e088-733e-4b9a-8ca4-5a6f511d9b5a@group-41C79CA68D85:LeaderElection296] INFO  segmented.SegmentedRaftLogWorker (SegmentedRaftLogWorker.java:startLogSegment(380)) - ddf6e088-733e-4b9a-8ca4-5a6f511d9b5a@group-41C79CA68D85-SegmentedRaftLogWorker: Starting segment from index:0
2019-09-25 05:50:55,931 [ddf6e088-733e-4b9a-8ca4-5a6f511d9b5a@group-41C79CA68D85:LeaderElection296] INFO  impl.RaftServerImpl (ServerState.java:setRaftConf(354)) - ddf6e088-733e-4b9a-8ca4-5a6f511d9b5a@group-41C79CA68D85: set configuration 0: [ddf6e088-733e-4b9a-8ca4-5a6f511d9b5a:192.168.30.10:39166], old=null at 0
2019-09-25 05:50:55,978 [ddf6e088-733e-4b9a-8ca4-5a6f511d9b5a@group-41C79CA68D85-SegmentedRaftLogWorker] INFO  segmented.SegmentedRaftLogWorker (SegmentedRaftLogWorker.java:execute(569)) - ddf6e088-733e-4b9a-8ca4-5a6f511d9b5a@group-41C79CA68D85-SegmentedRaftLogWorker: created new log segment /workdir/hadoop-ozone/integration-test/target/test-dir/MiniOzoneClusterImpl-28dc08f8-08b8-4dfd-b771-8384b6a2d499/datanode-3/data/ratis/071f53ec-1ff0-468b-b7e6-41c79ca68d85/current/log_inprogress_0
2019-09-25 05:50:55,999 [Thread-3610] INFO  impl.FollowerState (FollowerState.java:run(106)) - 8aaa6fc6-f7fb-4882-accc-fabfb9faa78a:group-958B1382B3AC changes to CANDIDATE, lastRpcTime:10735, electionTimeout:5194ms
2019-09-25 05:50:55,999 [Thread-3610] INFO  impl.RoleInfo (RoleInfo.java:shutdownFollowerState(121)) - 8aaa6fc6-f7fb-4882-accc-fabfb9faa78a: shutdown FollowerState
2019-09-25 05:50:55,999 [Thread-3610] INFO  impl.RaftServerImpl (RaftServerImpl.java:setRole(174)) - 8aaa6fc6-f7fb-4882-accc-fabfb9faa78a@group-958B1382B3AC: changes role from  FOLLOWER to CANDIDATE at term 0 for changeToCandidate
2019-09-25 05:50:55,999 [Thread-3610] INFO  impl.RoleInfo (RoleInfo.java:updateAndGet(143)) - 8aaa6fc6-f7fb-4882-accc-fabfb9faa78a: start LeaderElection
2019-09-25 05:50:56,012 [8aaa6fc6-f7fb-4882-accc-fabfb9faa78a@group-958B1382B3AC:LeaderElection297] INFO  impl.LeaderElection (LeaderElection.java:askForVotes(182)) - 8aaa6fc6-f7fb-4882-accc-fabfb9faa78a@group-958B1382B3AC:LeaderElection297: begin an election at term 1 for -1: [8aaa6fc6-f7fb-4882-accc-fabfb9faa78a:192.168.30.10:36169], old=null
2019-09-25 05:50:56,013 [8aaa6fc6-f7fb-4882-accc-fabfb9faa78a@group-958B1382B3AC:LeaderElection297] INFO  impl.RoleInfo (RoleInfo.java:shutdownLeaderElection(134)) - 8aaa6fc6-f7fb-4882-accc-fabfb9faa78a: shutdown LeaderElection
2019-09-25 05:50:56,013 [8aaa6fc6-f7fb-4882-accc-fabfb9faa78a@group-958B1382B3AC:LeaderElection297] INFO  impl.RaftServerImpl (RaftServerImpl.java:setRole(174)) - 8aaa6fc6-f7fb-4882-accc-fabfb9faa78a@group-958B1382B3AC: changes role from CANDIDATE to LEADER at term 1 for changeToLeader
2019-09-25 05:50:56,013 [8aaa6fc6-f7fb-4882-accc-fabfb9faa78a@group-958B1382B3AC:LeaderElection297] INFO  impl.RaftServerImpl (ServerState.java:setLeader(253)) - 8aaa6fc6-f7fb-4882-accc-fabfb9faa78a@group-958B1382B3AC: change Leader from null to 8aaa6fc6-f7fb-4882-accc-fabfb9faa78a at term 1 for becomeLeader, leader elected after 10754ms
2019-09-25 05:50:56,013 [8aaa6fc6-f7fb-4882-accc-fabfb9faa78a@group-958B1382B3AC:LeaderElection297] INFO  server.RaftServerConfigKeys (ConfUtils.java:logGet(43)) - raft.server.staging.catchup.gap = 1000 (default)
2019-09-25 05:50:56,013 [8aaa6fc6-f7fb-4882-accc-fabfb9faa78a@group-958B1382B3AC:LeaderElection297] INFO  server.RaftServerConfigKeys (ConfUtils.java:logGet(43)) - raft.server.rpc.sleep.time = 25ms (default)
2019-09-25 05:50:56,013 [8aaa6fc6-f7fb-4882-accc-fabfb9faa78a@group-958B1382B3AC:LeaderElection297] INFO  server.RaftServerConfigKeys (ConfUtils.java:logGet(43)) - raft.server.write.element-limit = 4096 (default)
2019-09-25 05:50:56,013 [8aaa6fc6-f7fb-4882-accc-fabfb9faa78a@group-958B1382B3AC:LeaderElection297] INFO  server.RaftServerConfigKeys (ConfUtils.java:logGet(43)) - raft.server.watch.timeout = 10s (default)
2019-09-25 05:50:56,014 [8aaa6fc6-f7fb-4882-accc-fabfb9faa78a@group-958B1382B3AC:LeaderElection297] INFO  server.RaftServerConfigKeys (ConfUtils.java:logGet(43)) - raft.server.watch.timeout.denomination = 1s (default)
2019-09-25 05:50:56,014 [8aaa6fc6-f7fb-4882-accc-fabfb9faa78a@group-958B1382B3AC:LeaderElection297] INFO  server.RaftServerConfigKeys (ConfUtils.java:logGet(43)) - raft.server.watch.element-limit = 65536 (default)
2019-09-25 05:50:56,015 [8aaa6fc6-f7fb-4882-accc-fabfb9faa78a@group-958B1382B3AC:LeaderElection297] INFO  impl.RoleInfo (RoleInfo.java:updateAndGet(143)) - 8aaa6fc6-f7fb-4882-accc-fabfb9faa78a: start LeaderState
2019-09-25 05:50:56,015 [8aaa6fc6-f7fb-4882-accc-fabfb9faa78a@group-958B1382B3AC:LeaderElection297] INFO  segmented.SegmentedRaftLogWorker (SegmentedRaftLogWorker.java:startLogSegment(380)) - 8aaa6fc6-f7fb-4882-accc-fabfb9faa78a@group-958B1382B3AC-SegmentedRaftLogWorker: Starting segment from index:0
2019-09-25 05:50:56,016 [8aaa6fc6-f7fb-4882-accc-fabfb9faa78a@group-958B1382B3AC:LeaderElection297] INFO  impl.RaftServerImpl (ServerState.java:setRaftConf(354)) - 8aaa6fc6-f7fb-4882-accc-fabfb9faa78a@group-958B1382B3AC: set configuration 0: [8aaa6fc6-f7fb-4882-accc-fabfb9faa78a:192.168.30.10:36169], old=null at 0
2019-09-25 05:50:56,056 [8aaa6fc6-f7fb-4882-accc-fabfb9faa78a@group-958B1382B3AC-SegmentedRaftLogWorker] INFO  segmented.SegmentedRaftLogWorker (SegmentedRaftLogWorker.java:execute(569)) - 8aaa6fc6-f7fb-4882-accc-fabfb9faa78a@group-958B1382B3AC-SegmentedRaftLogWorker: created new log segment /workdir/hadoop-ozone/integration-test/target/test-dir/MiniOzoneClusterImpl-28dc08f8-08b8-4dfd-b771-8384b6a2d499/datanode-5/data/ratis/33b4aeb9-7ad4-4e0e-bff1-958b1382b3ac/current/log_inprogress_0
2019-09-25 05:50:56,177 [EventQueue-StaleNodeForStaleNodeHandler] INFO  node.StaleNodeHandler (StaleNodeHandler.java:onMessage(58)) - Datanode 998f0c91-f727-4973-bd37-e1a81f390f6c{ip: 192.168.30.10, host: pr-hdds-1569-s62bp-3040748787, networkLocation: /default-rack, certSerialId: null} moved to stale state. Finalizing its pipelines [PipelineID=cd536b42-ec38-4334-a00c-414a8acfa8e4, PipelineID=47a3a4bc-06d7-4ce6-a84c-52ab6426feed, PipelineID=822a3908-b024-467e-a156-4237f2b8cfe5, PipelineID=d16c77a8-b59c-483b-aedf-28f89c1ec694, PipelineID=9cb7ba39-61d5-4f81-a70a-117d7d3fa75d, PipelineID=770e5f14-4df2-42b3-9108-cb67d72194fa]
2019-09-25 05:50:56,178 [EventQueue-StaleNodeForStaleNodeHandler] INFO  pipeline.SCMPipelineManager (SCMPipelineManager.java:finalizeAndDestroyPipeline(317)) - destroying pipeline:Pipeline[ Id: cd536b42-ec38-4334-a00c-414a8acfa8e4, Nodes: 998f0c91-f727-4973-bd37-e1a81f390f6c{ip: 192.168.30.10, host: pr-hdds-1569-s62bp-3040748787, networkLocation: /default-rack, certSerialId: null}, Type:RATIS, Factor:ONE, State:OPEN]
2019-09-25 05:50:56,178 [EventQueue-StaleNodeForStaleNodeHandler] INFO  pipeline.PipelineStateManager (PipelineStateManager.java:finalizePipeline(123)) - Pipeline Pipeline[ Id: cd536b42-ec38-4334-a00c-414a8acfa8e4, Nodes: 998f0c91-f727-4973-bd37-e1a81f390f6c{ip: 192.168.30.10, host: pr-hdds-1569-s62bp-3040748787, networkLocation: /default-rack, certSerialId: null}, Type:RATIS, Factor:ONE, State:CLOSED] moved to CLOSED state
2019-09-25 05:50:56,178 [EventQueue-StaleNodeForStaleNodeHandler] INFO  pipeline.SCMPipelineManager (SCMPipelineManager.java:finalizeAndDestroyPipeline(317)) - destroying pipeline:Pipeline[ Id: 47a3a4bc-06d7-4ce6-a84c-52ab6426feed, Nodes: 998f0c91-f727-4973-bd37-e1a81f390f6c{ip: 192.168.30.10, host: pr-hdds-1569-s62bp-3040748787, networkLocation: /default-rack, certSerialId: null}, Type:RATIS, Factor:ONE, State:OPEN]
2019-09-25 05:50:56,178 [EventQueue-StaleNodeForStaleNodeHandler] INFO  pipeline.PipelineStateManager (PipelineStateManager.java:finalizePipeline(123)) - Pipeline Pipeline[ Id: 47a3a4bc-06d7-4ce6-a84c-52ab6426feed, Nodes: 998f0c91-f727-4973-bd37-e1a81f390f6c{ip: 192.168.30.10, host: pr-hdds-1569-s62bp-3040748787, networkLocation: /default-rack, certSerialId: null}, Type:RATIS, Factor:ONE, State:CLOSED] moved to CLOSED state
2019-09-25 05:50:56,178 [EventQueue-StaleNodeForStaleNodeHandler] INFO  pipeline.SCMPipelineManager (SCMPipelineManager.java:finalizeAndDestroyPipeline(317)) - destroying pipeline:Pipeline[ Id: 822a3908-b024-467e-a156-4237f2b8cfe5, Nodes: 998f0c91-f727-4973-bd37-e1a81f390f6c{ip: 192.168.30.10, host: pr-hdds-1569-s62bp-3040748787, networkLocation: /default-rack, certSerialId: null}, Type:RATIS, Factor:ONE, State:OPEN]
2019-09-25 05:50:56,178 [EventQueue-StaleNodeForStaleNodeHandler] INFO  pipeline.PipelineStateManager (PipelineStateManager.java:finalizePipeline(123)) - Pipeline Pipeline[ Id: 822a3908-b024-467e-a156-4237f2b8cfe5, Nodes: 998f0c91-f727-4973-bd37-e1a81f390f6c{ip: 192.168.30.10, host: pr-hdds-1569-s62bp-3040748787, networkLocation: /default-rack, certSerialId: null}, Type:RATIS, Factor:ONE, State:CLOSED] moved to CLOSED state
2019-09-25 05:50:56,178 [EventQueue-StaleNodeForStaleNodeHandler] INFO  pipeline.SCMPipelineManager (SCMPipelineManager.java:finalizeAndDestroyPipeline(317)) - destroying pipeline:Pipeline[ Id: d16c77a8-b59c-483b-aedf-28f89c1ec694, Nodes: 998f0c91-f727-4973-bd37-e1a81f390f6c{ip: 192.168.30.10, host: pr-hdds-1569-s62bp-3040748787, networkLocation: /default-rack, certSerialId: null}, Type:RATIS, Factor:ONE, State:OPEN]
2019-09-25 05:50:56,179 [EventQueue-StaleNodeForStaleNodeHandler] INFO  pipeline.PipelineStateManager (PipelineStateManager.java:finalizePipeline(123)) - Pipeline Pipeline[ Id: d16c77a8-b59c-483b-aedf-28f89c1ec694, Nodes: 998f0c91-f727-4973-bd37-e1a81f390f6c{ip: 192.168.30.10, host: pr-hdds-1569-s62bp-3040748787, networkLocation: /default-rack, certSerialId: null}, Type:RATIS, Factor:ONE, State:CLOSED] moved to CLOSED state
2019-09-25 05:50:56,179 [EventQueue-StaleNodeForStaleNodeHandler] INFO  pipeline.SCMPipelineManager (SCMPipelineManager.java:finalizeAndDestroyPipeline(317)) - destroying pipeline:Pipeline[ Id: 9cb7ba39-61d5-4f81-a70a-117d7d3fa75d, Nodes: 998f0c91-f727-4973-bd37-e1a81f390f6c{ip: 192.168.30.10, host: pr-hdds-1569-s62bp-3040748787, networkLocation: /default-rack, certSerialId: null}, Type:RATIS, Factor:ONE, State:OPEN]
2019-09-25 05:50:56,179 [EventQueue-StaleNodeForStaleNodeHandler] INFO  pipeline.PipelineStateManager (PipelineStateManager.java:finalizePipeline(123)) - Pipeline Pipeline[ Id: 9cb7ba39-61d5-4f81-a70a-117d7d3fa75d, Nodes: 998f0c91-f727-4973-bd37-e1a81f390f6c{ip: 192.168.30.10, host: pr-hdds-1569-s62bp-3040748787, networkLocation: /default-rack, certSerialId: null}, Type:RATIS, Factor:ONE, State:CLOSED] moved to CLOSED state
2019-09-25 05:50:56,179 [EventQueue-StaleNodeForStaleNodeHandler] INFO  pipeline.SCMPipelineManager (SCMPipelineManager.java:finalizeAndDestroyPipeline(317)) - destroying pipeline:Pipeline[ Id: 770e5f14-4df2-42b3-9108-cb67d72194fa, Nodes: 998f0c91-f727-4973-bd37-e1a81f390f6c{ip: 192.168.30.10, host: pr-hdds-1569-s62bp-3040748787, networkLocation: /default-rack, certSerialId: null}, Type:RATIS, Factor:ONE, State:OPEN]
2019-09-25 05:50:56,179 [EventQueue-StaleNodeForStaleNodeHandler] INFO  pipeline.PipelineStateManager (PipelineStateManager.java:finalizePipeline(123)) - Pipeline Pipeline[ Id: 770e5f14-4df2-42b3-9108-cb67d72194fa, Nodes: 998f0c91-f727-4973-bd37-e1a81f390f6c{ip: 192.168.30.10, host: pr-hdds-1569-s62bp-3040748787, networkLocation: /default-rack, certSerialId: null}, Type:RATIS, Factor:ONE, State:CLOSED] moved to CLOSED state
2019-09-25 05:50:56,252 [main] INFO  ozoneimpl.OzoneContainer (OzoneContainer.java:stop(231)) - Attempting to stop container services.
2019-09-25 05:50:56,277 [ForkJoinPool.commonPool-worker-1] INFO  ozoneimpl.OzoneContainer (OzoneContainer.java:stop(231)) - Attempting to stop container services.
2019-09-25 05:50:56,281 [ForkJoinPool.commonPool-worker-1] INFO  impl.RaftServerProxy (RaftServerProxy.java:lambda$close$4(314)) - 998f0c91-f727-4973-bd37-e1a81f390f6c: close
2019-09-25 05:50:56,281 [ForkJoinPool.commonPool-worker-1] INFO  impl.RaftServerImpl (RaftServerImpl.java:lambda$shutdown$3(251)) - 998f0c91-f727-4973-bd37-e1a81f390f6c@group-4237F2B8CFE5: shutdown
2019-09-25 05:50:56,281 [main] INFO  impl.RaftServerProxy (RaftServerProxy.java:lambda$close$4(314)) - ddf6e088-733e-4b9a-8ca4-5a6f511d9b5a: close
2019-09-25 05:50:56,281 [ForkJoinPool.commonPool-worker-1] INFO  util.JmxRegister (JmxRegister.java:unregister(73)) - Successfully un-registered JMX Bean with object name Ratis:service=RaftServer,group=group-4237F2B8CFE5,id=998f0c91-f727-4973-bd37-e1a81f390f6c
2019-09-25 05:50:56,281 [main] INFO  impl.RaftServerImpl (RaftServerImpl.java:lambda$shutdown$3(251)) - ddf6e088-733e-4b9a-8ca4-5a6f511d9b5a@group-248717DE33E2: shutdown
2019-09-25 05:50:56,281 [ForkJoinPool.commonPool-worker-1] INFO  impl.RoleInfo (RoleInfo.java:shutdownLeaderState(104)) - 998f0c91-f727-4973-bd37-e1a81f390f6c: shutdown LeaderState
2019-09-25 05:50:56,282 [main] INFO  util.JmxRegister (JmxRegister.java:unregister(73)) - Successfully un-registered JMX Bean with object name Ratis:service=RaftServer,group=group-248717DE33E2,id=ddf6e088-733e-4b9a-8ca4-5a6f511d9b5a
2019-09-25 05:50:56,282 [ForkJoinPool.commonPool-worker-1] INFO  impl.PendingRequests (PendingRequests.java:sendNotLeaderResponses(202)) - 998f0c91-f727-4973-bd37-e1a81f390f6c-PendingRequests: sendNotLeaderResponses
2019-09-25 05:50:56,282 [main] INFO  impl.RoleInfo (RoleInfo.java:shutdownLeaderState(104)) - ddf6e088-733e-4b9a-8ca4-5a6f511d9b5a: shutdown LeaderState
2019-09-25 05:50:56,283 [ForkJoinPool.commonPool-worker-1] INFO  impl.StateMachineUpdater (StateMachineUpdater.java:stopAndJoin(125)) - 998f0c91-f727-4973-bd37-e1a81f390f6c@group-4237F2B8CFE5-StateMachineUpdater: set stopIndex = 0
2019-09-25 05:50:56,283 [ForkJoinPool.commonPool-worker-1] INFO  impl.RaftServerImpl (ServerState.java:close(385)) - 998f0c91-f727-4973-bd37-e1a81f390f6c@group-4237F2B8CFE5: closes. applyIndex: 0
2019-09-25 05:50:56,283 [main] INFO  impl.PendingRequests (PendingRequests.java:sendNotLeaderResponses(202)) - ddf6e088-733e-4b9a-8ca4-5a6f511d9b5a-PendingRequests: sendNotLeaderResponses
2019-09-25 05:50:56,283 [998f0c91-f727-4973-bd37-e1a81f390f6c@group-4237F2B8CFE5-SegmentedRaftLogWorker] INFO  segmented.SegmentedRaftLogWorker (SegmentedRaftLogWorker.java:run(313)) - 998f0c91-f727-4973-bd37-e1a81f390f6c@group-4237F2B8CFE5-SegmentedRaftLogWorker was interrupted, exiting. There are 0 tasks remaining in the queue.
2019-09-25 05:50:56,296 [main] INFO  impl.StateMachineUpdater (StateMachineUpdater.java:stopAndJoin(125)) - ddf6e088-733e-4b9a-8ca4-5a6f511d9b5a@group-248717DE33E2-StateMachineUpdater: set stopIndex = 0
2019-09-25 05:50:56,297 [main] INFO  impl.RaftServerImpl (ServerState.java:close(385)) - ddf6e088-733e-4b9a-8ca4-5a6f511d9b5a@group-248717DE33E2: closes. applyIndex: 0
2019-09-25 05:50:56,296 [ForkJoinPool.commonPool-worker-1] INFO  segmented.SegmentedRaftLogWorker (SegmentedRaftLogWorker.java:close(228)) - 998f0c91-f727-4973-bd37-e1a81f390f6c@group-4237F2B8CFE5-SegmentedRaftLogWorker close()
2019-09-25 05:50:56,297 [ddf6e088-733e-4b9a-8ca4-5a6f511d9b5a@group-248717DE33E2-SegmentedRaftLogWorker] INFO  segmented.SegmentedRaftLogWorker (SegmentedRaftLogWorker.java:run(313)) - ddf6e088-733e-4b9a-8ca4-5a6f511d9b5a@group-248717DE33E2-SegmentedRaftLogWorker was interrupted, exiting. There are 0 tasks remaining in the queue.
2019-09-25 05:50:56,297 [ForkJoinPool.commonPool-worker-1] INFO  impl.RaftServerImpl (RaftServerImpl.java:lambda$shutdown$3(251)) - 998f0c91-f727-4973-bd37-e1a81f390f6c@group-414A8ACFA8E4: shutdown
2019-09-25 05:50:56,298 [main] INFO  segmented.SegmentedRaftLogWorker (SegmentedRaftLogWorker.java:close(228)) - ddf6e088-733e-4b9a-8ca4-5a6f511d9b5a@group-248717DE33E2-SegmentedRaftLogWorker close()
2019-09-25 05:50:56,298 [ForkJoinPool.commonPool-worker-1] INFO  util.JmxRegister (JmxRegister.java:unregister(73)) - Successfully un-registered JMX Bean with object name Ratis:service=RaftServer,group=group-414A8ACFA8E4,id=998f0c91-f727-4973-bd37-e1a81f390f6c
2019-09-25 05:50:56,298 [ForkJoinPool.commonPool-worker-1] INFO  impl.RoleInfo (RoleInfo.java:shutdownLeaderState(104)) - 998f0c91-f727-4973-bd37-e1a81f390f6c: shutdown LeaderState
2019-09-25 05:50:56,298 [main] INFO  impl.RaftServerImpl (RaftServerImpl.java:lambda$shutdown$3(251)) - ddf6e088-733e-4b9a-8ca4-5a6f511d9b5a@group-41C79CA68D85: shutdown
2019-09-25 05:50:56,298 [ForkJoinPool.commonPool-worker-1] INFO  impl.PendingRequests (PendingRequests.java:sendNotLeaderResponses(202)) - 998f0c91-f727-4973-bd37-e1a81f390f6c-PendingRequests: sendNotLeaderResponses
2019-09-25 05:50:56,299 [main] INFO  util.JmxRegister (JmxRegister.java:unregister(73)) - Successfully un-registered JMX Bean with object name Ratis:service=RaftServer,group=group-41C79CA68D85,id=ddf6e088-733e-4b9a-8ca4-5a6f511d9b5a
2019-09-25 05:50:56,299 [ForkJoinPool.commonPool-worker-1] INFO  impl.StateMachineUpdater (StateMachineUpdater.java:stopAndJoin(125)) - 998f0c91-f727-4973-bd37-e1a81f390f6c@group-414A8ACFA8E4-StateMachineUpdater: set stopIndex = 0
2019-09-25 05:50:56,299 [ForkJoinPool.commonPool-worker-1] INFO  impl.RaftServerImpl (ServerState.java:close(385)) - 998f0c91-f727-4973-bd37-e1a81f390f6c@group-414A8ACFA8E4: closes. applyIndex: 0
2019-09-25 05:50:56,299 [main] INFO  impl.RoleInfo (RoleInfo.java:shutdownLeaderState(104)) - ddf6e088-733e-4b9a-8ca4-5a6f511d9b5a: shutdown LeaderState
2019-09-25 05:50:56,300 [998f0c91-f727-4973-bd37-e1a81f390f6c@group-414A8ACFA8E4-SegmentedRaftLogWorker] INFO  segmented.SegmentedRaftLogWorker (SegmentedRaftLogWorker.java:run(313)) - 998f0c91-f727-4973-bd37-e1a81f390f6c@group-414A8ACFA8E4-SegmentedRaftLogWorker was interrupted, exiting. There are 0 tasks remaining in the queue.
2019-09-25 05:50:56,300 [main] INFO  impl.PendingRequests (PendingRequests.java:sendNotLeaderResponses(202)) - ddf6e088-733e-4b9a-8ca4-5a6f511d9b5a-PendingRequests: sendNotLeaderResponses
2019-09-25 05:50:56,300 [ForkJoinPool.commonPool-worker-1] INFO  segmented.SegmentedRaftLogWorker (SegmentedRaftLogWorker.java:close(228)) - 998f0c91-f727-4973-bd37-e1a81f390f6c@group-414A8ACFA8E4-SegmentedRaftLogWorker close()
2019-09-25 05:50:56,301 [main] INFO  impl.StateMachineUpdater (StateMachineUpdater.java:stopAndJoin(125)) - ddf6e088-733e-4b9a-8ca4-5a6f511d9b5a@group-41C79CA68D85-StateMachineUpdater: set stopIndex = 0
2019-09-25 05:50:56,301 [main] INFO  impl.RaftServerImpl (ServerState.java:close(385)) - ddf6e088-733e-4b9a-8ca4-5a6f511d9b5a@group-41C79CA68D85: closes. applyIndex: 0
2019-09-25 05:50:56,301 [ForkJoinPool.commonPool-worker-1] INFO  impl.RaftServerImpl (RaftServerImpl.java:lambda$shutdown$3(251)) - 998f0c91-f727-4973-bd37-e1a81f390f6c@group-52AB6426FEED: shutdown
2019-09-25 05:50:56,301 [ddf6e088-733e-4b9a-8ca4-5a6f511d9b5a@group-41C79CA68D85-SegmentedRaftLogWorker] INFO  segmented.SegmentedRaftLogWorker (SegmentedRaftLogWorker.java:run(313)) - ddf6e088-733e-4b9a-8ca4-5a6f511d9b5a@group-41C79CA68D85-SegmentedRaftLogWorker was interrupted, exiting. There are 0 tasks remaining in the queue.
2019-09-25 05:50:56,302 [ForkJoinPool.commonPool-worker-1] INFO  util.JmxRegister (JmxRegister.java:unregister(73)) - Successfully un-registered JMX Bean with object name Ratis:service=RaftServer,group=group-52AB6426FEED,id=998f0c91-f727-4973-bd37-e1a81f390f6c
2019-09-25 05:50:56,302 [main] INFO  segmented.SegmentedRaftLogWorker (SegmentedRaftLogWorker.java:close(228)) - ddf6e088-733e-4b9a-8ca4-5a6f511d9b5a@group-41C79CA68D85-SegmentedRaftLogWorker close()
2019-09-25 05:50:56,302 [ForkJoinPool.commonPool-worker-1] INFO  impl.RoleInfo (RoleInfo.java:shutdownLeaderState(104)) - 998f0c91-f727-4973-bd37-e1a81f390f6c: shutdown LeaderState
2019-09-25 05:50:56,302 [main] INFO  impl.RaftServerImpl (RaftServerImpl.java:lambda$shutdown$3(251)) - ddf6e088-733e-4b9a-8ca4-5a6f511d9b5a@group-30D16DE0CE22: shutdown
2019-09-25 05:50:56,302 [ForkJoinPool.commonPool-worker-1] INFO  impl.PendingRequests (PendingRequests.java:sendNotLeaderResponses(202)) - 998f0c91-f727-4973-bd37-e1a81f390f6c-PendingRequests: sendNotLeaderResponses
2019-09-25 05:50:56,303 [main] INFO  util.JmxRegister (JmxRegister.java:unregister(73)) - Successfully un-registered JMX Bean with object name Ratis:service=RaftServer,group=group-30D16DE0CE22,id=ddf6e088-733e-4b9a-8ca4-5a6f511d9b5a
2019-09-25 05:50:56,303 [ForkJoinPool.commonPool-worker-1] INFO  impl.StateMachineUpdater (StateMachineUpdater.java:stopAndJoin(125)) - 998f0c91-f727-4973-bd37-e1a81f390f6c@group-52AB6426FEED-StateMachineUpdater: set stopIndex = 0
2019-09-25 05:50:56,303 [ForkJoinPool.commonPool-worker-1] INFO  impl.RaftServerImpl (ServerState.java:close(385)) - 998f0c91-f727-4973-bd37-e1a81f390f6c@group-52AB6426FEED: closes. applyIndex: 0
2019-09-25 05:50:56,303 [main] INFO  impl.RoleInfo (RoleInfo.java:shutdownLeaderState(104)) - ddf6e088-733e-4b9a-8ca4-5a6f511d9b5a: shutdown LeaderState
2019-09-25 05:50:56,304 [998f0c91-f727-4973-bd37-e1a81f390f6c@group-52AB6426FEED-SegmentedRaftLogWorker] INFO  segmented.SegmentedRaftLogWorker (SegmentedRaftLogWorker.java:run(313)) - 998f0c91-f727-4973-bd37-e1a81f390f6c@group-52AB6426FEED-SegmentedRaftLogWorker was interrupted, exiting. There are 0 tasks remaining in the queue.
2019-09-25 05:50:56,304 [main] INFO  impl.PendingRequests (PendingRequests.java:sendNotLeaderResponses(202)) - ddf6e088-733e-4b9a-8ca4-5a6f511d9b5a-PendingRequests: sendNotLeaderResponses
2019-09-25 05:50:56,304 [ForkJoinPool.commonPool-worker-1] INFO  segmented.SegmentedRaftLogWorker (SegmentedRaftLogWorker.java:close(228)) - 998f0c91-f727-4973-bd37-e1a81f390f6c@group-52AB6426FEED-SegmentedRaftLogWorker close()
2019-09-25 05:50:56,304 [main] INFO  impl.StateMachineUpdater (StateMachineUpdater.java:stopAndJoin(125)) - ddf6e088-733e-4b9a-8ca4-5a6f511d9b5a@group-30D16DE0CE22-StateMachineUpdater: set stopIndex = 0
2019-09-25 05:50:56,305 [main] INFO  impl.RaftServerImpl (ServerState.java:close(385)) - ddf6e088-733e-4b9a-8ca4-5a6f511d9b5a@group-30D16DE0CE22: closes. applyIndex: 0
2019-09-25 05:50:56,305 [ForkJoinPool.commonPool-worker-1] INFO  impl.RaftServerImpl (RaftServerImpl.java:lambda$shutdown$3(251)) - 998f0c91-f727-4973-bd37-e1a81f390f6c@group-28F89C1EC694: shutdown
2019-09-25 05:50:56,305 [ddf6e088-733e-4b9a-8ca4-5a6f511d9b5a@group-30D16DE0CE22-SegmentedRaftLogWorker] INFO  segmented.SegmentedRaftLogWorker (SegmentedRaftLogWorker.java:run(313)) - ddf6e088-733e-4b9a-8ca4-5a6f511d9b5a@group-30D16DE0CE22-SegmentedRaftLogWorker was interrupted, exiting. There are 0 tasks remaining in the queue.
2019-09-25 05:50:56,305 [ForkJoinPool.commonPool-worker-1] INFO  util.JmxRegister (JmxRegister.java:unregister(73)) - Successfully un-registered JMX Bean with object name Ratis:service=RaftServer,group=group-28F89C1EC694,id=998f0c91-f727-4973-bd37-e1a81f390f6c
2019-09-25 05:50:56,306 [main] INFO  segmented.SegmentedRaftLogWorker (SegmentedRaftLogWorker.java:close(228)) - ddf6e088-733e-4b9a-8ca4-5a6f511d9b5a@group-30D16DE0CE22-SegmentedRaftLogWorker close()
2019-09-25 05:50:56,306 [ForkJoinPool.commonPool-worker-1] INFO  impl.RoleInfo (RoleInfo.java:shutdownLeaderState(104)) - 998f0c91-f727-4973-bd37-e1a81f390f6c: shutdown LeaderState
2019-09-25 05:50:56,306 [main] INFO  impl.RaftServerImpl (RaftServerImpl.java:lambda$shutdown$3(251)) - ddf6e088-733e-4b9a-8ca4-5a6f511d9b5a@group-0A0E24924ED4: shutdown
2019-09-25 05:50:56,306 [ForkJoinPool.commonPool-worker-1] INFO  impl.PendingRequests (PendingRequests.java:sendNotLeaderResponses(202)) - 998f0c91-f727-4973-bd37-e1a81f390f6c-PendingRequests: sendNotLeaderResponses
2019-09-25 05:50:56,307 [main] INFO  util.JmxRegister (JmxRegister.java:unregister(73)) - Successfully un-registered JMX Bean with object name Ratis:service=RaftServer,group=group-0A0E24924ED4,id=ddf6e088-733e-4b9a-8ca4-5a6f511d9b5a
2019-09-25 05:50:56,307 [ForkJoinPool.commonPool-worker-1] INFO  impl.StateMachineUpdater (StateMachineUpdater.java:stopAndJoin(125)) - 998f0c91-f727-4973-bd37-e1a81f390f6c@group-28F89C1EC694-StateMachineUpdater: set stopIndex = 0
2019-09-25 05:50:56,307 [ForkJoinPool.commonPool-worker-1] INFO  impl.RaftServerImpl (ServerState.java:close(385)) - 998f0c91-f727-4973-bd37-e1a81f390f6c@group-28F89C1EC694: closes. applyIndex: 0
2019-09-25 05:50:56,307 [main] INFO  impl.RoleInfo (RoleInfo.java:shutdownLeaderState(104)) - ddf6e088-733e-4b9a-8ca4-5a6f511d9b5a: shutdown LeaderState
2019-09-25 05:50:56,308 [998f0c91-f727-4973-bd37-e1a81f390f6c@group-28F89C1EC694-SegmentedRaftLogWorker] INFO  segmented.SegmentedRaftLogWorker (SegmentedRaftLogWorker.java:run(313)) - 998f0c91-f727-4973-bd37-e1a81f390f6c@group-28F89C1EC694-SegmentedRaftLogWorker was interrupted, exiting. There are 0 tasks remaining in the queue.
2019-09-25 05:50:56,308 [main] INFO  impl.PendingRequests (PendingRequests.java:sendNotLeaderResponses(202)) - ddf6e088-733e-4b9a-8ca4-5a6f511d9b5a-PendingRequests: sendNotLeaderResponses
2019-09-25 05:50:56,308 [ForkJoinPool.commonPool-worker-1] INFO  segmented.SegmentedRaftLogWorker (SegmentedRaftLogWorker.java:close(228)) - 998f0c91-f727-4973-bd37-e1a81f390f6c@group-28F89C1EC694-SegmentedRaftLogWorker close()
2019-09-25 05:50:56,308 [main] INFO  impl.StateMachineUpdater (StateMachineUpdater.java:stopAndJoin(125)) - ddf6e088-733e-4b9a-8ca4-5a6f511d9b5a@group-0A0E24924ED4-StateMachineUpdater: set stopIndex = 0
2019-09-25 05:50:56,309 [main] INFO  impl.RaftServerImpl (ServerState.java:close(385)) - ddf6e088-733e-4b9a-8ca4-5a6f511d9b5a@group-0A0E24924ED4: closes. applyIndex: 0
2019-09-25 05:50:56,309 [ForkJoinPool.commonPool-worker-1] INFO  impl.RaftServerImpl (RaftServerImpl.java:lambda$shutdown$3(251)) - 998f0c91-f727-4973-bd37-e1a81f390f6c@group-117D7D3FA75D: shutdown
2019-09-25 05:50:56,309 [ddf6e088-733e-4b9a-8ca4-5a6f511d9b5a@group-0A0E24924ED4-SegmentedRaftLogWorker] INFO  segmented.SegmentedRaftLogWorker (SegmentedRaftLogWorker.java:run(313)) - ddf6e088-733e-4b9a-8ca4-5a6f511d9b5a@group-0A0E24924ED4-SegmentedRaftLogWorker was interrupted, exiting. There are 0 tasks remaining in the queue.
2019-09-25 05:50:56,309 [ForkJoinPool.commonPool-worker-1] INFO  util.JmxRegister (JmxRegister.java:unregister(73)) - Successfully un-registered JMX Bean with object name Ratis:service=RaftServer,group=group-117D7D3FA75D,id=998f0c91-f727-4973-bd37-e1a81f390f6c
2019-09-25 05:50:56,310 [main] INFO  segmented.SegmentedRaftLogWorker (SegmentedRaftLogWorker.java:close(228)) - ddf6e088-733e-4b9a-8ca4-5a6f511d9b5a@group-0A0E24924ED4-SegmentedRaftLogWorker close()
2019-09-25 05:50:56,310 [ForkJoinPool.commonPool-worker-1] INFO  impl.RoleInfo (RoleInfo.java:shutdownLeaderState(104)) - 998f0c91-f727-4973-bd37-e1a81f390f6c: shutdown LeaderState
2019-09-25 05:50:56,310 [main] INFO  impl.RaftServerImpl (RaftServerImpl.java:lambda$shutdown$3(251)) - ddf6e088-733e-4b9a-8ca4-5a6f511d9b5a@group-F41F05FBB1D3: shutdown
2019-09-25 05:50:56,310 [ForkJoinPool.commonPool-worker-1] INFO  impl.PendingRequests (PendingRequests.java:sendNotLeaderResponses(202)) - 998f0c91-f727-4973-bd37-e1a81f390f6c-PendingRequests: sendNotLeaderResponses
2019-09-25 05:50:56,311 [main] INFO  util.JmxRegister (JmxRegister.java:unregister(73)) - Successfully un-registered JMX Bean with object name Ratis:service=RaftServer,group=group-F41F05FBB1D3,id=ddf6e088-733e-4b9a-8ca4-5a6f511d9b5a
2019-09-25 05:50:56,311 [main] INFO  impl.RoleInfo (RoleInfo.java:shutdownLeaderState(104)) - ddf6e088-733e-4b9a-8ca4-5a6f511d9b5a: shutdown LeaderState
2019-09-25 05:50:56,311 [ForkJoinPool.commonPool-worker-1] INFO  impl.StateMachineUpdater (StateMachineUpdater.java:stopAndJoin(125)) - 998f0c91-f727-4973-bd37-e1a81f390f6c@group-117D7D3FA75D-StateMachineUpdater: set stopIndex = 0
2019-09-25 05:50:56,312 [ForkJoinPool.commonPool-worker-1] INFO  impl.RaftServerImpl (ServerState.java:close(385)) - 998f0c91-f727-4973-bd37-e1a81f390f6c@group-117D7D3FA75D: closes. applyIndex: 0
2019-09-25 05:50:56,312 [main] INFO  impl.PendingRequests (PendingRequests.java:sendNotLeaderResponses(202)) - ddf6e088-733e-4b9a-8ca4-5a6f511d9b5a-PendingRequests: sendNotLeaderResponses
2019-09-25 05:50:56,312 [998f0c91-f727-4973-bd37-e1a81f390f6c@group-117D7D3FA75D-SegmentedRaftLogWorker] INFO  segmented.SegmentedRaftLogWorker (SegmentedRaftLogWorker.java:run(313)) - 998f0c91-f727-4973-bd37-e1a81f390f6c@group-117D7D3FA75D-SegmentedRaftLogWorker was interrupted, exiting. There are 0 tasks remaining in the queue.
2019-09-25 05:50:56,312 [main] INFO  impl.StateMachineUpdater (StateMachineUpdater.java:stopAndJoin(125)) - ddf6e088-733e-4b9a-8ca4-5a6f511d9b5a@group-F41F05FBB1D3-StateMachineUpdater: set stopIndex = 0
2019-09-25 05:50:56,313 [main] INFO  impl.RaftServerImpl (ServerState.java:close(385)) - ddf6e088-733e-4b9a-8ca4-5a6f511d9b5a@group-F41F05FBB1D3: closes. applyIndex: 0
2019-09-25 05:50:56,313 [ForkJoinPool.commonPool-worker-1] INFO  segmented.SegmentedRaftLogWorker (SegmentedRaftLogWorker.java:close(228)) - 998f0c91-f727-4973-bd37-e1a81f390f6c@group-117D7D3FA75D-SegmentedRaftLogWorker close()
2019-09-25 05:50:56,313 [ddf6e088-733e-4b9a-8ca4-5a6f511d9b5a@group-F41F05FBB1D3-SegmentedRaftLogWorker] INFO  segmented.SegmentedRaftLogWorker (SegmentedRaftLogWorker.java:run(313)) - ddf6e088-733e-4b9a-8ca4-5a6f511d9b5a@group-F41F05FBB1D3-SegmentedRaftLogWorker was interrupted, exiting. There are 0 tasks remaining in the queue.
2019-09-25 05:50:56,313 [ForkJoinPool.commonPool-worker-1] INFO  impl.RaftServerImpl (RaftServerImpl.java:lambda$shutdown$3(251)) - 998f0c91-f727-4973-bd37-e1a81f390f6c@group-CB67D72194FA: shutdown
2019-09-25 05:50:56,314 [main] INFO  segmented.SegmentedRaftLogWorker (SegmentedRaftLogWorker.java:close(228)) - ddf6e088-733e-4b9a-8ca4-5a6f511d9b5a@group-F41F05FBB1D3-SegmentedRaftLogWorker close()
2019-09-25 05:50:56,314 [ForkJoinPool.commonPool-worker-1] INFO  util.JmxRegister (JmxRegister.java:unregister(73)) - Successfully un-registered JMX Bean with object name Ratis:service=RaftServer,group=group-CB67D72194FA,id=998f0c91-f727-4973-bd37-e1a81f390f6c
2019-09-25 05:50:56,314 [ForkJoinPool.commonPool-worker-1] INFO  impl.RoleInfo (RoleInfo.java:shutdownLeaderState(104)) - 998f0c91-f727-4973-bd37-e1a81f390f6c: shutdown LeaderState
2019-09-25 05:50:56,314 [main] INFO  impl.RaftServerImpl (RaftServerImpl.java:lambda$shutdown$3(251)) - ddf6e088-733e-4b9a-8ca4-5a6f511d9b5a@group-EB4AFF479D1F: shutdown
2019-09-25 05:50:56,314 [ForkJoinPool.commonPool-worker-1] INFO  impl.PendingRequests (PendingRequests.java:sendNotLeaderResponses(202)) - 998f0c91-f727-4973-bd37-e1a81f390f6c-PendingRequests: sendNotLeaderResponses
2019-09-25 05:50:56,315 [main] INFO  util.JmxRegister (JmxRegister.java:unregister(73)) - Successfully un-registered JMX Bean with object name Ratis:service=RaftServer,group=group-EB4AFF479D1F,id=ddf6e088-733e-4b9a-8ca4-5a6f511d9b5a
2019-09-25 05:50:56,315 [main] INFO  impl.RoleInfo (RoleInfo.java:shutdownLeaderState(104)) - ddf6e088-733e-4b9a-8ca4-5a6f511d9b5a: shutdown LeaderState
2019-09-25 05:50:56,315 [ForkJoinPool.commonPool-worker-1] INFO  impl.StateMachineUpdater (StateMachineUpdater.java:stopAndJoin(125)) - 998f0c91-f727-4973-bd37-e1a81f390f6c@group-CB67D72194FA-StateMachineUpdater: set stopIndex = 0
2019-09-25 05:50:56,316 [ForkJoinPool.commonPool-worker-1] INFO  impl.RaftServerImpl (ServerState.java:close(385)) - 998f0c91-f727-4973-bd37-e1a81f390f6c@group-CB67D72194FA: closes. applyIndex: 0
2019-09-25 05:50:56,316 [main] INFO  impl.PendingRequests (PendingRequests.java:sendNotLeaderResponses(202)) - ddf6e088-733e-4b9a-8ca4-5a6f511d9b5a-PendingRequests: sendNotLeaderResponses
2019-09-25 05:50:56,316 [998f0c91-f727-4973-bd37-e1a81f390f6c@group-CB67D72194FA-SegmentedRaftLogWorker] INFO  segmented.SegmentedRaftLogWorker (SegmentedRaftLogWorker.java:run(313)) - 998f0c91-f727-4973-bd37-e1a81f390f6c@group-CB67D72194FA-SegmentedRaftLogWorker was interrupted, exiting. There are 0 tasks remaining in the queue.
2019-09-25 05:50:56,316 [main] INFO  impl.StateMachineUpdater (StateMachineUpdater.java:stopAndJoin(125)) - ddf6e088-733e-4b9a-8ca4-5a6f511d9b5a@group-EB4AFF479D1F-StateMachineUpdater: set stopIndex = 0
2019-09-25 05:50:56,317 [ForkJoinPool.commonPool-worker-1] INFO  segmented.SegmentedRaftLogWorker (SegmentedRaftLogWorker.java:close(228)) - 998f0c91-f727-4973-bd37-e1a81f390f6c@group-CB67D72194FA-SegmentedRaftLogWorker close()
2019-09-25 05:50:56,317 [main] INFO  impl.RaftServerImpl (ServerState.java:close(385)) - ddf6e088-733e-4b9a-8ca4-5a6f511d9b5a@group-EB4AFF479D1F: closes. applyIndex: 0
2019-09-25 05:50:56,317 [ForkJoinPool.commonPool-worker-1] INFO  server.GrpcService (GrpcService.java:closeImpl(164)) - 998f0c91-f727-4973-bd37-e1a81f390f6c: shutdown server with port 43497 now
2019-09-25 05:50:56,317 [ddf6e088-733e-4b9a-8ca4-5a6f511d9b5a@group-EB4AFF479D1F-SegmentedRaftLogWorker] INFO  segmented.SegmentedRaftLogWorker (SegmentedRaftLogWorker.java:run(313)) - ddf6e088-733e-4b9a-8ca4-5a6f511d9b5a@group-EB4AFF479D1F-SegmentedRaftLogWorker was interrupted, exiting. There are 0 tasks remaining in the queue.
2019-09-25 05:50:56,320 [ForkJoinPool.commonPool-worker-1] INFO  server.GrpcService (GrpcService.java:closeImpl(172)) - 998f0c91-f727-4973-bd37-e1a81f390f6c: shutdown server with port 43497 successfully
2019-09-25 05:50:56,321 [main] INFO  segmented.SegmentedRaftLogWorker (SegmentedRaftLogWorker.java:close(228)) - ddf6e088-733e-4b9a-8ca4-5a6f511d9b5a@group-EB4AFF479D1F-SegmentedRaftLogWorker close()
2019-09-25 05:50:56,321 [main] INFO  server.GrpcService (GrpcService.java:closeImpl(164)) - ddf6e088-733e-4b9a-8ca4-5a6f511d9b5a: shutdown server with port 39166 now
2019-09-25 05:50:56,324 [main] INFO  server.GrpcService (GrpcService.java:closeImpl(172)) - ddf6e088-733e-4b9a-8ca4-5a6f511d9b5a: shutdown server with port 39166 successfully
2019-09-25 05:50:56,329 [refreshUsed-/workdir/hadoop-ozone/integration-test/target/test-dir/MiniOzoneClusterImpl-28dc08f8-08b8-4dfd-b771-8384b6a2d499/datanode-2/data/containers] WARN  fs.CachingGetSpaceUsed (CachingGetSpaceUsed.java:run(183)) - Thread Interrupted waiting to refresh disk information: sleep interrupted
2019-09-25 05:50:56,330 [refreshUsed-/workdir/hadoop-ozone/integration-test/target/test-dir/MiniOzoneClusterImpl-28dc08f8-08b8-4dfd-b771-8384b6a2d499/datanode-3/data/containers] WARN  fs.CachingGetSpaceUsed (CachingGetSpaceUsed.java:run(183)) - Thread Interrupted waiting to refresh disk information: sleep interrupted
2019-09-25 05:50:56,340 [main] INFO  utils.BackgroundService (BackgroundService.java:shutdown(148)) - Shutting down service BlockDeletingService
2019-09-25 05:50:56,347 [main] INFO  statemachine.DatanodeStateMachine (DatanodeStateMachine.java:stopDaemon(395)) - Ozone container server stopped.
2019-09-25 05:50:56,348 [main] INFO  handler.ContextHandler (ContextHandler.java:doStop(910)) - Stopped o.e.j.w.WebAppContext@5ef2cbe6{/,null,UNAVAILABLE}{/hddsDatanode}
2019-09-25 05:50:56,349 [main] INFO  server.AbstractConnector (AbstractConnector.java:doStop(318)) - Stopped ServerConnector@266da047{HTTP/1.1,[http/1.1]}{0.0.0.0:0}
2019-09-25 05:50:56,349 [main] INFO  handler.ContextHandler (ContextHandler.java:doStop(910)) - Stopped o.e.j.s.ServletContextHandler@8383a14{/static,jar:file:/home/user/.m2/repository/org/apache/hadoop/hadoop-hdds-container-service/0.5.0-SNAPSHOT/hadoop-hdds-container-service-0.5.0-SNAPSHOT.jar!/webapps/static,UNAVAILABLE}
2019-09-25 05:50:56,349 [main] INFO  handler.ContextHandler (ContextHandler.java:doStop(910)) - Stopped o.e.j.s.ServletContextHandler@84f51d9{/logs,file:///workdir/hadoop-ozone/integration-test/target/log,UNAVAILABLE}
2019-09-25 05:50:56,351 [ForkJoinPool.commonPool-worker-1] INFO  utils.BackgroundService (BackgroundService.java:shutdown(148)) - Shutting down service BlockDeletingService
2019-09-25 05:50:56,357 [ForkJoinPool.commonPool-worker-1] INFO  statemachine.DatanodeStateMachine (DatanodeStateMachine.java:stopDaemon(395)) - Ozone container server stopped.
2019-09-25 05:50:56,366 [ForkJoinPool.commonPool-worker-1] INFO  handler.ContextHandler (ContextHandler.java:doStop(910)) - Stopped o.e.j.w.WebAppContext@4f8659d0{/,null,UNAVAILABLE}{/hddsDatanode}
2019-09-25 05:50:56,366 [ForkJoinPool.commonPool-worker-1] INFO  server.AbstractConnector (AbstractConnector.java:doStop(318)) - Stopped ServerConnector@278fe428{HTTP/1.1,[http/1.1]}{0.0.0.0:0}
2019-09-25 05:50:56,370 [ForkJoinPool.commonPool-worker-1] INFO  handler.ContextHandler (ContextHandler.java:doStop(910)) - Stopped o.e.j.s.ServletContextHandler@5835e24a{/static,jar:file:/home/user/.m2/repository/org/apache/hadoop/hadoop-hdds-container-service/0.5.0-SNAPSHOT/hadoop-hdds-container-service-0.5.0-SNAPSHOT.jar!/webapps/static,UNAVAILABLE}
2019-09-25 05:50:56,373 [ForkJoinPool.commonPool-worker-1] INFO  handler.ContextHandler (ContextHandler.java:doStop(910)) - Stopped o.e.j.s.ServletContextHandler@674184d{/logs,file:///workdir/hadoop-ozone/integration-test/target/log,UNAVAILABLE}
2019-09-25 05:50:56,793 [Datanode State Machine Thread - 0] INFO  statemachine.DatanodeStateMachine (DatanodeStateMachine.java:lambda$startDaemon$0(350)) - Ozone container server started.
2019-09-25 05:50:57,032 [Datanode State Machine Thread - 0] INFO  statemachine.DatanodeStateMachine (DatanodeStateMachine.java:lambda$startDaemon$0(350)) - Ozone container server started.
2019-09-25 05:51:00,886 [EventQueue-StaleNodeForStaleNodeHandler] INFO  node.StaleNodeHandler (StaleNodeHandler.java:onMessage(58)) - Datanode 91378772-90ea-4250-835f-6b2053232693{ip: 192.168.30.10, host: pr-hdds-1569-s62bp-3040748787, networkLocation: /default-rack, certSerialId: null} moved to stale state. Finalizing its pipelines [PipelineID=7235882f-132e-4c09-a0d9-300ff847675c, PipelineID=797e09e0-0cc2-4b67-aa91-82254b342138, PipelineID=c709a180-7a14-4b70-bfbd-f9b06eab103e, PipelineID=1b9a4d9a-dd28-4f69-9565-b9146dac014a, PipelineID=41a105a5-f370-44f7-acf7-49b8cf3ca0b7, PipelineID=38b74a07-735e-4bea-b28a-85a820f1931c]
2019-09-25 05:51:00,887 [EventQueue-StaleNodeForStaleNodeHandler] INFO  pipeline.SCMPipelineManager (SCMPipelineManager.java:finalizeAndDestroyPipeline(317)) - destroying pipeline:Pipeline[ Id: 7235882f-132e-4c09-a0d9-300ff847675c, Nodes: 91378772-90ea-4250-835f-6b2053232693{ip: 192.168.30.10, host: pr-hdds-1569-s62bp-3040748787, networkLocation: /default-rack, certSerialId: null}, Type:RATIS, Factor:ONE, State:OPEN]
2019-09-25 05:51:00,887 [EventQueue-StaleNodeForStaleNodeHandler] INFO  pipeline.PipelineStateManager (PipelineStateManager.java:finalizePipeline(123)) - Pipeline Pipeline[ Id: 7235882f-132e-4c09-a0d9-300ff847675c, Nodes: 91378772-90ea-4250-835f-6b2053232693{ip: 192.168.30.10, host: pr-hdds-1569-s62bp-3040748787, networkLocation: /default-rack, certSerialId: null}, Type:RATIS, Factor:ONE, State:CLOSED] moved to CLOSED state
2019-09-25 05:51:00,887 [EventQueue-StaleNodeForStaleNodeHandler] INFO  pipeline.SCMPipelineManager (SCMPipelineManager.java:finalizeAndDestroyPipeline(317)) - destroying pipeline:Pipeline[ Id: 797e09e0-0cc2-4b67-aa91-82254b342138, Nodes: 91378772-90ea-4250-835f-6b2053232693{ip: 192.168.30.10, host: pr-hdds-1569-s62bp-3040748787, networkLocation: /default-rack, certSerialId: null}, Type:RATIS, Factor:ONE, State:OPEN]
2019-09-25 05:51:00,887 [EventQueue-StaleNodeForStaleNodeHandler] INFO  pipeline.PipelineStateManager (PipelineStateManager.java:finalizePipeline(123)) - Pipeline Pipeline[ Id: 797e09e0-0cc2-4b67-aa91-82254b342138, Nodes: 91378772-90ea-4250-835f-6b2053232693{ip: 192.168.30.10, host: pr-hdds-1569-s62bp-3040748787, networkLocation: /default-rack, certSerialId: null}, Type:RATIS, Factor:ONE, State:CLOSED] moved to CLOSED state
2019-09-25 05:51:00,887 [EventQueue-StaleNodeForStaleNodeHandler] INFO  pipeline.SCMPipelineManager (SCMPipelineManager.java:finalizeAndDestroyPipeline(317)) - destroying pipeline:Pipeline[ Id: c709a180-7a14-4b70-bfbd-f9b06eab103e, Nodes: 91378772-90ea-4250-835f-6b2053232693{ip: 192.168.30.10, host: pr-hdds-1569-s62bp-3040748787, networkLocation: /default-rack, certSerialId: null}, Type:RATIS, Factor:ONE, State:OPEN]
2019-09-25 05:51:00,887 [EventQueue-StaleNodeForStaleNodeHandler] INFO  pipeline.PipelineStateManager (PipelineStateManager.java:finalizePipeline(123)) - Pipeline Pipeline[ Id: c709a180-7a14-4b70-bfbd-f9b06eab103e, Nodes: 91378772-90ea-4250-835f-6b2053232693{ip: 192.168.30.10, host: pr-hdds-1569-s62bp-3040748787, networkLocation: /default-rack, certSerialId: null}, Type:RATIS, Factor:ONE, State:CLOSED] moved to CLOSED state
2019-09-25 05:51:00,887 [EventQueue-StaleNodeForStaleNodeHandler] INFO  pipeline.SCMPipelineManager (SCMPipelineManager.java:finalizeAndDestroyPipeline(317)) - destroying pipeline:Pipeline[ Id: 1b9a4d9a-dd28-4f69-9565-b9146dac014a, Nodes: 91378772-90ea-4250-835f-6b2053232693{ip: 192.168.30.10, host: pr-hdds-1569-s62bp-3040748787, networkLocation: /default-rack, certSerialId: null}, Type:RATIS, Factor:ONE, State:OPEN]
2019-09-25 05:51:00,888 [EventQueue-StaleNodeForStaleNodeHandler] INFO  pipeline.PipelineStateManager (PipelineStateManager.java:finalizePipeline(123)) - Pipeline Pipeline[ Id: 1b9a4d9a-dd28-4f69-9565-b9146dac014a, Nodes: 91378772-90ea-4250-835f-6b2053232693{ip: 192.168.30.10, host: pr-hdds-1569-s62bp-3040748787, networkLocation: /default-rack, certSerialId: null}, Type:RATIS, Factor:ONE, State:CLOSED] moved to CLOSED state
2019-09-25 05:51:00,888 [EventQueue-StaleNodeForStaleNodeHandler] INFO  pipeline.SCMPipelineManager (SCMPipelineManager.java:finalizeAndDestroyPipeline(317)) - destroying pipeline:Pipeline[ Id: 41a105a5-f370-44f7-acf7-49b8cf3ca0b7, Nodes: 91378772-90ea-4250-835f-6b2053232693{ip: 192.168.30.10, host: pr-hdds-1569-s62bp-3040748787, networkLocation: /default-rack, certSerialId: null}, Type:RATIS, Factor:ONE, State:OPEN]
2019-09-25 05:51:00,888 [EventQueue-StaleNodeForStaleNodeHandler] INFO  pipeline.PipelineStateManager (PipelineStateManager.java:finalizePipeline(123)) - Pipeline Pipeline[ Id: 41a105a5-f370-44f7-acf7-49b8cf3ca0b7, Nodes: 91378772-90ea-4250-835f-6b2053232693{ip: 192.168.30.10, host: pr-hdds-1569-s62bp-3040748787, networkLocation: /default-rack, certSerialId: null}, Type:RATIS, Factor:ONE, State:CLOSED] moved to CLOSED state
2019-09-25 05:51:00,888 [EventQueue-StaleNodeForStaleNodeHandler] INFO  pipeline.SCMPipelineManager (SCMPipelineManager.java:finalizeAndDestroyPipeline(317)) - destroying pipeline:Pipeline[ Id: 38b74a07-735e-4bea-b28a-85a820f1931c, Nodes: 91378772-90ea-4250-835f-6b2053232693{ip: 192.168.30.10, host: pr-hdds-1569-s62bp-3040748787, networkLocation: /default-rack, certSerialId: null}, Type:RATIS, Factor:ONE, State:OPEN]
2019-09-25 05:51:00,888 [EventQueue-StaleNodeForStaleNodeHandler] INFO  pipeline.PipelineStateManager (PipelineStateManager.java:finalizePipeline(123)) - Pipeline Pipeline[ Id: 38b74a07-735e-4bea-b28a-85a820f1931c, Nodes: 91378772-90ea-4250-835f-6b2053232693{ip: 192.168.30.10, host: pr-hdds-1569-s62bp-3040748787, networkLocation: /default-rack, certSerialId: null}, Type:RATIS, Factor:ONE, State:CLOSED] moved to CLOSED state
2019-09-25 05:51:01,087 [EventQueue-StaleNodeForStaleNodeHandler] INFO  node.StaleNodeHandler (StaleNodeHandler.java:onMessage(58)) - Datanode 49655598-56f4-41c4-a924-b5d2880a3f2f{ip: 192.168.30.10, host: pr-hdds-1569-s62bp-3040748787, networkLocation: /default-rack, certSerialId: null} moved to stale state. Finalizing its pipelines [PipelineID=a157503b-b7a8-462a-b33c-879a36d65b4e, PipelineID=81f8d1bd-ed4f-44b4-bb59-13e8e4ae7c93, PipelineID=f9a82604-df27-405c-8b98-04046c77d158, PipelineID=832c8fca-d212-4076-ba20-169e900c0b66, PipelineID=c407f1e2-bc58-4b77-bf72-f222b3313dd0, PipelineID=e1d30923-ff89-4c81-bfc7-0c1d776059cf]
2019-09-25 05:51:01,087 [EventQueue-StaleNodeForStaleNodeHandler] INFO  pipeline.SCMPipelineManager (SCMPipelineManager.java:finalizeAndDestroyPipeline(317)) - destroying pipeline:Pipeline[ Id: a157503b-b7a8-462a-b33c-879a36d65b4e, Nodes: 49655598-56f4-41c4-a924-b5d2880a3f2f{ip: 192.168.30.10, host: pr-hdds-1569-s62bp-3040748787, networkLocation: /default-rack, certSerialId: null}, Type:RATIS, Factor:ONE, State:OPEN]
2019-09-25 05:51:01,087 [EventQueue-StaleNodeForStaleNodeHandler] INFO  pipeline.PipelineStateManager (PipelineStateManager.java:finalizePipeline(123)) - Pipeline Pipeline[ Id: a157503b-b7a8-462a-b33c-879a36d65b4e, Nodes: 49655598-56f4-41c4-a924-b5d2880a3f2f{ip: 192.168.30.10, host: pr-hdds-1569-s62bp-3040748787, networkLocation: /default-rack, certSerialId: null}, Type:RATIS, Factor:ONE, State:CLOSED] moved to CLOSED state
2019-09-25 05:51:01,087 [EventQueue-StaleNodeForStaleNodeHandler] INFO  pipeline.SCMPipelineManager (SCMPipelineManager.java:finalizeAndDestroyPipeline(317)) - destroying pipeline:Pipeline[ Id: 81f8d1bd-ed4f-44b4-bb59-13e8e4ae7c93, Nodes: 49655598-56f4-41c4-a924-b5d2880a3f2f{ip: 192.168.30.10, host: pr-hdds-1569-s62bp-3040748787, networkLocation: /default-rack, certSerialId: null}, Type:RATIS, Factor:ONE, State:OPEN]
2019-09-25 05:51:01,087 [EventQueue-StaleNodeForStaleNodeHandler] INFO  pipeline.PipelineStateManager (PipelineStateManager.java:finalizePipeline(123)) - Pipeline Pipeline[ Id: 81f8d1bd-ed4f-44b4-bb59-13e8e4ae7c93, Nodes: 49655598-56f4-41c4-a924-b5d2880a3f2f{ip: 192.168.30.10, host: pr-hdds-1569-s62bp-3040748787, networkLocation: /default-rack, certSerialId: null}, Type:RATIS, Factor:ONE, State:CLOSED] moved to CLOSED state
2019-09-25 05:51:01,088 [EventQueue-StaleNodeForStaleNodeHandler] INFO  pipeline.SCMPipelineManager (SCMPipelineManager.java:finalizeAndDestroyPipeline(317)) - destroying pipeline:Pipeline[ Id: f9a82604-df27-405c-8b98-04046c77d158, Nodes: 49655598-56f4-41c4-a924-b5d2880a3f2f{ip: 192.168.30.10, host: pr-hdds-1569-s62bp-3040748787, networkLocation: /default-rack, certSerialId: null}, Type:RATIS, Factor:ONE, State:OPEN]
2019-09-25 05:51:01,088 [EventQueue-StaleNodeForStaleNodeHandler] INFO  pipeline.PipelineStateManager (PipelineStateManager.java:finalizePipeline(123)) - Pipeline Pipeline[ Id: f9a82604-df27-405c-8b98-04046c77d158, Nodes: 49655598-56f4-41c4-a924-b5d2880a3f2f{ip: 192.168.30.10, host: pr-hdds-1569-s62bp-3040748787, networkLocation: /default-rack, certSerialId: null}, Type:RATIS, Factor:ONE, State:CLOSED] moved to CLOSED state
2019-09-25 05:51:01,088 [EventQueue-StaleNodeForStaleNodeHandler] INFO  pipeline.SCMPipelineManager (SCMPipelineManager.java:finalizeAndDestroyPipeline(317)) - destroying pipeline:Pipeline[ Id: 832c8fca-d212-4076-ba20-169e900c0b66, Nodes: 49655598-56f4-41c4-a924-b5d2880a3f2f{ip: 192.168.30.10, host: pr-hdds-1569-s62bp-3040748787, networkLocation: /default-rack, certSerialId: null}, Type:RATIS, Factor:ONE, State:OPEN]
2019-09-25 05:51:01,088 [EventQueue-StaleNodeForStaleNodeHandler] INFO  pipeline.PipelineStateManager (PipelineStateManager.java:finalizePipeline(123)) - Pipeline Pipeline[ Id: 832c8fca-d212-4076-ba20-169e900c0b66, Nodes: 49655598-56f4-41c4-a924-b5d2880a3f2f{ip: 192.168.30.10, host: pr-hdds-1569-s62bp-3040748787, networkLocation: /default-rack, certSerialId: null}, Type:RATIS, Factor:ONE, State:CLOSED] moved to CLOSED state
2019-09-25 05:51:01,088 [EventQueue-StaleNodeForStaleNodeHandler] INFO  pipeline.SCMPipelineManager (SCMPipelineManager.java:finalizeAndDestroyPipeline(317)) - destroying pipeline:Pipeline[ Id: c407f1e2-bc58-4b77-bf72-f222b3313dd0, Nodes: 49655598-56f4-41c4-a924-b5d2880a3f2f{ip: 192.168.30.10, host: pr-hdds-1569-s62bp-3040748787, networkLocation: /default-rack, certSerialId: null}, Type:RATIS, Factor:ONE, State:OPEN]
2019-09-25 05:51:01,088 [EventQueue-StaleNodeForStaleNodeHandler] INFO  pipeline.PipelineStateManager (PipelineStateManager.java:finalizePipeline(123)) - Pipeline Pipeline[ Id: c407f1e2-bc58-4b77-bf72-f222b3313dd0, Nodes: 49655598-56f4-41c4-a924-b5d2880a3f2f{ip: 192.168.30.10, host: pr-hdds-1569-s62bp-3040748787, networkLocation: /default-rack, certSerialId: null}, Type:RATIS, Factor:ONE, State:CLOSED] moved to CLOSED state
2019-09-25 05:51:01,088 [EventQueue-StaleNodeForStaleNodeHandler] INFO  pipeline.SCMPipelineManager (SCMPipelineManager.java:finalizeAndDestroyPipeline(317)) - destroying pipeline:Pipeline[ Id: e1d30923-ff89-4c81-bfc7-0c1d776059cf, Nodes: 49655598-56f4-41c4-a924-b5d2880a3f2f{ip: 192.168.30.10, host: pr-hdds-1569-s62bp-3040748787, networkLocation: /default-rack, certSerialId: null}, Type:RATIS, Factor:ONE, State:OPEN]
2019-09-25 05:51:01,089 [EventQueue-StaleNodeForStaleNodeHandler] INFO  pipeline.PipelineStateManager (PipelineStateManager.java:finalizePipeline(123)) - Pipeline Pipeline[ Id: e1d30923-ff89-4c81-bfc7-0c1d776059cf, Nodes: 49655598-56f4-41c4-a924-b5d2880a3f2f{ip: 192.168.30.10, host: pr-hdds-1569-s62bp-3040748787, networkLocation: /default-rack, certSerialId: null}, Type:RATIS, Factor:ONE, State:CLOSED] moved to CLOSED state
2019-09-25 05:51:01,350 [main] INFO  ozoneimpl.OzoneContainer (OzoneContainer.java:stop(231)) - Attempting to stop container services.
2019-09-25 05:51:01,356 [main] INFO  impl.RaftServerProxy (RaftServerProxy.java:lambda$close$4(314)) - 91378772-90ea-4250-835f-6b2053232693: close
2019-09-25 05:51:01,356 [main] INFO  impl.RaftServerImpl (RaftServerImpl.java:lambda$shutdown$3(251)) - 91378772-90ea-4250-835f-6b2053232693@group-F9B06EAB103E: shutdown
2019-09-25 05:51:01,356 [main] INFO  util.JmxRegister (JmxRegister.java:unregister(73)) - Successfully un-registered JMX Bean with object name Ratis:service=RaftServer,group=group-F9B06EAB103E,id=91378772-90ea-4250-835f-6b2053232693
2019-09-25 05:51:01,357 [main] INFO  impl.RoleInfo (RoleInfo.java:shutdownLeaderState(104)) - 91378772-90ea-4250-835f-6b2053232693: shutdown LeaderState
2019-09-25 05:51:01,357 [main] INFO  impl.PendingRequests (PendingRequests.java:sendNotLeaderResponses(202)) - 91378772-90ea-4250-835f-6b2053232693-PendingRequests: sendNotLeaderResponses
2019-09-25 05:51:01,357 [main] INFO  impl.StateMachineUpdater (StateMachineUpdater.java:stopAndJoin(125)) - 91378772-90ea-4250-835f-6b2053232693@group-F9B06EAB103E-StateMachineUpdater: set stopIndex = 0
2019-09-25 05:51:01,357 [main] INFO  impl.RaftServerImpl (ServerState.java:close(385)) - 91378772-90ea-4250-835f-6b2053232693@group-F9B06EAB103E: closes. applyIndex: 0
2019-09-25 05:51:01,358 [91378772-90ea-4250-835f-6b2053232693@group-F9B06EAB103E-SegmentedRaftLogWorker] INFO  segmented.SegmentedRaftLogWorker (SegmentedRaftLogWorker.java:run(313)) - 91378772-90ea-4250-835f-6b2053232693@group-F9B06EAB103E-SegmentedRaftLogWorker was interrupted, exiting. There are 0 tasks remaining in the queue.
2019-09-25 05:51:01,358 [main] INFO  segmented.SegmentedRaftLogWorker (SegmentedRaftLogWorker.java:close(228)) - 91378772-90ea-4250-835f-6b2053232693@group-F9B06EAB103E-SegmentedRaftLogWorker close()
2019-09-25 05:51:01,358 [main] INFO  impl.RaftServerImpl (RaftServerImpl.java:lambda$shutdown$3(251)) - 91378772-90ea-4250-835f-6b2053232693@group-B9146DAC014A: shutdown
2019-09-25 05:51:01,359 [main] INFO  util.JmxRegister (JmxRegister.java:unregister(73)) - Successfully un-registered JMX Bean with object name Ratis:service=RaftServer,group=group-B9146DAC014A,id=91378772-90ea-4250-835f-6b2053232693
2019-09-25 05:51:01,359 [main] INFO  impl.RoleInfo (RoleInfo.java:shutdownLeaderState(104)) - 91378772-90ea-4250-835f-6b2053232693: shutdown LeaderState
2019-09-25 05:51:01,359 [main] INFO  impl.PendingRequests (PendingRequests.java:sendNotLeaderResponses(202)) - 91378772-90ea-4250-835f-6b2053232693-PendingRequests: sendNotLeaderResponses
2019-09-25 05:51:01,359 [main] INFO  impl.StateMachineUpdater (StateMachineUpdater.java:stopAndJoin(125)) - 91378772-90ea-4250-835f-6b2053232693@group-B9146DAC014A-StateMachineUpdater: set stopIndex = 0
2019-09-25 05:51:01,360 [main] INFO  impl.RaftServerImpl (ServerState.java:close(385)) - 91378772-90ea-4250-835f-6b2053232693@group-B9146DAC014A: closes. applyIndex: 0
2019-09-25 05:51:01,360 [91378772-90ea-4250-835f-6b2053232693@group-B9146DAC014A-SegmentedRaftLogWorker] INFO  segmented.SegmentedRaftLogWorker (SegmentedRaftLogWorker.java:run(313)) - 91378772-90ea-4250-835f-6b2053232693@group-B9146DAC014A-SegmentedRaftLogWorker was interrupted, exiting. There are 0 tasks remaining in the queue.
2019-09-25 05:51:01,360 [main] INFO  segmented.SegmentedRaftLogWorker (SegmentedRaftLogWorker.java:close(228)) - 91378772-90ea-4250-835f-6b2053232693@group-B9146DAC014A-SegmentedRaftLogWorker close()
2019-09-25 05:51:01,360 [main] INFO  impl.RaftServerImpl (RaftServerImpl.java:lambda$shutdown$3(251)) - 91378772-90ea-4250-835f-6b2053232693@group-49B8CF3CA0B7: shutdown
2019-09-25 05:51:01,361 [main] INFO  util.JmxRegister (JmxRegister.java:unregister(73)) - Successfully un-registered JMX Bean with object name Ratis:service=RaftServer,group=group-49B8CF3CA0B7,id=91378772-90ea-4250-835f-6b2053232693
2019-09-25 05:51:01,361 [main] INFO  impl.RoleInfo (RoleInfo.java:shutdownLeaderState(104)) - 91378772-90ea-4250-835f-6b2053232693: shutdown LeaderState
2019-09-25 05:51:01,361 [main] INFO  impl.PendingRequests (PendingRequests.java:sendNotLeaderResponses(202)) - 91378772-90ea-4250-835f-6b2053232693-PendingRequests: sendNotLeaderResponses
2019-09-25 05:51:01,361 [main] INFO  impl.StateMachineUpdater (StateMachineUpdater.java:stopAndJoin(125)) - 91378772-90ea-4250-835f-6b2053232693@group-49B8CF3CA0B7-StateMachineUpdater: set stopIndex = 0
2019-09-25 05:51:01,362 [main] INFO  impl.RaftServerImpl (ServerState.java:close(385)) - 91378772-90ea-4250-835f-6b2053232693@group-49B8CF3CA0B7: closes. applyIndex: 0
2019-09-25 05:51:01,362 [91378772-90ea-4250-835f-6b2053232693@group-49B8CF3CA0B7-SegmentedRaftLogWorker] INFO  segmented.SegmentedRaftLogWorker (SegmentedRaftLogWorker.java:run(313)) - 91378772-90ea-4250-835f-6b2053232693@group-49B8CF3CA0B7-SegmentedRaftLogWorker was interrupted, exiting. There are 0 tasks remaining in the queue.
2019-09-25 05:51:01,362 [main] INFO  segmented.SegmentedRaftLogWorker (SegmentedRaftLogWorker.java:close(228)) - 91378772-90ea-4250-835f-6b2053232693@group-49B8CF3CA0B7-SegmentedRaftLogWorker close()
2019-09-25 05:51:01,362 [main] INFO  impl.RaftServerImpl (RaftServerImpl.java:lambda$shutdown$3(251)) - 91378772-90ea-4250-835f-6b2053232693@group-300FF847675C: shutdown
2019-09-25 05:51:01,365 [main] INFO  util.JmxRegister (JmxRegister.java:unregister(73)) - Successfully un-registered JMX Bean with object name Ratis:service=RaftServer,group=group-300FF847675C,id=91378772-90ea-4250-835f-6b2053232693
2019-09-25 05:51:01,365 [main] INFO  impl.RoleInfo (RoleInfo.java:shutdownLeaderState(104)) - 91378772-90ea-4250-835f-6b2053232693: shutdown LeaderState
2019-09-25 05:51:01,365 [main] INFO  impl.PendingRequests (PendingRequests.java:sendNotLeaderResponses(202)) - 91378772-90ea-4250-835f-6b2053232693-PendingRequests: sendNotLeaderResponses
2019-09-25 05:51:01,365 [main] INFO  impl.StateMachineUpdater (StateMachineUpdater.java:stopAndJoin(125)) - 91378772-90ea-4250-835f-6b2053232693@group-300FF847675C-StateMachineUpdater: set stopIndex = 0
2019-09-25 05:51:01,366 [main] INFO  impl.RaftServerImpl (ServerState.java:close(385)) - 91378772-90ea-4250-835f-6b2053232693@group-300FF847675C: closes. applyIndex: 0
2019-09-25 05:51:01,366 [91378772-90ea-4250-835f-6b2053232693@group-300FF847675C-SegmentedRaftLogWorker] INFO  segmented.SegmentedRaftLogWorker (SegmentedRaftLogWorker.java:run(313)) - 91378772-90ea-4250-835f-6b2053232693@group-300FF847675C-SegmentedRaftLogWorker was interrupted, exiting. There are 0 tasks remaining in the queue.
2019-09-25 05:51:01,366 [main] INFO  segmented.SegmentedRaftLogWorker (SegmentedRaftLogWorker.java:close(228)) - 91378772-90ea-4250-835f-6b2053232693@group-300FF847675C-SegmentedRaftLogWorker close()
2019-09-25 05:51:01,366 [main] INFO  impl.RaftServerImpl (RaftServerImpl.java:lambda$shutdown$3(251)) - 91378772-90ea-4250-835f-6b2053232693@group-82254B342138: shutdown
2019-09-25 05:51:01,367 [main] INFO  util.JmxRegister (JmxRegister.java:unregister(73)) - Successfully un-registered JMX Bean with object name Ratis:service=RaftServer,group=group-82254B342138,id=91378772-90ea-4250-835f-6b2053232693
2019-09-25 05:51:01,367 [main] INFO  impl.RoleInfo (RoleInfo.java:shutdownLeaderState(104)) - 91378772-90ea-4250-835f-6b2053232693: shutdown LeaderState
2019-09-25 05:51:01,367 [main] INFO  impl.PendingRequests (PendingRequests.java:sendNotLeaderResponses(202)) - 91378772-90ea-4250-835f-6b2053232693-PendingRequests: sendNotLeaderResponses
2019-09-25 05:51:01,367 [main] INFO  impl.StateMachineUpdater (StateMachineUpdater.java:stopAndJoin(125)) - 91378772-90ea-4250-835f-6b2053232693@group-82254B342138-StateMachineUpdater: set stopIndex = 0
2019-09-25 05:51:01,367 [main] INFO  impl.RaftServerImpl (ServerState.java:close(385)) - 91378772-90ea-4250-835f-6b2053232693@group-82254B342138: closes. applyIndex: 0
2019-09-25 05:51:01,368 [91378772-90ea-4250-835f-6b2053232693@group-82254B342138-SegmentedRaftLogWorker] INFO  segmented.SegmentedRaftLogWorker (SegmentedRaftLogWorker.java:run(313)) - 91378772-90ea-4250-835f-6b2053232693@group-82254B342138-SegmentedRaftLogWorker was interrupted, exiting. There are 0 tasks remaining in the queue.
2019-09-25 05:51:01,368 [main] INFO  segmented.SegmentedRaftLogWorker (SegmentedRaftLogWorker.java:close(228)) - 91378772-90ea-4250-835f-6b2053232693@group-82254B342138-SegmentedRaftLogWorker close()
2019-09-25 05:51:01,368 [main] INFO  impl.RaftServerImpl (RaftServerImpl.java:lambda$shutdown$3(251)) - 91378772-90ea-4250-835f-6b2053232693@group-85A820F1931C: shutdown
2019-09-25 05:51:01,368 [main] INFO  util.JmxRegister (JmxRegister.java:unregister(73)) - Successfully un-registered JMX Bean with object name Ratis:service=RaftServer,group=group-85A820F1931C,id=91378772-90ea-4250-835f-6b2053232693
2019-09-25 05:51:01,369 [main] INFO  impl.RoleInfo (RoleInfo.java:shutdownLeaderState(104)) - 91378772-90ea-4250-835f-6b2053232693: shutdown LeaderState
2019-09-25 05:51:01,369 [main] INFO  impl.PendingRequests (PendingRequests.java:sendNotLeaderResponses(202)) - 91378772-90ea-4250-835f-6b2053232693-PendingRequests: sendNotLeaderResponses
2019-09-25 05:51:01,369 [main] INFO  impl.StateMachineUpdater (StateMachineUpdater.java:stopAndJoin(125)) - 91378772-90ea-4250-835f-6b2053232693@group-85A820F1931C-StateMachineUpdater: set stopIndex = 0
2019-09-25 05:51:01,369 [main] INFO  impl.RaftServerImpl (ServerState.java:close(385)) - 91378772-90ea-4250-835f-6b2053232693@group-85A820F1931C: closes. applyIndex: 0
2019-09-25 05:51:01,370 [91378772-90ea-4250-835f-6b2053232693@group-85A820F1931C-SegmentedRaftLogWorker] INFO  segmented.SegmentedRaftLogWorker (SegmentedRaftLogWorker.java:run(313)) - 91378772-90ea-4250-835f-6b2053232693@group-85A820F1931C-SegmentedRaftLogWorker was interrupted, exiting. There are 0 tasks remaining in the queue.
2019-09-25 05:51:01,370 [main] INFO  segmented.SegmentedRaftLogWorker (SegmentedRaftLogWorker.java:close(228)) - 91378772-90ea-4250-835f-6b2053232693@group-85A820F1931C-SegmentedRaftLogWorker close()
2019-09-25 05:51:01,370 [main] INFO  server.GrpcService (GrpcService.java:closeImpl(164)) - 91378772-90ea-4250-835f-6b2053232693: shutdown server with port 42685 now
2019-09-25 05:51:01,374 [main] INFO  server.GrpcService (GrpcService.java:closeImpl(172)) - 91378772-90ea-4250-835f-6b2053232693: shutdown server with port 42685 successfully
2019-09-25 05:51:01,375 [ForkJoinPool.commonPool-worker-1] INFO  ozoneimpl.OzoneContainer (OzoneContainer.java:stop(231)) - Attempting to stop container services.
2019-09-25 05:51:01,375 [ForkJoinPool.commonPool-worker-1] INFO  impl.RaftServerProxy (RaftServerProxy.java:lambda$close$4(314)) - 49655598-56f4-41c4-a924-b5d2880a3f2f: close
2019-09-25 05:51:01,375 [ForkJoinPool.commonPool-worker-1] INFO  impl.RaftServerImpl (RaftServerImpl.java:lambda$shutdown$3(251)) - 49655598-56f4-41c4-a924-b5d2880a3f2f@group-04046C77D158: shutdown
2019-09-25 05:51:01,375 [ForkJoinPool.commonPool-worker-1] INFO  util.JmxRegister (JmxRegister.java:unregister(73)) - Successfully un-registered JMX Bean with object name Ratis:service=RaftServer,group=group-04046C77D158,id=49655598-56f4-41c4-a924-b5d2880a3f2f
2019-09-25 05:51:01,376 [ForkJoinPool.commonPool-worker-1] INFO  impl.RoleInfo (RoleInfo.java:shutdownLeaderState(104)) - 49655598-56f4-41c4-a924-b5d2880a3f2f: shutdown LeaderState
2019-09-25 05:51:01,376 [ForkJoinPool.commonPool-worker-1] INFO  impl.PendingRequests (PendingRequests.java:sendNotLeaderResponses(202)) - 49655598-56f4-41c4-a924-b5d2880a3f2f-PendingRequests: sendNotLeaderResponses
2019-09-25 05:51:01,376 [ForkJoinPool.commonPool-worker-1] INFO  impl.StateMachineUpdater (StateMachineUpdater.java:stopAndJoin(125)) - 49655598-56f4-41c4-a924-b5d2880a3f2f@group-04046C77D158-StateMachineUpdater: set stopIndex = 0
2019-09-25 05:51:01,377 [ForkJoinPool.commonPool-worker-1] INFO  impl.RaftServerImpl (ServerState.java:close(385)) - 49655598-56f4-41c4-a924-b5d2880a3f2f@group-04046C77D158: closes. applyIndex: 0
2019-09-25 05:51:01,377 [49655598-56f4-41c4-a924-b5d2880a3f2f@group-04046C77D158-SegmentedRaftLogWorker] INFO  segmented.SegmentedRaftLogWorker (SegmentedRaftLogWorker.java:run(313)) - 49655598-56f4-41c4-a924-b5d2880a3f2f@group-04046C77D158-SegmentedRaftLogWorker was interrupted, exiting. There are 0 tasks remaining in the queue.
2019-09-25 05:51:01,377 [ForkJoinPool.commonPool-worker-1] INFO  segmented.SegmentedRaftLogWorker (SegmentedRaftLogWorker.java:close(228)) - 49655598-56f4-41c4-a924-b5d2880a3f2f@group-04046C77D158-SegmentedRaftLogWorker close()
2019-09-25 05:51:01,378 [ForkJoinPool.commonPool-worker-1] INFO  impl.RaftServerImpl (RaftServerImpl.java:lambda$shutdown$3(251)) - 49655598-56f4-41c4-a924-b5d2880a3f2f@group-169E900C0B66: shutdown
2019-09-25 05:51:01,378 [ForkJoinPool.commonPool-worker-1] INFO  util.JmxRegister (JmxRegister.java:unregister(73)) - Successfully un-registered JMX Bean with object name Ratis:service=RaftServer,group=group-169E900C0B66,id=49655598-56f4-41c4-a924-b5d2880a3f2f
2019-09-25 05:51:01,378 [ForkJoinPool.commonPool-worker-1] INFO  impl.RoleInfo (RoleInfo.java:shutdownLeaderState(104)) - 49655598-56f4-41c4-a924-b5d2880a3f2f: shutdown LeaderState
2019-09-25 05:51:01,379 [ForkJoinPool.commonPool-worker-1] INFO  impl.PendingRequests (PendingRequests.java:sendNotLeaderResponses(202)) - 49655598-56f4-41c4-a924-b5d2880a3f2f-PendingRequests: sendNotLeaderResponses
2019-09-25 05:51:01,379 [ForkJoinPool.commonPool-worker-1] INFO  impl.StateMachineUpdater (StateMachineUpdater.java:stopAndJoin(125)) - 49655598-56f4-41c4-a924-b5d2880a3f2f@group-169E900C0B66-StateMachineUpdater: set stopIndex = 0
2019-09-25 05:51:01,379 [ForkJoinPool.commonPool-worker-1] INFO  impl.RaftServerImpl (ServerState.java:close(385)) - 49655598-56f4-41c4-a924-b5d2880a3f2f@group-169E900C0B66: closes. applyIndex: 0
2019-09-25 05:51:01,380 [49655598-56f4-41c4-a924-b5d2880a3f2f@group-169E900C0B66-SegmentedRaftLogWorker] INFO  segmented.SegmentedRaftLogWorker (SegmentedRaftLogWorker.java:run(313)) - 49655598-56f4-41c4-a924-b5d2880a3f2f@group-169E900C0B66-SegmentedRaftLogWorker was interrupted, exiting. There are 0 tasks remaining in the queue.
2019-09-25 05:51:01,381 [ForkJoinPool.commonPool-worker-1] INFO  segmented.SegmentedRaftLogWorker (SegmentedRaftLogWorker.java:close(228)) - 49655598-56f4-41c4-a924-b5d2880a3f2f@group-169E900C0B66-SegmentedRaftLogWorker close()
2019-09-25 05:51:01,381 [refreshUsed-/workdir/hadoop-ozone/integration-test/target/test-dir/MiniOzoneClusterImpl-28dc08f8-08b8-4dfd-b771-8384b6a2d499/datanode-6/data/containers] WARN  fs.CachingGetSpaceUsed (CachingGetSpaceUsed.java:run(183)) - Thread Interrupted waiting to refresh disk information: sleep interrupted
2019-09-25 05:51:01,381 [ForkJoinPool.commonPool-worker-1] INFO  impl.RaftServerImpl (RaftServerImpl.java:lambda$shutdown$3(251)) - 49655598-56f4-41c4-a924-b5d2880a3f2f@group-879A36D65B4E: shutdown
2019-09-25 05:51:01,382 [ForkJoinPool.commonPool-worker-1] INFO  util.JmxRegister (JmxRegister.java:unregister(73)) - Successfully un-registered JMX Bean with object name Ratis:service=RaftServer,group=group-879A36D65B4E,id=49655598-56f4-41c4-a924-b5d2880a3f2f
2019-09-25 05:51:01,382 [ForkJoinPool.commonPool-worker-1] INFO  impl.RoleInfo (RoleInfo.java:shutdownLeaderState(104)) - 49655598-56f4-41c4-a924-b5d2880a3f2f: shutdown LeaderState
2019-09-25 05:51:01,382 [ForkJoinPool.commonPool-worker-1] INFO  impl.PendingRequests (PendingRequests.java:sendNotLeaderResponses(202)) - 49655598-56f4-41c4-a924-b5d2880a3f2f-PendingRequests: sendNotLeaderResponses
2019-09-25 05:51:01,383 [ForkJoinPool.commonPool-worker-1] INFO  impl.StateMachineUpdater (StateMachineUpdater.java:stopAndJoin(125)) - 49655598-56f4-41c4-a924-b5d2880a3f2f@group-879A36D65B4E-StateMachineUpdater: set stopIndex = 0
2019-09-25 05:51:01,383 [ForkJoinPool.commonPool-worker-1] INFO  impl.RaftServerImpl (ServerState.java:close(385)) - 49655598-56f4-41c4-a924-b5d2880a3f2f@group-879A36D65B4E: closes. applyIndex: 0
2019-09-25 05:51:01,383 [49655598-56f4-41c4-a924-b5d2880a3f2f@group-879A36D65B4E-SegmentedRaftLogWorker] INFO  segmented.SegmentedRaftLogWorker (SegmentedRaftLogWorker.java:run(313)) - 49655598-56f4-41c4-a924-b5d2880a3f2f@group-879A36D65B4E-SegmentedRaftLogWorker was interrupted, exiting. There are 0 tasks remaining in the queue.
2019-09-25 05:51:01,383 [ForkJoinPool.commonPool-worker-1] INFO  segmented.SegmentedRaftLogWorker (SegmentedRaftLogWorker.java:close(228)) - 49655598-56f4-41c4-a924-b5d2880a3f2f@group-879A36D65B4E-SegmentedRaftLogWorker close()
2019-09-25 05:51:01,384 [ForkJoinPool.commonPool-worker-1] INFO  impl.RaftServerImpl (RaftServerImpl.java:lambda$shutdown$3(251)) - 49655598-56f4-41c4-a924-b5d2880a3f2f@group-13E8E4AE7C93: shutdown
2019-09-25 05:51:01,384 [ForkJoinPool.commonPool-worker-1] INFO  util.JmxRegister (JmxRegister.java:unregister(73)) - Successfully un-registered JMX Bean with object name Ratis:service=RaftServer,group=group-13E8E4AE7C93,id=49655598-56f4-41c4-a924-b5d2880a3f2f
2019-09-25 05:51:01,384 [ForkJoinPool.commonPool-worker-1] INFO  impl.RoleInfo (RoleInfo.java:shutdownLeaderState(104)) - 49655598-56f4-41c4-a924-b5d2880a3f2f: shutdown LeaderState
2019-09-25 05:51:01,385 [ForkJoinPool.commonPool-worker-1] INFO  impl.PendingRequests (PendingRequests.java:sendNotLeaderResponses(202)) - 49655598-56f4-41c4-a924-b5d2880a3f2f-PendingRequests: sendNotLeaderResponses
2019-09-25 05:51:01,385 [ForkJoinPool.commonPool-worker-1] INFO  impl.StateMachineUpdater (StateMachineUpdater.java:stopAndJoin(125)) - 49655598-56f4-41c4-a924-b5d2880a3f2f@group-13E8E4AE7C93-StateMachineUpdater: set stopIndex = 0
2019-09-25 05:51:01,385 [ForkJoinPool.commonPool-worker-1] INFO  impl.RaftServerImpl (ServerState.java:close(385)) - 49655598-56f4-41c4-a924-b5d2880a3f2f@group-13E8E4AE7C93: closes. applyIndex: 0
2019-09-25 05:51:01,386 [49655598-56f4-41c4-a924-b5d2880a3f2f@group-13E8E4AE7C93-SegmentedRaftLogWorker] INFO  segmented.SegmentedRaftLogWorker (SegmentedRaftLogWorker.java:run(313)) - 49655598-56f4-41c4-a924-b5d2880a3f2f@group-13E8E4AE7C93-SegmentedRaftLogWorker was interrupted, exiting. There are 0 tasks remaining in the queue.
2019-09-25 05:51:01,386 [ForkJoinPool.commonPool-worker-1] INFO  segmented.SegmentedRaftLogWorker (SegmentedRaftLogWorker.java:close(228)) - 49655598-56f4-41c4-a924-b5d2880a3f2f@group-13E8E4AE7C93-SegmentedRaftLogWorker close()
2019-09-25 05:51:01,386 [ForkJoinPool.commonPool-worker-1] INFO  impl.RaftServerImpl (RaftServerImpl.java:lambda$shutdown$3(251)) - 49655598-56f4-41c4-a924-b5d2880a3f2f@group-F222B3313DD0: shutdown
2019-09-25 05:51:01,386 [ForkJoinPool.commonPool-worker-1] INFO  util.JmxRegister (JmxRegister.java:unregister(73)) - Successfully un-registered JMX Bean with object name Ratis:service=RaftServer,group=group-F222B3313DD0,id=49655598-56f4-41c4-a924-b5d2880a3f2f
2019-09-25 05:51:01,387 [ForkJoinPool.commonPool-worker-1] INFO  impl.RoleInfo (RoleInfo.java:shutdownLeaderState(104)) - 49655598-56f4-41c4-a924-b5d2880a3f2f: shutdown LeaderState
2019-09-25 05:51:01,387 [ForkJoinPool.commonPool-worker-1] INFO  impl.PendingRequests (PendingRequests.java:sendNotLeaderResponses(202)) - 49655598-56f4-41c4-a924-b5d2880a3f2f-PendingRequests: sendNotLeaderResponses
2019-09-25 05:51:01,387 [ForkJoinPool.commonPool-worker-1] INFO  impl.StateMachineUpdater (StateMachineUpdater.java:stopAndJoin(125)) - 49655598-56f4-41c4-a924-b5d2880a3f2f@group-F222B3313DD0-StateMachineUpdater: set stopIndex = 0
2019-09-25 05:51:01,387 [ForkJoinPool.commonPool-worker-1] INFO  impl.RaftServerImpl (ServerState.java:close(385)) - 49655598-56f4-41c4-a924-b5d2880a3f2f@group-F222B3313DD0: closes. applyIndex: 0
2019-09-25 05:51:01,388 [49655598-56f4-41c4-a924-b5d2880a3f2f@group-F222B3313DD0-SegmentedRaftLogWorker] INFO  segmented.SegmentedRaftLogWorker (SegmentedRaftLogWorker.java:run(313)) - 49655598-56f4-41c4-a924-b5d2880a3f2f@group-F222B3313DD0-SegmentedRaftLogWorker was interrupted, exiting. There are 0 tasks remaining in the queue.
2019-09-25 05:51:01,388 [ForkJoinPool.commonPool-worker-1] INFO  segmented.SegmentedRaftLogWorker (SegmentedRaftLogWorker.java:close(228)) - 49655598-56f4-41c4-a924-b5d2880a3f2f@group-F222B3313DD0-SegmentedRaftLogWorker close()
2019-09-25 05:51:01,388 [ForkJoinPool.commonPool-worker-1] INFO  impl.RaftServerImpl (RaftServerImpl.java:lambda$shutdown$3(251)) - 49655598-56f4-41c4-a924-b5d2880a3f2f@group-0C1D776059CF: shutdown
2019-09-25 05:51:01,389 [ForkJoinPool.commonPool-worker-1] INFO  util.JmxRegister (JmxRegister.java:unregister(73)) - Successfully un-registered JMX Bean with object name Ratis:service=RaftServer,group=group-0C1D776059CF,id=49655598-56f4-41c4-a924-b5d2880a3f2f
2019-09-25 05:51:01,389 [ForkJoinPool.commonPool-worker-1] INFO  impl.RoleInfo (RoleInfo.java:shutdownLeaderState(104)) - 49655598-56f4-41c4-a924-b5d2880a3f2f: shutdown LeaderState
2019-09-25 05:51:01,389 [ForkJoinPool.commonPool-worker-1] INFO  impl.PendingRequests (PendingRequests.java:sendNotLeaderResponses(202)) - 49655598-56f4-41c4-a924-b5d2880a3f2f-PendingRequests: sendNotLeaderResponses
2019-09-25 05:51:01,389 [ForkJoinPool.commonPool-worker-1] INFO  impl.StateMachineUpdater (StateMachineUpdater.java:stopAndJoin(125)) - 49655598-56f4-41c4-a924-b5d2880a3f2f@group-0C1D776059CF-StateMachineUpdater: set stopIndex = 0
2019-09-25 05:51:01,390 [ForkJoinPool.commonPool-worker-1] INFO  impl.RaftServerImpl (ServerState.java:close(385)) - 49655598-56f4-41c4-a924-b5d2880a3f2f@group-0C1D776059CF: closes. applyIndex: 0
2019-09-25 05:51:01,390 [49655598-56f4-41c4-a924-b5d2880a3f2f@group-0C1D776059CF-SegmentedRaftLogWorker] INFO  segmented.SegmentedRaftLogWorker (SegmentedRaftLogWorker.java:run(313)) - 49655598-56f4-41c4-a924-b5d2880a3f2f@group-0C1D776059CF-SegmentedRaftLogWorker was interrupted, exiting. There are 0 tasks remaining in the queue.
2019-09-25 05:51:01,390 [ForkJoinPool.commonPool-worker-1] INFO  segmented.SegmentedRaftLogWorker (SegmentedRaftLogWorker.java:close(228)) - 49655598-56f4-41c4-a924-b5d2880a3f2f@group-0C1D776059CF-SegmentedRaftLogWorker close()
2019-09-25 05:51:01,390 [ForkJoinPool.commonPool-worker-1] INFO  server.GrpcService (GrpcService.java:closeImpl(164)) - 49655598-56f4-41c4-a924-b5d2880a3f2f: shutdown server with port 40919 now
2019-09-25 05:51:01,394 [ForkJoinPool.commonPool-worker-1] INFO  server.GrpcService (GrpcService.java:closeImpl(172)) - 49655598-56f4-41c4-a924-b5d2880a3f2f: shutdown server with port 40919 successfully
2019-09-25 05:51:01,395 [main] INFO  utils.BackgroundService (BackgroundService.java:shutdown(148)) - Shutting down service BlockDeletingService
2019-09-25 05:51:01,403 [main] INFO  statemachine.DatanodeStateMachine (DatanodeStateMachine.java:stopDaemon(395)) - Ozone container server stopped.
2019-09-25 05:51:01,404 [main] INFO  handler.ContextHandler (ContextHandler.java:doStop(910)) - Stopped o.e.j.w.WebAppContext@1d1c37d5{/,null,UNAVAILABLE}{/hddsDatanode}
2019-09-25 05:51:01,405 [main] INFO  server.AbstractConnector (AbstractConnector.java:doStop(318)) - Stopped ServerConnector@63553e9f{HTTP/1.1,[http/1.1]}{0.0.0.0:0}
2019-09-25 05:51:01,405 [main] INFO  handler.ContextHandler (ContextHandler.java:doStop(910)) - Stopped o.e.j.s.ServletContextHandler@57bdceaa{/static,jar:file:/home/user/.m2/repository/org/apache/hadoop/hadoop-hdds-container-service/0.5.0-SNAPSHOT/hadoop-hdds-container-service-0.5.0-SNAPSHOT.jar!/webapps/static,UNAVAILABLE}
2019-09-25 05:51:01,406 [main] INFO  handler.ContextHandler (ContextHandler.java:doStop(910)) - Stopped o.e.j.s.ServletContextHandler@b5de9ac{/logs,file:///workdir/hadoop-ozone/integration-test/target/log,UNAVAILABLE}
2019-09-25 05:51:01,409 [refreshUsed-/workdir/hadoop-ozone/integration-test/target/test-dir/MiniOzoneClusterImpl-28dc08f8-08b8-4dfd-b771-8384b6a2d499/datanode-0/data/containers] WARN  fs.CachingGetSpaceUsed (CachingGetSpaceUsed.java:run(183)) - Thread Interrupted waiting to refresh disk information: sleep interrupted
2019-09-25 05:51:01,423 [ForkJoinPool.commonPool-worker-1] INFO  utils.BackgroundService (BackgroundService.java:shutdown(148)) - Shutting down service BlockDeletingService
2019-09-25 05:51:01,430 [ForkJoinPool.commonPool-worker-1] INFO  statemachine.DatanodeStateMachine (DatanodeStateMachine.java:stopDaemon(395)) - Ozone container server stopped.
2019-09-25 05:51:01,438 [ForkJoinPool.commonPool-worker-1] INFO  handler.ContextHandler (ContextHandler.java:doStop(910)) - Stopped o.e.j.w.WebAppContext@3335afcf{/,null,UNAVAILABLE}{/hddsDatanode}
2019-09-25 05:51:01,438 [ForkJoinPool.commonPool-worker-1] INFO  server.AbstractConnector (AbstractConnector.java:doStop(318)) - Stopped ServerConnector@699e0bf0{HTTP/1.1,[http/1.1]}{0.0.0.0:0}
2019-09-25 05:51:01,449 [ForkJoinPool.commonPool-worker-1] INFO  handler.ContextHandler (ContextHandler.java:doStop(910)) - Stopped o.e.j.s.ServletContextHandler@26ffd2c0{/static,jar:file:/home/user/.m2/repository/org/apache/hadoop/hadoop-hdds-container-service/0.5.0-SNAPSHOT/hadoop-hdds-container-service-0.5.0-SNAPSHOT.jar!/webapps/static,UNAVAILABLE}
2019-09-25 05:51:01,449 [ForkJoinPool.commonPool-worker-1] INFO  handler.ContextHandler (ContextHandler.java:doStop(910)) - Stopped o.e.j.s.ServletContextHandler@67a8bcbb{/logs,file:///workdir/hadoop-ozone/integration-test/target/log,UNAVAILABLE}
2019-09-25 05:51:01,792 [Datanode State Machine Thread - 0] INFO  statemachine.DatanodeStateMachine (DatanodeStateMachine.java:lambda$startDaemon$0(350)) - Ozone container server started.
2019-09-25 05:51:05,892 [EventQueue-StaleNodeForStaleNodeHandler] INFO  node.StaleNodeHandler (StaleNodeHandler.java:onMessage(58)) - Datanode 8aaa6fc6-f7fb-4882-accc-fabfb9faa78a{ip: 192.168.30.10, host: pr-hdds-1569-s62bp-3040748787, networkLocation: /default-rack, certSerialId: null} moved to stale state. Finalizing its pipelines [PipelineID=d968ea7a-fd1e-4fe5-942f-c64b9cf95a05, PipelineID=33b4aeb9-7ad4-4e0e-bff1-958b1382b3ac, PipelineID=051efcef-1bb0-4e46-9434-c2148799c3bd, PipelineID=bf4117e8-ac17-4b26-b027-00e720e9d129, PipelineID=203dc8bb-49bc-4dc3-960b-9628e8c39647, PipelineID=78b3c483-fd45-46b7-b11e-d60bcfe4d8fd]
2019-09-25 05:51:05,893 [EventQueue-StaleNodeForStaleNodeHandler] INFO  pipeline.SCMPipelineManager (SCMPipelineManager.java:finalizeAndDestroyPipeline(317)) - destroying pipeline:Pipeline[ Id: d968ea7a-fd1e-4fe5-942f-c64b9cf95a05, Nodes: 8aaa6fc6-f7fb-4882-accc-fabfb9faa78a{ip: 192.168.30.10, host: pr-hdds-1569-s62bp-3040748787, networkLocation: /default-rack, certSerialId: null}, Type:RATIS, Factor:ONE, State:OPEN]
2019-09-25 05:51:05,893 [EventQueue-StaleNodeForStaleNodeHandler] INFO  pipeline.PipelineStateManager (PipelineStateManager.java:finalizePipeline(123)) - Pipeline Pipeline[ Id: d968ea7a-fd1e-4fe5-942f-c64b9cf95a05, Nodes: 8aaa6fc6-f7fb-4882-accc-fabfb9faa78a{ip: 192.168.30.10, host: pr-hdds-1569-s62bp-3040748787, networkLocation: /default-rack, certSerialId: null}, Type:RATIS, Factor:ONE, State:CLOSED] moved to CLOSED state
2019-09-25 05:51:05,893 [EventQueue-StaleNodeForStaleNodeHandler] INFO  pipeline.SCMPipelineManager (SCMPipelineManager.java:finalizeAndDestroyPipeline(317)) - destroying pipeline:Pipeline[ Id: 33b4aeb9-7ad4-4e0e-bff1-958b1382b3ac, Nodes: 8aaa6fc6-f7fb-4882-accc-fabfb9faa78a{ip: 192.168.30.10, host: pr-hdds-1569-s62bp-3040748787, networkLocation: /default-rack, certSerialId: null}, Type:RATIS, Factor:ONE, State:OPEN]
2019-09-25 05:51:05,893 [EventQueue-StaleNodeForStaleNodeHandler] INFO  pipeline.PipelineStateManager (PipelineStateManager.java:finalizePipeline(123)) - Pipeline Pipeline[ Id: 33b4aeb9-7ad4-4e0e-bff1-958b1382b3ac, Nodes: 8aaa6fc6-f7fb-4882-accc-fabfb9faa78a{ip: 192.168.30.10, host: pr-hdds-1569-s62bp-3040748787, networkLocation: /default-rack, certSerialId: null}, Type:RATIS, Factor:ONE, State:CLOSED] moved to CLOSED state
2019-09-25 05:51:05,893 [EventQueue-StaleNodeForStaleNodeHandler] INFO  pipeline.SCMPipelineManager (SCMPipelineManager.java:finalizeAndDestroyPipeline(317)) - destroying pipeline:Pipeline[ Id: 051efcef-1bb0-4e46-9434-c2148799c3bd, Nodes: 8aaa6fc6-f7fb-4882-accc-fabfb9faa78a{ip: 192.168.30.10, host: pr-hdds-1569-s62bp-3040748787, networkLocation: /default-rack, certSerialId: null}, Type:RATIS, Factor:ONE, State:OPEN]
2019-09-25 05:51:05,893 [EventQueue-StaleNodeForStaleNodeHandler] INFO  pipeline.PipelineStateManager (PipelineStateManager.java:finalizePipeline(123)) - Pipeline Pipeline[ Id: 051efcef-1bb0-4e46-9434-c2148799c3bd, Nodes: 8aaa6fc6-f7fb-4882-accc-fabfb9faa78a{ip: 192.168.30.10, host: pr-hdds-1569-s62bp-3040748787, networkLocation: /default-rack, certSerialId: null}, Type:RATIS, Factor:ONE, State:CLOSED] moved to CLOSED state
2019-09-25 05:51:05,894 [EventQueue-StaleNodeForStaleNodeHandler] INFO  pipeline.SCMPipelineManager (SCMPipelineManager.java:finalizeAndDestroyPipeline(317)) - destroying pipeline:Pipeline[ Id: bf4117e8-ac17-4b26-b027-00e720e9d129, Nodes: 8aaa6fc6-f7fb-4882-accc-fabfb9faa78a{ip: 192.168.30.10, host: pr-hdds-1569-s62bp-3040748787, networkLocation: /default-rack, certSerialId: null}, Type:RATIS, Factor:ONE, State:OPEN]
2019-09-25 05:51:05,894 [EventQueue-StaleNodeForStaleNodeHandler] INFO  pipeline.PipelineStateManager (PipelineStateManager.java:finalizePipeline(123)) - Pipeline Pipeline[ Id: bf4117e8-ac17-4b26-b027-00e720e9d129, Nodes: 8aaa6fc6-f7fb-4882-accc-fabfb9faa78a{ip: 192.168.30.10, host: pr-hdds-1569-s62bp-3040748787, networkLocation: /default-rack, certSerialId: null}, Type:RATIS, Factor:ONE, State:CLOSED] moved to CLOSED state
2019-09-25 05:51:05,894 [EventQueue-StaleNodeForStaleNodeHandler] INFO  pipeline.SCMPipelineManager (SCMPipelineManager.java:finalizeAndDestroyPipeline(317)) - destroying pipeline:Pipeline[ Id: 203dc8bb-49bc-4dc3-960b-9628e8c39647, Nodes: 8aaa6fc6-f7fb-4882-accc-fabfb9faa78a{ip: 192.168.30.10, host: pr-hdds-1569-s62bp-3040748787, networkLocation: /default-rack, certSerialId: null}, Type:RATIS, Factor:ONE, State:OPEN]
2019-09-25 05:51:05,894 [EventQueue-StaleNodeForStaleNodeHandler] INFO  pipeline.PipelineStateManager (PipelineStateManager.java:finalizePipeline(123)) - Pipeline Pipeline[ Id: 203dc8bb-49bc-4dc3-960b-9628e8c39647, Nodes: 8aaa6fc6-f7fb-4882-accc-fabfb9faa78a{ip: 192.168.30.10, host: pr-hdds-1569-s62bp-3040748787, networkLocation: /default-rack, certSerialId: null}, Type:RATIS, Factor:ONE, State:CLOSED] moved to CLOSED state
2019-09-25 05:51:05,894 [EventQueue-StaleNodeForStaleNodeHandler] INFO  pipeline.SCMPipelineManager (SCMPipelineManager.java:finalizeAndDestroyPipeline(317)) - destroying pipeline:Pipeline[ Id: 78b3c483-fd45-46b7-b11e-d60bcfe4d8fd, Nodes: 8aaa6fc6-f7fb-4882-accc-fabfb9faa78a{ip: 192.168.30.10, host: pr-hdds-1569-s62bp-3040748787, networkLocation: /default-rack, certSerialId: null}, Type:RATIS, Factor:ONE, State:OPEN]
2019-09-25 05:51:05,894 [EventQueue-StaleNodeForStaleNodeHandler] INFO  pipeline.PipelineStateManager (PipelineStateManager.java:finalizePipeline(123)) - Pipeline Pipeline[ Id: 78b3c483-fd45-46b7-b11e-d60bcfe4d8fd, Nodes: 8aaa6fc6-f7fb-4882-accc-fabfb9faa78a{ip: 192.168.30.10, host: pr-hdds-1569-s62bp-3040748787, networkLocation: /default-rack, certSerialId: null}, Type:RATIS, Factor:ONE, State:CLOSED] moved to CLOSED state
2019-09-25 05:51:06,407 [main] INFO  ozoneimpl.OzoneContainer (OzoneContainer.java:stop(231)) - Attempting to stop container services.
2019-09-25 05:51:06,411 [main] INFO  impl.RaftServerProxy (RaftServerProxy.java:lambda$close$4(314)) - 8aaa6fc6-f7fb-4882-accc-fabfb9faa78a: close
2019-09-25 05:51:06,412 [main] INFO  impl.RaftServerImpl (RaftServerImpl.java:lambda$shutdown$3(251)) - 8aaa6fc6-f7fb-4882-accc-fabfb9faa78a@group-C64B9CF95A05: shutdown
2019-09-25 05:51:06,412 [ForkJoinPool.commonPool-worker-0] INFO  impl.RaftServerImpl (RaftServerImpl.java:lambda$shutdown$3(251)) - 8aaa6fc6-f7fb-4882-accc-fabfb9faa78a@group-00E720E9D129: shutdown
2019-09-25 05:51:06,412 [main] INFO  util.JmxRegister (JmxRegister.java:unregister(73)) - Successfully un-registered JMX Bean with object name Ratis:service=RaftServer,group=group-C64B9CF95A05,id=8aaa6fc6-f7fb-4882-accc-fabfb9faa78a
2019-09-25 05:51:06,413 [ForkJoinPool.commonPool-worker-0] INFO  util.JmxRegister (JmxRegister.java:unregister(73)) - Successfully un-registered JMX Bean with object name Ratis:service=RaftServer,group=group-00E720E9D129,id=8aaa6fc6-f7fb-4882-accc-fabfb9faa78a
2019-09-25 05:51:06,413 [main] INFO  impl.RoleInfo (RoleInfo.java:shutdownLeaderState(104)) - 8aaa6fc6-f7fb-4882-accc-fabfb9faa78a: shutdown LeaderState
2019-09-25 05:51:06,413 [ForkJoinPool.commonPool-worker-0] INFO  impl.RoleInfo (RoleInfo.java:shutdownLeaderState(104)) - 8aaa6fc6-f7fb-4882-accc-fabfb9faa78a: shutdown LeaderState
2019-09-25 05:51:06,414 [main] INFO  impl.PendingRequests (PendingRequests.java:sendNotLeaderResponses(202)) - 8aaa6fc6-f7fb-4882-accc-fabfb9faa78a-PendingRequests: sendNotLeaderResponses
2019-09-25 05:51:06,414 [ForkJoinPool.commonPool-worker-0] INFO  impl.PendingRequests (PendingRequests.java:sendNotLeaderResponses(202)) - 8aaa6fc6-f7fb-4882-accc-fabfb9faa78a-PendingRequests: sendNotLeaderResponses
2019-09-25 05:51:06,414 [main] INFO  impl.StateMachineUpdater (StateMachineUpdater.java:stopAndJoin(125)) - 8aaa6fc6-f7fb-4882-accc-fabfb9faa78a@group-C64B9CF95A05-StateMachineUpdater: set stopIndex = 0
2019-09-25 05:51:06,415 [main] INFO  impl.RaftServerImpl (ServerState.java:close(385)) - 8aaa6fc6-f7fb-4882-accc-fabfb9faa78a@group-C64B9CF95A05: closes. applyIndex: 0
2019-09-25 05:51:06,414 [ForkJoinPool.commonPool-worker-0] INFO  impl.StateMachineUpdater (StateMachineUpdater.java:stopAndJoin(125)) - 8aaa6fc6-f7fb-4882-accc-fabfb9faa78a@group-00E720E9D129-StateMachineUpdater: set stopIndex = 0
2019-09-25 05:51:06,415 [ForkJoinPool.commonPool-worker-0] INFO  impl.RaftServerImpl (ServerState.java:close(385)) - 8aaa6fc6-f7fb-4882-accc-fabfb9faa78a@group-00E720E9D129: closes. applyIndex: 0
2019-09-25 05:51:06,415 [8aaa6fc6-f7fb-4882-accc-fabfb9faa78a@group-C64B9CF95A05-SegmentedRaftLogWorker] INFO  segmented.SegmentedRaftLogWorker (SegmentedRaftLogWorker.java:run(313)) - 8aaa6fc6-f7fb-4882-accc-fabfb9faa78a@group-C64B9CF95A05-SegmentedRaftLogWorker was interrupted, exiting. There are 0 tasks remaining in the queue.
2019-09-25 05:51:06,416 [8aaa6fc6-f7fb-4882-accc-fabfb9faa78a@group-00E720E9D129-SegmentedRaftLogWorker] INFO  segmented.SegmentedRaftLogWorker (SegmentedRaftLogWorker.java:run(313)) - 8aaa6fc6-f7fb-4882-accc-fabfb9faa78a@group-00E720E9D129-SegmentedRaftLogWorker was interrupted, exiting. There are 0 tasks remaining in the queue.
2019-09-25 05:51:06,416 [main] INFO  segmented.SegmentedRaftLogWorker (SegmentedRaftLogWorker.java:close(228)) - 8aaa6fc6-f7fb-4882-accc-fabfb9faa78a@group-C64B9CF95A05-SegmentedRaftLogWorker close()
2019-09-25 05:51:06,416 [ForkJoinPool.commonPool-worker-0] INFO  segmented.SegmentedRaftLogWorker (SegmentedRaftLogWorker.java:close(228)) - 8aaa6fc6-f7fb-4882-accc-fabfb9faa78a@group-00E720E9D129-SegmentedRaftLogWorker close()
2019-09-25 05:51:06,416 [main] INFO  impl.RaftServerImpl (RaftServerImpl.java:lambda$shutdown$3(251)) - 8aaa6fc6-f7fb-4882-accc-fabfb9faa78a@group-958B1382B3AC: shutdown
2019-09-25 05:51:06,417 [ForkJoinPool.commonPool-worker-0] INFO  impl.RaftServerImpl (RaftServerImpl.java:lambda$shutdown$3(251)) - 8aaa6fc6-f7fb-4882-accc-fabfb9faa78a@group-9628E8C39647: shutdown
2019-09-25 05:51:06,417 [main] INFO  util.JmxRegister (JmxRegister.java:unregister(73)) - Successfully un-registered JMX Bean with object name Ratis:service=RaftServer,group=group-958B1382B3AC,id=8aaa6fc6-f7fb-4882-accc-fabfb9faa78a
2019-09-25 05:51:06,417 [ForkJoinPool.commonPool-worker-0] INFO  util.JmxRegister (JmxRegister.java:unregister(73)) - Successfully un-registered JMX Bean with object name Ratis:service=RaftServer,group=group-9628E8C39647,id=8aaa6fc6-f7fb-4882-accc-fabfb9faa78a
2019-09-25 05:51:06,417 [main] INFO  impl.RoleInfo (RoleInfo.java:shutdownLeaderState(104)) - 8aaa6fc6-f7fb-4882-accc-fabfb9faa78a: shutdown LeaderState
2019-09-25 05:51:06,418 [ForkJoinPool.commonPool-worker-0] INFO  impl.RoleInfo (RoleInfo.java:shutdownLeaderState(104)) - 8aaa6fc6-f7fb-4882-accc-fabfb9faa78a: shutdown LeaderState
2019-09-25 05:51:06,418 [main] INFO  impl.PendingRequests (PendingRequests.java:sendNotLeaderResponses(202)) - 8aaa6fc6-f7fb-4882-accc-fabfb9faa78a-PendingRequests: sendNotLeaderResponses
2019-09-25 05:51:06,418 [ForkJoinPool.commonPool-worker-0] INFO  impl.PendingRequests (PendingRequests.java:sendNotLeaderResponses(202)) - 8aaa6fc6-f7fb-4882-accc-fabfb9faa78a-PendingRequests: sendNotLeaderResponses
2019-09-25 05:51:06,419 [main] INFO  impl.StateMachineUpdater (StateMachineUpdater.java:stopAndJoin(125)) - 8aaa6fc6-f7fb-4882-accc-fabfb9faa78a@group-958B1382B3AC-StateMachineUpdater: set stopIndex = 0
2019-09-25 05:51:06,419 [main] INFO  impl.RaftServerImpl (ServerState.java:close(385)) - 8aaa6fc6-f7fb-4882-accc-fabfb9faa78a@group-958B1382B3AC: closes. applyIndex: 0
2019-09-25 05:51:06,419 [ForkJoinPool.commonPool-worker-0] INFO  impl.StateMachineUpdater (StateMachineUpdater.java:stopAndJoin(125)) - 8aaa6fc6-f7fb-4882-accc-fabfb9faa78a@group-9628E8C39647-StateMachineUpdater: set stopIndex = 0
2019-09-25 05:51:06,420 [8aaa6fc6-f7fb-4882-accc-fabfb9faa78a@group-958B1382B3AC-SegmentedRaftLogWorker] INFO  segmented.SegmentedRaftLogWorker (SegmentedRaftLogWorker.java:run(313)) - 8aaa6fc6-f7fb-4882-accc-fabfb9faa78a@group-958B1382B3AC-SegmentedRaftLogWorker was interrupted, exiting. There are 0 tasks remaining in the queue.
2019-09-25 05:51:06,420 [ForkJoinPool.commonPool-worker-0] INFO  impl.RaftServerImpl (ServerState.java:close(385)) - 8aaa6fc6-f7fb-4882-accc-fabfb9faa78a@group-9628E8C39647: closes. applyIndex: 0
2019-09-25 05:51:06,420 [main] INFO  segmented.SegmentedRaftLogWorker (SegmentedRaftLogWorker.java:close(228)) - 8aaa6fc6-f7fb-4882-accc-fabfb9faa78a@group-958B1382B3AC-SegmentedRaftLogWorker close()
2019-09-25 05:51:06,420 [8aaa6fc6-f7fb-4882-accc-fabfb9faa78a@group-9628E8C39647-SegmentedRaftLogWorker] INFO  segmented.SegmentedRaftLogWorker (SegmentedRaftLogWorker.java:run(313)) - 8aaa6fc6-f7fb-4882-accc-fabfb9faa78a@group-9628E8C39647-SegmentedRaftLogWorker was interrupted, exiting. There are 0 tasks remaining in the queue.
2019-09-25 05:51:06,420 [main] INFO  impl.RaftServerImpl (RaftServerImpl.java:lambda$shutdown$3(251)) - 8aaa6fc6-f7fb-4882-accc-fabfb9faa78a@group-C2148799C3BD: shutdown
2019-09-25 05:51:06,420 [ForkJoinPool.commonPool-worker-0] INFO  segmented.SegmentedRaftLogWorker (SegmentedRaftLogWorker.java:close(228)) - 8aaa6fc6-f7fb-4882-accc-fabfb9faa78a@group-9628E8C39647-SegmentedRaftLogWorker close()
2019-09-25 05:51:06,421 [main] INFO  util.JmxRegister (JmxRegister.java:unregister(73)) - Successfully un-registered JMX Bean with object name Ratis:service=RaftServer,group=group-C2148799C3BD,id=8aaa6fc6-f7fb-4882-accc-fabfb9faa78a
2019-09-25 05:51:06,421 [main] INFO  impl.RoleInfo (RoleInfo.java:shutdownLeaderState(104)) - 8aaa6fc6-f7fb-4882-accc-fabfb9faa78a: shutdown LeaderState
2019-09-25 05:51:06,421 [ForkJoinPool.commonPool-worker-0] INFO  impl.RaftServerImpl (RaftServerImpl.java:lambda$shutdown$3(251)) - 8aaa6fc6-f7fb-4882-accc-fabfb9faa78a@group-D60BCFE4D8FD: shutdown
2019-09-25 05:51:06,421 [main] INFO  impl.PendingRequests (PendingRequests.java:sendNotLeaderResponses(202)) - 8aaa6fc6-f7fb-4882-accc-fabfb9faa78a-PendingRequests: sendNotLeaderResponses
2019-09-25 05:51:06,421 [ForkJoinPool.commonPool-worker-0] INFO  util.JmxRegister (JmxRegister.java:unregister(73)) - Successfully un-registered JMX Bean with object name Ratis:service=RaftServer,group=group-D60BCFE4D8FD,id=8aaa6fc6-f7fb-4882-accc-fabfb9faa78a
2019-09-25 05:51:06,422 [main] INFO  impl.StateMachineUpdater (StateMachineUpdater.java:stopAndJoin(125)) - 8aaa6fc6-f7fb-4882-accc-fabfb9faa78a@group-C2148799C3BD-StateMachineUpdater: set stopIndex = 0
2019-09-25 05:51:06,422 [main] INFO  impl.RaftServerImpl (ServerState.java:close(385)) - 8aaa6fc6-f7fb-4882-accc-fabfb9faa78a@group-C2148799C3BD: closes. applyIndex: 0
2019-09-25 05:51:06,422 [ForkJoinPool.commonPool-worker-0] INFO  impl.RoleInfo (RoleInfo.java:shutdownLeaderState(104)) - 8aaa6fc6-f7fb-4882-accc-fabfb9faa78a: shutdown LeaderState
2019-09-25 05:51:06,422 [8aaa6fc6-f7fb-4882-accc-fabfb9faa78a@group-C2148799C3BD-SegmentedRaftLogWorker] INFO  segmented.SegmentedRaftLogWorker (SegmentedRaftLogWorker.java:run(313)) - 8aaa6fc6-f7fb-4882-accc-fabfb9faa78a@group-C2148799C3BD-SegmentedRaftLogWorker was interrupted, exiting. There are 0 tasks remaining in the queue.
2019-09-25 05:51:06,422 [ForkJoinPool.commonPool-worker-0] INFO  impl.PendingRequests (PendingRequests.java:sendNotLeaderResponses(202)) - 8aaa6fc6-f7fb-4882-accc-fabfb9faa78a-PendingRequests: sendNotLeaderResponses
2019-09-25 05:51:06,423 [main] INFO  segmented.SegmentedRaftLogWorker (SegmentedRaftLogWorker.java:close(228)) - 8aaa6fc6-f7fb-4882-accc-fabfb9faa78a@group-C2148799C3BD-SegmentedRaftLogWorker close()
2019-09-25 05:51:06,423 [ForkJoinPool.commonPool-worker-0] INFO  impl.StateMachineUpdater (StateMachineUpdater.java:stopAndJoin(125)) - 8aaa6fc6-f7fb-4882-accc-fabfb9faa78a@group-D60BCFE4D8FD-StateMachineUpdater: set stopIndex = 0
2019-09-25 05:51:06,423 [ForkJoinPool.commonPool-worker-0] INFO  impl.RaftServerImpl (ServerState.java:close(385)) - 8aaa6fc6-f7fb-4882-accc-fabfb9faa78a@group-D60BCFE4D8FD: closes. applyIndex: 0
2019-09-25 05:51:06,423 [8aaa6fc6-f7fb-4882-accc-fabfb9faa78a@group-D60BCFE4D8FD-SegmentedRaftLogWorker] INFO  segmented.SegmentedRaftLogWorker (SegmentedRaftLogWorker.java:run(313)) - 8aaa6fc6-f7fb-4882-accc-fabfb9faa78a@group-D60BCFE4D8FD-SegmentedRaftLogWorker was interrupted, exiting. There are 0 tasks remaining in the queue.
2019-09-25 05:51:06,424 [ForkJoinPool.commonPool-worker-0] INFO  segmented.SegmentedRaftLogWorker (SegmentedRaftLogWorker.java:close(228)) - 8aaa6fc6-f7fb-4882-accc-fabfb9faa78a@group-D60BCFE4D8FD-SegmentedRaftLogWorker close()
2019-09-25 05:51:06,424 [main] INFO  server.GrpcService (GrpcService.java:closeImpl(164)) - 8aaa6fc6-f7fb-4882-accc-fabfb9faa78a: shutdown server with port 36169 now
2019-09-25 05:51:06,427 [main] INFO  server.GrpcService (GrpcService.java:closeImpl(172)) - 8aaa6fc6-f7fb-4882-accc-fabfb9faa78a: shutdown server with port 36169 successfully
2019-09-25 05:51:06,429 [refreshUsed-/workdir/hadoop-ozone/integration-test/target/test-dir/MiniOzoneClusterImpl-28dc08f8-08b8-4dfd-b771-8384b6a2d499/datanode-5/data/containers] WARN  fs.CachingGetSpaceUsed (CachingGetSpaceUsed.java:run(183)) - Thread Interrupted waiting to refresh disk information: sleep interrupted
2019-09-25 05:51:06,444 [main] INFO  utils.BackgroundService (BackgroundService.java:shutdown(148)) - Shutting down service BlockDeletingService
2019-09-25 05:51:06,451 [main] INFO  statemachine.DatanodeStateMachine (DatanodeStateMachine.java:stopDaemon(395)) - Ozone container server stopped.
2019-09-25 05:51:06,452 [main] INFO  handler.ContextHandler (ContextHandler.java:doStop(910)) - Stopped o.e.j.w.WebAppContext@8bc0696{/,null,UNAVAILABLE}{/hddsDatanode}
2019-09-25 05:51:06,453 [main] INFO  server.AbstractConnector (AbstractConnector.java:doStop(318)) - Stopped ServerConnector@473847fb{HTTP/1.1,[http/1.1]}{0.0.0.0:0}
2019-09-25 05:51:06,453 [main] INFO  handler.ContextHandler (ContextHandler.java:doStop(910)) - Stopped o.e.j.s.ServletContextHandler@4948daec{/static,jar:file:/home/user/.m2/repository/org/apache/hadoop/hadoop-hdds-container-service/0.5.0-SNAPSHOT/hadoop-hdds-container-service-0.5.0-SNAPSHOT.jar!/webapps/static,UNAVAILABLE}
2019-09-25 05:51:06,454 [main] INFO  handler.ContextHandler (ContextHandler.java:doStop(910)) - Stopped o.e.j.s.ServletContextHandler@7de5871d{/logs,file:///workdir/hadoop-ozone/integration-test/target/log,UNAVAILABLE}
2019-09-25 05:51:06,454 [main] INFO  ozone.MiniOzoneClusterImpl (MiniOzoneClusterImpl.java:stopSCM(392)) - Stopping the StorageContainerManager
2019-09-25 05:51:06,454 [main] INFO  server.StorageContainerManager (StorageContainerManager.java:stop(808)) - Stopping Replication Manager Service.
2019-09-25 05:51:06,455 [main] INFO  container.ReplicationManager (ReplicationManager.java:stop(204)) - Stopping Replication Monitor Thread.
2019-09-25 05:51:06,455 [main] INFO  server.StorageContainerManager (StorageContainerManager.java:stop(815)) - Stopping Lease Manager of the command watchers
2019-09-25 05:51:06,457 [main] INFO  server.StorageContainerManager (StorageContainerManager.java:stop(822)) - Stopping datanode service RPC server
2019-09-25 05:51:06,457 [main] INFO  server.SCMDatanodeProtocolServer (SCMDatanodeProtocolServer.java:stop(367)) - Stopping the RPC server for DataNodes
2019-09-25 05:51:06,457 [main] INFO  ipc.Server (Server.java:stop(3082)) - Stopping server on 39817
2019-09-25 05:51:06,461 [IPC Server listener on 39817] INFO  ipc.Server (Server.java:run(1185)) - Stopping IPC Server listener on 39817
2019-09-25 05:51:06,461 [IPC Server Responder] INFO  ipc.Server (Server.java:run(1319)) - Stopping IPC Server Responder
2019-09-25 05:51:06,493 [SCM Heartbeat Processing Thread - 0] WARN  node.NodeStateManager (NodeStateManager.java:scheduleNextHealthCheck(655)) - Current Thread is interrupted, shutting down HB processing thread for Node Manager.
2019-09-25 05:51:06,493 [main] INFO  server.StorageContainerManager (StorageContainerManager.java:stop(830)) - Stopping block service RPC server
2019-09-25 05:51:06,494 [main] INFO  server.SCMBlockProtocolServer (SCMBlockProtocolServer.java:stop(155)) - Stopping the RPC server for Block Protocol
2019-09-25 05:51:06,494 [main] INFO  ipc.Server (Server.java:stop(3082)) - Stopping server on 33170
2019-09-25 05:51:06,497 [IPC Server listener on 33170] INFO  ipc.Server (Server.java:run(1185)) - Stopping IPC Server listener on 33170
2019-09-25 05:51:06,497 [main] INFO  server.StorageContainerManager (StorageContainerManager.java:stop(837)) - Stopping the StorageContainerLocationProtocol RPC server
2019-09-25 05:51:06,497 [main] INFO  server.SCMClientProtocolServer (SCMClientProtocolServer.java:stop(159)) - Stopping the RPC server for Client Protocol
2019-09-25 05:51:06,497 [IPC Server Responder] INFO  ipc.Server (Server.java:run(1319)) - Stopping IPC Server Responder
2019-09-25 05:51:06,500 [main] INFO  ipc.Server (Server.java:stop(3082)) - Stopping server on 41133
2019-09-25 05:51:06,503 [IPC Server listener on 41133] INFO  ipc.Server (Server.java:run(1185)) - Stopping IPC Server listener on 41133
2019-09-25 05:51:06,503 [main] INFO  server.StorageContainerManager (StorageContainerManager.java:stop(844)) - Stopping Storage Container Manager HTTP server.
2019-09-25 05:51:06,503 [IPC Server Responder] INFO  ipc.Server (Server.java:run(1319)) - Stopping IPC Server Responder
2019-09-25 05:51:06,506 [main] INFO  handler.ContextHandler (ContextHandler.java:doStop(910)) - Stopped o.e.j.w.WebAppContext@56c42964{/,null,UNAVAILABLE}{/scm}
2019-09-25 05:51:06,507 [main] INFO  server.AbstractConnector (AbstractConnector.java:doStop(318)) - Stopped ServerConnector@211a9647{HTTP/1.1,[http/1.1]}{0.0.0.0:0}
2019-09-25 05:51:06,507 [main] INFO  handler.ContextHandler (ContextHandler.java:doStop(910)) - Stopped o.e.j.s.ServletContextHandler@fabef2e{/static,file:///workdir/hadoop-ozone/integration-test/target/test-classes/webapps/static,UNAVAILABLE}
2019-09-25 05:51:06,508 [main] INFO  handler.ContextHandler (ContextHandler.java:doStop(910)) - Stopped o.e.j.s.ServletContextHandler@63f2e0b{/logs,file:///workdir/hadoop-ozone/integration-test/target/log,UNAVAILABLE}
2019-09-25 05:51:06,508 [main] INFO  server.StorageContainerManager (StorageContainerManager.java:stop(855)) - Stopping Block Manager Service.
2019-09-25 05:51:06,509 [main] INFO  utils.BackgroundService (BackgroundService.java:shutdown(148)) - Shutting down service SCMBlockDeletingService
2019-09-25 05:51:06,509 [main] INFO  utils.BackgroundService (BackgroundService.java:shutdown(148)) - Shutting down service SCMBlockDeletingService
2019-09-25 05:51:06,509 [main] INFO  server.StorageContainerManager (StorageContainerManager.java:stop(877)) - Stopping SCM Event Queue.
2019-09-25 05:51:06,512 [main] INFO  impl.MetricsSystemImpl (MetricsSystemImpl.java:stop(210)) - Stopping HddsDatanode metrics system...
2019-09-25 05:51:06,566 [main] INFO  impl.MetricsSystemImpl (MetricsSystemImpl.java:stop(216)) - HddsDatanode metrics system stopped.
]]></system-out>
  </testcase>
  <testcase name="testExceptionDuringClose" classname="org.apache.hadoop.ozone.client.rpc.TestBlockOutputStreamWithFailures" time="28.136">
    <error message="Allocated 0 blocks. Requested 1 blocks" type="INTERNAL_ERROR org.apache.hadoop.ozone.om.exceptions.OMException">INTERNAL_ERROR org.apache.hadoop.ozone.om.exceptions.OMException: Allocated 0 blocks. Requested 1 blocks
	at org.apache.hadoop.ozone.om.protocolPB.OzoneManagerProtocolClientSideTranslatorPB.handleError(OzoneManagerProtocolClientSideTranslatorPB.java:732)
	at org.apache.hadoop.ozone.om.protocolPB.OzoneManagerProtocolClientSideTranslatorPB.openKey(OzoneManagerProtocolClientSideTranslatorPB.java:723)
	at sun.reflect.NativeMethodAccessorImpl.invoke0(Native Method)
	at sun.reflect.NativeMethodAccessorImpl.invoke(NativeMethodAccessorImpl.java:62)
	at sun.reflect.DelegatingMethodAccessorImpl.invoke(DelegatingMethodAccessorImpl.java:43)
	at java.lang.reflect.Method.invoke(Method.java:498)
	at org.apache.hadoop.hdds.tracing.TraceAllMethod.invoke(TraceAllMethod.java:66)
	at com.sun.proxy.$Proxy37.openKey(Unknown Source)
	at org.apache.hadoop.ozone.client.rpc.RpcClient.createKey(RpcClient.java:614)
	at org.apache.hadoop.ozone.client.OzoneBucket.createKey(OzoneBucket.java:325)
	at org.apache.hadoop.ozone.container.ContainerTestHelper.createKey(ContainerTestHelper.java:704)
	at org.apache.hadoop.ozone.client.rpc.TestBlockOutputStreamWithFailures.createKey(TestBlockOutputStreamWithFailures.java:1210)
	at org.apache.hadoop.ozone.client.rpc.TestBlockOutputStreamWithFailures.createKey(TestBlockOutputStreamWithFailures.java:1204)
	at org.apache.hadoop.ozone.client.rpc.TestBlockOutputStreamWithFailures.testExceptionDuringClose(TestBlockOutputStreamWithFailures.java:679)
	at sun.reflect.NativeMethodAccessorImpl.invoke0(Native Method)
	at sun.reflect.NativeMethodAccessorImpl.invoke(NativeMethodAccessorImpl.java:62)
	at sun.reflect.DelegatingMethodAccessorImpl.invoke(DelegatingMethodAccessorImpl.java:43)
	at java.lang.reflect.Method.invoke(Method.java:498)
	at org.junit.runners.model.FrameworkMethod$1.runReflectiveCall(FrameworkMethod.java:47)
	at org.junit.internal.runners.model.ReflectiveCallable.run(ReflectiveCallable.java:12)
	at org.junit.runners.model.FrameworkMethod.invokeExplosively(FrameworkMethod.java:44)
	at org.junit.internal.runners.statements.InvokeMethod.evaluate(InvokeMethod.java:17)
	at org.junit.internal.runners.statements.RunBefores.evaluate(RunBefores.java:26)
	at org.junit.internal.runners.statements.RunAfters.evaluate(RunAfters.java:27)
	at org.junit.runners.ParentRunner.runLeaf(ParentRunner.java:271)
	at org.junit.runners.BlockJUnit4ClassRunner.runChild(BlockJUnit4ClassRunner.java:70)
	at org.junit.runners.BlockJUnit4ClassRunner.runChild(BlockJUnit4ClassRunner.java:50)
	at org.junit.runners.ParentRunner$3.run(ParentRunner.java:238)
	at org.junit.runners.ParentRunner$1.schedule(ParentRunner.java:63)
	at org.junit.runners.ParentRunner.runChildren(ParentRunner.java:236)
	at org.junit.runners.ParentRunner.access$000(ParentRunner.java:53)
	at org.junit.runners.ParentRunner$2.evaluate(ParentRunner.java:229)
	at org.junit.runners.ParentRunner.run(ParentRunner.java:309)
	at org.apache.maven.surefire.junit4.JUnit4Provider.execute(JUnit4Provider.java:365)
	at org.apache.maven.surefire.junit4.JUnit4Provider.executeWithRerun(JUnit4Provider.java:273)
	at org.apache.maven.surefire.junit4.JUnit4Provider.executeTestSet(JUnit4Provider.java:238)
	at org.apache.maven.surefire.junit4.JUnit4Provider.invoke(JUnit4Provider.java:159)
	at org.apache.maven.surefire.booter.ForkedBooter.invokeProviderInSameClassLoader(ForkedBooter.java:384)
	at org.apache.maven.surefire.booter.ForkedBooter.runSuitesInProcess(ForkedBooter.java:345)
	at org.apache.maven.surefire.booter.ForkedBooter.execute(ForkedBooter.java:126)
	at org.apache.maven.surefire.booter.ForkedBooter.main(ForkedBooter.java:418)
</error>
    <system-out><![CDATA[2019-09-25 05:51:06,605 [main] WARN  server.ServerUtils (ServerUtils.java:getScmDbDir(145)) - ozone.scm.db.dirs is not configured. We recommend adding this setting. Falling back to ozone.metadata.dirs instead.
2019-09-25 05:51:06,634 [main] WARN  server.ServerUtils (ServerUtils.java:getScmDbDir(145)) - ozone.scm.db.dirs is not configured. We recommend adding this setting. Falling back to ozone.metadata.dirs instead.
2019-09-25 05:51:06,634 [main] WARN  server.ServerUtils (ServerUtils.java:getScmDbDir(145)) - ozone.scm.db.dirs is not configured. We recommend adding this setting. Falling back to ozone.metadata.dirs instead.
2019-09-25 05:51:06,634 [main] INFO  db.DBStoreBuilder (DBStoreBuilder.java:addTable(110)) - using custom profile for table: deletedBlocks
2019-09-25 05:51:06,635 [main] INFO  db.DBStoreBuilder (DBStoreBuilder.java:processTables(161)) - Using default column profile:DBProfile.DISK for Table:deletedBlocks
2019-09-25 05:51:06,635 [main] INFO  db.DBStoreBuilder (DBStoreBuilder.java:addTable(110)) - using custom profile for table: validCerts
2019-09-25 05:51:06,635 [main] INFO  db.DBStoreBuilder (DBStoreBuilder.java:processTables(161)) - Using default column profile:DBProfile.DISK for Table:validCerts
2019-09-25 05:51:06,636 [main] INFO  db.DBStoreBuilder (DBStoreBuilder.java:addTable(110)) - using custom profile for table: revokedCerts
2019-09-25 05:51:06,636 [main] INFO  db.DBStoreBuilder (DBStoreBuilder.java:processTables(161)) - Using default column profile:DBProfile.DISK for Table:revokedCerts
2019-09-25 05:51:06,637 [main] INFO  db.DBStoreBuilder (DBStoreBuilder.java:addTable(110)) - using custom profile for table: default
2019-09-25 05:51:06,637 [main] INFO  db.DBStoreBuilder (DBStoreBuilder.java:processTables(167)) - Using default column profile:DBProfile.DISK for Table:default
2019-09-25 05:51:06,637 [main] INFO  db.DBStoreBuilder (DBStoreBuilder.java:getDbProfile(198)) - Using default options. DBProfile.DISK
2019-09-25 05:51:06,790 [main] INFO  net.NodeSchemaLoader (NodeSchemaLoader.java:loadSchemaFromFile(125)) - Loading file from sun.misc.CompoundEnumeration@38d42ab7
2019-09-25 05:51:06,791 [main] INFO  net.NodeSchemaLoader (NodeSchemaLoader.java:loadSchema(171)) - Loading network topology layer schema file
2019-09-25 05:51:06,795 [main] INFO  node.SCMNodeManager (SCMNodeManager.java:<init>(114)) - Entering startup safe mode.
2019-09-25 05:51:06,795 [main] INFO  algorithms.ContainerPlacementPolicyFactory (ContainerPlacementPolicyFactory.java:getPolicy(59)) - Create container placement policy of type org.apache.hadoop.hdds.scm.container.placement.algorithms.SCMContainerPlacementRandom
2019-09-25 05:51:06,796 [main] WARN  server.ServerUtils (ServerUtils.java:getScmDbDir(145)) - ozone.scm.db.dirs is not configured. We recommend adding this setting. Falling back to ozone.metadata.dirs instead.
2019-09-25 05:51:06,816 [main] INFO  pipeline.SCMPipelineManager (SCMPipelineManager.java:initializePipelineState(132)) - No pipeline exists in current db
2019-09-25 05:51:06,817 [main] WARN  server.ServerUtils (ServerUtils.java:getScmDbDir(145)) - ozone.scm.db.dirs is not configured. We recommend adding this setting. Falling back to ozone.metadata.dirs instead.
2019-09-25 05:51:06,861 [main] WARN  events.EventQueue (EventQueue.java:fireEvent(183)) - No event handler registered for event TypedEvent{payloadType=SafeModeStatus, name='SafeModeStatus'}
2019-09-25 05:51:06,862 [main] INFO  ipc.CallQueueManager (CallQueueManager.java:<init>(84)) - Using callQueue: class java.util.concurrent.LinkedBlockingQueue, queueCapacity: 2000, scheduler: class org.apache.hadoop.ipc.DefaultRpcScheduler, ipcBackoff: false.
2019-09-25 05:51:06,863 [Socket Reader #1 for port 36663] INFO  ipc.Server (Server.java:run(1074)) - Starting Socket Reader #1 for port 36663
2019-09-25 05:51:06,866 [main] INFO  ipc.CallQueueManager (CallQueueManager.java:<init>(84)) - Using callQueue: class java.util.concurrent.LinkedBlockingQueue, queueCapacity: 2000, scheduler: class org.apache.hadoop.ipc.DefaultRpcScheduler, ipcBackoff: false.
2019-09-25 05:51:06,866 [Socket Reader #1 for port 39688] INFO  ipc.Server (Server.java:run(1074)) - Starting Socket Reader #1 for port 39688
2019-09-25 05:51:06,875 [main] INFO  ipc.CallQueueManager (CallQueueManager.java:<init>(84)) - Using callQueue: class java.util.concurrent.LinkedBlockingQueue, queueCapacity: 2000, scheduler: class org.apache.hadoop.ipc.DefaultRpcScheduler, ipcBackoff: false.
2019-09-25 05:51:06,875 [Socket Reader #1 for port 37775] INFO  ipc.Server (Server.java:run(1074)) - Starting Socket Reader #1 for port 37775
2019-09-25 05:51:06,877 [main] INFO  hdfs.DFSUtil (DFSUtil.java:httpServerTemplateForNNAndJN(1641)) - Starting Web-server for scm at: http://0.0.0.0:0
2019-09-25 05:51:06,878 [main] INFO  server.AuthenticationFilter (AuthenticationFilter.java:constructSecretProvider(240)) - Unable to initialize FileSignerSecretProvider, falling back to use random secrets.
2019-09-25 05:51:06,879 [main] WARN  http.HttpRequestLog (HttpRequestLog.java:getRequestLog(97)) - Jetty request log can only be enabled using Log4j
2019-09-25 05:51:06,880 [main] INFO  http.HttpServer2 (HttpServer2.java:addGlobalFilter(975)) - Added global filter 'safety' (class=org.apache.hadoop.http.HttpServer2$QuotingInputFilter)
2019-09-25 05:51:06,880 [main] INFO  http.HttpServer2 (HttpServer2.java:addFilter(948)) - Added filter static_user_filter (class=org.apache.hadoop.http.lib.StaticUserWebFilter$StaticUserFilter) to context scm
2019-09-25 05:51:06,880 [main] INFO  http.HttpServer2 (HttpServer2.java:addFilter(958)) - Added filter static_user_filter (class=org.apache.hadoop.http.lib.StaticUserWebFilter$StaticUserFilter) to context static
2019-09-25 05:51:06,881 [main] INFO  http.HttpServer2 (HttpServer2.java:addFilter(958)) - Added filter static_user_filter (class=org.apache.hadoop.http.lib.StaticUserWebFilter$StaticUserFilter) to context logs
2019-09-25 05:51:06,882 [main] INFO  server.StorageContainerManager (StorageContainerManager.java:start(770)) - StorageContainerLocationProtocol RPC server is listening at /0.0.0.0:37775
2019-09-25 05:51:06,883 [main] WARN  impl.MetricsConfig (MetricsConfig.java:loadFirst(134)) - Cannot locate configuration: tried hadoop-metrics2-storagecontainermanager.properties,hadoop-metrics2.properties
2019-09-25 05:51:06,884 [main] INFO  impl.MetricsSystemImpl (MetricsSystemImpl.java:startTimer(374)) - Scheduled Metric snapshot period at 10 second(s).
2019-09-25 05:51:06,884 [main] INFO  impl.MetricsSystemImpl (MetricsSystemImpl.java:start(191)) - StorageContainerManager metrics system started
2019-09-25 05:51:07,231 [main] WARN  impl.MetricsSystemImpl (MetricsSystemImpl.java:register(276)) - Sink prometheus already exists!
2019-09-25 05:51:07,691 [main] INFO  server.SCMClientProtocolServer (SCMClientProtocolServer.java:start(151)) - RPC server for Client  is listening at /0.0.0.0:37775
2019-09-25 05:51:07,692 [IPC Server Responder] INFO  ipc.Server (Server.java:run(1314)) - IPC Server Responder: starting
2019-09-25 05:51:07,692 [IPC Server listener on 37775] INFO  ipc.Server (Server.java:run(1153)) - IPC Server listener on 37775: starting
2019-09-25 05:51:07,701 [main] INFO  server.StorageContainerManager (StorageContainerManager.java:start(780)) - ScmBlockLocationProtocol RPC server is listening at /0.0.0.0:39688
2019-09-25 05:51:07,701 [main] INFO  server.SCMBlockProtocolServer (SCMBlockProtocolServer.java:start(146)) - RPC server for Block Protocol is listening at /0.0.0.0:39688
2019-09-25 05:51:07,702 [IPC Server Responder] INFO  ipc.Server (Server.java:run(1314)) - IPC Server Responder: starting
2019-09-25 05:51:07,702 [IPC Server listener on 39688] INFO  ipc.Server (Server.java:run(1153)) - IPC Server listener on 39688: starting
2019-09-25 05:51:07,710 [main] INFO  server.StorageContainerManager (StorageContainerManager.java:start(784)) - ScmDatanodeProtocl RPC server is listening at /0.0.0.0:36663
2019-09-25 05:51:07,710 [main] INFO  server.SCMDatanodeProtocolServer (SCMDatanodeProtocolServer.java:start(191)) - RPC server for DataNodes is listening at /0.0.0.0:36663
2019-09-25 05:51:07,710 [IPC Server Responder] INFO  ipc.Server (Server.java:run(1314)) - IPC Server Responder: starting
2019-09-25 05:51:07,711 [IPC Server listener on 36663] INFO  ipc.Server (Server.java:run(1153)) - IPC Server listener on 36663: starting
2019-09-25 05:51:07,718 [main] INFO  http.HttpServer2 (HttpServer2.java:bindListener(1191)) - Jetty bound to port 42130
2019-09-25 05:51:07,719 [main] INFO  server.Server (Server.java:doStart(351)) - jetty-9.3.25.v20180904, build timestamp: 2018-09-04T21:11:46Z, git hash: 3ce520221d0240229c862b122d2b06c12a625732
2019-09-25 05:51:07,721 [main] INFO  handler.ContextHandler (ContextHandler.java:doStart(781)) - Started o.e.j.s.ServletContextHandler@4403bff8{/logs,file:///workdir/hadoop-ozone/integration-test/target/log,AVAILABLE}
2019-09-25 05:51:07,721 [main] INFO  handler.ContextHandler (ContextHandler.java:doStart(781)) - Started o.e.j.s.ServletContextHandler@502c087e{/static,file:///workdir/hadoop-ozone/integration-test/target/test-classes/webapps/static,AVAILABLE}
2019-09-25 05:51:07,726 [main] INFO  handler.ContextHandler (ContextHandler.java:doStart(781)) - Started o.e.j.w.WebAppContext@7ba06506{/,file:///workdir/hadoop-ozone/integration-test/target/test-classes/webapps/scm/,AVAILABLE}{/scm}
2019-09-25 05:51:07,727 [main] INFO  server.AbstractConnector (AbstractConnector.java:doStart(278)) - Started ServerConnector@63dc3420{HTTP/1.1,[http/1.1]}{0.0.0.0:42130}
2019-09-25 05:51:07,729 [main] INFO  server.Server (Server.java:doStart(419)) - Started @610566ms
2019-09-25 05:51:07,729 [main] WARN  impl.MetricsSystemImpl (MetricsSystemImpl.java:register(276)) - Sink prometheus already exists!
2019-09-25 05:51:07,730 [main] INFO  server.BaseHttpServer (BaseHttpServer.java:updateConnectorAddress(215)) - HTTP server of SCM is listening at http://0.0.0.0:42130
2019-09-25 05:51:07,731 [main] WARN  server.ServerUtils (ServerUtils.java:getDBPath(222)) - ozone.om.db.dirs is not configured. We recommend adding this setting. Falling back to ozone.metadata.dirs instead.
2019-09-25 05:51:07,733 [org.apache.hadoop.util.JvmPauseMonitor$Monitor@145a821d] INFO  util.JvmPauseMonitor (JvmPauseMonitor.java:run(188)) - Starting JVM pause monitor
2019-09-25 05:51:07,747 [main] WARN  server.ServerUtils (ServerUtils.java:getDBPath(222)) - ozone.om.db.dirs is not configured. We recommend adding this setting. Falling back to ozone.metadata.dirs instead.
2019-09-25 05:51:07,747 [main] WARN  server.ServerUtils (ServerUtils.java:getDBPath(222)) - ozone.om.db.dirs is not configured. We recommend adding this setting. Falling back to ozone.metadata.dirs instead.
2019-09-25 05:51:07,748 [main] INFO  om.OzoneManager (OzoneManager.java:setOMNodeDetails(652)) - OM Service ID is not set. Setting it to the default ID: omServiceIdDefault
2019-09-25 05:51:07,748 [main] INFO  om.OzoneManager (OzoneManager.java:setOMNodeDetails(658)) - OM Node ID is not set. Setting it to the OmStorage's OmID: 9deedc2c-168f-4243-8659-44c42c05eb14
2019-09-25 05:51:07,748 [main] INFO  om.OzoneManager (OzoneManager.java:loadOMHAConfigs(609)) - Found matching OM address with OMServiceId: null, OMNodeId: null, RPC Address: localhost:0 and Ratis port: 9872
2019-09-25 05:51:07,760 [main] WARN  server.ServerUtils (ServerUtils.java:getDBPath(222)) - ozone.om.db.dirs is not configured. We recommend adding this setting. Falling back to ozone.metadata.dirs instead.
2019-09-25 05:51:07,761 [main] INFO  db.DBStoreBuilder (DBStoreBuilder.java:addTable(110)) - using custom profile for table: userTable
2019-09-25 05:51:07,761 [main] INFO  db.DBStoreBuilder (DBStoreBuilder.java:processTables(161)) - Using default column profile:DBProfile.DISK for Table:userTable
2019-09-25 05:51:07,761 [main] INFO  db.DBStoreBuilder (DBStoreBuilder.java:addTable(110)) - using custom profile for table: volumeTable
2019-09-25 05:51:07,761 [main] INFO  db.DBStoreBuilder (DBStoreBuilder.java:processTables(161)) - Using default column profile:DBProfile.DISK for Table:volumeTable
2019-09-25 05:51:07,762 [main] INFO  db.DBStoreBuilder (DBStoreBuilder.java:addTable(110)) - using custom profile for table: bucketTable
2019-09-25 05:51:07,762 [main] INFO  db.DBStoreBuilder (DBStoreBuilder.java:processTables(161)) - Using default column profile:DBProfile.DISK for Table:bucketTable
2019-09-25 05:51:07,762 [main] INFO  db.DBStoreBuilder (DBStoreBuilder.java:addTable(110)) - using custom profile for table: keyTable
2019-09-25 05:51:07,762 [main] INFO  db.DBStoreBuilder (DBStoreBuilder.java:processTables(161)) - Using default column profile:DBProfile.DISK for Table:keyTable
2019-09-25 05:51:07,762 [main] INFO  db.DBStoreBuilder (DBStoreBuilder.java:addTable(110)) - using custom profile for table: deletedTable
2019-09-25 05:51:07,763 [main] INFO  db.DBStoreBuilder (DBStoreBuilder.java:processTables(161)) - Using default column profile:DBProfile.DISK for Table:deletedTable
2019-09-25 05:51:07,763 [main] INFO  db.DBStoreBuilder (DBStoreBuilder.java:addTable(110)) - using custom profile for table: openKeyTable
2019-09-25 05:51:07,763 [main] INFO  db.DBStoreBuilder (DBStoreBuilder.java:processTables(161)) - Using default column profile:DBProfile.DISK for Table:openKeyTable
2019-09-25 05:51:07,763 [main] INFO  db.DBStoreBuilder (DBStoreBuilder.java:addTable(110)) - using custom profile for table: s3Table
2019-09-25 05:51:07,763 [main] INFO  db.DBStoreBuilder (DBStoreBuilder.java:processTables(161)) - Using default column profile:DBProfile.DISK for Table:s3Table
2019-09-25 05:51:07,764 [main] INFO  db.DBStoreBuilder (DBStoreBuilder.java:addTable(110)) - using custom profile for table: multipartInfoTable
2019-09-25 05:51:07,764 [main] INFO  db.DBStoreBuilder (DBStoreBuilder.java:processTables(161)) - Using default column profile:DBProfile.DISK for Table:multipartInfoTable
2019-09-25 05:51:07,764 [main] INFO  db.DBStoreBuilder (DBStoreBuilder.java:addTable(110)) - using custom profile for table: dTokenTable
2019-09-25 05:51:07,764 [main] INFO  db.DBStoreBuilder (DBStoreBuilder.java:processTables(161)) - Using default column profile:DBProfile.DISK for Table:dTokenTable
2019-09-25 05:51:07,764 [main] INFO  db.DBStoreBuilder (DBStoreBuilder.java:addTable(110)) - using custom profile for table: s3SecretTable
2019-09-25 05:51:07,765 [main] INFO  db.DBStoreBuilder (DBStoreBuilder.java:processTables(161)) - Using default column profile:DBProfile.DISK for Table:s3SecretTable
2019-09-25 05:51:07,765 [main] INFO  db.DBStoreBuilder (DBStoreBuilder.java:addTable(110)) - using custom profile for table: prefixTable
2019-09-25 05:51:07,765 [main] INFO  db.DBStoreBuilder (DBStoreBuilder.java:processTables(161)) - Using default column profile:DBProfile.DISK for Table:prefixTable
2019-09-25 05:51:07,765 [main] INFO  db.DBStoreBuilder (DBStoreBuilder.java:addTable(110)) - using custom profile for table: default
2019-09-25 05:51:07,765 [main] INFO  db.DBStoreBuilder (DBStoreBuilder.java:processTables(167)) - Using default column profile:DBProfile.DISK for Table:default
2019-09-25 05:51:07,766 [main] INFO  db.DBStoreBuilder (DBStoreBuilder.java:getDbProfile(198)) - Using default options. DBProfile.DISK
2019-09-25 05:51:08,294 [main] INFO  ipc.CallQueueManager (CallQueueManager.java:<init>(84)) - Using callQueue: class java.util.concurrent.LinkedBlockingQueue, queueCapacity: 2000, scheduler: class org.apache.hadoop.ipc.DefaultRpcScheduler, ipcBackoff: false.
2019-09-25 05:51:08,296 [Socket Reader #1 for port 38745] INFO  ipc.Server (Server.java:run(1074)) - Starting Socket Reader #1 for port 38745
2019-09-25 05:51:08,312 [main] INFO  om.OzoneManager (OzoneManager.java:start(1243)) - OzoneManager RPC server is listening at localhost/127.0.0.1:38745
2019-09-25 05:51:08,312 [main] INFO  impl.MetricsSystemImpl (MetricsSystemImpl.java:init(158)) - OzoneManager metrics system started (again)
2019-09-25 05:51:08,313 [IPC Server Responder] INFO  ipc.Server (Server.java:run(1314)) - IPC Server Responder: starting
2019-09-25 05:51:08,315 [IPC Server listener on 38745] INFO  ipc.Server (Server.java:run(1153)) - IPC Server listener on 38745: starting
2019-09-25 05:51:08,323 [main] INFO  hdfs.DFSUtil (DFSUtil.java:httpServerTemplateForNNAndJN(1641)) - Starting Web-server for ozoneManager at: http://0.0.0.0:0
2019-09-25 05:51:08,325 [main] INFO  server.AuthenticationFilter (AuthenticationFilter.java:constructSecretProvider(240)) - Unable to initialize FileSignerSecretProvider, falling back to use random secrets.
2019-09-25 05:51:08,326 [main] WARN  http.HttpRequestLog (HttpRequestLog.java:getRequestLog(97)) - Jetty request log can only be enabled using Log4j
2019-09-25 05:51:08,328 [main] INFO  http.HttpServer2 (HttpServer2.java:addGlobalFilter(975)) - Added global filter 'safety' (class=org.apache.hadoop.http.HttpServer2$QuotingInputFilter)
2019-09-25 05:51:08,329 [main] INFO  http.HttpServer2 (HttpServer2.java:addFilter(948)) - Added filter static_user_filter (class=org.apache.hadoop.http.lib.StaticUserWebFilter$StaticUserFilter) to context ozoneManager
2019-09-25 05:51:08,329 [main] INFO  http.HttpServer2 (HttpServer2.java:addFilter(958)) - Added filter static_user_filter (class=org.apache.hadoop.http.lib.StaticUserWebFilter$StaticUserFilter) to context logs
2019-09-25 05:51:08,329 [main] INFO  http.HttpServer2 (HttpServer2.java:addFilter(958)) - Added filter static_user_filter (class=org.apache.hadoop.http.lib.StaticUserWebFilter$StaticUserFilter) to context static
2019-09-25 05:51:08,330 [main] INFO  http.HttpServer2 (HttpServer2.java:bindListener(1191)) - Jetty bound to port 36780
2019-09-25 05:51:08,330 [main] INFO  server.Server (Server.java:doStart(351)) - jetty-9.3.25.v20180904, build timestamp: 2018-09-04T21:11:46Z, git hash: 3ce520221d0240229c862b122d2b06c12a625732
2019-09-25 05:51:08,332 [main] INFO  handler.ContextHandler (ContextHandler.java:doStart(781)) - Started o.e.j.s.ServletContextHandler@44aed6a4{/logs,file:///workdir/hadoop-ozone/integration-test/target/log,AVAILABLE}
2019-09-25 05:51:08,332 [main] INFO  handler.ContextHandler (ContextHandler.java:doStart(781)) - Started o.e.j.s.ServletContextHandler@5ca22e19{/static,file:///workdir/hadoop-ozone/integration-test/target/test-classes/webapps/static,AVAILABLE}
2019-09-25 05:51:08,337 [main] INFO  handler.ContextHandler (ContextHandler.java:doStart(781)) - Started o.e.j.w.WebAppContext@1d7f2f0a{/,file:///workdir/hadoop-ozone/integration-test/target/test-classes/webapps/ozoneManager/,AVAILABLE}{/ozoneManager}
2019-09-25 05:51:08,338 [main] INFO  server.AbstractConnector (AbstractConnector.java:doStart(278)) - Started ServerConnector@54defd69{HTTP/1.1,[http/1.1]}{0.0.0.0:36780}
2019-09-25 05:51:08,348 [main] INFO  server.Server (Server.java:doStart(419)) - Started @611186ms
2019-09-25 05:51:08,348 [main] WARN  impl.MetricsSystemImpl (MetricsSystemImpl.java:register(276)) - Sink prometheus already exists!
2019-09-25 05:51:08,349 [main] INFO  server.BaseHttpServer (BaseHttpServer.java:updateConnectorAddress(215)) - HTTP server of OZONEMANAGER is listening at http://0.0.0.0:36780
2019-09-25 05:51:08,365 [main] INFO  impl.MetricsSystemImpl (MetricsSystemImpl.java:init(158)) - HddsDatanode metrics system started (again)
2019-09-25 05:51:08,383 [main] INFO  ozone.HddsDatanodeService (HddsDatanodeService.java:start(184)) - HddsDatanodeService host:pr-hdds-1569-s62bp-3040748787 ip:192.168.30.10
2019-09-25 05:51:08,392 [main] INFO  volume.HddsVolume (HddsVolume.java:<init>(176)) - Creating Volume: /workdir/hadoop-ozone/integration-test/target/test-dir/MiniOzoneClusterImpl-6389a31f-e1b2-4948-a777-3ab81d592f44/datanode-0/data/containers/hdds of  storage type : DISK and capacity : 1482555576320
2019-09-25 05:51:08,392 [main] INFO  volume.VolumeSet (VolumeSet.java:initializeVolumeSet(170)) - Added Volume : /workdir/hadoop-ozone/integration-test/target/test-dir/MiniOzoneClusterImpl-6389a31f-e1b2-4948-a777-3ab81d592f44/datanode-0/data/containers/hdds to VolumeSet
2019-09-25 05:51:08,392 [main] INFO  volume.ThrottledAsyncChecker (ThrottledAsyncChecker.java:schedule(139)) - Scheduling a check for org.apache.hadoop.ozone.container.common.volume.HddsVolume@31693a86
2019-09-25 05:51:08,393 [main] INFO  volume.HddsVolumeChecker (HddsVolumeChecker.java:checkAllVolumes(202)) - Scheduled health check for volume org.apache.hadoop.ozone.container.common.volume.HddsVolume@31693a86
2019-09-25 05:51:08,412 [main] INFO  impl.RaftServerProxy (ConfUtils.java:logGet(43)) - raft.rpc.type = GRPC (default)
2019-09-25 05:51:08,412 [main] INFO  grpc.GrpcFactory (GrpcFactory.java:checkPooledByteBufAllocatorUseCacheForAllThreads(45)) - PERFORMANCE WARNING: useCacheForAllThreads is true that may cause Netty to create a lot garbage objects and, as a result, trigger GC.
	It is recommended to disable useCacheForAllThreads by setting -Dorg.apache.ratis.thirdparty.io.netty.allocator.useCacheForAllThreads=false in command line.
2019-09-25 05:51:08,412 [main] INFO  grpc.GrpcConfigKeys$Server (ConfUtils.java:logGet(43)) - raft.grpc.server.port = 0 (default)
2019-09-25 05:51:08,413 [main] INFO  server.GrpcService (ConfUtils.java:logGet(43)) - raft.grpc.message.size.max = 33570816 (custom)
2019-09-25 05:51:08,413 [main] INFO  server.RaftServerConfigKeys (ConfUtils.java:logGet(43)) - raft.server.log.appender.buffer.byte-limit = 33554432 (custom)
2019-09-25 05:51:08,413 [main] INFO  server.GrpcService (ConfUtils.java:logGet(43)) - raft.grpc.flow.control.window = 1MB (=1048576) (default)
2019-09-25 05:51:08,413 [main] INFO  server.RaftServerConfigKeys (ConfUtils.java:logGet(43)) - raft.server.rpc.request.timeout = 3000ms (default)
2019-09-25 05:51:08,414 [main] INFO  server.RaftServerConfigKeys (ConfUtils.java:logGet(43)) - raft.server.storage.dir = [/workdir/hadoop-ozone/integration-test/target/test-dir/MiniOzoneClusterImpl-6389a31f-e1b2-4948-a777-3ab81d592f44/datanode-0/data/ratis] (custom)
2019-09-25 05:51:08,416 [main] INFO  hdfs.DFSUtil (DFSUtil.java:httpServerTemplateForNNAndJN(1641)) - Starting Web-server for hddsDatanode at: http://0.0.0.0:0
2019-09-25 05:51:08,417 [main] INFO  server.AuthenticationFilter (AuthenticationFilter.java:constructSecretProvider(240)) - Unable to initialize FileSignerSecretProvider, falling back to use random secrets.
2019-09-25 05:51:08,418 [main] WARN  http.HttpRequestLog (HttpRequestLog.java:getRequestLog(97)) - Jetty request log can only be enabled using Log4j
2019-09-25 05:51:08,420 [main] INFO  http.HttpServer2 (HttpServer2.java:addGlobalFilter(975)) - Added global filter 'safety' (class=org.apache.hadoop.http.HttpServer2$QuotingInputFilter)
2019-09-25 05:51:08,420 [main] INFO  http.HttpServer2 (HttpServer2.java:addFilter(948)) - Added filter static_user_filter (class=org.apache.hadoop.http.lib.StaticUserWebFilter$StaticUserFilter) to context hddsDatanode
2019-09-25 05:51:08,420 [main] INFO  http.HttpServer2 (HttpServer2.java:addFilter(958)) - Added filter static_user_filter (class=org.apache.hadoop.http.lib.StaticUserWebFilter$StaticUserFilter) to context logs
2019-09-25 05:51:08,421 [main] INFO  http.HttpServer2 (HttpServer2.java:addFilter(958)) - Added filter static_user_filter (class=org.apache.hadoop.http.lib.StaticUserWebFilter$StaticUserFilter) to context static
2019-09-25 05:51:08,421 [main] INFO  http.HttpServer2 (HttpServer2.java:bindListener(1191)) - Jetty bound to port 35354
2019-09-25 05:51:08,422 [main] INFO  server.Server (Server.java:doStart(351)) - jetty-9.3.25.v20180904, build timestamp: 2018-09-04T21:11:46Z, git hash: 3ce520221d0240229c862b122d2b06c12a625732
2019-09-25 05:51:08,423 [main] INFO  handler.ContextHandler (ContextHandler.java:doStart(781)) - Started o.e.j.s.ServletContextHandler@45c423b3{/logs,file:///workdir/hadoop-ozone/integration-test/target/log,AVAILABLE}
2019-09-25 05:51:08,424 [main] INFO  handler.ContextHandler (ContextHandler.java:doStart(781)) - Started o.e.j.s.ServletContextHandler@68d8eb4f{/static,jar:file:/home/user/.m2/repository/org/apache/hadoop/hadoop-hdds-container-service/0.5.0-SNAPSHOT/hadoop-hdds-container-service-0.5.0-SNAPSHOT.jar!/webapps/static,AVAILABLE}
2019-09-25 05:51:08,481 [main] INFO  handler.ContextHandler (ContextHandler.java:doStart(781)) - Started o.e.j.w.WebAppContext@70d5d96b{/,file:///tmp/jetty-0.0.0.0-35354-hddsDatanode-_-any-4774607319042833326.dir/webapp/,AVAILABLE}{/hddsDatanode}
2019-09-25 05:51:08,481 [main] INFO  server.AbstractConnector (AbstractConnector.java:doStart(278)) - Started ServerConnector@23469199{HTTP/1.1,[http/1.1]}{0.0.0.0:35354}
2019-09-25 05:51:08,485 [main] INFO  server.Server (Server.java:doStart(419)) - Started @611322ms
2019-09-25 05:51:08,485 [main] WARN  impl.MetricsSystemImpl (MetricsSystemImpl.java:register(276)) - Sink prometheus already exists!
2019-09-25 05:51:08,486 [main] INFO  server.BaseHttpServer (BaseHttpServer.java:updateConnectorAddress(215)) - HTTP server of HDDSDATANODE is listening at http://0.0.0.0:35354
2019-09-25 05:51:08,486 [main] INFO  impl.MetricsSystemImpl (MetricsSystemImpl.java:init(158)) - HddsDatanode metrics system started (again)
2019-09-25 05:51:08,504 [org.apache.hadoop.util.JvmPauseMonitor$Monitor@7ca03fa5] INFO  util.JvmPauseMonitor (JvmPauseMonitor.java:run(188)) - Starting JVM pause monitor
2019-09-25 05:51:08,505 [main] INFO  ozone.HddsDatanodeService (HddsDatanodeService.java:start(184)) - HddsDatanodeService host:pr-hdds-1569-s62bp-3040748787 ip:192.168.30.10
2019-09-25 05:51:08,506 [Datanode State Machine Thread - 0] INFO  datanode.InitDatanodeState (InitDatanodeState.java:persistContainerDatanodeDetails(140)) - DatanodeDetails is persisted to /workdir/hadoop-ozone/integration-test/target/test-dir/MiniOzoneClusterImpl-6389a31f-e1b2-4948-a777-3ab81d592f44/datanode-0/meta/datanode.id
2019-09-25 05:51:08,515 [main] INFO  volume.HddsVolume (HddsVolume.java:<init>(176)) - Creating Volume: /workdir/hadoop-ozone/integration-test/target/test-dir/MiniOzoneClusterImpl-6389a31f-e1b2-4948-a777-3ab81d592f44/datanode-1/data/containers/hdds of  storage type : DISK and capacity : 1482555576320
2019-09-25 05:51:08,515 [main] INFO  volume.VolumeSet (VolumeSet.java:initializeVolumeSet(170)) - Added Volume : /workdir/hadoop-ozone/integration-test/target/test-dir/MiniOzoneClusterImpl-6389a31f-e1b2-4948-a777-3ab81d592f44/datanode-1/data/containers/hdds to VolumeSet
2019-09-25 05:51:08,515 [main] INFO  volume.ThrottledAsyncChecker (ThrottledAsyncChecker.java:schedule(139)) - Scheduling a check for org.apache.hadoop.ozone.container.common.volume.HddsVolume@3f1158ee
2019-09-25 05:51:08,516 [main] INFO  volume.HddsVolumeChecker (HddsVolumeChecker.java:checkAllVolumes(202)) - Scheduled health check for volume org.apache.hadoop.ozone.container.common.volume.HddsVolume@3f1158ee
2019-09-25 05:51:08,538 [main] INFO  impl.RaftServerProxy (ConfUtils.java:logGet(43)) - raft.rpc.type = GRPC (default)
2019-09-25 05:51:08,538 [main] INFO  grpc.GrpcFactory (GrpcFactory.java:checkPooledByteBufAllocatorUseCacheForAllThreads(45)) - PERFORMANCE WARNING: useCacheForAllThreads is true that may cause Netty to create a lot garbage objects and, as a result, trigger GC.
	It is recommended to disable useCacheForAllThreads by setting -Dorg.apache.ratis.thirdparty.io.netty.allocator.useCacheForAllThreads=false in command line.
2019-09-25 05:51:08,539 [main] INFO  grpc.GrpcConfigKeys$Server (ConfUtils.java:logGet(43)) - raft.grpc.server.port = 0 (default)
2019-09-25 05:51:08,539 [main] INFO  server.GrpcService (ConfUtils.java:logGet(43)) - raft.grpc.message.size.max = 33570816 (custom)
2019-09-25 05:51:08,539 [main] INFO  server.RaftServerConfigKeys (ConfUtils.java:logGet(43)) - raft.server.log.appender.buffer.byte-limit = 33554432 (custom)
2019-09-25 05:51:08,540 [main] INFO  server.GrpcService (ConfUtils.java:logGet(43)) - raft.grpc.flow.control.window = 1MB (=1048576) (default)
2019-09-25 05:51:08,540 [main] INFO  server.RaftServerConfigKeys (ConfUtils.java:logGet(43)) - raft.server.rpc.request.timeout = 3000ms (default)
2019-09-25 05:51:08,541 [main] INFO  server.RaftServerConfigKeys (ConfUtils.java:logGet(43)) - raft.server.storage.dir = [/workdir/hadoop-ozone/integration-test/target/test-dir/MiniOzoneClusterImpl-6389a31f-e1b2-4948-a777-3ab81d592f44/datanode-1/data/ratis] (custom)
2019-09-25 05:51:08,543 [main] INFO  hdfs.DFSUtil (DFSUtil.java:httpServerTemplateForNNAndJN(1641)) - Starting Web-server for hddsDatanode at: http://0.0.0.0:0
2019-09-25 05:51:08,545 [main] INFO  server.AuthenticationFilter (AuthenticationFilter.java:constructSecretProvider(240)) - Unable to initialize FileSignerSecretProvider, falling back to use random secrets.
2019-09-25 05:51:08,546 [main] WARN  http.HttpRequestLog (HttpRequestLog.java:getRequestLog(97)) - Jetty request log can only be enabled using Log4j
2019-09-25 05:51:08,548 [main] INFO  http.HttpServer2 (HttpServer2.java:addGlobalFilter(975)) - Added global filter 'safety' (class=org.apache.hadoop.http.HttpServer2$QuotingInputFilter)
2019-09-25 05:51:08,549 [main] INFO  http.HttpServer2 (HttpServer2.java:addFilter(948)) - Added filter static_user_filter (class=org.apache.hadoop.http.lib.StaticUserWebFilter$StaticUserFilter) to context hddsDatanode
2019-09-25 05:51:08,549 [main] INFO  http.HttpServer2 (HttpServer2.java:addFilter(958)) - Added filter static_user_filter (class=org.apache.hadoop.http.lib.StaticUserWebFilter$StaticUserFilter) to context logs
2019-09-25 05:51:08,549 [main] INFO  http.HttpServer2 (HttpServer2.java:addFilter(958)) - Added filter static_user_filter (class=org.apache.hadoop.http.lib.StaticUserWebFilter$StaticUserFilter) to context static
2019-09-25 05:51:08,550 [main] INFO  http.HttpServer2 (HttpServer2.java:bindListener(1191)) - Jetty bound to port 35219
2019-09-25 05:51:08,551 [main] INFO  server.Server (Server.java:doStart(351)) - jetty-9.3.25.v20180904, build timestamp: 2018-09-04T21:11:46Z, git hash: 3ce520221d0240229c862b122d2b06c12a625732
2019-09-25 05:51:08,553 [main] INFO  handler.ContextHandler (ContextHandler.java:doStart(781)) - Started o.e.j.s.ServletContextHandler@48e74764{/logs,file:///workdir/hadoop-ozone/integration-test/target/log,AVAILABLE}
2019-09-25 05:51:08,554 [main] INFO  handler.ContextHandler (ContextHandler.java:doStart(781)) - Started o.e.j.s.ServletContextHandler@7a3643e3{/static,jar:file:/home/user/.m2/repository/org/apache/hadoop/hadoop-hdds-container-service/0.5.0-SNAPSHOT/hadoop-hdds-container-service-0.5.0-SNAPSHOT.jar!/webapps/static,AVAILABLE}
2019-09-25 05:51:08,599 [main] INFO  handler.ContextHandler (ContextHandler.java:doStart(781)) - Started o.e.j.w.WebAppContext@14656be5{/,file:///tmp/jetty-0.0.0.0-35219-hddsDatanode-_-any-26672352236415151.dir/webapp/,AVAILABLE}{/hddsDatanode}
2019-09-25 05:51:08,600 [main] INFO  server.AbstractConnector (AbstractConnector.java:doStart(278)) - Started ServerConnector@20be890d{HTTP/1.1,[http/1.1]}{0.0.0.0:35219}
2019-09-25 05:51:08,603 [main] INFO  server.Server (Server.java:doStart(419)) - Started @611440ms
2019-09-25 05:51:08,603 [main] WARN  impl.MetricsSystemImpl (MetricsSystemImpl.java:register(276)) - Sink prometheus already exists!
2019-09-25 05:51:08,604 [main] INFO  server.BaseHttpServer (BaseHttpServer.java:updateConnectorAddress(215)) - HTTP server of HDDSDATANODE is listening at http://0.0.0.0:35219
2019-09-25 05:51:08,604 [main] INFO  impl.MetricsSystemImpl (MetricsSystemImpl.java:init(158)) - HddsDatanode metrics system started (again)
2019-09-25 05:51:08,621 [org.apache.hadoop.util.JvmPauseMonitor$Monitor@315f4dc9] INFO  util.JvmPauseMonitor (JvmPauseMonitor.java:run(188)) - Starting JVM pause monitor
2019-09-25 05:51:08,621 [main] INFO  ozone.HddsDatanodeService (HddsDatanodeService.java:start(184)) - HddsDatanodeService host:pr-hdds-1569-s62bp-3040748787 ip:192.168.30.10
2019-09-25 05:51:08,622 [Datanode State Machine Thread - 0] INFO  datanode.InitDatanodeState (InitDatanodeState.java:persistContainerDatanodeDetails(140)) - DatanodeDetails is persisted to /workdir/hadoop-ozone/integration-test/target/test-dir/MiniOzoneClusterImpl-6389a31f-e1b2-4948-a777-3ab81d592f44/datanode-1/meta/datanode.id
2019-09-25 05:51:08,629 [main] INFO  volume.HddsVolume (HddsVolume.java:<init>(176)) - Creating Volume: /workdir/hadoop-ozone/integration-test/target/test-dir/MiniOzoneClusterImpl-6389a31f-e1b2-4948-a777-3ab81d592f44/datanode-2/data/containers/hdds of  storage type : DISK and capacity : 1482555576320
2019-09-25 05:51:08,630 [main] INFO  volume.VolumeSet (VolumeSet.java:initializeVolumeSet(170)) - Added Volume : /workdir/hadoop-ozone/integration-test/target/test-dir/MiniOzoneClusterImpl-6389a31f-e1b2-4948-a777-3ab81d592f44/datanode-2/data/containers/hdds to VolumeSet
2019-09-25 05:51:08,630 [main] INFO  volume.ThrottledAsyncChecker (ThrottledAsyncChecker.java:schedule(139)) - Scheduling a check for org.apache.hadoop.ozone.container.common.volume.HddsVolume@65db548
2019-09-25 05:51:08,630 [main] INFO  volume.HddsVolumeChecker (HddsVolumeChecker.java:checkAllVolumes(202)) - Scheduled health check for volume org.apache.hadoop.ozone.container.common.volume.HddsVolume@65db548
2019-09-25 05:51:08,654 [main] INFO  impl.RaftServerProxy (ConfUtils.java:logGet(43)) - raft.rpc.type = GRPC (default)
2019-09-25 05:51:08,654 [main] INFO  grpc.GrpcFactory (GrpcFactory.java:checkPooledByteBufAllocatorUseCacheForAllThreads(45)) - PERFORMANCE WARNING: useCacheForAllThreads is true that may cause Netty to create a lot garbage objects and, as a result, trigger GC.
	It is recommended to disable useCacheForAllThreads by setting -Dorg.apache.ratis.thirdparty.io.netty.allocator.useCacheForAllThreads=false in command line.
2019-09-25 05:51:08,655 [main] INFO  grpc.GrpcConfigKeys$Server (ConfUtils.java:logGet(43)) - raft.grpc.server.port = 0 (default)
2019-09-25 05:51:08,655 [main] INFO  server.GrpcService (ConfUtils.java:logGet(43)) - raft.grpc.message.size.max = 33570816 (custom)
2019-09-25 05:51:08,655 [main] INFO  server.RaftServerConfigKeys (ConfUtils.java:logGet(43)) - raft.server.log.appender.buffer.byte-limit = 33554432 (custom)
2019-09-25 05:51:08,655 [main] INFO  server.GrpcService (ConfUtils.java:logGet(43)) - raft.grpc.flow.control.window = 1MB (=1048576) (default)
2019-09-25 05:51:08,656 [main] INFO  server.RaftServerConfigKeys (ConfUtils.java:logGet(43)) - raft.server.rpc.request.timeout = 3000ms (default)
2019-09-25 05:51:08,656 [main] INFO  server.RaftServerConfigKeys (ConfUtils.java:logGet(43)) - raft.server.storage.dir = [/workdir/hadoop-ozone/integration-test/target/test-dir/MiniOzoneClusterImpl-6389a31f-e1b2-4948-a777-3ab81d592f44/datanode-2/data/ratis] (custom)
2019-09-25 05:51:08,658 [main] INFO  hdfs.DFSUtil (DFSUtil.java:httpServerTemplateForNNAndJN(1641)) - Starting Web-server for hddsDatanode at: http://0.0.0.0:0
2019-09-25 05:51:08,659 [main] INFO  server.AuthenticationFilter (AuthenticationFilter.java:constructSecretProvider(240)) - Unable to initialize FileSignerSecretProvider, falling back to use random secrets.
2019-09-25 05:51:08,660 [main] WARN  http.HttpRequestLog (HttpRequestLog.java:getRequestLog(97)) - Jetty request log can only be enabled using Log4j
2019-09-25 05:51:08,661 [main] INFO  http.HttpServer2 (HttpServer2.java:addGlobalFilter(975)) - Added global filter 'safety' (class=org.apache.hadoop.http.HttpServer2$QuotingInputFilter)
2019-09-25 05:51:08,662 [main] INFO  http.HttpServer2 (HttpServer2.java:addFilter(948)) - Added filter static_user_filter (class=org.apache.hadoop.http.lib.StaticUserWebFilter$StaticUserFilter) to context hddsDatanode
2019-09-25 05:51:08,662 [main] INFO  http.HttpServer2 (HttpServer2.java:addFilter(958)) - Added filter static_user_filter (class=org.apache.hadoop.http.lib.StaticUserWebFilter$StaticUserFilter) to context logs
2019-09-25 05:51:08,662 [main] INFO  http.HttpServer2 (HttpServer2.java:addFilter(958)) - Added filter static_user_filter (class=org.apache.hadoop.http.lib.StaticUserWebFilter$StaticUserFilter) to context static
2019-09-25 05:51:08,663 [main] INFO  http.HttpServer2 (HttpServer2.java:bindListener(1191)) - Jetty bound to port 40862
2019-09-25 05:51:08,663 [main] INFO  server.Server (Server.java:doStart(351)) - jetty-9.3.25.v20180904, build timestamp: 2018-09-04T21:11:46Z, git hash: 3ce520221d0240229c862b122d2b06c12a625732
2019-09-25 05:51:08,665 [main] INFO  handler.ContextHandler (ContextHandler.java:doStart(781)) - Started o.e.j.s.ServletContextHandler@3e98b933{/logs,file:///workdir/hadoop-ozone/integration-test/target/log,AVAILABLE}
2019-09-25 05:51:08,665 [main] INFO  handler.ContextHandler (ContextHandler.java:doStart(781)) - Started o.e.j.s.ServletContextHandler@4269aad7{/static,jar:file:/home/user/.m2/repository/org/apache/hadoop/hadoop-hdds-container-service/0.5.0-SNAPSHOT/hadoop-hdds-container-service-0.5.0-SNAPSHOT.jar!/webapps/static,AVAILABLE}
2019-09-25 05:51:08,703 [main] INFO  handler.ContextHandler (ContextHandler.java:doStart(781)) - Started o.e.j.w.WebAppContext@6fbe4800{/,file:///tmp/jetty-0.0.0.0-40862-hddsDatanode-_-any-8533276045386202047.dir/webapp/,AVAILABLE}{/hddsDatanode}
2019-09-25 05:51:08,703 [main] INFO  server.AbstractConnector (AbstractConnector.java:doStart(278)) - Started ServerConnector@3f3c5ecd{HTTP/1.1,[http/1.1]}{0.0.0.0:40862}
2019-09-25 05:51:08,703 [main] INFO  server.Server (Server.java:doStart(419)) - Started @611541ms
2019-09-25 05:51:08,707 [main] WARN  impl.MetricsSystemImpl (MetricsSystemImpl.java:register(276)) - Sink prometheus already exists!
2019-09-25 05:51:08,708 [main] INFO  server.BaseHttpServer (BaseHttpServer.java:updateConnectorAddress(215)) - HTTP server of HDDSDATANODE is listening at http://0.0.0.0:40862
2019-09-25 05:51:08,708 [main] INFO  impl.MetricsSystemImpl (MetricsSystemImpl.java:init(158)) - HddsDatanode metrics system started (again)
2019-09-25 05:51:08,725 [org.apache.hadoop.util.JvmPauseMonitor$Monitor@4cc65244] INFO  util.JvmPauseMonitor (JvmPauseMonitor.java:run(188)) - Starting JVM pause monitor
2019-09-25 05:51:08,725 [main] INFO  ozone.HddsDatanodeService (HddsDatanodeService.java:start(184)) - HddsDatanodeService host:pr-hdds-1569-s62bp-3040748787 ip:192.168.30.10
2019-09-25 05:51:08,726 [Datanode State Machine Thread - 0] INFO  datanode.InitDatanodeState (InitDatanodeState.java:persistContainerDatanodeDetails(140)) - DatanodeDetails is persisted to /workdir/hadoop-ozone/integration-test/target/test-dir/MiniOzoneClusterImpl-6389a31f-e1b2-4948-a777-3ab81d592f44/datanode-2/meta/datanode.id
2019-09-25 05:51:08,735 [main] INFO  volume.HddsVolume (HddsVolume.java:<init>(176)) - Creating Volume: /workdir/hadoop-ozone/integration-test/target/test-dir/MiniOzoneClusterImpl-6389a31f-e1b2-4948-a777-3ab81d592f44/datanode-3/data/containers/hdds of  storage type : DISK and capacity : 1482555576320
2019-09-25 05:51:08,735 [main] INFO  volume.VolumeSet (VolumeSet.java:initializeVolumeSet(170)) - Added Volume : /workdir/hadoop-ozone/integration-test/target/test-dir/MiniOzoneClusterImpl-6389a31f-e1b2-4948-a777-3ab81d592f44/datanode-3/data/containers/hdds to VolumeSet
2019-09-25 05:51:08,735 [main] INFO  volume.ThrottledAsyncChecker (ThrottledAsyncChecker.java:schedule(139)) - Scheduling a check for org.apache.hadoop.ozone.container.common.volume.HddsVolume@3c9e19de
2019-09-25 05:51:08,735 [main] INFO  volume.HddsVolumeChecker (HddsVolumeChecker.java:checkAllVolumes(202)) - Scheduled health check for volume org.apache.hadoop.ozone.container.common.volume.HddsVolume@3c9e19de
2019-09-25 05:51:08,748 [main] INFO  impl.RaftServerProxy (ConfUtils.java:logGet(43)) - raft.rpc.type = GRPC (default)
2019-09-25 05:51:08,748 [main] INFO  grpc.GrpcFactory (GrpcFactory.java:checkPooledByteBufAllocatorUseCacheForAllThreads(45)) - PERFORMANCE WARNING: useCacheForAllThreads is true that may cause Netty to create a lot garbage objects and, as a result, trigger GC.
	It is recommended to disable useCacheForAllThreads by setting -Dorg.apache.ratis.thirdparty.io.netty.allocator.useCacheForAllThreads=false in command line.
2019-09-25 05:51:08,748 [main] INFO  grpc.GrpcConfigKeys$Server (ConfUtils.java:logGet(43)) - raft.grpc.server.port = 0 (default)
2019-09-25 05:51:08,748 [main] INFO  server.GrpcService (ConfUtils.java:logGet(43)) - raft.grpc.message.size.max = 33570816 (custom)
2019-09-25 05:51:08,749 [main] INFO  server.RaftServerConfigKeys (ConfUtils.java:logGet(43)) - raft.server.log.appender.buffer.byte-limit = 33554432 (custom)
2019-09-25 05:51:08,749 [main] INFO  server.GrpcService (ConfUtils.java:logGet(43)) - raft.grpc.flow.control.window = 1MB (=1048576) (default)
2019-09-25 05:51:08,749 [main] INFO  server.RaftServerConfigKeys (ConfUtils.java:logGet(43)) - raft.server.rpc.request.timeout = 3000ms (default)
2019-09-25 05:51:08,749 [main] INFO  server.RaftServerConfigKeys (ConfUtils.java:logGet(43)) - raft.server.storage.dir = [/workdir/hadoop-ozone/integration-test/target/test-dir/MiniOzoneClusterImpl-6389a31f-e1b2-4948-a777-3ab81d592f44/datanode-3/data/ratis] (custom)
2019-09-25 05:51:08,750 [main] INFO  hdfs.DFSUtil (DFSUtil.java:httpServerTemplateForNNAndJN(1641)) - Starting Web-server for hddsDatanode at: http://0.0.0.0:0
2019-09-25 05:51:08,751 [main] INFO  server.AuthenticationFilter (AuthenticationFilter.java:constructSecretProvider(240)) - Unable to initialize FileSignerSecretProvider, falling back to use random secrets.
2019-09-25 05:51:08,751 [main] WARN  http.HttpRequestLog (HttpRequestLog.java:getRequestLog(97)) - Jetty request log can only be enabled using Log4j
2019-09-25 05:51:08,752 [main] INFO  http.HttpServer2 (HttpServer2.java:addGlobalFilter(975)) - Added global filter 'safety' (class=org.apache.hadoop.http.HttpServer2$QuotingInputFilter)
2019-09-25 05:51:08,753 [main] INFO  http.HttpServer2 (HttpServer2.java:addFilter(948)) - Added filter static_user_filter (class=org.apache.hadoop.http.lib.StaticUserWebFilter$StaticUserFilter) to context hddsDatanode
2019-09-25 05:51:08,753 [main] INFO  http.HttpServer2 (HttpServer2.java:addFilter(958)) - Added filter static_user_filter (class=org.apache.hadoop.http.lib.StaticUserWebFilter$StaticUserFilter) to context logs
2019-09-25 05:51:08,753 [main] INFO  http.HttpServer2 (HttpServer2.java:addFilter(958)) - Added filter static_user_filter (class=org.apache.hadoop.http.lib.StaticUserWebFilter$StaticUserFilter) to context static
2019-09-25 05:51:08,753 [main] INFO  http.HttpServer2 (HttpServer2.java:bindListener(1191)) - Jetty bound to port 36317
2019-09-25 05:51:08,753 [main] INFO  server.Server (Server.java:doStart(351)) - jetty-9.3.25.v20180904, build timestamp: 2018-09-04T21:11:46Z, git hash: 3ce520221d0240229c862b122d2b06c12a625732
2019-09-25 05:51:08,755 [main] INFO  handler.ContextHandler (ContextHandler.java:doStart(781)) - Started o.e.j.s.ServletContextHandler@645ba24a{/logs,file:///workdir/hadoop-ozone/integration-test/target/log,AVAILABLE}
2019-09-25 05:51:08,755 [main] INFO  handler.ContextHandler (ContextHandler.java:doStart(781)) - Started o.e.j.s.ServletContextHandler@3dd2b9c1{/static,jar:file:/home/user/.m2/repository/org/apache/hadoop/hadoop-hdds-container-service/0.5.0-SNAPSHOT/hadoop-hdds-container-service-0.5.0-SNAPSHOT.jar!/webapps/static,AVAILABLE}
2019-09-25 05:51:08,781 [main] INFO  handler.ContextHandler (ContextHandler.java:doStart(781)) - Started o.e.j.w.WebAppContext@7d537616{/,file:///tmp/jetty-0.0.0.0-36317-hddsDatanode-_-any-6522595096375993498.dir/webapp/,AVAILABLE}{/hddsDatanode}
2019-09-25 05:51:08,782 [main] INFO  server.AbstractConnector (AbstractConnector.java:doStart(278)) - Started ServerConnector@604c7e9b{HTTP/1.1,[http/1.1]}{0.0.0.0:36317}
2019-09-25 05:51:08,782 [main] INFO  server.Server (Server.java:doStart(419)) - Started @611619ms
2019-09-25 05:51:08,785 [main] WARN  impl.MetricsSystemImpl (MetricsSystemImpl.java:register(276)) - Sink prometheus already exists!
2019-09-25 05:51:08,786 [main] INFO  server.BaseHttpServer (BaseHttpServer.java:updateConnectorAddress(215)) - HTTP server of HDDSDATANODE is listening at http://0.0.0.0:36317
2019-09-25 05:51:08,786 [main] INFO  impl.MetricsSystemImpl (MetricsSystemImpl.java:init(158)) - HddsDatanode metrics system started (again)
2019-09-25 05:51:08,810 [org.apache.hadoop.util.JvmPauseMonitor$Monitor@71a9c45e] INFO  util.JvmPauseMonitor (JvmPauseMonitor.java:run(188)) - Starting JVM pause monitor
2019-09-25 05:51:08,811 [Datanode State Machine Thread - 0] INFO  datanode.InitDatanodeState (InitDatanodeState.java:persistContainerDatanodeDetails(140)) - DatanodeDetails is persisted to /workdir/hadoop-ozone/integration-test/target/test-dir/MiniOzoneClusterImpl-6389a31f-e1b2-4948-a777-3ab81d592f44/datanode-3/meta/datanode.id
2019-09-25 05:51:08,811 [main] INFO  ozone.HddsDatanodeService (HddsDatanodeService.java:start(184)) - HddsDatanodeService host:pr-hdds-1569-s62bp-3040748787 ip:192.168.30.10
2019-09-25 05:51:08,821 [main] INFO  volume.HddsVolume (HddsVolume.java:<init>(176)) - Creating Volume: /workdir/hadoop-ozone/integration-test/target/test-dir/MiniOzoneClusterImpl-6389a31f-e1b2-4948-a777-3ab81d592f44/datanode-4/data/containers/hdds of  storage type : DISK and capacity : 1482555576320
2019-09-25 05:51:08,821 [main] INFO  volume.VolumeSet (VolumeSet.java:initializeVolumeSet(170)) - Added Volume : /workdir/hadoop-ozone/integration-test/target/test-dir/MiniOzoneClusterImpl-6389a31f-e1b2-4948-a777-3ab81d592f44/datanode-4/data/containers/hdds to VolumeSet
2019-09-25 05:51:08,821 [main] INFO  volume.ThrottledAsyncChecker (ThrottledAsyncChecker.java:schedule(139)) - Scheduling a check for org.apache.hadoop.ozone.container.common.volume.HddsVolume@693f2c89
2019-09-25 05:51:08,822 [main] INFO  volume.HddsVolumeChecker (HddsVolumeChecker.java:checkAllVolumes(202)) - Scheduled health check for volume org.apache.hadoop.ozone.container.common.volume.HddsVolume@693f2c89
2019-09-25 05:51:08,838 [main] INFO  impl.RaftServerProxy (ConfUtils.java:logGet(43)) - raft.rpc.type = GRPC (default)
2019-09-25 05:51:08,839 [main] INFO  grpc.GrpcFactory (GrpcFactory.java:checkPooledByteBufAllocatorUseCacheForAllThreads(45)) - PERFORMANCE WARNING: useCacheForAllThreads is true that may cause Netty to create a lot garbage objects and, as a result, trigger GC.
	It is recommended to disable useCacheForAllThreads by setting -Dorg.apache.ratis.thirdparty.io.netty.allocator.useCacheForAllThreads=false in command line.
2019-09-25 05:51:08,839 [main] INFO  grpc.GrpcConfigKeys$Server (ConfUtils.java:logGet(43)) - raft.grpc.server.port = 0 (default)
2019-09-25 05:51:08,839 [main] INFO  server.GrpcService (ConfUtils.java:logGet(43)) - raft.grpc.message.size.max = 33570816 (custom)
2019-09-25 05:51:08,839 [main] INFO  server.RaftServerConfigKeys (ConfUtils.java:logGet(43)) - raft.server.log.appender.buffer.byte-limit = 33554432 (custom)
2019-09-25 05:51:08,839 [main] INFO  server.GrpcService (ConfUtils.java:logGet(43)) - raft.grpc.flow.control.window = 1MB (=1048576) (default)
2019-09-25 05:51:08,840 [main] INFO  server.RaftServerConfigKeys (ConfUtils.java:logGet(43)) - raft.server.rpc.request.timeout = 3000ms (default)
2019-09-25 05:51:08,840 [main] INFO  server.RaftServerConfigKeys (ConfUtils.java:logGet(43)) - raft.server.storage.dir = [/workdir/hadoop-ozone/integration-test/target/test-dir/MiniOzoneClusterImpl-6389a31f-e1b2-4948-a777-3ab81d592f44/datanode-4/data/ratis] (custom)
2019-09-25 05:51:08,841 [main] INFO  hdfs.DFSUtil (DFSUtil.java:httpServerTemplateForNNAndJN(1641)) - Starting Web-server for hddsDatanode at: http://0.0.0.0:0
2019-09-25 05:51:08,842 [main] INFO  server.AuthenticationFilter (AuthenticationFilter.java:constructSecretProvider(240)) - Unable to initialize FileSignerSecretProvider, falling back to use random secrets.
2019-09-25 05:51:08,843 [main] WARN  http.HttpRequestLog (HttpRequestLog.java:getRequestLog(97)) - Jetty request log can only be enabled using Log4j
2019-09-25 05:51:08,844 [main] INFO  http.HttpServer2 (HttpServer2.java:addGlobalFilter(975)) - Added global filter 'safety' (class=org.apache.hadoop.http.HttpServer2$QuotingInputFilter)
2019-09-25 05:51:08,844 [main] INFO  http.HttpServer2 (HttpServer2.java:addFilter(948)) - Added filter static_user_filter (class=org.apache.hadoop.http.lib.StaticUserWebFilter$StaticUserFilter) to context hddsDatanode
2019-09-25 05:51:08,844 [main] INFO  http.HttpServer2 (HttpServer2.java:addFilter(958)) - Added filter static_user_filter (class=org.apache.hadoop.http.lib.StaticUserWebFilter$StaticUserFilter) to context logs
2019-09-25 05:51:08,844 [main] INFO  http.HttpServer2 (HttpServer2.java:addFilter(958)) - Added filter static_user_filter (class=org.apache.hadoop.http.lib.StaticUserWebFilter$StaticUserFilter) to context static
2019-09-25 05:51:08,845 [main] INFO  http.HttpServer2 (HttpServer2.java:bindListener(1191)) - Jetty bound to port 41651
2019-09-25 05:51:08,845 [main] INFO  server.Server (Server.java:doStart(351)) - jetty-9.3.25.v20180904, build timestamp: 2018-09-04T21:11:46Z, git hash: 3ce520221d0240229c862b122d2b06c12a625732
2019-09-25 05:51:08,847 [main] INFO  handler.ContextHandler (ContextHandler.java:doStart(781)) - Started o.e.j.s.ServletContextHandler@12f8682a{/logs,file:///workdir/hadoop-ozone/integration-test/target/log,AVAILABLE}
2019-09-25 05:51:08,847 [main] INFO  handler.ContextHandler (ContextHandler.java:doStart(781)) - Started o.e.j.s.ServletContextHandler@7752c0e7{/static,jar:file:/home/user/.m2/repository/org/apache/hadoop/hadoop-hdds-container-service/0.5.0-SNAPSHOT/hadoop-hdds-container-service-0.5.0-SNAPSHOT.jar!/webapps/static,AVAILABLE}
2019-09-25 05:51:08,884 [main] INFO  handler.ContextHandler (ContextHandler.java:doStart(781)) - Started o.e.j.w.WebAppContext@5c4714ef{/,file:///tmp/jetty-0.0.0.0-41651-hddsDatanode-_-any-3985360310436133373.dir/webapp/,AVAILABLE}{/hddsDatanode}
2019-09-25 05:51:08,884 [main] INFO  server.AbstractConnector (AbstractConnector.java:doStart(278)) - Started ServerConnector@c94bd18{HTTP/1.1,[http/1.1]}{0.0.0.0:41651}
2019-09-25 05:51:08,887 [main] INFO  server.Server (Server.java:doStart(419)) - Started @611725ms
2019-09-25 05:51:08,887 [main] WARN  impl.MetricsSystemImpl (MetricsSystemImpl.java:register(276)) - Sink prometheus already exists!
2019-09-25 05:51:08,888 [main] INFO  server.BaseHttpServer (BaseHttpServer.java:updateConnectorAddress(215)) - HTTP server of HDDSDATANODE is listening at http://0.0.0.0:41651
2019-09-25 05:51:08,888 [main] INFO  impl.MetricsSystemImpl (MetricsSystemImpl.java:init(158)) - HddsDatanode metrics system started (again)
2019-09-25 05:51:08,910 [org.apache.hadoop.util.JvmPauseMonitor$Monitor@360fc62] INFO  util.JvmPauseMonitor (JvmPauseMonitor.java:run(188)) - Starting JVM pause monitor
2019-09-25 05:51:08,911 [main] INFO  ozone.HddsDatanodeService (HddsDatanodeService.java:start(184)) - HddsDatanodeService host:pr-hdds-1569-s62bp-3040748787 ip:192.168.30.10
2019-09-25 05:51:08,911 [Datanode State Machine Thread - 0] INFO  datanode.InitDatanodeState (InitDatanodeState.java:persistContainerDatanodeDetails(140)) - DatanodeDetails is persisted to /workdir/hadoop-ozone/integration-test/target/test-dir/MiniOzoneClusterImpl-6389a31f-e1b2-4948-a777-3ab81d592f44/datanode-4/meta/datanode.id
2019-09-25 05:51:08,920 [main] INFO  volume.HddsVolume (HddsVolume.java:<init>(176)) - Creating Volume: /workdir/hadoop-ozone/integration-test/target/test-dir/MiniOzoneClusterImpl-6389a31f-e1b2-4948-a777-3ab81d592f44/datanode-5/data/containers/hdds of  storage type : DISK and capacity : 1482555576320
2019-09-25 05:51:08,920 [main] INFO  volume.VolumeSet (VolumeSet.java:initializeVolumeSet(170)) - Added Volume : /workdir/hadoop-ozone/integration-test/target/test-dir/MiniOzoneClusterImpl-6389a31f-e1b2-4948-a777-3ab81d592f44/datanode-5/data/containers/hdds to VolumeSet
2019-09-25 05:51:08,921 [main] INFO  volume.ThrottledAsyncChecker (ThrottledAsyncChecker.java:schedule(139)) - Scheduling a check for org.apache.hadoop.ozone.container.common.volume.HddsVolume@4ffa7041
2019-09-25 05:51:08,921 [main] INFO  volume.HddsVolumeChecker (HddsVolumeChecker.java:checkAllVolumes(202)) - Scheduled health check for volume org.apache.hadoop.ozone.container.common.volume.HddsVolume@4ffa7041
2019-09-25 05:51:08,939 [main] INFO  impl.RaftServerProxy (ConfUtils.java:logGet(43)) - raft.rpc.type = GRPC (default)
2019-09-25 05:51:08,940 [main] INFO  grpc.GrpcFactory (GrpcFactory.java:checkPooledByteBufAllocatorUseCacheForAllThreads(45)) - PERFORMANCE WARNING: useCacheForAllThreads is true that may cause Netty to create a lot garbage objects and, as a result, trigger GC.
	It is recommended to disable useCacheForAllThreads by setting -Dorg.apache.ratis.thirdparty.io.netty.allocator.useCacheForAllThreads=false in command line.
2019-09-25 05:51:08,940 [main] INFO  grpc.GrpcConfigKeys$Server (ConfUtils.java:logGet(43)) - raft.grpc.server.port = 0 (default)
2019-09-25 05:51:08,940 [main] INFO  server.GrpcService (ConfUtils.java:logGet(43)) - raft.grpc.message.size.max = 33570816 (custom)
2019-09-25 05:51:08,940 [main] INFO  server.RaftServerConfigKeys (ConfUtils.java:logGet(43)) - raft.server.log.appender.buffer.byte-limit = 33554432 (custom)
2019-09-25 05:51:08,941 [main] INFO  server.GrpcService (ConfUtils.java:logGet(43)) - raft.grpc.flow.control.window = 1MB (=1048576) (default)
2019-09-25 05:51:08,941 [main] INFO  server.RaftServerConfigKeys (ConfUtils.java:logGet(43)) - raft.server.rpc.request.timeout = 3000ms (default)
2019-09-25 05:51:08,941 [main] INFO  server.RaftServerConfigKeys (ConfUtils.java:logGet(43)) - raft.server.storage.dir = [/workdir/hadoop-ozone/integration-test/target/test-dir/MiniOzoneClusterImpl-6389a31f-e1b2-4948-a777-3ab81d592f44/datanode-5/data/ratis] (custom)
2019-09-25 05:51:08,943 [main] INFO  hdfs.DFSUtil (DFSUtil.java:httpServerTemplateForNNAndJN(1641)) - Starting Web-server for hddsDatanode at: http://0.0.0.0:0
2019-09-25 05:51:08,944 [main] INFO  server.AuthenticationFilter (AuthenticationFilter.java:constructSecretProvider(240)) - Unable to initialize FileSignerSecretProvider, falling back to use random secrets.
2019-09-25 05:51:08,945 [main] WARN  http.HttpRequestLog (HttpRequestLog.java:getRequestLog(97)) - Jetty request log can only be enabled using Log4j
2019-09-25 05:51:08,946 [main] INFO  http.HttpServer2 (HttpServer2.java:addGlobalFilter(975)) - Added global filter 'safety' (class=org.apache.hadoop.http.HttpServer2$QuotingInputFilter)
2019-09-25 05:51:08,946 [main] INFO  http.HttpServer2 (HttpServer2.java:addFilter(948)) - Added filter static_user_filter (class=org.apache.hadoop.http.lib.StaticUserWebFilter$StaticUserFilter) to context hddsDatanode
2019-09-25 05:51:08,946 [main] INFO  http.HttpServer2 (HttpServer2.java:addFilter(958)) - Added filter static_user_filter (class=org.apache.hadoop.http.lib.StaticUserWebFilter$StaticUserFilter) to context logs
2019-09-25 05:51:08,947 [main] INFO  http.HttpServer2 (HttpServer2.java:addFilter(958)) - Added filter static_user_filter (class=org.apache.hadoop.http.lib.StaticUserWebFilter$StaticUserFilter) to context static
2019-09-25 05:51:08,947 [main] INFO  http.HttpServer2 (HttpServer2.java:bindListener(1191)) - Jetty bound to port 45462
2019-09-25 05:51:08,948 [main] INFO  server.Server (Server.java:doStart(351)) - jetty-9.3.25.v20180904, build timestamp: 2018-09-04T21:11:46Z, git hash: 3ce520221d0240229c862b122d2b06c12a625732
2019-09-25 05:51:08,949 [main] INFO  handler.ContextHandler (ContextHandler.java:doStart(781)) - Started o.e.j.s.ServletContextHandler@69a73867{/logs,file:///workdir/hadoop-ozone/integration-test/target/log,AVAILABLE}
2019-09-25 05:51:08,950 [main] INFO  handler.ContextHandler (ContextHandler.java:doStart(781)) - Started o.e.j.s.ServletContextHandler@1d3a03fe{/static,jar:file:/home/user/.m2/repository/org/apache/hadoop/hadoop-hdds-container-service/0.5.0-SNAPSHOT/hadoop-hdds-container-service-0.5.0-SNAPSHOT.jar!/webapps/static,AVAILABLE}
2019-09-25 05:51:08,995 [main] INFO  handler.ContextHandler (ContextHandler.java:doStart(781)) - Started o.e.j.w.WebAppContext@139089a4{/,file:///tmp/jetty-0.0.0.0-45462-hddsDatanode-_-any-4726486946188176597.dir/webapp/,AVAILABLE}{/hddsDatanode}
2019-09-25 05:51:08,995 [main] INFO  server.AbstractConnector (AbstractConnector.java:doStart(278)) - Started ServerConnector@6a6e9289{HTTP/1.1,[http/1.1]}{0.0.0.0:45462}
2019-09-25 05:51:09,000 [main] INFO  server.Server (Server.java:doStart(419)) - Started @611837ms
2019-09-25 05:51:09,000 [main] WARN  impl.MetricsSystemImpl (MetricsSystemImpl.java:register(276)) - Sink prometheus already exists!
2019-09-25 05:51:09,001 [main] INFO  server.BaseHttpServer (BaseHttpServer.java:updateConnectorAddress(215)) - HTTP server of HDDSDATANODE is listening at http://0.0.0.0:45462
2019-09-25 05:51:09,001 [main] INFO  impl.MetricsSystemImpl (MetricsSystemImpl.java:init(158)) - HddsDatanode metrics system started (again)
2019-09-25 05:51:09,026 [org.apache.hadoop.util.JvmPauseMonitor$Monitor@503f02c2] INFO  util.JvmPauseMonitor (JvmPauseMonitor.java:run(188)) - Starting JVM pause monitor
2019-09-25 05:51:09,028 [main] INFO  ozone.HddsDatanodeService (HddsDatanodeService.java:start(184)) - HddsDatanodeService host:pr-hdds-1569-s62bp-3040748787 ip:192.168.30.10
2019-09-25 05:51:09,028 [Datanode State Machine Thread - 0] INFO  datanode.InitDatanodeState (InitDatanodeState.java:persistContainerDatanodeDetails(140)) - DatanodeDetails is persisted to /workdir/hadoop-ozone/integration-test/target/test-dir/MiniOzoneClusterImpl-6389a31f-e1b2-4948-a777-3ab81d592f44/datanode-5/meta/datanode.id
2019-09-25 05:51:09,038 [main] INFO  volume.HddsVolume (HddsVolume.java:<init>(176)) - Creating Volume: /workdir/hadoop-ozone/integration-test/target/test-dir/MiniOzoneClusterImpl-6389a31f-e1b2-4948-a777-3ab81d592f44/datanode-6/data/containers/hdds of  storage type : DISK and capacity : 1482555576320
2019-09-25 05:51:09,038 [main] INFO  volume.VolumeSet (VolumeSet.java:initializeVolumeSet(170)) - Added Volume : /workdir/hadoop-ozone/integration-test/target/test-dir/MiniOzoneClusterImpl-6389a31f-e1b2-4948-a777-3ab81d592f44/datanode-6/data/containers/hdds to VolumeSet
2019-09-25 05:51:09,039 [main] INFO  volume.ThrottledAsyncChecker (ThrottledAsyncChecker.java:schedule(139)) - Scheduling a check for org.apache.hadoop.ozone.container.common.volume.HddsVolume@1008df1e
2019-09-25 05:51:09,039 [main] INFO  volume.HddsVolumeChecker (HddsVolumeChecker.java:checkAllVolumes(202)) - Scheduled health check for volume org.apache.hadoop.ozone.container.common.volume.HddsVolume@1008df1e
2019-09-25 05:51:09,056 [main] INFO  impl.RaftServerProxy (ConfUtils.java:logGet(43)) - raft.rpc.type = GRPC (default)
2019-09-25 05:51:09,056 [main] INFO  grpc.GrpcFactory (GrpcFactory.java:checkPooledByteBufAllocatorUseCacheForAllThreads(45)) - PERFORMANCE WARNING: useCacheForAllThreads is true that may cause Netty to create a lot garbage objects and, as a result, trigger GC.
	It is recommended to disable useCacheForAllThreads by setting -Dorg.apache.ratis.thirdparty.io.netty.allocator.useCacheForAllThreads=false in command line.
2019-09-25 05:51:09,057 [main] INFO  grpc.GrpcConfigKeys$Server (ConfUtils.java:logGet(43)) - raft.grpc.server.port = 0 (default)
2019-09-25 05:51:09,057 [main] INFO  server.GrpcService (ConfUtils.java:logGet(43)) - raft.grpc.message.size.max = 33570816 (custom)
2019-09-25 05:51:09,057 [main] INFO  server.RaftServerConfigKeys (ConfUtils.java:logGet(43)) - raft.server.log.appender.buffer.byte-limit = 33554432 (custom)
2019-09-25 05:51:09,057 [main] INFO  server.GrpcService (ConfUtils.java:logGet(43)) - raft.grpc.flow.control.window = 1MB (=1048576) (default)
2019-09-25 05:51:09,058 [main] INFO  server.RaftServerConfigKeys (ConfUtils.java:logGet(43)) - raft.server.rpc.request.timeout = 3000ms (default)
2019-09-25 05:51:09,058 [main] INFO  server.RaftServerConfigKeys (ConfUtils.java:logGet(43)) - raft.server.storage.dir = [/workdir/hadoop-ozone/integration-test/target/test-dir/MiniOzoneClusterImpl-6389a31f-e1b2-4948-a777-3ab81d592f44/datanode-6/data/ratis] (custom)
2019-09-25 05:51:09,059 [main] INFO  hdfs.DFSUtil (DFSUtil.java:httpServerTemplateForNNAndJN(1641)) - Starting Web-server for hddsDatanode at: http://0.0.0.0:0
2019-09-25 05:51:09,060 [main] INFO  server.AuthenticationFilter (AuthenticationFilter.java:constructSecretProvider(240)) - Unable to initialize FileSignerSecretProvider, falling back to use random secrets.
2019-09-25 05:51:09,060 [main] WARN  http.HttpRequestLog (HttpRequestLog.java:getRequestLog(97)) - Jetty request log can only be enabled using Log4j
2019-09-25 05:51:09,061 [main] INFO  http.HttpServer2 (HttpServer2.java:addGlobalFilter(975)) - Added global filter 'safety' (class=org.apache.hadoop.http.HttpServer2$QuotingInputFilter)
2019-09-25 05:51:09,061 [main] INFO  http.HttpServer2 (HttpServer2.java:addFilter(948)) - Added filter static_user_filter (class=org.apache.hadoop.http.lib.StaticUserWebFilter$StaticUserFilter) to context hddsDatanode
2019-09-25 05:51:09,062 [main] INFO  http.HttpServer2 (HttpServer2.java:addFilter(958)) - Added filter static_user_filter (class=org.apache.hadoop.http.lib.StaticUserWebFilter$StaticUserFilter) to context static
2019-09-25 05:51:09,062 [main] INFO  http.HttpServer2 (HttpServer2.java:addFilter(958)) - Added filter static_user_filter (class=org.apache.hadoop.http.lib.StaticUserWebFilter$StaticUserFilter) to context logs
2019-09-25 05:51:09,062 [main] INFO  http.HttpServer2 (HttpServer2.java:bindListener(1191)) - Jetty bound to port 34614
2019-09-25 05:51:09,062 [main] INFO  server.Server (Server.java:doStart(351)) - jetty-9.3.25.v20180904, build timestamp: 2018-09-04T21:11:46Z, git hash: 3ce520221d0240229c862b122d2b06c12a625732
2019-09-25 05:51:09,064 [main] INFO  handler.ContextHandler (ContextHandler.java:doStart(781)) - Started o.e.j.s.ServletContextHandler@28b5662d{/logs,file:///workdir/hadoop-ozone/integration-test/target/log,AVAILABLE}
2019-09-25 05:51:09,064 [main] INFO  handler.ContextHandler (ContextHandler.java:doStart(781)) - Started o.e.j.s.ServletContextHandler@7e4ac598{/static,jar:file:/home/user/.m2/repository/org/apache/hadoop/hadoop-hdds-container-service/0.5.0-SNAPSHOT/hadoop-hdds-container-service-0.5.0-SNAPSHOT.jar!/webapps/static,AVAILABLE}
2019-09-25 05:51:09,088 [main] INFO  handler.ContextHandler (ContextHandler.java:doStart(781)) - Started o.e.j.w.WebAppContext@22e813fc{/,file:///tmp/jetty-0.0.0.0-34614-hddsDatanode-_-any-2203992357101163846.dir/webapp/,AVAILABLE}{/hddsDatanode}
2019-09-25 05:51:09,089 [main] INFO  server.AbstractConnector (AbstractConnector.java:doStart(278)) - Started ServerConnector@433d93e7{HTTP/1.1,[http/1.1]}{0.0.0.0:34614}
2019-09-25 05:51:09,093 [main] INFO  server.Server (Server.java:doStart(419)) - Started @611926ms
2019-09-25 05:51:09,093 [main] WARN  impl.MetricsSystemImpl (MetricsSystemImpl.java:register(276)) - Sink prometheus already exists!
2019-09-25 05:51:09,093 [main] INFO  server.BaseHttpServer (BaseHttpServer.java:updateConnectorAddress(215)) - HTTP server of HDDSDATANODE is listening at http://0.0.0.0:34614
2019-09-25 05:51:09,094 [main] INFO  ozone.MiniOzoneClusterImpl (MiniOzoneClusterImpl.java:lambda$waitForClusterToBeReady$0(147)) - Waiting for cluster to be ready. Got 0 of 7 DN Heartbeats.
2019-09-25 05:51:09,095 [org.apache.hadoop.util.JvmPauseMonitor$Monitor@39d61ad4] INFO  util.JvmPauseMonitor (JvmPauseMonitor.java:run(188)) - Starting JVM pause monitor
2019-09-25 05:51:09,096 [Datanode State Machine Thread - 0] INFO  datanode.InitDatanodeState (InitDatanodeState.java:persistContainerDatanodeDetails(140)) - DatanodeDetails is persisted to /workdir/hadoop-ozone/integration-test/target/test-dir/MiniOzoneClusterImpl-6389a31f-e1b2-4948-a777-3ab81d592f44/datanode-6/meta/datanode.id
2019-09-25 05:51:10,094 [main] INFO  ozone.MiniOzoneClusterImpl (MiniOzoneClusterImpl.java:lambda$waitForClusterToBeReady$0(147)) - Waiting for cluster to be ready. Got 0 of 7 DN Heartbeats.
2019-09-25 05:51:10,528 [Datanode State Machine Thread - 0] INFO  ozoneimpl.OzoneContainer (OzoneContainer.java:start(217)) - Attempting to start container services.
2019-09-25 05:51:10,528 [Datanode State Machine Thread - 0] INFO  ozoneimpl.OzoneContainer (OzoneContainer.java:startContainerScrub(179)) - Background container scanner has been disabled.
2019-09-25 05:51:10,528 [Datanode State Machine Thread - 0] INFO  ratis.XceiverServerRatis (XceiverServerRatis.java:start(411)) - Starting XceiverServerRatis 1705b612-ae52-4202-ba1e-b52c03c1d4d6 at port 0
2019-09-25 05:51:10,533 [Datanode State Machine Thread - 0] INFO  impl.RaftServerProxy (RaftServerProxy.java:lambda$start$3(299)) - 1705b612-ae52-4202-ba1e-b52c03c1d4d6: start RPC server
2019-09-25 05:51:10,535 [Datanode State Machine Thread - 0] INFO  server.GrpcService (GrpcService.java:startImpl(158)) - 1705b612-ae52-4202-ba1e-b52c03c1d4d6: GrpcService started, listening on 0.0.0.0/0.0.0.0:40355
2019-09-25 05:51:10,535 [Datanode State Machine Thread - 0] INFO  ratis.XceiverServerRatis (XceiverServerRatis.java:start(421)) - XceiverServerRatis 1705b612-ae52-4202-ba1e-b52c03c1d4d6 is started using port 40355
2019-09-25 05:51:10,551 [Datanode State Machine Thread - 0] INFO  server.XceiverServerGrpc (XceiverServerGrpc.java:start(149)) - XceiverServerGrpc 1705b612-ae52-4202-ba1e-b52c03c1d4d6 is started using port 46100
2019-09-25 05:51:10,638 [Datanode State Machine Thread - 0] INFO  ozoneimpl.OzoneContainer (OzoneContainer.java:start(217)) - Attempting to start container services.
2019-09-25 05:51:10,639 [Datanode State Machine Thread - 0] INFO  ozoneimpl.OzoneContainer (OzoneContainer.java:startContainerScrub(179)) - Background container scanner has been disabled.
2019-09-25 05:51:10,639 [Datanode State Machine Thread - 0] INFO  ratis.XceiverServerRatis (XceiverServerRatis.java:start(411)) - Starting XceiverServerRatis aa12bdd9-b98d-4e1b-b7bd-0fb99805d214 at port 0
2019-09-25 05:51:10,644 [Datanode State Machine Thread - 0] INFO  impl.RaftServerProxy (RaftServerProxy.java:lambda$start$3(299)) - aa12bdd9-b98d-4e1b-b7bd-0fb99805d214: start RPC server
2019-09-25 05:51:10,649 [Datanode State Machine Thread - 0] INFO  server.GrpcService (GrpcService.java:startImpl(158)) - aa12bdd9-b98d-4e1b-b7bd-0fb99805d214: GrpcService started, listening on 0.0.0.0/0.0.0.0:37397
2019-09-25 05:51:10,649 [Datanode State Machine Thread - 0] INFO  ratis.XceiverServerRatis (XceiverServerRatis.java:start(421)) - XceiverServerRatis aa12bdd9-b98d-4e1b-b7bd-0fb99805d214 is started using port 37397
2019-09-25 05:51:10,650 [Datanode State Machine Thread - 0] INFO  server.XceiverServerGrpc (XceiverServerGrpc.java:start(149)) - XceiverServerGrpc aa12bdd9-b98d-4e1b-b7bd-0fb99805d214 is started using port 40682
2019-09-25 05:51:10,738 [Datanode State Machine Thread - 0] INFO  ozoneimpl.OzoneContainer (OzoneContainer.java:start(217)) - Attempting to start container services.
2019-09-25 05:51:10,739 [Datanode State Machine Thread - 0] INFO  ozoneimpl.OzoneContainer (OzoneContainer.java:startContainerScrub(179)) - Background container scanner has been disabled.
2019-09-25 05:51:10,739 [Datanode State Machine Thread - 0] INFO  ratis.XceiverServerRatis (XceiverServerRatis.java:start(411)) - Starting XceiverServerRatis 7329b839-2890-4139-beee-2b486d1f212d at port 0
2019-09-25 05:51:10,744 [Datanode State Machine Thread - 0] INFO  impl.RaftServerProxy (RaftServerProxy.java:lambda$start$3(299)) - 7329b839-2890-4139-beee-2b486d1f212d: start RPC server
2019-09-25 05:51:10,745 [Datanode State Machine Thread - 0] INFO  server.GrpcService (GrpcService.java:startImpl(158)) - 7329b839-2890-4139-beee-2b486d1f212d: GrpcService started, listening on 0.0.0.0/0.0.0.0:41459
2019-09-25 05:51:10,745 [Datanode State Machine Thread - 0] INFO  ratis.XceiverServerRatis (XceiverServerRatis.java:start(421)) - XceiverServerRatis 7329b839-2890-4139-beee-2b486d1f212d is started using port 41459
2019-09-25 05:51:10,762 [Datanode State Machine Thread - 0] INFO  server.XceiverServerGrpc (XceiverServerGrpc.java:start(149)) - XceiverServerGrpc 7329b839-2890-4139-beee-2b486d1f212d is started using port 46015
2019-09-25 05:51:10,828 [Datanode State Machine Thread - 0] INFO  ozoneimpl.OzoneContainer (OzoneContainer.java:start(217)) - Attempting to start container services.
2019-09-25 05:51:10,828 [Datanode State Machine Thread - 0] INFO  ozoneimpl.OzoneContainer (OzoneContainer.java:startContainerScrub(179)) - Background container scanner has been disabled.
2019-09-25 05:51:10,828 [Datanode State Machine Thread - 0] INFO  ratis.XceiverServerRatis (XceiverServerRatis.java:start(411)) - Starting XceiverServerRatis f6b408ab-d2bf-4cc7-9b61-adae7633a687 at port 0
2019-09-25 05:51:10,832 [Datanode State Machine Thread - 0] INFO  impl.RaftServerProxy (RaftServerProxy.java:lambda$start$3(299)) - f6b408ab-d2bf-4cc7-9b61-adae7633a687: start RPC server
2019-09-25 05:51:10,838 [Datanode State Machine Thread - 0] INFO  server.GrpcService (GrpcService.java:startImpl(158)) - f6b408ab-d2bf-4cc7-9b61-adae7633a687: GrpcService started, listening on 0.0.0.0/0.0.0.0:35118
2019-09-25 05:51:10,838 [Datanode State Machine Thread - 0] INFO  ratis.XceiverServerRatis (XceiverServerRatis.java:start(421)) - XceiverServerRatis f6b408ab-d2bf-4cc7-9b61-adae7633a687 is started using port 35118
2019-09-25 05:51:10,840 [Datanode State Machine Thread - 0] INFO  server.XceiverServerGrpc (XceiverServerGrpc.java:start(149)) - XceiverServerGrpc f6b408ab-d2bf-4cc7-9b61-adae7633a687 is started using port 41714
2019-09-25 05:51:10,915 [Datanode State Machine Thread - 0] INFO  ozoneimpl.OzoneContainer (OzoneContainer.java:start(217)) - Attempting to start container services.
2019-09-25 05:51:10,915 [Datanode State Machine Thread - 0] INFO  ozoneimpl.OzoneContainer (OzoneContainer.java:startContainerScrub(179)) - Background container scanner has been disabled.
2019-09-25 05:51:10,915 [Datanode State Machine Thread - 0] INFO  ratis.XceiverServerRatis (XceiverServerRatis.java:start(411)) - Starting XceiverServerRatis ba62479e-9d0c-4e30-a2fc-a7b15472dec7 at port 0
2019-09-25 05:51:10,921 [Datanode State Machine Thread - 0] INFO  impl.RaftServerProxy (RaftServerProxy.java:lambda$start$3(299)) - ba62479e-9d0c-4e30-a2fc-a7b15472dec7: start RPC server
2019-09-25 05:51:10,922 [Datanode State Machine Thread - 0] INFO  server.GrpcService (GrpcService.java:startImpl(158)) - ba62479e-9d0c-4e30-a2fc-a7b15472dec7: GrpcService started, listening on 0.0.0.0/0.0.0.0:39614
2019-09-25 05:51:10,922 [Datanode State Machine Thread - 0] INFO  ratis.XceiverServerRatis (XceiverServerRatis.java:start(421)) - XceiverServerRatis ba62479e-9d0c-4e30-a2fc-a7b15472dec7 is started using port 39614
2019-09-25 05:51:10,922 [Datanode State Machine Thread - 0] INFO  server.XceiverServerGrpc (XceiverServerGrpc.java:start(149)) - XceiverServerGrpc ba62479e-9d0c-4e30-a2fc-a7b15472dec7 is started using port 43349
2019-09-25 05:51:11,056 [Datanode State Machine Thread - 0] INFO  ozoneimpl.OzoneContainer (OzoneContainer.java:start(217)) - Attempting to start container services.
2019-09-25 05:51:11,056 [Datanode State Machine Thread - 0] INFO  ozoneimpl.OzoneContainer (OzoneContainer.java:startContainerScrub(179)) - Background container scanner has been disabled.
2019-09-25 05:51:11,056 [Datanode State Machine Thread - 0] INFO  ratis.XceiverServerRatis (XceiverServerRatis.java:start(411)) - Starting XceiverServerRatis 1dcd8056-b4df-4a42-9946-d6b50473a02f at port 0
2019-09-25 05:51:11,060 [Datanode State Machine Thread - 0] INFO  impl.RaftServerProxy (RaftServerProxy.java:lambda$start$3(299)) - 1dcd8056-b4df-4a42-9946-d6b50473a02f: start RPC server
2019-09-25 05:51:11,066 [Datanode State Machine Thread - 0] INFO  server.GrpcService (GrpcService.java:startImpl(158)) - 1dcd8056-b4df-4a42-9946-d6b50473a02f: GrpcService started, listening on 0.0.0.0/0.0.0.0:37741
2019-09-25 05:51:11,066 [Datanode State Machine Thread - 0] INFO  ratis.XceiverServerRatis (XceiverServerRatis.java:start(421)) - XceiverServerRatis 1dcd8056-b4df-4a42-9946-d6b50473a02f is started using port 37741
2019-09-25 05:51:11,066 [Datanode State Machine Thread - 0] INFO  server.XceiverServerGrpc (XceiverServerGrpc.java:start(149)) - XceiverServerGrpc 1dcd8056-b4df-4a42-9946-d6b50473a02f is started using port 32890
2019-09-25 05:51:11,095 [main] INFO  ozone.MiniOzoneClusterImpl (MiniOzoneClusterImpl.java:lambda$waitForClusterToBeReady$0(147)) - Waiting for cluster to be ready. Got 0 of 7 DN Heartbeats.
2019-09-25 05:51:11,108 [Datanode State Machine Thread - 0] INFO  ozoneimpl.OzoneContainer (OzoneContainer.java:start(217)) - Attempting to start container services.
2019-09-25 05:51:11,108 [Datanode State Machine Thread - 0] INFO  ozoneimpl.OzoneContainer (OzoneContainer.java:startContainerScrub(179)) - Background container scanner has been disabled.
2019-09-25 05:51:11,108 [Datanode State Machine Thread - 0] INFO  ratis.XceiverServerRatis (XceiverServerRatis.java:start(411)) - Starting XceiverServerRatis d6964a7c-cb4f-4cee-bc55-175c0a9b9094 at port 0
2019-09-25 05:51:11,112 [Datanode State Machine Thread - 0] INFO  impl.RaftServerProxy (RaftServerProxy.java:lambda$start$3(299)) - d6964a7c-cb4f-4cee-bc55-175c0a9b9094: start RPC server
2019-09-25 05:51:11,112 [Datanode State Machine Thread - 0] INFO  server.GrpcService (GrpcService.java:startImpl(158)) - d6964a7c-cb4f-4cee-bc55-175c0a9b9094: GrpcService started, listening on 0.0.0.0/0.0.0.0:39185
2019-09-25 05:51:11,113 [Datanode State Machine Thread - 0] INFO  ratis.XceiverServerRatis (XceiverServerRatis.java:start(421)) - XceiverServerRatis d6964a7c-cb4f-4cee-bc55-175c0a9b9094 is started using port 39185
2019-09-25 05:51:11,113 [Datanode State Machine Thread - 0] INFO  server.XceiverServerGrpc (XceiverServerGrpc.java:start(149)) - XceiverServerGrpc d6964a7c-cb4f-4cee-bc55-175c0a9b9094 is started using port 32792
2019-09-25 05:51:12,095 [main] INFO  ozone.MiniOzoneClusterImpl (MiniOzoneClusterImpl.java:lambda$waitForClusterToBeReady$0(147)) - Waiting for cluster to be ready. Got 0 of 7 DN Heartbeats.
2019-09-25 05:51:12,511 [IPC Server handler 6 on 36663] INFO  net.NetworkTopology (NetworkTopologyImpl.java:add(111)) - Added a new node: /default-rack/1705b612-ae52-4202-ba1e-b52c03c1d4d6
2019-09-25 05:51:12,511 [IPC Server handler 6 on 36663] INFO  node.SCMNodeManager (SCMNodeManager.java:register(266)) - Registered Data node : 1705b612-ae52-4202-ba1e-b52c03c1d4d6{ip: 192.168.30.10, host: pr-hdds-1569-s62bp-3040748787, networkLocation: /default-rack, certSerialId: null}
2019-09-25 05:51:12,516 [EventQueue-NodeRegistrationContainerReportForDataNodeSafeModeRule] INFO  safemode.SCMSafeModeManager (DataNodeSafeModeRule.java:process(71)) - SCM in safe mode. 1 DataNodes registered, 1 required.
2019-09-25 05:51:12,520 [EventQueue-NodeRegistrationContainerReportForDataNodeSafeModeRule] INFO  safemode.SCMSafeModeManager (SCMSafeModeManager.java:validateSafeModeExitRules(177)) - ScmSafeModeManager, all rules are successfully validated
2019-09-25 05:51:12,520 [EventQueue-NodeRegistrationContainerReportForDataNodeSafeModeRule] INFO  safemode.SCMSafeModeManager (SCMSafeModeManager.java:exitSafeMode(193)) - SCM exiting safe mode.
2019-09-25 05:51:12,530 [grpc-default-executor-0] INFO  impl.RaftServerProxy (RaftServerProxy.java:addNew(89)) - 1705b612-ae52-4202-ba1e-b52c03c1d4d6: addNew group-0583F6D3229C:[1705b612-ae52-4202-ba1e-b52c03c1d4d6:192.168.30.10:40355] returns group-0583F6D3229C:java.util.concurrent.CompletableFuture@53542969[Not completed]
2019-09-25 05:51:12,531 [pool-673-thread-1] INFO  impl.RaftServerImpl (RaftServerImpl.java:<init>(95)) - 1705b612-ae52-4202-ba1e-b52c03c1d4d6: new RaftServerImpl for group-0583F6D3229C:[1705b612-ae52-4202-ba1e-b52c03c1d4d6:192.168.30.10:40355] with ContainerStateMachine:uninitialized
2019-09-25 05:51:12,531 [pool-673-thread-1] INFO  server.RaftServerConfigKeys (ConfUtils.java:logGet(43)) - raft.server.rpc.timeout.min = 5s (custom)
2019-09-25 05:51:12,531 [pool-673-thread-1] INFO  server.RaftServerConfigKeys (ConfUtils.java:logGet(43)) - raft.server.rpc.timeout.max = 5200ms (custom)
2019-09-25 05:51:12,531 [pool-673-thread-1] INFO  server.RaftServerConfigKeys (ConfUtils.java:logGet(43)) - raft.server.rpcslowness.timeout = 120s (custom)
2019-09-25 05:51:12,532 [pool-673-thread-1] INFO  server.RaftServerConfigKeys (ConfUtils.java:logGet(43)) - raft.server.sleep.deviation.threshold = 300 (default)
2019-09-25 05:51:12,532 [pool-673-thread-1] INFO  server.RaftServerConfigKeys (ConfUtils.java:logGet(43)) - raft.server.log.appender.install.snapshot.enabled = false (custom)
2019-09-25 05:51:12,532 [pool-673-thread-1] INFO  impl.RaftServerImpl (ServerState.java:<init>(103)) - 1705b612-ae52-4202-ba1e-b52c03c1d4d6@group-0583F6D3229C: ConfigurationManager, init=-1: [1705b612-ae52-4202-ba1e-b52c03c1d4d6:192.168.30.10:40355], old=null, confs=<EMPTY_MAP>
2019-09-25 05:51:12,532 [pool-673-thread-1] INFO  server.RaftServerConfigKeys (ConfUtils.java:logGet(43)) - raft.server.storage.dir = [/workdir/hadoop-ozone/integration-test/target/test-dir/MiniOzoneClusterImpl-6389a31f-e1b2-4948-a777-3ab81d592f44/datanode-0/data/ratis] (custom)
2019-09-25 05:51:12,532 [pool-673-thread-1] INFO  storage.RaftStorageDirectory (RaftStorageDirectory.java:analyzeStorage(246)) - The storage directory /workdir/hadoop-ozone/integration-test/target/test-dir/MiniOzoneClusterImpl-6389a31f-e1b2-4948-a777-3ab81d592f44/datanode-0/data/ratis/cbc9eb7d-3608-42e0-9ad3-0583f6d3229c does not exist. Creating ...
2019-09-25 05:51:12,553 [pool-673-thread-1] INFO  storage.RaftStorageDirectory (RaftStorageDirectory.java:tryLock(328)) - Lock on /workdir/hadoop-ozone/integration-test/target/test-dir/MiniOzoneClusterImpl-6389a31f-e1b2-4948-a777-3ab81d592f44/datanode-0/data/ratis/cbc9eb7d-3608-42e0-9ad3-0583f6d3229c/in_use.lock acquired by nodename 13539@pr-hdds-1569-s62bp-3040748787
2019-09-25 05:51:12,566 [pool-673-thread-1] INFO  storage.RaftStorage (RaftStorage.java:format(72)) - Storage directory /workdir/hadoop-ozone/integration-test/target/test-dir/MiniOzoneClusterImpl-6389a31f-e1b2-4948-a777-3ab81d592f44/datanode-0/data/ratis/cbc9eb7d-3608-42e0-9ad3-0583f6d3229c has been successfully formatted.
2019-09-25 05:51:12,566 [pool-673-thread-1] INFO  ratis.ContainerStateMachine (ContainerStateMachine.java:loadSnapshot(230)) - group-0583F6D3229C: The snapshot info is null. Setting the last applied indexto:(t:0, i:~)
2019-09-25 05:51:12,566 [pool-673-thread-1] INFO  server.RaftServerConfigKeys (ConfUtils.java:logGet(43)) - raft.server.notification.no-leader.timeout = 120s (custom)
2019-09-25 05:51:12,566 [pool-673-thread-1] INFO  server.RaftServerConfigKeys (ConfUtils.java:logGet(43)) - raft.server.log.use.memory = false (default)
2019-09-25 05:51:12,566 [pool-673-thread-1] INFO  server.RaftServerConfigKeys (ConfUtils.java:logGet(43)) - raft.server.log.purge.gap = 1000000 (custom)
2019-09-25 05:51:12,566 [pool-673-thread-1] INFO  server.RaftServerConfigKeys (ConfUtils.java:logGet(43)) - raft.server.log.appender.buffer.byte-limit = 33554432 (custom)
2019-09-25 05:51:12,566 [pool-673-thread-1] INFO  server.RaftServerConfigKeys (ConfUtils.java:logGet(43)) - raft.server.log.segment.size.max = 1048576 (custom)
2019-09-25 05:51:12,567 [pool-673-thread-1] INFO  server.RaftServerConfigKeys (ConfUtils.java:logGet(43)) - raft.server.log.segment.cache.num.max = 2 (custom)
2019-09-25 05:51:12,567 [pool-673-thread-1] INFO  segmented.SegmentedRaftLogWorker (SegmentedRaftLogWorker.java:<init>(172)) - new 1705b612-ae52-4202-ba1e-b52c03c1d4d6@group-0583F6D3229C-SegmentedRaftLogWorker for RaftStorage:Storage Directory /workdir/hadoop-ozone/integration-test/target/test-dir/MiniOzoneClusterImpl-6389a31f-e1b2-4948-a777-3ab81d592f44/datanode-0/data/ratis/cbc9eb7d-3608-42e0-9ad3-0583f6d3229c
2019-09-25 05:51:12,568 [pool-673-thread-1] INFO  server.RaftServerConfigKeys (ConfUtils.java:logGet(43)) - raft.server.log.queue.byte-limit = 2147483647 (custom)
2019-09-25 05:51:12,568 [pool-673-thread-1] INFO  server.RaftServerConfigKeys (ConfUtils.java:logGet(43)) - raft.server.log.queue.element-limit = 1024 (custom)
2019-09-25 05:51:12,568 [pool-673-thread-1] INFO  server.RaftServerConfigKeys (ConfUtils.java:logGet(43)) - raft.server.log.segment.size.max = 1048576 (custom)
2019-09-25 05:51:12,568 [pool-673-thread-1] INFO  server.RaftServerConfigKeys (ConfUtils.java:logGet(43)) - raft.server.log.preallocated.size = 16384 (custom)
2019-09-25 05:51:12,568 [pool-673-thread-1] INFO  server.RaftServerConfigKeys (ConfUtils.java:logGet(43)) - raft.server.log.write.buffer.size = 33554432 (custom)
2019-09-25 05:51:12,568 [pool-673-thread-1] INFO  server.RaftServerConfigKeys (ConfUtils.java:logGet(43)) - raft.server.log.force.sync.num = 128 (default)
2019-09-25 05:51:12,568 [pool-673-thread-1] INFO  server.RaftServerConfigKeys (ConfUtils.java:logGet(43)) - raft.server.log.statemachine.data.sync = true (default)
2019-09-25 05:51:12,569 [pool-673-thread-1] INFO  server.RaftServerConfigKeys (ConfUtils.java:logGet(43)) - raft.server.log.statemachine.data.sync.timeout = 10s (default)
2019-09-25 05:51:12,569 [pool-673-thread-1] INFO  server.RaftServerConfigKeys (ConfUtils.java:logGet(43)) - raft.server.log.statemachine.data.sync.timeout.retry = -1 (default)
2019-09-25 05:51:12,569 [pool-673-thread-1] INFO  server.RaftServerConfigKeys (ConfUtils.java:logGet(43)) - raft.server.log.statemachine.data.caching.enabled = true (custom)
2019-09-25 05:51:12,569 [pool-673-thread-1] INFO  segmented.SegmentedRaftLogWorker (SegmentedRaftLogWorker.java:lambda$new$0(132)) - 1705b612-ae52-4202-ba1e-b52c03c1d4d6@group-0583F6D3229C-SegmentedRaftLogWorker: flushIndex: setUnconditionally 0 -> -1
2019-09-25 05:51:12,569 [pool-673-thread-1] INFO  server.RaftServerConfigKeys (ConfUtils.java:logGet(43)) - raft.server.snapshot.auto.trigger.enabled = true (custom)
2019-09-25 05:51:12,569 [pool-673-thread-1] INFO  server.RaftServerConfigKeys (ConfUtils.java:logGet(43)) - raft.server.snapshot.auto.trigger.threshold = 10000 (custom)
2019-09-25 05:51:12,569 [pool-673-thread-1] INFO  server.RaftServerConfigKeys (ConfUtils.java:logGet(43)) - raft.server.snapshot.retention.num.files = 5 (custom)
2019-09-25 05:51:12,570 [pool-673-thread-1] INFO  server.RaftServerConfigKeys (ConfUtils.java:logGet(43)) - raft.server.retrycache.expirytime = 600000ms (custom)
2019-09-25 05:51:12,571 [pool-673-thread-1] INFO  impl.RaftServerImpl (RaftServerImpl.java:start(185)) - 1705b612-ae52-4202-ba1e-b52c03c1d4d6@group-0583F6D3229C: start as a follower, conf=-1: [1705b612-ae52-4202-ba1e-b52c03c1d4d6:192.168.30.10:40355], old=null
2019-09-25 05:51:12,571 [pool-673-thread-1] INFO  impl.RaftServerImpl (RaftServerImpl.java:setRole(174)) - 1705b612-ae52-4202-ba1e-b52c03c1d4d6@group-0583F6D3229C: changes role from      null to FOLLOWER at term 0 for startAsFollower
2019-09-25 05:51:12,571 [pool-673-thread-1] INFO  impl.RoleInfo (RoleInfo.java:updateAndGet(143)) - 1705b612-ae52-4202-ba1e-b52c03c1d4d6: start FollowerState
2019-09-25 05:51:12,571 [pool-673-thread-1] INFO  util.JmxRegister (JmxRegister.java:tryRegister(44)) - Successfully registered JMX Bean with object name Ratis:service=RaftServer,group=group-0583F6D3229C,id=1705b612-ae52-4202-ba1e-b52c03c1d4d6
2019-09-25 05:51:12,573 [RatisPipelineUtilsThread] INFO  pipeline.PipelineStateManager (PipelineStateManager.java:addPipeline(56)) - Created pipeline Pipeline[ Id: cbc9eb7d-3608-42e0-9ad3-0583f6d3229c, Nodes: 1705b612-ae52-4202-ba1e-b52c03c1d4d6{ip: 192.168.30.10, host: pr-hdds-1569-s62bp-3040748787, networkLocation: /default-rack, certSerialId: null}, Type:RATIS, Factor:ONE, State:OPEN]
2019-09-25 05:51:12,576 [grpc-default-executor-0] INFO  impl.RaftServerProxy (RaftServerProxy.java:addNew(89)) - 1705b612-ae52-4202-ba1e-b52c03c1d4d6: addNew group-52937AB9359B:[1705b612-ae52-4202-ba1e-b52c03c1d4d6:192.168.30.10:40355] returns group-52937AB9359B:java.util.concurrent.CompletableFuture@2d3ceaaf[Not completed]
2019-09-25 05:51:12,577 [pool-673-thread-1] INFO  impl.RaftServerImpl (RaftServerImpl.java:<init>(95)) - 1705b612-ae52-4202-ba1e-b52c03c1d4d6: new RaftServerImpl for group-52937AB9359B:[1705b612-ae52-4202-ba1e-b52c03c1d4d6:192.168.30.10:40355] with ContainerStateMachine:uninitialized
2019-09-25 05:51:12,577 [pool-673-thread-1] INFO  server.RaftServerConfigKeys (ConfUtils.java:logGet(43)) - raft.server.rpc.timeout.min = 5s (custom)
2019-09-25 05:51:12,577 [pool-673-thread-1] INFO  server.RaftServerConfigKeys (ConfUtils.java:logGet(43)) - raft.server.rpc.timeout.max = 5200ms (custom)
2019-09-25 05:51:12,577 [pool-673-thread-1] INFO  server.RaftServerConfigKeys (ConfUtils.java:logGet(43)) - raft.server.rpcslowness.timeout = 120s (custom)
2019-09-25 05:51:12,577 [pool-673-thread-1] INFO  server.RaftServerConfigKeys (ConfUtils.java:logGet(43)) - raft.server.sleep.deviation.threshold = 300 (default)
2019-09-25 05:51:12,577 [pool-673-thread-1] INFO  server.RaftServerConfigKeys (ConfUtils.java:logGet(43)) - raft.server.log.appender.install.snapshot.enabled = false (custom)
2019-09-25 05:51:12,577 [pool-673-thread-1] INFO  impl.RaftServerImpl (ServerState.java:<init>(103)) - 1705b612-ae52-4202-ba1e-b52c03c1d4d6@group-52937AB9359B: ConfigurationManager, init=-1: [1705b612-ae52-4202-ba1e-b52c03c1d4d6:192.168.30.10:40355], old=null, confs=<EMPTY_MAP>
2019-09-25 05:51:12,578 [pool-673-thread-1] INFO  server.RaftServerConfigKeys (ConfUtils.java:logGet(43)) - raft.server.storage.dir = [/workdir/hadoop-ozone/integration-test/target/test-dir/MiniOzoneClusterImpl-6389a31f-e1b2-4948-a777-3ab81d592f44/datanode-0/data/ratis] (custom)
2019-09-25 05:51:12,578 [pool-673-thread-1] INFO  storage.RaftStorageDirectory (RaftStorageDirectory.java:analyzeStorage(246)) - The storage directory /workdir/hadoop-ozone/integration-test/target/test-dir/MiniOzoneClusterImpl-6389a31f-e1b2-4948-a777-3ab81d592f44/datanode-0/data/ratis/f43988f1-2706-4391-ad4e-52937ab9359b does not exist. Creating ...
2019-09-25 05:51:12,591 [pool-673-thread-1] INFO  storage.RaftStorageDirectory (RaftStorageDirectory.java:tryLock(328)) - Lock on /workdir/hadoop-ozone/integration-test/target/test-dir/MiniOzoneClusterImpl-6389a31f-e1b2-4948-a777-3ab81d592f44/datanode-0/data/ratis/f43988f1-2706-4391-ad4e-52937ab9359b/in_use.lock acquired by nodename 13539@pr-hdds-1569-s62bp-3040748787
2019-09-25 05:51:12,603 [pool-673-thread-1] INFO  storage.RaftStorage (RaftStorage.java:format(72)) - Storage directory /workdir/hadoop-ozone/integration-test/target/test-dir/MiniOzoneClusterImpl-6389a31f-e1b2-4948-a777-3ab81d592f44/datanode-0/data/ratis/f43988f1-2706-4391-ad4e-52937ab9359b has been successfully formatted.
2019-09-25 05:51:12,604 [pool-673-thread-1] INFO  ratis.ContainerStateMachine (ContainerStateMachine.java:loadSnapshot(230)) - group-52937AB9359B: The snapshot info is null. Setting the last applied indexto:(t:0, i:~)
2019-09-25 05:51:12,604 [pool-673-thread-1] INFO  server.RaftServerConfigKeys (ConfUtils.java:logGet(43)) - raft.server.notification.no-leader.timeout = 120s (custom)
2019-09-25 05:51:12,604 [pool-673-thread-1] INFO  server.RaftServerConfigKeys (ConfUtils.java:logGet(43)) - raft.server.log.use.memory = false (default)
2019-09-25 05:51:12,604 [pool-673-thread-1] INFO  server.RaftServerConfigKeys (ConfUtils.java:logGet(43)) - raft.server.log.purge.gap = 1000000 (custom)
2019-09-25 05:51:12,604 [pool-673-thread-1] INFO  server.RaftServerConfigKeys (ConfUtils.java:logGet(43)) - raft.server.log.appender.buffer.byte-limit = 33554432 (custom)
2019-09-25 05:51:12,604 [pool-673-thread-1] INFO  server.RaftServerConfigKeys (ConfUtils.java:logGet(43)) - raft.server.log.segment.size.max = 1048576 (custom)
2019-09-25 05:51:12,604 [pool-673-thread-1] INFO  server.RaftServerConfigKeys (ConfUtils.java:logGet(43)) - raft.server.log.segment.cache.num.max = 2 (custom)
2019-09-25 05:51:12,604 [pool-673-thread-1] INFO  segmented.SegmentedRaftLogWorker (SegmentedRaftLogWorker.java:<init>(172)) - new 1705b612-ae52-4202-ba1e-b52c03c1d4d6@group-52937AB9359B-SegmentedRaftLogWorker for RaftStorage:Storage Directory /workdir/hadoop-ozone/integration-test/target/test-dir/MiniOzoneClusterImpl-6389a31f-e1b2-4948-a777-3ab81d592f44/datanode-0/data/ratis/f43988f1-2706-4391-ad4e-52937ab9359b
2019-09-25 05:51:12,604 [pool-673-thread-1] INFO  server.RaftServerConfigKeys (ConfUtils.java:logGet(43)) - raft.server.log.queue.byte-limit = 2147483647 (custom)
2019-09-25 05:51:12,604 [pool-673-thread-1] INFO  server.RaftServerConfigKeys (ConfUtils.java:logGet(43)) - raft.server.log.queue.element-limit = 1024 (custom)
2019-09-25 05:51:12,604 [pool-673-thread-1] INFO  server.RaftServerConfigKeys (ConfUtils.java:logGet(43)) - raft.server.log.segment.size.max = 1048576 (custom)
2019-09-25 05:51:12,604 [pool-673-thread-1] INFO  server.RaftServerConfigKeys (ConfUtils.java:logGet(43)) - raft.server.log.preallocated.size = 16384 (custom)
2019-09-25 05:51:12,605 [pool-673-thread-1] INFO  server.RaftServerConfigKeys (ConfUtils.java:logGet(43)) - raft.server.log.write.buffer.size = 33554432 (custom)
2019-09-25 05:51:12,605 [pool-673-thread-1] INFO  server.RaftServerConfigKeys (ConfUtils.java:logGet(43)) - raft.server.log.force.sync.num = 128 (default)
2019-09-25 05:51:12,605 [pool-673-thread-1] INFO  server.RaftServerConfigKeys (ConfUtils.java:logGet(43)) - raft.server.log.statemachine.data.sync = true (default)
2019-09-25 05:51:12,605 [pool-673-thread-1] INFO  server.RaftServerConfigKeys (ConfUtils.java:logGet(43)) - raft.server.log.statemachine.data.sync.timeout = 10s (default)
2019-09-25 05:51:12,605 [pool-673-thread-1] INFO  server.RaftServerConfigKeys (ConfUtils.java:logGet(43)) - raft.server.log.statemachine.data.sync.timeout.retry = -1 (default)
2019-09-25 05:51:12,605 [pool-673-thread-1] INFO  server.RaftServerConfigKeys (ConfUtils.java:logGet(43)) - raft.server.log.statemachine.data.caching.enabled = true (custom)
2019-09-25 05:51:12,605 [pool-673-thread-1] INFO  segmented.SegmentedRaftLogWorker (SegmentedRaftLogWorker.java:lambda$new$0(132)) - 1705b612-ae52-4202-ba1e-b52c03c1d4d6@group-52937AB9359B-SegmentedRaftLogWorker: flushIndex: setUnconditionally 0 -> -1
2019-09-25 05:51:12,605 [pool-673-thread-1] INFO  server.RaftServerConfigKeys (ConfUtils.java:logGet(43)) - raft.server.snapshot.auto.trigger.enabled = true (custom)
2019-09-25 05:51:12,605 [pool-673-thread-1] INFO  server.RaftServerConfigKeys (ConfUtils.java:logGet(43)) - raft.server.snapshot.auto.trigger.threshold = 10000 (custom)
2019-09-25 05:51:12,605 [pool-673-thread-1] INFO  server.RaftServerConfigKeys (ConfUtils.java:logGet(43)) - raft.server.snapshot.retention.num.files = 5 (custom)
2019-09-25 05:51:12,606 [pool-673-thread-1] INFO  server.RaftServerConfigKeys (ConfUtils.java:logGet(43)) - raft.server.retrycache.expirytime = 600000ms (custom)
2019-09-25 05:51:12,607 [pool-673-thread-1] INFO  impl.RaftServerImpl (RaftServerImpl.java:start(185)) - 1705b612-ae52-4202-ba1e-b52c03c1d4d6@group-52937AB9359B: start as a follower, conf=-1: [1705b612-ae52-4202-ba1e-b52c03c1d4d6:192.168.30.10:40355], old=null
2019-09-25 05:51:12,607 [pool-673-thread-1] INFO  impl.RaftServerImpl (RaftServerImpl.java:setRole(174)) - 1705b612-ae52-4202-ba1e-b52c03c1d4d6@group-52937AB9359B: changes role from      null to FOLLOWER at term 0 for startAsFollower
2019-09-25 05:51:12,607 [pool-673-thread-1] INFO  impl.RoleInfo (RoleInfo.java:updateAndGet(143)) - 1705b612-ae52-4202-ba1e-b52c03c1d4d6: start FollowerState
2019-09-25 05:51:12,607 [pool-673-thread-1] INFO  util.JmxRegister (JmxRegister.java:tryRegister(44)) - Successfully registered JMX Bean with object name Ratis:service=RaftServer,group=group-52937AB9359B,id=1705b612-ae52-4202-ba1e-b52c03c1d4d6
2019-09-25 05:51:12,608 [RatisPipelineUtilsThread] INFO  pipeline.PipelineStateManager (PipelineStateManager.java:addPipeline(56)) - Created pipeline Pipeline[ Id: f43988f1-2706-4391-ad4e-52937ab9359b, Nodes: 1705b612-ae52-4202-ba1e-b52c03c1d4d6{ip: 192.168.30.10, host: pr-hdds-1569-s62bp-3040748787, networkLocation: /default-rack, certSerialId: null}, Type:RATIS, Factor:ONE, State:OPEN]
2019-09-25 05:51:12,611 [grpc-default-executor-0] INFO  impl.RaftServerProxy (RaftServerProxy.java:addNew(89)) - 1705b612-ae52-4202-ba1e-b52c03c1d4d6: addNew group-E6435BF48D80:[1705b612-ae52-4202-ba1e-b52c03c1d4d6:192.168.30.10:40355] returns group-E6435BF48D80:java.util.concurrent.CompletableFuture@8ed5817[Not completed]
2019-09-25 05:51:12,611 [pool-673-thread-1] INFO  impl.RaftServerImpl (RaftServerImpl.java:<init>(95)) - 1705b612-ae52-4202-ba1e-b52c03c1d4d6: new RaftServerImpl for group-E6435BF48D80:[1705b612-ae52-4202-ba1e-b52c03c1d4d6:192.168.30.10:40355] with ContainerStateMachine:uninitialized
2019-09-25 05:51:12,612 [pool-673-thread-1] INFO  server.RaftServerConfigKeys (ConfUtils.java:logGet(43)) - raft.server.rpc.timeout.min = 5s (custom)
2019-09-25 05:51:12,612 [pool-673-thread-1] INFO  server.RaftServerConfigKeys (ConfUtils.java:logGet(43)) - raft.server.rpc.timeout.max = 5200ms (custom)
2019-09-25 05:51:12,612 [pool-673-thread-1] INFO  server.RaftServerConfigKeys (ConfUtils.java:logGet(43)) - raft.server.rpcslowness.timeout = 120s (custom)
2019-09-25 05:51:12,612 [pool-673-thread-1] INFO  server.RaftServerConfigKeys (ConfUtils.java:logGet(43)) - raft.server.sleep.deviation.threshold = 300 (default)
2019-09-25 05:51:12,612 [pool-673-thread-1] INFO  server.RaftServerConfigKeys (ConfUtils.java:logGet(43)) - raft.server.log.appender.install.snapshot.enabled = false (custom)
2019-09-25 05:51:12,612 [pool-673-thread-1] INFO  impl.RaftServerImpl (ServerState.java:<init>(103)) - 1705b612-ae52-4202-ba1e-b52c03c1d4d6@group-E6435BF48D80: ConfigurationManager, init=-1: [1705b612-ae52-4202-ba1e-b52c03c1d4d6:192.168.30.10:40355], old=null, confs=<EMPTY_MAP>
2019-09-25 05:51:12,612 [pool-673-thread-1] INFO  server.RaftServerConfigKeys (ConfUtils.java:logGet(43)) - raft.server.storage.dir = [/workdir/hadoop-ozone/integration-test/target/test-dir/MiniOzoneClusterImpl-6389a31f-e1b2-4948-a777-3ab81d592f44/datanode-0/data/ratis] (custom)
2019-09-25 05:51:12,612 [pool-673-thread-1] INFO  storage.RaftStorageDirectory (RaftStorageDirectory.java:analyzeStorage(246)) - The storage directory /workdir/hadoop-ozone/integration-test/target/test-dir/MiniOzoneClusterImpl-6389a31f-e1b2-4948-a777-3ab81d592f44/datanode-0/data/ratis/bfc2e337-94d0-46dc-a11f-e6435bf48d80 does not exist. Creating ...
2019-09-25 05:51:12,621 [IPC Server handler 5 on 36663] INFO  net.NetworkTopology (NetworkTopologyImpl.java:add(111)) - Added a new node: /default-rack/aa12bdd9-b98d-4e1b-b7bd-0fb99805d214
2019-09-25 05:51:12,621 [IPC Server handler 5 on 36663] INFO  node.SCMNodeManager (SCMNodeManager.java:register(266)) - Registered Data node : aa12bdd9-b98d-4e1b-b7bd-0fb99805d214{ip: 192.168.30.10, host: pr-hdds-1569-s62bp-3040748787, networkLocation: /default-rack, certSerialId: null}
2019-09-25 05:51:12,627 [pool-673-thread-1] INFO  storage.RaftStorageDirectory (RaftStorageDirectory.java:tryLock(328)) - Lock on /workdir/hadoop-ozone/integration-test/target/test-dir/MiniOzoneClusterImpl-6389a31f-e1b2-4948-a777-3ab81d592f44/datanode-0/data/ratis/bfc2e337-94d0-46dc-a11f-e6435bf48d80/in_use.lock acquired by nodename 13539@pr-hdds-1569-s62bp-3040748787
2019-09-25 05:51:12,639 [pool-673-thread-1] INFO  storage.RaftStorage (RaftStorage.java:format(72)) - Storage directory /workdir/hadoop-ozone/integration-test/target/test-dir/MiniOzoneClusterImpl-6389a31f-e1b2-4948-a777-3ab81d592f44/datanode-0/data/ratis/bfc2e337-94d0-46dc-a11f-e6435bf48d80 has been successfully formatted.
2019-09-25 05:51:12,639 [pool-673-thread-1] INFO  ratis.ContainerStateMachine (ContainerStateMachine.java:loadSnapshot(230)) - group-E6435BF48D80: The snapshot info is null. Setting the last applied indexto:(t:0, i:~)
2019-09-25 05:51:12,639 [pool-673-thread-1] INFO  server.RaftServerConfigKeys (ConfUtils.java:logGet(43)) - raft.server.notification.no-leader.timeout = 120s (custom)
2019-09-25 05:51:12,640 [pool-673-thread-1] INFO  server.RaftServerConfigKeys (ConfUtils.java:logGet(43)) - raft.server.log.use.memory = false (default)
2019-09-25 05:51:12,640 [pool-673-thread-1] INFO  server.RaftServerConfigKeys (ConfUtils.java:logGet(43)) - raft.server.log.purge.gap = 1000000 (custom)
2019-09-25 05:51:12,640 [pool-673-thread-1] INFO  server.RaftServerConfigKeys (ConfUtils.java:logGet(43)) - raft.server.log.appender.buffer.byte-limit = 33554432 (custom)
2019-09-25 05:51:12,640 [pool-673-thread-1] INFO  server.RaftServerConfigKeys (ConfUtils.java:logGet(43)) - raft.server.log.segment.size.max = 1048576 (custom)
2019-09-25 05:51:12,640 [pool-673-thread-1] INFO  server.RaftServerConfigKeys (ConfUtils.java:logGet(43)) - raft.server.log.segment.cache.num.max = 2 (custom)
2019-09-25 05:51:12,640 [pool-673-thread-1] INFO  segmented.SegmentedRaftLogWorker (SegmentedRaftLogWorker.java:<init>(172)) - new 1705b612-ae52-4202-ba1e-b52c03c1d4d6@group-E6435BF48D80-SegmentedRaftLogWorker for RaftStorage:Storage Directory /workdir/hadoop-ozone/integration-test/target/test-dir/MiniOzoneClusterImpl-6389a31f-e1b2-4948-a777-3ab81d592f44/datanode-0/data/ratis/bfc2e337-94d0-46dc-a11f-e6435bf48d80
2019-09-25 05:51:12,640 [pool-673-thread-1] INFO  server.RaftServerConfigKeys (ConfUtils.java:logGet(43)) - raft.server.log.queue.byte-limit = 2147483647 (custom)
2019-09-25 05:51:12,640 [pool-673-thread-1] INFO  server.RaftServerConfigKeys (ConfUtils.java:logGet(43)) - raft.server.log.queue.element-limit = 1024 (custom)
2019-09-25 05:51:12,640 [pool-673-thread-1] INFO  server.RaftServerConfigKeys (ConfUtils.java:logGet(43)) - raft.server.log.segment.size.max = 1048576 (custom)
2019-09-25 05:51:12,640 [pool-673-thread-1] INFO  server.RaftServerConfigKeys (ConfUtils.java:logGet(43)) - raft.server.log.preallocated.size = 16384 (custom)
2019-09-25 05:51:12,640 [pool-673-thread-1] INFO  server.RaftServerConfigKeys (ConfUtils.java:logGet(43)) - raft.server.log.write.buffer.size = 33554432 (custom)
2019-09-25 05:51:12,640 [pool-673-thread-1] INFO  server.RaftServerConfigKeys (ConfUtils.java:logGet(43)) - raft.server.log.force.sync.num = 128 (default)
2019-09-25 05:51:12,641 [pool-673-thread-1] INFO  server.RaftServerConfigKeys (ConfUtils.java:logGet(43)) - raft.server.log.statemachine.data.sync = true (default)
2019-09-25 05:51:12,641 [pool-673-thread-1] INFO  server.RaftServerConfigKeys (ConfUtils.java:logGet(43)) - raft.server.log.statemachine.data.sync.timeout = 10s (default)
2019-09-25 05:51:12,641 [pool-673-thread-1] INFO  server.RaftServerConfigKeys (ConfUtils.java:logGet(43)) - raft.server.log.statemachine.data.sync.timeout.retry = -1 (default)
2019-09-25 05:51:12,641 [pool-673-thread-1] INFO  server.RaftServerConfigKeys (ConfUtils.java:logGet(43)) - raft.server.log.statemachine.data.caching.enabled = true (custom)
2019-09-25 05:51:12,641 [pool-673-thread-1] INFO  segmented.SegmentedRaftLogWorker (SegmentedRaftLogWorker.java:lambda$new$0(132)) - 1705b612-ae52-4202-ba1e-b52c03c1d4d6@group-E6435BF48D80-SegmentedRaftLogWorker: flushIndex: setUnconditionally 0 -> -1
2019-09-25 05:51:12,643 [pool-673-thread-1] INFO  server.RaftServerConfigKeys (ConfUtils.java:logGet(43)) - raft.server.snapshot.auto.trigger.enabled = true (custom)
2019-09-25 05:51:12,643 [pool-673-thread-1] INFO  server.RaftServerConfigKeys (ConfUtils.java:logGet(43)) - raft.server.snapshot.auto.trigger.threshold = 10000 (custom)
2019-09-25 05:51:12,643 [pool-673-thread-1] INFO  server.RaftServerConfigKeys (ConfUtils.java:logGet(43)) - raft.server.snapshot.retention.num.files = 5 (custom)
2019-09-25 05:51:12,643 [pool-673-thread-1] INFO  server.RaftServerConfigKeys (ConfUtils.java:logGet(43)) - raft.server.retrycache.expirytime = 600000ms (custom)
2019-09-25 05:51:12,644 [pool-673-thread-1] INFO  impl.RaftServerImpl (RaftServerImpl.java:start(185)) - 1705b612-ae52-4202-ba1e-b52c03c1d4d6@group-E6435BF48D80: start as a follower, conf=-1: [1705b612-ae52-4202-ba1e-b52c03c1d4d6:192.168.30.10:40355], old=null
2019-09-25 05:51:12,644 [pool-673-thread-1] INFO  impl.RaftServerImpl (RaftServerImpl.java:setRole(174)) - 1705b612-ae52-4202-ba1e-b52c03c1d4d6@group-E6435BF48D80: changes role from      null to FOLLOWER at term 0 for startAsFollower
2019-09-25 05:51:12,644 [pool-673-thread-1] INFO  impl.RoleInfo (RoleInfo.java:updateAndGet(143)) - 1705b612-ae52-4202-ba1e-b52c03c1d4d6: start FollowerState
2019-09-25 05:51:12,644 [pool-673-thread-1] INFO  util.JmxRegister (JmxRegister.java:tryRegister(44)) - Successfully registered JMX Bean with object name Ratis:service=RaftServer,group=group-E6435BF48D80,id=1705b612-ae52-4202-ba1e-b52c03c1d4d6
2019-09-25 05:51:12,646 [RatisPipelineUtilsThread] INFO  pipeline.PipelineStateManager (PipelineStateManager.java:addPipeline(56)) - Created pipeline Pipeline[ Id: bfc2e337-94d0-46dc-a11f-e6435bf48d80, Nodes: 1705b612-ae52-4202-ba1e-b52c03c1d4d6{ip: 192.168.30.10, host: pr-hdds-1569-s62bp-3040748787, networkLocation: /default-rack, certSerialId: null}, Type:RATIS, Factor:ONE, State:OPEN]
2019-09-25 05:51:12,653 [grpc-default-executor-0] INFO  impl.RaftServerProxy (RaftServerProxy.java:addNew(89)) - aa12bdd9-b98d-4e1b-b7bd-0fb99805d214: addNew group-E8BE53C004A9:[aa12bdd9-b98d-4e1b-b7bd-0fb99805d214:192.168.30.10:37397] returns group-E8BE53C004A9:java.util.concurrent.CompletableFuture@4d5a484a[Not completed]
2019-09-25 05:51:12,653 [pool-683-thread-1] INFO  impl.RaftServerImpl (RaftServerImpl.java:<init>(95)) - aa12bdd9-b98d-4e1b-b7bd-0fb99805d214: new RaftServerImpl for group-E8BE53C004A9:[aa12bdd9-b98d-4e1b-b7bd-0fb99805d214:192.168.30.10:37397] with ContainerStateMachine:uninitialized
2019-09-25 05:51:12,654 [pool-683-thread-1] INFO  server.RaftServerConfigKeys (ConfUtils.java:logGet(43)) - raft.server.rpc.timeout.min = 5s (custom)
2019-09-25 05:51:12,654 [pool-683-thread-1] INFO  server.RaftServerConfigKeys (ConfUtils.java:logGet(43)) - raft.server.rpc.timeout.max = 5200ms (custom)
2019-09-25 05:51:12,654 [pool-683-thread-1] INFO  server.RaftServerConfigKeys (ConfUtils.java:logGet(43)) - raft.server.rpcslowness.timeout = 120s (custom)
2019-09-25 05:51:12,654 [pool-683-thread-1] INFO  server.RaftServerConfigKeys (ConfUtils.java:logGet(43)) - raft.server.sleep.deviation.threshold = 300 (default)
2019-09-25 05:51:12,654 [pool-683-thread-1] INFO  server.RaftServerConfigKeys (ConfUtils.java:logGet(43)) - raft.server.log.appender.install.snapshot.enabled = false (custom)
2019-09-25 05:51:12,654 [pool-683-thread-1] INFO  impl.RaftServerImpl (ServerState.java:<init>(103)) - aa12bdd9-b98d-4e1b-b7bd-0fb99805d214@group-E8BE53C004A9: ConfigurationManager, init=-1: [aa12bdd9-b98d-4e1b-b7bd-0fb99805d214:192.168.30.10:37397], old=null, confs=<EMPTY_MAP>
2019-09-25 05:51:12,654 [pool-683-thread-1] INFO  server.RaftServerConfigKeys (ConfUtils.java:logGet(43)) - raft.server.storage.dir = [/workdir/hadoop-ozone/integration-test/target/test-dir/MiniOzoneClusterImpl-6389a31f-e1b2-4948-a777-3ab81d592f44/datanode-1/data/ratis] (custom)
2019-09-25 05:51:12,654 [pool-683-thread-1] INFO  storage.RaftStorageDirectory (RaftStorageDirectory.java:analyzeStorage(246)) - The storage directory /workdir/hadoop-ozone/integration-test/target/test-dir/MiniOzoneClusterImpl-6389a31f-e1b2-4948-a777-3ab81d592f44/datanode-1/data/ratis/b69ce844-c1d2-49a4-9834-e8be53c004a9 does not exist. Creating ...
2019-09-25 05:51:12,669 [pool-683-thread-1] INFO  storage.RaftStorageDirectory (RaftStorageDirectory.java:tryLock(328)) - Lock on /workdir/hadoop-ozone/integration-test/target/test-dir/MiniOzoneClusterImpl-6389a31f-e1b2-4948-a777-3ab81d592f44/datanode-1/data/ratis/b69ce844-c1d2-49a4-9834-e8be53c004a9/in_use.lock acquired by nodename 13539@pr-hdds-1569-s62bp-3040748787
2019-09-25 05:51:12,681 [pool-683-thread-1] INFO  storage.RaftStorage (RaftStorage.java:format(72)) - Storage directory /workdir/hadoop-ozone/integration-test/target/test-dir/MiniOzoneClusterImpl-6389a31f-e1b2-4948-a777-3ab81d592f44/datanode-1/data/ratis/b69ce844-c1d2-49a4-9834-e8be53c004a9 has been successfully formatted.
2019-09-25 05:51:12,681 [pool-683-thread-1] INFO  ratis.ContainerStateMachine (ContainerStateMachine.java:loadSnapshot(230)) - group-E8BE53C004A9: The snapshot info is null. Setting the last applied indexto:(t:0, i:~)
2019-09-25 05:51:12,681 [pool-683-thread-1] INFO  server.RaftServerConfigKeys (ConfUtils.java:logGet(43)) - raft.server.notification.no-leader.timeout = 120s (custom)
2019-09-25 05:51:12,681 [pool-683-thread-1] INFO  server.RaftServerConfigKeys (ConfUtils.java:logGet(43)) - raft.server.log.use.memory = false (default)
2019-09-25 05:51:12,681 [pool-683-thread-1] INFO  server.RaftServerConfigKeys (ConfUtils.java:logGet(43)) - raft.server.log.purge.gap = 1000000 (custom)
2019-09-25 05:51:12,682 [pool-683-thread-1] INFO  server.RaftServerConfigKeys (ConfUtils.java:logGet(43)) - raft.server.log.appender.buffer.byte-limit = 33554432 (custom)
2019-09-25 05:51:12,682 [pool-683-thread-1] INFO  server.RaftServerConfigKeys (ConfUtils.java:logGet(43)) - raft.server.log.segment.size.max = 1048576 (custom)
2019-09-25 05:51:12,682 [pool-683-thread-1] INFO  server.RaftServerConfigKeys (ConfUtils.java:logGet(43)) - raft.server.log.segment.cache.num.max = 2 (custom)
2019-09-25 05:51:12,682 [pool-683-thread-1] INFO  segmented.SegmentedRaftLogWorker (SegmentedRaftLogWorker.java:<init>(172)) - new aa12bdd9-b98d-4e1b-b7bd-0fb99805d214@group-E8BE53C004A9-SegmentedRaftLogWorker for RaftStorage:Storage Directory /workdir/hadoop-ozone/integration-test/target/test-dir/MiniOzoneClusterImpl-6389a31f-e1b2-4948-a777-3ab81d592f44/datanode-1/data/ratis/b69ce844-c1d2-49a4-9834-e8be53c004a9
2019-09-25 05:51:12,683 [pool-683-thread-1] INFO  server.RaftServerConfigKeys (ConfUtils.java:logGet(43)) - raft.server.log.queue.byte-limit = 2147483647 (custom)
2019-09-25 05:51:12,683 [pool-683-thread-1] INFO  server.RaftServerConfigKeys (ConfUtils.java:logGet(43)) - raft.server.log.queue.element-limit = 1024 (custom)
2019-09-25 05:51:12,683 [pool-683-thread-1] INFO  server.RaftServerConfigKeys (ConfUtils.java:logGet(43)) - raft.server.log.segment.size.max = 1048576 (custom)
2019-09-25 05:51:12,683 [pool-683-thread-1] INFO  server.RaftServerConfigKeys (ConfUtils.java:logGet(43)) - raft.server.log.preallocated.size = 16384 (custom)
2019-09-25 05:51:12,683 [pool-683-thread-1] INFO  server.RaftServerConfigKeys (ConfUtils.java:logGet(43)) - raft.server.log.write.buffer.size = 33554432 (custom)
2019-09-25 05:51:12,683 [pool-683-thread-1] INFO  server.RaftServerConfigKeys (ConfUtils.java:logGet(43)) - raft.server.log.force.sync.num = 128 (default)
2019-09-25 05:51:12,683 [pool-683-thread-1] INFO  server.RaftServerConfigKeys (ConfUtils.java:logGet(43)) - raft.server.log.statemachine.data.sync = true (default)
2019-09-25 05:51:12,683 [pool-683-thread-1] INFO  server.RaftServerConfigKeys (ConfUtils.java:logGet(43)) - raft.server.log.statemachine.data.sync.timeout = 10s (default)
2019-09-25 05:51:12,683 [pool-683-thread-1] INFO  server.RaftServerConfigKeys (ConfUtils.java:logGet(43)) - raft.server.log.statemachine.data.sync.timeout.retry = -1 (default)
2019-09-25 05:51:12,683 [pool-683-thread-1] INFO  server.RaftServerConfigKeys (ConfUtils.java:logGet(43)) - raft.server.log.statemachine.data.caching.enabled = true (custom)
2019-09-25 05:51:12,684 [pool-683-thread-1] INFO  segmented.SegmentedRaftLogWorker (SegmentedRaftLogWorker.java:lambda$new$0(132)) - aa12bdd9-b98d-4e1b-b7bd-0fb99805d214@group-E8BE53C004A9-SegmentedRaftLogWorker: flushIndex: setUnconditionally 0 -> -1
2019-09-25 05:51:12,684 [pool-683-thread-1] INFO  server.RaftServerConfigKeys (ConfUtils.java:logGet(43)) - raft.server.snapshot.auto.trigger.enabled = true (custom)
2019-09-25 05:51:12,684 [pool-683-thread-1] INFO  server.RaftServerConfigKeys (ConfUtils.java:logGet(43)) - raft.server.snapshot.auto.trigger.threshold = 10000 (custom)
2019-09-25 05:51:12,684 [pool-683-thread-1] INFO  server.RaftServerConfigKeys (ConfUtils.java:logGet(43)) - raft.server.snapshot.retention.num.files = 5 (custom)
2019-09-25 05:51:12,684 [pool-683-thread-1] INFO  server.RaftServerConfigKeys (ConfUtils.java:logGet(43)) - raft.server.retrycache.expirytime = 600000ms (custom)
2019-09-25 05:51:12,685 [pool-683-thread-1] INFO  impl.RaftServerImpl (RaftServerImpl.java:start(185)) - aa12bdd9-b98d-4e1b-b7bd-0fb99805d214@group-E8BE53C004A9: start as a follower, conf=-1: [aa12bdd9-b98d-4e1b-b7bd-0fb99805d214:192.168.30.10:37397], old=null
2019-09-25 05:51:12,685 [pool-683-thread-1] INFO  impl.RaftServerImpl (RaftServerImpl.java:setRole(174)) - aa12bdd9-b98d-4e1b-b7bd-0fb99805d214@group-E8BE53C004A9: changes role from      null to FOLLOWER at term 0 for startAsFollower
2019-09-25 05:51:12,685 [pool-683-thread-1] INFO  impl.RoleInfo (RoleInfo.java:updateAndGet(143)) - aa12bdd9-b98d-4e1b-b7bd-0fb99805d214: start FollowerState
2019-09-25 05:51:12,685 [pool-683-thread-1] INFO  util.JmxRegister (JmxRegister.java:tryRegister(44)) - Successfully registered JMX Bean with object name Ratis:service=RaftServer,group=group-E8BE53C004A9,id=aa12bdd9-b98d-4e1b-b7bd-0fb99805d214
2019-09-25 05:51:12,687 [RatisPipelineUtilsThread] INFO  pipeline.PipelineStateManager (PipelineStateManager.java:addPipeline(56)) - Created pipeline Pipeline[ Id: b69ce844-c1d2-49a4-9834-e8be53c004a9, Nodes: aa12bdd9-b98d-4e1b-b7bd-0fb99805d214{ip: 192.168.30.10, host: pr-hdds-1569-s62bp-3040748787, networkLocation: /default-rack, certSerialId: null}, Type:RATIS, Factor:ONE, State:OPEN]
2019-09-25 05:51:12,689 [grpc-default-executor-0] INFO  impl.RaftServerProxy (RaftServerProxy.java:addNew(89)) - 1705b612-ae52-4202-ba1e-b52c03c1d4d6: addNew group-991B57B9AE54:[1705b612-ae52-4202-ba1e-b52c03c1d4d6:192.168.30.10:40355] returns group-991B57B9AE54:java.util.concurrent.CompletableFuture@16e99580[Not completed]
2019-09-25 05:51:12,689 [pool-673-thread-1] INFO  impl.RaftServerImpl (RaftServerImpl.java:<init>(95)) - 1705b612-ae52-4202-ba1e-b52c03c1d4d6: new RaftServerImpl for group-991B57B9AE54:[1705b612-ae52-4202-ba1e-b52c03c1d4d6:192.168.30.10:40355] with ContainerStateMachine:uninitialized
2019-09-25 05:51:12,690 [pool-673-thread-1] INFO  server.RaftServerConfigKeys (ConfUtils.java:logGet(43)) - raft.server.rpc.timeout.min = 5s (custom)
2019-09-25 05:51:12,690 [pool-673-thread-1] INFO  server.RaftServerConfigKeys (ConfUtils.java:logGet(43)) - raft.server.rpc.timeout.max = 5200ms (custom)
2019-09-25 05:51:12,690 [pool-673-thread-1] INFO  server.RaftServerConfigKeys (ConfUtils.java:logGet(43)) - raft.server.rpcslowness.timeout = 120s (custom)
2019-09-25 05:51:12,690 [pool-673-thread-1] INFO  server.RaftServerConfigKeys (ConfUtils.java:logGet(43)) - raft.server.sleep.deviation.threshold = 300 (default)
2019-09-25 05:51:12,690 [pool-673-thread-1] INFO  server.RaftServerConfigKeys (ConfUtils.java:logGet(43)) - raft.server.log.appender.install.snapshot.enabled = false (custom)
2019-09-25 05:51:12,690 [pool-673-thread-1] INFO  impl.RaftServerImpl (ServerState.java:<init>(103)) - 1705b612-ae52-4202-ba1e-b52c03c1d4d6@group-991B57B9AE54: ConfigurationManager, init=-1: [1705b612-ae52-4202-ba1e-b52c03c1d4d6:192.168.30.10:40355], old=null, confs=<EMPTY_MAP>
2019-09-25 05:51:12,690 [pool-673-thread-1] INFO  server.RaftServerConfigKeys (ConfUtils.java:logGet(43)) - raft.server.storage.dir = [/workdir/hadoop-ozone/integration-test/target/test-dir/MiniOzoneClusterImpl-6389a31f-e1b2-4948-a777-3ab81d592f44/datanode-0/data/ratis] (custom)
2019-09-25 05:51:12,690 [pool-673-thread-1] INFO  storage.RaftStorageDirectory (RaftStorageDirectory.java:analyzeStorage(246)) - The storage directory /workdir/hadoop-ozone/integration-test/target/test-dir/MiniOzoneClusterImpl-6389a31f-e1b2-4948-a777-3ab81d592f44/datanode-0/data/ratis/5884be72-cfc7-425b-aa13-991b57b9ae54 does not exist. Creating ...
2019-09-25 05:51:12,702 [pool-673-thread-1] INFO  storage.RaftStorageDirectory (RaftStorageDirectory.java:tryLock(328)) - Lock on /workdir/hadoop-ozone/integration-test/target/test-dir/MiniOzoneClusterImpl-6389a31f-e1b2-4948-a777-3ab81d592f44/datanode-0/data/ratis/5884be72-cfc7-425b-aa13-991b57b9ae54/in_use.lock acquired by nodename 13539@pr-hdds-1569-s62bp-3040748787
2019-09-25 05:51:12,715 [pool-673-thread-1] INFO  storage.RaftStorage (RaftStorage.java:format(72)) - Storage directory /workdir/hadoop-ozone/integration-test/target/test-dir/MiniOzoneClusterImpl-6389a31f-e1b2-4948-a777-3ab81d592f44/datanode-0/data/ratis/5884be72-cfc7-425b-aa13-991b57b9ae54 has been successfully formatted.
2019-09-25 05:51:12,715 [pool-673-thread-1] INFO  ratis.ContainerStateMachine (ContainerStateMachine.java:loadSnapshot(230)) - group-991B57B9AE54: The snapshot info is null. Setting the last applied indexto:(t:0, i:~)
2019-09-25 05:51:12,715 [pool-673-thread-1] INFO  server.RaftServerConfigKeys (ConfUtils.java:logGet(43)) - raft.server.notification.no-leader.timeout = 120s (custom)
2019-09-25 05:51:12,715 [pool-673-thread-1] INFO  server.RaftServerConfigKeys (ConfUtils.java:logGet(43)) - raft.server.log.use.memory = false (default)
2019-09-25 05:51:12,715 [pool-673-thread-1] INFO  server.RaftServerConfigKeys (ConfUtils.java:logGet(43)) - raft.server.log.purge.gap = 1000000 (custom)
2019-09-25 05:51:12,716 [pool-673-thread-1] INFO  server.RaftServerConfigKeys (ConfUtils.java:logGet(43)) - raft.server.log.appender.buffer.byte-limit = 33554432 (custom)
2019-09-25 05:51:12,716 [pool-673-thread-1] INFO  server.RaftServerConfigKeys (ConfUtils.java:logGet(43)) - raft.server.log.segment.size.max = 1048576 (custom)
2019-09-25 05:51:12,716 [pool-673-thread-1] INFO  server.RaftServerConfigKeys (ConfUtils.java:logGet(43)) - raft.server.log.segment.cache.num.max = 2 (custom)
2019-09-25 05:51:12,716 [pool-673-thread-1] INFO  segmented.SegmentedRaftLogWorker (SegmentedRaftLogWorker.java:<init>(172)) - new 1705b612-ae52-4202-ba1e-b52c03c1d4d6@group-991B57B9AE54-SegmentedRaftLogWorker for RaftStorage:Storage Directory /workdir/hadoop-ozone/integration-test/target/test-dir/MiniOzoneClusterImpl-6389a31f-e1b2-4948-a777-3ab81d592f44/datanode-0/data/ratis/5884be72-cfc7-425b-aa13-991b57b9ae54
2019-09-25 05:51:12,716 [pool-673-thread-1] INFO  server.RaftServerConfigKeys (ConfUtils.java:logGet(43)) - raft.server.log.queue.byte-limit = 2147483647 (custom)
2019-09-25 05:51:12,716 [pool-673-thread-1] INFO  server.RaftServerConfigKeys (ConfUtils.java:logGet(43)) - raft.server.log.queue.element-limit = 1024 (custom)
2019-09-25 05:51:12,716 [pool-673-thread-1] INFO  server.RaftServerConfigKeys (ConfUtils.java:logGet(43)) - raft.server.log.segment.size.max = 1048576 (custom)
2019-09-25 05:51:12,716 [pool-673-thread-1] INFO  server.RaftServerConfigKeys (ConfUtils.java:logGet(43)) - raft.server.log.preallocated.size = 16384 (custom)
2019-09-25 05:51:12,716 [pool-673-thread-1] INFO  server.RaftServerConfigKeys (ConfUtils.java:logGet(43)) - raft.server.log.write.buffer.size = 33554432 (custom)
2019-09-25 05:51:12,716 [pool-673-thread-1] INFO  server.RaftServerConfigKeys (ConfUtils.java:logGet(43)) - raft.server.log.force.sync.num = 128 (default)
2019-09-25 05:51:12,716 [pool-673-thread-1] INFO  server.RaftServerConfigKeys (ConfUtils.java:logGet(43)) - raft.server.log.statemachine.data.sync = true (default)
2019-09-25 05:51:12,716 [pool-673-thread-1] INFO  server.RaftServerConfigKeys (ConfUtils.java:logGet(43)) - raft.server.log.statemachine.data.sync.timeout = 10s (default)
2019-09-25 05:51:12,716 [pool-673-thread-1] INFO  server.RaftServerConfigKeys (ConfUtils.java:logGet(43)) - raft.server.log.statemachine.data.sync.timeout.retry = -1 (default)
2019-09-25 05:51:12,717 [pool-673-thread-1] INFO  server.RaftServerConfigKeys (ConfUtils.java:logGet(43)) - raft.server.log.statemachine.data.caching.enabled = true (custom)
2019-09-25 05:51:12,717 [pool-673-thread-1] INFO  segmented.SegmentedRaftLogWorker (SegmentedRaftLogWorker.java:lambda$new$0(132)) - 1705b612-ae52-4202-ba1e-b52c03c1d4d6@group-991B57B9AE54-SegmentedRaftLogWorker: flushIndex: setUnconditionally 0 -> -1
2019-09-25 05:51:12,717 [pool-673-thread-1] INFO  server.RaftServerConfigKeys (ConfUtils.java:logGet(43)) - raft.server.snapshot.auto.trigger.enabled = true (custom)
2019-09-25 05:51:12,717 [pool-673-thread-1] INFO  server.RaftServerConfigKeys (ConfUtils.java:logGet(43)) - raft.server.snapshot.auto.trigger.threshold = 10000 (custom)
2019-09-25 05:51:12,717 [pool-673-thread-1] INFO  server.RaftServerConfigKeys (ConfUtils.java:logGet(43)) - raft.server.snapshot.retention.num.files = 5 (custom)
2019-09-25 05:51:12,717 [pool-673-thread-1] INFO  server.RaftServerConfigKeys (ConfUtils.java:logGet(43)) - raft.server.retrycache.expirytime = 600000ms (custom)
2019-09-25 05:51:12,719 [pool-673-thread-1] INFO  impl.RaftServerImpl (RaftServerImpl.java:start(185)) - 1705b612-ae52-4202-ba1e-b52c03c1d4d6@group-991B57B9AE54: start as a follower, conf=-1: [1705b612-ae52-4202-ba1e-b52c03c1d4d6:192.168.30.10:40355], old=null
2019-09-25 05:51:12,719 [pool-673-thread-1] INFO  impl.RaftServerImpl (RaftServerImpl.java:setRole(174)) - 1705b612-ae52-4202-ba1e-b52c03c1d4d6@group-991B57B9AE54: changes role from      null to FOLLOWER at term 0 for startAsFollower
2019-09-25 05:51:12,719 [pool-673-thread-1] INFO  impl.RoleInfo (RoleInfo.java:updateAndGet(143)) - 1705b612-ae52-4202-ba1e-b52c03c1d4d6: start FollowerState
2019-09-25 05:51:12,719 [pool-673-thread-1] INFO  util.JmxRegister (JmxRegister.java:tryRegister(44)) - Successfully registered JMX Bean with object name Ratis:service=RaftServer,group=group-991B57B9AE54,id=1705b612-ae52-4202-ba1e-b52c03c1d4d6
2019-09-25 05:51:12,721 [RatisPipelineUtilsThread] INFO  pipeline.PipelineStateManager (PipelineStateManager.java:addPipeline(56)) - Created pipeline Pipeline[ Id: 5884be72-cfc7-425b-aa13-991b57b9ae54, Nodes: 1705b612-ae52-4202-ba1e-b52c03c1d4d6{ip: 192.168.30.10, host: pr-hdds-1569-s62bp-3040748787, networkLocation: /default-rack, certSerialId: null}, Type:RATIS, Factor:ONE, State:OPEN]
2019-09-25 05:51:12,723 [grpc-default-executor-0] INFO  impl.RaftServerProxy (RaftServerProxy.java:addNew(89)) - 1705b612-ae52-4202-ba1e-b52c03c1d4d6: addNew group-9C9D2367692B:[1705b612-ae52-4202-ba1e-b52c03c1d4d6:192.168.30.10:40355] returns group-9C9D2367692B:java.util.concurrent.CompletableFuture@65c156c3[Not completed]
2019-09-25 05:51:12,724 [pool-673-thread-1] INFO  impl.RaftServerImpl (RaftServerImpl.java:<init>(95)) - 1705b612-ae52-4202-ba1e-b52c03c1d4d6: new RaftServerImpl for group-9C9D2367692B:[1705b612-ae52-4202-ba1e-b52c03c1d4d6:192.168.30.10:40355] with ContainerStateMachine:uninitialized
2019-09-25 05:51:12,724 [pool-673-thread-1] INFO  server.RaftServerConfigKeys (ConfUtils.java:logGet(43)) - raft.server.rpc.timeout.min = 5s (custom)
2019-09-25 05:51:12,724 [pool-673-thread-1] INFO  server.RaftServerConfigKeys (ConfUtils.java:logGet(43)) - raft.server.rpc.timeout.max = 5200ms (custom)
2019-09-25 05:51:12,724 [pool-673-thread-1] INFO  server.RaftServerConfigKeys (ConfUtils.java:logGet(43)) - raft.server.rpcslowness.timeout = 120s (custom)
2019-09-25 05:51:12,724 [pool-673-thread-1] INFO  server.RaftServerConfigKeys (ConfUtils.java:logGet(43)) - raft.server.sleep.deviation.threshold = 300 (default)
2019-09-25 05:51:12,724 [pool-673-thread-1] INFO  server.RaftServerConfigKeys (ConfUtils.java:logGet(43)) - raft.server.log.appender.install.snapshot.enabled = false (custom)
2019-09-25 05:51:12,725 [pool-673-thread-1] INFO  impl.RaftServerImpl (ServerState.java:<init>(103)) - 1705b612-ae52-4202-ba1e-b52c03c1d4d6@group-9C9D2367692B: ConfigurationManager, init=-1: [1705b612-ae52-4202-ba1e-b52c03c1d4d6:192.168.30.10:40355], old=null, confs=<EMPTY_MAP>
2019-09-25 05:51:12,725 [pool-673-thread-1] INFO  server.RaftServerConfigKeys (ConfUtils.java:logGet(43)) - raft.server.storage.dir = [/workdir/hadoop-ozone/integration-test/target/test-dir/MiniOzoneClusterImpl-6389a31f-e1b2-4948-a777-3ab81d592f44/datanode-0/data/ratis] (custom)
2019-09-25 05:51:12,725 [pool-673-thread-1] INFO  storage.RaftStorageDirectory (RaftStorageDirectory.java:analyzeStorage(246)) - The storage directory /workdir/hadoop-ozone/integration-test/target/test-dir/MiniOzoneClusterImpl-6389a31f-e1b2-4948-a777-3ab81d592f44/datanode-0/data/ratis/83c5a18d-9792-49e5-b245-9c9d2367692b does not exist. Creating ...
2019-09-25 05:51:12,726 [IPC Server handler 1 on 36663] INFO  net.NetworkTopology (NetworkTopologyImpl.java:add(111)) - Added a new node: /default-rack/7329b839-2890-4139-beee-2b486d1f212d
2019-09-25 05:51:12,726 [IPC Server handler 1 on 36663] INFO  node.SCMNodeManager (SCMNodeManager.java:register(266)) - Registered Data node : 7329b839-2890-4139-beee-2b486d1f212d{ip: 192.168.30.10, host: pr-hdds-1569-s62bp-3040748787, networkLocation: /default-rack, certSerialId: null}
2019-09-25 05:51:12,737 [pool-673-thread-1] INFO  storage.RaftStorageDirectory (RaftStorageDirectory.java:tryLock(328)) - Lock on /workdir/hadoop-ozone/integration-test/target/test-dir/MiniOzoneClusterImpl-6389a31f-e1b2-4948-a777-3ab81d592f44/datanode-0/data/ratis/83c5a18d-9792-49e5-b245-9c9d2367692b/in_use.lock acquired by nodename 13539@pr-hdds-1569-s62bp-3040748787
2019-09-25 05:51:12,768 [pool-673-thread-1] INFO  storage.RaftStorage (RaftStorage.java:format(72)) - Storage directory /workdir/hadoop-ozone/integration-test/target/test-dir/MiniOzoneClusterImpl-6389a31f-e1b2-4948-a777-3ab81d592f44/datanode-0/data/ratis/83c5a18d-9792-49e5-b245-9c9d2367692b has been successfully formatted.
2019-09-25 05:51:12,768 [pool-673-thread-1] INFO  ratis.ContainerStateMachine (ContainerStateMachine.java:loadSnapshot(230)) - group-9C9D2367692B: The snapshot info is null. Setting the last applied indexto:(t:0, i:~)
2019-09-25 05:51:12,768 [pool-673-thread-1] INFO  server.RaftServerConfigKeys (ConfUtils.java:logGet(43)) - raft.server.notification.no-leader.timeout = 120s (custom)
2019-09-25 05:51:12,768 [pool-673-thread-1] INFO  server.RaftServerConfigKeys (ConfUtils.java:logGet(43)) - raft.server.log.use.memory = false (default)
2019-09-25 05:51:12,768 [pool-673-thread-1] INFO  server.RaftServerConfigKeys (ConfUtils.java:logGet(43)) - raft.server.log.purge.gap = 1000000 (custom)
2019-09-25 05:51:12,768 [pool-673-thread-1] INFO  server.RaftServerConfigKeys (ConfUtils.java:logGet(43)) - raft.server.log.appender.buffer.byte-limit = 33554432 (custom)
2019-09-25 05:51:12,768 [pool-673-thread-1] INFO  server.RaftServerConfigKeys (ConfUtils.java:logGet(43)) - raft.server.log.segment.size.max = 1048576 (custom)
2019-09-25 05:51:12,769 [pool-673-thread-1] INFO  server.RaftServerConfigKeys (ConfUtils.java:logGet(43)) - raft.server.log.segment.cache.num.max = 2 (custom)
2019-09-25 05:51:12,769 [pool-673-thread-1] INFO  segmented.SegmentedRaftLogWorker (SegmentedRaftLogWorker.java:<init>(172)) - new 1705b612-ae52-4202-ba1e-b52c03c1d4d6@group-9C9D2367692B-SegmentedRaftLogWorker for RaftStorage:Storage Directory /workdir/hadoop-ozone/integration-test/target/test-dir/MiniOzoneClusterImpl-6389a31f-e1b2-4948-a777-3ab81d592f44/datanode-0/data/ratis/83c5a18d-9792-49e5-b245-9c9d2367692b
2019-09-25 05:51:12,769 [pool-673-thread-1] INFO  server.RaftServerConfigKeys (ConfUtils.java:logGet(43)) - raft.server.log.queue.byte-limit = 2147483647 (custom)
2019-09-25 05:51:12,769 [pool-673-thread-1] INFO  server.RaftServerConfigKeys (ConfUtils.java:logGet(43)) - raft.server.log.queue.element-limit = 1024 (custom)
2019-09-25 05:51:12,769 [pool-673-thread-1] INFO  server.RaftServerConfigKeys (ConfUtils.java:logGet(43)) - raft.server.log.segment.size.max = 1048576 (custom)
2019-09-25 05:51:12,769 [pool-673-thread-1] INFO  server.RaftServerConfigKeys (ConfUtils.java:logGet(43)) - raft.server.log.preallocated.size = 16384 (custom)
2019-09-25 05:51:12,769 [pool-673-thread-1] INFO  server.RaftServerConfigKeys (ConfUtils.java:logGet(43)) - raft.server.log.write.buffer.size = 33554432 (custom)
2019-09-25 05:51:12,770 [pool-673-thread-1] INFO  server.RaftServerConfigKeys (ConfUtils.java:logGet(43)) - raft.server.log.force.sync.num = 128 (default)
2019-09-25 05:51:12,770 [pool-673-thread-1] INFO  server.RaftServerConfigKeys (ConfUtils.java:logGet(43)) - raft.server.log.statemachine.data.sync = true (default)
2019-09-25 05:51:12,770 [pool-673-thread-1] INFO  server.RaftServerConfigKeys (ConfUtils.java:logGet(43)) - raft.server.log.statemachine.data.sync.timeout = 10s (default)
2019-09-25 05:51:12,770 [pool-673-thread-1] INFO  server.RaftServerConfigKeys (ConfUtils.java:logGet(43)) - raft.server.log.statemachine.data.sync.timeout.retry = -1 (default)
2019-09-25 05:51:12,770 [pool-673-thread-1] INFO  server.RaftServerConfigKeys (ConfUtils.java:logGet(43)) - raft.server.log.statemachine.data.caching.enabled = true (custom)
2019-09-25 05:51:12,770 [pool-673-thread-1] INFO  segmented.SegmentedRaftLogWorker (SegmentedRaftLogWorker.java:lambda$new$0(132)) - 1705b612-ae52-4202-ba1e-b52c03c1d4d6@group-9C9D2367692B-SegmentedRaftLogWorker: flushIndex: setUnconditionally 0 -> -1
2019-09-25 05:51:12,771 [pool-673-thread-1] INFO  server.RaftServerConfigKeys (ConfUtils.java:logGet(43)) - raft.server.snapshot.auto.trigger.enabled = true (custom)
2019-09-25 05:51:12,771 [pool-673-thread-1] INFO  server.RaftServerConfigKeys (ConfUtils.java:logGet(43)) - raft.server.snapshot.auto.trigger.threshold = 10000 (custom)
2019-09-25 05:51:12,771 [pool-673-thread-1] INFO  server.RaftServerConfigKeys (ConfUtils.java:logGet(43)) - raft.server.snapshot.retention.num.files = 5 (custom)
2019-09-25 05:51:12,771 [pool-673-thread-1] INFO  server.RaftServerConfigKeys (ConfUtils.java:logGet(43)) - raft.server.retrycache.expirytime = 600000ms (custom)
2019-09-25 05:51:12,773 [pool-673-thread-1] INFO  impl.RaftServerImpl (RaftServerImpl.java:start(185)) - 1705b612-ae52-4202-ba1e-b52c03c1d4d6@group-9C9D2367692B: start as a follower, conf=-1: [1705b612-ae52-4202-ba1e-b52c03c1d4d6:192.168.30.10:40355], old=null
2019-09-25 05:51:12,773 [pool-673-thread-1] INFO  impl.RaftServerImpl (RaftServerImpl.java:setRole(174)) - 1705b612-ae52-4202-ba1e-b52c03c1d4d6@group-9C9D2367692B: changes role from      null to FOLLOWER at term 0 for startAsFollower
2019-09-25 05:51:12,773 [pool-673-thread-1] INFO  impl.RoleInfo (RoleInfo.java:updateAndGet(143)) - 1705b612-ae52-4202-ba1e-b52c03c1d4d6: start FollowerState
2019-09-25 05:51:12,773 [pool-673-thread-1] INFO  util.JmxRegister (JmxRegister.java:tryRegister(44)) - Successfully registered JMX Bean with object name Ratis:service=RaftServer,group=group-9C9D2367692B,id=1705b612-ae52-4202-ba1e-b52c03c1d4d6
2019-09-25 05:51:12,774 [RatisPipelineUtilsThread] INFO  pipeline.PipelineStateManager (PipelineStateManager.java:addPipeline(56)) - Created pipeline Pipeline[ Id: 83c5a18d-9792-49e5-b245-9c9d2367692b, Nodes: 1705b612-ae52-4202-ba1e-b52c03c1d4d6{ip: 192.168.30.10, host: pr-hdds-1569-s62bp-3040748787, networkLocation: /default-rack, certSerialId: null}, Type:RATIS, Factor:ONE, State:OPEN]
2019-09-25 05:51:12,777 [grpc-default-executor-0] INFO  impl.RaftServerProxy (RaftServerProxy.java:addNew(89)) - aa12bdd9-b98d-4e1b-b7bd-0fb99805d214: addNew group-F00416FEA6EE:[aa12bdd9-b98d-4e1b-b7bd-0fb99805d214:192.168.30.10:37397] returns group-F00416FEA6EE:java.util.concurrent.CompletableFuture@3ca85f92[Not completed]
2019-09-25 05:51:12,778 [pool-683-thread-1] INFO  impl.RaftServerImpl (RaftServerImpl.java:<init>(95)) - aa12bdd9-b98d-4e1b-b7bd-0fb99805d214: new RaftServerImpl for group-F00416FEA6EE:[aa12bdd9-b98d-4e1b-b7bd-0fb99805d214:192.168.30.10:37397] with ContainerStateMachine:uninitialized
2019-09-25 05:51:12,778 [pool-683-thread-1] INFO  server.RaftServerConfigKeys (ConfUtils.java:logGet(43)) - raft.server.rpc.timeout.min = 5s (custom)
2019-09-25 05:51:12,778 [pool-683-thread-1] INFO  server.RaftServerConfigKeys (ConfUtils.java:logGet(43)) - raft.server.rpc.timeout.max = 5200ms (custom)
2019-09-25 05:51:12,778 [pool-683-thread-1] INFO  server.RaftServerConfigKeys (ConfUtils.java:logGet(43)) - raft.server.rpcslowness.timeout = 120s (custom)
2019-09-25 05:51:12,778 [pool-683-thread-1] INFO  server.RaftServerConfigKeys (ConfUtils.java:logGet(43)) - raft.server.sleep.deviation.threshold = 300 (default)
2019-09-25 05:51:12,778 [pool-683-thread-1] INFO  server.RaftServerConfigKeys (ConfUtils.java:logGet(43)) - raft.server.log.appender.install.snapshot.enabled = false (custom)
2019-09-25 05:51:12,778 [pool-683-thread-1] INFO  impl.RaftServerImpl (ServerState.java:<init>(103)) - aa12bdd9-b98d-4e1b-b7bd-0fb99805d214@group-F00416FEA6EE: ConfigurationManager, init=-1: [aa12bdd9-b98d-4e1b-b7bd-0fb99805d214:192.168.30.10:37397], old=null, confs=<EMPTY_MAP>
2019-09-25 05:51:12,779 [pool-683-thread-1] INFO  server.RaftServerConfigKeys (ConfUtils.java:logGet(43)) - raft.server.storage.dir = [/workdir/hadoop-ozone/integration-test/target/test-dir/MiniOzoneClusterImpl-6389a31f-e1b2-4948-a777-3ab81d592f44/datanode-1/data/ratis] (custom)
2019-09-25 05:51:12,779 [pool-683-thread-1] INFO  storage.RaftStorageDirectory (RaftStorageDirectory.java:analyzeStorage(246)) - The storage directory /workdir/hadoop-ozone/integration-test/target/test-dir/MiniOzoneClusterImpl-6389a31f-e1b2-4948-a777-3ab81d592f44/datanode-1/data/ratis/3dfa80ff-259f-4e33-936c-f00416fea6ee does not exist. Creating ...
2019-09-25 05:51:12,792 [pool-683-thread-1] INFO  storage.RaftStorageDirectory (RaftStorageDirectory.java:tryLock(328)) - Lock on /workdir/hadoop-ozone/integration-test/target/test-dir/MiniOzoneClusterImpl-6389a31f-e1b2-4948-a777-3ab81d592f44/datanode-1/data/ratis/3dfa80ff-259f-4e33-936c-f00416fea6ee/in_use.lock acquired by nodename 13539@pr-hdds-1569-s62bp-3040748787
2019-09-25 05:51:12,804 [pool-683-thread-1] INFO  storage.RaftStorage (RaftStorage.java:format(72)) - Storage directory /workdir/hadoop-ozone/integration-test/target/test-dir/MiniOzoneClusterImpl-6389a31f-e1b2-4948-a777-3ab81d592f44/datanode-1/data/ratis/3dfa80ff-259f-4e33-936c-f00416fea6ee has been successfully formatted.
2019-09-25 05:51:12,804 [pool-683-thread-1] INFO  ratis.ContainerStateMachine (ContainerStateMachine.java:loadSnapshot(230)) - group-F00416FEA6EE: The snapshot info is null. Setting the last applied indexto:(t:0, i:~)
2019-09-25 05:51:12,804 [pool-683-thread-1] INFO  server.RaftServerConfigKeys (ConfUtils.java:logGet(43)) - raft.server.notification.no-leader.timeout = 120s (custom)
2019-09-25 05:51:12,804 [pool-683-thread-1] INFO  server.RaftServerConfigKeys (ConfUtils.java:logGet(43)) - raft.server.log.use.memory = false (default)
2019-09-25 05:51:12,804 [pool-683-thread-1] INFO  server.RaftServerConfigKeys (ConfUtils.java:logGet(43)) - raft.server.log.purge.gap = 1000000 (custom)
2019-09-25 05:51:12,804 [pool-683-thread-1] INFO  server.RaftServerConfigKeys (ConfUtils.java:logGet(43)) - raft.server.log.appender.buffer.byte-limit = 33554432 (custom)
2019-09-25 05:51:12,805 [pool-683-thread-1] INFO  server.RaftServerConfigKeys (ConfUtils.java:logGet(43)) - raft.server.log.segment.size.max = 1048576 (custom)
2019-09-25 05:51:12,805 [pool-683-thread-1] INFO  server.RaftServerConfigKeys (ConfUtils.java:logGet(43)) - raft.server.log.segment.cache.num.max = 2 (custom)
2019-09-25 05:51:12,805 [pool-683-thread-1] INFO  segmented.SegmentedRaftLogWorker (SegmentedRaftLogWorker.java:<init>(172)) - new aa12bdd9-b98d-4e1b-b7bd-0fb99805d214@group-F00416FEA6EE-SegmentedRaftLogWorker for RaftStorage:Storage Directory /workdir/hadoop-ozone/integration-test/target/test-dir/MiniOzoneClusterImpl-6389a31f-e1b2-4948-a777-3ab81d592f44/datanode-1/data/ratis/3dfa80ff-259f-4e33-936c-f00416fea6ee
2019-09-25 05:51:12,805 [pool-683-thread-1] INFO  server.RaftServerConfigKeys (ConfUtils.java:logGet(43)) - raft.server.log.queue.byte-limit = 2147483647 (custom)
2019-09-25 05:51:12,805 [pool-683-thread-1] INFO  server.RaftServerConfigKeys (ConfUtils.java:logGet(43)) - raft.server.log.queue.element-limit = 1024 (custom)
2019-09-25 05:51:12,805 [pool-683-thread-1] INFO  server.RaftServerConfigKeys (ConfUtils.java:logGet(43)) - raft.server.log.segment.size.max = 1048576 (custom)
2019-09-25 05:51:12,805 [pool-683-thread-1] INFO  server.RaftServerConfigKeys (ConfUtils.java:logGet(43)) - raft.server.log.preallocated.size = 16384 (custom)
2019-09-25 05:51:12,805 [pool-683-thread-1] INFO  server.RaftServerConfigKeys (ConfUtils.java:logGet(43)) - raft.server.log.write.buffer.size = 33554432 (custom)
2019-09-25 05:51:12,805 [pool-683-thread-1] INFO  server.RaftServerConfigKeys (ConfUtils.java:logGet(43)) - raft.server.log.force.sync.num = 128 (default)
2019-09-25 05:51:12,806 [pool-683-thread-1] INFO  server.RaftServerConfigKeys (ConfUtils.java:logGet(43)) - raft.server.log.statemachine.data.sync = true (default)
2019-09-25 05:51:12,806 [pool-683-thread-1] INFO  server.RaftServerConfigKeys (ConfUtils.java:logGet(43)) - raft.server.log.statemachine.data.sync.timeout = 10s (default)
2019-09-25 05:51:12,806 [pool-683-thread-1] INFO  server.RaftServerConfigKeys (ConfUtils.java:logGet(43)) - raft.server.log.statemachine.data.sync.timeout.retry = -1 (default)
2019-09-25 05:51:12,806 [pool-683-thread-1] INFO  server.RaftServerConfigKeys (ConfUtils.java:logGet(43)) - raft.server.log.statemachine.data.caching.enabled = true (custom)
2019-09-25 05:51:12,806 [pool-683-thread-1] INFO  segmented.SegmentedRaftLogWorker (SegmentedRaftLogWorker.java:lambda$new$0(132)) - aa12bdd9-b98d-4e1b-b7bd-0fb99805d214@group-F00416FEA6EE-SegmentedRaftLogWorker: flushIndex: setUnconditionally 0 -> -1
2019-09-25 05:51:12,806 [pool-683-thread-1] INFO  server.RaftServerConfigKeys (ConfUtils.java:logGet(43)) - raft.server.snapshot.auto.trigger.enabled = true (custom)
2019-09-25 05:51:12,806 [pool-683-thread-1] INFO  server.RaftServerConfigKeys (ConfUtils.java:logGet(43)) - raft.server.snapshot.auto.trigger.threshold = 10000 (custom)
2019-09-25 05:51:12,807 [pool-683-thread-1] INFO  server.RaftServerConfigKeys (ConfUtils.java:logGet(43)) - raft.server.snapshot.retention.num.files = 5 (custom)
2019-09-25 05:51:12,807 [pool-683-thread-1] INFO  server.RaftServerConfigKeys (ConfUtils.java:logGet(43)) - raft.server.retrycache.expirytime = 600000ms (custom)
2019-09-25 05:51:12,808 [pool-683-thread-1] INFO  impl.RaftServerImpl (RaftServerImpl.java:start(185)) - aa12bdd9-b98d-4e1b-b7bd-0fb99805d214@group-F00416FEA6EE: start as a follower, conf=-1: [aa12bdd9-b98d-4e1b-b7bd-0fb99805d214:192.168.30.10:37397], old=null
2019-09-25 05:51:12,808 [pool-683-thread-1] INFO  impl.RaftServerImpl (RaftServerImpl.java:setRole(174)) - aa12bdd9-b98d-4e1b-b7bd-0fb99805d214@group-F00416FEA6EE: changes role from      null to FOLLOWER at term 0 for startAsFollower
2019-09-25 05:51:12,808 [pool-683-thread-1] INFO  impl.RoleInfo (RoleInfo.java:updateAndGet(143)) - aa12bdd9-b98d-4e1b-b7bd-0fb99805d214: start FollowerState
2019-09-25 05:51:12,808 [pool-683-thread-1] INFO  util.JmxRegister (JmxRegister.java:tryRegister(44)) - Successfully registered JMX Bean with object name Ratis:service=RaftServer,group=group-F00416FEA6EE,id=aa12bdd9-b98d-4e1b-b7bd-0fb99805d214
2019-09-25 05:51:12,810 [RatisPipelineUtilsThread] INFO  pipeline.PipelineStateManager (PipelineStateManager.java:addPipeline(56)) - Created pipeline Pipeline[ Id: 3dfa80ff-259f-4e33-936c-f00416fea6ee, Nodes: aa12bdd9-b98d-4e1b-b7bd-0fb99805d214{ip: 192.168.30.10, host: pr-hdds-1569-s62bp-3040748787, networkLocation: /default-rack, certSerialId: null}, Type:RATIS, Factor:ONE, State:OPEN]
2019-09-25 05:51:12,810 [IPC Server handler 2 on 36663] INFO  net.NetworkTopology (NetworkTopologyImpl.java:add(111)) - Added a new node: /default-rack/f6b408ab-d2bf-4cc7-9b61-adae7633a687
2019-09-25 05:51:12,811 [IPC Server handler 2 on 36663] INFO  node.SCMNodeManager (SCMNodeManager.java:register(266)) - Registered Data node : f6b408ab-d2bf-4cc7-9b61-adae7633a687{ip: 192.168.30.10, host: pr-hdds-1569-s62bp-3040748787, networkLocation: /default-rack, certSerialId: null}
2019-09-25 05:51:12,812 [grpc-default-executor-0] INFO  impl.RaftServerProxy (RaftServerProxy.java:addNew(89)) - aa12bdd9-b98d-4e1b-b7bd-0fb99805d214: addNew group-4FDFFC759819:[aa12bdd9-b98d-4e1b-b7bd-0fb99805d214:192.168.30.10:37397] returns group-4FDFFC759819:java.util.concurrent.CompletableFuture@1b70f6df[Not completed]
2019-09-25 05:51:12,813 [pool-683-thread-1] INFO  impl.RaftServerImpl (RaftServerImpl.java:<init>(95)) - aa12bdd9-b98d-4e1b-b7bd-0fb99805d214: new RaftServerImpl for group-4FDFFC759819:[aa12bdd9-b98d-4e1b-b7bd-0fb99805d214:192.168.30.10:37397] with ContainerStateMachine:uninitialized
2019-09-25 05:51:12,813 [pool-683-thread-1] INFO  server.RaftServerConfigKeys (ConfUtils.java:logGet(43)) - raft.server.rpc.timeout.min = 5s (custom)
2019-09-25 05:51:12,813 [pool-683-thread-1] INFO  server.RaftServerConfigKeys (ConfUtils.java:logGet(43)) - raft.server.rpc.timeout.max = 5200ms (custom)
2019-09-25 05:51:12,813 [pool-683-thread-1] INFO  server.RaftServerConfigKeys (ConfUtils.java:logGet(43)) - raft.server.rpcslowness.timeout = 120s (custom)
2019-09-25 05:51:12,813 [pool-683-thread-1] INFO  server.RaftServerConfigKeys (ConfUtils.java:logGet(43)) - raft.server.sleep.deviation.threshold = 300 (default)
2019-09-25 05:51:12,813 [pool-683-thread-1] INFO  server.RaftServerConfigKeys (ConfUtils.java:logGet(43)) - raft.server.log.appender.install.snapshot.enabled = false (custom)
2019-09-25 05:51:12,813 [pool-683-thread-1] INFO  impl.RaftServerImpl (ServerState.java:<init>(103)) - aa12bdd9-b98d-4e1b-b7bd-0fb99805d214@group-4FDFFC759819: ConfigurationManager, init=-1: [aa12bdd9-b98d-4e1b-b7bd-0fb99805d214:192.168.30.10:37397], old=null, confs=<EMPTY_MAP>
2019-09-25 05:51:12,813 [pool-683-thread-1] INFO  server.RaftServerConfigKeys (ConfUtils.java:logGet(43)) - raft.server.storage.dir = [/workdir/hadoop-ozone/integration-test/target/test-dir/MiniOzoneClusterImpl-6389a31f-e1b2-4948-a777-3ab81d592f44/datanode-1/data/ratis] (custom)
2019-09-25 05:51:12,814 [pool-683-thread-1] INFO  storage.RaftStorageDirectory (RaftStorageDirectory.java:analyzeStorage(246)) - The storage directory /workdir/hadoop-ozone/integration-test/target/test-dir/MiniOzoneClusterImpl-6389a31f-e1b2-4948-a777-3ab81d592f44/datanode-1/data/ratis/bc8545b4-9b5c-4b06-932a-4fdffc759819 does not exist. Creating ...
2019-09-25 05:51:12,826 [pool-683-thread-1] INFO  storage.RaftStorageDirectory (RaftStorageDirectory.java:tryLock(328)) - Lock on /workdir/hadoop-ozone/integration-test/target/test-dir/MiniOzoneClusterImpl-6389a31f-e1b2-4948-a777-3ab81d592f44/datanode-1/data/ratis/bc8545b4-9b5c-4b06-932a-4fdffc759819/in_use.lock acquired by nodename 13539@pr-hdds-1569-s62bp-3040748787
2019-09-25 05:51:12,839 [pool-683-thread-1] INFO  storage.RaftStorage (RaftStorage.java:format(72)) - Storage directory /workdir/hadoop-ozone/integration-test/target/test-dir/MiniOzoneClusterImpl-6389a31f-e1b2-4948-a777-3ab81d592f44/datanode-1/data/ratis/bc8545b4-9b5c-4b06-932a-4fdffc759819 has been successfully formatted.
2019-09-25 05:51:12,839 [pool-683-thread-1] INFO  ratis.ContainerStateMachine (ContainerStateMachine.java:loadSnapshot(230)) - group-4FDFFC759819: The snapshot info is null. Setting the last applied indexto:(t:0, i:~)
2019-09-25 05:51:12,839 [pool-683-thread-1] INFO  server.RaftServerConfigKeys (ConfUtils.java:logGet(43)) - raft.server.notification.no-leader.timeout = 120s (custom)
2019-09-25 05:51:12,839 [pool-683-thread-1] INFO  server.RaftServerConfigKeys (ConfUtils.java:logGet(43)) - raft.server.log.use.memory = false (default)
2019-09-25 05:51:12,839 [pool-683-thread-1] INFO  server.RaftServerConfigKeys (ConfUtils.java:logGet(43)) - raft.server.log.purge.gap = 1000000 (custom)
2019-09-25 05:51:12,840 [pool-683-thread-1] INFO  server.RaftServerConfigKeys (ConfUtils.java:logGet(43)) - raft.server.log.appender.buffer.byte-limit = 33554432 (custom)
2019-09-25 05:51:12,840 [pool-683-thread-1] INFO  server.RaftServerConfigKeys (ConfUtils.java:logGet(43)) - raft.server.log.segment.size.max = 1048576 (custom)
2019-09-25 05:51:12,840 [pool-683-thread-1] INFO  server.RaftServerConfigKeys (ConfUtils.java:logGet(43)) - raft.server.log.segment.cache.num.max = 2 (custom)
2019-09-25 05:51:12,840 [pool-683-thread-1] INFO  segmented.SegmentedRaftLogWorker (SegmentedRaftLogWorker.java:<init>(172)) - new aa12bdd9-b98d-4e1b-b7bd-0fb99805d214@group-4FDFFC759819-SegmentedRaftLogWorker for RaftStorage:Storage Directory /workdir/hadoop-ozone/integration-test/target/test-dir/MiniOzoneClusterImpl-6389a31f-e1b2-4948-a777-3ab81d592f44/datanode-1/data/ratis/bc8545b4-9b5c-4b06-932a-4fdffc759819
2019-09-25 05:51:12,840 [pool-683-thread-1] INFO  server.RaftServerConfigKeys (ConfUtils.java:logGet(43)) - raft.server.log.queue.byte-limit = 2147483647 (custom)
2019-09-25 05:51:12,840 [pool-683-thread-1] INFO  server.RaftServerConfigKeys (ConfUtils.java:logGet(43)) - raft.server.log.queue.element-limit = 1024 (custom)
2019-09-25 05:51:12,840 [pool-683-thread-1] INFO  server.RaftServerConfigKeys (ConfUtils.java:logGet(43)) - raft.server.log.segment.size.max = 1048576 (custom)
2019-09-25 05:51:12,840 [pool-683-thread-1] INFO  server.RaftServerConfigKeys (ConfUtils.java:logGet(43)) - raft.server.log.preallocated.size = 16384 (custom)
2019-09-25 05:51:12,840 [pool-683-thread-1] INFO  server.RaftServerConfigKeys (ConfUtils.java:logGet(43)) - raft.server.log.write.buffer.size = 33554432 (custom)
2019-09-25 05:51:12,840 [pool-683-thread-1] INFO  server.RaftServerConfigKeys (ConfUtils.java:logGet(43)) - raft.server.log.force.sync.num = 128 (default)
2019-09-25 05:51:12,841 [pool-683-thread-1] INFO  server.RaftServerConfigKeys (ConfUtils.java:logGet(43)) - raft.server.log.statemachine.data.sync = true (default)
2019-09-25 05:51:12,841 [pool-683-thread-1] INFO  server.RaftServerConfigKeys (ConfUtils.java:logGet(43)) - raft.server.log.statemachine.data.sync.timeout = 10s (default)
2019-09-25 05:51:12,841 [pool-683-thread-1] INFO  server.RaftServerConfigKeys (ConfUtils.java:logGet(43)) - raft.server.log.statemachine.data.sync.timeout.retry = -1 (default)
2019-09-25 05:51:12,841 [pool-683-thread-1] INFO  server.RaftServerConfigKeys (ConfUtils.java:logGet(43)) - raft.server.log.statemachine.data.caching.enabled = true (custom)
2019-09-25 05:51:12,841 [pool-683-thread-1] INFO  segmented.SegmentedRaftLogWorker (SegmentedRaftLogWorker.java:lambda$new$0(132)) - aa12bdd9-b98d-4e1b-b7bd-0fb99805d214@group-4FDFFC759819-SegmentedRaftLogWorker: flushIndex: setUnconditionally 0 -> -1
2019-09-25 05:51:12,841 [pool-683-thread-1] INFO  server.RaftServerConfigKeys (ConfUtils.java:logGet(43)) - raft.server.snapshot.auto.trigger.enabled = true (custom)
2019-09-25 05:51:12,841 [pool-683-thread-1] INFO  server.RaftServerConfigKeys (ConfUtils.java:logGet(43)) - raft.server.snapshot.auto.trigger.threshold = 10000 (custom)
2019-09-25 05:51:12,841 [pool-683-thread-1] INFO  server.RaftServerConfigKeys (ConfUtils.java:logGet(43)) - raft.server.snapshot.retention.num.files = 5 (custom)
2019-09-25 05:51:12,842 [pool-683-thread-1] INFO  server.RaftServerConfigKeys (ConfUtils.java:logGet(43)) - raft.server.retrycache.expirytime = 600000ms (custom)
2019-09-25 05:51:12,843 [pool-683-thread-1] INFO  impl.RaftServerImpl (RaftServerImpl.java:start(185)) - aa12bdd9-b98d-4e1b-b7bd-0fb99805d214@group-4FDFFC759819: start as a follower, conf=-1: [aa12bdd9-b98d-4e1b-b7bd-0fb99805d214:192.168.30.10:37397], old=null
2019-09-25 05:51:12,843 [pool-683-thread-1] INFO  impl.RaftServerImpl (RaftServerImpl.java:setRole(174)) - aa12bdd9-b98d-4e1b-b7bd-0fb99805d214@group-4FDFFC759819: changes role from      null to FOLLOWER at term 0 for startAsFollower
2019-09-25 05:51:12,843 [pool-683-thread-1] INFO  impl.RoleInfo (RoleInfo.java:updateAndGet(143)) - aa12bdd9-b98d-4e1b-b7bd-0fb99805d214: start FollowerState
2019-09-25 05:51:12,843 [pool-683-thread-1] INFO  util.JmxRegister (JmxRegister.java:tryRegister(44)) - Successfully registered JMX Bean with object name Ratis:service=RaftServer,group=group-4FDFFC759819,id=aa12bdd9-b98d-4e1b-b7bd-0fb99805d214
2019-09-25 05:51:12,844 [RatisPipelineUtilsThread] INFO  pipeline.PipelineStateManager (PipelineStateManager.java:addPipeline(56)) - Created pipeline Pipeline[ Id: bc8545b4-9b5c-4b06-932a-4fdffc759819, Nodes: aa12bdd9-b98d-4e1b-b7bd-0fb99805d214{ip: 192.168.30.10, host: pr-hdds-1569-s62bp-3040748787, networkLocation: /default-rack, certSerialId: null}, Type:RATIS, Factor:ONE, State:OPEN]
2019-09-25 05:51:12,846 [grpc-default-executor-0] INFO  impl.RaftServerProxy (RaftServerProxy.java:addNew(89)) - 1705b612-ae52-4202-ba1e-b52c03c1d4d6: addNew group-1516C9AEEB34:[1705b612-ae52-4202-ba1e-b52c03c1d4d6:192.168.30.10:40355] returns group-1516C9AEEB34:java.util.concurrent.CompletableFuture@3fad5006[Not completed]
2019-09-25 05:51:12,847 [pool-673-thread-1] INFO  impl.RaftServerImpl (RaftServerImpl.java:<init>(95)) - 1705b612-ae52-4202-ba1e-b52c03c1d4d6: new RaftServerImpl for group-1516C9AEEB34:[1705b612-ae52-4202-ba1e-b52c03c1d4d6:192.168.30.10:40355] with ContainerStateMachine:uninitialized
2019-09-25 05:51:12,847 [pool-673-thread-1] INFO  server.RaftServerConfigKeys (ConfUtils.java:logGet(43)) - raft.server.rpc.timeout.min = 5s (custom)
2019-09-25 05:51:12,847 [pool-673-thread-1] INFO  server.RaftServerConfigKeys (ConfUtils.java:logGet(43)) - raft.server.rpc.timeout.max = 5200ms (custom)
2019-09-25 05:51:12,847 [pool-673-thread-1] INFO  server.RaftServerConfigKeys (ConfUtils.java:logGet(43)) - raft.server.rpcslowness.timeout = 120s (custom)
2019-09-25 05:51:12,848 [pool-673-thread-1] INFO  server.RaftServerConfigKeys (ConfUtils.java:logGet(43)) - raft.server.sleep.deviation.threshold = 300 (default)
2019-09-25 05:51:12,848 [pool-673-thread-1] INFO  server.RaftServerConfigKeys (ConfUtils.java:logGet(43)) - raft.server.log.appender.install.snapshot.enabled = false (custom)
2019-09-25 05:51:12,848 [pool-673-thread-1] INFO  impl.RaftServerImpl (ServerState.java:<init>(103)) - 1705b612-ae52-4202-ba1e-b52c03c1d4d6@group-1516C9AEEB34: ConfigurationManager, init=-1: [1705b612-ae52-4202-ba1e-b52c03c1d4d6:192.168.30.10:40355], old=null, confs=<EMPTY_MAP>
2019-09-25 05:51:12,848 [pool-673-thread-1] INFO  server.RaftServerConfigKeys (ConfUtils.java:logGet(43)) - raft.server.storage.dir = [/workdir/hadoop-ozone/integration-test/target/test-dir/MiniOzoneClusterImpl-6389a31f-e1b2-4948-a777-3ab81d592f44/datanode-0/data/ratis] (custom)
2019-09-25 05:51:12,849 [pool-673-thread-1] INFO  storage.RaftStorageDirectory (RaftStorageDirectory.java:analyzeStorage(246)) - The storage directory /workdir/hadoop-ozone/integration-test/target/test-dir/MiniOzoneClusterImpl-6389a31f-e1b2-4948-a777-3ab81d592f44/datanode-0/data/ratis/5a72d8ba-31a7-45d4-b244-1516c9aeeb34 does not exist. Creating ...
2019-09-25 05:51:12,861 [pool-673-thread-1] INFO  storage.RaftStorageDirectory (RaftStorageDirectory.java:tryLock(328)) - Lock on /workdir/hadoop-ozone/integration-test/target/test-dir/MiniOzoneClusterImpl-6389a31f-e1b2-4948-a777-3ab81d592f44/datanode-0/data/ratis/5a72d8ba-31a7-45d4-b244-1516c9aeeb34/in_use.lock acquired by nodename 13539@pr-hdds-1569-s62bp-3040748787
2019-09-25 05:51:12,875 [pool-673-thread-1] INFO  storage.RaftStorage (RaftStorage.java:format(72)) - Storage directory /workdir/hadoop-ozone/integration-test/target/test-dir/MiniOzoneClusterImpl-6389a31f-e1b2-4948-a777-3ab81d592f44/datanode-0/data/ratis/5a72d8ba-31a7-45d4-b244-1516c9aeeb34 has been successfully formatted.
2019-09-25 05:51:12,875 [pool-673-thread-1] INFO  ratis.ContainerStateMachine (ContainerStateMachine.java:loadSnapshot(230)) - group-1516C9AEEB34: The snapshot info is null. Setting the last applied indexto:(t:0, i:~)
2019-09-25 05:51:12,875 [pool-673-thread-1] INFO  server.RaftServerConfigKeys (ConfUtils.java:logGet(43)) - raft.server.notification.no-leader.timeout = 120s (custom)
2019-09-25 05:51:12,875 [pool-673-thread-1] INFO  server.RaftServerConfigKeys (ConfUtils.java:logGet(43)) - raft.server.log.use.memory = false (default)
2019-09-25 05:51:12,875 [pool-673-thread-1] INFO  server.RaftServerConfigKeys (ConfUtils.java:logGet(43)) - raft.server.log.purge.gap = 1000000 (custom)
2019-09-25 05:51:12,876 [pool-673-thread-1] INFO  server.RaftServerConfigKeys (ConfUtils.java:logGet(43)) - raft.server.log.appender.buffer.byte-limit = 33554432 (custom)
2019-09-25 05:51:12,876 [pool-673-thread-1] INFO  server.RaftServerConfigKeys (ConfUtils.java:logGet(43)) - raft.server.log.segment.size.max = 1048576 (custom)
2019-09-25 05:51:12,876 [pool-673-thread-1] INFO  server.RaftServerConfigKeys (ConfUtils.java:logGet(43)) - raft.server.log.segment.cache.num.max = 2 (custom)
2019-09-25 05:51:12,876 [pool-673-thread-1] INFO  segmented.SegmentedRaftLogWorker (SegmentedRaftLogWorker.java:<init>(172)) - new 1705b612-ae52-4202-ba1e-b52c03c1d4d6@group-1516C9AEEB34-SegmentedRaftLogWorker for RaftStorage:Storage Directory /workdir/hadoop-ozone/integration-test/target/test-dir/MiniOzoneClusterImpl-6389a31f-e1b2-4948-a777-3ab81d592f44/datanode-0/data/ratis/5a72d8ba-31a7-45d4-b244-1516c9aeeb34
2019-09-25 05:51:12,876 [pool-673-thread-1] INFO  server.RaftServerConfigKeys (ConfUtils.java:logGet(43)) - raft.server.log.queue.byte-limit = 2147483647 (custom)
2019-09-25 05:51:12,876 [pool-673-thread-1] INFO  server.RaftServerConfigKeys (ConfUtils.java:logGet(43)) - raft.server.log.queue.element-limit = 1024 (custom)
2019-09-25 05:51:12,876 [pool-673-thread-1] INFO  server.RaftServerConfigKeys (ConfUtils.java:logGet(43)) - raft.server.log.segment.size.max = 1048576 (custom)
2019-09-25 05:51:12,877 [pool-673-thread-1] INFO  server.RaftServerConfigKeys (ConfUtils.java:logGet(43)) - raft.server.log.preallocated.size = 16384 (custom)
2019-09-25 05:51:12,877 [pool-673-thread-1] INFO  server.RaftServerConfigKeys (ConfUtils.java:logGet(43)) - raft.server.log.write.buffer.size = 33554432 (custom)
2019-09-25 05:51:12,877 [pool-673-thread-1] INFO  server.RaftServerConfigKeys (ConfUtils.java:logGet(43)) - raft.server.log.force.sync.num = 128 (default)
2019-09-25 05:51:12,877 [pool-673-thread-1] INFO  server.RaftServerConfigKeys (ConfUtils.java:logGet(43)) - raft.server.log.statemachine.data.sync = true (default)
2019-09-25 05:51:12,877 [pool-673-thread-1] INFO  server.RaftServerConfigKeys (ConfUtils.java:logGet(43)) - raft.server.log.statemachine.data.sync.timeout = 10s (default)
2019-09-25 05:51:12,877 [pool-673-thread-1] INFO  server.RaftServerConfigKeys (ConfUtils.java:logGet(43)) - raft.server.log.statemachine.data.sync.timeout.retry = -1 (default)
2019-09-25 05:51:12,877 [pool-673-thread-1] INFO  server.RaftServerConfigKeys (ConfUtils.java:logGet(43)) - raft.server.log.statemachine.data.caching.enabled = true (custom)
2019-09-25 05:51:12,878 [pool-673-thread-1] INFO  segmented.SegmentedRaftLogWorker (SegmentedRaftLogWorker.java:lambda$new$0(132)) - 1705b612-ae52-4202-ba1e-b52c03c1d4d6@group-1516C9AEEB34-SegmentedRaftLogWorker: flushIndex: setUnconditionally 0 -> -1
2019-09-25 05:51:12,878 [pool-673-thread-1] INFO  server.RaftServerConfigKeys (ConfUtils.java:logGet(43)) - raft.server.snapshot.auto.trigger.enabled = true (custom)
2019-09-25 05:51:12,878 [pool-673-thread-1] INFO  server.RaftServerConfigKeys (ConfUtils.java:logGet(43)) - raft.server.snapshot.auto.trigger.threshold = 10000 (custom)
2019-09-25 05:51:12,878 [pool-673-thread-1] INFO  server.RaftServerConfigKeys (ConfUtils.java:logGet(43)) - raft.server.snapshot.retention.num.files = 5 (custom)
2019-09-25 05:51:12,878 [pool-673-thread-1] INFO  server.RaftServerConfigKeys (ConfUtils.java:logGet(43)) - raft.server.retrycache.expirytime = 600000ms (custom)
2019-09-25 05:51:12,880 [pool-673-thread-1] INFO  impl.RaftServerImpl (RaftServerImpl.java:start(185)) - 1705b612-ae52-4202-ba1e-b52c03c1d4d6@group-1516C9AEEB34: start as a follower, conf=-1: [1705b612-ae52-4202-ba1e-b52c03c1d4d6:192.168.30.10:40355], old=null
2019-09-25 05:51:12,880 [pool-673-thread-1] INFO  impl.RaftServerImpl (RaftServerImpl.java:setRole(174)) - 1705b612-ae52-4202-ba1e-b52c03c1d4d6@group-1516C9AEEB34: changes role from      null to FOLLOWER at term 0 for startAsFollower
2019-09-25 05:51:12,880 [pool-673-thread-1] INFO  impl.RoleInfo (RoleInfo.java:updateAndGet(143)) - 1705b612-ae52-4202-ba1e-b52c03c1d4d6: start FollowerState
2019-09-25 05:51:12,880 [pool-673-thread-1] INFO  util.JmxRegister (JmxRegister.java:tryRegister(44)) - Successfully registered JMX Bean with object name Ratis:service=RaftServer,group=group-1516C9AEEB34,id=1705b612-ae52-4202-ba1e-b52c03c1d4d6
2019-09-25 05:51:12,882 [RatisPipelineUtilsThread] INFO  pipeline.PipelineStateManager (PipelineStateManager.java:addPipeline(56)) - Created pipeline Pipeline[ Id: 5a72d8ba-31a7-45d4-b244-1516c9aeeb34, Nodes: 1705b612-ae52-4202-ba1e-b52c03c1d4d6{ip: 192.168.30.10, host: pr-hdds-1569-s62bp-3040748787, networkLocation: /default-rack, certSerialId: null}, Type:RATIS, Factor:ONE, State:OPEN]
2019-09-25 05:51:12,882 [RatisPipelineUtilsThread] INFO  pipeline.PipelinePlacementPolicy (PipelinePlacementPolicy.java:meetCriteria(91)) - Pipeline Placement: Doesn't meet the criteria to be viable node： 1705b612-ae52-4202-ba1e-b52c03c1d4d6 Heaviness: 6 limit: 5
2019-09-25 05:51:12,884 [grpc-default-executor-0] INFO  impl.RaftServerProxy (RaftServerProxy.java:addNew(89)) - aa12bdd9-b98d-4e1b-b7bd-0fb99805d214: addNew group-510509479A79:[aa12bdd9-b98d-4e1b-b7bd-0fb99805d214:192.168.30.10:37397] returns group-510509479A79:java.util.concurrent.CompletableFuture@112341eb[Not completed]
2019-09-25 05:51:12,884 [pool-683-thread-1] INFO  impl.RaftServerImpl (RaftServerImpl.java:<init>(95)) - aa12bdd9-b98d-4e1b-b7bd-0fb99805d214: new RaftServerImpl for group-510509479A79:[aa12bdd9-b98d-4e1b-b7bd-0fb99805d214:192.168.30.10:37397] with ContainerStateMachine:uninitialized
2019-09-25 05:51:12,884 [pool-683-thread-1] INFO  server.RaftServerConfigKeys (ConfUtils.java:logGet(43)) - raft.server.rpc.timeout.min = 5s (custom)
2019-09-25 05:51:12,884 [pool-683-thread-1] INFO  server.RaftServerConfigKeys (ConfUtils.java:logGet(43)) - raft.server.rpc.timeout.max = 5200ms (custom)
2019-09-25 05:51:12,885 [pool-683-thread-1] INFO  server.RaftServerConfigKeys (ConfUtils.java:logGet(43)) - raft.server.rpcslowness.timeout = 120s (custom)
2019-09-25 05:51:12,885 [pool-683-thread-1] INFO  server.RaftServerConfigKeys (ConfUtils.java:logGet(43)) - raft.server.sleep.deviation.threshold = 300 (default)
2019-09-25 05:51:12,885 [pool-683-thread-1] INFO  server.RaftServerConfigKeys (ConfUtils.java:logGet(43)) - raft.server.log.appender.install.snapshot.enabled = false (custom)
2019-09-25 05:51:12,885 [pool-683-thread-1] INFO  impl.RaftServerImpl (ServerState.java:<init>(103)) - aa12bdd9-b98d-4e1b-b7bd-0fb99805d214@group-510509479A79: ConfigurationManager, init=-1: [aa12bdd9-b98d-4e1b-b7bd-0fb99805d214:192.168.30.10:37397], old=null, confs=<EMPTY_MAP>
2019-09-25 05:51:12,885 [pool-683-thread-1] INFO  server.RaftServerConfigKeys (ConfUtils.java:logGet(43)) - raft.server.storage.dir = [/workdir/hadoop-ozone/integration-test/target/test-dir/MiniOzoneClusterImpl-6389a31f-e1b2-4948-a777-3ab81d592f44/datanode-1/data/ratis] (custom)
2019-09-25 05:51:12,885 [pool-683-thread-1] INFO  storage.RaftStorageDirectory (RaftStorageDirectory.java:analyzeStorage(246)) - The storage directory /workdir/hadoop-ozone/integration-test/target/test-dir/MiniOzoneClusterImpl-6389a31f-e1b2-4948-a777-3ab81d592f44/datanode-1/data/ratis/3514bcab-66cc-46a1-87bf-510509479a79 does not exist. Creating ...
2019-09-25 05:51:12,898 [pool-683-thread-1] INFO  storage.RaftStorageDirectory (RaftStorageDirectory.java:tryLock(328)) - Lock on /workdir/hadoop-ozone/integration-test/target/test-dir/MiniOzoneClusterImpl-6389a31f-e1b2-4948-a777-3ab81d592f44/datanode-1/data/ratis/3514bcab-66cc-46a1-87bf-510509479a79/in_use.lock acquired by nodename 13539@pr-hdds-1569-s62bp-3040748787
2019-09-25 05:51:12,900 [pool-683-thread-1] INFO  storage.RaftStorage (RaftStorage.java:format(72)) - Storage directory /workdir/hadoop-ozone/integration-test/target/test-dir/MiniOzoneClusterImpl-6389a31f-e1b2-4948-a777-3ab81d592f44/datanode-1/data/ratis/3514bcab-66cc-46a1-87bf-510509479a79 has been successfully formatted.
2019-09-25 05:51:12,900 [pool-683-thread-1] INFO  ratis.ContainerStateMachine (ContainerStateMachine.java:loadSnapshot(230)) - group-510509479A79: The snapshot info is null. Setting the last applied indexto:(t:0, i:~)
2019-09-25 05:51:12,900 [pool-683-thread-1] INFO  server.RaftServerConfigKeys (ConfUtils.java:logGet(43)) - raft.server.notification.no-leader.timeout = 120s (custom)
2019-09-25 05:51:12,901 [pool-683-thread-1] INFO  server.RaftServerConfigKeys (ConfUtils.java:logGet(43)) - raft.server.log.use.memory = false (default)
2019-09-25 05:51:12,901 [pool-683-thread-1] INFO  server.RaftServerConfigKeys (ConfUtils.java:logGet(43)) - raft.server.log.purge.gap = 1000000 (custom)
2019-09-25 05:51:12,901 [pool-683-thread-1] INFO  server.RaftServerConfigKeys (ConfUtils.java:logGet(43)) - raft.server.log.appender.buffer.byte-limit = 33554432 (custom)
2019-09-25 05:51:12,901 [pool-683-thread-1] INFO  server.RaftServerConfigKeys (ConfUtils.java:logGet(43)) - raft.server.log.segment.size.max = 1048576 (custom)
2019-09-25 05:51:12,901 [pool-683-thread-1] INFO  server.RaftServerConfigKeys (ConfUtils.java:logGet(43)) - raft.server.log.segment.cache.num.max = 2 (custom)
2019-09-25 05:51:12,901 [pool-683-thread-1] INFO  segmented.SegmentedRaftLogWorker (SegmentedRaftLogWorker.java:<init>(172)) - new aa12bdd9-b98d-4e1b-b7bd-0fb99805d214@group-510509479A79-SegmentedRaftLogWorker for RaftStorage:Storage Directory /workdir/hadoop-ozone/integration-test/target/test-dir/MiniOzoneClusterImpl-6389a31f-e1b2-4948-a777-3ab81d592f44/datanode-1/data/ratis/3514bcab-66cc-46a1-87bf-510509479a79
2019-09-25 05:51:12,901 [pool-683-thread-1] INFO  server.RaftServerConfigKeys (ConfUtils.java:logGet(43)) - raft.server.log.queue.byte-limit = 2147483647 (custom)
2019-09-25 05:51:12,901 [pool-683-thread-1] INFO  server.RaftServerConfigKeys (ConfUtils.java:logGet(43)) - raft.server.log.queue.element-limit = 1024 (custom)
2019-09-25 05:51:12,901 [pool-683-thread-1] INFO  server.RaftServerConfigKeys (ConfUtils.java:logGet(43)) - raft.server.log.segment.size.max = 1048576 (custom)
2019-09-25 05:51:12,901 [pool-683-thread-1] INFO  server.RaftServerConfigKeys (ConfUtils.java:logGet(43)) - raft.server.log.preallocated.size = 16384 (custom)
2019-09-25 05:51:12,901 [pool-683-thread-1] INFO  server.RaftServerConfigKeys (ConfUtils.java:logGet(43)) - raft.server.log.write.buffer.size = 33554432 (custom)
2019-09-25 05:51:12,901 [pool-683-thread-1] INFO  server.RaftServerConfigKeys (ConfUtils.java:logGet(43)) - raft.server.log.force.sync.num = 128 (default)
2019-09-25 05:51:12,902 [pool-683-thread-1] INFO  server.RaftServerConfigKeys (ConfUtils.java:logGet(43)) - raft.server.log.statemachine.data.sync = true (default)
2019-09-25 05:51:12,902 [pool-683-thread-1] INFO  server.RaftServerConfigKeys (ConfUtils.java:logGet(43)) - raft.server.log.statemachine.data.sync.timeout = 10s (default)
2019-09-25 05:51:12,902 [pool-683-thread-1] INFO  server.RaftServerConfigKeys (ConfUtils.java:logGet(43)) - raft.server.log.statemachine.data.sync.timeout.retry = -1 (default)
2019-09-25 05:51:12,902 [pool-683-thread-1] INFO  server.RaftServerConfigKeys (ConfUtils.java:logGet(43)) - raft.server.log.statemachine.data.caching.enabled = true (custom)
2019-09-25 05:51:12,902 [pool-683-thread-1] INFO  segmented.SegmentedRaftLogWorker (SegmentedRaftLogWorker.java:lambda$new$0(132)) - aa12bdd9-b98d-4e1b-b7bd-0fb99805d214@group-510509479A79-SegmentedRaftLogWorker: flushIndex: setUnconditionally 0 -> -1
2019-09-25 05:51:12,902 [pool-683-thread-1] INFO  server.RaftServerConfigKeys (ConfUtils.java:logGet(43)) - raft.server.snapshot.auto.trigger.enabled = true (custom)
2019-09-25 05:51:12,902 [pool-683-thread-1] INFO  server.RaftServerConfigKeys (ConfUtils.java:logGet(43)) - raft.server.snapshot.auto.trigger.threshold = 10000 (custom)
2019-09-25 05:51:12,902 [pool-683-thread-1] INFO  server.RaftServerConfigKeys (ConfUtils.java:logGet(43)) - raft.server.snapshot.retention.num.files = 5 (custom)
2019-09-25 05:51:12,902 [pool-683-thread-1] INFO  server.RaftServerConfigKeys (ConfUtils.java:logGet(43)) - raft.server.retrycache.expirytime = 600000ms (custom)
2019-09-25 05:51:12,903 [pool-683-thread-1] INFO  impl.RaftServerImpl (RaftServerImpl.java:start(185)) - aa12bdd9-b98d-4e1b-b7bd-0fb99805d214@group-510509479A79: start as a follower, conf=-1: [aa12bdd9-b98d-4e1b-b7bd-0fb99805d214:192.168.30.10:37397], old=null
2019-09-25 05:51:12,903 [pool-683-thread-1] INFO  impl.RaftServerImpl (RaftServerImpl.java:setRole(174)) - aa12bdd9-b98d-4e1b-b7bd-0fb99805d214@group-510509479A79: changes role from      null to FOLLOWER at term 0 for startAsFollower
2019-09-25 05:51:12,903 [pool-683-thread-1] INFO  impl.RoleInfo (RoleInfo.java:updateAndGet(143)) - aa12bdd9-b98d-4e1b-b7bd-0fb99805d214: start FollowerState
2019-09-25 05:51:12,903 [pool-683-thread-1] INFO  util.JmxRegister (JmxRegister.java:tryRegister(44)) - Successfully registered JMX Bean with object name Ratis:service=RaftServer,group=group-510509479A79,id=aa12bdd9-b98d-4e1b-b7bd-0fb99805d214
2019-09-25 05:51:12,904 [RatisPipelineUtilsThread] INFO  pipeline.PipelineStateManager (PipelineStateManager.java:addPipeline(56)) - Created pipeline Pipeline[ Id: 3514bcab-66cc-46a1-87bf-510509479a79, Nodes: aa12bdd9-b98d-4e1b-b7bd-0fb99805d214{ip: 192.168.30.10, host: pr-hdds-1569-s62bp-3040748787, networkLocation: /default-rack, certSerialId: null}, Type:RATIS, Factor:ONE, State:OPEN]
2019-09-25 05:51:12,905 [RatisPipelineUtilsThread] INFO  pipeline.PipelinePlacementPolicy (PipelinePlacementPolicy.java:meetCriteria(91)) - Pipeline Placement: Doesn't meet the criteria to be viable node： 1705b612-ae52-4202-ba1e-b52c03c1d4d6 Heaviness: 6 limit: 5
2019-09-25 05:51:12,906 [grpc-default-executor-0] INFO  impl.RaftServerProxy (RaftServerProxy.java:addNew(89)) - aa12bdd9-b98d-4e1b-b7bd-0fb99805d214: addNew group-21A082C375CE:[aa12bdd9-b98d-4e1b-b7bd-0fb99805d214:192.168.30.10:37397] returns group-21A082C375CE:java.util.concurrent.CompletableFuture@3bb80481[Not completed]
2019-09-25 05:51:12,907 [pool-683-thread-1] INFO  impl.RaftServerImpl (RaftServerImpl.java:<init>(95)) - aa12bdd9-b98d-4e1b-b7bd-0fb99805d214: new RaftServerImpl for group-21A082C375CE:[aa12bdd9-b98d-4e1b-b7bd-0fb99805d214:192.168.30.10:37397] with ContainerStateMachine:uninitialized
2019-09-25 05:51:12,907 [pool-683-thread-1] INFO  server.RaftServerConfigKeys (ConfUtils.java:logGet(43)) - raft.server.rpc.timeout.min = 5s (custom)
2019-09-25 05:51:12,907 [pool-683-thread-1] INFO  server.RaftServerConfigKeys (ConfUtils.java:logGet(43)) - raft.server.rpc.timeout.max = 5200ms (custom)
2019-09-25 05:51:12,907 [pool-683-thread-1] INFO  server.RaftServerConfigKeys (ConfUtils.java:logGet(43)) - raft.server.rpcslowness.timeout = 120s (custom)
2019-09-25 05:51:12,907 [pool-683-thread-1] INFO  server.RaftServerConfigKeys (ConfUtils.java:logGet(43)) - raft.server.sleep.deviation.threshold = 300 (default)
2019-09-25 05:51:12,907 [pool-683-thread-1] INFO  server.RaftServerConfigKeys (ConfUtils.java:logGet(43)) - raft.server.log.appender.install.snapshot.enabled = false (custom)
2019-09-25 05:51:12,907 [pool-683-thread-1] INFO  impl.RaftServerImpl (ServerState.java:<init>(103)) - aa12bdd9-b98d-4e1b-b7bd-0fb99805d214@group-21A082C375CE: ConfigurationManager, init=-1: [aa12bdd9-b98d-4e1b-b7bd-0fb99805d214:192.168.30.10:37397], old=null, confs=<EMPTY_MAP>
2019-09-25 05:51:12,907 [pool-683-thread-1] INFO  server.RaftServerConfigKeys (ConfUtils.java:logGet(43)) - raft.server.storage.dir = [/workdir/hadoop-ozone/integration-test/target/test-dir/MiniOzoneClusterImpl-6389a31f-e1b2-4948-a777-3ab81d592f44/datanode-1/data/ratis] (custom)
2019-09-25 05:51:12,907 [pool-683-thread-1] INFO  storage.RaftStorageDirectory (RaftStorageDirectory.java:analyzeStorage(246)) - The storage directory /workdir/hadoop-ozone/integration-test/target/test-dir/MiniOzoneClusterImpl-6389a31f-e1b2-4948-a777-3ab81d592f44/datanode-1/data/ratis/ba3310b5-630a-4f87-9551-21a082c375ce does not exist. Creating ...
2019-09-25 05:51:12,910 [IPC Server handler 3 on 36663] INFO  net.NetworkTopology (NetworkTopologyImpl.java:add(111)) - Added a new node: /default-rack/ba62479e-9d0c-4e30-a2fc-a7b15472dec7
2019-09-25 05:51:12,911 [IPC Server handler 3 on 36663] INFO  node.SCMNodeManager (SCMNodeManager.java:register(266)) - Registered Data node : ba62479e-9d0c-4e30-a2fc-a7b15472dec7{ip: 192.168.30.10, host: pr-hdds-1569-s62bp-3040748787, networkLocation: /default-rack, certSerialId: null}
2019-09-25 05:51:12,921 [pool-683-thread-1] INFO  storage.RaftStorageDirectory (RaftStorageDirectory.java:tryLock(328)) - Lock on /workdir/hadoop-ozone/integration-test/target/test-dir/MiniOzoneClusterImpl-6389a31f-e1b2-4948-a777-3ab81d592f44/datanode-1/data/ratis/ba3310b5-630a-4f87-9551-21a082c375ce/in_use.lock acquired by nodename 13539@pr-hdds-1569-s62bp-3040748787
2019-09-25 05:51:12,934 [pool-683-thread-1] INFO  storage.RaftStorage (RaftStorage.java:format(72)) - Storage directory /workdir/hadoop-ozone/integration-test/target/test-dir/MiniOzoneClusterImpl-6389a31f-e1b2-4948-a777-3ab81d592f44/datanode-1/data/ratis/ba3310b5-630a-4f87-9551-21a082c375ce has been successfully formatted.
2019-09-25 05:51:12,934 [pool-683-thread-1] INFO  ratis.ContainerStateMachine (ContainerStateMachine.java:loadSnapshot(230)) - group-21A082C375CE: The snapshot info is null. Setting the last applied indexto:(t:0, i:~)
2019-09-25 05:51:12,934 [pool-683-thread-1] INFO  server.RaftServerConfigKeys (ConfUtils.java:logGet(43)) - raft.server.notification.no-leader.timeout = 120s (custom)
2019-09-25 05:51:12,934 [pool-683-thread-1] INFO  server.RaftServerConfigKeys (ConfUtils.java:logGet(43)) - raft.server.log.use.memory = false (default)
2019-09-25 05:51:12,934 [pool-683-thread-1] INFO  server.RaftServerConfigKeys (ConfUtils.java:logGet(43)) - raft.server.log.purge.gap = 1000000 (custom)
2019-09-25 05:51:12,934 [pool-683-thread-1] INFO  server.RaftServerConfigKeys (ConfUtils.java:logGet(43)) - raft.server.log.appender.buffer.byte-limit = 33554432 (custom)
2019-09-25 05:51:12,934 [pool-683-thread-1] INFO  server.RaftServerConfigKeys (ConfUtils.java:logGet(43)) - raft.server.log.segment.size.max = 1048576 (custom)
2019-09-25 05:51:12,934 [pool-683-thread-1] INFO  server.RaftServerConfigKeys (ConfUtils.java:logGet(43)) - raft.server.log.segment.cache.num.max = 2 (custom)
2019-09-25 05:51:12,934 [pool-683-thread-1] INFO  segmented.SegmentedRaftLogWorker (SegmentedRaftLogWorker.java:<init>(172)) - new aa12bdd9-b98d-4e1b-b7bd-0fb99805d214@group-21A082C375CE-SegmentedRaftLogWorker for RaftStorage:Storage Directory /workdir/hadoop-ozone/integration-test/target/test-dir/MiniOzoneClusterImpl-6389a31f-e1b2-4948-a777-3ab81d592f44/datanode-1/data/ratis/ba3310b5-630a-4f87-9551-21a082c375ce
2019-09-25 05:51:12,934 [pool-683-thread-1] INFO  server.RaftServerConfigKeys (ConfUtils.java:logGet(43)) - raft.server.log.queue.byte-limit = 2147483647 (custom)
2019-09-25 05:51:12,934 [pool-683-thread-1] INFO  server.RaftServerConfigKeys (ConfUtils.java:logGet(43)) - raft.server.log.queue.element-limit = 1024 (custom)
2019-09-25 05:51:12,935 [pool-683-thread-1] INFO  server.RaftServerConfigKeys (ConfUtils.java:logGet(43)) - raft.server.log.segment.size.max = 1048576 (custom)
2019-09-25 05:51:12,935 [pool-683-thread-1] INFO  server.RaftServerConfigKeys (ConfUtils.java:logGet(43)) - raft.server.log.preallocated.size = 16384 (custom)
2019-09-25 05:51:12,935 [pool-683-thread-1] INFO  server.RaftServerConfigKeys (ConfUtils.java:logGet(43)) - raft.server.log.write.buffer.size = 33554432 (custom)
2019-09-25 05:51:12,935 [pool-683-thread-1] INFO  server.RaftServerConfigKeys (ConfUtils.java:logGet(43)) - raft.server.log.force.sync.num = 128 (default)
2019-09-25 05:51:12,935 [pool-683-thread-1] INFO  server.RaftServerConfigKeys (ConfUtils.java:logGet(43)) - raft.server.log.statemachine.data.sync = true (default)
2019-09-25 05:51:12,935 [pool-683-thread-1] INFO  server.RaftServerConfigKeys (ConfUtils.java:logGet(43)) - raft.server.log.statemachine.data.sync.timeout = 10s (default)
2019-09-25 05:51:12,935 [pool-683-thread-1] INFO  server.RaftServerConfigKeys (ConfUtils.java:logGet(43)) - raft.server.log.statemachine.data.sync.timeout.retry = -1 (default)
2019-09-25 05:51:12,935 [pool-683-thread-1] INFO  server.RaftServerConfigKeys (ConfUtils.java:logGet(43)) - raft.server.log.statemachine.data.caching.enabled = true (custom)
2019-09-25 05:51:12,935 [pool-683-thread-1] INFO  segmented.SegmentedRaftLogWorker (SegmentedRaftLogWorker.java:lambda$new$0(132)) - aa12bdd9-b98d-4e1b-b7bd-0fb99805d214@group-21A082C375CE-SegmentedRaftLogWorker: flushIndex: setUnconditionally 0 -> -1
2019-09-25 05:51:12,935 [pool-683-thread-1] INFO  server.RaftServerConfigKeys (ConfUtils.java:logGet(43)) - raft.server.snapshot.auto.trigger.enabled = true (custom)
2019-09-25 05:51:12,935 [pool-683-thread-1] INFO  server.RaftServerConfigKeys (ConfUtils.java:logGet(43)) - raft.server.snapshot.auto.trigger.threshold = 10000 (custom)
2019-09-25 05:51:12,935 [pool-683-thread-1] INFO  server.RaftServerConfigKeys (ConfUtils.java:logGet(43)) - raft.server.snapshot.retention.num.files = 5 (custom)
2019-09-25 05:51:12,936 [pool-683-thread-1] INFO  server.RaftServerConfigKeys (ConfUtils.java:logGet(43)) - raft.server.retrycache.expirytime = 600000ms (custom)
2019-09-25 05:51:12,936 [pool-683-thread-1] INFO  impl.RaftServerImpl (RaftServerImpl.java:start(185)) - aa12bdd9-b98d-4e1b-b7bd-0fb99805d214@group-21A082C375CE: start as a follower, conf=-1: [aa12bdd9-b98d-4e1b-b7bd-0fb99805d214:192.168.30.10:37397], old=null
2019-09-25 05:51:12,936 [pool-683-thread-1] INFO  impl.RaftServerImpl (RaftServerImpl.java:setRole(174)) - aa12bdd9-b98d-4e1b-b7bd-0fb99805d214@group-21A082C375CE: changes role from      null to FOLLOWER at term 0 for startAsFollower
2019-09-25 05:51:12,937 [pool-683-thread-1] INFO  impl.RoleInfo (RoleInfo.java:updateAndGet(143)) - aa12bdd9-b98d-4e1b-b7bd-0fb99805d214: start FollowerState
2019-09-25 05:51:12,937 [pool-683-thread-1] INFO  util.JmxRegister (JmxRegister.java:tryRegister(44)) - Successfully registered JMX Bean with object name Ratis:service=RaftServer,group=group-21A082C375CE,id=aa12bdd9-b98d-4e1b-b7bd-0fb99805d214
2019-09-25 05:51:12,938 [RatisPipelineUtilsThread] INFO  pipeline.PipelineStateManager (PipelineStateManager.java:addPipeline(56)) - Created pipeline Pipeline[ Id: ba3310b5-630a-4f87-9551-21a082c375ce, Nodes: aa12bdd9-b98d-4e1b-b7bd-0fb99805d214{ip: 192.168.30.10, host: pr-hdds-1569-s62bp-3040748787, networkLocation: /default-rack, certSerialId: null}, Type:RATIS, Factor:ONE, State:OPEN]
2019-09-25 05:51:12,938 [RatisPipelineUtilsThread] INFO  pipeline.PipelinePlacementPolicy (PipelinePlacementPolicy.java:meetCriteria(91)) - Pipeline Placement: Doesn't meet the criteria to be viable node： 1705b612-ae52-4202-ba1e-b52c03c1d4d6 Heaviness: 6 limit: 5
2019-09-25 05:51:12,944 [grpc-default-executor-0] INFO  impl.RaftServerProxy (RaftServerProxy.java:addNew(89)) - 7329b839-2890-4139-beee-2b486d1f212d: addNew group-71F9F5897AA3:[7329b839-2890-4139-beee-2b486d1f212d:192.168.30.10:41459] returns group-71F9F5897AA3:java.util.concurrent.CompletableFuture@1deee746[Not completed]
2019-09-25 05:51:12,945 [pool-693-thread-1] INFO  impl.RaftServerImpl (RaftServerImpl.java:<init>(95)) - 7329b839-2890-4139-beee-2b486d1f212d: new RaftServerImpl for group-71F9F5897AA3:[7329b839-2890-4139-beee-2b486d1f212d:192.168.30.10:41459] with ContainerStateMachine:uninitialized
2019-09-25 05:51:12,945 [pool-693-thread-1] INFO  server.RaftServerConfigKeys (ConfUtils.java:logGet(43)) - raft.server.rpc.timeout.min = 5s (custom)
2019-09-25 05:51:12,945 [pool-693-thread-1] INFO  server.RaftServerConfigKeys (ConfUtils.java:logGet(43)) - raft.server.rpc.timeout.max = 5200ms (custom)
2019-09-25 05:51:12,945 [pool-693-thread-1] INFO  server.RaftServerConfigKeys (ConfUtils.java:logGet(43)) - raft.server.rpcslowness.timeout = 120s (custom)
2019-09-25 05:51:12,945 [pool-693-thread-1] INFO  server.RaftServerConfigKeys (ConfUtils.java:logGet(43)) - raft.server.sleep.deviation.threshold = 300 (default)
2019-09-25 05:51:12,945 [pool-693-thread-1] INFO  server.RaftServerConfigKeys (ConfUtils.java:logGet(43)) - raft.server.log.appender.install.snapshot.enabled = false (custom)
2019-09-25 05:51:12,945 [pool-693-thread-1] INFO  impl.RaftServerImpl (ServerState.java:<init>(103)) - 7329b839-2890-4139-beee-2b486d1f212d@group-71F9F5897AA3: ConfigurationManager, init=-1: [7329b839-2890-4139-beee-2b486d1f212d:192.168.30.10:41459], old=null, confs=<EMPTY_MAP>
2019-09-25 05:51:12,945 [pool-693-thread-1] INFO  server.RaftServerConfigKeys (ConfUtils.java:logGet(43)) - raft.server.storage.dir = [/workdir/hadoop-ozone/integration-test/target/test-dir/MiniOzoneClusterImpl-6389a31f-e1b2-4948-a777-3ab81d592f44/datanode-2/data/ratis] (custom)
2019-09-25 05:51:12,945 [pool-693-thread-1] INFO  storage.RaftStorageDirectory (RaftStorageDirectory.java:analyzeStorage(246)) - The storage directory /workdir/hadoop-ozone/integration-test/target/test-dir/MiniOzoneClusterImpl-6389a31f-e1b2-4948-a777-3ab81d592f44/datanode-2/data/ratis/2153ca60-8335-433d-a274-71f9f5897aa3 does not exist. Creating ...
2019-09-25 05:51:12,958 [pool-693-thread-1] INFO  storage.RaftStorageDirectory (RaftStorageDirectory.java:tryLock(328)) - Lock on /workdir/hadoop-ozone/integration-test/target/test-dir/MiniOzoneClusterImpl-6389a31f-e1b2-4948-a777-3ab81d592f44/datanode-2/data/ratis/2153ca60-8335-433d-a274-71f9f5897aa3/in_use.lock acquired by nodename 13539@pr-hdds-1569-s62bp-3040748787
2019-09-25 05:51:12,960 [pool-693-thread-1] INFO  storage.RaftStorage (RaftStorage.java:format(72)) - Storage directory /workdir/hadoop-ozone/integration-test/target/test-dir/MiniOzoneClusterImpl-6389a31f-e1b2-4948-a777-3ab81d592f44/datanode-2/data/ratis/2153ca60-8335-433d-a274-71f9f5897aa3 has been successfully formatted.
2019-09-25 05:51:12,961 [pool-693-thread-1] INFO  ratis.ContainerStateMachine (ContainerStateMachine.java:loadSnapshot(230)) - group-71F9F5897AA3: The snapshot info is null. Setting the last applied indexto:(t:0, i:~)
2019-09-25 05:51:12,961 [pool-693-thread-1] INFO  server.RaftServerConfigKeys (ConfUtils.java:logGet(43)) - raft.server.notification.no-leader.timeout = 120s (custom)
2019-09-25 05:51:12,961 [pool-693-thread-1] INFO  server.RaftServerConfigKeys (ConfUtils.java:logGet(43)) - raft.server.log.use.memory = false (default)
2019-09-25 05:51:12,961 [pool-693-thread-1] INFO  server.RaftServerConfigKeys (ConfUtils.java:logGet(43)) - raft.server.log.purge.gap = 1000000 (custom)
2019-09-25 05:51:12,961 [pool-693-thread-1] INFO  server.RaftServerConfigKeys (ConfUtils.java:logGet(43)) - raft.server.log.appender.buffer.byte-limit = 33554432 (custom)
2019-09-25 05:51:12,961 [pool-693-thread-1] INFO  server.RaftServerConfigKeys (ConfUtils.java:logGet(43)) - raft.server.log.segment.size.max = 1048576 (custom)
2019-09-25 05:51:12,961 [pool-693-thread-1] INFO  server.RaftServerConfigKeys (ConfUtils.java:logGet(43)) - raft.server.log.segment.cache.num.max = 2 (custom)
2019-09-25 05:51:12,961 [pool-693-thread-1] INFO  segmented.SegmentedRaftLogWorker (SegmentedRaftLogWorker.java:<init>(172)) - new 7329b839-2890-4139-beee-2b486d1f212d@group-71F9F5897AA3-SegmentedRaftLogWorker for RaftStorage:Storage Directory /workdir/hadoop-ozone/integration-test/target/test-dir/MiniOzoneClusterImpl-6389a31f-e1b2-4948-a777-3ab81d592f44/datanode-2/data/ratis/2153ca60-8335-433d-a274-71f9f5897aa3
2019-09-25 05:51:12,962 [pool-693-thread-1] INFO  server.RaftServerConfigKeys (ConfUtils.java:logGet(43)) - raft.server.log.queue.byte-limit = 2147483647 (custom)
2019-09-25 05:51:12,962 [pool-693-thread-1] INFO  server.RaftServerConfigKeys (ConfUtils.java:logGet(43)) - raft.server.log.queue.element-limit = 1024 (custom)
2019-09-25 05:51:12,962 [pool-693-thread-1] INFO  server.RaftServerConfigKeys (ConfUtils.java:logGet(43)) - raft.server.log.segment.size.max = 1048576 (custom)
2019-09-25 05:51:12,962 [pool-693-thread-1] INFO  server.RaftServerConfigKeys (ConfUtils.java:logGet(43)) - raft.server.log.preallocated.size = 16384 (custom)
2019-09-25 05:51:12,962 [pool-693-thread-1] INFO  server.RaftServerConfigKeys (ConfUtils.java:logGet(43)) - raft.server.log.write.buffer.size = 33554432 (custom)
2019-09-25 05:51:12,962 [pool-693-thread-1] INFO  server.RaftServerConfigKeys (ConfUtils.java:logGet(43)) - raft.server.log.force.sync.num = 128 (default)
2019-09-25 05:51:12,962 [pool-693-thread-1] INFO  server.RaftServerConfigKeys (ConfUtils.java:logGet(43)) - raft.server.log.statemachine.data.sync = true (default)
2019-09-25 05:51:12,962 [pool-693-thread-1] INFO  server.RaftServerConfigKeys (ConfUtils.java:logGet(43)) - raft.server.log.statemachine.data.sync.timeout = 10s (default)
2019-09-25 05:51:12,962 [pool-693-thread-1] INFO  server.RaftServerConfigKeys (ConfUtils.java:logGet(43)) - raft.server.log.statemachine.data.sync.timeout.retry = -1 (default)
2019-09-25 05:51:12,963 [pool-693-thread-1] INFO  server.RaftServerConfigKeys (ConfUtils.java:logGet(43)) - raft.server.log.statemachine.data.caching.enabled = true (custom)
2019-09-25 05:51:12,963 [pool-693-thread-1] INFO  segmented.SegmentedRaftLogWorker (SegmentedRaftLogWorker.java:lambda$new$0(132)) - 7329b839-2890-4139-beee-2b486d1f212d@group-71F9F5897AA3-SegmentedRaftLogWorker: flushIndex: setUnconditionally 0 -> -1
2019-09-25 05:51:12,963 [pool-693-thread-1] INFO  server.RaftServerConfigKeys (ConfUtils.java:logGet(43)) - raft.server.snapshot.auto.trigger.enabled = true (custom)
2019-09-25 05:51:12,963 [pool-693-thread-1] INFO  server.RaftServerConfigKeys (ConfUtils.java:logGet(43)) - raft.server.snapshot.auto.trigger.threshold = 10000 (custom)
2019-09-25 05:51:12,963 [pool-693-thread-1] INFO  server.RaftServerConfigKeys (ConfUtils.java:logGet(43)) - raft.server.snapshot.retention.num.files = 5 (custom)
2019-09-25 05:51:12,963 [pool-693-thread-1] INFO  server.RaftServerConfigKeys (ConfUtils.java:logGet(43)) - raft.server.retrycache.expirytime = 600000ms (custom)
2019-09-25 05:51:12,964 [pool-693-thread-1] INFO  impl.RaftServerImpl (RaftServerImpl.java:start(185)) - 7329b839-2890-4139-beee-2b486d1f212d@group-71F9F5897AA3: start as a follower, conf=-1: [7329b839-2890-4139-beee-2b486d1f212d:192.168.30.10:41459], old=null
2019-09-25 05:51:12,964 [pool-693-thread-1] INFO  impl.RaftServerImpl (RaftServerImpl.java:setRole(174)) - 7329b839-2890-4139-beee-2b486d1f212d@group-71F9F5897AA3: changes role from      null to FOLLOWER at term 0 for startAsFollower
2019-09-25 05:51:12,964 [pool-693-thread-1] INFO  impl.RoleInfo (RoleInfo.java:updateAndGet(143)) - 7329b839-2890-4139-beee-2b486d1f212d: start FollowerState
2019-09-25 05:51:12,964 [pool-693-thread-1] INFO  util.JmxRegister (JmxRegister.java:tryRegister(44)) - Successfully registered JMX Bean with object name Ratis:service=RaftServer,group=group-71F9F5897AA3,id=7329b839-2890-4139-beee-2b486d1f212d
2019-09-25 05:51:12,966 [RatisPipelineUtilsThread] INFO  pipeline.PipelineStateManager (PipelineStateManager.java:addPipeline(56)) - Created pipeline Pipeline[ Id: 2153ca60-8335-433d-a274-71f9f5897aa3, Nodes: 7329b839-2890-4139-beee-2b486d1f212d{ip: 192.168.30.10, host: pr-hdds-1569-s62bp-3040748787, networkLocation: /default-rack, certSerialId: null}, Type:RATIS, Factor:ONE, State:OPEN]
2019-09-25 05:51:12,966 [RatisPipelineUtilsThread] INFO  pipeline.PipelinePlacementPolicy (PipelinePlacementPolicy.java:meetCriteria(91)) - Pipeline Placement: Doesn't meet the criteria to be viable node： 1705b612-ae52-4202-ba1e-b52c03c1d4d6 Heaviness: 6 limit: 5
2019-09-25 05:51:12,968 [grpc-default-executor-0] INFO  impl.RaftServerProxy (RaftServerProxy.java:addNew(89)) - 7329b839-2890-4139-beee-2b486d1f212d: addNew group-74700FFB8394:[7329b839-2890-4139-beee-2b486d1f212d:192.168.30.10:41459] returns group-74700FFB8394:java.util.concurrent.CompletableFuture@38e148e2[Not completed]
2019-09-25 05:51:12,968 [pool-693-thread-1] INFO  impl.RaftServerImpl (RaftServerImpl.java:<init>(95)) - 7329b839-2890-4139-beee-2b486d1f212d: new RaftServerImpl for group-74700FFB8394:[7329b839-2890-4139-beee-2b486d1f212d:192.168.30.10:41459] with ContainerStateMachine:uninitialized
2019-09-25 05:51:12,968 [pool-693-thread-1] INFO  server.RaftServerConfigKeys (ConfUtils.java:logGet(43)) - raft.server.rpc.timeout.min = 5s (custom)
2019-09-25 05:51:12,969 [pool-693-thread-1] INFO  server.RaftServerConfigKeys (ConfUtils.java:logGet(43)) - raft.server.rpc.timeout.max = 5200ms (custom)
2019-09-25 05:51:12,969 [pool-693-thread-1] INFO  server.RaftServerConfigKeys (ConfUtils.java:logGet(43)) - raft.server.rpcslowness.timeout = 120s (custom)
2019-09-25 05:51:12,969 [pool-693-thread-1] INFO  server.RaftServerConfigKeys (ConfUtils.java:logGet(43)) - raft.server.sleep.deviation.threshold = 300 (default)
2019-09-25 05:51:12,969 [pool-693-thread-1] INFO  server.RaftServerConfigKeys (ConfUtils.java:logGet(43)) - raft.server.log.appender.install.snapshot.enabled = false (custom)
2019-09-25 05:51:12,969 [pool-693-thread-1] INFO  impl.RaftServerImpl (ServerState.java:<init>(103)) - 7329b839-2890-4139-beee-2b486d1f212d@group-74700FFB8394: ConfigurationManager, init=-1: [7329b839-2890-4139-beee-2b486d1f212d:192.168.30.10:41459], old=null, confs=<EMPTY_MAP>
2019-09-25 05:51:12,969 [pool-693-thread-1] INFO  server.RaftServerConfigKeys (ConfUtils.java:logGet(43)) - raft.server.storage.dir = [/workdir/hadoop-ozone/integration-test/target/test-dir/MiniOzoneClusterImpl-6389a31f-e1b2-4948-a777-3ab81d592f44/datanode-2/data/ratis] (custom)
2019-09-25 05:51:12,969 [pool-693-thread-1] INFO  storage.RaftStorageDirectory (RaftStorageDirectory.java:analyzeStorage(246)) - The storage directory /workdir/hadoop-ozone/integration-test/target/test-dir/MiniOzoneClusterImpl-6389a31f-e1b2-4948-a777-3ab81d592f44/datanode-2/data/ratis/05b5f298-3698-4ddf-bb5c-74700ffb8394 does not exist. Creating ...
2019-09-25 05:51:12,983 [pool-693-thread-1] INFO  storage.RaftStorageDirectory (RaftStorageDirectory.java:tryLock(328)) - Lock on /workdir/hadoop-ozone/integration-test/target/test-dir/MiniOzoneClusterImpl-6389a31f-e1b2-4948-a777-3ab81d592f44/datanode-2/data/ratis/05b5f298-3698-4ddf-bb5c-74700ffb8394/in_use.lock acquired by nodename 13539@pr-hdds-1569-s62bp-3040748787
2019-09-25 05:51:12,995 [pool-693-thread-1] INFO  storage.RaftStorage (RaftStorage.java:format(72)) - Storage directory /workdir/hadoop-ozone/integration-test/target/test-dir/MiniOzoneClusterImpl-6389a31f-e1b2-4948-a777-3ab81d592f44/datanode-2/data/ratis/05b5f298-3698-4ddf-bb5c-74700ffb8394 has been successfully formatted.
2019-09-25 05:51:12,995 [pool-693-thread-1] INFO  ratis.ContainerStateMachine (ContainerStateMachine.java:loadSnapshot(230)) - group-74700FFB8394: The snapshot info is null. Setting the last applied indexto:(t:0, i:~)
2019-09-25 05:51:12,996 [pool-693-thread-1] INFO  server.RaftServerConfigKeys (ConfUtils.java:logGet(43)) - raft.server.notification.no-leader.timeout = 120s (custom)
2019-09-25 05:51:12,996 [pool-693-thread-1] INFO  server.RaftServerConfigKeys (ConfUtils.java:logGet(43)) - raft.server.log.use.memory = false (default)
2019-09-25 05:51:12,996 [pool-693-thread-1] INFO  server.RaftServerConfigKeys (ConfUtils.java:logGet(43)) - raft.server.log.purge.gap = 1000000 (custom)
2019-09-25 05:51:12,996 [pool-693-thread-1] INFO  server.RaftServerConfigKeys (ConfUtils.java:logGet(43)) - raft.server.log.appender.buffer.byte-limit = 33554432 (custom)
2019-09-25 05:51:12,996 [pool-693-thread-1] INFO  server.RaftServerConfigKeys (ConfUtils.java:logGet(43)) - raft.server.log.segment.size.max = 1048576 (custom)
2019-09-25 05:51:12,996 [pool-693-thread-1] INFO  server.RaftServerConfigKeys (ConfUtils.java:logGet(43)) - raft.server.log.segment.cache.num.max = 2 (custom)
2019-09-25 05:51:12,996 [pool-693-thread-1] INFO  segmented.SegmentedRaftLogWorker (SegmentedRaftLogWorker.java:<init>(172)) - new 7329b839-2890-4139-beee-2b486d1f212d@group-74700FFB8394-SegmentedRaftLogWorker for RaftStorage:Storage Directory /workdir/hadoop-ozone/integration-test/target/test-dir/MiniOzoneClusterImpl-6389a31f-e1b2-4948-a777-3ab81d592f44/datanode-2/data/ratis/05b5f298-3698-4ddf-bb5c-74700ffb8394
2019-09-25 05:51:12,996 [pool-693-thread-1] INFO  server.RaftServerConfigKeys (ConfUtils.java:logGet(43)) - raft.server.log.queue.byte-limit = 2147483647 (custom)
2019-09-25 05:51:12,996 [pool-693-thread-1] INFO  server.RaftServerConfigKeys (ConfUtils.java:logGet(43)) - raft.server.log.queue.element-limit = 1024 (custom)
2019-09-25 05:51:12,996 [pool-693-thread-1] INFO  server.RaftServerConfigKeys (ConfUtils.java:logGet(43)) - raft.server.log.segment.size.max = 1048576 (custom)
2019-09-25 05:51:12,996 [pool-693-thread-1] INFO  server.RaftServerConfigKeys (ConfUtils.java:logGet(43)) - raft.server.log.preallocated.size = 16384 (custom)
2019-09-25 05:51:12,996 [pool-693-thread-1] INFO  server.RaftServerConfigKeys (ConfUtils.java:logGet(43)) - raft.server.log.write.buffer.size = 33554432 (custom)
2019-09-25 05:51:12,996 [pool-693-thread-1] INFO  server.RaftServerConfigKeys (ConfUtils.java:logGet(43)) - raft.server.log.force.sync.num = 128 (default)
2019-09-25 05:51:12,996 [pool-693-thread-1] INFO  server.RaftServerConfigKeys (ConfUtils.java:logGet(43)) - raft.server.log.statemachine.data.sync = true (default)
2019-09-25 05:51:12,996 [pool-693-thread-1] INFO  server.RaftServerConfigKeys (ConfUtils.java:logGet(43)) - raft.server.log.statemachine.data.sync.timeout = 10s (default)
2019-09-25 05:51:12,997 [pool-693-thread-1] INFO  server.RaftServerConfigKeys (ConfUtils.java:logGet(43)) - raft.server.log.statemachine.data.sync.timeout.retry = -1 (default)
2019-09-25 05:51:12,997 [pool-693-thread-1] INFO  server.RaftServerConfigKeys (ConfUtils.java:logGet(43)) - raft.server.log.statemachine.data.caching.enabled = true (custom)
2019-09-25 05:51:12,997 [pool-693-thread-1] INFO  segmented.SegmentedRaftLogWorker (SegmentedRaftLogWorker.java:lambda$new$0(132)) - 7329b839-2890-4139-beee-2b486d1f212d@group-74700FFB8394-SegmentedRaftLogWorker: flushIndex: setUnconditionally 0 -> -1
2019-09-25 05:51:12,997 [pool-693-thread-1] INFO  server.RaftServerConfigKeys (ConfUtils.java:logGet(43)) - raft.server.snapshot.auto.trigger.enabled = true (custom)
2019-09-25 05:51:12,997 [pool-693-thread-1] INFO  server.RaftServerConfigKeys (ConfUtils.java:logGet(43)) - raft.server.snapshot.auto.trigger.threshold = 10000 (custom)
2019-09-25 05:51:12,997 [pool-693-thread-1] INFO  server.RaftServerConfigKeys (ConfUtils.java:logGet(43)) - raft.server.snapshot.retention.num.files = 5 (custom)
2019-09-25 05:51:12,997 [pool-693-thread-1] INFO  server.RaftServerConfigKeys (ConfUtils.java:logGet(43)) - raft.server.retrycache.expirytime = 600000ms (custom)
2019-09-25 05:51:12,998 [pool-693-thread-1] INFO  impl.RaftServerImpl (RaftServerImpl.java:start(185)) - 7329b839-2890-4139-beee-2b486d1f212d@group-74700FFB8394: start as a follower, conf=-1: [7329b839-2890-4139-beee-2b486d1f212d:192.168.30.10:41459], old=null
2019-09-25 05:51:12,998 [pool-693-thread-1] INFO  impl.RaftServerImpl (RaftServerImpl.java:setRole(174)) - 7329b839-2890-4139-beee-2b486d1f212d@group-74700FFB8394: changes role from      null to FOLLOWER at term 0 for startAsFollower
2019-09-25 05:51:12,998 [pool-693-thread-1] INFO  impl.RoleInfo (RoleInfo.java:updateAndGet(143)) - 7329b839-2890-4139-beee-2b486d1f212d: start FollowerState
2019-09-25 05:51:12,998 [pool-693-thread-1] INFO  util.JmxRegister (JmxRegister.java:tryRegister(44)) - Successfully registered JMX Bean with object name Ratis:service=RaftServer,group=group-74700FFB8394,id=7329b839-2890-4139-beee-2b486d1f212d
2019-09-25 05:51:12,999 [RatisPipelineUtilsThread] INFO  pipeline.PipelineStateManager (PipelineStateManager.java:addPipeline(56)) - Created pipeline Pipeline[ Id: 05b5f298-3698-4ddf-bb5c-74700ffb8394, Nodes: 7329b839-2890-4139-beee-2b486d1f212d{ip: 192.168.30.10, host: pr-hdds-1569-s62bp-3040748787, networkLocation: /default-rack, certSerialId: null}, Type:RATIS, Factor:ONE, State:OPEN]
2019-09-25 05:51:12,999 [RatisPipelineUtilsThread] INFO  pipeline.PipelinePlacementPolicy (PipelinePlacementPolicy.java:meetCriteria(91)) - Pipeline Placement: Doesn't meet the criteria to be viable node： 1705b612-ae52-4202-ba1e-b52c03c1d4d6 Heaviness: 6 limit: 5
2019-09-25 05:51:13,002 [grpc-default-executor-0] INFO  impl.RaftServerProxy (RaftServerProxy.java:addNew(89)) - aa12bdd9-b98d-4e1b-b7bd-0fb99805d214: addNew group-CE073F8EEACB:[aa12bdd9-b98d-4e1b-b7bd-0fb99805d214:192.168.30.10:37397] returns group-CE073F8EEACB:java.util.concurrent.CompletableFuture@3ef77ef3[Not completed]
2019-09-25 05:51:13,002 [pool-683-thread-1] INFO  impl.RaftServerImpl (RaftServerImpl.java:<init>(95)) - aa12bdd9-b98d-4e1b-b7bd-0fb99805d214: new RaftServerImpl for group-CE073F8EEACB:[aa12bdd9-b98d-4e1b-b7bd-0fb99805d214:192.168.30.10:37397] with ContainerStateMachine:uninitialized
2019-09-25 05:51:13,003 [pool-683-thread-1] INFO  server.RaftServerConfigKeys (ConfUtils.java:logGet(43)) - raft.server.rpc.timeout.min = 5s (custom)
2019-09-25 05:51:13,003 [pool-683-thread-1] INFO  server.RaftServerConfigKeys (ConfUtils.java:logGet(43)) - raft.server.rpc.timeout.max = 5200ms (custom)
2019-09-25 05:51:13,003 [pool-683-thread-1] INFO  server.RaftServerConfigKeys (ConfUtils.java:logGet(43)) - raft.server.rpcslowness.timeout = 120s (custom)
2019-09-25 05:51:13,003 [pool-683-thread-1] INFO  server.RaftServerConfigKeys (ConfUtils.java:logGet(43)) - raft.server.sleep.deviation.threshold = 300 (default)
2019-09-25 05:51:13,003 [pool-683-thread-1] INFO  server.RaftServerConfigKeys (ConfUtils.java:logGet(43)) - raft.server.log.appender.install.snapshot.enabled = false (custom)
2019-09-25 05:51:13,003 [pool-683-thread-1] INFO  impl.RaftServerImpl (ServerState.java:<init>(103)) - aa12bdd9-b98d-4e1b-b7bd-0fb99805d214@group-CE073F8EEACB: ConfigurationManager, init=-1: [aa12bdd9-b98d-4e1b-b7bd-0fb99805d214:192.168.30.10:37397], old=null, confs=<EMPTY_MAP>
2019-09-25 05:51:13,003 [pool-683-thread-1] INFO  server.RaftServerConfigKeys (ConfUtils.java:logGet(43)) - raft.server.storage.dir = [/workdir/hadoop-ozone/integration-test/target/test-dir/MiniOzoneClusterImpl-6389a31f-e1b2-4948-a777-3ab81d592f44/datanode-1/data/ratis] (custom)
2019-09-25 05:51:13,003 [pool-683-thread-1] INFO  storage.RaftStorageDirectory (RaftStorageDirectory.java:analyzeStorage(246)) - The storage directory /workdir/hadoop-ozone/integration-test/target/test-dir/MiniOzoneClusterImpl-6389a31f-e1b2-4948-a777-3ab81d592f44/datanode-1/data/ratis/7369d5d4-920c-4e40-9f33-ce073f8eeacb does not exist. Creating ...
2019-09-25 05:51:13,020 [pool-683-thread-1] INFO  storage.RaftStorageDirectory (RaftStorageDirectory.java:tryLock(328)) - Lock on /workdir/hadoop-ozone/integration-test/target/test-dir/MiniOzoneClusterImpl-6389a31f-e1b2-4948-a777-3ab81d592f44/datanode-1/data/ratis/7369d5d4-920c-4e40-9f33-ce073f8eeacb/in_use.lock acquired by nodename 13539@pr-hdds-1569-s62bp-3040748787
2019-09-25 05:51:13,027 [IPC Server handler 4 on 36663] INFO  net.NetworkTopology (NetworkTopologyImpl.java:add(111)) - Added a new node: /default-rack/1dcd8056-b4df-4a42-9946-d6b50473a02f
2019-09-25 05:51:13,027 [IPC Server handler 4 on 36663] INFO  node.SCMNodeManager (SCMNodeManager.java:register(266)) - Registered Data node : 1dcd8056-b4df-4a42-9946-d6b50473a02f{ip: 192.168.30.10, host: pr-hdds-1569-s62bp-3040748787, networkLocation: /default-rack, certSerialId: null}
2019-09-25 05:51:13,033 [pool-683-thread-1] INFO  storage.RaftStorage (RaftStorage.java:format(72)) - Storage directory /workdir/hadoop-ozone/integration-test/target/test-dir/MiniOzoneClusterImpl-6389a31f-e1b2-4948-a777-3ab81d592f44/datanode-1/data/ratis/7369d5d4-920c-4e40-9f33-ce073f8eeacb has been successfully formatted.
2019-09-25 05:51:13,033 [pool-683-thread-1] INFO  ratis.ContainerStateMachine (ContainerStateMachine.java:loadSnapshot(230)) - group-CE073F8EEACB: The snapshot info is null. Setting the last applied indexto:(t:0, i:~)
2019-09-25 05:51:13,033 [pool-683-thread-1] INFO  server.RaftServerConfigKeys (ConfUtils.java:logGet(43)) - raft.server.notification.no-leader.timeout = 120s (custom)
2019-09-25 05:51:13,033 [pool-683-thread-1] INFO  server.RaftServerConfigKeys (ConfUtils.java:logGet(43)) - raft.server.log.use.memory = false (default)
2019-09-25 05:51:13,033 [pool-683-thread-1] INFO  server.RaftServerConfigKeys (ConfUtils.java:logGet(43)) - raft.server.log.purge.gap = 1000000 (custom)
2019-09-25 05:51:13,033 [pool-683-thread-1] INFO  server.RaftServerConfigKeys (ConfUtils.java:logGet(43)) - raft.server.log.appender.buffer.byte-limit = 33554432 (custom)
2019-09-25 05:51:13,033 [pool-683-thread-1] INFO  server.RaftServerConfigKeys (ConfUtils.java:logGet(43)) - raft.server.log.segment.size.max = 1048576 (custom)
2019-09-25 05:51:13,034 [pool-683-thread-1] INFO  server.RaftServerConfigKeys (ConfUtils.java:logGet(43)) - raft.server.log.segment.cache.num.max = 2 (custom)
2019-09-25 05:51:13,034 [pool-683-thread-1] INFO  segmented.SegmentedRaftLogWorker (SegmentedRaftLogWorker.java:<init>(172)) - new aa12bdd9-b98d-4e1b-b7bd-0fb99805d214@group-CE073F8EEACB-SegmentedRaftLogWorker for RaftStorage:Storage Directory /workdir/hadoop-ozone/integration-test/target/test-dir/MiniOzoneClusterImpl-6389a31f-e1b2-4948-a777-3ab81d592f44/datanode-1/data/ratis/7369d5d4-920c-4e40-9f33-ce073f8eeacb
2019-09-25 05:51:13,034 [pool-683-thread-1] INFO  server.RaftServerConfigKeys (ConfUtils.java:logGet(43)) - raft.server.log.queue.byte-limit = 2147483647 (custom)
2019-09-25 05:51:13,034 [pool-683-thread-1] INFO  server.RaftServerConfigKeys (ConfUtils.java:logGet(43)) - raft.server.log.queue.element-limit = 1024 (custom)
2019-09-25 05:51:13,034 [pool-683-thread-1] INFO  server.RaftServerConfigKeys (ConfUtils.java:logGet(43)) - raft.server.log.segment.size.max = 1048576 (custom)
2019-09-25 05:51:13,034 [pool-683-thread-1] INFO  server.RaftServerConfigKeys (ConfUtils.java:logGet(43)) - raft.server.log.preallocated.size = 16384 (custom)
2019-09-25 05:51:13,034 [pool-683-thread-1] INFO  server.RaftServerConfigKeys (ConfUtils.java:logGet(43)) - raft.server.log.write.buffer.size = 33554432 (custom)
2019-09-25 05:51:13,034 [pool-683-thread-1] INFO  server.RaftServerConfigKeys (ConfUtils.java:logGet(43)) - raft.server.log.force.sync.num = 128 (default)
2019-09-25 05:51:13,034 [pool-683-thread-1] INFO  server.RaftServerConfigKeys (ConfUtils.java:logGet(43)) - raft.server.log.statemachine.data.sync = true (default)
2019-09-25 05:51:13,034 [pool-683-thread-1] INFO  server.RaftServerConfigKeys (ConfUtils.java:logGet(43)) - raft.server.log.statemachine.data.sync.timeout = 10s (default)
2019-09-25 05:51:13,034 [pool-683-thread-1] INFO  server.RaftServerConfigKeys (ConfUtils.java:logGet(43)) - raft.server.log.statemachine.data.sync.timeout.retry = -1 (default)
2019-09-25 05:51:13,034 [pool-683-thread-1] INFO  server.RaftServerConfigKeys (ConfUtils.java:logGet(43)) - raft.server.log.statemachine.data.caching.enabled = true (custom)
2019-09-25 05:51:13,034 [pool-683-thread-1] INFO  segmented.SegmentedRaftLogWorker (SegmentedRaftLogWorker.java:lambda$new$0(132)) - aa12bdd9-b98d-4e1b-b7bd-0fb99805d214@group-CE073F8EEACB-SegmentedRaftLogWorker: flushIndex: setUnconditionally 0 -> -1
2019-09-25 05:51:13,035 [pool-683-thread-1] INFO  server.RaftServerConfigKeys (ConfUtils.java:logGet(43)) - raft.server.snapshot.auto.trigger.enabled = true (custom)
2019-09-25 05:51:13,035 [pool-683-thread-1] INFO  server.RaftServerConfigKeys (ConfUtils.java:logGet(43)) - raft.server.snapshot.auto.trigger.threshold = 10000 (custom)
2019-09-25 05:51:13,035 [pool-683-thread-1] INFO  server.RaftServerConfigKeys (ConfUtils.java:logGet(43)) - raft.server.snapshot.retention.num.files = 5 (custom)
2019-09-25 05:51:13,035 [pool-683-thread-1] INFO  server.RaftServerConfigKeys (ConfUtils.java:logGet(43)) - raft.server.retrycache.expirytime = 600000ms (custom)
2019-09-25 05:51:13,036 [pool-683-thread-1] INFO  impl.RaftServerImpl (RaftServerImpl.java:start(185)) - aa12bdd9-b98d-4e1b-b7bd-0fb99805d214@group-CE073F8EEACB: start as a follower, conf=-1: [aa12bdd9-b98d-4e1b-b7bd-0fb99805d214:192.168.30.10:37397], old=null
2019-09-25 05:51:13,036 [pool-683-thread-1] INFO  impl.RaftServerImpl (RaftServerImpl.java:setRole(174)) - aa12bdd9-b98d-4e1b-b7bd-0fb99805d214@group-CE073F8EEACB: changes role from      null to FOLLOWER at term 0 for startAsFollower
2019-09-25 05:51:13,036 [pool-683-thread-1] INFO  impl.RoleInfo (RoleInfo.java:updateAndGet(143)) - aa12bdd9-b98d-4e1b-b7bd-0fb99805d214: start FollowerState
2019-09-25 05:51:13,036 [pool-683-thread-1] INFO  util.JmxRegister (JmxRegister.java:tryRegister(44)) - Successfully registered JMX Bean with object name Ratis:service=RaftServer,group=group-CE073F8EEACB,id=aa12bdd9-b98d-4e1b-b7bd-0fb99805d214
2019-09-25 05:51:13,037 [RatisPipelineUtilsThread] INFO  pipeline.PipelineStateManager (PipelineStateManager.java:addPipeline(56)) - Created pipeline Pipeline[ Id: 7369d5d4-920c-4e40-9f33-ce073f8eeacb, Nodes: aa12bdd9-b98d-4e1b-b7bd-0fb99805d214{ip: 192.168.30.10, host: pr-hdds-1569-s62bp-3040748787, networkLocation: /default-rack, certSerialId: null}, Type:RATIS, Factor:ONE, State:OPEN]
2019-09-25 05:51:13,038 [RatisPipelineUtilsThread] INFO  pipeline.PipelinePlacementPolicy (PipelinePlacementPolicy.java:meetCriteria(91)) - Pipeline Placement: Doesn't meet the criteria to be viable node： 1705b612-ae52-4202-ba1e-b52c03c1d4d6 Heaviness: 6 limit: 5
2019-09-25 05:51:13,038 [RatisPipelineUtilsThread] INFO  pipeline.PipelinePlacementPolicy (PipelinePlacementPolicy.java:meetCriteria(91)) - Pipeline Placement: Doesn't meet the criteria to be viable node： aa12bdd9-b98d-4e1b-b7bd-0fb99805d214 Heaviness: 6 limit: 5
2019-09-25 05:51:13,041 [grpc-default-executor-0] INFO  impl.RaftServerProxy (RaftServerProxy.java:addNew(89)) - 7329b839-2890-4139-beee-2b486d1f212d: addNew group-D05F327A3C7A:[7329b839-2890-4139-beee-2b486d1f212d:192.168.30.10:41459] returns group-D05F327A3C7A:java.util.concurrent.CompletableFuture@21647b4b[Not completed]
2019-09-25 05:51:13,041 [pool-693-thread-1] INFO  impl.RaftServerImpl (RaftServerImpl.java:<init>(95)) - 7329b839-2890-4139-beee-2b486d1f212d: new RaftServerImpl for group-D05F327A3C7A:[7329b839-2890-4139-beee-2b486d1f212d:192.168.30.10:41459] with ContainerStateMachine:uninitialized
2019-09-25 05:51:13,041 [pool-693-thread-1] INFO  server.RaftServerConfigKeys (ConfUtils.java:logGet(43)) - raft.server.rpc.timeout.min = 5s (custom)
2019-09-25 05:51:13,042 [pool-693-thread-1] INFO  server.RaftServerConfigKeys (ConfUtils.java:logGet(43)) - raft.server.rpc.timeout.max = 5200ms (custom)
2019-09-25 05:51:13,042 [pool-693-thread-1] INFO  server.RaftServerConfigKeys (ConfUtils.java:logGet(43)) - raft.server.rpcslowness.timeout = 120s (custom)
2019-09-25 05:51:13,042 [pool-693-thread-1] INFO  server.RaftServerConfigKeys (ConfUtils.java:logGet(43)) - raft.server.sleep.deviation.threshold = 300 (default)
2019-09-25 05:51:13,042 [pool-693-thread-1] INFO  server.RaftServerConfigKeys (ConfUtils.java:logGet(43)) - raft.server.log.appender.install.snapshot.enabled = false (custom)
2019-09-25 05:51:13,042 [pool-693-thread-1] INFO  impl.RaftServerImpl (ServerState.java:<init>(103)) - 7329b839-2890-4139-beee-2b486d1f212d@group-D05F327A3C7A: ConfigurationManager, init=-1: [7329b839-2890-4139-beee-2b486d1f212d:192.168.30.10:41459], old=null, confs=<EMPTY_MAP>
2019-09-25 05:51:13,042 [pool-693-thread-1] INFO  server.RaftServerConfigKeys (ConfUtils.java:logGet(43)) - raft.server.storage.dir = [/workdir/hadoop-ozone/integration-test/target/test-dir/MiniOzoneClusterImpl-6389a31f-e1b2-4948-a777-3ab81d592f44/datanode-2/data/ratis] (custom)
2019-09-25 05:51:13,043 [pool-693-thread-1] INFO  storage.RaftStorageDirectory (RaftStorageDirectory.java:analyzeStorage(246)) - The storage directory /workdir/hadoop-ozone/integration-test/target/test-dir/MiniOzoneClusterImpl-6389a31f-e1b2-4948-a777-3ab81d592f44/datanode-2/data/ratis/46bd9dcd-5a6f-4ab7-be19-d05f327a3c7a does not exist. Creating ...
2019-09-25 05:51:13,056 [pool-693-thread-1] INFO  storage.RaftStorageDirectory (RaftStorageDirectory.java:tryLock(328)) - Lock on /workdir/hadoop-ozone/integration-test/target/test-dir/MiniOzoneClusterImpl-6389a31f-e1b2-4948-a777-3ab81d592f44/datanode-2/data/ratis/46bd9dcd-5a6f-4ab7-be19-d05f327a3c7a/in_use.lock acquired by nodename 13539@pr-hdds-1569-s62bp-3040748787
2019-09-25 05:51:13,058 [pool-693-thread-1] INFO  storage.RaftStorage (RaftStorage.java:format(72)) - Storage directory /workdir/hadoop-ozone/integration-test/target/test-dir/MiniOzoneClusterImpl-6389a31f-e1b2-4948-a777-3ab81d592f44/datanode-2/data/ratis/46bd9dcd-5a6f-4ab7-be19-d05f327a3c7a has been successfully formatted.
2019-09-25 05:51:13,058 [pool-693-thread-1] INFO  ratis.ContainerStateMachine (ContainerStateMachine.java:loadSnapshot(230)) - group-D05F327A3C7A: The snapshot info is null. Setting the last applied indexto:(t:0, i:~)
2019-09-25 05:51:13,058 [pool-693-thread-1] INFO  server.RaftServerConfigKeys (ConfUtils.java:logGet(43)) - raft.server.notification.no-leader.timeout = 120s (custom)
2019-09-25 05:51:13,058 [pool-693-thread-1] INFO  server.RaftServerConfigKeys (ConfUtils.java:logGet(43)) - raft.server.log.use.memory = false (default)
2019-09-25 05:51:13,059 [pool-693-thread-1] INFO  server.RaftServerConfigKeys (ConfUtils.java:logGet(43)) - raft.server.log.purge.gap = 1000000 (custom)
2019-09-25 05:51:13,059 [pool-693-thread-1] INFO  server.RaftServerConfigKeys (ConfUtils.java:logGet(43)) - raft.server.log.appender.buffer.byte-limit = 33554432 (custom)
2019-09-25 05:51:13,059 [pool-693-thread-1] INFO  server.RaftServerConfigKeys (ConfUtils.java:logGet(43)) - raft.server.log.segment.size.max = 1048576 (custom)
2019-09-25 05:51:13,059 [pool-693-thread-1] INFO  server.RaftServerConfigKeys (ConfUtils.java:logGet(43)) - raft.server.log.segment.cache.num.max = 2 (custom)
2019-09-25 05:51:13,059 [pool-693-thread-1] INFO  segmented.SegmentedRaftLogWorker (SegmentedRaftLogWorker.java:<init>(172)) - new 7329b839-2890-4139-beee-2b486d1f212d@group-D05F327A3C7A-SegmentedRaftLogWorker for RaftStorage:Storage Directory /workdir/hadoop-ozone/integration-test/target/test-dir/MiniOzoneClusterImpl-6389a31f-e1b2-4948-a777-3ab81d592f44/datanode-2/data/ratis/46bd9dcd-5a6f-4ab7-be19-d05f327a3c7a
2019-09-25 05:51:13,059 [pool-693-thread-1] INFO  server.RaftServerConfigKeys (ConfUtils.java:logGet(43)) - raft.server.log.queue.byte-limit = 2147483647 (custom)
2019-09-25 05:51:13,059 [pool-693-thread-1] INFO  server.RaftServerConfigKeys (ConfUtils.java:logGet(43)) - raft.server.log.queue.element-limit = 1024 (custom)
2019-09-25 05:51:13,059 [pool-693-thread-1] INFO  server.RaftServerConfigKeys (ConfUtils.java:logGet(43)) - raft.server.log.segment.size.max = 1048576 (custom)
2019-09-25 05:51:13,059 [pool-693-thread-1] INFO  server.RaftServerConfigKeys (ConfUtils.java:logGet(43)) - raft.server.log.preallocated.size = 16384 (custom)
2019-09-25 05:51:13,059 [pool-693-thread-1] INFO  server.RaftServerConfigKeys (ConfUtils.java:logGet(43)) - raft.server.log.write.buffer.size = 33554432 (custom)
2019-09-25 05:51:13,059 [pool-693-thread-1] INFO  server.RaftServerConfigKeys (ConfUtils.java:logGet(43)) - raft.server.log.force.sync.num = 128 (default)
2019-09-25 05:51:13,059 [pool-693-thread-1] INFO  server.RaftServerConfigKeys (ConfUtils.java:logGet(43)) - raft.server.log.statemachine.data.sync = true (default)
2019-09-25 05:51:13,059 [pool-693-thread-1] INFO  server.RaftServerConfigKeys (ConfUtils.java:logGet(43)) - raft.server.log.statemachine.data.sync.timeout = 10s (default)
2019-09-25 05:51:13,060 [pool-693-thread-1] INFO  server.RaftServerConfigKeys (ConfUtils.java:logGet(43)) - raft.server.log.statemachine.data.sync.timeout.retry = -1 (default)
2019-09-25 05:51:13,060 [pool-693-thread-1] INFO  server.RaftServerConfigKeys (ConfUtils.java:logGet(43)) - raft.server.log.statemachine.data.caching.enabled = true (custom)
2019-09-25 05:51:13,060 [pool-693-thread-1] INFO  segmented.SegmentedRaftLogWorker (SegmentedRaftLogWorker.java:lambda$new$0(132)) - 7329b839-2890-4139-beee-2b486d1f212d@group-D05F327A3C7A-SegmentedRaftLogWorker: flushIndex: setUnconditionally 0 -> -1
2019-09-25 05:51:13,060 [pool-693-thread-1] INFO  server.RaftServerConfigKeys (ConfUtils.java:logGet(43)) - raft.server.snapshot.auto.trigger.enabled = true (custom)
2019-09-25 05:51:13,060 [pool-693-thread-1] INFO  server.RaftServerConfigKeys (ConfUtils.java:logGet(43)) - raft.server.snapshot.auto.trigger.threshold = 10000 (custom)
2019-09-25 05:51:13,060 [pool-693-thread-1] INFO  server.RaftServerConfigKeys (ConfUtils.java:logGet(43)) - raft.server.snapshot.retention.num.files = 5 (custom)
2019-09-25 05:51:13,060 [pool-693-thread-1] INFO  server.RaftServerConfigKeys (ConfUtils.java:logGet(43)) - raft.server.retrycache.expirytime = 600000ms (custom)
2019-09-25 05:51:13,061 [pool-693-thread-1] INFO  impl.RaftServerImpl (RaftServerImpl.java:start(185)) - 7329b839-2890-4139-beee-2b486d1f212d@group-D05F327A3C7A: start as a follower, conf=-1: [7329b839-2890-4139-beee-2b486d1f212d:192.168.30.10:41459], old=null
2019-09-25 05:51:13,061 [pool-693-thread-1] INFO  impl.RaftServerImpl (RaftServerImpl.java:setRole(174)) - 7329b839-2890-4139-beee-2b486d1f212d@group-D05F327A3C7A: changes role from      null to FOLLOWER at term 0 for startAsFollower
2019-09-25 05:51:13,061 [pool-693-thread-1] INFO  impl.RoleInfo (RoleInfo.java:updateAndGet(143)) - 7329b839-2890-4139-beee-2b486d1f212d: start FollowerState
2019-09-25 05:51:13,062 [pool-693-thread-1] INFO  util.JmxRegister (JmxRegister.java:tryRegister(44)) - Successfully registered JMX Bean with object name Ratis:service=RaftServer,group=group-D05F327A3C7A,id=7329b839-2890-4139-beee-2b486d1f212d
2019-09-25 05:51:13,064 [RatisPipelineUtilsThread] INFO  pipeline.PipelineStateManager (PipelineStateManager.java:addPipeline(56)) - Created pipeline Pipeline[ Id: 46bd9dcd-5a6f-4ab7-be19-d05f327a3c7a, Nodes: 7329b839-2890-4139-beee-2b486d1f212d{ip: 192.168.30.10, host: pr-hdds-1569-s62bp-3040748787, networkLocation: /default-rack, certSerialId: null}, Type:RATIS, Factor:ONE, State:OPEN]
2019-09-25 05:51:13,064 [RatisPipelineUtilsThread] INFO  pipeline.PipelinePlacementPolicy (PipelinePlacementPolicy.java:meetCriteria(91)) - Pipeline Placement: Doesn't meet the criteria to be viable node： 1705b612-ae52-4202-ba1e-b52c03c1d4d6 Heaviness: 6 limit: 5
2019-09-25 05:51:13,064 [RatisPipelineUtilsThread] INFO  pipeline.PipelinePlacementPolicy (PipelinePlacementPolicy.java:meetCriteria(91)) - Pipeline Placement: Doesn't meet the criteria to be viable node： aa12bdd9-b98d-4e1b-b7bd-0fb99805d214 Heaviness: 6 limit: 5
2019-09-25 05:51:13,072 [grpc-default-executor-0] INFO  impl.RaftServerProxy (RaftServerProxy.java:addNew(89)) - f6b408ab-d2bf-4cc7-9b61-adae7633a687: addNew group-B339B9C9BC2D:[f6b408ab-d2bf-4cc7-9b61-adae7633a687:192.168.30.10:35118] returns group-B339B9C9BC2D:java.util.concurrent.CompletableFuture@2c53f3e6[Not completed]
2019-09-25 05:51:13,072 [pool-703-thread-1] INFO  impl.RaftServerImpl (RaftServerImpl.java:<init>(95)) - f6b408ab-d2bf-4cc7-9b61-adae7633a687: new RaftServerImpl for group-B339B9C9BC2D:[f6b408ab-d2bf-4cc7-9b61-adae7633a687:192.168.30.10:35118] with ContainerStateMachine:uninitialized
2019-09-25 05:51:13,072 [pool-703-thread-1] INFO  server.RaftServerConfigKeys (ConfUtils.java:logGet(43)) - raft.server.rpc.timeout.min = 5s (custom)
2019-09-25 05:51:13,072 [pool-703-thread-1] INFO  server.RaftServerConfigKeys (ConfUtils.java:logGet(43)) - raft.server.rpc.timeout.max = 5200ms (custom)
2019-09-25 05:51:13,072 [pool-703-thread-1] INFO  server.RaftServerConfigKeys (ConfUtils.java:logGet(43)) - raft.server.rpcslowness.timeout = 120s (custom)
2019-09-25 05:51:13,073 [pool-703-thread-1] INFO  server.RaftServerConfigKeys (ConfUtils.java:logGet(43)) - raft.server.sleep.deviation.threshold = 300 (default)
2019-09-25 05:51:13,073 [pool-703-thread-1] INFO  server.RaftServerConfigKeys (ConfUtils.java:logGet(43)) - raft.server.log.appender.install.snapshot.enabled = false (custom)
2019-09-25 05:51:13,073 [pool-703-thread-1] INFO  impl.RaftServerImpl (ServerState.java:<init>(103)) - f6b408ab-d2bf-4cc7-9b61-adae7633a687@group-B339B9C9BC2D: ConfigurationManager, init=-1: [f6b408ab-d2bf-4cc7-9b61-adae7633a687:192.168.30.10:35118], old=null, confs=<EMPTY_MAP>
2019-09-25 05:51:13,073 [pool-703-thread-1] INFO  server.RaftServerConfigKeys (ConfUtils.java:logGet(43)) - raft.server.storage.dir = [/workdir/hadoop-ozone/integration-test/target/test-dir/MiniOzoneClusterImpl-6389a31f-e1b2-4948-a777-3ab81d592f44/datanode-3/data/ratis] (custom)
2019-09-25 05:51:13,073 [pool-703-thread-1] INFO  storage.RaftStorageDirectory (RaftStorageDirectory.java:analyzeStorage(246)) - The storage directory /workdir/hadoop-ozone/integration-test/target/test-dir/MiniOzoneClusterImpl-6389a31f-e1b2-4948-a777-3ab81d592f44/datanode-3/data/ratis/d6168398-d887-4cff-8c1c-b339b9c9bc2d does not exist. Creating ...
2019-09-25 05:51:13,085 [pool-703-thread-1] INFO  storage.RaftStorageDirectory (RaftStorageDirectory.java:tryLock(328)) - Lock on /workdir/hadoop-ozone/integration-test/target/test-dir/MiniOzoneClusterImpl-6389a31f-e1b2-4948-a777-3ab81d592f44/datanode-3/data/ratis/d6168398-d887-4cff-8c1c-b339b9c9bc2d/in_use.lock acquired by nodename 13539@pr-hdds-1569-s62bp-3040748787
2019-09-25 05:51:13,096 [main] INFO  ozone.MiniOzoneClusterImpl (MiniOzoneClusterImpl.java:lambda$waitForClusterToBeReady$0(147)) - Waiting for cluster to be ready. Got 6 of 7 DN Heartbeats.
2019-09-25 05:51:13,096 [IPC Server handler 6 on 36663] INFO  net.NetworkTopology (NetworkTopologyImpl.java:add(111)) - Added a new node: /default-rack/d6964a7c-cb4f-4cee-bc55-175c0a9b9094
2019-09-25 05:51:13,096 [IPC Server handler 6 on 36663] INFO  node.SCMNodeManager (SCMNodeManager.java:register(266)) - Registered Data node : d6964a7c-cb4f-4cee-bc55-175c0a9b9094{ip: 192.168.30.10, host: pr-hdds-1569-s62bp-3040748787, networkLocation: /default-rack, certSerialId: null}
2019-09-25 05:51:13,098 [pool-703-thread-1] INFO  storage.RaftStorage (RaftStorage.java:format(72)) - Storage directory /workdir/hadoop-ozone/integration-test/target/test-dir/MiniOzoneClusterImpl-6389a31f-e1b2-4948-a777-3ab81d592f44/datanode-3/data/ratis/d6168398-d887-4cff-8c1c-b339b9c9bc2d has been successfully formatted.
2019-09-25 05:51:13,098 [pool-703-thread-1] INFO  ratis.ContainerStateMachine (ContainerStateMachine.java:loadSnapshot(230)) - group-B339B9C9BC2D: The snapshot info is null. Setting the last applied indexto:(t:0, i:~)
2019-09-25 05:51:13,098 [pool-703-thread-1] INFO  server.RaftServerConfigKeys (ConfUtils.java:logGet(43)) - raft.server.notification.no-leader.timeout = 120s (custom)
2019-09-25 05:51:13,099 [pool-703-thread-1] INFO  server.RaftServerConfigKeys (ConfUtils.java:logGet(43)) - raft.server.log.use.memory = false (default)
2019-09-25 05:51:13,099 [pool-703-thread-1] INFO  server.RaftServerConfigKeys (ConfUtils.java:logGet(43)) - raft.server.log.purge.gap = 1000000 (custom)
2019-09-25 05:51:13,099 [pool-703-thread-1] INFO  server.RaftServerConfigKeys (ConfUtils.java:logGet(43)) - raft.server.log.appender.buffer.byte-limit = 33554432 (custom)
2019-09-25 05:51:13,099 [pool-703-thread-1] INFO  server.RaftServerConfigKeys (ConfUtils.java:logGet(43)) - raft.server.log.segment.size.max = 1048576 (custom)
2019-09-25 05:51:13,099 [pool-703-thread-1] INFO  server.RaftServerConfigKeys (ConfUtils.java:logGet(43)) - raft.server.log.segment.cache.num.max = 2 (custom)
2019-09-25 05:51:13,099 [pool-703-thread-1] INFO  segmented.SegmentedRaftLogWorker (SegmentedRaftLogWorker.java:<init>(172)) - new f6b408ab-d2bf-4cc7-9b61-adae7633a687@group-B339B9C9BC2D-SegmentedRaftLogWorker for RaftStorage:Storage Directory /workdir/hadoop-ozone/integration-test/target/test-dir/MiniOzoneClusterImpl-6389a31f-e1b2-4948-a777-3ab81d592f44/datanode-3/data/ratis/d6168398-d887-4cff-8c1c-b339b9c9bc2d
2019-09-25 05:51:13,100 [pool-703-thread-1] INFO  server.RaftServerConfigKeys (ConfUtils.java:logGet(43)) - raft.server.log.queue.byte-limit = 2147483647 (custom)
2019-09-25 05:51:13,100 [pool-703-thread-1] INFO  server.RaftServerConfigKeys (ConfUtils.java:logGet(43)) - raft.server.log.queue.element-limit = 1024 (custom)
2019-09-25 05:51:13,100 [pool-703-thread-1] INFO  server.RaftServerConfigKeys (ConfUtils.java:logGet(43)) - raft.server.log.segment.size.max = 1048576 (custom)
2019-09-25 05:51:13,100 [pool-703-thread-1] INFO  server.RaftServerConfigKeys (ConfUtils.java:logGet(43)) - raft.server.log.preallocated.size = 16384 (custom)
2019-09-25 05:51:13,100 [pool-703-thread-1] INFO  server.RaftServerConfigKeys (ConfUtils.java:logGet(43)) - raft.server.log.write.buffer.size = 33554432 (custom)
2019-09-25 05:51:13,100 [pool-703-thread-1] INFO  server.RaftServerConfigKeys (ConfUtils.java:logGet(43)) - raft.server.log.force.sync.num = 128 (default)
2019-09-25 05:51:13,100 [pool-703-thread-1] INFO  server.RaftServerConfigKeys (ConfUtils.java:logGet(43)) - raft.server.log.statemachine.data.sync = true (default)
2019-09-25 05:51:13,101 [pool-703-thread-1] INFO  server.RaftServerConfigKeys (ConfUtils.java:logGet(43)) - raft.server.log.statemachine.data.sync.timeout = 10s (default)
2019-09-25 05:51:13,101 [pool-703-thread-1] INFO  server.RaftServerConfigKeys (ConfUtils.java:logGet(43)) - raft.server.log.statemachine.data.sync.timeout.retry = -1 (default)
2019-09-25 05:51:13,101 [pool-703-thread-1] INFO  server.RaftServerConfigKeys (ConfUtils.java:logGet(43)) - raft.server.log.statemachine.data.caching.enabled = true (custom)
2019-09-25 05:51:13,101 [pool-703-thread-1] INFO  segmented.SegmentedRaftLogWorker (SegmentedRaftLogWorker.java:lambda$new$0(132)) - f6b408ab-d2bf-4cc7-9b61-adae7633a687@group-B339B9C9BC2D-SegmentedRaftLogWorker: flushIndex: setUnconditionally 0 -> -1
2019-09-25 05:51:13,101 [pool-703-thread-1] INFO  server.RaftServerConfigKeys (ConfUtils.java:logGet(43)) - raft.server.snapshot.auto.trigger.enabled = true (custom)
2019-09-25 05:51:13,101 [pool-703-thread-1] INFO  server.RaftServerConfigKeys (ConfUtils.java:logGet(43)) - raft.server.snapshot.auto.trigger.threshold = 10000 (custom)
2019-09-25 05:51:13,101 [pool-703-thread-1] INFO  server.RaftServerConfigKeys (ConfUtils.java:logGet(43)) - raft.server.snapshot.retention.num.files = 5 (custom)
2019-09-25 05:51:13,101 [pool-703-thread-1] INFO  server.RaftServerConfigKeys (ConfUtils.java:logGet(43)) - raft.server.retrycache.expirytime = 600000ms (custom)
2019-09-25 05:51:13,102 [pool-703-thread-1] INFO  impl.RaftServerImpl (RaftServerImpl.java:start(185)) - f6b408ab-d2bf-4cc7-9b61-adae7633a687@group-B339B9C9BC2D: start as a follower, conf=-1: [f6b408ab-d2bf-4cc7-9b61-adae7633a687:192.168.30.10:35118], old=null
2019-09-25 05:51:13,102 [pool-703-thread-1] INFO  impl.RaftServerImpl (RaftServerImpl.java:setRole(174)) - f6b408ab-d2bf-4cc7-9b61-adae7633a687@group-B339B9C9BC2D: changes role from      null to FOLLOWER at term 0 for startAsFollower
2019-09-25 05:51:13,102 [pool-703-thread-1] INFO  impl.RoleInfo (RoleInfo.java:updateAndGet(143)) - f6b408ab-d2bf-4cc7-9b61-adae7633a687: start FollowerState
2019-09-25 05:51:13,103 [pool-703-thread-1] INFO  util.JmxRegister (JmxRegister.java:tryRegister(44)) - Successfully registered JMX Bean with object name Ratis:service=RaftServer,group=group-B339B9C9BC2D,id=f6b408ab-d2bf-4cc7-9b61-adae7633a687
2019-09-25 05:51:13,104 [RatisPipelineUtilsThread] INFO  pipeline.PipelineStateManager (PipelineStateManager.java:addPipeline(56)) - Created pipeline Pipeline[ Id: d6168398-d887-4cff-8c1c-b339b9c9bc2d, Nodes: f6b408ab-d2bf-4cc7-9b61-adae7633a687{ip: 192.168.30.10, host: pr-hdds-1569-s62bp-3040748787, networkLocation: /default-rack, certSerialId: null}, Type:RATIS, Factor:ONE, State:OPEN]
2019-09-25 05:51:13,104 [RatisPipelineUtilsThread] INFO  pipeline.PipelinePlacementPolicy (PipelinePlacementPolicy.java:meetCriteria(91)) - Pipeline Placement: Doesn't meet the criteria to be viable node： 1705b612-ae52-4202-ba1e-b52c03c1d4d6 Heaviness: 6 limit: 5
2019-09-25 05:51:13,104 [RatisPipelineUtilsThread] INFO  pipeline.PipelinePlacementPolicy (PipelinePlacementPolicy.java:meetCriteria(91)) - Pipeline Placement: Doesn't meet the criteria to be viable node： aa12bdd9-b98d-4e1b-b7bd-0fb99805d214 Heaviness: 6 limit: 5
2019-09-25 05:51:13,107 [grpc-default-executor-0] INFO  impl.RaftServerProxy (RaftServerProxy.java:addNew(89)) - 7329b839-2890-4139-beee-2b486d1f212d: addNew group-8CFCE157D67E:[7329b839-2890-4139-beee-2b486d1f212d:192.168.30.10:41459] returns group-8CFCE157D67E:java.util.concurrent.CompletableFuture@798078c4[Not completed]
2019-09-25 05:51:13,108 [pool-693-thread-1] INFO  impl.RaftServerImpl (RaftServerImpl.java:<init>(95)) - 7329b839-2890-4139-beee-2b486d1f212d: new RaftServerImpl for group-8CFCE157D67E:[7329b839-2890-4139-beee-2b486d1f212d:192.168.30.10:41459] with ContainerStateMachine:uninitialized
2019-09-25 05:51:13,108 [pool-693-thread-1] INFO  server.RaftServerConfigKeys (ConfUtils.java:logGet(43)) - raft.server.rpc.timeout.min = 5s (custom)
2019-09-25 05:51:13,108 [pool-693-thread-1] INFO  server.RaftServerConfigKeys (ConfUtils.java:logGet(43)) - raft.server.rpc.timeout.max = 5200ms (custom)
2019-09-25 05:51:13,108 [pool-693-thread-1] INFO  server.RaftServerConfigKeys (ConfUtils.java:logGet(43)) - raft.server.rpcslowness.timeout = 120s (custom)
2019-09-25 05:51:13,108 [pool-693-thread-1] INFO  server.RaftServerConfigKeys (ConfUtils.java:logGet(43)) - raft.server.sleep.deviation.threshold = 300 (default)
2019-09-25 05:51:13,108 [pool-693-thread-1] INFO  server.RaftServerConfigKeys (ConfUtils.java:logGet(43)) - raft.server.log.appender.install.snapshot.enabled = false (custom)
2019-09-25 05:51:13,108 [pool-693-thread-1] INFO  impl.RaftServerImpl (ServerState.java:<init>(103)) - 7329b839-2890-4139-beee-2b486d1f212d@group-8CFCE157D67E: ConfigurationManager, init=-1: [7329b839-2890-4139-beee-2b486d1f212d:192.168.30.10:41459], old=null, confs=<EMPTY_MAP>
2019-09-25 05:51:13,108 [pool-693-thread-1] INFO  server.RaftServerConfigKeys (ConfUtils.java:logGet(43)) - raft.server.storage.dir = [/workdir/hadoop-ozone/integration-test/target/test-dir/MiniOzoneClusterImpl-6389a31f-e1b2-4948-a777-3ab81d592f44/datanode-2/data/ratis] (custom)
2019-09-25 05:51:13,108 [pool-693-thread-1] INFO  storage.RaftStorageDirectory (RaftStorageDirectory.java:analyzeStorage(246)) - The storage directory /workdir/hadoop-ozone/integration-test/target/test-dir/MiniOzoneClusterImpl-6389a31f-e1b2-4948-a777-3ab81d592f44/datanode-2/data/ratis/c76f8e95-f8c1-4492-a4d2-8cfce157d67e does not exist. Creating ...
2019-09-25 05:51:13,120 [pool-693-thread-1] INFO  storage.RaftStorageDirectory (RaftStorageDirectory.java:tryLock(328)) - Lock on /workdir/hadoop-ozone/integration-test/target/test-dir/MiniOzoneClusterImpl-6389a31f-e1b2-4948-a777-3ab81d592f44/datanode-2/data/ratis/c76f8e95-f8c1-4492-a4d2-8cfce157d67e/in_use.lock acquired by nodename 13539@pr-hdds-1569-s62bp-3040748787
2019-09-25 05:51:13,123 [pool-693-thread-1] INFO  storage.RaftStorage (RaftStorage.java:format(72)) - Storage directory /workdir/hadoop-ozone/integration-test/target/test-dir/MiniOzoneClusterImpl-6389a31f-e1b2-4948-a777-3ab81d592f44/datanode-2/data/ratis/c76f8e95-f8c1-4492-a4d2-8cfce157d67e has been successfully formatted.
2019-09-25 05:51:13,123 [pool-693-thread-1] INFO  ratis.ContainerStateMachine (ContainerStateMachine.java:loadSnapshot(230)) - group-8CFCE157D67E: The snapshot info is null. Setting the last applied indexto:(t:0, i:~)
2019-09-25 05:51:13,123 [pool-693-thread-1] INFO  server.RaftServerConfigKeys (ConfUtils.java:logGet(43)) - raft.server.notification.no-leader.timeout = 120s (custom)
2019-09-25 05:51:13,123 [pool-693-thread-1] INFO  server.RaftServerConfigKeys (ConfUtils.java:logGet(43)) - raft.server.log.use.memory = false (default)
2019-09-25 05:51:13,123 [pool-693-thread-1] INFO  server.RaftServerConfigKeys (ConfUtils.java:logGet(43)) - raft.server.log.purge.gap = 1000000 (custom)
2019-09-25 05:51:13,123 [pool-693-thread-1] INFO  server.RaftServerConfigKeys (ConfUtils.java:logGet(43)) - raft.server.log.appender.buffer.byte-limit = 33554432 (custom)
2019-09-25 05:51:13,123 [pool-693-thread-1] INFO  server.RaftServerConfigKeys (ConfUtils.java:logGet(43)) - raft.server.log.segment.size.max = 1048576 (custom)
2019-09-25 05:51:13,123 [pool-693-thread-1] INFO  server.RaftServerConfigKeys (ConfUtils.java:logGet(43)) - raft.server.log.segment.cache.num.max = 2 (custom)
2019-09-25 05:51:13,123 [pool-693-thread-1] INFO  segmented.SegmentedRaftLogWorker (SegmentedRaftLogWorker.java:<init>(172)) - new 7329b839-2890-4139-beee-2b486d1f212d@group-8CFCE157D67E-SegmentedRaftLogWorker for RaftStorage:Storage Directory /workdir/hadoop-ozone/integration-test/target/test-dir/MiniOzoneClusterImpl-6389a31f-e1b2-4948-a777-3ab81d592f44/datanode-2/data/ratis/c76f8e95-f8c1-4492-a4d2-8cfce157d67e
2019-09-25 05:51:13,123 [pool-693-thread-1] INFO  server.RaftServerConfigKeys (ConfUtils.java:logGet(43)) - raft.server.log.queue.byte-limit = 2147483647 (custom)
2019-09-25 05:51:13,124 [pool-693-thread-1] INFO  server.RaftServerConfigKeys (ConfUtils.java:logGet(43)) - raft.server.log.queue.element-limit = 1024 (custom)
2019-09-25 05:51:13,124 [pool-693-thread-1] INFO  server.RaftServerConfigKeys (ConfUtils.java:logGet(43)) - raft.server.log.segment.size.max = 1048576 (custom)
2019-09-25 05:51:13,124 [pool-693-thread-1] INFO  server.RaftServerConfigKeys (ConfUtils.java:logGet(43)) - raft.server.log.preallocated.size = 16384 (custom)
2019-09-25 05:51:13,124 [pool-693-thread-1] INFO  server.RaftServerConfigKeys (ConfUtils.java:logGet(43)) - raft.server.log.write.buffer.size = 33554432 (custom)
2019-09-25 05:51:13,124 [pool-693-thread-1] INFO  server.RaftServerConfigKeys (ConfUtils.java:logGet(43)) - raft.server.log.force.sync.num = 128 (default)
2019-09-25 05:51:13,124 [pool-693-thread-1] INFO  server.RaftServerConfigKeys (ConfUtils.java:logGet(43)) - raft.server.log.statemachine.data.sync = true (default)
2019-09-25 05:51:13,124 [pool-693-thread-1] INFO  server.RaftServerConfigKeys (ConfUtils.java:logGet(43)) - raft.server.log.statemachine.data.sync.timeout = 10s (default)
2019-09-25 05:51:13,124 [pool-693-thread-1] INFO  server.RaftServerConfigKeys (ConfUtils.java:logGet(43)) - raft.server.log.statemachine.data.sync.timeout.retry = -1 (default)
2019-09-25 05:51:13,124 [pool-693-thread-1] INFO  server.RaftServerConfigKeys (ConfUtils.java:logGet(43)) - raft.server.log.statemachine.data.caching.enabled = true (custom)
2019-09-25 05:51:13,124 [pool-693-thread-1] INFO  segmented.SegmentedRaftLogWorker (SegmentedRaftLogWorker.java:lambda$new$0(132)) - 7329b839-2890-4139-beee-2b486d1f212d@group-8CFCE157D67E-SegmentedRaftLogWorker: flushIndex: setUnconditionally 0 -> -1
2019-09-25 05:51:13,124 [pool-693-thread-1] INFO  server.RaftServerConfigKeys (ConfUtils.java:logGet(43)) - raft.server.snapshot.auto.trigger.enabled = true (custom)
2019-09-25 05:51:13,125 [pool-693-thread-1] INFO  server.RaftServerConfigKeys (ConfUtils.java:logGet(43)) - raft.server.snapshot.auto.trigger.threshold = 10000 (custom)
2019-09-25 05:51:13,125 [pool-693-thread-1] INFO  server.RaftServerConfigKeys (ConfUtils.java:logGet(43)) - raft.server.snapshot.retention.num.files = 5 (custom)
2019-09-25 05:51:13,125 [pool-693-thread-1] INFO  server.RaftServerConfigKeys (ConfUtils.java:logGet(43)) - raft.server.retrycache.expirytime = 600000ms (custom)
2019-09-25 05:51:13,126 [pool-693-thread-1] INFO  impl.RaftServerImpl (RaftServerImpl.java:start(185)) - 7329b839-2890-4139-beee-2b486d1f212d@group-8CFCE157D67E: start as a follower, conf=-1: [7329b839-2890-4139-beee-2b486d1f212d:192.168.30.10:41459], old=null
2019-09-25 05:51:13,126 [pool-693-thread-1] INFO  impl.RaftServerImpl (RaftServerImpl.java:setRole(174)) - 7329b839-2890-4139-beee-2b486d1f212d@group-8CFCE157D67E: changes role from      null to FOLLOWER at term 0 for startAsFollower
2019-09-25 05:51:13,126 [pool-693-thread-1] INFO  impl.RoleInfo (RoleInfo.java:updateAndGet(143)) - 7329b839-2890-4139-beee-2b486d1f212d: start FollowerState
2019-09-25 05:51:13,126 [pool-693-thread-1] INFO  util.JmxRegister (JmxRegister.java:tryRegister(44)) - Successfully registered JMX Bean with object name Ratis:service=RaftServer,group=group-8CFCE157D67E,id=7329b839-2890-4139-beee-2b486d1f212d
2019-09-25 05:51:13,128 [RatisPipelineUtilsThread] INFO  pipeline.PipelineStateManager (PipelineStateManager.java:addPipeline(56)) - Created pipeline Pipeline[ Id: c76f8e95-f8c1-4492-a4d2-8cfce157d67e, Nodes: 7329b839-2890-4139-beee-2b486d1f212d{ip: 192.168.30.10, host: pr-hdds-1569-s62bp-3040748787, networkLocation: /default-rack, certSerialId: null}, Type:RATIS, Factor:ONE, State:OPEN]
2019-09-25 05:51:13,128 [RatisPipelineUtilsThread] INFO  pipeline.PipelinePlacementPolicy (PipelinePlacementPolicy.java:meetCriteria(91)) - Pipeline Placement: Doesn't meet the criteria to be viable node： 1705b612-ae52-4202-ba1e-b52c03c1d4d6 Heaviness: 6 limit: 5
2019-09-25 05:51:13,128 [RatisPipelineUtilsThread] INFO  pipeline.PipelinePlacementPolicy (PipelinePlacementPolicy.java:meetCriteria(91)) - Pipeline Placement: Doesn't meet the criteria to be viable node： aa12bdd9-b98d-4e1b-b7bd-0fb99805d214 Heaviness: 6 limit: 5
2019-09-25 05:51:13,130 [grpc-default-executor-0] INFO  impl.RaftServerProxy (RaftServerProxy.java:addNew(89)) - 7329b839-2890-4139-beee-2b486d1f212d: addNew group-FB315CBA32DC:[7329b839-2890-4139-beee-2b486d1f212d:192.168.30.10:41459] returns group-FB315CBA32DC:java.util.concurrent.CompletableFuture@37b1b450[Not completed]
2019-09-25 05:51:13,131 [pool-693-thread-1] INFO  impl.RaftServerImpl (RaftServerImpl.java:<init>(95)) - 7329b839-2890-4139-beee-2b486d1f212d: new RaftServerImpl for group-FB315CBA32DC:[7329b839-2890-4139-beee-2b486d1f212d:192.168.30.10:41459] with ContainerStateMachine:uninitialized
2019-09-25 05:51:13,131 [pool-693-thread-1] INFO  server.RaftServerConfigKeys (ConfUtils.java:logGet(43)) - raft.server.rpc.timeout.min = 5s (custom)
2019-09-25 05:51:13,131 [pool-693-thread-1] INFO  server.RaftServerConfigKeys (ConfUtils.java:logGet(43)) - raft.server.rpc.timeout.max = 5200ms (custom)
2019-09-25 05:51:13,131 [pool-693-thread-1] INFO  server.RaftServerConfigKeys (ConfUtils.java:logGet(43)) - raft.server.rpcslowness.timeout = 120s (custom)
2019-09-25 05:51:13,131 [pool-693-thread-1] INFO  server.RaftServerConfigKeys (ConfUtils.java:logGet(43)) - raft.server.sleep.deviation.threshold = 300 (default)
2019-09-25 05:51:13,131 [pool-693-thread-1] INFO  server.RaftServerConfigKeys (ConfUtils.java:logGet(43)) - raft.server.log.appender.install.snapshot.enabled = false (custom)
2019-09-25 05:51:13,131 [pool-693-thread-1] INFO  impl.RaftServerImpl (ServerState.java:<init>(103)) - 7329b839-2890-4139-beee-2b486d1f212d@group-FB315CBA32DC: ConfigurationManager, init=-1: [7329b839-2890-4139-beee-2b486d1f212d:192.168.30.10:41459], old=null, confs=<EMPTY_MAP>
2019-09-25 05:51:13,132 [pool-693-thread-1] INFO  server.RaftServerConfigKeys (ConfUtils.java:logGet(43)) - raft.server.storage.dir = [/workdir/hadoop-ozone/integration-test/target/test-dir/MiniOzoneClusterImpl-6389a31f-e1b2-4948-a777-3ab81d592f44/datanode-2/data/ratis] (custom)
2019-09-25 05:51:13,132 [pool-693-thread-1] INFO  storage.RaftStorageDirectory (RaftStorageDirectory.java:analyzeStorage(246)) - The storage directory /workdir/hadoop-ozone/integration-test/target/test-dir/MiniOzoneClusterImpl-6389a31f-e1b2-4948-a777-3ab81d592f44/datanode-2/data/ratis/d34d5603-8a82-4bf2-be32-fb315cba32dc does not exist. Creating ...
2019-09-25 05:51:13,144 [pool-693-thread-1] INFO  storage.RaftStorageDirectory (RaftStorageDirectory.java:tryLock(328)) - Lock on /workdir/hadoop-ozone/integration-test/target/test-dir/MiniOzoneClusterImpl-6389a31f-e1b2-4948-a777-3ab81d592f44/datanode-2/data/ratis/d34d5603-8a82-4bf2-be32-fb315cba32dc/in_use.lock acquired by nodename 13539@pr-hdds-1569-s62bp-3040748787
2019-09-25 05:51:13,147 [pool-693-thread-1] INFO  storage.RaftStorage (RaftStorage.java:format(72)) - Storage directory /workdir/hadoop-ozone/integration-test/target/test-dir/MiniOzoneClusterImpl-6389a31f-e1b2-4948-a777-3ab81d592f44/datanode-2/data/ratis/d34d5603-8a82-4bf2-be32-fb315cba32dc has been successfully formatted.
2019-09-25 05:51:13,147 [pool-693-thread-1] INFO  ratis.ContainerStateMachine (ContainerStateMachine.java:loadSnapshot(230)) - group-FB315CBA32DC: The snapshot info is null. Setting the last applied indexto:(t:0, i:~)
2019-09-25 05:51:13,147 [pool-693-thread-1] INFO  server.RaftServerConfigKeys (ConfUtils.java:logGet(43)) - raft.server.notification.no-leader.timeout = 120s (custom)
2019-09-25 05:51:13,147 [pool-693-thread-1] INFO  server.RaftServerConfigKeys (ConfUtils.java:logGet(43)) - raft.server.log.use.memory = false (default)
2019-09-25 05:51:13,147 [pool-693-thread-1] INFO  server.RaftServerConfigKeys (ConfUtils.java:logGet(43)) - raft.server.log.purge.gap = 1000000 (custom)
2019-09-25 05:51:13,147 [pool-693-thread-1] INFO  server.RaftServerConfigKeys (ConfUtils.java:logGet(43)) - raft.server.log.appender.buffer.byte-limit = 33554432 (custom)
2019-09-25 05:51:13,147 [pool-693-thread-1] INFO  server.RaftServerConfigKeys (ConfUtils.java:logGet(43)) - raft.server.log.segment.size.max = 1048576 (custom)
2019-09-25 05:51:13,147 [pool-693-thread-1] INFO  server.RaftServerConfigKeys (ConfUtils.java:logGet(43)) - raft.server.log.segment.cache.num.max = 2 (custom)
2019-09-25 05:51:13,148 [pool-693-thread-1] INFO  segmented.SegmentedRaftLogWorker (SegmentedRaftLogWorker.java:<init>(172)) - new 7329b839-2890-4139-beee-2b486d1f212d@group-FB315CBA32DC-SegmentedRaftLogWorker for RaftStorage:Storage Directory /workdir/hadoop-ozone/integration-test/target/test-dir/MiniOzoneClusterImpl-6389a31f-e1b2-4948-a777-3ab81d592f44/datanode-2/data/ratis/d34d5603-8a82-4bf2-be32-fb315cba32dc
2019-09-25 05:51:13,148 [pool-693-thread-1] INFO  server.RaftServerConfigKeys (ConfUtils.java:logGet(43)) - raft.server.log.queue.byte-limit = 2147483647 (custom)
2019-09-25 05:51:13,148 [pool-693-thread-1] INFO  server.RaftServerConfigKeys (ConfUtils.java:logGet(43)) - raft.server.log.queue.element-limit = 1024 (custom)
2019-09-25 05:51:13,148 [pool-693-thread-1] INFO  server.RaftServerConfigKeys (ConfUtils.java:logGet(43)) - raft.server.log.segment.size.max = 1048576 (custom)
2019-09-25 05:51:13,148 [pool-693-thread-1] INFO  server.RaftServerConfigKeys (ConfUtils.java:logGet(43)) - raft.server.log.preallocated.size = 16384 (custom)
2019-09-25 05:51:13,148 [pool-693-thread-1] INFO  server.RaftServerConfigKeys (ConfUtils.java:logGet(43)) - raft.server.log.write.buffer.size = 33554432 (custom)
2019-09-25 05:51:13,148 [pool-693-thread-1] INFO  server.RaftServerConfigKeys (ConfUtils.java:logGet(43)) - raft.server.log.force.sync.num = 128 (default)
2019-09-25 05:51:13,148 [pool-693-thread-1] INFO  server.RaftServerConfigKeys (ConfUtils.java:logGet(43)) - raft.server.log.statemachine.data.sync = true (default)
2019-09-25 05:51:13,148 [pool-693-thread-1] INFO  server.RaftServerConfigKeys (ConfUtils.java:logGet(43)) - raft.server.log.statemachine.data.sync.timeout = 10s (default)
2019-09-25 05:51:13,148 [pool-693-thread-1] INFO  server.RaftServerConfigKeys (ConfUtils.java:logGet(43)) - raft.server.log.statemachine.data.sync.timeout.retry = -1 (default)
2019-09-25 05:51:13,148 [pool-693-thread-1] INFO  server.RaftServerConfigKeys (ConfUtils.java:logGet(43)) - raft.server.log.statemachine.data.caching.enabled = true (custom)
2019-09-25 05:51:13,148 [pool-693-thread-1] INFO  segmented.SegmentedRaftLogWorker (SegmentedRaftLogWorker.java:lambda$new$0(132)) - 7329b839-2890-4139-beee-2b486d1f212d@group-FB315CBA32DC-SegmentedRaftLogWorker: flushIndex: setUnconditionally 0 -> -1
2019-09-25 05:51:13,149 [pool-693-thread-1] INFO  server.RaftServerConfigKeys (ConfUtils.java:logGet(43)) - raft.server.snapshot.auto.trigger.enabled = true (custom)
2019-09-25 05:51:13,149 [pool-693-thread-1] INFO  server.RaftServerConfigKeys (ConfUtils.java:logGet(43)) - raft.server.snapshot.auto.trigger.threshold = 10000 (custom)
2019-09-25 05:51:13,149 [pool-693-thread-1] INFO  server.RaftServerConfigKeys (ConfUtils.java:logGet(43)) - raft.server.snapshot.retention.num.files = 5 (custom)
2019-09-25 05:51:13,149 [pool-693-thread-1] INFO  server.RaftServerConfigKeys (ConfUtils.java:logGet(43)) - raft.server.retrycache.expirytime = 600000ms (custom)
2019-09-25 05:51:13,150 [pool-693-thread-1] INFO  impl.RaftServerImpl (RaftServerImpl.java:start(185)) - 7329b839-2890-4139-beee-2b486d1f212d@group-FB315CBA32DC: start as a follower, conf=-1: [7329b839-2890-4139-beee-2b486d1f212d:192.168.30.10:41459], old=null
2019-09-25 05:51:13,150 [pool-693-thread-1] INFO  impl.RaftServerImpl (RaftServerImpl.java:setRole(174)) - 7329b839-2890-4139-beee-2b486d1f212d@group-FB315CBA32DC: changes role from      null to FOLLOWER at term 0 for startAsFollower
2019-09-25 05:51:13,150 [pool-693-thread-1] INFO  impl.RoleInfo (RoleInfo.java:updateAndGet(143)) - 7329b839-2890-4139-beee-2b486d1f212d: start FollowerState
2019-09-25 05:51:13,150 [pool-693-thread-1] INFO  util.JmxRegister (JmxRegister.java:tryRegister(44)) - Successfully registered JMX Bean with object name Ratis:service=RaftServer,group=group-FB315CBA32DC,id=7329b839-2890-4139-beee-2b486d1f212d
2019-09-25 05:51:13,152 [RatisPipelineUtilsThread] INFO  pipeline.PipelineStateManager (PipelineStateManager.java:addPipeline(56)) - Created pipeline Pipeline[ Id: d34d5603-8a82-4bf2-be32-fb315cba32dc, Nodes: 7329b839-2890-4139-beee-2b486d1f212d{ip: 192.168.30.10, host: pr-hdds-1569-s62bp-3040748787, networkLocation: /default-rack, certSerialId: null}, Type:RATIS, Factor:ONE, State:OPEN]
2019-09-25 05:51:13,152 [RatisPipelineUtilsThread] INFO  pipeline.PipelinePlacementPolicy (PipelinePlacementPolicy.java:meetCriteria(91)) - Pipeline Placement: Doesn't meet the criteria to be viable node： 1705b612-ae52-4202-ba1e-b52c03c1d4d6 Heaviness: 6 limit: 5
2019-09-25 05:51:13,152 [RatisPipelineUtilsThread] INFO  pipeline.PipelinePlacementPolicy (PipelinePlacementPolicy.java:meetCriteria(91)) - Pipeline Placement: Doesn't meet the criteria to be viable node： aa12bdd9-b98d-4e1b-b7bd-0fb99805d214 Heaviness: 6 limit: 5
2019-09-25 05:51:13,154 [grpc-default-executor-0] INFO  impl.RaftServerProxy (RaftServerProxy.java:addNew(89)) - f6b408ab-d2bf-4cc7-9b61-adae7633a687: addNew group-4DE62F4F26F6:[f6b408ab-d2bf-4cc7-9b61-adae7633a687:192.168.30.10:35118] returns group-4DE62F4F26F6:java.util.concurrent.CompletableFuture@186f4c2f[Not completed]
2019-09-25 05:51:13,155 [pool-703-thread-1] INFO  impl.RaftServerImpl (RaftServerImpl.java:<init>(95)) - f6b408ab-d2bf-4cc7-9b61-adae7633a687: new RaftServerImpl for group-4DE62F4F26F6:[f6b408ab-d2bf-4cc7-9b61-adae7633a687:192.168.30.10:35118] with ContainerStateMachine:uninitialized
2019-09-25 05:51:13,155 [pool-703-thread-1] INFO  server.RaftServerConfigKeys (ConfUtils.java:logGet(43)) - raft.server.rpc.timeout.min = 5s (custom)
2019-09-25 05:51:13,155 [pool-703-thread-1] INFO  server.RaftServerConfigKeys (ConfUtils.java:logGet(43)) - raft.server.rpc.timeout.max = 5200ms (custom)
2019-09-25 05:51:13,155 [pool-703-thread-1] INFO  server.RaftServerConfigKeys (ConfUtils.java:logGet(43)) - raft.server.rpcslowness.timeout = 120s (custom)
2019-09-25 05:51:13,155 [pool-703-thread-1] INFO  server.RaftServerConfigKeys (ConfUtils.java:logGet(43)) - raft.server.sleep.deviation.threshold = 300 (default)
2019-09-25 05:51:13,155 [pool-703-thread-1] INFO  server.RaftServerConfigKeys (ConfUtils.java:logGet(43)) - raft.server.log.appender.install.snapshot.enabled = false (custom)
2019-09-25 05:51:13,155 [pool-703-thread-1] INFO  impl.RaftServerImpl (ServerState.java:<init>(103)) - f6b408ab-d2bf-4cc7-9b61-adae7633a687@group-4DE62F4F26F6: ConfigurationManager, init=-1: [f6b408ab-d2bf-4cc7-9b61-adae7633a687:192.168.30.10:35118], old=null, confs=<EMPTY_MAP>
2019-09-25 05:51:13,155 [pool-703-thread-1] INFO  server.RaftServerConfigKeys (ConfUtils.java:logGet(43)) - raft.server.storage.dir = [/workdir/hadoop-ozone/integration-test/target/test-dir/MiniOzoneClusterImpl-6389a31f-e1b2-4948-a777-3ab81d592f44/datanode-3/data/ratis] (custom)
2019-09-25 05:51:13,156 [pool-703-thread-1] INFO  storage.RaftStorageDirectory (RaftStorageDirectory.java:analyzeStorage(246)) - The storage directory /workdir/hadoop-ozone/integration-test/target/test-dir/MiniOzoneClusterImpl-6389a31f-e1b2-4948-a777-3ab81d592f44/datanode-3/data/ratis/f04624e3-e96d-46c4-81ac-4de62f4f26f6 does not exist. Creating ...
2019-09-25 05:51:13,169 [pool-703-thread-1] INFO  storage.RaftStorageDirectory (RaftStorageDirectory.java:tryLock(328)) - Lock on /workdir/hadoop-ozone/integration-test/target/test-dir/MiniOzoneClusterImpl-6389a31f-e1b2-4948-a777-3ab81d592f44/datanode-3/data/ratis/f04624e3-e96d-46c4-81ac-4de62f4f26f6/in_use.lock acquired by nodename 13539@pr-hdds-1569-s62bp-3040748787
2019-09-25 05:51:13,182 [pool-703-thread-1] INFO  storage.RaftStorage (RaftStorage.java:format(72)) - Storage directory /workdir/hadoop-ozone/integration-test/target/test-dir/MiniOzoneClusterImpl-6389a31f-e1b2-4948-a777-3ab81d592f44/datanode-3/data/ratis/f04624e3-e96d-46c4-81ac-4de62f4f26f6 has been successfully formatted.
2019-09-25 05:51:13,182 [pool-703-thread-1] INFO  ratis.ContainerStateMachine (ContainerStateMachine.java:loadSnapshot(230)) - group-4DE62F4F26F6: The snapshot info is null. Setting the last applied indexto:(t:0, i:~)
2019-09-25 05:51:13,182 [pool-703-thread-1] INFO  server.RaftServerConfigKeys (ConfUtils.java:logGet(43)) - raft.server.notification.no-leader.timeout = 120s (custom)
2019-09-25 05:51:13,182 [pool-703-thread-1] INFO  server.RaftServerConfigKeys (ConfUtils.java:logGet(43)) - raft.server.log.use.memory = false (default)
2019-09-25 05:51:13,182 [pool-703-thread-1] INFO  server.RaftServerConfigKeys (ConfUtils.java:logGet(43)) - raft.server.log.purge.gap = 1000000 (custom)
2019-09-25 05:51:13,182 [pool-703-thread-1] INFO  server.RaftServerConfigKeys (ConfUtils.java:logGet(43)) - raft.server.log.appender.buffer.byte-limit = 33554432 (custom)
2019-09-25 05:51:13,182 [pool-703-thread-1] INFO  server.RaftServerConfigKeys (ConfUtils.java:logGet(43)) - raft.server.log.segment.size.max = 1048576 (custom)
2019-09-25 05:51:13,182 [pool-703-thread-1] INFO  server.RaftServerConfigKeys (ConfUtils.java:logGet(43)) - raft.server.log.segment.cache.num.max = 2 (custom)
2019-09-25 05:51:13,182 [pool-703-thread-1] INFO  segmented.SegmentedRaftLogWorker (SegmentedRaftLogWorker.java:<init>(172)) - new f6b408ab-d2bf-4cc7-9b61-adae7633a687@group-4DE62F4F26F6-SegmentedRaftLogWorker for RaftStorage:Storage Directory /workdir/hadoop-ozone/integration-test/target/test-dir/MiniOzoneClusterImpl-6389a31f-e1b2-4948-a777-3ab81d592f44/datanode-3/data/ratis/f04624e3-e96d-46c4-81ac-4de62f4f26f6
2019-09-25 05:51:13,182 [pool-703-thread-1] INFO  server.RaftServerConfigKeys (ConfUtils.java:logGet(43)) - raft.server.log.queue.byte-limit = 2147483647 (custom)
2019-09-25 05:51:13,182 [pool-703-thread-1] INFO  server.RaftServerConfigKeys (ConfUtils.java:logGet(43)) - raft.server.log.queue.element-limit = 1024 (custom)
2019-09-25 05:51:13,183 [pool-703-thread-1] INFO  server.RaftServerConfigKeys (ConfUtils.java:logGet(43)) - raft.server.log.segment.size.max = 1048576 (custom)
2019-09-25 05:51:13,183 [pool-703-thread-1] INFO  server.RaftServerConfigKeys (ConfUtils.java:logGet(43)) - raft.server.log.preallocated.size = 16384 (custom)
2019-09-25 05:51:13,183 [pool-703-thread-1] INFO  server.RaftServerConfigKeys (ConfUtils.java:logGet(43)) - raft.server.log.write.buffer.size = 33554432 (custom)
2019-09-25 05:51:13,183 [pool-703-thread-1] INFO  server.RaftServerConfigKeys (ConfUtils.java:logGet(43)) - raft.server.log.force.sync.num = 128 (default)
2019-09-25 05:51:13,183 [pool-703-thread-1] INFO  server.RaftServerConfigKeys (ConfUtils.java:logGet(43)) - raft.server.log.statemachine.data.sync = true (default)
2019-09-25 05:51:13,183 [pool-703-thread-1] INFO  server.RaftServerConfigKeys (ConfUtils.java:logGet(43)) - raft.server.log.statemachine.data.sync.timeout = 10s (default)
2019-09-25 05:51:13,183 [pool-703-thread-1] INFO  server.RaftServerConfigKeys (ConfUtils.java:logGet(43)) - raft.server.log.statemachine.data.sync.timeout.retry = -1 (default)
2019-09-25 05:51:13,183 [pool-703-thread-1] INFO  server.RaftServerConfigKeys (ConfUtils.java:logGet(43)) - raft.server.log.statemachine.data.caching.enabled = true (custom)
2019-09-25 05:51:13,183 [pool-703-thread-1] INFO  segmented.SegmentedRaftLogWorker (SegmentedRaftLogWorker.java:lambda$new$0(132)) - f6b408ab-d2bf-4cc7-9b61-adae7633a687@group-4DE62F4F26F6-SegmentedRaftLogWorker: flushIndex: setUnconditionally 0 -> -1
2019-09-25 05:51:13,184 [pool-703-thread-1] INFO  server.RaftServerConfigKeys (ConfUtils.java:logGet(43)) - raft.server.snapshot.auto.trigger.enabled = true (custom)
2019-09-25 05:51:13,184 [pool-703-thread-1] INFO  server.RaftServerConfigKeys (ConfUtils.java:logGet(43)) - raft.server.snapshot.auto.trigger.threshold = 10000 (custom)
2019-09-25 05:51:13,184 [pool-703-thread-1] INFO  server.RaftServerConfigKeys (ConfUtils.java:logGet(43)) - raft.server.snapshot.retention.num.files = 5 (custom)
2019-09-25 05:51:13,184 [pool-703-thread-1] INFO  server.RaftServerConfigKeys (ConfUtils.java:logGet(43)) - raft.server.retrycache.expirytime = 600000ms (custom)
2019-09-25 05:51:13,185 [pool-703-thread-1] INFO  impl.RaftServerImpl (RaftServerImpl.java:start(185)) - f6b408ab-d2bf-4cc7-9b61-adae7633a687@group-4DE62F4F26F6: start as a follower, conf=-1: [f6b408ab-d2bf-4cc7-9b61-adae7633a687:192.168.30.10:35118], old=null
2019-09-25 05:51:13,185 [pool-703-thread-1] INFO  impl.RaftServerImpl (RaftServerImpl.java:setRole(174)) - f6b408ab-d2bf-4cc7-9b61-adae7633a687@group-4DE62F4F26F6: changes role from      null to FOLLOWER at term 0 for startAsFollower
2019-09-25 05:51:13,185 [pool-703-thread-1] INFO  impl.RoleInfo (RoleInfo.java:updateAndGet(143)) - f6b408ab-d2bf-4cc7-9b61-adae7633a687: start FollowerState
2019-09-25 05:51:13,185 [pool-703-thread-1] INFO  util.JmxRegister (JmxRegister.java:tryRegister(44)) - Successfully registered JMX Bean with object name Ratis:service=RaftServer,group=group-4DE62F4F26F6,id=f6b408ab-d2bf-4cc7-9b61-adae7633a687
2019-09-25 05:51:13,187 [RatisPipelineUtilsThread] INFO  pipeline.PipelineStateManager (PipelineStateManager.java:addPipeline(56)) - Created pipeline Pipeline[ Id: f04624e3-e96d-46c4-81ac-4de62f4f26f6, Nodes: f6b408ab-d2bf-4cc7-9b61-adae7633a687{ip: 192.168.30.10, host: pr-hdds-1569-s62bp-3040748787, networkLocation: /default-rack, certSerialId: null}, Type:RATIS, Factor:ONE, State:OPEN]
2019-09-25 05:51:13,187 [RatisPipelineUtilsThread] INFO  pipeline.PipelinePlacementPolicy (PipelinePlacementPolicy.java:meetCriteria(91)) - Pipeline Placement: Doesn't meet the criteria to be viable node： 1705b612-ae52-4202-ba1e-b52c03c1d4d6 Heaviness: 6 limit: 5
2019-09-25 05:51:13,187 [RatisPipelineUtilsThread] INFO  pipeline.PipelinePlacementPolicy (PipelinePlacementPolicy.java:meetCriteria(91)) - Pipeline Placement: Doesn't meet the criteria to be viable node： aa12bdd9-b98d-4e1b-b7bd-0fb99805d214 Heaviness: 6 limit: 5
2019-09-25 05:51:13,189 [grpc-default-executor-0] INFO  impl.RaftServerProxy (RaftServerProxy.java:addNew(89)) - f6b408ab-d2bf-4cc7-9b61-adae7633a687: addNew group-245ACEE49EFC:[f6b408ab-d2bf-4cc7-9b61-adae7633a687:192.168.30.10:35118] returns group-245ACEE49EFC:java.util.concurrent.CompletableFuture@5326afd0[Not completed]
2019-09-25 05:51:13,190 [pool-703-thread-1] INFO  impl.RaftServerImpl (RaftServerImpl.java:<init>(95)) - f6b408ab-d2bf-4cc7-9b61-adae7633a687: new RaftServerImpl for group-245ACEE49EFC:[f6b408ab-d2bf-4cc7-9b61-adae7633a687:192.168.30.10:35118] with ContainerStateMachine:uninitialized
2019-09-25 05:51:13,190 [pool-703-thread-1] INFO  server.RaftServerConfigKeys (ConfUtils.java:logGet(43)) - raft.server.rpc.timeout.min = 5s (custom)
2019-09-25 05:51:13,190 [pool-703-thread-1] INFO  server.RaftServerConfigKeys (ConfUtils.java:logGet(43)) - raft.server.rpc.timeout.max = 5200ms (custom)
2019-09-25 05:51:13,190 [pool-703-thread-1] INFO  server.RaftServerConfigKeys (ConfUtils.java:logGet(43)) - raft.server.rpcslowness.timeout = 120s (custom)
2019-09-25 05:51:13,190 [pool-703-thread-1] INFO  server.RaftServerConfigKeys (ConfUtils.java:logGet(43)) - raft.server.sleep.deviation.threshold = 300 (default)
2019-09-25 05:51:13,190 [pool-703-thread-1] INFO  server.RaftServerConfigKeys (ConfUtils.java:logGet(43)) - raft.server.log.appender.install.snapshot.enabled = false (custom)
2019-09-25 05:51:13,190 [pool-703-thread-1] INFO  impl.RaftServerImpl (ServerState.java:<init>(103)) - f6b408ab-d2bf-4cc7-9b61-adae7633a687@group-245ACEE49EFC: ConfigurationManager, init=-1: [f6b408ab-d2bf-4cc7-9b61-adae7633a687:192.168.30.10:35118], old=null, confs=<EMPTY_MAP>
2019-09-25 05:51:13,190 [pool-703-thread-1] INFO  server.RaftServerConfigKeys (ConfUtils.java:logGet(43)) - raft.server.storage.dir = [/workdir/hadoop-ozone/integration-test/target/test-dir/MiniOzoneClusterImpl-6389a31f-e1b2-4948-a777-3ab81d592f44/datanode-3/data/ratis] (custom)
2019-09-25 05:51:13,191 [pool-703-thread-1] INFO  storage.RaftStorageDirectory (RaftStorageDirectory.java:analyzeStorage(246)) - The storage directory /workdir/hadoop-ozone/integration-test/target/test-dir/MiniOzoneClusterImpl-6389a31f-e1b2-4948-a777-3ab81d592f44/datanode-3/data/ratis/31b95896-f913-453a-bc66-245acee49efc does not exist. Creating ...
2019-09-25 05:51:13,203 [pool-703-thread-1] INFO  storage.RaftStorageDirectory (RaftStorageDirectory.java:tryLock(328)) - Lock on /workdir/hadoop-ozone/integration-test/target/test-dir/MiniOzoneClusterImpl-6389a31f-e1b2-4948-a777-3ab81d592f44/datanode-3/data/ratis/31b95896-f913-453a-bc66-245acee49efc/in_use.lock acquired by nodename 13539@pr-hdds-1569-s62bp-3040748787
2019-09-25 05:51:13,205 [pool-703-thread-1] INFO  storage.RaftStorage (RaftStorage.java:format(72)) - Storage directory /workdir/hadoop-ozone/integration-test/target/test-dir/MiniOzoneClusterImpl-6389a31f-e1b2-4948-a777-3ab81d592f44/datanode-3/data/ratis/31b95896-f913-453a-bc66-245acee49efc has been successfully formatted.
2019-09-25 05:51:13,205 [pool-703-thread-1] INFO  ratis.ContainerStateMachine (ContainerStateMachine.java:loadSnapshot(230)) - group-245ACEE49EFC: The snapshot info is null. Setting the last applied indexto:(t:0, i:~)
2019-09-25 05:51:13,205 [pool-703-thread-1] INFO  server.RaftServerConfigKeys (ConfUtils.java:logGet(43)) - raft.server.notification.no-leader.timeout = 120s (custom)
2019-09-25 05:51:13,206 [pool-703-thread-1] INFO  server.RaftServerConfigKeys (ConfUtils.java:logGet(43)) - raft.server.log.use.memory = false (default)
2019-09-25 05:51:13,206 [pool-703-thread-1] INFO  server.RaftServerConfigKeys (ConfUtils.java:logGet(43)) - raft.server.log.purge.gap = 1000000 (custom)
2019-09-25 05:51:13,206 [pool-703-thread-1] INFO  server.RaftServerConfigKeys (ConfUtils.java:logGet(43)) - raft.server.log.appender.buffer.byte-limit = 33554432 (custom)
2019-09-25 05:51:13,206 [pool-703-thread-1] INFO  server.RaftServerConfigKeys (ConfUtils.java:logGet(43)) - raft.server.log.segment.size.max = 1048576 (custom)
2019-09-25 05:51:13,206 [pool-703-thread-1] INFO  server.RaftServerConfigKeys (ConfUtils.java:logGet(43)) - raft.server.log.segment.cache.num.max = 2 (custom)
2019-09-25 05:51:13,206 [pool-703-thread-1] INFO  segmented.SegmentedRaftLogWorker (SegmentedRaftLogWorker.java:<init>(172)) - new f6b408ab-d2bf-4cc7-9b61-adae7633a687@group-245ACEE49EFC-SegmentedRaftLogWorker for RaftStorage:Storage Directory /workdir/hadoop-ozone/integration-test/target/test-dir/MiniOzoneClusterImpl-6389a31f-e1b2-4948-a777-3ab81d592f44/datanode-3/data/ratis/31b95896-f913-453a-bc66-245acee49efc
2019-09-25 05:51:13,206 [pool-703-thread-1] INFO  server.RaftServerConfigKeys (ConfUtils.java:logGet(43)) - raft.server.log.queue.byte-limit = 2147483647 (custom)
2019-09-25 05:51:13,206 [pool-703-thread-1] INFO  server.RaftServerConfigKeys (ConfUtils.java:logGet(43)) - raft.server.log.queue.element-limit = 1024 (custom)
2019-09-25 05:51:13,206 [pool-703-thread-1] INFO  server.RaftServerConfigKeys (ConfUtils.java:logGet(43)) - raft.server.log.segment.size.max = 1048576 (custom)
2019-09-25 05:51:13,206 [pool-703-thread-1] INFO  server.RaftServerConfigKeys (ConfUtils.java:logGet(43)) - raft.server.log.preallocated.size = 16384 (custom)
2019-09-25 05:51:13,206 [pool-703-thread-1] INFO  server.RaftServerConfigKeys (ConfUtils.java:logGet(43)) - raft.server.log.write.buffer.size = 33554432 (custom)
2019-09-25 05:51:13,206 [pool-703-thread-1] INFO  server.RaftServerConfigKeys (ConfUtils.java:logGet(43)) - raft.server.log.force.sync.num = 128 (default)
2019-09-25 05:51:13,207 [pool-703-thread-1] INFO  server.RaftServerConfigKeys (ConfUtils.java:logGet(43)) - raft.server.log.statemachine.data.sync = true (default)
2019-09-25 05:51:13,207 [pool-703-thread-1] INFO  server.RaftServerConfigKeys (ConfUtils.java:logGet(43)) - raft.server.log.statemachine.data.sync.timeout = 10s (default)
2019-09-25 05:51:13,207 [pool-703-thread-1] INFO  server.RaftServerConfigKeys (ConfUtils.java:logGet(43)) - raft.server.log.statemachine.data.sync.timeout.retry = -1 (default)
2019-09-25 05:51:13,207 [pool-703-thread-1] INFO  server.RaftServerConfigKeys (ConfUtils.java:logGet(43)) - raft.server.log.statemachine.data.caching.enabled = true (custom)
2019-09-25 05:51:13,207 [pool-703-thread-1] INFO  segmented.SegmentedRaftLogWorker (SegmentedRaftLogWorker.java:lambda$new$0(132)) - f6b408ab-d2bf-4cc7-9b61-adae7633a687@group-245ACEE49EFC-SegmentedRaftLogWorker: flushIndex: setUnconditionally 0 -> -1
2019-09-25 05:51:13,207 [pool-703-thread-1] INFO  server.RaftServerConfigKeys (ConfUtils.java:logGet(43)) - raft.server.snapshot.auto.trigger.enabled = true (custom)
2019-09-25 05:51:13,207 [pool-703-thread-1] INFO  server.RaftServerConfigKeys (ConfUtils.java:logGet(43)) - raft.server.snapshot.auto.trigger.threshold = 10000 (custom)
2019-09-25 05:51:13,207 [pool-703-thread-1] INFO  server.RaftServerConfigKeys (ConfUtils.java:logGet(43)) - raft.server.snapshot.retention.num.files = 5 (custom)
2019-09-25 05:51:13,207 [pool-703-thread-1] INFO  server.RaftServerConfigKeys (ConfUtils.java:logGet(43)) - raft.server.retrycache.expirytime = 600000ms (custom)
2019-09-25 05:51:13,208 [pool-703-thread-1] INFO  impl.RaftServerImpl (RaftServerImpl.java:start(185)) - f6b408ab-d2bf-4cc7-9b61-adae7633a687@group-245ACEE49EFC: start as a follower, conf=-1: [f6b408ab-d2bf-4cc7-9b61-adae7633a687:192.168.30.10:35118], old=null
2019-09-25 05:51:13,208 [pool-703-thread-1] INFO  impl.RaftServerImpl (RaftServerImpl.java:setRole(174)) - f6b408ab-d2bf-4cc7-9b61-adae7633a687@group-245ACEE49EFC: changes role from      null to FOLLOWER at term 0 for startAsFollower
2019-09-25 05:51:13,208 [pool-703-thread-1] INFO  impl.RoleInfo (RoleInfo.java:updateAndGet(143)) - f6b408ab-d2bf-4cc7-9b61-adae7633a687: start FollowerState
2019-09-25 05:51:13,209 [pool-703-thread-1] INFO  util.JmxRegister (JmxRegister.java:tryRegister(44)) - Successfully registered JMX Bean with object name Ratis:service=RaftServer,group=group-245ACEE49EFC,id=f6b408ab-d2bf-4cc7-9b61-adae7633a687
2019-09-25 05:51:13,210 [RatisPipelineUtilsThread] INFO  pipeline.PipelineStateManager (PipelineStateManager.java:addPipeline(56)) - Created pipeline Pipeline[ Id: 31b95896-f913-453a-bc66-245acee49efc, Nodes: f6b408ab-d2bf-4cc7-9b61-adae7633a687{ip: 192.168.30.10, host: pr-hdds-1569-s62bp-3040748787, networkLocation: /default-rack, certSerialId: null}, Type:RATIS, Factor:ONE, State:OPEN]
2019-09-25 05:51:13,210 [RatisPipelineUtilsThread] INFO  pipeline.PipelinePlacementPolicy (PipelinePlacementPolicy.java:meetCriteria(91)) - Pipeline Placement: Doesn't meet the criteria to be viable node： 1705b612-ae52-4202-ba1e-b52c03c1d4d6 Heaviness: 6 limit: 5
2019-09-25 05:51:13,210 [RatisPipelineUtilsThread] INFO  pipeline.PipelinePlacementPolicy (PipelinePlacementPolicy.java:meetCriteria(91)) - Pipeline Placement: Doesn't meet the criteria to be viable node： aa12bdd9-b98d-4e1b-b7bd-0fb99805d214 Heaviness: 6 limit: 5
2019-09-25 05:51:13,212 [grpc-default-executor-0] INFO  impl.RaftServerProxy (RaftServerProxy.java:addNew(89)) - f6b408ab-d2bf-4cc7-9b61-adae7633a687: addNew group-5048AA2E23F9:[f6b408ab-d2bf-4cc7-9b61-adae7633a687:192.168.30.10:35118] returns group-5048AA2E23F9:java.util.concurrent.CompletableFuture@4916b8af[Not completed]
2019-09-25 05:51:13,213 [pool-703-thread-1] INFO  impl.RaftServerImpl (RaftServerImpl.java:<init>(95)) - f6b408ab-d2bf-4cc7-9b61-adae7633a687: new RaftServerImpl for group-5048AA2E23F9:[f6b408ab-d2bf-4cc7-9b61-adae7633a687:192.168.30.10:35118] with ContainerStateMachine:uninitialized
2019-09-25 05:51:13,213 [pool-703-thread-1] INFO  server.RaftServerConfigKeys (ConfUtils.java:logGet(43)) - raft.server.rpc.timeout.min = 5s (custom)
2019-09-25 05:51:13,213 [pool-703-thread-1] INFO  server.RaftServerConfigKeys (ConfUtils.java:logGet(43)) - raft.server.rpc.timeout.max = 5200ms (custom)
2019-09-25 05:51:13,213 [pool-703-thread-1] INFO  server.RaftServerConfigKeys (ConfUtils.java:logGet(43)) - raft.server.rpcslowness.timeout = 120s (custom)
2019-09-25 05:51:13,213 [pool-703-thread-1] INFO  server.RaftServerConfigKeys (ConfUtils.java:logGet(43)) - raft.server.sleep.deviation.threshold = 300 (default)
2019-09-25 05:51:13,213 [pool-703-thread-1] INFO  server.RaftServerConfigKeys (ConfUtils.java:logGet(43)) - raft.server.log.appender.install.snapshot.enabled = false (custom)
2019-09-25 05:51:13,213 [pool-703-thread-1] INFO  impl.RaftServerImpl (ServerState.java:<init>(103)) - f6b408ab-d2bf-4cc7-9b61-adae7633a687@group-5048AA2E23F9: ConfigurationManager, init=-1: [f6b408ab-d2bf-4cc7-9b61-adae7633a687:192.168.30.10:35118], old=null, confs=<EMPTY_MAP>
2019-09-25 05:51:13,214 [pool-703-thread-1] INFO  server.RaftServerConfigKeys (ConfUtils.java:logGet(43)) - raft.server.storage.dir = [/workdir/hadoop-ozone/integration-test/target/test-dir/MiniOzoneClusterImpl-6389a31f-e1b2-4948-a777-3ab81d592f44/datanode-3/data/ratis] (custom)
2019-09-25 05:51:13,214 [pool-703-thread-1] INFO  storage.RaftStorageDirectory (RaftStorageDirectory.java:analyzeStorage(246)) - The storage directory /workdir/hadoop-ozone/integration-test/target/test-dir/MiniOzoneClusterImpl-6389a31f-e1b2-4948-a777-3ab81d592f44/datanode-3/data/ratis/a81cf793-68c1-4e93-96a2-5048aa2e23f9 does not exist. Creating ...
2019-09-25 05:51:13,226 [pool-703-thread-1] INFO  storage.RaftStorageDirectory (RaftStorageDirectory.java:tryLock(328)) - Lock on /workdir/hadoop-ozone/integration-test/target/test-dir/MiniOzoneClusterImpl-6389a31f-e1b2-4948-a777-3ab81d592f44/datanode-3/data/ratis/a81cf793-68c1-4e93-96a2-5048aa2e23f9/in_use.lock acquired by nodename 13539@pr-hdds-1569-s62bp-3040748787
2019-09-25 05:51:13,239 [pool-703-thread-1] INFO  storage.RaftStorage (RaftStorage.java:format(72)) - Storage directory /workdir/hadoop-ozone/integration-test/target/test-dir/MiniOzoneClusterImpl-6389a31f-e1b2-4948-a777-3ab81d592f44/datanode-3/data/ratis/a81cf793-68c1-4e93-96a2-5048aa2e23f9 has been successfully formatted.
2019-09-25 05:51:13,239 [pool-703-thread-1] INFO  ratis.ContainerStateMachine (ContainerStateMachine.java:loadSnapshot(230)) - group-5048AA2E23F9: The snapshot info is null. Setting the last applied indexto:(t:0, i:~)
2019-09-25 05:51:13,239 [pool-703-thread-1] INFO  server.RaftServerConfigKeys (ConfUtils.java:logGet(43)) - raft.server.notification.no-leader.timeout = 120s (custom)
2019-09-25 05:51:13,239 [pool-703-thread-1] INFO  server.RaftServerConfigKeys (ConfUtils.java:logGet(43)) - raft.server.log.use.memory = false (default)
2019-09-25 05:51:13,239 [pool-703-thread-1] INFO  server.RaftServerConfigKeys (ConfUtils.java:logGet(43)) - raft.server.log.purge.gap = 1000000 (custom)
2019-09-25 05:51:13,239 [pool-703-thread-1] INFO  server.RaftServerConfigKeys (ConfUtils.java:logGet(43)) - raft.server.log.appender.buffer.byte-limit = 33554432 (custom)
2019-09-25 05:51:13,239 [pool-703-thread-1] INFO  server.RaftServerConfigKeys (ConfUtils.java:logGet(43)) - raft.server.log.segment.size.max = 1048576 (custom)
2019-09-25 05:51:13,239 [pool-703-thread-1] INFO  server.RaftServerConfigKeys (ConfUtils.java:logGet(43)) - raft.server.log.segment.cache.num.max = 2 (custom)
2019-09-25 05:51:13,239 [pool-703-thread-1] INFO  segmented.SegmentedRaftLogWorker (SegmentedRaftLogWorker.java:<init>(172)) - new f6b408ab-d2bf-4cc7-9b61-adae7633a687@group-5048AA2E23F9-SegmentedRaftLogWorker for RaftStorage:Storage Directory /workdir/hadoop-ozone/integration-test/target/test-dir/MiniOzoneClusterImpl-6389a31f-e1b2-4948-a777-3ab81d592f44/datanode-3/data/ratis/a81cf793-68c1-4e93-96a2-5048aa2e23f9
2019-09-25 05:51:13,239 [pool-703-thread-1] INFO  server.RaftServerConfigKeys (ConfUtils.java:logGet(43)) - raft.server.log.queue.byte-limit = 2147483647 (custom)
2019-09-25 05:51:13,240 [pool-703-thread-1] INFO  server.RaftServerConfigKeys (ConfUtils.java:logGet(43)) - raft.server.log.queue.element-limit = 1024 (custom)
2019-09-25 05:51:13,240 [pool-703-thread-1] INFO  server.RaftServerConfigKeys (ConfUtils.java:logGet(43)) - raft.server.log.segment.size.max = 1048576 (custom)
2019-09-25 05:51:13,240 [pool-703-thread-1] INFO  server.RaftServerConfigKeys (ConfUtils.java:logGet(43)) - raft.server.log.preallocated.size = 16384 (custom)
2019-09-25 05:51:13,240 [pool-703-thread-1] INFO  server.RaftServerConfigKeys (ConfUtils.java:logGet(43)) - raft.server.log.write.buffer.size = 33554432 (custom)
2019-09-25 05:51:13,240 [pool-703-thread-1] INFO  server.RaftServerConfigKeys (ConfUtils.java:logGet(43)) - raft.server.log.force.sync.num = 128 (default)
2019-09-25 05:51:13,240 [pool-703-thread-1] INFO  server.RaftServerConfigKeys (ConfUtils.java:logGet(43)) - raft.server.log.statemachine.data.sync = true (default)
2019-09-25 05:51:13,240 [pool-703-thread-1] INFO  server.RaftServerConfigKeys (ConfUtils.java:logGet(43)) - raft.server.log.statemachine.data.sync.timeout = 10s (default)
2019-09-25 05:51:13,240 [pool-703-thread-1] INFO  server.RaftServerConfigKeys (ConfUtils.java:logGet(43)) - raft.server.log.statemachine.data.sync.timeout.retry = -1 (default)
2019-09-25 05:51:13,240 [pool-703-thread-1] INFO  server.RaftServerConfigKeys (ConfUtils.java:logGet(43)) - raft.server.log.statemachine.data.caching.enabled = true (custom)
2019-09-25 05:51:13,240 [pool-703-thread-1] INFO  segmented.SegmentedRaftLogWorker (SegmentedRaftLogWorker.java:lambda$new$0(132)) - f6b408ab-d2bf-4cc7-9b61-adae7633a687@group-5048AA2E23F9-SegmentedRaftLogWorker: flushIndex: setUnconditionally 0 -> -1
2019-09-25 05:51:13,241 [pool-703-thread-1] INFO  server.RaftServerConfigKeys (ConfUtils.java:logGet(43)) - raft.server.snapshot.auto.trigger.enabled = true (custom)
2019-09-25 05:51:13,241 [pool-703-thread-1] INFO  server.RaftServerConfigKeys (ConfUtils.java:logGet(43)) - raft.server.snapshot.auto.trigger.threshold = 10000 (custom)
2019-09-25 05:51:13,241 [pool-703-thread-1] INFO  server.RaftServerConfigKeys (ConfUtils.java:logGet(43)) - raft.server.snapshot.retention.num.files = 5 (custom)
2019-09-25 05:51:13,241 [pool-703-thread-1] INFO  server.RaftServerConfigKeys (ConfUtils.java:logGet(43)) - raft.server.retrycache.expirytime = 600000ms (custom)
2019-09-25 05:51:13,242 [pool-703-thread-1] INFO  impl.RaftServerImpl (RaftServerImpl.java:start(185)) - f6b408ab-d2bf-4cc7-9b61-adae7633a687@group-5048AA2E23F9: start as a follower, conf=-1: [f6b408ab-d2bf-4cc7-9b61-adae7633a687:192.168.30.10:35118], old=null
2019-09-25 05:51:13,242 [pool-703-thread-1] INFO  impl.RaftServerImpl (RaftServerImpl.java:setRole(174)) - f6b408ab-d2bf-4cc7-9b61-adae7633a687@group-5048AA2E23F9: changes role from      null to FOLLOWER at term 0 for startAsFollower
2019-09-25 05:51:13,242 [pool-703-thread-1] INFO  impl.RoleInfo (RoleInfo.java:updateAndGet(143)) - f6b408ab-d2bf-4cc7-9b61-adae7633a687: start FollowerState
2019-09-25 05:51:13,242 [pool-703-thread-1] INFO  util.JmxRegister (JmxRegister.java:tryRegister(44)) - Successfully registered JMX Bean with object name Ratis:service=RaftServer,group=group-5048AA2E23F9,id=f6b408ab-d2bf-4cc7-9b61-adae7633a687
2019-09-25 05:51:13,244 [RatisPipelineUtilsThread] INFO  pipeline.PipelineStateManager (PipelineStateManager.java:addPipeline(56)) - Created pipeline Pipeline[ Id: a81cf793-68c1-4e93-96a2-5048aa2e23f9, Nodes: f6b408ab-d2bf-4cc7-9b61-adae7633a687{ip: 192.168.30.10, host: pr-hdds-1569-s62bp-3040748787, networkLocation: /default-rack, certSerialId: null}, Type:RATIS, Factor:ONE, State:OPEN]
2019-09-25 05:51:13,244 [RatisPipelineUtilsThread] INFO  pipeline.PipelinePlacementPolicy (PipelinePlacementPolicy.java:meetCriteria(91)) - Pipeline Placement: Doesn't meet the criteria to be viable node： 1705b612-ae52-4202-ba1e-b52c03c1d4d6 Heaviness: 6 limit: 5
2019-09-25 05:51:13,244 [RatisPipelineUtilsThread] INFO  pipeline.PipelinePlacementPolicy (PipelinePlacementPolicy.java:meetCriteria(91)) - Pipeline Placement: Doesn't meet the criteria to be viable node： aa12bdd9-b98d-4e1b-b7bd-0fb99805d214 Heaviness: 6 limit: 5
2019-09-25 05:51:13,253 [grpc-default-executor-0] INFO  impl.RaftServerProxy (RaftServerProxy.java:addNew(89)) - ba62479e-9d0c-4e30-a2fc-a7b15472dec7: addNew group-DF709E470F77:[ba62479e-9d0c-4e30-a2fc-a7b15472dec7:192.168.30.10:39614] returns group-DF709E470F77:java.util.concurrent.CompletableFuture@45a5cf09[Not completed]
2019-09-25 05:51:13,254 [pool-713-thread-1] INFO  impl.RaftServerImpl (RaftServerImpl.java:<init>(95)) - ba62479e-9d0c-4e30-a2fc-a7b15472dec7: new RaftServerImpl for group-DF709E470F77:[ba62479e-9d0c-4e30-a2fc-a7b15472dec7:192.168.30.10:39614] with ContainerStateMachine:uninitialized
2019-09-25 05:51:13,254 [pool-713-thread-1] INFO  server.RaftServerConfigKeys (ConfUtils.java:logGet(43)) - raft.server.rpc.timeout.min = 5s (custom)
2019-09-25 05:51:13,254 [pool-713-thread-1] INFO  server.RaftServerConfigKeys (ConfUtils.java:logGet(43)) - raft.server.rpc.timeout.max = 5200ms (custom)
2019-09-25 05:51:13,254 [pool-713-thread-1] INFO  server.RaftServerConfigKeys (ConfUtils.java:logGet(43)) - raft.server.rpcslowness.timeout = 120s (custom)
2019-09-25 05:51:13,254 [pool-713-thread-1] INFO  server.RaftServerConfigKeys (ConfUtils.java:logGet(43)) - raft.server.sleep.deviation.threshold = 300 (default)
2019-09-25 05:51:13,254 [pool-713-thread-1] INFO  server.RaftServerConfigKeys (ConfUtils.java:logGet(43)) - raft.server.log.appender.install.snapshot.enabled = false (custom)
2019-09-25 05:51:13,254 [pool-713-thread-1] INFO  impl.RaftServerImpl (ServerState.java:<init>(103)) - ba62479e-9d0c-4e30-a2fc-a7b15472dec7@group-DF709E470F77: ConfigurationManager, init=-1: [ba62479e-9d0c-4e30-a2fc-a7b15472dec7:192.168.30.10:39614], old=null, confs=<EMPTY_MAP>
2019-09-25 05:51:13,255 [pool-713-thread-1] INFO  server.RaftServerConfigKeys (ConfUtils.java:logGet(43)) - raft.server.storage.dir = [/workdir/hadoop-ozone/integration-test/target/test-dir/MiniOzoneClusterImpl-6389a31f-e1b2-4948-a777-3ab81d592f44/datanode-4/data/ratis] (custom)
2019-09-25 05:51:13,255 [pool-713-thread-1] INFO  storage.RaftStorageDirectory (RaftStorageDirectory.java:analyzeStorage(246)) - The storage directory /workdir/hadoop-ozone/integration-test/target/test-dir/MiniOzoneClusterImpl-6389a31f-e1b2-4948-a777-3ab81d592f44/datanode-4/data/ratis/3388b39a-8f97-4a13-944f-df709e470f77 does not exist. Creating ...
2019-09-25 05:51:13,268 [pool-713-thread-1] INFO  storage.RaftStorageDirectory (RaftStorageDirectory.java:tryLock(328)) - Lock on /workdir/hadoop-ozone/integration-test/target/test-dir/MiniOzoneClusterImpl-6389a31f-e1b2-4948-a777-3ab81d592f44/datanode-4/data/ratis/3388b39a-8f97-4a13-944f-df709e470f77/in_use.lock acquired by nodename 13539@pr-hdds-1569-s62bp-3040748787
2019-09-25 05:51:13,280 [pool-713-thread-1] INFO  storage.RaftStorage (RaftStorage.java:format(72)) - Storage directory /workdir/hadoop-ozone/integration-test/target/test-dir/MiniOzoneClusterImpl-6389a31f-e1b2-4948-a777-3ab81d592f44/datanode-4/data/ratis/3388b39a-8f97-4a13-944f-df709e470f77 has been successfully formatted.
2019-09-25 05:51:13,280 [pool-713-thread-1] INFO  ratis.ContainerStateMachine (ContainerStateMachine.java:loadSnapshot(230)) - group-DF709E470F77: The snapshot info is null. Setting the last applied indexto:(t:0, i:~)
2019-09-25 05:51:13,280 [pool-713-thread-1] INFO  server.RaftServerConfigKeys (ConfUtils.java:logGet(43)) - raft.server.notification.no-leader.timeout = 120s (custom)
2019-09-25 05:51:13,280 [pool-713-thread-1] INFO  server.RaftServerConfigKeys (ConfUtils.java:logGet(43)) - raft.server.log.use.memory = false (default)
2019-09-25 05:51:13,280 [pool-713-thread-1] INFO  server.RaftServerConfigKeys (ConfUtils.java:logGet(43)) - raft.server.log.purge.gap = 1000000 (custom)
2019-09-25 05:51:13,280 [pool-713-thread-1] INFO  server.RaftServerConfigKeys (ConfUtils.java:logGet(43)) - raft.server.log.appender.buffer.byte-limit = 33554432 (custom)
2019-09-25 05:51:13,280 [pool-713-thread-1] INFO  server.RaftServerConfigKeys (ConfUtils.java:logGet(43)) - raft.server.log.segment.size.max = 1048576 (custom)
2019-09-25 05:51:13,280 [pool-713-thread-1] INFO  server.RaftServerConfigKeys (ConfUtils.java:logGet(43)) - raft.server.log.segment.cache.num.max = 2 (custom)
2019-09-25 05:51:13,281 [pool-713-thread-1] INFO  segmented.SegmentedRaftLogWorker (SegmentedRaftLogWorker.java:<init>(172)) - new ba62479e-9d0c-4e30-a2fc-a7b15472dec7@group-DF709E470F77-SegmentedRaftLogWorker for RaftStorage:Storage Directory /workdir/hadoop-ozone/integration-test/target/test-dir/MiniOzoneClusterImpl-6389a31f-e1b2-4948-a777-3ab81d592f44/datanode-4/data/ratis/3388b39a-8f97-4a13-944f-df709e470f77
2019-09-25 05:51:13,282 [pool-713-thread-1] INFO  server.RaftServerConfigKeys (ConfUtils.java:logGet(43)) - raft.server.log.queue.byte-limit = 2147483647 (custom)
2019-09-25 05:51:13,282 [pool-713-thread-1] INFO  server.RaftServerConfigKeys (ConfUtils.java:logGet(43)) - raft.server.log.queue.element-limit = 1024 (custom)
2019-09-25 05:51:13,282 [pool-713-thread-1] INFO  server.RaftServerConfigKeys (ConfUtils.java:logGet(43)) - raft.server.log.segment.size.max = 1048576 (custom)
2019-09-25 05:51:13,282 [pool-713-thread-1] INFO  server.RaftServerConfigKeys (ConfUtils.java:logGet(43)) - raft.server.log.preallocated.size = 16384 (custom)
2019-09-25 05:51:13,282 [pool-713-thread-1] INFO  server.RaftServerConfigKeys (ConfUtils.java:logGet(43)) - raft.server.log.write.buffer.size = 33554432 (custom)
2019-09-25 05:51:13,282 [pool-713-thread-1] INFO  server.RaftServerConfigKeys (ConfUtils.java:logGet(43)) - raft.server.log.force.sync.num = 128 (default)
2019-09-25 05:51:13,283 [pool-713-thread-1] INFO  server.RaftServerConfigKeys (ConfUtils.java:logGet(43)) - raft.server.log.statemachine.data.sync = true (default)
2019-09-25 05:51:13,283 [pool-713-thread-1] INFO  server.RaftServerConfigKeys (ConfUtils.java:logGet(43)) - raft.server.log.statemachine.data.sync.timeout = 10s (default)
2019-09-25 05:51:13,283 [pool-713-thread-1] INFO  server.RaftServerConfigKeys (ConfUtils.java:logGet(43)) - raft.server.log.statemachine.data.sync.timeout.retry = -1 (default)
2019-09-25 05:51:13,283 [pool-713-thread-1] INFO  server.RaftServerConfigKeys (ConfUtils.java:logGet(43)) - raft.server.log.statemachine.data.caching.enabled = true (custom)
2019-09-25 05:51:13,283 [pool-713-thread-1] INFO  segmented.SegmentedRaftLogWorker (SegmentedRaftLogWorker.java:lambda$new$0(132)) - ba62479e-9d0c-4e30-a2fc-a7b15472dec7@group-DF709E470F77-SegmentedRaftLogWorker: flushIndex: setUnconditionally 0 -> -1
2019-09-25 05:51:13,283 [pool-713-thread-1] INFO  server.RaftServerConfigKeys (ConfUtils.java:logGet(43)) - raft.server.snapshot.auto.trigger.enabled = true (custom)
2019-09-25 05:51:13,283 [pool-713-thread-1] INFO  server.RaftServerConfigKeys (ConfUtils.java:logGet(43)) - raft.server.snapshot.auto.trigger.threshold = 10000 (custom)
2019-09-25 05:51:13,284 [pool-713-thread-1] INFO  server.RaftServerConfigKeys (ConfUtils.java:logGet(43)) - raft.server.snapshot.retention.num.files = 5 (custom)
2019-09-25 05:51:13,284 [pool-713-thread-1] INFO  server.RaftServerConfigKeys (ConfUtils.java:logGet(43)) - raft.server.retrycache.expirytime = 600000ms (custom)
2019-09-25 05:51:13,285 [pool-713-thread-1] INFO  impl.RaftServerImpl (RaftServerImpl.java:start(185)) - ba62479e-9d0c-4e30-a2fc-a7b15472dec7@group-DF709E470F77: start as a follower, conf=-1: [ba62479e-9d0c-4e30-a2fc-a7b15472dec7:192.168.30.10:39614], old=null
2019-09-25 05:51:13,285 [pool-713-thread-1] INFO  impl.RaftServerImpl (RaftServerImpl.java:setRole(174)) - ba62479e-9d0c-4e30-a2fc-a7b15472dec7@group-DF709E470F77: changes role from      null to FOLLOWER at term 0 for startAsFollower
2019-09-25 05:51:13,285 [pool-713-thread-1] INFO  impl.RoleInfo (RoleInfo.java:updateAndGet(143)) - ba62479e-9d0c-4e30-a2fc-a7b15472dec7: start FollowerState
2019-09-25 05:51:13,285 [pool-713-thread-1] INFO  util.JmxRegister (JmxRegister.java:tryRegister(44)) - Successfully registered JMX Bean with object name Ratis:service=RaftServer,group=group-DF709E470F77,id=ba62479e-9d0c-4e30-a2fc-a7b15472dec7
2019-09-25 05:51:13,287 [RatisPipelineUtilsThread] INFO  pipeline.PipelineStateManager (PipelineStateManager.java:addPipeline(56)) - Created pipeline Pipeline[ Id: 3388b39a-8f97-4a13-944f-df709e470f77, Nodes: ba62479e-9d0c-4e30-a2fc-a7b15472dec7{ip: 192.168.30.10, host: pr-hdds-1569-s62bp-3040748787, networkLocation: /default-rack, certSerialId: null}, Type:RATIS, Factor:ONE, State:OPEN]
2019-09-25 05:51:13,287 [RatisPipelineUtilsThread] INFO  pipeline.PipelinePlacementPolicy (PipelinePlacementPolicy.java:meetCriteria(91)) - Pipeline Placement: Doesn't meet the criteria to be viable node： 1705b612-ae52-4202-ba1e-b52c03c1d4d6 Heaviness: 6 limit: 5
2019-09-25 05:51:13,288 [RatisPipelineUtilsThread] INFO  pipeline.PipelinePlacementPolicy (PipelinePlacementPolicy.java:meetCriteria(91)) - Pipeline Placement: Doesn't meet the criteria to be viable node： aa12bdd9-b98d-4e1b-b7bd-0fb99805d214 Heaviness: 6 limit: 5
2019-09-25 05:51:13,291 [grpc-default-executor-3] INFO  impl.RaftServerProxy (RaftServerProxy.java:addNew(89)) - f6b408ab-d2bf-4cc7-9b61-adae7633a687: addNew group-965FCB529D5F:[f6b408ab-d2bf-4cc7-9b61-adae7633a687:192.168.30.10:35118] returns group-965FCB529D5F:java.util.concurrent.CompletableFuture@382e0891[Not completed]
2019-09-25 05:51:13,292 [pool-703-thread-1] INFO  impl.RaftServerImpl (RaftServerImpl.java:<init>(95)) - f6b408ab-d2bf-4cc7-9b61-adae7633a687: new RaftServerImpl for group-965FCB529D5F:[f6b408ab-d2bf-4cc7-9b61-adae7633a687:192.168.30.10:35118] with ContainerStateMachine:uninitialized
2019-09-25 05:51:13,292 [pool-703-thread-1] INFO  server.RaftServerConfigKeys (ConfUtils.java:logGet(43)) - raft.server.rpc.timeout.min = 5s (custom)
2019-09-25 05:51:13,292 [pool-703-thread-1] INFO  server.RaftServerConfigKeys (ConfUtils.java:logGet(43)) - raft.server.rpc.timeout.max = 5200ms (custom)
2019-09-25 05:51:13,292 [pool-703-thread-1] INFO  server.RaftServerConfigKeys (ConfUtils.java:logGet(43)) - raft.server.rpcslowness.timeout = 120s (custom)
2019-09-25 05:51:13,293 [pool-703-thread-1] INFO  server.RaftServerConfigKeys (ConfUtils.java:logGet(43)) - raft.server.sleep.deviation.threshold = 300 (default)
2019-09-25 05:51:13,293 [pool-703-thread-1] INFO  server.RaftServerConfigKeys (ConfUtils.java:logGet(43)) - raft.server.log.appender.install.snapshot.enabled = false (custom)
2019-09-25 05:51:13,293 [pool-703-thread-1] INFO  impl.RaftServerImpl (ServerState.java:<init>(103)) - f6b408ab-d2bf-4cc7-9b61-adae7633a687@group-965FCB529D5F: ConfigurationManager, init=-1: [f6b408ab-d2bf-4cc7-9b61-adae7633a687:192.168.30.10:35118], old=null, confs=<EMPTY_MAP>
2019-09-25 05:51:13,293 [pool-703-thread-1] INFO  server.RaftServerConfigKeys (ConfUtils.java:logGet(43)) - raft.server.storage.dir = [/workdir/hadoop-ozone/integration-test/target/test-dir/MiniOzoneClusterImpl-6389a31f-e1b2-4948-a777-3ab81d592f44/datanode-3/data/ratis] (custom)
2019-09-25 05:51:13,293 [pool-703-thread-1] INFO  storage.RaftStorageDirectory (RaftStorageDirectory.java:analyzeStorage(246)) - The storage directory /workdir/hadoop-ozone/integration-test/target/test-dir/MiniOzoneClusterImpl-6389a31f-e1b2-4948-a777-3ab81d592f44/datanode-3/data/ratis/0fe25814-8559-4bf9-8a6b-965fcb529d5f does not exist. Creating ...
2019-09-25 05:51:13,305 [pool-703-thread-1] INFO  storage.RaftStorageDirectory (RaftStorageDirectory.java:tryLock(328)) - Lock on /workdir/hadoop-ozone/integration-test/target/test-dir/MiniOzoneClusterImpl-6389a31f-e1b2-4948-a777-3ab81d592f44/datanode-3/data/ratis/0fe25814-8559-4bf9-8a6b-965fcb529d5f/in_use.lock acquired by nodename 13539@pr-hdds-1569-s62bp-3040748787
2019-09-25 05:51:13,317 [pool-703-thread-1] INFO  storage.RaftStorage (RaftStorage.java:format(72)) - Storage directory /workdir/hadoop-ozone/integration-test/target/test-dir/MiniOzoneClusterImpl-6389a31f-e1b2-4948-a777-3ab81d592f44/datanode-3/data/ratis/0fe25814-8559-4bf9-8a6b-965fcb529d5f has been successfully formatted.
2019-09-25 05:51:13,318 [pool-703-thread-1] INFO  ratis.ContainerStateMachine (ContainerStateMachine.java:loadSnapshot(230)) - group-965FCB529D5F: The snapshot info is null. Setting the last applied indexto:(t:0, i:~)
2019-09-25 05:51:13,318 [pool-703-thread-1] INFO  server.RaftServerConfigKeys (ConfUtils.java:logGet(43)) - raft.server.notification.no-leader.timeout = 120s (custom)
2019-09-25 05:51:13,318 [pool-703-thread-1] INFO  server.RaftServerConfigKeys (ConfUtils.java:logGet(43)) - raft.server.log.use.memory = false (default)
2019-09-25 05:51:13,318 [pool-703-thread-1] INFO  server.RaftServerConfigKeys (ConfUtils.java:logGet(43)) - raft.server.log.purge.gap = 1000000 (custom)
2019-09-25 05:51:13,318 [pool-703-thread-1] INFO  server.RaftServerConfigKeys (ConfUtils.java:logGet(43)) - raft.server.log.appender.buffer.byte-limit = 33554432 (custom)
2019-09-25 05:51:13,318 [pool-703-thread-1] INFO  server.RaftServerConfigKeys (ConfUtils.java:logGet(43)) - raft.server.log.segment.size.max = 1048576 (custom)
2019-09-25 05:51:13,318 [pool-703-thread-1] INFO  server.RaftServerConfigKeys (ConfUtils.java:logGet(43)) - raft.server.log.segment.cache.num.max = 2 (custom)
2019-09-25 05:51:13,318 [pool-703-thread-1] INFO  segmented.SegmentedRaftLogWorker (SegmentedRaftLogWorker.java:<init>(172)) - new f6b408ab-d2bf-4cc7-9b61-adae7633a687@group-965FCB529D5F-SegmentedRaftLogWorker for RaftStorage:Storage Directory /workdir/hadoop-ozone/integration-test/target/test-dir/MiniOzoneClusterImpl-6389a31f-e1b2-4948-a777-3ab81d592f44/datanode-3/data/ratis/0fe25814-8559-4bf9-8a6b-965fcb529d5f
2019-09-25 05:51:13,318 [pool-703-thread-1] INFO  server.RaftServerConfigKeys (ConfUtils.java:logGet(43)) - raft.server.log.queue.byte-limit = 2147483647 (custom)
2019-09-25 05:51:13,318 [pool-703-thread-1] INFO  server.RaftServerConfigKeys (ConfUtils.java:logGet(43)) - raft.server.log.queue.element-limit = 1024 (custom)
2019-09-25 05:51:13,319 [pool-703-thread-1] INFO  server.RaftServerConfigKeys (ConfUtils.java:logGet(43)) - raft.server.log.segment.size.max = 1048576 (custom)
2019-09-25 05:51:13,319 [pool-703-thread-1] INFO  server.RaftServerConfigKeys (ConfUtils.java:logGet(43)) - raft.server.log.preallocated.size = 16384 (custom)
2019-09-25 05:51:13,319 [pool-703-thread-1] INFO  server.RaftServerConfigKeys (ConfUtils.java:logGet(43)) - raft.server.log.write.buffer.size = 33554432 (custom)
2019-09-25 05:51:13,319 [pool-703-thread-1] INFO  server.RaftServerConfigKeys (ConfUtils.java:logGet(43)) - raft.server.log.force.sync.num = 128 (default)
2019-09-25 05:51:13,319 [pool-703-thread-1] INFO  server.RaftServerConfigKeys (ConfUtils.java:logGet(43)) - raft.server.log.statemachine.data.sync = true (default)
2019-09-25 05:51:13,319 [pool-703-thread-1] INFO  server.RaftServerConfigKeys (ConfUtils.java:logGet(43)) - raft.server.log.statemachine.data.sync.timeout = 10s (default)
2019-09-25 05:51:13,319 [pool-703-thread-1] INFO  server.RaftServerConfigKeys (ConfUtils.java:logGet(43)) - raft.server.log.statemachine.data.sync.timeout.retry = -1 (default)
2019-09-25 05:51:13,319 [pool-703-thread-1] INFO  server.RaftServerConfigKeys (ConfUtils.java:logGet(43)) - raft.server.log.statemachine.data.caching.enabled = true (custom)
2019-09-25 05:51:13,319 [pool-703-thread-1] INFO  segmented.SegmentedRaftLogWorker (SegmentedRaftLogWorker.java:lambda$new$0(132)) - f6b408ab-d2bf-4cc7-9b61-adae7633a687@group-965FCB529D5F-SegmentedRaftLogWorker: flushIndex: setUnconditionally 0 -> -1
2019-09-25 05:51:13,320 [pool-703-thread-1] INFO  server.RaftServerConfigKeys (ConfUtils.java:logGet(43)) - raft.server.snapshot.auto.trigger.enabled = true (custom)
2019-09-25 05:51:13,320 [pool-703-thread-1] INFO  server.RaftServerConfigKeys (ConfUtils.java:logGet(43)) - raft.server.snapshot.auto.trigger.threshold = 10000 (custom)
2019-09-25 05:51:13,320 [pool-703-thread-1] INFO  server.RaftServerConfigKeys (ConfUtils.java:logGet(43)) - raft.server.snapshot.retention.num.files = 5 (custom)
2019-09-25 05:51:13,320 [pool-703-thread-1] INFO  server.RaftServerConfigKeys (ConfUtils.java:logGet(43)) - raft.server.retrycache.expirytime = 600000ms (custom)
2019-09-25 05:51:13,321 [pool-703-thread-1] INFO  impl.RaftServerImpl (RaftServerImpl.java:start(185)) - f6b408ab-d2bf-4cc7-9b61-adae7633a687@group-965FCB529D5F: start as a follower, conf=-1: [f6b408ab-d2bf-4cc7-9b61-adae7633a687:192.168.30.10:35118], old=null
2019-09-25 05:51:13,321 [pool-703-thread-1] INFO  impl.RaftServerImpl (RaftServerImpl.java:setRole(174)) - f6b408ab-d2bf-4cc7-9b61-adae7633a687@group-965FCB529D5F: changes role from      null to FOLLOWER at term 0 for startAsFollower
2019-09-25 05:51:13,321 [pool-703-thread-1] INFO  impl.RoleInfo (RoleInfo.java:updateAndGet(143)) - f6b408ab-d2bf-4cc7-9b61-adae7633a687: start FollowerState
2019-09-25 05:51:13,321 [pool-703-thread-1] INFO  util.JmxRegister (JmxRegister.java:tryRegister(44)) - Successfully registered JMX Bean with object name Ratis:service=RaftServer,group=group-965FCB529D5F,id=f6b408ab-d2bf-4cc7-9b61-adae7633a687
2019-09-25 05:51:13,324 [RatisPipelineUtilsThread] INFO  pipeline.PipelineStateManager (PipelineStateManager.java:addPipeline(56)) - Created pipeline Pipeline[ Id: 0fe25814-8559-4bf9-8a6b-965fcb529d5f, Nodes: f6b408ab-d2bf-4cc7-9b61-adae7633a687{ip: 192.168.30.10, host: pr-hdds-1569-s62bp-3040748787, networkLocation: /default-rack, certSerialId: null}, Type:RATIS, Factor:ONE, State:OPEN]
2019-09-25 05:51:13,324 [RatisPipelineUtilsThread] INFO  pipeline.PipelinePlacementPolicy (PipelinePlacementPolicy.java:meetCriteria(91)) - Pipeline Placement: Doesn't meet the criteria to be viable node： 1705b612-ae52-4202-ba1e-b52c03c1d4d6 Heaviness: 6 limit: 5
2019-09-25 05:51:13,324 [RatisPipelineUtilsThread] INFO  pipeline.PipelinePlacementPolicy (PipelinePlacementPolicy.java:meetCriteria(91)) - Pipeline Placement: Doesn't meet the criteria to be viable node： aa12bdd9-b98d-4e1b-b7bd-0fb99805d214 Heaviness: 6 limit: 5
2019-09-25 05:51:13,327 [grpc-default-executor-3] INFO  impl.RaftServerProxy (RaftServerProxy.java:addNew(89)) - 7329b839-2890-4139-beee-2b486d1f212d: addNew group-A6390630F222:[7329b839-2890-4139-beee-2b486d1f212d:192.168.30.10:41459] returns group-A6390630F222:java.util.concurrent.CompletableFuture@32d663e1[Not completed]
2019-09-25 05:51:13,329 [pool-693-thread-1] INFO  impl.RaftServerImpl (RaftServerImpl.java:<init>(95)) - 7329b839-2890-4139-beee-2b486d1f212d: new RaftServerImpl for group-A6390630F222:[7329b839-2890-4139-beee-2b486d1f212d:192.168.30.10:41459] with ContainerStateMachine:uninitialized
2019-09-25 05:51:13,329 [pool-693-thread-1] INFO  server.RaftServerConfigKeys (ConfUtils.java:logGet(43)) - raft.server.rpc.timeout.min = 5s (custom)
2019-09-25 05:51:13,329 [pool-693-thread-1] INFO  server.RaftServerConfigKeys (ConfUtils.java:logGet(43)) - raft.server.rpc.timeout.max = 5200ms (custom)
2019-09-25 05:51:13,329 [pool-693-thread-1] INFO  server.RaftServerConfigKeys (ConfUtils.java:logGet(43)) - raft.server.rpcslowness.timeout = 120s (custom)
2019-09-25 05:51:13,329 [pool-693-thread-1] INFO  server.RaftServerConfigKeys (ConfUtils.java:logGet(43)) - raft.server.sleep.deviation.threshold = 300 (default)
2019-09-25 05:51:13,329 [pool-693-thread-1] INFO  server.RaftServerConfigKeys (ConfUtils.java:logGet(43)) - raft.server.log.appender.install.snapshot.enabled = false (custom)
2019-09-25 05:51:13,329 [pool-693-thread-1] INFO  impl.RaftServerImpl (ServerState.java:<init>(103)) - 7329b839-2890-4139-beee-2b486d1f212d@group-A6390630F222: ConfigurationManager, init=-1: [7329b839-2890-4139-beee-2b486d1f212d:192.168.30.10:41459], old=null, confs=<EMPTY_MAP>
2019-09-25 05:51:13,329 [pool-693-thread-1] INFO  server.RaftServerConfigKeys (ConfUtils.java:logGet(43)) - raft.server.storage.dir = [/workdir/hadoop-ozone/integration-test/target/test-dir/MiniOzoneClusterImpl-6389a31f-e1b2-4948-a777-3ab81d592f44/datanode-2/data/ratis] (custom)
2019-09-25 05:51:13,330 [pool-693-thread-1] INFO  storage.RaftStorageDirectory (RaftStorageDirectory.java:analyzeStorage(246)) - The storage directory /workdir/hadoop-ozone/integration-test/target/test-dir/MiniOzoneClusterImpl-6389a31f-e1b2-4948-a777-3ab81d592f44/datanode-2/data/ratis/6b216577-828c-4b5b-bf58-a6390630f222 does not exist. Creating ...
2019-09-25 05:51:13,342 [pool-693-thread-1] INFO  storage.RaftStorageDirectory (RaftStorageDirectory.java:tryLock(328)) - Lock on /workdir/hadoop-ozone/integration-test/target/test-dir/MiniOzoneClusterImpl-6389a31f-e1b2-4948-a777-3ab81d592f44/datanode-2/data/ratis/6b216577-828c-4b5b-bf58-a6390630f222/in_use.lock acquired by nodename 13539@pr-hdds-1569-s62bp-3040748787
2019-09-25 05:51:13,355 [pool-693-thread-1] INFO  storage.RaftStorage (RaftStorage.java:format(72)) - Storage directory /workdir/hadoop-ozone/integration-test/target/test-dir/MiniOzoneClusterImpl-6389a31f-e1b2-4948-a777-3ab81d592f44/datanode-2/data/ratis/6b216577-828c-4b5b-bf58-a6390630f222 has been successfully formatted.
2019-09-25 05:51:13,356 [pool-693-thread-1] INFO  ratis.ContainerStateMachine (ContainerStateMachine.java:loadSnapshot(230)) - group-A6390630F222: The snapshot info is null. Setting the last applied indexto:(t:0, i:~)
2019-09-25 05:51:13,356 [pool-693-thread-1] INFO  server.RaftServerConfigKeys (ConfUtils.java:logGet(43)) - raft.server.notification.no-leader.timeout = 120s (custom)
2019-09-25 05:51:13,356 [pool-693-thread-1] INFO  server.RaftServerConfigKeys (ConfUtils.java:logGet(43)) - raft.server.log.use.memory = false (default)
2019-09-25 05:51:13,356 [pool-693-thread-1] INFO  server.RaftServerConfigKeys (ConfUtils.java:logGet(43)) - raft.server.log.purge.gap = 1000000 (custom)
2019-09-25 05:51:13,356 [pool-693-thread-1] INFO  server.RaftServerConfigKeys (ConfUtils.java:logGet(43)) - raft.server.log.appender.buffer.byte-limit = 33554432 (custom)
2019-09-25 05:51:13,356 [pool-693-thread-1] INFO  server.RaftServerConfigKeys (ConfUtils.java:logGet(43)) - raft.server.log.segment.size.max = 1048576 (custom)
2019-09-25 05:51:13,356 [pool-693-thread-1] INFO  server.RaftServerConfigKeys (ConfUtils.java:logGet(43)) - raft.server.log.segment.cache.num.max = 2 (custom)
2019-09-25 05:51:13,357 [pool-693-thread-1] INFO  segmented.SegmentedRaftLogWorker (SegmentedRaftLogWorker.java:<init>(172)) - new 7329b839-2890-4139-beee-2b486d1f212d@group-A6390630F222-SegmentedRaftLogWorker for RaftStorage:Storage Directory /workdir/hadoop-ozone/integration-test/target/test-dir/MiniOzoneClusterImpl-6389a31f-e1b2-4948-a777-3ab81d592f44/datanode-2/data/ratis/6b216577-828c-4b5b-bf58-a6390630f222
2019-09-25 05:51:13,357 [pool-693-thread-1] INFO  server.RaftServerConfigKeys (ConfUtils.java:logGet(43)) - raft.server.log.queue.byte-limit = 2147483647 (custom)
2019-09-25 05:51:13,357 [pool-693-thread-1] INFO  server.RaftServerConfigKeys (ConfUtils.java:logGet(43)) - raft.server.log.queue.element-limit = 1024 (custom)
2019-09-25 05:51:13,357 [pool-693-thread-1] INFO  server.RaftServerConfigKeys (ConfUtils.java:logGet(43)) - raft.server.log.segment.size.max = 1048576 (custom)
2019-09-25 05:51:13,357 [pool-693-thread-1] INFO  server.RaftServerConfigKeys (ConfUtils.java:logGet(43)) - raft.server.log.preallocated.size = 16384 (custom)
2019-09-25 05:51:13,357 [pool-693-thread-1] INFO  server.RaftServerConfigKeys (ConfUtils.java:logGet(43)) - raft.server.log.write.buffer.size = 33554432 (custom)
2019-09-25 05:51:13,357 [pool-693-thread-1] INFO  server.RaftServerConfigKeys (ConfUtils.java:logGet(43)) - raft.server.log.force.sync.num = 128 (default)
2019-09-25 05:51:13,357 [pool-693-thread-1] INFO  server.RaftServerConfigKeys (ConfUtils.java:logGet(43)) - raft.server.log.statemachine.data.sync = true (default)
2019-09-25 05:51:13,358 [pool-693-thread-1] INFO  server.RaftServerConfigKeys (ConfUtils.java:logGet(43)) - raft.server.log.statemachine.data.sync.timeout = 10s (default)
2019-09-25 05:51:13,358 [pool-693-thread-1] INFO  server.RaftServerConfigKeys (ConfUtils.java:logGet(43)) - raft.server.log.statemachine.data.sync.timeout.retry = -1 (default)
2019-09-25 05:51:13,358 [pool-693-thread-1] INFO  server.RaftServerConfigKeys (ConfUtils.java:logGet(43)) - raft.server.log.statemachine.data.caching.enabled = true (custom)
2019-09-25 05:51:13,358 [pool-693-thread-1] INFO  segmented.SegmentedRaftLogWorker (SegmentedRaftLogWorker.java:lambda$new$0(132)) - 7329b839-2890-4139-beee-2b486d1f212d@group-A6390630F222-SegmentedRaftLogWorker: flushIndex: setUnconditionally 0 -> -1
2019-09-25 05:51:13,358 [pool-693-thread-1] INFO  server.RaftServerConfigKeys (ConfUtils.java:logGet(43)) - raft.server.snapshot.auto.trigger.enabled = true (custom)
2019-09-25 05:51:13,358 [pool-693-thread-1] INFO  server.RaftServerConfigKeys (ConfUtils.java:logGet(43)) - raft.server.snapshot.auto.trigger.threshold = 10000 (custom)
2019-09-25 05:51:13,359 [pool-693-thread-1] INFO  server.RaftServerConfigKeys (ConfUtils.java:logGet(43)) - raft.server.snapshot.retention.num.files = 5 (custom)
2019-09-25 05:51:13,359 [pool-693-thread-1] INFO  server.RaftServerConfigKeys (ConfUtils.java:logGet(43)) - raft.server.retrycache.expirytime = 600000ms (custom)
2019-09-25 05:51:13,360 [pool-693-thread-1] INFO  impl.RaftServerImpl (RaftServerImpl.java:start(185)) - 7329b839-2890-4139-beee-2b486d1f212d@group-A6390630F222: start as a follower, conf=-1: [7329b839-2890-4139-beee-2b486d1f212d:192.168.30.10:41459], old=null
2019-09-25 05:51:13,360 [pool-693-thread-1] INFO  impl.RaftServerImpl (RaftServerImpl.java:setRole(174)) - 7329b839-2890-4139-beee-2b486d1f212d@group-A6390630F222: changes role from      null to FOLLOWER at term 0 for startAsFollower
2019-09-25 05:51:13,360 [pool-693-thread-1] INFO  impl.RoleInfo (RoleInfo.java:updateAndGet(143)) - 7329b839-2890-4139-beee-2b486d1f212d: start FollowerState
2019-09-25 05:51:13,361 [pool-693-thread-1] INFO  util.JmxRegister (JmxRegister.java:tryRegister(44)) - Successfully registered JMX Bean with object name Ratis:service=RaftServer,group=group-A6390630F222,id=7329b839-2890-4139-beee-2b486d1f212d
2019-09-25 05:51:13,362 [RatisPipelineUtilsThread] INFO  pipeline.PipelineStateManager (PipelineStateManager.java:addPipeline(56)) - Created pipeline Pipeline[ Id: 6b216577-828c-4b5b-bf58-a6390630f222, Nodes: 7329b839-2890-4139-beee-2b486d1f212d{ip: 192.168.30.10, host: pr-hdds-1569-s62bp-3040748787, networkLocation: /default-rack, certSerialId: null}, Type:RATIS, Factor:ONE, State:OPEN]
2019-09-25 05:51:13,362 [RatisPipelineUtilsThread] INFO  pipeline.PipelinePlacementPolicy (PipelinePlacementPolicy.java:meetCriteria(91)) - Pipeline Placement: Doesn't meet the criteria to be viable node： 1705b612-ae52-4202-ba1e-b52c03c1d4d6 Heaviness: 6 limit: 5
2019-09-25 05:51:13,362 [RatisPipelineUtilsThread] INFO  pipeline.PipelinePlacementPolicy (PipelinePlacementPolicy.java:meetCriteria(91)) - Pipeline Placement: Doesn't meet the criteria to be viable node： aa12bdd9-b98d-4e1b-b7bd-0fb99805d214 Heaviness: 6 limit: 5
2019-09-25 05:51:13,363 [RatisPipelineUtilsThread] INFO  pipeline.PipelinePlacementPolicy (PipelinePlacementPolicy.java:meetCriteria(91)) - Pipeline Placement: Doesn't meet the criteria to be viable node： 7329b839-2890-4139-beee-2b486d1f212d Heaviness: 6 limit: 5
2019-09-25 05:51:13,365 [grpc-default-executor-3] INFO  impl.RaftServerProxy (RaftServerProxy.java:addNew(89)) - ba62479e-9d0c-4e30-a2fc-a7b15472dec7: addNew group-FA499E84120B:[ba62479e-9d0c-4e30-a2fc-a7b15472dec7:192.168.30.10:39614] returns group-FA499E84120B:java.util.concurrent.CompletableFuture@3f760f34[Not completed]
2019-09-25 05:51:13,366 [pool-713-thread-1] INFO  impl.RaftServerImpl (RaftServerImpl.java:<init>(95)) - ba62479e-9d0c-4e30-a2fc-a7b15472dec7: new RaftServerImpl for group-FA499E84120B:[ba62479e-9d0c-4e30-a2fc-a7b15472dec7:192.168.30.10:39614] with ContainerStateMachine:uninitialized
2019-09-25 05:51:13,366 [pool-713-thread-1] INFO  server.RaftServerConfigKeys (ConfUtils.java:logGet(43)) - raft.server.rpc.timeout.min = 5s (custom)
2019-09-25 05:51:13,366 [pool-713-thread-1] INFO  server.RaftServerConfigKeys (ConfUtils.java:logGet(43)) - raft.server.rpc.timeout.max = 5200ms (custom)
2019-09-25 05:51:13,366 [pool-713-thread-1] INFO  server.RaftServerConfigKeys (ConfUtils.java:logGet(43)) - raft.server.rpcslowness.timeout = 120s (custom)
2019-09-25 05:51:13,367 [pool-713-thread-1] INFO  server.RaftServerConfigKeys (ConfUtils.java:logGet(43)) - raft.server.sleep.deviation.threshold = 300 (default)
2019-09-25 05:51:13,367 [pool-713-thread-1] INFO  server.RaftServerConfigKeys (ConfUtils.java:logGet(43)) - raft.server.log.appender.install.snapshot.enabled = false (custom)
2019-09-25 05:51:13,367 [pool-713-thread-1] INFO  impl.RaftServerImpl (ServerState.java:<init>(103)) - ba62479e-9d0c-4e30-a2fc-a7b15472dec7@group-FA499E84120B: ConfigurationManager, init=-1: [ba62479e-9d0c-4e30-a2fc-a7b15472dec7:192.168.30.10:39614], old=null, confs=<EMPTY_MAP>
2019-09-25 05:51:13,367 [pool-713-thread-1] INFO  server.RaftServerConfigKeys (ConfUtils.java:logGet(43)) - raft.server.storage.dir = [/workdir/hadoop-ozone/integration-test/target/test-dir/MiniOzoneClusterImpl-6389a31f-e1b2-4948-a777-3ab81d592f44/datanode-4/data/ratis] (custom)
2019-09-25 05:51:13,367 [pool-713-thread-1] INFO  storage.RaftStorageDirectory (RaftStorageDirectory.java:analyzeStorage(246)) - The storage directory /workdir/hadoop-ozone/integration-test/target/test-dir/MiniOzoneClusterImpl-6389a31f-e1b2-4948-a777-3ab81d592f44/datanode-4/data/ratis/0d16e4fc-c57e-4ef0-9e86-fa499e84120b does not exist. Creating ...
2019-09-25 05:51:13,388 [pool-713-thread-1] INFO  storage.RaftStorageDirectory (RaftStorageDirectory.java:tryLock(328)) - Lock on /workdir/hadoop-ozone/integration-test/target/test-dir/MiniOzoneClusterImpl-6389a31f-e1b2-4948-a777-3ab81d592f44/datanode-4/data/ratis/0d16e4fc-c57e-4ef0-9e86-fa499e84120b/in_use.lock acquired by nodename 13539@pr-hdds-1569-s62bp-3040748787
2019-09-25 05:51:13,402 [pool-713-thread-1] INFO  storage.RaftStorage (RaftStorage.java:format(72)) - Storage directory /workdir/hadoop-ozone/integration-test/target/test-dir/MiniOzoneClusterImpl-6389a31f-e1b2-4948-a777-3ab81d592f44/datanode-4/data/ratis/0d16e4fc-c57e-4ef0-9e86-fa499e84120b has been successfully formatted.
2019-09-25 05:51:13,402 [pool-713-thread-1] INFO  ratis.ContainerStateMachine (ContainerStateMachine.java:loadSnapshot(230)) - group-FA499E84120B: The snapshot info is null. Setting the last applied indexto:(t:0, i:~)
2019-09-25 05:51:13,402 [pool-713-thread-1] INFO  server.RaftServerConfigKeys (ConfUtils.java:logGet(43)) - raft.server.notification.no-leader.timeout = 120s (custom)
2019-09-25 05:51:13,402 [pool-713-thread-1] INFO  server.RaftServerConfigKeys (ConfUtils.java:logGet(43)) - raft.server.log.use.memory = false (default)
2019-09-25 05:51:13,402 [pool-713-thread-1] INFO  server.RaftServerConfigKeys (ConfUtils.java:logGet(43)) - raft.server.log.purge.gap = 1000000 (custom)
2019-09-25 05:51:13,403 [pool-713-thread-1] INFO  server.RaftServerConfigKeys (ConfUtils.java:logGet(43)) - raft.server.log.appender.buffer.byte-limit = 33554432 (custom)
2019-09-25 05:51:13,403 [pool-713-thread-1] INFO  server.RaftServerConfigKeys (ConfUtils.java:logGet(43)) - raft.server.log.segment.size.max = 1048576 (custom)
2019-09-25 05:51:13,403 [pool-713-thread-1] INFO  server.RaftServerConfigKeys (ConfUtils.java:logGet(43)) - raft.server.log.segment.cache.num.max = 2 (custom)
2019-09-25 05:51:13,403 [pool-713-thread-1] INFO  segmented.SegmentedRaftLogWorker (SegmentedRaftLogWorker.java:<init>(172)) - new ba62479e-9d0c-4e30-a2fc-a7b15472dec7@group-FA499E84120B-SegmentedRaftLogWorker for RaftStorage:Storage Directory /workdir/hadoop-ozone/integration-test/target/test-dir/MiniOzoneClusterImpl-6389a31f-e1b2-4948-a777-3ab81d592f44/datanode-4/data/ratis/0d16e4fc-c57e-4ef0-9e86-fa499e84120b
2019-09-25 05:51:13,403 [pool-713-thread-1] INFO  server.RaftServerConfigKeys (ConfUtils.java:logGet(43)) - raft.server.log.queue.byte-limit = 2147483647 (custom)
2019-09-25 05:51:13,403 [pool-713-thread-1] INFO  server.RaftServerConfigKeys (ConfUtils.java:logGet(43)) - raft.server.log.queue.element-limit = 1024 (custom)
2019-09-25 05:51:13,403 [pool-713-thread-1] INFO  server.RaftServerConfigKeys (ConfUtils.java:logGet(43)) - raft.server.log.segment.size.max = 1048576 (custom)
2019-09-25 05:51:13,404 [pool-713-thread-1] INFO  server.RaftServerConfigKeys (ConfUtils.java:logGet(43)) - raft.server.log.preallocated.size = 16384 (custom)
2019-09-25 05:51:13,404 [pool-713-thread-1] INFO  server.RaftServerConfigKeys (ConfUtils.java:logGet(43)) - raft.server.log.write.buffer.size = 33554432 (custom)
2019-09-25 05:51:13,404 [pool-713-thread-1] INFO  server.RaftServerConfigKeys (ConfUtils.java:logGet(43)) - raft.server.log.force.sync.num = 128 (default)
2019-09-25 05:51:13,404 [pool-713-thread-1] INFO  server.RaftServerConfigKeys (ConfUtils.java:logGet(43)) - raft.server.log.statemachine.data.sync = true (default)
2019-09-25 05:51:13,404 [pool-713-thread-1] INFO  server.RaftServerConfigKeys (ConfUtils.java:logGet(43)) - raft.server.log.statemachine.data.sync.timeout = 10s (default)
2019-09-25 05:51:13,404 [pool-713-thread-1] INFO  server.RaftServerConfigKeys (ConfUtils.java:logGet(43)) - raft.server.log.statemachine.data.sync.timeout.retry = -1 (default)
2019-09-25 05:51:13,404 [pool-713-thread-1] INFO  server.RaftServerConfigKeys (ConfUtils.java:logGet(43)) - raft.server.log.statemachine.data.caching.enabled = true (custom)
2019-09-25 05:51:13,405 [pool-713-thread-1] INFO  segmented.SegmentedRaftLogWorker (SegmentedRaftLogWorker.java:lambda$new$0(132)) - ba62479e-9d0c-4e30-a2fc-a7b15472dec7@group-FA499E84120B-SegmentedRaftLogWorker: flushIndex: setUnconditionally 0 -> -1
2019-09-25 05:51:13,405 [pool-713-thread-1] INFO  server.RaftServerConfigKeys (ConfUtils.java:logGet(43)) - raft.server.snapshot.auto.trigger.enabled = true (custom)
2019-09-25 05:51:13,405 [pool-713-thread-1] INFO  server.RaftServerConfigKeys (ConfUtils.java:logGet(43)) - raft.server.snapshot.auto.trigger.threshold = 10000 (custom)
2019-09-25 05:51:13,405 [pool-713-thread-1] INFO  server.RaftServerConfigKeys (ConfUtils.java:logGet(43)) - raft.server.snapshot.retention.num.files = 5 (custom)
2019-09-25 05:51:13,405 [pool-713-thread-1] INFO  server.RaftServerConfigKeys (ConfUtils.java:logGet(43)) - raft.server.retrycache.expirytime = 600000ms (custom)
2019-09-25 05:51:13,407 [pool-713-thread-1] INFO  impl.RaftServerImpl (RaftServerImpl.java:start(185)) - ba62479e-9d0c-4e30-a2fc-a7b15472dec7@group-FA499E84120B: start as a follower, conf=-1: [ba62479e-9d0c-4e30-a2fc-a7b15472dec7:192.168.30.10:39614], old=null
2019-09-25 05:51:13,407 [pool-713-thread-1] INFO  impl.RaftServerImpl (RaftServerImpl.java:setRole(174)) - ba62479e-9d0c-4e30-a2fc-a7b15472dec7@group-FA499E84120B: changes role from      null to FOLLOWER at term 0 for startAsFollower
2019-09-25 05:51:13,408 [pool-713-thread-1] INFO  impl.RoleInfo (RoleInfo.java:updateAndGet(143)) - ba62479e-9d0c-4e30-a2fc-a7b15472dec7: start FollowerState
2019-09-25 05:51:13,408 [pool-713-thread-1] INFO  util.JmxRegister (JmxRegister.java:tryRegister(44)) - Successfully registered JMX Bean with object name Ratis:service=RaftServer,group=group-FA499E84120B,id=ba62479e-9d0c-4e30-a2fc-a7b15472dec7
2019-09-25 05:51:13,409 [RatisPipelineUtilsThread] INFO  pipeline.PipelineStateManager (PipelineStateManager.java:addPipeline(56)) - Created pipeline Pipeline[ Id: 0d16e4fc-c57e-4ef0-9e86-fa499e84120b, Nodes: ba62479e-9d0c-4e30-a2fc-a7b15472dec7{ip: 192.168.30.10, host: pr-hdds-1569-s62bp-3040748787, networkLocation: /default-rack, certSerialId: null}, Type:RATIS, Factor:ONE, State:OPEN]
2019-09-25 05:51:13,410 [RatisPipelineUtilsThread] INFO  pipeline.PipelinePlacementPolicy (PipelinePlacementPolicy.java:meetCriteria(91)) - Pipeline Placement: Doesn't meet the criteria to be viable node： 1705b612-ae52-4202-ba1e-b52c03c1d4d6 Heaviness: 6 limit: 5
2019-09-25 05:51:13,410 [RatisPipelineUtilsThread] INFO  pipeline.PipelinePlacementPolicy (PipelinePlacementPolicy.java:meetCriteria(91)) - Pipeline Placement: Doesn't meet the criteria to be viable node： aa12bdd9-b98d-4e1b-b7bd-0fb99805d214 Heaviness: 6 limit: 5
2019-09-25 05:51:13,410 [RatisPipelineUtilsThread] INFO  pipeline.PipelinePlacementPolicy (PipelinePlacementPolicy.java:meetCriteria(91)) - Pipeline Placement: Doesn't meet the criteria to be viable node： 7329b839-2890-4139-beee-2b486d1f212d Heaviness: 6 limit: 5
2019-09-25 05:51:13,413 [grpc-default-executor-3] INFO  impl.RaftServerProxy (RaftServerProxy.java:addNew(89)) - f6b408ab-d2bf-4cc7-9b61-adae7633a687: addNew group-A398B1CD36EA:[f6b408ab-d2bf-4cc7-9b61-adae7633a687:192.168.30.10:35118] returns group-A398B1CD36EA:java.util.concurrent.CompletableFuture@47a185a8[Not completed]
2019-09-25 05:51:13,414 [pool-703-thread-1] INFO  impl.RaftServerImpl (RaftServerImpl.java:<init>(95)) - f6b408ab-d2bf-4cc7-9b61-adae7633a687: new RaftServerImpl for group-A398B1CD36EA:[f6b408ab-d2bf-4cc7-9b61-adae7633a687:192.168.30.10:35118] with ContainerStateMachine:uninitialized
2019-09-25 05:51:13,414 [pool-703-thread-1] INFO  server.RaftServerConfigKeys (ConfUtils.java:logGet(43)) - raft.server.rpc.timeout.min = 5s (custom)
2019-09-25 05:51:13,414 [pool-703-thread-1] INFO  server.RaftServerConfigKeys (ConfUtils.java:logGet(43)) - raft.server.rpc.timeout.max = 5200ms (custom)
2019-09-25 05:51:13,414 [pool-703-thread-1] INFO  server.RaftServerConfigKeys (ConfUtils.java:logGet(43)) - raft.server.rpcslowness.timeout = 120s (custom)
2019-09-25 05:51:13,414 [pool-703-thread-1] INFO  server.RaftServerConfigKeys (ConfUtils.java:logGet(43)) - raft.server.sleep.deviation.threshold = 300 (default)
2019-09-25 05:51:13,414 [pool-703-thread-1] INFO  server.RaftServerConfigKeys (ConfUtils.java:logGet(43)) - raft.server.log.appender.install.snapshot.enabled = false (custom)
2019-09-25 05:51:13,415 [pool-703-thread-1] INFO  impl.RaftServerImpl (ServerState.java:<init>(103)) - f6b408ab-d2bf-4cc7-9b61-adae7633a687@group-A398B1CD36EA: ConfigurationManager, init=-1: [f6b408ab-d2bf-4cc7-9b61-adae7633a687:192.168.30.10:35118], old=null, confs=<EMPTY_MAP>
2019-09-25 05:51:13,415 [pool-703-thread-1] INFO  server.RaftServerConfigKeys (ConfUtils.java:logGet(43)) - raft.server.storage.dir = [/workdir/hadoop-ozone/integration-test/target/test-dir/MiniOzoneClusterImpl-6389a31f-e1b2-4948-a777-3ab81d592f44/datanode-3/data/ratis] (custom)
2019-09-25 05:51:13,415 [pool-703-thread-1] INFO  storage.RaftStorageDirectory (RaftStorageDirectory.java:analyzeStorage(246)) - The storage directory /workdir/hadoop-ozone/integration-test/target/test-dir/MiniOzoneClusterImpl-6389a31f-e1b2-4948-a777-3ab81d592f44/datanode-3/data/ratis/bc0c71b2-458e-4f39-83a6-a398b1cd36ea does not exist. Creating ...
2019-09-25 05:51:13,428 [pool-703-thread-1] INFO  storage.RaftStorageDirectory (RaftStorageDirectory.java:tryLock(328)) - Lock on /workdir/hadoop-ozone/integration-test/target/test-dir/MiniOzoneClusterImpl-6389a31f-e1b2-4948-a777-3ab81d592f44/datanode-3/data/ratis/bc0c71b2-458e-4f39-83a6-a398b1cd36ea/in_use.lock acquired by nodename 13539@pr-hdds-1569-s62bp-3040748787
2019-09-25 05:51:13,441 [pool-703-thread-1] INFO  storage.RaftStorage (RaftStorage.java:format(72)) - Storage directory /workdir/hadoop-ozone/integration-test/target/test-dir/MiniOzoneClusterImpl-6389a31f-e1b2-4948-a777-3ab81d592f44/datanode-3/data/ratis/bc0c71b2-458e-4f39-83a6-a398b1cd36ea has been successfully formatted.
2019-09-25 05:51:13,441 [pool-703-thread-1] INFO  ratis.ContainerStateMachine (ContainerStateMachine.java:loadSnapshot(230)) - group-A398B1CD36EA: The snapshot info is null. Setting the last applied indexto:(t:0, i:~)
2019-09-25 05:51:13,441 [pool-703-thread-1] INFO  server.RaftServerConfigKeys (ConfUtils.java:logGet(43)) - raft.server.notification.no-leader.timeout = 120s (custom)
2019-09-25 05:51:13,441 [pool-703-thread-1] INFO  server.RaftServerConfigKeys (ConfUtils.java:logGet(43)) - raft.server.log.use.memory = false (default)
2019-09-25 05:51:13,441 [pool-703-thread-1] INFO  server.RaftServerConfigKeys (ConfUtils.java:logGet(43)) - raft.server.log.purge.gap = 1000000 (custom)
2019-09-25 05:51:13,441 [pool-703-thread-1] INFO  server.RaftServerConfigKeys (ConfUtils.java:logGet(43)) - raft.server.log.appender.buffer.byte-limit = 33554432 (custom)
2019-09-25 05:51:13,441 [pool-703-thread-1] INFO  server.RaftServerConfigKeys (ConfUtils.java:logGet(43)) - raft.server.log.segment.size.max = 1048576 (custom)
2019-09-25 05:51:13,441 [pool-703-thread-1] INFO  server.RaftServerConfigKeys (ConfUtils.java:logGet(43)) - raft.server.log.segment.cache.num.max = 2 (custom)
2019-09-25 05:51:13,442 [pool-703-thread-1] INFO  segmented.SegmentedRaftLogWorker (SegmentedRaftLogWorker.java:<init>(172)) - new f6b408ab-d2bf-4cc7-9b61-adae7633a687@group-A398B1CD36EA-SegmentedRaftLogWorker for RaftStorage:Storage Directory /workdir/hadoop-ozone/integration-test/target/test-dir/MiniOzoneClusterImpl-6389a31f-e1b2-4948-a777-3ab81d592f44/datanode-3/data/ratis/bc0c71b2-458e-4f39-83a6-a398b1cd36ea
2019-09-25 05:51:13,442 [pool-703-thread-1] INFO  server.RaftServerConfigKeys (ConfUtils.java:logGet(43)) - raft.server.log.queue.byte-limit = 2147483647 (custom)
2019-09-25 05:51:13,442 [pool-703-thread-1] INFO  server.RaftServerConfigKeys (ConfUtils.java:logGet(43)) - raft.server.log.queue.element-limit = 1024 (custom)
2019-09-25 05:51:13,442 [pool-703-thread-1] INFO  server.RaftServerConfigKeys (ConfUtils.java:logGet(43)) - raft.server.log.segment.size.max = 1048576 (custom)
2019-09-25 05:51:13,442 [pool-703-thread-1] INFO  server.RaftServerConfigKeys (ConfUtils.java:logGet(43)) - raft.server.log.preallocated.size = 16384 (custom)
2019-09-25 05:51:13,442 [pool-703-thread-1] INFO  server.RaftServerConfigKeys (ConfUtils.java:logGet(43)) - raft.server.log.write.buffer.size = 33554432 (custom)
2019-09-25 05:51:13,442 [pool-703-thread-1] INFO  server.RaftServerConfigKeys (ConfUtils.java:logGet(43)) - raft.server.log.force.sync.num = 128 (default)
2019-09-25 05:51:13,442 [pool-703-thread-1] INFO  server.RaftServerConfigKeys (ConfUtils.java:logGet(43)) - raft.server.log.statemachine.data.sync = true (default)
2019-09-25 05:51:13,443 [pool-703-thread-1] INFO  server.RaftServerConfigKeys (ConfUtils.java:logGet(43)) - raft.server.log.statemachine.data.sync.timeout = 10s (default)
2019-09-25 05:51:13,443 [pool-703-thread-1] INFO  server.RaftServerConfigKeys (ConfUtils.java:logGet(43)) - raft.server.log.statemachine.data.sync.timeout.retry = -1 (default)
2019-09-25 05:51:13,443 [pool-703-thread-1] INFO  server.RaftServerConfigKeys (ConfUtils.java:logGet(43)) - raft.server.log.statemachine.data.caching.enabled = true (custom)
2019-09-25 05:51:13,443 [pool-703-thread-1] INFO  segmented.SegmentedRaftLogWorker (SegmentedRaftLogWorker.java:lambda$new$0(132)) - f6b408ab-d2bf-4cc7-9b61-adae7633a687@group-A398B1CD36EA-SegmentedRaftLogWorker: flushIndex: setUnconditionally 0 -> -1
2019-09-25 05:51:13,443 [pool-703-thread-1] INFO  server.RaftServerConfigKeys (ConfUtils.java:logGet(43)) - raft.server.snapshot.auto.trigger.enabled = true (custom)
2019-09-25 05:51:13,443 [pool-703-thread-1] INFO  server.RaftServerConfigKeys (ConfUtils.java:logGet(43)) - raft.server.snapshot.auto.trigger.threshold = 10000 (custom)
2019-09-25 05:51:13,443 [pool-703-thread-1] INFO  server.RaftServerConfigKeys (ConfUtils.java:logGet(43)) - raft.server.snapshot.retention.num.files = 5 (custom)
2019-09-25 05:51:13,444 [pool-703-thread-1] INFO  server.RaftServerConfigKeys (ConfUtils.java:logGet(43)) - raft.server.retrycache.expirytime = 600000ms (custom)
2019-09-25 05:51:13,445 [pool-703-thread-1] INFO  impl.RaftServerImpl (RaftServerImpl.java:start(185)) - f6b408ab-d2bf-4cc7-9b61-adae7633a687@group-A398B1CD36EA: start as a follower, conf=-1: [f6b408ab-d2bf-4cc7-9b61-adae7633a687:192.168.30.10:35118], old=null
2019-09-25 05:51:13,445 [pool-703-thread-1] INFO  impl.RaftServerImpl (RaftServerImpl.java:setRole(174)) - f6b408ab-d2bf-4cc7-9b61-adae7633a687@group-A398B1CD36EA: changes role from      null to FOLLOWER at term 0 for startAsFollower
2019-09-25 05:51:13,445 [pool-703-thread-1] INFO  impl.RoleInfo (RoleInfo.java:updateAndGet(143)) - f6b408ab-d2bf-4cc7-9b61-adae7633a687: start FollowerState
2019-09-25 05:51:13,446 [pool-703-thread-1] INFO  util.JmxRegister (JmxRegister.java:tryRegister(44)) - Successfully registered JMX Bean with object name Ratis:service=RaftServer,group=group-A398B1CD36EA,id=f6b408ab-d2bf-4cc7-9b61-adae7633a687
2019-09-25 05:51:13,447 [RatisPipelineUtilsThread] INFO  pipeline.PipelineStateManager (PipelineStateManager.java:addPipeline(56)) - Created pipeline Pipeline[ Id: bc0c71b2-458e-4f39-83a6-a398b1cd36ea, Nodes: f6b408ab-d2bf-4cc7-9b61-adae7633a687{ip: 192.168.30.10, host: pr-hdds-1569-s62bp-3040748787, networkLocation: /default-rack, certSerialId: null}, Type:RATIS, Factor:ONE, State:OPEN]
2019-09-25 05:51:13,448 [RatisPipelineUtilsThread] INFO  pipeline.PipelinePlacementPolicy (PipelinePlacementPolicy.java:meetCriteria(91)) - Pipeline Placement: Doesn't meet the criteria to be viable node： 1705b612-ae52-4202-ba1e-b52c03c1d4d6 Heaviness: 6 limit: 5
2019-09-25 05:51:13,448 [RatisPipelineUtilsThread] INFO  pipeline.PipelinePlacementPolicy (PipelinePlacementPolicy.java:meetCriteria(91)) - Pipeline Placement: Doesn't meet the criteria to be viable node： aa12bdd9-b98d-4e1b-b7bd-0fb99805d214 Heaviness: 6 limit: 5
2019-09-25 05:51:13,448 [RatisPipelineUtilsThread] INFO  pipeline.PipelinePlacementPolicy (PipelinePlacementPolicy.java:meetCriteria(91)) - Pipeline Placement: Doesn't meet the criteria to be viable node： f6b408ab-d2bf-4cc7-9b61-adae7633a687 Heaviness: 6 limit: 5
2019-09-25 05:51:13,448 [RatisPipelineUtilsThread] INFO  pipeline.PipelinePlacementPolicy (PipelinePlacementPolicy.java:meetCriteria(91)) - Pipeline Placement: Doesn't meet the criteria to be viable node： 7329b839-2890-4139-beee-2b486d1f212d Heaviness: 6 limit: 5
2019-09-25 05:51:13,451 [grpc-default-executor-3] INFO  impl.RaftServerProxy (RaftServerProxy.java:addNew(89)) - ba62479e-9d0c-4e30-a2fc-a7b15472dec7: addNew group-1292463E0D7D:[ba62479e-9d0c-4e30-a2fc-a7b15472dec7:192.168.30.10:39614] returns group-1292463E0D7D:java.util.concurrent.CompletableFuture@18fba6f4[Not completed]
2019-09-25 05:51:13,452 [pool-713-thread-1] INFO  impl.RaftServerImpl (RaftServerImpl.java:<init>(95)) - ba62479e-9d0c-4e30-a2fc-a7b15472dec7: new RaftServerImpl for group-1292463E0D7D:[ba62479e-9d0c-4e30-a2fc-a7b15472dec7:192.168.30.10:39614] with ContainerStateMachine:uninitialized
2019-09-25 05:51:13,452 [pool-713-thread-1] INFO  server.RaftServerConfigKeys (ConfUtils.java:logGet(43)) - raft.server.rpc.timeout.min = 5s (custom)
2019-09-25 05:51:13,453 [pool-713-thread-1] INFO  server.RaftServerConfigKeys (ConfUtils.java:logGet(43)) - raft.server.rpc.timeout.max = 5200ms (custom)
2019-09-25 05:51:13,453 [pool-713-thread-1] INFO  server.RaftServerConfigKeys (ConfUtils.java:logGet(43)) - raft.server.rpcslowness.timeout = 120s (custom)
2019-09-25 05:51:13,453 [pool-713-thread-1] INFO  server.RaftServerConfigKeys (ConfUtils.java:logGet(43)) - raft.server.sleep.deviation.threshold = 300 (default)
2019-09-25 05:51:13,453 [pool-713-thread-1] INFO  server.RaftServerConfigKeys (ConfUtils.java:logGet(43)) - raft.server.log.appender.install.snapshot.enabled = false (custom)
2019-09-25 05:51:13,453 [pool-713-thread-1] INFO  impl.RaftServerImpl (ServerState.java:<init>(103)) - ba62479e-9d0c-4e30-a2fc-a7b15472dec7@group-1292463E0D7D: ConfigurationManager, init=-1: [ba62479e-9d0c-4e30-a2fc-a7b15472dec7:192.168.30.10:39614], old=null, confs=<EMPTY_MAP>
2019-09-25 05:51:13,453 [pool-713-thread-1] INFO  server.RaftServerConfigKeys (ConfUtils.java:logGet(43)) - raft.server.storage.dir = [/workdir/hadoop-ozone/integration-test/target/test-dir/MiniOzoneClusterImpl-6389a31f-e1b2-4948-a777-3ab81d592f44/datanode-4/data/ratis] (custom)
2019-09-25 05:51:13,454 [pool-713-thread-1] INFO  storage.RaftStorageDirectory (RaftStorageDirectory.java:analyzeStorage(246)) - The storage directory /workdir/hadoop-ozone/integration-test/target/test-dir/MiniOzoneClusterImpl-6389a31f-e1b2-4948-a777-3ab81d592f44/datanode-4/data/ratis/159060ea-9a7f-4490-b6bb-1292463e0d7d does not exist. Creating ...
2019-09-25 05:51:13,466 [pool-713-thread-1] INFO  storage.RaftStorageDirectory (RaftStorageDirectory.java:tryLock(328)) - Lock on /workdir/hadoop-ozone/integration-test/target/test-dir/MiniOzoneClusterImpl-6389a31f-e1b2-4948-a777-3ab81d592f44/datanode-4/data/ratis/159060ea-9a7f-4490-b6bb-1292463e0d7d/in_use.lock acquired by nodename 13539@pr-hdds-1569-s62bp-3040748787
2019-09-25 05:51:13,480 [pool-713-thread-1] INFO  storage.RaftStorage (RaftStorage.java:format(72)) - Storage directory /workdir/hadoop-ozone/integration-test/target/test-dir/MiniOzoneClusterImpl-6389a31f-e1b2-4948-a777-3ab81d592f44/datanode-4/data/ratis/159060ea-9a7f-4490-b6bb-1292463e0d7d has been successfully formatted.
2019-09-25 05:51:13,480 [pool-713-thread-1] INFO  ratis.ContainerStateMachine (ContainerStateMachine.java:loadSnapshot(230)) - group-1292463E0D7D: The snapshot info is null. Setting the last applied indexto:(t:0, i:~)
2019-09-25 05:51:13,481 [pool-713-thread-1] INFO  server.RaftServerConfigKeys (ConfUtils.java:logGet(43)) - raft.server.notification.no-leader.timeout = 120s (custom)
2019-09-25 05:51:13,481 [pool-713-thread-1] INFO  server.RaftServerConfigKeys (ConfUtils.java:logGet(43)) - raft.server.log.use.memory = false (default)
2019-09-25 05:51:13,481 [pool-713-thread-1] INFO  server.RaftServerConfigKeys (ConfUtils.java:logGet(43)) - raft.server.log.purge.gap = 1000000 (custom)
2019-09-25 05:51:13,481 [pool-713-thread-1] INFO  server.RaftServerConfigKeys (ConfUtils.java:logGet(43)) - raft.server.log.appender.buffer.byte-limit = 33554432 (custom)
2019-09-25 05:51:13,481 [pool-713-thread-1] INFO  server.RaftServerConfigKeys (ConfUtils.java:logGet(43)) - raft.server.log.segment.size.max = 1048576 (custom)
2019-09-25 05:51:13,481 [pool-713-thread-1] INFO  server.RaftServerConfigKeys (ConfUtils.java:logGet(43)) - raft.server.log.segment.cache.num.max = 2 (custom)
2019-09-25 05:51:13,482 [pool-713-thread-1] INFO  segmented.SegmentedRaftLogWorker (SegmentedRaftLogWorker.java:<init>(172)) - new ba62479e-9d0c-4e30-a2fc-a7b15472dec7@group-1292463E0D7D-SegmentedRaftLogWorker for RaftStorage:Storage Directory /workdir/hadoop-ozone/integration-test/target/test-dir/MiniOzoneClusterImpl-6389a31f-e1b2-4948-a777-3ab81d592f44/datanode-4/data/ratis/159060ea-9a7f-4490-b6bb-1292463e0d7d
2019-09-25 05:51:13,482 [pool-713-thread-1] INFO  server.RaftServerConfigKeys (ConfUtils.java:logGet(43)) - raft.server.log.queue.byte-limit = 2147483647 (custom)
2019-09-25 05:51:13,482 [pool-713-thread-1] INFO  server.RaftServerConfigKeys (ConfUtils.java:logGet(43)) - raft.server.log.queue.element-limit = 1024 (custom)
2019-09-25 05:51:13,482 [pool-713-thread-1] INFO  server.RaftServerConfigKeys (ConfUtils.java:logGet(43)) - raft.server.log.segment.size.max = 1048576 (custom)
2019-09-25 05:51:13,482 [pool-713-thread-1] INFO  server.RaftServerConfigKeys (ConfUtils.java:logGet(43)) - raft.server.log.preallocated.size = 16384 (custom)
2019-09-25 05:51:13,482 [pool-713-thread-1] INFO  server.RaftServerConfigKeys (ConfUtils.java:logGet(43)) - raft.server.log.write.buffer.size = 33554432 (custom)
2019-09-25 05:51:13,482 [pool-713-thread-1] INFO  server.RaftServerConfigKeys (ConfUtils.java:logGet(43)) - raft.server.log.force.sync.num = 128 (default)
2019-09-25 05:51:13,483 [pool-713-thread-1] INFO  server.RaftServerConfigKeys (ConfUtils.java:logGet(43)) - raft.server.log.statemachine.data.sync = true (default)
2019-09-25 05:51:13,483 [pool-713-thread-1] INFO  server.RaftServerConfigKeys (ConfUtils.java:logGet(43)) - raft.server.log.statemachine.data.sync.timeout = 10s (default)
2019-09-25 05:51:13,483 [pool-713-thread-1] INFO  server.RaftServerConfigKeys (ConfUtils.java:logGet(43)) - raft.server.log.statemachine.data.sync.timeout.retry = -1 (default)
2019-09-25 05:51:13,483 [pool-713-thread-1] INFO  server.RaftServerConfigKeys (ConfUtils.java:logGet(43)) - raft.server.log.statemachine.data.caching.enabled = true (custom)
2019-09-25 05:51:13,483 [pool-713-thread-1] INFO  segmented.SegmentedRaftLogWorker (SegmentedRaftLogWorker.java:lambda$new$0(132)) - ba62479e-9d0c-4e30-a2fc-a7b15472dec7@group-1292463E0D7D-SegmentedRaftLogWorker: flushIndex: setUnconditionally 0 -> -1
2019-09-25 05:51:13,484 [pool-713-thread-1] INFO  server.RaftServerConfigKeys (ConfUtils.java:logGet(43)) - raft.server.snapshot.auto.trigger.enabled = true (custom)
2019-09-25 05:51:13,484 [pool-713-thread-1] INFO  server.RaftServerConfigKeys (ConfUtils.java:logGet(43)) - raft.server.snapshot.auto.trigger.threshold = 10000 (custom)
2019-09-25 05:51:13,484 [pool-713-thread-1] INFO  server.RaftServerConfigKeys (ConfUtils.java:logGet(43)) - raft.server.snapshot.retention.num.files = 5 (custom)
2019-09-25 05:51:13,484 [pool-713-thread-1] INFO  server.RaftServerConfigKeys (ConfUtils.java:logGet(43)) - raft.server.retrycache.expirytime = 600000ms (custom)
2019-09-25 05:51:13,486 [pool-713-thread-1] INFO  impl.RaftServerImpl (RaftServerImpl.java:start(185)) - ba62479e-9d0c-4e30-a2fc-a7b15472dec7@group-1292463E0D7D: start as a follower, conf=-1: [ba62479e-9d0c-4e30-a2fc-a7b15472dec7:192.168.30.10:39614], old=null
2019-09-25 05:51:13,486 [pool-713-thread-1] INFO  impl.RaftServerImpl (RaftServerImpl.java:setRole(174)) - ba62479e-9d0c-4e30-a2fc-a7b15472dec7@group-1292463E0D7D: changes role from      null to FOLLOWER at term 0 for startAsFollower
2019-09-25 05:51:13,486 [pool-713-thread-1] INFO  impl.RoleInfo (RoleInfo.java:updateAndGet(143)) - ba62479e-9d0c-4e30-a2fc-a7b15472dec7: start FollowerState
2019-09-25 05:51:13,486 [pool-713-thread-1] INFO  util.JmxRegister (JmxRegister.java:tryRegister(44)) - Successfully registered JMX Bean with object name Ratis:service=RaftServer,group=group-1292463E0D7D,id=ba62479e-9d0c-4e30-a2fc-a7b15472dec7
2019-09-25 05:51:13,488 [RatisPipelineUtilsThread] INFO  pipeline.PipelineStateManager (PipelineStateManager.java:addPipeline(56)) - Created pipeline Pipeline[ Id: 159060ea-9a7f-4490-b6bb-1292463e0d7d, Nodes: ba62479e-9d0c-4e30-a2fc-a7b15472dec7{ip: 192.168.30.10, host: pr-hdds-1569-s62bp-3040748787, networkLocation: /default-rack, certSerialId: null}, Type:RATIS, Factor:ONE, State:OPEN]
2019-09-25 05:51:13,489 [RatisPipelineUtilsThread] INFO  pipeline.PipelinePlacementPolicy (PipelinePlacementPolicy.java:meetCriteria(91)) - Pipeline Placement: Doesn't meet the criteria to be viable node： 1705b612-ae52-4202-ba1e-b52c03c1d4d6 Heaviness: 6 limit: 5
2019-09-25 05:51:13,489 [RatisPipelineUtilsThread] INFO  pipeline.PipelinePlacementPolicy (PipelinePlacementPolicy.java:meetCriteria(91)) - Pipeline Placement: Doesn't meet the criteria to be viable node： aa12bdd9-b98d-4e1b-b7bd-0fb99805d214 Heaviness: 6 limit: 5
2019-09-25 05:51:13,489 [RatisPipelineUtilsThread] INFO  pipeline.PipelinePlacementPolicy (PipelinePlacementPolicy.java:meetCriteria(91)) - Pipeline Placement: Doesn't meet the criteria to be viable node： f6b408ab-d2bf-4cc7-9b61-adae7633a687 Heaviness: 6 limit: 5
2019-09-25 05:51:13,489 [RatisPipelineUtilsThread] INFO  pipeline.PipelinePlacementPolicy (PipelinePlacementPolicy.java:meetCriteria(91)) - Pipeline Placement: Doesn't meet the criteria to be viable node： 7329b839-2890-4139-beee-2b486d1f212d Heaviness: 6 limit: 5
2019-09-25 05:51:13,492 [grpc-default-executor-3] INFO  impl.RaftServerProxy (RaftServerProxy.java:addNew(89)) - ba62479e-9d0c-4e30-a2fc-a7b15472dec7: addNew group-9DEE46A99DC4:[ba62479e-9d0c-4e30-a2fc-a7b15472dec7:192.168.30.10:39614] returns group-9DEE46A99DC4:java.util.concurrent.CompletableFuture@5ca52f52[Not completed]
2019-09-25 05:51:13,493 [pool-713-thread-1] INFO  impl.RaftServerImpl (RaftServerImpl.java:<init>(95)) - ba62479e-9d0c-4e30-a2fc-a7b15472dec7: new RaftServerImpl for group-9DEE46A99DC4:[ba62479e-9d0c-4e30-a2fc-a7b15472dec7:192.168.30.10:39614] with ContainerStateMachine:uninitialized
2019-09-25 05:51:13,493 [pool-713-thread-1] INFO  server.RaftServerConfigKeys (ConfUtils.java:logGet(43)) - raft.server.rpc.timeout.min = 5s (custom)
2019-09-25 05:51:13,493 [pool-713-thread-1] INFO  server.RaftServerConfigKeys (ConfUtils.java:logGet(43)) - raft.server.rpc.timeout.max = 5200ms (custom)
2019-09-25 05:51:13,493 [pool-713-thread-1] INFO  server.RaftServerConfigKeys (ConfUtils.java:logGet(43)) - raft.server.rpcslowness.timeout = 120s (custom)
2019-09-25 05:51:13,493 [pool-713-thread-1] INFO  server.RaftServerConfigKeys (ConfUtils.java:logGet(43)) - raft.server.sleep.deviation.threshold = 300 (default)
2019-09-25 05:51:13,494 [pool-713-thread-1] INFO  server.RaftServerConfigKeys (ConfUtils.java:logGet(43)) - raft.server.log.appender.install.snapshot.enabled = false (custom)
2019-09-25 05:51:13,494 [pool-713-thread-1] INFO  impl.RaftServerImpl (ServerState.java:<init>(103)) - ba62479e-9d0c-4e30-a2fc-a7b15472dec7@group-9DEE46A99DC4: ConfigurationManager, init=-1: [ba62479e-9d0c-4e30-a2fc-a7b15472dec7:192.168.30.10:39614], old=null, confs=<EMPTY_MAP>
2019-09-25 05:51:13,494 [pool-713-thread-1] INFO  server.RaftServerConfigKeys (ConfUtils.java:logGet(43)) - raft.server.storage.dir = [/workdir/hadoop-ozone/integration-test/target/test-dir/MiniOzoneClusterImpl-6389a31f-e1b2-4948-a777-3ab81d592f44/datanode-4/data/ratis] (custom)
2019-09-25 05:51:13,494 [pool-713-thread-1] INFO  storage.RaftStorageDirectory (RaftStorageDirectory.java:analyzeStorage(246)) - The storage directory /workdir/hadoop-ozone/integration-test/target/test-dir/MiniOzoneClusterImpl-6389a31f-e1b2-4948-a777-3ab81d592f44/datanode-4/data/ratis/88124d07-8dcf-47f3-a064-9dee46a99dc4 does not exist. Creating ...
2019-09-25 05:51:13,507 [pool-713-thread-1] INFO  storage.RaftStorageDirectory (RaftStorageDirectory.java:tryLock(328)) - Lock on /workdir/hadoop-ozone/integration-test/target/test-dir/MiniOzoneClusterImpl-6389a31f-e1b2-4948-a777-3ab81d592f44/datanode-4/data/ratis/88124d07-8dcf-47f3-a064-9dee46a99dc4/in_use.lock acquired by nodename 13539@pr-hdds-1569-s62bp-3040748787
2019-09-25 05:51:13,529 [pool-713-thread-1] INFO  storage.RaftStorage (RaftStorage.java:format(72)) - Storage directory /workdir/hadoop-ozone/integration-test/target/test-dir/MiniOzoneClusterImpl-6389a31f-e1b2-4948-a777-3ab81d592f44/datanode-4/data/ratis/88124d07-8dcf-47f3-a064-9dee46a99dc4 has been successfully formatted.
2019-09-25 05:51:13,530 [pool-713-thread-1] INFO  ratis.ContainerStateMachine (ContainerStateMachine.java:loadSnapshot(230)) - group-9DEE46A99DC4: The snapshot info is null. Setting the last applied indexto:(t:0, i:~)
2019-09-25 05:51:13,530 [pool-713-thread-1] INFO  server.RaftServerConfigKeys (ConfUtils.java:logGet(43)) - raft.server.notification.no-leader.timeout = 120s (custom)
2019-09-25 05:51:13,530 [pool-713-thread-1] INFO  server.RaftServerConfigKeys (ConfUtils.java:logGet(43)) - raft.server.log.use.memory = false (default)
2019-09-25 05:51:13,530 [pool-713-thread-1] INFO  server.RaftServerConfigKeys (ConfUtils.java:logGet(43)) - raft.server.log.purge.gap = 1000000 (custom)
2019-09-25 05:51:13,530 [pool-713-thread-1] INFO  server.RaftServerConfigKeys (ConfUtils.java:logGet(43)) - raft.server.log.appender.buffer.byte-limit = 33554432 (custom)
2019-09-25 05:51:13,530 [pool-713-thread-1] INFO  server.RaftServerConfigKeys (ConfUtils.java:logGet(43)) - raft.server.log.segment.size.max = 1048576 (custom)
2019-09-25 05:51:13,531 [pool-713-thread-1] INFO  server.RaftServerConfigKeys (ConfUtils.java:logGet(43)) - raft.server.log.segment.cache.num.max = 2 (custom)
2019-09-25 05:51:13,531 [pool-713-thread-1] INFO  segmented.SegmentedRaftLogWorker (SegmentedRaftLogWorker.java:<init>(172)) - new ba62479e-9d0c-4e30-a2fc-a7b15472dec7@group-9DEE46A99DC4-SegmentedRaftLogWorker for RaftStorage:Storage Directory /workdir/hadoop-ozone/integration-test/target/test-dir/MiniOzoneClusterImpl-6389a31f-e1b2-4948-a777-3ab81d592f44/datanode-4/data/ratis/88124d07-8dcf-47f3-a064-9dee46a99dc4
2019-09-25 05:51:13,531 [pool-713-thread-1] INFO  server.RaftServerConfigKeys (ConfUtils.java:logGet(43)) - raft.server.log.queue.byte-limit = 2147483647 (custom)
2019-09-25 05:51:13,531 [pool-713-thread-1] INFO  server.RaftServerConfigKeys (ConfUtils.java:logGet(43)) - raft.server.log.queue.element-limit = 1024 (custom)
2019-09-25 05:51:13,531 [pool-713-thread-1] INFO  server.RaftServerConfigKeys (ConfUtils.java:logGet(43)) - raft.server.log.segment.size.max = 1048576 (custom)
2019-09-25 05:51:13,531 [pool-713-thread-1] INFO  server.RaftServerConfigKeys (ConfUtils.java:logGet(43)) - raft.server.log.preallocated.size = 16384 (custom)
2019-09-25 05:51:13,531 [pool-713-thread-1] INFO  server.RaftServerConfigKeys (ConfUtils.java:logGet(43)) - raft.server.log.write.buffer.size = 33554432 (custom)
2019-09-25 05:51:13,532 [pool-713-thread-1] INFO  server.RaftServerConfigKeys (ConfUtils.java:logGet(43)) - raft.server.log.force.sync.num = 128 (default)
2019-09-25 05:51:13,532 [pool-713-thread-1] INFO  server.RaftServerConfigKeys (ConfUtils.java:logGet(43)) - raft.server.log.statemachine.data.sync = true (default)
2019-09-25 05:51:13,532 [pool-713-thread-1] INFO  server.RaftServerConfigKeys (ConfUtils.java:logGet(43)) - raft.server.log.statemachine.data.sync.timeout = 10s (default)
2019-09-25 05:51:13,532 [pool-713-thread-1] INFO  server.RaftServerConfigKeys (ConfUtils.java:logGet(43)) - raft.server.log.statemachine.data.sync.timeout.retry = -1 (default)
2019-09-25 05:51:13,532 [pool-713-thread-1] INFO  server.RaftServerConfigKeys (ConfUtils.java:logGet(43)) - raft.server.log.statemachine.data.caching.enabled = true (custom)
2019-09-25 05:51:13,532 [pool-713-thread-1] INFO  segmented.SegmentedRaftLogWorker (SegmentedRaftLogWorker.java:lambda$new$0(132)) - ba62479e-9d0c-4e30-a2fc-a7b15472dec7@group-9DEE46A99DC4-SegmentedRaftLogWorker: flushIndex: setUnconditionally 0 -> -1
2019-09-25 05:51:13,533 [pool-713-thread-1] INFO  server.RaftServerConfigKeys (ConfUtils.java:logGet(43)) - raft.server.snapshot.auto.trigger.enabled = true (custom)
2019-09-25 05:51:13,533 [pool-713-thread-1] INFO  server.RaftServerConfigKeys (ConfUtils.java:logGet(43)) - raft.server.snapshot.auto.trigger.threshold = 10000 (custom)
2019-09-25 05:51:13,533 [pool-713-thread-1] INFO  server.RaftServerConfigKeys (ConfUtils.java:logGet(43)) - raft.server.snapshot.retention.num.files = 5 (custom)
2019-09-25 05:51:13,533 [pool-713-thread-1] INFO  server.RaftServerConfigKeys (ConfUtils.java:logGet(43)) - raft.server.retrycache.expirytime = 600000ms (custom)
2019-09-25 05:51:13,535 [pool-713-thread-1] INFO  impl.RaftServerImpl (RaftServerImpl.java:start(185)) - ba62479e-9d0c-4e30-a2fc-a7b15472dec7@group-9DEE46A99DC4: start as a follower, conf=-1: [ba62479e-9d0c-4e30-a2fc-a7b15472dec7:192.168.30.10:39614], old=null
2019-09-25 05:51:13,535 [pool-713-thread-1] INFO  impl.RaftServerImpl (RaftServerImpl.java:setRole(174)) - ba62479e-9d0c-4e30-a2fc-a7b15472dec7@group-9DEE46A99DC4: changes role from      null to FOLLOWER at term 0 for startAsFollower
2019-09-25 05:51:13,535 [pool-713-thread-1] INFO  impl.RoleInfo (RoleInfo.java:updateAndGet(143)) - ba62479e-9d0c-4e30-a2fc-a7b15472dec7: start FollowerState
2019-09-25 05:51:13,535 [pool-713-thread-1] INFO  util.JmxRegister (JmxRegister.java:tryRegister(44)) - Successfully registered JMX Bean with object name Ratis:service=RaftServer,group=group-9DEE46A99DC4,id=ba62479e-9d0c-4e30-a2fc-a7b15472dec7
2019-09-25 05:51:13,537 [RatisPipelineUtilsThread] INFO  pipeline.PipelineStateManager (PipelineStateManager.java:addPipeline(56)) - Created pipeline Pipeline[ Id: 88124d07-8dcf-47f3-a064-9dee46a99dc4, Nodes: ba62479e-9d0c-4e30-a2fc-a7b15472dec7{ip: 192.168.30.10, host: pr-hdds-1569-s62bp-3040748787, networkLocation: /default-rack, certSerialId: null}, Type:RATIS, Factor:ONE, State:OPEN]
2019-09-25 05:51:13,537 [RatisPipelineUtilsThread] INFO  pipeline.PipelinePlacementPolicy (PipelinePlacementPolicy.java:meetCriteria(91)) - Pipeline Placement: Doesn't meet the criteria to be viable node： 1705b612-ae52-4202-ba1e-b52c03c1d4d6 Heaviness: 6 limit: 5
2019-09-25 05:51:13,538 [RatisPipelineUtilsThread] INFO  pipeline.PipelinePlacementPolicy (PipelinePlacementPolicy.java:meetCriteria(91)) - Pipeline Placement: Doesn't meet the criteria to be viable node： aa12bdd9-b98d-4e1b-b7bd-0fb99805d214 Heaviness: 6 limit: 5
2019-09-25 05:51:13,538 [RatisPipelineUtilsThread] INFO  pipeline.PipelinePlacementPolicy (PipelinePlacementPolicy.java:meetCriteria(91)) - Pipeline Placement: Doesn't meet the criteria to be viable node： f6b408ab-d2bf-4cc7-9b61-adae7633a687 Heaviness: 6 limit: 5
2019-09-25 05:51:13,538 [RatisPipelineUtilsThread] INFO  pipeline.PipelinePlacementPolicy (PipelinePlacementPolicy.java:meetCriteria(91)) - Pipeline Placement: Doesn't meet the criteria to be viable node： 7329b839-2890-4139-beee-2b486d1f212d Heaviness: 6 limit: 5
2019-09-25 05:51:13,545 [grpc-default-executor-3] INFO  impl.RaftServerProxy (RaftServerProxy.java:addNew(89)) - 1dcd8056-b4df-4a42-9946-d6b50473a02f: addNew group-45EFAF3695F2:[1dcd8056-b4df-4a42-9946-d6b50473a02f:192.168.30.10:37741] returns group-45EFAF3695F2:java.util.concurrent.CompletableFuture@527c95ae[Not completed]
2019-09-25 05:51:13,547 [pool-723-thread-1] INFO  impl.RaftServerImpl (RaftServerImpl.java:<init>(95)) - 1dcd8056-b4df-4a42-9946-d6b50473a02f: new RaftServerImpl for group-45EFAF3695F2:[1dcd8056-b4df-4a42-9946-d6b50473a02f:192.168.30.10:37741] with ContainerStateMachine:uninitialized
2019-09-25 05:51:13,547 [pool-723-thread-1] INFO  server.RaftServerConfigKeys (ConfUtils.java:logGet(43)) - raft.server.rpc.timeout.min = 5s (custom)
2019-09-25 05:51:13,547 [pool-723-thread-1] INFO  server.RaftServerConfigKeys (ConfUtils.java:logGet(43)) - raft.server.rpc.timeout.max = 5200ms (custom)
2019-09-25 05:51:13,548 [pool-723-thread-1] INFO  server.RaftServerConfigKeys (ConfUtils.java:logGet(43)) - raft.server.rpcslowness.timeout = 120s (custom)
2019-09-25 05:51:13,548 [pool-723-thread-1] INFO  server.RaftServerConfigKeys (ConfUtils.java:logGet(43)) - raft.server.sleep.deviation.threshold = 300 (default)
2019-09-25 05:51:13,548 [pool-723-thread-1] INFO  server.RaftServerConfigKeys (ConfUtils.java:logGet(43)) - raft.server.log.appender.install.snapshot.enabled = false (custom)
2019-09-25 05:51:13,548 [pool-723-thread-1] INFO  impl.RaftServerImpl (ServerState.java:<init>(103)) - 1dcd8056-b4df-4a42-9946-d6b50473a02f@group-45EFAF3695F2: ConfigurationManager, init=-1: [1dcd8056-b4df-4a42-9946-d6b50473a02f:192.168.30.10:37741], old=null, confs=<EMPTY_MAP>
2019-09-25 05:51:13,549 [pool-723-thread-1] INFO  server.RaftServerConfigKeys (ConfUtils.java:logGet(43)) - raft.server.storage.dir = [/workdir/hadoop-ozone/integration-test/target/test-dir/MiniOzoneClusterImpl-6389a31f-e1b2-4948-a777-3ab81d592f44/datanode-5/data/ratis] (custom)
2019-09-25 05:51:13,549 [pool-723-thread-1] INFO  storage.RaftStorageDirectory (RaftStorageDirectory.java:analyzeStorage(246)) - The storage directory /workdir/hadoop-ozone/integration-test/target/test-dir/MiniOzoneClusterImpl-6389a31f-e1b2-4948-a777-3ab81d592f44/datanode-5/data/ratis/3b2f716b-0692-4b55-bab7-45efaf3695f2 does not exist. Creating ...
2019-09-25 05:51:13,562 [pool-723-thread-1] INFO  storage.RaftStorageDirectory (RaftStorageDirectory.java:tryLock(328)) - Lock on /workdir/hadoop-ozone/integration-test/target/test-dir/MiniOzoneClusterImpl-6389a31f-e1b2-4948-a777-3ab81d592f44/datanode-5/data/ratis/3b2f716b-0692-4b55-bab7-45efaf3695f2/in_use.lock acquired by nodename 13539@pr-hdds-1569-s62bp-3040748787
2019-09-25 05:51:13,576 [pool-723-thread-1] INFO  storage.RaftStorage (RaftStorage.java:format(72)) - Storage directory /workdir/hadoop-ozone/integration-test/target/test-dir/MiniOzoneClusterImpl-6389a31f-e1b2-4948-a777-3ab81d592f44/datanode-5/data/ratis/3b2f716b-0692-4b55-bab7-45efaf3695f2 has been successfully formatted.
2019-09-25 05:51:13,576 [pool-723-thread-1] INFO  ratis.ContainerStateMachine (ContainerStateMachine.java:loadSnapshot(230)) - group-45EFAF3695F2: The snapshot info is null. Setting the last applied indexto:(t:0, i:~)
2019-09-25 05:51:13,576 [pool-723-thread-1] INFO  server.RaftServerConfigKeys (ConfUtils.java:logGet(43)) - raft.server.notification.no-leader.timeout = 120s (custom)
2019-09-25 05:51:13,576 [pool-723-thread-1] INFO  server.RaftServerConfigKeys (ConfUtils.java:logGet(43)) - raft.server.log.use.memory = false (default)
2019-09-25 05:51:13,576 [pool-723-thread-1] INFO  server.RaftServerConfigKeys (ConfUtils.java:logGet(43)) - raft.server.log.purge.gap = 1000000 (custom)
2019-09-25 05:51:13,576 [pool-723-thread-1] INFO  server.RaftServerConfigKeys (ConfUtils.java:logGet(43)) - raft.server.log.appender.buffer.byte-limit = 33554432 (custom)
2019-09-25 05:51:13,577 [pool-723-thread-1] INFO  server.RaftServerConfigKeys (ConfUtils.java:logGet(43)) - raft.server.log.segment.size.max = 1048576 (custom)
2019-09-25 05:51:13,577 [pool-723-thread-1] INFO  server.RaftServerConfigKeys (ConfUtils.java:logGet(43)) - raft.server.log.segment.cache.num.max = 2 (custom)
2019-09-25 05:51:13,577 [pool-723-thread-1] INFO  segmented.SegmentedRaftLogWorker (SegmentedRaftLogWorker.java:<init>(172)) - new 1dcd8056-b4df-4a42-9946-d6b50473a02f@group-45EFAF3695F2-SegmentedRaftLogWorker for RaftStorage:Storage Directory /workdir/hadoop-ozone/integration-test/target/test-dir/MiniOzoneClusterImpl-6389a31f-e1b2-4948-a777-3ab81d592f44/datanode-5/data/ratis/3b2f716b-0692-4b55-bab7-45efaf3695f2
2019-09-25 05:51:13,578 [pool-723-thread-1] INFO  server.RaftServerConfigKeys (ConfUtils.java:logGet(43)) - raft.server.log.queue.byte-limit = 2147483647 (custom)
2019-09-25 05:51:13,578 [pool-723-thread-1] INFO  server.RaftServerConfigKeys (ConfUtils.java:logGet(43)) - raft.server.log.queue.element-limit = 1024 (custom)
2019-09-25 05:51:13,578 [pool-723-thread-1] INFO  server.RaftServerConfigKeys (ConfUtils.java:logGet(43)) - raft.server.log.segment.size.max = 1048576 (custom)
2019-09-25 05:51:13,578 [pool-723-thread-1] INFO  server.RaftServerConfigKeys (ConfUtils.java:logGet(43)) - raft.server.log.preallocated.size = 16384 (custom)
2019-09-25 05:51:13,579 [pool-723-thread-1] INFO  server.RaftServerConfigKeys (ConfUtils.java:logGet(43)) - raft.server.log.write.buffer.size = 33554432 (custom)
2019-09-25 05:51:13,579 [pool-723-thread-1] INFO  server.RaftServerConfigKeys (ConfUtils.java:logGet(43)) - raft.server.log.force.sync.num = 128 (default)
2019-09-25 05:51:13,579 [pool-723-thread-1] INFO  server.RaftServerConfigKeys (ConfUtils.java:logGet(43)) - raft.server.log.statemachine.data.sync = true (default)
2019-09-25 05:51:13,579 [pool-723-thread-1] INFO  server.RaftServerConfigKeys (ConfUtils.java:logGet(43)) - raft.server.log.statemachine.data.sync.timeout = 10s (default)
2019-09-25 05:51:13,579 [pool-723-thread-1] INFO  server.RaftServerConfigKeys (ConfUtils.java:logGet(43)) - raft.server.log.statemachine.data.sync.timeout.retry = -1 (default)
2019-09-25 05:51:13,579 [pool-723-thread-1] INFO  server.RaftServerConfigKeys (ConfUtils.java:logGet(43)) - raft.server.log.statemachine.data.caching.enabled = true (custom)
2019-09-25 05:51:13,579 [pool-723-thread-1] INFO  segmented.SegmentedRaftLogWorker (SegmentedRaftLogWorker.java:lambda$new$0(132)) - 1dcd8056-b4df-4a42-9946-d6b50473a02f@group-45EFAF3695F2-SegmentedRaftLogWorker: flushIndex: setUnconditionally 0 -> -1
2019-09-25 05:51:13,580 [pool-723-thread-1] INFO  server.RaftServerConfigKeys (ConfUtils.java:logGet(43)) - raft.server.snapshot.auto.trigger.enabled = true (custom)
2019-09-25 05:51:13,580 [pool-723-thread-1] INFO  server.RaftServerConfigKeys (ConfUtils.java:logGet(43)) - raft.server.snapshot.auto.trigger.threshold = 10000 (custom)
2019-09-25 05:51:13,580 [pool-723-thread-1] INFO  server.RaftServerConfigKeys (ConfUtils.java:logGet(43)) - raft.server.snapshot.retention.num.files = 5 (custom)
2019-09-25 05:51:13,580 [pool-723-thread-1] INFO  server.RaftServerConfigKeys (ConfUtils.java:logGet(43)) - raft.server.retrycache.expirytime = 600000ms (custom)
2019-09-25 05:51:13,581 [pool-723-thread-1] INFO  impl.RaftServerImpl (RaftServerImpl.java:start(185)) - 1dcd8056-b4df-4a42-9946-d6b50473a02f@group-45EFAF3695F2: start as a follower, conf=-1: [1dcd8056-b4df-4a42-9946-d6b50473a02f:192.168.30.10:37741], old=null
2019-09-25 05:51:13,581 [pool-723-thread-1] INFO  impl.RaftServerImpl (RaftServerImpl.java:setRole(174)) - 1dcd8056-b4df-4a42-9946-d6b50473a02f@group-45EFAF3695F2: changes role from      null to FOLLOWER at term 0 for startAsFollower
2019-09-25 05:51:13,581 [pool-723-thread-1] INFO  impl.RoleInfo (RoleInfo.java:updateAndGet(143)) - 1dcd8056-b4df-4a42-9946-d6b50473a02f: start FollowerState
2019-09-25 05:51:13,582 [pool-723-thread-1] INFO  util.JmxRegister (JmxRegister.java:tryRegister(44)) - Successfully registered JMX Bean with object name Ratis:service=RaftServer,group=group-45EFAF3695F2,id=1dcd8056-b4df-4a42-9946-d6b50473a02f
2019-09-25 05:51:13,583 [RatisPipelineUtilsThread] INFO  pipeline.PipelineStateManager (PipelineStateManager.java:addPipeline(56)) - Created pipeline Pipeline[ Id: 3b2f716b-0692-4b55-bab7-45efaf3695f2, Nodes: 1dcd8056-b4df-4a42-9946-d6b50473a02f{ip: 192.168.30.10, host: pr-hdds-1569-s62bp-3040748787, networkLocation: /default-rack, certSerialId: null}, Type:RATIS, Factor:ONE, State:OPEN]
2019-09-25 05:51:13,583 [RatisPipelineUtilsThread] INFO  pipeline.PipelinePlacementPolicy (PipelinePlacementPolicy.java:meetCriteria(91)) - Pipeline Placement: Doesn't meet the criteria to be viable node： 1705b612-ae52-4202-ba1e-b52c03c1d4d6 Heaviness: 6 limit: 5
2019-09-25 05:51:13,583 [RatisPipelineUtilsThread] INFO  pipeline.PipelinePlacementPolicy (PipelinePlacementPolicy.java:meetCriteria(91)) - Pipeline Placement: Doesn't meet the criteria to be viable node： aa12bdd9-b98d-4e1b-b7bd-0fb99805d214 Heaviness: 6 limit: 5
2019-09-25 05:51:13,584 [RatisPipelineUtilsThread] INFO  pipeline.PipelinePlacementPolicy (PipelinePlacementPolicy.java:meetCriteria(91)) - Pipeline Placement: Doesn't meet the criteria to be viable node： f6b408ab-d2bf-4cc7-9b61-adae7633a687 Heaviness: 6 limit: 5
2019-09-25 05:51:13,584 [RatisPipelineUtilsThread] INFO  pipeline.PipelinePlacementPolicy (PipelinePlacementPolicy.java:meetCriteria(91)) - Pipeline Placement: Doesn't meet the criteria to be viable node： 7329b839-2890-4139-beee-2b486d1f212d Heaviness: 6 limit: 5
2019-09-25 05:51:13,586 [grpc-default-executor-3] INFO  impl.RaftServerProxy (RaftServerProxy.java:addNew(89)) - ba62479e-9d0c-4e30-a2fc-a7b15472dec7: addNew group-3D126FA36130:[ba62479e-9d0c-4e30-a2fc-a7b15472dec7:192.168.30.10:39614] returns group-3D126FA36130:java.util.concurrent.CompletableFuture@1ba1cfcb[Not completed]
2019-09-25 05:51:13,586 [pool-713-thread-1] INFO  impl.RaftServerImpl (RaftServerImpl.java:<init>(95)) - ba62479e-9d0c-4e30-a2fc-a7b15472dec7: new RaftServerImpl for group-3D126FA36130:[ba62479e-9d0c-4e30-a2fc-a7b15472dec7:192.168.30.10:39614] with ContainerStateMachine:uninitialized
2019-09-25 05:51:13,587 [pool-713-thread-1] INFO  server.RaftServerConfigKeys (ConfUtils.java:logGet(43)) - raft.server.rpc.timeout.min = 5s (custom)
2019-09-25 05:51:13,587 [pool-713-thread-1] INFO  server.RaftServerConfigKeys (ConfUtils.java:logGet(43)) - raft.server.rpc.timeout.max = 5200ms (custom)
2019-09-25 05:51:13,587 [pool-713-thread-1] INFO  server.RaftServerConfigKeys (ConfUtils.java:logGet(43)) - raft.server.rpcslowness.timeout = 120s (custom)
2019-09-25 05:51:13,587 [pool-713-thread-1] INFO  server.RaftServerConfigKeys (ConfUtils.java:logGet(43)) - raft.server.sleep.deviation.threshold = 300 (default)
2019-09-25 05:51:13,587 [pool-713-thread-1] INFO  server.RaftServerConfigKeys (ConfUtils.java:logGet(43)) - raft.server.log.appender.install.snapshot.enabled = false (custom)
2019-09-25 05:51:13,587 [pool-713-thread-1] INFO  impl.RaftServerImpl (ServerState.java:<init>(103)) - ba62479e-9d0c-4e30-a2fc-a7b15472dec7@group-3D126FA36130: ConfigurationManager, init=-1: [ba62479e-9d0c-4e30-a2fc-a7b15472dec7:192.168.30.10:39614], old=null, confs=<EMPTY_MAP>
2019-09-25 05:51:13,587 [pool-713-thread-1] INFO  server.RaftServerConfigKeys (ConfUtils.java:logGet(43)) - raft.server.storage.dir = [/workdir/hadoop-ozone/integration-test/target/test-dir/MiniOzoneClusterImpl-6389a31f-e1b2-4948-a777-3ab81d592f44/datanode-4/data/ratis] (custom)
2019-09-25 05:51:13,588 [pool-713-thread-1] INFO  storage.RaftStorageDirectory (RaftStorageDirectory.java:analyzeStorage(246)) - The storage directory /workdir/hadoop-ozone/integration-test/target/test-dir/MiniOzoneClusterImpl-6389a31f-e1b2-4948-a777-3ab81d592f44/datanode-4/data/ratis/5435eca5-985a-4c28-ba26-3d126fa36130 does not exist. Creating ...
2019-09-25 05:51:13,600 [pool-713-thread-1] INFO  storage.RaftStorageDirectory (RaftStorageDirectory.java:tryLock(328)) - Lock on /workdir/hadoop-ozone/integration-test/target/test-dir/MiniOzoneClusterImpl-6389a31f-e1b2-4948-a777-3ab81d592f44/datanode-4/data/ratis/5435eca5-985a-4c28-ba26-3d126fa36130/in_use.lock acquired by nodename 13539@pr-hdds-1569-s62bp-3040748787
2019-09-25 05:51:13,613 [pool-713-thread-1] INFO  storage.RaftStorage (RaftStorage.java:format(72)) - Storage directory /workdir/hadoop-ozone/integration-test/target/test-dir/MiniOzoneClusterImpl-6389a31f-e1b2-4948-a777-3ab81d592f44/datanode-4/data/ratis/5435eca5-985a-4c28-ba26-3d126fa36130 has been successfully formatted.
2019-09-25 05:51:13,613 [pool-713-thread-1] INFO  ratis.ContainerStateMachine (ContainerStateMachine.java:loadSnapshot(230)) - group-3D126FA36130: The snapshot info is null. Setting the last applied indexto:(t:0, i:~)
2019-09-25 05:51:13,613 [pool-713-thread-1] INFO  server.RaftServerConfigKeys (ConfUtils.java:logGet(43)) - raft.server.notification.no-leader.timeout = 120s (custom)
2019-09-25 05:51:13,613 [pool-713-thread-1] INFO  server.RaftServerConfigKeys (ConfUtils.java:logGet(43)) - raft.server.log.use.memory = false (default)
2019-09-25 05:51:13,613 [pool-713-thread-1] INFO  server.RaftServerConfigKeys (ConfUtils.java:logGet(43)) - raft.server.log.purge.gap = 1000000 (custom)
2019-09-25 05:51:13,613 [pool-713-thread-1] INFO  server.RaftServerConfigKeys (ConfUtils.java:logGet(43)) - raft.server.log.appender.buffer.byte-limit = 33554432 (custom)
2019-09-25 05:51:13,613 [pool-713-thread-1] INFO  server.RaftServerConfigKeys (ConfUtils.java:logGet(43)) - raft.server.log.segment.size.max = 1048576 (custom)
2019-09-25 05:51:13,613 [pool-713-thread-1] INFO  server.RaftServerConfigKeys (ConfUtils.java:logGet(43)) - raft.server.log.segment.cache.num.max = 2 (custom)
2019-09-25 05:51:13,613 [pool-713-thread-1] INFO  segmented.SegmentedRaftLogWorker (SegmentedRaftLogWorker.java:<init>(172)) - new ba62479e-9d0c-4e30-a2fc-a7b15472dec7@group-3D126FA36130-SegmentedRaftLogWorker for RaftStorage:Storage Directory /workdir/hadoop-ozone/integration-test/target/test-dir/MiniOzoneClusterImpl-6389a31f-e1b2-4948-a777-3ab81d592f44/datanode-4/data/ratis/5435eca5-985a-4c28-ba26-3d126fa36130
2019-09-25 05:51:13,614 [pool-713-thread-1] INFO  server.RaftServerConfigKeys (ConfUtils.java:logGet(43)) - raft.server.log.queue.byte-limit = 2147483647 (custom)
2019-09-25 05:51:13,614 [pool-713-thread-1] INFO  server.RaftServerConfigKeys (ConfUtils.java:logGet(43)) - raft.server.log.queue.element-limit = 1024 (custom)
2019-09-25 05:51:13,614 [pool-713-thread-1] INFO  server.RaftServerConfigKeys (ConfUtils.java:logGet(43)) - raft.server.log.segment.size.max = 1048576 (custom)
2019-09-25 05:51:13,614 [pool-713-thread-1] INFO  server.RaftServerConfigKeys (ConfUtils.java:logGet(43)) - raft.server.log.preallocated.size = 16384 (custom)
2019-09-25 05:51:13,614 [pool-713-thread-1] INFO  server.RaftServerConfigKeys (ConfUtils.java:logGet(43)) - raft.server.log.write.buffer.size = 33554432 (custom)
2019-09-25 05:51:13,614 [pool-713-thread-1] INFO  server.RaftServerConfigKeys (ConfUtils.java:logGet(43)) - raft.server.log.force.sync.num = 128 (default)
2019-09-25 05:51:13,614 [pool-713-thread-1] INFO  server.RaftServerConfigKeys (ConfUtils.java:logGet(43)) - raft.server.log.statemachine.data.sync = true (default)
2019-09-25 05:51:13,614 [pool-713-thread-1] INFO  server.RaftServerConfigKeys (ConfUtils.java:logGet(43)) - raft.server.log.statemachine.data.sync.timeout = 10s (default)
2019-09-25 05:51:13,614 [pool-713-thread-1] INFO  server.RaftServerConfigKeys (ConfUtils.java:logGet(43)) - raft.server.log.statemachine.data.sync.timeout.retry = -1 (default)
2019-09-25 05:51:13,614 [pool-713-thread-1] INFO  server.RaftServerConfigKeys (ConfUtils.java:logGet(43)) - raft.server.log.statemachine.data.caching.enabled = true (custom)
2019-09-25 05:51:13,614 [pool-713-thread-1] INFO  segmented.SegmentedRaftLogWorker (SegmentedRaftLogWorker.java:lambda$new$0(132)) - ba62479e-9d0c-4e30-a2fc-a7b15472dec7@group-3D126FA36130-SegmentedRaftLogWorker: flushIndex: setUnconditionally 0 -> -1
2019-09-25 05:51:13,615 [pool-713-thread-1] INFO  server.RaftServerConfigKeys (ConfUtils.java:logGet(43)) - raft.server.snapshot.auto.trigger.enabled = true (custom)
2019-09-25 05:51:13,615 [pool-713-thread-1] INFO  server.RaftServerConfigKeys (ConfUtils.java:logGet(43)) - raft.server.snapshot.auto.trigger.threshold = 10000 (custom)
2019-09-25 05:51:13,615 [pool-713-thread-1] INFO  server.RaftServerConfigKeys (ConfUtils.java:logGet(43)) - raft.server.snapshot.retention.num.files = 5 (custom)
2019-09-25 05:51:13,615 [pool-713-thread-1] INFO  server.RaftServerConfigKeys (ConfUtils.java:logGet(43)) - raft.server.retrycache.expirytime = 600000ms (custom)
2019-09-25 05:51:13,616 [pool-713-thread-1] INFO  impl.RaftServerImpl (RaftServerImpl.java:start(185)) - ba62479e-9d0c-4e30-a2fc-a7b15472dec7@group-3D126FA36130: start as a follower, conf=-1: [ba62479e-9d0c-4e30-a2fc-a7b15472dec7:192.168.30.10:39614], old=null
2019-09-25 05:51:13,616 [pool-713-thread-1] INFO  impl.RaftServerImpl (RaftServerImpl.java:setRole(174)) - ba62479e-9d0c-4e30-a2fc-a7b15472dec7@group-3D126FA36130: changes role from      null to FOLLOWER at term 0 for startAsFollower
2019-09-25 05:51:13,616 [pool-713-thread-1] INFO  impl.RoleInfo (RoleInfo.java:updateAndGet(143)) - ba62479e-9d0c-4e30-a2fc-a7b15472dec7: start FollowerState
2019-09-25 05:51:13,616 [pool-713-thread-1] INFO  util.JmxRegister (JmxRegister.java:tryRegister(44)) - Successfully registered JMX Bean with object name Ratis:service=RaftServer,group=group-3D126FA36130,id=ba62479e-9d0c-4e30-a2fc-a7b15472dec7
2019-09-25 05:51:13,618 [RatisPipelineUtilsThread] INFO  pipeline.PipelineStateManager (PipelineStateManager.java:addPipeline(56)) - Created pipeline Pipeline[ Id: 5435eca5-985a-4c28-ba26-3d126fa36130, Nodes: ba62479e-9d0c-4e30-a2fc-a7b15472dec7{ip: 192.168.30.10, host: pr-hdds-1569-s62bp-3040748787, networkLocation: /default-rack, certSerialId: null}, Type:RATIS, Factor:ONE, State:OPEN]
2019-09-25 05:51:13,618 [RatisPipelineUtilsThread] INFO  pipeline.PipelinePlacementPolicy (PipelinePlacementPolicy.java:meetCriteria(91)) - Pipeline Placement: Doesn't meet the criteria to be viable node： 1705b612-ae52-4202-ba1e-b52c03c1d4d6 Heaviness: 6 limit: 5
2019-09-25 05:51:13,618 [RatisPipelineUtilsThread] INFO  pipeline.PipelinePlacementPolicy (PipelinePlacementPolicy.java:meetCriteria(91)) - Pipeline Placement: Doesn't meet the criteria to be viable node： aa12bdd9-b98d-4e1b-b7bd-0fb99805d214 Heaviness: 6 limit: 5
2019-09-25 05:51:13,618 [RatisPipelineUtilsThread] INFO  pipeline.PipelinePlacementPolicy (PipelinePlacementPolicy.java:meetCriteria(91)) - Pipeline Placement: Doesn't meet the criteria to be viable node： f6b408ab-d2bf-4cc7-9b61-adae7633a687 Heaviness: 6 limit: 5
2019-09-25 05:51:13,618 [RatisPipelineUtilsThread] INFO  pipeline.PipelinePlacementPolicy (PipelinePlacementPolicy.java:meetCriteria(91)) - Pipeline Placement: Doesn't meet the criteria to be viable node： 7329b839-2890-4139-beee-2b486d1f212d Heaviness: 6 limit: 5
2019-09-25 05:51:13,620 [grpc-default-executor-3] INFO  impl.RaftServerProxy (RaftServerProxy.java:addNew(89)) - 1dcd8056-b4df-4a42-9946-d6b50473a02f: addNew group-D0411AA173E7:[1dcd8056-b4df-4a42-9946-d6b50473a02f:192.168.30.10:37741] returns group-D0411AA173E7:java.util.concurrent.CompletableFuture@1a77fc27[Not completed]
2019-09-25 05:51:13,621 [pool-723-thread-1] INFO  impl.RaftServerImpl (RaftServerImpl.java:<init>(95)) - 1dcd8056-b4df-4a42-9946-d6b50473a02f: new RaftServerImpl for group-D0411AA173E7:[1dcd8056-b4df-4a42-9946-d6b50473a02f:192.168.30.10:37741] with ContainerStateMachine:uninitialized
2019-09-25 05:51:13,622 [pool-723-thread-1] INFO  server.RaftServerConfigKeys (ConfUtils.java:logGet(43)) - raft.server.rpc.timeout.min = 5s (custom)
2019-09-25 05:51:13,622 [pool-723-thread-1] INFO  server.RaftServerConfigKeys (ConfUtils.java:logGet(43)) - raft.server.rpc.timeout.max = 5200ms (custom)
2019-09-25 05:51:13,622 [pool-723-thread-1] INFO  server.RaftServerConfigKeys (ConfUtils.java:logGet(43)) - raft.server.rpcslowness.timeout = 120s (custom)
2019-09-25 05:51:13,622 [pool-723-thread-1] INFO  server.RaftServerConfigKeys (ConfUtils.java:logGet(43)) - raft.server.sleep.deviation.threshold = 300 (default)
2019-09-25 05:51:13,622 [pool-723-thread-1] INFO  server.RaftServerConfigKeys (ConfUtils.java:logGet(43)) - raft.server.log.appender.install.snapshot.enabled = false (custom)
2019-09-25 05:51:13,622 [pool-723-thread-1] INFO  impl.RaftServerImpl (ServerState.java:<init>(103)) - 1dcd8056-b4df-4a42-9946-d6b50473a02f@group-D0411AA173E7: ConfigurationManager, init=-1: [1dcd8056-b4df-4a42-9946-d6b50473a02f:192.168.30.10:37741], old=null, confs=<EMPTY_MAP>
2019-09-25 05:51:13,623 [pool-723-thread-1] INFO  server.RaftServerConfigKeys (ConfUtils.java:logGet(43)) - raft.server.storage.dir = [/workdir/hadoop-ozone/integration-test/target/test-dir/MiniOzoneClusterImpl-6389a31f-e1b2-4948-a777-3ab81d592f44/datanode-5/data/ratis] (custom)
2019-09-25 05:51:13,623 [pool-723-thread-1] INFO  storage.RaftStorageDirectory (RaftStorageDirectory.java:analyzeStorage(246)) - The storage directory /workdir/hadoop-ozone/integration-test/target/test-dir/MiniOzoneClusterImpl-6389a31f-e1b2-4948-a777-3ab81d592f44/datanode-5/data/ratis/3c1c0d64-e295-47fd-ab9f-d0411aa173e7 does not exist. Creating ...
2019-09-25 05:51:13,636 [pool-723-thread-1] INFO  storage.RaftStorageDirectory (RaftStorageDirectory.java:tryLock(328)) - Lock on /workdir/hadoop-ozone/integration-test/target/test-dir/MiniOzoneClusterImpl-6389a31f-e1b2-4948-a777-3ab81d592f44/datanode-5/data/ratis/3c1c0d64-e295-47fd-ab9f-d0411aa173e7/in_use.lock acquired by nodename 13539@pr-hdds-1569-s62bp-3040748787
2019-09-25 05:51:13,649 [pool-723-thread-1] INFO  storage.RaftStorage (RaftStorage.java:format(72)) - Storage directory /workdir/hadoop-ozone/integration-test/target/test-dir/MiniOzoneClusterImpl-6389a31f-e1b2-4948-a777-3ab81d592f44/datanode-5/data/ratis/3c1c0d64-e295-47fd-ab9f-d0411aa173e7 has been successfully formatted.
2019-09-25 05:51:13,650 [pool-723-thread-1] INFO  ratis.ContainerStateMachine (ContainerStateMachine.java:loadSnapshot(230)) - group-D0411AA173E7: The snapshot info is null. Setting the last applied indexto:(t:0, i:~)
2019-09-25 05:51:13,650 [pool-723-thread-1] INFO  server.RaftServerConfigKeys (ConfUtils.java:logGet(43)) - raft.server.notification.no-leader.timeout = 120s (custom)
2019-09-25 05:51:13,650 [pool-723-thread-1] INFO  server.RaftServerConfigKeys (ConfUtils.java:logGet(43)) - raft.server.log.use.memory = false (default)
2019-09-25 05:51:13,650 [pool-723-thread-1] INFO  server.RaftServerConfigKeys (ConfUtils.java:logGet(43)) - raft.server.log.purge.gap = 1000000 (custom)
2019-09-25 05:51:13,650 [pool-723-thread-1] INFO  server.RaftServerConfigKeys (ConfUtils.java:logGet(43)) - raft.server.log.appender.buffer.byte-limit = 33554432 (custom)
2019-09-25 05:51:13,650 [pool-723-thread-1] INFO  server.RaftServerConfigKeys (ConfUtils.java:logGet(43)) - raft.server.log.segment.size.max = 1048576 (custom)
2019-09-25 05:51:13,650 [pool-723-thread-1] INFO  server.RaftServerConfigKeys (ConfUtils.java:logGet(43)) - raft.server.log.segment.cache.num.max = 2 (custom)
2019-09-25 05:51:13,651 [pool-723-thread-1] INFO  segmented.SegmentedRaftLogWorker (SegmentedRaftLogWorker.java:<init>(172)) - new 1dcd8056-b4df-4a42-9946-d6b50473a02f@group-D0411AA173E7-SegmentedRaftLogWorker for RaftStorage:Storage Directory /workdir/hadoop-ozone/integration-test/target/test-dir/MiniOzoneClusterImpl-6389a31f-e1b2-4948-a777-3ab81d592f44/datanode-5/data/ratis/3c1c0d64-e295-47fd-ab9f-d0411aa173e7
2019-09-25 05:51:13,651 [pool-723-thread-1] INFO  server.RaftServerConfigKeys (ConfUtils.java:logGet(43)) - raft.server.log.queue.byte-limit = 2147483647 (custom)
2019-09-25 05:51:13,651 [pool-723-thread-1] INFO  server.RaftServerConfigKeys (ConfUtils.java:logGet(43)) - raft.server.log.queue.element-limit = 1024 (custom)
2019-09-25 05:51:13,651 [pool-723-thread-1] INFO  server.RaftServerConfigKeys (ConfUtils.java:logGet(43)) - raft.server.log.segment.size.max = 1048576 (custom)
2019-09-25 05:51:13,651 [pool-723-thread-1] INFO  server.RaftServerConfigKeys (ConfUtils.java:logGet(43)) - raft.server.log.preallocated.size = 16384 (custom)
2019-09-25 05:51:13,651 [pool-723-thread-1] INFO  server.RaftServerConfigKeys (ConfUtils.java:logGet(43)) - raft.server.log.write.buffer.size = 33554432 (custom)
2019-09-25 05:51:13,651 [pool-723-thread-1] INFO  server.RaftServerConfigKeys (ConfUtils.java:logGet(43)) - raft.server.log.force.sync.num = 128 (default)
2019-09-25 05:51:13,652 [pool-723-thread-1] INFO  server.RaftServerConfigKeys (ConfUtils.java:logGet(43)) - raft.server.log.statemachine.data.sync = true (default)
2019-09-25 05:51:13,652 [pool-723-thread-1] INFO  server.RaftServerConfigKeys (ConfUtils.java:logGet(43)) - raft.server.log.statemachine.data.sync.timeout = 10s (default)
2019-09-25 05:51:13,652 [pool-723-thread-1] INFO  server.RaftServerConfigKeys (ConfUtils.java:logGet(43)) - raft.server.log.statemachine.data.sync.timeout.retry = -1 (default)
2019-09-25 05:51:13,652 [pool-723-thread-1] INFO  server.RaftServerConfigKeys (ConfUtils.java:logGet(43)) - raft.server.log.statemachine.data.caching.enabled = true (custom)
2019-09-25 05:51:13,652 [pool-723-thread-1] INFO  segmented.SegmentedRaftLogWorker (SegmentedRaftLogWorker.java:lambda$new$0(132)) - 1dcd8056-b4df-4a42-9946-d6b50473a02f@group-D0411AA173E7-SegmentedRaftLogWorker: flushIndex: setUnconditionally 0 -> -1
2019-09-25 05:51:13,653 [pool-723-thread-1] INFO  server.RaftServerConfigKeys (ConfUtils.java:logGet(43)) - raft.server.snapshot.auto.trigger.enabled = true (custom)
2019-09-25 05:51:13,653 [pool-723-thread-1] INFO  server.RaftServerConfigKeys (ConfUtils.java:logGet(43)) - raft.server.snapshot.auto.trigger.threshold = 10000 (custom)
2019-09-25 05:51:13,653 [pool-723-thread-1] INFO  server.RaftServerConfigKeys (ConfUtils.java:logGet(43)) - raft.server.snapshot.retention.num.files = 5 (custom)
2019-09-25 05:51:13,653 [pool-723-thread-1] INFO  server.RaftServerConfigKeys (ConfUtils.java:logGet(43)) - raft.server.retrycache.expirytime = 600000ms (custom)
2019-09-25 05:51:13,655 [pool-723-thread-1] INFO  impl.RaftServerImpl (RaftServerImpl.java:start(185)) - 1dcd8056-b4df-4a42-9946-d6b50473a02f@group-D0411AA173E7: start as a follower, conf=-1: [1dcd8056-b4df-4a42-9946-d6b50473a02f:192.168.30.10:37741], old=null
2019-09-25 05:51:13,655 [pool-723-thread-1] INFO  impl.RaftServerImpl (RaftServerImpl.java:setRole(174)) - 1dcd8056-b4df-4a42-9946-d6b50473a02f@group-D0411AA173E7: changes role from      null to FOLLOWER at term 0 for startAsFollower
2019-09-25 05:51:13,655 [pool-723-thread-1] INFO  impl.RoleInfo (RoleInfo.java:updateAndGet(143)) - 1dcd8056-b4df-4a42-9946-d6b50473a02f: start FollowerState
2019-09-25 05:51:13,656 [pool-723-thread-1] INFO  util.JmxRegister (JmxRegister.java:tryRegister(44)) - Successfully registered JMX Bean with object name Ratis:service=RaftServer,group=group-D0411AA173E7,id=1dcd8056-b4df-4a42-9946-d6b50473a02f
2019-09-25 05:51:13,658 [RatisPipelineUtilsThread] INFO  pipeline.PipelineStateManager (PipelineStateManager.java:addPipeline(56)) - Created pipeline Pipeline[ Id: 3c1c0d64-e295-47fd-ab9f-d0411aa173e7, Nodes: 1dcd8056-b4df-4a42-9946-d6b50473a02f{ip: 192.168.30.10, host: pr-hdds-1569-s62bp-3040748787, networkLocation: /default-rack, certSerialId: null}, Type:RATIS, Factor:ONE, State:OPEN]
2019-09-25 05:51:13,658 [RatisPipelineUtilsThread] INFO  pipeline.PipelinePlacementPolicy (PipelinePlacementPolicy.java:meetCriteria(91)) - Pipeline Placement: Doesn't meet the criteria to be viable node： 1705b612-ae52-4202-ba1e-b52c03c1d4d6 Heaviness: 6 limit: 5
2019-09-25 05:51:13,658 [RatisPipelineUtilsThread] INFO  pipeline.PipelinePlacementPolicy (PipelinePlacementPolicy.java:meetCriteria(91)) - Pipeline Placement: Doesn't meet the criteria to be viable node： aa12bdd9-b98d-4e1b-b7bd-0fb99805d214 Heaviness: 6 limit: 5
2019-09-25 05:51:13,658 [RatisPipelineUtilsThread] INFO  pipeline.PipelinePlacementPolicy (PipelinePlacementPolicy.java:meetCriteria(91)) - Pipeline Placement: Doesn't meet the criteria to be viable node： f6b408ab-d2bf-4cc7-9b61-adae7633a687 Heaviness: 6 limit: 5
2019-09-25 05:51:13,659 [RatisPipelineUtilsThread] INFO  pipeline.PipelinePlacementPolicy (PipelinePlacementPolicy.java:meetCriteria(91)) - Pipeline Placement: Doesn't meet the criteria to be viable node： 7329b839-2890-4139-beee-2b486d1f212d Heaviness: 6 limit: 5
2019-09-25 05:51:13,662 [grpc-default-executor-3] INFO  impl.RaftServerProxy (RaftServerProxy.java:addNew(89)) - ba62479e-9d0c-4e30-a2fc-a7b15472dec7: addNew group-41261B168849:[ba62479e-9d0c-4e30-a2fc-a7b15472dec7:192.168.30.10:39614] returns group-41261B168849:java.util.concurrent.CompletableFuture@1f8317ff[Not completed]
2019-09-25 05:51:13,663 [pool-713-thread-1] INFO  impl.RaftServerImpl (RaftServerImpl.java:<init>(95)) - ba62479e-9d0c-4e30-a2fc-a7b15472dec7: new RaftServerImpl for group-41261B168849:[ba62479e-9d0c-4e30-a2fc-a7b15472dec7:192.168.30.10:39614] with ContainerStateMachine:uninitialized
2019-09-25 05:51:13,663 [pool-713-thread-1] INFO  server.RaftServerConfigKeys (ConfUtils.java:logGet(43)) - raft.server.rpc.timeout.min = 5s (custom)
2019-09-25 05:51:13,663 [pool-713-thread-1] INFO  server.RaftServerConfigKeys (ConfUtils.java:logGet(43)) - raft.server.rpc.timeout.max = 5200ms (custom)
2019-09-25 05:51:13,663 [pool-713-thread-1] INFO  server.RaftServerConfigKeys (ConfUtils.java:logGet(43)) - raft.server.rpcslowness.timeout = 120s (custom)
2019-09-25 05:51:13,663 [pool-713-thread-1] INFO  server.RaftServerConfigKeys (ConfUtils.java:logGet(43)) - raft.server.sleep.deviation.threshold = 300 (default)
2019-09-25 05:51:13,664 [pool-713-thread-1] INFO  server.RaftServerConfigKeys (ConfUtils.java:logGet(43)) - raft.server.log.appender.install.snapshot.enabled = false (custom)
2019-09-25 05:51:13,664 [pool-713-thread-1] INFO  impl.RaftServerImpl (ServerState.java:<init>(103)) - ba62479e-9d0c-4e30-a2fc-a7b15472dec7@group-41261B168849: ConfigurationManager, init=-1: [ba62479e-9d0c-4e30-a2fc-a7b15472dec7:192.168.30.10:39614], old=null, confs=<EMPTY_MAP>
2019-09-25 05:51:13,664 [pool-713-thread-1] INFO  server.RaftServerConfigKeys (ConfUtils.java:logGet(43)) - raft.server.storage.dir = [/workdir/hadoop-ozone/integration-test/target/test-dir/MiniOzoneClusterImpl-6389a31f-e1b2-4948-a777-3ab81d592f44/datanode-4/data/ratis] (custom)
2019-09-25 05:51:13,664 [pool-713-thread-1] INFO  storage.RaftStorageDirectory (RaftStorageDirectory.java:analyzeStorage(246)) - The storage directory /workdir/hadoop-ozone/integration-test/target/test-dir/MiniOzoneClusterImpl-6389a31f-e1b2-4948-a777-3ab81d592f44/datanode-4/data/ratis/dd14b405-66c6-4847-8e3d-41261b168849 does not exist. Creating ...
2019-09-25 05:51:13,677 [pool-713-thread-1] INFO  storage.RaftStorageDirectory (RaftStorageDirectory.java:tryLock(328)) - Lock on /workdir/hadoop-ozone/integration-test/target/test-dir/MiniOzoneClusterImpl-6389a31f-e1b2-4948-a777-3ab81d592f44/datanode-4/data/ratis/dd14b405-66c6-4847-8e3d-41261b168849/in_use.lock acquired by nodename 13539@pr-hdds-1569-s62bp-3040748787
2019-09-25 05:51:13,690 [pool-713-thread-1] INFO  storage.RaftStorage (RaftStorage.java:format(72)) - Storage directory /workdir/hadoop-ozone/integration-test/target/test-dir/MiniOzoneClusterImpl-6389a31f-e1b2-4948-a777-3ab81d592f44/datanode-4/data/ratis/dd14b405-66c6-4847-8e3d-41261b168849 has been successfully formatted.
2019-09-25 05:51:13,691 [pool-713-thread-1] INFO  ratis.ContainerStateMachine (ContainerStateMachine.java:loadSnapshot(230)) - group-41261B168849: The snapshot info is null. Setting the last applied indexto:(t:0, i:~)
2019-09-25 05:51:13,691 [pool-713-thread-1] INFO  server.RaftServerConfigKeys (ConfUtils.java:logGet(43)) - raft.server.notification.no-leader.timeout = 120s (custom)
2019-09-25 05:51:13,691 [pool-713-thread-1] INFO  server.RaftServerConfigKeys (ConfUtils.java:logGet(43)) - raft.server.log.use.memory = false (default)
2019-09-25 05:51:13,691 [pool-713-thread-1] INFO  server.RaftServerConfigKeys (ConfUtils.java:logGet(43)) - raft.server.log.purge.gap = 1000000 (custom)
2019-09-25 05:51:13,692 [pool-713-thread-1] INFO  server.RaftServerConfigKeys (ConfUtils.java:logGet(43)) - raft.server.log.appender.buffer.byte-limit = 33554432 (custom)
2019-09-25 05:51:13,692 [pool-713-thread-1] INFO  server.RaftServerConfigKeys (ConfUtils.java:logGet(43)) - raft.server.log.segment.size.max = 1048576 (custom)
2019-09-25 05:51:13,692 [pool-713-thread-1] INFO  server.RaftServerConfigKeys (ConfUtils.java:logGet(43)) - raft.server.log.segment.cache.num.max = 2 (custom)
2019-09-25 05:51:13,692 [pool-713-thread-1] INFO  segmented.SegmentedRaftLogWorker (SegmentedRaftLogWorker.java:<init>(172)) - new ba62479e-9d0c-4e30-a2fc-a7b15472dec7@group-41261B168849-SegmentedRaftLogWorker for RaftStorage:Storage Directory /workdir/hadoop-ozone/integration-test/target/test-dir/MiniOzoneClusterImpl-6389a31f-e1b2-4948-a777-3ab81d592f44/datanode-4/data/ratis/dd14b405-66c6-4847-8e3d-41261b168849
2019-09-25 05:51:13,692 [pool-713-thread-1] INFO  server.RaftServerConfigKeys (ConfUtils.java:logGet(43)) - raft.server.log.queue.byte-limit = 2147483647 (custom)
2019-09-25 05:51:13,692 [pool-713-thread-1] INFO  server.RaftServerConfigKeys (ConfUtils.java:logGet(43)) - raft.server.log.queue.element-limit = 1024 (custom)
2019-09-25 05:51:13,693 [pool-713-thread-1] INFO  server.RaftServerConfigKeys (ConfUtils.java:logGet(43)) - raft.server.log.segment.size.max = 1048576 (custom)
2019-09-25 05:51:13,693 [pool-713-thread-1] INFO  server.RaftServerConfigKeys (ConfUtils.java:logGet(43)) - raft.server.log.preallocated.size = 16384 (custom)
2019-09-25 05:51:13,693 [pool-713-thread-1] INFO  server.RaftServerConfigKeys (ConfUtils.java:logGet(43)) - raft.server.log.write.buffer.size = 33554432 (custom)
2019-09-25 05:51:13,693 [pool-713-thread-1] INFO  server.RaftServerConfigKeys (ConfUtils.java:logGet(43)) - raft.server.log.force.sync.num = 128 (default)
2019-09-25 05:51:13,693 [pool-713-thread-1] INFO  server.RaftServerConfigKeys (ConfUtils.java:logGet(43)) - raft.server.log.statemachine.data.sync = true (default)
2019-09-25 05:51:13,693 [pool-713-thread-1] INFO  server.RaftServerConfigKeys (ConfUtils.java:logGet(43)) - raft.server.log.statemachine.data.sync.timeout = 10s (default)
2019-09-25 05:51:13,693 [pool-713-thread-1] INFO  server.RaftServerConfigKeys (ConfUtils.java:logGet(43)) - raft.server.log.statemachine.data.sync.timeout.retry = -1 (default)
2019-09-25 05:51:13,694 [pool-713-thread-1] INFO  server.RaftServerConfigKeys (ConfUtils.java:logGet(43)) - raft.server.log.statemachine.data.caching.enabled = true (custom)
2019-09-25 05:51:13,694 [pool-713-thread-1] INFO  segmented.SegmentedRaftLogWorker (SegmentedRaftLogWorker.java:lambda$new$0(132)) - ba62479e-9d0c-4e30-a2fc-a7b15472dec7@group-41261B168849-SegmentedRaftLogWorker: flushIndex: setUnconditionally 0 -> -1
2019-09-25 05:51:13,698 [pool-713-thread-1] INFO  server.RaftServerConfigKeys (ConfUtils.java:logGet(43)) - raft.server.snapshot.auto.trigger.enabled = true (custom)
2019-09-25 05:51:13,698 [pool-713-thread-1] INFO  server.RaftServerConfigKeys (ConfUtils.java:logGet(43)) - raft.server.snapshot.auto.trigger.threshold = 10000 (custom)
2019-09-25 05:51:13,698 [pool-713-thread-1] INFO  server.RaftServerConfigKeys (ConfUtils.java:logGet(43)) - raft.server.snapshot.retention.num.files = 5 (custom)
2019-09-25 05:51:13,698 [pool-713-thread-1] INFO  server.RaftServerConfigKeys (ConfUtils.java:logGet(43)) - raft.server.retrycache.expirytime = 600000ms (custom)
2019-09-25 05:51:13,700 [pool-713-thread-1] INFO  impl.RaftServerImpl (RaftServerImpl.java:start(185)) - ba62479e-9d0c-4e30-a2fc-a7b15472dec7@group-41261B168849: start as a follower, conf=-1: [ba62479e-9d0c-4e30-a2fc-a7b15472dec7:192.168.30.10:39614], old=null
2019-09-25 05:51:13,701 [pool-713-thread-1] INFO  impl.RaftServerImpl (RaftServerImpl.java:setRole(174)) - ba62479e-9d0c-4e30-a2fc-a7b15472dec7@group-41261B168849: changes role from      null to FOLLOWER at term 0 for startAsFollower
2019-09-25 05:51:13,701 [pool-713-thread-1] INFO  impl.RoleInfo (RoleInfo.java:updateAndGet(143)) - ba62479e-9d0c-4e30-a2fc-a7b15472dec7: start FollowerState
2019-09-25 05:51:13,701 [pool-713-thread-1] INFO  util.JmxRegister (JmxRegister.java:tryRegister(44)) - Successfully registered JMX Bean with object name Ratis:service=RaftServer,group=group-41261B168849,id=ba62479e-9d0c-4e30-a2fc-a7b15472dec7
2019-09-25 05:51:13,704 [RatisPipelineUtilsThread] INFO  pipeline.PipelineStateManager (PipelineStateManager.java:addPipeline(56)) - Created pipeline Pipeline[ Id: dd14b405-66c6-4847-8e3d-41261b168849, Nodes: ba62479e-9d0c-4e30-a2fc-a7b15472dec7{ip: 192.168.30.10, host: pr-hdds-1569-s62bp-3040748787, networkLocation: /default-rack, certSerialId: null}, Type:RATIS, Factor:ONE, State:OPEN]
2019-09-25 05:51:13,705 [RatisPipelineUtilsThread] INFO  pipeline.PipelinePlacementPolicy (PipelinePlacementPolicy.java:meetCriteria(91)) - Pipeline Placement: Doesn't meet the criteria to be viable node： 1705b612-ae52-4202-ba1e-b52c03c1d4d6 Heaviness: 6 limit: 5
2019-09-25 05:51:13,705 [RatisPipelineUtilsThread] INFO  pipeline.PipelinePlacementPolicy (PipelinePlacementPolicy.java:meetCriteria(91)) - Pipeline Placement: Doesn't meet the criteria to be viable node： aa12bdd9-b98d-4e1b-b7bd-0fb99805d214 Heaviness: 6 limit: 5
2019-09-25 05:51:13,705 [RatisPipelineUtilsThread] INFO  pipeline.PipelinePlacementPolicy (PipelinePlacementPolicy.java:meetCriteria(91)) - Pipeline Placement: Doesn't meet the criteria to be viable node： ba62479e-9d0c-4e30-a2fc-a7b15472dec7 Heaviness: 6 limit: 5
2019-09-25 05:51:13,705 [RatisPipelineUtilsThread] INFO  pipeline.PipelinePlacementPolicy (PipelinePlacementPolicy.java:meetCriteria(91)) - Pipeline Placement: Doesn't meet the criteria to be viable node： f6b408ab-d2bf-4cc7-9b61-adae7633a687 Heaviness: 6 limit: 5
2019-09-25 05:51:13,705 [RatisPipelineUtilsThread] INFO  pipeline.PipelinePlacementPolicy (PipelinePlacementPolicy.java:meetCriteria(91)) - Pipeline Placement: Doesn't meet the criteria to be viable node： 7329b839-2890-4139-beee-2b486d1f212d Heaviness: 6 limit: 5
2019-09-25 05:51:13,709 [grpc-default-executor-3] INFO  impl.RaftServerProxy (RaftServerProxy.java:addNew(89)) - 1dcd8056-b4df-4a42-9946-d6b50473a02f: addNew group-EE06D592F629:[1dcd8056-b4df-4a42-9946-d6b50473a02f:192.168.30.10:37741] returns group-EE06D592F629:java.util.concurrent.CompletableFuture@10e59215[Not completed]
2019-09-25 05:51:13,710 [pool-723-thread-1] INFO  impl.RaftServerImpl (RaftServerImpl.java:<init>(95)) - 1dcd8056-b4df-4a42-9946-d6b50473a02f: new RaftServerImpl for group-EE06D592F629:[1dcd8056-b4df-4a42-9946-d6b50473a02f:192.168.30.10:37741] with ContainerStateMachine:uninitialized
2019-09-25 05:51:13,710 [pool-723-thread-1] INFO  server.RaftServerConfigKeys (ConfUtils.java:logGet(43)) - raft.server.rpc.timeout.min = 5s (custom)
2019-09-25 05:51:13,710 [pool-723-thread-1] INFO  server.RaftServerConfigKeys (ConfUtils.java:logGet(43)) - raft.server.rpc.timeout.max = 5200ms (custom)
2019-09-25 05:51:13,710 [pool-723-thread-1] INFO  server.RaftServerConfigKeys (ConfUtils.java:logGet(43)) - raft.server.rpcslowness.timeout = 120s (custom)
2019-09-25 05:51:13,710 [pool-723-thread-1] INFO  server.RaftServerConfigKeys (ConfUtils.java:logGet(43)) - raft.server.sleep.deviation.threshold = 300 (default)
2019-09-25 05:51:13,710 [pool-723-thread-1] INFO  server.RaftServerConfigKeys (ConfUtils.java:logGet(43)) - raft.server.log.appender.install.snapshot.enabled = false (custom)
2019-09-25 05:51:13,710 [pool-723-thread-1] INFO  impl.RaftServerImpl (ServerState.java:<init>(103)) - 1dcd8056-b4df-4a42-9946-d6b50473a02f@group-EE06D592F629: ConfigurationManager, init=-1: [1dcd8056-b4df-4a42-9946-d6b50473a02f:192.168.30.10:37741], old=null, confs=<EMPTY_MAP>
2019-09-25 05:51:13,710 [pool-723-thread-1] INFO  server.RaftServerConfigKeys (ConfUtils.java:logGet(43)) - raft.server.storage.dir = [/workdir/hadoop-ozone/integration-test/target/test-dir/MiniOzoneClusterImpl-6389a31f-e1b2-4948-a777-3ab81d592f44/datanode-5/data/ratis] (custom)
2019-09-25 05:51:13,711 [pool-723-thread-1] INFO  storage.RaftStorageDirectory (RaftStorageDirectory.java:analyzeStorage(246)) - The storage directory /workdir/hadoop-ozone/integration-test/target/test-dir/MiniOzoneClusterImpl-6389a31f-e1b2-4948-a777-3ab81d592f44/datanode-5/data/ratis/b7e0f93a-dff4-41cd-a855-ee06d592f629 does not exist. Creating ...
2019-09-25 05:51:13,723 [pool-723-thread-1] INFO  storage.RaftStorageDirectory (RaftStorageDirectory.java:tryLock(328)) - Lock on /workdir/hadoop-ozone/integration-test/target/test-dir/MiniOzoneClusterImpl-6389a31f-e1b2-4948-a777-3ab81d592f44/datanode-5/data/ratis/b7e0f93a-dff4-41cd-a855-ee06d592f629/in_use.lock acquired by nodename 13539@pr-hdds-1569-s62bp-3040748787
2019-09-25 05:51:13,735 [pool-723-thread-1] INFO  storage.RaftStorage (RaftStorage.java:format(72)) - Storage directory /workdir/hadoop-ozone/integration-test/target/test-dir/MiniOzoneClusterImpl-6389a31f-e1b2-4948-a777-3ab81d592f44/datanode-5/data/ratis/b7e0f93a-dff4-41cd-a855-ee06d592f629 has been successfully formatted.
2019-09-25 05:51:13,735 [pool-723-thread-1] INFO  ratis.ContainerStateMachine (ContainerStateMachine.java:loadSnapshot(230)) - group-EE06D592F629: The snapshot info is null. Setting the last applied indexto:(t:0, i:~)
2019-09-25 05:51:13,736 [pool-723-thread-1] INFO  server.RaftServerConfigKeys (ConfUtils.java:logGet(43)) - raft.server.notification.no-leader.timeout = 120s (custom)
2019-09-25 05:51:13,736 [pool-723-thread-1] INFO  server.RaftServerConfigKeys (ConfUtils.java:logGet(43)) - raft.server.log.use.memory = false (default)
2019-09-25 05:51:13,736 [pool-723-thread-1] INFO  server.RaftServerConfigKeys (ConfUtils.java:logGet(43)) - raft.server.log.purge.gap = 1000000 (custom)
2019-09-25 05:51:13,736 [pool-723-thread-1] INFO  server.RaftServerConfigKeys (ConfUtils.java:logGet(43)) - raft.server.log.appender.buffer.byte-limit = 33554432 (custom)
2019-09-25 05:51:13,736 [pool-723-thread-1] INFO  server.RaftServerConfigKeys (ConfUtils.java:logGet(43)) - raft.server.log.segment.size.max = 1048576 (custom)
2019-09-25 05:51:13,736 [pool-723-thread-1] INFO  server.RaftServerConfigKeys (ConfUtils.java:logGet(43)) - raft.server.log.segment.cache.num.max = 2 (custom)
2019-09-25 05:51:13,737 [pool-723-thread-1] INFO  segmented.SegmentedRaftLogWorker (SegmentedRaftLogWorker.java:<init>(172)) - new 1dcd8056-b4df-4a42-9946-d6b50473a02f@group-EE06D592F629-SegmentedRaftLogWorker for RaftStorage:Storage Directory /workdir/hadoop-ozone/integration-test/target/test-dir/MiniOzoneClusterImpl-6389a31f-e1b2-4948-a777-3ab81d592f44/datanode-5/data/ratis/b7e0f93a-dff4-41cd-a855-ee06d592f629
2019-09-25 05:51:13,737 [pool-723-thread-1] INFO  server.RaftServerConfigKeys (ConfUtils.java:logGet(43)) - raft.server.log.queue.byte-limit = 2147483647 (custom)
2019-09-25 05:51:13,737 [pool-723-thread-1] INFO  server.RaftServerConfigKeys (ConfUtils.java:logGet(43)) - raft.server.log.queue.element-limit = 1024 (custom)
2019-09-25 05:51:13,737 [pool-723-thread-1] INFO  server.RaftServerConfigKeys (ConfUtils.java:logGet(43)) - raft.server.log.segment.size.max = 1048576 (custom)
2019-09-25 05:51:13,737 [pool-723-thread-1] INFO  server.RaftServerConfigKeys (ConfUtils.java:logGet(43)) - raft.server.log.preallocated.size = 16384 (custom)
2019-09-25 05:51:13,737 [pool-723-thread-1] INFO  server.RaftServerConfigKeys (ConfUtils.java:logGet(43)) - raft.server.log.write.buffer.size = 33554432 (custom)
2019-09-25 05:51:13,738 [pool-723-thread-1] INFO  server.RaftServerConfigKeys (ConfUtils.java:logGet(43)) - raft.server.log.force.sync.num = 128 (default)
2019-09-25 05:51:13,738 [pool-723-thread-1] INFO  server.RaftServerConfigKeys (ConfUtils.java:logGet(43)) - raft.server.log.statemachine.data.sync = true (default)
2019-09-25 05:51:13,738 [pool-723-thread-1] INFO  server.RaftServerConfigKeys (ConfUtils.java:logGet(43)) - raft.server.log.statemachine.data.sync.timeout = 10s (default)
2019-09-25 05:51:13,738 [pool-723-thread-1] INFO  server.RaftServerConfigKeys (ConfUtils.java:logGet(43)) - raft.server.log.statemachine.data.sync.timeout.retry = -1 (default)
2019-09-25 05:51:13,738 [pool-723-thread-1] INFO  server.RaftServerConfigKeys (ConfUtils.java:logGet(43)) - raft.server.log.statemachine.data.caching.enabled = true (custom)
2019-09-25 05:51:13,738 [pool-723-thread-1] INFO  segmented.SegmentedRaftLogWorker (SegmentedRaftLogWorker.java:lambda$new$0(132)) - 1dcd8056-b4df-4a42-9946-d6b50473a02f@group-EE06D592F629-SegmentedRaftLogWorker: flushIndex: setUnconditionally 0 -> -1
2019-09-25 05:51:13,739 [pool-723-thread-1] INFO  server.RaftServerConfigKeys (ConfUtils.java:logGet(43)) - raft.server.snapshot.auto.trigger.enabled = true (custom)
2019-09-25 05:51:13,739 [pool-723-thread-1] INFO  server.RaftServerConfigKeys (ConfUtils.java:logGet(43)) - raft.server.snapshot.auto.trigger.threshold = 10000 (custom)
2019-09-25 05:51:13,739 [pool-723-thread-1] INFO  server.RaftServerConfigKeys (ConfUtils.java:logGet(43)) - raft.server.snapshot.retention.num.files = 5 (custom)
2019-09-25 05:51:13,739 [pool-723-thread-1] INFO  server.RaftServerConfigKeys (ConfUtils.java:logGet(43)) - raft.server.retrycache.expirytime = 600000ms (custom)
2019-09-25 05:51:13,741 [pool-723-thread-1] INFO  impl.RaftServerImpl (RaftServerImpl.java:start(185)) - 1dcd8056-b4df-4a42-9946-d6b50473a02f@group-EE06D592F629: start as a follower, conf=-1: [1dcd8056-b4df-4a42-9946-d6b50473a02f:192.168.30.10:37741], old=null
2019-09-25 05:51:13,741 [pool-723-thread-1] INFO  impl.RaftServerImpl (RaftServerImpl.java:setRole(174)) - 1dcd8056-b4df-4a42-9946-d6b50473a02f@group-EE06D592F629: changes role from      null to FOLLOWER at term 0 for startAsFollower
2019-09-25 05:51:13,741 [pool-723-thread-1] INFO  impl.RoleInfo (RoleInfo.java:updateAndGet(143)) - 1dcd8056-b4df-4a42-9946-d6b50473a02f: start FollowerState
2019-09-25 05:51:13,742 [pool-723-thread-1] INFO  util.JmxRegister (JmxRegister.java:tryRegister(44)) - Successfully registered JMX Bean with object name Ratis:service=RaftServer,group=group-EE06D592F629,id=1dcd8056-b4df-4a42-9946-d6b50473a02f
2019-09-25 05:51:13,744 [RatisPipelineUtilsThread] INFO  pipeline.PipelineStateManager (PipelineStateManager.java:addPipeline(56)) - Created pipeline Pipeline[ Id: b7e0f93a-dff4-41cd-a855-ee06d592f629, Nodes: 1dcd8056-b4df-4a42-9946-d6b50473a02f{ip: 192.168.30.10, host: pr-hdds-1569-s62bp-3040748787, networkLocation: /default-rack, certSerialId: null}, Type:RATIS, Factor:ONE, State:OPEN]
2019-09-25 05:51:13,744 [RatisPipelineUtilsThread] INFO  pipeline.PipelinePlacementPolicy (PipelinePlacementPolicy.java:meetCriteria(91)) - Pipeline Placement: Doesn't meet the criteria to be viable node： 1705b612-ae52-4202-ba1e-b52c03c1d4d6 Heaviness: 6 limit: 5
2019-09-25 05:51:13,744 [RatisPipelineUtilsThread] INFO  pipeline.PipelinePlacementPolicy (PipelinePlacementPolicy.java:meetCriteria(91)) - Pipeline Placement: Doesn't meet the criteria to be viable node： aa12bdd9-b98d-4e1b-b7bd-0fb99805d214 Heaviness: 6 limit: 5
2019-09-25 05:51:13,744 [RatisPipelineUtilsThread] INFO  pipeline.PipelinePlacementPolicy (PipelinePlacementPolicy.java:meetCriteria(91)) - Pipeline Placement: Doesn't meet the criteria to be viable node： ba62479e-9d0c-4e30-a2fc-a7b15472dec7 Heaviness: 6 limit: 5
2019-09-25 05:51:13,744 [RatisPipelineUtilsThread] INFO  pipeline.PipelinePlacementPolicy (PipelinePlacementPolicy.java:meetCriteria(91)) - Pipeline Placement: Doesn't meet the criteria to be viable node： f6b408ab-d2bf-4cc7-9b61-adae7633a687 Heaviness: 6 limit: 5
2019-09-25 05:51:13,744 [RatisPipelineUtilsThread] INFO  pipeline.PipelinePlacementPolicy (PipelinePlacementPolicy.java:meetCriteria(91)) - Pipeline Placement: Doesn't meet the criteria to be viable node： 7329b839-2890-4139-beee-2b486d1f212d Heaviness: 6 limit: 5
2019-09-25 05:51:13,747 [grpc-default-executor-3] INFO  impl.RaftServerProxy (RaftServerProxy.java:addNew(89)) - 1dcd8056-b4df-4a42-9946-d6b50473a02f: addNew group-25478124C4FA:[1dcd8056-b4df-4a42-9946-d6b50473a02f:192.168.30.10:37741] returns group-25478124C4FA:java.util.concurrent.CompletableFuture@5720f97e[Not completed]
2019-09-25 05:51:13,748 [pool-723-thread-1] INFO  impl.RaftServerImpl (RaftServerImpl.java:<init>(95)) - 1dcd8056-b4df-4a42-9946-d6b50473a02f: new RaftServerImpl for group-25478124C4FA:[1dcd8056-b4df-4a42-9946-d6b50473a02f:192.168.30.10:37741] with ContainerStateMachine:uninitialized
2019-09-25 05:51:13,748 [pool-723-thread-1] INFO  server.RaftServerConfigKeys (ConfUtils.java:logGet(43)) - raft.server.rpc.timeout.min = 5s (custom)
2019-09-25 05:51:13,748 [pool-723-thread-1] INFO  server.RaftServerConfigKeys (ConfUtils.java:logGet(43)) - raft.server.rpc.timeout.max = 5200ms (custom)
2019-09-25 05:51:13,748 [pool-723-thread-1] INFO  server.RaftServerConfigKeys (ConfUtils.java:logGet(43)) - raft.server.rpcslowness.timeout = 120s (custom)
2019-09-25 05:51:13,749 [pool-723-thread-1] INFO  server.RaftServerConfigKeys (ConfUtils.java:logGet(43)) - raft.server.sleep.deviation.threshold = 300 (default)
2019-09-25 05:51:13,749 [pool-723-thread-1] INFO  server.RaftServerConfigKeys (ConfUtils.java:logGet(43)) - raft.server.log.appender.install.snapshot.enabled = false (custom)
2019-09-25 05:51:13,749 [pool-723-thread-1] INFO  impl.RaftServerImpl (ServerState.java:<init>(103)) - 1dcd8056-b4df-4a42-9946-d6b50473a02f@group-25478124C4FA: ConfigurationManager, init=-1: [1dcd8056-b4df-4a42-9946-d6b50473a02f:192.168.30.10:37741], old=null, confs=<EMPTY_MAP>
2019-09-25 05:51:13,749 [pool-723-thread-1] INFO  server.RaftServerConfigKeys (ConfUtils.java:logGet(43)) - raft.server.storage.dir = [/workdir/hadoop-ozone/integration-test/target/test-dir/MiniOzoneClusterImpl-6389a31f-e1b2-4948-a777-3ab81d592f44/datanode-5/data/ratis] (custom)
2019-09-25 05:51:13,749 [pool-723-thread-1] INFO  storage.RaftStorageDirectory (RaftStorageDirectory.java:analyzeStorage(246)) - The storage directory /workdir/hadoop-ozone/integration-test/target/test-dir/MiniOzoneClusterImpl-6389a31f-e1b2-4948-a777-3ab81d592f44/datanode-5/data/ratis/6e6fc105-326e-488f-8d2f-25478124c4fa does not exist. Creating ...
2019-09-25 05:51:13,762 [pool-723-thread-1] INFO  storage.RaftStorageDirectory (RaftStorageDirectory.java:tryLock(328)) - Lock on /workdir/hadoop-ozone/integration-test/target/test-dir/MiniOzoneClusterImpl-6389a31f-e1b2-4948-a777-3ab81d592f44/datanode-5/data/ratis/6e6fc105-326e-488f-8d2f-25478124c4fa/in_use.lock acquired by nodename 13539@pr-hdds-1569-s62bp-3040748787
2019-09-25 05:51:13,781 [pool-723-thread-1] INFO  storage.RaftStorage (RaftStorage.java:format(72)) - Storage directory /workdir/hadoop-ozone/integration-test/target/test-dir/MiniOzoneClusterImpl-6389a31f-e1b2-4948-a777-3ab81d592f44/datanode-5/data/ratis/6e6fc105-326e-488f-8d2f-25478124c4fa has been successfully formatted.
2019-09-25 05:51:13,782 [pool-723-thread-1] INFO  ratis.ContainerStateMachine (ContainerStateMachine.java:loadSnapshot(230)) - group-25478124C4FA: The snapshot info is null. Setting the last applied indexto:(t:0, i:~)
2019-09-25 05:51:13,782 [pool-723-thread-1] INFO  server.RaftServerConfigKeys (ConfUtils.java:logGet(43)) - raft.server.notification.no-leader.timeout = 120s (custom)
2019-09-25 05:51:13,782 [pool-723-thread-1] INFO  server.RaftServerConfigKeys (ConfUtils.java:logGet(43)) - raft.server.log.use.memory = false (default)
2019-09-25 05:51:13,782 [pool-723-thread-1] INFO  server.RaftServerConfigKeys (ConfUtils.java:logGet(43)) - raft.server.log.purge.gap = 1000000 (custom)
2019-09-25 05:51:13,782 [pool-723-thread-1] INFO  server.RaftServerConfigKeys (ConfUtils.java:logGet(43)) - raft.server.log.appender.buffer.byte-limit = 33554432 (custom)
2019-09-25 05:51:13,782 [pool-723-thread-1] INFO  server.RaftServerConfigKeys (ConfUtils.java:logGet(43)) - raft.server.log.segment.size.max = 1048576 (custom)
2019-09-25 05:51:13,782 [pool-723-thread-1] INFO  server.RaftServerConfigKeys (ConfUtils.java:logGet(43)) - raft.server.log.segment.cache.num.max = 2 (custom)
2019-09-25 05:51:13,783 [pool-723-thread-1] INFO  segmented.SegmentedRaftLogWorker (SegmentedRaftLogWorker.java:<init>(172)) - new 1dcd8056-b4df-4a42-9946-d6b50473a02f@group-25478124C4FA-SegmentedRaftLogWorker for RaftStorage:Storage Directory /workdir/hadoop-ozone/integration-test/target/test-dir/MiniOzoneClusterImpl-6389a31f-e1b2-4948-a777-3ab81d592f44/datanode-5/data/ratis/6e6fc105-326e-488f-8d2f-25478124c4fa
2019-09-25 05:51:13,783 [pool-723-thread-1] INFO  server.RaftServerConfigKeys (ConfUtils.java:logGet(43)) - raft.server.log.queue.byte-limit = 2147483647 (custom)
2019-09-25 05:51:13,783 [pool-723-thread-1] INFO  server.RaftServerConfigKeys (ConfUtils.java:logGet(43)) - raft.server.log.queue.element-limit = 1024 (custom)
2019-09-25 05:51:13,783 [pool-723-thread-1] INFO  server.RaftServerConfigKeys (ConfUtils.java:logGet(43)) - raft.server.log.segment.size.max = 1048576 (custom)
2019-09-25 05:51:13,783 [pool-723-thread-1] INFO  server.RaftServerConfigKeys (ConfUtils.java:logGet(43)) - raft.server.log.preallocated.size = 16384 (custom)
2019-09-25 05:51:13,783 [pool-723-thread-1] INFO  server.RaftServerConfigKeys (ConfUtils.java:logGet(43)) - raft.server.log.write.buffer.size = 33554432 (custom)
2019-09-25 05:51:13,783 [pool-723-thread-1] INFO  server.RaftServerConfigKeys (ConfUtils.java:logGet(43)) - raft.server.log.force.sync.num = 128 (default)
2019-09-25 05:51:13,783 [pool-723-thread-1] INFO  server.RaftServerConfigKeys (ConfUtils.java:logGet(43)) - raft.server.log.statemachine.data.sync = true (default)
2019-09-25 05:51:13,784 [pool-723-thread-1] INFO  server.RaftServerConfigKeys (ConfUtils.java:logGet(43)) - raft.server.log.statemachine.data.sync.timeout = 10s (default)
2019-09-25 05:51:13,784 [pool-723-thread-1] INFO  server.RaftServerConfigKeys (ConfUtils.java:logGet(43)) - raft.server.log.statemachine.data.sync.timeout.retry = -1 (default)
2019-09-25 05:51:13,784 [pool-723-thread-1] INFO  server.RaftServerConfigKeys (ConfUtils.java:logGet(43)) - raft.server.log.statemachine.data.caching.enabled = true (custom)
2019-09-25 05:51:13,784 [pool-723-thread-1] INFO  segmented.SegmentedRaftLogWorker (SegmentedRaftLogWorker.java:lambda$new$0(132)) - 1dcd8056-b4df-4a42-9946-d6b50473a02f@group-25478124C4FA-SegmentedRaftLogWorker: flushIndex: setUnconditionally 0 -> -1
2019-09-25 05:51:13,784 [pool-723-thread-1] INFO  server.RaftServerConfigKeys (ConfUtils.java:logGet(43)) - raft.server.snapshot.auto.trigger.enabled = true (custom)
2019-09-25 05:51:13,785 [pool-723-thread-1] INFO  server.RaftServerConfigKeys (ConfUtils.java:logGet(43)) - raft.server.snapshot.auto.trigger.threshold = 10000 (custom)
2019-09-25 05:51:13,785 [pool-723-thread-1] INFO  server.RaftServerConfigKeys (ConfUtils.java:logGet(43)) - raft.server.snapshot.retention.num.files = 5 (custom)
2019-09-25 05:51:13,785 [pool-723-thread-1] INFO  server.RaftServerConfigKeys (ConfUtils.java:logGet(43)) - raft.server.retrycache.expirytime = 600000ms (custom)
2019-09-25 05:51:13,786 [pool-723-thread-1] INFO  impl.RaftServerImpl (RaftServerImpl.java:start(185)) - 1dcd8056-b4df-4a42-9946-d6b50473a02f@group-25478124C4FA: start as a follower, conf=-1: [1dcd8056-b4df-4a42-9946-d6b50473a02f:192.168.30.10:37741], old=null
2019-09-25 05:51:13,786 [pool-723-thread-1] INFO  impl.RaftServerImpl (RaftServerImpl.java:setRole(174)) - 1dcd8056-b4df-4a42-9946-d6b50473a02f@group-25478124C4FA: changes role from      null to FOLLOWER at term 0 for startAsFollower
2019-09-25 05:51:13,786 [pool-723-thread-1] INFO  impl.RoleInfo (RoleInfo.java:updateAndGet(143)) - 1dcd8056-b4df-4a42-9946-d6b50473a02f: start FollowerState
2019-09-25 05:51:13,786 [pool-723-thread-1] INFO  util.JmxRegister (JmxRegister.java:tryRegister(44)) - Successfully registered JMX Bean with object name Ratis:service=RaftServer,group=group-25478124C4FA,id=1dcd8056-b4df-4a42-9946-d6b50473a02f
2019-09-25 05:51:13,788 [RatisPipelineUtilsThread] INFO  pipeline.PipelineStateManager (PipelineStateManager.java:addPipeline(56)) - Created pipeline Pipeline[ Id: 6e6fc105-326e-488f-8d2f-25478124c4fa, Nodes: 1dcd8056-b4df-4a42-9946-d6b50473a02f{ip: 192.168.30.10, host: pr-hdds-1569-s62bp-3040748787, networkLocation: /default-rack, certSerialId: null}, Type:RATIS, Factor:ONE, State:OPEN]
2019-09-25 05:51:13,788 [RatisPipelineUtilsThread] INFO  pipeline.PipelinePlacementPolicy (PipelinePlacementPolicy.java:meetCriteria(91)) - Pipeline Placement: Doesn't meet the criteria to be viable node： 1705b612-ae52-4202-ba1e-b52c03c1d4d6 Heaviness: 6 limit: 5
2019-09-25 05:51:13,788 [RatisPipelineUtilsThread] INFO  pipeline.PipelinePlacementPolicy (PipelinePlacementPolicy.java:meetCriteria(91)) - Pipeline Placement: Doesn't meet the criteria to be viable node： aa12bdd9-b98d-4e1b-b7bd-0fb99805d214 Heaviness: 6 limit: 5
2019-09-25 05:51:13,788 [RatisPipelineUtilsThread] INFO  pipeline.PipelinePlacementPolicy (PipelinePlacementPolicy.java:meetCriteria(91)) - Pipeline Placement: Doesn't meet the criteria to be viable node： ba62479e-9d0c-4e30-a2fc-a7b15472dec7 Heaviness: 6 limit: 5
2019-09-25 05:51:13,788 [RatisPipelineUtilsThread] INFO  pipeline.PipelinePlacementPolicy (PipelinePlacementPolicy.java:meetCriteria(91)) - Pipeline Placement: Doesn't meet the criteria to be viable node： f6b408ab-d2bf-4cc7-9b61-adae7633a687 Heaviness: 6 limit: 5
2019-09-25 05:51:13,788 [RatisPipelineUtilsThread] INFO  pipeline.PipelinePlacementPolicy (PipelinePlacementPolicy.java:meetCriteria(91)) - Pipeline Placement: Doesn't meet the criteria to be viable node： 7329b839-2890-4139-beee-2b486d1f212d Heaviness: 6 limit: 5
2019-09-25 05:51:13,791 [grpc-default-executor-3] INFO  impl.RaftServerProxy (RaftServerProxy.java:addNew(89)) - 1dcd8056-b4df-4a42-9946-d6b50473a02f: addNew group-19CFF8555347:[1dcd8056-b4df-4a42-9946-d6b50473a02f:192.168.30.10:37741] returns group-19CFF8555347:java.util.concurrent.CompletableFuture@688ee457[Not completed]
2019-09-25 05:51:13,791 [pool-723-thread-1] INFO  impl.RaftServerImpl (RaftServerImpl.java:<init>(95)) - 1dcd8056-b4df-4a42-9946-d6b50473a02f: new RaftServerImpl for group-19CFF8555347:[1dcd8056-b4df-4a42-9946-d6b50473a02f:192.168.30.10:37741] with ContainerStateMachine:uninitialized
2019-09-25 05:51:13,791 [pool-723-thread-1] INFO  server.RaftServerConfigKeys (ConfUtils.java:logGet(43)) - raft.server.rpc.timeout.min = 5s (custom)
2019-09-25 05:51:13,792 [pool-723-thread-1] INFO  server.RaftServerConfigKeys (ConfUtils.java:logGet(43)) - raft.server.rpc.timeout.max = 5200ms (custom)
2019-09-25 05:51:13,792 [pool-723-thread-1] INFO  server.RaftServerConfigKeys (ConfUtils.java:logGet(43)) - raft.server.rpcslowness.timeout = 120s (custom)
2019-09-25 05:51:13,792 [pool-723-thread-1] INFO  server.RaftServerConfigKeys (ConfUtils.java:logGet(43)) - raft.server.sleep.deviation.threshold = 300 (default)
2019-09-25 05:51:13,792 [pool-723-thread-1] INFO  server.RaftServerConfigKeys (ConfUtils.java:logGet(43)) - raft.server.log.appender.install.snapshot.enabled = false (custom)
2019-09-25 05:51:13,792 [pool-723-thread-1] INFO  impl.RaftServerImpl (ServerState.java:<init>(103)) - 1dcd8056-b4df-4a42-9946-d6b50473a02f@group-19CFF8555347: ConfigurationManager, init=-1: [1dcd8056-b4df-4a42-9946-d6b50473a02f:192.168.30.10:37741], old=null, confs=<EMPTY_MAP>
2019-09-25 05:51:13,792 [pool-723-thread-1] INFO  server.RaftServerConfigKeys (ConfUtils.java:logGet(43)) - raft.server.storage.dir = [/workdir/hadoop-ozone/integration-test/target/test-dir/MiniOzoneClusterImpl-6389a31f-e1b2-4948-a777-3ab81d592f44/datanode-5/data/ratis] (custom)
2019-09-25 05:51:13,792 [pool-723-thread-1] INFO  storage.RaftStorageDirectory (RaftStorageDirectory.java:analyzeStorage(246)) - The storage directory /workdir/hadoop-ozone/integration-test/target/test-dir/MiniOzoneClusterImpl-6389a31f-e1b2-4948-a777-3ab81d592f44/datanode-5/data/ratis/0f2e015e-cc05-41c2-929f-19cff8555347 does not exist. Creating ...
2019-09-25 05:51:13,806 [pool-723-thread-1] INFO  storage.RaftStorageDirectory (RaftStorageDirectory.java:tryLock(328)) - Lock on /workdir/hadoop-ozone/integration-test/target/test-dir/MiniOzoneClusterImpl-6389a31f-e1b2-4948-a777-3ab81d592f44/datanode-5/data/ratis/0f2e015e-cc05-41c2-929f-19cff8555347/in_use.lock acquired by nodename 13539@pr-hdds-1569-s62bp-3040748787
2019-09-25 05:51:13,827 [pool-723-thread-1] INFO  storage.RaftStorage (RaftStorage.java:format(72)) - Storage directory /workdir/hadoop-ozone/integration-test/target/test-dir/MiniOzoneClusterImpl-6389a31f-e1b2-4948-a777-3ab81d592f44/datanode-5/data/ratis/0f2e015e-cc05-41c2-929f-19cff8555347 has been successfully formatted.
2019-09-25 05:51:13,827 [pool-723-thread-1] INFO  ratis.ContainerStateMachine (ContainerStateMachine.java:loadSnapshot(230)) - group-19CFF8555347: The snapshot info is null. Setting the last applied indexto:(t:0, i:~)
2019-09-25 05:51:13,827 [pool-723-thread-1] INFO  server.RaftServerConfigKeys (ConfUtils.java:logGet(43)) - raft.server.notification.no-leader.timeout = 120s (custom)
2019-09-25 05:51:13,827 [pool-723-thread-1] INFO  server.RaftServerConfigKeys (ConfUtils.java:logGet(43)) - raft.server.log.use.memory = false (default)
2019-09-25 05:51:13,827 [pool-723-thread-1] INFO  server.RaftServerConfigKeys (ConfUtils.java:logGet(43)) - raft.server.log.purge.gap = 1000000 (custom)
2019-09-25 05:51:13,827 [pool-723-thread-1] INFO  server.RaftServerConfigKeys (ConfUtils.java:logGet(43)) - raft.server.log.appender.buffer.byte-limit = 33554432 (custom)
2019-09-25 05:51:13,828 [pool-723-thread-1] INFO  server.RaftServerConfigKeys (ConfUtils.java:logGet(43)) - raft.server.log.segment.size.max = 1048576 (custom)
2019-09-25 05:51:13,828 [pool-723-thread-1] INFO  server.RaftServerConfigKeys (ConfUtils.java:logGet(43)) - raft.server.log.segment.cache.num.max = 2 (custom)
2019-09-25 05:51:13,828 [pool-723-thread-1] INFO  segmented.SegmentedRaftLogWorker (SegmentedRaftLogWorker.java:<init>(172)) - new 1dcd8056-b4df-4a42-9946-d6b50473a02f@group-19CFF8555347-SegmentedRaftLogWorker for RaftStorage:Storage Directory /workdir/hadoop-ozone/integration-test/target/test-dir/MiniOzoneClusterImpl-6389a31f-e1b2-4948-a777-3ab81d592f44/datanode-5/data/ratis/0f2e015e-cc05-41c2-929f-19cff8555347
2019-09-25 05:51:13,828 [pool-723-thread-1] INFO  server.RaftServerConfigKeys (ConfUtils.java:logGet(43)) - raft.server.log.queue.byte-limit = 2147483647 (custom)
2019-09-25 05:51:13,828 [pool-723-thread-1] INFO  server.RaftServerConfigKeys (ConfUtils.java:logGet(43)) - raft.server.log.queue.element-limit = 1024 (custom)
2019-09-25 05:51:13,828 [pool-723-thread-1] INFO  server.RaftServerConfigKeys (ConfUtils.java:logGet(43)) - raft.server.log.segment.size.max = 1048576 (custom)
2019-09-25 05:51:13,828 [pool-723-thread-1] INFO  server.RaftServerConfigKeys (ConfUtils.java:logGet(43)) - raft.server.log.preallocated.size = 16384 (custom)
2019-09-25 05:51:13,829 [pool-723-thread-1] INFO  server.RaftServerConfigKeys (ConfUtils.java:logGet(43)) - raft.server.log.write.buffer.size = 33554432 (custom)
2019-09-25 05:51:13,829 [pool-723-thread-1] INFO  server.RaftServerConfigKeys (ConfUtils.java:logGet(43)) - raft.server.log.force.sync.num = 128 (default)
2019-09-25 05:51:13,829 [pool-723-thread-1] INFO  server.RaftServerConfigKeys (ConfUtils.java:logGet(43)) - raft.server.log.statemachine.data.sync = true (default)
2019-09-25 05:51:13,829 [pool-723-thread-1] INFO  server.RaftServerConfigKeys (ConfUtils.java:logGet(43)) - raft.server.log.statemachine.data.sync.timeout = 10s (default)
2019-09-25 05:51:13,829 [pool-723-thread-1] INFO  server.RaftServerConfigKeys (ConfUtils.java:logGet(43)) - raft.server.log.statemachine.data.sync.timeout.retry = -1 (default)
2019-09-25 05:51:13,829 [pool-723-thread-1] INFO  server.RaftServerConfigKeys (ConfUtils.java:logGet(43)) - raft.server.log.statemachine.data.caching.enabled = true (custom)
2019-09-25 05:51:13,830 [pool-723-thread-1] INFO  segmented.SegmentedRaftLogWorker (SegmentedRaftLogWorker.java:lambda$new$0(132)) - 1dcd8056-b4df-4a42-9946-d6b50473a02f@group-19CFF8555347-SegmentedRaftLogWorker: flushIndex: setUnconditionally 0 -> -1
2019-09-25 05:51:13,830 [pool-723-thread-1] INFO  server.RaftServerConfigKeys (ConfUtils.java:logGet(43)) - raft.server.snapshot.auto.trigger.enabled = true (custom)
2019-09-25 05:51:13,830 [pool-723-thread-1] INFO  server.RaftServerConfigKeys (ConfUtils.java:logGet(43)) - raft.server.snapshot.auto.trigger.threshold = 10000 (custom)
2019-09-25 05:51:13,830 [pool-723-thread-1] INFO  server.RaftServerConfigKeys (ConfUtils.java:logGet(43)) - raft.server.snapshot.retention.num.files = 5 (custom)
2019-09-25 05:51:13,830 [pool-723-thread-1] INFO  server.RaftServerConfigKeys (ConfUtils.java:logGet(43)) - raft.server.retrycache.expirytime = 600000ms (custom)
2019-09-25 05:51:13,832 [pool-723-thread-1] INFO  impl.RaftServerImpl (RaftServerImpl.java:start(185)) - 1dcd8056-b4df-4a42-9946-d6b50473a02f@group-19CFF8555347: start as a follower, conf=-1: [1dcd8056-b4df-4a42-9946-d6b50473a02f:192.168.30.10:37741], old=null
2019-09-25 05:51:13,832 [pool-723-thread-1] INFO  impl.RaftServerImpl (RaftServerImpl.java:setRole(174)) - 1dcd8056-b4df-4a42-9946-d6b50473a02f@group-19CFF8555347: changes role from      null to FOLLOWER at term 0 for startAsFollower
2019-09-25 05:51:13,832 [pool-723-thread-1] INFO  impl.RoleInfo (RoleInfo.java:updateAndGet(143)) - 1dcd8056-b4df-4a42-9946-d6b50473a02f: start FollowerState
2019-09-25 05:51:13,833 [pool-723-thread-1] INFO  util.JmxRegister (JmxRegister.java:tryRegister(44)) - Successfully registered JMX Bean with object name Ratis:service=RaftServer,group=group-19CFF8555347,id=1dcd8056-b4df-4a42-9946-d6b50473a02f
2019-09-25 05:51:13,835 [RatisPipelineUtilsThread] INFO  pipeline.PipelineStateManager (PipelineStateManager.java:addPipeline(56)) - Created pipeline Pipeline[ Id: 0f2e015e-cc05-41c2-929f-19cff8555347, Nodes: 1dcd8056-b4df-4a42-9946-d6b50473a02f{ip: 192.168.30.10, host: pr-hdds-1569-s62bp-3040748787, networkLocation: /default-rack, certSerialId: null}, Type:RATIS, Factor:ONE, State:OPEN]
2019-09-25 05:51:13,835 [RatisPipelineUtilsThread] INFO  pipeline.PipelinePlacementPolicy (PipelinePlacementPolicy.java:meetCriteria(91)) - Pipeline Placement: Doesn't meet the criteria to be viable node： 1705b612-ae52-4202-ba1e-b52c03c1d4d6 Heaviness: 6 limit: 5
2019-09-25 05:51:13,835 [RatisPipelineUtilsThread] INFO  pipeline.PipelinePlacementPolicy (PipelinePlacementPolicy.java:meetCriteria(91)) - Pipeline Placement: Doesn't meet the criteria to be viable node： aa12bdd9-b98d-4e1b-b7bd-0fb99805d214 Heaviness: 6 limit: 5
2019-09-25 05:51:13,835 [RatisPipelineUtilsThread] INFO  pipeline.PipelinePlacementPolicy (PipelinePlacementPolicy.java:meetCriteria(91)) - Pipeline Placement: Doesn't meet the criteria to be viable node： ba62479e-9d0c-4e30-a2fc-a7b15472dec7 Heaviness: 6 limit: 5
2019-09-25 05:51:13,835 [RatisPipelineUtilsThread] INFO  pipeline.PipelinePlacementPolicy (PipelinePlacementPolicy.java:meetCriteria(91)) - Pipeline Placement: Doesn't meet the criteria to be viable node： f6b408ab-d2bf-4cc7-9b61-adae7633a687 Heaviness: 6 limit: 5
2019-09-25 05:51:13,835 [RatisPipelineUtilsThread] INFO  pipeline.PipelinePlacementPolicy (PipelinePlacementPolicy.java:meetCriteria(91)) - Pipeline Placement: Doesn't meet the criteria to be viable node： 7329b839-2890-4139-beee-2b486d1f212d Heaviness: 6 limit: 5
2019-09-25 05:51:13,838 [grpc-default-executor-3] INFO  impl.RaftServerProxy (RaftServerProxy.java:addNew(89)) - 1dcd8056-b4df-4a42-9946-d6b50473a02f: addNew group-FB11C24DFC4D:[1dcd8056-b4df-4a42-9946-d6b50473a02f:192.168.30.10:37741] returns group-FB11C24DFC4D:java.util.concurrent.CompletableFuture@31a447b7[Not completed]
2019-09-25 05:51:13,839 [pool-723-thread-1] INFO  impl.RaftServerImpl (RaftServerImpl.java:<init>(95)) - 1dcd8056-b4df-4a42-9946-d6b50473a02f: new RaftServerImpl for group-FB11C24DFC4D:[1dcd8056-b4df-4a42-9946-d6b50473a02f:192.168.30.10:37741] with ContainerStateMachine:uninitialized
2019-09-25 05:51:13,839 [pool-723-thread-1] INFO  server.RaftServerConfigKeys (ConfUtils.java:logGet(43)) - raft.server.rpc.timeout.min = 5s (custom)
2019-09-25 05:51:13,839 [pool-723-thread-1] INFO  server.RaftServerConfigKeys (ConfUtils.java:logGet(43)) - raft.server.rpc.timeout.max = 5200ms (custom)
2019-09-25 05:51:13,839 [pool-723-thread-1] INFO  server.RaftServerConfigKeys (ConfUtils.java:logGet(43)) - raft.server.rpcslowness.timeout = 120s (custom)
2019-09-25 05:51:13,839 [pool-723-thread-1] INFO  server.RaftServerConfigKeys (ConfUtils.java:logGet(43)) - raft.server.sleep.deviation.threshold = 300 (default)
2019-09-25 05:51:13,840 [pool-723-thread-1] INFO  server.RaftServerConfigKeys (ConfUtils.java:logGet(43)) - raft.server.log.appender.install.snapshot.enabled = false (custom)
2019-09-25 05:51:13,840 [pool-723-thread-1] INFO  impl.RaftServerImpl (ServerState.java:<init>(103)) - 1dcd8056-b4df-4a42-9946-d6b50473a02f@group-FB11C24DFC4D: ConfigurationManager, init=-1: [1dcd8056-b4df-4a42-9946-d6b50473a02f:192.168.30.10:37741], old=null, confs=<EMPTY_MAP>
2019-09-25 05:51:13,840 [pool-723-thread-1] INFO  server.RaftServerConfigKeys (ConfUtils.java:logGet(43)) - raft.server.storage.dir = [/workdir/hadoop-ozone/integration-test/target/test-dir/MiniOzoneClusterImpl-6389a31f-e1b2-4948-a777-3ab81d592f44/datanode-5/data/ratis] (custom)
2019-09-25 05:51:13,840 [pool-723-thread-1] INFO  storage.RaftStorageDirectory (RaftStorageDirectory.java:analyzeStorage(246)) - The storage directory /workdir/hadoop-ozone/integration-test/target/test-dir/MiniOzoneClusterImpl-6389a31f-e1b2-4948-a777-3ab81d592f44/datanode-5/data/ratis/22efd8d3-acdf-4bf6-a5ce-fb11c24dfc4d does not exist. Creating ...
2019-09-25 05:51:13,854 [pool-723-thread-1] INFO  storage.RaftStorageDirectory (RaftStorageDirectory.java:tryLock(328)) - Lock on /workdir/hadoop-ozone/integration-test/target/test-dir/MiniOzoneClusterImpl-6389a31f-e1b2-4948-a777-3ab81d592f44/datanode-5/data/ratis/22efd8d3-acdf-4bf6-a5ce-fb11c24dfc4d/in_use.lock acquired by nodename 13539@pr-hdds-1569-s62bp-3040748787
2019-09-25 05:51:13,866 [pool-723-thread-1] INFO  storage.RaftStorage (RaftStorage.java:format(72)) - Storage directory /workdir/hadoop-ozone/integration-test/target/test-dir/MiniOzoneClusterImpl-6389a31f-e1b2-4948-a777-3ab81d592f44/datanode-5/data/ratis/22efd8d3-acdf-4bf6-a5ce-fb11c24dfc4d has been successfully formatted.
2019-09-25 05:51:13,866 [pool-723-thread-1] INFO  ratis.ContainerStateMachine (ContainerStateMachine.java:loadSnapshot(230)) - group-FB11C24DFC4D: The snapshot info is null. Setting the last applied indexto:(t:0, i:~)
2019-09-25 05:51:13,866 [pool-723-thread-1] INFO  server.RaftServerConfigKeys (ConfUtils.java:logGet(43)) - raft.server.notification.no-leader.timeout = 120s (custom)
2019-09-25 05:51:13,866 [pool-723-thread-1] INFO  server.RaftServerConfigKeys (ConfUtils.java:logGet(43)) - raft.server.log.use.memory = false (default)
2019-09-25 05:51:13,867 [pool-723-thread-1] INFO  server.RaftServerConfigKeys (ConfUtils.java:logGet(43)) - raft.server.log.purge.gap = 1000000 (custom)
2019-09-25 05:51:13,867 [pool-723-thread-1] INFO  server.RaftServerConfigKeys (ConfUtils.java:logGet(43)) - raft.server.log.appender.buffer.byte-limit = 33554432 (custom)
2019-09-25 05:51:13,867 [pool-723-thread-1] INFO  server.RaftServerConfigKeys (ConfUtils.java:logGet(43)) - raft.server.log.segment.size.max = 1048576 (custom)
2019-09-25 05:51:13,867 [pool-723-thread-1] INFO  server.RaftServerConfigKeys (ConfUtils.java:logGet(43)) - raft.server.log.segment.cache.num.max = 2 (custom)
2019-09-25 05:51:13,867 [pool-723-thread-1] INFO  segmented.SegmentedRaftLogWorker (SegmentedRaftLogWorker.java:<init>(172)) - new 1dcd8056-b4df-4a42-9946-d6b50473a02f@group-FB11C24DFC4D-SegmentedRaftLogWorker for RaftStorage:Storage Directory /workdir/hadoop-ozone/integration-test/target/test-dir/MiniOzoneClusterImpl-6389a31f-e1b2-4948-a777-3ab81d592f44/datanode-5/data/ratis/22efd8d3-acdf-4bf6-a5ce-fb11c24dfc4d
2019-09-25 05:51:13,867 [pool-723-thread-1] INFO  server.RaftServerConfigKeys (ConfUtils.java:logGet(43)) - raft.server.log.queue.byte-limit = 2147483647 (custom)
2019-09-25 05:51:13,867 [pool-723-thread-1] INFO  server.RaftServerConfigKeys (ConfUtils.java:logGet(43)) - raft.server.log.queue.element-limit = 1024 (custom)
2019-09-25 05:51:13,868 [pool-723-thread-1] INFO  server.RaftServerConfigKeys (ConfUtils.java:logGet(43)) - raft.server.log.segment.size.max = 1048576 (custom)
2019-09-25 05:51:13,868 [pool-723-thread-1] INFO  server.RaftServerConfigKeys (ConfUtils.java:logGet(43)) - raft.server.log.preallocated.size = 16384 (custom)
2019-09-25 05:51:13,868 [pool-723-thread-1] INFO  server.RaftServerConfigKeys (ConfUtils.java:logGet(43)) - raft.server.log.write.buffer.size = 33554432 (custom)
2019-09-25 05:51:13,868 [pool-723-thread-1] INFO  server.RaftServerConfigKeys (ConfUtils.java:logGet(43)) - raft.server.log.force.sync.num = 128 (default)
2019-09-25 05:51:13,868 [pool-723-thread-1] INFO  server.RaftServerConfigKeys (ConfUtils.java:logGet(43)) - raft.server.log.statemachine.data.sync = true (default)
2019-09-25 05:51:13,868 [pool-723-thread-1] INFO  server.RaftServerConfigKeys (ConfUtils.java:logGet(43)) - raft.server.log.statemachine.data.sync.timeout = 10s (default)
2019-09-25 05:51:13,868 [pool-723-thread-1] INFO  server.RaftServerConfigKeys (ConfUtils.java:logGet(43)) - raft.server.log.statemachine.data.sync.timeout.retry = -1 (default)
2019-09-25 05:51:13,869 [pool-723-thread-1] INFO  server.RaftServerConfigKeys (ConfUtils.java:logGet(43)) - raft.server.log.statemachine.data.caching.enabled = true (custom)
2019-09-25 05:51:13,869 [pool-723-thread-1] INFO  segmented.SegmentedRaftLogWorker (SegmentedRaftLogWorker.java:lambda$new$0(132)) - 1dcd8056-b4df-4a42-9946-d6b50473a02f@group-FB11C24DFC4D-SegmentedRaftLogWorker: flushIndex: setUnconditionally 0 -> -1
2019-09-25 05:51:13,869 [pool-723-thread-1] INFO  server.RaftServerConfigKeys (ConfUtils.java:logGet(43)) - raft.server.snapshot.auto.trigger.enabled = true (custom)
2019-09-25 05:51:13,869 [pool-723-thread-1] INFO  server.RaftServerConfigKeys (ConfUtils.java:logGet(43)) - raft.server.snapshot.auto.trigger.threshold = 10000 (custom)
2019-09-25 05:51:13,869 [pool-723-thread-1] INFO  server.RaftServerConfigKeys (ConfUtils.java:logGet(43)) - raft.server.snapshot.retention.num.files = 5 (custom)
2019-09-25 05:51:13,870 [pool-723-thread-1] INFO  server.RaftServerConfigKeys (ConfUtils.java:logGet(43)) - raft.server.retrycache.expirytime = 600000ms (custom)
2019-09-25 05:51:13,871 [pool-723-thread-1] INFO  impl.RaftServerImpl (RaftServerImpl.java:start(185)) - 1dcd8056-b4df-4a42-9946-d6b50473a02f@group-FB11C24DFC4D: start as a follower, conf=-1: [1dcd8056-b4df-4a42-9946-d6b50473a02f:192.168.30.10:37741], old=null
2019-09-25 05:51:13,872 [pool-723-thread-1] INFO  impl.RaftServerImpl (RaftServerImpl.java:setRole(174)) - 1dcd8056-b4df-4a42-9946-d6b50473a02f@group-FB11C24DFC4D: changes role from      null to FOLLOWER at term 0 for startAsFollower
2019-09-25 05:51:13,872 [pool-723-thread-1] INFO  impl.RoleInfo (RoleInfo.java:updateAndGet(143)) - 1dcd8056-b4df-4a42-9946-d6b50473a02f: start FollowerState
2019-09-25 05:51:13,872 [pool-723-thread-1] INFO  util.JmxRegister (JmxRegister.java:tryRegister(44)) - Successfully registered JMX Bean with object name Ratis:service=RaftServer,group=group-FB11C24DFC4D,id=1dcd8056-b4df-4a42-9946-d6b50473a02f
2019-09-25 05:51:13,874 [RatisPipelineUtilsThread] INFO  pipeline.PipelineStateManager (PipelineStateManager.java:addPipeline(56)) - Created pipeline Pipeline[ Id: 22efd8d3-acdf-4bf6-a5ce-fb11c24dfc4d, Nodes: 1dcd8056-b4df-4a42-9946-d6b50473a02f{ip: 192.168.30.10, host: pr-hdds-1569-s62bp-3040748787, networkLocation: /default-rack, certSerialId: null}, Type:RATIS, Factor:ONE, State:OPEN]
2019-09-25 05:51:13,874 [RatisPipelineUtilsThread] INFO  pipeline.PipelinePlacementPolicy (PipelinePlacementPolicy.java:meetCriteria(91)) - Pipeline Placement: Doesn't meet the criteria to be viable node： 1705b612-ae52-4202-ba1e-b52c03c1d4d6 Heaviness: 6 limit: 5
2019-09-25 05:51:13,874 [RatisPipelineUtilsThread] INFO  pipeline.PipelinePlacementPolicy (PipelinePlacementPolicy.java:meetCriteria(91)) - Pipeline Placement: Doesn't meet the criteria to be viable node： aa12bdd9-b98d-4e1b-b7bd-0fb99805d214 Heaviness: 6 limit: 5
2019-09-25 05:51:13,874 [RatisPipelineUtilsThread] INFO  pipeline.PipelinePlacementPolicy (PipelinePlacementPolicy.java:meetCriteria(91)) - Pipeline Placement: Doesn't meet the criteria to be viable node： ba62479e-9d0c-4e30-a2fc-a7b15472dec7 Heaviness: 6 limit: 5
2019-09-25 05:51:13,875 [RatisPipelineUtilsThread] INFO  pipeline.PipelinePlacementPolicy (PipelinePlacementPolicy.java:meetCriteria(91)) - Pipeline Placement: Doesn't meet the criteria to be viable node： 1dcd8056-b4df-4a42-9946-d6b50473a02f Heaviness: 6 limit: 5
2019-09-25 05:51:13,875 [RatisPipelineUtilsThread] INFO  pipeline.PipelinePlacementPolicy (PipelinePlacementPolicy.java:meetCriteria(91)) - Pipeline Placement: Doesn't meet the criteria to be viable node： f6b408ab-d2bf-4cc7-9b61-adae7633a687 Heaviness: 6 limit: 5
2019-09-25 05:51:13,875 [RatisPipelineUtilsThread] INFO  pipeline.PipelinePlacementPolicy (PipelinePlacementPolicy.java:meetCriteria(91)) - Pipeline Placement: Doesn't meet the criteria to be viable node： 7329b839-2890-4139-beee-2b486d1f212d Heaviness: 6 limit: 5
2019-09-25 05:51:13,885 [grpc-default-executor-3] INFO  impl.RaftServerProxy (RaftServerProxy.java:addNew(89)) - d6964a7c-cb4f-4cee-bc55-175c0a9b9094: addNew group-5E4F071AAD10:[d6964a7c-cb4f-4cee-bc55-175c0a9b9094:192.168.30.10:39185] returns group-5E4F071AAD10:java.util.concurrent.CompletableFuture@5bfaaaed[Not completed]
2019-09-25 05:51:13,886 [pool-733-thread-1] INFO  impl.RaftServerImpl (RaftServerImpl.java:<init>(95)) - d6964a7c-cb4f-4cee-bc55-175c0a9b9094: new RaftServerImpl for group-5E4F071AAD10:[d6964a7c-cb4f-4cee-bc55-175c0a9b9094:192.168.30.10:39185] with ContainerStateMachine:uninitialized
2019-09-25 05:51:13,886 [pool-733-thread-1] INFO  server.RaftServerConfigKeys (ConfUtils.java:logGet(43)) - raft.server.rpc.timeout.min = 5s (custom)
2019-09-25 05:51:13,887 [pool-733-thread-1] INFO  server.RaftServerConfigKeys (ConfUtils.java:logGet(43)) - raft.server.rpc.timeout.max = 5200ms (custom)
2019-09-25 05:51:13,887 [pool-733-thread-1] INFO  server.RaftServerConfigKeys (ConfUtils.java:logGet(43)) - raft.server.rpcslowness.timeout = 120s (custom)
2019-09-25 05:51:13,887 [pool-733-thread-1] INFO  server.RaftServerConfigKeys (ConfUtils.java:logGet(43)) - raft.server.sleep.deviation.threshold = 300 (default)
2019-09-25 05:51:13,887 [pool-733-thread-1] INFO  server.RaftServerConfigKeys (ConfUtils.java:logGet(43)) - raft.server.log.appender.install.snapshot.enabled = false (custom)
2019-09-25 05:51:13,887 [pool-733-thread-1] INFO  impl.RaftServerImpl (ServerState.java:<init>(103)) - d6964a7c-cb4f-4cee-bc55-175c0a9b9094@group-5E4F071AAD10: ConfigurationManager, init=-1: [d6964a7c-cb4f-4cee-bc55-175c0a9b9094:192.168.30.10:39185], old=null, confs=<EMPTY_MAP>
2019-09-25 05:51:13,887 [pool-733-thread-1] INFO  server.RaftServerConfigKeys (ConfUtils.java:logGet(43)) - raft.server.storage.dir = [/workdir/hadoop-ozone/integration-test/target/test-dir/MiniOzoneClusterImpl-6389a31f-e1b2-4948-a777-3ab81d592f44/datanode-6/data/ratis] (custom)
2019-09-25 05:51:13,888 [pool-733-thread-1] INFO  storage.RaftStorageDirectory (RaftStorageDirectory.java:analyzeStorage(246)) - The storage directory /workdir/hadoop-ozone/integration-test/target/test-dir/MiniOzoneClusterImpl-6389a31f-e1b2-4948-a777-3ab81d592f44/datanode-6/data/ratis/78b8291c-abcf-4bc5-8a5f-5e4f071aad10 does not exist. Creating ...
2019-09-25 05:51:13,900 [pool-733-thread-1] INFO  storage.RaftStorageDirectory (RaftStorageDirectory.java:tryLock(328)) - Lock on /workdir/hadoop-ozone/integration-test/target/test-dir/MiniOzoneClusterImpl-6389a31f-e1b2-4948-a777-3ab81d592f44/datanode-6/data/ratis/78b8291c-abcf-4bc5-8a5f-5e4f071aad10/in_use.lock acquired by nodename 13539@pr-hdds-1569-s62bp-3040748787
2019-09-25 05:51:13,913 [pool-733-thread-1] INFO  storage.RaftStorage (RaftStorage.java:format(72)) - Storage directory /workdir/hadoop-ozone/integration-test/target/test-dir/MiniOzoneClusterImpl-6389a31f-e1b2-4948-a777-3ab81d592f44/datanode-6/data/ratis/78b8291c-abcf-4bc5-8a5f-5e4f071aad10 has been successfully formatted.
2019-09-25 05:51:13,913 [pool-733-thread-1] INFO  ratis.ContainerStateMachine (ContainerStateMachine.java:loadSnapshot(230)) - group-5E4F071AAD10: The snapshot info is null. Setting the last applied indexto:(t:0, i:~)
2019-09-25 05:51:13,913 [pool-733-thread-1] INFO  server.RaftServerConfigKeys (ConfUtils.java:logGet(43)) - raft.server.notification.no-leader.timeout = 120s (custom)
2019-09-25 05:51:13,913 [pool-733-thread-1] INFO  server.RaftServerConfigKeys (ConfUtils.java:logGet(43)) - raft.server.log.use.memory = false (default)
2019-09-25 05:51:13,913 [pool-733-thread-1] INFO  server.RaftServerConfigKeys (ConfUtils.java:logGet(43)) - raft.server.log.purge.gap = 1000000 (custom)
2019-09-25 05:51:13,913 [pool-733-thread-1] INFO  server.RaftServerConfigKeys (ConfUtils.java:logGet(43)) - raft.server.log.appender.buffer.byte-limit = 33554432 (custom)
2019-09-25 05:51:13,914 [pool-733-thread-1] INFO  server.RaftServerConfigKeys (ConfUtils.java:logGet(43)) - raft.server.log.segment.size.max = 1048576 (custom)
2019-09-25 05:51:13,914 [pool-733-thread-1] INFO  server.RaftServerConfigKeys (ConfUtils.java:logGet(43)) - raft.server.log.segment.cache.num.max = 2 (custom)
2019-09-25 05:51:13,914 [pool-733-thread-1] INFO  segmented.SegmentedRaftLogWorker (SegmentedRaftLogWorker.java:<init>(172)) - new d6964a7c-cb4f-4cee-bc55-175c0a9b9094@group-5E4F071AAD10-SegmentedRaftLogWorker for RaftStorage:Storage Directory /workdir/hadoop-ozone/integration-test/target/test-dir/MiniOzoneClusterImpl-6389a31f-e1b2-4948-a777-3ab81d592f44/datanode-6/data/ratis/78b8291c-abcf-4bc5-8a5f-5e4f071aad10
2019-09-25 05:51:13,915 [pool-733-thread-1] INFO  server.RaftServerConfigKeys (ConfUtils.java:logGet(43)) - raft.server.log.queue.byte-limit = 2147483647 (custom)
2019-09-25 05:51:13,915 [pool-733-thread-1] INFO  server.RaftServerConfigKeys (ConfUtils.java:logGet(43)) - raft.server.log.queue.element-limit = 1024 (custom)
2019-09-25 05:51:13,916 [pool-733-thread-1] INFO  server.RaftServerConfigKeys (ConfUtils.java:logGet(43)) - raft.server.log.segment.size.max = 1048576 (custom)
2019-09-25 05:51:13,916 [pool-733-thread-1] INFO  server.RaftServerConfigKeys (ConfUtils.java:logGet(43)) - raft.server.log.preallocated.size = 16384 (custom)
2019-09-25 05:51:13,916 [pool-733-thread-1] INFO  server.RaftServerConfigKeys (ConfUtils.java:logGet(43)) - raft.server.log.write.buffer.size = 33554432 (custom)
2019-09-25 05:51:13,916 [pool-733-thread-1] INFO  server.RaftServerConfigKeys (ConfUtils.java:logGet(43)) - raft.server.log.force.sync.num = 128 (default)
2019-09-25 05:51:13,916 [pool-733-thread-1] INFO  server.RaftServerConfigKeys (ConfUtils.java:logGet(43)) - raft.server.log.statemachine.data.sync = true (default)
2019-09-25 05:51:13,916 [pool-733-thread-1] INFO  server.RaftServerConfigKeys (ConfUtils.java:logGet(43)) - raft.server.log.statemachine.data.sync.timeout = 10s (default)
2019-09-25 05:51:13,916 [pool-733-thread-1] INFO  server.RaftServerConfigKeys (ConfUtils.java:logGet(43)) - raft.server.log.statemachine.data.sync.timeout.retry = -1 (default)
2019-09-25 05:51:13,917 [pool-733-thread-1] INFO  server.RaftServerConfigKeys (ConfUtils.java:logGet(43)) - raft.server.log.statemachine.data.caching.enabled = true (custom)
2019-09-25 05:51:13,917 [pool-733-thread-1] INFO  segmented.SegmentedRaftLogWorker (SegmentedRaftLogWorker.java:lambda$new$0(132)) - d6964a7c-cb4f-4cee-bc55-175c0a9b9094@group-5E4F071AAD10-SegmentedRaftLogWorker: flushIndex: setUnconditionally 0 -> -1
2019-09-25 05:51:13,917 [pool-733-thread-1] INFO  server.RaftServerConfigKeys (ConfUtils.java:logGet(43)) - raft.server.snapshot.auto.trigger.enabled = true (custom)
2019-09-25 05:51:13,917 [pool-733-thread-1] INFO  server.RaftServerConfigKeys (ConfUtils.java:logGet(43)) - raft.server.snapshot.auto.trigger.threshold = 10000 (custom)
2019-09-25 05:51:13,917 [pool-733-thread-1] INFO  server.RaftServerConfigKeys (ConfUtils.java:logGet(43)) - raft.server.snapshot.retention.num.files = 5 (custom)
2019-09-25 05:51:13,917 [pool-733-thread-1] INFO  server.RaftServerConfigKeys (ConfUtils.java:logGet(43)) - raft.server.retrycache.expirytime = 600000ms (custom)
2019-09-25 05:51:13,919 [pool-733-thread-1] INFO  impl.RaftServerImpl (RaftServerImpl.java:start(185)) - d6964a7c-cb4f-4cee-bc55-175c0a9b9094@group-5E4F071AAD10: start as a follower, conf=-1: [d6964a7c-cb4f-4cee-bc55-175c0a9b9094:192.168.30.10:39185], old=null
2019-09-25 05:51:13,919 [pool-733-thread-1] INFO  impl.RaftServerImpl (RaftServerImpl.java:setRole(174)) - d6964a7c-cb4f-4cee-bc55-175c0a9b9094@group-5E4F071AAD10: changes role from      null to FOLLOWER at term 0 for startAsFollower
2019-09-25 05:51:13,919 [pool-733-thread-1] INFO  impl.RoleInfo (RoleInfo.java:updateAndGet(143)) - d6964a7c-cb4f-4cee-bc55-175c0a9b9094: start FollowerState
2019-09-25 05:51:13,919 [pool-733-thread-1] INFO  util.JmxRegister (JmxRegister.java:tryRegister(44)) - Successfully registered JMX Bean with object name Ratis:service=RaftServer,group=group-5E4F071AAD10,id=d6964a7c-cb4f-4cee-bc55-175c0a9b9094
2019-09-25 05:51:13,921 [RatisPipelineUtilsThread] INFO  pipeline.PipelineStateManager (PipelineStateManager.java:addPipeline(56)) - Created pipeline Pipeline[ Id: 78b8291c-abcf-4bc5-8a5f-5e4f071aad10, Nodes: d6964a7c-cb4f-4cee-bc55-175c0a9b9094{ip: 192.168.30.10, host: pr-hdds-1569-s62bp-3040748787, networkLocation: /default-rack, certSerialId: null}, Type:RATIS, Factor:ONE, State:OPEN]
2019-09-25 05:51:13,921 [RatisPipelineUtilsThread] INFO  pipeline.PipelinePlacementPolicy (PipelinePlacementPolicy.java:meetCriteria(91)) - Pipeline Placement: Doesn't meet the criteria to be viable node： 1705b612-ae52-4202-ba1e-b52c03c1d4d6 Heaviness: 6 limit: 5
2019-09-25 05:51:13,921 [RatisPipelineUtilsThread] INFO  pipeline.PipelinePlacementPolicy (PipelinePlacementPolicy.java:meetCriteria(91)) - Pipeline Placement: Doesn't meet the criteria to be viable node： aa12bdd9-b98d-4e1b-b7bd-0fb99805d214 Heaviness: 6 limit: 5
2019-09-25 05:51:13,921 [RatisPipelineUtilsThread] INFO  pipeline.PipelinePlacementPolicy (PipelinePlacementPolicy.java:meetCriteria(91)) - Pipeline Placement: Doesn't meet the criteria to be viable node： ba62479e-9d0c-4e30-a2fc-a7b15472dec7 Heaviness: 6 limit: 5
2019-09-25 05:51:13,922 [RatisPipelineUtilsThread] INFO  pipeline.PipelinePlacementPolicy (PipelinePlacementPolicy.java:meetCriteria(91)) - Pipeline Placement: Doesn't meet the criteria to be viable node： 1dcd8056-b4df-4a42-9946-d6b50473a02f Heaviness: 6 limit: 5
2019-09-25 05:51:13,922 [RatisPipelineUtilsThread] INFO  pipeline.PipelinePlacementPolicy (PipelinePlacementPolicy.java:meetCriteria(91)) - Pipeline Placement: Doesn't meet the criteria to be viable node： f6b408ab-d2bf-4cc7-9b61-adae7633a687 Heaviness: 6 limit: 5
2019-09-25 05:51:13,922 [RatisPipelineUtilsThread] INFO  pipeline.PipelinePlacementPolicy (PipelinePlacementPolicy.java:meetCriteria(91)) - Pipeline Placement: Doesn't meet the criteria to be viable node： 7329b839-2890-4139-beee-2b486d1f212d Heaviness: 6 limit: 5
2019-09-25 05:51:13,924 [grpc-default-executor-3] INFO  impl.RaftServerProxy (RaftServerProxy.java:addNew(89)) - d6964a7c-cb4f-4cee-bc55-175c0a9b9094: addNew group-25EA68420680:[d6964a7c-cb4f-4cee-bc55-175c0a9b9094:192.168.30.10:39185] returns group-25EA68420680:java.util.concurrent.CompletableFuture@3942b52e[Not completed]
2019-09-25 05:51:13,925 [pool-733-thread-1] INFO  impl.RaftServerImpl (RaftServerImpl.java:<init>(95)) - d6964a7c-cb4f-4cee-bc55-175c0a9b9094: new RaftServerImpl for group-25EA68420680:[d6964a7c-cb4f-4cee-bc55-175c0a9b9094:192.168.30.10:39185] with ContainerStateMachine:uninitialized
2019-09-25 05:51:13,925 [pool-733-thread-1] INFO  server.RaftServerConfigKeys (ConfUtils.java:logGet(43)) - raft.server.rpc.timeout.min = 5s (custom)
2019-09-25 05:51:13,925 [pool-733-thread-1] INFO  server.RaftServerConfigKeys (ConfUtils.java:logGet(43)) - raft.server.rpc.timeout.max = 5200ms (custom)
2019-09-25 05:51:13,925 [pool-733-thread-1] INFO  server.RaftServerConfigKeys (ConfUtils.java:logGet(43)) - raft.server.rpcslowness.timeout = 120s (custom)
2019-09-25 05:51:13,925 [pool-733-thread-1] INFO  server.RaftServerConfigKeys (ConfUtils.java:logGet(43)) - raft.server.sleep.deviation.threshold = 300 (default)
2019-09-25 05:51:13,925 [pool-733-thread-1] INFO  server.RaftServerConfigKeys (ConfUtils.java:logGet(43)) - raft.server.log.appender.install.snapshot.enabled = false (custom)
2019-09-25 05:51:13,925 [pool-733-thread-1] INFO  impl.RaftServerImpl (ServerState.java:<init>(103)) - d6964a7c-cb4f-4cee-bc55-175c0a9b9094@group-25EA68420680: ConfigurationManager, init=-1: [d6964a7c-cb4f-4cee-bc55-175c0a9b9094:192.168.30.10:39185], old=null, confs=<EMPTY_MAP>
2019-09-25 05:51:13,926 [pool-733-thread-1] INFO  server.RaftServerConfigKeys (ConfUtils.java:logGet(43)) - raft.server.storage.dir = [/workdir/hadoop-ozone/integration-test/target/test-dir/MiniOzoneClusterImpl-6389a31f-e1b2-4948-a777-3ab81d592f44/datanode-6/data/ratis] (custom)
2019-09-25 05:51:13,926 [pool-733-thread-1] INFO  storage.RaftStorageDirectory (RaftStorageDirectory.java:analyzeStorage(246)) - The storage directory /workdir/hadoop-ozone/integration-test/target/test-dir/MiniOzoneClusterImpl-6389a31f-e1b2-4948-a777-3ab81d592f44/datanode-6/data/ratis/638b4b15-2982-436e-b85e-25ea68420680 does not exist. Creating ...
2019-09-25 05:51:13,939 [pool-733-thread-1] INFO  storage.RaftStorageDirectory (RaftStorageDirectory.java:tryLock(328)) - Lock on /workdir/hadoop-ozone/integration-test/target/test-dir/MiniOzoneClusterImpl-6389a31f-e1b2-4948-a777-3ab81d592f44/datanode-6/data/ratis/638b4b15-2982-436e-b85e-25ea68420680/in_use.lock acquired by nodename 13539@pr-hdds-1569-s62bp-3040748787
2019-09-25 05:51:13,952 [pool-733-thread-1] INFO  storage.RaftStorage (RaftStorage.java:format(72)) - Storage directory /workdir/hadoop-ozone/integration-test/target/test-dir/MiniOzoneClusterImpl-6389a31f-e1b2-4948-a777-3ab81d592f44/datanode-6/data/ratis/638b4b15-2982-436e-b85e-25ea68420680 has been successfully formatted.
2019-09-25 05:51:13,952 [pool-733-thread-1] INFO  ratis.ContainerStateMachine (ContainerStateMachine.java:loadSnapshot(230)) - group-25EA68420680: The snapshot info is null. Setting the last applied indexto:(t:0, i:~)
2019-09-25 05:51:13,952 [pool-733-thread-1] INFO  server.RaftServerConfigKeys (ConfUtils.java:logGet(43)) - raft.server.notification.no-leader.timeout = 120s (custom)
2019-09-25 05:51:13,952 [pool-733-thread-1] INFO  server.RaftServerConfigKeys (ConfUtils.java:logGet(43)) - raft.server.log.use.memory = false (default)
2019-09-25 05:51:13,953 [pool-733-thread-1] INFO  server.RaftServerConfigKeys (ConfUtils.java:logGet(43)) - raft.server.log.purge.gap = 1000000 (custom)
2019-09-25 05:51:13,953 [pool-733-thread-1] INFO  server.RaftServerConfigKeys (ConfUtils.java:logGet(43)) - raft.server.log.appender.buffer.byte-limit = 33554432 (custom)
2019-09-25 05:51:13,953 [pool-733-thread-1] INFO  server.RaftServerConfigKeys (ConfUtils.java:logGet(43)) - raft.server.log.segment.size.max = 1048576 (custom)
2019-09-25 05:51:13,953 [pool-733-thread-1] INFO  server.RaftServerConfigKeys (ConfUtils.java:logGet(43)) - raft.server.log.segment.cache.num.max = 2 (custom)
2019-09-25 05:51:13,953 [pool-733-thread-1] INFO  segmented.SegmentedRaftLogWorker (SegmentedRaftLogWorker.java:<init>(172)) - new d6964a7c-cb4f-4cee-bc55-175c0a9b9094@group-25EA68420680-SegmentedRaftLogWorker for RaftStorage:Storage Directory /workdir/hadoop-ozone/integration-test/target/test-dir/MiniOzoneClusterImpl-6389a31f-e1b2-4948-a777-3ab81d592f44/datanode-6/data/ratis/638b4b15-2982-436e-b85e-25ea68420680
2019-09-25 05:51:13,953 [pool-733-thread-1] INFO  server.RaftServerConfigKeys (ConfUtils.java:logGet(43)) - raft.server.log.queue.byte-limit = 2147483647 (custom)
2019-09-25 05:51:13,953 [pool-733-thread-1] INFO  server.RaftServerConfigKeys (ConfUtils.java:logGet(43)) - raft.server.log.queue.element-limit = 1024 (custom)
2019-09-25 05:51:13,953 [pool-733-thread-1] INFO  server.RaftServerConfigKeys (ConfUtils.java:logGet(43)) - raft.server.log.segment.size.max = 1048576 (custom)
2019-09-25 05:51:13,953 [pool-733-thread-1] INFO  server.RaftServerConfigKeys (ConfUtils.java:logGet(43)) - raft.server.log.preallocated.size = 16384 (custom)
2019-09-25 05:51:13,954 [pool-733-thread-1] INFO  server.RaftServerConfigKeys (ConfUtils.java:logGet(43)) - raft.server.log.write.buffer.size = 33554432 (custom)
2019-09-25 05:51:13,954 [pool-733-thread-1] INFO  server.RaftServerConfigKeys (ConfUtils.java:logGet(43)) - raft.server.log.force.sync.num = 128 (default)
2019-09-25 05:51:13,954 [pool-733-thread-1] INFO  server.RaftServerConfigKeys (ConfUtils.java:logGet(43)) - raft.server.log.statemachine.data.sync = true (default)
2019-09-25 05:51:13,954 [pool-733-thread-1] INFO  server.RaftServerConfigKeys (ConfUtils.java:logGet(43)) - raft.server.log.statemachine.data.sync.timeout = 10s (default)
2019-09-25 05:51:13,954 [pool-733-thread-1] INFO  server.RaftServerConfigKeys (ConfUtils.java:logGet(43)) - raft.server.log.statemachine.data.sync.timeout.retry = -1 (default)
2019-09-25 05:51:13,954 [pool-733-thread-1] INFO  server.RaftServerConfigKeys (ConfUtils.java:logGet(43)) - raft.server.log.statemachine.data.caching.enabled = true (custom)
2019-09-25 05:51:13,954 [pool-733-thread-1] INFO  segmented.SegmentedRaftLogWorker (SegmentedRaftLogWorker.java:lambda$new$0(132)) - d6964a7c-cb4f-4cee-bc55-175c0a9b9094@group-25EA68420680-SegmentedRaftLogWorker: flushIndex: setUnconditionally 0 -> -1
2019-09-25 05:51:13,955 [pool-733-thread-1] INFO  server.RaftServerConfigKeys (ConfUtils.java:logGet(43)) - raft.server.snapshot.auto.trigger.enabled = true (custom)
2019-09-25 05:51:13,955 [pool-733-thread-1] INFO  server.RaftServerConfigKeys (ConfUtils.java:logGet(43)) - raft.server.snapshot.auto.trigger.threshold = 10000 (custom)
2019-09-25 05:51:13,955 [pool-733-thread-1] INFO  server.RaftServerConfigKeys (ConfUtils.java:logGet(43)) - raft.server.snapshot.retention.num.files = 5 (custom)
2019-09-25 05:51:13,955 [pool-733-thread-1] INFO  server.RaftServerConfigKeys (ConfUtils.java:logGet(43)) - raft.server.retrycache.expirytime = 600000ms (custom)
2019-09-25 05:51:13,956 [pool-733-thread-1] INFO  impl.RaftServerImpl (RaftServerImpl.java:start(185)) - d6964a7c-cb4f-4cee-bc55-175c0a9b9094@group-25EA68420680: start as a follower, conf=-1: [d6964a7c-cb4f-4cee-bc55-175c0a9b9094:192.168.30.10:39185], old=null
2019-09-25 05:51:13,956 [pool-733-thread-1] INFO  impl.RaftServerImpl (RaftServerImpl.java:setRole(174)) - d6964a7c-cb4f-4cee-bc55-175c0a9b9094@group-25EA68420680: changes role from      null to FOLLOWER at term 0 for startAsFollower
2019-09-25 05:51:13,957 [pool-733-thread-1] INFO  impl.RoleInfo (RoleInfo.java:updateAndGet(143)) - d6964a7c-cb4f-4cee-bc55-175c0a9b9094: start FollowerState
2019-09-25 05:51:13,957 [pool-733-thread-1] INFO  util.JmxRegister (JmxRegister.java:tryRegister(44)) - Successfully registered JMX Bean with object name Ratis:service=RaftServer,group=group-25EA68420680,id=d6964a7c-cb4f-4cee-bc55-175c0a9b9094
2019-09-25 05:51:13,958 [RatisPipelineUtilsThread] INFO  pipeline.PipelineStateManager (PipelineStateManager.java:addPipeline(56)) - Created pipeline Pipeline[ Id: 638b4b15-2982-436e-b85e-25ea68420680, Nodes: d6964a7c-cb4f-4cee-bc55-175c0a9b9094{ip: 192.168.30.10, host: pr-hdds-1569-s62bp-3040748787, networkLocation: /default-rack, certSerialId: null}, Type:RATIS, Factor:ONE, State:OPEN]
2019-09-25 05:51:13,959 [RatisPipelineUtilsThread] INFO  pipeline.PipelinePlacementPolicy (PipelinePlacementPolicy.java:meetCriteria(91)) - Pipeline Placement: Doesn't meet the criteria to be viable node： 1705b612-ae52-4202-ba1e-b52c03c1d4d6 Heaviness: 6 limit: 5
2019-09-25 05:51:13,959 [RatisPipelineUtilsThread] INFO  pipeline.PipelinePlacementPolicy (PipelinePlacementPolicy.java:meetCriteria(91)) - Pipeline Placement: Doesn't meet the criteria to be viable node： aa12bdd9-b98d-4e1b-b7bd-0fb99805d214 Heaviness: 6 limit: 5
2019-09-25 05:51:13,959 [RatisPipelineUtilsThread] INFO  pipeline.PipelinePlacementPolicy (PipelinePlacementPolicy.java:meetCriteria(91)) - Pipeline Placement: Doesn't meet the criteria to be viable node： ba62479e-9d0c-4e30-a2fc-a7b15472dec7 Heaviness: 6 limit: 5
2019-09-25 05:51:13,959 [RatisPipelineUtilsThread] INFO  pipeline.PipelinePlacementPolicy (PipelinePlacementPolicy.java:meetCriteria(91)) - Pipeline Placement: Doesn't meet the criteria to be viable node： 1dcd8056-b4df-4a42-9946-d6b50473a02f Heaviness: 6 limit: 5
2019-09-25 05:51:13,959 [RatisPipelineUtilsThread] INFO  pipeline.PipelinePlacementPolicy (PipelinePlacementPolicy.java:meetCriteria(91)) - Pipeline Placement: Doesn't meet the criteria to be viable node： f6b408ab-d2bf-4cc7-9b61-adae7633a687 Heaviness: 6 limit: 5
2019-09-25 05:51:13,959 [RatisPipelineUtilsThread] INFO  pipeline.PipelinePlacementPolicy (PipelinePlacementPolicy.java:meetCriteria(91)) - Pipeline Placement: Doesn't meet the criteria to be viable node： 7329b839-2890-4139-beee-2b486d1f212d Heaviness: 6 limit: 5
2019-09-25 05:51:13,961 [grpc-default-executor-3] INFO  impl.RaftServerProxy (RaftServerProxy.java:addNew(89)) - d6964a7c-cb4f-4cee-bc55-175c0a9b9094: addNew group-647D857BF6E0:[d6964a7c-cb4f-4cee-bc55-175c0a9b9094:192.168.30.10:39185] returns group-647D857BF6E0:java.util.concurrent.CompletableFuture@46b87768[Not completed]
2019-09-25 05:51:13,962 [pool-733-thread-1] INFO  impl.RaftServerImpl (RaftServerImpl.java:<init>(95)) - d6964a7c-cb4f-4cee-bc55-175c0a9b9094: new RaftServerImpl for group-647D857BF6E0:[d6964a7c-cb4f-4cee-bc55-175c0a9b9094:192.168.30.10:39185] with ContainerStateMachine:uninitialized
2019-09-25 05:51:13,962 [pool-733-thread-1] INFO  server.RaftServerConfigKeys (ConfUtils.java:logGet(43)) - raft.server.rpc.timeout.min = 5s (custom)
2019-09-25 05:51:13,963 [pool-733-thread-1] INFO  server.RaftServerConfigKeys (ConfUtils.java:logGet(43)) - raft.server.rpc.timeout.max = 5200ms (custom)
2019-09-25 05:51:13,963 [pool-733-thread-1] INFO  server.RaftServerConfigKeys (ConfUtils.java:logGet(43)) - raft.server.rpcslowness.timeout = 120s (custom)
2019-09-25 05:51:13,963 [pool-733-thread-1] INFO  server.RaftServerConfigKeys (ConfUtils.java:logGet(43)) - raft.server.sleep.deviation.threshold = 300 (default)
2019-09-25 05:51:13,963 [pool-733-thread-1] INFO  server.RaftServerConfigKeys (ConfUtils.java:logGet(43)) - raft.server.log.appender.install.snapshot.enabled = false (custom)
2019-09-25 05:51:13,963 [pool-733-thread-1] INFO  impl.RaftServerImpl (ServerState.java:<init>(103)) - d6964a7c-cb4f-4cee-bc55-175c0a9b9094@group-647D857BF6E0: ConfigurationManager, init=-1: [d6964a7c-cb4f-4cee-bc55-175c0a9b9094:192.168.30.10:39185], old=null, confs=<EMPTY_MAP>
2019-09-25 05:51:13,963 [pool-733-thread-1] INFO  server.RaftServerConfigKeys (ConfUtils.java:logGet(43)) - raft.server.storage.dir = [/workdir/hadoop-ozone/integration-test/target/test-dir/MiniOzoneClusterImpl-6389a31f-e1b2-4948-a777-3ab81d592f44/datanode-6/data/ratis] (custom)
2019-09-25 05:51:13,964 [pool-733-thread-1] INFO  storage.RaftStorageDirectory (RaftStorageDirectory.java:analyzeStorage(246)) - The storage directory /workdir/hadoop-ozone/integration-test/target/test-dir/MiniOzoneClusterImpl-6389a31f-e1b2-4948-a777-3ab81d592f44/datanode-6/data/ratis/77b19720-1e33-455c-9df7-647d857bf6e0 does not exist. Creating ...
2019-09-25 05:51:13,977 [pool-733-thread-1] INFO  storage.RaftStorageDirectory (RaftStorageDirectory.java:tryLock(328)) - Lock on /workdir/hadoop-ozone/integration-test/target/test-dir/MiniOzoneClusterImpl-6389a31f-e1b2-4948-a777-3ab81d592f44/datanode-6/data/ratis/77b19720-1e33-455c-9df7-647d857bf6e0/in_use.lock acquired by nodename 13539@pr-hdds-1569-s62bp-3040748787
2019-09-25 05:51:13,990 [pool-733-thread-1] INFO  storage.RaftStorage (RaftStorage.java:format(72)) - Storage directory /workdir/hadoop-ozone/integration-test/target/test-dir/MiniOzoneClusterImpl-6389a31f-e1b2-4948-a777-3ab81d592f44/datanode-6/data/ratis/77b19720-1e33-455c-9df7-647d857bf6e0 has been successfully formatted.
2019-09-25 05:51:13,990 [pool-733-thread-1] INFO  ratis.ContainerStateMachine (ContainerStateMachine.java:loadSnapshot(230)) - group-647D857BF6E0: The snapshot info is null. Setting the last applied indexto:(t:0, i:~)
2019-09-25 05:51:13,990 [pool-733-thread-1] INFO  server.RaftServerConfigKeys (ConfUtils.java:logGet(43)) - raft.server.notification.no-leader.timeout = 120s (custom)
2019-09-25 05:51:13,991 [pool-733-thread-1] INFO  server.RaftServerConfigKeys (ConfUtils.java:logGet(43)) - raft.server.log.use.memory = false (default)
2019-09-25 05:51:13,991 [pool-733-thread-1] INFO  server.RaftServerConfigKeys (ConfUtils.java:logGet(43)) - raft.server.log.purge.gap = 1000000 (custom)
2019-09-25 05:51:13,991 [pool-733-thread-1] INFO  server.RaftServerConfigKeys (ConfUtils.java:logGet(43)) - raft.server.log.appender.buffer.byte-limit = 33554432 (custom)
2019-09-25 05:51:13,991 [pool-733-thread-1] INFO  server.RaftServerConfigKeys (ConfUtils.java:logGet(43)) - raft.server.log.segment.size.max = 1048576 (custom)
2019-09-25 05:51:13,991 [pool-733-thread-1] INFO  server.RaftServerConfigKeys (ConfUtils.java:logGet(43)) - raft.server.log.segment.cache.num.max = 2 (custom)
2019-09-25 05:51:13,991 [pool-733-thread-1] INFO  segmented.SegmentedRaftLogWorker (SegmentedRaftLogWorker.java:<init>(172)) - new d6964a7c-cb4f-4cee-bc55-175c0a9b9094@group-647D857BF6E0-SegmentedRaftLogWorker for RaftStorage:Storage Directory /workdir/hadoop-ozone/integration-test/target/test-dir/MiniOzoneClusterImpl-6389a31f-e1b2-4948-a777-3ab81d592f44/datanode-6/data/ratis/77b19720-1e33-455c-9df7-647d857bf6e0
2019-09-25 05:51:13,991 [pool-733-thread-1] INFO  server.RaftServerConfigKeys (ConfUtils.java:logGet(43)) - raft.server.log.queue.byte-limit = 2147483647 (custom)
2019-09-25 05:51:13,991 [pool-733-thread-1] INFO  server.RaftServerConfigKeys (ConfUtils.java:logGet(43)) - raft.server.log.queue.element-limit = 1024 (custom)
2019-09-25 05:51:13,991 [pool-733-thread-1] INFO  server.RaftServerConfigKeys (ConfUtils.java:logGet(43)) - raft.server.log.segment.size.max = 1048576 (custom)
2019-09-25 05:51:13,992 [pool-733-thread-1] INFO  server.RaftServerConfigKeys (ConfUtils.java:logGet(43)) - raft.server.log.preallocated.size = 16384 (custom)
2019-09-25 05:51:13,992 [pool-733-thread-1] INFO  server.RaftServerConfigKeys (ConfUtils.java:logGet(43)) - raft.server.log.write.buffer.size = 33554432 (custom)
2019-09-25 05:51:13,992 [pool-733-thread-1] INFO  server.RaftServerConfigKeys (ConfUtils.java:logGet(43)) - raft.server.log.force.sync.num = 128 (default)
2019-09-25 05:51:13,992 [pool-733-thread-1] INFO  server.RaftServerConfigKeys (ConfUtils.java:logGet(43)) - raft.server.log.statemachine.data.sync = true (default)
2019-09-25 05:51:13,992 [pool-733-thread-1] INFO  server.RaftServerConfigKeys (ConfUtils.java:logGet(43)) - raft.server.log.statemachine.data.sync.timeout = 10s (default)
2019-09-25 05:51:13,992 [pool-733-thread-1] INFO  server.RaftServerConfigKeys (ConfUtils.java:logGet(43)) - raft.server.log.statemachine.data.sync.timeout.retry = -1 (default)
2019-09-25 05:51:13,993 [pool-733-thread-1] INFO  server.RaftServerConfigKeys (ConfUtils.java:logGet(43)) - raft.server.log.statemachine.data.caching.enabled = true (custom)
2019-09-25 05:51:13,993 [pool-733-thread-1] INFO  segmented.SegmentedRaftLogWorker (SegmentedRaftLogWorker.java:lambda$new$0(132)) - d6964a7c-cb4f-4cee-bc55-175c0a9b9094@group-647D857BF6E0-SegmentedRaftLogWorker: flushIndex: setUnconditionally 0 -> -1
2019-09-25 05:51:13,993 [pool-733-thread-1] INFO  server.RaftServerConfigKeys (ConfUtils.java:logGet(43)) - raft.server.snapshot.auto.trigger.enabled = true (custom)
2019-09-25 05:51:13,993 [pool-733-thread-1] INFO  server.RaftServerConfigKeys (ConfUtils.java:logGet(43)) - raft.server.snapshot.auto.trigger.threshold = 10000 (custom)
2019-09-25 05:51:13,994 [pool-733-thread-1] INFO  server.RaftServerConfigKeys (ConfUtils.java:logGet(43)) - raft.server.snapshot.retention.num.files = 5 (custom)
2019-09-25 05:51:13,994 [pool-733-thread-1] INFO  server.RaftServerConfigKeys (ConfUtils.java:logGet(43)) - raft.server.retrycache.expirytime = 600000ms (custom)
2019-09-25 05:51:13,996 [pool-733-thread-1] INFO  impl.RaftServerImpl (RaftServerImpl.java:start(185)) - d6964a7c-cb4f-4cee-bc55-175c0a9b9094@group-647D857BF6E0: start as a follower, conf=-1: [d6964a7c-cb4f-4cee-bc55-175c0a9b9094:192.168.30.10:39185], old=null
2019-09-25 05:51:13,996 [pool-733-thread-1] INFO  impl.RaftServerImpl (RaftServerImpl.java:setRole(174)) - d6964a7c-cb4f-4cee-bc55-175c0a9b9094@group-647D857BF6E0: changes role from      null to FOLLOWER at term 0 for startAsFollower
2019-09-25 05:51:13,996 [pool-733-thread-1] INFO  impl.RoleInfo (RoleInfo.java:updateAndGet(143)) - d6964a7c-cb4f-4cee-bc55-175c0a9b9094: start FollowerState
2019-09-25 05:51:13,996 [pool-733-thread-1] INFO  util.JmxRegister (JmxRegister.java:tryRegister(44)) - Successfully registered JMX Bean with object name Ratis:service=RaftServer,group=group-647D857BF6E0,id=d6964a7c-cb4f-4cee-bc55-175c0a9b9094
2019-09-25 05:51:13,998 [RatisPipelineUtilsThread] INFO  pipeline.PipelineStateManager (PipelineStateManager.java:addPipeline(56)) - Created pipeline Pipeline[ Id: 77b19720-1e33-455c-9df7-647d857bf6e0, Nodes: d6964a7c-cb4f-4cee-bc55-175c0a9b9094{ip: 192.168.30.10, host: pr-hdds-1569-s62bp-3040748787, networkLocation: /default-rack, certSerialId: null}, Type:RATIS, Factor:ONE, State:OPEN]
2019-09-25 05:51:13,998 [RatisPipelineUtilsThread] INFO  pipeline.PipelinePlacementPolicy (PipelinePlacementPolicy.java:meetCriteria(91)) - Pipeline Placement: Doesn't meet the criteria to be viable node： 1705b612-ae52-4202-ba1e-b52c03c1d4d6 Heaviness: 6 limit: 5
2019-09-25 05:51:13,998 [RatisPipelineUtilsThread] INFO  pipeline.PipelinePlacementPolicy (PipelinePlacementPolicy.java:meetCriteria(91)) - Pipeline Placement: Doesn't meet the criteria to be viable node： aa12bdd9-b98d-4e1b-b7bd-0fb99805d214 Heaviness: 6 limit: 5
2019-09-25 05:51:13,999 [RatisPipelineUtilsThread] INFO  pipeline.PipelinePlacementPolicy (PipelinePlacementPolicy.java:meetCriteria(91)) - Pipeline Placement: Doesn't meet the criteria to be viable node： ba62479e-9d0c-4e30-a2fc-a7b15472dec7 Heaviness: 6 limit: 5
2019-09-25 05:51:13,999 [RatisPipelineUtilsThread] INFO  pipeline.PipelinePlacementPolicy (PipelinePlacementPolicy.java:meetCriteria(91)) - Pipeline Placement: Doesn't meet the criteria to be viable node： 1dcd8056-b4df-4a42-9946-d6b50473a02f Heaviness: 6 limit: 5
2019-09-25 05:51:13,999 [RatisPipelineUtilsThread] INFO  pipeline.PipelinePlacementPolicy (PipelinePlacementPolicy.java:meetCriteria(91)) - Pipeline Placement: Doesn't meet the criteria to be viable node： f6b408ab-d2bf-4cc7-9b61-adae7633a687 Heaviness: 6 limit: 5
2019-09-25 05:51:13,999 [RatisPipelineUtilsThread] INFO  pipeline.PipelinePlacementPolicy (PipelinePlacementPolicy.java:meetCriteria(91)) - Pipeline Placement: Doesn't meet the criteria to be viable node： 7329b839-2890-4139-beee-2b486d1f212d Heaviness: 6 limit: 5
2019-09-25 05:51:14,002 [grpc-default-executor-3] INFO  impl.RaftServerProxy (RaftServerProxy.java:addNew(89)) - d6964a7c-cb4f-4cee-bc55-175c0a9b9094: addNew group-A90467670017:[d6964a7c-cb4f-4cee-bc55-175c0a9b9094:192.168.30.10:39185] returns group-A90467670017:java.util.concurrent.CompletableFuture@24ff199e[Not completed]
2019-09-25 05:51:14,003 [pool-733-thread-1] INFO  impl.RaftServerImpl (RaftServerImpl.java:<init>(95)) - d6964a7c-cb4f-4cee-bc55-175c0a9b9094: new RaftServerImpl for group-A90467670017:[d6964a7c-cb4f-4cee-bc55-175c0a9b9094:192.168.30.10:39185] with ContainerStateMachine:uninitialized
2019-09-25 05:51:14,003 [pool-733-thread-1] INFO  server.RaftServerConfigKeys (ConfUtils.java:logGet(43)) - raft.server.rpc.timeout.min = 5s (custom)
2019-09-25 05:51:14,003 [pool-733-thread-1] INFO  server.RaftServerConfigKeys (ConfUtils.java:logGet(43)) - raft.server.rpc.timeout.max = 5200ms (custom)
2019-09-25 05:51:14,003 [pool-733-thread-1] INFO  server.RaftServerConfigKeys (ConfUtils.java:logGet(43)) - raft.server.rpcslowness.timeout = 120s (custom)
2019-09-25 05:51:14,003 [pool-733-thread-1] INFO  server.RaftServerConfigKeys (ConfUtils.java:logGet(43)) - raft.server.sleep.deviation.threshold = 300 (default)
2019-09-25 05:51:14,003 [pool-733-thread-1] INFO  server.RaftServerConfigKeys (ConfUtils.java:logGet(43)) - raft.server.log.appender.install.snapshot.enabled = false (custom)
2019-09-25 05:51:14,004 [pool-733-thread-1] INFO  impl.RaftServerImpl (ServerState.java:<init>(103)) - d6964a7c-cb4f-4cee-bc55-175c0a9b9094@group-A90467670017: ConfigurationManager, init=-1: [d6964a7c-cb4f-4cee-bc55-175c0a9b9094:192.168.30.10:39185], old=null, confs=<EMPTY_MAP>
2019-09-25 05:51:14,004 [pool-733-thread-1] INFO  server.RaftServerConfigKeys (ConfUtils.java:logGet(43)) - raft.server.storage.dir = [/workdir/hadoop-ozone/integration-test/target/test-dir/MiniOzoneClusterImpl-6389a31f-e1b2-4948-a777-3ab81d592f44/datanode-6/data/ratis] (custom)
2019-09-25 05:51:14,004 [pool-733-thread-1] INFO  storage.RaftStorageDirectory (RaftStorageDirectory.java:analyzeStorage(246)) - The storage directory /workdir/hadoop-ozone/integration-test/target/test-dir/MiniOzoneClusterImpl-6389a31f-e1b2-4948-a777-3ab81d592f44/datanode-6/data/ratis/4d38c91f-3eab-449f-9d8b-a90467670017 does not exist. Creating ...
2019-09-25 05:51:14,017 [pool-733-thread-1] INFO  storage.RaftStorageDirectory (RaftStorageDirectory.java:tryLock(328)) - Lock on /workdir/hadoop-ozone/integration-test/target/test-dir/MiniOzoneClusterImpl-6389a31f-e1b2-4948-a777-3ab81d592f44/datanode-6/data/ratis/4d38c91f-3eab-449f-9d8b-a90467670017/in_use.lock acquired by nodename 13539@pr-hdds-1569-s62bp-3040748787
2019-09-25 05:51:14,038 [pool-733-thread-1] INFO  storage.RaftStorage (RaftStorage.java:format(72)) - Storage directory /workdir/hadoop-ozone/integration-test/target/test-dir/MiniOzoneClusterImpl-6389a31f-e1b2-4948-a777-3ab81d592f44/datanode-6/data/ratis/4d38c91f-3eab-449f-9d8b-a90467670017 has been successfully formatted.
2019-09-25 05:51:14,039 [pool-733-thread-1] INFO  ratis.ContainerStateMachine (ContainerStateMachine.java:loadSnapshot(230)) - group-A90467670017: The snapshot info is null. Setting the last applied indexto:(t:0, i:~)
2019-09-25 05:51:14,039 [pool-733-thread-1] INFO  server.RaftServerConfigKeys (ConfUtils.java:logGet(43)) - raft.server.notification.no-leader.timeout = 120s (custom)
2019-09-25 05:51:14,039 [pool-733-thread-1] INFO  server.RaftServerConfigKeys (ConfUtils.java:logGet(43)) - raft.server.log.use.memory = false (default)
2019-09-25 05:51:14,039 [pool-733-thread-1] INFO  server.RaftServerConfigKeys (ConfUtils.java:logGet(43)) - raft.server.log.purge.gap = 1000000 (custom)
2019-09-25 05:51:14,039 [pool-733-thread-1] INFO  server.RaftServerConfigKeys (ConfUtils.java:logGet(43)) - raft.server.log.appender.buffer.byte-limit = 33554432 (custom)
2019-09-25 05:51:14,039 [pool-733-thread-1] INFO  server.RaftServerConfigKeys (ConfUtils.java:logGet(43)) - raft.server.log.segment.size.max = 1048576 (custom)
2019-09-25 05:51:14,039 [pool-733-thread-1] INFO  server.RaftServerConfigKeys (ConfUtils.java:logGet(43)) - raft.server.log.segment.cache.num.max = 2 (custom)
2019-09-25 05:51:14,040 [pool-733-thread-1] INFO  segmented.SegmentedRaftLogWorker (SegmentedRaftLogWorker.java:<init>(172)) - new d6964a7c-cb4f-4cee-bc55-175c0a9b9094@group-A90467670017-SegmentedRaftLogWorker for RaftStorage:Storage Directory /workdir/hadoop-ozone/integration-test/target/test-dir/MiniOzoneClusterImpl-6389a31f-e1b2-4948-a777-3ab81d592f44/datanode-6/data/ratis/4d38c91f-3eab-449f-9d8b-a90467670017
2019-09-25 05:51:14,040 [pool-733-thread-1] INFO  server.RaftServerConfigKeys (ConfUtils.java:logGet(43)) - raft.server.log.queue.byte-limit = 2147483647 (custom)
2019-09-25 05:51:14,040 [pool-733-thread-1] INFO  server.RaftServerConfigKeys (ConfUtils.java:logGet(43)) - raft.server.log.queue.element-limit = 1024 (custom)
2019-09-25 05:51:14,040 [pool-733-thread-1] INFO  server.RaftServerConfigKeys (ConfUtils.java:logGet(43)) - raft.server.log.segment.size.max = 1048576 (custom)
2019-09-25 05:51:14,040 [pool-733-thread-1] INFO  server.RaftServerConfigKeys (ConfUtils.java:logGet(43)) - raft.server.log.preallocated.size = 16384 (custom)
2019-09-25 05:51:14,040 [pool-733-thread-1] INFO  server.RaftServerConfigKeys (ConfUtils.java:logGet(43)) - raft.server.log.write.buffer.size = 33554432 (custom)
2019-09-25 05:51:14,040 [pool-733-thread-1] INFO  server.RaftServerConfigKeys (ConfUtils.java:logGet(43)) - raft.server.log.force.sync.num = 128 (default)
2019-09-25 05:51:14,040 [pool-733-thread-1] INFO  server.RaftServerConfigKeys (ConfUtils.java:logGet(43)) - raft.server.log.statemachine.data.sync = true (default)
2019-09-25 05:51:14,041 [pool-733-thread-1] INFO  server.RaftServerConfigKeys (ConfUtils.java:logGet(43)) - raft.server.log.statemachine.data.sync.timeout = 10s (default)
2019-09-25 05:51:14,041 [pool-733-thread-1] INFO  server.RaftServerConfigKeys (ConfUtils.java:logGet(43)) - raft.server.log.statemachine.data.sync.timeout.retry = -1 (default)
2019-09-25 05:51:14,041 [pool-733-thread-1] INFO  server.RaftServerConfigKeys (ConfUtils.java:logGet(43)) - raft.server.log.statemachine.data.caching.enabled = true (custom)
2019-09-25 05:51:14,041 [pool-733-thread-1] INFO  segmented.SegmentedRaftLogWorker (SegmentedRaftLogWorker.java:lambda$new$0(132)) - d6964a7c-cb4f-4cee-bc55-175c0a9b9094@group-A90467670017-SegmentedRaftLogWorker: flushIndex: setUnconditionally 0 -> -1
2019-09-25 05:51:14,041 [pool-733-thread-1] INFO  server.RaftServerConfigKeys (ConfUtils.java:logGet(43)) - raft.server.snapshot.auto.trigger.enabled = true (custom)
2019-09-25 05:51:14,042 [pool-733-thread-1] INFO  server.RaftServerConfigKeys (ConfUtils.java:logGet(43)) - raft.server.snapshot.auto.trigger.threshold = 10000 (custom)
2019-09-25 05:51:14,042 [pool-733-thread-1] INFO  server.RaftServerConfigKeys (ConfUtils.java:logGet(43)) - raft.server.snapshot.retention.num.files = 5 (custom)
2019-09-25 05:51:14,042 [pool-733-thread-1] INFO  server.RaftServerConfigKeys (ConfUtils.java:logGet(43)) - raft.server.retrycache.expirytime = 600000ms (custom)
2019-09-25 05:51:14,043 [pool-733-thread-1] INFO  impl.RaftServerImpl (RaftServerImpl.java:start(185)) - d6964a7c-cb4f-4cee-bc55-175c0a9b9094@group-A90467670017: start as a follower, conf=-1: [d6964a7c-cb4f-4cee-bc55-175c0a9b9094:192.168.30.10:39185], old=null
2019-09-25 05:51:14,044 [pool-733-thread-1] INFO  impl.RaftServerImpl (RaftServerImpl.java:setRole(174)) - d6964a7c-cb4f-4cee-bc55-175c0a9b9094@group-A90467670017: changes role from      null to FOLLOWER at term 0 for startAsFollower
2019-09-25 05:51:14,044 [pool-733-thread-1] INFO  impl.RoleInfo (RoleInfo.java:updateAndGet(143)) - d6964a7c-cb4f-4cee-bc55-175c0a9b9094: start FollowerState
2019-09-25 05:51:14,044 [pool-733-thread-1] INFO  util.JmxRegister (JmxRegister.java:tryRegister(44)) - Successfully registered JMX Bean with object name Ratis:service=RaftServer,group=group-A90467670017,id=d6964a7c-cb4f-4cee-bc55-175c0a9b9094
2019-09-25 05:51:14,046 [RatisPipelineUtilsThread] INFO  pipeline.PipelineStateManager (PipelineStateManager.java:addPipeline(56)) - Created pipeline Pipeline[ Id: 4d38c91f-3eab-449f-9d8b-a90467670017, Nodes: d6964a7c-cb4f-4cee-bc55-175c0a9b9094{ip: 192.168.30.10, host: pr-hdds-1569-s62bp-3040748787, networkLocation: /default-rack, certSerialId: null}, Type:RATIS, Factor:ONE, State:OPEN]
2019-09-25 05:51:14,046 [RatisPipelineUtilsThread] INFO  pipeline.PipelinePlacementPolicy (PipelinePlacementPolicy.java:meetCriteria(91)) - Pipeline Placement: Doesn't meet the criteria to be viable node： 1705b612-ae52-4202-ba1e-b52c03c1d4d6 Heaviness: 6 limit: 5
2019-09-25 05:51:14,046 [RatisPipelineUtilsThread] INFO  pipeline.PipelinePlacementPolicy (PipelinePlacementPolicy.java:meetCriteria(91)) - Pipeline Placement: Doesn't meet the criteria to be viable node： aa12bdd9-b98d-4e1b-b7bd-0fb99805d214 Heaviness: 6 limit: 5
2019-09-25 05:51:14,046 [RatisPipelineUtilsThread] INFO  pipeline.PipelinePlacementPolicy (PipelinePlacementPolicy.java:meetCriteria(91)) - Pipeline Placement: Doesn't meet the criteria to be viable node： ba62479e-9d0c-4e30-a2fc-a7b15472dec7 Heaviness: 6 limit: 5
2019-09-25 05:51:14,047 [RatisPipelineUtilsThread] INFO  pipeline.PipelinePlacementPolicy (PipelinePlacementPolicy.java:meetCriteria(91)) - Pipeline Placement: Doesn't meet the criteria to be viable node： 1dcd8056-b4df-4a42-9946-d6b50473a02f Heaviness: 6 limit: 5
2019-09-25 05:51:14,047 [RatisPipelineUtilsThread] INFO  pipeline.PipelinePlacementPolicy (PipelinePlacementPolicy.java:meetCriteria(91)) - Pipeline Placement: Doesn't meet the criteria to be viable node： f6b408ab-d2bf-4cc7-9b61-adae7633a687 Heaviness: 6 limit: 5
2019-09-25 05:51:14,047 [RatisPipelineUtilsThread] INFO  pipeline.PipelinePlacementPolicy (PipelinePlacementPolicy.java:meetCriteria(91)) - Pipeline Placement: Doesn't meet the criteria to be viable node： 7329b839-2890-4139-beee-2b486d1f212d Heaviness: 6 limit: 5
2019-09-25 05:51:14,050 [grpc-default-executor-3] INFO  impl.RaftServerProxy (RaftServerProxy.java:addNew(89)) - d6964a7c-cb4f-4cee-bc55-175c0a9b9094: addNew group-B2C303EED91F:[d6964a7c-cb4f-4cee-bc55-175c0a9b9094:192.168.30.10:39185] returns group-B2C303EED91F:java.util.concurrent.CompletableFuture@31f81f24[Not completed]
2019-09-25 05:51:14,050 [pool-733-thread-1] INFO  impl.RaftServerImpl (RaftServerImpl.java:<init>(95)) - d6964a7c-cb4f-4cee-bc55-175c0a9b9094: new RaftServerImpl for group-B2C303EED91F:[d6964a7c-cb4f-4cee-bc55-175c0a9b9094:192.168.30.10:39185] with ContainerStateMachine:uninitialized
2019-09-25 05:51:14,050 [pool-733-thread-1] INFO  server.RaftServerConfigKeys (ConfUtils.java:logGet(43)) - raft.server.rpc.timeout.min = 5s (custom)
2019-09-25 05:51:14,051 [pool-733-thread-1] INFO  server.RaftServerConfigKeys (ConfUtils.java:logGet(43)) - raft.server.rpc.timeout.max = 5200ms (custom)
2019-09-25 05:51:14,051 [pool-733-thread-1] INFO  server.RaftServerConfigKeys (ConfUtils.java:logGet(43)) - raft.server.rpcslowness.timeout = 120s (custom)
2019-09-25 05:51:14,051 [pool-733-thread-1] INFO  server.RaftServerConfigKeys (ConfUtils.java:logGet(43)) - raft.server.sleep.deviation.threshold = 300 (default)
2019-09-25 05:51:14,051 [pool-733-thread-1] INFO  server.RaftServerConfigKeys (ConfUtils.java:logGet(43)) - raft.server.log.appender.install.snapshot.enabled = false (custom)
2019-09-25 05:51:14,051 [pool-733-thread-1] INFO  impl.RaftServerImpl (ServerState.java:<init>(103)) - d6964a7c-cb4f-4cee-bc55-175c0a9b9094@group-B2C303EED91F: ConfigurationManager, init=-1: [d6964a7c-cb4f-4cee-bc55-175c0a9b9094:192.168.30.10:39185], old=null, confs=<EMPTY_MAP>
2019-09-25 05:51:14,051 [pool-733-thread-1] INFO  server.RaftServerConfigKeys (ConfUtils.java:logGet(43)) - raft.server.storage.dir = [/workdir/hadoop-ozone/integration-test/target/test-dir/MiniOzoneClusterImpl-6389a31f-e1b2-4948-a777-3ab81d592f44/datanode-6/data/ratis] (custom)
2019-09-25 05:51:14,051 [pool-733-thread-1] INFO  storage.RaftStorageDirectory (RaftStorageDirectory.java:analyzeStorage(246)) - The storage directory /workdir/hadoop-ozone/integration-test/target/test-dir/MiniOzoneClusterImpl-6389a31f-e1b2-4948-a777-3ab81d592f44/datanode-6/data/ratis/7ea2448a-9c20-4594-8dc4-b2c303eed91f does not exist. Creating ...
2019-09-25 05:51:14,071 [pool-733-thread-1] INFO  storage.RaftStorageDirectory (RaftStorageDirectory.java:tryLock(328)) - Lock on /workdir/hadoop-ozone/integration-test/target/test-dir/MiniOzoneClusterImpl-6389a31f-e1b2-4948-a777-3ab81d592f44/datanode-6/data/ratis/7ea2448a-9c20-4594-8dc4-b2c303eed91f/in_use.lock acquired by nodename 13539@pr-hdds-1569-s62bp-3040748787
2019-09-25 05:51:14,084 [pool-733-thread-1] INFO  storage.RaftStorage (RaftStorage.java:format(72)) - Storage directory /workdir/hadoop-ozone/integration-test/target/test-dir/MiniOzoneClusterImpl-6389a31f-e1b2-4948-a777-3ab81d592f44/datanode-6/data/ratis/7ea2448a-9c20-4594-8dc4-b2c303eed91f has been successfully formatted.
2019-09-25 05:51:14,084 [pool-733-thread-1] INFO  ratis.ContainerStateMachine (ContainerStateMachine.java:loadSnapshot(230)) - group-B2C303EED91F: The snapshot info is null. Setting the last applied indexto:(t:0, i:~)
2019-09-25 05:51:14,084 [pool-733-thread-1] INFO  server.RaftServerConfigKeys (ConfUtils.java:logGet(43)) - raft.server.notification.no-leader.timeout = 120s (custom)
2019-09-25 05:51:14,085 [pool-733-thread-1] INFO  server.RaftServerConfigKeys (ConfUtils.java:logGet(43)) - raft.server.log.use.memory = false (default)
2019-09-25 05:51:14,085 [pool-733-thread-1] INFO  server.RaftServerConfigKeys (ConfUtils.java:logGet(43)) - raft.server.log.purge.gap = 1000000 (custom)
2019-09-25 05:51:14,085 [pool-733-thread-1] INFO  server.RaftServerConfigKeys (ConfUtils.java:logGet(43)) - raft.server.log.appender.buffer.byte-limit = 33554432 (custom)
2019-09-25 05:51:14,085 [pool-733-thread-1] INFO  server.RaftServerConfigKeys (ConfUtils.java:logGet(43)) - raft.server.log.segment.size.max = 1048576 (custom)
2019-09-25 05:51:14,085 [pool-733-thread-1] INFO  server.RaftServerConfigKeys (ConfUtils.java:logGet(43)) - raft.server.log.segment.cache.num.max = 2 (custom)
2019-09-25 05:51:14,085 [pool-733-thread-1] INFO  segmented.SegmentedRaftLogWorker (SegmentedRaftLogWorker.java:<init>(172)) - new d6964a7c-cb4f-4cee-bc55-175c0a9b9094@group-B2C303EED91F-SegmentedRaftLogWorker for RaftStorage:Storage Directory /workdir/hadoop-ozone/integration-test/target/test-dir/MiniOzoneClusterImpl-6389a31f-e1b2-4948-a777-3ab81d592f44/datanode-6/data/ratis/7ea2448a-9c20-4594-8dc4-b2c303eed91f
2019-09-25 05:51:14,085 [pool-733-thread-1] INFO  server.RaftServerConfigKeys (ConfUtils.java:logGet(43)) - raft.server.log.queue.byte-limit = 2147483647 (custom)
2019-09-25 05:51:14,086 [pool-733-thread-1] INFO  server.RaftServerConfigKeys (ConfUtils.java:logGet(43)) - raft.server.log.queue.element-limit = 1024 (custom)
2019-09-25 05:51:14,086 [pool-733-thread-1] INFO  server.RaftServerConfigKeys (ConfUtils.java:logGet(43)) - raft.server.log.segment.size.max = 1048576 (custom)
2019-09-25 05:51:14,086 [pool-733-thread-1] INFO  server.RaftServerConfigKeys (ConfUtils.java:logGet(43)) - raft.server.log.preallocated.size = 16384 (custom)
2019-09-25 05:51:14,086 [pool-733-thread-1] INFO  server.RaftServerConfigKeys (ConfUtils.java:logGet(43)) - raft.server.log.write.buffer.size = 33554432 (custom)
2019-09-25 05:51:14,086 [pool-733-thread-1] INFO  server.RaftServerConfigKeys (ConfUtils.java:logGet(43)) - raft.server.log.force.sync.num = 128 (default)
2019-09-25 05:51:14,086 [pool-733-thread-1] INFO  server.RaftServerConfigKeys (ConfUtils.java:logGet(43)) - raft.server.log.statemachine.data.sync = true (default)
2019-09-25 05:51:14,086 [pool-733-thread-1] INFO  server.RaftServerConfigKeys (ConfUtils.java:logGet(43)) - raft.server.log.statemachine.data.sync.timeout = 10s (default)
2019-09-25 05:51:14,087 [pool-733-thread-1] INFO  server.RaftServerConfigKeys (ConfUtils.java:logGet(43)) - raft.server.log.statemachine.data.sync.timeout.retry = -1 (default)
2019-09-25 05:51:14,087 [pool-733-thread-1] INFO  server.RaftServerConfigKeys (ConfUtils.java:logGet(43)) - raft.server.log.statemachine.data.caching.enabled = true (custom)
2019-09-25 05:51:14,087 [pool-733-thread-1] INFO  segmented.SegmentedRaftLogWorker (SegmentedRaftLogWorker.java:lambda$new$0(132)) - d6964a7c-cb4f-4cee-bc55-175c0a9b9094@group-B2C303EED91F-SegmentedRaftLogWorker: flushIndex: setUnconditionally 0 -> -1
2019-09-25 05:51:14,087 [pool-733-thread-1] INFO  server.RaftServerConfigKeys (ConfUtils.java:logGet(43)) - raft.server.snapshot.auto.trigger.enabled = true (custom)
2019-09-25 05:51:14,087 [pool-733-thread-1] INFO  server.RaftServerConfigKeys (ConfUtils.java:logGet(43)) - raft.server.snapshot.auto.trigger.threshold = 10000 (custom)
2019-09-25 05:51:14,088 [pool-733-thread-1] INFO  server.RaftServerConfigKeys (ConfUtils.java:logGet(43)) - raft.server.snapshot.retention.num.files = 5 (custom)
2019-09-25 05:51:14,088 [pool-733-thread-1] INFO  server.RaftServerConfigKeys (ConfUtils.java:logGet(43)) - raft.server.retrycache.expirytime = 600000ms (custom)
2019-09-25 05:51:14,089 [pool-733-thread-1] INFO  impl.RaftServerImpl (RaftServerImpl.java:start(185)) - d6964a7c-cb4f-4cee-bc55-175c0a9b9094@group-B2C303EED91F: start as a follower, conf=-1: [d6964a7c-cb4f-4cee-bc55-175c0a9b9094:192.168.30.10:39185], old=null
2019-09-25 05:51:14,090 [pool-733-thread-1] INFO  impl.RaftServerImpl (RaftServerImpl.java:setRole(174)) - d6964a7c-cb4f-4cee-bc55-175c0a9b9094@group-B2C303EED91F: changes role from      null to FOLLOWER at term 0 for startAsFollower
2019-09-25 05:51:14,090 [pool-733-thread-1] INFO  impl.RoleInfo (RoleInfo.java:updateAndGet(143)) - d6964a7c-cb4f-4cee-bc55-175c0a9b9094: start FollowerState
2019-09-25 05:51:14,090 [pool-733-thread-1] INFO  util.JmxRegister (JmxRegister.java:tryRegister(44)) - Successfully registered JMX Bean with object name Ratis:service=RaftServer,group=group-B2C303EED91F,id=d6964a7c-cb4f-4cee-bc55-175c0a9b9094
2019-09-25 05:51:14,092 [RatisPipelineUtilsThread] INFO  pipeline.PipelineStateManager (PipelineStateManager.java:addPipeline(56)) - Created pipeline Pipeline[ Id: 7ea2448a-9c20-4594-8dc4-b2c303eed91f, Nodes: d6964a7c-cb4f-4cee-bc55-175c0a9b9094{ip: 192.168.30.10, host: pr-hdds-1569-s62bp-3040748787, networkLocation: /default-rack, certSerialId: null}, Type:RATIS, Factor:ONE, State:OPEN]
2019-09-25 05:51:14,093 [RatisPipelineUtilsThread] INFO  pipeline.PipelinePlacementPolicy (PipelinePlacementPolicy.java:meetCriteria(91)) - Pipeline Placement: Doesn't meet the criteria to be viable node： 1705b612-ae52-4202-ba1e-b52c03c1d4d6 Heaviness: 6 limit: 5
2019-09-25 05:51:14,093 [RatisPipelineUtilsThread] INFO  pipeline.PipelinePlacementPolicy (PipelinePlacementPolicy.java:meetCriteria(91)) - Pipeline Placement: Doesn't meet the criteria to be viable node： aa12bdd9-b98d-4e1b-b7bd-0fb99805d214 Heaviness: 6 limit: 5
2019-09-25 05:51:14,093 [RatisPipelineUtilsThread] INFO  pipeline.PipelinePlacementPolicy (PipelinePlacementPolicy.java:meetCriteria(91)) - Pipeline Placement: Doesn't meet the criteria to be viable node： ba62479e-9d0c-4e30-a2fc-a7b15472dec7 Heaviness: 6 limit: 5
2019-09-25 05:51:14,093 [RatisPipelineUtilsThread] INFO  pipeline.PipelinePlacementPolicy (PipelinePlacementPolicy.java:meetCriteria(91)) - Pipeline Placement: Doesn't meet the criteria to be viable node： 1dcd8056-b4df-4a42-9946-d6b50473a02f Heaviness: 6 limit: 5
2019-09-25 05:51:14,093 [RatisPipelineUtilsThread] INFO  pipeline.PipelinePlacementPolicy (PipelinePlacementPolicy.java:meetCriteria(91)) - Pipeline Placement: Doesn't meet the criteria to be viable node： f6b408ab-d2bf-4cc7-9b61-adae7633a687 Heaviness: 6 limit: 5
2019-09-25 05:51:14,093 [RatisPipelineUtilsThread] INFO  pipeline.PipelinePlacementPolicy (PipelinePlacementPolicy.java:meetCriteria(91)) - Pipeline Placement: Doesn't meet the criteria to be viable node： 7329b839-2890-4139-beee-2b486d1f212d Heaviness: 6 limit: 5
2019-09-25 05:51:14,096 [main] INFO  ozone.MiniOzoneClusterImpl (MiniOzoneClusterImpl.java:lambda$waitForClusterToBeReady$0(147)) - Cluster is ready. Got 7 of 7 DN Heartbeats.
2019-09-25 05:51:14,097 [grpc-default-executor-3] INFO  impl.RaftServerProxy (RaftServerProxy.java:addNew(89)) - d6964a7c-cb4f-4cee-bc55-175c0a9b9094: addNew group-302775145EAF:[d6964a7c-cb4f-4cee-bc55-175c0a9b9094:192.168.30.10:39185] returns group-302775145EAF:java.util.concurrent.CompletableFuture@24d571bf[Not completed]
2019-09-25 05:51:14,097 [pool-733-thread-1] INFO  impl.RaftServerImpl (RaftServerImpl.java:<init>(95)) - d6964a7c-cb4f-4cee-bc55-175c0a9b9094: new RaftServerImpl for group-302775145EAF:[d6964a7c-cb4f-4cee-bc55-175c0a9b9094:192.168.30.10:39185] with ContainerStateMachine:uninitialized
2019-09-25 05:51:14,097 [pool-733-thread-1] INFO  server.RaftServerConfigKeys (ConfUtils.java:logGet(43)) - raft.server.rpc.timeout.min = 5s (custom)
2019-09-25 05:51:14,098 [pool-733-thread-1] INFO  server.RaftServerConfigKeys (ConfUtils.java:logGet(43)) - raft.server.rpc.timeout.max = 5200ms (custom)
2019-09-25 05:51:14,098 [pool-733-thread-1] INFO  server.RaftServerConfigKeys (ConfUtils.java:logGet(43)) - raft.server.rpcslowness.timeout = 120s (custom)
2019-09-25 05:51:14,098 [pool-733-thread-1] INFO  server.RaftServerConfigKeys (ConfUtils.java:logGet(43)) - raft.server.sleep.deviation.threshold = 300 (default)
2019-09-25 05:51:14,098 [pool-733-thread-1] INFO  server.RaftServerConfigKeys (ConfUtils.java:logGet(43)) - raft.server.log.appender.install.snapshot.enabled = false (custom)
2019-09-25 05:51:14,098 [pool-733-thread-1] INFO  impl.RaftServerImpl (ServerState.java:<init>(103)) - d6964a7c-cb4f-4cee-bc55-175c0a9b9094@group-302775145EAF: ConfigurationManager, init=-1: [d6964a7c-cb4f-4cee-bc55-175c0a9b9094:192.168.30.10:39185], old=null, confs=<EMPTY_MAP>
2019-09-25 05:51:14,098 [pool-733-thread-1] INFO  server.RaftServerConfigKeys (ConfUtils.java:logGet(43)) - raft.server.storage.dir = [/workdir/hadoop-ozone/integration-test/target/test-dir/MiniOzoneClusterImpl-6389a31f-e1b2-4948-a777-3ab81d592f44/datanode-6/data/ratis] (custom)
2019-09-25 05:51:14,099 [pool-733-thread-1] INFO  storage.RaftStorageDirectory (RaftStorageDirectory.java:analyzeStorage(246)) - The storage directory /workdir/hadoop-ozone/integration-test/target/test-dir/MiniOzoneClusterImpl-6389a31f-e1b2-4948-a777-3ab81d592f44/datanode-6/data/ratis/0b57e00a-b548-4368-887d-302775145eaf does not exist. Creating ...
2019-09-25 05:51:14,113 [pool-733-thread-1] INFO  storage.RaftStorageDirectory (RaftStorageDirectory.java:tryLock(328)) - Lock on /workdir/hadoop-ozone/integration-test/target/test-dir/MiniOzoneClusterImpl-6389a31f-e1b2-4948-a777-3ab81d592f44/datanode-6/data/ratis/0b57e00a-b548-4368-887d-302775145eaf/in_use.lock acquired by nodename 13539@pr-hdds-1569-s62bp-3040748787
2019-09-25 05:51:14,173 [main] INFO  rpc.RpcClient (RpcClient.java:createVolume(276)) - Creating Volume: testblockoutputstream, with jenkins1000 as owner.
2019-09-25 05:51:14,176 [pool-733-thread-1] INFO  storage.RaftStorage (RaftStorage.java:format(72)) - Storage directory /workdir/hadoop-ozone/integration-test/target/test-dir/MiniOzoneClusterImpl-6389a31f-e1b2-4948-a777-3ab81d592f44/datanode-6/data/ratis/0b57e00a-b548-4368-887d-302775145eaf has been successfully formatted.
2019-09-25 05:51:14,176 [pool-733-thread-1] INFO  ratis.ContainerStateMachine (ContainerStateMachine.java:loadSnapshot(230)) - group-302775145EAF: The snapshot info is null. Setting the last applied indexto:(t:0, i:~)
2019-09-25 05:51:14,176 [pool-733-thread-1] INFO  server.RaftServerConfigKeys (ConfUtils.java:logGet(43)) - raft.server.notification.no-leader.timeout = 120s (custom)
2019-09-25 05:51:14,176 [pool-733-thread-1] INFO  server.RaftServerConfigKeys (ConfUtils.java:logGet(43)) - raft.server.log.use.memory = false (default)
2019-09-25 05:51:14,176 [pool-733-thread-1] INFO  server.RaftServerConfigKeys (ConfUtils.java:logGet(43)) - raft.server.log.purge.gap = 1000000 (custom)
2019-09-25 05:51:14,176 [pool-733-thread-1] INFO  server.RaftServerConfigKeys (ConfUtils.java:logGet(43)) - raft.server.log.appender.buffer.byte-limit = 33554432 (custom)
2019-09-25 05:51:14,177 [IPC Server handler 2 on 38745] INFO  volume.OMVolumeCreateRequest (OMVolumeCreateRequest.java:validateAndUpdateCache(189)) - created volume:testblockoutputstream for user:jenkins1000
2019-09-25 05:51:14,177 [pool-733-thread-1] INFO  server.RaftServerConfigKeys (ConfUtils.java:logGet(43)) - raft.server.log.segment.size.max = 1048576 (custom)
2019-09-25 05:51:14,177 [pool-733-thread-1] INFO  server.RaftServerConfigKeys (ConfUtils.java:logGet(43)) - raft.server.log.segment.cache.num.max = 2 (custom)
2019-09-25 05:51:14,177 [pool-733-thread-1] INFO  segmented.SegmentedRaftLogWorker (SegmentedRaftLogWorker.java:<init>(172)) - new d6964a7c-cb4f-4cee-bc55-175c0a9b9094@group-302775145EAF-SegmentedRaftLogWorker for RaftStorage:Storage Directory /workdir/hadoop-ozone/integration-test/target/test-dir/MiniOzoneClusterImpl-6389a31f-e1b2-4948-a777-3ab81d592f44/datanode-6/data/ratis/0b57e00a-b548-4368-887d-302775145eaf
2019-09-25 05:51:14,177 [pool-733-thread-1] INFO  server.RaftServerConfigKeys (ConfUtils.java:logGet(43)) - raft.server.log.queue.byte-limit = 2147483647 (custom)
2019-09-25 05:51:14,177 [pool-733-thread-1] INFO  server.RaftServerConfigKeys (ConfUtils.java:logGet(43)) - raft.server.log.queue.element-limit = 1024 (custom)
2019-09-25 05:51:14,178 [pool-733-thread-1] INFO  server.RaftServerConfigKeys (ConfUtils.java:logGet(43)) - raft.server.log.segment.size.max = 1048576 (custom)
2019-09-25 05:51:14,178 [pool-733-thread-1] INFO  server.RaftServerConfigKeys (ConfUtils.java:logGet(43)) - raft.server.log.preallocated.size = 16384 (custom)
2019-09-25 05:51:14,178 [pool-733-thread-1] INFO  server.RaftServerConfigKeys (ConfUtils.java:logGet(43)) - raft.server.log.write.buffer.size = 33554432 (custom)
2019-09-25 05:51:14,178 [pool-733-thread-1] INFO  server.RaftServerConfigKeys (ConfUtils.java:logGet(43)) - raft.server.log.force.sync.num = 128 (default)
2019-09-25 05:51:14,178 [pool-733-thread-1] INFO  server.RaftServerConfigKeys (ConfUtils.java:logGet(43)) - raft.server.log.statemachine.data.sync = true (default)
2019-09-25 05:51:14,178 [pool-733-thread-1] INFO  server.RaftServerConfigKeys (ConfUtils.java:logGet(43)) - raft.server.log.statemachine.data.sync.timeout = 10s (default)
2019-09-25 05:51:14,178 [pool-733-thread-1] INFO  server.RaftServerConfigKeys (ConfUtils.java:logGet(43)) - raft.server.log.statemachine.data.sync.timeout.retry = -1 (default)
2019-09-25 05:51:14,179 [pool-733-thread-1] INFO  server.RaftServerConfigKeys (ConfUtils.java:logGet(43)) - raft.server.log.statemachine.data.caching.enabled = true (custom)
2019-09-25 05:51:14,184 [pool-733-thread-1] INFO  segmented.SegmentedRaftLogWorker (SegmentedRaftLogWorker.java:lambda$new$0(132)) - d6964a7c-cb4f-4cee-bc55-175c0a9b9094@group-302775145EAF-SegmentedRaftLogWorker: flushIndex: setUnconditionally 0 -> -1
2019-09-25 05:51:14,184 [pool-733-thread-1] INFO  server.RaftServerConfigKeys (ConfUtils.java:logGet(43)) - raft.server.snapshot.auto.trigger.enabled = true (custom)
2019-09-25 05:51:14,184 [pool-733-thread-1] INFO  server.RaftServerConfigKeys (ConfUtils.java:logGet(43)) - raft.server.snapshot.auto.trigger.threshold = 10000 (custom)
2019-09-25 05:51:14,184 [pool-733-thread-1] INFO  server.RaftServerConfigKeys (ConfUtils.java:logGet(43)) - raft.server.snapshot.retention.num.files = 5 (custom)
2019-09-25 05:51:14,207 [pool-733-thread-1] INFO  server.RaftServerConfigKeys (ConfUtils.java:logGet(43)) - raft.server.retrycache.expirytime = 600000ms (custom)
2019-09-25 05:51:14,208 [main] INFO  rpc.RpcClient (RpcClient.java:createBucket(415)) - Creating Bucket: testblockoutputstream/testblockoutputstream, with Versioning false and Storage Type set to DISK and Encryption set to false 
2019-09-25 05:51:14,209 [pool-733-thread-1] INFO  impl.RaftServerImpl (RaftServerImpl.java:start(185)) - d6964a7c-cb4f-4cee-bc55-175c0a9b9094@group-302775145EAF: start as a follower, conf=-1: [d6964a7c-cb4f-4cee-bc55-175c0a9b9094:192.168.30.10:39185], old=null
2019-09-25 05:51:14,209 [pool-733-thread-1] INFO  impl.RaftServerImpl (RaftServerImpl.java:setRole(174)) - d6964a7c-cb4f-4cee-bc55-175c0a9b9094@group-302775145EAF: changes role from      null to FOLLOWER at term 0 for startAsFollower
2019-09-25 05:51:14,209 [pool-733-thread-1] INFO  impl.RoleInfo (RoleInfo.java:updateAndGet(143)) - d6964a7c-cb4f-4cee-bc55-175c0a9b9094: start FollowerState
2019-09-25 05:51:14,210 [pool-733-thread-1] INFO  util.JmxRegister (JmxRegister.java:tryRegister(44)) - Successfully registered JMX Bean with object name Ratis:service=RaftServer,group=group-302775145EAF,id=d6964a7c-cb4f-4cee-bc55-175c0a9b9094
2019-09-25 05:51:14,223 [RatisPipelineUtilsThread] INFO  pipeline.PipelineStateManager (PipelineStateManager.java:addPipeline(56)) - Created pipeline Pipeline[ Id: 0b57e00a-b548-4368-887d-302775145eaf, Nodes: d6964a7c-cb4f-4cee-bc55-175c0a9b9094{ip: 192.168.30.10, host: pr-hdds-1569-s62bp-3040748787, networkLocation: /default-rack, certSerialId: null}, Type:RATIS, Factor:ONE, State:OPEN]
2019-09-25 05:51:14,223 [RatisPipelineUtilsThread] INFO  pipeline.PipelinePlacementPolicy (PipelinePlacementPolicy.java:meetCriteria(91)) - Pipeline Placement: Doesn't meet the criteria to be viable node： 1705b612-ae52-4202-ba1e-b52c03c1d4d6 Heaviness: 6 limit: 5
2019-09-25 05:51:14,223 [RatisPipelineUtilsThread] INFO  pipeline.PipelinePlacementPolicy (PipelinePlacementPolicy.java:meetCriteria(91)) - Pipeline Placement: Doesn't meet the criteria to be viable node： aa12bdd9-b98d-4e1b-b7bd-0fb99805d214 Heaviness: 6 limit: 5
2019-09-25 05:51:14,223 [RatisPipelineUtilsThread] INFO  pipeline.PipelinePlacementPolicy (PipelinePlacementPolicy.java:meetCriteria(91)) - Pipeline Placement: Doesn't meet the criteria to be viable node： ba62479e-9d0c-4e30-a2fc-a7b15472dec7 Heaviness: 6 limit: 5
2019-09-25 05:51:14,224 [RatisPipelineUtilsThread] INFO  pipeline.PipelinePlacementPolicy (PipelinePlacementPolicy.java:meetCriteria(91)) - Pipeline Placement: Doesn't meet the criteria to be viable node： 1dcd8056-b4df-4a42-9946-d6b50473a02f Heaviness: 6 limit: 5
2019-09-25 05:51:14,224 [RatisPipelineUtilsThread] INFO  pipeline.PipelinePlacementPolicy (PipelinePlacementPolicy.java:meetCriteria(91)) - Pipeline Placement: Doesn't meet the criteria to be viable node： f6b408ab-d2bf-4cc7-9b61-adae7633a687 Heaviness: 6 limit: 5
2019-09-25 05:51:14,224 [RatisPipelineUtilsThread] INFO  pipeline.PipelinePlacementPolicy (PipelinePlacementPolicy.java:meetCriteria(91)) - Pipeline Placement: Doesn't meet the criteria to be viable node： 7329b839-2890-4139-beee-2b486d1f212d Heaviness: 6 limit: 5
2019-09-25 05:51:14,224 [RatisPipelineUtilsThread] INFO  pipeline.PipelinePlacementPolicy (PipelinePlacementPolicy.java:meetCriteria(91)) - Pipeline Placement: Doesn't meet the criteria to be viable node： d6964a7c-cb4f-4cee-bc55-175c0a9b9094 Heaviness: 6 limit: 5
2019-09-25 05:51:14,224 [RatisPipelineUtilsThread] ERROR pipeline.PipelinePlacementPolicy (PipelinePlacementPolicy.java:filterViableNodes(148)) - Unable to find enough nodes that meet the criteria that cannot engage in more than 5 pipelines. Nodes required: 1 Found: 0, healthy nodes count inNodeManager: 7.
2019-09-25 05:51:14,225 [RatisPipelineUtilsThread] ERROR pipeline.SCMPipelineManager (SCMPipelineManager.java:createPipeline(167)) - Pipeline creation failed due to exception: Unable to find enough nodes that meet the criteria that cannot engage in more than 5 pipelines. Nodes required: 1 Found: 0, healthy nodes count inNodeManager: 7.
2019-09-25 05:51:14,225 [RatisPipelineUtilsThread] INFO  pipeline.PipelinePlacementPolicy (PipelinePlacementPolicy.java:meetCriteria(91)) - Pipeline Placement: Doesn't meet the criteria to be viable node： 1705b612-ae52-4202-ba1e-b52c03c1d4d6 Heaviness: 6 limit: 5
2019-09-25 05:51:14,225 [RatisPipelineUtilsThread] INFO  pipeline.PipelinePlacementPolicy (PipelinePlacementPolicy.java:meetCriteria(91)) - Pipeline Placement: Doesn't meet the criteria to be viable node： aa12bdd9-b98d-4e1b-b7bd-0fb99805d214 Heaviness: 6 limit: 5
2019-09-25 05:51:14,225 [RatisPipelineUtilsThread] INFO  pipeline.PipelinePlacementPolicy (PipelinePlacementPolicy.java:meetCriteria(91)) - Pipeline Placement: Doesn't meet the criteria to be viable node： ba62479e-9d0c-4e30-a2fc-a7b15472dec7 Heaviness: 6 limit: 5
2019-09-25 05:51:14,225 [RatisPipelineUtilsThread] INFO  pipeline.PipelinePlacementPolicy (PipelinePlacementPolicy.java:meetCriteria(91)) - Pipeline Placement: Doesn't meet the criteria to be viable node： 1dcd8056-b4df-4a42-9946-d6b50473a02f Heaviness: 6 limit: 5
2019-09-25 05:51:14,225 [RatisPipelineUtilsThread] INFO  pipeline.PipelinePlacementPolicy (PipelinePlacementPolicy.java:meetCriteria(91)) - Pipeline Placement: Doesn't meet the criteria to be viable node： f6b408ab-d2bf-4cc7-9b61-adae7633a687 Heaviness: 6 limit: 5
2019-09-25 05:51:14,226 [RatisPipelineUtilsThread] INFO  pipeline.PipelinePlacementPolicy (PipelinePlacementPolicy.java:meetCriteria(91)) - Pipeline Placement: Doesn't meet the criteria to be viable node： 7329b839-2890-4139-beee-2b486d1f212d Heaviness: 6 limit: 5
2019-09-25 05:51:14,226 [RatisPipelineUtilsThread] INFO  pipeline.PipelinePlacementPolicy (PipelinePlacementPolicy.java:meetCriteria(91)) - Pipeline Placement: Doesn't meet the criteria to be viable node： d6964a7c-cb4f-4cee-bc55-175c0a9b9094 Heaviness: 6 limit: 5
2019-09-25 05:51:14,230 [RatisPipelineUtilsThread] ERROR pipeline.PipelinePlacementPolicy (PipelinePlacementPolicy.java:filterViableNodes(148)) - Unable to find enough nodes that meet the criteria that cannot engage in more than 5 pipelines. Nodes required: 3 Found: 0, healthy nodes count inNodeManager: 7.
2019-09-25 05:51:14,230 [RatisPipelineUtilsThread] ERROR pipeline.SCMPipelineManager (SCMPipelineManager.java:createPipeline(167)) - Pipeline creation failed due to exception: Unable to find enough nodes that meet the criteria that cannot engage in more than 5 pipelines. Nodes required: 3 Found: 0, healthy nodes count inNodeManager: 7.
2019-09-25 05:51:14,230 [RatisPipelineUtilsThread] INFO  pipeline.PipelinePlacementPolicy (PipelinePlacementPolicy.java:meetCriteria(91)) - Pipeline Placement: Doesn't meet the criteria to be viable node： 1705b612-ae52-4202-ba1e-b52c03c1d4d6 Heaviness: 6 limit: 5
2019-09-25 05:51:14,231 [RatisPipelineUtilsThread] INFO  pipeline.PipelinePlacementPolicy (PipelinePlacementPolicy.java:meetCriteria(91)) - Pipeline Placement: Doesn't meet the criteria to be viable node： aa12bdd9-b98d-4e1b-b7bd-0fb99805d214 Heaviness: 6 limit: 5
2019-09-25 05:51:14,231 [RatisPipelineUtilsThread] INFO  pipeline.PipelinePlacementPolicy (PipelinePlacementPolicy.java:meetCriteria(91)) - Pipeline Placement: Doesn't meet the criteria to be viable node： ba62479e-9d0c-4e30-a2fc-a7b15472dec7 Heaviness: 6 limit: 5
2019-09-25 05:51:14,231 [RatisPipelineUtilsThread] INFO  pipeline.PipelinePlacementPolicy (PipelinePlacementPolicy.java:meetCriteria(91)) - Pipeline Placement: Doesn't meet the criteria to be viable node： 1dcd8056-b4df-4a42-9946-d6b50473a02f Heaviness: 6 limit: 5
2019-09-25 05:51:14,231 [RatisPipelineUtilsThread] INFO  pipeline.PipelinePlacementPolicy (PipelinePlacementPolicy.java:meetCriteria(91)) - Pipeline Placement: Doesn't meet the criteria to be viable node： f6b408ab-d2bf-4cc7-9b61-adae7633a687 Heaviness: 6 limit: 5
2019-09-25 05:51:14,231 [RatisPipelineUtilsThread] INFO  pipeline.PipelinePlacementPolicy (PipelinePlacementPolicy.java:meetCriteria(91)) - Pipeline Placement: Doesn't meet the criteria to be viable node： 7329b839-2890-4139-beee-2b486d1f212d Heaviness: 6 limit: 5
2019-09-25 05:51:14,231 [RatisPipelineUtilsThread] INFO  pipeline.PipelinePlacementPolicy (PipelinePlacementPolicy.java:meetCriteria(91)) - Pipeline Placement: Doesn't meet the criteria to be viable node： d6964a7c-cb4f-4cee-bc55-175c0a9b9094 Heaviness: 6 limit: 5
2019-09-25 05:51:14,231 [RatisPipelineUtilsThread] ERROR pipeline.PipelinePlacementPolicy (PipelinePlacementPolicy.java:filterViableNodes(148)) - Unable to find enough nodes that meet the criteria that cannot engage in more than 5 pipelines. Nodes required: 1 Found: 0, healthy nodes count inNodeManager: 7.
2019-09-25 05:51:14,231 [RatisPipelineUtilsThread] ERROR pipeline.SCMPipelineManager (SCMPipelineManager.java:createPipeline(167)) - Pipeline creation failed due to exception: Unable to find enough nodes that meet the criteria that cannot engage in more than 5 pipelines. Nodes required: 1 Found: 0, healthy nodes count inNodeManager: 7.
2019-09-25 05:51:14,232 [RatisPipelineUtilsThread] INFO  pipeline.PipelinePlacementPolicy (PipelinePlacementPolicy.java:meetCriteria(91)) - Pipeline Placement: Doesn't meet the criteria to be viable node： 1705b612-ae52-4202-ba1e-b52c03c1d4d6 Heaviness: 6 limit: 5
2019-09-25 05:51:14,232 [RatisPipelineUtilsThread] INFO  pipeline.PipelinePlacementPolicy (PipelinePlacementPolicy.java:meetCriteria(91)) - Pipeline Placement: Doesn't meet the criteria to be viable node： aa12bdd9-b98d-4e1b-b7bd-0fb99805d214 Heaviness: 6 limit: 5
2019-09-25 05:51:14,232 [RatisPipelineUtilsThread] INFO  pipeline.PipelinePlacementPolicy (PipelinePlacementPolicy.java:meetCriteria(91)) - Pipeline Placement: Doesn't meet the criteria to be viable node： ba62479e-9d0c-4e30-a2fc-a7b15472dec7 Heaviness: 6 limit: 5
2019-09-25 05:51:14,232 [RatisPipelineUtilsThread] INFO  pipeline.PipelinePlacementPolicy (PipelinePlacementPolicy.java:meetCriteria(91)) - Pipeline Placement: Doesn't meet the criteria to be viable node： 1dcd8056-b4df-4a42-9946-d6b50473a02f Heaviness: 6 limit: 5
2019-09-25 05:51:14,232 [RatisPipelineUtilsThread] INFO  pipeline.PipelinePlacementPolicy (PipelinePlacementPolicy.java:meetCriteria(91)) - Pipeline Placement: Doesn't meet the criteria to be viable node： f6b408ab-d2bf-4cc7-9b61-adae7633a687 Heaviness: 6 limit: 5
2019-09-25 05:51:14,232 [RatisPipelineUtilsThread] INFO  pipeline.PipelinePlacementPolicy (PipelinePlacementPolicy.java:meetCriteria(91)) - Pipeline Placement: Doesn't meet the criteria to be viable node： 7329b839-2890-4139-beee-2b486d1f212d Heaviness: 6 limit: 5
2019-09-25 05:51:14,232 [RatisPipelineUtilsThread] INFO  pipeline.PipelinePlacementPolicy (PipelinePlacementPolicy.java:meetCriteria(91)) - Pipeline Placement: Doesn't meet the criteria to be viable node： d6964a7c-cb4f-4cee-bc55-175c0a9b9094 Heaviness: 6 limit: 5
2019-09-25 05:51:14,233 [RatisPipelineUtilsThread] ERROR pipeline.PipelinePlacementPolicy (PipelinePlacementPolicy.java:filterViableNodes(148)) - Unable to find enough nodes that meet the criteria that cannot engage in more than 5 pipelines. Nodes required: 3 Found: 0, healthy nodes count inNodeManager: 7.
2019-09-25 05:51:14,233 [RatisPipelineUtilsThread] ERROR pipeline.SCMPipelineManager (SCMPipelineManager.java:createPipeline(167)) - Pipeline creation failed due to exception: Unable to find enough nodes that meet the criteria that cannot engage in more than 5 pipelines. Nodes required: 3 Found: 0, healthy nodes count inNodeManager: 7.
2019-09-25 05:51:14,233 [IPC Server handler 2 on 39688] INFO  pipeline.PipelinePlacementPolicy (PipelinePlacementPolicy.java:meetCriteria(91)) - Pipeline Placement: Doesn't meet the criteria to be viable node： 1705b612-ae52-4202-ba1e-b52c03c1d4d6 Heaviness: 6 limit: 5
2019-09-25 05:51:14,233 [IPC Server handler 2 on 39688] INFO  pipeline.PipelinePlacementPolicy (PipelinePlacementPolicy.java:meetCriteria(91)) - Pipeline Placement: Doesn't meet the criteria to be viable node： aa12bdd9-b98d-4e1b-b7bd-0fb99805d214 Heaviness: 6 limit: 5
2019-09-25 05:51:14,233 [IPC Server handler 2 on 39688] INFO  pipeline.PipelinePlacementPolicy (PipelinePlacementPolicy.java:meetCriteria(91)) - Pipeline Placement: Doesn't meet the criteria to be viable node： ba62479e-9d0c-4e30-a2fc-a7b15472dec7 Heaviness: 6 limit: 5
2019-09-25 05:51:14,234 [IPC Server handler 2 on 39688] INFO  pipeline.PipelinePlacementPolicy (PipelinePlacementPolicy.java:meetCriteria(91)) - Pipeline Placement: Doesn't meet the criteria to be viable node： 1dcd8056-b4df-4a42-9946-d6b50473a02f Heaviness: 6 limit: 5
2019-09-25 05:51:14,234 [IPC Server handler 2 on 39688] INFO  pipeline.PipelinePlacementPolicy (PipelinePlacementPolicy.java:meetCriteria(91)) - Pipeline Placement: Doesn't meet the criteria to be viable node： f6b408ab-d2bf-4cc7-9b61-adae7633a687 Heaviness: 6 limit: 5
2019-09-25 05:51:14,234 [IPC Server handler 2 on 39688] INFO  pipeline.PipelinePlacementPolicy (PipelinePlacementPolicy.java:meetCriteria(91)) - Pipeline Placement: Doesn't meet the criteria to be viable node： 7329b839-2890-4139-beee-2b486d1f212d Heaviness: 6 limit: 5
2019-09-25 05:51:14,234 [IPC Server handler 2 on 39688] INFO  pipeline.PipelinePlacementPolicy (PipelinePlacementPolicy.java:meetCriteria(91)) - Pipeline Placement: Doesn't meet the criteria to be viable node： d6964a7c-cb4f-4cee-bc55-175c0a9b9094 Heaviness: 6 limit: 5
2019-09-25 05:51:14,234 [IPC Server handler 2 on 39688] ERROR pipeline.PipelinePlacementPolicy (PipelinePlacementPolicy.java:filterViableNodes(148)) - Unable to find enough nodes that meet the criteria that cannot engage in more than 5 pipelines. Nodes required: 3 Found: 0, healthy nodes count inNodeManager: 7.
2019-09-25 05:51:14,235 [IPC Server handler 2 on 39688] ERROR pipeline.SCMPipelineManager (SCMPipelineManager.java:createPipeline(167)) - Pipeline creation failed due to exception: Unable to find enough nodes that meet the criteria that cannot engage in more than 5 pipelines. Nodes required: 3 Found: 0, healthy nodes count inNodeManager: 7.
2019-09-25 05:51:14,235 [IPC Server handler 2 on 39688] WARN  block.BlockManagerImpl (BlockManagerImpl.java:allocateBlock(192)) - Pipeline creation failed for type:RATIS factor:THREE. Retrying get pipelines call once.
org.apache.hadoop.hdds.scm.exceptions.SCMException: Unable to find enough nodes that meet the criteria that cannot engage in more than 5 pipelines. Nodes required: 3 Found: 0, healthy nodes count inNodeManager: 7.
	at org.apache.hadoop.hdds.scm.pipeline.PipelinePlacementPolicy.filterViableNodes(PipelinePlacementPolicy.java:149)
	at org.apache.hadoop.hdds.scm.pipeline.PipelinePlacementPolicy.chooseDatanodes(PipelinePlacementPolicy.java:172)
	at org.apache.hadoop.hdds.scm.pipeline.RatisPipelineProvider.create(RatisPipelineProvider.java:93)
	at org.apache.hadoop.hdds.scm.pipeline.PipelineFactory.create(PipelineFactory.java:58)
	at org.apache.hadoop.hdds.scm.pipeline.SCMPipelineManager.createPipeline(SCMPipelineManager.java:155)
	at org.apache.hadoop.hdds.scm.block.BlockManagerImpl.allocateBlock(BlockManagerImpl.java:190)
	at org.apache.hadoop.hdds.scm.server.SCMBlockProtocolServer.allocateBlock(SCMBlockProtocolServer.java:182)
	at org.apache.hadoop.ozone.protocolPB.ScmBlockLocationProtocolServerSideTranslatorPB.allocateScmBlock(ScmBlockLocationProtocolServerSideTranslatorPB.java:183)
	at org.apache.hadoop.ozone.protocolPB.ScmBlockLocationProtocolServerSideTranslatorPB.processMessage(ScmBlockLocationProtocolServerSideTranslatorPB.java:141)
	at org.apache.hadoop.ozone.protocolPB.ScmBlockLocationProtocolServerSideTranslatorPB.send(ScmBlockLocationProtocolServerSideTranslatorPB.java:116)
	at org.apache.hadoop.hdds.protocol.proto.ScmBlockLocationProtocolProtos$ScmBlockLocationProtocolService$2.callBlockingMethod(ScmBlockLocationProtocolProtos.java:13157)
	at org.apache.hadoop.ipc.ProtobufRpcEngine$Server$ProtoBufRpcInvoker.call(ProtobufRpcEngine.java:524)
	at org.apache.hadoop.ipc.RPC$Server.call(RPC.java:1025)
	at org.apache.hadoop.ipc.Server$RpcCall.run(Server.java:876)
	at org.apache.hadoop.ipc.Server$RpcCall.run(Server.java:822)
	at java.security.AccessController.doPrivileged(Native Method)
	at javax.security.auth.Subject.doAs(Subject.java:422)
	at org.apache.hadoop.security.UserGroupInformation.doAs(UserGroupInformation.java:1730)
	at org.apache.hadoop.ipc.Server$Handler.run(Server.java:2682)
2019-09-25 05:51:14,235 [IPC Server handler 2 on 39688] INFO  block.BlockManagerImpl (BlockManagerImpl.java:allocateBlock(198)) - Could not find available pipeline of type:RATIS and factor:THREE even after retrying
2019-09-25 05:51:14,236 [IPC Server handler 2 on 39688] ERROR block.BlockManagerImpl (BlockManagerImpl.java:allocateBlock(222)) - Unable to allocate a block for the size: 800, type: RATIS, factor: THREE
2019-09-25 05:51:14,237 [main] INFO  ozone.MiniOzoneClusterImpl (MiniOzoneClusterImpl.java:shutdown(314)) - Shutting down the Mini Ozone Cluster
2019-09-25 05:51:14,237 [main] INFO  ozone.MiniOzoneClusterImpl (MiniOzoneClusterImpl.java:stop(330)) - Stopping the Mini Ozone Cluster
2019-09-25 05:51:14,237 [main] INFO  ozone.MiniOzoneClusterImpl (MiniOzoneClusterImpl.java:stopOM(400)) - Stopping the OzoneManager
2019-09-25 05:51:14,237 [main] INFO  ipc.Server (Server.java:stop(3082)) - Stopping server on 38745
2019-09-25 05:51:14,252 [IPC Server listener on 38745] INFO  ipc.Server (Server.java:run(1185)) - Stopping IPC Server listener on 38745
2019-09-25 05:51:14,258 [main] INFO  ratis.OzoneManagerDoubleBuffer (OzoneManagerDoubleBuffer.java:stop(248)) - Stopping OMDoubleBuffer flush thread
2019-09-25 05:51:14,260 [IPC Server Responder] INFO  ipc.Server (Server.java:run(1319)) - Stopping IPC Server Responder
2019-09-25 05:51:14,268 [OMDoubleBufferFlushThread] INFO  ratis.OzoneManagerDoubleBuffer (OzoneManagerDoubleBuffer.java:flushTransactions(191)) - OMDoubleBuffer flush thread OMDoubleBufferFlushThread is interrupted and will exit. OMDoubleBufferFlushThread
2019-09-25 05:51:14,285 [main] INFO  utils.BackgroundService (BackgroundService.java:shutdown(148)) - Shutting down service KeyDeletingService
2019-09-25 05:51:14,289 [main] INFO  handler.ContextHandler (ContextHandler.java:doStop(910)) - Stopped o.e.j.w.WebAppContext@1d7f2f0a{/,null,UNAVAILABLE}{/ozoneManager}
2019-09-25 05:51:14,292 [main] INFO  server.AbstractConnector (AbstractConnector.java:doStop(318)) - Stopped ServerConnector@54defd69{HTTP/1.1,[http/1.1]}{0.0.0.0:0}
2019-09-25 05:51:14,292 [main] INFO  handler.ContextHandler (ContextHandler.java:doStop(910)) - Stopped o.e.j.s.ServletContextHandler@5ca22e19{/static,file:///workdir/hadoop-ozone/integration-test/target/test-classes/webapps/static,UNAVAILABLE}
2019-09-25 05:51:14,293 [main] INFO  handler.ContextHandler (ContextHandler.java:doStop(910)) - Stopped o.e.j.s.ServletContextHandler@44aed6a4{/logs,file:///workdir/hadoop-ozone/integration-test/target/log,UNAVAILABLE}
2019-09-25 05:51:14,295 [main] INFO  ozone.MiniOzoneClusterImpl (MiniOzoneClusterImpl.java:stopDatanodes(377)) - Stopping the HddsDatanodes
2019-09-25 05:51:14,620 [Datanode State Machine Thread - 0] INFO  statemachine.DatanodeStateMachine (DatanodeStateMachine.java:lambda$startDaemon$0(350)) - Ozone container server started.
2019-09-25 05:51:14,910 [Datanode State Machine Thread - 0] INFO  statemachine.DatanodeStateMachine (DatanodeStateMachine.java:lambda$startDaemon$0(350)) - Ozone container server started.
2019-09-25 05:51:15,521 [Thread-3971] INFO  container.ReplicationManager (ReplicationManager.java:start(163)) - Starting Replication Monitor Thread.
2019-09-25 05:51:15,527 [ReplicationMonitor] INFO  container.ReplicationManager (ReplicationManager.java:run(226)) - Replication Monitor Thread took 0 milliseconds for processing 0 containers.
2019-09-25 05:51:17,631 [Thread-3973] INFO  impl.FollowerState (FollowerState.java:run(106)) - 1705b612-ae52-4202-ba1e-b52c03c1d4d6:group-0583F6D3229C changes to CANDIDATE, lastRpcTime:5060, electionTimeout:5060ms
2019-09-25 05:51:17,632 [Thread-3973] INFO  impl.RoleInfo (RoleInfo.java:shutdownFollowerState(121)) - 1705b612-ae52-4202-ba1e-b52c03c1d4d6: shutdown FollowerState
2019-09-25 05:51:17,632 [Thread-3973] INFO  impl.RaftServerImpl (RaftServerImpl.java:setRole(174)) - 1705b612-ae52-4202-ba1e-b52c03c1d4d6@group-0583F6D3229C: changes role from  FOLLOWER to CANDIDATE at term 0 for changeToCandidate
2019-09-25 05:51:17,632 [Thread-3973] INFO  impl.RoleInfo (RoleInfo.java:updateAndGet(143)) - 1705b612-ae52-4202-ba1e-b52c03c1d4d6: start LeaderElection
2019-09-25 05:51:17,651 [1705b612-ae52-4202-ba1e-b52c03c1d4d6@group-0583F6D3229C:LeaderElection298] INFO  impl.LeaderElection (LeaderElection.java:askForVotes(182)) - 1705b612-ae52-4202-ba1e-b52c03c1d4d6@group-0583F6D3229C:LeaderElection298: begin an election at term 1 for -1: [1705b612-ae52-4202-ba1e-b52c03c1d4d6:192.168.30.10:40355], old=null
2019-09-25 05:51:17,651 [1705b612-ae52-4202-ba1e-b52c03c1d4d6@group-0583F6D3229C:LeaderElection298] INFO  impl.RoleInfo (RoleInfo.java:shutdownLeaderElection(134)) - 1705b612-ae52-4202-ba1e-b52c03c1d4d6: shutdown LeaderElection
2019-09-25 05:51:17,651 [1705b612-ae52-4202-ba1e-b52c03c1d4d6@group-0583F6D3229C:LeaderElection298] INFO  impl.RaftServerImpl (RaftServerImpl.java:setRole(174)) - 1705b612-ae52-4202-ba1e-b52c03c1d4d6@group-0583F6D3229C: changes role from CANDIDATE to LEADER at term 1 for changeToLeader
2019-09-25 05:51:17,651 [1705b612-ae52-4202-ba1e-b52c03c1d4d6@group-0583F6D3229C:LeaderElection298] INFO  impl.RaftServerImpl (ServerState.java:setLeader(253)) - 1705b612-ae52-4202-ba1e-b52c03c1d4d6@group-0583F6D3229C: change Leader from null to 1705b612-ae52-4202-ba1e-b52c03c1d4d6 at term 1 for becomeLeader, leader elected after 5085ms
2019-09-25 05:51:17,651 [1705b612-ae52-4202-ba1e-b52c03c1d4d6@group-0583F6D3229C:LeaderElection298] INFO  server.RaftServerConfigKeys (ConfUtils.java:logGet(43)) - raft.server.staging.catchup.gap = 1000 (default)
2019-09-25 05:51:17,651 [1705b612-ae52-4202-ba1e-b52c03c1d4d6@group-0583F6D3229C:LeaderElection298] INFO  server.RaftServerConfigKeys (ConfUtils.java:logGet(43)) - raft.server.rpc.sleep.time = 25ms (default)
2019-09-25 05:51:17,652 [1705b612-ae52-4202-ba1e-b52c03c1d4d6@group-0583F6D3229C:LeaderElection298] INFO  server.RaftServerConfigKeys (ConfUtils.java:logGet(43)) - raft.server.write.element-limit = 4096 (default)
2019-09-25 05:51:17,652 [1705b612-ae52-4202-ba1e-b52c03c1d4d6@group-0583F6D3229C:LeaderElection298] INFO  server.RaftServerConfigKeys (ConfUtils.java:logGet(43)) - raft.server.watch.timeout = 10s (default)
2019-09-25 05:51:17,652 [1705b612-ae52-4202-ba1e-b52c03c1d4d6@group-0583F6D3229C:LeaderElection298] INFO  server.RaftServerConfigKeys (ConfUtils.java:logGet(43)) - raft.server.watch.timeout.denomination = 1s (default)
2019-09-25 05:51:17,652 [1705b612-ae52-4202-ba1e-b52c03c1d4d6@group-0583F6D3229C:LeaderElection298] INFO  server.RaftServerConfigKeys (ConfUtils.java:logGet(43)) - raft.server.watch.element-limit = 65536 (default)
2019-09-25 05:51:17,654 [1705b612-ae52-4202-ba1e-b52c03c1d4d6@group-0583F6D3229C:LeaderElection298] INFO  impl.RoleInfo (RoleInfo.java:updateAndGet(143)) - 1705b612-ae52-4202-ba1e-b52c03c1d4d6: start LeaderState
2019-09-25 05:51:17,654 [1705b612-ae52-4202-ba1e-b52c03c1d4d6@group-0583F6D3229C:LeaderElection298] INFO  segmented.SegmentedRaftLogWorker (SegmentedRaftLogWorker.java:startLogSegment(380)) - 1705b612-ae52-4202-ba1e-b52c03c1d4d6@group-0583F6D3229C-SegmentedRaftLogWorker: Starting segment from index:0
2019-09-25 05:51:17,655 [1705b612-ae52-4202-ba1e-b52c03c1d4d6@group-0583F6D3229C:LeaderElection298] INFO  impl.RaftServerImpl (ServerState.java:setRaftConf(354)) - 1705b612-ae52-4202-ba1e-b52c03c1d4d6@group-0583F6D3229C: set configuration 0: [1705b612-ae52-4202-ba1e-b52c03c1d4d6:192.168.30.10:40355], old=null at 0
2019-09-25 05:51:17,683 [Thread-3979] INFO  impl.FollowerState (FollowerState.java:run(106)) - 1705b612-ae52-4202-ba1e-b52c03c1d4d6:group-E6435BF48D80 changes to CANDIDATE, lastRpcTime:5039, electionTimeout:5039ms
2019-09-25 05:51:17,684 [Thread-3979] INFO  impl.RoleInfo (RoleInfo.java:shutdownFollowerState(121)) - 1705b612-ae52-4202-ba1e-b52c03c1d4d6: shutdown FollowerState
2019-09-25 05:51:17,684 [Thread-3979] INFO  impl.RaftServerImpl (RaftServerImpl.java:setRole(174)) - 1705b612-ae52-4202-ba1e-b52c03c1d4d6@group-E6435BF48D80: changes role from  FOLLOWER to CANDIDATE at term 0 for changeToCandidate
2019-09-25 05:51:17,684 [Thread-3979] INFO  impl.RoleInfo (RoleInfo.java:updateAndGet(143)) - 1705b612-ae52-4202-ba1e-b52c03c1d4d6: start LeaderElection
2019-09-25 05:51:17,689 [1705b612-ae52-4202-ba1e-b52c03c1d4d6@group-0583F6D3229C-SegmentedRaftLogWorker] INFO  segmented.SegmentedRaftLogWorker (SegmentedRaftLogWorker.java:execute(569)) - 1705b612-ae52-4202-ba1e-b52c03c1d4d6@group-0583F6D3229C-SegmentedRaftLogWorker: created new log segment /workdir/hadoop-ozone/integration-test/target/test-dir/MiniOzoneClusterImpl-6389a31f-e1b2-4948-a777-3ab81d592f44/datanode-0/data/ratis/cbc9eb7d-3608-42e0-9ad3-0583f6d3229c/current/log_inprogress_0
2019-09-25 05:51:17,692 [1705b612-ae52-4202-ba1e-b52c03c1d4d6@group-E6435BF48D80:LeaderElection299] INFO  impl.LeaderElection (LeaderElection.java:askForVotes(182)) - 1705b612-ae52-4202-ba1e-b52c03c1d4d6@group-E6435BF48D80:LeaderElection299: begin an election at term 1 for -1: [1705b612-ae52-4202-ba1e-b52c03c1d4d6:192.168.30.10:40355], old=null
2019-09-25 05:51:17,692 [1705b612-ae52-4202-ba1e-b52c03c1d4d6@group-E6435BF48D80:LeaderElection299] INFO  impl.RoleInfo (RoleInfo.java:shutdownLeaderElection(134)) - 1705b612-ae52-4202-ba1e-b52c03c1d4d6: shutdown LeaderElection
2019-09-25 05:51:17,692 [1705b612-ae52-4202-ba1e-b52c03c1d4d6@group-E6435BF48D80:LeaderElection299] INFO  impl.RaftServerImpl (RaftServerImpl.java:setRole(174)) - 1705b612-ae52-4202-ba1e-b52c03c1d4d6@group-E6435BF48D80: changes role from CANDIDATE to LEADER at term 1 for changeToLeader
2019-09-25 05:51:17,692 [1705b612-ae52-4202-ba1e-b52c03c1d4d6@group-E6435BF48D80:LeaderElection299] INFO  impl.RaftServerImpl (ServerState.java:setLeader(253)) - 1705b612-ae52-4202-ba1e-b52c03c1d4d6@group-E6435BF48D80: change Leader from null to 1705b612-ae52-4202-ba1e-b52c03c1d4d6 at term 1 for becomeLeader, leader elected after 5052ms
2019-09-25 05:51:17,692 [1705b612-ae52-4202-ba1e-b52c03c1d4d6@group-E6435BF48D80:LeaderElection299] INFO  server.RaftServerConfigKeys (ConfUtils.java:logGet(43)) - raft.server.staging.catchup.gap = 1000 (default)
2019-09-25 05:51:17,692 [1705b612-ae52-4202-ba1e-b52c03c1d4d6@group-E6435BF48D80:LeaderElection299] INFO  server.RaftServerConfigKeys (ConfUtils.java:logGet(43)) - raft.server.rpc.sleep.time = 25ms (default)
2019-09-25 05:51:17,692 [1705b612-ae52-4202-ba1e-b52c03c1d4d6@group-E6435BF48D80:LeaderElection299] INFO  server.RaftServerConfigKeys (ConfUtils.java:logGet(43)) - raft.server.write.element-limit = 4096 (default)
2019-09-25 05:51:17,692 [1705b612-ae52-4202-ba1e-b52c03c1d4d6@group-E6435BF48D80:LeaderElection299] INFO  server.RaftServerConfigKeys (ConfUtils.java:logGet(43)) - raft.server.watch.timeout = 10s (default)
2019-09-25 05:51:17,692 [1705b612-ae52-4202-ba1e-b52c03c1d4d6@group-E6435BF48D80:LeaderElection299] INFO  server.RaftServerConfigKeys (ConfUtils.java:logGet(43)) - raft.server.watch.timeout.denomination = 1s (default)
2019-09-25 05:51:17,693 [1705b612-ae52-4202-ba1e-b52c03c1d4d6@group-E6435BF48D80:LeaderElection299] INFO  server.RaftServerConfigKeys (ConfUtils.java:logGet(43)) - raft.server.watch.element-limit = 65536 (default)
2019-09-25 05:51:17,694 [1705b612-ae52-4202-ba1e-b52c03c1d4d6@group-E6435BF48D80:LeaderElection299] INFO  impl.RoleInfo (RoleInfo.java:updateAndGet(143)) - 1705b612-ae52-4202-ba1e-b52c03c1d4d6: start LeaderState
2019-09-25 05:51:17,694 [1705b612-ae52-4202-ba1e-b52c03c1d4d6@group-E6435BF48D80:LeaderElection299] INFO  segmented.SegmentedRaftLogWorker (SegmentedRaftLogWorker.java:startLogSegment(380)) - 1705b612-ae52-4202-ba1e-b52c03c1d4d6@group-E6435BF48D80-SegmentedRaftLogWorker: Starting segment from index:0
2019-09-25 05:51:17,694 [1705b612-ae52-4202-ba1e-b52c03c1d4d6@group-E6435BF48D80:LeaderElection299] INFO  impl.RaftServerImpl (ServerState.java:setRaftConf(354)) - 1705b612-ae52-4202-ba1e-b52c03c1d4d6@group-E6435BF48D80: set configuration 0: [1705b612-ae52-4202-ba1e-b52c03c1d4d6:192.168.30.10:40355], old=null at 0
2019-09-25 05:51:17,719 [EventQueue-StaleNodeForStaleNodeHandler] INFO  node.StaleNodeHandler (StaleNodeHandler.java:onMessage(58)) - Datanode aa12bdd9-b98d-4e1b-b7bd-0fb99805d214{ip: 192.168.30.10, host: pr-hdds-1569-s62bp-3040748787, networkLocation: /default-rack, certSerialId: null} moved to stale state. Finalizing its pipelines [PipelineID=7369d5d4-920c-4e40-9f33-ce073f8eeacb, PipelineID=3dfa80ff-259f-4e33-936c-f00416fea6ee, PipelineID=bc8545b4-9b5c-4b06-932a-4fdffc759819, PipelineID=3514bcab-66cc-46a1-87bf-510509479a79, PipelineID=ba3310b5-630a-4f87-9551-21a082c375ce, PipelineID=b69ce844-c1d2-49a4-9834-e8be53c004a9]
2019-09-25 05:51:17,719 [EventQueue-StaleNodeForStaleNodeHandler] INFO  pipeline.SCMPipelineManager (SCMPipelineManager.java:finalizeAndDestroyPipeline(317)) - destroying pipeline:Pipeline[ Id: 7369d5d4-920c-4e40-9f33-ce073f8eeacb, Nodes: aa12bdd9-b98d-4e1b-b7bd-0fb99805d214{ip: 192.168.30.10, host: pr-hdds-1569-s62bp-3040748787, networkLocation: /default-rack, certSerialId: null}, Type:RATIS, Factor:ONE, State:OPEN]
2019-09-25 05:51:17,720 [Thread-3982] INFO  impl.FollowerState (FollowerState.java:run(106)) - aa12bdd9-b98d-4e1b-b7bd-0fb99805d214:group-E8BE53C004A9 changes to CANDIDATE, lastRpcTime:5034, electionTimeout:5034ms
2019-09-25 05:51:17,720 [EventQueue-StaleNodeForStaleNodeHandler] INFO  pipeline.PipelineStateManager (PipelineStateManager.java:finalizePipeline(123)) - Pipeline Pipeline[ Id: 7369d5d4-920c-4e40-9f33-ce073f8eeacb, Nodes: aa12bdd9-b98d-4e1b-b7bd-0fb99805d214{ip: 192.168.30.10, host: pr-hdds-1569-s62bp-3040748787, networkLocation: /default-rack, certSerialId: null}, Type:RATIS, Factor:ONE, State:CLOSED] moved to CLOSED state
2019-09-25 05:51:17,723 [Thread-3982] INFO  impl.RoleInfo (RoleInfo.java:shutdownFollowerState(121)) - aa12bdd9-b98d-4e1b-b7bd-0fb99805d214: shutdown FollowerState
2019-09-25 05:51:17,723 [Thread-3982] INFO  impl.RaftServerImpl (RaftServerImpl.java:setRole(174)) - aa12bdd9-b98d-4e1b-b7bd-0fb99805d214@group-E8BE53C004A9: changes role from  FOLLOWER to CANDIDATE at term 0 for changeToCandidate
2019-09-25 05:51:17,723 [EventQueue-StaleNodeForStaleNodeHandler] INFO  pipeline.SCMPipelineManager (SCMPipelineManager.java:finalizeAndDestroyPipeline(317)) - destroying pipeline:Pipeline[ Id: 3dfa80ff-259f-4e33-936c-f00416fea6ee, Nodes: aa12bdd9-b98d-4e1b-b7bd-0fb99805d214{ip: 192.168.30.10, host: pr-hdds-1569-s62bp-3040748787, networkLocation: /default-rack, certSerialId: null}, Type:RATIS, Factor:ONE, State:OPEN]
2019-09-25 05:51:17,723 [Thread-3982] INFO  impl.RoleInfo (RoleInfo.java:updateAndGet(143)) - aa12bdd9-b98d-4e1b-b7bd-0fb99805d214: start LeaderElection
2019-09-25 05:51:17,724 [EventQueue-StaleNodeForStaleNodeHandler] INFO  pipeline.PipelineStateManager (PipelineStateManager.java:finalizePipeline(123)) - Pipeline Pipeline[ Id: 3dfa80ff-259f-4e33-936c-f00416fea6ee, Nodes: aa12bdd9-b98d-4e1b-b7bd-0fb99805d214{ip: 192.168.30.10, host: pr-hdds-1569-s62bp-3040748787, networkLocation: /default-rack, certSerialId: null}, Type:RATIS, Factor:ONE, State:CLOSED] moved to CLOSED state
2019-09-25 05:51:17,724 [EventQueue-StaleNodeForStaleNodeHandler] INFO  pipeline.SCMPipelineManager (SCMPipelineManager.java:finalizeAndDestroyPipeline(317)) - destroying pipeline:Pipeline[ Id: bc8545b4-9b5c-4b06-932a-4fdffc759819, Nodes: aa12bdd9-b98d-4e1b-b7bd-0fb99805d214{ip: 192.168.30.10, host: pr-hdds-1569-s62bp-3040748787, networkLocation: /default-rack, certSerialId: null}, Type:RATIS, Factor:ONE, State:OPEN]
2019-09-25 05:51:17,727 [EventQueue-StaleNodeForStaleNodeHandler] INFO  pipeline.PipelineStateManager (PipelineStateManager.java:finalizePipeline(123)) - Pipeline Pipeline[ Id: bc8545b4-9b5c-4b06-932a-4fdffc759819, Nodes: aa12bdd9-b98d-4e1b-b7bd-0fb99805d214{ip: 192.168.30.10, host: pr-hdds-1569-s62bp-3040748787, networkLocation: /default-rack, certSerialId: null}, Type:RATIS, Factor:ONE, State:CLOSED] moved to CLOSED state
2019-09-25 05:51:17,727 [EventQueue-StaleNodeForStaleNodeHandler] INFO  pipeline.SCMPipelineManager (SCMPipelineManager.java:finalizeAndDestroyPipeline(317)) - destroying pipeline:Pipeline[ Id: 3514bcab-66cc-46a1-87bf-510509479a79, Nodes: aa12bdd9-b98d-4e1b-b7bd-0fb99805d214{ip: 192.168.30.10, host: pr-hdds-1569-s62bp-3040748787, networkLocation: /default-rack, certSerialId: null}, Type:RATIS, Factor:ONE, State:OPEN]
2019-09-25 05:51:17,727 [EventQueue-StaleNodeForStaleNodeHandler] INFO  pipeline.PipelineStateManager (PipelineStateManager.java:finalizePipeline(123)) - Pipeline Pipeline[ Id: 3514bcab-66cc-46a1-87bf-510509479a79, Nodes: aa12bdd9-b98d-4e1b-b7bd-0fb99805d214{ip: 192.168.30.10, host: pr-hdds-1569-s62bp-3040748787, networkLocation: /default-rack, certSerialId: null}, Type:RATIS, Factor:ONE, State:CLOSED] moved to CLOSED state
2019-09-25 05:51:17,727 [EventQueue-StaleNodeForStaleNodeHandler] INFO  pipeline.SCMPipelineManager (SCMPipelineManager.java:finalizeAndDestroyPipeline(317)) - destroying pipeline:Pipeline[ Id: ba3310b5-630a-4f87-9551-21a082c375ce, Nodes: aa12bdd9-b98d-4e1b-b7bd-0fb99805d214{ip: 192.168.30.10, host: pr-hdds-1569-s62bp-3040748787, networkLocation: /default-rack, certSerialId: null}, Type:RATIS, Factor:ONE, State:OPEN]
2019-09-25 05:51:17,727 [EventQueue-StaleNodeForStaleNodeHandler] INFO  pipeline.PipelineStateManager (PipelineStateManager.java:finalizePipeline(123)) - Pipeline Pipeline[ Id: ba3310b5-630a-4f87-9551-21a082c375ce, Nodes: aa12bdd9-b98d-4e1b-b7bd-0fb99805d214{ip: 192.168.30.10, host: pr-hdds-1569-s62bp-3040748787, networkLocation: /default-rack, certSerialId: null}, Type:RATIS, Factor:ONE, State:CLOSED] moved to CLOSED state
2019-09-25 05:51:17,727 [EventQueue-StaleNodeForStaleNodeHandler] INFO  pipeline.SCMPipelineManager (SCMPipelineManager.java:finalizeAndDestroyPipeline(317)) - destroying pipeline:Pipeline[ Id: b69ce844-c1d2-49a4-9834-e8be53c004a9, Nodes: aa12bdd9-b98d-4e1b-b7bd-0fb99805d214{ip: 192.168.30.10, host: pr-hdds-1569-s62bp-3040748787, networkLocation: /default-rack, certSerialId: null}, Type:RATIS, Factor:ONE, State:OPEN]
2019-09-25 05:51:17,728 [EventQueue-StaleNodeForStaleNodeHandler] INFO  pipeline.PipelineStateManager (PipelineStateManager.java:finalizePipeline(123)) - Pipeline Pipeline[ Id: b69ce844-c1d2-49a4-9834-e8be53c004a9, Nodes: aa12bdd9-b98d-4e1b-b7bd-0fb99805d214{ip: 192.168.30.10, host: pr-hdds-1569-s62bp-3040748787, networkLocation: /default-rack, certSerialId: null}, Type:RATIS, Factor:ONE, State:CLOSED] moved to CLOSED state
2019-09-25 05:51:17,730 [1705b612-ae52-4202-ba1e-b52c03c1d4d6@group-E6435BF48D80-SegmentedRaftLogWorker] INFO  segmented.SegmentedRaftLogWorker (SegmentedRaftLogWorker.java:execute(569)) - 1705b612-ae52-4202-ba1e-b52c03c1d4d6@group-E6435BF48D80-SegmentedRaftLogWorker: created new log segment /workdir/hadoop-ozone/integration-test/target/test-dir/MiniOzoneClusterImpl-6389a31f-e1b2-4948-a777-3ab81d592f44/datanode-0/data/ratis/bfc2e337-94d0-46dc-a11f-e6435bf48d80/current/log_inprogress_0
2019-09-25 05:51:17,730 [aa12bdd9-b98d-4e1b-b7bd-0fb99805d214@group-E8BE53C004A9:LeaderElection300] INFO  impl.LeaderElection (LeaderElection.java:askForVotes(182)) - aa12bdd9-b98d-4e1b-b7bd-0fb99805d214@group-E8BE53C004A9:LeaderElection300: begin an election at term 1 for -1: [aa12bdd9-b98d-4e1b-b7bd-0fb99805d214:192.168.30.10:37397], old=null
2019-09-25 05:51:17,730 [aa12bdd9-b98d-4e1b-b7bd-0fb99805d214@group-E8BE53C004A9:LeaderElection300] INFO  impl.RoleInfo (RoleInfo.java:shutdownLeaderElection(134)) - aa12bdd9-b98d-4e1b-b7bd-0fb99805d214: shutdown LeaderElection
2019-09-25 05:51:17,730 [aa12bdd9-b98d-4e1b-b7bd-0fb99805d214@group-E8BE53C004A9:LeaderElection300] INFO  impl.RaftServerImpl (RaftServerImpl.java:setRole(174)) - aa12bdd9-b98d-4e1b-b7bd-0fb99805d214@group-E8BE53C004A9: changes role from CANDIDATE to LEADER at term 1 for changeToLeader
2019-09-25 05:51:17,731 [aa12bdd9-b98d-4e1b-b7bd-0fb99805d214@group-E8BE53C004A9:LeaderElection300] INFO  impl.RaftServerImpl (ServerState.java:setLeader(253)) - aa12bdd9-b98d-4e1b-b7bd-0fb99805d214@group-E8BE53C004A9: change Leader from null to aa12bdd9-b98d-4e1b-b7bd-0fb99805d214 at term 1 for becomeLeader, leader elected after 5049ms
2019-09-25 05:51:17,731 [aa12bdd9-b98d-4e1b-b7bd-0fb99805d214@group-E8BE53C004A9:LeaderElection300] INFO  server.RaftServerConfigKeys (ConfUtils.java:logGet(43)) - raft.server.staging.catchup.gap = 1000 (default)
2019-09-25 05:51:17,731 [aa12bdd9-b98d-4e1b-b7bd-0fb99805d214@group-E8BE53C004A9:LeaderElection300] INFO  server.RaftServerConfigKeys (ConfUtils.java:logGet(43)) - raft.server.rpc.sleep.time = 25ms (default)
2019-09-25 05:51:17,731 [aa12bdd9-b98d-4e1b-b7bd-0fb99805d214@group-E8BE53C004A9:LeaderElection300] INFO  server.RaftServerConfigKeys (ConfUtils.java:logGet(43)) - raft.server.write.element-limit = 4096 (default)
2019-09-25 05:51:17,731 [aa12bdd9-b98d-4e1b-b7bd-0fb99805d214@group-E8BE53C004A9:LeaderElection300] INFO  server.RaftServerConfigKeys (ConfUtils.java:logGet(43)) - raft.server.watch.timeout = 10s (default)
2019-09-25 05:51:17,732 [aa12bdd9-b98d-4e1b-b7bd-0fb99805d214@group-E8BE53C004A9:LeaderElection300] INFO  server.RaftServerConfigKeys (ConfUtils.java:logGet(43)) - raft.server.watch.timeout.denomination = 1s (default)
2019-09-25 05:51:17,732 [aa12bdd9-b98d-4e1b-b7bd-0fb99805d214@group-E8BE53C004A9:LeaderElection300] INFO  server.RaftServerConfigKeys (ConfUtils.java:logGet(43)) - raft.server.watch.element-limit = 65536 (default)
2019-09-25 05:51:17,734 [aa12bdd9-b98d-4e1b-b7bd-0fb99805d214@group-E8BE53C004A9:LeaderElection300] INFO  impl.RoleInfo (RoleInfo.java:updateAndGet(143)) - aa12bdd9-b98d-4e1b-b7bd-0fb99805d214: start LeaderState
2019-09-25 05:51:17,734 [aa12bdd9-b98d-4e1b-b7bd-0fb99805d214@group-E8BE53C004A9:LeaderElection300] INFO  segmented.SegmentedRaftLogWorker (SegmentedRaftLogWorker.java:startLogSegment(380)) - aa12bdd9-b98d-4e1b-b7bd-0fb99805d214@group-E8BE53C004A9-SegmentedRaftLogWorker: Starting segment from index:0
2019-09-25 05:51:17,735 [aa12bdd9-b98d-4e1b-b7bd-0fb99805d214@group-E8BE53C004A9:LeaderElection300] INFO  impl.RaftServerImpl (ServerState.java:setRaftConf(354)) - aa12bdd9-b98d-4e1b-b7bd-0fb99805d214@group-E8BE53C004A9: set configuration 0: [aa12bdd9-b98d-4e1b-b7bd-0fb99805d214:192.168.30.10:37397], old=null at 0
2019-09-25 05:51:17,771 [aa12bdd9-b98d-4e1b-b7bd-0fb99805d214@group-E8BE53C004A9-SegmentedRaftLogWorker] INFO  segmented.SegmentedRaftLogWorker (SegmentedRaftLogWorker.java:execute(569)) - aa12bdd9-b98d-4e1b-b7bd-0fb99805d214@group-E8BE53C004A9-SegmentedRaftLogWorker: created new log segment /workdir/hadoop-ozone/integration-test/target/test-dir/MiniOzoneClusterImpl-6389a31f-e1b2-4948-a777-3ab81d592f44/datanode-1/data/ratis/b69ce844-c1d2-49a4-9834-e8be53c004a9/current/log_inprogress_0
2019-09-25 05:51:17,782 [Thread-3976] INFO  impl.FollowerState (FollowerState.java:run(106)) - 1705b612-ae52-4202-ba1e-b52c03c1d4d6:group-52937AB9359B changes to CANDIDATE, lastRpcTime:5175, electionTimeout:5175ms
2019-09-25 05:51:17,782 [Thread-3976] INFO  impl.RoleInfo (RoleInfo.java:shutdownFollowerState(121)) - 1705b612-ae52-4202-ba1e-b52c03c1d4d6: shutdown FollowerState
2019-09-25 05:51:17,782 [Thread-3976] INFO  impl.RaftServerImpl (RaftServerImpl.java:setRole(174)) - 1705b612-ae52-4202-ba1e-b52c03c1d4d6@group-52937AB9359B: changes role from  FOLLOWER to CANDIDATE at term 0 for changeToCandidate
2019-09-25 05:51:17,782 [Thread-3976] INFO  impl.RoleInfo (RoleInfo.java:updateAndGet(143)) - 1705b612-ae52-4202-ba1e-b52c03c1d4d6: start LeaderElection
2019-09-25 05:51:17,801 [1705b612-ae52-4202-ba1e-b52c03c1d4d6@group-52937AB9359B:LeaderElection301] INFO  impl.LeaderElection (LeaderElection.java:askForVotes(182)) - 1705b612-ae52-4202-ba1e-b52c03c1d4d6@group-52937AB9359B:LeaderElection301: begin an election at term 1 for -1: [1705b612-ae52-4202-ba1e-b52c03c1d4d6:192.168.30.10:40355], old=null
2019-09-25 05:51:17,801 [1705b612-ae52-4202-ba1e-b52c03c1d4d6@group-52937AB9359B:LeaderElection301] INFO  impl.RoleInfo (RoleInfo.java:shutdownLeaderElection(134)) - 1705b612-ae52-4202-ba1e-b52c03c1d4d6: shutdown LeaderElection
2019-09-25 05:51:17,801 [1705b612-ae52-4202-ba1e-b52c03c1d4d6@group-52937AB9359B:LeaderElection301] INFO  impl.RaftServerImpl (RaftServerImpl.java:setRole(174)) - 1705b612-ae52-4202-ba1e-b52c03c1d4d6@group-52937AB9359B: changes role from CANDIDATE to LEADER at term 1 for changeToLeader
2019-09-25 05:51:17,801 [1705b612-ae52-4202-ba1e-b52c03c1d4d6@group-52937AB9359B:LeaderElection301] INFO  impl.RaftServerImpl (ServerState.java:setLeader(253)) - 1705b612-ae52-4202-ba1e-b52c03c1d4d6@group-52937AB9359B: change Leader from null to 1705b612-ae52-4202-ba1e-b52c03c1d4d6 at term 1 for becomeLeader, leader elected after 5197ms
2019-09-25 05:51:17,801 [1705b612-ae52-4202-ba1e-b52c03c1d4d6@group-52937AB9359B:LeaderElection301] INFO  server.RaftServerConfigKeys (ConfUtils.java:logGet(43)) - raft.server.staging.catchup.gap = 1000 (default)
2019-09-25 05:51:17,801 [1705b612-ae52-4202-ba1e-b52c03c1d4d6@group-52937AB9359B:LeaderElection301] INFO  server.RaftServerConfigKeys (ConfUtils.java:logGet(43)) - raft.server.rpc.sleep.time = 25ms (default)
2019-09-25 05:51:17,801 [1705b612-ae52-4202-ba1e-b52c03c1d4d6@group-52937AB9359B:LeaderElection301] INFO  server.RaftServerConfigKeys (ConfUtils.java:logGet(43)) - raft.server.write.element-limit = 4096 (default)
2019-09-25 05:51:17,802 [1705b612-ae52-4202-ba1e-b52c03c1d4d6@group-52937AB9359B:LeaderElection301] INFO  server.RaftServerConfigKeys (ConfUtils.java:logGet(43)) - raft.server.watch.timeout = 10s (default)
2019-09-25 05:51:17,802 [1705b612-ae52-4202-ba1e-b52c03c1d4d6@group-52937AB9359B:LeaderElection301] INFO  server.RaftServerConfigKeys (ConfUtils.java:logGet(43)) - raft.server.watch.timeout.denomination = 1s (default)
2019-09-25 05:51:17,802 [1705b612-ae52-4202-ba1e-b52c03c1d4d6@group-52937AB9359B:LeaderElection301] INFO  server.RaftServerConfigKeys (ConfUtils.java:logGet(43)) - raft.server.watch.element-limit = 65536 (default)
2019-09-25 05:51:17,803 [1705b612-ae52-4202-ba1e-b52c03c1d4d6@group-52937AB9359B:LeaderElection301] INFO  impl.RoleInfo (RoleInfo.java:updateAndGet(143)) - 1705b612-ae52-4202-ba1e-b52c03c1d4d6: start LeaderState
2019-09-25 05:51:17,804 [1705b612-ae52-4202-ba1e-b52c03c1d4d6@group-52937AB9359B:LeaderElection301] INFO  segmented.SegmentedRaftLogWorker (SegmentedRaftLogWorker.java:startLogSegment(380)) - 1705b612-ae52-4202-ba1e-b52c03c1d4d6@group-52937AB9359B-SegmentedRaftLogWorker: Starting segment from index:0
2019-09-25 05:51:17,804 [1705b612-ae52-4202-ba1e-b52c03c1d4d6@group-52937AB9359B:LeaderElection301] INFO  impl.RaftServerImpl (ServerState.java:setRaftConf(354)) - 1705b612-ae52-4202-ba1e-b52c03c1d4d6@group-52937AB9359B: set configuration 0: [1705b612-ae52-4202-ba1e-b52c03c1d4d6:192.168.30.10:40355], old=null at 0
2019-09-25 05:51:17,813 [Thread-3985] INFO  impl.FollowerState (FollowerState.java:run(106)) - 1705b612-ae52-4202-ba1e-b52c03c1d4d6:group-991B57B9AE54 changes to CANDIDATE, lastRpcTime:5093, electionTimeout:5093ms
2019-09-25 05:51:17,813 [Thread-3985] INFO  impl.RoleInfo (RoleInfo.java:shutdownFollowerState(121)) - 1705b612-ae52-4202-ba1e-b52c03c1d4d6: shutdown FollowerState
2019-09-25 05:51:17,813 [Thread-3985] INFO  impl.RaftServerImpl (RaftServerImpl.java:setRole(174)) - 1705b612-ae52-4202-ba1e-b52c03c1d4d6@group-991B57B9AE54: changes role from  FOLLOWER to CANDIDATE at term 0 for changeToCandidate
2019-09-25 05:51:17,813 [Thread-3985] INFO  impl.RoleInfo (RoleInfo.java:updateAndGet(143)) - 1705b612-ae52-4202-ba1e-b52c03c1d4d6: start LeaderElection
2019-09-25 05:51:17,848 [1705b612-ae52-4202-ba1e-b52c03c1d4d6@group-52937AB9359B-SegmentedRaftLogWorker] INFO  segmented.SegmentedRaftLogWorker (SegmentedRaftLogWorker.java:execute(569)) - 1705b612-ae52-4202-ba1e-b52c03c1d4d6@group-52937AB9359B-SegmentedRaftLogWorker: created new log segment /workdir/hadoop-ozone/integration-test/target/test-dir/MiniOzoneClusterImpl-6389a31f-e1b2-4948-a777-3ab81d592f44/datanode-0/data/ratis/f43988f1-2706-4391-ad4e-52937ab9359b/current/log_inprogress_0
2019-09-25 05:51:17,848 [1705b612-ae52-4202-ba1e-b52c03c1d4d6@group-991B57B9AE54:LeaderElection302] INFO  impl.LeaderElection (LeaderElection.java:askForVotes(182)) - 1705b612-ae52-4202-ba1e-b52c03c1d4d6@group-991B57B9AE54:LeaderElection302: begin an election at term 1 for -1: [1705b612-ae52-4202-ba1e-b52c03c1d4d6:192.168.30.10:40355], old=null
2019-09-25 05:51:17,848 [1705b612-ae52-4202-ba1e-b52c03c1d4d6@group-991B57B9AE54:LeaderElection302] INFO  impl.RoleInfo (RoleInfo.java:shutdownLeaderElection(134)) - 1705b612-ae52-4202-ba1e-b52c03c1d4d6: shutdown LeaderElection
2019-09-25 05:51:17,848 [1705b612-ae52-4202-ba1e-b52c03c1d4d6@group-991B57B9AE54:LeaderElection302] INFO  impl.RaftServerImpl (RaftServerImpl.java:setRole(174)) - 1705b612-ae52-4202-ba1e-b52c03c1d4d6@group-991B57B9AE54: changes role from CANDIDATE to LEADER at term 1 for changeToLeader
2019-09-25 05:51:17,848 [1705b612-ae52-4202-ba1e-b52c03c1d4d6@group-991B57B9AE54:LeaderElection302] INFO  impl.RaftServerImpl (ServerState.java:setLeader(253)) - 1705b612-ae52-4202-ba1e-b52c03c1d4d6@group-991B57B9AE54: change Leader from null to 1705b612-ae52-4202-ba1e-b52c03c1d4d6 at term 1 for becomeLeader, leader elected after 5133ms
2019-09-25 05:51:17,849 [1705b612-ae52-4202-ba1e-b52c03c1d4d6@group-991B57B9AE54:LeaderElection302] INFO  server.RaftServerConfigKeys (ConfUtils.java:logGet(43)) - raft.server.staging.catchup.gap = 1000 (default)
2019-09-25 05:51:17,849 [1705b612-ae52-4202-ba1e-b52c03c1d4d6@group-991B57B9AE54:LeaderElection302] INFO  server.RaftServerConfigKeys (ConfUtils.java:logGet(43)) - raft.server.rpc.sleep.time = 25ms (default)
2019-09-25 05:51:17,849 [1705b612-ae52-4202-ba1e-b52c03c1d4d6@group-991B57B9AE54:LeaderElection302] INFO  server.RaftServerConfigKeys (ConfUtils.java:logGet(43)) - raft.server.write.element-limit = 4096 (default)
2019-09-25 05:51:17,849 [1705b612-ae52-4202-ba1e-b52c03c1d4d6@group-991B57B9AE54:LeaderElection302] INFO  server.RaftServerConfigKeys (ConfUtils.java:logGet(43)) - raft.server.watch.timeout = 10s (default)
2019-09-25 05:51:17,849 [1705b612-ae52-4202-ba1e-b52c03c1d4d6@group-991B57B9AE54:LeaderElection302] INFO  server.RaftServerConfigKeys (ConfUtils.java:logGet(43)) - raft.server.watch.timeout.denomination = 1s (default)
2019-09-25 05:51:17,849 [1705b612-ae52-4202-ba1e-b52c03c1d4d6@group-991B57B9AE54:LeaderElection302] INFO  server.RaftServerConfigKeys (ConfUtils.java:logGet(43)) - raft.server.watch.element-limit = 65536 (default)
2019-09-25 05:51:17,851 [1705b612-ae52-4202-ba1e-b52c03c1d4d6@group-991B57B9AE54:LeaderElection302] INFO  impl.RoleInfo (RoleInfo.java:updateAndGet(143)) - 1705b612-ae52-4202-ba1e-b52c03c1d4d6: start LeaderState
2019-09-25 05:51:17,851 [1705b612-ae52-4202-ba1e-b52c03c1d4d6@group-991B57B9AE54:LeaderElection302] INFO  segmented.SegmentedRaftLogWorker (SegmentedRaftLogWorker.java:startLogSegment(380)) - 1705b612-ae52-4202-ba1e-b52c03c1d4d6@group-991B57B9AE54-SegmentedRaftLogWorker: Starting segment from index:0
2019-09-25 05:51:17,852 [1705b612-ae52-4202-ba1e-b52c03c1d4d6@group-991B57B9AE54:LeaderElection302] INFO  impl.RaftServerImpl (ServerState.java:setRaftConf(354)) - 1705b612-ae52-4202-ba1e-b52c03c1d4d6@group-991B57B9AE54: set configuration 0: [1705b612-ae52-4202-ba1e-b52c03c1d4d6:192.168.30.10:40355], old=null at 0
2019-09-25 05:51:17,887 [1705b612-ae52-4202-ba1e-b52c03c1d4d6@group-991B57B9AE54-SegmentedRaftLogWorker] INFO  segmented.SegmentedRaftLogWorker (SegmentedRaftLogWorker.java:execute(569)) - 1705b612-ae52-4202-ba1e-b52c03c1d4d6@group-991B57B9AE54-SegmentedRaftLogWorker: created new log segment /workdir/hadoop-ozone/integration-test/target/test-dir/MiniOzoneClusterImpl-6389a31f-e1b2-4948-a777-3ab81d592f44/datanode-0/data/ratis/5884be72-cfc7-425b-aa13-991b57b9ae54/current/log_inprogress_0
2019-09-25 05:51:17,894 [Thread-3994] INFO  impl.FollowerState (FollowerState.java:run(106)) - aa12bdd9-b98d-4e1b-b7bd-0fb99805d214:group-4FDFFC759819 changes to CANDIDATE, lastRpcTime:5051, electionTimeout:5051ms
2019-09-25 05:51:17,894 [Thread-3994] INFO  impl.RoleInfo (RoleInfo.java:shutdownFollowerState(121)) - aa12bdd9-b98d-4e1b-b7bd-0fb99805d214: shutdown FollowerState
2019-09-25 05:51:17,894 [Thread-3994] INFO  impl.RaftServerImpl (RaftServerImpl.java:setRole(174)) - aa12bdd9-b98d-4e1b-b7bd-0fb99805d214@group-4FDFFC759819: changes role from  FOLLOWER to CANDIDATE at term 0 for changeToCandidate
2019-09-25 05:51:17,895 [Thread-3994] INFO  impl.RoleInfo (RoleInfo.java:updateAndGet(143)) - aa12bdd9-b98d-4e1b-b7bd-0fb99805d214: start LeaderElection
2019-09-25 05:51:17,907 [Thread-3988] INFO  impl.FollowerState (FollowerState.java:run(106)) - 1705b612-ae52-4202-ba1e-b52c03c1d4d6:group-9C9D2367692B changes to CANDIDATE, lastRpcTime:5134, electionTimeout:5134ms
2019-09-25 05:51:17,907 [Thread-3988] INFO  impl.RoleInfo (RoleInfo.java:shutdownFollowerState(121)) - 1705b612-ae52-4202-ba1e-b52c03c1d4d6: shutdown FollowerState
2019-09-25 05:51:17,907 [Thread-3988] INFO  impl.RaftServerImpl (RaftServerImpl.java:setRole(174)) - 1705b612-ae52-4202-ba1e-b52c03c1d4d6@group-9C9D2367692B: changes role from  FOLLOWER to CANDIDATE at term 0 for changeToCandidate
2019-09-25 05:51:17,908 [Thread-3988] INFO  impl.RoleInfo (RoleInfo.java:updateAndGet(143)) - 1705b612-ae52-4202-ba1e-b52c03c1d4d6: start LeaderElection
2019-09-25 05:51:17,913 [aa12bdd9-b98d-4e1b-b7bd-0fb99805d214@group-4FDFFC759819:LeaderElection303] INFO  impl.LeaderElection (LeaderElection.java:askForVotes(182)) - aa12bdd9-b98d-4e1b-b7bd-0fb99805d214@group-4FDFFC759819:LeaderElection303: begin an election at term 1 for -1: [aa12bdd9-b98d-4e1b-b7bd-0fb99805d214:192.168.30.10:37397], old=null
2019-09-25 05:51:17,913 [aa12bdd9-b98d-4e1b-b7bd-0fb99805d214@group-4FDFFC759819:LeaderElection303] INFO  impl.RoleInfo (RoleInfo.java:shutdownLeaderElection(134)) - aa12bdd9-b98d-4e1b-b7bd-0fb99805d214: shutdown LeaderElection
2019-09-25 05:51:17,913 [aa12bdd9-b98d-4e1b-b7bd-0fb99805d214@group-4FDFFC759819:LeaderElection303] INFO  impl.RaftServerImpl (RaftServerImpl.java:setRole(174)) - aa12bdd9-b98d-4e1b-b7bd-0fb99805d214@group-4FDFFC759819: changes role from CANDIDATE to LEADER at term 1 for changeToLeader
2019-09-25 05:51:17,913 [aa12bdd9-b98d-4e1b-b7bd-0fb99805d214@group-4FDFFC759819:LeaderElection303] INFO  impl.RaftServerImpl (ServerState.java:setLeader(253)) - aa12bdd9-b98d-4e1b-b7bd-0fb99805d214@group-4FDFFC759819: change Leader from null to aa12bdd9-b98d-4e1b-b7bd-0fb99805d214 at term 1 for becomeLeader, leader elected after 5073ms
2019-09-25 05:51:17,913 [aa12bdd9-b98d-4e1b-b7bd-0fb99805d214@group-4FDFFC759819:LeaderElection303] INFO  server.RaftServerConfigKeys (ConfUtils.java:logGet(43)) - raft.server.staging.catchup.gap = 1000 (default)
2019-09-25 05:51:17,913 [aa12bdd9-b98d-4e1b-b7bd-0fb99805d214@group-4FDFFC759819:LeaderElection303] INFO  server.RaftServerConfigKeys (ConfUtils.java:logGet(43)) - raft.server.rpc.sleep.time = 25ms (default)
2019-09-25 05:51:17,914 [aa12bdd9-b98d-4e1b-b7bd-0fb99805d214@group-4FDFFC759819:LeaderElection303] INFO  server.RaftServerConfigKeys (ConfUtils.java:logGet(43)) - raft.server.write.element-limit = 4096 (default)
2019-09-25 05:51:17,914 [aa12bdd9-b98d-4e1b-b7bd-0fb99805d214@group-4FDFFC759819:LeaderElection303] INFO  server.RaftServerConfigKeys (ConfUtils.java:logGet(43)) - raft.server.watch.timeout = 10s (default)
2019-09-25 05:51:17,914 [aa12bdd9-b98d-4e1b-b7bd-0fb99805d214@group-4FDFFC759819:LeaderElection303] INFO  server.RaftServerConfigKeys (ConfUtils.java:logGet(43)) - raft.server.watch.timeout.denomination = 1s (default)
2019-09-25 05:51:17,914 [aa12bdd9-b98d-4e1b-b7bd-0fb99805d214@group-4FDFFC759819:LeaderElection303] INFO  server.RaftServerConfigKeys (ConfUtils.java:logGet(43)) - raft.server.watch.element-limit = 65536 (default)
2019-09-25 05:51:17,915 [1705b612-ae52-4202-ba1e-b52c03c1d4d6@group-9C9D2367692B:LeaderElection304] INFO  impl.LeaderElection (LeaderElection.java:askForVotes(182)) - 1705b612-ae52-4202-ba1e-b52c03c1d4d6@group-9C9D2367692B:LeaderElection304: begin an election at term 1 for -1: [1705b612-ae52-4202-ba1e-b52c03c1d4d6:192.168.30.10:40355], old=null
2019-09-25 05:51:17,915 [1705b612-ae52-4202-ba1e-b52c03c1d4d6@group-9C9D2367692B:LeaderElection304] INFO  impl.RoleInfo (RoleInfo.java:shutdownLeaderElection(134)) - 1705b612-ae52-4202-ba1e-b52c03c1d4d6: shutdown LeaderElection
2019-09-25 05:51:17,915 [1705b612-ae52-4202-ba1e-b52c03c1d4d6@group-9C9D2367692B:LeaderElection304] INFO  impl.RaftServerImpl (RaftServerImpl.java:setRole(174)) - 1705b612-ae52-4202-ba1e-b52c03c1d4d6@group-9C9D2367692B: changes role from CANDIDATE to LEADER at term 1 for changeToLeader
2019-09-25 05:51:17,915 [1705b612-ae52-4202-ba1e-b52c03c1d4d6@group-9C9D2367692B:LeaderElection304] INFO  impl.RaftServerImpl (ServerState.java:setLeader(253)) - 1705b612-ae52-4202-ba1e-b52c03c1d4d6@group-9C9D2367692B: change Leader from null to 1705b612-ae52-4202-ba1e-b52c03c1d4d6 at term 1 for becomeLeader, leader elected after 5147ms
2019-09-25 05:51:17,915 [aa12bdd9-b98d-4e1b-b7bd-0fb99805d214@group-4FDFFC759819:LeaderElection303] INFO  impl.RoleInfo (RoleInfo.java:updateAndGet(143)) - aa12bdd9-b98d-4e1b-b7bd-0fb99805d214: start LeaderState
2019-09-25 05:51:17,915 [1705b612-ae52-4202-ba1e-b52c03c1d4d6@group-9C9D2367692B:LeaderElection304] INFO  server.RaftServerConfigKeys (ConfUtils.java:logGet(43)) - raft.server.staging.catchup.gap = 1000 (default)
2019-09-25 05:51:17,915 [aa12bdd9-b98d-4e1b-b7bd-0fb99805d214@group-4FDFFC759819:LeaderElection303] INFO  segmented.SegmentedRaftLogWorker (SegmentedRaftLogWorker.java:startLogSegment(380)) - aa12bdd9-b98d-4e1b-b7bd-0fb99805d214@group-4FDFFC759819-SegmentedRaftLogWorker: Starting segment from index:0
2019-09-25 05:51:17,916 [1705b612-ae52-4202-ba1e-b52c03c1d4d6@group-9C9D2367692B:LeaderElection304] INFO  server.RaftServerConfigKeys (ConfUtils.java:logGet(43)) - raft.server.rpc.sleep.time = 25ms (default)
2019-09-25 05:51:17,916 [1705b612-ae52-4202-ba1e-b52c03c1d4d6@group-9C9D2367692B:LeaderElection304] INFO  server.RaftServerConfigKeys (ConfUtils.java:logGet(43)) - raft.server.write.element-limit = 4096 (default)
2019-09-25 05:51:17,916 [aa12bdd9-b98d-4e1b-b7bd-0fb99805d214@group-4FDFFC759819:LeaderElection303] INFO  impl.RaftServerImpl (ServerState.java:setRaftConf(354)) - aa12bdd9-b98d-4e1b-b7bd-0fb99805d214@group-4FDFFC759819: set configuration 0: [aa12bdd9-b98d-4e1b-b7bd-0fb99805d214:192.168.30.10:37397], old=null at 0
2019-09-25 05:51:17,916 [1705b612-ae52-4202-ba1e-b52c03c1d4d6@group-9C9D2367692B:LeaderElection304] INFO  server.RaftServerConfigKeys (ConfUtils.java:logGet(43)) - raft.server.watch.timeout = 10s (default)
2019-09-25 05:51:17,916 [1705b612-ae52-4202-ba1e-b52c03c1d4d6@group-9C9D2367692B:LeaderElection304] INFO  server.RaftServerConfigKeys (ConfUtils.java:logGet(43)) - raft.server.watch.timeout.denomination = 1s (default)
2019-09-25 05:51:17,916 [1705b612-ae52-4202-ba1e-b52c03c1d4d6@group-9C9D2367692B:LeaderElection304] INFO  server.RaftServerConfigKeys (ConfUtils.java:logGet(43)) - raft.server.watch.element-limit = 65536 (default)
2019-09-25 05:51:17,918 [1705b612-ae52-4202-ba1e-b52c03c1d4d6@group-9C9D2367692B:LeaderElection304] INFO  impl.RoleInfo (RoleInfo.java:updateAndGet(143)) - 1705b612-ae52-4202-ba1e-b52c03c1d4d6: start LeaderState
2019-09-25 05:51:17,918 [1705b612-ae52-4202-ba1e-b52c03c1d4d6@group-9C9D2367692B:LeaderElection304] INFO  segmented.SegmentedRaftLogWorker (SegmentedRaftLogWorker.java:startLogSegment(380)) - 1705b612-ae52-4202-ba1e-b52c03c1d4d6@group-9C9D2367692B-SegmentedRaftLogWorker: Starting segment from index:0
2019-09-25 05:51:17,919 [1705b612-ae52-4202-ba1e-b52c03c1d4d6@group-9C9D2367692B:LeaderElection304] INFO  impl.RaftServerImpl (ServerState.java:setRaftConf(354)) - 1705b612-ae52-4202-ba1e-b52c03c1d4d6@group-9C9D2367692B: set configuration 0: [1705b612-ae52-4202-ba1e-b52c03c1d4d6:192.168.30.10:40355], old=null at 0
2019-09-25 05:51:17,935 [EventQueue-StaleNodeForStaleNodeHandler] INFO  node.StaleNodeHandler (StaleNodeHandler.java:onMessage(58)) - Datanode ba62479e-9d0c-4e30-a2fc-a7b15472dec7{ip: 192.168.30.10, host: pr-hdds-1569-s62bp-3040748787, networkLocation: /default-rack, certSerialId: null} moved to stale state. Finalizing its pipelines [PipelineID=0d16e4fc-c57e-4ef0-9e86-fa499e84120b, PipelineID=dd14b405-66c6-4847-8e3d-41261b168849, PipelineID=5435eca5-985a-4c28-ba26-3d126fa36130, PipelineID=3388b39a-8f97-4a13-944f-df709e470f77, PipelineID=88124d07-8dcf-47f3-a064-9dee46a99dc4, PipelineID=159060ea-9a7f-4490-b6bb-1292463e0d7d]
2019-09-25 05:51:17,935 [EventQueue-StaleNodeForStaleNodeHandler] INFO  pipeline.SCMPipelineManager (SCMPipelineManager.java:finalizeAndDestroyPipeline(317)) - destroying pipeline:Pipeline[ Id: 0d16e4fc-c57e-4ef0-9e86-fa499e84120b, Nodes: ba62479e-9d0c-4e30-a2fc-a7b15472dec7{ip: 192.168.30.10, host: pr-hdds-1569-s62bp-3040748787, networkLocation: /default-rack, certSerialId: null}, Type:RATIS, Factor:ONE, State:OPEN]
2019-09-25 05:51:17,935 [EventQueue-StaleNodeForStaleNodeHandler] INFO  pipeline.PipelineStateManager (PipelineStateManager.java:finalizePipeline(123)) - Pipeline Pipeline[ Id: 0d16e4fc-c57e-4ef0-9e86-fa499e84120b, Nodes: ba62479e-9d0c-4e30-a2fc-a7b15472dec7{ip: 192.168.30.10, host: pr-hdds-1569-s62bp-3040748787, networkLocation: /default-rack, certSerialId: null}, Type:RATIS, Factor:ONE, State:CLOSED] moved to CLOSED state
2019-09-25 05:51:17,936 [EventQueue-StaleNodeForStaleNodeHandler] INFO  pipeline.SCMPipelineManager (SCMPipelineManager.java:finalizeAndDestroyPipeline(317)) - destroying pipeline:Pipeline[ Id: dd14b405-66c6-4847-8e3d-41261b168849, Nodes: ba62479e-9d0c-4e30-a2fc-a7b15472dec7{ip: 192.168.30.10, host: pr-hdds-1569-s62bp-3040748787, networkLocation: /default-rack, certSerialId: null}, Type:RATIS, Factor:ONE, State:OPEN]
2019-09-25 05:51:17,936 [EventQueue-StaleNodeForStaleNodeHandler] INFO  pipeline.PipelineStateManager (PipelineStateManager.java:finalizePipeline(123)) - Pipeline Pipeline[ Id: dd14b405-66c6-4847-8e3d-41261b168849, Nodes: ba62479e-9d0c-4e30-a2fc-a7b15472dec7{ip: 192.168.30.10, host: pr-hdds-1569-s62bp-3040748787, networkLocation: /default-rack, certSerialId: null}, Type:RATIS, Factor:ONE, State:CLOSED] moved to CLOSED state
2019-09-25 05:51:17,936 [EventQueue-StaleNodeForStaleNodeHandler] INFO  pipeline.SCMPipelineManager (SCMPipelineManager.java:finalizeAndDestroyPipeline(317)) - destroying pipeline:Pipeline[ Id: 5435eca5-985a-4c28-ba26-3d126fa36130, Nodes: ba62479e-9d0c-4e30-a2fc-a7b15472dec7{ip: 192.168.30.10, host: pr-hdds-1569-s62bp-3040748787, networkLocation: /default-rack, certSerialId: null}, Type:RATIS, Factor:ONE, State:OPEN]
2019-09-25 05:51:17,936 [EventQueue-StaleNodeForStaleNodeHandler] INFO  pipeline.PipelineStateManager (PipelineStateManager.java:finalizePipeline(123)) - Pipeline Pipeline[ Id: 5435eca5-985a-4c28-ba26-3d126fa36130, Nodes: ba62479e-9d0c-4e30-a2fc-a7b15472dec7{ip: 192.168.30.10, host: pr-hdds-1569-s62bp-3040748787, networkLocation: /default-rack, certSerialId: null}, Type:RATIS, Factor:ONE, State:CLOSED] moved to CLOSED state
2019-09-25 05:51:17,936 [EventQueue-StaleNodeForStaleNodeHandler] INFO  pipeline.SCMPipelineManager (SCMPipelineManager.java:finalizeAndDestroyPipeline(317)) - destroying pipeline:Pipeline[ Id: 3388b39a-8f97-4a13-944f-df709e470f77, Nodes: ba62479e-9d0c-4e30-a2fc-a7b15472dec7{ip: 192.168.30.10, host: pr-hdds-1569-s62bp-3040748787, networkLocation: /default-rack, certSerialId: null}, Type:RATIS, Factor:ONE, State:OPEN]
2019-09-25 05:51:17,936 [EventQueue-StaleNodeForStaleNodeHandler] INFO  pipeline.PipelineStateManager (PipelineStateManager.java:finalizePipeline(123)) - Pipeline Pipeline[ Id: 3388b39a-8f97-4a13-944f-df709e470f77, Nodes: ba62479e-9d0c-4e30-a2fc-a7b15472dec7{ip: 192.168.30.10, host: pr-hdds-1569-s62bp-3040748787, networkLocation: /default-rack, certSerialId: null}, Type:RATIS, Factor:ONE, State:CLOSED] moved to CLOSED state
2019-09-25 05:51:17,936 [EventQueue-StaleNodeForStaleNodeHandler] INFO  pipeline.SCMPipelineManager (SCMPipelineManager.java:finalizeAndDestroyPipeline(317)) - destroying pipeline:Pipeline[ Id: 88124d07-8dcf-47f3-a064-9dee46a99dc4, Nodes: ba62479e-9d0c-4e30-a2fc-a7b15472dec7{ip: 192.168.30.10, host: pr-hdds-1569-s62bp-3040748787, networkLocation: /default-rack, certSerialId: null}, Type:RATIS, Factor:ONE, State:OPEN]
2019-09-25 05:51:17,937 [EventQueue-StaleNodeForStaleNodeHandler] INFO  pipeline.PipelineStateManager (PipelineStateManager.java:finalizePipeline(123)) - Pipeline Pipeline[ Id: 88124d07-8dcf-47f3-a064-9dee46a99dc4, Nodes: ba62479e-9d0c-4e30-a2fc-a7b15472dec7{ip: 192.168.30.10, host: pr-hdds-1569-s62bp-3040748787, networkLocation: /default-rack, certSerialId: null}, Type:RATIS, Factor:ONE, State:CLOSED] moved to CLOSED state
2019-09-25 05:51:17,937 [EventQueue-StaleNodeForStaleNodeHandler] INFO  pipeline.SCMPipelineManager (SCMPipelineManager.java:finalizeAndDestroyPipeline(317)) - destroying pipeline:Pipeline[ Id: 159060ea-9a7f-4490-b6bb-1292463e0d7d, Nodes: ba62479e-9d0c-4e30-a2fc-a7b15472dec7{ip: 192.168.30.10, host: pr-hdds-1569-s62bp-3040748787, networkLocation: /default-rack, certSerialId: null}, Type:RATIS, Factor:ONE, State:OPEN]
2019-09-25 05:51:17,937 [EventQueue-StaleNodeForStaleNodeHandler] INFO  pipeline.PipelineStateManager (PipelineStateManager.java:finalizePipeline(123)) - Pipeline Pipeline[ Id: 159060ea-9a7f-4490-b6bb-1292463e0d7d, Nodes: ba62479e-9d0c-4e30-a2fc-a7b15472dec7{ip: 192.168.30.10, host: pr-hdds-1569-s62bp-3040748787, networkLocation: /default-rack, certSerialId: null}, Type:RATIS, Factor:ONE, State:CLOSED] moved to CLOSED state
2019-09-25 05:51:17,960 [1705b612-ae52-4202-ba1e-b52c03c1d4d6@group-9C9D2367692B-SegmentedRaftLogWorker] INFO  segmented.SegmentedRaftLogWorker (SegmentedRaftLogWorker.java:execute(569)) - 1705b612-ae52-4202-ba1e-b52c03c1d4d6@group-9C9D2367692B-SegmentedRaftLogWorker: created new log segment /workdir/hadoop-ozone/integration-test/target/test-dir/MiniOzoneClusterImpl-6389a31f-e1b2-4948-a777-3ab81d592f44/datanode-0/data/ratis/83c5a18d-9792-49e5-b245-9c9d2367692b/current/log_inprogress_0
2019-09-25 05:51:17,965 [Thread-4006] INFO  impl.FollowerState (FollowerState.java:run(106)) - 7329b839-2890-4139-beee-2b486d1f212d:group-71F9F5897AA3 changes to CANDIDATE, lastRpcTime:5001, electionTimeout:5000ms
2019-09-25 05:51:17,960 [aa12bdd9-b98d-4e1b-b7bd-0fb99805d214@group-4FDFFC759819-SegmentedRaftLogWorker] INFO  segmented.SegmentedRaftLogWorker (SegmentedRaftLogWorker.java:execute(569)) - aa12bdd9-b98d-4e1b-b7bd-0fb99805d214@group-4FDFFC759819-SegmentedRaftLogWorker: created new log segment /workdir/hadoop-ozone/integration-test/target/test-dir/MiniOzoneClusterImpl-6389a31f-e1b2-4948-a777-3ab81d592f44/datanode-1/data/ratis/bc8545b4-9b5c-4b06-932a-4fdffc759819/current/log_inprogress_0
2019-09-25 05:51:17,966 [Thread-4006] INFO  impl.RoleInfo (RoleInfo.java:shutdownFollowerState(121)) - 7329b839-2890-4139-beee-2b486d1f212d: shutdown FollowerState
2019-09-25 05:51:17,966 [Thread-4006] INFO  impl.RaftServerImpl (RaftServerImpl.java:setRole(174)) - 7329b839-2890-4139-beee-2b486d1f212d@group-71F9F5897AA3: changes role from  FOLLOWER to CANDIDATE at term 0 for changeToCandidate
2019-09-25 05:51:17,966 [Thread-4006] INFO  impl.RoleInfo (RoleInfo.java:updateAndGet(143)) - 7329b839-2890-4139-beee-2b486d1f212d: start LeaderElection
2019-09-25 05:51:17,970 [Thread-3991] INFO  impl.FollowerState (FollowerState.java:run(106)) - aa12bdd9-b98d-4e1b-b7bd-0fb99805d214:group-F00416FEA6EE changes to CANDIDATE, lastRpcTime:5162, electionTimeout:5159ms
2019-09-25 05:51:17,970 [Thread-3991] INFO  impl.RoleInfo (RoleInfo.java:shutdownFollowerState(121)) - aa12bdd9-b98d-4e1b-b7bd-0fb99805d214: shutdown FollowerState
2019-09-25 05:51:17,970 [Thread-3991] INFO  impl.RaftServerImpl (RaftServerImpl.java:setRole(174)) - aa12bdd9-b98d-4e1b-b7bd-0fb99805d214@group-F00416FEA6EE: changes role from  FOLLOWER to CANDIDATE at term 0 for changeToCandidate
2019-09-25 05:51:17,971 [Thread-3991] INFO  impl.RoleInfo (RoleInfo.java:updateAndGet(143)) - aa12bdd9-b98d-4e1b-b7bd-0fb99805d214: start LeaderElection
2019-09-25 05:51:17,979 [7329b839-2890-4139-beee-2b486d1f212d@group-71F9F5897AA3:LeaderElection305] INFO  impl.LeaderElection (LeaderElection.java:askForVotes(182)) - 7329b839-2890-4139-beee-2b486d1f212d@group-71F9F5897AA3:LeaderElection305: begin an election at term 1 for -1: [7329b839-2890-4139-beee-2b486d1f212d:192.168.30.10:41459], old=null
2019-09-25 05:51:17,979 [aa12bdd9-b98d-4e1b-b7bd-0fb99805d214@group-F00416FEA6EE:LeaderElection306] INFO  impl.LeaderElection (LeaderElection.java:askForVotes(182)) - aa12bdd9-b98d-4e1b-b7bd-0fb99805d214@group-F00416FEA6EE:LeaderElection306: begin an election at term 1 for -1: [aa12bdd9-b98d-4e1b-b7bd-0fb99805d214:192.168.30.10:37397], old=null
2019-09-25 05:51:17,979 [7329b839-2890-4139-beee-2b486d1f212d@group-71F9F5897AA3:LeaderElection305] INFO  impl.RoleInfo (RoleInfo.java:shutdownLeaderElection(134)) - 7329b839-2890-4139-beee-2b486d1f212d: shutdown LeaderElection
2019-09-25 05:51:17,979 [aa12bdd9-b98d-4e1b-b7bd-0fb99805d214@group-F00416FEA6EE:LeaderElection306] INFO  impl.RoleInfo (RoleInfo.java:shutdownLeaderElection(134)) - aa12bdd9-b98d-4e1b-b7bd-0fb99805d214: shutdown LeaderElection
2019-09-25 05:51:17,979 [7329b839-2890-4139-beee-2b486d1f212d@group-71F9F5897AA3:LeaderElection305] INFO  impl.RaftServerImpl (RaftServerImpl.java:setRole(174)) - 7329b839-2890-4139-beee-2b486d1f212d@group-71F9F5897AA3: changes role from CANDIDATE to LEADER at term 1 for changeToLeader
2019-09-25 05:51:17,979 [aa12bdd9-b98d-4e1b-b7bd-0fb99805d214@group-F00416FEA6EE:LeaderElection306] INFO  impl.RaftServerImpl (RaftServerImpl.java:setRole(174)) - aa12bdd9-b98d-4e1b-b7bd-0fb99805d214@group-F00416FEA6EE: changes role from CANDIDATE to LEADER at term 1 for changeToLeader
2019-09-25 05:51:17,979 [7329b839-2890-4139-beee-2b486d1f212d@group-71F9F5897AA3:LeaderElection305] INFO  impl.RaftServerImpl (ServerState.java:setLeader(253)) - 7329b839-2890-4139-beee-2b486d1f212d@group-71F9F5897AA3: change Leader from null to 7329b839-2890-4139-beee-2b486d1f212d at term 1 for becomeLeader, leader elected after 5018ms
2019-09-25 05:51:17,979 [aa12bdd9-b98d-4e1b-b7bd-0fb99805d214@group-F00416FEA6EE:LeaderElection306] INFO  impl.RaftServerImpl (ServerState.java:setLeader(253)) - aa12bdd9-b98d-4e1b-b7bd-0fb99805d214@group-F00416FEA6EE: change Leader from null to aa12bdd9-b98d-4e1b-b7bd-0fb99805d214 at term 1 for becomeLeader, leader elected after 5175ms
2019-09-25 05:51:17,979 [7329b839-2890-4139-beee-2b486d1f212d@group-71F9F5897AA3:LeaderElection305] INFO  server.RaftServerConfigKeys (ConfUtils.java:logGet(43)) - raft.server.staging.catchup.gap = 1000 (default)
2019-09-25 05:51:17,980 [aa12bdd9-b98d-4e1b-b7bd-0fb99805d214@group-F00416FEA6EE:LeaderElection306] INFO  server.RaftServerConfigKeys (ConfUtils.java:logGet(43)) - raft.server.staging.catchup.gap = 1000 (default)
2019-09-25 05:51:17,980 [7329b839-2890-4139-beee-2b486d1f212d@group-71F9F5897AA3:LeaderElection305] INFO  server.RaftServerConfigKeys (ConfUtils.java:logGet(43)) - raft.server.rpc.sleep.time = 25ms (default)
2019-09-25 05:51:17,980 [aa12bdd9-b98d-4e1b-b7bd-0fb99805d214@group-F00416FEA6EE:LeaderElection306] INFO  server.RaftServerConfigKeys (ConfUtils.java:logGet(43)) - raft.server.rpc.sleep.time = 25ms (default)
2019-09-25 05:51:17,980 [7329b839-2890-4139-beee-2b486d1f212d@group-71F9F5897AA3:LeaderElection305] INFO  server.RaftServerConfigKeys (ConfUtils.java:logGet(43)) - raft.server.write.element-limit = 4096 (default)
2019-09-25 05:51:17,980 [aa12bdd9-b98d-4e1b-b7bd-0fb99805d214@group-F00416FEA6EE:LeaderElection306] INFO  server.RaftServerConfigKeys (ConfUtils.java:logGet(43)) - raft.server.write.element-limit = 4096 (default)
2019-09-25 05:51:17,980 [7329b839-2890-4139-beee-2b486d1f212d@group-71F9F5897AA3:LeaderElection305] INFO  server.RaftServerConfigKeys (ConfUtils.java:logGet(43)) - raft.server.watch.timeout = 10s (default)
2019-09-25 05:51:17,980 [aa12bdd9-b98d-4e1b-b7bd-0fb99805d214@group-F00416FEA6EE:LeaderElection306] INFO  server.RaftServerConfigKeys (ConfUtils.java:logGet(43)) - raft.server.watch.timeout = 10s (default)
2019-09-25 05:51:17,980 [7329b839-2890-4139-beee-2b486d1f212d@group-71F9F5897AA3:LeaderElection305] INFO  server.RaftServerConfigKeys (ConfUtils.java:logGet(43)) - raft.server.watch.timeout.denomination = 1s (default)
2019-09-25 05:51:17,980 [aa12bdd9-b98d-4e1b-b7bd-0fb99805d214@group-F00416FEA6EE:LeaderElection306] INFO  server.RaftServerConfigKeys (ConfUtils.java:logGet(43)) - raft.server.watch.timeout.denomination = 1s (default)
2019-09-25 05:51:17,980 [7329b839-2890-4139-beee-2b486d1f212d@group-71F9F5897AA3:LeaderElection305] INFO  server.RaftServerConfigKeys (ConfUtils.java:logGet(43)) - raft.server.watch.element-limit = 65536 (default)
2019-09-25 05:51:17,981 [aa12bdd9-b98d-4e1b-b7bd-0fb99805d214@group-F00416FEA6EE:LeaderElection306] INFO  server.RaftServerConfigKeys (ConfUtils.java:logGet(43)) - raft.server.watch.element-limit = 65536 (default)
2019-09-25 05:51:17,983 [7329b839-2890-4139-beee-2b486d1f212d@group-71F9F5897AA3:LeaderElection305] INFO  impl.RoleInfo (RoleInfo.java:updateAndGet(143)) - 7329b839-2890-4139-beee-2b486d1f212d: start LeaderState
2019-09-25 05:51:17,983 [7329b839-2890-4139-beee-2b486d1f212d@group-71F9F5897AA3:LeaderElection305] INFO  segmented.SegmentedRaftLogWorker (SegmentedRaftLogWorker.java:startLogSegment(380)) - 7329b839-2890-4139-beee-2b486d1f212d@group-71F9F5897AA3-SegmentedRaftLogWorker: Starting segment from index:0
2019-09-25 05:51:17,983 [aa12bdd9-b98d-4e1b-b7bd-0fb99805d214@group-F00416FEA6EE:LeaderElection306] INFO  impl.RoleInfo (RoleInfo.java:updateAndGet(143)) - aa12bdd9-b98d-4e1b-b7bd-0fb99805d214: start LeaderState
2019-09-25 05:51:17,983 [7329b839-2890-4139-beee-2b486d1f212d@group-71F9F5897AA3:LeaderElection305] INFO  impl.RaftServerImpl (ServerState.java:setRaftConf(354)) - 7329b839-2890-4139-beee-2b486d1f212d@group-71F9F5897AA3: set configuration 0: [7329b839-2890-4139-beee-2b486d1f212d:192.168.30.10:41459], old=null at 0
2019-09-25 05:51:17,983 [aa12bdd9-b98d-4e1b-b7bd-0fb99805d214@group-F00416FEA6EE:LeaderElection306] INFO  segmented.SegmentedRaftLogWorker (SegmentedRaftLogWorker.java:startLogSegment(380)) - aa12bdd9-b98d-4e1b-b7bd-0fb99805d214@group-F00416FEA6EE-SegmentedRaftLogWorker: Starting segment from index:0
2019-09-25 05:51:17,984 [aa12bdd9-b98d-4e1b-b7bd-0fb99805d214@group-F00416FEA6EE:LeaderElection306] INFO  impl.RaftServerImpl (ServerState.java:setRaftConf(354)) - aa12bdd9-b98d-4e1b-b7bd-0fb99805d214@group-F00416FEA6EE: set configuration 0: [aa12bdd9-b98d-4e1b-b7bd-0fb99805d214:192.168.30.10:37397], old=null at 0
2019-09-25 05:51:17,998 [Thread-4000] INFO  impl.FollowerState (FollowerState.java:run(106)) - aa12bdd9-b98d-4e1b-b7bd-0fb99805d214:group-510509479A79 changes to CANDIDATE, lastRpcTime:5094, electionTimeout:5094ms
2019-09-25 05:51:17,998 [Thread-4000] INFO  impl.RoleInfo (RoleInfo.java:shutdownFollowerState(121)) - aa12bdd9-b98d-4e1b-b7bd-0fb99805d214: shutdown FollowerState
2019-09-25 05:51:17,998 [Thread-4000] INFO  impl.RaftServerImpl (RaftServerImpl.java:setRole(174)) - aa12bdd9-b98d-4e1b-b7bd-0fb99805d214@group-510509479A79: changes role from  FOLLOWER to CANDIDATE at term 0 for changeToCandidate
2019-09-25 05:51:17,998 [Thread-4000] INFO  impl.RoleInfo (RoleInfo.java:updateAndGet(143)) - aa12bdd9-b98d-4e1b-b7bd-0fb99805d214: start LeaderElection
2019-09-25 05:51:18,042 [7329b839-2890-4139-beee-2b486d1f212d@group-71F9F5897AA3-SegmentedRaftLogWorker] INFO  segmented.SegmentedRaftLogWorker (SegmentedRaftLogWorker.java:execute(569)) - 7329b839-2890-4139-beee-2b486d1f212d@group-71F9F5897AA3-SegmentedRaftLogWorker: created new log segment /workdir/hadoop-ozone/integration-test/target/test-dir/MiniOzoneClusterImpl-6389a31f-e1b2-4948-a777-3ab81d592f44/datanode-2/data/ratis/2153ca60-8335-433d-a274-71f9f5897aa3/current/log_inprogress_0
2019-09-25 05:51:18,042 [aa12bdd9-b98d-4e1b-b7bd-0fb99805d214@group-510509479A79:LeaderElection307] INFO  impl.LeaderElection (LeaderElection.java:askForVotes(182)) - aa12bdd9-b98d-4e1b-b7bd-0fb99805d214@group-510509479A79:LeaderElection307: begin an election at term 1 for -1: [aa12bdd9-b98d-4e1b-b7bd-0fb99805d214:192.168.30.10:37397], old=null
2019-09-25 05:51:18,042 [aa12bdd9-b98d-4e1b-b7bd-0fb99805d214@group-F00416FEA6EE-SegmentedRaftLogWorker] INFO  segmented.SegmentedRaftLogWorker (SegmentedRaftLogWorker.java:execute(569)) - aa12bdd9-b98d-4e1b-b7bd-0fb99805d214@group-F00416FEA6EE-SegmentedRaftLogWorker: created new log segment /workdir/hadoop-ozone/integration-test/target/test-dir/MiniOzoneClusterImpl-6389a31f-e1b2-4948-a777-3ab81d592f44/datanode-1/data/ratis/3dfa80ff-259f-4e33-936c-f00416fea6ee/current/log_inprogress_0
2019-09-25 05:51:18,043 [aa12bdd9-b98d-4e1b-b7bd-0fb99805d214@group-510509479A79:LeaderElection307] INFO  impl.RoleInfo (RoleInfo.java:shutdownLeaderElection(134)) - aa12bdd9-b98d-4e1b-b7bd-0fb99805d214: shutdown LeaderElection
2019-09-25 05:51:18,043 [aa12bdd9-b98d-4e1b-b7bd-0fb99805d214@group-510509479A79:LeaderElection307] INFO  impl.RaftServerImpl (RaftServerImpl.java:setRole(174)) - aa12bdd9-b98d-4e1b-b7bd-0fb99805d214@group-510509479A79: changes role from CANDIDATE to LEADER at term 1 for changeToLeader
2019-09-25 05:51:18,043 [aa12bdd9-b98d-4e1b-b7bd-0fb99805d214@group-510509479A79:LeaderElection307] INFO  impl.RaftServerImpl (ServerState.java:setLeader(253)) - aa12bdd9-b98d-4e1b-b7bd-0fb99805d214@group-510509479A79: change Leader from null to aa12bdd9-b98d-4e1b-b7bd-0fb99805d214 at term 1 for becomeLeader, leader elected after 5142ms
2019-09-25 05:51:18,043 [aa12bdd9-b98d-4e1b-b7bd-0fb99805d214@group-510509479A79:LeaderElection307] INFO  server.RaftServerConfigKeys (ConfUtils.java:logGet(43)) - raft.server.staging.catchup.gap = 1000 (default)
2019-09-25 05:51:18,043 [aa12bdd9-b98d-4e1b-b7bd-0fb99805d214@group-510509479A79:LeaderElection307] INFO  server.RaftServerConfigKeys (ConfUtils.java:logGet(43)) - raft.server.rpc.sleep.time = 25ms (default)
2019-09-25 05:51:18,043 [aa12bdd9-b98d-4e1b-b7bd-0fb99805d214@group-510509479A79:LeaderElection307] INFO  server.RaftServerConfigKeys (ConfUtils.java:logGet(43)) - raft.server.write.element-limit = 4096 (default)
2019-09-25 05:51:18,043 [aa12bdd9-b98d-4e1b-b7bd-0fb99805d214@group-510509479A79:LeaderElection307] INFO  server.RaftServerConfigKeys (ConfUtils.java:logGet(43)) - raft.server.watch.timeout = 10s (default)
2019-09-25 05:51:18,043 [aa12bdd9-b98d-4e1b-b7bd-0fb99805d214@group-510509479A79:LeaderElection307] INFO  server.RaftServerConfigKeys (ConfUtils.java:logGet(43)) - raft.server.watch.timeout.denomination = 1s (default)
2019-09-25 05:51:18,044 [aa12bdd9-b98d-4e1b-b7bd-0fb99805d214@group-510509479A79:LeaderElection307] INFO  server.RaftServerConfigKeys (ConfUtils.java:logGet(43)) - raft.server.watch.element-limit = 65536 (default)
2019-09-25 05:51:18,045 [aa12bdd9-b98d-4e1b-b7bd-0fb99805d214@group-510509479A79:LeaderElection307] INFO  impl.RoleInfo (RoleInfo.java:updateAndGet(143)) - aa12bdd9-b98d-4e1b-b7bd-0fb99805d214: start LeaderState
2019-09-25 05:51:18,045 [aa12bdd9-b98d-4e1b-b7bd-0fb99805d214@group-510509479A79:LeaderElection307] INFO  segmented.SegmentedRaftLogWorker (SegmentedRaftLogWorker.java:startLogSegment(380)) - aa12bdd9-b98d-4e1b-b7bd-0fb99805d214@group-510509479A79-SegmentedRaftLogWorker: Starting segment from index:0
2019-09-25 05:51:18,045 [aa12bdd9-b98d-4e1b-b7bd-0fb99805d214@group-510509479A79:LeaderElection307] INFO  impl.RaftServerImpl (ServerState.java:setRaftConf(354)) - aa12bdd9-b98d-4e1b-b7bd-0fb99805d214@group-510509479A79: set configuration 0: [aa12bdd9-b98d-4e1b-b7bd-0fb99805d214:192.168.30.10:37397], old=null at 0
2019-09-25 05:51:18,075 [Thread-3997] INFO  impl.FollowerState (FollowerState.java:run(106)) - 1705b612-ae52-4202-ba1e-b52c03c1d4d6:group-1516C9AEEB34 changes to CANDIDATE, lastRpcTime:5194, electionTimeout:5194ms
2019-09-25 05:51:18,075 [Thread-3997] INFO  impl.RoleInfo (RoleInfo.java:shutdownFollowerState(121)) - 1705b612-ae52-4202-ba1e-b52c03c1d4d6: shutdown FollowerState
2019-09-25 05:51:18,075 [Thread-3997] INFO  impl.RaftServerImpl (RaftServerImpl.java:setRole(174)) - 1705b612-ae52-4202-ba1e-b52c03c1d4d6@group-1516C9AEEB34: changes role from  FOLLOWER to CANDIDATE at term 0 for changeToCandidate
2019-09-25 05:51:18,075 [Thread-3997] INFO  impl.RoleInfo (RoleInfo.java:updateAndGet(143)) - 1705b612-ae52-4202-ba1e-b52c03c1d4d6: start LeaderElection
2019-09-25 05:51:18,082 [aa12bdd9-b98d-4e1b-b7bd-0fb99805d214@group-510509479A79-SegmentedRaftLogWorker] INFO  segmented.SegmentedRaftLogWorker (SegmentedRaftLogWorker.java:execute(569)) - aa12bdd9-b98d-4e1b-b7bd-0fb99805d214@group-510509479A79-SegmentedRaftLogWorker: created new log segment /workdir/hadoop-ozone/integration-test/target/test-dir/MiniOzoneClusterImpl-6389a31f-e1b2-4948-a777-3ab81d592f44/datanode-1/data/ratis/3514bcab-66cc-46a1-87bf-510509479a79/current/log_inprogress_0
2019-09-25 05:51:18,084 [1705b612-ae52-4202-ba1e-b52c03c1d4d6@group-1516C9AEEB34:LeaderElection308] INFO  impl.LeaderElection (LeaderElection.java:askForVotes(182)) - 1705b612-ae52-4202-ba1e-b52c03c1d4d6@group-1516C9AEEB34:LeaderElection308: begin an election at term 1 for -1: [1705b612-ae52-4202-ba1e-b52c03c1d4d6:192.168.30.10:40355], old=null
2019-09-25 05:51:18,085 [1705b612-ae52-4202-ba1e-b52c03c1d4d6@group-1516C9AEEB34:LeaderElection308] INFO  impl.RoleInfo (RoleInfo.java:shutdownLeaderElection(134)) - 1705b612-ae52-4202-ba1e-b52c03c1d4d6: shutdown LeaderElection
2019-09-25 05:51:18,085 [1705b612-ae52-4202-ba1e-b52c03c1d4d6@group-1516C9AEEB34:LeaderElection308] INFO  impl.RaftServerImpl (RaftServerImpl.java:setRole(174)) - 1705b612-ae52-4202-ba1e-b52c03c1d4d6@group-1516C9AEEB34: changes role from CANDIDATE to LEADER at term 1 for changeToLeader
2019-09-25 05:51:18,085 [1705b612-ae52-4202-ba1e-b52c03c1d4d6@group-1516C9AEEB34:LeaderElection308] INFO  impl.RaftServerImpl (ServerState.java:setLeader(253)) - 1705b612-ae52-4202-ba1e-b52c03c1d4d6@group-1516C9AEEB34: change Leader from null to 1705b612-ae52-4202-ba1e-b52c03c1d4d6 at term 1 for becomeLeader, leader elected after 5209ms
2019-09-25 05:51:18,085 [1705b612-ae52-4202-ba1e-b52c03c1d4d6@group-1516C9AEEB34:LeaderElection308] INFO  server.RaftServerConfigKeys (ConfUtils.java:logGet(43)) - raft.server.staging.catchup.gap = 1000 (default)
2019-09-25 05:51:18,085 [1705b612-ae52-4202-ba1e-b52c03c1d4d6@group-1516C9AEEB34:LeaderElection308] INFO  server.RaftServerConfigKeys (ConfUtils.java:logGet(43)) - raft.server.rpc.sleep.time = 25ms (default)
2019-09-25 05:51:18,085 [1705b612-ae52-4202-ba1e-b52c03c1d4d6@group-1516C9AEEB34:LeaderElection308] INFO  server.RaftServerConfigKeys (ConfUtils.java:logGet(43)) - raft.server.write.element-limit = 4096 (default)
2019-09-25 05:51:18,085 [1705b612-ae52-4202-ba1e-b52c03c1d4d6@group-1516C9AEEB34:LeaderElection308] INFO  server.RaftServerConfigKeys (ConfUtils.java:logGet(43)) - raft.server.watch.timeout = 10s (default)
2019-09-25 05:51:18,085 [1705b612-ae52-4202-ba1e-b52c03c1d4d6@group-1516C9AEEB34:LeaderElection308] INFO  server.RaftServerConfigKeys (ConfUtils.java:logGet(43)) - raft.server.watch.timeout.denomination = 1s (default)
2019-09-25 05:51:18,085 [1705b612-ae52-4202-ba1e-b52c03c1d4d6@group-1516C9AEEB34:LeaderElection308] INFO  server.RaftServerConfigKeys (ConfUtils.java:logGet(43)) - raft.server.watch.element-limit = 65536 (default)
2019-09-25 05:51:18,087 [1705b612-ae52-4202-ba1e-b52c03c1d4d6@group-1516C9AEEB34:LeaderElection308] INFO  impl.RoleInfo (RoleInfo.java:updateAndGet(143)) - 1705b612-ae52-4202-ba1e-b52c03c1d4d6: start LeaderState
2019-09-25 05:51:18,087 [1705b612-ae52-4202-ba1e-b52c03c1d4d6@group-1516C9AEEB34:LeaderElection308] INFO  segmented.SegmentedRaftLogWorker (SegmentedRaftLogWorker.java:startLogSegment(380)) - 1705b612-ae52-4202-ba1e-b52c03c1d4d6@group-1516C9AEEB34-SegmentedRaftLogWorker: Starting segment from index:0
2019-09-25 05:51:18,087 [1705b612-ae52-4202-ba1e-b52c03c1d4d6@group-1516C9AEEB34:LeaderElection308] INFO  impl.RaftServerImpl (ServerState.java:setRaftConf(354)) - 1705b612-ae52-4202-ba1e-b52c03c1d4d6@group-1516C9AEEB34: set configuration 0: [1705b612-ae52-4202-ba1e-b52c03c1d4d6:192.168.30.10:40355], old=null at 0
2019-09-25 05:51:18,094 [Thread-4012] INFO  impl.FollowerState (FollowerState.java:run(106)) - aa12bdd9-b98d-4e1b-b7bd-0fb99805d214:group-CE073F8EEACB changes to CANDIDATE, lastRpcTime:5058, electionTimeout:5058ms
2019-09-25 05:51:18,094 [Thread-4012] INFO  impl.RoleInfo (RoleInfo.java:shutdownFollowerState(121)) - aa12bdd9-b98d-4e1b-b7bd-0fb99805d214: shutdown FollowerState
2019-09-25 05:51:18,094 [Thread-4012] INFO  impl.RaftServerImpl (RaftServerImpl.java:setRole(174)) - aa12bdd9-b98d-4e1b-b7bd-0fb99805d214@group-CE073F8EEACB: changes role from  FOLLOWER to CANDIDATE at term 0 for changeToCandidate
2019-09-25 05:51:18,094 [Thread-4012] INFO  impl.RoleInfo (RoleInfo.java:updateAndGet(143)) - aa12bdd9-b98d-4e1b-b7bd-0fb99805d214: start LeaderElection
2019-09-25 05:51:18,119 [Thread-4003] INFO  impl.FollowerState (FollowerState.java:run(106)) - aa12bdd9-b98d-4e1b-b7bd-0fb99805d214:group-21A082C375CE changes to CANDIDATE, lastRpcTime:5182, electionTimeout:5164ms
2019-09-25 05:51:18,119 [Thread-4003] INFO  impl.RoleInfo (RoleInfo.java:shutdownFollowerState(121)) - aa12bdd9-b98d-4e1b-b7bd-0fb99805d214: shutdown FollowerState
2019-09-25 05:51:18,120 [Thread-4003] INFO  impl.RaftServerImpl (RaftServerImpl.java:setRole(174)) - aa12bdd9-b98d-4e1b-b7bd-0fb99805d214@group-21A082C375CE: changes role from  FOLLOWER to CANDIDATE at term 0 for changeToCandidate
2019-09-25 05:51:18,120 [Thread-4003] INFO  impl.RoleInfo (RoleInfo.java:updateAndGet(143)) - aa12bdd9-b98d-4e1b-b7bd-0fb99805d214: start LeaderElection
2019-09-25 05:51:18,138 [Thread-4009] INFO  impl.FollowerState (FollowerState.java:run(106)) - 7329b839-2890-4139-beee-2b486d1f212d:group-74700FFB8394 changes to CANDIDATE, lastRpcTime:5140, electionTimeout:5140ms
2019-09-25 05:51:18,139 [Thread-4009] INFO  impl.RoleInfo (RoleInfo.java:shutdownFollowerState(121)) - 7329b839-2890-4139-beee-2b486d1f212d: shutdown FollowerState
2019-09-25 05:51:18,139 [Thread-4009] INFO  impl.RaftServerImpl (RaftServerImpl.java:setRole(174)) - 7329b839-2890-4139-beee-2b486d1f212d@group-74700FFB8394: changes role from  FOLLOWER to CANDIDATE at term 0 for changeToCandidate
2019-09-25 05:51:18,139 [Thread-4009] INFO  impl.RoleInfo (RoleInfo.java:updateAndGet(143)) - 7329b839-2890-4139-beee-2b486d1f212d: start LeaderElection
2019-09-25 05:51:18,144 [1705b612-ae52-4202-ba1e-b52c03c1d4d6@group-1516C9AEEB34-SegmentedRaftLogWorker] INFO  segmented.SegmentedRaftLogWorker (SegmentedRaftLogWorker.java:execute(569)) - 1705b612-ae52-4202-ba1e-b52c03c1d4d6@group-1516C9AEEB34-SegmentedRaftLogWorker: created new log segment /workdir/hadoop-ozone/integration-test/target/test-dir/MiniOzoneClusterImpl-6389a31f-e1b2-4948-a777-3ab81d592f44/datanode-0/data/ratis/5a72d8ba-31a7-45d4-b244-1516c9aeeb34/current/log_inprogress_0
2019-09-25 05:51:18,144 [aa12bdd9-b98d-4e1b-b7bd-0fb99805d214@group-CE073F8EEACB:LeaderElection309] INFO  impl.LeaderElection (LeaderElection.java:askForVotes(182)) - aa12bdd9-b98d-4e1b-b7bd-0fb99805d214@group-CE073F8EEACB:LeaderElection309: begin an election at term 1 for -1: [aa12bdd9-b98d-4e1b-b7bd-0fb99805d214:192.168.30.10:37397], old=null
2019-09-25 05:51:18,144 [aa12bdd9-b98d-4e1b-b7bd-0fb99805d214@group-21A082C375CE:LeaderElection310] INFO  impl.LeaderElection (LeaderElection.java:askForVotes(182)) - aa12bdd9-b98d-4e1b-b7bd-0fb99805d214@group-21A082C375CE:LeaderElection310: begin an election at term 1 for -1: [aa12bdd9-b98d-4e1b-b7bd-0fb99805d214:192.168.30.10:37397], old=null
2019-09-25 05:51:18,144 [aa12bdd9-b98d-4e1b-b7bd-0fb99805d214@group-CE073F8EEACB:LeaderElection309] INFO  impl.RoleInfo (RoleInfo.java:shutdownLeaderElection(134)) - aa12bdd9-b98d-4e1b-b7bd-0fb99805d214: shutdown LeaderElection
2019-09-25 05:51:18,144 [aa12bdd9-b98d-4e1b-b7bd-0fb99805d214@group-21A082C375CE:LeaderElection310] INFO  impl.RoleInfo (RoleInfo.java:shutdownLeaderElection(134)) - aa12bdd9-b98d-4e1b-b7bd-0fb99805d214: shutdown LeaderElection
2019-09-25 05:51:18,144 [aa12bdd9-b98d-4e1b-b7bd-0fb99805d214@group-CE073F8EEACB:LeaderElection309] INFO  impl.RaftServerImpl (RaftServerImpl.java:setRole(174)) - aa12bdd9-b98d-4e1b-b7bd-0fb99805d214@group-CE073F8EEACB: changes role from CANDIDATE to LEADER at term 1 for changeToLeader
2019-09-25 05:51:18,144 [aa12bdd9-b98d-4e1b-b7bd-0fb99805d214@group-21A082C375CE:LeaderElection310] INFO  impl.RaftServerImpl (RaftServerImpl.java:setRole(174)) - aa12bdd9-b98d-4e1b-b7bd-0fb99805d214@group-21A082C375CE: changes role from CANDIDATE to LEADER at term 1 for changeToLeader
2019-09-25 05:51:18,145 [aa12bdd9-b98d-4e1b-b7bd-0fb99805d214@group-CE073F8EEACB:LeaderElection309] INFO  impl.RaftServerImpl (ServerState.java:setLeader(253)) - aa12bdd9-b98d-4e1b-b7bd-0fb99805d214@group-CE073F8EEACB: change Leader from null to aa12bdd9-b98d-4e1b-b7bd-0fb99805d214 at term 1 for becomeLeader, leader elected after 5111ms
2019-09-25 05:51:18,145 [aa12bdd9-b98d-4e1b-b7bd-0fb99805d214@group-21A082C375CE:LeaderElection310] INFO  impl.RaftServerImpl (ServerState.java:setLeader(253)) - aa12bdd9-b98d-4e1b-b7bd-0fb99805d214@group-21A082C375CE: change Leader from null to aa12bdd9-b98d-4e1b-b7bd-0fb99805d214 at term 1 for becomeLeader, leader elected after 5210ms
2019-09-25 05:51:18,145 [aa12bdd9-b98d-4e1b-b7bd-0fb99805d214@group-CE073F8EEACB:LeaderElection309] INFO  server.RaftServerConfigKeys (ConfUtils.java:logGet(43)) - raft.server.staging.catchup.gap = 1000 (default)
2019-09-25 05:51:18,145 [aa12bdd9-b98d-4e1b-b7bd-0fb99805d214@group-21A082C375CE:LeaderElection310] INFO  server.RaftServerConfigKeys (ConfUtils.java:logGet(43)) - raft.server.staging.catchup.gap = 1000 (default)
2019-09-25 05:51:18,145 [aa12bdd9-b98d-4e1b-b7bd-0fb99805d214@group-CE073F8EEACB:LeaderElection309] INFO  server.RaftServerConfigKeys (ConfUtils.java:logGet(43)) - raft.server.rpc.sleep.time = 25ms (default)
2019-09-25 05:51:18,145 [aa12bdd9-b98d-4e1b-b7bd-0fb99805d214@group-21A082C375CE:LeaderElection310] INFO  server.RaftServerConfigKeys (ConfUtils.java:logGet(43)) - raft.server.rpc.sleep.time = 25ms (default)
2019-09-25 05:51:18,145 [aa12bdd9-b98d-4e1b-b7bd-0fb99805d214@group-CE073F8EEACB:LeaderElection309] INFO  server.RaftServerConfigKeys (ConfUtils.java:logGet(43)) - raft.server.write.element-limit = 4096 (default)
2019-09-25 05:51:18,145 [aa12bdd9-b98d-4e1b-b7bd-0fb99805d214@group-21A082C375CE:LeaderElection310] INFO  server.RaftServerConfigKeys (ConfUtils.java:logGet(43)) - raft.server.write.element-limit = 4096 (default)
2019-09-25 05:51:18,146 [aa12bdd9-b98d-4e1b-b7bd-0fb99805d214@group-CE073F8EEACB:LeaderElection309] INFO  server.RaftServerConfigKeys (ConfUtils.java:logGet(43)) - raft.server.watch.timeout = 10s (default)
2019-09-25 05:51:18,146 [aa12bdd9-b98d-4e1b-b7bd-0fb99805d214@group-21A082C375CE:LeaderElection310] INFO  server.RaftServerConfigKeys (ConfUtils.java:logGet(43)) - raft.server.watch.timeout = 10s (default)
2019-09-25 05:51:18,146 [aa12bdd9-b98d-4e1b-b7bd-0fb99805d214@group-CE073F8EEACB:LeaderElection309] INFO  server.RaftServerConfigKeys (ConfUtils.java:logGet(43)) - raft.server.watch.timeout.denomination = 1s (default)
2019-09-25 05:51:18,146 [aa12bdd9-b98d-4e1b-b7bd-0fb99805d214@group-21A082C375CE:LeaderElection310] INFO  server.RaftServerConfigKeys (ConfUtils.java:logGet(43)) - raft.server.watch.timeout.denomination = 1s (default)
2019-09-25 05:51:18,146 [aa12bdd9-b98d-4e1b-b7bd-0fb99805d214@group-CE073F8EEACB:LeaderElection309] INFO  server.RaftServerConfigKeys (ConfUtils.java:logGet(43)) - raft.server.watch.element-limit = 65536 (default)
2019-09-25 05:51:18,146 [aa12bdd9-b98d-4e1b-b7bd-0fb99805d214@group-21A082C375CE:LeaderElection310] INFO  server.RaftServerConfigKeys (ConfUtils.java:logGet(43)) - raft.server.watch.element-limit = 65536 (default)
2019-09-25 05:51:18,147 [7329b839-2890-4139-beee-2b486d1f212d@group-74700FFB8394:LeaderElection311] INFO  impl.LeaderElection (LeaderElection.java:askForVotes(182)) - 7329b839-2890-4139-beee-2b486d1f212d@group-74700FFB8394:LeaderElection311: begin an election at term 1 for -1: [7329b839-2890-4139-beee-2b486d1f212d:192.168.30.10:41459], old=null
2019-09-25 05:51:18,147 [7329b839-2890-4139-beee-2b486d1f212d@group-74700FFB8394:LeaderElection311] INFO  impl.RoleInfo (RoleInfo.java:shutdownLeaderElection(134)) - 7329b839-2890-4139-beee-2b486d1f212d: shutdown LeaderElection
2019-09-25 05:51:18,147 [7329b839-2890-4139-beee-2b486d1f212d@group-74700FFB8394:LeaderElection311] INFO  impl.RaftServerImpl (RaftServerImpl.java:setRole(174)) - 7329b839-2890-4139-beee-2b486d1f212d@group-74700FFB8394: changes role from CANDIDATE to LEADER at term 1 for changeToLeader
2019-09-25 05:51:18,147 [7329b839-2890-4139-beee-2b486d1f212d@group-74700FFB8394:LeaderElection311] INFO  impl.RaftServerImpl (ServerState.java:setLeader(253)) - 7329b839-2890-4139-beee-2b486d1f212d@group-74700FFB8394: change Leader from null to 7329b839-2890-4139-beee-2b486d1f212d at term 1 for becomeLeader, leader elected after 5151ms
2019-09-25 05:51:18,147 [7329b839-2890-4139-beee-2b486d1f212d@group-74700FFB8394:LeaderElection311] INFO  server.RaftServerConfigKeys (ConfUtils.java:logGet(43)) - raft.server.staging.catchup.gap = 1000 (default)
2019-09-25 05:51:18,147 [7329b839-2890-4139-beee-2b486d1f212d@group-74700FFB8394:LeaderElection311] INFO  server.RaftServerConfigKeys (ConfUtils.java:logGet(43)) - raft.server.rpc.sleep.time = 25ms (default)
2019-09-25 05:51:18,147 [7329b839-2890-4139-beee-2b486d1f212d@group-74700FFB8394:LeaderElection311] INFO  server.RaftServerConfigKeys (ConfUtils.java:logGet(43)) - raft.server.write.element-limit = 4096 (default)
2019-09-25 05:51:18,147 [7329b839-2890-4139-beee-2b486d1f212d@group-74700FFB8394:LeaderElection311] INFO  server.RaftServerConfigKeys (ConfUtils.java:logGet(43)) - raft.server.watch.timeout = 10s (default)
2019-09-25 05:51:18,148 [7329b839-2890-4139-beee-2b486d1f212d@group-74700FFB8394:LeaderElection311] INFO  server.RaftServerConfigKeys (ConfUtils.java:logGet(43)) - raft.server.watch.timeout.denomination = 1s (default)
2019-09-25 05:51:18,148 [7329b839-2890-4139-beee-2b486d1f212d@group-74700FFB8394:LeaderElection311] INFO  server.RaftServerConfigKeys (ConfUtils.java:logGet(43)) - raft.server.watch.element-limit = 65536 (default)
2019-09-25 05:51:18,149 [aa12bdd9-b98d-4e1b-b7bd-0fb99805d214@group-CE073F8EEACB:LeaderElection309] INFO  impl.RoleInfo (RoleInfo.java:updateAndGet(143)) - aa12bdd9-b98d-4e1b-b7bd-0fb99805d214: start LeaderState
2019-09-25 05:51:18,149 [aa12bdd9-b98d-4e1b-b7bd-0fb99805d214@group-CE073F8EEACB:LeaderElection309] INFO  segmented.SegmentedRaftLogWorker (SegmentedRaftLogWorker.java:startLogSegment(380)) - aa12bdd9-b98d-4e1b-b7bd-0fb99805d214@group-CE073F8EEACB-SegmentedRaftLogWorker: Starting segment from index:0
2019-09-25 05:51:18,149 [aa12bdd9-b98d-4e1b-b7bd-0fb99805d214@group-21A082C375CE:LeaderElection310] INFO  impl.RoleInfo (RoleInfo.java:updateAndGet(143)) - aa12bdd9-b98d-4e1b-b7bd-0fb99805d214: start LeaderState
2019-09-25 05:51:18,150 [7329b839-2890-4139-beee-2b486d1f212d@group-74700FFB8394:LeaderElection311] INFO  impl.RoleInfo (RoleInfo.java:updateAndGet(143)) - 7329b839-2890-4139-beee-2b486d1f212d: start LeaderState
2019-09-25 05:51:18,150 [aa12bdd9-b98d-4e1b-b7bd-0fb99805d214@group-21A082C375CE:LeaderElection310] INFO  segmented.SegmentedRaftLogWorker (SegmentedRaftLogWorker.java:startLogSegment(380)) - aa12bdd9-b98d-4e1b-b7bd-0fb99805d214@group-21A082C375CE-SegmentedRaftLogWorker: Starting segment from index:0
2019-09-25 05:51:18,150 [aa12bdd9-b98d-4e1b-b7bd-0fb99805d214@group-CE073F8EEACB:LeaderElection309] INFO  impl.RaftServerImpl (ServerState.java:setRaftConf(354)) - aa12bdd9-b98d-4e1b-b7bd-0fb99805d214@group-CE073F8EEACB: set configuration 0: [aa12bdd9-b98d-4e1b-b7bd-0fb99805d214:192.168.30.10:37397], old=null at 0
2019-09-25 05:51:18,150 [7329b839-2890-4139-beee-2b486d1f212d@group-74700FFB8394:LeaderElection311] INFO  segmented.SegmentedRaftLogWorker (SegmentedRaftLogWorker.java:startLogSegment(380)) - 7329b839-2890-4139-beee-2b486d1f212d@group-74700FFB8394-SegmentedRaftLogWorker: Starting segment from index:0
2019-09-25 05:51:18,150 [aa12bdd9-b98d-4e1b-b7bd-0fb99805d214@group-21A082C375CE:LeaderElection310] INFO  impl.RaftServerImpl (ServerState.java:setRaftConf(354)) - aa12bdd9-b98d-4e1b-b7bd-0fb99805d214@group-21A082C375CE: set configuration 0: [aa12bdd9-b98d-4e1b-b7bd-0fb99805d214:192.168.30.10:37397], old=null at 0
2019-09-25 05:51:18,150 [7329b839-2890-4139-beee-2b486d1f212d@group-74700FFB8394:LeaderElection311] INFO  impl.RaftServerImpl (ServerState.java:setRaftConf(354)) - 7329b839-2890-4139-beee-2b486d1f212d@group-74700FFB8394: set configuration 0: [7329b839-2890-4139-beee-2b486d1f212d:192.168.30.10:41459], old=null at 0
2019-09-25 05:51:18,160 [Thread-4015] INFO  impl.FollowerState (FollowerState.java:run(106)) - 7329b839-2890-4139-beee-2b486d1f212d:group-D05F327A3C7A changes to CANDIDATE, lastRpcTime:5098, electionTimeout:5098ms
2019-09-25 05:51:18,160 [Thread-4015] INFO  impl.RoleInfo (RoleInfo.java:shutdownFollowerState(121)) - 7329b839-2890-4139-beee-2b486d1f212d: shutdown FollowerState
2019-09-25 05:51:18,160 [Thread-4015] INFO  impl.RaftServerImpl (RaftServerImpl.java:setRole(174)) - 7329b839-2890-4139-beee-2b486d1f212d@group-D05F327A3C7A: changes role from  FOLLOWER to CANDIDATE at term 0 for changeToCandidate
2019-09-25 05:51:18,160 [Thread-4015] INFO  impl.RoleInfo (RoleInfo.java:updateAndGet(143)) - 7329b839-2890-4139-beee-2b486d1f212d: start LeaderElection
2019-09-25 05:51:18,193 [Thread-4024] INFO  impl.FollowerState (FollowerState.java:run(106)) - 7329b839-2890-4139-beee-2b486d1f212d:group-FB315CBA32DC changes to CANDIDATE, lastRpcTime:5042, electionTimeout:5042ms
2019-09-25 05:51:18,193 [Thread-4024] INFO  impl.RoleInfo (RoleInfo.java:shutdownFollowerState(121)) - 7329b839-2890-4139-beee-2b486d1f212d: shutdown FollowerState
2019-09-25 05:51:18,193 [Thread-4024] INFO  impl.RaftServerImpl (RaftServerImpl.java:setRole(174)) - 7329b839-2890-4139-beee-2b486d1f212d@group-FB315CBA32DC: changes role from  FOLLOWER to CANDIDATE at term 0 for changeToCandidate
2019-09-25 05:51:18,193 [Thread-4024] INFO  impl.RoleInfo (RoleInfo.java:updateAndGet(143)) - 7329b839-2890-4139-beee-2b486d1f212d: start LeaderElection
2019-09-25 05:51:18,211 [aa12bdd9-b98d-4e1b-b7bd-0fb99805d214@group-21A082C375CE-SegmentedRaftLogWorker] INFO  segmented.SegmentedRaftLogWorker (SegmentedRaftLogWorker.java:execute(569)) - aa12bdd9-b98d-4e1b-b7bd-0fb99805d214@group-21A082C375CE-SegmentedRaftLogWorker: created new log segment /workdir/hadoop-ozone/integration-test/target/test-dir/MiniOzoneClusterImpl-6389a31f-e1b2-4948-a777-3ab81d592f44/datanode-1/data/ratis/ba3310b5-630a-4f87-9551-21a082c375ce/current/log_inprogress_0
2019-09-25 05:51:18,211 [7329b839-2890-4139-beee-2b486d1f212d@group-74700FFB8394-SegmentedRaftLogWorker] INFO  segmented.SegmentedRaftLogWorker (SegmentedRaftLogWorker.java:execute(569)) - 7329b839-2890-4139-beee-2b486d1f212d@group-74700FFB8394-SegmentedRaftLogWorker: created new log segment /workdir/hadoop-ozone/integration-test/target/test-dir/MiniOzoneClusterImpl-6389a31f-e1b2-4948-a777-3ab81d592f44/datanode-2/data/ratis/05b5f298-3698-4ddf-bb5c-74700ffb8394/current/log_inprogress_0
2019-09-25 05:51:18,211 [7329b839-2890-4139-beee-2b486d1f212d@group-D05F327A3C7A:LeaderElection312] INFO  impl.LeaderElection (LeaderElection.java:askForVotes(182)) - 7329b839-2890-4139-beee-2b486d1f212d@group-D05F327A3C7A:LeaderElection312: begin an election at term 1 for -1: [7329b839-2890-4139-beee-2b486d1f212d:192.168.30.10:41459], old=null
2019-09-25 05:51:18,211 [aa12bdd9-b98d-4e1b-b7bd-0fb99805d214@group-CE073F8EEACB-SegmentedRaftLogWorker] INFO  segmented.SegmentedRaftLogWorker (SegmentedRaftLogWorker.java:execute(569)) - aa12bdd9-b98d-4e1b-b7bd-0fb99805d214@group-CE073F8EEACB-SegmentedRaftLogWorker: created new log segment /workdir/hadoop-ozone/integration-test/target/test-dir/MiniOzoneClusterImpl-6389a31f-e1b2-4948-a777-3ab81d592f44/datanode-1/data/ratis/7369d5d4-920c-4e40-9f33-ce073f8eeacb/current/log_inprogress_0
2019-09-25 05:51:18,211 [7329b839-2890-4139-beee-2b486d1f212d@group-D05F327A3C7A:LeaderElection312] INFO  impl.RoleInfo (RoleInfo.java:shutdownLeaderElection(134)) - 7329b839-2890-4139-beee-2b486d1f212d: shutdown LeaderElection
2019-09-25 05:51:18,211 [7329b839-2890-4139-beee-2b486d1f212d@group-D05F327A3C7A:LeaderElection312] INFO  impl.RaftServerImpl (RaftServerImpl.java:setRole(174)) - 7329b839-2890-4139-beee-2b486d1f212d@group-D05F327A3C7A: changes role from CANDIDATE to LEADER at term 1 for changeToLeader
2019-09-25 05:51:18,211 [7329b839-2890-4139-beee-2b486d1f212d@group-D05F327A3C7A:LeaderElection312] INFO  impl.RaftServerImpl (ServerState.java:setLeader(253)) - 7329b839-2890-4139-beee-2b486d1f212d@group-D05F327A3C7A: change Leader from null to 7329b839-2890-4139-beee-2b486d1f212d at term 1 for becomeLeader, leader elected after 5153ms
2019-09-25 05:51:18,212 [7329b839-2890-4139-beee-2b486d1f212d@group-D05F327A3C7A:LeaderElection312] INFO  server.RaftServerConfigKeys (ConfUtils.java:logGet(43)) - raft.server.staging.catchup.gap = 1000 (default)
2019-09-25 05:51:18,212 [7329b839-2890-4139-beee-2b486d1f212d@group-D05F327A3C7A:LeaderElection312] INFO  server.RaftServerConfigKeys (ConfUtils.java:logGet(43)) - raft.server.rpc.sleep.time = 25ms (default)
2019-09-25 05:51:18,212 [7329b839-2890-4139-beee-2b486d1f212d@group-D05F327A3C7A:LeaderElection312] INFO  server.RaftServerConfigKeys (ConfUtils.java:logGet(43)) - raft.server.write.element-limit = 4096 (default)
2019-09-25 05:51:18,212 [7329b839-2890-4139-beee-2b486d1f212d@group-D05F327A3C7A:LeaderElection312] INFO  server.RaftServerConfigKeys (ConfUtils.java:logGet(43)) - raft.server.watch.timeout = 10s (default)
2019-09-25 05:51:18,212 [7329b839-2890-4139-beee-2b486d1f212d@group-D05F327A3C7A:LeaderElection312] INFO  server.RaftServerConfigKeys (ConfUtils.java:logGet(43)) - raft.server.watch.timeout.denomination = 1s (default)
2019-09-25 05:51:18,212 [7329b839-2890-4139-beee-2b486d1f212d@group-D05F327A3C7A:LeaderElection312] INFO  server.RaftServerConfigKeys (ConfUtils.java:logGet(43)) - raft.server.watch.element-limit = 65536 (default)
2019-09-25 05:51:18,214 [7329b839-2890-4139-beee-2b486d1f212d@group-D05F327A3C7A:LeaderElection312] INFO  impl.RoleInfo (RoleInfo.java:updateAndGet(143)) - 7329b839-2890-4139-beee-2b486d1f212d: start LeaderState
2019-09-25 05:51:18,214 [7329b839-2890-4139-beee-2b486d1f212d@group-D05F327A3C7A:LeaderElection312] INFO  segmented.SegmentedRaftLogWorker (SegmentedRaftLogWorker.java:startLogSegment(380)) - 7329b839-2890-4139-beee-2b486d1f212d@group-D05F327A3C7A-SegmentedRaftLogWorker: Starting segment from index:0
2019-09-25 05:51:18,215 [7329b839-2890-4139-beee-2b486d1f212d@group-D05F327A3C7A:LeaderElection312] INFO  impl.RaftServerImpl (ServerState.java:setRaftConf(354)) - 7329b839-2890-4139-beee-2b486d1f212d@group-D05F327A3C7A: set configuration 0: [7329b839-2890-4139-beee-2b486d1f212d:192.168.30.10:41459], old=null at 0
2019-09-25 05:51:18,237 [7329b839-2890-4139-beee-2b486d1f212d@group-FB315CBA32DC:LeaderElection313] INFO  impl.LeaderElection (LeaderElection.java:askForVotes(182)) - 7329b839-2890-4139-beee-2b486d1f212d@group-FB315CBA32DC:LeaderElection313: begin an election at term 1 for -1: [7329b839-2890-4139-beee-2b486d1f212d:192.168.30.10:41459], old=null
2019-09-25 05:51:18,237 [7329b839-2890-4139-beee-2b486d1f212d@group-FB315CBA32DC:LeaderElection313] INFO  impl.RoleInfo (RoleInfo.java:shutdownLeaderElection(134)) - 7329b839-2890-4139-beee-2b486d1f212d: shutdown LeaderElection
2019-09-25 05:51:18,237 [7329b839-2890-4139-beee-2b486d1f212d@group-FB315CBA32DC:LeaderElection313] INFO  impl.RaftServerImpl (RaftServerImpl.java:setRole(174)) - 7329b839-2890-4139-beee-2b486d1f212d@group-FB315CBA32DC: changes role from CANDIDATE to LEADER at term 1 for changeToLeader
2019-09-25 05:51:18,237 [7329b839-2890-4139-beee-2b486d1f212d@group-FB315CBA32DC:LeaderElection313] INFO  impl.RaftServerImpl (ServerState.java:setLeader(253)) - 7329b839-2890-4139-beee-2b486d1f212d@group-FB315CBA32DC: change Leader from null to 7329b839-2890-4139-beee-2b486d1f212d at term 1 for becomeLeader, leader elected after 5090ms
2019-09-25 05:51:18,237 [7329b839-2890-4139-beee-2b486d1f212d@group-FB315CBA32DC:LeaderElection313] INFO  server.RaftServerConfigKeys (ConfUtils.java:logGet(43)) - raft.server.staging.catchup.gap = 1000 (default)
2019-09-25 05:51:18,238 [7329b839-2890-4139-beee-2b486d1f212d@group-FB315CBA32DC:LeaderElection313] INFO  server.RaftServerConfigKeys (ConfUtils.java:logGet(43)) - raft.server.rpc.sleep.time = 25ms (default)
2019-09-25 05:51:18,238 [7329b839-2890-4139-beee-2b486d1f212d@group-FB315CBA32DC:LeaderElection313] INFO  server.RaftServerConfigKeys (ConfUtils.java:logGet(43)) - raft.server.write.element-limit = 4096 (default)
2019-09-25 05:51:18,238 [7329b839-2890-4139-beee-2b486d1f212d@group-FB315CBA32DC:LeaderElection313] INFO  server.RaftServerConfigKeys (ConfUtils.java:logGet(43)) - raft.server.watch.timeout = 10s (default)
2019-09-25 05:51:18,238 [7329b839-2890-4139-beee-2b486d1f212d@group-FB315CBA32DC:LeaderElection313] INFO  server.RaftServerConfigKeys (ConfUtils.java:logGet(43)) - raft.server.watch.timeout.denomination = 1s (default)
2019-09-25 05:51:18,238 [7329b839-2890-4139-beee-2b486d1f212d@group-FB315CBA32DC:LeaderElection313] INFO  server.RaftServerConfigKeys (ConfUtils.java:logGet(43)) - raft.server.watch.element-limit = 65536 (default)
2019-09-25 05:51:18,239 [7329b839-2890-4139-beee-2b486d1f212d@group-FB315CBA32DC:LeaderElection313] INFO  impl.RoleInfo (RoleInfo.java:updateAndGet(143)) - 7329b839-2890-4139-beee-2b486d1f212d: start LeaderState
2019-09-25 05:51:18,239 [7329b839-2890-4139-beee-2b486d1f212d@group-FB315CBA32DC:LeaderElection313] INFO  segmented.SegmentedRaftLogWorker (SegmentedRaftLogWorker.java:startLogSegment(380)) - 7329b839-2890-4139-beee-2b486d1f212d@group-FB315CBA32DC-SegmentedRaftLogWorker: Starting segment from index:0
2019-09-25 05:51:18,240 [7329b839-2890-4139-beee-2b486d1f212d@group-FB315CBA32DC:LeaderElection313] INFO  impl.RaftServerImpl (ServerState.java:setRaftConf(354)) - 7329b839-2890-4139-beee-2b486d1f212d@group-FB315CBA32DC: set configuration 0: [7329b839-2890-4139-beee-2b486d1f212d:192.168.30.10:41459], old=null at 0
2019-09-25 05:51:18,254 [Thread-4027] INFO  impl.FollowerState (FollowerState.java:run(106)) - f6b408ab-d2bf-4cc7-9b61-adae7633a687:group-4DE62F4F26F6 changes to CANDIDATE, lastRpcTime:5069, electionTimeout:5069ms
2019-09-25 05:51:18,254 [Thread-4033] INFO  impl.FollowerState (FollowerState.java:run(106)) - f6b408ab-d2bf-4cc7-9b61-adae7633a687:group-5048AA2E23F9 changes to CANDIDATE, lastRpcTime:5012, electionTimeout:5012ms
2019-09-25 05:51:18,255 [Thread-4027] INFO  impl.RoleInfo (RoleInfo.java:shutdownFollowerState(121)) - f6b408ab-d2bf-4cc7-9b61-adae7633a687: shutdown FollowerState
2019-09-25 05:51:18,255 [Thread-4033] INFO  impl.RoleInfo (RoleInfo.java:shutdownFollowerState(121)) - f6b408ab-d2bf-4cc7-9b61-adae7633a687: shutdown FollowerState
2019-09-25 05:51:18,255 [Thread-4027] INFO  impl.RaftServerImpl (RaftServerImpl.java:setRole(174)) - f6b408ab-d2bf-4cc7-9b61-adae7633a687@group-4DE62F4F26F6: changes role from  FOLLOWER to CANDIDATE at term 0 for changeToCandidate
2019-09-25 05:51:18,255 [Thread-4033] INFO  impl.RaftServerImpl (RaftServerImpl.java:setRole(174)) - f6b408ab-d2bf-4cc7-9b61-adae7633a687@group-5048AA2E23F9: changes role from  FOLLOWER to CANDIDATE at term 0 for changeToCandidate
2019-09-25 05:51:18,255 [Thread-4027] INFO  impl.RoleInfo (RoleInfo.java:updateAndGet(143)) - f6b408ab-d2bf-4cc7-9b61-adae7633a687: start LeaderElection
2019-09-25 05:51:18,255 [Thread-4033] INFO  impl.RoleInfo (RoleInfo.java:updateAndGet(143)) - f6b408ab-d2bf-4cc7-9b61-adae7633a687: start LeaderElection
2019-09-25 05:51:18,267 [Thread-4018] INFO  impl.FollowerState (FollowerState.java:run(106)) - f6b408ab-d2bf-4cc7-9b61-adae7633a687:group-B339B9C9BC2D changes to CANDIDATE, lastRpcTime:5164, electionTimeout:5158ms
2019-09-25 05:51:18,267 [Thread-4018] INFO  impl.RoleInfo (RoleInfo.java:shutdownFollowerState(121)) - f6b408ab-d2bf-4cc7-9b61-adae7633a687: shutdown FollowerState
2019-09-25 05:51:18,267 [Thread-4018] INFO  impl.RaftServerImpl (RaftServerImpl.java:setRole(174)) - f6b408ab-d2bf-4cc7-9b61-adae7633a687@group-B339B9C9BC2D: changes role from  FOLLOWER to CANDIDATE at term 0 for changeToCandidate
2019-09-25 05:51:18,267 [Thread-4018] INFO  impl.RoleInfo (RoleInfo.java:updateAndGet(143)) - f6b408ab-d2bf-4cc7-9b61-adae7633a687: start LeaderElection
2019-09-25 05:51:18,280 [Thread-4021] INFO  impl.FollowerState (FollowerState.java:run(106)) - 7329b839-2890-4139-beee-2b486d1f212d:group-8CFCE157D67E changes to CANDIDATE, lastRpcTime:5154, electionTimeout:5154ms
2019-09-25 05:51:18,280 [7329b839-2890-4139-beee-2b486d1f212d@group-D05F327A3C7A-SegmentedRaftLogWorker] INFO  segmented.SegmentedRaftLogWorker (SegmentedRaftLogWorker.java:execute(569)) - 7329b839-2890-4139-beee-2b486d1f212d@group-D05F327A3C7A-SegmentedRaftLogWorker: created new log segment /workdir/hadoop-ozone/integration-test/target/test-dir/MiniOzoneClusterImpl-6389a31f-e1b2-4948-a777-3ab81d592f44/datanode-2/data/ratis/46bd9dcd-5a6f-4ab7-be19-d05f327a3c7a/current/log_inprogress_0
2019-09-25 05:51:18,281 [f6b408ab-d2bf-4cc7-9b61-adae7633a687@group-B339B9C9BC2D:LeaderElection316] INFO  impl.LeaderElection (LeaderElection.java:askForVotes(182)) - f6b408ab-d2bf-4cc7-9b61-adae7633a687@group-B339B9C9BC2D:LeaderElection316: begin an election at term 1 for -1: [f6b408ab-d2bf-4cc7-9b61-adae7633a687:192.168.30.10:35118], old=null
2019-09-25 05:51:18,281 [Thread-4021] INFO  impl.RoleInfo (RoleInfo.java:shutdownFollowerState(121)) - 7329b839-2890-4139-beee-2b486d1f212d: shutdown FollowerState
2019-09-25 05:51:18,280 [7329b839-2890-4139-beee-2b486d1f212d@group-FB315CBA32DC-SegmentedRaftLogWorker] INFO  segmented.SegmentedRaftLogWorker (SegmentedRaftLogWorker.java:execute(569)) - 7329b839-2890-4139-beee-2b486d1f212d@group-FB315CBA32DC-SegmentedRaftLogWorker: created new log segment /workdir/hadoop-ozone/integration-test/target/test-dir/MiniOzoneClusterImpl-6389a31f-e1b2-4948-a777-3ab81d592f44/datanode-2/data/ratis/d34d5603-8a82-4bf2-be32-fb315cba32dc/current/log_inprogress_0
2019-09-25 05:51:18,281 [Thread-4021] INFO  impl.RaftServerImpl (RaftServerImpl.java:setRole(174)) - 7329b839-2890-4139-beee-2b486d1f212d@group-8CFCE157D67E: changes role from  FOLLOWER to CANDIDATE at term 0 for changeToCandidate
2019-09-25 05:51:18,281 [f6b408ab-d2bf-4cc7-9b61-adae7633a687@group-B339B9C9BC2D:LeaderElection316] INFO  impl.RoleInfo (RoleInfo.java:shutdownLeaderElection(134)) - f6b408ab-d2bf-4cc7-9b61-adae7633a687: shutdown LeaderElection
2019-09-25 05:51:18,281 [f6b408ab-d2bf-4cc7-9b61-adae7633a687@group-4DE62F4F26F6:LeaderElection314] INFO  impl.LeaderElection (LeaderElection.java:askForVotes(182)) - f6b408ab-d2bf-4cc7-9b61-adae7633a687@group-4DE62F4F26F6:LeaderElection314: begin an election at term 1 for -1: [f6b408ab-d2bf-4cc7-9b61-adae7633a687:192.168.30.10:35118], old=null
2019-09-25 05:51:18,281 [f6b408ab-d2bf-4cc7-9b61-adae7633a687@group-5048AA2E23F9:LeaderElection315] INFO  impl.LeaderElection (LeaderElection.java:askForVotes(182)) - f6b408ab-d2bf-4cc7-9b61-adae7633a687@group-5048AA2E23F9:LeaderElection315: begin an election at term 1 for -1: [f6b408ab-d2bf-4cc7-9b61-adae7633a687:192.168.30.10:35118], old=null
2019-09-25 05:51:18,281 [f6b408ab-d2bf-4cc7-9b61-adae7633a687@group-4DE62F4F26F6:LeaderElection314] INFO  impl.RoleInfo (RoleInfo.java:shutdownLeaderElection(134)) - f6b408ab-d2bf-4cc7-9b61-adae7633a687: shutdown LeaderElection
2019-09-25 05:51:18,281 [f6b408ab-d2bf-4cc7-9b61-adae7633a687@group-B339B9C9BC2D:LeaderElection316] INFO  impl.RaftServerImpl (RaftServerImpl.java:setRole(174)) - f6b408ab-d2bf-4cc7-9b61-adae7633a687@group-B339B9C9BC2D: changes role from CANDIDATE to LEADER at term 1 for changeToLeader
2019-09-25 05:51:18,281 [f6b408ab-d2bf-4cc7-9b61-adae7633a687@group-B339B9C9BC2D:LeaderElection316] INFO  impl.RaftServerImpl (ServerState.java:setLeader(253)) - f6b408ab-d2bf-4cc7-9b61-adae7633a687@group-B339B9C9BC2D: change Leader from null to f6b408ab-d2bf-4cc7-9b61-adae7633a687 at term 1 for becomeLeader, leader elected after 5183ms
2019-09-25 05:51:18,281 [Thread-4021] INFO  impl.RoleInfo (RoleInfo.java:updateAndGet(143)) - 7329b839-2890-4139-beee-2b486d1f212d: start LeaderElection
2019-09-25 05:51:18,282 [f6b408ab-d2bf-4cc7-9b61-adae7633a687@group-B339B9C9BC2D:LeaderElection316] INFO  server.RaftServerConfigKeys (ConfUtils.java:logGet(43)) - raft.server.staging.catchup.gap = 1000 (default)
2019-09-25 05:51:18,281 [f6b408ab-d2bf-4cc7-9b61-adae7633a687@group-4DE62F4F26F6:LeaderElection314] INFO  impl.RaftServerImpl (RaftServerImpl.java:setRole(174)) - f6b408ab-d2bf-4cc7-9b61-adae7633a687@group-4DE62F4F26F6: changes role from CANDIDATE to LEADER at term 1 for changeToLeader
2019-09-25 05:51:18,281 [f6b408ab-d2bf-4cc7-9b61-adae7633a687@group-5048AA2E23F9:LeaderElection315] INFO  impl.RoleInfo (RoleInfo.java:shutdownLeaderElection(134)) - f6b408ab-d2bf-4cc7-9b61-adae7633a687: shutdown LeaderElection
2019-09-25 05:51:18,295 [f6b408ab-d2bf-4cc7-9b61-adae7633a687@group-4DE62F4F26F6:LeaderElection314] INFO  impl.RaftServerImpl (ServerState.java:setLeader(253)) - f6b408ab-d2bf-4cc7-9b61-adae7633a687@group-4DE62F4F26F6: change Leader from null to f6b408ab-d2bf-4cc7-9b61-adae7633a687 at term 1 for becomeLeader, leader elected after 5113ms
2019-09-25 05:51:18,282 [f6b408ab-d2bf-4cc7-9b61-adae7633a687@group-B339B9C9BC2D:LeaderElection316] INFO  server.RaftServerConfigKeys (ConfUtils.java:logGet(43)) - raft.server.rpc.sleep.time = 25ms (default)
2019-09-25 05:51:18,295 [f6b408ab-d2bf-4cc7-9b61-adae7633a687@group-4DE62F4F26F6:LeaderElection314] INFO  server.RaftServerConfigKeys (ConfUtils.java:logGet(43)) - raft.server.staging.catchup.gap = 1000 (default)
2019-09-25 05:51:18,296 [f6b408ab-d2bf-4cc7-9b61-adae7633a687@group-4DE62F4F26F6:LeaderElection314] INFO  server.RaftServerConfigKeys (ConfUtils.java:logGet(43)) - raft.server.rpc.sleep.time = 25ms (default)
2019-09-25 05:51:18,295 [f6b408ab-d2bf-4cc7-9b61-adae7633a687@group-5048AA2E23F9:LeaderElection315] INFO  impl.RaftServerImpl (RaftServerImpl.java:setRole(174)) - f6b408ab-d2bf-4cc7-9b61-adae7633a687@group-5048AA2E23F9: changes role from CANDIDATE to LEADER at term 1 for changeToLeader
2019-09-25 05:51:18,296 [f6b408ab-d2bf-4cc7-9b61-adae7633a687@group-4DE62F4F26F6:LeaderElection314] INFO  server.RaftServerConfigKeys (ConfUtils.java:logGet(43)) - raft.server.write.element-limit = 4096 (default)
2019-09-25 05:51:18,296 [f6b408ab-d2bf-4cc7-9b61-adae7633a687@group-B339B9C9BC2D:LeaderElection316] INFO  server.RaftServerConfigKeys (ConfUtils.java:logGet(43)) - raft.server.write.element-limit = 4096 (default)
2019-09-25 05:51:18,296 [f6b408ab-d2bf-4cc7-9b61-adae7633a687@group-4DE62F4F26F6:LeaderElection314] INFO  server.RaftServerConfigKeys (ConfUtils.java:logGet(43)) - raft.server.watch.timeout = 10s (default)
2019-09-25 05:51:18,296 [f6b408ab-d2bf-4cc7-9b61-adae7633a687@group-5048AA2E23F9:LeaderElection315] INFO  impl.RaftServerImpl (ServerState.java:setLeader(253)) - f6b408ab-d2bf-4cc7-9b61-adae7633a687@group-5048AA2E23F9: change Leader from null to f6b408ab-d2bf-4cc7-9b61-adae7633a687 at term 1 for becomeLeader, leader elected after 5057ms
2019-09-25 05:51:18,296 [f6b408ab-d2bf-4cc7-9b61-adae7633a687@group-4DE62F4F26F6:LeaderElection314] INFO  server.RaftServerConfigKeys (ConfUtils.java:logGet(43)) - raft.server.watch.timeout.denomination = 1s (default)
2019-09-25 05:51:18,296 [f6b408ab-d2bf-4cc7-9b61-adae7633a687@group-B339B9C9BC2D:LeaderElection316] INFO  server.RaftServerConfigKeys (ConfUtils.java:logGet(43)) - raft.server.watch.timeout = 10s (default)
2019-09-25 05:51:18,297 [f6b408ab-d2bf-4cc7-9b61-adae7633a687@group-4DE62F4F26F6:LeaderElection314] INFO  server.RaftServerConfigKeys (ConfUtils.java:logGet(43)) - raft.server.watch.element-limit = 65536 (default)
2019-09-25 05:51:18,296 [f6b408ab-d2bf-4cc7-9b61-adae7633a687@group-5048AA2E23F9:LeaderElection315] INFO  server.RaftServerConfigKeys (ConfUtils.java:logGet(43)) - raft.server.staging.catchup.gap = 1000 (default)
2019-09-25 05:51:18,297 [f6b408ab-d2bf-4cc7-9b61-adae7633a687@group-B339B9C9BC2D:LeaderElection316] INFO  server.RaftServerConfigKeys (ConfUtils.java:logGet(43)) - raft.server.watch.timeout.denomination = 1s (default)
2019-09-25 05:51:18,297 [f6b408ab-d2bf-4cc7-9b61-adae7633a687@group-5048AA2E23F9:LeaderElection315] INFO  server.RaftServerConfigKeys (ConfUtils.java:logGet(43)) - raft.server.rpc.sleep.time = 25ms (default)
2019-09-25 05:51:18,297 [f6b408ab-d2bf-4cc7-9b61-adae7633a687@group-B339B9C9BC2D:LeaderElection316] INFO  server.RaftServerConfigKeys (ConfUtils.java:logGet(43)) - raft.server.watch.element-limit = 65536 (default)
2019-09-25 05:51:18,297 [f6b408ab-d2bf-4cc7-9b61-adae7633a687@group-5048AA2E23F9:LeaderElection315] INFO  server.RaftServerConfigKeys (ConfUtils.java:logGet(43)) - raft.server.write.element-limit = 4096 (default)
2019-09-25 05:51:18,297 [f6b408ab-d2bf-4cc7-9b61-adae7633a687@group-5048AA2E23F9:LeaderElection315] INFO  server.RaftServerConfigKeys (ConfUtils.java:logGet(43)) - raft.server.watch.timeout = 10s (default)
2019-09-25 05:51:18,297 [f6b408ab-d2bf-4cc7-9b61-adae7633a687@group-5048AA2E23F9:LeaderElection315] INFO  server.RaftServerConfigKeys (ConfUtils.java:logGet(43)) - raft.server.watch.timeout.denomination = 1s (default)
2019-09-25 05:51:18,297 [f6b408ab-d2bf-4cc7-9b61-adae7633a687@group-5048AA2E23F9:LeaderElection315] INFO  server.RaftServerConfigKeys (ConfUtils.java:logGet(43)) - raft.server.watch.element-limit = 65536 (default)
2019-09-25 05:51:18,300 [f6b408ab-d2bf-4cc7-9b61-adae7633a687@group-4DE62F4F26F6:LeaderElection314] INFO  impl.RoleInfo (RoleInfo.java:updateAndGet(143)) - f6b408ab-d2bf-4cc7-9b61-adae7633a687: start LeaderState
2019-09-25 05:51:18,300 [f6b408ab-d2bf-4cc7-9b61-adae7633a687@group-4DE62F4F26F6:LeaderElection314] INFO  segmented.SegmentedRaftLogWorker (SegmentedRaftLogWorker.java:startLogSegment(380)) - f6b408ab-d2bf-4cc7-9b61-adae7633a687@group-4DE62F4F26F6-SegmentedRaftLogWorker: Starting segment from index:0
2019-09-25 05:51:18,300 [f6b408ab-d2bf-4cc7-9b61-adae7633a687@group-B339B9C9BC2D:LeaderElection316] INFO  impl.RoleInfo (RoleInfo.java:updateAndGet(143)) - f6b408ab-d2bf-4cc7-9b61-adae7633a687: start LeaderState
2019-09-25 05:51:18,300 [f6b408ab-d2bf-4cc7-9b61-adae7633a687@group-B339B9C9BC2D:LeaderElection316] INFO  segmented.SegmentedRaftLogWorker (SegmentedRaftLogWorker.java:startLogSegment(380)) - f6b408ab-d2bf-4cc7-9b61-adae7633a687@group-B339B9C9BC2D-SegmentedRaftLogWorker: Starting segment from index:0
2019-09-25 05:51:18,300 [f6b408ab-d2bf-4cc7-9b61-adae7633a687@group-5048AA2E23F9:LeaderElection315] INFO  impl.RoleInfo (RoleInfo.java:updateAndGet(143)) - f6b408ab-d2bf-4cc7-9b61-adae7633a687: start LeaderState
2019-09-25 05:51:18,300 [f6b408ab-d2bf-4cc7-9b61-adae7633a687@group-4DE62F4F26F6:LeaderElection314] INFO  impl.RaftServerImpl (ServerState.java:setRaftConf(354)) - f6b408ab-d2bf-4cc7-9b61-adae7633a687@group-4DE62F4F26F6: set configuration 0: [f6b408ab-d2bf-4cc7-9b61-adae7633a687:192.168.30.10:35118], old=null at 0
2019-09-25 05:51:18,300 [f6b408ab-d2bf-4cc7-9b61-adae7633a687@group-5048AA2E23F9:LeaderElection315] INFO  segmented.SegmentedRaftLogWorker (SegmentedRaftLogWorker.java:startLogSegment(380)) - f6b408ab-d2bf-4cc7-9b61-adae7633a687@group-5048AA2E23F9-SegmentedRaftLogWorker: Starting segment from index:0
2019-09-25 05:51:18,300 [f6b408ab-d2bf-4cc7-9b61-adae7633a687@group-B339B9C9BC2D:LeaderElection316] INFO  impl.RaftServerImpl (ServerState.java:setRaftConf(354)) - f6b408ab-d2bf-4cc7-9b61-adae7633a687@group-B339B9C9BC2D: set configuration 0: [f6b408ab-d2bf-4cc7-9b61-adae7633a687:192.168.30.10:35118], old=null at 0
2019-09-25 05:51:18,301 [f6b408ab-d2bf-4cc7-9b61-adae7633a687@group-5048AA2E23F9:LeaderElection315] INFO  impl.RaftServerImpl (ServerState.java:setRaftConf(354)) - f6b408ab-d2bf-4cc7-9b61-adae7633a687@group-5048AA2E23F9: set configuration 0: [f6b408ab-d2bf-4cc7-9b61-adae7633a687:192.168.30.10:35118], old=null at 0
2019-09-25 05:51:18,320 [7329b839-2890-4139-beee-2b486d1f212d@group-8CFCE157D67E:LeaderElection317] INFO  impl.LeaderElection (LeaderElection.java:askForVotes(182)) - 7329b839-2890-4139-beee-2b486d1f212d@group-8CFCE157D67E:LeaderElection317: begin an election at term 1 for -1: [7329b839-2890-4139-beee-2b486d1f212d:192.168.30.10:41459], old=null
2019-09-25 05:51:18,321 [7329b839-2890-4139-beee-2b486d1f212d@group-8CFCE157D67E:LeaderElection317] INFO  impl.RoleInfo (RoleInfo.java:shutdownLeaderElection(134)) - 7329b839-2890-4139-beee-2b486d1f212d: shutdown LeaderElection
2019-09-25 05:51:18,321 [7329b839-2890-4139-beee-2b486d1f212d@group-8CFCE157D67E:LeaderElection317] INFO  impl.RaftServerImpl (RaftServerImpl.java:setRole(174)) - 7329b839-2890-4139-beee-2b486d1f212d@group-8CFCE157D67E: changes role from CANDIDATE to LEADER at term 1 for changeToLeader
2019-09-25 05:51:18,321 [7329b839-2890-4139-beee-2b486d1f212d@group-8CFCE157D67E:LeaderElection317] INFO  impl.RaftServerImpl (ServerState.java:setLeader(253)) - 7329b839-2890-4139-beee-2b486d1f212d@group-8CFCE157D67E: change Leader from null to 7329b839-2890-4139-beee-2b486d1f212d at term 1 for becomeLeader, leader elected after 5197ms
2019-09-25 05:51:18,321 [7329b839-2890-4139-beee-2b486d1f212d@group-8CFCE157D67E:LeaderElection317] INFO  server.RaftServerConfigKeys (ConfUtils.java:logGet(43)) - raft.server.staging.catchup.gap = 1000 (default)
2019-09-25 05:51:18,321 [7329b839-2890-4139-beee-2b486d1f212d@group-8CFCE157D67E:LeaderElection317] INFO  server.RaftServerConfigKeys (ConfUtils.java:logGet(43)) - raft.server.rpc.sleep.time = 25ms (default)
2019-09-25 05:51:18,321 [7329b839-2890-4139-beee-2b486d1f212d@group-8CFCE157D67E:LeaderElection317] INFO  server.RaftServerConfigKeys (ConfUtils.java:logGet(43)) - raft.server.write.element-limit = 4096 (default)
2019-09-25 05:51:18,321 [7329b839-2890-4139-beee-2b486d1f212d@group-8CFCE157D67E:LeaderElection317] INFO  server.RaftServerConfigKeys (ConfUtils.java:logGet(43)) - raft.server.watch.timeout = 10s (default)
2019-09-25 05:51:18,321 [7329b839-2890-4139-beee-2b486d1f212d@group-8CFCE157D67E:LeaderElection317] INFO  server.RaftServerConfigKeys (ConfUtils.java:logGet(43)) - raft.server.watch.timeout.denomination = 1s (default)
2019-09-25 05:51:18,321 [7329b839-2890-4139-beee-2b486d1f212d@group-8CFCE157D67E:LeaderElection317] INFO  server.RaftServerConfigKeys (ConfUtils.java:logGet(43)) - raft.server.watch.element-limit = 65536 (default)
2019-09-25 05:51:18,323 [7329b839-2890-4139-beee-2b486d1f212d@group-8CFCE157D67E:LeaderElection317] INFO  impl.RoleInfo (RoleInfo.java:updateAndGet(143)) - 7329b839-2890-4139-beee-2b486d1f212d: start LeaderState
2019-09-25 05:51:18,323 [7329b839-2890-4139-beee-2b486d1f212d@group-8CFCE157D67E:LeaderElection317] INFO  segmented.SegmentedRaftLogWorker (SegmentedRaftLogWorker.java:startLogSegment(380)) - 7329b839-2890-4139-beee-2b486d1f212d@group-8CFCE157D67E-SegmentedRaftLogWorker: Starting segment from index:0
2019-09-25 05:51:18,323 [7329b839-2890-4139-beee-2b486d1f212d@group-8CFCE157D67E:LeaderElection317] INFO  impl.RaftServerImpl (ServerState.java:setRaftConf(354)) - 7329b839-2890-4139-beee-2b486d1f212d@group-8CFCE157D67E: set configuration 0: [7329b839-2890-4139-beee-2b486d1f212d:192.168.30.10:41459], old=null at 0
2019-09-25 05:51:18,325 [Thread-4036] INFO  impl.FollowerState (FollowerState.java:run(106)) - ba62479e-9d0c-4e30-a2fc-a7b15472dec7:group-DF709E470F77 changes to CANDIDATE, lastRpcTime:5039, electionTimeout:5039ms
2019-09-25 05:51:18,325 [Thread-4036] INFO  impl.RoleInfo (RoleInfo.java:shutdownFollowerState(121)) - ba62479e-9d0c-4e30-a2fc-a7b15472dec7: shutdown FollowerState
2019-09-25 05:51:18,325 [Thread-4036] INFO  impl.RaftServerImpl (RaftServerImpl.java:setRole(174)) - ba62479e-9d0c-4e30-a2fc-a7b15472dec7@group-DF709E470F77: changes role from  FOLLOWER to CANDIDATE at term 0 for changeToCandidate
2019-09-25 05:51:18,325 [Thread-4036] INFO  impl.RoleInfo (RoleInfo.java:updateAndGet(143)) - ba62479e-9d0c-4e30-a2fc-a7b15472dec7: start LeaderElection
2019-09-25 05:51:18,348 [f6b408ab-d2bf-4cc7-9b61-adae7633a687@group-4DE62F4F26F6-SegmentedRaftLogWorker] INFO  segmented.SegmentedRaftLogWorker (SegmentedRaftLogWorker.java:execute(569)) - f6b408ab-d2bf-4cc7-9b61-adae7633a687@group-4DE62F4F26F6-SegmentedRaftLogWorker: created new log segment /workdir/hadoop-ozone/integration-test/target/test-dir/MiniOzoneClusterImpl-6389a31f-e1b2-4948-a777-3ab81d592f44/datanode-3/data/ratis/f04624e3-e96d-46c4-81ac-4de62f4f26f6/current/log_inprogress_0
2019-09-25 05:51:18,348 [f6b408ab-d2bf-4cc7-9b61-adae7633a687@group-5048AA2E23F9-SegmentedRaftLogWorker] INFO  segmented.SegmentedRaftLogWorker (SegmentedRaftLogWorker.java:execute(569)) - f6b408ab-d2bf-4cc7-9b61-adae7633a687@group-5048AA2E23F9-SegmentedRaftLogWorker: created new log segment /workdir/hadoop-ozone/integration-test/target/test-dir/MiniOzoneClusterImpl-6389a31f-e1b2-4948-a777-3ab81d592f44/datanode-3/data/ratis/a81cf793-68c1-4e93-96a2-5048aa2e23f9/current/log_inprogress_0
2019-09-25 05:51:18,348 [f6b408ab-d2bf-4cc7-9b61-adae7633a687@group-B339B9C9BC2D-SegmentedRaftLogWorker] INFO  segmented.SegmentedRaftLogWorker (SegmentedRaftLogWorker.java:execute(569)) - f6b408ab-d2bf-4cc7-9b61-adae7633a687@group-B339B9C9BC2D-SegmentedRaftLogWorker: created new log segment /workdir/hadoop-ozone/integration-test/target/test-dir/MiniOzoneClusterImpl-6389a31f-e1b2-4948-a777-3ab81d592f44/datanode-3/data/ratis/d6168398-d887-4cff-8c1c-b339b9c9bc2d/current/log_inprogress_0
2019-09-25 05:51:18,348 [ba62479e-9d0c-4e30-a2fc-a7b15472dec7@group-DF709E470F77:LeaderElection318] INFO  impl.LeaderElection (LeaderElection.java:askForVotes(182)) - ba62479e-9d0c-4e30-a2fc-a7b15472dec7@group-DF709E470F77:LeaderElection318: begin an election at term 1 for -1: [ba62479e-9d0c-4e30-a2fc-a7b15472dec7:192.168.30.10:39614], old=null
2019-09-25 05:51:18,348 [ba62479e-9d0c-4e30-a2fc-a7b15472dec7@group-DF709E470F77:LeaderElection318] INFO  impl.RoleInfo (RoleInfo.java:shutdownLeaderElection(134)) - ba62479e-9d0c-4e30-a2fc-a7b15472dec7: shutdown LeaderElection
2019-09-25 05:51:18,348 [ba62479e-9d0c-4e30-a2fc-a7b15472dec7@group-DF709E470F77:LeaderElection318] INFO  impl.RaftServerImpl (RaftServerImpl.java:setRole(174)) - ba62479e-9d0c-4e30-a2fc-a7b15472dec7@group-DF709E470F77: changes role from CANDIDATE to LEADER at term 1 for changeToLeader
2019-09-25 05:51:18,349 [ba62479e-9d0c-4e30-a2fc-a7b15472dec7@group-DF709E470F77:LeaderElection318] INFO  impl.RaftServerImpl (ServerState.java:setLeader(253)) - ba62479e-9d0c-4e30-a2fc-a7b15472dec7@group-DF709E470F77: change Leader from null to ba62479e-9d0c-4e30-a2fc-a7b15472dec7 at term 1 for becomeLeader, leader elected after 5068ms
2019-09-25 05:51:18,349 [ba62479e-9d0c-4e30-a2fc-a7b15472dec7@group-DF709E470F77:LeaderElection318] INFO  server.RaftServerConfigKeys (ConfUtils.java:logGet(43)) - raft.server.staging.catchup.gap = 1000 (default)
2019-09-25 05:51:18,349 [ba62479e-9d0c-4e30-a2fc-a7b15472dec7@group-DF709E470F77:LeaderElection318] INFO  server.RaftServerConfigKeys (ConfUtils.java:logGet(43)) - raft.server.rpc.sleep.time = 25ms (default)
2019-09-25 05:51:18,349 [ba62479e-9d0c-4e30-a2fc-a7b15472dec7@group-DF709E470F77:LeaderElection318] INFO  server.RaftServerConfigKeys (ConfUtils.java:logGet(43)) - raft.server.write.element-limit = 4096 (default)
2019-09-25 05:51:18,349 [ba62479e-9d0c-4e30-a2fc-a7b15472dec7@group-DF709E470F77:LeaderElection318] INFO  server.RaftServerConfigKeys (ConfUtils.java:logGet(43)) - raft.server.watch.timeout = 10s (default)
2019-09-25 05:51:18,349 [ba62479e-9d0c-4e30-a2fc-a7b15472dec7@group-DF709E470F77:LeaderElection318] INFO  server.RaftServerConfigKeys (ConfUtils.java:logGet(43)) - raft.server.watch.timeout.denomination = 1s (default)
2019-09-25 05:51:18,349 [ba62479e-9d0c-4e30-a2fc-a7b15472dec7@group-DF709E470F77:LeaderElection318] INFO  server.RaftServerConfigKeys (ConfUtils.java:logGet(43)) - raft.server.watch.element-limit = 65536 (default)
2019-09-25 05:51:18,350 [ba62479e-9d0c-4e30-a2fc-a7b15472dec7@group-DF709E470F77:LeaderElection318] INFO  impl.RoleInfo (RoleInfo.java:updateAndGet(143)) - ba62479e-9d0c-4e30-a2fc-a7b15472dec7: start LeaderState
2019-09-25 05:51:18,350 [ba62479e-9d0c-4e30-a2fc-a7b15472dec7@group-DF709E470F77:LeaderElection318] INFO  segmented.SegmentedRaftLogWorker (SegmentedRaftLogWorker.java:startLogSegment(380)) - ba62479e-9d0c-4e30-a2fc-a7b15472dec7@group-DF709E470F77-SegmentedRaftLogWorker: Starting segment from index:0
2019-09-25 05:51:18,350 [ba62479e-9d0c-4e30-a2fc-a7b15472dec7@group-DF709E470F77:LeaderElection318] INFO  impl.RaftServerImpl (ServerState.java:setRaftConf(354)) - ba62479e-9d0c-4e30-a2fc-a7b15472dec7@group-DF709E470F77: set configuration 0: [ba62479e-9d0c-4e30-a2fc-a7b15472dec7:192.168.30.10:39614], old=null at 0
2019-09-25 05:51:18,982 [Thread-4063] INFO  impl.FollowerState (FollowerState.java:run(106)) - 1dcd8056-b4df-4a42-9946-d6b50473a02f:group-D0411AA173E7 changes to CANDIDATE, lastRpcTime:5326, electionTimeout:5087ms
2019-09-25 05:51:18,987 [Thread-4054] WARN  util.JavaUtils (JavaUtils.java:sleep(250)) - Unexpected long sleep: sleep(5083ms) actually took 5450ms which is over the threshold 300ms
2019-09-25 05:51:18,987 [Thread-4057] WARN  util.JavaUtils (JavaUtils.java:sleep(250)) - Unexpected long sleep: sleep(5085ms) actually took 5403ms which is over the threshold 300ms
2019-09-25 05:51:18,987 [Thread-4045] WARN  util.JavaUtils (JavaUtils.java:sleep(250)) - Unexpected long sleep: sleep(5200ms) actually took 5578ms which is over the threshold 300ms
2019-09-25 05:51:18,987 [Thread-4060] INFO  impl.FollowerState (FollowerState.java:run(106)) - ba62479e-9d0c-4e30-a2fc-a7b15472dec7:group-3D126FA36130 changes to CANDIDATE, lastRpcTime:5370, electionTimeout:5158ms
2019-09-25 05:51:18,987 [Thread-4069] INFO  impl.FollowerState (FollowerState.java:run(106)) - 1dcd8056-b4df-4a42-9946-d6b50473a02f:group-EE06D592F629 changes to CANDIDATE, lastRpcTime:5239, electionTimeout:5075ms
2019-09-25 05:51:18,987 [Thread-4078] INFO  impl.FollowerState (FollowerState.java:run(106)) - 1dcd8056-b4df-4a42-9946-d6b50473a02f:group-FB11C24DFC4D changes to CANDIDATE, lastRpcTime:5114, electionTimeout:5073ms
2019-09-25 05:51:18,987 [Thread-4072] INFO  impl.FollowerState (FollowerState.java:run(106)) - 1dcd8056-b4df-4a42-9946-d6b50473a02f:group-25478124C4FA changes to CANDIDATE, lastRpcTime:5200, electionTimeout:5154ms
2019-09-25 05:51:19,023 [Thread-4072] INFO  impl.RoleInfo (RoleInfo.java:shutdownFollowerState(121)) - 1dcd8056-b4df-4a42-9946-d6b50473a02f: shutdown FollowerState
2019-09-25 05:51:18,987 [Thread-4084] INFO  impl.FollowerState (FollowerState.java:run(106)) - d6964a7c-cb4f-4cee-bc55-175c0a9b9094:group-25EA68420680 changes to CANDIDATE, lastRpcTime:5030, electionTimeout:5015ms
2019-09-25 05:51:18,987 [Thread-4075] INFO  impl.FollowerState (FollowerState.java:run(106)) - 1dcd8056-b4df-4a42-9946-d6b50473a02f:group-19CFF8555347 changes to CANDIDATE, lastRpcTime:5154, electionTimeout:5142ms
2019-09-25 05:51:18,983 [Thread-4066] INFO  impl.FollowerState (FollowerState.java:run(106)) - ba62479e-9d0c-4e30-a2fc-a7b15472dec7:group-41261B168849 changes to CANDIDATE, lastRpcTime:5282, electionTimeout:5026ms
2019-09-25 05:51:19,038 [Thread-4075] INFO  impl.RoleInfo (RoleInfo.java:shutdownFollowerState(121)) - 1dcd8056-b4df-4a42-9946-d6b50473a02f: shutdown FollowerState
2019-09-25 05:51:19,031 [Thread-4084] INFO  impl.RoleInfo (RoleInfo.java:shutdownFollowerState(121)) - d6964a7c-cb4f-4cee-bc55-175c0a9b9094: shutdown FollowerState
2019-09-25 05:51:19,045 [Thread-4084] INFO  impl.RaftServerImpl (RaftServerImpl.java:setRole(174)) - d6964a7c-cb4f-4cee-bc55-175c0a9b9094@group-25EA68420680: changes role from  FOLLOWER to CANDIDATE at term 0 for changeToCandidate
2019-09-25 05:51:19,023 [Thread-4072] INFO  impl.RaftServerImpl (RaftServerImpl.java:setRole(174)) - 1dcd8056-b4df-4a42-9946-d6b50473a02f@group-25478124C4FA: changes role from  FOLLOWER to CANDIDATE at term 0 for changeToCandidate
2019-09-25 05:51:19,046 [Thread-4072] INFO  impl.RoleInfo (RoleInfo.java:updateAndGet(143)) - 1dcd8056-b4df-4a42-9946-d6b50473a02f: start LeaderElection
2019-09-25 05:51:19,016 [Thread-4078] INFO  impl.RoleInfo (RoleInfo.java:shutdownFollowerState(121)) - 1dcd8056-b4df-4a42-9946-d6b50473a02f: shutdown FollowerState
2019-09-25 05:51:19,046 [Thread-4078] INFO  impl.RaftServerImpl (RaftServerImpl.java:setRole(174)) - 1dcd8056-b4df-4a42-9946-d6b50473a02f@group-FB11C24DFC4D: changes role from  FOLLOWER to CANDIDATE at term 0 for changeToCandidate
2019-09-25 05:51:19,009 [Thread-4069] INFO  impl.RoleInfo (RoleInfo.java:shutdownFollowerState(121)) - 1dcd8056-b4df-4a42-9946-d6b50473a02f: shutdown FollowerState
2019-09-25 05:51:19,002 [Thread-4060] INFO  impl.RoleInfo (RoleInfo.java:shutdownFollowerState(121)) - ba62479e-9d0c-4e30-a2fc-a7b15472dec7: shutdown FollowerState
2019-09-25 05:51:18,993 [Thread-4042] WARN  util.JavaUtils (JavaUtils.java:sleep(250)) - Unexpected long sleep: sleep(5134ms) actually took 5627ms which is over the threshold 300ms
2019-09-25 05:51:18,993 [Thread-4030] WARN  util.JavaUtils (JavaUtils.java:sleep(250)) - Unexpected long sleep: sleep(5172ms) actually took 5781ms which is over the threshold 300ms
2019-09-25 05:51:18,993 [Thread-4051] WARN  util.JavaUtils (JavaUtils.java:sleep(250)) - Unexpected long sleep: sleep(5065ms) actually took 5500ms which is over the threshold 300ms
2019-09-25 05:51:18,993 [Thread-4039] WARN  util.JavaUtils (JavaUtils.java:sleep(250)) - Unexpected long sleep: sleep(5095ms) actually took 5668ms which is over the threshold 300ms
2019-09-25 05:51:18,993 [Thread-4048] WARN  util.JavaUtils (JavaUtils.java:sleep(250)) - Unexpected long sleep: sleep(5067ms) actually took 5542ms which is over the threshold 300ms
2019-09-25 05:51:18,991 [7329b839-2890-4139-beee-2b486d1f212d@group-8CFCE157D67E-SegmentedRaftLogWorker] INFO  segmented.SegmentedRaftLogWorker (SegmentedRaftLogWorker.java:execute(569)) - 7329b839-2890-4139-beee-2b486d1f212d@group-8CFCE157D67E-SegmentedRaftLogWorker: created new log segment /workdir/hadoop-ozone/integration-test/target/test-dir/MiniOzoneClusterImpl-6389a31f-e1b2-4948-a777-3ab81d592f44/datanode-2/data/ratis/c76f8e95-f8c1-4492-a4d2-8cfce157d67e/current/log_inprogress_0
2019-09-25 05:51:18,987 [Thread-4063] INFO  impl.RoleInfo (RoleInfo.java:shutdownFollowerState(121)) - 1dcd8056-b4df-4a42-9946-d6b50473a02f: shutdown FollowerState
2019-09-25 05:51:19,047 [Thread-4063] INFO  impl.RaftServerImpl (RaftServerImpl.java:setRole(174)) - 1dcd8056-b4df-4a42-9946-d6b50473a02f@group-D0411AA173E7: changes role from  FOLLOWER to CANDIDATE at term 0 for changeToCandidate
2019-09-25 05:51:19,046 [Thread-4060] INFO  impl.RaftServerImpl (RaftServerImpl.java:setRole(174)) - ba62479e-9d0c-4e30-a2fc-a7b15472dec7@group-3D126FA36130: changes role from  FOLLOWER to CANDIDATE at term 0 for changeToCandidate
2019-09-25 05:51:19,046 [Thread-4069] INFO  impl.RaftServerImpl (RaftServerImpl.java:setRole(174)) - 1dcd8056-b4df-4a42-9946-d6b50473a02f@group-EE06D592F629: changes role from  FOLLOWER to CANDIDATE at term 0 for changeToCandidate
2019-09-25 05:51:19,046 [Thread-4084] INFO  impl.RoleInfo (RoleInfo.java:updateAndGet(143)) - d6964a7c-cb4f-4cee-bc55-175c0a9b9094: start LeaderElection
2019-09-25 05:51:19,045 [Thread-4075] INFO  impl.RaftServerImpl (RaftServerImpl.java:setRole(174)) - 1dcd8056-b4df-4a42-9946-d6b50473a02f@group-19CFF8555347: changes role from  FOLLOWER to CANDIDATE at term 0 for changeToCandidate
2019-09-25 05:51:19,045 [Thread-4066] INFO  impl.RoleInfo (RoleInfo.java:shutdownFollowerState(121)) - ba62479e-9d0c-4e30-a2fc-a7b15472dec7: shutdown FollowerState
2019-09-25 05:51:19,047 [Thread-4066] INFO  impl.RaftServerImpl (RaftServerImpl.java:setRole(174)) - ba62479e-9d0c-4e30-a2fc-a7b15472dec7@group-41261B168849: changes role from  FOLLOWER to CANDIDATE at term 0 for changeToCandidate
2019-09-25 05:51:19,051 [Thread-4066] INFO  impl.RoleInfo (RoleInfo.java:updateAndGet(143)) - ba62479e-9d0c-4e30-a2fc-a7b15472dec7: start LeaderElection
2019-09-25 05:51:19,051 [Thread-4075] INFO  impl.RoleInfo (RoleInfo.java:updateAndGet(143)) - 1dcd8056-b4df-4a42-9946-d6b50473a02f: start LeaderElection
2019-09-25 05:51:19,056 [Thread-4069] INFO  impl.RoleInfo (RoleInfo.java:updateAndGet(143)) - 1dcd8056-b4df-4a42-9946-d6b50473a02f: start LeaderElection
2019-09-25 05:51:19,056 [Thread-4078] INFO  impl.RoleInfo (RoleInfo.java:updateAndGet(143)) - 1dcd8056-b4df-4a42-9946-d6b50473a02f: start LeaderElection
2019-09-25 05:51:19,056 [Thread-4063] INFO  impl.RoleInfo (RoleInfo.java:updateAndGet(143)) - 1dcd8056-b4df-4a42-9946-d6b50473a02f: start LeaderElection
2019-09-25 05:51:19,056 [Thread-4060] INFO  impl.RoleInfo (RoleInfo.java:updateAndGet(143)) - ba62479e-9d0c-4e30-a2fc-a7b15472dec7: start LeaderElection
2019-09-25 05:51:19,100 [Thread-4081] INFO  impl.FollowerState (FollowerState.java:run(106)) - d6964a7c-cb4f-4cee-bc55-175c0a9b9094:group-5E4F071AAD10 changes to CANDIDATE, lastRpcTime:5181, electionTimeout:5181ms
2019-09-25 05:51:19,101 [Thread-4081] INFO  impl.RoleInfo (RoleInfo.java:shutdownFollowerState(121)) - d6964a7c-cb4f-4cee-bc55-175c0a9b9094: shutdown FollowerState
2019-09-25 05:51:19,101 [Thread-4081] INFO  impl.RaftServerImpl (RaftServerImpl.java:setRole(174)) - d6964a7c-cb4f-4cee-bc55-175c0a9b9094@group-5E4F071AAD10: changes role from  FOLLOWER to CANDIDATE at term 0 for changeToCandidate
2019-09-25 05:51:19,106 [Thread-4081] INFO  impl.RoleInfo (RoleInfo.java:updateAndGet(143)) - d6964a7c-cb4f-4cee-bc55-175c0a9b9094: start LeaderElection
2019-09-25 05:51:19,126 [ba62479e-9d0c-4e30-a2fc-a7b15472dec7@group-41261B168849:LeaderElection326] INFO  impl.LeaderElection (LeaderElection.java:askForVotes(182)) - ba62479e-9d0c-4e30-a2fc-a7b15472dec7@group-41261B168849:LeaderElection326: begin an election at term 1 for -1: [ba62479e-9d0c-4e30-a2fc-a7b15472dec7:192.168.30.10:39614], old=null
2019-09-25 05:51:19,127 [ba62479e-9d0c-4e30-a2fc-a7b15472dec7@group-3D126FA36130:LeaderElection323] INFO  impl.LeaderElection (LeaderElection.java:askForVotes(182)) - ba62479e-9d0c-4e30-a2fc-a7b15472dec7@group-3D126FA36130:LeaderElection323: begin an election at term 1 for -1: [ba62479e-9d0c-4e30-a2fc-a7b15472dec7:192.168.30.10:39614], old=null
2019-09-25 05:51:19,127 [d6964a7c-cb4f-4cee-bc55-175c0a9b9094@group-25EA68420680:LeaderElection319] INFO  impl.LeaderElection (LeaderElection.java:askForVotes(182)) - d6964a7c-cb4f-4cee-bc55-175c0a9b9094@group-25EA68420680:LeaderElection319: begin an election at term 1 for -1: [d6964a7c-cb4f-4cee-bc55-175c0a9b9094:192.168.30.10:39185], old=null
2019-09-25 05:51:19,127 [1dcd8056-b4df-4a42-9946-d6b50473a02f@group-EE06D592F629:LeaderElection324] INFO  impl.LeaderElection (LeaderElection.java:askForVotes(182)) - 1dcd8056-b4df-4a42-9946-d6b50473a02f@group-EE06D592F629:LeaderElection324: begin an election at term 1 for -1: [1dcd8056-b4df-4a42-9946-d6b50473a02f:192.168.30.10:37741], old=null
2019-09-25 05:51:19,127 [1dcd8056-b4df-4a42-9946-d6b50473a02f@group-FB11C24DFC4D:LeaderElection321] INFO  impl.LeaderElection (LeaderElection.java:askForVotes(182)) - 1dcd8056-b4df-4a42-9946-d6b50473a02f@group-FB11C24DFC4D:LeaderElection321: begin an election at term 1 for -1: [1dcd8056-b4df-4a42-9946-d6b50473a02f:192.168.30.10:37741], old=null
2019-09-25 05:51:19,126 [1dcd8056-b4df-4a42-9946-d6b50473a02f@group-25478124C4FA:LeaderElection320] INFO  impl.LeaderElection (LeaderElection.java:askForVotes(182)) - 1dcd8056-b4df-4a42-9946-d6b50473a02f@group-25478124C4FA:LeaderElection320: begin an election at term 1 for -1: [1dcd8056-b4df-4a42-9946-d6b50473a02f:192.168.30.10:37741], old=null
2019-09-25 05:51:19,126 [1dcd8056-b4df-4a42-9946-d6b50473a02f@group-19CFF8555347:LeaderElection325] INFO  impl.LeaderElection (LeaderElection.java:askForVotes(182)) - 1dcd8056-b4df-4a42-9946-d6b50473a02f@group-19CFF8555347:LeaderElection325: begin an election at term 1 for -1: [1dcd8056-b4df-4a42-9946-d6b50473a02f:192.168.30.10:37741], old=null
2019-09-25 05:51:19,126 [1dcd8056-b4df-4a42-9946-d6b50473a02f@group-D0411AA173E7:LeaderElection322] INFO  impl.LeaderElection (LeaderElection.java:askForVotes(182)) - 1dcd8056-b4df-4a42-9946-d6b50473a02f@group-D0411AA173E7:LeaderElection322: begin an election at term 1 for -1: [1dcd8056-b4df-4a42-9946-d6b50473a02f:192.168.30.10:37741], old=null
2019-09-25 05:51:19,127 [1dcd8056-b4df-4a42-9946-d6b50473a02f@group-19CFF8555347:LeaderElection325] INFO  impl.RoleInfo (RoleInfo.java:shutdownLeaderElection(134)) - 1dcd8056-b4df-4a42-9946-d6b50473a02f: shutdown LeaderElection
2019-09-25 05:51:19,127 [1dcd8056-b4df-4a42-9946-d6b50473a02f@group-25478124C4FA:LeaderElection320] INFO  impl.RoleInfo (RoleInfo.java:shutdownLeaderElection(134)) - 1dcd8056-b4df-4a42-9946-d6b50473a02f: shutdown LeaderElection
2019-09-25 05:51:19,127 [1dcd8056-b4df-4a42-9946-d6b50473a02f@group-FB11C24DFC4D:LeaderElection321] INFO  impl.RoleInfo (RoleInfo.java:shutdownLeaderElection(134)) - 1dcd8056-b4df-4a42-9946-d6b50473a02f: shutdown LeaderElection
2019-09-25 05:51:19,127 [1dcd8056-b4df-4a42-9946-d6b50473a02f@group-EE06D592F629:LeaderElection324] INFO  impl.RoleInfo (RoleInfo.java:shutdownLeaderElection(134)) - 1dcd8056-b4df-4a42-9946-d6b50473a02f: shutdown LeaderElection
2019-09-25 05:51:19,127 [d6964a7c-cb4f-4cee-bc55-175c0a9b9094@group-25EA68420680:LeaderElection319] INFO  impl.RoleInfo (RoleInfo.java:shutdownLeaderElection(134)) - d6964a7c-cb4f-4cee-bc55-175c0a9b9094: shutdown LeaderElection
2019-09-25 05:51:19,127 [ba62479e-9d0c-4e30-a2fc-a7b15472dec7@group-3D126FA36130:LeaderElection323] INFO  impl.RoleInfo (RoleInfo.java:shutdownLeaderElection(134)) - ba62479e-9d0c-4e30-a2fc-a7b15472dec7: shutdown LeaderElection
2019-09-25 05:51:19,127 [ba62479e-9d0c-4e30-a2fc-a7b15472dec7@group-41261B168849:LeaderElection326] INFO  impl.RoleInfo (RoleInfo.java:shutdownLeaderElection(134)) - ba62479e-9d0c-4e30-a2fc-a7b15472dec7: shutdown LeaderElection
2019-09-25 05:51:19,128 [ba62479e-9d0c-4e30-a2fc-a7b15472dec7@group-3D126FA36130:LeaderElection323] INFO  impl.RaftServerImpl (RaftServerImpl.java:setRole(174)) - ba62479e-9d0c-4e30-a2fc-a7b15472dec7@group-3D126FA36130: changes role from CANDIDATE to LEADER at term 1 for changeToLeader
2019-09-25 05:51:19,128 [d6964a7c-cb4f-4cee-bc55-175c0a9b9094@group-25EA68420680:LeaderElection319] INFO  impl.RaftServerImpl (RaftServerImpl.java:setRole(174)) - d6964a7c-cb4f-4cee-bc55-175c0a9b9094@group-25EA68420680: changes role from CANDIDATE to LEADER at term 1 for changeToLeader
2019-09-25 05:51:19,128 [1dcd8056-b4df-4a42-9946-d6b50473a02f@group-EE06D592F629:LeaderElection324] INFO  impl.RaftServerImpl (RaftServerImpl.java:setRole(174)) - 1dcd8056-b4df-4a42-9946-d6b50473a02f@group-EE06D592F629: changes role from CANDIDATE to LEADER at term 1 for changeToLeader
2019-09-25 05:51:19,127 [1dcd8056-b4df-4a42-9946-d6b50473a02f@group-FB11C24DFC4D:LeaderElection321] INFO  impl.RaftServerImpl (RaftServerImpl.java:setRole(174)) - 1dcd8056-b4df-4a42-9946-d6b50473a02f@group-FB11C24DFC4D: changes role from CANDIDATE to LEADER at term 1 for changeToLeader
2019-09-25 05:51:19,128 [1dcd8056-b4df-4a42-9946-d6b50473a02f@group-FB11C24DFC4D:LeaderElection321] INFO  impl.RaftServerImpl (ServerState.java:setLeader(253)) - 1dcd8056-b4df-4a42-9946-d6b50473a02f@group-FB11C24DFC4D: change Leader from null to 1dcd8056-b4df-4a42-9946-d6b50473a02f at term 1 for becomeLeader, leader elected after 5261ms
2019-09-25 05:51:19,127 [1dcd8056-b4df-4a42-9946-d6b50473a02f@group-25478124C4FA:LeaderElection320] INFO  impl.RaftServerImpl (RaftServerImpl.java:setRole(174)) - 1dcd8056-b4df-4a42-9946-d6b50473a02f@group-25478124C4FA: changes role from CANDIDATE to LEADER at term 1 for changeToLeader
2019-09-25 05:51:19,128 [1dcd8056-b4df-4a42-9946-d6b50473a02f@group-25478124C4FA:LeaderElection320] INFO  impl.RaftServerImpl (ServerState.java:setLeader(253)) - 1dcd8056-b4df-4a42-9946-d6b50473a02f@group-25478124C4FA: change Leader from null to 1dcd8056-b4df-4a42-9946-d6b50473a02f at term 1 for becomeLeader, leader elected after 5346ms
2019-09-25 05:51:19,127 [1dcd8056-b4df-4a42-9946-d6b50473a02f@group-19CFF8555347:LeaderElection325] INFO  impl.RaftServerImpl (RaftServerImpl.java:setRole(174)) - 1dcd8056-b4df-4a42-9946-d6b50473a02f@group-19CFF8555347: changes role from CANDIDATE to LEADER at term 1 for changeToLeader
2019-09-25 05:51:19,127 [1dcd8056-b4df-4a42-9946-d6b50473a02f@group-D0411AA173E7:LeaderElection322] INFO  impl.RoleInfo (RoleInfo.java:shutdownLeaderElection(134)) - 1dcd8056-b4df-4a42-9946-d6b50473a02f: shutdown LeaderElection
2019-09-25 05:51:19,129 [1dcd8056-b4df-4a42-9946-d6b50473a02f@group-19CFF8555347:LeaderElection325] INFO  impl.RaftServerImpl (ServerState.java:setLeader(253)) - 1dcd8056-b4df-4a42-9946-d6b50473a02f@group-19CFF8555347: change Leader from null to 1dcd8056-b4df-4a42-9946-d6b50473a02f at term 1 for becomeLeader, leader elected after 5301ms
2019-09-25 05:51:19,129 [1dcd8056-b4df-4a42-9946-d6b50473a02f@group-25478124C4FA:LeaderElection320] INFO  server.RaftServerConfigKeys (ConfUtils.java:logGet(43)) - raft.server.staging.catchup.gap = 1000 (default)
2019-09-25 05:51:19,129 [1dcd8056-b4df-4a42-9946-d6b50473a02f@group-25478124C4FA:LeaderElection320] INFO  server.RaftServerConfigKeys (ConfUtils.java:logGet(43)) - raft.server.rpc.sleep.time = 25ms (default)
2019-09-25 05:51:19,128 [1dcd8056-b4df-4a42-9946-d6b50473a02f@group-FB11C24DFC4D:LeaderElection321] INFO  server.RaftServerConfigKeys (ConfUtils.java:logGet(43)) - raft.server.staging.catchup.gap = 1000 (default)
2019-09-25 05:51:19,128 [1dcd8056-b4df-4a42-9946-d6b50473a02f@group-EE06D592F629:LeaderElection324] INFO  impl.RaftServerImpl (ServerState.java:setLeader(253)) - 1dcd8056-b4df-4a42-9946-d6b50473a02f@group-EE06D592F629: change Leader from null to 1dcd8056-b4df-4a42-9946-d6b50473a02f at term 1 for becomeLeader, leader elected after 5392ms
2019-09-25 05:51:19,128 [d6964a7c-cb4f-4cee-bc55-175c0a9b9094@group-25EA68420680:LeaderElection319] INFO  impl.RaftServerImpl (ServerState.java:setLeader(253)) - d6964a7c-cb4f-4cee-bc55-175c0a9b9094@group-25EA68420680: change Leader from null to d6964a7c-cb4f-4cee-bc55-175c0a9b9094 at term 1 for becomeLeader, leader elected after 5175ms
2019-09-25 05:51:19,129 [d6964a7c-cb4f-4cee-bc55-175c0a9b9094@group-25EA68420680:LeaderElection319] INFO  server.RaftServerConfigKeys (ConfUtils.java:logGet(43)) - raft.server.staging.catchup.gap = 1000 (default)
2019-09-25 05:51:19,128 [ba62479e-9d0c-4e30-a2fc-a7b15472dec7@group-3D126FA36130:LeaderElection323] INFO  impl.RaftServerImpl (ServerState.java:setLeader(253)) - ba62479e-9d0c-4e30-a2fc-a7b15472dec7@group-3D126FA36130: change Leader from null to ba62479e-9d0c-4e30-a2fc-a7b15472dec7 at term 1 for becomeLeader, leader elected after 5515ms
2019-09-25 05:51:19,128 [ba62479e-9d0c-4e30-a2fc-a7b15472dec7@group-41261B168849:LeaderElection326] INFO  impl.RaftServerImpl (RaftServerImpl.java:setRole(174)) - ba62479e-9d0c-4e30-a2fc-a7b15472dec7@group-41261B168849: changes role from CANDIDATE to LEADER at term 1 for changeToLeader
2019-09-25 05:51:19,130 [ba62479e-9d0c-4e30-a2fc-a7b15472dec7@group-3D126FA36130:LeaderElection323] INFO  server.RaftServerConfigKeys (ConfUtils.java:logGet(43)) - raft.server.staging.catchup.gap = 1000 (default)
2019-09-25 05:51:19,130 [d6964a7c-cb4f-4cee-bc55-175c0a9b9094@group-25EA68420680:LeaderElection319] INFO  server.RaftServerConfigKeys (ConfUtils.java:logGet(43)) - raft.server.rpc.sleep.time = 25ms (default)
2019-09-25 05:51:19,129 [1dcd8056-b4df-4a42-9946-d6b50473a02f@group-EE06D592F629:LeaderElection324] INFO  server.RaftServerConfigKeys (ConfUtils.java:logGet(43)) - raft.server.staging.catchup.gap = 1000 (default)
2019-09-25 05:51:19,129 [1dcd8056-b4df-4a42-9946-d6b50473a02f@group-FB11C24DFC4D:LeaderElection321] INFO  server.RaftServerConfigKeys (ConfUtils.java:logGet(43)) - raft.server.rpc.sleep.time = 25ms (default)
2019-09-25 05:51:19,129 [1dcd8056-b4df-4a42-9946-d6b50473a02f@group-25478124C4FA:LeaderElection320] INFO  server.RaftServerConfigKeys (ConfUtils.java:logGet(43)) - raft.server.write.element-limit = 4096 (default)
2019-09-25 05:51:19,129 [1dcd8056-b4df-4a42-9946-d6b50473a02f@group-19CFF8555347:LeaderElection325] INFO  server.RaftServerConfigKeys (ConfUtils.java:logGet(43)) - raft.server.staging.catchup.gap = 1000 (default)
2019-09-25 05:51:19,129 [1dcd8056-b4df-4a42-9946-d6b50473a02f@group-D0411AA173E7:LeaderElection322] INFO  impl.RaftServerImpl (RaftServerImpl.java:setRole(174)) - 1dcd8056-b4df-4a42-9946-d6b50473a02f@group-D0411AA173E7: changes role from CANDIDATE to LEADER at term 1 for changeToLeader
2019-09-25 05:51:19,130 [1dcd8056-b4df-4a42-9946-d6b50473a02f@group-19CFF8555347:LeaderElection325] INFO  server.RaftServerConfigKeys (ConfUtils.java:logGet(43)) - raft.server.rpc.sleep.time = 25ms (default)
2019-09-25 05:51:19,130 [1dcd8056-b4df-4a42-9946-d6b50473a02f@group-25478124C4FA:LeaderElection320] INFO  server.RaftServerConfigKeys (ConfUtils.java:logGet(43)) - raft.server.watch.timeout = 10s (default)
2019-09-25 05:51:19,130 [1dcd8056-b4df-4a42-9946-d6b50473a02f@group-FB11C24DFC4D:LeaderElection321] INFO  server.RaftServerConfigKeys (ConfUtils.java:logGet(43)) - raft.server.write.element-limit = 4096 (default)
2019-09-25 05:51:19,131 [1dcd8056-b4df-4a42-9946-d6b50473a02f@group-FB11C24DFC4D:LeaderElection321] INFO  server.RaftServerConfigKeys (ConfUtils.java:logGet(43)) - raft.server.watch.timeout = 10s (default)
2019-09-25 05:51:19,130 [1dcd8056-b4df-4a42-9946-d6b50473a02f@group-EE06D592F629:LeaderElection324] INFO  server.RaftServerConfigKeys (ConfUtils.java:logGet(43)) - raft.server.rpc.sleep.time = 25ms (default)
2019-09-25 05:51:19,130 [d6964a7c-cb4f-4cee-bc55-175c0a9b9094@group-25EA68420680:LeaderElection319] INFO  server.RaftServerConfigKeys (ConfUtils.java:logGet(43)) - raft.server.write.element-limit = 4096 (default)
2019-09-25 05:51:19,131 [d6964a7c-cb4f-4cee-bc55-175c0a9b9094@group-25EA68420680:LeaderElection319] INFO  server.RaftServerConfigKeys (ConfUtils.java:logGet(43)) - raft.server.watch.timeout = 10s (default)
2019-09-25 05:51:19,130 [ba62479e-9d0c-4e30-a2fc-a7b15472dec7@group-3D126FA36130:LeaderElection323] INFO  server.RaftServerConfigKeys (ConfUtils.java:logGet(43)) - raft.server.rpc.sleep.time = 25ms (default)
2019-09-25 05:51:19,130 [ba62479e-9d0c-4e30-a2fc-a7b15472dec7@group-41261B168849:LeaderElection326] INFO  impl.RaftServerImpl (ServerState.java:setLeader(253)) - ba62479e-9d0c-4e30-a2fc-a7b15472dec7@group-41261B168849: change Leader from null to ba62479e-9d0c-4e30-a2fc-a7b15472dec7 at term 1 for becomeLeader, leader elected after 5438ms
2019-09-25 05:51:19,132 [ba62479e-9d0c-4e30-a2fc-a7b15472dec7@group-3D126FA36130:LeaderElection323] INFO  server.RaftServerConfigKeys (ConfUtils.java:logGet(43)) - raft.server.write.element-limit = 4096 (default)
2019-09-25 05:51:19,132 [ba62479e-9d0c-4e30-a2fc-a7b15472dec7@group-3D126FA36130:LeaderElection323] INFO  server.RaftServerConfigKeys (ConfUtils.java:logGet(43)) - raft.server.watch.timeout = 10s (default)
2019-09-25 05:51:19,131 [d6964a7c-cb4f-4cee-bc55-175c0a9b9094@group-25EA68420680:LeaderElection319] INFO  server.RaftServerConfigKeys (ConfUtils.java:logGet(43)) - raft.server.watch.timeout.denomination = 1s (default)
2019-09-25 05:51:19,131 [1dcd8056-b4df-4a42-9946-d6b50473a02f@group-EE06D592F629:LeaderElection324] INFO  server.RaftServerConfigKeys (ConfUtils.java:logGet(43)) - raft.server.write.element-limit = 4096 (default)
2019-09-25 05:51:19,131 [1dcd8056-b4df-4a42-9946-d6b50473a02f@group-FB11C24DFC4D:LeaderElection321] INFO  server.RaftServerConfigKeys (ConfUtils.java:logGet(43)) - raft.server.watch.timeout.denomination = 1s (default)
2019-09-25 05:51:19,132 [1dcd8056-b4df-4a42-9946-d6b50473a02f@group-FB11C24DFC4D:LeaderElection321] INFO  server.RaftServerConfigKeys (ConfUtils.java:logGet(43)) - raft.server.watch.element-limit = 65536 (default)
2019-09-25 05:51:19,131 [1dcd8056-b4df-4a42-9946-d6b50473a02f@group-25478124C4FA:LeaderElection320] INFO  server.RaftServerConfigKeys (ConfUtils.java:logGet(43)) - raft.server.watch.timeout.denomination = 1s (default)
2019-09-25 05:51:19,131 [1dcd8056-b4df-4a42-9946-d6b50473a02f@group-19CFF8555347:LeaderElection325] INFO  server.RaftServerConfigKeys (ConfUtils.java:logGet(43)) - raft.server.write.element-limit = 4096 (default)
2019-09-25 05:51:19,131 [1dcd8056-b4df-4a42-9946-d6b50473a02f@group-D0411AA173E7:LeaderElection322] INFO  impl.RaftServerImpl (ServerState.java:setLeader(253)) - 1dcd8056-b4df-4a42-9946-d6b50473a02f@group-D0411AA173E7: change Leader from null to 1dcd8056-b4df-4a42-9946-d6b50473a02f at term 1 for becomeLeader, leader elected after 5480ms
2019-09-25 05:51:19,133 [1dcd8056-b4df-4a42-9946-d6b50473a02f@group-19CFF8555347:LeaderElection325] INFO  server.RaftServerConfigKeys (ConfUtils.java:logGet(43)) - raft.server.watch.timeout = 10s (default)
2019-09-25 05:51:19,133 [1dcd8056-b4df-4a42-9946-d6b50473a02f@group-25478124C4FA:LeaderElection320] INFO  server.RaftServerConfigKeys (ConfUtils.java:logGet(43)) - raft.server.watch.element-limit = 65536 (default)
2019-09-25 05:51:19,132 [1dcd8056-b4df-4a42-9946-d6b50473a02f@group-EE06D592F629:LeaderElection324] INFO  server.RaftServerConfigKeys (ConfUtils.java:logGet(43)) - raft.server.watch.timeout = 10s (default)
2019-09-25 05:51:19,132 [d6964a7c-cb4f-4cee-bc55-175c0a9b9094@group-25EA68420680:LeaderElection319] INFO  server.RaftServerConfigKeys (ConfUtils.java:logGet(43)) - raft.server.watch.element-limit = 65536 (default)
2019-09-25 05:51:19,132 [ba62479e-9d0c-4e30-a2fc-a7b15472dec7@group-3D126FA36130:LeaderElection323] INFO  server.RaftServerConfigKeys (ConfUtils.java:logGet(43)) - raft.server.watch.timeout.denomination = 1s (default)
2019-09-25 05:51:19,132 [ba62479e-9d0c-4e30-a2fc-a7b15472dec7@group-41261B168849:LeaderElection326] INFO  server.RaftServerConfigKeys (ConfUtils.java:logGet(43)) - raft.server.staging.catchup.gap = 1000 (default)
2019-09-25 05:51:19,133 [ba62479e-9d0c-4e30-a2fc-a7b15472dec7@group-3D126FA36130:LeaderElection323] INFO  server.RaftServerConfigKeys (ConfUtils.java:logGet(43)) - raft.server.watch.element-limit = 65536 (default)
2019-09-25 05:51:19,133 [1dcd8056-b4df-4a42-9946-d6b50473a02f@group-EE06D592F629:LeaderElection324] INFO  server.RaftServerConfigKeys (ConfUtils.java:logGet(43)) - raft.server.watch.timeout.denomination = 1s (default)
2019-09-25 05:51:19,133 [1dcd8056-b4df-4a42-9946-d6b50473a02f@group-19CFF8555347:LeaderElection325] INFO  server.RaftServerConfigKeys (ConfUtils.java:logGet(43)) - raft.server.watch.timeout.denomination = 1s (default)
2019-09-25 05:51:19,133 [1dcd8056-b4df-4a42-9946-d6b50473a02f@group-D0411AA173E7:LeaderElection322] INFO  server.RaftServerConfigKeys (ConfUtils.java:logGet(43)) - raft.server.staging.catchup.gap = 1000 (default)
2019-09-25 05:51:19,134 [1dcd8056-b4df-4a42-9946-d6b50473a02f@group-19CFF8555347:LeaderElection325] INFO  server.RaftServerConfigKeys (ConfUtils.java:logGet(43)) - raft.server.watch.element-limit = 65536 (default)
2019-09-25 05:51:19,134 [1dcd8056-b4df-4a42-9946-d6b50473a02f@group-EE06D592F629:LeaderElection324] INFO  server.RaftServerConfigKeys (ConfUtils.java:logGet(43)) - raft.server.watch.element-limit = 65536 (default)
2019-09-25 05:51:19,133 [ba62479e-9d0c-4e30-a2fc-a7b15472dec7@group-41261B168849:LeaderElection326] INFO  server.RaftServerConfigKeys (ConfUtils.java:logGet(43)) - raft.server.rpc.sleep.time = 25ms (default)
2019-09-25 05:51:19,134 [1dcd8056-b4df-4a42-9946-d6b50473a02f@group-D0411AA173E7:LeaderElection322] INFO  server.RaftServerConfigKeys (ConfUtils.java:logGet(43)) - raft.server.rpc.sleep.time = 25ms (default)
2019-09-25 05:51:19,141 [1dcd8056-b4df-4a42-9946-d6b50473a02f@group-FB11C24DFC4D:LeaderElection321] INFO  impl.RoleInfo (RoleInfo.java:updateAndGet(143)) - 1dcd8056-b4df-4a42-9946-d6b50473a02f: start LeaderState
2019-09-25 05:51:19,141 [1dcd8056-b4df-4a42-9946-d6b50473a02f@group-FB11C24DFC4D:LeaderElection321] INFO  segmented.SegmentedRaftLogWorker (SegmentedRaftLogWorker.java:startLogSegment(380)) - 1dcd8056-b4df-4a42-9946-d6b50473a02f@group-FB11C24DFC4D-SegmentedRaftLogWorker: Starting segment from index:0
2019-09-25 05:51:19,141 [d6964a7c-cb4f-4cee-bc55-175c0a9b9094@group-5E4F071AAD10:LeaderElection327] INFO  impl.LeaderElection (LeaderElection.java:askForVotes(182)) - d6964a7c-cb4f-4cee-bc55-175c0a9b9094@group-5E4F071AAD10:LeaderElection327: begin an election at term 1 for -1: [d6964a7c-cb4f-4cee-bc55-175c0a9b9094:192.168.30.10:39185], old=null
2019-09-25 05:51:19,141 [d6964a7c-cb4f-4cee-bc55-175c0a9b9094@group-5E4F071AAD10:LeaderElection327] INFO  impl.RoleInfo (RoleInfo.java:shutdownLeaderElection(134)) - d6964a7c-cb4f-4cee-bc55-175c0a9b9094: shutdown LeaderElection
2019-09-25 05:51:19,141 [d6964a7c-cb4f-4cee-bc55-175c0a9b9094@group-5E4F071AAD10:LeaderElection327] INFO  impl.RaftServerImpl (RaftServerImpl.java:setRole(174)) - d6964a7c-cb4f-4cee-bc55-175c0a9b9094@group-5E4F071AAD10: changes role from CANDIDATE to LEADER at term 1 for changeToLeader
2019-09-25 05:51:19,141 [d6964a7c-cb4f-4cee-bc55-175c0a9b9094@group-5E4F071AAD10:LeaderElection327] INFO  impl.RaftServerImpl (ServerState.java:setLeader(253)) - d6964a7c-cb4f-4cee-bc55-175c0a9b9094@group-5E4F071AAD10: change Leader from null to d6964a7c-cb4f-4cee-bc55-175c0a9b9094 at term 1 for becomeLeader, leader elected after 5228ms
2019-09-25 05:51:19,142 [d6964a7c-cb4f-4cee-bc55-175c0a9b9094@group-5E4F071AAD10:LeaderElection327] INFO  server.RaftServerConfigKeys (ConfUtils.java:logGet(43)) - raft.server.staging.catchup.gap = 1000 (default)
2019-09-25 05:51:19,142 [d6964a7c-cb4f-4cee-bc55-175c0a9b9094@group-5E4F071AAD10:LeaderElection327] INFO  server.RaftServerConfigKeys (ConfUtils.java:logGet(43)) - raft.server.rpc.sleep.time = 25ms (default)
2019-09-25 05:51:19,144 [1dcd8056-b4df-4a42-9946-d6b50473a02f@group-D0411AA173E7:LeaderElection322] INFO  server.RaftServerConfigKeys (ConfUtils.java:logGet(43)) - raft.server.write.element-limit = 4096 (default)
2019-09-25 05:51:19,144 [1dcd8056-b4df-4a42-9946-d6b50473a02f@group-D0411AA173E7:LeaderElection322] INFO  server.RaftServerConfigKeys (ConfUtils.java:logGet(43)) - raft.server.watch.timeout = 10s (default)
2019-09-25 05:51:19,145 [1dcd8056-b4df-4a42-9946-d6b50473a02f@group-D0411AA173E7:LeaderElection322] INFO  server.RaftServerConfigKeys (ConfUtils.java:logGet(43)) - raft.server.watch.timeout.denomination = 1s (default)
2019-09-25 05:51:19,145 [1dcd8056-b4df-4a42-9946-d6b50473a02f@group-D0411AA173E7:LeaderElection322] INFO  server.RaftServerConfigKeys (ConfUtils.java:logGet(43)) - raft.server.watch.element-limit = 65536 (default)
2019-09-25 05:51:19,145 [1dcd8056-b4df-4a42-9946-d6b50473a02f@group-EE06D592F629:LeaderElection324] INFO  impl.RoleInfo (RoleInfo.java:updateAndGet(143)) - 1dcd8056-b4df-4a42-9946-d6b50473a02f: start LeaderState
2019-09-25 05:51:19,145 [1dcd8056-b4df-4a42-9946-d6b50473a02f@group-EE06D592F629:LeaderElection324] INFO  segmented.SegmentedRaftLogWorker (SegmentedRaftLogWorker.java:startLogSegment(380)) - 1dcd8056-b4df-4a42-9946-d6b50473a02f@group-EE06D592F629-SegmentedRaftLogWorker: Starting segment from index:0
2019-09-25 05:51:19,149 [ba62479e-9d0c-4e30-a2fc-a7b15472dec7@group-41261B168849:LeaderElection326] INFO  server.RaftServerConfigKeys (ConfUtils.java:logGet(43)) - raft.server.write.element-limit = 4096 (default)
2019-09-25 05:51:19,149 [ba62479e-9d0c-4e30-a2fc-a7b15472dec7@group-41261B168849:LeaderElection326] INFO  server.RaftServerConfigKeys (ConfUtils.java:logGet(43)) - raft.server.watch.timeout = 10s (default)
2019-09-25 05:51:19,149 [ba62479e-9d0c-4e30-a2fc-a7b15472dec7@group-41261B168849:LeaderElection326] INFO  server.RaftServerConfigKeys (ConfUtils.java:logGet(43)) - raft.server.watch.timeout.denomination = 1s (default)
2019-09-25 05:51:19,149 [ba62479e-9d0c-4e30-a2fc-a7b15472dec7@group-41261B168849:LeaderElection326] INFO  server.RaftServerConfigKeys (ConfUtils.java:logGet(43)) - raft.server.watch.element-limit = 65536 (default)
2019-09-25 05:51:19,150 [1dcd8056-b4df-4a42-9946-d6b50473a02f@group-25478124C4FA:LeaderElection320] INFO  impl.RoleInfo (RoleInfo.java:updateAndGet(143)) - 1dcd8056-b4df-4a42-9946-d6b50473a02f: start LeaderState
2019-09-25 05:51:19,150 [1dcd8056-b4df-4a42-9946-d6b50473a02f@group-25478124C4FA:LeaderElection320] INFO  segmented.SegmentedRaftLogWorker (SegmentedRaftLogWorker.java:startLogSegment(380)) - 1dcd8056-b4df-4a42-9946-d6b50473a02f@group-25478124C4FA-SegmentedRaftLogWorker: Starting segment from index:0
2019-09-25 05:51:19,159 [ba62479e-9d0c-4e30-a2fc-a7b15472dec7@group-3D126FA36130:LeaderElection323] INFO  impl.RoleInfo (RoleInfo.java:updateAndGet(143)) - ba62479e-9d0c-4e30-a2fc-a7b15472dec7: start LeaderState
2019-09-25 05:51:19,160 [ba62479e-9d0c-4e30-a2fc-a7b15472dec7@group-3D126FA36130:LeaderElection323] INFO  segmented.SegmentedRaftLogWorker (SegmentedRaftLogWorker.java:startLogSegment(380)) - ba62479e-9d0c-4e30-a2fc-a7b15472dec7@group-3D126FA36130-SegmentedRaftLogWorker: Starting segment from index:0
2019-09-25 05:51:19,163 [d6964a7c-cb4f-4cee-bc55-175c0a9b9094@group-5E4F071AAD10:LeaderElection327] INFO  server.RaftServerConfigKeys (ConfUtils.java:logGet(43)) - raft.server.write.element-limit = 4096 (default)
2019-09-25 05:51:19,163 [d6964a7c-cb4f-4cee-bc55-175c0a9b9094@group-5E4F071AAD10:LeaderElection327] INFO  server.RaftServerConfigKeys (ConfUtils.java:logGet(43)) - raft.server.watch.timeout = 10s (default)
2019-09-25 05:51:19,163 [d6964a7c-cb4f-4cee-bc55-175c0a9b9094@group-5E4F071AAD10:LeaderElection327] INFO  server.RaftServerConfigKeys (ConfUtils.java:logGet(43)) - raft.server.watch.timeout.denomination = 1s (default)
2019-09-25 05:51:19,163 [d6964a7c-cb4f-4cee-bc55-175c0a9b9094@group-5E4F071AAD10:LeaderElection327] INFO  server.RaftServerConfigKeys (ConfUtils.java:logGet(43)) - raft.server.watch.element-limit = 65536 (default)
2019-09-25 05:51:19,164 [1dcd8056-b4df-4a42-9946-d6b50473a02f@group-19CFF8555347:LeaderElection325] INFO  impl.RoleInfo (RoleInfo.java:updateAndGet(143)) - 1dcd8056-b4df-4a42-9946-d6b50473a02f: start LeaderState
2019-09-25 05:51:19,164 [1dcd8056-b4df-4a42-9946-d6b50473a02f@group-19CFF8555347:LeaderElection325] INFO  segmented.SegmentedRaftLogWorker (SegmentedRaftLogWorker.java:startLogSegment(380)) - 1dcd8056-b4df-4a42-9946-d6b50473a02f@group-19CFF8555347-SegmentedRaftLogWorker: Starting segment from index:0
2019-09-25 05:51:19,168 [1dcd8056-b4df-4a42-9946-d6b50473a02f@group-D0411AA173E7:LeaderElection322] INFO  impl.RoleInfo (RoleInfo.java:updateAndGet(143)) - 1dcd8056-b4df-4a42-9946-d6b50473a02f: start LeaderState
2019-09-25 05:51:19,168 [1dcd8056-b4df-4a42-9946-d6b50473a02f@group-D0411AA173E7:LeaderElection322] INFO  segmented.SegmentedRaftLogWorker (SegmentedRaftLogWorker.java:startLogSegment(380)) - 1dcd8056-b4df-4a42-9946-d6b50473a02f@group-D0411AA173E7-SegmentedRaftLogWorker: Starting segment from index:0
2019-09-25 05:51:19,168 [Thread-4093] INFO  impl.FollowerState (FollowerState.java:run(106)) - d6964a7c-cb4f-4cee-bc55-175c0a9b9094:group-B2C303EED91F changes to CANDIDATE, lastRpcTime:5078, electionTimeout:5078ms
2019-09-25 05:51:19,172 [Thread-4093] INFO  impl.RoleInfo (RoleInfo.java:shutdownFollowerState(121)) - d6964a7c-cb4f-4cee-bc55-175c0a9b9094: shutdown FollowerState
2019-09-25 05:51:19,172 [Thread-4093] INFO  impl.RaftServerImpl (RaftServerImpl.java:setRole(174)) - d6964a7c-cb4f-4cee-bc55-175c0a9b9094@group-B2C303EED91F: changes role from  FOLLOWER to CANDIDATE at term 0 for changeToCandidate
2019-09-25 05:51:19,172 [1dcd8056-b4df-4a42-9946-d6b50473a02f@group-EE06D592F629:LeaderElection324] INFO  impl.RaftServerImpl (ServerState.java:setRaftConf(354)) - 1dcd8056-b4df-4a42-9946-d6b50473a02f@group-EE06D592F629: set configuration 0: [1dcd8056-b4df-4a42-9946-d6b50473a02f:192.168.30.10:37741], old=null at 0
2019-09-25 05:51:19,190 [1dcd8056-b4df-4a42-9946-d6b50473a02f@group-25478124C4FA:LeaderElection320] INFO  impl.RaftServerImpl (ServerState.java:setRaftConf(354)) - 1dcd8056-b4df-4a42-9946-d6b50473a02f@group-25478124C4FA: set configuration 0: [1dcd8056-b4df-4a42-9946-d6b50473a02f:192.168.30.10:37741], old=null at 0
2019-09-25 05:51:19,191 [Thread-4093] INFO  impl.RoleInfo (RoleInfo.java:updateAndGet(143)) - d6964a7c-cb4f-4cee-bc55-175c0a9b9094: start LeaderElection
2019-09-25 05:51:19,191 [ba62479e-9d0c-4e30-a2fc-a7b15472dec7@group-3D126FA36130:LeaderElection323] INFO  impl.RaftServerImpl (ServerState.java:setRaftConf(354)) - ba62479e-9d0c-4e30-a2fc-a7b15472dec7@group-3D126FA36130: set configuration 0: [ba62479e-9d0c-4e30-a2fc-a7b15472dec7:192.168.30.10:39614], old=null at 0
2019-09-25 05:51:19,191 [1dcd8056-b4df-4a42-9946-d6b50473a02f@group-FB11C24DFC4D:LeaderElection321] INFO  impl.RaftServerImpl (ServerState.java:setRaftConf(354)) - 1dcd8056-b4df-4a42-9946-d6b50473a02f@group-FB11C24DFC4D: set configuration 0: [1dcd8056-b4df-4a42-9946-d6b50473a02f:192.168.30.10:37741], old=null at 0
2019-09-25 05:51:19,191 [1dcd8056-b4df-4a42-9946-d6b50473a02f@group-19CFF8555347:LeaderElection325] INFO  impl.RaftServerImpl (ServerState.java:setRaftConf(354)) - 1dcd8056-b4df-4a42-9946-d6b50473a02f@group-19CFF8555347: set configuration 0: [1dcd8056-b4df-4a42-9946-d6b50473a02f:192.168.30.10:37741], old=null at 0
2019-09-25 05:51:19,191 [Thread-4087] INFO  impl.FollowerState (FollowerState.java:run(106)) - d6964a7c-cb4f-4cee-bc55-175c0a9b9094:group-647D857BF6E0 changes to CANDIDATE, lastRpcTime:5195, electionTimeout:5195ms
2019-09-25 05:51:19,285 [Thread-4098] INFO  impl.FollowerState (FollowerState.java:run(106)) - d6964a7c-cb4f-4cee-bc55-175c0a9b9094:group-302775145EAF changes to CANDIDATE, lastRpcTime:5075, electionTimeout:5075ms
2019-09-25 05:51:19,285 [ba62479e-9d0c-4e30-a2fc-a7b15472dec7@group-DF709E470F77-SegmentedRaftLogWorker] INFO  segmented.SegmentedRaftLogWorker (SegmentedRaftLogWorker.java:execute(569)) - ba62479e-9d0c-4e30-a2fc-a7b15472dec7@group-DF709E470F77-SegmentedRaftLogWorker: created new log segment /workdir/hadoop-ozone/integration-test/target/test-dir/MiniOzoneClusterImpl-6389a31f-e1b2-4948-a777-3ab81d592f44/datanode-4/data/ratis/3388b39a-8f97-4a13-944f-df709e470f77/current/log_inprogress_0
2019-09-25 05:51:19,286 [1dcd8056-b4df-4a42-9946-d6b50473a02f@group-D0411AA173E7:LeaderElection322] INFO  impl.RaftServerImpl (ServerState.java:setRaftConf(354)) - 1dcd8056-b4df-4a42-9946-d6b50473a02f@group-D0411AA173E7: set configuration 0: [1dcd8056-b4df-4a42-9946-d6b50473a02f:192.168.30.10:37741], old=null at 0
2019-09-25 05:51:19,305 [Thread-4090] INFO  impl.FollowerState (FollowerState.java:run(106)) - d6964a7c-cb4f-4cee-bc55-175c0a9b9094:group-A90467670017 changes to CANDIDATE, lastRpcTime:5261, electionTimeout:5197ms
2019-09-25 05:51:19,306 [1dcd8056-b4df-4a42-9946-d6b50473a02f@group-19CFF8555347-SegmentedRaftLogWorker] INFO  segmented.SegmentedRaftLogWorker (SegmentedRaftLogWorker.java:execute(569)) - 1dcd8056-b4df-4a42-9946-d6b50473a02f@group-19CFF8555347-SegmentedRaftLogWorker: created new log segment /workdir/hadoop-ozone/integration-test/target/test-dir/MiniOzoneClusterImpl-6389a31f-e1b2-4948-a777-3ab81d592f44/datanode-5/data/ratis/0f2e015e-cc05-41c2-929f-19cff8555347/current/log_inprogress_0
2019-09-25 05:51:19,306 [1dcd8056-b4df-4a42-9946-d6b50473a02f@group-EE06D592F629-SegmentedRaftLogWorker] INFO  segmented.SegmentedRaftLogWorker (SegmentedRaftLogWorker.java:execute(569)) - 1dcd8056-b4df-4a42-9946-d6b50473a02f@group-EE06D592F629-SegmentedRaftLogWorker: created new log segment /workdir/hadoop-ozone/integration-test/target/test-dir/MiniOzoneClusterImpl-6389a31f-e1b2-4948-a777-3ab81d592f44/datanode-5/data/ratis/b7e0f93a-dff4-41cd-a855-ee06d592f629/current/log_inprogress_0
2019-09-25 05:51:19,306 [Thread-4087] INFO  impl.RoleInfo (RoleInfo.java:shutdownFollowerState(121)) - d6964a7c-cb4f-4cee-bc55-175c0a9b9094: shutdown FollowerState
2019-09-25 05:51:19,306 [Thread-4098] INFO  impl.RoleInfo (RoleInfo.java:shutdownFollowerState(121)) - d6964a7c-cb4f-4cee-bc55-175c0a9b9094: shutdown FollowerState
2019-09-25 05:51:19,306 [Thread-4087] INFO  impl.RaftServerImpl (RaftServerImpl.java:setRole(174)) - d6964a7c-cb4f-4cee-bc55-175c0a9b9094@group-647D857BF6E0: changes role from  FOLLOWER to CANDIDATE at term 0 for changeToCandidate
2019-09-25 05:51:19,306 [Thread-4090] INFO  impl.RoleInfo (RoleInfo.java:shutdownFollowerState(121)) - d6964a7c-cb4f-4cee-bc55-175c0a9b9094: shutdown FollowerState
2019-09-25 05:51:19,307 [Thread-4087] INFO  impl.RoleInfo (RoleInfo.java:updateAndGet(143)) - d6964a7c-cb4f-4cee-bc55-175c0a9b9094: start LeaderElection
2019-09-25 05:51:19,306 [main] INFO  ozoneimpl.OzoneContainer (OzoneContainer.java:stop(231)) - Attempting to stop container services.
2019-09-25 05:51:19,306 [ForkJoinPool.commonPool-worker-1] INFO  ozoneimpl.OzoneContainer (OzoneContainer.java:stop(231)) - Attempting to stop container services.
2019-09-25 05:51:19,306 [Thread-4098] INFO  impl.RaftServerImpl (RaftServerImpl.java:setRole(174)) - d6964a7c-cb4f-4cee-bc55-175c0a9b9094@group-302775145EAF: changes role from  FOLLOWER to CANDIDATE at term 0 for changeToCandidate
2019-09-25 05:51:19,307 [ForkJoinPool.commonPool-worker-1] INFO  impl.RaftServerProxy (RaftServerProxy.java:lambda$close$4(314)) - aa12bdd9-b98d-4e1b-b7bd-0fb99805d214: close
2019-09-25 05:51:19,307 [main] INFO  impl.RaftServerProxy (RaftServerProxy.java:lambda$close$4(314)) - ba62479e-9d0c-4e30-a2fc-a7b15472dec7: close
2019-09-25 05:51:19,307 [Thread-4090] INFO  impl.RaftServerImpl (RaftServerImpl.java:setRole(174)) - d6964a7c-cb4f-4cee-bc55-175c0a9b9094@group-A90467670017: changes role from  FOLLOWER to CANDIDATE at term 0 for changeToCandidate
2019-09-25 05:51:19,307 [main] INFO  impl.RaftServerImpl (RaftServerImpl.java:lambda$shutdown$3(251)) - ba62479e-9d0c-4e30-a2fc-a7b15472dec7@group-FA499E84120B: shutdown
2019-09-25 05:51:19,307 [d6964a7c-cb4f-4cee-bc55-175c0a9b9094@group-25EA68420680:LeaderElection319] INFO  impl.RoleInfo (RoleInfo.java:updateAndGet(143)) - d6964a7c-cb4f-4cee-bc55-175c0a9b9094: start LeaderState
2019-09-25 05:51:19,308 [main] INFO  util.JmxRegister (JmxRegister.java:unregister(73)) - Successfully un-registered JMX Bean with object name Ratis:service=RaftServer,group=group-FA499E84120B,id=ba62479e-9d0c-4e30-a2fc-a7b15472dec7
2019-09-25 05:51:19,307 [ForkJoinPool.commonPool-worker-1] INFO  impl.RaftServerImpl (RaftServerImpl.java:lambda$shutdown$3(251)) - aa12bdd9-b98d-4e1b-b7bd-0fb99805d214@group-510509479A79: shutdown
2019-09-25 05:51:19,307 [Thread-4098] INFO  impl.RoleInfo (RoleInfo.java:updateAndGet(143)) - d6964a7c-cb4f-4cee-bc55-175c0a9b9094: start LeaderElection
2019-09-25 05:51:19,308 [main] INFO  impl.RoleInfo (RoleInfo.java:shutdownFollowerState(121)) - ba62479e-9d0c-4e30-a2fc-a7b15472dec7: shutdown FollowerState
2019-09-25 05:51:19,308 [d6964a7c-cb4f-4cee-bc55-175c0a9b9094@group-25EA68420680:LeaderElection319] INFO  segmented.SegmentedRaftLogWorker (SegmentedRaftLogWorker.java:startLogSegment(380)) - d6964a7c-cb4f-4cee-bc55-175c0a9b9094@group-25EA68420680-SegmentedRaftLogWorker: Starting segment from index:0
2019-09-25 05:51:19,307 [Thread-4090] INFO  impl.RoleInfo (RoleInfo.java:updateAndGet(143)) - d6964a7c-cb4f-4cee-bc55-175c0a9b9094: start LeaderElection
2019-09-25 05:51:19,309 [d6964a7c-cb4f-4cee-bc55-175c0a9b9094@group-5E4F071AAD10:LeaderElection327] INFO  impl.RoleInfo (RoleInfo.java:updateAndGet(143)) - d6964a7c-cb4f-4cee-bc55-175c0a9b9094: start LeaderState
2019-09-25 05:51:19,309 [main] INFO  impl.StateMachineUpdater (StateMachineUpdater.java:stopAndJoin(125)) - ba62479e-9d0c-4e30-a2fc-a7b15472dec7@group-FA499E84120B-StateMachineUpdater: set stopIndex = -1
2019-09-25 05:51:19,309 [ba62479e-9d0c-4e30-a2fc-a7b15472dec7@group-41261B168849:LeaderElection326] INFO  impl.RoleInfo (RoleInfo.java:updateAndGet(143)) - ba62479e-9d0c-4e30-a2fc-a7b15472dec7: start LeaderState
2019-09-25 05:51:19,309 [Thread-4045] INFO  impl.FollowerState (FollowerState.java:run(115)) - ba62479e-9d0c-4e30-a2fc-a7b15472dec7: FollowerState was interrupted: java.lang.InterruptedException: sleep interrupted
2019-09-25 05:51:19,308 [ForkJoinPool.commonPool-worker-1] INFO  util.JmxRegister (JmxRegister.java:unregister(73)) - Successfully un-registered JMX Bean with object name Ratis:service=RaftServer,group=group-510509479A79,id=aa12bdd9-b98d-4e1b-b7bd-0fb99805d214
2019-09-25 05:51:19,309 [ba62479e-9d0c-4e30-a2fc-a7b15472dec7@group-41261B168849:LeaderElection326] INFO  segmented.SegmentedRaftLogWorker (SegmentedRaftLogWorker.java:startLogSegment(380)) - ba62479e-9d0c-4e30-a2fc-a7b15472dec7@group-41261B168849-SegmentedRaftLogWorker: Starting segment from index:0
2019-09-25 05:51:19,309 [main] INFO  impl.RaftServerImpl (ServerState.java:close(385)) - ba62479e-9d0c-4e30-a2fc-a7b15472dec7@group-FA499E84120B: closes. applyIndex: -1
2019-09-25 05:51:19,309 [d6964a7c-cb4f-4cee-bc55-175c0a9b9094@group-5E4F071AAD10:LeaderElection327] INFO  segmented.SegmentedRaftLogWorker (SegmentedRaftLogWorker.java:startLogSegment(380)) - d6964a7c-cb4f-4cee-bc55-175c0a9b9094@group-5E4F071AAD10-SegmentedRaftLogWorker: Starting segment from index:0
2019-09-25 05:51:19,309 [d6964a7c-cb4f-4cee-bc55-175c0a9b9094@group-25EA68420680:LeaderElection319] INFO  impl.RaftServerImpl (ServerState.java:setRaftConf(354)) - d6964a7c-cb4f-4cee-bc55-175c0a9b9094@group-25EA68420680: set configuration 0: [d6964a7c-cb4f-4cee-bc55-175c0a9b9094:192.168.30.10:39185], old=null at 0
2019-09-25 05:51:19,310 [ba62479e-9d0c-4e30-a2fc-a7b15472dec7@group-41261B168849:LeaderElection326] INFO  impl.RaftServerImpl (ServerState.java:setRaftConf(354)) - ba62479e-9d0c-4e30-a2fc-a7b15472dec7@group-41261B168849: set configuration 0: [ba62479e-9d0c-4e30-a2fc-a7b15472dec7:192.168.30.10:39614], old=null at 0
2019-09-25 05:51:19,309 [ForkJoinPool.commonPool-worker-1] INFO  impl.RoleInfo (RoleInfo.java:shutdownLeaderState(104)) - aa12bdd9-b98d-4e1b-b7bd-0fb99805d214: shutdown LeaderState
2019-09-25 05:51:19,311 [d6964a7c-cb4f-4cee-bc55-175c0a9b9094@group-5E4F071AAD10:LeaderElection327] INFO  impl.RaftServerImpl (ServerState.java:setRaftConf(354)) - d6964a7c-cb4f-4cee-bc55-175c0a9b9094@group-5E4F071AAD10: set configuration 0: [d6964a7c-cb4f-4cee-bc55-175c0a9b9094:192.168.30.10:39185], old=null at 0
2019-09-25 05:51:19,310 [ba62479e-9d0c-4e30-a2fc-a7b15472dec7@group-FA499E84120B-SegmentedRaftLogWorker] INFO  segmented.SegmentedRaftLogWorker (SegmentedRaftLogWorker.java:run(313)) - ba62479e-9d0c-4e30-a2fc-a7b15472dec7@group-FA499E84120B-SegmentedRaftLogWorker was interrupted, exiting. There are 0 tasks remaining in the queue.
2019-09-25 05:51:19,311 [ForkJoinPool.commonPool-worker-1] INFO  impl.PendingRequests (PendingRequests.java:sendNotLeaderResponses(202)) - aa12bdd9-b98d-4e1b-b7bd-0fb99805d214-PendingRequests: sendNotLeaderResponses
2019-09-25 05:51:19,312 [main] INFO  segmented.SegmentedRaftLogWorker (SegmentedRaftLogWorker.java:close(228)) - ba62479e-9d0c-4e30-a2fc-a7b15472dec7@group-FA499E84120B-SegmentedRaftLogWorker close()
2019-09-25 05:51:19,312 [ForkJoinPool.commonPool-worker-1] INFO  impl.StateMachineUpdater (StateMachineUpdater.java:stopAndJoin(125)) - aa12bdd9-b98d-4e1b-b7bd-0fb99805d214@group-510509479A79-StateMachineUpdater: set stopIndex = 0
2019-09-25 05:51:19,313 [main] INFO  impl.RaftServerImpl (RaftServerImpl.java:lambda$shutdown$3(251)) - ba62479e-9d0c-4e30-a2fc-a7b15472dec7@group-41261B168849: shutdown
2019-09-25 05:51:19,313 [ForkJoinPool.commonPool-worker-1] INFO  impl.RaftServerImpl (ServerState.java:close(385)) - aa12bdd9-b98d-4e1b-b7bd-0fb99805d214@group-510509479A79: closes. applyIndex: 0
2019-09-25 05:51:19,313 [main] INFO  util.JmxRegister (JmxRegister.java:unregister(73)) - Successfully un-registered JMX Bean with object name Ratis:service=RaftServer,group=group-41261B168849,id=ba62479e-9d0c-4e30-a2fc-a7b15472dec7
2019-09-25 05:51:19,313 [aa12bdd9-b98d-4e1b-b7bd-0fb99805d214@group-510509479A79-SegmentedRaftLogWorker] INFO  segmented.SegmentedRaftLogWorker (SegmentedRaftLogWorker.java:run(313)) - aa12bdd9-b98d-4e1b-b7bd-0fb99805d214@group-510509479A79-SegmentedRaftLogWorker was interrupted, exiting. There are 0 tasks remaining in the queue.
2019-09-25 05:51:19,313 [main] INFO  impl.RoleInfo (RoleInfo.java:shutdownLeaderState(104)) - ba62479e-9d0c-4e30-a2fc-a7b15472dec7: shutdown LeaderState
2019-09-25 05:51:19,314 [ForkJoinPool.commonPool-worker-1] INFO  segmented.SegmentedRaftLogWorker (SegmentedRaftLogWorker.java:close(228)) - aa12bdd9-b98d-4e1b-b7bd-0fb99805d214@group-510509479A79-SegmentedRaftLogWorker close()
2019-09-25 05:51:19,314 [main] INFO  impl.PendingRequests (PendingRequests.java:sendNotLeaderResponses(202)) - ba62479e-9d0c-4e30-a2fc-a7b15472dec7-PendingRequests: sendNotLeaderResponses
2019-09-25 05:51:19,314 [ForkJoinPool.commonPool-worker-1] INFO  impl.RaftServerImpl (RaftServerImpl.java:lambda$shutdown$3(251)) - aa12bdd9-b98d-4e1b-b7bd-0fb99805d214@group-21A082C375CE: shutdown
2019-09-25 05:51:19,314 [main] INFO  impl.StateMachineUpdater (StateMachineUpdater.java:stopAndJoin(125)) - ba62479e-9d0c-4e30-a2fc-a7b15472dec7@group-41261B168849-StateMachineUpdater: set stopIndex = -1
2019-09-25 05:51:19,314 [ForkJoinPool.commonPool-worker-1] INFO  util.JmxRegister (JmxRegister.java:unregister(73)) - Successfully un-registered JMX Bean with object name Ratis:service=RaftServer,group=group-21A082C375CE,id=aa12bdd9-b98d-4e1b-b7bd-0fb99805d214
2019-09-25 05:51:19,314 [main] INFO  impl.RaftServerImpl (ServerState.java:close(385)) - ba62479e-9d0c-4e30-a2fc-a7b15472dec7@group-41261B168849: closes. applyIndex: -1
2019-09-25 05:51:19,315 [ForkJoinPool.commonPool-worker-1] INFO  impl.RoleInfo (RoleInfo.java:shutdownLeaderState(104)) - aa12bdd9-b98d-4e1b-b7bd-0fb99805d214: shutdown LeaderState
2019-09-25 05:51:19,315 [ForkJoinPool.commonPool-worker-1] INFO  impl.PendingRequests (PendingRequests.java:sendNotLeaderResponses(202)) - aa12bdd9-b98d-4e1b-b7bd-0fb99805d214-PendingRequests: sendNotLeaderResponses
2019-09-25 05:51:19,315 [ForkJoinPool.commonPool-worker-1] INFO  impl.StateMachineUpdater (StateMachineUpdater.java:stopAndJoin(125)) - aa12bdd9-b98d-4e1b-b7bd-0fb99805d214@group-21A082C375CE-StateMachineUpdater: set stopIndex = 0
2019-09-25 05:51:19,315 [ForkJoinPool.commonPool-worker-1] INFO  impl.RaftServerImpl (ServerState.java:close(385)) - aa12bdd9-b98d-4e1b-b7bd-0fb99805d214@group-21A082C375CE: closes. applyIndex: 0
2019-09-25 05:51:19,316 [aa12bdd9-b98d-4e1b-b7bd-0fb99805d214@group-21A082C375CE-SegmentedRaftLogWorker] INFO  segmented.SegmentedRaftLogWorker (SegmentedRaftLogWorker.java:run(313)) - aa12bdd9-b98d-4e1b-b7bd-0fb99805d214@group-21A082C375CE-SegmentedRaftLogWorker was interrupted, exiting. There are 0 tasks remaining in the queue.
2019-09-25 05:51:19,316 [ForkJoinPool.commonPool-worker-1] INFO  segmented.SegmentedRaftLogWorker (SegmentedRaftLogWorker.java:close(228)) - aa12bdd9-b98d-4e1b-b7bd-0fb99805d214@group-21A082C375CE-SegmentedRaftLogWorker close()
2019-09-25 05:51:19,316 [ForkJoinPool.commonPool-worker-1] INFO  impl.RaftServerImpl (RaftServerImpl.java:lambda$shutdown$3(251)) - aa12bdd9-b98d-4e1b-b7bd-0fb99805d214@group-CE073F8EEACB: shutdown
2019-09-25 05:51:19,316 [ForkJoinPool.commonPool-worker-1] INFO  util.JmxRegister (JmxRegister.java:unregister(73)) - Successfully un-registered JMX Bean with object name Ratis:service=RaftServer,group=group-CE073F8EEACB,id=aa12bdd9-b98d-4e1b-b7bd-0fb99805d214
2019-09-25 05:51:19,316 [ForkJoinPool.commonPool-worker-1] INFO  impl.RoleInfo (RoleInfo.java:shutdownLeaderState(104)) - aa12bdd9-b98d-4e1b-b7bd-0fb99805d214: shutdown LeaderState
2019-09-25 05:51:19,316 [ForkJoinPool.commonPool-worker-1] INFO  impl.PendingRequests (PendingRequests.java:sendNotLeaderResponses(202)) - aa12bdd9-b98d-4e1b-b7bd-0fb99805d214-PendingRequests: sendNotLeaderResponses
2019-09-25 05:51:19,317 [ForkJoinPool.commonPool-worker-1] INFO  impl.StateMachineUpdater (StateMachineUpdater.java:stopAndJoin(125)) - aa12bdd9-b98d-4e1b-b7bd-0fb99805d214@group-CE073F8EEACB-StateMachineUpdater: set stopIndex = 0
2019-09-25 05:51:19,317 [ForkJoinPool.commonPool-worker-1] INFO  impl.RaftServerImpl (ServerState.java:close(385)) - aa12bdd9-b98d-4e1b-b7bd-0fb99805d214@group-CE073F8EEACB: closes. applyIndex: 0
2019-09-25 05:51:19,317 [aa12bdd9-b98d-4e1b-b7bd-0fb99805d214@group-CE073F8EEACB-SegmentedRaftLogWorker] INFO  segmented.SegmentedRaftLogWorker (SegmentedRaftLogWorker.java:run(313)) - aa12bdd9-b98d-4e1b-b7bd-0fb99805d214@group-CE073F8EEACB-SegmentedRaftLogWorker was interrupted, exiting. There are 0 tasks remaining in the queue.
2019-09-25 05:51:19,320 [ForkJoinPool.commonPool-worker-1] INFO  segmented.SegmentedRaftLogWorker (SegmentedRaftLogWorker.java:close(228)) - aa12bdd9-b98d-4e1b-b7bd-0fb99805d214@group-CE073F8EEACB-SegmentedRaftLogWorker close()
2019-09-25 05:51:19,320 [ForkJoinPool.commonPool-worker-1] INFO  impl.RaftServerImpl (RaftServerImpl.java:lambda$shutdown$3(251)) - aa12bdd9-b98d-4e1b-b7bd-0fb99805d214@group-F00416FEA6EE: shutdown
2019-09-25 05:51:19,321 [ForkJoinPool.commonPool-worker-1] INFO  util.JmxRegister (JmxRegister.java:unregister(73)) - Successfully un-registered JMX Bean with object name Ratis:service=RaftServer,group=group-F00416FEA6EE,id=aa12bdd9-b98d-4e1b-b7bd-0fb99805d214
2019-09-25 05:51:19,321 [ForkJoinPool.commonPool-worker-1] INFO  impl.RoleInfo (RoleInfo.java:shutdownLeaderState(104)) - aa12bdd9-b98d-4e1b-b7bd-0fb99805d214: shutdown LeaderState
2019-09-25 05:51:19,321 [ForkJoinPool.commonPool-worker-1] INFO  impl.PendingRequests (PendingRequests.java:sendNotLeaderResponses(202)) - aa12bdd9-b98d-4e1b-b7bd-0fb99805d214-PendingRequests: sendNotLeaderResponses
2019-09-25 05:51:19,321 [ForkJoinPool.commonPool-worker-1] INFO  impl.StateMachineUpdater (StateMachineUpdater.java:stopAndJoin(125)) - aa12bdd9-b98d-4e1b-b7bd-0fb99805d214@group-F00416FEA6EE-StateMachineUpdater: set stopIndex = 0
2019-09-25 05:51:19,322 [ForkJoinPool.commonPool-worker-1] INFO  impl.RaftServerImpl (ServerState.java:close(385)) - aa12bdd9-b98d-4e1b-b7bd-0fb99805d214@group-F00416FEA6EE: closes. applyIndex: 0
2019-09-25 05:51:19,322 [aa12bdd9-b98d-4e1b-b7bd-0fb99805d214@group-F00416FEA6EE-SegmentedRaftLogWorker] INFO  segmented.SegmentedRaftLogWorker (SegmentedRaftLogWorker.java:run(313)) - aa12bdd9-b98d-4e1b-b7bd-0fb99805d214@group-F00416FEA6EE-SegmentedRaftLogWorker was interrupted, exiting. There are 0 tasks remaining in the queue.
2019-09-25 05:51:19,322 [ForkJoinPool.commonPool-worker-1] INFO  segmented.SegmentedRaftLogWorker (SegmentedRaftLogWorker.java:close(228)) - aa12bdd9-b98d-4e1b-b7bd-0fb99805d214@group-F00416FEA6EE-SegmentedRaftLogWorker close()
2019-09-25 05:51:19,322 [ForkJoinPool.commonPool-worker-1] INFO  impl.RaftServerImpl (RaftServerImpl.java:lambda$shutdown$3(251)) - aa12bdd9-b98d-4e1b-b7bd-0fb99805d214@group-4FDFFC759819: shutdown
2019-09-25 05:51:19,322 [ForkJoinPool.commonPool-worker-1] INFO  util.JmxRegister (JmxRegister.java:unregister(73)) - Successfully un-registered JMX Bean with object name Ratis:service=RaftServer,group=group-4FDFFC759819,id=aa12bdd9-b98d-4e1b-b7bd-0fb99805d214
2019-09-25 05:51:19,323 [ForkJoinPool.commonPool-worker-1] INFO  impl.RoleInfo (RoleInfo.java:shutdownLeaderState(104)) - aa12bdd9-b98d-4e1b-b7bd-0fb99805d214: shutdown LeaderState
2019-09-25 05:51:19,323 [ForkJoinPool.commonPool-worker-1] INFO  impl.PendingRequests (PendingRequests.java:sendNotLeaderResponses(202)) - aa12bdd9-b98d-4e1b-b7bd-0fb99805d214-PendingRequests: sendNotLeaderResponses
2019-09-25 05:51:19,323 [ForkJoinPool.commonPool-worker-1] INFO  impl.StateMachineUpdater (StateMachineUpdater.java:stopAndJoin(125)) - aa12bdd9-b98d-4e1b-b7bd-0fb99805d214@group-4FDFFC759819-StateMachineUpdater: set stopIndex = 0
2019-09-25 05:51:19,323 [ForkJoinPool.commonPool-worker-1] INFO  impl.RaftServerImpl (ServerState.java:close(385)) - aa12bdd9-b98d-4e1b-b7bd-0fb99805d214@group-4FDFFC759819: closes. applyIndex: 0
2019-09-25 05:51:19,324 [aa12bdd9-b98d-4e1b-b7bd-0fb99805d214@group-4FDFFC759819-SegmentedRaftLogWorker] INFO  segmented.SegmentedRaftLogWorker (SegmentedRaftLogWorker.java:run(313)) - aa12bdd9-b98d-4e1b-b7bd-0fb99805d214@group-4FDFFC759819-SegmentedRaftLogWorker was interrupted, exiting. There are 0 tasks remaining in the queue.
2019-09-25 05:51:19,324 [ForkJoinPool.commonPool-worker-1] INFO  segmented.SegmentedRaftLogWorker (SegmentedRaftLogWorker.java:close(228)) - aa12bdd9-b98d-4e1b-b7bd-0fb99805d214@group-4FDFFC759819-SegmentedRaftLogWorker close()
2019-09-25 05:51:19,324 [ForkJoinPool.commonPool-worker-1] INFO  impl.RaftServerImpl (RaftServerImpl.java:lambda$shutdown$3(251)) - aa12bdd9-b98d-4e1b-b7bd-0fb99805d214@group-E8BE53C004A9: shutdown
2019-09-25 05:51:19,324 [ForkJoinPool.commonPool-worker-1] INFO  util.JmxRegister (JmxRegister.java:unregister(73)) - Successfully un-registered JMX Bean with object name Ratis:service=RaftServer,group=group-E8BE53C004A9,id=aa12bdd9-b98d-4e1b-b7bd-0fb99805d214
2019-09-25 05:51:19,325 [ForkJoinPool.commonPool-worker-1] INFO  impl.RoleInfo (RoleInfo.java:shutdownLeaderState(104)) - aa12bdd9-b98d-4e1b-b7bd-0fb99805d214: shutdown LeaderState
2019-09-25 05:51:19,325 [ForkJoinPool.commonPool-worker-1] INFO  impl.PendingRequests (PendingRequests.java:sendNotLeaderResponses(202)) - aa12bdd9-b98d-4e1b-b7bd-0fb99805d214-PendingRequests: sendNotLeaderResponses
2019-09-25 05:51:19,325 [ForkJoinPool.commonPool-worker-1] INFO  impl.StateMachineUpdater (StateMachineUpdater.java:stopAndJoin(125)) - aa12bdd9-b98d-4e1b-b7bd-0fb99805d214@group-E8BE53C004A9-StateMachineUpdater: set stopIndex = 0
2019-09-25 05:51:19,325 [ForkJoinPool.commonPool-worker-1] INFO  impl.RaftServerImpl (ServerState.java:close(385)) - aa12bdd9-b98d-4e1b-b7bd-0fb99805d214@group-E8BE53C004A9: closes. applyIndex: 0
2019-09-25 05:51:19,326 [aa12bdd9-b98d-4e1b-b7bd-0fb99805d214@group-E8BE53C004A9-SegmentedRaftLogWorker] INFO  segmented.SegmentedRaftLogWorker (SegmentedRaftLogWorker.java:run(313)) - aa12bdd9-b98d-4e1b-b7bd-0fb99805d214@group-E8BE53C004A9-SegmentedRaftLogWorker was interrupted, exiting. There are 0 tasks remaining in the queue.
2019-09-25 05:51:19,326 [ForkJoinPool.commonPool-worker-1] INFO  segmented.SegmentedRaftLogWorker (SegmentedRaftLogWorker.java:close(228)) - aa12bdd9-b98d-4e1b-b7bd-0fb99805d214@group-E8BE53C004A9-SegmentedRaftLogWorker close()
2019-09-25 05:51:19,326 [ForkJoinPool.commonPool-worker-1] INFO  server.GrpcService (GrpcService.java:closeImpl(164)) - aa12bdd9-b98d-4e1b-b7bd-0fb99805d214: shutdown server with port 37397 now
2019-09-25 05:51:19,341 [ForkJoinPool.commonPool-worker-1] INFO  server.GrpcService (GrpcService.java:closeImpl(172)) - aa12bdd9-b98d-4e1b-b7bd-0fb99805d214: shutdown server with port 37397 successfully
2019-09-25 05:51:19,341 [d6964a7c-cb4f-4cee-bc55-175c0a9b9094@group-647D857BF6E0:LeaderElection329] INFO  impl.LeaderElection (LeaderElection.java:askForVotes(182)) - d6964a7c-cb4f-4cee-bc55-175c0a9b9094@group-647D857BF6E0:LeaderElection329: begin an election at term 1 for -1: [d6964a7c-cb4f-4cee-bc55-175c0a9b9094:192.168.30.10:39185], old=null
2019-09-25 05:51:19,341 [1dcd8056-b4df-4a42-9946-d6b50473a02f@group-FB11C24DFC4D-SegmentedRaftLogWorker] INFO  segmented.SegmentedRaftLogWorker (SegmentedRaftLogWorker.java:execute(569)) - 1dcd8056-b4df-4a42-9946-d6b50473a02f@group-FB11C24DFC4D-SegmentedRaftLogWorker: created new log segment /workdir/hadoop-ozone/integration-test/target/test-dir/MiniOzoneClusterImpl-6389a31f-e1b2-4948-a777-3ab81d592f44/datanode-5/data/ratis/22efd8d3-acdf-4bf6-a5ce-fb11c24dfc4d/current/log_inprogress_0
2019-09-25 05:51:19,341 [d6964a7c-cb4f-4cee-bc55-175c0a9b9094@group-302775145EAF:LeaderElection330] INFO  impl.LeaderElection (LeaderElection.java:askForVotes(182)) - d6964a7c-cb4f-4cee-bc55-175c0a9b9094@group-302775145EAF:LeaderElection330: begin an election at term 1 for -1: [d6964a7c-cb4f-4cee-bc55-175c0a9b9094:192.168.30.10:39185], old=null
2019-09-25 05:51:19,341 [ba62479e-9d0c-4e30-a2fc-a7b15472dec7@group-3D126FA36130-SegmentedRaftLogWorker] INFO  segmented.SegmentedRaftLogWorker (SegmentedRaftLogWorker.java:execute(569)) - ba62479e-9d0c-4e30-a2fc-a7b15472dec7@group-3D126FA36130-SegmentedRaftLogWorker: created new log segment /workdir/hadoop-ozone/integration-test/target/test-dir/MiniOzoneClusterImpl-6389a31f-e1b2-4948-a777-3ab81d592f44/datanode-4/data/ratis/5435eca5-985a-4c28-ba26-3d126fa36130/current/log_inprogress_0
2019-09-25 05:51:19,341 [d6964a7c-cb4f-4cee-bc55-175c0a9b9094@group-B2C303EED91F:LeaderElection328] INFO  impl.LeaderElection (LeaderElection.java:askForVotes(182)) - d6964a7c-cb4f-4cee-bc55-175c0a9b9094@group-B2C303EED91F:LeaderElection328: begin an election at term 1 for -1: [d6964a7c-cb4f-4cee-bc55-175c0a9b9094:192.168.30.10:39185], old=null
2019-09-25 05:51:19,341 [d6964a7c-cb4f-4cee-bc55-175c0a9b9094@group-A90467670017:LeaderElection331] INFO  impl.LeaderElection (LeaderElection.java:askForVotes(182)) - d6964a7c-cb4f-4cee-bc55-175c0a9b9094@group-A90467670017:LeaderElection331: begin an election at term 1 for -1: [d6964a7c-cb4f-4cee-bc55-175c0a9b9094:192.168.30.10:39185], old=null
2019-09-25 05:51:19,341 [1dcd8056-b4df-4a42-9946-d6b50473a02f@group-25478124C4FA-SegmentedRaftLogWorker] INFO  segmented.SegmentedRaftLogWorker (SegmentedRaftLogWorker.java:execute(569)) - 1dcd8056-b4df-4a42-9946-d6b50473a02f@group-25478124C4FA-SegmentedRaftLogWorker: created new log segment /workdir/hadoop-ozone/integration-test/target/test-dir/MiniOzoneClusterImpl-6389a31f-e1b2-4948-a777-3ab81d592f44/datanode-5/data/ratis/6e6fc105-326e-488f-8d2f-25478124c4fa/current/log_inprogress_0
2019-09-25 05:51:19,341 [1dcd8056-b4df-4a42-9946-d6b50473a02f@group-D0411AA173E7-SegmentedRaftLogWorker] INFO  segmented.SegmentedRaftLogWorker (SegmentedRaftLogWorker.java:execute(569)) - 1dcd8056-b4df-4a42-9946-d6b50473a02f@group-D0411AA173E7-SegmentedRaftLogWorker: created new log segment /workdir/hadoop-ozone/integration-test/target/test-dir/MiniOzoneClusterImpl-6389a31f-e1b2-4948-a777-3ab81d592f44/datanode-5/data/ratis/3c1c0d64-e295-47fd-ab9f-d0411aa173e7/current/log_inprogress_0
2019-09-25 05:51:19,342 [d6964a7c-cb4f-4cee-bc55-175c0a9b9094@group-A90467670017:LeaderElection331] INFO  impl.RoleInfo (RoleInfo.java:shutdownLeaderElection(134)) - d6964a7c-cb4f-4cee-bc55-175c0a9b9094: shutdown LeaderElection
2019-09-25 05:51:19,342 [d6964a7c-cb4f-4cee-bc55-175c0a9b9094@group-B2C303EED91F:LeaderElection328] INFO  impl.RoleInfo (RoleInfo.java:shutdownLeaderElection(134)) - d6964a7c-cb4f-4cee-bc55-175c0a9b9094: shutdown LeaderElection
2019-09-25 05:51:19,342 [d6964a7c-cb4f-4cee-bc55-175c0a9b9094@group-302775145EAF:LeaderElection330] INFO  impl.RoleInfo (RoleInfo.java:shutdownLeaderElection(134)) - d6964a7c-cb4f-4cee-bc55-175c0a9b9094: shutdown LeaderElection
2019-09-25 05:51:19,342 [ba62479e-9d0c-4e30-a2fc-a7b15472dec7@group-41261B168849-SegmentedRaftLogWorker] WARN  segmented.SegmentedRaftLogOutputStream (SegmentedRaftLogOutputStream.java:<init>(77)) - Hit IOException while creating log segment /workdir/hadoop-ozone/integration-test/target/test-dir/MiniOzoneClusterImpl-6389a31f-e1b2-4948-a777-3ab81d592f44/datanode-4/data/ratis/dd14b405-66c6-4847-8e3d-41261b168849/current/log_inprogress_0, delete the partial file.
2019-09-25 05:51:19,341 [d6964a7c-cb4f-4cee-bc55-175c0a9b9094@group-647D857BF6E0:LeaderElection329] INFO  impl.RoleInfo (RoleInfo.java:shutdownLeaderElection(134)) - d6964a7c-cb4f-4cee-bc55-175c0a9b9094: shutdown LeaderElection
2019-09-25 05:51:19,342 [refreshUsed-/workdir/hadoop-ozone/integration-test/target/test-dir/MiniOzoneClusterImpl-6389a31f-e1b2-4948-a777-3ab81d592f44/datanode-1/data/containers] WARN  fs.CachingGetSpaceUsed (CachingGetSpaceUsed.java:run(183)) - Thread Interrupted waiting to refresh disk information: sleep interrupted
2019-09-25 05:51:19,342 [d6964a7c-cb4f-4cee-bc55-175c0a9b9094@group-302775145EAF:LeaderElection330] INFO  impl.RaftServerImpl (RaftServerImpl.java:setRole(174)) - d6964a7c-cb4f-4cee-bc55-175c0a9b9094@group-302775145EAF: changes role from CANDIDATE to LEADER at term 1 for changeToLeader
2019-09-25 05:51:19,342 [d6964a7c-cb4f-4cee-bc55-175c0a9b9094@group-B2C303EED91F:LeaderElection328] INFO  impl.RaftServerImpl (RaftServerImpl.java:setRole(174)) - d6964a7c-cb4f-4cee-bc55-175c0a9b9094@group-B2C303EED91F: changes role from CANDIDATE to LEADER at term 1 for changeToLeader
2019-09-25 05:51:19,342 [d6964a7c-cb4f-4cee-bc55-175c0a9b9094@group-A90467670017:LeaderElection331] INFO  impl.RaftServerImpl (RaftServerImpl.java:setRole(174)) - d6964a7c-cb4f-4cee-bc55-175c0a9b9094@group-A90467670017: changes role from CANDIDATE to LEADER at term 1 for changeToLeader
2019-09-25 05:51:19,343 [d6964a7c-cb4f-4cee-bc55-175c0a9b9094@group-B2C303EED91F:LeaderElection328] INFO  impl.RaftServerImpl (ServerState.java:setLeader(253)) - d6964a7c-cb4f-4cee-bc55-175c0a9b9094@group-B2C303EED91F: change Leader from null to d6964a7c-cb4f-4cee-bc55-175c0a9b9094 at term 1 for becomeLeader, leader elected after 5258ms
2019-09-25 05:51:19,343 [d6964a7c-cb4f-4cee-bc55-175c0a9b9094@group-302775145EAF:LeaderElection330] INFO  impl.RaftServerImpl (ServerState.java:setLeader(253)) - d6964a7c-cb4f-4cee-bc55-175c0a9b9094@group-302775145EAF: change Leader from null to d6964a7c-cb4f-4cee-bc55-175c0a9b9094 at term 1 for becomeLeader, leader elected after 5166ms
2019-09-25 05:51:19,343 [d6964a7c-cb4f-4cee-bc55-175c0a9b9094@group-647D857BF6E0:LeaderElection329] INFO  impl.RaftServerImpl (RaftServerImpl.java:setRole(174)) - d6964a7c-cb4f-4cee-bc55-175c0a9b9094@group-647D857BF6E0: changes role from CANDIDATE to LEADER at term 1 for changeToLeader
2019-09-25 05:51:19,343 [d6964a7c-cb4f-4cee-bc55-175c0a9b9094@group-302775145EAF:LeaderElection330] INFO  server.RaftServerConfigKeys (ConfUtils.java:logGet(43)) - raft.server.staging.catchup.gap = 1000 (default)
2019-09-25 05:51:19,343 [main] INFO  segmented.SegmentedRaftLogWorker (SegmentedRaftLogWorker.java:close(228)) - ba62479e-9d0c-4e30-a2fc-a7b15472dec7@group-41261B168849-SegmentedRaftLogWorker close()
2019-09-25 05:51:19,343 [d6964a7c-cb4f-4cee-bc55-175c0a9b9094@group-A90467670017:LeaderElection331] INFO  impl.RaftServerImpl (ServerState.java:setLeader(253)) - d6964a7c-cb4f-4cee-bc55-175c0a9b9094@group-A90467670017: change Leader from null to d6964a7c-cb4f-4cee-bc55-175c0a9b9094 at term 1 for becomeLeader, leader elected after 5304ms
2019-09-25 05:51:19,344 [main] INFO  impl.RaftServerImpl (RaftServerImpl.java:lambda$shutdown$3(251)) - ba62479e-9d0c-4e30-a2fc-a7b15472dec7@group-3D126FA36130: shutdown
2019-09-25 05:51:19,343 [d6964a7c-cb4f-4cee-bc55-175c0a9b9094@group-302775145EAF:LeaderElection330] INFO  server.RaftServerConfigKeys (ConfUtils.java:logGet(43)) - raft.server.rpc.sleep.time = 25ms (default)
2019-09-25 05:51:19,343 [d6964a7c-cb4f-4cee-bc55-175c0a9b9094@group-B2C303EED91F:LeaderElection328] INFO  server.RaftServerConfigKeys (ConfUtils.java:logGet(43)) - raft.server.staging.catchup.gap = 1000 (default)
2019-09-25 05:51:19,343 [d6964a7c-cb4f-4cee-bc55-175c0a9b9094@group-647D857BF6E0:LeaderElection329] INFO  impl.RaftServerImpl (ServerState.java:setLeader(253)) - d6964a7c-cb4f-4cee-bc55-175c0a9b9094@group-647D857BF6E0: change Leader from null to d6964a7c-cb4f-4cee-bc55-175c0a9b9094 at term 1 for becomeLeader, leader elected after 5352ms
2019-09-25 05:51:19,344 [d6964a7c-cb4f-4cee-bc55-175c0a9b9094@group-B2C303EED91F:LeaderElection328] INFO  server.RaftServerConfigKeys (ConfUtils.java:logGet(43)) - raft.server.rpc.sleep.time = 25ms (default)
2019-09-25 05:51:19,344 [d6964a7c-cb4f-4cee-bc55-175c0a9b9094@group-302775145EAF:LeaderElection330] INFO  server.RaftServerConfigKeys (ConfUtils.java:logGet(43)) - raft.server.write.element-limit = 4096 (default)
2019-09-25 05:51:19,344 [main] INFO  util.JmxRegister (JmxRegister.java:unregister(73)) - Successfully un-registered JMX Bean with object name Ratis:service=RaftServer,group=group-3D126FA36130,id=ba62479e-9d0c-4e30-a2fc-a7b15472dec7
2019-09-25 05:51:19,344 [d6964a7c-cb4f-4cee-bc55-175c0a9b9094@group-A90467670017:LeaderElection331] INFO  server.RaftServerConfigKeys (ConfUtils.java:logGet(43)) - raft.server.staging.catchup.gap = 1000 (default)
2019-09-25 05:51:19,345 [main] INFO  impl.RoleInfo (RoleInfo.java:shutdownLeaderState(104)) - ba62479e-9d0c-4e30-a2fc-a7b15472dec7: shutdown LeaderState
2019-09-25 05:51:19,345 [d6964a7c-cb4f-4cee-bc55-175c0a9b9094@group-302775145EAF:LeaderElection330] INFO  server.RaftServerConfigKeys (ConfUtils.java:logGet(43)) - raft.server.watch.timeout = 10s (default)
2019-09-25 05:51:19,345 [d6964a7c-cb4f-4cee-bc55-175c0a9b9094@group-B2C303EED91F:LeaderElection328] INFO  server.RaftServerConfigKeys (ConfUtils.java:logGet(43)) - raft.server.write.element-limit = 4096 (default)
2019-09-25 05:51:19,345 [d6964a7c-cb4f-4cee-bc55-175c0a9b9094@group-647D857BF6E0:LeaderElection329] INFO  server.RaftServerConfigKeys (ConfUtils.java:logGet(43)) - raft.server.staging.catchup.gap = 1000 (default)
2019-09-25 05:51:19,346 [d6964a7c-cb4f-4cee-bc55-175c0a9b9094@group-B2C303EED91F:LeaderElection328] INFO  server.RaftServerConfigKeys (ConfUtils.java:logGet(43)) - raft.server.watch.timeout = 10s (default)
2019-09-25 05:51:19,345 [d6964a7c-cb4f-4cee-bc55-175c0a9b9094@group-302775145EAF:LeaderElection330] INFO  server.RaftServerConfigKeys (ConfUtils.java:logGet(43)) - raft.server.watch.timeout.denomination = 1s (default)
2019-09-25 05:51:19,345 [main] INFO  impl.PendingRequests (PendingRequests.java:sendNotLeaderResponses(202)) - ba62479e-9d0c-4e30-a2fc-a7b15472dec7-PendingRequests: sendNotLeaderResponses
2019-09-25 05:51:19,345 [d6964a7c-cb4f-4cee-bc55-175c0a9b9094@group-A90467670017:LeaderElection331] INFO  server.RaftServerConfigKeys (ConfUtils.java:logGet(43)) - raft.server.rpc.sleep.time = 25ms (default)
2019-09-25 05:51:19,347 [main] INFO  impl.StateMachineUpdater (StateMachineUpdater.java:stopAndJoin(125)) - ba62479e-9d0c-4e30-a2fc-a7b15472dec7@group-3D126FA36130-StateMachineUpdater: set stopIndex = -1
2019-09-25 05:51:19,347 [d6964a7c-cb4f-4cee-bc55-175c0a9b9094@group-302775145EAF:LeaderElection330] INFO  server.RaftServerConfigKeys (ConfUtils.java:logGet(43)) - raft.server.watch.element-limit = 65536 (default)
2019-09-25 05:51:19,346 [d6964a7c-cb4f-4cee-bc55-175c0a9b9094@group-B2C303EED91F:LeaderElection328] INFO  server.RaftServerConfigKeys (ConfUtils.java:logGet(43)) - raft.server.watch.timeout.denomination = 1s (default)
2019-09-25 05:51:19,346 [d6964a7c-cb4f-4cee-bc55-175c0a9b9094@group-647D857BF6E0:LeaderElection329] INFO  server.RaftServerConfigKeys (ConfUtils.java:logGet(43)) - raft.server.rpc.sleep.time = 25ms (default)
2019-09-25 05:51:19,348 [d6964a7c-cb4f-4cee-bc55-175c0a9b9094@group-B2C303EED91F:LeaderElection328] INFO  server.RaftServerConfigKeys (ConfUtils.java:logGet(43)) - raft.server.watch.element-limit = 65536 (default)
2019-09-25 05:51:19,347 [main] INFO  impl.RaftServerImpl (ServerState.java:close(385)) - ba62479e-9d0c-4e30-a2fc-a7b15472dec7@group-3D126FA36130: closes. applyIndex: -1
2019-09-25 05:51:19,347 [d6964a7c-cb4f-4cee-bc55-175c0a9b9094@group-A90467670017:LeaderElection331] INFO  server.RaftServerConfigKeys (ConfUtils.java:logGet(43)) - raft.server.write.element-limit = 4096 (default)
2019-09-25 05:51:19,348 [d6964a7c-cb4f-4cee-bc55-175c0a9b9094@group-647D857BF6E0:LeaderElection329] INFO  server.RaftServerConfigKeys (ConfUtils.java:logGet(43)) - raft.server.write.element-limit = 4096 (default)
2019-09-25 05:51:19,348 [d6964a7c-cb4f-4cee-bc55-175c0a9b9094@group-A90467670017:LeaderElection331] INFO  server.RaftServerConfigKeys (ConfUtils.java:logGet(43)) - raft.server.watch.timeout = 10s (default)
2019-09-25 05:51:19,348 [d6964a7c-cb4f-4cee-bc55-175c0a9b9094@group-647D857BF6E0:LeaderElection329] INFO  server.RaftServerConfigKeys (ConfUtils.java:logGet(43)) - raft.server.watch.timeout = 10s (default)
2019-09-25 05:51:19,348 [d6964a7c-cb4f-4cee-bc55-175c0a9b9094@group-A90467670017:LeaderElection331] INFO  server.RaftServerConfigKeys (ConfUtils.java:logGet(43)) - raft.server.watch.timeout.denomination = 1s (default)
2019-09-25 05:51:19,348 [d6964a7c-cb4f-4cee-bc55-175c0a9b9094@group-647D857BF6E0:LeaderElection329] INFO  server.RaftServerConfigKeys (ConfUtils.java:logGet(43)) - raft.server.watch.timeout.denomination = 1s (default)
2019-09-25 05:51:19,349 [d6964a7c-cb4f-4cee-bc55-175c0a9b9094@group-A90467670017:LeaderElection331] INFO  server.RaftServerConfigKeys (ConfUtils.java:logGet(43)) - raft.server.watch.element-limit = 65536 (default)
2019-09-25 05:51:19,349 [d6964a7c-cb4f-4cee-bc55-175c0a9b9094@group-647D857BF6E0:LeaderElection329] INFO  server.RaftServerConfigKeys (ConfUtils.java:logGet(43)) - raft.server.watch.element-limit = 65536 (default)
2019-09-25 05:51:19,349 [d6964a7c-cb4f-4cee-bc55-175c0a9b9094@group-302775145EAF:LeaderElection330] INFO  impl.RoleInfo (RoleInfo.java:updateAndGet(143)) - d6964a7c-cb4f-4cee-bc55-175c0a9b9094: start LeaderState
2019-09-25 05:51:19,349 [d6964a7c-cb4f-4cee-bc55-175c0a9b9094@group-302775145EAF:LeaderElection330] INFO  segmented.SegmentedRaftLogWorker (SegmentedRaftLogWorker.java:startLogSegment(380)) - d6964a7c-cb4f-4cee-bc55-175c0a9b9094@group-302775145EAF-SegmentedRaftLogWorker: Starting segment from index:0
2019-09-25 05:51:19,349 [d6964a7c-cb4f-4cee-bc55-175c0a9b9094@group-B2C303EED91F:LeaderElection328] INFO  impl.RoleInfo (RoleInfo.java:updateAndGet(143)) - d6964a7c-cb4f-4cee-bc55-175c0a9b9094: start LeaderState
2019-09-25 05:51:19,349 [d6964a7c-cb4f-4cee-bc55-175c0a9b9094@group-B2C303EED91F:LeaderElection328] INFO  segmented.SegmentedRaftLogWorker (SegmentedRaftLogWorker.java:startLogSegment(380)) - d6964a7c-cb4f-4cee-bc55-175c0a9b9094@group-B2C303EED91F-SegmentedRaftLogWorker: Starting segment from index:0
2019-09-25 05:51:19,349 [d6964a7c-cb4f-4cee-bc55-175c0a9b9094@group-302775145EAF:LeaderElection330] INFO  impl.RaftServerImpl (ServerState.java:setRaftConf(354)) - d6964a7c-cb4f-4cee-bc55-175c0a9b9094@group-302775145EAF: set configuration 0: [d6964a7c-cb4f-4cee-bc55-175c0a9b9094:192.168.30.10:39185], old=null at 0
2019-09-25 05:51:19,350 [d6964a7c-cb4f-4cee-bc55-175c0a9b9094@group-B2C303EED91F:LeaderElection328] INFO  impl.RaftServerImpl (ServerState.java:setRaftConf(354)) - d6964a7c-cb4f-4cee-bc55-175c0a9b9094@group-B2C303EED91F: set configuration 0: [d6964a7c-cb4f-4cee-bc55-175c0a9b9094:192.168.30.10:39185], old=null at 0
2019-09-25 05:51:19,351 [d6964a7c-cb4f-4cee-bc55-175c0a9b9094@group-A90467670017:LeaderElection331] INFO  impl.RoleInfo (RoleInfo.java:updateAndGet(143)) - d6964a7c-cb4f-4cee-bc55-175c0a9b9094: start LeaderState
2019-09-25 05:51:19,351 [d6964a7c-cb4f-4cee-bc55-175c0a9b9094@group-647D857BF6E0:LeaderElection329] INFO  impl.RoleInfo (RoleInfo.java:updateAndGet(143)) - d6964a7c-cb4f-4cee-bc55-175c0a9b9094: start LeaderState
2019-09-25 05:51:19,351 [d6964a7c-cb4f-4cee-bc55-175c0a9b9094@group-A90467670017:LeaderElection331] INFO  segmented.SegmentedRaftLogWorker (SegmentedRaftLogWorker.java:startLogSegment(380)) - d6964a7c-cb4f-4cee-bc55-175c0a9b9094@group-A90467670017-SegmentedRaftLogWorker: Starting segment from index:0
2019-09-25 05:51:19,351 [d6964a7c-cb4f-4cee-bc55-175c0a9b9094@group-647D857BF6E0:LeaderElection329] INFO  segmented.SegmentedRaftLogWorker (SegmentedRaftLogWorker.java:startLogSegment(380)) - d6964a7c-cb4f-4cee-bc55-175c0a9b9094@group-647D857BF6E0-SegmentedRaftLogWorker: Starting segment from index:0
2019-09-25 05:51:19,351 [d6964a7c-cb4f-4cee-bc55-175c0a9b9094@group-A90467670017:LeaderElection331] INFO  impl.RaftServerImpl (ServerState.java:setRaftConf(354)) - d6964a7c-cb4f-4cee-bc55-175c0a9b9094@group-A90467670017: set configuration 0: [d6964a7c-cb4f-4cee-bc55-175c0a9b9094:192.168.30.10:39185], old=null at 0
2019-09-25 05:51:19,352 [d6964a7c-cb4f-4cee-bc55-175c0a9b9094@group-647D857BF6E0:LeaderElection329] INFO  impl.RaftServerImpl (ServerState.java:setRaftConf(354)) - d6964a7c-cb4f-4cee-bc55-175c0a9b9094@group-647D857BF6E0: set configuration 0: [d6964a7c-cb4f-4cee-bc55-175c0a9b9094:192.168.30.10:39185], old=null at 0
2019-09-25 05:51:19,357 [ForkJoinPool.commonPool-worker-1] INFO  utils.BackgroundService (BackgroundService.java:shutdown(148)) - Shutting down service BlockDeletingService
2019-09-25 05:51:19,357 [ba62479e-9d0c-4e30-a2fc-a7b15472dec7@group-3D126FA36130-SegmentedRaftLogWorker] INFO  segmented.SegmentedRaftLogWorker (SegmentedRaftLogWorker.java:run(320)) - ba62479e-9d0c-4e30-a2fc-a7b15472dec7@group-3D126FA36130-SegmentedRaftLogWorker got closed and hit exception
java.lang.NullPointerException
	at org.apache.hadoop.hdds.protocol.proto.StorageContainerDatanodeProtocolProtos$ClosePipelineInfo$Builder.setDetailedReason(StorageContainerDatanodeProtocolProtos.java:19487)
	at org.apache.hadoop.ozone.container.common.transport.server.ratis.XceiverServerRatis.triggerPipelineClose(XceiverServerRatis.java:564)
	at org.apache.hadoop.ozone.container.common.transport.server.ratis.XceiverServerRatis.handleNodeLogFailure(XceiverServerRatis.java:663)
	at org.apache.hadoop.ozone.container.common.transport.server.ratis.ContainerStateMachine.notifyLogFailed(ContainerStateMachine.java:812)
	at org.apache.ratis.server.raftlog.segmented.SegmentedRaftLogWorker$WriteLog.failed(SegmentedRaftLogWorker.java:455)
	at org.apache.ratis.server.raftlog.segmented.SegmentedRaftLogWorker.run(SegmentedRaftLogWorker.java:297)
	at java.lang.Thread.run(Thread.java:748)
2019-09-25 05:51:19,389 [d6964a7c-cb4f-4cee-bc55-175c0a9b9094@group-5E4F071AAD10-SegmentedRaftLogWorker] INFO  segmented.SegmentedRaftLogWorker (SegmentedRaftLogWorker.java:execute(569)) - d6964a7c-cb4f-4cee-bc55-175c0a9b9094@group-5E4F071AAD10-SegmentedRaftLogWorker: created new log segment /workdir/hadoop-ozone/integration-test/target/test-dir/MiniOzoneClusterImpl-6389a31f-e1b2-4948-a777-3ab81d592f44/datanode-6/data/ratis/78b8291c-abcf-4bc5-8a5f-5e4f071aad10/current/log_inprogress_0
2019-09-25 05:51:19,389 [d6964a7c-cb4f-4cee-bc55-175c0a9b9094@group-25EA68420680-SegmentedRaftLogWorker] INFO  segmented.SegmentedRaftLogWorker (SegmentedRaftLogWorker.java:execute(569)) - d6964a7c-cb4f-4cee-bc55-175c0a9b9094@group-25EA68420680-SegmentedRaftLogWorker: created new log segment /workdir/hadoop-ozone/integration-test/target/test-dir/MiniOzoneClusterImpl-6389a31f-e1b2-4948-a777-3ab81d592f44/datanode-6/data/ratis/638b4b15-2982-436e-b85e-25ea68420680/current/log_inprogress_0
2019-09-25 05:51:19,392 [main] INFO  segmented.SegmentedRaftLogWorker (SegmentedRaftLogWorker.java:close(228)) - ba62479e-9d0c-4e30-a2fc-a7b15472dec7@group-3D126FA36130-SegmentedRaftLogWorker close()
2019-09-25 05:51:19,392 [ForkJoinPool.commonPool-worker-1] INFO  statemachine.DatanodeStateMachine (DatanodeStateMachine.java:stopDaemon(395)) - Ozone container server stopped.
2019-09-25 05:51:19,392 [main] INFO  impl.RaftServerImpl (RaftServerImpl.java:lambda$shutdown$3(251)) - ba62479e-9d0c-4e30-a2fc-a7b15472dec7@group-DF709E470F77: shutdown
2019-09-25 05:51:19,401 [main] INFO  util.JmxRegister (JmxRegister.java:unregister(73)) - Successfully un-registered JMX Bean with object name Ratis:service=RaftServer,group=group-DF709E470F77,id=ba62479e-9d0c-4e30-a2fc-a7b15472dec7
2019-09-25 05:51:19,401 [main] INFO  impl.RoleInfo (RoleInfo.java:shutdownLeaderState(104)) - ba62479e-9d0c-4e30-a2fc-a7b15472dec7: shutdown LeaderState
2019-09-25 05:51:19,405 [ForkJoinPool.commonPool-worker-1] INFO  handler.ContextHandler (ContextHandler.java:doStop(910)) - Stopped o.e.j.w.WebAppContext@14656be5{/,null,UNAVAILABLE}{/hddsDatanode}
2019-09-25 05:51:19,405 [main] INFO  impl.PendingRequests (PendingRequests.java:sendNotLeaderResponses(202)) - ba62479e-9d0c-4e30-a2fc-a7b15472dec7-PendingRequests: sendNotLeaderResponses
2019-09-25 05:51:19,405 [main] INFO  impl.StateMachineUpdater (StateMachineUpdater.java:stopAndJoin(125)) - ba62479e-9d0c-4e30-a2fc-a7b15472dec7@group-DF709E470F77-StateMachineUpdater: set stopIndex = 0
2019-09-25 05:51:19,405 [ForkJoinPool.commonPool-worker-1] INFO  server.AbstractConnector (AbstractConnector.java:doStop(318)) - Stopped ServerConnector@20be890d{HTTP/1.1,[http/1.1]}{0.0.0.0:0}
2019-09-25 05:51:19,406 [main] INFO  impl.RaftServerImpl (ServerState.java:close(385)) - ba62479e-9d0c-4e30-a2fc-a7b15472dec7@group-DF709E470F77: closes. applyIndex: 0
2019-09-25 05:51:19,410 [ForkJoinPool.commonPool-worker-1] INFO  handler.ContextHandler (ContextHandler.java:doStop(910)) - Stopped o.e.j.s.ServletContextHandler@7a3643e3{/static,jar:file:/home/user/.m2/repository/org/apache/hadoop/hadoop-hdds-container-service/0.5.0-SNAPSHOT/hadoop-hdds-container-service-0.5.0-SNAPSHOT.jar!/webapps/static,UNAVAILABLE}
2019-09-25 05:51:19,410 [ba62479e-9d0c-4e30-a2fc-a7b15472dec7@group-DF709E470F77-SegmentedRaftLogWorker] INFO  segmented.SegmentedRaftLogWorker (SegmentedRaftLogWorker.java:run(313)) - ba62479e-9d0c-4e30-a2fc-a7b15472dec7@group-DF709E470F77-SegmentedRaftLogWorker was interrupted, exiting. There are 0 tasks remaining in the queue.
2019-09-25 05:51:19,413 [ForkJoinPool.commonPool-worker-1] INFO  handler.ContextHandler (ContextHandler.java:doStop(910)) - Stopped o.e.j.s.ServletContextHandler@48e74764{/logs,file:///workdir/hadoop-ozone/integration-test/target/log,UNAVAILABLE}
2019-09-25 05:51:19,413 [main] INFO  segmented.SegmentedRaftLogWorker (SegmentedRaftLogWorker.java:close(228)) - ba62479e-9d0c-4e30-a2fc-a7b15472dec7@group-DF709E470F77-SegmentedRaftLogWorker close()
2019-09-25 05:51:19,414 [main] INFO  impl.RaftServerImpl (RaftServerImpl.java:lambda$shutdown$3(251)) - ba62479e-9d0c-4e30-a2fc-a7b15472dec7@group-9DEE46A99DC4: shutdown
2019-09-25 05:51:19,414 [main] INFO  util.JmxRegister (JmxRegister.java:unregister(73)) - Successfully un-registered JMX Bean with object name Ratis:service=RaftServer,group=group-9DEE46A99DC4,id=ba62479e-9d0c-4e30-a2fc-a7b15472dec7
2019-09-25 05:51:19,414 [d6964a7c-cb4f-4cee-bc55-175c0a9b9094@group-647D857BF6E0-SegmentedRaftLogWorker] INFO  segmented.SegmentedRaftLogWorker (SegmentedRaftLogWorker.java:execute(569)) - d6964a7c-cb4f-4cee-bc55-175c0a9b9094@group-647D857BF6E0-SegmentedRaftLogWorker: created new log segment /workdir/hadoop-ozone/integration-test/target/test-dir/MiniOzoneClusterImpl-6389a31f-e1b2-4948-a777-3ab81d592f44/datanode-6/data/ratis/77b19720-1e33-455c-9df7-647d857bf6e0/current/log_inprogress_0
2019-09-25 05:51:19,414 [d6964a7c-cb4f-4cee-bc55-175c0a9b9094@group-B2C303EED91F-SegmentedRaftLogWorker] INFO  segmented.SegmentedRaftLogWorker (SegmentedRaftLogWorker.java:execute(569)) - d6964a7c-cb4f-4cee-bc55-175c0a9b9094@group-B2C303EED91F-SegmentedRaftLogWorker: created new log segment /workdir/hadoop-ozone/integration-test/target/test-dir/MiniOzoneClusterImpl-6389a31f-e1b2-4948-a777-3ab81d592f44/datanode-6/data/ratis/7ea2448a-9c20-4594-8dc4-b2c303eed91f/current/log_inprogress_0
2019-09-25 05:51:19,414 [d6964a7c-cb4f-4cee-bc55-175c0a9b9094@group-302775145EAF-SegmentedRaftLogWorker] INFO  segmented.SegmentedRaftLogWorker (SegmentedRaftLogWorker.java:execute(569)) - d6964a7c-cb4f-4cee-bc55-175c0a9b9094@group-302775145EAF-SegmentedRaftLogWorker: created new log segment /workdir/hadoop-ozone/integration-test/target/test-dir/MiniOzoneClusterImpl-6389a31f-e1b2-4948-a777-3ab81d592f44/datanode-6/data/ratis/0b57e00a-b548-4368-887d-302775145eaf/current/log_inprogress_0
2019-09-25 05:51:19,414 [d6964a7c-cb4f-4cee-bc55-175c0a9b9094@group-A90467670017-SegmentedRaftLogWorker] INFO  segmented.SegmentedRaftLogWorker (SegmentedRaftLogWorker.java:execute(569)) - d6964a7c-cb4f-4cee-bc55-175c0a9b9094@group-A90467670017-SegmentedRaftLogWorker: created new log segment /workdir/hadoop-ozone/integration-test/target/test-dir/MiniOzoneClusterImpl-6389a31f-e1b2-4948-a777-3ab81d592f44/datanode-6/data/ratis/4d38c91f-3eab-449f-9d8b-a90467670017/current/log_inprogress_0
2019-09-25 05:51:19,414 [main] INFO  impl.RoleInfo (RoleInfo.java:shutdownFollowerState(121)) - ba62479e-9d0c-4e30-a2fc-a7b15472dec7: shutdown FollowerState
2019-09-25 05:51:19,415 [main] INFO  impl.StateMachineUpdater (StateMachineUpdater.java:stopAndJoin(125)) - ba62479e-9d0c-4e30-a2fc-a7b15472dec7@group-9DEE46A99DC4-StateMachineUpdater: set stopIndex = -1
2019-09-25 05:51:19,415 [Thread-4054] INFO  impl.FollowerState (FollowerState.java:run(115)) - ba62479e-9d0c-4e30-a2fc-a7b15472dec7: FollowerState was interrupted: java.lang.InterruptedException: sleep interrupted
2019-09-25 05:51:19,415 [main] INFO  impl.RaftServerImpl (ServerState.java:close(385)) - ba62479e-9d0c-4e30-a2fc-a7b15472dec7@group-9DEE46A99DC4: closes. applyIndex: -1
2019-09-25 05:51:19,415 [ba62479e-9d0c-4e30-a2fc-a7b15472dec7@group-9DEE46A99DC4-SegmentedRaftLogWorker] INFO  segmented.SegmentedRaftLogWorker (SegmentedRaftLogWorker.java:run(313)) - ba62479e-9d0c-4e30-a2fc-a7b15472dec7@group-9DEE46A99DC4-SegmentedRaftLogWorker was interrupted, exiting. There are 0 tasks remaining in the queue.
2019-09-25 05:51:19,415 [main] INFO  segmented.SegmentedRaftLogWorker (SegmentedRaftLogWorker.java:close(228)) - ba62479e-9d0c-4e30-a2fc-a7b15472dec7@group-9DEE46A99DC4-SegmentedRaftLogWorker close()
2019-09-25 05:51:19,416 [main] INFO  impl.RaftServerImpl (RaftServerImpl.java:lambda$shutdown$3(251)) - ba62479e-9d0c-4e30-a2fc-a7b15472dec7@group-1292463E0D7D: shutdown
2019-09-25 05:51:19,416 [main] INFO  util.JmxRegister (JmxRegister.java:unregister(73)) - Successfully un-registered JMX Bean with object name Ratis:service=RaftServer,group=group-1292463E0D7D,id=ba62479e-9d0c-4e30-a2fc-a7b15472dec7
2019-09-25 05:51:19,416 [main] INFO  impl.RoleInfo (RoleInfo.java:shutdownFollowerState(121)) - ba62479e-9d0c-4e30-a2fc-a7b15472dec7: shutdown FollowerState
2019-09-25 05:51:19,416 [main] INFO  impl.StateMachineUpdater (StateMachineUpdater.java:stopAndJoin(125)) - ba62479e-9d0c-4e30-a2fc-a7b15472dec7@group-1292463E0D7D-StateMachineUpdater: set stopIndex = -1
2019-09-25 05:51:19,416 [Thread-4051] INFO  impl.FollowerState (FollowerState.java:run(115)) - ba62479e-9d0c-4e30-a2fc-a7b15472dec7: FollowerState was interrupted: java.lang.InterruptedException: sleep interrupted
2019-09-25 05:51:19,416 [main] INFO  impl.RaftServerImpl (ServerState.java:close(385)) - ba62479e-9d0c-4e30-a2fc-a7b15472dec7@group-1292463E0D7D: closes. applyIndex: -1
2019-09-25 05:51:19,417 [ba62479e-9d0c-4e30-a2fc-a7b15472dec7@group-1292463E0D7D-SegmentedRaftLogWorker] INFO  segmented.SegmentedRaftLogWorker (SegmentedRaftLogWorker.java:run(313)) - ba62479e-9d0c-4e30-a2fc-a7b15472dec7@group-1292463E0D7D-SegmentedRaftLogWorker was interrupted, exiting. There are 0 tasks remaining in the queue.
2019-09-25 05:51:19,417 [main] INFO  segmented.SegmentedRaftLogWorker (SegmentedRaftLogWorker.java:close(228)) - ba62479e-9d0c-4e30-a2fc-a7b15472dec7@group-1292463E0D7D-SegmentedRaftLogWorker close()
2019-09-25 05:51:19,417 [main] INFO  server.GrpcService (GrpcService.java:closeImpl(164)) - ba62479e-9d0c-4e30-a2fc-a7b15472dec7: shutdown server with port 39614 now
2019-09-25 05:51:19,420 [main] INFO  server.GrpcService (GrpcService.java:closeImpl(172)) - ba62479e-9d0c-4e30-a2fc-a7b15472dec7: shutdown server with port 39614 successfully
2019-09-25 05:51:19,421 [refreshUsed-/workdir/hadoop-ozone/integration-test/target/test-dir/MiniOzoneClusterImpl-6389a31f-e1b2-4948-a777-3ab81d592f44/datanode-4/data/containers] WARN  fs.CachingGetSpaceUsed (CachingGetSpaceUsed.java:run(183)) - Thread Interrupted waiting to refresh disk information: sleep interrupted
2019-09-25 05:51:19,431 [main] INFO  utils.BackgroundService (BackgroundService.java:shutdown(148)) - Shutting down service BlockDeletingService
2019-09-25 05:51:19,439 [main] INFO  statemachine.DatanodeStateMachine (DatanodeStateMachine.java:stopDaemon(395)) - Ozone container server stopped.
2019-09-25 05:51:19,439 [main] INFO  handler.ContextHandler (ContextHandler.java:doStop(910)) - Stopped o.e.j.w.WebAppContext@5c4714ef{/,null,UNAVAILABLE}{/hddsDatanode}
2019-09-25 05:51:19,440 [main] INFO  server.AbstractConnector (AbstractConnector.java:doStop(318)) - Stopped ServerConnector@c94bd18{HTTP/1.1,[http/1.1]}{0.0.0.0:0}
2019-09-25 05:51:19,440 [main] INFO  handler.ContextHandler (ContextHandler.java:doStop(910)) - Stopped o.e.j.s.ServletContextHandler@7752c0e7{/static,jar:file:/home/user/.m2/repository/org/apache/hadoop/hadoop-hdds-container-service/0.5.0-SNAPSHOT/hadoop-hdds-container-service-0.5.0-SNAPSHOT.jar!/webapps/static,UNAVAILABLE}
2019-09-25 05:51:19,440 [main] INFO  handler.ContextHandler (ContextHandler.java:doStop(910)) - Stopped o.e.j.s.ServletContextHandler@12f8682a{/logs,file:///workdir/hadoop-ozone/integration-test/target/log,UNAVAILABLE}
2019-09-25 05:51:19,982 [Datanode State Machine Thread - 0] INFO  statemachine.DatanodeStateMachine (DatanodeStateMachine.java:lambda$startDaemon$0(350)) - Ozone container server started.
2019-09-25 05:51:19,984 [Datanode State Machine Thread - 0] INFO  statemachine.DatanodeStateMachine (DatanodeStateMachine.java:lambda$startDaemon$0(350)) - Ozone container server started.
2019-09-25 05:51:24,014 [EventQueue-StaleNodeForStaleNodeHandler] INFO  node.StaleNodeHandler (StaleNodeHandler.java:onMessage(58)) - Datanode f6b408ab-d2bf-4cc7-9b61-adae7633a687{ip: 192.168.30.10, host: pr-hdds-1569-s62bp-3040748787, networkLocation: /default-rack, certSerialId: null} moved to stale state. Finalizing its pipelines [PipelineID=a81cf793-68c1-4e93-96a2-5048aa2e23f9, PipelineID=bc0c71b2-458e-4f39-83a6-a398b1cd36ea, PipelineID=31b95896-f913-453a-bc66-245acee49efc, PipelineID=d6168398-d887-4cff-8c1c-b339b9c9bc2d, PipelineID=f04624e3-e96d-46c4-81ac-4de62f4f26f6, PipelineID=0fe25814-8559-4bf9-8a6b-965fcb529d5f]
2019-09-25 05:51:24,015 [EventQueue-StaleNodeForStaleNodeHandler] INFO  pipeline.SCMPipelineManager (SCMPipelineManager.java:finalizeAndDestroyPipeline(317)) - destroying pipeline:Pipeline[ Id: a81cf793-68c1-4e93-96a2-5048aa2e23f9, Nodes: f6b408ab-d2bf-4cc7-9b61-adae7633a687{ip: 192.168.30.10, host: pr-hdds-1569-s62bp-3040748787, networkLocation: /default-rack, certSerialId: null}, Type:RATIS, Factor:ONE, State:OPEN]
2019-09-25 05:51:24,015 [EventQueue-StaleNodeForStaleNodeHandler] INFO  pipeline.PipelineStateManager (PipelineStateManager.java:finalizePipeline(123)) - Pipeline Pipeline[ Id: a81cf793-68c1-4e93-96a2-5048aa2e23f9, Nodes: f6b408ab-d2bf-4cc7-9b61-adae7633a687{ip: 192.168.30.10, host: pr-hdds-1569-s62bp-3040748787, networkLocation: /default-rack, certSerialId: null}, Type:RATIS, Factor:ONE, State:CLOSED] moved to CLOSED state
2019-09-25 05:51:24,015 [EventQueue-StaleNodeForStaleNodeHandler] INFO  pipeline.SCMPipelineManager (SCMPipelineManager.java:finalizeAndDestroyPipeline(317)) - destroying pipeline:Pipeline[ Id: bc0c71b2-458e-4f39-83a6-a398b1cd36ea, Nodes: f6b408ab-d2bf-4cc7-9b61-adae7633a687{ip: 192.168.30.10, host: pr-hdds-1569-s62bp-3040748787, networkLocation: /default-rack, certSerialId: null}, Type:RATIS, Factor:ONE, State:OPEN]
2019-09-25 05:51:24,015 [EventQueue-StaleNodeForStaleNodeHandler] INFO  pipeline.PipelineStateManager (PipelineStateManager.java:finalizePipeline(123)) - Pipeline Pipeline[ Id: bc0c71b2-458e-4f39-83a6-a398b1cd36ea, Nodes: f6b408ab-d2bf-4cc7-9b61-adae7633a687{ip: 192.168.30.10, host: pr-hdds-1569-s62bp-3040748787, networkLocation: /default-rack, certSerialId: null}, Type:RATIS, Factor:ONE, State:CLOSED] moved to CLOSED state
2019-09-25 05:51:24,015 [EventQueue-StaleNodeForStaleNodeHandler] INFO  pipeline.SCMPipelineManager (SCMPipelineManager.java:finalizeAndDestroyPipeline(317)) - destroying pipeline:Pipeline[ Id: 31b95896-f913-453a-bc66-245acee49efc, Nodes: f6b408ab-d2bf-4cc7-9b61-adae7633a687{ip: 192.168.30.10, host: pr-hdds-1569-s62bp-3040748787, networkLocation: /default-rack, certSerialId: null}, Type:RATIS, Factor:ONE, State:OPEN]
2019-09-25 05:51:24,016 [EventQueue-StaleNodeForStaleNodeHandler] INFO  pipeline.PipelineStateManager (PipelineStateManager.java:finalizePipeline(123)) - Pipeline Pipeline[ Id: 31b95896-f913-453a-bc66-245acee49efc, Nodes: f6b408ab-d2bf-4cc7-9b61-adae7633a687{ip: 192.168.30.10, host: pr-hdds-1569-s62bp-3040748787, networkLocation: /default-rack, certSerialId: null}, Type:RATIS, Factor:ONE, State:CLOSED] moved to CLOSED state
2019-09-25 05:51:24,016 [EventQueue-StaleNodeForStaleNodeHandler] INFO  pipeline.SCMPipelineManager (SCMPipelineManager.java:finalizeAndDestroyPipeline(317)) - destroying pipeline:Pipeline[ Id: d6168398-d887-4cff-8c1c-b339b9c9bc2d, Nodes: f6b408ab-d2bf-4cc7-9b61-adae7633a687{ip: 192.168.30.10, host: pr-hdds-1569-s62bp-3040748787, networkLocation: /default-rack, certSerialId: null}, Type:RATIS, Factor:ONE, State:OPEN]
2019-09-25 05:51:24,016 [EventQueue-StaleNodeForStaleNodeHandler] INFO  pipeline.PipelineStateManager (PipelineStateManager.java:finalizePipeline(123)) - Pipeline Pipeline[ Id: d6168398-d887-4cff-8c1c-b339b9c9bc2d, Nodes: f6b408ab-d2bf-4cc7-9b61-adae7633a687{ip: 192.168.30.10, host: pr-hdds-1569-s62bp-3040748787, networkLocation: /default-rack, certSerialId: null}, Type:RATIS, Factor:ONE, State:CLOSED] moved to CLOSED state
2019-09-25 05:51:24,016 [EventQueue-StaleNodeForStaleNodeHandler] INFO  pipeline.SCMPipelineManager (SCMPipelineManager.java:finalizeAndDestroyPipeline(317)) - destroying pipeline:Pipeline[ Id: f04624e3-e96d-46c4-81ac-4de62f4f26f6, Nodes: f6b408ab-d2bf-4cc7-9b61-adae7633a687{ip: 192.168.30.10, host: pr-hdds-1569-s62bp-3040748787, networkLocation: /default-rack, certSerialId: null}, Type:RATIS, Factor:ONE, State:OPEN]
2019-09-25 05:51:24,016 [EventQueue-StaleNodeForStaleNodeHandler] INFO  pipeline.PipelineStateManager (PipelineStateManager.java:finalizePipeline(123)) - Pipeline Pipeline[ Id: f04624e3-e96d-46c4-81ac-4de62f4f26f6, Nodes: f6b408ab-d2bf-4cc7-9b61-adae7633a687{ip: 192.168.30.10, host: pr-hdds-1569-s62bp-3040748787, networkLocation: /default-rack, certSerialId: null}, Type:RATIS, Factor:ONE, State:CLOSED] moved to CLOSED state
2019-09-25 05:51:24,016 [EventQueue-StaleNodeForStaleNodeHandler] INFO  pipeline.SCMPipelineManager (SCMPipelineManager.java:finalizeAndDestroyPipeline(317)) - destroying pipeline:Pipeline[ Id: 0fe25814-8559-4bf9-8a6b-965fcb529d5f, Nodes: f6b408ab-d2bf-4cc7-9b61-adae7633a687{ip: 192.168.30.10, host: pr-hdds-1569-s62bp-3040748787, networkLocation: /default-rack, certSerialId: null}, Type:RATIS, Factor:ONE, State:OPEN]
2019-09-25 05:51:24,016 [EventQueue-StaleNodeForStaleNodeHandler] INFO  pipeline.PipelineStateManager (PipelineStateManager.java:finalizePipeline(123)) - Pipeline Pipeline[ Id: 0fe25814-8559-4bf9-8a6b-965fcb529d5f, Nodes: f6b408ab-d2bf-4cc7-9b61-adae7633a687{ip: 192.168.30.10, host: pr-hdds-1569-s62bp-3040748787, networkLocation: /default-rack, certSerialId: null}, Type:RATIS, Factor:ONE, State:CLOSED] moved to CLOSED state
2019-09-25 05:51:24,017 [EventQueue-StaleNodeForStaleNodeHandler] INFO  node.StaleNodeHandler (StaleNodeHandler.java:onMessage(58)) - Datanode 7329b839-2890-4139-beee-2b486d1f212d{ip: 192.168.30.10, host: pr-hdds-1569-s62bp-3040748787, networkLocation: /default-rack, certSerialId: null} moved to stale state. Finalizing its pipelines [PipelineID=6b216577-828c-4b5b-bf58-a6390630f222, PipelineID=05b5f298-3698-4ddf-bb5c-74700ffb8394, PipelineID=d34d5603-8a82-4bf2-be32-fb315cba32dc, PipelineID=2153ca60-8335-433d-a274-71f9f5897aa3, PipelineID=46bd9dcd-5a6f-4ab7-be19-d05f327a3c7a, PipelineID=c76f8e95-f8c1-4492-a4d2-8cfce157d67e]
2019-09-25 05:51:24,017 [EventQueue-StaleNodeForStaleNodeHandler] INFO  pipeline.SCMPipelineManager (SCMPipelineManager.java:finalizeAndDestroyPipeline(317)) - destroying pipeline:Pipeline[ Id: 6b216577-828c-4b5b-bf58-a6390630f222, Nodes: 7329b839-2890-4139-beee-2b486d1f212d{ip: 192.168.30.10, host: pr-hdds-1569-s62bp-3040748787, networkLocation: /default-rack, certSerialId: null}, Type:RATIS, Factor:ONE, State:OPEN]
2019-09-25 05:51:24,017 [EventQueue-StaleNodeForStaleNodeHandler] INFO  pipeline.PipelineStateManager (PipelineStateManager.java:finalizePipeline(123)) - Pipeline Pipeline[ Id: 6b216577-828c-4b5b-bf58-a6390630f222, Nodes: 7329b839-2890-4139-beee-2b486d1f212d{ip: 192.168.30.10, host: pr-hdds-1569-s62bp-3040748787, networkLocation: /default-rack, certSerialId: null}, Type:RATIS, Factor:ONE, State:CLOSED] moved to CLOSED state
2019-09-25 05:51:24,017 [EventQueue-StaleNodeForStaleNodeHandler] INFO  pipeline.SCMPipelineManager (SCMPipelineManager.java:finalizeAndDestroyPipeline(317)) - destroying pipeline:Pipeline[ Id: 05b5f298-3698-4ddf-bb5c-74700ffb8394, Nodes: 7329b839-2890-4139-beee-2b486d1f212d{ip: 192.168.30.10, host: pr-hdds-1569-s62bp-3040748787, networkLocation: /default-rack, certSerialId: null}, Type:RATIS, Factor:ONE, State:OPEN]
2019-09-25 05:51:24,017 [EventQueue-StaleNodeForStaleNodeHandler] INFO  pipeline.PipelineStateManager (PipelineStateManager.java:finalizePipeline(123)) - Pipeline Pipeline[ Id: 05b5f298-3698-4ddf-bb5c-74700ffb8394, Nodes: 7329b839-2890-4139-beee-2b486d1f212d{ip: 192.168.30.10, host: pr-hdds-1569-s62bp-3040748787, networkLocation: /default-rack, certSerialId: null}, Type:RATIS, Factor:ONE, State:CLOSED] moved to CLOSED state
2019-09-25 05:51:24,017 [EventQueue-StaleNodeForStaleNodeHandler] INFO  pipeline.SCMPipelineManager (SCMPipelineManager.java:finalizeAndDestroyPipeline(317)) - destroying pipeline:Pipeline[ Id: d34d5603-8a82-4bf2-be32-fb315cba32dc, Nodes: 7329b839-2890-4139-beee-2b486d1f212d{ip: 192.168.30.10, host: pr-hdds-1569-s62bp-3040748787, networkLocation: /default-rack, certSerialId: null}, Type:RATIS, Factor:ONE, State:OPEN]
2019-09-25 05:51:24,017 [EventQueue-StaleNodeForStaleNodeHandler] INFO  pipeline.PipelineStateManager (PipelineStateManager.java:finalizePipeline(123)) - Pipeline Pipeline[ Id: d34d5603-8a82-4bf2-be32-fb315cba32dc, Nodes: 7329b839-2890-4139-beee-2b486d1f212d{ip: 192.168.30.10, host: pr-hdds-1569-s62bp-3040748787, networkLocation: /default-rack, certSerialId: null}, Type:RATIS, Factor:ONE, State:CLOSED] moved to CLOSED state
2019-09-25 05:51:24,017 [EventQueue-StaleNodeForStaleNodeHandler] INFO  pipeline.SCMPipelineManager (SCMPipelineManager.java:finalizeAndDestroyPipeline(317)) - destroying pipeline:Pipeline[ Id: 2153ca60-8335-433d-a274-71f9f5897aa3, Nodes: 7329b839-2890-4139-beee-2b486d1f212d{ip: 192.168.30.10, host: pr-hdds-1569-s62bp-3040748787, networkLocation: /default-rack, certSerialId: null}, Type:RATIS, Factor:ONE, State:OPEN]
2019-09-25 05:51:24,018 [EventQueue-StaleNodeForStaleNodeHandler] INFO  pipeline.PipelineStateManager (PipelineStateManager.java:finalizePipeline(123)) - Pipeline Pipeline[ Id: 2153ca60-8335-433d-a274-71f9f5897aa3, Nodes: 7329b839-2890-4139-beee-2b486d1f212d{ip: 192.168.30.10, host: pr-hdds-1569-s62bp-3040748787, networkLocation: /default-rack, certSerialId: null}, Type:RATIS, Factor:ONE, State:CLOSED] moved to CLOSED state
2019-09-25 05:51:24,018 [EventQueue-StaleNodeForStaleNodeHandler] INFO  pipeline.SCMPipelineManager (SCMPipelineManager.java:finalizeAndDestroyPipeline(317)) - destroying pipeline:Pipeline[ Id: 46bd9dcd-5a6f-4ab7-be19-d05f327a3c7a, Nodes: 7329b839-2890-4139-beee-2b486d1f212d{ip: 192.168.30.10, host: pr-hdds-1569-s62bp-3040748787, networkLocation: /default-rack, certSerialId: null}, Type:RATIS, Factor:ONE, State:OPEN]
2019-09-25 05:51:24,018 [EventQueue-StaleNodeForStaleNodeHandler] INFO  pipeline.PipelineStateManager (PipelineStateManager.java:finalizePipeline(123)) - Pipeline Pipeline[ Id: 46bd9dcd-5a6f-4ab7-be19-d05f327a3c7a, Nodes: 7329b839-2890-4139-beee-2b486d1f212d{ip: 192.168.30.10, host: pr-hdds-1569-s62bp-3040748787, networkLocation: /default-rack, certSerialId: null}, Type:RATIS, Factor:ONE, State:CLOSED] moved to CLOSED state
2019-09-25 05:51:24,018 [EventQueue-StaleNodeForStaleNodeHandler] INFO  pipeline.SCMPipelineManager (SCMPipelineManager.java:finalizeAndDestroyPipeline(317)) - destroying pipeline:Pipeline[ Id: c76f8e95-f8c1-4492-a4d2-8cfce157d67e, Nodes: 7329b839-2890-4139-beee-2b486d1f212d{ip: 192.168.30.10, host: pr-hdds-1569-s62bp-3040748787, networkLocation: /default-rack, certSerialId: null}, Type:RATIS, Factor:ONE, State:OPEN]
2019-09-25 05:51:24,018 [EventQueue-StaleNodeForStaleNodeHandler] INFO  pipeline.PipelineStateManager (PipelineStateManager.java:finalizePipeline(123)) - Pipeline Pipeline[ Id: c76f8e95-f8c1-4492-a4d2-8cfce157d67e, Nodes: 7329b839-2890-4139-beee-2b486d1f212d{ip: 192.168.30.10, host: pr-hdds-1569-s62bp-3040748787, networkLocation: /default-rack, certSerialId: null}, Type:RATIS, Factor:ONE, State:CLOSED] moved to CLOSED state
2019-09-25 05:51:24,074 [Thread-4042] INFO  impl.FollowerState (FollowerState.java:run(106)) - 7329b839-2890-4139-beee-2b486d1f212d:group-A6390630F222 changes to CANDIDATE, lastRpcTime:10714, electionTimeout:5028ms
2019-09-25 05:51:24,079 [Thread-4042] INFO  impl.RoleInfo (RoleInfo.java:shutdownFollowerState(121)) - 7329b839-2890-4139-beee-2b486d1f212d: shutdown FollowerState
2019-09-25 05:51:24,080 [Thread-4042] INFO  impl.RaftServerImpl (RaftServerImpl.java:setRole(174)) - 7329b839-2890-4139-beee-2b486d1f212d@group-A6390630F222: changes role from  FOLLOWER to CANDIDATE at term 0 for changeToCandidate
2019-09-25 05:51:24,080 [Thread-4042] INFO  impl.RoleInfo (RoleInfo.java:updateAndGet(143)) - 7329b839-2890-4139-beee-2b486d1f212d: start LeaderElection
2019-09-25 05:51:24,094 [7329b839-2890-4139-beee-2b486d1f212d@group-A6390630F222:LeaderElection332] INFO  impl.LeaderElection (LeaderElection.java:askForVotes(182)) - 7329b839-2890-4139-beee-2b486d1f212d@group-A6390630F222:LeaderElection332: begin an election at term 1 for -1: [7329b839-2890-4139-beee-2b486d1f212d:192.168.30.10:41459], old=null
2019-09-25 05:51:24,094 [7329b839-2890-4139-beee-2b486d1f212d@group-A6390630F222:LeaderElection332] INFO  impl.RoleInfo (RoleInfo.java:shutdownLeaderElection(134)) - 7329b839-2890-4139-beee-2b486d1f212d: shutdown LeaderElection
2019-09-25 05:51:24,094 [7329b839-2890-4139-beee-2b486d1f212d@group-A6390630F222:LeaderElection332] INFO  impl.RaftServerImpl (RaftServerImpl.java:setRole(174)) - 7329b839-2890-4139-beee-2b486d1f212d@group-A6390630F222: changes role from CANDIDATE to LEADER at term 1 for changeToLeader
2019-09-25 05:51:24,094 [7329b839-2890-4139-beee-2b486d1f212d@group-A6390630F222:LeaderElection332] INFO  impl.RaftServerImpl (ServerState.java:setLeader(253)) - 7329b839-2890-4139-beee-2b486d1f212d@group-A6390630F222: change Leader from null to 7329b839-2890-4139-beee-2b486d1f212d at term 1 for becomeLeader, leader elected after 10738ms
2019-09-25 05:51:24,094 [7329b839-2890-4139-beee-2b486d1f212d@group-A6390630F222:LeaderElection332] INFO  server.RaftServerConfigKeys (ConfUtils.java:logGet(43)) - raft.server.staging.catchup.gap = 1000 (default)
2019-09-25 05:51:24,095 [7329b839-2890-4139-beee-2b486d1f212d@group-A6390630F222:LeaderElection332] INFO  server.RaftServerConfigKeys (ConfUtils.java:logGet(43)) - raft.server.rpc.sleep.time = 25ms (default)
2019-09-25 05:51:24,095 [7329b839-2890-4139-beee-2b486d1f212d@group-A6390630F222:LeaderElection332] INFO  server.RaftServerConfigKeys (ConfUtils.java:logGet(43)) - raft.server.write.element-limit = 4096 (default)
2019-09-25 05:51:24,095 [7329b839-2890-4139-beee-2b486d1f212d@group-A6390630F222:LeaderElection332] INFO  server.RaftServerConfigKeys (ConfUtils.java:logGet(43)) - raft.server.watch.timeout = 10s (default)
2019-09-25 05:51:24,095 [7329b839-2890-4139-beee-2b486d1f212d@group-A6390630F222:LeaderElection332] INFO  server.RaftServerConfigKeys (ConfUtils.java:logGet(43)) - raft.server.watch.timeout.denomination = 1s (default)
2019-09-25 05:51:24,095 [7329b839-2890-4139-beee-2b486d1f212d@group-A6390630F222:LeaderElection332] INFO  server.RaftServerConfigKeys (ConfUtils.java:logGet(43)) - raft.server.watch.element-limit = 65536 (default)
2019-09-25 05:51:24,097 [7329b839-2890-4139-beee-2b486d1f212d@group-A6390630F222:LeaderElection332] INFO  impl.RoleInfo (RoleInfo.java:updateAndGet(143)) - 7329b839-2890-4139-beee-2b486d1f212d: start LeaderState
2019-09-25 05:51:24,097 [7329b839-2890-4139-beee-2b486d1f212d@group-A6390630F222:LeaderElection332] INFO  segmented.SegmentedRaftLogWorker (SegmentedRaftLogWorker.java:startLogSegment(380)) - 7329b839-2890-4139-beee-2b486d1f212d@group-A6390630F222-SegmentedRaftLogWorker: Starting segment from index:0
2019-09-25 05:51:24,098 [7329b839-2890-4139-beee-2b486d1f212d@group-A6390630F222:LeaderElection332] INFO  impl.RaftServerImpl (ServerState.java:setRaftConf(354)) - 7329b839-2890-4139-beee-2b486d1f212d@group-A6390630F222: set configuration 0: [7329b839-2890-4139-beee-2b486d1f212d:192.168.30.10:41459], old=null at 0
2019-09-25 05:51:24,145 [7329b839-2890-4139-beee-2b486d1f212d@group-A6390630F222-SegmentedRaftLogWorker] INFO  segmented.SegmentedRaftLogWorker (SegmentedRaftLogWorker.java:execute(569)) - 7329b839-2890-4139-beee-2b486d1f212d@group-A6390630F222-SegmentedRaftLogWorker: created new log segment /workdir/hadoop-ozone/integration-test/target/test-dir/MiniOzoneClusterImpl-6389a31f-e1b2-4948-a777-3ab81d592f44/datanode-2/data/ratis/6b216577-828c-4b5b-bf58-a6390630f222/current/log_inprogress_0
2019-09-25 05:51:24,182 [Thread-4057] INFO  impl.FollowerState (FollowerState.java:run(106)) - 1dcd8056-b4df-4a42-9946-d6b50473a02f:group-45EFAF3695F2 changes to CANDIDATE, lastRpcTime:10601, electionTimeout:5189ms
2019-09-25 05:51:24,183 [Thread-4057] INFO  impl.RoleInfo (RoleInfo.java:shutdownFollowerState(121)) - 1dcd8056-b4df-4a42-9946-d6b50473a02f: shutdown FollowerState
2019-09-25 05:51:24,183 [Thread-4057] INFO  impl.RaftServerImpl (RaftServerImpl.java:setRole(174)) - 1dcd8056-b4df-4a42-9946-d6b50473a02f@group-45EFAF3695F2: changes role from  FOLLOWER to CANDIDATE at term 0 for changeToCandidate
2019-09-25 05:51:24,183 [Thread-4057] INFO  impl.RoleInfo (RoleInfo.java:updateAndGet(143)) - 1dcd8056-b4df-4a42-9946-d6b50473a02f: start LeaderElection
2019-09-25 05:51:24,189 [Thread-4039] INFO  impl.FollowerState (FollowerState.java:run(106)) - f6b408ab-d2bf-4cc7-9b61-adae7633a687:group-965FCB529D5F changes to CANDIDATE, lastRpcTime:10867, electionTimeout:5142ms
2019-09-25 05:51:24,189 [Thread-4039] INFO  impl.RoleInfo (RoleInfo.java:shutdownFollowerState(121)) - f6b408ab-d2bf-4cc7-9b61-adae7633a687: shutdown FollowerState
2019-09-25 05:51:24,189 [Thread-4039] INFO  impl.RaftServerImpl (RaftServerImpl.java:setRole(174)) - f6b408ab-d2bf-4cc7-9b61-adae7633a687@group-965FCB529D5F: changes role from  FOLLOWER to CANDIDATE at term 0 for changeToCandidate
2019-09-25 05:51:24,189 [Thread-4039] INFO  impl.RoleInfo (RoleInfo.java:updateAndGet(143)) - f6b408ab-d2bf-4cc7-9b61-adae7633a687: start LeaderElection
2019-09-25 05:51:24,208 [Thread-4030] INFO  impl.FollowerState (FollowerState.java:run(106)) - f6b408ab-d2bf-4cc7-9b61-adae7633a687:group-245ACEE49EFC changes to CANDIDATE, lastRpcTime:10999, electionTimeout:5161ms
2019-09-25 05:51:24,208 [Thread-4030] INFO  impl.RoleInfo (RoleInfo.java:shutdownFollowerState(121)) - f6b408ab-d2bf-4cc7-9b61-adae7633a687: shutdown FollowerState
2019-09-25 05:51:24,208 [Thread-4030] INFO  impl.RaftServerImpl (RaftServerImpl.java:setRole(174)) - f6b408ab-d2bf-4cc7-9b61-adae7633a687@group-245ACEE49EFC: changes role from  FOLLOWER to CANDIDATE at term 0 for changeToCandidate
2019-09-25 05:51:24,208 [Thread-4030] INFO  impl.RoleInfo (RoleInfo.java:updateAndGet(143)) - f6b408ab-d2bf-4cc7-9b61-adae7633a687: start LeaderElection
2019-09-25 05:51:24,208 [f6b408ab-d2bf-4cc7-9b61-adae7633a687@group-965FCB529D5F:LeaderElection334] INFO  impl.LeaderElection (LeaderElection.java:askForVotes(182)) - f6b408ab-d2bf-4cc7-9b61-adae7633a687@group-965FCB529D5F:LeaderElection334: begin an election at term 1 for -1: [f6b408ab-d2bf-4cc7-9b61-adae7633a687:192.168.30.10:35118], old=null
2019-09-25 05:51:24,208 [1dcd8056-b4df-4a42-9946-d6b50473a02f@group-45EFAF3695F2:LeaderElection333] INFO  impl.LeaderElection (LeaderElection.java:askForVotes(182)) - 1dcd8056-b4df-4a42-9946-d6b50473a02f@group-45EFAF3695F2:LeaderElection333: begin an election at term 1 for -1: [1dcd8056-b4df-4a42-9946-d6b50473a02f:192.168.30.10:37741], old=null
2019-09-25 05:51:24,209 [f6b408ab-d2bf-4cc7-9b61-adae7633a687@group-965FCB529D5F:LeaderElection334] INFO  impl.RoleInfo (RoleInfo.java:shutdownLeaderElection(134)) - f6b408ab-d2bf-4cc7-9b61-adae7633a687: shutdown LeaderElection
2019-09-25 05:51:24,209 [1dcd8056-b4df-4a42-9946-d6b50473a02f@group-45EFAF3695F2:LeaderElection333] INFO  impl.RoleInfo (RoleInfo.java:shutdownLeaderElection(134)) - 1dcd8056-b4df-4a42-9946-d6b50473a02f: shutdown LeaderElection
2019-09-25 05:51:24,209 [f6b408ab-d2bf-4cc7-9b61-adae7633a687@group-965FCB529D5F:LeaderElection334] INFO  impl.RaftServerImpl (RaftServerImpl.java:setRole(174)) - f6b408ab-d2bf-4cc7-9b61-adae7633a687@group-965FCB529D5F: changes role from CANDIDATE to LEADER at term 1 for changeToLeader
2019-09-25 05:51:24,209 [1dcd8056-b4df-4a42-9946-d6b50473a02f@group-45EFAF3695F2:LeaderElection333] INFO  impl.RaftServerImpl (RaftServerImpl.java:setRole(174)) - 1dcd8056-b4df-4a42-9946-d6b50473a02f@group-45EFAF3695F2: changes role from CANDIDATE to LEADER at term 1 for changeToLeader
2019-09-25 05:51:24,209 [f6b408ab-d2bf-4cc7-9b61-adae7633a687@group-965FCB529D5F:LeaderElection334] INFO  impl.RaftServerImpl (ServerState.java:setLeader(253)) - f6b408ab-d2bf-4cc7-9b61-adae7633a687@group-965FCB529D5F: change Leader from null to f6b408ab-d2bf-4cc7-9b61-adae7633a687 at term 1 for becomeLeader, leader elected after 10891ms
2019-09-25 05:51:24,209 [1dcd8056-b4df-4a42-9946-d6b50473a02f@group-45EFAF3695F2:LeaderElection333] INFO  impl.RaftServerImpl (ServerState.java:setLeader(253)) - 1dcd8056-b4df-4a42-9946-d6b50473a02f@group-45EFAF3695F2: change Leader from null to 1dcd8056-b4df-4a42-9946-d6b50473a02f at term 1 for becomeLeader, leader elected after 10632ms
2019-09-25 05:51:24,209 [f6b408ab-d2bf-4cc7-9b61-adae7633a687@group-965FCB529D5F:LeaderElection334] INFO  server.RaftServerConfigKeys (ConfUtils.java:logGet(43)) - raft.server.staging.catchup.gap = 1000 (default)
2019-09-25 05:51:24,209 [1dcd8056-b4df-4a42-9946-d6b50473a02f@group-45EFAF3695F2:LeaderElection333] INFO  server.RaftServerConfigKeys (ConfUtils.java:logGet(43)) - raft.server.staging.catchup.gap = 1000 (default)
2019-09-25 05:51:24,209 [f6b408ab-d2bf-4cc7-9b61-adae7633a687@group-965FCB529D5F:LeaderElection334] INFO  server.RaftServerConfigKeys (ConfUtils.java:logGet(43)) - raft.server.rpc.sleep.time = 25ms (default)
2019-09-25 05:51:24,209 [1dcd8056-b4df-4a42-9946-d6b50473a02f@group-45EFAF3695F2:LeaderElection333] INFO  server.RaftServerConfigKeys (ConfUtils.java:logGet(43)) - raft.server.rpc.sleep.time = 25ms (default)
2019-09-25 05:51:24,209 [f6b408ab-d2bf-4cc7-9b61-adae7633a687@group-965FCB529D5F:LeaderElection334] INFO  server.RaftServerConfigKeys (ConfUtils.java:logGet(43)) - raft.server.write.element-limit = 4096 (default)
2019-09-25 05:51:24,209 [1dcd8056-b4df-4a42-9946-d6b50473a02f@group-45EFAF3695F2:LeaderElection333] INFO  server.RaftServerConfigKeys (ConfUtils.java:logGet(43)) - raft.server.write.element-limit = 4096 (default)
2019-09-25 05:51:24,209 [f6b408ab-d2bf-4cc7-9b61-adae7633a687@group-965FCB529D5F:LeaderElection334] INFO  server.RaftServerConfigKeys (ConfUtils.java:logGet(43)) - raft.server.watch.timeout = 10s (default)
2019-09-25 05:51:24,210 [1dcd8056-b4df-4a42-9946-d6b50473a02f@group-45EFAF3695F2:LeaderElection333] INFO  server.RaftServerConfigKeys (ConfUtils.java:logGet(43)) - raft.server.watch.timeout = 10s (default)
2019-09-25 05:51:24,210 [f6b408ab-d2bf-4cc7-9b61-adae7633a687@group-965FCB529D5F:LeaderElection334] INFO  server.RaftServerConfigKeys (ConfUtils.java:logGet(43)) - raft.server.watch.timeout.denomination = 1s (default)
2019-09-25 05:51:24,210 [1dcd8056-b4df-4a42-9946-d6b50473a02f@group-45EFAF3695F2:LeaderElection333] INFO  server.RaftServerConfigKeys (ConfUtils.java:logGet(43)) - raft.server.watch.timeout.denomination = 1s (default)
2019-09-25 05:51:24,210 [f6b408ab-d2bf-4cc7-9b61-adae7633a687@group-965FCB529D5F:LeaderElection334] INFO  server.RaftServerConfigKeys (ConfUtils.java:logGet(43)) - raft.server.watch.element-limit = 65536 (default)
2019-09-25 05:51:24,210 [1dcd8056-b4df-4a42-9946-d6b50473a02f@group-45EFAF3695F2:LeaderElection333] INFO  server.RaftServerConfigKeys (ConfUtils.java:logGet(43)) - raft.server.watch.element-limit = 65536 (default)
2019-09-25 05:51:24,211 [f6b408ab-d2bf-4cc7-9b61-adae7633a687@group-965FCB529D5F:LeaderElection334] INFO  impl.RoleInfo (RoleInfo.java:updateAndGet(143)) - f6b408ab-d2bf-4cc7-9b61-adae7633a687: start LeaderState
2019-09-25 05:51:24,212 [1dcd8056-b4df-4a42-9946-d6b50473a02f@group-45EFAF3695F2:LeaderElection333] INFO  impl.RoleInfo (RoleInfo.java:updateAndGet(143)) - 1dcd8056-b4df-4a42-9946-d6b50473a02f: start LeaderState
2019-09-25 05:51:24,212 [f6b408ab-d2bf-4cc7-9b61-adae7633a687@group-965FCB529D5F:LeaderElection334] INFO  segmented.SegmentedRaftLogWorker (SegmentedRaftLogWorker.java:startLogSegment(380)) - f6b408ab-d2bf-4cc7-9b61-adae7633a687@group-965FCB529D5F-SegmentedRaftLogWorker: Starting segment from index:0
2019-09-25 05:51:24,212 [1dcd8056-b4df-4a42-9946-d6b50473a02f@group-45EFAF3695F2:LeaderElection333] INFO  segmented.SegmentedRaftLogWorker (SegmentedRaftLogWorker.java:startLogSegment(380)) - 1dcd8056-b4df-4a42-9946-d6b50473a02f@group-45EFAF3695F2-SegmentedRaftLogWorker: Starting segment from index:0
2019-09-25 05:51:24,212 [f6b408ab-d2bf-4cc7-9b61-adae7633a687@group-965FCB529D5F:LeaderElection334] INFO  impl.RaftServerImpl (ServerState.java:setRaftConf(354)) - f6b408ab-d2bf-4cc7-9b61-adae7633a687@group-965FCB529D5F: set configuration 0: [f6b408ab-d2bf-4cc7-9b61-adae7633a687:192.168.30.10:35118], old=null at 0
2019-09-25 05:51:24,212 [1dcd8056-b4df-4a42-9946-d6b50473a02f@group-45EFAF3695F2:LeaderElection333] INFO  impl.RaftServerImpl (ServerState.java:setRaftConf(354)) - 1dcd8056-b4df-4a42-9946-d6b50473a02f@group-45EFAF3695F2: set configuration 0: [1dcd8056-b4df-4a42-9946-d6b50473a02f:192.168.30.10:37741], old=null at 0
2019-09-25 05:51:24,223 [f6b408ab-d2bf-4cc7-9b61-adae7633a687@group-245ACEE49EFC:LeaderElection335] INFO  impl.LeaderElection (LeaderElection.java:askForVotes(182)) - f6b408ab-d2bf-4cc7-9b61-adae7633a687@group-245ACEE49EFC:LeaderElection335: begin an election at term 1 for -1: [f6b408ab-d2bf-4cc7-9b61-adae7633a687:192.168.30.10:35118], old=null
2019-09-25 05:51:24,223 [f6b408ab-d2bf-4cc7-9b61-adae7633a687@group-245ACEE49EFC:LeaderElection335] INFO  impl.RoleInfo (RoleInfo.java:shutdownLeaderElection(134)) - f6b408ab-d2bf-4cc7-9b61-adae7633a687: shutdown LeaderElection
2019-09-25 05:51:24,223 [f6b408ab-d2bf-4cc7-9b61-adae7633a687@group-245ACEE49EFC:LeaderElection335] INFO  impl.RaftServerImpl (RaftServerImpl.java:setRole(174)) - f6b408ab-d2bf-4cc7-9b61-adae7633a687@group-245ACEE49EFC: changes role from CANDIDATE to LEADER at term 1 for changeToLeader
2019-09-25 05:51:24,223 [f6b408ab-d2bf-4cc7-9b61-adae7633a687@group-245ACEE49EFC:LeaderElection335] INFO  impl.RaftServerImpl (ServerState.java:setLeader(253)) - f6b408ab-d2bf-4cc7-9b61-adae7633a687@group-245ACEE49EFC: change Leader from null to f6b408ab-d2bf-4cc7-9b61-adae7633a687 at term 1 for becomeLeader, leader elected after 11017ms
2019-09-25 05:51:24,223 [f6b408ab-d2bf-4cc7-9b61-adae7633a687@group-245ACEE49EFC:LeaderElection335] INFO  server.RaftServerConfigKeys (ConfUtils.java:logGet(43)) - raft.server.staging.catchup.gap = 1000 (default)
2019-09-25 05:51:24,223 [f6b408ab-d2bf-4cc7-9b61-adae7633a687@group-245ACEE49EFC:LeaderElection335] INFO  server.RaftServerConfigKeys (ConfUtils.java:logGet(43)) - raft.server.rpc.sleep.time = 25ms (default)
2019-09-25 05:51:24,224 [f6b408ab-d2bf-4cc7-9b61-adae7633a687@group-245ACEE49EFC:LeaderElection335] INFO  server.RaftServerConfigKeys (ConfUtils.java:logGet(43)) - raft.server.write.element-limit = 4096 (default)
2019-09-25 05:51:24,224 [f6b408ab-d2bf-4cc7-9b61-adae7633a687@group-245ACEE49EFC:LeaderElection335] INFO  server.RaftServerConfigKeys (ConfUtils.java:logGet(43)) - raft.server.watch.timeout = 10s (default)
2019-09-25 05:51:24,224 [f6b408ab-d2bf-4cc7-9b61-adae7633a687@group-245ACEE49EFC:LeaderElection335] INFO  server.RaftServerConfigKeys (ConfUtils.java:logGet(43)) - raft.server.watch.timeout.denomination = 1s (default)
2019-09-25 05:51:24,224 [f6b408ab-d2bf-4cc7-9b61-adae7633a687@group-245ACEE49EFC:LeaderElection335] INFO  server.RaftServerConfigKeys (ConfUtils.java:logGet(43)) - raft.server.watch.element-limit = 65536 (default)
2019-09-25 05:51:24,225 [f6b408ab-d2bf-4cc7-9b61-adae7633a687@group-245ACEE49EFC:LeaderElection335] INFO  impl.RoleInfo (RoleInfo.java:updateAndGet(143)) - f6b408ab-d2bf-4cc7-9b61-adae7633a687: start LeaderState
2019-09-25 05:51:24,226 [f6b408ab-d2bf-4cc7-9b61-adae7633a687@group-245ACEE49EFC:LeaderElection335] INFO  segmented.SegmentedRaftLogWorker (SegmentedRaftLogWorker.java:startLogSegment(380)) - f6b408ab-d2bf-4cc7-9b61-adae7633a687@group-245ACEE49EFC-SegmentedRaftLogWorker: Starting segment from index:0
2019-09-25 05:51:24,226 [f6b408ab-d2bf-4cc7-9b61-adae7633a687@group-245ACEE49EFC:LeaderElection335] INFO  impl.RaftServerImpl (ServerState.java:setRaftConf(354)) - f6b408ab-d2bf-4cc7-9b61-adae7633a687@group-245ACEE49EFC: set configuration 0: [f6b408ab-d2bf-4cc7-9b61-adae7633a687:192.168.30.10:35118], old=null at 0
2019-09-25 05:51:24,230 [Thread-4048] INFO  impl.FollowerState (FollowerState.java:run(106)) - f6b408ab-d2bf-4cc7-9b61-adae7633a687:group-A398B1CD36EA changes to CANDIDATE, lastRpcTime:10784, electionTimeout:5183ms
2019-09-25 05:51:24,230 [Thread-4048] INFO  impl.RoleInfo (RoleInfo.java:shutdownFollowerState(121)) - f6b408ab-d2bf-4cc7-9b61-adae7633a687: shutdown FollowerState
2019-09-25 05:51:24,230 [Thread-4048] INFO  impl.RaftServerImpl (RaftServerImpl.java:setRole(174)) - f6b408ab-d2bf-4cc7-9b61-adae7633a687@group-A398B1CD36EA: changes role from  FOLLOWER to CANDIDATE at term 0 for changeToCandidate
2019-09-25 05:51:24,230 [Thread-4048] INFO  impl.RoleInfo (RoleInfo.java:updateAndGet(143)) - f6b408ab-d2bf-4cc7-9b61-adae7633a687: start LeaderElection
2019-09-25 05:51:24,245 [1dcd8056-b4df-4a42-9946-d6b50473a02f@group-45EFAF3695F2-SegmentedRaftLogWorker] INFO  segmented.SegmentedRaftLogWorker (SegmentedRaftLogWorker.java:execute(569)) - 1dcd8056-b4df-4a42-9946-d6b50473a02f@group-45EFAF3695F2-SegmentedRaftLogWorker: created new log segment /workdir/hadoop-ozone/integration-test/target/test-dir/MiniOzoneClusterImpl-6389a31f-e1b2-4948-a777-3ab81d592f44/datanode-5/data/ratis/3b2f716b-0692-4b55-bab7-45efaf3695f2/current/log_inprogress_0
2019-09-25 05:51:24,245 [f6b408ab-d2bf-4cc7-9b61-adae7633a687@group-A398B1CD36EA:LeaderElection336] INFO  impl.LeaderElection (LeaderElection.java:askForVotes(182)) - f6b408ab-d2bf-4cc7-9b61-adae7633a687@group-A398B1CD36EA:LeaderElection336: begin an election at term 1 for -1: [f6b408ab-d2bf-4cc7-9b61-adae7633a687:192.168.30.10:35118], old=null
2019-09-25 05:51:24,246 [f6b408ab-d2bf-4cc7-9b61-adae7633a687@group-A398B1CD36EA:LeaderElection336] INFO  impl.RoleInfo (RoleInfo.java:shutdownLeaderElection(134)) - f6b408ab-d2bf-4cc7-9b61-adae7633a687: shutdown LeaderElection
2019-09-25 05:51:24,246 [f6b408ab-d2bf-4cc7-9b61-adae7633a687@group-A398B1CD36EA:LeaderElection336] INFO  impl.RaftServerImpl (RaftServerImpl.java:setRole(174)) - f6b408ab-d2bf-4cc7-9b61-adae7633a687@group-A398B1CD36EA: changes role from CANDIDATE to LEADER at term 1 for changeToLeader
2019-09-25 05:51:24,246 [f6b408ab-d2bf-4cc7-9b61-adae7633a687@group-A398B1CD36EA:LeaderElection336] INFO  impl.RaftServerImpl (ServerState.java:setLeader(253)) - f6b408ab-d2bf-4cc7-9b61-adae7633a687@group-A398B1CD36EA: change Leader from null to f6b408ab-d2bf-4cc7-9b61-adae7633a687 at term 1 for becomeLeader, leader elected after 10805ms
2019-09-25 05:51:24,246 [f6b408ab-d2bf-4cc7-9b61-adae7633a687@group-A398B1CD36EA:LeaderElection336] INFO  server.RaftServerConfigKeys (ConfUtils.java:logGet(43)) - raft.server.staging.catchup.gap = 1000 (default)
2019-09-25 05:51:24,246 [f6b408ab-d2bf-4cc7-9b61-adae7633a687@group-A398B1CD36EA:LeaderElection336] INFO  server.RaftServerConfigKeys (ConfUtils.java:logGet(43)) - raft.server.rpc.sleep.time = 25ms (default)
2019-09-25 05:51:24,246 [f6b408ab-d2bf-4cc7-9b61-adae7633a687@group-A398B1CD36EA:LeaderElection336] INFO  server.RaftServerConfigKeys (ConfUtils.java:logGet(43)) - raft.server.write.element-limit = 4096 (default)
2019-09-25 05:51:24,247 [f6b408ab-d2bf-4cc7-9b61-adae7633a687@group-A398B1CD36EA:LeaderElection336] INFO  server.RaftServerConfigKeys (ConfUtils.java:logGet(43)) - raft.server.watch.timeout = 10s (default)
2019-09-25 05:51:24,247 [f6b408ab-d2bf-4cc7-9b61-adae7633a687@group-A398B1CD36EA:LeaderElection336] INFO  server.RaftServerConfigKeys (ConfUtils.java:logGet(43)) - raft.server.watch.timeout.denomination = 1s (default)
2019-09-25 05:51:24,247 [f6b408ab-d2bf-4cc7-9b61-adae7633a687@group-A398B1CD36EA:LeaderElection336] INFO  server.RaftServerConfigKeys (ConfUtils.java:logGet(43)) - raft.server.watch.element-limit = 65536 (default)
2019-09-25 05:51:24,248 [f6b408ab-d2bf-4cc7-9b61-adae7633a687@group-A398B1CD36EA:LeaderElection336] INFO  impl.RoleInfo (RoleInfo.java:updateAndGet(143)) - f6b408ab-d2bf-4cc7-9b61-adae7633a687: start LeaderState
2019-09-25 05:51:24,248 [f6b408ab-d2bf-4cc7-9b61-adae7633a687@group-A398B1CD36EA:LeaderElection336] INFO  segmented.SegmentedRaftLogWorker (SegmentedRaftLogWorker.java:startLogSegment(380)) - f6b408ab-d2bf-4cc7-9b61-adae7633a687@group-A398B1CD36EA-SegmentedRaftLogWorker: Starting segment from index:0
2019-09-25 05:51:24,249 [f6b408ab-d2bf-4cc7-9b61-adae7633a687@group-A398B1CD36EA:LeaderElection336] INFO  impl.RaftServerImpl (ServerState.java:setRaftConf(354)) - f6b408ab-d2bf-4cc7-9b61-adae7633a687@group-A398B1CD36EA: set configuration 0: [f6b408ab-d2bf-4cc7-9b61-adae7633a687:192.168.30.10:35118], old=null at 0
2019-09-25 05:51:24,258 [f6b408ab-d2bf-4cc7-9b61-adae7633a687@group-965FCB529D5F-SegmentedRaftLogWorker] INFO  segmented.SegmentedRaftLogWorker (SegmentedRaftLogWorker.java:execute(569)) - f6b408ab-d2bf-4cc7-9b61-adae7633a687@group-965FCB529D5F-SegmentedRaftLogWorker: created new log segment /workdir/hadoop-ozone/integration-test/target/test-dir/MiniOzoneClusterImpl-6389a31f-e1b2-4948-a777-3ab81d592f44/datanode-3/data/ratis/0fe25814-8559-4bf9-8a6b-965fcb529d5f/current/log_inprogress_0
2019-09-25 05:51:24,261 [f6b408ab-d2bf-4cc7-9b61-adae7633a687@group-245ACEE49EFC-SegmentedRaftLogWorker] INFO  segmented.SegmentedRaftLogWorker (SegmentedRaftLogWorker.java:execute(569)) - f6b408ab-d2bf-4cc7-9b61-adae7633a687@group-245ACEE49EFC-SegmentedRaftLogWorker: created new log segment /workdir/hadoop-ozone/integration-test/target/test-dir/MiniOzoneClusterImpl-6389a31f-e1b2-4948-a777-3ab81d592f44/datanode-3/data/ratis/31b95896-f913-453a-bc66-245acee49efc/current/log_inprogress_0
2019-09-25 05:51:24,292 [f6b408ab-d2bf-4cc7-9b61-adae7633a687@group-A398B1CD36EA-SegmentedRaftLogWorker] INFO  segmented.SegmentedRaftLogWorker (SegmentedRaftLogWorker.java:execute(569)) - f6b408ab-d2bf-4cc7-9b61-adae7633a687@group-A398B1CD36EA-SegmentedRaftLogWorker: created new log segment /workdir/hadoop-ozone/integration-test/target/test-dir/MiniOzoneClusterImpl-6389a31f-e1b2-4948-a777-3ab81d592f44/datanode-3/data/ratis/bc0c71b2-458e-4f39-83a6-a398b1cd36ea/current/log_inprogress_0
2019-09-25 05:51:24,414 [ForkJoinPool.commonPool-worker-1] INFO  ozoneimpl.OzoneContainer (OzoneContainer.java:stop(231)) - Attempting to stop container services.
2019-09-25 05:51:24,415 [ForkJoinPool.commonPool-worker-1] INFO  impl.RaftServerProxy (RaftServerProxy.java:lambda$close$4(314)) - 7329b839-2890-4139-beee-2b486d1f212d: close
2019-09-25 05:51:24,415 [ForkJoinPool.commonPool-worker-1] INFO  impl.RaftServerImpl (RaftServerImpl.java:lambda$shutdown$3(251)) - 7329b839-2890-4139-beee-2b486d1f212d@group-A6390630F222: shutdown
2019-09-25 05:51:24,415 [ForkJoinPool.commonPool-worker-1] INFO  util.JmxRegister (JmxRegister.java:unregister(73)) - Successfully un-registered JMX Bean with object name Ratis:service=RaftServer,group=group-A6390630F222,id=7329b839-2890-4139-beee-2b486d1f212d
2019-09-25 05:51:24,415 [ForkJoinPool.commonPool-worker-1] INFO  impl.RoleInfo (RoleInfo.java:shutdownLeaderState(104)) - 7329b839-2890-4139-beee-2b486d1f212d: shutdown LeaderState
2019-09-25 05:51:24,416 [ForkJoinPool.commonPool-worker-1] INFO  impl.PendingRequests (PendingRequests.java:sendNotLeaderResponses(202)) - 7329b839-2890-4139-beee-2b486d1f212d-PendingRequests: sendNotLeaderResponses
2019-09-25 05:51:24,416 [ForkJoinPool.commonPool-worker-1] INFO  impl.StateMachineUpdater (StateMachineUpdater.java:stopAndJoin(125)) - 7329b839-2890-4139-beee-2b486d1f212d@group-A6390630F222-StateMachineUpdater: set stopIndex = 0
2019-09-25 05:51:24,416 [ForkJoinPool.commonPool-worker-1] INFO  impl.RaftServerImpl (ServerState.java:close(385)) - 7329b839-2890-4139-beee-2b486d1f212d@group-A6390630F222: closes. applyIndex: 0
2019-09-25 05:51:24,417 [7329b839-2890-4139-beee-2b486d1f212d@group-A6390630F222-SegmentedRaftLogWorker] INFO  segmented.SegmentedRaftLogWorker (SegmentedRaftLogWorker.java:run(313)) - 7329b839-2890-4139-beee-2b486d1f212d@group-A6390630F222-SegmentedRaftLogWorker was interrupted, exiting. There are 0 tasks remaining in the queue.
2019-09-25 05:51:24,417 [ForkJoinPool.commonPool-worker-1] INFO  segmented.SegmentedRaftLogWorker (SegmentedRaftLogWorker.java:close(228)) - 7329b839-2890-4139-beee-2b486d1f212d@group-A6390630F222-SegmentedRaftLogWorker close()
2019-09-25 05:51:24,417 [ForkJoinPool.commonPool-worker-1] INFO  impl.RaftServerImpl (RaftServerImpl.java:lambda$shutdown$3(251)) - 7329b839-2890-4139-beee-2b486d1f212d@group-74700FFB8394: shutdown
2019-09-25 05:51:24,417 [ForkJoinPool.commonPool-worker-1] INFO  util.JmxRegister (JmxRegister.java:unregister(73)) - Successfully un-registered JMX Bean with object name Ratis:service=RaftServer,group=group-74700FFB8394,id=7329b839-2890-4139-beee-2b486d1f212d
2019-09-25 05:51:24,418 [ForkJoinPool.commonPool-worker-1] INFO  impl.RoleInfo (RoleInfo.java:shutdownLeaderState(104)) - 7329b839-2890-4139-beee-2b486d1f212d: shutdown LeaderState
2019-09-25 05:51:24,418 [ForkJoinPool.commonPool-worker-1] INFO  impl.PendingRequests (PendingRequests.java:sendNotLeaderResponses(202)) - 7329b839-2890-4139-beee-2b486d1f212d-PendingRequests: sendNotLeaderResponses
2019-09-25 05:51:24,418 [ForkJoinPool.commonPool-worker-1] INFO  impl.StateMachineUpdater (StateMachineUpdater.java:stopAndJoin(125)) - 7329b839-2890-4139-beee-2b486d1f212d@group-74700FFB8394-StateMachineUpdater: set stopIndex = 0
2019-09-25 05:51:24,419 [ForkJoinPool.commonPool-worker-1] INFO  impl.RaftServerImpl (ServerState.java:close(385)) - 7329b839-2890-4139-beee-2b486d1f212d@group-74700FFB8394: closes. applyIndex: 0
2019-09-25 05:51:24,419 [7329b839-2890-4139-beee-2b486d1f212d@group-74700FFB8394-SegmentedRaftLogWorker] INFO  segmented.SegmentedRaftLogWorker (SegmentedRaftLogWorker.java:run(313)) - 7329b839-2890-4139-beee-2b486d1f212d@group-74700FFB8394-SegmentedRaftLogWorker was interrupted, exiting. There are 0 tasks remaining in the queue.
2019-09-25 05:51:24,419 [ForkJoinPool.commonPool-worker-1] INFO  segmented.SegmentedRaftLogWorker (SegmentedRaftLogWorker.java:close(228)) - 7329b839-2890-4139-beee-2b486d1f212d@group-74700FFB8394-SegmentedRaftLogWorker close()
2019-09-25 05:51:24,419 [ForkJoinPool.commonPool-worker-1] INFO  impl.RaftServerImpl (RaftServerImpl.java:lambda$shutdown$3(251)) - 7329b839-2890-4139-beee-2b486d1f212d@group-FB315CBA32DC: shutdown
2019-09-25 05:51:24,420 [ForkJoinPool.commonPool-worker-1] INFO  util.JmxRegister (JmxRegister.java:unregister(73)) - Successfully un-registered JMX Bean with object name Ratis:service=RaftServer,group=group-FB315CBA32DC,id=7329b839-2890-4139-beee-2b486d1f212d
2019-09-25 05:51:24,420 [ForkJoinPool.commonPool-worker-1] INFO  impl.RoleInfo (RoleInfo.java:shutdownLeaderState(104)) - 7329b839-2890-4139-beee-2b486d1f212d: shutdown LeaderState
2019-09-25 05:51:24,420 [ForkJoinPool.commonPool-worker-1] INFO  impl.PendingRequests (PendingRequests.java:sendNotLeaderResponses(202)) - 7329b839-2890-4139-beee-2b486d1f212d-PendingRequests: sendNotLeaderResponses
2019-09-25 05:51:24,420 [ForkJoinPool.commonPool-worker-1] INFO  impl.StateMachineUpdater (StateMachineUpdater.java:stopAndJoin(125)) - 7329b839-2890-4139-beee-2b486d1f212d@group-FB315CBA32DC-StateMachineUpdater: set stopIndex = 0
2019-09-25 05:51:24,421 [ForkJoinPool.commonPool-worker-1] INFO  impl.RaftServerImpl (ServerState.java:close(385)) - 7329b839-2890-4139-beee-2b486d1f212d@group-FB315CBA32DC: closes. applyIndex: 0
2019-09-25 05:51:24,421 [7329b839-2890-4139-beee-2b486d1f212d@group-FB315CBA32DC-SegmentedRaftLogWorker] INFO  segmented.SegmentedRaftLogWorker (SegmentedRaftLogWorker.java:run(313)) - 7329b839-2890-4139-beee-2b486d1f212d@group-FB315CBA32DC-SegmentedRaftLogWorker was interrupted, exiting. There are 0 tasks remaining in the queue.
2019-09-25 05:51:24,421 [ForkJoinPool.commonPool-worker-1] INFO  segmented.SegmentedRaftLogWorker (SegmentedRaftLogWorker.java:close(228)) - 7329b839-2890-4139-beee-2b486d1f212d@group-FB315CBA32DC-SegmentedRaftLogWorker close()
2019-09-25 05:51:24,422 [ForkJoinPool.commonPool-worker-1] INFO  impl.RaftServerImpl (RaftServerImpl.java:lambda$shutdown$3(251)) - 7329b839-2890-4139-beee-2b486d1f212d@group-71F9F5897AA3: shutdown
2019-09-25 05:51:24,422 [ForkJoinPool.commonPool-worker-1] INFO  util.JmxRegister (JmxRegister.java:unregister(73)) - Successfully un-registered JMX Bean with object name Ratis:service=RaftServer,group=group-71F9F5897AA3,id=7329b839-2890-4139-beee-2b486d1f212d
2019-09-25 05:51:24,422 [ForkJoinPool.commonPool-worker-1] INFO  impl.RoleInfo (RoleInfo.java:shutdownLeaderState(104)) - 7329b839-2890-4139-beee-2b486d1f212d: shutdown LeaderState
2019-09-25 05:51:24,422 [ForkJoinPool.commonPool-worker-1] INFO  impl.PendingRequests (PendingRequests.java:sendNotLeaderResponses(202)) - 7329b839-2890-4139-beee-2b486d1f212d-PendingRequests: sendNotLeaderResponses
2019-09-25 05:51:24,423 [ForkJoinPool.commonPool-worker-1] INFO  impl.StateMachineUpdater (StateMachineUpdater.java:stopAndJoin(125)) - 7329b839-2890-4139-beee-2b486d1f212d@group-71F9F5897AA3-StateMachineUpdater: set stopIndex = 0
2019-09-25 05:51:24,423 [ForkJoinPool.commonPool-worker-1] INFO  impl.RaftServerImpl (ServerState.java:close(385)) - 7329b839-2890-4139-beee-2b486d1f212d@group-71F9F5897AA3: closes. applyIndex: 0
2019-09-25 05:51:24,423 [7329b839-2890-4139-beee-2b486d1f212d@group-71F9F5897AA3-SegmentedRaftLogWorker] INFO  segmented.SegmentedRaftLogWorker (SegmentedRaftLogWorker.java:run(313)) - 7329b839-2890-4139-beee-2b486d1f212d@group-71F9F5897AA3-SegmentedRaftLogWorker was interrupted, exiting. There are 0 tasks remaining in the queue.
2019-09-25 05:51:24,423 [ForkJoinPool.commonPool-worker-1] INFO  segmented.SegmentedRaftLogWorker (SegmentedRaftLogWorker.java:close(228)) - 7329b839-2890-4139-beee-2b486d1f212d@group-71F9F5897AA3-SegmentedRaftLogWorker close()
2019-09-25 05:51:24,424 [ForkJoinPool.commonPool-worker-1] INFO  impl.RaftServerImpl (RaftServerImpl.java:lambda$shutdown$3(251)) - 7329b839-2890-4139-beee-2b486d1f212d@group-D05F327A3C7A: shutdown
2019-09-25 05:51:24,424 [ForkJoinPool.commonPool-worker-1] INFO  util.JmxRegister (JmxRegister.java:unregister(73)) - Successfully un-registered JMX Bean with object name Ratis:service=RaftServer,group=group-D05F327A3C7A,id=7329b839-2890-4139-beee-2b486d1f212d
2019-09-25 05:51:24,424 [ForkJoinPool.commonPool-worker-1] INFO  impl.RoleInfo (RoleInfo.java:shutdownLeaderState(104)) - 7329b839-2890-4139-beee-2b486d1f212d: shutdown LeaderState
2019-09-25 05:51:24,424 [ForkJoinPool.commonPool-worker-1] INFO  impl.PendingRequests (PendingRequests.java:sendNotLeaderResponses(202)) - 7329b839-2890-4139-beee-2b486d1f212d-PendingRequests: sendNotLeaderResponses
2019-09-25 05:51:24,425 [ForkJoinPool.commonPool-worker-1] INFO  impl.StateMachineUpdater (StateMachineUpdater.java:stopAndJoin(125)) - 7329b839-2890-4139-beee-2b486d1f212d@group-D05F327A3C7A-StateMachineUpdater: set stopIndex = 0
2019-09-25 05:51:24,425 [ForkJoinPool.commonPool-worker-1] INFO  impl.RaftServerImpl (ServerState.java:close(385)) - 7329b839-2890-4139-beee-2b486d1f212d@group-D05F327A3C7A: closes. applyIndex: 0
2019-09-25 05:51:24,425 [7329b839-2890-4139-beee-2b486d1f212d@group-D05F327A3C7A-SegmentedRaftLogWorker] INFO  segmented.SegmentedRaftLogWorker (SegmentedRaftLogWorker.java:run(313)) - 7329b839-2890-4139-beee-2b486d1f212d@group-D05F327A3C7A-SegmentedRaftLogWorker was interrupted, exiting. There are 0 tasks remaining in the queue.
2019-09-25 05:51:24,425 [ForkJoinPool.commonPool-worker-1] INFO  segmented.SegmentedRaftLogWorker (SegmentedRaftLogWorker.java:close(228)) - 7329b839-2890-4139-beee-2b486d1f212d@group-D05F327A3C7A-SegmentedRaftLogWorker close()
2019-09-25 05:51:24,426 [ForkJoinPool.commonPool-worker-1] INFO  impl.RaftServerImpl (RaftServerImpl.java:lambda$shutdown$3(251)) - 7329b839-2890-4139-beee-2b486d1f212d@group-8CFCE157D67E: shutdown
2019-09-25 05:51:24,426 [ForkJoinPool.commonPool-worker-1] INFO  util.JmxRegister (JmxRegister.java:unregister(73)) - Successfully un-registered JMX Bean with object name Ratis:service=RaftServer,group=group-8CFCE157D67E,id=7329b839-2890-4139-beee-2b486d1f212d
2019-09-25 05:51:24,426 [ForkJoinPool.commonPool-worker-1] INFO  impl.RoleInfo (RoleInfo.java:shutdownLeaderState(104)) - 7329b839-2890-4139-beee-2b486d1f212d: shutdown LeaderState
2019-09-25 05:51:24,426 [ForkJoinPool.commonPool-worker-1] INFO  impl.PendingRequests (PendingRequests.java:sendNotLeaderResponses(202)) - 7329b839-2890-4139-beee-2b486d1f212d-PendingRequests: sendNotLeaderResponses
2019-09-25 05:51:24,427 [ForkJoinPool.commonPool-worker-1] INFO  impl.StateMachineUpdater (StateMachineUpdater.java:stopAndJoin(125)) - 7329b839-2890-4139-beee-2b486d1f212d@group-8CFCE157D67E-StateMachineUpdater: set stopIndex = 0
2019-09-25 05:51:24,427 [ForkJoinPool.commonPool-worker-1] INFO  impl.RaftServerImpl (ServerState.java:close(385)) - 7329b839-2890-4139-beee-2b486d1f212d@group-8CFCE157D67E: closes. applyIndex: 0
2019-09-25 05:51:24,427 [7329b839-2890-4139-beee-2b486d1f212d@group-8CFCE157D67E-SegmentedRaftLogWorker] INFO  segmented.SegmentedRaftLogWorker (SegmentedRaftLogWorker.java:run(313)) - 7329b839-2890-4139-beee-2b486d1f212d@group-8CFCE157D67E-SegmentedRaftLogWorker was interrupted, exiting. There are 0 tasks remaining in the queue.
2019-09-25 05:51:24,427 [ForkJoinPool.commonPool-worker-1] INFO  segmented.SegmentedRaftLogWorker (SegmentedRaftLogWorker.java:close(228)) - 7329b839-2890-4139-beee-2b486d1f212d@group-8CFCE157D67E-SegmentedRaftLogWorker close()
2019-09-25 05:51:24,428 [ForkJoinPool.commonPool-worker-1] INFO  server.GrpcService (GrpcService.java:closeImpl(164)) - 7329b839-2890-4139-beee-2b486d1f212d: shutdown server with port 41459 now
2019-09-25 05:51:24,433 [ForkJoinPool.commonPool-worker-1] INFO  server.GrpcService (GrpcService.java:closeImpl(172)) - 7329b839-2890-4139-beee-2b486d1f212d: shutdown server with port 41459 successfully
2019-09-25 05:51:24,434 [refreshUsed-/workdir/hadoop-ozone/integration-test/target/test-dir/MiniOzoneClusterImpl-6389a31f-e1b2-4948-a777-3ab81d592f44/datanode-2/data/containers] WARN  fs.CachingGetSpaceUsed (CachingGetSpaceUsed.java:run(183)) - Thread Interrupted waiting to refresh disk information: sleep interrupted
2019-09-25 05:51:24,441 [main] INFO  ozoneimpl.OzoneContainer (OzoneContainer.java:stop(231)) - Attempting to stop container services.
2019-09-25 05:51:24,441 [main] INFO  impl.RaftServerProxy (RaftServerProxy.java:lambda$close$4(314)) - f6b408ab-d2bf-4cc7-9b61-adae7633a687: close
2019-09-25 05:51:24,442 [main] INFO  impl.RaftServerImpl (RaftServerImpl.java:lambda$shutdown$3(251)) - f6b408ab-d2bf-4cc7-9b61-adae7633a687@group-B339B9C9BC2D: shutdown
2019-09-25 05:51:24,442 [main] INFO  util.JmxRegister (JmxRegister.java:unregister(73)) - Successfully un-registered JMX Bean with object name Ratis:service=RaftServer,group=group-B339B9C9BC2D,id=f6b408ab-d2bf-4cc7-9b61-adae7633a687
2019-09-25 05:51:24,443 [main] INFO  impl.RoleInfo (RoleInfo.java:shutdownLeaderState(104)) - f6b408ab-d2bf-4cc7-9b61-adae7633a687: shutdown LeaderState
2019-09-25 05:51:24,443 [main] INFO  impl.PendingRequests (PendingRequests.java:sendNotLeaderResponses(202)) - f6b408ab-d2bf-4cc7-9b61-adae7633a687-PendingRequests: sendNotLeaderResponses
2019-09-25 05:51:24,443 [main] INFO  impl.StateMachineUpdater (StateMachineUpdater.java:stopAndJoin(125)) - f6b408ab-d2bf-4cc7-9b61-adae7633a687@group-B339B9C9BC2D-StateMachineUpdater: set stopIndex = 0
2019-09-25 05:51:24,444 [main] INFO  impl.RaftServerImpl (ServerState.java:close(385)) - f6b408ab-d2bf-4cc7-9b61-adae7633a687@group-B339B9C9BC2D: closes. applyIndex: 0
2019-09-25 05:51:24,444 [f6b408ab-d2bf-4cc7-9b61-adae7633a687@group-B339B9C9BC2D-SegmentedRaftLogWorker] INFO  segmented.SegmentedRaftLogWorker (SegmentedRaftLogWorker.java:run(313)) - f6b408ab-d2bf-4cc7-9b61-adae7633a687@group-B339B9C9BC2D-SegmentedRaftLogWorker was interrupted, exiting. There are 0 tasks remaining in the queue.
2019-09-25 05:51:24,444 [main] INFO  segmented.SegmentedRaftLogWorker (SegmentedRaftLogWorker.java:close(228)) - f6b408ab-d2bf-4cc7-9b61-adae7633a687@group-B339B9C9BC2D-SegmentedRaftLogWorker close()
2019-09-25 05:51:24,445 [main] INFO  impl.RaftServerImpl (RaftServerImpl.java:lambda$shutdown$3(251)) - f6b408ab-d2bf-4cc7-9b61-adae7633a687@group-5048AA2E23F9: shutdown
2019-09-25 05:51:24,445 [main] INFO  util.JmxRegister (JmxRegister.java:unregister(73)) - Successfully un-registered JMX Bean with object name Ratis:service=RaftServer,group=group-5048AA2E23F9,id=f6b408ab-d2bf-4cc7-9b61-adae7633a687
2019-09-25 05:51:24,445 [main] INFO  impl.RoleInfo (RoleInfo.java:shutdownLeaderState(104)) - f6b408ab-d2bf-4cc7-9b61-adae7633a687: shutdown LeaderState
2019-09-25 05:51:24,446 [main] INFO  impl.PendingRequests (PendingRequests.java:sendNotLeaderResponses(202)) - f6b408ab-d2bf-4cc7-9b61-adae7633a687-PendingRequests: sendNotLeaderResponses
2019-09-25 05:51:24,446 [main] INFO  impl.StateMachineUpdater (StateMachineUpdater.java:stopAndJoin(125)) - f6b408ab-d2bf-4cc7-9b61-adae7633a687@group-5048AA2E23F9-StateMachineUpdater: set stopIndex = 0
2019-09-25 05:51:24,447 [main] INFO  impl.RaftServerImpl (ServerState.java:close(385)) - f6b408ab-d2bf-4cc7-9b61-adae7633a687@group-5048AA2E23F9: closes. applyIndex: 0
2019-09-25 05:51:24,447 [f6b408ab-d2bf-4cc7-9b61-adae7633a687@group-5048AA2E23F9-SegmentedRaftLogWorker] INFO  segmented.SegmentedRaftLogWorker (SegmentedRaftLogWorker.java:run(313)) - f6b408ab-d2bf-4cc7-9b61-adae7633a687@group-5048AA2E23F9-SegmentedRaftLogWorker was interrupted, exiting. There are 0 tasks remaining in the queue.
2019-09-25 05:51:24,447 [main] INFO  segmented.SegmentedRaftLogWorker (SegmentedRaftLogWorker.java:close(228)) - f6b408ab-d2bf-4cc7-9b61-adae7633a687@group-5048AA2E23F9-SegmentedRaftLogWorker close()
2019-09-25 05:51:24,448 [main] INFO  impl.RaftServerImpl (RaftServerImpl.java:lambda$shutdown$3(251)) - f6b408ab-d2bf-4cc7-9b61-adae7633a687@group-A398B1CD36EA: shutdown
2019-09-25 05:51:24,448 [main] INFO  util.JmxRegister (JmxRegister.java:unregister(73)) - Successfully un-registered JMX Bean with object name Ratis:service=RaftServer,group=group-A398B1CD36EA,id=f6b408ab-d2bf-4cc7-9b61-adae7633a687
2019-09-25 05:51:24,448 [main] INFO  impl.RoleInfo (RoleInfo.java:shutdownLeaderState(104)) - f6b408ab-d2bf-4cc7-9b61-adae7633a687: shutdown LeaderState
2019-09-25 05:51:24,449 [ForkJoinPool.commonPool-worker-1] INFO  utils.BackgroundService (BackgroundService.java:shutdown(148)) - Shutting down service BlockDeletingService
2019-09-25 05:51:24,449 [main] INFO  impl.PendingRequests (PendingRequests.java:sendNotLeaderResponses(202)) - f6b408ab-d2bf-4cc7-9b61-adae7633a687-PendingRequests: sendNotLeaderResponses
2019-09-25 05:51:24,456 [main] INFO  impl.StateMachineUpdater (StateMachineUpdater.java:stopAndJoin(125)) - f6b408ab-d2bf-4cc7-9b61-adae7633a687@group-A398B1CD36EA-StateMachineUpdater: set stopIndex = 0
2019-09-25 05:51:24,459 [main] INFO  impl.RaftServerImpl (ServerState.java:close(385)) - f6b408ab-d2bf-4cc7-9b61-adae7633a687@group-A398B1CD36EA: closes. applyIndex: 0
2019-09-25 05:51:24,459 [ForkJoinPool.commonPool-worker-1] INFO  statemachine.DatanodeStateMachine (DatanodeStateMachine.java:stopDaemon(395)) - Ozone container server stopped.
2019-09-25 05:51:24,459 [f6b408ab-d2bf-4cc7-9b61-adae7633a687@group-A398B1CD36EA-SegmentedRaftLogWorker] INFO  segmented.SegmentedRaftLogWorker (SegmentedRaftLogWorker.java:run(313)) - f6b408ab-d2bf-4cc7-9b61-adae7633a687@group-A398B1CD36EA-SegmentedRaftLogWorker was interrupted, exiting. There are 0 tasks remaining in the queue.
2019-09-25 05:51:24,466 [main] INFO  segmented.SegmentedRaftLogWorker (SegmentedRaftLogWorker.java:close(228)) - f6b408ab-d2bf-4cc7-9b61-adae7633a687@group-A398B1CD36EA-SegmentedRaftLogWorker close()
2019-09-25 05:51:24,468 [ForkJoinPool.commonPool-worker-1] INFO  handler.ContextHandler (ContextHandler.java:doStop(910)) - Stopped o.e.j.w.WebAppContext@6fbe4800{/,null,UNAVAILABLE}{/hddsDatanode}
2019-09-25 05:51:24,469 [main] INFO  impl.RaftServerImpl (RaftServerImpl.java:lambda$shutdown$3(251)) - f6b408ab-d2bf-4cc7-9b61-adae7633a687@group-245ACEE49EFC: shutdown
2019-09-25 05:51:24,469 [main] INFO  util.JmxRegister (JmxRegister.java:unregister(73)) - Successfully un-registered JMX Bean with object name Ratis:service=RaftServer,group=group-245ACEE49EFC,id=f6b408ab-d2bf-4cc7-9b61-adae7633a687
2019-09-25 05:51:24,469 [ForkJoinPool.commonPool-worker-1] INFO  server.AbstractConnector (AbstractConnector.java:doStop(318)) - Stopped ServerConnector@3f3c5ecd{HTTP/1.1,[http/1.1]}{0.0.0.0:0}
2019-09-25 05:51:24,470 [main] INFO  impl.RoleInfo (RoleInfo.java:shutdownLeaderState(104)) - f6b408ab-d2bf-4cc7-9b61-adae7633a687: shutdown LeaderState
2019-09-25 05:51:24,472 [ForkJoinPool.commonPool-worker-1] INFO  handler.ContextHandler (ContextHandler.java:doStop(910)) - Stopped o.e.j.s.ServletContextHandler@4269aad7{/static,jar:file:/home/user/.m2/repository/org/apache/hadoop/hadoop-hdds-container-service/0.5.0-SNAPSHOT/hadoop-hdds-container-service-0.5.0-SNAPSHOT.jar!/webapps/static,UNAVAILABLE}
2019-09-25 05:51:24,473 [main] INFO  impl.PendingRequests (PendingRequests.java:sendNotLeaderResponses(202)) - f6b408ab-d2bf-4cc7-9b61-adae7633a687-PendingRequests: sendNotLeaderResponses
2019-09-25 05:51:24,476 [ForkJoinPool.commonPool-worker-1] INFO  handler.ContextHandler (ContextHandler.java:doStop(910)) - Stopped o.e.j.s.ServletContextHandler@3e98b933{/logs,file:///workdir/hadoop-ozone/integration-test/target/log,UNAVAILABLE}
2019-09-25 05:51:24,476 [main] INFO  impl.StateMachineUpdater (StateMachineUpdater.java:stopAndJoin(125)) - f6b408ab-d2bf-4cc7-9b61-adae7633a687@group-245ACEE49EFC-StateMachineUpdater: set stopIndex = 0
2019-09-25 05:51:24,476 [main] INFO  impl.RaftServerImpl (ServerState.java:close(385)) - f6b408ab-d2bf-4cc7-9b61-adae7633a687@group-245ACEE49EFC: closes. applyIndex: 0
2019-09-25 05:51:24,477 [f6b408ab-d2bf-4cc7-9b61-adae7633a687@group-245ACEE49EFC-SegmentedRaftLogWorker] INFO  segmented.SegmentedRaftLogWorker (SegmentedRaftLogWorker.java:run(313)) - f6b408ab-d2bf-4cc7-9b61-adae7633a687@group-245ACEE49EFC-SegmentedRaftLogWorker was interrupted, exiting. There are 0 tasks remaining in the queue.
2019-09-25 05:51:24,477 [main] INFO  segmented.SegmentedRaftLogWorker (SegmentedRaftLogWorker.java:close(228)) - f6b408ab-d2bf-4cc7-9b61-adae7633a687@group-245ACEE49EFC-SegmentedRaftLogWorker close()
2019-09-25 05:51:24,477 [main] INFO  impl.RaftServerImpl (RaftServerImpl.java:lambda$shutdown$3(251)) - f6b408ab-d2bf-4cc7-9b61-adae7633a687@group-4DE62F4F26F6: shutdown
2019-09-25 05:51:24,478 [main] INFO  util.JmxRegister (JmxRegister.java:unregister(73)) - Successfully un-registered JMX Bean with object name Ratis:service=RaftServer,group=group-4DE62F4F26F6,id=f6b408ab-d2bf-4cc7-9b61-adae7633a687
2019-09-25 05:51:24,478 [main] INFO  impl.RoleInfo (RoleInfo.java:shutdownLeaderState(104)) - f6b408ab-d2bf-4cc7-9b61-adae7633a687: shutdown LeaderState
2019-09-25 05:51:24,478 [main] INFO  impl.PendingRequests (PendingRequests.java:sendNotLeaderResponses(202)) - f6b408ab-d2bf-4cc7-9b61-adae7633a687-PendingRequests: sendNotLeaderResponses
2019-09-25 05:51:24,479 [main] INFO  impl.StateMachineUpdater (StateMachineUpdater.java:stopAndJoin(125)) - f6b408ab-d2bf-4cc7-9b61-adae7633a687@group-4DE62F4F26F6-StateMachineUpdater: set stopIndex = 0
2019-09-25 05:51:24,479 [main] INFO  impl.RaftServerImpl (ServerState.java:close(385)) - f6b408ab-d2bf-4cc7-9b61-adae7633a687@group-4DE62F4F26F6: closes. applyIndex: 0
2019-09-25 05:51:24,479 [f6b408ab-d2bf-4cc7-9b61-adae7633a687@group-4DE62F4F26F6-SegmentedRaftLogWorker] INFO  segmented.SegmentedRaftLogWorker (SegmentedRaftLogWorker.java:run(313)) - f6b408ab-d2bf-4cc7-9b61-adae7633a687@group-4DE62F4F26F6-SegmentedRaftLogWorker was interrupted, exiting. There are 0 tasks remaining in the queue.
2019-09-25 05:51:24,479 [main] INFO  segmented.SegmentedRaftLogWorker (SegmentedRaftLogWorker.java:close(228)) - f6b408ab-d2bf-4cc7-9b61-adae7633a687@group-4DE62F4F26F6-SegmentedRaftLogWorker close()
2019-09-25 05:51:24,480 [main] INFO  impl.RaftServerImpl (RaftServerImpl.java:lambda$shutdown$3(251)) - f6b408ab-d2bf-4cc7-9b61-adae7633a687@group-965FCB529D5F: shutdown
2019-09-25 05:51:24,480 [main] INFO  util.JmxRegister (JmxRegister.java:unregister(73)) - Successfully un-registered JMX Bean with object name Ratis:service=RaftServer,group=group-965FCB529D5F,id=f6b408ab-d2bf-4cc7-9b61-adae7633a687
2019-09-25 05:51:24,480 [main] INFO  impl.RoleInfo (RoleInfo.java:shutdownLeaderState(104)) - f6b408ab-d2bf-4cc7-9b61-adae7633a687: shutdown LeaderState
2019-09-25 05:51:24,481 [main] INFO  impl.PendingRequests (PendingRequests.java:sendNotLeaderResponses(202)) - f6b408ab-d2bf-4cc7-9b61-adae7633a687-PendingRequests: sendNotLeaderResponses
2019-09-25 05:51:24,481 [main] INFO  impl.StateMachineUpdater (StateMachineUpdater.java:stopAndJoin(125)) - f6b408ab-d2bf-4cc7-9b61-adae7633a687@group-965FCB529D5F-StateMachineUpdater: set stopIndex = 0
2019-09-25 05:51:24,482 [main] INFO  impl.RaftServerImpl (ServerState.java:close(385)) - f6b408ab-d2bf-4cc7-9b61-adae7633a687@group-965FCB529D5F: closes. applyIndex: 0
2019-09-25 05:51:24,482 [f6b408ab-d2bf-4cc7-9b61-adae7633a687@group-965FCB529D5F-SegmentedRaftLogWorker] INFO  segmented.SegmentedRaftLogWorker (SegmentedRaftLogWorker.java:run(313)) - f6b408ab-d2bf-4cc7-9b61-adae7633a687@group-965FCB529D5F-SegmentedRaftLogWorker was interrupted, exiting. There are 0 tasks remaining in the queue.
2019-09-25 05:51:24,482 [main] INFO  segmented.SegmentedRaftLogWorker (SegmentedRaftLogWorker.java:close(228)) - f6b408ab-d2bf-4cc7-9b61-adae7633a687@group-965FCB529D5F-SegmentedRaftLogWorker close()
2019-09-25 05:51:24,483 [main] INFO  server.GrpcService (GrpcService.java:closeImpl(164)) - f6b408ab-d2bf-4cc7-9b61-adae7633a687: shutdown server with port 35118 now
2019-09-25 05:51:24,486 [main] INFO  server.GrpcService (GrpcService.java:closeImpl(172)) - f6b408ab-d2bf-4cc7-9b61-adae7633a687: shutdown server with port 35118 successfully
2019-09-25 05:51:24,487 [refreshUsed-/workdir/hadoop-ozone/integration-test/target/test-dir/MiniOzoneClusterImpl-6389a31f-e1b2-4948-a777-3ab81d592f44/datanode-3/data/containers] WARN  fs.CachingGetSpaceUsed (CachingGetSpaceUsed.java:run(183)) - Thread Interrupted waiting to refresh disk information: sleep interrupted
2019-09-25 05:51:24,497 [main] INFO  utils.BackgroundService (BackgroundService.java:shutdown(148)) - Shutting down service BlockDeletingService
2019-09-25 05:51:24,504 [main] INFO  statemachine.DatanodeStateMachine (DatanodeStateMachine.java:stopDaemon(395)) - Ozone container server stopped.
2019-09-25 05:51:24,505 [main] INFO  handler.ContextHandler (ContextHandler.java:doStop(910)) - Stopped o.e.j.w.WebAppContext@7d537616{/,null,UNAVAILABLE}{/hddsDatanode}
2019-09-25 05:51:24,505 [main] INFO  server.AbstractConnector (AbstractConnector.java:doStop(318)) - Stopped ServerConnector@604c7e9b{HTTP/1.1,[http/1.1]}{0.0.0.0:0}
2019-09-25 05:51:24,506 [main] INFO  handler.ContextHandler (ContextHandler.java:doStop(910)) - Stopped o.e.j.s.ServletContextHandler@3dd2b9c1{/static,jar:file:/home/user/.m2/repository/org/apache/hadoop/hadoop-hdds-container-service/0.5.0-SNAPSHOT/hadoop-hdds-container-service-0.5.0-SNAPSHOT.jar!/webapps/static,UNAVAILABLE}
2019-09-25 05:51:24,506 [main] INFO  handler.ContextHandler (ContextHandler.java:doStop(910)) - Stopped o.e.j.s.ServletContextHandler@645ba24a{/logs,file:///workdir/hadoop-ozone/integration-test/target/log,UNAVAILABLE}
2019-09-25 05:51:24,988 [Datanode State Machine Thread - 0] INFO  statemachine.DatanodeStateMachine (DatanodeStateMachine.java:lambda$startDaemon$0(350)) - Ozone container server started.
2019-09-25 05:51:25,119 [Datanode State Machine Thread - 0] INFO  statemachine.DatanodeStateMachine (DatanodeStateMachine.java:lambda$startDaemon$0(350)) - Ozone container server started.
2019-09-25 05:51:29,020 [EventQueue-StaleNodeForStaleNodeHandler] INFO  node.StaleNodeHandler (StaleNodeHandler.java:onMessage(58)) - Datanode 1705b612-ae52-4202-ba1e-b52c03c1d4d6{ip: 192.168.30.10, host: pr-hdds-1569-s62bp-3040748787, networkLocation: /default-rack, certSerialId: null} moved to stale state. Finalizing its pipelines [PipelineID=f43988f1-2706-4391-ad4e-52937ab9359b, PipelineID=bfc2e337-94d0-46dc-a11f-e6435bf48d80, PipelineID=cbc9eb7d-3608-42e0-9ad3-0583f6d3229c, PipelineID=5a72d8ba-31a7-45d4-b244-1516c9aeeb34, PipelineID=83c5a18d-9792-49e5-b245-9c9d2367692b, PipelineID=5884be72-cfc7-425b-aa13-991b57b9ae54]
2019-09-25 05:51:29,020 [EventQueue-StaleNodeForStaleNodeHandler] INFO  pipeline.SCMPipelineManager (SCMPipelineManager.java:finalizeAndDestroyPipeline(317)) - destroying pipeline:Pipeline[ Id: f43988f1-2706-4391-ad4e-52937ab9359b, Nodes: 1705b612-ae52-4202-ba1e-b52c03c1d4d6{ip: 192.168.30.10, host: pr-hdds-1569-s62bp-3040748787, networkLocation: /default-rack, certSerialId: null}, Type:RATIS, Factor:ONE, State:OPEN]
2019-09-25 05:51:29,020 [EventQueue-StaleNodeForStaleNodeHandler] INFO  pipeline.PipelineStateManager (PipelineStateManager.java:finalizePipeline(123)) - Pipeline Pipeline[ Id: f43988f1-2706-4391-ad4e-52937ab9359b, Nodes: 1705b612-ae52-4202-ba1e-b52c03c1d4d6{ip: 192.168.30.10, host: pr-hdds-1569-s62bp-3040748787, networkLocation: /default-rack, certSerialId: null}, Type:RATIS, Factor:ONE, State:CLOSED] moved to CLOSED state
2019-09-25 05:51:29,021 [EventQueue-StaleNodeForStaleNodeHandler] INFO  pipeline.SCMPipelineManager (SCMPipelineManager.java:finalizeAndDestroyPipeline(317)) - destroying pipeline:Pipeline[ Id: bfc2e337-94d0-46dc-a11f-e6435bf48d80, Nodes: 1705b612-ae52-4202-ba1e-b52c03c1d4d6{ip: 192.168.30.10, host: pr-hdds-1569-s62bp-3040748787, networkLocation: /default-rack, certSerialId: null}, Type:RATIS, Factor:ONE, State:OPEN]
2019-09-25 05:51:29,021 [EventQueue-StaleNodeForStaleNodeHandler] INFO  pipeline.PipelineStateManager (PipelineStateManager.java:finalizePipeline(123)) - Pipeline Pipeline[ Id: bfc2e337-94d0-46dc-a11f-e6435bf48d80, Nodes: 1705b612-ae52-4202-ba1e-b52c03c1d4d6{ip: 192.168.30.10, host: pr-hdds-1569-s62bp-3040748787, networkLocation: /default-rack, certSerialId: null}, Type:RATIS, Factor:ONE, State:CLOSED] moved to CLOSED state
2019-09-25 05:51:29,021 [EventQueue-StaleNodeForStaleNodeHandler] INFO  pipeline.SCMPipelineManager (SCMPipelineManager.java:finalizeAndDestroyPipeline(317)) - destroying pipeline:Pipeline[ Id: cbc9eb7d-3608-42e0-9ad3-0583f6d3229c, Nodes: 1705b612-ae52-4202-ba1e-b52c03c1d4d6{ip: 192.168.30.10, host: pr-hdds-1569-s62bp-3040748787, networkLocation: /default-rack, certSerialId: null}, Type:RATIS, Factor:ONE, State:OPEN]
2019-09-25 05:51:29,021 [EventQueue-StaleNodeForStaleNodeHandler] INFO  pipeline.PipelineStateManager (PipelineStateManager.java:finalizePipeline(123)) - Pipeline Pipeline[ Id: cbc9eb7d-3608-42e0-9ad3-0583f6d3229c, Nodes: 1705b612-ae52-4202-ba1e-b52c03c1d4d6{ip: 192.168.30.10, host: pr-hdds-1569-s62bp-3040748787, networkLocation: /default-rack, certSerialId: null}, Type:RATIS, Factor:ONE, State:CLOSED] moved to CLOSED state
2019-09-25 05:51:29,021 [EventQueue-StaleNodeForStaleNodeHandler] INFO  pipeline.SCMPipelineManager (SCMPipelineManager.java:finalizeAndDestroyPipeline(317)) - destroying pipeline:Pipeline[ Id: 5a72d8ba-31a7-45d4-b244-1516c9aeeb34, Nodes: 1705b612-ae52-4202-ba1e-b52c03c1d4d6{ip: 192.168.30.10, host: pr-hdds-1569-s62bp-3040748787, networkLocation: /default-rack, certSerialId: null}, Type:RATIS, Factor:ONE, State:OPEN]
2019-09-25 05:51:29,021 [EventQueue-StaleNodeForStaleNodeHandler] INFO  pipeline.PipelineStateManager (PipelineStateManager.java:finalizePipeline(123)) - Pipeline Pipeline[ Id: 5a72d8ba-31a7-45d4-b244-1516c9aeeb34, Nodes: 1705b612-ae52-4202-ba1e-b52c03c1d4d6{ip: 192.168.30.10, host: pr-hdds-1569-s62bp-3040748787, networkLocation: /default-rack, certSerialId: null}, Type:RATIS, Factor:ONE, State:CLOSED] moved to CLOSED state
2019-09-25 05:51:29,021 [EventQueue-StaleNodeForStaleNodeHandler] INFO  pipeline.SCMPipelineManager (SCMPipelineManager.java:finalizeAndDestroyPipeline(317)) - destroying pipeline:Pipeline[ Id: 83c5a18d-9792-49e5-b245-9c9d2367692b, Nodes: 1705b612-ae52-4202-ba1e-b52c03c1d4d6{ip: 192.168.30.10, host: pr-hdds-1569-s62bp-3040748787, networkLocation: /default-rack, certSerialId: null}, Type:RATIS, Factor:ONE, State:OPEN]
2019-09-25 05:51:29,022 [EventQueue-StaleNodeForStaleNodeHandler] INFO  pipeline.PipelineStateManager (PipelineStateManager.java:finalizePipeline(123)) - Pipeline Pipeline[ Id: 83c5a18d-9792-49e5-b245-9c9d2367692b, Nodes: 1705b612-ae52-4202-ba1e-b52c03c1d4d6{ip: 192.168.30.10, host: pr-hdds-1569-s62bp-3040748787, networkLocation: /default-rack, certSerialId: null}, Type:RATIS, Factor:ONE, State:CLOSED] moved to CLOSED state
2019-09-25 05:51:29,022 [EventQueue-StaleNodeForStaleNodeHandler] INFO  pipeline.SCMPipelineManager (SCMPipelineManager.java:finalizeAndDestroyPipeline(317)) - destroying pipeline:Pipeline[ Id: 5884be72-cfc7-425b-aa13-991b57b9ae54, Nodes: 1705b612-ae52-4202-ba1e-b52c03c1d4d6{ip: 192.168.30.10, host: pr-hdds-1569-s62bp-3040748787, networkLocation: /default-rack, certSerialId: null}, Type:RATIS, Factor:ONE, State:OPEN]
2019-09-25 05:51:29,022 [EventQueue-StaleNodeForStaleNodeHandler] INFO  pipeline.PipelineStateManager (PipelineStateManager.java:finalizePipeline(123)) - Pipeline Pipeline[ Id: 5884be72-cfc7-425b-aa13-991b57b9ae54, Nodes: 1705b612-ae52-4202-ba1e-b52c03c1d4d6{ip: 192.168.30.10, host: pr-hdds-1569-s62bp-3040748787, networkLocation: /default-rack, certSerialId: null}, Type:RATIS, Factor:ONE, State:CLOSED] moved to CLOSED state
2019-09-25 05:51:29,220 [EventQueue-StaleNodeForStaleNodeHandler] INFO  node.StaleNodeHandler (StaleNodeHandler.java:onMessage(58)) - Datanode d6964a7c-cb4f-4cee-bc55-175c0a9b9094{ip: 192.168.30.10, host: pr-hdds-1569-s62bp-3040748787, networkLocation: /default-rack, certSerialId: null} moved to stale state. Finalizing its pipelines [PipelineID=78b8291c-abcf-4bc5-8a5f-5e4f071aad10, PipelineID=638b4b15-2982-436e-b85e-25ea68420680, PipelineID=7ea2448a-9c20-4594-8dc4-b2c303eed91f, PipelineID=4d38c91f-3eab-449f-9d8b-a90467670017, PipelineID=0b57e00a-b548-4368-887d-302775145eaf, PipelineID=77b19720-1e33-455c-9df7-647d857bf6e0]
2019-09-25 05:51:29,220 [EventQueue-StaleNodeForStaleNodeHandler] INFO  pipeline.SCMPipelineManager (SCMPipelineManager.java:finalizeAndDestroyPipeline(317)) - destroying pipeline:Pipeline[ Id: 78b8291c-abcf-4bc5-8a5f-5e4f071aad10, Nodes: d6964a7c-cb4f-4cee-bc55-175c0a9b9094{ip: 192.168.30.10, host: pr-hdds-1569-s62bp-3040748787, networkLocation: /default-rack, certSerialId: null}, Type:RATIS, Factor:ONE, State:OPEN]
2019-09-25 05:51:29,221 [EventQueue-StaleNodeForStaleNodeHandler] INFO  pipeline.PipelineStateManager (PipelineStateManager.java:finalizePipeline(123)) - Pipeline Pipeline[ Id: 78b8291c-abcf-4bc5-8a5f-5e4f071aad10, Nodes: d6964a7c-cb4f-4cee-bc55-175c0a9b9094{ip: 192.168.30.10, host: pr-hdds-1569-s62bp-3040748787, networkLocation: /default-rack, certSerialId: null}, Type:RATIS, Factor:ONE, State:CLOSED] moved to CLOSED state
2019-09-25 05:51:29,221 [EventQueue-StaleNodeForStaleNodeHandler] INFO  pipeline.SCMPipelineManager (SCMPipelineManager.java:finalizeAndDestroyPipeline(317)) - destroying pipeline:Pipeline[ Id: 638b4b15-2982-436e-b85e-25ea68420680, Nodes: d6964a7c-cb4f-4cee-bc55-175c0a9b9094{ip: 192.168.30.10, host: pr-hdds-1569-s62bp-3040748787, networkLocation: /default-rack, certSerialId: null}, Type:RATIS, Factor:ONE, State:OPEN]
2019-09-25 05:51:29,221 [EventQueue-StaleNodeForStaleNodeHandler] INFO  pipeline.PipelineStateManager (PipelineStateManager.java:finalizePipeline(123)) - Pipeline Pipeline[ Id: 638b4b15-2982-436e-b85e-25ea68420680, Nodes: d6964a7c-cb4f-4cee-bc55-175c0a9b9094{ip: 192.168.30.10, host: pr-hdds-1569-s62bp-3040748787, networkLocation: /default-rack, certSerialId: null}, Type:RATIS, Factor:ONE, State:CLOSED] moved to CLOSED state
2019-09-25 05:51:29,221 [EventQueue-StaleNodeForStaleNodeHandler] INFO  pipeline.SCMPipelineManager (SCMPipelineManager.java:finalizeAndDestroyPipeline(317)) - destroying pipeline:Pipeline[ Id: 7ea2448a-9c20-4594-8dc4-b2c303eed91f, Nodes: d6964a7c-cb4f-4cee-bc55-175c0a9b9094{ip: 192.168.30.10, host: pr-hdds-1569-s62bp-3040748787, networkLocation: /default-rack, certSerialId: null}, Type:RATIS, Factor:ONE, State:OPEN]
2019-09-25 05:51:29,221 [EventQueue-StaleNodeForStaleNodeHandler] INFO  pipeline.PipelineStateManager (PipelineStateManager.java:finalizePipeline(123)) - Pipeline Pipeline[ Id: 7ea2448a-9c20-4594-8dc4-b2c303eed91f, Nodes: d6964a7c-cb4f-4cee-bc55-175c0a9b9094{ip: 192.168.30.10, host: pr-hdds-1569-s62bp-3040748787, networkLocation: /default-rack, certSerialId: null}, Type:RATIS, Factor:ONE, State:CLOSED] moved to CLOSED state
2019-09-25 05:51:29,221 [EventQueue-StaleNodeForStaleNodeHandler] INFO  pipeline.SCMPipelineManager (SCMPipelineManager.java:finalizeAndDestroyPipeline(317)) - destroying pipeline:Pipeline[ Id: 4d38c91f-3eab-449f-9d8b-a90467670017, Nodes: d6964a7c-cb4f-4cee-bc55-175c0a9b9094{ip: 192.168.30.10, host: pr-hdds-1569-s62bp-3040748787, networkLocation: /default-rack, certSerialId: null}, Type:RATIS, Factor:ONE, State:OPEN]
2019-09-25 05:51:29,222 [EventQueue-StaleNodeForStaleNodeHandler] INFO  pipeline.PipelineStateManager (PipelineStateManager.java:finalizePipeline(123)) - Pipeline Pipeline[ Id: 4d38c91f-3eab-449f-9d8b-a90467670017, Nodes: d6964a7c-cb4f-4cee-bc55-175c0a9b9094{ip: 192.168.30.10, host: pr-hdds-1569-s62bp-3040748787, networkLocation: /default-rack, certSerialId: null}, Type:RATIS, Factor:ONE, State:CLOSED] moved to CLOSED state
2019-09-25 05:51:29,222 [EventQueue-StaleNodeForStaleNodeHandler] INFO  pipeline.SCMPipelineManager (SCMPipelineManager.java:finalizeAndDestroyPipeline(317)) - destroying pipeline:Pipeline[ Id: 0b57e00a-b548-4368-887d-302775145eaf, Nodes: d6964a7c-cb4f-4cee-bc55-175c0a9b9094{ip: 192.168.30.10, host: pr-hdds-1569-s62bp-3040748787, networkLocation: /default-rack, certSerialId: null}, Type:RATIS, Factor:ONE, State:OPEN]
2019-09-25 05:51:29,222 [EventQueue-StaleNodeForStaleNodeHandler] INFO  pipeline.PipelineStateManager (PipelineStateManager.java:finalizePipeline(123)) - Pipeline Pipeline[ Id: 0b57e00a-b548-4368-887d-302775145eaf, Nodes: d6964a7c-cb4f-4cee-bc55-175c0a9b9094{ip: 192.168.30.10, host: pr-hdds-1569-s62bp-3040748787, networkLocation: /default-rack, certSerialId: null}, Type:RATIS, Factor:ONE, State:CLOSED] moved to CLOSED state
2019-09-25 05:51:29,222 [EventQueue-StaleNodeForStaleNodeHandler] INFO  pipeline.SCMPipelineManager (SCMPipelineManager.java:finalizeAndDestroyPipeline(317)) - destroying pipeline:Pipeline[ Id: 77b19720-1e33-455c-9df7-647d857bf6e0, Nodes: d6964a7c-cb4f-4cee-bc55-175c0a9b9094{ip: 192.168.30.10, host: pr-hdds-1569-s62bp-3040748787, networkLocation: /default-rack, certSerialId: null}, Type:RATIS, Factor:ONE, State:OPEN]
2019-09-25 05:51:29,222 [EventQueue-StaleNodeForStaleNodeHandler] INFO  pipeline.PipelineStateManager (PipelineStateManager.java:finalizePipeline(123)) - Pipeline Pipeline[ Id: 77b19720-1e33-455c-9df7-647d857bf6e0, Nodes: d6964a7c-cb4f-4cee-bc55-175c0a9b9094{ip: 192.168.30.10, host: pr-hdds-1569-s62bp-3040748787, networkLocation: /default-rack, certSerialId: null}, Type:RATIS, Factor:ONE, State:CLOSED] moved to CLOSED state
2019-09-25 05:51:29,477 [ForkJoinPool.commonPool-worker-1] INFO  ozoneimpl.OzoneContainer (OzoneContainer.java:stop(231)) - Attempting to stop container services.
2019-09-25 05:51:29,482 [ForkJoinPool.commonPool-worker-1] INFO  impl.RaftServerProxy (RaftServerProxy.java:lambda$close$4(314)) - 1705b612-ae52-4202-ba1e-b52c03c1d4d6: close
2019-09-25 05:51:29,482 [ForkJoinPool.commonPool-worker-1] INFO  impl.RaftServerImpl (RaftServerImpl.java:lambda$shutdown$3(251)) - 1705b612-ae52-4202-ba1e-b52c03c1d4d6@group-52937AB9359B: shutdown
2019-09-25 05:51:29,482 [ForkJoinPool.commonPool-worker-1] INFO  util.JmxRegister (JmxRegister.java:unregister(73)) - Successfully un-registered JMX Bean with object name Ratis:service=RaftServer,group=group-52937AB9359B,id=1705b612-ae52-4202-ba1e-b52c03c1d4d6
2019-09-25 05:51:29,483 [ForkJoinPool.commonPool-worker-1] INFO  impl.RoleInfo (RoleInfo.java:shutdownLeaderState(104)) - 1705b612-ae52-4202-ba1e-b52c03c1d4d6: shutdown LeaderState
2019-09-25 05:51:29,483 [ForkJoinPool.commonPool-worker-1] INFO  impl.PendingRequests (PendingRequests.java:sendNotLeaderResponses(202)) - 1705b612-ae52-4202-ba1e-b52c03c1d4d6-PendingRequests: sendNotLeaderResponses
2019-09-25 05:51:29,483 [ForkJoinPool.commonPool-worker-1] INFO  impl.StateMachineUpdater (StateMachineUpdater.java:stopAndJoin(125)) - 1705b612-ae52-4202-ba1e-b52c03c1d4d6@group-52937AB9359B-StateMachineUpdater: set stopIndex = 0
2019-09-25 05:51:29,484 [ForkJoinPool.commonPool-worker-1] INFO  impl.RaftServerImpl (ServerState.java:close(385)) - 1705b612-ae52-4202-ba1e-b52c03c1d4d6@group-52937AB9359B: closes. applyIndex: 0
2019-09-25 05:51:29,484 [1705b612-ae52-4202-ba1e-b52c03c1d4d6@group-52937AB9359B-SegmentedRaftLogWorker] INFO  segmented.SegmentedRaftLogWorker (SegmentedRaftLogWorker.java:run(313)) - 1705b612-ae52-4202-ba1e-b52c03c1d4d6@group-52937AB9359B-SegmentedRaftLogWorker was interrupted, exiting. There are 0 tasks remaining in the queue.
2019-09-25 05:51:29,485 [ForkJoinPool.commonPool-worker-1] INFO  segmented.SegmentedRaftLogWorker (SegmentedRaftLogWorker.java:close(228)) - 1705b612-ae52-4202-ba1e-b52c03c1d4d6@group-52937AB9359B-SegmentedRaftLogWorker close()
2019-09-25 05:51:29,485 [ForkJoinPool.commonPool-worker-1] INFO  impl.RaftServerImpl (RaftServerImpl.java:lambda$shutdown$3(251)) - 1705b612-ae52-4202-ba1e-b52c03c1d4d6@group-E6435BF48D80: shutdown
2019-09-25 05:51:29,485 [ForkJoinPool.commonPool-worker-1] INFO  util.JmxRegister (JmxRegister.java:unregister(73)) - Successfully un-registered JMX Bean with object name Ratis:service=RaftServer,group=group-E6435BF48D80,id=1705b612-ae52-4202-ba1e-b52c03c1d4d6
2019-09-25 05:51:29,485 [ForkJoinPool.commonPool-worker-1] INFO  impl.RoleInfo (RoleInfo.java:shutdownLeaderState(104)) - 1705b612-ae52-4202-ba1e-b52c03c1d4d6: shutdown LeaderState
2019-09-25 05:51:29,486 [ForkJoinPool.commonPool-worker-1] INFO  impl.PendingRequests (PendingRequests.java:sendNotLeaderResponses(202)) - 1705b612-ae52-4202-ba1e-b52c03c1d4d6-PendingRequests: sendNotLeaderResponses
2019-09-25 05:51:29,486 [ForkJoinPool.commonPool-worker-1] INFO  impl.StateMachineUpdater (StateMachineUpdater.java:stopAndJoin(125)) - 1705b612-ae52-4202-ba1e-b52c03c1d4d6@group-E6435BF48D80-StateMachineUpdater: set stopIndex = 0
2019-09-25 05:51:29,486 [ForkJoinPool.commonPool-worker-1] INFO  impl.RaftServerImpl (ServerState.java:close(385)) - 1705b612-ae52-4202-ba1e-b52c03c1d4d6@group-E6435BF48D80: closes. applyIndex: 0
2019-09-25 05:51:29,487 [1705b612-ae52-4202-ba1e-b52c03c1d4d6@group-E6435BF48D80-SegmentedRaftLogWorker] INFO  segmented.SegmentedRaftLogWorker (SegmentedRaftLogWorker.java:run(313)) - 1705b612-ae52-4202-ba1e-b52c03c1d4d6@group-E6435BF48D80-SegmentedRaftLogWorker was interrupted, exiting. There are 0 tasks remaining in the queue.
2019-09-25 05:51:29,487 [ForkJoinPool.commonPool-worker-1] INFO  segmented.SegmentedRaftLogWorker (SegmentedRaftLogWorker.java:close(228)) - 1705b612-ae52-4202-ba1e-b52c03c1d4d6@group-E6435BF48D80-SegmentedRaftLogWorker close()
2019-09-25 05:51:29,487 [ForkJoinPool.commonPool-worker-1] INFO  impl.RaftServerImpl (RaftServerImpl.java:lambda$shutdown$3(251)) - 1705b612-ae52-4202-ba1e-b52c03c1d4d6@group-0583F6D3229C: shutdown
2019-09-25 05:51:29,488 [ForkJoinPool.commonPool-worker-1] INFO  util.JmxRegister (JmxRegister.java:unregister(73)) - Successfully un-registered JMX Bean with object name Ratis:service=RaftServer,group=group-0583F6D3229C,id=1705b612-ae52-4202-ba1e-b52c03c1d4d6
2019-09-25 05:51:29,488 [ForkJoinPool.commonPool-worker-1] INFO  impl.RoleInfo (RoleInfo.java:shutdownLeaderState(104)) - 1705b612-ae52-4202-ba1e-b52c03c1d4d6: shutdown LeaderState
2019-09-25 05:51:29,488 [ForkJoinPool.commonPool-worker-1] INFO  impl.PendingRequests (PendingRequests.java:sendNotLeaderResponses(202)) - 1705b612-ae52-4202-ba1e-b52c03c1d4d6-PendingRequests: sendNotLeaderResponses
2019-09-25 05:51:29,488 [ForkJoinPool.commonPool-worker-1] INFO  impl.StateMachineUpdater (StateMachineUpdater.java:stopAndJoin(125)) - 1705b612-ae52-4202-ba1e-b52c03c1d4d6@group-0583F6D3229C-StateMachineUpdater: set stopIndex = 0
2019-09-25 05:51:29,489 [ForkJoinPool.commonPool-worker-1] INFO  impl.RaftServerImpl (ServerState.java:close(385)) - 1705b612-ae52-4202-ba1e-b52c03c1d4d6@group-0583F6D3229C: closes. applyIndex: 0
2019-09-25 05:51:29,489 [1705b612-ae52-4202-ba1e-b52c03c1d4d6@group-0583F6D3229C-SegmentedRaftLogWorker] INFO  segmented.SegmentedRaftLogWorker (SegmentedRaftLogWorker.java:run(313)) - 1705b612-ae52-4202-ba1e-b52c03c1d4d6@group-0583F6D3229C-SegmentedRaftLogWorker was interrupted, exiting. There are 0 tasks remaining in the queue.
2019-09-25 05:51:29,496 [ForkJoinPool.commonPool-worker-1] INFO  segmented.SegmentedRaftLogWorker (SegmentedRaftLogWorker.java:close(228)) - 1705b612-ae52-4202-ba1e-b52c03c1d4d6@group-0583F6D3229C-SegmentedRaftLogWorker close()
2019-09-25 05:51:29,496 [ForkJoinPool.commonPool-worker-1] INFO  impl.RaftServerImpl (RaftServerImpl.java:lambda$shutdown$3(251)) - 1705b612-ae52-4202-ba1e-b52c03c1d4d6@group-1516C9AEEB34: shutdown
2019-09-25 05:51:29,497 [ForkJoinPool.commonPool-worker-1] INFO  util.JmxRegister (JmxRegister.java:unregister(73)) - Successfully un-registered JMX Bean with object name Ratis:service=RaftServer,group=group-1516C9AEEB34,id=1705b612-ae52-4202-ba1e-b52c03c1d4d6
2019-09-25 05:51:29,497 [ForkJoinPool.commonPool-worker-1] INFO  impl.RoleInfo (RoleInfo.java:shutdownLeaderState(104)) - 1705b612-ae52-4202-ba1e-b52c03c1d4d6: shutdown LeaderState
2019-09-25 05:51:29,497 [ForkJoinPool.commonPool-worker-1] INFO  impl.PendingRequests (PendingRequests.java:sendNotLeaderResponses(202)) - 1705b612-ae52-4202-ba1e-b52c03c1d4d6-PendingRequests: sendNotLeaderResponses
2019-09-25 05:51:29,497 [ForkJoinPool.commonPool-worker-1] INFO  impl.StateMachineUpdater (StateMachineUpdater.java:stopAndJoin(125)) - 1705b612-ae52-4202-ba1e-b52c03c1d4d6@group-1516C9AEEB34-StateMachineUpdater: set stopIndex = 0
2019-09-25 05:51:29,498 [ForkJoinPool.commonPool-worker-1] INFO  impl.RaftServerImpl (ServerState.java:close(385)) - 1705b612-ae52-4202-ba1e-b52c03c1d4d6@group-1516C9AEEB34: closes. applyIndex: 0
2019-09-25 05:51:29,498 [1705b612-ae52-4202-ba1e-b52c03c1d4d6@group-1516C9AEEB34-SegmentedRaftLogWorker] INFO  segmented.SegmentedRaftLogWorker (SegmentedRaftLogWorker.java:run(313)) - 1705b612-ae52-4202-ba1e-b52c03c1d4d6@group-1516C9AEEB34-SegmentedRaftLogWorker was interrupted, exiting. There are 0 tasks remaining in the queue.
2019-09-25 05:51:29,498 [ForkJoinPool.commonPool-worker-1] INFO  segmented.SegmentedRaftLogWorker (SegmentedRaftLogWorker.java:close(228)) - 1705b612-ae52-4202-ba1e-b52c03c1d4d6@group-1516C9AEEB34-SegmentedRaftLogWorker close()
2019-09-25 05:51:29,499 [ForkJoinPool.commonPool-worker-1] INFO  impl.RaftServerImpl (RaftServerImpl.java:lambda$shutdown$3(251)) - 1705b612-ae52-4202-ba1e-b52c03c1d4d6@group-9C9D2367692B: shutdown
2019-09-25 05:51:29,499 [ForkJoinPool.commonPool-worker-1] INFO  util.JmxRegister (JmxRegister.java:unregister(73)) - Successfully un-registered JMX Bean with object name Ratis:service=RaftServer,group=group-9C9D2367692B,id=1705b612-ae52-4202-ba1e-b52c03c1d4d6
2019-09-25 05:51:29,499 [ForkJoinPool.commonPool-worker-1] INFO  impl.RoleInfo (RoleInfo.java:shutdownLeaderState(104)) - 1705b612-ae52-4202-ba1e-b52c03c1d4d6: shutdown LeaderState
2019-09-25 05:51:29,499 [ForkJoinPool.commonPool-worker-1] INFO  impl.PendingRequests (PendingRequests.java:sendNotLeaderResponses(202)) - 1705b612-ae52-4202-ba1e-b52c03c1d4d6-PendingRequests: sendNotLeaderResponses
2019-09-25 05:51:29,500 [ForkJoinPool.commonPool-worker-1] INFO  impl.StateMachineUpdater (StateMachineUpdater.java:stopAndJoin(125)) - 1705b612-ae52-4202-ba1e-b52c03c1d4d6@group-9C9D2367692B-StateMachineUpdater: set stopIndex = 0
2019-09-25 05:51:29,500 [ForkJoinPool.commonPool-worker-1] INFO  impl.RaftServerImpl (ServerState.java:close(385)) - 1705b612-ae52-4202-ba1e-b52c03c1d4d6@group-9C9D2367692B: closes. applyIndex: 0
2019-09-25 05:51:29,500 [1705b612-ae52-4202-ba1e-b52c03c1d4d6@group-9C9D2367692B-SegmentedRaftLogWorker] INFO  segmented.SegmentedRaftLogWorker (SegmentedRaftLogWorker.java:run(313)) - 1705b612-ae52-4202-ba1e-b52c03c1d4d6@group-9C9D2367692B-SegmentedRaftLogWorker was interrupted, exiting. There are 0 tasks remaining in the queue.
2019-09-25 05:51:29,500 [ForkJoinPool.commonPool-worker-1] INFO  segmented.SegmentedRaftLogWorker (SegmentedRaftLogWorker.java:close(228)) - 1705b612-ae52-4202-ba1e-b52c03c1d4d6@group-9C9D2367692B-SegmentedRaftLogWorker close()
2019-09-25 05:51:29,501 [ForkJoinPool.commonPool-worker-1] INFO  impl.RaftServerImpl (RaftServerImpl.java:lambda$shutdown$3(251)) - 1705b612-ae52-4202-ba1e-b52c03c1d4d6@group-991B57B9AE54: shutdown
2019-09-25 05:51:29,501 [ForkJoinPool.commonPool-worker-1] INFO  util.JmxRegister (JmxRegister.java:unregister(73)) - Successfully un-registered JMX Bean with object name Ratis:service=RaftServer,group=group-991B57B9AE54,id=1705b612-ae52-4202-ba1e-b52c03c1d4d6
2019-09-25 05:51:29,501 [ForkJoinPool.commonPool-worker-1] INFO  impl.RoleInfo (RoleInfo.java:shutdownLeaderState(104)) - 1705b612-ae52-4202-ba1e-b52c03c1d4d6: shutdown LeaderState
2019-09-25 05:51:29,501 [ForkJoinPool.commonPool-worker-1] INFO  impl.PendingRequests (PendingRequests.java:sendNotLeaderResponses(202)) - 1705b612-ae52-4202-ba1e-b52c03c1d4d6-PendingRequests: sendNotLeaderResponses
2019-09-25 05:51:29,502 [ForkJoinPool.commonPool-worker-1] INFO  impl.StateMachineUpdater (StateMachineUpdater.java:stopAndJoin(125)) - 1705b612-ae52-4202-ba1e-b52c03c1d4d6@group-991B57B9AE54-StateMachineUpdater: set stopIndex = 0
2019-09-25 05:51:29,502 [ForkJoinPool.commonPool-worker-1] INFO  impl.RaftServerImpl (ServerState.java:close(385)) - 1705b612-ae52-4202-ba1e-b52c03c1d4d6@group-991B57B9AE54: closes. applyIndex: 0
2019-09-25 05:51:29,502 [1705b612-ae52-4202-ba1e-b52c03c1d4d6@group-991B57B9AE54-SegmentedRaftLogWorker] INFO  segmented.SegmentedRaftLogWorker (SegmentedRaftLogWorker.java:run(313)) - 1705b612-ae52-4202-ba1e-b52c03c1d4d6@group-991B57B9AE54-SegmentedRaftLogWorker was interrupted, exiting. There are 0 tasks remaining in the queue.
2019-09-25 05:51:29,503 [ForkJoinPool.commonPool-worker-1] INFO  segmented.SegmentedRaftLogWorker (SegmentedRaftLogWorker.java:close(228)) - 1705b612-ae52-4202-ba1e-b52c03c1d4d6@group-991B57B9AE54-SegmentedRaftLogWorker close()
2019-09-25 05:51:29,503 [ForkJoinPool.commonPool-worker-1] INFO  server.GrpcService (GrpcService.java:closeImpl(164)) - 1705b612-ae52-4202-ba1e-b52c03c1d4d6: shutdown server with port 40355 now
2019-09-25 05:51:29,507 [ForkJoinPool.commonPool-worker-1] INFO  server.GrpcService (GrpcService.java:closeImpl(172)) - 1705b612-ae52-4202-ba1e-b52c03c1d4d6: shutdown server with port 40355 successfully
2019-09-25 05:51:29,507 [main] INFO  ozoneimpl.OzoneContainer (OzoneContainer.java:stop(231)) - Attempting to stop container services.
2019-09-25 05:51:29,508 [main] INFO  impl.RaftServerProxy (RaftServerProxy.java:lambda$close$4(314)) - d6964a7c-cb4f-4cee-bc55-175c0a9b9094: close
2019-09-25 05:51:29,508 [main] INFO  impl.RaftServerImpl (RaftServerImpl.java:lambda$shutdown$3(251)) - d6964a7c-cb4f-4cee-bc55-175c0a9b9094@group-5E4F071AAD10: shutdown
2019-09-25 05:51:29,508 [refreshUsed-/workdir/hadoop-ozone/integration-test/target/test-dir/MiniOzoneClusterImpl-6389a31f-e1b2-4948-a777-3ab81d592f44/datanode-0/data/containers] WARN  fs.CachingGetSpaceUsed (CachingGetSpaceUsed.java:run(183)) - Thread Interrupted waiting to refresh disk information: sleep interrupted
2019-09-25 05:51:29,509 [main] INFO  util.JmxRegister (JmxRegister.java:unregister(73)) - Successfully un-registered JMX Bean with object name Ratis:service=RaftServer,group=group-5E4F071AAD10,id=d6964a7c-cb4f-4cee-bc55-175c0a9b9094
2019-09-25 05:51:29,509 [main] INFO  impl.RoleInfo (RoleInfo.java:shutdownLeaderState(104)) - d6964a7c-cb4f-4cee-bc55-175c0a9b9094: shutdown LeaderState
2019-09-25 05:51:29,509 [main] INFO  impl.PendingRequests (PendingRequests.java:sendNotLeaderResponses(202)) - d6964a7c-cb4f-4cee-bc55-175c0a9b9094-PendingRequests: sendNotLeaderResponses
2019-09-25 05:51:29,510 [main] INFO  impl.StateMachineUpdater (StateMachineUpdater.java:stopAndJoin(125)) - d6964a7c-cb4f-4cee-bc55-175c0a9b9094@group-5E4F071AAD10-StateMachineUpdater: set stopIndex = 0
2019-09-25 05:51:29,511 [main] INFO  impl.RaftServerImpl (ServerState.java:close(385)) - d6964a7c-cb4f-4cee-bc55-175c0a9b9094@group-5E4F071AAD10: closes. applyIndex: 0
2019-09-25 05:51:29,512 [d6964a7c-cb4f-4cee-bc55-175c0a9b9094@group-5E4F071AAD10-SegmentedRaftLogWorker] INFO  segmented.SegmentedRaftLogWorker (SegmentedRaftLogWorker.java:run(313)) - d6964a7c-cb4f-4cee-bc55-175c0a9b9094@group-5E4F071AAD10-SegmentedRaftLogWorker was interrupted, exiting. There are 0 tasks remaining in the queue.
2019-09-25 05:51:29,512 [main] INFO  segmented.SegmentedRaftLogWorker (SegmentedRaftLogWorker.java:close(228)) - d6964a7c-cb4f-4cee-bc55-175c0a9b9094@group-5E4F071AAD10-SegmentedRaftLogWorker close()
2019-09-25 05:51:29,512 [main] INFO  impl.RaftServerImpl (RaftServerImpl.java:lambda$shutdown$3(251)) - d6964a7c-cb4f-4cee-bc55-175c0a9b9094@group-25EA68420680: shutdown
2019-09-25 05:51:29,512 [main] INFO  util.JmxRegister (JmxRegister.java:unregister(73)) - Successfully un-registered JMX Bean with object name Ratis:service=RaftServer,group=group-25EA68420680,id=d6964a7c-cb4f-4cee-bc55-175c0a9b9094
2019-09-25 05:51:29,513 [main] INFO  impl.RoleInfo (RoleInfo.java:shutdownLeaderState(104)) - d6964a7c-cb4f-4cee-bc55-175c0a9b9094: shutdown LeaderState
2019-09-25 05:51:29,513 [main] INFO  impl.PendingRequests (PendingRequests.java:sendNotLeaderResponses(202)) - d6964a7c-cb4f-4cee-bc55-175c0a9b9094-PendingRequests: sendNotLeaderResponses
2019-09-25 05:51:29,514 [main] INFO  impl.StateMachineUpdater (StateMachineUpdater.java:stopAndJoin(125)) - d6964a7c-cb4f-4cee-bc55-175c0a9b9094@group-25EA68420680-StateMachineUpdater: set stopIndex = 0
2019-09-25 05:51:29,514 [main] INFO  impl.RaftServerImpl (ServerState.java:close(385)) - d6964a7c-cb4f-4cee-bc55-175c0a9b9094@group-25EA68420680: closes. applyIndex: 0
2019-09-25 05:51:29,514 [d6964a7c-cb4f-4cee-bc55-175c0a9b9094@group-25EA68420680-SegmentedRaftLogWorker] INFO  segmented.SegmentedRaftLogWorker (SegmentedRaftLogWorker.java:run(313)) - d6964a7c-cb4f-4cee-bc55-175c0a9b9094@group-25EA68420680-SegmentedRaftLogWorker was interrupted, exiting. There are 0 tasks remaining in the queue.
2019-09-25 05:51:29,514 [main] INFO  segmented.SegmentedRaftLogWorker (SegmentedRaftLogWorker.java:close(228)) - d6964a7c-cb4f-4cee-bc55-175c0a9b9094@group-25EA68420680-SegmentedRaftLogWorker close()
2019-09-25 05:51:29,515 [main] INFO  impl.RaftServerImpl (RaftServerImpl.java:lambda$shutdown$3(251)) - d6964a7c-cb4f-4cee-bc55-175c0a9b9094@group-B2C303EED91F: shutdown
2019-09-25 05:51:29,515 [main] INFO  util.JmxRegister (JmxRegister.java:unregister(73)) - Successfully un-registered JMX Bean with object name Ratis:service=RaftServer,group=group-B2C303EED91F,id=d6964a7c-cb4f-4cee-bc55-175c0a9b9094
2019-09-25 05:51:29,515 [main] INFO  impl.RoleInfo (RoleInfo.java:shutdownLeaderState(104)) - d6964a7c-cb4f-4cee-bc55-175c0a9b9094: shutdown LeaderState
2019-09-25 05:51:29,516 [main] INFO  impl.PendingRequests (PendingRequests.java:sendNotLeaderResponses(202)) - d6964a7c-cb4f-4cee-bc55-175c0a9b9094-PendingRequests: sendNotLeaderResponses
2019-09-25 05:51:29,516 [main] INFO  impl.StateMachineUpdater (StateMachineUpdater.java:stopAndJoin(125)) - d6964a7c-cb4f-4cee-bc55-175c0a9b9094@group-B2C303EED91F-StateMachineUpdater: set stopIndex = 0
2019-09-25 05:51:29,516 [main] INFO  impl.RaftServerImpl (ServerState.java:close(385)) - d6964a7c-cb4f-4cee-bc55-175c0a9b9094@group-B2C303EED91F: closes. applyIndex: 0
2019-09-25 05:51:29,517 [d6964a7c-cb4f-4cee-bc55-175c0a9b9094@group-B2C303EED91F-SegmentedRaftLogWorker] INFO  segmented.SegmentedRaftLogWorker (SegmentedRaftLogWorker.java:run(313)) - d6964a7c-cb4f-4cee-bc55-175c0a9b9094@group-B2C303EED91F-SegmentedRaftLogWorker was interrupted, exiting. There are 0 tasks remaining in the queue.
2019-09-25 05:51:29,517 [main] INFO  segmented.SegmentedRaftLogWorker (SegmentedRaftLogWorker.java:close(228)) - d6964a7c-cb4f-4cee-bc55-175c0a9b9094@group-B2C303EED91F-SegmentedRaftLogWorker close()
2019-09-25 05:51:29,517 [main] INFO  impl.RaftServerImpl (RaftServerImpl.java:lambda$shutdown$3(251)) - d6964a7c-cb4f-4cee-bc55-175c0a9b9094@group-A90467670017: shutdown
2019-09-25 05:51:29,518 [main] INFO  util.JmxRegister (JmxRegister.java:unregister(73)) - Successfully un-registered JMX Bean with object name Ratis:service=RaftServer,group=group-A90467670017,id=d6964a7c-cb4f-4cee-bc55-175c0a9b9094
2019-09-25 05:51:29,518 [main] INFO  impl.RoleInfo (RoleInfo.java:shutdownLeaderState(104)) - d6964a7c-cb4f-4cee-bc55-175c0a9b9094: shutdown LeaderState
2019-09-25 05:51:29,519 [main] INFO  impl.PendingRequests (PendingRequests.java:sendNotLeaderResponses(202)) - d6964a7c-cb4f-4cee-bc55-175c0a9b9094-PendingRequests: sendNotLeaderResponses
2019-09-25 05:51:29,519 [main] INFO  impl.StateMachineUpdater (StateMachineUpdater.java:stopAndJoin(125)) - d6964a7c-cb4f-4cee-bc55-175c0a9b9094@group-A90467670017-StateMachineUpdater: set stopIndex = 0
2019-09-25 05:51:29,519 [main] INFO  impl.RaftServerImpl (ServerState.java:close(385)) - d6964a7c-cb4f-4cee-bc55-175c0a9b9094@group-A90467670017: closes. applyIndex: 0
2019-09-25 05:51:29,520 [d6964a7c-cb4f-4cee-bc55-175c0a9b9094@group-A90467670017-SegmentedRaftLogWorker] INFO  segmented.SegmentedRaftLogWorker (SegmentedRaftLogWorker.java:run(313)) - d6964a7c-cb4f-4cee-bc55-175c0a9b9094@group-A90467670017-SegmentedRaftLogWorker was interrupted, exiting. There are 0 tasks remaining in the queue.
2019-09-25 05:51:29,520 [main] INFO  segmented.SegmentedRaftLogWorker (SegmentedRaftLogWorker.java:close(228)) - d6964a7c-cb4f-4cee-bc55-175c0a9b9094@group-A90467670017-SegmentedRaftLogWorker close()
2019-09-25 05:51:29,520 [main] INFO  impl.RaftServerImpl (RaftServerImpl.java:lambda$shutdown$3(251)) - d6964a7c-cb4f-4cee-bc55-175c0a9b9094@group-302775145EAF: shutdown
2019-09-25 05:51:29,521 [main] INFO  util.JmxRegister (JmxRegister.java:unregister(73)) - Successfully un-registered JMX Bean with object name Ratis:service=RaftServer,group=group-302775145EAF,id=d6964a7c-cb4f-4cee-bc55-175c0a9b9094
2019-09-25 05:51:29,521 [main] INFO  impl.RoleInfo (RoleInfo.java:shutdownLeaderState(104)) - d6964a7c-cb4f-4cee-bc55-175c0a9b9094: shutdown LeaderState
2019-09-25 05:51:29,521 [main] INFO  impl.PendingRequests (PendingRequests.java:sendNotLeaderResponses(202)) - d6964a7c-cb4f-4cee-bc55-175c0a9b9094-PendingRequests: sendNotLeaderResponses
2019-09-25 05:51:29,522 [main] INFO  impl.StateMachineUpdater (StateMachineUpdater.java:stopAndJoin(125)) - d6964a7c-cb4f-4cee-bc55-175c0a9b9094@group-302775145EAF-StateMachineUpdater: set stopIndex = 0
2019-09-25 05:51:29,522 [main] INFO  impl.RaftServerImpl (ServerState.java:close(385)) - d6964a7c-cb4f-4cee-bc55-175c0a9b9094@group-302775145EAF: closes. applyIndex: 0
2019-09-25 05:51:29,523 [d6964a7c-cb4f-4cee-bc55-175c0a9b9094@group-302775145EAF-SegmentedRaftLogWorker] INFO  segmented.SegmentedRaftLogWorker (SegmentedRaftLogWorker.java:run(313)) - d6964a7c-cb4f-4cee-bc55-175c0a9b9094@group-302775145EAF-SegmentedRaftLogWorker was interrupted, exiting. There are 0 tasks remaining in the queue.
2019-09-25 05:51:29,523 [main] INFO  segmented.SegmentedRaftLogWorker (SegmentedRaftLogWorker.java:close(228)) - d6964a7c-cb4f-4cee-bc55-175c0a9b9094@group-302775145EAF-SegmentedRaftLogWorker close()
2019-09-25 05:51:29,523 [main] INFO  impl.RaftServerImpl (RaftServerImpl.java:lambda$shutdown$3(251)) - d6964a7c-cb4f-4cee-bc55-175c0a9b9094@group-647D857BF6E0: shutdown
2019-09-25 05:51:29,524 [main] INFO  util.JmxRegister (JmxRegister.java:unregister(73)) - Successfully un-registered JMX Bean with object name Ratis:service=RaftServer,group=group-647D857BF6E0,id=d6964a7c-cb4f-4cee-bc55-175c0a9b9094
2019-09-25 05:51:29,524 [main] INFO  impl.RoleInfo (RoleInfo.java:shutdownLeaderState(104)) - d6964a7c-cb4f-4cee-bc55-175c0a9b9094: shutdown LeaderState
2019-09-25 05:51:29,524 [main] INFO  impl.PendingRequests (PendingRequests.java:sendNotLeaderResponses(202)) - d6964a7c-cb4f-4cee-bc55-175c0a9b9094-PendingRequests: sendNotLeaderResponses
2019-09-25 05:51:29,525 [main] INFO  impl.StateMachineUpdater (StateMachineUpdater.java:stopAndJoin(125)) - d6964a7c-cb4f-4cee-bc55-175c0a9b9094@group-647D857BF6E0-StateMachineUpdater: set stopIndex = 0
2019-09-25 05:51:29,525 [main] INFO  impl.RaftServerImpl (ServerState.java:close(385)) - d6964a7c-cb4f-4cee-bc55-175c0a9b9094@group-647D857BF6E0: closes. applyIndex: 0
2019-09-25 05:51:29,526 [d6964a7c-cb4f-4cee-bc55-175c0a9b9094@group-647D857BF6E0-SegmentedRaftLogWorker] INFO  segmented.SegmentedRaftLogWorker (SegmentedRaftLogWorker.java:run(313)) - d6964a7c-cb4f-4cee-bc55-175c0a9b9094@group-647D857BF6E0-SegmentedRaftLogWorker was interrupted, exiting. There are 0 tasks remaining in the queue.
2019-09-25 05:51:29,526 [main] INFO  segmented.SegmentedRaftLogWorker (SegmentedRaftLogWorker.java:close(228)) - d6964a7c-cb4f-4cee-bc55-175c0a9b9094@group-647D857BF6E0-SegmentedRaftLogWorker close()
2019-09-25 05:51:29,526 [main] INFO  server.GrpcService (GrpcService.java:closeImpl(164)) - d6964a7c-cb4f-4cee-bc55-175c0a9b9094: shutdown server with port 39185 now
2019-09-25 05:51:29,530 [main] INFO  server.GrpcService (GrpcService.java:closeImpl(172)) - d6964a7c-cb4f-4cee-bc55-175c0a9b9094: shutdown server with port 39185 successfully
2019-09-25 05:51:29,531 [ForkJoinPool.commonPool-worker-1] INFO  utils.BackgroundService (BackgroundService.java:shutdown(148)) - Shutting down service BlockDeletingService
2019-09-25 05:51:29,532 [refreshUsed-/workdir/hadoop-ozone/integration-test/target/test-dir/MiniOzoneClusterImpl-6389a31f-e1b2-4948-a777-3ab81d592f44/datanode-6/data/containers] WARN  fs.CachingGetSpaceUsed (CachingGetSpaceUsed.java:run(183)) - Thread Interrupted waiting to refresh disk information: sleep interrupted
2019-09-25 05:51:29,539 [ForkJoinPool.commonPool-worker-1] INFO  statemachine.DatanodeStateMachine (DatanodeStateMachine.java:stopDaemon(395)) - Ozone container server stopped.
2019-09-25 05:51:29,547 [ForkJoinPool.commonPool-worker-1] INFO  handler.ContextHandler (ContextHandler.java:doStop(910)) - Stopped o.e.j.w.WebAppContext@70d5d96b{/,null,UNAVAILABLE}{/hddsDatanode}
2019-09-25 05:51:29,548 [ForkJoinPool.commonPool-worker-1] INFO  server.AbstractConnector (AbstractConnector.java:doStop(318)) - Stopped ServerConnector@23469199{HTTP/1.1,[http/1.1]}{0.0.0.0:0}
2019-09-25 05:51:29,551 [ForkJoinPool.commonPool-worker-1] INFO  handler.ContextHandler (ContextHandler.java:doStop(910)) - Stopped o.e.j.s.ServletContextHandler@68d8eb4f{/static,jar:file:/home/user/.m2/repository/org/apache/hadoop/hadoop-hdds-container-service/0.5.0-SNAPSHOT/hadoop-hdds-container-service-0.5.0-SNAPSHOT.jar!/webapps/static,UNAVAILABLE}
2019-09-25 05:51:29,553 [ForkJoinPool.commonPool-worker-1] INFO  handler.ContextHandler (ContextHandler.java:doStop(910)) - Stopped o.e.j.s.ServletContextHandler@45c423b3{/logs,file:///workdir/hadoop-ozone/integration-test/target/log,UNAVAILABLE}
2019-09-25 05:51:29,565 [main] INFO  utils.BackgroundService (BackgroundService.java:shutdown(148)) - Shutting down service BlockDeletingService
2019-09-25 05:51:29,573 [main] INFO  statemachine.DatanodeStateMachine (DatanodeStateMachine.java:stopDaemon(395)) - Ozone container server stopped.
2019-09-25 05:51:29,573 [main] INFO  handler.ContextHandler (ContextHandler.java:doStop(910)) - Stopped o.e.j.w.WebAppContext@22e813fc{/,null,UNAVAILABLE}{/hddsDatanode}
2019-09-25 05:51:29,577 [main] INFO  server.AbstractConnector (AbstractConnector.java:doStop(318)) - Stopped ServerConnector@433d93e7{HTTP/1.1,[http/1.1]}{0.0.0.0:0}
2019-09-25 05:51:29,577 [main] INFO  handler.ContextHandler (ContextHandler.java:doStop(910)) - Stopped o.e.j.s.ServletContextHandler@7e4ac598{/static,jar:file:/home/user/.m2/repository/org/apache/hadoop/hadoop-hdds-container-service/0.5.0-SNAPSHOT/hadoop-hdds-container-service-0.5.0-SNAPSHOT.jar!/webapps/static,UNAVAILABLE}
2019-09-25 05:51:29,577 [main] INFO  handler.ContextHandler (ContextHandler.java:doStop(910)) - Stopped o.e.j.s.ServletContextHandler@28b5662d{/logs,file:///workdir/hadoop-ozone/integration-test/target/log,UNAVAILABLE}
2019-09-25 05:51:30,028 [Datanode State Machine Thread - 0] INFO  statemachine.DatanodeStateMachine (DatanodeStateMachine.java:lambda$startDaemon$0(350)) - Ozone container server started.
2019-09-25 05:51:34,126 [EventQueue-StaleNodeForStaleNodeHandler] INFO  node.StaleNodeHandler (StaleNodeHandler.java:onMessage(58)) - Datanode 1dcd8056-b4df-4a42-9946-d6b50473a02f{ip: 192.168.30.10, host: pr-hdds-1569-s62bp-3040748787, networkLocation: /default-rack, certSerialId: null} moved to stale state. Finalizing its pipelines [PipelineID=0f2e015e-cc05-41c2-929f-19cff8555347, PipelineID=3c1c0d64-e295-47fd-ab9f-d0411aa173e7, PipelineID=22efd8d3-acdf-4bf6-a5ce-fb11c24dfc4d, PipelineID=b7e0f93a-dff4-41cd-a855-ee06d592f629, PipelineID=6e6fc105-326e-488f-8d2f-25478124c4fa, PipelineID=3b2f716b-0692-4b55-bab7-45efaf3695f2]
2019-09-25 05:51:34,126 [EventQueue-StaleNodeForStaleNodeHandler] INFO  pipeline.SCMPipelineManager (SCMPipelineManager.java:finalizeAndDestroyPipeline(317)) - destroying pipeline:Pipeline[ Id: 0f2e015e-cc05-41c2-929f-19cff8555347, Nodes: 1dcd8056-b4df-4a42-9946-d6b50473a02f{ip: 192.168.30.10, host: pr-hdds-1569-s62bp-3040748787, networkLocation: /default-rack, certSerialId: null}, Type:RATIS, Factor:ONE, State:OPEN]
2019-09-25 05:51:34,127 [EventQueue-StaleNodeForStaleNodeHandler] INFO  pipeline.PipelineStateManager (PipelineStateManager.java:finalizePipeline(123)) - Pipeline Pipeline[ Id: 0f2e015e-cc05-41c2-929f-19cff8555347, Nodes: 1dcd8056-b4df-4a42-9946-d6b50473a02f{ip: 192.168.30.10, host: pr-hdds-1569-s62bp-3040748787, networkLocation: /default-rack, certSerialId: null}, Type:RATIS, Factor:ONE, State:CLOSED] moved to CLOSED state
2019-09-25 05:51:34,127 [EventQueue-StaleNodeForStaleNodeHandler] INFO  pipeline.SCMPipelineManager (SCMPipelineManager.java:finalizeAndDestroyPipeline(317)) - destroying pipeline:Pipeline[ Id: 3c1c0d64-e295-47fd-ab9f-d0411aa173e7, Nodes: 1dcd8056-b4df-4a42-9946-d6b50473a02f{ip: 192.168.30.10, host: pr-hdds-1569-s62bp-3040748787, networkLocation: /default-rack, certSerialId: null}, Type:RATIS, Factor:ONE, State:OPEN]
2019-09-25 05:51:34,127 [EventQueue-StaleNodeForStaleNodeHandler] INFO  pipeline.PipelineStateManager (PipelineStateManager.java:finalizePipeline(123)) - Pipeline Pipeline[ Id: 3c1c0d64-e295-47fd-ab9f-d0411aa173e7, Nodes: 1dcd8056-b4df-4a42-9946-d6b50473a02f{ip: 192.168.30.10, host: pr-hdds-1569-s62bp-3040748787, networkLocation: /default-rack, certSerialId: null}, Type:RATIS, Factor:ONE, State:CLOSED] moved to CLOSED state
2019-09-25 05:51:34,127 [EventQueue-StaleNodeForStaleNodeHandler] INFO  pipeline.SCMPipelineManager (SCMPipelineManager.java:finalizeAndDestroyPipeline(317)) - destroying pipeline:Pipeline[ Id: 22efd8d3-acdf-4bf6-a5ce-fb11c24dfc4d, Nodes: 1dcd8056-b4df-4a42-9946-d6b50473a02f{ip: 192.168.30.10, host: pr-hdds-1569-s62bp-3040748787, networkLocation: /default-rack, certSerialId: null}, Type:RATIS, Factor:ONE, State:OPEN]
2019-09-25 05:51:34,127 [EventQueue-StaleNodeForStaleNodeHandler] INFO  pipeline.PipelineStateManager (PipelineStateManager.java:finalizePipeline(123)) - Pipeline Pipeline[ Id: 22efd8d3-acdf-4bf6-a5ce-fb11c24dfc4d, Nodes: 1dcd8056-b4df-4a42-9946-d6b50473a02f{ip: 192.168.30.10, host: pr-hdds-1569-s62bp-3040748787, networkLocation: /default-rack, certSerialId: null}, Type:RATIS, Factor:ONE, State:CLOSED] moved to CLOSED state
2019-09-25 05:51:34,127 [EventQueue-StaleNodeForStaleNodeHandler] INFO  pipeline.SCMPipelineManager (SCMPipelineManager.java:finalizeAndDestroyPipeline(317)) - destroying pipeline:Pipeline[ Id: b7e0f93a-dff4-41cd-a855-ee06d592f629, Nodes: 1dcd8056-b4df-4a42-9946-d6b50473a02f{ip: 192.168.30.10, host: pr-hdds-1569-s62bp-3040748787, networkLocation: /default-rack, certSerialId: null}, Type:RATIS, Factor:ONE, State:OPEN]
2019-09-25 05:51:34,127 [EventQueue-StaleNodeForStaleNodeHandler] INFO  pipeline.PipelineStateManager (PipelineStateManager.java:finalizePipeline(123)) - Pipeline Pipeline[ Id: b7e0f93a-dff4-41cd-a855-ee06d592f629, Nodes: 1dcd8056-b4df-4a42-9946-d6b50473a02f{ip: 192.168.30.10, host: pr-hdds-1569-s62bp-3040748787, networkLocation: /default-rack, certSerialId: null}, Type:RATIS, Factor:ONE, State:CLOSED] moved to CLOSED state
2019-09-25 05:51:34,128 [EventQueue-StaleNodeForStaleNodeHandler] INFO  pipeline.SCMPipelineManager (SCMPipelineManager.java:finalizeAndDestroyPipeline(317)) - destroying pipeline:Pipeline[ Id: 6e6fc105-326e-488f-8d2f-25478124c4fa, Nodes: 1dcd8056-b4df-4a42-9946-d6b50473a02f{ip: 192.168.30.10, host: pr-hdds-1569-s62bp-3040748787, networkLocation: /default-rack, certSerialId: null}, Type:RATIS, Factor:ONE, State:OPEN]
2019-09-25 05:51:34,128 [EventQueue-StaleNodeForStaleNodeHandler] INFO  pipeline.PipelineStateManager (PipelineStateManager.java:finalizePipeline(123)) - Pipeline Pipeline[ Id: 6e6fc105-326e-488f-8d2f-25478124c4fa, Nodes: 1dcd8056-b4df-4a42-9946-d6b50473a02f{ip: 192.168.30.10, host: pr-hdds-1569-s62bp-3040748787, networkLocation: /default-rack, certSerialId: null}, Type:RATIS, Factor:ONE, State:CLOSED] moved to CLOSED state
2019-09-25 05:51:34,128 [EventQueue-StaleNodeForStaleNodeHandler] INFO  pipeline.SCMPipelineManager (SCMPipelineManager.java:finalizeAndDestroyPipeline(317)) - destroying pipeline:Pipeline[ Id: 3b2f716b-0692-4b55-bab7-45efaf3695f2, Nodes: 1dcd8056-b4df-4a42-9946-d6b50473a02f{ip: 192.168.30.10, host: pr-hdds-1569-s62bp-3040748787, networkLocation: /default-rack, certSerialId: null}, Type:RATIS, Factor:ONE, State:OPEN]
2019-09-25 05:51:34,128 [EventQueue-StaleNodeForStaleNodeHandler] INFO  pipeline.PipelineStateManager (PipelineStateManager.java:finalizePipeline(123)) - Pipeline Pipeline[ Id: 3b2f716b-0692-4b55-bab7-45efaf3695f2, Nodes: 1dcd8056-b4df-4a42-9946-d6b50473a02f{ip: 192.168.30.10, host: pr-hdds-1569-s62bp-3040748787, networkLocation: /default-rack, certSerialId: null}, Type:RATIS, Factor:ONE, State:CLOSED] moved to CLOSED state
2019-09-25 05:51:34,554 [ForkJoinPool.commonPool-worker-1] INFO  ozoneimpl.OzoneContainer (OzoneContainer.java:stop(231)) - Attempting to stop container services.
2019-09-25 05:51:34,559 [ForkJoinPool.commonPool-worker-1] INFO  impl.RaftServerProxy (RaftServerProxy.java:lambda$close$4(314)) - 1dcd8056-b4df-4a42-9946-d6b50473a02f: close
2019-09-25 05:51:34,559 [ForkJoinPool.commonPool-worker-1] INFO  impl.RaftServerImpl (RaftServerImpl.java:lambda$shutdown$3(251)) - 1dcd8056-b4df-4a42-9946-d6b50473a02f@group-19CFF8555347: shutdown
2019-09-25 05:51:34,559 [ForkJoinPool.commonPool-worker-1] INFO  util.JmxRegister (JmxRegister.java:unregister(73)) - Successfully un-registered JMX Bean with object name Ratis:service=RaftServer,group=group-19CFF8555347,id=1dcd8056-b4df-4a42-9946-d6b50473a02f
2019-09-25 05:51:34,560 [ForkJoinPool.commonPool-worker-1] INFO  impl.RoleInfo (RoleInfo.java:shutdownLeaderState(104)) - 1dcd8056-b4df-4a42-9946-d6b50473a02f: shutdown LeaderState
2019-09-25 05:51:34,560 [ForkJoinPool.commonPool-worker-1] INFO  impl.PendingRequests (PendingRequests.java:sendNotLeaderResponses(202)) - 1dcd8056-b4df-4a42-9946-d6b50473a02f-PendingRequests: sendNotLeaderResponses
2019-09-25 05:51:34,560 [ForkJoinPool.commonPool-worker-1] INFO  impl.StateMachineUpdater (StateMachineUpdater.java:stopAndJoin(125)) - 1dcd8056-b4df-4a42-9946-d6b50473a02f@group-19CFF8555347-StateMachineUpdater: set stopIndex = 0
2019-09-25 05:51:34,561 [ForkJoinPool.commonPool-worker-1] INFO  impl.RaftServerImpl (ServerState.java:close(385)) - 1dcd8056-b4df-4a42-9946-d6b50473a02f@group-19CFF8555347: closes. applyIndex: 0
2019-09-25 05:51:34,561 [1dcd8056-b4df-4a42-9946-d6b50473a02f@group-19CFF8555347-SegmentedRaftLogWorker] INFO  segmented.SegmentedRaftLogWorker (SegmentedRaftLogWorker.java:run(313)) - 1dcd8056-b4df-4a42-9946-d6b50473a02f@group-19CFF8555347-SegmentedRaftLogWorker was interrupted, exiting. There are 0 tasks remaining in the queue.
2019-09-25 05:51:34,561 [ForkJoinPool.commonPool-worker-1] INFO  segmented.SegmentedRaftLogWorker (SegmentedRaftLogWorker.java:close(228)) - 1dcd8056-b4df-4a42-9946-d6b50473a02f@group-19CFF8555347-SegmentedRaftLogWorker close()
2019-09-25 05:51:34,562 [ForkJoinPool.commonPool-worker-1] INFO  impl.RaftServerImpl (RaftServerImpl.java:lambda$shutdown$3(251)) - 1dcd8056-b4df-4a42-9946-d6b50473a02f@group-D0411AA173E7: shutdown
2019-09-25 05:51:34,562 [ForkJoinPool.commonPool-worker-1] INFO  util.JmxRegister (JmxRegister.java:unregister(73)) - Successfully un-registered JMX Bean with object name Ratis:service=RaftServer,group=group-D0411AA173E7,id=1dcd8056-b4df-4a42-9946-d6b50473a02f
2019-09-25 05:51:34,562 [ForkJoinPool.commonPool-worker-1] INFO  impl.RoleInfo (RoleInfo.java:shutdownLeaderState(104)) - 1dcd8056-b4df-4a42-9946-d6b50473a02f: shutdown LeaderState
2019-09-25 05:51:34,563 [ForkJoinPool.commonPool-worker-1] INFO  impl.PendingRequests (PendingRequests.java:sendNotLeaderResponses(202)) - 1dcd8056-b4df-4a42-9946-d6b50473a02f-PendingRequests: sendNotLeaderResponses
2019-09-25 05:51:34,563 [ForkJoinPool.commonPool-worker-1] INFO  impl.StateMachineUpdater (StateMachineUpdater.java:stopAndJoin(125)) - 1dcd8056-b4df-4a42-9946-d6b50473a02f@group-D0411AA173E7-StateMachineUpdater: set stopIndex = 0
2019-09-25 05:51:34,563 [ForkJoinPool.commonPool-worker-1] INFO  impl.RaftServerImpl (ServerState.java:close(385)) - 1dcd8056-b4df-4a42-9946-d6b50473a02f@group-D0411AA173E7: closes. applyIndex: 0
2019-09-25 05:51:34,563 [1dcd8056-b4df-4a42-9946-d6b50473a02f@group-D0411AA173E7-SegmentedRaftLogWorker] INFO  segmented.SegmentedRaftLogWorker (SegmentedRaftLogWorker.java:run(313)) - 1dcd8056-b4df-4a42-9946-d6b50473a02f@group-D0411AA173E7-SegmentedRaftLogWorker was interrupted, exiting. There are 0 tasks remaining in the queue.
2019-09-25 05:51:34,564 [ForkJoinPool.commonPool-worker-1] INFO  segmented.SegmentedRaftLogWorker (SegmentedRaftLogWorker.java:close(228)) - 1dcd8056-b4df-4a42-9946-d6b50473a02f@group-D0411AA173E7-SegmentedRaftLogWorker close()
2019-09-25 05:51:34,564 [ForkJoinPool.commonPool-worker-1] INFO  impl.RaftServerImpl (RaftServerImpl.java:lambda$shutdown$3(251)) - 1dcd8056-b4df-4a42-9946-d6b50473a02f@group-FB11C24DFC4D: shutdown
2019-09-25 05:51:34,564 [ForkJoinPool.commonPool-worker-1] INFO  util.JmxRegister (JmxRegister.java:unregister(73)) - Successfully un-registered JMX Bean with object name Ratis:service=RaftServer,group=group-FB11C24DFC4D,id=1dcd8056-b4df-4a42-9946-d6b50473a02f
2019-09-25 05:51:34,565 [ForkJoinPool.commonPool-worker-1] INFO  impl.RoleInfo (RoleInfo.java:shutdownLeaderState(104)) - 1dcd8056-b4df-4a42-9946-d6b50473a02f: shutdown LeaderState
2019-09-25 05:51:34,565 [ForkJoinPool.commonPool-worker-1] INFO  impl.PendingRequests (PendingRequests.java:sendNotLeaderResponses(202)) - 1dcd8056-b4df-4a42-9946-d6b50473a02f-PendingRequests: sendNotLeaderResponses
2019-09-25 05:51:34,565 [ForkJoinPool.commonPool-worker-1] INFO  impl.StateMachineUpdater (StateMachineUpdater.java:stopAndJoin(125)) - 1dcd8056-b4df-4a42-9946-d6b50473a02f@group-FB11C24DFC4D-StateMachineUpdater: set stopIndex = 0
2019-09-25 05:51:34,565 [ForkJoinPool.commonPool-worker-1] INFO  impl.RaftServerImpl (ServerState.java:close(385)) - 1dcd8056-b4df-4a42-9946-d6b50473a02f@group-FB11C24DFC4D: closes. applyIndex: 0
2019-09-25 05:51:34,566 [1dcd8056-b4df-4a42-9946-d6b50473a02f@group-FB11C24DFC4D-SegmentedRaftLogWorker] INFO  segmented.SegmentedRaftLogWorker (SegmentedRaftLogWorker.java:run(313)) - 1dcd8056-b4df-4a42-9946-d6b50473a02f@group-FB11C24DFC4D-SegmentedRaftLogWorker was interrupted, exiting. There are 0 tasks remaining in the queue.
2019-09-25 05:51:34,566 [ForkJoinPool.commonPool-worker-1] INFO  segmented.SegmentedRaftLogWorker (SegmentedRaftLogWorker.java:close(228)) - 1dcd8056-b4df-4a42-9946-d6b50473a02f@group-FB11C24DFC4D-SegmentedRaftLogWorker close()
2019-09-25 05:51:34,566 [ForkJoinPool.commonPool-worker-1] INFO  impl.RaftServerImpl (RaftServerImpl.java:lambda$shutdown$3(251)) - 1dcd8056-b4df-4a42-9946-d6b50473a02f@group-EE06D592F629: shutdown
2019-09-25 05:51:34,567 [ForkJoinPool.commonPool-worker-1] INFO  util.JmxRegister (JmxRegister.java:unregister(73)) - Successfully un-registered JMX Bean with object name Ratis:service=RaftServer,group=group-EE06D592F629,id=1dcd8056-b4df-4a42-9946-d6b50473a02f
2019-09-25 05:51:34,567 [ForkJoinPool.commonPool-worker-1] INFO  impl.RoleInfo (RoleInfo.java:shutdownLeaderState(104)) - 1dcd8056-b4df-4a42-9946-d6b50473a02f: shutdown LeaderState
2019-09-25 05:51:34,567 [ForkJoinPool.commonPool-worker-1] INFO  impl.PendingRequests (PendingRequests.java:sendNotLeaderResponses(202)) - 1dcd8056-b4df-4a42-9946-d6b50473a02f-PendingRequests: sendNotLeaderResponses
2019-09-25 05:51:34,567 [ForkJoinPool.commonPool-worker-1] INFO  impl.StateMachineUpdater (StateMachineUpdater.java:stopAndJoin(125)) - 1dcd8056-b4df-4a42-9946-d6b50473a02f@group-EE06D592F629-StateMachineUpdater: set stopIndex = 0
2019-09-25 05:51:34,568 [ForkJoinPool.commonPool-worker-1] INFO  impl.RaftServerImpl (ServerState.java:close(385)) - 1dcd8056-b4df-4a42-9946-d6b50473a02f@group-EE06D592F629: closes. applyIndex: 0
2019-09-25 05:51:34,568 [1dcd8056-b4df-4a42-9946-d6b50473a02f@group-EE06D592F629-SegmentedRaftLogWorker] INFO  segmented.SegmentedRaftLogWorker (SegmentedRaftLogWorker.java:run(313)) - 1dcd8056-b4df-4a42-9946-d6b50473a02f@group-EE06D592F629-SegmentedRaftLogWorker was interrupted, exiting. There are 0 tasks remaining in the queue.
2019-09-25 05:51:34,568 [ForkJoinPool.commonPool-worker-1] INFO  segmented.SegmentedRaftLogWorker (SegmentedRaftLogWorker.java:close(228)) - 1dcd8056-b4df-4a42-9946-d6b50473a02f@group-EE06D592F629-SegmentedRaftLogWorker close()
2019-09-25 05:51:34,569 [ForkJoinPool.commonPool-worker-1] INFO  impl.RaftServerImpl (RaftServerImpl.java:lambda$shutdown$3(251)) - 1dcd8056-b4df-4a42-9946-d6b50473a02f@group-25478124C4FA: shutdown
2019-09-25 05:51:34,569 [ForkJoinPool.commonPool-worker-1] INFO  util.JmxRegister (JmxRegister.java:unregister(73)) - Successfully un-registered JMX Bean with object name Ratis:service=RaftServer,group=group-25478124C4FA,id=1dcd8056-b4df-4a42-9946-d6b50473a02f
2019-09-25 05:51:34,569 [ForkJoinPool.commonPool-worker-1] INFO  impl.RoleInfo (RoleInfo.java:shutdownLeaderState(104)) - 1dcd8056-b4df-4a42-9946-d6b50473a02f: shutdown LeaderState
2019-09-25 05:51:34,569 [ForkJoinPool.commonPool-worker-1] INFO  impl.PendingRequests (PendingRequests.java:sendNotLeaderResponses(202)) - 1dcd8056-b4df-4a42-9946-d6b50473a02f-PendingRequests: sendNotLeaderResponses
2019-09-25 05:51:34,570 [ForkJoinPool.commonPool-worker-1] INFO  impl.StateMachineUpdater (StateMachineUpdater.java:stopAndJoin(125)) - 1dcd8056-b4df-4a42-9946-d6b50473a02f@group-25478124C4FA-StateMachineUpdater: set stopIndex = 0
2019-09-25 05:51:34,570 [ForkJoinPool.commonPool-worker-1] INFO  impl.RaftServerImpl (ServerState.java:close(385)) - 1dcd8056-b4df-4a42-9946-d6b50473a02f@group-25478124C4FA: closes. applyIndex: 0
2019-09-25 05:51:34,570 [1dcd8056-b4df-4a42-9946-d6b50473a02f@group-25478124C4FA-SegmentedRaftLogWorker] INFO  segmented.SegmentedRaftLogWorker (SegmentedRaftLogWorker.java:run(313)) - 1dcd8056-b4df-4a42-9946-d6b50473a02f@group-25478124C4FA-SegmentedRaftLogWorker was interrupted, exiting. There are 0 tasks remaining in the queue.
2019-09-25 05:51:34,571 [ForkJoinPool.commonPool-worker-1] INFO  segmented.SegmentedRaftLogWorker (SegmentedRaftLogWorker.java:close(228)) - 1dcd8056-b4df-4a42-9946-d6b50473a02f@group-25478124C4FA-SegmentedRaftLogWorker close()
2019-09-25 05:51:34,571 [ForkJoinPool.commonPool-worker-1] INFO  impl.RaftServerImpl (RaftServerImpl.java:lambda$shutdown$3(251)) - 1dcd8056-b4df-4a42-9946-d6b50473a02f@group-45EFAF3695F2: shutdown
2019-09-25 05:51:34,571 [ForkJoinPool.commonPool-worker-1] INFO  util.JmxRegister (JmxRegister.java:unregister(73)) - Successfully un-registered JMX Bean with object name Ratis:service=RaftServer,group=group-45EFAF3695F2,id=1dcd8056-b4df-4a42-9946-d6b50473a02f
2019-09-25 05:51:34,571 [ForkJoinPool.commonPool-worker-1] INFO  impl.RoleInfo (RoleInfo.java:shutdownLeaderState(104)) - 1dcd8056-b4df-4a42-9946-d6b50473a02f: shutdown LeaderState
2019-09-25 05:51:34,572 [ForkJoinPool.commonPool-worker-1] INFO  impl.PendingRequests (PendingRequests.java:sendNotLeaderResponses(202)) - 1dcd8056-b4df-4a42-9946-d6b50473a02f-PendingRequests: sendNotLeaderResponses
2019-09-25 05:51:34,572 [ForkJoinPool.commonPool-worker-1] INFO  impl.StateMachineUpdater (StateMachineUpdater.java:stopAndJoin(125)) - 1dcd8056-b4df-4a42-9946-d6b50473a02f@group-45EFAF3695F2-StateMachineUpdater: set stopIndex = 0
2019-09-25 05:51:34,572 [ForkJoinPool.commonPool-worker-1] INFO  impl.RaftServerImpl (ServerState.java:close(385)) - 1dcd8056-b4df-4a42-9946-d6b50473a02f@group-45EFAF3695F2: closes. applyIndex: 0
2019-09-25 05:51:34,573 [1dcd8056-b4df-4a42-9946-d6b50473a02f@group-45EFAF3695F2-SegmentedRaftLogWorker] INFO  segmented.SegmentedRaftLogWorker (SegmentedRaftLogWorker.java:run(313)) - 1dcd8056-b4df-4a42-9946-d6b50473a02f@group-45EFAF3695F2-SegmentedRaftLogWorker was interrupted, exiting. There are 0 tasks remaining in the queue.
2019-09-25 05:51:34,573 [ForkJoinPool.commonPool-worker-1] INFO  segmented.SegmentedRaftLogWorker (SegmentedRaftLogWorker.java:close(228)) - 1dcd8056-b4df-4a42-9946-d6b50473a02f@group-45EFAF3695F2-SegmentedRaftLogWorker close()
2019-09-25 05:51:34,573 [ForkJoinPool.commonPool-worker-1] INFO  server.GrpcService (GrpcService.java:closeImpl(164)) - 1dcd8056-b4df-4a42-9946-d6b50473a02f: shutdown server with port 37741 now
2019-09-25 05:51:34,576 [ForkJoinPool.commonPool-worker-1] INFO  server.GrpcService (GrpcService.java:closeImpl(172)) - 1dcd8056-b4df-4a42-9946-d6b50473a02f: shutdown server with port 37741 successfully
2019-09-25 05:51:34,578 [refreshUsed-/workdir/hadoop-ozone/integration-test/target/test-dir/MiniOzoneClusterImpl-6389a31f-e1b2-4948-a777-3ab81d592f44/datanode-5/data/containers] WARN  fs.CachingGetSpaceUsed (CachingGetSpaceUsed.java:run(183)) - Thread Interrupted waiting to refresh disk information: sleep interrupted
2019-09-25 05:51:34,594 [ForkJoinPool.commonPool-worker-1] INFO  utils.BackgroundService (BackgroundService.java:shutdown(148)) - Shutting down service BlockDeletingService
2019-09-25 05:51:34,601 [ForkJoinPool.commonPool-worker-1] INFO  statemachine.DatanodeStateMachine (DatanodeStateMachine.java:stopDaemon(395)) - Ozone container server stopped.
2019-09-25 05:51:34,609 [ForkJoinPool.commonPool-worker-1] INFO  handler.ContextHandler (ContextHandler.java:doStop(910)) - Stopped o.e.j.w.WebAppContext@139089a4{/,null,UNAVAILABLE}{/hddsDatanode}
2019-09-25 05:51:34,609 [ForkJoinPool.commonPool-worker-1] INFO  server.AbstractConnector (AbstractConnector.java:doStop(318)) - Stopped ServerConnector@6a6e9289{HTTP/1.1,[http/1.1]}{0.0.0.0:0}
2019-09-25 05:51:34,611 [ForkJoinPool.commonPool-worker-1] INFO  handler.ContextHandler (ContextHandler.java:doStop(910)) - Stopped o.e.j.s.ServletContextHandler@1d3a03fe{/static,jar:file:/home/user/.m2/repository/org/apache/hadoop/hadoop-hdds-container-service/0.5.0-SNAPSHOT/hadoop-hdds-container-service-0.5.0-SNAPSHOT.jar!/webapps/static,UNAVAILABLE}
2019-09-25 05:51:34,614 [ForkJoinPool.commonPool-worker-1] INFO  handler.ContextHandler (ContextHandler.java:doStop(910)) - Stopped o.e.j.s.ServletContextHandler@69a73867{/logs,file:///workdir/hadoop-ozone/integration-test/target/log,UNAVAILABLE}
2019-09-25 05:51:34,614 [main] INFO  ozone.MiniOzoneClusterImpl (MiniOzoneClusterImpl.java:stopSCM(392)) - Stopping the StorageContainerManager
2019-09-25 05:51:34,614 [main] INFO  server.StorageContainerManager (StorageContainerManager.java:stop(808)) - Stopping Replication Manager Service.
2019-09-25 05:51:34,615 [main] INFO  container.ReplicationManager (ReplicationManager.java:stop(204)) - Stopping Replication Monitor Thread.
2019-09-25 05:51:34,615 [main] INFO  server.StorageContainerManager (StorageContainerManager.java:stop(815)) - Stopping Lease Manager of the command watchers
2019-09-25 05:51:34,615 [main] INFO  server.StorageContainerManager (StorageContainerManager.java:stop(822)) - Stopping datanode service RPC server
2019-09-25 05:51:34,615 [main] INFO  server.SCMDatanodeProtocolServer (SCMDatanodeProtocolServer.java:stop(367)) - Stopping the RPC server for DataNodes
2019-09-25 05:51:34,615 [main] INFO  ipc.Server (Server.java:stop(3082)) - Stopping server on 36663
2019-09-25 05:51:34,619 [IPC Server listener on 36663] INFO  ipc.Server (Server.java:run(1185)) - Stopping IPC Server listener on 36663
2019-09-25 05:51:34,619 [IPC Server Responder] INFO  ipc.Server (Server.java:run(1319)) - Stopping IPC Server Responder
2019-09-25 05:51:34,626 [SCM Heartbeat Processing Thread - 0] WARN  node.NodeStateManager (NodeStateManager.java:scheduleNextHealthCheck(655)) - Current Thread is interrupted, shutting down HB processing thread for Node Manager.
2019-09-25 05:51:34,627 [main] INFO  server.StorageContainerManager (StorageContainerManager.java:stop(830)) - Stopping block service RPC server
2019-09-25 05:51:34,627 [main] INFO  server.SCMBlockProtocolServer (SCMBlockProtocolServer.java:stop(155)) - Stopping the RPC server for Block Protocol
2019-09-25 05:51:34,627 [main] INFO  ipc.Server (Server.java:stop(3082)) - Stopping server on 39688
2019-09-25 05:51:34,630 [IPC Server listener on 39688] INFO  ipc.Server (Server.java:run(1185)) - Stopping IPC Server listener on 39688
2019-09-25 05:51:34,630 [main] INFO  server.StorageContainerManager (StorageContainerManager.java:stop(837)) - Stopping the StorageContainerLocationProtocol RPC server
2019-09-25 05:51:34,632 [main] INFO  server.SCMClientProtocolServer (SCMClientProtocolServer.java:stop(159)) - Stopping the RPC server for Client Protocol
2019-09-25 05:51:34,630 [IPC Server Responder] INFO  ipc.Server (Server.java:run(1319)) - Stopping IPC Server Responder
2019-09-25 05:51:34,633 [main] INFO  ipc.Server (Server.java:stop(3082)) - Stopping server on 37775
2019-09-25 05:51:34,636 [IPC Server listener on 37775] INFO  ipc.Server (Server.java:run(1185)) - Stopping IPC Server listener on 37775
2019-09-25 05:51:34,636 [IPC Server Responder] INFO  ipc.Server (Server.java:run(1319)) - Stopping IPC Server Responder
2019-09-25 05:51:34,636 [main] INFO  server.StorageContainerManager (StorageContainerManager.java:stop(844)) - Stopping Storage Container Manager HTTP server.
2019-09-25 05:51:34,639 [main] INFO  handler.ContextHandler (ContextHandler.java:doStop(910)) - Stopped o.e.j.w.WebAppContext@7ba06506{/,null,UNAVAILABLE}{/scm}
2019-09-25 05:51:34,639 [main] INFO  server.AbstractConnector (AbstractConnector.java:doStop(318)) - Stopped ServerConnector@63dc3420{HTTP/1.1,[http/1.1]}{0.0.0.0:0}
2019-09-25 05:51:34,640 [main] INFO  handler.ContextHandler (ContextHandler.java:doStop(910)) - Stopped o.e.j.s.ServletContextHandler@502c087e{/static,file:///workdir/hadoop-ozone/integration-test/target/test-classes/webapps/static,UNAVAILABLE}
2019-09-25 05:51:34,640 [main] INFO  handler.ContextHandler (ContextHandler.java:doStop(910)) - Stopped o.e.j.s.ServletContextHandler@4403bff8{/logs,file:///workdir/hadoop-ozone/integration-test/target/log,UNAVAILABLE}
2019-09-25 05:51:34,640 [main] INFO  server.StorageContainerManager (StorageContainerManager.java:stop(855)) - Stopping Block Manager Service.
2019-09-25 05:51:34,641 [main] INFO  utils.BackgroundService (BackgroundService.java:shutdown(148)) - Shutting down service SCMBlockDeletingService
2019-09-25 05:51:34,641 [main] INFO  utils.BackgroundService (BackgroundService.java:shutdown(148)) - Shutting down service SCMBlockDeletingService
2019-09-25 05:51:34,641 [main] INFO  server.StorageContainerManager (StorageContainerManager.java:stop(877)) - Stopping SCM Event Queue.
2019-09-25 05:51:34,644 [main] INFO  impl.MetricsSystemImpl (MetricsSystemImpl.java:stop(210)) - Stopping HddsDatanode metrics system...
2019-09-25 05:51:34,705 [main] INFO  impl.MetricsSystemImpl (MetricsSystemImpl.java:stop(216)) - HddsDatanode metrics system stopped.
]]></system-out>
  </testcase>
</testsuite>